<?xml version="1.0" encoding="UTF-8"?>
<testsuite xmlns:xsi="http://www.w3.org/2001/XMLSchema-instance" xsi:noNamespaceSchemaLocation="https://maven.apache.org/surefire/maven-surefire-plugin/xsd/surefire-test-report.xsd" name="org.apache.hadoop.ozone.client.rpc.TestBlockOutputStreamWithFailures" time="681.673" tests="8" errors="0" skipped="0" failures="2">
  <properties>
    <property name="awt.toolkit" value="sun.awt.X11.XToolkit"/>
    <property name="file.encoding.pkg" value="sun.io"/>
    <property name="java.specification.version" value="1.8"/>
    <property name="sun.cpu.isalist" value=""/>
    <property name="sun.jnu.encoding" value="UTF-8"/>
    <property name="java.class.path" value="/workdir/hadoop-ozone/integration-test/target/test-classes:/workdir/hadoop-ozone/integration-test/target/classes:/home/user/.m2/repository/org/apache/hadoop/hadoop-ozone-common/0.4.1-SNAPSHOT/hadoop-ozone-common-0.4.1-SNAPSHOT.jar:/home/user/.m2/repository/org/apache/commons/commons-compress/1.4.1/commons-compress-1.4.1.jar:/home/user/.m2/repository/org/tukaani/xz/1.0/xz-1.0.jar:/home/user/.m2/repository/org/apache/hadoop/hadoop-common/3.2.0/hadoop-common-3.2.0.jar:/home/user/.m2/repository/org/apache/hadoop/hadoop-hdfs/3.2.0/hadoop-hdfs-3.2.0.jar:/home/user/.m2/repository/org/apache/hadoop/hadoop-hdfs-client/3.2.0/hadoop-hdfs-client-3.2.0.jar:/home/user/.m2/repository/com/fasterxml/jackson/core/jackson-annotations/2.9.5/jackson-annotations-2.9.5.jar:/home/user/.m2/repository/org/apache/hadoop/hadoop-hdds-common/0.4.1-SNAPSHOT/hadoop-hdds-common-0.4.1-SNAPSHOT.jar:/home/user/.m2/repository/javax/annotation/javax.annotation-api/1.2/javax.annotation-api-1.2.jar:/home/user/.m2/repository/org/apache/ratis/ratis-server/0.4.0-2337318-SNAPSHOT/ratis-server-0.4.0-2337318-SNAPSHOT.jar:/home/user/.m2/repository/org/apache/ratis/ratis-thirdparty-misc/0.2.0/ratis-thirdparty-misc-0.2.0.jar:/home/user/.m2/repository/org/apache/ratis/ratis-proto/0.4.0-2337318-SNAPSHOT/ratis-proto-0.4.0-2337318-SNAPSHOT.jar:/home/user/.m2/repository/org/apache/ratis/ratis-common/0.4.0-2337318-SNAPSHOT/ratis-common-0.4.0-2337318-SNAPSHOT.jar:/home/user/.m2/repository/org/apache/ratis/ratis-client/0.4.0-2337318-SNAPSHOT/ratis-client-0.4.0-2337318-SNAPSHOT.jar:/home/user/.m2/repository/org/apache/ratis/ratis-metrics/0.4.0-2337318-SNAPSHOT/ratis-metrics-0.4.0-2337318-SNAPSHOT.jar:/home/user/.m2/repository/org/apache/ratis/ratis-netty/0.4.0-2337318-SNAPSHOT/ratis-netty-0.4.0-2337318-SNAPSHOT.jar:/home/user/.m2/repository/org/apache/ratis/ratis-grpc/0.4.0-2337318-SNAPSHOT/ratis-grpc-0.4.0-2337318-SNAPSHOT.jar:/home/user/.m2/repository/org/rocksdb/rocksdbjni/6.0.1/rocksdbjni-6.0.1.jar:/home/user/.m2/repository/org/apache/logging/log4j/log4j-api/2.11.0/log4j-api-2.11.0.jar:/home/user/.m2/repository/org/apache/logging/log4j/log4j-core/2.11.0/log4j-core-2.11.0.jar:/home/user/.m2/repository/com/lmax/disruptor/3.4.2/disruptor-3.4.2.jar:/home/user/.m2/repository/org/apache/commons/commons-pool2/2.6.0/commons-pool2-2.6.0.jar:/home/user/.m2/repository/org/bouncycastle/bcpkix-jdk15on/1.60/bcpkix-jdk15on-1.60.jar:/home/user/.m2/repository/commons-validator/commons-validator/1.6/commons-validator-1.6.jar:/home/user/.m2/repository/commons-digester/commons-digester/1.8.1/commons-digester-1.8.1.jar:/home/user/.m2/repository/io/jaegertracing/jaeger-client/0.33.1/jaeger-client-0.33.1.jar:/home/user/.m2/repository/io/jaegertracing/jaeger-thrift/0.33.1/jaeger-thrift-0.33.1.jar:/home/user/.m2/repository/org/apache/thrift/libthrift/0.11.0/libthrift-0.11.0.jar:/home/user/.m2/repository/com/squareup/okhttp3/okhttp/3.9.0/okhttp-3.9.0.jar:/home/user/.m2/repository/com/squareup/okio/okio/1.13.0/okio-1.13.0.jar:/home/user/.m2/repository/io/jaegertracing/jaeger-core/0.33.1/jaeger-core-0.33.1.jar:/home/user/.m2/repository/io/jaegertracing/jaeger-tracerresolver/0.33.1/jaeger-tracerresolver-0.33.1.jar:/home/user/.m2/repository/io/opentracing/contrib/opentracing-tracerresolver/0.1.5/opentracing-tracerresolver-0.1.5.jar:/home/user/.m2/repository/io/opentracing/opentracing-util/0.31.0/opentracing-util-0.31.0.jar:/home/user/.m2/repository/io/opentracing/opentracing-api/0.31.0/opentracing-api-0.31.0.jar:/home/user/.m2/repository/io/opentracing/opentracing-noop/0.31.0/opentracing-noop-0.31.0.jar:/home/user/.m2/repository/org/apache/hadoop/hadoop-hdds-server-framework/0.4.1-SNAPSHOT/hadoop-hdds-server-framework-0.4.1-SNAPSHOT.jar:/home/user/.m2/repository/org/apache/hadoop/hadoop-hdds-container-service/0.4.1-SNAPSHOT/hadoop-hdds-container-service-0.4.1-SNAPSHOT.jar:/home/user/.m2/repository/org/apache/hadoop/hadoop-hdds-client/0.4.1-SNAPSHOT/hadoop-hdds-client-0.4.1-SNAPSHOT.jar:/home/user/.m2/repository/org/apache/hadoop/hadoop-hdds-tools/0.4.1-SNAPSHOT/hadoop-hdds-tools-0.4.1-SNAPSHOT.jar:/home/user/.m2/repository/org/apache/hadoop/hadoop-hdds-server-scm/0.4.1-SNAPSHOT/hadoop-hdds-server-scm-0.4.1-SNAPSHOT.jar:/home/user/.m2/repository/org/apache/hadoop/hadoop-hdds-docs/0.4.1-SNAPSHOT/hadoop-hdds-docs-0.4.1-SNAPSHOT.jar:/home/user/.m2/repository/io/dropwizard/metrics/metrics-core/3.2.4/metrics-core-3.2.4.jar:/home/user/.m2/repository/org/hamcrest/hamcrest-all/1.3/hamcrest-all-1.3.jar:/home/user/.m2/repository/org/bouncycastle/bcprov-jdk15on/1.60/bcprov-jdk15on-1.60.jar:/home/user/.m2/repository/info/picocli/picocli/3.9.6/picocli-3.9.6.jar:/home/user/.m2/repository/com/google/protobuf/protobuf-java/2.5.0/protobuf-java-2.5.0.jar:/home/user/.m2/repository/com/google/guava/guava/11.0.2/guava-11.0.2.jar:/home/user/.m2/repository/org/apache/hadoop/hadoop-ozone-ozone-manager/0.4.1-SNAPSHOT/hadoop-ozone-ozone-manager-0.4.1-SNAPSHOT.jar:/home/user/.m2/repository/org/apache/hadoop/hadoop-minikdc/3.2.0/hadoop-minikdc-3.2.0.jar:/home/user/.m2/repository/commons-io/commons-io/2.5/commons-io-2.5.jar:/home/user/.m2/repository/org/apache/kerby/kerb-simplekdc/1.0.1/kerb-simplekdc-1.0.1.jar:/home/user/.m2/repository/org/apache/kerby/kerb-client/1.0.1/kerb-client-1.0.1.jar:/home/user/.m2/repository/org/apache/kerby/kerby-config/1.0.1/kerby-config-1.0.1.jar:/home/user/.m2/repository/org/apache/kerby/kerb-core/1.0.1/kerb-core-1.0.1.jar:/home/user/.m2/repository/org/apache/kerby/kerby-pkix/1.0.1/kerby-pkix-1.0.1.jar:/home/user/.m2/repository/org/apache/kerby/kerby-asn1/1.0.1/kerby-asn1-1.0.1.jar:/home/user/.m2/repository/org/apache/kerby/kerby-util/1.0.1/kerby-util-1.0.1.jar:/home/user/.m2/repository/org/apache/kerby/kerb-common/1.0.1/kerb-common-1.0.1.jar:/home/user/.m2/repository/org/apache/kerby/kerb-crypto/1.0.1/kerb-crypto-1.0.1.jar:/home/user/.m2/repository/org/apache/kerby/kerb-util/1.0.1/kerb-util-1.0.1.jar:/home/user/.m2/repository/org/apache/kerby/token-provider/1.0.1/token-provider-1.0.1.jar:/home/user/.m2/repository/org/apache/kerby/kerb-admin/1.0.1/kerb-admin-1.0.1.jar:/home/user/.m2/repository/org/apache/kerby/kerb-server/1.0.1/kerb-server-1.0.1.jar:/home/user/.m2/repository/org/apache/kerby/kerb-identity/1.0.1/kerb-identity-1.0.1.jar:/home/user/.m2/repository/org/apache/kerby/kerby-xdr/1.0.1/kerby-xdr-1.0.1.jar:/home/user/.m2/repository/org/slf4j/slf4j-log4j12/1.7.25/slf4j-log4j12-1.7.25.jar:/home/user/.m2/repository/org/apache/hadoop/hadoop-ozone-objectstore-service/0.4.1-SNAPSHOT/hadoop-ozone-objectstore-service-0.4.1-SNAPSHOT.jar:/home/user/.m2/repository/org/apache/hadoop/hadoop-ozone-s3gateway/0.4.1-SNAPSHOT/hadoop-ozone-s3gateway-0.4.1-SNAPSHOT.jar:/home/user/.m2/repository/org/jboss/weld/servlet/weld-servlet/2.4.7.Final/weld-servlet-2.4.7.Final.jar:/home/user/.m2/repository/org/glassfish/jersey/containers/jersey-container-servlet-core/2.27/jersey-container-servlet-core-2.27.jar:/home/user/.m2/repository/org/glassfish/hk2/external/javax.inject/2.5.0-b42/javax.inject-2.5.0-b42.jar:/home/user/.m2/repository/org/glassfish/jersey/core/jersey-common/2.27/jersey-common-2.27.jar:/home/user/.m2/repository/org/glassfish/hk2/osgi-resource-locator/1.0.1/osgi-resource-locator-1.0.1.jar:/home/user/.m2/repository/javax/ws/rs/javax.ws.rs-api/2.1/javax.ws.rs-api-2.1.jar:/home/user/.m2/repository/org/glassfish/jersey/ext/cdi/jersey-cdi1x/2.27/jersey-cdi1x-2.27.jar:/home/user/.m2/repository/org/glassfish/jersey/inject/jersey-hk2/2.27/jersey-hk2-2.27.jar:/home/user/.m2/repository/org/glassfish/hk2/hk2-locator/2.5.0-b42/hk2-locator-2.5.0-b42.jar:/home/user/.m2/repository/org/javassist/javassist/3.22.0-CR2/javassist-3.22.0-CR2.jar:/home/user/.m2/repository/org/glassfish/hk2/hk2-api/2.5.0/hk2-api-2.5.0.jar:/home/user/.m2/repository/org/glassfish/hk2/external/jakarta.inject/2.5.0/jakarta.inject-2.5.0.jar:/home/user/.m2/repository/org/glassfish/hk2/hk2-utils/2.5.0/hk2-utils-2.5.0.jar:/home/user/.m2/repository/jakarta/annotation/jakarta.annotation-api/1.3.4/jakarta.annotation-api-1.3.4.jar:/home/user/.m2/repository/org/glassfish/hk2/external/aopalliance-repackaged/2.5.0/aopalliance-repackaged-2.5.0.jar:/home/user/.m2/repository/com/fasterxml/jackson/dataformat/jackson-dataformat-xml/2.9.0/jackson-dataformat-xml-2.9.0.jar:/home/user/.m2/repository/com/fasterxml/jackson/core/jackson-core/2.9.5/jackson-core-2.9.5.jar:/home/user/.m2/repository/com/fasterxml/jackson/module/jackson-module-jaxb-annotations/2.9.5/jackson-module-jaxb-annotations-2.9.5.jar:/home/user/.m2/repository/javax/enterprise/cdi-api/1.2/cdi-api-1.2.jar:/home/user/.m2/repository/javax/el/javax.el-api/3.0.0/javax.el-api-3.0.0.jar:/home/user/.m2/repository/javax/interceptor/javax.interceptor-api/1.2/javax.interceptor-api-1.2.jar:/home/user/.m2/repository/javax/inject/javax.inject/1/javax.inject-1.jar:/home/user/.m2/repository/com/sun/xml/bind/jaxb-impl/2.3.0.1/jaxb-impl-2.3.0.1.jar:/home/user/.m2/repository/com/sun/xml/bind/jaxb-core/2.3.0.1/jaxb-core-2.3.0.1.jar:/home/user/.m2/repository/javax/xml/bind/jaxb-api/2.3.0/jaxb-api-2.3.0.jar:/home/user/.m2/repository/javax/activation/activation/1.1.1/activation-1.1.1.jar:/home/user/.m2/repository/org/apache/hadoop/hadoop-ozone-csi/0.4.1-SNAPSHOT/hadoop-ozone-csi-0.4.1-SNAPSHOT.jar:/home/user/.m2/repository/com/google/protobuf/protobuf-java-util/3.5.1/protobuf-java-util-3.5.1.jar:/home/user/.m2/repository/org/apache/hadoop/hadoop-hdds-config/0.4.1-SNAPSHOT/hadoop-hdds-config-0.4.1-SNAPSHOT.jar:/home/user/.m2/repository/io/grpc/grpc-netty/1.17.1/grpc-netty-1.17.1.jar:/home/user/.m2/repository/io/grpc/grpc-core/1.17.1/grpc-core-1.17.1.jar:/home/user/.m2/repository/io/grpc/grpc-context/1.17.1/grpc-context-1.17.1.jar:/home/user/.m2/repository/com/google/errorprone/error_prone_annotations/2.2.0/error_prone_annotations-2.2.0.jar:/home/user/.m2/repository/org/codehaus/mojo/animal-sniffer-annotations/1.17/animal-sniffer-annotations-1.17.jar:/home/user/.m2/repository/io/opencensus/opencensus-api/0.17.0/opencensus-api-0.17.0.jar:/home/user/.m2/repository/io/opencensus/opencensus-contrib-grpc-metrics/0.17.0/opencensus-contrib-grpc-metrics-0.17.0.jar:/home/user/.m2/repository/io/netty/netty-codec-http2/4.1.30.Final/netty-codec-http2-4.1.30.Final.jar:/home/user/.m2/repository/io/netty/netty-codec-http/4.1.30.Final/netty-codec-http-4.1.30.Final.jar:/home/user/.m2/repository/io/netty/netty-codec/4.1.30.Final/netty-codec-4.1.30.Final.jar:/home/user/.m2/repository/io/netty/netty-handler/4.1.30.Final/netty-handler-4.1.30.Final.jar:/home/user/.m2/repository/io/netty/netty-handler-proxy/4.1.30.Final/netty-handler-proxy-4.1.30.Final.jar:/home/user/.m2/repository/io/netty/netty-codec-socks/4.1.30.Final/netty-codec-socks-4.1.30.Final.jar:/home/user/.m2/repository/io/netty/netty-transport-native-epoll/4.1.30.Final/netty-transport-native-epoll-4.1.30.Final.jar:/home/user/.m2/repository/io/netty/netty-common/4.1.30.Final/netty-common-4.1.30.Final.jar:/home/user/.m2/repository/io/netty/netty-buffer/4.1.30.Final/netty-buffer-4.1.30.Final.jar:/home/user/.m2/repository/io/netty/netty-transport/4.1.30.Final/netty-transport-4.1.30.Final.jar:/home/user/.m2/repository/io/netty/netty-resolver/4.1.30.Final/netty-resolver-4.1.30.Final.jar:/home/user/.m2/repository/io/netty/netty-transport-native-unix-common/4.1.30.Final/netty-transport-native-unix-common-4.1.30.Final.jar:/home/user/.m2/repository/io/grpc/grpc-protobuf/1.17.1/grpc-protobuf-1.17.1.jar:/home/user/.m2/repository/com/google/api/grpc/proto-google-common-protos/1.0.0/proto-google-common-protos-1.0.0.jar:/home/user/.m2/repository/io/grpc/grpc-protobuf-lite/1.17.1/grpc-protobuf-lite-1.17.1.jar:/home/user/.m2/repository/io/grpc/grpc-stub/1.17.1/grpc-stub-1.17.1.jar:/home/user/.m2/repository/org/apache/hadoop/hadoop-ozone-recon/0.4.1-SNAPSHOT/hadoop-ozone-recon-0.4.1-SNAPSHOT.jar:/home/user/.m2/repository/org/apache/hadoop/hadoop-ozone-reconcodegen/0.4.1-SNAPSHOT/hadoop-ozone-reconcodegen-0.4.1-SNAPSHOT.jar:/home/user/.m2/repository/com/google/inject/extensions/guice-multibindings/4.0/guice-multibindings-4.0.jar:/home/user/.m2/repository/com/google/inject/guice/4.0/guice-4.0.jar:/home/user/.m2/repository/aopalliance/aopalliance/1.0/aopalliance-1.0.jar:/home/user/.m2/repository/com/google/inject/extensions/guice-servlet/4.0/guice-servlet-4.0.jar:/home/user/.m2/repository/org/glassfish/jersey/containers/jersey-container-servlet/2.27/jersey-container-servlet-2.27.jar:/home/user/.m2/repository/org/glassfish/hk2/guice-bridge/2.5.0/guice-bridge-2.5.0.jar:/home/user/.m2/repository/org/glassfish/jersey/core/jersey-server/2.27/jersey-server-2.27.jar:/home/user/.m2/repository/org/glassfish/jersey/core/jersey-client/2.27/jersey-client-2.27.jar:/home/user/.m2/repository/org/glassfish/jersey/media/jersey-media-jaxb/2.27/jersey-media-jaxb-2.27.jar:/home/user/.m2/repository/javax/validation/validation-api/1.1.0.Final/validation-api-1.1.0.Final.jar:/home/user/.m2/repository/org/glassfish/jersey/media/jersey-media-json-jackson/2.27/jersey-media-json-jackson-2.27.jar:/home/user/.m2/repository/org/glassfish/jersey/ext/jersey-entity-filtering/2.27/jersey-entity-filtering-2.27.jar:/home/user/.m2/repository/com/google/inject/extensions/guice-assistedinject/4.0/guice-assistedinject-4.0.jar:/home/user/.m2/repository/org/jooq/jooq/3.11.10/jooq-3.11.10.jar:/home/user/.m2/repository/org/jooq/jooq-meta/3.11.10/jooq-meta-3.11.10.jar:/home/user/.m2/repository/org/jooq/jooq-codegen/3.11.10/jooq-codegen-3.11.10.jar:/home/user/.m2/repository/com/jolbox/bonecp/0.8.0.RELEASE/bonecp-0.8.0.RELEASE.jar:/home/user/.m2/repository/org/xerial/sqlite-jdbc/3.25.2/sqlite-jdbc-3.25.2.jar:/home/user/.m2/repository/org/springframework/spring-jdbc/5.1.3.RELEASE/spring-jdbc-5.1.3.RELEASE.jar:/home/user/.m2/repository/org/springframework/spring-beans/5.1.3.RELEASE/spring-beans-5.1.3.RELEASE.jar:/home/user/.m2/repository/org/springframework/spring-core/5.1.3.RELEASE/spring-core-5.1.3.RELEASE.jar:/home/user/.m2/repository/org/springframework/spring-jcl/5.1.3.RELEASE/spring-jcl-5.1.3.RELEASE.jar:/home/user/.m2/repository/org/springframework/spring-tx/5.1.3.RELEASE/spring-tx-5.1.3.RELEASE.jar:/home/user/.m2/repository/org/apache/hadoop/hadoop-ozone-client/0.4.1-SNAPSHOT/hadoop-ozone-client-0.4.1-SNAPSHOT.jar:/home/user/.m2/repository/commons-lang/commons-lang/2.6/commons-lang-2.6.jar:/home/user/.m2/repository/org/apache/hadoop/hadoop-ozone-ozone-manager/0.4.1-SNAPSHOT/hadoop-ozone-ozone-manager-0.4.1-SNAPSHOT-tests.jar:/home/user/.m2/repository/junit/junit/4.11/junit-4.11.jar:/home/user/.m2/repository/org/hamcrest/hamcrest-core/1.3/hamcrest-core-1.3.jar:/home/user/.m2/repository/org/openjdk/jmh/jmh-core/1.19/jmh-core-1.19.jar:/home/user/.m2/repository/net/sf/jopt-simple/jopt-simple/4.6/jopt-simple-4.6.jar:/home/user/.m2/repository/org/apache/commons/commons-math3/3.1.1/commons-math3-3.1.1.jar:/home/user/.m2/repository/org/openjdk/jmh/jmh-generator-annprocess/1.19/jmh-generator-annprocess-1.19.jar:/home/user/.m2/repository/org/mockito/mockito-all/1.8.5/mockito-all-1.8.5.jar:/home/user/.m2/repository/org/apache/hadoop/hadoop-kms/3.2.0/hadoop-kms-3.2.0.jar:/home/user/.m2/repository/org/apache/hadoop/hadoop-auth/3.2.0/hadoop-auth-3.2.0.jar:/home/user/.m2/repository/com/nimbusds/nimbus-jose-jwt/4.41.1/nimbus-jose-jwt-4.41.1.jar:/home/user/.m2/repository/com/github/stephenc/jcip/jcip-annotations/1.0-1/jcip-annotations-1.0-1.jar:/home/user/.m2/repository/net/minidev/json-smart/2.3/json-smart-2.3.jar:/home/user/.m2/repository/net/minidev/accessors-smart/1.2/accessors-smart-1.2.jar:/home/user/.m2/repository/org/ow2/asm/asm/5.0.4/asm-5.0.4.jar:/home/user/.m2/repository/org/apache/curator/curator-framework/2.12.0/curator-framework-2.12.0.jar:/home/user/.m2/repository/com/sun/jersey/jersey-core/1.19/jersey-core-1.19.jar:/home/user/.m2/repository/javax/ws/rs/jsr311-api/1.1.1/jsr311-api-1.1.1.jar:/home/user/.m2/repository/com/sun/jersey/jersey-server/1.19/jersey-server-1.19.jar:/home/user/.m2/repository/javax/servlet/javax.servlet-api/3.1.0/javax.servlet-api-3.1.0.jar:/home/user/.m2/repository/org/eclipse/jetty/jetty-server/9.3.24.v20180605/jetty-server-9.3.24.v20180605.jar:/home/user/.m2/repository/org/eclipse/jetty/jetty-http/9.3.24.v20180605/jetty-http-9.3.24.v20180605.jar:/home/user/.m2/repository/org/eclipse/jetty/jetty-io/9.3.24.v20180605/jetty-io-9.3.24.v20180605.jar:/home/user/.m2/repository/org/eclipse/jetty/jetty-webapp/9.3.24.v20180605/jetty-webapp-9.3.24.v20180605.jar:/home/user/.m2/repository/org/eclipse/jetty/jetty-xml/9.3.24.v20180605/jetty-xml-9.3.24.v20180605.jar:/home/user/.m2/repository/log4j/log4j/1.2.17/log4j-1.2.17.jar:/home/user/.m2/repository/org/slf4j/slf4j-api/1.7.25/slf4j-api-1.7.25.jar:/home/user/.m2/repository/org/slf4j/jul-to-slf4j/1.7.25/jul-to-slf4j-1.7.25.jar:/home/user/.m2/repository/org/eclipse/jetty/jetty-util/9.3.24.v20180605/jetty-util-9.3.24.v20180605.jar:/home/user/.m2/repository/com/fasterxml/jackson/core/jackson-databind/2.9.5/jackson-databind-2.9.5.jar:/home/user/.m2/repository/org/apache/hadoop/hadoop-kms/3.2.0/hadoop-kms-3.2.0-tests.jar:/home/user/.m2/repository/org/apache/hadoop/hadoop-hdds-server-scm/0.4.1-SNAPSHOT/hadoop-hdds-server-scm-0.4.1-SNAPSHOT-tests.jar:/home/user/.m2/repository/org/apache/hadoop/hadoop-hdds-container-service/0.4.1-SNAPSHOT/hadoop-hdds-container-service-0.4.1-SNAPSHOT-tests.jar:/home/user/.m2/repository/org/yaml/snakeyaml/1.16/snakeyaml-1.16.jar:/home/user/.m2/repository/org/apache/hadoop/hadoop-common/3.2.0/hadoop-common-3.2.0-tests.jar:/home/user/.m2/repository/org/apache/hadoop/hadoop-annotations/3.2.0/hadoop-annotations-3.2.0.jar:/usr/lib/jvm/java-1.8-openjdk/jre/../lib/tools.jar:/home/user/.m2/repository/commons-cli/commons-cli/1.2/commons-cli-1.2.jar:/home/user/.m2/repository/org/apache/httpcomponents/httpclient/4.5.2/httpclient-4.5.2.jar:/home/user/.m2/repository/org/apache/httpcomponents/httpcore/4.4.4/httpcore-4.4.4.jar:/home/user/.m2/repository/commons-codec/commons-codec/1.11/commons-codec-1.11.jar:/home/user/.m2/repository/commons-net/commons-net/3.6/commons-net-3.6.jar:/home/user/.m2/repository/commons-collections/commons-collections/3.2.2/commons-collections-3.2.2.jar:/home/user/.m2/repository/org/eclipse/jetty/jetty-servlet/9.3.24.v20180605/jetty-servlet-9.3.24.v20180605.jar:/home/user/.m2/repository/org/eclipse/jetty/jetty-security/9.3.24.v20180605/jetty-security-9.3.24.v20180605.jar:/home/user/.m2/repository/javax/servlet/jsp/jsp-api/2.1/jsp-api-2.1.jar:/home/user/.m2/repository/com/sun/jersey/jersey-servlet/1.19/jersey-servlet-1.19.jar:/home/user/.m2/repository/com/sun/jersey/jersey-json/1.19/jersey-json-1.19.jar:/home/user/.m2/repository/org/codehaus/jettison/jettison/1.1/jettison-1.1.jar:/home/user/.m2/repository/org/codehaus/jackson/jackson-core-asl/1.9.13/jackson-core-asl-1.9.13.jar:/home/user/.m2/repository/org/codehaus/jackson/jackson-mapper-asl/1.9.13/jackson-mapper-asl-1.9.13.jar:/home/user/.m2/repository/org/codehaus/jackson/jackson-jaxrs/1.9.13/jackson-jaxrs-1.9.13.jar:/home/user/.m2/repository/org/codehaus/jackson/jackson-xc/1.9.13/jackson-xc-1.9.13.jar:/home/user/.m2/repository/commons-logging/commons-logging/1.1.3/commons-logging-1.1.3.jar:/home/user/.m2/repository/commons-beanutils/commons-beanutils/1.9.3/commons-beanutils-1.9.3.jar:/home/user/.m2/repository/org/apache/commons/commons-configuration2/2.1.1/commons-configuration2-2.1.1.jar:/home/user/.m2/repository/org/apache/commons/commons-lang3/3.7/commons-lang3-3.7.jar:/home/user/.m2/repository/org/apache/commons/commons-text/1.4/commons-text-1.4.jar:/home/user/.m2/repository/org/apache/avro/avro/1.7.7/avro-1.7.7.jar:/home/user/.m2/repository/com/thoughtworks/paranamer/paranamer/2.3/paranamer-2.3.jar:/home/user/.m2/repository/org/xerial/snappy/snappy-java/1.0.5/snappy-java-1.0.5.jar:/home/user/.m2/repository/com/google/re2j/re2j/1.1/re2j-1.1.jar:/home/user/.m2/repository/com/google/code/gson/gson/2.2.4/gson-2.2.4.jar:/home/user/.m2/repository/com/jcraft/jsch/0.1.54/jsch-0.1.54.jar:/home/user/.m2/repository/org/apache/curator/curator-client/2.12.0/curator-client-2.12.0.jar:/home/user/.m2/repository/org/apache/curator/curator-recipes/2.12.0/curator-recipes-2.12.0.jar:/home/user/.m2/repository/com/google/code/findbugs/jsr305/3.0.0/jsr305-3.0.0.jar:/home/user/.m2/repository/org/apache/htrace/htrace-core4/4.1.0-incubating/htrace-core4-4.1.0-incubating.jar:/home/user/.m2/repository/org/apache/zookeeper/zookeeper/3.4.13/zookeeper-3.4.13.jar:/home/user/.m2/repository/org/apache/yetus/audience-annotations/0.5.0/audience-annotations-0.5.0.jar:/home/user/.m2/repository/org/codehaus/woodstox/stax2-api/3.1.4/stax2-api-3.1.4.jar:/home/user/.m2/repository/com/fasterxml/woodstox/woodstox-core/5.0.3/woodstox-core-5.0.3.jar:/home/user/.m2/repository/dnsjava/dnsjava/2.1.7/dnsjava-2.1.7.jar:/home/user/.m2/repository/org/apache/hadoop/hadoop-hdfs/3.2.0/hadoop-hdfs-3.2.0-tests.jar:/home/user/.m2/repository/org/eclipse/jetty/jetty-util-ajax/9.3.24.v20180605/jetty-util-ajax-9.3.24.v20180605.jar:/home/user/.m2/repository/commons-daemon/commons-daemon/1.0.13/commons-daemon-1.0.13.jar:/home/user/.m2/repository/io/netty/netty/3.10.5.Final/netty-3.10.5.Final.jar:/home/user/.m2/repository/io/netty/netty-all/4.0.52.Final/netty-all-4.0.52.Final.jar:/home/user/.m2/repository/org/fusesource/leveldbjni/leveldbjni-all/1.8/leveldbjni-all-1.8.jar:"/>
    <property name="java.vm.vendor" value="IcedTea"/>
    <property name="sun.arch.data.model" value="64"/>
    <property name="test.build.dir" value="/workdir/hadoop-ozone/integration-test/target/test-dir"/>
    <property name="test.cache.data" value=""/>
    <property name="java.vendor.url" value="https://icedtea.classpath.org"/>
    <property name="user.timezone" value=""/>
    <property name="java.vm.specification.version" value="1.8"/>
    <property name="os.name" value="Linux"/>
    <property name="test.build.data" value="/workdir/hadoop-ozone/integration-test/target/test-dir"/>
    <property name="user.country" value="US"/>
    <property name="sun.java.launcher" value="SUN_STANDARD"/>
    <property name="sun.boot.library.path" value="/usr/lib/jvm/java-1.8-openjdk/jre/lib/amd64"/>
    <property name="sun.java.command" value="/workdir/hadoop-ozone/integration-test/target/surefire/surefirebooter6047127371000946407.jar /workdir/hadoop-ozone/integration-test/target/surefire 2019-08-01T15-09-48_761-jvmRun1 surefire8626566344730305290tmp surefire_54579533472415976236tmp"/>
    <property name="surefire.test.class.path" value="/workdir/hadoop-ozone/integration-test/target/test-classes:/workdir/hadoop-ozone/integration-test/target/classes:/home/user/.m2/repository/org/apache/hadoop/hadoop-ozone-common/0.4.1-SNAPSHOT/hadoop-ozone-common-0.4.1-SNAPSHOT.jar:/home/user/.m2/repository/org/apache/commons/commons-compress/1.4.1/commons-compress-1.4.1.jar:/home/user/.m2/repository/org/tukaani/xz/1.0/xz-1.0.jar:/home/user/.m2/repository/org/apache/hadoop/hadoop-common/3.2.0/hadoop-common-3.2.0.jar:/home/user/.m2/repository/org/apache/hadoop/hadoop-hdfs/3.2.0/hadoop-hdfs-3.2.0.jar:/home/user/.m2/repository/org/apache/hadoop/hadoop-hdfs-client/3.2.0/hadoop-hdfs-client-3.2.0.jar:/home/user/.m2/repository/com/fasterxml/jackson/core/jackson-annotations/2.9.5/jackson-annotations-2.9.5.jar:/home/user/.m2/repository/org/apache/hadoop/hadoop-hdds-common/0.4.1-SNAPSHOT/hadoop-hdds-common-0.4.1-SNAPSHOT.jar:/home/user/.m2/repository/javax/annotation/javax.annotation-api/1.2/javax.annotation-api-1.2.jar:/home/user/.m2/repository/org/apache/ratis/ratis-server/0.4.0-2337318-SNAPSHOT/ratis-server-0.4.0-2337318-SNAPSHOT.jar:/home/user/.m2/repository/org/apache/ratis/ratis-thirdparty-misc/0.2.0/ratis-thirdparty-misc-0.2.0.jar:/home/user/.m2/repository/org/apache/ratis/ratis-proto/0.4.0-2337318-SNAPSHOT/ratis-proto-0.4.0-2337318-SNAPSHOT.jar:/home/user/.m2/repository/org/apache/ratis/ratis-common/0.4.0-2337318-SNAPSHOT/ratis-common-0.4.0-2337318-SNAPSHOT.jar:/home/user/.m2/repository/org/apache/ratis/ratis-client/0.4.0-2337318-SNAPSHOT/ratis-client-0.4.0-2337318-SNAPSHOT.jar:/home/user/.m2/repository/org/apache/ratis/ratis-metrics/0.4.0-2337318-SNAPSHOT/ratis-metrics-0.4.0-2337318-SNAPSHOT.jar:/home/user/.m2/repository/org/apache/ratis/ratis-netty/0.4.0-2337318-SNAPSHOT/ratis-netty-0.4.0-2337318-SNAPSHOT.jar:/home/user/.m2/repository/org/apache/ratis/ratis-grpc/0.4.0-2337318-SNAPSHOT/ratis-grpc-0.4.0-2337318-SNAPSHOT.jar:/home/user/.m2/repository/org/rocksdb/rocksdbjni/6.0.1/rocksdbjni-6.0.1.jar:/home/user/.m2/repository/org/apache/logging/log4j/log4j-api/2.11.0/log4j-api-2.11.0.jar:/home/user/.m2/repository/org/apache/logging/log4j/log4j-core/2.11.0/log4j-core-2.11.0.jar:/home/user/.m2/repository/com/lmax/disruptor/3.4.2/disruptor-3.4.2.jar:/home/user/.m2/repository/org/apache/commons/commons-pool2/2.6.0/commons-pool2-2.6.0.jar:/home/user/.m2/repository/org/bouncycastle/bcpkix-jdk15on/1.60/bcpkix-jdk15on-1.60.jar:/home/user/.m2/repository/commons-validator/commons-validator/1.6/commons-validator-1.6.jar:/home/user/.m2/repository/commons-digester/commons-digester/1.8.1/commons-digester-1.8.1.jar:/home/user/.m2/repository/io/jaegertracing/jaeger-client/0.33.1/jaeger-client-0.33.1.jar:/home/user/.m2/repository/io/jaegertracing/jaeger-thrift/0.33.1/jaeger-thrift-0.33.1.jar:/home/user/.m2/repository/org/apache/thrift/libthrift/0.11.0/libthrift-0.11.0.jar:/home/user/.m2/repository/com/squareup/okhttp3/okhttp/3.9.0/okhttp-3.9.0.jar:/home/user/.m2/repository/com/squareup/okio/okio/1.13.0/okio-1.13.0.jar:/home/user/.m2/repository/io/jaegertracing/jaeger-core/0.33.1/jaeger-core-0.33.1.jar:/home/user/.m2/repository/io/jaegertracing/jaeger-tracerresolver/0.33.1/jaeger-tracerresolver-0.33.1.jar:/home/user/.m2/repository/io/opentracing/contrib/opentracing-tracerresolver/0.1.5/opentracing-tracerresolver-0.1.5.jar:/home/user/.m2/repository/io/opentracing/opentracing-util/0.31.0/opentracing-util-0.31.0.jar:/home/user/.m2/repository/io/opentracing/opentracing-api/0.31.0/opentracing-api-0.31.0.jar:/home/user/.m2/repository/io/opentracing/opentracing-noop/0.31.0/opentracing-noop-0.31.0.jar:/home/user/.m2/repository/org/apache/hadoop/hadoop-hdds-server-framework/0.4.1-SNAPSHOT/hadoop-hdds-server-framework-0.4.1-SNAPSHOT.jar:/home/user/.m2/repository/org/apache/hadoop/hadoop-hdds-container-service/0.4.1-SNAPSHOT/hadoop-hdds-container-service-0.4.1-SNAPSHOT.jar:/home/user/.m2/repository/org/apache/hadoop/hadoop-hdds-client/0.4.1-SNAPSHOT/hadoop-hdds-client-0.4.1-SNAPSHOT.jar:/home/user/.m2/repository/org/apache/hadoop/hadoop-hdds-tools/0.4.1-SNAPSHOT/hadoop-hdds-tools-0.4.1-SNAPSHOT.jar:/home/user/.m2/repository/org/apache/hadoop/hadoop-hdds-server-scm/0.4.1-SNAPSHOT/hadoop-hdds-server-scm-0.4.1-SNAPSHOT.jar:/home/user/.m2/repository/org/apache/hadoop/hadoop-hdds-docs/0.4.1-SNAPSHOT/hadoop-hdds-docs-0.4.1-SNAPSHOT.jar:/home/user/.m2/repository/io/dropwizard/metrics/metrics-core/3.2.4/metrics-core-3.2.4.jar:/home/user/.m2/repository/org/hamcrest/hamcrest-all/1.3/hamcrest-all-1.3.jar:/home/user/.m2/repository/org/bouncycastle/bcprov-jdk15on/1.60/bcprov-jdk15on-1.60.jar:/home/user/.m2/repository/info/picocli/picocli/3.9.6/picocli-3.9.6.jar:/home/user/.m2/repository/com/google/protobuf/protobuf-java/2.5.0/protobuf-java-2.5.0.jar:/home/user/.m2/repository/com/google/guava/guava/11.0.2/guava-11.0.2.jar:/home/user/.m2/repository/org/apache/hadoop/hadoop-ozone-ozone-manager/0.4.1-SNAPSHOT/hadoop-ozone-ozone-manager-0.4.1-SNAPSHOT.jar:/home/user/.m2/repository/org/apache/hadoop/hadoop-minikdc/3.2.0/hadoop-minikdc-3.2.0.jar:/home/user/.m2/repository/commons-io/commons-io/2.5/commons-io-2.5.jar:/home/user/.m2/repository/org/apache/kerby/kerb-simplekdc/1.0.1/kerb-simplekdc-1.0.1.jar:/home/user/.m2/repository/org/apache/kerby/kerb-client/1.0.1/kerb-client-1.0.1.jar:/home/user/.m2/repository/org/apache/kerby/kerby-config/1.0.1/kerby-config-1.0.1.jar:/home/user/.m2/repository/org/apache/kerby/kerb-core/1.0.1/kerb-core-1.0.1.jar:/home/user/.m2/repository/org/apache/kerby/kerby-pkix/1.0.1/kerby-pkix-1.0.1.jar:/home/user/.m2/repository/org/apache/kerby/kerby-asn1/1.0.1/kerby-asn1-1.0.1.jar:/home/user/.m2/repository/org/apache/kerby/kerby-util/1.0.1/kerby-util-1.0.1.jar:/home/user/.m2/repository/org/apache/kerby/kerb-common/1.0.1/kerb-common-1.0.1.jar:/home/user/.m2/repository/org/apache/kerby/kerb-crypto/1.0.1/kerb-crypto-1.0.1.jar:/home/user/.m2/repository/org/apache/kerby/kerb-util/1.0.1/kerb-util-1.0.1.jar:/home/user/.m2/repository/org/apache/kerby/token-provider/1.0.1/token-provider-1.0.1.jar:/home/user/.m2/repository/org/apache/kerby/kerb-admin/1.0.1/kerb-admin-1.0.1.jar:/home/user/.m2/repository/org/apache/kerby/kerb-server/1.0.1/kerb-server-1.0.1.jar:/home/user/.m2/repository/org/apache/kerby/kerb-identity/1.0.1/kerb-identity-1.0.1.jar:/home/user/.m2/repository/org/apache/kerby/kerby-xdr/1.0.1/kerby-xdr-1.0.1.jar:/home/user/.m2/repository/org/slf4j/slf4j-log4j12/1.7.25/slf4j-log4j12-1.7.25.jar:/home/user/.m2/repository/org/apache/hadoop/hadoop-ozone-objectstore-service/0.4.1-SNAPSHOT/hadoop-ozone-objectstore-service-0.4.1-SNAPSHOT.jar:/home/user/.m2/repository/org/apache/hadoop/hadoop-ozone-s3gateway/0.4.1-SNAPSHOT/hadoop-ozone-s3gateway-0.4.1-SNAPSHOT.jar:/home/user/.m2/repository/org/jboss/weld/servlet/weld-servlet/2.4.7.Final/weld-servlet-2.4.7.Final.jar:/home/user/.m2/repository/org/glassfish/jersey/containers/jersey-container-servlet-core/2.27/jersey-container-servlet-core-2.27.jar:/home/user/.m2/repository/org/glassfish/hk2/external/javax.inject/2.5.0-b42/javax.inject-2.5.0-b42.jar:/home/user/.m2/repository/org/glassfish/jersey/core/jersey-common/2.27/jersey-common-2.27.jar:/home/user/.m2/repository/org/glassfish/hk2/osgi-resource-locator/1.0.1/osgi-resource-locator-1.0.1.jar:/home/user/.m2/repository/javax/ws/rs/javax.ws.rs-api/2.1/javax.ws.rs-api-2.1.jar:/home/user/.m2/repository/org/glassfish/jersey/ext/cdi/jersey-cdi1x/2.27/jersey-cdi1x-2.27.jar:/home/user/.m2/repository/org/glassfish/jersey/inject/jersey-hk2/2.27/jersey-hk2-2.27.jar:/home/user/.m2/repository/org/glassfish/hk2/hk2-locator/2.5.0-b42/hk2-locator-2.5.0-b42.jar:/home/user/.m2/repository/org/javassist/javassist/3.22.0-CR2/javassist-3.22.0-CR2.jar:/home/user/.m2/repository/org/glassfish/hk2/hk2-api/2.5.0/hk2-api-2.5.0.jar:/home/user/.m2/repository/org/glassfish/hk2/external/jakarta.inject/2.5.0/jakarta.inject-2.5.0.jar:/home/user/.m2/repository/org/glassfish/hk2/hk2-utils/2.5.0/hk2-utils-2.5.0.jar:/home/user/.m2/repository/jakarta/annotation/jakarta.annotation-api/1.3.4/jakarta.annotation-api-1.3.4.jar:/home/user/.m2/repository/org/glassfish/hk2/external/aopalliance-repackaged/2.5.0/aopalliance-repackaged-2.5.0.jar:/home/user/.m2/repository/com/fasterxml/jackson/dataformat/jackson-dataformat-xml/2.9.0/jackson-dataformat-xml-2.9.0.jar:/home/user/.m2/repository/com/fasterxml/jackson/core/jackson-core/2.9.5/jackson-core-2.9.5.jar:/home/user/.m2/repository/com/fasterxml/jackson/module/jackson-module-jaxb-annotations/2.9.5/jackson-module-jaxb-annotations-2.9.5.jar:/home/user/.m2/repository/javax/enterprise/cdi-api/1.2/cdi-api-1.2.jar:/home/user/.m2/repository/javax/el/javax.el-api/3.0.0/javax.el-api-3.0.0.jar:/home/user/.m2/repository/javax/interceptor/javax.interceptor-api/1.2/javax.interceptor-api-1.2.jar:/home/user/.m2/repository/javax/inject/javax.inject/1/javax.inject-1.jar:/home/user/.m2/repository/com/sun/xml/bind/jaxb-impl/2.3.0.1/jaxb-impl-2.3.0.1.jar:/home/user/.m2/repository/com/sun/xml/bind/jaxb-core/2.3.0.1/jaxb-core-2.3.0.1.jar:/home/user/.m2/repository/javax/xml/bind/jaxb-api/2.3.0/jaxb-api-2.3.0.jar:/home/user/.m2/repository/javax/activation/activation/1.1.1/activation-1.1.1.jar:/home/user/.m2/repository/org/apache/hadoop/hadoop-ozone-csi/0.4.1-SNAPSHOT/hadoop-ozone-csi-0.4.1-SNAPSHOT.jar:/home/user/.m2/repository/com/google/protobuf/protobuf-java-util/3.5.1/protobuf-java-util-3.5.1.jar:/home/user/.m2/repository/org/apache/hadoop/hadoop-hdds-config/0.4.1-SNAPSHOT/hadoop-hdds-config-0.4.1-SNAPSHOT.jar:/home/user/.m2/repository/io/grpc/grpc-netty/1.17.1/grpc-netty-1.17.1.jar:/home/user/.m2/repository/io/grpc/grpc-core/1.17.1/grpc-core-1.17.1.jar:/home/user/.m2/repository/io/grpc/grpc-context/1.17.1/grpc-context-1.17.1.jar:/home/user/.m2/repository/com/google/errorprone/error_prone_annotations/2.2.0/error_prone_annotations-2.2.0.jar:/home/user/.m2/repository/org/codehaus/mojo/animal-sniffer-annotations/1.17/animal-sniffer-annotations-1.17.jar:/home/user/.m2/repository/io/opencensus/opencensus-api/0.17.0/opencensus-api-0.17.0.jar:/home/user/.m2/repository/io/opencensus/opencensus-contrib-grpc-metrics/0.17.0/opencensus-contrib-grpc-metrics-0.17.0.jar:/home/user/.m2/repository/io/netty/netty-codec-http2/4.1.30.Final/netty-codec-http2-4.1.30.Final.jar:/home/user/.m2/repository/io/netty/netty-codec-http/4.1.30.Final/netty-codec-http-4.1.30.Final.jar:/home/user/.m2/repository/io/netty/netty-codec/4.1.30.Final/netty-codec-4.1.30.Final.jar:/home/user/.m2/repository/io/netty/netty-handler/4.1.30.Final/netty-handler-4.1.30.Final.jar:/home/user/.m2/repository/io/netty/netty-handler-proxy/4.1.30.Final/netty-handler-proxy-4.1.30.Final.jar:/home/user/.m2/repository/io/netty/netty-codec-socks/4.1.30.Final/netty-codec-socks-4.1.30.Final.jar:/home/user/.m2/repository/io/netty/netty-transport-native-epoll/4.1.30.Final/netty-transport-native-epoll-4.1.30.Final.jar:/home/user/.m2/repository/io/netty/netty-common/4.1.30.Final/netty-common-4.1.30.Final.jar:/home/user/.m2/repository/io/netty/netty-buffer/4.1.30.Final/netty-buffer-4.1.30.Final.jar:/home/user/.m2/repository/io/netty/netty-transport/4.1.30.Final/netty-transport-4.1.30.Final.jar:/home/user/.m2/repository/io/netty/netty-resolver/4.1.30.Final/netty-resolver-4.1.30.Final.jar:/home/user/.m2/repository/io/netty/netty-transport-native-unix-common/4.1.30.Final/netty-transport-native-unix-common-4.1.30.Final.jar:/home/user/.m2/repository/io/grpc/grpc-protobuf/1.17.1/grpc-protobuf-1.17.1.jar:/home/user/.m2/repository/com/google/api/grpc/proto-google-common-protos/1.0.0/proto-google-common-protos-1.0.0.jar:/home/user/.m2/repository/io/grpc/grpc-protobuf-lite/1.17.1/grpc-protobuf-lite-1.17.1.jar:/home/user/.m2/repository/io/grpc/grpc-stub/1.17.1/grpc-stub-1.17.1.jar:/home/user/.m2/repository/org/apache/hadoop/hadoop-ozone-recon/0.4.1-SNAPSHOT/hadoop-ozone-recon-0.4.1-SNAPSHOT.jar:/home/user/.m2/repository/org/apache/hadoop/hadoop-ozone-reconcodegen/0.4.1-SNAPSHOT/hadoop-ozone-reconcodegen-0.4.1-SNAPSHOT.jar:/home/user/.m2/repository/com/google/inject/extensions/guice-multibindings/4.0/guice-multibindings-4.0.jar:/home/user/.m2/repository/com/google/inject/guice/4.0/guice-4.0.jar:/home/user/.m2/repository/aopalliance/aopalliance/1.0/aopalliance-1.0.jar:/home/user/.m2/repository/com/google/inject/extensions/guice-servlet/4.0/guice-servlet-4.0.jar:/home/user/.m2/repository/org/glassfish/jersey/containers/jersey-container-servlet/2.27/jersey-container-servlet-2.27.jar:/home/user/.m2/repository/org/glassfish/hk2/guice-bridge/2.5.0/guice-bridge-2.5.0.jar:/home/user/.m2/repository/org/glassfish/jersey/core/jersey-server/2.27/jersey-server-2.27.jar:/home/user/.m2/repository/org/glassfish/jersey/core/jersey-client/2.27/jersey-client-2.27.jar:/home/user/.m2/repository/org/glassfish/jersey/media/jersey-media-jaxb/2.27/jersey-media-jaxb-2.27.jar:/home/user/.m2/repository/javax/validation/validation-api/1.1.0.Final/validation-api-1.1.0.Final.jar:/home/user/.m2/repository/org/glassfish/jersey/media/jersey-media-json-jackson/2.27/jersey-media-json-jackson-2.27.jar:/home/user/.m2/repository/org/glassfish/jersey/ext/jersey-entity-filtering/2.27/jersey-entity-filtering-2.27.jar:/home/user/.m2/repository/com/google/inject/extensions/guice-assistedinject/4.0/guice-assistedinject-4.0.jar:/home/user/.m2/repository/org/jooq/jooq/3.11.10/jooq-3.11.10.jar:/home/user/.m2/repository/org/jooq/jooq-meta/3.11.10/jooq-meta-3.11.10.jar:/home/user/.m2/repository/org/jooq/jooq-codegen/3.11.10/jooq-codegen-3.11.10.jar:/home/user/.m2/repository/com/jolbox/bonecp/0.8.0.RELEASE/bonecp-0.8.0.RELEASE.jar:/home/user/.m2/repository/org/xerial/sqlite-jdbc/3.25.2/sqlite-jdbc-3.25.2.jar:/home/user/.m2/repository/org/springframework/spring-jdbc/5.1.3.RELEASE/spring-jdbc-5.1.3.RELEASE.jar:/home/user/.m2/repository/org/springframework/spring-beans/5.1.3.RELEASE/spring-beans-5.1.3.RELEASE.jar:/home/user/.m2/repository/org/springframework/spring-core/5.1.3.RELEASE/spring-core-5.1.3.RELEASE.jar:/home/user/.m2/repository/org/springframework/spring-jcl/5.1.3.RELEASE/spring-jcl-5.1.3.RELEASE.jar:/home/user/.m2/repository/org/springframework/spring-tx/5.1.3.RELEASE/spring-tx-5.1.3.RELEASE.jar:/home/user/.m2/repository/org/apache/hadoop/hadoop-ozone-client/0.4.1-SNAPSHOT/hadoop-ozone-client-0.4.1-SNAPSHOT.jar:/home/user/.m2/repository/commons-lang/commons-lang/2.6/commons-lang-2.6.jar:/home/user/.m2/repository/org/apache/hadoop/hadoop-ozone-ozone-manager/0.4.1-SNAPSHOT/hadoop-ozone-ozone-manager-0.4.1-SNAPSHOT-tests.jar:/home/user/.m2/repository/junit/junit/4.11/junit-4.11.jar:/home/user/.m2/repository/org/hamcrest/hamcrest-core/1.3/hamcrest-core-1.3.jar:/home/user/.m2/repository/org/openjdk/jmh/jmh-core/1.19/jmh-core-1.19.jar:/home/user/.m2/repository/net/sf/jopt-simple/jopt-simple/4.6/jopt-simple-4.6.jar:/home/user/.m2/repository/org/apache/commons/commons-math3/3.1.1/commons-math3-3.1.1.jar:/home/user/.m2/repository/org/openjdk/jmh/jmh-generator-annprocess/1.19/jmh-generator-annprocess-1.19.jar:/home/user/.m2/repository/org/mockito/mockito-all/1.8.5/mockito-all-1.8.5.jar:/home/user/.m2/repository/org/apache/hadoop/hadoop-kms/3.2.0/hadoop-kms-3.2.0.jar:/home/user/.m2/repository/org/apache/hadoop/hadoop-auth/3.2.0/hadoop-auth-3.2.0.jar:/home/user/.m2/repository/com/nimbusds/nimbus-jose-jwt/4.41.1/nimbus-jose-jwt-4.41.1.jar:/home/user/.m2/repository/com/github/stephenc/jcip/jcip-annotations/1.0-1/jcip-annotations-1.0-1.jar:/home/user/.m2/repository/net/minidev/json-smart/2.3/json-smart-2.3.jar:/home/user/.m2/repository/net/minidev/accessors-smart/1.2/accessors-smart-1.2.jar:/home/user/.m2/repository/org/ow2/asm/asm/5.0.4/asm-5.0.4.jar:/home/user/.m2/repository/org/apache/curator/curator-framework/2.12.0/curator-framework-2.12.0.jar:/home/user/.m2/repository/com/sun/jersey/jersey-core/1.19/jersey-core-1.19.jar:/home/user/.m2/repository/javax/ws/rs/jsr311-api/1.1.1/jsr311-api-1.1.1.jar:/home/user/.m2/repository/com/sun/jersey/jersey-server/1.19/jersey-server-1.19.jar:/home/user/.m2/repository/javax/servlet/javax.servlet-api/3.1.0/javax.servlet-api-3.1.0.jar:/home/user/.m2/repository/org/eclipse/jetty/jetty-server/9.3.24.v20180605/jetty-server-9.3.24.v20180605.jar:/home/user/.m2/repository/org/eclipse/jetty/jetty-http/9.3.24.v20180605/jetty-http-9.3.24.v20180605.jar:/home/user/.m2/repository/org/eclipse/jetty/jetty-io/9.3.24.v20180605/jetty-io-9.3.24.v20180605.jar:/home/user/.m2/repository/org/eclipse/jetty/jetty-webapp/9.3.24.v20180605/jetty-webapp-9.3.24.v20180605.jar:/home/user/.m2/repository/org/eclipse/jetty/jetty-xml/9.3.24.v20180605/jetty-xml-9.3.24.v20180605.jar:/home/user/.m2/repository/log4j/log4j/1.2.17/log4j-1.2.17.jar:/home/user/.m2/repository/org/slf4j/slf4j-api/1.7.25/slf4j-api-1.7.25.jar:/home/user/.m2/repository/org/slf4j/jul-to-slf4j/1.7.25/jul-to-slf4j-1.7.25.jar:/home/user/.m2/repository/org/eclipse/jetty/jetty-util/9.3.24.v20180605/jetty-util-9.3.24.v20180605.jar:/home/user/.m2/repository/com/fasterxml/jackson/core/jackson-databind/2.9.5/jackson-databind-2.9.5.jar:/home/user/.m2/repository/org/apache/hadoop/hadoop-kms/3.2.0/hadoop-kms-3.2.0-tests.jar:/home/user/.m2/repository/org/apache/hadoop/hadoop-hdds-server-scm/0.4.1-SNAPSHOT/hadoop-hdds-server-scm-0.4.1-SNAPSHOT-tests.jar:/home/user/.m2/repository/org/apache/hadoop/hadoop-hdds-container-service/0.4.1-SNAPSHOT/hadoop-hdds-container-service-0.4.1-SNAPSHOT-tests.jar:/home/user/.m2/repository/org/yaml/snakeyaml/1.16/snakeyaml-1.16.jar:/home/user/.m2/repository/org/apache/hadoop/hadoop-common/3.2.0/hadoop-common-3.2.0-tests.jar:/home/user/.m2/repository/org/apache/hadoop/hadoop-annotations/3.2.0/hadoop-annotations-3.2.0.jar:/usr/lib/jvm/java-1.8-openjdk/jre/../lib/tools.jar:/home/user/.m2/repository/commons-cli/commons-cli/1.2/commons-cli-1.2.jar:/home/user/.m2/repository/org/apache/httpcomponents/httpclient/4.5.2/httpclient-4.5.2.jar:/home/user/.m2/repository/org/apache/httpcomponents/httpcore/4.4.4/httpcore-4.4.4.jar:/home/user/.m2/repository/commons-codec/commons-codec/1.11/commons-codec-1.11.jar:/home/user/.m2/repository/commons-net/commons-net/3.6/commons-net-3.6.jar:/home/user/.m2/repository/commons-collections/commons-collections/3.2.2/commons-collections-3.2.2.jar:/home/user/.m2/repository/org/eclipse/jetty/jetty-servlet/9.3.24.v20180605/jetty-servlet-9.3.24.v20180605.jar:/home/user/.m2/repository/org/eclipse/jetty/jetty-security/9.3.24.v20180605/jetty-security-9.3.24.v20180605.jar:/home/user/.m2/repository/javax/servlet/jsp/jsp-api/2.1/jsp-api-2.1.jar:/home/user/.m2/repository/com/sun/jersey/jersey-servlet/1.19/jersey-servlet-1.19.jar:/home/user/.m2/repository/com/sun/jersey/jersey-json/1.19/jersey-json-1.19.jar:/home/user/.m2/repository/org/codehaus/jettison/jettison/1.1/jettison-1.1.jar:/home/user/.m2/repository/org/codehaus/jackson/jackson-core-asl/1.9.13/jackson-core-asl-1.9.13.jar:/home/user/.m2/repository/org/codehaus/jackson/jackson-mapper-asl/1.9.13/jackson-mapper-asl-1.9.13.jar:/home/user/.m2/repository/org/codehaus/jackson/jackson-jaxrs/1.9.13/jackson-jaxrs-1.9.13.jar:/home/user/.m2/repository/org/codehaus/jackson/jackson-xc/1.9.13/jackson-xc-1.9.13.jar:/home/user/.m2/repository/commons-logging/commons-logging/1.1.3/commons-logging-1.1.3.jar:/home/user/.m2/repository/commons-beanutils/commons-beanutils/1.9.3/commons-beanutils-1.9.3.jar:/home/user/.m2/repository/org/apache/commons/commons-configuration2/2.1.1/commons-configuration2-2.1.1.jar:/home/user/.m2/repository/org/apache/commons/commons-lang3/3.7/commons-lang3-3.7.jar:/home/user/.m2/repository/org/apache/commons/commons-text/1.4/commons-text-1.4.jar:/home/user/.m2/repository/org/apache/avro/avro/1.7.7/avro-1.7.7.jar:/home/user/.m2/repository/com/thoughtworks/paranamer/paranamer/2.3/paranamer-2.3.jar:/home/user/.m2/repository/org/xerial/snappy/snappy-java/1.0.5/snappy-java-1.0.5.jar:/home/user/.m2/repository/com/google/re2j/re2j/1.1/re2j-1.1.jar:/home/user/.m2/repository/com/google/code/gson/gson/2.2.4/gson-2.2.4.jar:/home/user/.m2/repository/com/jcraft/jsch/0.1.54/jsch-0.1.54.jar:/home/user/.m2/repository/org/apache/curator/curator-client/2.12.0/curator-client-2.12.0.jar:/home/user/.m2/repository/org/apache/curator/curator-recipes/2.12.0/curator-recipes-2.12.0.jar:/home/user/.m2/repository/com/google/code/findbugs/jsr305/3.0.0/jsr305-3.0.0.jar:/home/user/.m2/repository/org/apache/htrace/htrace-core4/4.1.0-incubating/htrace-core4-4.1.0-incubating.jar:/home/user/.m2/repository/org/apache/zookeeper/zookeeper/3.4.13/zookeeper-3.4.13.jar:/home/user/.m2/repository/org/apache/yetus/audience-annotations/0.5.0/audience-annotations-0.5.0.jar:/home/user/.m2/repository/org/codehaus/woodstox/stax2-api/3.1.4/stax2-api-3.1.4.jar:/home/user/.m2/repository/com/fasterxml/woodstox/woodstox-core/5.0.3/woodstox-core-5.0.3.jar:/home/user/.m2/repository/dnsjava/dnsjava/2.1.7/dnsjava-2.1.7.jar:/home/user/.m2/repository/org/apache/hadoop/hadoop-hdfs/3.2.0/hadoop-hdfs-3.2.0-tests.jar:/home/user/.m2/repository/org/eclipse/jetty/jetty-util-ajax/9.3.24.v20180605/jetty-util-ajax-9.3.24.v20180605.jar:/home/user/.m2/repository/commons-daemon/commons-daemon/1.0.13/commons-daemon-1.0.13.jar:/home/user/.m2/repository/io/netty/netty/3.10.5.Final/netty-3.10.5.Final.jar:/home/user/.m2/repository/io/netty/netty-all/4.0.52.Final/netty-all-4.0.52.Final.jar:/home/user/.m2/repository/org/fusesource/leveldbjni/leveldbjni-all/1.8/leveldbjni-all-1.8.jar:"/>
    <property name="sun.cpu.endian" value="little"/>
    <property name="user.home" value="/home/user"/>
    <property name="user.language" value="en"/>
    <property name="java.specification.vendor" value="Oracle Corporation"/>
    <property name="java.home" value="/usr/lib/jvm/java-1.8-openjdk/jre"/>
    <property name="java.security.krb5.conf" value="/workdir/hadoop-ozone/integration-test/target/test-classes/krb5.conf"/>
    <property name="basedir" value="/workdir/hadoop-ozone/integration-test"/>
    <property name="file.separator" value="/"/>
    <property name="line.separator" value="&#10;"/>
    <property name="java.vm.specification.vendor" value="Oracle Corporation"/>
    <property name="java.specification.name" value="Java Platform API Specification"/>
    <property name="java.awt.graphicsenv" value="sun.awt.X11GraphicsEnvironment"/>
    <property name="surefire.real.class.path" value="/workdir/hadoop-ozone/integration-test/target/surefire/surefirebooter6047127371000946407.jar"/>
    <property name="hadoop.log.dir" value="/workdir/hadoop-ozone/integration-test/target/log"/>
    <property name="sun.boot.class.path" value="/usr/lib/jvm/java-1.8-openjdk/jre/lib/resources.jar:/usr/lib/jvm/java-1.8-openjdk/jre/lib/rt.jar:/usr/lib/jvm/java-1.8-openjdk/jre/lib/sunrsasign.jar:/usr/lib/jvm/java-1.8-openjdk/jre/lib/jsse.jar:/usr/lib/jvm/java-1.8-openjdk/jre/lib/jce.jar:/usr/lib/jvm/java-1.8-openjdk/jre/lib/charsets.jar:/usr/lib/jvm/java-1.8-openjdk/jre/lib/jfr.jar:/usr/lib/jvm/java-1.8-openjdk/jre/classes"/>
    <property name="sun.management.compiler" value="HotSpot 64-Bit Tiered Compilers"/>
    <property name="java.runtime.version" value="1.8.0_212-b04"/>
    <property name="java.net.preferIPv4Stack" value="true"/>
    <property name="user.name" value="jenkins1000"/>
    <property name="path.separator" value=":"/>
    <property name="java.security.egd" value="file:///dev/urandom"/>
    <property name="os.version" value="3.10.0-957.12.2.el7.x86_64"/>
    <property name="java.endorsed.dirs" value="/usr/lib/jvm/java-1.8-openjdk/jre/lib/endorsed"/>
    <property name="java.runtime.name" value="OpenJDK Runtime Environment"/>
    <property name="file.encoding" value="UTF-8"/>
    <property name="java.vm.name" value="OpenJDK 64-Bit Server VM"/>
    <property name="test.build.webapps" value=""/>
    <property name="localRepository" value="/home/user/.m2/repository"/>
    <property name="java.vendor.url.bug" value="https://icedtea.classpath.org/bugzilla"/>
    <property name="java.io.tmpdir" value="/tmp"/>
    <property name="require.test.libhadoop" value=""/>
    <property name="java.version" value="1.8.0_212"/>
    <property name="user.dir" value="/workdir/hadoop-ozone/integration-test"/>
    <property name="os.arch" value="amd64"/>
    <property name="java.vm.specification.name" value="Java Virtual Machine Specification"/>
    <property name="test.build.classes" value="/workdir/hadoop-ozone/integration-test/target/test-classes"/>
    <property name="java.awt.printerjob" value="sun.print.PSPrinterJob"/>
    <property name="sun.os.patch.level" value="unknown"/>
    <property name="hadoop.tmp.dir" value="/workdir/hadoop-ozone/integration-test/target/tmp"/>
    <property name="java.library.path" value="/usr/lib/jvm/java-1.8-openjdk/jre/lib/amd64/server:/usr/lib/jvm/java-1.8-openjdk/jre/lib/amd64:/usr/lib/jvm/java-1.8-openjdk/jre/../lib/amd64:/workdir/hadoop-ozone/integration-test/target/native/target/usr/local/lib:/workdir/hadoop-ozone/integration-test/../../hadoop-common-project/hadoop-common/target/native/target/usr/local/lib:/usr/java/packages/lib/amd64:/usr/lib64:/lib64:/lib:/usr/lib"/>
    <property name="java.vm.info" value="mixed mode"/>
    <property name="java.vendor" value="IcedTea"/>
    <property name="java.vm.version" value="25.212-b04"/>
    <property name="java.ext.dirs" value="/usr/lib/jvm/java-1.8-openjdk/jre/lib/ext:/usr/java/packages/lib/ext"/>
    <property name="sun.io.unicode.encoding" value="UnicodeLittle"/>
    <property name="java.class.version" value="52.0"/>
  </properties>
  <testcase name="test2DatanodesFailure" classname="org.apache.hadoop.ozone.client.rpc.TestBlockOutputStreamWithFailures" time="45.111">
    <failure type="java.lang.AssertionError">java.lang.AssertionError
	at org.junit.Assert.fail(Assert.java:86)
	at org.junit.Assert.assertTrue(Assert.java:41)
	at org.junit.Assert.assertTrue(Assert.java:52)
	at org.apache.hadoop.ozone.client.rpc.TestBlockOutputStreamWithFailures.test2DatanodesFailure(TestBlockOutputStreamWithFailures.java:507)
	at sun.reflect.NativeMethodAccessorImpl.invoke0(Native Method)
	at sun.reflect.NativeMethodAccessorImpl.invoke(NativeMethodAccessorImpl.java:62)
	at sun.reflect.DelegatingMethodAccessorImpl.invoke(DelegatingMethodAccessorImpl.java:43)
	at java.lang.reflect.Method.invoke(Method.java:498)
	at org.junit.runners.model.FrameworkMethod$1.runReflectiveCall(FrameworkMethod.java:47)
	at org.junit.internal.runners.model.ReflectiveCallable.run(ReflectiveCallable.java:12)
	at org.junit.runners.model.FrameworkMethod.invokeExplosively(FrameworkMethod.java:44)
	at org.junit.internal.runners.statements.InvokeMethod.evaluate(InvokeMethod.java:17)
	at org.junit.internal.runners.statements.RunBefores.evaluate(RunBefores.java:26)
	at org.junit.internal.runners.statements.RunAfters.evaluate(RunAfters.java:27)
	at org.junit.runners.ParentRunner.runLeaf(ParentRunner.java:271)
	at org.junit.runners.BlockJUnit4ClassRunner.runChild(BlockJUnit4ClassRunner.java:70)
	at org.junit.runners.BlockJUnit4ClassRunner.runChild(BlockJUnit4ClassRunner.java:50)
	at org.junit.runners.ParentRunner$3.run(ParentRunner.java:238)
	at org.junit.runners.ParentRunner$1.schedule(ParentRunner.java:63)
	at org.junit.runners.ParentRunner.runChildren(ParentRunner.java:236)
	at org.junit.runners.ParentRunner.access$000(ParentRunner.java:53)
	at org.junit.runners.ParentRunner$2.evaluate(ParentRunner.java:229)
	at org.junit.runners.ParentRunner.run(ParentRunner.java:309)
	at org.apache.maven.surefire.junit4.JUnit4Provider.execute(JUnit4Provider.java:365)
	at org.apache.maven.surefire.junit4.JUnit4Provider.executeWithRerun(JUnit4Provider.java:273)
	at org.apache.maven.surefire.junit4.JUnit4Provider.executeTestSet(JUnit4Provider.java:238)
	at org.apache.maven.surefire.junit4.JUnit4Provider.invoke(JUnit4Provider.java:159)
	at org.apache.maven.surefire.booter.ForkedBooter.invokeProviderInSameClassLoader(ForkedBooter.java:384)
	at org.apache.maven.surefire.booter.ForkedBooter.runSuitesInProcess(ForkedBooter.java:345)
	at org.apache.maven.surefire.booter.ForkedBooter.execute(ForkedBooter.java:126)
	at org.apache.maven.surefire.booter.ForkedBooter.main(ForkedBooter.java:418)
</failure>
    <system-out><![CDATA[2019-08-01 16:01:20,465 WARN  server.ServerUtils (ServerUtils.java:getScmDbDir(145)) - ozone.scm.db.dirs is not configured. We recommend adding this setting. Falling back to ozone.metadata.dirs instead.
2019-08-01 16:01:20,566 WARN  server.ServerUtils (ServerUtils.java:getScmDbDir(145)) - ozone.scm.db.dirs is not configured. We recommend adding this setting. Falling back to ozone.metadata.dirs instead.
2019-08-01 16:01:20,568 WARN  server.ServerUtils (ServerUtils.java:getScmDbDir(145)) - ozone.scm.db.dirs is not configured. We recommend adding this setting. Falling back to ozone.metadata.dirs instead.
2019-08-01 16:01:20,582 INFO  util.log (Log.java:initialized(192)) - Logging initialized @750ms
2019-08-01 16:01:20,665 INFO  db.DBStoreBuilder (DBStoreBuilder.java:addTable(110)) - using custom profile for table: deletedBlocks
2019-08-01 16:01:20,665 INFO  db.DBStoreBuilder (DBStoreBuilder.java:processTables(161)) - Using default column profile:DBProfile.DISK for Table:deletedBlocks
2019-08-01 16:01:20,665 INFO  db.DBStoreBuilder (DBStoreBuilder.java:addTable(110)) - using custom profile for table: validCerts
2019-08-01 16:01:20,666 INFO  db.DBStoreBuilder (DBStoreBuilder.java:processTables(161)) - Using default column profile:DBProfile.DISK for Table:validCerts
2019-08-01 16:01:20,666 INFO  db.DBStoreBuilder (DBStoreBuilder.java:addTable(110)) - using custom profile for table: revokedCerts
2019-08-01 16:01:20,666 INFO  db.DBStoreBuilder (DBStoreBuilder.java:processTables(161)) - Using default column profile:DBProfile.DISK for Table:revokedCerts
2019-08-01 16:01:20,676 INFO  db.DBStoreBuilder (DBStoreBuilder.java:addTable(110)) - using custom profile for table: default
2019-08-01 16:01:20,676 INFO  db.DBStoreBuilder (DBStoreBuilder.java:processTables(167)) - Using default column profile:DBProfile.DISK for Table:default
2019-08-01 16:01:20,677 INFO  db.DBStoreBuilder (DBStoreBuilder.java:getDbProfile(198)) - Using default options. DBProfile.DISK
2019-08-01 16:01:20,865 INFO  net.NodeSchemaLoader (NodeSchemaLoader.java:loadSchemaFromFile(125)) - Loading file from sun.misc.CompoundEnumeration@1dde4cb2
2019-08-01 16:01:20,868 INFO  net.NodeSchemaLoader (NodeSchemaLoader.java:loadSchema(171)) - Loading network topology layer schema file
2019-08-01 16:01:20,953 INFO  node.SCMNodeManager (SCMNodeManager.java:<init>(121)) - Entering startup safe mode.
2019-08-01 16:01:21,054 WARN  server.ServerUtils (ServerUtils.java:getScmDbDir(145)) - ozone.scm.db.dirs is not configured. We recommend adding this setting. Falling back to ozone.metadata.dirs instead.
2019-08-01 16:01:21,115 INFO  pipeline.SCMPipelineManager (SCMPipelineManager.java:initializePipelineState(126)) - No pipeline exists in current db
2019-08-01 16:01:21,117 WARN  server.ServerUtils (ServerUtils.java:getScmDbDir(145)) - ozone.scm.db.dirs is not configured. We recommend adding this setting. Falling back to ozone.metadata.dirs instead.
2019-08-01 16:01:21,218 WARN  events.EventQueue (EventQueue.java:fireEvent(175)) - No event handler registered for event TypedEvent{payloadType=SafeModeStatus, name='SafeModeStatus'}
2019-08-01 16:01:21,542 INFO  ipc.CallQueueManager (CallQueueManager.java:<init>(84)) - Using callQueue: class java.util.concurrent.LinkedBlockingQueue, queueCapacity: 2000, scheduler: class org.apache.hadoop.ipc.DefaultRpcScheduler, ipcBackoff: false.
2019-08-01 16:01:21,570 INFO  ipc.Server (Server.java:run(1074)) - Starting Socket Reader #1 for port 42284
2019-08-01 16:01:21,592 INFO  ipc.CallQueueManager (CallQueueManager.java:<init>(84)) - Using callQueue: class java.util.concurrent.LinkedBlockingQueue, queueCapacity: 2000, scheduler: class org.apache.hadoop.ipc.DefaultRpcScheduler, ipcBackoff: false.
2019-08-01 16:01:21,593 INFO  ipc.Server (Server.java:run(1074)) - Starting Socket Reader #1 for port 38017
2019-08-01 16:01:21,599 INFO  ipc.CallQueueManager (CallQueueManager.java:<init>(84)) - Using callQueue: class java.util.concurrent.LinkedBlockingQueue, queueCapacity: 2000, scheduler: class org.apache.hadoop.ipc.DefaultRpcScheduler, ipcBackoff: false.
2019-08-01 16:01:21,600 INFO  ipc.Server (Server.java:run(1074)) - Starting Socket Reader #1 for port 33884
2019-08-01 16:01:21,711 INFO  hdfs.DFSUtil (DFSUtil.java:httpServerTemplateForNNAndJN(1641)) - Starting Web-server for scm at: http://0.0.0.0:0
2019-08-01 16:01:21,845 INFO  server.AuthenticationFilter (AuthenticationFilter.java:constructSecretProvider(240)) - Unable to initialize FileSignerSecretProvider, falling back to use random secrets.
2019-08-01 16:01:21,852 WARN  http.HttpRequestLog (HttpRequestLog.java:getRequestLog(97)) - Jetty request log can only be enabled using Log4j
2019-08-01 16:01:21,860 INFO  http.HttpServer2 (HttpServer2.java:addGlobalFilter(975)) - Added global filter 'safety' (class=org.apache.hadoop.http.HttpServer2$QuotingInputFilter)
2019-08-01 16:01:21,863 INFO  http.HttpServer2 (HttpServer2.java:addFilter(948)) - Added filter static_user_filter (class=org.apache.hadoop.http.lib.StaticUserWebFilter$StaticUserFilter) to context scm
2019-08-01 16:01:21,863 INFO  http.HttpServer2 (HttpServer2.java:addFilter(958)) - Added filter static_user_filter (class=org.apache.hadoop.http.lib.StaticUserWebFilter$StaticUserFilter) to context logs
2019-08-01 16:01:21,863 INFO  http.HttpServer2 (HttpServer2.java:addFilter(958)) - Added filter static_user_filter (class=org.apache.hadoop.http.lib.StaticUserWebFilter$StaticUserFilter) to context static
2019-08-01 16:01:21,889 INFO  server.StorageContainerManager (StorageContainerManager.java:start(758)) - StorageContainerLocationProtocol RPC server is listening at /0.0.0.0:33884
2019-08-01 16:01:21,946 WARN  impl.MetricsConfig (MetricsConfig.java:loadFirst(134)) - Cannot locate configuration: tried hadoop-metrics2-storagecontainermanager.properties,hadoop-metrics2.properties
2019-08-01 16:01:21,959 INFO  impl.MetricsSystemImpl (MetricsSystemImpl.java:startTimer(374)) - Scheduled Metric snapshot period at 10 second(s).
2019-08-01 16:01:21,959 INFO  impl.MetricsSystemImpl (MetricsSystemImpl.java:start(191)) - StorageContainerManager metrics system started
2019-08-01 16:01:22,210 INFO  server.SCMClientProtocolServer (SCMClientProtocolServer.java:start(151)) - RPC server for Client  is listening at /0.0.0.0:33884
2019-08-01 16:01:22,211 INFO  ipc.Server (Server.java:run(1314)) - IPC Server Responder: starting
2019-08-01 16:01:22,211 INFO  ipc.Server (Server.java:run(1153)) - IPC Server listener on 33884: starting
2019-08-01 16:01:22,216 INFO  server.StorageContainerManager (StorageContainerManager.java:start(768)) - ScmBlockLocationProtocol RPC server is listening at /0.0.0.0:38017
2019-08-01 16:01:22,217 INFO  server.SCMBlockProtocolServer (SCMBlockProtocolServer.java:start(140)) - RPC server for Block Protocol is listening at /0.0.0.0:38017
2019-08-01 16:01:22,217 INFO  ipc.Server (Server.java:run(1314)) - IPC Server Responder: starting
2019-08-01 16:01:22,217 INFO  ipc.Server (Server.java:run(1153)) - IPC Server listener on 38017: starting
2019-08-01 16:01:22,226 INFO  server.StorageContainerManager (StorageContainerManager.java:start(772)) - ScmDatanodeProtocl RPC server is listening at /0.0.0.0:42284
2019-08-01 16:01:22,226 INFO  server.SCMDatanodeProtocolServer (SCMDatanodeProtocolServer.java:start(191)) - RPC server for DataNodes is listening at /0.0.0.0:42284
2019-08-01 16:01:22,228 INFO  ipc.Server (Server.java:run(1314)) - IPC Server Responder: starting
2019-08-01 16:01:22,229 INFO  ipc.Server (Server.java:run(1153)) - IPC Server listener on 42284: starting
2019-08-01 16:01:22,240 INFO  http.HttpServer2 (HttpServer2.java:bindListener(1191)) - Jetty bound to port 40698
2019-08-01 16:01:22,242 INFO  server.Server (Server.java:doStart(351)) - jetty-9.3.24.v20180605, build timestamp: 2018-06-05T17:11:56Z, git hash: 84205aa28f11a4f31f2a3b86d1bba2cc8ab69827
2019-08-01 16:01:22,284 INFO  handler.ContextHandler (ContextHandler.java:doStart(781)) - Started o.e.j.s.ServletContextHandler@495fac5f{/logs,file:///workdir/hadoop-ozone/integration-test/target/log,AVAILABLE}
2019-08-01 16:01:22,285 INFO  handler.ContextHandler (ContextHandler.java:doStart(781)) - Started o.e.j.s.ServletContextHandler@635572a7{/static,file:///workdir/hadoop-ozone/integration-test/target/test-classes/webapps/static,AVAILABLE}
2019-08-01 16:01:22,319 INFO  handler.ContextHandler (ContextHandler.java:doStart(781)) - Started o.e.j.w.WebAppContext@5118388b{/,file:///workdir/hadoop-ozone/integration-test/target/test-classes/webapps/scm/,AVAILABLE}{/scm}
2019-08-01 16:01:22,325 INFO  server.AbstractConnector (AbstractConnector.java:doStart(278)) - Started ServerConnector@293bb8a5{HTTP/1.1,[http/1.1]}{0.0.0.0:40698}
2019-08-01 16:01:22,325 INFO  server.Server (Server.java:doStart(419)) - Started @2493ms
2019-08-01 16:01:22,327 INFO  server.BaseHttpServer (BaseHttpServer.java:updateConnectorAddress(207)) - HTTP server of SCM is listening at http://0.0.0.0:40698
2019-08-01 16:01:22,334 INFO  util.JvmPauseMonitor (JvmPauseMonitor.java:run(188)) - Starting JVM pause monitor
2019-08-01 16:01:22,338 WARN  server.ServerUtils (ServerUtils.java:getDBPath(222)) - ozone.om.db.dirs is not configured. We recommend adding this setting. Falling back to ozone.metadata.dirs instead.
2019-08-01 16:01:22,437 WARN  server.ServerUtils (ServerUtils.java:getDBPath(222)) - ozone.om.db.dirs is not configured. We recommend adding this setting. Falling back to ozone.metadata.dirs instead.
2019-08-01 16:01:22,438 WARN  server.ServerUtils (ServerUtils.java:getDBPath(222)) - ozone.om.db.dirs is not configured. We recommend adding this setting. Falling back to ozone.metadata.dirs instead.
2019-08-01 16:01:22,439 INFO  om.OzoneManager (OzoneManager.java:setOMNodeDetails(644)) - OM Service ID is not set. Setting it to the default ID: omServiceIdDefault
2019-08-01 16:01:22,439 INFO  om.OzoneManager (OzoneManager.java:setOMNodeDetails(650)) - OM Node ID is not set. Setting it to the OmStorage's OmID: 3e0143aa-0c92-4fcf-a24e-eb474dd26a9a
2019-08-01 16:01:22,440 INFO  om.OzoneManager (OzoneManager.java:loadOMHAConfigs(601)) - Found matching OM address with OMServiceId: null, OMNodeId: null, RPC Address: localhost:0 and Ratis port: 9872
2019-08-01 16:01:23,126 WARN  server.ServerUtils (ServerUtils.java:getDBPath(222)) - ozone.om.db.dirs is not configured. We recommend adding this setting. Falling back to ozone.metadata.dirs instead.
2019-08-01 16:01:23,135 INFO  db.DBStoreBuilder (DBStoreBuilder.java:addTable(110)) - using custom profile for table: userTable
2019-08-01 16:01:23,135 INFO  db.DBStoreBuilder (DBStoreBuilder.java:processTables(161)) - Using default column profile:DBProfile.DISK for Table:userTable
2019-08-01 16:01:23,135 INFO  db.DBStoreBuilder (DBStoreBuilder.java:addTable(110)) - using custom profile for table: volumeTable
2019-08-01 16:01:23,135 INFO  db.DBStoreBuilder (DBStoreBuilder.java:processTables(161)) - Using default column profile:DBProfile.DISK for Table:volumeTable
2019-08-01 16:01:23,136 INFO  db.DBStoreBuilder (DBStoreBuilder.java:addTable(110)) - using custom profile for table: bucketTable
2019-08-01 16:01:23,136 INFO  db.DBStoreBuilder (DBStoreBuilder.java:processTables(161)) - Using default column profile:DBProfile.DISK for Table:bucketTable
2019-08-01 16:01:23,136 INFO  db.DBStoreBuilder (DBStoreBuilder.java:addTable(110)) - using custom profile for table: keyTable
2019-08-01 16:01:23,136 INFO  db.DBStoreBuilder (DBStoreBuilder.java:processTables(161)) - Using default column profile:DBProfile.DISK for Table:keyTable
2019-08-01 16:01:23,137 INFO  db.DBStoreBuilder (DBStoreBuilder.java:addTable(110)) - using custom profile for table: deletedTable
2019-08-01 16:01:23,137 INFO  db.DBStoreBuilder (DBStoreBuilder.java:processTables(161)) - Using default column profile:DBProfile.DISK for Table:deletedTable
2019-08-01 16:01:23,137 INFO  db.DBStoreBuilder (DBStoreBuilder.java:addTable(110)) - using custom profile for table: openKeyTable
2019-08-01 16:01:23,137 INFO  db.DBStoreBuilder (DBStoreBuilder.java:processTables(161)) - Using default column profile:DBProfile.DISK for Table:openKeyTable
2019-08-01 16:01:23,138 INFO  db.DBStoreBuilder (DBStoreBuilder.java:addTable(110)) - using custom profile for table: s3Table
2019-08-01 16:01:23,138 INFO  db.DBStoreBuilder (DBStoreBuilder.java:processTables(161)) - Using default column profile:DBProfile.DISK for Table:s3Table
2019-08-01 16:01:23,138 INFO  db.DBStoreBuilder (DBStoreBuilder.java:addTable(110)) - using custom profile for table: multipartInfoTable
2019-08-01 16:01:23,138 INFO  db.DBStoreBuilder (DBStoreBuilder.java:processTables(161)) - Using default column profile:DBProfile.DISK for Table:multipartInfoTable
2019-08-01 16:01:23,139 INFO  db.DBStoreBuilder (DBStoreBuilder.java:addTable(110)) - using custom profile for table: dTokenTable
2019-08-01 16:01:23,139 INFO  db.DBStoreBuilder (DBStoreBuilder.java:processTables(161)) - Using default column profile:DBProfile.DISK for Table:dTokenTable
2019-08-01 16:01:23,139 INFO  db.DBStoreBuilder (DBStoreBuilder.java:addTable(110)) - using custom profile for table: s3SecretTable
2019-08-01 16:01:23,140 INFO  db.DBStoreBuilder (DBStoreBuilder.java:processTables(161)) - Using default column profile:DBProfile.DISK for Table:s3SecretTable
2019-08-01 16:01:23,140 INFO  db.DBStoreBuilder (DBStoreBuilder.java:addTable(110)) - using custom profile for table: prefixTable
2019-08-01 16:01:23,140 INFO  db.DBStoreBuilder (DBStoreBuilder.java:processTables(161)) - Using default column profile:DBProfile.DISK for Table:prefixTable
2019-08-01 16:01:23,140 INFO  db.DBStoreBuilder (DBStoreBuilder.java:addTable(110)) - using custom profile for table: default
2019-08-01 16:01:23,141 INFO  db.DBStoreBuilder (DBStoreBuilder.java:processTables(167)) - Using default column profile:DBProfile.DISK for Table:default
2019-08-01 16:01:23,141 INFO  db.DBStoreBuilder (DBStoreBuilder.java:getDbProfile(198)) - Using default options. DBProfile.DISK
2019-08-01 16:01:23,516 INFO  ipc.CallQueueManager (CallQueueManager.java:<init>(84)) - Using callQueue: class java.util.concurrent.LinkedBlockingQueue, queueCapacity: 2000, scheduler: class org.apache.hadoop.ipc.DefaultRpcScheduler, ipcBackoff: false.
2019-08-01 16:01:23,518 INFO  ipc.Server (Server.java:run(1074)) - Starting Socket Reader #1 for port 42841
2019-08-01 16:01:23,539 INFO  om.OzoneManager (OzoneManager.java:start(1255)) - OzoneManager RPC server is listening at localhost/127.0.0.1:42841
2019-08-01 16:01:23,539 INFO  impl.MetricsSystemImpl (MetricsSystemImpl.java:init(158)) - OzoneManager metrics system started (again)
2019-08-01 16:01:23,541 INFO  ipc.Server (Server.java:run(1314)) - IPC Server Responder: starting
2019-08-01 16:01:23,541 INFO  ipc.Server (Server.java:run(1153)) - IPC Server listener on 42841: starting
2019-08-01 16:01:23,555 INFO  hdfs.DFSUtil (DFSUtil.java:httpServerTemplateForNNAndJN(1641)) - Starting Web-server for ozoneManager at: http://0.0.0.0:0
2019-08-01 16:01:23,558 INFO  server.AuthenticationFilter (AuthenticationFilter.java:constructSecretProvider(240)) - Unable to initialize FileSignerSecretProvider, falling back to use random secrets.
2019-08-01 16:01:23,559 WARN  http.HttpRequestLog (HttpRequestLog.java:getRequestLog(97)) - Jetty request log can only be enabled using Log4j
2019-08-01 16:01:23,562 INFO  http.HttpServer2 (HttpServer2.java:addGlobalFilter(975)) - Added global filter 'safety' (class=org.apache.hadoop.http.HttpServer2$QuotingInputFilter)
2019-08-01 16:01:23,564 INFO  http.HttpServer2 (HttpServer2.java:addFilter(948)) - Added filter static_user_filter (class=org.apache.hadoop.http.lib.StaticUserWebFilter$StaticUserFilter) to context ozoneManager
2019-08-01 16:01:23,565 INFO  http.HttpServer2 (HttpServer2.java:addFilter(958)) - Added filter static_user_filter (class=org.apache.hadoop.http.lib.StaticUserWebFilter$StaticUserFilter) to context static
2019-08-01 16:01:23,565 INFO  http.HttpServer2 (HttpServer2.java:addFilter(958)) - Added filter static_user_filter (class=org.apache.hadoop.http.lib.StaticUserWebFilter$StaticUserFilter) to context logs
2019-08-01 16:01:23,568 INFO  http.HttpServer2 (HttpServer2.java:bindListener(1191)) - Jetty bound to port 43527
2019-08-01 16:01:23,568 INFO  server.Server (Server.java:doStart(351)) - jetty-9.3.24.v20180605, build timestamp: 2018-06-05T17:11:56Z, git hash: 84205aa28f11a4f31f2a3b86d1bba2cc8ab69827
2019-08-01 16:01:23,571 INFO  handler.ContextHandler (ContextHandler.java:doStart(781)) - Started o.e.j.s.ServletContextHandler@6d91790b{/logs,file:///workdir/hadoop-ozone/integration-test/target/log,AVAILABLE}
2019-08-01 16:01:23,572 INFO  handler.ContextHandler (ContextHandler.java:doStart(781)) - Started o.e.j.s.ServletContextHandler@47c64cfe{/static,file:///workdir/hadoop-ozone/integration-test/target/test-classes/webapps/static,AVAILABLE}
2019-08-01 16:01:23,580 INFO  handler.ContextHandler (ContextHandler.java:doStart(781)) - Started o.e.j.w.WebAppContext@4bdcaf36{/,file:///workdir/hadoop-ozone/integration-test/target/test-classes/webapps/ozoneManager/,AVAILABLE}{/ozoneManager}
2019-08-01 16:01:23,581 INFO  server.AbstractConnector (AbstractConnector.java:doStart(278)) - Started ServerConnector@61d01788{HTTP/1.1,[http/1.1]}{0.0.0.0:43527}
2019-08-01 16:01:23,581 INFO  server.Server (Server.java:doStart(419)) - Started @3749ms
2019-08-01 16:01:23,582 INFO  server.BaseHttpServer (BaseHttpServer.java:updateConnectorAddress(207)) - HTTP server of OZONEMANAGER is listening at http://0.0.0.0:43527
2019-08-01 16:01:23,865 INFO  impl.MetricsSystemImpl (MetricsSystemImpl.java:init(158)) - HddsDatanode metrics system started (again)
2019-08-01 16:01:23,951 INFO  ozone.HddsDatanodeService (HddsDatanodeService.java:start(184)) - HddsDatanodeService host:byscane-nightly-hwqnr-1260472869 ip:192.168.157.209
2019-08-01 16:01:23,982 INFO  volume.HddsVolume (HddsVolume.java:<init>(176)) - Creating Volume: /workdir/hadoop-ozone/integration-test/target/test-dir/MiniOzoneClusterImpl-485285ec-3b22-4c85-939e-23df22a82835/datanode-0/data/containers/hdds of  storage type : DISK and capacity : 52710309888
2019-08-01 16:01:23,983 INFO  volume.VolumeSet (VolumeSet.java:initializeVolumeSet(170)) - Added Volume : /workdir/hadoop-ozone/integration-test/target/test-dir/MiniOzoneClusterImpl-485285ec-3b22-4c85-939e-23df22a82835/datanode-0/data/containers/hdds to VolumeSet
2019-08-01 16:01:23,986 INFO  volume.ThrottledAsyncChecker (ThrottledAsyncChecker.java:schedule(140)) - Scheduling a check for org.apache.hadoop.ozone.container.common.volume.HddsVolume@108bdbd8
2019-08-01 16:01:24,004 INFO  volume.HddsVolumeChecker (HddsVolumeChecker.java:checkAllVolumes(203)) - Scheduled health check for volume org.apache.hadoop.ozone.container.common.volume.HddsVolume@108bdbd8
2019-08-01 16:01:24,112 INFO  impl.RaftServerProxy (ConfUtils.java:logGet(43)) - raft.rpc.type = GRPC (default)
2019-08-01 16:01:24,176 INFO  grpc.GrpcFactory (GrpcFactory.java:checkPooledByteBufAllocatorUseCacheForAllThreads(45)) - PERFORMANCE WARNING: useCacheForAllThreads is true that may cause Netty to create a lot garbage objects and, as a result, trigger GC.
	It is recommended to disable useCacheForAllThreads by setting -Dorg.apache.ratis.thirdparty.io.netty.allocator.useCacheForAllThreads=false in command line.
2019-08-01 16:01:24,180 INFO  grpc.GrpcConfigKeys$Server (ConfUtils.java:logGet(43)) - raft.grpc.server.port = 0 (default)
2019-08-01 16:01:24,181 INFO  server.GrpcService (ConfUtils.java:logGet(43)) - raft.grpc.message.size.max = 33570816 (custom)
2019-08-01 16:01:24,183 INFO  server.RaftServerConfigKeys (ConfUtils.java:logGet(43)) - raft.server.log.appender.buffer.byte-limit = 33554432 (custom)
2019-08-01 16:01:24,183 INFO  server.GrpcService (ConfUtils.java:logGet(43)) - raft.grpc.flow.control.window = 1MB (=1048576) (default)
2019-08-01 16:01:24,184 INFO  server.RaftServerConfigKeys (ConfUtils.java:logGet(43)) - raft.server.rpc.request.timeout = 3000ms (default)
2019-08-01 16:01:24,338 INFO  server.RaftServerConfigKeys (ConfUtils.java:logGet(43)) - raft.server.storage.dir = [/workdir/hadoop-ozone/integration-test/target/test-dir/MiniOzoneClusterImpl-485285ec-3b22-4c85-939e-23df22a82835/datanode-0/data/ratis] (custom)
2019-08-01 16:01:24,390 INFO  replication.SimpleContainerDownloader (SimpleContainerDownloader.java:<init>(72)) - Starting container downloader service to copy containers to replicate.
2019-08-01 16:01:24,407 INFO  hdfs.DFSUtil (DFSUtil.java:httpServerTemplateForNNAndJN(1641)) - Starting Web-server for hddsDatanode at: http://0.0.0.0:0
2019-08-01 16:01:24,409 INFO  server.AuthenticationFilter (AuthenticationFilter.java:constructSecretProvider(240)) - Unable to initialize FileSignerSecretProvider, falling back to use random secrets.
2019-08-01 16:01:24,410 WARN  http.HttpRequestLog (HttpRequestLog.java:getRequestLog(97)) - Jetty request log can only be enabled using Log4j
2019-08-01 16:01:24,413 INFO  http.HttpServer2 (HttpServer2.java:addGlobalFilter(975)) - Added global filter 'safety' (class=org.apache.hadoop.http.HttpServer2$QuotingInputFilter)
2019-08-01 16:01:24,414 INFO  http.HttpServer2 (HttpServer2.java:addFilter(948)) - Added filter static_user_filter (class=org.apache.hadoop.http.lib.StaticUserWebFilter$StaticUserFilter) to context hddsDatanode
2019-08-01 16:01:24,415 INFO  http.HttpServer2 (HttpServer2.java:addFilter(958)) - Added filter static_user_filter (class=org.apache.hadoop.http.lib.StaticUserWebFilter$StaticUserFilter) to context logs
2019-08-01 16:01:24,415 INFO  http.HttpServer2 (HttpServer2.java:addFilter(958)) - Added filter static_user_filter (class=org.apache.hadoop.http.lib.StaticUserWebFilter$StaticUserFilter) to context static
2019-08-01 16:01:24,416 INFO  http.HttpServer2 (HttpServer2.java:bindListener(1191)) - Jetty bound to port 40913
2019-08-01 16:01:24,417 INFO  server.Server (Server.java:doStart(351)) - jetty-9.3.24.v20180605, build timestamp: 2018-06-05T17:11:56Z, git hash: 84205aa28f11a4f31f2a3b86d1bba2cc8ab69827
2019-08-01 16:01:24,419 INFO  handler.ContextHandler (ContextHandler.java:doStart(781)) - Started o.e.j.s.ServletContextHandler@4e08acf9{/logs,file:///workdir/hadoop-ozone/integration-test/target/log,AVAILABLE}
2019-08-01 16:01:24,420 INFO  handler.ContextHandler (ContextHandler.java:doStart(781)) - Started o.e.j.s.ServletContextHandler@78cd163b{/static,jar:file:/home/user/.m2/repository/org/apache/hadoop/hadoop-hdds-container-service/0.4.1-SNAPSHOT/hadoop-hdds-container-service-0.4.1-SNAPSHOT.jar!/webapps/static,AVAILABLE}
2019-08-01 16:01:24,462 INFO  handler.ContextHandler (ContextHandler.java:doStart(781)) - Started o.e.j.w.WebAppContext@472a11ae{/,file:///tmp/jetty-0.0.0.0-40913-hddsDatanode-_-any-4337454700579430567.dir/webapp/,AVAILABLE}{/hddsDatanode}
2019-08-01 16:01:24,463 INFO  server.AbstractConnector (AbstractConnector.java:doStart(278)) - Started ServerConnector@dc79225{HTTP/1.1,[http/1.1]}{0.0.0.0:40913}
2019-08-01 16:01:24,464 INFO  server.Server (Server.java:doStart(419)) - Started @4631ms
2019-08-01 16:01:24,466 INFO  server.BaseHttpServer (BaseHttpServer.java:updateConnectorAddress(207)) - HTTP server of HDDSDATANODE is listening at http://0.0.0.0:40913
2019-08-01 16:01:25,683 INFO  ozone.HddsDatanodeService (HddsDatanodeService.java:startPlugins(395)) - Started plug-in org.apache.hadoop.ozone.web.OzoneHddsDatanodeService@385dfb63
2019-08-01 16:01:25,684 INFO  impl.MetricsSystemImpl (MetricsSystemImpl.java:init(158)) - HddsDatanode metrics system started (again)
2019-08-01 16:01:25,688 INFO  ozone.HddsDatanodeService (HddsDatanodeService.java:start(184)) - HddsDatanodeService host:byscane-nightly-hwqnr-1260472869 ip:192.168.157.209
2019-08-01 16:01:25,692 INFO  util.JvmPauseMonitor (JvmPauseMonitor.java:run(188)) - Starting JVM pause monitor
2019-08-01 16:01:25,699 INFO  volume.HddsVolume (HddsVolume.java:<init>(176)) - Creating Volume: /workdir/hadoop-ozone/integration-test/target/test-dir/MiniOzoneClusterImpl-485285ec-3b22-4c85-939e-23df22a82835/datanode-1/data/containers/hdds of  storage type : DISK and capacity : 52710309888
2019-08-01 16:01:25,701 INFO  volume.VolumeSet (VolumeSet.java:initializeVolumeSet(170)) - Added Volume : /workdir/hadoop-ozone/integration-test/target/test-dir/MiniOzoneClusterImpl-485285ec-3b22-4c85-939e-23df22a82835/datanode-1/data/containers/hdds to VolumeSet
2019-08-01 16:01:25,702 INFO  volume.ThrottledAsyncChecker (ThrottledAsyncChecker.java:schedule(140)) - Scheduling a check for org.apache.hadoop.ozone.container.common.volume.HddsVolume@796d33eb
2019-08-01 16:01:25,705 INFO  volume.HddsVolumeChecker (HddsVolumeChecker.java:checkAllVolumes(203)) - Scheduled health check for volume org.apache.hadoop.ozone.container.common.volume.HddsVolume@796d33eb
2019-08-01 16:01:25,740 INFO  impl.RaftServerProxy (ConfUtils.java:logGet(43)) - raft.rpc.type = GRPC (default)
2019-08-01 16:01:25,742 INFO  grpc.GrpcFactory (GrpcFactory.java:checkPooledByteBufAllocatorUseCacheForAllThreads(45)) - PERFORMANCE WARNING: useCacheForAllThreads is true that may cause Netty to create a lot garbage objects and, as a result, trigger GC.
	It is recommended to disable useCacheForAllThreads by setting -Dorg.apache.ratis.thirdparty.io.netty.allocator.useCacheForAllThreads=false in command line.
2019-08-01 16:01:25,743 INFO  grpc.GrpcConfigKeys$Server (ConfUtils.java:logGet(43)) - raft.grpc.server.port = 0 (default)
2019-08-01 16:01:25,743 INFO  server.GrpcService (ConfUtils.java:logGet(43)) - raft.grpc.message.size.max = 33570816 (custom)
2019-08-01 16:01:25,744 INFO  server.RaftServerConfigKeys (ConfUtils.java:logGet(43)) - raft.server.log.appender.buffer.byte-limit = 33554432 (custom)
2019-08-01 16:01:25,744 INFO  server.GrpcService (ConfUtils.java:logGet(43)) - raft.grpc.flow.control.window = 1MB (=1048576) (default)
2019-08-01 16:01:25,744 INFO  server.RaftServerConfigKeys (ConfUtils.java:logGet(43)) - raft.server.rpc.request.timeout = 3000ms (default)
2019-08-01 16:01:25,746 INFO  server.RaftServerConfigKeys (ConfUtils.java:logGet(43)) - raft.server.storage.dir = [/workdir/hadoop-ozone/integration-test/target/test-dir/MiniOzoneClusterImpl-485285ec-3b22-4c85-939e-23df22a82835/datanode-1/data/ratis] (custom)
2019-08-01 16:01:25,748 INFO  replication.SimpleContainerDownloader (SimpleContainerDownloader.java:<init>(72)) - Starting container downloader service to copy containers to replicate.
2019-08-01 16:01:25,750 INFO  hdfs.DFSUtil (DFSUtil.java:httpServerTemplateForNNAndJN(1641)) - Starting Web-server for hddsDatanode at: http://0.0.0.0:0
2019-08-01 16:01:25,753 INFO  server.AuthenticationFilter (AuthenticationFilter.java:constructSecretProvider(240)) - Unable to initialize FileSignerSecretProvider, falling back to use random secrets.
2019-08-01 16:01:25,755 WARN  http.HttpRequestLog (HttpRequestLog.java:getRequestLog(97)) - Jetty request log can only be enabled using Log4j
2019-08-01 16:01:25,757 INFO  http.HttpServer2 (HttpServer2.java:addGlobalFilter(975)) - Added global filter 'safety' (class=org.apache.hadoop.http.HttpServer2$QuotingInputFilter)
2019-08-01 16:01:25,757 INFO  http.HttpServer2 (HttpServer2.java:addFilter(948)) - Added filter static_user_filter (class=org.apache.hadoop.http.lib.StaticUserWebFilter$StaticUserFilter) to context hddsDatanode
2019-08-01 16:01:25,758 INFO  http.HttpServer2 (HttpServer2.java:addFilter(958)) - Added filter static_user_filter (class=org.apache.hadoop.http.lib.StaticUserWebFilter$StaticUserFilter) to context logs
2019-08-01 16:01:25,758 INFO  http.HttpServer2 (HttpServer2.java:addFilter(958)) - Added filter static_user_filter (class=org.apache.hadoop.http.lib.StaticUserWebFilter$StaticUserFilter) to context static
2019-08-01 16:01:25,759 INFO  http.HttpServer2 (HttpServer2.java:bindListener(1191)) - Jetty bound to port 39487
2019-08-01 16:01:25,759 INFO  server.Server (Server.java:doStart(351)) - jetty-9.3.24.v20180605, build timestamp: 2018-06-05T17:11:56Z, git hash: 84205aa28f11a4f31f2a3b86d1bba2cc8ab69827
2019-08-01 16:01:25,762 INFO  handler.ContextHandler (ContextHandler.java:doStart(781)) - Started o.e.j.s.ServletContextHandler@2d7637e6{/logs,file:///workdir/hadoop-ozone/integration-test/target/log,AVAILABLE}
2019-08-01 16:01:25,763 INFO  handler.ContextHandler (ContextHandler.java:doStart(781)) - Started o.e.j.s.ServletContextHandler@39b626e5{/static,jar:file:/home/user/.m2/repository/org/apache/hadoop/hadoop-hdds-container-service/0.4.1-SNAPSHOT/hadoop-hdds-container-service-0.4.1-SNAPSHOT.jar!/webapps/static,AVAILABLE}
2019-08-01 16:01:25,797 INFO  handler.ContextHandler (ContextHandler.java:doStart(781)) - Started o.e.j.w.WebAppContext@9b47400{/,file:///tmp/jetty-0.0.0.0-39487-hddsDatanode-_-any-6758089832342436263.dir/webapp/,AVAILABLE}{/hddsDatanode}
2019-08-01 16:01:25,798 INFO  server.AbstractConnector (AbstractConnector.java:doStart(278)) - Started ServerConnector@747835f5{HTTP/1.1,[http/1.1]}{0.0.0.0:39487}
2019-08-01 16:01:25,798 INFO  server.Server (Server.java:doStart(419)) - Started @5966ms
2019-08-01 16:01:25,801 INFO  server.BaseHttpServer (BaseHttpServer.java:updateConnectorAddress(207)) - HTTP server of HDDSDATANODE is listening at http://0.0.0.0:39487
2019-08-01 16:01:25,830 INFO  datanode.InitDatanodeState (InitDatanodeState.java:persistContainerDatanodeDetails(140)) - DatanodeDetails is persisted to /workdir/hadoop-ozone/integration-test/target/test-dir/MiniOzoneClusterImpl-485285ec-3b22-4c85-939e-23df22a82835/datanode-0/meta/datanode.id
2019-08-01 16:01:25,944 INFO  ozone.HddsDatanodeService (HddsDatanodeService.java:startPlugins(395)) - Started plug-in org.apache.hadoop.ozone.web.OzoneHddsDatanodeService@6ee5f485
2019-08-01 16:01:25,945 INFO  impl.MetricsSystemImpl (MetricsSystemImpl.java:init(158)) - HddsDatanode metrics system started (again)
2019-08-01 16:01:25,947 INFO  util.JvmPauseMonitor (JvmPauseMonitor.java:run(188)) - Starting JVM pause monitor
2019-08-01 16:01:25,947 INFO  ozone.HddsDatanodeService (HddsDatanodeService.java:start(184)) - HddsDatanodeService host:byscane-nightly-hwqnr-1260472869 ip:192.168.157.209
2019-08-01 16:01:25,954 INFO  datanode.InitDatanodeState (InitDatanodeState.java:persistContainerDatanodeDetails(140)) - DatanodeDetails is persisted to /workdir/hadoop-ozone/integration-test/target/test-dir/MiniOzoneClusterImpl-485285ec-3b22-4c85-939e-23df22a82835/datanode-1/meta/datanode.id
2019-08-01 16:01:25,960 INFO  volume.HddsVolume (HddsVolume.java:<init>(176)) - Creating Volume: /workdir/hadoop-ozone/integration-test/target/test-dir/MiniOzoneClusterImpl-485285ec-3b22-4c85-939e-23df22a82835/datanode-2/data/containers/hdds of  storage type : DISK and capacity : 52710309888
2019-08-01 16:01:25,960 INFO  volume.VolumeSet (VolumeSet.java:initializeVolumeSet(170)) - Added Volume : /workdir/hadoop-ozone/integration-test/target/test-dir/MiniOzoneClusterImpl-485285ec-3b22-4c85-939e-23df22a82835/datanode-2/data/containers/hdds to VolumeSet
2019-08-01 16:01:25,960 INFO  volume.ThrottledAsyncChecker (ThrottledAsyncChecker.java:schedule(140)) - Scheduling a check for org.apache.hadoop.ozone.container.common.volume.HddsVolume@30a7653e
2019-08-01 16:01:25,961 INFO  volume.HddsVolumeChecker (HddsVolumeChecker.java:checkAllVolumes(203)) - Scheduled health check for volume org.apache.hadoop.ozone.container.common.volume.HddsVolume@30a7653e
2019-08-01 16:01:25,976 INFO  impl.RaftServerProxy (ConfUtils.java:logGet(43)) - raft.rpc.type = GRPC (default)
2019-08-01 16:01:25,976 INFO  grpc.GrpcFactory (GrpcFactory.java:checkPooledByteBufAllocatorUseCacheForAllThreads(45)) - PERFORMANCE WARNING: useCacheForAllThreads is true that may cause Netty to create a lot garbage objects and, as a result, trigger GC.
	It is recommended to disable useCacheForAllThreads by setting -Dorg.apache.ratis.thirdparty.io.netty.allocator.useCacheForAllThreads=false in command line.
2019-08-01 16:01:25,977 INFO  grpc.GrpcConfigKeys$Server (ConfUtils.java:logGet(43)) - raft.grpc.server.port = 0 (default)
2019-08-01 16:01:25,977 INFO  server.GrpcService (ConfUtils.java:logGet(43)) - raft.grpc.message.size.max = 33570816 (custom)
2019-08-01 16:01:25,977 INFO  server.RaftServerConfigKeys (ConfUtils.java:logGet(43)) - raft.server.log.appender.buffer.byte-limit = 33554432 (custom)
2019-08-01 16:01:25,977 INFO  server.GrpcService (ConfUtils.java:logGet(43)) - raft.grpc.flow.control.window = 1MB (=1048576) (default)
2019-08-01 16:01:25,978 INFO  server.RaftServerConfigKeys (ConfUtils.java:logGet(43)) - raft.server.rpc.request.timeout = 3000ms (default)
2019-08-01 16:01:25,978 INFO  server.RaftServerConfigKeys (ConfUtils.java:logGet(43)) - raft.server.storage.dir = [/workdir/hadoop-ozone/integration-test/target/test-dir/MiniOzoneClusterImpl-485285ec-3b22-4c85-939e-23df22a82835/datanode-2/data/ratis] (custom)
2019-08-01 16:01:25,979 INFO  replication.SimpleContainerDownloader (SimpleContainerDownloader.java:<init>(72)) - Starting container downloader service to copy containers to replicate.
2019-08-01 16:01:25,980 INFO  hdfs.DFSUtil (DFSUtil.java:httpServerTemplateForNNAndJN(1641)) - Starting Web-server for hddsDatanode at: http://0.0.0.0:0
2019-08-01 16:01:25,981 INFO  server.AuthenticationFilter (AuthenticationFilter.java:constructSecretProvider(240)) - Unable to initialize FileSignerSecretProvider, falling back to use random secrets.
2019-08-01 16:01:25,982 WARN  http.HttpRequestLog (HttpRequestLog.java:getRequestLog(97)) - Jetty request log can only be enabled using Log4j
2019-08-01 16:01:25,983 INFO  http.HttpServer2 (HttpServer2.java:addGlobalFilter(975)) - Added global filter 'safety' (class=org.apache.hadoop.http.HttpServer2$QuotingInputFilter)
2019-08-01 16:01:25,984 INFO  http.HttpServer2 (HttpServer2.java:addFilter(948)) - Added filter static_user_filter (class=org.apache.hadoop.http.lib.StaticUserWebFilter$StaticUserFilter) to context hddsDatanode
2019-08-01 16:01:25,984 INFO  http.HttpServer2 (HttpServer2.java:addFilter(958)) - Added filter static_user_filter (class=org.apache.hadoop.http.lib.StaticUserWebFilter$StaticUserFilter) to context static
2019-08-01 16:01:25,984 INFO  http.HttpServer2 (HttpServer2.java:addFilter(958)) - Added filter static_user_filter (class=org.apache.hadoop.http.lib.StaticUserWebFilter$StaticUserFilter) to context logs
2019-08-01 16:01:25,985 INFO  http.HttpServer2 (HttpServer2.java:bindListener(1191)) - Jetty bound to port 41514
2019-08-01 16:01:25,985 INFO  server.Server (Server.java:doStart(351)) - jetty-9.3.24.v20180605, build timestamp: 2018-06-05T17:11:56Z, git hash: 84205aa28f11a4f31f2a3b86d1bba2cc8ab69827
2019-08-01 16:01:25,988 INFO  handler.ContextHandler (ContextHandler.java:doStart(781)) - Started o.e.j.s.ServletContextHandler@6b63abdc{/logs,file:///workdir/hadoop-ozone/integration-test/target/log,AVAILABLE}
2019-08-01 16:01:25,989 INFO  handler.ContextHandler (ContextHandler.java:doStart(781)) - Started o.e.j.s.ServletContextHandler@5f08fe00{/static,jar:file:/home/user/.m2/repository/org/apache/hadoop/hadoop-hdds-container-service/0.4.1-SNAPSHOT/hadoop-hdds-container-service-0.4.1-SNAPSHOT.jar!/webapps/static,AVAILABLE}
2019-08-01 16:01:26,016 INFO  handler.ContextHandler (ContextHandler.java:doStart(781)) - Started o.e.j.w.WebAppContext@27976390{/,file:///tmp/jetty-0.0.0.0-41514-hddsDatanode-_-any-7135694833993352278.dir/webapp/,AVAILABLE}{/hddsDatanode}
2019-08-01 16:01:26,017 INFO  server.AbstractConnector (AbstractConnector.java:doStart(278)) - Started ServerConnector@37e0056e{HTTP/1.1,[http/1.1]}{0.0.0.0:41514}
2019-08-01 16:01:26,017 INFO  server.Server (Server.java:doStart(419)) - Started @6185ms
2019-08-01 16:01:26,019 INFO  server.BaseHttpServer (BaseHttpServer.java:updateConnectorAddress(207)) - HTTP server of HDDSDATANODE is listening at http://0.0.0.0:41514
2019-08-01 16:01:26,152 INFO  ozone.HddsDatanodeService (HddsDatanodeService.java:startPlugins(395)) - Started plug-in org.apache.hadoop.ozone.web.OzoneHddsDatanodeService@1e00bfe2
2019-08-01 16:01:26,152 INFO  impl.MetricsSystemImpl (MetricsSystemImpl.java:init(158)) - HddsDatanode metrics system started (again)
2019-08-01 16:01:26,154 INFO  ozone.HddsDatanodeService (HddsDatanodeService.java:start(184)) - HddsDatanodeService host:byscane-nightly-hwqnr-1260472869 ip:192.168.157.209
2019-08-01 16:01:26,155 INFO  util.JvmPauseMonitor (JvmPauseMonitor.java:run(188)) - Starting JVM pause monitor
2019-08-01 16:01:26,158 INFO  datanode.InitDatanodeState (InitDatanodeState.java:persistContainerDatanodeDetails(140)) - DatanodeDetails is persisted to /workdir/hadoop-ozone/integration-test/target/test-dir/MiniOzoneClusterImpl-485285ec-3b22-4c85-939e-23df22a82835/datanode-2/meta/datanode.id
2019-08-01 16:01:26,164 INFO  volume.HddsVolume (HddsVolume.java:<init>(176)) - Creating Volume: /workdir/hadoop-ozone/integration-test/target/test-dir/MiniOzoneClusterImpl-485285ec-3b22-4c85-939e-23df22a82835/datanode-3/data/containers/hdds of  storage type : DISK and capacity : 52710309888
2019-08-01 16:01:26,164 INFO  volume.VolumeSet (VolumeSet.java:initializeVolumeSet(170)) - Added Volume : /workdir/hadoop-ozone/integration-test/target/test-dir/MiniOzoneClusterImpl-485285ec-3b22-4c85-939e-23df22a82835/datanode-3/data/containers/hdds to VolumeSet
2019-08-01 16:01:26,164 INFO  volume.ThrottledAsyncChecker (ThrottledAsyncChecker.java:schedule(140)) - Scheduling a check for org.apache.hadoop.ozone.container.common.volume.HddsVolume@49580ca8
2019-08-01 16:01:26,165 INFO  volume.HddsVolumeChecker (HddsVolumeChecker.java:checkAllVolumes(203)) - Scheduled health check for volume org.apache.hadoop.ozone.container.common.volume.HddsVolume@49580ca8
2019-08-01 16:01:26,179 INFO  impl.RaftServerProxy (ConfUtils.java:logGet(43)) - raft.rpc.type = GRPC (default)
2019-08-01 16:01:26,179 INFO  grpc.GrpcFactory (GrpcFactory.java:checkPooledByteBufAllocatorUseCacheForAllThreads(45)) - PERFORMANCE WARNING: useCacheForAllThreads is true that may cause Netty to create a lot garbage objects and, as a result, trigger GC.
	It is recommended to disable useCacheForAllThreads by setting -Dorg.apache.ratis.thirdparty.io.netty.allocator.useCacheForAllThreads=false in command line.
2019-08-01 16:01:26,180 INFO  grpc.GrpcConfigKeys$Server (ConfUtils.java:logGet(43)) - raft.grpc.server.port = 0 (default)
2019-08-01 16:01:26,180 INFO  server.GrpcService (ConfUtils.java:logGet(43)) - raft.grpc.message.size.max = 33570816 (custom)
2019-08-01 16:01:26,180 INFO  server.RaftServerConfigKeys (ConfUtils.java:logGet(43)) - raft.server.log.appender.buffer.byte-limit = 33554432 (custom)
2019-08-01 16:01:26,180 INFO  server.GrpcService (ConfUtils.java:logGet(43)) - raft.grpc.flow.control.window = 1MB (=1048576) (default)
2019-08-01 16:01:26,181 INFO  server.RaftServerConfigKeys (ConfUtils.java:logGet(43)) - raft.server.rpc.request.timeout = 3000ms (default)
2019-08-01 16:01:26,181 INFO  server.RaftServerConfigKeys (ConfUtils.java:logGet(43)) - raft.server.storage.dir = [/workdir/hadoop-ozone/integration-test/target/test-dir/MiniOzoneClusterImpl-485285ec-3b22-4c85-939e-23df22a82835/datanode-3/data/ratis] (custom)
2019-08-01 16:01:26,182 INFO  replication.SimpleContainerDownloader (SimpleContainerDownloader.java:<init>(72)) - Starting container downloader service to copy containers to replicate.
2019-08-01 16:01:26,183 INFO  hdfs.DFSUtil (DFSUtil.java:httpServerTemplateForNNAndJN(1641)) - Starting Web-server for hddsDatanode at: http://0.0.0.0:0
2019-08-01 16:01:26,184 INFO  server.AuthenticationFilter (AuthenticationFilter.java:constructSecretProvider(240)) - Unable to initialize FileSignerSecretProvider, falling back to use random secrets.
2019-08-01 16:01:26,184 WARN  http.HttpRequestLog (HttpRequestLog.java:getRequestLog(97)) - Jetty request log can only be enabled using Log4j
2019-08-01 16:01:26,186 INFO  http.HttpServer2 (HttpServer2.java:addGlobalFilter(975)) - Added global filter 'safety' (class=org.apache.hadoop.http.HttpServer2$QuotingInputFilter)
2019-08-01 16:01:26,186 INFO  http.HttpServer2 (HttpServer2.java:addFilter(948)) - Added filter static_user_filter (class=org.apache.hadoop.http.lib.StaticUserWebFilter$StaticUserFilter) to context hddsDatanode
2019-08-01 16:01:26,186 INFO  http.HttpServer2 (HttpServer2.java:addFilter(958)) - Added filter static_user_filter (class=org.apache.hadoop.http.lib.StaticUserWebFilter$StaticUserFilter) to context static
2019-08-01 16:01:26,186 INFO  http.HttpServer2 (HttpServer2.java:addFilter(958)) - Added filter static_user_filter (class=org.apache.hadoop.http.lib.StaticUserWebFilter$StaticUserFilter) to context logs
2019-08-01 16:01:26,187 INFO  http.HttpServer2 (HttpServer2.java:bindListener(1191)) - Jetty bound to port 45625
2019-08-01 16:01:26,187 INFO  server.Server (Server.java:doStart(351)) - jetty-9.3.24.v20180605, build timestamp: 2018-06-05T17:11:56Z, git hash: 84205aa28f11a4f31f2a3b86d1bba2cc8ab69827
2019-08-01 16:01:26,189 INFO  handler.ContextHandler (ContextHandler.java:doStart(781)) - Started o.e.j.s.ServletContextHandler@5b29ab61{/logs,file:///workdir/hadoop-ozone/integration-test/target/log,AVAILABLE}
2019-08-01 16:01:26,190 INFO  handler.ContextHandler (ContextHandler.java:doStart(781)) - Started o.e.j.s.ServletContextHandler@1e1e837d{/static,jar:file:/home/user/.m2/repository/org/apache/hadoop/hadoop-hdds-container-service/0.4.1-SNAPSHOT/hadoop-hdds-container-service-0.4.1-SNAPSHOT.jar!/webapps/static,AVAILABLE}
2019-08-01 16:01:26,217 INFO  handler.ContextHandler (ContextHandler.java:doStart(781)) - Started o.e.j.w.WebAppContext@33d7765a{/,file:///tmp/jetty-0.0.0.0-45625-hddsDatanode-_-any-249256164017257797.dir/webapp/,AVAILABLE}{/hddsDatanode}
2019-08-01 16:01:26,218 INFO  server.AbstractConnector (AbstractConnector.java:doStart(278)) - Started ServerConnector@69ed5ea2{HTTP/1.1,[http/1.1]}{0.0.0.0:45625}
2019-08-01 16:01:26,219 INFO  server.Server (Server.java:doStart(419)) - Started @6387ms
2019-08-01 16:01:26,221 INFO  server.BaseHttpServer (BaseHttpServer.java:updateConnectorAddress(207)) - HTTP server of HDDSDATANODE is listening at http://0.0.0.0:45625
2019-08-01 16:01:26,359 INFO  ozone.HddsDatanodeService (HddsDatanodeService.java:startPlugins(395)) - Started plug-in org.apache.hadoop.ozone.web.OzoneHddsDatanodeService@285a4fe3
2019-08-01 16:01:26,360 INFO  impl.MetricsSystemImpl (MetricsSystemImpl.java:init(158)) - HddsDatanode metrics system started (again)
2019-08-01 16:01:26,362 INFO  ozone.HddsDatanodeService (HddsDatanodeService.java:start(184)) - HddsDatanodeService host:byscane-nightly-hwqnr-1260472869 ip:192.168.157.209
2019-08-01 16:01:26,362 INFO  util.JvmPauseMonitor (JvmPauseMonitor.java:run(188)) - Starting JVM pause monitor
2019-08-01 16:01:26,365 INFO  datanode.InitDatanodeState (InitDatanodeState.java:persistContainerDatanodeDetails(140)) - DatanodeDetails is persisted to /workdir/hadoop-ozone/integration-test/target/test-dir/MiniOzoneClusterImpl-485285ec-3b22-4c85-939e-23df22a82835/datanode-3/meta/datanode.id
2019-08-01 16:01:26,370 INFO  volume.HddsVolume (HddsVolume.java:<init>(176)) - Creating Volume: /workdir/hadoop-ozone/integration-test/target/test-dir/MiniOzoneClusterImpl-485285ec-3b22-4c85-939e-23df22a82835/datanode-4/data/containers/hdds of  storage type : DISK and capacity : 52710309888
2019-08-01 16:01:26,370 INFO  volume.VolumeSet (VolumeSet.java:initializeVolumeSet(170)) - Added Volume : /workdir/hadoop-ozone/integration-test/target/test-dir/MiniOzoneClusterImpl-485285ec-3b22-4c85-939e-23df22a82835/datanode-4/data/containers/hdds to VolumeSet
2019-08-01 16:01:26,370 INFO  volume.ThrottledAsyncChecker (ThrottledAsyncChecker.java:schedule(140)) - Scheduling a check for org.apache.hadoop.ozone.container.common.volume.HddsVolume@2dc39b53
2019-08-01 16:01:26,371 INFO  volume.HddsVolumeChecker (HddsVolumeChecker.java:checkAllVolumes(203)) - Scheduled health check for volume org.apache.hadoop.ozone.container.common.volume.HddsVolume@2dc39b53
2019-08-01 16:01:26,385 INFO  impl.RaftServerProxy (ConfUtils.java:logGet(43)) - raft.rpc.type = GRPC (default)
2019-08-01 16:01:26,386 INFO  grpc.GrpcFactory (GrpcFactory.java:checkPooledByteBufAllocatorUseCacheForAllThreads(45)) - PERFORMANCE WARNING: useCacheForAllThreads is true that may cause Netty to create a lot garbage objects and, as a result, trigger GC.
	It is recommended to disable useCacheForAllThreads by setting -Dorg.apache.ratis.thirdparty.io.netty.allocator.useCacheForAllThreads=false in command line.
2019-08-01 16:01:26,386 INFO  grpc.GrpcConfigKeys$Server (ConfUtils.java:logGet(43)) - raft.grpc.server.port = 0 (default)
2019-08-01 16:01:26,386 INFO  server.GrpcService (ConfUtils.java:logGet(43)) - raft.grpc.message.size.max = 33570816 (custom)
2019-08-01 16:01:26,386 INFO  server.RaftServerConfigKeys (ConfUtils.java:logGet(43)) - raft.server.log.appender.buffer.byte-limit = 33554432 (custom)
2019-08-01 16:01:26,387 INFO  server.GrpcService (ConfUtils.java:logGet(43)) - raft.grpc.flow.control.window = 1MB (=1048576) (default)
2019-08-01 16:01:26,387 INFO  server.RaftServerConfigKeys (ConfUtils.java:logGet(43)) - raft.server.rpc.request.timeout = 3000ms (default)
2019-08-01 16:01:26,387 INFO  server.RaftServerConfigKeys (ConfUtils.java:logGet(43)) - raft.server.storage.dir = [/workdir/hadoop-ozone/integration-test/target/test-dir/MiniOzoneClusterImpl-485285ec-3b22-4c85-939e-23df22a82835/datanode-4/data/ratis] (custom)
2019-08-01 16:01:26,388 INFO  replication.SimpleContainerDownloader (SimpleContainerDownloader.java:<init>(72)) - Starting container downloader service to copy containers to replicate.
2019-08-01 16:01:26,389 INFO  hdfs.DFSUtil (DFSUtil.java:httpServerTemplateForNNAndJN(1641)) - Starting Web-server for hddsDatanode at: http://0.0.0.0:0
2019-08-01 16:01:26,390 INFO  server.AuthenticationFilter (AuthenticationFilter.java:constructSecretProvider(240)) - Unable to initialize FileSignerSecretProvider, falling back to use random secrets.
2019-08-01 16:01:26,391 WARN  http.HttpRequestLog (HttpRequestLog.java:getRequestLog(97)) - Jetty request log can only be enabled using Log4j
2019-08-01 16:01:26,392 INFO  http.HttpServer2 (HttpServer2.java:addGlobalFilter(975)) - Added global filter 'safety' (class=org.apache.hadoop.http.HttpServer2$QuotingInputFilter)
2019-08-01 16:01:26,393 INFO  http.HttpServer2 (HttpServer2.java:addFilter(948)) - Added filter static_user_filter (class=org.apache.hadoop.http.lib.StaticUserWebFilter$StaticUserFilter) to context hddsDatanode
2019-08-01 16:01:26,393 INFO  http.HttpServer2 (HttpServer2.java:addFilter(958)) - Added filter static_user_filter (class=org.apache.hadoop.http.lib.StaticUserWebFilter$StaticUserFilter) to context static
2019-08-01 16:01:26,393 INFO  http.HttpServer2 (HttpServer2.java:addFilter(958)) - Added filter static_user_filter (class=org.apache.hadoop.http.lib.StaticUserWebFilter$StaticUserFilter) to context logs
2019-08-01 16:01:26,393 INFO  http.HttpServer2 (HttpServer2.java:bindListener(1191)) - Jetty bound to port 41368
2019-08-01 16:01:26,394 INFO  server.Server (Server.java:doStart(351)) - jetty-9.3.24.v20180605, build timestamp: 2018-06-05T17:11:56Z, git hash: 84205aa28f11a4f31f2a3b86d1bba2cc8ab69827
2019-08-01 16:01:26,398 INFO  handler.ContextHandler (ContextHandler.java:doStart(781)) - Started o.e.j.s.ServletContextHandler@42c12b3e{/logs,file:///workdir/hadoop-ozone/integration-test/target/log,AVAILABLE}
2019-08-01 16:01:26,399 INFO  handler.ContextHandler (ContextHandler.java:doStart(781)) - Started o.e.j.s.ServletContextHandler@46f73ffa{/static,jar:file:/home/user/.m2/repository/org/apache/hadoop/hadoop-hdds-container-service/0.4.1-SNAPSHOT/hadoop-hdds-container-service-0.4.1-SNAPSHOT.jar!/webapps/static,AVAILABLE}
2019-08-01 16:01:26,427 INFO  handler.ContextHandler (ContextHandler.java:doStart(781)) - Started o.e.j.w.WebAppContext@251c90f{/,file:///tmp/jetty-0.0.0.0-41368-hddsDatanode-_-any-2721256128046593089.dir/webapp/,AVAILABLE}{/hddsDatanode}
2019-08-01 16:01:26,427 INFO  server.AbstractConnector (AbstractConnector.java:doStart(278)) - Started ServerConnector@6629643d{HTTP/1.1,[http/1.1]}{0.0.0.0:41368}
2019-08-01 16:01:26,428 INFO  server.Server (Server.java:doStart(419)) - Started @6596ms
2019-08-01 16:01:26,429 INFO  server.BaseHttpServer (BaseHttpServer.java:updateConnectorAddress(207)) - HTTP server of HDDSDATANODE is listening at http://0.0.0.0:41368
2019-08-01 16:01:26,550 INFO  ozone.HddsDatanodeService (HddsDatanodeService.java:startPlugins(395)) - Started plug-in org.apache.hadoop.ozone.web.OzoneHddsDatanodeService@1c3b6963
2019-08-01 16:01:26,550 INFO  impl.MetricsSystemImpl (MetricsSystemImpl.java:init(158)) - HddsDatanode metrics system started (again)
2019-08-01 16:01:26,553 INFO  ozone.HddsDatanodeService (HddsDatanodeService.java:start(184)) - HddsDatanodeService host:byscane-nightly-hwqnr-1260472869 ip:192.168.157.209
2019-08-01 16:01:26,553 INFO  util.JvmPauseMonitor (JvmPauseMonitor.java:run(188)) - Starting JVM pause monitor
2019-08-01 16:01:26,555 INFO  datanode.InitDatanodeState (InitDatanodeState.java:persistContainerDatanodeDetails(140)) - DatanodeDetails is persisted to /workdir/hadoop-ozone/integration-test/target/test-dir/MiniOzoneClusterImpl-485285ec-3b22-4c85-939e-23df22a82835/datanode-4/meta/datanode.id
2019-08-01 16:01:26,560 INFO  volume.HddsVolume (HddsVolume.java:<init>(176)) - Creating Volume: /workdir/hadoop-ozone/integration-test/target/test-dir/MiniOzoneClusterImpl-485285ec-3b22-4c85-939e-23df22a82835/datanode-5/data/containers/hdds of  storage type : DISK and capacity : 52710309888
2019-08-01 16:01:26,561 INFO  volume.VolumeSet (VolumeSet.java:initializeVolumeSet(170)) - Added Volume : /workdir/hadoop-ozone/integration-test/target/test-dir/MiniOzoneClusterImpl-485285ec-3b22-4c85-939e-23df22a82835/datanode-5/data/containers/hdds to VolumeSet
2019-08-01 16:01:26,561 INFO  volume.ThrottledAsyncChecker (ThrottledAsyncChecker.java:schedule(140)) - Scheduling a check for org.apache.hadoop.ozone.container.common.volume.HddsVolume@4bc9ca97
2019-08-01 16:01:26,561 INFO  volume.HddsVolumeChecker (HddsVolumeChecker.java:checkAllVolumes(203)) - Scheduled health check for volume org.apache.hadoop.ozone.container.common.volume.HddsVolume@4bc9ca97
2019-08-01 16:01:26,576 INFO  impl.RaftServerProxy (ConfUtils.java:logGet(43)) - raft.rpc.type = GRPC (default)
2019-08-01 16:01:26,576 INFO  grpc.GrpcFactory (GrpcFactory.java:checkPooledByteBufAllocatorUseCacheForAllThreads(45)) - PERFORMANCE WARNING: useCacheForAllThreads is true that may cause Netty to create a lot garbage objects and, as a result, trigger GC.
	It is recommended to disable useCacheForAllThreads by setting -Dorg.apache.ratis.thirdparty.io.netty.allocator.useCacheForAllThreads=false in command line.
2019-08-01 16:01:26,577 INFO  grpc.GrpcConfigKeys$Server (ConfUtils.java:logGet(43)) - raft.grpc.server.port = 0 (default)
2019-08-01 16:01:26,577 INFO  server.GrpcService (ConfUtils.java:logGet(43)) - raft.grpc.message.size.max = 33570816 (custom)
2019-08-01 16:01:26,577 INFO  server.RaftServerConfigKeys (ConfUtils.java:logGet(43)) - raft.server.log.appender.buffer.byte-limit = 33554432 (custom)
2019-08-01 16:01:26,577 INFO  server.GrpcService (ConfUtils.java:logGet(43)) - raft.grpc.flow.control.window = 1MB (=1048576) (default)
2019-08-01 16:01:26,577 INFO  server.RaftServerConfigKeys (ConfUtils.java:logGet(43)) - raft.server.rpc.request.timeout = 3000ms (default)
2019-08-01 16:01:26,578 INFO  server.RaftServerConfigKeys (ConfUtils.java:logGet(43)) - raft.server.storage.dir = [/workdir/hadoop-ozone/integration-test/target/test-dir/MiniOzoneClusterImpl-485285ec-3b22-4c85-939e-23df22a82835/datanode-5/data/ratis] (custom)
2019-08-01 16:01:26,578 INFO  replication.SimpleContainerDownloader (SimpleContainerDownloader.java:<init>(72)) - Starting container downloader service to copy containers to replicate.
2019-08-01 16:01:26,580 INFO  hdfs.DFSUtil (DFSUtil.java:httpServerTemplateForNNAndJN(1641)) - Starting Web-server for hddsDatanode at: http://0.0.0.0:0
2019-08-01 16:01:26,581 INFO  server.AuthenticationFilter (AuthenticationFilter.java:constructSecretProvider(240)) - Unable to initialize FileSignerSecretProvider, falling back to use random secrets.
2019-08-01 16:01:26,581 WARN  http.HttpRequestLog (HttpRequestLog.java:getRequestLog(97)) - Jetty request log can only be enabled using Log4j
2019-08-01 16:01:26,582 INFO  http.HttpServer2 (HttpServer2.java:addGlobalFilter(975)) - Added global filter 'safety' (class=org.apache.hadoop.http.HttpServer2$QuotingInputFilter)
2019-08-01 16:01:26,583 INFO  http.HttpServer2 (HttpServer2.java:addFilter(948)) - Added filter static_user_filter (class=org.apache.hadoop.http.lib.StaticUserWebFilter$StaticUserFilter) to context hddsDatanode
2019-08-01 16:01:26,583 INFO  http.HttpServer2 (HttpServer2.java:addFilter(958)) - Added filter static_user_filter (class=org.apache.hadoop.http.lib.StaticUserWebFilter$StaticUserFilter) to context logs
2019-08-01 16:01:26,583 INFO  http.HttpServer2 (HttpServer2.java:addFilter(958)) - Added filter static_user_filter (class=org.apache.hadoop.http.lib.StaticUserWebFilter$StaticUserFilter) to context static
2019-08-01 16:01:26,584 INFO  http.HttpServer2 (HttpServer2.java:bindListener(1191)) - Jetty bound to port 39111
2019-08-01 16:01:26,584 INFO  server.Server (Server.java:doStart(351)) - jetty-9.3.24.v20180605, build timestamp: 2018-06-05T17:11:56Z, git hash: 84205aa28f11a4f31f2a3b86d1bba2cc8ab69827
2019-08-01 16:01:26,586 INFO  handler.ContextHandler (ContextHandler.java:doStart(781)) - Started o.e.j.s.ServletContextHandler@3f048c86{/logs,file:///workdir/hadoop-ozone/integration-test/target/log,AVAILABLE}
2019-08-01 16:01:26,586 INFO  handler.ContextHandler (ContextHandler.java:doStart(781)) - Started o.e.j.s.ServletContextHandler@1de13f34{/static,jar:file:/home/user/.m2/repository/org/apache/hadoop/hadoop-hdds-container-service/0.4.1-SNAPSHOT/hadoop-hdds-container-service-0.4.1-SNAPSHOT.jar!/webapps/static,AVAILABLE}
2019-08-01 16:01:26,614 INFO  handler.ContextHandler (ContextHandler.java:doStart(781)) - Started o.e.j.w.WebAppContext@256589a1{/,file:///tmp/jetty-0.0.0.0-39111-hddsDatanode-_-any-6351633632197386338.dir/webapp/,AVAILABLE}{/hddsDatanode}
2019-08-01 16:01:26,616 INFO  server.AbstractConnector (AbstractConnector.java:doStart(278)) - Started ServerConnector@935493d{HTTP/1.1,[http/1.1]}{0.0.0.0:39111}
2019-08-01 16:01:26,616 INFO  server.Server (Server.java:doStart(419)) - Started @6784ms
2019-08-01 16:01:26,617 INFO  server.BaseHttpServer (BaseHttpServer.java:updateConnectorAddress(207)) - HTTP server of HDDSDATANODE is listening at http://0.0.0.0:39111
2019-08-01 16:01:26,735 INFO  ozone.HddsDatanodeService (HddsDatanodeService.java:startPlugins(395)) - Started plug-in org.apache.hadoop.ozone.web.OzoneHddsDatanodeService@69d103f0
2019-08-01 16:01:26,736 INFO  impl.MetricsSystemImpl (MetricsSystemImpl.java:init(158)) - HddsDatanode metrics system started (again)
2019-08-01 16:01:26,738 INFO  util.JvmPauseMonitor (JvmPauseMonitor.java:run(188)) - Starting JVM pause monitor
2019-08-01 16:01:26,741 INFO  datanode.InitDatanodeState (InitDatanodeState.java:persistContainerDatanodeDetails(140)) - DatanodeDetails is persisted to /workdir/hadoop-ozone/integration-test/target/test-dir/MiniOzoneClusterImpl-485285ec-3b22-4c85-939e-23df22a82835/datanode-5/meta/datanode.id
2019-08-01 16:01:26,741 INFO  ozone.HddsDatanodeService (HddsDatanodeService.java:start(184)) - HddsDatanodeService host:byscane-nightly-hwqnr-1260472869 ip:192.168.157.209
2019-08-01 16:01:26,751 INFO  volume.HddsVolume (HddsVolume.java:<init>(176)) - Creating Volume: /workdir/hadoop-ozone/integration-test/target/test-dir/MiniOzoneClusterImpl-485285ec-3b22-4c85-939e-23df22a82835/datanode-6/data/containers/hdds of  storage type : DISK and capacity : 52710309888
2019-08-01 16:01:26,751 INFO  volume.VolumeSet (VolumeSet.java:initializeVolumeSet(170)) - Added Volume : /workdir/hadoop-ozone/integration-test/target/test-dir/MiniOzoneClusterImpl-485285ec-3b22-4c85-939e-23df22a82835/datanode-6/data/containers/hdds to VolumeSet
2019-08-01 16:01:26,752 INFO  volume.ThrottledAsyncChecker (ThrottledAsyncChecker.java:schedule(140)) - Scheduling a check for org.apache.hadoop.ozone.container.common.volume.HddsVolume@b506ed0
2019-08-01 16:01:26,752 INFO  volume.HddsVolumeChecker (HddsVolumeChecker.java:checkAllVolumes(203)) - Scheduled health check for volume org.apache.hadoop.ozone.container.common.volume.HddsVolume@b506ed0
2019-08-01 16:01:26,775 INFO  impl.RaftServerProxy (ConfUtils.java:logGet(43)) - raft.rpc.type = GRPC (default)
2019-08-01 16:01:26,776 INFO  grpc.GrpcFactory (GrpcFactory.java:checkPooledByteBufAllocatorUseCacheForAllThreads(45)) - PERFORMANCE WARNING: useCacheForAllThreads is true that may cause Netty to create a lot garbage objects and, as a result, trigger GC.
	It is recommended to disable useCacheForAllThreads by setting -Dorg.apache.ratis.thirdparty.io.netty.allocator.useCacheForAllThreads=false in command line.
2019-08-01 16:01:26,776 INFO  grpc.GrpcConfigKeys$Server (ConfUtils.java:logGet(43)) - raft.grpc.server.port = 0 (default)
2019-08-01 16:01:26,776 INFO  server.GrpcService (ConfUtils.java:logGet(43)) - raft.grpc.message.size.max = 33570816 (custom)
2019-08-01 16:01:26,777 INFO  server.RaftServerConfigKeys (ConfUtils.java:logGet(43)) - raft.server.log.appender.buffer.byte-limit = 33554432 (custom)
2019-08-01 16:01:26,777 INFO  server.GrpcService (ConfUtils.java:logGet(43)) - raft.grpc.flow.control.window = 1MB (=1048576) (default)
2019-08-01 16:01:26,777 INFO  server.RaftServerConfigKeys (ConfUtils.java:logGet(43)) - raft.server.rpc.request.timeout = 3000ms (default)
2019-08-01 16:01:26,778 INFO  server.RaftServerConfigKeys (ConfUtils.java:logGet(43)) - raft.server.storage.dir = [/workdir/hadoop-ozone/integration-test/target/test-dir/MiniOzoneClusterImpl-485285ec-3b22-4c85-939e-23df22a82835/datanode-6/data/ratis] (custom)
2019-08-01 16:01:26,779 INFO  replication.SimpleContainerDownloader (SimpleContainerDownloader.java:<init>(72)) - Starting container downloader service to copy containers to replicate.
2019-08-01 16:01:26,780 INFO  hdfs.DFSUtil (DFSUtil.java:httpServerTemplateForNNAndJN(1641)) - Starting Web-server for hddsDatanode at: http://0.0.0.0:0
2019-08-01 16:01:26,782 INFO  server.AuthenticationFilter (AuthenticationFilter.java:constructSecretProvider(240)) - Unable to initialize FileSignerSecretProvider, falling back to use random secrets.
2019-08-01 16:01:26,783 WARN  http.HttpRequestLog (HttpRequestLog.java:getRequestLog(97)) - Jetty request log can only be enabled using Log4j
2019-08-01 16:01:26,785 INFO  http.HttpServer2 (HttpServer2.java:addGlobalFilter(975)) - Added global filter 'safety' (class=org.apache.hadoop.http.HttpServer2$QuotingInputFilter)
2019-08-01 16:01:26,786 INFO  http.HttpServer2 (HttpServer2.java:addFilter(948)) - Added filter static_user_filter (class=org.apache.hadoop.http.lib.StaticUserWebFilter$StaticUserFilter) to context hddsDatanode
2019-08-01 16:01:26,786 INFO  http.HttpServer2 (HttpServer2.java:addFilter(958)) - Added filter static_user_filter (class=org.apache.hadoop.http.lib.StaticUserWebFilter$StaticUserFilter) to context logs
2019-08-01 16:01:26,786 INFO  http.HttpServer2 (HttpServer2.java:addFilter(958)) - Added filter static_user_filter (class=org.apache.hadoop.http.lib.StaticUserWebFilter$StaticUserFilter) to context static
2019-08-01 16:01:26,787 INFO  http.HttpServer2 (HttpServer2.java:bindListener(1191)) - Jetty bound to port 41542
2019-08-01 16:01:26,787 INFO  server.Server (Server.java:doStart(351)) - jetty-9.3.24.v20180605, build timestamp: 2018-06-05T17:11:56Z, git hash: 84205aa28f11a4f31f2a3b86d1bba2cc8ab69827
2019-08-01 16:01:26,790 INFO  handler.ContextHandler (ContextHandler.java:doStart(781)) - Started o.e.j.s.ServletContextHandler@2c60ce47{/logs,file:///workdir/hadoop-ozone/integration-test/target/log,AVAILABLE}
2019-08-01 16:01:26,791 INFO  handler.ContextHandler (ContextHandler.java:doStart(781)) - Started o.e.j.s.ServletContextHandler@59918c8f{/static,jar:file:/home/user/.m2/repository/org/apache/hadoop/hadoop-hdds-container-service/0.4.1-SNAPSHOT/hadoop-hdds-container-service-0.4.1-SNAPSHOT.jar!/webapps/static,AVAILABLE}
2019-08-01 16:01:26,832 INFO  handler.ContextHandler (ContextHandler.java:doStart(781)) - Started o.e.j.w.WebAppContext@3c33fcf8{/,file:///tmp/jetty-0.0.0.0-41542-hddsDatanode-_-any-4354415608838362622.dir/webapp/,AVAILABLE}{/hddsDatanode}
2019-08-01 16:01:26,832 INFO  server.AbstractConnector (AbstractConnector.java:doStart(278)) - Started ServerConnector@dada335{HTTP/1.1,[http/1.1]}{0.0.0.0:41542}
2019-08-01 16:01:26,833 INFO  server.Server (Server.java:doStart(419)) - Started @7001ms
2019-08-01 16:01:26,834 INFO  server.BaseHttpServer (BaseHttpServer.java:updateConnectorAddress(207)) - HTTP server of HDDSDATANODE is listening at http://0.0.0.0:41542
2019-08-01 16:01:27,028 INFO  ozone.HddsDatanodeService (HddsDatanodeService.java:startPlugins(395)) - Started plug-in org.apache.hadoop.ozone.web.OzoneHddsDatanodeService@27bc1d44
2019-08-01 16:01:27,030 INFO  ozone.MiniOzoneClusterImpl (MiniOzoneClusterImpl.java:lambda$waitForClusterToBeReady$0(142)) - Waiting for cluster to be ready. Got 0 of 7 DN Heartbeats.
2019-08-01 16:01:27,031 INFO  util.JvmPauseMonitor (JvmPauseMonitor.java:run(188)) - Starting JVM pause monitor
2019-08-01 16:01:27,034 INFO  datanode.InitDatanodeState (InitDatanodeState.java:persistContainerDatanodeDetails(140)) - DatanodeDetails is persisted to /workdir/hadoop-ozone/integration-test/target/test-dir/MiniOzoneClusterImpl-485285ec-3b22-4c85-939e-23df22a82835/datanode-6/meta/datanode.id
2019-08-01 16:01:27,750 INFO  ozoneimpl.OzoneContainer (OzoneContainer.java:start(186)) - Attempting to start container services.
2019-08-01 16:01:27,752 INFO  ozoneimpl.OzoneContainer (OzoneContainer.java:startContainerScrub(160)) - Background container scrubber has been disabled by hdds.containerscrub.enabled
2019-08-01 16:01:27,753 INFO  ratis.XceiverServerRatis (XceiverServerRatis.java:start(404)) - Starting XceiverServerRatis 216876cf-e55b-4fac-b51d-f2ae95465479 at port 0
2019-08-01 16:01:27,777 INFO  impl.RaftServerProxy (RaftServerProxy.java:lambda$start$3(299)) - 216876cf-e55b-4fac-b51d-f2ae95465479: start RPC server
2019-08-01 16:01:27,906 INFO  server.GrpcService (GrpcService.java:startImpl(149)) - 216876cf-e55b-4fac-b51d-f2ae95465479: GrpcService started, listening on 0.0.0.0/0.0.0.0:42273
2019-08-01 16:01:27,907 INFO  ratis.XceiverServerRatis (XceiverServerRatis.java:start(414)) - XceiverServerRatis 216876cf-e55b-4fac-b51d-f2ae95465479 is started using port 42273
2019-08-01 16:01:27,910 INFO  server.XceiverServerGrpc (XceiverServerGrpc.java:start(161)) - XceiverServerGrpc 216876cf-e55b-4fac-b51d-f2ae95465479 is started using port 37798
2019-08-01 16:01:27,964 INFO  ozoneimpl.OzoneContainer (OzoneContainer.java:start(186)) - Attempting to start container services.
2019-08-01 16:01:27,966 INFO  ozoneimpl.OzoneContainer (OzoneContainer.java:startContainerScrub(160)) - Background container scrubber has been disabled by hdds.containerscrub.enabled
2019-08-01 16:01:27,967 INFO  ratis.XceiverServerRatis (XceiverServerRatis.java:start(404)) - Starting XceiverServerRatis d8bd68e9-0ee0-49dd-b10b-94c77b5e9b31 at port 0
2019-08-01 16:01:27,977 INFO  impl.RaftServerProxy (RaftServerProxy.java:lambda$start$3(299)) - d8bd68e9-0ee0-49dd-b10b-94c77b5e9b31: start RPC server
2019-08-01 16:01:27,981 INFO  server.GrpcService (GrpcService.java:startImpl(149)) - d8bd68e9-0ee0-49dd-b10b-94c77b5e9b31: GrpcService started, listening on 0.0.0.0/0.0.0.0:45800
2019-08-01 16:01:27,981 INFO  ratis.XceiverServerRatis (XceiverServerRatis.java:start(414)) - XceiverServerRatis d8bd68e9-0ee0-49dd-b10b-94c77b5e9b31 is started using port 45800
2019-08-01 16:01:27,984 INFO  server.XceiverServerGrpc (XceiverServerGrpc.java:start(161)) - XceiverServerGrpc d8bd68e9-0ee0-49dd-b10b-94c77b5e9b31 is started using port 40011
2019-08-01 16:01:28,030 INFO  ozone.MiniOzoneClusterImpl (MiniOzoneClusterImpl.java:lambda$waitForClusterToBeReady$0(142)) - Waiting for cluster to be ready. Got 0 of 7 DN Heartbeats.
2019-08-01 16:01:28,172 INFO  ozoneimpl.OzoneContainer (OzoneContainer.java:start(186)) - Attempting to start container services.
2019-08-01 16:01:28,175 INFO  ozoneimpl.OzoneContainer (OzoneContainer.java:startContainerScrub(160)) - Background container scrubber has been disabled by hdds.containerscrub.enabled
2019-08-01 16:01:28,175 INFO  ratis.XceiverServerRatis (XceiverServerRatis.java:start(404)) - Starting XceiverServerRatis b9df5501-f8ee-4cab-81bf-02e0a64c19ea at port 0
2019-08-01 16:01:28,186 INFO  impl.RaftServerProxy (RaftServerProxy.java:lambda$start$3(299)) - b9df5501-f8ee-4cab-81bf-02e0a64c19ea: start RPC server
2019-08-01 16:01:28,190 INFO  server.GrpcService (GrpcService.java:startImpl(149)) - b9df5501-f8ee-4cab-81bf-02e0a64c19ea: GrpcService started, listening on 0.0.0.0/0.0.0.0:33779
2019-08-01 16:01:28,190 INFO  ratis.XceiverServerRatis (XceiverServerRatis.java:start(414)) - XceiverServerRatis b9df5501-f8ee-4cab-81bf-02e0a64c19ea is started using port 33779
2019-08-01 16:01:28,193 INFO  server.XceiverServerGrpc (XceiverServerGrpc.java:start(161)) - XceiverServerGrpc b9df5501-f8ee-4cab-81bf-02e0a64c19ea is started using port 37700
2019-08-01 16:01:28,381 INFO  ozoneimpl.OzoneContainer (OzoneContainer.java:start(186)) - Attempting to start container services.
2019-08-01 16:01:28,384 INFO  ozoneimpl.OzoneContainer (OzoneContainer.java:startContainerScrub(160)) - Background container scrubber has been disabled by hdds.containerscrub.enabled
2019-08-01 16:01:28,384 INFO  ratis.XceiverServerRatis (XceiverServerRatis.java:start(404)) - Starting XceiverServerRatis 4cdbe0b8-b63a-44ae-919c-f6ed89689247 at port 0
2019-08-01 16:01:28,395 INFO  impl.RaftServerProxy (RaftServerProxy.java:lambda$start$3(299)) - 4cdbe0b8-b63a-44ae-919c-f6ed89689247: start RPC server
2019-08-01 16:01:28,399 INFO  server.GrpcService (GrpcService.java:startImpl(149)) - 4cdbe0b8-b63a-44ae-919c-f6ed89689247: GrpcService started, listening on 0.0.0.0/0.0.0.0:44926
2019-08-01 16:01:28,400 INFO  ratis.XceiverServerRatis (XceiverServerRatis.java:start(414)) - XceiverServerRatis 4cdbe0b8-b63a-44ae-919c-f6ed89689247 is started using port 44926
2019-08-01 16:01:28,403 INFO  server.XceiverServerGrpc (XceiverServerGrpc.java:start(161)) - XceiverServerGrpc 4cdbe0b8-b63a-44ae-919c-f6ed89689247 is started using port 35662
2019-08-01 16:01:28,570 INFO  ozoneimpl.OzoneContainer (OzoneContainer.java:start(186)) - Attempting to start container services.
2019-08-01 16:01:28,573 INFO  ozoneimpl.OzoneContainer (OzoneContainer.java:startContainerScrub(160)) - Background container scrubber has been disabled by hdds.containerscrub.enabled
2019-08-01 16:01:28,573 INFO  ratis.XceiverServerRatis (XceiverServerRatis.java:start(404)) - Starting XceiverServerRatis 51e16db7-120d-4041-8ea6-11798f57aae7 at port 0
2019-08-01 16:01:28,585 INFO  impl.RaftServerProxy (RaftServerProxy.java:lambda$start$3(299)) - 51e16db7-120d-4041-8ea6-11798f57aae7: start RPC server
2019-08-01 16:01:28,589 INFO  server.GrpcService (GrpcService.java:startImpl(149)) - 51e16db7-120d-4041-8ea6-11798f57aae7: GrpcService started, listening on 0.0.0.0/0.0.0.0:40993
2019-08-01 16:01:28,589 INFO  ratis.XceiverServerRatis (XceiverServerRatis.java:start(414)) - XceiverServerRatis 51e16db7-120d-4041-8ea6-11798f57aae7 is started using port 40993
2019-08-01 16:01:28,593 INFO  server.XceiverServerGrpc (XceiverServerGrpc.java:start(161)) - XceiverServerGrpc 51e16db7-120d-4041-8ea6-11798f57aae7 is started using port 40531
2019-08-01 16:01:28,754 INFO  ozoneimpl.OzoneContainer (OzoneContainer.java:start(186)) - Attempting to start container services.
2019-08-01 16:01:28,757 INFO  ozoneimpl.OzoneContainer (OzoneContainer.java:startContainerScrub(160)) - Background container scrubber has been disabled by hdds.containerscrub.enabled
2019-08-01 16:01:28,757 INFO  ratis.XceiverServerRatis (XceiverServerRatis.java:start(404)) - Starting XceiverServerRatis a260a3ae-b517-4c93-93f6-8c88e9abc442 at port 0
2019-08-01 16:01:28,766 INFO  impl.RaftServerProxy (RaftServerProxy.java:lambda$start$3(299)) - a260a3ae-b517-4c93-93f6-8c88e9abc442: start RPC server
2019-08-01 16:01:28,772 INFO  server.GrpcService (GrpcService.java:startImpl(149)) - a260a3ae-b517-4c93-93f6-8c88e9abc442: GrpcService started, listening on 0.0.0.0/0.0.0.0:45220
2019-08-01 16:01:28,772 INFO  ratis.XceiverServerRatis (XceiverServerRatis.java:start(414)) - XceiverServerRatis a260a3ae-b517-4c93-93f6-8c88e9abc442 is started using port 45220
2019-08-01 16:01:28,776 INFO  server.XceiverServerGrpc (XceiverServerGrpc.java:start(161)) - XceiverServerGrpc a260a3ae-b517-4c93-93f6-8c88e9abc442 is started using port 40882
2019-08-01 16:01:29,031 INFO  ozone.MiniOzoneClusterImpl (MiniOzoneClusterImpl.java:lambda$waitForClusterToBeReady$0(142)) - Waiting for cluster to be ready. Got 0 of 7 DN Heartbeats.
2019-08-01 16:01:29,043 INFO  ozoneimpl.OzoneContainer (OzoneContainer.java:start(186)) - Attempting to start container services.
2019-08-01 16:01:29,047 INFO  ozoneimpl.OzoneContainer (OzoneContainer.java:startContainerScrub(160)) - Background container scrubber has been disabled by hdds.containerscrub.enabled
2019-08-01 16:01:29,047 INFO  ratis.XceiverServerRatis (XceiverServerRatis.java:start(404)) - Starting XceiverServerRatis fb0aba0e-a91e-4296-a17c-becae501b8aa at port 0
2019-08-01 16:01:29,057 INFO  impl.RaftServerProxy (RaftServerProxy.java:lambda$start$3(299)) - fb0aba0e-a91e-4296-a17c-becae501b8aa: start RPC server
2019-08-01 16:01:29,061 INFO  server.GrpcService (GrpcService.java:startImpl(149)) - fb0aba0e-a91e-4296-a17c-becae501b8aa: GrpcService started, listening on 0.0.0.0/0.0.0.0:39739
2019-08-01 16:01:29,061 INFO  ratis.XceiverServerRatis (XceiverServerRatis.java:start(414)) - XceiverServerRatis fb0aba0e-a91e-4296-a17c-becae501b8aa is started using port 39739
2019-08-01 16:01:29,066 INFO  server.XceiverServerGrpc (XceiverServerGrpc.java:start(161)) - XceiverServerGrpc fb0aba0e-a91e-4296-a17c-becae501b8aa is started using port 34241
2019-08-01 16:01:29,731 INFO  net.NetworkTopology (NetworkTopologyImpl.java:add(110)) - Added a new node: /default-rack/216876cf-e55b-4fac-b51d-f2ae95465479
2019-08-01 16:01:29,731 INFO  node.SCMNodeManager (SCMNodeManager.java:register(273)) - Registered Data node : 216876cf-e55b-4fac-b51d-f2ae95465479{ip: 192.168.157.209, host: byscane-nightly-hwqnr-1260472869, networkLocation: /default-rack, certSerialId: null}
2019-08-01 16:01:29,737 INFO  safemode.SCMSafeModeManager (DataNodeSafeModeRule.java:process(71)) - SCM in safe mode. 1 DataNodes registered, 1 required.
2019-08-01 16:01:29,737 INFO  safemode.SCMSafeModeManager (SCMSafeModeManager.java:validateSafeModeExitRules(177)) - ScmSafeModeManager, all rules are successfully validated
2019-08-01 16:01:29,737 INFO  safemode.SCMSafeModeManager (SCMSafeModeManager.java:exitSafeMode(193)) - SCM exiting safe mode.
2019-08-01 16:01:29,951 INFO  net.NetworkTopology (NetworkTopologyImpl.java:add(110)) - Added a new node: /default-rack/d8bd68e9-0ee0-49dd-b10b-94c77b5e9b31
2019-08-01 16:01:29,951 INFO  node.SCMNodeManager (SCMNodeManager.java:register(273)) - Registered Data node : d8bd68e9-0ee0-49dd-b10b-94c77b5e9b31{ip: 192.168.157.209, host: byscane-nightly-hwqnr-1260472869, networkLocation: /default-rack, certSerialId: null}
2019-08-01 16:01:30,032 INFO  ozone.MiniOzoneClusterImpl (MiniOzoneClusterImpl.java:lambda$waitForClusterToBeReady$0(142)) - Waiting for cluster to be ready. Got 2 of 7 DN Heartbeats.
2019-08-01 16:01:30,163 INFO  net.NetworkTopology (NetworkTopologyImpl.java:add(110)) - Added a new node: /default-rack/b9df5501-f8ee-4cab-81bf-02e0a64c19ea
2019-08-01 16:01:30,163 INFO  node.SCMNodeManager (SCMNodeManager.java:register(273)) - Registered Data node : b9df5501-f8ee-4cab-81bf-02e0a64c19ea{ip: 192.168.157.209, host: byscane-nightly-hwqnr-1260472869, networkLocation: /default-rack, certSerialId: null}
2019-08-01 16:01:30,668 INFO  net.NetworkTopology (NetworkTopologyImpl.java:add(110)) - Added a new node: /default-rack/51e16db7-120d-4041-8ea6-11798f57aae7
2019-08-01 16:01:30,668 INFO  net.NetworkTopology (NetworkTopologyImpl.java:add(110)) - Added a new node: /default-rack/4cdbe0b8-b63a-44ae-919c-f6ed89689247
2019-08-01 16:01:30,668 INFO  node.SCMNodeManager (SCMNodeManager.java:register(273)) - Registered Data node : 51e16db7-120d-4041-8ea6-11798f57aae7{ip: 192.168.157.209, host: byscane-nightly-hwqnr-1260472869, networkLocation: /default-rack, certSerialId: null}
2019-08-01 16:01:30,668 INFO  node.SCMNodeManager (SCMNodeManager.java:register(273)) - Registered Data node : 4cdbe0b8-b63a-44ae-919c-f6ed89689247{ip: 192.168.157.209, host: byscane-nightly-hwqnr-1260472869, networkLocation: /default-rack, certSerialId: null}
2019-08-01 16:01:30,688 INFO  impl.RaftServerProxy (RaftServerProxy.java:addNew(89)) - 216876cf-e55b-4fac-b51d-f2ae95465479: addNew group-2A6011BFB4D0:[216876cf-e55b-4fac-b51d-f2ae95465479:192.168.157.209:42273] returns group-2A6011BFB4D0:java.util.concurrent.CompletableFuture@79f4a7c9[Not completed]
2019-08-01 16:01:30,715 INFO  impl.RaftServerImpl (RaftServerImpl.java:<init>(93)) - 216876cf-e55b-4fac-b51d-f2ae95465479: new RaftServerImpl for group-2A6011BFB4D0:[216876cf-e55b-4fac-b51d-f2ae95465479:192.168.157.209:42273] with ContainerStateMachine:uninitialized
2019-08-01 16:01:30,719 INFO  server.RaftServerConfigKeys (ConfUtils.java:logGet(43)) - raft.server.rpc.timeout.min = 5s (custom)
2019-08-01 16:01:30,721 INFO  server.RaftServerConfigKeys (ConfUtils.java:logGet(43)) - raft.server.rpc.timeout.max = 5200ms (custom)
2019-08-01 16:01:30,721 INFO  server.RaftServerConfigKeys (ConfUtils.java:logGet(43)) - raft.server.rpcslowness.timeout = 120s (custom)
2019-08-01 16:01:30,722 INFO  server.RaftServerConfigKeys (ConfUtils.java:logGet(43)) - raft.server.sleep.deviation.threshold = 300 (default)
2019-08-01 16:01:30,724 INFO  server.RaftServerConfigKeys (ConfUtils.java:logGet(43)) - raft.server.log.appender.install.snapshot.enabled = false (custom)
2019-08-01 16:01:30,733 INFO  impl.RaftServerImpl (ServerState.java:<init>(105)) - 216876cf-e55b-4fac-b51d-f2ae95465479:group-2A6011BFB4D0 ConfigurationManager, init=-1: [216876cf-e55b-4fac-b51d-f2ae95465479:192.168.157.209:42273], old=null, confs=<EMPTY_MAP>
2019-08-01 16:01:30,734 INFO  server.RaftServerConfigKeys (ConfUtils.java:logGet(43)) - raft.server.storage.dir = [/workdir/hadoop-ozone/integration-test/target/test-dir/MiniOzoneClusterImpl-485285ec-3b22-4c85-939e-23df22a82835/datanode-0/data/ratis] (custom)
2019-08-01 16:01:30,741 INFO  net.NetworkTopology (NetworkTopologyImpl.java:add(110)) - Added a new node: /default-rack/a260a3ae-b517-4c93-93f6-8c88e9abc442
2019-08-01 16:01:30,741 INFO  node.SCMNodeManager (SCMNodeManager.java:register(273)) - Registered Data node : a260a3ae-b517-4c93-93f6-8c88e9abc442{ip: 192.168.157.209, host: byscane-nightly-hwqnr-1260472869, networkLocation: /default-rack, certSerialId: null}
2019-08-01 16:01:30,745 INFO  storage.RaftStorageDirectory (RaftStorageDirectory.java:analyzeStorage(246)) - The storage directory /workdir/hadoop-ozone/integration-test/target/test-dir/MiniOzoneClusterImpl-485285ec-3b22-4c85-939e-23df22a82835/datanode-0/data/ratis/ae2ca73e-2240-4ee4-b645-2a6011bfb4d0 does not exist. Creating ...
2019-08-01 16:01:30,764 INFO  storage.RaftStorageDirectory (RaftStorageDirectory.java:tryLock(328)) - Lock on /workdir/hadoop-ozone/integration-test/target/test-dir/MiniOzoneClusterImpl-485285ec-3b22-4c85-939e-23df22a82835/datanode-0/data/ratis/ae2ca73e-2240-4ee4-b645-2a6011bfb4d0/in_use.lock acquired by nodename 32220@byscane-nightly-hwqnr-1260472869
2019-08-01 16:01:30,780 INFO  storage.RaftStorage (RaftStorage.java:format(72)) - Storage directory /workdir/hadoop-ozone/integration-test/target/test-dir/MiniOzoneClusterImpl-485285ec-3b22-4c85-939e-23df22a82835/datanode-0/data/ratis/ae2ca73e-2240-4ee4-b645-2a6011bfb4d0 has been successfully formatted.
2019-08-01 16:01:30,782 INFO  ratis.ContainerStateMachine (ContainerStateMachine.java:loadSnapshot(213)) - group-2A6011BFB4D0: The snapshot info is null. Setting the last applied indexto:(t:0, i:~)
2019-08-01 16:01:30,783 INFO  server.RaftServerConfigKeys (ConfUtils.java:logGet(43)) - raft.server.leader.election.timeout = 120s (custom)
2019-08-01 16:01:30,785 INFO  server.RaftServerConfigKeys (ConfUtils.java:logGet(43)) - raft.server.log.use.memory = false (default)
2019-08-01 16:01:30,791 INFO  server.RaftServerConfigKeys (ConfUtils.java:logGet(43)) - raft.server.log.purge.gap = 1000000000 (custom)
2019-08-01 16:01:30,792 INFO  server.RaftServerConfigKeys (ConfUtils.java:logGet(43)) - raft.server.log.appender.buffer.byte-limit = 33554432 (custom)
2019-08-01 16:01:30,793 INFO  server.RaftServerConfigKeys (ConfUtils.java:logGet(43)) - raft.server.log.segment.size.max = 1048576 (custom)
2019-08-01 16:01:30,799 INFO  server.RaftServerConfigKeys (ConfUtils.java:logGet(43)) - raft.server.log.segment.cache.num.max = 2 (custom)
2019-08-01 16:01:30,805 INFO  segmented.SegmentedRaftLogWorker (SegmentedRaftLogWorker.java:<init>(172)) - new 216876cf-e55b-4fac-b51d-f2ae95465479-SegmentedRaftLogWorker:Storage Directory /workdir/hadoop-ozone/integration-test/target/test-dir/MiniOzoneClusterImpl-485285ec-3b22-4c85-939e-23df22a82835/datanode-0/data/ratis/ae2ca73e-2240-4ee4-b645-2a6011bfb4d0 for RaftStorage:Storage Directory /workdir/hadoop-ozone/integration-test/target/test-dir/MiniOzoneClusterImpl-485285ec-3b22-4c85-939e-23df22a82835/datanode-0/data/ratis/ae2ca73e-2240-4ee4-b645-2a6011bfb4d0
2019-08-01 16:01:30,818 INFO  server.RaftServerConfigKeys (ConfUtils.java:logGet(43)) - raft.server.log.queue.byte-limit = 2147483647 (custom)
2019-08-01 16:01:30,819 INFO  server.RaftServerConfigKeys (ConfUtils.java:logGet(43)) - raft.server.log.queue.element-limit = 1024 (custom)
2019-08-01 16:01:30,824 INFO  server.RaftServerConfigKeys (ConfUtils.java:logGet(43)) - raft.server.log.segment.size.max = 1048576 (custom)
2019-08-01 16:01:30,824 INFO  server.RaftServerConfigKeys (ConfUtils.java:logGet(43)) - raft.server.log.preallocated.size = 16384 (custom)
2019-08-01 16:01:30,825 INFO  server.RaftServerConfigKeys (ConfUtils.java:logGet(43)) - raft.server.log.write.buffer.size = 33554432 (custom)
2019-08-01 16:01:30,825 INFO  server.RaftServerConfigKeys (ConfUtils.java:logGet(43)) - raft.server.log.force.sync.num = 128 (default)
2019-08-01 16:01:30,826 INFO  server.RaftServerConfigKeys (ConfUtils.java:logGet(43)) - raft.server.log.statemachine.data.sync = true (default)
2019-08-01 16:01:30,826 INFO  server.RaftServerConfigKeys (ConfUtils.java:logGet(43)) - raft.server.log.statemachine.data.sync.timeout = 10s (default)
2019-08-01 16:01:30,827 INFO  server.RaftServerConfigKeys (ConfUtils.java:logGet(43)) - raft.server.log.statemachine.data.sync.timeout.retry = -1 (default)
2019-08-01 16:01:30,835 INFO  server.RaftServerConfigKeys (ConfUtils.java:logGet(43)) - raft.server.log.statemachine.data.caching.enabled = true (custom)
2019-08-01 16:01:30,839 INFO  segmented.SegmentedRaftLogWorker (SegmentedRaftLogWorker.java:lambda$new$0(132)) - 216876cf-e55b-4fac-b51d-f2ae95465479-SegmentedRaftLogWorker:Storage Directory /workdir/hadoop-ozone/integration-test/target/test-dir/MiniOzoneClusterImpl-485285ec-3b22-4c85-939e-23df22a82835/datanode-0/data/ratis/ae2ca73e-2240-4ee4-b645-2a6011bfb4d0: flushIndex: setUnconditionally 0 -> -1
2019-08-01 16:01:30,843 INFO  server.RaftServerConfigKeys (ConfUtils.java:logGet(43)) - raft.server.snapshot.auto.trigger.enabled = true (custom)
2019-08-01 16:01:30,844 INFO  server.RaftServerConfigKeys (ConfUtils.java:logGet(43)) - raft.server.snapshot.auto.trigger.threshold = 10000 (custom)
2019-08-01 16:01:30,845 INFO  server.RaftServerConfigKeys (ConfUtils.java:logGet(43)) - raft.server.retrycache.expirytime = 600000ms (custom)
2019-08-01 16:01:30,864 INFO  impl.RaftServerImpl (RaftServerImpl.java:start(180)) - 216876cf-e55b-4fac-b51d-f2ae95465479: start group-2A6011BFB4D0
2019-08-01 16:01:30,865 INFO  impl.RaftServerImpl (RaftServerImpl.java:setRole(171)) - 216876cf-e55b-4fac-b51d-f2ae95465479:group-2A6011BFB4D0 changes role from null to FOLLOWER at term 0 for startAsFollower
2019-08-01 16:01:30,866 INFO  impl.RoleInfo (RoleInfo.java:updateAndGet(143)) - 216876cf-e55b-4fac-b51d-f2ae95465479: start FollowerState
2019-08-01 16:01:30,867 INFO  util.JmxRegister (JmxRegister.java:tryRegister(44)) - Successfully registered JMX Bean with object name Ratis:service=RaftServer,group=group-2A6011BFB4D0,id=216876cf-e55b-4fac-b51d-f2ae95465479
2019-08-01 16:01:30,936 INFO  pipeline.PipelineStateManager (PipelineStateManager.java:addPipeline(56)) - Created pipeline Pipeline[ Id: ae2ca73e-2240-4ee4-b645-2a6011bfb4d0, Nodes: 216876cf-e55b-4fac-b51d-f2ae95465479{ip: 192.168.157.209, host: byscane-nightly-hwqnr-1260472869, networkLocation: /default-rack, certSerialId: null}, Type:RATIS, Factor:ONE, State:OPEN]
2019-08-01 16:01:30,967 INFO  impl.RaftServerProxy (RaftServerProxy.java:addNew(89)) - b9df5501-f8ee-4cab-81bf-02e0a64c19ea: addNew group-0E110545B4EE:[b9df5501-f8ee-4cab-81bf-02e0a64c19ea:192.168.157.209:33779] returns group-0E110545B4EE:java.util.concurrent.CompletableFuture@4d3e5041[Not completed]
2019-08-01 16:01:31,028 INFO  impl.RaftServerImpl (RaftServerImpl.java:<init>(93)) - b9df5501-f8ee-4cab-81bf-02e0a64c19ea: new RaftServerImpl for group-0E110545B4EE:[b9df5501-f8ee-4cab-81bf-02e0a64c19ea:192.168.157.209:33779] with ContainerStateMachine:uninitialized
2019-08-01 16:01:31,031 INFO  server.RaftServerConfigKeys (ConfUtils.java:logGet(43)) - raft.server.rpc.timeout.min = 5s (custom)
2019-08-01 16:01:31,031 INFO  server.RaftServerConfigKeys (ConfUtils.java:logGet(43)) - raft.server.rpc.timeout.max = 5200ms (custom)
2019-08-01 16:01:31,031 INFO  server.RaftServerConfigKeys (ConfUtils.java:logGet(43)) - raft.server.rpcslowness.timeout = 120s (custom)
2019-08-01 16:01:31,032 INFO  server.RaftServerConfigKeys (ConfUtils.java:logGet(43)) - raft.server.sleep.deviation.threshold = 300 (default)
2019-08-01 16:01:31,032 INFO  server.RaftServerConfigKeys (ConfUtils.java:logGet(43)) - raft.server.log.appender.install.snapshot.enabled = false (custom)
2019-08-01 16:01:31,032 INFO  impl.RaftServerImpl (ServerState.java:<init>(105)) - b9df5501-f8ee-4cab-81bf-02e0a64c19ea:group-0E110545B4EE ConfigurationManager, init=-1: [b9df5501-f8ee-4cab-81bf-02e0a64c19ea:192.168.157.209:33779], old=null, confs=<EMPTY_MAP>
2019-08-01 16:01:31,032 INFO  ozone.MiniOzoneClusterImpl (MiniOzoneClusterImpl.java:lambda$waitForClusterToBeReady$0(142)) - Waiting for cluster to be ready. Got 6 of 7 DN Heartbeats.
2019-08-01 16:01:31,032 INFO  server.RaftServerConfigKeys (ConfUtils.java:logGet(43)) - raft.server.storage.dir = [/workdir/hadoop-ozone/integration-test/target/test-dir/MiniOzoneClusterImpl-485285ec-3b22-4c85-939e-23df22a82835/datanode-2/data/ratis] (custom)
2019-08-01 16:01:31,034 INFO  storage.RaftStorageDirectory (RaftStorageDirectory.java:analyzeStorage(246)) - The storage directory /workdir/hadoop-ozone/integration-test/target/test-dir/MiniOzoneClusterImpl-485285ec-3b22-4c85-939e-23df22a82835/datanode-2/data/ratis/6a1514e8-6cea-4150-9006-0e110545b4ee does not exist. Creating ...
2019-08-01 16:01:31,036 INFO  net.NetworkTopology (NetworkTopologyImpl.java:add(110)) - Added a new node: /default-rack/fb0aba0e-a91e-4296-a17c-becae501b8aa
2019-08-01 16:01:31,036 INFO  node.SCMNodeManager (SCMNodeManager.java:register(273)) - Registered Data node : fb0aba0e-a91e-4296-a17c-becae501b8aa{ip: 192.168.157.209, host: byscane-nightly-hwqnr-1260472869, networkLocation: /default-rack, certSerialId: null}
2019-08-01 16:01:31,049 INFO  storage.RaftStorageDirectory (RaftStorageDirectory.java:tryLock(328)) - Lock on /workdir/hadoop-ozone/integration-test/target/test-dir/MiniOzoneClusterImpl-485285ec-3b22-4c85-939e-23df22a82835/datanode-2/data/ratis/6a1514e8-6cea-4150-9006-0e110545b4ee/in_use.lock acquired by nodename 32220@byscane-nightly-hwqnr-1260472869
2019-08-01 16:01:31,063 INFO  storage.RaftStorage (RaftStorage.java:format(72)) - Storage directory /workdir/hadoop-ozone/integration-test/target/test-dir/MiniOzoneClusterImpl-485285ec-3b22-4c85-939e-23df22a82835/datanode-2/data/ratis/6a1514e8-6cea-4150-9006-0e110545b4ee has been successfully formatted.
2019-08-01 16:01:31,065 INFO  ratis.ContainerStateMachine (ContainerStateMachine.java:loadSnapshot(213)) - group-0E110545B4EE: The snapshot info is null. Setting the last applied indexto:(t:0, i:~)
2019-08-01 16:01:31,067 INFO  server.RaftServerConfigKeys (ConfUtils.java:logGet(43)) - raft.server.leader.election.timeout = 120s (custom)
2019-08-01 16:01:31,067 INFO  server.RaftServerConfigKeys (ConfUtils.java:logGet(43)) - raft.server.log.use.memory = false (default)
2019-08-01 16:01:31,067 INFO  server.RaftServerConfigKeys (ConfUtils.java:logGet(43)) - raft.server.log.purge.gap = 1000000000 (custom)
2019-08-01 16:01:31,068 INFO  server.RaftServerConfigKeys (ConfUtils.java:logGet(43)) - raft.server.log.appender.buffer.byte-limit = 33554432 (custom)
2019-08-01 16:01:31,068 INFO  server.RaftServerConfigKeys (ConfUtils.java:logGet(43)) - raft.server.log.segment.size.max = 1048576 (custom)
2019-08-01 16:01:31,068 INFO  server.RaftServerConfigKeys (ConfUtils.java:logGet(43)) - raft.server.log.segment.cache.num.max = 2 (custom)
2019-08-01 16:01:31,068 INFO  segmented.SegmentedRaftLogWorker (SegmentedRaftLogWorker.java:<init>(172)) - new b9df5501-f8ee-4cab-81bf-02e0a64c19ea-SegmentedRaftLogWorker:Storage Directory /workdir/hadoop-ozone/integration-test/target/test-dir/MiniOzoneClusterImpl-485285ec-3b22-4c85-939e-23df22a82835/datanode-2/data/ratis/6a1514e8-6cea-4150-9006-0e110545b4ee for RaftStorage:Storage Directory /workdir/hadoop-ozone/integration-test/target/test-dir/MiniOzoneClusterImpl-485285ec-3b22-4c85-939e-23df22a82835/datanode-2/data/ratis/6a1514e8-6cea-4150-9006-0e110545b4ee
2019-08-01 16:01:31,070 INFO  server.RaftServerConfigKeys (ConfUtils.java:logGet(43)) - raft.server.log.queue.byte-limit = 2147483647 (custom)
2019-08-01 16:01:31,070 INFO  server.RaftServerConfigKeys (ConfUtils.java:logGet(43)) - raft.server.log.queue.element-limit = 1024 (custom)
2019-08-01 16:01:31,071 INFO  server.RaftServerConfigKeys (ConfUtils.java:logGet(43)) - raft.server.log.segment.size.max = 1048576 (custom)
2019-08-01 16:01:31,071 INFO  server.RaftServerConfigKeys (ConfUtils.java:logGet(43)) - raft.server.log.preallocated.size = 16384 (custom)
2019-08-01 16:01:31,071 INFO  server.RaftServerConfigKeys (ConfUtils.java:logGet(43)) - raft.server.log.write.buffer.size = 33554432 (custom)
2019-08-01 16:01:31,072 INFO  server.RaftServerConfigKeys (ConfUtils.java:logGet(43)) - raft.server.log.force.sync.num = 128 (default)
2019-08-01 16:01:31,072 INFO  server.RaftServerConfigKeys (ConfUtils.java:logGet(43)) - raft.server.log.statemachine.data.sync = true (default)
2019-08-01 16:01:31,072 INFO  server.RaftServerConfigKeys (ConfUtils.java:logGet(43)) - raft.server.log.statemachine.data.sync.timeout = 10s (default)
2019-08-01 16:01:31,072 INFO  server.RaftServerConfigKeys (ConfUtils.java:logGet(43)) - raft.server.log.statemachine.data.sync.timeout.retry = -1 (default)
2019-08-01 16:01:31,073 INFO  server.RaftServerConfigKeys (ConfUtils.java:logGet(43)) - raft.server.log.statemachine.data.caching.enabled = true (custom)
2019-08-01 16:01:31,073 INFO  segmented.SegmentedRaftLogWorker (SegmentedRaftLogWorker.java:lambda$new$0(132)) - b9df5501-f8ee-4cab-81bf-02e0a64c19ea-SegmentedRaftLogWorker:Storage Directory /workdir/hadoop-ozone/integration-test/target/test-dir/MiniOzoneClusterImpl-485285ec-3b22-4c85-939e-23df22a82835/datanode-2/data/ratis/6a1514e8-6cea-4150-9006-0e110545b4ee: flushIndex: setUnconditionally 0 -> -1
2019-08-01 16:01:31,074 INFO  server.RaftServerConfigKeys (ConfUtils.java:logGet(43)) - raft.server.snapshot.auto.trigger.enabled = true (custom)
2019-08-01 16:01:31,074 INFO  server.RaftServerConfigKeys (ConfUtils.java:logGet(43)) - raft.server.snapshot.auto.trigger.threshold = 10000 (custom)
2019-08-01 16:01:31,074 INFO  server.RaftServerConfigKeys (ConfUtils.java:logGet(43)) - raft.server.retrycache.expirytime = 600000ms (custom)
2019-08-01 16:01:31,075 INFO  impl.RaftServerImpl (RaftServerImpl.java:start(180)) - b9df5501-f8ee-4cab-81bf-02e0a64c19ea: start group-0E110545B4EE
2019-08-01 16:01:31,075 INFO  impl.RaftServerImpl (RaftServerImpl.java:setRole(171)) - b9df5501-f8ee-4cab-81bf-02e0a64c19ea:group-0E110545B4EE changes role from null to FOLLOWER at term 0 for startAsFollower
2019-08-01 16:01:31,075 INFO  impl.RoleInfo (RoleInfo.java:updateAndGet(143)) - b9df5501-f8ee-4cab-81bf-02e0a64c19ea: start FollowerState
2019-08-01 16:01:31,077 INFO  util.JmxRegister (JmxRegister.java:tryRegister(44)) - Successfully registered JMX Bean with object name Ratis:service=RaftServer,group=group-0E110545B4EE,id=b9df5501-f8ee-4cab-81bf-02e0a64c19ea
2019-08-01 16:01:31,095 INFO  pipeline.PipelineStateManager (PipelineStateManager.java:addPipeline(56)) - Created pipeline Pipeline[ Id: 6a1514e8-6cea-4150-9006-0e110545b4ee, Nodes: b9df5501-f8ee-4cab-81bf-02e0a64c19ea{ip: 192.168.157.209, host: byscane-nightly-hwqnr-1260472869, networkLocation: /default-rack, certSerialId: null}, Type:RATIS, Factor:ONE, State:OPEN]
2019-08-01 16:01:31,131 INFO  impl.RaftServerProxy (RaftServerProxy.java:addNew(89)) - fb0aba0e-a91e-4296-a17c-becae501b8aa: addNew group-A20D9ABB4747:[fb0aba0e-a91e-4296-a17c-becae501b8aa:192.168.157.209:39739] returns group-A20D9ABB4747:java.util.concurrent.CompletableFuture@3025adfd[Not completed]
2019-08-01 16:01:31,144 INFO  impl.RaftServerImpl (RaftServerImpl.java:<init>(93)) - fb0aba0e-a91e-4296-a17c-becae501b8aa: new RaftServerImpl for group-A20D9ABB4747:[fb0aba0e-a91e-4296-a17c-becae501b8aa:192.168.157.209:39739] with ContainerStateMachine:uninitialized
2019-08-01 16:01:31,146 INFO  server.RaftServerConfigKeys (ConfUtils.java:logGet(43)) - raft.server.rpc.timeout.min = 5s (custom)
2019-08-01 16:01:31,146 INFO  server.RaftServerConfigKeys (ConfUtils.java:logGet(43)) - raft.server.rpc.timeout.max = 5200ms (custom)
2019-08-01 16:01:31,146 INFO  server.RaftServerConfigKeys (ConfUtils.java:logGet(43)) - raft.server.rpcslowness.timeout = 120s (custom)
2019-08-01 16:01:31,146 INFO  server.RaftServerConfigKeys (ConfUtils.java:logGet(43)) - raft.server.sleep.deviation.threshold = 300 (default)
2019-08-01 16:01:31,146 INFO  server.RaftServerConfigKeys (ConfUtils.java:logGet(43)) - raft.server.log.appender.install.snapshot.enabled = false (custom)
2019-08-01 16:01:31,147 INFO  impl.RaftServerImpl (ServerState.java:<init>(105)) - fb0aba0e-a91e-4296-a17c-becae501b8aa:group-A20D9ABB4747 ConfigurationManager, init=-1: [fb0aba0e-a91e-4296-a17c-becae501b8aa:192.168.157.209:39739], old=null, confs=<EMPTY_MAP>
2019-08-01 16:01:31,147 INFO  server.RaftServerConfigKeys (ConfUtils.java:logGet(43)) - raft.server.storage.dir = [/workdir/hadoop-ozone/integration-test/target/test-dir/MiniOzoneClusterImpl-485285ec-3b22-4c85-939e-23df22a82835/datanode-6/data/ratis] (custom)
2019-08-01 16:01:31,147 INFO  storage.RaftStorageDirectory (RaftStorageDirectory.java:analyzeStorage(246)) - The storage directory /workdir/hadoop-ozone/integration-test/target/test-dir/MiniOzoneClusterImpl-485285ec-3b22-4c85-939e-23df22a82835/datanode-6/data/ratis/76370301-e17e-4fb9-9e42-a20d9abb4747 does not exist. Creating ...
2019-08-01 16:01:31,160 INFO  storage.RaftStorageDirectory (RaftStorageDirectory.java:tryLock(328)) - Lock on /workdir/hadoop-ozone/integration-test/target/test-dir/MiniOzoneClusterImpl-485285ec-3b22-4c85-939e-23df22a82835/datanode-6/data/ratis/76370301-e17e-4fb9-9e42-a20d9abb4747/in_use.lock acquired by nodename 32220@byscane-nightly-hwqnr-1260472869
2019-08-01 16:01:31,178 INFO  storage.RaftStorage (RaftStorage.java:format(72)) - Storage directory /workdir/hadoop-ozone/integration-test/target/test-dir/MiniOzoneClusterImpl-485285ec-3b22-4c85-939e-23df22a82835/datanode-6/data/ratis/76370301-e17e-4fb9-9e42-a20d9abb4747 has been successfully formatted.
2019-08-01 16:01:31,178 INFO  ratis.ContainerStateMachine (ContainerStateMachine.java:loadSnapshot(213)) - group-A20D9ABB4747: The snapshot info is null. Setting the last applied indexto:(t:0, i:~)
2019-08-01 16:01:31,178 INFO  server.RaftServerConfigKeys (ConfUtils.java:logGet(43)) - raft.server.leader.election.timeout = 120s (custom)
2019-08-01 16:01:31,178 INFO  server.RaftServerConfigKeys (ConfUtils.java:logGet(43)) - raft.server.log.use.memory = false (default)
2019-08-01 16:01:31,179 INFO  server.RaftServerConfigKeys (ConfUtils.java:logGet(43)) - raft.server.log.purge.gap = 1000000000 (custom)
2019-08-01 16:01:31,179 INFO  server.RaftServerConfigKeys (ConfUtils.java:logGet(43)) - raft.server.log.appender.buffer.byte-limit = 33554432 (custom)
2019-08-01 16:01:31,179 INFO  server.RaftServerConfigKeys (ConfUtils.java:logGet(43)) - raft.server.log.segment.size.max = 1048576 (custom)
2019-08-01 16:01:31,179 INFO  server.RaftServerConfigKeys (ConfUtils.java:logGet(43)) - raft.server.log.segment.cache.num.max = 2 (custom)
2019-08-01 16:01:31,179 INFO  segmented.SegmentedRaftLogWorker (SegmentedRaftLogWorker.java:<init>(172)) - new fb0aba0e-a91e-4296-a17c-becae501b8aa-SegmentedRaftLogWorker:Storage Directory /workdir/hadoop-ozone/integration-test/target/test-dir/MiniOzoneClusterImpl-485285ec-3b22-4c85-939e-23df22a82835/datanode-6/data/ratis/76370301-e17e-4fb9-9e42-a20d9abb4747 for RaftStorage:Storage Directory /workdir/hadoop-ozone/integration-test/target/test-dir/MiniOzoneClusterImpl-485285ec-3b22-4c85-939e-23df22a82835/datanode-6/data/ratis/76370301-e17e-4fb9-9e42-a20d9abb4747
2019-08-01 16:01:31,180 INFO  server.RaftServerConfigKeys (ConfUtils.java:logGet(43)) - raft.server.log.queue.byte-limit = 2147483647 (custom)
2019-08-01 16:01:31,180 INFO  server.RaftServerConfigKeys (ConfUtils.java:logGet(43)) - raft.server.log.queue.element-limit = 1024 (custom)
2019-08-01 16:01:31,180 INFO  server.RaftServerConfigKeys (ConfUtils.java:logGet(43)) - raft.server.log.segment.size.max = 1048576 (custom)
2019-08-01 16:01:31,181 INFO  server.RaftServerConfigKeys (ConfUtils.java:logGet(43)) - raft.server.log.preallocated.size = 16384 (custom)
2019-08-01 16:01:31,181 INFO  server.RaftServerConfigKeys (ConfUtils.java:logGet(43)) - raft.server.log.write.buffer.size = 33554432 (custom)
2019-08-01 16:01:31,181 INFO  server.RaftServerConfigKeys (ConfUtils.java:logGet(43)) - raft.server.log.force.sync.num = 128 (default)
2019-08-01 16:01:31,181 INFO  server.RaftServerConfigKeys (ConfUtils.java:logGet(43)) - raft.server.log.statemachine.data.sync = true (default)
2019-08-01 16:01:31,182 INFO  server.RaftServerConfigKeys (ConfUtils.java:logGet(43)) - raft.server.log.statemachine.data.sync.timeout = 10s (default)
2019-08-01 16:01:31,182 INFO  server.RaftServerConfigKeys (ConfUtils.java:logGet(43)) - raft.server.log.statemachine.data.sync.timeout.retry = -1 (default)
2019-08-01 16:01:31,182 INFO  server.RaftServerConfigKeys (ConfUtils.java:logGet(43)) - raft.server.log.statemachine.data.caching.enabled = true (custom)
2019-08-01 16:01:31,183 INFO  segmented.SegmentedRaftLogWorker (SegmentedRaftLogWorker.java:lambda$new$0(132)) - fb0aba0e-a91e-4296-a17c-becae501b8aa-SegmentedRaftLogWorker:Storage Directory /workdir/hadoop-ozone/integration-test/target/test-dir/MiniOzoneClusterImpl-485285ec-3b22-4c85-939e-23df22a82835/datanode-6/data/ratis/76370301-e17e-4fb9-9e42-a20d9abb4747: flushIndex: setUnconditionally 0 -> -1
2019-08-01 16:01:31,183 INFO  server.RaftServerConfigKeys (ConfUtils.java:logGet(43)) - raft.server.snapshot.auto.trigger.enabled = true (custom)
2019-08-01 16:01:31,183 INFO  server.RaftServerConfigKeys (ConfUtils.java:logGet(43)) - raft.server.snapshot.auto.trigger.threshold = 10000 (custom)
2019-08-01 16:01:31,184 INFO  server.RaftServerConfigKeys (ConfUtils.java:logGet(43)) - raft.server.retrycache.expirytime = 600000ms (custom)
2019-08-01 16:01:31,184 INFO  impl.RaftServerImpl (RaftServerImpl.java:start(180)) - fb0aba0e-a91e-4296-a17c-becae501b8aa: start group-A20D9ABB4747
2019-08-01 16:01:31,184 INFO  impl.RaftServerImpl (RaftServerImpl.java:setRole(171)) - fb0aba0e-a91e-4296-a17c-becae501b8aa:group-A20D9ABB4747 changes role from null to FOLLOWER at term 0 for startAsFollower
2019-08-01 16:01:31,184 INFO  impl.RoleInfo (RoleInfo.java:updateAndGet(143)) - fb0aba0e-a91e-4296-a17c-becae501b8aa: start FollowerState
2019-08-01 16:01:31,185 INFO  util.JmxRegister (JmxRegister.java:tryRegister(44)) - Successfully registered JMX Bean with object name Ratis:service=RaftServer,group=group-A20D9ABB4747,id=fb0aba0e-a91e-4296-a17c-becae501b8aa
2019-08-01 16:01:31,200 INFO  pipeline.PipelineStateManager (PipelineStateManager.java:addPipeline(56)) - Created pipeline Pipeline[ Id: 76370301-e17e-4fb9-9e42-a20d9abb4747, Nodes: fb0aba0e-a91e-4296-a17c-becae501b8aa{ip: 192.168.157.209, host: byscane-nightly-hwqnr-1260472869, networkLocation: /default-rack, certSerialId: null}, Type:RATIS, Factor:ONE, State:OPEN]
2019-08-01 16:01:31,227 INFO  impl.RaftServerProxy (RaftServerProxy.java:addNew(89)) - 51e16db7-120d-4041-8ea6-11798f57aae7: addNew group-294BB5883CD1:[51e16db7-120d-4041-8ea6-11798f57aae7:192.168.157.209:40993] returns group-294BB5883CD1:java.util.concurrent.CompletableFuture@646df8e5[Not completed]
2019-08-01 16:01:31,229 INFO  impl.RaftServerImpl (RaftServerImpl.java:<init>(93)) - 51e16db7-120d-4041-8ea6-11798f57aae7: new RaftServerImpl for group-294BB5883CD1:[51e16db7-120d-4041-8ea6-11798f57aae7:192.168.157.209:40993] with ContainerStateMachine:uninitialized
2019-08-01 16:01:31,231 INFO  server.RaftServerConfigKeys (ConfUtils.java:logGet(43)) - raft.server.rpc.timeout.min = 5s (custom)
2019-08-01 16:01:31,231 INFO  server.RaftServerConfigKeys (ConfUtils.java:logGet(43)) - raft.server.rpc.timeout.max = 5200ms (custom)
2019-08-01 16:01:31,232 INFO  server.RaftServerConfigKeys (ConfUtils.java:logGet(43)) - raft.server.rpcslowness.timeout = 120s (custom)
2019-08-01 16:01:31,232 INFO  server.RaftServerConfigKeys (ConfUtils.java:logGet(43)) - raft.server.sleep.deviation.threshold = 300 (default)
2019-08-01 16:01:31,232 INFO  server.RaftServerConfigKeys (ConfUtils.java:logGet(43)) - raft.server.log.appender.install.snapshot.enabled = false (custom)
2019-08-01 16:01:31,232 INFO  impl.RaftServerImpl (ServerState.java:<init>(105)) - 51e16db7-120d-4041-8ea6-11798f57aae7:group-294BB5883CD1 ConfigurationManager, init=-1: [51e16db7-120d-4041-8ea6-11798f57aae7:192.168.157.209:40993], old=null, confs=<EMPTY_MAP>
2019-08-01 16:01:31,232 INFO  server.RaftServerConfigKeys (ConfUtils.java:logGet(43)) - raft.server.storage.dir = [/workdir/hadoop-ozone/integration-test/target/test-dir/MiniOzoneClusterImpl-485285ec-3b22-4c85-939e-23df22a82835/datanode-4/data/ratis] (custom)
2019-08-01 16:01:31,233 INFO  storage.RaftStorageDirectory (RaftStorageDirectory.java:analyzeStorage(246)) - The storage directory /workdir/hadoop-ozone/integration-test/target/test-dir/MiniOzoneClusterImpl-485285ec-3b22-4c85-939e-23df22a82835/datanode-4/data/ratis/ffefd377-8b69-4a51-ba44-294bb5883cd1 does not exist. Creating ...
2019-08-01 16:01:31,246 INFO  storage.RaftStorageDirectory (RaftStorageDirectory.java:tryLock(328)) - Lock on /workdir/hadoop-ozone/integration-test/target/test-dir/MiniOzoneClusterImpl-485285ec-3b22-4c85-939e-23df22a82835/datanode-4/data/ratis/ffefd377-8b69-4a51-ba44-294bb5883cd1/in_use.lock acquired by nodename 32220@byscane-nightly-hwqnr-1260472869
2019-08-01 16:01:31,259 INFO  storage.RaftStorage (RaftStorage.java:format(72)) - Storage directory /workdir/hadoop-ozone/integration-test/target/test-dir/MiniOzoneClusterImpl-485285ec-3b22-4c85-939e-23df22a82835/datanode-4/data/ratis/ffefd377-8b69-4a51-ba44-294bb5883cd1 has been successfully formatted.
2019-08-01 16:01:31,259 INFO  ratis.ContainerStateMachine (ContainerStateMachine.java:loadSnapshot(213)) - group-294BB5883CD1: The snapshot info is null. Setting the last applied indexto:(t:0, i:~)
2019-08-01 16:01:31,260 INFO  server.RaftServerConfigKeys (ConfUtils.java:logGet(43)) - raft.server.leader.election.timeout = 120s (custom)
2019-08-01 16:01:31,260 INFO  server.RaftServerConfigKeys (ConfUtils.java:logGet(43)) - raft.server.log.use.memory = false (default)
2019-08-01 16:01:31,260 INFO  server.RaftServerConfigKeys (ConfUtils.java:logGet(43)) - raft.server.log.purge.gap = 1000000000 (custom)
2019-08-01 16:01:31,260 INFO  server.RaftServerConfigKeys (ConfUtils.java:logGet(43)) - raft.server.log.appender.buffer.byte-limit = 33554432 (custom)
2019-08-01 16:01:31,260 INFO  server.RaftServerConfigKeys (ConfUtils.java:logGet(43)) - raft.server.log.segment.size.max = 1048576 (custom)
2019-08-01 16:01:31,261 INFO  server.RaftServerConfigKeys (ConfUtils.java:logGet(43)) - raft.server.log.segment.cache.num.max = 2 (custom)
2019-08-01 16:01:31,261 INFO  segmented.SegmentedRaftLogWorker (SegmentedRaftLogWorker.java:<init>(172)) - new 51e16db7-120d-4041-8ea6-11798f57aae7-SegmentedRaftLogWorker:Storage Directory /workdir/hadoop-ozone/integration-test/target/test-dir/MiniOzoneClusterImpl-485285ec-3b22-4c85-939e-23df22a82835/datanode-4/data/ratis/ffefd377-8b69-4a51-ba44-294bb5883cd1 for RaftStorage:Storage Directory /workdir/hadoop-ozone/integration-test/target/test-dir/MiniOzoneClusterImpl-485285ec-3b22-4c85-939e-23df22a82835/datanode-4/data/ratis/ffefd377-8b69-4a51-ba44-294bb5883cd1
2019-08-01 16:01:31,261 INFO  server.RaftServerConfigKeys (ConfUtils.java:logGet(43)) - raft.server.log.queue.byte-limit = 2147483647 (custom)
2019-08-01 16:01:31,261 INFO  server.RaftServerConfigKeys (ConfUtils.java:logGet(43)) - raft.server.log.queue.element-limit = 1024 (custom)
2019-08-01 16:01:31,261 INFO  server.RaftServerConfigKeys (ConfUtils.java:logGet(43)) - raft.server.log.segment.size.max = 1048576 (custom)
2019-08-01 16:01:31,262 INFO  server.RaftServerConfigKeys (ConfUtils.java:logGet(43)) - raft.server.log.preallocated.size = 16384 (custom)
2019-08-01 16:01:31,262 INFO  server.RaftServerConfigKeys (ConfUtils.java:logGet(43)) - raft.server.log.write.buffer.size = 33554432 (custom)
2019-08-01 16:01:31,262 INFO  server.RaftServerConfigKeys (ConfUtils.java:logGet(43)) - raft.server.log.force.sync.num = 128 (default)
2019-08-01 16:01:31,262 INFO  server.RaftServerConfigKeys (ConfUtils.java:logGet(43)) - raft.server.log.statemachine.data.sync = true (default)
2019-08-01 16:01:31,262 INFO  server.RaftServerConfigKeys (ConfUtils.java:logGet(43)) - raft.server.log.statemachine.data.sync.timeout = 10s (default)
2019-08-01 16:01:31,262 INFO  server.RaftServerConfigKeys (ConfUtils.java:logGet(43)) - raft.server.log.statemachine.data.sync.timeout.retry = -1 (default)
2019-08-01 16:01:31,263 INFO  server.RaftServerConfigKeys (ConfUtils.java:logGet(43)) - raft.server.log.statemachine.data.caching.enabled = true (custom)
2019-08-01 16:01:31,263 INFO  segmented.SegmentedRaftLogWorker (SegmentedRaftLogWorker.java:lambda$new$0(132)) - 51e16db7-120d-4041-8ea6-11798f57aae7-SegmentedRaftLogWorker:Storage Directory /workdir/hadoop-ozone/integration-test/target/test-dir/MiniOzoneClusterImpl-485285ec-3b22-4c85-939e-23df22a82835/datanode-4/data/ratis/ffefd377-8b69-4a51-ba44-294bb5883cd1: flushIndex: setUnconditionally 0 -> -1
2019-08-01 16:01:31,264 INFO  server.RaftServerConfigKeys (ConfUtils.java:logGet(43)) - raft.server.snapshot.auto.trigger.enabled = true (custom)
2019-08-01 16:01:31,264 INFO  server.RaftServerConfigKeys (ConfUtils.java:logGet(43)) - raft.server.snapshot.auto.trigger.threshold = 10000 (custom)
2019-08-01 16:01:31,264 INFO  server.RaftServerConfigKeys (ConfUtils.java:logGet(43)) - raft.server.retrycache.expirytime = 600000ms (custom)
2019-08-01 16:01:31,264 INFO  impl.RaftServerImpl (RaftServerImpl.java:start(180)) - 51e16db7-120d-4041-8ea6-11798f57aae7: start group-294BB5883CD1
2019-08-01 16:01:31,264 INFO  impl.RaftServerImpl (RaftServerImpl.java:setRole(171)) - 51e16db7-120d-4041-8ea6-11798f57aae7:group-294BB5883CD1 changes role from null to FOLLOWER at term 0 for startAsFollower
2019-08-01 16:01:31,265 INFO  impl.RoleInfo (RoleInfo.java:updateAndGet(143)) - 51e16db7-120d-4041-8ea6-11798f57aae7: start FollowerState
2019-08-01 16:01:31,265 INFO  util.JmxRegister (JmxRegister.java:tryRegister(44)) - Successfully registered JMX Bean with object name Ratis:service=RaftServer,group=group-294BB5883CD1,id=51e16db7-120d-4041-8ea6-11798f57aae7
2019-08-01 16:01:31,280 INFO  pipeline.PipelineStateManager (PipelineStateManager.java:addPipeline(56)) - Created pipeline Pipeline[ Id: ffefd377-8b69-4a51-ba44-294bb5883cd1, Nodes: 51e16db7-120d-4041-8ea6-11798f57aae7{ip: 192.168.157.209, host: byscane-nightly-hwqnr-1260472869, networkLocation: /default-rack, certSerialId: null}, Type:RATIS, Factor:ONE, State:OPEN]
2019-08-01 16:01:31,305 INFO  impl.RaftServerProxy (RaftServerProxy.java:addNew(89)) - 4cdbe0b8-b63a-44ae-919c-f6ed89689247: addNew group-AE1EB7404B5F:[4cdbe0b8-b63a-44ae-919c-f6ed89689247:192.168.157.209:44926] returns group-AE1EB7404B5F:java.util.concurrent.CompletableFuture@4328940e[Not completed]
2019-08-01 16:01:31,307 INFO  impl.RaftServerImpl (RaftServerImpl.java:<init>(93)) - 4cdbe0b8-b63a-44ae-919c-f6ed89689247: new RaftServerImpl for group-AE1EB7404B5F:[4cdbe0b8-b63a-44ae-919c-f6ed89689247:192.168.157.209:44926] with ContainerStateMachine:uninitialized
2019-08-01 16:01:31,318 INFO  server.RaftServerConfigKeys (ConfUtils.java:logGet(43)) - raft.server.rpc.timeout.min = 5s (custom)
2019-08-01 16:01:31,324 INFO  server.RaftServerConfigKeys (ConfUtils.java:logGet(43)) - raft.server.rpc.timeout.max = 5200ms (custom)
2019-08-01 16:01:31,325 INFO  server.RaftServerConfigKeys (ConfUtils.java:logGet(43)) - raft.server.rpcslowness.timeout = 120s (custom)
2019-08-01 16:01:31,326 INFO  server.RaftServerConfigKeys (ConfUtils.java:logGet(43)) - raft.server.sleep.deviation.threshold = 300 (default)
2019-08-01 16:01:31,326 INFO  server.RaftServerConfigKeys (ConfUtils.java:logGet(43)) - raft.server.log.appender.install.snapshot.enabled = false (custom)
2019-08-01 16:01:31,326 INFO  impl.RaftServerImpl (ServerState.java:<init>(105)) - 4cdbe0b8-b63a-44ae-919c-f6ed89689247:group-AE1EB7404B5F ConfigurationManager, init=-1: [4cdbe0b8-b63a-44ae-919c-f6ed89689247:192.168.157.209:44926], old=null, confs=<EMPTY_MAP>
2019-08-01 16:01:31,326 INFO  server.RaftServerConfigKeys (ConfUtils.java:logGet(43)) - raft.server.storage.dir = [/workdir/hadoop-ozone/integration-test/target/test-dir/MiniOzoneClusterImpl-485285ec-3b22-4c85-939e-23df22a82835/datanode-3/data/ratis] (custom)
2019-08-01 16:01:31,327 INFO  storage.RaftStorageDirectory (RaftStorageDirectory.java:analyzeStorage(246)) - The storage directory /workdir/hadoop-ozone/integration-test/target/test-dir/MiniOzoneClusterImpl-485285ec-3b22-4c85-939e-23df22a82835/datanode-3/data/ratis/d1b0858f-8540-45ed-9b43-ae1eb7404b5f does not exist. Creating ...
2019-08-01 16:01:31,340 INFO  storage.RaftStorageDirectory (RaftStorageDirectory.java:tryLock(328)) - Lock on /workdir/hadoop-ozone/integration-test/target/test-dir/MiniOzoneClusterImpl-485285ec-3b22-4c85-939e-23df22a82835/datanode-3/data/ratis/d1b0858f-8540-45ed-9b43-ae1eb7404b5f/in_use.lock acquired by nodename 32220@byscane-nightly-hwqnr-1260472869
2019-08-01 16:01:31,353 INFO  storage.RaftStorage (RaftStorage.java:format(72)) - Storage directory /workdir/hadoop-ozone/integration-test/target/test-dir/MiniOzoneClusterImpl-485285ec-3b22-4c85-939e-23df22a82835/datanode-3/data/ratis/d1b0858f-8540-45ed-9b43-ae1eb7404b5f has been successfully formatted.
2019-08-01 16:01:31,353 INFO  ratis.ContainerStateMachine (ContainerStateMachine.java:loadSnapshot(213)) - group-AE1EB7404B5F: The snapshot info is null. Setting the last applied indexto:(t:0, i:~)
2019-08-01 16:01:31,353 INFO  server.RaftServerConfigKeys (ConfUtils.java:logGet(43)) - raft.server.leader.election.timeout = 120s (custom)
2019-08-01 16:01:31,353 INFO  server.RaftServerConfigKeys (ConfUtils.java:logGet(43)) - raft.server.log.use.memory = false (default)
2019-08-01 16:01:31,353 INFO  server.RaftServerConfigKeys (ConfUtils.java:logGet(43)) - raft.server.log.purge.gap = 1000000000 (custom)
2019-08-01 16:01:31,354 INFO  server.RaftServerConfigKeys (ConfUtils.java:logGet(43)) - raft.server.log.appender.buffer.byte-limit = 33554432 (custom)
2019-08-01 16:01:31,354 INFO  server.RaftServerConfigKeys (ConfUtils.java:logGet(43)) - raft.server.log.segment.size.max = 1048576 (custom)
2019-08-01 16:01:31,354 INFO  server.RaftServerConfigKeys (ConfUtils.java:logGet(43)) - raft.server.log.segment.cache.num.max = 2 (custom)
2019-08-01 16:01:31,354 INFO  segmented.SegmentedRaftLogWorker (SegmentedRaftLogWorker.java:<init>(172)) - new 4cdbe0b8-b63a-44ae-919c-f6ed89689247-SegmentedRaftLogWorker:Storage Directory /workdir/hadoop-ozone/integration-test/target/test-dir/MiniOzoneClusterImpl-485285ec-3b22-4c85-939e-23df22a82835/datanode-3/data/ratis/d1b0858f-8540-45ed-9b43-ae1eb7404b5f for RaftStorage:Storage Directory /workdir/hadoop-ozone/integration-test/target/test-dir/MiniOzoneClusterImpl-485285ec-3b22-4c85-939e-23df22a82835/datanode-3/data/ratis/d1b0858f-8540-45ed-9b43-ae1eb7404b5f
2019-08-01 16:01:31,354 INFO  server.RaftServerConfigKeys (ConfUtils.java:logGet(43)) - raft.server.log.queue.byte-limit = 2147483647 (custom)
2019-08-01 16:01:31,354 INFO  server.RaftServerConfigKeys (ConfUtils.java:logGet(43)) - raft.server.log.queue.element-limit = 1024 (custom)
2019-08-01 16:01:31,355 INFO  server.RaftServerConfigKeys (ConfUtils.java:logGet(43)) - raft.server.log.segment.size.max = 1048576 (custom)
2019-08-01 16:01:31,355 INFO  server.RaftServerConfigKeys (ConfUtils.java:logGet(43)) - raft.server.log.preallocated.size = 16384 (custom)
2019-08-01 16:01:31,355 INFO  server.RaftServerConfigKeys (ConfUtils.java:logGet(43)) - raft.server.log.write.buffer.size = 33554432 (custom)
2019-08-01 16:01:31,355 INFO  server.RaftServerConfigKeys (ConfUtils.java:logGet(43)) - raft.server.log.force.sync.num = 128 (default)
2019-08-01 16:01:31,355 INFO  server.RaftServerConfigKeys (ConfUtils.java:logGet(43)) - raft.server.log.statemachine.data.sync = true (default)
2019-08-01 16:01:31,355 INFO  server.RaftServerConfigKeys (ConfUtils.java:logGet(43)) - raft.server.log.statemachine.data.sync.timeout = 10s (default)
2019-08-01 16:01:31,356 INFO  server.RaftServerConfigKeys (ConfUtils.java:logGet(43)) - raft.server.log.statemachine.data.sync.timeout.retry = -1 (default)
2019-08-01 16:01:31,356 INFO  server.RaftServerConfigKeys (ConfUtils.java:logGet(43)) - raft.server.log.statemachine.data.caching.enabled = true (custom)
2019-08-01 16:01:31,356 INFO  segmented.SegmentedRaftLogWorker (SegmentedRaftLogWorker.java:lambda$new$0(132)) - 4cdbe0b8-b63a-44ae-919c-f6ed89689247-SegmentedRaftLogWorker:Storage Directory /workdir/hadoop-ozone/integration-test/target/test-dir/MiniOzoneClusterImpl-485285ec-3b22-4c85-939e-23df22a82835/datanode-3/data/ratis/d1b0858f-8540-45ed-9b43-ae1eb7404b5f: flushIndex: setUnconditionally 0 -> -1
2019-08-01 16:01:31,357 INFO  server.RaftServerConfigKeys (ConfUtils.java:logGet(43)) - raft.server.snapshot.auto.trigger.enabled = true (custom)
2019-08-01 16:01:31,357 INFO  server.RaftServerConfigKeys (ConfUtils.java:logGet(43)) - raft.server.snapshot.auto.trigger.threshold = 10000 (custom)
2019-08-01 16:01:31,357 INFO  server.RaftServerConfigKeys (ConfUtils.java:logGet(43)) - raft.server.retrycache.expirytime = 600000ms (custom)
2019-08-01 16:01:31,357 INFO  impl.RaftServerImpl (RaftServerImpl.java:start(180)) - 4cdbe0b8-b63a-44ae-919c-f6ed89689247: start group-AE1EB7404B5F
2019-08-01 16:01:31,357 INFO  impl.RaftServerImpl (RaftServerImpl.java:setRole(171)) - 4cdbe0b8-b63a-44ae-919c-f6ed89689247:group-AE1EB7404B5F changes role from null to FOLLOWER at term 0 for startAsFollower
2019-08-01 16:01:31,358 INFO  impl.RoleInfo (RoleInfo.java:updateAndGet(143)) - 4cdbe0b8-b63a-44ae-919c-f6ed89689247: start FollowerState
2019-08-01 16:01:31,358 INFO  util.JmxRegister (JmxRegister.java:tryRegister(44)) - Successfully registered JMX Bean with object name Ratis:service=RaftServer,group=group-AE1EB7404B5F,id=4cdbe0b8-b63a-44ae-919c-f6ed89689247
2019-08-01 16:01:31,374 INFO  pipeline.PipelineStateManager (PipelineStateManager.java:addPipeline(56)) - Created pipeline Pipeline[ Id: d1b0858f-8540-45ed-9b43-ae1eb7404b5f, Nodes: 4cdbe0b8-b63a-44ae-919c-f6ed89689247{ip: 192.168.157.209, host: byscane-nightly-hwqnr-1260472869, networkLocation: /default-rack, certSerialId: null}, Type:RATIS, Factor:ONE, State:OPEN]
2019-08-01 16:01:31,402 INFO  impl.RaftServerProxy (RaftServerProxy.java:addNew(89)) - d8bd68e9-0ee0-49dd-b10b-94c77b5e9b31: addNew group-8424FADD4C58:[d8bd68e9-0ee0-49dd-b10b-94c77b5e9b31:192.168.157.209:45800] returns group-8424FADD4C58:java.util.concurrent.CompletableFuture@104b667b[Not completed]
2019-08-01 16:01:31,405 INFO  impl.RaftServerImpl (RaftServerImpl.java:<init>(93)) - d8bd68e9-0ee0-49dd-b10b-94c77b5e9b31: new RaftServerImpl for group-8424FADD4C58:[d8bd68e9-0ee0-49dd-b10b-94c77b5e9b31:192.168.157.209:45800] with ContainerStateMachine:uninitialized
2019-08-01 16:01:31,405 INFO  server.RaftServerConfigKeys (ConfUtils.java:logGet(43)) - raft.server.rpc.timeout.min = 5s (custom)
2019-08-01 16:01:31,405 INFO  server.RaftServerConfigKeys (ConfUtils.java:logGet(43)) - raft.server.rpc.timeout.max = 5200ms (custom)
2019-08-01 16:01:31,405 INFO  server.RaftServerConfigKeys (ConfUtils.java:logGet(43)) - raft.server.rpcslowness.timeout = 120s (custom)
2019-08-01 16:01:31,405 INFO  server.RaftServerConfigKeys (ConfUtils.java:logGet(43)) - raft.server.sleep.deviation.threshold = 300 (default)
2019-08-01 16:01:31,406 INFO  server.RaftServerConfigKeys (ConfUtils.java:logGet(43)) - raft.server.log.appender.install.snapshot.enabled = false (custom)
2019-08-01 16:01:31,406 INFO  impl.RaftServerImpl (ServerState.java:<init>(105)) - d8bd68e9-0ee0-49dd-b10b-94c77b5e9b31:group-8424FADD4C58 ConfigurationManager, init=-1: [d8bd68e9-0ee0-49dd-b10b-94c77b5e9b31:192.168.157.209:45800], old=null, confs=<EMPTY_MAP>
2019-08-01 16:01:31,406 INFO  server.RaftServerConfigKeys (ConfUtils.java:logGet(43)) - raft.server.storage.dir = [/workdir/hadoop-ozone/integration-test/target/test-dir/MiniOzoneClusterImpl-485285ec-3b22-4c85-939e-23df22a82835/datanode-1/data/ratis] (custom)
2019-08-01 16:01:31,407 INFO  storage.RaftStorageDirectory (RaftStorageDirectory.java:analyzeStorage(246)) - The storage directory /workdir/hadoop-ozone/integration-test/target/test-dir/MiniOzoneClusterImpl-485285ec-3b22-4c85-939e-23df22a82835/datanode-1/data/ratis/6f58dc4f-9d8d-4584-b298-8424fadd4c58 does not exist. Creating ...
2019-08-01 16:01:31,420 INFO  storage.RaftStorageDirectory (RaftStorageDirectory.java:tryLock(328)) - Lock on /workdir/hadoop-ozone/integration-test/target/test-dir/MiniOzoneClusterImpl-485285ec-3b22-4c85-939e-23df22a82835/datanode-1/data/ratis/6f58dc4f-9d8d-4584-b298-8424fadd4c58/in_use.lock acquired by nodename 32220@byscane-nightly-hwqnr-1260472869
2019-08-01 16:01:31,440 INFO  storage.RaftStorage (RaftStorage.java:format(72)) - Storage directory /workdir/hadoop-ozone/integration-test/target/test-dir/MiniOzoneClusterImpl-485285ec-3b22-4c85-939e-23df22a82835/datanode-1/data/ratis/6f58dc4f-9d8d-4584-b298-8424fadd4c58 has been successfully formatted.
2019-08-01 16:01:31,440 INFO  ratis.ContainerStateMachine (ContainerStateMachine.java:loadSnapshot(213)) - group-8424FADD4C58: The snapshot info is null. Setting the last applied indexto:(t:0, i:~)
2019-08-01 16:01:31,440 INFO  server.RaftServerConfigKeys (ConfUtils.java:logGet(43)) - raft.server.leader.election.timeout = 120s (custom)
2019-08-01 16:01:31,440 INFO  server.RaftServerConfigKeys (ConfUtils.java:logGet(43)) - raft.server.log.use.memory = false (default)
2019-08-01 16:01:31,441 INFO  server.RaftServerConfigKeys (ConfUtils.java:logGet(43)) - raft.server.log.purge.gap = 1000000000 (custom)
2019-08-01 16:01:31,441 INFO  server.RaftServerConfigKeys (ConfUtils.java:logGet(43)) - raft.server.log.appender.buffer.byte-limit = 33554432 (custom)
2019-08-01 16:01:31,441 INFO  server.RaftServerConfigKeys (ConfUtils.java:logGet(43)) - raft.server.log.segment.size.max = 1048576 (custom)
2019-08-01 16:01:31,441 INFO  server.RaftServerConfigKeys (ConfUtils.java:logGet(43)) - raft.server.log.segment.cache.num.max = 2 (custom)
2019-08-01 16:01:31,441 INFO  segmented.SegmentedRaftLogWorker (SegmentedRaftLogWorker.java:<init>(172)) - new d8bd68e9-0ee0-49dd-b10b-94c77b5e9b31-SegmentedRaftLogWorker:Storage Directory /workdir/hadoop-ozone/integration-test/target/test-dir/MiniOzoneClusterImpl-485285ec-3b22-4c85-939e-23df22a82835/datanode-1/data/ratis/6f58dc4f-9d8d-4584-b298-8424fadd4c58 for RaftStorage:Storage Directory /workdir/hadoop-ozone/integration-test/target/test-dir/MiniOzoneClusterImpl-485285ec-3b22-4c85-939e-23df22a82835/datanode-1/data/ratis/6f58dc4f-9d8d-4584-b298-8424fadd4c58
2019-08-01 16:01:31,442 INFO  server.RaftServerConfigKeys (ConfUtils.java:logGet(43)) - raft.server.log.queue.byte-limit = 2147483647 (custom)
2019-08-01 16:01:31,442 INFO  server.RaftServerConfigKeys (ConfUtils.java:logGet(43)) - raft.server.log.queue.element-limit = 1024 (custom)
2019-08-01 16:01:31,442 INFO  server.RaftServerConfigKeys (ConfUtils.java:logGet(43)) - raft.server.log.segment.size.max = 1048576 (custom)
2019-08-01 16:01:31,442 INFO  server.RaftServerConfigKeys (ConfUtils.java:logGet(43)) - raft.server.log.preallocated.size = 16384 (custom)
2019-08-01 16:01:31,443 INFO  server.RaftServerConfigKeys (ConfUtils.java:logGet(43)) - raft.server.log.write.buffer.size = 33554432 (custom)
2019-08-01 16:01:31,443 INFO  server.RaftServerConfigKeys (ConfUtils.java:logGet(43)) - raft.server.log.force.sync.num = 128 (default)
2019-08-01 16:01:31,443 INFO  server.RaftServerConfigKeys (ConfUtils.java:logGet(43)) - raft.server.log.statemachine.data.sync = true (default)
2019-08-01 16:01:31,443 INFO  server.RaftServerConfigKeys (ConfUtils.java:logGet(43)) - raft.server.log.statemachine.data.sync.timeout = 10s (default)
2019-08-01 16:01:31,443 INFO  server.RaftServerConfigKeys (ConfUtils.java:logGet(43)) - raft.server.log.statemachine.data.sync.timeout.retry = -1 (default)
2019-08-01 16:01:31,444 INFO  server.RaftServerConfigKeys (ConfUtils.java:logGet(43)) - raft.server.log.statemachine.data.caching.enabled = true (custom)
2019-08-01 16:01:31,444 INFO  segmented.SegmentedRaftLogWorker (SegmentedRaftLogWorker.java:lambda$new$0(132)) - d8bd68e9-0ee0-49dd-b10b-94c77b5e9b31-SegmentedRaftLogWorker:Storage Directory /workdir/hadoop-ozone/integration-test/target/test-dir/MiniOzoneClusterImpl-485285ec-3b22-4c85-939e-23df22a82835/datanode-1/data/ratis/6f58dc4f-9d8d-4584-b298-8424fadd4c58: flushIndex: setUnconditionally 0 -> -1
2019-08-01 16:01:31,445 INFO  server.RaftServerConfigKeys (ConfUtils.java:logGet(43)) - raft.server.snapshot.auto.trigger.enabled = true (custom)
2019-08-01 16:01:31,445 INFO  server.RaftServerConfigKeys (ConfUtils.java:logGet(43)) - raft.server.snapshot.auto.trigger.threshold = 10000 (custom)
2019-08-01 16:01:31,445 INFO  server.RaftServerConfigKeys (ConfUtils.java:logGet(43)) - raft.server.retrycache.expirytime = 600000ms (custom)
2019-08-01 16:01:31,445 INFO  impl.RaftServerImpl (RaftServerImpl.java:start(180)) - d8bd68e9-0ee0-49dd-b10b-94c77b5e9b31: start group-8424FADD4C58
2019-08-01 16:01:31,445 INFO  impl.RaftServerImpl (RaftServerImpl.java:setRole(171)) - d8bd68e9-0ee0-49dd-b10b-94c77b5e9b31:group-8424FADD4C58 changes role from null to FOLLOWER at term 0 for startAsFollower
2019-08-01 16:01:31,446 INFO  impl.RoleInfo (RoleInfo.java:updateAndGet(143)) - d8bd68e9-0ee0-49dd-b10b-94c77b5e9b31: start FollowerState
2019-08-01 16:01:31,446 INFO  util.JmxRegister (JmxRegister.java:tryRegister(44)) - Successfully registered JMX Bean with object name Ratis:service=RaftServer,group=group-8424FADD4C58,id=d8bd68e9-0ee0-49dd-b10b-94c77b5e9b31
2019-08-01 16:01:31,460 INFO  pipeline.PipelineStateManager (PipelineStateManager.java:addPipeline(56)) - Created pipeline Pipeline[ Id: 6f58dc4f-9d8d-4584-b298-8424fadd4c58, Nodes: d8bd68e9-0ee0-49dd-b10b-94c77b5e9b31{ip: 192.168.157.209, host: byscane-nightly-hwqnr-1260472869, networkLocation: /default-rack, certSerialId: null}, Type:RATIS, Factor:ONE, State:OPEN]
2019-08-01 16:01:31,479 INFO  impl.RaftServerProxy (RaftServerProxy.java:addNew(89)) - a260a3ae-b517-4c93-93f6-8c88e9abc442: addNew group-732096B7A2EF:[a260a3ae-b517-4c93-93f6-8c88e9abc442:192.168.157.209:45220] returns group-732096B7A2EF:java.util.concurrent.CompletableFuture@2b5e6fff[Not completed]
2019-08-01 16:01:31,483 INFO  impl.RaftServerImpl (RaftServerImpl.java:<init>(93)) - a260a3ae-b517-4c93-93f6-8c88e9abc442: new RaftServerImpl for group-732096B7A2EF:[a260a3ae-b517-4c93-93f6-8c88e9abc442:192.168.157.209:45220] with ContainerStateMachine:uninitialized
2019-08-01 16:01:31,483 INFO  server.RaftServerConfigKeys (ConfUtils.java:logGet(43)) - raft.server.rpc.timeout.min = 5s (custom)
2019-08-01 16:01:31,483 INFO  server.RaftServerConfigKeys (ConfUtils.java:logGet(43)) - raft.server.rpc.timeout.max = 5200ms (custom)
2019-08-01 16:01:31,483 INFO  server.RaftServerConfigKeys (ConfUtils.java:logGet(43)) - raft.server.rpcslowness.timeout = 120s (custom)
2019-08-01 16:01:31,483 INFO  server.RaftServerConfigKeys (ConfUtils.java:logGet(43)) - raft.server.sleep.deviation.threshold = 300 (default)
2019-08-01 16:01:31,484 INFO  server.RaftServerConfigKeys (ConfUtils.java:logGet(43)) - raft.server.log.appender.install.snapshot.enabled = false (custom)
2019-08-01 16:01:31,484 INFO  impl.RaftServerImpl (ServerState.java:<init>(105)) - a260a3ae-b517-4c93-93f6-8c88e9abc442:group-732096B7A2EF ConfigurationManager, init=-1: [a260a3ae-b517-4c93-93f6-8c88e9abc442:192.168.157.209:45220], old=null, confs=<EMPTY_MAP>
2019-08-01 16:01:31,484 INFO  server.RaftServerConfigKeys (ConfUtils.java:logGet(43)) - raft.server.storage.dir = [/workdir/hadoop-ozone/integration-test/target/test-dir/MiniOzoneClusterImpl-485285ec-3b22-4c85-939e-23df22a82835/datanode-5/data/ratis] (custom)
2019-08-01 16:01:31,485 INFO  storage.RaftStorageDirectory (RaftStorageDirectory.java:analyzeStorage(246)) - The storage directory /workdir/hadoop-ozone/integration-test/target/test-dir/MiniOzoneClusterImpl-485285ec-3b22-4c85-939e-23df22a82835/datanode-5/data/ratis/4e908df5-794d-4e48-a250-732096b7a2ef does not exist. Creating ...
2019-08-01 16:01:31,498 INFO  storage.RaftStorageDirectory (RaftStorageDirectory.java:tryLock(328)) - Lock on /workdir/hadoop-ozone/integration-test/target/test-dir/MiniOzoneClusterImpl-485285ec-3b22-4c85-939e-23df22a82835/datanode-5/data/ratis/4e908df5-794d-4e48-a250-732096b7a2ef/in_use.lock acquired by nodename 32220@byscane-nightly-hwqnr-1260472869
2019-08-01 16:01:31,511 INFO  storage.RaftStorage (RaftStorage.java:format(72)) - Storage directory /workdir/hadoop-ozone/integration-test/target/test-dir/MiniOzoneClusterImpl-485285ec-3b22-4c85-939e-23df22a82835/datanode-5/data/ratis/4e908df5-794d-4e48-a250-732096b7a2ef has been successfully formatted.
2019-08-01 16:01:31,511 INFO  ratis.ContainerStateMachine (ContainerStateMachine.java:loadSnapshot(213)) - group-732096B7A2EF: The snapshot info is null. Setting the last applied indexto:(t:0, i:~)
2019-08-01 16:01:31,512 INFO  server.RaftServerConfigKeys (ConfUtils.java:logGet(43)) - raft.server.leader.election.timeout = 120s (custom)
2019-08-01 16:01:31,512 INFO  server.RaftServerConfigKeys (ConfUtils.java:logGet(43)) - raft.server.log.use.memory = false (default)
2019-08-01 16:01:31,512 INFO  server.RaftServerConfigKeys (ConfUtils.java:logGet(43)) - raft.server.log.purge.gap = 1000000000 (custom)
2019-08-01 16:01:31,512 INFO  server.RaftServerConfigKeys (ConfUtils.java:logGet(43)) - raft.server.log.appender.buffer.byte-limit = 33554432 (custom)
2019-08-01 16:01:31,512 INFO  server.RaftServerConfigKeys (ConfUtils.java:logGet(43)) - raft.server.log.segment.size.max = 1048576 (custom)
2019-08-01 16:01:31,512 INFO  server.RaftServerConfigKeys (ConfUtils.java:logGet(43)) - raft.server.log.segment.cache.num.max = 2 (custom)
2019-08-01 16:01:31,513 INFO  segmented.SegmentedRaftLogWorker (SegmentedRaftLogWorker.java:<init>(172)) - new a260a3ae-b517-4c93-93f6-8c88e9abc442-SegmentedRaftLogWorker:Storage Directory /workdir/hadoop-ozone/integration-test/target/test-dir/MiniOzoneClusterImpl-485285ec-3b22-4c85-939e-23df22a82835/datanode-5/data/ratis/4e908df5-794d-4e48-a250-732096b7a2ef for RaftStorage:Storage Directory /workdir/hadoop-ozone/integration-test/target/test-dir/MiniOzoneClusterImpl-485285ec-3b22-4c85-939e-23df22a82835/datanode-5/data/ratis/4e908df5-794d-4e48-a250-732096b7a2ef
2019-08-01 16:01:31,513 INFO  server.RaftServerConfigKeys (ConfUtils.java:logGet(43)) - raft.server.log.queue.byte-limit = 2147483647 (custom)
2019-08-01 16:01:31,513 INFO  server.RaftServerConfigKeys (ConfUtils.java:logGet(43)) - raft.server.log.queue.element-limit = 1024 (custom)
2019-08-01 16:01:31,513 INFO  server.RaftServerConfigKeys (ConfUtils.java:logGet(43)) - raft.server.log.segment.size.max = 1048576 (custom)
2019-08-01 16:01:31,513 INFO  server.RaftServerConfigKeys (ConfUtils.java:logGet(43)) - raft.server.log.preallocated.size = 16384 (custom)
2019-08-01 16:01:31,514 INFO  server.RaftServerConfigKeys (ConfUtils.java:logGet(43)) - raft.server.log.write.buffer.size = 33554432 (custom)
2019-08-01 16:01:31,514 INFO  server.RaftServerConfigKeys (ConfUtils.java:logGet(43)) - raft.server.log.force.sync.num = 128 (default)
2019-08-01 16:01:31,514 INFO  server.RaftServerConfigKeys (ConfUtils.java:logGet(43)) - raft.server.log.statemachine.data.sync = true (default)
2019-08-01 16:01:31,514 INFO  server.RaftServerConfigKeys (ConfUtils.java:logGet(43)) - raft.server.log.statemachine.data.sync.timeout = 10s (default)
2019-08-01 16:01:31,514 INFO  server.RaftServerConfigKeys (ConfUtils.java:logGet(43)) - raft.server.log.statemachine.data.sync.timeout.retry = -1 (default)
2019-08-01 16:01:31,515 INFO  server.RaftServerConfigKeys (ConfUtils.java:logGet(43)) - raft.server.log.statemachine.data.caching.enabled = true (custom)
2019-08-01 16:01:31,515 INFO  segmented.SegmentedRaftLogWorker (SegmentedRaftLogWorker.java:lambda$new$0(132)) - a260a3ae-b517-4c93-93f6-8c88e9abc442-SegmentedRaftLogWorker:Storage Directory /workdir/hadoop-ozone/integration-test/target/test-dir/MiniOzoneClusterImpl-485285ec-3b22-4c85-939e-23df22a82835/datanode-5/data/ratis/4e908df5-794d-4e48-a250-732096b7a2ef: flushIndex: setUnconditionally 0 -> -1
2019-08-01 16:01:31,515 INFO  server.RaftServerConfigKeys (ConfUtils.java:logGet(43)) - raft.server.snapshot.auto.trigger.enabled = true (custom)
2019-08-01 16:01:31,516 INFO  server.RaftServerConfigKeys (ConfUtils.java:logGet(43)) - raft.server.snapshot.auto.trigger.threshold = 10000 (custom)
2019-08-01 16:01:31,516 INFO  server.RaftServerConfigKeys (ConfUtils.java:logGet(43)) - raft.server.retrycache.expirytime = 600000ms (custom)
2019-08-01 16:01:31,516 INFO  impl.RaftServerImpl (RaftServerImpl.java:start(180)) - a260a3ae-b517-4c93-93f6-8c88e9abc442: start group-732096B7A2EF
2019-08-01 16:01:31,516 INFO  impl.RaftServerImpl (RaftServerImpl.java:setRole(171)) - a260a3ae-b517-4c93-93f6-8c88e9abc442:group-732096B7A2EF changes role from null to FOLLOWER at term 0 for startAsFollower
2019-08-01 16:01:31,516 INFO  impl.RoleInfo (RoleInfo.java:updateAndGet(143)) - a260a3ae-b517-4c93-93f6-8c88e9abc442: start FollowerState
2019-08-01 16:01:31,517 INFO  util.JmxRegister (JmxRegister.java:tryRegister(44)) - Successfully registered JMX Bean with object name Ratis:service=RaftServer,group=group-732096B7A2EF,id=a260a3ae-b517-4c93-93f6-8c88e9abc442
2019-08-01 16:01:31,536 INFO  pipeline.PipelineStateManager (PipelineStateManager.java:addPipeline(56)) - Created pipeline Pipeline[ Id: 4e908df5-794d-4e48-a250-732096b7a2ef, Nodes: a260a3ae-b517-4c93-93f6-8c88e9abc442{ip: 192.168.157.209, host: byscane-nightly-hwqnr-1260472869, networkLocation: /default-rack, certSerialId: null}, Type:RATIS, Factor:ONE, State:OPEN]
2019-08-01 16:01:31,575 INFO  impl.RaftServerProxy (RaftServerProxy.java:addNew(89)) - fb0aba0e-a91e-4296-a17c-becae501b8aa: addNew group-C688C70668CE:[b9df5501-f8ee-4cab-81bf-02e0a64c19ea:192.168.157.209:33779, fb0aba0e-a91e-4296-a17c-becae501b8aa:192.168.157.209:39739, 51e16db7-120d-4041-8ea6-11798f57aae7:192.168.157.209:40993] returns group-C688C70668CE:java.util.concurrent.CompletableFuture@c66e78b[Not completed]
2019-08-01 16:01:31,577 INFO  impl.RaftServerProxy (RaftServerProxy.java:addNew(89)) - b9df5501-f8ee-4cab-81bf-02e0a64c19ea: addNew group-C688C70668CE:[b9df5501-f8ee-4cab-81bf-02e0a64c19ea:192.168.157.209:33779, fb0aba0e-a91e-4296-a17c-becae501b8aa:192.168.157.209:39739, 51e16db7-120d-4041-8ea6-11798f57aae7:192.168.157.209:40993] returns group-C688C70668CE:java.util.concurrent.CompletableFuture@5233741b[Not completed]
2019-08-01 16:01:31,577 INFO  impl.RaftServerProxy (RaftServerProxy.java:addNew(89)) - 51e16db7-120d-4041-8ea6-11798f57aae7: addNew group-C688C70668CE:[b9df5501-f8ee-4cab-81bf-02e0a64c19ea:192.168.157.209:33779, fb0aba0e-a91e-4296-a17c-becae501b8aa:192.168.157.209:39739, 51e16db7-120d-4041-8ea6-11798f57aae7:192.168.157.209:40993] returns group-C688C70668CE:java.util.concurrent.CompletableFuture@49647863[Not completed]
2019-08-01 16:01:31,578 INFO  impl.RaftServerImpl (RaftServerImpl.java:<init>(93)) - fb0aba0e-a91e-4296-a17c-becae501b8aa: new RaftServerImpl for group-C688C70668CE:[b9df5501-f8ee-4cab-81bf-02e0a64c19ea:192.168.157.209:33779, fb0aba0e-a91e-4296-a17c-becae501b8aa:192.168.157.209:39739, 51e16db7-120d-4041-8ea6-11798f57aae7:192.168.157.209:40993] with ContainerStateMachine:uninitialized
2019-08-01 16:01:31,578 INFO  server.RaftServerConfigKeys (ConfUtils.java:logGet(43)) - raft.server.rpc.timeout.min = 5s (custom)
2019-08-01 16:01:31,579 INFO  server.RaftServerConfigKeys (ConfUtils.java:logGet(43)) - raft.server.rpc.timeout.max = 5200ms (custom)
2019-08-01 16:01:31,579 INFO  server.RaftServerConfigKeys (ConfUtils.java:logGet(43)) - raft.server.rpcslowness.timeout = 120s (custom)
2019-08-01 16:01:31,579 INFO  server.RaftServerConfigKeys (ConfUtils.java:logGet(43)) - raft.server.sleep.deviation.threshold = 300 (default)
2019-08-01 16:01:31,579 INFO  impl.RaftServerImpl (RaftServerImpl.java:<init>(93)) - 51e16db7-120d-4041-8ea6-11798f57aae7: new RaftServerImpl for group-C688C70668CE:[b9df5501-f8ee-4cab-81bf-02e0a64c19ea:192.168.157.209:33779, fb0aba0e-a91e-4296-a17c-becae501b8aa:192.168.157.209:39739, 51e16db7-120d-4041-8ea6-11798f57aae7:192.168.157.209:40993] with ContainerStateMachine:uninitialized
2019-08-01 16:01:31,579 INFO  server.RaftServerConfigKeys (ConfUtils.java:logGet(43)) - raft.server.log.appender.install.snapshot.enabled = false (custom)
2019-08-01 16:01:31,579 INFO  server.RaftServerConfigKeys (ConfUtils.java:logGet(43)) - raft.server.rpc.timeout.min = 5s (custom)
2019-08-01 16:01:31,579 INFO  impl.RaftServerImpl (ServerState.java:<init>(105)) - fb0aba0e-a91e-4296-a17c-becae501b8aa:group-C688C70668CE ConfigurationManager, init=-1: [b9df5501-f8ee-4cab-81bf-02e0a64c19ea:192.168.157.209:33779, fb0aba0e-a91e-4296-a17c-becae501b8aa:192.168.157.209:39739, 51e16db7-120d-4041-8ea6-11798f57aae7:192.168.157.209:40993], old=null, confs=<EMPTY_MAP>
2019-08-01 16:01:31,579 INFO  server.RaftServerConfigKeys (ConfUtils.java:logGet(43)) - raft.server.rpc.timeout.max = 5200ms (custom)
2019-08-01 16:01:31,580 INFO  server.RaftServerConfigKeys (ConfUtils.java:logGet(43)) - raft.server.storage.dir = [/workdir/hadoop-ozone/integration-test/target/test-dir/MiniOzoneClusterImpl-485285ec-3b22-4c85-939e-23df22a82835/datanode-6/data/ratis] (custom)
2019-08-01 16:01:31,580 INFO  server.RaftServerConfigKeys (ConfUtils.java:logGet(43)) - raft.server.rpcslowness.timeout = 120s (custom)
2019-08-01 16:01:31,580 INFO  server.RaftServerConfigKeys (ConfUtils.java:logGet(43)) - raft.server.sleep.deviation.threshold = 300 (default)
2019-08-01 16:01:31,580 INFO  impl.RaftServerImpl (RaftServerImpl.java:<init>(93)) - b9df5501-f8ee-4cab-81bf-02e0a64c19ea: new RaftServerImpl for group-C688C70668CE:[b9df5501-f8ee-4cab-81bf-02e0a64c19ea:192.168.157.209:33779, fb0aba0e-a91e-4296-a17c-becae501b8aa:192.168.157.209:39739, 51e16db7-120d-4041-8ea6-11798f57aae7:192.168.157.209:40993] with ContainerStateMachine:uninitialized
2019-08-01 16:01:31,580 INFO  storage.RaftStorageDirectory (RaftStorageDirectory.java:analyzeStorage(246)) - The storage directory /workdir/hadoop-ozone/integration-test/target/test-dir/MiniOzoneClusterImpl-485285ec-3b22-4c85-939e-23df22a82835/datanode-6/data/ratis/9747b9f8-6eae-4dab-bbda-c688c70668ce does not exist. Creating ...
2019-08-01 16:01:31,580 INFO  server.RaftServerConfigKeys (ConfUtils.java:logGet(43)) - raft.server.log.appender.install.snapshot.enabled = false (custom)
2019-08-01 16:01:31,580 INFO  server.RaftServerConfigKeys (ConfUtils.java:logGet(43)) - raft.server.rpc.timeout.min = 5s (custom)
2019-08-01 16:01:31,581 INFO  impl.RaftServerImpl (ServerState.java:<init>(105)) - 51e16db7-120d-4041-8ea6-11798f57aae7:group-C688C70668CE ConfigurationManager, init=-1: [b9df5501-f8ee-4cab-81bf-02e0a64c19ea:192.168.157.209:33779, fb0aba0e-a91e-4296-a17c-becae501b8aa:192.168.157.209:39739, 51e16db7-120d-4041-8ea6-11798f57aae7:192.168.157.209:40993], old=null, confs=<EMPTY_MAP>
2019-08-01 16:01:31,581 INFO  server.RaftServerConfigKeys (ConfUtils.java:logGet(43)) - raft.server.rpc.timeout.max = 5200ms (custom)
2019-08-01 16:01:31,581 INFO  server.RaftServerConfigKeys (ConfUtils.java:logGet(43)) - raft.server.storage.dir = [/workdir/hadoop-ozone/integration-test/target/test-dir/MiniOzoneClusterImpl-485285ec-3b22-4c85-939e-23df22a82835/datanode-4/data/ratis] (custom)
2019-08-01 16:01:31,581 INFO  server.RaftServerConfigKeys (ConfUtils.java:logGet(43)) - raft.server.rpcslowness.timeout = 120s (custom)
2019-08-01 16:01:31,581 INFO  server.RaftServerConfigKeys (ConfUtils.java:logGet(43)) - raft.server.sleep.deviation.threshold = 300 (default)
2019-08-01 16:01:31,581 INFO  storage.RaftStorageDirectory (RaftStorageDirectory.java:analyzeStorage(246)) - The storage directory /workdir/hadoop-ozone/integration-test/target/test-dir/MiniOzoneClusterImpl-485285ec-3b22-4c85-939e-23df22a82835/datanode-4/data/ratis/9747b9f8-6eae-4dab-bbda-c688c70668ce does not exist. Creating ...
2019-08-01 16:01:31,581 INFO  server.RaftServerConfigKeys (ConfUtils.java:logGet(43)) - raft.server.log.appender.install.snapshot.enabled = false (custom)
2019-08-01 16:01:31,582 INFO  impl.RaftServerImpl (ServerState.java:<init>(105)) - b9df5501-f8ee-4cab-81bf-02e0a64c19ea:group-C688C70668CE ConfigurationManager, init=-1: [b9df5501-f8ee-4cab-81bf-02e0a64c19ea:192.168.157.209:33779, fb0aba0e-a91e-4296-a17c-becae501b8aa:192.168.157.209:39739, 51e16db7-120d-4041-8ea6-11798f57aae7:192.168.157.209:40993], old=null, confs=<EMPTY_MAP>
2019-08-01 16:01:31,582 INFO  server.RaftServerConfigKeys (ConfUtils.java:logGet(43)) - raft.server.storage.dir = [/workdir/hadoop-ozone/integration-test/target/test-dir/MiniOzoneClusterImpl-485285ec-3b22-4c85-939e-23df22a82835/datanode-2/data/ratis] (custom)
2019-08-01 16:01:31,583 INFO  storage.RaftStorageDirectory (RaftStorageDirectory.java:analyzeStorage(246)) - The storage directory /workdir/hadoop-ozone/integration-test/target/test-dir/MiniOzoneClusterImpl-485285ec-3b22-4c85-939e-23df22a82835/datanode-2/data/ratis/9747b9f8-6eae-4dab-bbda-c688c70668ce does not exist. Creating ...
2019-08-01 16:01:31,594 INFO  storage.RaftStorageDirectory (RaftStorageDirectory.java:tryLock(328)) - Lock on /workdir/hadoop-ozone/integration-test/target/test-dir/MiniOzoneClusterImpl-485285ec-3b22-4c85-939e-23df22a82835/datanode-6/data/ratis/9747b9f8-6eae-4dab-bbda-c688c70668ce/in_use.lock acquired by nodename 32220@byscane-nightly-hwqnr-1260472869
2019-08-01 16:01:31,594 INFO  storage.RaftStorageDirectory (RaftStorageDirectory.java:tryLock(328)) - Lock on /workdir/hadoop-ozone/integration-test/target/test-dir/MiniOzoneClusterImpl-485285ec-3b22-4c85-939e-23df22a82835/datanode-2/data/ratis/9747b9f8-6eae-4dab-bbda-c688c70668ce/in_use.lock acquired by nodename 32220@byscane-nightly-hwqnr-1260472869
2019-08-01 16:01:31,594 INFO  storage.RaftStorageDirectory (RaftStorageDirectory.java:tryLock(328)) - Lock on /workdir/hadoop-ozone/integration-test/target/test-dir/MiniOzoneClusterImpl-485285ec-3b22-4c85-939e-23df22a82835/datanode-4/data/ratis/9747b9f8-6eae-4dab-bbda-c688c70668ce/in_use.lock acquired by nodename 32220@byscane-nightly-hwqnr-1260472869
2019-08-01 16:01:31,608 INFO  storage.RaftStorage (RaftStorage.java:format(72)) - Storage directory /workdir/hadoop-ozone/integration-test/target/test-dir/MiniOzoneClusterImpl-485285ec-3b22-4c85-939e-23df22a82835/datanode-2/data/ratis/9747b9f8-6eae-4dab-bbda-c688c70668ce has been successfully formatted.
2019-08-01 16:01:31,608 INFO  storage.RaftStorage (RaftStorage.java:format(72)) - Storage directory /workdir/hadoop-ozone/integration-test/target/test-dir/MiniOzoneClusterImpl-485285ec-3b22-4c85-939e-23df22a82835/datanode-6/data/ratis/9747b9f8-6eae-4dab-bbda-c688c70668ce has been successfully formatted.
2019-08-01 16:01:31,608 INFO  storage.RaftStorage (RaftStorage.java:format(72)) - Storage directory /workdir/hadoop-ozone/integration-test/target/test-dir/MiniOzoneClusterImpl-485285ec-3b22-4c85-939e-23df22a82835/datanode-4/data/ratis/9747b9f8-6eae-4dab-bbda-c688c70668ce has been successfully formatted.
2019-08-01 16:01:31,608 INFO  ratis.ContainerStateMachine (ContainerStateMachine.java:loadSnapshot(213)) - group-C688C70668CE: The snapshot info is null. Setting the last applied indexto:(t:0, i:~)
2019-08-01 16:01:31,609 INFO  ratis.ContainerStateMachine (ContainerStateMachine.java:loadSnapshot(213)) - group-C688C70668CE: The snapshot info is null. Setting the last applied indexto:(t:0, i:~)
2019-08-01 16:01:31,609 INFO  server.RaftServerConfigKeys (ConfUtils.java:logGet(43)) - raft.server.leader.election.timeout = 120s (custom)
2019-08-01 16:01:31,608 INFO  ratis.ContainerStateMachine (ContainerStateMachine.java:loadSnapshot(213)) - group-C688C70668CE: The snapshot info is null. Setting the last applied indexto:(t:0, i:~)
2019-08-01 16:01:31,609 INFO  server.RaftServerConfigKeys (ConfUtils.java:logGet(43)) - raft.server.log.use.memory = false (default)
2019-08-01 16:01:31,609 INFO  server.RaftServerConfigKeys (ConfUtils.java:logGet(43)) - raft.server.leader.election.timeout = 120s (custom)
2019-08-01 16:01:31,609 INFO  server.RaftServerConfigKeys (ConfUtils.java:logGet(43)) - raft.server.log.purge.gap = 1000000000 (custom)
2019-08-01 16:01:31,609 INFO  server.RaftServerConfigKeys (ConfUtils.java:logGet(43)) - raft.server.leader.election.timeout = 120s (custom)
2019-08-01 16:01:31,610 INFO  server.RaftServerConfigKeys (ConfUtils.java:logGet(43)) - raft.server.log.appender.buffer.byte-limit = 33554432 (custom)
2019-08-01 16:01:31,609 INFO  server.RaftServerConfigKeys (ConfUtils.java:logGet(43)) - raft.server.log.use.memory = false (default)
2019-08-01 16:01:31,610 INFO  server.RaftServerConfigKeys (ConfUtils.java:logGet(43)) - raft.server.log.segment.size.max = 1048576 (custom)
2019-08-01 16:01:31,610 INFO  server.RaftServerConfigKeys (ConfUtils.java:logGet(43)) - raft.server.log.use.memory = false (default)
2019-08-01 16:01:31,610 INFO  server.RaftServerConfigKeys (ConfUtils.java:logGet(43)) - raft.server.log.segment.cache.num.max = 2 (custom)
2019-08-01 16:01:31,610 INFO  server.RaftServerConfigKeys (ConfUtils.java:logGet(43)) - raft.server.log.purge.gap = 1000000000 (custom)
2019-08-01 16:01:31,611 INFO  segmented.SegmentedRaftLogWorker (SegmentedRaftLogWorker.java:<init>(172)) - new b9df5501-f8ee-4cab-81bf-02e0a64c19ea-SegmentedRaftLogWorker:Storage Directory /workdir/hadoop-ozone/integration-test/target/test-dir/MiniOzoneClusterImpl-485285ec-3b22-4c85-939e-23df22a82835/datanode-2/data/ratis/9747b9f8-6eae-4dab-bbda-c688c70668ce for RaftStorage:Storage Directory /workdir/hadoop-ozone/integration-test/target/test-dir/MiniOzoneClusterImpl-485285ec-3b22-4c85-939e-23df22a82835/datanode-2/data/ratis/9747b9f8-6eae-4dab-bbda-c688c70668ce
2019-08-01 16:01:31,610 INFO  server.RaftServerConfigKeys (ConfUtils.java:logGet(43)) - raft.server.log.purge.gap = 1000000000 (custom)
2019-08-01 16:01:31,611 INFO  server.RaftServerConfigKeys (ConfUtils.java:logGet(43)) - raft.server.log.queue.byte-limit = 2147483647 (custom)
2019-08-01 16:01:31,611 INFO  server.RaftServerConfigKeys (ConfUtils.java:logGet(43)) - raft.server.log.appender.buffer.byte-limit = 33554432 (custom)
2019-08-01 16:01:31,613 INFO  server.RaftServerConfigKeys (ConfUtils.java:logGet(43)) - raft.server.log.queue.element-limit = 1024 (custom)
2019-08-01 16:01:31,611 INFO  server.RaftServerConfigKeys (ConfUtils.java:logGet(43)) - raft.server.log.appender.buffer.byte-limit = 33554432 (custom)
2019-08-01 16:01:31,614 INFO  server.RaftServerConfigKeys (ConfUtils.java:logGet(43)) - raft.server.log.segment.size.max = 1048576 (custom)
2019-08-01 16:01:31,613 INFO  server.RaftServerConfigKeys (ConfUtils.java:logGet(43)) - raft.server.log.segment.size.max = 1048576 (custom)
2019-08-01 16:01:31,614 INFO  server.RaftServerConfigKeys (ConfUtils.java:logGet(43)) - raft.server.log.preallocated.size = 16384 (custom)
2019-08-01 16:01:31,614 INFO  server.RaftServerConfigKeys (ConfUtils.java:logGet(43)) - raft.server.log.segment.size.max = 1048576 (custom)
2019-08-01 16:01:31,614 INFO  server.RaftServerConfigKeys (ConfUtils.java:logGet(43)) - raft.server.log.write.buffer.size = 33554432 (custom)
2019-08-01 16:01:31,614 INFO  server.RaftServerConfigKeys (ConfUtils.java:logGet(43)) - raft.server.log.segment.cache.num.max = 2 (custom)
2019-08-01 16:01:31,615 INFO  server.RaftServerConfigKeys (ConfUtils.java:logGet(43)) - raft.server.log.force.sync.num = 128 (default)
2019-08-01 16:01:31,615 INFO  server.RaftServerConfigKeys (ConfUtils.java:logGet(43)) - raft.server.log.segment.cache.num.max = 2 (custom)
2019-08-01 16:01:31,615 INFO  server.RaftServerConfigKeys (ConfUtils.java:logGet(43)) - raft.server.log.statemachine.data.sync = true (default)
2019-08-01 16:01:31,615 INFO  segmented.SegmentedRaftLogWorker (SegmentedRaftLogWorker.java:<init>(172)) - new 51e16db7-120d-4041-8ea6-11798f57aae7-SegmentedRaftLogWorker:Storage Directory /workdir/hadoop-ozone/integration-test/target/test-dir/MiniOzoneClusterImpl-485285ec-3b22-4c85-939e-23df22a82835/datanode-4/data/ratis/9747b9f8-6eae-4dab-bbda-c688c70668ce for RaftStorage:Storage Directory /workdir/hadoop-ozone/integration-test/target/test-dir/MiniOzoneClusterImpl-485285ec-3b22-4c85-939e-23df22a82835/datanode-4/data/ratis/9747b9f8-6eae-4dab-bbda-c688c70668ce
2019-08-01 16:01:31,615 INFO  server.RaftServerConfigKeys (ConfUtils.java:logGet(43)) - raft.server.log.statemachine.data.sync.timeout = 10s (default)
2019-08-01 16:01:31,615 INFO  segmented.SegmentedRaftLogWorker (SegmentedRaftLogWorker.java:<init>(172)) - new fb0aba0e-a91e-4296-a17c-becae501b8aa-SegmentedRaftLogWorker:Storage Directory /workdir/hadoop-ozone/integration-test/target/test-dir/MiniOzoneClusterImpl-485285ec-3b22-4c85-939e-23df22a82835/datanode-6/data/ratis/9747b9f8-6eae-4dab-bbda-c688c70668ce for RaftStorage:Storage Directory /workdir/hadoop-ozone/integration-test/target/test-dir/MiniOzoneClusterImpl-485285ec-3b22-4c85-939e-23df22a82835/datanode-6/data/ratis/9747b9f8-6eae-4dab-bbda-c688c70668ce
2019-08-01 16:01:31,616 INFO  server.RaftServerConfigKeys (ConfUtils.java:logGet(43)) - raft.server.log.statemachine.data.sync.timeout.retry = -1 (default)
2019-08-01 16:01:31,616 INFO  server.RaftServerConfigKeys (ConfUtils.java:logGet(43)) - raft.server.log.queue.byte-limit = 2147483647 (custom)
2019-08-01 16:01:31,620 INFO  server.RaftServerConfigKeys (ConfUtils.java:logGet(43)) - raft.server.log.statemachine.data.caching.enabled = true (custom)
2019-08-01 16:01:31,618 INFO  server.RaftServerConfigKeys (ConfUtils.java:logGet(43)) - raft.server.log.queue.byte-limit = 2147483647 (custom)
2019-08-01 16:01:31,620 INFO  segmented.SegmentedRaftLogWorker (SegmentedRaftLogWorker.java:lambda$new$0(132)) - b9df5501-f8ee-4cab-81bf-02e0a64c19ea-SegmentedRaftLogWorker:Storage Directory /workdir/hadoop-ozone/integration-test/target/test-dir/MiniOzoneClusterImpl-485285ec-3b22-4c85-939e-23df22a82835/datanode-2/data/ratis/9747b9f8-6eae-4dab-bbda-c688c70668ce: flushIndex: setUnconditionally 0 -> -1
2019-08-01 16:01:31,620 INFO  server.RaftServerConfigKeys (ConfUtils.java:logGet(43)) - raft.server.log.queue.element-limit = 1024 (custom)
2019-08-01 16:01:31,620 INFO  server.RaftServerConfigKeys (ConfUtils.java:logGet(43)) - raft.server.log.queue.element-limit = 1024 (custom)
2019-08-01 16:01:31,621 INFO  server.RaftServerConfigKeys (ConfUtils.java:logGet(43)) - raft.server.snapshot.auto.trigger.enabled = true (custom)
2019-08-01 16:01:31,621 INFO  server.RaftServerConfigKeys (ConfUtils.java:logGet(43)) - raft.server.log.segment.size.max = 1048576 (custom)
2019-08-01 16:01:31,621 INFO  server.RaftServerConfigKeys (ConfUtils.java:logGet(43)) - raft.server.snapshot.auto.trigger.threshold = 10000 (custom)
2019-08-01 16:01:31,621 INFO  server.RaftServerConfigKeys (ConfUtils.java:logGet(43)) - raft.server.log.segment.size.max = 1048576 (custom)
2019-08-01 16:01:31,621 INFO  server.RaftServerConfigKeys (ConfUtils.java:logGet(43)) - raft.server.retrycache.expirytime = 600000ms (custom)
2019-08-01 16:01:31,621 INFO  server.RaftServerConfigKeys (ConfUtils.java:logGet(43)) - raft.server.log.preallocated.size = 16384 (custom)
2019-08-01 16:01:31,622 INFO  impl.RaftServerImpl (RaftServerImpl.java:start(180)) - b9df5501-f8ee-4cab-81bf-02e0a64c19ea: start group-C688C70668CE
2019-08-01 16:01:31,621 INFO  server.RaftServerConfigKeys (ConfUtils.java:logGet(43)) - raft.server.log.preallocated.size = 16384 (custom)
2019-08-01 16:01:31,622 INFO  impl.RaftServerImpl (RaftServerImpl.java:setRole(171)) - b9df5501-f8ee-4cab-81bf-02e0a64c19ea:group-C688C70668CE changes role from null to FOLLOWER at term 0 for startAsFollower
2019-08-01 16:01:31,622 INFO  server.RaftServerConfigKeys (ConfUtils.java:logGet(43)) - raft.server.log.write.buffer.size = 33554432 (custom)
2019-08-01 16:01:31,622 INFO  impl.RoleInfo (RoleInfo.java:updateAndGet(143)) - b9df5501-f8ee-4cab-81bf-02e0a64c19ea: start FollowerState
2019-08-01 16:01:31,622 INFO  server.RaftServerConfigKeys (ConfUtils.java:logGet(43)) - raft.server.log.write.buffer.size = 33554432 (custom)
2019-08-01 16:01:31,622 INFO  server.RaftServerConfigKeys (ConfUtils.java:logGet(43)) - raft.server.log.force.sync.num = 128 (default)
2019-08-01 16:01:31,623 INFO  server.RaftServerConfigKeys (ConfUtils.java:logGet(43)) - raft.server.log.force.sync.num = 128 (default)
2019-08-01 16:01:31,623 INFO  util.JmxRegister (JmxRegister.java:tryRegister(44)) - Successfully registered JMX Bean with object name Ratis:service=RaftServer,group=group-C688C70668CE,id=b9df5501-f8ee-4cab-81bf-02e0a64c19ea
2019-08-01 16:01:31,623 INFO  server.RaftServerConfigKeys (ConfUtils.java:logGet(43)) - raft.server.log.statemachine.data.sync = true (default)
2019-08-01 16:01:31,623 INFO  server.RaftServerConfigKeys (ConfUtils.java:logGet(43)) - raft.server.log.statemachine.data.sync = true (default)
2019-08-01 16:01:31,623 INFO  server.RaftServerConfigKeys (ConfUtils.java:logGet(43)) - raft.server.log.statemachine.data.sync.timeout = 10s (default)
2019-08-01 16:01:31,623 INFO  server.RaftServerConfigKeys (ConfUtils.java:logGet(43)) - raft.server.log.statemachine.data.sync.timeout = 10s (default)
2019-08-01 16:01:31,624 INFO  server.RaftServerConfigKeys (ConfUtils.java:logGet(43)) - raft.server.log.statemachine.data.sync.timeout.retry = -1 (default)
2019-08-01 16:01:31,624 INFO  server.RaftServerConfigKeys (ConfUtils.java:logGet(43)) - raft.server.log.statemachine.data.sync.timeout.retry = -1 (default)
2019-08-01 16:01:31,624 INFO  server.RaftServerConfigKeys (ConfUtils.java:logGet(43)) - raft.server.log.statemachine.data.caching.enabled = true (custom)
2019-08-01 16:01:31,624 INFO  server.RaftServerConfigKeys (ConfUtils.java:logGet(43)) - raft.server.log.statemachine.data.caching.enabled = true (custom)
2019-08-01 16:01:31,624 INFO  segmented.SegmentedRaftLogWorker (SegmentedRaftLogWorker.java:lambda$new$0(132)) - 51e16db7-120d-4041-8ea6-11798f57aae7-SegmentedRaftLogWorker:Storage Directory /workdir/hadoop-ozone/integration-test/target/test-dir/MiniOzoneClusterImpl-485285ec-3b22-4c85-939e-23df22a82835/datanode-4/data/ratis/9747b9f8-6eae-4dab-bbda-c688c70668ce: flushIndex: setUnconditionally 0 -> -1
2019-08-01 16:01:31,624 INFO  segmented.SegmentedRaftLogWorker (SegmentedRaftLogWorker.java:lambda$new$0(132)) - fb0aba0e-a91e-4296-a17c-becae501b8aa-SegmentedRaftLogWorker:Storage Directory /workdir/hadoop-ozone/integration-test/target/test-dir/MiniOzoneClusterImpl-485285ec-3b22-4c85-939e-23df22a82835/datanode-6/data/ratis/9747b9f8-6eae-4dab-bbda-c688c70668ce: flushIndex: setUnconditionally 0 -> -1
2019-08-01 16:01:31,625 INFO  server.RaftServerConfigKeys (ConfUtils.java:logGet(43)) - raft.server.snapshot.auto.trigger.enabled = true (custom)
2019-08-01 16:01:31,625 INFO  server.RaftServerConfigKeys (ConfUtils.java:logGet(43)) - raft.server.snapshot.auto.trigger.enabled = true (custom)
2019-08-01 16:01:31,625 INFO  server.RaftServerConfigKeys (ConfUtils.java:logGet(43)) - raft.server.snapshot.auto.trigger.threshold = 10000 (custom)
2019-08-01 16:01:31,625 INFO  server.RaftServerConfigKeys (ConfUtils.java:logGet(43)) - raft.server.snapshot.auto.trigger.threshold = 10000 (custom)
2019-08-01 16:01:31,625 INFO  server.RaftServerConfigKeys (ConfUtils.java:logGet(43)) - raft.server.retrycache.expirytime = 600000ms (custom)
2019-08-01 16:01:31,625 INFO  server.RaftServerConfigKeys (ConfUtils.java:logGet(43)) - raft.server.retrycache.expirytime = 600000ms (custom)
2019-08-01 16:01:31,625 INFO  impl.RaftServerImpl (RaftServerImpl.java:start(180)) - 51e16db7-120d-4041-8ea6-11798f57aae7: start group-C688C70668CE
2019-08-01 16:01:31,626 INFO  impl.RaftServerImpl (RaftServerImpl.java:start(180)) - fb0aba0e-a91e-4296-a17c-becae501b8aa: start group-C688C70668CE
2019-08-01 16:01:31,626 INFO  impl.RaftServerImpl (RaftServerImpl.java:setRole(171)) - 51e16db7-120d-4041-8ea6-11798f57aae7:group-C688C70668CE changes role from null to FOLLOWER at term 0 for startAsFollower
2019-08-01 16:01:31,627 INFO  impl.RaftServerImpl (RaftServerImpl.java:setRole(171)) - fb0aba0e-a91e-4296-a17c-becae501b8aa:group-C688C70668CE changes role from null to FOLLOWER at term 0 for startAsFollower
2019-08-01 16:01:31,628 INFO  impl.RoleInfo (RoleInfo.java:updateAndGet(143)) - 51e16db7-120d-4041-8ea6-11798f57aae7: start FollowerState
2019-08-01 16:01:31,628 INFO  impl.RoleInfo (RoleInfo.java:updateAndGet(143)) - fb0aba0e-a91e-4296-a17c-becae501b8aa: start FollowerState
2019-08-01 16:01:31,630 INFO  util.JmxRegister (JmxRegister.java:tryRegister(44)) - Successfully registered JMX Bean with object name Ratis:service=RaftServer,group=group-C688C70668CE,id=51e16db7-120d-4041-8ea6-11798f57aae7
2019-08-01 16:01:31,630 INFO  util.JmxRegister (JmxRegister.java:tryRegister(44)) - Successfully registered JMX Bean with object name Ratis:service=RaftServer,group=group-C688C70668CE,id=fb0aba0e-a91e-4296-a17c-becae501b8aa
2019-08-01 16:01:31,649 INFO  pipeline.PipelineStateManager (PipelineStateManager.java:addPipeline(56)) - Created pipeline Pipeline[ Id: 9747b9f8-6eae-4dab-bbda-c688c70668ce, Nodes: fb0aba0e-a91e-4296-a17c-becae501b8aa{ip: 192.168.157.209, host: byscane-nightly-hwqnr-1260472869, networkLocation: /default-rack, certSerialId: null}b9df5501-f8ee-4cab-81bf-02e0a64c19ea{ip: 192.168.157.209, host: byscane-nightly-hwqnr-1260472869, networkLocation: /default-rack, certSerialId: null}51e16db7-120d-4041-8ea6-11798f57aae7{ip: 192.168.157.209, host: byscane-nightly-hwqnr-1260472869, networkLocation: /default-rack, certSerialId: null}, Type:RATIS, Factor:THREE, State:OPEN]
2019-08-01 16:01:31,688 INFO  impl.RaftServerProxy (RaftServerProxy.java:addNew(89)) - 4cdbe0b8-b63a-44ae-919c-f6ed89689247: addNew group-521F1AEB57D6:[4cdbe0b8-b63a-44ae-919c-f6ed89689247:192.168.157.209:44926, 216876cf-e55b-4fac-b51d-f2ae95465479:192.168.157.209:42273, d8bd68e9-0ee0-49dd-b10b-94c77b5e9b31:192.168.157.209:45800] returns group-521F1AEB57D6:java.util.concurrent.CompletableFuture@3159930f[Not completed]
2019-08-01 16:01:31,688 INFO  impl.RaftServerProxy (RaftServerProxy.java:addNew(89)) - 216876cf-e55b-4fac-b51d-f2ae95465479: addNew group-521F1AEB57D6:[4cdbe0b8-b63a-44ae-919c-f6ed89689247:192.168.157.209:44926, 216876cf-e55b-4fac-b51d-f2ae95465479:192.168.157.209:42273, d8bd68e9-0ee0-49dd-b10b-94c77b5e9b31:192.168.157.209:45800] returns group-521F1AEB57D6:java.util.concurrent.CompletableFuture@28b65d00[Not completed]
2019-08-01 16:01:31,688 INFO  impl.RaftServerProxy (RaftServerProxy.java:addNew(89)) - d8bd68e9-0ee0-49dd-b10b-94c77b5e9b31: addNew group-521F1AEB57D6:[4cdbe0b8-b63a-44ae-919c-f6ed89689247:192.168.157.209:44926, 216876cf-e55b-4fac-b51d-f2ae95465479:192.168.157.209:42273, d8bd68e9-0ee0-49dd-b10b-94c77b5e9b31:192.168.157.209:45800] returns group-521F1AEB57D6:java.util.concurrent.CompletableFuture@78e7b267[Not completed]
2019-08-01 16:01:31,693 INFO  impl.RaftServerImpl (RaftServerImpl.java:<init>(93)) - 4cdbe0b8-b63a-44ae-919c-f6ed89689247: new RaftServerImpl for group-521F1AEB57D6:[4cdbe0b8-b63a-44ae-919c-f6ed89689247:192.168.157.209:44926, 216876cf-e55b-4fac-b51d-f2ae95465479:192.168.157.209:42273, d8bd68e9-0ee0-49dd-b10b-94c77b5e9b31:192.168.157.209:45800] with ContainerStateMachine:uninitialized
2019-08-01 16:01:31,693 INFO  server.RaftServerConfigKeys (ConfUtils.java:logGet(43)) - raft.server.rpc.timeout.min = 5s (custom)
2019-08-01 16:01:31,693 INFO  server.RaftServerConfigKeys (ConfUtils.java:logGet(43)) - raft.server.rpc.timeout.max = 5200ms (custom)
2019-08-01 16:01:31,694 INFO  server.RaftServerConfigKeys (ConfUtils.java:logGet(43)) - raft.server.rpcslowness.timeout = 120s (custom)
2019-08-01 16:01:31,694 INFO  server.RaftServerConfigKeys (ConfUtils.java:logGet(43)) - raft.server.sleep.deviation.threshold = 300 (default)
2019-08-01 16:01:31,694 INFO  server.RaftServerConfigKeys (ConfUtils.java:logGet(43)) - raft.server.log.appender.install.snapshot.enabled = false (custom)
2019-08-01 16:01:31,694 INFO  impl.RaftServerImpl (RaftServerImpl.java:<init>(93)) - d8bd68e9-0ee0-49dd-b10b-94c77b5e9b31: new RaftServerImpl for group-521F1AEB57D6:[4cdbe0b8-b63a-44ae-919c-f6ed89689247:192.168.157.209:44926, 216876cf-e55b-4fac-b51d-f2ae95465479:192.168.157.209:42273, d8bd68e9-0ee0-49dd-b10b-94c77b5e9b31:192.168.157.209:45800] with ContainerStateMachine:uninitialized
2019-08-01 16:01:31,694 INFO  impl.RaftServerImpl (ServerState.java:<init>(105)) - 4cdbe0b8-b63a-44ae-919c-f6ed89689247:group-521F1AEB57D6 ConfigurationManager, init=-1: [4cdbe0b8-b63a-44ae-919c-f6ed89689247:192.168.157.209:44926, 216876cf-e55b-4fac-b51d-f2ae95465479:192.168.157.209:42273, d8bd68e9-0ee0-49dd-b10b-94c77b5e9b31:192.168.157.209:45800], old=null, confs=<EMPTY_MAP>
2019-08-01 16:01:31,694 INFO  server.RaftServerConfigKeys (ConfUtils.java:logGet(43)) - raft.server.rpc.timeout.min = 5s (custom)
2019-08-01 16:01:31,694 INFO  server.RaftServerConfigKeys (ConfUtils.java:logGet(43)) - raft.server.storage.dir = [/workdir/hadoop-ozone/integration-test/target/test-dir/MiniOzoneClusterImpl-485285ec-3b22-4c85-939e-23df22a82835/datanode-3/data/ratis] (custom)
2019-08-01 16:01:31,694 INFO  server.RaftServerConfigKeys (ConfUtils.java:logGet(43)) - raft.server.rpc.timeout.max = 5200ms (custom)
2019-08-01 16:01:31,695 INFO  impl.RaftServerImpl (RaftServerImpl.java:<init>(93)) - 216876cf-e55b-4fac-b51d-f2ae95465479: new RaftServerImpl for group-521F1AEB57D6:[4cdbe0b8-b63a-44ae-919c-f6ed89689247:192.168.157.209:44926, 216876cf-e55b-4fac-b51d-f2ae95465479:192.168.157.209:42273, d8bd68e9-0ee0-49dd-b10b-94c77b5e9b31:192.168.157.209:45800] with ContainerStateMachine:uninitialized
2019-08-01 16:01:31,695 INFO  server.RaftServerConfigKeys (ConfUtils.java:logGet(43)) - raft.server.rpcslowness.timeout = 120s (custom)
2019-08-01 16:01:31,695 INFO  storage.RaftStorageDirectory (RaftStorageDirectory.java:analyzeStorage(246)) - The storage directory /workdir/hadoop-ozone/integration-test/target/test-dir/MiniOzoneClusterImpl-485285ec-3b22-4c85-939e-23df22a82835/datanode-3/data/ratis/a5f57c60-5738-4607-81c4-521f1aeb57d6 does not exist. Creating ...
2019-08-01 16:01:31,695 INFO  server.RaftServerConfigKeys (ConfUtils.java:logGet(43)) - raft.server.rpc.timeout.min = 5s (custom)
2019-08-01 16:01:31,695 INFO  server.RaftServerConfigKeys (ConfUtils.java:logGet(43)) - raft.server.sleep.deviation.threshold = 300 (default)
2019-08-01 16:01:31,695 INFO  server.RaftServerConfigKeys (ConfUtils.java:logGet(43)) - raft.server.rpc.timeout.max = 5200ms (custom)
2019-08-01 16:01:31,695 INFO  server.RaftServerConfigKeys (ConfUtils.java:logGet(43)) - raft.server.log.appender.install.snapshot.enabled = false (custom)
2019-08-01 16:01:31,695 INFO  server.RaftServerConfigKeys (ConfUtils.java:logGet(43)) - raft.server.rpcslowness.timeout = 120s (custom)
2019-08-01 16:01:31,696 INFO  impl.RaftServerImpl (ServerState.java:<init>(105)) - d8bd68e9-0ee0-49dd-b10b-94c77b5e9b31:group-521F1AEB57D6 ConfigurationManager, init=-1: [4cdbe0b8-b63a-44ae-919c-f6ed89689247:192.168.157.209:44926, 216876cf-e55b-4fac-b51d-f2ae95465479:192.168.157.209:42273, d8bd68e9-0ee0-49dd-b10b-94c77b5e9b31:192.168.157.209:45800], old=null, confs=<EMPTY_MAP>
2019-08-01 16:01:31,696 INFO  server.RaftServerConfigKeys (ConfUtils.java:logGet(43)) - raft.server.sleep.deviation.threshold = 300 (default)
2019-08-01 16:01:31,696 INFO  server.RaftServerConfigKeys (ConfUtils.java:logGet(43)) - raft.server.storage.dir = [/workdir/hadoop-ozone/integration-test/target/test-dir/MiniOzoneClusterImpl-485285ec-3b22-4c85-939e-23df22a82835/datanode-1/data/ratis] (custom)
2019-08-01 16:01:31,696 INFO  server.RaftServerConfigKeys (ConfUtils.java:logGet(43)) - raft.server.log.appender.install.snapshot.enabled = false (custom)
2019-08-01 16:01:31,696 INFO  impl.RaftServerImpl (ServerState.java:<init>(105)) - 216876cf-e55b-4fac-b51d-f2ae95465479:group-521F1AEB57D6 ConfigurationManager, init=-1: [4cdbe0b8-b63a-44ae-919c-f6ed89689247:192.168.157.209:44926, 216876cf-e55b-4fac-b51d-f2ae95465479:192.168.157.209:42273, d8bd68e9-0ee0-49dd-b10b-94c77b5e9b31:192.168.157.209:45800], old=null, confs=<EMPTY_MAP>
2019-08-01 16:01:31,696 INFO  storage.RaftStorageDirectory (RaftStorageDirectory.java:analyzeStorage(246)) - The storage directory /workdir/hadoop-ozone/integration-test/target/test-dir/MiniOzoneClusterImpl-485285ec-3b22-4c85-939e-23df22a82835/datanode-1/data/ratis/a5f57c60-5738-4607-81c4-521f1aeb57d6 does not exist. Creating ...
2019-08-01 16:01:31,696 INFO  server.RaftServerConfigKeys (ConfUtils.java:logGet(43)) - raft.server.storage.dir = [/workdir/hadoop-ozone/integration-test/target/test-dir/MiniOzoneClusterImpl-485285ec-3b22-4c85-939e-23df22a82835/datanode-0/data/ratis] (custom)
2019-08-01 16:01:31,697 INFO  storage.RaftStorageDirectory (RaftStorageDirectory.java:analyzeStorage(246)) - The storage directory /workdir/hadoop-ozone/integration-test/target/test-dir/MiniOzoneClusterImpl-485285ec-3b22-4c85-939e-23df22a82835/datanode-0/data/ratis/a5f57c60-5738-4607-81c4-521f1aeb57d6 does not exist. Creating ...
2019-08-01 16:01:31,703 INFO  storage.RaftStorageDirectory (RaftStorageDirectory.java:tryLock(328)) - Lock on /workdir/hadoop-ozone/integration-test/target/test-dir/MiniOzoneClusterImpl-485285ec-3b22-4c85-939e-23df22a82835/datanode-3/data/ratis/a5f57c60-5738-4607-81c4-521f1aeb57d6/in_use.lock acquired by nodename 32220@byscane-nightly-hwqnr-1260472869
2019-08-01 16:01:31,703 INFO  storage.RaftStorageDirectory (RaftStorageDirectory.java:tryLock(328)) - Lock on /workdir/hadoop-ozone/integration-test/target/test-dir/MiniOzoneClusterImpl-485285ec-3b22-4c85-939e-23df22a82835/datanode-1/data/ratis/a5f57c60-5738-4607-81c4-521f1aeb57d6/in_use.lock acquired by nodename 32220@byscane-nightly-hwqnr-1260472869
2019-08-01 16:01:31,703 INFO  storage.RaftStorageDirectory (RaftStorageDirectory.java:tryLock(328)) - Lock on /workdir/hadoop-ozone/integration-test/target/test-dir/MiniOzoneClusterImpl-485285ec-3b22-4c85-939e-23df22a82835/datanode-0/data/ratis/a5f57c60-5738-4607-81c4-521f1aeb57d6/in_use.lock acquired by nodename 32220@byscane-nightly-hwqnr-1260472869
2019-08-01 16:01:31,716 INFO  storage.RaftStorage (RaftStorage.java:format(72)) - Storage directory /workdir/hadoop-ozone/integration-test/target/test-dir/MiniOzoneClusterImpl-485285ec-3b22-4c85-939e-23df22a82835/datanode-1/data/ratis/a5f57c60-5738-4607-81c4-521f1aeb57d6 has been successfully formatted.
2019-08-01 16:01:31,716 INFO  storage.RaftStorage (RaftStorage.java:format(72)) - Storage directory /workdir/hadoop-ozone/integration-test/target/test-dir/MiniOzoneClusterImpl-485285ec-3b22-4c85-939e-23df22a82835/datanode-0/data/ratis/a5f57c60-5738-4607-81c4-521f1aeb57d6 has been successfully formatted.
2019-08-01 16:01:31,716 INFO  storage.RaftStorage (RaftStorage.java:format(72)) - Storage directory /workdir/hadoop-ozone/integration-test/target/test-dir/MiniOzoneClusterImpl-485285ec-3b22-4c85-939e-23df22a82835/datanode-3/data/ratis/a5f57c60-5738-4607-81c4-521f1aeb57d6 has been successfully formatted.
2019-08-01 16:01:31,717 INFO  ratis.ContainerStateMachine (ContainerStateMachine.java:loadSnapshot(213)) - group-521F1AEB57D6: The snapshot info is null. Setting the last applied indexto:(t:0, i:~)
2019-08-01 16:01:31,717 INFO  ratis.ContainerStateMachine (ContainerStateMachine.java:loadSnapshot(213)) - group-521F1AEB57D6: The snapshot info is null. Setting the last applied indexto:(t:0, i:~)
2019-08-01 16:01:31,717 INFO  ratis.ContainerStateMachine (ContainerStateMachine.java:loadSnapshot(213)) - group-521F1AEB57D6: The snapshot info is null. Setting the last applied indexto:(t:0, i:~)
2019-08-01 16:01:31,717 INFO  server.RaftServerConfigKeys (ConfUtils.java:logGet(43)) - raft.server.leader.election.timeout = 120s (custom)
2019-08-01 16:01:31,717 INFO  server.RaftServerConfigKeys (ConfUtils.java:logGet(43)) - raft.server.leader.election.timeout = 120s (custom)
2019-08-01 16:01:31,717 INFO  server.RaftServerConfigKeys (ConfUtils.java:logGet(43)) - raft.server.log.use.memory = false (default)
2019-08-01 16:01:31,717 INFO  server.RaftServerConfigKeys (ConfUtils.java:logGet(43)) - raft.server.leader.election.timeout = 120s (custom)
2019-08-01 16:01:31,718 INFO  server.RaftServerConfigKeys (ConfUtils.java:logGet(43)) - raft.server.log.purge.gap = 1000000000 (custom)
2019-08-01 16:01:31,718 INFO  server.RaftServerConfigKeys (ConfUtils.java:logGet(43)) - raft.server.log.use.memory = false (default)
2019-08-01 16:01:31,718 INFO  server.RaftServerConfigKeys (ConfUtils.java:logGet(43)) - raft.server.log.appender.buffer.byte-limit = 33554432 (custom)
2019-08-01 16:01:31,718 INFO  server.RaftServerConfigKeys (ConfUtils.java:logGet(43)) - raft.server.log.use.memory = false (default)
2019-08-01 16:01:31,718 INFO  server.RaftServerConfigKeys (ConfUtils.java:logGet(43)) - raft.server.log.segment.size.max = 1048576 (custom)
2019-08-01 16:01:31,718 INFO  server.RaftServerConfigKeys (ConfUtils.java:logGet(43)) - raft.server.log.purge.gap = 1000000000 (custom)
2019-08-01 16:01:31,719 INFO  server.RaftServerConfigKeys (ConfUtils.java:logGet(43)) - raft.server.log.segment.cache.num.max = 2 (custom)
2019-08-01 16:01:31,719 INFO  server.RaftServerConfigKeys (ConfUtils.java:logGet(43)) - raft.server.log.purge.gap = 1000000000 (custom)
2019-08-01 16:01:31,719 INFO  segmented.SegmentedRaftLogWorker (SegmentedRaftLogWorker.java:<init>(172)) - new 216876cf-e55b-4fac-b51d-f2ae95465479-SegmentedRaftLogWorker:Storage Directory /workdir/hadoop-ozone/integration-test/target/test-dir/MiniOzoneClusterImpl-485285ec-3b22-4c85-939e-23df22a82835/datanode-0/data/ratis/a5f57c60-5738-4607-81c4-521f1aeb57d6 for RaftStorage:Storage Directory /workdir/hadoop-ozone/integration-test/target/test-dir/MiniOzoneClusterImpl-485285ec-3b22-4c85-939e-23df22a82835/datanode-0/data/ratis/a5f57c60-5738-4607-81c4-521f1aeb57d6
2019-08-01 16:01:31,719 INFO  server.RaftServerConfigKeys (ConfUtils.java:logGet(43)) - raft.server.log.appender.buffer.byte-limit = 33554432 (custom)
2019-08-01 16:01:31,719 INFO  server.RaftServerConfigKeys (ConfUtils.java:logGet(43)) - raft.server.log.queue.byte-limit = 2147483647 (custom)
2019-08-01 16:01:31,719 INFO  server.RaftServerConfigKeys (ConfUtils.java:logGet(43)) - raft.server.log.appender.buffer.byte-limit = 33554432 (custom)
2019-08-01 16:01:31,722 INFO  server.RaftServerConfigKeys (ConfUtils.java:logGet(43)) - raft.server.log.queue.element-limit = 1024 (custom)
2019-08-01 16:01:31,720 INFO  server.RaftServerConfigKeys (ConfUtils.java:logGet(43)) - raft.server.log.segment.size.max = 1048576 (custom)
2019-08-01 16:01:31,722 INFO  server.RaftServerConfigKeys (ConfUtils.java:logGet(43)) - raft.server.log.segment.size.max = 1048576 (custom)
2019-08-01 16:01:31,722 INFO  server.RaftServerConfigKeys (ConfUtils.java:logGet(43)) - raft.server.log.segment.size.max = 1048576 (custom)
2019-08-01 16:01:31,722 INFO  server.RaftServerConfigKeys (ConfUtils.java:logGet(43)) - raft.server.log.preallocated.size = 16384 (custom)
2019-08-01 16:01:31,722 INFO  server.RaftServerConfigKeys (ConfUtils.java:logGet(43)) - raft.server.log.segment.cache.num.max = 2 (custom)
2019-08-01 16:01:31,723 INFO  server.RaftServerConfigKeys (ConfUtils.java:logGet(43)) - raft.server.log.write.buffer.size = 33554432 (custom)
2019-08-01 16:01:31,722 INFO  server.RaftServerConfigKeys (ConfUtils.java:logGet(43)) - raft.server.log.segment.cache.num.max = 2 (custom)
2019-08-01 16:01:31,723 INFO  server.RaftServerConfigKeys (ConfUtils.java:logGet(43)) - raft.server.log.force.sync.num = 128 (default)
2019-08-01 16:01:31,723 INFO  segmented.SegmentedRaftLogWorker (SegmentedRaftLogWorker.java:<init>(172)) - new d8bd68e9-0ee0-49dd-b10b-94c77b5e9b31-SegmentedRaftLogWorker:Storage Directory /workdir/hadoop-ozone/integration-test/target/test-dir/MiniOzoneClusterImpl-485285ec-3b22-4c85-939e-23df22a82835/datanode-1/data/ratis/a5f57c60-5738-4607-81c4-521f1aeb57d6 for RaftStorage:Storage Directory /workdir/hadoop-ozone/integration-test/target/test-dir/MiniOzoneClusterImpl-485285ec-3b22-4c85-939e-23df22a82835/datanode-1/data/ratis/a5f57c60-5738-4607-81c4-521f1aeb57d6
2019-08-01 16:01:31,723 INFO  server.RaftServerConfigKeys (ConfUtils.java:logGet(43)) - raft.server.log.statemachine.data.sync = true (default)
2019-08-01 16:01:31,723 INFO  segmented.SegmentedRaftLogWorker (SegmentedRaftLogWorker.java:<init>(172)) - new 4cdbe0b8-b63a-44ae-919c-f6ed89689247-SegmentedRaftLogWorker:Storage Directory /workdir/hadoop-ozone/integration-test/target/test-dir/MiniOzoneClusterImpl-485285ec-3b22-4c85-939e-23df22a82835/datanode-3/data/ratis/a5f57c60-5738-4607-81c4-521f1aeb57d6 for RaftStorage:Storage Directory /workdir/hadoop-ozone/integration-test/target/test-dir/MiniOzoneClusterImpl-485285ec-3b22-4c85-939e-23df22a82835/datanode-3/data/ratis/a5f57c60-5738-4607-81c4-521f1aeb57d6
2019-08-01 16:01:31,724 INFO  server.RaftServerConfigKeys (ConfUtils.java:logGet(43)) - raft.server.log.statemachine.data.sync.timeout = 10s (default)
2019-08-01 16:01:31,723 INFO  server.RaftServerConfigKeys (ConfUtils.java:logGet(43)) - raft.server.log.queue.byte-limit = 2147483647 (custom)
2019-08-01 16:01:31,726 INFO  server.RaftServerConfigKeys (ConfUtils.java:logGet(43)) - raft.server.log.statemachine.data.sync.timeout.retry = -1 (default)
2019-08-01 16:01:31,726 INFO  server.RaftServerConfigKeys (ConfUtils.java:logGet(43)) - raft.server.log.queue.byte-limit = 2147483647 (custom)
2019-08-01 16:01:31,728 INFO  server.RaftServerConfigKeys (ConfUtils.java:logGet(43)) - raft.server.log.queue.element-limit = 1024 (custom)
2019-08-01 16:01:31,728 INFO  server.RaftServerConfigKeys (ConfUtils.java:logGet(43)) - raft.server.log.queue.element-limit = 1024 (custom)
2019-08-01 16:01:31,728 INFO  server.RaftServerConfigKeys (ConfUtils.java:logGet(43)) - raft.server.log.statemachine.data.caching.enabled = true (custom)
2019-08-01 16:01:31,729 INFO  server.RaftServerConfigKeys (ConfUtils.java:logGet(43)) - raft.server.log.segment.size.max = 1048576 (custom)
2019-08-01 16:01:31,729 INFO  server.RaftServerConfigKeys (ConfUtils.java:logGet(43)) - raft.server.log.segment.size.max = 1048576 (custom)
2019-08-01 16:01:31,729 INFO  segmented.SegmentedRaftLogWorker (SegmentedRaftLogWorker.java:lambda$new$0(132)) - 216876cf-e55b-4fac-b51d-f2ae95465479-SegmentedRaftLogWorker:Storage Directory /workdir/hadoop-ozone/integration-test/target/test-dir/MiniOzoneClusterImpl-485285ec-3b22-4c85-939e-23df22a82835/datanode-0/data/ratis/a5f57c60-5738-4607-81c4-521f1aeb57d6: flushIndex: setUnconditionally 0 -> -1
2019-08-01 16:01:31,729 INFO  server.RaftServerConfigKeys (ConfUtils.java:logGet(43)) - raft.server.log.preallocated.size = 16384 (custom)
2019-08-01 16:01:31,729 INFO  server.RaftServerConfigKeys (ConfUtils.java:logGet(43)) - raft.server.log.preallocated.size = 16384 (custom)
2019-08-01 16:01:31,730 INFO  server.RaftServerConfigKeys (ConfUtils.java:logGet(43)) - raft.server.snapshot.auto.trigger.enabled = true (custom)
2019-08-01 16:01:31,729 INFO  server.RaftServerConfigKeys (ConfUtils.java:logGet(43)) - raft.server.log.write.buffer.size = 33554432 (custom)
2019-08-01 16:01:31,730 INFO  server.RaftServerConfigKeys (ConfUtils.java:logGet(43)) - raft.server.snapshot.auto.trigger.threshold = 10000 (custom)
2019-08-01 16:01:31,730 INFO  server.RaftServerConfigKeys (ConfUtils.java:logGet(43)) - raft.server.log.write.buffer.size = 33554432 (custom)
2019-08-01 16:01:31,730 INFO  server.RaftServerConfigKeys (ConfUtils.java:logGet(43)) - raft.server.retrycache.expirytime = 600000ms (custom)
2019-08-01 16:01:31,730 INFO  server.RaftServerConfigKeys (ConfUtils.java:logGet(43)) - raft.server.log.force.sync.num = 128 (default)
2019-08-01 16:01:31,731 INFO  impl.RaftServerImpl (RaftServerImpl.java:start(180)) - 216876cf-e55b-4fac-b51d-f2ae95465479: start group-521F1AEB57D6
2019-08-01 16:01:31,730 INFO  server.RaftServerConfigKeys (ConfUtils.java:logGet(43)) - raft.server.log.force.sync.num = 128 (default)
2019-08-01 16:01:31,731 INFO  impl.RaftServerImpl (RaftServerImpl.java:setRole(171)) - 216876cf-e55b-4fac-b51d-f2ae95465479:group-521F1AEB57D6 changes role from null to FOLLOWER at term 0 for startAsFollower
2019-08-01 16:01:31,731 INFO  server.RaftServerConfigKeys (ConfUtils.java:logGet(43)) - raft.server.log.statemachine.data.sync = true (default)
2019-08-01 16:01:31,731 INFO  impl.RoleInfo (RoleInfo.java:updateAndGet(143)) - 216876cf-e55b-4fac-b51d-f2ae95465479: start FollowerState
2019-08-01 16:01:31,731 INFO  server.RaftServerConfigKeys (ConfUtils.java:logGet(43)) - raft.server.log.statemachine.data.sync = true (default)
2019-08-01 16:01:31,731 INFO  server.RaftServerConfigKeys (ConfUtils.java:logGet(43)) - raft.server.log.statemachine.data.sync.timeout = 10s (default)
2019-08-01 16:01:31,732 INFO  server.RaftServerConfigKeys (ConfUtils.java:logGet(43)) - raft.server.log.statemachine.data.sync.timeout = 10s (default)
2019-08-01 16:01:31,732 INFO  server.RaftServerConfigKeys (ConfUtils.java:logGet(43)) - raft.server.log.statemachine.data.sync.timeout.retry = -1 (default)
2019-08-01 16:01:31,732 INFO  util.JmxRegister (JmxRegister.java:tryRegister(44)) - Successfully registered JMX Bean with object name Ratis:service=RaftServer,group=group-521F1AEB57D6,id=216876cf-e55b-4fac-b51d-f2ae95465479
2019-08-01 16:01:31,732 INFO  server.RaftServerConfigKeys (ConfUtils.java:logGet(43)) - raft.server.log.statemachine.data.caching.enabled = true (custom)
2019-08-01 16:01:31,732 INFO  server.RaftServerConfigKeys (ConfUtils.java:logGet(43)) - raft.server.log.statemachine.data.sync.timeout.retry = -1 (default)
2019-08-01 16:01:31,733 INFO  segmented.SegmentedRaftLogWorker (SegmentedRaftLogWorker.java:lambda$new$0(132)) - 4cdbe0b8-b63a-44ae-919c-f6ed89689247-SegmentedRaftLogWorker:Storage Directory /workdir/hadoop-ozone/integration-test/target/test-dir/MiniOzoneClusterImpl-485285ec-3b22-4c85-939e-23df22a82835/datanode-3/data/ratis/a5f57c60-5738-4607-81c4-521f1aeb57d6: flushIndex: setUnconditionally 0 -> -1
2019-08-01 16:01:31,733 INFO  server.RaftServerConfigKeys (ConfUtils.java:logGet(43)) - raft.server.log.statemachine.data.caching.enabled = true (custom)
2019-08-01 16:01:31,733 INFO  server.RaftServerConfigKeys (ConfUtils.java:logGet(43)) - raft.server.snapshot.auto.trigger.enabled = true (custom)
2019-08-01 16:01:31,733 INFO  server.RaftServerConfigKeys (ConfUtils.java:logGet(43)) - raft.server.snapshot.auto.trigger.threshold = 10000 (custom)
2019-08-01 16:01:31,733 INFO  segmented.SegmentedRaftLogWorker (SegmentedRaftLogWorker.java:lambda$new$0(132)) - d8bd68e9-0ee0-49dd-b10b-94c77b5e9b31-SegmentedRaftLogWorker:Storage Directory /workdir/hadoop-ozone/integration-test/target/test-dir/MiniOzoneClusterImpl-485285ec-3b22-4c85-939e-23df22a82835/datanode-1/data/ratis/a5f57c60-5738-4607-81c4-521f1aeb57d6: flushIndex: setUnconditionally 0 -> -1
2019-08-01 16:01:31,733 INFO  server.RaftServerConfigKeys (ConfUtils.java:logGet(43)) - raft.server.retrycache.expirytime = 600000ms (custom)
2019-08-01 16:01:31,734 INFO  server.RaftServerConfigKeys (ConfUtils.java:logGet(43)) - raft.server.snapshot.auto.trigger.enabled = true (custom)
2019-08-01 16:01:31,734 INFO  impl.RaftServerImpl (RaftServerImpl.java:start(180)) - 4cdbe0b8-b63a-44ae-919c-f6ed89689247: start group-521F1AEB57D6
2019-08-01 16:01:31,734 INFO  server.RaftServerConfigKeys (ConfUtils.java:logGet(43)) - raft.server.snapshot.auto.trigger.threshold = 10000 (custom)
2019-08-01 16:01:31,734 INFO  impl.RaftServerImpl (RaftServerImpl.java:setRole(171)) - 4cdbe0b8-b63a-44ae-919c-f6ed89689247:group-521F1AEB57D6 changes role from null to FOLLOWER at term 0 for startAsFollower
2019-08-01 16:01:31,734 INFO  server.RaftServerConfigKeys (ConfUtils.java:logGet(43)) - raft.server.retrycache.expirytime = 600000ms (custom)
2019-08-01 16:01:31,734 INFO  impl.RoleInfo (RoleInfo.java:updateAndGet(143)) - 4cdbe0b8-b63a-44ae-919c-f6ed89689247: start FollowerState
2019-08-01 16:01:31,734 INFO  impl.RaftServerImpl (RaftServerImpl.java:start(180)) - d8bd68e9-0ee0-49dd-b10b-94c77b5e9b31: start group-521F1AEB57D6
2019-08-01 16:01:31,735 INFO  impl.RaftServerImpl (RaftServerImpl.java:setRole(171)) - d8bd68e9-0ee0-49dd-b10b-94c77b5e9b31:group-521F1AEB57D6 changes role from null to FOLLOWER at term 0 for startAsFollower
2019-08-01 16:01:31,735 INFO  impl.RoleInfo (RoleInfo.java:updateAndGet(143)) - d8bd68e9-0ee0-49dd-b10b-94c77b5e9b31: start FollowerState
2019-08-01 16:01:31,735 INFO  util.JmxRegister (JmxRegister.java:tryRegister(44)) - Successfully registered JMX Bean with object name Ratis:service=RaftServer,group=group-521F1AEB57D6,id=4cdbe0b8-b63a-44ae-919c-f6ed89689247
2019-08-01 16:01:31,737 INFO  util.JmxRegister (JmxRegister.java:tryRegister(44)) - Successfully registered JMX Bean with object name Ratis:service=RaftServer,group=group-521F1AEB57D6,id=d8bd68e9-0ee0-49dd-b10b-94c77b5e9b31
2019-08-01 16:01:31,758 INFO  pipeline.PipelineStateManager (PipelineStateManager.java:addPipeline(56)) - Created pipeline Pipeline[ Id: a5f57c60-5738-4607-81c4-521f1aeb57d6, Nodes: 4cdbe0b8-b63a-44ae-919c-f6ed89689247{ip: 192.168.157.209, host: byscane-nightly-hwqnr-1260472869, networkLocation: /default-rack, certSerialId: null}d8bd68e9-0ee0-49dd-b10b-94c77b5e9b31{ip: 192.168.157.209, host: byscane-nightly-hwqnr-1260472869, networkLocation: /default-rack, certSerialId: null}216876cf-e55b-4fac-b51d-f2ae95465479{ip: 192.168.157.209, host: byscane-nightly-hwqnr-1260472869, networkLocation: /default-rack, certSerialId: null}, Type:RATIS, Factor:THREE, State:OPEN]
2019-08-01 16:01:32,034 INFO  ozone.MiniOzoneClusterImpl (MiniOzoneClusterImpl.java:lambda$waitForClusterToBeReady$0(142)) - Cluster is ready. Got 7 of 7 DN Heartbeats.
2019-08-01 16:01:32,352 INFO  rpc.RpcClient (RpcClient.java:createVolume(288)) - Creating Volume: testblockoutputstream, with jenkins1000 as owner.
2019-08-01 16:01:32,408 INFO  rpc.RpcClient (RpcClient.java:createBucket(425)) - Creating Bucket: testblockoutputstream/testblockoutputstream, with Versioning false and Storage Type set to DISK and Encryption set to false 
2019-08-01 16:01:32,433 INFO  impl.MetricsSystemImpl (MetricsSystemImpl.java:init(158)) - XceiverClientMetrics metrics system started (again)
2019-08-01 16:01:32,680 INFO  client.GrpcClientProtocolClient (GrpcClientProtocolClient.java:onNext(255)) - client-D60F33D93673->fb0aba0e-a91e-4296-a17c-becae501b8aa: receive RaftClientReply:client-D60F33D93673->fb0aba0e-a91e-4296-a17c-becae501b8aa@group-C688C70668CE, cid=13, FAILED org.apache.ratis.protocol.NotLeaderException: Server fb0aba0e-a91e-4296-a17c-becae501b8aa is not the leader (null). Request must be sent to leader., logIndex=0, commits[fb0aba0e-a91e-4296-a17c-becae501b8aa:c-1]
2019-08-01 16:01:32,740 INFO  container.ReplicationManager (ReplicationManager.java:start(155)) - Starting Replication Monitor Thread.
2019-08-01 16:01:32,745 INFO  container.ReplicationManager (ReplicationManager.java:run(207)) - Replication Monitor Thread took 4 milliseconds for processing 1 containers.
2019-08-01 16:01:33,730 INFO  client.GrpcClientProtocolClient (GrpcClientProtocolClient.java:onNext(255)) - client-D60F33D93673->51e16db7-120d-4041-8ea6-11798f57aae7: receive RaftClientReply:client-D60F33D93673->51e16db7-120d-4041-8ea6-11798f57aae7@group-C688C70668CE, cid=13, FAILED org.apache.ratis.protocol.NotLeaderException: Server 51e16db7-120d-4041-8ea6-11798f57aae7 is not the leader (null). Request must be sent to leader., logIndex=0, commits[51e16db7-120d-4041-8ea6-11798f57aae7:c-1]
2019-08-01 16:01:34,759 INFO  client.GrpcClientProtocolClient (GrpcClientProtocolClient.java:onNext(255)) - client-D60F33D93673->b9df5501-f8ee-4cab-81bf-02e0a64c19ea: receive RaftClientReply:client-D60F33D93673->b9df5501-f8ee-4cab-81bf-02e0a64c19ea@group-C688C70668CE, cid=13, FAILED org.apache.ratis.protocol.NotLeaderException: Server b9df5501-f8ee-4cab-81bf-02e0a64c19ea is not the leader (null). Request must be sent to leader., logIndex=0, commits[b9df5501-f8ee-4cab-81bf-02e0a64c19ea:c-1]
2019-08-01 16:01:35,784 INFO  client.GrpcClientProtocolClient (GrpcClientProtocolClient.java:onNext(255)) - client-D60F33D93673->fb0aba0e-a91e-4296-a17c-becae501b8aa: receive RaftClientReply:client-D60F33D93673->fb0aba0e-a91e-4296-a17c-becae501b8aa@group-C688C70668CE, cid=13, FAILED org.apache.ratis.protocol.NotLeaderException: Server fb0aba0e-a91e-4296-a17c-becae501b8aa is not the leader (null). Request must be sent to leader., logIndex=0, commits[fb0aba0e-a91e-4296-a17c-becae501b8aa:c-1]
2019-08-01 16:01:35,995 INFO  impl.FollowerState (FollowerState.java:run(106)) - 216876cf-e55b-4fac-b51d-f2ae95465479:group-2A6011BFB4D0 changes to CANDIDATE, lastRpcTime:5129, electionTimeout:5128ms
2019-08-01 16:01:35,995 INFO  impl.RoleInfo (RoleInfo.java:shutdownFollowerState(121)) - 216876cf-e55b-4fac-b51d-f2ae95465479: shutdown FollowerState
2019-08-01 16:01:35,995 INFO  impl.RaftServerImpl (RaftServerImpl.java:setRole(171)) - 216876cf-e55b-4fac-b51d-f2ae95465479:group-2A6011BFB4D0 changes role from FOLLOWER to CANDIDATE at term 0 for changeToCandidate
2019-08-01 16:01:35,998 INFO  impl.RoleInfo (RoleInfo.java:updateAndGet(143)) - 216876cf-e55b-4fac-b51d-f2ae95465479: start LeaderElection
2019-08-01 16:01:36,020 INFO  impl.LeaderElection (LeaderElection.java:askForVotes(181)) - 216876cf-e55b-4fac-b51d-f2ae95465479:group-2A6011BFB4D0:LeaderElection1: begin an election at term 1 for -1: [216876cf-e55b-4fac-b51d-f2ae95465479:192.168.157.209:42273], old=null
2019-08-01 16:01:36,022 INFO  impl.RoleInfo (RoleInfo.java:shutdownLeaderElection(134)) - 216876cf-e55b-4fac-b51d-f2ae95465479: shutdown LeaderElection
2019-08-01 16:01:36,023 INFO  impl.RaftServerImpl (RaftServerImpl.java:setRole(171)) - 216876cf-e55b-4fac-b51d-f2ae95465479:group-2A6011BFB4D0 changes role from CANDIDATE to LEADER at term 1 for changeToLeader
2019-08-01 16:01:36,023 INFO  impl.RaftServerImpl (ServerState.java:setLeader(263)) - 216876cf-e55b-4fac-b51d-f2ae95465479:group-2A6011BFB4D0 change Leader from null to 216876cf-e55b-4fac-b51d-f2ae95465479 at term 1 for becomeLeader, leader elected after 5240ms
2019-08-01 16:01:36,032 INFO  server.RaftServerConfigKeys (ConfUtils.java:logGet(43)) - raft.server.staging.catchup.gap = 1000 (default)
2019-08-01 16:01:36,032 INFO  server.RaftServerConfigKeys (ConfUtils.java:logGet(43)) - raft.server.rpc.sleep.time = 25ms (default)
2019-08-01 16:01:36,035 INFO  server.RaftServerConfigKeys (ConfUtils.java:logGet(43)) - raft.server.write.element-limit = 4096 (default)
2019-08-01 16:01:36,039 INFO  server.RaftServerConfigKeys (ConfUtils.java:logGet(43)) - raft.server.watch.timeout = 10s (default)
2019-08-01 16:01:36,039 INFO  server.RaftServerConfigKeys (ConfUtils.java:logGet(43)) - raft.server.watch.timeout.denomination = 1s (default)
2019-08-01 16:01:36,040 INFO  server.RaftServerConfigKeys (ConfUtils.java:logGet(43)) - raft.server.watch.element-limit = 65536 (default)
2019-08-01 16:01:36,050 INFO  impl.RoleInfo (RoleInfo.java:updateAndGet(143)) - 216876cf-e55b-4fac-b51d-f2ae95465479: start LeaderState
2019-08-01 16:01:36,076 INFO  segmented.SegmentedRaftLogWorker (SegmentedRaftLogWorker.java:startLogSegment(380)) - 216876cf-e55b-4fac-b51d-f2ae95465479-SegmentedRaftLogWorker:Storage Directory /workdir/hadoop-ozone/integration-test/target/test-dir/MiniOzoneClusterImpl-485285ec-3b22-4c85-939e-23df22a82835/datanode-0/data/ratis/ae2ca73e-2240-4ee4-b645-2a6011bfb4d0: Starting segment from index:0
2019-08-01 16:01:36,085 INFO  impl.RaftServerImpl (ServerState.java:setRaftConf(361)) - 216876cf-e55b-4fac-b51d-f2ae95465479:group-2A6011BFB4D0 set configuration 0: [216876cf-e55b-4fac-b51d-f2ae95465479:192.168.157.209:42273], old=null at 0
2019-08-01 16:01:36,114 INFO  impl.FollowerState (FollowerState.java:run(106)) - b9df5501-f8ee-4cab-81bf-02e0a64c19ea:group-0E110545B4EE changes to CANDIDATE, lastRpcTime:5039, electionTimeout:5037ms
2019-08-01 16:01:36,116 INFO  impl.RoleInfo (RoleInfo.java:shutdownFollowerState(121)) - b9df5501-f8ee-4cab-81bf-02e0a64c19ea: shutdown FollowerState
2019-08-01 16:01:36,116 INFO  impl.RaftServerImpl (RaftServerImpl.java:setRole(171)) - b9df5501-f8ee-4cab-81bf-02e0a64c19ea:group-0E110545B4EE changes role from FOLLOWER to CANDIDATE at term 0 for changeToCandidate
2019-08-01 16:01:36,117 INFO  impl.RoleInfo (RoleInfo.java:updateAndGet(143)) - b9df5501-f8ee-4cab-81bf-02e0a64c19ea: start LeaderElection
2019-08-01 16:01:36,136 INFO  impl.LeaderElection (LeaderElection.java:askForVotes(181)) - b9df5501-f8ee-4cab-81bf-02e0a64c19ea:group-0E110545B4EE:LeaderElection2: begin an election at term 1 for -1: [b9df5501-f8ee-4cab-81bf-02e0a64c19ea:192.168.157.209:33779], old=null
2019-08-01 16:01:36,137 INFO  impl.RoleInfo (RoleInfo.java:shutdownLeaderElection(134)) - b9df5501-f8ee-4cab-81bf-02e0a64c19ea: shutdown LeaderElection
2019-08-01 16:01:36,137 INFO  impl.RaftServerImpl (RaftServerImpl.java:setRole(171)) - b9df5501-f8ee-4cab-81bf-02e0a64c19ea:group-0E110545B4EE changes role from CANDIDATE to LEADER at term 1 for changeToLeader
2019-08-01 16:01:36,137 INFO  impl.RaftServerImpl (ServerState.java:setLeader(263)) - b9df5501-f8ee-4cab-81bf-02e0a64c19ea:group-0E110545B4EE change Leader from null to b9df5501-f8ee-4cab-81bf-02e0a64c19ea at term 1 for becomeLeader, leader elected after 5070ms
2019-08-01 16:01:36,137 INFO  server.RaftServerConfigKeys (ConfUtils.java:logGet(43)) - raft.server.staging.catchup.gap = 1000 (default)
2019-08-01 16:01:36,137 INFO  server.RaftServerConfigKeys (ConfUtils.java:logGet(43)) - raft.server.rpc.sleep.time = 25ms (default)
2019-08-01 16:01:36,138 INFO  server.RaftServerConfigKeys (ConfUtils.java:logGet(43)) - raft.server.write.element-limit = 4096 (default)
2019-08-01 16:01:36,138 INFO  server.RaftServerConfigKeys (ConfUtils.java:logGet(43)) - raft.server.watch.timeout = 10s (default)
2019-08-01 16:01:36,138 INFO  server.RaftServerConfigKeys (ConfUtils.java:logGet(43)) - raft.server.watch.timeout.denomination = 1s (default)
2019-08-01 16:01:36,138 INFO  server.RaftServerConfigKeys (ConfUtils.java:logGet(43)) - raft.server.watch.element-limit = 65536 (default)
2019-08-01 16:01:36,138 INFO  impl.RoleInfo (RoleInfo.java:updateAndGet(143)) - b9df5501-f8ee-4cab-81bf-02e0a64c19ea: start LeaderState
2019-08-01 16:01:36,139 INFO  segmented.SegmentedRaftLogWorker (SegmentedRaftLogWorker.java:startLogSegment(380)) - b9df5501-f8ee-4cab-81bf-02e0a64c19ea-SegmentedRaftLogWorker:Storage Directory /workdir/hadoop-ozone/integration-test/target/test-dir/MiniOzoneClusterImpl-485285ec-3b22-4c85-939e-23df22a82835/datanode-2/data/ratis/6a1514e8-6cea-4150-9006-0e110545b4ee: Starting segment from index:0
2019-08-01 16:01:36,139 INFO  impl.RaftServerImpl (ServerState.java:setRaftConf(361)) - b9df5501-f8ee-4cab-81bf-02e0a64c19ea:group-0E110545B4EE set configuration 0: [b9df5501-f8ee-4cab-81bf-02e0a64c19ea:192.168.157.209:33779], old=null at 0
2019-08-01 16:01:36,265 INFO  impl.FollowerState (FollowerState.java:run(106)) - 51e16db7-120d-4041-8ea6-11798f57aae7:group-294BB5883CD1 changes to CANDIDATE, lastRpcTime:5000, electionTimeout:5000ms
2019-08-01 16:01:36,265 INFO  impl.RoleInfo (RoleInfo.java:shutdownFollowerState(121)) - 51e16db7-120d-4041-8ea6-11798f57aae7: shutdown FollowerState
2019-08-01 16:01:36,266 INFO  impl.RaftServerImpl (RaftServerImpl.java:setRole(171)) - 51e16db7-120d-4041-8ea6-11798f57aae7:group-294BB5883CD1 changes role from FOLLOWER to CANDIDATE at term 0 for changeToCandidate
2019-08-01 16:01:36,266 INFO  impl.RoleInfo (RoleInfo.java:updateAndGet(143)) - 51e16db7-120d-4041-8ea6-11798f57aae7: start LeaderElection
2019-08-01 16:01:36,266 INFO  segmented.SegmentedRaftLogWorker (SegmentedRaftLogWorker.java:execute(569)) - 216876cf-e55b-4fac-b51d-f2ae95465479-SegmentedRaftLogWorker:Storage Directory /workdir/hadoop-ozone/integration-test/target/test-dir/MiniOzoneClusterImpl-485285ec-3b22-4c85-939e-23df22a82835/datanode-0/data/ratis/ae2ca73e-2240-4ee4-b645-2a6011bfb4d0: created new log segment /workdir/hadoop-ozone/integration-test/target/test-dir/MiniOzoneClusterImpl-485285ec-3b22-4c85-939e-23df22a82835/datanode-0/data/ratis/ae2ca73e-2240-4ee4-b645-2a6011bfb4d0/current/log_inprogress_0
2019-08-01 16:01:36,266 INFO  segmented.SegmentedRaftLogWorker (SegmentedRaftLogWorker.java:execute(569)) - b9df5501-f8ee-4cab-81bf-02e0a64c19ea-SegmentedRaftLogWorker:Storage Directory /workdir/hadoop-ozone/integration-test/target/test-dir/MiniOzoneClusterImpl-485285ec-3b22-4c85-939e-23df22a82835/datanode-2/data/ratis/6a1514e8-6cea-4150-9006-0e110545b4ee: created new log segment /workdir/hadoop-ozone/integration-test/target/test-dir/MiniOzoneClusterImpl-485285ec-3b22-4c85-939e-23df22a82835/datanode-2/data/ratis/6a1514e8-6cea-4150-9006-0e110545b4ee/current/log_inprogress_0
2019-08-01 16:01:36,289 INFO  impl.LeaderElection (LeaderElection.java:askForVotes(181)) - 51e16db7-120d-4041-8ea6-11798f57aae7:group-294BB5883CD1:LeaderElection3: begin an election at term 1 for -1: [51e16db7-120d-4041-8ea6-11798f57aae7:192.168.157.209:40993], old=null
2019-08-01 16:01:36,292 INFO  impl.RoleInfo (RoleInfo.java:shutdownLeaderElection(134)) - 51e16db7-120d-4041-8ea6-11798f57aae7: shutdown LeaderElection
2019-08-01 16:01:36,292 INFO  impl.RaftServerImpl (RaftServerImpl.java:setRole(171)) - 51e16db7-120d-4041-8ea6-11798f57aae7:group-294BB5883CD1 changes role from CANDIDATE to LEADER at term 1 for changeToLeader
2019-08-01 16:01:36,292 INFO  impl.RaftServerImpl (ServerState.java:setLeader(263)) - 51e16db7-120d-4041-8ea6-11798f57aae7:group-294BB5883CD1 change Leader from null to 51e16db7-120d-4041-8ea6-11798f57aae7 at term 1 for becomeLeader, leader elected after 5032ms
2019-08-01 16:01:36,293 INFO  server.RaftServerConfigKeys (ConfUtils.java:logGet(43)) - raft.server.staging.catchup.gap = 1000 (default)
2019-08-01 16:01:36,293 INFO  server.RaftServerConfigKeys (ConfUtils.java:logGet(43)) - raft.server.rpc.sleep.time = 25ms (default)
2019-08-01 16:01:36,293 INFO  server.RaftServerConfigKeys (ConfUtils.java:logGet(43)) - raft.server.write.element-limit = 4096 (default)
2019-08-01 16:01:36,293 INFO  server.RaftServerConfigKeys (ConfUtils.java:logGet(43)) - raft.server.watch.timeout = 10s (default)
2019-08-01 16:01:36,293 INFO  server.RaftServerConfigKeys (ConfUtils.java:logGet(43)) - raft.server.watch.timeout.denomination = 1s (default)
2019-08-01 16:01:36,294 INFO  server.RaftServerConfigKeys (ConfUtils.java:logGet(43)) - raft.server.watch.element-limit = 65536 (default)
2019-08-01 16:01:36,294 INFO  impl.RoleInfo (RoleInfo.java:updateAndGet(143)) - 51e16db7-120d-4041-8ea6-11798f57aae7: start LeaderState
2019-08-01 16:01:36,294 INFO  segmented.SegmentedRaftLogWorker (SegmentedRaftLogWorker.java:startLogSegment(380)) - 51e16db7-120d-4041-8ea6-11798f57aae7-SegmentedRaftLogWorker:Storage Directory /workdir/hadoop-ozone/integration-test/target/test-dir/MiniOzoneClusterImpl-485285ec-3b22-4c85-939e-23df22a82835/datanode-4/data/ratis/ffefd377-8b69-4a51-ba44-294bb5883cd1: Starting segment from index:0
2019-08-01 16:01:36,295 INFO  impl.RaftServerImpl (ServerState.java:setRaftConf(361)) - 51e16db7-120d-4041-8ea6-11798f57aae7:group-294BB5883CD1 set configuration 0: [51e16db7-120d-4041-8ea6-11798f57aae7:192.168.157.209:40993], old=null at 0
2019-08-01 16:01:36,324 INFO  segmented.SegmentedRaftLogWorker (SegmentedRaftLogWorker.java:execute(569)) - 51e16db7-120d-4041-8ea6-11798f57aae7-SegmentedRaftLogWorker:Storage Directory /workdir/hadoop-ozone/integration-test/target/test-dir/MiniOzoneClusterImpl-485285ec-3b22-4c85-939e-23df22a82835/datanode-4/data/ratis/ffefd377-8b69-4a51-ba44-294bb5883cd1: created new log segment /workdir/hadoop-ozone/integration-test/target/test-dir/MiniOzoneClusterImpl-485285ec-3b22-4c85-939e-23df22a82835/datanode-4/data/ratis/ffefd377-8b69-4a51-ba44-294bb5883cd1/current/log_inprogress_0
2019-08-01 16:01:36,357 INFO  impl.FollowerState (FollowerState.java:run(106)) - fb0aba0e-a91e-4296-a17c-becae501b8aa:group-A20D9ABB4747 changes to CANDIDATE, lastRpcTime:5172, electionTimeout:5172ms
2019-08-01 16:01:36,357 INFO  impl.RoleInfo (RoleInfo.java:shutdownFollowerState(121)) - fb0aba0e-a91e-4296-a17c-becae501b8aa: shutdown FollowerState
2019-08-01 16:01:36,357 INFO  impl.RaftServerImpl (RaftServerImpl.java:setRole(171)) - fb0aba0e-a91e-4296-a17c-becae501b8aa:group-A20D9ABB4747 changes role from FOLLOWER to CANDIDATE at term 0 for changeToCandidate
2019-08-01 16:01:36,357 INFO  impl.RoleInfo (RoleInfo.java:updateAndGet(143)) - fb0aba0e-a91e-4296-a17c-becae501b8aa: start LeaderElection
2019-08-01 16:01:36,377 INFO  impl.LeaderElection (LeaderElection.java:askForVotes(181)) - fb0aba0e-a91e-4296-a17c-becae501b8aa:group-A20D9ABB4747:LeaderElection4: begin an election at term 1 for -1: [fb0aba0e-a91e-4296-a17c-becae501b8aa:192.168.157.209:39739], old=null
2019-08-01 16:01:36,380 INFO  impl.RoleInfo (RoleInfo.java:shutdownLeaderElection(134)) - fb0aba0e-a91e-4296-a17c-becae501b8aa: shutdown LeaderElection
2019-08-01 16:01:36,380 INFO  impl.RaftServerImpl (RaftServerImpl.java:setRole(171)) - fb0aba0e-a91e-4296-a17c-becae501b8aa:group-A20D9ABB4747 changes role from CANDIDATE to LEADER at term 1 for changeToLeader
2019-08-01 16:01:36,380 INFO  impl.RaftServerImpl (ServerState.java:setLeader(263)) - fb0aba0e-a91e-4296-a17c-becae501b8aa:group-A20D9ABB4747 change Leader from null to fb0aba0e-a91e-4296-a17c-becae501b8aa at term 1 for becomeLeader, leader elected after 5201ms
2019-08-01 16:01:36,380 INFO  server.RaftServerConfigKeys (ConfUtils.java:logGet(43)) - raft.server.staging.catchup.gap = 1000 (default)
2019-08-01 16:01:36,380 INFO  server.RaftServerConfigKeys (ConfUtils.java:logGet(43)) - raft.server.rpc.sleep.time = 25ms (default)
2019-08-01 16:01:36,381 INFO  server.RaftServerConfigKeys (ConfUtils.java:logGet(43)) - raft.server.write.element-limit = 4096 (default)
2019-08-01 16:01:36,381 INFO  server.RaftServerConfigKeys (ConfUtils.java:logGet(43)) - raft.server.watch.timeout = 10s (default)
2019-08-01 16:01:36,381 INFO  server.RaftServerConfigKeys (ConfUtils.java:logGet(43)) - raft.server.watch.timeout.denomination = 1s (default)
2019-08-01 16:01:36,381 INFO  server.RaftServerConfigKeys (ConfUtils.java:logGet(43)) - raft.server.watch.element-limit = 65536 (default)
2019-08-01 16:01:36,381 INFO  impl.RoleInfo (RoleInfo.java:updateAndGet(143)) - fb0aba0e-a91e-4296-a17c-becae501b8aa: start LeaderState
2019-08-01 16:01:36,382 INFO  segmented.SegmentedRaftLogWorker (SegmentedRaftLogWorker.java:startLogSegment(380)) - fb0aba0e-a91e-4296-a17c-becae501b8aa-SegmentedRaftLogWorker:Storage Directory /workdir/hadoop-ozone/integration-test/target/test-dir/MiniOzoneClusterImpl-485285ec-3b22-4c85-939e-23df22a82835/datanode-6/data/ratis/76370301-e17e-4fb9-9e42-a20d9abb4747: Starting segment from index:0
2019-08-01 16:01:36,383 INFO  impl.RaftServerImpl (ServerState.java:setRaftConf(361)) - fb0aba0e-a91e-4296-a17c-becae501b8aa:group-A20D9ABB4747 set configuration 0: [fb0aba0e-a91e-4296-a17c-becae501b8aa:192.168.157.209:39739], old=null at 0
2019-08-01 16:01:36,408 INFO  impl.FollowerState (FollowerState.java:run(106)) - 4cdbe0b8-b63a-44ae-919c-f6ed89689247:group-AE1EB7404B5F changes to CANDIDATE, lastRpcTime:5050, electionTimeout:5050ms
2019-08-01 16:01:36,408 INFO  impl.RoleInfo (RoleInfo.java:shutdownFollowerState(121)) - 4cdbe0b8-b63a-44ae-919c-f6ed89689247: shutdown FollowerState
2019-08-01 16:01:36,409 INFO  impl.RaftServerImpl (RaftServerImpl.java:setRole(171)) - 4cdbe0b8-b63a-44ae-919c-f6ed89689247:group-AE1EB7404B5F changes role from FOLLOWER to CANDIDATE at term 0 for changeToCandidate
2019-08-01 16:01:36,409 INFO  impl.RoleInfo (RoleInfo.java:updateAndGet(143)) - 4cdbe0b8-b63a-44ae-919c-f6ed89689247: start LeaderElection
2019-08-01 16:01:36,436 INFO  segmented.SegmentedRaftLogWorker (SegmentedRaftLogWorker.java:execute(569)) - fb0aba0e-a91e-4296-a17c-becae501b8aa-SegmentedRaftLogWorker:Storage Directory /workdir/hadoop-ozone/integration-test/target/test-dir/MiniOzoneClusterImpl-485285ec-3b22-4c85-939e-23df22a82835/datanode-6/data/ratis/76370301-e17e-4fb9-9e42-a20d9abb4747: created new log segment /workdir/hadoop-ozone/integration-test/target/test-dir/MiniOzoneClusterImpl-485285ec-3b22-4c85-939e-23df22a82835/datanode-6/data/ratis/76370301-e17e-4fb9-9e42-a20d9abb4747/current/log_inprogress_0
2019-08-01 16:01:36,436 INFO  impl.LeaderElection (LeaderElection.java:askForVotes(181)) - 4cdbe0b8-b63a-44ae-919c-f6ed89689247:group-AE1EB7404B5F:LeaderElection5: begin an election at term 1 for -1: [4cdbe0b8-b63a-44ae-919c-f6ed89689247:192.168.157.209:44926], old=null
2019-08-01 16:01:36,437 INFO  impl.RoleInfo (RoleInfo.java:shutdownLeaderElection(134)) - 4cdbe0b8-b63a-44ae-919c-f6ed89689247: shutdown LeaderElection
2019-08-01 16:01:36,437 INFO  impl.RaftServerImpl (RaftServerImpl.java:setRole(171)) - 4cdbe0b8-b63a-44ae-919c-f6ed89689247:group-AE1EB7404B5F changes role from CANDIDATE to LEADER at term 1 for changeToLeader
2019-08-01 16:01:36,437 INFO  impl.RaftServerImpl (ServerState.java:setLeader(263)) - 4cdbe0b8-b63a-44ae-919c-f6ed89689247:group-AE1EB7404B5F change Leader from null to 4cdbe0b8-b63a-44ae-919c-f6ed89689247 at term 1 for becomeLeader, leader elected after 5084ms
2019-08-01 16:01:36,439 INFO  server.RaftServerConfigKeys (ConfUtils.java:logGet(43)) - raft.server.staging.catchup.gap = 1000 (default)
2019-08-01 16:01:36,439 INFO  server.RaftServerConfigKeys (ConfUtils.java:logGet(43)) - raft.server.rpc.sleep.time = 25ms (default)
2019-08-01 16:01:36,440 INFO  server.RaftServerConfigKeys (ConfUtils.java:logGet(43)) - raft.server.write.element-limit = 4096 (default)
2019-08-01 16:01:36,440 INFO  server.RaftServerConfigKeys (ConfUtils.java:logGet(43)) - raft.server.watch.timeout = 10s (default)
2019-08-01 16:01:36,440 INFO  server.RaftServerConfigKeys (ConfUtils.java:logGet(43)) - raft.server.watch.timeout.denomination = 1s (default)
2019-08-01 16:01:36,440 INFO  server.RaftServerConfigKeys (ConfUtils.java:logGet(43)) - raft.server.watch.element-limit = 65536 (default)
2019-08-01 16:01:36,440 INFO  impl.RoleInfo (RoleInfo.java:updateAndGet(143)) - 4cdbe0b8-b63a-44ae-919c-f6ed89689247: start LeaderState
2019-08-01 16:01:36,441 INFO  segmented.SegmentedRaftLogWorker (SegmentedRaftLogWorker.java:startLogSegment(380)) - 4cdbe0b8-b63a-44ae-919c-f6ed89689247-SegmentedRaftLogWorker:Storage Directory /workdir/hadoop-ozone/integration-test/target/test-dir/MiniOzoneClusterImpl-485285ec-3b22-4c85-939e-23df22a82835/datanode-3/data/ratis/d1b0858f-8540-45ed-9b43-ae1eb7404b5f: Starting segment from index:0
2019-08-01 16:01:36,441 INFO  impl.RaftServerImpl (ServerState.java:setRaftConf(361)) - 4cdbe0b8-b63a-44ae-919c-f6ed89689247:group-AE1EB7404B5F set configuration 0: [4cdbe0b8-b63a-44ae-919c-f6ed89689247:192.168.157.209:44926], old=null at 0
2019-08-01 16:01:36,474 INFO  segmented.SegmentedRaftLogWorker (SegmentedRaftLogWorker.java:execute(569)) - 4cdbe0b8-b63a-44ae-919c-f6ed89689247-SegmentedRaftLogWorker:Storage Directory /workdir/hadoop-ozone/integration-test/target/test-dir/MiniOzoneClusterImpl-485285ec-3b22-4c85-939e-23df22a82835/datanode-3/data/ratis/d1b0858f-8540-45ed-9b43-ae1eb7404b5f: created new log segment /workdir/hadoop-ozone/integration-test/target/test-dir/MiniOzoneClusterImpl-485285ec-3b22-4c85-939e-23df22a82835/datanode-3/data/ratis/d1b0858f-8540-45ed-9b43-ae1eb7404b5f/current/log_inprogress_0
2019-08-01 16:01:36,520 INFO  impl.FollowerState (FollowerState.java:run(106)) - d8bd68e9-0ee0-49dd-b10b-94c77b5e9b31:group-8424FADD4C58 changes to CANDIDATE, lastRpcTime:5074, electionTimeout:5074ms
2019-08-01 16:01:36,520 INFO  impl.RoleInfo (RoleInfo.java:shutdownFollowerState(121)) - d8bd68e9-0ee0-49dd-b10b-94c77b5e9b31: shutdown FollowerState
2019-08-01 16:01:36,521 INFO  impl.RaftServerImpl (RaftServerImpl.java:setRole(171)) - d8bd68e9-0ee0-49dd-b10b-94c77b5e9b31:group-8424FADD4C58 changes role from FOLLOWER to CANDIDATE at term 0 for changeToCandidate
2019-08-01 16:01:36,521 INFO  impl.RoleInfo (RoleInfo.java:updateAndGet(143)) - d8bd68e9-0ee0-49dd-b10b-94c77b5e9b31: start LeaderElection
2019-08-01 16:01:36,540 INFO  impl.LeaderElection (LeaderElection.java:askForVotes(181)) - d8bd68e9-0ee0-49dd-b10b-94c77b5e9b31:group-8424FADD4C58:LeaderElection6: begin an election at term 1 for -1: [d8bd68e9-0ee0-49dd-b10b-94c77b5e9b31:192.168.157.209:45800], old=null
2019-08-01 16:01:36,550 INFO  impl.RoleInfo (RoleInfo.java:shutdownLeaderElection(134)) - d8bd68e9-0ee0-49dd-b10b-94c77b5e9b31: shutdown LeaderElection
2019-08-01 16:01:36,550 INFO  impl.RaftServerImpl (RaftServerImpl.java:setRole(171)) - d8bd68e9-0ee0-49dd-b10b-94c77b5e9b31:group-8424FADD4C58 changes role from CANDIDATE to LEADER at term 1 for changeToLeader
2019-08-01 16:01:36,550 INFO  impl.RaftServerImpl (ServerState.java:setLeader(263)) - d8bd68e9-0ee0-49dd-b10b-94c77b5e9b31:group-8424FADD4C58 change Leader from null to d8bd68e9-0ee0-49dd-b10b-94c77b5e9b31 at term 1 for becomeLeader, leader elected after 5110ms
2019-08-01 16:01:36,553 INFO  server.RaftServerConfigKeys (ConfUtils.java:logGet(43)) - raft.server.staging.catchup.gap = 1000 (default)
2019-08-01 16:01:36,553 INFO  server.RaftServerConfigKeys (ConfUtils.java:logGet(43)) - raft.server.rpc.sleep.time = 25ms (default)
2019-08-01 16:01:36,553 INFO  server.RaftServerConfigKeys (ConfUtils.java:logGet(43)) - raft.server.write.element-limit = 4096 (default)
2019-08-01 16:01:36,553 INFO  server.RaftServerConfigKeys (ConfUtils.java:logGet(43)) - raft.server.watch.timeout = 10s (default)
2019-08-01 16:01:36,553 INFO  server.RaftServerConfigKeys (ConfUtils.java:logGet(43)) - raft.server.watch.timeout.denomination = 1s (default)
2019-08-01 16:01:36,554 INFO  server.RaftServerConfigKeys (ConfUtils.java:logGet(43)) - raft.server.watch.element-limit = 65536 (default)
2019-08-01 16:01:36,554 INFO  impl.RoleInfo (RoleInfo.java:updateAndGet(143)) - d8bd68e9-0ee0-49dd-b10b-94c77b5e9b31: start LeaderState
2019-08-01 16:01:36,554 INFO  segmented.SegmentedRaftLogWorker (SegmentedRaftLogWorker.java:startLogSegment(380)) - d8bd68e9-0ee0-49dd-b10b-94c77b5e9b31-SegmentedRaftLogWorker:Storage Directory /workdir/hadoop-ozone/integration-test/target/test-dir/MiniOzoneClusterImpl-485285ec-3b22-4c85-939e-23df22a82835/datanode-1/data/ratis/6f58dc4f-9d8d-4584-b298-8424fadd4c58: Starting segment from index:0
2019-08-01 16:01:36,555 INFO  impl.RaftServerImpl (ServerState.java:setRaftConf(361)) - d8bd68e9-0ee0-49dd-b10b-94c77b5e9b31:group-8424FADD4C58 set configuration 0: [d8bd68e9-0ee0-49dd-b10b-94c77b5e9b31:192.168.157.209:45800], old=null at 0
2019-08-01 16:01:36,576 INFO  impl.FollowerState (FollowerState.java:run(106)) - a260a3ae-b517-4c93-93f6-8c88e9abc442:group-732096B7A2EF changes to CANDIDATE, lastRpcTime:5059, electionTimeout:5040ms
2019-08-01 16:01:36,578 INFO  impl.RoleInfo (RoleInfo.java:shutdownFollowerState(121)) - a260a3ae-b517-4c93-93f6-8c88e9abc442: shutdown FollowerState
2019-08-01 16:01:36,578 INFO  impl.RaftServerImpl (RaftServerImpl.java:setRole(171)) - a260a3ae-b517-4c93-93f6-8c88e9abc442:group-732096B7A2EF changes role from FOLLOWER to CANDIDATE at term 0 for changeToCandidate
2019-08-01 16:01:36,579 INFO  impl.RoleInfo (RoleInfo.java:updateAndGet(143)) - a260a3ae-b517-4c93-93f6-8c88e9abc442: start LeaderElection
2019-08-01 16:01:36,593 INFO  segmented.SegmentedRaftLogWorker (SegmentedRaftLogWorker.java:execute(569)) - d8bd68e9-0ee0-49dd-b10b-94c77b5e9b31-SegmentedRaftLogWorker:Storage Directory /workdir/hadoop-ozone/integration-test/target/test-dir/MiniOzoneClusterImpl-485285ec-3b22-4c85-939e-23df22a82835/datanode-1/data/ratis/6f58dc4f-9d8d-4584-b298-8424fadd4c58: created new log segment /workdir/hadoop-ozone/integration-test/target/test-dir/MiniOzoneClusterImpl-485285ec-3b22-4c85-939e-23df22a82835/datanode-1/data/ratis/6f58dc4f-9d8d-4584-b298-8424fadd4c58/current/log_inprogress_0
2019-08-01 16:01:36,593 INFO  impl.LeaderElection (LeaderElection.java:askForVotes(181)) - a260a3ae-b517-4c93-93f6-8c88e9abc442:group-732096B7A2EF:LeaderElection7: begin an election at term 1 for -1: [a260a3ae-b517-4c93-93f6-8c88e9abc442:192.168.157.209:45220], old=null
2019-08-01 16:01:36,593 INFO  impl.RoleInfo (RoleInfo.java:shutdownLeaderElection(134)) - a260a3ae-b517-4c93-93f6-8c88e9abc442: shutdown LeaderElection
2019-08-01 16:01:36,594 INFO  impl.RaftServerImpl (RaftServerImpl.java:setRole(171)) - a260a3ae-b517-4c93-93f6-8c88e9abc442:group-732096B7A2EF changes role from CANDIDATE to LEADER at term 1 for changeToLeader
2019-08-01 16:01:36,594 INFO  impl.RaftServerImpl (ServerState.java:setLeader(263)) - a260a3ae-b517-4c93-93f6-8c88e9abc442:group-732096B7A2EF change Leader from null to a260a3ae-b517-4c93-93f6-8c88e9abc442 at term 1 for becomeLeader, leader elected after 5082ms
2019-08-01 16:01:36,595 INFO  server.RaftServerConfigKeys (ConfUtils.java:logGet(43)) - raft.server.staging.catchup.gap = 1000 (default)
2019-08-01 16:01:36,596 INFO  server.RaftServerConfigKeys (ConfUtils.java:logGet(43)) - raft.server.rpc.sleep.time = 25ms (default)
2019-08-01 16:01:36,596 INFO  server.RaftServerConfigKeys (ConfUtils.java:logGet(43)) - raft.server.write.element-limit = 4096 (default)
2019-08-01 16:01:36,596 INFO  server.RaftServerConfigKeys (ConfUtils.java:logGet(43)) - raft.server.watch.timeout = 10s (default)
2019-08-01 16:01:36,596 INFO  server.RaftServerConfigKeys (ConfUtils.java:logGet(43)) - raft.server.watch.timeout.denomination = 1s (default)
2019-08-01 16:01:36,596 INFO  server.RaftServerConfigKeys (ConfUtils.java:logGet(43)) - raft.server.watch.element-limit = 65536 (default)
2019-08-01 16:01:36,597 INFO  impl.RoleInfo (RoleInfo.java:updateAndGet(143)) - a260a3ae-b517-4c93-93f6-8c88e9abc442: start LeaderState
2019-08-01 16:01:36,597 INFO  segmented.SegmentedRaftLogWorker (SegmentedRaftLogWorker.java:startLogSegment(380)) - a260a3ae-b517-4c93-93f6-8c88e9abc442-SegmentedRaftLogWorker:Storage Directory /workdir/hadoop-ozone/integration-test/target/test-dir/MiniOzoneClusterImpl-485285ec-3b22-4c85-939e-23df22a82835/datanode-5/data/ratis/4e908df5-794d-4e48-a250-732096b7a2ef: Starting segment from index:0
2019-08-01 16:01:36,598 INFO  impl.RaftServerImpl (ServerState.java:setRaftConf(361)) - a260a3ae-b517-4c93-93f6-8c88e9abc442:group-732096B7A2EF set configuration 0: [a260a3ae-b517-4c93-93f6-8c88e9abc442:192.168.157.209:45220], old=null at 0
2019-08-01 16:01:36,633 INFO  segmented.SegmentedRaftLogWorker (SegmentedRaftLogWorker.java:execute(569)) - a260a3ae-b517-4c93-93f6-8c88e9abc442-SegmentedRaftLogWorker:Storage Directory /workdir/hadoop-ozone/integration-test/target/test-dir/MiniOzoneClusterImpl-485285ec-3b22-4c85-939e-23df22a82835/datanode-5/data/ratis/4e908df5-794d-4e48-a250-732096b7a2ef: created new log segment /workdir/hadoop-ozone/integration-test/target/test-dir/MiniOzoneClusterImpl-485285ec-3b22-4c85-939e-23df22a82835/datanode-5/data/ratis/4e908df5-794d-4e48-a250-732096b7a2ef/current/log_inprogress_0
2019-08-01 16:01:36,675 INFO  impl.FollowerState (FollowerState.java:run(106)) - 51e16db7-120d-4041-8ea6-11798f57aae7:group-C688C70668CE changes to CANDIDATE, lastRpcTime:5047, electionTimeout:5045ms
2019-08-01 16:01:36,676 INFO  impl.RoleInfo (RoleInfo.java:shutdownFollowerState(121)) - 51e16db7-120d-4041-8ea6-11798f57aae7: shutdown FollowerState
2019-08-01 16:01:36,676 INFO  impl.RaftServerImpl (RaftServerImpl.java:setRole(171)) - 51e16db7-120d-4041-8ea6-11798f57aae7:group-C688C70668CE changes role from FOLLOWER to CANDIDATE at term 0 for changeToCandidate
2019-08-01 16:01:36,676 INFO  impl.RoleInfo (RoleInfo.java:updateAndGet(143)) - 51e16db7-120d-4041-8ea6-11798f57aae7: start LeaderElection
2019-08-01 16:01:36,694 INFO  impl.LeaderElection (LeaderElection.java:askForVotes(181)) - 51e16db7-120d-4041-8ea6-11798f57aae7:group-C688C70668CE:LeaderElection8: begin an election at term 1 for -1: [b9df5501-f8ee-4cab-81bf-02e0a64c19ea:192.168.157.209:33779, fb0aba0e-a91e-4296-a17c-becae501b8aa:192.168.157.209:39739, 51e16db7-120d-4041-8ea6-11798f57aae7:192.168.157.209:40993], old=null
2019-08-01 16:01:36,723 INFO  impl.RaftServerImpl (RaftServerImpl.java:setRole(171)) - fb0aba0e-a91e-4296-a17c-becae501b8aa:group-C688C70668CE changes role from FOLLOWER to FOLLOWER at term 1 for recognizeCandidate:51e16db7-120d-4041-8ea6-11798f57aae7
2019-08-01 16:01:36,723 INFO  impl.RaftServerImpl (RaftServerImpl.java:setRole(171)) - b9df5501-f8ee-4cab-81bf-02e0a64c19ea:group-C688C70668CE changes role from FOLLOWER to FOLLOWER at term 1 for recognizeCandidate:51e16db7-120d-4041-8ea6-11798f57aae7
2019-08-01 16:01:36,724 INFO  impl.RoleInfo (RoleInfo.java:shutdownFollowerState(121)) - fb0aba0e-a91e-4296-a17c-becae501b8aa: shutdown FollowerState
2019-08-01 16:01:36,724 INFO  impl.RoleInfo (RoleInfo.java:shutdownFollowerState(121)) - b9df5501-f8ee-4cab-81bf-02e0a64c19ea: shutdown FollowerState
2019-08-01 16:01:36,724 INFO  impl.RoleInfo (RoleInfo.java:updateAndGet(143)) - fb0aba0e-a91e-4296-a17c-becae501b8aa: start FollowerState
2019-08-01 16:01:36,724 INFO  impl.RoleInfo (RoleInfo.java:updateAndGet(143)) - b9df5501-f8ee-4cab-81bf-02e0a64c19ea: start FollowerState
2019-08-01 16:01:36,724 INFO  impl.FollowerState (FollowerState.java:run(114)) - b9df5501-f8ee-4cab-81bf-02e0a64c19ea: FollowerState was interrupted: java.lang.InterruptedException: sleep interrupted
2019-08-01 16:01:36,724 INFO  impl.FollowerState (FollowerState.java:run(114)) - fb0aba0e-a91e-4296-a17c-becae501b8aa: FollowerState was interrupted: java.lang.InterruptedException: sleep interrupted
2019-08-01 16:01:36,754 INFO  impl.LeaderElection (LeaderElection.java:logAndReturn(56)) - 51e16db7-120d-4041-8ea6-11798f57aae7:group-C688C70668CE:LeaderElection8: Election PASSED; received 1 response(s) [51e16db7-120d-4041-8ea6-11798f57aae7<-b9df5501-f8ee-4cab-81bf-02e0a64c19ea#0:OK-t1] and 0 exception(s); 51e16db7-120d-4041-8ea6-11798f57aae7:t1, leader=null, voted=51e16db7-120d-4041-8ea6-11798f57aae7, raftlog=51e16db7-120d-4041-8ea6-11798f57aae7-SegmentedRaftLog:OPENED:c-1,f-1,i0, conf=-1: [b9df5501-f8ee-4cab-81bf-02e0a64c19ea:192.168.157.209:33779, fb0aba0e-a91e-4296-a17c-becae501b8aa:192.168.157.209:39739, 51e16db7-120d-4041-8ea6-11798f57aae7:192.168.157.209:40993], old=null
2019-08-01 16:01:36,754 INFO  impl.RoleInfo (RoleInfo.java:shutdownLeaderElection(134)) - 51e16db7-120d-4041-8ea6-11798f57aae7: shutdown LeaderElection
2019-08-01 16:01:36,754 INFO  impl.RaftServerImpl (RaftServerImpl.java:setRole(171)) - 51e16db7-120d-4041-8ea6-11798f57aae7:group-C688C70668CE changes role from CANDIDATE to LEADER at term 1 for changeToLeader
2019-08-01 16:01:36,756 INFO  impl.RaftServerImpl (ServerState.java:setLeader(263)) - 51e16db7-120d-4041-8ea6-11798f57aae7:group-C688C70668CE change Leader from null to 51e16db7-120d-4041-8ea6-11798f57aae7 at term 1 for becomeLeader, leader elected after 5145ms
2019-08-01 16:01:36,758 INFO  server.RaftServerConfigKeys (ConfUtils.java:logGet(43)) - raft.server.staging.catchup.gap = 1000 (default)
2019-08-01 16:01:36,758 INFO  server.RaftServerConfigKeys (ConfUtils.java:logGet(43)) - raft.server.rpc.sleep.time = 25ms (default)
2019-08-01 16:01:36,758 INFO  server.RaftServerConfigKeys (ConfUtils.java:logGet(43)) - raft.server.write.element-limit = 4096 (default)
2019-08-01 16:01:36,758 INFO  server.RaftServerConfigKeys (ConfUtils.java:logGet(43)) - raft.server.watch.timeout = 10s (default)
2019-08-01 16:01:36,758 INFO  server.RaftServerConfigKeys (ConfUtils.java:logGet(43)) - raft.server.watch.timeout.denomination = 1s (default)
2019-08-01 16:01:36,758 INFO  server.RaftServerConfigKeys (ConfUtils.java:logGet(43)) - raft.server.watch.element-limit = 65536 (default)
2019-08-01 16:01:36,761 INFO  server.RaftServerConfigKeys (ConfUtils.java:logGet(43)) - raft.server.log.appender.snapshot.chunk.size.max = 16MB (=16777216) (default)
2019-08-01 16:01:36,761 INFO  server.RaftServerConfigKeys (ConfUtils.java:logGet(43)) - raft.server.log.appender.buffer.byte-limit = 33554432 (custom)
2019-08-01 16:01:36,762 INFO  server.RaftServerConfigKeys (ConfUtils.java:logGet(43)) - raft.server.log.appender.buffer.element-limit = 1 (custom)
2019-08-01 16:01:36,765 INFO  grpc.GrpcConfigKeys$Server (ConfUtils.java:logGet(43)) - raft.grpc.server.leader.outstanding.appends.max = 128 (default)
2019-08-01 16:01:36,767 INFO  server.RaftServerConfigKeys (ConfUtils.java:logGet(43)) - raft.server.rpc.request.timeout = 3000ms (default)
2019-08-01 16:01:36,767 INFO  server.RaftServerConfigKeys (ConfUtils.java:logGet(43)) - raft.server.log.appender.install.snapshot.enabled = false (custom)
2019-08-01 16:01:36,768 INFO  server.RaftServerConfigKeys (ConfUtils.java:logGet(43)) - raft.server.log.appender.snapshot.chunk.size.max = 16MB (=16777216) (default)
2019-08-01 16:01:36,768 INFO  server.RaftServerConfigKeys (ConfUtils.java:logGet(43)) - raft.server.log.appender.buffer.byte-limit = 33554432 (custom)
2019-08-01 16:01:36,768 INFO  server.RaftServerConfigKeys (ConfUtils.java:logGet(43)) - raft.server.log.appender.buffer.element-limit = 1 (custom)
2019-08-01 16:01:36,768 INFO  grpc.GrpcConfigKeys$Server (ConfUtils.java:logGet(43)) - raft.grpc.server.leader.outstanding.appends.max = 128 (default)
2019-08-01 16:01:36,768 INFO  server.RaftServerConfigKeys (ConfUtils.java:logGet(43)) - raft.server.rpc.request.timeout = 3000ms (default)
2019-08-01 16:01:36,769 INFO  server.RaftServerConfigKeys (ConfUtils.java:logGet(43)) - raft.server.log.appender.install.snapshot.enabled = false (custom)
2019-08-01 16:01:36,770 INFO  impl.RoleInfo (RoleInfo.java:updateAndGet(143)) - 51e16db7-120d-4041-8ea6-11798f57aae7: start LeaderState
2019-08-01 16:01:36,770 INFO  segmented.SegmentedRaftLogWorker (SegmentedRaftLogWorker.java:startLogSegment(380)) - 51e16db7-120d-4041-8ea6-11798f57aae7-SegmentedRaftLogWorker:Storage Directory /workdir/hadoop-ozone/integration-test/target/test-dir/MiniOzoneClusterImpl-485285ec-3b22-4c85-939e-23df22a82835/datanode-4/data/ratis/9747b9f8-6eae-4dab-bbda-c688c70668ce: Starting segment from index:0
2019-08-01 16:01:36,771 INFO  impl.RaftServerImpl (ServerState.java:setRaftConf(361)) - 51e16db7-120d-4041-8ea6-11798f57aae7:group-C688C70668CE set configuration 0: [b9df5501-f8ee-4cab-81bf-02e0a64c19ea:192.168.157.209:33779, fb0aba0e-a91e-4296-a17c-becae501b8aa:192.168.157.209:39739, 51e16db7-120d-4041-8ea6-11798f57aae7:192.168.157.209:40993], old=null at 0
2019-08-01 16:01:36,803 INFO  segmented.SegmentedRaftLogWorker (SegmentedRaftLogWorker.java:execute(569)) - 51e16db7-120d-4041-8ea6-11798f57aae7-SegmentedRaftLogWorker:Storage Directory /workdir/hadoop-ozone/integration-test/target/test-dir/MiniOzoneClusterImpl-485285ec-3b22-4c85-939e-23df22a82835/datanode-4/data/ratis/9747b9f8-6eae-4dab-bbda-c688c70668ce: created new log segment /workdir/hadoop-ozone/integration-test/target/test-dir/MiniOzoneClusterImpl-485285ec-3b22-4c85-939e-23df22a82835/datanode-4/data/ratis/9747b9f8-6eae-4dab-bbda-c688c70668ce/current/log_inprogress_0
2019-08-01 16:01:36,825 INFO  impl.RaftServerImpl (ServerState.java:setLeader(263)) - fb0aba0e-a91e-4296-a17c-becae501b8aa:group-C688C70668CE change Leader from null to 51e16db7-120d-4041-8ea6-11798f57aae7 at term 1 for appendEntries, leader elected after 5215ms
2019-08-01 16:01:36,825 INFO  impl.RaftServerImpl (ServerState.java:setLeader(263)) - b9df5501-f8ee-4cab-81bf-02e0a64c19ea:group-C688C70668CE change Leader from null to 51e16db7-120d-4041-8ea6-11798f57aae7 at term 1 for appendEntries, leader elected after 5216ms
2019-08-01 16:01:36,834 INFO  client.GrpcClientProtocolClient (GrpcClientProtocolClient.java:onNext(255)) - client-D60F33D93673->51e16db7-120d-4041-8ea6-11798f57aae7: receive RaftClientReply:client-D60F33D93673->51e16db7-120d-4041-8ea6-11798f57aae7@group-C688C70668CE, cid=13, FAILED org.apache.ratis.protocol.LeaderNotReadyException: 51e16db7-120d-4041-8ea6-11798f57aae7 is in LEADER state but not ready yet., logIndex=0, commits[51e16db7-120d-4041-8ea6-11798f57aae7:c-1, b9df5501-f8ee-4cab-81bf-02e0a64c19ea:c-1, fb0aba0e-a91e-4296-a17c-becae501b8aa:c-1]
2019-08-01 16:01:36,845 INFO  impl.FollowerState (FollowerState.java:run(106)) - 216876cf-e55b-4fac-b51d-f2ae95465479:group-521F1AEB57D6 changes to CANDIDATE, lastRpcTime:5113, electionTimeout:5113ms
2019-08-01 16:01:36,845 INFO  impl.RoleInfo (RoleInfo.java:shutdownFollowerState(121)) - 216876cf-e55b-4fac-b51d-f2ae95465479: shutdown FollowerState
2019-08-01 16:01:36,845 INFO  impl.RaftServerImpl (RaftServerImpl.java:setRole(171)) - 216876cf-e55b-4fac-b51d-f2ae95465479:group-521F1AEB57D6 changes role from FOLLOWER to CANDIDATE at term 0 for changeToCandidate
2019-08-01 16:01:36,845 INFO  impl.RoleInfo (RoleInfo.java:updateAndGet(143)) - 216876cf-e55b-4fac-b51d-f2ae95465479: start LeaderElection
2019-08-01 16:01:36,851 INFO  impl.FollowerState (FollowerState.java:run(106)) - d8bd68e9-0ee0-49dd-b10b-94c77b5e9b31:group-521F1AEB57D6 changes to CANDIDATE, lastRpcTime:5116, electionTimeout:5114ms
2019-08-01 16:01:36,853 INFO  impl.RoleInfo (RoleInfo.java:shutdownFollowerState(121)) - d8bd68e9-0ee0-49dd-b10b-94c77b5e9b31: shutdown FollowerState
2019-08-01 16:01:36,853 INFO  impl.RaftServerImpl (RaftServerImpl.java:setRole(171)) - d8bd68e9-0ee0-49dd-b10b-94c77b5e9b31:group-521F1AEB57D6 changes role from FOLLOWER to CANDIDATE at term 0 for changeToCandidate
2019-08-01 16:01:36,853 INFO  impl.RoleInfo (RoleInfo.java:updateAndGet(143)) - d8bd68e9-0ee0-49dd-b10b-94c77b5e9b31: start LeaderElection
2019-08-01 16:01:36,857 INFO  impl.LeaderElection (LeaderElection.java:askForVotes(181)) - 216876cf-e55b-4fac-b51d-f2ae95465479:group-521F1AEB57D6:LeaderElection9: begin an election at term 1 for -1: [4cdbe0b8-b63a-44ae-919c-f6ed89689247:192.168.157.209:44926, 216876cf-e55b-4fac-b51d-f2ae95465479:192.168.157.209:42273, d8bd68e9-0ee0-49dd-b10b-94c77b5e9b31:192.168.157.209:45800], old=null
2019-08-01 16:01:36,870 INFO  impl.LeaderElection (LeaderElection.java:askForVotes(181)) - d8bd68e9-0ee0-49dd-b10b-94c77b5e9b31:group-521F1AEB57D6:LeaderElection10: begin an election at term 1 for -1: [4cdbe0b8-b63a-44ae-919c-f6ed89689247:192.168.157.209:44926, 216876cf-e55b-4fac-b51d-f2ae95465479:192.168.157.209:42273, d8bd68e9-0ee0-49dd-b10b-94c77b5e9b31:192.168.157.209:45800], old=null
2019-08-01 16:01:36,878 INFO  impl.RaftServerImpl (RaftServerImpl.java:setRole(171)) - 4cdbe0b8-b63a-44ae-919c-f6ed89689247:group-521F1AEB57D6 changes role from FOLLOWER to FOLLOWER at term 1 for recognizeCandidate:216876cf-e55b-4fac-b51d-f2ae95465479
2019-08-01 16:01:36,878 INFO  impl.RoleInfo (RoleInfo.java:shutdownFollowerState(121)) - 4cdbe0b8-b63a-44ae-919c-f6ed89689247: shutdown FollowerState
2019-08-01 16:01:36,879 INFO  impl.RoleInfo (RoleInfo.java:updateAndGet(143)) - 4cdbe0b8-b63a-44ae-919c-f6ed89689247: start FollowerState
2019-08-01 16:01:36,879 INFO  impl.FollowerState (FollowerState.java:run(114)) - 4cdbe0b8-b63a-44ae-919c-f6ed89689247: FollowerState was interrupted: java.lang.InterruptedException: sleep interrupted
2019-08-01 16:01:36,907 INFO  impl.LeaderElection (LeaderElection.java:logAndReturn(56)) - 216876cf-e55b-4fac-b51d-f2ae95465479:group-521F1AEB57D6:LeaderElection9: Election PASSED; received 2 response(s) [216876cf-e55b-4fac-b51d-f2ae95465479<-4cdbe0b8-b63a-44ae-919c-f6ed89689247#0:OK-t1, 216876cf-e55b-4fac-b51d-f2ae95465479<-d8bd68e9-0ee0-49dd-b10b-94c77b5e9b31#0:FAIL-t1] and 0 exception(s); 216876cf-e55b-4fac-b51d-f2ae95465479:t1, leader=null, voted=216876cf-e55b-4fac-b51d-f2ae95465479, raftlog=216876cf-e55b-4fac-b51d-f2ae95465479-SegmentedRaftLog:OPENED:c-1,f-1,i0, conf=-1: [4cdbe0b8-b63a-44ae-919c-f6ed89689247:192.168.157.209:44926, 216876cf-e55b-4fac-b51d-f2ae95465479:192.168.157.209:42273, d8bd68e9-0ee0-49dd-b10b-94c77b5e9b31:192.168.157.209:45800], old=null
2019-08-01 16:01:36,907 INFO  impl.RoleInfo (RoleInfo.java:shutdownLeaderElection(134)) - 216876cf-e55b-4fac-b51d-f2ae95465479: shutdown LeaderElection
2019-08-01 16:01:36,909 INFO  impl.RaftServerImpl (RaftServerImpl.java:setRole(171)) - 216876cf-e55b-4fac-b51d-f2ae95465479:group-521F1AEB57D6 changes role from CANDIDATE to LEADER at term 1 for changeToLeader
2019-08-01 16:01:36,911 INFO  impl.RaftServerImpl (ServerState.java:setLeader(263)) - 216876cf-e55b-4fac-b51d-f2ae95465479:group-521F1AEB57D6 change Leader from null to 216876cf-e55b-4fac-b51d-f2ae95465479 at term 1 for becomeLeader, leader elected after 5193ms
2019-08-01 16:01:36,911 INFO  server.RaftServerConfigKeys (ConfUtils.java:logGet(43)) - raft.server.staging.catchup.gap = 1000 (default)
2019-08-01 16:01:36,911 INFO  server.RaftServerConfigKeys (ConfUtils.java:logGet(43)) - raft.server.rpc.sleep.time = 25ms (default)
2019-08-01 16:01:36,914 INFO  server.RaftServerConfigKeys (ConfUtils.java:logGet(43)) - raft.server.write.element-limit = 4096 (default)
2019-08-01 16:01:36,914 INFO  server.RaftServerConfigKeys (ConfUtils.java:logGet(43)) - raft.server.watch.timeout = 10s (default)
2019-08-01 16:01:36,914 INFO  server.RaftServerConfigKeys (ConfUtils.java:logGet(43)) - raft.server.watch.timeout.denomination = 1s (default)
2019-08-01 16:01:36,914 INFO  server.RaftServerConfigKeys (ConfUtils.java:logGet(43)) - raft.server.watch.element-limit = 65536 (default)
2019-08-01 16:01:36,914 INFO  impl.LeaderElection (LeaderElection.java:logAndReturn(56)) - d8bd68e9-0ee0-49dd-b10b-94c77b5e9b31:group-521F1AEB57D6:LeaderElection10: Election REJECTED; received 2 response(s) [d8bd68e9-0ee0-49dd-b10b-94c77b5e9b31<-4cdbe0b8-b63a-44ae-919c-f6ed89689247#0:FAIL-t1, d8bd68e9-0ee0-49dd-b10b-94c77b5e9b31<-216876cf-e55b-4fac-b51d-f2ae95465479#0:FAIL-t1] and 0 exception(s); d8bd68e9-0ee0-49dd-b10b-94c77b5e9b31:t1, leader=null, voted=d8bd68e9-0ee0-49dd-b10b-94c77b5e9b31, raftlog=d8bd68e9-0ee0-49dd-b10b-94c77b5e9b31-SegmentedRaftLog:OPENED:c-1,f-1,i0, conf=-1: [4cdbe0b8-b63a-44ae-919c-f6ed89689247:192.168.157.209:44926, 216876cf-e55b-4fac-b51d-f2ae95465479:192.168.157.209:42273, d8bd68e9-0ee0-49dd-b10b-94c77b5e9b31:192.168.157.209:45800], old=null
2019-08-01 16:01:36,916 INFO  server.RaftServerConfigKeys (ConfUtils.java:logGet(43)) - raft.server.log.appender.snapshot.chunk.size.max = 16MB (=16777216) (default)
2019-08-01 16:01:36,916 INFO  impl.RaftServerImpl (RaftServerImpl.java:setRole(171)) - d8bd68e9-0ee0-49dd-b10b-94c77b5e9b31:group-521F1AEB57D6 changes role from CANDIDATE to FOLLOWER at term 1 for DISCOVERED_A_NEW_TERM
2019-08-01 16:01:36,921 INFO  server.RaftServerConfigKeys (ConfUtils.java:logGet(43)) - raft.server.log.appender.buffer.byte-limit = 33554432 (custom)
2019-08-01 16:01:36,921 INFO  impl.RaftServerImpl (ServerState.java:setRaftConf(361)) - b9df5501-f8ee-4cab-81bf-02e0a64c19ea:group-C688C70668CE set configuration 0: [b9df5501-f8ee-4cab-81bf-02e0a64c19ea:192.168.157.209:33779, fb0aba0e-a91e-4296-a17c-becae501b8aa:192.168.157.209:39739, 51e16db7-120d-4041-8ea6-11798f57aae7:192.168.157.209:40993], old=null at 0
2019-08-01 16:01:36,921 INFO  impl.RaftServerImpl (ServerState.java:setRaftConf(361)) - fb0aba0e-a91e-4296-a17c-becae501b8aa:group-C688C70668CE set configuration 0: [b9df5501-f8ee-4cab-81bf-02e0a64c19ea:192.168.157.209:33779, fb0aba0e-a91e-4296-a17c-becae501b8aa:192.168.157.209:39739, 51e16db7-120d-4041-8ea6-11798f57aae7:192.168.157.209:40993], old=null at 0
2019-08-01 16:01:36,921 INFO  impl.RoleInfo (RoleInfo.java:shutdownLeaderElection(134)) - d8bd68e9-0ee0-49dd-b10b-94c77b5e9b31: shutdown LeaderElection
2019-08-01 16:01:36,922 INFO  segmented.SegmentedRaftLogWorker (SegmentedRaftLogWorker.java:startLogSegment(380)) - fb0aba0e-a91e-4296-a17c-becae501b8aa-SegmentedRaftLogWorker:Storage Directory /workdir/hadoop-ozone/integration-test/target/test-dir/MiniOzoneClusterImpl-485285ec-3b22-4c85-939e-23df22a82835/datanode-6/data/ratis/9747b9f8-6eae-4dab-bbda-c688c70668ce: Starting segment from index:0
2019-08-01 16:01:36,922 INFO  segmented.SegmentedRaftLogWorker (SegmentedRaftLogWorker.java:startLogSegment(380)) - b9df5501-f8ee-4cab-81bf-02e0a64c19ea-SegmentedRaftLogWorker:Storage Directory /workdir/hadoop-ozone/integration-test/target/test-dir/MiniOzoneClusterImpl-485285ec-3b22-4c85-939e-23df22a82835/datanode-2/data/ratis/9747b9f8-6eae-4dab-bbda-c688c70668ce: Starting segment from index:0
2019-08-01 16:01:36,922 INFO  server.RaftServerConfigKeys (ConfUtils.java:logGet(43)) - raft.server.log.appender.buffer.element-limit = 1 (custom)
2019-08-01 16:01:36,922 INFO  impl.RoleInfo (RoleInfo.java:updateAndGet(143)) - d8bd68e9-0ee0-49dd-b10b-94c77b5e9b31: start FollowerState
2019-08-01 16:01:36,923 INFO  grpc.GrpcConfigKeys$Server (ConfUtils.java:logGet(43)) - raft.grpc.server.leader.outstanding.appends.max = 128 (default)
2019-08-01 16:01:36,943 INFO  server.RaftServerConfigKeys (ConfUtils.java:logGet(43)) - raft.server.rpc.request.timeout = 3000ms (default)
2019-08-01 16:01:36,943 INFO  server.RaftServerConfigKeys (ConfUtils.java:logGet(43)) - raft.server.log.appender.install.snapshot.enabled = false (custom)
2019-08-01 16:01:36,944 INFO  server.RaftServerConfigKeys (ConfUtils.java:logGet(43)) - raft.server.log.appender.snapshot.chunk.size.max = 16MB (=16777216) (default)
2019-08-01 16:01:36,944 INFO  server.RaftServerConfigKeys (ConfUtils.java:logGet(43)) - raft.server.log.appender.buffer.byte-limit = 33554432 (custom)
2019-08-01 16:01:36,944 INFO  server.RaftServerConfigKeys (ConfUtils.java:logGet(43)) - raft.server.log.appender.buffer.element-limit = 1 (custom)
2019-08-01 16:01:36,944 INFO  grpc.GrpcConfigKeys$Server (ConfUtils.java:logGet(43)) - raft.grpc.server.leader.outstanding.appends.max = 128 (default)
2019-08-01 16:01:36,945 INFO  server.RaftServerConfigKeys (ConfUtils.java:logGet(43)) - raft.server.rpc.request.timeout = 3000ms (default)
2019-08-01 16:01:36,945 INFO  server.RaftServerConfigKeys (ConfUtils.java:logGet(43)) - raft.server.log.appender.install.snapshot.enabled = false (custom)
2019-08-01 16:01:36,945 INFO  impl.RoleInfo (RoleInfo.java:updateAndGet(143)) - 216876cf-e55b-4fac-b51d-f2ae95465479: start LeaderState
2019-08-01 16:01:36,945 INFO  segmented.SegmentedRaftLogWorker (SegmentedRaftLogWorker.java:startLogSegment(380)) - 216876cf-e55b-4fac-b51d-f2ae95465479-SegmentedRaftLogWorker:Storage Directory /workdir/hadoop-ozone/integration-test/target/test-dir/MiniOzoneClusterImpl-485285ec-3b22-4c85-939e-23df22a82835/datanode-0/data/ratis/a5f57c60-5738-4607-81c4-521f1aeb57d6: Starting segment from index:0
2019-08-01 16:01:36,946 INFO  impl.RaftServerImpl (ServerState.java:setRaftConf(361)) - 216876cf-e55b-4fac-b51d-f2ae95465479:group-521F1AEB57D6 set configuration 0: [4cdbe0b8-b63a-44ae-919c-f6ed89689247:192.168.157.209:44926, 216876cf-e55b-4fac-b51d-f2ae95465479:192.168.157.209:42273, d8bd68e9-0ee0-49dd-b10b-94c77b5e9b31:192.168.157.209:45800], old=null at 0
2019-08-01 16:01:36,963 INFO  segmented.SegmentedRaftLogWorker (SegmentedRaftLogWorker.java:execute(569)) - fb0aba0e-a91e-4296-a17c-becae501b8aa-SegmentedRaftLogWorker:Storage Directory /workdir/hadoop-ozone/integration-test/target/test-dir/MiniOzoneClusterImpl-485285ec-3b22-4c85-939e-23df22a82835/datanode-6/data/ratis/9747b9f8-6eae-4dab-bbda-c688c70668ce: created new log segment /workdir/hadoop-ozone/integration-test/target/test-dir/MiniOzoneClusterImpl-485285ec-3b22-4c85-939e-23df22a82835/datanode-6/data/ratis/9747b9f8-6eae-4dab-bbda-c688c70668ce/current/log_inprogress_0
2019-08-01 16:01:36,964 INFO  segmented.SegmentedRaftLogWorker (SegmentedRaftLogWorker.java:execute(569)) - b9df5501-f8ee-4cab-81bf-02e0a64c19ea-SegmentedRaftLogWorker:Storage Directory /workdir/hadoop-ozone/integration-test/target/test-dir/MiniOzoneClusterImpl-485285ec-3b22-4c85-939e-23df22a82835/datanode-2/data/ratis/9747b9f8-6eae-4dab-bbda-c688c70668ce: created new log segment /workdir/hadoop-ozone/integration-test/target/test-dir/MiniOzoneClusterImpl-485285ec-3b22-4c85-939e-23df22a82835/datanode-2/data/ratis/9747b9f8-6eae-4dab-bbda-c688c70668ce/current/log_inprogress_0
2019-08-01 16:01:36,966 INFO  impl.RaftServerImpl (ServerState.java:setLeader(263)) - d8bd68e9-0ee0-49dd-b10b-94c77b5e9b31:group-521F1AEB57D6 change Leader from null to 216876cf-e55b-4fac-b51d-f2ae95465479 at term 1 for appendEntries, leader elected after 5249ms
2019-08-01 16:01:36,966 INFO  impl.RaftServerImpl (ServerState.java:setLeader(263)) - 4cdbe0b8-b63a-44ae-919c-f6ed89689247:group-521F1AEB57D6 change Leader from null to 216876cf-e55b-4fac-b51d-f2ae95465479 at term 1 for appendEntries, leader elected after 5248ms
2019-08-01 16:01:36,973 INFO  impl.RaftServerImpl (ServerState.java:setRaftConf(361)) - d8bd68e9-0ee0-49dd-b10b-94c77b5e9b31:group-521F1AEB57D6 set configuration 0: [4cdbe0b8-b63a-44ae-919c-f6ed89689247:192.168.157.209:44926, 216876cf-e55b-4fac-b51d-f2ae95465479:192.168.157.209:42273, d8bd68e9-0ee0-49dd-b10b-94c77b5e9b31:192.168.157.209:45800], old=null at 0
2019-08-01 16:01:36,974 INFO  segmented.SegmentedRaftLogWorker (SegmentedRaftLogWorker.java:startLogSegment(380)) - d8bd68e9-0ee0-49dd-b10b-94c77b5e9b31-SegmentedRaftLogWorker:Storage Directory /workdir/hadoop-ozone/integration-test/target/test-dir/MiniOzoneClusterImpl-485285ec-3b22-4c85-939e-23df22a82835/datanode-1/data/ratis/a5f57c60-5738-4607-81c4-521f1aeb57d6: Starting segment from index:0
2019-08-01 16:01:36,974 INFO  impl.RaftServerImpl (ServerState.java:setRaftConf(361)) - 4cdbe0b8-b63a-44ae-919c-f6ed89689247:group-521F1AEB57D6 set configuration 0: [4cdbe0b8-b63a-44ae-919c-f6ed89689247:192.168.157.209:44926, 216876cf-e55b-4fac-b51d-f2ae95465479:192.168.157.209:42273, d8bd68e9-0ee0-49dd-b10b-94c77b5e9b31:192.168.157.209:45800], old=null at 0
2019-08-01 16:01:36,974 INFO  segmented.SegmentedRaftLogWorker (SegmentedRaftLogWorker.java:startLogSegment(380)) - 4cdbe0b8-b63a-44ae-919c-f6ed89689247-SegmentedRaftLogWorker:Storage Directory /workdir/hadoop-ozone/integration-test/target/test-dir/MiniOzoneClusterImpl-485285ec-3b22-4c85-939e-23df22a82835/datanode-3/data/ratis/a5f57c60-5738-4607-81c4-521f1aeb57d6: Starting segment from index:0
2019-08-01 16:01:36,976 INFO  segmented.SegmentedRaftLogWorker (SegmentedRaftLogWorker.java:execute(569)) - 216876cf-e55b-4fac-b51d-f2ae95465479-SegmentedRaftLogWorker:Storage Directory /workdir/hadoop-ozone/integration-test/target/test-dir/MiniOzoneClusterImpl-485285ec-3b22-4c85-939e-23df22a82835/datanode-0/data/ratis/a5f57c60-5738-4607-81c4-521f1aeb57d6: created new log segment /workdir/hadoop-ozone/integration-test/target/test-dir/MiniOzoneClusterImpl-485285ec-3b22-4c85-939e-23df22a82835/datanode-0/data/ratis/a5f57c60-5738-4607-81c4-521f1aeb57d6/current/log_inprogress_0
2019-08-01 16:01:37,003 INFO  segmented.SegmentedRaftLogWorker (SegmentedRaftLogWorker.java:execute(569)) - d8bd68e9-0ee0-49dd-b10b-94c77b5e9b31-SegmentedRaftLogWorker:Storage Directory /workdir/hadoop-ozone/integration-test/target/test-dir/MiniOzoneClusterImpl-485285ec-3b22-4c85-939e-23df22a82835/datanode-1/data/ratis/a5f57c60-5738-4607-81c4-521f1aeb57d6: created new log segment /workdir/hadoop-ozone/integration-test/target/test-dir/MiniOzoneClusterImpl-485285ec-3b22-4c85-939e-23df22a82835/datanode-1/data/ratis/a5f57c60-5738-4607-81c4-521f1aeb57d6/current/log_inprogress_0
2019-08-01 16:01:37,003 INFO  segmented.SegmentedRaftLogWorker (SegmentedRaftLogWorker.java:execute(569)) - 4cdbe0b8-b63a-44ae-919c-f6ed89689247-SegmentedRaftLogWorker:Storage Directory /workdir/hadoop-ozone/integration-test/target/test-dir/MiniOzoneClusterImpl-485285ec-3b22-4c85-939e-23df22a82835/datanode-3/data/ratis/a5f57c60-5738-4607-81c4-521f1aeb57d6: created new log segment /workdir/hadoop-ozone/integration-test/target/test-dir/MiniOzoneClusterImpl-485285ec-3b22-4c85-939e-23df22a82835/datanode-3/data/ratis/a5f57c60-5738-4607-81c4-521f1aeb57d6/current/log_inprogress_0
2019-08-01 16:01:39,123 INFO  client.GrpcClientProtocolClient (GrpcClientProtocolClient.java:onNext(255)) - client-D60F33D93673->51e16db7-120d-4041-8ea6-11798f57aae7: receive RaftClientReply:client-D60F33D93673->51e16db7-120d-4041-8ea6-11798f57aae7@group-C688C70668CE, cid=13, SUCCESS, logIndex=1, commits[51e16db7-120d-4041-8ea6-11798f57aae7:c2, b9df5501-f8ee-4cab-81bf-02e0a64c19ea:c0, fb0aba0e-a91e-4296-a17c-becae501b8aa:c1]
2019-08-01 16:01:39,154 INFO  client.GrpcClientProtocolClient (GrpcClientProtocolClient.java:onNext(255)) - client-D60F33D93673->51e16db7-120d-4041-8ea6-11798f57aae7: receive RaftClientReply:client-D60F33D93673->51e16db7-120d-4041-8ea6-11798f57aae7@group-C688C70668CE, cid=14, SUCCESS, logIndex=3, commits[51e16db7-120d-4041-8ea6-11798f57aae7:c3, b9df5501-f8ee-4cab-81bf-02e0a64c19ea:c2, fb0aba0e-a91e-4296-a17c-becae501b8aa:c2]
2019-08-01 16:01:39,240 INFO  client.GrpcClientProtocolClient (GrpcClientProtocolClient.java:onNext(255)) - client-D60F33D93673->51e16db7-120d-4041-8ea6-11798f57aae7: receive RaftClientReply:client-D60F33D93673->51e16db7-120d-4041-8ea6-11798f57aae7@group-C688C70668CE, cid=15, SUCCESS, logIndex=5, commits[51e16db7-120d-4041-8ea6-11798f57aae7:c12, b9df5501-f8ee-4cab-81bf-02e0a64c19ea:c8, fb0aba0e-a91e-4296-a17c-becae501b8aa:c8]
2019-08-01 16:01:39,262 INFO  client.GrpcClientProtocolClient (GrpcClientProtocolClient.java:onNext(255)) - client-D60F33D93673->51e16db7-120d-4041-8ea6-11798f57aae7: receive RaftClientReply:client-D60F33D93673->51e16db7-120d-4041-8ea6-11798f57aae7@group-C688C70668CE, cid=16, SUCCESS, logIndex=6, commits[51e16db7-120d-4041-8ea6-11798f57aae7:c12, b9df5501-f8ee-4cab-81bf-02e0a64c19ea:c8, fb0aba0e-a91e-4296-a17c-becae501b8aa:c8]
2019-08-01 16:01:39,263 INFO  client.GrpcClientProtocolClient (GrpcClientProtocolClient.java:onNext(255)) - client-D60F33D93673->51e16db7-120d-4041-8ea6-11798f57aae7: receive RaftClientReply:client-D60F33D93673->51e16db7-120d-4041-8ea6-11798f57aae7@group-C688C70668CE, cid=17, SUCCESS, logIndex=7, commits[51e16db7-120d-4041-8ea6-11798f57aae7:c12, b9df5501-f8ee-4cab-81bf-02e0a64c19ea:c8, fb0aba0e-a91e-4296-a17c-becae501b8aa:c8]
2019-08-01 16:01:39,321 INFO  client.GrpcClientProtocolClient (GrpcClientProtocolClient.java:onNext(255)) - client-D60F33D93673->51e16db7-120d-4041-8ea6-11798f57aae7: receive RaftClientReply:client-D60F33D93673->51e16db7-120d-4041-8ea6-11798f57aae7@group-C688C70668CE, cid=18, SUCCESS, logIndex=8, commits[51e16db7-120d-4041-8ea6-11798f57aae7:c12, b9df5501-f8ee-4cab-81bf-02e0a64c19ea:c8, fb0aba0e-a91e-4296-a17c-becae501b8aa:c8]
2019-08-01 16:01:39,353 INFO  client.GrpcClientProtocolClient (GrpcClientProtocolClient.java:onNext(255)) - client-D60F33D93673->51e16db7-120d-4041-8ea6-11798f57aae7: receive RaftClientReply:client-D60F33D93673->51e16db7-120d-4041-8ea6-11798f57aae7@group-C688C70668CE, cid=19, SUCCESS, logIndex=13, commits[51e16db7-120d-4041-8ea6-11798f57aae7:c14, b9df5501-f8ee-4cab-81bf-02e0a64c19ea:c12, fb0aba0e-a91e-4296-a17c-becae501b8aa:c12]
2019-08-01 16:01:39,353 INFO  client.GrpcClientProtocolClient (GrpcClientProtocolClient.java:onNext(255)) - client-D60F33D93673->51e16db7-120d-4041-8ea6-11798f57aae7: receive RaftClientReply:client-D60F33D93673->51e16db7-120d-4041-8ea6-11798f57aae7@group-C688C70668CE, cid=20, SUCCESS, logIndex=14, commits[51e16db7-120d-4041-8ea6-11798f57aae7:c14, b9df5501-f8ee-4cab-81bf-02e0a64c19ea:c12, fb0aba0e-a91e-4296-a17c-becae501b8aa:c12]
2019-08-01 16:01:39,375 INFO  client.GrpcClientProtocolClient (GrpcClientProtocolClient.java:onNext(255)) - client-D60F33D93673->51e16db7-120d-4041-8ea6-11798f57aae7: receive RaftClientReply:client-D60F33D93673->51e16db7-120d-4041-8ea6-11798f57aae7@group-C688C70668CE, cid=21, SUCCESS, logIndex=0, commits[51e16db7-120d-4041-8ea6-11798f57aae7:c16, b9df5501-f8ee-4cab-81bf-02e0a64c19ea:c14, fb0aba0e-a91e-4296-a17c-becae501b8aa:c14]
2019-08-01 16:01:39,377 INFO  datanode.ObjectStoreHandler (ObjectStoreHandler.java:close(155)) - Closing ObjectStoreHandler.
2019-08-01 16:01:39,378 INFO  ozone.HddsDatanodeService (HddsDatanodeService.java:stop(451)) - Stopped plug-in org.apache.hadoop.ozone.web.OzoneHddsDatanodeService@27bc1d44
2019-08-01 16:01:40,074 INFO  statemachine.DatanodeStateMachine (DatanodeStateMachine.java:lambda$startDaemon$0(350)) - Ozone container server started.
2019-08-01 16:01:44,115 INFO  node.StaleNodeHandler (StaleNodeHandler.java:onMessage(58)) - Datanode fb0aba0e-a91e-4296-a17c-becae501b8aa{ip: 192.168.157.209, host: byscane-nightly-hwqnr-1260472869, networkLocation: /default-rack, certSerialId: null} moved to stale state. Finalizing its pipelines [PipelineID=9747b9f8-6eae-4dab-bbda-c688c70668ce, PipelineID=76370301-e17e-4fb9-9e42-a20d9abb4747]
2019-08-01 16:01:44,115 INFO  pipeline.SCMPipelineManager (SCMPipelineManager.java:finalizeAndDestroyPipeline(309)) - destroying pipeline:Pipeline[ Id: 9747b9f8-6eae-4dab-bbda-c688c70668ce, Nodes: fb0aba0e-a91e-4296-a17c-becae501b8aa{ip: 192.168.157.209, host: byscane-nightly-hwqnr-1260472869, networkLocation: /default-rack, certSerialId: null}b9df5501-f8ee-4cab-81bf-02e0a64c19ea{ip: 192.168.157.209, host: byscane-nightly-hwqnr-1260472869, networkLocation: /default-rack, certSerialId: null}51e16db7-120d-4041-8ea6-11798f57aae7{ip: 192.168.157.209, host: byscane-nightly-hwqnr-1260472869, networkLocation: /default-rack, certSerialId: null}, Type:RATIS, Factor:THREE, State:OPEN]
2019-08-01 16:01:44,117 INFO  pipeline.PipelineStateManager (PipelineStateManager.java:finalizePipeline(123)) - Pipeline Pipeline[ Id: 9747b9f8-6eae-4dab-bbda-c688c70668ce, Nodes: fb0aba0e-a91e-4296-a17c-becae501b8aa{ip: 192.168.157.209, host: byscane-nightly-hwqnr-1260472869, networkLocation: /default-rack, certSerialId: null}b9df5501-f8ee-4cab-81bf-02e0a64c19ea{ip: 192.168.157.209, host: byscane-nightly-hwqnr-1260472869, networkLocation: /default-rack, certSerialId: null}51e16db7-120d-4041-8ea6-11798f57aae7{ip: 192.168.157.209, host: byscane-nightly-hwqnr-1260472869, networkLocation: /default-rack, certSerialId: null}, Type:RATIS, Factor:THREE, State:CLOSED] moved to CLOSED state
2019-08-01 16:01:44,118 INFO  container.CloseContainerEventHandler (CloseContainerEventHandler.java:onMessage(61)) - Close container Event triggered for container : #1
2019-08-01 16:01:44,121 INFO  pipeline.SCMPipelineManager (SCMPipelineManager.java:finalizeAndDestroyPipeline(309)) - destroying pipeline:Pipeline[ Id: 76370301-e17e-4fb9-9e42-a20d9abb4747, Nodes: fb0aba0e-a91e-4296-a17c-becae501b8aa{ip: 192.168.157.209, host: byscane-nightly-hwqnr-1260472869, networkLocation: /default-rack, certSerialId: null}, Type:RATIS, Factor:ONE, State:OPEN]
2019-08-01 16:01:44,123 INFO  pipeline.PipelineStateManager (PipelineStateManager.java:finalizePipeline(123)) - Pipeline Pipeline[ Id: 76370301-e17e-4fb9-9e42-a20d9abb4747, Nodes: fb0aba0e-a91e-4296-a17c-becae501b8aa{ip: 192.168.157.209, host: byscane-nightly-hwqnr-1260472869, networkLocation: /default-rack, certSerialId: null}, Type:RATIS, Factor:ONE, State:CLOSED] moved to CLOSED state
2019-08-01 16:01:44,380 INFO  ozoneimpl.OzoneContainer (OzoneContainer.java:stop(199)) - Attempting to stop container services.
2019-08-01 16:01:44,382 INFO  impl.RaftServerProxy (RaftServerProxy.java:lambda$close$4(314)) - fb0aba0e-a91e-4296-a17c-becae501b8aa: close
2019-08-01 16:01:44,384 INFO  impl.RaftServerImpl (RaftServerImpl.java:lambda$shutdown$3(245)) - fb0aba0e-a91e-4296-a17c-becae501b8aa: shutdown group-C688C70668CE
2019-08-01 16:01:44,384 INFO  util.JmxRegister (JmxRegister.java:unregister(73)) - Successfully un-registered JMX Bean with object name Ratis:service=RaftServer,group=group-C688C70668CE,id=fb0aba0e-a91e-4296-a17c-becae501b8aa
2019-08-01 16:01:44,385 INFO  impl.RoleInfo (RoleInfo.java:shutdownFollowerState(121)) - fb0aba0e-a91e-4296-a17c-becae501b8aa: shutdown FollowerState
2019-08-01 16:01:44,385 INFO  impl.StateMachineUpdater (StateMachineUpdater.java:stopAndJoin(115)) - StateMachineUpdater:fb0aba0e-a91e-4296-a17c-becae501b8aa:group-C688C70668CE: set stopIndex = 16
2019-08-01 16:01:44,385 INFO  impl.FollowerState (FollowerState.java:run(114)) - fb0aba0e-a91e-4296-a17c-becae501b8aa: FollowerState was interrupted: java.lang.InterruptedException: sleep interrupted
2019-08-01 16:01:44,386 INFO  ratis.ContainerStateMachine (ContainerStateMachine.java:takeSnapshot(262)) - group-C688C70668CE: Taking a snapshot at:(t:1, i:14) file /workdir/hadoop-ozone/integration-test/target/test-dir/MiniOzoneClusterImpl-485285ec-3b22-4c85-939e-23df22a82835/datanode-6/data/ratis/9747b9f8-6eae-4dab-bbda-c688c70668ce/sm/snapshot.1_14
2019-08-01 16:01:44,417 INFO  ratis.ContainerStateMachine (ContainerStateMachine.java:takeSnapshot(273)) - group-C688C70668CE: Finished taking a snapshot at:(t:1, i:14) file:/workdir/hadoop-ozone/integration-test/target/test-dir/MiniOzoneClusterImpl-485285ec-3b22-4c85-939e-23df22a82835/datanode-6/data/ratis/9747b9f8-6eae-4dab-bbda-c688c70668ce/sm/snapshot.1_14 time:32
2019-08-01 16:01:44,417 INFO  impl.StateMachineUpdater (StateMachineUpdater.java:takeSnapshot(242)) - StateMachineUpdater:fb0aba0e-a91e-4296-a17c-becae501b8aa:group-C688C70668CE: Took a snapshot at index 14
2019-08-01 16:01:44,420 INFO  impl.StateMachineUpdater (StateMachineUpdater.java:lambda$new$0(80)) - StateMachineUpdater:fb0aba0e-a91e-4296-a17c-becae501b8aa:group-C688C70668CE: snapshotIndex: updateIncreasingly -1 -> 14
2019-08-01 16:01:44,425 INFO  impl.RaftServerImpl (ServerState.java:close(394)) - fb0aba0e-a91e-4296-a17c-becae501b8aa:group-C688C70668CE closes. The last applied log index is 16
2019-08-01 16:01:44,428 INFO  segmented.SegmentedRaftLogWorker (SegmentedRaftLogWorker.java:run(313)) - fb0aba0e-a91e-4296-a17c-becae501b8aa-SegmentedRaftLogWorker:Storage Directory /workdir/hadoop-ozone/integration-test/target/test-dir/MiniOzoneClusterImpl-485285ec-3b22-4c85-939e-23df22a82835/datanode-6/data/ratis/9747b9f8-6eae-4dab-bbda-c688c70668ce was interrupted, exiting. There are 0 tasks remaining in the queue.
2019-08-01 16:01:44,431 INFO  segmented.SegmentedRaftLogWorker (SegmentedRaftLogWorker.java:close(228)) - fb0aba0e-a91e-4296-a17c-becae501b8aa-SegmentedRaftLogWorker:Storage Directory /workdir/hadoop-ozone/integration-test/target/test-dir/MiniOzoneClusterImpl-485285ec-3b22-4c85-939e-23df22a82835/datanode-6/data/ratis/9747b9f8-6eae-4dab-bbda-c688c70668ce close()
2019-08-01 16:01:44,435 INFO  impl.RaftServerImpl (RaftServerImpl.java:lambda$shutdown$3(245)) - fb0aba0e-a91e-4296-a17c-becae501b8aa: shutdown group-A20D9ABB4747
2019-08-01 16:01:44,435 INFO  util.JmxRegister (JmxRegister.java:unregister(73)) - Successfully un-registered JMX Bean with object name Ratis:service=RaftServer,group=group-A20D9ABB4747,id=fb0aba0e-a91e-4296-a17c-becae501b8aa
2019-08-01 16:01:44,436 INFO  impl.RoleInfo (RoleInfo.java:shutdownLeaderState(104)) - fb0aba0e-a91e-4296-a17c-becae501b8aa: shutdown LeaderState
2019-08-01 16:01:44,437 INFO  impl.PendingRequests (PendingRequests.java:sendNotLeaderResponses(202)) - fb0aba0e-a91e-4296-a17c-becae501b8aa-PendingRequests: sendNotLeaderResponses
2019-08-01 16:01:44,439 INFO  impl.StateMachineUpdater (StateMachineUpdater.java:stopAndJoin(115)) - StateMachineUpdater:fb0aba0e-a91e-4296-a17c-becae501b8aa:group-A20D9ABB4747: set stopIndex = 0
2019-08-01 16:01:44,441 INFO  impl.RaftServerImpl (ServerState.java:close(394)) - fb0aba0e-a91e-4296-a17c-becae501b8aa:group-A20D9ABB4747 closes. The last applied log index is 0
2019-08-01 16:01:44,441 INFO  segmented.SegmentedRaftLogWorker (SegmentedRaftLogWorker.java:run(313)) - fb0aba0e-a91e-4296-a17c-becae501b8aa-SegmentedRaftLogWorker:Storage Directory /workdir/hadoop-ozone/integration-test/target/test-dir/MiniOzoneClusterImpl-485285ec-3b22-4c85-939e-23df22a82835/datanode-6/data/ratis/76370301-e17e-4fb9-9e42-a20d9abb4747 was interrupted, exiting. There are 0 tasks remaining in the queue.
2019-08-01 16:01:44,443 INFO  segmented.SegmentedRaftLogWorker (SegmentedRaftLogWorker.java:close(228)) - fb0aba0e-a91e-4296-a17c-becae501b8aa-SegmentedRaftLogWorker:Storage Directory /workdir/hadoop-ozone/integration-test/target/test-dir/MiniOzoneClusterImpl-485285ec-3b22-4c85-939e-23df22a82835/datanode-6/data/ratis/76370301-e17e-4fb9-9e42-a20d9abb4747 close()
2019-08-01 16:01:44,448 INFO  server.GrpcService (GrpcService.java:closeImpl(155)) - fb0aba0e-a91e-4296-a17c-becae501b8aa: shutdown server with port 39739 now
2019-08-01 16:01:44,454 INFO  server.GrpcService (GrpcService.java:closeImpl(163)) - fb0aba0e-a91e-4296-a17c-becae501b8aa: shutdown server with port 39739 successfully
2019-08-01 16:01:44,454 WARN  server.GrpcServerProtocolService (LogUtils.java:warn(134)) - fb0aba0e-a91e-4296-a17c-becae501b8aa: appendEntries onError: org.apache.ratis.thirdparty.io.grpc.StatusRuntimeException: CANCELLED: cancelled before receiving half close
2019-08-01 16:01:44,458 WARN  server.GrpcLogAppender (LogUtils.java:warn(134)) - 51e16db7-120d-4041-8ea6-11798f57aae7->fb0aba0e-a91e-4296-a17c-becae501b8aa: Failed appendEntries: org.apache.ratis.thirdparty.io.grpc.StatusRuntimeException: CANCELLED: HTTP/2 error code: CANCEL
Received Rst Stream
2019-08-01 16:01:44,461 INFO  utils.BackgroundService (BackgroundService.java:shutdown(148)) - Shutting down service BlockDeletingService
2019-08-01 16:01:44,463 INFO  impl.FollowerInfo (FollowerInfo.java:lambda$new$0(50)) - 51e16db7-120d-4041-8ea6-11798f57aae7->fb0aba0e-a91e-4296-a17c-becae501b8aa: nextIndex: updateUnconditionally 17 -> 16
2019-08-01 16:01:44,466 WARN  fs.CachingGetSpaceUsed (CachingGetSpaceUsed.java:run(183)) - Thread Interrupted waiting to refresh disk information: sleep interrupted
2019-08-01 16:01:44,490 INFO  statemachine.DatanodeStateMachine (DatanodeStateMachine.java:stopDaemon(395)) - Ozone container server stopped.
2019-08-01 16:01:44,508 INFO  handler.ContextHandler (ContextHandler.java:doStop(910)) - Stopped o.e.j.w.WebAppContext@3c33fcf8{/,null,UNAVAILABLE}{/hddsDatanode}
2019-08-01 16:01:44,516 INFO  server.AbstractConnector (AbstractConnector.java:doStop(318)) - Stopped ServerConnector@dada335{HTTP/1.1,[http/1.1]}{0.0.0.0:0}
2019-08-01 16:01:44,516 INFO  handler.ContextHandler (ContextHandler.java:doStop(910)) - Stopped o.e.j.s.ServletContextHandler@59918c8f{/static,jar:file:/home/user/.m2/repository/org/apache/hadoop/hadoop-hdds-container-service/0.4.1-SNAPSHOT/hadoop-hdds-container-service-0.4.1-SNAPSHOT.jar!/webapps/static,UNAVAILABLE}
2019-08-01 16:01:44,517 INFO  handler.ContextHandler (ContextHandler.java:doStop(910)) - Stopped o.e.j.s.ServletContextHandler@2c60ce47{/logs,file:///workdir/hadoop-ozone/integration-test/target/log,UNAVAILABLE}
2019-08-01 16:01:44,519 INFO  datanode.ObjectStoreHandler (ObjectStoreHandler.java:close(155)) - Closing ObjectStoreHandler.
2019-08-01 16:01:44,520 INFO  ozone.HddsDatanodeService (HddsDatanodeService.java:stop(451)) - Stopped plug-in org.apache.hadoop.ozone.web.OzoneHddsDatanodeService@1e00bfe2
2019-08-01 16:01:45,077 INFO  statemachine.DatanodeStateMachine (DatanodeStateMachine.java:lambda$startDaemon$0(350)) - Ozone container server started.
2019-08-01 16:01:46,075 WARN  server.GrpcLogAppender (LogUtils.java:warn(134)) - 51e16db7-120d-4041-8ea6-11798f57aae7->fb0aba0e-a91e-4296-a17c-becae501b8aa: Failed appendEntries: org.apache.ratis.thirdparty.io.grpc.StatusRuntimeException: UNAVAILABLE: io exception
2019-08-01 16:01:46,079 INFO  impl.FollowerInfo (FollowerInfo.java:lambda$new$0(50)) - 51e16db7-120d-4041-8ea6-11798f57aae7->fb0aba0e-a91e-4296-a17c-becae501b8aa: nextIndex: updateUnconditionally 17 -> 16
2019-08-01 16:01:46,090 WARN  server.GrpcLogAppender (LogUtils.java:warn(134)) - 51e16db7-120d-4041-8ea6-11798f57aae7->fb0aba0e-a91e-4296-a17c-becae501b8aa: Failed appendEntries: org.apache.ratis.thirdparty.io.grpc.StatusRuntimeException: UNAVAILABLE: io exception
2019-08-01 16:01:46,094 INFO  impl.FollowerInfo (FollowerInfo.java:lambda$new$0(50)) - 51e16db7-120d-4041-8ea6-11798f57aae7->fb0aba0e-a91e-4296-a17c-becae501b8aa: nextIndex: updateUnconditionally 17 -> 16
2019-08-01 16:01:46,128 INFO  interfaces.Container (KeyValueContainer.java:compactDB(356)) - Container 1 is closed with bcsId 14.
2019-08-01 16:01:46,133 INFO  container.IncrementalContainerReportHandler (AbstractContainerReportHandler.java:updateContainerState(176)) - Moving container #1 to CLOSED state, datanode 51e16db7-120d-4041-8ea6-11798f57aae7{ip: 192.168.157.209, host: byscane-nightly-hwqnr-1260472869, networkLocation: /default-rack, certSerialId: null} reported CLOSED replica.
2019-08-01 16:01:46,154 INFO  interfaces.Container (KeyValueContainer.java:compactDB(356)) - Container 1 is closed with bcsId 14.
2019-08-01 16:01:48,598 WARN  server.GrpcLogAppender (LogUtils.java:warn(134)) - 51e16db7-120d-4041-8ea6-11798f57aae7->fb0aba0e-a91e-4296-a17c-becae501b8aa: Failed appendEntries: org.apache.ratis.thirdparty.io.grpc.StatusRuntimeException: UNAVAILABLE: io exception
2019-08-01 16:01:48,602 INFO  impl.FollowerInfo (FollowerInfo.java:lambda$new$0(50)) - 51e16db7-120d-4041-8ea6-11798f57aae7->fb0aba0e-a91e-4296-a17c-becae501b8aa: nextIndex: updateUnconditionally 16 -> 15
2019-08-01 16:01:49,125 INFO  node.StaleNodeHandler (StaleNodeHandler.java:onMessage(58)) - Datanode b9df5501-f8ee-4cab-81bf-02e0a64c19ea{ip: 192.168.157.209, host: byscane-nightly-hwqnr-1260472869, networkLocation: /default-rack, certSerialId: null} moved to stale state. Finalizing its pipelines [PipelineID=9747b9f8-6eae-4dab-bbda-c688c70668ce, PipelineID=6a1514e8-6cea-4150-9006-0e110545b4ee]
2019-08-01 16:01:49,125 INFO  pipeline.SCMPipelineManager (SCMPipelineManager.java:finalizeAndDestroyPipeline(309)) - destroying pipeline:Pipeline[ Id: 9747b9f8-6eae-4dab-bbda-c688c70668ce, Nodes: fb0aba0e-a91e-4296-a17c-becae501b8aa{ip: 192.168.157.209, host: byscane-nightly-hwqnr-1260472869, networkLocation: /default-rack, certSerialId: null}b9df5501-f8ee-4cab-81bf-02e0a64c19ea{ip: 192.168.157.209, host: byscane-nightly-hwqnr-1260472869, networkLocation: /default-rack, certSerialId: null}51e16db7-120d-4041-8ea6-11798f57aae7{ip: 192.168.157.209, host: byscane-nightly-hwqnr-1260472869, networkLocation: /default-rack, certSerialId: null}, Type:RATIS, Factor:THREE, State:CLOSED]
2019-08-01 16:01:49,126 INFO  pipeline.SCMPipelineManager (SCMPipelineManager.java:finalizeAndDestroyPipeline(309)) - destroying pipeline:Pipeline[ Id: 6a1514e8-6cea-4150-9006-0e110545b4ee, Nodes: b9df5501-f8ee-4cab-81bf-02e0a64c19ea{ip: 192.168.157.209, host: byscane-nightly-hwqnr-1260472869, networkLocation: /default-rack, certSerialId: null}, Type:RATIS, Factor:ONE, State:OPEN]
2019-08-01 16:01:49,126 INFO  pipeline.PipelineStateManager (PipelineStateManager.java:finalizePipeline(123)) - Pipeline Pipeline[ Id: 6a1514e8-6cea-4150-9006-0e110545b4ee, Nodes: b9df5501-f8ee-4cab-81bf-02e0a64c19ea{ip: 192.168.157.209, host: byscane-nightly-hwqnr-1260472869, networkLocation: /default-rack, certSerialId: null}, Type:RATIS, Factor:ONE, State:CLOSED] moved to CLOSED state
2019-08-01 16:01:49,521 INFO  ozoneimpl.OzoneContainer (OzoneContainer.java:stop(199)) - Attempting to stop container services.
2019-08-01 16:01:49,525 INFO  impl.RaftServerProxy (RaftServerProxy.java:lambda$close$4(314)) - b9df5501-f8ee-4cab-81bf-02e0a64c19ea: close
2019-08-01 16:01:49,526 INFO  impl.RaftServerImpl (RaftServerImpl.java:lambda$shutdown$3(245)) - b9df5501-f8ee-4cab-81bf-02e0a64c19ea: shutdown group-C688C70668CE
2019-08-01 16:01:49,526 INFO  impl.RaftServerImpl (RaftServerImpl.java:lambda$shutdown$3(245)) - b9df5501-f8ee-4cab-81bf-02e0a64c19ea: shutdown group-0E110545B4EE
2019-08-01 16:01:49,527 INFO  util.JmxRegister (JmxRegister.java:unregister(73)) - Successfully un-registered JMX Bean with object name Ratis:service=RaftServer,group=group-C688C70668CE,id=b9df5501-f8ee-4cab-81bf-02e0a64c19ea
2019-08-01 16:01:49,527 INFO  util.JmxRegister (JmxRegister.java:unregister(73)) - Successfully un-registered JMX Bean with object name Ratis:service=RaftServer,group=group-0E110545B4EE,id=b9df5501-f8ee-4cab-81bf-02e0a64c19ea
2019-08-01 16:01:49,527 INFO  impl.RoleInfo (RoleInfo.java:shutdownFollowerState(121)) - b9df5501-f8ee-4cab-81bf-02e0a64c19ea: shutdown FollowerState
2019-08-01 16:01:49,528 INFO  impl.RoleInfo (RoleInfo.java:shutdownLeaderState(104)) - b9df5501-f8ee-4cab-81bf-02e0a64c19ea: shutdown LeaderState
2019-08-01 16:01:49,528 INFO  ratis.ContainerStateMachine (ContainerStateMachine.java:takeSnapshot(262)) - group-C688C70668CE: Taking a snapshot at:(t:1, i:17) file /workdir/hadoop-ozone/integration-test/target/test-dir/MiniOzoneClusterImpl-485285ec-3b22-4c85-939e-23df22a82835/datanode-2/data/ratis/9747b9f8-6eae-4dab-bbda-c688c70668ce/sm/snapshot.1_17
2019-08-01 16:01:49,528 INFO  impl.FollowerState (FollowerState.java:run(114)) - b9df5501-f8ee-4cab-81bf-02e0a64c19ea: FollowerState was interrupted: java.lang.InterruptedException: sleep interrupted
2019-08-01 16:01:49,528 INFO  impl.StateMachineUpdater (StateMachineUpdater.java:stopAndJoin(115)) - StateMachineUpdater:b9df5501-f8ee-4cab-81bf-02e0a64c19ea:group-C688C70668CE: set stopIndex = 18
2019-08-01 16:01:49,528 INFO  impl.PendingRequests (PendingRequests.java:sendNotLeaderResponses(202)) - b9df5501-f8ee-4cab-81bf-02e0a64c19ea-PendingRequests: sendNotLeaderResponses
2019-08-01 16:01:49,534 INFO  impl.StateMachineUpdater (StateMachineUpdater.java:stopAndJoin(115)) - StateMachineUpdater:b9df5501-f8ee-4cab-81bf-02e0a64c19ea:group-0E110545B4EE: set stopIndex = 0
2019-08-01 16:01:49,546 INFO  impl.RaftServerImpl (ServerState.java:close(394)) - b9df5501-f8ee-4cab-81bf-02e0a64c19ea:group-0E110545B4EE closes. The last applied log index is 0
2019-08-01 16:01:49,546 INFO  ratis.ContainerStateMachine (ContainerStateMachine.java:takeSnapshot(273)) - group-C688C70668CE: Finished taking a snapshot at:(t:1, i:17) file:/workdir/hadoop-ozone/integration-test/target/test-dir/MiniOzoneClusterImpl-485285ec-3b22-4c85-939e-23df22a82835/datanode-2/data/ratis/9747b9f8-6eae-4dab-bbda-c688c70668ce/sm/snapshot.1_17 time:17
2019-08-01 16:01:49,546 INFO  impl.StateMachineUpdater (StateMachineUpdater.java:takeSnapshot(242)) - StateMachineUpdater:b9df5501-f8ee-4cab-81bf-02e0a64c19ea:group-C688C70668CE: Took a snapshot at index 17
2019-08-01 16:01:49,546 INFO  segmented.SegmentedRaftLogWorker (SegmentedRaftLogWorker.java:run(313)) - b9df5501-f8ee-4cab-81bf-02e0a64c19ea-SegmentedRaftLogWorker:Storage Directory /workdir/hadoop-ozone/integration-test/target/test-dir/MiniOzoneClusterImpl-485285ec-3b22-4c85-939e-23df22a82835/datanode-2/data/ratis/6a1514e8-6cea-4150-9006-0e110545b4ee was interrupted, exiting. There are 0 tasks remaining in the queue.
2019-08-01 16:01:49,546 INFO  impl.StateMachineUpdater (StateMachineUpdater.java:lambda$new$0(80)) - StateMachineUpdater:b9df5501-f8ee-4cab-81bf-02e0a64c19ea:group-C688C70668CE: snapshotIndex: updateIncreasingly -1 -> 17
2019-08-01 16:01:49,549 INFO  segmented.SegmentedRaftLogWorker (SegmentedRaftLogWorker.java:close(228)) - b9df5501-f8ee-4cab-81bf-02e0a64c19ea-SegmentedRaftLogWorker:Storage Directory /workdir/hadoop-ozone/integration-test/target/test-dir/MiniOzoneClusterImpl-485285ec-3b22-4c85-939e-23df22a82835/datanode-2/data/ratis/6a1514e8-6cea-4150-9006-0e110545b4ee close()
2019-08-01 16:01:49,553 INFO  impl.RaftServerImpl (ServerState.java:close(394)) - b9df5501-f8ee-4cab-81bf-02e0a64c19ea:group-C688C70668CE closes. The last applied log index is 18
2019-08-01 16:01:49,554 INFO  segmented.SegmentedRaftLogWorker (SegmentedRaftLogWorker.java:run(313)) - b9df5501-f8ee-4cab-81bf-02e0a64c19ea-SegmentedRaftLogWorker:Storage Directory /workdir/hadoop-ozone/integration-test/target/test-dir/MiniOzoneClusterImpl-485285ec-3b22-4c85-939e-23df22a82835/datanode-2/data/ratis/9747b9f8-6eae-4dab-bbda-c688c70668ce was interrupted, exiting. There are 0 tasks remaining in the queue.
2019-08-01 16:01:49,556 INFO  segmented.SegmentedRaftLogWorker (SegmentedRaftLogWorker.java:close(228)) - b9df5501-f8ee-4cab-81bf-02e0a64c19ea-SegmentedRaftLogWorker:Storage Directory /workdir/hadoop-ozone/integration-test/target/test-dir/MiniOzoneClusterImpl-485285ec-3b22-4c85-939e-23df22a82835/datanode-2/data/ratis/9747b9f8-6eae-4dab-bbda-c688c70668ce close()
2019-08-01 16:01:49,560 INFO  server.GrpcService (GrpcService.java:closeImpl(155)) - b9df5501-f8ee-4cab-81bf-02e0a64c19ea: shutdown server with port 33779 now
2019-08-01 16:01:49,562 WARN  server.GrpcServerProtocolService (LogUtils.java:warn(134)) - b9df5501-f8ee-4cab-81bf-02e0a64c19ea: appendEntries onError: org.apache.ratis.thirdparty.io.grpc.StatusRuntimeException: CANCELLED: cancelled before receiving half close
2019-08-01 16:01:49,564 INFO  server.GrpcService (GrpcService.java:closeImpl(163)) - b9df5501-f8ee-4cab-81bf-02e0a64c19ea: shutdown server with port 33779 successfully
2019-08-01 16:01:49,564 WARN  server.GrpcLogAppender (LogUtils.java:warn(134)) - 51e16db7-120d-4041-8ea6-11798f57aae7->b9df5501-f8ee-4cab-81bf-02e0a64c19ea: Failed appendEntries: org.apache.ratis.thirdparty.io.grpc.StatusRuntimeException: CANCELLED: HTTP/2 error code: CANCEL
Received Rst Stream
2019-08-01 16:01:49,568 INFO  impl.FollowerInfo (FollowerInfo.java:lambda$new$0(50)) - 51e16db7-120d-4041-8ea6-11798f57aae7->b9df5501-f8ee-4cab-81bf-02e0a64c19ea: nextIndex: updateUnconditionally 19 -> 18
2019-08-01 16:01:49,572 INFO  utils.BackgroundService (BackgroundService.java:shutdown(148)) - Shutting down service BlockDeletingService
2019-08-01 16:01:49,576 WARN  fs.CachingGetSpaceUsed (CachingGetSpaceUsed.java:run(183)) - Thread Interrupted waiting to refresh disk information: sleep interrupted
2019-08-01 16:01:49,598 INFO  statemachine.DatanodeStateMachine (DatanodeStateMachine.java:stopDaemon(395)) - Ozone container server stopped.
2019-08-01 16:01:49,599 INFO  handler.ContextHandler (ContextHandler.java:doStop(910)) - Stopped o.e.j.w.WebAppContext@27976390{/,null,UNAVAILABLE}{/hddsDatanode}
2019-08-01 16:01:49,600 INFO  server.AbstractConnector (AbstractConnector.java:doStop(318)) - Stopped ServerConnector@37e0056e{HTTP/1.1,[http/1.1]}{0.0.0.0:0}
2019-08-01 16:01:49,600 INFO  handler.ContextHandler (ContextHandler.java:doStop(910)) - Stopped o.e.j.s.ServletContextHandler@5f08fe00{/static,jar:file:/home/user/.m2/repository/org/apache/hadoop/hadoop-hdds-container-service/0.4.1-SNAPSHOT/hadoop-hdds-container-service-0.4.1-SNAPSHOT.jar!/webapps/static,UNAVAILABLE}
2019-08-01 16:01:49,601 INFO  handler.ContextHandler (ContextHandler.java:doStop(910)) - Stopped o.e.j.s.ServletContextHandler@6b63abdc{/logs,file:///workdir/hadoop-ozone/integration-test/target/log,UNAVAILABLE}
16:01:49.610 [grpc-default-executor-1] ERROR DNAudit - user=null | ip=null | op=WRITE_CHUNK {blockData=conID: 1 locID: 102542559969673217 bcsId: 14} | ret=FAILURE
org.apache.hadoop.hdds.scm.container.common.helpers.ContainerNotOpenException: Container 1 in CLOSED state
	at org.apache.hadoop.ozone.container.common.impl.HddsDispatcher.validateContainerCommand(HddsDispatcher.java:408) ~[hadoop-hdds-container-service-0.4.1-SNAPSHOT.jar:?]
	at org.apache.hadoop.ozone.container.common.transport.server.ratis.ContainerStateMachine.startTransaction(ContainerStateMachine.java:288) ~[hadoop-hdds-container-service-0.4.1-SNAPSHOT.jar:?]
	at org.apache.ratis.server.impl.RaftServerImpl.submitClientRequestAsync(RaftServerImpl.java:566) ~[ratis-server-0.4.0-2337318-SNAPSHOT.jar:0.4.0-2337318-SNAPSHOT]
	at org.apache.ratis.server.impl.RaftServerProxy.lambda$submitClientRequestAsync$7(RaftServerProxy.java:333) ~[ratis-server-0.4.0-2337318-SNAPSHOT.jar:0.4.0-2337318-SNAPSHOT]
	at org.apache.ratis.server.impl.RaftServerProxy.lambda$null$5(RaftServerProxy.java:328) ~[ratis-server-0.4.0-2337318-SNAPSHOT.jar:0.4.0-2337318-SNAPSHOT]
	at org.apache.ratis.util.JavaUtils.callAsUnchecked(JavaUtils.java:109) ~[ratis-common-0.4.0-2337318-SNAPSHOT.jar:0.4.0-2337318-SNAPSHOT]
	at org.apache.ratis.server.impl.RaftServerProxy.lambda$submitRequest$6(RaftServerProxy.java:328) ~[ratis-server-0.4.0-2337318-SNAPSHOT.jar:0.4.0-2337318-SNAPSHOT]
	at java.util.concurrent.CompletableFuture.uniComposeStage(CompletableFuture.java:981) ~[?:1.8.0_212]
	at java.util.concurrent.CompletableFuture.thenCompose(CompletableFuture.java:2124) ~[?:1.8.0_212]
	at org.apache.ratis.server.impl.RaftServerProxy.submitRequest(RaftServerProxy.java:327) ~[ratis-server-0.4.0-2337318-SNAPSHOT.jar:0.4.0-2337318-SNAPSHOT]
	at org.apache.ratis.server.impl.RaftServerProxy.submitClientRequestAsync(RaftServerProxy.java:333) ~[ratis-server-0.4.0-2337318-SNAPSHOT.jar:0.4.0-2337318-SNAPSHOT]
	at org.apache.ratis.grpc.client.GrpcClientProtocolService$RequestStreamObserver.processClientRequest(GrpcClientProtocolService.java:220) ~[ratis-grpc-0.4.0-2337318-SNAPSHOT.jar:0.4.0-2337318-SNAPSHOT]
	at org.apache.ratis.grpc.client.GrpcClientProtocolService$OrderedRequestStreamObserver.processClientRequest(GrpcClientProtocolService.java:326) ~[ratis-grpc-0.4.0-2337318-SNAPSHOT.jar:0.4.0-2337318-SNAPSHOT]
	at org.apache.ratis.util.SlidingWindow$Server.processRequestsFromHead(SlidingWindow.java:429) [ratis-common-0.4.0-2337318-SNAPSHOT.jar:0.4.0-2337318-SNAPSHOT]
	at org.apache.ratis.util.SlidingWindow$Server.receivedRequest(SlidingWindow.java:421) [ratis-common-0.4.0-2337318-SNAPSHOT.jar:0.4.0-2337318-SNAPSHOT]
	at org.apache.ratis.grpc.client.GrpcClientProtocolService$OrderedRequestStreamObserver.processClientRequest(GrpcClientProtocolService.java:345) [ratis-grpc-0.4.0-2337318-SNAPSHOT.jar:0.4.0-2337318-SNAPSHOT]
	at org.apache.ratis.grpc.client.GrpcClientProtocolService$RequestStreamObserver.onNext(GrpcClientProtocolService.java:240) [ratis-grpc-0.4.0-2337318-SNAPSHOT.jar:0.4.0-2337318-SNAPSHOT]
	at org.apache.ratis.grpc.client.GrpcClientProtocolService$RequestStreamObserver.onNext(GrpcClientProtocolService.java:168) [ratis-grpc-0.4.0-2337318-SNAPSHOT.jar:0.4.0-2337318-SNAPSHOT]
	at org.apache.ratis.thirdparty.io.grpc.stub.ServerCalls$StreamingServerCallHandler$StreamingServerCallListener.onMessage(ServerCalls.java:248) [ratis-thirdparty-misc-0.2.0.jar:0.2.0]
	at org.apache.ratis.thirdparty.io.grpc.internal.ServerCallImpl$ServerStreamListenerImpl.messagesAvailable(ServerCallImpl.java:263) [ratis-thirdparty-misc-0.2.0.jar:0.2.0]
	at org.apache.ratis.thirdparty.io.grpc.internal.ServerImpl$JumpToApplicationThreadServerStreamListener$1MessagesAvailable.runInContext(ServerImpl.java:686) [ratis-thirdparty-misc-0.2.0.jar:0.2.0]
	at org.apache.ratis.thirdparty.io.grpc.internal.ContextRunnable.run(ContextRunnable.java:37) [ratis-thirdparty-misc-0.2.0.jar:0.2.0]
	at org.apache.ratis.thirdparty.io.grpc.internal.SerializingExecutor.run(SerializingExecutor.java:123) [ratis-thirdparty-misc-0.2.0.jar:0.2.0]
	at java.util.concurrent.ThreadPoolExecutor.runWorker(ThreadPoolExecutor.java:1149) [?:1.8.0_212]
	at java.util.concurrent.ThreadPoolExecutor$Worker.run(ThreadPoolExecutor.java:624) [?:1.8.0_212]
	at java.lang.Thread.run(Thread.java:748) [?:1.8.0_212]
16:01:49.653 [grpc-default-executor-1] ERROR DNAudit - user=null | ip=null | op=WRITE_CHUNK {blockData=conID: 1 locID: 102542559969673217 bcsId: 14} | ret=FAILURE
org.apache.hadoop.hdds.scm.container.common.helpers.ContainerNotOpenException: Container 1 in CLOSED state
	at org.apache.hadoop.ozone.container.common.impl.HddsDispatcher.validateContainerCommand(HddsDispatcher.java:408) ~[hadoop-hdds-container-service-0.4.1-SNAPSHOT.jar:?]
	at org.apache.hadoop.ozone.container.common.transport.server.ratis.ContainerStateMachine.startTransaction(ContainerStateMachine.java:288) ~[hadoop-hdds-container-service-0.4.1-SNAPSHOT.jar:?]
	at org.apache.ratis.server.impl.RaftServerImpl.submitClientRequestAsync(RaftServerImpl.java:566) ~[ratis-server-0.4.0-2337318-SNAPSHOT.jar:0.4.0-2337318-SNAPSHOT]
	at org.apache.ratis.server.impl.RaftServerProxy.lambda$submitClientRequestAsync$7(RaftServerProxy.java:333) ~[ratis-server-0.4.0-2337318-SNAPSHOT.jar:0.4.0-2337318-SNAPSHOT]
	at org.apache.ratis.server.impl.RaftServerProxy.lambda$null$5(RaftServerProxy.java:328) ~[ratis-server-0.4.0-2337318-SNAPSHOT.jar:0.4.0-2337318-SNAPSHOT]
	at org.apache.ratis.util.JavaUtils.callAsUnchecked(JavaUtils.java:109) ~[ratis-common-0.4.0-2337318-SNAPSHOT.jar:0.4.0-2337318-SNAPSHOT]
	at org.apache.ratis.server.impl.RaftServerProxy.lambda$submitRequest$6(RaftServerProxy.java:328) ~[ratis-server-0.4.0-2337318-SNAPSHOT.jar:0.4.0-2337318-SNAPSHOT]
	at java.util.concurrent.CompletableFuture.uniComposeStage(CompletableFuture.java:981) ~[?:1.8.0_212]
	at java.util.concurrent.CompletableFuture.thenCompose(CompletableFuture.java:2124) ~[?:1.8.0_212]
	at org.apache.ratis.server.impl.RaftServerProxy.submitRequest(RaftServerProxy.java:327) ~[ratis-server-0.4.0-2337318-SNAPSHOT.jar:0.4.0-2337318-SNAPSHOT]
	at org.apache.ratis.server.impl.RaftServerProxy.submitClientRequestAsync(RaftServerProxy.java:333) ~[ratis-server-0.4.0-2337318-SNAPSHOT.jar:0.4.0-2337318-SNAPSHOT]
	at org.apache.ratis.grpc.client.GrpcClientProtocolService$RequestStreamObserver.processClientRequest(GrpcClientProtocolService.java:220) ~[ratis-grpc-0.4.0-2337318-SNAPSHOT.jar:0.4.0-2337318-SNAPSHOT]
	at org.apache.ratis.grpc.client.GrpcClientProtocolService$OrderedRequestStreamObserver.processClientRequest(GrpcClientProtocolService.java:326) ~[ratis-grpc-0.4.0-2337318-SNAPSHOT.jar:0.4.0-2337318-SNAPSHOT]
	at org.apache.ratis.util.SlidingWindow$Server.processRequestsFromHead(SlidingWindow.java:429) [ratis-common-0.4.0-2337318-SNAPSHOT.jar:0.4.0-2337318-SNAPSHOT]
	at org.apache.ratis.util.SlidingWindow$Server.receivedRequest(SlidingWindow.java:421) [ratis-common-0.4.0-2337318-SNAPSHOT.jar:0.4.0-2337318-SNAPSHOT]
	at org.apache.ratis.grpc.client.GrpcClientProtocolService$OrderedRequestStreamObserver.processClientRequest(GrpcClientProtocolService.java:345) [ratis-grpc-0.4.0-2337318-SNAPSHOT.jar:0.4.0-2337318-SNAPSHOT]
	at org.apache.ratis.grpc.client.GrpcClientProtocolService$RequestStreamObserver.onNext(GrpcClientProtocolService.java:240) [ratis-grpc-0.4.0-2337318-SNAPSHOT.jar:0.4.0-2337318-SNAPSHOT]
	at org.apache.ratis.grpc.client.GrpcClientProtocolService$RequestStreamObserver.onNext(GrpcClientProtocolService.java:168) [ratis-grpc-0.4.0-2337318-SNAPSHOT.jar:0.4.0-2337318-SNAPSHOT]
	at org.apache.ratis.thirdparty.io.grpc.stub.ServerCalls$StreamingServerCallHandler$StreamingServerCallListener.onMessage(ServerCalls.java:248) [ratis-thirdparty-misc-0.2.0.jar:0.2.0]
	at org.apache.ratis.thirdparty.io.grpc.internal.ServerCallImpl$ServerStreamListenerImpl.messagesAvailable(ServerCallImpl.java:263) [ratis-thirdparty-misc-0.2.0.jar:0.2.0]
	at org.apache.ratis.thirdparty.io.grpc.internal.ServerImpl$JumpToApplicationThreadServerStreamListener$1MessagesAvailable.runInContext(ServerImpl.java:686) [ratis-thirdparty-misc-0.2.0.jar:0.2.0]
	at org.apache.ratis.thirdparty.io.grpc.internal.ContextRunnable.run(ContextRunnable.java:37) [ratis-thirdparty-misc-0.2.0.jar:0.2.0]
	at org.apache.ratis.thirdparty.io.grpc.internal.SerializingExecutor.run(SerializingExecutor.java:123) [ratis-thirdparty-misc-0.2.0.jar:0.2.0]
	at java.util.concurrent.ThreadPoolExecutor.runWorker(ThreadPoolExecutor.java:1149) [?:1.8.0_212]
	at java.util.concurrent.ThreadPoolExecutor$Worker.run(ThreadPoolExecutor.java:624) [?:1.8.0_212]
	at java.lang.Thread.run(Thread.java:748) [?:1.8.0_212]
16:01:49.663 [grpc-default-executor-1] ERROR DNAudit - user=null | ip=null | op=PUT_BLOCK {blockData=[blockId=conID: 1 locID: 102542559969673217 bcsId: 0,size=650]} | ret=FAILURE
org.apache.hadoop.hdds.scm.container.common.helpers.ContainerNotOpenException: Container 1 in CLOSED state
	at org.apache.hadoop.ozone.container.common.impl.HddsDispatcher.validateContainerCommand(HddsDispatcher.java:408) ~[hadoop-hdds-container-service-0.4.1-SNAPSHOT.jar:?]
	at org.apache.hadoop.ozone.container.common.transport.server.ratis.ContainerStateMachine.startTransaction(ContainerStateMachine.java:288) ~[hadoop-hdds-container-service-0.4.1-SNAPSHOT.jar:?]
	at org.apache.ratis.server.impl.RaftServerImpl.submitClientRequestAsync(RaftServerImpl.java:566) ~[ratis-server-0.4.0-2337318-SNAPSHOT.jar:0.4.0-2337318-SNAPSHOT]
	at org.apache.ratis.server.impl.RaftServerProxy.lambda$submitClientRequestAsync$7(RaftServerProxy.java:333) ~[ratis-server-0.4.0-2337318-SNAPSHOT.jar:0.4.0-2337318-SNAPSHOT]
	at org.apache.ratis.server.impl.RaftServerProxy.lambda$null$5(RaftServerProxy.java:328) ~[ratis-server-0.4.0-2337318-SNAPSHOT.jar:0.4.0-2337318-SNAPSHOT]
	at org.apache.ratis.util.JavaUtils.callAsUnchecked(JavaUtils.java:109) ~[ratis-common-0.4.0-2337318-SNAPSHOT.jar:0.4.0-2337318-SNAPSHOT]
	at org.apache.ratis.server.impl.RaftServerProxy.lambda$submitRequest$6(RaftServerProxy.java:328) ~[ratis-server-0.4.0-2337318-SNAPSHOT.jar:0.4.0-2337318-SNAPSHOT]
	at java.util.concurrent.CompletableFuture.uniComposeStage(CompletableFuture.java:981) ~[?:1.8.0_212]
	at java.util.concurrent.CompletableFuture.thenCompose(CompletableFuture.java:2124) ~[?:1.8.0_212]
	at org.apache.ratis.server.impl.RaftServerProxy.submitRequest(RaftServerProxy.java:327) ~[ratis-server-0.4.0-2337318-SNAPSHOT.jar:0.4.0-2337318-SNAPSHOT]
	at org.apache.ratis.server.impl.RaftServerProxy.submitClientRequestAsync(RaftServerProxy.java:333) ~[ratis-server-0.4.0-2337318-SNAPSHOT.jar:0.4.0-2337318-SNAPSHOT]
	at org.apache.ratis.grpc.client.GrpcClientProtocolService$RequestStreamObserver.processClientRequest(GrpcClientProtocolService.java:220) ~[ratis-grpc-0.4.0-2337318-SNAPSHOT.jar:0.4.0-2337318-SNAPSHOT]
	at org.apache.ratis.grpc.client.GrpcClientProtocolService$OrderedRequestStreamObserver.processClientRequest(GrpcClientProtocolService.java:326) ~[ratis-grpc-0.4.0-2337318-SNAPSHOT.jar:0.4.0-2337318-SNAPSHOT]
	at org.apache.ratis.util.SlidingWindow$Server.processRequestsFromHead(SlidingWindow.java:429) [ratis-common-0.4.0-2337318-SNAPSHOT.jar:0.4.0-2337318-SNAPSHOT]
	at org.apache.ratis.util.SlidingWindow$Server.receivedRequest(SlidingWindow.java:421) [ratis-common-0.4.0-2337318-SNAPSHOT.jar:0.4.0-2337318-SNAPSHOT]
	at org.apache.ratis.grpc.client.GrpcClientProtocolService$OrderedRequestStreamObserver.processClientRequest(GrpcClientProtocolService.java:345) [ratis-grpc-0.4.0-2337318-SNAPSHOT.jar:0.4.0-2337318-SNAPSHOT]
	at org.apache.ratis.grpc.client.GrpcClientProtocolService$RequestStreamObserver.onNext(GrpcClientProtocolService.java:240) [ratis-grpc-0.4.0-2337318-SNAPSHOT.jar:0.4.0-2337318-SNAPSHOT]
	at org.apache.ratis.grpc.client.GrpcClientProtocolService$RequestStreamObserver.onNext(GrpcClientProtocolService.java:168) [ratis-grpc-0.4.0-2337318-SNAPSHOT.jar:0.4.0-2337318-SNAPSHOT]
	at org.apache.ratis.thirdparty.io.grpc.stub.ServerCalls$StreamingServerCallHandler$StreamingServerCallListener.onMessage(ServerCalls.java:248) [ratis-thirdparty-misc-0.2.0.jar:0.2.0]
	at org.apache.ratis.thirdparty.io.grpc.internal.ServerCallImpl$ServerStreamListenerImpl.messagesAvailable(ServerCallImpl.java:263) [ratis-thirdparty-misc-0.2.0.jar:0.2.0]
	at org.apache.ratis.thirdparty.io.grpc.internal.ServerImpl$JumpToApplicationThreadServerStreamListener$1MessagesAvailable.runInContext(ServerImpl.java:686) [ratis-thirdparty-misc-0.2.0.jar:0.2.0]
	at org.apache.ratis.thirdparty.io.grpc.internal.ContextRunnable.run(ContextRunnable.java:37) [ratis-thirdparty-misc-0.2.0.jar:0.2.0]
	at org.apache.ratis.thirdparty.io.grpc.internal.SerializingExecutor.run(SerializingExecutor.java:123) [ratis-thirdparty-misc-0.2.0.jar:0.2.0]
	at java.util.concurrent.ThreadPoolExecutor.runWorker(ThreadPoolExecutor.java:1149) [?:1.8.0_212]
	at java.util.concurrent.ThreadPoolExecutor$Worker.run(ThreadPoolExecutor.java:624) [?:1.8.0_212]
	at java.lang.Thread.run(Thread.java:748) [?:1.8.0_212]
2019-08-01 16:01:49,668 INFO  client.GrpcClientProtocolClient (GrpcClientProtocolClient.java:onNext(255)) - client-D60F33D93673->51e16db7-120d-4041-8ea6-11798f57aae7: receive RaftClientReply:client-D60F33D93673->51e16db7-120d-4041-8ea6-11798f57aae7@group-C688C70668CE, cid=22, FAILED org.apache.ratis.protocol.StateMachineException: org.apache.hadoop.hdds.scm.container.common.helpers.ContainerNotOpenException from Server 51e16db7-120d-4041-8ea6-11798f57aae7: Container 1 in CLOSED state, logIndex=0, commits[51e16db7-120d-4041-8ea6-11798f57aae7:c18, b9df5501-f8ee-4cab-81bf-02e0a64c19ea:c18, fb0aba0e-a91e-4296-a17c-becae501b8aa:c16]
16:01:49.669 [grpc-default-executor-1] ERROR DNAudit - user=null | ip=null | op=WRITE_CHUNK {blockData=conID: 1 locID: 102542559969673217 bcsId: 14} | ret=FAILURE
org.apache.hadoop.hdds.scm.container.common.helpers.ContainerNotOpenException: Container 1 in CLOSED state
	at org.apache.hadoop.ozone.container.common.impl.HddsDispatcher.validateContainerCommand(HddsDispatcher.java:408) ~[hadoop-hdds-container-service-0.4.1-SNAPSHOT.jar:?]
	at org.apache.hadoop.ozone.container.common.transport.server.ratis.ContainerStateMachine.startTransaction(ContainerStateMachine.java:288) ~[hadoop-hdds-container-service-0.4.1-SNAPSHOT.jar:?]
	at org.apache.ratis.server.impl.RaftServerImpl.submitClientRequestAsync(RaftServerImpl.java:566) ~[ratis-server-0.4.0-2337318-SNAPSHOT.jar:0.4.0-2337318-SNAPSHOT]
	at org.apache.ratis.server.impl.RaftServerProxy.lambda$submitClientRequestAsync$7(RaftServerProxy.java:333) ~[ratis-server-0.4.0-2337318-SNAPSHOT.jar:0.4.0-2337318-SNAPSHOT]
	at org.apache.ratis.server.impl.RaftServerProxy.lambda$null$5(RaftServerProxy.java:328) ~[ratis-server-0.4.0-2337318-SNAPSHOT.jar:0.4.0-2337318-SNAPSHOT]
	at org.apache.ratis.util.JavaUtils.callAsUnchecked(JavaUtils.java:109) ~[ratis-common-0.4.0-2337318-SNAPSHOT.jar:0.4.0-2337318-SNAPSHOT]
	at org.apache.ratis.server.impl.RaftServerProxy.lambda$submitRequest$6(RaftServerProxy.java:328) ~[ratis-server-0.4.0-2337318-SNAPSHOT.jar:0.4.0-2337318-SNAPSHOT]
	at java.util.concurrent.CompletableFuture.uniComposeStage(CompletableFuture.java:981) ~[?:1.8.0_212]
	at java.util.concurrent.CompletableFuture.thenCompose(CompletableFuture.java:2124) ~[?:1.8.0_212]
	at org.apache.ratis.server.impl.RaftServerProxy.submitRequest(RaftServerProxy.java:327) ~[ratis-server-0.4.0-2337318-SNAPSHOT.jar:0.4.0-2337318-SNAPSHOT]
	at org.apache.ratis.server.impl.RaftServerProxy.submitClientRequestAsync(RaftServerProxy.java:333) ~[ratis-server-0.4.0-2337318-SNAPSHOT.jar:0.4.0-2337318-SNAPSHOT]
	at org.apache.ratis.grpc.client.GrpcClientProtocolService$RequestStreamObserver.processClientRequest(GrpcClientProtocolService.java:220) ~[ratis-grpc-0.4.0-2337318-SNAPSHOT.jar:0.4.0-2337318-SNAPSHOT]
	at org.apache.ratis.grpc.client.GrpcClientProtocolService$OrderedRequestStreamObserver.processClientRequest(GrpcClientProtocolService.java:326) ~[ratis-grpc-0.4.0-2337318-SNAPSHOT.jar:0.4.0-2337318-SNAPSHOT]
	at org.apache.ratis.util.SlidingWindow$Server.processRequestsFromHead(SlidingWindow.java:429) [ratis-common-0.4.0-2337318-SNAPSHOT.jar:0.4.0-2337318-SNAPSHOT]
	at org.apache.ratis.util.SlidingWindow$Server.receivedRequest(SlidingWindow.java:421) [ratis-common-0.4.0-2337318-SNAPSHOT.jar:0.4.0-2337318-SNAPSHOT]
	at org.apache.ratis.grpc.client.GrpcClientProtocolService$OrderedRequestStreamObserver.processClientRequest(GrpcClientProtocolService.java:345) [ratis-grpc-0.4.0-2337318-SNAPSHOT.jar:0.4.0-2337318-SNAPSHOT]
	at org.apache.ratis.grpc.client.GrpcClientProtocolService$RequestStreamObserver.onNext(GrpcClientProtocolService.java:240) [ratis-grpc-0.4.0-2337318-SNAPSHOT.jar:0.4.0-2337318-SNAPSHOT]
	at org.apache.ratis.grpc.client.GrpcClientProtocolService$RequestStreamObserver.onNext(GrpcClientProtocolService.java:168) [ratis-grpc-0.4.0-2337318-SNAPSHOT.jar:0.4.0-2337318-SNAPSHOT]
	at org.apache.ratis.thirdparty.io.grpc.stub.ServerCalls$StreamingServerCallHandler$StreamingServerCallListener.onMessage(ServerCalls.java:248) [ratis-thirdparty-misc-0.2.0.jar:0.2.0]
	at org.apache.ratis.thirdparty.io.grpc.internal.ServerCallImpl$ServerStreamListenerImpl.messagesAvailable(ServerCallImpl.java:263) [ratis-thirdparty-misc-0.2.0.jar:0.2.0]
	at org.apache.ratis.thirdparty.io.grpc.internal.ServerImpl$JumpToApplicationThreadServerStreamListener$1MessagesAvailable.runInContext(ServerImpl.java:686) [ratis-thirdparty-misc-0.2.0.jar:0.2.0]
	at org.apache.ratis.thirdparty.io.grpc.internal.ContextRunnable.run(ContextRunnable.java:37) [ratis-thirdparty-misc-0.2.0.jar:0.2.0]
	at org.apache.ratis.thirdparty.io.grpc.internal.SerializingExecutor.run(SerializingExecutor.java:123) [ratis-thirdparty-misc-0.2.0.jar:0.2.0]
	at java.util.concurrent.ThreadPoolExecutor.runWorker(ThreadPoolExecutor.java:1149) [?:1.8.0_212]
	at java.util.concurrent.ThreadPoolExecutor$Worker.run(ThreadPoolExecutor.java:624) [?:1.8.0_212]
	at java.lang.Thread.run(Thread.java:748) [?:1.8.0_212]
2019-08-01 16:01:49,674 INFO  client.GrpcClientProtocolClient (GrpcClientProtocolClient.java:onNext(255)) - client-D60F33D93673->51e16db7-120d-4041-8ea6-11798f57aae7: receive RaftClientReply:client-D60F33D93673->51e16db7-120d-4041-8ea6-11798f57aae7@group-C688C70668CE, cid=23, FAILED org.apache.ratis.protocol.StateMachineException: org.apache.hadoop.hdds.scm.container.common.helpers.ContainerNotOpenException from Server 51e16db7-120d-4041-8ea6-11798f57aae7: Container 1 in CLOSED state, logIndex=0, commits[51e16db7-120d-4041-8ea6-11798f57aae7:c18, b9df5501-f8ee-4cab-81bf-02e0a64c19ea:c18, fb0aba0e-a91e-4296-a17c-becae501b8aa:c16]
16:01:49.675 [grpc-default-executor-1] ERROR DNAudit - user=null | ip=null | op=WRITE_CHUNK {blockData=conID: 1 locID: 102542559969673217 bcsId: 14} | ret=FAILURE
org.apache.hadoop.hdds.scm.container.common.helpers.ContainerNotOpenException: Container 1 in CLOSED state
	at org.apache.hadoop.ozone.container.common.impl.HddsDispatcher.validateContainerCommand(HddsDispatcher.java:408) ~[hadoop-hdds-container-service-0.4.1-SNAPSHOT.jar:?]
	at org.apache.hadoop.ozone.container.common.transport.server.ratis.ContainerStateMachine.startTransaction(ContainerStateMachine.java:288) ~[hadoop-hdds-container-service-0.4.1-SNAPSHOT.jar:?]
	at org.apache.ratis.server.impl.RaftServerImpl.submitClientRequestAsync(RaftServerImpl.java:566) ~[ratis-server-0.4.0-2337318-SNAPSHOT.jar:0.4.0-2337318-SNAPSHOT]
	at org.apache.ratis.server.impl.RaftServerProxy.lambda$submitClientRequestAsync$7(RaftServerProxy.java:333) ~[ratis-server-0.4.0-2337318-SNAPSHOT.jar:0.4.0-2337318-SNAPSHOT]
	at org.apache.ratis.server.impl.RaftServerProxy.lambda$null$5(RaftServerProxy.java:328) ~[ratis-server-0.4.0-2337318-SNAPSHOT.jar:0.4.0-2337318-SNAPSHOT]
	at org.apache.ratis.util.JavaUtils.callAsUnchecked(JavaUtils.java:109) ~[ratis-common-0.4.0-2337318-SNAPSHOT.jar:0.4.0-2337318-SNAPSHOT]
	at org.apache.ratis.server.impl.RaftServerProxy.lambda$submitRequest$6(RaftServerProxy.java:328) ~[ratis-server-0.4.0-2337318-SNAPSHOT.jar:0.4.0-2337318-SNAPSHOT]
	at java.util.concurrent.CompletableFuture.uniComposeStage(CompletableFuture.java:981) ~[?:1.8.0_212]
	at java.util.concurrent.CompletableFuture.thenCompose(CompletableFuture.java:2124) ~[?:1.8.0_212]
	at org.apache.ratis.server.impl.RaftServerProxy.submitRequest(RaftServerProxy.java:327) ~[ratis-server-0.4.0-2337318-SNAPSHOT.jar:0.4.0-2337318-SNAPSHOT]
	at org.apache.ratis.server.impl.RaftServerProxy.submitClientRequestAsync(RaftServerProxy.java:333) ~[ratis-server-0.4.0-2337318-SNAPSHOT.jar:0.4.0-2337318-SNAPSHOT]
	at org.apache.ratis.grpc.client.GrpcClientProtocolService$RequestStreamObserver.processClientRequest(GrpcClientProtocolService.java:220) ~[ratis-grpc-0.4.0-2337318-SNAPSHOT.jar:0.4.0-2337318-SNAPSHOT]
	at org.apache.ratis.grpc.client.GrpcClientProtocolService$OrderedRequestStreamObserver.processClientRequest(GrpcClientProtocolService.java:326) ~[ratis-grpc-0.4.0-2337318-SNAPSHOT.jar:0.4.0-2337318-SNAPSHOT]
	at org.apache.ratis.util.SlidingWindow$Server.processRequestsFromHead(SlidingWindow.java:429) [ratis-common-0.4.0-2337318-SNAPSHOT.jar:0.4.0-2337318-SNAPSHOT]
	at org.apache.ratis.util.SlidingWindow$Server.receivedRequest(SlidingWindow.java:421) [ratis-common-0.4.0-2337318-SNAPSHOT.jar:0.4.0-2337318-SNAPSHOT]
	at org.apache.ratis.grpc.client.GrpcClientProtocolService$OrderedRequestStreamObserver.processClientRequest(GrpcClientProtocolService.java:345) [ratis-grpc-0.4.0-2337318-SNAPSHOT.jar:0.4.0-2337318-SNAPSHOT]
	at org.apache.ratis.grpc.client.GrpcClientProtocolService$RequestStreamObserver.onNext(GrpcClientProtocolService.java:240) [ratis-grpc-0.4.0-2337318-SNAPSHOT.jar:0.4.0-2337318-SNAPSHOT]
	at org.apache.ratis.grpc.client.GrpcClientProtocolService$RequestStreamObserver.onNext(GrpcClientProtocolService.java:168) [ratis-grpc-0.4.0-2337318-SNAPSHOT.jar:0.4.0-2337318-SNAPSHOT]
	at org.apache.ratis.thirdparty.io.grpc.stub.ServerCalls$StreamingServerCallHandler$StreamingServerCallListener.onMessage(ServerCalls.java:248) [ratis-thirdparty-misc-0.2.0.jar:0.2.0]
	at org.apache.ratis.thirdparty.io.grpc.internal.ServerCallImpl$ServerStreamListenerImpl.messagesAvailable(ServerCallImpl.java:263) [ratis-thirdparty-misc-0.2.0.jar:0.2.0]
	at org.apache.ratis.thirdparty.io.grpc.internal.ServerImpl$JumpToApplicationThreadServerStreamListener$1MessagesAvailable.runInContext(ServerImpl.java:686) [ratis-thirdparty-misc-0.2.0.jar:0.2.0]
	at org.apache.ratis.thirdparty.io.grpc.internal.ContextRunnable.run(ContextRunnable.java:37) [ratis-thirdparty-misc-0.2.0.jar:0.2.0]
	at org.apache.ratis.thirdparty.io.grpc.internal.SerializingExecutor.run(SerializingExecutor.java:123) [ratis-thirdparty-misc-0.2.0.jar:0.2.0]
	at java.util.concurrent.ThreadPoolExecutor.runWorker(ThreadPoolExecutor.java:1149) [?:1.8.0_212]
	at java.util.concurrent.ThreadPoolExecutor$Worker.run(ThreadPoolExecutor.java:624) [?:1.8.0_212]
	at java.lang.Thread.run(Thread.java:748) [?:1.8.0_212]
2019-08-01 16:01:49,676 INFO  client.GrpcClientProtocolClient (GrpcClientProtocolClient.java:onNext(255)) - client-D60F33D93673->51e16db7-120d-4041-8ea6-11798f57aae7: receive RaftClientReply:client-D60F33D93673->51e16db7-120d-4041-8ea6-11798f57aae7@group-C688C70668CE, cid=24, FAILED org.apache.ratis.protocol.StateMachineException: org.apache.hadoop.hdds.scm.container.common.helpers.ContainerNotOpenException from Server 51e16db7-120d-4041-8ea6-11798f57aae7: Container 1 in CLOSED state, logIndex=0, commits[51e16db7-120d-4041-8ea6-11798f57aae7:c18, b9df5501-f8ee-4cab-81bf-02e0a64c19ea:c18, fb0aba0e-a91e-4296-a17c-becae501b8aa:c16]
2019-08-01 16:01:49,681 INFO  client.GrpcClientProtocolClient (GrpcClientProtocolClient.java:onNext(255)) - client-D60F33D93673->51e16db7-120d-4041-8ea6-11798f57aae7: receive RaftClientReply:client-D60F33D93673->51e16db7-120d-4041-8ea6-11798f57aae7@group-C688C70668CE, cid=25, FAILED org.apache.ratis.protocol.StateMachineException: org.apache.hadoop.hdds.scm.container.common.helpers.ContainerNotOpenException from Server 51e16db7-120d-4041-8ea6-11798f57aae7: Container 1 in CLOSED state, logIndex=0, commits[51e16db7-120d-4041-8ea6-11798f57aae7:c18, b9df5501-f8ee-4cab-81bf-02e0a64c19ea:c18, fb0aba0e-a91e-4296-a17c-becae501b8aa:c16]
16:01:49.681 [grpc-default-executor-1] ERROR DNAudit - user=null | ip=null | op=PUT_BLOCK {blockData=[blockId=conID: 1 locID: 102542559969673217 bcsId: 0,size=800]} | ret=FAILURE
org.apache.hadoop.hdds.scm.container.common.helpers.ContainerNotOpenException: Container 1 in CLOSED state
	at org.apache.hadoop.ozone.container.common.impl.HddsDispatcher.validateContainerCommand(HddsDispatcher.java:408) ~[hadoop-hdds-container-service-0.4.1-SNAPSHOT.jar:?]
	at org.apache.hadoop.ozone.container.common.transport.server.ratis.ContainerStateMachine.startTransaction(ContainerStateMachine.java:288) ~[hadoop-hdds-container-service-0.4.1-SNAPSHOT.jar:?]
	at org.apache.ratis.server.impl.RaftServerImpl.submitClientRequestAsync(RaftServerImpl.java:566) ~[ratis-server-0.4.0-2337318-SNAPSHOT.jar:0.4.0-2337318-SNAPSHOT]
	at org.apache.ratis.server.impl.RaftServerProxy.lambda$submitClientRequestAsync$7(RaftServerProxy.java:333) ~[ratis-server-0.4.0-2337318-SNAPSHOT.jar:0.4.0-2337318-SNAPSHOT]
	at org.apache.ratis.server.impl.RaftServerProxy.lambda$null$5(RaftServerProxy.java:328) ~[ratis-server-0.4.0-2337318-SNAPSHOT.jar:0.4.0-2337318-SNAPSHOT]
	at org.apache.ratis.util.JavaUtils.callAsUnchecked(JavaUtils.java:109) ~[ratis-common-0.4.0-2337318-SNAPSHOT.jar:0.4.0-2337318-SNAPSHOT]
	at org.apache.ratis.server.impl.RaftServerProxy.lambda$submitRequest$6(RaftServerProxy.java:328) ~[ratis-server-0.4.0-2337318-SNAPSHOT.jar:0.4.0-2337318-SNAPSHOT]
	at java.util.concurrent.CompletableFuture.uniComposeStage(CompletableFuture.java:981) ~[?:1.8.0_212]
	at java.util.concurrent.CompletableFuture.thenCompose(CompletableFuture.java:2124) ~[?:1.8.0_212]
	at org.apache.ratis.server.impl.RaftServerProxy.submitRequest(RaftServerProxy.java:327) ~[ratis-server-0.4.0-2337318-SNAPSHOT.jar:0.4.0-2337318-SNAPSHOT]
	at org.apache.ratis.server.impl.RaftServerProxy.submitClientRequestAsync(RaftServerProxy.java:333) ~[ratis-server-0.4.0-2337318-SNAPSHOT.jar:0.4.0-2337318-SNAPSHOT]
	at org.apache.ratis.grpc.client.GrpcClientProtocolService$RequestStreamObserver.processClientRequest(GrpcClientProtocolService.java:220) ~[ratis-grpc-0.4.0-2337318-SNAPSHOT.jar:0.4.0-2337318-SNAPSHOT]
	at org.apache.ratis.grpc.client.GrpcClientProtocolService$OrderedRequestStreamObserver.processClientRequest(GrpcClientProtocolService.java:326) ~[ratis-grpc-0.4.0-2337318-SNAPSHOT.jar:0.4.0-2337318-SNAPSHOT]
	at org.apache.ratis.util.SlidingWindow$Server.processRequestsFromHead(SlidingWindow.java:429) [ratis-common-0.4.0-2337318-SNAPSHOT.jar:0.4.0-2337318-SNAPSHOT]
	at org.apache.ratis.util.SlidingWindow$Server.receivedRequest(SlidingWindow.java:421) [ratis-common-0.4.0-2337318-SNAPSHOT.jar:0.4.0-2337318-SNAPSHOT]
	at org.apache.ratis.grpc.client.GrpcClientProtocolService$OrderedRequestStreamObserver.processClientRequest(GrpcClientProtocolService.java:345) [ratis-grpc-0.4.0-2337318-SNAPSHOT.jar:0.4.0-2337318-SNAPSHOT]
	at org.apache.ratis.grpc.client.GrpcClientProtocolService$RequestStreamObserver.onNext(GrpcClientProtocolService.java:240) [ratis-grpc-0.4.0-2337318-SNAPSHOT.jar:0.4.0-2337318-SNAPSHOT]
	at org.apache.ratis.grpc.client.GrpcClientProtocolService$RequestStreamObserver.onNext(GrpcClientProtocolService.java:168) [ratis-grpc-0.4.0-2337318-SNAPSHOT.jar:0.4.0-2337318-SNAPSHOT]
	at org.apache.ratis.thirdparty.io.grpc.stub.ServerCalls$StreamingServerCallHandler$StreamingServerCallListener.onMessage(ServerCalls.java:248) [ratis-thirdparty-misc-0.2.0.jar:0.2.0]
	at org.apache.ratis.thirdparty.io.grpc.internal.ServerCallImpl$ServerStreamListenerImpl.messagesAvailable(ServerCallImpl.java:263) [ratis-thirdparty-misc-0.2.0.jar:0.2.0]
	at org.apache.ratis.thirdparty.io.grpc.internal.ServerImpl$JumpToApplicationThreadServerStreamListener$1MessagesAvailable.runInContext(ServerImpl.java:686) [ratis-thirdparty-misc-0.2.0.jar:0.2.0]
	at org.apache.ratis.thirdparty.io.grpc.internal.ContextRunnable.run(ContextRunnable.java:37) [ratis-thirdparty-misc-0.2.0.jar:0.2.0]
	at org.apache.ratis.thirdparty.io.grpc.internal.SerializingExecutor.run(SerializingExecutor.java:123) [ratis-thirdparty-misc-0.2.0.jar:0.2.0]
	at java.util.concurrent.ThreadPoolExecutor.runWorker(ThreadPoolExecutor.java:1149) [?:1.8.0_212]
	at java.util.concurrent.ThreadPoolExecutor$Worker.run(ThreadPoolExecutor.java:624) [?:1.8.0_212]
	at java.lang.Thread.run(Thread.java:748) [?:1.8.0_212]
2019-08-01 16:01:49,686 INFO  client.GrpcClientProtocolClient (GrpcClientProtocolClient.java:onNext(255)) - client-D60F33D93673->51e16db7-120d-4041-8ea6-11798f57aae7: receive RaftClientReply:client-D60F33D93673->51e16db7-120d-4041-8ea6-11798f57aae7@group-C688C70668CE, cid=26, FAILED org.apache.ratis.protocol.StateMachineException: org.apache.hadoop.hdds.scm.container.common.helpers.ContainerNotOpenException from Server 51e16db7-120d-4041-8ea6-11798f57aae7: Container 1 in CLOSED state, logIndex=0, commits[51e16db7-120d-4041-8ea6-11798f57aae7:c18, b9df5501-f8ee-4cab-81bf-02e0a64c19ea:c18, fb0aba0e-a91e-4296-a17c-becae501b8aa:c16]
2019-08-01 16:01:49,688 INFO  client.GrpcClientProtocolClient (GrpcClientProtocolClient.java:onNext(255)) - client-D60F33D93673->51e16db7-120d-4041-8ea6-11798f57aae7: receive RaftClientReply:client-D60F33D93673->51e16db7-120d-4041-8ea6-11798f57aae7@group-C688C70668CE, cid=27, FAILED org.apache.ratis.protocol.StateMachineException: org.apache.hadoop.hdds.scm.container.common.helpers.ContainerNotOpenException from Server 51e16db7-120d-4041-8ea6-11798f57aae7: Container 1 in CLOSED state, logIndex=0, commits[51e16db7-120d-4041-8ea6-11798f57aae7:c18, b9df5501-f8ee-4cab-81bf-02e0a64c19ea:c18, fb0aba0e-a91e-4296-a17c-becae501b8aa:c16]
2019-08-01 16:01:49,754 INFO  client.GrpcClientProtocolClient (GrpcClientProtocolClient.java:onNext(255)) - client-D5537BF85A90->4cdbe0b8-b63a-44ae-919c-f6ed89689247: receive RaftClientReply:client-D5537BF85A90->4cdbe0b8-b63a-44ae-919c-f6ed89689247@group-521F1AEB57D6, cid=28, FAILED org.apache.ratis.protocol.NotLeaderException: Server 4cdbe0b8-b63a-44ae-919c-f6ed89689247 is not the leader (216876cf-e55b-4fac-b51d-f2ae95465479:192.168.157.209:42273). Request must be sent to leader., logIndex=0, commits[4cdbe0b8-b63a-44ae-919c-f6ed89689247:c0, 216876cf-e55b-4fac-b51d-f2ae95465479:c0, d8bd68e9-0ee0-49dd-b10b-94c77b5e9b31:c0]
2019-08-01 16:01:49,918 INFO  client.GrpcClientProtocolClient (GrpcClientProtocolClient.java:onNext(255)) - client-D5537BF85A90->216876cf-e55b-4fac-b51d-f2ae95465479: receive RaftClientReply:client-D5537BF85A90->216876cf-e55b-4fac-b51d-f2ae95465479@group-521F1AEB57D6, cid=28, SUCCESS, logIndex=1, commits[216876cf-e55b-4fac-b51d-f2ae95465479:c1, 4cdbe0b8-b63a-44ae-919c-f6ed89689247:c0, d8bd68e9-0ee0-49dd-b10b-94c77b5e9b31:c0]
2019-08-01 16:01:49,947 INFO  client.GrpcClientProtocolClient (GrpcClientProtocolClient.java:onNext(255)) - client-D5537BF85A90->216876cf-e55b-4fac-b51d-f2ae95465479: receive RaftClientReply:client-D5537BF85A90->216876cf-e55b-4fac-b51d-f2ae95465479@group-521F1AEB57D6, cid=29, SUCCESS, logIndex=3, commits[216876cf-e55b-4fac-b51d-f2ae95465479:c4, 4cdbe0b8-b63a-44ae-919c-f6ed89689247:c2, d8bd68e9-0ee0-49dd-b10b-94c77b5e9b31:c2]
2019-08-01 16:01:49,994 INFO  client.GrpcClientProtocolClient (GrpcClientProtocolClient.java:onNext(255)) - client-D5537BF85A90->216876cf-e55b-4fac-b51d-f2ae95465479: receive RaftClientReply:client-D5537BF85A90->216876cf-e55b-4fac-b51d-f2ae95465479@group-521F1AEB57D6, cid=30, SUCCESS, logIndex=4, commits[216876cf-e55b-4fac-b51d-f2ae95465479:c11, 4cdbe0b8-b63a-44ae-919c-f6ed89689247:c8, d8bd68e9-0ee0-49dd-b10b-94c77b5e9b31:c6]
2019-08-01 16:01:49,995 INFO  client.GrpcClientProtocolClient (GrpcClientProtocolClient.java:onNext(255)) - client-D5537BF85A90->216876cf-e55b-4fac-b51d-f2ae95465479: receive RaftClientReply:client-D5537BF85A90->216876cf-e55b-4fac-b51d-f2ae95465479@group-521F1AEB57D6, cid=31, SUCCESS, logIndex=5, commits[216876cf-e55b-4fac-b51d-f2ae95465479:c11, 4cdbe0b8-b63a-44ae-919c-f6ed89689247:c8, d8bd68e9-0ee0-49dd-b10b-94c77b5e9b31:c6]
2019-08-01 16:01:49,996 INFO  client.GrpcClientProtocolClient (GrpcClientProtocolClient.java:onNext(255)) - client-D5537BF85A90->216876cf-e55b-4fac-b51d-f2ae95465479: receive RaftClientReply:client-D5537BF85A90->216876cf-e55b-4fac-b51d-f2ae95465479@group-521F1AEB57D6, cid=32, SUCCESS, logIndex=6, commits[216876cf-e55b-4fac-b51d-f2ae95465479:c11, 4cdbe0b8-b63a-44ae-919c-f6ed89689247:c8, d8bd68e9-0ee0-49dd-b10b-94c77b5e9b31:c6]
2019-08-01 16:01:50,033 INFO  client.GrpcClientProtocolClient (GrpcClientProtocolClient.java:onNext(255)) - client-D5537BF85A90->216876cf-e55b-4fac-b51d-f2ae95465479: receive RaftClientReply:client-D5537BF85A90->216876cf-e55b-4fac-b51d-f2ae95465479@group-521F1AEB57D6, cid=33, SUCCESS, logIndex=7, commits[216876cf-e55b-4fac-b51d-f2ae95465479:c11, 4cdbe0b8-b63a-44ae-919c-f6ed89689247:c8, d8bd68e9-0ee0-49dd-b10b-94c77b5e9b31:c6]
2019-08-01 16:01:50,056 INFO  client.GrpcClientProtocolClient (GrpcClientProtocolClient.java:onNext(255)) - client-D5537BF85A90->216876cf-e55b-4fac-b51d-f2ae95465479: receive RaftClientReply:client-D5537BF85A90->216876cf-e55b-4fac-b51d-f2ae95465479@group-521F1AEB57D6, cid=34, SUCCESS, logIndex=12, commits[216876cf-e55b-4fac-b51d-f2ae95465479:c12, 4cdbe0b8-b63a-44ae-919c-f6ed89689247:c11, d8bd68e9-0ee0-49dd-b10b-94c77b5e9b31:c11]
2019-08-01 16:01:50,058 INFO  client.GrpcClientProtocolClient (GrpcClientProtocolClient.java:onNext(255)) - client-D5537BF85A90->216876cf-e55b-4fac-b51d-f2ae95465479: receive RaftClientReply:client-D5537BF85A90->216876cf-e55b-4fac-b51d-f2ae95465479@group-521F1AEB57D6, cid=35, SUCCESS, logIndex=13, commits[216876cf-e55b-4fac-b51d-f2ae95465479:c13, 4cdbe0b8-b63a-44ae-919c-f6ed89689247:c11, d8bd68e9-0ee0-49dd-b10b-94c77b5e9b31:c11]
2019-08-01 16:01:50,063 INFO  client.GrpcClientProtocolClient (GrpcClientProtocolClient.java:onNext(255)) - client-D5537BF85A90->216876cf-e55b-4fac-b51d-f2ae95465479: receive RaftClientReply:client-D5537BF85A90->216876cf-e55b-4fac-b51d-f2ae95465479@group-521F1AEB57D6, cid=36, SUCCESS, logIndex=0, commits[216876cf-e55b-4fac-b51d-f2ae95465479:c15, 4cdbe0b8-b63a-44ae-919c-f6ed89689247:c13, d8bd68e9-0ee0-49dd-b10b-94c77b5e9b31:c13]
2019-08-01 16:01:50,064 INFO  ozone.MiniOzoneClusterImpl (MiniOzoneClusterImpl.java:shutdown(321)) - Shutting down the Mini Ozone Cluster
2019-08-01 16:01:50,065 INFO  ozone.MiniOzoneClusterImpl (MiniOzoneClusterImpl.java:stop(336)) - Stopping the Mini Ozone Cluster
2019-08-01 16:01:50,065 INFO  ozone.MiniOzoneClusterImpl (MiniOzoneClusterImpl.java:stop(338)) - Stopping the OzoneManager
2019-08-01 16:01:50,065 INFO  ipc.Server (Server.java:stop(3082)) - Stopping server on 42841
2019-08-01 16:01:50,066 INFO  ipc.Server (Server.java:run(1185)) - Stopping IPC Server listener on 42841
2019-08-01 16:01:50,066 INFO  utils.BackgroundService (BackgroundService.java:shutdown(148)) - Shutting down service KeyDeletingService
2019-08-01 16:01:50,066 INFO  ipc.Server (Server.java:run(1319)) - Stopping IPC Server Responder
2019-08-01 16:01:50,068 INFO  handler.ContextHandler (ContextHandler.java:doStop(910)) - Stopped o.e.j.w.WebAppContext@4bdcaf36{/,null,UNAVAILABLE}{/ozoneManager}
2019-08-01 16:01:50,069 INFO  server.AbstractConnector (AbstractConnector.java:doStop(318)) - Stopped ServerConnector@61d01788{HTTP/1.1,[http/1.1]}{0.0.0.0:0}
2019-08-01 16:01:50,069 INFO  handler.ContextHandler (ContextHandler.java:doStop(910)) - Stopped o.e.j.s.ServletContextHandler@47c64cfe{/static,file:///workdir/hadoop-ozone/integration-test/target/test-classes/webapps/static,UNAVAILABLE}
2019-08-01 16:01:50,070 INFO  handler.ContextHandler (ContextHandler.java:doStop(910)) - Stopped o.e.j.s.ServletContextHandler@6d91790b{/logs,file:///workdir/hadoop-ozone/integration-test/target/log,UNAVAILABLE}
2019-08-01 16:01:50,073 INFO  ozone.MiniOzoneClusterImpl (MiniOzoneClusterImpl.java:stop(344)) - Shutting the HddsDatanodes
2019-08-01 16:01:50,074 INFO  datanode.ObjectStoreHandler (ObjectStoreHandler.java:close(155)) - Closing ObjectStoreHandler.
2019-08-01 16:01:50,074 INFO  datanode.ObjectStoreHandler (ObjectStoreHandler.java:close(155)) - Closing ObjectStoreHandler.
2019-08-01 16:01:50,076 INFO  ozone.HddsDatanodeService (HddsDatanodeService.java:stop(451)) - Stopped plug-in org.apache.hadoop.ozone.web.OzoneHddsDatanodeService@1c3b6963
2019-08-01 16:01:50,076 INFO  ozone.HddsDatanodeService (HddsDatanodeService.java:stop(451)) - Stopped plug-in org.apache.hadoop.ozone.web.OzoneHddsDatanodeService@6ee5f485
2019-08-01 16:01:50,129 INFO  statemachine.DatanodeStateMachine (DatanodeStateMachine.java:lambda$startDaemon$0(350)) - Ozone container server started.
2019-08-01 16:01:50,892 INFO  statemachine.DatanodeStateMachine (DatanodeStateMachine.java:lambda$startDaemon$0(350)) - Ozone container server started.
2019-08-01 16:01:51,100 WARN  server.GrpcLogAppender (LogUtils.java:warn(134)) - 51e16db7-120d-4041-8ea6-11798f57aae7->fb0aba0e-a91e-4296-a17c-becae501b8aa: Failed appendEntries: org.apache.ratis.thirdparty.io.grpc.StatusRuntimeException: UNAVAILABLE: io exception
2019-08-01 16:01:51,103 INFO  impl.FollowerInfo (FollowerInfo.java:lambda$new$0(50)) - 51e16db7-120d-4041-8ea6-11798f57aae7->fb0aba0e-a91e-4296-a17c-becae501b8aa: nextIndex: updateUnconditionally 15 -> 14
2019-08-01 16:01:51,107 WARN  server.GrpcLogAppender (LogUtils.java:warn(134)) - 51e16db7-120d-4041-8ea6-11798f57aae7->b9df5501-f8ee-4cab-81bf-02e0a64c19ea: Failed appendEntries: org.apache.ratis.thirdparty.io.grpc.StatusRuntimeException: UNAVAILABLE: io exception
2019-08-01 16:01:51,110 INFO  impl.FollowerInfo (FollowerInfo.java:lambda$new$0(50)) - 51e16db7-120d-4041-8ea6-11798f57aae7->b9df5501-f8ee-4cab-81bf-02e0a64c19ea: nextIndex: updateUnconditionally 18 -> 17
2019-08-01 16:01:53,604 WARN  server.GrpcLogAppender (LogUtils.java:warn(134)) - 51e16db7-120d-4041-8ea6-11798f57aae7->fb0aba0e-a91e-4296-a17c-becae501b8aa: Failed appendEntries: org.apache.ratis.thirdparty.io.grpc.StatusRuntimeException: UNAVAILABLE: io exception
2019-08-01 16:01:53,606 INFO  impl.FollowerInfo (FollowerInfo.java:lambda$new$0(50)) - 51e16db7-120d-4041-8ea6-11798f57aae7->fb0aba0e-a91e-4296-a17c-becae501b8aa: nextIndex: updateUnconditionally 14 -> 13
2019-08-01 16:01:53,610 WARN  server.GrpcLogAppender (LogUtils.java:warn(134)) - 51e16db7-120d-4041-8ea6-11798f57aae7->b9df5501-f8ee-4cab-81bf-02e0a64c19ea: Failed appendEntries: org.apache.ratis.thirdparty.io.grpc.StatusRuntimeException: UNAVAILABLE: io exception
2019-08-01 16:01:53,613 INFO  impl.FollowerInfo (FollowerInfo.java:lambda$new$0(50)) - 51e16db7-120d-4041-8ea6-11798f57aae7->b9df5501-f8ee-4cab-81bf-02e0a64c19ea: nextIndex: updateUnconditionally 17 -> 16
2019-08-01 16:01:54,139 INFO  node.StaleNodeHandler (StaleNodeHandler.java:onMessage(58)) - Datanode 51e16db7-120d-4041-8ea6-11798f57aae7{ip: 192.168.157.209, host: byscane-nightly-hwqnr-1260472869, networkLocation: /default-rack, certSerialId: null} moved to stale state. Finalizing its pipelines [PipelineID=9747b9f8-6eae-4dab-bbda-c688c70668ce, PipelineID=ffefd377-8b69-4a51-ba44-294bb5883cd1]
2019-08-01 16:01:54,139 INFO  pipeline.SCMPipelineManager (SCMPipelineManager.java:finalizeAndDestroyPipeline(309)) - destroying pipeline:Pipeline[ Id: 9747b9f8-6eae-4dab-bbda-c688c70668ce, Nodes: fb0aba0e-a91e-4296-a17c-becae501b8aa{ip: 192.168.157.209, host: byscane-nightly-hwqnr-1260472869, networkLocation: /default-rack, certSerialId: null}b9df5501-f8ee-4cab-81bf-02e0a64c19ea{ip: 192.168.157.209, host: byscane-nightly-hwqnr-1260472869, networkLocation: /default-rack, certSerialId: null}51e16db7-120d-4041-8ea6-11798f57aae7{ip: 192.168.157.209, host: byscane-nightly-hwqnr-1260472869, networkLocation: /default-rack, certSerialId: null}, Type:RATIS, Factor:THREE, State:CLOSED]
2019-08-01 16:01:54,139 INFO  pipeline.SCMPipelineManager (SCMPipelineManager.java:finalizeAndDestroyPipeline(309)) - destroying pipeline:Pipeline[ Id: ffefd377-8b69-4a51-ba44-294bb5883cd1, Nodes: 51e16db7-120d-4041-8ea6-11798f57aae7{ip: 192.168.157.209, host: byscane-nightly-hwqnr-1260472869, networkLocation: /default-rack, certSerialId: null}, Type:RATIS, Factor:ONE, State:OPEN]
2019-08-01 16:01:54,140 INFO  pipeline.PipelineStateManager (PipelineStateManager.java:finalizePipeline(123)) - Pipeline Pipeline[ Id: ffefd377-8b69-4a51-ba44-294bb5883cd1, Nodes: 51e16db7-120d-4041-8ea6-11798f57aae7{ip: 192.168.157.209, host: byscane-nightly-hwqnr-1260472869, networkLocation: /default-rack, certSerialId: null}, Type:RATIS, Factor:ONE, State:CLOSED] moved to CLOSED state
2019-08-01 16:01:54,940 INFO  node.StaleNodeHandler (StaleNodeHandler.java:onMessage(58)) - Datanode d8bd68e9-0ee0-49dd-b10b-94c77b5e9b31{ip: 192.168.157.209, host: byscane-nightly-hwqnr-1260472869, networkLocation: /default-rack, certSerialId: null} moved to stale state. Finalizing its pipelines [PipelineID=6f58dc4f-9d8d-4584-b298-8424fadd4c58, PipelineID=a5f57c60-5738-4607-81c4-521f1aeb57d6]
2019-08-01 16:01:54,940 INFO  pipeline.SCMPipelineManager (SCMPipelineManager.java:finalizeAndDestroyPipeline(309)) - destroying pipeline:Pipeline[ Id: 6f58dc4f-9d8d-4584-b298-8424fadd4c58, Nodes: d8bd68e9-0ee0-49dd-b10b-94c77b5e9b31{ip: 192.168.157.209, host: byscane-nightly-hwqnr-1260472869, networkLocation: /default-rack, certSerialId: null}, Type:RATIS, Factor:ONE, State:OPEN]
2019-08-01 16:01:54,941 INFO  pipeline.PipelineStateManager (PipelineStateManager.java:finalizePipeline(123)) - Pipeline Pipeline[ Id: 6f58dc4f-9d8d-4584-b298-8424fadd4c58, Nodes: d8bd68e9-0ee0-49dd-b10b-94c77b5e9b31{ip: 192.168.157.209, host: byscane-nightly-hwqnr-1260472869, networkLocation: /default-rack, certSerialId: null}, Type:RATIS, Factor:ONE, State:CLOSED] moved to CLOSED state
2019-08-01 16:01:54,941 INFO  pipeline.SCMPipelineManager (SCMPipelineManager.java:finalizeAndDestroyPipeline(309)) - destroying pipeline:Pipeline[ Id: a5f57c60-5738-4607-81c4-521f1aeb57d6, Nodes: 4cdbe0b8-b63a-44ae-919c-f6ed89689247{ip: 192.168.157.209, host: byscane-nightly-hwqnr-1260472869, networkLocation: /default-rack, certSerialId: null}d8bd68e9-0ee0-49dd-b10b-94c77b5e9b31{ip: 192.168.157.209, host: byscane-nightly-hwqnr-1260472869, networkLocation: /default-rack, certSerialId: null}216876cf-e55b-4fac-b51d-f2ae95465479{ip: 192.168.157.209, host: byscane-nightly-hwqnr-1260472869, networkLocation: /default-rack, certSerialId: null}, Type:RATIS, Factor:THREE, State:OPEN]
2019-08-01 16:01:54,941 INFO  pipeline.PipelineStateManager (PipelineStateManager.java:finalizePipeline(123)) - Pipeline Pipeline[ Id: a5f57c60-5738-4607-81c4-521f1aeb57d6, Nodes: 4cdbe0b8-b63a-44ae-919c-f6ed89689247{ip: 192.168.157.209, host: byscane-nightly-hwqnr-1260472869, networkLocation: /default-rack, certSerialId: null}d8bd68e9-0ee0-49dd-b10b-94c77b5e9b31{ip: 192.168.157.209, host: byscane-nightly-hwqnr-1260472869, networkLocation: /default-rack, certSerialId: null}216876cf-e55b-4fac-b51d-f2ae95465479{ip: 192.168.157.209, host: byscane-nightly-hwqnr-1260472869, networkLocation: /default-rack, certSerialId: null}, Type:RATIS, Factor:THREE, State:CLOSED] moved to CLOSED state
2019-08-01 16:01:54,942 INFO  container.CloseContainerEventHandler (CloseContainerEventHandler.java:onMessage(61)) - Close container Event triggered for container : #2
2019-08-01 16:01:55,077 INFO  ozoneimpl.OzoneContainer (OzoneContainer.java:stop(199)) - Attempting to stop container services.
2019-08-01 16:01:55,077 INFO  ozoneimpl.OzoneContainer (OzoneContainer.java:stop(199)) - Attempting to stop container services.
2019-08-01 16:01:55,086 INFO  impl.RaftServerProxy (RaftServerProxy.java:lambda$close$4(314)) - 51e16db7-120d-4041-8ea6-11798f57aae7: close
2019-08-01 16:01:55,086 INFO  impl.RaftServerProxy (RaftServerProxy.java:lambda$close$4(314)) - d8bd68e9-0ee0-49dd-b10b-94c77b5e9b31: close
2019-08-01 16:01:55,086 INFO  impl.RaftServerImpl (RaftServerImpl.java:lambda$shutdown$3(245)) - 51e16db7-120d-4041-8ea6-11798f57aae7: shutdown group-C688C70668CE
2019-08-01 16:01:55,086 INFO  impl.RaftServerImpl (RaftServerImpl.java:lambda$shutdown$3(245)) - d8bd68e9-0ee0-49dd-b10b-94c77b5e9b31: shutdown group-8424FADD4C58
2019-08-01 16:01:55,087 INFO  util.JmxRegister (JmxRegister.java:unregister(73)) - Successfully un-registered JMX Bean with object name Ratis:service=RaftServer,group=group-C688C70668CE,id=51e16db7-120d-4041-8ea6-11798f57aae7
2019-08-01 16:01:55,087 INFO  util.JmxRegister (JmxRegister.java:unregister(73)) - Successfully un-registered JMX Bean with object name Ratis:service=RaftServer,group=group-8424FADD4C58,id=d8bd68e9-0ee0-49dd-b10b-94c77b5e9b31
2019-08-01 16:01:55,088 INFO  impl.RoleInfo (RoleInfo.java:shutdownLeaderState(104)) - 51e16db7-120d-4041-8ea6-11798f57aae7: shutdown LeaderState
2019-08-01 16:01:55,088 INFO  impl.RoleInfo (RoleInfo.java:shutdownLeaderState(104)) - d8bd68e9-0ee0-49dd-b10b-94c77b5e9b31: shutdown LeaderState
2019-08-01 16:01:55,092 INFO  impl.PendingRequests (PendingRequests.java:sendNotLeaderResponses(202)) - 51e16db7-120d-4041-8ea6-11798f57aae7-PendingRequests: sendNotLeaderResponses
2019-08-01 16:01:55,093 INFO  impl.PendingRequests (PendingRequests.java:sendNotLeaderResponses(202)) - d8bd68e9-0ee0-49dd-b10b-94c77b5e9b31-PendingRequests: sendNotLeaderResponses
2019-08-01 16:01:55,093 WARN  server.GrpcLogAppender (GrpcLogAppender.java:mayWait(143)) - GrpcLogAppender(51e16db7-120d-4041-8ea6-11798f57aae7->b9df5501-f8ee-4cab-81bf-02e0a64c19ea): Wait interrupted by java.lang.InterruptedException
2019-08-01 16:01:55,093 WARN  server.GrpcLogAppender (GrpcLogAppender.java:mayWait(143)) - GrpcLogAppender(51e16db7-120d-4041-8ea6-11798f57aae7->fb0aba0e-a91e-4296-a17c-becae501b8aa): Wait interrupted by java.lang.InterruptedException
2019-08-01 16:01:55,094 INFO  impl.StateMachineUpdater (StateMachineUpdater.java:stopAndJoin(115)) - StateMachineUpdater:d8bd68e9-0ee0-49dd-b10b-94c77b5e9b31:group-8424FADD4C58: set stopIndex = 0
2019-08-01 16:01:55,095 INFO  impl.RaftServerImpl (ServerState.java:close(394)) - d8bd68e9-0ee0-49dd-b10b-94c77b5e9b31:group-8424FADD4C58 closes. The last applied log index is 0
2019-08-01 16:01:55,096 INFO  segmented.SegmentedRaftLogWorker (SegmentedRaftLogWorker.java:run(313)) - d8bd68e9-0ee0-49dd-b10b-94c77b5e9b31-SegmentedRaftLogWorker:Storage Directory /workdir/hadoop-ozone/integration-test/target/test-dir/MiniOzoneClusterImpl-485285ec-3b22-4c85-939e-23df22a82835/datanode-1/data/ratis/6f58dc4f-9d8d-4584-b298-8424fadd4c58 was interrupted, exiting. There are 0 tasks remaining in the queue.
2019-08-01 16:01:55,102 INFO  impl.StateMachineUpdater (StateMachineUpdater.java:stopAndJoin(115)) - StateMachineUpdater:51e16db7-120d-4041-8ea6-11798f57aae7:group-C688C70668CE: set stopIndex = 18
2019-08-01 16:01:55,102 INFO  ratis.ContainerStateMachine (ContainerStateMachine.java:takeSnapshot(262)) - group-C688C70668CE: Taking a snapshot at:(t:1, i:18) file /workdir/hadoop-ozone/integration-test/target/test-dir/MiniOzoneClusterImpl-485285ec-3b22-4c85-939e-23df22a82835/datanode-4/data/ratis/9747b9f8-6eae-4dab-bbda-c688c70668ce/sm/snapshot.1_18
2019-08-01 16:01:55,108 INFO  segmented.SegmentedRaftLogWorker (SegmentedRaftLogWorker.java:close(228)) - d8bd68e9-0ee0-49dd-b10b-94c77b5e9b31-SegmentedRaftLogWorker:Storage Directory /workdir/hadoop-ozone/integration-test/target/test-dir/MiniOzoneClusterImpl-485285ec-3b22-4c85-939e-23df22a82835/datanode-1/data/ratis/6f58dc4f-9d8d-4584-b298-8424fadd4c58 close()
2019-08-01 16:01:55,111 INFO  ratis.ContainerStateMachine (ContainerStateMachine.java:takeSnapshot(273)) - group-C688C70668CE: Finished taking a snapshot at:(t:1, i:18) file:/workdir/hadoop-ozone/integration-test/target/test-dir/MiniOzoneClusterImpl-485285ec-3b22-4c85-939e-23df22a82835/datanode-4/data/ratis/9747b9f8-6eae-4dab-bbda-c688c70668ce/sm/snapshot.1_18 time:10
2019-08-01 16:01:55,111 INFO  impl.RaftServerImpl (RaftServerImpl.java:lambda$shutdown$3(245)) - d8bd68e9-0ee0-49dd-b10b-94c77b5e9b31: shutdown group-521F1AEB57D6
2019-08-01 16:01:55,112 INFO  impl.StateMachineUpdater (StateMachineUpdater.java:takeSnapshot(242)) - StateMachineUpdater:51e16db7-120d-4041-8ea6-11798f57aae7:group-C688C70668CE: Took a snapshot at index 18
2019-08-01 16:01:55,112 INFO  util.JmxRegister (JmxRegister.java:unregister(73)) - Successfully un-registered JMX Bean with object name Ratis:service=RaftServer,group=group-521F1AEB57D6,id=d8bd68e9-0ee0-49dd-b10b-94c77b5e9b31
2019-08-01 16:01:55,112 INFO  impl.StateMachineUpdater (StateMachineUpdater.java:lambda$new$0(80)) - StateMachineUpdater:51e16db7-120d-4041-8ea6-11798f57aae7:group-C688C70668CE: snapshotIndex: updateIncreasingly -1 -> 18
2019-08-01 16:01:55,112 INFO  impl.RoleInfo (RoleInfo.java:shutdownFollowerState(121)) - d8bd68e9-0ee0-49dd-b10b-94c77b5e9b31: shutdown FollowerState
2019-08-01 16:01:55,113 INFO  impl.StateMachineUpdater (StateMachineUpdater.java:stopAndJoin(115)) - StateMachineUpdater:d8bd68e9-0ee0-49dd-b10b-94c77b5e9b31:group-521F1AEB57D6: set stopIndex = 15
2019-08-01 16:01:55,113 INFO  impl.FollowerState (FollowerState.java:run(114)) - d8bd68e9-0ee0-49dd-b10b-94c77b5e9b31: FollowerState was interrupted: java.lang.InterruptedException: sleep interrupted
2019-08-01 16:01:55,113 INFO  ratis.ContainerStateMachine (ContainerStateMachine.java:takeSnapshot(262)) - group-521F1AEB57D6: Taking a snapshot at:(t:1, i:13) file /workdir/hadoop-ozone/integration-test/target/test-dir/MiniOzoneClusterImpl-485285ec-3b22-4c85-939e-23df22a82835/datanode-1/data/ratis/a5f57c60-5738-4607-81c4-521f1aeb57d6/sm/snapshot.1_13
2019-08-01 16:01:55,113 INFO  impl.RaftServerImpl (ServerState.java:close(394)) - 51e16db7-120d-4041-8ea6-11798f57aae7:group-C688C70668CE closes. The last applied log index is 18
2019-08-01 16:01:55,116 INFO  segmented.SegmentedRaftLogWorker (SegmentedRaftLogWorker.java:run(313)) - 51e16db7-120d-4041-8ea6-11798f57aae7-SegmentedRaftLogWorker:Storage Directory /workdir/hadoop-ozone/integration-test/target/test-dir/MiniOzoneClusterImpl-485285ec-3b22-4c85-939e-23df22a82835/datanode-4/data/ratis/9747b9f8-6eae-4dab-bbda-c688c70668ce was interrupted, exiting. There are 0 tasks remaining in the queue.
2019-08-01 16:01:55,117 INFO  segmented.SegmentedRaftLogWorker (SegmentedRaftLogWorker.java:close(228)) - 51e16db7-120d-4041-8ea6-11798f57aae7-SegmentedRaftLogWorker:Storage Directory /workdir/hadoop-ozone/integration-test/target/test-dir/MiniOzoneClusterImpl-485285ec-3b22-4c85-939e-23df22a82835/datanode-4/data/ratis/9747b9f8-6eae-4dab-bbda-c688c70668ce close()
2019-08-01 16:01:55,121 INFO  impl.RaftServerImpl (RaftServerImpl.java:lambda$shutdown$3(245)) - 51e16db7-120d-4041-8ea6-11798f57aae7: shutdown group-294BB5883CD1
2019-08-01 16:01:55,121 INFO  util.JmxRegister (JmxRegister.java:unregister(73)) - Successfully un-registered JMX Bean with object name Ratis:service=RaftServer,group=group-294BB5883CD1,id=51e16db7-120d-4041-8ea6-11798f57aae7
2019-08-01 16:01:55,122 INFO  impl.RoleInfo (RoleInfo.java:shutdownLeaderState(104)) - 51e16db7-120d-4041-8ea6-11798f57aae7: shutdown LeaderState
2019-08-01 16:01:55,122 INFO  impl.PendingRequests (PendingRequests.java:sendNotLeaderResponses(202)) - 51e16db7-120d-4041-8ea6-11798f57aae7-PendingRequests: sendNotLeaderResponses
2019-08-01 16:01:55,123 INFO  impl.StateMachineUpdater (StateMachineUpdater.java:stopAndJoin(115)) - StateMachineUpdater:51e16db7-120d-4041-8ea6-11798f57aae7:group-294BB5883CD1: set stopIndex = 0
2019-08-01 16:01:55,123 INFO  impl.RaftServerImpl (ServerState.java:close(394)) - 51e16db7-120d-4041-8ea6-11798f57aae7:group-294BB5883CD1 closes. The last applied log index is 0
2019-08-01 16:01:55,124 INFO  segmented.SegmentedRaftLogWorker (SegmentedRaftLogWorker.java:run(313)) - 51e16db7-120d-4041-8ea6-11798f57aae7-SegmentedRaftLogWorker:Storage Directory /workdir/hadoop-ozone/integration-test/target/test-dir/MiniOzoneClusterImpl-485285ec-3b22-4c85-939e-23df22a82835/datanode-4/data/ratis/ffefd377-8b69-4a51-ba44-294bb5883cd1 was interrupted, exiting. There are 0 tasks remaining in the queue.
2019-08-01 16:01:55,126 INFO  segmented.SegmentedRaftLogWorker (SegmentedRaftLogWorker.java:close(228)) - 51e16db7-120d-4041-8ea6-11798f57aae7-SegmentedRaftLogWorker:Storage Directory /workdir/hadoop-ozone/integration-test/target/test-dir/MiniOzoneClusterImpl-485285ec-3b22-4c85-939e-23df22a82835/datanode-4/data/ratis/ffefd377-8b69-4a51-ba44-294bb5883cd1 close()
2019-08-01 16:01:55,130 INFO  ratis.ContainerStateMachine (ContainerStateMachine.java:takeSnapshot(273)) - group-521F1AEB57D6: Finished taking a snapshot at:(t:1, i:13) file:/workdir/hadoop-ozone/integration-test/target/test-dir/MiniOzoneClusterImpl-485285ec-3b22-4c85-939e-23df22a82835/datanode-1/data/ratis/a5f57c60-5738-4607-81c4-521f1aeb57d6/sm/snapshot.1_13 time:16
2019-08-01 16:01:55,130 INFO  server.GrpcService (GrpcService.java:closeImpl(155)) - 51e16db7-120d-4041-8ea6-11798f57aae7: shutdown server with port 40993 now
2019-08-01 16:01:55,130 INFO  impl.StateMachineUpdater (StateMachineUpdater.java:takeSnapshot(242)) - StateMachineUpdater:d8bd68e9-0ee0-49dd-b10b-94c77b5e9b31:group-521F1AEB57D6: Took a snapshot at index 13
2019-08-01 16:01:55,130 INFO  impl.StateMachineUpdater (StateMachineUpdater.java:lambda$new$0(80)) - StateMachineUpdater:d8bd68e9-0ee0-49dd-b10b-94c77b5e9b31:group-521F1AEB57D6: snapshotIndex: updateIncreasingly -1 -> 13
2019-08-01 16:01:55,131 INFO  impl.RaftServerImpl (ServerState.java:close(394)) - d8bd68e9-0ee0-49dd-b10b-94c77b5e9b31:group-521F1AEB57D6 closes. The last applied log index is 15
2019-08-01 16:01:55,133 INFO  segmented.SegmentedRaftLogWorker (SegmentedRaftLogWorker.java:run(313)) - d8bd68e9-0ee0-49dd-b10b-94c77b5e9b31-SegmentedRaftLogWorker:Storage Directory /workdir/hadoop-ozone/integration-test/target/test-dir/MiniOzoneClusterImpl-485285ec-3b22-4c85-939e-23df22a82835/datanode-1/data/ratis/a5f57c60-5738-4607-81c4-521f1aeb57d6 was interrupted, exiting. There are 0 tasks remaining in the queue.
2019-08-01 16:01:55,133 INFO  server.GrpcService (GrpcService.java:closeImpl(163)) - 51e16db7-120d-4041-8ea6-11798f57aae7: shutdown server with port 40993 successfully
2019-08-01 16:01:55,135 WARN  client.GrpcClientProtocolService (LogUtils.java:warn(134)) - 3-UnorderedRequestStreamObserver3: onError: org.apache.ratis.thirdparty.io.grpc.StatusRuntimeException: CANCELLED: cancelled before receiving half close
2019-08-01 16:01:55,135 INFO  segmented.SegmentedRaftLogWorker (SegmentedRaftLogWorker.java:close(228)) - d8bd68e9-0ee0-49dd-b10b-94c77b5e9b31-SegmentedRaftLogWorker:Storage Directory /workdir/hadoop-ozone/integration-test/target/test-dir/MiniOzoneClusterImpl-485285ec-3b22-4c85-939e-23df22a82835/datanode-1/data/ratis/a5f57c60-5738-4607-81c4-521f1aeb57d6 close()
2019-08-01 16:01:55,141 INFO  server.GrpcService (GrpcService.java:closeImpl(155)) - d8bd68e9-0ee0-49dd-b10b-94c77b5e9b31: shutdown server with port 45800 now
2019-08-01 16:01:55,146 INFO  utils.BackgroundService (BackgroundService.java:shutdown(148)) - Shutting down service BlockDeletingService
2019-08-01 16:01:55,148 WARN  server.GrpcServerProtocolService (LogUtils.java:warn(134)) - d8bd68e9-0ee0-49dd-b10b-94c77b5e9b31: appendEntries onError: org.apache.ratis.thirdparty.io.grpc.StatusRuntimeException: CANCELLED: cancelled before receiving half close
2019-08-01 16:01:55,150 INFO  server.GrpcService (GrpcService.java:closeImpl(163)) - d8bd68e9-0ee0-49dd-b10b-94c77b5e9b31: shutdown server with port 45800 successfully
2019-08-01 16:01:55,150 WARN  server.GrpcLogAppender (LogUtils.java:warn(134)) - 216876cf-e55b-4fac-b51d-f2ae95465479->d8bd68e9-0ee0-49dd-b10b-94c77b5e9b31: Failed appendEntries: org.apache.ratis.thirdparty.io.grpc.StatusRuntimeException: CANCELLED: HTTP/2 error code: CANCEL
Received Rst Stream
2019-08-01 16:01:55,154 WARN  fs.CachingGetSpaceUsed (CachingGetSpaceUsed.java:run(183)) - Thread Interrupted waiting to refresh disk information: sleep interrupted
2019-08-01 16:01:55,157 INFO  impl.FollowerInfo (FollowerInfo.java:lambda$new$0(50)) - 216876cf-e55b-4fac-b51d-f2ae95465479->d8bd68e9-0ee0-49dd-b10b-94c77b5e9b31: nextIndex: updateUnconditionally 16 -> 15
2019-08-01 16:01:55,157 INFO  utils.BackgroundService (BackgroundService.java:shutdown(148)) - Shutting down service BlockDeletingService
2019-08-01 16:01:55,159 WARN  fs.CachingGetSpaceUsed (CachingGetSpaceUsed.java:run(183)) - Thread Interrupted waiting to refresh disk information: sleep interrupted
2019-08-01 16:01:55,182 INFO  statemachine.DatanodeStateMachine (DatanodeStateMachine.java:stopDaemon(395)) - Ozone container server stopped.
2019-08-01 16:01:55,184 INFO  handler.ContextHandler (ContextHandler.java:doStop(910)) - Stopped o.e.j.w.WebAppContext@251c90f{/,null,UNAVAILABLE}{/hddsDatanode}
2019-08-01 16:01:55,187 INFO  statemachine.DatanodeStateMachine (DatanodeStateMachine.java:stopDaemon(395)) - Ozone container server stopped.
2019-08-01 16:01:55,191 INFO  server.AbstractConnector (AbstractConnector.java:doStop(318)) - Stopped ServerConnector@6629643d{HTTP/1.1,[http/1.1]}{0.0.0.0:0}
2019-08-01 16:01:55,193 INFO  handler.ContextHandler (ContextHandler.java:doStop(910)) - Stopped o.e.j.w.WebAppContext@9b47400{/,null,UNAVAILABLE}{/hddsDatanode}
2019-08-01 16:01:55,193 INFO  handler.ContextHandler (ContextHandler.java:doStop(910)) - Stopped o.e.j.s.ServletContextHandler@46f73ffa{/static,jar:file:/home/user/.m2/repository/org/apache/hadoop/hadoop-hdds-container-service/0.4.1-SNAPSHOT/hadoop-hdds-container-service-0.4.1-SNAPSHOT.jar!/webapps/static,UNAVAILABLE}
2019-08-01 16:01:55,194 INFO  server.AbstractConnector (AbstractConnector.java:doStop(318)) - Stopped ServerConnector@747835f5{HTTP/1.1,[http/1.1]}{0.0.0.0:0}
2019-08-01 16:01:55,194 INFO  handler.ContextHandler (ContextHandler.java:doStop(910)) - Stopped o.e.j.s.ServletContextHandler@42c12b3e{/logs,file:///workdir/hadoop-ozone/integration-test/target/log,UNAVAILABLE}
2019-08-01 16:01:55,195 INFO  handler.ContextHandler (ContextHandler.java:doStop(910)) - Stopped o.e.j.s.ServletContextHandler@39b626e5{/static,jar:file:/home/user/.m2/repository/org/apache/hadoop/hadoop-hdds-container-service/0.4.1-SNAPSHOT/hadoop-hdds-container-service-0.4.1-SNAPSHOT.jar!/webapps/static,UNAVAILABLE}
2019-08-01 16:01:55,197 INFO  handler.ContextHandler (ContextHandler.java:doStop(910)) - Stopped o.e.j.s.ServletContextHandler@2d7637e6{/logs,file:///workdir/hadoop-ozone/integration-test/target/log,UNAVAILABLE}
2019-08-01 16:01:55,198 INFO  datanode.ObjectStoreHandler (ObjectStoreHandler.java:close(155)) - Closing ObjectStoreHandler.
2019-08-01 16:01:55,199 INFO  ozone.HddsDatanodeService (HddsDatanodeService.java:stop(451)) - Stopped plug-in org.apache.hadoop.ozone.web.OzoneHddsDatanodeService@285a4fe3
2019-08-01 16:01:55,199 INFO  datanode.ObjectStoreHandler (ObjectStoreHandler.java:close(155)) - Closing ObjectStoreHandler.
2019-08-01 16:01:55,200 INFO  ozone.HddsDatanodeService (HddsDatanodeService.java:stop(451)) - Stopped plug-in org.apache.hadoop.ozone.web.OzoneHddsDatanodeService@385dfb63
2019-08-01 16:01:55,893 INFO  statemachine.DatanodeStateMachine (DatanodeStateMachine.java:lambda$startDaemon$0(350)) - Ozone container server started.
2019-08-01 16:01:55,893 INFO  statemachine.DatanodeStateMachine (DatanodeStateMachine.java:lambda$startDaemon$0(350)) - Ozone container server started.
2019-08-01 16:01:57,576 WARN  server.GrpcLogAppender (LogUtils.java:warn(134)) - 216876cf-e55b-4fac-b51d-f2ae95465479->d8bd68e9-0ee0-49dd-b10b-94c77b5e9b31: Failed appendEntries: org.apache.ratis.thirdparty.io.grpc.StatusRuntimeException: UNAVAILABLE: io exception
2019-08-01 16:01:57,579 INFO  impl.FollowerInfo (FollowerInfo.java:lambda$new$0(50)) - 216876cf-e55b-4fac-b51d-f2ae95465479->d8bd68e9-0ee0-49dd-b10b-94c77b5e9b31: nextIndex: updateUnconditionally 15 -> 14
2019-08-01 16:01:59,949 INFO  node.StaleNodeHandler (StaleNodeHandler.java:onMessage(58)) - Datanode 4cdbe0b8-b63a-44ae-919c-f6ed89689247{ip: 192.168.157.209, host: byscane-nightly-hwqnr-1260472869, networkLocation: /default-rack, certSerialId: null} moved to stale state. Finalizing its pipelines [PipelineID=d1b0858f-8540-45ed-9b43-ae1eb7404b5f, PipelineID=a5f57c60-5738-4607-81c4-521f1aeb57d6]
2019-08-01 16:01:59,950 INFO  pipeline.SCMPipelineManager (SCMPipelineManager.java:finalizeAndDestroyPipeline(309)) - destroying pipeline:Pipeline[ Id: d1b0858f-8540-45ed-9b43-ae1eb7404b5f, Nodes: 4cdbe0b8-b63a-44ae-919c-f6ed89689247{ip: 192.168.157.209, host: byscane-nightly-hwqnr-1260472869, networkLocation: /default-rack, certSerialId: null}, Type:RATIS, Factor:ONE, State:OPEN]
2019-08-01 16:01:59,950 INFO  pipeline.PipelineStateManager (PipelineStateManager.java:finalizePipeline(123)) - Pipeline Pipeline[ Id: d1b0858f-8540-45ed-9b43-ae1eb7404b5f, Nodes: 4cdbe0b8-b63a-44ae-919c-f6ed89689247{ip: 192.168.157.209, host: byscane-nightly-hwqnr-1260472869, networkLocation: /default-rack, certSerialId: null}, Type:RATIS, Factor:ONE, State:CLOSED] moved to CLOSED state
2019-08-01 16:01:59,951 INFO  pipeline.SCMPipelineManager (SCMPipelineManager.java:finalizeAndDestroyPipeline(309)) - destroying pipeline:Pipeline[ Id: a5f57c60-5738-4607-81c4-521f1aeb57d6, Nodes: 4cdbe0b8-b63a-44ae-919c-f6ed89689247{ip: 192.168.157.209, host: byscane-nightly-hwqnr-1260472869, networkLocation: /default-rack, certSerialId: null}d8bd68e9-0ee0-49dd-b10b-94c77b5e9b31{ip: 192.168.157.209, host: byscane-nightly-hwqnr-1260472869, networkLocation: /default-rack, certSerialId: null}216876cf-e55b-4fac-b51d-f2ae95465479{ip: 192.168.157.209, host: byscane-nightly-hwqnr-1260472869, networkLocation: /default-rack, certSerialId: null}, Type:RATIS, Factor:THREE, State:CLOSED]
2019-08-01 16:01:59,951 INFO  node.StaleNodeHandler (StaleNodeHandler.java:onMessage(58)) - Datanode 216876cf-e55b-4fac-b51d-f2ae95465479{ip: 192.168.157.209, host: byscane-nightly-hwqnr-1260472869, networkLocation: /default-rack, certSerialId: null} moved to stale state. Finalizing its pipelines [PipelineID=ae2ca73e-2240-4ee4-b645-2a6011bfb4d0, PipelineID=a5f57c60-5738-4607-81c4-521f1aeb57d6]
2019-08-01 16:01:59,951 INFO  pipeline.SCMPipelineManager (SCMPipelineManager.java:finalizeAndDestroyPipeline(309)) - destroying pipeline:Pipeline[ Id: ae2ca73e-2240-4ee4-b645-2a6011bfb4d0, Nodes: 216876cf-e55b-4fac-b51d-f2ae95465479{ip: 192.168.157.209, host: byscane-nightly-hwqnr-1260472869, networkLocation: /default-rack, certSerialId: null}, Type:RATIS, Factor:ONE, State:OPEN]
2019-08-01 16:01:59,951 INFO  pipeline.PipelineStateManager (PipelineStateManager.java:finalizePipeline(123)) - Pipeline Pipeline[ Id: ae2ca73e-2240-4ee4-b645-2a6011bfb4d0, Nodes: 216876cf-e55b-4fac-b51d-f2ae95465479{ip: 192.168.157.209, host: byscane-nightly-hwqnr-1260472869, networkLocation: /default-rack, certSerialId: null}, Type:RATIS, Factor:ONE, State:CLOSED] moved to CLOSED state
2019-08-01 16:01:59,951 INFO  pipeline.SCMPipelineManager (SCMPipelineManager.java:finalizeAndDestroyPipeline(309)) - destroying pipeline:Pipeline[ Id: a5f57c60-5738-4607-81c4-521f1aeb57d6, Nodes: 4cdbe0b8-b63a-44ae-919c-f6ed89689247{ip: 192.168.157.209, host: byscane-nightly-hwqnr-1260472869, networkLocation: /default-rack, certSerialId: null}d8bd68e9-0ee0-49dd-b10b-94c77b5e9b31{ip: 192.168.157.209, host: byscane-nightly-hwqnr-1260472869, networkLocation: /default-rack, certSerialId: null}216876cf-e55b-4fac-b51d-f2ae95465479{ip: 192.168.157.209, host: byscane-nightly-hwqnr-1260472869, networkLocation: /default-rack, certSerialId: null}, Type:RATIS, Factor:THREE, State:CLOSED]
2019-08-01 16:02:00,080 WARN  server.GrpcLogAppender (LogUtils.java:warn(134)) - 216876cf-e55b-4fac-b51d-f2ae95465479->d8bd68e9-0ee0-49dd-b10b-94c77b5e9b31: Failed appendEntries: org.apache.ratis.thirdparty.io.grpc.StatusRuntimeException: UNAVAILABLE: io exception
2019-08-01 16:02:00,087 INFO  impl.FollowerInfo (FollowerInfo.java:lambda$new$0(50)) - 216876cf-e55b-4fac-b51d-f2ae95465479->d8bd68e9-0ee0-49dd-b10b-94c77b5e9b31: nextIndex: updateUnconditionally 14 -> 13
2019-08-01 16:02:00,200 INFO  ozoneimpl.OzoneContainer (OzoneContainer.java:stop(199)) - Attempting to stop container services.
2019-08-01 16:02:00,201 INFO  impl.RaftServerProxy (RaftServerProxy.java:lambda$close$4(314)) - 4cdbe0b8-b63a-44ae-919c-f6ed89689247: close
2019-08-01 16:02:00,201 INFO  impl.RaftServerImpl (RaftServerImpl.java:lambda$shutdown$3(245)) - 4cdbe0b8-b63a-44ae-919c-f6ed89689247: shutdown group-AE1EB7404B5F
2019-08-01 16:02:00,201 INFO  ozoneimpl.OzoneContainer (OzoneContainer.java:stop(199)) - Attempting to stop container services.
2019-08-01 16:02:00,202 INFO  util.JmxRegister (JmxRegister.java:unregister(73)) - Successfully un-registered JMX Bean with object name Ratis:service=RaftServer,group=group-AE1EB7404B5F,id=4cdbe0b8-b63a-44ae-919c-f6ed89689247
2019-08-01 16:02:00,202 INFO  impl.RaftServerProxy (RaftServerProxy.java:lambda$close$4(314)) - 216876cf-e55b-4fac-b51d-f2ae95465479: close
2019-08-01 16:02:00,202 INFO  impl.RoleInfo (RoleInfo.java:shutdownLeaderState(104)) - 4cdbe0b8-b63a-44ae-919c-f6ed89689247: shutdown LeaderState
2019-08-01 16:02:00,203 INFO  impl.RaftServerImpl (RaftServerImpl.java:lambda$shutdown$3(245)) - 216876cf-e55b-4fac-b51d-f2ae95465479: shutdown group-2A6011BFB4D0
2019-08-01 16:02:00,203 INFO  impl.PendingRequests (PendingRequests.java:sendNotLeaderResponses(202)) - 4cdbe0b8-b63a-44ae-919c-f6ed89689247-PendingRequests: sendNotLeaderResponses
2019-08-01 16:02:00,203 INFO  util.JmxRegister (JmxRegister.java:unregister(73)) - Successfully un-registered JMX Bean with object name Ratis:service=RaftServer,group=group-2A6011BFB4D0,id=216876cf-e55b-4fac-b51d-f2ae95465479
2019-08-01 16:02:00,204 INFO  impl.StateMachineUpdater (StateMachineUpdater.java:stopAndJoin(115)) - StateMachineUpdater:4cdbe0b8-b63a-44ae-919c-f6ed89689247:group-AE1EB7404B5F: set stopIndex = 0
2019-08-01 16:02:00,205 INFO  impl.RaftServerImpl (ServerState.java:close(394)) - 4cdbe0b8-b63a-44ae-919c-f6ed89689247:group-AE1EB7404B5F closes. The last applied log index is 0
2019-08-01 16:02:00,204 INFO  impl.RoleInfo (RoleInfo.java:shutdownLeaderState(104)) - 216876cf-e55b-4fac-b51d-f2ae95465479: shutdown LeaderState
2019-08-01 16:02:00,206 INFO  segmented.SegmentedRaftLogWorker (SegmentedRaftLogWorker.java:run(313)) - 4cdbe0b8-b63a-44ae-919c-f6ed89689247-SegmentedRaftLogWorker:Storage Directory /workdir/hadoop-ozone/integration-test/target/test-dir/MiniOzoneClusterImpl-485285ec-3b22-4c85-939e-23df22a82835/datanode-3/data/ratis/d1b0858f-8540-45ed-9b43-ae1eb7404b5f was interrupted, exiting. There are 0 tasks remaining in the queue.
2019-08-01 16:02:00,206 INFO  impl.PendingRequests (PendingRequests.java:sendNotLeaderResponses(202)) - 216876cf-e55b-4fac-b51d-f2ae95465479-PendingRequests: sendNotLeaderResponses
2019-08-01 16:02:00,208 INFO  segmented.SegmentedRaftLogWorker (SegmentedRaftLogWorker.java:close(228)) - 4cdbe0b8-b63a-44ae-919c-f6ed89689247-SegmentedRaftLogWorker:Storage Directory /workdir/hadoop-ozone/integration-test/target/test-dir/MiniOzoneClusterImpl-485285ec-3b22-4c85-939e-23df22a82835/datanode-3/data/ratis/d1b0858f-8540-45ed-9b43-ae1eb7404b5f close()
2019-08-01 16:02:00,208 INFO  impl.StateMachineUpdater (StateMachineUpdater.java:stopAndJoin(115)) - StateMachineUpdater:216876cf-e55b-4fac-b51d-f2ae95465479:group-2A6011BFB4D0: set stopIndex = 0
2019-08-01 16:02:00,211 INFO  impl.RaftServerImpl (RaftServerImpl.java:lambda$shutdown$3(245)) - 4cdbe0b8-b63a-44ae-919c-f6ed89689247: shutdown group-521F1AEB57D6
2019-08-01 16:02:00,211 INFO  impl.RaftServerImpl (ServerState.java:close(394)) - 216876cf-e55b-4fac-b51d-f2ae95465479:group-2A6011BFB4D0 closes. The last applied log index is 0
2019-08-01 16:02:00,211 INFO  util.JmxRegister (JmxRegister.java:unregister(73)) - Successfully un-registered JMX Bean with object name Ratis:service=RaftServer,group=group-521F1AEB57D6,id=4cdbe0b8-b63a-44ae-919c-f6ed89689247
2019-08-01 16:02:00,212 INFO  segmented.SegmentedRaftLogWorker (SegmentedRaftLogWorker.java:run(313)) - 216876cf-e55b-4fac-b51d-f2ae95465479-SegmentedRaftLogWorker:Storage Directory /workdir/hadoop-ozone/integration-test/target/test-dir/MiniOzoneClusterImpl-485285ec-3b22-4c85-939e-23df22a82835/datanode-0/data/ratis/ae2ca73e-2240-4ee4-b645-2a6011bfb4d0 was interrupted, exiting. There are 0 tasks remaining in the queue.
2019-08-01 16:02:00,212 INFO  impl.RoleInfo (RoleInfo.java:shutdownFollowerState(121)) - 4cdbe0b8-b63a-44ae-919c-f6ed89689247: shutdown FollowerState
2019-08-01 16:02:00,214 INFO  segmented.SegmentedRaftLogWorker (SegmentedRaftLogWorker.java:close(228)) - 216876cf-e55b-4fac-b51d-f2ae95465479-SegmentedRaftLogWorker:Storage Directory /workdir/hadoop-ozone/integration-test/target/test-dir/MiniOzoneClusterImpl-485285ec-3b22-4c85-939e-23df22a82835/datanode-0/data/ratis/ae2ca73e-2240-4ee4-b645-2a6011bfb4d0 close()
2019-08-01 16:02:00,214 INFO  ratis.ContainerStateMachine (ContainerStateMachine.java:takeSnapshot(262)) - group-521F1AEB57D6: Taking a snapshot at:(t:1, i:13) file /workdir/hadoop-ozone/integration-test/target/test-dir/MiniOzoneClusterImpl-485285ec-3b22-4c85-939e-23df22a82835/datanode-3/data/ratis/a5f57c60-5738-4607-81c4-521f1aeb57d6/sm/snapshot.1_13
2019-08-01 16:02:00,214 INFO  impl.FollowerState (FollowerState.java:run(114)) - 4cdbe0b8-b63a-44ae-919c-f6ed89689247: FollowerState was interrupted: java.lang.InterruptedException: sleep interrupted
2019-08-01 16:02:00,214 INFO  impl.StateMachineUpdater (StateMachineUpdater.java:stopAndJoin(115)) - StateMachineUpdater:4cdbe0b8-b63a-44ae-919c-f6ed89689247:group-521F1AEB57D6: set stopIndex = 15
2019-08-01 16:02:00,220 INFO  impl.RaftServerImpl (RaftServerImpl.java:lambda$shutdown$3(245)) - 216876cf-e55b-4fac-b51d-f2ae95465479: shutdown group-521F1AEB57D6
2019-08-01 16:02:00,222 INFO  util.JmxRegister (JmxRegister.java:unregister(73)) - Successfully un-registered JMX Bean with object name Ratis:service=RaftServer,group=group-521F1AEB57D6,id=216876cf-e55b-4fac-b51d-f2ae95465479
2019-08-01 16:02:00,223 INFO  impl.RoleInfo (RoleInfo.java:shutdownLeaderState(104)) - 216876cf-e55b-4fac-b51d-f2ae95465479: shutdown LeaderState
2019-08-01 16:02:00,225 INFO  impl.PendingRequests (PendingRequests.java:sendNotLeaderResponses(202)) - 216876cf-e55b-4fac-b51d-f2ae95465479-PendingRequests: sendNotLeaderResponses
2019-08-01 16:02:00,225 WARN  server.GrpcLogAppender (GrpcLogAppender.java:mayWait(143)) - GrpcLogAppender(216876cf-e55b-4fac-b51d-f2ae95465479->d8bd68e9-0ee0-49dd-b10b-94c77b5e9b31): Wait interrupted by java.lang.InterruptedException
2019-08-01 16:02:00,225 WARN  server.GrpcLogAppender (GrpcLogAppender.java:mayWait(143)) - GrpcLogAppender(216876cf-e55b-4fac-b51d-f2ae95465479->4cdbe0b8-b63a-44ae-919c-f6ed89689247): Wait interrupted by java.lang.InterruptedException
2019-08-01 16:02:00,228 INFO  impl.StateMachineUpdater (StateMachineUpdater.java:stopAndJoin(115)) - StateMachineUpdater:216876cf-e55b-4fac-b51d-f2ae95465479:group-521F1AEB57D6: set stopIndex = 15
2019-08-01 16:02:00,228 INFO  ratis.ContainerStateMachine (ContainerStateMachine.java:takeSnapshot(262)) - group-521F1AEB57D6: Taking a snapshot at:(t:1, i:13) file /workdir/hadoop-ozone/integration-test/target/test-dir/MiniOzoneClusterImpl-485285ec-3b22-4c85-939e-23df22a82835/datanode-0/data/ratis/a5f57c60-5738-4607-81c4-521f1aeb57d6/sm/snapshot.1_13
2019-08-01 16:02:00,229 INFO  server.GrpcServerProtocolService (GrpcServerProtocolService.java:onCompleted(104)) - 4cdbe0b8-b63a-44ae-919c-f6ed89689247: appendEntries completed
2019-08-01 16:02:00,232 INFO  server.GrpcLogAppender (GrpcLogAppender.java:onCompleted(292)) - 216876cf-e55b-4fac-b51d-f2ae95465479->4cdbe0b8-b63a-44ae-919c-f6ed89689247: follower responses appendEntries COMPLETED
2019-08-01 16:02:00,232 INFO  impl.FollowerInfo (FollowerInfo.java:lambda$new$0(50)) - 216876cf-e55b-4fac-b51d-f2ae95465479->4cdbe0b8-b63a-44ae-919c-f6ed89689247: nextIndex: updateUnconditionally 16 -> 15
2019-08-01 16:02:00,235 INFO  ratis.ContainerStateMachine (ContainerStateMachine.java:takeSnapshot(273)) - group-521F1AEB57D6: Finished taking a snapshot at:(t:1, i:13) file:/workdir/hadoop-ozone/integration-test/target/test-dir/MiniOzoneClusterImpl-485285ec-3b22-4c85-939e-23df22a82835/datanode-3/data/ratis/a5f57c60-5738-4607-81c4-521f1aeb57d6/sm/snapshot.1_13 time:21
2019-08-01 16:02:00,235 INFO  ratis.ContainerStateMachine (ContainerStateMachine.java:takeSnapshot(273)) - group-521F1AEB57D6: Finished taking a snapshot at:(t:1, i:13) file:/workdir/hadoop-ozone/integration-test/target/test-dir/MiniOzoneClusterImpl-485285ec-3b22-4c85-939e-23df22a82835/datanode-0/data/ratis/a5f57c60-5738-4607-81c4-521f1aeb57d6/sm/snapshot.1_13 time:7
2019-08-01 16:02:00,235 INFO  impl.StateMachineUpdater (StateMachineUpdater.java:takeSnapshot(242)) - StateMachineUpdater:4cdbe0b8-b63a-44ae-919c-f6ed89689247:group-521F1AEB57D6: Took a snapshot at index 13
2019-08-01 16:02:00,235 INFO  impl.StateMachineUpdater (StateMachineUpdater.java:takeSnapshot(242)) - StateMachineUpdater:216876cf-e55b-4fac-b51d-f2ae95465479:group-521F1AEB57D6: Took a snapshot at index 13
2019-08-01 16:02:00,235 INFO  impl.StateMachineUpdater (StateMachineUpdater.java:lambda$new$0(80)) - StateMachineUpdater:4cdbe0b8-b63a-44ae-919c-f6ed89689247:group-521F1AEB57D6: snapshotIndex: updateIncreasingly -1 -> 13
2019-08-01 16:02:00,235 INFO  impl.StateMachineUpdater (StateMachineUpdater.java:lambda$new$0(80)) - StateMachineUpdater:216876cf-e55b-4fac-b51d-f2ae95465479:group-521F1AEB57D6: snapshotIndex: updateIncreasingly -1 -> 13
2019-08-01 16:02:00,236 INFO  impl.RaftServerImpl (ServerState.java:close(394)) - 216876cf-e55b-4fac-b51d-f2ae95465479:group-521F1AEB57D6 closes. The last applied log index is 15
2019-08-01 16:02:00,236 INFO  impl.RaftServerImpl (ServerState.java:close(394)) - 4cdbe0b8-b63a-44ae-919c-f6ed89689247:group-521F1AEB57D6 closes. The last applied log index is 15
2019-08-01 16:02:00,237 INFO  segmented.SegmentedRaftLogWorker (SegmentedRaftLogWorker.java:run(313)) - 216876cf-e55b-4fac-b51d-f2ae95465479-SegmentedRaftLogWorker:Storage Directory /workdir/hadoop-ozone/integration-test/target/test-dir/MiniOzoneClusterImpl-485285ec-3b22-4c85-939e-23df22a82835/datanode-0/data/ratis/a5f57c60-5738-4607-81c4-521f1aeb57d6 was interrupted, exiting. There are 0 tasks remaining in the queue.
2019-08-01 16:02:00,237 INFO  segmented.SegmentedRaftLogWorker (SegmentedRaftLogWorker.java:run(313)) - 4cdbe0b8-b63a-44ae-919c-f6ed89689247-SegmentedRaftLogWorker:Storage Directory /workdir/hadoop-ozone/integration-test/target/test-dir/MiniOzoneClusterImpl-485285ec-3b22-4c85-939e-23df22a82835/datanode-3/data/ratis/a5f57c60-5738-4607-81c4-521f1aeb57d6 was interrupted, exiting. There are 0 tasks remaining in the queue.
2019-08-01 16:02:00,237 INFO  segmented.SegmentedRaftLogWorker (SegmentedRaftLogWorker.java:close(228)) - 216876cf-e55b-4fac-b51d-f2ae95465479-SegmentedRaftLogWorker:Storage Directory /workdir/hadoop-ozone/integration-test/target/test-dir/MiniOzoneClusterImpl-485285ec-3b22-4c85-939e-23df22a82835/datanode-0/data/ratis/a5f57c60-5738-4607-81c4-521f1aeb57d6 close()
2019-08-01 16:02:00,237 INFO  segmented.SegmentedRaftLogWorker (SegmentedRaftLogWorker.java:close(228)) - 4cdbe0b8-b63a-44ae-919c-f6ed89689247-SegmentedRaftLogWorker:Storage Directory /workdir/hadoop-ozone/integration-test/target/test-dir/MiniOzoneClusterImpl-485285ec-3b22-4c85-939e-23df22a82835/datanode-3/data/ratis/a5f57c60-5738-4607-81c4-521f1aeb57d6 close()
2019-08-01 16:02:00,239 INFO  server.GrpcService (GrpcService.java:closeImpl(155)) - 216876cf-e55b-4fac-b51d-f2ae95465479: shutdown server with port 42273 now
2019-08-01 16:02:00,241 INFO  server.GrpcService (GrpcService.java:closeImpl(155)) - 4cdbe0b8-b63a-44ae-919c-f6ed89689247: shutdown server with port 44926 now
2019-08-01 16:02:00,242 INFO  server.GrpcService (GrpcService.java:closeImpl(163)) - 4cdbe0b8-b63a-44ae-919c-f6ed89689247: shutdown server with port 44926 successfully
2019-08-01 16:02:00,244 WARN  client.GrpcClientProtocolService (LogUtils.java:warn(134)) - 1-UnorderedRequestStreamObserver1: onError: org.apache.ratis.thirdparty.io.grpc.StatusRuntimeException: CANCELLED: cancelled before receiving half close
2019-08-01 16:02:00,244 INFO  server.GrpcService (GrpcService.java:closeImpl(163)) - 216876cf-e55b-4fac-b51d-f2ae95465479: shutdown server with port 42273 successfully
2019-08-01 16:02:00,248 INFO  utils.BackgroundService (BackgroundService.java:shutdown(148)) - Shutting down service BlockDeletingService
2019-08-01 16:02:00,256 WARN  fs.CachingGetSpaceUsed (CachingGetSpaceUsed.java:run(183)) - Thread Interrupted waiting to refresh disk information: sleep interrupted
2019-08-01 16:02:00,258 INFO  utils.BackgroundService (BackgroundService.java:shutdown(148)) - Shutting down service BlockDeletingService
2019-08-01 16:02:00,263 WARN  fs.CachingGetSpaceUsed (CachingGetSpaceUsed.java:run(183)) - Thread Interrupted waiting to refresh disk information: sleep interrupted
2019-08-01 16:02:00,275 INFO  statemachine.DatanodeStateMachine (DatanodeStateMachine.java:stopDaemon(395)) - Ozone container server stopped.
2019-08-01 16:02:00,279 INFO  handler.ContextHandler (ContextHandler.java:doStop(910)) - Stopped o.e.j.w.WebAppContext@472a11ae{/,null,UNAVAILABLE}{/hddsDatanode}
2019-08-01 16:02:00,280 INFO  server.AbstractConnector (AbstractConnector.java:doStop(318)) - Stopped ServerConnector@dc79225{HTTP/1.1,[http/1.1]}{0.0.0.0:0}
2019-08-01 16:02:00,281 INFO  handler.ContextHandler (ContextHandler.java:doStop(910)) - Stopped o.e.j.s.ServletContextHandler@78cd163b{/static,jar:file:/home/user/.m2/repository/org/apache/hadoop/hadoop-hdds-container-service/0.4.1-SNAPSHOT/hadoop-hdds-container-service-0.4.1-SNAPSHOT.jar!/webapps/static,UNAVAILABLE}
2019-08-01 16:02:00,283 INFO  handler.ContextHandler (ContextHandler.java:doStop(910)) - Stopped o.e.j.s.ServletContextHandler@4e08acf9{/logs,file:///workdir/hadoop-ozone/integration-test/target/log,UNAVAILABLE}
2019-08-01 16:02:00,284 INFO  datanode.ObjectStoreHandler (ObjectStoreHandler.java:close(155)) - Closing ObjectStoreHandler.
2019-08-01 16:02:00,285 INFO  ozone.HddsDatanodeService (HddsDatanodeService.java:stop(451)) - Stopped plug-in org.apache.hadoop.ozone.web.OzoneHddsDatanodeService@69d103f0
2019-08-01 16:02:00,290 INFO  statemachine.DatanodeStateMachine (DatanodeStateMachine.java:stopDaemon(395)) - Ozone container server stopped.
2019-08-01 16:02:00,292 INFO  handler.ContextHandler (ContextHandler.java:doStop(910)) - Stopped o.e.j.w.WebAppContext@33d7765a{/,null,UNAVAILABLE}{/hddsDatanode}
2019-08-01 16:02:00,293 INFO  server.AbstractConnector (AbstractConnector.java:doStop(318)) - Stopped ServerConnector@69ed5ea2{HTTP/1.1,[http/1.1]}{0.0.0.0:0}
2019-08-01 16:02:00,293 INFO  handler.ContextHandler (ContextHandler.java:doStop(910)) - Stopped o.e.j.s.ServletContextHandler@1e1e837d{/static,jar:file:/home/user/.m2/repository/org/apache/hadoop/hadoop-hdds-container-service/0.4.1-SNAPSHOT/hadoop-hdds-container-service-0.4.1-SNAPSHOT.jar!/webapps/static,UNAVAILABLE}
2019-08-01 16:02:00,293 INFO  handler.ContextHandler (ContextHandler.java:doStop(910)) - Stopped o.e.j.s.ServletContextHandler@5b29ab61{/logs,file:///workdir/hadoop-ozone/integration-test/target/log,UNAVAILABLE}
2019-08-01 16:02:00,740 INFO  statemachine.DatanodeStateMachine (DatanodeStateMachine.java:lambda$startDaemon$0(350)) - Ozone container server started.
2019-08-01 16:02:04,758 INFO  node.StaleNodeHandler (StaleNodeHandler.java:onMessage(58)) - Datanode a260a3ae-b517-4c93-93f6-8c88e9abc442{ip: 192.168.157.209, host: byscane-nightly-hwqnr-1260472869, networkLocation: /default-rack, certSerialId: null} moved to stale state. Finalizing its pipelines [PipelineID=4e908df5-794d-4e48-a250-732096b7a2ef]
2019-08-01 16:02:04,758 INFO  pipeline.SCMPipelineManager (SCMPipelineManager.java:finalizeAndDestroyPipeline(309)) - destroying pipeline:Pipeline[ Id: 4e908df5-794d-4e48-a250-732096b7a2ef, Nodes: a260a3ae-b517-4c93-93f6-8c88e9abc442{ip: 192.168.157.209, host: byscane-nightly-hwqnr-1260472869, networkLocation: /default-rack, certSerialId: null}, Type:RATIS, Factor:ONE, State:OPEN]
2019-08-01 16:02:04,758 INFO  pipeline.PipelineStateManager (PipelineStateManager.java:finalizePipeline(123)) - Pipeline Pipeline[ Id: 4e908df5-794d-4e48-a250-732096b7a2ef, Nodes: a260a3ae-b517-4c93-93f6-8c88e9abc442{ip: 192.168.157.209, host: byscane-nightly-hwqnr-1260472869, networkLocation: /default-rack, certSerialId: null}, Type:RATIS, Factor:ONE, State:CLOSED] moved to CLOSED state
2019-08-01 16:02:05,286 INFO  ozoneimpl.OzoneContainer (OzoneContainer.java:stop(199)) - Attempting to stop container services.
2019-08-01 16:02:05,287 INFO  impl.RaftServerProxy (RaftServerProxy.java:lambda$close$4(314)) - a260a3ae-b517-4c93-93f6-8c88e9abc442: close
2019-08-01 16:02:05,287 INFO  impl.RaftServerImpl (RaftServerImpl.java:lambda$shutdown$3(245)) - a260a3ae-b517-4c93-93f6-8c88e9abc442: shutdown group-732096B7A2EF
2019-08-01 16:02:05,287 INFO  util.JmxRegister (JmxRegister.java:unregister(73)) - Successfully un-registered JMX Bean with object name Ratis:service=RaftServer,group=group-732096B7A2EF,id=a260a3ae-b517-4c93-93f6-8c88e9abc442
2019-08-01 16:02:05,288 INFO  impl.RoleInfo (RoleInfo.java:shutdownLeaderState(104)) - a260a3ae-b517-4c93-93f6-8c88e9abc442: shutdown LeaderState
2019-08-01 16:02:05,288 INFO  impl.PendingRequests (PendingRequests.java:sendNotLeaderResponses(202)) - a260a3ae-b517-4c93-93f6-8c88e9abc442-PendingRequests: sendNotLeaderResponses
2019-08-01 16:02:05,289 INFO  impl.StateMachineUpdater (StateMachineUpdater.java:stopAndJoin(115)) - StateMachineUpdater:a260a3ae-b517-4c93-93f6-8c88e9abc442:group-732096B7A2EF: set stopIndex = 0
2019-08-01 16:02:05,289 INFO  impl.RaftServerImpl (ServerState.java:close(394)) - a260a3ae-b517-4c93-93f6-8c88e9abc442:group-732096B7A2EF closes. The last applied log index is 0
2019-08-01 16:02:05,289 INFO  segmented.SegmentedRaftLogWorker (SegmentedRaftLogWorker.java:run(313)) - a260a3ae-b517-4c93-93f6-8c88e9abc442-SegmentedRaftLogWorker:Storage Directory /workdir/hadoop-ozone/integration-test/target/test-dir/MiniOzoneClusterImpl-485285ec-3b22-4c85-939e-23df22a82835/datanode-5/data/ratis/4e908df5-794d-4e48-a250-732096b7a2ef was interrupted, exiting. There are 0 tasks remaining in the queue.
2019-08-01 16:02:05,290 INFO  segmented.SegmentedRaftLogWorker (SegmentedRaftLogWorker.java:close(228)) - a260a3ae-b517-4c93-93f6-8c88e9abc442-SegmentedRaftLogWorker:Storage Directory /workdir/hadoop-ozone/integration-test/target/test-dir/MiniOzoneClusterImpl-485285ec-3b22-4c85-939e-23df22a82835/datanode-5/data/ratis/4e908df5-794d-4e48-a250-732096b7a2ef close()
2019-08-01 16:02:05,292 INFO  server.GrpcService (GrpcService.java:closeImpl(155)) - a260a3ae-b517-4c93-93f6-8c88e9abc442: shutdown server with port 45220 now
2019-08-01 16:02:05,293 INFO  server.GrpcService (GrpcService.java:closeImpl(163)) - a260a3ae-b517-4c93-93f6-8c88e9abc442: shutdown server with port 45220 successfully
2019-08-01 16:02:05,299 INFO  utils.BackgroundService (BackgroundService.java:shutdown(148)) - Shutting down service BlockDeletingService
2019-08-01 16:02:05,304 WARN  fs.CachingGetSpaceUsed (CachingGetSpaceUsed.java:run(183)) - Thread Interrupted waiting to refresh disk information: sleep interrupted
2019-08-01 16:02:05,321 INFO  statemachine.DatanodeStateMachine (DatanodeStateMachine.java:stopDaemon(395)) - Ozone container server stopped.
2019-08-01 16:02:05,325 INFO  handler.ContextHandler (ContextHandler.java:doStop(910)) - Stopped o.e.j.w.WebAppContext@256589a1{/,null,UNAVAILABLE}{/hddsDatanode}
2019-08-01 16:02:05,326 INFO  server.AbstractConnector (AbstractConnector.java:doStop(318)) - Stopped ServerConnector@935493d{HTTP/1.1,[http/1.1]}{0.0.0.0:0}
2019-08-01 16:02:05,327 INFO  handler.ContextHandler (ContextHandler.java:doStop(910)) - Stopped o.e.j.s.ServletContextHandler@1de13f34{/static,jar:file:/home/user/.m2/repository/org/apache/hadoop/hadoop-hdds-container-service/0.4.1-SNAPSHOT/hadoop-hdds-container-service-0.4.1-SNAPSHOT.jar!/webapps/static,UNAVAILABLE}
2019-08-01 16:02:05,328 INFO  handler.ContextHandler (ContextHandler.java:doStop(910)) - Stopped o.e.j.s.ServletContextHandler@3f048c86{/logs,file:///workdir/hadoop-ozone/integration-test/target/log,UNAVAILABLE}
2019-08-01 16:02:05,330 INFO  ozone.MiniOzoneClusterImpl (MiniOzoneClusterImpl.java:stop(353)) - Stopping the StorageContainerManager
2019-08-01 16:02:05,330 INFO  server.StorageContainerManager (StorageContainerManager.java:stop(796)) - Stopping Replication Manager Service.
2019-08-01 16:02:05,330 INFO  container.ReplicationManager (ReplicationManager.java:stop(187)) - Stopping Replication Monitor Thread.
2019-08-01 16:02:05,330 INFO  server.StorageContainerManager (StorageContainerManager.java:stop(803)) - Stopping Lease Manager of the command watchers
2019-08-01 16:02:05,331 INFO  server.StorageContainerManager (StorageContainerManager.java:stop(810)) - Stopping datanode service RPC server
2019-08-01 16:02:05,331 INFO  server.SCMDatanodeProtocolServer (SCMDatanodeProtocolServer.java:stop(367)) - Stopping the RPC server for DataNodes
2019-08-01 16:02:05,331 INFO  ipc.Server (Server.java:stop(3082)) - Stopping server on 42284
2019-08-01 16:02:05,334 INFO  ipc.Server (Server.java:run(1185)) - Stopping IPC Server listener on 42284
2019-08-01 16:02:05,335 INFO  ipc.Server (Server.java:run(1319)) - Stopping IPC Server Responder
2019-08-01 16:02:05,359 WARN  node.NodeStateManager (NodeStateManager.java:scheduleNextHealthCheck(631)) - Current Thread is interrupted, shutting down HB processing thread for Node Manager.
2019-08-01 16:02:05,359 INFO  server.StorageContainerManager (StorageContainerManager.java:stop(818)) - Stopping block service RPC server
2019-08-01 16:02:05,359 INFO  server.SCMBlockProtocolServer (SCMBlockProtocolServer.java:stop(148)) - Stopping the RPC server for Block Protocol
2019-08-01 16:02:05,359 INFO  ipc.Server (Server.java:stop(3082)) - Stopping server on 38017
2019-08-01 16:02:05,361 INFO  ipc.Server (Server.java:run(1185)) - Stopping IPC Server listener on 38017
2019-08-01 16:02:05,361 INFO  server.StorageContainerManager (StorageContainerManager.java:stop(825)) - Stopping the StorageContainerLocationProtocol RPC server
2019-08-01 16:02:05,361 INFO  server.SCMClientProtocolServer (SCMClientProtocolServer.java:stop(159)) - Stopping the RPC server for Client Protocol
2019-08-01 16:02:05,361 INFO  ipc.Server (Server.java:stop(3082)) - Stopping server on 33884
2019-08-01 16:02:05,363 INFO  ipc.Server (Server.java:run(1185)) - Stopping IPC Server listener on 33884
2019-08-01 16:02:05,363 INFO  server.StorageContainerManager (StorageContainerManager.java:stop(832)) - Stopping Storage Container Manager HTTP server.
2019-08-01 16:02:05,365 INFO  handler.ContextHandler (ContextHandler.java:doStop(910)) - Stopped o.e.j.w.WebAppContext@5118388b{/,null,UNAVAILABLE}{/scm}
2019-08-01 16:02:05,367 INFO  ipc.Server (Server.java:run(1319)) - Stopping IPC Server Responder
2019-08-01 16:02:05,367 INFO  ipc.Server (Server.java:run(1319)) - Stopping IPC Server Responder
2019-08-01 16:02:05,367 INFO  server.AbstractConnector (AbstractConnector.java:doStop(318)) - Stopped ServerConnector@293bb8a5{HTTP/1.1,[http/1.1]}{0.0.0.0:0}
2019-08-01 16:02:05,368 INFO  handler.ContextHandler (ContextHandler.java:doStop(910)) - Stopped o.e.j.s.ServletContextHandler@635572a7{/static,file:///workdir/hadoop-ozone/integration-test/target/test-classes/webapps/static,UNAVAILABLE}
2019-08-01 16:02:05,368 INFO  handler.ContextHandler (ContextHandler.java:doStop(910)) - Stopped o.e.j.s.ServletContextHandler@495fac5f{/logs,file:///workdir/hadoop-ozone/integration-test/target/log,UNAVAILABLE}
2019-08-01 16:02:05,370 INFO  server.StorageContainerManager (StorageContainerManager.java:stop(843)) - Stopping Block Manager Service.
2019-08-01 16:02:05,370 INFO  utils.BackgroundService (BackgroundService.java:shutdown(148)) - Shutting down service SCMBlockDeletingService
2019-08-01 16:02:05,371 INFO  utils.BackgroundService (BackgroundService.java:shutdown(148)) - Shutting down service SCMBlockDeletingService
2019-08-01 16:02:05,372 INFO  server.StorageContainerManager (StorageContainerManager.java:stop(865)) - Stopping SCM Event Queue.
2019-08-01 16:02:05,379 INFO  impl.MetricsSystemImpl (MetricsSystemImpl.java:stop(210)) - Stopping XceiverClientMetrics metrics system...
2019-08-01 16:02:05,387 INFO  impl.MetricsSystemImpl (MetricsSystemImpl.java:stop(216)) - XceiverClientMetrics metrics system stopped.
]]></system-out>
    <system-err><![CDATA[ERROR StatusLogger No Log4j 2 configuration file found. Using default configuration (logging only errors to the console), or user programmatically provided configurations. Set system property 'log4j2.debug' to show Log4j 2 internal initialization logging. See https://logging.apache.org/log4j/2.x/manual/configuration.html for instructions on how to configure Log4j 2
Aug 01, 2019 4:01:24 PM com.sun.jersey.server.impl.application.WebApplicationImpl _initiate
INFO: Initiating Jersey application, version 'Jersey: 1.19 02/11/2015 03:25 AM'
Aug 01, 2019 4:01:25 PM com.sun.jersey.server.impl.application.WebApplicationImpl _initiate
INFO: Initiating Jersey application, version 'Jersey: 1.19 02/11/2015 03:25 AM'
Aug 01, 2019 4:01:26 PM com.sun.jersey.server.impl.application.WebApplicationImpl _initiate
INFO: Initiating Jersey application, version 'Jersey: 1.19 02/11/2015 03:25 AM'
Aug 01, 2019 4:01:26 PM com.sun.jersey.server.impl.application.WebApplicationImpl _initiate
INFO: Initiating Jersey application, version 'Jersey: 1.19 02/11/2015 03:25 AM'
Aug 01, 2019 4:01:26 PM com.sun.jersey.server.impl.application.WebApplicationImpl _initiate
INFO: Initiating Jersey application, version 'Jersey: 1.19 02/11/2015 03:25 AM'
Aug 01, 2019 4:01:26 PM com.sun.jersey.server.impl.application.WebApplicationImpl _initiate
INFO: Initiating Jersey application, version 'Jersey: 1.19 02/11/2015 03:25 AM'
Aug 01, 2019 4:01:26 PM com.sun.jersey.server.impl.application.WebApplicationImpl _initiate
INFO: Initiating Jersey application, version 'Jersey: 1.19 02/11/2015 03:25 AM'
]]></system-err>
  </testcase>
  <testcase name="testDatanodeFailureWithPreAllocation" classname="org.apache.hadoop.ozone.client.rpc.TestBlockOutputStreamWithFailures" time="225.26"/>
  <testcase name="testDatanodeFailureWithSingleNodeRatis" classname="org.apache.hadoop.ozone.client.rpc.TestBlockOutputStreamWithFailures" time="224.553"/>
  <testcase name="testWatchForCommitWithSingleNodeRatis" classname="org.apache.hadoop.ozone.client.rpc.TestBlockOutputStreamWithFailures" time="35.395"/>
  <testcase name="testWatchForCommitDatanodeFailure" classname="org.apache.hadoop.ozone.client.rpc.TestBlockOutputStreamWithFailures" time="47.83">
    <failure message="expected:&lt;2&gt; but was:&lt;3&gt;" type="java.lang.AssertionError"><![CDATA[java.lang.AssertionError: expected:<2> but was:<3>
	at org.junit.Assert.fail(Assert.java:88)
	at org.junit.Assert.failNotEquals(Assert.java:743)
	at org.junit.Assert.assertEquals(Assert.java:118)
	at org.junit.Assert.assertEquals(Assert.java:555)
	at org.junit.Assert.assertEquals(Assert.java:542)
	at org.apache.hadoop.ozone.client.rpc.TestBlockOutputStreamWithFailures.testWatchForCommitDatanodeFailure(TestBlockOutputStreamWithFailures.java:366)
	at sun.reflect.NativeMethodAccessorImpl.invoke0(Native Method)
	at sun.reflect.NativeMethodAccessorImpl.invoke(NativeMethodAccessorImpl.java:62)
	at sun.reflect.DelegatingMethodAccessorImpl.invoke(DelegatingMethodAccessorImpl.java:43)
	at java.lang.reflect.Method.invoke(Method.java:498)
	at org.junit.runners.model.FrameworkMethod$1.runReflectiveCall(FrameworkMethod.java:47)
	at org.junit.internal.runners.model.ReflectiveCallable.run(ReflectiveCallable.java:12)
	at org.junit.runners.model.FrameworkMethod.invokeExplosively(FrameworkMethod.java:44)
	at org.junit.internal.runners.statements.InvokeMethod.evaluate(InvokeMethod.java:17)
	at org.junit.internal.runners.statements.RunBefores.evaluate(RunBefores.java:26)
	at org.junit.internal.runners.statements.RunAfters.evaluate(RunAfters.java:27)
	at org.junit.runners.ParentRunner.runLeaf(ParentRunner.java:271)
	at org.junit.runners.BlockJUnit4ClassRunner.runChild(BlockJUnit4ClassRunner.java:70)
	at org.junit.runners.BlockJUnit4ClassRunner.runChild(BlockJUnit4ClassRunner.java:50)
	at org.junit.runners.ParentRunner$3.run(ParentRunner.java:238)
	at org.junit.runners.ParentRunner$1.schedule(ParentRunner.java:63)
	at org.junit.runners.ParentRunner.runChildren(ParentRunner.java:236)
	at org.junit.runners.ParentRunner.access$000(ParentRunner.java:53)
	at org.junit.runners.ParentRunner$2.evaluate(ParentRunner.java:229)
	at org.junit.runners.ParentRunner.run(ParentRunner.java:309)
	at org.apache.maven.surefire.junit4.JUnit4Provider.execute(JUnit4Provider.java:365)
	at org.apache.maven.surefire.junit4.JUnit4Provider.executeWithRerun(JUnit4Provider.java:273)
	at org.apache.maven.surefire.junit4.JUnit4Provider.executeTestSet(JUnit4Provider.java:238)
	at org.apache.maven.surefire.junit4.JUnit4Provider.invoke(JUnit4Provider.java:159)
	at org.apache.maven.surefire.booter.ForkedBooter.invokeProviderInSameClassLoader(ForkedBooter.java:384)
	at org.apache.maven.surefire.booter.ForkedBooter.runSuitesInProcess(ForkedBooter.java:345)
	at org.apache.maven.surefire.booter.ForkedBooter.execute(ForkedBooter.java:126)
	at org.apache.maven.surefire.booter.ForkedBooter.main(ForkedBooter.java:418)
]]></failure>
    <system-out><![CDATA[2019-08-01 16:10:10,675 WARN  server.ServerUtils (ServerUtils.java:getScmDbDir(145)) - ozone.scm.db.dirs is not configured. We recommend adding this setting. Falling back to ozone.metadata.dirs instead.
2019-08-01 16:10:10,698 WARN  server.ServerUtils (ServerUtils.java:getScmDbDir(145)) - ozone.scm.db.dirs is not configured. We recommend adding this setting. Falling back to ozone.metadata.dirs instead.
2019-08-01 16:10:10,699 WARN  server.ServerUtils (ServerUtils.java:getScmDbDir(145)) - ozone.scm.db.dirs is not configured. We recommend adding this setting. Falling back to ozone.metadata.dirs instead.
2019-08-01 16:10:10,699 INFO  db.DBStoreBuilder (DBStoreBuilder.java:addTable(110)) - using custom profile for table: deletedBlocks
2019-08-01 16:10:10,699 INFO  db.DBStoreBuilder (DBStoreBuilder.java:processTables(161)) - Using default column profile:DBProfile.DISK for Table:deletedBlocks
2019-08-01 16:10:10,699 INFO  db.DBStoreBuilder (DBStoreBuilder.java:addTable(110)) - using custom profile for table: validCerts
2019-08-01 16:10:10,700 INFO  db.DBStoreBuilder (DBStoreBuilder.java:processTables(161)) - Using default column profile:DBProfile.DISK for Table:validCerts
2019-08-01 16:10:10,700 INFO  db.DBStoreBuilder (DBStoreBuilder.java:addTable(110)) - using custom profile for table: revokedCerts
2019-08-01 16:10:10,700 INFO  db.DBStoreBuilder (DBStoreBuilder.java:processTables(161)) - Using default column profile:DBProfile.DISK for Table:revokedCerts
2019-08-01 16:10:10,700 INFO  db.DBStoreBuilder (DBStoreBuilder.java:addTable(110)) - using custom profile for table: default
2019-08-01 16:10:10,700 INFO  db.DBStoreBuilder (DBStoreBuilder.java:processTables(167)) - Using default column profile:DBProfile.DISK for Table:default
2019-08-01 16:10:10,701 INFO  db.DBStoreBuilder (DBStoreBuilder.java:getDbProfile(198)) - Using default options. DBProfile.DISK
2019-08-01 16:10:10,768 INFO  net.NodeSchemaLoader (NodeSchemaLoader.java:loadSchemaFromFile(125)) - Loading file from sun.misc.CompoundEnumeration@304933cb
2019-08-01 16:10:10,768 INFO  net.NodeSchemaLoader (NodeSchemaLoader.java:loadSchema(171)) - Loading network topology layer schema file
2019-08-01 16:10:10,773 INFO  node.SCMNodeManager (SCMNodeManager.java:<init>(121)) - Entering startup safe mode.
2019-08-01 16:10:10,773 WARN  server.ServerUtils (ServerUtils.java:getScmDbDir(145)) - ozone.scm.db.dirs is not configured. We recommend adding this setting. Falling back to ozone.metadata.dirs instead.
2019-08-01 16:10:10,795 INFO  pipeline.SCMPipelineManager (SCMPipelineManager.java:initializePipelineState(126)) - No pipeline exists in current db
2019-08-01 16:10:10,795 WARN  server.ServerUtils (ServerUtils.java:getScmDbDir(145)) - ozone.scm.db.dirs is not configured. We recommend adding this setting. Falling back to ozone.metadata.dirs instead.
2019-08-01 16:10:10,818 WARN  events.EventQueue (EventQueue.java:fireEvent(175)) - No event handler registered for event TypedEvent{payloadType=SafeModeStatus, name='SafeModeStatus'}
2019-08-01 16:10:10,819 INFO  ipc.CallQueueManager (CallQueueManager.java:<init>(84)) - Using callQueue: class java.util.concurrent.LinkedBlockingQueue, queueCapacity: 2000, scheduler: class org.apache.hadoop.ipc.DefaultRpcScheduler, ipcBackoff: false.
2019-08-01 16:10:10,820 INFO  ipc.Server (Server.java:run(1074)) - Starting Socket Reader #1 for port 35376
2019-08-01 16:10:10,823 INFO  ipc.CallQueueManager (CallQueueManager.java:<init>(84)) - Using callQueue: class java.util.concurrent.LinkedBlockingQueue, queueCapacity: 2000, scheduler: class org.apache.hadoop.ipc.DefaultRpcScheduler, ipcBackoff: false.
2019-08-01 16:10:10,823 INFO  ipc.Server (Server.java:run(1074)) - Starting Socket Reader #1 for port 37963
2019-08-01 16:10:10,825 INFO  ipc.CallQueueManager (CallQueueManager.java:<init>(84)) - Using callQueue: class java.util.concurrent.LinkedBlockingQueue, queueCapacity: 2000, scheduler: class org.apache.hadoop.ipc.DefaultRpcScheduler, ipcBackoff: false.
2019-08-01 16:10:10,825 INFO  ipc.Server (Server.java:run(1074)) - Starting Socket Reader #1 for port 36658
2019-08-01 16:10:10,829 INFO  hdfs.DFSUtil (DFSUtil.java:httpServerTemplateForNNAndJN(1641)) - Starting Web-server for scm at: http://0.0.0.0:0
2019-08-01 16:10:10,831 INFO  server.AuthenticationFilter (AuthenticationFilter.java:constructSecretProvider(240)) - Unable to initialize FileSignerSecretProvider, falling back to use random secrets.
2019-08-01 16:10:10,832 WARN  http.HttpRequestLog (HttpRequestLog.java:getRequestLog(97)) - Jetty request log can only be enabled using Log4j
2019-08-01 16:10:10,834 INFO  http.HttpServer2 (HttpServer2.java:addGlobalFilter(975)) - Added global filter 'safety' (class=org.apache.hadoop.http.HttpServer2$QuotingInputFilter)
2019-08-01 16:10:10,835 INFO  http.HttpServer2 (HttpServer2.java:addFilter(948)) - Added filter static_user_filter (class=org.apache.hadoop.http.lib.StaticUserWebFilter$StaticUserFilter) to context scm
2019-08-01 16:10:10,835 INFO  http.HttpServer2 (HttpServer2.java:addFilter(958)) - Added filter static_user_filter (class=org.apache.hadoop.http.lib.StaticUserWebFilter$StaticUserFilter) to context logs
2019-08-01 16:10:10,835 INFO  http.HttpServer2 (HttpServer2.java:addFilter(958)) - Added filter static_user_filter (class=org.apache.hadoop.http.lib.StaticUserWebFilter$StaticUserFilter) to context static
2019-08-01 16:10:10,837 INFO  server.StorageContainerManager (StorageContainerManager.java:start(758)) - StorageContainerLocationProtocol RPC server is listening at /0.0.0.0:36658
2019-08-01 16:10:10,840 WARN  impl.MetricsConfig (MetricsConfig.java:loadFirst(134)) - Cannot locate configuration: tried hadoop-metrics2-storagecontainermanager.properties,hadoop-metrics2.properties
2019-08-01 16:10:10,841 INFO  impl.MetricsSystemImpl (MetricsSystemImpl.java:startTimer(374)) - Scheduled Metric snapshot period at 10 second(s).
2019-08-01 16:10:10,841 INFO  impl.MetricsSystemImpl (MetricsSystemImpl.java:start(191)) - StorageContainerManager metrics system started
2019-08-01 16:10:10,901 INFO  server.SCMClientProtocolServer (SCMClientProtocolServer.java:start(151)) - RPC server for Client  is listening at /0.0.0.0:36658
2019-08-01 16:10:10,902 INFO  ipc.Server (Server.java:run(1314)) - IPC Server Responder: starting
2019-08-01 16:10:10,903 INFO  ipc.Server (Server.java:run(1153)) - IPC Server listener on 36658: starting
2019-08-01 16:10:10,905 INFO  server.StorageContainerManager (StorageContainerManager.java:start(768)) - ScmBlockLocationProtocol RPC server is listening at /0.0.0.0:37963
2019-08-01 16:10:10,906 INFO  server.SCMBlockProtocolServer (SCMBlockProtocolServer.java:start(140)) - RPC server for Block Protocol is listening at /0.0.0.0:37963
2019-08-01 16:10:10,906 INFO  ipc.Server (Server.java:run(1314)) - IPC Server Responder: starting
2019-08-01 16:10:10,906 INFO  ipc.Server (Server.java:run(1153)) - IPC Server listener on 37963: starting
2019-08-01 16:10:10,909 INFO  server.StorageContainerManager (StorageContainerManager.java:start(772)) - ScmDatanodeProtocl RPC server is listening at /0.0.0.0:35376
2019-08-01 16:10:10,909 INFO  server.SCMDatanodeProtocolServer (SCMDatanodeProtocolServer.java:start(191)) - RPC server for DataNodes is listening at /0.0.0.0:35376
2019-08-01 16:10:10,910 INFO  ipc.Server (Server.java:run(1314)) - IPC Server Responder: starting
2019-08-01 16:10:10,910 INFO  ipc.Server (Server.java:run(1153)) - IPC Server listener on 35376: starting
2019-08-01 16:10:10,913 INFO  http.HttpServer2 (HttpServer2.java:bindListener(1191)) - Jetty bound to port 34601
2019-08-01 16:10:10,913 INFO  server.Server (Server.java:doStart(351)) - jetty-9.3.24.v20180605, build timestamp: 2018-06-05T17:11:56Z, git hash: 84205aa28f11a4f31f2a3b86d1bba2cc8ab69827
2019-08-01 16:10:10,915 INFO  handler.ContextHandler (ContextHandler.java:doStart(781)) - Started o.e.j.s.ServletContextHandler@2b68c59b{/logs,file:///workdir/hadoop-ozone/integration-test/target/log,AVAILABLE}
2019-08-01 16:10:10,915 INFO  handler.ContextHandler (ContextHandler.java:doStart(781)) - Started o.e.j.s.ServletContextHandler@403f6c04{/static,file:///workdir/hadoop-ozone/integration-test/target/test-classes/webapps/static,AVAILABLE}
2019-08-01 16:10:10,919 INFO  handler.ContextHandler (ContextHandler.java:doStart(781)) - Started o.e.j.w.WebAppContext@58397dd{/,file:///workdir/hadoop-ozone/integration-test/target/test-classes/webapps/scm/,AVAILABLE}{/scm}
2019-08-01 16:10:10,919 INFO  server.AbstractConnector (AbstractConnector.java:doStart(278)) - Started ServerConnector@620260ad{HTTP/1.1,[http/1.1]}{0.0.0.0:34601}
2019-08-01 16:10:10,920 INFO  server.Server (Server.java:doStart(419)) - Started @531087ms
2019-08-01 16:10:10,920 INFO  server.BaseHttpServer (BaseHttpServer.java:updateConnectorAddress(207)) - HTTP server of SCM is listening at http://0.0.0.0:34601
2019-08-01 16:10:10,921 WARN  server.ServerUtils (ServerUtils.java:getDBPath(222)) - ozone.om.db.dirs is not configured. We recommend adding this setting. Falling back to ozone.metadata.dirs instead.
2019-08-01 16:10:10,921 INFO  util.JvmPauseMonitor (JvmPauseMonitor.java:run(188)) - Starting JVM pause monitor
2019-08-01 16:10:10,926 WARN  server.ServerUtils (ServerUtils.java:getDBPath(222)) - ozone.om.db.dirs is not configured. We recommend adding this setting. Falling back to ozone.metadata.dirs instead.
2019-08-01 16:10:10,926 WARN  server.ServerUtils (ServerUtils.java:getDBPath(222)) - ozone.om.db.dirs is not configured. We recommend adding this setting. Falling back to ozone.metadata.dirs instead.
2019-08-01 16:10:10,927 INFO  om.OzoneManager (OzoneManager.java:setOMNodeDetails(644)) - OM Service ID is not set. Setting it to the default ID: omServiceIdDefault
2019-08-01 16:10:10,927 INFO  om.OzoneManager (OzoneManager.java:setOMNodeDetails(650)) - OM Node ID is not set. Setting it to the OmStorage's OmID: f4e2d7e3-ca0b-4fcb-9ddc-3f4f19a85314
2019-08-01 16:10:10,927 INFO  om.OzoneManager (OzoneManager.java:loadOMHAConfigs(601)) - Found matching OM address with OMServiceId: null, OMNodeId: null, RPC Address: localhost:0 and Ratis port: 9872
2019-08-01 16:10:10,932 WARN  server.ServerUtils (ServerUtils.java:getDBPath(222)) - ozone.om.db.dirs is not configured. We recommend adding this setting. Falling back to ozone.metadata.dirs instead.
2019-08-01 16:10:10,932 INFO  db.DBStoreBuilder (DBStoreBuilder.java:addTable(110)) - using custom profile for table: userTable
2019-08-01 16:10:10,932 INFO  db.DBStoreBuilder (DBStoreBuilder.java:processTables(161)) - Using default column profile:DBProfile.DISK for Table:userTable
2019-08-01 16:10:10,932 INFO  db.DBStoreBuilder (DBStoreBuilder.java:addTable(110)) - using custom profile for table: volumeTable
2019-08-01 16:10:10,932 INFO  db.DBStoreBuilder (DBStoreBuilder.java:processTables(161)) - Using default column profile:DBProfile.DISK for Table:volumeTable
2019-08-01 16:10:10,933 INFO  db.DBStoreBuilder (DBStoreBuilder.java:addTable(110)) - using custom profile for table: bucketTable
2019-08-01 16:10:10,933 INFO  db.DBStoreBuilder (DBStoreBuilder.java:processTables(161)) - Using default column profile:DBProfile.DISK for Table:bucketTable
2019-08-01 16:10:10,933 INFO  db.DBStoreBuilder (DBStoreBuilder.java:addTable(110)) - using custom profile for table: keyTable
2019-08-01 16:10:10,933 INFO  db.DBStoreBuilder (DBStoreBuilder.java:processTables(161)) - Using default column profile:DBProfile.DISK for Table:keyTable
2019-08-01 16:10:10,933 INFO  db.DBStoreBuilder (DBStoreBuilder.java:addTable(110)) - using custom profile for table: deletedTable
2019-08-01 16:10:10,933 INFO  db.DBStoreBuilder (DBStoreBuilder.java:processTables(161)) - Using default column profile:DBProfile.DISK for Table:deletedTable
2019-08-01 16:10:10,934 INFO  db.DBStoreBuilder (DBStoreBuilder.java:addTable(110)) - using custom profile for table: openKeyTable
2019-08-01 16:10:10,934 INFO  db.DBStoreBuilder (DBStoreBuilder.java:processTables(161)) - Using default column profile:DBProfile.DISK for Table:openKeyTable
2019-08-01 16:10:10,934 INFO  db.DBStoreBuilder (DBStoreBuilder.java:addTable(110)) - using custom profile for table: s3Table
2019-08-01 16:10:10,934 INFO  db.DBStoreBuilder (DBStoreBuilder.java:processTables(161)) - Using default column profile:DBProfile.DISK for Table:s3Table
2019-08-01 16:10:10,934 INFO  db.DBStoreBuilder (DBStoreBuilder.java:addTable(110)) - using custom profile for table: multipartInfoTable
2019-08-01 16:10:10,934 INFO  db.DBStoreBuilder (DBStoreBuilder.java:processTables(161)) - Using default column profile:DBProfile.DISK for Table:multipartInfoTable
2019-08-01 16:10:10,935 INFO  db.DBStoreBuilder (DBStoreBuilder.java:addTable(110)) - using custom profile for table: dTokenTable
2019-08-01 16:10:10,935 INFO  db.DBStoreBuilder (DBStoreBuilder.java:processTables(161)) - Using default column profile:DBProfile.DISK for Table:dTokenTable
2019-08-01 16:10:10,935 INFO  db.DBStoreBuilder (DBStoreBuilder.java:addTable(110)) - using custom profile for table: s3SecretTable
2019-08-01 16:10:10,935 INFO  db.DBStoreBuilder (DBStoreBuilder.java:processTables(161)) - Using default column profile:DBProfile.DISK for Table:s3SecretTable
2019-08-01 16:10:10,935 INFO  db.DBStoreBuilder (DBStoreBuilder.java:addTable(110)) - using custom profile for table: prefixTable
2019-08-01 16:10:10,935 INFO  db.DBStoreBuilder (DBStoreBuilder.java:processTables(161)) - Using default column profile:DBProfile.DISK for Table:prefixTable
2019-08-01 16:10:10,936 INFO  db.DBStoreBuilder (DBStoreBuilder.java:addTable(110)) - using custom profile for table: default
2019-08-01 16:10:10,936 INFO  db.DBStoreBuilder (DBStoreBuilder.java:processTables(167)) - Using default column profile:DBProfile.DISK for Table:default
2019-08-01 16:10:10,936 INFO  db.DBStoreBuilder (DBStoreBuilder.java:getDbProfile(198)) - Using default options. DBProfile.DISK
2019-08-01 16:10:11,365 INFO  ipc.CallQueueManager (CallQueueManager.java:<init>(84)) - Using callQueue: class java.util.concurrent.LinkedBlockingQueue, queueCapacity: 2000, scheduler: class org.apache.hadoop.ipc.DefaultRpcScheduler, ipcBackoff: false.
2019-08-01 16:10:11,366 INFO  ipc.Server (Server.java:run(1074)) - Starting Socket Reader #1 for port 34826
2019-08-01 16:10:11,382 INFO  om.OzoneManager (OzoneManager.java:start(1255)) - OzoneManager RPC server is listening at localhost/127.0.0.1:34826
2019-08-01 16:10:11,383 INFO  impl.MetricsSystemImpl (MetricsSystemImpl.java:init(158)) - OzoneManager metrics system started (again)
2019-08-01 16:10:11,384 INFO  ipc.Server (Server.java:run(1314)) - IPC Server Responder: starting
2019-08-01 16:10:11,384 INFO  ipc.Server (Server.java:run(1153)) - IPC Server listener on 34826: starting
2019-08-01 16:10:11,389 INFO  hdfs.DFSUtil (DFSUtil.java:httpServerTemplateForNNAndJN(1641)) - Starting Web-server for ozoneManager at: http://0.0.0.0:0
2019-08-01 16:10:11,390 INFO  server.AuthenticationFilter (AuthenticationFilter.java:constructSecretProvider(240)) - Unable to initialize FileSignerSecretProvider, falling back to use random secrets.
2019-08-01 16:10:11,391 WARN  http.HttpRequestLog (HttpRequestLog.java:getRequestLog(97)) - Jetty request log can only be enabled using Log4j
2019-08-01 16:10:11,393 INFO  http.HttpServer2 (HttpServer2.java:addGlobalFilter(975)) - Added global filter 'safety' (class=org.apache.hadoop.http.HttpServer2$QuotingInputFilter)
2019-08-01 16:10:11,393 INFO  http.HttpServer2 (HttpServer2.java:addFilter(948)) - Added filter static_user_filter (class=org.apache.hadoop.http.lib.StaticUserWebFilter$StaticUserFilter) to context ozoneManager
2019-08-01 16:10:11,394 INFO  http.HttpServer2 (HttpServer2.java:addFilter(958)) - Added filter static_user_filter (class=org.apache.hadoop.http.lib.StaticUserWebFilter$StaticUserFilter) to context logs
2019-08-01 16:10:11,394 INFO  http.HttpServer2 (HttpServer2.java:addFilter(958)) - Added filter static_user_filter (class=org.apache.hadoop.http.lib.StaticUserWebFilter$StaticUserFilter) to context static
2019-08-01 16:10:11,395 INFO  http.HttpServer2 (HttpServer2.java:bindListener(1191)) - Jetty bound to port 34150
2019-08-01 16:10:11,395 INFO  server.Server (Server.java:doStart(351)) - jetty-9.3.24.v20180605, build timestamp: 2018-06-05T17:11:56Z, git hash: 84205aa28f11a4f31f2a3b86d1bba2cc8ab69827
2019-08-01 16:10:11,396 INFO  handler.ContextHandler (ContextHandler.java:doStart(781)) - Started o.e.j.s.ServletContextHandler@3e2ee637{/logs,file:///workdir/hadoop-ozone/integration-test/target/log,AVAILABLE}
2019-08-01 16:10:11,397 INFO  handler.ContextHandler (ContextHandler.java:doStart(781)) - Started o.e.j.s.ServletContextHandler@492e9e87{/static,file:///workdir/hadoop-ozone/integration-test/target/test-classes/webapps/static,AVAILABLE}
2019-08-01 16:10:11,402 INFO  handler.ContextHandler (ContextHandler.java:doStart(781)) - Started o.e.j.w.WebAppContext@5457123a{/,file:///workdir/hadoop-ozone/integration-test/target/test-classes/webapps/ozoneManager/,AVAILABLE}{/ozoneManager}
2019-08-01 16:10:11,402 INFO  server.AbstractConnector (AbstractConnector.java:doStart(278)) - Started ServerConnector@4690a37e{HTTP/1.1,[http/1.1]}{0.0.0.0:34150}
2019-08-01 16:10:11,403 INFO  server.Server (Server.java:doStart(419)) - Started @531571ms
2019-08-01 16:10:11,404 INFO  server.BaseHttpServer (BaseHttpServer.java:updateConnectorAddress(207)) - HTTP server of OZONEMANAGER is listening at http://0.0.0.0:34150
2019-08-01 16:10:11,421 INFO  impl.MetricsSystemImpl (MetricsSystemImpl.java:init(158)) - HddsDatanode metrics system started (again)
2019-08-01 16:10:11,423 INFO  ozone.HddsDatanodeService (HddsDatanodeService.java:start(184)) - HddsDatanodeService host:byscane-nightly-hwqnr-1260472869 ip:192.168.157.209
2019-08-01 16:10:11,435 INFO  volume.HddsVolume (HddsVolume.java:<init>(176)) - Creating Volume: /workdir/hadoop-ozone/integration-test/target/test-dir/MiniOzoneClusterImpl-6929c718-98ba-4c80-af26-32389b17b551/datanode-0/data/containers/hdds of  storage type : DISK and capacity : 52710309888
2019-08-01 16:10:11,435 INFO  volume.VolumeSet (VolumeSet.java:initializeVolumeSet(170)) - Added Volume : /workdir/hadoop-ozone/integration-test/target/test-dir/MiniOzoneClusterImpl-6929c718-98ba-4c80-af26-32389b17b551/datanode-0/data/containers/hdds to VolumeSet
2019-08-01 16:10:11,435 INFO  volume.ThrottledAsyncChecker (ThrottledAsyncChecker.java:schedule(140)) - Scheduling a check for org.apache.hadoop.ozone.container.common.volume.HddsVolume@4c7d19bf
2019-08-01 16:10:11,436 INFO  volume.HddsVolumeChecker (HddsVolumeChecker.java:checkAllVolumes(203)) - Scheduled health check for volume org.apache.hadoop.ozone.container.common.volume.HddsVolume@4c7d19bf
2019-08-01 16:10:11,451 INFO  impl.RaftServerProxy (ConfUtils.java:logGet(43)) - raft.rpc.type = GRPC (default)
2019-08-01 16:10:11,451 INFO  grpc.GrpcFactory (GrpcFactory.java:checkPooledByteBufAllocatorUseCacheForAllThreads(45)) - PERFORMANCE WARNING: useCacheForAllThreads is true that may cause Netty to create a lot garbage objects and, as a result, trigger GC.
	It is recommended to disable useCacheForAllThreads by setting -Dorg.apache.ratis.thirdparty.io.netty.allocator.useCacheForAllThreads=false in command line.
2019-08-01 16:10:11,451 INFO  grpc.GrpcConfigKeys$Server (ConfUtils.java:logGet(43)) - raft.grpc.server.port = 0 (default)
2019-08-01 16:10:11,451 INFO  server.GrpcService (ConfUtils.java:logGet(43)) - raft.grpc.message.size.max = 33570816 (custom)
2019-08-01 16:10:11,452 INFO  server.RaftServerConfigKeys (ConfUtils.java:logGet(43)) - raft.server.log.appender.buffer.byte-limit = 33554432 (custom)
2019-08-01 16:10:11,452 INFO  server.GrpcService (ConfUtils.java:logGet(43)) - raft.grpc.flow.control.window = 1MB (=1048576) (default)
2019-08-01 16:10:11,452 INFO  server.RaftServerConfigKeys (ConfUtils.java:logGet(43)) - raft.server.rpc.request.timeout = 3000ms (default)
2019-08-01 16:10:11,452 INFO  server.RaftServerConfigKeys (ConfUtils.java:logGet(43)) - raft.server.storage.dir = [/workdir/hadoop-ozone/integration-test/target/test-dir/MiniOzoneClusterImpl-6929c718-98ba-4c80-af26-32389b17b551/datanode-0/data/ratis] (custom)
2019-08-01 16:10:11,453 INFO  replication.SimpleContainerDownloader (SimpleContainerDownloader.java:<init>(72)) - Starting container downloader service to copy containers to replicate.
2019-08-01 16:10:11,454 INFO  hdfs.DFSUtil (DFSUtil.java:httpServerTemplateForNNAndJN(1641)) - Starting Web-server for hddsDatanode at: http://0.0.0.0:0
2019-08-01 16:10:11,455 INFO  server.AuthenticationFilter (AuthenticationFilter.java:constructSecretProvider(240)) - Unable to initialize FileSignerSecretProvider, falling back to use random secrets.
2019-08-01 16:10:11,456 WARN  http.HttpRequestLog (HttpRequestLog.java:getRequestLog(97)) - Jetty request log can only be enabled using Log4j
2019-08-01 16:10:11,457 INFO  http.HttpServer2 (HttpServer2.java:addGlobalFilter(975)) - Added global filter 'safety' (class=org.apache.hadoop.http.HttpServer2$QuotingInputFilter)
2019-08-01 16:10:11,457 INFO  http.HttpServer2 (HttpServer2.java:addFilter(948)) - Added filter static_user_filter (class=org.apache.hadoop.http.lib.StaticUserWebFilter$StaticUserFilter) to context hddsDatanode
2019-08-01 16:10:11,458 INFO  http.HttpServer2 (HttpServer2.java:addFilter(958)) - Added filter static_user_filter (class=org.apache.hadoop.http.lib.StaticUserWebFilter$StaticUserFilter) to context logs
2019-08-01 16:10:11,458 INFO  http.HttpServer2 (HttpServer2.java:addFilter(958)) - Added filter static_user_filter (class=org.apache.hadoop.http.lib.StaticUserWebFilter$StaticUserFilter) to context static
2019-08-01 16:10:11,458 INFO  http.HttpServer2 (HttpServer2.java:bindListener(1191)) - Jetty bound to port 38449
2019-08-01 16:10:11,458 INFO  server.Server (Server.java:doStart(351)) - jetty-9.3.24.v20180605, build timestamp: 2018-06-05T17:11:56Z, git hash: 84205aa28f11a4f31f2a3b86d1bba2cc8ab69827
2019-08-01 16:10:11,460 INFO  handler.ContextHandler (ContextHandler.java:doStart(781)) - Started o.e.j.s.ServletContextHandler@472dc215{/logs,file:///workdir/hadoop-ozone/integration-test/target/log,AVAILABLE}
2019-08-01 16:10:11,461 INFO  handler.ContextHandler (ContextHandler.java:doStart(781)) - Started o.e.j.s.ServletContextHandler@37bac0f4{/static,jar:file:/home/user/.m2/repository/org/apache/hadoop/hadoop-hdds-container-service/0.4.1-SNAPSHOT/hadoop-hdds-container-service-0.4.1-SNAPSHOT.jar!/webapps/static,AVAILABLE}
2019-08-01 16:10:11,491 INFO  handler.ContextHandler (ContextHandler.java:doStart(781)) - Started o.e.j.w.WebAppContext@52984065{/,file:///tmp/jetty-0.0.0.0-38449-hddsDatanode-_-any-1130696021701627079.dir/webapp/,AVAILABLE}{/hddsDatanode}
2019-08-01 16:10:11,491 INFO  server.AbstractConnector (AbstractConnector.java:doStart(278)) - Started ServerConnector@6dd59886{HTTP/1.1,[http/1.1]}{0.0.0.0:38449}
2019-08-01 16:10:11,491 INFO  server.Server (Server.java:doStart(419)) - Started @531659ms
2019-08-01 16:10:11,493 INFO  server.BaseHttpServer (BaseHttpServer.java:updateConnectorAddress(207)) - HTTP server of HDDSDATANODE is listening at http://0.0.0.0:38449
2019-08-01 16:10:11,594 INFO  ozone.HddsDatanodeService (HddsDatanodeService.java:startPlugins(395)) - Started plug-in org.apache.hadoop.ozone.web.OzoneHddsDatanodeService@2edc6690
2019-08-01 16:10:11,594 INFO  impl.MetricsSystemImpl (MetricsSystemImpl.java:init(158)) - HddsDatanode metrics system started (again)
2019-08-01 16:10:11,596 INFO  ozone.HddsDatanodeService (HddsDatanodeService.java:start(184)) - HddsDatanodeService host:byscane-nightly-hwqnr-1260472869 ip:192.168.157.209
2019-08-01 16:10:11,597 INFO  util.JvmPauseMonitor (JvmPauseMonitor.java:run(188)) - Starting JVM pause monitor
2019-08-01 16:10:11,598 INFO  datanode.InitDatanodeState (InitDatanodeState.java:persistContainerDatanodeDetails(140)) - DatanodeDetails is persisted to /workdir/hadoop-ozone/integration-test/target/test-dir/MiniOzoneClusterImpl-6929c718-98ba-4c80-af26-32389b17b551/datanode-0/meta/datanode.id
2019-08-01 16:10:11,607 INFO  volume.HddsVolume (HddsVolume.java:<init>(176)) - Creating Volume: /workdir/hadoop-ozone/integration-test/target/test-dir/MiniOzoneClusterImpl-6929c718-98ba-4c80-af26-32389b17b551/datanode-1/data/containers/hdds of  storage type : DISK and capacity : 52710309888
2019-08-01 16:10:11,607 INFO  volume.VolumeSet (VolumeSet.java:initializeVolumeSet(170)) - Added Volume : /workdir/hadoop-ozone/integration-test/target/test-dir/MiniOzoneClusterImpl-6929c718-98ba-4c80-af26-32389b17b551/datanode-1/data/containers/hdds to VolumeSet
2019-08-01 16:10:11,607 INFO  volume.ThrottledAsyncChecker (ThrottledAsyncChecker.java:schedule(140)) - Scheduling a check for org.apache.hadoop.ozone.container.common.volume.HddsVolume@47d7e8b5
2019-08-01 16:10:11,608 INFO  volume.HddsVolumeChecker (HddsVolumeChecker.java:checkAllVolumes(203)) - Scheduled health check for volume org.apache.hadoop.ozone.container.common.volume.HddsVolume@47d7e8b5
2019-08-01 16:10:11,619 INFO  impl.RaftServerProxy (ConfUtils.java:logGet(43)) - raft.rpc.type = GRPC (default)
2019-08-01 16:10:11,619 INFO  grpc.GrpcFactory (GrpcFactory.java:checkPooledByteBufAllocatorUseCacheForAllThreads(45)) - PERFORMANCE WARNING: useCacheForAllThreads is true that may cause Netty to create a lot garbage objects and, as a result, trigger GC.
	It is recommended to disable useCacheForAllThreads by setting -Dorg.apache.ratis.thirdparty.io.netty.allocator.useCacheForAllThreads=false in command line.
2019-08-01 16:10:11,619 INFO  grpc.GrpcConfigKeys$Server (ConfUtils.java:logGet(43)) - raft.grpc.server.port = 0 (default)
2019-08-01 16:10:11,619 INFO  server.GrpcService (ConfUtils.java:logGet(43)) - raft.grpc.message.size.max = 33570816 (custom)
2019-08-01 16:10:11,619 INFO  server.RaftServerConfigKeys (ConfUtils.java:logGet(43)) - raft.server.log.appender.buffer.byte-limit = 33554432 (custom)
2019-08-01 16:10:11,620 INFO  server.GrpcService (ConfUtils.java:logGet(43)) - raft.grpc.flow.control.window = 1MB (=1048576) (default)
2019-08-01 16:10:11,620 INFO  server.RaftServerConfigKeys (ConfUtils.java:logGet(43)) - raft.server.rpc.request.timeout = 3000ms (default)
2019-08-01 16:10:11,620 INFO  server.RaftServerConfigKeys (ConfUtils.java:logGet(43)) - raft.server.storage.dir = [/workdir/hadoop-ozone/integration-test/target/test-dir/MiniOzoneClusterImpl-6929c718-98ba-4c80-af26-32389b17b551/datanode-1/data/ratis] (custom)
2019-08-01 16:10:11,621 INFO  replication.SimpleContainerDownloader (SimpleContainerDownloader.java:<init>(72)) - Starting container downloader service to copy containers to replicate.
2019-08-01 16:10:11,621 INFO  hdfs.DFSUtil (DFSUtil.java:httpServerTemplateForNNAndJN(1641)) - Starting Web-server for hddsDatanode at: http://0.0.0.0:0
2019-08-01 16:10:11,622 INFO  server.AuthenticationFilter (AuthenticationFilter.java:constructSecretProvider(240)) - Unable to initialize FileSignerSecretProvider, falling back to use random secrets.
2019-08-01 16:10:11,623 WARN  http.HttpRequestLog (HttpRequestLog.java:getRequestLog(97)) - Jetty request log can only be enabled using Log4j
2019-08-01 16:10:11,624 INFO  http.HttpServer2 (HttpServer2.java:addGlobalFilter(975)) - Added global filter 'safety' (class=org.apache.hadoop.http.HttpServer2$QuotingInputFilter)
2019-08-01 16:10:11,624 INFO  http.HttpServer2 (HttpServer2.java:addFilter(948)) - Added filter static_user_filter (class=org.apache.hadoop.http.lib.StaticUserWebFilter$StaticUserFilter) to context hddsDatanode
2019-08-01 16:10:11,624 INFO  http.HttpServer2 (HttpServer2.java:addFilter(958)) - Added filter static_user_filter (class=org.apache.hadoop.http.lib.StaticUserWebFilter$StaticUserFilter) to context static
2019-08-01 16:10:11,625 INFO  http.HttpServer2 (HttpServer2.java:addFilter(958)) - Added filter static_user_filter (class=org.apache.hadoop.http.lib.StaticUserWebFilter$StaticUserFilter) to context logs
2019-08-01 16:10:11,625 INFO  http.HttpServer2 (HttpServer2.java:bindListener(1191)) - Jetty bound to port 34596
2019-08-01 16:10:11,625 INFO  server.Server (Server.java:doStart(351)) - jetty-9.3.24.v20180605, build timestamp: 2018-06-05T17:11:56Z, git hash: 84205aa28f11a4f31f2a3b86d1bba2cc8ab69827
2019-08-01 16:10:11,627 INFO  handler.ContextHandler (ContextHandler.java:doStart(781)) - Started o.e.j.s.ServletContextHandler@68b4e7b5{/logs,file:///workdir/hadoop-ozone/integration-test/target/log,AVAILABLE}
2019-08-01 16:10:11,627 INFO  handler.ContextHandler (ContextHandler.java:doStart(781)) - Started o.e.j.s.ServletContextHandler@5ace902e{/static,jar:file:/home/user/.m2/repository/org/apache/hadoop/hadoop-hdds-container-service/0.4.1-SNAPSHOT/hadoop-hdds-container-service-0.4.1-SNAPSHOT.jar!/webapps/static,AVAILABLE}
2019-08-01 16:10:11,653 INFO  handler.ContextHandler (ContextHandler.java:doStart(781)) - Started o.e.j.w.WebAppContext@feb57b4{/,file:///tmp/jetty-0.0.0.0-34596-hddsDatanode-_-any-577639195498245372.dir/webapp/,AVAILABLE}{/hddsDatanode}
2019-08-01 16:10:11,653 INFO  server.AbstractConnector (AbstractConnector.java:doStart(278)) - Started ServerConnector@7893b8c{HTTP/1.1,[http/1.1]}{0.0.0.0:34596}
2019-08-01 16:10:11,653 INFO  server.Server (Server.java:doStart(419)) - Started @531821ms
2019-08-01 16:10:11,655 INFO  server.BaseHttpServer (BaseHttpServer.java:updateConnectorAddress(207)) - HTTP server of HDDSDATANODE is listening at http://0.0.0.0:34596
2019-08-01 16:10:11,751 INFO  ozone.HddsDatanodeService (HddsDatanodeService.java:startPlugins(395)) - Started plug-in org.apache.hadoop.ozone.web.OzoneHddsDatanodeService@68c05c5b
2019-08-01 16:10:11,752 INFO  impl.MetricsSystemImpl (MetricsSystemImpl.java:init(158)) - HddsDatanode metrics system started (again)
2019-08-01 16:10:11,754 INFO  ozone.HddsDatanodeService (HddsDatanodeService.java:start(184)) - HddsDatanodeService host:byscane-nightly-hwqnr-1260472869 ip:192.168.157.209
2019-08-01 16:10:11,755 INFO  util.JvmPauseMonitor (JvmPauseMonitor.java:run(188)) - Starting JVM pause monitor
2019-08-01 16:10:11,756 INFO  datanode.InitDatanodeState (InitDatanodeState.java:persistContainerDatanodeDetails(140)) - DatanodeDetails is persisted to /workdir/hadoop-ozone/integration-test/target/test-dir/MiniOzoneClusterImpl-6929c718-98ba-4c80-af26-32389b17b551/datanode-1/meta/datanode.id
2019-08-01 16:10:11,764 INFO  volume.HddsVolume (HddsVolume.java:<init>(176)) - Creating Volume: /workdir/hadoop-ozone/integration-test/target/test-dir/MiniOzoneClusterImpl-6929c718-98ba-4c80-af26-32389b17b551/datanode-2/data/containers/hdds of  storage type : DISK and capacity : 52710309888
2019-08-01 16:10:11,765 INFO  volume.VolumeSet (VolumeSet.java:initializeVolumeSet(170)) - Added Volume : /workdir/hadoop-ozone/integration-test/target/test-dir/MiniOzoneClusterImpl-6929c718-98ba-4c80-af26-32389b17b551/datanode-2/data/containers/hdds to VolumeSet
2019-08-01 16:10:11,765 INFO  volume.ThrottledAsyncChecker (ThrottledAsyncChecker.java:schedule(140)) - Scheduling a check for org.apache.hadoop.ozone.container.common.volume.HddsVolume@5c21b22e
2019-08-01 16:10:11,765 INFO  volume.HddsVolumeChecker (HddsVolumeChecker.java:checkAllVolumes(203)) - Scheduled health check for volume org.apache.hadoop.ozone.container.common.volume.HddsVolume@5c21b22e
2019-08-01 16:10:11,777 INFO  impl.RaftServerProxy (ConfUtils.java:logGet(43)) - raft.rpc.type = GRPC (default)
2019-08-01 16:10:11,777 INFO  grpc.GrpcFactory (GrpcFactory.java:checkPooledByteBufAllocatorUseCacheForAllThreads(45)) - PERFORMANCE WARNING: useCacheForAllThreads is true that may cause Netty to create a lot garbage objects and, as a result, trigger GC.
	It is recommended to disable useCacheForAllThreads by setting -Dorg.apache.ratis.thirdparty.io.netty.allocator.useCacheForAllThreads=false in command line.
2019-08-01 16:10:11,777 INFO  grpc.GrpcConfigKeys$Server (ConfUtils.java:logGet(43)) - raft.grpc.server.port = 0 (default)
2019-08-01 16:10:11,777 INFO  server.GrpcService (ConfUtils.java:logGet(43)) - raft.grpc.message.size.max = 33570816 (custom)
2019-08-01 16:10:11,777 INFO  server.RaftServerConfigKeys (ConfUtils.java:logGet(43)) - raft.server.log.appender.buffer.byte-limit = 33554432 (custom)
2019-08-01 16:10:11,778 INFO  server.GrpcService (ConfUtils.java:logGet(43)) - raft.grpc.flow.control.window = 1MB (=1048576) (default)
2019-08-01 16:10:11,778 INFO  server.RaftServerConfigKeys (ConfUtils.java:logGet(43)) - raft.server.rpc.request.timeout = 3000ms (default)
2019-08-01 16:10:11,778 INFO  server.RaftServerConfigKeys (ConfUtils.java:logGet(43)) - raft.server.storage.dir = [/workdir/hadoop-ozone/integration-test/target/test-dir/MiniOzoneClusterImpl-6929c718-98ba-4c80-af26-32389b17b551/datanode-2/data/ratis] (custom)
2019-08-01 16:10:11,779 INFO  replication.SimpleContainerDownloader (SimpleContainerDownloader.java:<init>(72)) - Starting container downloader service to copy containers to replicate.
2019-08-01 16:10:11,779 INFO  hdfs.DFSUtil (DFSUtil.java:httpServerTemplateForNNAndJN(1641)) - Starting Web-server for hddsDatanode at: http://0.0.0.0:0
2019-08-01 16:10:11,780 INFO  server.AuthenticationFilter (AuthenticationFilter.java:constructSecretProvider(240)) - Unable to initialize FileSignerSecretProvider, falling back to use random secrets.
2019-08-01 16:10:11,781 WARN  http.HttpRequestLog (HttpRequestLog.java:getRequestLog(97)) - Jetty request log can only be enabled using Log4j
2019-08-01 16:10:11,782 INFO  http.HttpServer2 (HttpServer2.java:addGlobalFilter(975)) - Added global filter 'safety' (class=org.apache.hadoop.http.HttpServer2$QuotingInputFilter)
2019-08-01 16:10:11,782 INFO  http.HttpServer2 (HttpServer2.java:addFilter(948)) - Added filter static_user_filter (class=org.apache.hadoop.http.lib.StaticUserWebFilter$StaticUserFilter) to context hddsDatanode
2019-08-01 16:10:11,783 INFO  http.HttpServer2 (HttpServer2.java:addFilter(958)) - Added filter static_user_filter (class=org.apache.hadoop.http.lib.StaticUserWebFilter$StaticUserFilter) to context static
2019-08-01 16:10:11,783 INFO  http.HttpServer2 (HttpServer2.java:addFilter(958)) - Added filter static_user_filter (class=org.apache.hadoop.http.lib.StaticUserWebFilter$StaticUserFilter) to context logs
2019-08-01 16:10:11,783 INFO  http.HttpServer2 (HttpServer2.java:bindListener(1191)) - Jetty bound to port 39136
2019-08-01 16:10:11,783 INFO  server.Server (Server.java:doStart(351)) - jetty-9.3.24.v20180605, build timestamp: 2018-06-05T17:11:56Z, git hash: 84205aa28f11a4f31f2a3b86d1bba2cc8ab69827
2019-08-01 16:10:11,785 INFO  handler.ContextHandler (ContextHandler.java:doStart(781)) - Started o.e.j.s.ServletContextHandler@58d635de{/logs,file:///workdir/hadoop-ozone/integration-test/target/log,AVAILABLE}
2019-08-01 16:10:11,785 INFO  handler.ContextHandler (ContextHandler.java:doStart(781)) - Started o.e.j.s.ServletContextHandler@7d1b96b9{/static,jar:file:/home/user/.m2/repository/org/apache/hadoop/hadoop-hdds-container-service/0.4.1-SNAPSHOT/hadoop-hdds-container-service-0.4.1-SNAPSHOT.jar!/webapps/static,AVAILABLE}
2019-08-01 16:10:11,811 INFO  handler.ContextHandler (ContextHandler.java:doStart(781)) - Started o.e.j.w.WebAppContext@4a1abba1{/,file:///tmp/jetty-0.0.0.0-39136-hddsDatanode-_-any-2131755404644792099.dir/webapp/,AVAILABLE}{/hddsDatanode}
2019-08-01 16:10:11,811 INFO  server.AbstractConnector (AbstractConnector.java:doStart(278)) - Started ServerConnector@67263db7{HTTP/1.1,[http/1.1]}{0.0.0.0:39136}
2019-08-01 16:10:11,811 INFO  server.Server (Server.java:doStart(419)) - Started @531979ms
2019-08-01 16:10:11,814 INFO  server.BaseHttpServer (BaseHttpServer.java:updateConnectorAddress(207)) - HTTP server of HDDSDATANODE is listening at http://0.0.0.0:39136
2019-08-01 16:10:11,910 INFO  ozone.HddsDatanodeService (HddsDatanodeService.java:startPlugins(395)) - Started plug-in org.apache.hadoop.ozone.web.OzoneHddsDatanodeService@67d6bb59
2019-08-01 16:10:11,910 INFO  impl.MetricsSystemImpl (MetricsSystemImpl.java:init(158)) - HddsDatanode metrics system started (again)
2019-08-01 16:10:11,913 INFO  ozone.HddsDatanodeService (HddsDatanodeService.java:start(184)) - HddsDatanodeService host:byscane-nightly-hwqnr-1260472869 ip:192.168.157.209
2019-08-01 16:10:11,913 INFO  util.JvmPauseMonitor (JvmPauseMonitor.java:run(188)) - Starting JVM pause monitor
2019-08-01 16:10:11,914 INFO  datanode.InitDatanodeState (InitDatanodeState.java:persistContainerDatanodeDetails(140)) - DatanodeDetails is persisted to /workdir/hadoop-ozone/integration-test/target/test-dir/MiniOzoneClusterImpl-6929c718-98ba-4c80-af26-32389b17b551/datanode-2/meta/datanode.id
2019-08-01 16:10:11,923 INFO  volume.HddsVolume (HddsVolume.java:<init>(176)) - Creating Volume: /workdir/hadoop-ozone/integration-test/target/test-dir/MiniOzoneClusterImpl-6929c718-98ba-4c80-af26-32389b17b551/datanode-3/data/containers/hdds of  storage type : DISK and capacity : 52710309888
2019-08-01 16:10:11,923 INFO  volume.VolumeSet (VolumeSet.java:initializeVolumeSet(170)) - Added Volume : /workdir/hadoop-ozone/integration-test/target/test-dir/MiniOzoneClusterImpl-6929c718-98ba-4c80-af26-32389b17b551/datanode-3/data/containers/hdds to VolumeSet
2019-08-01 16:10:11,923 INFO  volume.ThrottledAsyncChecker (ThrottledAsyncChecker.java:schedule(140)) - Scheduling a check for org.apache.hadoop.ozone.container.common.volume.HddsVolume@9677f54
2019-08-01 16:10:11,924 INFO  volume.HddsVolumeChecker (HddsVolumeChecker.java:checkAllVolumes(203)) - Scheduled health check for volume org.apache.hadoop.ozone.container.common.volume.HddsVolume@9677f54
2019-08-01 16:10:11,935 INFO  impl.RaftServerProxy (ConfUtils.java:logGet(43)) - raft.rpc.type = GRPC (default)
2019-08-01 16:10:11,935 INFO  grpc.GrpcFactory (GrpcFactory.java:checkPooledByteBufAllocatorUseCacheForAllThreads(45)) - PERFORMANCE WARNING: useCacheForAllThreads is true that may cause Netty to create a lot garbage objects and, as a result, trigger GC.
	It is recommended to disable useCacheForAllThreads by setting -Dorg.apache.ratis.thirdparty.io.netty.allocator.useCacheForAllThreads=false in command line.
2019-08-01 16:10:11,936 INFO  grpc.GrpcConfigKeys$Server (ConfUtils.java:logGet(43)) - raft.grpc.server.port = 0 (default)
2019-08-01 16:10:11,936 INFO  server.GrpcService (ConfUtils.java:logGet(43)) - raft.grpc.message.size.max = 33570816 (custom)
2019-08-01 16:10:11,936 INFO  server.RaftServerConfigKeys (ConfUtils.java:logGet(43)) - raft.server.log.appender.buffer.byte-limit = 33554432 (custom)
2019-08-01 16:10:11,936 INFO  server.GrpcService (ConfUtils.java:logGet(43)) - raft.grpc.flow.control.window = 1MB (=1048576) (default)
2019-08-01 16:10:11,936 INFO  server.RaftServerConfigKeys (ConfUtils.java:logGet(43)) - raft.server.rpc.request.timeout = 3000ms (default)
2019-08-01 16:10:11,937 INFO  server.RaftServerConfigKeys (ConfUtils.java:logGet(43)) - raft.server.storage.dir = [/workdir/hadoop-ozone/integration-test/target/test-dir/MiniOzoneClusterImpl-6929c718-98ba-4c80-af26-32389b17b551/datanode-3/data/ratis] (custom)
2019-08-01 16:10:11,937 INFO  replication.SimpleContainerDownloader (SimpleContainerDownloader.java:<init>(72)) - Starting container downloader service to copy containers to replicate.
2019-08-01 16:10:11,938 INFO  hdfs.DFSUtil (DFSUtil.java:httpServerTemplateForNNAndJN(1641)) - Starting Web-server for hddsDatanode at: http://0.0.0.0:0
2019-08-01 16:10:11,939 INFO  server.AuthenticationFilter (AuthenticationFilter.java:constructSecretProvider(240)) - Unable to initialize FileSignerSecretProvider, falling back to use random secrets.
2019-08-01 16:10:11,939 WARN  http.HttpRequestLog (HttpRequestLog.java:getRequestLog(97)) - Jetty request log can only be enabled using Log4j
2019-08-01 16:10:11,940 INFO  http.HttpServer2 (HttpServer2.java:addGlobalFilter(975)) - Added global filter 'safety' (class=org.apache.hadoop.http.HttpServer2$QuotingInputFilter)
2019-08-01 16:10:11,941 INFO  http.HttpServer2 (HttpServer2.java:addFilter(948)) - Added filter static_user_filter (class=org.apache.hadoop.http.lib.StaticUserWebFilter$StaticUserFilter) to context hddsDatanode
2019-08-01 16:10:11,941 INFO  http.HttpServer2 (HttpServer2.java:addFilter(958)) - Added filter static_user_filter (class=org.apache.hadoop.http.lib.StaticUserWebFilter$StaticUserFilter) to context static
2019-08-01 16:10:11,941 INFO  http.HttpServer2 (HttpServer2.java:addFilter(958)) - Added filter static_user_filter (class=org.apache.hadoop.http.lib.StaticUserWebFilter$StaticUserFilter) to context logs
2019-08-01 16:10:11,942 INFO  http.HttpServer2 (HttpServer2.java:bindListener(1191)) - Jetty bound to port 42827
2019-08-01 16:10:11,942 INFO  server.Server (Server.java:doStart(351)) - jetty-9.3.24.v20180605, build timestamp: 2018-06-05T17:11:56Z, git hash: 84205aa28f11a4f31f2a3b86d1bba2cc8ab69827
2019-08-01 16:10:11,943 INFO  handler.ContextHandler (ContextHandler.java:doStart(781)) - Started o.e.j.s.ServletContextHandler@5713e35f{/logs,file:///workdir/hadoop-ozone/integration-test/target/log,AVAILABLE}
2019-08-01 16:10:11,943 INFO  handler.ContextHandler (ContextHandler.java:doStart(781)) - Started o.e.j.s.ServletContextHandler@c42ee90{/static,jar:file:/home/user/.m2/repository/org/apache/hadoop/hadoop-hdds-container-service/0.4.1-SNAPSHOT/hadoop-hdds-container-service-0.4.1-SNAPSHOT.jar!/webapps/static,AVAILABLE}
2019-08-01 16:10:11,969 INFO  handler.ContextHandler (ContextHandler.java:doStart(781)) - Started o.e.j.w.WebAppContext@566dc0c3{/,file:///tmp/jetty-0.0.0.0-42827-hddsDatanode-_-any-4837280992538492522.dir/webapp/,AVAILABLE}{/hddsDatanode}
2019-08-01 16:10:11,970 INFO  server.AbstractConnector (AbstractConnector.java:doStart(278)) - Started ServerConnector@c925ae1{HTTP/1.1,[http/1.1]}{0.0.0.0:42827}
2019-08-01 16:10:11,970 INFO  server.Server (Server.java:doStart(419)) - Started @532138ms
2019-08-01 16:10:11,971 INFO  server.BaseHttpServer (BaseHttpServer.java:updateConnectorAddress(207)) - HTTP server of HDDSDATANODE is listening at http://0.0.0.0:42827
2019-08-01 16:10:12,196 INFO  ozone.HddsDatanodeService (HddsDatanodeService.java:startPlugins(395)) - Started plug-in org.apache.hadoop.ozone.web.OzoneHddsDatanodeService@571360b2
2019-08-01 16:10:12,196 INFO  impl.MetricsSystemImpl (MetricsSystemImpl.java:init(158)) - HddsDatanode metrics system started (again)
2019-08-01 16:10:12,199 INFO  ozone.HddsDatanodeService (HddsDatanodeService.java:start(184)) - HddsDatanodeService host:byscane-nightly-hwqnr-1260472869 ip:192.168.157.209
2019-08-01 16:10:12,199 INFO  util.JvmPauseMonitor (JvmPauseMonitor.java:run(188)) - Starting JVM pause monitor
2019-08-01 16:10:12,201 INFO  datanode.InitDatanodeState (InitDatanodeState.java:persistContainerDatanodeDetails(140)) - DatanodeDetails is persisted to /workdir/hadoop-ozone/integration-test/target/test-dir/MiniOzoneClusterImpl-6929c718-98ba-4c80-af26-32389b17b551/datanode-3/meta/datanode.id
2019-08-01 16:10:12,210 INFO  volume.HddsVolume (HddsVolume.java:<init>(176)) - Creating Volume: /workdir/hadoop-ozone/integration-test/target/test-dir/MiniOzoneClusterImpl-6929c718-98ba-4c80-af26-32389b17b551/datanode-4/data/containers/hdds of  storage type : DISK and capacity : 52710309888
2019-08-01 16:10:12,211 INFO  volume.VolumeSet (VolumeSet.java:initializeVolumeSet(170)) - Added Volume : /workdir/hadoop-ozone/integration-test/target/test-dir/MiniOzoneClusterImpl-6929c718-98ba-4c80-af26-32389b17b551/datanode-4/data/containers/hdds to VolumeSet
2019-08-01 16:10:12,211 INFO  volume.ThrottledAsyncChecker (ThrottledAsyncChecker.java:schedule(140)) - Scheduling a check for org.apache.hadoop.ozone.container.common.volume.HddsVolume@4a0dd851
2019-08-01 16:10:12,211 INFO  volume.HddsVolumeChecker (HddsVolumeChecker.java:checkAllVolumes(203)) - Scheduled health check for volume org.apache.hadoop.ozone.container.common.volume.HddsVolume@4a0dd851
2019-08-01 16:10:12,224 INFO  impl.RaftServerProxy (ConfUtils.java:logGet(43)) - raft.rpc.type = GRPC (default)
2019-08-01 16:10:12,224 INFO  grpc.GrpcFactory (GrpcFactory.java:checkPooledByteBufAllocatorUseCacheForAllThreads(45)) - PERFORMANCE WARNING: useCacheForAllThreads is true that may cause Netty to create a lot garbage objects and, as a result, trigger GC.
	It is recommended to disable useCacheForAllThreads by setting -Dorg.apache.ratis.thirdparty.io.netty.allocator.useCacheForAllThreads=false in command line.
2019-08-01 16:10:12,224 INFO  grpc.GrpcConfigKeys$Server (ConfUtils.java:logGet(43)) - raft.grpc.server.port = 0 (default)
2019-08-01 16:10:12,224 INFO  server.GrpcService (ConfUtils.java:logGet(43)) - raft.grpc.message.size.max = 33570816 (custom)
2019-08-01 16:10:12,224 INFO  server.RaftServerConfigKeys (ConfUtils.java:logGet(43)) - raft.server.log.appender.buffer.byte-limit = 33554432 (custom)
2019-08-01 16:10:12,225 INFO  server.GrpcService (ConfUtils.java:logGet(43)) - raft.grpc.flow.control.window = 1MB (=1048576) (default)
2019-08-01 16:10:12,225 INFO  server.RaftServerConfigKeys (ConfUtils.java:logGet(43)) - raft.server.rpc.request.timeout = 3000ms (default)
2019-08-01 16:10:12,225 INFO  server.RaftServerConfigKeys (ConfUtils.java:logGet(43)) - raft.server.storage.dir = [/workdir/hadoop-ozone/integration-test/target/test-dir/MiniOzoneClusterImpl-6929c718-98ba-4c80-af26-32389b17b551/datanode-4/data/ratis] (custom)
2019-08-01 16:10:12,226 INFO  replication.SimpleContainerDownloader (SimpleContainerDownloader.java:<init>(72)) - Starting container downloader service to copy containers to replicate.
2019-08-01 16:10:12,226 INFO  hdfs.DFSUtil (DFSUtil.java:httpServerTemplateForNNAndJN(1641)) - Starting Web-server for hddsDatanode at: http://0.0.0.0:0
2019-08-01 16:10:12,228 INFO  server.AuthenticationFilter (AuthenticationFilter.java:constructSecretProvider(240)) - Unable to initialize FileSignerSecretProvider, falling back to use random secrets.
2019-08-01 16:10:12,228 WARN  http.HttpRequestLog (HttpRequestLog.java:getRequestLog(97)) - Jetty request log can only be enabled using Log4j
2019-08-01 16:10:12,229 INFO  http.HttpServer2 (HttpServer2.java:addGlobalFilter(975)) - Added global filter 'safety' (class=org.apache.hadoop.http.HttpServer2$QuotingInputFilter)
2019-08-01 16:10:12,229 INFO  http.HttpServer2 (HttpServer2.java:addFilter(948)) - Added filter static_user_filter (class=org.apache.hadoop.http.lib.StaticUserWebFilter$StaticUserFilter) to context hddsDatanode
2019-08-01 16:10:12,229 INFO  http.HttpServer2 (HttpServer2.java:addFilter(958)) - Added filter static_user_filter (class=org.apache.hadoop.http.lib.StaticUserWebFilter$StaticUserFilter) to context logs
2019-08-01 16:10:12,230 INFO  http.HttpServer2 (HttpServer2.java:addFilter(958)) - Added filter static_user_filter (class=org.apache.hadoop.http.lib.StaticUserWebFilter$StaticUserFilter) to context static
2019-08-01 16:10:12,230 INFO  http.HttpServer2 (HttpServer2.java:bindListener(1191)) - Jetty bound to port 35393
2019-08-01 16:10:12,230 INFO  server.Server (Server.java:doStart(351)) - jetty-9.3.24.v20180605, build timestamp: 2018-06-05T17:11:56Z, git hash: 84205aa28f11a4f31f2a3b86d1bba2cc8ab69827
2019-08-01 16:10:12,232 INFO  handler.ContextHandler (ContextHandler.java:doStart(781)) - Started o.e.j.s.ServletContextHandler@64648af1{/logs,file:///workdir/hadoop-ozone/integration-test/target/log,AVAILABLE}
2019-08-01 16:10:12,232 INFO  handler.ContextHandler (ContextHandler.java:doStart(781)) - Started o.e.j.s.ServletContextHandler@4adb2b87{/static,jar:file:/home/user/.m2/repository/org/apache/hadoop/hadoop-hdds-container-service/0.4.1-SNAPSHOT/hadoop-hdds-container-service-0.4.1-SNAPSHOT.jar!/webapps/static,AVAILABLE}
2019-08-01 16:10:12,258 INFO  handler.ContextHandler (ContextHandler.java:doStart(781)) - Started o.e.j.w.WebAppContext@18f493d7{/,file:///tmp/jetty-0.0.0.0-35393-hddsDatanode-_-any-8170583065442777035.dir/webapp/,AVAILABLE}{/hddsDatanode}
2019-08-01 16:10:12,258 INFO  server.AbstractConnector (AbstractConnector.java:doStart(278)) - Started ServerConnector@2d036335{HTTP/1.1,[http/1.1]}{0.0.0.0:35393}
2019-08-01 16:10:12,258 INFO  server.Server (Server.java:doStart(419)) - Started @532426ms
2019-08-01 16:10:12,260 INFO  server.BaseHttpServer (BaseHttpServer.java:updateConnectorAddress(207)) - HTTP server of HDDSDATANODE is listening at http://0.0.0.0:35393
2019-08-01 16:10:12,358 INFO  ozone.HddsDatanodeService (HddsDatanodeService.java:startPlugins(395)) - Started plug-in org.apache.hadoop.ozone.web.OzoneHddsDatanodeService@6347ebbc
2019-08-01 16:10:12,359 INFO  impl.MetricsSystemImpl (MetricsSystemImpl.java:init(158)) - HddsDatanode metrics system started (again)
2019-08-01 16:10:12,362 INFO  ozone.HddsDatanodeService (HddsDatanodeService.java:start(184)) - HddsDatanodeService host:byscane-nightly-hwqnr-1260472869 ip:192.168.157.209
2019-08-01 16:10:12,362 INFO  util.JvmPauseMonitor (JvmPauseMonitor.java:run(188)) - Starting JVM pause monitor
2019-08-01 16:10:12,363 INFO  datanode.InitDatanodeState (InitDatanodeState.java:persistContainerDatanodeDetails(140)) - DatanodeDetails is persisted to /workdir/hadoop-ozone/integration-test/target/test-dir/MiniOzoneClusterImpl-6929c718-98ba-4c80-af26-32389b17b551/datanode-4/meta/datanode.id
2019-08-01 16:10:12,372 INFO  volume.HddsVolume (HddsVolume.java:<init>(176)) - Creating Volume: /workdir/hadoop-ozone/integration-test/target/test-dir/MiniOzoneClusterImpl-6929c718-98ba-4c80-af26-32389b17b551/datanode-5/data/containers/hdds of  storage type : DISK and capacity : 52710309888
2019-08-01 16:10:12,372 INFO  volume.VolumeSet (VolumeSet.java:initializeVolumeSet(170)) - Added Volume : /workdir/hadoop-ozone/integration-test/target/test-dir/MiniOzoneClusterImpl-6929c718-98ba-4c80-af26-32389b17b551/datanode-5/data/containers/hdds to VolumeSet
2019-08-01 16:10:12,372 INFO  volume.ThrottledAsyncChecker (ThrottledAsyncChecker.java:schedule(140)) - Scheduling a check for org.apache.hadoop.ozone.container.common.volume.HddsVolume@5e2abb58
2019-08-01 16:10:12,373 INFO  volume.HddsVolumeChecker (HddsVolumeChecker.java:checkAllVolumes(203)) - Scheduled health check for volume org.apache.hadoop.ozone.container.common.volume.HddsVolume@5e2abb58
2019-08-01 16:10:12,386 INFO  impl.RaftServerProxy (ConfUtils.java:logGet(43)) - raft.rpc.type = GRPC (default)
2019-08-01 16:10:12,387 INFO  grpc.GrpcFactory (GrpcFactory.java:checkPooledByteBufAllocatorUseCacheForAllThreads(45)) - PERFORMANCE WARNING: useCacheForAllThreads is true that may cause Netty to create a lot garbage objects and, as a result, trigger GC.
	It is recommended to disable useCacheForAllThreads by setting -Dorg.apache.ratis.thirdparty.io.netty.allocator.useCacheForAllThreads=false in command line.
2019-08-01 16:10:12,387 INFO  grpc.GrpcConfigKeys$Server (ConfUtils.java:logGet(43)) - raft.grpc.server.port = 0 (default)
2019-08-01 16:10:12,387 INFO  server.GrpcService (ConfUtils.java:logGet(43)) - raft.grpc.message.size.max = 33570816 (custom)
2019-08-01 16:10:12,387 INFO  server.RaftServerConfigKeys (ConfUtils.java:logGet(43)) - raft.server.log.appender.buffer.byte-limit = 33554432 (custom)
2019-08-01 16:10:12,387 INFO  server.GrpcService (ConfUtils.java:logGet(43)) - raft.grpc.flow.control.window = 1MB (=1048576) (default)
2019-08-01 16:10:12,387 INFO  server.RaftServerConfigKeys (ConfUtils.java:logGet(43)) - raft.server.rpc.request.timeout = 3000ms (default)
2019-08-01 16:10:12,388 INFO  server.RaftServerConfigKeys (ConfUtils.java:logGet(43)) - raft.server.storage.dir = [/workdir/hadoop-ozone/integration-test/target/test-dir/MiniOzoneClusterImpl-6929c718-98ba-4c80-af26-32389b17b551/datanode-5/data/ratis] (custom)
2019-08-01 16:10:12,388 INFO  replication.SimpleContainerDownloader (SimpleContainerDownloader.java:<init>(72)) - Starting container downloader service to copy containers to replicate.
2019-08-01 16:10:12,389 INFO  hdfs.DFSUtil (DFSUtil.java:httpServerTemplateForNNAndJN(1641)) - Starting Web-server for hddsDatanode at: http://0.0.0.0:0
2019-08-01 16:10:12,390 INFO  server.AuthenticationFilter (AuthenticationFilter.java:constructSecretProvider(240)) - Unable to initialize FileSignerSecretProvider, falling back to use random secrets.
2019-08-01 16:10:12,391 WARN  http.HttpRequestLog (HttpRequestLog.java:getRequestLog(97)) - Jetty request log can only be enabled using Log4j
2019-08-01 16:10:12,392 INFO  http.HttpServer2 (HttpServer2.java:addGlobalFilter(975)) - Added global filter 'safety' (class=org.apache.hadoop.http.HttpServer2$QuotingInputFilter)
2019-08-01 16:10:12,392 INFO  http.HttpServer2 (HttpServer2.java:addFilter(948)) - Added filter static_user_filter (class=org.apache.hadoop.http.lib.StaticUserWebFilter$StaticUserFilter) to context hddsDatanode
2019-08-01 16:10:12,392 INFO  http.HttpServer2 (HttpServer2.java:addFilter(958)) - Added filter static_user_filter (class=org.apache.hadoop.http.lib.StaticUserWebFilter$StaticUserFilter) to context logs
2019-08-01 16:10:12,392 INFO  http.HttpServer2 (HttpServer2.java:addFilter(958)) - Added filter static_user_filter (class=org.apache.hadoop.http.lib.StaticUserWebFilter$StaticUserFilter) to context static
2019-08-01 16:10:12,393 INFO  http.HttpServer2 (HttpServer2.java:bindListener(1191)) - Jetty bound to port 44268
2019-08-01 16:10:12,393 INFO  server.Server (Server.java:doStart(351)) - jetty-9.3.24.v20180605, build timestamp: 2018-06-05T17:11:56Z, git hash: 84205aa28f11a4f31f2a3b86d1bba2cc8ab69827
2019-08-01 16:10:12,394 INFO  handler.ContextHandler (ContextHandler.java:doStart(781)) - Started o.e.j.s.ServletContextHandler@7b80ac30{/logs,file:///workdir/hadoop-ozone/integration-test/target/log,AVAILABLE}
2019-08-01 16:10:12,395 INFO  handler.ContextHandler (ContextHandler.java:doStart(781)) - Started o.e.j.s.ServletContextHandler@f61f06e{/static,jar:file:/home/user/.m2/repository/org/apache/hadoop/hadoop-hdds-container-service/0.4.1-SNAPSHOT/hadoop-hdds-container-service-0.4.1-SNAPSHOT.jar!/webapps/static,AVAILABLE}
2019-08-01 16:10:12,421 INFO  handler.ContextHandler (ContextHandler.java:doStart(781)) - Started o.e.j.w.WebAppContext@6d4dac56{/,file:///tmp/jetty-0.0.0.0-44268-hddsDatanode-_-any-4256695787584819043.dir/webapp/,AVAILABLE}{/hddsDatanode}
2019-08-01 16:10:12,421 INFO  server.AbstractConnector (AbstractConnector.java:doStart(278)) - Started ServerConnector@2ce7d43{HTTP/1.1,[http/1.1]}{0.0.0.0:44268}
2019-08-01 16:10:12,421 INFO  server.Server (Server.java:doStart(419)) - Started @532589ms
2019-08-01 16:10:12,423 INFO  server.BaseHttpServer (BaseHttpServer.java:updateConnectorAddress(207)) - HTTP server of HDDSDATANODE is listening at http://0.0.0.0:44268
2019-08-01 16:10:12,521 INFO  ozone.HddsDatanodeService (HddsDatanodeService.java:startPlugins(395)) - Started plug-in org.apache.hadoop.ozone.web.OzoneHddsDatanodeService@6049b4c9
2019-08-01 16:10:12,521 INFO  impl.MetricsSystemImpl (MetricsSystemImpl.java:init(158)) - HddsDatanode metrics system started (again)
2019-08-01 16:10:12,526 INFO  ozone.HddsDatanodeService (HddsDatanodeService.java:start(184)) - HddsDatanodeService host:byscane-nightly-hwqnr-1260472869 ip:192.168.157.209
2019-08-01 16:10:12,526 INFO  util.JvmPauseMonitor (JvmPauseMonitor.java:run(188)) - Starting JVM pause monitor
2019-08-01 16:10:12,527 INFO  datanode.InitDatanodeState (InitDatanodeState.java:persistContainerDatanodeDetails(140)) - DatanodeDetails is persisted to /workdir/hadoop-ozone/integration-test/target/test-dir/MiniOzoneClusterImpl-6929c718-98ba-4c80-af26-32389b17b551/datanode-5/meta/datanode.id
2019-08-01 16:10:12,538 INFO  volume.HddsVolume (HddsVolume.java:<init>(176)) - Creating Volume: /workdir/hadoop-ozone/integration-test/target/test-dir/MiniOzoneClusterImpl-6929c718-98ba-4c80-af26-32389b17b551/datanode-6/data/containers/hdds of  storage type : DISK and capacity : 52710309888
2019-08-01 16:10:12,538 INFO  volume.VolumeSet (VolumeSet.java:initializeVolumeSet(170)) - Added Volume : /workdir/hadoop-ozone/integration-test/target/test-dir/MiniOzoneClusterImpl-6929c718-98ba-4c80-af26-32389b17b551/datanode-6/data/containers/hdds to VolumeSet
2019-08-01 16:10:12,538 INFO  volume.ThrottledAsyncChecker (ThrottledAsyncChecker.java:schedule(140)) - Scheduling a check for org.apache.hadoop.ozone.container.common.volume.HddsVolume@452d4bb2
2019-08-01 16:10:12,539 INFO  volume.HddsVolumeChecker (HddsVolumeChecker.java:checkAllVolumes(203)) - Scheduled health check for volume org.apache.hadoop.ozone.container.common.volume.HddsVolume@452d4bb2
2019-08-01 16:10:12,564 INFO  impl.RaftServerProxy (ConfUtils.java:logGet(43)) - raft.rpc.type = GRPC (default)
2019-08-01 16:10:12,564 INFO  grpc.GrpcFactory (GrpcFactory.java:checkPooledByteBufAllocatorUseCacheForAllThreads(45)) - PERFORMANCE WARNING: useCacheForAllThreads is true that may cause Netty to create a lot garbage objects and, as a result, trigger GC.
	It is recommended to disable useCacheForAllThreads by setting -Dorg.apache.ratis.thirdparty.io.netty.allocator.useCacheForAllThreads=false in command line.
2019-08-01 16:10:12,564 INFO  grpc.GrpcConfigKeys$Server (ConfUtils.java:logGet(43)) - raft.grpc.server.port = 0 (default)
2019-08-01 16:10:12,564 INFO  server.GrpcService (ConfUtils.java:logGet(43)) - raft.grpc.message.size.max = 33570816 (custom)
2019-08-01 16:10:12,564 INFO  server.RaftServerConfigKeys (ConfUtils.java:logGet(43)) - raft.server.log.appender.buffer.byte-limit = 33554432 (custom)
2019-08-01 16:10:12,564 INFO  server.GrpcService (ConfUtils.java:logGet(43)) - raft.grpc.flow.control.window = 1MB (=1048576) (default)
2019-08-01 16:10:12,565 INFO  server.RaftServerConfigKeys (ConfUtils.java:logGet(43)) - raft.server.rpc.request.timeout = 3000ms (default)
2019-08-01 16:10:12,565 INFO  server.RaftServerConfigKeys (ConfUtils.java:logGet(43)) - raft.server.storage.dir = [/workdir/hadoop-ozone/integration-test/target/test-dir/MiniOzoneClusterImpl-6929c718-98ba-4c80-af26-32389b17b551/datanode-6/data/ratis] (custom)
2019-08-01 16:10:12,565 INFO  replication.SimpleContainerDownloader (SimpleContainerDownloader.java:<init>(72)) - Starting container downloader service to copy containers to replicate.
2019-08-01 16:10:12,566 INFO  hdfs.DFSUtil (DFSUtil.java:httpServerTemplateForNNAndJN(1641)) - Starting Web-server for hddsDatanode at: http://0.0.0.0:0
2019-08-01 16:10:12,568 INFO  server.AuthenticationFilter (AuthenticationFilter.java:constructSecretProvider(240)) - Unable to initialize FileSignerSecretProvider, falling back to use random secrets.
2019-08-01 16:10:12,569 WARN  http.HttpRequestLog (HttpRequestLog.java:getRequestLog(97)) - Jetty request log can only be enabled using Log4j
2019-08-01 16:10:12,571 INFO  http.HttpServer2 (HttpServer2.java:addGlobalFilter(975)) - Added global filter 'safety' (class=org.apache.hadoop.http.HttpServer2$QuotingInputFilter)
2019-08-01 16:10:12,571 INFO  http.HttpServer2 (HttpServer2.java:addFilter(948)) - Added filter static_user_filter (class=org.apache.hadoop.http.lib.StaticUserWebFilter$StaticUserFilter) to context hddsDatanode
2019-08-01 16:10:12,572 INFO  http.HttpServer2 (HttpServer2.java:addFilter(958)) - Added filter static_user_filter (class=org.apache.hadoop.http.lib.StaticUserWebFilter$StaticUserFilter) to context logs
2019-08-01 16:10:12,572 INFO  http.HttpServer2 (HttpServer2.java:addFilter(958)) - Added filter static_user_filter (class=org.apache.hadoop.http.lib.StaticUserWebFilter$StaticUserFilter) to context static
2019-08-01 16:10:12,573 INFO  http.HttpServer2 (HttpServer2.java:bindListener(1191)) - Jetty bound to port 39520
2019-08-01 16:10:12,573 INFO  server.Server (Server.java:doStart(351)) - jetty-9.3.24.v20180605, build timestamp: 2018-06-05T17:11:56Z, git hash: 84205aa28f11a4f31f2a3b86d1bba2cc8ab69827
2019-08-01 16:10:12,575 INFO  handler.ContextHandler (ContextHandler.java:doStart(781)) - Started o.e.j.s.ServletContextHandler@28357fc3{/logs,file:///workdir/hadoop-ozone/integration-test/target/log,AVAILABLE}
2019-08-01 16:10:12,576 INFO  handler.ContextHandler (ContextHandler.java:doStart(781)) - Started o.e.j.s.ServletContextHandler@25058759{/static,jar:file:/home/user/.m2/repository/org/apache/hadoop/hadoop-hdds-container-service/0.4.1-SNAPSHOT/hadoop-hdds-container-service-0.4.1-SNAPSHOT.jar!/webapps/static,AVAILABLE}
2019-08-01 16:10:12,618 INFO  handler.ContextHandler (ContextHandler.java:doStart(781)) - Started o.e.j.w.WebAppContext@201f0e84{/,file:///tmp/jetty-0.0.0.0-39520-hddsDatanode-_-any-1053294334721536020.dir/webapp/,AVAILABLE}{/hddsDatanode}
2019-08-01 16:10:12,619 INFO  server.AbstractConnector (AbstractConnector.java:doStart(278)) - Started ServerConnector@5629e904{HTTP/1.1,[http/1.1]}{0.0.0.0:39520}
2019-08-01 16:10:12,626 INFO  server.Server (Server.java:doStart(419)) - Started @532794ms
2019-08-01 16:10:12,627 INFO  server.BaseHttpServer (BaseHttpServer.java:updateConnectorAddress(207)) - HTTP server of HDDSDATANODE is listening at http://0.0.0.0:39520
2019-08-01 16:10:12,735 INFO  ozone.HddsDatanodeService (HddsDatanodeService.java:startPlugins(395)) - Started plug-in org.apache.hadoop.ozone.web.OzoneHddsDatanodeService@3bf31f3e
2019-08-01 16:10:12,736 INFO  ozone.MiniOzoneClusterImpl (MiniOzoneClusterImpl.java:lambda$waitForClusterToBeReady$0(142)) - Waiting for cluster to be ready. Got 0 of 7 DN Heartbeats.
2019-08-01 16:10:12,737 INFO  util.JvmPauseMonitor (JvmPauseMonitor.java:run(188)) - Starting JVM pause monitor
2019-08-01 16:10:12,739 INFO  datanode.InitDatanodeState (InitDatanodeState.java:persistContainerDatanodeDetails(140)) - DatanodeDetails is persisted to /workdir/hadoop-ozone/integration-test/target/test-dir/MiniOzoneClusterImpl-6929c718-98ba-4c80-af26-32389b17b551/datanode-6/meta/datanode.id
2019-08-01 16:10:13,618 INFO  ozoneimpl.OzoneContainer (OzoneContainer.java:start(186)) - Attempting to start container services.
2019-08-01 16:10:13,618 INFO  ozoneimpl.OzoneContainer (OzoneContainer.java:startContainerScrub(160)) - Background container scrubber has been disabled by hdds.containerscrub.enabled
2019-08-01 16:10:13,618 INFO  ratis.XceiverServerRatis (XceiverServerRatis.java:start(404)) - Starting XceiverServerRatis 8f792503-75b4-459c-8926-4d158fd32eed at port 0
2019-08-01 16:10:13,626 INFO  impl.RaftServerProxy (RaftServerProxy.java:lambda$start$3(299)) - 8f792503-75b4-459c-8926-4d158fd32eed: start RPC server
2019-08-01 16:10:13,627 INFO  server.GrpcService (GrpcService.java:startImpl(149)) - 8f792503-75b4-459c-8926-4d158fd32eed: GrpcService started, listening on 0.0.0.0/0.0.0.0:34002
2019-08-01 16:10:13,628 INFO  ratis.XceiverServerRatis (XceiverServerRatis.java:start(414)) - XceiverServerRatis 8f792503-75b4-459c-8926-4d158fd32eed is started using port 34002
2019-08-01 16:10:13,628 INFO  server.XceiverServerGrpc (XceiverServerGrpc.java:start(161)) - XceiverServerGrpc 8f792503-75b4-459c-8926-4d158fd32eed is started using port 36684
2019-08-01 16:10:13,736 INFO  ozone.MiniOzoneClusterImpl (MiniOzoneClusterImpl.java:lambda$waitForClusterToBeReady$0(142)) - Waiting for cluster to be ready. Got 0 of 7 DN Heartbeats.
2019-08-01 16:10:13,770 INFO  ozoneimpl.OzoneContainer (OzoneContainer.java:start(186)) - Attempting to start container services.
2019-08-01 16:10:13,771 INFO  ozoneimpl.OzoneContainer (OzoneContainer.java:startContainerScrub(160)) - Background container scrubber has been disabled by hdds.containerscrub.enabled
2019-08-01 16:10:13,771 INFO  ratis.XceiverServerRatis (XceiverServerRatis.java:start(404)) - Starting XceiverServerRatis 976271c6-8508-4caf-a7ed-e6a4d951a8cc at port 0
2019-08-01 16:10:13,779 INFO  impl.RaftServerProxy (RaftServerProxy.java:lambda$start$3(299)) - 976271c6-8508-4caf-a7ed-e6a4d951a8cc: start RPC server
2019-08-01 16:10:13,779 INFO  server.GrpcService (GrpcService.java:startImpl(149)) - 976271c6-8508-4caf-a7ed-e6a4d951a8cc: GrpcService started, listening on 0.0.0.0/0.0.0.0:38959
2019-08-01 16:10:13,780 INFO  ratis.XceiverServerRatis (XceiverServerRatis.java:start(414)) - XceiverServerRatis 976271c6-8508-4caf-a7ed-e6a4d951a8cc is started using port 38959
2019-08-01 16:10:13,780 INFO  server.XceiverServerGrpc (XceiverServerGrpc.java:start(161)) - XceiverServerGrpc 976271c6-8508-4caf-a7ed-e6a4d951a8cc is started using port 42089
2019-08-01 16:10:13,927 INFO  ozoneimpl.OzoneContainer (OzoneContainer.java:start(186)) - Attempting to start container services.
2019-08-01 16:10:13,927 INFO  ozoneimpl.OzoneContainer (OzoneContainer.java:startContainerScrub(160)) - Background container scrubber has been disabled by hdds.containerscrub.enabled
2019-08-01 16:10:13,927 INFO  ratis.XceiverServerRatis (XceiverServerRatis.java:start(404)) - Starting XceiverServerRatis 58c3945a-c064-4e78-aad5-24c1380eaaf1 at port 0
2019-08-01 16:10:13,935 INFO  impl.RaftServerProxy (RaftServerProxy.java:lambda$start$3(299)) - 58c3945a-c064-4e78-aad5-24c1380eaaf1: start RPC server
2019-08-01 16:10:13,938 INFO  server.GrpcService (GrpcService.java:startImpl(149)) - 58c3945a-c064-4e78-aad5-24c1380eaaf1: GrpcService started, listening on 0.0.0.0/0.0.0.0:40194
2019-08-01 16:10:13,938 INFO  ratis.XceiverServerRatis (XceiverServerRatis.java:start(414)) - XceiverServerRatis 58c3945a-c064-4e78-aad5-24c1380eaaf1 is started using port 40194
2019-08-01 16:10:13,938 INFO  server.XceiverServerGrpc (XceiverServerGrpc.java:start(161)) - XceiverServerGrpc 58c3945a-c064-4e78-aad5-24c1380eaaf1 is started using port 44202
2019-08-01 16:10:14,215 INFO  ozoneimpl.OzoneContainer (OzoneContainer.java:start(186)) - Attempting to start container services.
2019-08-01 16:10:14,215 INFO  ozoneimpl.OzoneContainer (OzoneContainer.java:startContainerScrub(160)) - Background container scrubber has been disabled by hdds.containerscrub.enabled
2019-08-01 16:10:14,215 INFO  ratis.XceiverServerRatis (XceiverServerRatis.java:start(404)) - Starting XceiverServerRatis a2b0b871-5a56-4d55-be94-a0c23679df5a at port 0
2019-08-01 16:10:14,224 INFO  impl.RaftServerProxy (RaftServerProxy.java:lambda$start$3(299)) - a2b0b871-5a56-4d55-be94-a0c23679df5a: start RPC server
2019-08-01 16:10:14,224 INFO  server.GrpcService (GrpcService.java:startImpl(149)) - a2b0b871-5a56-4d55-be94-a0c23679df5a: GrpcService started, listening on 0.0.0.0/0.0.0.0:37192
2019-08-01 16:10:14,225 INFO  ratis.XceiverServerRatis (XceiverServerRatis.java:start(414)) - XceiverServerRatis a2b0b871-5a56-4d55-be94-a0c23679df5a is started using port 37192
2019-08-01 16:10:14,225 INFO  server.XceiverServerGrpc (XceiverServerGrpc.java:start(161)) - XceiverServerGrpc a2b0b871-5a56-4d55-be94-a0c23679df5a is started using port 42707
2019-08-01 16:10:14,376 INFO  ozoneimpl.OzoneContainer (OzoneContainer.java:start(186)) - Attempting to start container services.
2019-08-01 16:10:14,377 INFO  ozoneimpl.OzoneContainer (OzoneContainer.java:startContainerScrub(160)) - Background container scrubber has been disabled by hdds.containerscrub.enabled
2019-08-01 16:10:14,377 INFO  ratis.XceiverServerRatis (XceiverServerRatis.java:start(404)) - Starting XceiverServerRatis 2a71459f-3024-44de-b2e6-f891a8154f4c at port 0
2019-08-01 16:10:14,386 INFO  impl.RaftServerProxy (RaftServerProxy.java:lambda$start$3(299)) - 2a71459f-3024-44de-b2e6-f891a8154f4c: start RPC server
2019-08-01 16:10:14,390 INFO  server.GrpcService (GrpcService.java:startImpl(149)) - 2a71459f-3024-44de-b2e6-f891a8154f4c: GrpcService started, listening on 0.0.0.0/0.0.0.0:38343
2019-08-01 16:10:14,390 INFO  ratis.XceiverServerRatis (XceiverServerRatis.java:start(414)) - XceiverServerRatis 2a71459f-3024-44de-b2e6-f891a8154f4c is started using port 38343
2019-08-01 16:10:14,391 INFO  server.XceiverServerGrpc (XceiverServerGrpc.java:start(161)) - XceiverServerGrpc 2a71459f-3024-44de-b2e6-f891a8154f4c is started using port 41483
2019-08-01 16:10:14,540 INFO  ozoneimpl.OzoneContainer (OzoneContainer.java:start(186)) - Attempting to start container services.
2019-08-01 16:10:14,540 INFO  ozoneimpl.OzoneContainer (OzoneContainer.java:startContainerScrub(160)) - Background container scrubber has been disabled by hdds.containerscrub.enabled
2019-08-01 16:10:14,540 INFO  ratis.XceiverServerRatis (XceiverServerRatis.java:start(404)) - Starting XceiverServerRatis f869cb8a-3af6-447d-9fc7-4131cd544fff at port 0
2019-08-01 16:10:14,549 INFO  impl.RaftServerProxy (RaftServerProxy.java:lambda$start$3(299)) - f869cb8a-3af6-447d-9fc7-4131cd544fff: start RPC server
2019-08-01 16:10:14,549 INFO  server.GrpcService (GrpcService.java:startImpl(149)) - f869cb8a-3af6-447d-9fc7-4131cd544fff: GrpcService started, listening on 0.0.0.0/0.0.0.0:40407
2019-08-01 16:10:14,550 INFO  ratis.XceiverServerRatis (XceiverServerRatis.java:start(414)) - XceiverServerRatis f869cb8a-3af6-447d-9fc7-4131cd544fff is started using port 40407
2019-08-01 16:10:14,550 INFO  server.XceiverServerGrpc (XceiverServerGrpc.java:start(161)) - XceiverServerGrpc f869cb8a-3af6-447d-9fc7-4131cd544fff is started using port 40743
2019-08-01 16:10:14,737 INFO  ozone.MiniOzoneClusterImpl (MiniOzoneClusterImpl.java:lambda$waitForClusterToBeReady$0(142)) - Waiting for cluster to be ready. Got 0 of 7 DN Heartbeats.
2019-08-01 16:10:14,752 INFO  ozoneimpl.OzoneContainer (OzoneContainer.java:start(186)) - Attempting to start container services.
2019-08-01 16:10:14,752 INFO  ozoneimpl.OzoneContainer (OzoneContainer.java:startContainerScrub(160)) - Background container scrubber has been disabled by hdds.containerscrub.enabled
2019-08-01 16:10:14,753 INFO  ratis.XceiverServerRatis (XceiverServerRatis.java:start(404)) - Starting XceiverServerRatis 6c123193-9863-47d5-a357-7f0dbebba377 at port 0
2019-08-01 16:10:14,760 INFO  impl.RaftServerProxy (RaftServerProxy.java:lambda$start$3(299)) - 6c123193-9863-47d5-a357-7f0dbebba377: start RPC server
2019-08-01 16:10:14,761 INFO  server.GrpcService (GrpcService.java:startImpl(149)) - 6c123193-9863-47d5-a357-7f0dbebba377: GrpcService started, listening on 0.0.0.0/0.0.0.0:39163
2019-08-01 16:10:14,761 INFO  ratis.XceiverServerRatis (XceiverServerRatis.java:start(414)) - XceiverServerRatis 6c123193-9863-47d5-a357-7f0dbebba377 is started using port 39163
2019-08-01 16:10:14,762 INFO  server.XceiverServerGrpc (XceiverServerGrpc.java:start(161)) - XceiverServerGrpc 6c123193-9863-47d5-a357-7f0dbebba377 is started using port 46691
2019-08-01 16:10:15,602 INFO  net.NetworkTopology (NetworkTopologyImpl.java:add(110)) - Added a new node: /default-rack/8f792503-75b4-459c-8926-4d158fd32eed
2019-08-01 16:10:15,604 INFO  node.SCMNodeManager (SCMNodeManager.java:register(273)) - Registered Data node : 8f792503-75b4-459c-8926-4d158fd32eed{ip: 192.168.157.209, host: byscane-nightly-hwqnr-1260472869, networkLocation: /default-rack, certSerialId: null}
2019-08-01 16:10:15,605 INFO  safemode.SCMSafeModeManager (DataNodeSafeModeRule.java:process(71)) - SCM in safe mode. 1 DataNodes registered, 1 required.
2019-08-01 16:10:15,608 INFO  safemode.SCMSafeModeManager (SCMSafeModeManager.java:validateSafeModeExitRules(177)) - ScmSafeModeManager, all rules are successfully validated
2019-08-01 16:10:15,608 INFO  safemode.SCMSafeModeManager (SCMSafeModeManager.java:exitSafeMode(193)) - SCM exiting safe mode.
2019-08-01 16:10:15,631 INFO  impl.RaftServerProxy (RaftServerProxy.java:addNew(89)) - 8f792503-75b4-459c-8926-4d158fd32eed: addNew group-7C1A0140BCE6:[8f792503-75b4-459c-8926-4d158fd32eed:192.168.157.209:34002] returns group-7C1A0140BCE6:java.util.concurrent.CompletableFuture@40852ba9[Not completed]
2019-08-01 16:10:15,632 INFO  impl.RaftServerImpl (RaftServerImpl.java:<init>(93)) - 8f792503-75b4-459c-8926-4d158fd32eed: new RaftServerImpl for group-7C1A0140BCE6:[8f792503-75b4-459c-8926-4d158fd32eed:192.168.157.209:34002] with ContainerStateMachine:uninitialized
2019-08-01 16:10:15,632 INFO  server.RaftServerConfigKeys (ConfUtils.java:logGet(43)) - raft.server.rpc.timeout.min = 5s (custom)
2019-08-01 16:10:15,633 INFO  server.RaftServerConfigKeys (ConfUtils.java:logGet(43)) - raft.server.rpc.timeout.max = 5200ms (custom)
2019-08-01 16:10:15,633 INFO  server.RaftServerConfigKeys (ConfUtils.java:logGet(43)) - raft.server.rpcslowness.timeout = 120s (custom)
2019-08-01 16:10:15,633 INFO  server.RaftServerConfigKeys (ConfUtils.java:logGet(43)) - raft.server.sleep.deviation.threshold = 300 (default)
2019-08-01 16:10:15,633 INFO  server.RaftServerConfigKeys (ConfUtils.java:logGet(43)) - raft.server.log.appender.install.snapshot.enabled = false (custom)
2019-08-01 16:10:15,633 INFO  impl.RaftServerImpl (ServerState.java:<init>(105)) - 8f792503-75b4-459c-8926-4d158fd32eed:group-7C1A0140BCE6 ConfigurationManager, init=-1: [8f792503-75b4-459c-8926-4d158fd32eed:192.168.157.209:34002], old=null, confs=<EMPTY_MAP>
2019-08-01 16:10:15,633 INFO  server.RaftServerConfigKeys (ConfUtils.java:logGet(43)) - raft.server.storage.dir = [/workdir/hadoop-ozone/integration-test/target/test-dir/MiniOzoneClusterImpl-6929c718-98ba-4c80-af26-32389b17b551/datanode-0/data/ratis] (custom)
2019-08-01 16:10:15,634 INFO  storage.RaftStorageDirectory (RaftStorageDirectory.java:analyzeStorage(246)) - The storage directory /workdir/hadoop-ozone/integration-test/target/test-dir/MiniOzoneClusterImpl-6929c718-98ba-4c80-af26-32389b17b551/datanode-0/data/ratis/9f1e8e9f-b95e-420c-a130-7c1a0140bce6 does not exist. Creating ...
2019-08-01 16:10:15,647 INFO  storage.RaftStorageDirectory (RaftStorageDirectory.java:tryLock(328)) - Lock on /workdir/hadoop-ozone/integration-test/target/test-dir/MiniOzoneClusterImpl-6929c718-98ba-4c80-af26-32389b17b551/datanode-0/data/ratis/9f1e8e9f-b95e-420c-a130-7c1a0140bce6/in_use.lock acquired by nodename 32220@byscane-nightly-hwqnr-1260472869
2019-08-01 16:10:15,661 INFO  storage.RaftStorage (RaftStorage.java:format(72)) - Storage directory /workdir/hadoop-ozone/integration-test/target/test-dir/MiniOzoneClusterImpl-6929c718-98ba-4c80-af26-32389b17b551/datanode-0/data/ratis/9f1e8e9f-b95e-420c-a130-7c1a0140bce6 has been successfully formatted.
2019-08-01 16:10:15,661 INFO  ratis.ContainerStateMachine (ContainerStateMachine.java:loadSnapshot(213)) - group-7C1A0140BCE6: The snapshot info is null. Setting the last applied indexto:(t:0, i:~)
2019-08-01 16:10:15,662 INFO  server.RaftServerConfigKeys (ConfUtils.java:logGet(43)) - raft.server.leader.election.timeout = 120s (custom)
2019-08-01 16:10:15,662 INFO  server.RaftServerConfigKeys (ConfUtils.java:logGet(43)) - raft.server.log.use.memory = false (default)
2019-08-01 16:10:15,662 INFO  server.RaftServerConfigKeys (ConfUtils.java:logGet(43)) - raft.server.log.purge.gap = 1000000000 (custom)
2019-08-01 16:10:15,662 INFO  server.RaftServerConfigKeys (ConfUtils.java:logGet(43)) - raft.server.log.appender.buffer.byte-limit = 33554432 (custom)
2019-08-01 16:10:15,662 INFO  server.RaftServerConfigKeys (ConfUtils.java:logGet(43)) - raft.server.log.segment.size.max = 1048576 (custom)
2019-08-01 16:10:15,662 INFO  server.RaftServerConfigKeys (ConfUtils.java:logGet(43)) - raft.server.log.segment.cache.num.max = 2 (custom)
2019-08-01 16:10:15,663 INFO  segmented.SegmentedRaftLogWorker (SegmentedRaftLogWorker.java:<init>(172)) - new 8f792503-75b4-459c-8926-4d158fd32eed-SegmentedRaftLogWorker:Storage Directory /workdir/hadoop-ozone/integration-test/target/test-dir/MiniOzoneClusterImpl-6929c718-98ba-4c80-af26-32389b17b551/datanode-0/data/ratis/9f1e8e9f-b95e-420c-a130-7c1a0140bce6 for RaftStorage:Storage Directory /workdir/hadoop-ozone/integration-test/target/test-dir/MiniOzoneClusterImpl-6929c718-98ba-4c80-af26-32389b17b551/datanode-0/data/ratis/9f1e8e9f-b95e-420c-a130-7c1a0140bce6
2019-08-01 16:10:15,663 INFO  server.RaftServerConfigKeys (ConfUtils.java:logGet(43)) - raft.server.log.queue.byte-limit = 2147483647 (custom)
2019-08-01 16:10:15,663 INFO  server.RaftServerConfigKeys (ConfUtils.java:logGet(43)) - raft.server.log.queue.element-limit = 1024 (custom)
2019-08-01 16:10:15,663 INFO  server.RaftServerConfigKeys (ConfUtils.java:logGet(43)) - raft.server.log.segment.size.max = 1048576 (custom)
2019-08-01 16:10:15,663 INFO  server.RaftServerConfigKeys (ConfUtils.java:logGet(43)) - raft.server.log.preallocated.size = 16384 (custom)
2019-08-01 16:10:15,663 INFO  server.RaftServerConfigKeys (ConfUtils.java:logGet(43)) - raft.server.log.write.buffer.size = 33554432 (custom)
2019-08-01 16:10:15,664 INFO  server.RaftServerConfigKeys (ConfUtils.java:logGet(43)) - raft.server.log.force.sync.num = 128 (default)
2019-08-01 16:10:15,664 INFO  server.RaftServerConfigKeys (ConfUtils.java:logGet(43)) - raft.server.log.statemachine.data.sync = true (default)
2019-08-01 16:10:15,664 INFO  server.RaftServerConfigKeys (ConfUtils.java:logGet(43)) - raft.server.log.statemachine.data.sync.timeout = 10s (default)
2019-08-01 16:10:15,664 INFO  server.RaftServerConfigKeys (ConfUtils.java:logGet(43)) - raft.server.log.statemachine.data.sync.timeout.retry = -1 (default)
2019-08-01 16:10:15,664 INFO  server.RaftServerConfigKeys (ConfUtils.java:logGet(43)) - raft.server.log.statemachine.data.caching.enabled = true (custom)
2019-08-01 16:10:15,665 INFO  segmented.SegmentedRaftLogWorker (SegmentedRaftLogWorker.java:lambda$new$0(132)) - 8f792503-75b4-459c-8926-4d158fd32eed-SegmentedRaftLogWorker:Storage Directory /workdir/hadoop-ozone/integration-test/target/test-dir/MiniOzoneClusterImpl-6929c718-98ba-4c80-af26-32389b17b551/datanode-0/data/ratis/9f1e8e9f-b95e-420c-a130-7c1a0140bce6: flushIndex: setUnconditionally 0 -> -1
2019-08-01 16:10:15,665 INFO  server.RaftServerConfigKeys (ConfUtils.java:logGet(43)) - raft.server.snapshot.auto.trigger.enabled = true (custom)
2019-08-01 16:10:15,665 INFO  server.RaftServerConfigKeys (ConfUtils.java:logGet(43)) - raft.server.snapshot.auto.trigger.threshold = 10000 (custom)
2019-08-01 16:10:15,665 INFO  server.RaftServerConfigKeys (ConfUtils.java:logGet(43)) - raft.server.retrycache.expirytime = 600000ms (custom)
2019-08-01 16:10:15,666 INFO  impl.RaftServerImpl (RaftServerImpl.java:start(180)) - 8f792503-75b4-459c-8926-4d158fd32eed: start group-7C1A0140BCE6
2019-08-01 16:10:15,666 INFO  impl.RaftServerImpl (RaftServerImpl.java:setRole(171)) - 8f792503-75b4-459c-8926-4d158fd32eed:group-7C1A0140BCE6 changes role from null to FOLLOWER at term 0 for startAsFollower
2019-08-01 16:10:15,666 INFO  impl.RoleInfo (RoleInfo.java:updateAndGet(143)) - 8f792503-75b4-459c-8926-4d158fd32eed: start FollowerState
2019-08-01 16:10:15,667 INFO  util.JmxRegister (JmxRegister.java:tryRegister(44)) - Successfully registered JMX Bean with object name Ratis:service=RaftServer,group=group-7C1A0140BCE6,id=8f792503-75b4-459c-8926-4d158fd32eed
2019-08-01 16:10:15,670 INFO  pipeline.PipelineStateManager (PipelineStateManager.java:addPipeline(56)) - Created pipeline Pipeline[ Id: 9f1e8e9f-b95e-420c-a130-7c1a0140bce6, Nodes: 8f792503-75b4-459c-8926-4d158fd32eed{ip: 192.168.157.209, host: byscane-nightly-hwqnr-1260472869, networkLocation: /default-rack, certSerialId: null}, Type:RATIS, Factor:ONE, State:OPEN]
2019-08-01 16:10:15,737 INFO  ozone.MiniOzoneClusterImpl (MiniOzoneClusterImpl.java:lambda$waitForClusterToBeReady$0(142)) - Waiting for cluster to be ready. Got 1 of 7 DN Heartbeats.
2019-08-01 16:10:15,756 INFO  net.NetworkTopology (NetworkTopologyImpl.java:add(110)) - Added a new node: /default-rack/976271c6-8508-4caf-a7ed-e6a4d951a8cc
2019-08-01 16:10:15,756 INFO  node.SCMNodeManager (SCMNodeManager.java:register(273)) - Registered Data node : 976271c6-8508-4caf-a7ed-e6a4d951a8cc{ip: 192.168.157.209, host: byscane-nightly-hwqnr-1260472869, networkLocation: /default-rack, certSerialId: null}
2019-08-01 16:10:15,766 INFO  impl.RaftServerProxy (RaftServerProxy.java:addNew(89)) - 976271c6-8508-4caf-a7ed-e6a4d951a8cc: addNew group-863DAABFC52D:[976271c6-8508-4caf-a7ed-e6a4d951a8cc:192.168.157.209:38959] returns group-863DAABFC52D:java.util.concurrent.CompletableFuture@73effe70[Not completed]
2019-08-01 16:10:15,767 INFO  impl.RaftServerImpl (RaftServerImpl.java:<init>(93)) - 976271c6-8508-4caf-a7ed-e6a4d951a8cc: new RaftServerImpl for group-863DAABFC52D:[976271c6-8508-4caf-a7ed-e6a4d951a8cc:192.168.157.209:38959] with ContainerStateMachine:uninitialized
2019-08-01 16:10:15,767 INFO  server.RaftServerConfigKeys (ConfUtils.java:logGet(43)) - raft.server.rpc.timeout.min = 5s (custom)
2019-08-01 16:10:15,768 INFO  server.RaftServerConfigKeys (ConfUtils.java:logGet(43)) - raft.server.rpc.timeout.max = 5200ms (custom)
2019-08-01 16:10:15,768 INFO  server.RaftServerConfigKeys (ConfUtils.java:logGet(43)) - raft.server.rpcslowness.timeout = 120s (custom)
2019-08-01 16:10:15,768 INFO  server.RaftServerConfigKeys (ConfUtils.java:logGet(43)) - raft.server.sleep.deviation.threshold = 300 (default)
2019-08-01 16:10:15,768 INFO  server.RaftServerConfigKeys (ConfUtils.java:logGet(43)) - raft.server.log.appender.install.snapshot.enabled = false (custom)
2019-08-01 16:10:15,768 INFO  impl.RaftServerImpl (ServerState.java:<init>(105)) - 976271c6-8508-4caf-a7ed-e6a4d951a8cc:group-863DAABFC52D ConfigurationManager, init=-1: [976271c6-8508-4caf-a7ed-e6a4d951a8cc:192.168.157.209:38959], old=null, confs=<EMPTY_MAP>
2019-08-01 16:10:15,769 INFO  server.RaftServerConfigKeys (ConfUtils.java:logGet(43)) - raft.server.storage.dir = [/workdir/hadoop-ozone/integration-test/target/test-dir/MiniOzoneClusterImpl-6929c718-98ba-4c80-af26-32389b17b551/datanode-1/data/ratis] (custom)
2019-08-01 16:10:15,769 INFO  storage.RaftStorageDirectory (RaftStorageDirectory.java:analyzeStorage(246)) - The storage directory /workdir/hadoop-ozone/integration-test/target/test-dir/MiniOzoneClusterImpl-6929c718-98ba-4c80-af26-32389b17b551/datanode-1/data/ratis/0f84ac60-1829-4917-b616-863daabfc52d does not exist. Creating ...
2019-08-01 16:10:15,782 INFO  storage.RaftStorageDirectory (RaftStorageDirectory.java:tryLock(328)) - Lock on /workdir/hadoop-ozone/integration-test/target/test-dir/MiniOzoneClusterImpl-6929c718-98ba-4c80-af26-32389b17b551/datanode-1/data/ratis/0f84ac60-1829-4917-b616-863daabfc52d/in_use.lock acquired by nodename 32220@byscane-nightly-hwqnr-1260472869
2019-08-01 16:10:15,795 INFO  storage.RaftStorage (RaftStorage.java:format(72)) - Storage directory /workdir/hadoop-ozone/integration-test/target/test-dir/MiniOzoneClusterImpl-6929c718-98ba-4c80-af26-32389b17b551/datanode-1/data/ratis/0f84ac60-1829-4917-b616-863daabfc52d has been successfully formatted.
2019-08-01 16:10:15,795 INFO  ratis.ContainerStateMachine (ContainerStateMachine.java:loadSnapshot(213)) - group-863DAABFC52D: The snapshot info is null. Setting the last applied indexto:(t:0, i:~)
2019-08-01 16:10:15,795 INFO  server.RaftServerConfigKeys (ConfUtils.java:logGet(43)) - raft.server.leader.election.timeout = 120s (custom)
2019-08-01 16:10:15,796 INFO  server.RaftServerConfigKeys (ConfUtils.java:logGet(43)) - raft.server.log.use.memory = false (default)
2019-08-01 16:10:15,796 INFO  server.RaftServerConfigKeys (ConfUtils.java:logGet(43)) - raft.server.log.purge.gap = 1000000000 (custom)
2019-08-01 16:10:15,796 INFO  server.RaftServerConfigKeys (ConfUtils.java:logGet(43)) - raft.server.log.appender.buffer.byte-limit = 33554432 (custom)
2019-08-01 16:10:15,796 INFO  server.RaftServerConfigKeys (ConfUtils.java:logGet(43)) - raft.server.log.segment.size.max = 1048576 (custom)
2019-08-01 16:10:15,796 INFO  server.RaftServerConfigKeys (ConfUtils.java:logGet(43)) - raft.server.log.segment.cache.num.max = 2 (custom)
2019-08-01 16:10:15,796 INFO  segmented.SegmentedRaftLogWorker (SegmentedRaftLogWorker.java:<init>(172)) - new 976271c6-8508-4caf-a7ed-e6a4d951a8cc-SegmentedRaftLogWorker:Storage Directory /workdir/hadoop-ozone/integration-test/target/test-dir/MiniOzoneClusterImpl-6929c718-98ba-4c80-af26-32389b17b551/datanode-1/data/ratis/0f84ac60-1829-4917-b616-863daabfc52d for RaftStorage:Storage Directory /workdir/hadoop-ozone/integration-test/target/test-dir/MiniOzoneClusterImpl-6929c718-98ba-4c80-af26-32389b17b551/datanode-1/data/ratis/0f84ac60-1829-4917-b616-863daabfc52d
2019-08-01 16:10:15,797 INFO  server.RaftServerConfigKeys (ConfUtils.java:logGet(43)) - raft.server.log.queue.byte-limit = 2147483647 (custom)
2019-08-01 16:10:15,797 INFO  server.RaftServerConfigKeys (ConfUtils.java:logGet(43)) - raft.server.log.queue.element-limit = 1024 (custom)
2019-08-01 16:10:15,797 INFO  server.RaftServerConfigKeys (ConfUtils.java:logGet(43)) - raft.server.log.segment.size.max = 1048576 (custom)
2019-08-01 16:10:15,797 INFO  server.RaftServerConfigKeys (ConfUtils.java:logGet(43)) - raft.server.log.preallocated.size = 16384 (custom)
2019-08-01 16:10:15,797 INFO  server.RaftServerConfigKeys (ConfUtils.java:logGet(43)) - raft.server.log.write.buffer.size = 33554432 (custom)
2019-08-01 16:10:15,798 INFO  server.RaftServerConfigKeys (ConfUtils.java:logGet(43)) - raft.server.log.force.sync.num = 128 (default)
2019-08-01 16:10:15,798 INFO  server.RaftServerConfigKeys (ConfUtils.java:logGet(43)) - raft.server.log.statemachine.data.sync = true (default)
2019-08-01 16:10:15,798 INFO  server.RaftServerConfigKeys (ConfUtils.java:logGet(43)) - raft.server.log.statemachine.data.sync.timeout = 10s (default)
2019-08-01 16:10:15,798 INFO  server.RaftServerConfigKeys (ConfUtils.java:logGet(43)) - raft.server.log.statemachine.data.sync.timeout.retry = -1 (default)
2019-08-01 16:10:15,798 INFO  server.RaftServerConfigKeys (ConfUtils.java:logGet(43)) - raft.server.log.statemachine.data.caching.enabled = true (custom)
2019-08-01 16:10:15,799 INFO  segmented.SegmentedRaftLogWorker (SegmentedRaftLogWorker.java:lambda$new$0(132)) - 976271c6-8508-4caf-a7ed-e6a4d951a8cc-SegmentedRaftLogWorker:Storage Directory /workdir/hadoop-ozone/integration-test/target/test-dir/MiniOzoneClusterImpl-6929c718-98ba-4c80-af26-32389b17b551/datanode-1/data/ratis/0f84ac60-1829-4917-b616-863daabfc52d: flushIndex: setUnconditionally 0 -> -1
2019-08-01 16:10:15,799 INFO  server.RaftServerConfigKeys (ConfUtils.java:logGet(43)) - raft.server.snapshot.auto.trigger.enabled = true (custom)
2019-08-01 16:10:15,799 INFO  server.RaftServerConfigKeys (ConfUtils.java:logGet(43)) - raft.server.snapshot.auto.trigger.threshold = 10000 (custom)
2019-08-01 16:10:15,800 INFO  server.RaftServerConfigKeys (ConfUtils.java:logGet(43)) - raft.server.retrycache.expirytime = 600000ms (custom)
2019-08-01 16:10:15,800 INFO  impl.RaftServerImpl (RaftServerImpl.java:start(180)) - 976271c6-8508-4caf-a7ed-e6a4d951a8cc: start group-863DAABFC52D
2019-08-01 16:10:15,800 INFO  impl.RaftServerImpl (RaftServerImpl.java:setRole(171)) - 976271c6-8508-4caf-a7ed-e6a4d951a8cc:group-863DAABFC52D changes role from null to FOLLOWER at term 0 for startAsFollower
2019-08-01 16:10:15,800 INFO  impl.RoleInfo (RoleInfo.java:updateAndGet(143)) - 976271c6-8508-4caf-a7ed-e6a4d951a8cc: start FollowerState
2019-08-01 16:10:15,801 INFO  util.JmxRegister (JmxRegister.java:tryRegister(44)) - Successfully registered JMX Bean with object name Ratis:service=RaftServer,group=group-863DAABFC52D,id=976271c6-8508-4caf-a7ed-e6a4d951a8cc
2019-08-01 16:10:15,803 INFO  pipeline.PipelineStateManager (PipelineStateManager.java:addPipeline(56)) - Created pipeline Pipeline[ Id: 0f84ac60-1829-4917-b616-863daabfc52d, Nodes: 976271c6-8508-4caf-a7ed-e6a4d951a8cc{ip: 192.168.157.209, host: byscane-nightly-hwqnr-1260472869, networkLocation: /default-rack, certSerialId: null}, Type:RATIS, Factor:ONE, State:OPEN]
2019-08-01 16:10:15,914 INFO  net.NetworkTopology (NetworkTopologyImpl.java:add(110)) - Added a new node: /default-rack/58c3945a-c064-4e78-aad5-24c1380eaaf1
2019-08-01 16:10:15,914 INFO  node.SCMNodeManager (SCMNodeManager.java:register(273)) - Registered Data node : 58c3945a-c064-4e78-aad5-24c1380eaaf1{ip: 192.168.157.209, host: byscane-nightly-hwqnr-1260472869, networkLocation: /default-rack, certSerialId: null}
2019-08-01 16:10:15,923 INFO  impl.RaftServerProxy (RaftServerProxy.java:addNew(89)) - 58c3945a-c064-4e78-aad5-24c1380eaaf1: addNew group-0205C1CF5563:[58c3945a-c064-4e78-aad5-24c1380eaaf1:192.168.157.209:40194] returns group-0205C1CF5563:java.util.concurrent.CompletableFuture@b37f5ab[Not completed]
2019-08-01 16:10:15,924 INFO  impl.RaftServerImpl (RaftServerImpl.java:<init>(93)) - 58c3945a-c064-4e78-aad5-24c1380eaaf1: new RaftServerImpl for group-0205C1CF5563:[58c3945a-c064-4e78-aad5-24c1380eaaf1:192.168.157.209:40194] with ContainerStateMachine:uninitialized
2019-08-01 16:10:15,924 INFO  server.RaftServerConfigKeys (ConfUtils.java:logGet(43)) - raft.server.rpc.timeout.min = 5s (custom)
2019-08-01 16:10:15,924 INFO  server.RaftServerConfigKeys (ConfUtils.java:logGet(43)) - raft.server.rpc.timeout.max = 5200ms (custom)
2019-08-01 16:10:15,925 INFO  server.RaftServerConfigKeys (ConfUtils.java:logGet(43)) - raft.server.rpcslowness.timeout = 120s (custom)
2019-08-01 16:10:15,925 INFO  server.RaftServerConfigKeys (ConfUtils.java:logGet(43)) - raft.server.sleep.deviation.threshold = 300 (default)
2019-08-01 16:10:15,925 INFO  server.RaftServerConfigKeys (ConfUtils.java:logGet(43)) - raft.server.log.appender.install.snapshot.enabled = false (custom)
2019-08-01 16:10:15,925 INFO  impl.RaftServerImpl (ServerState.java:<init>(105)) - 58c3945a-c064-4e78-aad5-24c1380eaaf1:group-0205C1CF5563 ConfigurationManager, init=-1: [58c3945a-c064-4e78-aad5-24c1380eaaf1:192.168.157.209:40194], old=null, confs=<EMPTY_MAP>
2019-08-01 16:10:15,925 INFO  server.RaftServerConfigKeys (ConfUtils.java:logGet(43)) - raft.server.storage.dir = [/workdir/hadoop-ozone/integration-test/target/test-dir/MiniOzoneClusterImpl-6929c718-98ba-4c80-af26-32389b17b551/datanode-2/data/ratis] (custom)
2019-08-01 16:10:15,926 INFO  storage.RaftStorageDirectory (RaftStorageDirectory.java:analyzeStorage(246)) - The storage directory /workdir/hadoop-ozone/integration-test/target/test-dir/MiniOzoneClusterImpl-6929c718-98ba-4c80-af26-32389b17b551/datanode-2/data/ratis/b1c4b920-8239-4a50-ae66-0205c1cf5563 does not exist. Creating ...
2019-08-01 16:10:15,950 INFO  storage.RaftStorageDirectory (RaftStorageDirectory.java:tryLock(328)) - Lock on /workdir/hadoop-ozone/integration-test/target/test-dir/MiniOzoneClusterImpl-6929c718-98ba-4c80-af26-32389b17b551/datanode-2/data/ratis/b1c4b920-8239-4a50-ae66-0205c1cf5563/in_use.lock acquired by nodename 32220@byscane-nightly-hwqnr-1260472869
2019-08-01 16:10:15,963 INFO  storage.RaftStorage (RaftStorage.java:format(72)) - Storage directory /workdir/hadoop-ozone/integration-test/target/test-dir/MiniOzoneClusterImpl-6929c718-98ba-4c80-af26-32389b17b551/datanode-2/data/ratis/b1c4b920-8239-4a50-ae66-0205c1cf5563 has been successfully formatted.
2019-08-01 16:10:15,964 INFO  ratis.ContainerStateMachine (ContainerStateMachine.java:loadSnapshot(213)) - group-0205C1CF5563: The snapshot info is null. Setting the last applied indexto:(t:0, i:~)
2019-08-01 16:10:15,964 INFO  server.RaftServerConfigKeys (ConfUtils.java:logGet(43)) - raft.server.leader.election.timeout = 120s (custom)
2019-08-01 16:10:15,964 INFO  server.RaftServerConfigKeys (ConfUtils.java:logGet(43)) - raft.server.log.use.memory = false (default)
2019-08-01 16:10:15,964 INFO  server.RaftServerConfigKeys (ConfUtils.java:logGet(43)) - raft.server.log.purge.gap = 1000000000 (custom)
2019-08-01 16:10:15,964 INFO  server.RaftServerConfigKeys (ConfUtils.java:logGet(43)) - raft.server.log.appender.buffer.byte-limit = 33554432 (custom)
2019-08-01 16:10:15,965 INFO  server.RaftServerConfigKeys (ConfUtils.java:logGet(43)) - raft.server.log.segment.size.max = 1048576 (custom)
2019-08-01 16:10:15,965 INFO  server.RaftServerConfigKeys (ConfUtils.java:logGet(43)) - raft.server.log.segment.cache.num.max = 2 (custom)
2019-08-01 16:10:15,965 INFO  segmented.SegmentedRaftLogWorker (SegmentedRaftLogWorker.java:<init>(172)) - new 58c3945a-c064-4e78-aad5-24c1380eaaf1-SegmentedRaftLogWorker:Storage Directory /workdir/hadoop-ozone/integration-test/target/test-dir/MiniOzoneClusterImpl-6929c718-98ba-4c80-af26-32389b17b551/datanode-2/data/ratis/b1c4b920-8239-4a50-ae66-0205c1cf5563 for RaftStorage:Storage Directory /workdir/hadoop-ozone/integration-test/target/test-dir/MiniOzoneClusterImpl-6929c718-98ba-4c80-af26-32389b17b551/datanode-2/data/ratis/b1c4b920-8239-4a50-ae66-0205c1cf5563
2019-08-01 16:10:15,965 INFO  server.RaftServerConfigKeys (ConfUtils.java:logGet(43)) - raft.server.log.queue.byte-limit = 2147483647 (custom)
2019-08-01 16:10:15,965 INFO  server.RaftServerConfigKeys (ConfUtils.java:logGet(43)) - raft.server.log.queue.element-limit = 1024 (custom)
2019-08-01 16:10:15,966 INFO  server.RaftServerConfigKeys (ConfUtils.java:logGet(43)) - raft.server.log.segment.size.max = 1048576 (custom)
2019-08-01 16:10:15,966 INFO  server.RaftServerConfigKeys (ConfUtils.java:logGet(43)) - raft.server.log.preallocated.size = 16384 (custom)
2019-08-01 16:10:15,966 INFO  server.RaftServerConfigKeys (ConfUtils.java:logGet(43)) - raft.server.log.write.buffer.size = 33554432 (custom)
2019-08-01 16:10:15,966 INFO  server.RaftServerConfigKeys (ConfUtils.java:logGet(43)) - raft.server.log.force.sync.num = 128 (default)
2019-08-01 16:10:15,966 INFO  server.RaftServerConfigKeys (ConfUtils.java:logGet(43)) - raft.server.log.statemachine.data.sync = true (default)
2019-08-01 16:10:15,966 INFO  server.RaftServerConfigKeys (ConfUtils.java:logGet(43)) - raft.server.log.statemachine.data.sync.timeout = 10s (default)
2019-08-01 16:10:15,966 INFO  server.RaftServerConfigKeys (ConfUtils.java:logGet(43)) - raft.server.log.statemachine.data.sync.timeout.retry = -1 (default)
2019-08-01 16:10:15,967 INFO  server.RaftServerConfigKeys (ConfUtils.java:logGet(43)) - raft.server.log.statemachine.data.caching.enabled = true (custom)
2019-08-01 16:10:15,967 INFO  segmented.SegmentedRaftLogWorker (SegmentedRaftLogWorker.java:lambda$new$0(132)) - 58c3945a-c064-4e78-aad5-24c1380eaaf1-SegmentedRaftLogWorker:Storage Directory /workdir/hadoop-ozone/integration-test/target/test-dir/MiniOzoneClusterImpl-6929c718-98ba-4c80-af26-32389b17b551/datanode-2/data/ratis/b1c4b920-8239-4a50-ae66-0205c1cf5563: flushIndex: setUnconditionally 0 -> -1
2019-08-01 16:10:15,968 INFO  server.RaftServerConfigKeys (ConfUtils.java:logGet(43)) - raft.server.snapshot.auto.trigger.enabled = true (custom)
2019-08-01 16:10:15,968 INFO  server.RaftServerConfigKeys (ConfUtils.java:logGet(43)) - raft.server.snapshot.auto.trigger.threshold = 10000 (custom)
2019-08-01 16:10:15,968 INFO  server.RaftServerConfigKeys (ConfUtils.java:logGet(43)) - raft.server.retrycache.expirytime = 600000ms (custom)
2019-08-01 16:10:15,968 INFO  impl.RaftServerImpl (RaftServerImpl.java:start(180)) - 58c3945a-c064-4e78-aad5-24c1380eaaf1: start group-0205C1CF5563
2019-08-01 16:10:15,968 INFO  impl.RaftServerImpl (RaftServerImpl.java:setRole(171)) - 58c3945a-c064-4e78-aad5-24c1380eaaf1:group-0205C1CF5563 changes role from null to FOLLOWER at term 0 for startAsFollower
2019-08-01 16:10:15,968 INFO  impl.RoleInfo (RoleInfo.java:updateAndGet(143)) - 58c3945a-c064-4e78-aad5-24c1380eaaf1: start FollowerState
2019-08-01 16:10:15,969 INFO  util.JmxRegister (JmxRegister.java:tryRegister(44)) - Successfully registered JMX Bean with object name Ratis:service=RaftServer,group=group-0205C1CF5563,id=58c3945a-c064-4e78-aad5-24c1380eaaf1
2019-08-01 16:10:15,971 INFO  pipeline.PipelineStateManager (PipelineStateManager.java:addPipeline(56)) - Created pipeline Pipeline[ Id: b1c4b920-8239-4a50-ae66-0205c1cf5563, Nodes: 58c3945a-c064-4e78-aad5-24c1380eaaf1{ip: 192.168.157.209, host: byscane-nightly-hwqnr-1260472869, networkLocation: /default-rack, certSerialId: null}, Type:RATIS, Factor:ONE, State:OPEN]
2019-08-01 16:10:15,990 INFO  impl.RaftServerProxy (RaftServerProxy.java:addNew(89)) - 58c3945a-c064-4e78-aad5-24c1380eaaf1: addNew group-3DE3A72B8F07:[976271c6-8508-4caf-a7ed-e6a4d951a8cc:192.168.157.209:38959, 58c3945a-c064-4e78-aad5-24c1380eaaf1:192.168.157.209:40194, 8f792503-75b4-459c-8926-4d158fd32eed:192.168.157.209:34002] returns group-3DE3A72B8F07:java.util.concurrent.CompletableFuture@541d6154[Not completed]
2019-08-01 16:10:15,991 INFO  impl.RaftServerProxy (RaftServerProxy.java:addNew(89)) - 976271c6-8508-4caf-a7ed-e6a4d951a8cc: addNew group-3DE3A72B8F07:[976271c6-8508-4caf-a7ed-e6a4d951a8cc:192.168.157.209:38959, 58c3945a-c064-4e78-aad5-24c1380eaaf1:192.168.157.209:40194, 8f792503-75b4-459c-8926-4d158fd32eed:192.168.157.209:34002] returns group-3DE3A72B8F07:java.util.concurrent.CompletableFuture@31664e4[Not completed]
2019-08-01 16:10:16,001 INFO  impl.RaftServerProxy (RaftServerProxy.java:addNew(89)) - 8f792503-75b4-459c-8926-4d158fd32eed: addNew group-3DE3A72B8F07:[976271c6-8508-4caf-a7ed-e6a4d951a8cc:192.168.157.209:38959, 58c3945a-c064-4e78-aad5-24c1380eaaf1:192.168.157.209:40194, 8f792503-75b4-459c-8926-4d158fd32eed:192.168.157.209:34002] returns group-3DE3A72B8F07:java.util.concurrent.CompletableFuture@6f4fe593[Not completed]
2019-08-01 16:10:16,002 INFO  impl.RaftServerImpl (RaftServerImpl.java:<init>(93)) - 58c3945a-c064-4e78-aad5-24c1380eaaf1: new RaftServerImpl for group-3DE3A72B8F07:[976271c6-8508-4caf-a7ed-e6a4d951a8cc:192.168.157.209:38959, 58c3945a-c064-4e78-aad5-24c1380eaaf1:192.168.157.209:40194, 8f792503-75b4-459c-8926-4d158fd32eed:192.168.157.209:34002] with ContainerStateMachine:uninitialized
2019-08-01 16:10:16,002 INFO  server.RaftServerConfigKeys (ConfUtils.java:logGet(43)) - raft.server.rpc.timeout.min = 5s (custom)
2019-08-01 16:10:16,002 INFO  server.RaftServerConfigKeys (ConfUtils.java:logGet(43)) - raft.server.rpc.timeout.max = 5200ms (custom)
2019-08-01 16:10:16,002 INFO  server.RaftServerConfigKeys (ConfUtils.java:logGet(43)) - raft.server.rpcslowness.timeout = 120s (custom)
2019-08-01 16:10:16,002 INFO  impl.RaftServerImpl (RaftServerImpl.java:<init>(93)) - 8f792503-75b4-459c-8926-4d158fd32eed: new RaftServerImpl for group-3DE3A72B8F07:[976271c6-8508-4caf-a7ed-e6a4d951a8cc:192.168.157.209:38959, 58c3945a-c064-4e78-aad5-24c1380eaaf1:192.168.157.209:40194, 8f792503-75b4-459c-8926-4d158fd32eed:192.168.157.209:34002] with ContainerStateMachine:uninitialized
2019-08-01 16:10:16,002 INFO  server.RaftServerConfigKeys (ConfUtils.java:logGet(43)) - raft.server.sleep.deviation.threshold = 300 (default)
2019-08-01 16:10:16,002 INFO  server.RaftServerConfigKeys (ConfUtils.java:logGet(43)) - raft.server.rpc.timeout.min = 5s (custom)
2019-08-01 16:10:16,002 INFO  server.RaftServerConfigKeys (ConfUtils.java:logGet(43)) - raft.server.log.appender.install.snapshot.enabled = false (custom)
2019-08-01 16:10:16,003 INFO  server.RaftServerConfigKeys (ConfUtils.java:logGet(43)) - raft.server.rpc.timeout.max = 5200ms (custom)
2019-08-01 16:10:16,003 INFO  impl.RaftServerImpl (ServerState.java:<init>(105)) - 58c3945a-c064-4e78-aad5-24c1380eaaf1:group-3DE3A72B8F07 ConfigurationManager, init=-1: [976271c6-8508-4caf-a7ed-e6a4d951a8cc:192.168.157.209:38959, 58c3945a-c064-4e78-aad5-24c1380eaaf1:192.168.157.209:40194, 8f792503-75b4-459c-8926-4d158fd32eed:192.168.157.209:34002], old=null, confs=<EMPTY_MAP>
2019-08-01 16:10:16,003 INFO  impl.RaftServerImpl (RaftServerImpl.java:<init>(93)) - 976271c6-8508-4caf-a7ed-e6a4d951a8cc: new RaftServerImpl for group-3DE3A72B8F07:[976271c6-8508-4caf-a7ed-e6a4d951a8cc:192.168.157.209:38959, 58c3945a-c064-4e78-aad5-24c1380eaaf1:192.168.157.209:40194, 8f792503-75b4-459c-8926-4d158fd32eed:192.168.157.209:34002] with ContainerStateMachine:uninitialized
2019-08-01 16:10:16,003 INFO  server.RaftServerConfigKeys (ConfUtils.java:logGet(43)) - raft.server.rpcslowness.timeout = 120s (custom)
2019-08-01 16:10:16,003 INFO  server.RaftServerConfigKeys (ConfUtils.java:logGet(43)) - raft.server.rpc.timeout.min = 5s (custom)
2019-08-01 16:10:16,003 INFO  server.RaftServerConfigKeys (ConfUtils.java:logGet(43)) - raft.server.rpc.timeout.max = 5200ms (custom)
2019-08-01 16:10:16,003 INFO  server.RaftServerConfigKeys (ConfUtils.java:logGet(43)) - raft.server.storage.dir = [/workdir/hadoop-ozone/integration-test/target/test-dir/MiniOzoneClusterImpl-6929c718-98ba-4c80-af26-32389b17b551/datanode-2/data/ratis] (custom)
2019-08-01 16:10:16,004 INFO  server.RaftServerConfigKeys (ConfUtils.java:logGet(43)) - raft.server.rpcslowness.timeout = 120s (custom)
2019-08-01 16:10:16,003 INFO  server.RaftServerConfigKeys (ConfUtils.java:logGet(43)) - raft.server.sleep.deviation.threshold = 300 (default)
2019-08-01 16:10:16,004 INFO  storage.RaftStorageDirectory (RaftStorageDirectory.java:analyzeStorage(246)) - The storage directory /workdir/hadoop-ozone/integration-test/target/test-dir/MiniOzoneClusterImpl-6929c718-98ba-4c80-af26-32389b17b551/datanode-2/data/ratis/51b363a3-cc06-4bb7-9bec-3de3a72b8f07 does not exist. Creating ...
2019-08-01 16:10:16,004 INFO  server.RaftServerConfigKeys (ConfUtils.java:logGet(43)) - raft.server.sleep.deviation.threshold = 300 (default)
2019-08-01 16:10:16,004 INFO  server.RaftServerConfigKeys (ConfUtils.java:logGet(43)) - raft.server.log.appender.install.snapshot.enabled = false (custom)
2019-08-01 16:10:16,004 INFO  server.RaftServerConfigKeys (ConfUtils.java:logGet(43)) - raft.server.log.appender.install.snapshot.enabled = false (custom)
2019-08-01 16:10:16,005 INFO  impl.RaftServerImpl (ServerState.java:<init>(105)) - 8f792503-75b4-459c-8926-4d158fd32eed:group-3DE3A72B8F07 ConfigurationManager, init=-1: [976271c6-8508-4caf-a7ed-e6a4d951a8cc:192.168.157.209:38959, 58c3945a-c064-4e78-aad5-24c1380eaaf1:192.168.157.209:40194, 8f792503-75b4-459c-8926-4d158fd32eed:192.168.157.209:34002], old=null, confs=<EMPTY_MAP>
2019-08-01 16:10:16,005 INFO  impl.RaftServerImpl (ServerState.java:<init>(105)) - 976271c6-8508-4caf-a7ed-e6a4d951a8cc:group-3DE3A72B8F07 ConfigurationManager, init=-1: [976271c6-8508-4caf-a7ed-e6a4d951a8cc:192.168.157.209:38959, 58c3945a-c064-4e78-aad5-24c1380eaaf1:192.168.157.209:40194, 8f792503-75b4-459c-8926-4d158fd32eed:192.168.157.209:34002], old=null, confs=<EMPTY_MAP>
2019-08-01 16:10:16,005 INFO  server.RaftServerConfigKeys (ConfUtils.java:logGet(43)) - raft.server.storage.dir = [/workdir/hadoop-ozone/integration-test/target/test-dir/MiniOzoneClusterImpl-6929c718-98ba-4c80-af26-32389b17b551/datanode-0/data/ratis] (custom)
2019-08-01 16:10:16,005 INFO  server.RaftServerConfigKeys (ConfUtils.java:logGet(43)) - raft.server.storage.dir = [/workdir/hadoop-ozone/integration-test/target/test-dir/MiniOzoneClusterImpl-6929c718-98ba-4c80-af26-32389b17b551/datanode-1/data/ratis] (custom)
2019-08-01 16:10:16,005 INFO  storage.RaftStorageDirectory (RaftStorageDirectory.java:analyzeStorage(246)) - The storage directory /workdir/hadoop-ozone/integration-test/target/test-dir/MiniOzoneClusterImpl-6929c718-98ba-4c80-af26-32389b17b551/datanode-0/data/ratis/51b363a3-cc06-4bb7-9bec-3de3a72b8f07 does not exist. Creating ...
2019-08-01 16:10:16,006 INFO  storage.RaftStorageDirectory (RaftStorageDirectory.java:analyzeStorage(246)) - The storage directory /workdir/hadoop-ozone/integration-test/target/test-dir/MiniOzoneClusterImpl-6929c718-98ba-4c80-af26-32389b17b551/datanode-1/data/ratis/51b363a3-cc06-4bb7-9bec-3de3a72b8f07 does not exist. Creating ...
2019-08-01 16:10:16,018 INFO  storage.RaftStorageDirectory (RaftStorageDirectory.java:tryLock(328)) - Lock on /workdir/hadoop-ozone/integration-test/target/test-dir/MiniOzoneClusterImpl-6929c718-98ba-4c80-af26-32389b17b551/datanode-1/data/ratis/51b363a3-cc06-4bb7-9bec-3de3a72b8f07/in_use.lock acquired by nodename 32220@byscane-nightly-hwqnr-1260472869
2019-08-01 16:10:16,018 INFO  storage.RaftStorageDirectory (RaftStorageDirectory.java:tryLock(328)) - Lock on /workdir/hadoop-ozone/integration-test/target/test-dir/MiniOzoneClusterImpl-6929c718-98ba-4c80-af26-32389b17b551/datanode-2/data/ratis/51b363a3-cc06-4bb7-9bec-3de3a72b8f07/in_use.lock acquired by nodename 32220@byscane-nightly-hwqnr-1260472869
2019-08-01 16:10:16,018 INFO  storage.RaftStorageDirectory (RaftStorageDirectory.java:tryLock(328)) - Lock on /workdir/hadoop-ozone/integration-test/target/test-dir/MiniOzoneClusterImpl-6929c718-98ba-4c80-af26-32389b17b551/datanode-0/data/ratis/51b363a3-cc06-4bb7-9bec-3de3a72b8f07/in_use.lock acquired by nodename 32220@byscane-nightly-hwqnr-1260472869
2019-08-01 16:10:16,033 INFO  storage.RaftStorage (RaftStorage.java:format(72)) - Storage directory /workdir/hadoop-ozone/integration-test/target/test-dir/MiniOzoneClusterImpl-6929c718-98ba-4c80-af26-32389b17b551/datanode-2/data/ratis/51b363a3-cc06-4bb7-9bec-3de3a72b8f07 has been successfully formatted.
2019-08-01 16:10:16,033 INFO  storage.RaftStorage (RaftStorage.java:format(72)) - Storage directory /workdir/hadoop-ozone/integration-test/target/test-dir/MiniOzoneClusterImpl-6929c718-98ba-4c80-af26-32389b17b551/datanode-0/data/ratis/51b363a3-cc06-4bb7-9bec-3de3a72b8f07 has been successfully formatted.
2019-08-01 16:10:16,033 INFO  storage.RaftStorage (RaftStorage.java:format(72)) - Storage directory /workdir/hadoop-ozone/integration-test/target/test-dir/MiniOzoneClusterImpl-6929c718-98ba-4c80-af26-32389b17b551/datanode-1/data/ratis/51b363a3-cc06-4bb7-9bec-3de3a72b8f07 has been successfully formatted.
2019-08-01 16:10:16,033 INFO  ratis.ContainerStateMachine (ContainerStateMachine.java:loadSnapshot(213)) - group-3DE3A72B8F07: The snapshot info is null. Setting the last applied indexto:(t:0, i:~)
2019-08-01 16:10:16,033 INFO  ratis.ContainerStateMachine (ContainerStateMachine.java:loadSnapshot(213)) - group-3DE3A72B8F07: The snapshot info is null. Setting the last applied indexto:(t:0, i:~)
2019-08-01 16:10:16,034 INFO  server.RaftServerConfigKeys (ConfUtils.java:logGet(43)) - raft.server.leader.election.timeout = 120s (custom)
2019-08-01 16:10:16,034 INFO  ratis.ContainerStateMachine (ContainerStateMachine.java:loadSnapshot(213)) - group-3DE3A72B8F07: The snapshot info is null. Setting the last applied indexto:(t:0, i:~)
2019-08-01 16:10:16,034 INFO  server.RaftServerConfigKeys (ConfUtils.java:logGet(43)) - raft.server.log.use.memory = false (default)
2019-08-01 16:10:16,034 INFO  server.RaftServerConfigKeys (ConfUtils.java:logGet(43)) - raft.server.leader.election.timeout = 120s (custom)
2019-08-01 16:10:16,034 INFO  server.RaftServerConfigKeys (ConfUtils.java:logGet(43)) - raft.server.log.purge.gap = 1000000000 (custom)
2019-08-01 16:10:16,034 INFO  server.RaftServerConfigKeys (ConfUtils.java:logGet(43)) - raft.server.leader.election.timeout = 120s (custom)
2019-08-01 16:10:16,035 INFO  server.RaftServerConfigKeys (ConfUtils.java:logGet(43)) - raft.server.log.appender.buffer.byte-limit = 33554432 (custom)
2019-08-01 16:10:16,034 INFO  server.RaftServerConfigKeys (ConfUtils.java:logGet(43)) - raft.server.log.use.memory = false (default)
2019-08-01 16:10:16,035 INFO  server.RaftServerConfigKeys (ConfUtils.java:logGet(43)) - raft.server.log.segment.size.max = 1048576 (custom)
2019-08-01 16:10:16,035 INFO  server.RaftServerConfigKeys (ConfUtils.java:logGet(43)) - raft.server.log.segment.cache.num.max = 2 (custom)
2019-08-01 16:10:16,035 INFO  server.RaftServerConfigKeys (ConfUtils.java:logGet(43)) - raft.server.log.use.memory = false (default)
2019-08-01 16:10:16,035 INFO  segmented.SegmentedRaftLogWorker (SegmentedRaftLogWorker.java:<init>(172)) - new 58c3945a-c064-4e78-aad5-24c1380eaaf1-SegmentedRaftLogWorker:Storage Directory /workdir/hadoop-ozone/integration-test/target/test-dir/MiniOzoneClusterImpl-6929c718-98ba-4c80-af26-32389b17b551/datanode-2/data/ratis/51b363a3-cc06-4bb7-9bec-3de3a72b8f07 for RaftStorage:Storage Directory /workdir/hadoop-ozone/integration-test/target/test-dir/MiniOzoneClusterImpl-6929c718-98ba-4c80-af26-32389b17b551/datanode-2/data/ratis/51b363a3-cc06-4bb7-9bec-3de3a72b8f07
2019-08-01 16:10:16,035 INFO  server.RaftServerConfigKeys (ConfUtils.java:logGet(43)) - raft.server.log.purge.gap = 1000000000 (custom)
2019-08-01 16:10:16,036 INFO  server.RaftServerConfigKeys (ConfUtils.java:logGet(43)) - raft.server.log.queue.byte-limit = 2147483647 (custom)
2019-08-01 16:10:16,036 INFO  server.RaftServerConfigKeys (ConfUtils.java:logGet(43)) - raft.server.log.queue.element-limit = 1024 (custom)
2019-08-01 16:10:16,036 INFO  server.RaftServerConfigKeys (ConfUtils.java:logGet(43)) - raft.server.log.purge.gap = 1000000000 (custom)
2019-08-01 16:10:16,036 INFO  server.RaftServerConfigKeys (ConfUtils.java:logGet(43)) - raft.server.log.segment.size.max = 1048576 (custom)
2019-08-01 16:10:16,036 INFO  server.RaftServerConfigKeys (ConfUtils.java:logGet(43)) - raft.server.log.appender.buffer.byte-limit = 33554432 (custom)
2019-08-01 16:10:16,037 INFO  server.RaftServerConfigKeys (ConfUtils.java:logGet(43)) - raft.server.log.preallocated.size = 16384 (custom)
2019-08-01 16:10:16,037 INFO  server.RaftServerConfigKeys (ConfUtils.java:logGet(43)) - raft.server.log.appender.buffer.byte-limit = 33554432 (custom)
2019-08-01 16:10:16,037 INFO  server.RaftServerConfigKeys (ConfUtils.java:logGet(43)) - raft.server.log.write.buffer.size = 33554432 (custom)
2019-08-01 16:10:16,037 INFO  server.RaftServerConfigKeys (ConfUtils.java:logGet(43)) - raft.server.log.segment.size.max = 1048576 (custom)
2019-08-01 16:10:16,037 INFO  server.RaftServerConfigKeys (ConfUtils.java:logGet(43)) - raft.server.log.force.sync.num = 128 (default)
2019-08-01 16:10:16,038 INFO  server.RaftServerConfigKeys (ConfUtils.java:logGet(43)) - raft.server.log.statemachine.data.sync = true (default)
2019-08-01 16:10:16,037 INFO  server.RaftServerConfigKeys (ConfUtils.java:logGet(43)) - raft.server.log.segment.size.max = 1048576 (custom)
2019-08-01 16:10:16,038 INFO  server.RaftServerConfigKeys (ConfUtils.java:logGet(43)) - raft.server.log.statemachine.data.sync.timeout = 10s (default)
2019-08-01 16:10:16,038 INFO  server.RaftServerConfigKeys (ConfUtils.java:logGet(43)) - raft.server.log.statemachine.data.sync.timeout.retry = -1 (default)
2019-08-01 16:10:16,038 INFO  server.RaftServerConfigKeys (ConfUtils.java:logGet(43)) - raft.server.log.segment.cache.num.max = 2 (custom)
2019-08-01 16:10:16,039 INFO  server.RaftServerConfigKeys (ConfUtils.java:logGet(43)) - raft.server.log.statemachine.data.caching.enabled = true (custom)
2019-08-01 16:10:16,038 INFO  server.RaftServerConfigKeys (ConfUtils.java:logGet(43)) - raft.server.log.segment.cache.num.max = 2 (custom)
2019-08-01 16:10:16,039 INFO  segmented.SegmentedRaftLogWorker (SegmentedRaftLogWorker.java:<init>(172)) - new 8f792503-75b4-459c-8926-4d158fd32eed-SegmentedRaftLogWorker:Storage Directory /workdir/hadoop-ozone/integration-test/target/test-dir/MiniOzoneClusterImpl-6929c718-98ba-4c80-af26-32389b17b551/datanode-0/data/ratis/51b363a3-cc06-4bb7-9bec-3de3a72b8f07 for RaftStorage:Storage Directory /workdir/hadoop-ozone/integration-test/target/test-dir/MiniOzoneClusterImpl-6929c718-98ba-4c80-af26-32389b17b551/datanode-0/data/ratis/51b363a3-cc06-4bb7-9bec-3de3a72b8f07
2019-08-01 16:10:16,039 INFO  segmented.SegmentedRaftLogWorker (SegmentedRaftLogWorker.java:<init>(172)) - new 976271c6-8508-4caf-a7ed-e6a4d951a8cc-SegmentedRaftLogWorker:Storage Directory /workdir/hadoop-ozone/integration-test/target/test-dir/MiniOzoneClusterImpl-6929c718-98ba-4c80-af26-32389b17b551/datanode-1/data/ratis/51b363a3-cc06-4bb7-9bec-3de3a72b8f07 for RaftStorage:Storage Directory /workdir/hadoop-ozone/integration-test/target/test-dir/MiniOzoneClusterImpl-6929c718-98ba-4c80-af26-32389b17b551/datanode-1/data/ratis/51b363a3-cc06-4bb7-9bec-3de3a72b8f07
2019-08-01 16:10:16,039 INFO  server.RaftServerConfigKeys (ConfUtils.java:logGet(43)) - raft.server.log.queue.byte-limit = 2147483647 (custom)
2019-08-01 16:10:16,039 INFO  segmented.SegmentedRaftLogWorker (SegmentedRaftLogWorker.java:lambda$new$0(132)) - 58c3945a-c064-4e78-aad5-24c1380eaaf1-SegmentedRaftLogWorker:Storage Directory /workdir/hadoop-ozone/integration-test/target/test-dir/MiniOzoneClusterImpl-6929c718-98ba-4c80-af26-32389b17b551/datanode-2/data/ratis/51b363a3-cc06-4bb7-9bec-3de3a72b8f07: flushIndex: setUnconditionally 0 -> -1
2019-08-01 16:10:16,040 INFO  server.RaftServerConfigKeys (ConfUtils.java:logGet(43)) - raft.server.log.queue.element-limit = 1024 (custom)
2019-08-01 16:10:16,039 INFO  server.RaftServerConfigKeys (ConfUtils.java:logGet(43)) - raft.server.log.queue.byte-limit = 2147483647 (custom)
2019-08-01 16:10:16,040 INFO  server.RaftServerConfigKeys (ConfUtils.java:logGet(43)) - raft.server.snapshot.auto.trigger.enabled = true (custom)
2019-08-01 16:10:16,040 INFO  server.RaftServerConfigKeys (ConfUtils.java:logGet(43)) - raft.server.log.segment.size.max = 1048576 (custom)
2019-08-01 16:10:16,040 INFO  server.RaftServerConfigKeys (ConfUtils.java:logGet(43)) - raft.server.snapshot.auto.trigger.threshold = 10000 (custom)
2019-08-01 16:10:16,040 INFO  server.RaftServerConfigKeys (ConfUtils.java:logGet(43)) - raft.server.log.queue.element-limit = 1024 (custom)
2019-08-01 16:10:16,041 INFO  server.RaftServerConfigKeys (ConfUtils.java:logGet(43)) - raft.server.retrycache.expirytime = 600000ms (custom)
2019-08-01 16:10:16,041 INFO  server.RaftServerConfigKeys (ConfUtils.java:logGet(43)) - raft.server.log.preallocated.size = 16384 (custom)
2019-08-01 16:10:16,041 INFO  server.RaftServerConfigKeys (ConfUtils.java:logGet(43)) - raft.server.log.segment.size.max = 1048576 (custom)
2019-08-01 16:10:16,041 INFO  server.RaftServerConfigKeys (ConfUtils.java:logGet(43)) - raft.server.log.write.buffer.size = 33554432 (custom)
2019-08-01 16:10:16,041 INFO  impl.RaftServerImpl (RaftServerImpl.java:start(180)) - 58c3945a-c064-4e78-aad5-24c1380eaaf1: start group-3DE3A72B8F07
2019-08-01 16:10:16,042 INFO  server.RaftServerConfigKeys (ConfUtils.java:logGet(43)) - raft.server.log.force.sync.num = 128 (default)
2019-08-01 16:10:16,041 INFO  server.RaftServerConfigKeys (ConfUtils.java:logGet(43)) - raft.server.log.preallocated.size = 16384 (custom)
2019-08-01 16:10:16,042 INFO  server.RaftServerConfigKeys (ConfUtils.java:logGet(43)) - raft.server.log.statemachine.data.sync = true (default)
2019-08-01 16:10:16,042 INFO  impl.RaftServerImpl (RaftServerImpl.java:setRole(171)) - 58c3945a-c064-4e78-aad5-24c1380eaaf1:group-3DE3A72B8F07 changes role from null to FOLLOWER at term 0 for startAsFollower
2019-08-01 16:10:16,042 INFO  server.RaftServerConfigKeys (ConfUtils.java:logGet(43)) - raft.server.log.statemachine.data.sync.timeout = 10s (default)
2019-08-01 16:10:16,042 INFO  server.RaftServerConfigKeys (ConfUtils.java:logGet(43)) - raft.server.log.write.buffer.size = 33554432 (custom)
2019-08-01 16:10:16,043 INFO  server.RaftServerConfigKeys (ConfUtils.java:logGet(43)) - raft.server.log.statemachine.data.sync.timeout.retry = -1 (default)
2019-08-01 16:10:16,042 INFO  impl.RoleInfo (RoleInfo.java:updateAndGet(143)) - 58c3945a-c064-4e78-aad5-24c1380eaaf1: start FollowerState
2019-08-01 16:10:16,043 INFO  server.RaftServerConfigKeys (ConfUtils.java:logGet(43)) - raft.server.log.statemachine.data.caching.enabled = true (custom)
2019-08-01 16:10:16,043 INFO  server.RaftServerConfigKeys (ConfUtils.java:logGet(43)) - raft.server.log.force.sync.num = 128 (default)
2019-08-01 16:10:16,043 INFO  segmented.SegmentedRaftLogWorker (SegmentedRaftLogWorker.java:lambda$new$0(132)) - 8f792503-75b4-459c-8926-4d158fd32eed-SegmentedRaftLogWorker:Storage Directory /workdir/hadoop-ozone/integration-test/target/test-dir/MiniOzoneClusterImpl-6929c718-98ba-4c80-af26-32389b17b551/datanode-0/data/ratis/51b363a3-cc06-4bb7-9bec-3de3a72b8f07: flushIndex: setUnconditionally 0 -> -1
2019-08-01 16:10:16,065 INFO  util.JmxRegister (JmxRegister.java:tryRegister(44)) - Successfully registered JMX Bean with object name Ratis:service=RaftServer,group=group-3DE3A72B8F07,id=58c3945a-c064-4e78-aad5-24c1380eaaf1
2019-08-01 16:10:16,044 INFO  server.RaftServerConfigKeys (ConfUtils.java:logGet(43)) - raft.server.log.statemachine.data.sync = true (default)
2019-08-01 16:10:16,066 INFO  server.RaftServerConfigKeys (ConfUtils.java:logGet(43)) - raft.server.snapshot.auto.trigger.enabled = true (custom)
2019-08-01 16:10:16,074 INFO  server.RaftServerConfigKeys (ConfUtils.java:logGet(43)) - raft.server.snapshot.auto.trigger.threshold = 10000 (custom)
2019-08-01 16:10:16,066 INFO  server.RaftServerConfigKeys (ConfUtils.java:logGet(43)) - raft.server.log.statemachine.data.sync.timeout = 10s (default)
2019-08-01 16:10:16,074 INFO  server.RaftServerConfigKeys (ConfUtils.java:logGet(43)) - raft.server.retrycache.expirytime = 600000ms (custom)
2019-08-01 16:10:16,075 INFO  server.RaftServerConfigKeys (ConfUtils.java:logGet(43)) - raft.server.log.statemachine.data.sync.timeout.retry = -1 (default)
2019-08-01 16:10:16,075 INFO  impl.RaftServerImpl (RaftServerImpl.java:start(180)) - 8f792503-75b4-459c-8926-4d158fd32eed: start group-3DE3A72B8F07
2019-08-01 16:10:16,075 INFO  server.RaftServerConfigKeys (ConfUtils.java:logGet(43)) - raft.server.log.statemachine.data.caching.enabled = true (custom)
2019-08-01 16:10:16,075 INFO  impl.RaftServerImpl (RaftServerImpl.java:setRole(171)) - 8f792503-75b4-459c-8926-4d158fd32eed:group-3DE3A72B8F07 changes role from null to FOLLOWER at term 0 for startAsFollower
2019-08-01 16:10:16,076 INFO  impl.RoleInfo (RoleInfo.java:updateAndGet(143)) - 8f792503-75b4-459c-8926-4d158fd32eed: start FollowerState
2019-08-01 16:10:16,076 INFO  util.JmxRegister (JmxRegister.java:tryRegister(44)) - Successfully registered JMX Bean with object name Ratis:service=RaftServer,group=group-3DE3A72B8F07,id=8f792503-75b4-459c-8926-4d158fd32eed
2019-08-01 16:10:16,077 INFO  segmented.SegmentedRaftLogWorker (SegmentedRaftLogWorker.java:lambda$new$0(132)) - 976271c6-8508-4caf-a7ed-e6a4d951a8cc-SegmentedRaftLogWorker:Storage Directory /workdir/hadoop-ozone/integration-test/target/test-dir/MiniOzoneClusterImpl-6929c718-98ba-4c80-af26-32389b17b551/datanode-1/data/ratis/51b363a3-cc06-4bb7-9bec-3de3a72b8f07: flushIndex: setUnconditionally 0 -> -1
2019-08-01 16:10:16,078 INFO  server.RaftServerConfigKeys (ConfUtils.java:logGet(43)) - raft.server.snapshot.auto.trigger.enabled = true (custom)
2019-08-01 16:10:16,078 INFO  server.RaftServerConfigKeys (ConfUtils.java:logGet(43)) - raft.server.snapshot.auto.trigger.threshold = 10000 (custom)
2019-08-01 16:10:16,081 INFO  server.RaftServerConfigKeys (ConfUtils.java:logGet(43)) - raft.server.retrycache.expirytime = 600000ms (custom)
2019-08-01 16:10:16,081 INFO  impl.RaftServerImpl (RaftServerImpl.java:start(180)) - 976271c6-8508-4caf-a7ed-e6a4d951a8cc: start group-3DE3A72B8F07
2019-08-01 16:10:16,081 INFO  impl.RaftServerImpl (RaftServerImpl.java:setRole(171)) - 976271c6-8508-4caf-a7ed-e6a4d951a8cc:group-3DE3A72B8F07 changes role from null to FOLLOWER at term 0 for startAsFollower
2019-08-01 16:10:16,081 INFO  impl.RoleInfo (RoleInfo.java:updateAndGet(143)) - 976271c6-8508-4caf-a7ed-e6a4d951a8cc: start FollowerState
2019-08-01 16:10:16,082 INFO  util.JmxRegister (JmxRegister.java:tryRegister(44)) - Successfully registered JMX Bean with object name Ratis:service=RaftServer,group=group-3DE3A72B8F07,id=976271c6-8508-4caf-a7ed-e6a4d951a8cc
2019-08-01 16:10:16,085 INFO  pipeline.PipelineStateManager (PipelineStateManager.java:addPipeline(56)) - Created pipeline Pipeline[ Id: 51b363a3-cc06-4bb7-9bec-3de3a72b8f07, Nodes: 976271c6-8508-4caf-a7ed-e6a4d951a8cc{ip: 192.168.157.209, host: byscane-nightly-hwqnr-1260472869, networkLocation: /default-rack, certSerialId: null}58c3945a-c064-4e78-aad5-24c1380eaaf1{ip: 192.168.157.209, host: byscane-nightly-hwqnr-1260472869, networkLocation: /default-rack, certSerialId: null}8f792503-75b4-459c-8926-4d158fd32eed{ip: 192.168.157.209, host: byscane-nightly-hwqnr-1260472869, networkLocation: /default-rack, certSerialId: null}, Type:RATIS, Factor:THREE, State:OPEN]
2019-08-01 16:10:16,201 INFO  net.NetworkTopology (NetworkTopologyImpl.java:add(110)) - Added a new node: /default-rack/a2b0b871-5a56-4d55-be94-a0c23679df5a
2019-08-01 16:10:16,202 INFO  node.SCMNodeManager (SCMNodeManager.java:register(273)) - Registered Data node : a2b0b871-5a56-4d55-be94-a0c23679df5a{ip: 192.168.157.209, host: byscane-nightly-hwqnr-1260472869, networkLocation: /default-rack, certSerialId: null}
2019-08-01 16:10:16,212 INFO  impl.RaftServerProxy (RaftServerProxy.java:addNew(89)) - a2b0b871-5a56-4d55-be94-a0c23679df5a: addNew group-F4CC0DF45C9A:[a2b0b871-5a56-4d55-be94-a0c23679df5a:192.168.157.209:37192] returns group-F4CC0DF45C9A:java.util.concurrent.CompletableFuture@53b8e47c[Not completed]
2019-08-01 16:10:16,214 INFO  impl.RaftServerImpl (RaftServerImpl.java:<init>(93)) - a2b0b871-5a56-4d55-be94-a0c23679df5a: new RaftServerImpl for group-F4CC0DF45C9A:[a2b0b871-5a56-4d55-be94-a0c23679df5a:192.168.157.209:37192] with ContainerStateMachine:uninitialized
2019-08-01 16:10:16,214 INFO  server.RaftServerConfigKeys (ConfUtils.java:logGet(43)) - raft.server.rpc.timeout.min = 5s (custom)
2019-08-01 16:10:16,214 INFO  server.RaftServerConfigKeys (ConfUtils.java:logGet(43)) - raft.server.rpc.timeout.max = 5200ms (custom)
2019-08-01 16:10:16,214 INFO  server.RaftServerConfigKeys (ConfUtils.java:logGet(43)) - raft.server.rpcslowness.timeout = 120s (custom)
2019-08-01 16:10:16,214 INFO  server.RaftServerConfigKeys (ConfUtils.java:logGet(43)) - raft.server.sleep.deviation.threshold = 300 (default)
2019-08-01 16:10:16,214 INFO  server.RaftServerConfigKeys (ConfUtils.java:logGet(43)) - raft.server.log.appender.install.snapshot.enabled = false (custom)
2019-08-01 16:10:16,215 INFO  impl.RaftServerImpl (ServerState.java:<init>(105)) - a2b0b871-5a56-4d55-be94-a0c23679df5a:group-F4CC0DF45C9A ConfigurationManager, init=-1: [a2b0b871-5a56-4d55-be94-a0c23679df5a:192.168.157.209:37192], old=null, confs=<EMPTY_MAP>
2019-08-01 16:10:16,215 INFO  server.RaftServerConfigKeys (ConfUtils.java:logGet(43)) - raft.server.storage.dir = [/workdir/hadoop-ozone/integration-test/target/test-dir/MiniOzoneClusterImpl-6929c718-98ba-4c80-af26-32389b17b551/datanode-3/data/ratis] (custom)
2019-08-01 16:10:16,215 INFO  storage.RaftStorageDirectory (RaftStorageDirectory.java:analyzeStorage(246)) - The storage directory /workdir/hadoop-ozone/integration-test/target/test-dir/MiniOzoneClusterImpl-6929c718-98ba-4c80-af26-32389b17b551/datanode-3/data/ratis/b43bf347-e61f-4ede-95b8-f4cc0df45c9a does not exist. Creating ...
2019-08-01 16:10:16,229 INFO  storage.RaftStorageDirectory (RaftStorageDirectory.java:tryLock(328)) - Lock on /workdir/hadoop-ozone/integration-test/target/test-dir/MiniOzoneClusterImpl-6929c718-98ba-4c80-af26-32389b17b551/datanode-3/data/ratis/b43bf347-e61f-4ede-95b8-f4cc0df45c9a/in_use.lock acquired by nodename 32220@byscane-nightly-hwqnr-1260472869
2019-08-01 16:10:16,251 INFO  storage.RaftStorage (RaftStorage.java:format(72)) - Storage directory /workdir/hadoop-ozone/integration-test/target/test-dir/MiniOzoneClusterImpl-6929c718-98ba-4c80-af26-32389b17b551/datanode-3/data/ratis/b43bf347-e61f-4ede-95b8-f4cc0df45c9a has been successfully formatted.
2019-08-01 16:10:16,251 INFO  ratis.ContainerStateMachine (ContainerStateMachine.java:loadSnapshot(213)) - group-F4CC0DF45C9A: The snapshot info is null. Setting the last applied indexto:(t:0, i:~)
2019-08-01 16:10:16,251 INFO  server.RaftServerConfigKeys (ConfUtils.java:logGet(43)) - raft.server.leader.election.timeout = 120s (custom)
2019-08-01 16:10:16,251 INFO  server.RaftServerConfigKeys (ConfUtils.java:logGet(43)) - raft.server.log.use.memory = false (default)
2019-08-01 16:10:16,252 INFO  server.RaftServerConfigKeys (ConfUtils.java:logGet(43)) - raft.server.log.purge.gap = 1000000000 (custom)
2019-08-01 16:10:16,252 INFO  server.RaftServerConfigKeys (ConfUtils.java:logGet(43)) - raft.server.log.appender.buffer.byte-limit = 33554432 (custom)
2019-08-01 16:10:16,252 INFO  server.RaftServerConfigKeys (ConfUtils.java:logGet(43)) - raft.server.log.segment.size.max = 1048576 (custom)
2019-08-01 16:10:16,252 INFO  server.RaftServerConfigKeys (ConfUtils.java:logGet(43)) - raft.server.log.segment.cache.num.max = 2 (custom)
2019-08-01 16:10:16,252 INFO  segmented.SegmentedRaftLogWorker (SegmentedRaftLogWorker.java:<init>(172)) - new a2b0b871-5a56-4d55-be94-a0c23679df5a-SegmentedRaftLogWorker:Storage Directory /workdir/hadoop-ozone/integration-test/target/test-dir/MiniOzoneClusterImpl-6929c718-98ba-4c80-af26-32389b17b551/datanode-3/data/ratis/b43bf347-e61f-4ede-95b8-f4cc0df45c9a for RaftStorage:Storage Directory /workdir/hadoop-ozone/integration-test/target/test-dir/MiniOzoneClusterImpl-6929c718-98ba-4c80-af26-32389b17b551/datanode-3/data/ratis/b43bf347-e61f-4ede-95b8-f4cc0df45c9a
2019-08-01 16:10:16,252 INFO  server.RaftServerConfigKeys (ConfUtils.java:logGet(43)) - raft.server.log.queue.byte-limit = 2147483647 (custom)
2019-08-01 16:10:16,252 INFO  server.RaftServerConfigKeys (ConfUtils.java:logGet(43)) - raft.server.log.queue.element-limit = 1024 (custom)
2019-08-01 16:10:16,253 INFO  server.RaftServerConfigKeys (ConfUtils.java:logGet(43)) - raft.server.log.segment.size.max = 1048576 (custom)
2019-08-01 16:10:16,253 INFO  server.RaftServerConfigKeys (ConfUtils.java:logGet(43)) - raft.server.log.preallocated.size = 16384 (custom)
2019-08-01 16:10:16,253 INFO  server.RaftServerConfigKeys (ConfUtils.java:logGet(43)) - raft.server.log.write.buffer.size = 33554432 (custom)
2019-08-01 16:10:16,253 INFO  server.RaftServerConfigKeys (ConfUtils.java:logGet(43)) - raft.server.log.force.sync.num = 128 (default)
2019-08-01 16:10:16,253 INFO  server.RaftServerConfigKeys (ConfUtils.java:logGet(43)) - raft.server.log.statemachine.data.sync = true (default)
2019-08-01 16:10:16,253 INFO  server.RaftServerConfigKeys (ConfUtils.java:logGet(43)) - raft.server.log.statemachine.data.sync.timeout = 10s (default)
2019-08-01 16:10:16,254 INFO  server.RaftServerConfigKeys (ConfUtils.java:logGet(43)) - raft.server.log.statemachine.data.sync.timeout.retry = -1 (default)
2019-08-01 16:10:16,254 INFO  server.RaftServerConfigKeys (ConfUtils.java:logGet(43)) - raft.server.log.statemachine.data.caching.enabled = true (custom)
2019-08-01 16:10:16,254 INFO  segmented.SegmentedRaftLogWorker (SegmentedRaftLogWorker.java:lambda$new$0(132)) - a2b0b871-5a56-4d55-be94-a0c23679df5a-SegmentedRaftLogWorker:Storage Directory /workdir/hadoop-ozone/integration-test/target/test-dir/MiniOzoneClusterImpl-6929c718-98ba-4c80-af26-32389b17b551/datanode-3/data/ratis/b43bf347-e61f-4ede-95b8-f4cc0df45c9a: flushIndex: setUnconditionally 0 -> -1
2019-08-01 16:10:16,255 INFO  server.RaftServerConfigKeys (ConfUtils.java:logGet(43)) - raft.server.snapshot.auto.trigger.enabled = true (custom)
2019-08-01 16:10:16,255 INFO  server.RaftServerConfigKeys (ConfUtils.java:logGet(43)) - raft.server.snapshot.auto.trigger.threshold = 10000 (custom)
2019-08-01 16:10:16,255 INFO  server.RaftServerConfigKeys (ConfUtils.java:logGet(43)) - raft.server.retrycache.expirytime = 600000ms (custom)
2019-08-01 16:10:16,255 INFO  impl.RaftServerImpl (RaftServerImpl.java:start(180)) - a2b0b871-5a56-4d55-be94-a0c23679df5a: start group-F4CC0DF45C9A
2019-08-01 16:10:16,255 INFO  impl.RaftServerImpl (RaftServerImpl.java:setRole(171)) - a2b0b871-5a56-4d55-be94-a0c23679df5a:group-F4CC0DF45C9A changes role from null to FOLLOWER at term 0 for startAsFollower
2019-08-01 16:10:16,255 INFO  impl.RoleInfo (RoleInfo.java:updateAndGet(143)) - a2b0b871-5a56-4d55-be94-a0c23679df5a: start FollowerState
2019-08-01 16:10:16,256 INFO  util.JmxRegister (JmxRegister.java:tryRegister(44)) - Successfully registered JMX Bean with object name Ratis:service=RaftServer,group=group-F4CC0DF45C9A,id=a2b0b871-5a56-4d55-be94-a0c23679df5a
2019-08-01 16:10:16,258 INFO  pipeline.PipelineStateManager (PipelineStateManager.java:addPipeline(56)) - Created pipeline Pipeline[ Id: b43bf347-e61f-4ede-95b8-f4cc0df45c9a, Nodes: a2b0b871-5a56-4d55-be94-a0c23679df5a{ip: 192.168.157.209, host: byscane-nightly-hwqnr-1260472869, networkLocation: /default-rack, certSerialId: null}, Type:RATIS, Factor:ONE, State:OPEN]
2019-08-01 16:10:16,363 INFO  net.NetworkTopology (NetworkTopologyImpl.java:add(110)) - Added a new node: /default-rack/2a71459f-3024-44de-b2e6-f891a8154f4c
2019-08-01 16:10:16,364 INFO  node.SCMNodeManager (SCMNodeManager.java:register(273)) - Registered Data node : 2a71459f-3024-44de-b2e6-f891a8154f4c{ip: 192.168.157.209, host: byscane-nightly-hwqnr-1260472869, networkLocation: /default-rack, certSerialId: null}
2019-08-01 16:10:16,374 INFO  impl.RaftServerProxy (RaftServerProxy.java:addNew(89)) - 2a71459f-3024-44de-b2e6-f891a8154f4c: addNew group-AA73C7626F4A:[2a71459f-3024-44de-b2e6-f891a8154f4c:192.168.157.209:38343] returns group-AA73C7626F4A:java.util.concurrent.CompletableFuture@5cb3aeba[Not completed]
2019-08-01 16:10:16,376 INFO  impl.RaftServerImpl (RaftServerImpl.java:<init>(93)) - 2a71459f-3024-44de-b2e6-f891a8154f4c: new RaftServerImpl for group-AA73C7626F4A:[2a71459f-3024-44de-b2e6-f891a8154f4c:192.168.157.209:38343] with ContainerStateMachine:uninitialized
2019-08-01 16:10:16,376 INFO  server.RaftServerConfigKeys (ConfUtils.java:logGet(43)) - raft.server.rpc.timeout.min = 5s (custom)
2019-08-01 16:10:16,376 INFO  server.RaftServerConfigKeys (ConfUtils.java:logGet(43)) - raft.server.rpc.timeout.max = 5200ms (custom)
2019-08-01 16:10:16,376 INFO  server.RaftServerConfigKeys (ConfUtils.java:logGet(43)) - raft.server.rpcslowness.timeout = 120s (custom)
2019-08-01 16:10:16,376 INFO  server.RaftServerConfigKeys (ConfUtils.java:logGet(43)) - raft.server.sleep.deviation.threshold = 300 (default)
2019-08-01 16:10:16,376 INFO  server.RaftServerConfigKeys (ConfUtils.java:logGet(43)) - raft.server.log.appender.install.snapshot.enabled = false (custom)
2019-08-01 16:10:16,377 INFO  impl.RaftServerImpl (ServerState.java:<init>(105)) - 2a71459f-3024-44de-b2e6-f891a8154f4c:group-AA73C7626F4A ConfigurationManager, init=-1: [2a71459f-3024-44de-b2e6-f891a8154f4c:192.168.157.209:38343], old=null, confs=<EMPTY_MAP>
2019-08-01 16:10:16,377 INFO  server.RaftServerConfigKeys (ConfUtils.java:logGet(43)) - raft.server.storage.dir = [/workdir/hadoop-ozone/integration-test/target/test-dir/MiniOzoneClusterImpl-6929c718-98ba-4c80-af26-32389b17b551/datanode-4/data/ratis] (custom)
2019-08-01 16:10:16,377 INFO  storage.RaftStorageDirectory (RaftStorageDirectory.java:analyzeStorage(246)) - The storage directory /workdir/hadoop-ozone/integration-test/target/test-dir/MiniOzoneClusterImpl-6929c718-98ba-4c80-af26-32389b17b551/datanode-4/data/ratis/f1b10967-f499-4ddc-84df-aa73c7626f4a does not exist. Creating ...
2019-08-01 16:10:16,391 INFO  storage.RaftStorageDirectory (RaftStorageDirectory.java:tryLock(328)) - Lock on /workdir/hadoop-ozone/integration-test/target/test-dir/MiniOzoneClusterImpl-6929c718-98ba-4c80-af26-32389b17b551/datanode-4/data/ratis/f1b10967-f499-4ddc-84df-aa73c7626f4a/in_use.lock acquired by nodename 32220@byscane-nightly-hwqnr-1260472869
2019-08-01 16:10:16,404 INFO  storage.RaftStorage (RaftStorage.java:format(72)) - Storage directory /workdir/hadoop-ozone/integration-test/target/test-dir/MiniOzoneClusterImpl-6929c718-98ba-4c80-af26-32389b17b551/datanode-4/data/ratis/f1b10967-f499-4ddc-84df-aa73c7626f4a has been successfully formatted.
2019-08-01 16:10:16,404 INFO  ratis.ContainerStateMachine (ContainerStateMachine.java:loadSnapshot(213)) - group-AA73C7626F4A: The snapshot info is null. Setting the last applied indexto:(t:0, i:~)
2019-08-01 16:10:16,405 INFO  server.RaftServerConfigKeys (ConfUtils.java:logGet(43)) - raft.server.leader.election.timeout = 120s (custom)
2019-08-01 16:10:16,405 INFO  server.RaftServerConfigKeys (ConfUtils.java:logGet(43)) - raft.server.log.use.memory = false (default)
2019-08-01 16:10:16,405 INFO  server.RaftServerConfigKeys (ConfUtils.java:logGet(43)) - raft.server.log.purge.gap = 1000000000 (custom)
2019-08-01 16:10:16,405 INFO  server.RaftServerConfigKeys (ConfUtils.java:logGet(43)) - raft.server.log.appender.buffer.byte-limit = 33554432 (custom)
2019-08-01 16:10:16,405 INFO  server.RaftServerConfigKeys (ConfUtils.java:logGet(43)) - raft.server.log.segment.size.max = 1048576 (custom)
2019-08-01 16:10:16,405 INFO  server.RaftServerConfigKeys (ConfUtils.java:logGet(43)) - raft.server.log.segment.cache.num.max = 2 (custom)
2019-08-01 16:10:16,405 INFO  segmented.SegmentedRaftLogWorker (SegmentedRaftLogWorker.java:<init>(172)) - new 2a71459f-3024-44de-b2e6-f891a8154f4c-SegmentedRaftLogWorker:Storage Directory /workdir/hadoop-ozone/integration-test/target/test-dir/MiniOzoneClusterImpl-6929c718-98ba-4c80-af26-32389b17b551/datanode-4/data/ratis/f1b10967-f499-4ddc-84df-aa73c7626f4a for RaftStorage:Storage Directory /workdir/hadoop-ozone/integration-test/target/test-dir/MiniOzoneClusterImpl-6929c718-98ba-4c80-af26-32389b17b551/datanode-4/data/ratis/f1b10967-f499-4ddc-84df-aa73c7626f4a
2019-08-01 16:10:16,406 INFO  server.RaftServerConfigKeys (ConfUtils.java:logGet(43)) - raft.server.log.queue.byte-limit = 2147483647 (custom)
2019-08-01 16:10:16,406 INFO  server.RaftServerConfigKeys (ConfUtils.java:logGet(43)) - raft.server.log.queue.element-limit = 1024 (custom)
2019-08-01 16:10:16,406 INFO  server.RaftServerConfigKeys (ConfUtils.java:logGet(43)) - raft.server.log.segment.size.max = 1048576 (custom)
2019-08-01 16:10:16,406 INFO  server.RaftServerConfigKeys (ConfUtils.java:logGet(43)) - raft.server.log.preallocated.size = 16384 (custom)
2019-08-01 16:10:16,406 INFO  server.RaftServerConfigKeys (ConfUtils.java:logGet(43)) - raft.server.log.write.buffer.size = 33554432 (custom)
2019-08-01 16:10:16,406 INFO  server.RaftServerConfigKeys (ConfUtils.java:logGet(43)) - raft.server.log.force.sync.num = 128 (default)
2019-08-01 16:10:16,407 INFO  server.RaftServerConfigKeys (ConfUtils.java:logGet(43)) - raft.server.log.statemachine.data.sync = true (default)
2019-08-01 16:10:16,407 INFO  server.RaftServerConfigKeys (ConfUtils.java:logGet(43)) - raft.server.log.statemachine.data.sync.timeout = 10s (default)
2019-08-01 16:10:16,407 INFO  server.RaftServerConfigKeys (ConfUtils.java:logGet(43)) - raft.server.log.statemachine.data.sync.timeout.retry = -1 (default)
2019-08-01 16:10:16,407 INFO  server.RaftServerConfigKeys (ConfUtils.java:logGet(43)) - raft.server.log.statemachine.data.caching.enabled = true (custom)
2019-08-01 16:10:16,408 INFO  segmented.SegmentedRaftLogWorker (SegmentedRaftLogWorker.java:lambda$new$0(132)) - 2a71459f-3024-44de-b2e6-f891a8154f4c-SegmentedRaftLogWorker:Storage Directory /workdir/hadoop-ozone/integration-test/target/test-dir/MiniOzoneClusterImpl-6929c718-98ba-4c80-af26-32389b17b551/datanode-4/data/ratis/f1b10967-f499-4ddc-84df-aa73c7626f4a: flushIndex: setUnconditionally 0 -> -1
2019-08-01 16:10:16,408 INFO  server.RaftServerConfigKeys (ConfUtils.java:logGet(43)) - raft.server.snapshot.auto.trigger.enabled = true (custom)
2019-08-01 16:10:16,408 INFO  server.RaftServerConfigKeys (ConfUtils.java:logGet(43)) - raft.server.snapshot.auto.trigger.threshold = 10000 (custom)
2019-08-01 16:10:16,408 INFO  server.RaftServerConfigKeys (ConfUtils.java:logGet(43)) - raft.server.retrycache.expirytime = 600000ms (custom)
2019-08-01 16:10:16,408 INFO  impl.RaftServerImpl (RaftServerImpl.java:start(180)) - 2a71459f-3024-44de-b2e6-f891a8154f4c: start group-AA73C7626F4A
2019-08-01 16:10:16,409 INFO  impl.RaftServerImpl (RaftServerImpl.java:setRole(171)) - 2a71459f-3024-44de-b2e6-f891a8154f4c:group-AA73C7626F4A changes role from null to FOLLOWER at term 0 for startAsFollower
2019-08-01 16:10:16,409 INFO  impl.RoleInfo (RoleInfo.java:updateAndGet(143)) - 2a71459f-3024-44de-b2e6-f891a8154f4c: start FollowerState
2019-08-01 16:10:16,409 INFO  util.JmxRegister (JmxRegister.java:tryRegister(44)) - Successfully registered JMX Bean with object name Ratis:service=RaftServer,group=group-AA73C7626F4A,id=2a71459f-3024-44de-b2e6-f891a8154f4c
2019-08-01 16:10:16,411 INFO  pipeline.PipelineStateManager (PipelineStateManager.java:addPipeline(56)) - Created pipeline Pipeline[ Id: f1b10967-f499-4ddc-84df-aa73c7626f4a, Nodes: 2a71459f-3024-44de-b2e6-f891a8154f4c{ip: 192.168.157.209, host: byscane-nightly-hwqnr-1260472869, networkLocation: /default-rack, certSerialId: null}, Type:RATIS, Factor:ONE, State:OPEN]
2019-08-01 16:10:16,527 INFO  net.NetworkTopology (NetworkTopologyImpl.java:add(110)) - Added a new node: /default-rack/f869cb8a-3af6-447d-9fc7-4131cd544fff
2019-08-01 16:10:16,527 INFO  node.SCMNodeManager (SCMNodeManager.java:register(273)) - Registered Data node : f869cb8a-3af6-447d-9fc7-4131cd544fff{ip: 192.168.157.209, host: byscane-nightly-hwqnr-1260472869, networkLocation: /default-rack, certSerialId: null}
2019-08-01 16:10:16,537 INFO  impl.RaftServerProxy (RaftServerProxy.java:addNew(89)) - f869cb8a-3af6-447d-9fc7-4131cd544fff: addNew group-DA6582B39ADB:[f869cb8a-3af6-447d-9fc7-4131cd544fff:192.168.157.209:40407] returns group-DA6582B39ADB:java.util.concurrent.CompletableFuture@66aab575[Not completed]
2019-08-01 16:10:16,538 INFO  impl.RaftServerImpl (RaftServerImpl.java:<init>(93)) - f869cb8a-3af6-447d-9fc7-4131cd544fff: new RaftServerImpl for group-DA6582B39ADB:[f869cb8a-3af6-447d-9fc7-4131cd544fff:192.168.157.209:40407] with ContainerStateMachine:uninitialized
2019-08-01 16:10:16,538 INFO  server.RaftServerConfigKeys (ConfUtils.java:logGet(43)) - raft.server.rpc.timeout.min = 5s (custom)
2019-08-01 16:10:16,538 INFO  server.RaftServerConfigKeys (ConfUtils.java:logGet(43)) - raft.server.rpc.timeout.max = 5200ms (custom)
2019-08-01 16:10:16,538 INFO  server.RaftServerConfigKeys (ConfUtils.java:logGet(43)) - raft.server.rpcslowness.timeout = 120s (custom)
2019-08-01 16:10:16,538 INFO  server.RaftServerConfigKeys (ConfUtils.java:logGet(43)) - raft.server.sleep.deviation.threshold = 300 (default)
2019-08-01 16:10:16,539 INFO  server.RaftServerConfigKeys (ConfUtils.java:logGet(43)) - raft.server.log.appender.install.snapshot.enabled = false (custom)
2019-08-01 16:10:16,539 INFO  impl.RaftServerImpl (ServerState.java:<init>(105)) - f869cb8a-3af6-447d-9fc7-4131cd544fff:group-DA6582B39ADB ConfigurationManager, init=-1: [f869cb8a-3af6-447d-9fc7-4131cd544fff:192.168.157.209:40407], old=null, confs=<EMPTY_MAP>
2019-08-01 16:10:16,539 INFO  server.RaftServerConfigKeys (ConfUtils.java:logGet(43)) - raft.server.storage.dir = [/workdir/hadoop-ozone/integration-test/target/test-dir/MiniOzoneClusterImpl-6929c718-98ba-4c80-af26-32389b17b551/datanode-5/data/ratis] (custom)
2019-08-01 16:10:16,539 INFO  storage.RaftStorageDirectory (RaftStorageDirectory.java:analyzeStorage(246)) - The storage directory /workdir/hadoop-ozone/integration-test/target/test-dir/MiniOzoneClusterImpl-6929c718-98ba-4c80-af26-32389b17b551/datanode-5/data/ratis/9046d0e1-dbaa-4962-8a74-da6582b39adb does not exist. Creating ...
2019-08-01 16:10:16,553 INFO  storage.RaftStorageDirectory (RaftStorageDirectory.java:tryLock(328)) - Lock on /workdir/hadoop-ozone/integration-test/target/test-dir/MiniOzoneClusterImpl-6929c718-98ba-4c80-af26-32389b17b551/datanode-5/data/ratis/9046d0e1-dbaa-4962-8a74-da6582b39adb/in_use.lock acquired by nodename 32220@byscane-nightly-hwqnr-1260472869
2019-08-01 16:10:16,567 INFO  storage.RaftStorage (RaftStorage.java:format(72)) - Storage directory /workdir/hadoop-ozone/integration-test/target/test-dir/MiniOzoneClusterImpl-6929c718-98ba-4c80-af26-32389b17b551/datanode-5/data/ratis/9046d0e1-dbaa-4962-8a74-da6582b39adb has been successfully formatted.
2019-08-01 16:10:16,567 INFO  ratis.ContainerStateMachine (ContainerStateMachine.java:loadSnapshot(213)) - group-DA6582B39ADB: The snapshot info is null. Setting the last applied indexto:(t:0, i:~)
2019-08-01 16:10:16,567 INFO  server.RaftServerConfigKeys (ConfUtils.java:logGet(43)) - raft.server.leader.election.timeout = 120s (custom)
2019-08-01 16:10:16,567 INFO  server.RaftServerConfigKeys (ConfUtils.java:logGet(43)) - raft.server.log.use.memory = false (default)
2019-08-01 16:10:16,567 INFO  server.RaftServerConfigKeys (ConfUtils.java:logGet(43)) - raft.server.log.purge.gap = 1000000000 (custom)
2019-08-01 16:10:16,568 INFO  server.RaftServerConfigKeys (ConfUtils.java:logGet(43)) - raft.server.log.appender.buffer.byte-limit = 33554432 (custom)
2019-08-01 16:10:16,568 INFO  server.RaftServerConfigKeys (ConfUtils.java:logGet(43)) - raft.server.log.segment.size.max = 1048576 (custom)
2019-08-01 16:10:16,568 INFO  server.RaftServerConfigKeys (ConfUtils.java:logGet(43)) - raft.server.log.segment.cache.num.max = 2 (custom)
2019-08-01 16:10:16,568 INFO  segmented.SegmentedRaftLogWorker (SegmentedRaftLogWorker.java:<init>(172)) - new f869cb8a-3af6-447d-9fc7-4131cd544fff-SegmentedRaftLogWorker:Storage Directory /workdir/hadoop-ozone/integration-test/target/test-dir/MiniOzoneClusterImpl-6929c718-98ba-4c80-af26-32389b17b551/datanode-5/data/ratis/9046d0e1-dbaa-4962-8a74-da6582b39adb for RaftStorage:Storage Directory /workdir/hadoop-ozone/integration-test/target/test-dir/MiniOzoneClusterImpl-6929c718-98ba-4c80-af26-32389b17b551/datanode-5/data/ratis/9046d0e1-dbaa-4962-8a74-da6582b39adb
2019-08-01 16:10:16,568 INFO  server.RaftServerConfigKeys (ConfUtils.java:logGet(43)) - raft.server.log.queue.byte-limit = 2147483647 (custom)
2019-08-01 16:10:16,568 INFO  server.RaftServerConfigKeys (ConfUtils.java:logGet(43)) - raft.server.log.queue.element-limit = 1024 (custom)
2019-08-01 16:10:16,569 INFO  server.RaftServerConfigKeys (ConfUtils.java:logGet(43)) - raft.server.log.segment.size.max = 1048576 (custom)
2019-08-01 16:10:16,569 INFO  server.RaftServerConfigKeys (ConfUtils.java:logGet(43)) - raft.server.log.preallocated.size = 16384 (custom)
2019-08-01 16:10:16,569 INFO  server.RaftServerConfigKeys (ConfUtils.java:logGet(43)) - raft.server.log.write.buffer.size = 33554432 (custom)
2019-08-01 16:10:16,569 INFO  server.RaftServerConfigKeys (ConfUtils.java:logGet(43)) - raft.server.log.force.sync.num = 128 (default)
2019-08-01 16:10:16,569 INFO  server.RaftServerConfigKeys (ConfUtils.java:logGet(43)) - raft.server.log.statemachine.data.sync = true (default)
2019-08-01 16:10:16,569 INFO  server.RaftServerConfigKeys (ConfUtils.java:logGet(43)) - raft.server.log.statemachine.data.sync.timeout = 10s (default)
2019-08-01 16:10:16,570 INFO  server.RaftServerConfigKeys (ConfUtils.java:logGet(43)) - raft.server.log.statemachine.data.sync.timeout.retry = -1 (default)
2019-08-01 16:10:16,570 INFO  server.RaftServerConfigKeys (ConfUtils.java:logGet(43)) - raft.server.log.statemachine.data.caching.enabled = true (custom)
2019-08-01 16:10:16,570 INFO  segmented.SegmentedRaftLogWorker (SegmentedRaftLogWorker.java:lambda$new$0(132)) - f869cb8a-3af6-447d-9fc7-4131cd544fff-SegmentedRaftLogWorker:Storage Directory /workdir/hadoop-ozone/integration-test/target/test-dir/MiniOzoneClusterImpl-6929c718-98ba-4c80-af26-32389b17b551/datanode-5/data/ratis/9046d0e1-dbaa-4962-8a74-da6582b39adb: flushIndex: setUnconditionally 0 -> -1
2019-08-01 16:10:16,571 INFO  server.RaftServerConfigKeys (ConfUtils.java:logGet(43)) - raft.server.snapshot.auto.trigger.enabled = true (custom)
2019-08-01 16:10:16,571 INFO  server.RaftServerConfigKeys (ConfUtils.java:logGet(43)) - raft.server.snapshot.auto.trigger.threshold = 10000 (custom)
2019-08-01 16:10:16,571 INFO  server.RaftServerConfigKeys (ConfUtils.java:logGet(43)) - raft.server.retrycache.expirytime = 600000ms (custom)
2019-08-01 16:10:16,571 INFO  impl.RaftServerImpl (RaftServerImpl.java:start(180)) - f869cb8a-3af6-447d-9fc7-4131cd544fff: start group-DA6582B39ADB
2019-08-01 16:10:16,571 INFO  impl.RaftServerImpl (RaftServerImpl.java:setRole(171)) - f869cb8a-3af6-447d-9fc7-4131cd544fff:group-DA6582B39ADB changes role from null to FOLLOWER at term 0 for startAsFollower
2019-08-01 16:10:16,572 INFO  impl.RoleInfo (RoleInfo.java:updateAndGet(143)) - f869cb8a-3af6-447d-9fc7-4131cd544fff: start FollowerState
2019-08-01 16:10:16,572 INFO  util.JmxRegister (JmxRegister.java:tryRegister(44)) - Successfully registered JMX Bean with object name Ratis:service=RaftServer,group=group-DA6582B39ADB,id=f869cb8a-3af6-447d-9fc7-4131cd544fff
2019-08-01 16:10:16,574 INFO  pipeline.PipelineStateManager (PipelineStateManager.java:addPipeline(56)) - Created pipeline Pipeline[ Id: 9046d0e1-dbaa-4962-8a74-da6582b39adb, Nodes: f869cb8a-3af6-447d-9fc7-4131cd544fff{ip: 192.168.157.209, host: byscane-nightly-hwqnr-1260472869, networkLocation: /default-rack, certSerialId: null}, Type:RATIS, Factor:ONE, State:OPEN]
2019-08-01 16:10:16,592 INFO  impl.RaftServerProxy (RaftServerProxy.java:addNew(89)) - a2b0b871-5a56-4d55-be94-a0c23679df5a: addNew group-E7FEA55496FF:[a2b0b871-5a56-4d55-be94-a0c23679df5a:192.168.157.209:37192, f869cb8a-3af6-447d-9fc7-4131cd544fff:192.168.157.209:40407, 2a71459f-3024-44de-b2e6-f891a8154f4c:192.168.157.209:38343] returns group-E7FEA55496FF:java.util.concurrent.CompletableFuture@c214aac[Not completed]
2019-08-01 16:10:16,592 INFO  impl.RaftServerProxy (RaftServerProxy.java:addNew(89)) - 2a71459f-3024-44de-b2e6-f891a8154f4c: addNew group-E7FEA55496FF:[a2b0b871-5a56-4d55-be94-a0c23679df5a:192.168.157.209:37192, f869cb8a-3af6-447d-9fc7-4131cd544fff:192.168.157.209:40407, 2a71459f-3024-44de-b2e6-f891a8154f4c:192.168.157.209:38343] returns group-E7FEA55496FF:java.util.concurrent.CompletableFuture@656fd736[Not completed]
2019-08-01 16:10:16,595 INFO  impl.RaftServerProxy (RaftServerProxy.java:addNew(89)) - f869cb8a-3af6-447d-9fc7-4131cd544fff: addNew group-E7FEA55496FF:[a2b0b871-5a56-4d55-be94-a0c23679df5a:192.168.157.209:37192, f869cb8a-3af6-447d-9fc7-4131cd544fff:192.168.157.209:40407, 2a71459f-3024-44de-b2e6-f891a8154f4c:192.168.157.209:38343] returns group-E7FEA55496FF:java.util.concurrent.CompletableFuture@5ec5c4c6[Not completed]
2019-08-01 16:10:16,595 INFO  impl.RaftServerImpl (RaftServerImpl.java:<init>(93)) - 2a71459f-3024-44de-b2e6-f891a8154f4c: new RaftServerImpl for group-E7FEA55496FF:[a2b0b871-5a56-4d55-be94-a0c23679df5a:192.168.157.209:37192, f869cb8a-3af6-447d-9fc7-4131cd544fff:192.168.157.209:40407, 2a71459f-3024-44de-b2e6-f891a8154f4c:192.168.157.209:38343] with ContainerStateMachine:uninitialized
2019-08-01 16:10:16,596 INFO  server.RaftServerConfigKeys (ConfUtils.java:logGet(43)) - raft.server.rpc.timeout.min = 5s (custom)
2019-08-01 16:10:16,596 INFO  server.RaftServerConfigKeys (ConfUtils.java:logGet(43)) - raft.server.rpc.timeout.max = 5200ms (custom)
2019-08-01 16:10:16,596 INFO  server.RaftServerConfigKeys (ConfUtils.java:logGet(43)) - raft.server.rpcslowness.timeout = 120s (custom)
2019-08-01 16:10:16,596 INFO  impl.RaftServerImpl (RaftServerImpl.java:<init>(93)) - f869cb8a-3af6-447d-9fc7-4131cd544fff: new RaftServerImpl for group-E7FEA55496FF:[a2b0b871-5a56-4d55-be94-a0c23679df5a:192.168.157.209:37192, f869cb8a-3af6-447d-9fc7-4131cd544fff:192.168.157.209:40407, 2a71459f-3024-44de-b2e6-f891a8154f4c:192.168.157.209:38343] with ContainerStateMachine:uninitialized
2019-08-01 16:10:16,596 INFO  server.RaftServerConfigKeys (ConfUtils.java:logGet(43)) - raft.server.sleep.deviation.threshold = 300 (default)
2019-08-01 16:10:16,596 INFO  server.RaftServerConfigKeys (ConfUtils.java:logGet(43)) - raft.server.rpc.timeout.min = 5s (custom)
2019-08-01 16:10:16,596 INFO  impl.RaftServerImpl (RaftServerImpl.java:<init>(93)) - a2b0b871-5a56-4d55-be94-a0c23679df5a: new RaftServerImpl for group-E7FEA55496FF:[a2b0b871-5a56-4d55-be94-a0c23679df5a:192.168.157.209:37192, f869cb8a-3af6-447d-9fc7-4131cd544fff:192.168.157.209:40407, 2a71459f-3024-44de-b2e6-f891a8154f4c:192.168.157.209:38343] with ContainerStateMachine:uninitialized
2019-08-01 16:10:16,596 INFO  server.RaftServerConfigKeys (ConfUtils.java:logGet(43)) - raft.server.log.appender.install.snapshot.enabled = false (custom)
2019-08-01 16:10:16,597 INFO  server.RaftServerConfigKeys (ConfUtils.java:logGet(43)) - raft.server.rpc.timeout.min = 5s (custom)
2019-08-01 16:10:16,596 INFO  server.RaftServerConfigKeys (ConfUtils.java:logGet(43)) - raft.server.rpc.timeout.max = 5200ms (custom)
2019-08-01 16:10:16,597 INFO  server.RaftServerConfigKeys (ConfUtils.java:logGet(43)) - raft.server.rpc.timeout.max = 5200ms (custom)
2019-08-01 16:10:16,597 INFO  impl.RaftServerImpl (ServerState.java:<init>(105)) - 2a71459f-3024-44de-b2e6-f891a8154f4c:group-E7FEA55496FF ConfigurationManager, init=-1: [a2b0b871-5a56-4d55-be94-a0c23679df5a:192.168.157.209:37192, f869cb8a-3af6-447d-9fc7-4131cd544fff:192.168.157.209:40407, 2a71459f-3024-44de-b2e6-f891a8154f4c:192.168.157.209:38343], old=null, confs=<EMPTY_MAP>
2019-08-01 16:10:16,597 INFO  server.RaftServerConfigKeys (ConfUtils.java:logGet(43)) - raft.server.rpcslowness.timeout = 120s (custom)
2019-08-01 16:10:16,597 INFO  server.RaftServerConfigKeys (ConfUtils.java:logGet(43)) - raft.server.storage.dir = [/workdir/hadoop-ozone/integration-test/target/test-dir/MiniOzoneClusterImpl-6929c718-98ba-4c80-af26-32389b17b551/datanode-4/data/ratis] (custom)
2019-08-01 16:10:16,597 INFO  server.RaftServerConfigKeys (ConfUtils.java:logGet(43)) - raft.server.rpcslowness.timeout = 120s (custom)
2019-08-01 16:10:16,598 INFO  server.RaftServerConfigKeys (ConfUtils.java:logGet(43)) - raft.server.sleep.deviation.threshold = 300 (default)
2019-08-01 16:10:16,597 INFO  server.RaftServerConfigKeys (ConfUtils.java:logGet(43)) - raft.server.sleep.deviation.threshold = 300 (default)
2019-08-01 16:10:16,598 INFO  server.RaftServerConfigKeys (ConfUtils.java:logGet(43)) - raft.server.log.appender.install.snapshot.enabled = false (custom)
2019-08-01 16:10:16,598 INFO  storage.RaftStorageDirectory (RaftStorageDirectory.java:analyzeStorage(246)) - The storage directory /workdir/hadoop-ozone/integration-test/target/test-dir/MiniOzoneClusterImpl-6929c718-98ba-4c80-af26-32389b17b551/datanode-4/data/ratis/9d68420c-281e-4022-a014-e7fea55496ff does not exist. Creating ...
2019-08-01 16:10:16,598 INFO  impl.RaftServerImpl (ServerState.java:<init>(105)) - f869cb8a-3af6-447d-9fc7-4131cd544fff:group-E7FEA55496FF ConfigurationManager, init=-1: [a2b0b871-5a56-4d55-be94-a0c23679df5a:192.168.157.209:37192, f869cb8a-3af6-447d-9fc7-4131cd544fff:192.168.157.209:40407, 2a71459f-3024-44de-b2e6-f891a8154f4c:192.168.157.209:38343], old=null, confs=<EMPTY_MAP>
2019-08-01 16:10:16,598 INFO  server.RaftServerConfigKeys (ConfUtils.java:logGet(43)) - raft.server.log.appender.install.snapshot.enabled = false (custom)
2019-08-01 16:10:16,599 INFO  server.RaftServerConfigKeys (ConfUtils.java:logGet(43)) - raft.server.storage.dir = [/workdir/hadoop-ozone/integration-test/target/test-dir/MiniOzoneClusterImpl-6929c718-98ba-4c80-af26-32389b17b551/datanode-5/data/ratis] (custom)
2019-08-01 16:10:16,599 INFO  impl.RaftServerImpl (ServerState.java:<init>(105)) - a2b0b871-5a56-4d55-be94-a0c23679df5a:group-E7FEA55496FF ConfigurationManager, init=-1: [a2b0b871-5a56-4d55-be94-a0c23679df5a:192.168.157.209:37192, f869cb8a-3af6-447d-9fc7-4131cd544fff:192.168.157.209:40407, 2a71459f-3024-44de-b2e6-f891a8154f4c:192.168.157.209:38343], old=null, confs=<EMPTY_MAP>
2019-08-01 16:10:16,599 INFO  server.RaftServerConfigKeys (ConfUtils.java:logGet(43)) - raft.server.storage.dir = [/workdir/hadoop-ozone/integration-test/target/test-dir/MiniOzoneClusterImpl-6929c718-98ba-4c80-af26-32389b17b551/datanode-3/data/ratis] (custom)
2019-08-01 16:10:16,599 INFO  storage.RaftStorageDirectory (RaftStorageDirectory.java:analyzeStorage(246)) - The storage directory /workdir/hadoop-ozone/integration-test/target/test-dir/MiniOzoneClusterImpl-6929c718-98ba-4c80-af26-32389b17b551/datanode-5/data/ratis/9d68420c-281e-4022-a014-e7fea55496ff does not exist. Creating ...
2019-08-01 16:10:16,599 INFO  storage.RaftStorageDirectory (RaftStorageDirectory.java:analyzeStorage(246)) - The storage directory /workdir/hadoop-ozone/integration-test/target/test-dir/MiniOzoneClusterImpl-6929c718-98ba-4c80-af26-32389b17b551/datanode-3/data/ratis/9d68420c-281e-4022-a014-e7fea55496ff does not exist. Creating ...
2019-08-01 16:10:16,612 INFO  storage.RaftStorageDirectory (RaftStorageDirectory.java:tryLock(328)) - Lock on /workdir/hadoop-ozone/integration-test/target/test-dir/MiniOzoneClusterImpl-6929c718-98ba-4c80-af26-32389b17b551/datanode-3/data/ratis/9d68420c-281e-4022-a014-e7fea55496ff/in_use.lock acquired by nodename 32220@byscane-nightly-hwqnr-1260472869
2019-08-01 16:10:16,612 INFO  storage.RaftStorageDirectory (RaftStorageDirectory.java:tryLock(328)) - Lock on /workdir/hadoop-ozone/integration-test/target/test-dir/MiniOzoneClusterImpl-6929c718-98ba-4c80-af26-32389b17b551/datanode-4/data/ratis/9d68420c-281e-4022-a014-e7fea55496ff/in_use.lock acquired by nodename 32220@byscane-nightly-hwqnr-1260472869
2019-08-01 16:10:16,612 INFO  storage.RaftStorageDirectory (RaftStorageDirectory.java:tryLock(328)) - Lock on /workdir/hadoop-ozone/integration-test/target/test-dir/MiniOzoneClusterImpl-6929c718-98ba-4c80-af26-32389b17b551/datanode-5/data/ratis/9d68420c-281e-4022-a014-e7fea55496ff/in_use.lock acquired by nodename 32220@byscane-nightly-hwqnr-1260472869
2019-08-01 16:10:16,626 INFO  storage.RaftStorage (RaftStorage.java:format(72)) - Storage directory /workdir/hadoop-ozone/integration-test/target/test-dir/MiniOzoneClusterImpl-6929c718-98ba-4c80-af26-32389b17b551/datanode-4/data/ratis/9d68420c-281e-4022-a014-e7fea55496ff has been successfully formatted.
2019-08-01 16:10:16,626 INFO  storage.RaftStorage (RaftStorage.java:format(72)) - Storage directory /workdir/hadoop-ozone/integration-test/target/test-dir/MiniOzoneClusterImpl-6929c718-98ba-4c80-af26-32389b17b551/datanode-5/data/ratis/9d68420c-281e-4022-a014-e7fea55496ff has been successfully formatted.
2019-08-01 16:10:16,626 INFO  storage.RaftStorage (RaftStorage.java:format(72)) - Storage directory /workdir/hadoop-ozone/integration-test/target/test-dir/MiniOzoneClusterImpl-6929c718-98ba-4c80-af26-32389b17b551/datanode-3/data/ratis/9d68420c-281e-4022-a014-e7fea55496ff has been successfully formatted.
2019-08-01 16:10:16,626 INFO  ratis.ContainerStateMachine (ContainerStateMachine.java:loadSnapshot(213)) - group-E7FEA55496FF: The snapshot info is null. Setting the last applied indexto:(t:0, i:~)
2019-08-01 16:10:16,626 INFO  ratis.ContainerStateMachine (ContainerStateMachine.java:loadSnapshot(213)) - group-E7FEA55496FF: The snapshot info is null. Setting the last applied indexto:(t:0, i:~)
2019-08-01 16:10:16,626 INFO  ratis.ContainerStateMachine (ContainerStateMachine.java:loadSnapshot(213)) - group-E7FEA55496FF: The snapshot info is null. Setting the last applied indexto:(t:0, i:~)
2019-08-01 16:10:16,626 INFO  server.RaftServerConfigKeys (ConfUtils.java:logGet(43)) - raft.server.leader.election.timeout = 120s (custom)
2019-08-01 16:10:16,626 INFO  server.RaftServerConfigKeys (ConfUtils.java:logGet(43)) - raft.server.leader.election.timeout = 120s (custom)
2019-08-01 16:10:16,627 INFO  server.RaftServerConfigKeys (ConfUtils.java:logGet(43)) - raft.server.log.use.memory = false (default)
2019-08-01 16:10:16,627 INFO  server.RaftServerConfigKeys (ConfUtils.java:logGet(43)) - raft.server.leader.election.timeout = 120s (custom)
2019-08-01 16:10:16,627 INFO  server.RaftServerConfigKeys (ConfUtils.java:logGet(43)) - raft.server.log.purge.gap = 1000000000 (custom)
2019-08-01 16:10:16,627 INFO  server.RaftServerConfigKeys (ConfUtils.java:logGet(43)) - raft.server.log.use.memory = false (default)
2019-08-01 16:10:16,627 INFO  server.RaftServerConfigKeys (ConfUtils.java:logGet(43)) - raft.server.log.appender.buffer.byte-limit = 33554432 (custom)
2019-08-01 16:10:16,627 INFO  server.RaftServerConfigKeys (ConfUtils.java:logGet(43)) - raft.server.log.use.memory = false (default)
2019-08-01 16:10:16,628 INFO  server.RaftServerConfigKeys (ConfUtils.java:logGet(43)) - raft.server.log.segment.size.max = 1048576 (custom)
2019-08-01 16:10:16,628 INFO  server.RaftServerConfigKeys (ConfUtils.java:logGet(43)) - raft.server.log.purge.gap = 1000000000 (custom)
2019-08-01 16:10:16,628 INFO  server.RaftServerConfigKeys (ConfUtils.java:logGet(43)) - raft.server.log.segment.cache.num.max = 2 (custom)
2019-08-01 16:10:16,628 INFO  segmented.SegmentedRaftLogWorker (SegmentedRaftLogWorker.java:<init>(172)) - new a2b0b871-5a56-4d55-be94-a0c23679df5a-SegmentedRaftLogWorker:Storage Directory /workdir/hadoop-ozone/integration-test/target/test-dir/MiniOzoneClusterImpl-6929c718-98ba-4c80-af26-32389b17b551/datanode-3/data/ratis/9d68420c-281e-4022-a014-e7fea55496ff for RaftStorage:Storage Directory /workdir/hadoop-ozone/integration-test/target/test-dir/MiniOzoneClusterImpl-6929c718-98ba-4c80-af26-32389b17b551/datanode-3/data/ratis/9d68420c-281e-4022-a014-e7fea55496ff
2019-08-01 16:10:16,628 INFO  server.RaftServerConfigKeys (ConfUtils.java:logGet(43)) - raft.server.log.purge.gap = 1000000000 (custom)
2019-08-01 16:10:16,628 INFO  server.RaftServerConfigKeys (ConfUtils.java:logGet(43)) - raft.server.log.queue.byte-limit = 2147483647 (custom)
2019-08-01 16:10:16,629 INFO  server.RaftServerConfigKeys (ConfUtils.java:logGet(43)) - raft.server.log.queue.element-limit = 1024 (custom)
2019-08-01 16:10:16,628 INFO  server.RaftServerConfigKeys (ConfUtils.java:logGet(43)) - raft.server.log.appender.buffer.byte-limit = 33554432 (custom)
2019-08-01 16:10:16,629 INFO  server.RaftServerConfigKeys (ConfUtils.java:logGet(43)) - raft.server.log.segment.size.max = 1048576 (custom)
2019-08-01 16:10:16,629 INFO  server.RaftServerConfigKeys (ConfUtils.java:logGet(43)) - raft.server.log.preallocated.size = 16384 (custom)
2019-08-01 16:10:16,629 INFO  server.RaftServerConfigKeys (ConfUtils.java:logGet(43)) - raft.server.log.appender.buffer.byte-limit = 33554432 (custom)
2019-08-01 16:10:16,629 INFO  server.RaftServerConfigKeys (ConfUtils.java:logGet(43)) - raft.server.log.write.buffer.size = 33554432 (custom)
2019-08-01 16:10:16,630 INFO  server.RaftServerConfigKeys (ConfUtils.java:logGet(43)) - raft.server.log.force.sync.num = 128 (default)
2019-08-01 16:10:16,629 INFO  server.RaftServerConfigKeys (ConfUtils.java:logGet(43)) - raft.server.log.segment.size.max = 1048576 (custom)
2019-08-01 16:10:16,630 INFO  server.RaftServerConfigKeys (ConfUtils.java:logGet(43)) - raft.server.log.statemachine.data.sync = true (default)
2019-08-01 16:10:16,630 INFO  server.RaftServerConfigKeys (ConfUtils.java:logGet(43)) - raft.server.log.statemachine.data.sync.timeout = 10s (default)
2019-08-01 16:10:16,630 INFO  server.RaftServerConfigKeys (ConfUtils.java:logGet(43)) - raft.server.log.segment.size.max = 1048576 (custom)
2019-08-01 16:10:16,630 INFO  server.RaftServerConfigKeys (ConfUtils.java:logGet(43)) - raft.server.log.statemachine.data.sync.timeout.retry = -1 (default)
2019-08-01 16:10:16,630 INFO  server.RaftServerConfigKeys (ConfUtils.java:logGet(43)) - raft.server.log.segment.cache.num.max = 2 (custom)
2019-08-01 16:10:16,631 INFO  server.RaftServerConfigKeys (ConfUtils.java:logGet(43)) - raft.server.log.statemachine.data.caching.enabled = true (custom)
2019-08-01 16:10:16,631 INFO  server.RaftServerConfigKeys (ConfUtils.java:logGet(43)) - raft.server.log.segment.cache.num.max = 2 (custom)
2019-08-01 16:10:16,631 INFO  segmented.SegmentedRaftLogWorker (SegmentedRaftLogWorker.java:<init>(172)) - new f869cb8a-3af6-447d-9fc7-4131cd544fff-SegmentedRaftLogWorker:Storage Directory /workdir/hadoop-ozone/integration-test/target/test-dir/MiniOzoneClusterImpl-6929c718-98ba-4c80-af26-32389b17b551/datanode-5/data/ratis/9d68420c-281e-4022-a014-e7fea55496ff for RaftStorage:Storage Directory /workdir/hadoop-ozone/integration-test/target/test-dir/MiniOzoneClusterImpl-6929c718-98ba-4c80-af26-32389b17b551/datanode-5/data/ratis/9d68420c-281e-4022-a014-e7fea55496ff
2019-08-01 16:10:16,631 INFO  segmented.SegmentedRaftLogWorker (SegmentedRaftLogWorker.java:<init>(172)) - new 2a71459f-3024-44de-b2e6-f891a8154f4c-SegmentedRaftLogWorker:Storage Directory /workdir/hadoop-ozone/integration-test/target/test-dir/MiniOzoneClusterImpl-6929c718-98ba-4c80-af26-32389b17b551/datanode-4/data/ratis/9d68420c-281e-4022-a014-e7fea55496ff for RaftStorage:Storage Directory /workdir/hadoop-ozone/integration-test/target/test-dir/MiniOzoneClusterImpl-6929c718-98ba-4c80-af26-32389b17b551/datanode-4/data/ratis/9d68420c-281e-4022-a014-e7fea55496ff
2019-08-01 16:10:16,631 INFO  segmented.SegmentedRaftLogWorker (SegmentedRaftLogWorker.java:lambda$new$0(132)) - a2b0b871-5a56-4d55-be94-a0c23679df5a-SegmentedRaftLogWorker:Storage Directory /workdir/hadoop-ozone/integration-test/target/test-dir/MiniOzoneClusterImpl-6929c718-98ba-4c80-af26-32389b17b551/datanode-3/data/ratis/9d68420c-281e-4022-a014-e7fea55496ff: flushIndex: setUnconditionally 0 -> -1
2019-08-01 16:10:16,632 INFO  server.RaftServerConfigKeys (ConfUtils.java:logGet(43)) - raft.server.log.queue.byte-limit = 2147483647 (custom)
2019-08-01 16:10:16,631 INFO  server.RaftServerConfigKeys (ConfUtils.java:logGet(43)) - raft.server.log.queue.byte-limit = 2147483647 (custom)
2019-08-01 16:10:16,632 INFO  server.RaftServerConfigKeys (ConfUtils.java:logGet(43)) - raft.server.snapshot.auto.trigger.enabled = true (custom)
2019-08-01 16:10:16,632 INFO  server.RaftServerConfigKeys (ConfUtils.java:logGet(43)) - raft.server.log.queue.element-limit = 1024 (custom)
2019-08-01 16:10:16,632 INFO  server.RaftServerConfigKeys (ConfUtils.java:logGet(43)) - raft.server.snapshot.auto.trigger.threshold = 10000 (custom)
2019-08-01 16:10:16,632 INFO  server.RaftServerConfigKeys (ConfUtils.java:logGet(43)) - raft.server.log.queue.element-limit = 1024 (custom)
2019-08-01 16:10:16,633 INFO  server.RaftServerConfigKeys (ConfUtils.java:logGet(43)) - raft.server.retrycache.expirytime = 600000ms (custom)
2019-08-01 16:10:16,632 INFO  server.RaftServerConfigKeys (ConfUtils.java:logGet(43)) - raft.server.log.segment.size.max = 1048576 (custom)
2019-08-01 16:10:16,633 INFO  impl.RaftServerImpl (RaftServerImpl.java:start(180)) - a2b0b871-5a56-4d55-be94-a0c23679df5a: start group-E7FEA55496FF
2019-08-01 16:10:16,633 INFO  impl.RaftServerImpl (RaftServerImpl.java:setRole(171)) - a2b0b871-5a56-4d55-be94-a0c23679df5a:group-E7FEA55496FF changes role from null to FOLLOWER at term 0 for startAsFollower
2019-08-01 16:10:16,633 INFO  server.RaftServerConfigKeys (ConfUtils.java:logGet(43)) - raft.server.log.segment.size.max = 1048576 (custom)
2019-08-01 16:10:16,633 INFO  impl.RoleInfo (RoleInfo.java:updateAndGet(143)) - a2b0b871-5a56-4d55-be94-a0c23679df5a: start FollowerState
2019-08-01 16:10:16,633 INFO  server.RaftServerConfigKeys (ConfUtils.java:logGet(43)) - raft.server.log.preallocated.size = 16384 (custom)
2019-08-01 16:10:16,633 INFO  server.RaftServerConfigKeys (ConfUtils.java:logGet(43)) - raft.server.log.preallocated.size = 16384 (custom)
2019-08-01 16:10:16,634 INFO  server.RaftServerConfigKeys (ConfUtils.java:logGet(43)) - raft.server.log.write.buffer.size = 33554432 (custom)
2019-08-01 16:10:16,634 INFO  util.JmxRegister (JmxRegister.java:tryRegister(44)) - Successfully registered JMX Bean with object name Ratis:service=RaftServer,group=group-E7FEA55496FF,id=a2b0b871-5a56-4d55-be94-a0c23679df5a
2019-08-01 16:10:16,634 INFO  server.RaftServerConfigKeys (ConfUtils.java:logGet(43)) - raft.server.log.write.buffer.size = 33554432 (custom)
2019-08-01 16:10:16,634 INFO  server.RaftServerConfigKeys (ConfUtils.java:logGet(43)) - raft.server.log.force.sync.num = 128 (default)
2019-08-01 16:10:16,634 INFO  server.RaftServerConfigKeys (ConfUtils.java:logGet(43)) - raft.server.log.force.sync.num = 128 (default)
2019-08-01 16:10:16,635 INFO  server.RaftServerConfigKeys (ConfUtils.java:logGet(43)) - raft.server.log.statemachine.data.sync = true (default)
2019-08-01 16:10:16,635 INFO  server.RaftServerConfigKeys (ConfUtils.java:logGet(43)) - raft.server.log.statemachine.data.sync = true (default)
2019-08-01 16:10:16,635 INFO  server.RaftServerConfigKeys (ConfUtils.java:logGet(43)) - raft.server.log.statemachine.data.sync.timeout = 10s (default)
2019-08-01 16:10:16,635 INFO  server.RaftServerConfigKeys (ConfUtils.java:logGet(43)) - raft.server.log.statemachine.data.sync.timeout = 10s (default)
2019-08-01 16:10:16,635 INFO  server.RaftServerConfigKeys (ConfUtils.java:logGet(43)) - raft.server.log.statemachine.data.sync.timeout.retry = -1 (default)
2019-08-01 16:10:16,635 INFO  server.RaftServerConfigKeys (ConfUtils.java:logGet(43)) - raft.server.log.statemachine.data.sync.timeout.retry = -1 (default)
2019-08-01 16:10:16,636 INFO  server.RaftServerConfigKeys (ConfUtils.java:logGet(43)) - raft.server.log.statemachine.data.caching.enabled = true (custom)
2019-08-01 16:10:16,636 INFO  server.RaftServerConfigKeys (ConfUtils.java:logGet(43)) - raft.server.log.statemachine.data.caching.enabled = true (custom)
2019-08-01 16:10:16,636 INFO  segmented.SegmentedRaftLogWorker (SegmentedRaftLogWorker.java:lambda$new$0(132)) - 2a71459f-3024-44de-b2e6-f891a8154f4c-SegmentedRaftLogWorker:Storage Directory /workdir/hadoop-ozone/integration-test/target/test-dir/MiniOzoneClusterImpl-6929c718-98ba-4c80-af26-32389b17b551/datanode-4/data/ratis/9d68420c-281e-4022-a014-e7fea55496ff: flushIndex: setUnconditionally 0 -> -1
2019-08-01 16:10:16,636 INFO  segmented.SegmentedRaftLogWorker (SegmentedRaftLogWorker.java:lambda$new$0(132)) - f869cb8a-3af6-447d-9fc7-4131cd544fff-SegmentedRaftLogWorker:Storage Directory /workdir/hadoop-ozone/integration-test/target/test-dir/MiniOzoneClusterImpl-6929c718-98ba-4c80-af26-32389b17b551/datanode-5/data/ratis/9d68420c-281e-4022-a014-e7fea55496ff: flushIndex: setUnconditionally 0 -> -1
2019-08-01 16:10:16,636 INFO  server.RaftServerConfigKeys (ConfUtils.java:logGet(43)) - raft.server.snapshot.auto.trigger.enabled = true (custom)
2019-08-01 16:10:16,637 INFO  server.RaftServerConfigKeys (ConfUtils.java:logGet(43)) - raft.server.snapshot.auto.trigger.threshold = 10000 (custom)
2019-08-01 16:10:16,637 INFO  server.RaftServerConfigKeys (ConfUtils.java:logGet(43)) - raft.server.snapshot.auto.trigger.enabled = true (custom)
2019-08-01 16:10:16,637 INFO  server.RaftServerConfigKeys (ConfUtils.java:logGet(43)) - raft.server.retrycache.expirytime = 600000ms (custom)
2019-08-01 16:10:16,637 INFO  server.RaftServerConfigKeys (ConfUtils.java:logGet(43)) - raft.server.snapshot.auto.trigger.threshold = 10000 (custom)
2019-08-01 16:10:16,637 INFO  impl.RaftServerImpl (RaftServerImpl.java:start(180)) - 2a71459f-3024-44de-b2e6-f891a8154f4c: start group-E7FEA55496FF
2019-08-01 16:10:16,637 INFO  server.RaftServerConfigKeys (ConfUtils.java:logGet(43)) - raft.server.retrycache.expirytime = 600000ms (custom)
2019-08-01 16:10:16,637 INFO  impl.RaftServerImpl (RaftServerImpl.java:setRole(171)) - 2a71459f-3024-44de-b2e6-f891a8154f4c:group-E7FEA55496FF changes role from null to FOLLOWER at term 0 for startAsFollower
2019-08-01 16:10:16,638 INFO  impl.RaftServerImpl (RaftServerImpl.java:start(180)) - f869cb8a-3af6-447d-9fc7-4131cd544fff: start group-E7FEA55496FF
2019-08-01 16:10:16,638 INFO  impl.RoleInfo (RoleInfo.java:updateAndGet(143)) - 2a71459f-3024-44de-b2e6-f891a8154f4c: start FollowerState
2019-08-01 16:10:16,638 INFO  impl.RaftServerImpl (RaftServerImpl.java:setRole(171)) - f869cb8a-3af6-447d-9fc7-4131cd544fff:group-E7FEA55496FF changes role from null to FOLLOWER at term 0 for startAsFollower
2019-08-01 16:10:16,638 INFO  impl.RoleInfo (RoleInfo.java:updateAndGet(143)) - f869cb8a-3af6-447d-9fc7-4131cd544fff: start FollowerState
2019-08-01 16:10:16,638 INFO  util.JmxRegister (JmxRegister.java:tryRegister(44)) - Successfully registered JMX Bean with object name Ratis:service=RaftServer,group=group-E7FEA55496FF,id=2a71459f-3024-44de-b2e6-f891a8154f4c
2019-08-01 16:10:16,638 INFO  util.JmxRegister (JmxRegister.java:tryRegister(44)) - Successfully registered JMX Bean with object name Ratis:service=RaftServer,group=group-E7FEA55496FF,id=f869cb8a-3af6-447d-9fc7-4131cd544fff
2019-08-01 16:10:16,641 INFO  pipeline.PipelineStateManager (PipelineStateManager.java:addPipeline(56)) - Created pipeline Pipeline[ Id: 9d68420c-281e-4022-a014-e7fea55496ff, Nodes: f869cb8a-3af6-447d-9fc7-4131cd544fff{ip: 192.168.157.209, host: byscane-nightly-hwqnr-1260472869, networkLocation: /default-rack, certSerialId: null}a2b0b871-5a56-4d55-be94-a0c23679df5a{ip: 192.168.157.209, host: byscane-nightly-hwqnr-1260472869, networkLocation: /default-rack, certSerialId: null}2a71459f-3024-44de-b2e6-f891a8154f4c{ip: 192.168.157.209, host: byscane-nightly-hwqnr-1260472869, networkLocation: /default-rack, certSerialId: null}, Type:RATIS, Factor:THREE, State:OPEN]
2019-08-01 16:10:16,738 INFO  ozone.MiniOzoneClusterImpl (MiniOzoneClusterImpl.java:lambda$waitForClusterToBeReady$0(142)) - Waiting for cluster to be ready. Got 6 of 7 DN Heartbeats.
2019-08-01 16:10:16,739 INFO  net.NetworkTopology (NetworkTopologyImpl.java:add(110)) - Added a new node: /default-rack/6c123193-9863-47d5-a357-7f0dbebba377
2019-08-01 16:10:16,739 INFO  node.SCMNodeManager (SCMNodeManager.java:register(273)) - Registered Data node : 6c123193-9863-47d5-a357-7f0dbebba377{ip: 192.168.157.209, host: byscane-nightly-hwqnr-1260472869, networkLocation: /default-rack, certSerialId: null}
2019-08-01 16:10:16,750 INFO  impl.RaftServerProxy (RaftServerProxy.java:addNew(89)) - 6c123193-9863-47d5-a357-7f0dbebba377: addNew group-24F34742031A:[6c123193-9863-47d5-a357-7f0dbebba377:192.168.157.209:39163] returns group-24F34742031A:java.util.concurrent.CompletableFuture@bb4c0ca[Not completed]
2019-08-01 16:10:16,751 INFO  impl.RaftServerImpl (RaftServerImpl.java:<init>(93)) - 6c123193-9863-47d5-a357-7f0dbebba377: new RaftServerImpl for group-24F34742031A:[6c123193-9863-47d5-a357-7f0dbebba377:192.168.157.209:39163] with ContainerStateMachine:uninitialized
2019-08-01 16:10:16,751 INFO  server.RaftServerConfigKeys (ConfUtils.java:logGet(43)) - raft.server.rpc.timeout.min = 5s (custom)
2019-08-01 16:10:16,751 INFO  server.RaftServerConfigKeys (ConfUtils.java:logGet(43)) - raft.server.rpc.timeout.max = 5200ms (custom)
2019-08-01 16:10:16,751 INFO  server.RaftServerConfigKeys (ConfUtils.java:logGet(43)) - raft.server.rpcslowness.timeout = 120s (custom)
2019-08-01 16:10:16,751 INFO  server.RaftServerConfigKeys (ConfUtils.java:logGet(43)) - raft.server.sleep.deviation.threshold = 300 (default)
2019-08-01 16:10:16,752 INFO  server.RaftServerConfigKeys (ConfUtils.java:logGet(43)) - raft.server.log.appender.install.snapshot.enabled = false (custom)
2019-08-01 16:10:16,752 INFO  impl.RaftServerImpl (ServerState.java:<init>(105)) - 6c123193-9863-47d5-a357-7f0dbebba377:group-24F34742031A ConfigurationManager, init=-1: [6c123193-9863-47d5-a357-7f0dbebba377:192.168.157.209:39163], old=null, confs=<EMPTY_MAP>
2019-08-01 16:10:16,752 INFO  server.RaftServerConfigKeys (ConfUtils.java:logGet(43)) - raft.server.storage.dir = [/workdir/hadoop-ozone/integration-test/target/test-dir/MiniOzoneClusterImpl-6929c718-98ba-4c80-af26-32389b17b551/datanode-6/data/ratis] (custom)
2019-08-01 16:10:16,752 INFO  storage.RaftStorageDirectory (RaftStorageDirectory.java:analyzeStorage(246)) - The storage directory /workdir/hadoop-ozone/integration-test/target/test-dir/MiniOzoneClusterImpl-6929c718-98ba-4c80-af26-32389b17b551/datanode-6/data/ratis/ff0dbd3d-d31c-4179-951c-24f34742031a does not exist. Creating ...
2019-08-01 16:10:16,765 INFO  storage.RaftStorageDirectory (RaftStorageDirectory.java:tryLock(328)) - Lock on /workdir/hadoop-ozone/integration-test/target/test-dir/MiniOzoneClusterImpl-6929c718-98ba-4c80-af26-32389b17b551/datanode-6/data/ratis/ff0dbd3d-d31c-4179-951c-24f34742031a/in_use.lock acquired by nodename 32220@byscane-nightly-hwqnr-1260472869
2019-08-01 16:10:16,786 INFO  storage.RaftStorage (RaftStorage.java:format(72)) - Storage directory /workdir/hadoop-ozone/integration-test/target/test-dir/MiniOzoneClusterImpl-6929c718-98ba-4c80-af26-32389b17b551/datanode-6/data/ratis/ff0dbd3d-d31c-4179-951c-24f34742031a has been successfully formatted.
2019-08-01 16:10:16,787 INFO  ratis.ContainerStateMachine (ContainerStateMachine.java:loadSnapshot(213)) - group-24F34742031A: The snapshot info is null. Setting the last applied indexto:(t:0, i:~)
2019-08-01 16:10:16,787 INFO  server.RaftServerConfigKeys (ConfUtils.java:logGet(43)) - raft.server.leader.election.timeout = 120s (custom)
2019-08-01 16:10:16,787 INFO  server.RaftServerConfigKeys (ConfUtils.java:logGet(43)) - raft.server.log.use.memory = false (default)
2019-08-01 16:10:16,787 INFO  server.RaftServerConfigKeys (ConfUtils.java:logGet(43)) - raft.server.log.purge.gap = 1000000000 (custom)
2019-08-01 16:10:16,787 INFO  server.RaftServerConfigKeys (ConfUtils.java:logGet(43)) - raft.server.log.appender.buffer.byte-limit = 33554432 (custom)
2019-08-01 16:10:16,788 INFO  server.RaftServerConfigKeys (ConfUtils.java:logGet(43)) - raft.server.log.segment.size.max = 1048576 (custom)
2019-08-01 16:10:16,788 INFO  server.RaftServerConfigKeys (ConfUtils.java:logGet(43)) - raft.server.log.segment.cache.num.max = 2 (custom)
2019-08-01 16:10:16,788 INFO  segmented.SegmentedRaftLogWorker (SegmentedRaftLogWorker.java:<init>(172)) - new 6c123193-9863-47d5-a357-7f0dbebba377-SegmentedRaftLogWorker:Storage Directory /workdir/hadoop-ozone/integration-test/target/test-dir/MiniOzoneClusterImpl-6929c718-98ba-4c80-af26-32389b17b551/datanode-6/data/ratis/ff0dbd3d-d31c-4179-951c-24f34742031a for RaftStorage:Storage Directory /workdir/hadoop-ozone/integration-test/target/test-dir/MiniOzoneClusterImpl-6929c718-98ba-4c80-af26-32389b17b551/datanode-6/data/ratis/ff0dbd3d-d31c-4179-951c-24f34742031a
2019-08-01 16:10:16,788 INFO  server.RaftServerConfigKeys (ConfUtils.java:logGet(43)) - raft.server.log.queue.byte-limit = 2147483647 (custom)
2019-08-01 16:10:16,788 INFO  server.RaftServerConfigKeys (ConfUtils.java:logGet(43)) - raft.server.log.queue.element-limit = 1024 (custom)
2019-08-01 16:10:16,788 INFO  server.RaftServerConfigKeys (ConfUtils.java:logGet(43)) - raft.server.log.segment.size.max = 1048576 (custom)
2019-08-01 16:10:16,789 INFO  server.RaftServerConfigKeys (ConfUtils.java:logGet(43)) - raft.server.log.preallocated.size = 16384 (custom)
2019-08-01 16:10:16,789 INFO  server.RaftServerConfigKeys (ConfUtils.java:logGet(43)) - raft.server.log.write.buffer.size = 33554432 (custom)
2019-08-01 16:10:16,789 INFO  server.RaftServerConfigKeys (ConfUtils.java:logGet(43)) - raft.server.log.force.sync.num = 128 (default)
2019-08-01 16:10:16,789 INFO  server.RaftServerConfigKeys (ConfUtils.java:logGet(43)) - raft.server.log.statemachine.data.sync = true (default)
2019-08-01 16:10:16,789 INFO  server.RaftServerConfigKeys (ConfUtils.java:logGet(43)) - raft.server.log.statemachine.data.sync.timeout = 10s (default)
2019-08-01 16:10:16,789 INFO  server.RaftServerConfigKeys (ConfUtils.java:logGet(43)) - raft.server.log.statemachine.data.sync.timeout.retry = -1 (default)
2019-08-01 16:10:16,790 INFO  server.RaftServerConfigKeys (ConfUtils.java:logGet(43)) - raft.server.log.statemachine.data.caching.enabled = true (custom)
2019-08-01 16:10:16,790 INFO  segmented.SegmentedRaftLogWorker (SegmentedRaftLogWorker.java:lambda$new$0(132)) - 6c123193-9863-47d5-a357-7f0dbebba377-SegmentedRaftLogWorker:Storage Directory /workdir/hadoop-ozone/integration-test/target/test-dir/MiniOzoneClusterImpl-6929c718-98ba-4c80-af26-32389b17b551/datanode-6/data/ratis/ff0dbd3d-d31c-4179-951c-24f34742031a: flushIndex: setUnconditionally 0 -> -1
2019-08-01 16:10:16,790 INFO  server.RaftServerConfigKeys (ConfUtils.java:logGet(43)) - raft.server.snapshot.auto.trigger.enabled = true (custom)
2019-08-01 16:10:16,791 INFO  server.RaftServerConfigKeys (ConfUtils.java:logGet(43)) - raft.server.snapshot.auto.trigger.threshold = 10000 (custom)
2019-08-01 16:10:16,791 INFO  server.RaftServerConfigKeys (ConfUtils.java:logGet(43)) - raft.server.retrycache.expirytime = 600000ms (custom)
2019-08-01 16:10:16,791 INFO  impl.RaftServerImpl (RaftServerImpl.java:start(180)) - 6c123193-9863-47d5-a357-7f0dbebba377: start group-24F34742031A
2019-08-01 16:10:16,791 INFO  impl.RaftServerImpl (RaftServerImpl.java:setRole(171)) - 6c123193-9863-47d5-a357-7f0dbebba377:group-24F34742031A changes role from null to FOLLOWER at term 0 for startAsFollower
2019-08-01 16:10:16,791 INFO  impl.RoleInfo (RoleInfo.java:updateAndGet(143)) - 6c123193-9863-47d5-a357-7f0dbebba377: start FollowerState
2019-08-01 16:10:16,792 INFO  util.JmxRegister (JmxRegister.java:tryRegister(44)) - Successfully registered JMX Bean with object name Ratis:service=RaftServer,group=group-24F34742031A,id=6c123193-9863-47d5-a357-7f0dbebba377
2019-08-01 16:10:16,794 INFO  pipeline.PipelineStateManager (PipelineStateManager.java:addPipeline(56)) - Created pipeline Pipeline[ Id: ff0dbd3d-d31c-4179-951c-24f34742031a, Nodes: 6c123193-9863-47d5-a357-7f0dbebba377{ip: 192.168.157.209, host: byscane-nightly-hwqnr-1260472869, networkLocation: /default-rack, certSerialId: null}, Type:RATIS, Factor:ONE, State:OPEN]
2019-08-01 16:10:17,738 INFO  ozone.MiniOzoneClusterImpl (MiniOzoneClusterImpl.java:lambda$waitForClusterToBeReady$0(142)) - Cluster is ready. Got 7 of 7 DN Heartbeats.
2019-08-01 16:10:17,779 INFO  rpc.RpcClient (RpcClient.java:createVolume(288)) - Creating Volume: testblockoutputstream, with jenkins1000 as owner.
2019-08-01 16:10:17,794 INFO  rpc.RpcClient (RpcClient.java:createBucket(425)) - Creating Bucket: testblockoutputstream/testblockoutputstream, with Versioning false and Storage Type set to DISK and Encryption set to false 
2019-08-01 16:10:17,831 INFO  client.GrpcClientProtocolClient (GrpcClientProtocolClient.java:onNext(255)) - client-8A2374E62C44->f869cb8a-3af6-447d-9fc7-4131cd544fff: receive RaftClientReply:client-8A2374E62C44->f869cb8a-3af6-447d-9fc7-4131cd544fff@group-E7FEA55496FF, cid=175, FAILED org.apache.ratis.protocol.NotLeaderException: Server f869cb8a-3af6-447d-9fc7-4131cd544fff is not the leader (null). Request must be sent to leader., logIndex=0, commits[f869cb8a-3af6-447d-9fc7-4131cd544fff:c-1]
2019-08-01 16:10:18,609 INFO  container.ReplicationManager (ReplicationManager.java:start(155)) - Starting Replication Monitor Thread.
2019-08-01 16:10:18,614 INFO  container.ReplicationManager (ReplicationManager.java:run(207)) - Replication Monitor Thread took 1 milliseconds for processing 1 containers.
2019-08-01 16:10:18,845 INFO  client.GrpcClientProtocolClient (GrpcClientProtocolClient.java:onNext(255)) - client-8A2374E62C44->a2b0b871-5a56-4d55-be94-a0c23679df5a: receive RaftClientReply:client-8A2374E62C44->a2b0b871-5a56-4d55-be94-a0c23679df5a@group-E7FEA55496FF, cid=175, FAILED org.apache.ratis.protocol.NotLeaderException: Server a2b0b871-5a56-4d55-be94-a0c23679df5a is not the leader (null). Request must be sent to leader., logIndex=0, commits[a2b0b871-5a56-4d55-be94-a0c23679df5a:c-1]
2019-08-01 16:10:19,857 INFO  client.GrpcClientProtocolClient (GrpcClientProtocolClient.java:onNext(255)) - client-8A2374E62C44->2a71459f-3024-44de-b2e6-f891a8154f4c: receive RaftClientReply:client-8A2374E62C44->2a71459f-3024-44de-b2e6-f891a8154f4c@group-E7FEA55496FF, cid=175, FAILED org.apache.ratis.protocol.NotLeaderException: Server 2a71459f-3024-44de-b2e6-f891a8154f4c is not the leader (null). Request must be sent to leader., logIndex=0, commits[2a71459f-3024-44de-b2e6-f891a8154f4c:c-1]
2019-08-01 16:10:20,855 INFO  impl.FollowerState (FollowerState.java:run(106)) - 8f792503-75b4-459c-8926-4d158fd32eed:group-7C1A0140BCE6 changes to CANDIDATE, lastRpcTime:5188, electionTimeout:5188ms
2019-08-01 16:10:20,855 INFO  impl.RoleInfo (RoleInfo.java:shutdownFollowerState(121)) - 8f792503-75b4-459c-8926-4d158fd32eed: shutdown FollowerState
2019-08-01 16:10:20,855 INFO  impl.RaftServerImpl (RaftServerImpl.java:setRole(171)) - 8f792503-75b4-459c-8926-4d158fd32eed:group-7C1A0140BCE6 changes role from FOLLOWER to CANDIDATE at term 0 for changeToCandidate
2019-08-01 16:10:20,855 INFO  impl.RoleInfo (RoleInfo.java:updateAndGet(143)) - 8f792503-75b4-459c-8926-4d158fd32eed: start LeaderElection
2019-08-01 16:10:20,886 INFO  client.GrpcClientProtocolClient (GrpcClientProtocolClient.java:onNext(255)) - client-8A2374E62C44->f869cb8a-3af6-447d-9fc7-4131cd544fff: receive RaftClientReply:client-8A2374E62C44->f869cb8a-3af6-447d-9fc7-4131cd544fff@group-E7FEA55496FF, cid=175, FAILED org.apache.ratis.protocol.NotLeaderException: Server f869cb8a-3af6-447d-9fc7-4131cd544fff is not the leader (null). Request must be sent to leader., logIndex=0, commits[f869cb8a-3af6-447d-9fc7-4131cd544fff:c-1]
2019-08-01 16:10:20,898 INFO  impl.LeaderElection (LeaderElection.java:askForVotes(181)) - 8f792503-75b4-459c-8926-4d158fd32eed:group-7C1A0140BCE6:LeaderElection56: begin an election at term 1 for -1: [8f792503-75b4-459c-8926-4d158fd32eed:192.168.157.209:34002], old=null
2019-08-01 16:10:20,898 INFO  impl.RoleInfo (RoleInfo.java:shutdownLeaderElection(134)) - 8f792503-75b4-459c-8926-4d158fd32eed: shutdown LeaderElection
2019-08-01 16:10:20,898 INFO  impl.RaftServerImpl (RaftServerImpl.java:setRole(171)) - 8f792503-75b4-459c-8926-4d158fd32eed:group-7C1A0140BCE6 changes role from CANDIDATE to LEADER at term 1 for changeToLeader
2019-08-01 16:10:20,898 INFO  impl.RaftServerImpl (ServerState.java:setLeader(263)) - 8f792503-75b4-459c-8926-4d158fd32eed:group-7C1A0140BCE6 change Leader from null to 8f792503-75b4-459c-8926-4d158fd32eed at term 1 for becomeLeader, leader elected after 5236ms
2019-08-01 16:10:20,899 INFO  server.RaftServerConfigKeys (ConfUtils.java:logGet(43)) - raft.server.staging.catchup.gap = 1000 (default)
2019-08-01 16:10:20,899 INFO  server.RaftServerConfigKeys (ConfUtils.java:logGet(43)) - raft.server.rpc.sleep.time = 25ms (default)
2019-08-01 16:10:20,899 INFO  server.RaftServerConfigKeys (ConfUtils.java:logGet(43)) - raft.server.write.element-limit = 4096 (default)
2019-08-01 16:10:20,899 INFO  server.RaftServerConfigKeys (ConfUtils.java:logGet(43)) - raft.server.watch.timeout = 10s (default)
2019-08-01 16:10:20,899 INFO  server.RaftServerConfigKeys (ConfUtils.java:logGet(43)) - raft.server.watch.timeout.denomination = 1s (default)
2019-08-01 16:10:20,899 INFO  server.RaftServerConfigKeys (ConfUtils.java:logGet(43)) - raft.server.watch.element-limit = 65536 (default)
2019-08-01 16:10:20,900 INFO  impl.RoleInfo (RoleInfo.java:updateAndGet(143)) - 8f792503-75b4-459c-8926-4d158fd32eed: start LeaderState
2019-08-01 16:10:20,900 INFO  segmented.SegmentedRaftLogWorker (SegmentedRaftLogWorker.java:startLogSegment(380)) - 8f792503-75b4-459c-8926-4d158fd32eed-SegmentedRaftLogWorker:Storage Directory /workdir/hadoop-ozone/integration-test/target/test-dir/MiniOzoneClusterImpl-6929c718-98ba-4c80-af26-32389b17b551/datanode-0/data/ratis/9f1e8e9f-b95e-420c-a130-7c1a0140bce6: Starting segment from index:0
2019-08-01 16:10:20,900 INFO  impl.RaftServerImpl (ServerState.java:setRaftConf(361)) - 8f792503-75b4-459c-8926-4d158fd32eed:group-7C1A0140BCE6 set configuration 0: [8f792503-75b4-459c-8926-4d158fd32eed:192.168.157.209:34002], old=null at 0
2019-08-01 16:10:20,932 INFO  segmented.SegmentedRaftLogWorker (SegmentedRaftLogWorker.java:execute(569)) - 8f792503-75b4-459c-8926-4d158fd32eed-SegmentedRaftLogWorker:Storage Directory /workdir/hadoop-ozone/integration-test/target/test-dir/MiniOzoneClusterImpl-6929c718-98ba-4c80-af26-32389b17b551/datanode-0/data/ratis/9f1e8e9f-b95e-420c-a130-7c1a0140bce6: created new log segment /workdir/hadoop-ozone/integration-test/target/test-dir/MiniOzoneClusterImpl-6929c718-98ba-4c80-af26-32389b17b551/datanode-0/data/ratis/9f1e8e9f-b95e-420c-a130-7c1a0140bce6/current/log_inprogress_0
2019-08-01 16:10:20,973 INFO  impl.FollowerState (FollowerState.java:run(106)) - 976271c6-8508-4caf-a7ed-e6a4d951a8cc:group-863DAABFC52D changes to CANDIDATE, lastRpcTime:5172, electionTimeout:5172ms
2019-08-01 16:10:20,973 INFO  impl.RoleInfo (RoleInfo.java:shutdownFollowerState(121)) - 976271c6-8508-4caf-a7ed-e6a4d951a8cc: shutdown FollowerState
2019-08-01 16:10:20,973 INFO  impl.RaftServerImpl (RaftServerImpl.java:setRole(171)) - 976271c6-8508-4caf-a7ed-e6a4d951a8cc:group-863DAABFC52D changes role from FOLLOWER to CANDIDATE at term 0 for changeToCandidate
2019-08-01 16:10:20,973 INFO  impl.RoleInfo (RoleInfo.java:updateAndGet(143)) - 976271c6-8508-4caf-a7ed-e6a4d951a8cc: start LeaderElection
2019-08-01 16:10:20,991 INFO  impl.LeaderElection (LeaderElection.java:askForVotes(181)) - 976271c6-8508-4caf-a7ed-e6a4d951a8cc:group-863DAABFC52D:LeaderElection57: begin an election at term 1 for -1: [976271c6-8508-4caf-a7ed-e6a4d951a8cc:192.168.157.209:38959], old=null
2019-08-01 16:10:20,992 INFO  impl.RoleInfo (RoleInfo.java:shutdownLeaderElection(134)) - 976271c6-8508-4caf-a7ed-e6a4d951a8cc: shutdown LeaderElection
2019-08-01 16:10:20,992 INFO  impl.RaftServerImpl (RaftServerImpl.java:setRole(171)) - 976271c6-8508-4caf-a7ed-e6a4d951a8cc:group-863DAABFC52D changes role from CANDIDATE to LEADER at term 1 for changeToLeader
2019-08-01 16:10:20,992 INFO  impl.RaftServerImpl (ServerState.java:setLeader(263)) - 976271c6-8508-4caf-a7ed-e6a4d951a8cc:group-863DAABFC52D change Leader from null to 976271c6-8508-4caf-a7ed-e6a4d951a8cc at term 1 for becomeLeader, leader elected after 5196ms
2019-08-01 16:10:20,992 INFO  server.RaftServerConfigKeys (ConfUtils.java:logGet(43)) - raft.server.staging.catchup.gap = 1000 (default)
2019-08-01 16:10:20,992 INFO  server.RaftServerConfigKeys (ConfUtils.java:logGet(43)) - raft.server.rpc.sleep.time = 25ms (default)
2019-08-01 16:10:20,992 INFO  server.RaftServerConfigKeys (ConfUtils.java:logGet(43)) - raft.server.write.element-limit = 4096 (default)
2019-08-01 16:10:20,993 INFO  server.RaftServerConfigKeys (ConfUtils.java:logGet(43)) - raft.server.watch.timeout = 10s (default)
2019-08-01 16:10:20,993 INFO  server.RaftServerConfigKeys (ConfUtils.java:logGet(43)) - raft.server.watch.timeout.denomination = 1s (default)
2019-08-01 16:10:20,993 INFO  server.RaftServerConfigKeys (ConfUtils.java:logGet(43)) - raft.server.watch.element-limit = 65536 (default)
2019-08-01 16:10:20,993 INFO  impl.RoleInfo (RoleInfo.java:updateAndGet(143)) - 976271c6-8508-4caf-a7ed-e6a4d951a8cc: start LeaderState
2019-08-01 16:10:20,993 INFO  segmented.SegmentedRaftLogWorker (SegmentedRaftLogWorker.java:startLogSegment(380)) - 976271c6-8508-4caf-a7ed-e6a4d951a8cc-SegmentedRaftLogWorker:Storage Directory /workdir/hadoop-ozone/integration-test/target/test-dir/MiniOzoneClusterImpl-6929c718-98ba-4c80-af26-32389b17b551/datanode-1/data/ratis/0f84ac60-1829-4917-b616-863daabfc52d: Starting segment from index:0
2019-08-01 16:10:20,994 INFO  impl.RaftServerImpl (ServerState.java:setRaftConf(361)) - 976271c6-8508-4caf-a7ed-e6a4d951a8cc:group-863DAABFC52D set configuration 0: [976271c6-8508-4caf-a7ed-e6a4d951a8cc:192.168.157.209:38959], old=null at 0
2019-08-01 16:10:21,015 INFO  impl.FollowerState (FollowerState.java:run(106)) - 58c3945a-c064-4e78-aad5-24c1380eaaf1:group-0205C1CF5563 changes to CANDIDATE, lastRpcTime:5046, electionTimeout:5039ms
2019-08-01 16:10:21,015 INFO  impl.RoleInfo (RoleInfo.java:shutdownFollowerState(121)) - 58c3945a-c064-4e78-aad5-24c1380eaaf1: shutdown FollowerState
2019-08-01 16:10:21,015 INFO  impl.RaftServerImpl (RaftServerImpl.java:setRole(171)) - 58c3945a-c064-4e78-aad5-24c1380eaaf1:group-0205C1CF5563 changes role from FOLLOWER to CANDIDATE at term 0 for changeToCandidate
2019-08-01 16:10:21,016 INFO  impl.RoleInfo (RoleInfo.java:updateAndGet(143)) - 58c3945a-c064-4e78-aad5-24c1380eaaf1: start LeaderElection
2019-08-01 16:10:21,028 INFO  segmented.SegmentedRaftLogWorker (SegmentedRaftLogWorker.java:execute(569)) - 976271c6-8508-4caf-a7ed-e6a4d951a8cc-SegmentedRaftLogWorker:Storage Directory /workdir/hadoop-ozone/integration-test/target/test-dir/MiniOzoneClusterImpl-6929c718-98ba-4c80-af26-32389b17b551/datanode-1/data/ratis/0f84ac60-1829-4917-b616-863daabfc52d: created new log segment /workdir/hadoop-ozone/integration-test/target/test-dir/MiniOzoneClusterImpl-6929c718-98ba-4c80-af26-32389b17b551/datanode-1/data/ratis/0f84ac60-1829-4917-b616-863daabfc52d/current/log_inprogress_0
2019-08-01 16:10:21,028 INFO  impl.LeaderElection (LeaderElection.java:askForVotes(181)) - 58c3945a-c064-4e78-aad5-24c1380eaaf1:group-0205C1CF5563:LeaderElection58: begin an election at term 1 for -1: [58c3945a-c064-4e78-aad5-24c1380eaaf1:192.168.157.209:40194], old=null
2019-08-01 16:10:21,028 INFO  impl.RoleInfo (RoleInfo.java:shutdownLeaderElection(134)) - 58c3945a-c064-4e78-aad5-24c1380eaaf1: shutdown LeaderElection
2019-08-01 16:10:21,028 INFO  impl.RaftServerImpl (RaftServerImpl.java:setRole(171)) - 58c3945a-c064-4e78-aad5-24c1380eaaf1:group-0205C1CF5563 changes role from CANDIDATE to LEADER at term 1 for changeToLeader
2019-08-01 16:10:21,028 INFO  impl.RaftServerImpl (ServerState.java:setLeader(263)) - 58c3945a-c064-4e78-aad5-24c1380eaaf1:group-0205C1CF5563 change Leader from null to 58c3945a-c064-4e78-aad5-24c1380eaaf1 at term 1 for becomeLeader, leader elected after 5064ms
2019-08-01 16:10:21,028 INFO  server.RaftServerConfigKeys (ConfUtils.java:logGet(43)) - raft.server.staging.catchup.gap = 1000 (default)
2019-08-01 16:10:21,029 INFO  server.RaftServerConfigKeys (ConfUtils.java:logGet(43)) - raft.server.rpc.sleep.time = 25ms (default)
2019-08-01 16:10:21,029 INFO  server.RaftServerConfigKeys (ConfUtils.java:logGet(43)) - raft.server.write.element-limit = 4096 (default)
2019-08-01 16:10:21,029 INFO  server.RaftServerConfigKeys (ConfUtils.java:logGet(43)) - raft.server.watch.timeout = 10s (default)
2019-08-01 16:10:21,029 INFO  server.RaftServerConfigKeys (ConfUtils.java:logGet(43)) - raft.server.watch.timeout.denomination = 1s (default)
2019-08-01 16:10:21,029 INFO  server.RaftServerConfigKeys (ConfUtils.java:logGet(43)) - raft.server.watch.element-limit = 65536 (default)
2019-08-01 16:10:21,029 INFO  impl.RoleInfo (RoleInfo.java:updateAndGet(143)) - 58c3945a-c064-4e78-aad5-24c1380eaaf1: start LeaderState
2019-08-01 16:10:21,030 INFO  segmented.SegmentedRaftLogWorker (SegmentedRaftLogWorker.java:startLogSegment(380)) - 58c3945a-c064-4e78-aad5-24c1380eaaf1-SegmentedRaftLogWorker:Storage Directory /workdir/hadoop-ozone/integration-test/target/test-dir/MiniOzoneClusterImpl-6929c718-98ba-4c80-af26-32389b17b551/datanode-2/data/ratis/b1c4b920-8239-4a50-ae66-0205c1cf5563: Starting segment from index:0
2019-08-01 16:10:21,030 INFO  impl.RaftServerImpl (ServerState.java:setRaftConf(361)) - 58c3945a-c064-4e78-aad5-24c1380eaaf1:group-0205C1CF5563 set configuration 0: [58c3945a-c064-4e78-aad5-24c1380eaaf1:192.168.157.209:40194], old=null at 0
2019-08-01 16:10:21,063 INFO  segmented.SegmentedRaftLogWorker (SegmentedRaftLogWorker.java:execute(569)) - 58c3945a-c064-4e78-aad5-24c1380eaaf1-SegmentedRaftLogWorker:Storage Directory /workdir/hadoop-ozone/integration-test/target/test-dir/MiniOzoneClusterImpl-6929c718-98ba-4c80-af26-32389b17b551/datanode-2/data/ratis/b1c4b920-8239-4a50-ae66-0205c1cf5563: created new log segment /workdir/hadoop-ozone/integration-test/target/test-dir/MiniOzoneClusterImpl-6929c718-98ba-4c80-af26-32389b17b551/datanode-2/data/ratis/b1c4b920-8239-4a50-ae66-0205c1cf5563/current/log_inprogress_0
2019-08-01 16:10:21,067 INFO  impl.FollowerState (FollowerState.java:run(106)) - 58c3945a-c064-4e78-aad5-24c1380eaaf1:group-3DE3A72B8F07 changes to CANDIDATE, lastRpcTime:5024, electionTimeout:5023ms
2019-08-01 16:10:21,067 INFO  impl.RoleInfo (RoleInfo.java:shutdownFollowerState(121)) - 58c3945a-c064-4e78-aad5-24c1380eaaf1: shutdown FollowerState
2019-08-01 16:10:21,067 INFO  impl.RaftServerImpl (RaftServerImpl.java:setRole(171)) - 58c3945a-c064-4e78-aad5-24c1380eaaf1:group-3DE3A72B8F07 changes role from FOLLOWER to CANDIDATE at term 0 for changeToCandidate
2019-08-01 16:10:21,067 INFO  impl.RoleInfo (RoleInfo.java:updateAndGet(143)) - 58c3945a-c064-4e78-aad5-24c1380eaaf1: start LeaderElection
2019-08-01 16:10:21,075 INFO  impl.LeaderElection (LeaderElection.java:askForVotes(181)) - 58c3945a-c064-4e78-aad5-24c1380eaaf1:group-3DE3A72B8F07:LeaderElection59: begin an election at term 1 for -1: [976271c6-8508-4caf-a7ed-e6a4d951a8cc:192.168.157.209:38959, 58c3945a-c064-4e78-aad5-24c1380eaaf1:192.168.157.209:40194, 8f792503-75b4-459c-8926-4d158fd32eed:192.168.157.209:34002], old=null
2019-08-01 16:10:21,082 INFO  impl.RaftServerImpl (RaftServerImpl.java:setRole(171)) - 976271c6-8508-4caf-a7ed-e6a4d951a8cc:group-3DE3A72B8F07 changes role from FOLLOWER to FOLLOWER at term 1 for recognizeCandidate:58c3945a-c064-4e78-aad5-24c1380eaaf1
2019-08-01 16:10:21,082 INFO  impl.RaftServerImpl (RaftServerImpl.java:setRole(171)) - 8f792503-75b4-459c-8926-4d158fd32eed:group-3DE3A72B8F07 changes role from FOLLOWER to FOLLOWER at term 1 for recognizeCandidate:58c3945a-c064-4e78-aad5-24c1380eaaf1
2019-08-01 16:10:21,083 INFO  impl.RoleInfo (RoleInfo.java:shutdownFollowerState(121)) - 976271c6-8508-4caf-a7ed-e6a4d951a8cc: shutdown FollowerState
2019-08-01 16:10:21,083 INFO  impl.RoleInfo (RoleInfo.java:shutdownFollowerState(121)) - 8f792503-75b4-459c-8926-4d158fd32eed: shutdown FollowerState
2019-08-01 16:10:21,083 INFO  impl.FollowerState (FollowerState.java:run(114)) - 976271c6-8508-4caf-a7ed-e6a4d951a8cc: FollowerState was interrupted: java.lang.InterruptedException: sleep interrupted
2019-08-01 16:10:21,083 INFO  impl.RoleInfo (RoleInfo.java:updateAndGet(143)) - 8f792503-75b4-459c-8926-4d158fd32eed: start FollowerState
2019-08-01 16:10:21,083 INFO  impl.RoleInfo (RoleInfo.java:updateAndGet(143)) - 976271c6-8508-4caf-a7ed-e6a4d951a8cc: start FollowerState
2019-08-01 16:10:21,083 INFO  impl.FollowerState (FollowerState.java:run(114)) - 8f792503-75b4-459c-8926-4d158fd32eed: FollowerState was interrupted: java.lang.InterruptedException: sleep interrupted
2019-08-01 16:10:21,103 INFO  impl.LeaderElection (LeaderElection.java:logAndReturn(56)) - 58c3945a-c064-4e78-aad5-24c1380eaaf1:group-3DE3A72B8F07:LeaderElection59: Election PASSED; received 1 response(s) [58c3945a-c064-4e78-aad5-24c1380eaaf1<-976271c6-8508-4caf-a7ed-e6a4d951a8cc#0:OK-t1] and 0 exception(s); 58c3945a-c064-4e78-aad5-24c1380eaaf1:t1, leader=null, voted=58c3945a-c064-4e78-aad5-24c1380eaaf1, raftlog=58c3945a-c064-4e78-aad5-24c1380eaaf1-SegmentedRaftLog:OPENED:c-1,f-1,i0, conf=-1: [976271c6-8508-4caf-a7ed-e6a4d951a8cc:192.168.157.209:38959, 58c3945a-c064-4e78-aad5-24c1380eaaf1:192.168.157.209:40194, 8f792503-75b4-459c-8926-4d158fd32eed:192.168.157.209:34002], old=null
2019-08-01 16:10:21,103 INFO  impl.RoleInfo (RoleInfo.java:shutdownLeaderElection(134)) - 58c3945a-c064-4e78-aad5-24c1380eaaf1: shutdown LeaderElection
2019-08-01 16:10:21,106 INFO  impl.RaftServerImpl (RaftServerImpl.java:setRole(171)) - 58c3945a-c064-4e78-aad5-24c1380eaaf1:group-3DE3A72B8F07 changes role from CANDIDATE to LEADER at term 1 for changeToLeader
2019-08-01 16:10:21,106 INFO  impl.RaftServerImpl (ServerState.java:setLeader(263)) - 58c3945a-c064-4e78-aad5-24c1380eaaf1:group-3DE3A72B8F07 change Leader from null to 58c3945a-c064-4e78-aad5-24c1380eaaf1 at term 1 for becomeLeader, leader elected after 5072ms
2019-08-01 16:10:21,106 INFO  server.RaftServerConfigKeys (ConfUtils.java:logGet(43)) - raft.server.staging.catchup.gap = 1000 (default)
2019-08-01 16:10:21,106 INFO  server.RaftServerConfigKeys (ConfUtils.java:logGet(43)) - raft.server.rpc.sleep.time = 25ms (default)
2019-08-01 16:10:21,106 INFO  server.RaftServerConfigKeys (ConfUtils.java:logGet(43)) - raft.server.write.element-limit = 4096 (default)
2019-08-01 16:10:21,106 INFO  server.RaftServerConfigKeys (ConfUtils.java:logGet(43)) - raft.server.watch.timeout = 10s (default)
2019-08-01 16:10:21,106 INFO  server.RaftServerConfigKeys (ConfUtils.java:logGet(43)) - raft.server.watch.timeout.denomination = 1s (default)
2019-08-01 16:10:21,107 INFO  server.RaftServerConfigKeys (ConfUtils.java:logGet(43)) - raft.server.watch.element-limit = 65536 (default)
2019-08-01 16:10:21,107 INFO  server.RaftServerConfigKeys (ConfUtils.java:logGet(43)) - raft.server.log.appender.snapshot.chunk.size.max = 16MB (=16777216) (default)
2019-08-01 16:10:21,107 INFO  server.RaftServerConfigKeys (ConfUtils.java:logGet(43)) - raft.server.log.appender.buffer.byte-limit = 33554432 (custom)
2019-08-01 16:10:21,107 INFO  server.RaftServerConfigKeys (ConfUtils.java:logGet(43)) - raft.server.log.appender.buffer.element-limit = 1 (custom)
2019-08-01 16:10:21,108 INFO  grpc.GrpcConfigKeys$Server (ConfUtils.java:logGet(43)) - raft.grpc.server.leader.outstanding.appends.max = 128 (default)
2019-08-01 16:10:21,108 INFO  server.RaftServerConfigKeys (ConfUtils.java:logGet(43)) - raft.server.rpc.request.timeout = 3000ms (default)
2019-08-01 16:10:21,108 INFO  server.RaftServerConfigKeys (ConfUtils.java:logGet(43)) - raft.server.log.appender.install.snapshot.enabled = false (custom)
2019-08-01 16:10:21,108 INFO  server.RaftServerConfigKeys (ConfUtils.java:logGet(43)) - raft.server.log.appender.snapshot.chunk.size.max = 16MB (=16777216) (default)
2019-08-01 16:10:21,108 INFO  server.RaftServerConfigKeys (ConfUtils.java:logGet(43)) - raft.server.log.appender.buffer.byte-limit = 33554432 (custom)
2019-08-01 16:10:21,108 INFO  server.RaftServerConfigKeys (ConfUtils.java:logGet(43)) - raft.server.log.appender.buffer.element-limit = 1 (custom)
2019-08-01 16:10:21,109 INFO  grpc.GrpcConfigKeys$Server (ConfUtils.java:logGet(43)) - raft.grpc.server.leader.outstanding.appends.max = 128 (default)
2019-08-01 16:10:21,109 INFO  server.RaftServerConfigKeys (ConfUtils.java:logGet(43)) - raft.server.rpc.request.timeout = 3000ms (default)
2019-08-01 16:10:21,109 INFO  server.RaftServerConfigKeys (ConfUtils.java:logGet(43)) - raft.server.log.appender.install.snapshot.enabled = false (custom)
2019-08-01 16:10:21,109 INFO  impl.RoleInfo (RoleInfo.java:updateAndGet(143)) - 58c3945a-c064-4e78-aad5-24c1380eaaf1: start LeaderState
2019-08-01 16:10:21,109 INFO  segmented.SegmentedRaftLogWorker (SegmentedRaftLogWorker.java:startLogSegment(380)) - 58c3945a-c064-4e78-aad5-24c1380eaaf1-SegmentedRaftLogWorker:Storage Directory /workdir/hadoop-ozone/integration-test/target/test-dir/MiniOzoneClusterImpl-6929c718-98ba-4c80-af26-32389b17b551/datanode-2/data/ratis/51b363a3-cc06-4bb7-9bec-3de3a72b8f07: Starting segment from index:0
2019-08-01 16:10:21,110 INFO  impl.RaftServerImpl (ServerState.java:setRaftConf(361)) - 58c3945a-c064-4e78-aad5-24c1380eaaf1:group-3DE3A72B8F07 set configuration 0: [976271c6-8508-4caf-a7ed-e6a4d951a8cc:192.168.157.209:38959, 58c3945a-c064-4e78-aad5-24c1380eaaf1:192.168.157.209:40194, 8f792503-75b4-459c-8926-4d158fd32eed:192.168.157.209:34002], old=null at 0
2019-08-01 16:10:21,143 INFO  impl.RaftServerImpl (ServerState.java:setLeader(263)) - 976271c6-8508-4caf-a7ed-e6a4d951a8cc:group-3DE3A72B8F07 change Leader from null to 58c3945a-c064-4e78-aad5-24c1380eaaf1 at term 1 for appendEntries, leader elected after 5108ms
2019-08-01 16:10:21,143 INFO  impl.RaftServerImpl (ServerState.java:setLeader(263)) - 8f792503-75b4-459c-8926-4d158fd32eed:group-3DE3A72B8F07 change Leader from null to 58c3945a-c064-4e78-aad5-24c1380eaaf1 at term 1 for appendEntries, leader elected after 5109ms
2019-08-01 16:10:21,152 INFO  segmented.SegmentedRaftLogWorker (SegmentedRaftLogWorker.java:execute(569)) - 58c3945a-c064-4e78-aad5-24c1380eaaf1-SegmentedRaftLogWorker:Storage Directory /workdir/hadoop-ozone/integration-test/target/test-dir/MiniOzoneClusterImpl-6929c718-98ba-4c80-af26-32389b17b551/datanode-2/data/ratis/51b363a3-cc06-4bb7-9bec-3de3a72b8f07: created new log segment /workdir/hadoop-ozone/integration-test/target/test-dir/MiniOzoneClusterImpl-6929c718-98ba-4c80-af26-32389b17b551/datanode-2/data/ratis/51b363a3-cc06-4bb7-9bec-3de3a72b8f07/current/log_inprogress_0
2019-08-01 16:10:21,152 INFO  impl.RaftServerImpl (ServerState.java:setRaftConf(361)) - 976271c6-8508-4caf-a7ed-e6a4d951a8cc:group-3DE3A72B8F07 set configuration 0: [976271c6-8508-4caf-a7ed-e6a4d951a8cc:192.168.157.209:38959, 58c3945a-c064-4e78-aad5-24c1380eaaf1:192.168.157.209:40194, 8f792503-75b4-459c-8926-4d158fd32eed:192.168.157.209:34002], old=null at 0
2019-08-01 16:10:21,152 INFO  impl.RaftServerImpl (ServerState.java:setRaftConf(361)) - 8f792503-75b4-459c-8926-4d158fd32eed:group-3DE3A72B8F07 set configuration 0: [976271c6-8508-4caf-a7ed-e6a4d951a8cc:192.168.157.209:38959, 58c3945a-c064-4e78-aad5-24c1380eaaf1:192.168.157.209:40194, 8f792503-75b4-459c-8926-4d158fd32eed:192.168.157.209:34002], old=null at 0
2019-08-01 16:10:21,152 INFO  segmented.SegmentedRaftLogWorker (SegmentedRaftLogWorker.java:startLogSegment(380)) - 976271c6-8508-4caf-a7ed-e6a4d951a8cc-SegmentedRaftLogWorker:Storage Directory /workdir/hadoop-ozone/integration-test/target/test-dir/MiniOzoneClusterImpl-6929c718-98ba-4c80-af26-32389b17b551/datanode-1/data/ratis/51b363a3-cc06-4bb7-9bec-3de3a72b8f07: Starting segment from index:0
2019-08-01 16:10:21,153 INFO  segmented.SegmentedRaftLogWorker (SegmentedRaftLogWorker.java:startLogSegment(380)) - 8f792503-75b4-459c-8926-4d158fd32eed-SegmentedRaftLogWorker:Storage Directory /workdir/hadoop-ozone/integration-test/target/test-dir/MiniOzoneClusterImpl-6929c718-98ba-4c80-af26-32389b17b551/datanode-0/data/ratis/51b363a3-cc06-4bb7-9bec-3de3a72b8f07: Starting segment from index:0
2019-08-01 16:10:21,183 INFO  segmented.SegmentedRaftLogWorker (SegmentedRaftLogWorker.java:execute(569)) - 976271c6-8508-4caf-a7ed-e6a4d951a8cc-SegmentedRaftLogWorker:Storage Directory /workdir/hadoop-ozone/integration-test/target/test-dir/MiniOzoneClusterImpl-6929c718-98ba-4c80-af26-32389b17b551/datanode-1/data/ratis/51b363a3-cc06-4bb7-9bec-3de3a72b8f07: created new log segment /workdir/hadoop-ozone/integration-test/target/test-dir/MiniOzoneClusterImpl-6929c718-98ba-4c80-af26-32389b17b551/datanode-1/data/ratis/51b363a3-cc06-4bb7-9bec-3de3a72b8f07/current/log_inprogress_0
2019-08-01 16:10:21,183 INFO  segmented.SegmentedRaftLogWorker (SegmentedRaftLogWorker.java:execute(569)) - 8f792503-75b4-459c-8926-4d158fd32eed-SegmentedRaftLogWorker:Storage Directory /workdir/hadoop-ozone/integration-test/target/test-dir/MiniOzoneClusterImpl-6929c718-98ba-4c80-af26-32389b17b551/datanode-0/data/ratis/51b363a3-cc06-4bb7-9bec-3de3a72b8f07: created new log segment /workdir/hadoop-ozone/integration-test/target/test-dir/MiniOzoneClusterImpl-6929c718-98ba-4c80-af26-32389b17b551/datanode-0/data/ratis/51b363a3-cc06-4bb7-9bec-3de3a72b8f07/current/log_inprogress_0
2019-08-01 16:10:21,307 INFO  impl.FollowerState (FollowerState.java:run(106)) - a2b0b871-5a56-4d55-be94-a0c23679df5a:group-F4CC0DF45C9A changes to CANDIDATE, lastRpcTime:5051, electionTimeout:5051ms
2019-08-01 16:10:21,307 INFO  impl.RoleInfo (RoleInfo.java:shutdownFollowerState(121)) - a2b0b871-5a56-4d55-be94-a0c23679df5a: shutdown FollowerState
2019-08-01 16:10:21,307 INFO  impl.RaftServerImpl (RaftServerImpl.java:setRole(171)) - a2b0b871-5a56-4d55-be94-a0c23679df5a:group-F4CC0DF45C9A changes role from FOLLOWER to CANDIDATE at term 0 for changeToCandidate
2019-08-01 16:10:21,307 INFO  impl.RoleInfo (RoleInfo.java:updateAndGet(143)) - a2b0b871-5a56-4d55-be94-a0c23679df5a: start LeaderElection
2019-08-01 16:10:21,327 INFO  impl.LeaderElection (LeaderElection.java:askForVotes(181)) - a2b0b871-5a56-4d55-be94-a0c23679df5a:group-F4CC0DF45C9A:LeaderElection60: begin an election at term 1 for -1: [a2b0b871-5a56-4d55-be94-a0c23679df5a:192.168.157.209:37192], old=null
2019-08-01 16:10:21,328 INFO  impl.RoleInfo (RoleInfo.java:shutdownLeaderElection(134)) - a2b0b871-5a56-4d55-be94-a0c23679df5a: shutdown LeaderElection
2019-08-01 16:10:21,328 INFO  impl.RaftServerImpl (RaftServerImpl.java:setRole(171)) - a2b0b871-5a56-4d55-be94-a0c23679df5a:group-F4CC0DF45C9A changes role from CANDIDATE to LEADER at term 1 for changeToLeader
2019-08-01 16:10:21,328 INFO  impl.RaftServerImpl (ServerState.java:setLeader(263)) - a2b0b871-5a56-4d55-be94-a0c23679df5a:group-F4CC0DF45C9A change Leader from null to a2b0b871-5a56-4d55-be94-a0c23679df5a at term 1 for becomeLeader, leader elected after 5076ms
2019-08-01 16:10:21,328 INFO  server.RaftServerConfigKeys (ConfUtils.java:logGet(43)) - raft.server.staging.catchup.gap = 1000 (default)
2019-08-01 16:10:21,328 INFO  server.RaftServerConfigKeys (ConfUtils.java:logGet(43)) - raft.server.rpc.sleep.time = 25ms (default)
2019-08-01 16:10:21,328 INFO  server.RaftServerConfigKeys (ConfUtils.java:logGet(43)) - raft.server.write.element-limit = 4096 (default)
2019-08-01 16:10:21,328 INFO  server.RaftServerConfigKeys (ConfUtils.java:logGet(43)) - raft.server.watch.timeout = 10s (default)
2019-08-01 16:10:21,329 INFO  server.RaftServerConfigKeys (ConfUtils.java:logGet(43)) - raft.server.watch.timeout.denomination = 1s (default)
2019-08-01 16:10:21,329 INFO  server.RaftServerConfigKeys (ConfUtils.java:logGet(43)) - raft.server.watch.element-limit = 65536 (default)
2019-08-01 16:10:21,329 INFO  impl.RoleInfo (RoleInfo.java:updateAndGet(143)) - a2b0b871-5a56-4d55-be94-a0c23679df5a: start LeaderState
2019-08-01 16:10:21,329 INFO  segmented.SegmentedRaftLogWorker (SegmentedRaftLogWorker.java:startLogSegment(380)) - a2b0b871-5a56-4d55-be94-a0c23679df5a-SegmentedRaftLogWorker:Storage Directory /workdir/hadoop-ozone/integration-test/target/test-dir/MiniOzoneClusterImpl-6929c718-98ba-4c80-af26-32389b17b551/datanode-3/data/ratis/b43bf347-e61f-4ede-95b8-f4cc0df45c9a: Starting segment from index:0
2019-08-01 16:10:21,330 INFO  impl.RaftServerImpl (ServerState.java:setRaftConf(361)) - a2b0b871-5a56-4d55-be94-a0c23679df5a:group-F4CC0DF45C9A set configuration 0: [a2b0b871-5a56-4d55-be94-a0c23679df5a:192.168.157.209:37192], old=null at 0
2019-08-01 16:10:21,367 INFO  segmented.SegmentedRaftLogWorker (SegmentedRaftLogWorker.java:execute(569)) - a2b0b871-5a56-4d55-be94-a0c23679df5a-SegmentedRaftLogWorker:Storage Directory /workdir/hadoop-ozone/integration-test/target/test-dir/MiniOzoneClusterImpl-6929c718-98ba-4c80-af26-32389b17b551/datanode-3/data/ratis/b43bf347-e61f-4ede-95b8-f4cc0df45c9a: created new log segment /workdir/hadoop-ozone/integration-test/target/test-dir/MiniOzoneClusterImpl-6929c718-98ba-4c80-af26-32389b17b551/datanode-3/data/ratis/b43bf347-e61f-4ede-95b8-f4cc0df45c9a/current/log_inprogress_0
2019-08-01 16:10:21,470 INFO  impl.FollowerState (FollowerState.java:run(106)) - 2a71459f-3024-44de-b2e6-f891a8154f4c:group-AA73C7626F4A changes to CANDIDATE, lastRpcTime:5061, electionTimeout:5061ms
2019-08-01 16:10:21,471 INFO  impl.RoleInfo (RoleInfo.java:shutdownFollowerState(121)) - 2a71459f-3024-44de-b2e6-f891a8154f4c: shutdown FollowerState
2019-08-01 16:10:21,471 INFO  impl.RaftServerImpl (RaftServerImpl.java:setRole(171)) - 2a71459f-3024-44de-b2e6-f891a8154f4c:group-AA73C7626F4A changes role from FOLLOWER to CANDIDATE at term 0 for changeToCandidate
2019-08-01 16:10:21,471 INFO  impl.RoleInfo (RoleInfo.java:updateAndGet(143)) - 2a71459f-3024-44de-b2e6-f891a8154f4c: start LeaderElection
2019-08-01 16:10:21,489 INFO  impl.LeaderElection (LeaderElection.java:askForVotes(181)) - 2a71459f-3024-44de-b2e6-f891a8154f4c:group-AA73C7626F4A:LeaderElection61: begin an election at term 1 for -1: [2a71459f-3024-44de-b2e6-f891a8154f4c:192.168.157.209:38343], old=null
2019-08-01 16:10:21,489 INFO  impl.RoleInfo (RoleInfo.java:shutdownLeaderElection(134)) - 2a71459f-3024-44de-b2e6-f891a8154f4c: shutdown LeaderElection
2019-08-01 16:10:21,489 INFO  impl.RaftServerImpl (RaftServerImpl.java:setRole(171)) - 2a71459f-3024-44de-b2e6-f891a8154f4c:group-AA73C7626F4A changes role from CANDIDATE to LEADER at term 1 for changeToLeader
2019-08-01 16:10:21,490 INFO  impl.RaftServerImpl (ServerState.java:setLeader(263)) - 2a71459f-3024-44de-b2e6-f891a8154f4c:group-AA73C7626F4A change Leader from null to 2a71459f-3024-44de-b2e6-f891a8154f4c at term 1 for becomeLeader, leader elected after 5085ms
2019-08-01 16:10:21,490 INFO  server.RaftServerConfigKeys (ConfUtils.java:logGet(43)) - raft.server.staging.catchup.gap = 1000 (default)
2019-08-01 16:10:21,490 INFO  server.RaftServerConfigKeys (ConfUtils.java:logGet(43)) - raft.server.rpc.sleep.time = 25ms (default)
2019-08-01 16:10:21,490 INFO  server.RaftServerConfigKeys (ConfUtils.java:logGet(43)) - raft.server.write.element-limit = 4096 (default)
2019-08-01 16:10:21,490 INFO  server.RaftServerConfigKeys (ConfUtils.java:logGet(43)) - raft.server.watch.timeout = 10s (default)
2019-08-01 16:10:21,490 INFO  server.RaftServerConfigKeys (ConfUtils.java:logGet(43)) - raft.server.watch.timeout.denomination = 1s (default)
2019-08-01 16:10:21,491 INFO  server.RaftServerConfigKeys (ConfUtils.java:logGet(43)) - raft.server.watch.element-limit = 65536 (default)
2019-08-01 16:10:21,491 INFO  impl.RoleInfo (RoleInfo.java:updateAndGet(143)) - 2a71459f-3024-44de-b2e6-f891a8154f4c: start LeaderState
2019-08-01 16:10:21,491 INFO  segmented.SegmentedRaftLogWorker (SegmentedRaftLogWorker.java:startLogSegment(380)) - 2a71459f-3024-44de-b2e6-f891a8154f4c-SegmentedRaftLogWorker:Storage Directory /workdir/hadoop-ozone/integration-test/target/test-dir/MiniOzoneClusterImpl-6929c718-98ba-4c80-af26-32389b17b551/datanode-4/data/ratis/f1b10967-f499-4ddc-84df-aa73c7626f4a: Starting segment from index:0
2019-08-01 16:10:21,492 INFO  impl.RaftServerImpl (ServerState.java:setRaftConf(361)) - 2a71459f-3024-44de-b2e6-f891a8154f4c:group-AA73C7626F4A set configuration 0: [2a71459f-3024-44de-b2e6-f891a8154f4c:192.168.157.209:38343], old=null at 0
2019-08-01 16:10:21,526 INFO  segmented.SegmentedRaftLogWorker (SegmentedRaftLogWorker.java:execute(569)) - 2a71459f-3024-44de-b2e6-f891a8154f4c-SegmentedRaftLogWorker:Storage Directory /workdir/hadoop-ozone/integration-test/target/test-dir/MiniOzoneClusterImpl-6929c718-98ba-4c80-af26-32389b17b551/datanode-4/data/ratis/f1b10967-f499-4ddc-84df-aa73c7626f4a: created new log segment /workdir/hadoop-ozone/integration-test/target/test-dir/MiniOzoneClusterImpl-6929c718-98ba-4c80-af26-32389b17b551/datanode-4/data/ratis/f1b10967-f499-4ddc-84df-aa73c7626f4a/current/log_inprogress_0
2019-08-01 16:10:21,641 INFO  impl.FollowerState (FollowerState.java:run(106)) - f869cb8a-3af6-447d-9fc7-4131cd544fff:group-E7FEA55496FF changes to CANDIDATE, lastRpcTime:5002, electionTimeout:5002ms
2019-08-01 16:10:21,641 INFO  impl.RoleInfo (RoleInfo.java:shutdownFollowerState(121)) - f869cb8a-3af6-447d-9fc7-4131cd544fff: shutdown FollowerState
2019-08-01 16:10:21,641 INFO  impl.RaftServerImpl (RaftServerImpl.java:setRole(171)) - f869cb8a-3af6-447d-9fc7-4131cd544fff:group-E7FEA55496FF changes role from FOLLOWER to CANDIDATE at term 0 for changeToCandidate
2019-08-01 16:10:21,641 INFO  impl.RoleInfo (RoleInfo.java:updateAndGet(143)) - f869cb8a-3af6-447d-9fc7-4131cd544fff: start LeaderElection
2019-08-01 16:10:21,660 INFO  impl.LeaderElection (LeaderElection.java:askForVotes(181)) - f869cb8a-3af6-447d-9fc7-4131cd544fff:group-E7FEA55496FF:LeaderElection62: begin an election at term 1 for -1: [a2b0b871-5a56-4d55-be94-a0c23679df5a:192.168.157.209:37192, f869cb8a-3af6-447d-9fc7-4131cd544fff:192.168.157.209:40407, 2a71459f-3024-44de-b2e6-f891a8154f4c:192.168.157.209:38343], old=null
2019-08-01 16:10:21,667 INFO  impl.RaftServerImpl (RaftServerImpl.java:setRole(171)) - a2b0b871-5a56-4d55-be94-a0c23679df5a:group-E7FEA55496FF changes role from FOLLOWER to FOLLOWER at term 1 for recognizeCandidate:f869cb8a-3af6-447d-9fc7-4131cd544fff
2019-08-01 16:10:21,667 INFO  impl.RoleInfo (RoleInfo.java:shutdownFollowerState(121)) - a2b0b871-5a56-4d55-be94-a0c23679df5a: shutdown FollowerState
2019-08-01 16:10:21,670 INFO  impl.RaftServerImpl (RaftServerImpl.java:setRole(171)) - 2a71459f-3024-44de-b2e6-f891a8154f4c:group-E7FEA55496FF changes role from FOLLOWER to FOLLOWER at term 1 for recognizeCandidate:f869cb8a-3af6-447d-9fc7-4131cd544fff
2019-08-01 16:10:21,670 INFO  impl.FollowerState (FollowerState.java:run(114)) - a2b0b871-5a56-4d55-be94-a0c23679df5a: FollowerState was interrupted: java.lang.InterruptedException: sleep interrupted
2019-08-01 16:10:21,670 INFO  impl.FollowerState (FollowerState.java:run(106)) - f869cb8a-3af6-447d-9fc7-4131cd544fff:group-DA6582B39ADB changes to CANDIDATE, lastRpcTime:5098, electionTimeout:5098ms
2019-08-01 16:10:21,670 INFO  impl.RoleInfo (RoleInfo.java:shutdownFollowerState(121)) - 2a71459f-3024-44de-b2e6-f891a8154f4c: shutdown FollowerState
2019-08-01 16:10:21,670 INFO  impl.RoleInfo (RoleInfo.java:updateAndGet(143)) - a2b0b871-5a56-4d55-be94-a0c23679df5a: start FollowerState
2019-08-01 16:10:21,673 INFO  impl.FollowerState (FollowerState.java:run(114)) - 2a71459f-3024-44de-b2e6-f891a8154f4c: FollowerState was interrupted: java.lang.InterruptedException: sleep interrupted
2019-08-01 16:10:21,673 INFO  impl.RoleInfo (RoleInfo.java:updateAndGet(143)) - 2a71459f-3024-44de-b2e6-f891a8154f4c: start FollowerState
2019-08-01 16:10:21,673 INFO  impl.RoleInfo (RoleInfo.java:shutdownFollowerState(121)) - f869cb8a-3af6-447d-9fc7-4131cd544fff: shutdown FollowerState
2019-08-01 16:10:21,676 INFO  impl.RaftServerImpl (RaftServerImpl.java:setRole(171)) - f869cb8a-3af6-447d-9fc7-4131cd544fff:group-DA6582B39ADB changes role from FOLLOWER to CANDIDATE at term 0 for changeToCandidate
2019-08-01 16:10:21,676 INFO  impl.RoleInfo (RoleInfo.java:updateAndGet(143)) - f869cb8a-3af6-447d-9fc7-4131cd544fff: start LeaderElection
2019-08-01 16:10:21,685 INFO  impl.LeaderElection (LeaderElection.java:askForVotes(181)) - f869cb8a-3af6-447d-9fc7-4131cd544fff:group-DA6582B39ADB:LeaderElection63: begin an election at term 1 for -1: [f869cb8a-3af6-447d-9fc7-4131cd544fff:192.168.157.209:40407], old=null
2019-08-01 16:10:21,685 INFO  impl.LeaderElection (LeaderElection.java:logAndReturn(56)) - f869cb8a-3af6-447d-9fc7-4131cd544fff:group-E7FEA55496FF:LeaderElection62: Election PASSED; received 1 response(s) [f869cb8a-3af6-447d-9fc7-4131cd544fff<-a2b0b871-5a56-4d55-be94-a0c23679df5a#0:OK-t1] and 0 exception(s); f869cb8a-3af6-447d-9fc7-4131cd544fff:t1, leader=null, voted=f869cb8a-3af6-447d-9fc7-4131cd544fff, raftlog=f869cb8a-3af6-447d-9fc7-4131cd544fff-SegmentedRaftLog:OPENED:c-1,f-1,i0, conf=-1: [a2b0b871-5a56-4d55-be94-a0c23679df5a:192.168.157.209:37192, f869cb8a-3af6-447d-9fc7-4131cd544fff:192.168.157.209:40407, 2a71459f-3024-44de-b2e6-f891a8154f4c:192.168.157.209:38343], old=null
2019-08-01 16:10:21,685 INFO  impl.RoleInfo (RoleInfo.java:shutdownLeaderElection(134)) - f869cb8a-3af6-447d-9fc7-4131cd544fff: shutdown LeaderElection
2019-08-01 16:10:21,685 INFO  impl.RoleInfo (RoleInfo.java:shutdownLeaderElection(134)) - f869cb8a-3af6-447d-9fc7-4131cd544fff: shutdown LeaderElection
2019-08-01 16:10:21,687 INFO  impl.RaftServerImpl (RaftServerImpl.java:setRole(171)) - f869cb8a-3af6-447d-9fc7-4131cd544fff:group-DA6582B39ADB changes role from CANDIDATE to LEADER at term 1 for changeToLeader
2019-08-01 16:10:21,688 INFO  impl.RaftServerImpl (RaftServerImpl.java:setRole(171)) - f869cb8a-3af6-447d-9fc7-4131cd544fff:group-E7FEA55496FF changes role from CANDIDATE to LEADER at term 1 for changeToLeader
2019-08-01 16:10:21,688 INFO  impl.RaftServerImpl (ServerState.java:setLeader(263)) - f869cb8a-3af6-447d-9fc7-4131cd544fff:group-DA6582B39ADB change Leader from null to f869cb8a-3af6-447d-9fc7-4131cd544fff at term 1 for becomeLeader, leader elected after 5120ms
2019-08-01 16:10:21,688 INFO  impl.RaftServerImpl (ServerState.java:setLeader(263)) - f869cb8a-3af6-447d-9fc7-4131cd544fff:group-E7FEA55496FF change Leader from null to f869cb8a-3af6-447d-9fc7-4131cd544fff at term 1 for becomeLeader, leader elected after 5061ms
2019-08-01 16:10:21,688 INFO  server.RaftServerConfigKeys (ConfUtils.java:logGet(43)) - raft.server.staging.catchup.gap = 1000 (default)
2019-08-01 16:10:21,688 INFO  server.RaftServerConfigKeys (ConfUtils.java:logGet(43)) - raft.server.staging.catchup.gap = 1000 (default)
2019-08-01 16:10:21,688 INFO  server.RaftServerConfigKeys (ConfUtils.java:logGet(43)) - raft.server.rpc.sleep.time = 25ms (default)
2019-08-01 16:10:21,688 INFO  server.RaftServerConfigKeys (ConfUtils.java:logGet(43)) - raft.server.rpc.sleep.time = 25ms (default)
2019-08-01 16:10:21,689 INFO  server.RaftServerConfigKeys (ConfUtils.java:logGet(43)) - raft.server.write.element-limit = 4096 (default)
2019-08-01 16:10:21,689 INFO  server.RaftServerConfigKeys (ConfUtils.java:logGet(43)) - raft.server.write.element-limit = 4096 (default)
2019-08-01 16:10:21,689 INFO  server.RaftServerConfigKeys (ConfUtils.java:logGet(43)) - raft.server.watch.timeout = 10s (default)
2019-08-01 16:10:21,689 INFO  server.RaftServerConfigKeys (ConfUtils.java:logGet(43)) - raft.server.watch.timeout = 10s (default)
2019-08-01 16:10:21,689 INFO  server.RaftServerConfigKeys (ConfUtils.java:logGet(43)) - raft.server.watch.timeout.denomination = 1s (default)
2019-08-01 16:10:21,689 INFO  server.RaftServerConfigKeys (ConfUtils.java:logGet(43)) - raft.server.watch.timeout.denomination = 1s (default)
2019-08-01 16:10:21,689 INFO  server.RaftServerConfigKeys (ConfUtils.java:logGet(43)) - raft.server.watch.element-limit = 65536 (default)
2019-08-01 16:10:21,690 INFO  server.RaftServerConfigKeys (ConfUtils.java:logGet(43)) - raft.server.watch.element-limit = 65536 (default)
2019-08-01 16:10:21,690 INFO  impl.RoleInfo (RoleInfo.java:updateAndGet(143)) - f869cb8a-3af6-447d-9fc7-4131cd544fff: start LeaderState
2019-08-01 16:10:21,690 INFO  server.RaftServerConfigKeys (ConfUtils.java:logGet(43)) - raft.server.log.appender.snapshot.chunk.size.max = 16MB (=16777216) (default)
2019-08-01 16:10:21,690 INFO  segmented.SegmentedRaftLogWorker (SegmentedRaftLogWorker.java:startLogSegment(380)) - f869cb8a-3af6-447d-9fc7-4131cd544fff-SegmentedRaftLogWorker:Storage Directory /workdir/hadoop-ozone/integration-test/target/test-dir/MiniOzoneClusterImpl-6929c718-98ba-4c80-af26-32389b17b551/datanode-5/data/ratis/9046d0e1-dbaa-4962-8a74-da6582b39adb: Starting segment from index:0
2019-08-01 16:10:21,690 INFO  server.RaftServerConfigKeys (ConfUtils.java:logGet(43)) - raft.server.log.appender.buffer.byte-limit = 33554432 (custom)
2019-08-01 16:10:21,691 INFO  server.RaftServerConfigKeys (ConfUtils.java:logGet(43)) - raft.server.log.appender.buffer.element-limit = 1 (custom)
2019-08-01 16:10:21,691 INFO  impl.RaftServerImpl (ServerState.java:setRaftConf(361)) - f869cb8a-3af6-447d-9fc7-4131cd544fff:group-DA6582B39ADB set configuration 0: [f869cb8a-3af6-447d-9fc7-4131cd544fff:192.168.157.209:40407], old=null at 0
2019-08-01 16:10:21,691 INFO  grpc.GrpcConfigKeys$Server (ConfUtils.java:logGet(43)) - raft.grpc.server.leader.outstanding.appends.max = 128 (default)
2019-08-01 16:10:21,711 INFO  server.RaftServerConfigKeys (ConfUtils.java:logGet(43)) - raft.server.rpc.request.timeout = 3000ms (default)
2019-08-01 16:10:21,711 INFO  server.RaftServerConfigKeys (ConfUtils.java:logGet(43)) - raft.server.log.appender.install.snapshot.enabled = false (custom)
2019-08-01 16:10:21,711 INFO  server.RaftServerConfigKeys (ConfUtils.java:logGet(43)) - raft.server.log.appender.snapshot.chunk.size.max = 16MB (=16777216) (default)
2019-08-01 16:10:21,711 INFO  server.RaftServerConfigKeys (ConfUtils.java:logGet(43)) - raft.server.log.appender.buffer.byte-limit = 33554432 (custom)
2019-08-01 16:10:21,711 INFO  server.RaftServerConfigKeys (ConfUtils.java:logGet(43)) - raft.server.log.appender.buffer.element-limit = 1 (custom)
2019-08-01 16:10:21,712 INFO  grpc.GrpcConfigKeys$Server (ConfUtils.java:logGet(43)) - raft.grpc.server.leader.outstanding.appends.max = 128 (default)
2019-08-01 16:10:21,712 INFO  server.RaftServerConfigKeys (ConfUtils.java:logGet(43)) - raft.server.rpc.request.timeout = 3000ms (default)
2019-08-01 16:10:21,712 INFO  server.RaftServerConfigKeys (ConfUtils.java:logGet(43)) - raft.server.log.appender.install.snapshot.enabled = false (custom)
2019-08-01 16:10:21,712 INFO  impl.RoleInfo (RoleInfo.java:updateAndGet(143)) - f869cb8a-3af6-447d-9fc7-4131cd544fff: start LeaderState
2019-08-01 16:10:21,712 INFO  segmented.SegmentedRaftLogWorker (SegmentedRaftLogWorker.java:startLogSegment(380)) - f869cb8a-3af6-447d-9fc7-4131cd544fff-SegmentedRaftLogWorker:Storage Directory /workdir/hadoop-ozone/integration-test/target/test-dir/MiniOzoneClusterImpl-6929c718-98ba-4c80-af26-32389b17b551/datanode-5/data/ratis/9d68420c-281e-4022-a014-e7fea55496ff: Starting segment from index:0
2019-08-01 16:10:21,713 INFO  impl.RaftServerImpl (ServerState.java:setRaftConf(361)) - f869cb8a-3af6-447d-9fc7-4131cd544fff:group-E7FEA55496FF set configuration 0: [a2b0b871-5a56-4d55-be94-a0c23679df5a:192.168.157.209:37192, f869cb8a-3af6-447d-9fc7-4131cd544fff:192.168.157.209:40407, 2a71459f-3024-44de-b2e6-f891a8154f4c:192.168.157.209:38343], old=null at 0
2019-08-01 16:10:21,733 INFO  segmented.SegmentedRaftLogWorker (SegmentedRaftLogWorker.java:execute(569)) - f869cb8a-3af6-447d-9fc7-4131cd544fff-SegmentedRaftLogWorker:Storage Directory /workdir/hadoop-ozone/integration-test/target/test-dir/MiniOzoneClusterImpl-6929c718-98ba-4c80-af26-32389b17b551/datanode-5/data/ratis/9046d0e1-dbaa-4962-8a74-da6582b39adb: created new log segment /workdir/hadoop-ozone/integration-test/target/test-dir/MiniOzoneClusterImpl-6929c718-98ba-4c80-af26-32389b17b551/datanode-5/data/ratis/9046d0e1-dbaa-4962-8a74-da6582b39adb/current/log_inprogress_0
2019-08-01 16:10:21,734 INFO  impl.RaftServerImpl (ServerState.java:setLeader(263)) - 2a71459f-3024-44de-b2e6-f891a8154f4c:group-E7FEA55496FF change Leader from null to f869cb8a-3af6-447d-9fc7-4131cd544fff at term 1 for appendEntries, leader elected after 5107ms
2019-08-01 16:10:21,734 INFO  impl.RaftServerImpl (ServerState.java:setLeader(263)) - a2b0b871-5a56-4d55-be94-a0c23679df5a:group-E7FEA55496FF change Leader from null to f869cb8a-3af6-447d-9fc7-4131cd544fff at term 1 for appendEntries, leader elected after 5107ms
2019-08-01 16:10:21,740 INFO  impl.RaftServerImpl (ServerState.java:setRaftConf(361)) - 2a71459f-3024-44de-b2e6-f891a8154f4c:group-E7FEA55496FF set configuration 0: [a2b0b871-5a56-4d55-be94-a0c23679df5a:192.168.157.209:37192, f869cb8a-3af6-447d-9fc7-4131cd544fff:192.168.157.209:40407, 2a71459f-3024-44de-b2e6-f891a8154f4c:192.168.157.209:38343], old=null at 0
2019-08-01 16:10:21,740 INFO  impl.RaftServerImpl (ServerState.java:setRaftConf(361)) - a2b0b871-5a56-4d55-be94-a0c23679df5a:group-E7FEA55496FF set configuration 0: [a2b0b871-5a56-4d55-be94-a0c23679df5a:192.168.157.209:37192, f869cb8a-3af6-447d-9fc7-4131cd544fff:192.168.157.209:40407, 2a71459f-3024-44de-b2e6-f891a8154f4c:192.168.157.209:38343], old=null at 0
2019-08-01 16:10:21,740 INFO  segmented.SegmentedRaftLogWorker (SegmentedRaftLogWorker.java:startLogSegment(380)) - 2a71459f-3024-44de-b2e6-f891a8154f4c-SegmentedRaftLogWorker:Storage Directory /workdir/hadoop-ozone/integration-test/target/test-dir/MiniOzoneClusterImpl-6929c718-98ba-4c80-af26-32389b17b551/datanode-4/data/ratis/9d68420c-281e-4022-a014-e7fea55496ff: Starting segment from index:0
2019-08-01 16:10:21,741 INFO  segmented.SegmentedRaftLogWorker (SegmentedRaftLogWorker.java:startLogSegment(380)) - a2b0b871-5a56-4d55-be94-a0c23679df5a-SegmentedRaftLogWorker:Storage Directory /workdir/hadoop-ozone/integration-test/target/test-dir/MiniOzoneClusterImpl-6929c718-98ba-4c80-af26-32389b17b551/datanode-3/data/ratis/9d68420c-281e-4022-a014-e7fea55496ff: Starting segment from index:0
2019-08-01 16:10:21,746 INFO  segmented.SegmentedRaftLogWorker (SegmentedRaftLogWorker.java:execute(569)) - f869cb8a-3af6-447d-9fc7-4131cd544fff-SegmentedRaftLogWorker:Storage Directory /workdir/hadoop-ozone/integration-test/target/test-dir/MiniOzoneClusterImpl-6929c718-98ba-4c80-af26-32389b17b551/datanode-5/data/ratis/9d68420c-281e-4022-a014-e7fea55496ff: created new log segment /workdir/hadoop-ozone/integration-test/target/test-dir/MiniOzoneClusterImpl-6929c718-98ba-4c80-af26-32389b17b551/datanode-5/data/ratis/9d68420c-281e-4022-a014-e7fea55496ff/current/log_inprogress_0
2019-08-01 16:10:21,771 INFO  segmented.SegmentedRaftLogWorker (SegmentedRaftLogWorker.java:execute(569)) - 2a71459f-3024-44de-b2e6-f891a8154f4c-SegmentedRaftLogWorker:Storage Directory /workdir/hadoop-ozone/integration-test/target/test-dir/MiniOzoneClusterImpl-6929c718-98ba-4c80-af26-32389b17b551/datanode-4/data/ratis/9d68420c-281e-4022-a014-e7fea55496ff: created new log segment /workdir/hadoop-ozone/integration-test/target/test-dir/MiniOzoneClusterImpl-6929c718-98ba-4c80-af26-32389b17b551/datanode-4/data/ratis/9d68420c-281e-4022-a014-e7fea55496ff/current/log_inprogress_0
2019-08-01 16:10:21,771 INFO  segmented.SegmentedRaftLogWorker (SegmentedRaftLogWorker.java:execute(569)) - a2b0b871-5a56-4d55-be94-a0c23679df5a-SegmentedRaftLogWorker:Storage Directory /workdir/hadoop-ozone/integration-test/target/test-dir/MiniOzoneClusterImpl-6929c718-98ba-4c80-af26-32389b17b551/datanode-3/data/ratis/9d68420c-281e-4022-a014-e7fea55496ff: created new log segment /workdir/hadoop-ozone/integration-test/target/test-dir/MiniOzoneClusterImpl-6929c718-98ba-4c80-af26-32389b17b551/datanode-3/data/ratis/9d68420c-281e-4022-a014-e7fea55496ff/current/log_inprogress_0
2019-08-01 16:10:21,895 INFO  client.GrpcClientProtocolClient (GrpcClientProtocolClient.java:onNext(255)) - client-8A2374E62C44->a2b0b871-5a56-4d55-be94-a0c23679df5a: receive RaftClientReply:client-8A2374E62C44->a2b0b871-5a56-4d55-be94-a0c23679df5a@group-E7FEA55496FF, cid=175, FAILED org.apache.ratis.protocol.NotLeaderException: Server a2b0b871-5a56-4d55-be94-a0c23679df5a is not the leader (f869cb8a-3af6-447d-9fc7-4131cd544fff:192.168.157.209:40407). Request must be sent to leader., logIndex=0, commits[a2b0b871-5a56-4d55-be94-a0c23679df5a:c-1, f869cb8a-3af6-447d-9fc7-4131cd544fff:c-1, 2a71459f-3024-44de-b2e6-f891a8154f4c:c-1]
2019-08-01 16:10:21,971 INFO  impl.FollowerState (FollowerState.java:run(106)) - 6c123193-9863-47d5-a357-7f0dbebba377:group-24F34742031A changes to CANDIDATE, lastRpcTime:5179, electionTimeout:5179ms
2019-08-01 16:10:21,971 INFO  impl.RoleInfo (RoleInfo.java:shutdownFollowerState(121)) - 6c123193-9863-47d5-a357-7f0dbebba377: shutdown FollowerState
2019-08-01 16:10:21,971 INFO  impl.RaftServerImpl (RaftServerImpl.java:setRole(171)) - 6c123193-9863-47d5-a357-7f0dbebba377:group-24F34742031A changes role from FOLLOWER to CANDIDATE at term 0 for changeToCandidate
2019-08-01 16:10:21,971 INFO  impl.RoleInfo (RoleInfo.java:updateAndGet(143)) - 6c123193-9863-47d5-a357-7f0dbebba377: start LeaderElection
2019-08-01 16:10:21,991 INFO  impl.LeaderElection (LeaderElection.java:askForVotes(181)) - 6c123193-9863-47d5-a357-7f0dbebba377:group-24F34742031A:LeaderElection64: begin an election at term 1 for -1: [6c123193-9863-47d5-a357-7f0dbebba377:192.168.157.209:39163], old=null
2019-08-01 16:10:21,991 INFO  impl.RoleInfo (RoleInfo.java:shutdownLeaderElection(134)) - 6c123193-9863-47d5-a357-7f0dbebba377: shutdown LeaderElection
2019-08-01 16:10:21,992 INFO  impl.RaftServerImpl (RaftServerImpl.java:setRole(171)) - 6c123193-9863-47d5-a357-7f0dbebba377:group-24F34742031A changes role from CANDIDATE to LEADER at term 1 for changeToLeader
2019-08-01 16:10:21,992 INFO  impl.RaftServerImpl (ServerState.java:setLeader(263)) - 6c123193-9863-47d5-a357-7f0dbebba377:group-24F34742031A change Leader from null to 6c123193-9863-47d5-a357-7f0dbebba377 at term 1 for becomeLeader, leader elected after 5204ms
2019-08-01 16:10:21,992 INFO  server.RaftServerConfigKeys (ConfUtils.java:logGet(43)) - raft.server.staging.catchup.gap = 1000 (default)
2019-08-01 16:10:21,992 INFO  server.RaftServerConfigKeys (ConfUtils.java:logGet(43)) - raft.server.rpc.sleep.time = 25ms (default)
2019-08-01 16:10:21,992 INFO  server.RaftServerConfigKeys (ConfUtils.java:logGet(43)) - raft.server.write.element-limit = 4096 (default)
2019-08-01 16:10:21,992 INFO  server.RaftServerConfigKeys (ConfUtils.java:logGet(43)) - raft.server.watch.timeout = 10s (default)
2019-08-01 16:10:21,992 INFO  server.RaftServerConfigKeys (ConfUtils.java:logGet(43)) - raft.server.watch.timeout.denomination = 1s (default)
2019-08-01 16:10:21,993 INFO  server.RaftServerConfigKeys (ConfUtils.java:logGet(43)) - raft.server.watch.element-limit = 65536 (default)
2019-08-01 16:10:21,993 INFO  impl.RoleInfo (RoleInfo.java:updateAndGet(143)) - 6c123193-9863-47d5-a357-7f0dbebba377: start LeaderState
2019-08-01 16:10:21,993 INFO  segmented.SegmentedRaftLogWorker (SegmentedRaftLogWorker.java:startLogSegment(380)) - 6c123193-9863-47d5-a357-7f0dbebba377-SegmentedRaftLogWorker:Storage Directory /workdir/hadoop-ozone/integration-test/target/test-dir/MiniOzoneClusterImpl-6929c718-98ba-4c80-af26-32389b17b551/datanode-6/data/ratis/ff0dbd3d-d31c-4179-951c-24f34742031a: Starting segment from index:0
2019-08-01 16:10:21,994 INFO  impl.RaftServerImpl (ServerState.java:setRaftConf(361)) - 6c123193-9863-47d5-a357-7f0dbebba377:group-24F34742031A set configuration 0: [6c123193-9863-47d5-a357-7f0dbebba377:192.168.157.209:39163], old=null at 0
2019-08-01 16:10:22,017 INFO  segmented.SegmentedRaftLogWorker (SegmentedRaftLogWorker.java:execute(569)) - 6c123193-9863-47d5-a357-7f0dbebba377-SegmentedRaftLogWorker:Storage Directory /workdir/hadoop-ozone/integration-test/target/test-dir/MiniOzoneClusterImpl-6929c718-98ba-4c80-af26-32389b17b551/datanode-6/data/ratis/ff0dbd3d-d31c-4179-951c-24f34742031a: created new log segment /workdir/hadoop-ozone/integration-test/target/test-dir/MiniOzoneClusterImpl-6929c718-98ba-4c80-af26-32389b17b551/datanode-6/data/ratis/ff0dbd3d-d31c-4179-951c-24f34742031a/current/log_inprogress_0
2019-08-01 16:10:22,056 INFO  client.GrpcClientProtocolClient (GrpcClientProtocolClient.java:onNext(255)) - client-8A2374E62C44->f869cb8a-3af6-447d-9fc7-4131cd544fff: receive RaftClientReply:client-8A2374E62C44->f869cb8a-3af6-447d-9fc7-4131cd544fff@group-E7FEA55496FF, cid=175, SUCCESS, logIndex=1, commits[f869cb8a-3af6-447d-9fc7-4131cd544fff:c1, a2b0b871-5a56-4d55-be94-a0c23679df5a:c0, 2a71459f-3024-44de-b2e6-f891a8154f4c:c0]
2019-08-01 16:10:22,088 INFO  client.GrpcClientProtocolClient (GrpcClientProtocolClient.java:onNext(255)) - client-8A2374E62C44->f869cb8a-3af6-447d-9fc7-4131cd544fff: receive RaftClientReply:client-8A2374E62C44->f869cb8a-3af6-447d-9fc7-4131cd544fff@group-E7FEA55496FF, cid=176, SUCCESS, logIndex=3, commits[f869cb8a-3af6-447d-9fc7-4131cd544fff:c4, a2b0b871-5a56-4d55-be94-a0c23679df5a:c2, 2a71459f-3024-44de-b2e6-f891a8154f4c:c2]
2019-08-01 16:10:22,129 INFO  client.GrpcClientProtocolClient (GrpcClientProtocolClient.java:onNext(255)) - client-8A2374E62C44->f869cb8a-3af6-447d-9fc7-4131cd544fff: receive RaftClientReply:client-8A2374E62C44->f869cb8a-3af6-447d-9fc7-4131cd544fff@group-E7FEA55496FF, cid=177, SUCCESS, logIndex=4, commits[f869cb8a-3af6-447d-9fc7-4131cd544fff:c12, a2b0b871-5a56-4d55-be94-a0c23679df5a:c7, 2a71459f-3024-44de-b2e6-f891a8154f4c:c7]
2019-08-01 16:10:22,130 INFO  client.GrpcClientProtocolClient (GrpcClientProtocolClient.java:onNext(255)) - client-8A2374E62C44->f869cb8a-3af6-447d-9fc7-4131cd544fff: receive RaftClientReply:client-8A2374E62C44->f869cb8a-3af6-447d-9fc7-4131cd544fff@group-E7FEA55496FF, cid=178, SUCCESS, logIndex=5, commits[f869cb8a-3af6-447d-9fc7-4131cd544fff:c12, a2b0b871-5a56-4d55-be94-a0c23679df5a:c7, 2a71459f-3024-44de-b2e6-f891a8154f4c:c7]
2019-08-01 16:10:22,130 INFO  client.GrpcClientProtocolClient (GrpcClientProtocolClient.java:onNext(255)) - client-8A2374E62C44->f869cb8a-3af6-447d-9fc7-4131cd544fff: receive RaftClientReply:client-8A2374E62C44->f869cb8a-3af6-447d-9fc7-4131cd544fff@group-E7FEA55496FF, cid=179, SUCCESS, logIndex=6, commits[f869cb8a-3af6-447d-9fc7-4131cd544fff:c12, a2b0b871-5a56-4d55-be94-a0c23679df5a:c7, 2a71459f-3024-44de-b2e6-f891a8154f4c:c7]
2019-08-01 16:10:22,216 INFO  client.GrpcClientProtocolClient (GrpcClientProtocolClient.java:onNext(255)) - client-8A2374E62C44->f869cb8a-3af6-447d-9fc7-4131cd544fff: receive RaftClientReply:client-8A2374E62C44->f869cb8a-3af6-447d-9fc7-4131cd544fff@group-E7FEA55496FF, cid=180, SUCCESS, logIndex=7, commits[f869cb8a-3af6-447d-9fc7-4131cd544fff:c12, a2b0b871-5a56-4d55-be94-a0c23679df5a:c7, 2a71459f-3024-44de-b2e6-f891a8154f4c:c7]
2019-08-01 16:10:22,234 INFO  client.GrpcClientProtocolClient (GrpcClientProtocolClient.java:onNext(255)) - client-8A2374E62C44->f869cb8a-3af6-447d-9fc7-4131cd544fff: receive RaftClientReply:client-8A2374E62C44->f869cb8a-3af6-447d-9fc7-4131cd544fff@group-E7FEA55496FF, cid=181, SUCCESS, logIndex=13, commits[f869cb8a-3af6-447d-9fc7-4131cd544fff:c14, a2b0b871-5a56-4d55-be94-a0c23679df5a:c12, 2a71459f-3024-44de-b2e6-f891a8154f4c:c12]
2019-08-01 16:10:22,235 INFO  client.GrpcClientProtocolClient (GrpcClientProtocolClient.java:onNext(255)) - client-8A2374E62C44->f869cb8a-3af6-447d-9fc7-4131cd544fff: receive RaftClientReply:client-8A2374E62C44->f869cb8a-3af6-447d-9fc7-4131cd544fff@group-E7FEA55496FF, cid=182, SUCCESS, logIndex=14, commits[f869cb8a-3af6-447d-9fc7-4131cd544fff:c14, a2b0b871-5a56-4d55-be94-a0c23679df5a:c12, 2a71459f-3024-44de-b2e6-f891a8154f4c:c12]
2019-08-01 16:10:22,249 INFO  client.GrpcClientProtocolClient (GrpcClientProtocolClient.java:onNext(255)) - client-8A2374E62C44->f869cb8a-3af6-447d-9fc7-4131cd544fff: receive RaftClientReply:client-8A2374E62C44->f869cb8a-3af6-447d-9fc7-4131cd544fff@group-E7FEA55496FF, cid=183, SUCCESS, logIndex=0, commits[f869cb8a-3af6-447d-9fc7-4131cd544fff:c15, a2b0b871-5a56-4d55-be94-a0c23679df5a:c14, 2a71459f-3024-44de-b2e6-f891a8154f4c:c14]
2019-08-01 16:10:22,250 INFO  datanode.ObjectStoreHandler (ObjectStoreHandler.java:close(155)) - Closing ObjectStoreHandler.
2019-08-01 16:10:22,250 INFO  ozone.HddsDatanodeService (HddsDatanodeService.java:stop(451)) - Stopped plug-in org.apache.hadoop.ozone.web.OzoneHddsDatanodeService@6049b4c9
2019-08-01 16:10:23,022 INFO  statemachine.DatanodeStateMachine (DatanodeStateMachine.java:lambda$startDaemon$0(350)) - Ozone container server started.
2019-08-01 16:10:27,062 INFO  node.StaleNodeHandler (StaleNodeHandler.java:onMessage(58)) - Datanode f869cb8a-3af6-447d-9fc7-4131cd544fff{ip: 192.168.157.209, host: byscane-nightly-hwqnr-1260472869, networkLocation: /default-rack, certSerialId: null} moved to stale state. Finalizing its pipelines [PipelineID=9046d0e1-dbaa-4962-8a74-da6582b39adb, PipelineID=9d68420c-281e-4022-a014-e7fea55496ff]
2019-08-01 16:10:27,062 INFO  pipeline.SCMPipelineManager (SCMPipelineManager.java:finalizeAndDestroyPipeline(309)) - destroying pipeline:Pipeline[ Id: 9046d0e1-dbaa-4962-8a74-da6582b39adb, Nodes: f869cb8a-3af6-447d-9fc7-4131cd544fff{ip: 192.168.157.209, host: byscane-nightly-hwqnr-1260472869, networkLocation: /default-rack, certSerialId: null}, Type:RATIS, Factor:ONE, State:OPEN]
2019-08-01 16:10:27,063 INFO  pipeline.PipelineStateManager (PipelineStateManager.java:finalizePipeline(123)) - Pipeline Pipeline[ Id: 9046d0e1-dbaa-4962-8a74-da6582b39adb, Nodes: f869cb8a-3af6-447d-9fc7-4131cd544fff{ip: 192.168.157.209, host: byscane-nightly-hwqnr-1260472869, networkLocation: /default-rack, certSerialId: null}, Type:RATIS, Factor:ONE, State:CLOSED] moved to CLOSED state
2019-08-01 16:10:27,063 INFO  pipeline.SCMPipelineManager (SCMPipelineManager.java:finalizeAndDestroyPipeline(309)) - destroying pipeline:Pipeline[ Id: 9d68420c-281e-4022-a014-e7fea55496ff, Nodes: f869cb8a-3af6-447d-9fc7-4131cd544fff{ip: 192.168.157.209, host: byscane-nightly-hwqnr-1260472869, networkLocation: /default-rack, certSerialId: null}a2b0b871-5a56-4d55-be94-a0c23679df5a{ip: 192.168.157.209, host: byscane-nightly-hwqnr-1260472869, networkLocation: /default-rack, certSerialId: null}2a71459f-3024-44de-b2e6-f891a8154f4c{ip: 192.168.157.209, host: byscane-nightly-hwqnr-1260472869, networkLocation: /default-rack, certSerialId: null}, Type:RATIS, Factor:THREE, State:OPEN]
2019-08-01 16:10:27,063 INFO  pipeline.PipelineStateManager (PipelineStateManager.java:finalizePipeline(123)) - Pipeline Pipeline[ Id: 9d68420c-281e-4022-a014-e7fea55496ff, Nodes: f869cb8a-3af6-447d-9fc7-4131cd544fff{ip: 192.168.157.209, host: byscane-nightly-hwqnr-1260472869, networkLocation: /default-rack, certSerialId: null}a2b0b871-5a56-4d55-be94-a0c23679df5a{ip: 192.168.157.209, host: byscane-nightly-hwqnr-1260472869, networkLocation: /default-rack, certSerialId: null}2a71459f-3024-44de-b2e6-f891a8154f4c{ip: 192.168.157.209, host: byscane-nightly-hwqnr-1260472869, networkLocation: /default-rack, certSerialId: null}, Type:RATIS, Factor:THREE, State:CLOSED] moved to CLOSED state
2019-08-01 16:10:27,064 INFO  container.CloseContainerEventHandler (CloseContainerEventHandler.java:onMessage(61)) - Close container Event triggered for container : #1
2019-08-01 16:10:27,254 INFO  ozoneimpl.OzoneContainer (OzoneContainer.java:stop(199)) - Attempting to stop container services.
2019-08-01 16:10:27,255 INFO  impl.RaftServerProxy (RaftServerProxy.java:lambda$close$4(314)) - f869cb8a-3af6-447d-9fc7-4131cd544fff: close
2019-08-01 16:10:27,256 INFO  impl.RaftServerImpl (RaftServerImpl.java:lambda$shutdown$3(245)) - f869cb8a-3af6-447d-9fc7-4131cd544fff: shutdown group-DA6582B39ADB
2019-08-01 16:10:27,256 INFO  impl.RaftServerImpl (RaftServerImpl.java:lambda$shutdown$3(245)) - f869cb8a-3af6-447d-9fc7-4131cd544fff: shutdown group-E7FEA55496FF
2019-08-01 16:10:27,256 INFO  util.JmxRegister (JmxRegister.java:unregister(73)) - Successfully un-registered JMX Bean with object name Ratis:service=RaftServer,group=group-DA6582B39ADB,id=f869cb8a-3af6-447d-9fc7-4131cd544fff
2019-08-01 16:10:27,256 INFO  util.JmxRegister (JmxRegister.java:unregister(73)) - Successfully un-registered JMX Bean with object name Ratis:service=RaftServer,group=group-E7FEA55496FF,id=f869cb8a-3af6-447d-9fc7-4131cd544fff
2019-08-01 16:10:27,257 INFO  impl.RoleInfo (RoleInfo.java:shutdownLeaderState(104)) - f869cb8a-3af6-447d-9fc7-4131cd544fff: shutdown LeaderState
2019-08-01 16:10:27,257 INFO  impl.RoleInfo (RoleInfo.java:shutdownLeaderState(104)) - f869cb8a-3af6-447d-9fc7-4131cd544fff: shutdown LeaderState
2019-08-01 16:10:27,257 INFO  impl.PendingRequests (PendingRequests.java:sendNotLeaderResponses(202)) - f869cb8a-3af6-447d-9fc7-4131cd544fff-PendingRequests: sendNotLeaderResponses
2019-08-01 16:10:27,263 WARN  server.GrpcLogAppender (GrpcLogAppender.java:mayWait(143)) - GrpcLogAppender(f869cb8a-3af6-447d-9fc7-4131cd544fff->a2b0b871-5a56-4d55-be94-a0c23679df5a): Wait interrupted by java.lang.InterruptedException
2019-08-01 16:10:27,263 WARN  server.GrpcLogAppender (GrpcLogAppender.java:mayWait(143)) - GrpcLogAppender(f869cb8a-3af6-447d-9fc7-4131cd544fff->2a71459f-3024-44de-b2e6-f891a8154f4c): Wait interrupted by java.lang.InterruptedException
2019-08-01 16:10:27,263 INFO  impl.PendingRequests (PendingRequests.java:sendNotLeaderResponses(202)) - f869cb8a-3af6-447d-9fc7-4131cd544fff-PendingRequests: sendNotLeaderResponses
2019-08-01 16:10:27,263 INFO  impl.StateMachineUpdater (StateMachineUpdater.java:stopAndJoin(115)) - StateMachineUpdater:f869cb8a-3af6-447d-9fc7-4131cd544fff:group-DA6582B39ADB: set stopIndex = 0
2019-08-01 16:10:27,268 INFO  server.GrpcServerProtocolService (GrpcServerProtocolService.java:onCompleted(104)) - a2b0b871-5a56-4d55-be94-a0c23679df5a: appendEntries completed
2019-08-01 16:10:27,268 INFO  server.GrpcServerProtocolService (GrpcServerProtocolService.java:onCompleted(104)) - 2a71459f-3024-44de-b2e6-f891a8154f4c: appendEntries completed
2019-08-01 16:10:27,273 INFO  ratis.ContainerStateMachine (ContainerStateMachine.java:takeSnapshot(262)) - group-E7FEA55496FF: Taking a snapshot at:(t:1, i:14) file /workdir/hadoop-ozone/integration-test/target/test-dir/MiniOzoneClusterImpl-6929c718-98ba-4c80-af26-32389b17b551/datanode-5/data/ratis/9d68420c-281e-4022-a014-e7fea55496ff/sm/snapshot.1_14
2019-08-01 16:10:27,273 INFO  impl.StateMachineUpdater (StateMachineUpdater.java:stopAndJoin(115)) - StateMachineUpdater:f869cb8a-3af6-447d-9fc7-4131cd544fff:group-E7FEA55496FF: set stopIndex = 16
2019-08-01 16:10:27,273 INFO  impl.RaftServerImpl (ServerState.java:close(394)) - f869cb8a-3af6-447d-9fc7-4131cd544fff:group-DA6582B39ADB closes. The last applied log index is 0
2019-08-01 16:10:27,279 INFO  server.GrpcLogAppender (GrpcLogAppender.java:onCompleted(292)) - f869cb8a-3af6-447d-9fc7-4131cd544fff->2a71459f-3024-44de-b2e6-f891a8154f4c: follower responses appendEntries COMPLETED
2019-08-01 16:10:27,276 INFO  server.GrpcLogAppender (GrpcLogAppender.java:onCompleted(292)) - f869cb8a-3af6-447d-9fc7-4131cd544fff->a2b0b871-5a56-4d55-be94-a0c23679df5a: follower responses appendEntries COMPLETED
2019-08-01 16:10:27,293 INFO  segmented.SegmentedRaftLogWorker (SegmentedRaftLogWorker.java:run(313)) - f869cb8a-3af6-447d-9fc7-4131cd544fff-SegmentedRaftLogWorker:Storage Directory /workdir/hadoop-ozone/integration-test/target/test-dir/MiniOzoneClusterImpl-6929c718-98ba-4c80-af26-32389b17b551/datanode-5/data/ratis/9046d0e1-dbaa-4962-8a74-da6582b39adb was interrupted, exiting. There are 0 tasks remaining in the queue.
2019-08-01 16:10:27,294 INFO  impl.FollowerInfo (FollowerInfo.java:lambda$new$0(50)) - f869cb8a-3af6-447d-9fc7-4131cd544fff->a2b0b871-5a56-4d55-be94-a0c23679df5a: nextIndex: updateUnconditionally 17 -> 16
2019-08-01 16:10:27,294 INFO  impl.FollowerInfo (FollowerInfo.java:lambda$new$0(50)) - f869cb8a-3af6-447d-9fc7-4131cd544fff->2a71459f-3024-44de-b2e6-f891a8154f4c: nextIndex: updateUnconditionally 17 -> 16
2019-08-01 16:10:27,297 INFO  segmented.SegmentedRaftLogWorker (SegmentedRaftLogWorker.java:close(228)) - f869cb8a-3af6-447d-9fc7-4131cd544fff-SegmentedRaftLogWorker:Storage Directory /workdir/hadoop-ozone/integration-test/target/test-dir/MiniOzoneClusterImpl-6929c718-98ba-4c80-af26-32389b17b551/datanode-5/data/ratis/9046d0e1-dbaa-4962-8a74-da6582b39adb close()
2019-08-01 16:10:27,306 INFO  ratis.ContainerStateMachine (ContainerStateMachine.java:takeSnapshot(273)) - group-E7FEA55496FF: Finished taking a snapshot at:(t:1, i:14) file:/workdir/hadoop-ozone/integration-test/target/test-dir/MiniOzoneClusterImpl-6929c718-98ba-4c80-af26-32389b17b551/datanode-5/data/ratis/9d68420c-281e-4022-a014-e7fea55496ff/sm/snapshot.1_14 time:32
2019-08-01 16:10:27,306 INFO  impl.StateMachineUpdater (StateMachineUpdater.java:takeSnapshot(242)) - StateMachineUpdater:f869cb8a-3af6-447d-9fc7-4131cd544fff:group-E7FEA55496FF: Took a snapshot at index 14
2019-08-01 16:10:27,306 INFO  impl.StateMachineUpdater (StateMachineUpdater.java:lambda$new$0(80)) - StateMachineUpdater:f869cb8a-3af6-447d-9fc7-4131cd544fff:group-E7FEA55496FF: snapshotIndex: updateIncreasingly -1 -> 14
2019-08-01 16:10:27,306 INFO  impl.RaftServerImpl (ServerState.java:close(394)) - f869cb8a-3af6-447d-9fc7-4131cd544fff:group-E7FEA55496FF closes. The last applied log index is 16
2019-08-01 16:10:27,307 INFO  segmented.SegmentedRaftLogWorker (SegmentedRaftLogWorker.java:run(313)) - f869cb8a-3af6-447d-9fc7-4131cd544fff-SegmentedRaftLogWorker:Storage Directory /workdir/hadoop-ozone/integration-test/target/test-dir/MiniOzoneClusterImpl-6929c718-98ba-4c80-af26-32389b17b551/datanode-5/data/ratis/9d68420c-281e-4022-a014-e7fea55496ff was interrupted, exiting. There are 0 tasks remaining in the queue.
2019-08-01 16:10:27,309 INFO  segmented.SegmentedRaftLogWorker (SegmentedRaftLogWorker.java:close(228)) - f869cb8a-3af6-447d-9fc7-4131cd544fff-SegmentedRaftLogWorker:Storage Directory /workdir/hadoop-ozone/integration-test/target/test-dir/MiniOzoneClusterImpl-6929c718-98ba-4c80-af26-32389b17b551/datanode-5/data/ratis/9d68420c-281e-4022-a014-e7fea55496ff close()
2019-08-01 16:10:27,313 INFO  server.GrpcService (GrpcService.java:closeImpl(155)) - f869cb8a-3af6-447d-9fc7-4131cd544fff: shutdown server with port 40407 now
2019-08-01 16:10:27,316 WARN  client.GrpcClientProtocolService (LogUtils.java:warn(134)) - 3-UnorderedRequestStreamObserver3: onError: org.apache.ratis.thirdparty.io.grpc.StatusRuntimeException: CANCELLED: cancelled before receiving half close
2019-08-01 16:10:27,318 INFO  server.GrpcService (GrpcService.java:closeImpl(163)) - f869cb8a-3af6-447d-9fc7-4131cd544fff: shutdown server with port 40407 successfully
2019-08-01 16:10:27,322 INFO  utils.BackgroundService (BackgroundService.java:shutdown(148)) - Shutting down service BlockDeletingService
2019-08-01 16:10:27,324 WARN  fs.CachingGetSpaceUsed (CachingGetSpaceUsed.java:run(183)) - Thread Interrupted waiting to refresh disk information: sleep interrupted
2019-08-01 16:10:27,345 INFO  statemachine.DatanodeStateMachine (DatanodeStateMachine.java:stopDaemon(395)) - Ozone container server stopped.
2019-08-01 16:10:27,347 INFO  handler.ContextHandler (ContextHandler.java:doStop(910)) - Stopped o.e.j.w.WebAppContext@6d4dac56{/,null,UNAVAILABLE}{/hddsDatanode}
2019-08-01 16:10:27,347 INFO  server.AbstractConnector (AbstractConnector.java:doStop(318)) - Stopped ServerConnector@2ce7d43{HTTP/1.1,[http/1.1]}{0.0.0.0:0}
2019-08-01 16:10:27,348 INFO  handler.ContextHandler (ContextHandler.java:doStop(910)) - Stopped o.e.j.s.ServletContextHandler@f61f06e{/static,jar:file:/home/user/.m2/repository/org/apache/hadoop/hadoop-hdds-container-service/0.4.1-SNAPSHOT/hadoop-hdds-container-service-0.4.1-SNAPSHOT.jar!/webapps/static,UNAVAILABLE}
2019-08-01 16:10:27,348 INFO  handler.ContextHandler (ContextHandler.java:doStop(910)) - Stopped o.e.j.s.ServletContextHandler@7b80ac30{/logs,file:///workdir/hadoop-ozone/integration-test/target/log,UNAVAILABLE}
2019-08-01 16:10:29,362 INFO  client.GrpcClientProtocolClient (GrpcClientProtocolClient.java:onNext(255)) - client-8A2374E62C44->2a71459f-3024-44de-b2e6-f891a8154f4c: receive RaftClientReply:client-8A2374E62C44->2a71459f-3024-44de-b2e6-f891a8154f4c@group-E7FEA55496FF, cid=184, FAILED org.apache.ratis.protocol.NotLeaderException: Server 2a71459f-3024-44de-b2e6-f891a8154f4c is not the leader (f869cb8a-3af6-447d-9fc7-4131cd544fff:192.168.157.209:40407). Request must be sent to leader., logIndex=0, commits[2a71459f-3024-44de-b2e6-f891a8154f4c:c16, a2b0b871-5a56-4d55-be94-a0c23679df5a:c16, f869cb8a-3af6-447d-9fc7-4131cd544fff:c16]
2019-08-01 16:10:30,399 INFO  client.GrpcClientProtocolClient (GrpcClientProtocolClient.java:onNext(255)) - client-8A2374E62C44->a2b0b871-5a56-4d55-be94-a0c23679df5a: receive RaftClientReply:client-8A2374E62C44->a2b0b871-5a56-4d55-be94-a0c23679df5a@group-E7FEA55496FF, cid=184, FAILED org.apache.ratis.protocol.NotLeaderException: Server a2b0b871-5a56-4d55-be94-a0c23679df5a is not the leader (f869cb8a-3af6-447d-9fc7-4131cd544fff:192.168.157.209:40407). Request must be sent to leader., logIndex=0, commits[a2b0b871-5a56-4d55-be94-a0c23679df5a:c16, f869cb8a-3af6-447d-9fc7-4131cd544fff:c16, 2a71459f-3024-44de-b2e6-f891a8154f4c:c16]
2019-08-01 16:10:31,414 INFO  client.GrpcClientProtocolClient (GrpcClientProtocolClient.java:onNext(255)) - client-8A2374E62C44->2a71459f-3024-44de-b2e6-f891a8154f4c: receive RaftClientReply:client-8A2374E62C44->2a71459f-3024-44de-b2e6-f891a8154f4c@group-E7FEA55496FF, cid=184, FAILED org.apache.ratis.protocol.NotLeaderException: Server 2a71459f-3024-44de-b2e6-f891a8154f4c is not the leader (f869cb8a-3af6-447d-9fc7-4131cd544fff:192.168.157.209:40407). Request must be sent to leader., logIndex=0, commits[2a71459f-3024-44de-b2e6-f891a8154f4c:c16, a2b0b871-5a56-4d55-be94-a0c23679df5a:c16, f869cb8a-3af6-447d-9fc7-4131cd544fff:c16]
2019-08-01 16:10:32,428 INFO  client.GrpcClientProtocolClient (GrpcClientProtocolClient.java:onNext(255)) - client-8A2374E62C44->2a71459f-3024-44de-b2e6-f891a8154f4c: receive RaftClientReply:client-8A2374E62C44->2a71459f-3024-44de-b2e6-f891a8154f4c@group-E7FEA55496FF, cid=184, FAILED org.apache.ratis.protocol.NotLeaderException: Server 2a71459f-3024-44de-b2e6-f891a8154f4c is not the leader (f869cb8a-3af6-447d-9fc7-4131cd544fff:192.168.157.209:40407). Request must be sent to leader., logIndex=0, commits[2a71459f-3024-44de-b2e6-f891a8154f4c:c16, a2b0b871-5a56-4d55-be94-a0c23679df5a:c16, f869cb8a-3af6-447d-9fc7-4131cd544fff:c16]
2019-08-01 16:10:33,441 INFO  client.GrpcClientProtocolClient (GrpcClientProtocolClient.java:onNext(255)) - client-8A2374E62C44->2a71459f-3024-44de-b2e6-f891a8154f4c: receive RaftClientReply:client-8A2374E62C44->2a71459f-3024-44de-b2e6-f891a8154f4c@group-E7FEA55496FF, cid=184, FAILED org.apache.ratis.protocol.NotLeaderException: Server 2a71459f-3024-44de-b2e6-f891a8154f4c is not the leader (f869cb8a-3af6-447d-9fc7-4131cd544fff:192.168.157.209:40407). Request must be sent to leader., logIndex=0, commits[2a71459f-3024-44de-b2e6-f891a8154f4c:c16, a2b0b871-5a56-4d55-be94-a0c23679df5a:c16, f869cb8a-3af6-447d-9fc7-4131cd544fff:c16]
2019-08-01 16:10:34,455 INFO  client.GrpcClientProtocolClient (GrpcClientProtocolClient.java:onNext(255)) - client-8A2374E62C44->a2b0b871-5a56-4d55-be94-a0c23679df5a: receive RaftClientReply:client-8A2374E62C44->a2b0b871-5a56-4d55-be94-a0c23679df5a@group-E7FEA55496FF, cid=184, FAILED org.apache.ratis.protocol.NotLeaderException: Server a2b0b871-5a56-4d55-be94-a0c23679df5a is not the leader (f869cb8a-3af6-447d-9fc7-4131cd544fff:192.168.157.209:40407). Request must be sent to leader., logIndex=0, commits[a2b0b871-5a56-4d55-be94-a0c23679df5a:c16, f869cb8a-3af6-447d-9fc7-4131cd544fff:c16, 2a71459f-3024-44de-b2e6-f891a8154f4c:c16]
2019-08-01 16:10:35,469 INFO  client.GrpcClientProtocolClient (GrpcClientProtocolClient.java:onNext(255)) - client-8A2374E62C44->a2b0b871-5a56-4d55-be94-a0c23679df5a: receive RaftClientReply:client-8A2374E62C44->a2b0b871-5a56-4d55-be94-a0c23679df5a@group-E7FEA55496FF, cid=184, FAILED org.apache.ratis.protocol.NotLeaderException: Server a2b0b871-5a56-4d55-be94-a0c23679df5a is not the leader (f869cb8a-3af6-447d-9fc7-4131cd544fff:192.168.157.209:40407). Request must be sent to leader., logIndex=0, commits[a2b0b871-5a56-4d55-be94-a0c23679df5a:c16, f869cb8a-3af6-447d-9fc7-4131cd544fff:c16, 2a71459f-3024-44de-b2e6-f891a8154f4c:c16]
2019-08-01 16:10:36,483 INFO  client.GrpcClientProtocolClient (GrpcClientProtocolClient.java:onNext(255)) - client-8A2374E62C44->a2b0b871-5a56-4d55-be94-a0c23679df5a: receive RaftClientReply:client-8A2374E62C44->a2b0b871-5a56-4d55-be94-a0c23679df5a@group-E7FEA55496FF, cid=184, FAILED org.apache.ratis.protocol.NotLeaderException: Server a2b0b871-5a56-4d55-be94-a0c23679df5a is not the leader (f869cb8a-3af6-447d-9fc7-4131cd544fff:192.168.157.209:40407). Request must be sent to leader., logIndex=0, commits[a2b0b871-5a56-4d55-be94-a0c23679df5a:c16, f869cb8a-3af6-447d-9fc7-4131cd544fff:c16, 2a71459f-3024-44de-b2e6-f891a8154f4c:c16]
2019-08-01 16:10:36,978 INFO  impl.FollowerState (FollowerState.java:run(106)) - a2b0b871-5a56-4d55-be94-a0c23679df5a:group-E7FEA55496FF changes to CANDIDATE, lastRpcTime:9723, electionTimeout:5033ms
2019-08-01 16:10:36,978 INFO  impl.RoleInfo (RoleInfo.java:shutdownFollowerState(121)) - a2b0b871-5a56-4d55-be94-a0c23679df5a: shutdown FollowerState
2019-08-01 16:10:36,978 INFO  impl.RaftServerImpl (RaftServerImpl.java:setRole(171)) - a2b0b871-5a56-4d55-be94-a0c23679df5a:group-E7FEA55496FF changes role from FOLLOWER to CANDIDATE at term 1 for changeToCandidate
2019-08-01 16:10:36,979 INFO  impl.RoleInfo (RoleInfo.java:updateAndGet(143)) - a2b0b871-5a56-4d55-be94-a0c23679df5a: start LeaderElection
2019-08-01 16:10:36,981 INFO  impl.RaftServerImpl (ServerState.java:setLeader(263)) - a2b0b871-5a56-4d55-be94-a0c23679df5a:group-E7FEA55496FF change Leader from f869cb8a-3af6-447d-9fc7-4131cd544fff to null at term 1 for initElection
2019-08-01 16:10:36,996 INFO  impl.LeaderElection (LeaderElection.java:askForVotes(181)) - a2b0b871-5a56-4d55-be94-a0c23679df5a:group-E7FEA55496FF:LeaderElection65: begin an election at term 2 for 0: [a2b0b871-5a56-4d55-be94-a0c23679df5a:192.168.157.209:37192, f869cb8a-3af6-447d-9fc7-4131cd544fff:192.168.157.209:40407, 2a71459f-3024-44de-b2e6-f891a8154f4c:192.168.157.209:38343], old=null
2019-08-01 16:10:36,997 INFO  impl.FollowerState (FollowerState.java:run(106)) - 2a71459f-3024-44de-b2e6-f891a8154f4c:group-E7FEA55496FF changes to CANDIDATE, lastRpcTime:9742, electionTimeout:5118ms
2019-08-01 16:10:36,997 INFO  impl.RoleInfo (RoleInfo.java:shutdownFollowerState(121)) - 2a71459f-3024-44de-b2e6-f891a8154f4c: shutdown FollowerState
2019-08-01 16:10:36,997 INFO  impl.RaftServerImpl (RaftServerImpl.java:setRole(171)) - 2a71459f-3024-44de-b2e6-f891a8154f4c:group-E7FEA55496FF changes role from FOLLOWER to CANDIDATE at term 1 for changeToCandidate
2019-08-01 16:10:36,998 INFO  impl.RoleInfo (RoleInfo.java:updateAndGet(143)) - 2a71459f-3024-44de-b2e6-f891a8154f4c: start LeaderElection
2019-08-01 16:10:37,000 INFO  impl.RaftServerImpl (ServerState.java:setLeader(263)) - 2a71459f-3024-44de-b2e6-f891a8154f4c:group-E7FEA55496FF change Leader from f869cb8a-3af6-447d-9fc7-4131cd544fff to null at term 1 for initElection
2019-08-01 16:10:37,001 INFO  impl.LeaderElection (LogUtils.java:infoOrTrace(149)) - a2b0b871-5a56-4d55-be94-a0c23679df5a:group-E7FEA55496FF:LeaderElection65 got exception when requesting votes: {}
java.util.concurrent.ExecutionException: org.apache.ratis.thirdparty.io.grpc.StatusRuntimeException: UNAVAILABLE: io exception
	at java.util.concurrent.FutureTask.report(FutureTask.java:122)
	at java.util.concurrent.FutureTask.get(FutureTask.java:192)
	at org.apache.ratis.server.impl.LeaderElection.waitForResults(LeaderElection.java:262)
	at org.apache.ratis.server.impl.LeaderElection.askForVotes(LeaderElection.java:200)
	at org.apache.ratis.server.impl.LeaderElection.run(LeaderElection.java:130)
	at java.lang.Thread.run(Thread.java:748)
Caused by: org.apache.ratis.thirdparty.io.grpc.StatusRuntimeException: UNAVAILABLE: io exception
	at org.apache.ratis.thirdparty.io.grpc.stub.ClientCalls.toStatusRuntimeException(ClientCalls.java:233)
	at org.apache.ratis.thirdparty.io.grpc.stub.ClientCalls.getUnchecked(ClientCalls.java:214)
	at org.apache.ratis.thirdparty.io.grpc.stub.ClientCalls.blockingUnaryCall(ClientCalls.java:139)
	at org.apache.ratis.proto.grpc.RaftServerProtocolServiceGrpc$RaftServerProtocolServiceBlockingStub.requestVote(RaftServerProtocolServiceGrpc.java:265)
	at org.apache.ratis.grpc.server.GrpcServerProtocolClient.requestVote(GrpcServerProtocolClient.java:83)
	at org.apache.ratis.grpc.server.GrpcService.requestVote(GrpcService.java:195)
	at org.apache.ratis.server.impl.LeaderElection.lambda$submitRequests$1(LeaderElection.java:237)
	at java.util.concurrent.FutureTask.run(FutureTask.java:266)
	at java.util.concurrent.Executors$RunnableAdapter.call(Executors.java:511)
	at java.util.concurrent.FutureTask.run(FutureTask.java:266)
	at java.util.concurrent.ThreadPoolExecutor.runWorker(ThreadPoolExecutor.java:1149)
	at java.util.concurrent.ThreadPoolExecutor$Worker.run(ThreadPoolExecutor.java:624)
	... 1 more
Caused by: org.apache.ratis.thirdparty.io.netty.channel.AbstractChannel$AnnotatedConnectException: Connection refused: /192.168.157.209:40407
	at sun.nio.ch.SocketChannelImpl.checkConnect(Native Method)
	at sun.nio.ch.SocketChannelImpl.finishConnect(SocketChannelImpl.java:717)
	at org.apache.ratis.thirdparty.io.netty.channel.socket.nio.NioSocketChannel.doFinishConnect(NioSocketChannel.java:327)
	at org.apache.ratis.thirdparty.io.netty.channel.nio.AbstractNioChannel$AbstractNioUnsafe.finishConnect(AbstractNioChannel.java:340)
	at org.apache.ratis.thirdparty.io.netty.channel.nio.NioEventLoop.processSelectedKey(NioEventLoop.java:632)
	at org.apache.ratis.thirdparty.io.netty.channel.nio.NioEventLoop.processSelectedKeysOptimized(NioEventLoop.java:579)
	at org.apache.ratis.thirdparty.io.netty.channel.nio.NioEventLoop.processSelectedKeys(NioEventLoop.java:496)
	at org.apache.ratis.thirdparty.io.netty.channel.nio.NioEventLoop.run(NioEventLoop.java:458)
	at org.apache.ratis.thirdparty.io.netty.util.concurrent.SingleThreadEventExecutor$5.run(SingleThreadEventExecutor.java:897)
	at org.apache.ratis.thirdparty.io.netty.util.concurrent.FastThreadLocalRunnable.run(FastThreadLocalRunnable.java:30)
	... 1 more
Caused by: java.net.ConnectException: Connection refused
	... 11 more
2019-08-01 16:10:37,017 INFO  impl.LeaderElection (LeaderElection.java:askForVotes(181)) - 2a71459f-3024-44de-b2e6-f891a8154f4c:group-E7FEA55496FF:LeaderElection66: begin an election at term 2 for 0: [a2b0b871-5a56-4d55-be94-a0c23679df5a:192.168.157.209:37192, f869cb8a-3af6-447d-9fc7-4131cd544fff:192.168.157.209:40407, 2a71459f-3024-44de-b2e6-f891a8154f4c:192.168.157.209:38343], old=null
2019-08-01 16:10:37,018 INFO  impl.LeaderElection (LeaderElection.java:logAndReturn(56)) - a2b0b871-5a56-4d55-be94-a0c23679df5a:group-E7FEA55496FF:LeaderElection65: Election REJECTED; received 1 response(s) [a2b0b871-5a56-4d55-be94-a0c23679df5a<-2a71459f-3024-44de-b2e6-f891a8154f4c#0:FAIL-t2] and 1 exception(s); a2b0b871-5a56-4d55-be94-a0c23679df5a:t2, leader=null, voted=a2b0b871-5a56-4d55-be94-a0c23679df5a, raftlog=a2b0b871-5a56-4d55-be94-a0c23679df5a-SegmentedRaftLog:OPENED:c16,f16,i16, conf=0: [a2b0b871-5a56-4d55-be94-a0c23679df5a:192.168.157.209:37192, f869cb8a-3af6-447d-9fc7-4131cd544fff:192.168.157.209:40407, 2a71459f-3024-44de-b2e6-f891a8154f4c:192.168.157.209:38343], old=null
2019-08-01 16:10:37,019 INFO  impl.LeaderElection (LogUtils.java:infoOrTrace(149)) -   Exception 0: {}
java.util.concurrent.ExecutionException: org.apache.ratis.thirdparty.io.grpc.StatusRuntimeException: UNAVAILABLE: io exception
	at java.util.concurrent.FutureTask.report(FutureTask.java:122)
	at java.util.concurrent.FutureTask.get(FutureTask.java:192)
	at org.apache.ratis.server.impl.LeaderElection.waitForResults(LeaderElection.java:262)
	at org.apache.ratis.server.impl.LeaderElection.askForVotes(LeaderElection.java:200)
	at org.apache.ratis.server.impl.LeaderElection.run(LeaderElection.java:130)
	at java.lang.Thread.run(Thread.java:748)
Caused by: org.apache.ratis.thirdparty.io.grpc.StatusRuntimeException: UNAVAILABLE: io exception
	at org.apache.ratis.thirdparty.io.grpc.stub.ClientCalls.toStatusRuntimeException(ClientCalls.java:233)
	at org.apache.ratis.thirdparty.io.grpc.stub.ClientCalls.getUnchecked(ClientCalls.java:214)
	at org.apache.ratis.thirdparty.io.grpc.stub.ClientCalls.blockingUnaryCall(ClientCalls.java:139)
	at org.apache.ratis.proto.grpc.RaftServerProtocolServiceGrpc$RaftServerProtocolServiceBlockingStub.requestVote(RaftServerProtocolServiceGrpc.java:265)
	at org.apache.ratis.grpc.server.GrpcServerProtocolClient.requestVote(GrpcServerProtocolClient.java:83)
	at org.apache.ratis.grpc.server.GrpcService.requestVote(GrpcService.java:195)
	at org.apache.ratis.server.impl.LeaderElection.lambda$submitRequests$1(LeaderElection.java:237)
	at java.util.concurrent.FutureTask.run(FutureTask.java:266)
	at java.util.concurrent.Executors$RunnableAdapter.call(Executors.java:511)
	at java.util.concurrent.FutureTask.run(FutureTask.java:266)
	at java.util.concurrent.ThreadPoolExecutor.runWorker(ThreadPoolExecutor.java:1149)
	at java.util.concurrent.ThreadPoolExecutor$Worker.run(ThreadPoolExecutor.java:624)
	... 1 more
Caused by: org.apache.ratis.thirdparty.io.netty.channel.AbstractChannel$AnnotatedConnectException: Connection refused: /192.168.157.209:40407
	at sun.nio.ch.SocketChannelImpl.checkConnect(Native Method)
	at sun.nio.ch.SocketChannelImpl.finishConnect(SocketChannelImpl.java:717)
	at org.apache.ratis.thirdparty.io.netty.channel.socket.nio.NioSocketChannel.doFinishConnect(NioSocketChannel.java:327)
	at org.apache.ratis.thirdparty.io.netty.channel.nio.AbstractNioChannel$AbstractNioUnsafe.finishConnect(AbstractNioChannel.java:340)
	at org.apache.ratis.thirdparty.io.netty.channel.nio.NioEventLoop.processSelectedKey(NioEventLoop.java:632)
	at org.apache.ratis.thirdparty.io.netty.channel.nio.NioEventLoop.processSelectedKeysOptimized(NioEventLoop.java:579)
	at org.apache.ratis.thirdparty.io.netty.channel.nio.NioEventLoop.processSelectedKeys(NioEventLoop.java:496)
	at org.apache.ratis.thirdparty.io.netty.channel.nio.NioEventLoop.run(NioEventLoop.java:458)
	at org.apache.ratis.thirdparty.io.netty.util.concurrent.SingleThreadEventExecutor$5.run(SingleThreadEventExecutor.java:897)
	at org.apache.ratis.thirdparty.io.netty.util.concurrent.FastThreadLocalRunnable.run(FastThreadLocalRunnable.java:30)
	... 1 more
Caused by: java.net.ConnectException: Connection refused
	... 11 more
2019-08-01 16:10:37,019 INFO  impl.RaftServerImpl (RaftServerImpl.java:setRole(171)) - a2b0b871-5a56-4d55-be94-a0c23679df5a:group-E7FEA55496FF changes role from CANDIDATE to FOLLOWER at term 2 for DISCOVERED_A_NEW_TERM
2019-08-01 16:10:37,019 INFO  impl.RoleInfo (RoleInfo.java:shutdownLeaderElection(134)) - a2b0b871-5a56-4d55-be94-a0c23679df5a: shutdown LeaderElection
2019-08-01 16:10:37,019 INFO  impl.RoleInfo (RoleInfo.java:updateAndGet(143)) - a2b0b871-5a56-4d55-be94-a0c23679df5a: start FollowerState
2019-08-01 16:10:37,019 INFO  impl.LeaderElection (LogUtils.java:infoOrTrace(149)) - 2a71459f-3024-44de-b2e6-f891a8154f4c:group-E7FEA55496FF:LeaderElection66 got exception when requesting votes: {}
java.util.concurrent.ExecutionException: org.apache.ratis.thirdparty.io.grpc.StatusRuntimeException: UNAVAILABLE: io exception
	at java.util.concurrent.FutureTask.report(FutureTask.java:122)
	at java.util.concurrent.FutureTask.get(FutureTask.java:192)
	at org.apache.ratis.server.impl.LeaderElection.waitForResults(LeaderElection.java:262)
	at org.apache.ratis.server.impl.LeaderElection.askForVotes(LeaderElection.java:200)
	at org.apache.ratis.server.impl.LeaderElection.run(LeaderElection.java:130)
	at java.lang.Thread.run(Thread.java:748)
Caused by: org.apache.ratis.thirdparty.io.grpc.StatusRuntimeException: UNAVAILABLE: io exception
	at org.apache.ratis.thirdparty.io.grpc.stub.ClientCalls.toStatusRuntimeException(ClientCalls.java:233)
	at org.apache.ratis.thirdparty.io.grpc.stub.ClientCalls.getUnchecked(ClientCalls.java:214)
	at org.apache.ratis.thirdparty.io.grpc.stub.ClientCalls.blockingUnaryCall(ClientCalls.java:139)
	at org.apache.ratis.proto.grpc.RaftServerProtocolServiceGrpc$RaftServerProtocolServiceBlockingStub.requestVote(RaftServerProtocolServiceGrpc.java:265)
	at org.apache.ratis.grpc.server.GrpcServerProtocolClient.requestVote(GrpcServerProtocolClient.java:83)
	at org.apache.ratis.grpc.server.GrpcService.requestVote(GrpcService.java:195)
	at org.apache.ratis.server.impl.LeaderElection.lambda$submitRequests$1(LeaderElection.java:237)
	at java.util.concurrent.FutureTask.run(FutureTask.java:266)
	at java.util.concurrent.Executors$RunnableAdapter.call(Executors.java:511)
	at java.util.concurrent.FutureTask.run(FutureTask.java:266)
	at java.util.concurrent.ThreadPoolExecutor.runWorker(ThreadPoolExecutor.java:1149)
	at java.util.concurrent.ThreadPoolExecutor$Worker.run(ThreadPoolExecutor.java:624)
	... 1 more
Caused by: org.apache.ratis.thirdparty.io.netty.channel.AbstractChannel$AnnotatedConnectException: Connection refused: /192.168.157.209:40407
	at sun.nio.ch.SocketChannelImpl.checkConnect(Native Method)
	at sun.nio.ch.SocketChannelImpl.finishConnect(SocketChannelImpl.java:717)
	at org.apache.ratis.thirdparty.io.netty.channel.socket.nio.NioSocketChannel.doFinishConnect(NioSocketChannel.java:327)
	at org.apache.ratis.thirdparty.io.netty.channel.nio.AbstractNioChannel$AbstractNioUnsafe.finishConnect(AbstractNioChannel.java:340)
	at org.apache.ratis.thirdparty.io.netty.channel.nio.NioEventLoop.processSelectedKey(NioEventLoop.java:632)
	at org.apache.ratis.thirdparty.io.netty.channel.nio.NioEventLoop.processSelectedKeysOptimized(NioEventLoop.java:579)
	at org.apache.ratis.thirdparty.io.netty.channel.nio.NioEventLoop.processSelectedKeys(NioEventLoop.java:496)
	at org.apache.ratis.thirdparty.io.netty.channel.nio.NioEventLoop.run(NioEventLoop.java:458)
	at org.apache.ratis.thirdparty.io.netty.util.concurrent.SingleThreadEventExecutor$5.run(SingleThreadEventExecutor.java:897)
	at org.apache.ratis.thirdparty.io.netty.util.concurrent.FastThreadLocalRunnable.run(FastThreadLocalRunnable.java:30)
	... 1 more
Caused by: java.net.ConnectException: Connection refused
	... 11 more
2019-08-01 16:10:37,025 INFO  impl.LeaderElection (LeaderElection.java:logAndReturn(56)) - 2a71459f-3024-44de-b2e6-f891a8154f4c:group-E7FEA55496FF:LeaderElection66: Election REJECTED; received 1 response(s) [2a71459f-3024-44de-b2e6-f891a8154f4c<-a2b0b871-5a56-4d55-be94-a0c23679df5a#0:FAIL-t2] and 1 exception(s); 2a71459f-3024-44de-b2e6-f891a8154f4c:t2, leader=null, voted=2a71459f-3024-44de-b2e6-f891a8154f4c, raftlog=2a71459f-3024-44de-b2e6-f891a8154f4c-SegmentedRaftLog:OPENED:c16,f16,i16, conf=0: [a2b0b871-5a56-4d55-be94-a0c23679df5a:192.168.157.209:37192, f869cb8a-3af6-447d-9fc7-4131cd544fff:192.168.157.209:40407, 2a71459f-3024-44de-b2e6-f891a8154f4c:192.168.157.209:38343], old=null
2019-08-01 16:10:37,025 INFO  impl.LeaderElection (LogUtils.java:infoOrTrace(149)) -   Exception 0: {}
java.util.concurrent.ExecutionException: org.apache.ratis.thirdparty.io.grpc.StatusRuntimeException: UNAVAILABLE: io exception
	at java.util.concurrent.FutureTask.report(FutureTask.java:122)
	at java.util.concurrent.FutureTask.get(FutureTask.java:192)
	at org.apache.ratis.server.impl.LeaderElection.waitForResults(LeaderElection.java:262)
	at org.apache.ratis.server.impl.LeaderElection.askForVotes(LeaderElection.java:200)
	at org.apache.ratis.server.impl.LeaderElection.run(LeaderElection.java:130)
	at java.lang.Thread.run(Thread.java:748)
Caused by: org.apache.ratis.thirdparty.io.grpc.StatusRuntimeException: UNAVAILABLE: io exception
	at org.apache.ratis.thirdparty.io.grpc.stub.ClientCalls.toStatusRuntimeException(ClientCalls.java:233)
	at org.apache.ratis.thirdparty.io.grpc.stub.ClientCalls.getUnchecked(ClientCalls.java:214)
	at org.apache.ratis.thirdparty.io.grpc.stub.ClientCalls.blockingUnaryCall(ClientCalls.java:139)
	at org.apache.ratis.proto.grpc.RaftServerProtocolServiceGrpc$RaftServerProtocolServiceBlockingStub.requestVote(RaftServerProtocolServiceGrpc.java:265)
	at org.apache.ratis.grpc.server.GrpcServerProtocolClient.requestVote(GrpcServerProtocolClient.java:83)
	at org.apache.ratis.grpc.server.GrpcService.requestVote(GrpcService.java:195)
	at org.apache.ratis.server.impl.LeaderElection.lambda$submitRequests$1(LeaderElection.java:237)
	at java.util.concurrent.FutureTask.run(FutureTask.java:266)
	at java.util.concurrent.Executors$RunnableAdapter.call(Executors.java:511)
	at java.util.concurrent.FutureTask.run(FutureTask.java:266)
	at java.util.concurrent.ThreadPoolExecutor.runWorker(ThreadPoolExecutor.java:1149)
	at java.util.concurrent.ThreadPoolExecutor$Worker.run(ThreadPoolExecutor.java:624)
	... 1 more
Caused by: org.apache.ratis.thirdparty.io.netty.channel.AbstractChannel$AnnotatedConnectException: Connection refused: /192.168.157.209:40407
	at sun.nio.ch.SocketChannelImpl.checkConnect(Native Method)
	at sun.nio.ch.SocketChannelImpl.finishConnect(SocketChannelImpl.java:717)
	at org.apache.ratis.thirdparty.io.netty.channel.socket.nio.NioSocketChannel.doFinishConnect(NioSocketChannel.java:327)
	at org.apache.ratis.thirdparty.io.netty.channel.nio.AbstractNioChannel$AbstractNioUnsafe.finishConnect(AbstractNioChannel.java:340)
	at org.apache.ratis.thirdparty.io.netty.channel.nio.NioEventLoop.processSelectedKey(NioEventLoop.java:632)
	at org.apache.ratis.thirdparty.io.netty.channel.nio.NioEventLoop.processSelectedKeysOptimized(NioEventLoop.java:579)
	at org.apache.ratis.thirdparty.io.netty.channel.nio.NioEventLoop.processSelectedKeys(NioEventLoop.java:496)
	at org.apache.ratis.thirdparty.io.netty.channel.nio.NioEventLoop.run(NioEventLoop.java:458)
	at org.apache.ratis.thirdparty.io.netty.util.concurrent.SingleThreadEventExecutor$5.run(SingleThreadEventExecutor.java:897)
	at org.apache.ratis.thirdparty.io.netty.util.concurrent.FastThreadLocalRunnable.run(FastThreadLocalRunnable.java:30)
	... 1 more
Caused by: java.net.ConnectException: Connection refused
	... 11 more
2019-08-01 16:10:37,025 INFO  impl.RaftServerImpl (RaftServerImpl.java:setRole(171)) - 2a71459f-3024-44de-b2e6-f891a8154f4c:group-E7FEA55496FF changes role from CANDIDATE to FOLLOWER at term 2 for DISCOVERED_A_NEW_TERM
2019-08-01 16:10:37,025 INFO  impl.RoleInfo (RoleInfo.java:shutdownLeaderElection(134)) - 2a71459f-3024-44de-b2e6-f891a8154f4c: shutdown LeaderElection
2019-08-01 16:10:37,026 INFO  impl.RoleInfo (RoleInfo.java:updateAndGet(143)) - 2a71459f-3024-44de-b2e6-f891a8154f4c: start FollowerState
2019-08-01 16:10:37,496 INFO  client.GrpcClientProtocolClient (GrpcClientProtocolClient.java:onNext(255)) - client-8A2374E62C44->2a71459f-3024-44de-b2e6-f891a8154f4c: receive RaftClientReply:client-8A2374E62C44->2a71459f-3024-44de-b2e6-f891a8154f4c@group-E7FEA55496FF, cid=184, FAILED org.apache.ratis.protocol.NotLeaderException: Server 2a71459f-3024-44de-b2e6-f891a8154f4c is not the leader (null). Request must be sent to leader., logIndex=0, commits[2a71459f-3024-44de-b2e6-f891a8154f4c:c16, a2b0b871-5a56-4d55-be94-a0c23679df5a:c16, f869cb8a-3af6-447d-9fc7-4131cd544fff:c16]
2019-08-01 16:10:38,507 INFO  client.GrpcClientProtocolClient (GrpcClientProtocolClient.java:onNext(255)) - client-8A2374E62C44->a2b0b871-5a56-4d55-be94-a0c23679df5a: receive RaftClientReply:client-8A2374E62C44->a2b0b871-5a56-4d55-be94-a0c23679df5a@group-E7FEA55496FF, cid=184, FAILED org.apache.ratis.protocol.NotLeaderException: Server a2b0b871-5a56-4d55-be94-a0c23679df5a is not the leader (null). Request must be sent to leader., logIndex=0, commits[a2b0b871-5a56-4d55-be94-a0c23679df5a:c16, f869cb8a-3af6-447d-9fc7-4131cd544fff:c16, 2a71459f-3024-44de-b2e6-f891a8154f4c:c16]
2019-08-01 16:10:39,515 INFO  client.GrpcClientProtocolClient (GrpcClientProtocolClient.java:onNext(255)) - client-8A2374E62C44->2a71459f-3024-44de-b2e6-f891a8154f4c: receive RaftClientReply:client-8A2374E62C44->2a71459f-3024-44de-b2e6-f891a8154f4c@group-E7FEA55496FF, cid=184, FAILED org.apache.ratis.protocol.NotLeaderException: Server 2a71459f-3024-44de-b2e6-f891a8154f4c is not the leader (null). Request must be sent to leader., logIndex=0, commits[2a71459f-3024-44de-b2e6-f891a8154f4c:c16, a2b0b871-5a56-4d55-be94-a0c23679df5a:c16, f869cb8a-3af6-447d-9fc7-4131cd544fff:c16]
2019-08-01 16:10:41,530 INFO  client.GrpcClientProtocolClient (GrpcClientProtocolClient.java:onNext(255)) - client-8A2374E62C44->2a71459f-3024-44de-b2e6-f891a8154f4c: receive RaftClientReply:client-8A2374E62C44->2a71459f-3024-44de-b2e6-f891a8154f4c@group-E7FEA55496FF, cid=184, FAILED org.apache.ratis.protocol.NotLeaderException: Server 2a71459f-3024-44de-b2e6-f891a8154f4c is not the leader (null). Request must be sent to leader., logIndex=0, commits[2a71459f-3024-44de-b2e6-f891a8154f4c:c16, a2b0b871-5a56-4d55-be94-a0c23679df5a:c16, f869cb8a-3af6-447d-9fc7-4131cd544fff:c16]
2019-08-01 16:10:42,025 INFO  impl.FollowerState (FollowerState.java:run(106)) - a2b0b871-5a56-4d55-be94-a0c23679df5a:group-E7FEA55496FF changes to CANDIDATE, lastRpcTime:5005, electionTimeout:5002ms
2019-08-01 16:10:42,025 INFO  impl.RoleInfo (RoleInfo.java:shutdownFollowerState(121)) - a2b0b871-5a56-4d55-be94-a0c23679df5a: shutdown FollowerState
2019-08-01 16:10:42,025 INFO  impl.RaftServerImpl (RaftServerImpl.java:setRole(171)) - a2b0b871-5a56-4d55-be94-a0c23679df5a:group-E7FEA55496FF changes role from FOLLOWER to CANDIDATE at term 2 for changeToCandidate
2019-08-01 16:10:42,025 INFO  impl.RoleInfo (RoleInfo.java:updateAndGet(143)) - a2b0b871-5a56-4d55-be94-a0c23679df5a: start LeaderElection
2019-08-01 16:10:42,043 INFO  impl.LeaderElection (LeaderElection.java:askForVotes(181)) - a2b0b871-5a56-4d55-be94-a0c23679df5a:group-E7FEA55496FF:LeaderElection67: begin an election at term 3 for 0: [a2b0b871-5a56-4d55-be94-a0c23679df5a:192.168.157.209:37192, f869cb8a-3af6-447d-9fc7-4131cd544fff:192.168.157.209:40407, 2a71459f-3024-44de-b2e6-f891a8154f4c:192.168.157.209:38343], old=null
2019-08-01 16:10:42,044 INFO  impl.LeaderElection (LogUtils.java:infoOrTrace(149)) - a2b0b871-5a56-4d55-be94-a0c23679df5a:group-E7FEA55496FF:LeaderElection67 got exception when requesting votes: {}
java.util.concurrent.ExecutionException: org.apache.ratis.thirdparty.io.grpc.StatusRuntimeException: UNAVAILABLE: io exception
	at java.util.concurrent.FutureTask.report(FutureTask.java:122)
	at java.util.concurrent.FutureTask.get(FutureTask.java:192)
	at org.apache.ratis.server.impl.LeaderElection.waitForResults(LeaderElection.java:262)
	at org.apache.ratis.server.impl.LeaderElection.askForVotes(LeaderElection.java:200)
	at org.apache.ratis.server.impl.LeaderElection.run(LeaderElection.java:130)
	at java.lang.Thread.run(Thread.java:748)
Caused by: org.apache.ratis.thirdparty.io.grpc.StatusRuntimeException: UNAVAILABLE: io exception
	at org.apache.ratis.thirdparty.io.grpc.stub.ClientCalls.toStatusRuntimeException(ClientCalls.java:233)
	at org.apache.ratis.thirdparty.io.grpc.stub.ClientCalls.getUnchecked(ClientCalls.java:214)
	at org.apache.ratis.thirdparty.io.grpc.stub.ClientCalls.blockingUnaryCall(ClientCalls.java:139)
	at org.apache.ratis.proto.grpc.RaftServerProtocolServiceGrpc$RaftServerProtocolServiceBlockingStub.requestVote(RaftServerProtocolServiceGrpc.java:265)
	at org.apache.ratis.grpc.server.GrpcServerProtocolClient.requestVote(GrpcServerProtocolClient.java:83)
	at org.apache.ratis.grpc.server.GrpcService.requestVote(GrpcService.java:195)
	at org.apache.ratis.server.impl.LeaderElection.lambda$submitRequests$1(LeaderElection.java:237)
	at java.util.concurrent.FutureTask.run(FutureTask.java:266)
	at java.util.concurrent.Executors$RunnableAdapter.call(Executors.java:511)
	at java.util.concurrent.FutureTask.run(FutureTask.java:266)
	at java.util.concurrent.ThreadPoolExecutor.runWorker(ThreadPoolExecutor.java:1149)
	at java.util.concurrent.ThreadPoolExecutor$Worker.run(ThreadPoolExecutor.java:624)
	... 1 more
Caused by: org.apache.ratis.thirdparty.io.netty.channel.AbstractChannel$AnnotatedConnectException: Connection refused: /192.168.157.209:40407
	at sun.nio.ch.SocketChannelImpl.checkConnect(Native Method)
	at sun.nio.ch.SocketChannelImpl.finishConnect(SocketChannelImpl.java:717)
	at org.apache.ratis.thirdparty.io.netty.channel.socket.nio.NioSocketChannel.doFinishConnect(NioSocketChannel.java:327)
	at org.apache.ratis.thirdparty.io.netty.channel.nio.AbstractNioChannel$AbstractNioUnsafe.finishConnect(AbstractNioChannel.java:340)
	at org.apache.ratis.thirdparty.io.netty.channel.nio.NioEventLoop.processSelectedKey(NioEventLoop.java:632)
	at org.apache.ratis.thirdparty.io.netty.channel.nio.NioEventLoop.processSelectedKeysOptimized(NioEventLoop.java:579)
	at org.apache.ratis.thirdparty.io.netty.channel.nio.NioEventLoop.processSelectedKeys(NioEventLoop.java:496)
	at org.apache.ratis.thirdparty.io.netty.channel.nio.NioEventLoop.run(NioEventLoop.java:458)
	at org.apache.ratis.thirdparty.io.netty.util.concurrent.SingleThreadEventExecutor$5.run(SingleThreadEventExecutor.java:897)
	at org.apache.ratis.thirdparty.io.netty.util.concurrent.FastThreadLocalRunnable.run(FastThreadLocalRunnable.java:30)
	... 1 more
Caused by: java.net.ConnectException: Connection refused
	... 11 more
2019-08-01 16:10:42,048 INFO  impl.RaftServerImpl (RaftServerImpl.java:setRole(171)) - 2a71459f-3024-44de-b2e6-f891a8154f4c:group-E7FEA55496FF changes role from FOLLOWER to FOLLOWER at term 3 for recognizeCandidate:a2b0b871-5a56-4d55-be94-a0c23679df5a
2019-08-01 16:10:42,048 INFO  impl.RoleInfo (RoleInfo.java:shutdownFollowerState(121)) - 2a71459f-3024-44de-b2e6-f891a8154f4c: shutdown FollowerState
2019-08-01 16:10:42,048 INFO  impl.RoleInfo (RoleInfo.java:updateAndGet(143)) - 2a71459f-3024-44de-b2e6-f891a8154f4c: start FollowerState
2019-08-01 16:10:42,048 INFO  impl.FollowerState (FollowerState.java:run(114)) - 2a71459f-3024-44de-b2e6-f891a8154f4c: FollowerState was interrupted: java.lang.InterruptedException: sleep interrupted
2019-08-01 16:10:42,065 INFO  impl.LeaderElection (LeaderElection.java:logAndReturn(56)) - a2b0b871-5a56-4d55-be94-a0c23679df5a:group-E7FEA55496FF:LeaderElection67: Election PASSED; received 1 response(s) [a2b0b871-5a56-4d55-be94-a0c23679df5a<-2a71459f-3024-44de-b2e6-f891a8154f4c#0:OK-t3] and 1 exception(s); a2b0b871-5a56-4d55-be94-a0c23679df5a:t3, leader=null, voted=a2b0b871-5a56-4d55-be94-a0c23679df5a, raftlog=a2b0b871-5a56-4d55-be94-a0c23679df5a-SegmentedRaftLog:OPENED:c16,f16,i16, conf=0: [a2b0b871-5a56-4d55-be94-a0c23679df5a:192.168.157.209:37192, f869cb8a-3af6-447d-9fc7-4131cd544fff:192.168.157.209:40407, 2a71459f-3024-44de-b2e6-f891a8154f4c:192.168.157.209:38343], old=null
2019-08-01 16:10:42,065 INFO  impl.LeaderElection (LogUtils.java:infoOrTrace(149)) -   Exception 0: {}
java.util.concurrent.ExecutionException: org.apache.ratis.thirdparty.io.grpc.StatusRuntimeException: UNAVAILABLE: io exception
	at java.util.concurrent.FutureTask.report(FutureTask.java:122)
	at java.util.concurrent.FutureTask.get(FutureTask.java:192)
	at org.apache.ratis.server.impl.LeaderElection.waitForResults(LeaderElection.java:262)
	at org.apache.ratis.server.impl.LeaderElection.askForVotes(LeaderElection.java:200)
	at org.apache.ratis.server.impl.LeaderElection.run(LeaderElection.java:130)
	at java.lang.Thread.run(Thread.java:748)
Caused by: org.apache.ratis.thirdparty.io.grpc.StatusRuntimeException: UNAVAILABLE: io exception
	at org.apache.ratis.thirdparty.io.grpc.stub.ClientCalls.toStatusRuntimeException(ClientCalls.java:233)
	at org.apache.ratis.thirdparty.io.grpc.stub.ClientCalls.getUnchecked(ClientCalls.java:214)
	at org.apache.ratis.thirdparty.io.grpc.stub.ClientCalls.blockingUnaryCall(ClientCalls.java:139)
	at org.apache.ratis.proto.grpc.RaftServerProtocolServiceGrpc$RaftServerProtocolServiceBlockingStub.requestVote(RaftServerProtocolServiceGrpc.java:265)
	at org.apache.ratis.grpc.server.GrpcServerProtocolClient.requestVote(GrpcServerProtocolClient.java:83)
	at org.apache.ratis.grpc.server.GrpcService.requestVote(GrpcService.java:195)
	at org.apache.ratis.server.impl.LeaderElection.lambda$submitRequests$1(LeaderElection.java:237)
	at java.util.concurrent.FutureTask.run(FutureTask.java:266)
	at java.util.concurrent.Executors$RunnableAdapter.call(Executors.java:511)
	at java.util.concurrent.FutureTask.run(FutureTask.java:266)
	at java.util.concurrent.ThreadPoolExecutor.runWorker(ThreadPoolExecutor.java:1149)
	at java.util.concurrent.ThreadPoolExecutor$Worker.run(ThreadPoolExecutor.java:624)
	... 1 more
Caused by: org.apache.ratis.thirdparty.io.netty.channel.AbstractChannel$AnnotatedConnectException: Connection refused: /192.168.157.209:40407
	at sun.nio.ch.SocketChannelImpl.checkConnect(Native Method)
	at sun.nio.ch.SocketChannelImpl.finishConnect(SocketChannelImpl.java:717)
	at org.apache.ratis.thirdparty.io.netty.channel.socket.nio.NioSocketChannel.doFinishConnect(NioSocketChannel.java:327)
	at org.apache.ratis.thirdparty.io.netty.channel.nio.AbstractNioChannel$AbstractNioUnsafe.finishConnect(AbstractNioChannel.java:340)
	at org.apache.ratis.thirdparty.io.netty.channel.nio.NioEventLoop.processSelectedKey(NioEventLoop.java:632)
	at org.apache.ratis.thirdparty.io.netty.channel.nio.NioEventLoop.processSelectedKeysOptimized(NioEventLoop.java:579)
	at org.apache.ratis.thirdparty.io.netty.channel.nio.NioEventLoop.processSelectedKeys(NioEventLoop.java:496)
	at org.apache.ratis.thirdparty.io.netty.channel.nio.NioEventLoop.run(NioEventLoop.java:458)
	at org.apache.ratis.thirdparty.io.netty.util.concurrent.SingleThreadEventExecutor$5.run(SingleThreadEventExecutor.java:897)
	at org.apache.ratis.thirdparty.io.netty.util.concurrent.FastThreadLocalRunnable.run(FastThreadLocalRunnable.java:30)
	... 1 more
Caused by: java.net.ConnectException: Connection refused
	... 11 more
2019-08-01 16:10:42,066 INFO  impl.RoleInfo (RoleInfo.java:shutdownLeaderElection(134)) - a2b0b871-5a56-4d55-be94-a0c23679df5a: shutdown LeaderElection
2019-08-01 16:10:42,066 INFO  impl.RaftServerImpl (RaftServerImpl.java:setRole(171)) - a2b0b871-5a56-4d55-be94-a0c23679df5a:group-E7FEA55496FF changes role from CANDIDATE to LEADER at term 3 for changeToLeader
2019-08-01 16:10:42,066 INFO  impl.RaftServerImpl (ServerState.java:setLeader(263)) - a2b0b871-5a56-4d55-be94-a0c23679df5a:group-E7FEA55496FF change Leader from null to a2b0b871-5a56-4d55-be94-a0c23679df5a at term 3 for becomeLeader, leader elected after 5084ms
2019-08-01 16:10:42,066 INFO  server.RaftServerConfigKeys (ConfUtils.java:logGet(43)) - raft.server.staging.catchup.gap = 1000 (default)
2019-08-01 16:10:42,066 INFO  server.RaftServerConfigKeys (ConfUtils.java:logGet(43)) - raft.server.rpc.sleep.time = 25ms (default)
2019-08-01 16:10:42,066 INFO  server.RaftServerConfigKeys (ConfUtils.java:logGet(43)) - raft.server.write.element-limit = 4096 (default)
2019-08-01 16:10:42,067 INFO  server.RaftServerConfigKeys (ConfUtils.java:logGet(43)) - raft.server.watch.timeout = 10s (default)
2019-08-01 16:10:42,067 INFO  server.RaftServerConfigKeys (ConfUtils.java:logGet(43)) - raft.server.watch.timeout.denomination = 1s (default)
2019-08-01 16:10:42,067 INFO  server.RaftServerConfigKeys (ConfUtils.java:logGet(43)) - raft.server.watch.element-limit = 65536 (default)
2019-08-01 16:10:42,067 INFO  server.RaftServerConfigKeys (ConfUtils.java:logGet(43)) - raft.server.log.appender.snapshot.chunk.size.max = 16MB (=16777216) (default)
2019-08-01 16:10:42,067 INFO  server.RaftServerConfigKeys (ConfUtils.java:logGet(43)) - raft.server.log.appender.buffer.byte-limit = 33554432 (custom)
2019-08-01 16:10:42,068 INFO  server.RaftServerConfigKeys (ConfUtils.java:logGet(43)) - raft.server.log.appender.buffer.element-limit = 1 (custom)
2019-08-01 16:10:42,068 INFO  grpc.GrpcConfigKeys$Server (ConfUtils.java:logGet(43)) - raft.grpc.server.leader.outstanding.appends.max = 128 (default)
2019-08-01 16:10:42,068 INFO  server.RaftServerConfigKeys (ConfUtils.java:logGet(43)) - raft.server.rpc.request.timeout = 3000ms (default)
2019-08-01 16:10:42,068 INFO  server.RaftServerConfigKeys (ConfUtils.java:logGet(43)) - raft.server.log.appender.install.snapshot.enabled = false (custom)
2019-08-01 16:10:42,068 INFO  server.RaftServerConfigKeys (ConfUtils.java:logGet(43)) - raft.server.log.appender.snapshot.chunk.size.max = 16MB (=16777216) (default)
2019-08-01 16:10:42,069 INFO  server.RaftServerConfigKeys (ConfUtils.java:logGet(43)) - raft.server.log.appender.buffer.byte-limit = 33554432 (custom)
2019-08-01 16:10:42,069 INFO  server.RaftServerConfigKeys (ConfUtils.java:logGet(43)) - raft.server.log.appender.buffer.element-limit = 1 (custom)
2019-08-01 16:10:42,069 INFO  grpc.GrpcConfigKeys$Server (ConfUtils.java:logGet(43)) - raft.grpc.server.leader.outstanding.appends.max = 128 (default)
2019-08-01 16:10:42,069 INFO  server.RaftServerConfigKeys (ConfUtils.java:logGet(43)) - raft.server.rpc.request.timeout = 3000ms (default)
2019-08-01 16:10:42,069 INFO  server.RaftServerConfigKeys (ConfUtils.java:logGet(43)) - raft.server.log.appender.install.snapshot.enabled = false (custom)
2019-08-01 16:10:42,070 INFO  impl.RoleInfo (RoleInfo.java:updateAndGet(143)) - a2b0b871-5a56-4d55-be94-a0c23679df5a: start LeaderState
2019-08-01 16:10:42,070 INFO  segmented.SegmentedRaftLogWorker (SegmentedRaftLogWorker.java:rollLogSegment(385)) - a2b0b871-5a56-4d55-be94-a0c23679df5a-SegmentedRaftLogWorker:Storage Directory /workdir/hadoop-ozone/integration-test/target/test-dir/MiniOzoneClusterImpl-6929c718-98ba-4c80-af26-32389b17b551/datanode-3/data/ratis/9d68420c-281e-4022-a014-e7fea55496ff: Rolling segment log-0_16 to index:16
2019-08-01 16:10:42,071 INFO  segmented.SegmentedRaftLogWorker (SegmentedRaftLogWorker.java:execute(526)) - a2b0b871-5a56-4d55-be94-a0c23679df5a-SegmentedRaftLogWorker:Storage Directory /workdir/hadoop-ozone/integration-test/target/test-dir/MiniOzoneClusterImpl-6929c718-98ba-4c80-af26-32389b17b551/datanode-3/data/ratis/9d68420c-281e-4022-a014-e7fea55496ff: Rolled log segment from /workdir/hadoop-ozone/integration-test/target/test-dir/MiniOzoneClusterImpl-6929c718-98ba-4c80-af26-32389b17b551/datanode-3/data/ratis/9d68420c-281e-4022-a014-e7fea55496ff/current/log_inprogress_0 to /workdir/hadoop-ozone/integration-test/target/test-dir/MiniOzoneClusterImpl-6929c718-98ba-4c80-af26-32389b17b551/datanode-3/data/ratis/9d68420c-281e-4022-a014-e7fea55496ff/current/log_0-16
2019-08-01 16:10:42,071 INFO  impl.RaftServerImpl (ServerState.java:setRaftConf(361)) - a2b0b871-5a56-4d55-be94-a0c23679df5a:group-E7FEA55496FF set configuration 17: [a2b0b871-5a56-4d55-be94-a0c23679df5a:192.168.157.209:37192, f869cb8a-3af6-447d-9fc7-4131cd544fff:192.168.157.209:40407, 2a71459f-3024-44de-b2e6-f891a8154f4c:192.168.157.209:38343], old=null at 17
2019-08-01 16:10:42,071 WARN  server.GrpcLogAppender (LogUtils.java:warn(134)) - a2b0b871-5a56-4d55-be94-a0c23679df5a->f869cb8a-3af6-447d-9fc7-4131cd544fff: Failed appendEntries: org.apache.ratis.thirdparty.io.grpc.StatusRuntimeException: UNAVAILABLE: io exception
2019-08-01 16:10:42,072 INFO  impl.FollowerInfo (FollowerInfo.java:lambda$new$0(50)) - a2b0b871-5a56-4d55-be94-a0c23679df5a->f869cb8a-3af6-447d-9fc7-4131cd544fff: nextIndex: updateUnconditionally 17 -> 1
2019-08-01 16:10:42,072 INFO  impl.RaftServerImpl (ServerState.java:setLeader(263)) - 2a71459f-3024-44de-b2e6-f891a8154f4c:group-E7FEA55496FF change Leader from null to a2b0b871-5a56-4d55-be94-a0c23679df5a at term 3 for appendEntries, leader elected after 5071ms
2019-08-01 16:10:42,075 INFO  impl.RaftServerImpl (ServerState.java:setRaftConf(361)) - 2a71459f-3024-44de-b2e6-f891a8154f4c:group-E7FEA55496FF set configuration 17: [a2b0b871-5a56-4d55-be94-a0c23679df5a:192.168.157.209:37192, f869cb8a-3af6-447d-9fc7-4131cd544fff:192.168.157.209:40407, 2a71459f-3024-44de-b2e6-f891a8154f4c:192.168.157.209:38343], old=null at 17
2019-08-01 16:10:42,075 INFO  segmented.SegmentedRaftLogWorker (SegmentedRaftLogWorker.java:rollLogSegment(385)) - 2a71459f-3024-44de-b2e6-f891a8154f4c-SegmentedRaftLogWorker:Storage Directory /workdir/hadoop-ozone/integration-test/target/test-dir/MiniOzoneClusterImpl-6929c718-98ba-4c80-af26-32389b17b551/datanode-4/data/ratis/9d68420c-281e-4022-a014-e7fea55496ff: Rolling segment log-0_16 to index:16
2019-08-01 16:10:42,076 INFO  segmented.SegmentedRaftLogWorker (SegmentedRaftLogWorker.java:execute(526)) - 2a71459f-3024-44de-b2e6-f891a8154f4c-SegmentedRaftLogWorker:Storage Directory /workdir/hadoop-ozone/integration-test/target/test-dir/MiniOzoneClusterImpl-6929c718-98ba-4c80-af26-32389b17b551/datanode-4/data/ratis/9d68420c-281e-4022-a014-e7fea55496ff: Rolled log segment from /workdir/hadoop-ozone/integration-test/target/test-dir/MiniOzoneClusterImpl-6929c718-98ba-4c80-af26-32389b17b551/datanode-4/data/ratis/9d68420c-281e-4022-a014-e7fea55496ff/current/log_inprogress_0 to /workdir/hadoop-ozone/integration-test/target/test-dir/MiniOzoneClusterImpl-6929c718-98ba-4c80-af26-32389b17b551/datanode-4/data/ratis/9d68420c-281e-4022-a014-e7fea55496ff/current/log_0-16
2019-08-01 16:10:42,104 INFO  segmented.SegmentedRaftLogWorker (SegmentedRaftLogWorker.java:execute(569)) - 2a71459f-3024-44de-b2e6-f891a8154f4c-SegmentedRaftLogWorker:Storage Directory /workdir/hadoop-ozone/integration-test/target/test-dir/MiniOzoneClusterImpl-6929c718-98ba-4c80-af26-32389b17b551/datanode-4/data/ratis/9d68420c-281e-4022-a014-e7fea55496ff: created new log segment /workdir/hadoop-ozone/integration-test/target/test-dir/MiniOzoneClusterImpl-6929c718-98ba-4c80-af26-32389b17b551/datanode-4/data/ratis/9d68420c-281e-4022-a014-e7fea55496ff/current/log_inprogress_17
2019-08-01 16:10:42,104 INFO  segmented.SegmentedRaftLogWorker (SegmentedRaftLogWorker.java:execute(569)) - a2b0b871-5a56-4d55-be94-a0c23679df5a-SegmentedRaftLogWorker:Storage Directory /workdir/hadoop-ozone/integration-test/target/test-dir/MiniOzoneClusterImpl-6929c718-98ba-4c80-af26-32389b17b551/datanode-3/data/ratis/9d68420c-281e-4022-a014-e7fea55496ff: created new log segment /workdir/hadoop-ozone/integration-test/target/test-dir/MiniOzoneClusterImpl-6929c718-98ba-4c80-af26-32389b17b551/datanode-3/data/ratis/9d68420c-281e-4022-a014-e7fea55496ff/current/log_inprogress_17
2019-08-01 16:10:42,135 WARN  server.GrpcLogAppender (LogUtils.java:warn(134)) - a2b0b871-5a56-4d55-be94-a0c23679df5a->f869cb8a-3af6-447d-9fc7-4131cd544fff: Failed appendEntries: org.apache.ratis.thirdparty.io.grpc.StatusRuntimeException: UNAVAILABLE: io exception
2019-08-01 16:10:42,135 INFO  impl.FollowerInfo (FollowerInfo.java:lambda$new$0(50)) - a2b0b871-5a56-4d55-be94-a0c23679df5a->f869cb8a-3af6-447d-9fc7-4131cd544fff: nextIndex: updateUnconditionally 2 -> 1
16:10:42.536 [grpc-default-executor-1] ERROR DNAudit - user=null | ip=null | op=WRITE_CHUNK {blockData=conID: 1 locID: 102542594395799566 bcsId: 14} | ret=FAILURE
org.apache.hadoop.hdds.scm.container.common.helpers.ContainerNotOpenException: Container 1 in CLOSING state
	at org.apache.hadoop.ozone.container.common.impl.HddsDispatcher.validateContainerCommand(HddsDispatcher.java:408) ~[hadoop-hdds-container-service-0.4.1-SNAPSHOT.jar:?]
	at org.apache.hadoop.ozone.container.common.transport.server.ratis.ContainerStateMachine.startTransaction(ContainerStateMachine.java:288) ~[hadoop-hdds-container-service-0.4.1-SNAPSHOT.jar:?]
	at org.apache.ratis.server.impl.RaftServerImpl.submitClientRequestAsync(RaftServerImpl.java:566) ~[ratis-server-0.4.0-2337318-SNAPSHOT.jar:0.4.0-2337318-SNAPSHOT]
	at org.apache.ratis.server.impl.RaftServerProxy.lambda$submitClientRequestAsync$7(RaftServerProxy.java:333) ~[ratis-server-0.4.0-2337318-SNAPSHOT.jar:0.4.0-2337318-SNAPSHOT]
	at org.apache.ratis.server.impl.RaftServerProxy.lambda$null$5(RaftServerProxy.java:328) ~[ratis-server-0.4.0-2337318-SNAPSHOT.jar:0.4.0-2337318-SNAPSHOT]
	at org.apache.ratis.util.JavaUtils.callAsUnchecked(JavaUtils.java:109) ~[ratis-common-0.4.0-2337318-SNAPSHOT.jar:0.4.0-2337318-SNAPSHOT]
	at org.apache.ratis.server.impl.RaftServerProxy.lambda$submitRequest$6(RaftServerProxy.java:328) ~[ratis-server-0.4.0-2337318-SNAPSHOT.jar:0.4.0-2337318-SNAPSHOT]
	at java.util.concurrent.CompletableFuture.uniComposeStage(CompletableFuture.java:981) ~[?:1.8.0_212]
	at java.util.concurrent.CompletableFuture.thenCompose(CompletableFuture.java:2124) ~[?:1.8.0_212]
	at org.apache.ratis.server.impl.RaftServerProxy.submitRequest(RaftServerProxy.java:327) ~[ratis-server-0.4.0-2337318-SNAPSHOT.jar:0.4.0-2337318-SNAPSHOT]
	at org.apache.ratis.server.impl.RaftServerProxy.submitClientRequestAsync(RaftServerProxy.java:333) ~[ratis-server-0.4.0-2337318-SNAPSHOT.jar:0.4.0-2337318-SNAPSHOT]
	at org.apache.ratis.grpc.client.GrpcClientProtocolService$RequestStreamObserver.processClientRequest(GrpcClientProtocolService.java:220) ~[ratis-grpc-0.4.0-2337318-SNAPSHOT.jar:0.4.0-2337318-SNAPSHOT]
	at org.apache.ratis.grpc.client.GrpcClientProtocolService$OrderedRequestStreamObserver.processClientRequest(GrpcClientProtocolService.java:326) ~[ratis-grpc-0.4.0-2337318-SNAPSHOT.jar:0.4.0-2337318-SNAPSHOT]
	at org.apache.ratis.util.SlidingWindow$Server.processRequestsFromHead(SlidingWindow.java:429) [ratis-common-0.4.0-2337318-SNAPSHOT.jar:0.4.0-2337318-SNAPSHOT]
	at org.apache.ratis.util.SlidingWindow$Server.receivedRequest(SlidingWindow.java:421) [ratis-common-0.4.0-2337318-SNAPSHOT.jar:0.4.0-2337318-SNAPSHOT]
	at org.apache.ratis.grpc.client.GrpcClientProtocolService$OrderedRequestStreamObserver.processClientRequest(GrpcClientProtocolService.java:345) [ratis-grpc-0.4.0-2337318-SNAPSHOT.jar:0.4.0-2337318-SNAPSHOT]
	at org.apache.ratis.grpc.client.GrpcClientProtocolService$RequestStreamObserver.onNext(GrpcClientProtocolService.java:240) [ratis-grpc-0.4.0-2337318-SNAPSHOT.jar:0.4.0-2337318-SNAPSHOT]
	at org.apache.ratis.grpc.client.GrpcClientProtocolService$RequestStreamObserver.onNext(GrpcClientProtocolService.java:168) [ratis-grpc-0.4.0-2337318-SNAPSHOT.jar:0.4.0-2337318-SNAPSHOT]
	at org.apache.ratis.thirdparty.io.grpc.stub.ServerCalls$StreamingServerCallHandler$StreamingServerCallListener.onMessage(ServerCalls.java:248) [ratis-thirdparty-misc-0.2.0.jar:0.2.0]
	at org.apache.ratis.thirdparty.io.grpc.internal.ServerCallImpl$ServerStreamListenerImpl.messagesAvailable(ServerCallImpl.java:263) [ratis-thirdparty-misc-0.2.0.jar:0.2.0]
	at org.apache.ratis.thirdparty.io.grpc.internal.ServerImpl$JumpToApplicationThreadServerStreamListener$1MessagesAvailable.runInContext(ServerImpl.java:686) [ratis-thirdparty-misc-0.2.0.jar:0.2.0]
	at org.apache.ratis.thirdparty.io.grpc.internal.ContextRunnable.run(ContextRunnable.java:37) [ratis-thirdparty-misc-0.2.0.jar:0.2.0]
	at org.apache.ratis.thirdparty.io.grpc.internal.SerializingExecutor.run(SerializingExecutor.java:123) [ratis-thirdparty-misc-0.2.0.jar:0.2.0]
	at java.util.concurrent.ThreadPoolExecutor.runWorker(ThreadPoolExecutor.java:1149) [?:1.8.0_212]
	at java.util.concurrent.ThreadPoolExecutor$Worker.run(ThreadPoolExecutor.java:624) [?:1.8.0_212]
	at java.lang.Thread.run(Thread.java:748) [?:1.8.0_212]
2019-08-01 16:10:42,551 INFO  client.GrpcClientProtocolClient (GrpcClientProtocolClient.java:onNext(255)) - client-8A2374E62C44->a2b0b871-5a56-4d55-be94-a0c23679df5a: receive RaftClientReply:client-8A2374E62C44->a2b0b871-5a56-4d55-be94-a0c23679df5a@group-E7FEA55496FF, cid=184, FAILED org.apache.ratis.protocol.StateMachineException: org.apache.hadoop.hdds.scm.container.common.helpers.ContainerNotOpenException from Server a2b0b871-5a56-4d55-be94-a0c23679df5a: Container 1 in CLOSING state, logIndex=0, commits[a2b0b871-5a56-4d55-be94-a0c23679df5a:c18, f869cb8a-3af6-447d-9fc7-4131cd544fff:c16, 2a71459f-3024-44de-b2e6-f891a8154f4c:c17]
16:10:42.553 [grpc-default-executor-6] ERROR DNAudit - user=null | ip=null | op=WRITE_CHUNK {blockData=conID: 1 locID: 102542594395799566 bcsId: 14} | ret=FAILURE
org.apache.hadoop.hdds.scm.container.common.helpers.ContainerNotOpenException: Container 1 in CLOSING state
	at org.apache.hadoop.ozone.container.common.impl.HddsDispatcher.validateContainerCommand(HddsDispatcher.java:408) ~[hadoop-hdds-container-service-0.4.1-SNAPSHOT.jar:?]
	at org.apache.hadoop.ozone.container.common.transport.server.ratis.ContainerStateMachine.startTransaction(ContainerStateMachine.java:288) ~[hadoop-hdds-container-service-0.4.1-SNAPSHOT.jar:?]
	at org.apache.ratis.server.impl.RaftServerImpl.submitClientRequestAsync(RaftServerImpl.java:566) ~[ratis-server-0.4.0-2337318-SNAPSHOT.jar:0.4.0-2337318-SNAPSHOT]
	at org.apache.ratis.server.impl.RaftServerProxy.lambda$submitClientRequestAsync$7(RaftServerProxy.java:333) ~[ratis-server-0.4.0-2337318-SNAPSHOT.jar:0.4.0-2337318-SNAPSHOT]
	at org.apache.ratis.server.impl.RaftServerProxy.lambda$null$5(RaftServerProxy.java:328) ~[ratis-server-0.4.0-2337318-SNAPSHOT.jar:0.4.0-2337318-SNAPSHOT]
	at org.apache.ratis.util.JavaUtils.callAsUnchecked(JavaUtils.java:109) ~[ratis-common-0.4.0-2337318-SNAPSHOT.jar:0.4.0-2337318-SNAPSHOT]
	at org.apache.ratis.server.impl.RaftServerProxy.lambda$submitRequest$6(RaftServerProxy.java:328) ~[ratis-server-0.4.0-2337318-SNAPSHOT.jar:0.4.0-2337318-SNAPSHOT]
	at java.util.concurrent.CompletableFuture.uniComposeStage(CompletableFuture.java:981) ~[?:1.8.0_212]
	at java.util.concurrent.CompletableFuture.thenCompose(CompletableFuture.java:2124) ~[?:1.8.0_212]
	at org.apache.ratis.server.impl.RaftServerProxy.submitRequest(RaftServerProxy.java:327) ~[ratis-server-0.4.0-2337318-SNAPSHOT.jar:0.4.0-2337318-SNAPSHOT]
	at org.apache.ratis.server.impl.RaftServerProxy.submitClientRequestAsync(RaftServerProxy.java:333) ~[ratis-server-0.4.0-2337318-SNAPSHOT.jar:0.4.0-2337318-SNAPSHOT]
	at org.apache.ratis.grpc.client.GrpcClientProtocolService$RequestStreamObserver.processClientRequest(GrpcClientProtocolService.java:220) ~[ratis-grpc-0.4.0-2337318-SNAPSHOT.jar:0.4.0-2337318-SNAPSHOT]
	at org.apache.ratis.grpc.client.GrpcClientProtocolService$OrderedRequestStreamObserver.processClientRequest(GrpcClientProtocolService.java:326) ~[ratis-grpc-0.4.0-2337318-SNAPSHOT.jar:0.4.0-2337318-SNAPSHOT]
	at org.apache.ratis.util.SlidingWindow$Server.processRequestsFromHead(SlidingWindow.java:429) [ratis-common-0.4.0-2337318-SNAPSHOT.jar:0.4.0-2337318-SNAPSHOT]
	at org.apache.ratis.util.SlidingWindow$Server.receivedRequest(SlidingWindow.java:421) [ratis-common-0.4.0-2337318-SNAPSHOT.jar:0.4.0-2337318-SNAPSHOT]
	at org.apache.ratis.grpc.client.GrpcClientProtocolService$OrderedRequestStreamObserver.processClientRequest(GrpcClientProtocolService.java:345) [ratis-grpc-0.4.0-2337318-SNAPSHOT.jar:0.4.0-2337318-SNAPSHOT]
	at org.apache.ratis.grpc.client.GrpcClientProtocolService$RequestStreamObserver.onNext(GrpcClientProtocolService.java:240) [ratis-grpc-0.4.0-2337318-SNAPSHOT.jar:0.4.0-2337318-SNAPSHOT]
	at org.apache.ratis.grpc.client.GrpcClientProtocolService$RequestStreamObserver.onNext(GrpcClientProtocolService.java:168) [ratis-grpc-0.4.0-2337318-SNAPSHOT.jar:0.4.0-2337318-SNAPSHOT]
	at org.apache.ratis.thirdparty.io.grpc.stub.ServerCalls$StreamingServerCallHandler$StreamingServerCallListener.onMessage(ServerCalls.java:248) [ratis-thirdparty-misc-0.2.0.jar:0.2.0]
	at org.apache.ratis.thirdparty.io.grpc.internal.ServerCallImpl$ServerStreamListenerImpl.messagesAvailable(ServerCallImpl.java:263) [ratis-thirdparty-misc-0.2.0.jar:0.2.0]
	at org.apache.ratis.thirdparty.io.grpc.internal.ServerImpl$JumpToApplicationThreadServerStreamListener$1MessagesAvailable.runInContext(ServerImpl.java:686) [ratis-thirdparty-misc-0.2.0.jar:0.2.0]
	at org.apache.ratis.thirdparty.io.grpc.internal.ContextRunnable.run(ContextRunnable.java:37) [ratis-thirdparty-misc-0.2.0.jar:0.2.0]
	at org.apache.ratis.thirdparty.io.grpc.internal.SerializingExecutor.run(SerializingExecutor.java:123) [ratis-thirdparty-misc-0.2.0.jar:0.2.0]
	at java.util.concurrent.ThreadPoolExecutor.runWorker(ThreadPoolExecutor.java:1149) [?:1.8.0_212]
	at java.util.concurrent.ThreadPoolExecutor$Worker.run(ThreadPoolExecutor.java:624) [?:1.8.0_212]
	at java.lang.Thread.run(Thread.java:748) [?:1.8.0_212]
16:10:42.555 [grpc-default-executor-6] ERROR DNAudit - user=null | ip=null | op=PUT_BLOCK {blockData=[blockId=conID: 1 locID: 102542594395799566 bcsId: 0,size=650]} | ret=FAILURE
org.apache.hadoop.hdds.scm.container.common.helpers.ContainerNotOpenException: Container 1 in CLOSING state
	at org.apache.hadoop.ozone.container.common.impl.HddsDispatcher.validateContainerCommand(HddsDispatcher.java:408) ~[hadoop-hdds-container-service-0.4.1-SNAPSHOT.jar:?]
	at org.apache.hadoop.ozone.container.common.transport.server.ratis.ContainerStateMachine.startTransaction(ContainerStateMachine.java:288) ~[hadoop-hdds-container-service-0.4.1-SNAPSHOT.jar:?]
	at org.apache.ratis.server.impl.RaftServerImpl.submitClientRequestAsync(RaftServerImpl.java:566) ~[ratis-server-0.4.0-2337318-SNAPSHOT.jar:0.4.0-2337318-SNAPSHOT]
	at org.apache.ratis.server.impl.RaftServerProxy.lambda$submitClientRequestAsync$7(RaftServerProxy.java:333) ~[ratis-server-0.4.0-2337318-SNAPSHOT.jar:0.4.0-2337318-SNAPSHOT]
	at org.apache.ratis.server.impl.RaftServerProxy.lambda$null$5(RaftServerProxy.java:328) ~[ratis-server-0.4.0-2337318-SNAPSHOT.jar:0.4.0-2337318-SNAPSHOT]
	at org.apache.ratis.util.JavaUtils.callAsUnchecked(JavaUtils.java:109) ~[ratis-common-0.4.0-2337318-SNAPSHOT.jar:0.4.0-2337318-SNAPSHOT]
	at org.apache.ratis.server.impl.RaftServerProxy.lambda$submitRequest$6(RaftServerProxy.java:328) ~[ratis-server-0.4.0-2337318-SNAPSHOT.jar:0.4.0-2337318-SNAPSHOT]
	at java.util.concurrent.CompletableFuture.uniComposeStage(CompletableFuture.java:981) ~[?:1.8.0_212]
	at java.util.concurrent.CompletableFuture.thenCompose(CompletableFuture.java:2124) ~[?:1.8.0_212]
	at org.apache.ratis.server.impl.RaftServerProxy.submitRequest(RaftServerProxy.java:327) ~[ratis-server-0.4.0-2337318-SNAPSHOT.jar:0.4.0-2337318-SNAPSHOT]
	at org.apache.ratis.server.impl.RaftServerProxy.submitClientRequestAsync(RaftServerProxy.java:333) ~[ratis-server-0.4.0-2337318-SNAPSHOT.jar:0.4.0-2337318-SNAPSHOT]
	at org.apache.ratis.grpc.client.GrpcClientProtocolService$RequestStreamObserver.processClientRequest(GrpcClientProtocolService.java:220) ~[ratis-grpc-0.4.0-2337318-SNAPSHOT.jar:0.4.0-2337318-SNAPSHOT]
	at org.apache.ratis.grpc.client.GrpcClientProtocolService$OrderedRequestStreamObserver.processClientRequest(GrpcClientProtocolService.java:326) ~[ratis-grpc-0.4.0-2337318-SNAPSHOT.jar:0.4.0-2337318-SNAPSHOT]
	at org.apache.ratis.util.SlidingWindow$Server.processRequestsFromHead(SlidingWindow.java:429) [ratis-common-0.4.0-2337318-SNAPSHOT.jar:0.4.0-2337318-SNAPSHOT]
	at org.apache.ratis.util.SlidingWindow$Server.receivedRequest(SlidingWindow.java:421) [ratis-common-0.4.0-2337318-SNAPSHOT.jar:0.4.0-2337318-SNAPSHOT]
	at org.apache.ratis.grpc.client.GrpcClientProtocolService$OrderedRequestStreamObserver.processClientRequest(GrpcClientProtocolService.java:345) [ratis-grpc-0.4.0-2337318-SNAPSHOT.jar:0.4.0-2337318-SNAPSHOT]
	at org.apache.ratis.grpc.client.GrpcClientProtocolService$RequestStreamObserver.onNext(GrpcClientProtocolService.java:240) [ratis-grpc-0.4.0-2337318-SNAPSHOT.jar:0.4.0-2337318-SNAPSHOT]
	at org.apache.ratis.grpc.client.GrpcClientProtocolService$RequestStreamObserver.onNext(GrpcClientProtocolService.java:168) [ratis-grpc-0.4.0-2337318-SNAPSHOT.jar:0.4.0-2337318-SNAPSHOT]
	at org.apache.ratis.thirdparty.io.grpc.stub.ServerCalls$StreamingServerCallHandler$StreamingServerCallListener.onMessage(ServerCalls.java:248) [ratis-thirdparty-misc-0.2.0.jar:0.2.0]
	at org.apache.ratis.thirdparty.io.grpc.internal.ServerCallImpl$ServerStreamListenerImpl.messagesAvailable(ServerCallImpl.java:263) [ratis-thirdparty-misc-0.2.0.jar:0.2.0]
	at org.apache.ratis.thirdparty.io.grpc.internal.ServerImpl$JumpToApplicationThreadServerStreamListener$1MessagesAvailable.runInContext(ServerImpl.java:686) [ratis-thirdparty-misc-0.2.0.jar:0.2.0]
	at org.apache.ratis.thirdparty.io.grpc.internal.ContextRunnable.run(ContextRunnable.java:37) [ratis-thirdparty-misc-0.2.0.jar:0.2.0]
	at org.apache.ratis.thirdparty.io.grpc.internal.SerializingExecutor.run(SerializingExecutor.java:123) [ratis-thirdparty-misc-0.2.0.jar:0.2.0]
	at java.util.concurrent.ThreadPoolExecutor.runWorker(ThreadPoolExecutor.java:1149) [?:1.8.0_212]
	at java.util.concurrent.ThreadPoolExecutor$Worker.run(ThreadPoolExecutor.java:624) [?:1.8.0_212]
	at java.lang.Thread.run(Thread.java:748) [?:1.8.0_212]
16:10:42.565 [grpc-default-executor-6] ERROR DNAudit - user=null | ip=null | op=WRITE_CHUNK {blockData=conID: 1 locID: 102542594395799566 bcsId: 14} | ret=FAILURE
org.apache.hadoop.hdds.scm.container.common.helpers.ContainerNotOpenException: Container 1 in CLOSING state
	at org.apache.hadoop.ozone.container.common.impl.HddsDispatcher.validateContainerCommand(HddsDispatcher.java:408) ~[hadoop-hdds-container-service-0.4.1-SNAPSHOT.jar:?]
	at org.apache.hadoop.ozone.container.common.transport.server.ratis.ContainerStateMachine.startTransaction(ContainerStateMachine.java:288) ~[hadoop-hdds-container-service-0.4.1-SNAPSHOT.jar:?]
	at org.apache.ratis.server.impl.RaftServerImpl.submitClientRequestAsync(RaftServerImpl.java:566) ~[ratis-server-0.4.0-2337318-SNAPSHOT.jar:0.4.0-2337318-SNAPSHOT]
	at org.apache.ratis.server.impl.RaftServerProxy.lambda$submitClientRequestAsync$7(RaftServerProxy.java:333) ~[ratis-server-0.4.0-2337318-SNAPSHOT.jar:0.4.0-2337318-SNAPSHOT]
	at org.apache.ratis.server.impl.RaftServerProxy.lambda$null$5(RaftServerProxy.java:328) ~[ratis-server-0.4.0-2337318-SNAPSHOT.jar:0.4.0-2337318-SNAPSHOT]
	at org.apache.ratis.util.JavaUtils.callAsUnchecked(JavaUtils.java:109) ~[ratis-common-0.4.0-2337318-SNAPSHOT.jar:0.4.0-2337318-SNAPSHOT]
	at org.apache.ratis.server.impl.RaftServerProxy.lambda$submitRequest$6(RaftServerProxy.java:328) ~[ratis-server-0.4.0-2337318-SNAPSHOT.jar:0.4.0-2337318-SNAPSHOT]
	at java.util.concurrent.CompletableFuture.uniComposeStage(CompletableFuture.java:981) ~[?:1.8.0_212]
	at java.util.concurrent.CompletableFuture.thenCompose(CompletableFuture.java:2124) ~[?:1.8.0_212]
	at org.apache.ratis.server.impl.RaftServerProxy.submitRequest(RaftServerProxy.java:327) ~[ratis-server-0.4.0-2337318-SNAPSHOT.jar:0.4.0-2337318-SNAPSHOT]
	at org.apache.ratis.server.impl.RaftServerProxy.submitClientRequestAsync(RaftServerProxy.java:333) ~[ratis-server-0.4.0-2337318-SNAPSHOT.jar:0.4.0-2337318-SNAPSHOT]
	at org.apache.ratis.grpc.client.GrpcClientProtocolService$RequestStreamObserver.processClientRequest(GrpcClientProtocolService.java:220) ~[ratis-grpc-0.4.0-2337318-SNAPSHOT.jar:0.4.0-2337318-SNAPSHOT]
	at org.apache.ratis.grpc.client.GrpcClientProtocolService$OrderedRequestStreamObserver.processClientRequest(GrpcClientProtocolService.java:326) ~[ratis-grpc-0.4.0-2337318-SNAPSHOT.jar:0.4.0-2337318-SNAPSHOT]
	at org.apache.ratis.util.SlidingWindow$Server.processRequestsFromHead(SlidingWindow.java:429) [ratis-common-0.4.0-2337318-SNAPSHOT.jar:0.4.0-2337318-SNAPSHOT]
	at org.apache.ratis.util.SlidingWindow$Server.receivedRequest(SlidingWindow.java:421) [ratis-common-0.4.0-2337318-SNAPSHOT.jar:0.4.0-2337318-SNAPSHOT]
	at org.apache.ratis.grpc.client.GrpcClientProtocolService$OrderedRequestStreamObserver.processClientRequest(GrpcClientProtocolService.java:345) [ratis-grpc-0.4.0-2337318-SNAPSHOT.jar:0.4.0-2337318-SNAPSHOT]
	at org.apache.ratis.grpc.client.GrpcClientProtocolService$RequestStreamObserver.onNext(GrpcClientProtocolService.java:240) [ratis-grpc-0.4.0-2337318-SNAPSHOT.jar:0.4.0-2337318-SNAPSHOT]
	at org.apache.ratis.grpc.client.GrpcClientProtocolService$RequestStreamObserver.onNext(GrpcClientProtocolService.java:168) [ratis-grpc-0.4.0-2337318-SNAPSHOT.jar:0.4.0-2337318-SNAPSHOT]
	at org.apache.ratis.thirdparty.io.grpc.stub.ServerCalls$StreamingServerCallHandler$StreamingServerCallListener.onMessage(ServerCalls.java:248) [ratis-thirdparty-misc-0.2.0.jar:0.2.0]
	at org.apache.ratis.thirdparty.io.grpc.internal.ServerCallImpl$ServerStreamListenerImpl.messagesAvailable(ServerCallImpl.java:263) [ratis-thirdparty-misc-0.2.0.jar:0.2.0]
	at org.apache.ratis.thirdparty.io.grpc.internal.ServerImpl$JumpToApplicationThreadServerStreamListener$1MessagesAvailable.runInContext(ServerImpl.java:686) [ratis-thirdparty-misc-0.2.0.jar:0.2.0]
	at org.apache.ratis.thirdparty.io.grpc.internal.ContextRunnable.run(ContextRunnable.java:37) [ratis-thirdparty-misc-0.2.0.jar:0.2.0]
	at org.apache.ratis.thirdparty.io.grpc.internal.SerializingExecutor.run(SerializingExecutor.java:123) [ratis-thirdparty-misc-0.2.0.jar:0.2.0]
	at java.util.concurrent.ThreadPoolExecutor.runWorker(ThreadPoolExecutor.java:1149) [?:1.8.0_212]
	at java.util.concurrent.ThreadPoolExecutor$Worker.run(ThreadPoolExecutor.java:624) [?:1.8.0_212]
	at java.lang.Thread.run(Thread.java:748) [?:1.8.0_212]
2019-08-01 16:10:42,566 INFO  client.GrpcClientProtocolClient (GrpcClientProtocolClient.java:onNext(255)) - client-8A2374E62C44->a2b0b871-5a56-4d55-be94-a0c23679df5a: receive RaftClientReply:client-8A2374E62C44->a2b0b871-5a56-4d55-be94-a0c23679df5a@group-E7FEA55496FF, cid=185, FAILED org.apache.ratis.protocol.StateMachineException: org.apache.hadoop.hdds.scm.container.common.helpers.ContainerNotOpenException from Server a2b0b871-5a56-4d55-be94-a0c23679df5a: Container 1 in CLOSING state, logIndex=0, commits[a2b0b871-5a56-4d55-be94-a0c23679df5a:c18, f869cb8a-3af6-447d-9fc7-4131cd544fff:c16, 2a71459f-3024-44de-b2e6-f891a8154f4c:c17]
2019-08-01 16:10:42,578 INFO  client.GrpcClientProtocolClient (GrpcClientProtocolClient.java:onNext(255)) - client-8A2374E62C44->a2b0b871-5a56-4d55-be94-a0c23679df5a: receive RaftClientReply:client-8A2374E62C44->a2b0b871-5a56-4d55-be94-a0c23679df5a@group-E7FEA55496FF, cid=186, FAILED org.apache.ratis.protocol.StateMachineException: org.apache.hadoop.hdds.scm.container.common.helpers.ContainerNotOpenException from Server a2b0b871-5a56-4d55-be94-a0c23679df5a: Container 1 in CLOSING state, logIndex=0, commits[a2b0b871-5a56-4d55-be94-a0c23679df5a:c18, f869cb8a-3af6-447d-9fc7-4131cd544fff:c16, 2a71459f-3024-44de-b2e6-f891a8154f4c:c17]
16:10:42.577 [grpc-default-executor-6] ERROR DNAudit - user=null | ip=null | op=WRITE_CHUNK {blockData=conID: 1 locID: 102542594395799566 bcsId: 14} | ret=FAILURE
org.apache.hadoop.hdds.scm.container.common.helpers.ContainerNotOpenException: Container 1 in CLOSING state
	at org.apache.hadoop.ozone.container.common.impl.HddsDispatcher.validateContainerCommand(HddsDispatcher.java:408) ~[hadoop-hdds-container-service-0.4.1-SNAPSHOT.jar:?]
	at org.apache.hadoop.ozone.container.common.transport.server.ratis.ContainerStateMachine.startTransaction(ContainerStateMachine.java:288) ~[hadoop-hdds-container-service-0.4.1-SNAPSHOT.jar:?]
	at org.apache.ratis.server.impl.RaftServerImpl.submitClientRequestAsync(RaftServerImpl.java:566) ~[ratis-server-0.4.0-2337318-SNAPSHOT.jar:0.4.0-2337318-SNAPSHOT]
	at org.apache.ratis.server.impl.RaftServerProxy.lambda$submitClientRequestAsync$7(RaftServerProxy.java:333) ~[ratis-server-0.4.0-2337318-SNAPSHOT.jar:0.4.0-2337318-SNAPSHOT]
	at org.apache.ratis.server.impl.RaftServerProxy.lambda$null$5(RaftServerProxy.java:328) ~[ratis-server-0.4.0-2337318-SNAPSHOT.jar:0.4.0-2337318-SNAPSHOT]
	at org.apache.ratis.util.JavaUtils.callAsUnchecked(JavaUtils.java:109) ~[ratis-common-0.4.0-2337318-SNAPSHOT.jar:0.4.0-2337318-SNAPSHOT]
	at org.apache.ratis.server.impl.RaftServerProxy.lambda$submitRequest$6(RaftServerProxy.java:328) ~[ratis-server-0.4.0-2337318-SNAPSHOT.jar:0.4.0-2337318-SNAPSHOT]
	at java.util.concurrent.CompletableFuture.uniComposeStage(CompletableFuture.java:981) ~[?:1.8.0_212]
	at java.util.concurrent.CompletableFuture.thenCompose(CompletableFuture.java:2124) ~[?:1.8.0_212]
	at org.apache.ratis.server.impl.RaftServerProxy.submitRequest(RaftServerProxy.java:327) ~[ratis-server-0.4.0-2337318-SNAPSHOT.jar:0.4.0-2337318-SNAPSHOT]
	at org.apache.ratis.server.impl.RaftServerProxy.submitClientRequestAsync(RaftServerProxy.java:333) ~[ratis-server-0.4.0-2337318-SNAPSHOT.jar:0.4.0-2337318-SNAPSHOT]
	at org.apache.ratis.grpc.client.GrpcClientProtocolService$RequestStreamObserver.processClientRequest(GrpcClientProtocolService.java:220) ~[ratis-grpc-0.4.0-2337318-SNAPSHOT.jar:0.4.0-2337318-SNAPSHOT]
	at org.apache.ratis.grpc.client.GrpcClientProtocolService$OrderedRequestStreamObserver.processClientRequest(GrpcClientProtocolService.java:326) ~[ratis-grpc-0.4.0-2337318-SNAPSHOT.jar:0.4.0-2337318-SNAPSHOT]
	at org.apache.ratis.util.SlidingWindow$Server.processRequestsFromHead(SlidingWindow.java:429) [ratis-common-0.4.0-2337318-SNAPSHOT.jar:0.4.0-2337318-SNAPSHOT]
	at org.apache.ratis.util.SlidingWindow$Server.receivedRequest(SlidingWindow.java:421) [ratis-common-0.4.0-2337318-SNAPSHOT.jar:0.4.0-2337318-SNAPSHOT]
	at org.apache.ratis.grpc.client.GrpcClientProtocolService$OrderedRequestStreamObserver.processClientRequest(GrpcClientProtocolService.java:345) [ratis-grpc-0.4.0-2337318-SNAPSHOT.jar:0.4.0-2337318-SNAPSHOT]
	at org.apache.ratis.grpc.client.GrpcClientProtocolService$RequestStreamObserver.onNext(GrpcClientProtocolService.java:240) [ratis-grpc-0.4.0-2337318-SNAPSHOT.jar:0.4.0-2337318-SNAPSHOT]
	at org.apache.ratis.grpc.client.GrpcClientProtocolService$RequestStreamObserver.onNext(GrpcClientProtocolService.java:168) [ratis-grpc-0.4.0-2337318-SNAPSHOT.jar:0.4.0-2337318-SNAPSHOT]
	at org.apache.ratis.thirdparty.io.grpc.stub.ServerCalls$StreamingServerCallHandler$StreamingServerCallListener.onMessage(ServerCalls.java:248) [ratis-thirdparty-misc-0.2.0.jar:0.2.0]
	at org.apache.ratis.thirdparty.io.grpc.internal.ServerCallImpl$ServerStreamListenerImpl.messagesAvailable(ServerCallImpl.java:263) [ratis-thirdparty-misc-0.2.0.jar:0.2.0]
	at org.apache.ratis.thirdparty.io.grpc.internal.ServerImpl$JumpToApplicationThreadServerStreamListener$1MessagesAvailable.runInContext(ServerImpl.java:686) [ratis-thirdparty-misc-0.2.0.jar:0.2.0]
	at org.apache.ratis.thirdparty.io.grpc.internal.ContextRunnable.run(ContextRunnable.java:37) [ratis-thirdparty-misc-0.2.0.jar:0.2.0]
	at org.apache.ratis.thirdparty.io.grpc.internal.SerializingExecutor.run(SerializingExecutor.java:123) [ratis-thirdparty-misc-0.2.0.jar:0.2.0]
	at java.util.concurrent.ThreadPoolExecutor.runWorker(ThreadPoolExecutor.java:1149) [?:1.8.0_212]
	at java.util.concurrent.ThreadPoolExecutor$Worker.run(ThreadPoolExecutor.java:624) [?:1.8.0_212]
	at java.lang.Thread.run(Thread.java:748) [?:1.8.0_212]
2019-08-01 16:10:42,580 INFO  client.GrpcClientProtocolClient (GrpcClientProtocolClient.java:onNext(255)) - client-8A2374E62C44->a2b0b871-5a56-4d55-be94-a0c23679df5a: receive RaftClientReply:client-8A2374E62C44->a2b0b871-5a56-4d55-be94-a0c23679df5a@group-E7FEA55496FF, cid=187, FAILED org.apache.ratis.protocol.StateMachineException: org.apache.hadoop.hdds.scm.container.common.helpers.ContainerNotOpenException from Server a2b0b871-5a56-4d55-be94-a0c23679df5a: Container 1 in CLOSING state, logIndex=0, commits[a2b0b871-5a56-4d55-be94-a0c23679df5a:c18, f869cb8a-3af6-447d-9fc7-4131cd544fff:c16, 2a71459f-3024-44de-b2e6-f891a8154f4c:c17]
16:10:42.579 [grpc-default-executor-6] ERROR DNAudit - user=null | ip=null | op=PUT_BLOCK {blockData=[blockId=conID: 1 locID: 102542594395799566 bcsId: 0,size=800]} | ret=FAILURE
org.apache.hadoop.hdds.scm.container.common.helpers.ContainerNotOpenException: Container 1 in CLOSING state
	at org.apache.hadoop.ozone.container.common.impl.HddsDispatcher.validateContainerCommand(HddsDispatcher.java:408) ~[hadoop-hdds-container-service-0.4.1-SNAPSHOT.jar:?]
	at org.apache.hadoop.ozone.container.common.transport.server.ratis.ContainerStateMachine.startTransaction(ContainerStateMachine.java:288) ~[hadoop-hdds-container-service-0.4.1-SNAPSHOT.jar:?]
	at org.apache.ratis.server.impl.RaftServerImpl.submitClientRequestAsync(RaftServerImpl.java:566) ~[ratis-server-0.4.0-2337318-SNAPSHOT.jar:0.4.0-2337318-SNAPSHOT]
	at org.apache.ratis.server.impl.RaftServerProxy.lambda$submitClientRequestAsync$7(RaftServerProxy.java:333) ~[ratis-server-0.4.0-2337318-SNAPSHOT.jar:0.4.0-2337318-SNAPSHOT]
	at org.apache.ratis.server.impl.RaftServerProxy.lambda$null$5(RaftServerProxy.java:328) ~[ratis-server-0.4.0-2337318-SNAPSHOT.jar:0.4.0-2337318-SNAPSHOT]
	at org.apache.ratis.util.JavaUtils.callAsUnchecked(JavaUtils.java:109) ~[ratis-common-0.4.0-2337318-SNAPSHOT.jar:0.4.0-2337318-SNAPSHOT]
	at org.apache.ratis.server.impl.RaftServerProxy.lambda$submitRequest$6(RaftServerProxy.java:328) ~[ratis-server-0.4.0-2337318-SNAPSHOT.jar:0.4.0-2337318-SNAPSHOT]
	at java.util.concurrent.CompletableFuture.uniComposeStage(CompletableFuture.java:981) ~[?:1.8.0_212]
	at java.util.concurrent.CompletableFuture.thenCompose(CompletableFuture.java:2124) ~[?:1.8.0_212]
	at org.apache.ratis.server.impl.RaftServerProxy.submitRequest(RaftServerProxy.java:327) ~[ratis-server-0.4.0-2337318-SNAPSHOT.jar:0.4.0-2337318-SNAPSHOT]
	at org.apache.ratis.server.impl.RaftServerProxy.submitClientRequestAsync(RaftServerProxy.java:333) ~[ratis-server-0.4.0-2337318-SNAPSHOT.jar:0.4.0-2337318-SNAPSHOT]
	at org.apache.ratis.grpc.client.GrpcClientProtocolService$RequestStreamObserver.processClientRequest(GrpcClientProtocolService.java:220) ~[ratis-grpc-0.4.0-2337318-SNAPSHOT.jar:0.4.0-2337318-SNAPSHOT]
	at org.apache.ratis.grpc.client.GrpcClientProtocolService$OrderedRequestStreamObserver.processClientRequest(GrpcClientProtocolService.java:326) ~[ratis-grpc-0.4.0-2337318-SNAPSHOT.jar:0.4.0-2337318-SNAPSHOT]
	at org.apache.ratis.util.SlidingWindow$Server.processRequestsFromHead(SlidingWindow.java:429) [ratis-common-0.4.0-2337318-SNAPSHOT.jar:0.4.0-2337318-SNAPSHOT]
	at org.apache.ratis.util.SlidingWindow$Server.receivedRequest(SlidingWindow.java:421) [ratis-common-0.4.0-2337318-SNAPSHOT.jar:0.4.0-2337318-SNAPSHOT]
	at org.apache.ratis.grpc.client.GrpcClientProtocolService$OrderedRequestStreamObserver.processClientRequest(GrpcClientProtocolService.java:345) [ratis-grpc-0.4.0-2337318-SNAPSHOT.jar:0.4.0-2337318-SNAPSHOT]
	at org.apache.ratis.grpc.client.GrpcClientProtocolService$RequestStreamObserver.onNext(GrpcClientProtocolService.java:240) [ratis-grpc-0.4.0-2337318-SNAPSHOT.jar:0.4.0-2337318-SNAPSHOT]
	at org.apache.ratis.grpc.client.GrpcClientProtocolService$RequestStreamObserver.onNext(GrpcClientProtocolService.java:168) [ratis-grpc-0.4.0-2337318-SNAPSHOT.jar:0.4.0-2337318-SNAPSHOT]
	at org.apache.ratis.thirdparty.io.grpc.stub.ServerCalls$StreamingServerCallHandler$StreamingServerCallListener.onMessage(ServerCalls.java:248) [ratis-thirdparty-misc-0.2.0.jar:0.2.0]
	at org.apache.ratis.thirdparty.io.grpc.internal.ServerCallImpl$ServerStreamListenerImpl.messagesAvailable(ServerCallImpl.java:263) [ratis-thirdparty-misc-0.2.0.jar:0.2.0]
	at org.apache.ratis.thirdparty.io.grpc.internal.ServerImpl$JumpToApplicationThreadServerStreamListener$1MessagesAvailable.runInContext(ServerImpl.java:686) [ratis-thirdparty-misc-0.2.0.jar:0.2.0]
	at org.apache.ratis.thirdparty.io.grpc.internal.ContextRunnable.run(ContextRunnable.java:37) [ratis-thirdparty-misc-0.2.0.jar:0.2.0]
	at org.apache.ratis.thirdparty.io.grpc.internal.SerializingExecutor.run(SerializingExecutor.java:123) [ratis-thirdparty-misc-0.2.0.jar:0.2.0]
	at java.util.concurrent.ThreadPoolExecutor.runWorker(ThreadPoolExecutor.java:1149) [?:1.8.0_212]
	at java.util.concurrent.ThreadPoolExecutor$Worker.run(ThreadPoolExecutor.java:624) [?:1.8.0_212]
	at java.lang.Thread.run(Thread.java:748) [?:1.8.0_212]
2019-08-01 16:10:42,604 INFO  client.GrpcClientProtocolClient (GrpcClientProtocolClient.java:onNext(255)) - client-8A2374E62C44->a2b0b871-5a56-4d55-be94-a0c23679df5a: receive RaftClientReply:client-8A2374E62C44->a2b0b871-5a56-4d55-be94-a0c23679df5a@group-E7FEA55496FF, cid=188, FAILED org.apache.ratis.protocol.StateMachineException: org.apache.hadoop.hdds.scm.container.common.helpers.ContainerNotOpenException from Server a2b0b871-5a56-4d55-be94-a0c23679df5a: Container 1 in CLOSING state, logIndex=0, commits[a2b0b871-5a56-4d55-be94-a0c23679df5a:c18, f869cb8a-3af6-447d-9fc7-4131cd544fff:c16, 2a71459f-3024-44de-b2e6-f891a8154f4c:c17]
2019-08-01 16:10:42,605 INFO  client.GrpcClientProtocolClient (GrpcClientProtocolClient.java:onNext(255)) - client-8A2374E62C44->a2b0b871-5a56-4d55-be94-a0c23679df5a: receive RaftClientReply:client-8A2374E62C44->a2b0b871-5a56-4d55-be94-a0c23679df5a@group-E7FEA55496FF, cid=189, FAILED org.apache.ratis.protocol.StateMachineException: org.apache.hadoop.hdds.scm.container.common.helpers.ContainerNotOpenException from Server a2b0b871-5a56-4d55-be94-a0c23679df5a: Container 1 in CLOSING state, logIndex=0, commits[a2b0b871-5a56-4d55-be94-a0c23679df5a:c18, f869cb8a-3af6-447d-9fc7-4131cd544fff:c16, 2a71459f-3024-44de-b2e6-f891a8154f4c:c17]
2019-08-01 16:10:42,659 INFO  client.GrpcClientProtocolClient (GrpcClientProtocolClient.java:onNext(255)) - client-E368500CEBDC->976271c6-8508-4caf-a7ed-e6a4d951a8cc: receive RaftClientReply:client-E368500CEBDC->976271c6-8508-4caf-a7ed-e6a4d951a8cc@group-3DE3A72B8F07, cid=190, FAILED org.apache.ratis.protocol.NotLeaderException: Server 976271c6-8508-4caf-a7ed-e6a4d951a8cc is not the leader (58c3945a-c064-4e78-aad5-24c1380eaaf1:192.168.157.209:40194). Request must be sent to leader., logIndex=0, commits[976271c6-8508-4caf-a7ed-e6a4d951a8cc:c0, 58c3945a-c064-4e78-aad5-24c1380eaaf1:c0, 8f792503-75b4-459c-8926-4d158fd32eed:c0]
2019-08-01 16:10:42,849 INFO  client.GrpcClientProtocolClient (GrpcClientProtocolClient.java:onNext(255)) - client-E368500CEBDC->58c3945a-c064-4e78-aad5-24c1380eaaf1: receive RaftClientReply:client-E368500CEBDC->58c3945a-c064-4e78-aad5-24c1380eaaf1@group-3DE3A72B8F07, cid=190, SUCCESS, logIndex=1, commits[58c3945a-c064-4e78-aad5-24c1380eaaf1:c1, 976271c6-8508-4caf-a7ed-e6a4d951a8cc:c0, 8f792503-75b4-459c-8926-4d158fd32eed:c0]
2019-08-01 16:10:42,863 INFO  client.GrpcClientProtocolClient (GrpcClientProtocolClient.java:onNext(255)) - client-E368500CEBDC->58c3945a-c064-4e78-aad5-24c1380eaaf1: receive RaftClientReply:client-E368500CEBDC->58c3945a-c064-4e78-aad5-24c1380eaaf1@group-3DE3A72B8F07, cid=191, SUCCESS, logIndex=3, commits[58c3945a-c064-4e78-aad5-24c1380eaaf1:c5, 976271c6-8508-4caf-a7ed-e6a4d951a8cc:c1, 8f792503-75b4-459c-8926-4d158fd32eed:c1]
2019-08-01 16:10:42,916 INFO  client.GrpcClientProtocolClient (GrpcClientProtocolClient.java:onNext(255)) - client-E368500CEBDC->58c3945a-c064-4e78-aad5-24c1380eaaf1: receive RaftClientReply:client-E368500CEBDC->58c3945a-c064-4e78-aad5-24c1380eaaf1@group-3DE3A72B8F07, cid=192, SUCCESS, logIndex=4, commits[58c3945a-c064-4e78-aad5-24c1380eaaf1:c11, 976271c6-8508-4caf-a7ed-e6a4d951a8cc:c7, 8f792503-75b4-459c-8926-4d158fd32eed:c7]
2019-08-01 16:10:42,917 INFO  client.GrpcClientProtocolClient (GrpcClientProtocolClient.java:onNext(255)) - client-E368500CEBDC->58c3945a-c064-4e78-aad5-24c1380eaaf1: receive RaftClientReply:client-E368500CEBDC->58c3945a-c064-4e78-aad5-24c1380eaaf1@group-3DE3A72B8F07, cid=193, SUCCESS, logIndex=5, commits[58c3945a-c064-4e78-aad5-24c1380eaaf1:c11, 976271c6-8508-4caf-a7ed-e6a4d951a8cc:c7, 8f792503-75b4-459c-8926-4d158fd32eed:c7]
2019-08-01 16:10:42,917 INFO  client.GrpcClientProtocolClient (GrpcClientProtocolClient.java:onNext(255)) - client-E368500CEBDC->58c3945a-c064-4e78-aad5-24c1380eaaf1: receive RaftClientReply:client-E368500CEBDC->58c3945a-c064-4e78-aad5-24c1380eaaf1@group-3DE3A72B8F07, cid=194, SUCCESS, logIndex=6, commits[58c3945a-c064-4e78-aad5-24c1380eaaf1:c11, 976271c6-8508-4caf-a7ed-e6a4d951a8cc:c7, 8f792503-75b4-459c-8926-4d158fd32eed:c7]
2019-08-01 16:10:43,009 INFO  client.GrpcClientProtocolClient (GrpcClientProtocolClient.java:onNext(255)) - client-E368500CEBDC->58c3945a-c064-4e78-aad5-24c1380eaaf1: receive RaftClientReply:client-E368500CEBDC->58c3945a-c064-4e78-aad5-24c1380eaaf1@group-3DE3A72B8F07, cid=195, SUCCESS, logIndex=7, commits[58c3945a-c064-4e78-aad5-24c1380eaaf1:c11, 976271c6-8508-4caf-a7ed-e6a4d951a8cc:c7, 8f792503-75b4-459c-8926-4d158fd32eed:c7]
2019-08-01 16:10:43,028 INFO  client.GrpcClientProtocolClient (GrpcClientProtocolClient.java:onNext(255)) - client-E368500CEBDC->58c3945a-c064-4e78-aad5-24c1380eaaf1: receive RaftClientReply:client-E368500CEBDC->58c3945a-c064-4e78-aad5-24c1380eaaf1@group-3DE3A72B8F07, cid=196, SUCCESS, logIndex=12, commits[58c3945a-c064-4e78-aad5-24c1380eaaf1:c13, 976271c6-8508-4caf-a7ed-e6a4d951a8cc:c11, 8f792503-75b4-459c-8926-4d158fd32eed:c11]
2019-08-01 16:10:43,029 INFO  client.GrpcClientProtocolClient (GrpcClientProtocolClient.java:onNext(255)) - client-E368500CEBDC->58c3945a-c064-4e78-aad5-24c1380eaaf1: receive RaftClientReply:client-E368500CEBDC->58c3945a-c064-4e78-aad5-24c1380eaaf1@group-3DE3A72B8F07, cid=197, SUCCESS, logIndex=13, commits[58c3945a-c064-4e78-aad5-24c1380eaaf1:c13, 976271c6-8508-4caf-a7ed-e6a4d951a8cc:c11, 8f792503-75b4-459c-8926-4d158fd32eed:c11]
2019-08-01 16:10:43,044 INFO  client.GrpcClientProtocolClient (GrpcClientProtocolClient.java:onNext(255)) - client-E368500CEBDC->58c3945a-c064-4e78-aad5-24c1380eaaf1: receive RaftClientReply:client-E368500CEBDC->58c3945a-c064-4e78-aad5-24c1380eaaf1@group-3DE3A72B8F07, cid=198, SUCCESS, logIndex=0, commits[58c3945a-c064-4e78-aad5-24c1380eaaf1:c14, 976271c6-8508-4caf-a7ed-e6a4d951a8cc:c13, 8f792503-75b4-459c-8926-4d158fd32eed:c13]
2019-08-01 16:10:43,045 INFO  ozone.MiniOzoneClusterImpl (MiniOzoneClusterImpl.java:shutdown(321)) - Shutting down the Mini Ozone Cluster
2019-08-01 16:10:43,046 INFO  ozone.MiniOzoneClusterImpl (MiniOzoneClusterImpl.java:stop(336)) - Stopping the Mini Ozone Cluster
2019-08-01 16:10:43,046 INFO  ozone.MiniOzoneClusterImpl (MiniOzoneClusterImpl.java:stop(338)) - Stopping the OzoneManager
2019-08-01 16:10:43,046 INFO  ipc.Server (Server.java:stop(3082)) - Stopping server on 34826
2019-08-01 16:10:43,061 INFO  ipc.Server (Server.java:run(1185)) - Stopping IPC Server listener on 34826
2019-08-01 16:10:43,064 INFO  ipc.Server (Server.java:run(1319)) - Stopping IPC Server Responder
2019-08-01 16:10:43,064 INFO  utils.BackgroundService (BackgroundService.java:shutdown(148)) - Shutting down service KeyDeletingService
2019-08-01 16:10:43,102 INFO  handler.ContextHandler (ContextHandler.java:doStop(910)) - Stopped o.e.j.w.WebAppContext@5457123a{/,null,UNAVAILABLE}{/ozoneManager}
2019-08-01 16:10:43,103 INFO  server.AbstractConnector (AbstractConnector.java:doStop(318)) - Stopped ServerConnector@4690a37e{HTTP/1.1,[http/1.1]}{0.0.0.0:0}
2019-08-01 16:10:43,103 INFO  handler.ContextHandler (ContextHandler.java:doStop(910)) - Stopped o.e.j.s.ServletContextHandler@492e9e87{/static,file:///workdir/hadoop-ozone/integration-test/target/test-classes/webapps/static,UNAVAILABLE}
2019-08-01 16:10:43,104 INFO  handler.ContextHandler (ContextHandler.java:doStop(910)) - Stopped o.e.j.s.ServletContextHandler@3e2ee637{/logs,file:///workdir/hadoop-ozone/integration-test/target/log,UNAVAILABLE}
2019-08-01 16:10:43,107 INFO  ozone.MiniOzoneClusterImpl (MiniOzoneClusterImpl.java:stop(344)) - Shutting the HddsDatanodes
2019-08-01 16:10:43,107 INFO  datanode.ObjectStoreHandler (ObjectStoreHandler.java:close(155)) - Closing ObjectStoreHandler.
2019-08-01 16:10:43,108 INFO  datanode.ObjectStoreHandler (ObjectStoreHandler.java:close(155)) - Closing ObjectStoreHandler.
2019-08-01 16:10:43,108 INFO  ozone.HddsDatanodeService (HddsDatanodeService.java:stop(451)) - Stopped plug-in org.apache.hadoop.ozone.web.OzoneHddsDatanodeService@6347ebbc
2019-08-01 16:10:43,108 INFO  ozone.HddsDatanodeService (HddsDatanodeService.java:stop(451)) - Stopped plug-in org.apache.hadoop.ozone.web.OzoneHddsDatanodeService@68c05c5b
2019-08-01 16:10:43,830 INFO  statemachine.DatanodeStateMachine (DatanodeStateMachine.java:lambda$startDaemon$0(350)) - Ozone container server started.
2019-08-01 16:10:44,062 INFO  statemachine.DatanodeStateMachine (DatanodeStateMachine.java:lambda$startDaemon$0(350)) - Ozone container server started.
2019-08-01 16:10:44,638 WARN  server.GrpcLogAppender (LogUtils.java:warn(134)) - a2b0b871-5a56-4d55-be94-a0c23679df5a->f869cb8a-3af6-447d-9fc7-4131cd544fff: Failed appendEntries: org.apache.ratis.thirdparty.io.grpc.StatusRuntimeException: UNAVAILABLE: io exception
2019-08-01 16:10:44,638 INFO  impl.FollowerInfo (FollowerInfo.java:lambda$new$0(50)) - a2b0b871-5a56-4d55-be94-a0c23679df5a->f869cb8a-3af6-447d-9fc7-4131cd544fff: nextIndex: updateUnconditionally 1 -> 0
2019-08-01 16:10:47,138 WARN  server.GrpcLogAppender (LogUtils.java:warn(134)) - a2b0b871-5a56-4d55-be94-a0c23679df5a->f869cb8a-3af6-447d-9fc7-4131cd544fff: Failed appendEntries: org.apache.ratis.thirdparty.io.grpc.StatusRuntimeException: UNAVAILABLE: io exception
2019-08-01 16:10:47,139 INFO  impl.FollowerInfo (FollowerInfo.java:lambda$new$0(50)) - a2b0b871-5a56-4d55-be94-a0c23679df5a->f869cb8a-3af6-447d-9fc7-4131cd544fff: nextIndex: updateUnconditionally 0 -> 0
2019-08-01 16:10:47,913 INFO  node.StaleNodeHandler (StaleNodeHandler.java:onMessage(58)) - Datanode 976271c6-8508-4caf-a7ed-e6a4d951a8cc{ip: 192.168.157.209, host: byscane-nightly-hwqnr-1260472869, networkLocation: /default-rack, certSerialId: null} moved to stale state. Finalizing its pipelines [PipelineID=51b363a3-cc06-4bb7-9bec-3de3a72b8f07, PipelineID=0f84ac60-1829-4917-b616-863daabfc52d]
2019-08-01 16:10:47,914 INFO  pipeline.SCMPipelineManager (SCMPipelineManager.java:finalizeAndDestroyPipeline(309)) - destroying pipeline:Pipeline[ Id: 51b363a3-cc06-4bb7-9bec-3de3a72b8f07, Nodes: 976271c6-8508-4caf-a7ed-e6a4d951a8cc{ip: 192.168.157.209, host: byscane-nightly-hwqnr-1260472869, networkLocation: /default-rack, certSerialId: null}58c3945a-c064-4e78-aad5-24c1380eaaf1{ip: 192.168.157.209, host: byscane-nightly-hwqnr-1260472869, networkLocation: /default-rack, certSerialId: null}8f792503-75b4-459c-8926-4d158fd32eed{ip: 192.168.157.209, host: byscane-nightly-hwqnr-1260472869, networkLocation: /default-rack, certSerialId: null}, Type:RATIS, Factor:THREE, State:OPEN]
2019-08-01 16:10:47,914 INFO  pipeline.PipelineStateManager (PipelineStateManager.java:finalizePipeline(123)) - Pipeline Pipeline[ Id: 51b363a3-cc06-4bb7-9bec-3de3a72b8f07, Nodes: 976271c6-8508-4caf-a7ed-e6a4d951a8cc{ip: 192.168.157.209, host: byscane-nightly-hwqnr-1260472869, networkLocation: /default-rack, certSerialId: null}58c3945a-c064-4e78-aad5-24c1380eaaf1{ip: 192.168.157.209, host: byscane-nightly-hwqnr-1260472869, networkLocation: /default-rack, certSerialId: null}8f792503-75b4-459c-8926-4d158fd32eed{ip: 192.168.157.209, host: byscane-nightly-hwqnr-1260472869, networkLocation: /default-rack, certSerialId: null}, Type:RATIS, Factor:THREE, State:CLOSED] moved to CLOSED state
2019-08-01 16:10:47,914 INFO  container.CloseContainerEventHandler (CloseContainerEventHandler.java:onMessage(61)) - Close container Event triggered for container : #2
2019-08-01 16:10:47,914 INFO  pipeline.SCMPipelineManager (SCMPipelineManager.java:finalizeAndDestroyPipeline(309)) - destroying pipeline:Pipeline[ Id: 0f84ac60-1829-4917-b616-863daabfc52d, Nodes: 976271c6-8508-4caf-a7ed-e6a4d951a8cc{ip: 192.168.157.209, host: byscane-nightly-hwqnr-1260472869, networkLocation: /default-rack, certSerialId: null}, Type:RATIS, Factor:ONE, State:OPEN]
2019-08-01 16:10:47,915 INFO  pipeline.PipelineStateManager (PipelineStateManager.java:finalizePipeline(123)) - Pipeline Pipeline[ Id: 0f84ac60-1829-4917-b616-863daabfc52d, Nodes: 976271c6-8508-4caf-a7ed-e6a4d951a8cc{ip: 192.168.157.209, host: byscane-nightly-hwqnr-1260472869, networkLocation: /default-rack, certSerialId: null}, Type:RATIS, Factor:ONE, State:CLOSED] moved to CLOSED state
2019-08-01 16:10:48,109 INFO  ozoneimpl.OzoneContainer (OzoneContainer.java:stop(199)) - Attempting to stop container services.
2019-08-01 16:10:48,109 INFO  ozoneimpl.OzoneContainer (OzoneContainer.java:stop(199)) - Attempting to stop container services.
2019-08-01 16:10:48,110 INFO  impl.RaftServerProxy (RaftServerProxy.java:lambda$close$4(314)) - 2a71459f-3024-44de-b2e6-f891a8154f4c: close
2019-08-01 16:10:48,110 INFO  impl.RaftServerProxy (RaftServerProxy.java:lambda$close$4(314)) - 976271c6-8508-4caf-a7ed-e6a4d951a8cc: close
2019-08-01 16:10:48,110 INFO  impl.RaftServerImpl (RaftServerImpl.java:lambda$shutdown$3(245)) - 2a71459f-3024-44de-b2e6-f891a8154f4c: shutdown group-AA73C7626F4A
2019-08-01 16:10:48,114 INFO  node.StaleNodeHandler (StaleNodeHandler.java:onMessage(58)) - Datanode 2a71459f-3024-44de-b2e6-f891a8154f4c{ip: 192.168.157.209, host: byscane-nightly-hwqnr-1260472869, networkLocation: /default-rack, certSerialId: null} moved to stale state. Finalizing its pipelines [PipelineID=f1b10967-f499-4ddc-84df-aa73c7626f4a, PipelineID=9d68420c-281e-4022-a014-e7fea55496ff]
2019-08-01 16:10:48,110 INFO  impl.RaftServerImpl (RaftServerImpl.java:lambda$shutdown$3(245)) - 976271c6-8508-4caf-a7ed-e6a4d951a8cc: shutdown group-3DE3A72B8F07
2019-08-01 16:10:48,115 INFO  pipeline.SCMPipelineManager (SCMPipelineManager.java:finalizeAndDestroyPipeline(309)) - destroying pipeline:Pipeline[ Id: f1b10967-f499-4ddc-84df-aa73c7626f4a, Nodes: 2a71459f-3024-44de-b2e6-f891a8154f4c{ip: 192.168.157.209, host: byscane-nightly-hwqnr-1260472869, networkLocation: /default-rack, certSerialId: null}, Type:RATIS, Factor:ONE, State:OPEN]
2019-08-01 16:10:48,114 INFO  util.JmxRegister (JmxRegister.java:unregister(73)) - Successfully un-registered JMX Bean with object name Ratis:service=RaftServer,group=group-AA73C7626F4A,id=2a71459f-3024-44de-b2e6-f891a8154f4c
2019-08-01 16:10:48,116 INFO  impl.RoleInfo (RoleInfo.java:shutdownLeaderState(104)) - 2a71459f-3024-44de-b2e6-f891a8154f4c: shutdown LeaderState
2019-08-01 16:10:48,115 INFO  pipeline.PipelineStateManager (PipelineStateManager.java:finalizePipeline(123)) - Pipeline Pipeline[ Id: f1b10967-f499-4ddc-84df-aa73c7626f4a, Nodes: 2a71459f-3024-44de-b2e6-f891a8154f4c{ip: 192.168.157.209, host: byscane-nightly-hwqnr-1260472869, networkLocation: /default-rack, certSerialId: null}, Type:RATIS, Factor:ONE, State:CLOSED] moved to CLOSED state
2019-08-01 16:10:48,115 INFO  util.JmxRegister (JmxRegister.java:unregister(73)) - Successfully un-registered JMX Bean with object name Ratis:service=RaftServer,group=group-3DE3A72B8F07,id=976271c6-8508-4caf-a7ed-e6a4d951a8cc
2019-08-01 16:10:48,116 INFO  pipeline.SCMPipelineManager (SCMPipelineManager.java:finalizeAndDestroyPipeline(309)) - destroying pipeline:Pipeline[ Id: 9d68420c-281e-4022-a014-e7fea55496ff, Nodes: f869cb8a-3af6-447d-9fc7-4131cd544fff{ip: 192.168.157.209, host: byscane-nightly-hwqnr-1260472869, networkLocation: /default-rack, certSerialId: null}a2b0b871-5a56-4d55-be94-a0c23679df5a{ip: 192.168.157.209, host: byscane-nightly-hwqnr-1260472869, networkLocation: /default-rack, certSerialId: null}2a71459f-3024-44de-b2e6-f891a8154f4c{ip: 192.168.157.209, host: byscane-nightly-hwqnr-1260472869, networkLocation: /default-rack, certSerialId: null}, Type:RATIS, Factor:THREE, State:CLOSED]
2019-08-01 16:10:48,116 INFO  impl.PendingRequests (PendingRequests.java:sendNotLeaderResponses(202)) - 2a71459f-3024-44de-b2e6-f891a8154f4c-PendingRequests: sendNotLeaderResponses
2019-08-01 16:10:48,117 INFO  impl.RoleInfo (RoleInfo.java:shutdownFollowerState(121)) - 976271c6-8508-4caf-a7ed-e6a4d951a8cc: shutdown FollowerState
2019-08-01 16:10:48,117 INFO  impl.StateMachineUpdater (StateMachineUpdater.java:stopAndJoin(115)) - StateMachineUpdater:2a71459f-3024-44de-b2e6-f891a8154f4c:group-AA73C7626F4A: set stopIndex = 0
2019-08-01 16:10:48,118 INFO  ratis.ContainerStateMachine (ContainerStateMachine.java:takeSnapshot(262)) - group-3DE3A72B8F07: Taking a snapshot at:(t:1, i:13) file /workdir/hadoop-ozone/integration-test/target/test-dir/MiniOzoneClusterImpl-6929c718-98ba-4c80-af26-32389b17b551/datanode-1/data/ratis/51b363a3-cc06-4bb7-9bec-3de3a72b8f07/sm/snapshot.1_13
2019-08-01 16:10:48,118 INFO  impl.FollowerState (FollowerState.java:run(114)) - 976271c6-8508-4caf-a7ed-e6a4d951a8cc: FollowerState was interrupted: java.lang.InterruptedException: sleep interrupted
2019-08-01 16:10:48,118 INFO  impl.StateMachineUpdater (StateMachineUpdater.java:stopAndJoin(115)) - StateMachineUpdater:976271c6-8508-4caf-a7ed-e6a4d951a8cc:group-3DE3A72B8F07: set stopIndex = 15
2019-08-01 16:10:48,118 INFO  impl.RaftServerImpl (ServerState.java:close(394)) - 2a71459f-3024-44de-b2e6-f891a8154f4c:group-AA73C7626F4A closes. The last applied log index is 0
2019-08-01 16:10:48,122 INFO  segmented.SegmentedRaftLogWorker (SegmentedRaftLogWorker.java:run(313)) - 2a71459f-3024-44de-b2e6-f891a8154f4c-SegmentedRaftLogWorker:Storage Directory /workdir/hadoop-ozone/integration-test/target/test-dir/MiniOzoneClusterImpl-6929c718-98ba-4c80-af26-32389b17b551/datanode-4/data/ratis/f1b10967-f499-4ddc-84df-aa73c7626f4a was interrupted, exiting. There are 0 tasks remaining in the queue.
2019-08-01 16:10:48,130 INFO  segmented.SegmentedRaftLogWorker (SegmentedRaftLogWorker.java:close(228)) - 2a71459f-3024-44de-b2e6-f891a8154f4c-SegmentedRaftLogWorker:Storage Directory /workdir/hadoop-ozone/integration-test/target/test-dir/MiniOzoneClusterImpl-6929c718-98ba-4c80-af26-32389b17b551/datanode-4/data/ratis/f1b10967-f499-4ddc-84df-aa73c7626f4a close()
2019-08-01 16:10:48,135 INFO  ratis.ContainerStateMachine (ContainerStateMachine.java:takeSnapshot(273)) - group-3DE3A72B8F07: Finished taking a snapshot at:(t:1, i:13) file:/workdir/hadoop-ozone/integration-test/target/test-dir/MiniOzoneClusterImpl-6929c718-98ba-4c80-af26-32389b17b551/datanode-1/data/ratis/51b363a3-cc06-4bb7-9bec-3de3a72b8f07/sm/snapshot.1_13 time:18
2019-08-01 16:10:48,135 INFO  impl.RaftServerImpl (RaftServerImpl.java:lambda$shutdown$3(245)) - 2a71459f-3024-44de-b2e6-f891a8154f4c: shutdown group-E7FEA55496FF
2019-08-01 16:10:48,136 INFO  util.JmxRegister (JmxRegister.java:unregister(73)) - Successfully un-registered JMX Bean with object name Ratis:service=RaftServer,group=group-E7FEA55496FF,id=2a71459f-3024-44de-b2e6-f891a8154f4c
2019-08-01 16:10:48,136 INFO  impl.RoleInfo (RoleInfo.java:shutdownFollowerState(121)) - 2a71459f-3024-44de-b2e6-f891a8154f4c: shutdown FollowerState
2019-08-01 16:10:48,137 INFO  impl.StateMachineUpdater (StateMachineUpdater.java:stopAndJoin(115)) - StateMachineUpdater:2a71459f-3024-44de-b2e6-f891a8154f4c:group-E7FEA55496FF: set stopIndex = 18
2019-08-01 16:10:48,135 INFO  impl.StateMachineUpdater (StateMachineUpdater.java:takeSnapshot(242)) - StateMachineUpdater:976271c6-8508-4caf-a7ed-e6a4d951a8cc:group-3DE3A72B8F07: Took a snapshot at index 13
2019-08-01 16:10:48,137 INFO  impl.FollowerState (FollowerState.java:run(114)) - 2a71459f-3024-44de-b2e6-f891a8154f4c: FollowerState was interrupted: java.lang.InterruptedException: sleep interrupted
2019-08-01 16:10:48,137 INFO  ratis.ContainerStateMachine (ContainerStateMachine.java:takeSnapshot(262)) - group-E7FEA55496FF: Taking a snapshot at:(t:1, i:14) file /workdir/hadoop-ozone/integration-test/target/test-dir/MiniOzoneClusterImpl-6929c718-98ba-4c80-af26-32389b17b551/datanode-4/data/ratis/9d68420c-281e-4022-a014-e7fea55496ff/sm/snapshot.1_14
2019-08-01 16:10:48,137 INFO  impl.StateMachineUpdater (StateMachineUpdater.java:lambda$new$0(80)) - StateMachineUpdater:976271c6-8508-4caf-a7ed-e6a4d951a8cc:group-3DE3A72B8F07: snapshotIndex: updateIncreasingly -1 -> 13
2019-08-01 16:10:48,140 INFO  impl.RaftServerImpl (ServerState.java:close(394)) - 976271c6-8508-4caf-a7ed-e6a4d951a8cc:group-3DE3A72B8F07 closes. The last applied log index is 15
2019-08-01 16:10:48,141 INFO  segmented.SegmentedRaftLogWorker (SegmentedRaftLogWorker.java:run(313)) - 976271c6-8508-4caf-a7ed-e6a4d951a8cc-SegmentedRaftLogWorker:Storage Directory /workdir/hadoop-ozone/integration-test/target/test-dir/MiniOzoneClusterImpl-6929c718-98ba-4c80-af26-32389b17b551/datanode-1/data/ratis/51b363a3-cc06-4bb7-9bec-3de3a72b8f07 was interrupted, exiting. There are 0 tasks remaining in the queue.
2019-08-01 16:10:48,143 INFO  segmented.SegmentedRaftLogWorker (SegmentedRaftLogWorker.java:close(228)) - 976271c6-8508-4caf-a7ed-e6a4d951a8cc-SegmentedRaftLogWorker:Storage Directory /workdir/hadoop-ozone/integration-test/target/test-dir/MiniOzoneClusterImpl-6929c718-98ba-4c80-af26-32389b17b551/datanode-1/data/ratis/51b363a3-cc06-4bb7-9bec-3de3a72b8f07 close()
2019-08-01 16:10:48,147 INFO  impl.RaftServerImpl (RaftServerImpl.java:lambda$shutdown$3(245)) - 976271c6-8508-4caf-a7ed-e6a4d951a8cc: shutdown group-863DAABFC52D
2019-08-01 16:10:48,148 INFO  util.JmxRegister (JmxRegister.java:unregister(73)) - Successfully un-registered JMX Bean with object name Ratis:service=RaftServer,group=group-863DAABFC52D,id=976271c6-8508-4caf-a7ed-e6a4d951a8cc
2019-08-01 16:10:48,148 INFO  impl.RoleInfo (RoleInfo.java:shutdownLeaderState(104)) - 976271c6-8508-4caf-a7ed-e6a4d951a8cc: shutdown LeaderState
2019-08-01 16:10:48,148 INFO  impl.PendingRequests (PendingRequests.java:sendNotLeaderResponses(202)) - 976271c6-8508-4caf-a7ed-e6a4d951a8cc-PendingRequests: sendNotLeaderResponses
2019-08-01 16:10:48,149 INFO  impl.StateMachineUpdater (StateMachineUpdater.java:stopAndJoin(115)) - StateMachineUpdater:976271c6-8508-4caf-a7ed-e6a4d951a8cc:group-863DAABFC52D: set stopIndex = 0
2019-08-01 16:10:48,149 INFO  impl.RaftServerImpl (ServerState.java:close(394)) - 976271c6-8508-4caf-a7ed-e6a4d951a8cc:group-863DAABFC52D closes. The last applied log index is 0
2019-08-01 16:10:48,149 INFO  segmented.SegmentedRaftLogWorker (SegmentedRaftLogWorker.java:run(313)) - 976271c6-8508-4caf-a7ed-e6a4d951a8cc-SegmentedRaftLogWorker:Storage Directory /workdir/hadoop-ozone/integration-test/target/test-dir/MiniOzoneClusterImpl-6929c718-98ba-4c80-af26-32389b17b551/datanode-1/data/ratis/0f84ac60-1829-4917-b616-863daabfc52d was interrupted, exiting. There are 0 tasks remaining in the queue.
2019-08-01 16:10:48,152 INFO  segmented.SegmentedRaftLogWorker (SegmentedRaftLogWorker.java:close(228)) - 976271c6-8508-4caf-a7ed-e6a4d951a8cc-SegmentedRaftLogWorker:Storage Directory /workdir/hadoop-ozone/integration-test/target/test-dir/MiniOzoneClusterImpl-6929c718-98ba-4c80-af26-32389b17b551/datanode-1/data/ratis/0f84ac60-1829-4917-b616-863daabfc52d close()
2019-08-01 16:10:48,155 INFO  ratis.ContainerStateMachine (ContainerStateMachine.java:takeSnapshot(273)) - group-E7FEA55496FF: Finished taking a snapshot at:(t:1, i:14) file:/workdir/hadoop-ozone/integration-test/target/test-dir/MiniOzoneClusterImpl-6929c718-98ba-4c80-af26-32389b17b551/datanode-4/data/ratis/9d68420c-281e-4022-a014-e7fea55496ff/sm/snapshot.1_14 time:18
2019-08-01 16:10:48,157 INFO  server.GrpcService (GrpcService.java:closeImpl(155)) - 976271c6-8508-4caf-a7ed-e6a4d951a8cc: shutdown server with port 38959 now
2019-08-01 16:10:48,157 INFO  impl.StateMachineUpdater (StateMachineUpdater.java:takeSnapshot(242)) - StateMachineUpdater:2a71459f-3024-44de-b2e6-f891a8154f4c:group-E7FEA55496FF: Took a snapshot at index 14
2019-08-01 16:10:48,157 INFO  impl.StateMachineUpdater (StateMachineUpdater.java:lambda$new$0(80)) - StateMachineUpdater:2a71459f-3024-44de-b2e6-f891a8154f4c:group-E7FEA55496FF: snapshotIndex: updateIncreasingly -1 -> 14
2019-08-01 16:10:48,158 INFO  impl.RaftServerImpl (ServerState.java:close(394)) - 2a71459f-3024-44de-b2e6-f891a8154f4c:group-E7FEA55496FF closes. The last applied log index is 18
2019-08-01 16:10:48,158 INFO  server.GrpcService (GrpcService.java:closeImpl(163)) - 976271c6-8508-4caf-a7ed-e6a4d951a8cc: shutdown server with port 38959 successfully
2019-08-01 16:10:48,158 WARN  server.GrpcServerProtocolService (LogUtils.java:warn(134)) - 976271c6-8508-4caf-a7ed-e6a4d951a8cc: appendEntries onError: org.apache.ratis.thirdparty.io.grpc.StatusRuntimeException: CANCELLED: cancelled before receiving half close
2019-08-01 16:10:48,158 INFO  segmented.SegmentedRaftLogWorker (SegmentedRaftLogWorker.java:run(313)) - 2a71459f-3024-44de-b2e6-f891a8154f4c-SegmentedRaftLogWorker:Storage Directory /workdir/hadoop-ozone/integration-test/target/test-dir/MiniOzoneClusterImpl-6929c718-98ba-4c80-af26-32389b17b551/datanode-4/data/ratis/9d68420c-281e-4022-a014-e7fea55496ff was interrupted, exiting. There are 0 tasks remaining in the queue.
2019-08-01 16:10:48,158 WARN  server.GrpcLogAppender (LogUtils.java:warn(134)) - 58c3945a-c064-4e78-aad5-24c1380eaaf1->976271c6-8508-4caf-a7ed-e6a4d951a8cc: Failed appendEntries: org.apache.ratis.thirdparty.io.grpc.StatusRuntimeException: CANCELLED: HTTP/2 error code: CANCEL
Received Rst Stream
2019-08-01 16:10:48,159 INFO  impl.FollowerInfo (FollowerInfo.java:lambda$new$0(50)) - 58c3945a-c064-4e78-aad5-24c1380eaaf1->976271c6-8508-4caf-a7ed-e6a4d951a8cc: nextIndex: updateUnconditionally 16 -> 15
2019-08-01 16:10:48,162 INFO  segmented.SegmentedRaftLogWorker (SegmentedRaftLogWorker.java:close(228)) - 2a71459f-3024-44de-b2e6-f891a8154f4c-SegmentedRaftLogWorker:Storage Directory /workdir/hadoop-ozone/integration-test/target/test-dir/MiniOzoneClusterImpl-6929c718-98ba-4c80-af26-32389b17b551/datanode-4/data/ratis/9d68420c-281e-4022-a014-e7fea55496ff close()
2019-08-01 16:10:48,166 INFO  server.GrpcService (GrpcService.java:closeImpl(155)) - 2a71459f-3024-44de-b2e6-f891a8154f4c: shutdown server with port 38343 now
2019-08-01 16:10:48,166 INFO  utils.BackgroundService (BackgroundService.java:shutdown(148)) - Shutting down service BlockDeletingService
2019-08-01 16:10:48,167 WARN  server.GrpcServerProtocolService (LogUtils.java:warn(134)) - 2a71459f-3024-44de-b2e6-f891a8154f4c: appendEntries onError: org.apache.ratis.thirdparty.io.grpc.StatusRuntimeException: CANCELLED: cancelled before receiving half close
2019-08-01 16:10:48,167 INFO  server.GrpcService (GrpcService.java:closeImpl(163)) - 2a71459f-3024-44de-b2e6-f891a8154f4c: shutdown server with port 38343 successfully
2019-08-01 16:10:48,168 WARN  server.GrpcLogAppender (LogUtils.java:warn(134)) - a2b0b871-5a56-4d55-be94-a0c23679df5a->2a71459f-3024-44de-b2e6-f891a8154f4c: Failed appendEntries: org.apache.ratis.thirdparty.io.grpc.StatusRuntimeException: CANCELLED: HTTP/2 error code: CANCEL
Received Rst Stream
2019-08-01 16:10:48,168 WARN  fs.CachingGetSpaceUsed (CachingGetSpaceUsed.java:run(183)) - Thread Interrupted waiting to refresh disk information: sleep interrupted
2019-08-01 16:10:48,168 INFO  impl.FollowerInfo (FollowerInfo.java:lambda$new$0(50)) - a2b0b871-5a56-4d55-be94-a0c23679df5a->2a71459f-3024-44de-b2e6-f891a8154f4c: nextIndex: updateUnconditionally 19 -> 18
2019-08-01 16:10:48,170 INFO  utils.BackgroundService (BackgroundService.java:shutdown(148)) - Shutting down service BlockDeletingService
2019-08-01 16:10:48,177 WARN  fs.CachingGetSpaceUsed (CachingGetSpaceUsed.java:run(183)) - Thread Interrupted waiting to refresh disk information: sleep interrupted
2019-08-01 16:10:48,195 INFO  statemachine.DatanodeStateMachine (DatanodeStateMachine.java:stopDaemon(395)) - Ozone container server stopped.
2019-08-01 16:10:48,197 INFO  statemachine.DatanodeStateMachine (DatanodeStateMachine.java:stopDaemon(395)) - Ozone container server stopped.
2019-08-01 16:10:48,202 INFO  handler.ContextHandler (ContextHandler.java:doStop(910)) - Stopped o.e.j.w.WebAppContext@feb57b4{/,null,UNAVAILABLE}{/hddsDatanode}
2019-08-01 16:10:48,203 INFO  handler.ContextHandler (ContextHandler.java:doStop(910)) - Stopped o.e.j.w.WebAppContext@18f493d7{/,null,UNAVAILABLE}{/hddsDatanode}
2019-08-01 16:10:48,203 INFO  server.AbstractConnector (AbstractConnector.java:doStop(318)) - Stopped ServerConnector@7893b8c{HTTP/1.1,[http/1.1]}{0.0.0.0:0}
2019-08-01 16:10:48,205 INFO  server.AbstractConnector (AbstractConnector.java:doStop(318)) - Stopped ServerConnector@2d036335{HTTP/1.1,[http/1.1]}{0.0.0.0:0}
2019-08-01 16:10:48,205 INFO  handler.ContextHandler (ContextHandler.java:doStop(910)) - Stopped o.e.j.s.ServletContextHandler@5ace902e{/static,jar:file:/home/user/.m2/repository/org/apache/hadoop/hadoop-hdds-container-service/0.4.1-SNAPSHOT/hadoop-hdds-container-service-0.4.1-SNAPSHOT.jar!/webapps/static,UNAVAILABLE}
2019-08-01 16:10:48,206 INFO  handler.ContextHandler (ContextHandler.java:doStop(910)) - Stopped o.e.j.s.ServletContextHandler@4adb2b87{/static,jar:file:/home/user/.m2/repository/org/apache/hadoop/hadoop-hdds-container-service/0.4.1-SNAPSHOT/hadoop-hdds-container-service-0.4.1-SNAPSHOT.jar!/webapps/static,UNAVAILABLE}
2019-08-01 16:10:48,207 INFO  handler.ContextHandler (ContextHandler.java:doStop(910)) - Stopped o.e.j.s.ServletContextHandler@68b4e7b5{/logs,file:///workdir/hadoop-ozone/integration-test/target/log,UNAVAILABLE}
2019-08-01 16:10:48,208 INFO  handler.ContextHandler (ContextHandler.java:doStop(910)) - Stopped o.e.j.s.ServletContextHandler@64648af1{/logs,file:///workdir/hadoop-ozone/integration-test/target/log,UNAVAILABLE}
2019-08-01 16:10:48,209 INFO  datanode.ObjectStoreHandler (ObjectStoreHandler.java:close(155)) - Closing ObjectStoreHandler.
2019-08-01 16:10:48,210 INFO  datanode.ObjectStoreHandler (ObjectStoreHandler.java:close(155)) - Closing ObjectStoreHandler.
2019-08-01 16:10:48,210 INFO  ozone.HddsDatanodeService (HddsDatanodeService.java:stop(451)) - Stopped plug-in org.apache.hadoop.ozone.web.OzoneHddsDatanodeService@67d6bb59
2019-08-01 16:10:48,210 INFO  ozone.HddsDatanodeService (HddsDatanodeService.java:stop(451)) - Stopped plug-in org.apache.hadoop.ozone.web.OzoneHddsDatanodeService@571360b2
2019-08-01 16:10:48,830 INFO  statemachine.DatanodeStateMachine (DatanodeStateMachine.java:lambda$startDaemon$0(350)) - Ozone container server started.
2019-08-01 16:10:49,062 INFO  statemachine.DatanodeStateMachine (DatanodeStateMachine.java:lambda$startDaemon$0(350)) - Ozone container server started.
2019-08-01 16:10:49,639 WARN  server.GrpcLogAppender (LogUtils.java:warn(134)) - a2b0b871-5a56-4d55-be94-a0c23679df5a->f869cb8a-3af6-447d-9fc7-4131cd544fff: Failed appendEntries: org.apache.ratis.thirdparty.io.grpc.StatusRuntimeException: UNAVAILABLE: io exception
2019-08-01 16:10:49,639 INFO  impl.FollowerInfo (FollowerInfo.java:lambda$new$0(50)) - a2b0b871-5a56-4d55-be94-a0c23679df5a->f869cb8a-3af6-447d-9fc7-4131cd544fff: nextIndex: updateUnconditionally 0 -> 0
2019-08-01 16:10:49,640 WARN  server.GrpcLogAppender (LogUtils.java:warn(134)) - a2b0b871-5a56-4d55-be94-a0c23679df5a->2a71459f-3024-44de-b2e6-f891a8154f4c: Failed appendEntries: org.apache.ratis.thirdparty.io.grpc.StatusRuntimeException: UNAVAILABLE: io exception
2019-08-01 16:10:49,641 INFO  impl.FollowerInfo (FollowerInfo.java:lambda$new$0(50)) - a2b0b871-5a56-4d55-be94-a0c23679df5a->2a71459f-3024-44de-b2e6-f891a8154f4c: nextIndex: updateUnconditionally 18 -> 17
2019-08-01 16:10:50,551 WARN  server.GrpcLogAppender (LogUtils.java:warn(134)) - 58c3945a-c064-4e78-aad5-24c1380eaaf1->976271c6-8508-4caf-a7ed-e6a4d951a8cc: Failed appendEntries: org.apache.ratis.thirdparty.io.grpc.StatusRuntimeException: UNAVAILABLE: io exception
2019-08-01 16:10:50,551 INFO  impl.FollowerInfo (FollowerInfo.java:lambda$new$0(50)) - 58c3945a-c064-4e78-aad5-24c1380eaaf1->976271c6-8508-4caf-a7ed-e6a4d951a8cc: nextIndex: updateUnconditionally 15 -> 14
2019-08-01 16:10:52,140 WARN  server.GrpcLogAppender (LogUtils.java:warn(134)) - a2b0b871-5a56-4d55-be94-a0c23679df5a->f869cb8a-3af6-447d-9fc7-4131cd544fff: Failed appendEntries: org.apache.ratis.thirdparty.io.grpc.StatusRuntimeException: UNAVAILABLE: io exception
2019-08-01 16:10:52,140 INFO  impl.FollowerInfo (FollowerInfo.java:lambda$new$0(50)) - a2b0b871-5a56-4d55-be94-a0c23679df5a->f869cb8a-3af6-447d-9fc7-4131cd544fff: nextIndex: updateUnconditionally 0 -> 0
2019-08-01 16:10:52,141 WARN  server.GrpcLogAppender (LogUtils.java:warn(134)) - a2b0b871-5a56-4d55-be94-a0c23679df5a->2a71459f-3024-44de-b2e6-f891a8154f4c: Failed appendEntries: org.apache.ratis.thirdparty.io.grpc.StatusRuntimeException: UNAVAILABLE: io exception
2019-08-01 16:10:52,141 INFO  impl.FollowerInfo (FollowerInfo.java:lambda$new$0(50)) - a2b0b871-5a56-4d55-be94-a0c23679df5a->2a71459f-3024-44de-b2e6-f891a8154f4c: nextIndex: updateUnconditionally 17 -> 16
2019-08-01 16:10:52,920 INFO  node.StaleNodeHandler (StaleNodeHandler.java:onMessage(58)) - Datanode 58c3945a-c064-4e78-aad5-24c1380eaaf1{ip: 192.168.157.209, host: byscane-nightly-hwqnr-1260472869, networkLocation: /default-rack, certSerialId: null} moved to stale state. Finalizing its pipelines [PipelineID=b1c4b920-8239-4a50-ae66-0205c1cf5563, PipelineID=51b363a3-cc06-4bb7-9bec-3de3a72b8f07]
2019-08-01 16:10:52,921 INFO  pipeline.SCMPipelineManager (SCMPipelineManager.java:finalizeAndDestroyPipeline(309)) - destroying pipeline:Pipeline[ Id: b1c4b920-8239-4a50-ae66-0205c1cf5563, Nodes: 58c3945a-c064-4e78-aad5-24c1380eaaf1{ip: 192.168.157.209, host: byscane-nightly-hwqnr-1260472869, networkLocation: /default-rack, certSerialId: null}, Type:RATIS, Factor:ONE, State:OPEN]
2019-08-01 16:10:52,921 INFO  pipeline.PipelineStateManager (PipelineStateManager.java:finalizePipeline(123)) - Pipeline Pipeline[ Id: b1c4b920-8239-4a50-ae66-0205c1cf5563, Nodes: 58c3945a-c064-4e78-aad5-24c1380eaaf1{ip: 192.168.157.209, host: byscane-nightly-hwqnr-1260472869, networkLocation: /default-rack, certSerialId: null}, Type:RATIS, Factor:ONE, State:CLOSED] moved to CLOSED state
2019-08-01 16:10:52,921 INFO  pipeline.SCMPipelineManager (SCMPipelineManager.java:finalizeAndDestroyPipeline(309)) - destroying pipeline:Pipeline[ Id: 51b363a3-cc06-4bb7-9bec-3de3a72b8f07, Nodes: 976271c6-8508-4caf-a7ed-e6a4d951a8cc{ip: 192.168.157.209, host: byscane-nightly-hwqnr-1260472869, networkLocation: /default-rack, certSerialId: null}58c3945a-c064-4e78-aad5-24c1380eaaf1{ip: 192.168.157.209, host: byscane-nightly-hwqnr-1260472869, networkLocation: /default-rack, certSerialId: null}8f792503-75b4-459c-8926-4d158fd32eed{ip: 192.168.157.209, host: byscane-nightly-hwqnr-1260472869, networkLocation: /default-rack, certSerialId: null}, Type:RATIS, Factor:THREE, State:CLOSED]
2019-08-01 16:10:53,052 WARN  server.GrpcLogAppender (LogUtils.java:warn(134)) - 58c3945a-c064-4e78-aad5-24c1380eaaf1->976271c6-8508-4caf-a7ed-e6a4d951a8cc: Failed appendEntries: org.apache.ratis.thirdparty.io.grpc.StatusRuntimeException: UNAVAILABLE: io exception
2019-08-01 16:10:53,052 INFO  impl.FollowerInfo (FollowerInfo.java:lambda$new$0(50)) - 58c3945a-c064-4e78-aad5-24c1380eaaf1->976271c6-8508-4caf-a7ed-e6a4d951a8cc: nextIndex: updateUnconditionally 14 -> 13
2019-08-01 16:10:53,121 INFO  node.StaleNodeHandler (StaleNodeHandler.java:onMessage(58)) - Datanode a2b0b871-5a56-4d55-be94-a0c23679df5a{ip: 192.168.157.209, host: byscane-nightly-hwqnr-1260472869, networkLocation: /default-rack, certSerialId: null} moved to stale state. Finalizing its pipelines [PipelineID=b43bf347-e61f-4ede-95b8-f4cc0df45c9a, PipelineID=9d68420c-281e-4022-a014-e7fea55496ff]
2019-08-01 16:10:53,121 INFO  pipeline.SCMPipelineManager (SCMPipelineManager.java:finalizeAndDestroyPipeline(309)) - destroying pipeline:Pipeline[ Id: b43bf347-e61f-4ede-95b8-f4cc0df45c9a, Nodes: a2b0b871-5a56-4d55-be94-a0c23679df5a{ip: 192.168.157.209, host: byscane-nightly-hwqnr-1260472869, networkLocation: /default-rack, certSerialId: null}, Type:RATIS, Factor:ONE, State:OPEN]
2019-08-01 16:10:53,121 INFO  pipeline.PipelineStateManager (PipelineStateManager.java:finalizePipeline(123)) - Pipeline Pipeline[ Id: b43bf347-e61f-4ede-95b8-f4cc0df45c9a, Nodes: a2b0b871-5a56-4d55-be94-a0c23679df5a{ip: 192.168.157.209, host: byscane-nightly-hwqnr-1260472869, networkLocation: /default-rack, certSerialId: null}, Type:RATIS, Factor:ONE, State:CLOSED] moved to CLOSED state
2019-08-01 16:10:53,121 INFO  pipeline.SCMPipelineManager (SCMPipelineManager.java:finalizeAndDestroyPipeline(309)) - destroying pipeline:Pipeline[ Id: 9d68420c-281e-4022-a014-e7fea55496ff, Nodes: f869cb8a-3af6-447d-9fc7-4131cd544fff{ip: 192.168.157.209, host: byscane-nightly-hwqnr-1260472869, networkLocation: /default-rack, certSerialId: null}a2b0b871-5a56-4d55-be94-a0c23679df5a{ip: 192.168.157.209, host: byscane-nightly-hwqnr-1260472869, networkLocation: /default-rack, certSerialId: null}2a71459f-3024-44de-b2e6-f891a8154f4c{ip: 192.168.157.209, host: byscane-nightly-hwqnr-1260472869, networkLocation: /default-rack, certSerialId: null}, Type:RATIS, Factor:THREE, State:CLOSED]
2019-08-01 16:10:53,211 INFO  ozoneimpl.OzoneContainer (OzoneContainer.java:stop(199)) - Attempting to stop container services.
2019-08-01 16:10:53,211 INFO  ozoneimpl.OzoneContainer (OzoneContainer.java:stop(199)) - Attempting to stop container services.
2019-08-01 16:10:53,211 INFO  impl.RaftServerProxy (RaftServerProxy.java:lambda$close$4(314)) - 58c3945a-c064-4e78-aad5-24c1380eaaf1: close
2019-08-01 16:10:53,211 INFO  impl.RaftServerProxy (RaftServerProxy.java:lambda$close$4(314)) - a2b0b871-5a56-4d55-be94-a0c23679df5a: close
2019-08-01 16:10:53,212 INFO  impl.RaftServerImpl (RaftServerImpl.java:lambda$shutdown$3(245)) - 58c3945a-c064-4e78-aad5-24c1380eaaf1: shutdown group-0205C1CF5563
2019-08-01 16:10:53,212 INFO  impl.RaftServerImpl (RaftServerImpl.java:lambda$shutdown$3(245)) - a2b0b871-5a56-4d55-be94-a0c23679df5a: shutdown group-F4CC0DF45C9A
2019-08-01 16:10:53,212 INFO  util.JmxRegister (JmxRegister.java:unregister(73)) - Successfully un-registered JMX Bean with object name Ratis:service=RaftServer,group=group-0205C1CF5563,id=58c3945a-c064-4e78-aad5-24c1380eaaf1
2019-08-01 16:10:53,213 INFO  util.JmxRegister (JmxRegister.java:unregister(73)) - Successfully un-registered JMX Bean with object name Ratis:service=RaftServer,group=group-F4CC0DF45C9A,id=a2b0b871-5a56-4d55-be94-a0c23679df5a
2019-08-01 16:10:53,213 INFO  impl.RoleInfo (RoleInfo.java:shutdownLeaderState(104)) - 58c3945a-c064-4e78-aad5-24c1380eaaf1: shutdown LeaderState
2019-08-01 16:10:53,213 INFO  impl.RoleInfo (RoleInfo.java:shutdownLeaderState(104)) - a2b0b871-5a56-4d55-be94-a0c23679df5a: shutdown LeaderState
2019-08-01 16:10:53,214 INFO  impl.PendingRequests (PendingRequests.java:sendNotLeaderResponses(202)) - 58c3945a-c064-4e78-aad5-24c1380eaaf1-PendingRequests: sendNotLeaderResponses
2019-08-01 16:10:53,214 INFO  impl.PendingRequests (PendingRequests.java:sendNotLeaderResponses(202)) - a2b0b871-5a56-4d55-be94-a0c23679df5a-PendingRequests: sendNotLeaderResponses
2019-08-01 16:10:53,215 INFO  impl.StateMachineUpdater (StateMachineUpdater.java:stopAndJoin(115)) - StateMachineUpdater:58c3945a-c064-4e78-aad5-24c1380eaaf1:group-0205C1CF5563: set stopIndex = 0
2019-08-01 16:10:53,215 INFO  impl.StateMachineUpdater (StateMachineUpdater.java:stopAndJoin(115)) - StateMachineUpdater:a2b0b871-5a56-4d55-be94-a0c23679df5a:group-F4CC0DF45C9A: set stopIndex = 0
2019-08-01 16:10:53,215 INFO  impl.RaftServerImpl (ServerState.java:close(394)) - 58c3945a-c064-4e78-aad5-24c1380eaaf1:group-0205C1CF5563 closes. The last applied log index is 0
2019-08-01 16:10:53,216 INFO  impl.RaftServerImpl (ServerState.java:close(394)) - a2b0b871-5a56-4d55-be94-a0c23679df5a:group-F4CC0DF45C9A closes. The last applied log index is 0
2019-08-01 16:10:53,216 INFO  segmented.SegmentedRaftLogWorker (SegmentedRaftLogWorker.java:run(313)) - 58c3945a-c064-4e78-aad5-24c1380eaaf1-SegmentedRaftLogWorker:Storage Directory /workdir/hadoop-ozone/integration-test/target/test-dir/MiniOzoneClusterImpl-6929c718-98ba-4c80-af26-32389b17b551/datanode-2/data/ratis/b1c4b920-8239-4a50-ae66-0205c1cf5563 was interrupted, exiting. There are 0 tasks remaining in the queue.
2019-08-01 16:10:53,216 INFO  segmented.SegmentedRaftLogWorker (SegmentedRaftLogWorker.java:run(313)) - a2b0b871-5a56-4d55-be94-a0c23679df5a-SegmentedRaftLogWorker:Storage Directory /workdir/hadoop-ozone/integration-test/target/test-dir/MiniOzoneClusterImpl-6929c718-98ba-4c80-af26-32389b17b551/datanode-3/data/ratis/b43bf347-e61f-4ede-95b8-f4cc0df45c9a was interrupted, exiting. There are 0 tasks remaining in the queue.
2019-08-01 16:10:53,220 INFO  segmented.SegmentedRaftLogWorker (SegmentedRaftLogWorker.java:close(228)) - 58c3945a-c064-4e78-aad5-24c1380eaaf1-SegmentedRaftLogWorker:Storage Directory /workdir/hadoop-ozone/integration-test/target/test-dir/MiniOzoneClusterImpl-6929c718-98ba-4c80-af26-32389b17b551/datanode-2/data/ratis/b1c4b920-8239-4a50-ae66-0205c1cf5563 close()
2019-08-01 16:10:53,222 INFO  segmented.SegmentedRaftLogWorker (SegmentedRaftLogWorker.java:close(228)) - a2b0b871-5a56-4d55-be94-a0c23679df5a-SegmentedRaftLogWorker:Storage Directory /workdir/hadoop-ozone/integration-test/target/test-dir/MiniOzoneClusterImpl-6929c718-98ba-4c80-af26-32389b17b551/datanode-3/data/ratis/b43bf347-e61f-4ede-95b8-f4cc0df45c9a close()
2019-08-01 16:10:53,226 INFO  impl.RaftServerImpl (RaftServerImpl.java:lambda$shutdown$3(245)) - 58c3945a-c064-4e78-aad5-24c1380eaaf1: shutdown group-3DE3A72B8F07
2019-08-01 16:10:53,230 INFO  impl.RaftServerImpl (RaftServerImpl.java:lambda$shutdown$3(245)) - a2b0b871-5a56-4d55-be94-a0c23679df5a: shutdown group-E7FEA55496FF
2019-08-01 16:10:53,230 INFO  util.JmxRegister (JmxRegister.java:unregister(73)) - Successfully un-registered JMX Bean with object name Ratis:service=RaftServer,group=group-3DE3A72B8F07,id=58c3945a-c064-4e78-aad5-24c1380eaaf1
2019-08-01 16:10:53,230 INFO  util.JmxRegister (JmxRegister.java:unregister(73)) - Successfully un-registered JMX Bean with object name Ratis:service=RaftServer,group=group-E7FEA55496FF,id=a2b0b871-5a56-4d55-be94-a0c23679df5a
2019-08-01 16:10:53,231 INFO  impl.RoleInfo (RoleInfo.java:shutdownLeaderState(104)) - 58c3945a-c064-4e78-aad5-24c1380eaaf1: shutdown LeaderState
2019-08-01 16:10:53,231 INFO  impl.RoleInfo (RoleInfo.java:shutdownLeaderState(104)) - a2b0b871-5a56-4d55-be94-a0c23679df5a: shutdown LeaderState
2019-08-01 16:10:53,235 WARN  server.GrpcLogAppender (GrpcLogAppender.java:mayWait(143)) - GrpcLogAppender(58c3945a-c064-4e78-aad5-24c1380eaaf1->8f792503-75b4-459c-8926-4d158fd32eed): Wait interrupted by java.lang.InterruptedException
2019-08-01 16:10:53,239 INFO  impl.PendingRequests (PendingRequests.java:sendNotLeaderResponses(202)) - a2b0b871-5a56-4d55-be94-a0c23679df5a-PendingRequests: sendNotLeaderResponses
2019-08-01 16:10:53,235 WARN  server.GrpcLogAppender (GrpcLogAppender.java:mayWait(143)) - GrpcLogAppender(58c3945a-c064-4e78-aad5-24c1380eaaf1->976271c6-8508-4caf-a7ed-e6a4d951a8cc): Wait interrupted by java.lang.InterruptedException
2019-08-01 16:10:53,239 INFO  ratis.ContainerStateMachine (ContainerStateMachine.java:takeSnapshot(262)) - group-E7FEA55496FF: Taking a snapshot at:(t:1, i:14) file /workdir/hadoop-ozone/integration-test/target/test-dir/MiniOzoneClusterImpl-6929c718-98ba-4c80-af26-32389b17b551/datanode-3/data/ratis/9d68420c-281e-4022-a014-e7fea55496ff/sm/snapshot.1_14
2019-08-01 16:10:53,235 INFO  impl.PendingRequests (PendingRequests.java:sendNotLeaderResponses(202)) - 58c3945a-c064-4e78-aad5-24c1380eaaf1-PendingRequests: sendNotLeaderResponses
2019-08-01 16:10:53,239 INFO  impl.StateMachineUpdater (StateMachineUpdater.java:stopAndJoin(115)) - StateMachineUpdater:a2b0b871-5a56-4d55-be94-a0c23679df5a:group-E7FEA55496FF: set stopIndex = 18
2019-08-01 16:10:53,239 INFO  server.GrpcServerProtocolService (GrpcServerProtocolService.java:onCompleted(104)) - 8f792503-75b4-459c-8926-4d158fd32eed: appendEntries completed
2019-08-01 16:10:53,239 WARN  server.GrpcLogAppender (GrpcLogAppender.java:mayWait(143)) - GrpcLogAppender(a2b0b871-5a56-4d55-be94-a0c23679df5a->2a71459f-3024-44de-b2e6-f891a8154f4c): Wait interrupted by java.lang.InterruptedException
2019-08-01 16:10:53,239 WARN  server.GrpcLogAppender (GrpcLogAppender.java:mayWait(143)) - GrpcLogAppender(a2b0b871-5a56-4d55-be94-a0c23679df5a->f869cb8a-3af6-447d-9fc7-4131cd544fff): Wait interrupted by java.lang.InterruptedException
2019-08-01 16:10:53,244 INFO  server.GrpcLogAppender (GrpcLogAppender.java:onCompleted(292)) - 58c3945a-c064-4e78-aad5-24c1380eaaf1->8f792503-75b4-459c-8926-4d158fd32eed: follower responses appendEntries COMPLETED
2019-08-01 16:10:53,243 INFO  ratis.ContainerStateMachine (ContainerStateMachine.java:takeSnapshot(262)) - group-3DE3A72B8F07: Taking a snapshot at:(t:1, i:13) file /workdir/hadoop-ozone/integration-test/target/test-dir/MiniOzoneClusterImpl-6929c718-98ba-4c80-af26-32389b17b551/datanode-2/data/ratis/51b363a3-cc06-4bb7-9bec-3de3a72b8f07/sm/snapshot.1_13
2019-08-01 16:10:53,243 INFO  impl.StateMachineUpdater (StateMachineUpdater.java:stopAndJoin(115)) - StateMachineUpdater:58c3945a-c064-4e78-aad5-24c1380eaaf1:group-3DE3A72B8F07: set stopIndex = 15
2019-08-01 16:10:53,245 INFO  impl.FollowerInfo (FollowerInfo.java:lambda$new$0(50)) - 58c3945a-c064-4e78-aad5-24c1380eaaf1->8f792503-75b4-459c-8926-4d158fd32eed: nextIndex: updateUnconditionally 16 -> 15
2019-08-01 16:10:53,257 INFO  ratis.ContainerStateMachine (ContainerStateMachine.java:takeSnapshot(273)) - group-E7FEA55496FF: Finished taking a snapshot at:(t:1, i:14) file:/workdir/hadoop-ozone/integration-test/target/test-dir/MiniOzoneClusterImpl-6929c718-98ba-4c80-af26-32389b17b551/datanode-3/data/ratis/9d68420c-281e-4022-a014-e7fea55496ff/sm/snapshot.1_14 time:17
2019-08-01 16:10:53,257 INFO  impl.StateMachineUpdater (StateMachineUpdater.java:takeSnapshot(242)) - StateMachineUpdater:a2b0b871-5a56-4d55-be94-a0c23679df5a:group-E7FEA55496FF: Took a snapshot at index 14
2019-08-01 16:10:53,257 INFO  ratis.ContainerStateMachine (ContainerStateMachine.java:takeSnapshot(273)) - group-3DE3A72B8F07: Finished taking a snapshot at:(t:1, i:13) file:/workdir/hadoop-ozone/integration-test/target/test-dir/MiniOzoneClusterImpl-6929c718-98ba-4c80-af26-32389b17b551/datanode-2/data/ratis/51b363a3-cc06-4bb7-9bec-3de3a72b8f07/sm/snapshot.1_13 time:13
2019-08-01 16:10:53,257 INFO  impl.StateMachineUpdater (StateMachineUpdater.java:lambda$new$0(80)) - StateMachineUpdater:a2b0b871-5a56-4d55-be94-a0c23679df5a:group-E7FEA55496FF: snapshotIndex: updateIncreasingly -1 -> 14
2019-08-01 16:10:53,257 INFO  impl.StateMachineUpdater (StateMachineUpdater.java:takeSnapshot(242)) - StateMachineUpdater:58c3945a-c064-4e78-aad5-24c1380eaaf1:group-3DE3A72B8F07: Took a snapshot at index 13
2019-08-01 16:10:53,257 INFO  impl.StateMachineUpdater (StateMachineUpdater.java:lambda$new$0(80)) - StateMachineUpdater:58c3945a-c064-4e78-aad5-24c1380eaaf1:group-3DE3A72B8F07: snapshotIndex: updateIncreasingly -1 -> 13
2019-08-01 16:10:53,258 INFO  impl.RaftServerImpl (ServerState.java:close(394)) - a2b0b871-5a56-4d55-be94-a0c23679df5a:group-E7FEA55496FF closes. The last applied log index is 18
2019-08-01 16:10:53,258 INFO  impl.RaftServerImpl (ServerState.java:close(394)) - 58c3945a-c064-4e78-aad5-24c1380eaaf1:group-3DE3A72B8F07 closes. The last applied log index is 15
2019-08-01 16:10:53,258 INFO  segmented.SegmentedRaftLogWorker (SegmentedRaftLogWorker.java:run(313)) - a2b0b871-5a56-4d55-be94-a0c23679df5a-SegmentedRaftLogWorker:Storage Directory /workdir/hadoop-ozone/integration-test/target/test-dir/MiniOzoneClusterImpl-6929c718-98ba-4c80-af26-32389b17b551/datanode-3/data/ratis/9d68420c-281e-4022-a014-e7fea55496ff was interrupted, exiting. There are 0 tasks remaining in the queue.
2019-08-01 16:10:53,259 INFO  segmented.SegmentedRaftLogWorker (SegmentedRaftLogWorker.java:run(313)) - 58c3945a-c064-4e78-aad5-24c1380eaaf1-SegmentedRaftLogWorker:Storage Directory /workdir/hadoop-ozone/integration-test/target/test-dir/MiniOzoneClusterImpl-6929c718-98ba-4c80-af26-32389b17b551/datanode-2/data/ratis/51b363a3-cc06-4bb7-9bec-3de3a72b8f07 was interrupted, exiting. There are 0 tasks remaining in the queue.
2019-08-01 16:10:53,260 INFO  segmented.SegmentedRaftLogWorker (SegmentedRaftLogWorker.java:close(228)) - a2b0b871-5a56-4d55-be94-a0c23679df5a-SegmentedRaftLogWorker:Storage Directory /workdir/hadoop-ozone/integration-test/target/test-dir/MiniOzoneClusterImpl-6929c718-98ba-4c80-af26-32389b17b551/datanode-3/data/ratis/9d68420c-281e-4022-a014-e7fea55496ff close()
2019-08-01 16:10:53,262 INFO  segmented.SegmentedRaftLogWorker (SegmentedRaftLogWorker.java:close(228)) - 58c3945a-c064-4e78-aad5-24c1380eaaf1-SegmentedRaftLogWorker:Storage Directory /workdir/hadoop-ozone/integration-test/target/test-dir/MiniOzoneClusterImpl-6929c718-98ba-4c80-af26-32389b17b551/datanode-2/data/ratis/51b363a3-cc06-4bb7-9bec-3de3a72b8f07 close()
2019-08-01 16:10:53,274 INFO  server.GrpcService (GrpcService.java:closeImpl(155)) - a2b0b871-5a56-4d55-be94-a0c23679df5a: shutdown server with port 37192 now
2019-08-01 16:10:53,275 INFO  server.GrpcService (GrpcService.java:closeImpl(155)) - 58c3945a-c064-4e78-aad5-24c1380eaaf1: shutdown server with port 40194 now
2019-08-01 16:10:53,276 INFO  server.GrpcService (GrpcService.java:closeImpl(163)) - a2b0b871-5a56-4d55-be94-a0c23679df5a: shutdown server with port 37192 successfully
2019-08-01 16:10:53,278 WARN  client.GrpcClientProtocolService (LogUtils.java:warn(134)) - 1-UnorderedRequestStreamObserver1: onError: org.apache.ratis.thirdparty.io.grpc.StatusRuntimeException: CANCELLED: cancelled before receiving half close
2019-08-01 16:10:53,278 INFO  server.GrpcService (GrpcService.java:closeImpl(163)) - 58c3945a-c064-4e78-aad5-24c1380eaaf1: shutdown server with port 40194 successfully
2019-08-01 16:10:53,279 INFO  utils.BackgroundService (BackgroundService.java:shutdown(148)) - Shutting down service BlockDeletingService
2019-08-01 16:10:53,280 INFO  utils.BackgroundService (BackgroundService.java:shutdown(148)) - Shutting down service BlockDeletingService
2019-08-01 16:10:53,283 WARN  fs.CachingGetSpaceUsed (CachingGetSpaceUsed.java:run(183)) - Thread Interrupted waiting to refresh disk information: sleep interrupted
2019-08-01 16:10:53,283 WARN  fs.CachingGetSpaceUsed (CachingGetSpaceUsed.java:run(183)) - Thread Interrupted waiting to refresh disk information: sleep interrupted
2019-08-01 16:10:53,305 INFO  statemachine.DatanodeStateMachine (DatanodeStateMachine.java:stopDaemon(395)) - Ozone container server stopped.
2019-08-01 16:10:53,306 INFO  handler.ContextHandler (ContextHandler.java:doStop(910)) - Stopped o.e.j.w.WebAppContext@566dc0c3{/,null,UNAVAILABLE}{/hddsDatanode}
2019-08-01 16:10:53,310 INFO  statemachine.DatanodeStateMachine (DatanodeStateMachine.java:stopDaemon(395)) - Ozone container server stopped.
2019-08-01 16:10:53,311 INFO  server.AbstractConnector (AbstractConnector.java:doStop(318)) - Stopped ServerConnector@c925ae1{HTTP/1.1,[http/1.1]}{0.0.0.0:0}
2019-08-01 16:10:53,313 INFO  handler.ContextHandler (ContextHandler.java:doStop(910)) - Stopped o.e.j.s.ServletContextHandler@c42ee90{/static,jar:file:/home/user/.m2/repository/org/apache/hadoop/hadoop-hdds-container-service/0.4.1-SNAPSHOT/hadoop-hdds-container-service-0.4.1-SNAPSHOT.jar!/webapps/static,UNAVAILABLE}
2019-08-01 16:10:53,315 INFO  handler.ContextHandler (ContextHandler.java:doStop(910)) - Stopped o.e.j.s.ServletContextHandler@5713e35f{/logs,file:///workdir/hadoop-ozone/integration-test/target/log,UNAVAILABLE}
2019-08-01 16:10:53,315 INFO  handler.ContextHandler (ContextHandler.java:doStop(910)) - Stopped o.e.j.w.WebAppContext@4a1abba1{/,null,UNAVAILABLE}{/hddsDatanode}
2019-08-01 16:10:53,316 INFO  datanode.ObjectStoreHandler (ObjectStoreHandler.java:close(155)) - Closing ObjectStoreHandler.
2019-08-01 16:10:53,316 INFO  server.AbstractConnector (AbstractConnector.java:doStop(318)) - Stopped ServerConnector@67263db7{HTTP/1.1,[http/1.1]}{0.0.0.0:0}
2019-08-01 16:10:53,316 INFO  ozone.HddsDatanodeService (HddsDatanodeService.java:stop(451)) - Stopped plug-in org.apache.hadoop.ozone.web.OzoneHddsDatanodeService@3bf31f3e
2019-08-01 16:10:53,318 INFO  handler.ContextHandler (ContextHandler.java:doStop(910)) - Stopped o.e.j.s.ServletContextHandler@7d1b96b9{/static,jar:file:/home/user/.m2/repository/org/apache/hadoop/hadoop-hdds-container-service/0.4.1-SNAPSHOT/hadoop-hdds-container-service-0.4.1-SNAPSHOT.jar!/webapps/static,UNAVAILABLE}
2019-08-01 16:10:53,319 INFO  handler.ContextHandler (ContextHandler.java:doStop(910)) - Stopped o.e.j.s.ServletContextHandler@58d635de{/logs,file:///workdir/hadoop-ozone/integration-test/target/log,UNAVAILABLE}
2019-08-01 16:10:53,320 INFO  datanode.ObjectStoreHandler (ObjectStoreHandler.java:close(155)) - Closing ObjectStoreHandler.
2019-08-01 16:10:53,320 INFO  ozone.HddsDatanodeService (HddsDatanodeService.java:stop(451)) - Stopped plug-in org.apache.hadoop.ozone.web.OzoneHddsDatanodeService@2edc6690
2019-08-01 16:10:53,740 INFO  statemachine.DatanodeStateMachine (DatanodeStateMachine.java:lambda$startDaemon$0(350)) - Ozone container server started.
2019-08-01 16:10:53,848 INFO  statemachine.DatanodeStateMachine (DatanodeStateMachine.java:lambda$startDaemon$0(350)) - Ozone container server started.
2019-08-01 16:10:57,828 INFO  node.StaleNodeHandler (StaleNodeHandler.java:onMessage(58)) - Datanode 6c123193-9863-47d5-a357-7f0dbebba377{ip: 192.168.157.209, host: byscane-nightly-hwqnr-1260472869, networkLocation: /default-rack, certSerialId: null} moved to stale state. Finalizing its pipelines [PipelineID=ff0dbd3d-d31c-4179-951c-24f34742031a]
2019-08-01 16:10:57,828 INFO  pipeline.SCMPipelineManager (SCMPipelineManager.java:finalizeAndDestroyPipeline(309)) - destroying pipeline:Pipeline[ Id: ff0dbd3d-d31c-4179-951c-24f34742031a, Nodes: 6c123193-9863-47d5-a357-7f0dbebba377{ip: 192.168.157.209, host: byscane-nightly-hwqnr-1260472869, networkLocation: /default-rack, certSerialId: null}, Type:RATIS, Factor:ONE, State:OPEN]
2019-08-01 16:10:57,828 INFO  pipeline.PipelineStateManager (PipelineStateManager.java:finalizePipeline(123)) - Pipeline Pipeline[ Id: ff0dbd3d-d31c-4179-951c-24f34742031a, Nodes: 6c123193-9863-47d5-a357-7f0dbebba377{ip: 192.168.157.209, host: byscane-nightly-hwqnr-1260472869, networkLocation: /default-rack, certSerialId: null}, Type:RATIS, Factor:ONE, State:CLOSED] moved to CLOSED state
2019-08-01 16:10:57,928 INFO  node.StaleNodeHandler (StaleNodeHandler.java:onMessage(58)) - Datanode 8f792503-75b4-459c-8926-4d158fd32eed{ip: 192.168.157.209, host: byscane-nightly-hwqnr-1260472869, networkLocation: /default-rack, certSerialId: null} moved to stale state. Finalizing its pipelines [PipelineID=51b363a3-cc06-4bb7-9bec-3de3a72b8f07, PipelineID=9f1e8e9f-b95e-420c-a130-7c1a0140bce6]
2019-08-01 16:10:57,928 INFO  pipeline.SCMPipelineManager (SCMPipelineManager.java:finalizeAndDestroyPipeline(309)) - destroying pipeline:Pipeline[ Id: 51b363a3-cc06-4bb7-9bec-3de3a72b8f07, Nodes: 976271c6-8508-4caf-a7ed-e6a4d951a8cc{ip: 192.168.157.209, host: byscane-nightly-hwqnr-1260472869, networkLocation: /default-rack, certSerialId: null}58c3945a-c064-4e78-aad5-24c1380eaaf1{ip: 192.168.157.209, host: byscane-nightly-hwqnr-1260472869, networkLocation: /default-rack, certSerialId: null}8f792503-75b4-459c-8926-4d158fd32eed{ip: 192.168.157.209, host: byscane-nightly-hwqnr-1260472869, networkLocation: /default-rack, certSerialId: null}, Type:RATIS, Factor:THREE, State:CLOSED]
2019-08-01 16:10:57,928 INFO  pipeline.SCMPipelineManager (SCMPipelineManager.java:finalizeAndDestroyPipeline(309)) - destroying pipeline:Pipeline[ Id: 9f1e8e9f-b95e-420c-a130-7c1a0140bce6, Nodes: 8f792503-75b4-459c-8926-4d158fd32eed{ip: 192.168.157.209, host: byscane-nightly-hwqnr-1260472869, networkLocation: /default-rack, certSerialId: null}, Type:RATIS, Factor:ONE, State:OPEN]
2019-08-01 16:10:57,929 INFO  pipeline.PipelineStateManager (PipelineStateManager.java:finalizePipeline(123)) - Pipeline Pipeline[ Id: 9f1e8e9f-b95e-420c-a130-7c1a0140bce6, Nodes: 8f792503-75b4-459c-8926-4d158fd32eed{ip: 192.168.157.209, host: byscane-nightly-hwqnr-1260472869, networkLocation: /default-rack, certSerialId: null}, Type:RATIS, Factor:ONE, State:CLOSED] moved to CLOSED state
2019-08-01 16:10:58,318 INFO  ozoneimpl.OzoneContainer (OzoneContainer.java:stop(199)) - Attempting to stop container services.
2019-08-01 16:10:58,319 INFO  impl.RaftServerProxy (RaftServerProxy.java:lambda$close$4(314)) - 6c123193-9863-47d5-a357-7f0dbebba377: close
2019-08-01 16:10:58,320 INFO  impl.RaftServerImpl (RaftServerImpl.java:lambda$shutdown$3(245)) - 6c123193-9863-47d5-a357-7f0dbebba377: shutdown group-24F34742031A
2019-08-01 16:10:58,320 INFO  util.JmxRegister (JmxRegister.java:unregister(73)) - Successfully un-registered JMX Bean with object name Ratis:service=RaftServer,group=group-24F34742031A,id=6c123193-9863-47d5-a357-7f0dbebba377
2019-08-01 16:10:58,321 INFO  impl.RoleInfo (RoleInfo.java:shutdownLeaderState(104)) - 6c123193-9863-47d5-a357-7f0dbebba377: shutdown LeaderState
2019-08-01 16:10:58,321 INFO  impl.PendingRequests (PendingRequests.java:sendNotLeaderResponses(202)) - 6c123193-9863-47d5-a357-7f0dbebba377-PendingRequests: sendNotLeaderResponses
2019-08-01 16:10:58,321 INFO  ozoneimpl.OzoneContainer (OzoneContainer.java:stop(199)) - Attempting to stop container services.
2019-08-01 16:10:58,321 INFO  impl.StateMachineUpdater (StateMachineUpdater.java:stopAndJoin(115)) - StateMachineUpdater:6c123193-9863-47d5-a357-7f0dbebba377:group-24F34742031A: set stopIndex = 0
2019-08-01 16:10:58,322 INFO  impl.RaftServerProxy (RaftServerProxy.java:lambda$close$4(314)) - 8f792503-75b4-459c-8926-4d158fd32eed: close
2019-08-01 16:10:58,322 INFO  impl.RaftServerImpl (ServerState.java:close(394)) - 6c123193-9863-47d5-a357-7f0dbebba377:group-24F34742031A closes. The last applied log index is 0
2019-08-01 16:10:58,322 INFO  impl.RaftServerImpl (RaftServerImpl.java:lambda$shutdown$3(245)) - 8f792503-75b4-459c-8926-4d158fd32eed: shutdown group-3DE3A72B8F07
2019-08-01 16:10:58,323 INFO  segmented.SegmentedRaftLogWorker (SegmentedRaftLogWorker.java:run(313)) - 6c123193-9863-47d5-a357-7f0dbebba377-SegmentedRaftLogWorker:Storage Directory /workdir/hadoop-ozone/integration-test/target/test-dir/MiniOzoneClusterImpl-6929c718-98ba-4c80-af26-32389b17b551/datanode-6/data/ratis/ff0dbd3d-d31c-4179-951c-24f34742031a was interrupted, exiting. There are 0 tasks remaining in the queue.
2019-08-01 16:10:58,323 INFO  util.JmxRegister (JmxRegister.java:unregister(73)) - Successfully un-registered JMX Bean with object name Ratis:service=RaftServer,group=group-3DE3A72B8F07,id=8f792503-75b4-459c-8926-4d158fd32eed
2019-08-01 16:10:58,323 INFO  impl.RoleInfo (RoleInfo.java:shutdownFollowerState(121)) - 8f792503-75b4-459c-8926-4d158fd32eed: shutdown FollowerState
2019-08-01 16:10:58,323 INFO  impl.StateMachineUpdater (StateMachineUpdater.java:stopAndJoin(115)) - StateMachineUpdater:8f792503-75b4-459c-8926-4d158fd32eed:group-3DE3A72B8F07: set stopIndex = 15
2019-08-01 16:10:58,324 INFO  impl.FollowerState (FollowerState.java:run(114)) - 8f792503-75b4-459c-8926-4d158fd32eed: FollowerState was interrupted: java.lang.InterruptedException: sleep interrupted
2019-08-01 16:10:58,324 INFO  ratis.ContainerStateMachine (ContainerStateMachine.java:takeSnapshot(262)) - group-3DE3A72B8F07: Taking a snapshot at:(t:1, i:13) file /workdir/hadoop-ozone/integration-test/target/test-dir/MiniOzoneClusterImpl-6929c718-98ba-4c80-af26-32389b17b551/datanode-0/data/ratis/51b363a3-cc06-4bb7-9bec-3de3a72b8f07/sm/snapshot.1_13
2019-08-01 16:10:58,332 INFO  segmented.SegmentedRaftLogWorker (SegmentedRaftLogWorker.java:close(228)) - 6c123193-9863-47d5-a357-7f0dbebba377-SegmentedRaftLogWorker:Storage Directory /workdir/hadoop-ozone/integration-test/target/test-dir/MiniOzoneClusterImpl-6929c718-98ba-4c80-af26-32389b17b551/datanode-6/data/ratis/ff0dbd3d-d31c-4179-951c-24f34742031a close()
2019-08-01 16:10:58,334 INFO  server.GrpcService (GrpcService.java:closeImpl(155)) - 6c123193-9863-47d5-a357-7f0dbebba377: shutdown server with port 39163 now
2019-08-01 16:10:58,335 INFO  server.GrpcService (GrpcService.java:closeImpl(163)) - 6c123193-9863-47d5-a357-7f0dbebba377: shutdown server with port 39163 successfully
2019-08-01 16:10:58,336 INFO  ratis.ContainerStateMachine (ContainerStateMachine.java:takeSnapshot(273)) - group-3DE3A72B8F07: Finished taking a snapshot at:(t:1, i:13) file:/workdir/hadoop-ozone/integration-test/target/test-dir/MiniOzoneClusterImpl-6929c718-98ba-4c80-af26-32389b17b551/datanode-0/data/ratis/51b363a3-cc06-4bb7-9bec-3de3a72b8f07/sm/snapshot.1_13 time:12
2019-08-01 16:10:58,336 INFO  impl.StateMachineUpdater (StateMachineUpdater.java:takeSnapshot(242)) - StateMachineUpdater:8f792503-75b4-459c-8926-4d158fd32eed:group-3DE3A72B8F07: Took a snapshot at index 13
2019-08-01 16:10:58,336 INFO  impl.StateMachineUpdater (StateMachineUpdater.java:lambda$new$0(80)) - StateMachineUpdater:8f792503-75b4-459c-8926-4d158fd32eed:group-3DE3A72B8F07: snapshotIndex: updateIncreasingly -1 -> 13
2019-08-01 16:10:58,336 INFO  impl.RaftServerImpl (ServerState.java:close(394)) - 8f792503-75b4-459c-8926-4d158fd32eed:group-3DE3A72B8F07 closes. The last applied log index is 15
2019-08-01 16:10:58,337 INFO  segmented.SegmentedRaftLogWorker (SegmentedRaftLogWorker.java:run(313)) - 8f792503-75b4-459c-8926-4d158fd32eed-SegmentedRaftLogWorker:Storage Directory /workdir/hadoop-ozone/integration-test/target/test-dir/MiniOzoneClusterImpl-6929c718-98ba-4c80-af26-32389b17b551/datanode-0/data/ratis/51b363a3-cc06-4bb7-9bec-3de3a72b8f07 was interrupted, exiting. There are 0 tasks remaining in the queue.
2019-08-01 16:10:58,337 INFO  segmented.SegmentedRaftLogWorker (SegmentedRaftLogWorker.java:close(228)) - 8f792503-75b4-459c-8926-4d158fd32eed-SegmentedRaftLogWorker:Storage Directory /workdir/hadoop-ozone/integration-test/target/test-dir/MiniOzoneClusterImpl-6929c718-98ba-4c80-af26-32389b17b551/datanode-0/data/ratis/51b363a3-cc06-4bb7-9bec-3de3a72b8f07 close()
2019-08-01 16:10:58,339 INFO  impl.RaftServerImpl (RaftServerImpl.java:lambda$shutdown$3(245)) - 8f792503-75b4-459c-8926-4d158fd32eed: shutdown group-7C1A0140BCE6
2019-08-01 16:10:58,340 INFO  util.JmxRegister (JmxRegister.java:unregister(73)) - Successfully un-registered JMX Bean with object name Ratis:service=RaftServer,group=group-7C1A0140BCE6,id=8f792503-75b4-459c-8926-4d158fd32eed
2019-08-01 16:10:58,340 INFO  impl.RoleInfo (RoleInfo.java:shutdownLeaderState(104)) - 8f792503-75b4-459c-8926-4d158fd32eed: shutdown LeaderState
2019-08-01 16:10:58,340 INFO  utils.BackgroundService (BackgroundService.java:shutdown(148)) - Shutting down service BlockDeletingService
2019-08-01 16:10:58,340 INFO  impl.PendingRequests (PendingRequests.java:sendNotLeaderResponses(202)) - 8f792503-75b4-459c-8926-4d158fd32eed-PendingRequests: sendNotLeaderResponses
2019-08-01 16:10:58,341 INFO  impl.StateMachineUpdater (StateMachineUpdater.java:stopAndJoin(115)) - StateMachineUpdater:8f792503-75b4-459c-8926-4d158fd32eed:group-7C1A0140BCE6: set stopIndex = 0
2019-08-01 16:10:58,341 INFO  impl.RaftServerImpl (ServerState.java:close(394)) - 8f792503-75b4-459c-8926-4d158fd32eed:group-7C1A0140BCE6 closes. The last applied log index is 0
2019-08-01 16:10:58,343 INFO  segmented.SegmentedRaftLogWorker (SegmentedRaftLogWorker.java:run(313)) - 8f792503-75b4-459c-8926-4d158fd32eed-SegmentedRaftLogWorker:Storage Directory /workdir/hadoop-ozone/integration-test/target/test-dir/MiniOzoneClusterImpl-6929c718-98ba-4c80-af26-32389b17b551/datanode-0/data/ratis/9f1e8e9f-b95e-420c-a130-7c1a0140bce6 was interrupted, exiting. There are 0 tasks remaining in the queue.
2019-08-01 16:10:58,343 INFO  segmented.SegmentedRaftLogWorker (SegmentedRaftLogWorker.java:close(228)) - 8f792503-75b4-459c-8926-4d158fd32eed-SegmentedRaftLogWorker:Storage Directory /workdir/hadoop-ozone/integration-test/target/test-dir/MiniOzoneClusterImpl-6929c718-98ba-4c80-af26-32389b17b551/datanode-0/data/ratis/9f1e8e9f-b95e-420c-a130-7c1a0140bce6 close()
2019-08-01 16:10:58,343 WARN  fs.CachingGetSpaceUsed (CachingGetSpaceUsed.java:run(183)) - Thread Interrupted waiting to refresh disk information: sleep interrupted
2019-08-01 16:10:58,345 INFO  server.GrpcService (GrpcService.java:closeImpl(155)) - 8f792503-75b4-459c-8926-4d158fd32eed: shutdown server with port 34002 now
2019-08-01 16:10:58,346 INFO  server.GrpcService (GrpcService.java:closeImpl(163)) - 8f792503-75b4-459c-8926-4d158fd32eed: shutdown server with port 34002 successfully
2019-08-01 16:10:58,347 INFO  utils.BackgroundService (BackgroundService.java:shutdown(148)) - Shutting down service BlockDeletingService
2019-08-01 16:10:58,351 WARN  fs.CachingGetSpaceUsed (CachingGetSpaceUsed.java:run(183)) - Thread Interrupted waiting to refresh disk information: sleep interrupted
2019-08-01 16:10:58,361 INFO  statemachine.DatanodeStateMachine (DatanodeStateMachine.java:stopDaemon(395)) - Ozone container server stopped.
2019-08-01 16:10:58,373 INFO  statemachine.DatanodeStateMachine (DatanodeStateMachine.java:stopDaemon(395)) - Ozone container server stopped.
2019-08-01 16:10:58,375 INFO  handler.ContextHandler (ContextHandler.java:doStop(910)) - Stopped o.e.j.w.WebAppContext@201f0e84{/,null,UNAVAILABLE}{/hddsDatanode}
2019-08-01 16:10:58,377 INFO  handler.ContextHandler (ContextHandler.java:doStop(910)) - Stopped o.e.j.w.WebAppContext@52984065{/,null,UNAVAILABLE}{/hddsDatanode}
2019-08-01 16:10:58,378 INFO  server.AbstractConnector (AbstractConnector.java:doStop(318)) - Stopped ServerConnector@5629e904{HTTP/1.1,[http/1.1]}{0.0.0.0:0}
2019-08-01 16:10:58,378 INFO  server.AbstractConnector (AbstractConnector.java:doStop(318)) - Stopped ServerConnector@6dd59886{HTTP/1.1,[http/1.1]}{0.0.0.0:0}
2019-08-01 16:10:58,379 INFO  handler.ContextHandler (ContextHandler.java:doStop(910)) - Stopped o.e.j.s.ServletContextHandler@25058759{/static,jar:file:/home/user/.m2/repository/org/apache/hadoop/hadoop-hdds-container-service/0.4.1-SNAPSHOT/hadoop-hdds-container-service-0.4.1-SNAPSHOT.jar!/webapps/static,UNAVAILABLE}
2019-08-01 16:10:58,380 INFO  handler.ContextHandler (ContextHandler.java:doStop(910)) - Stopped o.e.j.s.ServletContextHandler@37bac0f4{/static,jar:file:/home/user/.m2/repository/org/apache/hadoop/hadoop-hdds-container-service/0.4.1-SNAPSHOT/hadoop-hdds-container-service-0.4.1-SNAPSHOT.jar!/webapps/static,UNAVAILABLE}
2019-08-01 16:10:58,380 INFO  handler.ContextHandler (ContextHandler.java:doStop(910)) - Stopped o.e.j.s.ServletContextHandler@28357fc3{/logs,file:///workdir/hadoop-ozone/integration-test/target/log,UNAVAILABLE}
2019-08-01 16:10:58,382 INFO  handler.ContextHandler (ContextHandler.java:doStop(910)) - Stopped o.e.j.s.ServletContextHandler@472dc215{/logs,file:///workdir/hadoop-ozone/integration-test/target/log,UNAVAILABLE}
2019-08-01 16:10:58,383 INFO  ozone.MiniOzoneClusterImpl (MiniOzoneClusterImpl.java:stop(353)) - Stopping the StorageContainerManager
2019-08-01 16:10:58,383 INFO  server.StorageContainerManager (StorageContainerManager.java:stop(796)) - Stopping Replication Manager Service.
2019-08-01 16:10:58,384 INFO  container.ReplicationManager (ReplicationManager.java:stop(187)) - Stopping Replication Monitor Thread.
2019-08-01 16:10:58,384 INFO  server.StorageContainerManager (StorageContainerManager.java:stop(803)) - Stopping Lease Manager of the command watchers
2019-08-01 16:10:58,384 INFO  server.StorageContainerManager (StorageContainerManager.java:stop(810)) - Stopping datanode service RPC server
2019-08-01 16:10:58,384 INFO  server.SCMDatanodeProtocolServer (SCMDatanodeProtocolServer.java:stop(367)) - Stopping the RPC server for DataNodes
2019-08-01 16:10:58,384 INFO  ipc.Server (Server.java:stop(3082)) - Stopping server on 35376
2019-08-01 16:10:58,388 INFO  ipc.Server (Server.java:run(1319)) - Stopping IPC Server Responder
2019-08-01 16:10:58,388 INFO  ipc.Server (Server.java:run(1185)) - Stopping IPC Server listener on 35376
2019-08-01 16:10:58,430 WARN  node.NodeStateManager (NodeStateManager.java:scheduleNextHealthCheck(631)) - Current Thread is interrupted, shutting down HB processing thread for Node Manager.
2019-08-01 16:10:58,431 INFO  server.StorageContainerManager (StorageContainerManager.java:stop(818)) - Stopping block service RPC server
2019-08-01 16:10:58,431 INFO  server.SCMBlockProtocolServer (SCMBlockProtocolServer.java:stop(148)) - Stopping the RPC server for Block Protocol
2019-08-01 16:10:58,431 INFO  ipc.Server (Server.java:stop(3082)) - Stopping server on 37963
2019-08-01 16:10:58,433 INFO  ipc.Server (Server.java:run(1185)) - Stopping IPC Server listener on 37963
2019-08-01 16:10:58,433 INFO  server.StorageContainerManager (StorageContainerManager.java:stop(825)) - Stopping the StorageContainerLocationProtocol RPC server
2019-08-01 16:10:58,433 INFO  server.SCMClientProtocolServer (SCMClientProtocolServer.java:stop(159)) - Stopping the RPC server for Client Protocol
2019-08-01 16:10:58,433 INFO  ipc.Server (Server.java:run(1319)) - Stopping IPC Server Responder
2019-08-01 16:10:58,434 INFO  ipc.Server (Server.java:stop(3082)) - Stopping server on 36658
2019-08-01 16:10:58,437 INFO  server.StorageContainerManager (StorageContainerManager.java:stop(832)) - Stopping Storage Container Manager HTTP server.
2019-08-01 16:10:58,437 INFO  ipc.Server (Server.java:run(1185)) - Stopping IPC Server listener on 36658
2019-08-01 16:10:58,437 INFO  ipc.Server (Server.java:run(1319)) - Stopping IPC Server Responder
2019-08-01 16:10:58,437 INFO  handler.ContextHandler (ContextHandler.java:doStop(910)) - Stopped o.e.j.w.WebAppContext@58397dd{/,null,UNAVAILABLE}{/scm}
2019-08-01 16:10:58,438 INFO  server.AbstractConnector (AbstractConnector.java:doStop(318)) - Stopped ServerConnector@620260ad{HTTP/1.1,[http/1.1]}{0.0.0.0:0}
2019-08-01 16:10:58,438 INFO  handler.ContextHandler (ContextHandler.java:doStop(910)) - Stopped o.e.j.s.ServletContextHandler@403f6c04{/static,file:///workdir/hadoop-ozone/integration-test/target/test-classes/webapps/static,UNAVAILABLE}
2019-08-01 16:10:58,439 INFO  handler.ContextHandler (ContextHandler.java:doStop(910)) - Stopped o.e.j.s.ServletContextHandler@2b68c59b{/logs,file:///workdir/hadoop-ozone/integration-test/target/log,UNAVAILABLE}
2019-08-01 16:10:58,440 INFO  server.StorageContainerManager (StorageContainerManager.java:stop(843)) - Stopping Block Manager Service.
2019-08-01 16:10:58,440 INFO  utils.BackgroundService (BackgroundService.java:shutdown(148)) - Shutting down service SCMBlockDeletingService
2019-08-01 16:10:58,441 INFO  utils.BackgroundService (BackgroundService.java:shutdown(148)) - Shutting down service SCMBlockDeletingService
2019-08-01 16:10:58,441 INFO  server.StorageContainerManager (StorageContainerManager.java:stop(865)) - Stopping SCM Event Queue.
2019-08-01 16:10:58,446 INFO  impl.MetricsSystemImpl (MetricsSystemImpl.java:stop(210)) - Stopping HddsDatanode metrics system...
2019-08-01 16:10:58,456 INFO  impl.MetricsSystemImpl (MetricsSystemImpl.java:stop(216)) - HddsDatanode metrics system stopped.
]]></system-out>
    <system-err><![CDATA[Aug 01, 2019 4:10:11 PM com.sun.jersey.server.impl.application.WebApplicationImpl _initiate
INFO: Initiating Jersey application, version 'Jersey: 1.19 02/11/2015 03:25 AM'
Aug 01, 2019 4:10:11 PM com.sun.jersey.server.impl.application.WebApplicationImpl _initiate
INFO: Initiating Jersey application, version 'Jersey: 1.19 02/11/2015 03:25 AM'
Aug 01, 2019 4:10:11 PM com.sun.jersey.server.impl.application.WebApplicationImpl _initiate
INFO: Initiating Jersey application, version 'Jersey: 1.19 02/11/2015 03:25 AM'
Aug 01, 2019 4:10:11 PM com.sun.jersey.server.impl.application.WebApplicationImpl _initiate
INFO: Initiating Jersey application, version 'Jersey: 1.19 02/11/2015 03:25 AM'
Aug 01, 2019 4:10:12 PM com.sun.jersey.server.impl.application.WebApplicationImpl _initiate
INFO: Initiating Jersey application, version 'Jersey: 1.19 02/11/2015 03:25 AM'
Aug 01, 2019 4:10:12 PM com.sun.jersey.server.impl.application.WebApplicationImpl _initiate
INFO: Initiating Jersey application, version 'Jersey: 1.19 02/11/2015 03:25 AM'
Aug 01, 2019 4:10:12 PM com.sun.jersey.server.impl.application.WebApplicationImpl _initiate
INFO: Initiating Jersey application, version 'Jersey: 1.19 02/11/2015 03:25 AM'
Aug 01, 2019 4:10:15 PM org.apache.ratis.thirdparty.io.grpc.internal.ManagedChannelOrphanWrapper$ManagedChannelReference cleanQueue
SEVERE: *~*~*~ Channel ManagedChannelImpl{logId=2582, target=192.168.157.209:39970} was not shutdown properly!!! ~*~*~*
    Make sure to call shutdown()/shutdownNow() and wait until awaitTermination() returns true.
java.lang.RuntimeException: ManagedChannel allocation site
	at org.apache.ratis.thirdparty.io.grpc.internal.ManagedChannelOrphanWrapper$ManagedChannelReference.<init>(ManagedChannelOrphanWrapper.java:103)
	at org.apache.ratis.thirdparty.io.grpc.internal.ManagedChannelOrphanWrapper.<init>(ManagedChannelOrphanWrapper.java:53)
	at org.apache.ratis.thirdparty.io.grpc.internal.ManagedChannelOrphanWrapper.<init>(ManagedChannelOrphanWrapper.java:44)
	at org.apache.ratis.thirdparty.io.grpc.internal.AbstractManagedChannelImplBuilder.build(AbstractManagedChannelImplBuilder.java:411)
	at org.apache.ratis.grpc.client.GrpcClientProtocolClient.<init>(GrpcClientProtocolClient.java:119)
	at org.apache.ratis.grpc.client.GrpcClientRpc.lambda$new$0(GrpcClientRpc.java:55)
	at org.apache.ratis.util.PeerProxyMap$PeerAndProxy.lambda$getProxy$0(PeerProxyMap.java:61)
	at org.apache.ratis.util.LifeCycle.startAndTransition(LifeCycle.java:202)
	at org.apache.ratis.util.PeerProxyMap$PeerAndProxy.getProxy(PeerProxyMap.java:60)
	at org.apache.ratis.util.PeerProxyMap.getProxy(PeerProxyMap.java:107)
	at org.apache.ratis.grpc.client.GrpcClientRpc.sendRequestAsync(GrpcClientRpc.java:66)
	at org.apache.ratis.client.impl.OrderedAsync.sendRequest(OrderedAsync.java:208)
	at org.apache.ratis.client.impl.OrderedAsync.sendRequestWithRetry(OrderedAsync.java:169)
	at org.apache.ratis.util.SlidingWindow$Client.sendOrDelayRequest(SlidingWindow.java:278)
	at org.apache.ratis.util.SlidingWindow$Client.submitNewRequest(SlidingWindow.java:257)
	at org.apache.ratis.client.impl.OrderedAsync.send(OrderedAsync.java:155)
	at org.apache.ratis.client.impl.RaftClientImpl.sendAsync(RaftClientImpl.java:145)
	at org.apache.ratis.client.impl.RaftClientImpl.sendAsync(RaftClientImpl.java:125)
	at org.apache.hadoop.hdds.scm.XceiverClientRatis.sendRequestAsync(XceiverClientRatis.java:224)
	at org.apache.hadoop.hdds.scm.XceiverClientRatis.sendCommandAsync(XceiverClientRatis.java:302)
	at org.apache.hadoop.hdds.scm.storage.ContainerProtocolCalls.writeChunkAsync(ContainerProtocolCalls.java:310)
	at org.apache.hadoop.hdds.scm.storage.BlockOutputStream.writeChunkToContainer(BlockOutputStream.java:601)
	at org.apache.hadoop.hdds.scm.storage.BlockOutputStream.writeChunk(BlockOutputStream.java:459)
	at org.apache.hadoop.hdds.scm.storage.BlockOutputStream.writeOnRetry(BlockOutputStream.java:285)
	at org.apache.hadoop.ozone.client.io.BlockOutputStreamEntry.writeOnRetry(BlockOutputStreamEntry.java:200)
	at org.apache.hadoop.ozone.client.io.KeyOutputStream.handleWrite(KeyOutputStream.java:209)
	at org.apache.hadoop.ozone.client.io.KeyOutputStream.handleRetry(KeyOutputStream.java:376)
	at org.apache.hadoop.ozone.client.io.KeyOutputStream.handleException(KeyOutputStream.java:325)
	at org.apache.hadoop.ozone.client.io.KeyOutputStream.handleFlushOrClose(KeyOutputStream.java:448)
	at org.apache.hadoop.ozone.client.io.KeyOutputStream.handleWrite(KeyOutputStream.java:235)
	at org.apache.hadoop.ozone.client.io.KeyOutputStream.write(KeyOutputStream.java:193)
	at org.apache.hadoop.ozone.client.io.OzoneOutputStream.write(OzoneOutputStream.java:49)
	at java.io.OutputStream.write(OutputStream.java:75)
	at org.apache.hadoop.ozone.client.rpc.TestBlockOutputStreamWithFailures.testWatchForCommitWithSingleNodeRatis(TestBlockOutputStreamWithFailures.java:881)
	at sun.reflect.NativeMethodAccessorImpl.invoke0(Native Method)
	at sun.reflect.NativeMethodAccessorImpl.invoke(NativeMethodAccessorImpl.java:62)
	at sun.reflect.DelegatingMethodAccessorImpl.invoke(DelegatingMethodAccessorImpl.java:43)
	at java.lang.reflect.Method.invoke(Method.java:498)
	at org.junit.runners.model.FrameworkMethod$1.runReflectiveCall(FrameworkMethod.java:47)
	at org.junit.internal.runners.model.ReflectiveCallable.run(ReflectiveCallable.java:12)
	at org.junit.runners.model.FrameworkMethod.invokeExplosively(FrameworkMethod.java:44)
	at org.junit.internal.runners.statements.InvokeMethod.evaluate(InvokeMethod.java:17)
	at org.junit.internal.runners.statements.RunBefores.evaluate(RunBefores.java:26)
	at org.junit.internal.runners.statements.RunAfters.evaluate(RunAfters.java:27)
	at org.junit.runners.ParentRunner.runLeaf(ParentRunner.java:271)
	at org.junit.runners.BlockJUnit4ClassRunner.runChild(BlockJUnit4ClassRunner.java:70)
	at org.junit.runners.BlockJUnit4ClassRunner.runChild(BlockJUnit4ClassRunner.java:50)
	at org.junit.runners.ParentRunner$3.run(ParentRunner.java:238)
	at org.junit.runners.ParentRunner$1.schedule(ParentRunner.java:63)
	at org.junit.runners.ParentRunner.runChildren(ParentRunner.java:236)
	at org.junit.runners.ParentRunner.access$000(ParentRunner.java:53)
	at org.junit.runners.ParentRunner$2.evaluate(ParentRunner.java:229)
	at org.junit.runners.ParentRunner.run(ParentRunner.java:309)
	at org.apache.maven.surefire.junit4.JUnit4Provider.execute(JUnit4Provider.java:365)
	at org.apache.maven.surefire.junit4.JUnit4Provider.executeWithRerun(JUnit4Provider.java:273)
	at org.apache.maven.surefire.junit4.JUnit4Provider.executeTestSet(JUnit4Provider.java:238)
	at org.apache.maven.surefire.junit4.JUnit4Provider.invoke(JUnit4Provider.java:159)
	at org.apache.maven.surefire.booter.ForkedBooter.invokeProviderInSameClassLoader(ForkedBooter.java:384)
	at org.apache.maven.surefire.booter.ForkedBooter.runSuitesInProcess(ForkedBooter.java:345)
	at org.apache.maven.surefire.booter.ForkedBooter.execute(ForkedBooter.java:126)
	at org.apache.maven.surefire.booter.ForkedBooter.main(ForkedBooter.java:418)

Aug 01, 2019 4:10:15 PM org.apache.ratis.thirdparty.io.grpc.internal.ManagedChannelOrphanWrapper$ManagedChannelReference cleanQueue
SEVERE: *~*~*~ Channel ManagedChannelImpl{logId=2577, target=192.168.157.209:33845} was not shutdown properly!!! ~*~*~*
    Make sure to call shutdown()/shutdownNow() and wait until awaitTermination() returns true.
java.lang.RuntimeException: ManagedChannel allocation site
	at org.apache.ratis.thirdparty.io.grpc.internal.ManagedChannelOrphanWrapper$ManagedChannelReference.<init>(ManagedChannelOrphanWrapper.java:103)
	at org.apache.ratis.thirdparty.io.grpc.internal.ManagedChannelOrphanWrapper.<init>(ManagedChannelOrphanWrapper.java:53)
	at org.apache.ratis.thirdparty.io.grpc.internal.ManagedChannelOrphanWrapper.<init>(ManagedChannelOrphanWrapper.java:44)
	at org.apache.ratis.thirdparty.io.grpc.internal.AbstractManagedChannelImplBuilder.build(AbstractManagedChannelImplBuilder.java:411)
	at org.apache.ratis.grpc.client.GrpcClientProtocolClient.<init>(GrpcClientProtocolClient.java:119)
	at org.apache.ratis.grpc.client.GrpcClientRpc.lambda$new$0(GrpcClientRpc.java:55)
	at org.apache.ratis.util.PeerProxyMap$PeerAndProxy.lambda$getProxy$0(PeerProxyMap.java:61)
	at org.apache.ratis.util.LifeCycle.startAndTransition(LifeCycle.java:202)
	at org.apache.ratis.util.PeerProxyMap$PeerAndProxy.getProxy(PeerProxyMap.java:60)
	at org.apache.ratis.util.PeerProxyMap.getProxy(PeerProxyMap.java:107)
	at org.apache.ratis.grpc.client.GrpcClientRpc.sendRequestAsync(GrpcClientRpc.java:66)
	at org.apache.ratis.client.impl.OrderedAsync.sendRequest(OrderedAsync.java:208)
	at org.apache.ratis.client.impl.OrderedAsync.sendRequestWithRetry(OrderedAsync.java:169)
	at org.apache.ratis.util.SlidingWindow$Client.sendOrDelayRequest(SlidingWindow.java:278)
	at org.apache.ratis.util.SlidingWindow$Client.retry(SlidingWindow.java:294)
	at org.apache.ratis.client.impl.OrderedAsync.lambda$scheduleWithTimeout$7(OrderedAsync.java:195)
	at org.apache.ratis.util.TimeoutScheduler.lambda$onTimeout$0(TimeoutScheduler.java:85)
	at org.apache.ratis.util.TimeoutScheduler.lambda$onTimeout$1(TimeoutScheduler.java:104)
	at org.apache.ratis.util.LogUtils.runAndLog(LogUtils.java:50)
	at org.apache.ratis.util.LogUtils$1.run(LogUtils.java:91)
	at java.util.concurrent.Executors$RunnableAdapter.call(Executors.java:511)
	at java.util.concurrent.FutureTask.run(FutureTask.java:266)
	at java.util.concurrent.ScheduledThreadPoolExecutor$ScheduledFutureTask.access$201(ScheduledThreadPoolExecutor.java:180)
	at java.util.concurrent.ScheduledThreadPoolExecutor$ScheduledFutureTask.run(ScheduledThreadPoolExecutor.java:293)
	at java.util.concurrent.ThreadPoolExecutor.runWorker(ThreadPoolExecutor.java:1149)
	at java.util.concurrent.ThreadPoolExecutor$Worker.run(ThreadPoolExecutor.java:624)
	at java.lang.Thread.run(Thread.java:748)

Aug 01, 2019 4:10:15 PM org.apache.ratis.thirdparty.io.grpc.internal.ManagedChannelOrphanWrapper$ManagedChannelReference cleanQueue
SEVERE: *~*~*~ Channel ManagedChannelImpl{logId=2592, target=192.168.157.209:45954} was not shutdown properly!!! ~*~*~*
    Make sure to call shutdown()/shutdownNow() and wait until awaitTermination() returns true.
java.lang.RuntimeException: ManagedChannel allocation site
	at org.apache.ratis.thirdparty.io.grpc.internal.ManagedChannelOrphanWrapper$ManagedChannelReference.<init>(ManagedChannelOrphanWrapper.java:103)
	at org.apache.ratis.thirdparty.io.grpc.internal.ManagedChannelOrphanWrapper.<init>(ManagedChannelOrphanWrapper.java:53)
	at org.apache.ratis.thirdparty.io.grpc.internal.ManagedChannelOrphanWrapper.<init>(ManagedChannelOrphanWrapper.java:44)
	at org.apache.ratis.thirdparty.io.grpc.internal.AbstractManagedChannelImplBuilder.build(AbstractManagedChannelImplBuilder.java:411)
	at org.apache.hadoop.hdds.scm.XceiverClientGrpc.connectToDatanode(XceiverClientGrpc.java:174)
	at org.apache.hadoop.hdds.scm.XceiverClientGrpc.reconnect(XceiverClientGrpc.java:422)
	at org.apache.hadoop.hdds.scm.XceiverClientGrpc.sendCommandAsync(XceiverClientGrpc.java:371)
	at org.apache.hadoop.hdds.scm.XceiverClientGrpc.sendCommandWithRetry(XceiverClientGrpc.java:284)
	at org.apache.hadoop.hdds.scm.XceiverClientGrpc.sendCommandWithTraceIDAndRetry(XceiverClientGrpc.java:250)
	at org.apache.hadoop.hdds.scm.XceiverClientGrpc.sendCommand(XceiverClientGrpc.java:233)
	at org.apache.hadoop.hdds.scm.storage.ContainerProtocolCalls.getBlock(ContainerProtocolCalls.java:118)
	at org.apache.hadoop.hdds.scm.storage.BlockInputStream.getChunkInfos(BlockInputStream.java:167)
	at org.apache.hadoop.hdds.scm.storage.BlockInputStream.initialize(BlockInputStream.java:118)
	at org.apache.hadoop.hdds.scm.storage.BlockInputStream.read(BlockInputStream.java:222)
	at org.apache.hadoop.ozone.client.io.KeyInputStream.read(KeyInputStream.java:171)
	at org.apache.hadoop.ozone.client.io.OzoneInputStream.read(OzoneInputStream.java:47)
	at java.io.InputStream.read(InputStream.java:101)
	at org.apache.hadoop.ozone.container.ContainerTestHelper.validateData(ContainerTestHelper.java:709)
	at org.apache.hadoop.ozone.client.rpc.TestBlockOutputStreamWithFailures.validateData(TestBlockOutputStreamWithFailures.java:1212)
	at org.apache.hadoop.ozone.client.rpc.TestBlockOutputStreamWithFailures.testWatchForCommitWithSingleNodeRatis(TestBlockOutputStreamWithFailures.java:914)
	at sun.reflect.NativeMethodAccessorImpl.invoke0(Native Method)
	at sun.reflect.NativeMethodAccessorImpl.invoke(NativeMethodAccessorImpl.java:62)
	at sun.reflect.DelegatingMethodAccessorImpl.invoke(DelegatingMethodAccessorImpl.java:43)
	at java.lang.reflect.Method.invoke(Method.java:498)
	at org.junit.runners.model.FrameworkMethod$1.runReflectiveCall(FrameworkMethod.java:47)
	at org.junit.internal.runners.model.ReflectiveCallable.run(ReflectiveCallable.java:12)
	at org.junit.runners.model.FrameworkMethod.invokeExplosively(FrameworkMethod.java:44)
	at org.junit.internal.runners.statements.InvokeMethod.evaluate(InvokeMethod.java:17)
	at org.junit.internal.runners.statements.RunBefores.evaluate(RunBefores.java:26)
	at org.junit.internal.runners.statements.RunAfters.evaluate(RunAfters.java:27)
	at org.junit.runners.ParentRunner.runLeaf(ParentRunner.java:271)
	at org.junit.runners.BlockJUnit4ClassRunner.runChild(BlockJUnit4ClassRunner.java:70)
	at org.junit.runners.BlockJUnit4ClassRunner.runChild(BlockJUnit4ClassRunner.java:50)
	at org.junit.runners.ParentRunner$3.run(ParentRunner.java:238)
	at org.junit.runners.ParentRunner$1.schedule(ParentRunner.java:63)
	at org.junit.runners.ParentRunner.runChildren(ParentRunner.java:236)
	at org.junit.runners.ParentRunner.access$000(ParentRunner.java:53)
	at org.junit.runners.ParentRunner$2.evaluate(ParentRunner.java:229)
	at org.junit.runners.ParentRunner.run(ParentRunner.java:309)
	at org.apache.maven.surefire.junit4.JUnit4Provider.execute(JUnit4Provider.java:365)
	at org.apache.maven.surefire.junit4.JUnit4Provider.executeWithRerun(JUnit4Provider.java:273)
	at org.apache.maven.surefire.junit4.JUnit4Provider.executeTestSet(JUnit4Provider.java:238)
	at org.apache.maven.surefire.junit4.JUnit4Provider.invoke(JUnit4Provider.java:159)
	at org.apache.maven.surefire.booter.ForkedBooter.invokeProviderInSameClassLoader(ForkedBooter.java:384)
	at org.apache.maven.surefire.booter.ForkedBooter.runSuitesInProcess(ForkedBooter.java:345)
	at org.apache.maven.surefire.booter.ForkedBooter.execute(ForkedBooter.java:126)
	at org.apache.maven.surefire.booter.ForkedBooter.main(ForkedBooter.java:418)

Aug 01, 2019 4:10:15 PM org.apache.ratis.thirdparty.io.grpc.internal.ManagedChannelOrphanWrapper$ManagedChannelReference cleanQueue
SEVERE: *~*~*~ Channel ManagedChannelImpl{logId=2587, target=192.168.157.209:33346} was not shutdown properly!!! ~*~*~*
    Make sure to call shutdown()/shutdownNow() and wait until awaitTermination() returns true.
java.lang.RuntimeException: ManagedChannel allocation site
	at org.apache.ratis.thirdparty.io.grpc.internal.ManagedChannelOrphanWrapper$ManagedChannelReference.<init>(ManagedChannelOrphanWrapper.java:103)
	at org.apache.ratis.thirdparty.io.grpc.internal.ManagedChannelOrphanWrapper.<init>(ManagedChannelOrphanWrapper.java:53)
	at org.apache.ratis.thirdparty.io.grpc.internal.ManagedChannelOrphanWrapper.<init>(ManagedChannelOrphanWrapper.java:44)
	at org.apache.ratis.thirdparty.io.grpc.internal.AbstractManagedChannelImplBuilder.build(AbstractManagedChannelImplBuilder.java:411)
	at org.apache.hadoop.hdds.scm.XceiverClientGrpc.connectToDatanode(XceiverClientGrpc.java:174)
	at org.apache.hadoop.hdds.scm.XceiverClientGrpc.reconnect(XceiverClientGrpc.java:422)
	at org.apache.hadoop.hdds.scm.XceiverClientGrpc.sendCommandAsync(XceiverClientGrpc.java:371)
	at org.apache.hadoop.hdds.scm.XceiverClientGrpc.sendCommandWithRetry(XceiverClientGrpc.java:284)
	at org.apache.hadoop.hdds.scm.XceiverClientGrpc.sendCommandWithTraceIDAndRetry(XceiverClientGrpc.java:250)
	at org.apache.hadoop.hdds.scm.XceiverClientGrpc.sendCommand(XceiverClientGrpc.java:233)
	at org.apache.hadoop.hdds.scm.storage.ContainerProtocolCalls.getBlock(ContainerProtocolCalls.java:118)
	at org.apache.hadoop.hdds.scm.storage.BlockInputStream.getChunkInfos(BlockInputStream.java:167)
	at org.apache.hadoop.hdds.scm.storage.BlockInputStream.initialize(BlockInputStream.java:118)
	at org.apache.hadoop.hdds.scm.storage.BlockInputStream.read(BlockInputStream.java:222)
	at org.apache.hadoop.ozone.client.io.KeyInputStream.read(KeyInputStream.java:171)
	at org.apache.hadoop.ozone.client.io.OzoneInputStream.read(OzoneInputStream.java:47)
	at java.io.InputStream.read(InputStream.java:101)
	at org.apache.hadoop.ozone.container.ContainerTestHelper.validateData(ContainerTestHelper.java:709)
	at org.apache.hadoop.ozone.client.rpc.TestBlockOutputStreamWithFailures.validateData(TestBlockOutputStreamWithFailures.java:1212)
	at org.apache.hadoop.ozone.client.rpc.TestBlockOutputStreamWithFailures.testWatchForCommitWithSingleNodeRatis(TestBlockOutputStreamWithFailures.java:914)
	at sun.reflect.NativeMethodAccessorImpl.invoke0(Native Method)
	at sun.reflect.NativeMethodAccessorImpl.invoke(NativeMethodAccessorImpl.java:62)
	at sun.reflect.DelegatingMethodAccessorImpl.invoke(DelegatingMethodAccessorImpl.java:43)
	at java.lang.reflect.Method.invoke(Method.java:498)
	at org.junit.runners.model.FrameworkMethod$1.runReflectiveCall(FrameworkMethod.java:47)
	at org.junit.internal.runners.model.ReflectiveCallable.run(ReflectiveCallable.java:12)
	at org.junit.runners.model.FrameworkMethod.invokeExplosively(FrameworkMethod.java:44)
	at org.junit.internal.runners.statements.InvokeMethod.evaluate(InvokeMethod.java:17)
	at org.junit.internal.runners.statements.RunBefores.evaluate(RunBefores.java:26)
	at org.junit.internal.runners.statements.RunAfters.evaluate(RunAfters.java:27)
	at org.junit.runners.ParentRunner.runLeaf(ParentRunner.java:271)
	at org.junit.runners.BlockJUnit4ClassRunner.runChild(BlockJUnit4ClassRunner.java:70)
	at org.junit.runners.BlockJUnit4ClassRunner.runChild(BlockJUnit4ClassRunner.java:50)
	at org.junit.runners.ParentRunner$3.run(ParentRunner.java:238)
	at org.junit.runners.ParentRunner$1.schedule(ParentRunner.java:63)
	at org.junit.runners.ParentRunner.runChildren(ParentRunner.java:236)
	at org.junit.runners.ParentRunner.access$000(ParentRunner.java:53)
	at org.junit.runners.ParentRunner$2.evaluate(ParentRunner.java:229)
	at org.junit.runners.ParentRunner.run(ParentRunner.java:309)
	at org.apache.maven.surefire.junit4.JUnit4Provider.execute(JUnit4Provider.java:365)
	at org.apache.maven.surefire.junit4.JUnit4Provider.executeWithRerun(JUnit4Provider.java:273)
	at org.apache.maven.surefire.junit4.JUnit4Provider.executeTestSet(JUnit4Provider.java:238)
	at org.apache.maven.surefire.junit4.JUnit4Provider.invoke(JUnit4Provider.java:159)
	at org.apache.maven.surefire.booter.ForkedBooter.invokeProviderInSameClassLoader(ForkedBooter.java:384)
	at org.apache.maven.surefire.booter.ForkedBooter.runSuitesInProcess(ForkedBooter.java:345)
	at org.apache.maven.surefire.booter.ForkedBooter.execute(ForkedBooter.java:126)
	at org.apache.maven.surefire.booter.ForkedBooter.main(ForkedBooter.java:418)

]]></system-err>
  </testcase>
  <testcase name="testFailureWithPrimeSizedData" classname="org.apache.hadoop.ozone.client.rpc.TestBlockOutputStreamWithFailures" time="34.52"/>
  <testcase name="testWatchForCommitWithCloseContainerException" classname="org.apache.hadoop.ozone.client.rpc.TestBlockOutputStreamWithFailures" time="34.454"/>
  <testcase name="testExceptionDuringClose" classname="org.apache.hadoop.ozone.client.rpc.TestBlockOutputStreamWithFailures" time="34.351"/>
</testsuite>