<?xml version="1.0" encoding="UTF-8"?>
<testsuite xmlns:xsi="http://www.w3.org/2001/XMLSchema-instance" xsi:noNamespaceSchemaLocation="https://maven.apache.org/surefire/maven-surefire-plugin/xsd/surefire-test-report.xsd" name="org.apache.hadoop.ozone.freon.TestDataValidateWithSafeByteOperations" time="57.95" tests="3" errors="3" skipped="0" failures="0">
  <properties>
    <property name="awt.toolkit" value="sun.awt.X11.XToolkit"/>
    <property name="file.encoding.pkg" value="sun.io"/>
    <property name="java.specification.version" value="1.8"/>
    <property name="sun.cpu.isalist" value=""/>
    <property name="sun.jnu.encoding" value="UTF-8"/>
    <property name="java.class.path" value="/workdir/hadoop-ozone/tools/target/test-classes:/workdir/hadoop-ozone/tools/target/classes:/workdir/hadoop-ozone/ozone-manager/target/classes:/workdir/hadoop-hdds/docs/target/classes:/home/user/.m2/repository/org/bouncycastle/bcprov-jdk15on/1.60/bcprov-jdk15on-1.60.jar:/workdir/hadoop-ozone/common/target/classes:/home/user/.m2/repository/org/apache/commons/commons-compress/1.4.1/commons-compress-1.4.1.jar:/home/user/.m2/repository/org/tukaani/xz/1.0/xz-1.0.jar:/home/user/.m2/repository/org/apache/hadoop/hadoop-hdfs-client/3.2.0/hadoop-hdfs-client-3.2.0.jar:/home/user/.m2/repository/com/fasterxml/jackson/core/jackson-annotations/2.9.5/jackson-annotations-2.9.5.jar:/workdir/hadoop-hdds/common/target/classes:/workdir/hadoop-hdds/config/target/classes:/home/user/.m2/repository/javax/annotation/javax.annotation-api/1.2/javax.annotation-api-1.2.jar:/home/user/.m2/repository/org/apache/ratis/ratis-server/0.4.0-2337318-SNAPSHOT/ratis-server-0.4.0-2337318-SNAPSHOT.jar:/home/user/.m2/repository/org/apache/ratis/ratis-thirdparty-misc/0.2.0/ratis-thirdparty-misc-0.2.0.jar:/home/user/.m2/repository/org/apache/ratis/ratis-proto/0.4.0-2337318-SNAPSHOT/ratis-proto-0.4.0-2337318-SNAPSHOT.jar:/home/user/.m2/repository/org/apache/ratis/ratis-common/0.4.0-2337318-SNAPSHOT/ratis-common-0.4.0-2337318-SNAPSHOT.jar:/home/user/.m2/repository/org/apache/ratis/ratis-client/0.4.0-2337318-SNAPSHOT/ratis-client-0.4.0-2337318-SNAPSHOT.jar:/home/user/.m2/repository/org/apache/ratis/ratis-metrics/0.4.0-2337318-SNAPSHOT/ratis-metrics-0.4.0-2337318-SNAPSHOT.jar:/home/user/.m2/repository/org/apache/ratis/ratis-netty/0.4.0-2337318-SNAPSHOT/ratis-netty-0.4.0-2337318-SNAPSHOT.jar:/home/user/.m2/repository/org/apache/ratis/ratis-grpc/0.4.0-2337318-SNAPSHOT/ratis-grpc-0.4.0-2337318-SNAPSHOT.jar:/home/user/.m2/repository/org/rocksdb/rocksdbjni/6.0.1/rocksdbjni-6.0.1.jar:/home/user/.m2/repository/org/apache/logging/log4j/log4j-api/2.11.0/log4j-api-2.11.0.jar:/home/user/.m2/repository/org/apache/logging/log4j/log4j-core/2.11.0/log4j-core-2.11.0.jar:/home/user/.m2/repository/com/lmax/disruptor/3.4.2/disruptor-3.4.2.jar:/home/user/.m2/repository/org/apache/commons/commons-pool2/2.6.0/commons-pool2-2.6.0.jar:/home/user/.m2/repository/org/bouncycastle/bcpkix-jdk15on/1.60/bcpkix-jdk15on-1.60.jar:/home/user/.m2/repository/commons-validator/commons-validator/1.6/commons-validator-1.6.jar:/home/user/.m2/repository/commons-digester/commons-digester/1.8.1/commons-digester-1.8.1.jar:/home/user/.m2/repository/io/jaegertracing/jaeger-client/0.33.1/jaeger-client-0.33.1.jar:/home/user/.m2/repository/io/jaegertracing/jaeger-thrift/0.33.1/jaeger-thrift-0.33.1.jar:/home/user/.m2/repository/org/apache/thrift/libthrift/0.11.0/libthrift-0.11.0.jar:/home/user/.m2/repository/com/squareup/okhttp3/okhttp/3.9.0/okhttp-3.9.0.jar:/home/user/.m2/repository/com/squareup/okio/okio/1.13.0/okio-1.13.0.jar:/home/user/.m2/repository/io/jaegertracing/jaeger-core/0.33.1/jaeger-core-0.33.1.jar:/home/user/.m2/repository/io/jaegertracing/jaeger-tracerresolver/0.33.1/jaeger-tracerresolver-0.33.1.jar:/home/user/.m2/repository/io/opentracing/contrib/opentracing-tracerresolver/0.1.5/opentracing-tracerresolver-0.1.5.jar:/home/user/.m2/repository/io/opentracing/opentracing-util/0.31.0/opentracing-util-0.31.0.jar:/home/user/.m2/repository/io/opentracing/opentracing-api/0.31.0/opentracing-api-0.31.0.jar:/home/user/.m2/repository/io/opentracing/opentracing-noop/0.31.0/opentracing-noop-0.31.0.jar:/home/user/.m2/repository/org/yaml/snakeyaml/1.16/snakeyaml-1.16.jar:/workdir/hadoop-hdds/container-service/target/classes:/workdir/hadoop-hdds/client/target/classes:/workdir/hadoop-hdds/tools/target/classes:/home/user/.m2/repository/org/xerial/sqlite-jdbc/3.25.2/sqlite-jdbc-3.25.2.jar:/workdir/hadoop-hdds/server-scm/target/classes:/home/user/.m2/repository/org/hamcrest/hamcrest-all/1.3/hamcrest-all-1.3.jar:/home/user/.m2/repository/info/picocli/picocli/3.9.6/picocli-3.9.6.jar:/home/user/.m2/repository/com/google/protobuf/protobuf-java/2.5.0/protobuf-java-2.5.0.jar:/home/user/.m2/repository/com/google/guava/guava/11.0.2/guava-11.0.2.jar:/workdir/hadoop-ozone/client/target/classes:/home/user/.m2/repository/org/apache/hadoop/hadoop-ozone-filesystem/0.4.1-SNAPSHOT/hadoop-ozone-filesystem-0.4.1-SNAPSHOT.jar:/workdir/hadoop-hdds/framework/target/classes:/home/user/.m2/repository/org/apache/hadoop/hadoop-common/3.2.0/hadoop-common-3.2.0.jar:/home/user/.m2/repository/org/apache/hadoop/hadoop-annotations/3.2.0/hadoop-annotations-3.2.0.jar:/usr/lib/jvm/java-1.8-openjdk/jre/../lib/tools.jar:/home/user/.m2/repository/commons-cli/commons-cli/1.2/commons-cli-1.2.jar:/home/user/.m2/repository/org/apache/commons/commons-math3/3.1.1/commons-math3-3.1.1.jar:/home/user/.m2/repository/org/apache/httpcomponents/httpclient/4.5.2/httpclient-4.5.2.jar:/home/user/.m2/repository/org/apache/httpcomponents/httpcore/4.4.4/httpcore-4.4.4.jar:/home/user/.m2/repository/commons-codec/commons-codec/1.11/commons-codec-1.11.jar:/home/user/.m2/repository/commons-io/commons-io/2.5/commons-io-2.5.jar:/home/user/.m2/repository/commons-net/commons-net/3.6/commons-net-3.6.jar:/home/user/.m2/repository/commons-collections/commons-collections/3.2.2/commons-collections-3.2.2.jar:/home/user/.m2/repository/javax/servlet/javax.servlet-api/3.1.0/javax.servlet-api-3.1.0.jar:/home/user/.m2/repository/org/eclipse/jetty/jetty-server/9.3.24.v20180605/jetty-server-9.3.24.v20180605.jar:/home/user/.m2/repository/org/eclipse/jetty/jetty-http/9.3.24.v20180605/jetty-http-9.3.24.v20180605.jar:/home/user/.m2/repository/org/eclipse/jetty/jetty-io/9.3.24.v20180605/jetty-io-9.3.24.v20180605.jar:/home/user/.m2/repository/org/eclipse/jetty/jetty-util/9.3.24.v20180605/jetty-util-9.3.24.v20180605.jar:/home/user/.m2/repository/org/eclipse/jetty/jetty-servlet/9.3.24.v20180605/jetty-servlet-9.3.24.v20180605.jar:/home/user/.m2/repository/org/eclipse/jetty/jetty-security/9.3.24.v20180605/jetty-security-9.3.24.v20180605.jar:/home/user/.m2/repository/org/eclipse/jetty/jetty-webapp/9.3.24.v20180605/jetty-webapp-9.3.24.v20180605.jar:/home/user/.m2/repository/org/eclipse/jetty/jetty-xml/9.3.24.v20180605/jetty-xml-9.3.24.v20180605.jar:/home/user/.m2/repository/javax/servlet/jsp/jsp-api/2.1/jsp-api-2.1.jar:/home/user/.m2/repository/com/sun/jersey/jersey-core/1.19/jersey-core-1.19.jar:/home/user/.m2/repository/javax/ws/rs/jsr311-api/1.1.1/jsr311-api-1.1.1.jar:/home/user/.m2/repository/com/sun/jersey/jersey-servlet/1.19/jersey-servlet-1.19.jar:/home/user/.m2/repository/com/sun/jersey/jersey-json/1.19/jersey-json-1.19.jar:/home/user/.m2/repository/org/codehaus/jettison/jettison/1.1/jettison-1.1.jar:/home/user/.m2/repository/com/sun/xml/bind/jaxb-impl/2.3.0.1/jaxb-impl-2.3.0.1.jar:/home/user/.m2/repository/org/codehaus/jackson/jackson-core-asl/1.9.13/jackson-core-asl-1.9.13.jar:/home/user/.m2/repository/org/codehaus/jackson/jackson-mapper-asl/1.9.13/jackson-mapper-asl-1.9.13.jar:/home/user/.m2/repository/org/codehaus/jackson/jackson-jaxrs/1.9.13/jackson-jaxrs-1.9.13.jar:/home/user/.m2/repository/org/codehaus/jackson/jackson-xc/1.9.13/jackson-xc-1.9.13.jar:/home/user/.m2/repository/com/sun/jersey/jersey-server/1.19/jersey-server-1.19.jar:/home/user/.m2/repository/commons-logging/commons-logging/1.1.3/commons-logging-1.1.3.jar:/home/user/.m2/repository/log4j/log4j/1.2.17/log4j-1.2.17.jar:/home/user/.m2/repository/commons-beanutils/commons-beanutils/1.9.3/commons-beanutils-1.9.3.jar:/home/user/.m2/repository/org/apache/commons/commons-configuration2/2.1.1/commons-configuration2-2.1.1.jar:/home/user/.m2/repository/org/apache/commons/commons-lang3/3.7/commons-lang3-3.7.jar:/home/user/.m2/repository/org/apache/commons/commons-text/1.4/commons-text-1.4.jar:/home/user/.m2/repository/org/slf4j/slf4j-api/1.7.25/slf4j-api-1.7.25.jar:/home/user/.m2/repository/org/slf4j/slf4j-log4j12/1.7.25/slf4j-log4j12-1.7.25.jar:/home/user/.m2/repository/org/apache/avro/avro/1.7.7/avro-1.7.7.jar:/home/user/.m2/repository/com/thoughtworks/paranamer/paranamer/2.3/paranamer-2.3.jar:/home/user/.m2/repository/org/xerial/snappy/snappy-java/1.0.5/snappy-java-1.0.5.jar:/home/user/.m2/repository/com/google/re2j/re2j/1.1/re2j-1.1.jar:/home/user/.m2/repository/com/google/code/gson/gson/2.2.4/gson-2.2.4.jar:/home/user/.m2/repository/org/apache/hadoop/hadoop-auth/3.2.0/hadoop-auth-3.2.0.jar:/home/user/.m2/repository/com/nimbusds/nimbus-jose-jwt/4.41.1/nimbus-jose-jwt-4.41.1.jar:/home/user/.m2/repository/com/github/stephenc/jcip/jcip-annotations/1.0-1/jcip-annotations-1.0-1.jar:/home/user/.m2/repository/net/minidev/json-smart/2.3/json-smart-2.3.jar:/home/user/.m2/repository/net/minidev/accessors-smart/1.2/accessors-smart-1.2.jar:/home/user/.m2/repository/org/apache/curator/curator-framework/2.12.0/curator-framework-2.12.0.jar:/home/user/.m2/repository/com/jcraft/jsch/0.1.54/jsch-0.1.54.jar:/home/user/.m2/repository/org/apache/curator/curator-client/2.12.0/curator-client-2.12.0.jar:/home/user/.m2/repository/org/apache/curator/curator-recipes/2.12.0/curator-recipes-2.12.0.jar:/home/user/.m2/repository/com/google/code/findbugs/jsr305/3.0.0/jsr305-3.0.0.jar:/home/user/.m2/repository/org/apache/htrace/htrace-core4/4.1.0-incubating/htrace-core4-4.1.0-incubating.jar:/home/user/.m2/repository/org/apache/zookeeper/zookeeper/3.4.13/zookeeper-3.4.13.jar:/home/user/.m2/repository/org/apache/yetus/audience-annotations/0.5.0/audience-annotations-0.5.0.jar:/home/user/.m2/repository/org/apache/kerby/kerb-simplekdc/1.0.1/kerb-simplekdc-1.0.1.jar:/home/user/.m2/repository/org/apache/kerby/kerb-client/1.0.1/kerb-client-1.0.1.jar:/home/user/.m2/repository/org/apache/kerby/kerby-config/1.0.1/kerby-config-1.0.1.jar:/home/user/.m2/repository/org/apache/kerby/kerb-core/1.0.1/kerb-core-1.0.1.jar:/home/user/.m2/repository/org/apache/kerby/kerby-pkix/1.0.1/kerby-pkix-1.0.1.jar:/home/user/.m2/repository/org/apache/kerby/kerby-asn1/1.0.1/kerby-asn1-1.0.1.jar:/home/user/.m2/repository/org/apache/kerby/kerby-util/1.0.1/kerby-util-1.0.1.jar:/home/user/.m2/repository/org/apache/kerby/kerb-common/1.0.1/kerb-common-1.0.1.jar:/home/user/.m2/repository/org/apache/kerby/kerb-crypto/1.0.1/kerb-crypto-1.0.1.jar:/home/user/.m2/repository/org/apache/kerby/kerb-util/1.0.1/kerb-util-1.0.1.jar:/home/user/.m2/repository/org/apache/kerby/token-provider/1.0.1/token-provider-1.0.1.jar:/home/user/.m2/repository/org/apache/kerby/kerb-admin/1.0.1/kerb-admin-1.0.1.jar:/home/user/.m2/repository/org/apache/kerby/kerb-server/1.0.1/kerb-server-1.0.1.jar:/home/user/.m2/repository/org/apache/kerby/kerb-identity/1.0.1/kerb-identity-1.0.1.jar:/home/user/.m2/repository/org/apache/kerby/kerby-xdr/1.0.1/kerby-xdr-1.0.1.jar:/home/user/.m2/repository/com/fasterxml/jackson/core/jackson-databind/2.9.5/jackson-databind-2.9.5.jar:/home/user/.m2/repository/com/fasterxml/jackson/core/jackson-core/2.9.5/jackson-core-2.9.5.jar:/home/user/.m2/repository/org/codehaus/woodstox/stax2-api/3.1.4/stax2-api-3.1.4.jar:/home/user/.m2/repository/com/fasterxml/woodstox/woodstox-core/5.0.3/woodstox-core-5.0.3.jar:/home/user/.m2/repository/dnsjava/dnsjava/2.1.7/dnsjava-2.1.7.jar:/home/user/.m2/repository/org/apache/hadoop/hadoop-hdfs/3.2.0/hadoop-hdfs-3.2.0.jar:/home/user/.m2/repository/org/eclipse/jetty/jetty-util-ajax/9.3.24.v20180605/jetty-util-ajax-9.3.24.v20180605.jar:/home/user/.m2/repository/commons-daemon/commons-daemon/1.0.13/commons-daemon-1.0.13.jar:/home/user/.m2/repository/io/netty/netty/3.10.5.Final/netty-3.10.5.Final.jar:/home/user/.m2/repository/io/netty/netty-all/4.0.52.Final/netty-all-4.0.52.Final.jar:/home/user/.m2/repository/org/fusesource/leveldbjni/leveldbjni-all/1.8/leveldbjni-all-1.8.jar:/home/user/.m2/repository/com/sun/xml/bind/jaxb-core/2.3.0.1/jaxb-core-2.3.0.1.jar:/home/user/.m2/repository/javax/xml/bind/jaxb-api/2.3.0/jaxb-api-2.3.0.jar:/home/user/.m2/repository/javax/activation/activation/1.1.1/activation-1.1.1.jar:/home/user/.m2/repository/io/dropwizard/metrics/metrics-core/3.2.4/metrics-core-3.2.4.jar:/home/user/.m2/repository/org/openjdk/jmh/jmh-core/1.19/jmh-core-1.19.jar:/home/user/.m2/repository/net/sf/jopt-simple/jopt-simple/4.6/jopt-simple-4.6.jar:/home/user/.m2/repository/org/openjdk/jmh/jmh-generator-annprocess/1.19/jmh-generator-annprocess-1.19.jar:/home/user/.m2/repository/com/google/code/findbugs/findbugs/3.0.1/findbugs-3.0.1.jar:/home/user/.m2/repository/net/jcip/jcip-annotations/1.0/jcip-annotations-1.0.jar:/home/user/.m2/repository/com/google/code/findbugs/bcel-findbugs/6.0/bcel-findbugs-6.0.jar:/home/user/.m2/repository/com/google/code/findbugs/jFormatString/2.0.1/jFormatString-2.0.1.jar:/home/user/.m2/repository/dom4j/dom4j/1.6.1/dom4j-1.6.1.jar:/home/user/.m2/repository/xml-apis/xml-apis/1.0.b2/xml-apis-1.0.b2.jar:/home/user/.m2/repository/org/ow2/asm/asm-debug-all/5.0.2/asm-debug-all-5.0.2.jar:/home/user/.m2/repository/org/ow2/asm/asm-commons/5.0.2/asm-commons-5.0.2.jar:/home/user/.m2/repository/org/ow2/asm/asm-tree/5.0.2/asm-tree-5.0.2.jar:/home/user/.m2/repository/org/ow2/asm/asm/5.0.4/asm-5.0.4.jar:/home/user/.m2/repository/commons-lang/commons-lang/2.6/commons-lang-2.6.jar:/home/user/.m2/repository/com/apple/AppleJavaExtensions/1.4/AppleJavaExtensions-1.4.jar:/home/user/.m2/repository/jaxen/jaxen/1.1.6/jaxen-1.1.6.jar:/home/user/.m2/repository/junit/junit/4.11/junit-4.11.jar:/home/user/.m2/repository/org/hamcrest/hamcrest-core/1.3/hamcrest-core-1.3.jar:/home/user/.m2/repository/org/apache/hadoop/hadoop-common/3.2.0/hadoop-common-3.2.0-tests.jar:/home/user/.m2/repository/org/apache/hadoop/hadoop-ozone-integration-test/0.4.1-SNAPSHOT/hadoop-ozone-integration-test-0.4.1-SNAPSHOT-tests.jar:/workdir/hadoop-ozone/objectstore-service/target/classes:/workdir/hadoop-ozone/s3gateway/target/classes:/home/user/.m2/repository/org/jboss/weld/servlet/weld-servlet/2.4.7.Final/weld-servlet-2.4.7.Final.jar:/home/user/.m2/repository/org/glassfish/jersey/containers/jersey-container-servlet-core/2.27/jersey-container-servlet-core-2.27.jar:/home/user/.m2/repository/org/glassfish/hk2/external/javax.inject/2.5.0-b42/javax.inject-2.5.0-b42.jar:/home/user/.m2/repository/org/glassfish/jersey/core/jersey-common/2.27/jersey-common-2.27.jar:/home/user/.m2/repository/org/glassfish/hk2/osgi-resource-locator/1.0.1/osgi-resource-locator-1.0.1.jar:/home/user/.m2/repository/javax/ws/rs/javax.ws.rs-api/2.1/javax.ws.rs-api-2.1.jar:/home/user/.m2/repository/org/glassfish/jersey/ext/cdi/jersey-cdi1x/2.27/jersey-cdi1x-2.27.jar:/home/user/.m2/repository/org/glassfish/jersey/inject/jersey-hk2/2.27/jersey-hk2-2.27.jar:/home/user/.m2/repository/org/glassfish/hk2/hk2-locator/2.5.0-b42/hk2-locator-2.5.0-b42.jar:/home/user/.m2/repository/org/javassist/javassist/3.22.0-CR2/javassist-3.22.0-CR2.jar:/home/user/.m2/repository/org/glassfish/hk2/hk2-api/2.5.0/hk2-api-2.5.0.jar:/home/user/.m2/repository/org/glassfish/hk2/external/jakarta.inject/2.5.0/jakarta.inject-2.5.0.jar:/home/user/.m2/repository/org/glassfish/hk2/hk2-utils/2.5.0/hk2-utils-2.5.0.jar:/home/user/.m2/repository/jakarta/annotation/jakarta.annotation-api/1.3.4/jakarta.annotation-api-1.3.4.jar:/home/user/.m2/repository/org/glassfish/hk2/external/aopalliance-repackaged/2.5.0/aopalliance-repackaged-2.5.0.jar:/home/user/.m2/repository/com/fasterxml/jackson/dataformat/jackson-dataformat-xml/2.9.0/jackson-dataformat-xml-2.9.0.jar:/home/user/.m2/repository/com/fasterxml/jackson/module/jackson-module-jaxb-annotations/2.9.5/jackson-module-jaxb-annotations-2.9.5.jar:/home/user/.m2/repository/javax/enterprise/cdi-api/1.2/cdi-api-1.2.jar:/home/user/.m2/repository/javax/el/javax.el-api/3.0.0/javax.el-api-3.0.0.jar:/home/user/.m2/repository/javax/interceptor/javax.interceptor-api/1.2/javax.interceptor-api-1.2.jar:/home/user/.m2/repository/javax/inject/javax.inject/1/javax.inject-1.jar:/workdir/hadoop-ozone/csi/target/classes:/home/user/.m2/repository/com/google/protobuf/protobuf-java-util/3.5.1/protobuf-java-util-3.5.1.jar:/home/user/.m2/repository/io/grpc/grpc-netty/1.17.1/grpc-netty-1.17.1.jar:/home/user/.m2/repository/io/grpc/grpc-core/1.17.1/grpc-core-1.17.1.jar:/home/user/.m2/repository/io/grpc/grpc-context/1.17.1/grpc-context-1.17.1.jar:/home/user/.m2/repository/com/google/errorprone/error_prone_annotations/2.2.0/error_prone_annotations-2.2.0.jar:/home/user/.m2/repository/org/codehaus/mojo/animal-sniffer-annotations/1.17/animal-sniffer-annotations-1.17.jar:/home/user/.m2/repository/io/opencensus/opencensus-api/0.17.0/opencensus-api-0.17.0.jar:/home/user/.m2/repository/io/opencensus/opencensus-contrib-grpc-metrics/0.17.0/opencensus-contrib-grpc-metrics-0.17.0.jar:/home/user/.m2/repository/io/netty/netty-codec-http2/4.1.30.Final/netty-codec-http2-4.1.30.Final.jar:/home/user/.m2/repository/io/netty/netty-codec-http/4.1.30.Final/netty-codec-http-4.1.30.Final.jar:/home/user/.m2/repository/io/netty/netty-codec/4.1.30.Final/netty-codec-4.1.30.Final.jar:/home/user/.m2/repository/io/netty/netty-handler/4.1.30.Final/netty-handler-4.1.30.Final.jar:/home/user/.m2/repository/io/netty/netty-handler-proxy/4.1.30.Final/netty-handler-proxy-4.1.30.Final.jar:/home/user/.m2/repository/io/netty/netty-codec-socks/4.1.30.Final/netty-codec-socks-4.1.30.Final.jar:/home/user/.m2/repository/io/netty/netty-transport-native-epoll/4.1.30.Final/netty-transport-native-epoll-4.1.30.Final.jar:/home/user/.m2/repository/io/netty/netty-common/4.1.30.Final/netty-common-4.1.30.Final.jar:/home/user/.m2/repository/io/netty/netty-buffer/4.1.30.Final/netty-buffer-4.1.30.Final.jar:/home/user/.m2/repository/io/netty/netty-transport/4.1.30.Final/netty-transport-4.1.30.Final.jar:/home/user/.m2/repository/io/netty/netty-resolver/4.1.30.Final/netty-resolver-4.1.30.Final.jar:/home/user/.m2/repository/io/netty/netty-transport-native-unix-common/4.1.30.Final/netty-transport-native-unix-common-4.1.30.Final.jar:/home/user/.m2/repository/io/grpc/grpc-protobuf/1.17.1/grpc-protobuf-1.17.1.jar:/home/user/.m2/repository/com/google/api/grpc/proto-google-common-protos/1.0.0/proto-google-common-protos-1.0.0.jar:/home/user/.m2/repository/io/grpc/grpc-protobuf-lite/1.17.1/grpc-protobuf-lite-1.17.1.jar:/home/user/.m2/repository/io/grpc/grpc-stub/1.17.1/grpc-stub-1.17.1.jar:/workdir/hadoop-ozone/ozone-recon/target/classes:/workdir/hadoop-ozone/ozone-recon-codegen/target/classes:/home/user/.m2/repository/com/google/inject/extensions/guice-multibindings/4.0/guice-multibindings-4.0.jar:/home/user/.m2/repository/com/google/inject/guice/4.0/guice-4.0.jar:/home/user/.m2/repository/aopalliance/aopalliance/1.0/aopalliance-1.0.jar:/home/user/.m2/repository/com/google/inject/extensions/guice-servlet/4.0/guice-servlet-4.0.jar:/home/user/.m2/repository/org/glassfish/jersey/containers/jersey-container-servlet/2.27/jersey-container-servlet-2.27.jar:/home/user/.m2/repository/org/glassfish/hk2/guice-bridge/2.5.0/guice-bridge-2.5.0.jar:/home/user/.m2/repository/org/glassfish/jersey/core/jersey-server/2.27/jersey-server-2.27.jar:/home/user/.m2/repository/org/glassfish/jersey/core/jersey-client/2.27/jersey-client-2.27.jar:/home/user/.m2/repository/org/glassfish/jersey/media/jersey-media-jaxb/2.27/jersey-media-jaxb-2.27.jar:/home/user/.m2/repository/javax/validation/validation-api/1.1.0.Final/validation-api-1.1.0.Final.jar:/home/user/.m2/repository/org/glassfish/jersey/media/jersey-media-json-jackson/2.27/jersey-media-json-jackson-2.27.jar:/home/user/.m2/repository/org/glassfish/jersey/ext/jersey-entity-filtering/2.27/jersey-entity-filtering-2.27.jar:/home/user/.m2/repository/com/google/inject/extensions/guice-assistedinject/4.0/guice-assistedinject-4.0.jar:/home/user/.m2/repository/org/jooq/jooq/3.11.10/jooq-3.11.10.jar:/home/user/.m2/repository/org/jooq/jooq-meta/3.11.10/jooq-meta-3.11.10.jar:/home/user/.m2/repository/org/jooq/jooq-codegen/3.11.10/jooq-codegen-3.11.10.jar:/home/user/.m2/repository/com/jolbox/bonecp/0.8.0.RELEASE/bonecp-0.8.0.RELEASE.jar:/home/user/.m2/repository/org/springframework/spring-jdbc/5.1.3.RELEASE/spring-jdbc-5.1.3.RELEASE.jar:/home/user/.m2/repository/org/springframework/spring-beans/5.1.3.RELEASE/spring-beans-5.1.3.RELEASE.jar:/home/user/.m2/repository/org/springframework/spring-core/5.1.3.RELEASE/spring-core-5.1.3.RELEASE.jar:/home/user/.m2/repository/org/springframework/spring-jcl/5.1.3.RELEASE/spring-jcl-5.1.3.RELEASE.jar:/home/user/.m2/repository/org/springframework/spring-tx/5.1.3.RELEASE/spring-tx-5.1.3.RELEASE.jar:/home/user/.m2/repository/org/mockito/mockito-core/2.15.0/mockito-core-2.15.0.jar:/home/user/.m2/repository/net/bytebuddy/byte-buddy/1.7.9/byte-buddy-1.7.9.jar:/home/user/.m2/repository/net/bytebuddy/byte-buddy-agent/1.7.9/byte-buddy-agent-1.7.9.jar:/home/user/.m2/repository/org/objenesis/objenesis/1.0/objenesis-1.0.jar:"/>
    <property name="java.vm.vendor" value="IcedTea"/>
    <property name="sun.arch.data.model" value="64"/>
    <property name="test.build.dir" value="/workdir/hadoop-ozone/tools/target/test-dir"/>
    <property name="test.cache.data" value=""/>
    <property name="java.vendor.url" value="https://icedtea.classpath.org"/>
    <property name="user.timezone" value=""/>
    <property name="java.vm.specification.version" value="1.8"/>
    <property name="os.name" value="Linux"/>
    <property name="test.build.data" value="/workdir/hadoop-ozone/tools/target/test-dir"/>
    <property name="user.country" value="US"/>
    <property name="sun.java.launcher" value="SUN_STANDARD"/>
    <property name="sun.boot.library.path" value="/usr/lib/jvm/java-1.8-openjdk/jre/lib/amd64"/>
    <property name="sun.java.command" value="/workdir/hadoop-ozone/tools/target/surefire/surefirebooter1870207200540438415.jar /workdir/hadoop-ozone/tools/target/surefire 2019-07-30T20-42-36_856-jvmRun1 surefire4054031278300654137tmp surefire_1157315955362102750824tmp"/>
    <property name="surefire.test.class.path" value="/workdir/hadoop-ozone/tools/target/test-classes:/workdir/hadoop-ozone/tools/target/classes:/workdir/hadoop-ozone/ozone-manager/target/classes:/workdir/hadoop-hdds/docs/target/classes:/home/user/.m2/repository/org/bouncycastle/bcprov-jdk15on/1.60/bcprov-jdk15on-1.60.jar:/workdir/hadoop-ozone/common/target/classes:/home/user/.m2/repository/org/apache/commons/commons-compress/1.4.1/commons-compress-1.4.1.jar:/home/user/.m2/repository/org/tukaani/xz/1.0/xz-1.0.jar:/home/user/.m2/repository/org/apache/hadoop/hadoop-hdfs-client/3.2.0/hadoop-hdfs-client-3.2.0.jar:/home/user/.m2/repository/com/fasterxml/jackson/core/jackson-annotations/2.9.5/jackson-annotations-2.9.5.jar:/workdir/hadoop-hdds/common/target/classes:/workdir/hadoop-hdds/config/target/classes:/home/user/.m2/repository/javax/annotation/javax.annotation-api/1.2/javax.annotation-api-1.2.jar:/home/user/.m2/repository/org/apache/ratis/ratis-server/0.4.0-2337318-SNAPSHOT/ratis-server-0.4.0-2337318-SNAPSHOT.jar:/home/user/.m2/repository/org/apache/ratis/ratis-thirdparty-misc/0.2.0/ratis-thirdparty-misc-0.2.0.jar:/home/user/.m2/repository/org/apache/ratis/ratis-proto/0.4.0-2337318-SNAPSHOT/ratis-proto-0.4.0-2337318-SNAPSHOT.jar:/home/user/.m2/repository/org/apache/ratis/ratis-common/0.4.0-2337318-SNAPSHOT/ratis-common-0.4.0-2337318-SNAPSHOT.jar:/home/user/.m2/repository/org/apache/ratis/ratis-client/0.4.0-2337318-SNAPSHOT/ratis-client-0.4.0-2337318-SNAPSHOT.jar:/home/user/.m2/repository/org/apache/ratis/ratis-metrics/0.4.0-2337318-SNAPSHOT/ratis-metrics-0.4.0-2337318-SNAPSHOT.jar:/home/user/.m2/repository/org/apache/ratis/ratis-netty/0.4.0-2337318-SNAPSHOT/ratis-netty-0.4.0-2337318-SNAPSHOT.jar:/home/user/.m2/repository/org/apache/ratis/ratis-grpc/0.4.0-2337318-SNAPSHOT/ratis-grpc-0.4.0-2337318-SNAPSHOT.jar:/home/user/.m2/repository/org/rocksdb/rocksdbjni/6.0.1/rocksdbjni-6.0.1.jar:/home/user/.m2/repository/org/apache/logging/log4j/log4j-api/2.11.0/log4j-api-2.11.0.jar:/home/user/.m2/repository/org/apache/logging/log4j/log4j-core/2.11.0/log4j-core-2.11.0.jar:/home/user/.m2/repository/com/lmax/disruptor/3.4.2/disruptor-3.4.2.jar:/home/user/.m2/repository/org/apache/commons/commons-pool2/2.6.0/commons-pool2-2.6.0.jar:/home/user/.m2/repository/org/bouncycastle/bcpkix-jdk15on/1.60/bcpkix-jdk15on-1.60.jar:/home/user/.m2/repository/commons-validator/commons-validator/1.6/commons-validator-1.6.jar:/home/user/.m2/repository/commons-digester/commons-digester/1.8.1/commons-digester-1.8.1.jar:/home/user/.m2/repository/io/jaegertracing/jaeger-client/0.33.1/jaeger-client-0.33.1.jar:/home/user/.m2/repository/io/jaegertracing/jaeger-thrift/0.33.1/jaeger-thrift-0.33.1.jar:/home/user/.m2/repository/org/apache/thrift/libthrift/0.11.0/libthrift-0.11.0.jar:/home/user/.m2/repository/com/squareup/okhttp3/okhttp/3.9.0/okhttp-3.9.0.jar:/home/user/.m2/repository/com/squareup/okio/okio/1.13.0/okio-1.13.0.jar:/home/user/.m2/repository/io/jaegertracing/jaeger-core/0.33.1/jaeger-core-0.33.1.jar:/home/user/.m2/repository/io/jaegertracing/jaeger-tracerresolver/0.33.1/jaeger-tracerresolver-0.33.1.jar:/home/user/.m2/repository/io/opentracing/contrib/opentracing-tracerresolver/0.1.5/opentracing-tracerresolver-0.1.5.jar:/home/user/.m2/repository/io/opentracing/opentracing-util/0.31.0/opentracing-util-0.31.0.jar:/home/user/.m2/repository/io/opentracing/opentracing-api/0.31.0/opentracing-api-0.31.0.jar:/home/user/.m2/repository/io/opentracing/opentracing-noop/0.31.0/opentracing-noop-0.31.0.jar:/home/user/.m2/repository/org/yaml/snakeyaml/1.16/snakeyaml-1.16.jar:/workdir/hadoop-hdds/container-service/target/classes:/workdir/hadoop-hdds/client/target/classes:/workdir/hadoop-hdds/tools/target/classes:/home/user/.m2/repository/org/xerial/sqlite-jdbc/3.25.2/sqlite-jdbc-3.25.2.jar:/workdir/hadoop-hdds/server-scm/target/classes:/home/user/.m2/repository/org/hamcrest/hamcrest-all/1.3/hamcrest-all-1.3.jar:/home/user/.m2/repository/info/picocli/picocli/3.9.6/picocli-3.9.6.jar:/home/user/.m2/repository/com/google/protobuf/protobuf-java/2.5.0/protobuf-java-2.5.0.jar:/home/user/.m2/repository/com/google/guava/guava/11.0.2/guava-11.0.2.jar:/workdir/hadoop-ozone/client/target/classes:/home/user/.m2/repository/org/apache/hadoop/hadoop-ozone-filesystem/0.4.1-SNAPSHOT/hadoop-ozone-filesystem-0.4.1-SNAPSHOT.jar:/workdir/hadoop-hdds/framework/target/classes:/home/user/.m2/repository/org/apache/hadoop/hadoop-common/3.2.0/hadoop-common-3.2.0.jar:/home/user/.m2/repository/org/apache/hadoop/hadoop-annotations/3.2.0/hadoop-annotations-3.2.0.jar:/usr/lib/jvm/java-1.8-openjdk/jre/../lib/tools.jar:/home/user/.m2/repository/commons-cli/commons-cli/1.2/commons-cli-1.2.jar:/home/user/.m2/repository/org/apache/commons/commons-math3/3.1.1/commons-math3-3.1.1.jar:/home/user/.m2/repository/org/apache/httpcomponents/httpclient/4.5.2/httpclient-4.5.2.jar:/home/user/.m2/repository/org/apache/httpcomponents/httpcore/4.4.4/httpcore-4.4.4.jar:/home/user/.m2/repository/commons-codec/commons-codec/1.11/commons-codec-1.11.jar:/home/user/.m2/repository/commons-io/commons-io/2.5/commons-io-2.5.jar:/home/user/.m2/repository/commons-net/commons-net/3.6/commons-net-3.6.jar:/home/user/.m2/repository/commons-collections/commons-collections/3.2.2/commons-collections-3.2.2.jar:/home/user/.m2/repository/javax/servlet/javax.servlet-api/3.1.0/javax.servlet-api-3.1.0.jar:/home/user/.m2/repository/org/eclipse/jetty/jetty-server/9.3.24.v20180605/jetty-server-9.3.24.v20180605.jar:/home/user/.m2/repository/org/eclipse/jetty/jetty-http/9.3.24.v20180605/jetty-http-9.3.24.v20180605.jar:/home/user/.m2/repository/org/eclipse/jetty/jetty-io/9.3.24.v20180605/jetty-io-9.3.24.v20180605.jar:/home/user/.m2/repository/org/eclipse/jetty/jetty-util/9.3.24.v20180605/jetty-util-9.3.24.v20180605.jar:/home/user/.m2/repository/org/eclipse/jetty/jetty-servlet/9.3.24.v20180605/jetty-servlet-9.3.24.v20180605.jar:/home/user/.m2/repository/org/eclipse/jetty/jetty-security/9.3.24.v20180605/jetty-security-9.3.24.v20180605.jar:/home/user/.m2/repository/org/eclipse/jetty/jetty-webapp/9.3.24.v20180605/jetty-webapp-9.3.24.v20180605.jar:/home/user/.m2/repository/org/eclipse/jetty/jetty-xml/9.3.24.v20180605/jetty-xml-9.3.24.v20180605.jar:/home/user/.m2/repository/javax/servlet/jsp/jsp-api/2.1/jsp-api-2.1.jar:/home/user/.m2/repository/com/sun/jersey/jersey-core/1.19/jersey-core-1.19.jar:/home/user/.m2/repository/javax/ws/rs/jsr311-api/1.1.1/jsr311-api-1.1.1.jar:/home/user/.m2/repository/com/sun/jersey/jersey-servlet/1.19/jersey-servlet-1.19.jar:/home/user/.m2/repository/com/sun/jersey/jersey-json/1.19/jersey-json-1.19.jar:/home/user/.m2/repository/org/codehaus/jettison/jettison/1.1/jettison-1.1.jar:/home/user/.m2/repository/com/sun/xml/bind/jaxb-impl/2.3.0.1/jaxb-impl-2.3.0.1.jar:/home/user/.m2/repository/org/codehaus/jackson/jackson-core-asl/1.9.13/jackson-core-asl-1.9.13.jar:/home/user/.m2/repository/org/codehaus/jackson/jackson-mapper-asl/1.9.13/jackson-mapper-asl-1.9.13.jar:/home/user/.m2/repository/org/codehaus/jackson/jackson-jaxrs/1.9.13/jackson-jaxrs-1.9.13.jar:/home/user/.m2/repository/org/codehaus/jackson/jackson-xc/1.9.13/jackson-xc-1.9.13.jar:/home/user/.m2/repository/com/sun/jersey/jersey-server/1.19/jersey-server-1.19.jar:/home/user/.m2/repository/commons-logging/commons-logging/1.1.3/commons-logging-1.1.3.jar:/home/user/.m2/repository/log4j/log4j/1.2.17/log4j-1.2.17.jar:/home/user/.m2/repository/commons-beanutils/commons-beanutils/1.9.3/commons-beanutils-1.9.3.jar:/home/user/.m2/repository/org/apache/commons/commons-configuration2/2.1.1/commons-configuration2-2.1.1.jar:/home/user/.m2/repository/org/apache/commons/commons-lang3/3.7/commons-lang3-3.7.jar:/home/user/.m2/repository/org/apache/commons/commons-text/1.4/commons-text-1.4.jar:/home/user/.m2/repository/org/slf4j/slf4j-api/1.7.25/slf4j-api-1.7.25.jar:/home/user/.m2/repository/org/slf4j/slf4j-log4j12/1.7.25/slf4j-log4j12-1.7.25.jar:/home/user/.m2/repository/org/apache/avro/avro/1.7.7/avro-1.7.7.jar:/home/user/.m2/repository/com/thoughtworks/paranamer/paranamer/2.3/paranamer-2.3.jar:/home/user/.m2/repository/org/xerial/snappy/snappy-java/1.0.5/snappy-java-1.0.5.jar:/home/user/.m2/repository/com/google/re2j/re2j/1.1/re2j-1.1.jar:/home/user/.m2/repository/com/google/code/gson/gson/2.2.4/gson-2.2.4.jar:/home/user/.m2/repository/org/apache/hadoop/hadoop-auth/3.2.0/hadoop-auth-3.2.0.jar:/home/user/.m2/repository/com/nimbusds/nimbus-jose-jwt/4.41.1/nimbus-jose-jwt-4.41.1.jar:/home/user/.m2/repository/com/github/stephenc/jcip/jcip-annotations/1.0-1/jcip-annotations-1.0-1.jar:/home/user/.m2/repository/net/minidev/json-smart/2.3/json-smart-2.3.jar:/home/user/.m2/repository/net/minidev/accessors-smart/1.2/accessors-smart-1.2.jar:/home/user/.m2/repository/org/apache/curator/curator-framework/2.12.0/curator-framework-2.12.0.jar:/home/user/.m2/repository/com/jcraft/jsch/0.1.54/jsch-0.1.54.jar:/home/user/.m2/repository/org/apache/curator/curator-client/2.12.0/curator-client-2.12.0.jar:/home/user/.m2/repository/org/apache/curator/curator-recipes/2.12.0/curator-recipes-2.12.0.jar:/home/user/.m2/repository/com/google/code/findbugs/jsr305/3.0.0/jsr305-3.0.0.jar:/home/user/.m2/repository/org/apache/htrace/htrace-core4/4.1.0-incubating/htrace-core4-4.1.0-incubating.jar:/home/user/.m2/repository/org/apache/zookeeper/zookeeper/3.4.13/zookeeper-3.4.13.jar:/home/user/.m2/repository/org/apache/yetus/audience-annotations/0.5.0/audience-annotations-0.5.0.jar:/home/user/.m2/repository/org/apache/kerby/kerb-simplekdc/1.0.1/kerb-simplekdc-1.0.1.jar:/home/user/.m2/repository/org/apache/kerby/kerb-client/1.0.1/kerb-client-1.0.1.jar:/home/user/.m2/repository/org/apache/kerby/kerby-config/1.0.1/kerby-config-1.0.1.jar:/home/user/.m2/repository/org/apache/kerby/kerb-core/1.0.1/kerb-core-1.0.1.jar:/home/user/.m2/repository/org/apache/kerby/kerby-pkix/1.0.1/kerby-pkix-1.0.1.jar:/home/user/.m2/repository/org/apache/kerby/kerby-asn1/1.0.1/kerby-asn1-1.0.1.jar:/home/user/.m2/repository/org/apache/kerby/kerby-util/1.0.1/kerby-util-1.0.1.jar:/home/user/.m2/repository/org/apache/kerby/kerb-common/1.0.1/kerb-common-1.0.1.jar:/home/user/.m2/repository/org/apache/kerby/kerb-crypto/1.0.1/kerb-crypto-1.0.1.jar:/home/user/.m2/repository/org/apache/kerby/kerb-util/1.0.1/kerb-util-1.0.1.jar:/home/user/.m2/repository/org/apache/kerby/token-provider/1.0.1/token-provider-1.0.1.jar:/home/user/.m2/repository/org/apache/kerby/kerb-admin/1.0.1/kerb-admin-1.0.1.jar:/home/user/.m2/repository/org/apache/kerby/kerb-server/1.0.1/kerb-server-1.0.1.jar:/home/user/.m2/repository/org/apache/kerby/kerb-identity/1.0.1/kerb-identity-1.0.1.jar:/home/user/.m2/repository/org/apache/kerby/kerby-xdr/1.0.1/kerby-xdr-1.0.1.jar:/home/user/.m2/repository/com/fasterxml/jackson/core/jackson-databind/2.9.5/jackson-databind-2.9.5.jar:/home/user/.m2/repository/com/fasterxml/jackson/core/jackson-core/2.9.5/jackson-core-2.9.5.jar:/home/user/.m2/repository/org/codehaus/woodstox/stax2-api/3.1.4/stax2-api-3.1.4.jar:/home/user/.m2/repository/com/fasterxml/woodstox/woodstox-core/5.0.3/woodstox-core-5.0.3.jar:/home/user/.m2/repository/dnsjava/dnsjava/2.1.7/dnsjava-2.1.7.jar:/home/user/.m2/repository/org/apache/hadoop/hadoop-hdfs/3.2.0/hadoop-hdfs-3.2.0.jar:/home/user/.m2/repository/org/eclipse/jetty/jetty-util-ajax/9.3.24.v20180605/jetty-util-ajax-9.3.24.v20180605.jar:/home/user/.m2/repository/commons-daemon/commons-daemon/1.0.13/commons-daemon-1.0.13.jar:/home/user/.m2/repository/io/netty/netty/3.10.5.Final/netty-3.10.5.Final.jar:/home/user/.m2/repository/io/netty/netty-all/4.0.52.Final/netty-all-4.0.52.Final.jar:/home/user/.m2/repository/org/fusesource/leveldbjni/leveldbjni-all/1.8/leveldbjni-all-1.8.jar:/home/user/.m2/repository/com/sun/xml/bind/jaxb-core/2.3.0.1/jaxb-core-2.3.0.1.jar:/home/user/.m2/repository/javax/xml/bind/jaxb-api/2.3.0/jaxb-api-2.3.0.jar:/home/user/.m2/repository/javax/activation/activation/1.1.1/activation-1.1.1.jar:/home/user/.m2/repository/io/dropwizard/metrics/metrics-core/3.2.4/metrics-core-3.2.4.jar:/home/user/.m2/repository/org/openjdk/jmh/jmh-core/1.19/jmh-core-1.19.jar:/home/user/.m2/repository/net/sf/jopt-simple/jopt-simple/4.6/jopt-simple-4.6.jar:/home/user/.m2/repository/org/openjdk/jmh/jmh-generator-annprocess/1.19/jmh-generator-annprocess-1.19.jar:/home/user/.m2/repository/com/google/code/findbugs/findbugs/3.0.1/findbugs-3.0.1.jar:/home/user/.m2/repository/net/jcip/jcip-annotations/1.0/jcip-annotations-1.0.jar:/home/user/.m2/repository/com/google/code/findbugs/bcel-findbugs/6.0/bcel-findbugs-6.0.jar:/home/user/.m2/repository/com/google/code/findbugs/jFormatString/2.0.1/jFormatString-2.0.1.jar:/home/user/.m2/repository/dom4j/dom4j/1.6.1/dom4j-1.6.1.jar:/home/user/.m2/repository/xml-apis/xml-apis/1.0.b2/xml-apis-1.0.b2.jar:/home/user/.m2/repository/org/ow2/asm/asm-debug-all/5.0.2/asm-debug-all-5.0.2.jar:/home/user/.m2/repository/org/ow2/asm/asm-commons/5.0.2/asm-commons-5.0.2.jar:/home/user/.m2/repository/org/ow2/asm/asm-tree/5.0.2/asm-tree-5.0.2.jar:/home/user/.m2/repository/org/ow2/asm/asm/5.0.4/asm-5.0.4.jar:/home/user/.m2/repository/commons-lang/commons-lang/2.6/commons-lang-2.6.jar:/home/user/.m2/repository/com/apple/AppleJavaExtensions/1.4/AppleJavaExtensions-1.4.jar:/home/user/.m2/repository/jaxen/jaxen/1.1.6/jaxen-1.1.6.jar:/home/user/.m2/repository/junit/junit/4.11/junit-4.11.jar:/home/user/.m2/repository/org/hamcrest/hamcrest-core/1.3/hamcrest-core-1.3.jar:/home/user/.m2/repository/org/apache/hadoop/hadoop-common/3.2.0/hadoop-common-3.2.0-tests.jar:/home/user/.m2/repository/org/apache/hadoop/hadoop-ozone-integration-test/0.4.1-SNAPSHOT/hadoop-ozone-integration-test-0.4.1-SNAPSHOT-tests.jar:/workdir/hadoop-ozone/objectstore-service/target/classes:/workdir/hadoop-ozone/s3gateway/target/classes:/home/user/.m2/repository/org/jboss/weld/servlet/weld-servlet/2.4.7.Final/weld-servlet-2.4.7.Final.jar:/home/user/.m2/repository/org/glassfish/jersey/containers/jersey-container-servlet-core/2.27/jersey-container-servlet-core-2.27.jar:/home/user/.m2/repository/org/glassfish/hk2/external/javax.inject/2.5.0-b42/javax.inject-2.5.0-b42.jar:/home/user/.m2/repository/org/glassfish/jersey/core/jersey-common/2.27/jersey-common-2.27.jar:/home/user/.m2/repository/org/glassfish/hk2/osgi-resource-locator/1.0.1/osgi-resource-locator-1.0.1.jar:/home/user/.m2/repository/javax/ws/rs/javax.ws.rs-api/2.1/javax.ws.rs-api-2.1.jar:/home/user/.m2/repository/org/glassfish/jersey/ext/cdi/jersey-cdi1x/2.27/jersey-cdi1x-2.27.jar:/home/user/.m2/repository/org/glassfish/jersey/inject/jersey-hk2/2.27/jersey-hk2-2.27.jar:/home/user/.m2/repository/org/glassfish/hk2/hk2-locator/2.5.0-b42/hk2-locator-2.5.0-b42.jar:/home/user/.m2/repository/org/javassist/javassist/3.22.0-CR2/javassist-3.22.0-CR2.jar:/home/user/.m2/repository/org/glassfish/hk2/hk2-api/2.5.0/hk2-api-2.5.0.jar:/home/user/.m2/repository/org/glassfish/hk2/external/jakarta.inject/2.5.0/jakarta.inject-2.5.0.jar:/home/user/.m2/repository/org/glassfish/hk2/hk2-utils/2.5.0/hk2-utils-2.5.0.jar:/home/user/.m2/repository/jakarta/annotation/jakarta.annotation-api/1.3.4/jakarta.annotation-api-1.3.4.jar:/home/user/.m2/repository/org/glassfish/hk2/external/aopalliance-repackaged/2.5.0/aopalliance-repackaged-2.5.0.jar:/home/user/.m2/repository/com/fasterxml/jackson/dataformat/jackson-dataformat-xml/2.9.0/jackson-dataformat-xml-2.9.0.jar:/home/user/.m2/repository/com/fasterxml/jackson/module/jackson-module-jaxb-annotations/2.9.5/jackson-module-jaxb-annotations-2.9.5.jar:/home/user/.m2/repository/javax/enterprise/cdi-api/1.2/cdi-api-1.2.jar:/home/user/.m2/repository/javax/el/javax.el-api/3.0.0/javax.el-api-3.0.0.jar:/home/user/.m2/repository/javax/interceptor/javax.interceptor-api/1.2/javax.interceptor-api-1.2.jar:/home/user/.m2/repository/javax/inject/javax.inject/1/javax.inject-1.jar:/workdir/hadoop-ozone/csi/target/classes:/home/user/.m2/repository/com/google/protobuf/protobuf-java-util/3.5.1/protobuf-java-util-3.5.1.jar:/home/user/.m2/repository/io/grpc/grpc-netty/1.17.1/grpc-netty-1.17.1.jar:/home/user/.m2/repository/io/grpc/grpc-core/1.17.1/grpc-core-1.17.1.jar:/home/user/.m2/repository/io/grpc/grpc-context/1.17.1/grpc-context-1.17.1.jar:/home/user/.m2/repository/com/google/errorprone/error_prone_annotations/2.2.0/error_prone_annotations-2.2.0.jar:/home/user/.m2/repository/org/codehaus/mojo/animal-sniffer-annotations/1.17/animal-sniffer-annotations-1.17.jar:/home/user/.m2/repository/io/opencensus/opencensus-api/0.17.0/opencensus-api-0.17.0.jar:/home/user/.m2/repository/io/opencensus/opencensus-contrib-grpc-metrics/0.17.0/opencensus-contrib-grpc-metrics-0.17.0.jar:/home/user/.m2/repository/io/netty/netty-codec-http2/4.1.30.Final/netty-codec-http2-4.1.30.Final.jar:/home/user/.m2/repository/io/netty/netty-codec-http/4.1.30.Final/netty-codec-http-4.1.30.Final.jar:/home/user/.m2/repository/io/netty/netty-codec/4.1.30.Final/netty-codec-4.1.30.Final.jar:/home/user/.m2/repository/io/netty/netty-handler/4.1.30.Final/netty-handler-4.1.30.Final.jar:/home/user/.m2/repository/io/netty/netty-handler-proxy/4.1.30.Final/netty-handler-proxy-4.1.30.Final.jar:/home/user/.m2/repository/io/netty/netty-codec-socks/4.1.30.Final/netty-codec-socks-4.1.30.Final.jar:/home/user/.m2/repository/io/netty/netty-transport-native-epoll/4.1.30.Final/netty-transport-native-epoll-4.1.30.Final.jar:/home/user/.m2/repository/io/netty/netty-common/4.1.30.Final/netty-common-4.1.30.Final.jar:/home/user/.m2/repository/io/netty/netty-buffer/4.1.30.Final/netty-buffer-4.1.30.Final.jar:/home/user/.m2/repository/io/netty/netty-transport/4.1.30.Final/netty-transport-4.1.30.Final.jar:/home/user/.m2/repository/io/netty/netty-resolver/4.1.30.Final/netty-resolver-4.1.30.Final.jar:/home/user/.m2/repository/io/netty/netty-transport-native-unix-common/4.1.30.Final/netty-transport-native-unix-common-4.1.30.Final.jar:/home/user/.m2/repository/io/grpc/grpc-protobuf/1.17.1/grpc-protobuf-1.17.1.jar:/home/user/.m2/repository/com/google/api/grpc/proto-google-common-protos/1.0.0/proto-google-common-protos-1.0.0.jar:/home/user/.m2/repository/io/grpc/grpc-protobuf-lite/1.17.1/grpc-protobuf-lite-1.17.1.jar:/home/user/.m2/repository/io/grpc/grpc-stub/1.17.1/grpc-stub-1.17.1.jar:/workdir/hadoop-ozone/ozone-recon/target/classes:/workdir/hadoop-ozone/ozone-recon-codegen/target/classes:/home/user/.m2/repository/com/google/inject/extensions/guice-multibindings/4.0/guice-multibindings-4.0.jar:/home/user/.m2/repository/com/google/inject/guice/4.0/guice-4.0.jar:/home/user/.m2/repository/aopalliance/aopalliance/1.0/aopalliance-1.0.jar:/home/user/.m2/repository/com/google/inject/extensions/guice-servlet/4.0/guice-servlet-4.0.jar:/home/user/.m2/repository/org/glassfish/jersey/containers/jersey-container-servlet/2.27/jersey-container-servlet-2.27.jar:/home/user/.m2/repository/org/glassfish/hk2/guice-bridge/2.5.0/guice-bridge-2.5.0.jar:/home/user/.m2/repository/org/glassfish/jersey/core/jersey-server/2.27/jersey-server-2.27.jar:/home/user/.m2/repository/org/glassfish/jersey/core/jersey-client/2.27/jersey-client-2.27.jar:/home/user/.m2/repository/org/glassfish/jersey/media/jersey-media-jaxb/2.27/jersey-media-jaxb-2.27.jar:/home/user/.m2/repository/javax/validation/validation-api/1.1.0.Final/validation-api-1.1.0.Final.jar:/home/user/.m2/repository/org/glassfish/jersey/media/jersey-media-json-jackson/2.27/jersey-media-json-jackson-2.27.jar:/home/user/.m2/repository/org/glassfish/jersey/ext/jersey-entity-filtering/2.27/jersey-entity-filtering-2.27.jar:/home/user/.m2/repository/com/google/inject/extensions/guice-assistedinject/4.0/guice-assistedinject-4.0.jar:/home/user/.m2/repository/org/jooq/jooq/3.11.10/jooq-3.11.10.jar:/home/user/.m2/repository/org/jooq/jooq-meta/3.11.10/jooq-meta-3.11.10.jar:/home/user/.m2/repository/org/jooq/jooq-codegen/3.11.10/jooq-codegen-3.11.10.jar:/home/user/.m2/repository/com/jolbox/bonecp/0.8.0.RELEASE/bonecp-0.8.0.RELEASE.jar:/home/user/.m2/repository/org/springframework/spring-jdbc/5.1.3.RELEASE/spring-jdbc-5.1.3.RELEASE.jar:/home/user/.m2/repository/org/springframework/spring-beans/5.1.3.RELEASE/spring-beans-5.1.3.RELEASE.jar:/home/user/.m2/repository/org/springframework/spring-core/5.1.3.RELEASE/spring-core-5.1.3.RELEASE.jar:/home/user/.m2/repository/org/springframework/spring-jcl/5.1.3.RELEASE/spring-jcl-5.1.3.RELEASE.jar:/home/user/.m2/repository/org/springframework/spring-tx/5.1.3.RELEASE/spring-tx-5.1.3.RELEASE.jar:/home/user/.m2/repository/org/mockito/mockito-core/2.15.0/mockito-core-2.15.0.jar:/home/user/.m2/repository/net/bytebuddy/byte-buddy/1.7.9/byte-buddy-1.7.9.jar:/home/user/.m2/repository/net/bytebuddy/byte-buddy-agent/1.7.9/byte-buddy-agent-1.7.9.jar:/home/user/.m2/repository/org/objenesis/objenesis/1.0/objenesis-1.0.jar:"/>
    <property name="sun.cpu.endian" value="little"/>
    <property name="user.home" value="/home/user"/>
    <property name="user.language" value="en"/>
    <property name="java.specification.vendor" value="Oracle Corporation"/>
    <property name="java.home" value="/usr/lib/jvm/java-1.8-openjdk/jre"/>
    <property name="java.security.krb5.conf" value="/workdir/hadoop-ozone/tools/target/test-classes/krb5.conf"/>
    <property name="basedir" value="/workdir/hadoop-ozone/tools"/>
    <property name="file.separator" value="/"/>
    <property name="line.separator" value="&#10;"/>
    <property name="java.vm.specification.vendor" value="Oracle Corporation"/>
    <property name="java.specification.name" value="Java Platform API Specification"/>
    <property name="java.awt.graphicsenv" value="sun.awt.X11GraphicsEnvironment"/>
    <property name="surefire.real.class.path" value="/workdir/hadoop-ozone/tools/target/surefire/surefirebooter1870207200540438415.jar"/>
    <property name="hadoop.log.dir" value="/workdir/hadoop-ozone/tools/target/log"/>
    <property name="sun.boot.class.path" value="/usr/lib/jvm/java-1.8-openjdk/jre/lib/resources.jar:/usr/lib/jvm/java-1.8-openjdk/jre/lib/rt.jar:/usr/lib/jvm/java-1.8-openjdk/jre/lib/sunrsasign.jar:/usr/lib/jvm/java-1.8-openjdk/jre/lib/jsse.jar:/usr/lib/jvm/java-1.8-openjdk/jre/lib/jce.jar:/usr/lib/jvm/java-1.8-openjdk/jre/lib/charsets.jar:/usr/lib/jvm/java-1.8-openjdk/jre/lib/jfr.jar:/usr/lib/jvm/java-1.8-openjdk/jre/classes"/>
    <property name="sun.management.compiler" value="HotSpot 64-Bit Tiered Compilers"/>
    <property name="java.runtime.version" value="1.8.0_212-b04"/>
    <property name="java.net.preferIPv4Stack" value="true"/>
    <property name="user.name" value="jenkins1000"/>
    <property name="path.separator" value=":"/>
    <property name="java.security.egd" value="file:///dev/urandom"/>
    <property name="os.version" value="3.10.0-957.12.2.el7.x86_64"/>
    <property name="java.endorsed.dirs" value="/usr/lib/jvm/java-1.8-openjdk/jre/lib/endorsed"/>
    <property name="java.runtime.name" value="OpenJDK Runtime Environment"/>
    <property name="file.encoding" value="UTF-8"/>
    <property name="java.vm.name" value="OpenJDK 64-Bit Server VM"/>
    <property name="test.build.webapps" value=""/>
    <property name="localRepository" value="/home/user/.m2/repository"/>
    <property name="java.vendor.url.bug" value="https://icedtea.classpath.org/bugzilla"/>
    <property name="java.io.tmpdir" value="/tmp"/>
    <property name="require.test.libhadoop" value=""/>
    <property name="java.version" value="1.8.0_212"/>
    <property name="user.dir" value="/workdir/hadoop-ozone/tools"/>
    <property name="os.arch" value="amd64"/>
    <property name="java.vm.specification.name" value="Java Virtual Machine Specification"/>
    <property name="test.build.classes" value="/workdir/hadoop-ozone/tools/target/test-classes"/>
    <property name="java.awt.printerjob" value="sun.print.PSPrinterJob"/>
    <property name="sun.os.patch.level" value="unknown"/>
    <property name="hadoop.tmp.dir" value="/workdir/hadoop-ozone/tools/target/tmp"/>
    <property name="java.library.path" value="/usr/lib/jvm/java-1.8-openjdk/jre/lib/amd64/server:/usr/lib/jvm/java-1.8-openjdk/jre/lib/amd64:/usr/lib/jvm/java-1.8-openjdk/jre/../lib/amd64:/workdir/hadoop-ozone/tools/target/native/target/usr/local/lib:/workdir/hadoop-ozone/tools/../../hadoop-common-project/hadoop-common/target/native/target/usr/local/lib:/usr/java/packages/lib/amd64:/usr/lib64:/lib64:/lib:/usr/lib"/>
    <property name="java.vm.info" value="mixed mode"/>
    <property name="java.vendor" value="IcedTea"/>
    <property name="java.vm.version" value="25.212-b04"/>
    <property name="java.ext.dirs" value="/usr/lib/jvm/java-1.8-openjdk/jre/lib/ext:/usr/java/packages/lib/ext"/>
    <property name="sun.io.unicode.encoding" value="UnicodeLittle"/>
    <property name="java.class.version" value="52.0"/>
  </properties>
  <testcase name="ratisTestLargeKey" classname="org.apache.hadoop.ozone.freon.TestDataValidateWithSafeByteOperations" time="15.436">
    <error message="Unexpected Storage Container Exception: org.apache.hadoop.hdds.scm.container.common.helpers.StorageContainerException: ContainerID 2 does not exist" type="java.io.IOException">java.io.IOException: Unexpected Storage Container Exception: org.apache.hadoop.hdds.scm.container.common.helpers.StorageContainerException: ContainerID 2 does not exist
	at org.apache.hadoop.hdds.scm.storage.BlockOutputStream.setIoException(BlockOutputStream.java:541)
	at org.apache.hadoop.hdds.scm.storage.BlockOutputStream.validateResponse(BlockOutputStream.java:532)
	at org.apache.hadoop.hdds.scm.storage.BlockOutputStream.lambda$writeChunkToContainer$2(BlockOutputStream.java:606)
	at java.util.concurrent.CompletableFuture.uniApply(CompletableFuture.java:602)
	at java.util.concurrent.CompletableFuture$UniApply.tryFire(CompletableFuture.java:577)
	at java.util.concurrent.CompletableFuture$Completion.run(CompletableFuture.java:442)
	at java.util.concurrent.ThreadPoolExecutor.runWorker(ThreadPoolExecutor.java:1149)
	at java.util.concurrent.ThreadPoolExecutor$Worker.run(ThreadPoolExecutor.java:624)
	at java.lang.Thread.run(Thread.java:748)
Caused by: org.apache.hadoop.hdds.scm.container.common.helpers.StorageContainerException: ContainerID 2 does not exist
	at org.apache.hadoop.hdds.scm.storage.ContainerProtocolCalls.validateContainerResponse(ContainerProtocolCalls.java:536)
	at org.apache.hadoop.hdds.scm.storage.BlockOutputStream.validateResponse(BlockOutputStream.java:529)
	... 7 more
</error>
    <system-out><![CDATA[2019-07-30 20:57:19,817 WARN  server.ServerUtils (ServerUtils.java:getScmDbDir(145)) - ozone.scm.db.dirs is not configured. We recommend adding this setting. Falling back to ozone.metadata.dirs instead.
2019-07-30 20:57:19,929 WARN  server.ServerUtils (ServerUtils.java:getScmDbDir(145)) - ozone.scm.db.dirs is not configured. We recommend adding this setting. Falling back to ozone.metadata.dirs instead.
2019-07-30 20:57:19,932 WARN  server.ServerUtils (ServerUtils.java:getScmDbDir(145)) - ozone.scm.db.dirs is not configured. We recommend adding this setting. Falling back to ozone.metadata.dirs instead.
2019-07-30 20:57:19,945 INFO  util.log (Log.java:initialized(192)) - Logging initialized @867ms
2019-07-30 20:57:20,023 INFO  db.DBStoreBuilder (DBStoreBuilder.java:addTable(110)) - using custom profile for table: deletedBlocks
2019-07-30 20:57:20,023 INFO  db.DBStoreBuilder (DBStoreBuilder.java:processTables(161)) - Using default column profile:DBProfile.DISK for Table:deletedBlocks
2019-07-30 20:57:20,023 INFO  db.DBStoreBuilder (DBStoreBuilder.java:addTable(110)) - using custom profile for table: validCerts
2019-07-30 20:57:20,023 INFO  db.DBStoreBuilder (DBStoreBuilder.java:processTables(161)) - Using default column profile:DBProfile.DISK for Table:validCerts
2019-07-30 20:57:20,024 INFO  db.DBStoreBuilder (DBStoreBuilder.java:addTable(110)) - using custom profile for table: revokedCerts
2019-07-30 20:57:20,024 INFO  db.DBStoreBuilder (DBStoreBuilder.java:processTables(161)) - Using default column profile:DBProfile.DISK for Table:revokedCerts
2019-07-30 20:57:20,033 INFO  db.DBStoreBuilder (DBStoreBuilder.java:addTable(110)) - using custom profile for table: default
2019-07-30 20:57:20,034 INFO  db.DBStoreBuilder (DBStoreBuilder.java:processTables(167)) - Using default column profile:DBProfile.DISK for Table:default
2019-07-30 20:57:20,035 INFO  db.DBStoreBuilder (DBStoreBuilder.java:getDbProfile(198)) - Using default options. DBProfile.DISK
2019-07-30 20:57:20,243 INFO  net.NodeSchemaLoader (NodeSchemaLoader.java:loadSchemaFromFile(125)) - Loading file from sun.misc.CompoundEnumeration@769e7ee8
2019-07-30 20:57:20,246 INFO  net.NodeSchemaLoader (NodeSchemaLoader.java:loadSchema(171)) - Loading network topology layer schema file
2019-07-30 20:57:20,321 WARN  server.ServerUtils (ServerUtils.java:sanitizeUserArgs(70)) - ozone.scm.stale.node.interval value = 300000 is larger than max = 100000 based on the key value of ozone.scm.heartbeat.thread.interval, reset to the max value 100000.
2019-07-30 20:57:20,323 WARN  server.ServerUtils (ServerUtils.java:sanitizeUserArgs(70)) - ozone.scm.stale.node.interval value = 300000 is larger than max = 100000 based on the key value of ozone.scm.heartbeat.thread.interval, reset to the max value 100000.
2019-07-30 20:57:20,326 INFO  node.SCMNodeManager (SCMNodeManager.java:<init>(121)) - Entering startup safe mode.
2019-07-30 20:57:20,421 WARN  server.ServerUtils (ServerUtils.java:getScmDbDir(145)) - ozone.scm.db.dirs is not configured. We recommend adding this setting. Falling back to ozone.metadata.dirs instead.
2019-07-30 20:57:20,487 INFO  pipeline.SCMPipelineManager (SCMPipelineManager.java:initializePipelineState(126)) - No pipeline exists in current db
2019-07-30 20:57:20,490 WARN  server.ServerUtils (ServerUtils.java:getScmDbDir(145)) - ozone.scm.db.dirs is not configured. We recommend adding this setting. Falling back to ozone.metadata.dirs instead.
2019-07-30 20:57:20,616 WARN  events.EventQueue (EventQueue.java:fireEvent(175)) - No event handler registered for event TypedEvent{payloadType=SafeModeStatus, name='SafeModeStatus'}
2019-07-30 20:57:20,997 INFO  ipc.CallQueueManager (CallQueueManager.java:<init>(84)) - Using callQueue: class java.util.concurrent.LinkedBlockingQueue, queueCapacity: 2000, scheduler: class org.apache.hadoop.ipc.DefaultRpcScheduler, ipcBackoff: false.
2019-07-30 20:57:21,026 INFO  ipc.Server (Server.java:run(1074)) - Starting Socket Reader #1 for port 35129
2019-07-30 20:57:21,051 INFO  ipc.CallQueueManager (CallQueueManager.java:<init>(84)) - Using callQueue: class java.util.concurrent.LinkedBlockingQueue, queueCapacity: 2000, scheduler: class org.apache.hadoop.ipc.DefaultRpcScheduler, ipcBackoff: false.
2019-07-30 20:57:21,052 INFO  ipc.Server (Server.java:run(1074)) - Starting Socket Reader #1 for port 40007
2019-07-30 20:57:21,058 INFO  ipc.CallQueueManager (CallQueueManager.java:<init>(84)) - Using callQueue: class java.util.concurrent.LinkedBlockingQueue, queueCapacity: 2000, scheduler: class org.apache.hadoop.ipc.DefaultRpcScheduler, ipcBackoff: false.
2019-07-30 20:57:21,059 INFO  ipc.Server (Server.java:run(1074)) - Starting Socket Reader #1 for port 36244
2019-07-30 20:57:21,176 INFO  hdfs.DFSUtil (DFSUtil.java:httpServerTemplateForNNAndJN(1641)) - Starting Web-server for scm at: http://0.0.0.0:0
2019-07-30 20:57:21,335 INFO  server.AuthenticationFilter (AuthenticationFilter.java:constructSecretProvider(240)) - Unable to initialize FileSignerSecretProvider, falling back to use random secrets.
2019-07-30 20:57:21,351 WARN  http.HttpRequestLog (HttpRequestLog.java:getRequestLog(97)) - Jetty request log can only be enabled using Log4j
2019-07-30 20:57:21,359 INFO  http.HttpServer2 (HttpServer2.java:addGlobalFilter(975)) - Added global filter 'safety' (class=org.apache.hadoop.http.HttpServer2$QuotingInputFilter)
2019-07-30 20:57:21,362 INFO  http.HttpServer2 (HttpServer2.java:addFilter(948)) - Added filter static_user_filter (class=org.apache.hadoop.http.lib.StaticUserWebFilter$StaticUserFilter) to context scm
2019-07-30 20:57:21,362 INFO  http.HttpServer2 (HttpServer2.java:addFilter(958)) - Added filter static_user_filter (class=org.apache.hadoop.http.lib.StaticUserWebFilter$StaticUserFilter) to context logs
2019-07-30 20:57:21,362 INFO  http.HttpServer2 (HttpServer2.java:addFilter(958)) - Added filter static_user_filter (class=org.apache.hadoop.http.lib.StaticUserWebFilter$StaticUserFilter) to context static
2019-07-30 20:57:21,389 INFO  server.StorageContainerManager (StorageContainerManager.java:start(758)) - StorageContainerLocationProtocol RPC server is listening at /0.0.0.0:36244
2019-07-30 20:57:21,446 WARN  impl.MetricsConfig (MetricsConfig.java:loadFirst(134)) - Cannot locate configuration: tried hadoop-metrics2-storagecontainermanager.properties,hadoop-metrics2.properties
2019-07-30 20:57:21,460 INFO  impl.MetricsSystemImpl (MetricsSystemImpl.java:startTimer(374)) - Scheduled Metric snapshot period at 10 second(s).
2019-07-30 20:57:21,460 INFO  impl.MetricsSystemImpl (MetricsSystemImpl.java:start(191)) - StorageContainerManager metrics system started
2019-07-30 20:57:21,688 INFO  server.SCMClientProtocolServer (SCMClientProtocolServer.java:start(151)) - RPC server for Client  is listening at /0.0.0.0:36244
2019-07-30 20:57:21,688 INFO  ipc.Server (Server.java:run(1314)) - IPC Server Responder: starting
2019-07-30 20:57:21,688 INFO  ipc.Server (Server.java:run(1153)) - IPC Server listener on 36244: starting
2019-07-30 20:57:21,695 INFO  server.StorageContainerManager (StorageContainerManager.java:start(768)) - ScmBlockLocationProtocol RPC server is listening at /0.0.0.0:40007
2019-07-30 20:57:21,696 INFO  server.SCMBlockProtocolServer (SCMBlockProtocolServer.java:start(140)) - RPC server for Block Protocol is listening at /0.0.0.0:40007
2019-07-30 20:57:21,696 INFO  ipc.Server (Server.java:run(1314)) - IPC Server Responder: starting
2019-07-30 20:57:21,696 INFO  ipc.Server (Server.java:run(1153)) - IPC Server listener on 40007: starting
2019-07-30 20:57:21,700 INFO  server.StorageContainerManager (StorageContainerManager.java:start(772)) - ScmDatanodeProtocl RPC server is listening at /0.0.0.0:35129
2019-07-30 20:57:21,700 INFO  server.SCMDatanodeProtocolServer (SCMDatanodeProtocolServer.java:start(191)) - RPC server for DataNodes is listening at /0.0.0.0:35129
2019-07-30 20:57:21,701 INFO  ipc.Server (Server.java:run(1314)) - IPC Server Responder: starting
2019-07-30 20:57:21,701 INFO  ipc.Server (Server.java:run(1153)) - IPC Server listener on 35129: starting
2019-07-30 20:57:21,712 INFO  http.HttpServer2 (HttpServer2.java:bindListener(1191)) - Jetty bound to port 35487
2019-07-30 20:57:21,714 INFO  server.Server (Server.java:doStart(351)) - jetty-9.3.24.v20180605, build timestamp: 2018-06-05T17:11:56Z, git hash: 84205aa28f11a4f31f2a3b86d1bba2cc8ab69827
2019-07-30 20:57:21,754 INFO  handler.ContextHandler (ContextHandler.java:doStart(781)) - Started o.e.j.s.ServletContextHandler@413f69cc{/logs,file:///workdir/hadoop-ozone/tools/target/log,AVAILABLE}
2019-07-30 20:57:21,755 INFO  handler.ContextHandler (ContextHandler.java:doStart(781)) - Started o.e.j.s.ServletContextHandler@1b75c2e3{/static,file:///workdir/hadoop-hdds/server-scm/target/classes/webapps/static/,AVAILABLE}
2019-07-30 20:57:21,796 INFO  handler.ContextHandler (ContextHandler.java:doStart(781)) - Started o.e.j.w.WebAppContext@30f5a68a{/,file:///workdir/hadoop-hdds/server-scm/target/classes/webapps/scm/,AVAILABLE}{/scm}
2019-07-30 20:57:21,801 INFO  server.AbstractConnector (AbstractConnector.java:doStart(278)) - Started ServerConnector@7a8fa663{HTTP/1.1,[http/1.1]}{0.0.0.0:35487}
2019-07-30 20:57:21,801 INFO  server.Server (Server.java:doStart(419)) - Started @2723ms
2019-07-30 20:57:21,802 INFO  server.BaseHttpServer (BaseHttpServer.java:updateConnectorAddress(207)) - HTTP server of SCM is listening at http://0.0.0.0:35487
2019-07-30 20:57:21,809 INFO  util.JvmPauseMonitor (JvmPauseMonitor.java:run(188)) - Starting JVM pause monitor
2019-07-30 20:57:21,811 WARN  server.ServerUtils (ServerUtils.java:getDBPath(222)) - ozone.om.db.dirs is not configured. We recommend adding this setting. Falling back to ozone.metadata.dirs instead.
2019-07-30 20:57:21,910 WARN  server.ServerUtils (ServerUtils.java:getDBPath(222)) - ozone.om.db.dirs is not configured. We recommend adding this setting. Falling back to ozone.metadata.dirs instead.
2019-07-30 20:57:21,911 WARN  server.ServerUtils (ServerUtils.java:getDBPath(222)) - ozone.om.db.dirs is not configured. We recommend adding this setting. Falling back to ozone.metadata.dirs instead.
2019-07-30 20:57:21,912 INFO  om.OzoneManager (OzoneManager.java:setOMNodeDetails(644)) - OM Service ID is not set. Setting it to the default ID: omServiceIdDefault
2019-07-30 20:57:21,912 INFO  om.OzoneManager (OzoneManager.java:setOMNodeDetails(650)) - OM Node ID is not set. Setting it to the OmStorage's OmID: 57423fa1-a102-455b-b0c0-6ec4d8775120
2019-07-30 20:57:21,913 INFO  om.OzoneManager (OzoneManager.java:loadOMHAConfigs(601)) - Found matching OM address with OMServiceId: null, OMNodeId: null, RPC Address: localhost:0 and Ratis port: 9872
2019-07-30 20:57:22,536 WARN  server.ServerUtils (ServerUtils.java:getDBPath(222)) - ozone.om.db.dirs is not configured. We recommend adding this setting. Falling back to ozone.metadata.dirs instead.
2019-07-30 20:57:22,543 INFO  db.DBStoreBuilder (DBStoreBuilder.java:addTable(110)) - using custom profile for table: userTable
2019-07-30 20:57:22,543 INFO  db.DBStoreBuilder (DBStoreBuilder.java:processTables(161)) - Using default column profile:DBProfile.DISK for Table:userTable
2019-07-30 20:57:22,543 INFO  db.DBStoreBuilder (DBStoreBuilder.java:addTable(110)) - using custom profile for table: volumeTable
2019-07-30 20:57:22,543 INFO  db.DBStoreBuilder (DBStoreBuilder.java:processTables(161)) - Using default column profile:DBProfile.DISK for Table:volumeTable
2019-07-30 20:57:22,544 INFO  db.DBStoreBuilder (DBStoreBuilder.java:addTable(110)) - using custom profile for table: bucketTable
2019-07-30 20:57:22,544 INFO  db.DBStoreBuilder (DBStoreBuilder.java:processTables(161)) - Using default column profile:DBProfile.DISK for Table:bucketTable
2019-07-30 20:57:22,544 INFO  db.DBStoreBuilder (DBStoreBuilder.java:addTable(110)) - using custom profile for table: keyTable
2019-07-30 20:57:22,544 INFO  db.DBStoreBuilder (DBStoreBuilder.java:processTables(161)) - Using default column profile:DBProfile.DISK for Table:keyTable
2019-07-30 20:57:22,545 INFO  db.DBStoreBuilder (DBStoreBuilder.java:addTable(110)) - using custom profile for table: deletedTable
2019-07-30 20:57:22,545 INFO  db.DBStoreBuilder (DBStoreBuilder.java:processTables(161)) - Using default column profile:DBProfile.DISK for Table:deletedTable
2019-07-30 20:57:22,545 INFO  db.DBStoreBuilder (DBStoreBuilder.java:addTable(110)) - using custom profile for table: openKeyTable
2019-07-30 20:57:22,545 INFO  db.DBStoreBuilder (DBStoreBuilder.java:processTables(161)) - Using default column profile:DBProfile.DISK for Table:openKeyTable
2019-07-30 20:57:22,545 INFO  db.DBStoreBuilder (DBStoreBuilder.java:addTable(110)) - using custom profile for table: s3Table
2019-07-30 20:57:22,546 INFO  db.DBStoreBuilder (DBStoreBuilder.java:processTables(161)) - Using default column profile:DBProfile.DISK for Table:s3Table
2019-07-30 20:57:22,546 INFO  db.DBStoreBuilder (DBStoreBuilder.java:addTable(110)) - using custom profile for table: multipartInfoTable
2019-07-30 20:57:22,546 INFO  db.DBStoreBuilder (DBStoreBuilder.java:processTables(161)) - Using default column profile:DBProfile.DISK for Table:multipartInfoTable
2019-07-30 20:57:22,546 INFO  db.DBStoreBuilder (DBStoreBuilder.java:addTable(110)) - using custom profile for table: dTokenTable
2019-07-30 20:57:22,546 INFO  db.DBStoreBuilder (DBStoreBuilder.java:processTables(161)) - Using default column profile:DBProfile.DISK for Table:dTokenTable
2019-07-30 20:57:22,547 INFO  db.DBStoreBuilder (DBStoreBuilder.java:addTable(110)) - using custom profile for table: s3SecretTable
2019-07-30 20:57:22,547 INFO  db.DBStoreBuilder (DBStoreBuilder.java:processTables(161)) - Using default column profile:DBProfile.DISK for Table:s3SecretTable
2019-07-30 20:57:22,547 INFO  db.DBStoreBuilder (DBStoreBuilder.java:addTable(110)) - using custom profile for table: prefixTable
2019-07-30 20:57:22,547 INFO  db.DBStoreBuilder (DBStoreBuilder.java:processTables(161)) - Using default column profile:DBProfile.DISK for Table:prefixTable
2019-07-30 20:57:22,548 INFO  db.DBStoreBuilder (DBStoreBuilder.java:addTable(110)) - using custom profile for table: default
2019-07-30 20:57:22,548 INFO  db.DBStoreBuilder (DBStoreBuilder.java:processTables(167)) - Using default column profile:DBProfile.DISK for Table:default
2019-07-30 20:57:22,548 INFO  db.DBStoreBuilder (DBStoreBuilder.java:getDbProfile(198)) - Using default options. DBProfile.DISK
2019-07-30 20:57:22,829 INFO  ipc.CallQueueManager (CallQueueManager.java:<init>(84)) - Using callQueue: class java.util.concurrent.LinkedBlockingQueue, queueCapacity: 2000, scheduler: class org.apache.hadoop.ipc.DefaultRpcScheduler, ipcBackoff: false.
2019-07-30 20:57:22,830 INFO  ipc.Server (Server.java:run(1074)) - Starting Socket Reader #1 for port 43600
2019-07-30 20:57:22,851 INFO  om.OzoneManager (OzoneManager.java:start(1255)) - OzoneManager RPC server is listening at localhost/127.0.0.1:43600
2019-07-30 20:57:22,851 INFO  impl.MetricsSystemImpl (MetricsSystemImpl.java:init(158)) - OzoneManager metrics system started (again)
2019-07-30 20:57:22,854 INFO  ipc.Server (Server.java:run(1314)) - IPC Server Responder: starting
2019-07-30 20:57:22,854 INFO  ipc.Server (Server.java:run(1153)) - IPC Server listener on 43600: starting
2019-07-30 20:57:22,867 INFO  hdfs.DFSUtil (DFSUtil.java:httpServerTemplateForNNAndJN(1641)) - Starting Web-server for ozoneManager at: http://0.0.0.0:0
2019-07-30 20:57:22,869 INFO  server.AuthenticationFilter (AuthenticationFilter.java:constructSecretProvider(240)) - Unable to initialize FileSignerSecretProvider, falling back to use random secrets.
2019-07-30 20:57:22,870 WARN  http.HttpRequestLog (HttpRequestLog.java:getRequestLog(97)) - Jetty request log can only be enabled using Log4j
2019-07-30 20:57:22,871 INFO  http.HttpServer2 (HttpServer2.java:addGlobalFilter(975)) - Added global filter 'safety' (class=org.apache.hadoop.http.HttpServer2$QuotingInputFilter)
2019-07-30 20:57:22,872 INFO  http.HttpServer2 (HttpServer2.java:addFilter(948)) - Added filter static_user_filter (class=org.apache.hadoop.http.lib.StaticUserWebFilter$StaticUserFilter) to context ozoneManager
2019-07-30 20:57:22,872 INFO  http.HttpServer2 (HttpServer2.java:addFilter(958)) - Added filter static_user_filter (class=org.apache.hadoop.http.lib.StaticUserWebFilter$StaticUserFilter) to context logs
2019-07-30 20:57:22,873 INFO  http.HttpServer2 (HttpServer2.java:addFilter(958)) - Added filter static_user_filter (class=org.apache.hadoop.http.lib.StaticUserWebFilter$StaticUserFilter) to context static
2019-07-30 20:57:22,874 INFO  http.HttpServer2 (HttpServer2.java:bindListener(1191)) - Jetty bound to port 34780
2019-07-30 20:57:22,874 INFO  server.Server (Server.java:doStart(351)) - jetty-9.3.24.v20180605, build timestamp: 2018-06-05T17:11:56Z, git hash: 84205aa28f11a4f31f2a3b86d1bba2cc8ab69827
2019-07-30 20:57:22,876 INFO  handler.ContextHandler (ContextHandler.java:doStart(781)) - Started o.e.j.s.ServletContextHandler@126be319{/logs,file:///workdir/hadoop-ozone/tools/target/log,AVAILABLE}
2019-07-30 20:57:22,877 INFO  handler.ContextHandler (ContextHandler.java:doStart(781)) - Started o.e.j.s.ServletContextHandler@5c371e13{/static,file:///workdir/hadoop-ozone/ozone-manager/target/classes/webapps/static/,AVAILABLE}
2019-07-30 20:57:22,881 INFO  handler.ContextHandler (ContextHandler.java:doStart(781)) - Started o.e.j.w.WebAppContext@27f0ad19{/,file:///workdir/hadoop-ozone/ozone-manager/target/classes/webapps/ozoneManager/,AVAILABLE}{/ozoneManager}
2019-07-30 20:57:22,882 INFO  server.AbstractConnector (AbstractConnector.java:doStart(278)) - Started ServerConnector@54e81b21{HTTP/1.1,[http/1.1]}{0.0.0.0:34780}
2019-07-30 20:57:22,882 INFO  server.Server (Server.java:doStart(419)) - Started @3804ms
2019-07-30 20:57:22,883 INFO  server.BaseHttpServer (BaseHttpServer.java:updateConnectorAddress(207)) - HTTP server of OZONEMANAGER is listening at http://0.0.0.0:34780
2019-07-30 20:57:23,175 INFO  impl.MetricsSystemImpl (MetricsSystemImpl.java:init(158)) - HddsDatanode metrics system started (again)
2019-07-30 20:57:23,261 INFO  ozone.HddsDatanodeService (HddsDatanodeService.java:start(184)) - HddsDatanodeService host:byscane-nightly-xpwgl-1123774829 ip:192.168.69.96
2019-07-30 20:57:23,293 INFO  volume.HddsVolume (HddsVolume.java:<init>(176)) - Creating Volume: /workdir/hadoop-ozone/tools/target/test-dir/MiniOzoneClusterImpl-9dc4b5a5-f034-4fda-9173-e21f35f15c53/datanode-0/data/containers/hdds of  storage type : DISK and capacity : 52710309888
2019-07-30 20:57:23,295 INFO  volume.VolumeSet (VolumeSet.java:initializeVolumeSet(170)) - Added Volume : /workdir/hadoop-ozone/tools/target/test-dir/MiniOzoneClusterImpl-9dc4b5a5-f034-4fda-9173-e21f35f15c53/datanode-0/data/containers/hdds to VolumeSet
2019-07-30 20:57:23,298 INFO  volume.ThrottledAsyncChecker (ThrottledAsyncChecker.java:schedule(140)) - Scheduling a check for org.apache.hadoop.ozone.container.common.volume.HddsVolume@1517f633
2019-07-30 20:57:23,317 INFO  volume.HddsVolumeChecker (HddsVolumeChecker.java:checkAllVolumes(203)) - Scheduled health check for volume org.apache.hadoop.ozone.container.common.volume.HddsVolume@1517f633
2019-07-30 20:57:23,425 INFO  impl.RaftServerProxy (ConfUtils.java:logGet(43)) - raft.rpc.type = GRPC (default)
2019-07-30 20:57:23,493 INFO  grpc.GrpcFactory (GrpcFactory.java:checkPooledByteBufAllocatorUseCacheForAllThreads(45)) - PERFORMANCE WARNING: useCacheForAllThreads is true that may cause Netty to create a lot garbage objects and, as a result, trigger GC.
	It is recommended to disable useCacheForAllThreads by setting -Dorg.apache.ratis.thirdparty.io.netty.allocator.useCacheForAllThreads=false in command line.
2019-07-30 20:57:23,497 INFO  grpc.GrpcConfigKeys$Server (ConfUtils.java:logGet(43)) - raft.grpc.server.port = 0 (default)
2019-07-30 20:57:23,498 INFO  server.GrpcService (ConfUtils.java:logGet(43)) - raft.grpc.message.size.max = 33570816 (custom)
2019-07-30 20:57:23,500 INFO  server.RaftServerConfigKeys (ConfUtils.java:logGet(43)) - raft.server.log.appender.buffer.byte-limit = 33554432 (custom)
2019-07-30 20:57:23,501 INFO  server.GrpcService (ConfUtils.java:logGet(43)) - raft.grpc.flow.control.window = 1MB (=1048576) (default)
2019-07-30 20:57:23,501 INFO  server.RaftServerConfigKeys (ConfUtils.java:logGet(43)) - raft.server.rpc.request.timeout = 3000ms (default)
2019-07-30 20:57:23,699 INFO  server.RaftServerConfigKeys (ConfUtils.java:logGet(43)) - raft.server.storage.dir = [/workdir/hadoop-ozone/tools/target/test-dir/MiniOzoneClusterImpl-9dc4b5a5-f034-4fda-9173-e21f35f15c53/datanode-0/data/ratis] (custom)
2019-07-30 20:57:23,728 INFO  replication.SimpleContainerDownloader (SimpleContainerDownloader.java:<init>(72)) - Starting container downloader service to copy containers to replicate.
2019-07-30 20:57:23,738 INFO  hdfs.DFSUtil (DFSUtil.java:httpServerTemplateForNNAndJN(1641)) - Starting Web-server for hddsDatanode at: http://0.0.0.0:0
2019-07-30 20:57:23,740 INFO  server.AuthenticationFilter (AuthenticationFilter.java:constructSecretProvider(240)) - Unable to initialize FileSignerSecretProvider, falling back to use random secrets.
2019-07-30 20:57:23,740 WARN  http.HttpRequestLog (HttpRequestLog.java:getRequestLog(97)) - Jetty request log can only be enabled using Log4j
2019-07-30 20:57:23,742 INFO  http.HttpServer2 (HttpServer2.java:addGlobalFilter(975)) - Added global filter 'safety' (class=org.apache.hadoop.http.HttpServer2$QuotingInputFilter)
2019-07-30 20:57:23,742 INFO  http.HttpServer2 (HttpServer2.java:addFilter(948)) - Added filter static_user_filter (class=org.apache.hadoop.http.lib.StaticUserWebFilter$StaticUserFilter) to context hddsDatanode
2019-07-30 20:57:23,742 INFO  http.HttpServer2 (HttpServer2.java:addFilter(958)) - Added filter static_user_filter (class=org.apache.hadoop.http.lib.StaticUserWebFilter$StaticUserFilter) to context logs
2019-07-30 20:57:23,742 INFO  http.HttpServer2 (HttpServer2.java:addFilter(958)) - Added filter static_user_filter (class=org.apache.hadoop.http.lib.StaticUserWebFilter$StaticUserFilter) to context static
2019-07-30 20:57:23,743 INFO  http.HttpServer2 (HttpServer2.java:bindListener(1191)) - Jetty bound to port 40073
2019-07-30 20:57:23,743 INFO  server.Server (Server.java:doStart(351)) - jetty-9.3.24.v20180605, build timestamp: 2018-06-05T17:11:56Z, git hash: 84205aa28f11a4f31f2a3b86d1bba2cc8ab69827
2019-07-30 20:57:23,745 INFO  handler.ContextHandler (ContextHandler.java:doStart(781)) - Started o.e.j.s.ServletContextHandler@70f31322{/logs,file:///workdir/hadoop-ozone/tools/target/log,AVAILABLE}
2019-07-30 20:57:23,746 INFO  handler.ContextHandler (ContextHandler.java:doStart(781)) - Started o.e.j.s.ServletContextHandler@3be4fcc0{/static,file:///workdir/hadoop-hdds/container-service/target/classes/webapps/static,AVAILABLE}
2019-07-30 20:57:23,749 INFO  handler.ContextHandler (ContextHandler.java:doStart(781)) - Started o.e.j.w.WebAppContext@226eba67{/,file:///workdir/hadoop-hdds/container-service/target/classes/webapps/hddsDatanode/,AVAILABLE}{/hddsDatanode}
2019-07-30 20:57:23,750 INFO  server.AbstractConnector (AbstractConnector.java:doStart(278)) - Started ServerConnector@1cb7936c{HTTP/1.1,[http/1.1]}{0.0.0.0:40073}
2019-07-30 20:57:23,751 INFO  server.Server (Server.java:doStart(419)) - Started @4673ms
2019-07-30 20:57:23,752 INFO  server.BaseHttpServer (BaseHttpServer.java:updateConnectorAddress(207)) - HTTP server of HDDSDATANODE is listening at http://0.0.0.0:40073
2019-07-30 20:57:24,792 INFO  ozone.HddsDatanodeService (HddsDatanodeService.java:startPlugins(395)) - Started plug-in org.apache.hadoop.ozone.web.OzoneHddsDatanodeService@663f237a
2019-07-30 20:57:24,794 INFO  impl.MetricsSystemImpl (MetricsSystemImpl.java:init(158)) - HddsDatanode metrics system started (again)
2019-07-30 20:57:24,798 INFO  ozone.HddsDatanodeService (HddsDatanodeService.java:start(184)) - HddsDatanodeService host:byscane-nightly-xpwgl-1123774829 ip:192.168.69.96
2019-07-30 20:57:24,804 INFO  util.JvmPauseMonitor (JvmPauseMonitor.java:run(188)) - Starting JVM pause monitor
2019-07-30 20:57:24,807 INFO  volume.HddsVolume (HddsVolume.java:<init>(176)) - Creating Volume: /workdir/hadoop-ozone/tools/target/test-dir/MiniOzoneClusterImpl-9dc4b5a5-f034-4fda-9173-e21f35f15c53/datanode-1/data/containers/hdds of  storage type : DISK and capacity : 52710309888
2019-07-30 20:57:24,808 INFO  volume.VolumeSet (VolumeSet.java:initializeVolumeSet(170)) - Added Volume : /workdir/hadoop-ozone/tools/target/test-dir/MiniOzoneClusterImpl-9dc4b5a5-f034-4fda-9173-e21f35f15c53/datanode-1/data/containers/hdds to VolumeSet
2019-07-30 20:57:24,808 INFO  volume.ThrottledAsyncChecker (ThrottledAsyncChecker.java:schedule(140)) - Scheduling a check for org.apache.hadoop.ozone.container.common.volume.HddsVolume@f425231
2019-07-30 20:57:24,809 INFO  volume.HddsVolumeChecker (HddsVolumeChecker.java:checkAllVolumes(203)) - Scheduled health check for volume org.apache.hadoop.ozone.container.common.volume.HddsVolume@f425231
2019-07-30 20:57:24,829 INFO  impl.RaftServerProxy (ConfUtils.java:logGet(43)) - raft.rpc.type = GRPC (default)
2019-07-30 20:57:24,829 INFO  grpc.GrpcFactory (GrpcFactory.java:checkPooledByteBufAllocatorUseCacheForAllThreads(45)) - PERFORMANCE WARNING: useCacheForAllThreads is true that may cause Netty to create a lot garbage objects and, as a result, trigger GC.
	It is recommended to disable useCacheForAllThreads by setting -Dorg.apache.ratis.thirdparty.io.netty.allocator.useCacheForAllThreads=false in command line.
2019-07-30 20:57:24,830 INFO  grpc.GrpcConfigKeys$Server (ConfUtils.java:logGet(43)) - raft.grpc.server.port = 0 (default)
2019-07-30 20:57:24,830 INFO  server.GrpcService (ConfUtils.java:logGet(43)) - raft.grpc.message.size.max = 33570816 (custom)
2019-07-30 20:57:24,830 INFO  server.RaftServerConfigKeys (ConfUtils.java:logGet(43)) - raft.server.log.appender.buffer.byte-limit = 33554432 (custom)
2019-07-30 20:57:24,830 INFO  server.GrpcService (ConfUtils.java:logGet(43)) - raft.grpc.flow.control.window = 1MB (=1048576) (default)
2019-07-30 20:57:24,831 INFO  server.RaftServerConfigKeys (ConfUtils.java:logGet(43)) - raft.server.rpc.request.timeout = 3000ms (default)
2019-07-30 20:57:24,832 INFO  server.RaftServerConfigKeys (ConfUtils.java:logGet(43)) - raft.server.storage.dir = [/workdir/hadoop-ozone/tools/target/test-dir/MiniOzoneClusterImpl-9dc4b5a5-f034-4fda-9173-e21f35f15c53/datanode-1/data/ratis] (custom)
2019-07-30 20:57:24,833 INFO  replication.SimpleContainerDownloader (SimpleContainerDownloader.java:<init>(72)) - Starting container downloader service to copy containers to replicate.
2019-07-30 20:57:24,836 INFO  hdfs.DFSUtil (DFSUtil.java:httpServerTemplateForNNAndJN(1641)) - Starting Web-server for hddsDatanode at: http://0.0.0.0:0
2019-07-30 20:57:24,839 INFO  server.AuthenticationFilter (AuthenticationFilter.java:constructSecretProvider(240)) - Unable to initialize FileSignerSecretProvider, falling back to use random secrets.
2019-07-30 20:57:24,841 WARN  http.HttpRequestLog (HttpRequestLog.java:getRequestLog(97)) - Jetty request log can only be enabled using Log4j
2019-07-30 20:57:24,845 INFO  http.HttpServer2 (HttpServer2.java:addGlobalFilter(975)) - Added global filter 'safety' (class=org.apache.hadoop.http.HttpServer2$QuotingInputFilter)
2019-07-30 20:57:24,845 INFO  http.HttpServer2 (HttpServer2.java:addFilter(948)) - Added filter static_user_filter (class=org.apache.hadoop.http.lib.StaticUserWebFilter$StaticUserFilter) to context hddsDatanode
2019-07-30 20:57:24,846 INFO  http.HttpServer2 (HttpServer2.java:addFilter(958)) - Added filter static_user_filter (class=org.apache.hadoop.http.lib.StaticUserWebFilter$StaticUserFilter) to context static
2019-07-30 20:57:24,846 INFO  http.HttpServer2 (HttpServer2.java:addFilter(958)) - Added filter static_user_filter (class=org.apache.hadoop.http.lib.StaticUserWebFilter$StaticUserFilter) to context logs
2019-07-30 20:57:24,847 INFO  http.HttpServer2 (HttpServer2.java:bindListener(1191)) - Jetty bound to port 36547
2019-07-30 20:57:24,848 INFO  server.Server (Server.java:doStart(351)) - jetty-9.3.24.v20180605, build timestamp: 2018-06-05T17:11:56Z, git hash: 84205aa28f11a4f31f2a3b86d1bba2cc8ab69827
2019-07-30 20:57:24,851 INFO  handler.ContextHandler (ContextHandler.java:doStart(781)) - Started o.e.j.s.ServletContextHandler@345d053b{/logs,file:///workdir/hadoop-ozone/tools/target/log,AVAILABLE}
2019-07-30 20:57:24,851 INFO  handler.ContextHandler (ContextHandler.java:doStart(781)) - Started o.e.j.s.ServletContextHandler@3e8b3b79{/static,file:///workdir/hadoop-hdds/container-service/target/classes/webapps/static,AVAILABLE}
2019-07-30 20:57:24,858 INFO  handler.ContextHandler (ContextHandler.java:doStart(781)) - Started o.e.j.w.WebAppContext@1b13467c{/,file:///workdir/hadoop-hdds/container-service/target/classes/webapps/hddsDatanode/,AVAILABLE}{/hddsDatanode}
2019-07-30 20:57:24,858 INFO  server.AbstractConnector (AbstractConnector.java:doStart(278)) - Started ServerConnector@7bd96822{HTTP/1.1,[http/1.1]}{0.0.0.0:36547}
2019-07-30 20:57:24,859 INFO  server.Server (Server.java:doStart(419)) - Started @5781ms
2019-07-30 20:57:24,861 INFO  server.BaseHttpServer (BaseHttpServer.java:updateConnectorAddress(207)) - HTTP server of HDDSDATANODE is listening at http://0.0.0.0:36547
2019-07-30 20:57:24,945 INFO  datanode.InitDatanodeState (InitDatanodeState.java:persistContainerDatanodeDetails(140)) - DatanodeDetails is persisted to /workdir/hadoop-ozone/tools/target/test-dir/MiniOzoneClusterImpl-9dc4b5a5-f034-4fda-9173-e21f35f15c53/datanode-0/meta/datanode.id
2019-07-30 20:57:25,036 INFO  ozone.HddsDatanodeService (HddsDatanodeService.java:startPlugins(395)) - Started plug-in org.apache.hadoop.ozone.web.OzoneHddsDatanodeService@483b0690
2019-07-30 20:57:25,038 INFO  impl.MetricsSystemImpl (MetricsSystemImpl.java:init(158)) - HddsDatanode metrics system started (again)
2019-07-30 20:57:25,041 INFO  util.JvmPauseMonitor (JvmPauseMonitor.java:run(188)) - Starting JVM pause monitor
2019-07-30 20:57:25,041 INFO  ozone.HddsDatanodeService (HddsDatanodeService.java:start(184)) - HddsDatanodeService host:byscane-nightly-xpwgl-1123774829 ip:192.168.69.96
2019-07-30 20:57:25,048 INFO  datanode.InitDatanodeState (InitDatanodeState.java:persistContainerDatanodeDetails(140)) - DatanodeDetails is persisted to /workdir/hadoop-ozone/tools/target/test-dir/MiniOzoneClusterImpl-9dc4b5a5-f034-4fda-9173-e21f35f15c53/datanode-1/meta/datanode.id
2019-07-30 20:57:25,053 INFO  volume.HddsVolume (HddsVolume.java:<init>(176)) - Creating Volume: /workdir/hadoop-ozone/tools/target/test-dir/MiniOzoneClusterImpl-9dc4b5a5-f034-4fda-9173-e21f35f15c53/datanode-2/data/containers/hdds of  storage type : DISK and capacity : 52710309888
2019-07-30 20:57:25,053 INFO  volume.VolumeSet (VolumeSet.java:initializeVolumeSet(170)) - Added Volume : /workdir/hadoop-ozone/tools/target/test-dir/MiniOzoneClusterImpl-9dc4b5a5-f034-4fda-9173-e21f35f15c53/datanode-2/data/containers/hdds to VolumeSet
2019-07-30 20:57:25,053 INFO  volume.ThrottledAsyncChecker (ThrottledAsyncChecker.java:schedule(140)) - Scheduling a check for org.apache.hadoop.ozone.container.common.volume.HddsVolume@59b32539
2019-07-30 20:57:25,054 INFO  volume.HddsVolumeChecker (HddsVolumeChecker.java:checkAllVolumes(203)) - Scheduled health check for volume org.apache.hadoop.ozone.container.common.volume.HddsVolume@59b32539
2019-07-30 20:57:25,071 INFO  impl.RaftServerProxy (ConfUtils.java:logGet(43)) - raft.rpc.type = GRPC (default)
2019-07-30 20:57:25,071 INFO  grpc.GrpcFactory (GrpcFactory.java:checkPooledByteBufAllocatorUseCacheForAllThreads(45)) - PERFORMANCE WARNING: useCacheForAllThreads is true that may cause Netty to create a lot garbage objects and, as a result, trigger GC.
	It is recommended to disable useCacheForAllThreads by setting -Dorg.apache.ratis.thirdparty.io.netty.allocator.useCacheForAllThreads=false in command line.
2019-07-30 20:57:25,071 INFO  grpc.GrpcConfigKeys$Server (ConfUtils.java:logGet(43)) - raft.grpc.server.port = 0 (default)
2019-07-30 20:57:25,072 INFO  server.GrpcService (ConfUtils.java:logGet(43)) - raft.grpc.message.size.max = 33570816 (custom)
2019-07-30 20:57:25,072 INFO  server.RaftServerConfigKeys (ConfUtils.java:logGet(43)) - raft.server.log.appender.buffer.byte-limit = 33554432 (custom)
2019-07-30 20:57:25,072 INFO  server.GrpcService (ConfUtils.java:logGet(43)) - raft.grpc.flow.control.window = 1MB (=1048576) (default)
2019-07-30 20:57:25,072 INFO  server.RaftServerConfigKeys (ConfUtils.java:logGet(43)) - raft.server.rpc.request.timeout = 3000ms (default)
2019-07-30 20:57:25,073 INFO  server.RaftServerConfigKeys (ConfUtils.java:logGet(43)) - raft.server.storage.dir = [/workdir/hadoop-ozone/tools/target/test-dir/MiniOzoneClusterImpl-9dc4b5a5-f034-4fda-9173-e21f35f15c53/datanode-2/data/ratis] (custom)
2019-07-30 20:57:25,074 INFO  replication.SimpleContainerDownloader (SimpleContainerDownloader.java:<init>(72)) - Starting container downloader service to copy containers to replicate.
2019-07-30 20:57:25,075 INFO  hdfs.DFSUtil (DFSUtil.java:httpServerTemplateForNNAndJN(1641)) - Starting Web-server for hddsDatanode at: http://0.0.0.0:0
2019-07-30 20:57:25,077 INFO  server.AuthenticationFilter (AuthenticationFilter.java:constructSecretProvider(240)) - Unable to initialize FileSignerSecretProvider, falling back to use random secrets.
2019-07-30 20:57:25,078 WARN  http.HttpRequestLog (HttpRequestLog.java:getRequestLog(97)) - Jetty request log can only be enabled using Log4j
2019-07-30 20:57:25,080 INFO  http.HttpServer2 (HttpServer2.java:addGlobalFilter(975)) - Added global filter 'safety' (class=org.apache.hadoop.http.HttpServer2$QuotingInputFilter)
2019-07-30 20:57:25,081 INFO  http.HttpServer2 (HttpServer2.java:addFilter(948)) - Added filter static_user_filter (class=org.apache.hadoop.http.lib.StaticUserWebFilter$StaticUserFilter) to context hddsDatanode
2019-07-30 20:57:25,081 INFO  http.HttpServer2 (HttpServer2.java:addFilter(958)) - Added filter static_user_filter (class=org.apache.hadoop.http.lib.StaticUserWebFilter$StaticUserFilter) to context logs
2019-07-30 20:57:25,081 INFO  http.HttpServer2 (HttpServer2.java:addFilter(958)) - Added filter static_user_filter (class=org.apache.hadoop.http.lib.StaticUserWebFilter$StaticUserFilter) to context static
2019-07-30 20:57:25,082 INFO  http.HttpServer2 (HttpServer2.java:bindListener(1191)) - Jetty bound to port 34464
2019-07-30 20:57:25,082 INFO  server.Server (Server.java:doStart(351)) - jetty-9.3.24.v20180605, build timestamp: 2018-06-05T17:11:56Z, git hash: 84205aa28f11a4f31f2a3b86d1bba2cc8ab69827
2019-07-30 20:57:25,086 INFO  handler.ContextHandler (ContextHandler.java:doStart(781)) - Started o.e.j.s.ServletContextHandler@3b4825f0{/logs,file:///workdir/hadoop-ozone/tools/target/log,AVAILABLE}
2019-07-30 20:57:25,087 INFO  handler.ContextHandler (ContextHandler.java:doStart(781)) - Started o.e.j.s.ServletContextHandler@7980cf2c{/static,file:///workdir/hadoop-hdds/container-service/target/classes/webapps/static,AVAILABLE}
2019-07-30 20:57:25,092 INFO  handler.ContextHandler (ContextHandler.java:doStart(781)) - Started o.e.j.w.WebAppContext@35ef439e{/,file:///workdir/hadoop-hdds/container-service/target/classes/webapps/hddsDatanode/,AVAILABLE}{/hddsDatanode}
2019-07-30 20:57:25,093 INFO  server.AbstractConnector (AbstractConnector.java:doStart(278)) - Started ServerConnector@4997552e{HTTP/1.1,[http/1.1]}{0.0.0.0:34464}
2019-07-30 20:57:25,094 INFO  server.Server (Server.java:doStart(419)) - Started @6016ms
2019-07-30 20:57:25,095 INFO  server.BaseHttpServer (BaseHttpServer.java:updateConnectorAddress(207)) - HTTP server of HDDSDATANODE is listening at http://0.0.0.0:34464
2019-07-30 20:57:25,270 INFO  ozone.HddsDatanodeService (HddsDatanodeService.java:startPlugins(395)) - Started plug-in org.apache.hadoop.ozone.web.OzoneHddsDatanodeService@41d16cc3
2019-07-30 20:57:25,271 INFO  impl.MetricsSystemImpl (MetricsSystemImpl.java:init(158)) - HddsDatanode metrics system started (again)
2019-07-30 20:57:25,273 INFO  ozone.HddsDatanodeService (HddsDatanodeService.java:start(184)) - HddsDatanodeService host:byscane-nightly-xpwgl-1123774829 ip:192.168.69.96
2019-07-30 20:57:25,274 INFO  util.JvmPauseMonitor (JvmPauseMonitor.java:run(188)) - Starting JVM pause monitor
2019-07-30 20:57:25,277 INFO  datanode.InitDatanodeState (InitDatanodeState.java:persistContainerDatanodeDetails(140)) - DatanodeDetails is persisted to /workdir/hadoop-ozone/tools/target/test-dir/MiniOzoneClusterImpl-9dc4b5a5-f034-4fda-9173-e21f35f15c53/datanode-2/meta/datanode.id
2019-07-30 20:57:25,283 INFO  volume.HddsVolume (HddsVolume.java:<init>(176)) - Creating Volume: /workdir/hadoop-ozone/tools/target/test-dir/MiniOzoneClusterImpl-9dc4b5a5-f034-4fda-9173-e21f35f15c53/datanode-3/data/containers/hdds of  storage type : DISK and capacity : 52710309888
2019-07-30 20:57:25,283 INFO  volume.VolumeSet (VolumeSet.java:initializeVolumeSet(170)) - Added Volume : /workdir/hadoop-ozone/tools/target/test-dir/MiniOzoneClusterImpl-9dc4b5a5-f034-4fda-9173-e21f35f15c53/datanode-3/data/containers/hdds to VolumeSet
2019-07-30 20:57:25,284 INFO  volume.ThrottledAsyncChecker (ThrottledAsyncChecker.java:schedule(140)) - Scheduling a check for org.apache.hadoop.ozone.container.common.volume.HddsVolume@32faa16c
2019-07-30 20:57:25,284 INFO  volume.HddsVolumeChecker (HddsVolumeChecker.java:checkAllVolumes(203)) - Scheduled health check for volume org.apache.hadoop.ozone.container.common.volume.HddsVolume@32faa16c
2019-07-30 20:57:25,299 INFO  impl.RaftServerProxy (ConfUtils.java:logGet(43)) - raft.rpc.type = GRPC (default)
2019-07-30 20:57:25,299 INFO  grpc.GrpcFactory (GrpcFactory.java:checkPooledByteBufAllocatorUseCacheForAllThreads(45)) - PERFORMANCE WARNING: useCacheForAllThreads is true that may cause Netty to create a lot garbage objects and, as a result, trigger GC.
	It is recommended to disable useCacheForAllThreads by setting -Dorg.apache.ratis.thirdparty.io.netty.allocator.useCacheForAllThreads=false in command line.
2019-07-30 20:57:25,299 INFO  grpc.GrpcConfigKeys$Server (ConfUtils.java:logGet(43)) - raft.grpc.server.port = 0 (default)
2019-07-30 20:57:25,300 INFO  server.GrpcService (ConfUtils.java:logGet(43)) - raft.grpc.message.size.max = 33570816 (custom)
2019-07-30 20:57:25,300 INFO  server.RaftServerConfigKeys (ConfUtils.java:logGet(43)) - raft.server.log.appender.buffer.byte-limit = 33554432 (custom)
2019-07-30 20:57:25,300 INFO  server.GrpcService (ConfUtils.java:logGet(43)) - raft.grpc.flow.control.window = 1MB (=1048576) (default)
2019-07-30 20:57:25,300 INFO  server.RaftServerConfigKeys (ConfUtils.java:logGet(43)) - raft.server.rpc.request.timeout = 3000ms (default)
2019-07-30 20:57:25,301 INFO  server.RaftServerConfigKeys (ConfUtils.java:logGet(43)) - raft.server.storage.dir = [/workdir/hadoop-ozone/tools/target/test-dir/MiniOzoneClusterImpl-9dc4b5a5-f034-4fda-9173-e21f35f15c53/datanode-3/data/ratis] (custom)
2019-07-30 20:57:25,301 INFO  replication.SimpleContainerDownloader (SimpleContainerDownloader.java:<init>(72)) - Starting container downloader service to copy containers to replicate.
2019-07-30 20:57:25,302 INFO  hdfs.DFSUtil (DFSUtil.java:httpServerTemplateForNNAndJN(1641)) - Starting Web-server for hddsDatanode at: http://0.0.0.0:0
2019-07-30 20:57:25,304 INFO  server.AuthenticationFilter (AuthenticationFilter.java:constructSecretProvider(240)) - Unable to initialize FileSignerSecretProvider, falling back to use random secrets.
2019-07-30 20:57:25,305 WARN  http.HttpRequestLog (HttpRequestLog.java:getRequestLog(97)) - Jetty request log can only be enabled using Log4j
2019-07-30 20:57:25,307 INFO  http.HttpServer2 (HttpServer2.java:addGlobalFilter(975)) - Added global filter 'safety' (class=org.apache.hadoop.http.HttpServer2$QuotingInputFilter)
2019-07-30 20:57:25,308 INFO  http.HttpServer2 (HttpServer2.java:addFilter(948)) - Added filter static_user_filter (class=org.apache.hadoop.http.lib.StaticUserWebFilter$StaticUserFilter) to context hddsDatanode
2019-07-30 20:57:25,308 INFO  http.HttpServer2 (HttpServer2.java:addFilter(958)) - Added filter static_user_filter (class=org.apache.hadoop.http.lib.StaticUserWebFilter$StaticUserFilter) to context logs
2019-07-30 20:57:25,308 INFO  http.HttpServer2 (HttpServer2.java:addFilter(958)) - Added filter static_user_filter (class=org.apache.hadoop.http.lib.StaticUserWebFilter$StaticUserFilter) to context static
2019-07-30 20:57:25,309 INFO  http.HttpServer2 (HttpServer2.java:bindListener(1191)) - Jetty bound to port 33931
2019-07-30 20:57:25,309 INFO  server.Server (Server.java:doStart(351)) - jetty-9.3.24.v20180605, build timestamp: 2018-06-05T17:11:56Z, git hash: 84205aa28f11a4f31f2a3b86d1bba2cc8ab69827
2019-07-30 20:57:25,312 INFO  handler.ContextHandler (ContextHandler.java:doStart(781)) - Started o.e.j.s.ServletContextHandler@460b50df{/logs,file:///workdir/hadoop-ozone/tools/target/log,AVAILABLE}
2019-07-30 20:57:25,313 INFO  handler.ContextHandler (ContextHandler.java:doStart(781)) - Started o.e.j.s.ServletContextHandler@1d0cac30{/static,file:///workdir/hadoop-hdds/container-service/target/classes/webapps/static,AVAILABLE}
2019-07-30 20:57:25,318 INFO  handler.ContextHandler (ContextHandler.java:doStart(781)) - Started o.e.j.w.WebAppContext@4640195a{/,file:///workdir/hadoop-hdds/container-service/target/classes/webapps/hddsDatanode/,AVAILABLE}{/hddsDatanode}
2019-07-30 20:57:25,319 INFO  server.AbstractConnector (AbstractConnector.java:doStart(278)) - Started ServerConnector@70d77826{HTTP/1.1,[http/1.1]}{0.0.0.0:33931}
2019-07-30 20:57:25,320 INFO  server.Server (Server.java:doStart(419)) - Started @6242ms
2019-07-30 20:57:25,322 INFO  server.BaseHttpServer (BaseHttpServer.java:updateConnectorAddress(207)) - HTTP server of HDDSDATANODE is listening at http://0.0.0.0:33931
2019-07-30 20:57:25,479 INFO  ozone.HddsDatanodeService (HddsDatanodeService.java:startPlugins(395)) - Started plug-in org.apache.hadoop.ozone.web.OzoneHddsDatanodeService@ea04cab
2019-07-30 20:57:25,480 INFO  impl.MetricsSystemImpl (MetricsSystemImpl.java:init(158)) - HddsDatanode metrics system started (again)
2019-07-30 20:57:25,482 INFO  ozone.HddsDatanodeService (HddsDatanodeService.java:start(184)) - HddsDatanodeService host:byscane-nightly-xpwgl-1123774829 ip:192.168.69.96
2019-07-30 20:57:25,483 INFO  util.JvmPauseMonitor (JvmPauseMonitor.java:run(188)) - Starting JVM pause monitor
2019-07-30 20:57:25,486 INFO  datanode.InitDatanodeState (InitDatanodeState.java:persistContainerDatanodeDetails(140)) - DatanodeDetails is persisted to /workdir/hadoop-ozone/tools/target/test-dir/MiniOzoneClusterImpl-9dc4b5a5-f034-4fda-9173-e21f35f15c53/datanode-3/meta/datanode.id
2019-07-30 20:57:25,492 INFO  volume.HddsVolume (HddsVolume.java:<init>(176)) - Creating Volume: /workdir/hadoop-ozone/tools/target/test-dir/MiniOzoneClusterImpl-9dc4b5a5-f034-4fda-9173-e21f35f15c53/datanode-4/data/containers/hdds of  storage type : DISK and capacity : 52710309888
2019-07-30 20:57:25,492 INFO  volume.VolumeSet (VolumeSet.java:initializeVolumeSet(170)) - Added Volume : /workdir/hadoop-ozone/tools/target/test-dir/MiniOzoneClusterImpl-9dc4b5a5-f034-4fda-9173-e21f35f15c53/datanode-4/data/containers/hdds to VolumeSet
2019-07-30 20:57:25,493 INFO  volume.ThrottledAsyncChecker (ThrottledAsyncChecker.java:schedule(140)) - Scheduling a check for org.apache.hadoop.ozone.container.common.volume.HddsVolume@36068727
2019-07-30 20:57:25,493 INFO  volume.HddsVolumeChecker (HddsVolumeChecker.java:checkAllVolumes(203)) - Scheduled health check for volume org.apache.hadoop.ozone.container.common.volume.HddsVolume@36068727
2019-07-30 20:57:25,509 INFO  impl.RaftServerProxy (ConfUtils.java:logGet(43)) - raft.rpc.type = GRPC (default)
2019-07-30 20:57:25,509 INFO  grpc.GrpcFactory (GrpcFactory.java:checkPooledByteBufAllocatorUseCacheForAllThreads(45)) - PERFORMANCE WARNING: useCacheForAllThreads is true that may cause Netty to create a lot garbage objects and, as a result, trigger GC.
	It is recommended to disable useCacheForAllThreads by setting -Dorg.apache.ratis.thirdparty.io.netty.allocator.useCacheForAllThreads=false in command line.
2019-07-30 20:57:25,509 INFO  grpc.GrpcConfigKeys$Server (ConfUtils.java:logGet(43)) - raft.grpc.server.port = 0 (default)
2019-07-30 20:57:25,509 INFO  server.GrpcService (ConfUtils.java:logGet(43)) - raft.grpc.message.size.max = 33570816 (custom)
2019-07-30 20:57:25,509 INFO  server.RaftServerConfigKeys (ConfUtils.java:logGet(43)) - raft.server.log.appender.buffer.byte-limit = 33554432 (custom)
2019-07-30 20:57:25,510 INFO  server.GrpcService (ConfUtils.java:logGet(43)) - raft.grpc.flow.control.window = 1MB (=1048576) (default)
2019-07-30 20:57:25,510 INFO  server.RaftServerConfigKeys (ConfUtils.java:logGet(43)) - raft.server.rpc.request.timeout = 3000ms (default)
2019-07-30 20:57:25,511 INFO  server.RaftServerConfigKeys (ConfUtils.java:logGet(43)) - raft.server.storage.dir = [/workdir/hadoop-ozone/tools/target/test-dir/MiniOzoneClusterImpl-9dc4b5a5-f034-4fda-9173-e21f35f15c53/datanode-4/data/ratis] (custom)
2019-07-30 20:57:25,511 INFO  replication.SimpleContainerDownloader (SimpleContainerDownloader.java:<init>(72)) - Starting container downloader service to copy containers to replicate.
2019-07-30 20:57:25,512 INFO  hdfs.DFSUtil (DFSUtil.java:httpServerTemplateForNNAndJN(1641)) - Starting Web-server for hddsDatanode at: http://0.0.0.0:0
2019-07-30 20:57:25,514 INFO  server.AuthenticationFilter (AuthenticationFilter.java:constructSecretProvider(240)) - Unable to initialize FileSignerSecretProvider, falling back to use random secrets.
2019-07-30 20:57:25,515 WARN  http.HttpRequestLog (HttpRequestLog.java:getRequestLog(97)) - Jetty request log can only be enabled using Log4j
2019-07-30 20:57:25,517 INFO  http.HttpServer2 (HttpServer2.java:addGlobalFilter(975)) - Added global filter 'safety' (class=org.apache.hadoop.http.HttpServer2$QuotingInputFilter)
2019-07-30 20:57:25,517 INFO  http.HttpServer2 (HttpServer2.java:addFilter(948)) - Added filter static_user_filter (class=org.apache.hadoop.http.lib.StaticUserWebFilter$StaticUserFilter) to context hddsDatanode
2019-07-30 20:57:25,518 INFO  http.HttpServer2 (HttpServer2.java:addFilter(958)) - Added filter static_user_filter (class=org.apache.hadoop.http.lib.StaticUserWebFilter$StaticUserFilter) to context logs
2019-07-30 20:57:25,518 INFO  http.HttpServer2 (HttpServer2.java:addFilter(958)) - Added filter static_user_filter (class=org.apache.hadoop.http.lib.StaticUserWebFilter$StaticUserFilter) to context static
2019-07-30 20:57:25,519 INFO  http.HttpServer2 (HttpServer2.java:bindListener(1191)) - Jetty bound to port 42932
2019-07-30 20:57:25,519 INFO  server.Server (Server.java:doStart(351)) - jetty-9.3.24.v20180605, build timestamp: 2018-06-05T17:11:56Z, git hash: 84205aa28f11a4f31f2a3b86d1bba2cc8ab69827
2019-07-30 20:57:25,527 INFO  handler.ContextHandler (ContextHandler.java:doStart(781)) - Started o.e.j.s.ServletContextHandler@78910096{/logs,file:///workdir/hadoop-ozone/tools/target/log,AVAILABLE}
2019-07-30 20:57:25,528 INFO  handler.ContextHandler (ContextHandler.java:doStart(781)) - Started o.e.j.s.ServletContextHandler@4a1a256d{/static,file:///workdir/hadoop-hdds/container-service/target/classes/webapps/static,AVAILABLE}
2019-07-30 20:57:25,533 INFO  handler.ContextHandler (ContextHandler.java:doStart(781)) - Started o.e.j.w.WebAppContext@5974b233{/,file:///workdir/hadoop-hdds/container-service/target/classes/webapps/hddsDatanode/,AVAILABLE}{/hddsDatanode}
2019-07-30 20:57:25,533 INFO  server.AbstractConnector (AbstractConnector.java:doStart(278)) - Started ServerConnector@5c134052{HTTP/1.1,[http/1.1]}{0.0.0.0:42932}
2019-07-30 20:57:25,534 INFO  server.Server (Server.java:doStart(419)) - Started @6456ms
2019-07-30 20:57:25,535 INFO  server.BaseHttpServer (BaseHttpServer.java:updateConnectorAddress(207)) - HTTP server of HDDSDATANODE is listening at http://0.0.0.0:42932
2019-07-30 20:57:25,716 INFO  ozone.HddsDatanodeService (HddsDatanodeService.java:startPlugins(395)) - Started plug-in org.apache.hadoop.ozone.web.OzoneHddsDatanodeService@36bed37a
2019-07-30 20:57:25,720 INFO  ozone.MiniOzoneClusterImpl (MiniOzoneClusterImpl.java:lambda$waitForClusterToBeReady$0(142)) - Waiting for cluster to be ready. Got 0 of 5 DN Heartbeats.
2019-07-30 20:57:25,721 INFO  util.JvmPauseMonitor (JvmPauseMonitor.java:run(188)) - Starting JVM pause monitor
2019-07-30 20:57:25,726 INFO  datanode.InitDatanodeState (InitDatanodeState.java:persistContainerDatanodeDetails(140)) - DatanodeDetails is persisted to /workdir/hadoop-ozone/tools/target/test-dir/MiniOzoneClusterImpl-9dc4b5a5-f034-4fda-9173-e21f35f15c53/datanode-4/meta/datanode.id
2019-07-30 20:57:26,722 INFO  ozone.MiniOzoneClusterImpl (MiniOzoneClusterImpl.java:lambda$waitForClusterToBeReady$0(142)) - Waiting for cluster to be ready. Got 0 of 5 DN Heartbeats.
2019-07-30 20:57:26,863 INFO  ozoneimpl.OzoneContainer (OzoneContainer.java:start(186)) - Attempting to start container services.
2019-07-30 20:57:26,864 INFO  ozoneimpl.OzoneContainer (OzoneContainer.java:startContainerScrub(160)) - Background container scrubber has been disabled by hdds.containerscrub.enabled
2019-07-30 20:57:26,865 INFO  ratis.XceiverServerRatis (XceiverServerRatis.java:start(404)) - Starting XceiverServerRatis bf3d67f8-5751-46ab-93bd-0fc29b3c1531 at port 0
2019-07-30 20:57:26,887 INFO  impl.RaftServerProxy (RaftServerProxy.java:lambda$start$3(299)) - bf3d67f8-5751-46ab-93bd-0fc29b3c1531: start RPC server
2019-07-30 20:57:27,015 INFO  server.GrpcService (GrpcService.java:startImpl(149)) - bf3d67f8-5751-46ab-93bd-0fc29b3c1531: GrpcService started, listening on 0.0.0.0/0.0.0.0:41233
2019-07-30 20:57:27,016 INFO  ratis.XceiverServerRatis (XceiverServerRatis.java:start(414)) - XceiverServerRatis bf3d67f8-5751-46ab-93bd-0fc29b3c1531 is started using port 41233
2019-07-30 20:57:27,018 INFO  server.XceiverServerGrpc (XceiverServerGrpc.java:start(161)) - XceiverServerGrpc bf3d67f8-5751-46ab-93bd-0fc29b3c1531 is started using port 45084
2019-07-30 20:57:27,057 INFO  ozoneimpl.OzoneContainer (OzoneContainer.java:start(186)) - Attempting to start container services.
2019-07-30 20:57:27,059 INFO  ozoneimpl.OzoneContainer (OzoneContainer.java:startContainerScrub(160)) - Background container scrubber has been disabled by hdds.containerscrub.enabled
2019-07-30 20:57:27,060 INFO  ratis.XceiverServerRatis (XceiverServerRatis.java:start(404)) - Starting XceiverServerRatis 88b457c9-a839-4d83-9bd8-4c2a9c6ac969 at port 0
2019-07-30 20:57:27,068 INFO  impl.RaftServerProxy (RaftServerProxy.java:lambda$start$3(299)) - 88b457c9-a839-4d83-9bd8-4c2a9c6ac969: start RPC server
2019-07-30 20:57:27,071 INFO  server.GrpcService (GrpcService.java:startImpl(149)) - 88b457c9-a839-4d83-9bd8-4c2a9c6ac969: GrpcService started, listening on 0.0.0.0/0.0.0.0:39934
2019-07-30 20:57:27,072 INFO  ratis.XceiverServerRatis (XceiverServerRatis.java:start(414)) - XceiverServerRatis 88b457c9-a839-4d83-9bd8-4c2a9c6ac969 is started using port 39934
2019-07-30 20:57:27,079 INFO  server.XceiverServerGrpc (XceiverServerGrpc.java:start(161)) - XceiverServerGrpc 88b457c9-a839-4d83-9bd8-4c2a9c6ac969 is started using port 39161
2019-07-30 20:57:27,291 INFO  ozoneimpl.OzoneContainer (OzoneContainer.java:start(186)) - Attempting to start container services.
2019-07-30 20:57:27,294 INFO  ozoneimpl.OzoneContainer (OzoneContainer.java:startContainerScrub(160)) - Background container scrubber has been disabled by hdds.containerscrub.enabled
2019-07-30 20:57:27,294 INFO  ratis.XceiverServerRatis (XceiverServerRatis.java:start(404)) - Starting XceiverServerRatis b886fbb7-990e-4a24-a2cf-3fb3cd8b1c79 at port 0
2019-07-30 20:57:27,303 INFO  impl.RaftServerProxy (RaftServerProxy.java:lambda$start$3(299)) - b886fbb7-990e-4a24-a2cf-3fb3cd8b1c79: start RPC server
2019-07-30 20:57:27,306 INFO  server.GrpcService (GrpcService.java:startImpl(149)) - b886fbb7-990e-4a24-a2cf-3fb3cd8b1c79: GrpcService started, listening on 0.0.0.0/0.0.0.0:43310
2019-07-30 20:57:27,306 INFO  ratis.XceiverServerRatis (XceiverServerRatis.java:start(414)) - XceiverServerRatis b886fbb7-990e-4a24-a2cf-3fb3cd8b1c79 is started using port 43310
2019-07-30 20:57:27,309 INFO  server.XceiverServerGrpc (XceiverServerGrpc.java:start(161)) - XceiverServerGrpc b886fbb7-990e-4a24-a2cf-3fb3cd8b1c79 is started using port 44186
2019-07-30 20:57:27,500 INFO  ozoneimpl.OzoneContainer (OzoneContainer.java:start(186)) - Attempting to start container services.
2019-07-30 20:57:27,502 INFO  ozoneimpl.OzoneContainer (OzoneContainer.java:startContainerScrub(160)) - Background container scrubber has been disabled by hdds.containerscrub.enabled
2019-07-30 20:57:27,503 INFO  ratis.XceiverServerRatis (XceiverServerRatis.java:start(404)) - Starting XceiverServerRatis 85c129eb-0953-4afc-b486-0c3c12d17c84 at port 0
2019-07-30 20:57:27,513 INFO  impl.RaftServerProxy (RaftServerProxy.java:lambda$start$3(299)) - 85c129eb-0953-4afc-b486-0c3c12d17c84: start RPC server
2019-07-30 20:57:27,517 INFO  server.GrpcService (GrpcService.java:startImpl(149)) - 85c129eb-0953-4afc-b486-0c3c12d17c84: GrpcService started, listening on 0.0.0.0/0.0.0.0:36850
2019-07-30 20:57:27,517 INFO  ratis.XceiverServerRatis (XceiverServerRatis.java:start(414)) - XceiverServerRatis 85c129eb-0953-4afc-b486-0c3c12d17c84 is started using port 36850
2019-07-30 20:57:27,520 INFO  server.XceiverServerGrpc (XceiverServerGrpc.java:start(161)) - XceiverServerGrpc 85c129eb-0953-4afc-b486-0c3c12d17c84 is started using port 33188
2019-07-30 20:57:27,723 INFO  ozone.MiniOzoneClusterImpl (MiniOzoneClusterImpl.java:lambda$waitForClusterToBeReady$0(142)) - Waiting for cluster to be ready. Got 0 of 5 DN Heartbeats.
2019-07-30 20:57:27,744 INFO  ozoneimpl.OzoneContainer (OzoneContainer.java:start(186)) - Attempting to start container services.
2019-07-30 20:57:27,747 INFO  ozoneimpl.OzoneContainer (OzoneContainer.java:startContainerScrub(160)) - Background container scrubber has been disabled by hdds.containerscrub.enabled
2019-07-30 20:57:27,747 INFO  ratis.XceiverServerRatis (XceiverServerRatis.java:start(404)) - Starting XceiverServerRatis 8d326b13-47f6-487d-88ff-0b7d36d1dd11 at port 0
2019-07-30 20:57:27,757 INFO  impl.RaftServerProxy (RaftServerProxy.java:lambda$start$3(299)) - 8d326b13-47f6-487d-88ff-0b7d36d1dd11: start RPC server
2019-07-30 20:57:27,761 INFO  server.GrpcService (GrpcService.java:startImpl(149)) - 8d326b13-47f6-487d-88ff-0b7d36d1dd11: GrpcService started, listening on 0.0.0.0/0.0.0.0:42761
2019-07-30 20:57:27,762 INFO  ratis.XceiverServerRatis (XceiverServerRatis.java:start(414)) - XceiverServerRatis 8d326b13-47f6-487d-88ff-0b7d36d1dd11 is started using port 42761
2019-07-30 20:57:27,765 INFO  server.XceiverServerGrpc (XceiverServerGrpc.java:start(161)) - XceiverServerGrpc 8d326b13-47f6-487d-88ff-0b7d36d1dd11 is started using port 44128
2019-07-30 20:57:28,723 INFO  ozone.MiniOzoneClusterImpl (MiniOzoneClusterImpl.java:lambda$waitForClusterToBeReady$0(142)) - Waiting for cluster to be ready. Got 0 of 5 DN Heartbeats.
2019-07-30 20:57:28,849 INFO  net.NetworkTopology (NetworkTopologyImpl.java:add(110)) - Added a new node: /default-rack/bf3d67f8-5751-46ab-93bd-0fc29b3c1531
2019-07-30 20:57:28,850 INFO  node.SCMNodeManager (SCMNodeManager.java:register(273)) - Registered Data node : bf3d67f8-5751-46ab-93bd-0fc29b3c1531{ip: 192.168.69.96, host: byscane-nightly-xpwgl-1123774829, networkLocation: /default-rack, certSerialId: null}
2019-07-30 20:57:28,855 INFO  safemode.SCMSafeModeManager (DataNodeSafeModeRule.java:process(71)) - SCM in safe mode. 1 DataNodes registered, 1 required.
2019-07-30 20:57:28,856 INFO  safemode.SCMSafeModeManager (SCMSafeModeManager.java:validateSafeModeExitRules(177)) - ScmSafeModeManager, all rules are successfully validated
2019-07-30 20:57:28,856 INFO  safemode.SCMSafeModeManager (SCMSafeModeManager.java:exitSafeMode(193)) - SCM exiting safe mode.
2019-07-30 20:57:29,044 INFO  net.NetworkTopology (NetworkTopologyImpl.java:add(110)) - Added a new node: /default-rack/88b457c9-a839-4d83-9bd8-4c2a9c6ac969
2019-07-30 20:57:29,044 INFO  node.SCMNodeManager (SCMNodeManager.java:register(273)) - Registered Data node : 88b457c9-a839-4d83-9bd8-4c2a9c6ac969{ip: 192.168.69.96, host: byscane-nightly-xpwgl-1123774829, networkLocation: /default-rack, certSerialId: null}
2019-07-30 20:57:29,278 INFO  net.NetworkTopology (NetworkTopologyImpl.java:add(110)) - Added a new node: /default-rack/b886fbb7-990e-4a24-a2cf-3fb3cd8b1c79
2019-07-30 20:57:29,279 INFO  node.SCMNodeManager (SCMNodeManager.java:register(273)) - Registered Data node : b886fbb7-990e-4a24-a2cf-3fb3cd8b1c79{ip: 192.168.69.96, host: byscane-nightly-xpwgl-1123774829, networkLocation: /default-rack, certSerialId: null}
2019-07-30 20:57:29,447 INFO  impl.RaftServerProxy (RaftServerProxy.java:addNew(89)) - bf3d67f8-5751-46ab-93bd-0fc29b3c1531: addNew group-483F1770CD78:[bf3d67f8-5751-46ab-93bd-0fc29b3c1531:192.168.69.96:41233] returns group-483F1770CD78:java.util.concurrent.CompletableFuture@36491ca6[Not completed]
2019-07-30 20:57:29,474 INFO  impl.RaftServerImpl (RaftServerImpl.java:<init>(93)) - bf3d67f8-5751-46ab-93bd-0fc29b3c1531: new RaftServerImpl for group-483F1770CD78:[bf3d67f8-5751-46ab-93bd-0fc29b3c1531:192.168.69.96:41233] with ContainerStateMachine:uninitialized
2019-07-30 20:57:29,478 INFO  server.RaftServerConfigKeys (ConfUtils.java:logGet(43)) - raft.server.rpc.timeout.min = 5s (custom)
2019-07-30 20:57:29,479 INFO  server.RaftServerConfigKeys (ConfUtils.java:logGet(43)) - raft.server.rpc.timeout.max = 5200ms (custom)
2019-07-30 20:57:29,479 INFO  server.RaftServerConfigKeys (ConfUtils.java:logGet(43)) - raft.server.rpcslowness.timeout = 120s (custom)
2019-07-30 20:57:29,480 INFO  server.RaftServerConfigKeys (ConfUtils.java:logGet(43)) - raft.server.sleep.deviation.threshold = 300 (default)
2019-07-30 20:57:29,481 INFO  server.RaftServerConfigKeys (ConfUtils.java:logGet(43)) - raft.server.log.appender.install.snapshot.enabled = false (custom)
2019-07-30 20:57:29,487 INFO  net.NetworkTopology (NetworkTopologyImpl.java:add(110)) - Added a new node: /default-rack/85c129eb-0953-4afc-b486-0c3c12d17c84
2019-07-30 20:57:29,488 INFO  node.SCMNodeManager (SCMNodeManager.java:register(273)) - Registered Data node : 85c129eb-0953-4afc-b486-0c3c12d17c84{ip: 192.168.69.96, host: byscane-nightly-xpwgl-1123774829, networkLocation: /default-rack, certSerialId: null}
2019-07-30 20:57:29,491 INFO  impl.RaftServerImpl (ServerState.java:<init>(105)) - bf3d67f8-5751-46ab-93bd-0fc29b3c1531:group-483F1770CD78 ConfigurationManager, init=-1: [bf3d67f8-5751-46ab-93bd-0fc29b3c1531:192.168.69.96:41233], old=null, confs=<EMPTY_MAP>
2019-07-30 20:57:29,492 INFO  server.RaftServerConfigKeys (ConfUtils.java:logGet(43)) - raft.server.storage.dir = [/workdir/hadoop-ozone/tools/target/test-dir/MiniOzoneClusterImpl-9dc4b5a5-f034-4fda-9173-e21f35f15c53/datanode-0/data/ratis] (custom)
2019-07-30 20:57:29,500 INFO  storage.RaftStorageDirectory (RaftStorageDirectory.java:analyzeStorage(246)) - The storage directory /workdir/hadoop-ozone/tools/target/test-dir/MiniOzoneClusterImpl-9dc4b5a5-f034-4fda-9173-e21f35f15c53/datanode-0/data/ratis/17abc3fb-1000-4d5b-a80b-483f1770cd78 does not exist. Creating ...
2019-07-30 20:57:29,516 INFO  storage.RaftStorageDirectory (RaftStorageDirectory.java:tryLock(328)) - Lock on /workdir/hadoop-ozone/tools/target/test-dir/MiniOzoneClusterImpl-9dc4b5a5-f034-4fda-9173-e21f35f15c53/datanode-0/data/ratis/17abc3fb-1000-4d5b-a80b-483f1770cd78/in_use.lock acquired by nodename 26452@byscane-nightly-xpwgl-1123774829
2019-07-30 20:57:29,522 INFO  storage.RaftStorage (RaftStorage.java:format(72)) - Storage directory /workdir/hadoop-ozone/tools/target/test-dir/MiniOzoneClusterImpl-9dc4b5a5-f034-4fda-9173-e21f35f15c53/datanode-0/data/ratis/17abc3fb-1000-4d5b-a80b-483f1770cd78 has been successfully formatted.
2019-07-30 20:57:29,525 INFO  ratis.ContainerStateMachine (ContainerStateMachine.java:loadSnapshot(213)) - group-483F1770CD78: The snapshot info is null. Setting the last applied indexto:(t:0, i:~)
2019-07-30 20:57:29,525 INFO  server.RaftServerConfigKeys (ConfUtils.java:logGet(43)) - raft.server.leader.election.timeout = 120s (custom)
2019-07-30 20:57:29,529 INFO  server.RaftServerConfigKeys (ConfUtils.java:logGet(43)) - raft.server.log.use.memory = false (default)
2019-07-30 20:57:29,534 INFO  server.RaftServerConfigKeys (ConfUtils.java:logGet(43)) - raft.server.log.purge.gap = 1000000000 (custom)
2019-07-30 20:57:29,534 INFO  server.RaftServerConfigKeys (ConfUtils.java:logGet(43)) - raft.server.log.appender.buffer.byte-limit = 33554432 (custom)
2019-07-30 20:57:29,536 INFO  server.RaftServerConfigKeys (ConfUtils.java:logGet(43)) - raft.server.log.segment.size.max = 1048576 (custom)
2019-07-30 20:57:29,541 INFO  server.RaftServerConfigKeys (ConfUtils.java:logGet(43)) - raft.server.log.segment.cache.num.max = 2 (custom)
2019-07-30 20:57:29,546 INFO  segmented.SegmentedRaftLogWorker (SegmentedRaftLogWorker.java:<init>(172)) - new bf3d67f8-5751-46ab-93bd-0fc29b3c1531-SegmentedRaftLogWorker:Storage Directory /workdir/hadoop-ozone/tools/target/test-dir/MiniOzoneClusterImpl-9dc4b5a5-f034-4fda-9173-e21f35f15c53/datanode-0/data/ratis/17abc3fb-1000-4d5b-a80b-483f1770cd78 for RaftStorage:Storage Directory /workdir/hadoop-ozone/tools/target/test-dir/MiniOzoneClusterImpl-9dc4b5a5-f034-4fda-9173-e21f35f15c53/datanode-0/data/ratis/17abc3fb-1000-4d5b-a80b-483f1770cd78
2019-07-30 20:57:29,560 INFO  server.RaftServerConfigKeys (ConfUtils.java:logGet(43)) - raft.server.log.queue.byte-limit = 2147483647 (custom)
2019-07-30 20:57:29,560 INFO  server.RaftServerConfigKeys (ConfUtils.java:logGet(43)) - raft.server.log.queue.element-limit = 1024 (custom)
2019-07-30 20:57:29,871 INFO  ozone.MiniOzoneClusterImpl (MiniOzoneClusterImpl.java:lambda$waitForClusterToBeReady$0(142)) - Waiting for cluster to be ready. Got 4 of 5 DN Heartbeats.
2019-07-30 20:57:29,878 INFO  net.NetworkTopology (NetworkTopologyImpl.java:add(110)) - Added a new node: /default-rack/8d326b13-47f6-487d-88ff-0b7d36d1dd11
2019-07-30 20:57:29,878 INFO  node.SCMNodeManager (SCMNodeManager.java:register(273)) - Registered Data node : 8d326b13-47f6-487d-88ff-0b7d36d1dd11{ip: 192.168.69.96, host: byscane-nightly-xpwgl-1123774829, networkLocation: /default-rack, certSerialId: null}
2019-07-30 20:57:29,888 INFO  server.RaftServerConfigKeys (ConfUtils.java:logGet(43)) - raft.server.log.segment.size.max = 1048576 (custom)
2019-07-30 20:57:29,889 INFO  server.RaftServerConfigKeys (ConfUtils.java:logGet(43)) - raft.server.log.preallocated.size = 16384 (custom)
2019-07-30 20:57:29,890 INFO  server.RaftServerConfigKeys (ConfUtils.java:logGet(43)) - raft.server.log.write.buffer.size = 33554432 (custom)
2019-07-30 20:57:29,891 INFO  server.RaftServerConfigKeys (ConfUtils.java:logGet(43)) - raft.server.log.force.sync.num = 128 (default)
2019-07-30 20:57:29,892 INFO  server.RaftServerConfigKeys (ConfUtils.java:logGet(43)) - raft.server.log.statemachine.data.sync = true (default)
2019-07-30 20:57:29,892 INFO  server.RaftServerConfigKeys (ConfUtils.java:logGet(43)) - raft.server.log.statemachine.data.sync.timeout = 10s (default)
2019-07-30 20:57:29,893 INFO  server.RaftServerConfigKeys (ConfUtils.java:logGet(43)) - raft.server.log.statemachine.data.sync.timeout.retry = -1 (default)
2019-07-30 20:57:29,910 INFO  server.RaftServerConfigKeys (ConfUtils.java:logGet(43)) - raft.server.log.statemachine.data.caching.enabled = true (custom)
2019-07-30 20:57:29,917 INFO  segmented.SegmentedRaftLogWorker (SegmentedRaftLogWorker.java:lambda$new$0(132)) - bf3d67f8-5751-46ab-93bd-0fc29b3c1531-SegmentedRaftLogWorker:Storage Directory /workdir/hadoop-ozone/tools/target/test-dir/MiniOzoneClusterImpl-9dc4b5a5-f034-4fda-9173-e21f35f15c53/datanode-0/data/ratis/17abc3fb-1000-4d5b-a80b-483f1770cd78: flushIndex: setUnconditionally 0 -> -1
2019-07-30 20:57:29,923 INFO  server.RaftServerConfigKeys (ConfUtils.java:logGet(43)) - raft.server.snapshot.auto.trigger.enabled = true (custom)
2019-07-30 20:57:29,924 INFO  server.RaftServerConfigKeys (ConfUtils.java:logGet(43)) - raft.server.snapshot.auto.trigger.threshold = 10000 (custom)
2019-07-30 20:57:29,924 INFO  server.RaftServerConfigKeys (ConfUtils.java:logGet(43)) - raft.server.retrycache.expirytime = 600000ms (custom)
2019-07-30 20:57:29,951 INFO  impl.RaftServerImpl (RaftServerImpl.java:start(180)) - bf3d67f8-5751-46ab-93bd-0fc29b3c1531: start group-483F1770CD78
2019-07-30 20:57:29,952 INFO  impl.RaftServerImpl (RaftServerImpl.java:setRole(171)) - bf3d67f8-5751-46ab-93bd-0fc29b3c1531:group-483F1770CD78 changes role from null to FOLLOWER at term 0 for startAsFollower
2019-07-30 20:57:29,953 INFO  impl.RoleInfo (RoleInfo.java:updateAndGet(143)) - bf3d67f8-5751-46ab-93bd-0fc29b3c1531: start FollowerState
2019-07-30 20:57:29,955 INFO  util.JmxRegister (JmxRegister.java:tryRegister(44)) - Successfully registered JMX Bean with object name Ratis:service=RaftServer,group=group-483F1770CD78,id=bf3d67f8-5751-46ab-93bd-0fc29b3c1531
2019-07-30 20:57:30,015 INFO  pipeline.PipelineStateManager (PipelineStateManager.java:addPipeline(56)) - Created pipeline Pipeline[ Id: 17abc3fb-1000-4d5b-a80b-483f1770cd78, Nodes: bf3d67f8-5751-46ab-93bd-0fc29b3c1531{ip: 192.168.69.96, host: byscane-nightly-xpwgl-1123774829, networkLocation: /default-rack, certSerialId: null}, Type:RATIS, Factor:ONE, State:OPEN]
2019-07-30 20:57:30,037 INFO  impl.RaftServerProxy (RaftServerProxy.java:addNew(89)) - b886fbb7-990e-4a24-a2cf-3fb3cd8b1c79: addNew group-56B03B628FBD:[b886fbb7-990e-4a24-a2cf-3fb3cd8b1c79:192.168.69.96:43310] returns group-56B03B628FBD:java.util.concurrent.CompletableFuture@27971c5b[Not completed]
2019-07-30 20:57:30,083 INFO  impl.RaftServerImpl (RaftServerImpl.java:<init>(93)) - b886fbb7-990e-4a24-a2cf-3fb3cd8b1c79: new RaftServerImpl for group-56B03B628FBD:[b886fbb7-990e-4a24-a2cf-3fb3cd8b1c79:192.168.69.96:43310] with ContainerStateMachine:uninitialized
2019-07-30 20:57:30,086 INFO  server.RaftServerConfigKeys (ConfUtils.java:logGet(43)) - raft.server.rpc.timeout.min = 5s (custom)
2019-07-30 20:57:30,086 INFO  server.RaftServerConfigKeys (ConfUtils.java:logGet(43)) - raft.server.rpc.timeout.max = 5200ms (custom)
2019-07-30 20:57:30,086 INFO  server.RaftServerConfigKeys (ConfUtils.java:logGet(43)) - raft.server.rpcslowness.timeout = 120s (custom)
2019-07-30 20:57:30,086 INFO  server.RaftServerConfigKeys (ConfUtils.java:logGet(43)) - raft.server.sleep.deviation.threshold = 300 (default)
2019-07-30 20:57:30,086 INFO  server.RaftServerConfigKeys (ConfUtils.java:logGet(43)) - raft.server.log.appender.install.snapshot.enabled = false (custom)
2019-07-30 20:57:30,087 INFO  impl.RaftServerImpl (ServerState.java:<init>(105)) - b886fbb7-990e-4a24-a2cf-3fb3cd8b1c79:group-56B03B628FBD ConfigurationManager, init=-1: [b886fbb7-990e-4a24-a2cf-3fb3cd8b1c79:192.168.69.96:43310], old=null, confs=<EMPTY_MAP>
2019-07-30 20:57:30,087 INFO  server.RaftServerConfigKeys (ConfUtils.java:logGet(43)) - raft.server.storage.dir = [/workdir/hadoop-ozone/tools/target/test-dir/MiniOzoneClusterImpl-9dc4b5a5-f034-4fda-9173-e21f35f15c53/datanode-2/data/ratis] (custom)
2019-07-30 20:57:30,087 INFO  storage.RaftStorageDirectory (RaftStorageDirectory.java:analyzeStorage(246)) - The storage directory /workdir/hadoop-ozone/tools/target/test-dir/MiniOzoneClusterImpl-9dc4b5a5-f034-4fda-9173-e21f35f15c53/datanode-2/data/ratis/921773a5-e575-4a6f-9979-56b03b628fbd does not exist. Creating ...
2019-07-30 20:57:30,103 INFO  storage.RaftStorageDirectory (RaftStorageDirectory.java:tryLock(328)) - Lock on /workdir/hadoop-ozone/tools/target/test-dir/MiniOzoneClusterImpl-9dc4b5a5-f034-4fda-9173-e21f35f15c53/datanode-2/data/ratis/921773a5-e575-4a6f-9979-56b03b628fbd/in_use.lock acquired by nodename 26452@byscane-nightly-xpwgl-1123774829
2019-07-30 20:57:30,129 INFO  storage.RaftStorage (RaftStorage.java:format(72)) - Storage directory /workdir/hadoop-ozone/tools/target/test-dir/MiniOzoneClusterImpl-9dc4b5a5-f034-4fda-9173-e21f35f15c53/datanode-2/data/ratis/921773a5-e575-4a6f-9979-56b03b628fbd has been successfully formatted.
2019-07-30 20:57:30,131 INFO  ratis.ContainerStateMachine (ContainerStateMachine.java:loadSnapshot(213)) - group-56B03B628FBD: The snapshot info is null. Setting the last applied indexto:(t:0, i:~)
2019-07-30 20:57:30,132 INFO  server.RaftServerConfigKeys (ConfUtils.java:logGet(43)) - raft.server.leader.election.timeout = 120s (custom)
2019-07-30 20:57:30,133 INFO  server.RaftServerConfigKeys (ConfUtils.java:logGet(43)) - raft.server.log.use.memory = false (default)
2019-07-30 20:57:30,133 INFO  server.RaftServerConfigKeys (ConfUtils.java:logGet(43)) - raft.server.log.purge.gap = 1000000000 (custom)
2019-07-30 20:57:30,133 INFO  server.RaftServerConfigKeys (ConfUtils.java:logGet(43)) - raft.server.log.appender.buffer.byte-limit = 33554432 (custom)
2019-07-30 20:57:30,133 INFO  server.RaftServerConfigKeys (ConfUtils.java:logGet(43)) - raft.server.log.segment.size.max = 1048576 (custom)
2019-07-30 20:57:30,134 INFO  server.RaftServerConfigKeys (ConfUtils.java:logGet(43)) - raft.server.log.segment.cache.num.max = 2 (custom)
2019-07-30 20:57:30,134 INFO  segmented.SegmentedRaftLogWorker (SegmentedRaftLogWorker.java:<init>(172)) - new b886fbb7-990e-4a24-a2cf-3fb3cd8b1c79-SegmentedRaftLogWorker:Storage Directory /workdir/hadoop-ozone/tools/target/test-dir/MiniOzoneClusterImpl-9dc4b5a5-f034-4fda-9173-e21f35f15c53/datanode-2/data/ratis/921773a5-e575-4a6f-9979-56b03b628fbd for RaftStorage:Storage Directory /workdir/hadoop-ozone/tools/target/test-dir/MiniOzoneClusterImpl-9dc4b5a5-f034-4fda-9173-e21f35f15c53/datanode-2/data/ratis/921773a5-e575-4a6f-9979-56b03b628fbd
2019-07-30 20:57:30,136 INFO  server.RaftServerConfigKeys (ConfUtils.java:logGet(43)) - raft.server.log.queue.byte-limit = 2147483647 (custom)
2019-07-30 20:57:30,136 INFO  server.RaftServerConfigKeys (ConfUtils.java:logGet(43)) - raft.server.log.queue.element-limit = 1024 (custom)
2019-07-30 20:57:30,137 INFO  server.RaftServerConfigKeys (ConfUtils.java:logGet(43)) - raft.server.log.segment.size.max = 1048576 (custom)
2019-07-30 20:57:30,137 INFO  server.RaftServerConfigKeys (ConfUtils.java:logGet(43)) - raft.server.log.preallocated.size = 16384 (custom)
2019-07-30 20:57:30,137 INFO  server.RaftServerConfigKeys (ConfUtils.java:logGet(43)) - raft.server.log.write.buffer.size = 33554432 (custom)
2019-07-30 20:57:30,137 INFO  server.RaftServerConfigKeys (ConfUtils.java:logGet(43)) - raft.server.log.force.sync.num = 128 (default)
2019-07-30 20:57:30,137 INFO  server.RaftServerConfigKeys (ConfUtils.java:logGet(43)) - raft.server.log.statemachine.data.sync = true (default)
2019-07-30 20:57:30,138 INFO  server.RaftServerConfigKeys (ConfUtils.java:logGet(43)) - raft.server.log.statemachine.data.sync.timeout = 10s (default)
2019-07-30 20:57:30,138 INFO  server.RaftServerConfigKeys (ConfUtils.java:logGet(43)) - raft.server.log.statemachine.data.sync.timeout.retry = -1 (default)
2019-07-30 20:57:30,139 INFO  server.RaftServerConfigKeys (ConfUtils.java:logGet(43)) - raft.server.log.statemachine.data.caching.enabled = true (custom)
2019-07-30 20:57:30,139 INFO  segmented.SegmentedRaftLogWorker (SegmentedRaftLogWorker.java:lambda$new$0(132)) - b886fbb7-990e-4a24-a2cf-3fb3cd8b1c79-SegmentedRaftLogWorker:Storage Directory /workdir/hadoop-ozone/tools/target/test-dir/MiniOzoneClusterImpl-9dc4b5a5-f034-4fda-9173-e21f35f15c53/datanode-2/data/ratis/921773a5-e575-4a6f-9979-56b03b628fbd: flushIndex: setUnconditionally 0 -> -1
2019-07-30 20:57:30,140 INFO  server.RaftServerConfigKeys (ConfUtils.java:logGet(43)) - raft.server.snapshot.auto.trigger.enabled = true (custom)
2019-07-30 20:57:30,140 INFO  server.RaftServerConfigKeys (ConfUtils.java:logGet(43)) - raft.server.snapshot.auto.trigger.threshold = 10000 (custom)
2019-07-30 20:57:30,140 INFO  server.RaftServerConfigKeys (ConfUtils.java:logGet(43)) - raft.server.retrycache.expirytime = 600000ms (custom)
2019-07-30 20:57:30,141 INFO  impl.RaftServerImpl (RaftServerImpl.java:start(180)) - b886fbb7-990e-4a24-a2cf-3fb3cd8b1c79: start group-56B03B628FBD
2019-07-30 20:57:30,141 INFO  impl.RaftServerImpl (RaftServerImpl.java:setRole(171)) - b886fbb7-990e-4a24-a2cf-3fb3cd8b1c79:group-56B03B628FBD changes role from null to FOLLOWER at term 0 for startAsFollower
2019-07-30 20:57:30,141 INFO  impl.RoleInfo (RoleInfo.java:updateAndGet(143)) - b886fbb7-990e-4a24-a2cf-3fb3cd8b1c79: start FollowerState
2019-07-30 20:57:30,143 INFO  util.JmxRegister (JmxRegister.java:tryRegister(44)) - Successfully registered JMX Bean with object name Ratis:service=RaftServer,group=group-56B03B628FBD,id=b886fbb7-990e-4a24-a2cf-3fb3cd8b1c79
2019-07-30 20:57:30,164 INFO  pipeline.PipelineStateManager (PipelineStateManager.java:addPipeline(56)) - Created pipeline Pipeline[ Id: 921773a5-e575-4a6f-9979-56b03b628fbd, Nodes: b886fbb7-990e-4a24-a2cf-3fb3cd8b1c79{ip: 192.168.69.96, host: byscane-nightly-xpwgl-1123774829, networkLocation: /default-rack, certSerialId: null}, Type:RATIS, Factor:ONE, State:OPEN]
2019-07-30 20:57:30,186 INFO  impl.RaftServerProxy (RaftServerProxy.java:addNew(89)) - 88b457c9-a839-4d83-9bd8-4c2a9c6ac969: addNew group-49EC042249F1:[88b457c9-a839-4d83-9bd8-4c2a9c6ac969:192.168.69.96:39934] returns group-49EC042249F1:java.util.concurrent.CompletableFuture@52ef7885[Not completed]
2019-07-30 20:57:30,195 INFO  impl.RaftServerImpl (RaftServerImpl.java:<init>(93)) - 88b457c9-a839-4d83-9bd8-4c2a9c6ac969: new RaftServerImpl for group-49EC042249F1:[88b457c9-a839-4d83-9bd8-4c2a9c6ac969:192.168.69.96:39934] with ContainerStateMachine:uninitialized
2019-07-30 20:57:30,197 INFO  server.RaftServerConfigKeys (ConfUtils.java:logGet(43)) - raft.server.rpc.timeout.min = 5s (custom)
2019-07-30 20:57:30,197 INFO  server.RaftServerConfigKeys (ConfUtils.java:logGet(43)) - raft.server.rpc.timeout.max = 5200ms (custom)
2019-07-30 20:57:30,197 INFO  server.RaftServerConfigKeys (ConfUtils.java:logGet(43)) - raft.server.rpcslowness.timeout = 120s (custom)
2019-07-30 20:57:30,197 INFO  server.RaftServerConfigKeys (ConfUtils.java:logGet(43)) - raft.server.sleep.deviation.threshold = 300 (default)
2019-07-30 20:57:30,198 INFO  server.RaftServerConfigKeys (ConfUtils.java:logGet(43)) - raft.server.log.appender.install.snapshot.enabled = false (custom)
2019-07-30 20:57:30,198 INFO  impl.RaftServerImpl (ServerState.java:<init>(105)) - 88b457c9-a839-4d83-9bd8-4c2a9c6ac969:group-49EC042249F1 ConfigurationManager, init=-1: [88b457c9-a839-4d83-9bd8-4c2a9c6ac969:192.168.69.96:39934], old=null, confs=<EMPTY_MAP>
2019-07-30 20:57:30,198 INFO  server.RaftServerConfigKeys (ConfUtils.java:logGet(43)) - raft.server.storage.dir = [/workdir/hadoop-ozone/tools/target/test-dir/MiniOzoneClusterImpl-9dc4b5a5-f034-4fda-9173-e21f35f15c53/datanode-1/data/ratis] (custom)
2019-07-30 20:57:30,199 INFO  storage.RaftStorageDirectory (RaftStorageDirectory.java:analyzeStorage(246)) - The storage directory /workdir/hadoop-ozone/tools/target/test-dir/MiniOzoneClusterImpl-9dc4b5a5-f034-4fda-9173-e21f35f15c53/datanode-1/data/ratis/4913054b-a349-45ac-b293-49ec042249f1 does not exist. Creating ...
2019-07-30 20:57:30,220 INFO  storage.RaftStorageDirectory (RaftStorageDirectory.java:tryLock(328)) - Lock on /workdir/hadoop-ozone/tools/target/test-dir/MiniOzoneClusterImpl-9dc4b5a5-f034-4fda-9173-e21f35f15c53/datanode-1/data/ratis/4913054b-a349-45ac-b293-49ec042249f1/in_use.lock acquired by nodename 26452@byscane-nightly-xpwgl-1123774829
2019-07-30 20:57:30,233 INFO  storage.RaftStorage (RaftStorage.java:format(72)) - Storage directory /workdir/hadoop-ozone/tools/target/test-dir/MiniOzoneClusterImpl-9dc4b5a5-f034-4fda-9173-e21f35f15c53/datanode-1/data/ratis/4913054b-a349-45ac-b293-49ec042249f1 has been successfully formatted.
2019-07-30 20:57:30,234 INFO  ratis.ContainerStateMachine (ContainerStateMachine.java:loadSnapshot(213)) - group-49EC042249F1: The snapshot info is null. Setting the last applied indexto:(t:0, i:~)
2019-07-30 20:57:30,234 INFO  server.RaftServerConfigKeys (ConfUtils.java:logGet(43)) - raft.server.leader.election.timeout = 120s (custom)
2019-07-30 20:57:30,234 INFO  server.RaftServerConfigKeys (ConfUtils.java:logGet(43)) - raft.server.log.use.memory = false (default)
2019-07-30 20:57:30,234 INFO  server.RaftServerConfigKeys (ConfUtils.java:logGet(43)) - raft.server.log.purge.gap = 1000000000 (custom)
2019-07-30 20:57:30,235 INFO  server.RaftServerConfigKeys (ConfUtils.java:logGet(43)) - raft.server.log.appender.buffer.byte-limit = 33554432 (custom)
2019-07-30 20:57:30,235 INFO  server.RaftServerConfigKeys (ConfUtils.java:logGet(43)) - raft.server.log.segment.size.max = 1048576 (custom)
2019-07-30 20:57:30,235 INFO  server.RaftServerConfigKeys (ConfUtils.java:logGet(43)) - raft.server.log.segment.cache.num.max = 2 (custom)
2019-07-30 20:57:30,235 INFO  segmented.SegmentedRaftLogWorker (SegmentedRaftLogWorker.java:<init>(172)) - new 88b457c9-a839-4d83-9bd8-4c2a9c6ac969-SegmentedRaftLogWorker:Storage Directory /workdir/hadoop-ozone/tools/target/test-dir/MiniOzoneClusterImpl-9dc4b5a5-f034-4fda-9173-e21f35f15c53/datanode-1/data/ratis/4913054b-a349-45ac-b293-49ec042249f1 for RaftStorage:Storage Directory /workdir/hadoop-ozone/tools/target/test-dir/MiniOzoneClusterImpl-9dc4b5a5-f034-4fda-9173-e21f35f15c53/datanode-1/data/ratis/4913054b-a349-45ac-b293-49ec042249f1
2019-07-30 20:57:30,236 INFO  server.RaftServerConfigKeys (ConfUtils.java:logGet(43)) - raft.server.log.queue.byte-limit = 2147483647 (custom)
2019-07-30 20:57:30,236 INFO  server.RaftServerConfigKeys (ConfUtils.java:logGet(43)) - raft.server.log.queue.element-limit = 1024 (custom)
2019-07-30 20:57:30,236 INFO  server.RaftServerConfigKeys (ConfUtils.java:logGet(43)) - raft.server.log.segment.size.max = 1048576 (custom)
2019-07-30 20:57:30,237 INFO  server.RaftServerConfigKeys (ConfUtils.java:logGet(43)) - raft.server.log.preallocated.size = 16384 (custom)
2019-07-30 20:57:30,237 INFO  server.RaftServerConfigKeys (ConfUtils.java:logGet(43)) - raft.server.log.write.buffer.size = 33554432 (custom)
2019-07-30 20:57:30,237 INFO  server.RaftServerConfigKeys (ConfUtils.java:logGet(43)) - raft.server.log.force.sync.num = 128 (default)
2019-07-30 20:57:30,237 INFO  server.RaftServerConfigKeys (ConfUtils.java:logGet(43)) - raft.server.log.statemachine.data.sync = true (default)
2019-07-30 20:57:30,237 INFO  server.RaftServerConfigKeys (ConfUtils.java:logGet(43)) - raft.server.log.statemachine.data.sync.timeout = 10s (default)
2019-07-30 20:57:30,238 INFO  server.RaftServerConfigKeys (ConfUtils.java:logGet(43)) - raft.server.log.statemachine.data.sync.timeout.retry = -1 (default)
2019-07-30 20:57:30,238 INFO  server.RaftServerConfigKeys (ConfUtils.java:logGet(43)) - raft.server.log.statemachine.data.caching.enabled = true (custom)
2019-07-30 20:57:30,239 INFO  segmented.SegmentedRaftLogWorker (SegmentedRaftLogWorker.java:lambda$new$0(132)) - 88b457c9-a839-4d83-9bd8-4c2a9c6ac969-SegmentedRaftLogWorker:Storage Directory /workdir/hadoop-ozone/tools/target/test-dir/MiniOzoneClusterImpl-9dc4b5a5-f034-4fda-9173-e21f35f15c53/datanode-1/data/ratis/4913054b-a349-45ac-b293-49ec042249f1: flushIndex: setUnconditionally 0 -> -1
2019-07-30 20:57:30,239 INFO  server.RaftServerConfigKeys (ConfUtils.java:logGet(43)) - raft.server.snapshot.auto.trigger.enabled = true (custom)
2019-07-30 20:57:30,239 INFO  server.RaftServerConfigKeys (ConfUtils.java:logGet(43)) - raft.server.snapshot.auto.trigger.threshold = 10000 (custom)
2019-07-30 20:57:30,240 INFO  server.RaftServerConfigKeys (ConfUtils.java:logGet(43)) - raft.server.retrycache.expirytime = 600000ms (custom)
2019-07-30 20:57:30,240 INFO  impl.RaftServerImpl (RaftServerImpl.java:start(180)) - 88b457c9-a839-4d83-9bd8-4c2a9c6ac969: start group-49EC042249F1
2019-07-30 20:57:30,240 INFO  impl.RaftServerImpl (RaftServerImpl.java:setRole(171)) - 88b457c9-a839-4d83-9bd8-4c2a9c6ac969:group-49EC042249F1 changes role from null to FOLLOWER at term 0 for startAsFollower
2019-07-30 20:57:30,240 INFO  impl.RoleInfo (RoleInfo.java:updateAndGet(143)) - 88b457c9-a839-4d83-9bd8-4c2a9c6ac969: start FollowerState
2019-07-30 20:57:30,241 INFO  util.JmxRegister (JmxRegister.java:tryRegister(44)) - Successfully registered JMX Bean with object name Ratis:service=RaftServer,group=group-49EC042249F1,id=88b457c9-a839-4d83-9bd8-4c2a9c6ac969
2019-07-30 20:57:30,256 INFO  pipeline.PipelineStateManager (PipelineStateManager.java:addPipeline(56)) - Created pipeline Pipeline[ Id: 4913054b-a349-45ac-b293-49ec042249f1, Nodes: 88b457c9-a839-4d83-9bd8-4c2a9c6ac969{ip: 192.168.69.96, host: byscane-nightly-xpwgl-1123774829, networkLocation: /default-rack, certSerialId: null}, Type:RATIS, Factor:ONE, State:OPEN]
2019-07-30 20:57:30,280 INFO  impl.RaftServerProxy (RaftServerProxy.java:addNew(89)) - 8d326b13-47f6-487d-88ff-0b7d36d1dd11: addNew group-AB8BDB6383D5:[8d326b13-47f6-487d-88ff-0b7d36d1dd11:192.168.69.96:42761] returns group-AB8BDB6383D5:java.util.concurrent.CompletableFuture@58ccc87b[Not completed]
2019-07-30 20:57:30,282 INFO  impl.RaftServerImpl (RaftServerImpl.java:<init>(93)) - 8d326b13-47f6-487d-88ff-0b7d36d1dd11: new RaftServerImpl for group-AB8BDB6383D5:[8d326b13-47f6-487d-88ff-0b7d36d1dd11:192.168.69.96:42761] with ContainerStateMachine:uninitialized
2019-07-30 20:57:30,283 INFO  server.RaftServerConfigKeys (ConfUtils.java:logGet(43)) - raft.server.rpc.timeout.min = 5s (custom)
2019-07-30 20:57:30,284 INFO  server.RaftServerConfigKeys (ConfUtils.java:logGet(43)) - raft.server.rpc.timeout.max = 5200ms (custom)
2019-07-30 20:57:30,284 INFO  server.RaftServerConfigKeys (ConfUtils.java:logGet(43)) - raft.server.rpcslowness.timeout = 120s (custom)
2019-07-30 20:57:30,284 INFO  server.RaftServerConfigKeys (ConfUtils.java:logGet(43)) - raft.server.sleep.deviation.threshold = 300 (default)
2019-07-30 20:57:30,284 INFO  server.RaftServerConfigKeys (ConfUtils.java:logGet(43)) - raft.server.log.appender.install.snapshot.enabled = false (custom)
2019-07-30 20:57:30,284 INFO  impl.RaftServerImpl (ServerState.java:<init>(105)) - 8d326b13-47f6-487d-88ff-0b7d36d1dd11:group-AB8BDB6383D5 ConfigurationManager, init=-1: [8d326b13-47f6-487d-88ff-0b7d36d1dd11:192.168.69.96:42761], old=null, confs=<EMPTY_MAP>
2019-07-30 20:57:30,285 INFO  server.RaftServerConfigKeys (ConfUtils.java:logGet(43)) - raft.server.storage.dir = [/workdir/hadoop-ozone/tools/target/test-dir/MiniOzoneClusterImpl-9dc4b5a5-f034-4fda-9173-e21f35f15c53/datanode-4/data/ratis] (custom)
2019-07-30 20:57:30,285 INFO  storage.RaftStorageDirectory (RaftStorageDirectory.java:analyzeStorage(246)) - The storage directory /workdir/hadoop-ozone/tools/target/test-dir/MiniOzoneClusterImpl-9dc4b5a5-f034-4fda-9173-e21f35f15c53/datanode-4/data/ratis/fe63a1c7-d478-4e8e-bf0e-ab8bdb6383d5 does not exist. Creating ...
2019-07-30 20:57:30,311 INFO  storage.RaftStorageDirectory (RaftStorageDirectory.java:tryLock(328)) - Lock on /workdir/hadoop-ozone/tools/target/test-dir/MiniOzoneClusterImpl-9dc4b5a5-f034-4fda-9173-e21f35f15c53/datanode-4/data/ratis/fe63a1c7-d478-4e8e-bf0e-ab8bdb6383d5/in_use.lock acquired by nodename 26452@byscane-nightly-xpwgl-1123774829
2019-07-30 20:57:30,324 INFO  storage.RaftStorage (RaftStorage.java:format(72)) - Storage directory /workdir/hadoop-ozone/tools/target/test-dir/MiniOzoneClusterImpl-9dc4b5a5-f034-4fda-9173-e21f35f15c53/datanode-4/data/ratis/fe63a1c7-d478-4e8e-bf0e-ab8bdb6383d5 has been successfully formatted.
2019-07-30 20:57:30,324 INFO  ratis.ContainerStateMachine (ContainerStateMachine.java:loadSnapshot(213)) - group-AB8BDB6383D5: The snapshot info is null. Setting the last applied indexto:(t:0, i:~)
2019-07-30 20:57:30,324 INFO  server.RaftServerConfigKeys (ConfUtils.java:logGet(43)) - raft.server.leader.election.timeout = 120s (custom)
2019-07-30 20:57:30,324 INFO  server.RaftServerConfigKeys (ConfUtils.java:logGet(43)) - raft.server.log.use.memory = false (default)
2019-07-30 20:57:30,325 INFO  server.RaftServerConfigKeys (ConfUtils.java:logGet(43)) - raft.server.log.purge.gap = 1000000000 (custom)
2019-07-30 20:57:30,325 INFO  server.RaftServerConfigKeys (ConfUtils.java:logGet(43)) - raft.server.log.appender.buffer.byte-limit = 33554432 (custom)
2019-07-30 20:57:30,325 INFO  server.RaftServerConfigKeys (ConfUtils.java:logGet(43)) - raft.server.log.segment.size.max = 1048576 (custom)
2019-07-30 20:57:30,325 INFO  server.RaftServerConfigKeys (ConfUtils.java:logGet(43)) - raft.server.log.segment.cache.num.max = 2 (custom)
2019-07-30 20:57:30,325 INFO  segmented.SegmentedRaftLogWorker (SegmentedRaftLogWorker.java:<init>(172)) - new 8d326b13-47f6-487d-88ff-0b7d36d1dd11-SegmentedRaftLogWorker:Storage Directory /workdir/hadoop-ozone/tools/target/test-dir/MiniOzoneClusterImpl-9dc4b5a5-f034-4fda-9173-e21f35f15c53/datanode-4/data/ratis/fe63a1c7-d478-4e8e-bf0e-ab8bdb6383d5 for RaftStorage:Storage Directory /workdir/hadoop-ozone/tools/target/test-dir/MiniOzoneClusterImpl-9dc4b5a5-f034-4fda-9173-e21f35f15c53/datanode-4/data/ratis/fe63a1c7-d478-4e8e-bf0e-ab8bdb6383d5
2019-07-30 20:57:30,326 INFO  server.RaftServerConfigKeys (ConfUtils.java:logGet(43)) - raft.server.log.queue.byte-limit = 2147483647 (custom)
2019-07-30 20:57:30,326 INFO  server.RaftServerConfigKeys (ConfUtils.java:logGet(43)) - raft.server.log.queue.element-limit = 1024 (custom)
2019-07-30 20:57:30,326 INFO  server.RaftServerConfigKeys (ConfUtils.java:logGet(43)) - raft.server.log.segment.size.max = 1048576 (custom)
2019-07-30 20:57:30,326 INFO  server.RaftServerConfigKeys (ConfUtils.java:logGet(43)) - raft.server.log.preallocated.size = 16384 (custom)
2019-07-30 20:57:30,326 INFO  server.RaftServerConfigKeys (ConfUtils.java:logGet(43)) - raft.server.log.write.buffer.size = 33554432 (custom)
2019-07-30 20:57:30,327 INFO  server.RaftServerConfigKeys (ConfUtils.java:logGet(43)) - raft.server.log.force.sync.num = 128 (default)
2019-07-30 20:57:30,327 INFO  server.RaftServerConfigKeys (ConfUtils.java:logGet(43)) - raft.server.log.statemachine.data.sync = true (default)
2019-07-30 20:57:30,327 INFO  server.RaftServerConfigKeys (ConfUtils.java:logGet(43)) - raft.server.log.statemachine.data.sync.timeout = 10s (default)
2019-07-30 20:57:30,327 INFO  server.RaftServerConfigKeys (ConfUtils.java:logGet(43)) - raft.server.log.statemachine.data.sync.timeout.retry = -1 (default)
2019-07-30 20:57:30,328 INFO  server.RaftServerConfigKeys (ConfUtils.java:logGet(43)) - raft.server.log.statemachine.data.caching.enabled = true (custom)
2019-07-30 20:57:30,328 INFO  segmented.SegmentedRaftLogWorker (SegmentedRaftLogWorker.java:lambda$new$0(132)) - 8d326b13-47f6-487d-88ff-0b7d36d1dd11-SegmentedRaftLogWorker:Storage Directory /workdir/hadoop-ozone/tools/target/test-dir/MiniOzoneClusterImpl-9dc4b5a5-f034-4fda-9173-e21f35f15c53/datanode-4/data/ratis/fe63a1c7-d478-4e8e-bf0e-ab8bdb6383d5: flushIndex: setUnconditionally 0 -> -1
2019-07-30 20:57:30,329 INFO  server.RaftServerConfigKeys (ConfUtils.java:logGet(43)) - raft.server.snapshot.auto.trigger.enabled = true (custom)
2019-07-30 20:57:30,329 INFO  server.RaftServerConfigKeys (ConfUtils.java:logGet(43)) - raft.server.snapshot.auto.trigger.threshold = 10000 (custom)
2019-07-30 20:57:30,329 INFO  server.RaftServerConfigKeys (ConfUtils.java:logGet(43)) - raft.server.retrycache.expirytime = 600000ms (custom)
2019-07-30 20:57:30,329 INFO  impl.RaftServerImpl (RaftServerImpl.java:start(180)) - 8d326b13-47f6-487d-88ff-0b7d36d1dd11: start group-AB8BDB6383D5
2019-07-30 20:57:30,329 INFO  impl.RaftServerImpl (RaftServerImpl.java:setRole(171)) - 8d326b13-47f6-487d-88ff-0b7d36d1dd11:group-AB8BDB6383D5 changes role from null to FOLLOWER at term 0 for startAsFollower
2019-07-30 20:57:30,330 INFO  impl.RoleInfo (RoleInfo.java:updateAndGet(143)) - 8d326b13-47f6-487d-88ff-0b7d36d1dd11: start FollowerState
2019-07-30 20:57:30,330 INFO  util.JmxRegister (JmxRegister.java:tryRegister(44)) - Successfully registered JMX Bean with object name Ratis:service=RaftServer,group=group-AB8BDB6383D5,id=8d326b13-47f6-487d-88ff-0b7d36d1dd11
2019-07-30 20:57:30,344 INFO  pipeline.PipelineStateManager (PipelineStateManager.java:addPipeline(56)) - Created pipeline Pipeline[ Id: fe63a1c7-d478-4e8e-bf0e-ab8bdb6383d5, Nodes: 8d326b13-47f6-487d-88ff-0b7d36d1dd11{ip: 192.168.69.96, host: byscane-nightly-xpwgl-1123774829, networkLocation: /default-rack, certSerialId: null}, Type:RATIS, Factor:ONE, State:OPEN]
2019-07-30 20:57:30,373 INFO  impl.RaftServerProxy (RaftServerProxy.java:addNew(89)) - 85c129eb-0953-4afc-b486-0c3c12d17c84: addNew group-CE39E8FF57BF:[85c129eb-0953-4afc-b486-0c3c12d17c84:192.168.69.96:36850] returns group-CE39E8FF57BF:java.util.concurrent.CompletableFuture@1739a6a4[Not completed]
2019-07-30 20:57:30,375 INFO  impl.RaftServerImpl (RaftServerImpl.java:<init>(93)) - 85c129eb-0953-4afc-b486-0c3c12d17c84: new RaftServerImpl for group-CE39E8FF57BF:[85c129eb-0953-4afc-b486-0c3c12d17c84:192.168.69.96:36850] with ContainerStateMachine:uninitialized
2019-07-30 20:57:30,377 INFO  server.RaftServerConfigKeys (ConfUtils.java:logGet(43)) - raft.server.rpc.timeout.min = 5s (custom)
2019-07-30 20:57:30,377 INFO  server.RaftServerConfigKeys (ConfUtils.java:logGet(43)) - raft.server.rpc.timeout.max = 5200ms (custom)
2019-07-30 20:57:30,377 INFO  server.RaftServerConfigKeys (ConfUtils.java:logGet(43)) - raft.server.rpcslowness.timeout = 120s (custom)
2019-07-30 20:57:30,378 INFO  server.RaftServerConfigKeys (ConfUtils.java:logGet(43)) - raft.server.sleep.deviation.threshold = 300 (default)
2019-07-30 20:57:30,378 INFO  server.RaftServerConfigKeys (ConfUtils.java:logGet(43)) - raft.server.log.appender.install.snapshot.enabled = false (custom)
2019-07-30 20:57:30,378 INFO  impl.RaftServerImpl (ServerState.java:<init>(105)) - 85c129eb-0953-4afc-b486-0c3c12d17c84:group-CE39E8FF57BF ConfigurationManager, init=-1: [85c129eb-0953-4afc-b486-0c3c12d17c84:192.168.69.96:36850], old=null, confs=<EMPTY_MAP>
2019-07-30 20:57:30,378 INFO  server.RaftServerConfigKeys (ConfUtils.java:logGet(43)) - raft.server.storage.dir = [/workdir/hadoop-ozone/tools/target/test-dir/MiniOzoneClusterImpl-9dc4b5a5-f034-4fda-9173-e21f35f15c53/datanode-3/data/ratis] (custom)
2019-07-30 20:57:30,379 INFO  storage.RaftStorageDirectory (RaftStorageDirectory.java:analyzeStorage(246)) - The storage directory /workdir/hadoop-ozone/tools/target/test-dir/MiniOzoneClusterImpl-9dc4b5a5-f034-4fda-9173-e21f35f15c53/datanode-3/data/ratis/ada6dc5d-9fc8-48cf-8ae3-ce39e8ff57bf does not exist. Creating ...
2019-07-30 20:57:30,392 INFO  storage.RaftStorageDirectory (RaftStorageDirectory.java:tryLock(328)) - Lock on /workdir/hadoop-ozone/tools/target/test-dir/MiniOzoneClusterImpl-9dc4b5a5-f034-4fda-9173-e21f35f15c53/datanode-3/data/ratis/ada6dc5d-9fc8-48cf-8ae3-ce39e8ff57bf/in_use.lock acquired by nodename 26452@byscane-nightly-xpwgl-1123774829
2019-07-30 20:57:30,405 INFO  storage.RaftStorage (RaftStorage.java:format(72)) - Storage directory /workdir/hadoop-ozone/tools/target/test-dir/MiniOzoneClusterImpl-9dc4b5a5-f034-4fda-9173-e21f35f15c53/datanode-3/data/ratis/ada6dc5d-9fc8-48cf-8ae3-ce39e8ff57bf has been successfully formatted.
2019-07-30 20:57:30,406 INFO  ratis.ContainerStateMachine (ContainerStateMachine.java:loadSnapshot(213)) - group-CE39E8FF57BF: The snapshot info is null. Setting the last applied indexto:(t:0, i:~)
2019-07-30 20:57:30,406 INFO  server.RaftServerConfigKeys (ConfUtils.java:logGet(43)) - raft.server.leader.election.timeout = 120s (custom)
2019-07-30 20:57:30,406 INFO  server.RaftServerConfigKeys (ConfUtils.java:logGet(43)) - raft.server.log.use.memory = false (default)
2019-07-30 20:57:30,406 INFO  server.RaftServerConfigKeys (ConfUtils.java:logGet(43)) - raft.server.log.purge.gap = 1000000000 (custom)
2019-07-30 20:57:30,406 INFO  server.RaftServerConfigKeys (ConfUtils.java:logGet(43)) - raft.server.log.appender.buffer.byte-limit = 33554432 (custom)
2019-07-30 20:57:30,407 INFO  server.RaftServerConfigKeys (ConfUtils.java:logGet(43)) - raft.server.log.segment.size.max = 1048576 (custom)
2019-07-30 20:57:30,407 INFO  server.RaftServerConfigKeys (ConfUtils.java:logGet(43)) - raft.server.log.segment.cache.num.max = 2 (custom)
2019-07-30 20:57:30,407 INFO  segmented.SegmentedRaftLogWorker (SegmentedRaftLogWorker.java:<init>(172)) - new 85c129eb-0953-4afc-b486-0c3c12d17c84-SegmentedRaftLogWorker:Storage Directory /workdir/hadoop-ozone/tools/target/test-dir/MiniOzoneClusterImpl-9dc4b5a5-f034-4fda-9173-e21f35f15c53/datanode-3/data/ratis/ada6dc5d-9fc8-48cf-8ae3-ce39e8ff57bf for RaftStorage:Storage Directory /workdir/hadoop-ozone/tools/target/test-dir/MiniOzoneClusterImpl-9dc4b5a5-f034-4fda-9173-e21f35f15c53/datanode-3/data/ratis/ada6dc5d-9fc8-48cf-8ae3-ce39e8ff57bf
2019-07-30 20:57:30,407 INFO  server.RaftServerConfigKeys (ConfUtils.java:logGet(43)) - raft.server.log.queue.byte-limit = 2147483647 (custom)
2019-07-30 20:57:30,408 INFO  server.RaftServerConfigKeys (ConfUtils.java:logGet(43)) - raft.server.log.queue.element-limit = 1024 (custom)
2019-07-30 20:57:30,408 INFO  server.RaftServerConfigKeys (ConfUtils.java:logGet(43)) - raft.server.log.segment.size.max = 1048576 (custom)
2019-07-30 20:57:30,408 INFO  server.RaftServerConfigKeys (ConfUtils.java:logGet(43)) - raft.server.log.preallocated.size = 16384 (custom)
2019-07-30 20:57:30,408 INFO  server.RaftServerConfigKeys (ConfUtils.java:logGet(43)) - raft.server.log.write.buffer.size = 33554432 (custom)
2019-07-30 20:57:30,408 INFO  server.RaftServerConfigKeys (ConfUtils.java:logGet(43)) - raft.server.log.force.sync.num = 128 (default)
2019-07-30 20:57:30,409 INFO  server.RaftServerConfigKeys (ConfUtils.java:logGet(43)) - raft.server.log.statemachine.data.sync = true (default)
2019-07-30 20:57:30,409 INFO  server.RaftServerConfigKeys (ConfUtils.java:logGet(43)) - raft.server.log.statemachine.data.sync.timeout = 10s (default)
2019-07-30 20:57:30,409 INFO  server.RaftServerConfigKeys (ConfUtils.java:logGet(43)) - raft.server.log.statemachine.data.sync.timeout.retry = -1 (default)
2019-07-30 20:57:30,410 INFO  server.RaftServerConfigKeys (ConfUtils.java:logGet(43)) - raft.server.log.statemachine.data.caching.enabled = true (custom)
2019-07-30 20:57:30,410 INFO  segmented.SegmentedRaftLogWorker (SegmentedRaftLogWorker.java:lambda$new$0(132)) - 85c129eb-0953-4afc-b486-0c3c12d17c84-SegmentedRaftLogWorker:Storage Directory /workdir/hadoop-ozone/tools/target/test-dir/MiniOzoneClusterImpl-9dc4b5a5-f034-4fda-9173-e21f35f15c53/datanode-3/data/ratis/ada6dc5d-9fc8-48cf-8ae3-ce39e8ff57bf: flushIndex: setUnconditionally 0 -> -1
2019-07-30 20:57:30,411 INFO  server.RaftServerConfigKeys (ConfUtils.java:logGet(43)) - raft.server.snapshot.auto.trigger.enabled = true (custom)
2019-07-30 20:57:30,411 INFO  server.RaftServerConfigKeys (ConfUtils.java:logGet(43)) - raft.server.snapshot.auto.trigger.threshold = 10000 (custom)
2019-07-30 20:57:30,412 INFO  server.RaftServerConfigKeys (ConfUtils.java:logGet(43)) - raft.server.retrycache.expirytime = 600000ms (custom)
2019-07-30 20:57:30,412 INFO  impl.RaftServerImpl (RaftServerImpl.java:start(180)) - 85c129eb-0953-4afc-b486-0c3c12d17c84: start group-CE39E8FF57BF
2019-07-30 20:57:30,412 INFO  impl.RaftServerImpl (RaftServerImpl.java:setRole(171)) - 85c129eb-0953-4afc-b486-0c3c12d17c84:group-CE39E8FF57BF changes role from null to FOLLOWER at term 0 for startAsFollower
2019-07-30 20:57:30,412 INFO  impl.RoleInfo (RoleInfo.java:updateAndGet(143)) - 85c129eb-0953-4afc-b486-0c3c12d17c84: start FollowerState
2019-07-30 20:57:30,413 INFO  util.JmxRegister (JmxRegister.java:tryRegister(44)) - Successfully registered JMX Bean with object name Ratis:service=RaftServer,group=group-CE39E8FF57BF,id=85c129eb-0953-4afc-b486-0c3c12d17c84
2019-07-30 20:57:30,426 INFO  pipeline.PipelineStateManager (PipelineStateManager.java:addPipeline(56)) - Created pipeline Pipeline[ Id: ada6dc5d-9fc8-48cf-8ae3-ce39e8ff57bf, Nodes: 85c129eb-0953-4afc-b486-0c3c12d17c84{ip: 192.168.69.96, host: byscane-nightly-xpwgl-1123774829, networkLocation: /default-rack, certSerialId: null}, Type:RATIS, Factor:ONE, State:OPEN]
2019-07-30 20:57:30,477 INFO  impl.RaftServerProxy (RaftServerProxy.java:addNew(89)) - 8d326b13-47f6-487d-88ff-0b7d36d1dd11: addNew group-79705B3AEBD9:[8d326b13-47f6-487d-88ff-0b7d36d1dd11:192.168.69.96:42761, b886fbb7-990e-4a24-a2cf-3fb3cd8b1c79:192.168.69.96:43310, 88b457c9-a839-4d83-9bd8-4c2a9c6ac969:192.168.69.96:39934] returns group-79705B3AEBD9:java.util.concurrent.CompletableFuture@4dee0c0a[Not completed]
2019-07-30 20:57:30,477 INFO  impl.RaftServerProxy (RaftServerProxy.java:addNew(89)) - 88b457c9-a839-4d83-9bd8-4c2a9c6ac969: addNew group-79705B3AEBD9:[8d326b13-47f6-487d-88ff-0b7d36d1dd11:192.168.69.96:42761, b886fbb7-990e-4a24-a2cf-3fb3cd8b1c79:192.168.69.96:43310, 88b457c9-a839-4d83-9bd8-4c2a9c6ac969:192.168.69.96:39934] returns group-79705B3AEBD9:java.util.concurrent.CompletableFuture@516a6d79[Not completed]
2019-07-30 20:57:30,480 INFO  impl.RaftServerImpl (RaftServerImpl.java:<init>(93)) - 8d326b13-47f6-487d-88ff-0b7d36d1dd11: new RaftServerImpl for group-79705B3AEBD9:[8d326b13-47f6-487d-88ff-0b7d36d1dd11:192.168.69.96:42761, b886fbb7-990e-4a24-a2cf-3fb3cd8b1c79:192.168.69.96:43310, 88b457c9-a839-4d83-9bd8-4c2a9c6ac969:192.168.69.96:39934] with ContainerStateMachine:uninitialized
2019-07-30 20:57:30,481 INFO  server.RaftServerConfigKeys (ConfUtils.java:logGet(43)) - raft.server.rpc.timeout.min = 5s (custom)
2019-07-30 20:57:30,481 INFO  impl.RaftServerProxy (RaftServerProxy.java:addNew(89)) - b886fbb7-990e-4a24-a2cf-3fb3cd8b1c79: addNew group-79705B3AEBD9:[8d326b13-47f6-487d-88ff-0b7d36d1dd11:192.168.69.96:42761, b886fbb7-990e-4a24-a2cf-3fb3cd8b1c79:192.168.69.96:43310, 88b457c9-a839-4d83-9bd8-4c2a9c6ac969:192.168.69.96:39934] returns group-79705B3AEBD9:java.util.concurrent.CompletableFuture@1468f930[Not completed]
2019-07-30 20:57:30,481 INFO  server.RaftServerConfigKeys (ConfUtils.java:logGet(43)) - raft.server.rpc.timeout.max = 5200ms (custom)
2019-07-30 20:57:30,481 INFO  impl.RaftServerImpl (RaftServerImpl.java:<init>(93)) - 88b457c9-a839-4d83-9bd8-4c2a9c6ac969: new RaftServerImpl for group-79705B3AEBD9:[8d326b13-47f6-487d-88ff-0b7d36d1dd11:192.168.69.96:42761, b886fbb7-990e-4a24-a2cf-3fb3cd8b1c79:192.168.69.96:43310, 88b457c9-a839-4d83-9bd8-4c2a9c6ac969:192.168.69.96:39934] with ContainerStateMachine:uninitialized
2019-07-30 20:57:30,481 INFO  server.RaftServerConfigKeys (ConfUtils.java:logGet(43)) - raft.server.rpcslowness.timeout = 120s (custom)
2019-07-30 20:57:30,481 INFO  server.RaftServerConfigKeys (ConfUtils.java:logGet(43)) - raft.server.rpc.timeout.min = 5s (custom)
2019-07-30 20:57:30,482 INFO  server.RaftServerConfigKeys (ConfUtils.java:logGet(43)) - raft.server.sleep.deviation.threshold = 300 (default)
2019-07-30 20:57:30,482 INFO  server.RaftServerConfigKeys (ConfUtils.java:logGet(43)) - raft.server.rpc.timeout.max = 5200ms (custom)
2019-07-30 20:57:30,482 INFO  server.RaftServerConfigKeys (ConfUtils.java:logGet(43)) - raft.server.log.appender.install.snapshot.enabled = false (custom)
2019-07-30 20:57:30,482 INFO  server.RaftServerConfigKeys (ConfUtils.java:logGet(43)) - raft.server.rpcslowness.timeout = 120s (custom)
2019-07-30 20:57:30,482 INFO  impl.RaftServerImpl (ServerState.java:<init>(105)) - 8d326b13-47f6-487d-88ff-0b7d36d1dd11:group-79705B3AEBD9 ConfigurationManager, init=-1: [8d326b13-47f6-487d-88ff-0b7d36d1dd11:192.168.69.96:42761, b886fbb7-990e-4a24-a2cf-3fb3cd8b1c79:192.168.69.96:43310, 88b457c9-a839-4d83-9bd8-4c2a9c6ac969:192.168.69.96:39934], old=null, confs=<EMPTY_MAP>
2019-07-30 20:57:30,482 INFO  impl.RaftServerImpl (RaftServerImpl.java:<init>(93)) - b886fbb7-990e-4a24-a2cf-3fb3cd8b1c79: new RaftServerImpl for group-79705B3AEBD9:[8d326b13-47f6-487d-88ff-0b7d36d1dd11:192.168.69.96:42761, b886fbb7-990e-4a24-a2cf-3fb3cd8b1c79:192.168.69.96:43310, 88b457c9-a839-4d83-9bd8-4c2a9c6ac969:192.168.69.96:39934] with ContainerStateMachine:uninitialized
2019-07-30 20:57:30,482 INFO  server.RaftServerConfigKeys (ConfUtils.java:logGet(43)) - raft.server.sleep.deviation.threshold = 300 (default)
2019-07-30 20:57:30,483 INFO  server.RaftServerConfigKeys (ConfUtils.java:logGet(43)) - raft.server.rpc.timeout.min = 5s (custom)
2019-07-30 20:57:30,483 INFO  server.RaftServerConfigKeys (ConfUtils.java:logGet(43)) - raft.server.storage.dir = [/workdir/hadoop-ozone/tools/target/test-dir/MiniOzoneClusterImpl-9dc4b5a5-f034-4fda-9173-e21f35f15c53/datanode-4/data/ratis] (custom)
2019-07-30 20:57:30,483 INFO  server.RaftServerConfigKeys (ConfUtils.java:logGet(43)) - raft.server.rpc.timeout.max = 5200ms (custom)
2019-07-30 20:57:30,483 INFO  server.RaftServerConfigKeys (ConfUtils.java:logGet(43)) - raft.server.log.appender.install.snapshot.enabled = false (custom)
2019-07-30 20:57:30,483 INFO  server.RaftServerConfigKeys (ConfUtils.java:logGet(43)) - raft.server.rpcslowness.timeout = 120s (custom)
2019-07-30 20:57:30,484 INFO  storage.RaftStorageDirectory (RaftStorageDirectory.java:analyzeStorage(246)) - The storage directory /workdir/hadoop-ozone/tools/target/test-dir/MiniOzoneClusterImpl-9dc4b5a5-f034-4fda-9173-e21f35f15c53/datanode-4/data/ratis/ff90623e-0a8b-42ac-850f-79705b3aebd9 does not exist. Creating ...
2019-07-30 20:57:30,484 INFO  impl.RaftServerImpl (ServerState.java:<init>(105)) - 88b457c9-a839-4d83-9bd8-4c2a9c6ac969:group-79705B3AEBD9 ConfigurationManager, init=-1: [8d326b13-47f6-487d-88ff-0b7d36d1dd11:192.168.69.96:42761, b886fbb7-990e-4a24-a2cf-3fb3cd8b1c79:192.168.69.96:43310, 88b457c9-a839-4d83-9bd8-4c2a9c6ac969:192.168.69.96:39934], old=null, confs=<EMPTY_MAP>
2019-07-30 20:57:30,484 INFO  server.RaftServerConfigKeys (ConfUtils.java:logGet(43)) - raft.server.sleep.deviation.threshold = 300 (default)
2019-07-30 20:57:30,484 INFO  server.RaftServerConfigKeys (ConfUtils.java:logGet(43)) - raft.server.storage.dir = [/workdir/hadoop-ozone/tools/target/test-dir/MiniOzoneClusterImpl-9dc4b5a5-f034-4fda-9173-e21f35f15c53/datanode-1/data/ratis] (custom)
2019-07-30 20:57:30,484 INFO  server.RaftServerConfigKeys (ConfUtils.java:logGet(43)) - raft.server.log.appender.install.snapshot.enabled = false (custom)
2019-07-30 20:57:30,485 INFO  storage.RaftStorageDirectory (RaftStorageDirectory.java:analyzeStorage(246)) - The storage directory /workdir/hadoop-ozone/tools/target/test-dir/MiniOzoneClusterImpl-9dc4b5a5-f034-4fda-9173-e21f35f15c53/datanode-1/data/ratis/ff90623e-0a8b-42ac-850f-79705b3aebd9 does not exist. Creating ...
2019-07-30 20:57:30,485 INFO  impl.RaftServerImpl (ServerState.java:<init>(105)) - b886fbb7-990e-4a24-a2cf-3fb3cd8b1c79:group-79705B3AEBD9 ConfigurationManager, init=-1: [8d326b13-47f6-487d-88ff-0b7d36d1dd11:192.168.69.96:42761, b886fbb7-990e-4a24-a2cf-3fb3cd8b1c79:192.168.69.96:43310, 88b457c9-a839-4d83-9bd8-4c2a9c6ac969:192.168.69.96:39934], old=null, confs=<EMPTY_MAP>
2019-07-30 20:57:30,485 INFO  server.RaftServerConfigKeys (ConfUtils.java:logGet(43)) - raft.server.storage.dir = [/workdir/hadoop-ozone/tools/target/test-dir/MiniOzoneClusterImpl-9dc4b5a5-f034-4fda-9173-e21f35f15c53/datanode-2/data/ratis] (custom)
2019-07-30 20:57:30,485 INFO  storage.RaftStorageDirectory (RaftStorageDirectory.java:analyzeStorage(246)) - The storage directory /workdir/hadoop-ozone/tools/target/test-dir/MiniOzoneClusterImpl-9dc4b5a5-f034-4fda-9173-e21f35f15c53/datanode-2/data/ratis/ff90623e-0a8b-42ac-850f-79705b3aebd9 does not exist. Creating ...
2019-07-30 20:57:30,496 INFO  storage.RaftStorageDirectory (RaftStorageDirectory.java:tryLock(328)) - Lock on /workdir/hadoop-ozone/tools/target/test-dir/MiniOzoneClusterImpl-9dc4b5a5-f034-4fda-9173-e21f35f15c53/datanode-1/data/ratis/ff90623e-0a8b-42ac-850f-79705b3aebd9/in_use.lock acquired by nodename 26452@byscane-nightly-xpwgl-1123774829
2019-07-30 20:57:30,496 INFO  storage.RaftStorageDirectory (RaftStorageDirectory.java:tryLock(328)) - Lock on /workdir/hadoop-ozone/tools/target/test-dir/MiniOzoneClusterImpl-9dc4b5a5-f034-4fda-9173-e21f35f15c53/datanode-4/data/ratis/ff90623e-0a8b-42ac-850f-79705b3aebd9/in_use.lock acquired by nodename 26452@byscane-nightly-xpwgl-1123774829
2019-07-30 20:57:30,496 INFO  storage.RaftStorageDirectory (RaftStorageDirectory.java:tryLock(328)) - Lock on /workdir/hadoop-ozone/tools/target/test-dir/MiniOzoneClusterImpl-9dc4b5a5-f034-4fda-9173-e21f35f15c53/datanode-2/data/ratis/ff90623e-0a8b-42ac-850f-79705b3aebd9/in_use.lock acquired by nodename 26452@byscane-nightly-xpwgl-1123774829
2019-07-30 20:57:30,510 INFO  storage.RaftStorage (RaftStorage.java:format(72)) - Storage directory /workdir/hadoop-ozone/tools/target/test-dir/MiniOzoneClusterImpl-9dc4b5a5-f034-4fda-9173-e21f35f15c53/datanode-4/data/ratis/ff90623e-0a8b-42ac-850f-79705b3aebd9 has been successfully formatted.
2019-07-30 20:57:30,511 INFO  storage.RaftStorage (RaftStorage.java:format(72)) - Storage directory /workdir/hadoop-ozone/tools/target/test-dir/MiniOzoneClusterImpl-9dc4b5a5-f034-4fda-9173-e21f35f15c53/datanode-2/data/ratis/ff90623e-0a8b-42ac-850f-79705b3aebd9 has been successfully formatted.
2019-07-30 20:57:30,510 INFO  storage.RaftStorage (RaftStorage.java:format(72)) - Storage directory /workdir/hadoop-ozone/tools/target/test-dir/MiniOzoneClusterImpl-9dc4b5a5-f034-4fda-9173-e21f35f15c53/datanode-1/data/ratis/ff90623e-0a8b-42ac-850f-79705b3aebd9 has been successfully formatted.
2019-07-30 20:57:30,511 INFO  ratis.ContainerStateMachine (ContainerStateMachine.java:loadSnapshot(213)) - group-79705B3AEBD9: The snapshot info is null. Setting the last applied indexto:(t:0, i:~)
2019-07-30 20:57:30,511 INFO  ratis.ContainerStateMachine (ContainerStateMachine.java:loadSnapshot(213)) - group-79705B3AEBD9: The snapshot info is null. Setting the last applied indexto:(t:0, i:~)
2019-07-30 20:57:30,511 INFO  server.RaftServerConfigKeys (ConfUtils.java:logGet(43)) - raft.server.leader.election.timeout = 120s (custom)
2019-07-30 20:57:30,511 INFO  ratis.ContainerStateMachine (ContainerStateMachine.java:loadSnapshot(213)) - group-79705B3AEBD9: The snapshot info is null. Setting the last applied indexto:(t:0, i:~)
2019-07-30 20:57:30,512 INFO  server.RaftServerConfigKeys (ConfUtils.java:logGet(43)) - raft.server.log.use.memory = false (default)
2019-07-30 20:57:30,511 INFO  server.RaftServerConfigKeys (ConfUtils.java:logGet(43)) - raft.server.leader.election.timeout = 120s (custom)
2019-07-30 20:57:30,512 INFO  server.RaftServerConfigKeys (ConfUtils.java:logGet(43)) - raft.server.log.purge.gap = 1000000000 (custom)
2019-07-30 20:57:30,512 INFO  server.RaftServerConfigKeys (ConfUtils.java:logGet(43)) - raft.server.leader.election.timeout = 120s (custom)
2019-07-30 20:57:30,512 INFO  server.RaftServerConfigKeys (ConfUtils.java:logGet(43)) - raft.server.log.appender.buffer.byte-limit = 33554432 (custom)
2019-07-30 20:57:30,512 INFO  server.RaftServerConfigKeys (ConfUtils.java:logGet(43)) - raft.server.log.use.memory = false (default)
2019-07-30 20:57:30,513 INFO  server.RaftServerConfigKeys (ConfUtils.java:logGet(43)) - raft.server.log.segment.size.max = 1048576 (custom)
2019-07-30 20:57:30,512 INFO  server.RaftServerConfigKeys (ConfUtils.java:logGet(43)) - raft.server.log.use.memory = false (default)
2019-07-30 20:57:30,513 INFO  server.RaftServerConfigKeys (ConfUtils.java:logGet(43)) - raft.server.log.segment.cache.num.max = 2 (custom)
2019-07-30 20:57:30,513 INFO  server.RaftServerConfigKeys (ConfUtils.java:logGet(43)) - raft.server.log.purge.gap = 1000000000 (custom)
2019-07-30 20:57:30,513 INFO  segmented.SegmentedRaftLogWorker (SegmentedRaftLogWorker.java:<init>(172)) - new b886fbb7-990e-4a24-a2cf-3fb3cd8b1c79-SegmentedRaftLogWorker:Storage Directory /workdir/hadoop-ozone/tools/target/test-dir/MiniOzoneClusterImpl-9dc4b5a5-f034-4fda-9173-e21f35f15c53/datanode-2/data/ratis/ff90623e-0a8b-42ac-850f-79705b3aebd9 for RaftStorage:Storage Directory /workdir/hadoop-ozone/tools/target/test-dir/MiniOzoneClusterImpl-9dc4b5a5-f034-4fda-9173-e21f35f15c53/datanode-2/data/ratis/ff90623e-0a8b-42ac-850f-79705b3aebd9
2019-07-30 20:57:30,513 INFO  server.RaftServerConfigKeys (ConfUtils.java:logGet(43)) - raft.server.log.purge.gap = 1000000000 (custom)
2019-07-30 20:57:30,514 INFO  server.RaftServerConfigKeys (ConfUtils.java:logGet(43)) - raft.server.log.queue.byte-limit = 2147483647 (custom)
2019-07-30 20:57:30,514 INFO  server.RaftServerConfigKeys (ConfUtils.java:logGet(43)) - raft.server.log.appender.buffer.byte-limit = 33554432 (custom)
2019-07-30 20:57:30,515 INFO  server.RaftServerConfigKeys (ConfUtils.java:logGet(43)) - raft.server.log.queue.element-limit = 1024 (custom)
2019-07-30 20:57:30,514 INFO  server.RaftServerConfigKeys (ConfUtils.java:logGet(43)) - raft.server.log.appender.buffer.byte-limit = 33554432 (custom)
2019-07-30 20:57:30,516 INFO  server.RaftServerConfigKeys (ConfUtils.java:logGet(43)) - raft.server.log.segment.size.max = 1048576 (custom)
2019-07-30 20:57:30,516 INFO  server.RaftServerConfigKeys (ConfUtils.java:logGet(43)) - raft.server.log.segment.size.max = 1048576 (custom)
2019-07-30 20:57:30,516 INFO  server.RaftServerConfigKeys (ConfUtils.java:logGet(43)) - raft.server.log.preallocated.size = 16384 (custom)
2019-07-30 20:57:30,516 INFO  server.RaftServerConfigKeys (ConfUtils.java:logGet(43)) - raft.server.log.segment.size.max = 1048576 (custom)
2019-07-30 20:57:30,517 INFO  server.RaftServerConfigKeys (ConfUtils.java:logGet(43)) - raft.server.log.write.buffer.size = 33554432 (custom)
2019-07-30 20:57:30,517 INFO  server.RaftServerConfigKeys (ConfUtils.java:logGet(43)) - raft.server.log.segment.cache.num.max = 2 (custom)
2019-07-30 20:57:30,517 INFO  server.RaftServerConfigKeys (ConfUtils.java:logGet(43)) - raft.server.log.force.sync.num = 128 (default)
2019-07-30 20:57:30,517 INFO  server.RaftServerConfigKeys (ConfUtils.java:logGet(43)) - raft.server.log.segment.cache.num.max = 2 (custom)
2019-07-30 20:57:30,517 INFO  server.RaftServerConfigKeys (ConfUtils.java:logGet(43)) - raft.server.log.statemachine.data.sync = true (default)
2019-07-30 20:57:30,517 INFO  segmented.SegmentedRaftLogWorker (SegmentedRaftLogWorker.java:<init>(172)) - new 8d326b13-47f6-487d-88ff-0b7d36d1dd11-SegmentedRaftLogWorker:Storage Directory /workdir/hadoop-ozone/tools/target/test-dir/MiniOzoneClusterImpl-9dc4b5a5-f034-4fda-9173-e21f35f15c53/datanode-4/data/ratis/ff90623e-0a8b-42ac-850f-79705b3aebd9 for RaftStorage:Storage Directory /workdir/hadoop-ozone/tools/target/test-dir/MiniOzoneClusterImpl-9dc4b5a5-f034-4fda-9173-e21f35f15c53/datanode-4/data/ratis/ff90623e-0a8b-42ac-850f-79705b3aebd9
2019-07-30 20:57:30,518 INFO  server.RaftServerConfigKeys (ConfUtils.java:logGet(43)) - raft.server.log.statemachine.data.sync.timeout = 10s (default)
2019-07-30 20:57:30,518 INFO  segmented.SegmentedRaftLogWorker (SegmentedRaftLogWorker.java:<init>(172)) - new 88b457c9-a839-4d83-9bd8-4c2a9c6ac969-SegmentedRaftLogWorker:Storage Directory /workdir/hadoop-ozone/tools/target/test-dir/MiniOzoneClusterImpl-9dc4b5a5-f034-4fda-9173-e21f35f15c53/datanode-1/data/ratis/ff90623e-0a8b-42ac-850f-79705b3aebd9 for RaftStorage:Storage Directory /workdir/hadoop-ozone/tools/target/test-dir/MiniOzoneClusterImpl-9dc4b5a5-f034-4fda-9173-e21f35f15c53/datanode-1/data/ratis/ff90623e-0a8b-42ac-850f-79705b3aebd9
2019-07-30 20:57:30,518 INFO  server.RaftServerConfigKeys (ConfUtils.java:logGet(43)) - raft.server.log.statemachine.data.sync.timeout.retry = -1 (default)
2019-07-30 20:57:30,518 INFO  server.RaftServerConfigKeys (ConfUtils.java:logGet(43)) - raft.server.log.queue.byte-limit = 2147483647 (custom)
2019-07-30 20:57:30,521 INFO  server.RaftServerConfigKeys (ConfUtils.java:logGet(43)) - raft.server.log.statemachine.data.caching.enabled = true (custom)
2019-07-30 20:57:30,520 INFO  server.RaftServerConfigKeys (ConfUtils.java:logGet(43)) - raft.server.log.queue.byte-limit = 2147483647 (custom)
2019-07-30 20:57:30,521 INFO  server.RaftServerConfigKeys (ConfUtils.java:logGet(43)) - raft.server.log.queue.element-limit = 1024 (custom)
2019-07-30 20:57:30,522 INFO  server.RaftServerConfigKeys (ConfUtils.java:logGet(43)) - raft.server.log.queue.element-limit = 1024 (custom)
2019-07-30 20:57:30,522 INFO  segmented.SegmentedRaftLogWorker (SegmentedRaftLogWorker.java:lambda$new$0(132)) - b886fbb7-990e-4a24-a2cf-3fb3cd8b1c79-SegmentedRaftLogWorker:Storage Directory /workdir/hadoop-ozone/tools/target/test-dir/MiniOzoneClusterImpl-9dc4b5a5-f034-4fda-9173-e21f35f15c53/datanode-2/data/ratis/ff90623e-0a8b-42ac-850f-79705b3aebd9: flushIndex: setUnconditionally 0 -> -1
2019-07-30 20:57:30,522 INFO  server.RaftServerConfigKeys (ConfUtils.java:logGet(43)) - raft.server.log.segment.size.max = 1048576 (custom)
2019-07-30 20:57:30,522 INFO  server.RaftServerConfigKeys (ConfUtils.java:logGet(43)) - raft.server.log.segment.size.max = 1048576 (custom)
2019-07-30 20:57:30,523 INFO  server.RaftServerConfigKeys (ConfUtils.java:logGet(43)) - raft.server.snapshot.auto.trigger.enabled = true (custom)
2019-07-30 20:57:30,523 INFO  server.RaftServerConfigKeys (ConfUtils.java:logGet(43)) - raft.server.log.preallocated.size = 16384 (custom)
2019-07-30 20:57:30,523 INFO  server.RaftServerConfigKeys (ConfUtils.java:logGet(43)) - raft.server.snapshot.auto.trigger.threshold = 10000 (custom)
2019-07-30 20:57:30,523 INFO  server.RaftServerConfigKeys (ConfUtils.java:logGet(43)) - raft.server.log.preallocated.size = 16384 (custom)
2019-07-30 20:57:30,523 INFO  server.RaftServerConfigKeys (ConfUtils.java:logGet(43)) - raft.server.retrycache.expirytime = 600000ms (custom)
2019-07-30 20:57:30,523 INFO  server.RaftServerConfigKeys (ConfUtils.java:logGet(43)) - raft.server.log.write.buffer.size = 33554432 (custom)
2019-07-30 20:57:30,524 INFO  impl.RaftServerImpl (RaftServerImpl.java:start(180)) - b886fbb7-990e-4a24-a2cf-3fb3cd8b1c79: start group-79705B3AEBD9
2019-07-30 20:57:30,524 INFO  impl.RaftServerImpl (RaftServerImpl.java:setRole(171)) - b886fbb7-990e-4a24-a2cf-3fb3cd8b1c79:group-79705B3AEBD9 changes role from null to FOLLOWER at term 0 for startAsFollower
2019-07-30 20:57:30,524 INFO  server.RaftServerConfigKeys (ConfUtils.java:logGet(43)) - raft.server.log.write.buffer.size = 33554432 (custom)
2019-07-30 20:57:30,524 INFO  impl.RoleInfo (RoleInfo.java:updateAndGet(143)) - b886fbb7-990e-4a24-a2cf-3fb3cd8b1c79: start FollowerState
2019-07-30 20:57:30,524 INFO  server.RaftServerConfigKeys (ConfUtils.java:logGet(43)) - raft.server.log.force.sync.num = 128 (default)
2019-07-30 20:57:30,524 INFO  server.RaftServerConfigKeys (ConfUtils.java:logGet(43)) - raft.server.log.force.sync.num = 128 (default)
2019-07-30 20:57:30,525 INFO  server.RaftServerConfigKeys (ConfUtils.java:logGet(43)) - raft.server.log.statemachine.data.sync = true (default)
2019-07-30 20:57:30,525 INFO  util.JmxRegister (JmxRegister.java:tryRegister(44)) - Successfully registered JMX Bean with object name Ratis:service=RaftServer,group=group-79705B3AEBD9,id=b886fbb7-990e-4a24-a2cf-3fb3cd8b1c79
2019-07-30 20:57:30,525 INFO  server.RaftServerConfigKeys (ConfUtils.java:logGet(43)) - raft.server.log.statemachine.data.sync = true (default)
2019-07-30 20:57:30,525 INFO  server.RaftServerConfigKeys (ConfUtils.java:logGet(43)) - raft.server.log.statemachine.data.sync.timeout = 10s (default)
2019-07-30 20:57:30,526 INFO  server.RaftServerConfigKeys (ConfUtils.java:logGet(43)) - raft.server.log.statemachine.data.sync.timeout = 10s (default)
2019-07-30 20:57:30,526 INFO  server.RaftServerConfigKeys (ConfUtils.java:logGet(43)) - raft.server.log.statemachine.data.sync.timeout.retry = -1 (default)
2019-07-30 20:57:30,526 INFO  server.RaftServerConfigKeys (ConfUtils.java:logGet(43)) - raft.server.log.statemachine.data.sync.timeout.retry = -1 (default)
2019-07-30 20:57:30,526 INFO  server.RaftServerConfigKeys (ConfUtils.java:logGet(43)) - raft.server.log.statemachine.data.caching.enabled = true (custom)
2019-07-30 20:57:30,526 INFO  server.RaftServerConfigKeys (ConfUtils.java:logGet(43)) - raft.server.log.statemachine.data.caching.enabled = true (custom)
2019-07-30 20:57:30,528 INFO  segmented.SegmentedRaftLogWorker (SegmentedRaftLogWorker.java:lambda$new$0(132)) - 88b457c9-a839-4d83-9bd8-4c2a9c6ac969-SegmentedRaftLogWorker:Storage Directory /workdir/hadoop-ozone/tools/target/test-dir/MiniOzoneClusterImpl-9dc4b5a5-f034-4fda-9173-e21f35f15c53/datanode-1/data/ratis/ff90623e-0a8b-42ac-850f-79705b3aebd9: flushIndex: setUnconditionally 0 -> -1
2019-07-30 20:57:30,528 INFO  segmented.SegmentedRaftLogWorker (SegmentedRaftLogWorker.java:lambda$new$0(132)) - 8d326b13-47f6-487d-88ff-0b7d36d1dd11-SegmentedRaftLogWorker:Storage Directory /workdir/hadoop-ozone/tools/target/test-dir/MiniOzoneClusterImpl-9dc4b5a5-f034-4fda-9173-e21f35f15c53/datanode-4/data/ratis/ff90623e-0a8b-42ac-850f-79705b3aebd9: flushIndex: setUnconditionally 0 -> -1
2019-07-30 20:57:30,530 INFO  server.RaftServerConfigKeys (ConfUtils.java:logGet(43)) - raft.server.snapshot.auto.trigger.enabled = true (custom)
2019-07-30 20:57:30,530 INFO  server.RaftServerConfigKeys (ConfUtils.java:logGet(43)) - raft.server.snapshot.auto.trigger.threshold = 10000 (custom)
2019-07-30 20:57:30,532 INFO  server.RaftServerConfigKeys (ConfUtils.java:logGet(43)) - raft.server.snapshot.auto.trigger.enabled = true (custom)
2019-07-30 20:57:30,532 INFO  server.RaftServerConfigKeys (ConfUtils.java:logGet(43)) - raft.server.retrycache.expirytime = 600000ms (custom)
2019-07-30 20:57:30,533 INFO  server.RaftServerConfigKeys (ConfUtils.java:logGet(43)) - raft.server.snapshot.auto.trigger.threshold = 10000 (custom)
2019-07-30 20:57:30,533 INFO  impl.RaftServerImpl (RaftServerImpl.java:start(180)) - 88b457c9-a839-4d83-9bd8-4c2a9c6ac969: start group-79705B3AEBD9
2019-07-30 20:57:30,534 INFO  server.RaftServerConfigKeys (ConfUtils.java:logGet(43)) - raft.server.retrycache.expirytime = 600000ms (custom)
2019-07-30 20:57:30,535 INFO  impl.RaftServerImpl (RaftServerImpl.java:setRole(171)) - 88b457c9-a839-4d83-9bd8-4c2a9c6ac969:group-79705B3AEBD9 changes role from null to FOLLOWER at term 0 for startAsFollower
2019-07-30 20:57:30,535 INFO  impl.RaftServerImpl (RaftServerImpl.java:start(180)) - 8d326b13-47f6-487d-88ff-0b7d36d1dd11: start group-79705B3AEBD9
2019-07-30 20:57:30,538 INFO  impl.RoleInfo (RoleInfo.java:updateAndGet(143)) - 88b457c9-a839-4d83-9bd8-4c2a9c6ac969: start FollowerState
2019-07-30 20:57:30,538 INFO  impl.RaftServerImpl (RaftServerImpl.java:setRole(171)) - 8d326b13-47f6-487d-88ff-0b7d36d1dd11:group-79705B3AEBD9 changes role from null to FOLLOWER at term 0 for startAsFollower
2019-07-30 20:57:30,539 INFO  impl.RoleInfo (RoleInfo.java:updateAndGet(143)) - 8d326b13-47f6-487d-88ff-0b7d36d1dd11: start FollowerState
2019-07-30 20:57:30,539 INFO  util.JmxRegister (JmxRegister.java:tryRegister(44)) - Successfully registered JMX Bean with object name Ratis:service=RaftServer,group=group-79705B3AEBD9,id=88b457c9-a839-4d83-9bd8-4c2a9c6ac969
2019-07-30 20:57:30,539 INFO  util.JmxRegister (JmxRegister.java:tryRegister(44)) - Successfully registered JMX Bean with object name Ratis:service=RaftServer,group=group-79705B3AEBD9,id=8d326b13-47f6-487d-88ff-0b7d36d1dd11
2019-07-30 20:57:30,559 INFO  pipeline.PipelineStateManager (PipelineStateManager.java:addPipeline(56)) - Created pipeline Pipeline[ Id: ff90623e-0a8b-42ac-850f-79705b3aebd9, Nodes: b886fbb7-990e-4a24-a2cf-3fb3cd8b1c79{ip: 192.168.69.96, host: byscane-nightly-xpwgl-1123774829, networkLocation: /default-rack, certSerialId: null}88b457c9-a839-4d83-9bd8-4c2a9c6ac969{ip: 192.168.69.96, host: byscane-nightly-xpwgl-1123774829, networkLocation: /default-rack, certSerialId: null}8d326b13-47f6-487d-88ff-0b7d36d1dd11{ip: 192.168.69.96, host: byscane-nightly-xpwgl-1123774829, networkLocation: /default-rack, certSerialId: null}, Type:RATIS, Factor:THREE, State:OPEN]
2019-07-30 20:57:30,873 INFO  ozone.MiniOzoneClusterImpl (MiniOzoneClusterImpl.java:lambda$waitForClusterToBeReady$0(142)) - Cluster is ready. Got 5 of 5 DN Heartbeats.
2019-07-30 20:57:31,285 INFO  freon.RandomKeyGenerator (RandomKeyGenerator.java:call(278)) - Number of Threads: 10
2019-07-30 20:57:31,286 INFO  freon.RandomKeyGenerator (RandomKeyGenerator.java:call(283)) - Number of Volumes: 1.
2019-07-30 20:57:31,286 INFO  freon.RandomKeyGenerator (RandomKeyGenerator.java:call(284)) - Number of Buckets per Volume: 1.
2019-07-30 20:57:31,286 INFO  freon.RandomKeyGenerator (RandomKeyGenerator.java:call(285)) - Number of Keys per Bucket: 1.
2019-07-30 20:57:31,286 INFO  freon.RandomKeyGenerator (RandomKeyGenerator.java:call(286)) - Key size: 20971520 bytes
2019-07-30 20:57:31,286 INFO  freon.RandomKeyGenerator (RandomKeyGenerator.java:call(287)) - Buffer size: 4096 bytes
2019-07-30 20:57:31,289 INFO  freon.RandomKeyGenerator (RandomKeyGenerator.java:call(301)) - Data validation is enabled.
2019-07-30 20:57:31,290 INFO  freon.RandomKeyGenerator (RandomKeyGenerator.java:call(307)) - Starting progress bar Thread.

 0.00% |█                                                                                                    |  0/1 Time: 0:00:002019-07-30 20:57:31,325 INFO  rpc.RpcClient (RpcClient.java:createVolume(288)) - Creating Volume: vol-0-42724, with jenkins1000 as owner.
2019-07-30 20:57:31,381 INFO  rpc.RpcClient (RpcClient.java:createBucket(425)) - Creating Bucket: vol-0-42724/bucket-0-08039, with Versioning false and Storage Type set to DISK and Encryption set to false 
2019-07-30 20:57:31,571 INFO  impl.MetricsSystemImpl (MetricsSystemImpl.java:init(158)) - XceiverClientMetrics metrics system started (again)
2019-07-30 20:57:31,712 INFO  client.GrpcClientProtocolClient (GrpcClientProtocolClient.java:onNext(255)) - client-C95C042DC461->b886fbb7-990e-4a24-a2cf-3fb3cd8b1c79: receive RaftClientReply:client-C95C042DC461->b886fbb7-990e-4a24-a2cf-3fb3cd8b1c79@group-79705B3AEBD9, cid=8, FAILED org.apache.ratis.protocol.NotLeaderException: Server b886fbb7-990e-4a24-a2cf-3fb3cd8b1c79 is not the leader (null). Request must be sent to leader., logIndex=0, commits[b886fbb7-990e-4a24-a2cf-3fb3cd8b1c79:c-1]
2019-07-30 20:57:31,858 INFO  container.ReplicationManager (ReplicationManager.java:start(155)) - Starting Replication Monitor Thread.
2019-07-30 20:57:31,860 INFO  container.ReplicationManager (ReplicationManager.java:run(207)) - Replication Monitor Thread took 1 milliseconds for processing 3 containers.
 0.00% |█                                                                                                    |  0/1 Time: 0:00:012019-07-30 20:57:32,770 INFO  client.GrpcClientProtocolClient (GrpcClientProtocolClient.java:onNext(255)) - client-C95C042DC461->88b457c9-a839-4d83-9bd8-4c2a9c6ac969: receive RaftClientReply:client-C95C042DC461->88b457c9-a839-4d83-9bd8-4c2a9c6ac969@group-79705B3AEBD9, cid=8, FAILED org.apache.ratis.protocol.NotLeaderException: Server 88b457c9-a839-4d83-9bd8-4c2a9c6ac969 is not the leader (null). Request must be sent to leader., logIndex=0, commits[88b457c9-a839-4d83-9bd8-4c2a9c6ac969:c-1]
 0.00% |█                                                                                                    |  0/1 Time: 0:00:022019-07-30 20:57:33,816 INFO  client.GrpcClientProtocolClient (GrpcClientProtocolClient.java:onNext(255)) - client-C95C042DC461->8d326b13-47f6-487d-88ff-0b7d36d1dd11: receive RaftClientReply:client-C95C042DC461->8d326b13-47f6-487d-88ff-0b7d36d1dd11@group-79705B3AEBD9, cid=8, FAILED org.apache.ratis.protocol.NotLeaderException: Server 8d326b13-47f6-487d-88ff-0b7d36d1dd11 is not the leader (null). Request must be sent to leader., logIndex=0, commits[8d326b13-47f6-487d-88ff-0b7d36d1dd11:c-1]
 0.00% |█                                                                                                    |  0/1 Time: 0:00:032019-07-30 20:57:34,851 INFO  client.GrpcClientProtocolClient (GrpcClientProtocolClient.java:onNext(255)) - client-C95C042DC461->b886fbb7-990e-4a24-a2cf-3fb3cd8b1c79: receive RaftClientReply:client-C95C042DC461->b886fbb7-990e-4a24-a2cf-3fb3cd8b1c79@group-79705B3AEBD9, cid=8, FAILED org.apache.ratis.protocol.NotLeaderException: Server b886fbb7-990e-4a24-a2cf-3fb3cd8b1c79 is not the leader (null). Request must be sent to leader., logIndex=0, commits[b886fbb7-990e-4a24-a2cf-3fb3cd8b1c79:c-1]
2019-07-30 20:57:35,113 INFO  impl.FollowerState (FollowerState.java:run(106)) - bf3d67f8-5751-46ab-93bd-0fc29b3c1531:group-483F1770CD78 changes to CANDIDATE, lastRpcTime:5160, electionTimeout:5159ms
2019-07-30 20:57:35,113 INFO  impl.RoleInfo (RoleInfo.java:shutdownFollowerState(121)) - bf3d67f8-5751-46ab-93bd-0fc29b3c1531: shutdown FollowerState
2019-07-30 20:57:35,114 INFO  impl.RaftServerImpl (RaftServerImpl.java:setRole(171)) - bf3d67f8-5751-46ab-93bd-0fc29b3c1531:group-483F1770CD78 changes role from FOLLOWER to CANDIDATE at term 0 for changeToCandidate
2019-07-30 20:57:35,117 INFO  impl.RoleInfo (RoleInfo.java:updateAndGet(143)) - bf3d67f8-5751-46ab-93bd-0fc29b3c1531: start LeaderElection
2019-07-30 20:57:35,138 INFO  impl.LeaderElection (LeaderElection.java:askForVotes(181)) - bf3d67f8-5751-46ab-93bd-0fc29b3c1531:group-483F1770CD78:LeaderElection1: begin an election at term 1 for -1: [bf3d67f8-5751-46ab-93bd-0fc29b3c1531:192.168.69.96:41233], old=null
2019-07-30 20:57:35,140 INFO  impl.RoleInfo (RoleInfo.java:shutdownLeaderElection(134)) - bf3d67f8-5751-46ab-93bd-0fc29b3c1531: shutdown LeaderElection
2019-07-30 20:57:35,141 INFO  impl.RaftServerImpl (RaftServerImpl.java:setRole(171)) - bf3d67f8-5751-46ab-93bd-0fc29b3c1531:group-483F1770CD78 changes role from CANDIDATE to LEADER at term 1 for changeToLeader
2019-07-30 20:57:35,142 INFO  impl.RaftServerImpl (ServerState.java:setLeader(263)) - bf3d67f8-5751-46ab-93bd-0fc29b3c1531:group-483F1770CD78 change Leader from null to bf3d67f8-5751-46ab-93bd-0fc29b3c1531 at term 1 for becomeLeader, leader elected after 5616ms
2019-07-30 20:57:35,150 INFO  server.RaftServerConfigKeys (ConfUtils.java:logGet(43)) - raft.server.staging.catchup.gap = 1000 (default)
2019-07-30 20:57:35,150 INFO  server.RaftServerConfigKeys (ConfUtils.java:logGet(43)) - raft.server.rpc.sleep.time = 25ms (default)
2019-07-30 20:57:35,154 INFO  server.RaftServerConfigKeys (ConfUtils.java:logGet(43)) - raft.server.write.element-limit = 4096 (default)
2019-07-30 20:57:35,157 INFO  server.RaftServerConfigKeys (ConfUtils.java:logGet(43)) - raft.server.watch.timeout = 10s (default)
2019-07-30 20:57:35,158 INFO  server.RaftServerConfigKeys (ConfUtils.java:logGet(43)) - raft.server.watch.timeout.denomination = 1s (default)
2019-07-30 20:57:35,159 INFO  server.RaftServerConfigKeys (ConfUtils.java:logGet(43)) - raft.server.watch.element-limit = 65536 (default)
2019-07-30 20:57:35,165 INFO  impl.FollowerState (FollowerState.java:run(106)) - b886fbb7-990e-4a24-a2cf-3fb3cd8b1c79:group-56B03B628FBD changes to CANDIDATE, lastRpcTime:5024, electionTimeout:5022ms
2019-07-30 20:57:35,167 INFO  impl.RoleInfo (RoleInfo.java:shutdownFollowerState(121)) - b886fbb7-990e-4a24-a2cf-3fb3cd8b1c79: shutdown FollowerState
2019-07-30 20:57:35,167 INFO  impl.RaftServerImpl (RaftServerImpl.java:setRole(171)) - b886fbb7-990e-4a24-a2cf-3fb3cd8b1c79:group-56B03B628FBD changes role from FOLLOWER to CANDIDATE at term 0 for changeToCandidate
2019-07-30 20:57:35,167 INFO  impl.RoleInfo (RoleInfo.java:updateAndGet(143)) - b886fbb7-990e-4a24-a2cf-3fb3cd8b1c79: start LeaderElection
2019-07-30 20:57:35,175 INFO  impl.RoleInfo (RoleInfo.java:updateAndGet(143)) - bf3d67f8-5751-46ab-93bd-0fc29b3c1531: start LeaderState
2019-07-30 20:57:35,179 INFO  impl.LeaderElection (LeaderElection.java:askForVotes(181)) - b886fbb7-990e-4a24-a2cf-3fb3cd8b1c79:group-56B03B628FBD:LeaderElection2: begin an election at term 1 for -1: [b886fbb7-990e-4a24-a2cf-3fb3cd8b1c79:192.168.69.96:43310], old=null
2019-07-30 20:57:35,181 INFO  impl.RoleInfo (RoleInfo.java:shutdownLeaderElection(134)) - b886fbb7-990e-4a24-a2cf-3fb3cd8b1c79: shutdown LeaderElection
2019-07-30 20:57:35,181 INFO  impl.RaftServerImpl (RaftServerImpl.java:setRole(171)) - b886fbb7-990e-4a24-a2cf-3fb3cd8b1c79:group-56B03B628FBD changes role from CANDIDATE to LEADER at term 1 for changeToLeader
2019-07-30 20:57:35,181 INFO  impl.RaftServerImpl (ServerState.java:setLeader(263)) - b886fbb7-990e-4a24-a2cf-3fb3cd8b1c79:group-56B03B628FBD change Leader from null to b886fbb7-990e-4a24-a2cf-3fb3cd8b1c79 at term 1 for becomeLeader, leader elected after 5048ms
2019-07-30 20:57:35,181 INFO  server.RaftServerConfigKeys (ConfUtils.java:logGet(43)) - raft.server.staging.catchup.gap = 1000 (default)
2019-07-30 20:57:35,181 INFO  server.RaftServerConfigKeys (ConfUtils.java:logGet(43)) - raft.server.rpc.sleep.time = 25ms (default)
2019-07-30 20:57:35,182 INFO  server.RaftServerConfigKeys (ConfUtils.java:logGet(43)) - raft.server.write.element-limit = 4096 (default)
2019-07-30 20:57:35,182 INFO  server.RaftServerConfigKeys (ConfUtils.java:logGet(43)) - raft.server.watch.timeout = 10s (default)
2019-07-30 20:57:35,182 INFO  server.RaftServerConfigKeys (ConfUtils.java:logGet(43)) - raft.server.watch.timeout.denomination = 1s (default)
2019-07-30 20:57:35,182 INFO  server.RaftServerConfigKeys (ConfUtils.java:logGet(43)) - raft.server.watch.element-limit = 65536 (default)
2019-07-30 20:57:35,182 INFO  impl.RoleInfo (RoleInfo.java:updateAndGet(143)) - b886fbb7-990e-4a24-a2cf-3fb3cd8b1c79: start LeaderState
2019-07-30 20:57:35,205 INFO  segmented.SegmentedRaftLogWorker (SegmentedRaftLogWorker.java:startLogSegment(380)) - b886fbb7-990e-4a24-a2cf-3fb3cd8b1c79-SegmentedRaftLogWorker:Storage Directory /workdir/hadoop-ozone/tools/target/test-dir/MiniOzoneClusterImpl-9dc4b5a5-f034-4fda-9173-e21f35f15c53/datanode-2/data/ratis/921773a5-e575-4a6f-9979-56b03b628fbd: Starting segment from index:0
2019-07-30 20:57:35,205 INFO  segmented.SegmentedRaftLogWorker (SegmentedRaftLogWorker.java:startLogSegment(380)) - bf3d67f8-5751-46ab-93bd-0fc29b3c1531-SegmentedRaftLogWorker:Storage Directory /workdir/hadoop-ozone/tools/target/test-dir/MiniOzoneClusterImpl-9dc4b5a5-f034-4fda-9173-e21f35f15c53/datanode-0/data/ratis/17abc3fb-1000-4d5b-a80b-483f1770cd78: Starting segment from index:0
2019-07-30 20:57:35,216 INFO  impl.RaftServerImpl (ServerState.java:setRaftConf(361)) - b886fbb7-990e-4a24-a2cf-3fb3cd8b1c79:group-56B03B628FBD set configuration 0: [b886fbb7-990e-4a24-a2cf-3fb3cd8b1c79:192.168.69.96:43310], old=null at 0
2019-07-30 20:57:35,216 INFO  impl.RaftServerImpl (ServerState.java:setRaftConf(361)) - bf3d67f8-5751-46ab-93bd-0fc29b3c1531:group-483F1770CD78 set configuration 0: [bf3d67f8-5751-46ab-93bd-0fc29b3c1531:192.168.69.96:41233], old=null at 0
 0.00% |█                                                                                                    |  0/1 Time: 0:00:042019-07-30 20:57:35,375 INFO  segmented.SegmentedRaftLogWorker (SegmentedRaftLogWorker.java:execute(569)) - b886fbb7-990e-4a24-a2cf-3fb3cd8b1c79-SegmentedRaftLogWorker:Storage Directory /workdir/hadoop-ozone/tools/target/test-dir/MiniOzoneClusterImpl-9dc4b5a5-f034-4fda-9173-e21f35f15c53/datanode-2/data/ratis/921773a5-e575-4a6f-9979-56b03b628fbd: created new log segment /workdir/hadoop-ozone/tools/target/test-dir/MiniOzoneClusterImpl-9dc4b5a5-f034-4fda-9173-e21f35f15c53/datanode-2/data/ratis/921773a5-e575-4a6f-9979-56b03b628fbd/current/log_inprogress_0
2019-07-30 20:57:35,375 INFO  segmented.SegmentedRaftLogWorker (SegmentedRaftLogWorker.java:execute(569)) - bf3d67f8-5751-46ab-93bd-0fc29b3c1531-SegmentedRaftLogWorker:Storage Directory /workdir/hadoop-ozone/tools/target/test-dir/MiniOzoneClusterImpl-9dc4b5a5-f034-4fda-9173-e21f35f15c53/datanode-0/data/ratis/17abc3fb-1000-4d5b-a80b-483f1770cd78: created new log segment /workdir/hadoop-ozone/tools/target/test-dir/MiniOzoneClusterImpl-9dc4b5a5-f034-4fda-9173-e21f35f15c53/datanode-0/data/ratis/17abc3fb-1000-4d5b-a80b-483f1770cd78/current/log_inprogress_0
2019-07-30 20:57:35,415 INFO  impl.FollowerState (FollowerState.java:run(106)) - 88b457c9-a839-4d83-9bd8-4c2a9c6ac969:group-49EC042249F1 changes to CANDIDATE, lastRpcTime:5174, electionTimeout:5174ms
2019-07-30 20:57:35,418 INFO  impl.RoleInfo (RoleInfo.java:shutdownFollowerState(121)) - 88b457c9-a839-4d83-9bd8-4c2a9c6ac969: shutdown FollowerState
2019-07-30 20:57:35,418 INFO  impl.RaftServerImpl (RaftServerImpl.java:setRole(171)) - 88b457c9-a839-4d83-9bd8-4c2a9c6ac969:group-49EC042249F1 changes role from FOLLOWER to CANDIDATE at term 0 for changeToCandidate
2019-07-30 20:57:35,418 INFO  impl.RoleInfo (RoleInfo.java:updateAndGet(143)) - 88b457c9-a839-4d83-9bd8-4c2a9c6ac969: start LeaderElection
2019-07-30 20:57:35,420 INFO  impl.FollowerState (FollowerState.java:run(106)) - 85c129eb-0953-4afc-b486-0c3c12d17c84:group-CE39E8FF57BF changes to CANDIDATE, lastRpcTime:5007, electionTimeout:5006ms
2019-07-30 20:57:35,423 INFO  impl.RoleInfo (RoleInfo.java:shutdownFollowerState(121)) - 85c129eb-0953-4afc-b486-0c3c12d17c84: shutdown FollowerState
2019-07-30 20:57:35,423 INFO  impl.RaftServerImpl (RaftServerImpl.java:setRole(171)) - 85c129eb-0953-4afc-b486-0c3c12d17c84:group-CE39E8FF57BF changes role from FOLLOWER to CANDIDATE at term 0 for changeToCandidate
2019-07-30 20:57:35,423 INFO  impl.RoleInfo (RoleInfo.java:updateAndGet(143)) - 85c129eb-0953-4afc-b486-0c3c12d17c84: start LeaderElection
2019-07-30 20:57:35,437 INFO  impl.LeaderElection (LeaderElection.java:askForVotes(181)) - 88b457c9-a839-4d83-9bd8-4c2a9c6ac969:group-49EC042249F1:LeaderElection3: begin an election at term 1 for -1: [88b457c9-a839-4d83-9bd8-4c2a9c6ac969:192.168.69.96:39934], old=null
2019-07-30 20:57:35,437 INFO  impl.LeaderElection (LeaderElection.java:askForVotes(181)) - 85c129eb-0953-4afc-b486-0c3c12d17c84:group-CE39E8FF57BF:LeaderElection4: begin an election at term 1 for -1: [85c129eb-0953-4afc-b486-0c3c12d17c84:192.168.69.96:36850], old=null
2019-07-30 20:57:35,437 INFO  impl.RoleInfo (RoleInfo.java:shutdownLeaderElection(134)) - 88b457c9-a839-4d83-9bd8-4c2a9c6ac969: shutdown LeaderElection
2019-07-30 20:57:35,437 INFO  impl.RoleInfo (RoleInfo.java:shutdownLeaderElection(134)) - 85c129eb-0953-4afc-b486-0c3c12d17c84: shutdown LeaderElection
2019-07-30 20:57:35,437 INFO  impl.RaftServerImpl (RaftServerImpl.java:setRole(171)) - 88b457c9-a839-4d83-9bd8-4c2a9c6ac969:group-49EC042249F1 changes role from CANDIDATE to LEADER at term 1 for changeToLeader
2019-07-30 20:57:35,437 INFO  impl.RaftServerImpl (RaftServerImpl.java:setRole(171)) - 85c129eb-0953-4afc-b486-0c3c12d17c84:group-CE39E8FF57BF changes role from CANDIDATE to LEADER at term 1 for changeToLeader
2019-07-30 20:57:35,437 INFO  impl.RaftServerImpl (ServerState.java:setLeader(263)) - 88b457c9-a839-4d83-9bd8-4c2a9c6ac969:group-49EC042249F1 change Leader from null to 88b457c9-a839-4d83-9bd8-4c2a9c6ac969 at term 1 for becomeLeader, leader elected after 5203ms
2019-07-30 20:57:35,437 INFO  impl.RaftServerImpl (ServerState.java:setLeader(263)) - 85c129eb-0953-4afc-b486-0c3c12d17c84:group-CE39E8FF57BF change Leader from null to 85c129eb-0953-4afc-b486-0c3c12d17c84 at term 1 for becomeLeader, leader elected after 5031ms
2019-07-30 20:57:35,438 INFO  server.RaftServerConfigKeys (ConfUtils.java:logGet(43)) - raft.server.staging.catchup.gap = 1000 (default)
2019-07-30 20:57:35,438 INFO  server.RaftServerConfigKeys (ConfUtils.java:logGet(43)) - raft.server.staging.catchup.gap = 1000 (default)
2019-07-30 20:57:35,438 INFO  server.RaftServerConfigKeys (ConfUtils.java:logGet(43)) - raft.server.rpc.sleep.time = 25ms (default)
2019-07-30 20:57:35,438 INFO  server.RaftServerConfigKeys (ConfUtils.java:logGet(43)) - raft.server.rpc.sleep.time = 25ms (default)
2019-07-30 20:57:35,438 INFO  server.RaftServerConfigKeys (ConfUtils.java:logGet(43)) - raft.server.write.element-limit = 4096 (default)
2019-07-30 20:57:35,438 INFO  server.RaftServerConfigKeys (ConfUtils.java:logGet(43)) - raft.server.write.element-limit = 4096 (default)
2019-07-30 20:57:35,438 INFO  server.RaftServerConfigKeys (ConfUtils.java:logGet(43)) - raft.server.watch.timeout = 10s (default)
2019-07-30 20:57:35,439 INFO  server.RaftServerConfigKeys (ConfUtils.java:logGet(43)) - raft.server.watch.timeout = 10s (default)
2019-07-30 20:57:35,439 INFO  server.RaftServerConfigKeys (ConfUtils.java:logGet(43)) - raft.server.watch.timeout.denomination = 1s (default)
2019-07-30 20:57:35,439 INFO  server.RaftServerConfigKeys (ConfUtils.java:logGet(43)) - raft.server.watch.timeout.denomination = 1s (default)
2019-07-30 20:57:35,439 INFO  server.RaftServerConfigKeys (ConfUtils.java:logGet(43)) - raft.server.watch.element-limit = 65536 (default)
2019-07-30 20:57:35,439 INFO  server.RaftServerConfigKeys (ConfUtils.java:logGet(43)) - raft.server.watch.element-limit = 65536 (default)
2019-07-30 20:57:35,439 INFO  impl.RoleInfo (RoleInfo.java:updateAndGet(143)) - 88b457c9-a839-4d83-9bd8-4c2a9c6ac969: start LeaderState
2019-07-30 20:57:35,440 INFO  impl.RoleInfo (RoleInfo.java:updateAndGet(143)) - 85c129eb-0953-4afc-b486-0c3c12d17c84: start LeaderState
2019-07-30 20:57:35,440 INFO  segmented.SegmentedRaftLogWorker (SegmentedRaftLogWorker.java:startLogSegment(380)) - 88b457c9-a839-4d83-9bd8-4c2a9c6ac969-SegmentedRaftLogWorker:Storage Directory /workdir/hadoop-ozone/tools/target/test-dir/MiniOzoneClusterImpl-9dc4b5a5-f034-4fda-9173-e21f35f15c53/datanode-1/data/ratis/4913054b-a349-45ac-b293-49ec042249f1: Starting segment from index:0
2019-07-30 20:57:35,440 INFO  segmented.SegmentedRaftLogWorker (SegmentedRaftLogWorker.java:startLogSegment(380)) - 85c129eb-0953-4afc-b486-0c3c12d17c84-SegmentedRaftLogWorker:Storage Directory /workdir/hadoop-ozone/tools/target/test-dir/MiniOzoneClusterImpl-9dc4b5a5-f034-4fda-9173-e21f35f15c53/datanode-3/data/ratis/ada6dc5d-9fc8-48cf-8ae3-ce39e8ff57bf: Starting segment from index:0
2019-07-30 20:57:35,440 INFO  impl.RaftServerImpl (ServerState.java:setRaftConf(361)) - 88b457c9-a839-4d83-9bd8-4c2a9c6ac969:group-49EC042249F1 set configuration 0: [88b457c9-a839-4d83-9bd8-4c2a9c6ac969:192.168.69.96:39934], old=null at 0
2019-07-30 20:57:35,459 INFO  impl.RaftServerImpl (ServerState.java:setRaftConf(361)) - 85c129eb-0953-4afc-b486-0c3c12d17c84:group-CE39E8FF57BF set configuration 0: [85c129eb-0953-4afc-b486-0c3c12d17c84:192.168.69.96:36850], old=null at 0
2019-07-30 20:57:35,478 INFO  segmented.SegmentedRaftLogWorker (SegmentedRaftLogWorker.java:execute(569)) - 88b457c9-a839-4d83-9bd8-4c2a9c6ac969-SegmentedRaftLogWorker:Storage Directory /workdir/hadoop-ozone/tools/target/test-dir/MiniOzoneClusterImpl-9dc4b5a5-f034-4fda-9173-e21f35f15c53/datanode-1/data/ratis/4913054b-a349-45ac-b293-49ec042249f1: created new log segment /workdir/hadoop-ozone/tools/target/test-dir/MiniOzoneClusterImpl-9dc4b5a5-f034-4fda-9173-e21f35f15c53/datanode-1/data/ratis/4913054b-a349-45ac-b293-49ec042249f1/current/log_inprogress_0
2019-07-30 20:57:35,491 INFO  segmented.SegmentedRaftLogWorker (SegmentedRaftLogWorker.java:execute(569)) - 85c129eb-0953-4afc-b486-0c3c12d17c84-SegmentedRaftLogWorker:Storage Directory /workdir/hadoop-ozone/tools/target/test-dir/MiniOzoneClusterImpl-9dc4b5a5-f034-4fda-9173-e21f35f15c53/datanode-3/data/ratis/ada6dc5d-9fc8-48cf-8ae3-ce39e8ff57bf: created new log segment /workdir/hadoop-ozone/tools/target/test-dir/MiniOzoneClusterImpl-9dc4b5a5-f034-4fda-9173-e21f35f15c53/datanode-3/data/ratis/ada6dc5d-9fc8-48cf-8ae3-ce39e8ff57bf/current/log_inprogress_0
2019-07-30 20:57:35,527 INFO  impl.FollowerState (FollowerState.java:run(106)) - 8d326b13-47f6-487d-88ff-0b7d36d1dd11:group-AB8BDB6383D5 changes to CANDIDATE, lastRpcTime:5197, electionTimeout:5197ms
2019-07-30 20:57:35,529 INFO  impl.RoleInfo (RoleInfo.java:shutdownFollowerState(121)) - 8d326b13-47f6-487d-88ff-0b7d36d1dd11: shutdown FollowerState
2019-07-30 20:57:35,530 INFO  impl.RaftServerImpl (RaftServerImpl.java:setRole(171)) - 8d326b13-47f6-487d-88ff-0b7d36d1dd11:group-AB8BDB6383D5 changes role from FOLLOWER to CANDIDATE at term 0 for changeToCandidate
2019-07-30 20:57:35,530 INFO  impl.RoleInfo (RoleInfo.java:updateAndGet(143)) - 8d326b13-47f6-487d-88ff-0b7d36d1dd11: start LeaderElection
2019-07-30 20:57:35,548 INFO  impl.LeaderElection (LeaderElection.java:askForVotes(181)) - 8d326b13-47f6-487d-88ff-0b7d36d1dd11:group-AB8BDB6383D5:LeaderElection5: begin an election at term 1 for -1: [8d326b13-47f6-487d-88ff-0b7d36d1dd11:192.168.69.96:42761], old=null
2019-07-30 20:57:35,550 INFO  impl.RoleInfo (RoleInfo.java:shutdownLeaderElection(134)) - 8d326b13-47f6-487d-88ff-0b7d36d1dd11: shutdown LeaderElection
2019-07-30 20:57:35,550 INFO  impl.RaftServerImpl (RaftServerImpl.java:setRole(171)) - 8d326b13-47f6-487d-88ff-0b7d36d1dd11:group-AB8BDB6383D5 changes role from CANDIDATE to LEADER at term 1 for changeToLeader
2019-07-30 20:57:35,551 INFO  impl.RaftServerImpl (ServerState.java:setLeader(263)) - 8d326b13-47f6-487d-88ff-0b7d36d1dd11:group-AB8BDB6383D5 change Leader from null to 8d326b13-47f6-487d-88ff-0b7d36d1dd11 at term 1 for becomeLeader, leader elected after 5226ms
2019-07-30 20:57:35,551 INFO  server.RaftServerConfigKeys (ConfUtils.java:logGet(43)) - raft.server.staging.catchup.gap = 1000 (default)
2019-07-30 20:57:35,551 INFO  server.RaftServerConfigKeys (ConfUtils.java:logGet(43)) - raft.server.rpc.sleep.time = 25ms (default)
2019-07-30 20:57:35,551 INFO  server.RaftServerConfigKeys (ConfUtils.java:logGet(43)) - raft.server.write.element-limit = 4096 (default)
2019-07-30 20:57:35,552 INFO  server.RaftServerConfigKeys (ConfUtils.java:logGet(43)) - raft.server.watch.timeout = 10s (default)
2019-07-30 20:57:35,552 INFO  server.RaftServerConfigKeys (ConfUtils.java:logGet(43)) - raft.server.watch.timeout.denomination = 1s (default)
2019-07-30 20:57:35,552 INFO  server.RaftServerConfigKeys (ConfUtils.java:logGet(43)) - raft.server.watch.element-limit = 65536 (default)
2019-07-30 20:57:35,552 INFO  impl.RoleInfo (RoleInfo.java:updateAndGet(143)) - 8d326b13-47f6-487d-88ff-0b7d36d1dd11: start LeaderState
2019-07-30 20:57:35,553 INFO  segmented.SegmentedRaftLogWorker (SegmentedRaftLogWorker.java:startLogSegment(380)) - 8d326b13-47f6-487d-88ff-0b7d36d1dd11-SegmentedRaftLogWorker:Storage Directory /workdir/hadoop-ozone/tools/target/test-dir/MiniOzoneClusterImpl-9dc4b5a5-f034-4fda-9173-e21f35f15c53/datanode-4/data/ratis/fe63a1c7-d478-4e8e-bf0e-ab8bdb6383d5: Starting segment from index:0
2019-07-30 20:57:35,553 INFO  impl.RaftServerImpl (ServerState.java:setRaftConf(361)) - 8d326b13-47f6-487d-88ff-0b7d36d1dd11:group-AB8BDB6383D5 set configuration 0: [8d326b13-47f6-487d-88ff-0b7d36d1dd11:192.168.69.96:42761], old=null at 0
2019-07-30 20:57:35,588 INFO  impl.FollowerState (FollowerState.java:run(106)) - b886fbb7-990e-4a24-a2cf-3fb3cd8b1c79:group-79705B3AEBD9 changes to CANDIDATE, lastRpcTime:5063, electionTimeout:5063ms
2019-07-30 20:57:35,588 INFO  impl.RoleInfo (RoleInfo.java:shutdownFollowerState(121)) - b886fbb7-990e-4a24-a2cf-3fb3cd8b1c79: shutdown FollowerState
2019-07-30 20:57:35,588 INFO  impl.RaftServerImpl (RaftServerImpl.java:setRole(171)) - b886fbb7-990e-4a24-a2cf-3fb3cd8b1c79:group-79705B3AEBD9 changes role from FOLLOWER to CANDIDATE at term 0 for changeToCandidate
2019-07-30 20:57:35,589 INFO  impl.RoleInfo (RoleInfo.java:updateAndGet(143)) - b886fbb7-990e-4a24-a2cf-3fb3cd8b1c79: start LeaderElection
2019-07-30 20:57:35,596 INFO  segmented.SegmentedRaftLogWorker (SegmentedRaftLogWorker.java:execute(569)) - 8d326b13-47f6-487d-88ff-0b7d36d1dd11-SegmentedRaftLogWorker:Storage Directory /workdir/hadoop-ozone/tools/target/test-dir/MiniOzoneClusterImpl-9dc4b5a5-f034-4fda-9173-e21f35f15c53/datanode-4/data/ratis/fe63a1c7-d478-4e8e-bf0e-ab8bdb6383d5: created new log segment /workdir/hadoop-ozone/tools/target/test-dir/MiniOzoneClusterImpl-9dc4b5a5-f034-4fda-9173-e21f35f15c53/datanode-4/data/ratis/fe63a1c7-d478-4e8e-bf0e-ab8bdb6383d5/current/log_inprogress_0
2019-07-30 20:57:35,599 INFO  impl.LeaderElection (LeaderElection.java:askForVotes(181)) - b886fbb7-990e-4a24-a2cf-3fb3cd8b1c79:group-79705B3AEBD9:LeaderElection6: begin an election at term 1 for -1: [8d326b13-47f6-487d-88ff-0b7d36d1dd11:192.168.69.96:42761, b886fbb7-990e-4a24-a2cf-3fb3cd8b1c79:192.168.69.96:43310, 88b457c9-a839-4d83-9bd8-4c2a9c6ac969:192.168.69.96:39934], old=null
2019-07-30 20:57:35,630 INFO  impl.RaftServerImpl (RaftServerImpl.java:setRole(171)) - 8d326b13-47f6-487d-88ff-0b7d36d1dd11:group-79705B3AEBD9 changes role from FOLLOWER to FOLLOWER at term 1 for recognizeCandidate:b886fbb7-990e-4a24-a2cf-3fb3cd8b1c79
2019-07-30 20:57:35,630 INFO  impl.RaftServerImpl (RaftServerImpl.java:setRole(171)) - 88b457c9-a839-4d83-9bd8-4c2a9c6ac969:group-79705B3AEBD9 changes role from FOLLOWER to FOLLOWER at term 1 for recognizeCandidate:b886fbb7-990e-4a24-a2cf-3fb3cd8b1c79
2019-07-30 20:57:35,632 INFO  impl.RoleInfo (RoleInfo.java:shutdownFollowerState(121)) - 8d326b13-47f6-487d-88ff-0b7d36d1dd11: shutdown FollowerState
2019-07-30 20:57:35,632 INFO  impl.RoleInfo (RoleInfo.java:shutdownFollowerState(121)) - 88b457c9-a839-4d83-9bd8-4c2a9c6ac969: shutdown FollowerState
2019-07-30 20:57:35,632 INFO  impl.RoleInfo (RoleInfo.java:updateAndGet(143)) - 8d326b13-47f6-487d-88ff-0b7d36d1dd11: start FollowerState
2019-07-30 20:57:35,632 INFO  impl.RoleInfo (RoleInfo.java:updateAndGet(143)) - 88b457c9-a839-4d83-9bd8-4c2a9c6ac969: start FollowerState
2019-07-30 20:57:35,632 INFO  impl.FollowerState (FollowerState.java:run(114)) - 8d326b13-47f6-487d-88ff-0b7d36d1dd11: FollowerState was interrupted: java.lang.InterruptedException: sleep interrupted
2019-07-30 20:57:35,632 INFO  impl.FollowerState (FollowerState.java:run(114)) - 88b457c9-a839-4d83-9bd8-4c2a9c6ac969: FollowerState was interrupted: java.lang.InterruptedException: sleep interrupted
2019-07-30 20:57:35,666 INFO  impl.LeaderElection (LeaderElection.java:logAndReturn(56)) - b886fbb7-990e-4a24-a2cf-3fb3cd8b1c79:group-79705B3AEBD9:LeaderElection6: Election PASSED; received 1 response(s) [b886fbb7-990e-4a24-a2cf-3fb3cd8b1c79<-8d326b13-47f6-487d-88ff-0b7d36d1dd11#0:OK-t1] and 0 exception(s); b886fbb7-990e-4a24-a2cf-3fb3cd8b1c79:t1, leader=null, voted=b886fbb7-990e-4a24-a2cf-3fb3cd8b1c79, raftlog=b886fbb7-990e-4a24-a2cf-3fb3cd8b1c79-SegmentedRaftLog:OPENED:c-1,f-1,i0, conf=-1: [8d326b13-47f6-487d-88ff-0b7d36d1dd11:192.168.69.96:42761, b886fbb7-990e-4a24-a2cf-3fb3cd8b1c79:192.168.69.96:43310, 88b457c9-a839-4d83-9bd8-4c2a9c6ac969:192.168.69.96:39934], old=null
2019-07-30 20:57:35,666 INFO  impl.RoleInfo (RoleInfo.java:shutdownLeaderElection(134)) - b886fbb7-990e-4a24-a2cf-3fb3cd8b1c79: shutdown LeaderElection
2019-07-30 20:57:35,666 INFO  impl.RaftServerImpl (RaftServerImpl.java:setRole(171)) - b886fbb7-990e-4a24-a2cf-3fb3cd8b1c79:group-79705B3AEBD9 changes role from CANDIDATE to LEADER at term 1 for changeToLeader
2019-07-30 20:57:35,666 INFO  impl.RaftServerImpl (ServerState.java:setLeader(263)) - b886fbb7-990e-4a24-a2cf-3fb3cd8b1c79:group-79705B3AEBD9 change Leader from null to b886fbb7-990e-4a24-a2cf-3fb3cd8b1c79 at term 1 for becomeLeader, leader elected after 5155ms
2019-07-30 20:57:35,668 INFO  server.RaftServerConfigKeys (ConfUtils.java:logGet(43)) - raft.server.staging.catchup.gap = 1000 (default)
2019-07-30 20:57:35,668 INFO  server.RaftServerConfigKeys (ConfUtils.java:logGet(43)) - raft.server.rpc.sleep.time = 25ms (default)
2019-07-30 20:57:35,669 INFO  server.RaftServerConfigKeys (ConfUtils.java:logGet(43)) - raft.server.write.element-limit = 4096 (default)
2019-07-30 20:57:35,669 INFO  server.RaftServerConfigKeys (ConfUtils.java:logGet(43)) - raft.server.watch.timeout = 10s (default)
2019-07-30 20:57:35,669 INFO  server.RaftServerConfigKeys (ConfUtils.java:logGet(43)) - raft.server.watch.timeout.denomination = 1s (default)
2019-07-30 20:57:35,669 INFO  server.RaftServerConfigKeys (ConfUtils.java:logGet(43)) - raft.server.watch.element-limit = 65536 (default)
2019-07-30 20:57:35,672 INFO  server.RaftServerConfigKeys (ConfUtils.java:logGet(43)) - raft.server.log.appender.snapshot.chunk.size.max = 16MB (=16777216) (default)
2019-07-30 20:57:35,672 INFO  server.RaftServerConfigKeys (ConfUtils.java:logGet(43)) - raft.server.log.appender.buffer.byte-limit = 33554432 (custom)
2019-07-30 20:57:35,672 INFO  server.RaftServerConfigKeys (ConfUtils.java:logGet(43)) - raft.server.log.appender.buffer.element-limit = 1 (custom)
2019-07-30 20:57:35,676 INFO  grpc.GrpcConfigKeys$Server (ConfUtils.java:logGet(43)) - raft.grpc.server.leader.outstanding.appends.max = 128 (default)
2019-07-30 20:57:35,677 INFO  server.RaftServerConfigKeys (ConfUtils.java:logGet(43)) - raft.server.rpc.request.timeout = 3000ms (default)
2019-07-30 20:57:35,678 INFO  server.RaftServerConfigKeys (ConfUtils.java:logGet(43)) - raft.server.log.appender.install.snapshot.enabled = false (custom)
2019-07-30 20:57:35,678 INFO  server.RaftServerConfigKeys (ConfUtils.java:logGet(43)) - raft.server.log.appender.snapshot.chunk.size.max = 16MB (=16777216) (default)
2019-07-30 20:57:35,678 INFO  server.RaftServerConfigKeys (ConfUtils.java:logGet(43)) - raft.server.log.appender.buffer.byte-limit = 33554432 (custom)
2019-07-30 20:57:35,678 INFO  server.RaftServerConfigKeys (ConfUtils.java:logGet(43)) - raft.server.log.appender.buffer.element-limit = 1 (custom)
2019-07-30 20:57:35,678 INFO  grpc.GrpcConfigKeys$Server (ConfUtils.java:logGet(43)) - raft.grpc.server.leader.outstanding.appends.max = 128 (default)
2019-07-30 20:57:35,679 INFO  server.RaftServerConfigKeys (ConfUtils.java:logGet(43)) - raft.server.rpc.request.timeout = 3000ms (default)
2019-07-30 20:57:35,679 INFO  server.RaftServerConfigKeys (ConfUtils.java:logGet(43)) - raft.server.log.appender.install.snapshot.enabled = false (custom)
2019-07-30 20:57:35,680 INFO  impl.RoleInfo (RoleInfo.java:updateAndGet(143)) - b886fbb7-990e-4a24-a2cf-3fb3cd8b1c79: start LeaderState
2019-07-30 20:57:35,680 INFO  segmented.SegmentedRaftLogWorker (SegmentedRaftLogWorker.java:startLogSegment(380)) - b886fbb7-990e-4a24-a2cf-3fb3cd8b1c79-SegmentedRaftLogWorker:Storage Directory /workdir/hadoop-ozone/tools/target/test-dir/MiniOzoneClusterImpl-9dc4b5a5-f034-4fda-9173-e21f35f15c53/datanode-2/data/ratis/ff90623e-0a8b-42ac-850f-79705b3aebd9: Starting segment from index:0
2019-07-30 20:57:35,681 INFO  impl.RaftServerImpl (ServerState.java:setRaftConf(361)) - b886fbb7-990e-4a24-a2cf-3fb3cd8b1c79:group-79705B3AEBD9 set configuration 0: [8d326b13-47f6-487d-88ff-0b7d36d1dd11:192.168.69.96:42761, b886fbb7-990e-4a24-a2cf-3fb3cd8b1c79:192.168.69.96:43310, 88b457c9-a839-4d83-9bd8-4c2a9c6ac969:192.168.69.96:39934], old=null at 0
2019-07-30 20:57:35,714 INFO  segmented.SegmentedRaftLogWorker (SegmentedRaftLogWorker.java:execute(569)) - b886fbb7-990e-4a24-a2cf-3fb3cd8b1c79-SegmentedRaftLogWorker:Storage Directory /workdir/hadoop-ozone/tools/target/test-dir/MiniOzoneClusterImpl-9dc4b5a5-f034-4fda-9173-e21f35f15c53/datanode-2/data/ratis/ff90623e-0a8b-42ac-850f-79705b3aebd9: created new log segment /workdir/hadoop-ozone/tools/target/test-dir/MiniOzoneClusterImpl-9dc4b5a5-f034-4fda-9173-e21f35f15c53/datanode-2/data/ratis/ff90623e-0a8b-42ac-850f-79705b3aebd9/current/log_inprogress_0
2019-07-30 20:57:35,721 INFO  impl.RaftServerImpl (ServerState.java:setLeader(263)) - 88b457c9-a839-4d83-9bd8-4c2a9c6ac969:group-79705B3AEBD9 change Leader from null to b886fbb7-990e-4a24-a2cf-3fb3cd8b1c79 at term 1 for appendEntries, leader elected after 5209ms
2019-07-30 20:57:35,721 INFO  impl.RaftServerImpl (ServerState.java:setLeader(263)) - 8d326b13-47f6-487d-88ff-0b7d36d1dd11:group-79705B3AEBD9 change Leader from null to b886fbb7-990e-4a24-a2cf-3fb3cd8b1c79 at term 1 for appendEntries, leader elected after 5209ms
2019-07-30 20:57:35,756 INFO  impl.RaftServerImpl (ServerState.java:setRaftConf(361)) - 8d326b13-47f6-487d-88ff-0b7d36d1dd11:group-79705B3AEBD9 set configuration 0: [8d326b13-47f6-487d-88ff-0b7d36d1dd11:192.168.69.96:42761, b886fbb7-990e-4a24-a2cf-3fb3cd8b1c79:192.168.69.96:43310, 88b457c9-a839-4d83-9bd8-4c2a9c6ac969:192.168.69.96:39934], old=null at 0
2019-07-30 20:57:35,756 INFO  impl.RaftServerImpl (ServerState.java:setRaftConf(361)) - 88b457c9-a839-4d83-9bd8-4c2a9c6ac969:group-79705B3AEBD9 set configuration 0: [8d326b13-47f6-487d-88ff-0b7d36d1dd11:192.168.69.96:42761, b886fbb7-990e-4a24-a2cf-3fb3cd8b1c79:192.168.69.96:43310, 88b457c9-a839-4d83-9bd8-4c2a9c6ac969:192.168.69.96:39934], old=null at 0
2019-07-30 20:57:35,756 INFO  segmented.SegmentedRaftLogWorker (SegmentedRaftLogWorker.java:startLogSegment(380)) - 8d326b13-47f6-487d-88ff-0b7d36d1dd11-SegmentedRaftLogWorker:Storage Directory /workdir/hadoop-ozone/tools/target/test-dir/MiniOzoneClusterImpl-9dc4b5a5-f034-4fda-9173-e21f35f15c53/datanode-4/data/ratis/ff90623e-0a8b-42ac-850f-79705b3aebd9: Starting segment from index:0
2019-07-30 20:57:35,757 INFO  segmented.SegmentedRaftLogWorker (SegmentedRaftLogWorker.java:startLogSegment(380)) - 88b457c9-a839-4d83-9bd8-4c2a9c6ac969-SegmentedRaftLogWorker:Storage Directory /workdir/hadoop-ozone/tools/target/test-dir/MiniOzoneClusterImpl-9dc4b5a5-f034-4fda-9173-e21f35f15c53/datanode-1/data/ratis/ff90623e-0a8b-42ac-850f-79705b3aebd9: Starting segment from index:0
2019-07-30 20:57:35,782 INFO  segmented.SegmentedRaftLogWorker (SegmentedRaftLogWorker.java:execute(569)) - 88b457c9-a839-4d83-9bd8-4c2a9c6ac969-SegmentedRaftLogWorker:Storage Directory /workdir/hadoop-ozone/tools/target/test-dir/MiniOzoneClusterImpl-9dc4b5a5-f034-4fda-9173-e21f35f15c53/datanode-1/data/ratis/ff90623e-0a8b-42ac-850f-79705b3aebd9: created new log segment /workdir/hadoop-ozone/tools/target/test-dir/MiniOzoneClusterImpl-9dc4b5a5-f034-4fda-9173-e21f35f15c53/datanode-1/data/ratis/ff90623e-0a8b-42ac-850f-79705b3aebd9/current/log_inprogress_0
2019-07-30 20:57:35,782 INFO  segmented.SegmentedRaftLogWorker (SegmentedRaftLogWorker.java:execute(569)) - 8d326b13-47f6-487d-88ff-0b7d36d1dd11-SegmentedRaftLogWorker:Storage Directory /workdir/hadoop-ozone/tools/target/test-dir/MiniOzoneClusterImpl-9dc4b5a5-f034-4fda-9173-e21f35f15c53/datanode-4/data/ratis/ff90623e-0a8b-42ac-850f-79705b3aebd9: created new log segment /workdir/hadoop-ozone/tools/target/test-dir/MiniOzoneClusterImpl-9dc4b5a5-f034-4fda-9173-e21f35f15c53/datanode-4/data/ratis/ff90623e-0a8b-42ac-850f-79705b3aebd9/current/log_inprogress_0
2019-07-30 20:57:35,889 INFO  client.GrpcClientProtocolClient (GrpcClientProtocolClient.java:onNext(255)) - client-C95C042DC461->88b457c9-a839-4d83-9bd8-4c2a9c6ac969: receive RaftClientReply:client-C95C042DC461->88b457c9-a839-4d83-9bd8-4c2a9c6ac969@group-79705B3AEBD9, cid=8, FAILED org.apache.ratis.protocol.NotLeaderException: Server 88b457c9-a839-4d83-9bd8-4c2a9c6ac969 is not the leader (b886fbb7-990e-4a24-a2cf-3fb3cd8b1c79:192.168.69.96:43310). Request must be sent to leader., logIndex=0, commits[88b457c9-a839-4d83-9bd8-4c2a9c6ac969:c0, 8d326b13-47f6-487d-88ff-0b7d36d1dd11:c-1, b886fbb7-990e-4a24-a2cf-3fb3cd8b1c79:c0]
2019-07-30 20:57:36,189 INFO  client.GrpcClientProtocolClient (GrpcClientProtocolClient.java:onNext(255)) - client-C95C042DC461->b886fbb7-990e-4a24-a2cf-3fb3cd8b1c79: receive RaftClientReply:client-C95C042DC461->b886fbb7-990e-4a24-a2cf-3fb3cd8b1c79@group-79705B3AEBD9, cid=8, SUCCESS, logIndex=1, commits[b886fbb7-990e-4a24-a2cf-3fb3cd8b1c79:c1, 8d326b13-47f6-487d-88ff-0b7d36d1dd11:c0, 88b457c9-a839-4d83-9bd8-4c2a9c6ac969:c0]
 0.00% |█                                                                                                    |  0/1 Time: 0:00:052019-07-30 20:57:36,302 INFO  client.GrpcClientProtocolClient (GrpcClientProtocolClient.java:onNext(255)) - client-C95C042DC461->b886fbb7-990e-4a24-a2cf-3fb3cd8b1c79: receive RaftClientReply:client-C95C042DC461->b886fbb7-990e-4a24-a2cf-3fb3cd8b1c79@group-79705B3AEBD9, cid=9, SUCCESS, logIndex=3, commits[b886fbb7-990e-4a24-a2cf-3fb3cd8b1c79:c8, 8d326b13-47f6-487d-88ff-0b7d36d1dd11:c6, 88b457c9-a839-4d83-9bd8-4c2a9c6ac969:c6]
2019-07-30 20:57:36,305 INFO  client.GrpcClientProtocolClient (GrpcClientProtocolClient.java:onNext(255)) - client-C95C042DC461->b886fbb7-990e-4a24-a2cf-3fb3cd8b1c79: receive RaftClientReply:client-C95C042DC461->b886fbb7-990e-4a24-a2cf-3fb3cd8b1c79@group-79705B3AEBD9, cid=10, SUCCESS, logIndex=4, commits[b886fbb7-990e-4a24-a2cf-3fb3cd8b1c79:c8, 8d326b13-47f6-487d-88ff-0b7d36d1dd11:c6, 88b457c9-a839-4d83-9bd8-4c2a9c6ac969:c6]
2019-07-30 20:57:36,552 INFO  client.GrpcClientProtocolClient (GrpcClientProtocolClient.java:onNext(255)) - client-C95C042DC461->b886fbb7-990e-4a24-a2cf-3fb3cd8b1c79: receive RaftClientReply:client-C95C042DC461->b886fbb7-990e-4a24-a2cf-3fb3cd8b1c79@group-79705B3AEBD9, cid=11, SUCCESS, logIndex=5, commits[b886fbb7-990e-4a24-a2cf-3fb3cd8b1c79:c8, 8d326b13-47f6-487d-88ff-0b7d36d1dd11:c6, 88b457c9-a839-4d83-9bd8-4c2a9c6ac969:c6]
2019-07-30 20:57:36,603 INFO  client.GrpcClientProtocolClient (GrpcClientProtocolClient.java:onNext(255)) - client-C95C042DC461->b886fbb7-990e-4a24-a2cf-3fb3cd8b1c79: receive RaftClientReply:client-C95C042DC461->b886fbb7-990e-4a24-a2cf-3fb3cd8b1c79@group-79705B3AEBD9, cid=12, SUCCESS, logIndex=9, commits[b886fbb7-990e-4a24-a2cf-3fb3cd8b1c79:c9, 8d326b13-47f6-487d-88ff-0b7d36d1dd11:c6, 88b457c9-a839-4d83-9bd8-4c2a9c6ac969:c8]
2019-07-30 20:57:36,604 INFO  client.GrpcClientProtocolClient (GrpcClientProtocolClient.java:onNext(255)) - client-C95C042DC461->b886fbb7-990e-4a24-a2cf-3fb3cd8b1c79: receive RaftClientReply:client-C95C042DC461->b886fbb7-990e-4a24-a2cf-3fb3cd8b1c79@group-79705B3AEBD9, cid=13, SUCCESS, logIndex=10, commits[b886fbb7-990e-4a24-a2cf-3fb3cd8b1c79:c10, 8d326b13-47f6-487d-88ff-0b7d36d1dd11:c6, 88b457c9-a839-4d83-9bd8-4c2a9c6ac969:c8]
2019-07-30 20:57:36,613 INFO  client.GrpcClientProtocolClient (GrpcClientProtocolClient.java:onNext(255)) - client-C95C042DC461->b886fbb7-990e-4a24-a2cf-3fb3cd8b1c79: receive RaftClientReply:client-C95C042DC461->b886fbb7-990e-4a24-a2cf-3fb3cd8b1c79@group-79705B3AEBD9, cid=14, SUCCESS, logIndex=11, commits[b886fbb7-990e-4a24-a2cf-3fb3cd8b1c79:c12, 8d326b13-47f6-487d-88ff-0b7d36d1dd11:c8, 88b457c9-a839-4d83-9bd8-4c2a9c6ac969:c8]
2019-07-30 20:57:36,614 INFO  client.GrpcClientProtocolClient (GrpcClientProtocolClient.java:onNext(255)) - client-C95C042DC461->b886fbb7-990e-4a24-a2cf-3fb3cd8b1c79: receive RaftClientReply:client-C95C042DC461->b886fbb7-990e-4a24-a2cf-3fb3cd8b1c79@group-79705B3AEBD9, cid=15, SUCCESS, logIndex=12, commits[b886fbb7-990e-4a24-a2cf-3fb3cd8b1c79:c14, 8d326b13-47f6-487d-88ff-0b7d36d1dd11:c8, 88b457c9-a839-4d83-9bd8-4c2a9c6ac969:c10]
2019-07-30 20:57:36,640 INFO  client.GrpcClientProtocolClient (GrpcClientProtocolClient.java:onNext(255)) - client-C95C042DC461->b886fbb7-990e-4a24-a2cf-3fb3cd8b1c79: receive RaftClientReply:client-C95C042DC461->b886fbb7-990e-4a24-a2cf-3fb3cd8b1c79@group-79705B3AEBD9, cid=16, SUCCESS, logIndex=0, commits[b886fbb7-990e-4a24-a2cf-3fb3cd8b1c79:c16, 8d326b13-47f6-487d-88ff-0b7d36d1dd11:c12, 88b457c9-a839-4d83-9bd8-4c2a9c6ac969:c12]
2019-07-30 20:57:36,645 INFO  client.GrpcClientProtocolClient (GrpcClientProtocolClient.java:onNext(255)) - client-C95C042DC461->b886fbb7-990e-4a24-a2cf-3fb3cd8b1c79: receive RaftClientReply:client-C95C042DC461->b886fbb7-990e-4a24-a2cf-3fb3cd8b1c79@group-79705B3AEBD9, cid=17, SUCCESS, logIndex=0, commits[b886fbb7-990e-4a24-a2cf-3fb3cd8b1c79:c16, 8d326b13-47f6-487d-88ff-0b7d36d1dd11:c12, 88b457c9-a839-4d83-9bd8-4c2a9c6ac969:c12]
2019-07-30 20:57:36,661 INFO  keyvalue.KeyValueHandler (ContainerUtils.java:logAndReturnError(146)) - Operation: CreateContainer : Trace ID: d38ee230114a264c:5c1d3e7b475c6bf8:92f0b0c165188b5e:0 : Message: Container creation failed, due to disk out of space : Result: DISK_OUT_OF_SPACE
2019-07-30 20:57:36,668 INFO  keyvalue.KeyValueHandler (ContainerUtils.java:logAndReturnError(146)) - Operation: CreateContainer : Trace ID: d38ee230114a264c:5c1d3e7b475c6bf8:92f0b0c165188b5e:0 : Message: Container creation failed, due to disk out of space : Result: DISK_OUT_OF_SPACE
2019-07-30 20:57:36,689 INFO  keyvalue.KeyValueHandler (ContainerUtils.java:logAndReturnError(146)) - Operation: CreateContainer : Trace ID: d38ee230114a264c:c2d5e78e5cb2f05f:92f0b0c165188b5e:0 : Message: Container creation failed, due to disk out of space : Result: DISK_OUT_OF_SPACE
2019-07-30 20:57:36,693 INFO  keyvalue.KeyValueHandler (ContainerUtils.java:logAndReturnError(146)) - Operation: CreateContainer : Trace ID: d38ee230114a264c:5c1d3e7b475c6bf8:92f0b0c165188b5e:0 : Message: Container creation failed, due to disk out of space : Result: DISK_OUT_OF_SPACE
20:57:36.693 [pool-37-thread-5] ERROR DNAudit - user=null | ip=null | op=WRITE_CHUNK {blockData=conID: 2 locID: 102532399201845250 bcsId: 0} | ret=FAILURE
org.apache.hadoop.hdds.scm.container.common.helpers.StorageContainerException: ContainerID 2 creation failed
	at org.apache.hadoop.ozone.container.common.impl.HddsDispatcher.dispatchRequest(HddsDispatcher.java:227) ~[classes/:?]
	at org.apache.hadoop.ozone.container.common.impl.HddsDispatcher.dispatch(HddsDispatcher.java:148) ~[classes/:?]
	at org.apache.hadoop.ozone.container.common.transport.server.ratis.ContainerStateMachine.dispatchCommand(ContainerStateMachine.java:374) ~[classes/:?]
	at org.apache.hadoop.ozone.container.common.transport.server.ratis.ContainerStateMachine.runCommand(ContainerStateMachine.java:381) ~[classes/:?]
	at org.apache.hadoop.ozone.container.common.transport.server.ratis.ContainerStateMachine.lambda$handleWriteChunk$1(ContainerStateMachine.java:412) ~[classes/:?]
	at java.util.concurrent.CompletableFuture$AsyncSupply.run(CompletableFuture.java:1590) [?:1.8.0_212]
	at java.util.concurrent.ThreadPoolExecutor.runWorker(ThreadPoolExecutor.java:1149) [?:1.8.0_212]
	at java.util.concurrent.ThreadPoolExecutor$Worker.run(ThreadPoolExecutor.java:624) [?:1.8.0_212]
	at java.lang.Thread.run(Thread.java:748) [?:1.8.0_212]
20:57:36.686 [pool-70-thread-5] ERROR DNAudit - user=null | ip=null | op=WRITE_CHUNK {blockData=conID: 2 locID: 102532399201845250 bcsId: 0} | ret=FAILURE
org.apache.hadoop.hdds.scm.container.common.helpers.StorageContainerException: ContainerID 2 creation failed
	at org.apache.hadoop.ozone.container.common.impl.HddsDispatcher.dispatchRequest(HddsDispatcher.java:227) ~[classes/:?]
	at org.apache.hadoop.ozone.container.common.impl.HddsDispatcher.dispatch(HddsDispatcher.java:148) ~[classes/:?]
	at org.apache.hadoop.ozone.container.common.transport.server.ratis.ContainerStateMachine.dispatchCommand(ContainerStateMachine.java:374) ~[classes/:?]
	at org.apache.hadoop.ozone.container.common.transport.server.ratis.ContainerStateMachine.runCommand(ContainerStateMachine.java:381) ~[classes/:?]
	at org.apache.hadoop.ozone.container.common.transport.server.ratis.ContainerStateMachine.lambda$handleWriteChunk$1(ContainerStateMachine.java:412) ~[classes/:?]
	at java.util.concurrent.CompletableFuture$AsyncSupply.run(CompletableFuture.java:1590) [?:1.8.0_212]
	at java.util.concurrent.ThreadPoolExecutor.runWorker(ThreadPoolExecutor.java:1149) [?:1.8.0_212]
	at java.util.concurrent.ThreadPoolExecutor$Worker.run(ThreadPoolExecutor.java:624) [?:1.8.0_212]
	at java.lang.Thread.run(Thread.java:748) [?:1.8.0_212]
20:57:36.686 [pool-48-thread-13] ERROR DNAudit - user=null | ip=null | op=WRITE_CHUNK {blockData=conID: 2 locID: 102532399201845250 bcsId: 0} | ret=FAILURE
org.apache.hadoop.hdds.scm.container.common.helpers.StorageContainerException: ContainerID 2 creation failed
	at org.apache.hadoop.ozone.container.common.impl.HddsDispatcher.dispatchRequest(HddsDispatcher.java:227) ~[classes/:?]
	at org.apache.hadoop.ozone.container.common.impl.HddsDispatcher.dispatch(HddsDispatcher.java:148) ~[classes/:?]
	at org.apache.hadoop.ozone.container.common.transport.server.ratis.ContainerStateMachine.dispatchCommand(ContainerStateMachine.java:374) ~[classes/:?]
	at org.apache.hadoop.ozone.container.common.transport.server.ratis.ContainerStateMachine.runCommand(ContainerStateMachine.java:381) ~[classes/:?]
	at org.apache.hadoop.ozone.container.common.transport.server.ratis.ContainerStateMachine.lambda$handleWriteChunk$1(ContainerStateMachine.java:412) ~[classes/:?]
	at java.util.concurrent.CompletableFuture$AsyncSupply.run(CompletableFuture.java:1590) [?:1.8.0_212]
	at java.util.concurrent.ThreadPoolExecutor.runWorker(ThreadPoolExecutor.java:1149) [?:1.8.0_212]
	at java.util.concurrent.ThreadPoolExecutor$Worker.run(ThreadPoolExecutor.java:624) [?:1.8.0_212]
	at java.lang.Thread.run(Thread.java:748) [?:1.8.0_212]
20:57:36.692 [pool-48-thread-16] ERROR DNAudit - user=null | ip=null | op=WRITE_CHUNK {blockData=conID: 2 locID: 102532399201845250 bcsId: 0} | ret=FAILURE
org.apache.hadoop.hdds.scm.container.common.helpers.StorageContainerException: ContainerID 2 creation failed
	at org.apache.hadoop.ozone.container.common.impl.HddsDispatcher.dispatchRequest(HddsDispatcher.java:227) ~[classes/:?]
	at org.apache.hadoop.ozone.container.common.impl.HddsDispatcher.dispatch(HddsDispatcher.java:148) ~[classes/:?]
	at org.apache.hadoop.ozone.container.common.transport.server.ratis.ContainerStateMachine.dispatchCommand(ContainerStateMachine.java:374) ~[classes/:?]
	at org.apache.hadoop.ozone.container.common.transport.server.ratis.ContainerStateMachine.runCommand(ContainerStateMachine.java:381) ~[classes/:?]
	at org.apache.hadoop.ozone.container.common.transport.server.ratis.ContainerStateMachine.lambda$handleWriteChunk$1(ContainerStateMachine.java:412) ~[classes/:?]
	at java.util.concurrent.CompletableFuture$AsyncSupply.run(CompletableFuture.java:1590) [?:1.8.0_212]
	at java.util.concurrent.ThreadPoolExecutor.runWorker(ThreadPoolExecutor.java:1149) [?:1.8.0_212]
	at java.util.concurrent.ThreadPoolExecutor$Worker.run(ThreadPoolExecutor.java:624) [?:1.8.0_212]
	at java.lang.Thread.run(Thread.java:748) [?:1.8.0_212]
2019-07-30 20:57:36,699 INFO  keyvalue.KeyValueHandler (ContainerUtils.java:logAndReturnError(146)) - Operation: CreateContainer : Trace ID: d38ee230114a264c:c2d5e78e5cb2f05f:92f0b0c165188b5e:0 : Message: Container creation failed, due to disk out of space : Result: DISK_OUT_OF_SPACE
2019-07-30 20:57:36,699 INFO  keyvalue.KeyValueHandler (ContainerUtils.java:logAndReturnError(146)) - Operation: CreateContainer : Trace ID: d38ee230114a264c:c2d5e78e5cb2f05f:92f0b0c165188b5e:0 : Message: Container creation failed, due to disk out of space : Result: DISK_OUT_OF_SPACE
20:57:36.699 [pool-70-thread-6] ERROR DNAudit - user=null | ip=null | op=WRITE_CHUNK {blockData=conID: 2 locID: 102532399201845250 bcsId: 0} | ret=FAILURE
org.apache.hadoop.hdds.scm.container.common.helpers.StorageContainerException: ContainerID 2 creation failed
	at org.apache.hadoop.ozone.container.common.impl.HddsDispatcher.dispatchRequest(HddsDispatcher.java:227) ~[classes/:?]
	at org.apache.hadoop.ozone.container.common.impl.HddsDispatcher.dispatch(HddsDispatcher.java:148) ~[classes/:?]
	at org.apache.hadoop.ozone.container.common.transport.server.ratis.ContainerStateMachine.dispatchCommand(ContainerStateMachine.java:374) ~[classes/:?]
	at org.apache.hadoop.ozone.container.common.transport.server.ratis.ContainerStateMachine.runCommand(ContainerStateMachine.java:381) ~[classes/:?]
	at org.apache.hadoop.ozone.container.common.transport.server.ratis.ContainerStateMachine.lambda$handleWriteChunk$1(ContainerStateMachine.java:412) ~[classes/:?]
	at java.util.concurrent.CompletableFuture$AsyncSupply.run(CompletableFuture.java:1590) [?:1.8.0_212]
	at java.util.concurrent.ThreadPoolExecutor.runWorker(ThreadPoolExecutor.java:1149) [?:1.8.0_212]
	at java.util.concurrent.ThreadPoolExecutor$Worker.run(ThreadPoolExecutor.java:624) [?:1.8.0_212]
	at java.lang.Thread.run(Thread.java:748) [?:1.8.0_212]
20:57:36.699 [pool-37-thread-6] ERROR DNAudit - user=null | ip=null | op=WRITE_CHUNK {blockData=conID: 2 locID: 102532399201845250 bcsId: 0} | ret=FAILURE
org.apache.hadoop.hdds.scm.container.common.helpers.StorageContainerException: ContainerID 2 creation failed
	at org.apache.hadoop.ozone.container.common.impl.HddsDispatcher.dispatchRequest(HddsDispatcher.java:227) ~[classes/:?]
	at org.apache.hadoop.ozone.container.common.impl.HddsDispatcher.dispatch(HddsDispatcher.java:148) ~[classes/:?]
	at org.apache.hadoop.ozone.container.common.transport.server.ratis.ContainerStateMachine.dispatchCommand(ContainerStateMachine.java:374) ~[classes/:?]
	at org.apache.hadoop.ozone.container.common.transport.server.ratis.ContainerStateMachine.runCommand(ContainerStateMachine.java:381) ~[classes/:?]
	at org.apache.hadoop.ozone.container.common.transport.server.ratis.ContainerStateMachine.lambda$handleWriteChunk$1(ContainerStateMachine.java:412) ~[classes/:?]
	at java.util.concurrent.CompletableFuture$AsyncSupply.run(CompletableFuture.java:1590) [?:1.8.0_212]
	at java.util.concurrent.ThreadPoolExecutor.runWorker(ThreadPoolExecutor.java:1149) [?:1.8.0_212]
	at java.util.concurrent.ThreadPoolExecutor$Worker.run(ThreadPoolExecutor.java:624) [?:1.8.0_212]
	at java.lang.Thread.run(Thread.java:748) [?:1.8.0_212]
2019-07-30 20:57:36,702 INFO  impl.HddsDispatcher (ContainerUtils.java:logAndReturnError(146)) - Operation: WriteChunk : Trace ID: d38ee230114a264c:c2d5e78e5cb2f05f:92f0b0c165188b5e:0 : Message: ContainerID 2 creation failed : Result: DISK_OUT_OF_SPACE
2019-07-30 20:57:36,704 INFO  impl.HddsDispatcher (ContainerUtils.java:logAndReturnError(146)) - Operation: WriteChunk : Trace ID: d38ee230114a264c:5c1d3e7b475c6bf8:92f0b0c165188b5e:0 : Message: ContainerID 2 creation failed : Result: DISK_OUT_OF_SPACE
2019-07-30 20:57:36,704 INFO  impl.HddsDispatcher (ContainerUtils.java:logAndReturnError(146)) - Operation: WriteChunk : Trace ID: d38ee230114a264c:c2d5e78e5cb2f05f:92f0b0c165188b5e:0 : Message: ContainerID 2 creation failed : Result: DISK_OUT_OF_SPACE
2019-07-30 20:57:36,704 INFO  impl.HddsDispatcher (ContainerUtils.java:logAndReturnError(146)) - Operation: WriteChunk : Trace ID: d38ee230114a264c:5c1d3e7b475c6bf8:92f0b0c165188b5e:0 : Message: ContainerID 2 creation failed : Result: DISK_OUT_OF_SPACE
2019-07-30 20:57:36,702 INFO  impl.HddsDispatcher (ContainerUtils.java:logAndReturnError(146)) - Operation: WriteChunk : Trace ID: d38ee230114a264c:c2d5e78e5cb2f05f:92f0b0c165188b5e:0 : Message: ContainerID 2 creation failed : Result: DISK_OUT_OF_SPACE
2019-07-30 20:57:36,702 INFO  impl.HddsDispatcher (ContainerUtils.java:logAndReturnError(146)) - Operation: WriteChunk : Trace ID: d38ee230114a264c:5c1d3e7b475c6bf8:92f0b0c165188b5e:0 : Message: ContainerID 2 creation failed : Result: DISK_OUT_OF_SPACE
20:57:36.720 [RatisApplyTransactionExecutor 2] ERROR DNAudit - user=null | ip=null | op=WRITE_CHUNK {blockData=conID: 2 locID: 102532399201845250 bcsId: 0} | ret=FAILURE
org.apache.hadoop.hdds.scm.container.common.helpers.StorageContainerException: ContainerID 2 does not exist
	at org.apache.hadoop.ozone.container.common.impl.HddsDispatcher.dispatchRequest(HddsDispatcher.java:242) ~[classes/:?]
	at org.apache.hadoop.ozone.container.common.impl.HddsDispatcher.dispatch(HddsDispatcher.java:148) ~[classes/:?]
	at org.apache.hadoop.ozone.container.common.transport.server.ratis.ContainerStateMachine.dispatchCommand(ContainerStateMachine.java:374) ~[classes/:?]
	at org.apache.hadoop.ozone.container.common.transport.server.ratis.ContainerStateMachine.runCommand(ContainerStateMachine.java:381) ~[classes/:?]
	at org.apache.hadoop.ozone.container.common.transport.server.ratis.ContainerStateMachine.lambda$applyTransaction$6(ContainerStateMachine.java:647) ~[classes/:?]
	at java.util.concurrent.CompletableFuture$AsyncSupply.run(CompletableFuture.java:1590) [?:1.8.0_212]
	at java.util.concurrent.ThreadPoolExecutor.runWorker(ThreadPoolExecutor.java:1149) [?:1.8.0_212]
	at java.util.concurrent.ThreadPoolExecutor$Worker.run(ThreadPoolExecutor.java:624) [?:1.8.0_212]
	at java.lang.Thread.run(Thread.java:748) [?:1.8.0_212]
2019-07-30 20:57:36,721 INFO  impl.HddsDispatcher (ContainerUtils.java:logAndReturnError(146)) - Operation: WriteChunk : Trace ID: d38ee230114a264c:5c1d3e7b475c6bf8:92f0b0c165188b5e:0 : Message: ContainerID 2 does not exist : Result: CONTAINER_NOT_FOUND
20:57:36.722 [RatisApplyTransactionExecutor 2] ERROR DNAudit - user=null | ip=null | op=PUT_BLOCK {blockData=[blockId=conID: 2 locID: 102532399201845250 bcsId: 0,size=1048576]} | ret=FAILURE
org.apache.hadoop.hdds.scm.container.common.helpers.StorageContainerException: ContainerID 2 does not exist
	at org.apache.hadoop.ozone.container.common.impl.HddsDispatcher.dispatchRequest(HddsDispatcher.java:242) ~[classes/:?]
	at org.apache.hadoop.ozone.container.common.impl.HddsDispatcher.dispatch(HddsDispatcher.java:148) ~[classes/:?]
	at org.apache.hadoop.ozone.container.common.transport.server.ratis.ContainerStateMachine.dispatchCommand(ContainerStateMachine.java:374) ~[classes/:?]
	at org.apache.hadoop.ozone.container.common.transport.server.ratis.ContainerStateMachine.runCommand(ContainerStateMachine.java:381) ~[classes/:?]
	at org.apache.hadoop.ozone.container.common.transport.server.ratis.ContainerStateMachine.lambda$applyTransaction$6(ContainerStateMachine.java:647) ~[classes/:?]
	at java.util.concurrent.CompletableFuture$AsyncSupply.run(CompletableFuture.java:1590) [?:1.8.0_212]
	at java.util.concurrent.ThreadPoolExecutor.runWorker(ThreadPoolExecutor.java:1149) [?:1.8.0_212]
	at java.util.concurrent.ThreadPoolExecutor$Worker.run(ThreadPoolExecutor.java:624) [?:1.8.0_212]
	at java.lang.Thread.run(Thread.java:748) [?:1.8.0_212]
2019-07-30 20:57:36,722 INFO  impl.HddsDispatcher (ContainerUtils.java:logAndReturnError(146)) - Operation: PutBlock : Trace ID: d38ee230114a264c:79d7279a7bb4ea5e:92f0b0c165188b5e:0 : Message: ContainerID 2 does not exist : Result: CONTAINER_NOT_FOUND
2019-07-30 20:57:36,723 INFO  client.GrpcClientProtocolClient (GrpcClientProtocolClient.java:onNext(255)) - client-C95C042DC461->b886fbb7-990e-4a24-a2cf-3fb3cd8b1c79: receive RaftClientReply:client-C95C042DC461->b886fbb7-990e-4a24-a2cf-3fb3cd8b1c79@group-79705B3AEBD9, cid=18, SUCCESS, logIndex=17, commits[b886fbb7-990e-4a24-a2cf-3fb3cd8b1c79:c20, 8d326b13-47f6-487d-88ff-0b7d36d1dd11:c16, 88b457c9-a839-4d83-9bd8-4c2a9c6ac969:c16]
20:57:36.723 [RatisApplyTransactionExecutor 2] ERROR DNAudit - user=null | ip=null | op=WRITE_CHUNK {blockData=conID: 2 locID: 102532399201845250 bcsId: 0} | ret=FAILURE
org.apache.hadoop.hdds.scm.container.common.helpers.StorageContainerException: ContainerID 2 does not exist
	at org.apache.hadoop.ozone.container.common.impl.HddsDispatcher.dispatchRequest(HddsDispatcher.java:242) ~[classes/:?]
	at org.apache.hadoop.ozone.container.common.impl.HddsDispatcher.dispatch(HddsDispatcher.java:148) ~[classes/:?]
	at org.apache.hadoop.ozone.container.common.transport.server.ratis.ContainerStateMachine.dispatchCommand(ContainerStateMachine.java:374) ~[classes/:?]
	at org.apache.hadoop.ozone.container.common.transport.server.ratis.ContainerStateMachine.runCommand(ContainerStateMachine.java:381) ~[classes/:?]
	at org.apache.hadoop.ozone.container.common.transport.server.ratis.ContainerStateMachine.lambda$applyTransaction$6(ContainerStateMachine.java:647) ~[classes/:?]
	at java.util.concurrent.CompletableFuture$AsyncSupply.run(CompletableFuture.java:1590) [?:1.8.0_212]
	at java.util.concurrent.ThreadPoolExecutor.runWorker(ThreadPoolExecutor.java:1149) [?:1.8.0_212]
	at java.util.concurrent.ThreadPoolExecutor$Worker.run(ThreadPoolExecutor.java:624) [?:1.8.0_212]
	at java.lang.Thread.run(Thread.java:748) [?:1.8.0_212]
2019-07-30 20:57:36,723 INFO  impl.HddsDispatcher (ContainerUtils.java:logAndReturnError(146)) - Operation: WriteChunk : Trace ID: d38ee230114a264c:c2d5e78e5cb2f05f:92f0b0c165188b5e:0 : Message: ContainerID 2 does not exist : Result: CONTAINER_NOT_FOUND
2019-07-30 20:57:36,724 INFO  client.GrpcClientProtocolClient (GrpcClientProtocolClient.java:onNext(255)) - client-C95C042DC461->b886fbb7-990e-4a24-a2cf-3fb3cd8b1c79: receive RaftClientReply:client-C95C042DC461->b886fbb7-990e-4a24-a2cf-3fb3cd8b1c79@group-79705B3AEBD9, cid=19, SUCCESS, logIndex=18, commits[b886fbb7-990e-4a24-a2cf-3fb3cd8b1c79:c20, 8d326b13-47f6-487d-88ff-0b7d36d1dd11:c16, 88b457c9-a839-4d83-9bd8-4c2a9c6ac969:c16]
20:57:36.723 [RatisApplyTransactionExecutor 2] ERROR DNAudit - user=null | ip=null | op=PUT_BLOCK {blockData=[blockId=conID: 2 locID: 102532399201845250 bcsId: 0,size=2097152]} | ret=FAILURE
org.apache.hadoop.hdds.scm.container.common.helpers.StorageContainerException: ContainerID 2 does not exist
	at org.apache.hadoop.ozone.container.common.impl.HddsDispatcher.dispatchRequest(HddsDispatcher.java:242) ~[classes/:?]
	at org.apache.hadoop.ozone.container.common.impl.HddsDispatcher.dispatch(HddsDispatcher.java:148) ~[classes/:?]
	at org.apache.hadoop.ozone.container.common.transport.server.ratis.ContainerStateMachine.dispatchCommand(ContainerStateMachine.java:374) ~[classes/:?]
	at org.apache.hadoop.ozone.container.common.transport.server.ratis.ContainerStateMachine.runCommand(ContainerStateMachine.java:381) ~[classes/:?]
	at org.apache.hadoop.ozone.container.common.transport.server.ratis.ContainerStateMachine.lambda$applyTransaction$6(ContainerStateMachine.java:647) ~[classes/:?]
	at java.util.concurrent.CompletableFuture$AsyncSupply.run(CompletableFuture.java:1590) [?:1.8.0_212]
	at java.util.concurrent.ThreadPoolExecutor.runWorker(ThreadPoolExecutor.java:1149) [?:1.8.0_212]
	at java.util.concurrent.ThreadPoolExecutor$Worker.run(ThreadPoolExecutor.java:624) [?:1.8.0_212]
	at java.lang.Thread.run(Thread.java:748) [?:1.8.0_212]
2019-07-30 20:57:36,724 INFO  impl.HddsDispatcher (ContainerUtils.java:logAndReturnError(146)) - Operation: PutBlock : Trace ID: d38ee230114a264c:4a80c3a9aa2b4d2e:92f0b0c165188b5e:0 : Message: ContainerID 2 does not exist : Result: CONTAINER_NOT_FOUND
2019-07-30 20:57:36,724 INFO  client.GrpcClientProtocolClient (GrpcClientProtocolClient.java:onNext(255)) - client-C95C042DC461->b886fbb7-990e-4a24-a2cf-3fb3cd8b1c79: receive RaftClientReply:client-C95C042DC461->b886fbb7-990e-4a24-a2cf-3fb3cd8b1c79@group-79705B3AEBD9, cid=20, SUCCESS, logIndex=19, commits[b886fbb7-990e-4a24-a2cf-3fb3cd8b1c79:c20, 8d326b13-47f6-487d-88ff-0b7d36d1dd11:c16, 88b457c9-a839-4d83-9bd8-4c2a9c6ac969:c16]
20:57:36.726 [RatisApplyTransactionExecutor 2] ERROR DNAudit - user=null | ip=null | op=WRITE_CHUNK {blockData=conID: 2 locID: 102532399201845250 bcsId: 0} | ret=FAILURE
org.apache.hadoop.hdds.scm.container.common.helpers.StorageContainerException: ContainerID 2 does not exist
	at org.apache.hadoop.ozone.container.common.impl.HddsDispatcher.dispatchRequest(HddsDispatcher.java:242) ~[classes/:?]
	at org.apache.hadoop.ozone.container.common.impl.HddsDispatcher.dispatch(HddsDispatcher.java:148) ~[classes/:?]
	at org.apache.hadoop.ozone.container.common.transport.server.ratis.ContainerStateMachine.dispatchCommand(ContainerStateMachine.java:374) ~[classes/:?]
	at org.apache.hadoop.ozone.container.common.transport.server.ratis.ContainerStateMachine.runCommand(ContainerStateMachine.java:381) ~[classes/:?]
	at org.apache.hadoop.ozone.container.common.transport.server.ratis.ContainerStateMachine.lambda$applyTransaction$6(ContainerStateMachine.java:647) ~[classes/:?]
	at java.util.concurrent.CompletableFuture$AsyncSupply.run(CompletableFuture.java:1590) [?:1.8.0_212]
	at java.util.concurrent.ThreadPoolExecutor.runWorker(ThreadPoolExecutor.java:1149) [?:1.8.0_212]
	at java.util.concurrent.ThreadPoolExecutor$Worker.run(ThreadPoolExecutor.java:624) [?:1.8.0_212]
	at java.lang.Thread.run(Thread.java:748) [?:1.8.0_212]
2019-07-30 20:57:36,725 ERROR storage.BlockOutputStream (BlockOutputStream.java:validateResponse(531)) - Unexpected Storage Container Exception: 
org.apache.hadoop.hdds.scm.container.common.helpers.StorageContainerException: ContainerID 2 does not exist
	at org.apache.hadoop.hdds.scm.storage.ContainerProtocolCalls.validateContainerResponse(ContainerProtocolCalls.java:536)
	at org.apache.hadoop.hdds.scm.storage.BlockOutputStream.validateResponse(BlockOutputStream.java:529)
	at org.apache.hadoop.hdds.scm.storage.BlockOutputStream.lambda$writeChunkToContainer$2(BlockOutputStream.java:606)
	at java.util.concurrent.CompletableFuture.uniApply(CompletableFuture.java:602)
	at java.util.concurrent.CompletableFuture$UniApply.tryFire(CompletableFuture.java:577)
	at java.util.concurrent.CompletableFuture$Completion.run(CompletableFuture.java:442)
	at java.util.concurrent.ThreadPoolExecutor.runWorker(ThreadPoolExecutor.java:1149)
	at java.util.concurrent.ThreadPoolExecutor$Worker.run(ThreadPoolExecutor.java:624)
	at java.lang.Thread.run(Thread.java:748)
2019-07-30 20:57:36,726 INFO  impl.HddsDispatcher (ContainerUtils.java:logAndReturnError(146)) - Operation: WriteChunk : Trace ID: d38ee230114a264c:5c1d3e7b475c6bf8:92f0b0c165188b5e:0 : Message: ContainerID 2 does not exist : Result: CONTAINER_NOT_FOUND
20:57:36.726 [RatisApplyTransactionExecutor 2] ERROR DNAudit - user=null | ip=null | op=WRITE_CHUNK {blockData=conID: 2 locID: 102532399201845250 bcsId: 0} | ret=FAILURE
org.apache.hadoop.hdds.scm.container.common.helpers.StorageContainerException: ContainerID 2 does not exist
	at org.apache.hadoop.ozone.container.common.impl.HddsDispatcher.dispatchRequest(HddsDispatcher.java:242) ~[classes/:?]
	at org.apache.hadoop.ozone.container.common.impl.HddsDispatcher.dispatch(HddsDispatcher.java:148) ~[classes/:?]
	at org.apache.hadoop.ozone.container.common.transport.server.ratis.ContainerStateMachine.dispatchCommand(ContainerStateMachine.java:374) ~[classes/:?]
	at org.apache.hadoop.ozone.container.common.transport.server.ratis.ContainerStateMachine.runCommand(ContainerStateMachine.java:381) ~[classes/:?]
	at org.apache.hadoop.ozone.container.common.transport.server.ratis.ContainerStateMachine.lambda$applyTransaction$6(ContainerStateMachine.java:647) ~[classes/:?]
	at java.util.concurrent.CompletableFuture$AsyncSupply.run(CompletableFuture.java:1590) [?:1.8.0_212]
	at java.util.concurrent.ThreadPoolExecutor.runWorker(ThreadPoolExecutor.java:1149) [?:1.8.0_212]
	at java.util.concurrent.ThreadPoolExecutor$Worker.run(ThreadPoolExecutor.java:624) [?:1.8.0_212]
	at java.lang.Thread.run(Thread.java:748) [?:1.8.0_212]
2019-07-30 20:57:36,725 INFO  client.GrpcClientProtocolClient (GrpcClientProtocolClient.java:onNext(255)) - client-C95C042DC461->b886fbb7-990e-4a24-a2cf-3fb3cd8b1c79: receive RaftClientReply:client-C95C042DC461->b886fbb7-990e-4a24-a2cf-3fb3cd8b1c79@group-79705B3AEBD9, cid=21, SUCCESS, logIndex=20, commits[b886fbb7-990e-4a24-a2cf-3fb3cd8b1c79:c20, 8d326b13-47f6-487d-88ff-0b7d36d1dd11:c16, 88b457c9-a839-4d83-9bd8-4c2a9c6ac969:c16]
2019-07-30 20:57:36,727 INFO  impl.HddsDispatcher (ContainerUtils.java:logAndReturnError(146)) - Operation: WriteChunk : Trace ID: d38ee230114a264c:5c1d3e7b475c6bf8:92f0b0c165188b5e:0 : Message: ContainerID 2 does not exist : Result: CONTAINER_NOT_FOUND
20:57:36.729 [RatisApplyTransactionExecutor 2] ERROR DNAudit - user=null | ip=null | op=PUT_BLOCK {blockData=[blockId=conID: 2 locID: 102532399201845250 bcsId: 0,size=1048576]} | ret=FAILURE
org.apache.hadoop.hdds.scm.container.common.helpers.StorageContainerException: ContainerID 2 does not exist
	at org.apache.hadoop.ozone.container.common.impl.HddsDispatcher.dispatchRequest(HddsDispatcher.java:242) ~[classes/:?]
	at org.apache.hadoop.ozone.container.common.impl.HddsDispatcher.dispatch(HddsDispatcher.java:148) ~[classes/:?]
	at org.apache.hadoop.ozone.container.common.transport.server.ratis.ContainerStateMachine.dispatchCommand(ContainerStateMachine.java:374) ~[classes/:?]
	at org.apache.hadoop.ozone.container.common.transport.server.ratis.ContainerStateMachine.runCommand(ContainerStateMachine.java:381) ~[classes/:?]
	at org.apache.hadoop.ozone.container.common.transport.server.ratis.ContainerStateMachine.lambda$applyTransaction$6(ContainerStateMachine.java:647) ~[classes/:?]
	at java.util.concurrent.CompletableFuture$AsyncSupply.run(CompletableFuture.java:1590) [?:1.8.0_212]
	at java.util.concurrent.ThreadPoolExecutor.runWorker(ThreadPoolExecutor.java:1149) [?:1.8.0_212]
	at java.util.concurrent.ThreadPoolExecutor$Worker.run(ThreadPoolExecutor.java:624) [?:1.8.0_212]
	at java.lang.Thread.run(Thread.java:748) [?:1.8.0_212]
20:57:36.729 [RatisApplyTransactionExecutor 2] ERROR DNAudit - user=null | ip=null | op=PUT_BLOCK {blockData=[blockId=conID: 2 locID: 102532399201845250 bcsId: 0,size=1048576]} | ret=FAILURE
org.apache.hadoop.hdds.scm.container.common.helpers.StorageContainerException: ContainerID 2 does not exist
	at org.apache.hadoop.ozone.container.common.impl.HddsDispatcher.dispatchRequest(HddsDispatcher.java:242) ~[classes/:?]
	at org.apache.hadoop.ozone.container.common.impl.HddsDispatcher.dispatch(HddsDispatcher.java:148) ~[classes/:?]
	at org.apache.hadoop.ozone.container.common.transport.server.ratis.ContainerStateMachine.dispatchCommand(ContainerStateMachine.java:374) ~[classes/:?]
	at org.apache.hadoop.ozone.container.common.transport.server.ratis.ContainerStateMachine.runCommand(ContainerStateMachine.java:381) ~[classes/:?]
	at org.apache.hadoop.ozone.container.common.transport.server.ratis.ContainerStateMachine.lambda$applyTransaction$6(ContainerStateMachine.java:647) ~[classes/:?]
	at java.util.concurrent.CompletableFuture$AsyncSupply.run(CompletableFuture.java:1590) [?:1.8.0_212]
	at java.util.concurrent.ThreadPoolExecutor.runWorker(ThreadPoolExecutor.java:1149) [?:1.8.0_212]
	at java.util.concurrent.ThreadPoolExecutor$Worker.run(ThreadPoolExecutor.java:624) [?:1.8.0_212]
	at java.lang.Thread.run(Thread.java:748) [?:1.8.0_212]
2019-07-30 20:57:36,731 ERROR freon.RandomKeyGenerator (RandomKeyGenerator.java:createKey(730)) - Exception while adding key: key-0-06152 in bucket: bucket-0-08039 of volume: vol-0-42724.
java.io.IOException: Unexpected Storage Container Exception: org.apache.hadoop.hdds.scm.container.common.helpers.StorageContainerException: ContainerID 2 does not exist
	at org.apache.hadoop.hdds.scm.storage.BlockOutputStream.setIoException(BlockOutputStream.java:541)
	at org.apache.hadoop.hdds.scm.storage.BlockOutputStream.validateResponse(BlockOutputStream.java:532)
	at org.apache.hadoop.hdds.scm.storage.BlockOutputStream.lambda$writeChunkToContainer$2(BlockOutputStream.java:606)
	at java.util.concurrent.CompletableFuture.uniApply(CompletableFuture.java:602)
	at java.util.concurrent.CompletableFuture$UniApply.tryFire(CompletableFuture.java:577)
	at java.util.concurrent.CompletableFuture$Completion.run(CompletableFuture.java:442)
	at java.util.concurrent.ThreadPoolExecutor.runWorker(ThreadPoolExecutor.java:1149)
	at java.util.concurrent.ThreadPoolExecutor$Worker.run(ThreadPoolExecutor.java:624)
	at java.lang.Thread.run(Thread.java:748)
Caused by: org.apache.hadoop.hdds.scm.container.common.helpers.StorageContainerException: ContainerID 2 does not exist
	at org.apache.hadoop.hdds.scm.storage.ContainerProtocolCalls.validateContainerResponse(ContainerProtocolCalls.java:536)
	at org.apache.hadoop.hdds.scm.storage.BlockOutputStream.validateResponse(BlockOutputStream.java:529)
	... 7 more
2019-07-30 20:57:36,732 INFO  impl.HddsDispatcher (ContainerUtils.java:logAndReturnError(146)) - Operation: PutBlock : Trace ID: d38ee230114a264c:79d7279a7bb4ea5e:92f0b0c165188b5e:0 : Message: ContainerID 2 does not exist : Result: CONTAINER_NOT_FOUND
2019-07-30 20:57:36,731 INFO  impl.HddsDispatcher (ContainerUtils.java:logAndReturnError(146)) - Operation: PutBlock : Trace ID: d38ee230114a264c:79d7279a7bb4ea5e:92f0b0c165188b5e:0 : Message: ContainerID 2 does not exist : Result: CONTAINER_NOT_FOUND
20:57:36.733 [RatisApplyTransactionExecutor 2] ERROR DNAudit - user=null | ip=null | op=WRITE_CHUNK {blockData=conID: 2 locID: 102532399201845250 bcsId: 0} | ret=FAILURE
org.apache.hadoop.hdds.scm.container.common.helpers.StorageContainerException: ContainerID 2 does not exist
	at org.apache.hadoop.ozone.container.common.impl.HddsDispatcher.dispatchRequest(HddsDispatcher.java:242) ~[classes/:?]
	at org.apache.hadoop.ozone.container.common.impl.HddsDispatcher.dispatch(HddsDispatcher.java:148) ~[classes/:?]
	at org.apache.hadoop.ozone.container.common.transport.server.ratis.ContainerStateMachine.dispatchCommand(ContainerStateMachine.java:374) ~[classes/:?]
	at org.apache.hadoop.ozone.container.common.transport.server.ratis.ContainerStateMachine.runCommand(ContainerStateMachine.java:381) ~[classes/:?]
	at org.apache.hadoop.ozone.container.common.transport.server.ratis.ContainerStateMachine.lambda$applyTransaction$6(ContainerStateMachine.java:647) ~[classes/:?]
	at java.util.concurrent.CompletableFuture$AsyncSupply.run(CompletableFuture.java:1590) [?:1.8.0_212]
	at java.util.concurrent.ThreadPoolExecutor.runWorker(ThreadPoolExecutor.java:1149) [?:1.8.0_212]
	at java.util.concurrent.ThreadPoolExecutor$Worker.run(ThreadPoolExecutor.java:624) [?:1.8.0_212]
	at java.lang.Thread.run(Thread.java:748) [?:1.8.0_212]
20:57:36.733 [RatisApplyTransactionExecutor 2] ERROR DNAudit - user=null | ip=null | op=WRITE_CHUNK {blockData=conID: 2 locID: 102532399201845250 bcsId: 0} | ret=FAILURE
org.apache.hadoop.hdds.scm.container.common.helpers.StorageContainerException: ContainerID 2 does not exist
	at org.apache.hadoop.ozone.container.common.impl.HddsDispatcher.dispatchRequest(HddsDispatcher.java:242) ~[classes/:?]
	at org.apache.hadoop.ozone.container.common.impl.HddsDispatcher.dispatch(HddsDispatcher.java:148) ~[classes/:?]
	at org.apache.hadoop.ozone.container.common.transport.server.ratis.ContainerStateMachine.dispatchCommand(ContainerStateMachine.java:374) ~[classes/:?]
	at org.apache.hadoop.ozone.container.common.transport.server.ratis.ContainerStateMachine.runCommand(ContainerStateMachine.java:381) ~[classes/:?]
	at org.apache.hadoop.ozone.container.common.transport.server.ratis.ContainerStateMachine.lambda$applyTransaction$6(ContainerStateMachine.java:647) ~[classes/:?]
	at java.util.concurrent.CompletableFuture$AsyncSupply.run(CompletableFuture.java:1590) [?:1.8.0_212]
	at java.util.concurrent.ThreadPoolExecutor.runWorker(ThreadPoolExecutor.java:1149) [?:1.8.0_212]
	at java.util.concurrent.ThreadPoolExecutor$Worker.run(ThreadPoolExecutor.java:624) [?:1.8.0_212]
	at java.lang.Thread.run(Thread.java:748) [?:1.8.0_212]
2019-07-30 20:57:36,734 INFO  impl.HddsDispatcher (ContainerUtils.java:logAndReturnError(146)) - Operation: WriteChunk : Trace ID: d38ee230114a264c:c2d5e78e5cb2f05f:92f0b0c165188b5e:0 : Message: ContainerID 2 does not exist : Result: CONTAINER_NOT_FOUND
2019-07-30 20:57:36,734 INFO  impl.HddsDispatcher (ContainerUtils.java:logAndReturnError(146)) - Operation: WriteChunk : Trace ID: d38ee230114a264c:c2d5e78e5cb2f05f:92f0b0c165188b5e:0 : Message: ContainerID 2 does not exist : Result: CONTAINER_NOT_FOUND
20:57:36.734 [RatisApplyTransactionExecutor 2] ERROR DNAudit - user=null | ip=null | op=PUT_BLOCK {blockData=[blockId=conID: 2 locID: 102532399201845250 bcsId: 0,size=2097152]} | ret=FAILURE
org.apache.hadoop.hdds.scm.container.common.helpers.StorageContainerException: ContainerID 2 does not exist
	at org.apache.hadoop.ozone.container.common.impl.HddsDispatcher.dispatchRequest(HddsDispatcher.java:242) ~[classes/:?]
	at org.apache.hadoop.ozone.container.common.impl.HddsDispatcher.dispatch(HddsDispatcher.java:148) ~[classes/:?]
	at org.apache.hadoop.ozone.container.common.transport.server.ratis.ContainerStateMachine.dispatchCommand(ContainerStateMachine.java:374) ~[classes/:?]
	at org.apache.hadoop.ozone.container.common.transport.server.ratis.ContainerStateMachine.runCommand(ContainerStateMachine.java:381) ~[classes/:?]
	at org.apache.hadoop.ozone.container.common.transport.server.ratis.ContainerStateMachine.lambda$applyTransaction$6(ContainerStateMachine.java:647) ~[classes/:?]
	at java.util.concurrent.CompletableFuture$AsyncSupply.run(CompletableFuture.java:1590) [?:1.8.0_212]
	at java.util.concurrent.ThreadPoolExecutor.runWorker(ThreadPoolExecutor.java:1149) [?:1.8.0_212]
	at java.util.concurrent.ThreadPoolExecutor$Worker.run(ThreadPoolExecutor.java:624) [?:1.8.0_212]
	at java.lang.Thread.run(Thread.java:748) [?:1.8.0_212]
2019-07-30 20:57:36,735 INFO  impl.HddsDispatcher (ContainerUtils.java:logAndReturnError(146)) - Operation: PutBlock : Trace ID: d38ee230114a264c:4a80c3a9aa2b4d2e:92f0b0c165188b5e:0 : Message: ContainerID 2 does not exist : Result: CONTAINER_NOT_FOUND
20:57:36.735 [RatisApplyTransactionExecutor 2] ERROR DNAudit - user=null | ip=null | op=PUT_BLOCK {blockData=[blockId=conID: 2 locID: 102532399201845250 bcsId: 0,size=2097152]} | ret=FAILURE
org.apache.hadoop.hdds.scm.container.common.helpers.StorageContainerException: ContainerID 2 does not exist
	at org.apache.hadoop.ozone.container.common.impl.HddsDispatcher.dispatchRequest(HddsDispatcher.java:242) ~[classes/:?]
	at org.apache.hadoop.ozone.container.common.impl.HddsDispatcher.dispatch(HddsDispatcher.java:148) ~[classes/:?]
	at org.apache.hadoop.ozone.container.common.transport.server.ratis.ContainerStateMachine.dispatchCommand(ContainerStateMachine.java:374) ~[classes/:?]
	at org.apache.hadoop.ozone.container.common.transport.server.ratis.ContainerStateMachine.runCommand(ContainerStateMachine.java:381) ~[classes/:?]
	at org.apache.hadoop.ozone.container.common.transport.server.ratis.ContainerStateMachine.lambda$applyTransaction$6(ContainerStateMachine.java:647) ~[classes/:?]
	at java.util.concurrent.CompletableFuture$AsyncSupply.run(CompletableFuture.java:1590) [?:1.8.0_212]
	at java.util.concurrent.ThreadPoolExecutor.runWorker(ThreadPoolExecutor.java:1149) [?:1.8.0_212]
	at java.util.concurrent.ThreadPoolExecutor$Worker.run(ThreadPoolExecutor.java:624) [?:1.8.0_212]
	at java.lang.Thread.run(Thread.java:748) [?:1.8.0_212]
2019-07-30 20:57:36,735 INFO  impl.HddsDispatcher (ContainerUtils.java:logAndReturnError(146)) - Operation: PutBlock : Trace ID: d38ee230114a264c:4a80c3a9aa2b4d2e:92f0b0c165188b5e:0 : Message: ContainerID 2 does not exist : Result: CONTAINER_NOT_FOUND
 0.00% |█                                                                                                    |  0/1 Time: 0:00:06 0.00% |█                                                                                                    |  0/1 Time: 0:00:07 0.00% |█                                                                                                    |  0/1 Time: 0:00:08 0.00% |█                                                                                                    |  0/1 Time: 0:00:09 100.00% |█████████████████████████████████████████████████████████████████████████████████████████████████████|  1/1 Time: 0:00:10
]]></system-out>
    <system-err><![CDATA[ERROR StatusLogger No Log4j 2 configuration file found. Using default configuration (logging only errors to the console), or user programmatically provided configurations. Set system property 'log4j2.debug' to show Log4j 2 internal initialization logging. See https://logging.apache.org/log4j/2.x/manual/configuration.html for instructions on how to configure Log4j 2
Jul 30, 2019 8:57:23 PM com.sun.jersey.server.impl.application.WebApplicationImpl _initiate
INFO: Initiating Jersey application, version 'Jersey: 1.19 02/11/2015 03:25 AM'
Jul 30, 2019 8:57:24 PM com.sun.jersey.server.impl.application.WebApplicationImpl _initiate
INFO: Initiating Jersey application, version 'Jersey: 1.19 02/11/2015 03:25 AM'
Jul 30, 2019 8:57:25 PM com.sun.jersey.server.impl.application.WebApplicationImpl _initiate
INFO: Initiating Jersey application, version 'Jersey: 1.19 02/11/2015 03:25 AM'
Jul 30, 2019 8:57:25 PM com.sun.jersey.server.impl.application.WebApplicationImpl _initiate
INFO: Initiating Jersey application, version 'Jersey: 1.19 02/11/2015 03:25 AM'
Jul 30, 2019 8:57:25 PM com.sun.jersey.server.impl.application.WebApplicationImpl _initiate
INFO: Initiating Jersey application, version 'Jersey: 1.19 02/11/2015 03:25 AM'
]]></system-err>
  </testcase>
  <testcase name="standaloneTestLargeKey" classname="org.apache.hadoop.ozone.freon.TestDataValidateWithSafeByteOperations" time="10.142">
    <error message="Unexpected Storage Container Exception: org.apache.hadoop.hdds.scm.container.common.helpers.StorageContainerException: ContainerID 3 does not exist" type="java.io.IOException">java.io.IOException: Unexpected Storage Container Exception: org.apache.hadoop.hdds.scm.container.common.helpers.StorageContainerException: ContainerID 3 does not exist
	at org.apache.hadoop.hdds.scm.storage.BlockOutputStream.setIoException(BlockOutputStream.java:541)
	at org.apache.hadoop.hdds.scm.storage.BlockOutputStream.validateResponse(BlockOutputStream.java:532)
	at org.apache.hadoop.hdds.scm.storage.BlockOutputStream.lambda$writeChunkToContainer$2(BlockOutputStream.java:606)
	at java.util.concurrent.CompletableFuture.uniApply(CompletableFuture.java:602)
	at java.util.concurrent.CompletableFuture$UniApply.tryFire(CompletableFuture.java:577)
	at java.util.concurrent.CompletableFuture$Completion.run(CompletableFuture.java:442)
	at java.util.concurrent.ThreadPoolExecutor.runWorker(ThreadPoolExecutor.java:1149)
	at java.util.concurrent.ThreadPoolExecutor$Worker.run(ThreadPoolExecutor.java:624)
	at java.lang.Thread.run(Thread.java:748)
Caused by: org.apache.hadoop.hdds.scm.container.common.helpers.StorageContainerException: ContainerID 3 does not exist
	at org.apache.hadoop.hdds.scm.storage.ContainerProtocolCalls.validateContainerResponse(ContainerProtocolCalls.java:536)
	at org.apache.hadoop.hdds.scm.storage.BlockOutputStream.validateResponse(BlockOutputStream.java:529)
	... 7 more
</error>
    <system-out><![CDATA[2019-07-30 20:57:46,449 INFO  freon.RandomKeyGenerator (RandomKeyGenerator.java:call(278)) - Number of Threads: 10
2019-07-30 20:57:46,452 INFO  freon.RandomKeyGenerator (RandomKeyGenerator.java:call(283)) - Number of Volumes: 1.
2019-07-30 20:57:46,452 INFO  freon.RandomKeyGenerator (RandomKeyGenerator.java:call(284)) - Number of Buckets per Volume: 1.
2019-07-30 20:57:46,452 INFO  freon.RandomKeyGenerator (RandomKeyGenerator.java:call(285)) - Number of Keys per Bucket: 1.
2019-07-30 20:57:46,452 INFO  freon.RandomKeyGenerator (RandomKeyGenerator.java:call(286)) - Key size: 20971520 bytes
2019-07-30 20:57:46,452 INFO  freon.RandomKeyGenerator (RandomKeyGenerator.java:call(287)) - Buffer size: 4096 bytes
2019-07-30 20:57:46,454 INFO  rpc.RpcClient (RpcClient.java:createVolume(288)) - Creating Volume: vol-0-22838, with jenkins1000 as owner.
2019-07-30 20:57:46,454 INFO  freon.RandomKeyGenerator (RandomKeyGenerator.java:call(301)) - Data validation is enabled.
2019-07-30 20:57:46,454 INFO  freon.RandomKeyGenerator (RandomKeyGenerator.java:call(307)) - Starting progress bar Thread.

 0.00% |█                                                                                                    |  0/1 Time: 0:00:002019-07-30 20:57:46,473 INFO  rpc.RpcClient (RpcClient.java:createBucket(425)) - Creating Bucket: vol-0-22838/bucket-0-55201, with Versioning false and Storage Type set to DISK and Encryption set to false 
2019-07-30 20:57:46,529 INFO  keyvalue.KeyValueHandler (ContainerUtils.java:logAndReturnError(146)) - Operation: CreateContainer : Trace ID: fd952ffa09f06ed6:8ddf636fdec1e960:7448759c8038755e:0 : Message: Container creation failed, due to disk out of space : Result: DISK_OUT_OF_SPACE
20:57:46.530 [pool-48-thread-19] ERROR DNAudit - user=null | ip=null | op=WRITE_CHUNK {blockData=conID: 3 locID: 102532400184950791 bcsId: 0} | ret=FAILURE
org.apache.hadoop.hdds.scm.container.common.helpers.StorageContainerException: ContainerID 3 creation failed
	at org.apache.hadoop.ozone.container.common.impl.HddsDispatcher.dispatchRequest(HddsDispatcher.java:227) ~[classes/:?]
	at org.apache.hadoop.ozone.container.common.impl.HddsDispatcher.dispatch(HddsDispatcher.java:148) ~[classes/:?]
	at org.apache.hadoop.ozone.container.common.transport.server.ratis.ContainerStateMachine.dispatchCommand(ContainerStateMachine.java:374) ~[classes/:?]
	at org.apache.hadoop.ozone.container.common.transport.server.ratis.ContainerStateMachine.runCommand(ContainerStateMachine.java:381) ~[classes/:?]
	at org.apache.hadoop.ozone.container.common.transport.server.ratis.ContainerStateMachine.lambda$handleWriteChunk$1(ContainerStateMachine.java:412) ~[classes/:?]
	at java.util.concurrent.CompletableFuture$AsyncSupply.run(CompletableFuture.java:1590) [?:1.8.0_212]
	at java.util.concurrent.ThreadPoolExecutor.runWorker(ThreadPoolExecutor.java:1149) [?:1.8.0_212]
	at java.util.concurrent.ThreadPoolExecutor$Worker.run(ThreadPoolExecutor.java:624) [?:1.8.0_212]
	at java.lang.Thread.run(Thread.java:748) [?:1.8.0_212]
2019-07-30 20:57:46,531 INFO  impl.HddsDispatcher (ContainerUtils.java:logAndReturnError(146)) - Operation: WriteChunk : Trace ID: fd952ffa09f06ed6:8ddf636fdec1e960:7448759c8038755e:0 : Message: ContainerID 3 creation failed : Result: DISK_OUT_OF_SPACE
2019-07-30 20:57:46,539 INFO  keyvalue.KeyValueHandler (ContainerUtils.java:logAndReturnError(146)) - Operation: CreateContainer : Trace ID: fd952ffa09f06ed6:8ddf636fdec1e960:7448759c8038755e:0 : Message: Container creation failed, due to disk out of space : Result: DISK_OUT_OF_SPACE
20:57:46.539 [pool-37-thread-7] ERROR DNAudit - user=null | ip=null | op=WRITE_CHUNK {blockData=conID: 3 locID: 102532400184950791 bcsId: 0} | ret=FAILURE
org.apache.hadoop.hdds.scm.container.common.helpers.StorageContainerException: ContainerID 3 creation failed
	at org.apache.hadoop.ozone.container.common.impl.HddsDispatcher.dispatchRequest(HddsDispatcher.java:227) ~[classes/:?]
	at org.apache.hadoop.ozone.container.common.impl.HddsDispatcher.dispatch(HddsDispatcher.java:148) ~[classes/:?]
	at org.apache.hadoop.ozone.container.common.transport.server.ratis.ContainerStateMachine.dispatchCommand(ContainerStateMachine.java:374) ~[classes/:?]
	at org.apache.hadoop.ozone.container.common.transport.server.ratis.ContainerStateMachine.runCommand(ContainerStateMachine.java:381) ~[classes/:?]
	at org.apache.hadoop.ozone.container.common.transport.server.ratis.ContainerStateMachine.lambda$handleWriteChunk$1(ContainerStateMachine.java:412) ~[classes/:?]
	at java.util.concurrent.CompletableFuture$AsyncSupply.run(CompletableFuture.java:1590) [?:1.8.0_212]
	at java.util.concurrent.ThreadPoolExecutor.runWorker(ThreadPoolExecutor.java:1149) [?:1.8.0_212]
	at java.util.concurrent.ThreadPoolExecutor$Worker.run(ThreadPoolExecutor.java:624) [?:1.8.0_212]
	at java.lang.Thread.run(Thread.java:748) [?:1.8.0_212]
2019-07-30 20:57:46,540 INFO  impl.HddsDispatcher (ContainerUtils.java:logAndReturnError(146)) - Operation: WriteChunk : Trace ID: fd952ffa09f06ed6:8ddf636fdec1e960:7448759c8038755e:0 : Message: ContainerID 3 creation failed : Result: DISK_OUT_OF_SPACE
2019-07-30 20:57:46,540 INFO  keyvalue.KeyValueHandler (ContainerUtils.java:logAndReturnError(146)) - Operation: CreateContainer : Trace ID: fd952ffa09f06ed6:8ddf636fdec1e960:7448759c8038755e:0 : Message: Container creation failed, due to disk out of space : Result: DISK_OUT_OF_SPACE
20:57:46.541 [pool-70-thread-7] ERROR DNAudit - user=null | ip=null | op=WRITE_CHUNK {blockData=conID: 3 locID: 102532400184950791 bcsId: 0} | ret=FAILURE
org.apache.hadoop.hdds.scm.container.common.helpers.StorageContainerException: ContainerID 3 creation failed
	at org.apache.hadoop.ozone.container.common.impl.HddsDispatcher.dispatchRequest(HddsDispatcher.java:227) ~[classes/:?]
	at org.apache.hadoop.ozone.container.common.impl.HddsDispatcher.dispatch(HddsDispatcher.java:148) ~[classes/:?]
	at org.apache.hadoop.ozone.container.common.transport.server.ratis.ContainerStateMachine.dispatchCommand(ContainerStateMachine.java:374) ~[classes/:?]
	at org.apache.hadoop.ozone.container.common.transport.server.ratis.ContainerStateMachine.runCommand(ContainerStateMachine.java:381) ~[classes/:?]
	at org.apache.hadoop.ozone.container.common.transport.server.ratis.ContainerStateMachine.lambda$handleWriteChunk$1(ContainerStateMachine.java:412) ~[classes/:?]
	at java.util.concurrent.CompletableFuture$AsyncSupply.run(CompletableFuture.java:1590) [?:1.8.0_212]
	at java.util.concurrent.ThreadPoolExecutor.runWorker(ThreadPoolExecutor.java:1149) [?:1.8.0_212]
	at java.util.concurrent.ThreadPoolExecutor$Worker.run(ThreadPoolExecutor.java:624) [?:1.8.0_212]
	at java.lang.Thread.run(Thread.java:748) [?:1.8.0_212]
2019-07-30 20:57:46,541 INFO  impl.HddsDispatcher (ContainerUtils.java:logAndReturnError(146)) - Operation: WriteChunk : Trace ID: fd952ffa09f06ed6:8ddf636fdec1e960:7448759c8038755e:0 : Message: ContainerID 3 creation failed : Result: DISK_OUT_OF_SPACE
20:57:46.544 [RatisApplyTransactionExecutor 3] ERROR DNAudit - user=null | ip=null | op=WRITE_CHUNK {blockData=conID: 3 locID: 102532400184950791 bcsId: 0} | ret=FAILURE
org.apache.hadoop.hdds.scm.container.common.helpers.StorageContainerException: ContainerID 3 does not exist
	at org.apache.hadoop.ozone.container.common.impl.HddsDispatcher.dispatchRequest(HddsDispatcher.java:242) ~[classes/:?]
	at org.apache.hadoop.ozone.container.common.impl.HddsDispatcher.dispatch(HddsDispatcher.java:148) ~[classes/:?]
	at org.apache.hadoop.ozone.container.common.transport.server.ratis.ContainerStateMachine.dispatchCommand(ContainerStateMachine.java:374) ~[classes/:?]
	at org.apache.hadoop.ozone.container.common.transport.server.ratis.ContainerStateMachine.runCommand(ContainerStateMachine.java:381) ~[classes/:?]
	at org.apache.hadoop.ozone.container.common.transport.server.ratis.ContainerStateMachine.lambda$applyTransaction$6(ContainerStateMachine.java:647) ~[classes/:?]
	at java.util.concurrent.CompletableFuture$AsyncSupply.run(CompletableFuture.java:1590) [?:1.8.0_212]
	at java.util.concurrent.ThreadPoolExecutor.runWorker(ThreadPoolExecutor.java:1149) [?:1.8.0_212]
	at java.util.concurrent.ThreadPoolExecutor$Worker.run(ThreadPoolExecutor.java:624) [?:1.8.0_212]
	at java.lang.Thread.run(Thread.java:748) [?:1.8.0_212]
2019-07-30 20:57:46,545 INFO  impl.HddsDispatcher (ContainerUtils.java:logAndReturnError(146)) - Operation: WriteChunk : Trace ID: fd952ffa09f06ed6:8ddf636fdec1e960:7448759c8038755e:0 : Message: ContainerID 3 does not exist : Result: CONTAINER_NOT_FOUND
2019-07-30 20:57:46,551 INFO  client.GrpcClientProtocolClient (GrpcClientProtocolClient.java:onNext(255)) - client-A79589BD263D->b886fbb7-990e-4a24-a2cf-3fb3cd8b1c79: receive RaftClientReply:client-A79589BD263D->b886fbb7-990e-4a24-a2cf-3fb3cd8b1c79@group-79705B3AEBD9, cid=22, SUCCESS, logIndex=25, commits[b886fbb7-990e-4a24-a2cf-3fb3cd8b1c79:c25, 8d326b13-47f6-487d-88ff-0b7d36d1dd11:c24, 88b457c9-a839-4d83-9bd8-4c2a9c6ac969:c24]
2019-07-30 20:57:46,558 ERROR storage.BlockOutputStream (BlockOutputStream.java:validateResponse(531)) - Unexpected Storage Container Exception: 
org.apache.hadoop.hdds.scm.container.common.helpers.StorageContainerException: ContainerID 3 does not exist
	at org.apache.hadoop.hdds.scm.storage.ContainerProtocolCalls.validateContainerResponse(ContainerProtocolCalls.java:536)
	at org.apache.hadoop.hdds.scm.storage.BlockOutputStream.validateResponse(BlockOutputStream.java:529)
	at org.apache.hadoop.hdds.scm.storage.BlockOutputStream.lambda$writeChunkToContainer$2(BlockOutputStream.java:606)
	at java.util.concurrent.CompletableFuture.uniApply(CompletableFuture.java:602)
	at java.util.concurrent.CompletableFuture$UniApply.tryFire(CompletableFuture.java:577)
	at java.util.concurrent.CompletableFuture$Completion.run(CompletableFuture.java:442)
	at java.util.concurrent.ThreadPoolExecutor.runWorker(ThreadPoolExecutor.java:1149)
	at java.util.concurrent.ThreadPoolExecutor$Worker.run(ThreadPoolExecutor.java:624)
	at java.lang.Thread.run(Thread.java:748)
20:57:46.562 [RatisApplyTransactionExecutor 3] ERROR DNAudit - user=null | ip=null | op=WRITE_CHUNK {blockData=conID: 3 locID: 102532400184950791 bcsId: 0} | ret=FAILURE
org.apache.hadoop.hdds.scm.container.common.helpers.StorageContainerException: ContainerID 3 does not exist
	at org.apache.hadoop.ozone.container.common.impl.HddsDispatcher.dispatchRequest(HddsDispatcher.java:242) ~[classes/:?]
	at org.apache.hadoop.ozone.container.common.impl.HddsDispatcher.dispatch(HddsDispatcher.java:148) ~[classes/:?]
	at org.apache.hadoop.ozone.container.common.transport.server.ratis.ContainerStateMachine.dispatchCommand(ContainerStateMachine.java:374) ~[classes/:?]
	at org.apache.hadoop.ozone.container.common.transport.server.ratis.ContainerStateMachine.runCommand(ContainerStateMachine.java:381) ~[classes/:?]
	at org.apache.hadoop.ozone.container.common.transport.server.ratis.ContainerStateMachine.lambda$applyTransaction$6(ContainerStateMachine.java:647) ~[classes/:?]
	at java.util.concurrent.CompletableFuture$AsyncSupply.run(CompletableFuture.java:1590) [?:1.8.0_212]
	at java.util.concurrent.ThreadPoolExecutor.runWorker(ThreadPoolExecutor.java:1149) [?:1.8.0_212]
	at java.util.concurrent.ThreadPoolExecutor$Worker.run(ThreadPoolExecutor.java:624) [?:1.8.0_212]
	at java.lang.Thread.run(Thread.java:748) [?:1.8.0_212]
2019-07-30 20:57:46,563 INFO  impl.HddsDispatcher (ContainerUtils.java:logAndReturnError(146)) - Operation: WriteChunk : Trace ID: fd952ffa09f06ed6:8ddf636fdec1e960:7448759c8038755e:0 : Message: ContainerID 3 does not exist : Result: CONTAINER_NOT_FOUND
20:57:46.564 [RatisApplyTransactionExecutor 3] ERROR DNAudit - user=null | ip=null | op=WRITE_CHUNK {blockData=conID: 3 locID: 102532400184950791 bcsId: 0} | ret=FAILURE
org.apache.hadoop.hdds.scm.container.common.helpers.StorageContainerException: ContainerID 3 does not exist
	at org.apache.hadoop.ozone.container.common.impl.HddsDispatcher.dispatchRequest(HddsDispatcher.java:242) ~[classes/:?]
	at org.apache.hadoop.ozone.container.common.impl.HddsDispatcher.dispatch(HddsDispatcher.java:148) ~[classes/:?]
	at org.apache.hadoop.ozone.container.common.transport.server.ratis.ContainerStateMachine.dispatchCommand(ContainerStateMachine.java:374) ~[classes/:?]
	at org.apache.hadoop.ozone.container.common.transport.server.ratis.ContainerStateMachine.runCommand(ContainerStateMachine.java:381) ~[classes/:?]
	at org.apache.hadoop.ozone.container.common.transport.server.ratis.ContainerStateMachine.lambda$applyTransaction$6(ContainerStateMachine.java:647) ~[classes/:?]
	at java.util.concurrent.CompletableFuture$AsyncSupply.run(CompletableFuture.java:1590) [?:1.8.0_212]
	at java.util.concurrent.ThreadPoolExecutor.runWorker(ThreadPoolExecutor.java:1149) [?:1.8.0_212]
	at java.util.concurrent.ThreadPoolExecutor$Worker.run(ThreadPoolExecutor.java:624) [?:1.8.0_212]
	at java.lang.Thread.run(Thread.java:748) [?:1.8.0_212]
2019-07-30 20:57:46,565 INFO  impl.HddsDispatcher (ContainerUtils.java:logAndReturnError(146)) - Operation: WriteChunk : Trace ID: fd952ffa09f06ed6:8ddf636fdec1e960:7448759c8038755e:0 : Message: ContainerID 3 does not exist : Result: CONTAINER_NOT_FOUND
2019-07-30 20:57:46,571 INFO  keyvalue.KeyValueHandler (ContainerUtils.java:logAndReturnError(146)) - Operation: CreateContainer : Trace ID: fd952ffa09f06ed6:5fb27fb7ea7d8b7f:7448759c8038755e:0 : Message: Container creation failed, due to disk out of space : Result: DISK_OUT_OF_SPACE
20:57:46.571 [pool-48-thread-22] ERROR DNAudit - user=null | ip=null | op=WRITE_CHUNK {blockData=conID: 3 locID: 102532400184950791 bcsId: 0} | ret=FAILURE
org.apache.hadoop.hdds.scm.container.common.helpers.StorageContainerException: ContainerID 3 creation failed
	at org.apache.hadoop.ozone.container.common.impl.HddsDispatcher.dispatchRequest(HddsDispatcher.java:227) ~[classes/:?]
	at org.apache.hadoop.ozone.container.common.impl.HddsDispatcher.dispatch(HddsDispatcher.java:148) ~[classes/:?]
	at org.apache.hadoop.ozone.container.common.transport.server.ratis.ContainerStateMachine.dispatchCommand(ContainerStateMachine.java:374) ~[classes/:?]
	at org.apache.hadoop.ozone.container.common.transport.server.ratis.ContainerStateMachine.runCommand(ContainerStateMachine.java:381) ~[classes/:?]
	at org.apache.hadoop.ozone.container.common.transport.server.ratis.ContainerStateMachine.lambda$handleWriteChunk$1(ContainerStateMachine.java:412) ~[classes/:?]
	at java.util.concurrent.CompletableFuture$AsyncSupply.run(CompletableFuture.java:1590) [?:1.8.0_212]
	at java.util.concurrent.ThreadPoolExecutor.runWorker(ThreadPoolExecutor.java:1149) [?:1.8.0_212]
	at java.util.concurrent.ThreadPoolExecutor$Worker.run(ThreadPoolExecutor.java:624) [?:1.8.0_212]
	at java.lang.Thread.run(Thread.java:748) [?:1.8.0_212]
2019-07-30 20:57:46,572 INFO  impl.HddsDispatcher (ContainerUtils.java:logAndReturnError(146)) - Operation: WriteChunk : Trace ID: fd952ffa09f06ed6:5fb27fb7ea7d8b7f:7448759c8038755e:0 : Message: ContainerID 3 creation failed : Result: DISK_OUT_OF_SPACE
20:57:46.579 [RatisApplyTransactionExecutor 3] ERROR DNAudit - user=null | ip=null | op=PUT_BLOCK {blockData=[blockId=conID: 3 locID: 102532400184950791 bcsId: 0,size=1048576]} | ret=FAILURE
org.apache.hadoop.hdds.scm.container.common.helpers.StorageContainerException: ContainerID 3 does not exist
	at org.apache.hadoop.ozone.container.common.impl.HddsDispatcher.dispatchRequest(HddsDispatcher.java:242) ~[classes/:?]
	at org.apache.hadoop.ozone.container.common.impl.HddsDispatcher.dispatch(HddsDispatcher.java:148) ~[classes/:?]
	at org.apache.hadoop.ozone.container.common.transport.server.ratis.ContainerStateMachine.dispatchCommand(ContainerStateMachine.java:374) ~[classes/:?]
	at org.apache.hadoop.ozone.container.common.transport.server.ratis.ContainerStateMachine.runCommand(ContainerStateMachine.java:381) ~[classes/:?]
	at org.apache.hadoop.ozone.container.common.transport.server.ratis.ContainerStateMachine.lambda$applyTransaction$6(ContainerStateMachine.java:647) ~[classes/:?]
	at java.util.concurrent.CompletableFuture$AsyncSupply.run(CompletableFuture.java:1590) [?:1.8.0_212]
	at java.util.concurrent.ThreadPoolExecutor.runWorker(ThreadPoolExecutor.java:1149) [?:1.8.0_212]
	at java.util.concurrent.ThreadPoolExecutor$Worker.run(ThreadPoolExecutor.java:624) [?:1.8.0_212]
	at java.lang.Thread.run(Thread.java:748) [?:1.8.0_212]
2019-07-30 20:57:46,579 INFO  impl.HddsDispatcher (ContainerUtils.java:logAndReturnError(146)) - Operation: PutBlock : Trace ID: fd952ffa09f06ed6:eda70d3d3ebeab07:7448759c8038755e:0 : Message: ContainerID 3 does not exist : Result: CONTAINER_NOT_FOUND
2019-07-30 20:57:46,579 INFO  keyvalue.KeyValueHandler (ContainerUtils.java:logAndReturnError(146)) - Operation: CreateContainer : Trace ID: fd952ffa09f06ed6:5fb27fb7ea7d8b7f:7448759c8038755e:0 : Message: Container creation failed, due to disk out of space : Result: DISK_OUT_OF_SPACE
20:57:46.580 [pool-37-thread-8] ERROR DNAudit - user=null | ip=null | op=WRITE_CHUNK {blockData=conID: 3 locID: 102532400184950791 bcsId: 0} | ret=FAILURE
org.apache.hadoop.hdds.scm.container.common.helpers.StorageContainerException: ContainerID 3 creation failed
	at org.apache.hadoop.ozone.container.common.impl.HddsDispatcher.dispatchRequest(HddsDispatcher.java:227) ~[classes/:?]
	at org.apache.hadoop.ozone.container.common.impl.HddsDispatcher.dispatch(HddsDispatcher.java:148) ~[classes/:?]
	at org.apache.hadoop.ozone.container.common.transport.server.ratis.ContainerStateMachine.dispatchCommand(ContainerStateMachine.java:374) ~[classes/:?]
	at org.apache.hadoop.ozone.container.common.transport.server.ratis.ContainerStateMachine.runCommand(ContainerStateMachine.java:381) ~[classes/:?]
	at org.apache.hadoop.ozone.container.common.transport.server.ratis.ContainerStateMachine.lambda$handleWriteChunk$1(ContainerStateMachine.java:412) ~[classes/:?]
	at java.util.concurrent.CompletableFuture$AsyncSupply.run(CompletableFuture.java:1590) [?:1.8.0_212]
	at java.util.concurrent.ThreadPoolExecutor.runWorker(ThreadPoolExecutor.java:1149) [?:1.8.0_212]
	at java.util.concurrent.ThreadPoolExecutor$Worker.run(ThreadPoolExecutor.java:624) [?:1.8.0_212]
	at java.lang.Thread.run(Thread.java:748) [?:1.8.0_212]
2019-07-30 20:57:46,583 INFO  impl.HddsDispatcher (ContainerUtils.java:logAndReturnError(146)) - Operation: WriteChunk : Trace ID: fd952ffa09f06ed6:5fb27fb7ea7d8b7f:7448759c8038755e:0 : Message: ContainerID 3 creation failed : Result: DISK_OUT_OF_SPACE
2019-07-30 20:57:46,587 INFO  client.GrpcClientProtocolClient (GrpcClientProtocolClient.java:onNext(255)) - client-A79589BD263D->b886fbb7-990e-4a24-a2cf-3fb3cd8b1c79: receive RaftClientReply:client-A79589BD263D->b886fbb7-990e-4a24-a2cf-3fb3cd8b1c79@group-79705B3AEBD9, cid=23, SUCCESS, logIndex=27, commits[b886fbb7-990e-4a24-a2cf-3fb3cd8b1c79:c27, 8d326b13-47f6-487d-88ff-0b7d36d1dd11:c25, 88b457c9-a839-4d83-9bd8-4c2a9c6ac969:c26]
2019-07-30 20:57:46,587 INFO  keyvalue.KeyValueHandler (ContainerUtils.java:logAndReturnError(146)) - Operation: CreateContainer : Trace ID: fd952ffa09f06ed6:5fb27fb7ea7d8b7f:7448759c8038755e:0 : Message: Container creation failed, due to disk out of space : Result: DISK_OUT_OF_SPACE
20:57:46.588 [pool-70-thread-8] ERROR DNAudit - user=null | ip=null | op=WRITE_CHUNK {blockData=conID: 3 locID: 102532400184950791 bcsId: 0} | ret=FAILURE
org.apache.hadoop.hdds.scm.container.common.helpers.StorageContainerException: ContainerID 3 creation failed
	at org.apache.hadoop.ozone.container.common.impl.HddsDispatcher.dispatchRequest(HddsDispatcher.java:227) ~[classes/:?]
	at org.apache.hadoop.ozone.container.common.impl.HddsDispatcher.dispatch(HddsDispatcher.java:148) ~[classes/:?]
	at org.apache.hadoop.ozone.container.common.transport.server.ratis.ContainerStateMachine.dispatchCommand(ContainerStateMachine.java:374) ~[classes/:?]
	at org.apache.hadoop.ozone.container.common.transport.server.ratis.ContainerStateMachine.runCommand(ContainerStateMachine.java:381) ~[classes/:?]
	at org.apache.hadoop.ozone.container.common.transport.server.ratis.ContainerStateMachine.lambda$handleWriteChunk$1(ContainerStateMachine.java:412) ~[classes/:?]
	at java.util.concurrent.CompletableFuture$AsyncSupply.run(CompletableFuture.java:1590) [?:1.8.0_212]
	at java.util.concurrent.ThreadPoolExecutor.runWorker(ThreadPoolExecutor.java:1149) [?:1.8.0_212]
	at java.util.concurrent.ThreadPoolExecutor$Worker.run(ThreadPoolExecutor.java:624) [?:1.8.0_212]
	at java.lang.Thread.run(Thread.java:748) [?:1.8.0_212]
2019-07-30 20:57:46,588 INFO  impl.HddsDispatcher (ContainerUtils.java:logAndReturnError(146)) - Operation: WriteChunk : Trace ID: fd952ffa09f06ed6:5fb27fb7ea7d8b7f:7448759c8038755e:0 : Message: ContainerID 3 creation failed : Result: DISK_OUT_OF_SPACE
20:57:46.588 [RatisApplyTransactionExecutor 3] ERROR DNAudit - user=null | ip=null | op=WRITE_CHUNK {blockData=conID: 3 locID: 102532400184950791 bcsId: 0} | ret=FAILURE
org.apache.hadoop.hdds.scm.container.common.helpers.StorageContainerException: ContainerID 3 does not exist
	at org.apache.hadoop.ozone.container.common.impl.HddsDispatcher.dispatchRequest(HddsDispatcher.java:242) ~[classes/:?]
	at org.apache.hadoop.ozone.container.common.impl.HddsDispatcher.dispatch(HddsDispatcher.java:148) ~[classes/:?]
	at org.apache.hadoop.ozone.container.common.transport.server.ratis.ContainerStateMachine.dispatchCommand(ContainerStateMachine.java:374) ~[classes/:?]
	at org.apache.hadoop.ozone.container.common.transport.server.ratis.ContainerStateMachine.runCommand(ContainerStateMachine.java:381) ~[classes/:?]
	at org.apache.hadoop.ozone.container.common.transport.server.ratis.ContainerStateMachine.lambda$applyTransaction$6(ContainerStateMachine.java:647) ~[classes/:?]
	at java.util.concurrent.CompletableFuture$AsyncSupply.run(CompletableFuture.java:1590) [?:1.8.0_212]
	at java.util.concurrent.ThreadPoolExecutor.runWorker(ThreadPoolExecutor.java:1149) [?:1.8.0_212]
	at java.util.concurrent.ThreadPoolExecutor$Worker.run(ThreadPoolExecutor.java:624) [?:1.8.0_212]
	at java.lang.Thread.run(Thread.java:748) [?:1.8.0_212]
2019-07-30 20:57:46,589 INFO  impl.HddsDispatcher (ContainerUtils.java:logAndReturnError(146)) - Operation: WriteChunk : Trace ID: fd952ffa09f06ed6:5fb27fb7ea7d8b7f:7448759c8038755e:0 : Message: ContainerID 3 does not exist : Result: CONTAINER_NOT_FOUND
20:57:46.590 [RatisApplyTransactionExecutor 3] ERROR DNAudit - user=null | ip=null | op=PUT_BLOCK {blockData=[blockId=conID: 3 locID: 102532400184950791 bcsId: 0,size=2097152]} | ret=FAILURE
org.apache.hadoop.hdds.scm.container.common.helpers.StorageContainerException: ContainerID 3 does not exist
	at org.apache.hadoop.ozone.container.common.impl.HddsDispatcher.dispatchRequest(HddsDispatcher.java:242) ~[classes/:?]
	at org.apache.hadoop.ozone.container.common.impl.HddsDispatcher.dispatch(HddsDispatcher.java:148) ~[classes/:?]
	at org.apache.hadoop.ozone.container.common.transport.server.ratis.ContainerStateMachine.dispatchCommand(ContainerStateMachine.java:374) ~[classes/:?]
	at org.apache.hadoop.ozone.container.common.transport.server.ratis.ContainerStateMachine.runCommand(ContainerStateMachine.java:381) ~[classes/:?]
	at org.apache.hadoop.ozone.container.common.transport.server.ratis.ContainerStateMachine.lambda$applyTransaction$6(ContainerStateMachine.java:647) ~[classes/:?]
	at java.util.concurrent.CompletableFuture$AsyncSupply.run(CompletableFuture.java:1590) [?:1.8.0_212]
	at java.util.concurrent.ThreadPoolExecutor.runWorker(ThreadPoolExecutor.java:1149) [?:1.8.0_212]
	at java.util.concurrent.ThreadPoolExecutor$Worker.run(ThreadPoolExecutor.java:624) [?:1.8.0_212]
	at java.lang.Thread.run(Thread.java:748) [?:1.8.0_212]
2019-07-30 20:57:46,590 INFO  impl.HddsDispatcher (ContainerUtils.java:logAndReturnError(146)) - Operation: PutBlock : Trace ID: fd952ffa09f06ed6:4e713abae27ce3a3:7448759c8038755e:0 : Message: ContainerID 3 does not exist : Result: CONTAINER_NOT_FOUND
2019-07-30 20:57:46,590 INFO  client.GrpcClientProtocolClient (GrpcClientProtocolClient.java:onNext(255)) - client-A79589BD263D->b886fbb7-990e-4a24-a2cf-3fb3cd8b1c79: receive RaftClientReply:client-A79589BD263D->b886fbb7-990e-4a24-a2cf-3fb3cd8b1c79@group-79705B3AEBD9, cid=24, SUCCESS, logIndex=28, commits[b886fbb7-990e-4a24-a2cf-3fb3cd8b1c79:c29, 8d326b13-47f6-487d-88ff-0b7d36d1dd11:c26, 88b457c9-a839-4d83-9bd8-4c2a9c6ac969:c26]
2019-07-30 20:57:46,600 INFO  client.GrpcClientProtocolClient (GrpcClientProtocolClient.java:onNext(255)) - client-A79589BD263D->b886fbb7-990e-4a24-a2cf-3fb3cd8b1c79: receive RaftClientReply:client-A79589BD263D->b886fbb7-990e-4a24-a2cf-3fb3cd8b1c79@group-79705B3AEBD9, cid=25, SUCCESS, logIndex=29, commits[b886fbb7-990e-4a24-a2cf-3fb3cd8b1c79:c29, 8d326b13-47f6-487d-88ff-0b7d36d1dd11:c26, 88b457c9-a839-4d83-9bd8-4c2a9c6ac969:c26]
20:57:46.601 [RatisApplyTransactionExecutor 3] ERROR DNAudit - user=null | ip=null | op=PUT_BLOCK {blockData=[blockId=conID: 3 locID: 102532400184950791 bcsId: 0,size=1048576]} | ret=FAILURE
org.apache.hadoop.hdds.scm.container.common.helpers.StorageContainerException: ContainerID 3 does not exist
	at org.apache.hadoop.ozone.container.common.impl.HddsDispatcher.dispatchRequest(HddsDispatcher.java:242) ~[classes/:?]
	at org.apache.hadoop.ozone.container.common.impl.HddsDispatcher.dispatch(HddsDispatcher.java:148) ~[classes/:?]
	at org.apache.hadoop.ozone.container.common.transport.server.ratis.ContainerStateMachine.dispatchCommand(ContainerStateMachine.java:374) ~[classes/:?]
	at org.apache.hadoop.ozone.container.common.transport.server.ratis.ContainerStateMachine.runCommand(ContainerStateMachine.java:381) ~[classes/:?]
	at org.apache.hadoop.ozone.container.common.transport.server.ratis.ContainerStateMachine.lambda$applyTransaction$6(ContainerStateMachine.java:647) ~[classes/:?]
	at java.util.concurrent.CompletableFuture$AsyncSupply.run(CompletableFuture.java:1590) [?:1.8.0_212]
	at java.util.concurrent.ThreadPoolExecutor.runWorker(ThreadPoolExecutor.java:1149) [?:1.8.0_212]
	at java.util.concurrent.ThreadPoolExecutor$Worker.run(ThreadPoolExecutor.java:624) [?:1.8.0_212]
	at java.lang.Thread.run(Thread.java:748) [?:1.8.0_212]
2019-07-30 20:57:46,604 ERROR freon.RandomKeyGenerator (RandomKeyGenerator.java:createKey(730)) - Exception while adding key: key-0-84302 in bucket: bucket-0-55201 of volume: vol-0-22838.
java.io.IOException: Unexpected Storage Container Exception: org.apache.hadoop.hdds.scm.container.common.helpers.StorageContainerException: ContainerID 3 does not exist
	at org.apache.hadoop.hdds.scm.storage.BlockOutputStream.setIoException(BlockOutputStream.java:541)
	at org.apache.hadoop.hdds.scm.storage.BlockOutputStream.validateResponse(BlockOutputStream.java:532)
	at org.apache.hadoop.hdds.scm.storage.BlockOutputStream.lambda$writeChunkToContainer$2(BlockOutputStream.java:606)
	at java.util.concurrent.CompletableFuture.uniApply(CompletableFuture.java:602)
	at java.util.concurrent.CompletableFuture$UniApply.tryFire(CompletableFuture.java:577)
	at java.util.concurrent.CompletableFuture$Completion.run(CompletableFuture.java:442)
	at java.util.concurrent.ThreadPoolExecutor.runWorker(ThreadPoolExecutor.java:1149)
	at java.util.concurrent.ThreadPoolExecutor$Worker.run(ThreadPoolExecutor.java:624)
	at java.lang.Thread.run(Thread.java:748)
Caused by: org.apache.hadoop.hdds.scm.container.common.helpers.StorageContainerException: ContainerID 3 does not exist
	at org.apache.hadoop.hdds.scm.storage.ContainerProtocolCalls.validateContainerResponse(ContainerProtocolCalls.java:536)
	at org.apache.hadoop.hdds.scm.storage.BlockOutputStream.validateResponse(BlockOutputStream.java:529)
	... 7 more
2019-07-30 20:57:46,605 INFO  impl.HddsDispatcher (ContainerUtils.java:logAndReturnError(146)) - Operation: PutBlock : Trace ID: fd952ffa09f06ed6:eda70d3d3ebeab07:7448759c8038755e:0 : Message: ContainerID 3 does not exist : Result: CONTAINER_NOT_FOUND
20:57:46.605 [RatisApplyTransactionExecutor 3] ERROR DNAudit - user=null | ip=null | op=WRITE_CHUNK {blockData=conID: 3 locID: 102532400184950791 bcsId: 0} | ret=FAILURE
org.apache.hadoop.hdds.scm.container.common.helpers.StorageContainerException: ContainerID 3 does not exist
	at org.apache.hadoop.ozone.container.common.impl.HddsDispatcher.dispatchRequest(HddsDispatcher.java:242) ~[classes/:?]
	at org.apache.hadoop.ozone.container.common.impl.HddsDispatcher.dispatch(HddsDispatcher.java:148) ~[classes/:?]
	at org.apache.hadoop.ozone.container.common.transport.server.ratis.ContainerStateMachine.dispatchCommand(ContainerStateMachine.java:374) ~[classes/:?]
	at org.apache.hadoop.ozone.container.common.transport.server.ratis.ContainerStateMachine.runCommand(ContainerStateMachine.java:381) ~[classes/:?]
	at org.apache.hadoop.ozone.container.common.transport.server.ratis.ContainerStateMachine.lambda$applyTransaction$6(ContainerStateMachine.java:647) ~[classes/:?]
	at java.util.concurrent.CompletableFuture$AsyncSupply.run(CompletableFuture.java:1590) [?:1.8.0_212]
	at java.util.concurrent.ThreadPoolExecutor.runWorker(ThreadPoolExecutor.java:1149) [?:1.8.0_212]
	at java.util.concurrent.ThreadPoolExecutor$Worker.run(ThreadPoolExecutor.java:624) [?:1.8.0_212]
	at java.lang.Thread.run(Thread.java:748) [?:1.8.0_212]
2019-07-30 20:57:46,606 INFO  impl.HddsDispatcher (ContainerUtils.java:logAndReturnError(146)) - Operation: WriteChunk : Trace ID: fd952ffa09f06ed6:5fb27fb7ea7d8b7f:7448759c8038755e:0 : Message: ContainerID 3 does not exist : Result: CONTAINER_NOT_FOUND
20:57:46.606 [RatisApplyTransactionExecutor 3] ERROR DNAudit - user=null | ip=null | op=PUT_BLOCK {blockData=[blockId=conID: 3 locID: 102532400184950791 bcsId: 0,size=1048576]} | ret=FAILURE
org.apache.hadoop.hdds.scm.container.common.helpers.StorageContainerException: ContainerID 3 does not exist
	at org.apache.hadoop.ozone.container.common.impl.HddsDispatcher.dispatchRequest(HddsDispatcher.java:242) ~[classes/:?]
	at org.apache.hadoop.ozone.container.common.impl.HddsDispatcher.dispatch(HddsDispatcher.java:148) ~[classes/:?]
	at org.apache.hadoop.ozone.container.common.transport.server.ratis.ContainerStateMachine.dispatchCommand(ContainerStateMachine.java:374) ~[classes/:?]
	at org.apache.hadoop.ozone.container.common.transport.server.ratis.ContainerStateMachine.runCommand(ContainerStateMachine.java:381) ~[classes/:?]
	at org.apache.hadoop.ozone.container.common.transport.server.ratis.ContainerStateMachine.lambda$applyTransaction$6(ContainerStateMachine.java:647) ~[classes/:?]
	at java.util.concurrent.CompletableFuture$AsyncSupply.run(CompletableFuture.java:1590) [?:1.8.0_212]
	at java.util.concurrent.ThreadPoolExecutor.runWorker(ThreadPoolExecutor.java:1149) [?:1.8.0_212]
	at java.util.concurrent.ThreadPoolExecutor$Worker.run(ThreadPoolExecutor.java:624) [?:1.8.0_212]
	at java.lang.Thread.run(Thread.java:748) [?:1.8.0_212]
2019-07-30 20:57:46,606 INFO  impl.HddsDispatcher (ContainerUtils.java:logAndReturnError(146)) - Operation: PutBlock : Trace ID: fd952ffa09f06ed6:eda70d3d3ebeab07:7448759c8038755e:0 : Message: ContainerID 3 does not exist : Result: CONTAINER_NOT_FOUND
20:57:46.606 [RatisApplyTransactionExecutor 3] ERROR DNAudit - user=null | ip=null | op=PUT_BLOCK {blockData=[blockId=conID: 3 locID: 102532400184950791 bcsId: 0,size=2097152]} | ret=FAILURE
org.apache.hadoop.hdds.scm.container.common.helpers.StorageContainerException: ContainerID 3 does not exist
	at org.apache.hadoop.ozone.container.common.impl.HddsDispatcher.dispatchRequest(HddsDispatcher.java:242) ~[classes/:?]
	at org.apache.hadoop.ozone.container.common.impl.HddsDispatcher.dispatch(HddsDispatcher.java:148) ~[classes/:?]
	at org.apache.hadoop.ozone.container.common.transport.server.ratis.ContainerStateMachine.dispatchCommand(ContainerStateMachine.java:374) ~[classes/:?]
	at org.apache.hadoop.ozone.container.common.transport.server.ratis.ContainerStateMachine.runCommand(ContainerStateMachine.java:381) ~[classes/:?]
	at org.apache.hadoop.ozone.container.common.transport.server.ratis.ContainerStateMachine.lambda$applyTransaction$6(ContainerStateMachine.java:647) ~[classes/:?]
	at java.util.concurrent.CompletableFuture$AsyncSupply.run(CompletableFuture.java:1590) [?:1.8.0_212]
	at java.util.concurrent.ThreadPoolExecutor.runWorker(ThreadPoolExecutor.java:1149) [?:1.8.0_212]
	at java.util.concurrent.ThreadPoolExecutor$Worker.run(ThreadPoolExecutor.java:624) [?:1.8.0_212]
	at java.lang.Thread.run(Thread.java:748) [?:1.8.0_212]
20:57:46.606 [RatisApplyTransactionExecutor 3] ERROR DNAudit - user=null | ip=null | op=WRITE_CHUNK {blockData=conID: 3 locID: 102532400184950791 bcsId: 0} | ret=FAILURE
org.apache.hadoop.hdds.scm.container.common.helpers.StorageContainerException: ContainerID 3 does not exist
	at org.apache.hadoop.ozone.container.common.impl.HddsDispatcher.dispatchRequest(HddsDispatcher.java:242) ~[classes/:?]
	at org.apache.hadoop.ozone.container.common.impl.HddsDispatcher.dispatch(HddsDispatcher.java:148) ~[classes/:?]
	at org.apache.hadoop.ozone.container.common.transport.server.ratis.ContainerStateMachine.dispatchCommand(ContainerStateMachine.java:374) ~[classes/:?]
	at org.apache.hadoop.ozone.container.common.transport.server.ratis.ContainerStateMachine.runCommand(ContainerStateMachine.java:381) ~[classes/:?]
	at org.apache.hadoop.ozone.container.common.transport.server.ratis.ContainerStateMachine.lambda$applyTransaction$6(ContainerStateMachine.java:647) ~[classes/:?]
	at java.util.concurrent.CompletableFuture$AsyncSupply.run(CompletableFuture.java:1590) [?:1.8.0_212]
	at java.util.concurrent.ThreadPoolExecutor.runWorker(ThreadPoolExecutor.java:1149) [?:1.8.0_212]
	at java.util.concurrent.ThreadPoolExecutor$Worker.run(ThreadPoolExecutor.java:624) [?:1.8.0_212]
	at java.lang.Thread.run(Thread.java:748) [?:1.8.0_212]
2019-07-30 20:57:46,607 INFO  impl.HddsDispatcher (ContainerUtils.java:logAndReturnError(146)) - Operation: PutBlock : Trace ID: fd952ffa09f06ed6:4e713abae27ce3a3:7448759c8038755e:0 : Message: ContainerID 3 does not exist : Result: CONTAINER_NOT_FOUND
2019-07-30 20:57:46,607 INFO  impl.HddsDispatcher (ContainerUtils.java:logAndReturnError(146)) - Operation: WriteChunk : Trace ID: fd952ffa09f06ed6:5fb27fb7ea7d8b7f:7448759c8038755e:0 : Message: ContainerID 3 does not exist : Result: CONTAINER_NOT_FOUND
20:57:46.607 [RatisApplyTransactionExecutor 3] ERROR DNAudit - user=null | ip=null | op=PUT_BLOCK {blockData=[blockId=conID: 3 locID: 102532400184950791 bcsId: 0,size=2097152]} | ret=FAILURE
org.apache.hadoop.hdds.scm.container.common.helpers.StorageContainerException: ContainerID 3 does not exist
	at org.apache.hadoop.ozone.container.common.impl.HddsDispatcher.dispatchRequest(HddsDispatcher.java:242) ~[classes/:?]
	at org.apache.hadoop.ozone.container.common.impl.HddsDispatcher.dispatch(HddsDispatcher.java:148) ~[classes/:?]
	at org.apache.hadoop.ozone.container.common.transport.server.ratis.ContainerStateMachine.dispatchCommand(ContainerStateMachine.java:374) ~[classes/:?]
	at org.apache.hadoop.ozone.container.common.transport.server.ratis.ContainerStateMachine.runCommand(ContainerStateMachine.java:381) ~[classes/:?]
	at org.apache.hadoop.ozone.container.common.transport.server.ratis.ContainerStateMachine.lambda$applyTransaction$6(ContainerStateMachine.java:647) ~[classes/:?]
	at java.util.concurrent.CompletableFuture$AsyncSupply.run(CompletableFuture.java:1590) [?:1.8.0_212]
	at java.util.concurrent.ThreadPoolExecutor.runWorker(ThreadPoolExecutor.java:1149) [?:1.8.0_212]
	at java.util.concurrent.ThreadPoolExecutor$Worker.run(ThreadPoolExecutor.java:624) [?:1.8.0_212]
	at java.lang.Thread.run(Thread.java:748) [?:1.8.0_212]
2019-07-30 20:57:46,608 INFO  impl.HddsDispatcher (ContainerUtils.java:logAndReturnError(146)) - Operation: PutBlock : Trace ID: fd952ffa09f06ed6:4e713abae27ce3a3:7448759c8038755e:0 : Message: ContainerID 3 does not exist : Result: CONTAINER_NOT_FOUND
 0.00% |█                                                                                                    |  0/1 Time: 0:00:01 0.00% |█                                                                                                    |  0/1 Time: 0:00:02 0.00% |█                                                                                                    |  0/1 Time: 0:00:03 0.00% |█                                                                                                    |  0/1 Time: 0:00:04 100.00% |█████████████████████████████████████████████████████████████████████████████████████████████████████|  1/1 Time: 0:00:05
]]></system-out>
  </testcase>
  <testcase name="validateWriteTest" classname="org.apache.hadoop.ozone.freon.TestDataValidateWithSafeByteOperations" time="5.417">
    <error message="Unexpected Storage Container Exception: org.apache.hadoop.hdds.scm.container.common.helpers.StorageContainerException: ContainerID 2 does not exist" type="java.io.IOException">java.io.IOException: Unexpected Storage Container Exception: org.apache.hadoop.hdds.scm.container.common.helpers.StorageContainerException: ContainerID 2 does not exist
	at org.apache.hadoop.hdds.scm.storage.BlockOutputStream.setIoException(BlockOutputStream.java:541)
	at org.apache.hadoop.hdds.scm.storage.BlockOutputStream.validateResponse(BlockOutputStream.java:532)
	at org.apache.hadoop.hdds.scm.storage.BlockOutputStream.lambda$writeChunkToContainer$2(BlockOutputStream.java:606)
	at java.util.concurrent.CompletableFuture.uniApply(CompletableFuture.java:602)
	at java.util.concurrent.CompletableFuture$UniApply.tryFire(CompletableFuture.java:577)
	at java.util.concurrent.CompletableFuture$Completion.run(CompletableFuture.java:442)
	at java.util.concurrent.ThreadPoolExecutor.runWorker(ThreadPoolExecutor.java:1149)
	at java.util.concurrent.ThreadPoolExecutor$Worker.run(ThreadPoolExecutor.java:624)
	at java.lang.Thread.run(Thread.java:748)
Caused by: org.apache.hadoop.hdds.scm.container.common.helpers.StorageContainerException: ContainerID 2 does not exist
	at org.apache.hadoop.hdds.scm.storage.ContainerProtocolCalls.validateContainerResponse(ContainerProtocolCalls.java:536)
	at org.apache.hadoop.hdds.scm.storage.BlockOutputStream.validateResponse(BlockOutputStream.java:529)
	... 7 more
</error>
    <system-out><![CDATA[2019-07-30 20:57:56,474 INFO  freon.RandomKeyGenerator (RandomKeyGenerator.java:call(278)) - Number of Threads: 10
2019-07-30 20:57:56,475 INFO  freon.RandomKeyGenerator (RandomKeyGenerator.java:call(283)) - Number of Volumes: 2.
2019-07-30 20:57:56,475 INFO  freon.RandomKeyGenerator (RandomKeyGenerator.java:call(284)) - Number of Buckets per Volume: 5.
2019-07-30 20:57:56,475 INFO  freon.RandomKeyGenerator (RandomKeyGenerator.java:call(285)) - Number of Keys per Bucket: 10.
2019-07-30 20:57:56,475 INFO  freon.RandomKeyGenerator (RandomKeyGenerator.java:call(286)) - Key size: 10240 bytes
2019-07-30 20:57:56,475 INFO  freon.RandomKeyGenerator (RandomKeyGenerator.java:call(287)) - Buffer size: 4096 bytes
2019-07-30 20:57:56,477 INFO  rpc.RpcClient (RpcClient.java:createVolume(288)) - Creating Volume: vol-0-04938, with jenkins1000 as owner.
2019-07-30 20:57:56,477 INFO  rpc.RpcClient (RpcClient.java:createVolume(288)) - Creating Volume: vol-1-16909, with jenkins1000 as owner.
2019-07-30 20:57:56,477 INFO  freon.RandomKeyGenerator (RandomKeyGenerator.java:call(301)) - Data validation is enabled.
2019-07-30 20:57:56,480 INFO  freon.RandomKeyGenerator (RandomKeyGenerator.java:call(307)) - Starting progress bar Thread.

 0.00% |█                                                                                                    |  0/100 Time: 0:00:002019-07-30 20:57:56,492 INFO  rpc.RpcClient (RpcClient.java:createBucket(425)) - Creating Bucket: vol-0-04938/bucket-4-41810, with Versioning false and Storage Type set to DISK and Encryption set to false 
2019-07-30 20:57:56,492 INFO  rpc.RpcClient (RpcClient.java:createBucket(425)) - Creating Bucket: vol-1-16909/bucket-4-97505, with Versioning false and Storage Type set to DISK and Encryption set to false 
2019-07-30 20:57:56,498 INFO  rpc.RpcClient (RpcClient.java:createBucket(425)) - Creating Bucket: vol-0-04938/bucket-3-02533, with Versioning false and Storage Type set to DISK and Encryption set to false 
2019-07-30 20:57:56,498 INFO  rpc.RpcClient (RpcClient.java:createBucket(425)) - Creating Bucket: vol-1-16909/bucket-2-29215, with Versioning false and Storage Type set to DISK and Encryption set to false 
2019-07-30 20:57:56,498 INFO  rpc.RpcClient (RpcClient.java:createBucket(425)) - Creating Bucket: vol-0-04938/bucket-1-13975, with Versioning false and Storage Type set to DISK and Encryption set to false 
2019-07-30 20:57:56,498 INFO  rpc.RpcClient (RpcClient.java:createBucket(425)) - Creating Bucket: vol-1-16909/bucket-0-01409, with Versioning false and Storage Type set to DISK and Encryption set to false 
2019-07-30 20:57:56,498 INFO  rpc.RpcClient (RpcClient.java:createBucket(425)) - Creating Bucket: vol-0-04938/bucket-0-12681, with Versioning false and Storage Type set to DISK and Encryption set to false 
2019-07-30 20:57:56,498 INFO  rpc.RpcClient (RpcClient.java:createBucket(425)) - Creating Bucket: vol-1-16909/bucket-1-76046, with Versioning false and Storage Type set to DISK and Encryption set to false 
2019-07-30 20:57:56,498 INFO  rpc.RpcClient (RpcClient.java:createBucket(425)) - Creating Bucket: vol-0-04938/bucket-2-43693, with Versioning false and Storage Type set to DISK and Encryption set to false 
2019-07-30 20:57:56,500 INFO  rpc.RpcClient (RpcClient.java:createBucket(425)) - Creating Bucket: vol-1-16909/bucket-3-75890, with Versioning false and Storage Type set to DISK and Encryption set to false 
2019-07-30 20:57:56,564 INFO  client.GrpcClientProtocolClient (GrpcClientProtocolClient.java:onNext(255)) - client-E494ADF04478->b886fbb7-990e-4a24-a2cf-3fb3cd8b1c79: receive RaftClientReply:client-E494ADF04478->b886fbb7-990e-4a24-a2cf-3fb3cd8b1c79@group-79705B3AEBD9, cid=26, SUCCESS, logIndex=33, commits[b886fbb7-990e-4a24-a2cf-3fb3cd8b1c79:c33, 8d326b13-47f6-487d-88ff-0b7d36d1dd11:c32, 88b457c9-a839-4d83-9bd8-4c2a9c6ac969:c32]
2019-07-30 20:57:56,572 INFO  keyvalue.KeyValueHandler (ContainerUtils.java:logAndReturnError(146)) - Operation: CreateContainer : Trace ID: e58eeae7531ea39:bb262f13b2062771:40dba9853508d609:0 : Message: Container creation failed, due to disk out of space : Result: DISK_OUT_OF_SPACE
20:57:56.572 [pool-48-thread-28] ERROR DNAudit - user=null | ip=null | op=WRITE_CHUNK {blockData=conID: 2 locID: 102532400842080284 bcsId: 0} | ret=FAILURE
org.apache.hadoop.hdds.scm.container.common.helpers.StorageContainerException: ContainerID 2 creation failed
	at org.apache.hadoop.ozone.container.common.impl.HddsDispatcher.dispatchRequest(HddsDispatcher.java:227) ~[classes/:?]
	at org.apache.hadoop.ozone.container.common.impl.HddsDispatcher.dispatch(HddsDispatcher.java:148) ~[classes/:?]
	at org.apache.hadoop.ozone.container.common.transport.server.ratis.ContainerStateMachine.dispatchCommand(ContainerStateMachine.java:374) ~[classes/:?]
	at org.apache.hadoop.ozone.container.common.transport.server.ratis.ContainerStateMachine.runCommand(ContainerStateMachine.java:381) ~[classes/:?]
	at org.apache.hadoop.ozone.container.common.transport.server.ratis.ContainerStateMachine.lambda$handleWriteChunk$1(ContainerStateMachine.java:412) ~[classes/:?]
	at java.util.concurrent.CompletableFuture$AsyncSupply.run(CompletableFuture.java:1590) [?:1.8.0_212]
	at java.util.concurrent.ThreadPoolExecutor.runWorker(ThreadPoolExecutor.java:1149) [?:1.8.0_212]
	at java.util.concurrent.ThreadPoolExecutor$Worker.run(ThreadPoolExecutor.java:624) [?:1.8.0_212]
	at java.lang.Thread.run(Thread.java:748) [?:1.8.0_212]
2019-07-30 20:57:56,573 INFO  impl.HddsDispatcher (ContainerUtils.java:logAndReturnError(146)) - Operation: WriteChunk : Trace ID: e58eeae7531ea39:bb262f13b2062771:40dba9853508d609:0 : Message: ContainerID 2 creation failed : Result: DISK_OUT_OF_SPACE
2019-07-30 20:57:56,573 INFO  keyvalue.KeyValueHandler (ContainerUtils.java:logAndReturnError(146)) - Operation: CreateContainer : Trace ID: 8dcff0263c0255fe:dc249ef33f601bd1:b4885ddfed0f932b:0 : Message: Container creation failed, due to disk out of space : Result: DISK_OUT_OF_SPACE
2019-07-30 20:57:56,574 INFO  keyvalue.KeyValueHandler (ContainerUtils.java:logAndReturnError(146)) - Operation: CreateContainer : Trace ID: e58eeae7531ea39:bb262f13b2062771:40dba9853508d609:0 : Message: Container creation failed, due to disk out of space : Result: DISK_OUT_OF_SPACE
20:57:56.573 [pool-48-thread-31] ERROR DNAudit - user=null | ip=null | op=WRITE_CHUNK {blockData=conID: 2 locID: 102532400842276895 bcsId: 0} | ret=FAILURE
org.apache.hadoop.hdds.scm.container.common.helpers.StorageContainerException: ContainerID 2 creation failed
	at org.apache.hadoop.ozone.container.common.impl.HddsDispatcher.dispatchRequest(HddsDispatcher.java:227) ~[classes/:?]
	at org.apache.hadoop.ozone.container.common.impl.HddsDispatcher.dispatch(HddsDispatcher.java:148) ~[classes/:?]
	at org.apache.hadoop.ozone.container.common.transport.server.ratis.ContainerStateMachine.dispatchCommand(ContainerStateMachine.java:374) ~[classes/:?]
	at org.apache.hadoop.ozone.container.common.transport.server.ratis.ContainerStateMachine.runCommand(ContainerStateMachine.java:381) ~[classes/:?]
	at org.apache.hadoop.ozone.container.common.transport.server.ratis.ContainerStateMachine.lambda$handleWriteChunk$1(ContainerStateMachine.java:412) ~[classes/:?]
	at java.util.concurrent.CompletableFuture$AsyncSupply.run(CompletableFuture.java:1590) [?:1.8.0_212]
	at java.util.concurrent.ThreadPoolExecutor.runWorker(ThreadPoolExecutor.java:1149) [?:1.8.0_212]
	at java.util.concurrent.ThreadPoolExecutor$Worker.run(ThreadPoolExecutor.java:624) [?:1.8.0_212]
	at java.lang.Thread.run(Thread.java:748) [?:1.8.0_212]
2019-07-30 20:57:56,574 INFO  keyvalue.KeyValueHandler (ContainerUtils.java:logAndReturnError(146)) - Operation: CreateContainer : Trace ID: e58eeae7531ea39:bb262f13b2062771:40dba9853508d609:0 : Message: Container creation failed, due to disk out of space : Result: DISK_OUT_OF_SPACE
2019-07-30 20:57:56,574 INFO  impl.HddsDispatcher (ContainerUtils.java:logAndReturnError(146)) - Operation: WriteChunk : Trace ID: 8dcff0263c0255fe:dc249ef33f601bd1:b4885ddfed0f932b:0 : Message: ContainerID 2 creation failed : Result: DISK_OUT_OF_SPACE
20:57:56.574 [pool-37-thread-10] ERROR DNAudit - user=null | ip=null | op=WRITE_CHUNK {blockData=conID: 2 locID: 102532400842080284 bcsId: 0} | ret=FAILURE
org.apache.hadoop.hdds.scm.container.common.helpers.StorageContainerException: ContainerID 2 creation failed
	at org.apache.hadoop.ozone.container.common.impl.HddsDispatcher.dispatchRequest(HddsDispatcher.java:227) ~[classes/:?]
	at org.apache.hadoop.ozone.container.common.impl.HddsDispatcher.dispatch(HddsDispatcher.java:148) ~[classes/:?]
	at org.apache.hadoop.ozone.container.common.transport.server.ratis.ContainerStateMachine.dispatchCommand(ContainerStateMachine.java:374) ~[classes/:?]
	at org.apache.hadoop.ozone.container.common.transport.server.ratis.ContainerStateMachine.runCommand(ContainerStateMachine.java:381) ~[classes/:?]
	at org.apache.hadoop.ozone.container.common.transport.server.ratis.ContainerStateMachine.lambda$handleWriteChunk$1(ContainerStateMachine.java:412) ~[classes/:?]
	at java.util.concurrent.CompletableFuture$AsyncSupply.run(CompletableFuture.java:1590) [?:1.8.0_212]
	at java.util.concurrent.ThreadPoolExecutor.runWorker(ThreadPoolExecutor.java:1149) [?:1.8.0_212]
	at java.util.concurrent.ThreadPoolExecutor$Worker.run(ThreadPoolExecutor.java:624) [?:1.8.0_212]
	at java.lang.Thread.run(Thread.java:748) [?:1.8.0_212]
2019-07-30 20:57:56,574 INFO  impl.HddsDispatcher (ContainerUtils.java:logAndReturnError(146)) - Operation: WriteChunk : Trace ID: e58eeae7531ea39:bb262f13b2062771:40dba9853508d609:0 : Message: ContainerID 2 creation failed : Result: DISK_OUT_OF_SPACE
20:57:56.574 [pool-70-thread-10] ERROR DNAudit - user=null | ip=null | op=WRITE_CHUNK {blockData=conID: 2 locID: 102532400842080284 bcsId: 0} | ret=FAILURE
org.apache.hadoop.hdds.scm.container.common.helpers.StorageContainerException: ContainerID 2 creation failed
	at org.apache.hadoop.ozone.container.common.impl.HddsDispatcher.dispatchRequest(HddsDispatcher.java:227) ~[classes/:?]
	at org.apache.hadoop.ozone.container.common.impl.HddsDispatcher.dispatch(HddsDispatcher.java:148) ~[classes/:?]
	at org.apache.hadoop.ozone.container.common.transport.server.ratis.ContainerStateMachine.dispatchCommand(ContainerStateMachine.java:374) ~[classes/:?]
	at org.apache.hadoop.ozone.container.common.transport.server.ratis.ContainerStateMachine.runCommand(ContainerStateMachine.java:381) ~[classes/:?]
	at org.apache.hadoop.ozone.container.common.transport.server.ratis.ContainerStateMachine.lambda$handleWriteChunk$1(ContainerStateMachine.java:412) ~[classes/:?]
	at java.util.concurrent.CompletableFuture$AsyncSupply.run(CompletableFuture.java:1590) [?:1.8.0_212]
	at java.util.concurrent.ThreadPoolExecutor.runWorker(ThreadPoolExecutor.java:1149) [?:1.8.0_212]
	at java.util.concurrent.ThreadPoolExecutor$Worker.run(ThreadPoolExecutor.java:624) [?:1.8.0_212]
	at java.lang.Thread.run(Thread.java:748) [?:1.8.0_212]
2019-07-30 20:57:56,575 INFO  keyvalue.KeyValueHandler (ContainerUtils.java:logAndReturnError(146)) - Operation: CreateContainer : Trace ID: 42602af2c97e73ef:52cff04de31a310d:f05c215bd590b3c3:0 : Message: Container creation failed, due to disk out of space : Result: DISK_OUT_OF_SPACE
2019-07-30 20:57:56,575 INFO  impl.HddsDispatcher (ContainerUtils.java:logAndReturnError(146)) - Operation: WriteChunk : Trace ID: e58eeae7531ea39:bb262f13b2062771:40dba9853508d609:0 : Message: ContainerID 2 creation failed : Result: DISK_OUT_OF_SPACE
2019-07-30 20:57:56,575 INFO  keyvalue.KeyValueHandler (ContainerUtils.java:logAndReturnError(146)) - Operation: CreateContainer : Trace ID: 8dcff0263c0255fe:dc249ef33f601bd1:b4885ddfed0f932b:0 : Message: Container creation failed, due to disk out of space : Result: DISK_OUT_OF_SPACE
2019-07-30 20:57:56,575 INFO  keyvalue.KeyValueHandler (ContainerUtils.java:logAndReturnError(146)) - Operation: CreateContainer : Trace ID: 8dcff0263c0255fe:dc249ef33f601bd1:b4885ddfed0f932b:0 : Message: Container creation failed, due to disk out of space : Result: DISK_OUT_OF_SPACE
20:57:56.575 [pool-48-thread-34] ERROR DNAudit - user=null | ip=null | op=WRITE_CHUNK {blockData=conID: 3 locID: 102532400842211357 bcsId: 0} | ret=FAILURE
org.apache.hadoop.hdds.scm.container.common.helpers.StorageContainerException: ContainerID 3 creation failed
	at org.apache.hadoop.ozone.container.common.impl.HddsDispatcher.dispatchRequest(HddsDispatcher.java:227) ~[classes/:?]
	at org.apache.hadoop.ozone.container.common.impl.HddsDispatcher.dispatch(HddsDispatcher.java:148) ~[classes/:?]
	at org.apache.hadoop.ozone.container.common.transport.server.ratis.ContainerStateMachine.dispatchCommand(ContainerStateMachine.java:374) ~[classes/:?]
	at org.apache.hadoop.ozone.container.common.transport.server.ratis.ContainerStateMachine.runCommand(ContainerStateMachine.java:381) ~[classes/:?]
	at org.apache.hadoop.ozone.container.common.transport.server.ratis.ContainerStateMachine.lambda$handleWriteChunk$1(ContainerStateMachine.java:412) ~[classes/:?]
	at java.util.concurrent.CompletableFuture$AsyncSupply.run(CompletableFuture.java:1590) [?:1.8.0_212]
	at java.util.concurrent.ThreadPoolExecutor.runWorker(ThreadPoolExecutor.java:1149) [?:1.8.0_212]
	at java.util.concurrent.ThreadPoolExecutor$Worker.run(ThreadPoolExecutor.java:624) [?:1.8.0_212]
	at java.lang.Thread.run(Thread.java:748) [?:1.8.0_212]
2019-07-30 20:57:56,576 INFO  keyvalue.KeyValueHandler (ContainerUtils.java:logAndReturnError(146)) - Operation: CreateContainer : Trace ID: 72ff11851c0494ae:ff25a835564fe0ab:79ff110ec55cc906:0 : Message: Container creation failed, due to disk out of space : Result: DISK_OUT_OF_SPACE
2019-07-30 20:57:56,576 INFO  impl.HddsDispatcher (ContainerUtils.java:logAndReturnError(146)) - Operation: WriteChunk : Trace ID: 42602af2c97e73ef:52cff04de31a310d:f05c215bd590b3c3:0 : Message: ContainerID 3 creation failed : Result: DISK_OUT_OF_SPACE
20:57:56.576 [pool-37-thread-11] ERROR DNAudit - user=null | ip=null | op=WRITE_CHUNK {blockData=conID: 2 locID: 102532400842276895 bcsId: 0} | ret=FAILURE
org.apache.hadoop.hdds.scm.container.common.helpers.StorageContainerException: ContainerID 2 creation failed
	at org.apache.hadoop.ozone.container.common.impl.HddsDispatcher.dispatchRequest(HddsDispatcher.java:227) ~[classes/:?]
	at org.apache.hadoop.ozone.container.common.impl.HddsDispatcher.dispatch(HddsDispatcher.java:148) ~[classes/:?]
	at org.apache.hadoop.ozone.container.common.transport.server.ratis.ContainerStateMachine.dispatchCommand(ContainerStateMachine.java:374) ~[classes/:?]
	at org.apache.hadoop.ozone.container.common.transport.server.ratis.ContainerStateMachine.runCommand(ContainerStateMachine.java:381) ~[classes/:?]
	at org.apache.hadoop.ozone.container.common.transport.server.ratis.ContainerStateMachine.lambda$handleWriteChunk$1(ContainerStateMachine.java:412) ~[classes/:?]
	at java.util.concurrent.CompletableFuture$AsyncSupply.run(CompletableFuture.java:1590) [?:1.8.0_212]
	at java.util.concurrent.ThreadPoolExecutor.runWorker(ThreadPoolExecutor.java:1149) [?:1.8.0_212]
	at java.util.concurrent.ThreadPoolExecutor$Worker.run(ThreadPoolExecutor.java:624) [?:1.8.0_212]
	at java.lang.Thread.run(Thread.java:748) [?:1.8.0_212]
20:57:56.576 [pool-70-thread-11] ERROR DNAudit - user=null | ip=null | op=WRITE_CHUNK {blockData=conID: 2 locID: 102532400842276895 bcsId: 0} | ret=FAILURE
org.apache.hadoop.hdds.scm.container.common.helpers.StorageContainerException: ContainerID 2 creation failed
	at org.apache.hadoop.ozone.container.common.impl.HddsDispatcher.dispatchRequest(HddsDispatcher.java:227) ~[classes/:?]
	at org.apache.hadoop.ozone.container.common.impl.HddsDispatcher.dispatch(HddsDispatcher.java:148) ~[classes/:?]
	at org.apache.hadoop.ozone.container.common.transport.server.ratis.ContainerStateMachine.dispatchCommand(ContainerStateMachine.java:374) ~[classes/:?]
	at org.apache.hadoop.ozone.container.common.transport.server.ratis.ContainerStateMachine.runCommand(ContainerStateMachine.java:381) ~[classes/:?]
	at org.apache.hadoop.ozone.container.common.transport.server.ratis.ContainerStateMachine.lambda$handleWriteChunk$1(ContainerStateMachine.java:412) ~[classes/:?]
	at java.util.concurrent.CompletableFuture$AsyncSupply.run(CompletableFuture.java:1590) [?:1.8.0_212]
	at java.util.concurrent.ThreadPoolExecutor.runWorker(ThreadPoolExecutor.java:1149) [?:1.8.0_212]
	at java.util.concurrent.ThreadPoolExecutor$Worker.run(ThreadPoolExecutor.java:624) [?:1.8.0_212]
	at java.lang.Thread.run(Thread.java:748) [?:1.8.0_212]
2019-07-30 20:57:56,576 INFO  impl.HddsDispatcher (ContainerUtils.java:logAndReturnError(146)) - Operation: WriteChunk : Trace ID: 8dcff0263c0255fe:dc249ef33f601bd1:b4885ddfed0f932b:0 : Message: ContainerID 2 creation failed : Result: DISK_OUT_OF_SPACE
20:57:56.576 [pool-48-thread-37] ERROR DNAudit - user=null | ip=null | op=WRITE_CHUNK {blockData=conID: 3 locID: 102532400841621522 bcsId: 0} | ret=FAILURE
org.apache.hadoop.hdds.scm.container.common.helpers.StorageContainerException: ContainerID 3 creation failed
	at org.apache.hadoop.ozone.container.common.impl.HddsDispatcher.dispatchRequest(HddsDispatcher.java:227) ~[classes/:?]
	at org.apache.hadoop.ozone.container.common.impl.HddsDispatcher.dispatch(HddsDispatcher.java:148) ~[classes/:?]
	at org.apache.hadoop.ozone.container.common.transport.server.ratis.ContainerStateMachine.dispatchCommand(ContainerStateMachine.java:374) ~[classes/:?]
	at org.apache.hadoop.ozone.container.common.transport.server.ratis.ContainerStateMachine.runCommand(ContainerStateMachine.java:381) ~[classes/:?]
	at org.apache.hadoop.ozone.container.common.transport.server.ratis.ContainerStateMachine.lambda$handleWriteChunk$1(ContainerStateMachine.java:412) ~[classes/:?]
	at java.util.concurrent.CompletableFuture$AsyncSupply.run(CompletableFuture.java:1590) [?:1.8.0_212]
	at java.util.concurrent.ThreadPoolExecutor.runWorker(ThreadPoolExecutor.java:1149) [?:1.8.0_212]
	at java.util.concurrent.ThreadPoolExecutor$Worker.run(ThreadPoolExecutor.java:624) [?:1.8.0_212]
	at java.lang.Thread.run(Thread.java:748) [?:1.8.0_212]
2019-07-30 20:57:56,577 INFO  impl.HddsDispatcher (ContainerUtils.java:logAndReturnError(146)) - Operation: WriteChunk : Trace ID: 8dcff0263c0255fe:dc249ef33f601bd1:b4885ddfed0f932b:0 : Message: ContainerID 2 creation failed : Result: DISK_OUT_OF_SPACE
2019-07-30 20:57:56,577 INFO  impl.HddsDispatcher (ContainerUtils.java:logAndReturnError(146)) - Operation: WriteChunk : Trace ID: 72ff11851c0494ae:ff25a835564fe0ab:79ff110ec55cc906:0 : Message: ContainerID 3 creation failed : Result: DISK_OUT_OF_SPACE
2019-07-30 20:57:56,577 INFO  keyvalue.KeyValueHandler (ContainerUtils.java:logAndReturnError(146)) - Operation: CreateContainer : Trace ID: 42602af2c97e73ef:52cff04de31a310d:f05c215bd590b3c3:0 : Message: Container creation failed, due to disk out of space : Result: DISK_OUT_OF_SPACE
2019-07-30 20:57:56,577 INFO  keyvalue.KeyValueHandler (ContainerUtils.java:logAndReturnError(146)) - Operation: CreateContainer : Trace ID: 42602af2c97e73ef:52cff04de31a310d:f05c215bd590b3c3:0 : Message: Container creation failed, due to disk out of space : Result: DISK_OUT_OF_SPACE
20:57:56.577 [pool-37-thread-12] ERROR DNAudit - user=null | ip=null | op=WRITE_CHUNK {blockData=conID: 3 locID: 102532400842211357 bcsId: 0} | ret=FAILURE
org.apache.hadoop.hdds.scm.container.common.helpers.StorageContainerException: ContainerID 3 creation failed
	at org.apache.hadoop.ozone.container.common.impl.HddsDispatcher.dispatchRequest(HddsDispatcher.java:227) ~[classes/:?]
	at org.apache.hadoop.ozone.container.common.impl.HddsDispatcher.dispatch(HddsDispatcher.java:148) ~[classes/:?]
	at org.apache.hadoop.ozone.container.common.transport.server.ratis.ContainerStateMachine.dispatchCommand(ContainerStateMachine.java:374) ~[classes/:?]
	at org.apache.hadoop.ozone.container.common.transport.server.ratis.ContainerStateMachine.runCommand(ContainerStateMachine.java:381) ~[classes/:?]
	at org.apache.hadoop.ozone.container.common.transport.server.ratis.ContainerStateMachine.lambda$handleWriteChunk$1(ContainerStateMachine.java:412) ~[classes/:?]
	at java.util.concurrent.CompletableFuture$AsyncSupply.run(CompletableFuture.java:1590) [?:1.8.0_212]
	at java.util.concurrent.ThreadPoolExecutor.runWorker(ThreadPoolExecutor.java:1149) [?:1.8.0_212]
	at java.util.concurrent.ThreadPoolExecutor$Worker.run(ThreadPoolExecutor.java:624) [?:1.8.0_212]
	at java.lang.Thread.run(Thread.java:748) [?:1.8.0_212]
2019-07-30 20:57:56,578 INFO  keyvalue.KeyValueHandler (ContainerUtils.java:logAndReturnError(146)) - Operation: CreateContainer : Trace ID: 72ff11851c0494ae:ff25a835564fe0ab:79ff110ec55cc906:0 : Message: Container creation failed, due to disk out of space : Result: DISK_OUT_OF_SPACE
2019-07-30 20:57:56,578 INFO  impl.HddsDispatcher (ContainerUtils.java:logAndReturnError(146)) - Operation: WriteChunk : Trace ID: 42602af2c97e73ef:52cff04de31a310d:f05c215bd590b3c3:0 : Message: ContainerID 3 creation failed : Result: DISK_OUT_OF_SPACE
2019-07-30 20:57:56,578 INFO  keyvalue.KeyValueHandler (ContainerUtils.java:logAndReturnError(146)) - Operation: CreateContainer : Trace ID: 72ff11851c0494ae:ff25a835564fe0ab:79ff110ec55cc906:0 : Message: Container creation failed, due to disk out of space : Result: DISK_OUT_OF_SPACE
20:57:56.578 [pool-37-thread-13] ERROR DNAudit - user=null | ip=null | op=WRITE_CHUNK {blockData=conID: 3 locID: 102532400841621522 bcsId: 0} | ret=FAILURE
org.apache.hadoop.hdds.scm.container.common.helpers.StorageContainerException: ContainerID 3 creation failed
	at org.apache.hadoop.ozone.container.common.impl.HddsDispatcher.dispatchRequest(HddsDispatcher.java:227) ~[classes/:?]
	at org.apache.hadoop.ozone.container.common.impl.HddsDispatcher.dispatch(HddsDispatcher.java:148) ~[classes/:?]
	at org.apache.hadoop.ozone.container.common.transport.server.ratis.ContainerStateMachine.dispatchCommand(ContainerStateMachine.java:374) ~[classes/:?]
	at org.apache.hadoop.ozone.container.common.transport.server.ratis.ContainerStateMachine.runCommand(ContainerStateMachine.java:381) ~[classes/:?]
	at org.apache.hadoop.ozone.container.common.transport.server.ratis.ContainerStateMachine.lambda$handleWriteChunk$1(ContainerStateMachine.java:412) ~[classes/:?]
	at java.util.concurrent.CompletableFuture$AsyncSupply.run(CompletableFuture.java:1590) [?:1.8.0_212]
	at java.util.concurrent.ThreadPoolExecutor.runWorker(ThreadPoolExecutor.java:1149) [?:1.8.0_212]
	at java.util.concurrent.ThreadPoolExecutor$Worker.run(ThreadPoolExecutor.java:624) [?:1.8.0_212]
	at java.lang.Thread.run(Thread.java:748) [?:1.8.0_212]
2019-07-30 20:57:56,578 INFO  impl.HddsDispatcher (ContainerUtils.java:logAndReturnError(146)) - Operation: WriteChunk : Trace ID: 72ff11851c0494ae:ff25a835564fe0ab:79ff110ec55cc906:0 : Message: ContainerID 3 creation failed : Result: DISK_OUT_OF_SPACE
20:57:56.578 [pool-70-thread-12] ERROR DNAudit - user=null | ip=null | op=WRITE_CHUNK {blockData=conID: 3 locID: 102532400842211357 bcsId: 0} | ret=FAILURE
org.apache.hadoop.hdds.scm.container.common.helpers.StorageContainerException: ContainerID 3 creation failed
	at org.apache.hadoop.ozone.container.common.impl.HddsDispatcher.dispatchRequest(HddsDispatcher.java:227) ~[classes/:?]
	at org.apache.hadoop.ozone.container.common.impl.HddsDispatcher.dispatch(HddsDispatcher.java:148) ~[classes/:?]
	at org.apache.hadoop.ozone.container.common.transport.server.ratis.ContainerStateMachine.dispatchCommand(ContainerStateMachine.java:374) ~[classes/:?]
	at org.apache.hadoop.ozone.container.common.transport.server.ratis.ContainerStateMachine.runCommand(ContainerStateMachine.java:381) ~[classes/:?]
	at org.apache.hadoop.ozone.container.common.transport.server.ratis.ContainerStateMachine.lambda$handleWriteChunk$1(ContainerStateMachine.java:412) ~[classes/:?]
	at java.util.concurrent.CompletableFuture$AsyncSupply.run(CompletableFuture.java:1590) [?:1.8.0_212]
	at java.util.concurrent.ThreadPoolExecutor.runWorker(ThreadPoolExecutor.java:1149) [?:1.8.0_212]
	at java.util.concurrent.ThreadPoolExecutor$Worker.run(ThreadPoolExecutor.java:624) [?:1.8.0_212]
	at java.lang.Thread.run(Thread.java:748) [?:1.8.0_212]
2019-07-30 20:57:56,579 INFO  impl.HddsDispatcher (ContainerUtils.java:logAndReturnError(146)) - Operation: WriteChunk : Trace ID: 42602af2c97e73ef:52cff04de31a310d:f05c215bd590b3c3:0 : Message: ContainerID 3 creation failed : Result: DISK_OUT_OF_SPACE
20:57:56.578 [pool-70-thread-13] ERROR DNAudit - user=null | ip=null | op=WRITE_CHUNK {blockData=conID: 3 locID: 102532400841621522 bcsId: 0} | ret=FAILURE
org.apache.hadoop.hdds.scm.container.common.helpers.StorageContainerException: ContainerID 3 creation failed
	at org.apache.hadoop.ozone.container.common.impl.HddsDispatcher.dispatchRequest(HddsDispatcher.java:227) ~[classes/:?]
	at org.apache.hadoop.ozone.container.common.impl.HddsDispatcher.dispatch(HddsDispatcher.java:148) ~[classes/:?]
	at org.apache.hadoop.ozone.container.common.transport.server.ratis.ContainerStateMachine.dispatchCommand(ContainerStateMachine.java:374) ~[classes/:?]
	at org.apache.hadoop.ozone.container.common.transport.server.ratis.ContainerStateMachine.runCommand(ContainerStateMachine.java:381) ~[classes/:?]
	at org.apache.hadoop.ozone.container.common.transport.server.ratis.ContainerStateMachine.lambda$handleWriteChunk$1(ContainerStateMachine.java:412) ~[classes/:?]
	at java.util.concurrent.CompletableFuture$AsyncSupply.run(CompletableFuture.java:1590) [?:1.8.0_212]
	at java.util.concurrent.ThreadPoolExecutor.runWorker(ThreadPoolExecutor.java:1149) [?:1.8.0_212]
	at java.util.concurrent.ThreadPoolExecutor$Worker.run(ThreadPoolExecutor.java:624) [?:1.8.0_212]
	at java.lang.Thread.run(Thread.java:748) [?:1.8.0_212]
2019-07-30 20:57:56,579 INFO  keyvalue.KeyValueHandler (ContainerUtils.java:logAndReturnError(146)) - Operation: CreateContainer : Trace ID: 8dc1668f87549467:6913bdcc554e30f2:71b8ddf8273f38ae:0 : Message: Container creation failed, due to disk out of space : Result: DISK_OUT_OF_SPACE
2019-07-30 20:57:56,579 INFO  impl.HddsDispatcher (ContainerUtils.java:logAndReturnError(146)) - Operation: WriteChunk : Trace ID: 72ff11851c0494ae:ff25a835564fe0ab:79ff110ec55cc906:0 : Message: ContainerID 3 creation failed : Result: DISK_OUT_OF_SPACE
20:57:56.579 [pool-48-thread-40] ERROR DNAudit - user=null | ip=null | op=WRITE_CHUNK {blockData=conID: 2 locID: 102532400841818133 bcsId: 0} | ret=FAILURE
org.apache.hadoop.hdds.scm.container.common.helpers.StorageContainerException: ContainerID 2 creation failed
	at org.apache.hadoop.ozone.container.common.impl.HddsDispatcher.dispatchRequest(HddsDispatcher.java:227) ~[classes/:?]
	at org.apache.hadoop.ozone.container.common.impl.HddsDispatcher.dispatch(HddsDispatcher.java:148) ~[classes/:?]
	at org.apache.hadoop.ozone.container.common.transport.server.ratis.ContainerStateMachine.dispatchCommand(ContainerStateMachine.java:374) ~[classes/:?]
	at org.apache.hadoop.ozone.container.common.transport.server.ratis.ContainerStateMachine.runCommand(ContainerStateMachine.java:381) ~[classes/:?]
	at org.apache.hadoop.ozone.container.common.transport.server.ratis.ContainerStateMachine.lambda$handleWriteChunk$1(ContainerStateMachine.java:412) ~[classes/:?]
	at java.util.concurrent.CompletableFuture$AsyncSupply.run(CompletableFuture.java:1590) [?:1.8.0_212]
	at java.util.concurrent.ThreadPoolExecutor.runWorker(ThreadPoolExecutor.java:1149) [?:1.8.0_212]
	at java.util.concurrent.ThreadPoolExecutor$Worker.run(ThreadPoolExecutor.java:624) [?:1.8.0_212]
	at java.lang.Thread.run(Thread.java:748) [?:1.8.0_212]
2019-07-30 20:57:56,580 INFO  impl.HddsDispatcher (ContainerUtils.java:logAndReturnError(146)) - Operation: WriteChunk : Trace ID: 8dc1668f87549467:6913bdcc554e30f2:71b8ddf8273f38ae:0 : Message: ContainerID 2 creation failed : Result: DISK_OUT_OF_SPACE
2019-07-30 20:57:56,581 INFO  keyvalue.KeyValueHandler (ContainerUtils.java:logAndReturnError(146)) - Operation: CreateContainer : Trace ID: 8dc1668f87549467:6913bdcc554e30f2:71b8ddf8273f38ae:0 : Message: Container creation failed, due to disk out of space : Result: DISK_OUT_OF_SPACE
2019-07-30 20:57:56,581 INFO  keyvalue.KeyValueHandler (ContainerUtils.java:logAndReturnError(146)) - Operation: CreateContainer : Trace ID: 8dc1668f87549467:6913bdcc554e30f2:71b8ddf8273f38ae:0 : Message: Container creation failed, due to disk out of space : Result: DISK_OUT_OF_SPACE
20:57:56.582 [pool-37-thread-14] ERROR DNAudit - user=null | ip=null | op=WRITE_CHUNK {blockData=conID: 2 locID: 102532400841818133 bcsId: 0} | ret=FAILURE
org.apache.hadoop.hdds.scm.container.common.helpers.StorageContainerException: ContainerID 2 creation failed
	at org.apache.hadoop.ozone.container.common.impl.HddsDispatcher.dispatchRequest(HddsDispatcher.java:227) ~[classes/:?]
	at org.apache.hadoop.ozone.container.common.impl.HddsDispatcher.dispatch(HddsDispatcher.java:148) ~[classes/:?]
	at org.apache.hadoop.ozone.container.common.transport.server.ratis.ContainerStateMachine.dispatchCommand(ContainerStateMachine.java:374) ~[classes/:?]
	at org.apache.hadoop.ozone.container.common.transport.server.ratis.ContainerStateMachine.runCommand(ContainerStateMachine.java:381) ~[classes/:?]
	at org.apache.hadoop.ozone.container.common.transport.server.ratis.ContainerStateMachine.lambda$handleWriteChunk$1(ContainerStateMachine.java:412) ~[classes/:?]
	at java.util.concurrent.CompletableFuture$AsyncSupply.run(CompletableFuture.java:1590) [?:1.8.0_212]
	at java.util.concurrent.ThreadPoolExecutor.runWorker(ThreadPoolExecutor.java:1149) [?:1.8.0_212]
	at java.util.concurrent.ThreadPoolExecutor$Worker.run(ThreadPoolExecutor.java:624) [?:1.8.0_212]
	at java.lang.Thread.run(Thread.java:748) [?:1.8.0_212]
20:57:56.582 [pool-70-thread-14] ERROR DNAudit - user=null | ip=null | op=WRITE_CHUNK {blockData=conID: 2 locID: 102532400841818133 bcsId: 0} | ret=FAILURE
org.apache.hadoop.hdds.scm.container.common.helpers.StorageContainerException: ContainerID 2 creation failed
	at org.apache.hadoop.ozone.container.common.impl.HddsDispatcher.dispatchRequest(HddsDispatcher.java:227) ~[classes/:?]
	at org.apache.hadoop.ozone.container.common.impl.HddsDispatcher.dispatch(HddsDispatcher.java:148) ~[classes/:?]
	at org.apache.hadoop.ozone.container.common.transport.server.ratis.ContainerStateMachine.dispatchCommand(ContainerStateMachine.java:374) ~[classes/:?]
	at org.apache.hadoop.ozone.container.common.transport.server.ratis.ContainerStateMachine.runCommand(ContainerStateMachine.java:381) ~[classes/:?]
	at org.apache.hadoop.ozone.container.common.transport.server.ratis.ContainerStateMachine.lambda$handleWriteChunk$1(ContainerStateMachine.java:412) ~[classes/:?]
	at java.util.concurrent.CompletableFuture$AsyncSupply.run(CompletableFuture.java:1590) [?:1.8.0_212]
	at java.util.concurrent.ThreadPoolExecutor.runWorker(ThreadPoolExecutor.java:1149) [?:1.8.0_212]
	at java.util.concurrent.ThreadPoolExecutor$Worker.run(ThreadPoolExecutor.java:624) [?:1.8.0_212]
	at java.lang.Thread.run(Thread.java:748) [?:1.8.0_212]
2019-07-30 20:57:56,583 INFO  impl.HddsDispatcher (ContainerUtils.java:logAndReturnError(146)) - Operation: WriteChunk : Trace ID: 8dc1668f87549467:6913bdcc554e30f2:71b8ddf8273f38ae:0 : Message: ContainerID 2 creation failed : Result: DISK_OUT_OF_SPACE
2019-07-30 20:57:56,583 INFO  impl.HddsDispatcher (ContainerUtils.java:logAndReturnError(146)) - Operation: WriteChunk : Trace ID: 8dc1668f87549467:6913bdcc554e30f2:71b8ddf8273f38ae:0 : Message: ContainerID 2 creation failed : Result: DISK_OUT_OF_SPACE
2019-07-30 20:57:56,585 INFO  keyvalue.KeyValueHandler (ContainerUtils.java:logAndReturnError(146)) - Operation: CreateContainer : Trace ID: d5af902e08705264:81bed01b96cab326:48cf19bcb13ce964:0 : Message: Container creation failed, due to disk out of space : Result: DISK_OUT_OF_SPACE
20:57:56.585 [pool-48-thread-46] ERROR DNAudit - user=null | ip=null | op=WRITE_CHUNK {blockData=conID: 2 locID: 102532400841621520 bcsId: 0} | ret=FAILURE
org.apache.hadoop.hdds.scm.container.common.helpers.StorageContainerException: ContainerID 2 creation failed
	at org.apache.hadoop.ozone.container.common.impl.HddsDispatcher.dispatchRequest(HddsDispatcher.java:227) ~[classes/:?]
	at org.apache.hadoop.ozone.container.common.impl.HddsDispatcher.dispatch(HddsDispatcher.java:148) ~[classes/:?]
	at org.apache.hadoop.ozone.container.common.transport.server.ratis.ContainerStateMachine.dispatchCommand(ContainerStateMachine.java:374) ~[classes/:?]
	at org.apache.hadoop.ozone.container.common.transport.server.ratis.ContainerStateMachine.runCommand(ContainerStateMachine.java:381) ~[classes/:?]
	at org.apache.hadoop.ozone.container.common.transport.server.ratis.ContainerStateMachine.lambda$handleWriteChunk$1(ContainerStateMachine.java:412) ~[classes/:?]
	at java.util.concurrent.CompletableFuture$AsyncSupply.run(CompletableFuture.java:1590) [?:1.8.0_212]
	at java.util.concurrent.ThreadPoolExecutor.runWorker(ThreadPoolExecutor.java:1149) [?:1.8.0_212]
	at java.util.concurrent.ThreadPoolExecutor$Worker.run(ThreadPoolExecutor.java:624) [?:1.8.0_212]
	at java.lang.Thread.run(Thread.java:748) [?:1.8.0_212]
2019-07-30 20:57:56,585 INFO  impl.HddsDispatcher (ContainerUtils.java:logAndReturnError(146)) - Operation: WriteChunk : Trace ID: d5af902e08705264:81bed01b96cab326:48cf19bcb13ce964:0 : Message: ContainerID 2 creation failed : Result: DISK_OUT_OF_SPACE
2019-07-30 20:57:56,586 INFO  keyvalue.KeyValueHandler (ContainerUtils.java:logAndReturnError(146)) - Operation: CreateContainer : Trace ID: d5af902e08705264:81bed01b96cab326:48cf19bcb13ce964:0 : Message: Container creation failed, due to disk out of space : Result: DISK_OUT_OF_SPACE
2019-07-30 20:57:56,587 INFO  keyvalue.KeyValueHandler (ContainerUtils.java:logAndReturnError(146)) - Operation: CreateContainer : Trace ID: 681c2a0c1a589342:b8c72a9e84416cc1:abb4d72cb20c8075:0 : Message: Container creation failed, due to disk out of space : Result: DISK_OUT_OF_SPACE
2019-07-30 20:57:56,587 INFO  keyvalue.KeyValueHandler (ContainerUtils.java:logAndReturnError(146)) - Operation: CreateContainer : Trace ID: d5af902e08705264:81bed01b96cab326:48cf19bcb13ce964:0 : Message: Container creation failed, due to disk out of space : Result: DISK_OUT_OF_SPACE
20:57:56.587 [pool-70-thread-16] ERROR DNAudit - user=null | ip=null | op=WRITE_CHUNK {blockData=conID: 2 locID: 102532400841621520 bcsId: 0} | ret=FAILURE
org.apache.hadoop.hdds.scm.container.common.helpers.StorageContainerException: ContainerID 2 creation failed
	at org.apache.hadoop.ozone.container.common.impl.HddsDispatcher.dispatchRequest(HddsDispatcher.java:227) ~[classes/:?]
	at org.apache.hadoop.ozone.container.common.impl.HddsDispatcher.dispatch(HddsDispatcher.java:148) ~[classes/:?]
	at org.apache.hadoop.ozone.container.common.transport.server.ratis.ContainerStateMachine.dispatchCommand(ContainerStateMachine.java:374) ~[classes/:?]
	at org.apache.hadoop.ozone.container.common.transport.server.ratis.ContainerStateMachine.runCommand(ContainerStateMachine.java:381) ~[classes/:?]
	at org.apache.hadoop.ozone.container.common.transport.server.ratis.ContainerStateMachine.lambda$handleWriteChunk$1(ContainerStateMachine.java:412) ~[classes/:?]
	at java.util.concurrent.CompletableFuture$AsyncSupply.run(CompletableFuture.java:1590) [?:1.8.0_212]
	at java.util.concurrent.ThreadPoolExecutor.runWorker(ThreadPoolExecutor.java:1149) [?:1.8.0_212]
	at java.util.concurrent.ThreadPoolExecutor$Worker.run(ThreadPoolExecutor.java:624) [?:1.8.0_212]
	at java.lang.Thread.run(Thread.java:748) [?:1.8.0_212]
20:57:56.587 [pool-48-thread-49] ERROR DNAudit - user=null | ip=null | op=WRITE_CHUNK {blockData=conID: 3 locID: 102532400841818134 bcsId: 0} | ret=FAILURE
org.apache.hadoop.hdds.scm.container.common.helpers.StorageContainerException: ContainerID 3 creation failed
	at org.apache.hadoop.ozone.container.common.impl.HddsDispatcher.dispatchRequest(HddsDispatcher.java:227) ~[classes/:?]
	at org.apache.hadoop.ozone.container.common.impl.HddsDispatcher.dispatch(HddsDispatcher.java:148) ~[classes/:?]
	at org.apache.hadoop.ozone.container.common.transport.server.ratis.ContainerStateMachine.dispatchCommand(ContainerStateMachine.java:374) ~[classes/:?]
	at org.apache.hadoop.ozone.container.common.transport.server.ratis.ContainerStateMachine.runCommand(ContainerStateMachine.java:381) ~[classes/:?]
	at org.apache.hadoop.ozone.container.common.transport.server.ratis.ContainerStateMachine.lambda$handleWriteChunk$1(ContainerStateMachine.java:412) ~[classes/:?]
	at java.util.concurrent.CompletableFuture$AsyncSupply.run(CompletableFuture.java:1590) [?:1.8.0_212]
	at java.util.concurrent.ThreadPoolExecutor.runWorker(ThreadPoolExecutor.java:1149) [?:1.8.0_212]
	at java.util.concurrent.ThreadPoolExecutor$Worker.run(ThreadPoolExecutor.java:624) [?:1.8.0_212]
	at java.lang.Thread.run(Thread.java:748) [?:1.8.0_212]
2019-07-30 20:57:56,587 INFO  impl.HddsDispatcher (ContainerUtils.java:logAndReturnError(146)) - Operation: WriteChunk : Trace ID: d5af902e08705264:81bed01b96cab326:48cf19bcb13ce964:0 : Message: ContainerID 2 creation failed : Result: DISK_OUT_OF_SPACE
2019-07-30 20:57:56,587 INFO  impl.HddsDispatcher (ContainerUtils.java:logAndReturnError(146)) - Operation: WriteChunk : Trace ID: 681c2a0c1a589342:b8c72a9e84416cc1:abb4d72cb20c8075:0 : Message: ContainerID 3 creation failed : Result: DISK_OUT_OF_SPACE
20:57:56.587 [pool-37-thread-16] ERROR DNAudit - user=null | ip=null | op=WRITE_CHUNK {blockData=conID: 2 locID: 102532400841621520 bcsId: 0} | ret=FAILURE
org.apache.hadoop.hdds.scm.container.common.helpers.StorageContainerException: ContainerID 2 creation failed
	at org.apache.hadoop.ozone.container.common.impl.HddsDispatcher.dispatchRequest(HddsDispatcher.java:227) ~[classes/:?]
	at org.apache.hadoop.ozone.container.common.impl.HddsDispatcher.dispatch(HddsDispatcher.java:148) ~[classes/:?]
	at org.apache.hadoop.ozone.container.common.transport.server.ratis.ContainerStateMachine.dispatchCommand(ContainerStateMachine.java:374) ~[classes/:?]
	at org.apache.hadoop.ozone.container.common.transport.server.ratis.ContainerStateMachine.runCommand(ContainerStateMachine.java:381) ~[classes/:?]
	at org.apache.hadoop.ozone.container.common.transport.server.ratis.ContainerStateMachine.lambda$handleWriteChunk$1(ContainerStateMachine.java:412) ~[classes/:?]
	at java.util.concurrent.CompletableFuture$AsyncSupply.run(CompletableFuture.java:1590) [?:1.8.0_212]
	at java.util.concurrent.ThreadPoolExecutor.runWorker(ThreadPoolExecutor.java:1149) [?:1.8.0_212]
	at java.util.concurrent.ThreadPoolExecutor$Worker.run(ThreadPoolExecutor.java:624) [?:1.8.0_212]
	at java.lang.Thread.run(Thread.java:748) [?:1.8.0_212]
2019-07-30 20:57:56,588 INFO  impl.HddsDispatcher (ContainerUtils.java:logAndReturnError(146)) - Operation: WriteChunk : Trace ID: d5af902e08705264:81bed01b96cab326:48cf19bcb13ce964:0 : Message: ContainerID 2 creation failed : Result: DISK_OUT_OF_SPACE
20:57:56.588 [RatisApplyTransactionExecutor 2] ERROR DNAudit - user=null | ip=null | op=WRITE_CHUNK {blockData=conID: 2 locID: 102532400842080284 bcsId: 0} | ret=FAILURE
org.apache.hadoop.hdds.scm.container.common.helpers.StorageContainerException: ContainerID 2 does not exist
	at org.apache.hadoop.ozone.container.common.impl.HddsDispatcher.dispatchRequest(HddsDispatcher.java:242) ~[classes/:?]
	at org.apache.hadoop.ozone.container.common.impl.HddsDispatcher.dispatch(HddsDispatcher.java:148) ~[classes/:?]
	at org.apache.hadoop.ozone.container.common.transport.server.ratis.ContainerStateMachine.dispatchCommand(ContainerStateMachine.java:374) ~[classes/:?]
	at org.apache.hadoop.ozone.container.common.transport.server.ratis.ContainerStateMachine.runCommand(ContainerStateMachine.java:381) ~[classes/:?]
	at org.apache.hadoop.ozone.container.common.transport.server.ratis.ContainerStateMachine.lambda$applyTransaction$6(ContainerStateMachine.java:647) ~[classes/:?]
	at java.util.concurrent.CompletableFuture$AsyncSupply.run(CompletableFuture.java:1590) [?:1.8.0_212]
	at java.util.concurrent.ThreadPoolExecutor.runWorker(ThreadPoolExecutor.java:1149) [?:1.8.0_212]
	at java.util.concurrent.ThreadPoolExecutor$Worker.run(ThreadPoolExecutor.java:624) [?:1.8.0_212]
	at java.lang.Thread.run(Thread.java:748) [?:1.8.0_212]
2019-07-30 20:57:56,588 INFO  impl.HddsDispatcher (ContainerUtils.java:logAndReturnError(146)) - Operation: WriteChunk : Trace ID: e58eeae7531ea39:bb262f13b2062771:40dba9853508d609:0 : Message: ContainerID 2 does not exist : Result: CONTAINER_NOT_FOUND
2019-07-30 20:57:56,589 INFO  keyvalue.KeyValueHandler (ContainerUtils.java:logAndReturnError(146)) - Operation: CreateContainer : Trace ID: 681c2a0c1a589342:b8c72a9e84416cc1:abb4d72cb20c8075:0 : Message: Container creation failed, due to disk out of space : Result: DISK_OUT_OF_SPACE
2019-07-30 20:57:56,589 INFO  keyvalue.KeyValueHandler (ContainerUtils.java:logAndReturnError(146)) - Operation: CreateContainer : Trace ID: 681c2a0c1a589342:b8c72a9e84416cc1:abb4d72cb20c8075:0 : Message: Container creation failed, due to disk out of space : Result: DISK_OUT_OF_SPACE
20:57:56.589 [pool-70-thread-17] ERROR DNAudit - user=null | ip=null | op=WRITE_CHUNK {blockData=conID: 3 locID: 102532400841818134 bcsId: 0} | ret=FAILURE
org.apache.hadoop.hdds.scm.container.common.helpers.StorageContainerException: ContainerID 3 creation failed
	at org.apache.hadoop.ozone.container.common.impl.HddsDispatcher.dispatchRequest(HddsDispatcher.java:227) ~[classes/:?]
	at org.apache.hadoop.ozone.container.common.impl.HddsDispatcher.dispatch(HddsDispatcher.java:148) ~[classes/:?]
	at org.apache.hadoop.ozone.container.common.transport.server.ratis.ContainerStateMachine.dispatchCommand(ContainerStateMachine.java:374) ~[classes/:?]
	at org.apache.hadoop.ozone.container.common.transport.server.ratis.ContainerStateMachine.runCommand(ContainerStateMachine.java:381) ~[classes/:?]
	at org.apache.hadoop.ozone.container.common.transport.server.ratis.ContainerStateMachine.lambda$handleWriteChunk$1(ContainerStateMachine.java:412) ~[classes/:?]
	at java.util.concurrent.CompletableFuture$AsyncSupply.run(CompletableFuture.java:1590) [?:1.8.0_212]
	at java.util.concurrent.ThreadPoolExecutor.runWorker(ThreadPoolExecutor.java:1149) [?:1.8.0_212]
	at java.util.concurrent.ThreadPoolExecutor$Worker.run(ThreadPoolExecutor.java:624) [?:1.8.0_212]
	at java.lang.Thread.run(Thread.java:748) [?:1.8.0_212]
2019-07-30 20:57:56,590 INFO  impl.HddsDispatcher (ContainerUtils.java:logAndReturnError(146)) - Operation: WriteChunk : Trace ID: 681c2a0c1a589342:b8c72a9e84416cc1:abb4d72cb20c8075:0 : Message: ContainerID 3 creation failed : Result: DISK_OUT_OF_SPACE
20:57:56.590 [RatisApplyTransactionExecutor 2] ERROR DNAudit - user=null | ip=null | op=WRITE_CHUNK {blockData=conID: 2 locID: 102532400842276895 bcsId: 0} | ret=FAILURE
org.apache.hadoop.hdds.scm.container.common.helpers.StorageContainerException: ContainerID 2 does not exist
	at org.apache.hadoop.ozone.container.common.impl.HddsDispatcher.dispatchRequest(HddsDispatcher.java:242) ~[classes/:?]
	at org.apache.hadoop.ozone.container.common.impl.HddsDispatcher.dispatch(HddsDispatcher.java:148) ~[classes/:?]
	at org.apache.hadoop.ozone.container.common.transport.server.ratis.ContainerStateMachine.dispatchCommand(ContainerStateMachine.java:374) ~[classes/:?]
	at org.apache.hadoop.ozone.container.common.transport.server.ratis.ContainerStateMachine.runCommand(ContainerStateMachine.java:381) ~[classes/:?]
	at org.apache.hadoop.ozone.container.common.transport.server.ratis.ContainerStateMachine.lambda$applyTransaction$6(ContainerStateMachine.java:647) ~[classes/:?]
	at java.util.concurrent.CompletableFuture$AsyncSupply.run(CompletableFuture.java:1590) [?:1.8.0_212]
	at java.util.concurrent.ThreadPoolExecutor.runWorker(ThreadPoolExecutor.java:1149) [?:1.8.0_212]
	at java.util.concurrent.ThreadPoolExecutor$Worker.run(ThreadPoolExecutor.java:624) [?:1.8.0_212]
	at java.lang.Thread.run(Thread.java:748) [?:1.8.0_212]
2019-07-30 20:57:56,590 INFO  impl.HddsDispatcher (ContainerUtils.java:logAndReturnError(146)) - Operation: WriteChunk : Trace ID: 8dcff0263c0255fe:dc249ef33f601bd1:b4885ddfed0f932b:0 : Message: ContainerID 2 does not exist : Result: CONTAINER_NOT_FOUND
20:57:56.589 [pool-37-thread-17] ERROR DNAudit - user=null | ip=null | op=WRITE_CHUNK {blockData=conID: 3 locID: 102532400841818134 bcsId: 0} | ret=FAILURE
org.apache.hadoop.hdds.scm.container.common.helpers.StorageContainerException: ContainerID 3 creation failed
	at org.apache.hadoop.ozone.container.common.impl.HddsDispatcher.dispatchRequest(HddsDispatcher.java:227) ~[classes/:?]
	at org.apache.hadoop.ozone.container.common.impl.HddsDispatcher.dispatch(HddsDispatcher.java:148) ~[classes/:?]
	at org.apache.hadoop.ozone.container.common.transport.server.ratis.ContainerStateMachine.dispatchCommand(ContainerStateMachine.java:374) ~[classes/:?]
	at org.apache.hadoop.ozone.container.common.transport.server.ratis.ContainerStateMachine.runCommand(ContainerStateMachine.java:381) ~[classes/:?]
	at org.apache.hadoop.ozone.container.common.transport.server.ratis.ContainerStateMachine.lambda$handleWriteChunk$1(ContainerStateMachine.java:412) ~[classes/:?]
	at java.util.concurrent.CompletableFuture$AsyncSupply.run(CompletableFuture.java:1590) [?:1.8.0_212]
	at java.util.concurrent.ThreadPoolExecutor.runWorker(ThreadPoolExecutor.java:1149) [?:1.8.0_212]
	at java.util.concurrent.ThreadPoolExecutor$Worker.run(ThreadPoolExecutor.java:624) [?:1.8.0_212]
	at java.lang.Thread.run(Thread.java:748) [?:1.8.0_212]
2019-07-30 20:57:56,593 INFO  impl.HddsDispatcher (ContainerUtils.java:logAndReturnError(146)) - Operation: WriteChunk : Trace ID: 681c2a0c1a589342:b8c72a9e84416cc1:abb4d72cb20c8075:0 : Message: ContainerID 3 creation failed : Result: DISK_OUT_OF_SPACE
2019-07-30 20:57:56,594 INFO  client.GrpcClientProtocolClient (GrpcClientProtocolClient.java:onNext(255)) - client-E494ADF04478->b886fbb7-990e-4a24-a2cf-3fb3cd8b1c79: receive RaftClientReply:client-E494ADF04478->b886fbb7-990e-4a24-a2cf-3fb3cd8b1c79@group-79705B3AEBD9, cid=33, SUCCESS, logIndex=35, commits[b886fbb7-990e-4a24-a2cf-3fb3cd8b1c79:c36, 8d326b13-47f6-487d-88ff-0b7d36d1dd11:c34, 88b457c9-a839-4d83-9bd8-4c2a9c6ac969:c34]
2019-07-30 20:57:56,594 ERROR storage.BlockOutputStream (BlockOutputStream.java:validateResponse(531)) - Unexpected Storage Container Exception: 
org.apache.hadoop.hdds.scm.container.common.helpers.StorageContainerException: ContainerID 2 does not exist
	at org.apache.hadoop.hdds.scm.storage.ContainerProtocolCalls.validateContainerResponse(ContainerProtocolCalls.java:536)
	at org.apache.hadoop.hdds.scm.storage.BlockOutputStream.validateResponse(BlockOutputStream.java:529)
	at org.apache.hadoop.hdds.scm.storage.BlockOutputStream.lambda$writeChunkToContainer$2(BlockOutputStream.java:606)
	at java.util.concurrent.CompletableFuture.uniApply(CompletableFuture.java:602)
	at java.util.concurrent.CompletableFuture$UniApply.tryFire(CompletableFuture.java:577)
	at java.util.concurrent.CompletableFuture$Completion.run(CompletableFuture.java:442)
	at java.util.concurrent.ThreadPoolExecutor.runWorker(ThreadPoolExecutor.java:1149)
	at java.util.concurrent.ThreadPoolExecutor$Worker.run(ThreadPoolExecutor.java:624)
	at java.lang.Thread.run(Thread.java:748)
2019-07-30 20:57:56,595 INFO  client.GrpcClientProtocolClient (GrpcClientProtocolClient.java:onNext(255)) - client-E494ADF04478->b886fbb7-990e-4a24-a2cf-3fb3cd8b1c79: receive RaftClientReply:client-E494ADF04478->b886fbb7-990e-4a24-a2cf-3fb3cd8b1c79@group-79705B3AEBD9, cid=34, SUCCESS, logIndex=36, commits[b886fbb7-990e-4a24-a2cf-3fb3cd8b1c79:c36, 8d326b13-47f6-487d-88ff-0b7d36d1dd11:c34, 88b457c9-a839-4d83-9bd8-4c2a9c6ac969:c34]
2019-07-30 20:57:56,596 ERROR storage.BlockOutputStream (BlockOutputStream.java:validateResponse(531)) - Unexpected Storage Container Exception: 
org.apache.hadoop.hdds.scm.container.common.helpers.StorageContainerException: ContainerID 2 does not exist
	at org.apache.hadoop.hdds.scm.storage.ContainerProtocolCalls.validateContainerResponse(ContainerProtocolCalls.java:536)
	at org.apache.hadoop.hdds.scm.storage.BlockOutputStream.validateResponse(BlockOutputStream.java:529)
	at org.apache.hadoop.hdds.scm.storage.BlockOutputStream.lambda$writeChunkToContainer$2(BlockOutputStream.java:606)
	at java.util.concurrent.CompletableFuture.uniApply(CompletableFuture.java:602)
	at java.util.concurrent.CompletableFuture$UniApply.tryFire(CompletableFuture.java:577)
	at java.util.concurrent.CompletableFuture$Completion.run(CompletableFuture.java:442)
	at java.util.concurrent.ThreadPoolExecutor.runWorker(ThreadPoolExecutor.java:1149)
	at java.util.concurrent.ThreadPoolExecutor$Worker.run(ThreadPoolExecutor.java:624)
	at java.lang.Thread.run(Thread.java:748)
20:57:56.600 [RatisApplyTransactionExecutor 3] ERROR DNAudit - user=null | ip=null | op=WRITE_CHUNK {blockData=conID: 3 locID: 102532400842211357 bcsId: 0} | ret=FAILURE
org.apache.hadoop.hdds.scm.container.common.helpers.StorageContainerException: ContainerID 3 does not exist
	at org.apache.hadoop.ozone.container.common.impl.HddsDispatcher.dispatchRequest(HddsDispatcher.java:242) ~[classes/:?]
	at org.apache.hadoop.ozone.container.common.impl.HddsDispatcher.dispatch(HddsDispatcher.java:148) ~[classes/:?]
	at org.apache.hadoop.ozone.container.common.transport.server.ratis.ContainerStateMachine.dispatchCommand(ContainerStateMachine.java:374) ~[classes/:?]
	at org.apache.hadoop.ozone.container.common.transport.server.ratis.ContainerStateMachine.runCommand(ContainerStateMachine.java:381) ~[classes/:?]
	at org.apache.hadoop.ozone.container.common.transport.server.ratis.ContainerStateMachine.lambda$applyTransaction$6(ContainerStateMachine.java:647) ~[classes/:?]
	at java.util.concurrent.CompletableFuture$AsyncSupply.run(CompletableFuture.java:1590) [?:1.8.0_212]
	at java.util.concurrent.ThreadPoolExecutor.runWorker(ThreadPoolExecutor.java:1149) [?:1.8.0_212]
	at java.util.concurrent.ThreadPoolExecutor$Worker.run(ThreadPoolExecutor.java:624) [?:1.8.0_212]
	at java.lang.Thread.run(Thread.java:748) [?:1.8.0_212]
2019-07-30 20:57:56,600 INFO  impl.HddsDispatcher (ContainerUtils.java:logAndReturnError(146)) - Operation: WriteChunk : Trace ID: 42602af2c97e73ef:52cff04de31a310d:f05c215bd590b3c3:0 : Message: ContainerID 3 does not exist : Result: CONTAINER_NOT_FOUND
20:57:56.601 [RatisApplyTransactionExecutor 2] ERROR DNAudit - user=null | ip=null | op=WRITE_CHUNK {blockData=conID: 2 locID: 102532400841818133 bcsId: 0} | ret=FAILURE
org.apache.hadoop.hdds.scm.container.common.helpers.StorageContainerException: ContainerID 2 does not exist
	at org.apache.hadoop.ozone.container.common.impl.HddsDispatcher.dispatchRequest(HddsDispatcher.java:242) ~[classes/:?]
	at org.apache.hadoop.ozone.container.common.impl.HddsDispatcher.dispatch(HddsDispatcher.java:148) ~[classes/:?]
	at org.apache.hadoop.ozone.container.common.transport.server.ratis.ContainerStateMachine.dispatchCommand(ContainerStateMachine.java:374) ~[classes/:?]
	at org.apache.hadoop.ozone.container.common.transport.server.ratis.ContainerStateMachine.runCommand(ContainerStateMachine.java:381) ~[classes/:?]
	at org.apache.hadoop.ozone.container.common.transport.server.ratis.ContainerStateMachine.lambda$applyTransaction$6(ContainerStateMachine.java:647) ~[classes/:?]
	at java.util.concurrent.CompletableFuture$AsyncSupply.run(CompletableFuture.java:1590) [?:1.8.0_212]
	at java.util.concurrent.ThreadPoolExecutor.runWorker(ThreadPoolExecutor.java:1149) [?:1.8.0_212]
	at java.util.concurrent.ThreadPoolExecutor$Worker.run(ThreadPoolExecutor.java:624) [?:1.8.0_212]
	at java.lang.Thread.run(Thread.java:748) [?:1.8.0_212]
2019-07-30 20:57:56,601 INFO  impl.HddsDispatcher (ContainerUtils.java:logAndReturnError(146)) - Operation: WriteChunk : Trace ID: 8dc1668f87549467:6913bdcc554e30f2:71b8ddf8273f38ae:0 : Message: ContainerID 2 does not exist : Result: CONTAINER_NOT_FOUND
20:57:56.601 [RatisApplyTransactionExecutor 3] ERROR DNAudit - user=null | ip=null | op=WRITE_CHUNK {blockData=conID: 3 locID: 102532400841621522 bcsId: 0} | ret=FAILURE
org.apache.hadoop.hdds.scm.container.common.helpers.StorageContainerException: ContainerID 3 does not exist
	at org.apache.hadoop.ozone.container.common.impl.HddsDispatcher.dispatchRequest(HddsDispatcher.java:242) ~[classes/:?]
	at org.apache.hadoop.ozone.container.common.impl.HddsDispatcher.dispatch(HddsDispatcher.java:148) ~[classes/:?]
	at org.apache.hadoop.ozone.container.common.transport.server.ratis.ContainerStateMachine.dispatchCommand(ContainerStateMachine.java:374) ~[classes/:?]
	at org.apache.hadoop.ozone.container.common.transport.server.ratis.ContainerStateMachine.runCommand(ContainerStateMachine.java:381) ~[classes/:?]
	at org.apache.hadoop.ozone.container.common.transport.server.ratis.ContainerStateMachine.lambda$applyTransaction$6(ContainerStateMachine.java:647) ~[classes/:?]
	at java.util.concurrent.CompletableFuture$AsyncSupply.run(CompletableFuture.java:1590) [?:1.8.0_212]
	at java.util.concurrent.ThreadPoolExecutor.runWorker(ThreadPoolExecutor.java:1149) [?:1.8.0_212]
	at java.util.concurrent.ThreadPoolExecutor$Worker.run(ThreadPoolExecutor.java:624) [?:1.8.0_212]
	at java.lang.Thread.run(Thread.java:748) [?:1.8.0_212]
2019-07-30 20:57:56,603 INFO  impl.HddsDispatcher (ContainerUtils.java:logAndReturnError(146)) - Operation: WriteChunk : Trace ID: 72ff11851c0494ae:ff25a835564fe0ab:79ff110ec55cc906:0 : Message: ContainerID 3 does not exist : Result: CONTAINER_NOT_FOUND
20:57:56.603 [RatisApplyTransactionExecutor 2] ERROR DNAudit - user=null | ip=null | op=PUT_BLOCK {blockData=[blockId=conID: 2 locID: 102532400842276895 bcsId: 0,size=10240]} | ret=FAILURE
org.apache.hadoop.hdds.scm.container.common.helpers.StorageContainerException: ContainerID 2 does not exist
	at org.apache.hadoop.ozone.container.common.impl.HddsDispatcher.dispatchRequest(HddsDispatcher.java:242) ~[classes/:?]
	at org.apache.hadoop.ozone.container.common.impl.HddsDispatcher.dispatch(HddsDispatcher.java:148) ~[classes/:?]
	at org.apache.hadoop.ozone.container.common.transport.server.ratis.ContainerStateMachine.dispatchCommand(ContainerStateMachine.java:374) ~[classes/:?]
	at org.apache.hadoop.ozone.container.common.transport.server.ratis.ContainerStateMachine.runCommand(ContainerStateMachine.java:381) ~[classes/:?]
	at org.apache.hadoop.ozone.container.common.transport.server.ratis.ContainerStateMachine.lambda$applyTransaction$6(ContainerStateMachine.java:647) ~[classes/:?]
	at java.util.concurrent.CompletableFuture$AsyncSupply.run(CompletableFuture.java:1590) [?:1.8.0_212]
	at java.util.concurrent.ThreadPoolExecutor.runWorker(ThreadPoolExecutor.java:1149) [?:1.8.0_212]
	at java.util.concurrent.ThreadPoolExecutor$Worker.run(ThreadPoolExecutor.java:624) [?:1.8.0_212]
	at java.lang.Thread.run(Thread.java:748) [?:1.8.0_212]
2019-07-30 20:57:56,604 INFO  impl.HddsDispatcher (ContainerUtils.java:logAndReturnError(146)) - Operation: PutBlock : Trace ID: 8dcff0263c0255fe:5e6adf847893d3fd:b4885ddfed0f932b:0 : Message: ContainerID 2 does not exist : Result: CONTAINER_NOT_FOUND
20:57:56.604 [RatisApplyTransactionExecutor 3] ERROR DNAudit - user=null | ip=null | op=PUT_BLOCK {blockData=[blockId=conID: 3 locID: 102532400842211357 bcsId: 0,size=10240]} | ret=FAILURE
org.apache.hadoop.hdds.scm.container.common.helpers.StorageContainerException: ContainerID 3 does not exist
	at org.apache.hadoop.ozone.container.common.impl.HddsDispatcher.dispatchRequest(HddsDispatcher.java:242) ~[classes/:?]
	at org.apache.hadoop.ozone.container.common.impl.HddsDispatcher.dispatch(HddsDispatcher.java:148) ~[classes/:?]
	at org.apache.hadoop.ozone.container.common.transport.server.ratis.ContainerStateMachine.dispatchCommand(ContainerStateMachine.java:374) ~[classes/:?]
	at org.apache.hadoop.ozone.container.common.transport.server.ratis.ContainerStateMachine.runCommand(ContainerStateMachine.java:381) ~[classes/:?]
	at org.apache.hadoop.ozone.container.common.transport.server.ratis.ContainerStateMachine.lambda$applyTransaction$6(ContainerStateMachine.java:647) ~[classes/:?]
	at java.util.concurrent.CompletableFuture$AsyncSupply.run(CompletableFuture.java:1590) [?:1.8.0_212]
	at java.util.concurrent.ThreadPoolExecutor.runWorker(ThreadPoolExecutor.java:1149) [?:1.8.0_212]
	at java.util.concurrent.ThreadPoolExecutor$Worker.run(ThreadPoolExecutor.java:624) [?:1.8.0_212]
	at java.lang.Thread.run(Thread.java:748) [?:1.8.0_212]
20:57:56.605 [RatisApplyTransactionExecutor 2] ERROR DNAudit - user=null | ip=null | op=WRITE_CHUNK {blockData=conID: 2 locID: 102532400841621520 bcsId: 0} | ret=FAILURE
org.apache.hadoop.hdds.scm.container.common.helpers.StorageContainerException: ContainerID 2 does not exist
	at org.apache.hadoop.ozone.container.common.impl.HddsDispatcher.dispatchRequest(HddsDispatcher.java:242) ~[classes/:?]
	at org.apache.hadoop.ozone.container.common.impl.HddsDispatcher.dispatch(HddsDispatcher.java:148) ~[classes/:?]
	at org.apache.hadoop.ozone.container.common.transport.server.ratis.ContainerStateMachine.dispatchCommand(ContainerStateMachine.java:374) ~[classes/:?]
	at org.apache.hadoop.ozone.container.common.transport.server.ratis.ContainerStateMachine.runCommand(ContainerStateMachine.java:381) ~[classes/:?]
	at org.apache.hadoop.ozone.container.common.transport.server.ratis.ContainerStateMachine.lambda$applyTransaction$6(ContainerStateMachine.java:647) ~[classes/:?]
	at java.util.concurrent.CompletableFuture$AsyncSupply.run(CompletableFuture.java:1590) [?:1.8.0_212]
	at java.util.concurrent.ThreadPoolExecutor.runWorker(ThreadPoolExecutor.java:1149) [?:1.8.0_212]
	at java.util.concurrent.ThreadPoolExecutor$Worker.run(ThreadPoolExecutor.java:624) [?:1.8.0_212]
	at java.lang.Thread.run(Thread.java:748) [?:1.8.0_212]
2019-07-30 20:57:56,605 INFO  client.GrpcClientProtocolClient (GrpcClientProtocolClient.java:onNext(255)) - client-E494ADF04478->b886fbb7-990e-4a24-a2cf-3fb3cd8b1c79: receive RaftClientReply:client-E494ADF04478->b886fbb7-990e-4a24-a2cf-3fb3cd8b1c79@group-79705B3AEBD9, cid=32, SUCCESS, logIndex=37, commits[b886fbb7-990e-4a24-a2cf-3fb3cd8b1c79:c40, 8d326b13-47f6-487d-88ff-0b7d36d1dd11:c34, 88b457c9-a839-4d83-9bd8-4c2a9c6ac969:c34]
2019-07-30 20:57:56,605 INFO  impl.HddsDispatcher (ContainerUtils.java:logAndReturnError(146)) - Operation: WriteChunk : Trace ID: d5af902e08705264:81bed01b96cab326:48cf19bcb13ce964:0 : Message: ContainerID 2 does not exist : Result: CONTAINER_NOT_FOUND
2019-07-30 20:57:56,605 INFO  impl.HddsDispatcher (ContainerUtils.java:logAndReturnError(146)) - Operation: PutBlock : Trace ID: 42602af2c97e73ef:96e79eef01809d98:f05c215bd590b3c3:0 : Message: ContainerID 3 does not exist : Result: CONTAINER_NOT_FOUND
2019-07-30 20:57:56,606 ERROR storage.BlockOutputStream (BlockOutputStream.java:validateResponse(531)) - Unexpected Storage Container Exception: 
org.apache.hadoop.hdds.scm.container.common.helpers.StorageContainerException: ContainerID 3 does not exist
	at org.apache.hadoop.hdds.scm.storage.ContainerProtocolCalls.validateContainerResponse(ContainerProtocolCalls.java:536)
	at org.apache.hadoop.hdds.scm.storage.BlockOutputStream.validateResponse(BlockOutputStream.java:529)
	at org.apache.hadoop.hdds.scm.storage.BlockOutputStream.lambda$writeChunkToContainer$2(BlockOutputStream.java:606)
	at java.util.concurrent.CompletableFuture.uniApply(CompletableFuture.java:602)
	at java.util.concurrent.CompletableFuture$UniApply.tryFire(CompletableFuture.java:577)
	at java.util.concurrent.CompletableFuture$Completion.run(CompletableFuture.java:442)
	at java.util.concurrent.ThreadPoolExecutor.runWorker(ThreadPoolExecutor.java:1149)
	at java.util.concurrent.ThreadPoolExecutor$Worker.run(ThreadPoolExecutor.java:624)
	at java.lang.Thread.run(Thread.java:748)
2019-07-30 20:57:56,607 INFO  client.GrpcClientProtocolClient (GrpcClientProtocolClient.java:onNext(255)) - client-E494ADF04478->b886fbb7-990e-4a24-a2cf-3fb3cd8b1c79: receive RaftClientReply:client-E494ADF04478->b886fbb7-990e-4a24-a2cf-3fb3cd8b1c79@group-79705B3AEBD9, cid=30, SUCCESS, logIndex=38, commits[b886fbb7-990e-4a24-a2cf-3fb3cd8b1c79:c42, 8d326b13-47f6-487d-88ff-0b7d36d1dd11:c34, 88b457c9-a839-4d83-9bd8-4c2a9c6ac969:c34]
20:57:56.607 [RatisApplyTransactionExecutor 2] ERROR DNAudit - user=null | ip=null | op=PUT_BLOCK {blockData=[blockId=conID: 2 locID: 102532400841818133 bcsId: 0,size=10240]} | ret=FAILURE
org.apache.hadoop.hdds.scm.container.common.helpers.StorageContainerException: ContainerID 2 does not exist
	at org.apache.hadoop.ozone.container.common.impl.HddsDispatcher.dispatchRequest(HddsDispatcher.java:242) ~[classes/:?]
	at org.apache.hadoop.ozone.container.common.impl.HddsDispatcher.dispatch(HddsDispatcher.java:148) ~[classes/:?]
	at org.apache.hadoop.ozone.container.common.transport.server.ratis.ContainerStateMachine.dispatchCommand(ContainerStateMachine.java:374) ~[classes/:?]
	at org.apache.hadoop.ozone.container.common.transport.server.ratis.ContainerStateMachine.runCommand(ContainerStateMachine.java:381) ~[classes/:?]
	at org.apache.hadoop.ozone.container.common.transport.server.ratis.ContainerStateMachine.lambda$applyTransaction$6(ContainerStateMachine.java:647) ~[classes/:?]
	at java.util.concurrent.CompletableFuture$AsyncSupply.run(CompletableFuture.java:1590) [?:1.8.0_212]
	at java.util.concurrent.ThreadPoolExecutor.runWorker(ThreadPoolExecutor.java:1149) [?:1.8.0_212]
	at java.util.concurrent.ThreadPoolExecutor$Worker.run(ThreadPoolExecutor.java:624) [?:1.8.0_212]
	at java.lang.Thread.run(Thread.java:748) [?:1.8.0_212]
2019-07-30 20:57:56,607 INFO  impl.HddsDispatcher (ContainerUtils.java:logAndReturnError(146)) - Operation: PutBlock : Trace ID: 8dc1668f87549467:9412c92203b04b66:71b8ddf8273f38ae:0 : Message: ContainerID 2 does not exist : Result: CONTAINER_NOT_FOUND
20:57:56.607 [RatisApplyTransactionExecutor 3] ERROR DNAudit - user=null | ip=null | op=PUT_BLOCK {blockData=[blockId=conID: 3 locID: 102532400841621522 bcsId: 0,size=10240]} | ret=FAILURE
org.apache.hadoop.hdds.scm.container.common.helpers.StorageContainerException: ContainerID 3 does not exist
	at org.apache.hadoop.ozone.container.common.impl.HddsDispatcher.dispatchRequest(HddsDispatcher.java:242) ~[classes/:?]
	at org.apache.hadoop.ozone.container.common.impl.HddsDispatcher.dispatch(HddsDispatcher.java:148) ~[classes/:?]
	at org.apache.hadoop.ozone.container.common.transport.server.ratis.ContainerStateMachine.dispatchCommand(ContainerStateMachine.java:374) ~[classes/:?]
	at org.apache.hadoop.ozone.container.common.transport.server.ratis.ContainerStateMachine.runCommand(ContainerStateMachine.java:381) ~[classes/:?]
	at org.apache.hadoop.ozone.container.common.transport.server.ratis.ContainerStateMachine.lambda$applyTransaction$6(ContainerStateMachine.java:647) ~[classes/:?]
	at java.util.concurrent.CompletableFuture$AsyncSupply.run(CompletableFuture.java:1590) [?:1.8.0_212]
	at java.util.concurrent.ThreadPoolExecutor.runWorker(ThreadPoolExecutor.java:1149) [?:1.8.0_212]
	at java.util.concurrent.ThreadPoolExecutor$Worker.run(ThreadPoolExecutor.java:624) [?:1.8.0_212]
	at java.lang.Thread.run(Thread.java:748) [?:1.8.0_212]
2019-07-30 20:57:56,607 INFO  impl.HddsDispatcher (ContainerUtils.java:logAndReturnError(146)) - Operation: PutBlock : Trace ID: 72ff11851c0494ae:fb3e15afefcd9518:79ff110ec55cc906:0 : Message: ContainerID 3 does not exist : Result: CONTAINER_NOT_FOUND
2019-07-30 20:57:56,607 ERROR storage.BlockOutputStream (BlockOutputStream.java:validateResponse(531)) - Unexpected Storage Container Exception: 
org.apache.hadoop.hdds.scm.container.common.helpers.StorageContainerException: ContainerID 3 does not exist
	at org.apache.hadoop.hdds.scm.storage.ContainerProtocolCalls.validateContainerResponse(ContainerProtocolCalls.java:536)
	at org.apache.hadoop.hdds.scm.storage.BlockOutputStream.validateResponse(BlockOutputStream.java:529)
	at org.apache.hadoop.hdds.scm.storage.BlockOutputStream.lambda$writeChunkToContainer$2(BlockOutputStream.java:606)
	at java.util.concurrent.CompletableFuture.uniApply(CompletableFuture.java:602)
	at java.util.concurrent.CompletableFuture$UniApply.tryFire(CompletableFuture.java:577)
	at java.util.concurrent.CompletableFuture$Completion.run(CompletableFuture.java:442)
	at java.util.concurrent.ThreadPoolExecutor.runWorker(ThreadPoolExecutor.java:1149)
	at java.util.concurrent.ThreadPoolExecutor$Worker.run(ThreadPoolExecutor.java:624)
	at java.lang.Thread.run(Thread.java:748)
2019-07-30 20:57:56,608 INFO  client.GrpcClientProtocolClient (GrpcClientProtocolClient.java:onNext(255)) - client-E494ADF04478->b886fbb7-990e-4a24-a2cf-3fb3cd8b1c79: receive RaftClientReply:client-E494ADF04478->b886fbb7-990e-4a24-a2cf-3fb3cd8b1c79@group-79705B3AEBD9, cid=36, SUCCESS, logIndex=39, commits[b886fbb7-990e-4a24-a2cf-3fb3cd8b1c79:c42, 8d326b13-47f6-487d-88ff-0b7d36d1dd11:c34, 88b457c9-a839-4d83-9bd8-4c2a9c6ac969:c34]
2019-07-30 20:57:56,609 INFO  client.GrpcClientProtocolClient (GrpcClientProtocolClient.java:onNext(255)) - client-E494ADF04478->b886fbb7-990e-4a24-a2cf-3fb3cd8b1c79: receive RaftClientReply:client-E494ADF04478->b886fbb7-990e-4a24-a2cf-3fb3cd8b1c79@group-79705B3AEBD9, cid=29, SUCCESS, logIndex=40, commits[b886fbb7-990e-4a24-a2cf-3fb3cd8b1c79:c42, 8d326b13-47f6-487d-88ff-0b7d36d1dd11:c34, 88b457c9-a839-4d83-9bd8-4c2a9c6ac969:c34]
2019-07-30 20:57:56,610 ERROR storage.BlockOutputStream (BlockOutputStream.java:validateResponse(531)) - Unexpected Storage Container Exception: 
org.apache.hadoop.hdds.scm.container.common.helpers.StorageContainerException: ContainerID 2 does not exist
	at org.apache.hadoop.hdds.scm.storage.ContainerProtocolCalls.validateContainerResponse(ContainerProtocolCalls.java:536)
	at org.apache.hadoop.hdds.scm.storage.BlockOutputStream.validateResponse(BlockOutputStream.java:529)
	at org.apache.hadoop.hdds.scm.storage.BlockOutputStream.lambda$writeChunkToContainer$2(BlockOutputStream.java:606)
	at java.util.concurrent.CompletableFuture.uniApply(CompletableFuture.java:602)
	at java.util.concurrent.CompletableFuture$UniApply.tryFire(CompletableFuture.java:577)
	at java.util.concurrent.CompletableFuture$Completion.run(CompletableFuture.java:442)
	at java.util.concurrent.ThreadPoolExecutor.runWorker(ThreadPoolExecutor.java:1149)
	at java.util.concurrent.ThreadPoolExecutor$Worker.run(ThreadPoolExecutor.java:624)
	at java.lang.Thread.run(Thread.java:748)
2019-07-30 20:57:56,610 INFO  client.GrpcClientProtocolClient (GrpcClientProtocolClient.java:onNext(255)) - client-E494ADF04478->b886fbb7-990e-4a24-a2cf-3fb3cd8b1c79: receive RaftClientReply:client-E494ADF04478->b886fbb7-990e-4a24-a2cf-3fb3cd8b1c79@group-79705B3AEBD9, cid=38, SUCCESS, logIndex=41, commits[b886fbb7-990e-4a24-a2cf-3fb3cd8b1c79:c42, 8d326b13-47f6-487d-88ff-0b7d36d1dd11:c34, 88b457c9-a839-4d83-9bd8-4c2a9c6ac969:c34]
2019-07-30 20:57:56,613 INFO  client.GrpcClientProtocolClient (GrpcClientProtocolClient.java:onNext(255)) - client-E494ADF04478->b886fbb7-990e-4a24-a2cf-3fb3cd8b1c79: receive RaftClientReply:client-E494ADF04478->b886fbb7-990e-4a24-a2cf-3fb3cd8b1c79@group-79705B3AEBD9, cid=28, SUCCESS, logIndex=42, commits[b886fbb7-990e-4a24-a2cf-3fb3cd8b1c79:c46, 8d326b13-47f6-487d-88ff-0b7d36d1dd11:c34, 88b457c9-a839-4d83-9bd8-4c2a9c6ac969:c34]
2019-07-30 20:57:56,614 INFO  client.GrpcClientProtocolClient (GrpcClientProtocolClient.java:onNext(255)) - client-E494ADF04478->b886fbb7-990e-4a24-a2cf-3fb3cd8b1c79: receive RaftClientReply:client-E494ADF04478->b886fbb7-990e-4a24-a2cf-3fb3cd8b1c79@group-79705B3AEBD9, cid=39, SUCCESS, logIndex=43, commits[b886fbb7-990e-4a24-a2cf-3fb3cd8b1c79:c46, 8d326b13-47f6-487d-88ff-0b7d36d1dd11:c34, 88b457c9-a839-4d83-9bd8-4c2a9c6ac969:c34]
20:57:56.614 [RatisApplyTransactionExecutor 3] ERROR DNAudit - user=null | ip=null | op=WRITE_CHUNK {blockData=conID: 3 locID: 102532400841818134 bcsId: 0} | ret=FAILURE
org.apache.hadoop.hdds.scm.container.common.helpers.StorageContainerException: ContainerID 3 does not exist
	at org.apache.hadoop.ozone.container.common.impl.HddsDispatcher.dispatchRequest(HddsDispatcher.java:242) ~[classes/:?]
	at org.apache.hadoop.ozone.container.common.impl.HddsDispatcher.dispatch(HddsDispatcher.java:148) ~[classes/:?]
	at org.apache.hadoop.ozone.container.common.transport.server.ratis.ContainerStateMachine.dispatchCommand(ContainerStateMachine.java:374) ~[classes/:?]
	at org.apache.hadoop.ozone.container.common.transport.server.ratis.ContainerStateMachine.runCommand(ContainerStateMachine.java:381) ~[classes/:?]
	at org.apache.hadoop.ozone.container.common.transport.server.ratis.ContainerStateMachine.lambda$applyTransaction$6(ContainerStateMachine.java:647) ~[classes/:?]
	at java.util.concurrent.CompletableFuture$AsyncSupply.run(CompletableFuture.java:1590) [?:1.8.0_212]
	at java.util.concurrent.ThreadPoolExecutor.runWorker(ThreadPoolExecutor.java:1149) [?:1.8.0_212]
	at java.util.concurrent.ThreadPoolExecutor$Worker.run(ThreadPoolExecutor.java:624) [?:1.8.0_212]
	at java.lang.Thread.run(Thread.java:748) [?:1.8.0_212]
2019-07-30 20:57:56,615 INFO  impl.HddsDispatcher (ContainerUtils.java:logAndReturnError(146)) - Operation: WriteChunk : Trace ID: 681c2a0c1a589342:b8c72a9e84416cc1:abb4d72cb20c8075:0 : Message: ContainerID 3 does not exist : Result: CONTAINER_NOT_FOUND
2019-07-30 20:57:56,617 ERROR freon.RandomKeyGenerator (RandomKeyGenerator.java:createKey(730)) - Exception while adding key: key-0-04400 in bucket: bucket-1-13975 of volume: vol-0-04938.
java.io.IOException: Unexpected Storage Container Exception: org.apache.hadoop.hdds.scm.container.common.helpers.StorageContainerException: ContainerID 2 does not exist
	at org.apache.hadoop.hdds.scm.storage.BlockOutputStream.setIoException(BlockOutputStream.java:541)
	at org.apache.hadoop.hdds.scm.storage.BlockOutputStream.validateResponse(BlockOutputStream.java:532)
	at org.apache.hadoop.hdds.scm.storage.BlockOutputStream.lambda$writeChunkToContainer$2(BlockOutputStream.java:606)
	at java.util.concurrent.CompletableFuture.uniApply(CompletableFuture.java:602)
	at java.util.concurrent.CompletableFuture$UniApply.tryFire(CompletableFuture.java:577)
	at java.util.concurrent.CompletableFuture$Completion.run(CompletableFuture.java:442)
	at java.util.concurrent.ThreadPoolExecutor.runWorker(ThreadPoolExecutor.java:1149)
	at java.util.concurrent.ThreadPoolExecutor$Worker.run(ThreadPoolExecutor.java:624)
	at java.lang.Thread.run(Thread.java:748)
Caused by: org.apache.hadoop.hdds.scm.container.common.helpers.StorageContainerException: ContainerID 2 does not exist
	at org.apache.hadoop.hdds.scm.storage.ContainerProtocolCalls.validateContainerResponse(ContainerProtocolCalls.java:536)
	at org.apache.hadoop.hdds.scm.storage.BlockOutputStream.validateResponse(BlockOutputStream.java:529)
	... 7 more
20:57:56.617 [RatisApplyTransactionExecutor 2] ERROR DNAudit - user=null | ip=null | op=WRITE_CHUNK {blockData=conID: 2 locID: 102532400842080284 bcsId: 0} | ret=FAILURE
org.apache.hadoop.hdds.scm.container.common.helpers.StorageContainerException: ContainerID 2 does not exist
	at org.apache.hadoop.ozone.container.common.impl.HddsDispatcher.dispatchRequest(HddsDispatcher.java:242) ~[classes/:?]
	at org.apache.hadoop.ozone.container.common.impl.HddsDispatcher.dispatch(HddsDispatcher.java:148) ~[classes/:?]
	at org.apache.hadoop.ozone.container.common.transport.server.ratis.ContainerStateMachine.dispatchCommand(ContainerStateMachine.java:374) ~[classes/:?]
	at org.apache.hadoop.ozone.container.common.transport.server.ratis.ContainerStateMachine.runCommand(ContainerStateMachine.java:381) ~[classes/:?]
	at org.apache.hadoop.ozone.container.common.transport.server.ratis.ContainerStateMachine.lambda$applyTransaction$6(ContainerStateMachine.java:647) ~[classes/:?]
	at java.util.concurrent.CompletableFuture$AsyncSupply.run(CompletableFuture.java:1590) [?:1.8.0_212]
	at java.util.concurrent.ThreadPoolExecutor.runWorker(ThreadPoolExecutor.java:1149) [?:1.8.0_212]
	at java.util.concurrent.ThreadPoolExecutor$Worker.run(ThreadPoolExecutor.java:624) [?:1.8.0_212]
	at java.lang.Thread.run(Thread.java:748) [?:1.8.0_212]
20:57:56.617 [RatisApplyTransactionExecutor 2] ERROR DNAudit - user=null | ip=null | op=WRITE_CHUNK {blockData=conID: 2 locID: 102532400842080284 bcsId: 0} | ret=FAILURE
org.apache.hadoop.hdds.scm.container.common.helpers.StorageContainerException: ContainerID 2 does not exist
	at org.apache.hadoop.ozone.container.common.impl.HddsDispatcher.dispatchRequest(HddsDispatcher.java:242) ~[classes/:?]
	at org.apache.hadoop.ozone.container.common.impl.HddsDispatcher.dispatch(HddsDispatcher.java:148) ~[classes/:?]
	at org.apache.hadoop.ozone.container.common.transport.server.ratis.ContainerStateMachine.dispatchCommand(ContainerStateMachine.java:374) ~[classes/:?]
	at org.apache.hadoop.ozone.container.common.transport.server.ratis.ContainerStateMachine.runCommand(ContainerStateMachine.java:381) ~[classes/:?]
	at org.apache.hadoop.ozone.container.common.transport.server.ratis.ContainerStateMachine.lambda$applyTransaction$6(ContainerStateMachine.java:647) ~[classes/:?]
	at java.util.concurrent.CompletableFuture$AsyncSupply.run(CompletableFuture.java:1590) [?:1.8.0_212]
	at java.util.concurrent.ThreadPoolExecutor.runWorker(ThreadPoolExecutor.java:1149) [?:1.8.0_212]
	at java.util.concurrent.ThreadPoolExecutor$Worker.run(ThreadPoolExecutor.java:624) [?:1.8.0_212]
	at java.lang.Thread.run(Thread.java:748) [?:1.8.0_212]
2019-07-30 20:57:56,618 INFO  client.GrpcClientProtocolClient (GrpcClientProtocolClient.java:onNext(255)) - client-E494ADF04478->b886fbb7-990e-4a24-a2cf-3fb3cd8b1c79: receive RaftClientReply:client-E494ADF04478->b886fbb7-990e-4a24-a2cf-3fb3cd8b1c79@group-79705B3AEBD9, cid=40, SUCCESS, logIndex=44, commits[b886fbb7-990e-4a24-a2cf-3fb3cd8b1c79:c46, 8d326b13-47f6-487d-88ff-0b7d36d1dd11:c34, 88b457c9-a839-4d83-9bd8-4c2a9c6ac969:c34]
2019-07-30 20:57:56,622 INFO  impl.HddsDispatcher (ContainerUtils.java:logAndReturnError(146)) - Operation: WriteChunk : Trace ID: e58eeae7531ea39:bb262f13b2062771:40dba9853508d609:0 : Message: ContainerID 2 does not exist : Result: CONTAINER_NOT_FOUND
2019-07-30 20:57:56,622 INFO  impl.HddsDispatcher (ContainerUtils.java:logAndReturnError(146)) - Operation: WriteChunk : Trace ID: e58eeae7531ea39:bb262f13b2062771:40dba9853508d609:0 : Message: ContainerID 2 does not exist : Result: CONTAINER_NOT_FOUND
2019-07-30 20:57:56,622 ERROR freon.RandomKeyGenerator (RandomKeyGenerator.java:createKey(730)) - Exception while adding key: key-0-34925 in bucket: bucket-2-43693 of volume: vol-0-04938.
java.io.IOException: Unexpected Storage Container Exception: org.apache.hadoop.hdds.scm.container.common.helpers.StorageContainerException: ContainerID 3 does not exist
	at org.apache.hadoop.hdds.scm.storage.BlockOutputStream.setIoException(BlockOutputStream.java:541)
	at org.apache.hadoop.hdds.scm.storage.BlockOutputStream.validateResponse(BlockOutputStream.java:532)
	at org.apache.hadoop.hdds.scm.storage.BlockOutputStream.lambda$writeChunkToContainer$2(BlockOutputStream.java:606)
	at java.util.concurrent.CompletableFuture.uniApply(CompletableFuture.java:602)
	at java.util.concurrent.CompletableFuture$UniApply.tryFire(CompletableFuture.java:577)
	at java.util.concurrent.CompletableFuture$Completion.run(CompletableFuture.java:442)
	at java.util.concurrent.ThreadPoolExecutor.runWorker(ThreadPoolExecutor.java:1149)
	at java.util.concurrent.ThreadPoolExecutor$Worker.run(ThreadPoolExecutor.java:624)
	at java.lang.Thread.run(Thread.java:748)
Caused by: org.apache.hadoop.hdds.scm.container.common.helpers.StorageContainerException: ContainerID 3 does not exist
	at org.apache.hadoop.hdds.scm.storage.ContainerProtocolCalls.validateContainerResponse(ContainerProtocolCalls.java:536)
	at org.apache.hadoop.hdds.scm.storage.BlockOutputStream.validateResponse(BlockOutputStream.java:529)
	... 7 more
20:57:56.623 [RatisApplyTransactionExecutor 2] ERROR DNAudit - user=null | ip=null | op=PUT_BLOCK {blockData=[blockId=conID: 2 locID: 102532400842080284 bcsId: 0,size=10240]} | ret=FAILURE
org.apache.hadoop.hdds.scm.container.common.helpers.StorageContainerException: ContainerID 2 does not exist
	at org.apache.hadoop.ozone.container.common.impl.HddsDispatcher.dispatchRequest(HddsDispatcher.java:242) ~[classes/:?]
	at org.apache.hadoop.ozone.container.common.impl.HddsDispatcher.dispatch(HddsDispatcher.java:148) ~[classes/:?]
	at org.apache.hadoop.ozone.container.common.transport.server.ratis.ContainerStateMachine.dispatchCommand(ContainerStateMachine.java:374) ~[classes/:?]
	at org.apache.hadoop.ozone.container.common.transport.server.ratis.ContainerStateMachine.runCommand(ContainerStateMachine.java:381) ~[classes/:?]
	at org.apache.hadoop.ozone.container.common.transport.server.ratis.ContainerStateMachine.lambda$applyTransaction$6(ContainerStateMachine.java:647) ~[classes/:?]
	at java.util.concurrent.CompletableFuture$AsyncSupply.run(CompletableFuture.java:1590) [?:1.8.0_212]
	at java.util.concurrent.ThreadPoolExecutor.runWorker(ThreadPoolExecutor.java:1149) [?:1.8.0_212]
	at java.util.concurrent.ThreadPoolExecutor$Worker.run(ThreadPoolExecutor.java:624) [?:1.8.0_212]
	at java.lang.Thread.run(Thread.java:748) [?:1.8.0_212]
20:57:56.623 [RatisApplyTransactionExecutor 2] ERROR DNAudit - user=null | ip=null | op=WRITE_CHUNK {blockData=conID: 2 locID: 102532400842276895 bcsId: 0} | ret=FAILURE
org.apache.hadoop.hdds.scm.container.common.helpers.StorageContainerException: ContainerID 2 does not exist
	at org.apache.hadoop.ozone.container.common.impl.HddsDispatcher.dispatchRequest(HddsDispatcher.java:242) ~[classes/:?]
	at org.apache.hadoop.ozone.container.common.impl.HddsDispatcher.dispatch(HddsDispatcher.java:148) ~[classes/:?]
	at org.apache.hadoop.ozone.container.common.transport.server.ratis.ContainerStateMachine.dispatchCommand(ContainerStateMachine.java:374) ~[classes/:?]
	at org.apache.hadoop.ozone.container.common.transport.server.ratis.ContainerStateMachine.runCommand(ContainerStateMachine.java:381) ~[classes/:?]
	at org.apache.hadoop.ozone.container.common.transport.server.ratis.ContainerStateMachine.lambda$applyTransaction$6(ContainerStateMachine.java:647) ~[classes/:?]
	at java.util.concurrent.CompletableFuture$AsyncSupply.run(CompletableFuture.java:1590) [?:1.8.0_212]
	at java.util.concurrent.ThreadPoolExecutor.runWorker(ThreadPoolExecutor.java:1149) [?:1.8.0_212]
	at java.util.concurrent.ThreadPoolExecutor$Worker.run(ThreadPoolExecutor.java:624) [?:1.8.0_212]
	at java.lang.Thread.run(Thread.java:748) [?:1.8.0_212]
2019-07-30 20:57:56,623 INFO  client.GrpcClientProtocolClient (GrpcClientProtocolClient.java:onNext(255)) - client-E494ADF04478->b886fbb7-990e-4a24-a2cf-3fb3cd8b1c79: receive RaftClientReply:client-E494ADF04478->b886fbb7-990e-4a24-a2cf-3fb3cd8b1c79@group-79705B3AEBD9, cid=27, SUCCESS, logIndex=45, commits[b886fbb7-990e-4a24-a2cf-3fb3cd8b1c79:c46, 8d326b13-47f6-487d-88ff-0b7d36d1dd11:c34, 88b457c9-a839-4d83-9bd8-4c2a9c6ac969:c34]
2019-07-30 20:57:56,625 INFO  impl.HddsDispatcher (ContainerUtils.java:logAndReturnError(146)) - Operation: PutBlock : Trace ID: e58eeae7531ea39:51248cef3ce6d42f:40dba9853508d609:0 : Message: ContainerID 2 does not exist : Result: CONTAINER_NOT_FOUND
20:57:56.623 [RatisApplyTransactionExecutor 3] ERROR DNAudit - user=null | ip=null | op=WRITE_CHUNK {blockData=conID: 3 locID: 102532400842211357 bcsId: 0} | ret=FAILURE
org.apache.hadoop.hdds.scm.container.common.helpers.StorageContainerException: ContainerID 3 does not exist
	at org.apache.hadoop.ozone.container.common.impl.HddsDispatcher.dispatchRequest(HddsDispatcher.java:242) ~[classes/:?]
	at org.apache.hadoop.ozone.container.common.impl.HddsDispatcher.dispatch(HddsDispatcher.java:148) ~[classes/:?]
	at org.apache.hadoop.ozone.container.common.transport.server.ratis.ContainerStateMachine.dispatchCommand(ContainerStateMachine.java:374) ~[classes/:?]
	at org.apache.hadoop.ozone.container.common.transport.server.ratis.ContainerStateMachine.runCommand(ContainerStateMachine.java:381) ~[classes/:?]
	at org.apache.hadoop.ozone.container.common.transport.server.ratis.ContainerStateMachine.lambda$applyTransaction$6(ContainerStateMachine.java:647) ~[classes/:?]
	at java.util.concurrent.CompletableFuture$AsyncSupply.run(CompletableFuture.java:1590) [?:1.8.0_212]
	at java.util.concurrent.ThreadPoolExecutor.runWorker(ThreadPoolExecutor.java:1149) [?:1.8.0_212]
	at java.util.concurrent.ThreadPoolExecutor$Worker.run(ThreadPoolExecutor.java:624) [?:1.8.0_212]
	at java.lang.Thread.run(Thread.java:748) [?:1.8.0_212]
2019-07-30 20:57:56,626 INFO  impl.HddsDispatcher (ContainerUtils.java:logAndReturnError(146)) - Operation: WriteChunk : Trace ID: 8dcff0263c0255fe:dc249ef33f601bd1:b4885ddfed0f932b:0 : Message: ContainerID 2 does not exist : Result: CONTAINER_NOT_FOUND
2019-07-30 20:57:56,626 INFO  impl.HddsDispatcher (ContainerUtils.java:logAndReturnError(146)) - Operation: WriteChunk : Trace ID: 42602af2c97e73ef:52cff04de31a310d:f05c215bd590b3c3:0 : Message: ContainerID 3 does not exist : Result: CONTAINER_NOT_FOUND
20:57:56.623 [RatisApplyTransactionExecutor 2] ERROR DNAudit - user=null | ip=null | op=WRITE_CHUNK {blockData=conID: 2 locID: 102532400842276895 bcsId: 0} | ret=FAILURE
org.apache.hadoop.hdds.scm.container.common.helpers.StorageContainerException: ContainerID 2 does not exist
	at org.apache.hadoop.ozone.container.common.impl.HddsDispatcher.dispatchRequest(HddsDispatcher.java:242) ~[classes/:?]
	at org.apache.hadoop.ozone.container.common.impl.HddsDispatcher.dispatch(HddsDispatcher.java:148) ~[classes/:?]
	at org.apache.hadoop.ozone.container.common.transport.server.ratis.ContainerStateMachine.dispatchCommand(ContainerStateMachine.java:374) ~[classes/:?]
	at org.apache.hadoop.ozone.container.common.transport.server.ratis.ContainerStateMachine.runCommand(ContainerStateMachine.java:381) ~[classes/:?]
	at org.apache.hadoop.ozone.container.common.transport.server.ratis.ContainerStateMachine.lambda$applyTransaction$6(ContainerStateMachine.java:647) ~[classes/:?]
	at java.util.concurrent.CompletableFuture$AsyncSupply.run(CompletableFuture.java:1590) [?:1.8.0_212]
	at java.util.concurrent.ThreadPoolExecutor.runWorker(ThreadPoolExecutor.java:1149) [?:1.8.0_212]
	at java.util.concurrent.ThreadPoolExecutor$Worker.run(ThreadPoolExecutor.java:624) [?:1.8.0_212]
	at java.lang.Thread.run(Thread.java:748) [?:1.8.0_212]
20:57:56.626 [RatisApplyTransactionExecutor 3] ERROR DNAudit - user=null | ip=null | op=WRITE_CHUNK {blockData=conID: 3 locID: 102532400842211357 bcsId: 0} | ret=FAILURE
org.apache.hadoop.hdds.scm.container.common.helpers.StorageContainerException: ContainerID 3 does not exist
	at org.apache.hadoop.ozone.container.common.impl.HddsDispatcher.dispatchRequest(HddsDispatcher.java:242) ~[classes/:?]
	at org.apache.hadoop.ozone.container.common.impl.HddsDispatcher.dispatch(HddsDispatcher.java:148) ~[classes/:?]
	at org.apache.hadoop.ozone.container.common.transport.server.ratis.ContainerStateMachine.dispatchCommand(ContainerStateMachine.java:374) ~[classes/:?]
	at org.apache.hadoop.ozone.container.common.transport.server.ratis.ContainerStateMachine.runCommand(ContainerStateMachine.java:381) ~[classes/:?]
	at org.apache.hadoop.ozone.container.common.transport.server.ratis.ContainerStateMachine.lambda$applyTransaction$6(ContainerStateMachine.java:647) ~[classes/:?]
	at java.util.concurrent.CompletableFuture$AsyncSupply.run(CompletableFuture.java:1590) [?:1.8.0_212]
	at java.util.concurrent.ThreadPoolExecutor.runWorker(ThreadPoolExecutor.java:1149) [?:1.8.0_212]
	at java.util.concurrent.ThreadPoolExecutor$Worker.run(ThreadPoolExecutor.java:624) [?:1.8.0_212]
	at java.lang.Thread.run(Thread.java:748) [?:1.8.0_212]
2019-07-30 20:57:56,627 INFO  impl.HddsDispatcher (ContainerUtils.java:logAndReturnError(146)) - Operation: WriteChunk : Trace ID: 8dcff0263c0255fe:dc249ef33f601bd1:b4885ddfed0f932b:0 : Message: ContainerID 2 does not exist : Result: CONTAINER_NOT_FOUND
2019-07-30 20:57:56,627 INFO  impl.HddsDispatcher (ContainerUtils.java:logAndReturnError(146)) - Operation: WriteChunk : Trace ID: 42602af2c97e73ef:52cff04de31a310d:f05c215bd590b3c3:0 : Message: ContainerID 3 does not exist : Result: CONTAINER_NOT_FOUND
2019-07-30 20:57:56,630 ERROR freon.RandomKeyGenerator (RandomKeyGenerator.java:createKey(730)) - Exception while adding key: key-0-99773 in bucket: bucket-3-02533 of volume: vol-0-04938.
java.io.IOException: Unexpected Storage Container Exception: org.apache.hadoop.hdds.scm.container.common.helpers.StorageContainerException: ContainerID 3 does not exist
	at org.apache.hadoop.hdds.scm.storage.BlockOutputStream.setIoException(BlockOutputStream.java:541)
	at org.apache.hadoop.hdds.scm.storage.BlockOutputStream.validateResponse(BlockOutputStream.java:532)
	at org.apache.hadoop.hdds.scm.storage.BlockOutputStream.lambda$writeChunkToContainer$2(BlockOutputStream.java:606)
	at java.util.concurrent.CompletableFuture.uniApply(CompletableFuture.java:602)
	at java.util.concurrent.CompletableFuture$UniApply.tryFire(CompletableFuture.java:577)
	at java.util.concurrent.CompletableFuture$Completion.run(CompletableFuture.java:442)
	at java.util.concurrent.ThreadPoolExecutor.runWorker(ThreadPoolExecutor.java:1149)
	at java.util.concurrent.ThreadPoolExecutor$Worker.run(ThreadPoolExecutor.java:624)
	at java.lang.Thread.run(Thread.java:748)
Caused by: org.apache.hadoop.hdds.scm.container.common.helpers.StorageContainerException: ContainerID 3 does not exist
	at org.apache.hadoop.hdds.scm.storage.ContainerProtocolCalls.validateContainerResponse(ContainerProtocolCalls.java:536)
	at org.apache.hadoop.hdds.scm.storage.BlockOutputStream.validateResponse(BlockOutputStream.java:529)
	... 7 more
20:57:56.627 [RatisApplyTransactionExecutor 2] ERROR DNAudit - user=null | ip=null | op=WRITE_CHUNK {blockData=conID: 2 locID: 102532400841818133 bcsId: 0} | ret=FAILURE
org.apache.hadoop.hdds.scm.container.common.helpers.StorageContainerException: ContainerID 2 does not exist
	at org.apache.hadoop.ozone.container.common.impl.HddsDispatcher.dispatchRequest(HddsDispatcher.java:242) ~[classes/:?]
	at org.apache.hadoop.ozone.container.common.impl.HddsDispatcher.dispatch(HddsDispatcher.java:148) ~[classes/:?]
	at org.apache.hadoop.ozone.container.common.transport.server.ratis.ContainerStateMachine.dispatchCommand(ContainerStateMachine.java:374) ~[classes/:?]
	at org.apache.hadoop.ozone.container.common.transport.server.ratis.ContainerStateMachine.runCommand(ContainerStateMachine.java:381) ~[classes/:?]
	at org.apache.hadoop.ozone.container.common.transport.server.ratis.ContainerStateMachine.lambda$applyTransaction$6(ContainerStateMachine.java:647) ~[classes/:?]
	at java.util.concurrent.CompletableFuture$AsyncSupply.run(CompletableFuture.java:1590) [?:1.8.0_212]
	at java.util.concurrent.ThreadPoolExecutor.runWorker(ThreadPoolExecutor.java:1149) [?:1.8.0_212]
	at java.util.concurrent.ThreadPoolExecutor$Worker.run(ThreadPoolExecutor.java:624) [?:1.8.0_212]
	at java.lang.Thread.run(Thread.java:748) [?:1.8.0_212]
20:57:56.630 [RatisApplyTransactionExecutor 3] ERROR DNAudit - user=null | ip=null | op=WRITE_CHUNK {blockData=conID: 3 locID: 102532400841621522 bcsId: 0} | ret=FAILURE
org.apache.hadoop.hdds.scm.container.common.helpers.StorageContainerException: ContainerID 3 does not exist
	at org.apache.hadoop.ozone.container.common.impl.HddsDispatcher.dispatchRequest(HddsDispatcher.java:242) ~[classes/:?]
	at org.apache.hadoop.ozone.container.common.impl.HddsDispatcher.dispatch(HddsDispatcher.java:148) ~[classes/:?]
	at org.apache.hadoop.ozone.container.common.transport.server.ratis.ContainerStateMachine.dispatchCommand(ContainerStateMachine.java:374) ~[classes/:?]
	at org.apache.hadoop.ozone.container.common.transport.server.ratis.ContainerStateMachine.runCommand(ContainerStateMachine.java:381) ~[classes/:?]
	at org.apache.hadoop.ozone.container.common.transport.server.ratis.ContainerStateMachine.lambda$applyTransaction$6(ContainerStateMachine.java:647) ~[classes/:?]
	at java.util.concurrent.CompletableFuture$AsyncSupply.run(CompletableFuture.java:1590) [?:1.8.0_212]
	at java.util.concurrent.ThreadPoolExecutor.runWorker(ThreadPoolExecutor.java:1149) [?:1.8.0_212]
	at java.util.concurrent.ThreadPoolExecutor$Worker.run(ThreadPoolExecutor.java:624) [?:1.8.0_212]
	at java.lang.Thread.run(Thread.java:748) [?:1.8.0_212]
2019-07-30 20:57:56,630 ERROR storage.BlockOutputStream (BlockOutputStream.java:validateResponse(531)) - Unexpected Storage Container Exception: 
org.apache.hadoop.hdds.scm.container.common.helpers.StorageContainerException: ContainerID 2 does not exist
	at org.apache.hadoop.hdds.scm.storage.ContainerProtocolCalls.validateContainerResponse(ContainerProtocolCalls.java:536)
	at org.apache.hadoop.hdds.scm.storage.BlockOutputStream.validateResponse(BlockOutputStream.java:529)
	at org.apache.hadoop.hdds.scm.storage.BlockOutputStream.lambda$writeChunkToContainer$2(BlockOutputStream.java:606)
	at java.util.concurrent.CompletableFuture.uniApply(CompletableFuture.java:602)
	at java.util.concurrent.CompletableFuture$UniApply.tryFire(CompletableFuture.java:577)
	at java.util.concurrent.CompletableFuture$Completion.run(CompletableFuture.java:442)
	at java.util.concurrent.ThreadPoolExecutor.runWorker(ThreadPoolExecutor.java:1149)
	at java.util.concurrent.ThreadPoolExecutor$Worker.run(ThreadPoolExecutor.java:624)
	at java.lang.Thread.run(Thread.java:748)
20:57:56.627 [RatisApplyTransactionExecutor 3] ERROR DNAudit - user=null | ip=null | op=WRITE_CHUNK {blockData=conID: 3 locID: 102532400841621522 bcsId: 0} | ret=FAILURE
org.apache.hadoop.hdds.scm.container.common.helpers.StorageContainerException: ContainerID 3 does not exist
	at org.apache.hadoop.ozone.container.common.impl.HddsDispatcher.dispatchRequest(HddsDispatcher.java:242) ~[classes/:?]
	at org.apache.hadoop.ozone.container.common.impl.HddsDispatcher.dispatch(HddsDispatcher.java:148) ~[classes/:?]
	at org.apache.hadoop.ozone.container.common.transport.server.ratis.ContainerStateMachine.dispatchCommand(ContainerStateMachine.java:374) ~[classes/:?]
	at org.apache.hadoop.ozone.container.common.transport.server.ratis.ContainerStateMachine.runCommand(ContainerStateMachine.java:381) ~[classes/:?]
	at org.apache.hadoop.ozone.container.common.transport.server.ratis.ContainerStateMachine.lambda$applyTransaction$6(ContainerStateMachine.java:647) ~[classes/:?]
	at java.util.concurrent.CompletableFuture$AsyncSupply.run(CompletableFuture.java:1590) [?:1.8.0_212]
	at java.util.concurrent.ThreadPoolExecutor.runWorker(ThreadPoolExecutor.java:1149) [?:1.8.0_212]
	at java.util.concurrent.ThreadPoolExecutor$Worker.run(ThreadPoolExecutor.java:624) [?:1.8.0_212]
	at java.lang.Thread.run(Thread.java:748) [?:1.8.0_212]
2019-07-30 20:57:56,630 INFO  impl.HddsDispatcher (ContainerUtils.java:logAndReturnError(146)) - Operation: WriteChunk : Trace ID: 8dc1668f87549467:6913bdcc554e30f2:71b8ddf8273f38ae:0 : Message: ContainerID 2 does not exist : Result: CONTAINER_NOT_FOUND
2019-07-30 20:57:56,630 INFO  impl.HddsDispatcher (ContainerUtils.java:logAndReturnError(146)) - Operation: WriteChunk : Trace ID: 72ff11851c0494ae:ff25a835564fe0ab:79ff110ec55cc906:0 : Message: ContainerID 3 does not exist : Result: CONTAINER_NOT_FOUND
2019-07-30 20:57:56,630 INFO  impl.HddsDispatcher (ContainerUtils.java:logAndReturnError(146)) - Operation: WriteChunk : Trace ID: 72ff11851c0494ae:ff25a835564fe0ab:79ff110ec55cc906:0 : Message: ContainerID 3 does not exist : Result: CONTAINER_NOT_FOUND
20:57:56.630 [RatisApplyTransactionExecutor 2] ERROR DNAudit - user=null | ip=null | op=PUT_BLOCK {blockData=[blockId=conID: 2 locID: 102532400841621520 bcsId: 0,size=10240]} | ret=FAILURE
org.apache.hadoop.hdds.scm.container.common.helpers.StorageContainerException: ContainerID 2 does not exist
	at org.apache.hadoop.ozone.container.common.impl.HddsDispatcher.dispatchRequest(HddsDispatcher.java:242) ~[classes/:?]
	at org.apache.hadoop.ozone.container.common.impl.HddsDispatcher.dispatch(HddsDispatcher.java:148) ~[classes/:?]
	at org.apache.hadoop.ozone.container.common.transport.server.ratis.ContainerStateMachine.dispatchCommand(ContainerStateMachine.java:374) ~[classes/:?]
	at org.apache.hadoop.ozone.container.common.transport.server.ratis.ContainerStateMachine.runCommand(ContainerStateMachine.java:381) ~[classes/:?]
	at org.apache.hadoop.ozone.container.common.transport.server.ratis.ContainerStateMachine.lambda$applyTransaction$6(ContainerStateMachine.java:647) ~[classes/:?]
	at java.util.concurrent.CompletableFuture$AsyncSupply.run(CompletableFuture.java:1590) [?:1.8.0_212]
	at java.util.concurrent.ThreadPoolExecutor.runWorker(ThreadPoolExecutor.java:1149) [?:1.8.0_212]
	at java.util.concurrent.ThreadPoolExecutor$Worker.run(ThreadPoolExecutor.java:624) [?:1.8.0_212]
	at java.lang.Thread.run(Thread.java:748) [?:1.8.0_212]
20:57:56.630 [RatisApplyTransactionExecutor 2] ERROR DNAudit - user=null | ip=null | op=WRITE_CHUNK {blockData=conID: 2 locID: 102532400841818133 bcsId: 0} | ret=FAILURE
org.apache.hadoop.hdds.scm.container.common.helpers.StorageContainerException: ContainerID 2 does not exist
	at org.apache.hadoop.ozone.container.common.impl.HddsDispatcher.dispatchRequest(HddsDispatcher.java:242) ~[classes/:?]
	at org.apache.hadoop.ozone.container.common.impl.HddsDispatcher.dispatch(HddsDispatcher.java:148) ~[classes/:?]
	at org.apache.hadoop.ozone.container.common.transport.server.ratis.ContainerStateMachine.dispatchCommand(ContainerStateMachine.java:374) ~[classes/:?]
	at org.apache.hadoop.ozone.container.common.transport.server.ratis.ContainerStateMachine.runCommand(ContainerStateMachine.java:381) ~[classes/:?]
	at org.apache.hadoop.ozone.container.common.transport.server.ratis.ContainerStateMachine.lambda$applyTransaction$6(ContainerStateMachine.java:647) ~[classes/:?]
	at java.util.concurrent.CompletableFuture$AsyncSupply.run(CompletableFuture.java:1590) [?:1.8.0_212]
	at java.util.concurrent.ThreadPoolExecutor.runWorker(ThreadPoolExecutor.java:1149) [?:1.8.0_212]
	at java.util.concurrent.ThreadPoolExecutor$Worker.run(ThreadPoolExecutor.java:624) [?:1.8.0_212]
	at java.lang.Thread.run(Thread.java:748) [?:1.8.0_212]
2019-07-30 20:57:56,631 INFO  client.GrpcClientProtocolClient (GrpcClientProtocolClient.java:onNext(255)) - client-E494ADF04478->b886fbb7-990e-4a24-a2cf-3fb3cd8b1c79: receive RaftClientReply:client-E494ADF04478->b886fbb7-990e-4a24-a2cf-3fb3cd8b1c79@group-79705B3AEBD9, cid=41, SUCCESS, logIndex=46, commits[b886fbb7-990e-4a24-a2cf-3fb3cd8b1c79:c46, 8d326b13-47f6-487d-88ff-0b7d36d1dd11:c34, 88b457c9-a839-4d83-9bd8-4c2a9c6ac969:c34]
2019-07-30 20:57:56,631 INFO  impl.HddsDispatcher (ContainerUtils.java:logAndReturnError(146)) - Operation: WriteChunk : Trace ID: 8dc1668f87549467:6913bdcc554e30f2:71b8ddf8273f38ae:0 : Message: ContainerID 2 does not exist : Result: CONTAINER_NOT_FOUND
2019-07-30 20:57:56,631 INFO  impl.HddsDispatcher (ContainerUtils.java:logAndReturnError(146)) - Operation: PutBlock : Trace ID: d5af902e08705264:e2fa883863cd3cdb:48cf19bcb13ce964:0 : Message: ContainerID 2 does not exist : Result: CONTAINER_NOT_FOUND
20:57:56.634 [RatisApplyTransactionExecutor 3] ERROR DNAudit - user=null | ip=null | op=PUT_BLOCK {blockData=[blockId=conID: 3 locID: 102532400841818134 bcsId: 0,size=10240]} | ret=FAILURE
org.apache.hadoop.hdds.scm.container.common.helpers.StorageContainerException: ContainerID 3 does not exist
	at org.apache.hadoop.ozone.container.common.impl.HddsDispatcher.dispatchRequest(HddsDispatcher.java:242) ~[classes/:?]
	at org.apache.hadoop.ozone.container.common.impl.HddsDispatcher.dispatch(HddsDispatcher.java:148) ~[classes/:?]
	at org.apache.hadoop.ozone.container.common.transport.server.ratis.ContainerStateMachine.dispatchCommand(ContainerStateMachine.java:374) ~[classes/:?]
	at org.apache.hadoop.ozone.container.common.transport.server.ratis.ContainerStateMachine.runCommand(ContainerStateMachine.java:381) ~[classes/:?]
	at org.apache.hadoop.ozone.container.common.transport.server.ratis.ContainerStateMachine.lambda$applyTransaction$6(ContainerStateMachine.java:647) ~[classes/:?]
	at java.util.concurrent.CompletableFuture$AsyncSupply.run(CompletableFuture.java:1590) [?:1.8.0_212]
	at java.util.concurrent.ThreadPoolExecutor.runWorker(ThreadPoolExecutor.java:1149) [?:1.8.0_212]
	at java.util.concurrent.ThreadPoolExecutor$Worker.run(ThreadPoolExecutor.java:624) [?:1.8.0_212]
	at java.lang.Thread.run(Thread.java:748) [?:1.8.0_212]
2019-07-30 20:57:56,634 INFO  impl.HddsDispatcher (ContainerUtils.java:logAndReturnError(146)) - Operation: PutBlock : Trace ID: 681c2a0c1a589342:b7dd7ced6100459a:abb4d72cb20c8075:0 : Message: ContainerID 3 does not exist : Result: CONTAINER_NOT_FOUND
20:57:56.634 [RatisApplyTransactionExecutor 2] ERROR DNAudit - user=null | ip=null | op=PUT_BLOCK {blockData=[blockId=conID: 2 locID: 102532400842276895 bcsId: 0,size=10240]} | ret=FAILURE
org.apache.hadoop.hdds.scm.container.common.helpers.StorageContainerException: ContainerID 2 does not exist
	at org.apache.hadoop.ozone.container.common.impl.HddsDispatcher.dispatchRequest(HddsDispatcher.java:242) ~[classes/:?]
	at org.apache.hadoop.ozone.container.common.impl.HddsDispatcher.dispatch(HddsDispatcher.java:148) ~[classes/:?]
	at org.apache.hadoop.ozone.container.common.transport.server.ratis.ContainerStateMachine.dispatchCommand(ContainerStateMachine.java:374) ~[classes/:?]
	at org.apache.hadoop.ozone.container.common.transport.server.ratis.ContainerStateMachine.runCommand(ContainerStateMachine.java:381) ~[classes/:?]
	at org.apache.hadoop.ozone.container.common.transport.server.ratis.ContainerStateMachine.lambda$applyTransaction$6(ContainerStateMachine.java:647) ~[classes/:?]
	at java.util.concurrent.CompletableFuture$AsyncSupply.run(CompletableFuture.java:1590) [?:1.8.0_212]
	at java.util.concurrent.ThreadPoolExecutor.runWorker(ThreadPoolExecutor.java:1149) [?:1.8.0_212]
	at java.util.concurrent.ThreadPoolExecutor$Worker.run(ThreadPoolExecutor.java:624) [?:1.8.0_212]
	at java.lang.Thread.run(Thread.java:748) [?:1.8.0_212]
2019-07-30 20:57:56,636 INFO  impl.HddsDispatcher (ContainerUtils.java:logAndReturnError(146)) - Operation: PutBlock : Trace ID: 8dcff0263c0255fe:5e6adf847893d3fd:b4885ddfed0f932b:0 : Message: ContainerID 2 does not exist : Result: CONTAINER_NOT_FOUND
20:57:56.634 [RatisApplyTransactionExecutor 3] ERROR DNAudit - user=null | ip=null | op=PUT_BLOCK {blockData=[blockId=conID: 3 locID: 102532400842211357 bcsId: 0,size=10240]} | ret=FAILURE
org.apache.hadoop.hdds.scm.container.common.helpers.StorageContainerException: ContainerID 3 does not exist
	at org.apache.hadoop.ozone.container.common.impl.HddsDispatcher.dispatchRequest(HddsDispatcher.java:242) ~[classes/:?]
	at org.apache.hadoop.ozone.container.common.impl.HddsDispatcher.dispatch(HddsDispatcher.java:148) ~[classes/:?]
	at org.apache.hadoop.ozone.container.common.transport.server.ratis.ContainerStateMachine.dispatchCommand(ContainerStateMachine.java:374) ~[classes/:?]
	at org.apache.hadoop.ozone.container.common.transport.server.ratis.ContainerStateMachine.runCommand(ContainerStateMachine.java:381) ~[classes/:?]
	at org.apache.hadoop.ozone.container.common.transport.server.ratis.ContainerStateMachine.lambda$applyTransaction$6(ContainerStateMachine.java:647) ~[classes/:?]
	at java.util.concurrent.CompletableFuture$AsyncSupply.run(CompletableFuture.java:1590) [?:1.8.0_212]
	at java.util.concurrent.ThreadPoolExecutor.runWorker(ThreadPoolExecutor.java:1149) [?:1.8.0_212]
	at java.util.concurrent.ThreadPoolExecutor$Worker.run(ThreadPoolExecutor.java:624) [?:1.8.0_212]
	at java.lang.Thread.run(Thread.java:748) [?:1.8.0_212]
2019-07-30 20:57:56,638 INFO  impl.HddsDispatcher (ContainerUtils.java:logAndReturnError(146)) - Operation: PutBlock : Trace ID: 42602af2c97e73ef:96e79eef01809d98:f05c215bd590b3c3:0 : Message: ContainerID 3 does not exist : Result: CONTAINER_NOT_FOUND
2019-07-30 20:57:56,638 INFO  client.GrpcClientProtocolClient (GrpcClientProtocolClient.java:onNext(255)) - client-E494ADF04478->b886fbb7-990e-4a24-a2cf-3fb3cd8b1c79: receive RaftClientReply:client-E494ADF04478->b886fbb7-990e-4a24-a2cf-3fb3cd8b1c79@group-79705B3AEBD9, cid=31, SUCCESS, logIndex=47, commits[b886fbb7-990e-4a24-a2cf-3fb3cd8b1c79:c48, 8d326b13-47f6-487d-88ff-0b7d36d1dd11:c34, 88b457c9-a839-4d83-9bd8-4c2a9c6ac969:c35]
20:57:56.638 [RatisApplyTransactionExecutor 2] ERROR DNAudit - user=null | ip=null | op=WRITE_CHUNK {blockData=conID: 2 locID: 102532400841621520 bcsId: 0} | ret=FAILURE
org.apache.hadoop.hdds.scm.container.common.helpers.StorageContainerException: ContainerID 2 does not exist
	at org.apache.hadoop.ozone.container.common.impl.HddsDispatcher.dispatchRequest(HddsDispatcher.java:242) ~[classes/:?]
	at org.apache.hadoop.ozone.container.common.impl.HddsDispatcher.dispatch(HddsDispatcher.java:148) ~[classes/:?]
	at org.apache.hadoop.ozone.container.common.transport.server.ratis.ContainerStateMachine.dispatchCommand(ContainerStateMachine.java:374) ~[classes/:?]
	at org.apache.hadoop.ozone.container.common.transport.server.ratis.ContainerStateMachine.runCommand(ContainerStateMachine.java:381) ~[classes/:?]
	at org.apache.hadoop.ozone.container.common.transport.server.ratis.ContainerStateMachine.lambda$applyTransaction$6(ContainerStateMachine.java:647) ~[classes/:?]
	at java.util.concurrent.CompletableFuture$AsyncSupply.run(CompletableFuture.java:1590) [?:1.8.0_212]
	at java.util.concurrent.ThreadPoolExecutor.runWorker(ThreadPoolExecutor.java:1149) [?:1.8.0_212]
	at java.util.concurrent.ThreadPoolExecutor$Worker.run(ThreadPoolExecutor.java:624) [?:1.8.0_212]
	at java.lang.Thread.run(Thread.java:748) [?:1.8.0_212]
20:57:56.634 [RatisApplyTransactionExecutor 2] ERROR DNAudit - user=null | ip=null | op=PUT_BLOCK {blockData=[blockId=conID: 2 locID: 102532400842276895 bcsId: 0,size=10240]} | ret=FAILURE
org.apache.hadoop.hdds.scm.container.common.helpers.StorageContainerException: ContainerID 2 does not exist
	at org.apache.hadoop.ozone.container.common.impl.HddsDispatcher.dispatchRequest(HddsDispatcher.java:242) ~[classes/:?]
	at org.apache.hadoop.ozone.container.common.impl.HddsDispatcher.dispatch(HddsDispatcher.java:148) ~[classes/:?]
	at org.apache.hadoop.ozone.container.common.transport.server.ratis.ContainerStateMachine.dispatchCommand(ContainerStateMachine.java:374) ~[classes/:?]
	at org.apache.hadoop.ozone.container.common.transport.server.ratis.ContainerStateMachine.runCommand(ContainerStateMachine.java:381) ~[classes/:?]
	at org.apache.hadoop.ozone.container.common.transport.server.ratis.ContainerStateMachine.lambda$applyTransaction$6(ContainerStateMachine.java:647) ~[classes/:?]
	at java.util.concurrent.CompletableFuture$AsyncSupply.run(CompletableFuture.java:1590) [?:1.8.0_212]
	at java.util.concurrent.ThreadPoolExecutor.runWorker(ThreadPoolExecutor.java:1149) [?:1.8.0_212]
	at java.util.concurrent.ThreadPoolExecutor$Worker.run(ThreadPoolExecutor.java:624) [?:1.8.0_212]
	at java.lang.Thread.run(Thread.java:748) [?:1.8.0_212]
20:57:56.640 [RatisApplyTransactionExecutor 3] ERROR DNAudit - user=null | ip=null | op=PUT_BLOCK {blockData=[blockId=conID: 3 locID: 102532400841621522 bcsId: 0,size=10240]} | ret=FAILURE
org.apache.hadoop.hdds.scm.container.common.helpers.StorageContainerException: ContainerID 3 does not exist
	at org.apache.hadoop.ozone.container.common.impl.HddsDispatcher.dispatchRequest(HddsDispatcher.java:242) ~[classes/:?]
	at org.apache.hadoop.ozone.container.common.impl.HddsDispatcher.dispatch(HddsDispatcher.java:148) ~[classes/:?]
	at org.apache.hadoop.ozone.container.common.transport.server.ratis.ContainerStateMachine.dispatchCommand(ContainerStateMachine.java:374) ~[classes/:?]
	at org.apache.hadoop.ozone.container.common.transport.server.ratis.ContainerStateMachine.runCommand(ContainerStateMachine.java:381) ~[classes/:?]
	at org.apache.hadoop.ozone.container.common.transport.server.ratis.ContainerStateMachine.lambda$applyTransaction$6(ContainerStateMachine.java:647) ~[classes/:?]
	at java.util.concurrent.CompletableFuture$AsyncSupply.run(CompletableFuture.java:1590) [?:1.8.0_212]
	at java.util.concurrent.ThreadPoolExecutor.runWorker(ThreadPoolExecutor.java:1149) [?:1.8.0_212]
	at java.util.concurrent.ThreadPoolExecutor$Worker.run(ThreadPoolExecutor.java:624) [?:1.8.0_212]
	at java.lang.Thread.run(Thread.java:748) [?:1.8.0_212]
2019-07-30 20:57:56,640 ERROR freon.RandomKeyGenerator (RandomKeyGenerator.java:createKey(730)) - Exception while adding key: key-0-48758 in bucket: bucket-4-97505 of volume: vol-1-16909.
java.io.IOException: Unexpected Storage Container Exception: org.apache.hadoop.hdds.scm.container.common.helpers.StorageContainerException: ContainerID 2 does not exist
	at org.apache.hadoop.hdds.scm.storage.BlockOutputStream.setIoException(BlockOutputStream.java:541)
	at org.apache.hadoop.hdds.scm.storage.BlockOutputStream.validateResponse(BlockOutputStream.java:532)
	at org.apache.hadoop.hdds.scm.storage.BlockOutputStream.lambda$writeChunkToContainer$2(BlockOutputStream.java:606)
	at java.util.concurrent.CompletableFuture.uniApply(CompletableFuture.java:602)
	at java.util.concurrent.CompletableFuture$UniApply.tryFire(CompletableFuture.java:577)
	at java.util.concurrent.CompletableFuture$Completion.run(CompletableFuture.java:442)
	at java.util.concurrent.ThreadPoolExecutor.runWorker(ThreadPoolExecutor.java:1149)
	at java.util.concurrent.ThreadPoolExecutor$Worker.run(ThreadPoolExecutor.java:624)
	at java.lang.Thread.run(Thread.java:748)
Caused by: org.apache.hadoop.hdds.scm.container.common.helpers.StorageContainerException: ContainerID 2 does not exist
	at org.apache.hadoop.hdds.scm.storage.ContainerProtocolCalls.validateContainerResponse(ContainerProtocolCalls.java:536)
	at org.apache.hadoop.hdds.scm.storage.BlockOutputStream.validateResponse(BlockOutputStream.java:529)
	... 7 more
2019-07-30 20:57:56,641 INFO  client.GrpcClientProtocolClient (GrpcClientProtocolClient.java:onNext(255)) - client-E494ADF04478->b886fbb7-990e-4a24-a2cf-3fb3cd8b1c79: receive RaftClientReply:client-E494ADF04478->b886fbb7-990e-4a24-a2cf-3fb3cd8b1c79@group-79705B3AEBD9, cid=46, SUCCESS, logIndex=0, commits[b886fbb7-990e-4a24-a2cf-3fb3cd8b1c79:c59, 8d326b13-47f6-487d-88ff-0b7d36d1dd11:c40, 88b457c9-a839-4d83-9bd8-4c2a9c6ac969:c42]
20:57:56.641 [RatisApplyTransactionExecutor 3] ERROR DNAudit - user=null | ip=null | op=PUT_BLOCK {blockData=[blockId=conID: 3 locID: 102532400842211357 bcsId: 0,size=10240]} | ret=FAILURE
org.apache.hadoop.hdds.scm.container.common.helpers.StorageContainerException: ContainerID 3 does not exist
	at org.apache.hadoop.ozone.container.common.impl.HddsDispatcher.dispatchRequest(HddsDispatcher.java:242) ~[classes/:?]
	at org.apache.hadoop.ozone.container.common.impl.HddsDispatcher.dispatch(HddsDispatcher.java:148) ~[classes/:?]
	at org.apache.hadoop.ozone.container.common.transport.server.ratis.ContainerStateMachine.dispatchCommand(ContainerStateMachine.java:374) ~[classes/:?]
	at org.apache.hadoop.ozone.container.common.transport.server.ratis.ContainerStateMachine.runCommand(ContainerStateMachine.java:381) ~[classes/:?]
	at org.apache.hadoop.ozone.container.common.transport.server.ratis.ContainerStateMachine.lambda$applyTransaction$6(ContainerStateMachine.java:647) ~[classes/:?]
	at java.util.concurrent.CompletableFuture$AsyncSupply.run(CompletableFuture.java:1590) [?:1.8.0_212]
	at java.util.concurrent.ThreadPoolExecutor.runWorker(ThreadPoolExecutor.java:1149) [?:1.8.0_212]
	at java.util.concurrent.ThreadPoolExecutor$Worker.run(ThreadPoolExecutor.java:624) [?:1.8.0_212]
	at java.lang.Thread.run(Thread.java:748) [?:1.8.0_212]
2019-07-30 20:57:56,641 INFO  impl.HddsDispatcher (ContainerUtils.java:logAndReturnError(146)) - Operation: PutBlock : Trace ID: 72ff11851c0494ae:fb3e15afefcd9518:79ff110ec55cc906:0 : Message: ContainerID 3 does not exist : Result: CONTAINER_NOT_FOUND
2019-07-30 20:57:56,640 INFO  impl.HddsDispatcher (ContainerUtils.java:logAndReturnError(146)) - Operation: PutBlock : Trace ID: 8dcff0263c0255fe:5e6adf847893d3fd:b4885ddfed0f932b:0 : Message: ContainerID 2 does not exist : Result: CONTAINER_NOT_FOUND
2019-07-30 20:57:56,640 INFO  impl.HddsDispatcher (ContainerUtils.java:logAndReturnError(146)) - Operation: WriteChunk : Trace ID: d5af902e08705264:81bed01b96cab326:48cf19bcb13ce964:0 : Message: ContainerID 2 does not exist : Result: CONTAINER_NOT_FOUND
2019-07-30 20:57:56,641 INFO  impl.HddsDispatcher (ContainerUtils.java:logAndReturnError(146)) - Operation: PutBlock : Trace ID: 42602af2c97e73ef:96e79eef01809d98:f05c215bd590b3c3:0 : Message: ContainerID 3 does not exist : Result: CONTAINER_NOT_FOUND
20:57:56.641 [RatisApplyTransactionExecutor 3] ERROR DNAudit - user=null | ip=null | op=WRITE_CHUNK {blockData=conID: 3 locID: 102532400841818134 bcsId: 0} | ret=FAILURE
org.apache.hadoop.hdds.scm.container.common.helpers.StorageContainerException: ContainerID 3 does not exist
	at org.apache.hadoop.ozone.container.common.impl.HddsDispatcher.dispatchRequest(HddsDispatcher.java:242) ~[classes/:?]
	at org.apache.hadoop.ozone.container.common.impl.HddsDispatcher.dispatch(HddsDispatcher.java:148) ~[classes/:?]
	at org.apache.hadoop.ozone.container.common.transport.server.ratis.ContainerStateMachine.dispatchCommand(ContainerStateMachine.java:374) ~[classes/:?]
	at org.apache.hadoop.ozone.container.common.transport.server.ratis.ContainerStateMachine.runCommand(ContainerStateMachine.java:381) ~[classes/:?]
	at org.apache.hadoop.ozone.container.common.transport.server.ratis.ContainerStateMachine.lambda$applyTransaction$6(ContainerStateMachine.java:647) ~[classes/:?]
	at java.util.concurrent.CompletableFuture$AsyncSupply.run(CompletableFuture.java:1590) [?:1.8.0_212]
	at java.util.concurrent.ThreadPoolExecutor.runWorker(ThreadPoolExecutor.java:1149) [?:1.8.0_212]
	at java.util.concurrent.ThreadPoolExecutor$Worker.run(ThreadPoolExecutor.java:624) [?:1.8.0_212]
	at java.lang.Thread.run(Thread.java:748) [?:1.8.0_212]
20:57:56.642 [RatisApplyTransactionExecutor 2] ERROR DNAudit - user=null | ip=null | op=WRITE_CHUNK {blockData=conID: 2 locID: 102532400841621520 bcsId: 0} | ret=FAILURE
org.apache.hadoop.hdds.scm.container.common.helpers.StorageContainerException: ContainerID 2 does not exist
	at org.apache.hadoop.ozone.container.common.impl.HddsDispatcher.dispatchRequest(HddsDispatcher.java:242) ~[classes/:?]
	at org.apache.hadoop.ozone.container.common.impl.HddsDispatcher.dispatch(HddsDispatcher.java:148) ~[classes/:?]
	at org.apache.hadoop.ozone.container.common.transport.server.ratis.ContainerStateMachine.dispatchCommand(ContainerStateMachine.java:374) ~[classes/:?]
	at org.apache.hadoop.ozone.container.common.transport.server.ratis.ContainerStateMachine.runCommand(ContainerStateMachine.java:381) ~[classes/:?]
	at org.apache.hadoop.ozone.container.common.transport.server.ratis.ContainerStateMachine.lambda$applyTransaction$6(ContainerStateMachine.java:647) ~[classes/:?]
	at java.util.concurrent.CompletableFuture$AsyncSupply.run(CompletableFuture.java:1590) [?:1.8.0_212]
	at java.util.concurrent.ThreadPoolExecutor.runWorker(ThreadPoolExecutor.java:1149) [?:1.8.0_212]
	at java.util.concurrent.ThreadPoolExecutor$Worker.run(ThreadPoolExecutor.java:624) [?:1.8.0_212]
	at java.lang.Thread.run(Thread.java:748) [?:1.8.0_212]
2019-07-30 20:57:56,641 ERROR storage.BlockOutputStream (BlockOutputStream.java:validateResponse(531)) - Unexpected Storage Container Exception: 
org.apache.hadoop.hdds.scm.container.common.helpers.StorageContainerException: ContainerID 3 does not exist
	at org.apache.hadoop.hdds.scm.storage.ContainerProtocolCalls.validateContainerResponse(ContainerProtocolCalls.java:536)
	at org.apache.hadoop.hdds.scm.storage.BlockOutputStream.validateResponse(BlockOutputStream.java:529)
	at org.apache.hadoop.hdds.scm.storage.BlockOutputStream.lambda$writeChunkToContainer$2(BlockOutputStream.java:606)
	at java.util.concurrent.CompletableFuture.uniApply(CompletableFuture.java:602)
	at java.util.concurrent.CompletableFuture$UniApply.tryFire(CompletableFuture.java:577)
	at java.util.concurrent.CompletableFuture$Completion.run(CompletableFuture.java:442)
	at java.util.concurrent.ThreadPoolExecutor.runWorker(ThreadPoolExecutor.java:1149)
	at java.util.concurrent.ThreadPoolExecutor$Worker.run(ThreadPoolExecutor.java:624)
	at java.lang.Thread.run(Thread.java:748)
20:57:56.642 [RatisApplyTransactionExecutor 2] ERROR DNAudit - user=null | ip=null | op=PUT_BLOCK {blockData=[blockId=conID: 2 locID: 102532400841818133 bcsId: 0,size=10240]} | ret=FAILURE
org.apache.hadoop.hdds.scm.container.common.helpers.StorageContainerException: ContainerID 2 does not exist
	at org.apache.hadoop.ozone.container.common.impl.HddsDispatcher.dispatchRequest(HddsDispatcher.java:242) ~[classes/:?]
	at org.apache.hadoop.ozone.container.common.impl.HddsDispatcher.dispatch(HddsDispatcher.java:148) ~[classes/:?]
	at org.apache.hadoop.ozone.container.common.transport.server.ratis.ContainerStateMachine.dispatchCommand(ContainerStateMachine.java:374) ~[classes/:?]
	at org.apache.hadoop.ozone.container.common.transport.server.ratis.ContainerStateMachine.runCommand(ContainerStateMachine.java:381) ~[classes/:?]
	at org.apache.hadoop.ozone.container.common.transport.server.ratis.ContainerStateMachine.lambda$applyTransaction$6(ContainerStateMachine.java:647) ~[classes/:?]
	at java.util.concurrent.CompletableFuture$AsyncSupply.run(CompletableFuture.java:1590) [?:1.8.0_212]
	at java.util.concurrent.ThreadPoolExecutor.runWorker(ThreadPoolExecutor.java:1149) [?:1.8.0_212]
	at java.util.concurrent.ThreadPoolExecutor$Worker.run(ThreadPoolExecutor.java:624) [?:1.8.0_212]
	at java.lang.Thread.run(Thread.java:748) [?:1.8.0_212]
2019-07-30 20:57:56,641 INFO  client.GrpcClientProtocolClient (GrpcClientProtocolClient.java:onNext(255)) - client-E494ADF04478->b886fbb7-990e-4a24-a2cf-3fb3cd8b1c79: receive RaftClientReply:client-E494ADF04478->b886fbb7-990e-4a24-a2cf-3fb3cd8b1c79@group-79705B3AEBD9, cid=42, SUCCESS, logIndex=48, commits[b886fbb7-990e-4a24-a2cf-3fb3cd8b1c79:c50, 8d326b13-47f6-487d-88ff-0b7d36d1dd11:c36, 88b457c9-a839-4d83-9bd8-4c2a9c6ac969:c35]
2019-07-30 20:57:56,642 INFO  impl.HddsDispatcher (ContainerUtils.java:logAndReturnError(146)) - Operation: PutBlock : Trace ID: 8dc1668f87549467:9412c92203b04b66:71b8ddf8273f38ae:0 : Message: ContainerID 2 does not exist : Result: CONTAINER_NOT_FOUND
20:57:56.642 [RatisApplyTransactionExecutor 3] ERROR DNAudit - user=null | ip=null | op=PUT_BLOCK {blockData=[blockId=conID: 3 locID: 102532400841621522 bcsId: 0,size=10240]} | ret=FAILURE
org.apache.hadoop.hdds.scm.container.common.helpers.StorageContainerException: ContainerID 3 does not exist
	at org.apache.hadoop.ozone.container.common.impl.HddsDispatcher.dispatchRequest(HddsDispatcher.java:242) ~[classes/:?]
	at org.apache.hadoop.ozone.container.common.impl.HddsDispatcher.dispatch(HddsDispatcher.java:148) ~[classes/:?]
	at org.apache.hadoop.ozone.container.common.transport.server.ratis.ContainerStateMachine.dispatchCommand(ContainerStateMachine.java:374) ~[classes/:?]
	at org.apache.hadoop.ozone.container.common.transport.server.ratis.ContainerStateMachine.runCommand(ContainerStateMachine.java:381) ~[classes/:?]
	at org.apache.hadoop.ozone.container.common.transport.server.ratis.ContainerStateMachine.lambda$applyTransaction$6(ContainerStateMachine.java:647) ~[classes/:?]
	at java.util.concurrent.CompletableFuture$AsyncSupply.run(CompletableFuture.java:1590) [?:1.8.0_212]
	at java.util.concurrent.ThreadPoolExecutor.runWorker(ThreadPoolExecutor.java:1149) [?:1.8.0_212]
	at java.util.concurrent.ThreadPoolExecutor$Worker.run(ThreadPoolExecutor.java:624) [?:1.8.0_212]
	at java.lang.Thread.run(Thread.java:748) [?:1.8.0_212]
2019-07-30 20:57:56,642 INFO  impl.HddsDispatcher (ContainerUtils.java:logAndReturnError(146)) - Operation: WriteChunk : Trace ID: d5af902e08705264:81bed01b96cab326:48cf19bcb13ce964:0 : Message: ContainerID 2 does not exist : Result: CONTAINER_NOT_FOUND
2019-07-30 20:57:56,642 INFO  impl.HddsDispatcher (ContainerUtils.java:logAndReturnError(146)) - Operation: WriteChunk : Trace ID: 681c2a0c1a589342:b8c72a9e84416cc1:abb4d72cb20c8075:0 : Message: ContainerID 3 does not exist : Result: CONTAINER_NOT_FOUND
2019-07-30 20:57:56,642 INFO  impl.HddsDispatcher (ContainerUtils.java:logAndReturnError(146)) - Operation: PutBlock : Trace ID: 72ff11851c0494ae:fb3e15afefcd9518:79ff110ec55cc906:0 : Message: ContainerID 3 does not exist : Result: CONTAINER_NOT_FOUND
20:57:56.642 [RatisApplyTransactionExecutor 2] ERROR DNAudit - user=null | ip=null | op=PUT_BLOCK {blockData=[blockId=conID: 2 locID: 102532400842080284 bcsId: 0,size=10240]} | ret=FAILURE
org.apache.hadoop.hdds.scm.container.common.helpers.StorageContainerException: ContainerID 2 does not exist
	at org.apache.hadoop.ozone.container.common.impl.HddsDispatcher.dispatchRequest(HddsDispatcher.java:242) ~[classes/:?]
	at org.apache.hadoop.ozone.container.common.impl.HddsDispatcher.dispatch(HddsDispatcher.java:148) ~[classes/:?]
	at org.apache.hadoop.ozone.container.common.transport.server.ratis.ContainerStateMachine.dispatchCommand(ContainerStateMachine.java:374) ~[classes/:?]
	at org.apache.hadoop.ozone.container.common.transport.server.ratis.ContainerStateMachine.runCommand(ContainerStateMachine.java:381) ~[classes/:?]
	at org.apache.hadoop.ozone.container.common.transport.server.ratis.ContainerStateMachine.lambda$applyTransaction$6(ContainerStateMachine.java:647) ~[classes/:?]
	at java.util.concurrent.CompletableFuture$AsyncSupply.run(CompletableFuture.java:1590) [?:1.8.0_212]
	at java.util.concurrent.ThreadPoolExecutor.runWorker(ThreadPoolExecutor.java:1149) [?:1.8.0_212]
	at java.util.concurrent.ThreadPoolExecutor$Worker.run(ThreadPoolExecutor.java:624) [?:1.8.0_212]
	at java.lang.Thread.run(Thread.java:748) [?:1.8.0_212]
2019-07-30 20:57:56,646 INFO  client.GrpcClientProtocolClient (GrpcClientProtocolClient.java:onNext(255)) - client-E494ADF04478->b886fbb7-990e-4a24-a2cf-3fb3cd8b1c79: receive RaftClientReply:client-E494ADF04478->b886fbb7-990e-4a24-a2cf-3fb3cd8b1c79@group-79705B3AEBD9, cid=37, SUCCESS, logIndex=50, commits[b886fbb7-990e-4a24-a2cf-3fb3cd8b1c79:c51, 8d326b13-47f6-487d-88ff-0b7d36d1dd11:c36, 88b457c9-a839-4d83-9bd8-4c2a9c6ac969:c36]
2019-07-30 20:57:56,646 INFO  impl.HddsDispatcher (ContainerUtils.java:logAndReturnError(146)) - Operation: PutBlock : Trace ID: e58eeae7531ea39:51248cef3ce6d42f:40dba9853508d609:0 : Message: ContainerID 2 does not exist : Result: CONTAINER_NOT_FOUND
20:57:56.646 [RatisApplyTransactionExecutor 3] ERROR DNAudit - user=null | ip=null | op=PUT_BLOCK {blockData=[blockId=conID: 3 locID: 102532400841818134 bcsId: 0,size=10240]} | ret=FAILURE
org.apache.hadoop.hdds.scm.container.common.helpers.StorageContainerException: ContainerID 3 does not exist
	at org.apache.hadoop.ozone.container.common.impl.HddsDispatcher.dispatchRequest(HddsDispatcher.java:242) ~[classes/:?]
	at org.apache.hadoop.ozone.container.common.impl.HddsDispatcher.dispatch(HddsDispatcher.java:148) ~[classes/:?]
	at org.apache.hadoop.ozone.container.common.transport.server.ratis.ContainerStateMachine.dispatchCommand(ContainerStateMachine.java:374) ~[classes/:?]
	at org.apache.hadoop.ozone.container.common.transport.server.ratis.ContainerStateMachine.runCommand(ContainerStateMachine.java:381) ~[classes/:?]
	at org.apache.hadoop.ozone.container.common.transport.server.ratis.ContainerStateMachine.lambda$applyTransaction$6(ContainerStateMachine.java:647) ~[classes/:?]
	at java.util.concurrent.CompletableFuture$AsyncSupply.run(CompletableFuture.java:1590) [?:1.8.0_212]
	at java.util.concurrent.ThreadPoolExecutor.runWorker(ThreadPoolExecutor.java:1149) [?:1.8.0_212]
	at java.util.concurrent.ThreadPoolExecutor$Worker.run(ThreadPoolExecutor.java:624) [?:1.8.0_212]
	at java.lang.Thread.run(Thread.java:748) [?:1.8.0_212]
2019-07-30 20:57:56,646 INFO  impl.HddsDispatcher (ContainerUtils.java:logAndReturnError(146)) - Operation: PutBlock : Trace ID: 681c2a0c1a589342:b7dd7ced6100459a:abb4d72cb20c8075:0 : Message: ContainerID 3 does not exist : Result: CONTAINER_NOT_FOUND
2019-07-30 20:57:56,650 ERROR freon.RandomKeyGenerator (RandomKeyGenerator.java:createKey(730)) - Exception while adding key: key-0-15752 in bucket: bucket-1-76046 of volume: vol-1-16909.
java.io.IOException: Unexpected Storage Container Exception: org.apache.hadoop.hdds.scm.container.common.helpers.StorageContainerException: ContainerID 2 does not exist
	at org.apache.hadoop.hdds.scm.storage.BlockOutputStream.setIoException(BlockOutputStream.java:541)
	at org.apache.hadoop.hdds.scm.storage.BlockOutputStream.validateResponse(BlockOutputStream.java:532)
	at org.apache.hadoop.hdds.scm.storage.BlockOutputStream.lambda$writeChunkToContainer$2(BlockOutputStream.java:606)
	at java.util.concurrent.CompletableFuture.uniApply(CompletableFuture.java:602)
	at java.util.concurrent.CompletableFuture$UniApply.tryFire(CompletableFuture.java:577)
	at java.util.concurrent.CompletableFuture$Completion.run(CompletableFuture.java:442)
	at java.util.concurrent.ThreadPoolExecutor.runWorker(ThreadPoolExecutor.java:1149)
	at java.util.concurrent.ThreadPoolExecutor$Worker.run(ThreadPoolExecutor.java:624)
	at java.lang.Thread.run(Thread.java:748)
Caused by: org.apache.hadoop.hdds.scm.container.common.helpers.StorageContainerException: ContainerID 2 does not exist
	at org.apache.hadoop.hdds.scm.storage.ContainerProtocolCalls.validateContainerResponse(ContainerProtocolCalls.java:536)
	at org.apache.hadoop.hdds.scm.storage.BlockOutputStream.validateResponse(BlockOutputStream.java:529)
	... 7 more
20:57:56.646 [RatisApplyTransactionExecutor 3] ERROR DNAudit - user=null | ip=null | op=WRITE_CHUNK {blockData=conID: 3 locID: 102532400841818134 bcsId: 0} | ret=FAILURE
org.apache.hadoop.hdds.scm.container.common.helpers.StorageContainerException: ContainerID 3 does not exist
	at org.apache.hadoop.ozone.container.common.impl.HddsDispatcher.dispatchRequest(HddsDispatcher.java:242) ~[classes/:?]
	at org.apache.hadoop.ozone.container.common.impl.HddsDispatcher.dispatch(HddsDispatcher.java:148) ~[classes/:?]
	at org.apache.hadoop.ozone.container.common.transport.server.ratis.ContainerStateMachine.dispatchCommand(ContainerStateMachine.java:374) ~[classes/:?]
	at org.apache.hadoop.ozone.container.common.transport.server.ratis.ContainerStateMachine.runCommand(ContainerStateMachine.java:381) ~[classes/:?]
	at org.apache.hadoop.ozone.container.common.transport.server.ratis.ContainerStateMachine.lambda$applyTransaction$6(ContainerStateMachine.java:647) ~[classes/:?]
	at java.util.concurrent.CompletableFuture$AsyncSupply.run(CompletableFuture.java:1590) [?:1.8.0_212]
	at java.util.concurrent.ThreadPoolExecutor.runWorker(ThreadPoolExecutor.java:1149) [?:1.8.0_212]
	at java.util.concurrent.ThreadPoolExecutor$Worker.run(ThreadPoolExecutor.java:624) [?:1.8.0_212]
	at java.lang.Thread.run(Thread.java:748) [?:1.8.0_212]
2019-07-30 20:57:56,651 INFO  impl.HddsDispatcher (ContainerUtils.java:logAndReturnError(146)) - Operation: WriteChunk : Trace ID: 681c2a0c1a589342:b8c72a9e84416cc1:abb4d72cb20c8075:0 : Message: ContainerID 3 does not exist : Result: CONTAINER_NOT_FOUND
20:57:56.646 [RatisApplyTransactionExecutor 2] ERROR DNAudit - user=null | ip=null | op=PUT_BLOCK {blockData=[blockId=conID: 2 locID: 102532400841818133 bcsId: 0,size=10240]} | ret=FAILURE
org.apache.hadoop.hdds.scm.container.common.helpers.StorageContainerException: ContainerID 2 does not exist
	at org.apache.hadoop.ozone.container.common.impl.HddsDispatcher.dispatchRequest(HddsDispatcher.java:242) ~[classes/:?]
	at org.apache.hadoop.ozone.container.common.impl.HddsDispatcher.dispatch(HddsDispatcher.java:148) ~[classes/:?]
	at org.apache.hadoop.ozone.container.common.transport.server.ratis.ContainerStateMachine.dispatchCommand(ContainerStateMachine.java:374) ~[classes/:?]
	at org.apache.hadoop.ozone.container.common.transport.server.ratis.ContainerStateMachine.runCommand(ContainerStateMachine.java:381) ~[classes/:?]
	at org.apache.hadoop.ozone.container.common.transport.server.ratis.ContainerStateMachine.lambda$applyTransaction$6(ContainerStateMachine.java:647) ~[classes/:?]
	at java.util.concurrent.CompletableFuture$AsyncSupply.run(CompletableFuture.java:1590) [?:1.8.0_212]
	at java.util.concurrent.ThreadPoolExecutor.runWorker(ThreadPoolExecutor.java:1149) [?:1.8.0_212]
	at java.util.concurrent.ThreadPoolExecutor$Worker.run(ThreadPoolExecutor.java:624) [?:1.8.0_212]
	at java.lang.Thread.run(Thread.java:748) [?:1.8.0_212]
20:57:56.652 [RatisApplyTransactionExecutor 3] ERROR DNAudit - user=null | ip=null | op=PUT_BLOCK {blockData=[blockId=conID: 3 locID: 102532400841818134 bcsId: 0,size=10240]} | ret=FAILURE
org.apache.hadoop.hdds.scm.container.common.helpers.StorageContainerException: ContainerID 3 does not exist
	at org.apache.hadoop.ozone.container.common.impl.HddsDispatcher.dispatchRequest(HddsDispatcher.java:242) ~[classes/:?]
	at org.apache.hadoop.ozone.container.common.impl.HddsDispatcher.dispatch(HddsDispatcher.java:148) ~[classes/:?]
	at org.apache.hadoop.ozone.container.common.transport.server.ratis.ContainerStateMachine.dispatchCommand(ContainerStateMachine.java:374) ~[classes/:?]
	at org.apache.hadoop.ozone.container.common.transport.server.ratis.ContainerStateMachine.runCommand(ContainerStateMachine.java:381) ~[classes/:?]
	at org.apache.hadoop.ozone.container.common.transport.server.ratis.ContainerStateMachine.lambda$applyTransaction$6(ContainerStateMachine.java:647) ~[classes/:?]
	at java.util.concurrent.CompletableFuture$AsyncSupply.run(CompletableFuture.java:1590) [?:1.8.0_212]
	at java.util.concurrent.ThreadPoolExecutor.runWorker(ThreadPoolExecutor.java:1149) [?:1.8.0_212]
	at java.util.concurrent.ThreadPoolExecutor$Worker.run(ThreadPoolExecutor.java:624) [?:1.8.0_212]
	at java.lang.Thread.run(Thread.java:748) [?:1.8.0_212]
2019-07-30 20:57:56,652 INFO  impl.HddsDispatcher (ContainerUtils.java:logAndReturnError(146)) - Operation: PutBlock : Trace ID: 8dc1668f87549467:9412c92203b04b66:71b8ddf8273f38ae:0 : Message: ContainerID 2 does not exist : Result: CONTAINER_NOT_FOUND
2019-07-30 20:57:56,652 INFO  client.GrpcClientProtocolClient (GrpcClientProtocolClient.java:onNext(255)) - client-E494ADF04478->b886fbb7-990e-4a24-a2cf-3fb3cd8b1c79: receive RaftClientReply:client-E494ADF04478->b886fbb7-990e-4a24-a2cf-3fb3cd8b1c79@group-79705B3AEBD9, cid=35, SUCCESS, logIndex=52, commits[b886fbb7-990e-4a24-a2cf-3fb3cd8b1c79:c56, 8d326b13-47f6-487d-88ff-0b7d36d1dd11:c39, 88b457c9-a839-4d83-9bd8-4c2a9c6ac969:c39]
20:57:56.652 [RatisApplyTransactionExecutor 2] ERROR DNAudit - user=null | ip=null | op=PUT_BLOCK {blockData=[blockId=conID: 2 locID: 102532400841621520 bcsId: 0,size=10240]} | ret=FAILURE
org.apache.hadoop.hdds.scm.container.common.helpers.StorageContainerException: ContainerID 2 does not exist
	at org.apache.hadoop.ozone.container.common.impl.HddsDispatcher.dispatchRequest(HddsDispatcher.java:242) ~[classes/:?]
	at org.apache.hadoop.ozone.container.common.impl.HddsDispatcher.dispatch(HddsDispatcher.java:148) ~[classes/:?]
	at org.apache.hadoop.ozone.container.common.transport.server.ratis.ContainerStateMachine.dispatchCommand(ContainerStateMachine.java:374) ~[classes/:?]
	at org.apache.hadoop.ozone.container.common.transport.server.ratis.ContainerStateMachine.runCommand(ContainerStateMachine.java:381) ~[classes/:?]
	at org.apache.hadoop.ozone.container.common.transport.server.ratis.ContainerStateMachine.lambda$applyTransaction$6(ContainerStateMachine.java:647) ~[classes/:?]
	at java.util.concurrent.CompletableFuture$AsyncSupply.run(CompletableFuture.java:1590) [?:1.8.0_212]
	at java.util.concurrent.ThreadPoolExecutor.runWorker(ThreadPoolExecutor.java:1149) [?:1.8.0_212]
	at java.util.concurrent.ThreadPoolExecutor$Worker.run(ThreadPoolExecutor.java:624) [?:1.8.0_212]
	at java.lang.Thread.run(Thread.java:748) [?:1.8.0_212]
2019-07-30 20:57:56,652 INFO  impl.HddsDispatcher (ContainerUtils.java:logAndReturnError(146)) - Operation: PutBlock : Trace ID: 681c2a0c1a589342:b7dd7ced6100459a:abb4d72cb20c8075:0 : Message: ContainerID 3 does not exist : Result: CONTAINER_NOT_FOUND
2019-07-30 20:57:56,653 INFO  impl.HddsDispatcher (ContainerUtils.java:logAndReturnError(146)) - Operation: PutBlock : Trace ID: d5af902e08705264:e2fa883863cd3cdb:48cf19bcb13ce964:0 : Message: ContainerID 2 does not exist : Result: CONTAINER_NOT_FOUND
20:57:56.653 [RatisApplyTransactionExecutor 2] ERROR DNAudit - user=null | ip=null | op=PUT_BLOCK {blockData=[blockId=conID: 2 locID: 102532400842080284 bcsId: 0,size=10240]} | ret=FAILURE
org.apache.hadoop.hdds.scm.container.common.helpers.StorageContainerException: ContainerID 2 does not exist
	at org.apache.hadoop.ozone.container.common.impl.HddsDispatcher.dispatchRequest(HddsDispatcher.java:242) ~[classes/:?]
	at org.apache.hadoop.ozone.container.common.impl.HddsDispatcher.dispatch(HddsDispatcher.java:148) ~[classes/:?]
	at org.apache.hadoop.ozone.container.common.transport.server.ratis.ContainerStateMachine.dispatchCommand(ContainerStateMachine.java:374) ~[classes/:?]
	at org.apache.hadoop.ozone.container.common.transport.server.ratis.ContainerStateMachine.runCommand(ContainerStateMachine.java:381) ~[classes/:?]
	at org.apache.hadoop.ozone.container.common.transport.server.ratis.ContainerStateMachine.lambda$applyTransaction$6(ContainerStateMachine.java:647) ~[classes/:?]
	at java.util.concurrent.CompletableFuture$AsyncSupply.run(CompletableFuture.java:1590) [?:1.8.0_212]
	at java.util.concurrent.ThreadPoolExecutor.runWorker(ThreadPoolExecutor.java:1149) [?:1.8.0_212]
	at java.util.concurrent.ThreadPoolExecutor$Worker.run(ThreadPoolExecutor.java:624) [?:1.8.0_212]
	at java.lang.Thread.run(Thread.java:748) [?:1.8.0_212]
2019-07-30 20:57:56,653 INFO  client.GrpcClientProtocolClient (GrpcClientProtocolClient.java:onNext(255)) - client-E494ADF04478->b886fbb7-990e-4a24-a2cf-3fb3cd8b1c79: receive RaftClientReply:client-E494ADF04478->b886fbb7-990e-4a24-a2cf-3fb3cd8b1c79@group-79705B3AEBD9, cid=47, SUCCESS, logIndex=0, commits[b886fbb7-990e-4a24-a2cf-3fb3cd8b1c79:c65, 8d326b13-47f6-487d-88ff-0b7d36d1dd11:c51, 88b457c9-a839-4d83-9bd8-4c2a9c6ac969:c56]
2019-07-30 20:57:56,653 INFO  impl.HddsDispatcher (ContainerUtils.java:logAndReturnError(146)) - Operation: PutBlock : Trace ID: e58eeae7531ea39:51248cef3ce6d42f:40dba9853508d609:0 : Message: ContainerID 2 does not exist : Result: CONTAINER_NOT_FOUND
2019-07-30 20:57:56,653 INFO  client.GrpcClientProtocolClient (GrpcClientProtocolClient.java:onNext(255)) - client-E494ADF04478->b886fbb7-990e-4a24-a2cf-3fb3cd8b1c79: receive RaftClientReply:client-E494ADF04478->b886fbb7-990e-4a24-a2cf-3fb3cd8b1c79@group-79705B3AEBD9, cid=43, SUCCESS, logIndex=53, commits[b886fbb7-990e-4a24-a2cf-3fb3cd8b1c79:c57, 8d326b13-47f6-487d-88ff-0b7d36d1dd11:c40, 88b457c9-a839-4d83-9bd8-4c2a9c6ac969:c40]
20:57:56.654 [RatisApplyTransactionExecutor 2] ERROR DNAudit - user=null | ip=null | op=PUT_BLOCK {blockData=[blockId=conID: 2 locID: 102532400841621520 bcsId: 0,size=10240]} | ret=FAILURE
org.apache.hadoop.hdds.scm.container.common.helpers.StorageContainerException: ContainerID 2 does not exist
	at org.apache.hadoop.ozone.container.common.impl.HddsDispatcher.dispatchRequest(HddsDispatcher.java:242) ~[classes/:?]
	at org.apache.hadoop.ozone.container.common.impl.HddsDispatcher.dispatch(HddsDispatcher.java:148) ~[classes/:?]
	at org.apache.hadoop.ozone.container.common.transport.server.ratis.ContainerStateMachine.dispatchCommand(ContainerStateMachine.java:374) ~[classes/:?]
	at org.apache.hadoop.ozone.container.common.transport.server.ratis.ContainerStateMachine.runCommand(ContainerStateMachine.java:381) ~[classes/:?]
	at org.apache.hadoop.ozone.container.common.transport.server.ratis.ContainerStateMachine.lambda$applyTransaction$6(ContainerStateMachine.java:647) ~[classes/:?]
	at java.util.concurrent.CompletableFuture$AsyncSupply.run(CompletableFuture.java:1590) [?:1.8.0_212]
	at java.util.concurrent.ThreadPoolExecutor.runWorker(ThreadPoolExecutor.java:1149) [?:1.8.0_212]
	at java.util.concurrent.ThreadPoolExecutor$Worker.run(ThreadPoolExecutor.java:624) [?:1.8.0_212]
	at java.lang.Thread.run(Thread.java:748) [?:1.8.0_212]
2019-07-30 20:57:56,657 ERROR freon.RandomKeyGenerator (RandomKeyGenerator.java:createKey(730)) - Exception while adding key: key-0-47006 in bucket: bucket-4-41810 of volume: vol-0-04938.
java.io.IOException: Unexpected Storage Container Exception: org.apache.hadoop.hdds.scm.container.common.helpers.StorageContainerException: ContainerID 2 does not exist
	at org.apache.hadoop.hdds.scm.storage.BlockOutputStream.setIoException(BlockOutputStream.java:541)
	at org.apache.hadoop.hdds.scm.storage.BlockOutputStream.validateResponse(BlockOutputStream.java:532)
	at org.apache.hadoop.hdds.scm.storage.BlockOutputStream.lambda$writeChunkToContainer$2(BlockOutputStream.java:606)
	at java.util.concurrent.CompletableFuture.uniApply(CompletableFuture.java:602)
	at java.util.concurrent.CompletableFuture$UniApply.tryFire(CompletableFuture.java:577)
	at java.util.concurrent.CompletableFuture$Completion.run(CompletableFuture.java:442)
	at java.util.concurrent.ThreadPoolExecutor.runWorker(ThreadPoolExecutor.java:1149)
	at java.util.concurrent.ThreadPoolExecutor$Worker.run(ThreadPoolExecutor.java:624)
	at java.lang.Thread.run(Thread.java:748)
Caused by: org.apache.hadoop.hdds.scm.container.common.helpers.StorageContainerException: ContainerID 2 does not exist
	at org.apache.hadoop.hdds.scm.storage.ContainerProtocolCalls.validateContainerResponse(ContainerProtocolCalls.java:536)
	at org.apache.hadoop.hdds.scm.storage.BlockOutputStream.validateResponse(BlockOutputStream.java:529)
	... 7 more
2019-07-30 20:57:56,658 INFO  client.GrpcClientProtocolClient (GrpcClientProtocolClient.java:onNext(255)) - client-E494ADF04478->b886fbb7-990e-4a24-a2cf-3fb3cd8b1c79: receive RaftClientReply:client-E494ADF04478->b886fbb7-990e-4a24-a2cf-3fb3cd8b1c79@group-79705B3AEBD9, cid=44, SUCCESS, logIndex=54, commits[b886fbb7-990e-4a24-a2cf-3fb3cd8b1c79:c59, 8d326b13-47f6-487d-88ff-0b7d36d1dd11:c40, 88b457c9-a839-4d83-9bd8-4c2a9c6ac969:c42]
2019-07-30 20:57:56,658 INFO  impl.HddsDispatcher (ContainerUtils.java:logAndReturnError(146)) - Operation: PutBlock : Trace ID: d5af902e08705264:e2fa883863cd3cdb:48cf19bcb13ce964:0 : Message: ContainerID 2 does not exist : Result: CONTAINER_NOT_FOUND
2019-07-30 20:57:56,662 ERROR freon.RandomKeyGenerator (RandomKeyGenerator.java:createKey(730)) - Exception while adding key: key-0-84742 in bucket: bucket-0-12681 of volume: vol-0-04938.
java.io.IOException: Unexpected Storage Container Exception: org.apache.hadoop.hdds.scm.container.common.helpers.StorageContainerException: ContainerID 3 does not exist
	at org.apache.hadoop.hdds.scm.storage.BlockOutputStream.setIoException(BlockOutputStream.java:541)
	at org.apache.hadoop.hdds.scm.storage.BlockOutputStream.validateResponse(BlockOutputStream.java:532)
	at org.apache.hadoop.hdds.scm.storage.BlockOutputStream.lambda$writeChunkToContainer$2(BlockOutputStream.java:606)
	at java.util.concurrent.CompletableFuture.uniApply(CompletableFuture.java:602)
	at java.util.concurrent.CompletableFuture$UniApply.tryFire(CompletableFuture.java:577)
	at java.util.concurrent.CompletableFuture$Completion.run(CompletableFuture.java:442)
	at java.util.concurrent.ThreadPoolExecutor.runWorker(ThreadPoolExecutor.java:1149)
	at java.util.concurrent.ThreadPoolExecutor$Worker.run(ThreadPoolExecutor.java:624)
	at java.lang.Thread.run(Thread.java:748)
Caused by: org.apache.hadoop.hdds.scm.container.common.helpers.StorageContainerException: ContainerID 3 does not exist
	at org.apache.hadoop.hdds.scm.storage.ContainerProtocolCalls.validateContainerResponse(ContainerProtocolCalls.java:536)
	at org.apache.hadoop.hdds.scm.storage.BlockOutputStream.validateResponse(BlockOutputStream.java:529)
	... 7 more
2019-07-30 20:57:56,662 INFO  client.GrpcClientProtocolClient (GrpcClientProtocolClient.java:onNext(255)) - client-E494ADF04478->b886fbb7-990e-4a24-a2cf-3fb3cd8b1c79: receive RaftClientReply:client-E494ADF04478->b886fbb7-990e-4a24-a2cf-3fb3cd8b1c79@group-79705B3AEBD9, cid=45, SUCCESS, logIndex=55, commits[b886fbb7-990e-4a24-a2cf-3fb3cd8b1c79:c57, 8d326b13-47f6-487d-88ff-0b7d36d1dd11:c40, 88b457c9-a839-4d83-9bd8-4c2a9c6ac969:c40]
2019-07-30 20:57:56,666 INFO  client.GrpcClientProtocolClient (GrpcClientProtocolClient.java:onNext(255)) - client-E494ADF04478->b886fbb7-990e-4a24-a2cf-3fb3cd8b1c79: receive RaftClientReply:client-E494ADF04478->b886fbb7-990e-4a24-a2cf-3fb3cd8b1c79@group-79705B3AEBD9, cid=48, SUCCESS, logIndex=0, commits[b886fbb7-990e-4a24-a2cf-3fb3cd8b1c79:c65, 8d326b13-47f6-487d-88ff-0b7d36d1dd11:c56, 88b457c9-a839-4d83-9bd8-4c2a9c6ac969:c56]
2019-07-30 20:57:56,676 INFO  keyvalue.KeyValueHandler (ContainerUtils.java:logAndReturnError(146)) - Operation: CreateContainer : Trace ID: e23ec0b74d9a2c7f:f633dc117c53a4ee:a652d55de88a6c7e:0 : Message: Container creation failed, due to disk out of space : Result: DISK_OUT_OF_SPACE
20:57:56.676 [pool-48-thread-57] ERROR DNAudit - user=null | ip=null | op=WRITE_CHUNK {blockData=conID: 3 locID: 102532400851910690 bcsId: 0} | ret=FAILURE
org.apache.hadoop.hdds.scm.container.common.helpers.StorageContainerException: ContainerID 3 creation failed
	at org.apache.hadoop.ozone.container.common.impl.HddsDispatcher.dispatchRequest(HddsDispatcher.java:227) ~[classes/:?]
	at org.apache.hadoop.ozone.container.common.impl.HddsDispatcher.dispatch(HddsDispatcher.java:148) ~[classes/:?]
	at org.apache.hadoop.ozone.container.common.transport.server.ratis.ContainerStateMachine.dispatchCommand(ContainerStateMachine.java:374) ~[classes/:?]
	at org.apache.hadoop.ozone.container.common.transport.server.ratis.ContainerStateMachine.runCommand(ContainerStateMachine.java:381) ~[classes/:?]
	at org.apache.hadoop.ozone.container.common.transport.server.ratis.ContainerStateMachine.lambda$handleWriteChunk$1(ContainerStateMachine.java:412) ~[classes/:?]
	at java.util.concurrent.CompletableFuture$AsyncSupply.run(CompletableFuture.java:1590) [?:1.8.0_212]
	at java.util.concurrent.ThreadPoolExecutor.runWorker(ThreadPoolExecutor.java:1149) [?:1.8.0_212]
	at java.util.concurrent.ThreadPoolExecutor$Worker.run(ThreadPoolExecutor.java:624) [?:1.8.0_212]
	at java.lang.Thread.run(Thread.java:748) [?:1.8.0_212]
2019-07-30 20:57:56,676 INFO  impl.HddsDispatcher (ContainerUtils.java:logAndReturnError(146)) - Operation: WriteChunk : Trace ID: e23ec0b74d9a2c7f:f633dc117c53a4ee:a652d55de88a6c7e:0 : Message: ContainerID 3 creation failed : Result: DISK_OUT_OF_SPACE
2019-07-30 20:57:56,677 INFO  keyvalue.KeyValueHandler (ContainerUtils.java:logAndReturnError(146)) - Operation: CreateContainer : Trace ID: 50e83225cabd9f5:44a1c82348a2889e:78e55fe1cc115a0e:0 : Message: Container creation failed, due to disk out of space : Result: DISK_OUT_OF_SPACE
20:57:56.677 [pool-48-thread-57] ERROR DNAudit - user=null | ip=null | op=WRITE_CHUNK {blockData=conID: 3 locID: 102532400851910691 bcsId: 0} | ret=FAILURE
org.apache.hadoop.hdds.scm.container.common.helpers.StorageContainerException: ContainerID 3 creation failed
	at org.apache.hadoop.ozone.container.common.impl.HddsDispatcher.dispatchRequest(HddsDispatcher.java:227) ~[classes/:?]
	at org.apache.hadoop.ozone.container.common.impl.HddsDispatcher.dispatch(HddsDispatcher.java:148) ~[classes/:?]
	at org.apache.hadoop.ozone.container.common.transport.server.ratis.ContainerStateMachine.dispatchCommand(ContainerStateMachine.java:374) ~[classes/:?]
	at org.apache.hadoop.ozone.container.common.transport.server.ratis.ContainerStateMachine.runCommand(ContainerStateMachine.java:381) ~[classes/:?]
	at org.apache.hadoop.ozone.container.common.transport.server.ratis.ContainerStateMachine.lambda$handleWriteChunk$1(ContainerStateMachine.java:412) ~[classes/:?]
	at java.util.concurrent.CompletableFuture$AsyncSupply.run(CompletableFuture.java:1590) [?:1.8.0_212]
	at java.util.concurrent.ThreadPoolExecutor.runWorker(ThreadPoolExecutor.java:1149) [?:1.8.0_212]
	at java.util.concurrent.ThreadPoolExecutor$Worker.run(ThreadPoolExecutor.java:624) [?:1.8.0_212]
	at java.lang.Thread.run(Thread.java:748) [?:1.8.0_212]
2019-07-30 20:57:56,677 INFO  impl.HddsDispatcher (ContainerUtils.java:logAndReturnError(146)) - Operation: WriteChunk : Trace ID: 50e83225cabd9f5:44a1c82348a2889e:78e55fe1cc115a0e:0 : Message: ContainerID 3 creation failed : Result: DISK_OUT_OF_SPACE
2019-07-30 20:57:56,678 INFO  keyvalue.KeyValueHandler (ContainerUtils.java:logAndReturnError(146)) - Operation: CreateContainer : Trace ID: e23ec0b74d9a2c7f:f633dc117c53a4ee:a652d55de88a6c7e:0 : Message: Container creation failed, due to disk out of space : Result: DISK_OUT_OF_SPACE
2019-07-30 20:57:56,678 INFO  keyvalue.KeyValueHandler (ContainerUtils.java:logAndReturnError(146)) - Operation: CreateContainer : Trace ID: e23ec0b74d9a2c7f:f633dc117c53a4ee:a652d55de88a6c7e:0 : Message: Container creation failed, due to disk out of space : Result: DISK_OUT_OF_SPACE
20:57:56.678 [pool-70-thread-19] ERROR DNAudit - user=null | ip=null | op=WRITE_CHUNK {blockData=conID: 3 locID: 102532400851910690 bcsId: 0} | ret=FAILURE
org.apache.hadoop.hdds.scm.container.common.helpers.StorageContainerException: ContainerID 3 creation failed
	at org.apache.hadoop.ozone.container.common.impl.HddsDispatcher.dispatchRequest(HddsDispatcher.java:227) ~[classes/:?]
	at org.apache.hadoop.ozone.container.common.impl.HddsDispatcher.dispatch(HddsDispatcher.java:148) ~[classes/:?]
	at org.apache.hadoop.ozone.container.common.transport.server.ratis.ContainerStateMachine.dispatchCommand(ContainerStateMachine.java:374) ~[classes/:?]
	at org.apache.hadoop.ozone.container.common.transport.server.ratis.ContainerStateMachine.runCommand(ContainerStateMachine.java:381) ~[classes/:?]
	at org.apache.hadoop.ozone.container.common.transport.server.ratis.ContainerStateMachine.lambda$handleWriteChunk$1(ContainerStateMachine.java:412) ~[classes/:?]
	at java.util.concurrent.CompletableFuture$AsyncSupply.run(CompletableFuture.java:1590) [?:1.8.0_212]
	at java.util.concurrent.ThreadPoolExecutor.runWorker(ThreadPoolExecutor.java:1149) [?:1.8.0_212]
	at java.util.concurrent.ThreadPoolExecutor$Worker.run(ThreadPoolExecutor.java:624) [?:1.8.0_212]
	at java.lang.Thread.run(Thread.java:748) [?:1.8.0_212]
2019-07-30 20:57:56,679 INFO  keyvalue.KeyValueHandler (ContainerUtils.java:logAndReturnError(146)) - Operation: CreateContainer : Trace ID: 50e83225cabd9f5:44a1c82348a2889e:78e55fe1cc115a0e:0 : Message: Container creation failed, due to disk out of space : Result: DISK_OUT_OF_SPACE
2019-07-30 20:57:56,679 INFO  impl.HddsDispatcher (ContainerUtils.java:logAndReturnError(146)) - Operation: WriteChunk : Trace ID: e23ec0b74d9a2c7f:f633dc117c53a4ee:a652d55de88a6c7e:0 : Message: ContainerID 3 creation failed : Result: DISK_OUT_OF_SPACE
20:57:56.678 [pool-37-thread-19] ERROR DNAudit - user=null | ip=null | op=WRITE_CHUNK {blockData=conID: 3 locID: 102532400851910690 bcsId: 0} | ret=FAILURE
org.apache.hadoop.hdds.scm.container.common.helpers.StorageContainerException: ContainerID 3 creation failed
	at org.apache.hadoop.ozone.container.common.impl.HddsDispatcher.dispatchRequest(HddsDispatcher.java:227) ~[classes/:?]
	at org.apache.hadoop.ozone.container.common.impl.HddsDispatcher.dispatch(HddsDispatcher.java:148) ~[classes/:?]
	at org.apache.hadoop.ozone.container.common.transport.server.ratis.ContainerStateMachine.dispatchCommand(ContainerStateMachine.java:374) ~[classes/:?]
	at org.apache.hadoop.ozone.container.common.transport.server.ratis.ContainerStateMachine.runCommand(ContainerStateMachine.java:381) ~[classes/:?]
	at org.apache.hadoop.ozone.container.common.transport.server.ratis.ContainerStateMachine.lambda$handleWriteChunk$1(ContainerStateMachine.java:412) ~[classes/:?]
	at java.util.concurrent.CompletableFuture$AsyncSupply.run(CompletableFuture.java:1590) [?:1.8.0_212]
	at java.util.concurrent.ThreadPoolExecutor.runWorker(ThreadPoolExecutor.java:1149) [?:1.8.0_212]
	at java.util.concurrent.ThreadPoolExecutor$Worker.run(ThreadPoolExecutor.java:624) [?:1.8.0_212]
	at java.lang.Thread.run(Thread.java:748) [?:1.8.0_212]
2019-07-30 20:57:56,679 INFO  keyvalue.KeyValueHandler (ContainerUtils.java:logAndReturnError(146)) - Operation: CreateContainer : Trace ID: 50e83225cabd9f5:44a1c82348a2889e:78e55fe1cc115a0e:0 : Message: Container creation failed, due to disk out of space : Result: DISK_OUT_OF_SPACE
2019-07-30 20:57:56,679 INFO  impl.HddsDispatcher (ContainerUtils.java:logAndReturnError(146)) - Operation: WriteChunk : Trace ID: e23ec0b74d9a2c7f:f633dc117c53a4ee:a652d55de88a6c7e:0 : Message: ContainerID 3 creation failed : Result: DISK_OUT_OF_SPACE
20:57:56.679 [pool-37-thread-20] ERROR DNAudit - user=null | ip=null | op=WRITE_CHUNK {blockData=conID: 3 locID: 102532400851910691 bcsId: 0} | ret=FAILURE
org.apache.hadoop.hdds.scm.container.common.helpers.StorageContainerException: ContainerID 3 creation failed
	at org.apache.hadoop.ozone.container.common.impl.HddsDispatcher.dispatchRequest(HddsDispatcher.java:227) ~[classes/:?]
	at org.apache.hadoop.ozone.container.common.impl.HddsDispatcher.dispatch(HddsDispatcher.java:148) ~[classes/:?]
	at org.apache.hadoop.ozone.container.common.transport.server.ratis.ContainerStateMachine.dispatchCommand(ContainerStateMachine.java:374) ~[classes/:?]
	at org.apache.hadoop.ozone.container.common.transport.server.ratis.ContainerStateMachine.runCommand(ContainerStateMachine.java:381) ~[classes/:?]
	at org.apache.hadoop.ozone.container.common.transport.server.ratis.ContainerStateMachine.lambda$handleWriteChunk$1(ContainerStateMachine.java:412) ~[classes/:?]
	at java.util.concurrent.CompletableFuture$AsyncSupply.run(CompletableFuture.java:1590) [?:1.8.0_212]
	at java.util.concurrent.ThreadPoolExecutor.runWorker(ThreadPoolExecutor.java:1149) [?:1.8.0_212]
	at java.util.concurrent.ThreadPoolExecutor$Worker.run(ThreadPoolExecutor.java:624) [?:1.8.0_212]
	at java.lang.Thread.run(Thread.java:748) [?:1.8.0_212]
20:57:56.679 [pool-70-thread-20] ERROR DNAudit - user=null | ip=null | op=WRITE_CHUNK {blockData=conID: 3 locID: 102532400851910691 bcsId: 0} | ret=FAILURE
org.apache.hadoop.hdds.scm.container.common.helpers.StorageContainerException: ContainerID 3 creation failed
	at org.apache.hadoop.ozone.container.common.impl.HddsDispatcher.dispatchRequest(HddsDispatcher.java:227) ~[classes/:?]
	at org.apache.hadoop.ozone.container.common.impl.HddsDispatcher.dispatch(HddsDispatcher.java:148) ~[classes/:?]
	at org.apache.hadoop.ozone.container.common.transport.server.ratis.ContainerStateMachine.dispatchCommand(ContainerStateMachine.java:374) ~[classes/:?]
	at org.apache.hadoop.ozone.container.common.transport.server.ratis.ContainerStateMachine.runCommand(ContainerStateMachine.java:381) ~[classes/:?]
	at org.apache.hadoop.ozone.container.common.transport.server.ratis.ContainerStateMachine.lambda$handleWriteChunk$1(ContainerStateMachine.java:412) ~[classes/:?]
	at java.util.concurrent.CompletableFuture$AsyncSupply.run(CompletableFuture.java:1590) [?:1.8.0_212]
	at java.util.concurrent.ThreadPoolExecutor.runWorker(ThreadPoolExecutor.java:1149) [?:1.8.0_212]
	at java.util.concurrent.ThreadPoolExecutor$Worker.run(ThreadPoolExecutor.java:624) [?:1.8.0_212]
	at java.lang.Thread.run(Thread.java:748) [?:1.8.0_212]
2019-07-30 20:57:56,679 INFO  impl.HddsDispatcher (ContainerUtils.java:logAndReturnError(146)) - Operation: WriteChunk : Trace ID: 50e83225cabd9f5:44a1c82348a2889e:78e55fe1cc115a0e:0 : Message: ContainerID 3 creation failed : Result: DISK_OUT_OF_SPACE
2019-07-30 20:57:56,679 INFO  impl.HddsDispatcher (ContainerUtils.java:logAndReturnError(146)) - Operation: WriteChunk : Trace ID: 50e83225cabd9f5:44a1c82348a2889e:78e55fe1cc115a0e:0 : Message: ContainerID 3 creation failed : Result: DISK_OUT_OF_SPACE
20:57:56.689 [RatisApplyTransactionExecutor 3] ERROR DNAudit - user=null | ip=null | op=WRITE_CHUNK {blockData=conID: 3 locID: 102532400851910690 bcsId: 0} | ret=FAILURE
org.apache.hadoop.hdds.scm.container.common.helpers.StorageContainerException: ContainerID 3 does not exist
	at org.apache.hadoop.ozone.container.common.impl.HddsDispatcher.dispatchRequest(HddsDispatcher.java:242) ~[classes/:?]
	at org.apache.hadoop.ozone.container.common.impl.HddsDispatcher.dispatch(HddsDispatcher.java:148) ~[classes/:?]
	at org.apache.hadoop.ozone.container.common.transport.server.ratis.ContainerStateMachine.dispatchCommand(ContainerStateMachine.java:374) ~[classes/:?]
	at org.apache.hadoop.ozone.container.common.transport.server.ratis.ContainerStateMachine.runCommand(ContainerStateMachine.java:381) ~[classes/:?]
	at org.apache.hadoop.ozone.container.common.transport.server.ratis.ContainerStateMachine.lambda$applyTransaction$6(ContainerStateMachine.java:647) ~[classes/:?]
	at java.util.concurrent.CompletableFuture$AsyncSupply.run(CompletableFuture.java:1590) [?:1.8.0_212]
	at java.util.concurrent.ThreadPoolExecutor.runWorker(ThreadPoolExecutor.java:1149) [?:1.8.0_212]
	at java.util.concurrent.ThreadPoolExecutor$Worker.run(ThreadPoolExecutor.java:624) [?:1.8.0_212]
	at java.lang.Thread.run(Thread.java:748) [?:1.8.0_212]
2019-07-30 20:57:56,690 INFO  impl.HddsDispatcher (ContainerUtils.java:logAndReturnError(146)) - Operation: WriteChunk : Trace ID: e23ec0b74d9a2c7f:f633dc117c53a4ee:a652d55de88a6c7e:0 : Message: ContainerID 3 does not exist : Result: CONTAINER_NOT_FOUND
20:57:56.691 [RatisApplyTransactionExecutor 3] ERROR DNAudit - user=null | ip=null | op=WRITE_CHUNK {blockData=conID: 3 locID: 102532400851910691 bcsId: 0} | ret=FAILURE
org.apache.hadoop.hdds.scm.container.common.helpers.StorageContainerException: ContainerID 3 does not exist
	at org.apache.hadoop.ozone.container.common.impl.HddsDispatcher.dispatchRequest(HddsDispatcher.java:242) ~[classes/:?]
	at org.apache.hadoop.ozone.container.common.impl.HddsDispatcher.dispatch(HddsDispatcher.java:148) ~[classes/:?]
	at org.apache.hadoop.ozone.container.common.transport.server.ratis.ContainerStateMachine.dispatchCommand(ContainerStateMachine.java:374) ~[classes/:?]
	at org.apache.hadoop.ozone.container.common.transport.server.ratis.ContainerStateMachine.runCommand(ContainerStateMachine.java:381) ~[classes/:?]
	at org.apache.hadoop.ozone.container.common.transport.server.ratis.ContainerStateMachine.lambda$applyTransaction$6(ContainerStateMachine.java:647) ~[classes/:?]
	at java.util.concurrent.CompletableFuture$AsyncSupply.run(CompletableFuture.java:1590) [?:1.8.0_212]
	at java.util.concurrent.ThreadPoolExecutor.runWorker(ThreadPoolExecutor.java:1149) [?:1.8.0_212]
	at java.util.concurrent.ThreadPoolExecutor$Worker.run(ThreadPoolExecutor.java:624) [?:1.8.0_212]
	at java.lang.Thread.run(Thread.java:748) [?:1.8.0_212]
2019-07-30 20:57:56,691 INFO  impl.HddsDispatcher (ContainerUtils.java:logAndReturnError(146)) - Operation: WriteChunk : Trace ID: 50e83225cabd9f5:44a1c82348a2889e:78e55fe1cc115a0e:0 : Message: ContainerID 3 does not exist : Result: CONTAINER_NOT_FOUND
2019-07-30 20:57:56,691 INFO  client.GrpcClientProtocolClient (GrpcClientProtocolClient.java:onNext(255)) - client-E494ADF04478->b886fbb7-990e-4a24-a2cf-3fb3cd8b1c79: receive RaftClientReply:client-E494ADF04478->b886fbb7-990e-4a24-a2cf-3fb3cd8b1c79@group-79705B3AEBD9, cid=50, SUCCESS, logIndex=66, commits[b886fbb7-990e-4a24-a2cf-3fb3cd8b1c79:c69, 8d326b13-47f6-487d-88ff-0b7d36d1dd11:c65, 88b457c9-a839-4d83-9bd8-4c2a9c6ac969:c65]
20:57:56.692 [RatisApplyTransactionExecutor 3] ERROR DNAudit - user=null | ip=null | op=PUT_BLOCK {blockData=[blockId=conID: 3 locID: 102532400851910691 bcsId: 0,size=10240]} | ret=FAILURE
org.apache.hadoop.hdds.scm.container.common.helpers.StorageContainerException: ContainerID 3 does not exist
	at org.apache.hadoop.ozone.container.common.impl.HddsDispatcher.dispatchRequest(HddsDispatcher.java:242) ~[classes/:?]
	at org.apache.hadoop.ozone.container.common.impl.HddsDispatcher.dispatch(HddsDispatcher.java:148) ~[classes/:?]
	at org.apache.hadoop.ozone.container.common.transport.server.ratis.ContainerStateMachine.dispatchCommand(ContainerStateMachine.java:374) ~[classes/:?]
	at org.apache.hadoop.ozone.container.common.transport.server.ratis.ContainerStateMachine.runCommand(ContainerStateMachine.java:381) ~[classes/:?]
	at org.apache.hadoop.ozone.container.common.transport.server.ratis.ContainerStateMachine.lambda$applyTransaction$6(ContainerStateMachine.java:647) ~[classes/:?]
	at java.util.concurrent.CompletableFuture$AsyncSupply.run(CompletableFuture.java:1590) [?:1.8.0_212]
	at java.util.concurrent.ThreadPoolExecutor.runWorker(ThreadPoolExecutor.java:1149) [?:1.8.0_212]
	at java.util.concurrent.ThreadPoolExecutor$Worker.run(ThreadPoolExecutor.java:624) [?:1.8.0_212]
	at java.lang.Thread.run(Thread.java:748) [?:1.8.0_212]
2019-07-30 20:57:56,692 ERROR storage.BlockOutputStream (BlockOutputStream.java:validateResponse(531)) - Unexpected Storage Container Exception: 
org.apache.hadoop.hdds.scm.container.common.helpers.StorageContainerException: ContainerID 3 does not exist
	at org.apache.hadoop.hdds.scm.storage.ContainerProtocolCalls.validateContainerResponse(ContainerProtocolCalls.java:536)
	at org.apache.hadoop.hdds.scm.storage.BlockOutputStream.validateResponse(BlockOutputStream.java:529)
	at org.apache.hadoop.hdds.scm.storage.BlockOutputStream.lambda$writeChunkToContainer$2(BlockOutputStream.java:606)
	at java.util.concurrent.CompletableFuture.uniApply(CompletableFuture.java:602)
	at java.util.concurrent.CompletableFuture$UniApply.tryFire(CompletableFuture.java:577)
	at java.util.concurrent.CompletableFuture$Completion.run(CompletableFuture.java:442)
	at java.util.concurrent.ThreadPoolExecutor.runWorker(ThreadPoolExecutor.java:1149)
	at java.util.concurrent.ThreadPoolExecutor$Worker.run(ThreadPoolExecutor.java:624)
	at java.lang.Thread.run(Thread.java:748)
2019-07-30 20:57:56,692 INFO  impl.HddsDispatcher (ContainerUtils.java:logAndReturnError(146)) - Operation: PutBlock : Trace ID: 50e83225cabd9f5:798018d57fd079e7:78e55fe1cc115a0e:0 : Message: ContainerID 3 does not exist : Result: CONTAINER_NOT_FOUND
2019-07-30 20:57:56,692 INFO  client.GrpcClientProtocolClient (GrpcClientProtocolClient.java:onNext(255)) - client-E494ADF04478->b886fbb7-990e-4a24-a2cf-3fb3cd8b1c79: receive RaftClientReply:client-E494ADF04478->b886fbb7-990e-4a24-a2cf-3fb3cd8b1c79@group-79705B3AEBD9, cid=49, SUCCESS, logIndex=67, commits[b886fbb7-990e-4a24-a2cf-3fb3cd8b1c79:c69, 8d326b13-47f6-487d-88ff-0b7d36d1dd11:c65, 88b457c9-a839-4d83-9bd8-4c2a9c6ac969:c65]
2019-07-30 20:57:56,693 ERROR storage.BlockOutputStream (BlockOutputStream.java:validateResponse(531)) - Unexpected Storage Container Exception: 
org.apache.hadoop.hdds.scm.container.common.helpers.StorageContainerException: ContainerID 3 does not exist
	at org.apache.hadoop.hdds.scm.storage.ContainerProtocolCalls.validateContainerResponse(ContainerProtocolCalls.java:536)
	at org.apache.hadoop.hdds.scm.storage.BlockOutputStream.validateResponse(BlockOutputStream.java:529)
	at org.apache.hadoop.hdds.scm.storage.BlockOutputStream.lambda$writeChunkToContainer$2(BlockOutputStream.java:606)
	at java.util.concurrent.CompletableFuture.uniApply(CompletableFuture.java:602)
	at java.util.concurrent.CompletableFuture$UniApply.tryFire(CompletableFuture.java:577)
	at java.util.concurrent.CompletableFuture$Completion.run(CompletableFuture.java:442)
	at java.util.concurrent.ThreadPoolExecutor.runWorker(ThreadPoolExecutor.java:1149)
	at java.util.concurrent.ThreadPoolExecutor$Worker.run(ThreadPoolExecutor.java:624)
	at java.lang.Thread.run(Thread.java:748)
2019-07-30 20:57:56,693 INFO  client.GrpcClientProtocolClient (GrpcClientProtocolClient.java:onNext(255)) - client-E494ADF04478->b886fbb7-990e-4a24-a2cf-3fb3cd8b1c79: receive RaftClientReply:client-E494ADF04478->b886fbb7-990e-4a24-a2cf-3fb3cd8b1c79@group-79705B3AEBD9, cid=51, SUCCESS, logIndex=68, commits[b886fbb7-990e-4a24-a2cf-3fb3cd8b1c79:c69, 8d326b13-47f6-487d-88ff-0b7d36d1dd11:c65, 88b457c9-a839-4d83-9bd8-4c2a9c6ac969:c65]
2019-07-30 20:57:56,693 WARN  node.SCMNodeManager (SCMNodeManager.java:getNodeByAddress(599)) - Cannot find node for address 127.0.0.1
2019-07-30 20:57:56,693 INFO  client.GrpcClientProtocolClient (GrpcClientProtocolClient.java:onNext(255)) - client-E494ADF04478->b886fbb7-990e-4a24-a2cf-3fb3cd8b1c79: receive RaftClientReply:client-E494ADF04478->b886fbb7-990e-4a24-a2cf-3fb3cd8b1c79@group-79705B3AEBD9, cid=53, SUCCESS, logIndex=69, commits[b886fbb7-990e-4a24-a2cf-3fb3cd8b1c79:c69, 8d326b13-47f6-487d-88ff-0b7d36d1dd11:c65, 88b457c9-a839-4d83-9bd8-4c2a9c6ac969:c65]
2019-07-30 20:57:56,697 ERROR freon.RandomKeyGenerator (RandomKeyGenerator.java:createKey(730)) - Exception while adding key: key-1-93246 in bucket: bucket-0-12681 of volume: vol-0-04938.
java.io.IOException: Unexpected Storage Container Exception: org.apache.hadoop.hdds.scm.container.common.helpers.StorageContainerException: ContainerID 3 does not exist
	at org.apache.hadoop.hdds.scm.storage.BlockOutputStream.setIoException(BlockOutputStream.java:541)
	at org.apache.hadoop.hdds.scm.storage.BlockOutputStream.validateResponse(BlockOutputStream.java:532)
	at org.apache.hadoop.hdds.scm.storage.BlockOutputStream.lambda$writeChunkToContainer$2(BlockOutputStream.java:606)
	at java.util.concurrent.CompletableFuture.uniApply(CompletableFuture.java:602)
	at java.util.concurrent.CompletableFuture$UniApply.tryFire(CompletableFuture.java:577)
	at java.util.concurrent.CompletableFuture$Completion.run(CompletableFuture.java:442)
	at java.util.concurrent.ThreadPoolExecutor.runWorker(ThreadPoolExecutor.java:1149)
	at java.util.concurrent.ThreadPoolExecutor$Worker.run(ThreadPoolExecutor.java:624)
	at java.lang.Thread.run(Thread.java:748)
Caused by: org.apache.hadoop.hdds.scm.container.common.helpers.StorageContainerException: ContainerID 3 does not exist
	at org.apache.hadoop.hdds.scm.storage.ContainerProtocolCalls.validateContainerResponse(ContainerProtocolCalls.java:536)
	at org.apache.hadoop.hdds.scm.storage.BlockOutputStream.validateResponse(BlockOutputStream.java:529)
	... 7 more
20:57:56.702 [RatisApplyTransactionExecutor 3] ERROR DNAudit - user=null | ip=null | op=PUT_BLOCK {blockData=[blockId=conID: 3 locID: 102532400851910690 bcsId: 0,size=10240]} | ret=FAILURE
org.apache.hadoop.hdds.scm.container.common.helpers.StorageContainerException: ContainerID 3 does not exist
	at org.apache.hadoop.ozone.container.common.impl.HddsDispatcher.dispatchRequest(HddsDispatcher.java:242) ~[classes/:?]
	at org.apache.hadoop.ozone.container.common.impl.HddsDispatcher.dispatch(HddsDispatcher.java:148) ~[classes/:?]
	at org.apache.hadoop.ozone.container.common.transport.server.ratis.ContainerStateMachine.dispatchCommand(ContainerStateMachine.java:374) ~[classes/:?]
	at org.apache.hadoop.ozone.container.common.transport.server.ratis.ContainerStateMachine.runCommand(ContainerStateMachine.java:381) ~[classes/:?]
	at org.apache.hadoop.ozone.container.common.transport.server.ratis.ContainerStateMachine.lambda$applyTransaction$6(ContainerStateMachine.java:647) ~[classes/:?]
	at java.util.concurrent.CompletableFuture$AsyncSupply.run(CompletableFuture.java:1590) [?:1.8.0_212]
	at java.util.concurrent.ThreadPoolExecutor.runWorker(ThreadPoolExecutor.java:1149) [?:1.8.0_212]
	at java.util.concurrent.ThreadPoolExecutor$Worker.run(ThreadPoolExecutor.java:624) [?:1.8.0_212]
	at java.lang.Thread.run(Thread.java:748) [?:1.8.0_212]
2019-07-30 20:57:56,703 INFO  impl.HddsDispatcher (ContainerUtils.java:logAndReturnError(146)) - Operation: PutBlock : Trace ID: e23ec0b74d9a2c7f:aac4dc9680109ead:a652d55de88a6c7e:0 : Message: ContainerID 3 does not exist : Result: CONTAINER_NOT_FOUND
20:57:56.703 [RatisApplyTransactionExecutor 3] ERROR DNAudit - user=null | ip=null | op=WRITE_CHUNK {blockData=conID: 3 locID: 102532400851910690 bcsId: 0} | ret=FAILURE
org.apache.hadoop.hdds.scm.container.common.helpers.StorageContainerException: ContainerID 3 does not exist
	at org.apache.hadoop.ozone.container.common.impl.HddsDispatcher.dispatchRequest(HddsDispatcher.java:242) ~[classes/:?]
	at org.apache.hadoop.ozone.container.common.impl.HddsDispatcher.dispatch(HddsDispatcher.java:148) ~[classes/:?]
	at org.apache.hadoop.ozone.container.common.transport.server.ratis.ContainerStateMachine.dispatchCommand(ContainerStateMachine.java:374) ~[classes/:?]
	at org.apache.hadoop.ozone.container.common.transport.server.ratis.ContainerStateMachine.runCommand(ContainerStateMachine.java:381) ~[classes/:?]
	at org.apache.hadoop.ozone.container.common.transport.server.ratis.ContainerStateMachine.lambda$applyTransaction$6(ContainerStateMachine.java:647) ~[classes/:?]
	at java.util.concurrent.CompletableFuture$AsyncSupply.run(CompletableFuture.java:1590) [?:1.8.0_212]
	at java.util.concurrent.ThreadPoolExecutor.runWorker(ThreadPoolExecutor.java:1149) [?:1.8.0_212]
	at java.util.concurrent.ThreadPoolExecutor$Worker.run(ThreadPoolExecutor.java:624) [?:1.8.0_212]
	at java.lang.Thread.run(Thread.java:748) [?:1.8.0_212]
20:57:56.703 [RatisApplyTransactionExecutor 3] ERROR DNAudit - user=null | ip=null | op=WRITE_CHUNK {blockData=conID: 3 locID: 102532400851910690 bcsId: 0} | ret=FAILURE
org.apache.hadoop.hdds.scm.container.common.helpers.StorageContainerException: ContainerID 3 does not exist
	at org.apache.hadoop.ozone.container.common.impl.HddsDispatcher.dispatchRequest(HddsDispatcher.java:242) ~[classes/:?]
	at org.apache.hadoop.ozone.container.common.impl.HddsDispatcher.dispatch(HddsDispatcher.java:148) ~[classes/:?]
	at org.apache.hadoop.ozone.container.common.transport.server.ratis.ContainerStateMachine.dispatchCommand(ContainerStateMachine.java:374) ~[classes/:?]
	at org.apache.hadoop.ozone.container.common.transport.server.ratis.ContainerStateMachine.runCommand(ContainerStateMachine.java:381) ~[classes/:?]
	at org.apache.hadoop.ozone.container.common.transport.server.ratis.ContainerStateMachine.lambda$applyTransaction$6(ContainerStateMachine.java:647) ~[classes/:?]
	at java.util.concurrent.CompletableFuture$AsyncSupply.run(CompletableFuture.java:1590) [?:1.8.0_212]
	at java.util.concurrent.ThreadPoolExecutor.runWorker(ThreadPoolExecutor.java:1149) [?:1.8.0_212]
	at java.util.concurrent.ThreadPoolExecutor$Worker.run(ThreadPoolExecutor.java:624) [?:1.8.0_212]
	at java.lang.Thread.run(Thread.java:748) [?:1.8.0_212]
2019-07-30 20:57:56,703 INFO  impl.HddsDispatcher (ContainerUtils.java:logAndReturnError(146)) - Operation: WriteChunk : Trace ID: e23ec0b74d9a2c7f:f633dc117c53a4ee:a652d55de88a6c7e:0 : Message: ContainerID 3 does not exist : Result: CONTAINER_NOT_FOUND
2019-07-30 20:57:56,703 INFO  impl.HddsDispatcher (ContainerUtils.java:logAndReturnError(146)) - Operation: WriteChunk : Trace ID: e23ec0b74d9a2c7f:f633dc117c53a4ee:a652d55de88a6c7e:0 : Message: ContainerID 3 does not exist : Result: CONTAINER_NOT_FOUND
20:57:56.703 [RatisApplyTransactionExecutor 3] ERROR DNAudit - user=null | ip=null | op=WRITE_CHUNK {blockData=conID: 3 locID: 102532400851910691 bcsId: 0} | ret=FAILURE
org.apache.hadoop.hdds.scm.container.common.helpers.StorageContainerException: ContainerID 3 does not exist
	at org.apache.hadoop.ozone.container.common.impl.HddsDispatcher.dispatchRequest(HddsDispatcher.java:242) ~[classes/:?]
	at org.apache.hadoop.ozone.container.common.impl.HddsDispatcher.dispatch(HddsDispatcher.java:148) ~[classes/:?]
	at org.apache.hadoop.ozone.container.common.transport.server.ratis.ContainerStateMachine.dispatchCommand(ContainerStateMachine.java:374) ~[classes/:?]
	at org.apache.hadoop.ozone.container.common.transport.server.ratis.ContainerStateMachine.runCommand(ContainerStateMachine.java:381) ~[classes/:?]
	at org.apache.hadoop.ozone.container.common.transport.server.ratis.ContainerStateMachine.lambda$applyTransaction$6(ContainerStateMachine.java:647) ~[classes/:?]
	at java.util.concurrent.CompletableFuture$AsyncSupply.run(CompletableFuture.java:1590) [?:1.8.0_212]
	at java.util.concurrent.ThreadPoolExecutor.runWorker(ThreadPoolExecutor.java:1149) [?:1.8.0_212]
	at java.util.concurrent.ThreadPoolExecutor$Worker.run(ThreadPoolExecutor.java:624) [?:1.8.0_212]
	at java.lang.Thread.run(Thread.java:748) [?:1.8.0_212]
20:57:56.704 [RatisApplyTransactionExecutor 3] ERROR DNAudit - user=null | ip=null | op=WRITE_CHUNK {blockData=conID: 3 locID: 102532400851910691 bcsId: 0} | ret=FAILURE
org.apache.hadoop.hdds.scm.container.common.helpers.StorageContainerException: ContainerID 3 does not exist
	at org.apache.hadoop.ozone.container.common.impl.HddsDispatcher.dispatchRequest(HddsDispatcher.java:242) ~[classes/:?]
	at org.apache.hadoop.ozone.container.common.impl.HddsDispatcher.dispatch(HddsDispatcher.java:148) ~[classes/:?]
	at org.apache.hadoop.ozone.container.common.transport.server.ratis.ContainerStateMachine.dispatchCommand(ContainerStateMachine.java:374) ~[classes/:?]
	at org.apache.hadoop.ozone.container.common.transport.server.ratis.ContainerStateMachine.runCommand(ContainerStateMachine.java:381) ~[classes/:?]
	at org.apache.hadoop.ozone.container.common.transport.server.ratis.ContainerStateMachine.lambda$applyTransaction$6(ContainerStateMachine.java:647) ~[classes/:?]
	at java.util.concurrent.CompletableFuture$AsyncSupply.run(CompletableFuture.java:1590) [?:1.8.0_212]
	at java.util.concurrent.ThreadPoolExecutor.runWorker(ThreadPoolExecutor.java:1149) [?:1.8.0_212]
	at java.util.concurrent.ThreadPoolExecutor$Worker.run(ThreadPoolExecutor.java:624) [?:1.8.0_212]
	at java.lang.Thread.run(Thread.java:748) [?:1.8.0_212]
2019-07-30 20:57:56,706 INFO  impl.HddsDispatcher (ContainerUtils.java:logAndReturnError(146)) - Operation: WriteChunk : Trace ID: 50e83225cabd9f5:44a1c82348a2889e:78e55fe1cc115a0e:0 : Message: ContainerID 3 does not exist : Result: CONTAINER_NOT_FOUND
2019-07-30 20:57:56,706 INFO  impl.HddsDispatcher (ContainerUtils.java:logAndReturnError(146)) - Operation: WriteChunk : Trace ID: 50e83225cabd9f5:44a1c82348a2889e:78e55fe1cc115a0e:0 : Message: ContainerID 3 does not exist : Result: CONTAINER_NOT_FOUND
2019-07-30 20:57:56,706 INFO  client.GrpcClientProtocolClient (GrpcClientProtocolClient.java:onNext(255)) - client-E494ADF04478->b886fbb7-990e-4a24-a2cf-3fb3cd8b1c79: receive RaftClientReply:client-E494ADF04478->b886fbb7-990e-4a24-a2cf-3fb3cd8b1c79@group-79705B3AEBD9, cid=52, SUCCESS, logIndex=70, commits[b886fbb7-990e-4a24-a2cf-3fb3cd8b1c79:c71, 8d326b13-47f6-487d-88ff-0b7d36d1dd11:c65, 88b457c9-a839-4d83-9bd8-4c2a9c6ac969:c65]
20:57:56.706 [RatisApplyTransactionExecutor 3] ERROR DNAudit - user=null | ip=null | op=PUT_BLOCK {blockData=[blockId=conID: 3 locID: 102532400851910691 bcsId: 0,size=10240]} | ret=FAILURE
org.apache.hadoop.hdds.scm.container.common.helpers.StorageContainerException: ContainerID 3 does not exist
	at org.apache.hadoop.ozone.container.common.impl.HddsDispatcher.dispatchRequest(HddsDispatcher.java:242) ~[classes/:?]
	at org.apache.hadoop.ozone.container.common.impl.HddsDispatcher.dispatch(HddsDispatcher.java:148) ~[classes/:?]
	at org.apache.hadoop.ozone.container.common.transport.server.ratis.ContainerStateMachine.dispatchCommand(ContainerStateMachine.java:374) ~[classes/:?]
	at org.apache.hadoop.ozone.container.common.transport.server.ratis.ContainerStateMachine.runCommand(ContainerStateMachine.java:381) ~[classes/:?]
	at org.apache.hadoop.ozone.container.common.transport.server.ratis.ContainerStateMachine.lambda$applyTransaction$6(ContainerStateMachine.java:647) ~[classes/:?]
	at java.util.concurrent.CompletableFuture$AsyncSupply.run(CompletableFuture.java:1590) [?:1.8.0_212]
	at java.util.concurrent.ThreadPoolExecutor.runWorker(ThreadPoolExecutor.java:1149) [?:1.8.0_212]
	at java.util.concurrent.ThreadPoolExecutor$Worker.run(ThreadPoolExecutor.java:624) [?:1.8.0_212]
	at java.lang.Thread.run(Thread.java:748) [?:1.8.0_212]
2019-07-30 20:57:56,708 INFO  client.GrpcClientProtocolClient (GrpcClientProtocolClient.java:onNext(255)) - client-E494ADF04478->b886fbb7-990e-4a24-a2cf-3fb3cd8b1c79: receive RaftClientReply:client-E494ADF04478->b886fbb7-990e-4a24-a2cf-3fb3cd8b1c79@group-79705B3AEBD9, cid=54, SUCCESS, logIndex=71, commits[b886fbb7-990e-4a24-a2cf-3fb3cd8b1c79:c71, 8d326b13-47f6-487d-88ff-0b7d36d1dd11:c67, 88b457c9-a839-4d83-9bd8-4c2a9c6ac969:c65]
2019-07-30 20:57:56,708 INFO  impl.HddsDispatcher (ContainerUtils.java:logAndReturnError(146)) - Operation: PutBlock : Trace ID: 50e83225cabd9f5:798018d57fd079e7:78e55fe1cc115a0e:0 : Message: ContainerID 3 does not exist : Result: CONTAINER_NOT_FOUND
20:57:56.707 [RatisApplyTransactionExecutor 3] ERROR DNAudit - user=null | ip=null | op=PUT_BLOCK {blockData=[blockId=conID: 3 locID: 102532400851910691 bcsId: 0,size=10240]} | ret=FAILURE
org.apache.hadoop.hdds.scm.container.common.helpers.StorageContainerException: ContainerID 3 does not exist
	at org.apache.hadoop.ozone.container.common.impl.HddsDispatcher.dispatchRequest(HddsDispatcher.java:242) ~[classes/:?]
	at org.apache.hadoop.ozone.container.common.impl.HddsDispatcher.dispatch(HddsDispatcher.java:148) ~[classes/:?]
	at org.apache.hadoop.ozone.container.common.transport.server.ratis.ContainerStateMachine.dispatchCommand(ContainerStateMachine.java:374) ~[classes/:?]
	at org.apache.hadoop.ozone.container.common.transport.server.ratis.ContainerStateMachine.runCommand(ContainerStateMachine.java:381) ~[classes/:?]
	at org.apache.hadoop.ozone.container.common.transport.server.ratis.ContainerStateMachine.lambda$applyTransaction$6(ContainerStateMachine.java:647) ~[classes/:?]
	at java.util.concurrent.CompletableFuture$AsyncSupply.run(CompletableFuture.java:1590) [?:1.8.0_212]
	at java.util.concurrent.ThreadPoolExecutor.runWorker(ThreadPoolExecutor.java:1149) [?:1.8.0_212]
	at java.util.concurrent.ThreadPoolExecutor$Worker.run(ThreadPoolExecutor.java:624) [?:1.8.0_212]
	at java.lang.Thread.run(Thread.java:748) [?:1.8.0_212]
2019-07-30 20:57:56,708 INFO  impl.HddsDispatcher (ContainerUtils.java:logAndReturnError(146)) - Operation: PutBlock : Trace ID: 50e83225cabd9f5:798018d57fd079e7:78e55fe1cc115a0e:0 : Message: ContainerID 3 does not exist : Result: CONTAINER_NOT_FOUND
2019-07-30 20:57:56,711 ERROR freon.RandomKeyGenerator (RandomKeyGenerator.java:createKey(730)) - Exception while adding key: key-1-99482 in bucket: bucket-0-01409 of volume: vol-1-16909.
java.io.IOException: Unexpected Storage Container Exception: org.apache.hadoop.hdds.scm.container.common.helpers.StorageContainerException: ContainerID 3 does not exist
	at org.apache.hadoop.hdds.scm.storage.BlockOutputStream.setIoException(BlockOutputStream.java:541)
	at org.apache.hadoop.hdds.scm.storage.BlockOutputStream.validateResponse(BlockOutputStream.java:532)
	at org.apache.hadoop.hdds.scm.storage.BlockOutputStream.lambda$writeChunkToContainer$2(BlockOutputStream.java:606)
	at java.util.concurrent.CompletableFuture.uniApply(CompletableFuture.java:602)
	at java.util.concurrent.CompletableFuture$UniApply.tryFire(CompletableFuture.java:577)
	at java.util.concurrent.CompletableFuture$Completion.run(CompletableFuture.java:442)
	at java.util.concurrent.ThreadPoolExecutor.runWorker(ThreadPoolExecutor.java:1149)
	at java.util.concurrent.ThreadPoolExecutor$Worker.run(ThreadPoolExecutor.java:624)
	at java.lang.Thread.run(Thread.java:748)
Caused by: org.apache.hadoop.hdds.scm.container.common.helpers.StorageContainerException: ContainerID 3 does not exist
	at org.apache.hadoop.hdds.scm.storage.ContainerProtocolCalls.validateContainerResponse(ContainerProtocolCalls.java:536)
	at org.apache.hadoop.hdds.scm.storage.BlockOutputStream.validateResponse(BlockOutputStream.java:529)
	... 7 more
20:57:56.714 [RatisApplyTransactionExecutor 3] ERROR DNAudit - user=null | ip=null | op=PUT_BLOCK {blockData=[blockId=conID: 3 locID: 102532400851910690 bcsId: 0,size=10240]} | ret=FAILURE
org.apache.hadoop.hdds.scm.container.common.helpers.StorageContainerException: ContainerID 3 does not exist
	at org.apache.hadoop.ozone.container.common.impl.HddsDispatcher.dispatchRequest(HddsDispatcher.java:242) ~[classes/:?]
	at org.apache.hadoop.ozone.container.common.impl.HddsDispatcher.dispatch(HddsDispatcher.java:148) ~[classes/:?]
	at org.apache.hadoop.ozone.container.common.transport.server.ratis.ContainerStateMachine.dispatchCommand(ContainerStateMachine.java:374) ~[classes/:?]
	at org.apache.hadoop.ozone.container.common.transport.server.ratis.ContainerStateMachine.runCommand(ContainerStateMachine.java:381) ~[classes/:?]
	at org.apache.hadoop.ozone.container.common.transport.server.ratis.ContainerStateMachine.lambda$applyTransaction$6(ContainerStateMachine.java:647) ~[classes/:?]
	at java.util.concurrent.CompletableFuture$AsyncSupply.run(CompletableFuture.java:1590) [?:1.8.0_212]
	at java.util.concurrent.ThreadPoolExecutor.runWorker(ThreadPoolExecutor.java:1149) [?:1.8.0_212]
	at java.util.concurrent.ThreadPoolExecutor$Worker.run(ThreadPoolExecutor.java:624) [?:1.8.0_212]
	at java.lang.Thread.run(Thread.java:748) [?:1.8.0_212]
20:57:56.714 [RatisApplyTransactionExecutor 3] ERROR DNAudit - user=null | ip=null | op=PUT_BLOCK {blockData=[blockId=conID: 3 locID: 102532400851910690 bcsId: 0,size=10240]} | ret=FAILURE
org.apache.hadoop.hdds.scm.container.common.helpers.StorageContainerException: ContainerID 3 does not exist
	at org.apache.hadoop.ozone.container.common.impl.HddsDispatcher.dispatchRequest(HddsDispatcher.java:242) ~[classes/:?]
	at org.apache.hadoop.ozone.container.common.impl.HddsDispatcher.dispatch(HddsDispatcher.java:148) ~[classes/:?]
	at org.apache.hadoop.ozone.container.common.transport.server.ratis.ContainerStateMachine.dispatchCommand(ContainerStateMachine.java:374) ~[classes/:?]
	at org.apache.hadoop.ozone.container.common.transport.server.ratis.ContainerStateMachine.runCommand(ContainerStateMachine.java:381) ~[classes/:?]
	at org.apache.hadoop.ozone.container.common.transport.server.ratis.ContainerStateMachine.lambda$applyTransaction$6(ContainerStateMachine.java:647) ~[classes/:?]
	at java.util.concurrent.CompletableFuture$AsyncSupply.run(CompletableFuture.java:1590) [?:1.8.0_212]
	at java.util.concurrent.ThreadPoolExecutor.runWorker(ThreadPoolExecutor.java:1149) [?:1.8.0_212]
	at java.util.concurrent.ThreadPoolExecutor$Worker.run(ThreadPoolExecutor.java:624) [?:1.8.0_212]
	at java.lang.Thread.run(Thread.java:748) [?:1.8.0_212]
2019-07-30 20:57:56,715 INFO  impl.HddsDispatcher (ContainerUtils.java:logAndReturnError(146)) - Operation: PutBlock : Trace ID: e23ec0b74d9a2c7f:aac4dc9680109ead:a652d55de88a6c7e:0 : Message: ContainerID 3 does not exist : Result: CONTAINER_NOT_FOUND
2019-07-30 20:57:56,715 INFO  impl.HddsDispatcher (ContainerUtils.java:logAndReturnError(146)) - Operation: PutBlock : Trace ID: e23ec0b74d9a2c7f:aac4dc9680109ead:a652d55de88a6c7e:0 : Message: ContainerID 3 does not exist : Result: CONTAINER_NOT_FOUND
2019-07-30 20:57:56,715 INFO  client.GrpcClientProtocolClient (GrpcClientProtocolClient.java:onNext(255)) - client-E494ADF04478->b886fbb7-990e-4a24-a2cf-3fb3cd8b1c79: receive RaftClientReply:client-E494ADF04478->b886fbb7-990e-4a24-a2cf-3fb3cd8b1c79@group-79705B3AEBD9, cid=55, SUCCESS, logIndex=0, commits[b886fbb7-990e-4a24-a2cf-3fb3cd8b1c79:c76, 8d326b13-47f6-487d-88ff-0b7d36d1dd11:c71, 88b457c9-a839-4d83-9bd8-4c2a9c6ac969:c71]
2019-07-30 20:57:56,730 INFO  keyvalue.KeyValueHandler (ContainerUtils.java:logAndReturnError(146)) - Operation: CreateContainer : Trace ID: 58a3cbc7ef90917a:1da5bba19bfee3f9:aefc2f0333220560:0 : Message: Container creation failed, due to disk out of space : Result: DISK_OUT_OF_SPACE
20:57:56.731 [pool-48-thread-4] ERROR DNAudit - user=null | ip=null | op=WRITE_CHUNK {blockData=conID: 2 locID: 102532400855449639 bcsId: 0} | ret=FAILURE
org.apache.hadoop.hdds.scm.container.common.helpers.StorageContainerException: ContainerID 2 creation failed
	at org.apache.hadoop.ozone.container.common.impl.HddsDispatcher.dispatchRequest(HddsDispatcher.java:227) ~[classes/:?]
	at org.apache.hadoop.ozone.container.common.impl.HddsDispatcher.dispatch(HddsDispatcher.java:148) ~[classes/:?]
	at org.apache.hadoop.ozone.container.common.transport.server.ratis.ContainerStateMachine.dispatchCommand(ContainerStateMachine.java:374) ~[classes/:?]
	at org.apache.hadoop.ozone.container.common.transport.server.ratis.ContainerStateMachine.runCommand(ContainerStateMachine.java:381) ~[classes/:?]
	at org.apache.hadoop.ozone.container.common.transport.server.ratis.ContainerStateMachine.lambda$handleWriteChunk$1(ContainerStateMachine.java:412) ~[classes/:?]
	at java.util.concurrent.CompletableFuture$AsyncSupply.run(CompletableFuture.java:1590) [?:1.8.0_212]
	at java.util.concurrent.ThreadPoolExecutor.runWorker(ThreadPoolExecutor.java:1149) [?:1.8.0_212]
	at java.util.concurrent.ThreadPoolExecutor$Worker.run(ThreadPoolExecutor.java:624) [?:1.8.0_212]
	at java.lang.Thread.run(Thread.java:748) [?:1.8.0_212]
2019-07-30 20:57:56,731 INFO  impl.HddsDispatcher (ContainerUtils.java:logAndReturnError(146)) - Operation: WriteChunk : Trace ID: 58a3cbc7ef90917a:1da5bba19bfee3f9:aefc2f0333220560:0 : Message: ContainerID 2 creation failed : Result: DISK_OUT_OF_SPACE
2019-07-30 20:57:56,732 INFO  keyvalue.KeyValueHandler (ContainerUtils.java:logAndReturnError(146)) - Operation: CreateContainer : Trace ID: 58a3cbc7ef90917a:1da5bba19bfee3f9:aefc2f0333220560:0 : Message: Container creation failed, due to disk out of space : Result: DISK_OUT_OF_SPACE
2019-07-30 20:57:56,732 INFO  keyvalue.KeyValueHandler (ContainerUtils.java:logAndReturnError(146)) - Operation: CreateContainer : Trace ID: 58a3cbc7ef90917a:1da5bba19bfee3f9:aefc2f0333220560:0 : Message: Container creation failed, due to disk out of space : Result: DISK_OUT_OF_SPACE
20:57:56.732 [pool-70-thread-22] ERROR DNAudit - user=null | ip=null | op=WRITE_CHUNK {blockData=conID: 2 locID: 102532400855449639 bcsId: 0} | ret=FAILURE
org.apache.hadoop.hdds.scm.container.common.helpers.StorageContainerException: ContainerID 2 creation failed
	at org.apache.hadoop.ozone.container.common.impl.HddsDispatcher.dispatchRequest(HddsDispatcher.java:227) ~[classes/:?]
	at org.apache.hadoop.ozone.container.common.impl.HddsDispatcher.dispatch(HddsDispatcher.java:148) ~[classes/:?]
	at org.apache.hadoop.ozone.container.common.transport.server.ratis.ContainerStateMachine.dispatchCommand(ContainerStateMachine.java:374) ~[classes/:?]
	at org.apache.hadoop.ozone.container.common.transport.server.ratis.ContainerStateMachine.runCommand(ContainerStateMachine.java:381) ~[classes/:?]
	at org.apache.hadoop.ozone.container.common.transport.server.ratis.ContainerStateMachine.lambda$handleWriteChunk$1(ContainerStateMachine.java:412) ~[classes/:?]
	at java.util.concurrent.CompletableFuture$AsyncSupply.run(CompletableFuture.java:1590) [?:1.8.0_212]
	at java.util.concurrent.ThreadPoolExecutor.runWorker(ThreadPoolExecutor.java:1149) [?:1.8.0_212]
	at java.util.concurrent.ThreadPoolExecutor$Worker.run(ThreadPoolExecutor.java:624) [?:1.8.0_212]
	at java.lang.Thread.run(Thread.java:748) [?:1.8.0_212]
20:57:56.732 [pool-37-thread-22] ERROR DNAudit - user=null | ip=null | op=WRITE_CHUNK {blockData=conID: 2 locID: 102532400855449639 bcsId: 0} | ret=FAILURE
org.apache.hadoop.hdds.scm.container.common.helpers.StorageContainerException: ContainerID 2 creation failed
	at org.apache.hadoop.ozone.container.common.impl.HddsDispatcher.dispatchRequest(HddsDispatcher.java:227) ~[classes/:?]
	at org.apache.hadoop.ozone.container.common.impl.HddsDispatcher.dispatch(HddsDispatcher.java:148) ~[classes/:?]
	at org.apache.hadoop.ozone.container.common.transport.server.ratis.ContainerStateMachine.dispatchCommand(ContainerStateMachine.java:374) ~[classes/:?]
	at org.apache.hadoop.ozone.container.common.transport.server.ratis.ContainerStateMachine.runCommand(ContainerStateMachine.java:381) ~[classes/:?]
	at org.apache.hadoop.ozone.container.common.transport.server.ratis.ContainerStateMachine.lambda$handleWriteChunk$1(ContainerStateMachine.java:412) ~[classes/:?]
	at java.util.concurrent.CompletableFuture$AsyncSupply.run(CompletableFuture.java:1590) [?:1.8.0_212]
	at java.util.concurrent.ThreadPoolExecutor.runWorker(ThreadPoolExecutor.java:1149) [?:1.8.0_212]
	at java.util.concurrent.ThreadPoolExecutor$Worker.run(ThreadPoolExecutor.java:624) [?:1.8.0_212]
	at java.lang.Thread.run(Thread.java:748) [?:1.8.0_212]
2019-07-30 20:57:56,733 INFO  impl.HddsDispatcher (ContainerUtils.java:logAndReturnError(146)) - Operation: WriteChunk : Trace ID: 58a3cbc7ef90917a:1da5bba19bfee3f9:aefc2f0333220560:0 : Message: ContainerID 2 creation failed : Result: DISK_OUT_OF_SPACE
2019-07-30 20:57:56,733 INFO  impl.HddsDispatcher (ContainerUtils.java:logAndReturnError(146)) - Operation: WriteChunk : Trace ID: 58a3cbc7ef90917a:1da5bba19bfee3f9:aefc2f0333220560:0 : Message: ContainerID 2 creation failed : Result: DISK_OUT_OF_SPACE
20:57:56.747 [RatisApplyTransactionExecutor 2] ERROR DNAudit - user=null | ip=null | op=WRITE_CHUNK {blockData=conID: 2 locID: 102532400855449639 bcsId: 0} | ret=FAILURE
org.apache.hadoop.hdds.scm.container.common.helpers.StorageContainerException: ContainerID 2 does not exist
	at org.apache.hadoop.ozone.container.common.impl.HddsDispatcher.dispatchRequest(HddsDispatcher.java:242) ~[classes/:?]
	at org.apache.hadoop.ozone.container.common.impl.HddsDispatcher.dispatch(HddsDispatcher.java:148) ~[classes/:?]
	at org.apache.hadoop.ozone.container.common.transport.server.ratis.ContainerStateMachine.dispatchCommand(ContainerStateMachine.java:374) ~[classes/:?]
	at org.apache.hadoop.ozone.container.common.transport.server.ratis.ContainerStateMachine.runCommand(ContainerStateMachine.java:381) ~[classes/:?]
	at org.apache.hadoop.ozone.container.common.transport.server.ratis.ContainerStateMachine.lambda$applyTransaction$6(ContainerStateMachine.java:647) ~[classes/:?]
	at java.util.concurrent.CompletableFuture$AsyncSupply.run(CompletableFuture.java:1590) [?:1.8.0_212]
	at java.util.concurrent.ThreadPoolExecutor.runWorker(ThreadPoolExecutor.java:1149) [?:1.8.0_212]
	at java.util.concurrent.ThreadPoolExecutor$Worker.run(ThreadPoolExecutor.java:624) [?:1.8.0_212]
	at java.lang.Thread.run(Thread.java:748) [?:1.8.0_212]
2019-07-30 20:57:56,748 INFO  impl.HddsDispatcher (ContainerUtils.java:logAndReturnError(146)) - Operation: WriteChunk : Trace ID: 58a3cbc7ef90917a:1da5bba19bfee3f9:aefc2f0333220560:0 : Message: ContainerID 2 does not exist : Result: CONTAINER_NOT_FOUND
20:57:56.748 [RatisApplyTransactionExecutor 2] ERROR DNAudit - user=null | ip=null | op=PUT_BLOCK {blockData=[blockId=conID: 2 locID: 102532400855449639 bcsId: 0,size=10240]} | ret=FAILURE
org.apache.hadoop.hdds.scm.container.common.helpers.StorageContainerException: ContainerID 2 does not exist
	at org.apache.hadoop.ozone.container.common.impl.HddsDispatcher.dispatchRequest(HddsDispatcher.java:242) ~[classes/:?]
	at org.apache.hadoop.ozone.container.common.impl.HddsDispatcher.dispatch(HddsDispatcher.java:148) ~[classes/:?]
	at org.apache.hadoop.ozone.container.common.transport.server.ratis.ContainerStateMachine.dispatchCommand(ContainerStateMachine.java:374) ~[classes/:?]
	at org.apache.hadoop.ozone.container.common.transport.server.ratis.ContainerStateMachine.runCommand(ContainerStateMachine.java:381) ~[classes/:?]
	at org.apache.hadoop.ozone.container.common.transport.server.ratis.ContainerStateMachine.lambda$applyTransaction$6(ContainerStateMachine.java:647) ~[classes/:?]
	at java.util.concurrent.CompletableFuture$AsyncSupply.run(CompletableFuture.java:1590) [?:1.8.0_212]
	at java.util.concurrent.ThreadPoolExecutor.runWorker(ThreadPoolExecutor.java:1149) [?:1.8.0_212]
	at java.util.concurrent.ThreadPoolExecutor$Worker.run(ThreadPoolExecutor.java:624) [?:1.8.0_212]
	at java.lang.Thread.run(Thread.java:748) [?:1.8.0_212]
2019-07-30 20:57:56,749 INFO  impl.HddsDispatcher (ContainerUtils.java:logAndReturnError(146)) - Operation: PutBlock : Trace ID: 58a3cbc7ef90917a:99bddd3534e70deb:aefc2f0333220560:0 : Message: ContainerID 2 does not exist : Result: CONTAINER_NOT_FOUND
2019-07-30 20:57:56,751 INFO  client.GrpcClientProtocolClient (GrpcClientProtocolClient.java:onNext(255)) - client-E494ADF04478->b886fbb7-990e-4a24-a2cf-3fb3cd8b1c79: receive RaftClientReply:client-E494ADF04478->b886fbb7-990e-4a24-a2cf-3fb3cd8b1c79@group-79705B3AEBD9, cid=56, SUCCESS, logIndex=78, commits[b886fbb7-990e-4a24-a2cf-3fb3cd8b1c79:c79, 8d326b13-47f6-487d-88ff-0b7d36d1dd11:c77, 88b457c9-a839-4d83-9bd8-4c2a9c6ac969:c77]
2019-07-30 20:57:56,752 ERROR storage.BlockOutputStream (BlockOutputStream.java:validateResponse(531)) - Unexpected Storage Container Exception: 
org.apache.hadoop.hdds.scm.container.common.helpers.StorageContainerException: ContainerID 2 does not exist
	at org.apache.hadoop.hdds.scm.storage.ContainerProtocolCalls.validateContainerResponse(ContainerProtocolCalls.java:536)
	at org.apache.hadoop.hdds.scm.storage.BlockOutputStream.validateResponse(BlockOutputStream.java:529)
	at org.apache.hadoop.hdds.scm.storage.BlockOutputStream.lambda$writeChunkToContainer$2(BlockOutputStream.java:606)
	at java.util.concurrent.CompletableFuture.uniApply(CompletableFuture.java:602)
	at java.util.concurrent.CompletableFuture$UniApply.tryFire(CompletableFuture.java:577)
	at java.util.concurrent.CompletableFuture$Completion.run(CompletableFuture.java:442)
	at java.util.concurrent.ThreadPoolExecutor.runWorker(ThreadPoolExecutor.java:1149)
	at java.util.concurrent.ThreadPoolExecutor$Worker.run(ThreadPoolExecutor.java:624)
	at java.lang.Thread.run(Thread.java:748)
2019-07-30 20:57:56,752 INFO  client.GrpcClientProtocolClient (GrpcClientProtocolClient.java:onNext(255)) - client-E494ADF04478->b886fbb7-990e-4a24-a2cf-3fb3cd8b1c79: receive RaftClientReply:client-E494ADF04478->b886fbb7-990e-4a24-a2cf-3fb3cd8b1c79@group-79705B3AEBD9, cid=57, SUCCESS, logIndex=79, commits[b886fbb7-990e-4a24-a2cf-3fb3cd8b1c79:c79, 8d326b13-47f6-487d-88ff-0b7d36d1dd11:c77, 88b457c9-a839-4d83-9bd8-4c2a9c6ac969:c77]
2019-07-30 20:57:56,756 ERROR freon.RandomKeyGenerator (RandomKeyGenerator.java:createKey(730)) - Exception while adding key: key-1-50139 in bucket: bucket-1-76046 of volume: vol-1-16909.
java.io.IOException: Unexpected Storage Container Exception: org.apache.hadoop.hdds.scm.container.common.helpers.StorageContainerException: ContainerID 2 does not exist
	at org.apache.hadoop.hdds.scm.storage.BlockOutputStream.setIoException(BlockOutputStream.java:541)
	at org.apache.hadoop.hdds.scm.storage.BlockOutputStream.validateResponse(BlockOutputStream.java:532)
	at org.apache.hadoop.hdds.scm.storage.BlockOutputStream.lambda$writeChunkToContainer$2(BlockOutputStream.java:606)
	at java.util.concurrent.CompletableFuture.uniApply(CompletableFuture.java:602)
	at java.util.concurrent.CompletableFuture$UniApply.tryFire(CompletableFuture.java:577)
	at java.util.concurrent.CompletableFuture$Completion.run(CompletableFuture.java:442)
	at java.util.concurrent.ThreadPoolExecutor.runWorker(ThreadPoolExecutor.java:1149)
	at java.util.concurrent.ThreadPoolExecutor$Worker.run(ThreadPoolExecutor.java:624)
	at java.lang.Thread.run(Thread.java:748)
Caused by: org.apache.hadoop.hdds.scm.container.common.helpers.StorageContainerException: ContainerID 2 does not exist
	at org.apache.hadoop.hdds.scm.storage.ContainerProtocolCalls.validateContainerResponse(ContainerProtocolCalls.java:536)
	at org.apache.hadoop.hdds.scm.storage.BlockOutputStream.validateResponse(BlockOutputStream.java:529)
	... 7 more
20:57:56.759 [RatisApplyTransactionExecutor 2] ERROR DNAudit - user=null | ip=null | op=WRITE_CHUNK {blockData=conID: 2 locID: 102532400855449639 bcsId: 0} | ret=FAILURE
org.apache.hadoop.hdds.scm.container.common.helpers.StorageContainerException: ContainerID 2 does not exist
	at org.apache.hadoop.ozone.container.common.impl.HddsDispatcher.dispatchRequest(HddsDispatcher.java:242) ~[classes/:?]
	at org.apache.hadoop.ozone.container.common.impl.HddsDispatcher.dispatch(HddsDispatcher.java:148) ~[classes/:?]
	at org.apache.hadoop.ozone.container.common.transport.server.ratis.ContainerStateMachine.dispatchCommand(ContainerStateMachine.java:374) ~[classes/:?]
	at org.apache.hadoop.ozone.container.common.transport.server.ratis.ContainerStateMachine.runCommand(ContainerStateMachine.java:381) ~[classes/:?]
	at org.apache.hadoop.ozone.container.common.transport.server.ratis.ContainerStateMachine.lambda$applyTransaction$6(ContainerStateMachine.java:647) ~[classes/:?]
	at java.util.concurrent.CompletableFuture$AsyncSupply.run(CompletableFuture.java:1590) [?:1.8.0_212]
	at java.util.concurrent.ThreadPoolExecutor.runWorker(ThreadPoolExecutor.java:1149) [?:1.8.0_212]
	at java.util.concurrent.ThreadPoolExecutor$Worker.run(ThreadPoolExecutor.java:624) [?:1.8.0_212]
	at java.lang.Thread.run(Thread.java:748) [?:1.8.0_212]
20:57:56.759 [RatisApplyTransactionExecutor 2] ERROR DNAudit - user=null | ip=null | op=WRITE_CHUNK {blockData=conID: 2 locID: 102532400855449639 bcsId: 0} | ret=FAILURE
org.apache.hadoop.hdds.scm.container.common.helpers.StorageContainerException: ContainerID 2 does not exist
	at org.apache.hadoop.ozone.container.common.impl.HddsDispatcher.dispatchRequest(HddsDispatcher.java:242) ~[classes/:?]
	at org.apache.hadoop.ozone.container.common.impl.HddsDispatcher.dispatch(HddsDispatcher.java:148) ~[classes/:?]
	at org.apache.hadoop.ozone.container.common.transport.server.ratis.ContainerStateMachine.dispatchCommand(ContainerStateMachine.java:374) ~[classes/:?]
	at org.apache.hadoop.ozone.container.common.transport.server.ratis.ContainerStateMachine.runCommand(ContainerStateMachine.java:381) ~[classes/:?]
	at org.apache.hadoop.ozone.container.common.transport.server.ratis.ContainerStateMachine.lambda$applyTransaction$6(ContainerStateMachine.java:647) ~[classes/:?]
	at java.util.concurrent.CompletableFuture$AsyncSupply.run(CompletableFuture.java:1590) [?:1.8.0_212]
	at java.util.concurrent.ThreadPoolExecutor.runWorker(ThreadPoolExecutor.java:1149) [?:1.8.0_212]
	at java.util.concurrent.ThreadPoolExecutor$Worker.run(ThreadPoolExecutor.java:624) [?:1.8.0_212]
	at java.lang.Thread.run(Thread.java:748) [?:1.8.0_212]
2019-07-30 20:57:56,759 INFO  impl.HddsDispatcher (ContainerUtils.java:logAndReturnError(146)) - Operation: WriteChunk : Trace ID: 58a3cbc7ef90917a:1da5bba19bfee3f9:aefc2f0333220560:0 : Message: ContainerID 2 does not exist : Result: CONTAINER_NOT_FOUND
2019-07-30 20:57:56,759 INFO  impl.HddsDispatcher (ContainerUtils.java:logAndReturnError(146)) - Operation: WriteChunk : Trace ID: 58a3cbc7ef90917a:1da5bba19bfee3f9:aefc2f0333220560:0 : Message: ContainerID 2 does not exist : Result: CONTAINER_NOT_FOUND
20:57:56.760 [RatisApplyTransactionExecutor 2] ERROR DNAudit - user=null | ip=null | op=PUT_BLOCK {blockData=[blockId=conID: 2 locID: 102532400855449639 bcsId: 0,size=10240]} | ret=FAILURE
org.apache.hadoop.hdds.scm.container.common.helpers.StorageContainerException: ContainerID 2 does not exist
	at org.apache.hadoop.ozone.container.common.impl.HddsDispatcher.dispatchRequest(HddsDispatcher.java:242) ~[classes/:?]
	at org.apache.hadoop.ozone.container.common.impl.HddsDispatcher.dispatch(HddsDispatcher.java:148) ~[classes/:?]
	at org.apache.hadoop.ozone.container.common.transport.server.ratis.ContainerStateMachine.dispatchCommand(ContainerStateMachine.java:374) ~[classes/:?]
	at org.apache.hadoop.ozone.container.common.transport.server.ratis.ContainerStateMachine.runCommand(ContainerStateMachine.java:381) ~[classes/:?]
	at org.apache.hadoop.ozone.container.common.transport.server.ratis.ContainerStateMachine.lambda$applyTransaction$6(ContainerStateMachine.java:647) ~[classes/:?]
	at java.util.concurrent.CompletableFuture$AsyncSupply.run(CompletableFuture.java:1590) [?:1.8.0_212]
	at java.util.concurrent.ThreadPoolExecutor.runWorker(ThreadPoolExecutor.java:1149) [?:1.8.0_212]
	at java.util.concurrent.ThreadPoolExecutor$Worker.run(ThreadPoolExecutor.java:624) [?:1.8.0_212]
	at java.lang.Thread.run(Thread.java:748) [?:1.8.0_212]
20:57:56.760 [RatisApplyTransactionExecutor 2] ERROR DNAudit - user=null | ip=null | op=PUT_BLOCK {blockData=[blockId=conID: 2 locID: 102532400855449639 bcsId: 0,size=10240]} | ret=FAILURE
org.apache.hadoop.hdds.scm.container.common.helpers.StorageContainerException: ContainerID 2 does not exist
	at org.apache.hadoop.ozone.container.common.impl.HddsDispatcher.dispatchRequest(HddsDispatcher.java:242) ~[classes/:?]
	at org.apache.hadoop.ozone.container.common.impl.HddsDispatcher.dispatch(HddsDispatcher.java:148) ~[classes/:?]
	at org.apache.hadoop.ozone.container.common.transport.server.ratis.ContainerStateMachine.dispatchCommand(ContainerStateMachine.java:374) ~[classes/:?]
	at org.apache.hadoop.ozone.container.common.transport.server.ratis.ContainerStateMachine.runCommand(ContainerStateMachine.java:381) ~[classes/:?]
	at org.apache.hadoop.ozone.container.common.transport.server.ratis.ContainerStateMachine.lambda$applyTransaction$6(ContainerStateMachine.java:647) ~[classes/:?]
	at java.util.concurrent.CompletableFuture$AsyncSupply.run(CompletableFuture.java:1590) [?:1.8.0_212]
	at java.util.concurrent.ThreadPoolExecutor.runWorker(ThreadPoolExecutor.java:1149) [?:1.8.0_212]
	at java.util.concurrent.ThreadPoolExecutor$Worker.run(ThreadPoolExecutor.java:624) [?:1.8.0_212]
	at java.lang.Thread.run(Thread.java:748) [?:1.8.0_212]
2019-07-30 20:57:56,760 INFO  impl.HddsDispatcher (ContainerUtils.java:logAndReturnError(146)) - Operation: PutBlock : Trace ID: 58a3cbc7ef90917a:99bddd3534e70deb:aefc2f0333220560:0 : Message: ContainerID 2 does not exist : Result: CONTAINER_NOT_FOUND
2019-07-30 20:57:56,760 INFO  impl.HddsDispatcher (ContainerUtils.java:logAndReturnError(146)) - Operation: PutBlock : Trace ID: 58a3cbc7ef90917a:99bddd3534e70deb:aefc2f0333220560:0 : Message: ContainerID 2 does not exist : Result: CONTAINER_NOT_FOUND
2019-07-30 20:57:56,794 WARN  node.SCMNodeManager (SCMNodeManager.java:getNodeByAddress(599)) - Cannot find node for address 127.0.0.1
2019-07-30 20:57:56,824 WARN  node.SCMNodeManager (SCMNodeManager.java:getNodeByAddress(599)) - Cannot find node for address 127.0.0.1
2019-07-30 20:57:56,847 WARN  node.SCMNodeManager (SCMNodeManager.java:getNodeByAddress(599)) - Cannot find node for address 127.0.0.1
 4.00% |█████                                                                                                |  4/100 Time: 0:00:01 4.00% |█████                                                                                                |  4/100 Time: 0:00:02 4.00% |█████                                                                                                |  4/100 Time: 0:00:03 4.00% |█████                                                                                                |  4/100 Time: 0:00:04 100.00% |█████████████████████████████████████████████████████████████████████████████████████████████████████|  100/100 Time: 0:00:05
]]></system-out>
  </testcase>
</testsuite>