<?xml version="1.0" encoding="UTF-8"?>
<testsuite xmlns:xsi="http://www.w3.org/2001/XMLSchema-instance" xsi:noNamespaceSchemaLocation="https://maven.apache.org/surefire/maven-surefire-plugin/xsd/surefire-test-report.xsd" name="org.apache.hadoop.ozone.freon.TestRandomKeyGenerator" time="145.854" tests="6" errors="1" skipped="0" failures="0">
  <properties>
    <property name="awt.toolkit" value="sun.awt.X11.XToolkit"/>
    <property name="file.encoding.pkg" value="sun.io"/>
    <property name="java.specification.version" value="1.8"/>
    <property name="sun.cpu.isalist" value=""/>
    <property name="sun.jnu.encoding" value="UTF-8"/>
    <property name="java.class.path" value="/workdir/hadoop-ozone/tools/target/test-classes:/workdir/hadoop-ozone/tools/target/classes:/home/user/.m2/repository/org/apache/hadoop/hadoop-ozone-ozone-manager/0.5.0-SNAPSHOT/hadoop-ozone-ozone-manager-0.5.0-SNAPSHOT.jar:/home/user/.m2/repository/org/apache/hadoop/hadoop-hdds-docs/0.5.0-SNAPSHOT/hadoop-hdds-docs-0.5.0-SNAPSHOT.jar:/home/user/.m2/repository/org/bouncycastle/bcprov-jdk15on/1.60/bcprov-jdk15on-1.60.jar:/home/user/.m2/repository/org/apache/hadoop/hadoop-ozone-common/0.5.0-SNAPSHOT/hadoop-ozone-common-0.5.0-SNAPSHOT.jar:/home/user/.m2/repository/org/apache/commons/commons-compress/1.4.1/commons-compress-1.4.1.jar:/home/user/.m2/repository/org/tukaani/xz/1.0/xz-1.0.jar:/home/user/.m2/repository/org/apache/hadoop/hadoop-hdfs-client/3.2.0/hadoop-hdfs-client-3.2.0.jar:/home/user/.m2/repository/com/fasterxml/jackson/core/jackson-annotations/2.9.5/jackson-annotations-2.9.5.jar:/home/user/.m2/repository/org/apache/hadoop/hadoop-hdds-common/0.5.0-SNAPSHOT/hadoop-hdds-common-0.5.0-SNAPSHOT.jar:/home/user/.m2/repository/org/apache/hadoop/hadoop-hdds-config/0.5.0-SNAPSHOT/hadoop-hdds-config-0.5.0-SNAPSHOT.jar:/home/user/.m2/repository/javax/annotation/javax.annotation-api/1.2/javax.annotation-api-1.2.jar:/home/user/.m2/repository/org/apache/ratis/ratis-server/0.4.0-2337318-SNAPSHOT/ratis-server-0.4.0-2337318-SNAPSHOT.jar:/home/user/.m2/repository/org/apache/ratis/ratis-thirdparty-misc/0.2.0/ratis-thirdparty-misc-0.2.0.jar:/home/user/.m2/repository/org/apache/ratis/ratis-proto/0.4.0-2337318-SNAPSHOT/ratis-proto-0.4.0-2337318-SNAPSHOT.jar:/home/user/.m2/repository/org/apache/ratis/ratis-common/0.4.0-2337318-SNAPSHOT/ratis-common-0.4.0-2337318-SNAPSHOT.jar:/home/user/.m2/repository/org/apache/ratis/ratis-client/0.4.0-2337318-SNAPSHOT/ratis-client-0.4.0-2337318-SNAPSHOT.jar:/home/user/.m2/repository/org/apache/ratis/ratis-metrics/0.4.0-2337318-SNAPSHOT/ratis-metrics-0.4.0-2337318-SNAPSHOT.jar:/home/user/.m2/repository/org/apache/ratis/ratis-netty/0.4.0-2337318-SNAPSHOT/ratis-netty-0.4.0-2337318-SNAPSHOT.jar:/home/user/.m2/repository/org/apache/ratis/ratis-grpc/0.4.0-2337318-SNAPSHOT/ratis-grpc-0.4.0-2337318-SNAPSHOT.jar:/home/user/.m2/repository/org/rocksdb/rocksdbjni/6.0.1/rocksdbjni-6.0.1.jar:/home/user/.m2/repository/org/apache/logging/log4j/log4j-api/2.11.0/log4j-api-2.11.0.jar:/home/user/.m2/repository/org/apache/logging/log4j/log4j-core/2.11.0/log4j-core-2.11.0.jar:/home/user/.m2/repository/com/lmax/disruptor/3.4.2/disruptor-3.4.2.jar:/home/user/.m2/repository/org/apache/commons/commons-pool2/2.6.0/commons-pool2-2.6.0.jar:/home/user/.m2/repository/org/bouncycastle/bcpkix-jdk15on/1.60/bcpkix-jdk15on-1.60.jar:/home/user/.m2/repository/commons-validator/commons-validator/1.6/commons-validator-1.6.jar:/home/user/.m2/repository/commons-digester/commons-digester/1.8.1/commons-digester-1.8.1.jar:/home/user/.m2/repository/io/jaegertracing/jaeger-client/0.33.1/jaeger-client-0.33.1.jar:/home/user/.m2/repository/io/jaegertracing/jaeger-thrift/0.33.1/jaeger-thrift-0.33.1.jar:/home/user/.m2/repository/org/apache/thrift/libthrift/0.11.0/libthrift-0.11.0.jar:/home/user/.m2/repository/com/squareup/okhttp3/okhttp/3.9.0/okhttp-3.9.0.jar:/home/user/.m2/repository/com/squareup/okio/okio/1.13.0/okio-1.13.0.jar:/home/user/.m2/repository/io/jaegertracing/jaeger-core/0.33.1/jaeger-core-0.33.1.jar:/home/user/.m2/repository/io/jaegertracing/jaeger-tracerresolver/0.33.1/jaeger-tracerresolver-0.33.1.jar:/home/user/.m2/repository/io/opentracing/contrib/opentracing-tracerresolver/0.1.5/opentracing-tracerresolver-0.1.5.jar:/home/user/.m2/repository/io/opentracing/opentracing-util/0.31.0/opentracing-util-0.31.0.jar:/home/user/.m2/repository/io/opentracing/opentracing-api/0.31.0/opentracing-api-0.31.0.jar:/home/user/.m2/repository/io/opentracing/opentracing-noop/0.31.0/opentracing-noop-0.31.0.jar:/home/user/.m2/repository/org/yaml/snakeyaml/1.16/snakeyaml-1.16.jar:/home/user/.m2/repository/org/apache/hadoop/hadoop-hdds-container-service/0.5.0-SNAPSHOT/hadoop-hdds-container-service-0.5.0-SNAPSHOT.jar:/home/user/.m2/repository/org/apache/hadoop/hadoop-hdds-client/0.5.0-SNAPSHOT/hadoop-hdds-client-0.5.0-SNAPSHOT.jar:/home/user/.m2/repository/org/apache/hadoop/hadoop-hdds-tools/0.5.0-SNAPSHOT/hadoop-hdds-tools-0.5.0-SNAPSHOT.jar:/home/user/.m2/repository/org/xerial/sqlite-jdbc/3.25.2/sqlite-jdbc-3.25.2.jar:/home/user/.m2/repository/org/apache/hadoop/hadoop-hdds-server-scm/0.5.0-SNAPSHOT/hadoop-hdds-server-scm-0.5.0-SNAPSHOT.jar:/home/user/.m2/repository/org/hamcrest/hamcrest-all/1.3/hamcrest-all-1.3.jar:/home/user/.m2/repository/info/picocli/picocli/3.9.6/picocli-3.9.6.jar:/home/user/.m2/repository/com/google/protobuf/protobuf-java/2.5.0/protobuf-java-2.5.0.jar:/home/user/.m2/repository/com/google/guava/guava/11.0.2/guava-11.0.2.jar:/home/user/.m2/repository/org/apache/hadoop/hadoop-ozone-client/0.5.0-SNAPSHOT/hadoop-ozone-client-0.5.0-SNAPSHOT.jar:/workdir/hadoop-ozone/ozonefs/target/classes:/home/user/.m2/repository/org/apache/hadoop/hadoop-hdds-server-framework/0.5.0-SNAPSHOT/hadoop-hdds-server-framework-0.5.0-SNAPSHOT.jar:/home/user/.m2/repository/org/apache/hadoop/hadoop-common/3.2.0/hadoop-common-3.2.0.jar:/home/user/.m2/repository/org/apache/hadoop/hadoop-annotations/3.2.0/hadoop-annotations-3.2.0.jar:/usr/lib/jvm/java-1.8-openjdk/jre/../lib/tools.jar:/home/user/.m2/repository/commons-cli/commons-cli/1.2/commons-cli-1.2.jar:/home/user/.m2/repository/org/apache/commons/commons-math3/3.1.1/commons-math3-3.1.1.jar:/home/user/.m2/repository/org/apache/httpcomponents/httpclient/4.5.2/httpclient-4.5.2.jar:/home/user/.m2/repository/org/apache/httpcomponents/httpcore/4.4.4/httpcore-4.4.4.jar:/home/user/.m2/repository/commons-codec/commons-codec/1.11/commons-codec-1.11.jar:/home/user/.m2/repository/commons-io/commons-io/2.5/commons-io-2.5.jar:/home/user/.m2/repository/commons-net/commons-net/3.6/commons-net-3.6.jar:/home/user/.m2/repository/commons-collections/commons-collections/3.2.2/commons-collections-3.2.2.jar:/home/user/.m2/repository/javax/servlet/javax.servlet-api/3.1.0/javax.servlet-api-3.1.0.jar:/home/user/.m2/repository/org/eclipse/jetty/jetty-server/9.3.24.v20180605/jetty-server-9.3.24.v20180605.jar:/home/user/.m2/repository/org/eclipse/jetty/jetty-http/9.3.24.v20180605/jetty-http-9.3.24.v20180605.jar:/home/user/.m2/repository/org/eclipse/jetty/jetty-io/9.3.24.v20180605/jetty-io-9.3.24.v20180605.jar:/home/user/.m2/repository/org/eclipse/jetty/jetty-util/9.3.24.v20180605/jetty-util-9.3.24.v20180605.jar:/home/user/.m2/repository/org/eclipse/jetty/jetty-servlet/9.3.24.v20180605/jetty-servlet-9.3.24.v20180605.jar:/home/user/.m2/repository/org/eclipse/jetty/jetty-security/9.3.24.v20180605/jetty-security-9.3.24.v20180605.jar:/home/user/.m2/repository/org/eclipse/jetty/jetty-webapp/9.3.24.v20180605/jetty-webapp-9.3.24.v20180605.jar:/home/user/.m2/repository/org/eclipse/jetty/jetty-xml/9.3.24.v20180605/jetty-xml-9.3.24.v20180605.jar:/home/user/.m2/repository/javax/servlet/jsp/jsp-api/2.1/jsp-api-2.1.jar:/home/user/.m2/repository/com/sun/jersey/jersey-core/1.19/jersey-core-1.19.jar:/home/user/.m2/repository/javax/ws/rs/jsr311-api/1.1.1/jsr311-api-1.1.1.jar:/home/user/.m2/repository/com/sun/jersey/jersey-servlet/1.19/jersey-servlet-1.19.jar:/home/user/.m2/repository/com/sun/jersey/jersey-json/1.19/jersey-json-1.19.jar:/home/user/.m2/repository/org/codehaus/jettison/jettison/1.1/jettison-1.1.jar:/home/user/.m2/repository/com/sun/xml/bind/jaxb-impl/2.3.0.1/jaxb-impl-2.3.0.1.jar:/home/user/.m2/repository/org/codehaus/jackson/jackson-core-asl/1.9.13/jackson-core-asl-1.9.13.jar:/home/user/.m2/repository/org/codehaus/jackson/jackson-mapper-asl/1.9.13/jackson-mapper-asl-1.9.13.jar:/home/user/.m2/repository/org/codehaus/jackson/jackson-jaxrs/1.9.13/jackson-jaxrs-1.9.13.jar:/home/user/.m2/repository/org/codehaus/jackson/jackson-xc/1.9.13/jackson-xc-1.9.13.jar:/home/user/.m2/repository/com/sun/jersey/jersey-server/1.19/jersey-server-1.19.jar:/home/user/.m2/repository/commons-logging/commons-logging/1.1.3/commons-logging-1.1.3.jar:/home/user/.m2/repository/log4j/log4j/1.2.17/log4j-1.2.17.jar:/home/user/.m2/repository/commons-beanutils/commons-beanutils/1.9.3/commons-beanutils-1.9.3.jar:/home/user/.m2/repository/org/apache/commons/commons-configuration2/2.1.1/commons-configuration2-2.1.1.jar:/home/user/.m2/repository/org/apache/commons/commons-lang3/3.7/commons-lang3-3.7.jar:/home/user/.m2/repository/org/apache/commons/commons-text/1.4/commons-text-1.4.jar:/home/user/.m2/repository/org/slf4j/slf4j-api/1.7.25/slf4j-api-1.7.25.jar:/home/user/.m2/repository/org/slf4j/slf4j-log4j12/1.7.25/slf4j-log4j12-1.7.25.jar:/home/user/.m2/repository/org/apache/avro/avro/1.7.7/avro-1.7.7.jar:/home/user/.m2/repository/com/thoughtworks/paranamer/paranamer/2.3/paranamer-2.3.jar:/home/user/.m2/repository/org/xerial/snappy/snappy-java/1.0.5/snappy-java-1.0.5.jar:/home/user/.m2/repository/com/google/re2j/re2j/1.1/re2j-1.1.jar:/home/user/.m2/repository/com/google/code/gson/gson/2.2.4/gson-2.2.4.jar:/home/user/.m2/repository/org/apache/hadoop/hadoop-auth/3.2.0/hadoop-auth-3.2.0.jar:/home/user/.m2/repository/com/nimbusds/nimbus-jose-jwt/4.41.1/nimbus-jose-jwt-4.41.1.jar:/home/user/.m2/repository/com/github/stephenc/jcip/jcip-annotations/1.0-1/jcip-annotations-1.0-1.jar:/home/user/.m2/repository/net/minidev/json-smart/2.3/json-smart-2.3.jar:/home/user/.m2/repository/net/minidev/accessors-smart/1.2/accessors-smart-1.2.jar:/home/user/.m2/repository/org/apache/curator/curator-framework/2.12.0/curator-framework-2.12.0.jar:/home/user/.m2/repository/com/jcraft/jsch/0.1.54/jsch-0.1.54.jar:/home/user/.m2/repository/org/apache/curator/curator-client/2.12.0/curator-client-2.12.0.jar:/home/user/.m2/repository/org/apache/curator/curator-recipes/2.12.0/curator-recipes-2.12.0.jar:/home/user/.m2/repository/com/google/code/findbugs/jsr305/3.0.0/jsr305-3.0.0.jar:/home/user/.m2/repository/org/apache/htrace/htrace-core4/4.1.0-incubating/htrace-core4-4.1.0-incubating.jar:/home/user/.m2/repository/org/apache/zookeeper/zookeeper/3.4.13/zookeeper-3.4.13.jar:/home/user/.m2/repository/org/apache/yetus/audience-annotations/0.5.0/audience-annotations-0.5.0.jar:/home/user/.m2/repository/org/apache/kerby/kerb-simplekdc/1.0.1/kerb-simplekdc-1.0.1.jar:/home/user/.m2/repository/org/apache/kerby/kerb-client/1.0.1/kerb-client-1.0.1.jar:/home/user/.m2/repository/org/apache/kerby/kerby-config/1.0.1/kerby-config-1.0.1.jar:/home/user/.m2/repository/org/apache/kerby/kerb-core/1.0.1/kerb-core-1.0.1.jar:/home/user/.m2/repository/org/apache/kerby/kerby-pkix/1.0.1/kerby-pkix-1.0.1.jar:/home/user/.m2/repository/org/apache/kerby/kerby-asn1/1.0.1/kerby-asn1-1.0.1.jar:/home/user/.m2/repository/org/apache/kerby/kerby-util/1.0.1/kerby-util-1.0.1.jar:/home/user/.m2/repository/org/apache/kerby/kerb-common/1.0.1/kerb-common-1.0.1.jar:/home/user/.m2/repository/org/apache/kerby/kerb-crypto/1.0.1/kerb-crypto-1.0.1.jar:/home/user/.m2/repository/org/apache/kerby/kerb-util/1.0.1/kerb-util-1.0.1.jar:/home/user/.m2/repository/org/apache/kerby/token-provider/1.0.1/token-provider-1.0.1.jar:/home/user/.m2/repository/org/apache/kerby/kerb-admin/1.0.1/kerb-admin-1.0.1.jar:/home/user/.m2/repository/org/apache/kerby/kerb-server/1.0.1/kerb-server-1.0.1.jar:/home/user/.m2/repository/org/apache/kerby/kerb-identity/1.0.1/kerb-identity-1.0.1.jar:/home/user/.m2/repository/org/apache/kerby/kerby-xdr/1.0.1/kerby-xdr-1.0.1.jar:/home/user/.m2/repository/com/fasterxml/jackson/core/jackson-databind/2.9.5/jackson-databind-2.9.5.jar:/home/user/.m2/repository/com/fasterxml/jackson/core/jackson-core/2.9.5/jackson-core-2.9.5.jar:/home/user/.m2/repository/org/codehaus/woodstox/stax2-api/3.1.4/stax2-api-3.1.4.jar:/home/user/.m2/repository/com/fasterxml/woodstox/woodstox-core/5.0.3/woodstox-core-5.0.3.jar:/home/user/.m2/repository/dnsjava/dnsjava/2.1.7/dnsjava-2.1.7.jar:/home/user/.m2/repository/org/apache/hadoop/hadoop-hdfs/3.2.0/hadoop-hdfs-3.2.0.jar:/home/user/.m2/repository/org/eclipse/jetty/jetty-util-ajax/9.3.24.v20180605/jetty-util-ajax-9.3.24.v20180605.jar:/home/user/.m2/repository/commons-daemon/commons-daemon/1.0.13/commons-daemon-1.0.13.jar:/home/user/.m2/repository/io/netty/netty/3.10.5.Final/netty-3.10.5.Final.jar:/home/user/.m2/repository/io/netty/netty-all/4.0.52.Final/netty-all-4.0.52.Final.jar:/home/user/.m2/repository/org/fusesource/leveldbjni/leveldbjni-all/1.8/leveldbjni-all-1.8.jar:/home/user/.m2/repository/com/sun/xml/bind/jaxb-core/2.3.0.1/jaxb-core-2.3.0.1.jar:/home/user/.m2/repository/javax/xml/bind/jaxb-api/2.3.0/jaxb-api-2.3.0.jar:/home/user/.m2/repository/javax/activation/activation/1.1.1/activation-1.1.1.jar:/home/user/.m2/repository/io/dropwizard/metrics/metrics-core/3.2.4/metrics-core-3.2.4.jar:/home/user/.m2/repository/org/openjdk/jmh/jmh-core/1.19/jmh-core-1.19.jar:/home/user/.m2/repository/net/sf/jopt-simple/jopt-simple/4.6/jopt-simple-4.6.jar:/home/user/.m2/repository/org/openjdk/jmh/jmh-generator-annprocess/1.19/jmh-generator-annprocess-1.19.jar:/home/user/.m2/repository/com/google/code/findbugs/findbugs/3.0.1/findbugs-3.0.1.jar:/home/user/.m2/repository/net/jcip/jcip-annotations/1.0/jcip-annotations-1.0.jar:/home/user/.m2/repository/com/google/code/findbugs/bcel-findbugs/6.0/bcel-findbugs-6.0.jar:/home/user/.m2/repository/com/google/code/findbugs/jFormatString/2.0.1/jFormatString-2.0.1.jar:/home/user/.m2/repository/dom4j/dom4j/1.6.1/dom4j-1.6.1.jar:/home/user/.m2/repository/xml-apis/xml-apis/1.0.b2/xml-apis-1.0.b2.jar:/home/user/.m2/repository/org/ow2/asm/asm-debug-all/5.0.2/asm-debug-all-5.0.2.jar:/home/user/.m2/repository/org/ow2/asm/asm-commons/5.0.2/asm-commons-5.0.2.jar:/home/user/.m2/repository/org/ow2/asm/asm-tree/5.0.2/asm-tree-5.0.2.jar:/home/user/.m2/repository/org/ow2/asm/asm/5.0.4/asm-5.0.4.jar:/home/user/.m2/repository/commons-lang/commons-lang/2.6/commons-lang-2.6.jar:/home/user/.m2/repository/com/apple/AppleJavaExtensions/1.4/AppleJavaExtensions-1.4.jar:/home/user/.m2/repository/jaxen/jaxen/1.1.6/jaxen-1.1.6.jar:/home/user/.m2/repository/junit/junit/4.11/junit-4.11.jar:/home/user/.m2/repository/org/hamcrest/hamcrest-core/1.3/hamcrest-core-1.3.jar:/home/user/.m2/repository/org/apache/hadoop/hadoop-common/3.2.0/hadoop-common-3.2.0-tests.jar:/workdir/hadoop-ozone/integration-test/target/test-classes:/home/user/.m2/repository/org/apache/hadoop/hadoop-ozone-objectstore-service/0.5.0-SNAPSHOT/hadoop-ozone-objectstore-service-0.5.0-SNAPSHOT.jar:/home/user/.m2/repository/org/apache/hadoop/hadoop-ozone-s3gateway/0.5.0-SNAPSHOT/hadoop-ozone-s3gateway-0.5.0-SNAPSHOT.jar:/home/user/.m2/repository/org/jboss/weld/servlet/weld-servlet/2.4.7.Final/weld-servlet-2.4.7.Final.jar:/home/user/.m2/repository/org/glassfish/jersey/containers/jersey-container-servlet-core/2.27/jersey-container-servlet-core-2.27.jar:/home/user/.m2/repository/org/glassfish/hk2/external/javax.inject/2.5.0-b42/javax.inject-2.5.0-b42.jar:/home/user/.m2/repository/org/glassfish/jersey/core/jersey-common/2.27/jersey-common-2.27.jar:/home/user/.m2/repository/org/glassfish/hk2/osgi-resource-locator/1.0.1/osgi-resource-locator-1.0.1.jar:/home/user/.m2/repository/javax/ws/rs/javax.ws.rs-api/2.1/javax.ws.rs-api-2.1.jar:/home/user/.m2/repository/org/glassfish/jersey/ext/cdi/jersey-cdi1x/2.27/jersey-cdi1x-2.27.jar:/home/user/.m2/repository/org/glassfish/jersey/inject/jersey-hk2/2.27/jersey-hk2-2.27.jar:/home/user/.m2/repository/org/glassfish/hk2/hk2-locator/2.5.0-b42/hk2-locator-2.5.0-b42.jar:/home/user/.m2/repository/org/javassist/javassist/3.22.0-CR2/javassist-3.22.0-CR2.jar:/home/user/.m2/repository/org/glassfish/hk2/hk2-api/2.5.0/hk2-api-2.5.0.jar:/home/user/.m2/repository/org/glassfish/hk2/external/jakarta.inject/2.5.0/jakarta.inject-2.5.0.jar:/home/user/.m2/repository/org/glassfish/hk2/hk2-utils/2.5.0/hk2-utils-2.5.0.jar:/home/user/.m2/repository/jakarta/annotation/jakarta.annotation-api/1.3.4/jakarta.annotation-api-1.3.4.jar:/home/user/.m2/repository/org/glassfish/hk2/external/aopalliance-repackaged/2.5.0/aopalliance-repackaged-2.5.0.jar:/home/user/.m2/repository/com/fasterxml/jackson/dataformat/jackson-dataformat-xml/2.9.0/jackson-dataformat-xml-2.9.0.jar:/home/user/.m2/repository/com/fasterxml/jackson/module/jackson-module-jaxb-annotations/2.9.5/jackson-module-jaxb-annotations-2.9.5.jar:/home/user/.m2/repository/javax/enterprise/cdi-api/1.2/cdi-api-1.2.jar:/home/user/.m2/repository/javax/el/javax.el-api/3.0.0/javax.el-api-3.0.0.jar:/home/user/.m2/repository/javax/interceptor/javax.interceptor-api/1.2/javax.interceptor-api-1.2.jar:/home/user/.m2/repository/javax/inject/javax.inject/1/javax.inject-1.jar:/home/user/.m2/repository/org/apache/hadoop/hadoop-ozone-csi/0.5.0-SNAPSHOT/hadoop-ozone-csi-0.5.0-SNAPSHOT.jar:/home/user/.m2/repository/com/google/protobuf/protobuf-java-util/3.5.1/protobuf-java-util-3.5.1.jar:/home/user/.m2/repository/io/grpc/grpc-netty/1.17.1/grpc-netty-1.17.1.jar:/home/user/.m2/repository/io/grpc/grpc-core/1.17.1/grpc-core-1.17.1.jar:/home/user/.m2/repository/io/grpc/grpc-context/1.17.1/grpc-context-1.17.1.jar:/home/user/.m2/repository/com/google/errorprone/error_prone_annotations/2.2.0/error_prone_annotations-2.2.0.jar:/home/user/.m2/repository/org/codehaus/mojo/animal-sniffer-annotations/1.17/animal-sniffer-annotations-1.17.jar:/home/user/.m2/repository/io/opencensus/opencensus-api/0.17.0/opencensus-api-0.17.0.jar:/home/user/.m2/repository/io/opencensus/opencensus-contrib-grpc-metrics/0.17.0/opencensus-contrib-grpc-metrics-0.17.0.jar:/home/user/.m2/repository/io/netty/netty-codec-http2/4.1.30.Final/netty-codec-http2-4.1.30.Final.jar:/home/user/.m2/repository/io/netty/netty-codec-http/4.1.30.Final/netty-codec-http-4.1.30.Final.jar:/home/user/.m2/repository/io/netty/netty-codec/4.1.30.Final/netty-codec-4.1.30.Final.jar:/home/user/.m2/repository/io/netty/netty-handler/4.1.30.Final/netty-handler-4.1.30.Final.jar:/home/user/.m2/repository/io/netty/netty-handler-proxy/4.1.30.Final/netty-handler-proxy-4.1.30.Final.jar:/home/user/.m2/repository/io/netty/netty-codec-socks/4.1.30.Final/netty-codec-socks-4.1.30.Final.jar:/home/user/.m2/repository/io/netty/netty-transport-native-epoll/4.1.30.Final/netty-transport-native-epoll-4.1.30.Final.jar:/home/user/.m2/repository/io/netty/netty-common/4.1.30.Final/netty-common-4.1.30.Final.jar:/home/user/.m2/repository/io/netty/netty-buffer/4.1.30.Final/netty-buffer-4.1.30.Final.jar:/home/user/.m2/repository/io/netty/netty-transport/4.1.30.Final/netty-transport-4.1.30.Final.jar:/home/user/.m2/repository/io/netty/netty-resolver/4.1.30.Final/netty-resolver-4.1.30.Final.jar:/home/user/.m2/repository/io/netty/netty-transport-native-unix-common/4.1.30.Final/netty-transport-native-unix-common-4.1.30.Final.jar:/home/user/.m2/repository/io/grpc/grpc-protobuf/1.17.1/grpc-protobuf-1.17.1.jar:/home/user/.m2/repository/com/google/api/grpc/proto-google-common-protos/1.0.0/proto-google-common-protos-1.0.0.jar:/home/user/.m2/repository/io/grpc/grpc-protobuf-lite/1.17.1/grpc-protobuf-lite-1.17.1.jar:/home/user/.m2/repository/io/grpc/grpc-stub/1.17.1/grpc-stub-1.17.1.jar:/home/user/.m2/repository/org/apache/hadoop/hadoop-ozone-recon/0.5.0-SNAPSHOT/hadoop-ozone-recon-0.5.0-SNAPSHOT.jar:/home/user/.m2/repository/org/apache/hadoop/hadoop-ozone-reconcodegen/0.5.0-SNAPSHOT/hadoop-ozone-reconcodegen-0.5.0-SNAPSHOT.jar:/home/user/.m2/repository/com/google/inject/extensions/guice-multibindings/4.0/guice-multibindings-4.0.jar:/home/user/.m2/repository/com/google/inject/guice/4.0/guice-4.0.jar:/home/user/.m2/repository/aopalliance/aopalliance/1.0/aopalliance-1.0.jar:/home/user/.m2/repository/com/google/inject/extensions/guice-servlet/4.0/guice-servlet-4.0.jar:/home/user/.m2/repository/org/glassfish/jersey/containers/jersey-container-servlet/2.27/jersey-container-servlet-2.27.jar:/home/user/.m2/repository/org/glassfish/hk2/guice-bridge/2.5.0/guice-bridge-2.5.0.jar:/home/user/.m2/repository/org/glassfish/jersey/core/jersey-server/2.27/jersey-server-2.27.jar:/home/user/.m2/repository/org/glassfish/jersey/core/jersey-client/2.27/jersey-client-2.27.jar:/home/user/.m2/repository/org/glassfish/jersey/media/jersey-media-jaxb/2.27/jersey-media-jaxb-2.27.jar:/home/user/.m2/repository/javax/validation/validation-api/1.1.0.Final/validation-api-1.1.0.Final.jar:/home/user/.m2/repository/org/glassfish/jersey/media/jersey-media-json-jackson/2.27/jersey-media-json-jackson-2.27.jar:/home/user/.m2/repository/org/glassfish/jersey/ext/jersey-entity-filtering/2.27/jersey-entity-filtering-2.27.jar:/home/user/.m2/repository/com/google/inject/extensions/guice-assistedinject/4.0/guice-assistedinject-4.0.jar:/home/user/.m2/repository/org/jooq/jooq/3.11.10/jooq-3.11.10.jar:/home/user/.m2/repository/org/jooq/jooq-meta/3.11.10/jooq-meta-3.11.10.jar:/home/user/.m2/repository/org/jooq/jooq-codegen/3.11.10/jooq-codegen-3.11.10.jar:/home/user/.m2/repository/com/jolbox/bonecp/0.8.0.RELEASE/bonecp-0.8.0.RELEASE.jar:/home/user/.m2/repository/org/springframework/spring-jdbc/5.1.3.RELEASE/spring-jdbc-5.1.3.RELEASE.jar:/home/user/.m2/repository/org/springframework/spring-beans/5.1.3.RELEASE/spring-beans-5.1.3.RELEASE.jar:/home/user/.m2/repository/org/springframework/spring-core/5.1.3.RELEASE/spring-core-5.1.3.RELEASE.jar:/home/user/.m2/repository/org/springframework/spring-jcl/5.1.3.RELEASE/spring-jcl-5.1.3.RELEASE.jar:/home/user/.m2/repository/org/springframework/spring-tx/5.1.3.RELEASE/spring-tx-5.1.3.RELEASE.jar:/home/user/.m2/repository/org/mockito/mockito-core/2.15.0/mockito-core-2.15.0.jar:/home/user/.m2/repository/net/bytebuddy/byte-buddy/1.7.9/byte-buddy-1.7.9.jar:/home/user/.m2/repository/net/bytebuddy/byte-buddy-agent/1.7.9/byte-buddy-agent-1.7.9.jar:/home/user/.m2/repository/org/objenesis/objenesis/1.0/objenesis-1.0.jar:"/>
    <property name="java.vm.vendor" value="IcedTea"/>
    <property name="sun.arch.data.model" value="64"/>
    <property name="test.build.dir" value="/workdir/hadoop-ozone/tools/target/test-dir"/>
    <property name="test.cache.data" value=""/>
    <property name="java.vendor.url" value="https://icedtea.classpath.org"/>
    <property name="user.timezone" value=""/>
    <property name="java.vm.specification.version" value="1.8"/>
    <property name="os.name" value="Linux"/>
    <property name="test.build.data" value="/workdir/hadoop-ozone/tools/target/test-dir"/>
    <property name="user.country" value="US"/>
    <property name="sun.java.launcher" value="SUN_STANDARD"/>
    <property name="sun.boot.library.path" value="/usr/lib/jvm/java-1.8-openjdk/jre/lib/amd64"/>
    <property name="sun.java.command" value="/workdir/hadoop-ozone/tools/target/surefire/surefirebooter7393127936818328710.jar /workdir/hadoop-ozone/tools/target/surefire 2019-08-24T05-15-38_851-jvmRun1 surefire2751817442899937971tmp surefire_1222799014315736159417tmp"/>
    <property name="test" value="!TestMiniChaosOzoneCluster"/>
    <property name="surefire.test.class.path" value="/workdir/hadoop-ozone/tools/target/test-classes:/workdir/hadoop-ozone/tools/target/classes:/home/user/.m2/repository/org/apache/hadoop/hadoop-ozone-ozone-manager/0.5.0-SNAPSHOT/hadoop-ozone-ozone-manager-0.5.0-SNAPSHOT.jar:/home/user/.m2/repository/org/apache/hadoop/hadoop-hdds-docs/0.5.0-SNAPSHOT/hadoop-hdds-docs-0.5.0-SNAPSHOT.jar:/home/user/.m2/repository/org/bouncycastle/bcprov-jdk15on/1.60/bcprov-jdk15on-1.60.jar:/home/user/.m2/repository/org/apache/hadoop/hadoop-ozone-common/0.5.0-SNAPSHOT/hadoop-ozone-common-0.5.0-SNAPSHOT.jar:/home/user/.m2/repository/org/apache/commons/commons-compress/1.4.1/commons-compress-1.4.1.jar:/home/user/.m2/repository/org/tukaani/xz/1.0/xz-1.0.jar:/home/user/.m2/repository/org/apache/hadoop/hadoop-hdfs-client/3.2.0/hadoop-hdfs-client-3.2.0.jar:/home/user/.m2/repository/com/fasterxml/jackson/core/jackson-annotations/2.9.5/jackson-annotations-2.9.5.jar:/home/user/.m2/repository/org/apache/hadoop/hadoop-hdds-common/0.5.0-SNAPSHOT/hadoop-hdds-common-0.5.0-SNAPSHOT.jar:/home/user/.m2/repository/org/apache/hadoop/hadoop-hdds-config/0.5.0-SNAPSHOT/hadoop-hdds-config-0.5.0-SNAPSHOT.jar:/home/user/.m2/repository/javax/annotation/javax.annotation-api/1.2/javax.annotation-api-1.2.jar:/home/user/.m2/repository/org/apache/ratis/ratis-server/0.4.0-2337318-SNAPSHOT/ratis-server-0.4.0-2337318-SNAPSHOT.jar:/home/user/.m2/repository/org/apache/ratis/ratis-thirdparty-misc/0.2.0/ratis-thirdparty-misc-0.2.0.jar:/home/user/.m2/repository/org/apache/ratis/ratis-proto/0.4.0-2337318-SNAPSHOT/ratis-proto-0.4.0-2337318-SNAPSHOT.jar:/home/user/.m2/repository/org/apache/ratis/ratis-common/0.4.0-2337318-SNAPSHOT/ratis-common-0.4.0-2337318-SNAPSHOT.jar:/home/user/.m2/repository/org/apache/ratis/ratis-client/0.4.0-2337318-SNAPSHOT/ratis-client-0.4.0-2337318-SNAPSHOT.jar:/home/user/.m2/repository/org/apache/ratis/ratis-metrics/0.4.0-2337318-SNAPSHOT/ratis-metrics-0.4.0-2337318-SNAPSHOT.jar:/home/user/.m2/repository/org/apache/ratis/ratis-netty/0.4.0-2337318-SNAPSHOT/ratis-netty-0.4.0-2337318-SNAPSHOT.jar:/home/user/.m2/repository/org/apache/ratis/ratis-grpc/0.4.0-2337318-SNAPSHOT/ratis-grpc-0.4.0-2337318-SNAPSHOT.jar:/home/user/.m2/repository/org/rocksdb/rocksdbjni/6.0.1/rocksdbjni-6.0.1.jar:/home/user/.m2/repository/org/apache/logging/log4j/log4j-api/2.11.0/log4j-api-2.11.0.jar:/home/user/.m2/repository/org/apache/logging/log4j/log4j-core/2.11.0/log4j-core-2.11.0.jar:/home/user/.m2/repository/com/lmax/disruptor/3.4.2/disruptor-3.4.2.jar:/home/user/.m2/repository/org/apache/commons/commons-pool2/2.6.0/commons-pool2-2.6.0.jar:/home/user/.m2/repository/org/bouncycastle/bcpkix-jdk15on/1.60/bcpkix-jdk15on-1.60.jar:/home/user/.m2/repository/commons-validator/commons-validator/1.6/commons-validator-1.6.jar:/home/user/.m2/repository/commons-digester/commons-digester/1.8.1/commons-digester-1.8.1.jar:/home/user/.m2/repository/io/jaegertracing/jaeger-client/0.33.1/jaeger-client-0.33.1.jar:/home/user/.m2/repository/io/jaegertracing/jaeger-thrift/0.33.1/jaeger-thrift-0.33.1.jar:/home/user/.m2/repository/org/apache/thrift/libthrift/0.11.0/libthrift-0.11.0.jar:/home/user/.m2/repository/com/squareup/okhttp3/okhttp/3.9.0/okhttp-3.9.0.jar:/home/user/.m2/repository/com/squareup/okio/okio/1.13.0/okio-1.13.0.jar:/home/user/.m2/repository/io/jaegertracing/jaeger-core/0.33.1/jaeger-core-0.33.1.jar:/home/user/.m2/repository/io/jaegertracing/jaeger-tracerresolver/0.33.1/jaeger-tracerresolver-0.33.1.jar:/home/user/.m2/repository/io/opentracing/contrib/opentracing-tracerresolver/0.1.5/opentracing-tracerresolver-0.1.5.jar:/home/user/.m2/repository/io/opentracing/opentracing-util/0.31.0/opentracing-util-0.31.0.jar:/home/user/.m2/repository/io/opentracing/opentracing-api/0.31.0/opentracing-api-0.31.0.jar:/home/user/.m2/repository/io/opentracing/opentracing-noop/0.31.0/opentracing-noop-0.31.0.jar:/home/user/.m2/repository/org/yaml/snakeyaml/1.16/snakeyaml-1.16.jar:/home/user/.m2/repository/org/apache/hadoop/hadoop-hdds-container-service/0.5.0-SNAPSHOT/hadoop-hdds-container-service-0.5.0-SNAPSHOT.jar:/home/user/.m2/repository/org/apache/hadoop/hadoop-hdds-client/0.5.0-SNAPSHOT/hadoop-hdds-client-0.5.0-SNAPSHOT.jar:/home/user/.m2/repository/org/apache/hadoop/hadoop-hdds-tools/0.5.0-SNAPSHOT/hadoop-hdds-tools-0.5.0-SNAPSHOT.jar:/home/user/.m2/repository/org/xerial/sqlite-jdbc/3.25.2/sqlite-jdbc-3.25.2.jar:/home/user/.m2/repository/org/apache/hadoop/hadoop-hdds-server-scm/0.5.0-SNAPSHOT/hadoop-hdds-server-scm-0.5.0-SNAPSHOT.jar:/home/user/.m2/repository/org/hamcrest/hamcrest-all/1.3/hamcrest-all-1.3.jar:/home/user/.m2/repository/info/picocli/picocli/3.9.6/picocli-3.9.6.jar:/home/user/.m2/repository/com/google/protobuf/protobuf-java/2.5.0/protobuf-java-2.5.0.jar:/home/user/.m2/repository/com/google/guava/guava/11.0.2/guava-11.0.2.jar:/home/user/.m2/repository/org/apache/hadoop/hadoop-ozone-client/0.5.0-SNAPSHOT/hadoop-ozone-client-0.5.0-SNAPSHOT.jar:/workdir/hadoop-ozone/ozonefs/target/classes:/home/user/.m2/repository/org/apache/hadoop/hadoop-hdds-server-framework/0.5.0-SNAPSHOT/hadoop-hdds-server-framework-0.5.0-SNAPSHOT.jar:/home/user/.m2/repository/org/apache/hadoop/hadoop-common/3.2.0/hadoop-common-3.2.0.jar:/home/user/.m2/repository/org/apache/hadoop/hadoop-annotations/3.2.0/hadoop-annotations-3.2.0.jar:/usr/lib/jvm/java-1.8-openjdk/jre/../lib/tools.jar:/home/user/.m2/repository/commons-cli/commons-cli/1.2/commons-cli-1.2.jar:/home/user/.m2/repository/org/apache/commons/commons-math3/3.1.1/commons-math3-3.1.1.jar:/home/user/.m2/repository/org/apache/httpcomponents/httpclient/4.5.2/httpclient-4.5.2.jar:/home/user/.m2/repository/org/apache/httpcomponents/httpcore/4.4.4/httpcore-4.4.4.jar:/home/user/.m2/repository/commons-codec/commons-codec/1.11/commons-codec-1.11.jar:/home/user/.m2/repository/commons-io/commons-io/2.5/commons-io-2.5.jar:/home/user/.m2/repository/commons-net/commons-net/3.6/commons-net-3.6.jar:/home/user/.m2/repository/commons-collections/commons-collections/3.2.2/commons-collections-3.2.2.jar:/home/user/.m2/repository/javax/servlet/javax.servlet-api/3.1.0/javax.servlet-api-3.1.0.jar:/home/user/.m2/repository/org/eclipse/jetty/jetty-server/9.3.24.v20180605/jetty-server-9.3.24.v20180605.jar:/home/user/.m2/repository/org/eclipse/jetty/jetty-http/9.3.24.v20180605/jetty-http-9.3.24.v20180605.jar:/home/user/.m2/repository/org/eclipse/jetty/jetty-io/9.3.24.v20180605/jetty-io-9.3.24.v20180605.jar:/home/user/.m2/repository/org/eclipse/jetty/jetty-util/9.3.24.v20180605/jetty-util-9.3.24.v20180605.jar:/home/user/.m2/repository/org/eclipse/jetty/jetty-servlet/9.3.24.v20180605/jetty-servlet-9.3.24.v20180605.jar:/home/user/.m2/repository/org/eclipse/jetty/jetty-security/9.3.24.v20180605/jetty-security-9.3.24.v20180605.jar:/home/user/.m2/repository/org/eclipse/jetty/jetty-webapp/9.3.24.v20180605/jetty-webapp-9.3.24.v20180605.jar:/home/user/.m2/repository/org/eclipse/jetty/jetty-xml/9.3.24.v20180605/jetty-xml-9.3.24.v20180605.jar:/home/user/.m2/repository/javax/servlet/jsp/jsp-api/2.1/jsp-api-2.1.jar:/home/user/.m2/repository/com/sun/jersey/jersey-core/1.19/jersey-core-1.19.jar:/home/user/.m2/repository/javax/ws/rs/jsr311-api/1.1.1/jsr311-api-1.1.1.jar:/home/user/.m2/repository/com/sun/jersey/jersey-servlet/1.19/jersey-servlet-1.19.jar:/home/user/.m2/repository/com/sun/jersey/jersey-json/1.19/jersey-json-1.19.jar:/home/user/.m2/repository/org/codehaus/jettison/jettison/1.1/jettison-1.1.jar:/home/user/.m2/repository/com/sun/xml/bind/jaxb-impl/2.3.0.1/jaxb-impl-2.3.0.1.jar:/home/user/.m2/repository/org/codehaus/jackson/jackson-core-asl/1.9.13/jackson-core-asl-1.9.13.jar:/home/user/.m2/repository/org/codehaus/jackson/jackson-mapper-asl/1.9.13/jackson-mapper-asl-1.9.13.jar:/home/user/.m2/repository/org/codehaus/jackson/jackson-jaxrs/1.9.13/jackson-jaxrs-1.9.13.jar:/home/user/.m2/repository/org/codehaus/jackson/jackson-xc/1.9.13/jackson-xc-1.9.13.jar:/home/user/.m2/repository/com/sun/jersey/jersey-server/1.19/jersey-server-1.19.jar:/home/user/.m2/repository/commons-logging/commons-logging/1.1.3/commons-logging-1.1.3.jar:/home/user/.m2/repository/log4j/log4j/1.2.17/log4j-1.2.17.jar:/home/user/.m2/repository/commons-beanutils/commons-beanutils/1.9.3/commons-beanutils-1.9.3.jar:/home/user/.m2/repository/org/apache/commons/commons-configuration2/2.1.1/commons-configuration2-2.1.1.jar:/home/user/.m2/repository/org/apache/commons/commons-lang3/3.7/commons-lang3-3.7.jar:/home/user/.m2/repository/org/apache/commons/commons-text/1.4/commons-text-1.4.jar:/home/user/.m2/repository/org/slf4j/slf4j-api/1.7.25/slf4j-api-1.7.25.jar:/home/user/.m2/repository/org/slf4j/slf4j-log4j12/1.7.25/slf4j-log4j12-1.7.25.jar:/home/user/.m2/repository/org/apache/avro/avro/1.7.7/avro-1.7.7.jar:/home/user/.m2/repository/com/thoughtworks/paranamer/paranamer/2.3/paranamer-2.3.jar:/home/user/.m2/repository/org/xerial/snappy/snappy-java/1.0.5/snappy-java-1.0.5.jar:/home/user/.m2/repository/com/google/re2j/re2j/1.1/re2j-1.1.jar:/home/user/.m2/repository/com/google/code/gson/gson/2.2.4/gson-2.2.4.jar:/home/user/.m2/repository/org/apache/hadoop/hadoop-auth/3.2.0/hadoop-auth-3.2.0.jar:/home/user/.m2/repository/com/nimbusds/nimbus-jose-jwt/4.41.1/nimbus-jose-jwt-4.41.1.jar:/home/user/.m2/repository/com/github/stephenc/jcip/jcip-annotations/1.0-1/jcip-annotations-1.0-1.jar:/home/user/.m2/repository/net/minidev/json-smart/2.3/json-smart-2.3.jar:/home/user/.m2/repository/net/minidev/accessors-smart/1.2/accessors-smart-1.2.jar:/home/user/.m2/repository/org/apache/curator/curator-framework/2.12.0/curator-framework-2.12.0.jar:/home/user/.m2/repository/com/jcraft/jsch/0.1.54/jsch-0.1.54.jar:/home/user/.m2/repository/org/apache/curator/curator-client/2.12.0/curator-client-2.12.0.jar:/home/user/.m2/repository/org/apache/curator/curator-recipes/2.12.0/curator-recipes-2.12.0.jar:/home/user/.m2/repository/com/google/code/findbugs/jsr305/3.0.0/jsr305-3.0.0.jar:/home/user/.m2/repository/org/apache/htrace/htrace-core4/4.1.0-incubating/htrace-core4-4.1.0-incubating.jar:/home/user/.m2/repository/org/apache/zookeeper/zookeeper/3.4.13/zookeeper-3.4.13.jar:/home/user/.m2/repository/org/apache/yetus/audience-annotations/0.5.0/audience-annotations-0.5.0.jar:/home/user/.m2/repository/org/apache/kerby/kerb-simplekdc/1.0.1/kerb-simplekdc-1.0.1.jar:/home/user/.m2/repository/org/apache/kerby/kerb-client/1.0.1/kerb-client-1.0.1.jar:/home/user/.m2/repository/org/apache/kerby/kerby-config/1.0.1/kerby-config-1.0.1.jar:/home/user/.m2/repository/org/apache/kerby/kerb-core/1.0.1/kerb-core-1.0.1.jar:/home/user/.m2/repository/org/apache/kerby/kerby-pkix/1.0.1/kerby-pkix-1.0.1.jar:/home/user/.m2/repository/org/apache/kerby/kerby-asn1/1.0.1/kerby-asn1-1.0.1.jar:/home/user/.m2/repository/org/apache/kerby/kerby-util/1.0.1/kerby-util-1.0.1.jar:/home/user/.m2/repository/org/apache/kerby/kerb-common/1.0.1/kerb-common-1.0.1.jar:/home/user/.m2/repository/org/apache/kerby/kerb-crypto/1.0.1/kerb-crypto-1.0.1.jar:/home/user/.m2/repository/org/apache/kerby/kerb-util/1.0.1/kerb-util-1.0.1.jar:/home/user/.m2/repository/org/apache/kerby/token-provider/1.0.1/token-provider-1.0.1.jar:/home/user/.m2/repository/org/apache/kerby/kerb-admin/1.0.1/kerb-admin-1.0.1.jar:/home/user/.m2/repository/org/apache/kerby/kerb-server/1.0.1/kerb-server-1.0.1.jar:/home/user/.m2/repository/org/apache/kerby/kerb-identity/1.0.1/kerb-identity-1.0.1.jar:/home/user/.m2/repository/org/apache/kerby/kerby-xdr/1.0.1/kerby-xdr-1.0.1.jar:/home/user/.m2/repository/com/fasterxml/jackson/core/jackson-databind/2.9.5/jackson-databind-2.9.5.jar:/home/user/.m2/repository/com/fasterxml/jackson/core/jackson-core/2.9.5/jackson-core-2.9.5.jar:/home/user/.m2/repository/org/codehaus/woodstox/stax2-api/3.1.4/stax2-api-3.1.4.jar:/home/user/.m2/repository/com/fasterxml/woodstox/woodstox-core/5.0.3/woodstox-core-5.0.3.jar:/home/user/.m2/repository/dnsjava/dnsjava/2.1.7/dnsjava-2.1.7.jar:/home/user/.m2/repository/org/apache/hadoop/hadoop-hdfs/3.2.0/hadoop-hdfs-3.2.0.jar:/home/user/.m2/repository/org/eclipse/jetty/jetty-util-ajax/9.3.24.v20180605/jetty-util-ajax-9.3.24.v20180605.jar:/home/user/.m2/repository/commons-daemon/commons-daemon/1.0.13/commons-daemon-1.0.13.jar:/home/user/.m2/repository/io/netty/netty/3.10.5.Final/netty-3.10.5.Final.jar:/home/user/.m2/repository/io/netty/netty-all/4.0.52.Final/netty-all-4.0.52.Final.jar:/home/user/.m2/repository/org/fusesource/leveldbjni/leveldbjni-all/1.8/leveldbjni-all-1.8.jar:/home/user/.m2/repository/com/sun/xml/bind/jaxb-core/2.3.0.1/jaxb-core-2.3.0.1.jar:/home/user/.m2/repository/javax/xml/bind/jaxb-api/2.3.0/jaxb-api-2.3.0.jar:/home/user/.m2/repository/javax/activation/activation/1.1.1/activation-1.1.1.jar:/home/user/.m2/repository/io/dropwizard/metrics/metrics-core/3.2.4/metrics-core-3.2.4.jar:/home/user/.m2/repository/org/openjdk/jmh/jmh-core/1.19/jmh-core-1.19.jar:/home/user/.m2/repository/net/sf/jopt-simple/jopt-simple/4.6/jopt-simple-4.6.jar:/home/user/.m2/repository/org/openjdk/jmh/jmh-generator-annprocess/1.19/jmh-generator-annprocess-1.19.jar:/home/user/.m2/repository/com/google/code/findbugs/findbugs/3.0.1/findbugs-3.0.1.jar:/home/user/.m2/repository/net/jcip/jcip-annotations/1.0/jcip-annotations-1.0.jar:/home/user/.m2/repository/com/google/code/findbugs/bcel-findbugs/6.0/bcel-findbugs-6.0.jar:/home/user/.m2/repository/com/google/code/findbugs/jFormatString/2.0.1/jFormatString-2.0.1.jar:/home/user/.m2/repository/dom4j/dom4j/1.6.1/dom4j-1.6.1.jar:/home/user/.m2/repository/xml-apis/xml-apis/1.0.b2/xml-apis-1.0.b2.jar:/home/user/.m2/repository/org/ow2/asm/asm-debug-all/5.0.2/asm-debug-all-5.0.2.jar:/home/user/.m2/repository/org/ow2/asm/asm-commons/5.0.2/asm-commons-5.0.2.jar:/home/user/.m2/repository/org/ow2/asm/asm-tree/5.0.2/asm-tree-5.0.2.jar:/home/user/.m2/repository/org/ow2/asm/asm/5.0.4/asm-5.0.4.jar:/home/user/.m2/repository/commons-lang/commons-lang/2.6/commons-lang-2.6.jar:/home/user/.m2/repository/com/apple/AppleJavaExtensions/1.4/AppleJavaExtensions-1.4.jar:/home/user/.m2/repository/jaxen/jaxen/1.1.6/jaxen-1.1.6.jar:/home/user/.m2/repository/junit/junit/4.11/junit-4.11.jar:/home/user/.m2/repository/org/hamcrest/hamcrest-core/1.3/hamcrest-core-1.3.jar:/home/user/.m2/repository/org/apache/hadoop/hadoop-common/3.2.0/hadoop-common-3.2.0-tests.jar:/workdir/hadoop-ozone/integration-test/target/test-classes:/home/user/.m2/repository/org/apache/hadoop/hadoop-ozone-objectstore-service/0.5.0-SNAPSHOT/hadoop-ozone-objectstore-service-0.5.0-SNAPSHOT.jar:/home/user/.m2/repository/org/apache/hadoop/hadoop-ozone-s3gateway/0.5.0-SNAPSHOT/hadoop-ozone-s3gateway-0.5.0-SNAPSHOT.jar:/home/user/.m2/repository/org/jboss/weld/servlet/weld-servlet/2.4.7.Final/weld-servlet-2.4.7.Final.jar:/home/user/.m2/repository/org/glassfish/jersey/containers/jersey-container-servlet-core/2.27/jersey-container-servlet-core-2.27.jar:/home/user/.m2/repository/org/glassfish/hk2/external/javax.inject/2.5.0-b42/javax.inject-2.5.0-b42.jar:/home/user/.m2/repository/org/glassfish/jersey/core/jersey-common/2.27/jersey-common-2.27.jar:/home/user/.m2/repository/org/glassfish/hk2/osgi-resource-locator/1.0.1/osgi-resource-locator-1.0.1.jar:/home/user/.m2/repository/javax/ws/rs/javax.ws.rs-api/2.1/javax.ws.rs-api-2.1.jar:/home/user/.m2/repository/org/glassfish/jersey/ext/cdi/jersey-cdi1x/2.27/jersey-cdi1x-2.27.jar:/home/user/.m2/repository/org/glassfish/jersey/inject/jersey-hk2/2.27/jersey-hk2-2.27.jar:/home/user/.m2/repository/org/glassfish/hk2/hk2-locator/2.5.0-b42/hk2-locator-2.5.0-b42.jar:/home/user/.m2/repository/org/javassist/javassist/3.22.0-CR2/javassist-3.22.0-CR2.jar:/home/user/.m2/repository/org/glassfish/hk2/hk2-api/2.5.0/hk2-api-2.5.0.jar:/home/user/.m2/repository/org/glassfish/hk2/external/jakarta.inject/2.5.0/jakarta.inject-2.5.0.jar:/home/user/.m2/repository/org/glassfish/hk2/hk2-utils/2.5.0/hk2-utils-2.5.0.jar:/home/user/.m2/repository/jakarta/annotation/jakarta.annotation-api/1.3.4/jakarta.annotation-api-1.3.4.jar:/home/user/.m2/repository/org/glassfish/hk2/external/aopalliance-repackaged/2.5.0/aopalliance-repackaged-2.5.0.jar:/home/user/.m2/repository/com/fasterxml/jackson/dataformat/jackson-dataformat-xml/2.9.0/jackson-dataformat-xml-2.9.0.jar:/home/user/.m2/repository/com/fasterxml/jackson/module/jackson-module-jaxb-annotations/2.9.5/jackson-module-jaxb-annotations-2.9.5.jar:/home/user/.m2/repository/javax/enterprise/cdi-api/1.2/cdi-api-1.2.jar:/home/user/.m2/repository/javax/el/javax.el-api/3.0.0/javax.el-api-3.0.0.jar:/home/user/.m2/repository/javax/interceptor/javax.interceptor-api/1.2/javax.interceptor-api-1.2.jar:/home/user/.m2/repository/javax/inject/javax.inject/1/javax.inject-1.jar:/home/user/.m2/repository/org/apache/hadoop/hadoop-ozone-csi/0.5.0-SNAPSHOT/hadoop-ozone-csi-0.5.0-SNAPSHOT.jar:/home/user/.m2/repository/com/google/protobuf/protobuf-java-util/3.5.1/protobuf-java-util-3.5.1.jar:/home/user/.m2/repository/io/grpc/grpc-netty/1.17.1/grpc-netty-1.17.1.jar:/home/user/.m2/repository/io/grpc/grpc-core/1.17.1/grpc-core-1.17.1.jar:/home/user/.m2/repository/io/grpc/grpc-context/1.17.1/grpc-context-1.17.1.jar:/home/user/.m2/repository/com/google/errorprone/error_prone_annotations/2.2.0/error_prone_annotations-2.2.0.jar:/home/user/.m2/repository/org/codehaus/mojo/animal-sniffer-annotations/1.17/animal-sniffer-annotations-1.17.jar:/home/user/.m2/repository/io/opencensus/opencensus-api/0.17.0/opencensus-api-0.17.0.jar:/home/user/.m2/repository/io/opencensus/opencensus-contrib-grpc-metrics/0.17.0/opencensus-contrib-grpc-metrics-0.17.0.jar:/home/user/.m2/repository/io/netty/netty-codec-http2/4.1.30.Final/netty-codec-http2-4.1.30.Final.jar:/home/user/.m2/repository/io/netty/netty-codec-http/4.1.30.Final/netty-codec-http-4.1.30.Final.jar:/home/user/.m2/repository/io/netty/netty-codec/4.1.30.Final/netty-codec-4.1.30.Final.jar:/home/user/.m2/repository/io/netty/netty-handler/4.1.30.Final/netty-handler-4.1.30.Final.jar:/home/user/.m2/repository/io/netty/netty-handler-proxy/4.1.30.Final/netty-handler-proxy-4.1.30.Final.jar:/home/user/.m2/repository/io/netty/netty-codec-socks/4.1.30.Final/netty-codec-socks-4.1.30.Final.jar:/home/user/.m2/repository/io/netty/netty-transport-native-epoll/4.1.30.Final/netty-transport-native-epoll-4.1.30.Final.jar:/home/user/.m2/repository/io/netty/netty-common/4.1.30.Final/netty-common-4.1.30.Final.jar:/home/user/.m2/repository/io/netty/netty-buffer/4.1.30.Final/netty-buffer-4.1.30.Final.jar:/home/user/.m2/repository/io/netty/netty-transport/4.1.30.Final/netty-transport-4.1.30.Final.jar:/home/user/.m2/repository/io/netty/netty-resolver/4.1.30.Final/netty-resolver-4.1.30.Final.jar:/home/user/.m2/repository/io/netty/netty-transport-native-unix-common/4.1.30.Final/netty-transport-native-unix-common-4.1.30.Final.jar:/home/user/.m2/repository/io/grpc/grpc-protobuf/1.17.1/grpc-protobuf-1.17.1.jar:/home/user/.m2/repository/com/google/api/grpc/proto-google-common-protos/1.0.0/proto-google-common-protos-1.0.0.jar:/home/user/.m2/repository/io/grpc/grpc-protobuf-lite/1.17.1/grpc-protobuf-lite-1.17.1.jar:/home/user/.m2/repository/io/grpc/grpc-stub/1.17.1/grpc-stub-1.17.1.jar:/home/user/.m2/repository/org/apache/hadoop/hadoop-ozone-recon/0.5.0-SNAPSHOT/hadoop-ozone-recon-0.5.0-SNAPSHOT.jar:/home/user/.m2/repository/org/apache/hadoop/hadoop-ozone-reconcodegen/0.5.0-SNAPSHOT/hadoop-ozone-reconcodegen-0.5.0-SNAPSHOT.jar:/home/user/.m2/repository/com/google/inject/extensions/guice-multibindings/4.0/guice-multibindings-4.0.jar:/home/user/.m2/repository/com/google/inject/guice/4.0/guice-4.0.jar:/home/user/.m2/repository/aopalliance/aopalliance/1.0/aopalliance-1.0.jar:/home/user/.m2/repository/com/google/inject/extensions/guice-servlet/4.0/guice-servlet-4.0.jar:/home/user/.m2/repository/org/glassfish/jersey/containers/jersey-container-servlet/2.27/jersey-container-servlet-2.27.jar:/home/user/.m2/repository/org/glassfish/hk2/guice-bridge/2.5.0/guice-bridge-2.5.0.jar:/home/user/.m2/repository/org/glassfish/jersey/core/jersey-server/2.27/jersey-server-2.27.jar:/home/user/.m2/repository/org/glassfish/jersey/core/jersey-client/2.27/jersey-client-2.27.jar:/home/user/.m2/repository/org/glassfish/jersey/media/jersey-media-jaxb/2.27/jersey-media-jaxb-2.27.jar:/home/user/.m2/repository/javax/validation/validation-api/1.1.0.Final/validation-api-1.1.0.Final.jar:/home/user/.m2/repository/org/glassfish/jersey/media/jersey-media-json-jackson/2.27/jersey-media-json-jackson-2.27.jar:/home/user/.m2/repository/org/glassfish/jersey/ext/jersey-entity-filtering/2.27/jersey-entity-filtering-2.27.jar:/home/user/.m2/repository/com/google/inject/extensions/guice-assistedinject/4.0/guice-assistedinject-4.0.jar:/home/user/.m2/repository/org/jooq/jooq/3.11.10/jooq-3.11.10.jar:/home/user/.m2/repository/org/jooq/jooq-meta/3.11.10/jooq-meta-3.11.10.jar:/home/user/.m2/repository/org/jooq/jooq-codegen/3.11.10/jooq-codegen-3.11.10.jar:/home/user/.m2/repository/com/jolbox/bonecp/0.8.0.RELEASE/bonecp-0.8.0.RELEASE.jar:/home/user/.m2/repository/org/springframework/spring-jdbc/5.1.3.RELEASE/spring-jdbc-5.1.3.RELEASE.jar:/home/user/.m2/repository/org/springframework/spring-beans/5.1.3.RELEASE/spring-beans-5.1.3.RELEASE.jar:/home/user/.m2/repository/org/springframework/spring-core/5.1.3.RELEASE/spring-core-5.1.3.RELEASE.jar:/home/user/.m2/repository/org/springframework/spring-jcl/5.1.3.RELEASE/spring-jcl-5.1.3.RELEASE.jar:/home/user/.m2/repository/org/springframework/spring-tx/5.1.3.RELEASE/spring-tx-5.1.3.RELEASE.jar:/home/user/.m2/repository/org/mockito/mockito-core/2.15.0/mockito-core-2.15.0.jar:/home/user/.m2/repository/net/bytebuddy/byte-buddy/1.7.9/byte-buddy-1.7.9.jar:/home/user/.m2/repository/net/bytebuddy/byte-buddy-agent/1.7.9/byte-buddy-agent-1.7.9.jar:/home/user/.m2/repository/org/objenesis/objenesis/1.0/objenesis-1.0.jar:"/>
    <property name="sun.cpu.endian" value="little"/>
    <property name="user.home" value="/home/user"/>
    <property name="user.language" value="en"/>
    <property name="java.specification.vendor" value="Oracle Corporation"/>
    <property name="java.home" value="/usr/lib/jvm/java-1.8-openjdk/jre"/>
    <property name="java.security.krb5.conf" value="/workdir/hadoop-ozone/tools/target/test-classes/krb5.conf"/>
    <property name="basedir" value="/workdir/hadoop-ozone/tools"/>
    <property name="file.separator" value="/"/>
    <property name="line.separator" value="&#10;"/>
    <property name="java.vm.specification.vendor" value="Oracle Corporation"/>
    <property name="java.specification.name" value="Java Platform API Specification"/>
    <property name="java.awt.graphicsenv" value="sun.awt.X11GraphicsEnvironment"/>
    <property name="surefire.real.class.path" value="/workdir/hadoop-ozone/tools/target/surefire/surefirebooter7393127936818328710.jar"/>
    <property name="hadoop.log.dir" value="/workdir/hadoop-ozone/tools/target/log"/>
    <property name="sun.boot.class.path" value="/usr/lib/jvm/java-1.8-openjdk/jre/lib/resources.jar:/usr/lib/jvm/java-1.8-openjdk/jre/lib/rt.jar:/usr/lib/jvm/java-1.8-openjdk/jre/lib/sunrsasign.jar:/usr/lib/jvm/java-1.8-openjdk/jre/lib/jsse.jar:/usr/lib/jvm/java-1.8-openjdk/jre/lib/jce.jar:/usr/lib/jvm/java-1.8-openjdk/jre/lib/charsets.jar:/usr/lib/jvm/java-1.8-openjdk/jre/lib/jfr.jar:/usr/lib/jvm/java-1.8-openjdk/jre/classes"/>
    <property name="sun.management.compiler" value="HotSpot 64-Bit Tiered Compilers"/>
    <property name="java.runtime.version" value="1.8.0_212-b04"/>
    <property name="java.net.preferIPv4Stack" value="true"/>
    <property name="user.name" value="jenkins1000"/>
    <property name="path.separator" value=":"/>
    <property name="java.security.egd" value="file:///dev/urandom"/>
    <property name="os.version" value="3.10.0-957.12.2.el7.x86_64"/>
    <property name="java.endorsed.dirs" value="/usr/lib/jvm/java-1.8-openjdk/jre/lib/endorsed"/>
    <property name="java.runtime.name" value="OpenJDK Runtime Environment"/>
    <property name="file.encoding" value="UTF-8"/>
    <property name="java.vm.name" value="OpenJDK 64-Bit Server VM"/>
    <property name="test.build.webapps" value=""/>
    <property name="localRepository" value="/home/user/.m2/repository"/>
    <property name="java.vendor.url.bug" value="https://icedtea.classpath.org/bugzilla"/>
    <property name="java.io.tmpdir" value="/tmp"/>
    <property name="require.test.libhadoop" value=""/>
    <property name="java.version" value="1.8.0_212"/>
    <property name="user.dir" value="/workdir/hadoop-ozone/tools"/>
    <property name="os.arch" value="amd64"/>
    <property name="java.vm.specification.name" value="Java Virtual Machine Specification"/>
    <property name="test.build.classes" value="/workdir/hadoop-ozone/tools/target/test-classes"/>
    <property name="java.awt.printerjob" value="sun.print.PSPrinterJob"/>
    <property name="sun.os.patch.level" value="unknown"/>
    <property name="hadoop.tmp.dir" value="/workdir/hadoop-ozone/tools/target/tmp"/>
    <property name="java.library.path" value="/usr/lib/jvm/java-1.8-openjdk/jre/lib/amd64/server:/usr/lib/jvm/java-1.8-openjdk/jre/lib/amd64:/usr/lib/jvm/java-1.8-openjdk/jre/../lib/amd64:/workdir/hadoop-ozone/tools/target/native/target/usr/local/lib:/workdir/hadoop-ozone/tools/../../hadoop-common-project/hadoop-common/target/native/target/usr/local/lib:/usr/java/packages/lib/amd64:/usr/lib64:/lib64:/lib:/usr/lib"/>
    <property name="java.vm.info" value="mixed mode"/>
    <property name="java.vendor" value="IcedTea"/>
    <property name="java.vm.version" value="25.212-b04"/>
    <property name="java.ext.dirs" value="/usr/lib/jvm/java-1.8-openjdk/jre/lib/ext:/usr/java/packages/lib/ext"/>
    <property name="sun.io.unicode.encoding" value="UnicodeLittle"/>
    <property name="java.class.version" value="52.0"/>
  </properties>
  <testcase name="ratisTest3" classname="org.apache.hadoop.ozone.freon.TestRandomKeyGenerator" time="10.392"/>
  <testcase name="testThreadPoolSize" classname="org.apache.hadoop.ozone.freon.TestRandomKeyGenerator" time="5.053"/>
  <testcase name="defaultTest" classname="org.apache.hadoop.ozone.freon.TestRandomKeyGenerator" time="5.025"/>
  <testcase name="bigFileThan2GB" classname="org.apache.hadoop.ozone.freon.TestRandomKeyGenerator" time="82.982">
    <error message="Allocated 0 blocks. Requested 1 blocks" type="INTERNAL_ERROR org.apache.hadoop.ozone.om.exceptions.OMException">INTERNAL_ERROR org.apache.hadoop.ozone.om.exceptions.OMException: Allocated 0 blocks. Requested 1 blocks
	at org.apache.hadoop.ozone.om.protocolPB.OzoneManagerProtocolClientSideTranslatorPB.handleError(OzoneManagerProtocolClientSideTranslatorPB.java:725)
	at org.apache.hadoop.ozone.om.protocolPB.OzoneManagerProtocolClientSideTranslatorPB.allocateBlock(OzoneManagerProtocolClientSideTranslatorPB.java:757)
	at org.apache.hadoop.ozone.client.io.BlockOutputStreamEntryPool.allocateNewBlock(BlockOutputStreamEntryPool.java:248)
	at org.apache.hadoop.ozone.client.io.BlockOutputStreamEntryPool.allocateBlockIfNeeded(BlockOutputStreamEntryPool.java:296)
	at org.apache.hadoop.ozone.client.io.KeyOutputStream.handleWrite(KeyOutputStream.java:201)
	at org.apache.hadoop.ozone.client.io.KeyOutputStream.write(KeyOutputStream.java:193)
	at org.apache.hadoop.ozone.client.io.OzoneOutputStream.write(OzoneOutputStream.java:49)
	at org.apache.hadoop.ozone.freon.RandomKeyGenerator.createKey(RandomKeyGenerator.java:699)
	at org.apache.hadoop.ozone.freon.RandomKeyGenerator.access$1100(RandomKeyGenerator.java:87)
	at org.apache.hadoop.ozone.freon.RandomKeyGenerator$ObjectCreator.run(RandomKeyGenerator.java:606)
	at java.util.concurrent.Executors$RunnableAdapter.call(Executors.java:511)
	at java.util.concurrent.FutureTask.run(FutureTask.java:266)
	at java.util.concurrent.ThreadPoolExecutor.runWorker(ThreadPoolExecutor.java:1149)
	at java.util.concurrent.ThreadPoolExecutor$Worker.run(ThreadPoolExecutor.java:624)
	at java.lang.Thread.run(Thread.java:748)
</error>
    <system-out><![CDATA[2019-08-24 07:08:03,316 | INFO  | SCMAudit | user=jenkins1000 | ip=192.168.69.125 | op=SEND_HEARTBEAT {datanodeUUID=25ce0803-6f34-4c69-82c0-892f08679042, command=[]} | ret=SUCCESS |  
2019-08-24 07:08:03,364 | INFO  | SCMAudit | user=jenkins1000 | ip=192.168.69.125 | op=SEND_HEARTBEAT {datanodeUUID=06a4573b-67a1-41e3-a350-f896363bc636, command=[]} | ret=SUCCESS |  
2019-08-24 07:08:03,364 | INFO  | SCMAudit | user=jenkins1000 | ip=192.168.69.125 | op=SEND_HEARTBEAT {datanodeUUID=0b725bbf-683b-4664-9a2e-3c9dd6e38bc1, command=[]} | ret=SUCCESS |  
2019-08-24 07:08:03,365 | INFO  | SCMAudit | user=jenkins1000 | ip=192.168.69.125 | op=SEND_HEARTBEAT {datanodeUUID=9193e3b7-ae04-484d-a740-c65c11559486, command=[]} | ret=SUCCESS |  
2019-08-24 07:08:03,823 | INFO  | SCMAudit | user=jenkins1000 | ip=192.168.69.125 | op=SEND_HEARTBEAT {datanodeUUID=b8548da6-9cc6-46be-8dd4-5219531f5960, command=[]} | ret=SUCCESS |  
2019-08-24 07:08:04,316 | INFO  | SCMAudit | user=jenkins1000 | ip=192.168.69.125 | op=SEND_HEARTBEAT {datanodeUUID=25ce0803-6f34-4c69-82c0-892f08679042, command=[]} | ret=SUCCESS |  
2019-08-24 07:08:04,364 | INFO  | SCMAudit | user=jenkins1000 | ip=192.168.69.125 | op=SEND_HEARTBEAT {datanodeUUID=06a4573b-67a1-41e3-a350-f896363bc636, command=[]} | ret=SUCCESS |  
2019-08-24 07:08:04,364 | INFO  | SCMAudit | user=jenkins1000 | ip=192.168.69.125 | op=SEND_HEARTBEAT {datanodeUUID=0b725bbf-683b-4664-9a2e-3c9dd6e38bc1, command=[]} | ret=SUCCESS |  
2019-08-24 07:08:04,365 | INFO  | SCMAudit | user=jenkins1000 | ip=192.168.69.125 | op=SEND_HEARTBEAT {datanodeUUID=9193e3b7-ae04-484d-a740-c65c11559486, command=[]} | ret=SUCCESS |  
2019-08-24 07:08:04,823 | INFO  | SCMAudit | user=jenkins1000 | ip=192.168.69.125 | op=SEND_HEARTBEAT {datanodeUUID=b8548da6-9cc6-46be-8dd4-5219531f5960, command=[]} | ret=SUCCESS |  
2019-08-24 07:08:05,315 | INFO  | SCMAudit | user=jenkins1000 | ip=192.168.69.125 | op=SEND_HEARTBEAT {datanodeUUID=25ce0803-6f34-4c69-82c0-892f08679042, command=[]} | ret=SUCCESS |  
2019-08-24 07:08:05,363 | INFO  | SCMAudit | user=jenkins1000 | ip=192.168.69.125 | op=SEND_HEARTBEAT {datanodeUUID=06a4573b-67a1-41e3-a350-f896363bc636, command=[]} | ret=SUCCESS |  
2019-08-24 07:08:05,364 | INFO  | SCMAudit | user=jenkins1000 | ip=192.168.69.125 | op=SEND_HEARTBEAT {datanodeUUID=0b725bbf-683b-4664-9a2e-3c9dd6e38bc1, command=[]} | ret=SUCCESS |  
2019-08-24 07:08:05,365 | INFO  | SCMAudit | user=jenkins1000 | ip=192.168.69.125 | op=SEND_HEARTBEAT {datanodeUUID=9193e3b7-ae04-484d-a740-c65c11559486, command=[]} | ret=SUCCESS |  
2019-08-24 07:08:05,823 | INFO  | SCMAudit | user=jenkins1000 | ip=192.168.69.125 | op=SEND_HEARTBEAT {datanodeUUID=b8548da6-9cc6-46be-8dd4-5219531f5960, command=[]} | ret=SUCCESS |  
2019-08-24 07:08:06,316 | INFO  | SCMAudit | user=jenkins1000 | ip=192.168.69.125 | op=SEND_HEARTBEAT {datanodeUUID=25ce0803-6f34-4c69-82c0-892f08679042, command=[]} | ret=SUCCESS |  
2019-08-24 07:08:06,363 | INFO  | SCMAudit | user=jenkins1000 | ip=192.168.69.125 | op=SEND_HEARTBEAT {datanodeUUID=06a4573b-67a1-41e3-a350-f896363bc636, command=[]} | ret=SUCCESS |  
2019-08-24 07:08:06,364 | INFO  | SCMAudit | user=jenkins1000 | ip=192.168.69.125 | op=SEND_HEARTBEAT {datanodeUUID=0b725bbf-683b-4664-9a2e-3c9dd6e38bc1, command=[]} | ret=SUCCESS |  
2019-08-24 07:08:06,366 | INFO  | SCMAudit | user=jenkins1000 | ip=192.168.69.125 | op=SEND_HEARTBEAT {datanodeUUID=9193e3b7-ae04-484d-a740-c65c11559486, command=[]} | ret=SUCCESS |  
2019-08-24 07:08:06,823 | INFO  | SCMAudit | user=jenkins1000 | ip=192.168.69.125 | op=SEND_HEARTBEAT {datanodeUUID=b8548da6-9cc6-46be-8dd4-5219531f5960, command=[]} | ret=SUCCESS |  
2019-08-24 07:08:07,316 | INFO  | SCMAudit | user=jenkins1000 | ip=192.168.69.125 | op=SEND_HEARTBEAT {datanodeUUID=25ce0803-6f34-4c69-82c0-892f08679042, command=[]} | ret=SUCCESS |  
2019-08-24 07:08:07,364 | INFO  | SCMAudit | user=jenkins1000 | ip=192.168.69.125 | op=SEND_HEARTBEAT {datanodeUUID=06a4573b-67a1-41e3-a350-f896363bc636, command=[]} | ret=SUCCESS |  
2019-08-24 07:08:07,365 | INFO  | SCMAudit | user=jenkins1000 | ip=192.168.69.125 | op=SEND_HEARTBEAT {datanodeUUID=0b725bbf-683b-4664-9a2e-3c9dd6e38bc1, command=[]} | ret=SUCCESS |  
2019-08-24 07:08:07,365 | INFO  | SCMAudit | user=jenkins1000 | ip=192.168.69.125 | op=SEND_HEARTBEAT {datanodeUUID=9193e3b7-ae04-484d-a740-c65c11559486, command=[]} | ret=SUCCESS |  
2019-08-24 07:08:07,823 | INFO  | SCMAudit | user=jenkins1000 | ip=192.168.69.125 | op=SEND_HEARTBEAT {datanodeUUID=b8548da6-9cc6-46be-8dd4-5219531f5960, command=[]} | ret=SUCCESS |  
2019-08-24 07:08:08,316 | INFO  | SCMAudit | user=jenkins1000 | ip=192.168.69.125 | op=SEND_HEARTBEAT {datanodeUUID=25ce0803-6f34-4c69-82c0-892f08679042, command=[]} | ret=SUCCESS |  
2019-08-24 07:08:08,363 | INFO  | SCMAudit | user=jenkins1000 | ip=192.168.69.125 | op=SEND_HEARTBEAT {datanodeUUID=06a4573b-67a1-41e3-a350-f896363bc636, command=[]} | ret=SUCCESS |  
2019-08-24 07:08:08,364 | INFO  | SCMAudit | user=jenkins1000 | ip=192.168.69.125 | op=SEND_HEARTBEAT {datanodeUUID=0b725bbf-683b-4664-9a2e-3c9dd6e38bc1, command=[]} | ret=SUCCESS |  
2019-08-24 07:08:08,365 | INFO  | SCMAudit | user=jenkins1000 | ip=192.168.69.125 | op=SEND_HEARTBEAT {datanodeUUID=9193e3b7-ae04-484d-a740-c65c11559486, command=[]} | ret=SUCCESS |  
2019-08-24 07:08:08,824 | INFO  | SCMAudit | user=jenkins1000 | ip=192.168.69.125 | op=SEND_HEARTBEAT {datanodeUUID=b8548da6-9cc6-46be-8dd4-5219531f5960, command=[]} | ret=SUCCESS |  
2019-08-24 07:08:09,316 | INFO  | SCMAudit | user=jenkins1000 | ip=192.168.69.125 | op=SEND_HEARTBEAT {datanodeUUID=25ce0803-6f34-4c69-82c0-892f08679042, command=[]} | ret=SUCCESS |  
2019-08-24 07:08:09,364 | INFO  | SCMAudit | user=jenkins1000 | ip=192.168.69.125 | op=SEND_HEARTBEAT {datanodeUUID=06a4573b-67a1-41e3-a350-f896363bc636, command=[]} | ret=SUCCESS |  
2019-08-24 07:08:09,364 | INFO  | SCMAudit | user=jenkins1000 | ip=192.168.69.125 | op=SEND_HEARTBEAT {datanodeUUID=0b725bbf-683b-4664-9a2e-3c9dd6e38bc1, command=[]} | ret=SUCCESS |  
2019-08-24 07:08:09,365 | INFO  | SCMAudit | user=jenkins1000 | ip=192.168.69.125 | op=SEND_HEARTBEAT {datanodeUUID=9193e3b7-ae04-484d-a740-c65c11559486, command=[]} | ret=SUCCESS |  
2019-08-24 07:08:09,824 | INFO  | SCMAudit | user=jenkins1000 | ip=192.168.69.125 | op=SEND_HEARTBEAT {datanodeUUID=b8548da6-9cc6-46be-8dd4-5219531f5960, command=[]} | ret=SUCCESS |  
2019-08-24 07:08:10,316 | INFO  | SCMAudit | user=jenkins1000 | ip=192.168.69.125 | op=SEND_HEARTBEAT {datanodeUUID=25ce0803-6f34-4c69-82c0-892f08679042, command=[]} | ret=SUCCESS |  
2019-08-24 07:08:10,364 | INFO  | SCMAudit | user=jenkins1000 | ip=192.168.69.125 | op=SEND_HEARTBEAT {datanodeUUID=06a4573b-67a1-41e3-a350-f896363bc636, command=[]} | ret=SUCCESS |  
2019-08-24 07:08:10,365 | INFO  | SCMAudit | user=jenkins1000 | ip=192.168.69.125 | op=SEND_HEARTBEAT {datanodeUUID=0b725bbf-683b-4664-9a2e-3c9dd6e38bc1, command=[]} | ret=SUCCESS |  
2019-08-24 07:08:10,366 | INFO  | SCMAudit | user=jenkins1000 | ip=192.168.69.125 | op=SEND_HEARTBEAT {datanodeUUID=9193e3b7-ae04-484d-a740-c65c11559486, command=[]} | ret=SUCCESS |  
2019-08-24 07:08:10,825 | INFO  | SCMAudit | user=jenkins1000 | ip=192.168.69.125 | op=SEND_HEARTBEAT {datanodeUUID=b8548da6-9cc6-46be-8dd4-5219531f5960, command=[]} | ret=SUCCESS |  
2019-08-24 07:08:10,878 [main] INFO  freon.RandomKeyGenerator (RandomKeyGenerator.java:call(275)) - Number of Threads: 1
2019-08-24 07:08:10,878 [main] INFO  freon.RandomKeyGenerator (RandomKeyGenerator.java:call(280)) - Number of Volumes: 1.
2019-08-24 07:08:10,878 [main] INFO  freon.RandomKeyGenerator (RandomKeyGenerator.java:call(281)) - Number of Buckets per Volume: 1.
2019-08-24 07:08:10,879 [main] INFO  freon.RandomKeyGenerator (RandomKeyGenerator.java:call(282)) - Number of Keys per Bucket: 1.
2019-08-24 07:08:10,879 [main] INFO  freon.RandomKeyGenerator (RandomKeyGenerator.java:call(283)) - Key size: 2147483657 bytes
2019-08-24 07:08:10,879 [main] INFO  freon.RandomKeyGenerator (RandomKeyGenerator.java:call(284)) - Buffer size: 4096 bytes
2019-08-24 07:08:10,880 [pool-282-thread-1] INFO  rpc.RpcClient (RpcClient.java:createVolume(293)) - Creating Volume: vol-0-26988, with jenkins1000 as owner.
2019-08-24 07:08:10,880 [main] INFO  freon.RandomKeyGenerator (RandomKeyGenerator.java:call(298)) - Data validation is enabled.
2019-08-24 07:08:10,881 [main] INFO  freon.RandomKeyGenerator (RandomKeyGenerator.java:call(304)) - Starting progress bar Thread.

 0.00% |█                                                                                                    |  0/1 Time: 0:00:002019-08-24 07:08:10,885 | INFO  | OMAudit | user=jenkins1000 | ip=127.0.0.1 | op=CREATE_VOLUME {admin=jenkins1000, owner=jenkins1000, volume=vol-0-26988, creationTime=1566630490885, quotaInBytes=1152921504606846976} | ret=SUCCESS |  
2019-08-24 07:08:10,887 | INFO  | OMAudit | user=jenkins1000 | ip=127.0.0.1 | op=READ_VOLUME {volume=vol-0-26988} | ret=SUCCESS |  
2019-08-24 07:08:10,888 [pool-282-thread-1] INFO  rpc.RpcClient (RpcClient.java:createBucket(432)) - Creating Bucket: vol-0-26988/bucket-0-20739, with Versioning false and Storage Type set to DISK and Encryption set to false 
2019-08-24 07:08:10,890 | INFO  | OMAudit | user=jenkins1000 | ip=127.0.0.1 | op=CREATE_BUCKET {volume=vol-0-26988, bucket=bucket-0-20739, acls=[user:jenkins1000:a[ACCESS], group:default:a[ACCESS]], isVersionEnabled=false, storageType=DISK, creationTime=0} | ret=SUCCESS |  
2019-08-24 07:08:10,891 | INFO  | OMAudit | user=jenkins1000 | ip=127.0.0.1 | op=READ_BUCKET {volume=vol-0-26988, bucket=bucket-0-20739} | ret=SUCCESS |  
2019-08-24 07:08:10,910 | INFO  | SCMAudit | user=jenkins1000 | ip=192.168.69.125 | op=ALLOCATE_BLOCK {owner=61bacca8-15b6-4a50-8962-5e9786b18b0d, size=4194304, type=RATIS, factor=THREE} | ret=SUCCESS |  
2019-08-24 07:08:10,924 | INFO  | OMAudit | user=jenkins1000 | ip=127.0.0.1 | op=ALLOCATE_KEY {volume=vol-0-26988, bucket=bucket-0-20739, key=key-0-27353, dataSize=2147483657, replicationType=RATIS, replicationFactor=THREE, keyLocationInfo=null} | ret=SUCCESS |  
2019-08-24 07:08:10,974 [grpc-default-executor-5] INFO  client.GrpcClientProtocolClient (GrpcClientProtocolClient.java:onNext(255)) - client-6EDD19400D46->9193e3b7-ae04-484d-a740-c65c11559486: receive RaftClientReply:client-6EDD19400D46->9193e3b7-ae04-484d-a740-c65c11559486@group-757E3781CD2A, cid=600, FAILED org.apache.ratis.protocol.NotLeaderException: Server 9193e3b7-ae04-484d-a740-c65c11559486 is not the leader (06a4573b-67a1-41e3-a350-f896363bc636:192.168.69.125:37456). Request must be sent to leader., logIndex=0, commits[9193e3b7-ae04-484d-a740-c65c11559486:c703, 0b725bbf-683b-4664-9a2e-3c9dd6e38bc1:c703, 06a4573b-67a1-41e3-a350-f896363bc636:c703]
2019-08-24 07:08:11,000 | INFO  | DNAudit | user=null | ip=null | op=WRITE_CHUNK {blockData=conID: 3 locID: 102670695851622803 bcsId: 0} | ret=SUCCESS |  
2019-08-24 07:08:11,009 | INFO  | DNAudit | user=null | ip=null | op=WRITE_CHUNK {blockData=conID: 3 locID: 102670695851622803 bcsId: 0} | ret=SUCCESS |  
2019-08-24 07:08:11,010 | INFO  | DNAudit | user=null | ip=null | op=WRITE_CHUNK {blockData=conID: 3 locID: 102670695851622803 bcsId: 0} | ret=SUCCESS |  
2019-08-24 07:08:11,015 | INFO  | DNAudit | user=null | ip=null | op=WRITE_CHUNK {blockData=conID: 3 locID: 102670695851622803 bcsId: 0} | ret=SUCCESS |  
2019-08-24 07:08:11,020 [grpc-default-executor-1] INFO  client.GrpcClientProtocolClient (GrpcClientProtocolClient.java:onNext(255)) - client-6EDD19400D46->06a4573b-67a1-41e3-a350-f896363bc636: receive RaftClientReply:client-6EDD19400D46->06a4573b-67a1-41e3-a350-f896363bc636@group-757E3781CD2A, cid=600, SUCCESS, logIndex=704, commits[06a4573b-67a1-41e3-a350-f896363bc636:c704, 0b725bbf-683b-4664-9a2e-3c9dd6e38bc1:c703, 9193e3b7-ae04-484d-a740-c65c11559486:c703]
2019-08-24 07:08:11,027 | INFO  | DNAudit | user=null | ip=null | op=WRITE_CHUNK {blockData=conID: 3 locID: 102670695851622803 bcsId: 0} | ret=SUCCESS |  
2019-08-24 07:08:11,027 | INFO  | DNAudit | user=null | ip=null | op=WRITE_CHUNK {blockData=conID: 3 locID: 102670695851622803 bcsId: 0} | ret=SUCCESS |  
2019-08-24 07:08:11,035 | INFO  | DNAudit | user=null | ip=null | op=WRITE_CHUNK {blockData=conID: 3 locID: 102670695851622803 bcsId: 0} | ret=SUCCESS |  
2019-08-24 07:08:11,041 | INFO  | DNAudit | user=null | ip=null | op=PUT_BLOCK {blockData=[blockId=conID: 3 locID: 102670695851622803 bcsId: 0,size=1048576]} | ret=SUCCESS |  
2019-08-24 07:08:11,044 [grpc-default-executor-1] INFO  client.GrpcClientProtocolClient (GrpcClientProtocolClient.java:onNext(255)) - client-6EDD19400D46->06a4573b-67a1-41e3-a350-f896363bc636: receive RaftClientReply:client-6EDD19400D46->06a4573b-67a1-41e3-a350-f896363bc636@group-757E3781CD2A, cid=601, SUCCESS, logIndex=706, commits[06a4573b-67a1-41e3-a350-f896363bc636:c706, 0b725bbf-683b-4664-9a2e-3c9dd6e38bc1:c704, 9193e3b7-ae04-484d-a740-c65c11559486:c704]
2019-08-24 07:08:11,045 | INFO  | DNAudit | user=null | ip=null | op=WRITE_CHUNK {blockData=conID: 3 locID: 102670695851622803 bcsId: 0} | ret=SUCCESS |  
2019-08-24 07:08:11,046 | INFO  | DNAudit | user=null | ip=null | op=WRITE_CHUNK {blockData=conID: 3 locID: 102670695851622803 bcsId: 0} | ret=SUCCESS |  
2019-08-24 07:08:11,054 | INFO  | DNAudit | user=null | ip=null | op=PUT_BLOCK {blockData=[blockId=conID: 3 locID: 102670695851622803 bcsId: 0,size=1048576]} | ret=SUCCESS |  
2019-08-24 07:08:11,054 | INFO  | DNAudit | user=null | ip=null | op=PUT_BLOCK {blockData=[blockId=conID: 3 locID: 102670695851622803 bcsId: 0,size=1048576]} | ret=SUCCESS |  
2019-08-24 07:08:11,055 | INFO  | DNAudit | user=null | ip=null | op=WRITE_CHUNK {blockData=conID: 3 locID: 102670695851622803 bcsId: 0} | ret=SUCCESS |  
2019-08-24 07:08:11,055 | INFO  | DNAudit | user=null | ip=null | op=PUT_BLOCK {blockData=[blockId=conID: 3 locID: 102670695851622803 bcsId: 0,size=2097152]} | ret=SUCCESS |  
2019-08-24 07:08:11,056 [grpc-default-executor-0] INFO  client.GrpcClientProtocolClient (GrpcClientProtocolClient.java:onNext(255)) - client-6EDD19400D46->06a4573b-67a1-41e3-a350-f896363bc636: receive RaftClientReply:client-6EDD19400D46->06a4573b-67a1-41e3-a350-f896363bc636@group-757E3781CD2A, cid=602, SUCCESS, logIndex=707, commits[06a4573b-67a1-41e3-a350-f896363bc636:c709, 0b725bbf-683b-4664-9a2e-3c9dd6e38bc1:c706, 9193e3b7-ae04-484d-a740-c65c11559486:c706]
2019-08-24 07:08:11,057 [grpc-default-executor-0] INFO  client.GrpcClientProtocolClient (GrpcClientProtocolClient.java:onNext(255)) - client-6EDD19400D46->06a4573b-67a1-41e3-a350-f896363bc636: receive RaftClientReply:client-6EDD19400D46->06a4573b-67a1-41e3-a350-f896363bc636@group-757E3781CD2A, cid=603, SUCCESS, logIndex=708, commits[06a4573b-67a1-41e3-a350-f896363bc636:c709, 0b725bbf-683b-4664-9a2e-3c9dd6e38bc1:c706, 9193e3b7-ae04-484d-a740-c65c11559486:c706]
2019-08-24 07:08:11,066 | INFO  | DNAudit | user=null | ip=null | op=WRITE_CHUNK {blockData=conID: 3 locID: 102670695851622803 bcsId: 0} | ret=SUCCESS |  
2019-08-24 07:08:11,066 | INFO  | DNAudit | user=null | ip=null | op=WRITE_CHUNK {blockData=conID: 3 locID: 102670695851622803 bcsId: 0} | ret=SUCCESS |  
2019-08-24 07:08:11,066 | INFO  | DNAudit | user=null | ip=null | op=PUT_BLOCK {blockData=[blockId=conID: 3 locID: 102670695851622803 bcsId: 0,size=2097152]} | ret=SUCCESS |  
2019-08-24 07:08:11,067 | INFO  | DNAudit | user=null | ip=null | op=PUT_BLOCK {blockData=[blockId=conID: 3 locID: 102670695851622803 bcsId: 0,size=2097152]} | ret=SUCCESS |  
2019-08-24 07:08:11,071 | INFO  | DNAudit | user=null | ip=null | op=WRITE_CHUNK {blockData=conID: 3 locID: 102670695851622803 bcsId: 708} | ret=SUCCESS |  
2019-08-24 07:08:11,076 | INFO  | DNAudit | user=null | ip=null | op=WRITE_CHUNK {blockData=conID: 3 locID: 102670695851622803 bcsId: 708} | ret=SUCCESS |  
2019-08-24 07:08:11,078 | INFO  | DNAudit | user=null | ip=null | op=WRITE_CHUNK {blockData=conID: 3 locID: 102670695851622803 bcsId: 708} | ret=SUCCESS |  
2019-08-24 07:08:11,084 | INFO  | DNAudit | user=null | ip=null | op=WRITE_CHUNK {blockData=conID: 3 locID: 102670695851622803 bcsId: 708} | ret=SUCCESS |  
2019-08-24 07:08:11,084 | INFO  | DNAudit | user=null | ip=null | op=PUT_BLOCK {blockData=[blockId=conID: 3 locID: 102670695851622803 bcsId: 0,size=3145728]} | ret=SUCCESS |  
2019-08-24 07:08:11,087 [grpc-default-executor-5] INFO  client.GrpcClientProtocolClient (GrpcClientProtocolClient.java:onNext(255)) - client-6EDD19400D46->06a4573b-67a1-41e3-a350-f896363bc636: receive RaftClientReply:client-6EDD19400D46->06a4573b-67a1-41e3-a350-f896363bc636@group-757E3781CD2A, cid=604, SUCCESS, logIndex=712, commits[06a4573b-67a1-41e3-a350-f896363bc636:c713, 0b725bbf-683b-4664-9a2e-3c9dd6e38bc1:c710, 9193e3b7-ae04-484d-a740-c65c11559486:c710]
2019-08-24 07:08:11,087 [grpc-default-executor-5] INFO  client.GrpcClientProtocolClient (GrpcClientProtocolClient.java:onNext(255)) - client-6EDD19400D46->06a4573b-67a1-41e3-a350-f896363bc636: receive RaftClientReply:client-6EDD19400D46->06a4573b-67a1-41e3-a350-f896363bc636@group-757E3781CD2A, cid=605, SUCCESS, logIndex=713, commits[06a4573b-67a1-41e3-a350-f896363bc636:c713, 0b725bbf-683b-4664-9a2e-3c9dd6e38bc1:c710, 9193e3b7-ae04-484d-a740-c65c11559486:c710]
2019-08-24 07:08:11,094 | INFO  | DNAudit | user=null | ip=null | op=WRITE_CHUNK {blockData=conID: 3 locID: 102670695851622803 bcsId: 708} | ret=SUCCESS |  
2019-08-24 07:08:11,094 | INFO  | DNAudit | user=null | ip=null | op=WRITE_CHUNK {blockData=conID: 3 locID: 102670695851622803 bcsId: 708} | ret=SUCCESS |  
2019-08-24 07:08:11,097 | INFO  | DNAudit | user=null | ip=null | op=PUT_BLOCK {blockData=[blockId=conID: 3 locID: 102670695851622803 bcsId: 0,size=3145728]} | ret=SUCCESS |  
2019-08-24 07:08:11,097 | INFO  | DNAudit | user=null | ip=null | op=PUT_BLOCK {blockData=[blockId=conID: 3 locID: 102670695851622803 bcsId: 0,size=3145728]} | ret=SUCCESS |  
2019-08-24 07:08:11,099 | INFO  | DNAudit | user=null | ip=null | op=WRITE_CHUNK {blockData=conID: 3 locID: 102670695851622803 bcsId: 713} | ret=SUCCESS |  
2019-08-24 07:08:11,106 | INFO  | DNAudit | user=null | ip=null | op=WRITE_CHUNK {blockData=conID: 3 locID: 102670695851622803 bcsId: 713} | ret=SUCCESS |  
2019-08-24 07:08:11,106 | INFO  | DNAudit | user=null | ip=null | op=WRITE_CHUNK {blockData=conID: 3 locID: 102670695851622803 bcsId: 713} | ret=SUCCESS |  
2019-08-24 07:08:11,110 | INFO  | DNAudit | user=null | ip=null | op=WRITE_CHUNK {blockData=conID: 3 locID: 102670695851622803 bcsId: 713} | ret=SUCCESS |  
2019-08-24 07:08:11,111 | INFO  | DNAudit | user=null | ip=null | op=PUT_BLOCK {blockData=[blockId=conID: 3 locID: 102670695851622803 bcsId: 0,size=4194304]} | ret=SUCCESS |  
2019-08-24 07:08:11,113 [grpc-default-executor-5] INFO  client.GrpcClientProtocolClient (GrpcClientProtocolClient.java:onNext(255)) - client-6EDD19400D46->06a4573b-67a1-41e3-a350-f896363bc636: receive RaftClientReply:client-6EDD19400D46->06a4573b-67a1-41e3-a350-f896363bc636@group-757E3781CD2A, cid=606, SUCCESS, logIndex=716, commits[06a4573b-67a1-41e3-a350-f896363bc636:c717, 0b725bbf-683b-4664-9a2e-3c9dd6e38bc1:c714, 9193e3b7-ae04-484d-a740-c65c11559486:c715]
2019-08-24 07:08:11,115 [grpc-default-executor-5] INFO  client.GrpcClientProtocolClient (GrpcClientProtocolClient.java:onNext(255)) - client-6EDD19400D46->06a4573b-67a1-41e3-a350-f896363bc636: receive RaftClientReply:client-6EDD19400D46->06a4573b-67a1-41e3-a350-f896363bc636@group-757E3781CD2A, cid=607, SUCCESS, logIndex=717, commits[06a4573b-67a1-41e3-a350-f896363bc636:c717, 0b725bbf-683b-4664-9a2e-3c9dd6e38bc1:c714, 9193e3b7-ae04-484d-a740-c65c11559486:c715]
2019-08-24 07:08:11,122 | INFO  | DNAudit | user=null | ip=null | op=WRITE_CHUNK {blockData=conID: 3 locID: 102670695851622803 bcsId: 713} | ret=SUCCESS |  
2019-08-24 07:08:11,122 | INFO  | DNAudit | user=null | ip=null | op=WRITE_CHUNK {blockData=conID: 3 locID: 102670695851622803 bcsId: 713} | ret=SUCCESS |  
2019-08-24 07:08:11,132 | INFO  | DNAudit | user=null | ip=null | op=PUT_BLOCK {blockData=[blockId=conID: 3 locID: 102670695851622803 bcsId: 0,size=4194304]} | ret=SUCCESS |  
2019-08-24 07:08:11,132 | INFO  | DNAudit | user=null | ip=null | op=PUT_BLOCK {blockData=[blockId=conID: 3 locID: 102670695851622803 bcsId: 0,size=4194304]} | ret=SUCCESS |  
2019-08-24 07:08:11,135 [grpc-default-executor-5] INFO  client.GrpcClientProtocolClient (GrpcClientProtocolClient.java:onNext(255)) - client-6EDD19400D46->06a4573b-67a1-41e3-a350-f896363bc636: receive RaftClientReply:client-6EDD19400D46->06a4573b-67a1-41e3-a350-f896363bc636@group-757E3781CD2A, cid=608, SUCCESS, logIndex=0, commits[06a4573b-67a1-41e3-a350-f896363bc636:c719, 0b725bbf-683b-4664-9a2e-3c9dd6e38bc1:c717, 9193e3b7-ae04-484d-a740-c65c11559486:c717]
2019-08-24 07:08:11,149 | INFO  | DNAudit | user=null | ip=null | op=WRITE_CHUNK {blockData=conID: 1 locID: 102670695851622804 bcsId: 0} | ret=SUCCESS |  
2019-08-24 07:08:11,155 | INFO  | DNAudit | user=null | ip=null | op=WRITE_CHUNK {blockData=conID: 1 locID: 102670695851622804 bcsId: 0} | ret=SUCCESS |  
2019-08-24 07:08:11,156 | INFO  | DNAudit | user=null | ip=null | op=WRITE_CHUNK {blockData=conID: 1 locID: 102670695851622804 bcsId: 0} | ret=SUCCESS |  
2019-08-24 07:08:11,156 | INFO  | DNAudit | user=null | ip=null | op=WRITE_CHUNK {blockData=conID: 1 locID: 102670695851622804 bcsId: 0} | ret=SUCCESS |  
2019-08-24 07:08:11,161 | INFO  | DNAudit | user=null | ip=null | op=WRITE_CHUNK {blockData=conID: 1 locID: 102670695851622804 bcsId: 0} | ret=SUCCESS |  
2019-08-24 07:08:11,162 | INFO  | DNAudit | user=null | ip=null | op=WRITE_CHUNK {blockData=conID: 1 locID: 102670695851622804 bcsId: 0} | ret=SUCCESS |  
2019-08-24 07:08:11,162 | INFO  | DNAudit | user=null | ip=null | op=WRITE_CHUNK {blockData=conID: 1 locID: 102670695851622804 bcsId: 0} | ret=SUCCESS |  
2019-08-24 07:08:11,163 | INFO  | DNAudit | user=null | ip=null | op=PUT_BLOCK {blockData=[blockId=conID: 1 locID: 102670695851622804 bcsId: 0,size=1048576]} | ret=SUCCESS |  
2019-08-24 07:08:11,163 [grpc-default-executor-1] INFO  client.GrpcClientProtocolClient (GrpcClientProtocolClient.java:onNext(255)) - client-6EDD19400D46->06a4573b-67a1-41e3-a350-f896363bc636: receive RaftClientReply:client-6EDD19400D46->06a4573b-67a1-41e3-a350-f896363bc636@group-757E3781CD2A, cid=609, SUCCESS, logIndex=720, commits[06a4573b-67a1-41e3-a350-f896363bc636:c721, 0b725bbf-683b-4664-9a2e-3c9dd6e38bc1:c719, 9193e3b7-ae04-484d-a740-c65c11559486:c719]
2019-08-24 07:08:11,164 [grpc-default-executor-1] INFO  client.GrpcClientProtocolClient (GrpcClientProtocolClient.java:onNext(255)) - client-6EDD19400D46->06a4573b-67a1-41e3-a350-f896363bc636: receive RaftClientReply:client-6EDD19400D46->06a4573b-67a1-41e3-a350-f896363bc636@group-757E3781CD2A, cid=610, SUCCESS, logIndex=721, commits[06a4573b-67a1-41e3-a350-f896363bc636:c721, 0b725bbf-683b-4664-9a2e-3c9dd6e38bc1:c719, 9193e3b7-ae04-484d-a740-c65c11559486:c719]
2019-08-24 07:08:11,172 | INFO  | DNAudit | user=null | ip=null | op=WRITE_CHUNK {blockData=conID: 1 locID: 102670695851622804 bcsId: 0} | ret=SUCCESS |  
2019-08-24 07:08:11,173 | INFO  | DNAudit | user=null | ip=null | op=PUT_BLOCK {blockData=[blockId=conID: 1 locID: 102670695851622804 bcsId: 0,size=2097152]} | ret=SUCCESS |  
2019-08-24 07:08:11,173 [grpc-default-executor-1] INFO  client.GrpcClientProtocolClient (GrpcClientProtocolClient.java:onNext(255)) - client-6EDD19400D46->06a4573b-67a1-41e3-a350-f896363bc636: receive RaftClientReply:client-6EDD19400D46->06a4573b-67a1-41e3-a350-f896363bc636@group-757E3781CD2A, cid=611, SUCCESS, logIndex=722, commits[06a4573b-67a1-41e3-a350-f896363bc636:c723, 0b725bbf-683b-4664-9a2e-3c9dd6e38bc1:c719, 9193e3b7-ae04-484d-a740-c65c11559486:c719]
2019-08-24 07:08:11,173 [grpc-default-executor-1] INFO  client.GrpcClientProtocolClient (GrpcClientProtocolClient.java:onNext(255)) - client-6EDD19400D46->06a4573b-67a1-41e3-a350-f896363bc636: receive RaftClientReply:client-6EDD19400D46->06a4573b-67a1-41e3-a350-f896363bc636@group-757E3781CD2A, cid=612, SUCCESS, logIndex=723, commits[06a4573b-67a1-41e3-a350-f896363bc636:c723, 0b725bbf-683b-4664-9a2e-3c9dd6e38bc1:c719, 9193e3b7-ae04-484d-a740-c65c11559486:c719]
2019-08-24 07:08:11,180 | INFO  | DNAudit | user=null | ip=null | op=WRITE_CHUNK {blockData=conID: 1 locID: 102670695851622804 bcsId: 0} | ret=SUCCESS |  
2019-08-24 07:08:11,180 | INFO  | DNAudit | user=null | ip=null | op=PUT_BLOCK {blockData=[blockId=conID: 1 locID: 102670695851622804 bcsId: 0,size=1048576]} | ret=SUCCESS |  
2019-08-24 07:08:11,189 | INFO  | DNAudit | user=null | ip=null | op=WRITE_CHUNK {blockData=conID: 1 locID: 102670695851622804 bcsId: 0} | ret=SUCCESS |  
2019-08-24 07:08:11,189 | INFO  | DNAudit | user=null | ip=null | op=WRITE_CHUNK {blockData=conID: 1 locID: 102670695851622804 bcsId: 0} | ret=SUCCESS |  
2019-08-24 07:08:11,190 | INFO  | DNAudit | user=null | ip=null | op=PUT_BLOCK {blockData=[blockId=conID: 1 locID: 102670695851622804 bcsId: 0,size=2097152]} | ret=SUCCESS |  
2019-08-24 07:08:11,190 | INFO  | DNAudit | user=null | ip=null | op=PUT_BLOCK {blockData=[blockId=conID: 1 locID: 102670695851622804 bcsId: 0,size=1048576]} | ret=SUCCESS |  
2019-08-24 07:08:11,190 | INFO  | DNAudit | user=null | ip=null | op=WRITE_CHUNK {blockData=conID: 1 locID: 102670695851622804 bcsId: 0} | ret=SUCCESS |  
2019-08-24 07:08:11,191 | INFO  | DNAudit | user=null | ip=null | op=PUT_BLOCK {blockData=[blockId=conID: 1 locID: 102670695851622804 bcsId: 0,size=2097152]} | ret=SUCCESS |  
2019-08-24 07:08:11,191 [grpc-default-executor-5] INFO  client.GrpcClientProtocolClient (GrpcClientProtocolClient.java:onNext(255)) - client-6EDD19400D46->06a4573b-67a1-41e3-a350-f896363bc636: receive RaftClientReply:client-6EDD19400D46->06a4573b-67a1-41e3-a350-f896363bc636@group-757E3781CD2A, cid=613, SUCCESS, logIndex=0, commits[06a4573b-67a1-41e3-a350-f896363bc636:c725, 0b725bbf-683b-4664-9a2e-3c9dd6e38bc1:c723, 9193e3b7-ae04-484d-a740-c65c11559486:c721]
2019-08-24 07:08:11,200 | INFO  | DNAudit | user=null | ip=null | op=WRITE_CHUNK {blockData=conID: 1 locID: 102670695851622804 bcsId: 723} | ret=SUCCESS |  
2019-08-24 07:08:11,205 | INFO  | DNAudit | user=null | ip=null | op=WRITE_CHUNK {blockData=conID: 1 locID: 102670695851622804 bcsId: 723} | ret=SUCCESS |  
2019-08-24 07:08:11,206 | INFO  | DNAudit | user=null | ip=null | op=WRITE_CHUNK {blockData=conID: 1 locID: 102670695851622804 bcsId: 723} | ret=SUCCESS |  
2019-08-24 07:08:11,212 | INFO  | DNAudit | user=null | ip=null | op=WRITE_CHUNK {blockData=conID: 1 locID: 102670695851622804 bcsId: 723} | ret=SUCCESS |  
2019-08-24 07:08:11,213 | INFO  | DNAudit | user=null | ip=null | op=PUT_BLOCK {blockData=[blockId=conID: 1 locID: 102670695851622804 bcsId: 0,size=3145728]} | ret=SUCCESS |  
2019-08-24 07:08:11,213 [grpc-default-executor-5] INFO  client.GrpcClientProtocolClient (GrpcClientProtocolClient.java:onNext(255)) - client-6EDD19400D46->06a4573b-67a1-41e3-a350-f896363bc636: receive RaftClientReply:client-6EDD19400D46->06a4573b-67a1-41e3-a350-f896363bc636@group-757E3781CD2A, cid=614, SUCCESS, logIndex=728, commits[06a4573b-67a1-41e3-a350-f896363bc636:c729, 0b725bbf-683b-4664-9a2e-3c9dd6e38bc1:c727, 9193e3b7-ae04-484d-a740-c65c11559486:c727]
2019-08-24 07:08:11,214 [grpc-default-executor-5] INFO  client.GrpcClientProtocolClient (GrpcClientProtocolClient.java:onNext(255)) - client-6EDD19400D46->06a4573b-67a1-41e3-a350-f896363bc636: receive RaftClientReply:client-6EDD19400D46->06a4573b-67a1-41e3-a350-f896363bc636@group-757E3781CD2A, cid=615, SUCCESS, logIndex=729, commits[06a4573b-67a1-41e3-a350-f896363bc636:c729, 0b725bbf-683b-4664-9a2e-3c9dd6e38bc1:c727, 9193e3b7-ae04-484d-a740-c65c11559486:c727]
2019-08-24 07:08:11,222 | INFO  | DNAudit | user=null | ip=null | op=WRITE_CHUNK {blockData=conID: 1 locID: 102670695851622804 bcsId: 729} | ret=SUCCESS |  
2019-08-24 07:08:11,224 | INFO  | DNAudit | user=null | ip=null | op=WRITE_CHUNK {blockData=conID: 1 locID: 102670695851622804 bcsId: 723} | ret=SUCCESS |  
2019-08-24 07:08:11,224 | INFO  | DNAudit | user=null | ip=null | op=WRITE_CHUNK {blockData=conID: 1 locID: 102670695851622804 bcsId: 723} | ret=SUCCESS |  
2019-08-24 07:08:11,225 | INFO  | DNAudit | user=null | ip=null | op=PUT_BLOCK {blockData=[blockId=conID: 1 locID: 102670695851622804 bcsId: 0,size=3145728]} | ret=SUCCESS |  
2019-08-24 07:08:11,227 | INFO  | DNAudit | user=null | ip=null | op=WRITE_CHUNK {blockData=conID: 1 locID: 102670695851622804 bcsId: 729} | ret=SUCCESS |  
2019-08-24 07:08:11,227 | INFO  | DNAudit | user=null | ip=null | op=WRITE_CHUNK {blockData=conID: 1 locID: 102670695851622804 bcsId: 729} | ret=SUCCESS |  
2019-08-24 07:08:11,234 | INFO  | DNAudit | user=null | ip=null | op=PUT_BLOCK {blockData=[blockId=conID: 1 locID: 102670695851622804 bcsId: 0,size=3145728]} | ret=SUCCESS |  
2019-08-24 07:08:11,235 | INFO  | DNAudit | user=null | ip=null | op=WRITE_CHUNK {blockData=conID: 1 locID: 102670695851622804 bcsId: 729} | ret=SUCCESS |  
2019-08-24 07:08:11,236 | INFO  | DNAudit | user=null | ip=null | op=PUT_BLOCK {blockData=[blockId=conID: 1 locID: 102670695851622804 bcsId: 0,size=4194304]} | ret=SUCCESS |  
2019-08-24 07:08:11,236 [grpc-default-executor-1] INFO  client.GrpcClientProtocolClient (GrpcClientProtocolClient.java:onNext(255)) - client-6EDD19400D46->06a4573b-67a1-41e3-a350-f896363bc636: receive RaftClientReply:client-6EDD19400D46->06a4573b-67a1-41e3-a350-f896363bc636@group-757E3781CD2A, cid=616, SUCCESS, logIndex=732, commits[06a4573b-67a1-41e3-a350-f896363bc636:c733, 0b725bbf-683b-4664-9a2e-3c9dd6e38bc1:c729, 9193e3b7-ae04-484d-a740-c65c11559486:c729]
2019-08-24 07:08:11,237 [grpc-default-executor-1] INFO  client.GrpcClientProtocolClient (GrpcClientProtocolClient.java:onNext(255)) - client-6EDD19400D46->06a4573b-67a1-41e3-a350-f896363bc636: receive RaftClientReply:client-6EDD19400D46->06a4573b-67a1-41e3-a350-f896363bc636@group-757E3781CD2A, cid=617, SUCCESS, logIndex=733, commits[06a4573b-67a1-41e3-a350-f896363bc636:c733, 0b725bbf-683b-4664-9a2e-3c9dd6e38bc1:c729, 9193e3b7-ae04-484d-a740-c65c11559486:c729]
2019-08-24 07:08:11,247 | INFO  | DNAudit | user=null | ip=null | op=WRITE_CHUNK {blockData=conID: 1 locID: 102670695851622804 bcsId: 729} | ret=SUCCESS |  
2019-08-24 07:08:11,247 | INFO  | DNAudit | user=null | ip=null | op=WRITE_CHUNK {blockData=conID: 1 locID: 102670695851622804 bcsId: 729} | ret=SUCCESS |  
2019-08-24 07:08:11,258 | INFO  | DNAudit | user=null | ip=null | op=PUT_BLOCK {blockData=[blockId=conID: 1 locID: 102670695851622804 bcsId: 0,size=4194304]} | ret=SUCCESS |  
2019-08-24 07:08:11,259 | INFO  | DNAudit | user=null | ip=null | op=PUT_BLOCK {blockData=[blockId=conID: 1 locID: 102670695851622804 bcsId: 0,size=4194304]} | ret=SUCCESS |  
2019-08-24 07:08:11,260 [grpc-default-executor-0] INFO  client.GrpcClientProtocolClient (GrpcClientProtocolClient.java:onNext(255)) - client-6EDD19400D46->06a4573b-67a1-41e3-a350-f896363bc636: receive RaftClientReply:client-6EDD19400D46->06a4573b-67a1-41e3-a350-f896363bc636@group-757E3781CD2A, cid=618, SUCCESS, logIndex=0, commits[06a4573b-67a1-41e3-a350-f896363bc636:c735, 0b725bbf-683b-4664-9a2e-3c9dd6e38bc1:c733, 9193e3b7-ae04-484d-a740-c65c11559486:c733]
2019-08-24 07:08:11,269 | INFO  | DNAudit | user=null | ip=null | op=WRITE_CHUNK {blockData=conID: 2 locID: 102670695851622805 bcsId: 0} | ret=SUCCESS |  
2019-08-24 07:08:11,271 | INFO  | DNAudit | user=null | ip=null | op=WRITE_CHUNK {blockData=conID: 2 locID: 102670695851622805 bcsId: 0} | ret=SUCCESS |  
2019-08-24 07:08:11,274 | INFO  | DNAudit | user=null | ip=null | op=WRITE_CHUNK {blockData=conID: 2 locID: 102670695851622805 bcsId: 0} | ret=SUCCESS |  
2019-08-24 07:08:11,274 | INFO  | DNAudit | user=null | ip=null | op=WRITE_CHUNK {blockData=conID: 2 locID: 102670695851622805 bcsId: 0} | ret=SUCCESS |  
2019-08-24 07:08:11,277 | INFO  | DNAudit | user=null | ip=null | op=WRITE_CHUNK {blockData=conID: 2 locID: 102670695851622805 bcsId: 0} | ret=SUCCESS |  
2019-08-24 07:08:11,278 | INFO  | DNAudit | user=null | ip=null | op=WRITE_CHUNK {blockData=conID: 2 locID: 102670695851622805 bcsId: 0} | ret=SUCCESS |  
2019-08-24 07:08:11,309 | INFO  | DNAudit | user=null | ip=null | op=WRITE_CHUNK {blockData=conID: 2 locID: 102670695851622805 bcsId: 0} | ret=SUCCESS |  
2019-08-24 07:08:11,310 | INFO  | DNAudit | user=null | ip=null | op=PUT_BLOCK {blockData=[blockId=conID: 2 locID: 102670695851622805 bcsId: 0,size=1048576]} | ret=SUCCESS |  
2019-08-24 07:08:11,310 [grpc-default-executor-1] INFO  client.GrpcClientProtocolClient (GrpcClientProtocolClient.java:onNext(255)) - client-6EDD19400D46->06a4573b-67a1-41e3-a350-f896363bc636: receive RaftClientReply:client-6EDD19400D46->06a4573b-67a1-41e3-a350-f896363bc636@group-757E3781CD2A, cid=619, SUCCESS, logIndex=736, commits[06a4573b-67a1-41e3-a350-f896363bc636:c739, 0b725bbf-683b-4664-9a2e-3c9dd6e38bc1:c735, 9193e3b7-ae04-484d-a740-c65c11559486:c735]
2019-08-24 07:08:11,311 | INFO  | DNAudit | user=null | ip=null | op=WRITE_CHUNK {blockData=conID: 2 locID: 102670695851622805 bcsId: 0} | ret=SUCCESS |  
2019-08-24 07:08:11,311 | INFO  | DNAudit | user=null | ip=null | op=PUT_BLOCK {blockData=[blockId=conID: 2 locID: 102670695851622805 bcsId: 0,size=2097152]} | ret=SUCCESS |  
2019-08-24 07:08:11,311 [grpc-default-executor-1] INFO  client.GrpcClientProtocolClient (GrpcClientProtocolClient.java:onNext(255)) - client-6EDD19400D46->06a4573b-67a1-41e3-a350-f896363bc636: receive RaftClientReply:client-6EDD19400D46->06a4573b-67a1-41e3-a350-f896363bc636@group-757E3781CD2A, cid=620, SUCCESS, logIndex=737, commits[06a4573b-67a1-41e3-a350-f896363bc636:c739, 0b725bbf-683b-4664-9a2e-3c9dd6e38bc1:c735, 9193e3b7-ae04-484d-a740-c65c11559486:c735]
2019-08-24 07:08:11,312 [grpc-default-executor-1] INFO  client.GrpcClientProtocolClient (GrpcClientProtocolClient.java:onNext(255)) - client-6EDD19400D46->06a4573b-67a1-41e3-a350-f896363bc636: receive RaftClientReply:client-6EDD19400D46->06a4573b-67a1-41e3-a350-f896363bc636@group-757E3781CD2A, cid=621, SUCCESS, logIndex=738, commits[06a4573b-67a1-41e3-a350-f896363bc636:c739, 0b725bbf-683b-4664-9a2e-3c9dd6e38bc1:c735, 9193e3b7-ae04-484d-a740-c65c11559486:c735]
2019-08-24 07:08:11,313 [grpc-default-executor-1] INFO  client.GrpcClientProtocolClient (GrpcClientProtocolClient.java:onNext(255)) - client-6EDD19400D46->06a4573b-67a1-41e3-a350-f896363bc636: receive RaftClientReply:client-6EDD19400D46->06a4573b-67a1-41e3-a350-f896363bc636@group-757E3781CD2A, cid=622, SUCCESS, logIndex=739, commits[06a4573b-67a1-41e3-a350-f896363bc636:c739, 0b725bbf-683b-4664-9a2e-3c9dd6e38bc1:c735, 9193e3b7-ae04-484d-a740-c65c11559486:c735]
2019-08-24 07:08:11,315 | INFO  | SCMAudit | user=jenkins1000 | ip=192.168.69.125 | op=SEND_HEARTBEAT {datanodeUUID=25ce0803-6f34-4c69-82c0-892f08679042, command=[]} | ret=SUCCESS |  
2019-08-24 07:08:11,321 | INFO  | DNAudit | user=null | ip=null | op=WRITE_CHUNK {blockData=conID: 2 locID: 102670695851622805 bcsId: 0} | ret=SUCCESS |  
2019-08-24 07:08:11,321 | INFO  | DNAudit | user=null | ip=null | op=WRITE_CHUNK {blockData=conID: 2 locID: 102670695851622805 bcsId: 0} | ret=SUCCESS |  
2019-08-24 07:08:11,321 | INFO  | DNAudit | user=null | ip=null | op=PUT_BLOCK {blockData=[blockId=conID: 2 locID: 102670695851622805 bcsId: 0,size=1048576]} | ret=SUCCESS |  
2019-08-24 07:08:11,321 | INFO  | DNAudit | user=null | ip=null | op=PUT_BLOCK {blockData=[blockId=conID: 2 locID: 102670695851622805 bcsId: 0,size=1048576]} | ret=SUCCESS |  
2019-08-24 07:08:11,322 [grpc-default-executor-5] INFO  client.GrpcClientProtocolClient (GrpcClientProtocolClient.java:onNext(255)) - client-6EDD19400D46->06a4573b-67a1-41e3-a350-f896363bc636: receive RaftClientReply:client-6EDD19400D46->06a4573b-67a1-41e3-a350-f896363bc636@group-757E3781CD2A, cid=623, SUCCESS, logIndex=0, commits[06a4573b-67a1-41e3-a350-f896363bc636:c739, 0b725bbf-683b-4664-9a2e-3c9dd6e38bc1:c737, 9193e3b7-ae04-484d-a740-c65c11559486:c737]
2019-08-24 07:08:11,323 | INFO  | DNAudit | user=null | ip=null | op=WRITE_CHUNK {blockData=conID: 2 locID: 102670695851622805 bcsId: 0} | ret=SUCCESS |  
2019-08-24 07:08:11,323 | INFO  | DNAudit | user=null | ip=null | op=WRITE_CHUNK {blockData=conID: 2 locID: 102670695851622805 bcsId: 0} | ret=SUCCESS |  
2019-08-24 07:08:11,324 | INFO  | DNAudit | user=null | ip=null | op=PUT_BLOCK {blockData=[blockId=conID: 2 locID: 102670695851622805 bcsId: 0,size=2097152]} | ret=SUCCESS |  
2019-08-24 07:08:11,324 | INFO  | DNAudit | user=null | ip=null | op=PUT_BLOCK {blockData=[blockId=conID: 2 locID: 102670695851622805 bcsId: 0,size=2097152]} | ret=SUCCESS |  
2019-08-24 07:08:11,334 | INFO  | DNAudit | user=null | ip=null | op=WRITE_CHUNK {blockData=conID: 2 locID: 102670695851622805 bcsId: 739} | ret=SUCCESS |  
2019-08-24 07:08:11,340 | INFO  | DNAudit | user=null | ip=null | op=WRITE_CHUNK {blockData=conID: 2 locID: 102670695851622805 bcsId: 739} | ret=SUCCESS |  
2019-08-24 07:08:11,340 | INFO  | DNAudit | user=null | ip=null | op=WRITE_CHUNK {blockData=conID: 2 locID: 102670695851622805 bcsId: 739} | ret=SUCCESS |  
2019-08-24 07:08:11,348 | INFO  | DNAudit | user=null | ip=null | op=WRITE_CHUNK {blockData=conID: 2 locID: 102670695851622805 bcsId: 739} | ret=SUCCESS |  
2019-08-24 07:08:11,349 | INFO  | DNAudit | user=null | ip=null | op=PUT_BLOCK {blockData=[blockId=conID: 2 locID: 102670695851622805 bcsId: 0,size=3145728]} | ret=SUCCESS |  
2019-08-24 07:08:11,349 [grpc-default-executor-1] INFO  client.GrpcClientProtocolClient (GrpcClientProtocolClient.java:onNext(255)) - client-6EDD19400D46->06a4573b-67a1-41e3-a350-f896363bc636: receive RaftClientReply:client-6EDD19400D46->06a4573b-67a1-41e3-a350-f896363bc636@group-757E3781CD2A, cid=624, SUCCESS, logIndex=744, commits[06a4573b-67a1-41e3-a350-f896363bc636:c745, 0b725bbf-683b-4664-9a2e-3c9dd6e38bc1:c743, 9193e3b7-ae04-484d-a740-c65c11559486:c743]
2019-08-24 07:08:11,350 [grpc-default-executor-1] INFO  client.GrpcClientProtocolClient (GrpcClientProtocolClient.java:onNext(255)) - client-6EDD19400D46->06a4573b-67a1-41e3-a350-f896363bc636: receive RaftClientReply:client-6EDD19400D46->06a4573b-67a1-41e3-a350-f896363bc636@group-757E3781CD2A, cid=625, SUCCESS, logIndex=745, commits[06a4573b-67a1-41e3-a350-f896363bc636:c745, 0b725bbf-683b-4664-9a2e-3c9dd6e38bc1:c743, 9193e3b7-ae04-484d-a740-c65c11559486:c743]
2019-08-24 07:08:11,360 | INFO  | DNAudit | user=null | ip=null | op=WRITE_CHUNK {blockData=conID: 2 locID: 102670695851622805 bcsId: 739} | ret=SUCCESS |  
2019-08-24 07:08:11,360 | INFO  | DNAudit | user=null | ip=null | op=WRITE_CHUNK {blockData=conID: 2 locID: 102670695851622805 bcsId: 739} | ret=SUCCESS |  
2019-08-24 07:08:11,360 | INFO  | DNAudit | user=null | ip=null | op=PUT_BLOCK {blockData=[blockId=conID: 2 locID: 102670695851622805 bcsId: 0,size=3145728]} | ret=SUCCESS |  
2019-08-24 07:08:11,361 | INFO  | DNAudit | user=null | ip=null | op=WRITE_CHUNK {blockData=conID: 2 locID: 102670695851622805 bcsId: 745} | ret=SUCCESS |  
2019-08-24 07:08:11,361 | INFO  | DNAudit | user=null | ip=null | op=PUT_BLOCK {blockData=[blockId=conID: 2 locID: 102670695851622805 bcsId: 0,size=3145728]} | ret=SUCCESS |  
2019-08-24 07:08:11,364 | INFO  | SCMAudit | user=jenkins1000 | ip=192.168.69.125 | op=SEND_HEARTBEAT {datanodeUUID=06a4573b-67a1-41e3-a350-f896363bc636, command=[]} | ret=SUCCESS |  
2019-08-24 07:08:11,364 | INFO  | SCMAudit | user=jenkins1000 | ip=192.168.69.125 | op=SEND_HEARTBEAT {datanodeUUID=0b725bbf-683b-4664-9a2e-3c9dd6e38bc1, command=[]} | ret=SUCCESS |  
2019-08-24 07:08:11,366 | INFO  | SCMAudit | user=jenkins1000 | ip=192.168.69.125 | op=SEND_HEARTBEAT {datanodeUUID=9193e3b7-ae04-484d-a740-c65c11559486, command=[]} | ret=SUCCESS |  
2019-08-24 07:08:11,367 | INFO  | DNAudit | user=null | ip=null | op=WRITE_CHUNK {blockData=conID: 2 locID: 102670695851622805 bcsId: 745} | ret=SUCCESS |  
2019-08-24 07:08:11,367 | INFO  | DNAudit | user=null | ip=null | op=WRITE_CHUNK {blockData=conID: 2 locID: 102670695851622805 bcsId: 745} | ret=SUCCESS |  
2019-08-24 07:08:11,374 | INFO  | DNAudit | user=null | ip=null | op=WRITE_CHUNK {blockData=conID: 2 locID: 102670695851622805 bcsId: 745} | ret=SUCCESS |  
2019-08-24 07:08:11,675 | INFO  | DNAudit | user=null | ip=null | op=PUT_BLOCK {blockData=[blockId=conID: 2 locID: 102670695851622805 bcsId: 0,size=4194304]} | ret=SUCCESS |  
2019-08-24 07:08:11,675 [grpc-default-executor-0] INFO  client.GrpcClientProtocolClient (GrpcClientProtocolClient.java:onNext(255)) - client-6EDD19400D46->06a4573b-67a1-41e3-a350-f896363bc636: receive RaftClientReply:client-6EDD19400D46->06a4573b-67a1-41e3-a350-f896363bc636@group-757E3781CD2A, cid=626, SUCCESS, logIndex=748, commits[06a4573b-67a1-41e3-a350-f896363bc636:c749, 0b725bbf-683b-4664-9a2e-3c9dd6e38bc1:c745, 9193e3b7-ae04-484d-a740-c65c11559486:c745]
2019-08-24 07:08:11,676 | INFO  | DNAudit | user=null | ip=null | op=WRITE_CHUNK {blockData=conID: 2 locID: 102670695851622805 bcsId: 745} | ret=SUCCESS |  
2019-08-24 07:08:11,676 | INFO  | DNAudit | user=null | ip=null | op=WRITE_CHUNK {blockData=conID: 2 locID: 102670695851622805 bcsId: 745} | ret=SUCCESS |  
2019-08-24 07:08:11,676 [grpc-default-executor-0] INFO  client.GrpcClientProtocolClient (GrpcClientProtocolClient.java:onNext(255)) - client-6EDD19400D46->06a4573b-67a1-41e3-a350-f896363bc636: receive RaftClientReply:client-6EDD19400D46->06a4573b-67a1-41e3-a350-f896363bc636@group-757E3781CD2A, cid=627, SUCCESS, logIndex=749, commits[06a4573b-67a1-41e3-a350-f896363bc636:c749, 0b725bbf-683b-4664-9a2e-3c9dd6e38bc1:c745, 9193e3b7-ae04-484d-a740-c65c11559486:c745]
2019-08-24 07:08:11,677 | INFO  | DNAudit | user=null | ip=null | op=PUT_BLOCK {blockData=[blockId=conID: 2 locID: 102670695851622805 bcsId: 0,size=4194304]} | ret=SUCCESS |  
2019-08-24 07:08:11,677 | INFO  | DNAudit | user=null | ip=null | op=PUT_BLOCK {blockData=[blockId=conID: 2 locID: 102670695851622805 bcsId: 0,size=4194304]} | ret=SUCCESS |  
2019-08-24 07:08:11,679 [grpc-default-executor-0] INFO  client.GrpcClientProtocolClient (GrpcClientProtocolClient.java:onNext(255)) - client-6EDD19400D46->06a4573b-67a1-41e3-a350-f896363bc636: receive RaftClientReply:client-6EDD19400D46->06a4573b-67a1-41e3-a350-f896363bc636@group-757E3781CD2A, cid=628, SUCCESS, logIndex=0, commits[06a4573b-67a1-41e3-a350-f896363bc636:c750, 0b725bbf-683b-4664-9a2e-3c9dd6e38bc1:c749, 9193e3b7-ae04-484d-a740-c65c11559486:c749]
2019-08-24 07:08:11,691 | INFO  | DNAudit | user=null | ip=null | op=WRITE_CHUNK {blockData=conID: 3 locID: 102670695851622806 bcsId: 0} | ret=SUCCESS |  
2019-08-24 07:08:11,695 | INFO  | DNAudit | user=null | ip=null | op=WRITE_CHUNK {blockData=conID: 3 locID: 102670695851622806 bcsId: 0} | ret=SUCCESS |  
2019-08-24 07:08:11,696 | INFO  | DNAudit | user=null | ip=null | op=WRITE_CHUNK {blockData=conID: 3 locID: 102670695851622806 bcsId: 0} | ret=SUCCESS |  
2019-08-24 07:08:11,697 | INFO  | DNAudit | user=null | ip=null | op=WRITE_CHUNK {blockData=conID: 3 locID: 102670695851622806 bcsId: 0} | ret=SUCCESS |  
2019-08-24 07:08:11,700 | INFO  | DNAudit | user=null | ip=null | op=WRITE_CHUNK {blockData=conID: 3 locID: 102670695851622806 bcsId: 0} | ret=SUCCESS |  
2019-08-24 07:08:11,701 | INFO  | DNAudit | user=null | ip=null | op=WRITE_CHUNK {blockData=conID: 3 locID: 102670695851622806 bcsId: 0} | ret=SUCCESS |  
2019-08-24 07:08:11,706 | INFO  | DNAudit | user=null | ip=null | op=WRITE_CHUNK {blockData=conID: 3 locID: 102670695851622806 bcsId: 0} | ret=SUCCESS |  
2019-08-24 07:08:11,706 | INFO  | DNAudit | user=null | ip=null | op=PUT_BLOCK {blockData=[blockId=conID: 3 locID: 102670695851622806 bcsId: 0,size=1048576]} | ret=SUCCESS |  
2019-08-24 07:08:11,707 | INFO  | DNAudit | user=null | ip=null | op=WRITE_CHUNK {blockData=conID: 3 locID: 102670695851622806 bcsId: 0} | ret=SUCCESS |  
2019-08-24 07:08:11,707 | INFO  | DNAudit | user=null | ip=null | op=PUT_BLOCK {blockData=[blockId=conID: 3 locID: 102670695851622806 bcsId: 0,size=2097152]} | ret=SUCCESS |  
2019-08-24 07:08:11,708 [grpc-default-executor-1] INFO  client.GrpcClientProtocolClient (GrpcClientProtocolClient.java:onNext(255)) - client-6EDD19400D46->06a4573b-67a1-41e3-a350-f896363bc636: receive RaftClientReply:client-6EDD19400D46->06a4573b-67a1-41e3-a350-f896363bc636@group-757E3781CD2A, cid=629, SUCCESS, logIndex=752, commits[06a4573b-67a1-41e3-a350-f896363bc636:c753, 0b725bbf-683b-4664-9a2e-3c9dd6e38bc1:c751, 9193e3b7-ae04-484d-a740-c65c11559486:c751]
2019-08-24 07:08:11,708 [grpc-default-executor-1] INFO  client.GrpcClientProtocolClient (GrpcClientProtocolClient.java:onNext(255)) - client-6EDD19400D46->06a4573b-67a1-41e3-a350-f896363bc636: receive RaftClientReply:client-6EDD19400D46->06a4573b-67a1-41e3-a350-f896363bc636@group-757E3781CD2A, cid=630, SUCCESS, logIndex=753, commits[06a4573b-67a1-41e3-a350-f896363bc636:c755, 0b725bbf-683b-4664-9a2e-3c9dd6e38bc1:c751, 9193e3b7-ae04-484d-a740-c65c11559486:c751]
2019-08-24 07:08:11,709 | INFO  | DNAudit | user=null | ip=null | op=WRITE_CHUNK {blockData=conID: 3 locID: 102670695851622806 bcsId: 0} | ret=SUCCESS |  
2019-08-24 07:08:11,709 | INFO  | DNAudit | user=null | ip=null | op=WRITE_CHUNK {blockData=conID: 3 locID: 102670695851622806 bcsId: 0} | ret=SUCCESS |  
2019-08-24 07:08:11,709 [grpc-default-executor-1] INFO  client.GrpcClientProtocolClient (GrpcClientProtocolClient.java:onNext(255)) - client-6EDD19400D46->06a4573b-67a1-41e3-a350-f896363bc636: receive RaftClientReply:client-6EDD19400D46->06a4573b-67a1-41e3-a350-f896363bc636@group-757E3781CD2A, cid=631, SUCCESS, logIndex=754, commits[06a4573b-67a1-41e3-a350-f896363bc636:c755, 0b725bbf-683b-4664-9a2e-3c9dd6e38bc1:c751, 9193e3b7-ae04-484d-a740-c65c11559486:c751]
2019-08-24 07:08:11,710 | INFO  | DNAudit | user=null | ip=null | op=PUT_BLOCK {blockData=[blockId=conID: 3 locID: 102670695851622806 bcsId: 0,size=1048576]} | ret=SUCCESS |  
2019-08-24 07:08:11,710 | INFO  | DNAudit | user=null | ip=null | op=PUT_BLOCK {blockData=[blockId=conID: 3 locID: 102670695851622806 bcsId: 0,size=1048576]} | ret=SUCCESS |  
2019-08-24 07:08:11,710 [grpc-default-executor-1] INFO  client.GrpcClientProtocolClient (GrpcClientProtocolClient.java:onNext(255)) - client-6EDD19400D46->06a4573b-67a1-41e3-a350-f896363bc636: receive RaftClientReply:client-6EDD19400D46->06a4573b-67a1-41e3-a350-f896363bc636@group-757E3781CD2A, cid=632, SUCCESS, logIndex=755, commits[06a4573b-67a1-41e3-a350-f896363bc636:c755, 0b725bbf-683b-4664-9a2e-3c9dd6e38bc1:c751, 9193e3b7-ae04-484d-a740-c65c11559486:c751]
2019-08-24 07:08:11,711 [grpc-default-executor-1] INFO  client.GrpcClientProtocolClient (GrpcClientProtocolClient.java:onNext(255)) - client-6EDD19400D46->06a4573b-67a1-41e3-a350-f896363bc636: receive RaftClientReply:client-6EDD19400D46->06a4573b-67a1-41e3-a350-f896363bc636@group-757E3781CD2A, cid=633, SUCCESS, logIndex=0, commits[06a4573b-67a1-41e3-a350-f896363bc636:c756, 0b725bbf-683b-4664-9a2e-3c9dd6e38bc1:c753, 9193e3b7-ae04-484d-a740-c65c11559486:c753]
2019-08-24 07:08:11,721 | INFO  | DNAudit | user=null | ip=null | op=WRITE_CHUNK {blockData=conID: 3 locID: 102670695851622806 bcsId: 0} | ret=SUCCESS |  
2019-08-24 07:08:11,721 | INFO  | DNAudit | user=null | ip=null | op=WRITE_CHUNK {blockData=conID: 3 locID: 102670695851622806 bcsId: 0} | ret=SUCCESS |  
2019-08-24 07:08:11,722 | INFO  | DNAudit | user=null | ip=null | op=PUT_BLOCK {blockData=[blockId=conID: 3 locID: 102670695851622806 bcsId: 0,size=2097152]} | ret=SUCCESS |  
2019-08-24 07:08:11,722 | INFO  | DNAudit | user=null | ip=null | op=PUT_BLOCK {blockData=[blockId=conID: 3 locID: 102670695851622806 bcsId: 0,size=2097152]} | ret=SUCCESS |  
2019-08-24 07:08:11,724 | INFO  | DNAudit | user=null | ip=null | op=WRITE_CHUNK {blockData=conID: 3 locID: 102670695851622806 bcsId: 755} | ret=SUCCESS |  
2019-08-24 07:08:11,729 | INFO  | DNAudit | user=null | ip=null | op=WRITE_CHUNK {blockData=conID: 3 locID: 102670695851622806 bcsId: 755} | ret=SUCCESS |  
2019-08-24 07:08:11,730 | INFO  | DNAudit | user=null | ip=null | op=WRITE_CHUNK {blockData=conID: 3 locID: 102670695851622806 bcsId: 755} | ret=SUCCESS |  
2019-08-24 07:08:11,737 | INFO  | DNAudit | user=null | ip=null | op=WRITE_CHUNK {blockData=conID: 3 locID: 102670695851622806 bcsId: 755} | ret=SUCCESS |  
2019-08-24 07:08:11,738 | INFO  | DNAudit | user=null | ip=null | op=PUT_BLOCK {blockData=[blockId=conID: 3 locID: 102670695851622806 bcsId: 0,size=3145728]} | ret=SUCCESS |  
2019-08-24 07:08:11,739 [grpc-default-executor-5] INFO  client.GrpcClientProtocolClient (GrpcClientProtocolClient.java:onNext(255)) - client-6EDD19400D46->06a4573b-67a1-41e3-a350-f896363bc636: receive RaftClientReply:client-6EDD19400D46->06a4573b-67a1-41e3-a350-f896363bc636@group-757E3781CD2A, cid=634, SUCCESS, logIndex=760, commits[06a4573b-67a1-41e3-a350-f896363bc636:c761, 0b725bbf-683b-4664-9a2e-3c9dd6e38bc1:c756, 9193e3b7-ae04-484d-a740-c65c11559486:c755]
2019-08-24 07:08:11,739 [grpc-default-executor-5] INFO  client.GrpcClientProtocolClient (GrpcClientProtocolClient.java:onNext(255)) - client-6EDD19400D46->06a4573b-67a1-41e3-a350-f896363bc636: receive RaftClientReply:client-6EDD19400D46->06a4573b-67a1-41e3-a350-f896363bc636@group-757E3781CD2A, cid=635, SUCCESS, logIndex=761, commits[06a4573b-67a1-41e3-a350-f896363bc636:c761, 0b725bbf-683b-4664-9a2e-3c9dd6e38bc1:c756, 9193e3b7-ae04-484d-a740-c65c11559486:c756]
2019-08-24 07:08:11,749 | INFO  | DNAudit | user=null | ip=null | op=WRITE_CHUNK {blockData=conID: 3 locID: 102670695851622806 bcsId: 755} | ret=SUCCESS |  
2019-08-24 07:08:11,749 | INFO  | DNAudit | user=null | ip=null | op=WRITE_CHUNK {blockData=conID: 3 locID: 102670695851622806 bcsId: 755} | ret=SUCCESS |  
2019-08-24 07:08:11,750 | INFO  | DNAudit | user=null | ip=null | op=PUT_BLOCK {blockData=[blockId=conID: 3 locID: 102670695851622806 bcsId: 0,size=3145728]} | ret=SUCCESS |  
2019-08-24 07:08:11,750 | INFO  | DNAudit | user=null | ip=null | op=PUT_BLOCK {blockData=[blockId=conID: 3 locID: 102670695851622806 bcsId: 0,size=3145728]} | ret=SUCCESS |  
2019-08-24 07:08:11,754 | INFO  | DNAudit | user=null | ip=null | op=WRITE_CHUNK {blockData=conID: 3 locID: 102670695851622806 bcsId: 761} | ret=SUCCESS |  
2019-08-24 07:08:11,759 | INFO  | DNAudit | user=null | ip=null | op=WRITE_CHUNK {blockData=conID: 3 locID: 102670695851622806 bcsId: 761} | ret=SUCCESS |  
2019-08-24 07:08:11,760 | INFO  | DNAudit | user=null | ip=null | op=WRITE_CHUNK {blockData=conID: 3 locID: 102670695851622806 bcsId: 761} | ret=SUCCESS |  
2019-08-24 07:08:11,766 | INFO  | DNAudit | user=null | ip=null | op=WRITE_CHUNK {blockData=conID: 3 locID: 102670695851622806 bcsId: 761} | ret=SUCCESS |  
2019-08-24 07:08:11,767 | INFO  | DNAudit | user=null | ip=null | op=PUT_BLOCK {blockData=[blockId=conID: 3 locID: 102670695851622806 bcsId: 0,size=4194304]} | ret=SUCCESS |  
2019-08-24 07:08:11,767 [grpc-default-executor-1] INFO  client.GrpcClientProtocolClient (GrpcClientProtocolClient.java:onNext(255)) - client-6EDD19400D46->06a4573b-67a1-41e3-a350-f896363bc636: receive RaftClientReply:client-6EDD19400D46->06a4573b-67a1-41e3-a350-f896363bc636@group-757E3781CD2A, cid=636, SUCCESS, logIndex=764, commits[06a4573b-67a1-41e3-a350-f896363bc636:c765, 0b725bbf-683b-4664-9a2e-3c9dd6e38bc1:c763, 9193e3b7-ae04-484d-a740-c65c11559486:c763]
2019-08-24 07:08:11,768 [grpc-default-executor-1] INFO  client.GrpcClientProtocolClient (GrpcClientProtocolClient.java:onNext(255)) - client-6EDD19400D46->06a4573b-67a1-41e3-a350-f896363bc636: receive RaftClientReply:client-6EDD19400D46->06a4573b-67a1-41e3-a350-f896363bc636@group-757E3781CD2A, cid=637, SUCCESS, logIndex=765, commits[06a4573b-67a1-41e3-a350-f896363bc636:c765, 0b725bbf-683b-4664-9a2e-3c9dd6e38bc1:c763, 9193e3b7-ae04-484d-a740-c65c11559486:c763]
2019-08-24 07:08:11,778 | INFO  | DNAudit | user=null | ip=null | op=WRITE_CHUNK {blockData=conID: 3 locID: 102670695851622806 bcsId: 761} | ret=SUCCESS |  
2019-08-24 07:08:11,778 | INFO  | DNAudit | user=null | ip=null | op=WRITE_CHUNK {blockData=conID: 3 locID: 102670695851622806 bcsId: 761} | ret=SUCCESS |  
2019-08-24 07:08:11,779 | INFO  | DNAudit | user=null | ip=null | op=PUT_BLOCK {blockData=[blockId=conID: 3 locID: 102670695851622806 bcsId: 0,size=4194304]} | ret=SUCCESS |  
2019-08-24 07:08:11,781 | INFO  | DNAudit | user=null | ip=null | op=PUT_BLOCK {blockData=[blockId=conID: 3 locID: 102670695851622806 bcsId: 0,size=4194304]} | ret=SUCCESS |  
2019-08-24 07:08:11,781 [grpc-default-executor-1] INFO  client.GrpcClientProtocolClient (GrpcClientProtocolClient.java:onNext(255)) - client-6EDD19400D46->06a4573b-67a1-41e3-a350-f896363bc636: receive RaftClientReply:client-6EDD19400D46->06a4573b-67a1-41e3-a350-f896363bc636@group-757E3781CD2A, cid=638, SUCCESS, logIndex=0, commits[06a4573b-67a1-41e3-a350-f896363bc636:c766, 0b725bbf-683b-4664-9a2e-3c9dd6e38bc1:c765, 9193e3b7-ae04-484d-a740-c65c11559486:c765]
2019-08-24 07:08:11,795 | INFO  | DNAudit | user=null | ip=null | op=WRITE_CHUNK {blockData=conID: 1 locID: 102670695851688343 bcsId: 0} | ret=SUCCESS |  
2019-08-24 07:08:11,799 | INFO  | DNAudit | user=null | ip=null | op=WRITE_CHUNK {blockData=conID: 1 locID: 102670695851688343 bcsId: 0} | ret=SUCCESS |  
2019-08-24 07:08:11,801 | INFO  | DNAudit | user=null | ip=null | op=WRITE_CHUNK {blockData=conID: 1 locID: 102670695851688343 bcsId: 0} | ret=SUCCESS |  
2019-08-24 07:08:11,801 | INFO  | DNAudit | user=null | ip=null | op=WRITE_CHUNK {blockData=conID: 1 locID: 102670695851688343 bcsId: 0} | ret=SUCCESS |  
2019-08-24 07:08:11,804 | INFO  | DNAudit | user=null | ip=null | op=WRITE_CHUNK {blockData=conID: 1 locID: 102670695851688343 bcsId: 0} | ret=SUCCESS |  
2019-08-24 07:08:11,804 | INFO  | DNAudit | user=null | ip=null | op=WRITE_CHUNK {blockData=conID: 1 locID: 102670695851688343 bcsId: 0} | ret=SUCCESS |  
2019-08-24 07:08:11,809 | INFO  | DNAudit | user=null | ip=null | op=WRITE_CHUNK {blockData=conID: 1 locID: 102670695851688343 bcsId: 0} | ret=SUCCESS |  
2019-08-24 07:08:11,810 | INFO  | DNAudit | user=null | ip=null | op=PUT_BLOCK {blockData=[blockId=conID: 1 locID: 102670695851688343 bcsId: 0,size=1048576]} | ret=SUCCESS |  
2019-08-24 07:08:11,811 | INFO  | DNAudit | user=null | ip=null | op=WRITE_CHUNK {blockData=conID: 1 locID: 102670695851688343 bcsId: 0} | ret=SUCCESS |  
2019-08-24 07:08:11,811 [grpc-default-executor-0] INFO  client.GrpcClientProtocolClient (GrpcClientProtocolClient.java:onNext(255)) - client-6EDD19400D46->06a4573b-67a1-41e3-a350-f896363bc636: receive RaftClientReply:client-6EDD19400D46->06a4573b-67a1-41e3-a350-f896363bc636@group-757E3781CD2A, cid=639, SUCCESS, logIndex=768, commits[06a4573b-67a1-41e3-a350-f896363bc636:c771, 0b725bbf-683b-4664-9a2e-3c9dd6e38bc1:c767, 9193e3b7-ae04-484d-a740-c65c11559486:c767]
2019-08-24 07:08:11,811 | INFO  | DNAudit | user=null | ip=null | op=PUT_BLOCK {blockData=[blockId=conID: 1 locID: 102670695851688343 bcsId: 0,size=2097152]} | ret=SUCCESS |  
2019-08-24 07:08:11,811 [grpc-default-executor-0] INFO  client.GrpcClientProtocolClient (GrpcClientProtocolClient.java:onNext(255)) - client-6EDD19400D46->06a4573b-67a1-41e3-a350-f896363bc636: receive RaftClientReply:client-6EDD19400D46->06a4573b-67a1-41e3-a350-f896363bc636@group-757E3781CD2A, cid=640, SUCCESS, logIndex=769, commits[06a4573b-67a1-41e3-a350-f896363bc636:c771, 0b725bbf-683b-4664-9a2e-3c9dd6e38bc1:c767, 9193e3b7-ae04-484d-a740-c65c11559486:c767]
2019-08-24 07:08:11,812 [grpc-default-executor-0] INFO  client.GrpcClientProtocolClient (GrpcClientProtocolClient.java:onNext(255)) - client-6EDD19400D46->06a4573b-67a1-41e3-a350-f896363bc636: receive RaftClientReply:client-6EDD19400D46->06a4573b-67a1-41e3-a350-f896363bc636@group-757E3781CD2A, cid=641, SUCCESS, logIndex=770, commits[06a4573b-67a1-41e3-a350-f896363bc636:c771, 0b725bbf-683b-4664-9a2e-3c9dd6e38bc1:c767, 9193e3b7-ae04-484d-a740-c65c11559486:c767]
2019-08-24 07:08:11,812 [grpc-default-executor-0] INFO  client.GrpcClientProtocolClient (GrpcClientProtocolClient.java:onNext(255)) - client-6EDD19400D46->06a4573b-67a1-41e3-a350-f896363bc636: receive RaftClientReply:client-6EDD19400D46->06a4573b-67a1-41e3-a350-f896363bc636@group-757E3781CD2A, cid=642, SUCCESS, logIndex=771, commits[06a4573b-67a1-41e3-a350-f896363bc636:c771, 0b725bbf-683b-4664-9a2e-3c9dd6e38bc1:c767, 9193e3b7-ae04-484d-a740-c65c11559486:c767]
2019-08-24 07:08:11,825 | INFO  | SCMAudit | user=jenkins1000 | ip=192.168.69.125 | op=SEND_HEARTBEAT {datanodeUUID=b8548da6-9cc6-46be-8dd4-5219531f5960, command=[]} | ret=SUCCESS |  
2019-08-24 07:08:11,832 | INFO  | DNAudit | user=null | ip=null | op=WRITE_CHUNK {blockData=conID: 1 locID: 102670695851688343 bcsId: 0} | ret=SUCCESS |  
2019-08-24 07:08:11,832 | INFO  | DNAudit | user=null | ip=null | op=WRITE_CHUNK {blockData=conID: 1 locID: 102670695851688343 bcsId: 0} | ret=SUCCESS |  
2019-08-24 07:08:11,832 | INFO  | DNAudit | user=null | ip=null | op=PUT_BLOCK {blockData=[blockId=conID: 1 locID: 102670695851688343 bcsId: 0,size=1048576]} | ret=SUCCESS |  
2019-08-24 07:08:11,832 | INFO  | DNAudit | user=null | ip=null | op=PUT_BLOCK {blockData=[blockId=conID: 1 locID: 102670695851688343 bcsId: 0,size=1048576]} | ret=SUCCESS |  
2019-08-24 07:08:11,833 [grpc-default-executor-0] INFO  client.GrpcClientProtocolClient (GrpcClientProtocolClient.java:onNext(255)) - client-6EDD19400D46->06a4573b-67a1-41e3-a350-f896363bc636: receive RaftClientReply:client-6EDD19400D46->06a4573b-67a1-41e3-a350-f896363bc636@group-757E3781CD2A, cid=643, SUCCESS, logIndex=0, commits[06a4573b-67a1-41e3-a350-f896363bc636:c772, 0b725bbf-683b-4664-9a2e-3c9dd6e38bc1:c769, 9193e3b7-ae04-484d-a740-c65c11559486:c769]
2019-08-24 07:08:11,834 | INFO  | DNAudit | user=null | ip=null | op=WRITE_CHUNK {blockData=conID: 1 locID: 102670695851688343 bcsId: 0} | ret=SUCCESS |  
2019-08-24 07:08:11,834 | INFO  | DNAudit | user=null | ip=null | op=WRITE_CHUNK {blockData=conID: 1 locID: 102670695851688343 bcsId: 0} | ret=SUCCESS |  
2019-08-24 07:08:11,835 | INFO  | DNAudit | user=null | ip=null | op=PUT_BLOCK {blockData=[blockId=conID: 1 locID: 102670695851688343 bcsId: 0,size=2097152]} | ret=SUCCESS |  
2019-08-24 07:08:11,835 | INFO  | DNAudit | user=null | ip=null | op=PUT_BLOCK {blockData=[blockId=conID: 1 locID: 102670695851688343 bcsId: 0,size=2097152]} | ret=SUCCESS |  
2019-08-24 07:08:11,844 | INFO  | DNAudit | user=null | ip=null | op=WRITE_CHUNK {blockData=conID: 1 locID: 102670695851688343 bcsId: 771} | ret=SUCCESS |  
2019-08-24 07:08:11,848 | INFO  | DNAudit | user=null | ip=null | op=WRITE_CHUNK {blockData=conID: 1 locID: 102670695851688343 bcsId: 771} | ret=SUCCESS |  
2019-08-24 07:08:11,848 | INFO  | DNAudit | user=null | ip=null | op=WRITE_CHUNK {blockData=conID: 1 locID: 102670695851688343 bcsId: 771} | ret=SUCCESS |  
2019-08-24 07:08:11,858 | INFO  | DNAudit | user=null | ip=null | op=WRITE_CHUNK {blockData=conID: 1 locID: 102670695851688343 bcsId: 771} | ret=SUCCESS |  
2019-08-24 07:08:11,858 | INFO  | DNAudit | user=null | ip=null | op=PUT_BLOCK {blockData=[blockId=conID: 1 locID: 102670695851688343 bcsId: 0,size=3145728]} | ret=SUCCESS |  
2019-08-24 07:08:11,859 [grpc-default-executor-5] INFO  client.GrpcClientProtocolClient (GrpcClientProtocolClient.java:onNext(255)) - client-6EDD19400D46->06a4573b-67a1-41e3-a350-f896363bc636: receive RaftClientReply:client-6EDD19400D46->06a4573b-67a1-41e3-a350-f896363bc636@group-757E3781CD2A, cid=644, SUCCESS, logIndex=776, commits[06a4573b-67a1-41e3-a350-f896363bc636:c777, 0b725bbf-683b-4664-9a2e-3c9dd6e38bc1:c775, 9193e3b7-ae04-484d-a740-c65c11559486:c775]
2019-08-24 07:08:11,859 [grpc-default-executor-5] INFO  client.GrpcClientProtocolClient (GrpcClientProtocolClient.java:onNext(255)) - client-6EDD19400D46->06a4573b-67a1-41e3-a350-f896363bc636: receive RaftClientReply:client-6EDD19400D46->06a4573b-67a1-41e3-a350-f896363bc636@group-757E3781CD2A, cid=645, SUCCESS, logIndex=777, commits[06a4573b-67a1-41e3-a350-f896363bc636:c777, 0b725bbf-683b-4664-9a2e-3c9dd6e38bc1:c775, 9193e3b7-ae04-484d-a740-c65c11559486:c775]
2019-08-24 07:08:11,869 | INFO  | DNAudit | user=null | ip=null | op=WRITE_CHUNK {blockData=conID: 1 locID: 102670695851688343 bcsId: 777} | ret=SUCCESS |  
2019-08-24 07:08:11,870 | INFO  | DNAudit | user=null | ip=null | op=WRITE_CHUNK {blockData=conID: 1 locID: 102670695851688343 bcsId: 771} | ret=SUCCESS |  
2019-08-24 07:08:11,870 | INFO  | DNAudit | user=null | ip=null | op=WRITE_CHUNK {blockData=conID: 1 locID: 102670695851688343 bcsId: 771} | ret=SUCCESS |  
2019-08-24 07:08:11,871 | INFO  | DNAudit | user=null | ip=null | op=PUT_BLOCK {blockData=[blockId=conID: 1 locID: 102670695851688343 bcsId: 0,size=3145728]} | ret=SUCCESS |  
2019-08-24 07:08:11,871 | INFO  | DNAudit | user=null | ip=null | op=PUT_BLOCK {blockData=[blockId=conID: 1 locID: 102670695851688343 bcsId: 0,size=3145728]} | ret=SUCCESS |  
2019-08-24 07:08:11,874 | INFO  | DNAudit | user=null | ip=null | op=WRITE_CHUNK {blockData=conID: 1 locID: 102670695851688343 bcsId: 777} | ret=SUCCESS |  
2019-08-24 07:08:11,874 | INFO  | DNAudit | user=null | ip=null | op=WRITE_CHUNK {blockData=conID: 1 locID: 102670695851688343 bcsId: 777} | ret=SUCCESS |  
 0.00% |█                                                                                                    |  0/1 Time: 0:00:012019-08-24 07:08:11,887 | INFO  | DNAudit | user=null | ip=null | op=WRITE_CHUNK {blockData=conID: 1 locID: 102670695851688343 bcsId: 777} | ret=SUCCESS |  
2019-08-24 07:08:11,888 | INFO  | DNAudit | user=null | ip=null | op=PUT_BLOCK {blockData=[blockId=conID: 1 locID: 102670695851688343 bcsId: 0,size=4194304]} | ret=SUCCESS |  
2019-08-24 07:08:11,888 [grpc-default-executor-5] INFO  client.GrpcClientProtocolClient (GrpcClientProtocolClient.java:onNext(255)) - client-6EDD19400D46->06a4573b-67a1-41e3-a350-f896363bc636: receive RaftClientReply:client-6EDD19400D46->06a4573b-67a1-41e3-a350-f896363bc636@group-757E3781CD2A, cid=646, SUCCESS, logIndex=780, commits[06a4573b-67a1-41e3-a350-f896363bc636:c781, 0b725bbf-683b-4664-9a2e-3c9dd6e38bc1:c777, 9193e3b7-ae04-484d-a740-c65c11559486:c777]
2019-08-24 07:08:11,889 [grpc-default-executor-5] INFO  client.GrpcClientProtocolClient (GrpcClientProtocolClient.java:onNext(255)) - client-6EDD19400D46->06a4573b-67a1-41e3-a350-f896363bc636: receive RaftClientReply:client-6EDD19400D46->06a4573b-67a1-41e3-a350-f896363bc636@group-757E3781CD2A, cid=647, SUCCESS, logIndex=781, commits[06a4573b-67a1-41e3-a350-f896363bc636:c781, 0b725bbf-683b-4664-9a2e-3c9dd6e38bc1:c777, 9193e3b7-ae04-484d-a740-c65c11559486:c777]
2019-08-24 07:08:11,898 | INFO  | DNAudit | user=null | ip=null | op=WRITE_CHUNK {blockData=conID: 1 locID: 102670695851688343 bcsId: 777} | ret=SUCCESS |  
2019-08-24 07:08:11,898 | INFO  | DNAudit | user=null | ip=null | op=WRITE_CHUNK {blockData=conID: 1 locID: 102670695851688343 bcsId: 777} | ret=SUCCESS |  
2019-08-24 07:08:11,899 | INFO  | DNAudit | user=null | ip=null | op=PUT_BLOCK {blockData=[blockId=conID: 1 locID: 102670695851688343 bcsId: 0,size=4194304]} | ret=SUCCESS |  
2019-08-24 07:08:11,899 | INFO  | DNAudit | user=null | ip=null | op=PUT_BLOCK {blockData=[blockId=conID: 1 locID: 102670695851688343 bcsId: 0,size=4194304]} | ret=SUCCESS |  
2019-08-24 07:08:11,900 [grpc-default-executor-5] INFO  client.GrpcClientProtocolClient (GrpcClientProtocolClient.java:onNext(255)) - client-6EDD19400D46->06a4573b-67a1-41e3-a350-f896363bc636: receive RaftClientReply:client-6EDD19400D46->06a4573b-67a1-41e3-a350-f896363bc636@group-757E3781CD2A, cid=648, SUCCESS, logIndex=0, commits[06a4573b-67a1-41e3-a350-f896363bc636:c782, 0b725bbf-683b-4664-9a2e-3c9dd6e38bc1:c781, 9193e3b7-ae04-484d-a740-c65c11559486:c781]
2019-08-24 07:08:11,909 | INFO  | DNAudit | user=null | ip=null | op=WRITE_CHUNK {blockData=conID: 2 locID: 102670695851688344 bcsId: 0} | ret=SUCCESS |  
2019-08-24 07:08:11,913 | INFO  | DNAudit | user=null | ip=null | op=WRITE_CHUNK {blockData=conID: 2 locID: 102670695851688344 bcsId: 0} | ret=SUCCESS |  
2019-08-24 07:08:11,914 | INFO  | DNAudit | user=null | ip=null | op=WRITE_CHUNK {blockData=conID: 2 locID: 102670695851688344 bcsId: 0} | ret=SUCCESS |  
2019-08-24 07:08:11,914 | INFO  | DNAudit | user=null | ip=null | op=WRITE_CHUNK {blockData=conID: 2 locID: 102670695851688344 bcsId: 0} | ret=SUCCESS |  
2019-08-24 07:08:11,916 | INFO  | DNAudit | user=null | ip=null | op=WRITE_CHUNK {blockData=conID: 2 locID: 102670695851688344 bcsId: 0} | ret=SUCCESS |  
2019-08-24 07:08:11,917 | INFO  | DNAudit | user=null | ip=null | op=WRITE_CHUNK {blockData=conID: 2 locID: 102670695851688344 bcsId: 0} | ret=SUCCESS |  
2019-08-24 07:08:11,923 | INFO  | DNAudit | user=null | ip=null | op=WRITE_CHUNK {blockData=conID: 2 locID: 102670695851688344 bcsId: 0} | ret=SUCCESS |  
2019-08-24 07:08:11,924 | INFO  | DNAudit | user=null | ip=null | op=PUT_BLOCK {blockData=[blockId=conID: 2 locID: 102670695851688344 bcsId: 0,size=1048576]} | ret=SUCCESS |  
2019-08-24 07:08:11,927 [grpc-default-executor-0] INFO  client.GrpcClientProtocolClient (GrpcClientProtocolClient.java:onNext(255)) - client-6EDD19400D46->06a4573b-67a1-41e3-a350-f896363bc636: receive RaftClientReply:client-6EDD19400D46->06a4573b-67a1-41e3-a350-f896363bc636@group-757E3781CD2A, cid=649, SUCCESS, logIndex=784, commits[06a4573b-67a1-41e3-a350-f896363bc636:c785, 0b725bbf-683b-4664-9a2e-3c9dd6e38bc1:c783, 9193e3b7-ae04-484d-a740-c65c11559486:c783]
2019-08-24 07:08:11,927 | INFO  | DNAudit | user=null | ip=null | op=WRITE_CHUNK {blockData=conID: 2 locID: 102670695851688344 bcsId: 0} | ret=SUCCESS |  
2019-08-24 07:08:11,927 | INFO  | DNAudit | user=null | ip=null | op=WRITE_CHUNK {blockData=conID: 2 locID: 102670695851688344 bcsId: 0} | ret=SUCCESS |  
2019-08-24 07:08:11,927 | INFO  | DNAudit | user=null | ip=null | op=WRITE_CHUNK {blockData=conID: 2 locID: 102670695851688344 bcsId: 0} | ret=SUCCESS |  
2019-08-24 07:08:11,928 | INFO  | DNAudit | user=null | ip=null | op=PUT_BLOCK {blockData=[blockId=conID: 2 locID: 102670695851688344 bcsId: 0,size=1048576]} | ret=SUCCESS |  
2019-08-24 07:08:11,928 | INFO  | DNAudit | user=null | ip=null | op=PUT_BLOCK {blockData=[blockId=conID: 2 locID: 102670695851688344 bcsId: 0,size=1048576]} | ret=SUCCESS |  
2019-08-24 07:08:11,928 | INFO  | DNAudit | user=null | ip=null | op=PUT_BLOCK {blockData=[blockId=conID: 2 locID: 102670695851688344 bcsId: 0,size=2097152]} | ret=SUCCESS |  
2019-08-24 07:08:11,928 [grpc-default-executor-0] INFO  client.GrpcClientProtocolClient (GrpcClientProtocolClient.java:onNext(255)) - client-6EDD19400D46->06a4573b-67a1-41e3-a350-f896363bc636: receive RaftClientReply:client-6EDD19400D46->06a4573b-67a1-41e3-a350-f896363bc636@group-757E3781CD2A, cid=650, SUCCESS, logIndex=785, commits[06a4573b-67a1-41e3-a350-f896363bc636:c786, 0b725bbf-683b-4664-9a2e-3c9dd6e38bc1:c783, 9193e3b7-ae04-484d-a740-c65c11559486:c783]
2019-08-24 07:08:11,928 | INFO  | DNAudit | user=null | ip=null | op=WRITE_CHUNK {blockData=conID: 2 locID: 102670695851688344 bcsId: 0} | ret=SUCCESS |  
2019-08-24 07:08:11,928 [grpc-default-executor-0] INFO  client.GrpcClientProtocolClient (GrpcClientProtocolClient.java:onNext(255)) - client-6EDD19400D46->06a4573b-67a1-41e3-a350-f896363bc636: receive RaftClientReply:client-6EDD19400D46->06a4573b-67a1-41e3-a350-f896363bc636@group-757E3781CD2A, cid=651, SUCCESS, logIndex=786, commits[06a4573b-67a1-41e3-a350-f896363bc636:c788, 0b725bbf-683b-4664-9a2e-3c9dd6e38bc1:c785, 9193e3b7-ae04-484d-a740-c65c11559486:c786]
2019-08-24 07:08:11,929 [grpc-default-executor-0] INFO  client.GrpcClientProtocolClient (GrpcClientProtocolClient.java:onNext(255)) - client-6EDD19400D46->06a4573b-67a1-41e3-a350-f896363bc636: receive RaftClientReply:client-6EDD19400D46->06a4573b-67a1-41e3-a350-f896363bc636@group-757E3781CD2A, cid=652, SUCCESS, logIndex=787, commits[06a4573b-67a1-41e3-a350-f896363bc636:c790, 0b725bbf-683b-4664-9a2e-3c9dd6e38bc1:c785, 9193e3b7-ae04-484d-a740-c65c11559486:c786]
2019-08-24 07:08:11,936 | INFO  | DNAudit | user=null | ip=null | op=WRITE_CHUNK {blockData=conID: 2 locID: 102670695851688344 bcsId: 787} | ret=SUCCESS |  
2019-08-24 07:08:11,938 | INFO  | DNAudit | user=null | ip=null | op=WRITE_CHUNK {blockData=conID: 2 locID: 102670695851688344 bcsId: 0} | ret=SUCCESS |  
2019-08-24 07:08:11,939 | INFO  | DNAudit | user=null | ip=null | op=PUT_BLOCK {blockData=[blockId=conID: 2 locID: 102670695851688344 bcsId: 0,size=2097152]} | ret=SUCCESS |  
2019-08-24 07:08:11,941 | INFO  | DNAudit | user=null | ip=null | op=WRITE_CHUNK {blockData=conID: 2 locID: 102670695851688344 bcsId: 787} | ret=SUCCESS |  
2019-08-24 07:08:11,941 | INFO  | DNAudit | user=null | ip=null | op=WRITE_CHUNK {blockData=conID: 2 locID: 102670695851688344 bcsId: 787} | ret=SUCCESS |  
2019-08-24 07:08:11,953 | INFO  | DNAudit | user=null | ip=null | op=PUT_BLOCK {blockData=[blockId=conID: 2 locID: 102670695851688344 bcsId: 0,size=2097152]} | ret=SUCCESS |  
2019-08-24 07:08:11,953 | INFO  | DNAudit | user=null | ip=null | op=WRITE_CHUNK {blockData=conID: 2 locID: 102670695851688344 bcsId: 787} | ret=SUCCESS |  
2019-08-24 07:08:11,954 | INFO  | DNAudit | user=null | ip=null | op=PUT_BLOCK {blockData=[blockId=conID: 2 locID: 102670695851688344 bcsId: 0,size=3145728]} | ret=SUCCESS |  
2019-08-24 07:08:11,954 [grpc-default-executor-0] INFO  client.GrpcClientProtocolClient (GrpcClientProtocolClient.java:onNext(255)) - client-6EDD19400D46->06a4573b-67a1-41e3-a350-f896363bc636: receive RaftClientReply:client-6EDD19400D46->06a4573b-67a1-41e3-a350-f896363bc636@group-757E3781CD2A, cid=653, SUCCESS, logIndex=792, commits[06a4573b-67a1-41e3-a350-f896363bc636:c793, 0b725bbf-683b-4664-9a2e-3c9dd6e38bc1:c790, 9193e3b7-ae04-484d-a740-c65c11559486:c790]
2019-08-24 07:08:11,955 [grpc-default-executor-0] INFO  client.GrpcClientProtocolClient (GrpcClientProtocolClient.java:onNext(255)) - client-6EDD19400D46->06a4573b-67a1-41e3-a350-f896363bc636: receive RaftClientReply:client-6EDD19400D46->06a4573b-67a1-41e3-a350-f896363bc636@group-757E3781CD2A, cid=654, SUCCESS, logIndex=793, commits[06a4573b-67a1-41e3-a350-f896363bc636:c793, 0b725bbf-683b-4664-9a2e-3c9dd6e38bc1:c790, 9193e3b7-ae04-484d-a740-c65c11559486:c790]
2019-08-24 07:08:11,964 | INFO  | DNAudit | user=null | ip=null | op=WRITE_CHUNK {blockData=conID: 2 locID: 102670695851688344 bcsId: 793} | ret=SUCCESS |  
2019-08-24 07:08:11,965 | INFO  | DNAudit | user=null | ip=null | op=WRITE_CHUNK {blockData=conID: 2 locID: 102670695851688344 bcsId: 787} | ret=SUCCESS |  
2019-08-24 07:08:11,965 | INFO  | DNAudit | user=null | ip=null | op=WRITE_CHUNK {blockData=conID: 2 locID: 102670695851688344 bcsId: 787} | ret=SUCCESS |  
2019-08-24 07:08:11,965 | INFO  | DNAudit | user=null | ip=null | op=PUT_BLOCK {blockData=[blockId=conID: 2 locID: 102670695851688344 bcsId: 0,size=3145728]} | ret=SUCCESS |  
2019-08-24 07:08:11,966 | INFO  | DNAudit | user=null | ip=null | op=PUT_BLOCK {blockData=[blockId=conID: 2 locID: 102670695851688344 bcsId: 0,size=3145728]} | ret=SUCCESS |  
2019-08-24 07:08:11,967 | INFO  | DNAudit | user=null | ip=null | op=WRITE_CHUNK {blockData=conID: 2 locID: 102670695851688344 bcsId: 793} | ret=SUCCESS |  
2019-08-24 07:08:11,969 | INFO  | DNAudit | user=null | ip=null | op=WRITE_CHUNK {blockData=conID: 2 locID: 102670695851688344 bcsId: 793} | ret=SUCCESS |  
2019-08-24 07:08:11,979 | INFO  | DNAudit | user=null | ip=null | op=WRITE_CHUNK {blockData=conID: 2 locID: 102670695851688344 bcsId: 793} | ret=SUCCESS |  
2019-08-24 07:08:11,980 | INFO  | DNAudit | user=null | ip=null | op=PUT_BLOCK {blockData=[blockId=conID: 2 locID: 102670695851688344 bcsId: 0,size=4194304]} | ret=SUCCESS |  
2019-08-24 07:08:11,980 [grpc-default-executor-0] INFO  client.GrpcClientProtocolClient (GrpcClientProtocolClient.java:onNext(255)) - client-6EDD19400D46->06a4573b-67a1-41e3-a350-f896363bc636: receive RaftClientReply:client-6EDD19400D46->06a4573b-67a1-41e3-a350-f896363bc636@group-757E3781CD2A, cid=655, SUCCESS, logIndex=796, commits[06a4573b-67a1-41e3-a350-f896363bc636:c797, 0b725bbf-683b-4664-9a2e-3c9dd6e38bc1:c793, 9193e3b7-ae04-484d-a740-c65c11559486:c793]
2019-08-24 07:08:11,981 [grpc-default-executor-0] INFO  client.GrpcClientProtocolClient (GrpcClientProtocolClient.java:onNext(255)) - client-6EDD19400D46->06a4573b-67a1-41e3-a350-f896363bc636: receive RaftClientReply:client-6EDD19400D46->06a4573b-67a1-41e3-a350-f896363bc636@group-757E3781CD2A, cid=656, SUCCESS, logIndex=797, commits[06a4573b-67a1-41e3-a350-f896363bc636:c797, 0b725bbf-683b-4664-9a2e-3c9dd6e38bc1:c793, 9193e3b7-ae04-484d-a740-c65c11559486:c793]
2019-08-24 07:08:11,991 | INFO  | DNAudit | user=null | ip=null | op=WRITE_CHUNK {blockData=conID: 2 locID: 102670695851688344 bcsId: 793} | ret=SUCCESS |  
2019-08-24 07:08:11,991 | INFO  | DNAudit | user=null | ip=null | op=WRITE_CHUNK {blockData=conID: 2 locID: 102670695851688344 bcsId: 793} | ret=SUCCESS |  
2019-08-24 07:08:11,991 | INFO  | DNAudit | user=null | ip=null | op=PUT_BLOCK {blockData=[blockId=conID: 2 locID: 102670695851688344 bcsId: 0,size=4194304]} | ret=SUCCESS |  
2019-08-24 07:08:11,991 | INFO  | DNAudit | user=null | ip=null | op=PUT_BLOCK {blockData=[blockId=conID: 2 locID: 102670695851688344 bcsId: 0,size=4194304]} | ret=SUCCESS |  
2019-08-24 07:08:11,992 [grpc-default-executor-0] INFO  client.GrpcClientProtocolClient (GrpcClientProtocolClient.java:onNext(255)) - client-6EDD19400D46->06a4573b-67a1-41e3-a350-f896363bc636: receive RaftClientReply:client-6EDD19400D46->06a4573b-67a1-41e3-a350-f896363bc636@group-757E3781CD2A, cid=657, SUCCESS, logIndex=0, commits[06a4573b-67a1-41e3-a350-f896363bc636:c798, 0b725bbf-683b-4664-9a2e-3c9dd6e38bc1:c797, 9193e3b7-ae04-484d-a740-c65c11559486:c797]
2019-08-24 07:08:12,001 | INFO  | DNAudit | user=null | ip=null | op=WRITE_CHUNK {blockData=conID: 3 locID: 102670695851688345 bcsId: 0} | ret=SUCCESS |  
2019-08-24 07:08:12,005 | INFO  | DNAudit | user=null | ip=null | op=WRITE_CHUNK {blockData=conID: 3 locID: 102670695851688345 bcsId: 0} | ret=SUCCESS |  
2019-08-24 07:08:12,005 | INFO  | DNAudit | user=null | ip=null | op=WRITE_CHUNK {blockData=conID: 3 locID: 102670695851688345 bcsId: 0} | ret=SUCCESS |  
2019-08-24 07:08:12,006 | INFO  | DNAudit | user=null | ip=null | op=WRITE_CHUNK {blockData=conID: 3 locID: 102670695851688345 bcsId: 0} | ret=SUCCESS |  
2019-08-24 07:08:12,007 | INFO  | DNAudit | user=null | ip=null | op=WRITE_CHUNK {blockData=conID: 3 locID: 102670695851688345 bcsId: 0} | ret=SUCCESS |  
2019-08-24 07:08:12,008 | INFO  | DNAudit | user=null | ip=null | op=WRITE_CHUNK {blockData=conID: 3 locID: 102670695851688345 bcsId: 0} | ret=SUCCESS |  
2019-08-24 07:08:12,015 | INFO  | DNAudit | user=null | ip=null | op=WRITE_CHUNK {blockData=conID: 3 locID: 102670695851688345 bcsId: 0} | ret=SUCCESS |  
2019-08-24 07:08:12,016 | INFO  | DNAudit | user=null | ip=null | op=PUT_BLOCK {blockData=[blockId=conID: 3 locID: 102670695851688345 bcsId: 0,size=1048576]} | ret=SUCCESS |  
2019-08-24 07:08:12,016 [grpc-default-executor-2] INFO  client.GrpcClientProtocolClient (GrpcClientProtocolClient.java:onNext(255)) - client-6EDD19400D46->06a4573b-67a1-41e3-a350-f896363bc636: receive RaftClientReply:client-6EDD19400D46->06a4573b-67a1-41e3-a350-f896363bc636@group-757E3781CD2A, cid=658, SUCCESS, logIndex=799, commits[06a4573b-67a1-41e3-a350-f896363bc636:c800, 0b725bbf-683b-4664-9a2e-3c9dd6e38bc1:c798, 9193e3b7-ae04-484d-a740-c65c11559486:c798]
2019-08-24 07:08:12,017 [grpc-default-executor-2] INFO  client.GrpcClientProtocolClient (GrpcClientProtocolClient.java:onNext(255)) - client-6EDD19400D46->06a4573b-67a1-41e3-a350-f896363bc636: receive RaftClientReply:client-6EDD19400D46->06a4573b-67a1-41e3-a350-f896363bc636@group-757E3781CD2A, cid=659, SUCCESS, logIndex=800, commits[06a4573b-67a1-41e3-a350-f896363bc636:c800, 0b725bbf-683b-4664-9a2e-3c9dd6e38bc1:c798, 9193e3b7-ae04-484d-a740-c65c11559486:c798]
2019-08-24 07:08:12,025 | INFO  | DNAudit | user=null | ip=null | op=WRITE_CHUNK {blockData=conID: 3 locID: 102670695851688345 bcsId: 0} | ret=SUCCESS |  
2019-08-24 07:08:12,026 | INFO  | DNAudit | user=null | ip=null | op=PUT_BLOCK {blockData=[blockId=conID: 3 locID: 102670695851688345 bcsId: 0,size=2097152]} | ret=SUCCESS |  
2019-08-24 07:08:12,026 | INFO  | DNAudit | user=null | ip=null | op=WRITE_CHUNK {blockData=conID: 3 locID: 102670695851688345 bcsId: 0} | ret=SUCCESS |  
2019-08-24 07:08:12,026 [grpc-default-executor-2] INFO  client.GrpcClientProtocolClient (GrpcClientProtocolClient.java:onNext(255)) - client-6EDD19400D46->06a4573b-67a1-41e3-a350-f896363bc636: receive RaftClientReply:client-6EDD19400D46->06a4573b-67a1-41e3-a350-f896363bc636@group-757E3781CD2A, cid=660, SUCCESS, logIndex=801, commits[06a4573b-67a1-41e3-a350-f896363bc636:c802, 0b725bbf-683b-4664-9a2e-3c9dd6e38bc1:c798, 9193e3b7-ae04-484d-a740-c65c11559486:c798]
2019-08-24 07:08:12,027 | INFO  | DNAudit | user=null | ip=null | op=PUT_BLOCK {blockData=[blockId=conID: 3 locID: 102670695851688345 bcsId: 0,size=1048576]} | ret=SUCCESS |  
2019-08-24 07:08:12,027 [grpc-default-executor-2] INFO  client.GrpcClientProtocolClient (GrpcClientProtocolClient.java:onNext(255)) - client-6EDD19400D46->06a4573b-67a1-41e3-a350-f896363bc636: receive RaftClientReply:client-6EDD19400D46->06a4573b-67a1-41e3-a350-f896363bc636@group-757E3781CD2A, cid=661, SUCCESS, logIndex=802, commits[06a4573b-67a1-41e3-a350-f896363bc636:c802, 0b725bbf-683b-4664-9a2e-3c9dd6e38bc1:c798, 9193e3b7-ae04-484d-a740-c65c11559486:c798]
2019-08-24 07:08:12,029 | INFO  | DNAudit | user=null | ip=null | op=WRITE_CHUNK {blockData=conID: 3 locID: 102670695851688345 bcsId: 0} | ret=SUCCESS |  
2019-08-24 07:08:12,030 | INFO  | DNAudit | user=null | ip=null | op=PUT_BLOCK {blockData=[blockId=conID: 3 locID: 102670695851688345 bcsId: 0,size=1048576]} | ret=SUCCESS |  
2019-08-24 07:08:12,030 | INFO  | DNAudit | user=null | ip=null | op=WRITE_CHUNK {blockData=conID: 3 locID: 102670695851688345 bcsId: 0} | ret=SUCCESS |  
2019-08-24 07:08:12,030 | INFO  | DNAudit | user=null | ip=null | op=PUT_BLOCK {blockData=[blockId=conID: 3 locID: 102670695851688345 bcsId: 0,size=2097152]} | ret=SUCCESS |  
2019-08-24 07:08:12,030 [grpc-default-executor-2] INFO  client.GrpcClientProtocolClient (GrpcClientProtocolClient.java:onNext(255)) - client-6EDD19400D46->06a4573b-67a1-41e3-a350-f896363bc636: receive RaftClientReply:client-6EDD19400D46->06a4573b-67a1-41e3-a350-f896363bc636@group-757E3781CD2A, cid=662, SUCCESS, logIndex=0, commits[06a4573b-67a1-41e3-a350-f896363bc636:c804, 0b725bbf-683b-4664-9a2e-3c9dd6e38bc1:c800, 9193e3b7-ae04-484d-a740-c65c11559486:c800]
2019-08-24 07:08:12,038 | INFO  | DNAudit | user=null | ip=null | op=WRITE_CHUNK {blockData=conID: 3 locID: 102670695851688345 bcsId: 802} | ret=SUCCESS |  
2019-08-24 07:08:12,040 | INFO  | DNAudit | user=null | ip=null | op=WRITE_CHUNK {blockData=conID: 3 locID: 102670695851688345 bcsId: 0} | ret=SUCCESS |  
2019-08-24 07:08:12,043 | INFO  | DNAudit | user=null | ip=null | op=WRITE_CHUNK {blockData=conID: 3 locID: 102670695851688345 bcsId: 802} | ret=SUCCESS |  
2019-08-24 07:08:12,044 | INFO  | DNAudit | user=null | ip=null | op=WRITE_CHUNK {blockData=conID: 3 locID: 102670695851688345 bcsId: 802} | ret=SUCCESS |  
2019-08-24 07:08:12,047 | INFO  | DNAudit | user=null | ip=null | op=PUT_BLOCK {blockData=[blockId=conID: 3 locID: 102670695851688345 bcsId: 0,size=2097152]} | ret=SUCCESS |  
2019-08-24 07:08:12,055 | INFO  | DNAudit | user=null | ip=null | op=WRITE_CHUNK {blockData=conID: 3 locID: 102670695851688345 bcsId: 802} | ret=SUCCESS |  
2019-08-24 07:08:12,056 | INFO  | DNAudit | user=null | ip=null | op=PUT_BLOCK {blockData=[blockId=conID: 3 locID: 102670695851688345 bcsId: 0,size=3145728]} | ret=SUCCESS |  
2019-08-24 07:08:12,057 [grpc-default-executor-1] INFO  client.GrpcClientProtocolClient (GrpcClientProtocolClient.java:onNext(255)) - client-6EDD19400D46->06a4573b-67a1-41e3-a350-f896363bc636: receive RaftClientReply:client-6EDD19400D46->06a4573b-67a1-41e3-a350-f896363bc636@group-757E3781CD2A, cid=663, SUCCESS, logIndex=806, commits[06a4573b-67a1-41e3-a350-f896363bc636:c807, 0b725bbf-683b-4664-9a2e-3c9dd6e38bc1:c805, 9193e3b7-ae04-484d-a740-c65c11559486:c805]
2019-08-24 07:08:12,057 [grpc-default-executor-1] INFO  client.GrpcClientProtocolClient (GrpcClientProtocolClient.java:onNext(255)) - client-6EDD19400D46->06a4573b-67a1-41e3-a350-f896363bc636: receive RaftClientReply:client-6EDD19400D46->06a4573b-67a1-41e3-a350-f896363bc636@group-757E3781CD2A, cid=664, SUCCESS, logIndex=807, commits[06a4573b-67a1-41e3-a350-f896363bc636:c807, 0b725bbf-683b-4664-9a2e-3c9dd6e38bc1:c805, 9193e3b7-ae04-484d-a740-c65c11559486:c805]
2019-08-24 07:08:12,066 | INFO  | DNAudit | user=null | ip=null | op=WRITE_CHUNK {blockData=conID: 3 locID: 102670695851688345 bcsId: 807} | ret=SUCCESS |  
2019-08-24 07:08:12,070 | INFO  | DNAudit | user=null | ip=null | op=WRITE_CHUNK {blockData=conID: 3 locID: 102670695851688345 bcsId: 807} | ret=SUCCESS |  
2019-08-24 07:08:12,070 | INFO  | DNAudit | user=null | ip=null | op=WRITE_CHUNK {blockData=conID: 3 locID: 102670695851688345 bcsId: 807} | ret=SUCCESS |  
2019-08-24 07:08:12,093 | INFO  | DNAudit | user=null | ip=null | op=WRITE_CHUNK {blockData=conID: 3 locID: 102670695851688345 bcsId: 802} | ret=SUCCESS |  
2019-08-24 07:08:12,093 | INFO  | DNAudit | user=null | ip=null | op=WRITE_CHUNK {blockData=conID: 3 locID: 102670695851688345 bcsId: 802} | ret=SUCCESS |  
2019-08-24 07:08:12,094 | INFO  | DNAudit | user=null | ip=null | op=PUT_BLOCK {blockData=[blockId=conID: 3 locID: 102670695851688345 bcsId: 0,size=3145728]} | ret=SUCCESS |  
2019-08-24 07:08:12,094 | INFO  | DNAudit | user=null | ip=null | op=PUT_BLOCK {blockData=[blockId=conID: 3 locID: 102670695851688345 bcsId: 0,size=3145728]} | ret=SUCCESS |  
2019-08-24 07:08:12,104 | INFO  | DNAudit | user=null | ip=null | op=WRITE_CHUNK {blockData=conID: 3 locID: 102670695851688345 bcsId: 807} | ret=SUCCESS |  
2019-08-24 07:08:12,105 | INFO  | DNAudit | user=null | ip=null | op=PUT_BLOCK {blockData=[blockId=conID: 3 locID: 102670695851688345 bcsId: 0,size=4194304]} | ret=SUCCESS |  
2019-08-24 07:08:12,106 [grpc-default-executor-2] INFO  client.GrpcClientProtocolClient (GrpcClientProtocolClient.java:onNext(255)) - client-6EDD19400D46->06a4573b-67a1-41e3-a350-f896363bc636: receive RaftClientReply:client-6EDD19400D46->06a4573b-67a1-41e3-a350-f896363bc636@group-757E3781CD2A, cid=665, SUCCESS, logIndex=810, commits[06a4573b-67a1-41e3-a350-f896363bc636:c810, 0b725bbf-683b-4664-9a2e-3c9dd6e38bc1:c807, 9193e3b7-ae04-484d-a740-c65c11559486:c807]
2019-08-24 07:08:12,106 [grpc-default-executor-2] INFO  client.GrpcClientProtocolClient (GrpcClientProtocolClient.java:onNext(255)) - client-6EDD19400D46->06a4573b-67a1-41e3-a350-f896363bc636: receive RaftClientReply:client-6EDD19400D46->06a4573b-67a1-41e3-a350-f896363bc636@group-757E3781CD2A, cid=666, SUCCESS, logIndex=811, commits[06a4573b-67a1-41e3-a350-f896363bc636:c811, 0b725bbf-683b-4664-9a2e-3c9dd6e38bc1:c807, 9193e3b7-ae04-484d-a740-c65c11559486:c807]
2019-08-24 07:08:12,115 | INFO  | DNAudit | user=null | ip=null | op=WRITE_CHUNK {blockData=conID: 3 locID: 102670695851688345 bcsId: 807} | ret=SUCCESS |  
2019-08-24 07:08:12,116 | INFO  | DNAudit | user=null | ip=null | op=WRITE_CHUNK {blockData=conID: 3 locID: 102670695851688345 bcsId: 807} | ret=SUCCESS |  
2019-08-24 07:08:12,118 | INFO  | DNAudit | user=null | ip=null | op=PUT_BLOCK {blockData=[blockId=conID: 3 locID: 102670695851688345 bcsId: 0,size=4194304]} | ret=SUCCESS |  
2019-08-24 07:08:12,119 | INFO  | DNAudit | user=null | ip=null | op=PUT_BLOCK {blockData=[blockId=conID: 3 locID: 102670695851688345 bcsId: 0,size=4194304]} | ret=SUCCESS |  
2019-08-24 07:08:12,120 [grpc-default-executor-2] INFO  client.GrpcClientProtocolClient (GrpcClientProtocolClient.java:onNext(255)) - client-6EDD19400D46->06a4573b-67a1-41e3-a350-f896363bc636: receive RaftClientReply:client-6EDD19400D46->06a4573b-67a1-41e3-a350-f896363bc636@group-757E3781CD2A, cid=667, SUCCESS, logIndex=0, commits[06a4573b-67a1-41e3-a350-f896363bc636:c813, 0b725bbf-683b-4664-9a2e-3c9dd6e38bc1:c811, 9193e3b7-ae04-484d-a740-c65c11559486:c811]
2019-08-24 07:08:12,131 | INFO  | DNAudit | user=null | ip=null | op=WRITE_CHUNK {blockData=conID: 1 locID: 102670695851753882 bcsId: 0} | ret=SUCCESS |  
2019-08-24 07:08:12,134 | INFO  | DNAudit | user=null | ip=null | op=WRITE_CHUNK {blockData=conID: 1 locID: 102670695851753882 bcsId: 0} | ret=SUCCESS |  
2019-08-24 07:08:12,136 | INFO  | DNAudit | user=null | ip=null | op=WRITE_CHUNK {blockData=conID: 1 locID: 102670695851753882 bcsId: 0} | ret=SUCCESS |  
2019-08-24 07:08:12,137 | INFO  | DNAudit | user=null | ip=null | op=WRITE_CHUNK {blockData=conID: 1 locID: 102670695851753882 bcsId: 0} | ret=SUCCESS |  
2019-08-24 07:08:12,138 | INFO  | DNAudit | user=null | ip=null | op=WRITE_CHUNK {blockData=conID: 1 locID: 102670695851753882 bcsId: 0} | ret=SUCCESS |  
2019-08-24 07:08:12,139 | INFO  | DNAudit | user=null | ip=null | op=WRITE_CHUNK {blockData=conID: 1 locID: 102670695851753882 bcsId: 0} | ret=SUCCESS |  
2019-08-24 07:08:12,148 | INFO  | DNAudit | user=null | ip=null | op=WRITE_CHUNK {blockData=conID: 1 locID: 102670695851753882 bcsId: 0} | ret=SUCCESS |  
2019-08-24 07:08:12,149 | INFO  | DNAudit | user=null | ip=null | op=PUT_BLOCK {blockData=[blockId=conID: 1 locID: 102670695851753882 bcsId: 0,size=1048576]} | ret=SUCCESS |  
2019-08-24 07:08:12,149 [grpc-default-executor-0] INFO  client.GrpcClientProtocolClient (GrpcClientProtocolClient.java:onNext(255)) - client-6EDD19400D46->06a4573b-67a1-41e3-a350-f896363bc636: receive RaftClientReply:client-6EDD19400D46->06a4573b-67a1-41e3-a350-f896363bc636@group-757E3781CD2A, cid=668, SUCCESS, logIndex=814, commits[06a4573b-67a1-41e3-a350-f896363bc636:c815, 0b725bbf-683b-4664-9a2e-3c9dd6e38bc1:c813, 9193e3b7-ae04-484d-a740-c65c11559486:c813]
2019-08-24 07:08:12,149 | INFO  | DNAudit | user=null | ip=null | op=WRITE_CHUNK {blockData=conID: 1 locID: 102670695851753882 bcsId: 0} | ret=SUCCESS |  
2019-08-24 07:08:12,150 | INFO  | DNAudit | user=null | ip=null | op=PUT_BLOCK {blockData=[blockId=conID: 1 locID: 102670695851753882 bcsId: 0,size=2097152]} | ret=SUCCESS |  
2019-08-24 07:08:12,150 [grpc-default-executor-0] INFO  client.GrpcClientProtocolClient (GrpcClientProtocolClient.java:onNext(255)) - client-6EDD19400D46->06a4573b-67a1-41e3-a350-f896363bc636: receive RaftClientReply:client-6EDD19400D46->06a4573b-67a1-41e3-a350-f896363bc636@group-757E3781CD2A, cid=669, SUCCESS, logIndex=815, commits[06a4573b-67a1-41e3-a350-f896363bc636:c817, 0b725bbf-683b-4664-9a2e-3c9dd6e38bc1:c813, 9193e3b7-ae04-484d-a740-c65c11559486:c813]
2019-08-24 07:08:12,150 [grpc-default-executor-0] INFO  client.GrpcClientProtocolClient (GrpcClientProtocolClient.java:onNext(255)) - client-6EDD19400D46->06a4573b-67a1-41e3-a350-f896363bc636: receive RaftClientReply:client-6EDD19400D46->06a4573b-67a1-41e3-a350-f896363bc636@group-757E3781CD2A, cid=670, SUCCESS, logIndex=816, commits[06a4573b-67a1-41e3-a350-f896363bc636:c817, 0b725bbf-683b-4664-9a2e-3c9dd6e38bc1:c813, 9193e3b7-ae04-484d-a740-c65c11559486:c813]
2019-08-24 07:08:12,151 [grpc-default-executor-0] INFO  client.GrpcClientProtocolClient (GrpcClientProtocolClient.java:onNext(255)) - client-6EDD19400D46->06a4573b-67a1-41e3-a350-f896363bc636: receive RaftClientReply:client-6EDD19400D46->06a4573b-67a1-41e3-a350-f896363bc636@group-757E3781CD2A, cid=671, SUCCESS, logIndex=817, commits[06a4573b-67a1-41e3-a350-f896363bc636:c817, 0b725bbf-683b-4664-9a2e-3c9dd6e38bc1:c813, 9193e3b7-ae04-484d-a740-c65c11559486:c813]
2019-08-24 07:08:12,159 | INFO  | DNAudit | user=null | ip=null | op=WRITE_CHUNK {blockData=conID: 1 locID: 102670695851753882 bcsId: 0} | ret=SUCCESS |  
2019-08-24 07:08:12,159 | INFO  | DNAudit | user=null | ip=null | op=WRITE_CHUNK {blockData=conID: 1 locID: 102670695851753882 bcsId: 0} | ret=SUCCESS |  
2019-08-24 07:08:12,162 | INFO  | DNAudit | user=null | ip=null | op=PUT_BLOCK {blockData=[blockId=conID: 1 locID: 102670695851753882 bcsId: 0,size=1048576]} | ret=SUCCESS |  
2019-08-24 07:08:12,162 | INFO  | DNAudit | user=null | ip=null | op=WRITE_CHUNK {blockData=conID: 1 locID: 102670695851753882 bcsId: 0} | ret=SUCCESS |  
2019-08-24 07:08:12,163 | INFO  | DNAudit | user=null | ip=null | op=PUT_BLOCK {blockData=[blockId=conID: 1 locID: 102670695851753882 bcsId: 0,size=1048576]} | ret=SUCCESS |  
2019-08-24 07:08:12,163 | INFO  | DNAudit | user=null | ip=null | op=PUT_BLOCK {blockData=[blockId=conID: 1 locID: 102670695851753882 bcsId: 0,size=2097152]} | ret=SUCCESS |  
2019-08-24 07:08:12,163 | INFO  | DNAudit | user=null | ip=null | op=WRITE_CHUNK {blockData=conID: 1 locID: 102670695851753882 bcsId: 0} | ret=SUCCESS |  
2019-08-24 07:08:12,164 | INFO  | DNAudit | user=null | ip=null | op=PUT_BLOCK {blockData=[blockId=conID: 1 locID: 102670695851753882 bcsId: 0,size=2097152]} | ret=SUCCESS |  
2019-08-24 07:08:12,164 [grpc-default-executor-0] INFO  client.GrpcClientProtocolClient (GrpcClientProtocolClient.java:onNext(255)) - client-6EDD19400D46->06a4573b-67a1-41e3-a350-f896363bc636: receive RaftClientReply:client-6EDD19400D46->06a4573b-67a1-41e3-a350-f896363bc636@group-757E3781CD2A, cid=672, SUCCESS, logIndex=0, commits[06a4573b-67a1-41e3-a350-f896363bc636:c821, 0b725bbf-683b-4664-9a2e-3c9dd6e38bc1:c817, 9193e3b7-ae04-484d-a740-c65c11559486:c815]
2019-08-24 07:08:12,175 | INFO  | DNAudit | user=null | ip=null | op=WRITE_CHUNK {blockData=conID: 1 locID: 102670695851753882 bcsId: 817} | ret=SUCCESS |  
2019-08-24 07:08:12,181 | INFO  | DNAudit | user=null | ip=null | op=WRITE_CHUNK {blockData=conID: 1 locID: 102670695851753882 bcsId: 817} | ret=SUCCESS |  
2019-08-24 07:08:12,183 | INFO  | DNAudit | user=null | ip=null | op=WRITE_CHUNK {blockData=conID: 1 locID: 102670695851753882 bcsId: 817} | ret=SUCCESS |  
2019-08-24 07:08:12,188 | INFO  | DNAudit | user=null | ip=null | op=WRITE_CHUNK {blockData=conID: 1 locID: 102670695851753882 bcsId: 817} | ret=SUCCESS |  
2019-08-24 07:08:12,189 | INFO  | DNAudit | user=null | ip=null | op=PUT_BLOCK {blockData=[blockId=conID: 1 locID: 102670695851753882 bcsId: 0,size=3145728]} | ret=SUCCESS |  
2019-08-24 07:08:12,189 [grpc-default-executor-0] INFO  client.GrpcClientProtocolClient (GrpcClientProtocolClient.java:onNext(255)) - client-6EDD19400D46->06a4573b-67a1-41e3-a350-f896363bc636: receive RaftClientReply:client-6EDD19400D46->06a4573b-67a1-41e3-a350-f896363bc636@group-757E3781CD2A, cid=673, SUCCESS, logIndex=822, commits[06a4573b-67a1-41e3-a350-f896363bc636:c823, 0b725bbf-683b-4664-9a2e-3c9dd6e38bc1:c821, 9193e3b7-ae04-484d-a740-c65c11559486:c821]
2019-08-24 07:08:12,190 [grpc-default-executor-0] INFO  client.GrpcClientProtocolClient (GrpcClientProtocolClient.java:onNext(255)) - client-6EDD19400D46->06a4573b-67a1-41e3-a350-f896363bc636: receive RaftClientReply:client-6EDD19400D46->06a4573b-67a1-41e3-a350-f896363bc636@group-757E3781CD2A, cid=674, SUCCESS, logIndex=823, commits[06a4573b-67a1-41e3-a350-f896363bc636:c823, 0b725bbf-683b-4664-9a2e-3c9dd6e38bc1:c821, 9193e3b7-ae04-484d-a740-c65c11559486:c821]
2019-08-24 07:08:12,200 | INFO  | DNAudit | user=null | ip=null | op=WRITE_CHUNK {blockData=conID: 1 locID: 102670695851753882 bcsId: 823} | ret=SUCCESS |  
2019-08-24 07:08:12,201 | INFO  | DNAudit | user=null | ip=null | op=WRITE_CHUNK {blockData=conID: 1 locID: 102670695851753882 bcsId: 817} | ret=SUCCESS |  
2019-08-24 07:08:12,202 | INFO  | DNAudit | user=null | ip=null | op=WRITE_CHUNK {blockData=conID: 1 locID: 102670695851753882 bcsId: 817} | ret=SUCCESS |  
2019-08-24 07:08:12,202 | INFO  | DNAudit | user=null | ip=null | op=PUT_BLOCK {blockData=[blockId=conID: 1 locID: 102670695851753882 bcsId: 0,size=3145728]} | ret=SUCCESS |  
2019-08-24 07:08:12,202 | INFO  | DNAudit | user=null | ip=null | op=PUT_BLOCK {blockData=[blockId=conID: 1 locID: 102670695851753882 bcsId: 0,size=3145728]} | ret=SUCCESS |  
2019-08-24 07:08:12,206 | INFO  | DNAudit | user=null | ip=null | op=WRITE_CHUNK {blockData=conID: 1 locID: 102670695851753882 bcsId: 823} | ret=SUCCESS |  
2019-08-24 07:08:12,206 | INFO  | DNAudit | user=null | ip=null | op=WRITE_CHUNK {blockData=conID: 1 locID: 102670695851753882 bcsId: 823} | ret=SUCCESS |  
2019-08-24 07:08:12,215 | INFO  | DNAudit | user=null | ip=null | op=WRITE_CHUNK {blockData=conID: 1 locID: 102670695851753882 bcsId: 823} | ret=SUCCESS |  
2019-08-24 07:08:12,215 | INFO  | DNAudit | user=null | ip=null | op=PUT_BLOCK {blockData=[blockId=conID: 1 locID: 102670695851753882 bcsId: 0,size=4194304]} | ret=SUCCESS |  
2019-08-24 07:08:12,216 [grpc-default-executor-0] INFO  client.GrpcClientProtocolClient (GrpcClientProtocolClient.java:onNext(255)) - client-6EDD19400D46->06a4573b-67a1-41e3-a350-f896363bc636: receive RaftClientReply:client-6EDD19400D46->06a4573b-67a1-41e3-a350-f896363bc636@group-757E3781CD2A, cid=675, SUCCESS, logIndex=826, commits[06a4573b-67a1-41e3-a350-f896363bc636:c827, 0b725bbf-683b-4664-9a2e-3c9dd6e38bc1:c823, 9193e3b7-ae04-484d-a740-c65c11559486:c823]
2019-08-24 07:08:12,216 [grpc-default-executor-0] INFO  client.GrpcClientProtocolClient (GrpcClientProtocolClient.java:onNext(255)) - client-6EDD19400D46->06a4573b-67a1-41e3-a350-f896363bc636: receive RaftClientReply:client-6EDD19400D46->06a4573b-67a1-41e3-a350-f896363bc636@group-757E3781CD2A, cid=676, SUCCESS, logIndex=827, commits[06a4573b-67a1-41e3-a350-f896363bc636:c827, 0b725bbf-683b-4664-9a2e-3c9dd6e38bc1:c823, 9193e3b7-ae04-484d-a740-c65c11559486:c823]
2019-08-24 07:08:12,226 | INFO  | DNAudit | user=null | ip=null | op=WRITE_CHUNK {blockData=conID: 1 locID: 102670695851753882 bcsId: 823} | ret=SUCCESS |  
2019-08-24 07:08:12,226 | INFO  | DNAudit | user=null | ip=null | op=WRITE_CHUNK {blockData=conID: 1 locID: 102670695851753882 bcsId: 823} | ret=SUCCESS |  
2019-08-24 07:08:12,229 | INFO  | DNAudit | user=null | ip=null | op=PUT_BLOCK {blockData=[blockId=conID: 1 locID: 102670695851753882 bcsId: 0,size=4194304]} | ret=SUCCESS |  
2019-08-24 07:08:12,229 | INFO  | DNAudit | user=null | ip=null | op=PUT_BLOCK {blockData=[blockId=conID: 1 locID: 102670695851753882 bcsId: 0,size=4194304]} | ret=SUCCESS |  
2019-08-24 07:08:12,231 [grpc-default-executor-0] INFO  client.GrpcClientProtocolClient (GrpcClientProtocolClient.java:onNext(255)) - client-6EDD19400D46->06a4573b-67a1-41e3-a350-f896363bc636: receive RaftClientReply:client-6EDD19400D46->06a4573b-67a1-41e3-a350-f896363bc636@group-757E3781CD2A, cid=677, SUCCESS, logIndex=0, commits[06a4573b-67a1-41e3-a350-f896363bc636:c829, 0b725bbf-683b-4664-9a2e-3c9dd6e38bc1:c827, 9193e3b7-ae04-484d-a740-c65c11559486:c827]
2019-08-24 07:08:12,241 | INFO  | DNAudit | user=null | ip=null | op=WRITE_CHUNK {blockData=conID: 2 locID: 102670695851753883 bcsId: 0} | ret=SUCCESS |  
2019-08-24 07:08:12,246 | INFO  | DNAudit | user=null | ip=null | op=WRITE_CHUNK {blockData=conID: 2 locID: 102670695851753883 bcsId: 0} | ret=SUCCESS |  
2019-08-24 07:08:12,247 | INFO  | DNAudit | user=null | ip=null | op=WRITE_CHUNK {blockData=conID: 2 locID: 102670695851753883 bcsId: 0} | ret=SUCCESS |  
2019-08-24 07:08:12,248 | INFO  | DNAudit | user=null | ip=null | op=WRITE_CHUNK {blockData=conID: 2 locID: 102670695851753883 bcsId: 0} | ret=SUCCESS |  
2019-08-24 07:08:12,252 | INFO  | DNAudit | user=null | ip=null | op=WRITE_CHUNK {blockData=conID: 2 locID: 102670695851753883 bcsId: 0} | ret=SUCCESS |  
2019-08-24 07:08:12,252 | INFO  | DNAudit | user=null | ip=null | op=WRITE_CHUNK {blockData=conID: 2 locID: 102670695851753883 bcsId: 0} | ret=SUCCESS |  
2019-08-24 07:08:12,255 | INFO  | DNAudit | user=null | ip=null | op=WRITE_CHUNK {blockData=conID: 2 locID: 102670695851753883 bcsId: 0} | ret=SUCCESS |  
2019-08-24 07:08:12,256 | INFO  | DNAudit | user=null | ip=null | op=PUT_BLOCK {blockData=[blockId=conID: 2 locID: 102670695851753883 bcsId: 0,size=1048576]} | ret=SUCCESS |  
2019-08-24 07:08:12,256 | INFO  | DNAudit | user=null | ip=null | op=WRITE_CHUNK {blockData=conID: 2 locID: 102670695851753883 bcsId: 0} | ret=SUCCESS |  
2019-08-24 07:08:12,257 | INFO  | DNAudit | user=null | ip=null | op=PUT_BLOCK {blockData=[blockId=conID: 2 locID: 102670695851753883 bcsId: 0,size=2097152]} | ret=SUCCESS |  
2019-08-24 07:08:12,257 [grpc-default-executor-2] INFO  client.GrpcClientProtocolClient (GrpcClientProtocolClient.java:onNext(255)) - client-6EDD19400D46->06a4573b-67a1-41e3-a350-f896363bc636: receive RaftClientReply:client-6EDD19400D46->06a4573b-67a1-41e3-a350-f896363bc636@group-757E3781CD2A, cid=678, SUCCESS, logIndex=830, commits[06a4573b-67a1-41e3-a350-f896363bc636:c831, 0b725bbf-683b-4664-9a2e-3c9dd6e38bc1:c829, 9193e3b7-ae04-484d-a740-c65c11559486:c827]
2019-08-24 07:08:12,257 [grpc-default-executor-2] INFO  client.GrpcClientProtocolClient (GrpcClientProtocolClient.java:onNext(255)) - client-6EDD19400D46->06a4573b-67a1-41e3-a350-f896363bc636: receive RaftClientReply:client-6EDD19400D46->06a4573b-67a1-41e3-a350-f896363bc636@group-757E3781CD2A, cid=679, SUCCESS, logIndex=831, commits[06a4573b-67a1-41e3-a350-f896363bc636:c833, 0b725bbf-683b-4664-9a2e-3c9dd6e38bc1:c829, 9193e3b7-ae04-484d-a740-c65c11559486:c829]
2019-08-24 07:08:12,258 | INFO  | DNAudit | user=null | ip=null | op=WRITE_CHUNK {blockData=conID: 2 locID: 102670695851753883 bcsId: 0} | ret=SUCCESS |  
2019-08-24 07:08:12,258 | INFO  | DNAudit | user=null | ip=null | op=PUT_BLOCK {blockData=[blockId=conID: 2 locID: 102670695851753883 bcsId: 0,size=1048576]} | ret=SUCCESS |  
2019-08-24 07:08:12,258 [grpc-default-executor-2] INFO  client.GrpcClientProtocolClient (GrpcClientProtocolClient.java:onNext(255)) - client-6EDD19400D46->06a4573b-67a1-41e3-a350-f896363bc636: receive RaftClientReply:client-6EDD19400D46->06a4573b-67a1-41e3-a350-f896363bc636@group-757E3781CD2A, cid=680, SUCCESS, logIndex=832, commits[06a4573b-67a1-41e3-a350-f896363bc636:c833, 0b725bbf-683b-4664-9a2e-3c9dd6e38bc1:c829, 9193e3b7-ae04-484d-a740-c65c11559486:c829]
2019-08-24 07:08:12,259 | INFO  | DNAudit | user=null | ip=null | op=WRITE_CHUNK {blockData=conID: 2 locID: 102670695851753883 bcsId: 0} | ret=SUCCESS |  
2019-08-24 07:08:12,260 | INFO  | DNAudit | user=null | ip=null | op=PUT_BLOCK {blockData=[blockId=conID: 2 locID: 102670695851753883 bcsId: 0,size=1048576]} | ret=SUCCESS |  
2019-08-24 07:08:12,260 [grpc-default-executor-1] INFO  client.GrpcClientProtocolClient (GrpcClientProtocolClient.java:onNext(255)) - client-6EDD19400D46->06a4573b-67a1-41e3-a350-f896363bc636: receive RaftClientReply:client-6EDD19400D46->06a4573b-67a1-41e3-a350-f896363bc636@group-757E3781CD2A, cid=681, SUCCESS, logIndex=833, commits[06a4573b-67a1-41e3-a350-f896363bc636:c833, 0b725bbf-683b-4664-9a2e-3c9dd6e38bc1:c829, 9193e3b7-ae04-484d-a740-c65c11559486:c829]
2019-08-24 07:08:12,262 [grpc-default-executor-1] INFO  client.GrpcClientProtocolClient (GrpcClientProtocolClient.java:onNext(255)) - client-6EDD19400D46->06a4573b-67a1-41e3-a350-f896363bc636: receive RaftClientReply:client-6EDD19400D46->06a4573b-67a1-41e3-a350-f896363bc636@group-757E3781CD2A, cid=682, SUCCESS, logIndex=0, commits[06a4573b-67a1-41e3-a350-f896363bc636:c834, 0b725bbf-683b-4664-9a2e-3c9dd6e38bc1:c831, 9193e3b7-ae04-484d-a740-c65c11559486:c831]
2019-08-24 07:08:12,270 | INFO  | DNAudit | user=null | ip=null | op=WRITE_CHUNK {blockData=conID: 2 locID: 102670695851753883 bcsId: 0} | ret=SUCCESS |  
2019-08-24 07:08:12,270 | INFO  | DNAudit | user=null | ip=null | op=WRITE_CHUNK {blockData=conID: 2 locID: 102670695851753883 bcsId: 0} | ret=SUCCESS |  
2019-08-24 07:08:12,271 | INFO  | DNAudit | user=null | ip=null | op=PUT_BLOCK {blockData=[blockId=conID: 2 locID: 102670695851753883 bcsId: 0,size=2097152]} | ret=SUCCESS |  
2019-08-24 07:08:12,271 | INFO  | DNAudit | user=null | ip=null | op=PUT_BLOCK {blockData=[blockId=conID: 2 locID: 102670695851753883 bcsId: 0,size=2097152]} | ret=SUCCESS |  
2019-08-24 07:08:12,274 | INFO  | DNAudit | user=null | ip=null | op=WRITE_CHUNK {blockData=conID: 2 locID: 102670695851753883 bcsId: 833} | ret=SUCCESS |  
2019-08-24 07:08:12,280 | INFO  | DNAudit | user=null | ip=null | op=WRITE_CHUNK {blockData=conID: 2 locID: 102670695851753883 bcsId: 833} | ret=SUCCESS |  
2019-08-24 07:08:12,281 | INFO  | DNAudit | user=null | ip=null | op=WRITE_CHUNK {blockData=conID: 2 locID: 102670695851753883 bcsId: 833} | ret=SUCCESS |  
2019-08-24 07:08:12,289 | INFO  | DNAudit | user=null | ip=null | op=WRITE_CHUNK {blockData=conID: 2 locID: 102670695851753883 bcsId: 833} | ret=SUCCESS |  
2019-08-24 07:08:12,290 | INFO  | DNAudit | user=null | ip=null | op=PUT_BLOCK {blockData=[blockId=conID: 2 locID: 102670695851753883 bcsId: 0,size=3145728]} | ret=SUCCESS |  
2019-08-24 07:08:12,290 [grpc-default-executor-2] INFO  client.GrpcClientProtocolClient (GrpcClientProtocolClient.java:onNext(255)) - client-6EDD19400D46->06a4573b-67a1-41e3-a350-f896363bc636: receive RaftClientReply:client-6EDD19400D46->06a4573b-67a1-41e3-a350-f896363bc636@group-757E3781CD2A, cid=683, SUCCESS, logIndex=838, commits[06a4573b-67a1-41e3-a350-f896363bc636:c839, 0b725bbf-683b-4664-9a2e-3c9dd6e38bc1:c837, 9193e3b7-ae04-484d-a740-c65c11559486:c837]
2019-08-24 07:08:12,291 [grpc-default-executor-2] INFO  client.GrpcClientProtocolClient (GrpcClientProtocolClient.java:onNext(255)) - client-6EDD19400D46->06a4573b-67a1-41e3-a350-f896363bc636: receive RaftClientReply:client-6EDD19400D46->06a4573b-67a1-41e3-a350-f896363bc636@group-757E3781CD2A, cid=684, SUCCESS, logIndex=839, commits[06a4573b-67a1-41e3-a350-f896363bc636:c839, 0b725bbf-683b-4664-9a2e-3c9dd6e38bc1:c837, 9193e3b7-ae04-484d-a740-c65c11559486:c837]
2019-08-24 07:08:12,300 | INFO  | DNAudit | user=null | ip=null | op=WRITE_CHUNK {blockData=conID: 2 locID: 102670695851753883 bcsId: 833} | ret=SUCCESS |  
2019-08-24 07:08:12,300 | INFO  | DNAudit | user=null | ip=null | op=WRITE_CHUNK {blockData=conID: 2 locID: 102670695851753883 bcsId: 833} | ret=SUCCESS |  
2019-08-24 07:08:12,301 | INFO  | DNAudit | user=null | ip=null | op=PUT_BLOCK {blockData=[blockId=conID: 2 locID: 102670695851753883 bcsId: 0,size=3145728]} | ret=SUCCESS |  
2019-08-24 07:08:12,301 | INFO  | DNAudit | user=null | ip=null | op=PUT_BLOCK {blockData=[blockId=conID: 2 locID: 102670695851753883 bcsId: 0,size=3145728]} | ret=SUCCESS |  
2019-08-24 07:08:12,303 | INFO  | DNAudit | user=null | ip=null | op=WRITE_CHUNK {blockData=conID: 2 locID: 102670695851753883 bcsId: 839} | ret=SUCCESS |  
2019-08-24 07:08:12,308 | INFO  | DNAudit | user=null | ip=null | op=WRITE_CHUNK {blockData=conID: 2 locID: 102670695851753883 bcsId: 839} | ret=SUCCESS |  
2019-08-24 07:08:12,309 | INFO  | DNAudit | user=null | ip=null | op=WRITE_CHUNK {blockData=conID: 2 locID: 102670695851753883 bcsId: 839} | ret=SUCCESS |  
2019-08-24 07:08:12,315 | INFO  | DNAudit | user=null | ip=null | op=WRITE_CHUNK {blockData=conID: 2 locID: 102670695851753883 bcsId: 839} | ret=SUCCESS |  
2019-08-24 07:08:12,316 | INFO  | DNAudit | user=null | ip=null | op=PUT_BLOCK {blockData=[blockId=conID: 2 locID: 102670695851753883 bcsId: 0,size=4194304]} | ret=SUCCESS |  
2019-08-24 07:08:12,316 [grpc-default-executor-1] INFO  client.GrpcClientProtocolClient (GrpcClientProtocolClient.java:onNext(255)) - client-6EDD19400D46->06a4573b-67a1-41e3-a350-f896363bc636: receive RaftClientReply:client-6EDD19400D46->06a4573b-67a1-41e3-a350-f896363bc636@group-757E3781CD2A, cid=685, SUCCESS, logIndex=841, commits[06a4573b-67a1-41e3-a350-f896363bc636:c842, 0b725bbf-683b-4664-9a2e-3c9dd6e38bc1:c840, 9193e3b7-ae04-484d-a740-c65c11559486:c840]
2019-08-24 07:08:12,317 [grpc-default-executor-1] INFO  client.GrpcClientProtocolClient (GrpcClientProtocolClient.java:onNext(255)) - client-6EDD19400D46->06a4573b-67a1-41e3-a350-f896363bc636: receive RaftClientReply:client-6EDD19400D46->06a4573b-67a1-41e3-a350-f896363bc636@group-757E3781CD2A, cid=686, SUCCESS, logIndex=842, commits[06a4573b-67a1-41e3-a350-f896363bc636:c842, 0b725bbf-683b-4664-9a2e-3c9dd6e38bc1:c840, 9193e3b7-ae04-484d-a740-c65c11559486:c840]
2019-08-24 07:08:12,318 | INFO  | SCMAudit | user=jenkins1000 | ip=192.168.69.125 | op=SEND_HEARTBEAT {datanodeUUID=25ce0803-6f34-4c69-82c0-892f08679042, command=[]} | ret=SUCCESS |  
2019-08-24 07:08:12,334 | INFO  | DNAudit | user=null | ip=null | op=WRITE_CHUNK {blockData=conID: 2 locID: 102670695851753883 bcsId: 839} | ret=SUCCESS |  
2019-08-24 07:08:12,334 | INFO  | DNAudit | user=null | ip=null | op=WRITE_CHUNK {blockData=conID: 2 locID: 102670695851753883 bcsId: 839} | ret=SUCCESS |  
2019-08-24 07:08:12,335 | INFO  | DNAudit | user=null | ip=null | op=PUT_BLOCK {blockData=[blockId=conID: 2 locID: 102670695851753883 bcsId: 0,size=4194304]} | ret=SUCCESS |  
2019-08-24 07:08:12,335 | INFO  | DNAudit | user=null | ip=null | op=PUT_BLOCK {blockData=[blockId=conID: 2 locID: 102670695851753883 bcsId: 0,size=4194304]} | ret=SUCCESS |  
2019-08-24 07:08:12,336 [grpc-default-executor-1] INFO  client.GrpcClientProtocolClient (GrpcClientProtocolClient.java:onNext(255)) - client-6EDD19400D46->06a4573b-67a1-41e3-a350-f896363bc636: receive RaftClientReply:client-6EDD19400D46->06a4573b-67a1-41e3-a350-f896363bc636@group-757E3781CD2A, cid=687, SUCCESS, logIndex=0, commits[06a4573b-67a1-41e3-a350-f896363bc636:c843, 0b725bbf-683b-4664-9a2e-3c9dd6e38bc1:c842, 9193e3b7-ae04-484d-a740-c65c11559486:c842]
2019-08-24 07:08:12,347 | INFO  | DNAudit | user=null | ip=null | op=WRITE_CHUNK {blockData=conID: 3 locID: 102670695851753884 bcsId: 0} | ret=SUCCESS |  
2019-08-24 07:08:12,351 | INFO  | DNAudit | user=null | ip=null | op=WRITE_CHUNK {blockData=conID: 3 locID: 102670695851753884 bcsId: 0} | ret=SUCCESS |  
2019-08-24 07:08:12,351 | INFO  | DNAudit | user=null | ip=null | op=WRITE_CHUNK {blockData=conID: 3 locID: 102670695851753884 bcsId: 0} | ret=SUCCESS |  
2019-08-24 07:08:12,352 | INFO  | DNAudit | user=null | ip=null | op=WRITE_CHUNK {blockData=conID: 3 locID: 102670695851753884 bcsId: 0} | ret=SUCCESS |  
2019-08-24 07:08:12,355 | INFO  | DNAudit | user=null | ip=null | op=WRITE_CHUNK {blockData=conID: 3 locID: 102670695851753884 bcsId: 0} | ret=SUCCESS |  
2019-08-24 07:08:12,357 | INFO  | DNAudit | user=null | ip=null | op=WRITE_CHUNK {blockData=conID: 3 locID: 102670695851753884 bcsId: 0} | ret=SUCCESS |  
2019-08-24 07:08:12,360 | INFO  | DNAudit | user=null | ip=null | op=WRITE_CHUNK {blockData=conID: 3 locID: 102670695851753884 bcsId: 0} | ret=SUCCESS |  
2019-08-24 07:08:12,361 | INFO  | DNAudit | user=null | ip=null | op=PUT_BLOCK {blockData=[blockId=conID: 3 locID: 102670695851753884 bcsId: 0,size=1048576]} | ret=SUCCESS |  
2019-08-24 07:08:12,361 | INFO  | DNAudit | user=null | ip=null | op=WRITE_CHUNK {blockData=conID: 3 locID: 102670695851753884 bcsId: 0} | ret=SUCCESS |  
2019-08-24 07:08:12,361 [grpc-default-executor-0] INFO  client.GrpcClientProtocolClient (GrpcClientProtocolClient.java:onNext(255)) - client-6EDD19400D46->06a4573b-67a1-41e3-a350-f896363bc636: receive RaftClientReply:client-6EDD19400D46->06a4573b-67a1-41e3-a350-f896363bc636@group-757E3781CD2A, cid=688, SUCCESS, logIndex=845, commits[06a4573b-67a1-41e3-a350-f896363bc636:c846, 0b725bbf-683b-4664-9a2e-3c9dd6e38bc1:c844, 9193e3b7-ae04-484d-a740-c65c11559486:c844]
2019-08-24 07:08:12,362 | INFO  | DNAudit | user=null | ip=null | op=PUT_BLOCK {blockData=[blockId=conID: 3 locID: 102670695851753884 bcsId: 0,size=2097152]} | ret=SUCCESS |  
2019-08-24 07:08:12,362 | INFO  | DNAudit | user=null | ip=null | op=WRITE_CHUNK {blockData=conID: 3 locID: 102670695851753884 bcsId: 0} | ret=SUCCESS |  
2019-08-24 07:08:12,362 | INFO  | DNAudit | user=null | ip=null | op=WRITE_CHUNK {blockData=conID: 3 locID: 102670695851753884 bcsId: 0} | ret=SUCCESS |  
2019-08-24 07:08:12,362 | INFO  | DNAudit | user=null | ip=null | op=PUT_BLOCK {blockData=[blockId=conID: 3 locID: 102670695851753884 bcsId: 0,size=1048576]} | ret=SUCCESS |  
2019-08-24 07:08:12,362 [grpc-default-executor-2] INFO  client.GrpcClientProtocolClient (GrpcClientProtocolClient.java:onNext(255)) - client-6EDD19400D46->06a4573b-67a1-41e3-a350-f896363bc636: receive RaftClientReply:client-6EDD19400D46->06a4573b-67a1-41e3-a350-f896363bc636@group-757E3781CD2A, cid=689, SUCCESS, logIndex=846, commits[06a4573b-67a1-41e3-a350-f896363bc636:c848, 0b725bbf-683b-4664-9a2e-3c9dd6e38bc1:c844, 9193e3b7-ae04-484d-a740-c65c11559486:c844]
2019-08-24 07:08:12,363 | INFO  | DNAudit | user=null | ip=null | op=PUT_BLOCK {blockData=[blockId=conID: 3 locID: 102670695851753884 bcsId: 0,size=1048576]} | ret=SUCCESS |  
2019-08-24 07:08:12,363 | INFO  | DNAudit | user=null | ip=null | op=WRITE_CHUNK {blockData=conID: 3 locID: 102670695851753884 bcsId: 0} | ret=SUCCESS |  
2019-08-24 07:08:12,363 | INFO  | DNAudit | user=null | ip=null | op=PUT_BLOCK {blockData=[blockId=conID: 3 locID: 102670695851753884 bcsId: 0,size=2097152]} | ret=SUCCESS |  
2019-08-24 07:08:12,363 | INFO  | DNAudit | user=null | ip=null | op=WRITE_CHUNK {blockData=conID: 3 locID: 102670695851753884 bcsId: 0} | ret=SUCCESS |  
2019-08-24 07:08:12,363 [grpc-default-executor-2] INFO  client.GrpcClientProtocolClient (GrpcClientProtocolClient.java:onNext(255)) - client-6EDD19400D46->06a4573b-67a1-41e3-a350-f896363bc636: receive RaftClientReply:client-6EDD19400D46->06a4573b-67a1-41e3-a350-f896363bc636@group-757E3781CD2A, cid=690, SUCCESS, logIndex=847, commits[06a4573b-67a1-41e3-a350-f896363bc636:c848, 0b725bbf-683b-4664-9a2e-3c9dd6e38bc1:c844, 9193e3b7-ae04-484d-a740-c65c11559486:c844]
2019-08-24 07:08:12,364 | INFO  | DNAudit | user=null | ip=null | op=PUT_BLOCK {blockData=[blockId=conID: 3 locID: 102670695851753884 bcsId: 0,size=2097152]} | ret=SUCCESS |  
2019-08-24 07:08:12,364 [grpc-default-executor-2] INFO  client.GrpcClientProtocolClient (GrpcClientProtocolClient.java:onNext(255)) - client-6EDD19400D46->06a4573b-67a1-41e3-a350-f896363bc636: receive RaftClientReply:client-6EDD19400D46->06a4573b-67a1-41e3-a350-f896363bc636@group-757E3781CD2A, cid=691, SUCCESS, logIndex=848, commits[06a4573b-67a1-41e3-a350-f896363bc636:c848, 0b725bbf-683b-4664-9a2e-3c9dd6e38bc1:c844, 9193e3b7-ae04-484d-a740-c65c11559486:c844]
2019-08-24 07:08:12,365 | INFO  | SCMAudit | user=jenkins1000 | ip=192.168.69.125 | op=SEND_HEARTBEAT {datanodeUUID=0b725bbf-683b-4664-9a2e-3c9dd6e38bc1, command=[]} | ret=SUCCESS |  
2019-08-24 07:08:12,365 | INFO  | SCMAudit | user=jenkins1000 | ip=192.168.69.125 | op=SEND_HEARTBEAT {datanodeUUID=06a4573b-67a1-41e3-a350-f896363bc636, command=[]} | ret=SUCCESS |  
2019-08-24 07:08:12,366 [grpc-default-executor-0] INFO  client.GrpcClientProtocolClient (GrpcClientProtocolClient.java:onNext(255)) - client-6EDD19400D46->06a4573b-67a1-41e3-a350-f896363bc636: receive RaftClientReply:client-6EDD19400D46->06a4573b-67a1-41e3-a350-f896363bc636@group-757E3781CD2A, cid=692, SUCCESS, logIndex=0, commits[06a4573b-67a1-41e3-a350-f896363bc636:c852, 0b725bbf-683b-4664-9a2e-3c9dd6e38bc1:c848, 9193e3b7-ae04-484d-a740-c65c11559486:c848]
2019-08-24 07:08:12,366 | INFO  | SCMAudit | user=jenkins1000 | ip=192.168.69.125 | op=SEND_HEARTBEAT {datanodeUUID=9193e3b7-ae04-484d-a740-c65c11559486, command=[]} | ret=SUCCESS |  
2019-08-24 07:08:12,376 | INFO  | DNAudit | user=null | ip=null | op=WRITE_CHUNK {blockData=conID: 3 locID: 102670695851753884 bcsId: 848} | ret=SUCCESS |  
2019-08-24 07:08:12,380 | INFO  | DNAudit | user=null | ip=null | op=WRITE_CHUNK {blockData=conID: 3 locID: 102670695851753884 bcsId: 848} | ret=SUCCESS |  
2019-08-24 07:08:12,380 | INFO  | DNAudit | user=null | ip=null | op=WRITE_CHUNK {blockData=conID: 3 locID: 102670695851753884 bcsId: 848} | ret=SUCCESS |  
2019-08-24 07:08:12,389 | INFO  | DNAudit | user=null | ip=null | op=WRITE_CHUNK {blockData=conID: 3 locID: 102670695851753884 bcsId: 848} | ret=SUCCESS |  
2019-08-24 07:08:12,390 | INFO  | DNAudit | user=null | ip=null | op=PUT_BLOCK {blockData=[blockId=conID: 3 locID: 102670695851753884 bcsId: 0,size=3145728]} | ret=SUCCESS |  
2019-08-24 07:08:12,390 [grpc-default-executor-0] INFO  client.GrpcClientProtocolClient (GrpcClientProtocolClient.java:onNext(255)) - client-6EDD19400D46->06a4573b-67a1-41e3-a350-f896363bc636: receive RaftClientReply:client-6EDD19400D46->06a4573b-67a1-41e3-a350-f896363bc636@group-757E3781CD2A, cid=693, SUCCESS, logIndex=853, commits[06a4573b-67a1-41e3-a350-f896363bc636:c854, 0b725bbf-683b-4664-9a2e-3c9dd6e38bc1:c852, 9193e3b7-ae04-484d-a740-c65c11559486:c852]
2019-08-24 07:08:12,391 [grpc-default-executor-0] INFO  client.GrpcClientProtocolClient (GrpcClientProtocolClient.java:onNext(255)) - client-6EDD19400D46->06a4573b-67a1-41e3-a350-f896363bc636: receive RaftClientReply:client-6EDD19400D46->06a4573b-67a1-41e3-a350-f896363bc636@group-757E3781CD2A, cid=694, SUCCESS, logIndex=854, commits[06a4573b-67a1-41e3-a350-f896363bc636:c854, 0b725bbf-683b-4664-9a2e-3c9dd6e38bc1:c852, 9193e3b7-ae04-484d-a740-c65c11559486:c852]
2019-08-24 07:08:12,400 | INFO  | DNAudit | user=null | ip=null | op=WRITE_CHUNK {blockData=conID: 3 locID: 102670695851753884 bcsId: 854} | ret=SUCCESS |  
2019-08-24 07:08:12,401 | INFO  | DNAudit | user=null | ip=null | op=WRITE_CHUNK {blockData=conID: 3 locID: 102670695851753884 bcsId: 848} | ret=SUCCESS |  
2019-08-24 07:08:12,401 | INFO  | DNAudit | user=null | ip=null | op=WRITE_CHUNK {blockData=conID: 3 locID: 102670695851753884 bcsId: 848} | ret=SUCCESS |  
2019-08-24 07:08:12,401 | INFO  | DNAudit | user=null | ip=null | op=PUT_BLOCK {blockData=[blockId=conID: 3 locID: 102670695851753884 bcsId: 0,size=3145728]} | ret=SUCCESS |  
2019-08-24 07:08:12,401 | INFO  | DNAudit | user=null | ip=null | op=PUT_BLOCK {blockData=[blockId=conID: 3 locID: 102670695851753884 bcsId: 0,size=3145728]} | ret=SUCCESS |  
2019-08-24 07:08:12,405 | INFO  | DNAudit | user=null | ip=null | op=WRITE_CHUNK {blockData=conID: 3 locID: 102670695851753884 bcsId: 854} | ret=SUCCESS |  
2019-08-24 07:08:12,405 | INFO  | DNAudit | user=null | ip=null | op=WRITE_CHUNK {blockData=conID: 3 locID: 102670695851753884 bcsId: 854} | ret=SUCCESS |  
2019-08-24 07:08:12,418 | INFO  | DNAudit | user=null | ip=null | op=WRITE_CHUNK {blockData=conID: 3 locID: 102670695851753884 bcsId: 854} | ret=SUCCESS |  
2019-08-24 07:08:12,418 | INFO  | DNAudit | user=null | ip=null | op=PUT_BLOCK {blockData=[blockId=conID: 3 locID: 102670695851753884 bcsId: 0,size=4194304]} | ret=SUCCESS |  
2019-08-24 07:08:12,419 [grpc-default-executor-1] INFO  client.GrpcClientProtocolClient (GrpcClientProtocolClient.java:onNext(255)) - client-6EDD19400D46->06a4573b-67a1-41e3-a350-f896363bc636: receive RaftClientReply:client-6EDD19400D46->06a4573b-67a1-41e3-a350-f896363bc636@group-757E3781CD2A, cid=695, SUCCESS, logIndex=857, commits[06a4573b-67a1-41e3-a350-f896363bc636:c858, 0b725bbf-683b-4664-9a2e-3c9dd6e38bc1:c854, 9193e3b7-ae04-484d-a740-c65c11559486:c854]
2019-08-24 07:08:12,420 [grpc-default-executor-1] INFO  client.GrpcClientProtocolClient (GrpcClientProtocolClient.java:onNext(255)) - client-6EDD19400D46->06a4573b-67a1-41e3-a350-f896363bc636: receive RaftClientReply:client-6EDD19400D46->06a4573b-67a1-41e3-a350-f896363bc636@group-757E3781CD2A, cid=696, SUCCESS, logIndex=858, commits[06a4573b-67a1-41e3-a350-f896363bc636:c858, 0b725bbf-683b-4664-9a2e-3c9dd6e38bc1:c854, 9193e3b7-ae04-484d-a740-c65c11559486:c854]
2019-08-24 07:08:12,421 | INFO  | DNAudit | user=null | ip=null | op=WRITE_CHUNK {blockData=conID: 3 locID: 102670695851753884 bcsId: 854} | ret=SUCCESS |  
2019-08-24 07:08:12,421 | INFO  | DNAudit | user=null | ip=null | op=WRITE_CHUNK {blockData=conID: 3 locID: 102670695851753884 bcsId: 854} | ret=SUCCESS |  
2019-08-24 07:08:12,422 | INFO  | DNAudit | user=null | ip=null | op=PUT_BLOCK {blockData=[blockId=conID: 3 locID: 102670695851753884 bcsId: 0,size=4194304]} | ret=SUCCESS |  
2019-08-24 07:08:12,422 | INFO  | DNAudit | user=null | ip=null | op=PUT_BLOCK {blockData=[blockId=conID: 3 locID: 102670695851753884 bcsId: 0,size=4194304]} | ret=SUCCESS |  
2019-08-24 07:08:12,422 [grpc-default-executor-1] INFO  client.GrpcClientProtocolClient (GrpcClientProtocolClient.java:onNext(255)) - client-6EDD19400D46->06a4573b-67a1-41e3-a350-f896363bc636: receive RaftClientReply:client-6EDD19400D46->06a4573b-67a1-41e3-a350-f896363bc636@group-757E3781CD2A, cid=697, SUCCESS, logIndex=0, commits[06a4573b-67a1-41e3-a350-f896363bc636:c859, 0b725bbf-683b-4664-9a2e-3c9dd6e38bc1:c858, 9193e3b7-ae04-484d-a740-c65c11559486:c858]
2019-08-24 07:08:12,431 | INFO  | DNAudit | user=null | ip=null | op=WRITE_CHUNK {blockData=conID: 1 locID: 102670695851753885 bcsId: 0} | ret=SUCCESS |  
2019-08-24 07:08:12,435 | INFO  | DNAudit | user=null | ip=null | op=WRITE_CHUNK {blockData=conID: 1 locID: 102670695851753885 bcsId: 0} | ret=SUCCESS |  
2019-08-24 07:08:12,437 | INFO  | DNAudit | user=null | ip=null | op=WRITE_CHUNK {blockData=conID: 1 locID: 102670695851753885 bcsId: 0} | ret=SUCCESS |  
2019-08-24 07:08:12,438 | INFO  | DNAudit | user=null | ip=null | op=WRITE_CHUNK {blockData=conID: 1 locID: 102670695851753885 bcsId: 0} | ret=SUCCESS |  
2019-08-24 07:08:12,439 | INFO  | DNAudit | user=null | ip=null | op=WRITE_CHUNK {blockData=conID: 1 locID: 102670695851753885 bcsId: 0} | ret=SUCCESS |  
2019-08-24 07:08:12,440 | INFO  | DNAudit | user=null | ip=null | op=WRITE_CHUNK {blockData=conID: 1 locID: 102670695851753885 bcsId: 0} | ret=SUCCESS |  
2019-08-24 07:08:12,449 | INFO  | DNAudit | user=null | ip=null | op=WRITE_CHUNK {blockData=conID: 1 locID: 102670695851753885 bcsId: 0} | ret=SUCCESS |  
2019-08-24 07:08:12,450 | INFO  | DNAudit | user=null | ip=null | op=PUT_BLOCK {blockData=[blockId=conID: 1 locID: 102670695851753885 bcsId: 0,size=1048576]} | ret=SUCCESS |  
2019-08-24 07:08:12,450 [grpc-default-executor-0] INFO  client.GrpcClientProtocolClient (GrpcClientProtocolClient.java:onNext(255)) - client-6EDD19400D46->06a4573b-67a1-41e3-a350-f896363bc636: receive RaftClientReply:client-6EDD19400D46->06a4573b-67a1-41e3-a350-f896363bc636@group-757E3781CD2A, cid=698, SUCCESS, logIndex=861, commits[06a4573b-67a1-41e3-a350-f896363bc636:c863, 0b725bbf-683b-4664-9a2e-3c9dd6e38bc1:c860, 9193e3b7-ae04-484d-a740-c65c11559486:c860]
2019-08-24 07:08:12,450 | INFO  | DNAudit | user=null | ip=null | op=WRITE_CHUNK {blockData=conID: 1 locID: 102670695851753885 bcsId: 0} | ret=SUCCESS |  
2019-08-24 07:08:12,450 [grpc-default-executor-0] INFO  client.GrpcClientProtocolClient (GrpcClientProtocolClient.java:onNext(255)) - client-6EDD19400D46->06a4573b-67a1-41e3-a350-f896363bc636: receive RaftClientReply:client-6EDD19400D46->06a4573b-67a1-41e3-a350-f896363bc636@group-757E3781CD2A, cid=699, SUCCESS, logIndex=862, commits[06a4573b-67a1-41e3-a350-f896363bc636:c864, 0b725bbf-683b-4664-9a2e-3c9dd6e38bc1:c860, 9193e3b7-ae04-484d-a740-c65c11559486:c860]
2019-08-24 07:08:12,451 | INFO  | DNAudit | user=null | ip=null | op=PUT_BLOCK {blockData=[blockId=conID: 1 locID: 102670695851753885 bcsId: 0,size=2097152]} | ret=SUCCESS |  
2019-08-24 07:08:12,451 [grpc-default-executor-0] INFO  client.GrpcClientProtocolClient (GrpcClientProtocolClient.java:onNext(255)) - client-6EDD19400D46->06a4573b-67a1-41e3-a350-f896363bc636: receive RaftClientReply:client-6EDD19400D46->06a4573b-67a1-41e3-a350-f896363bc636@group-757E3781CD2A, cid=700, SUCCESS, logIndex=863, commits[06a4573b-67a1-41e3-a350-f896363bc636:c864, 0b725bbf-683b-4664-9a2e-3c9dd6e38bc1:c860, 9193e3b7-ae04-484d-a740-c65c11559486:c860]
2019-08-24 07:08:12,451 [grpc-default-executor-0] INFO  client.GrpcClientProtocolClient (GrpcClientProtocolClient.java:onNext(255)) - client-6EDD19400D46->06a4573b-67a1-41e3-a350-f896363bc636: receive RaftClientReply:client-6EDD19400D46->06a4573b-67a1-41e3-a350-f896363bc636@group-757E3781CD2A, cid=701, SUCCESS, logIndex=864, commits[06a4573b-67a1-41e3-a350-f896363bc636:c864, 0b725bbf-683b-4664-9a2e-3c9dd6e38bc1:c860, 9193e3b7-ae04-484d-a740-c65c11559486:c860]
2019-08-24 07:08:12,461 | INFO  | DNAudit | user=null | ip=null | op=WRITE_CHUNK {blockData=conID: 1 locID: 102670695851753885 bcsId: 0} | ret=SUCCESS |  
2019-08-24 07:08:12,461 | INFO  | DNAudit | user=null | ip=null | op=WRITE_CHUNK {blockData=conID: 1 locID: 102670695851753885 bcsId: 0} | ret=SUCCESS |  
2019-08-24 07:08:12,461 | INFO  | DNAudit | user=null | ip=null | op=PUT_BLOCK {blockData=[blockId=conID: 1 locID: 102670695851753885 bcsId: 0,size=1048576]} | ret=SUCCESS |  
2019-08-24 07:08:12,462 | INFO  | DNAudit | user=null | ip=null | op=WRITE_CHUNK {blockData=conID: 1 locID: 102670695851753885 bcsId: 0} | ret=SUCCESS |  
2019-08-24 07:08:12,462 | INFO  | DNAudit | user=null | ip=null | op=PUT_BLOCK {blockData=[blockId=conID: 1 locID: 102670695851753885 bcsId: 0,size=1048576]} | ret=SUCCESS |  
2019-08-24 07:08:12,462 | INFO  | DNAudit | user=null | ip=null | op=WRITE_CHUNK {blockData=conID: 1 locID: 102670695851753885 bcsId: 0} | ret=SUCCESS |  
2019-08-24 07:08:12,462 [grpc-default-executor-5] INFO  client.GrpcClientProtocolClient (GrpcClientProtocolClient.java:onNext(255)) - client-6EDD19400D46->06a4573b-67a1-41e3-a350-f896363bc636: receive RaftClientReply:client-6EDD19400D46->06a4573b-67a1-41e3-a350-f896363bc636@group-757E3781CD2A, cid=702, SUCCESS, logIndex=0, commits[06a4573b-67a1-41e3-a350-f896363bc636:c865, 0b725bbf-683b-4664-9a2e-3c9dd6e38bc1:c863, 9193e3b7-ae04-484d-a740-c65c11559486:c863]
2019-08-24 07:08:12,464 | INFO  | DNAudit | user=null | ip=null | op=PUT_BLOCK {blockData=[blockId=conID: 1 locID: 102670695851753885 bcsId: 0,size=2097152]} | ret=SUCCESS |  
2019-08-24 07:08:12,464 | INFO  | DNAudit | user=null | ip=null | op=PUT_BLOCK {blockData=[blockId=conID: 1 locID: 102670695851753885 bcsId: 0,size=2097152]} | ret=SUCCESS |  
2019-08-24 07:08:12,472 | INFO  | DNAudit | user=null | ip=null | op=WRITE_CHUNK {blockData=conID: 1 locID: 102670695851753885 bcsId: 864} | ret=SUCCESS |  
2019-08-24 07:08:12,476 | INFO  | DNAudit | user=null | ip=null | op=WRITE_CHUNK {blockData=conID: 1 locID: 102670695851753885 bcsId: 864} | ret=SUCCESS |  
2019-08-24 07:08:12,477 | INFO  | DNAudit | user=null | ip=null | op=WRITE_CHUNK {blockData=conID: 1 locID: 102670695851753885 bcsId: 864} | ret=SUCCESS |  
2019-08-24 07:08:12,487 | INFO  | DNAudit | user=null | ip=null | op=WRITE_CHUNK {blockData=conID: 1 locID: 102670695851753885 bcsId: 864} | ret=SUCCESS |  
2019-08-24 07:08:12,487 | INFO  | DNAudit | user=null | ip=null | op=PUT_BLOCK {blockData=[blockId=conID: 1 locID: 102670695851753885 bcsId: 0,size=3145728]} | ret=SUCCESS |  
2019-08-24 07:08:12,488 [grpc-default-executor-5] INFO  client.GrpcClientProtocolClient (GrpcClientProtocolClient.java:onNext(255)) - client-6EDD19400D46->06a4573b-67a1-41e3-a350-f896363bc636: receive RaftClientReply:client-6EDD19400D46->06a4573b-67a1-41e3-a350-f896363bc636@group-757E3781CD2A, cid=703, SUCCESS, logIndex=868, commits[06a4573b-67a1-41e3-a350-f896363bc636:c869, 0b725bbf-683b-4664-9a2e-3c9dd6e38bc1:c867, 9193e3b7-ae04-484d-a740-c65c11559486:c867]
2019-08-24 07:08:12,488 [grpc-default-executor-5] INFO  client.GrpcClientProtocolClient (GrpcClientProtocolClient.java:onNext(255)) - client-6EDD19400D46->06a4573b-67a1-41e3-a350-f896363bc636: receive RaftClientReply:client-6EDD19400D46->06a4573b-67a1-41e3-a350-f896363bc636@group-757E3781CD2A, cid=704, SUCCESS, logIndex=869, commits[06a4573b-67a1-41e3-a350-f896363bc636:c869, 0b725bbf-683b-4664-9a2e-3c9dd6e38bc1:c867, 9193e3b7-ae04-484d-a740-c65c11559486:c867]
2019-08-24 07:08:12,497 | INFO  | DNAudit | user=null | ip=null | op=WRITE_CHUNK {blockData=conID: 1 locID: 102670695851753885 bcsId: 869} | ret=SUCCESS |  
2019-08-24 07:08:12,498 | INFO  | DNAudit | user=null | ip=null | op=WRITE_CHUNK {blockData=conID: 1 locID: 102670695851753885 bcsId: 864} | ret=SUCCESS |  
2019-08-24 07:08:12,498 | INFO  | DNAudit | user=null | ip=null | op=WRITE_CHUNK {blockData=conID: 1 locID: 102670695851753885 bcsId: 864} | ret=SUCCESS |  
2019-08-24 07:08:12,499 | INFO  | DNAudit | user=null | ip=null | op=PUT_BLOCK {blockData=[blockId=conID: 1 locID: 102670695851753885 bcsId: 0,size=3145728]} | ret=SUCCESS |  
2019-08-24 07:08:12,499 | INFO  | DNAudit | user=null | ip=null | op=PUT_BLOCK {blockData=[blockId=conID: 1 locID: 102670695851753885 bcsId: 0,size=3145728]} | ret=SUCCESS |  
2019-08-24 07:08:12,502 | INFO  | DNAudit | user=null | ip=null | op=WRITE_CHUNK {blockData=conID: 1 locID: 102670695851753885 bcsId: 869} | ret=SUCCESS |  
2019-08-24 07:08:12,502 | INFO  | DNAudit | user=null | ip=null | op=WRITE_CHUNK {blockData=conID: 1 locID: 102670695851753885 bcsId: 869} | ret=SUCCESS |  
2019-08-24 07:08:12,514 | INFO  | DNAudit | user=null | ip=null | op=WRITE_CHUNK {blockData=conID: 1 locID: 102670695851753885 bcsId: 869} | ret=SUCCESS |  
2019-08-24 07:08:12,514 | INFO  | DNAudit | user=null | ip=null | op=PUT_BLOCK {blockData=[blockId=conID: 1 locID: 102670695851753885 bcsId: 0,size=4194304]} | ret=SUCCESS |  
2019-08-24 07:08:12,515 [grpc-default-executor-0] INFO  client.GrpcClientProtocolClient (GrpcClientProtocolClient.java:onNext(255)) - client-6EDD19400D46->06a4573b-67a1-41e3-a350-f896363bc636: receive RaftClientReply:client-6EDD19400D46->06a4573b-67a1-41e3-a350-f896363bc636@group-757E3781CD2A, cid=705, SUCCESS, logIndex=872, commits[06a4573b-67a1-41e3-a350-f896363bc636:c873, 0b725bbf-683b-4664-9a2e-3c9dd6e38bc1:c869, 9193e3b7-ae04-484d-a740-c65c11559486:c869]
2019-08-24 07:08:12,515 [grpc-default-executor-0] INFO  client.GrpcClientProtocolClient (GrpcClientProtocolClient.java:onNext(255)) - client-6EDD19400D46->06a4573b-67a1-41e3-a350-f896363bc636: receive RaftClientReply:client-6EDD19400D46->06a4573b-67a1-41e3-a350-f896363bc636@group-757E3781CD2A, cid=706, SUCCESS, logIndex=873, commits[06a4573b-67a1-41e3-a350-f896363bc636:c873, 0b725bbf-683b-4664-9a2e-3c9dd6e38bc1:c869, 9193e3b7-ae04-484d-a740-c65c11559486:c869]
2019-08-24 07:08:12,526 | INFO  | DNAudit | user=null | ip=null | op=WRITE_CHUNK {blockData=conID: 1 locID: 102670695851753885 bcsId: 869} | ret=SUCCESS |  
2019-08-24 07:08:12,526 | INFO  | DNAudit | user=null | ip=null | op=WRITE_CHUNK {blockData=conID: 1 locID: 102670695851753885 bcsId: 869} | ret=SUCCESS |  
2019-08-24 07:08:12,526 | INFO  | DNAudit | user=null | ip=null | op=PUT_BLOCK {blockData=[blockId=conID: 1 locID: 102670695851753885 bcsId: 0,size=4194304]} | ret=SUCCESS |  
2019-08-24 07:08:12,529 | INFO  | DNAudit | user=null | ip=null | op=PUT_BLOCK {blockData=[blockId=conID: 1 locID: 102670695851753885 bcsId: 0,size=4194304]} | ret=SUCCESS |  
2019-08-24 07:08:12,529 [grpc-default-executor-0] INFO  client.GrpcClientProtocolClient (GrpcClientProtocolClient.java:onNext(255)) - client-6EDD19400D46->06a4573b-67a1-41e3-a350-f896363bc636: receive RaftClientReply:client-6EDD19400D46->06a4573b-67a1-41e3-a350-f896363bc636@group-757E3781CD2A, cid=707, SUCCESS, logIndex=0, commits[06a4573b-67a1-41e3-a350-f896363bc636:c875, 0b725bbf-683b-4664-9a2e-3c9dd6e38bc1:c873, 9193e3b7-ae04-484d-a740-c65c11559486:c873]
2019-08-24 07:08:12,541 | INFO  | DNAudit | user=null | ip=null | op=WRITE_CHUNK {blockData=conID: 2 locID: 102670695851753886 bcsId: 0} | ret=SUCCESS |  
2019-08-24 07:08:12,545 | INFO  | DNAudit | user=null | ip=null | op=WRITE_CHUNK {blockData=conID: 2 locID: 102670695851753886 bcsId: 0} | ret=SUCCESS |  
2019-08-24 07:08:12,546 | INFO  | DNAudit | user=null | ip=null | op=WRITE_CHUNK {blockData=conID: 2 locID: 102670695851753886 bcsId: 0} | ret=SUCCESS |  
2019-08-24 07:08:12,547 | INFO  | DNAudit | user=null | ip=null | op=WRITE_CHUNK {blockData=conID: 2 locID: 102670695851753886 bcsId: 0} | ret=SUCCESS |  
2019-08-24 07:08:12,548 | INFO  | DNAudit | user=null | ip=null | op=WRITE_CHUNK {blockData=conID: 2 locID: 102670695851753886 bcsId: 0} | ret=SUCCESS |  
2019-08-24 07:08:12,550 | INFO  | DNAudit | user=null | ip=null | op=WRITE_CHUNK {blockData=conID: 2 locID: 102670695851753886 bcsId: 0} | ret=SUCCESS |  
2019-08-24 07:08:12,556 | INFO  | DNAudit | user=null | ip=null | op=WRITE_CHUNK {blockData=conID: 2 locID: 102670695851753886 bcsId: 0} | ret=SUCCESS |  
2019-08-24 07:08:12,557 | INFO  | DNAudit | user=null | ip=null | op=PUT_BLOCK {blockData=[blockId=conID: 2 locID: 102670695851753886 bcsId: 0,size=1048576]} | ret=SUCCESS |  
2019-08-24 07:08:12,557 [grpc-default-executor-0] INFO  client.GrpcClientProtocolClient (GrpcClientProtocolClient.java:onNext(255)) - client-6EDD19400D46->06a4573b-67a1-41e3-a350-f896363bc636: receive RaftClientReply:client-6EDD19400D46->06a4573b-67a1-41e3-a350-f896363bc636@group-757E3781CD2A, cid=708, SUCCESS, logIndex=876, commits[06a4573b-67a1-41e3-a350-f896363bc636:c877, 0b725bbf-683b-4664-9a2e-3c9dd6e38bc1:c875, 9193e3b7-ae04-484d-a740-c65c11559486:c875]
2019-08-24 07:08:12,558 [grpc-default-executor-0] INFO  client.GrpcClientProtocolClient (GrpcClientProtocolClient.java:onNext(255)) - client-6EDD19400D46->06a4573b-67a1-41e3-a350-f896363bc636: receive RaftClientReply:client-6EDD19400D46->06a4573b-67a1-41e3-a350-f896363bc636@group-757E3781CD2A, cid=709, SUCCESS, logIndex=877, commits[06a4573b-67a1-41e3-a350-f896363bc636:c877, 0b725bbf-683b-4664-9a2e-3c9dd6e38bc1:c875, 9193e3b7-ae04-484d-a740-c65c11559486:c875]
2019-08-24 07:08:12,565 | INFO  | DNAudit | user=null | ip=null | op=WRITE_CHUNK {blockData=conID: 2 locID: 102670695851753886 bcsId: 0} | ret=SUCCESS |  
2019-08-24 07:08:12,566 | INFO  | DNAudit | user=null | ip=null | op=WRITE_CHUNK {blockData=conID: 2 locID: 102670695851753886 bcsId: 0} | ret=SUCCESS |  
2019-08-24 07:08:12,566 | INFO  | DNAudit | user=null | ip=null | op=PUT_BLOCK {blockData=[blockId=conID: 2 locID: 102670695851753886 bcsId: 0,size=2097152]} | ret=SUCCESS |  
2019-08-24 07:08:12,566 | INFO  | DNAudit | user=null | ip=null | op=PUT_BLOCK {blockData=[blockId=conID: 2 locID: 102670695851753886 bcsId: 0,size=1048576]} | ret=SUCCESS |  
2019-08-24 07:08:12,567 [grpc-default-executor-5] INFO  client.GrpcClientProtocolClient (GrpcClientProtocolClient.java:onNext(255)) - client-6EDD19400D46->06a4573b-67a1-41e3-a350-f896363bc636: receive RaftClientReply:client-6EDD19400D46->06a4573b-67a1-41e3-a350-f896363bc636@group-757E3781CD2A, cid=710, SUCCESS, logIndex=878, commits[06a4573b-67a1-41e3-a350-f896363bc636:c879, 0b725bbf-683b-4664-9a2e-3c9dd6e38bc1:c875, 9193e3b7-ae04-484d-a740-c65c11559486:c875]
2019-08-24 07:08:12,567 | INFO  | DNAudit | user=null | ip=null | op=WRITE_CHUNK {blockData=conID: 2 locID: 102670695851753886 bcsId: 0} | ret=SUCCESS |  
2019-08-24 07:08:12,567 [grpc-default-executor-0] INFO  client.GrpcClientProtocolClient (GrpcClientProtocolClient.java:onNext(255)) - client-6EDD19400D46->06a4573b-67a1-41e3-a350-f896363bc636: receive RaftClientReply:client-6EDD19400D46->06a4573b-67a1-41e3-a350-f896363bc636@group-757E3781CD2A, cid=711, SUCCESS, logIndex=879, commits[06a4573b-67a1-41e3-a350-f896363bc636:c879, 0b725bbf-683b-4664-9a2e-3c9dd6e38bc1:c875, 9193e3b7-ae04-484d-a740-c65c11559486:c875]
2019-08-24 07:08:12,567 | INFO  | DNAudit | user=null | ip=null | op=PUT_BLOCK {blockData=[blockId=conID: 2 locID: 102670695851753886 bcsId: 0,size=2097152]} | ret=SUCCESS |  
2019-08-24 07:08:12,569 | INFO  | DNAudit | user=null | ip=null | op=WRITE_CHUNK {blockData=conID: 2 locID: 102670695851753886 bcsId: 0} | ret=SUCCESS |  
2019-08-24 07:08:12,570 | INFO  | DNAudit | user=null | ip=null | op=PUT_BLOCK {blockData=[blockId=conID: 2 locID: 102670695851753886 bcsId: 0,size=1048576]} | ret=SUCCESS |  
2019-08-24 07:08:12,570 | INFO  | DNAudit | user=null | ip=null | op=WRITE_CHUNK {blockData=conID: 2 locID: 102670695851753886 bcsId: 0} | ret=SUCCESS |  
2019-08-24 07:08:12,570 | INFO  | DNAudit | user=null | ip=null | op=PUT_BLOCK {blockData=[blockId=conID: 2 locID: 102670695851753886 bcsId: 0,size=2097152]} | ret=SUCCESS |  
2019-08-24 07:08:12,570 [grpc-default-executor-0] INFO  client.GrpcClientProtocolClient (GrpcClientProtocolClient.java:onNext(255)) - client-6EDD19400D46->06a4573b-67a1-41e3-a350-f896363bc636: receive RaftClientReply:client-6EDD19400D46->06a4573b-67a1-41e3-a350-f896363bc636@group-757E3781CD2A, cid=712, SUCCESS, logIndex=0, commits[06a4573b-67a1-41e3-a350-f896363bc636:c882, 0b725bbf-683b-4664-9a2e-3c9dd6e38bc1:c877, 9193e3b7-ae04-484d-a740-c65c11559486:c879]
2019-08-24 07:08:12,580 | INFO  | DNAudit | user=null | ip=null | op=WRITE_CHUNK {blockData=conID: 2 locID: 102670695851753886 bcsId: 879} | ret=SUCCESS |  
2019-08-24 07:08:12,586 | INFO  | DNAudit | user=null | ip=null | op=WRITE_CHUNK {blockData=conID: 2 locID: 102670695851753886 bcsId: 879} | ret=SUCCESS |  
2019-08-24 07:08:12,587 | INFO  | DNAudit | user=null | ip=null | op=WRITE_CHUNK {blockData=conID: 2 locID: 102670695851753886 bcsId: 879} | ret=SUCCESS |  
2019-08-24 07:08:12,598 | INFO  | DNAudit | user=null | ip=null | op=WRITE_CHUNK {blockData=conID: 2 locID: 102670695851753886 bcsId: 879} | ret=SUCCESS |  
2019-08-24 07:08:12,599 | INFO  | DNAudit | user=null | ip=null | op=PUT_BLOCK {blockData=[blockId=conID: 2 locID: 102670695851753886 bcsId: 0,size=3145728]} | ret=SUCCESS |  
2019-08-24 07:08:12,599 [grpc-default-executor-5] INFO  client.GrpcClientProtocolClient (GrpcClientProtocolClient.java:onNext(255)) - client-6EDD19400D46->06a4573b-67a1-41e3-a350-f896363bc636: receive RaftClientReply:client-6EDD19400D46->06a4573b-67a1-41e3-a350-f896363bc636@group-757E3781CD2A, cid=713, SUCCESS, logIndex=883, commits[06a4573b-67a1-41e3-a350-f896363bc636:c884, 0b725bbf-683b-4664-9a2e-3c9dd6e38bc1:c882, 9193e3b7-ae04-484d-a740-c65c11559486:c882]
2019-08-24 07:08:12,600 [grpc-default-executor-5] INFO  client.GrpcClientProtocolClient (GrpcClientProtocolClient.java:onNext(255)) - client-6EDD19400D46->06a4573b-67a1-41e3-a350-f896363bc636: receive RaftClientReply:client-6EDD19400D46->06a4573b-67a1-41e3-a350-f896363bc636@group-757E3781CD2A, cid=714, SUCCESS, logIndex=884, commits[06a4573b-67a1-41e3-a350-f896363bc636:c884, 0b725bbf-683b-4664-9a2e-3c9dd6e38bc1:c882, 9193e3b7-ae04-484d-a740-c65c11559486:c882]
2019-08-24 07:08:12,608 | INFO  | DNAudit | user=null | ip=null | op=WRITE_CHUNK {blockData=conID: 2 locID: 102670695851753886 bcsId: 884} | ret=SUCCESS |  
2019-08-24 07:08:12,610 | INFO  | DNAudit | user=null | ip=null | op=WRITE_CHUNK {blockData=conID: 2 locID: 102670695851753886 bcsId: 879} | ret=SUCCESS |  
2019-08-24 07:08:12,610 | INFO  | DNAudit | user=null | ip=null | op=WRITE_CHUNK {blockData=conID: 2 locID: 102670695851753886 bcsId: 879} | ret=SUCCESS |  
2019-08-24 07:08:12,612 | INFO  | DNAudit | user=null | ip=null | op=PUT_BLOCK {blockData=[blockId=conID: 2 locID: 102670695851753886 bcsId: 0,size=3145728]} | ret=SUCCESS |  
2019-08-24 07:08:12,613 | INFO  | DNAudit | user=null | ip=null | op=PUT_BLOCK {blockData=[blockId=conID: 2 locID: 102670695851753886 bcsId: 0,size=3145728]} | ret=SUCCESS |  
2019-08-24 07:08:12,615 | INFO  | DNAudit | user=null | ip=null | op=WRITE_CHUNK {blockData=conID: 2 locID: 102670695851753886 bcsId: 884} | ret=SUCCESS |  
2019-08-24 07:08:12,616 | INFO  | DNAudit | user=null | ip=null | op=WRITE_CHUNK {blockData=conID: 2 locID: 102670695851753886 bcsId: 884} | ret=SUCCESS |  
2019-08-24 07:08:12,627 | INFO  | DNAudit | user=null | ip=null | op=WRITE_CHUNK {blockData=conID: 2 locID: 102670695851753886 bcsId: 884} | ret=SUCCESS |  
2019-08-24 07:08:12,628 | INFO  | DNAudit | user=null | ip=null | op=PUT_BLOCK {blockData=[blockId=conID: 2 locID: 102670695851753886 bcsId: 0,size=4194304]} | ret=SUCCESS |  
2019-08-24 07:08:12,629 [grpc-default-executor-5] INFO  client.GrpcClientProtocolClient (GrpcClientProtocolClient.java:onNext(255)) - client-6EDD19400D46->06a4573b-67a1-41e3-a350-f896363bc636: receive RaftClientReply:client-6EDD19400D46->06a4573b-67a1-41e3-a350-f896363bc636@group-757E3781CD2A, cid=715, SUCCESS, logIndex=887, commits[06a4573b-67a1-41e3-a350-f896363bc636:c888, 0b725bbf-683b-4664-9a2e-3c9dd6e38bc1:c884, 9193e3b7-ae04-484d-a740-c65c11559486:c884]
2019-08-24 07:08:12,629 [grpc-default-executor-5] INFO  client.GrpcClientProtocolClient (GrpcClientProtocolClient.java:onNext(255)) - client-6EDD19400D46->06a4573b-67a1-41e3-a350-f896363bc636: receive RaftClientReply:client-6EDD19400D46->06a4573b-67a1-41e3-a350-f896363bc636@group-757E3781CD2A, cid=716, SUCCESS, logIndex=888, commits[06a4573b-67a1-41e3-a350-f896363bc636:c888, 0b725bbf-683b-4664-9a2e-3c9dd6e38bc1:c884, 9193e3b7-ae04-484d-a740-c65c11559486:c884]
2019-08-24 07:08:12,640 | INFO  | DNAudit | user=null | ip=null | op=WRITE_CHUNK {blockData=conID: 2 locID: 102670695851753886 bcsId: 884} | ret=SUCCESS |  
2019-08-24 07:08:12,640 | INFO  | DNAudit | user=null | ip=null | op=WRITE_CHUNK {blockData=conID: 2 locID: 102670695851753886 bcsId: 884} | ret=SUCCESS |  
2019-08-24 07:08:12,640 | INFO  | DNAudit | user=null | ip=null | op=PUT_BLOCK {blockData=[blockId=conID: 2 locID: 102670695851753886 bcsId: 0,size=4194304]} | ret=SUCCESS |  
2019-08-24 07:08:12,640 | INFO  | DNAudit | user=null | ip=null | op=PUT_BLOCK {blockData=[blockId=conID: 2 locID: 102670695851753886 bcsId: 0,size=4194304]} | ret=SUCCESS |  
2019-08-24 07:08:12,641 [grpc-default-executor-5] INFO  client.GrpcClientProtocolClient (GrpcClientProtocolClient.java:onNext(255)) - client-6EDD19400D46->06a4573b-67a1-41e3-a350-f896363bc636: receive RaftClientReply:client-6EDD19400D46->06a4573b-67a1-41e3-a350-f896363bc636@group-757E3781CD2A, cid=717, SUCCESS, logIndex=0, commits[06a4573b-67a1-41e3-a350-f896363bc636:c889, 0b725bbf-683b-4664-9a2e-3c9dd6e38bc1:c888, 9193e3b7-ae04-484d-a740-c65c11559486:c888]
2019-08-24 07:08:12,650 | INFO  | DNAudit | user=null | ip=null | op=WRITE_CHUNK {blockData=conID: 3 locID: 102670695851753887 bcsId: 0} | ret=SUCCESS |  
2019-08-24 07:08:12,652 | INFO  | DNAudit | user=null | ip=null | op=WRITE_CHUNK {blockData=conID: 3 locID: 102670695851753887 bcsId: 0} | ret=SUCCESS |  
2019-08-24 07:08:12,655 | INFO  | DNAudit | user=null | ip=null | op=WRITE_CHUNK {blockData=conID: 3 locID: 102670695851753887 bcsId: 0} | ret=SUCCESS |  
2019-08-24 07:08:12,657 | INFO  | DNAudit | user=null | ip=null | op=WRITE_CHUNK {blockData=conID: 3 locID: 102670695851753887 bcsId: 0} | ret=SUCCESS |  
2019-08-24 07:08:12,659 | INFO  | DNAudit | user=null | ip=null | op=WRITE_CHUNK {blockData=conID: 3 locID: 102670695851753887 bcsId: 0} | ret=SUCCESS |  
2019-08-24 07:08:12,661 | INFO  | DNAudit | user=null | ip=null | op=WRITE_CHUNK {blockData=conID: 3 locID: 102670695851753887 bcsId: 0} | ret=SUCCESS |  
2019-08-24 07:08:12,665 | INFO  | DNAudit | user=null | ip=null | op=WRITE_CHUNK {blockData=conID: 3 locID: 102670695851753887 bcsId: 0} | ret=SUCCESS |  
2019-08-24 07:08:12,666 | INFO  | DNAudit | user=null | ip=null | op=PUT_BLOCK {blockData=[blockId=conID: 3 locID: 102670695851753887 bcsId: 0,size=1048576]} | ret=SUCCESS |  
2019-08-24 07:08:12,667 | INFO  | DNAudit | user=null | ip=null | op=WRITE_CHUNK {blockData=conID: 3 locID: 102670695851753887 bcsId: 0} | ret=SUCCESS |  
2019-08-24 07:08:12,667 | INFO  | DNAudit | user=null | ip=null | op=WRITE_CHUNK {blockData=conID: 3 locID: 102670695851753887 bcsId: 0} | ret=SUCCESS |  
2019-08-24 07:08:12,667 | INFO  | DNAudit | user=null | ip=null | op=WRITE_CHUNK {blockData=conID: 3 locID: 102670695851753887 bcsId: 0} | ret=SUCCESS |  
2019-08-24 07:08:12,667 | INFO  | DNAudit | user=null | ip=null | op=PUT_BLOCK {blockData=[blockId=conID: 3 locID: 102670695851753887 bcsId: 0,size=1048576]} | ret=SUCCESS |  
2019-08-24 07:08:12,667 [grpc-default-executor-0] INFO  client.GrpcClientProtocolClient (GrpcClientProtocolClient.java:onNext(255)) - client-6EDD19400D46->06a4573b-67a1-41e3-a350-f896363bc636: receive RaftClientReply:client-6EDD19400D46->06a4573b-67a1-41e3-a350-f896363bc636@group-757E3781CD2A, cid=718, SUCCESS, logIndex=891, commits[06a4573b-67a1-41e3-a350-f896363bc636:c892, 0b725bbf-683b-4664-9a2e-3c9dd6e38bc1:c890, 9193e3b7-ae04-484d-a740-c65c11559486:c888]
2019-08-24 07:08:12,667 | INFO  | DNAudit | user=null | ip=null | op=PUT_BLOCK {blockData=[blockId=conID: 3 locID: 102670695851753887 bcsId: 0,size=1048576]} | ret=SUCCESS |  
2019-08-24 07:08:12,668 | INFO  | DNAudit | user=null | ip=null | op=PUT_BLOCK {blockData=[blockId=conID: 3 locID: 102670695851753887 bcsId: 0,size=2097152]} | ret=SUCCESS |  
2019-08-24 07:08:12,668 [grpc-default-executor-0] INFO  client.GrpcClientProtocolClient (GrpcClientProtocolClient.java:onNext(255)) - client-6EDD19400D46->06a4573b-67a1-41e3-a350-f896363bc636: receive RaftClientReply:client-6EDD19400D46->06a4573b-67a1-41e3-a350-f896363bc636@group-757E3781CD2A, cid=719, SUCCESS, logIndex=892, commits[06a4573b-67a1-41e3-a350-f896363bc636:c894, 0b725bbf-683b-4664-9a2e-3c9dd6e38bc1:c890, 9193e3b7-ae04-484d-a740-c65c11559486:c890]
2019-08-24 07:08:12,668 | INFO  | DNAudit | user=null | ip=null | op=WRITE_CHUNK {blockData=conID: 3 locID: 102670695851753887 bcsId: 0} | ret=SUCCESS |  
2019-08-24 07:08:12,668 | INFO  | DNAudit | user=null | ip=null | op=PUT_BLOCK {blockData=[blockId=conID: 3 locID: 102670695851753887 bcsId: 0,size=2097152]} | ret=SUCCESS |  
2019-08-24 07:08:12,669 | INFO  | DNAudit | user=null | ip=null | op=WRITE_CHUNK {blockData=conID: 3 locID: 102670695851753887 bcsId: 0} | ret=SUCCESS |  
2019-08-24 07:08:12,669 [grpc-default-executor-0] INFO  client.GrpcClientProtocolClient (GrpcClientProtocolClient.java:onNext(255)) - client-6EDD19400D46->06a4573b-67a1-41e3-a350-f896363bc636: receive RaftClientReply:client-6EDD19400D46->06a4573b-67a1-41e3-a350-f896363bc636@group-757E3781CD2A, cid=720, SUCCESS, logIndex=893, commits[06a4573b-67a1-41e3-a350-f896363bc636:c895, 0b725bbf-683b-4664-9a2e-3c9dd6e38bc1:c892, 9193e3b7-ae04-484d-a740-c65c11559486:c890]
2019-08-24 07:08:12,669 | INFO  | DNAudit | user=null | ip=null | op=PUT_BLOCK {blockData=[blockId=conID: 3 locID: 102670695851753887 bcsId: 0,size=2097152]} | ret=SUCCESS |  
2019-08-24 07:08:12,669 [grpc-default-executor-0] INFO  client.GrpcClientProtocolClient (GrpcClientProtocolClient.java:onNext(255)) - client-6EDD19400D46->06a4573b-67a1-41e3-a350-f896363bc636: receive RaftClientReply:client-6EDD19400D46->06a4573b-67a1-41e3-a350-f896363bc636@group-757E3781CD2A, cid=721, SUCCESS, logIndex=894, commits[06a4573b-67a1-41e3-a350-f896363bc636:c895, 0b725bbf-683b-4664-9a2e-3c9dd6e38bc1:c892, 9193e3b7-ae04-484d-a740-c65c11559486:c892]
2019-08-24 07:08:12,680 | INFO  | DNAudit | user=null | ip=null | op=WRITE_CHUNK {blockData=conID: 3 locID: 102670695851753887 bcsId: 894} | ret=SUCCESS |  
2019-08-24 07:08:12,684 | INFO  | DNAudit | user=null | ip=null | op=WRITE_CHUNK {blockData=conID: 3 locID: 102670695851753887 bcsId: 894} | ret=SUCCESS |  
2019-08-24 07:08:12,684 | INFO  | DNAudit | user=null | ip=null | op=WRITE_CHUNK {blockData=conID: 3 locID: 102670695851753887 bcsId: 894} | ret=SUCCESS |  
2019-08-24 07:08:12,693 | INFO  | DNAudit | user=null | ip=null | op=WRITE_CHUNK {blockData=conID: 3 locID: 102670695851753887 bcsId: 894} | ret=SUCCESS |  
2019-08-24 07:08:12,694 | INFO  | DNAudit | user=null | ip=null | op=PUT_BLOCK {blockData=[blockId=conID: 3 locID: 102670695851753887 bcsId: 0,size=3145728]} | ret=SUCCESS |  
2019-08-24 07:08:12,694 [grpc-default-executor-2] INFO  client.GrpcClientProtocolClient (GrpcClientProtocolClient.java:onNext(255)) - client-6EDD19400D46->06a4573b-67a1-41e3-a350-f896363bc636: receive RaftClientReply:client-6EDD19400D46->06a4573b-67a1-41e3-a350-f896363bc636@group-757E3781CD2A, cid=722, SUCCESS, logIndex=898, commits[06a4573b-67a1-41e3-a350-f896363bc636:c899, 0b725bbf-683b-4664-9a2e-3c9dd6e38bc1:c897, 9193e3b7-ae04-484d-a740-c65c11559486:c897]
2019-08-24 07:08:12,695 [grpc-default-executor-2] INFO  client.GrpcClientProtocolClient (GrpcClientProtocolClient.java:onNext(255)) - client-6EDD19400D46->06a4573b-67a1-41e3-a350-f896363bc636: receive RaftClientReply:client-6EDD19400D46->06a4573b-67a1-41e3-a350-f896363bc636@group-757E3781CD2A, cid=723, SUCCESS, logIndex=899, commits[06a4573b-67a1-41e3-a350-f896363bc636:c899, 0b725bbf-683b-4664-9a2e-3c9dd6e38bc1:c897, 9193e3b7-ae04-484d-a740-c65c11559486:c897]
2019-08-24 07:08:12,704 | INFO  | DNAudit | user=null | ip=null | op=WRITE_CHUNK {blockData=conID: 3 locID: 102670695851753887 bcsId: 899} | ret=SUCCESS |  
2019-08-24 07:08:12,705 | INFO  | DNAudit | user=null | ip=null | op=WRITE_CHUNK {blockData=conID: 3 locID: 102670695851753887 bcsId: 894} | ret=SUCCESS |  
2019-08-24 07:08:12,705 | INFO  | DNAudit | user=null | ip=null | op=WRITE_CHUNK {blockData=conID: 3 locID: 102670695851753887 bcsId: 894} | ret=SUCCESS |  
2019-08-24 07:08:12,707 | INFO  | DNAudit | user=null | ip=null | op=PUT_BLOCK {blockData=[blockId=conID: 3 locID: 102670695851753887 bcsId: 0,size=3145728]} | ret=SUCCESS |  
2019-08-24 07:08:12,707 | INFO  | DNAudit | user=null | ip=null | op=PUT_BLOCK {blockData=[blockId=conID: 3 locID: 102670695851753887 bcsId: 0,size=3145728]} | ret=SUCCESS |  
2019-08-24 07:08:12,709 | INFO  | DNAudit | user=null | ip=null | op=WRITE_CHUNK {blockData=conID: 3 locID: 102670695851753887 bcsId: 899} | ret=SUCCESS |  
2019-08-24 07:08:12,710 | INFO  | DNAudit | user=null | ip=null | op=WRITE_CHUNK {blockData=conID: 3 locID: 102670695851753887 bcsId: 899} | ret=SUCCESS |  
2019-08-24 07:08:12,722 | INFO  | DNAudit | user=null | ip=null | op=WRITE_CHUNK {blockData=conID: 3 locID: 102670695851753887 bcsId: 899} | ret=SUCCESS |  
2019-08-24 07:08:12,723 | INFO  | DNAudit | user=null | ip=null | op=PUT_BLOCK {blockData=[blockId=conID: 3 locID: 102670695851753887 bcsId: 0,size=4194304]} | ret=SUCCESS |  
2019-08-24 07:08:12,723 [grpc-default-executor-2] INFO  client.GrpcClientProtocolClient (GrpcClientProtocolClient.java:onNext(255)) - client-6EDD19400D46->06a4573b-67a1-41e3-a350-f896363bc636: receive RaftClientReply:client-6EDD19400D46->06a4573b-67a1-41e3-a350-f896363bc636@group-757E3781CD2A, cid=724, SUCCESS, logIndex=902, commits[06a4573b-67a1-41e3-a350-f896363bc636:c903, 0b725bbf-683b-4664-9a2e-3c9dd6e38bc1:c899, 9193e3b7-ae04-484d-a740-c65c11559486:c899]
2019-08-24 07:08:12,724 [grpc-default-executor-2] INFO  client.GrpcClientProtocolClient (GrpcClientProtocolClient.java:onNext(255)) - client-6EDD19400D46->06a4573b-67a1-41e3-a350-f896363bc636: receive RaftClientReply:client-6EDD19400D46->06a4573b-67a1-41e3-a350-f896363bc636@group-757E3781CD2A, cid=725, SUCCESS, logIndex=903, commits[06a4573b-67a1-41e3-a350-f896363bc636:c903, 0b725bbf-683b-4664-9a2e-3c9dd6e38bc1:c899, 9193e3b7-ae04-484d-a740-c65c11559486:c899]
2019-08-24 07:08:12,734 | INFO  | DNAudit | user=null | ip=null | op=WRITE_CHUNK {blockData=conID: 3 locID: 102670695851753887 bcsId: 899} | ret=SUCCESS |  
2019-08-24 07:08:12,734 | INFO  | DNAudit | user=null | ip=null | op=WRITE_CHUNK {blockData=conID: 3 locID: 102670695851753887 bcsId: 899} | ret=SUCCESS |  
2019-08-24 07:08:12,735 | INFO  | DNAudit | user=null | ip=null | op=PUT_BLOCK {blockData=[blockId=conID: 3 locID: 102670695851753887 bcsId: 0,size=4194304]} | ret=SUCCESS |  
2019-08-24 07:08:12,735 | INFO  | DNAudit | user=null | ip=null | op=PUT_BLOCK {blockData=[blockId=conID: 3 locID: 102670695851753887 bcsId: 0,size=4194304]} | ret=SUCCESS |  
2019-08-24 07:08:12,737 [grpc-default-executor-2] INFO  client.GrpcClientProtocolClient (GrpcClientProtocolClient.java:onNext(255)) - client-6EDD19400D46->06a4573b-67a1-41e3-a350-f896363bc636: receive RaftClientReply:client-6EDD19400D46->06a4573b-67a1-41e3-a350-f896363bc636@group-757E3781CD2A, cid=726, SUCCESS, logIndex=0, commits[06a4573b-67a1-41e3-a350-f896363bc636:c904, 0b725bbf-683b-4664-9a2e-3c9dd6e38bc1:c903, 9193e3b7-ae04-484d-a740-c65c11559486:c903]
2019-08-24 07:08:12,745 | INFO  | DNAudit | user=null | ip=null | op=WRITE_CHUNK {blockData=conID: 1 locID: 102670695851819424 bcsId: 0} | ret=SUCCESS |  
2019-08-24 07:08:12,750 | INFO  | DNAudit | user=null | ip=null | op=WRITE_CHUNK {blockData=conID: 1 locID: 102670695851819424 bcsId: 0} | ret=SUCCESS |  
2019-08-24 07:08:12,751 | INFO  | DNAudit | user=null | ip=null | op=WRITE_CHUNK {blockData=conID: 1 locID: 102670695851819424 bcsId: 0} | ret=SUCCESS |  
2019-08-24 07:08:12,754 | INFO  | DNAudit | user=null | ip=null | op=WRITE_CHUNK {blockData=conID: 1 locID: 102670695851819424 bcsId: 0} | ret=SUCCESS |  
2019-08-24 07:08:12,754 | INFO  | DNAudit | user=null | ip=null | op=WRITE_CHUNK {blockData=conID: 1 locID: 102670695851819424 bcsId: 0} | ret=SUCCESS |  
2019-08-24 07:08:12,756 | INFO  | DNAudit | user=null | ip=null | op=WRITE_CHUNK {blockData=conID: 1 locID: 102670695851819424 bcsId: 0} | ret=SUCCESS |  
2019-08-24 07:08:12,759 | INFO  | DNAudit | user=null | ip=null | op=WRITE_CHUNK {blockData=conID: 1 locID: 102670695851819424 bcsId: 0} | ret=SUCCESS |  
2019-08-24 07:08:12,760 | INFO  | DNAudit | user=null | ip=null | op=PUT_BLOCK {blockData=[blockId=conID: 1 locID: 102670695851819424 bcsId: 0,size=1048576]} | ret=SUCCESS |  
2019-08-24 07:08:12,760 | INFO  | DNAudit | user=null | ip=null | op=WRITE_CHUNK {blockData=conID: 1 locID: 102670695851819424 bcsId: 0} | ret=SUCCESS |  
2019-08-24 07:08:12,761 [grpc-default-executor-5] INFO  client.GrpcClientProtocolClient (GrpcClientProtocolClient.java:onNext(255)) - client-6EDD19400D46->06a4573b-67a1-41e3-a350-f896363bc636: receive RaftClientReply:client-6EDD19400D46->06a4573b-67a1-41e3-a350-f896363bc636@group-757E3781CD2A, cid=727, SUCCESS, logIndex=906, commits[06a4573b-67a1-41e3-a350-f896363bc636:c907, 0b725bbf-683b-4664-9a2e-3c9dd6e38bc1:c903, 9193e3b7-ae04-484d-a740-c65c11559486:c905]
2019-08-24 07:08:12,761 | INFO  | DNAudit | user=null | ip=null | op=PUT_BLOCK {blockData=[blockId=conID: 1 locID: 102670695851819424 bcsId: 0,size=2097152]} | ret=SUCCESS |  
2019-08-24 07:08:12,761 [grpc-default-executor-5] INFO  client.GrpcClientProtocolClient (GrpcClientProtocolClient.java:onNext(255)) - client-6EDD19400D46->06a4573b-67a1-41e3-a350-f896363bc636: receive RaftClientReply:client-6EDD19400D46->06a4573b-67a1-41e3-a350-f896363bc636@group-757E3781CD2A, cid=728, SUCCESS, logIndex=907, commits[06a4573b-67a1-41e3-a350-f896363bc636:c909, 0b725bbf-683b-4664-9a2e-3c9dd6e38bc1:c903, 9193e3b7-ae04-484d-a740-c65c11559486:c905]
2019-08-24 07:08:12,762 [grpc-default-executor-5] INFO  client.GrpcClientProtocolClient (GrpcClientProtocolClient.java:onNext(255)) - client-6EDD19400D46->06a4573b-67a1-41e3-a350-f896363bc636: receive RaftClientReply:client-6EDD19400D46->06a4573b-67a1-41e3-a350-f896363bc636@group-757E3781CD2A, cid=729, SUCCESS, logIndex=908, commits[06a4573b-67a1-41e3-a350-f896363bc636:c909, 0b725bbf-683b-4664-9a2e-3c9dd6e38bc1:c905, 9193e3b7-ae04-484d-a740-c65c11559486:c905]
2019-08-24 07:08:12,762 [grpc-default-executor-5] INFO  client.GrpcClientProtocolClient (GrpcClientProtocolClient.java:onNext(255)) - client-6EDD19400D46->06a4573b-67a1-41e3-a350-f896363bc636: receive RaftClientReply:client-6EDD19400D46->06a4573b-67a1-41e3-a350-f896363bc636@group-757E3781CD2A, cid=730, SUCCESS, logIndex=909, commits[06a4573b-67a1-41e3-a350-f896363bc636:c909, 0b725bbf-683b-4664-9a2e-3c9dd6e38bc1:c905, 9193e3b7-ae04-484d-a740-c65c11559486:c905]
2019-08-24 07:08:12,770 | INFO  | DNAudit | user=null | ip=null | op=WRITE_CHUNK {blockData=conID: 1 locID: 102670695851819424 bcsId: 0} | ret=SUCCESS |  
2019-08-24 07:08:12,771 | INFO  | DNAudit | user=null | ip=null | op=PUT_BLOCK {blockData=[blockId=conID: 1 locID: 102670695851819424 bcsId: 0,size=1048576]} | ret=SUCCESS |  
2019-08-24 07:08:12,773 | INFO  | DNAudit | user=null | ip=null | op=WRITE_CHUNK {blockData=conID: 1 locID: 102670695851819424 bcsId: 0} | ret=SUCCESS |  
2019-08-24 07:08:12,773 | INFO  | DNAudit | user=null | ip=null | op=PUT_BLOCK {blockData=[blockId=conID: 1 locID: 102670695851819424 bcsId: 0,size=1048576]} | ret=SUCCESS |  
2019-08-24 07:08:12,774 | INFO  | DNAudit | user=null | ip=null | op=WRITE_CHUNK {blockData=conID: 1 locID: 102670695851819424 bcsId: 0} | ret=SUCCESS |  
2019-08-24 07:08:12,774 | INFO  | DNAudit | user=null | ip=null | op=PUT_BLOCK {blockData=[blockId=conID: 1 locID: 102670695851819424 bcsId: 0,size=2097152]} | ret=SUCCESS |  
2019-08-24 07:08:12,774 [grpc-default-executor-5] INFO  client.GrpcClientProtocolClient (GrpcClientProtocolClient.java:onNext(255)) - client-6EDD19400D46->06a4573b-67a1-41e3-a350-f896363bc636: receive RaftClientReply:client-6EDD19400D46->06a4573b-67a1-41e3-a350-f896363bc636@group-757E3781CD2A, cid=731, SUCCESS, logIndex=0, commits[06a4573b-67a1-41e3-a350-f896363bc636:c910, 0b725bbf-683b-4664-9a2e-3c9dd6e38bc1:c907, 9193e3b7-ae04-484d-a740-c65c11559486:c907]
2019-08-24 07:08:12,784 | INFO  | DNAudit | user=null | ip=null | op=WRITE_CHUNK {blockData=conID: 1 locID: 102670695851819424 bcsId: 0} | ret=SUCCESS |  
2019-08-24 07:08:12,784 | INFO  | DNAudit | user=null | ip=null | op=PUT_BLOCK {blockData=[blockId=conID: 1 locID: 102670695851819424 bcsId: 0,size=2097152]} | ret=SUCCESS |  
2019-08-24 07:08:12,784 | INFO  | DNAudit | user=null | ip=null | op=WRITE_CHUNK {blockData=conID: 1 locID: 102670695851819424 bcsId: 909} | ret=SUCCESS |  
2019-08-24 07:08:12,790 | INFO  | DNAudit | user=null | ip=null | op=WRITE_CHUNK {blockData=conID: 1 locID: 102670695851819424 bcsId: 909} | ret=SUCCESS |  
2019-08-24 07:08:12,790 | INFO  | DNAudit | user=null | ip=null | op=WRITE_CHUNK {blockData=conID: 1 locID: 102670695851819424 bcsId: 909} | ret=SUCCESS |  
2019-08-24 07:08:12,797 | INFO  | DNAudit | user=null | ip=null | op=WRITE_CHUNK {blockData=conID: 1 locID: 102670695851819424 bcsId: 909} | ret=SUCCESS |  
2019-08-24 07:08:12,798 | INFO  | DNAudit | user=null | ip=null | op=PUT_BLOCK {blockData=[blockId=conID: 1 locID: 102670695851819424 bcsId: 0,size=3145728]} | ret=SUCCESS |  
2019-08-24 07:08:12,798 [grpc-default-executor-5] INFO  client.GrpcClientProtocolClient (GrpcClientProtocolClient.java:onNext(255)) - client-6EDD19400D46->06a4573b-67a1-41e3-a350-f896363bc636: receive RaftClientReply:client-6EDD19400D46->06a4573b-67a1-41e3-a350-f896363bc636@group-757E3781CD2A, cid=732, SUCCESS, logIndex=913, commits[06a4573b-67a1-41e3-a350-f896363bc636:c914, 0b725bbf-683b-4664-9a2e-3c9dd6e38bc1:c911, 9193e3b7-ae04-484d-a740-c65c11559486:c911]
2019-08-24 07:08:12,799 [grpc-default-executor-5] INFO  client.GrpcClientProtocolClient (GrpcClientProtocolClient.java:onNext(255)) - client-6EDD19400D46->06a4573b-67a1-41e3-a350-f896363bc636: receive RaftClientReply:client-6EDD19400D46->06a4573b-67a1-41e3-a350-f896363bc636@group-757E3781CD2A, cid=733, SUCCESS, logIndex=914, commits[06a4573b-67a1-41e3-a350-f896363bc636:c914, 0b725bbf-683b-4664-9a2e-3c9dd6e38bc1:c911, 9193e3b7-ae04-484d-a740-c65c11559486:c911]
2019-08-24 07:08:12,809 | INFO  | DNAudit | user=null | ip=null | op=WRITE_CHUNK {blockData=conID: 1 locID: 102670695851819424 bcsId: 909} | ret=SUCCESS |  
2019-08-24 07:08:12,809 | INFO  | DNAudit | user=null | ip=null | op=WRITE_CHUNK {blockData=conID: 1 locID: 102670695851819424 bcsId: 914} | ret=SUCCESS |  
2019-08-24 07:08:12,809 | INFO  | DNAudit | user=null | ip=null | op=WRITE_CHUNK {blockData=conID: 1 locID: 102670695851819424 bcsId: 909} | ret=SUCCESS |  
2019-08-24 07:08:12,810 | INFO  | DNAudit | user=null | ip=null | op=PUT_BLOCK {blockData=[blockId=conID: 1 locID: 102670695851819424 bcsId: 0,size=3145728]} | ret=SUCCESS |  
2019-08-24 07:08:12,810 | INFO  | DNAudit | user=null | ip=null | op=PUT_BLOCK {blockData=[blockId=conID: 1 locID: 102670695851819424 bcsId: 0,size=3145728]} | ret=SUCCESS |  
2019-08-24 07:08:12,825 | INFO  | DNAudit | user=null | ip=null | op=WRITE_CHUNK {blockData=conID: 1 locID: 102670695851819424 bcsId: 914} | ret=SUCCESS |  
2019-08-24 07:08:12,825 | INFO  | SCMAudit | user=jenkins1000 | ip=192.168.69.125 | op=SEND_HEARTBEAT {datanodeUUID=b8548da6-9cc6-46be-8dd4-5219531f5960, command=[]} | ret=SUCCESS |  
2019-08-24 07:08:12,825 | INFO  | DNAudit | user=null | ip=null | op=WRITE_CHUNK {blockData=conID: 1 locID: 102670695851819424 bcsId: 914} | ret=SUCCESS |  
2019-08-24 07:08:12,852 | INFO  | DNAudit | user=null | ip=null | op=WRITE_CHUNK {blockData=conID: 1 locID: 102670695851819424 bcsId: 914} | ret=SUCCESS |  
2019-08-24 07:08:12,853 | INFO  | DNAudit | user=null | ip=null | op=PUT_BLOCK {blockData=[blockId=conID: 1 locID: 102670695851819424 bcsId: 0,size=4194304]} | ret=SUCCESS |  
2019-08-24 07:08:12,853 [grpc-default-executor-2] INFO  client.GrpcClientProtocolClient (GrpcClientProtocolClient.java:onNext(255)) - client-6EDD19400D46->06a4573b-67a1-41e3-a350-f896363bc636: receive RaftClientReply:client-6EDD19400D46->06a4573b-67a1-41e3-a350-f896363bc636@group-757E3781CD2A, cid=734, SUCCESS, logIndex=917, commits[06a4573b-67a1-41e3-a350-f896363bc636:c918, 0b725bbf-683b-4664-9a2e-3c9dd6e38bc1:c914, 9193e3b7-ae04-484d-a740-c65c11559486:c914]
2019-08-24 07:08:12,854 [grpc-default-executor-2] INFO  client.GrpcClientProtocolClient (GrpcClientProtocolClient.java:onNext(255)) - client-6EDD19400D46->06a4573b-67a1-41e3-a350-f896363bc636: receive RaftClientReply:client-6EDD19400D46->06a4573b-67a1-41e3-a350-f896363bc636@group-757E3781CD2A, cid=735, SUCCESS, logIndex=918, commits[06a4573b-67a1-41e3-a350-f896363bc636:c918, 0b725bbf-683b-4664-9a2e-3c9dd6e38bc1:c914, 9193e3b7-ae04-484d-a740-c65c11559486:c914]
2019-08-24 07:08:12,856 | INFO  | DNAudit | user=null | ip=null | op=WRITE_CHUNK {blockData=conID: 1 locID: 102670695851819424 bcsId: 914} | ret=SUCCESS |  
2019-08-24 07:08:12,856 | INFO  | DNAudit | user=null | ip=null | op=WRITE_CHUNK {blockData=conID: 1 locID: 102670695851819424 bcsId: 914} | ret=SUCCESS |  
2019-08-24 07:08:12,857 | INFO  | DNAudit | user=null | ip=null | op=PUT_BLOCK {blockData=[blockId=conID: 1 locID: 102670695851819424 bcsId: 0,size=4194304]} | ret=SUCCESS |  
2019-08-24 07:08:12,857 | INFO  | DNAudit | user=null | ip=null | op=PUT_BLOCK {blockData=[blockId=conID: 1 locID: 102670695851819424 bcsId: 0,size=4194304]} | ret=SUCCESS |  
2019-08-24 07:08:12,858 [grpc-default-executor-2] INFO  client.GrpcClientProtocolClient (GrpcClientProtocolClient.java:onNext(255)) - client-6EDD19400D46->06a4573b-67a1-41e3-a350-f896363bc636: receive RaftClientReply:client-6EDD19400D46->06a4573b-67a1-41e3-a350-f896363bc636@group-757E3781CD2A, cid=736, SUCCESS, logIndex=0, commits[06a4573b-67a1-41e3-a350-f896363bc636:c919, 0b725bbf-683b-4664-9a2e-3c9dd6e38bc1:c918, 9193e3b7-ae04-484d-a740-c65c11559486:c918]
 0.00% |█                                                                                                    |  0/1 Time: 0:00:022019-08-24 07:08:13,124 | INFO  | DNAudit | user=null | ip=null | op=WRITE_CHUNK {blockData=conID: 2 locID: 102670695851819425 bcsId: 0} | ret=SUCCESS |  
2019-08-24 07:08:13,126 | INFO  | DNAudit | user=null | ip=null | op=WRITE_CHUNK {blockData=conID: 2 locID: 102670695851819425 bcsId: 0} | ret=SUCCESS |  
2019-08-24 07:08:13,129 | INFO  | DNAudit | user=null | ip=null | op=WRITE_CHUNK {blockData=conID: 2 locID: 102670695851819425 bcsId: 0} | ret=SUCCESS |  
2019-08-24 07:08:13,130 | INFO  | DNAudit | user=null | ip=null | op=WRITE_CHUNK {blockData=conID: 2 locID: 102670695851819425 bcsId: 0} | ret=SUCCESS |  
2019-08-24 07:08:13,132 | INFO  | DNAudit | user=null | ip=null | op=WRITE_CHUNK {blockData=conID: 2 locID: 102670695851819425 bcsId: 0} | ret=SUCCESS |  
2019-08-24 07:08:13,132 | INFO  | DNAudit | user=null | ip=null | op=WRITE_CHUNK {blockData=conID: 2 locID: 102670695851819425 bcsId: 0} | ret=SUCCESS |  
2019-08-24 07:08:13,137 | INFO  | DNAudit | user=null | ip=null | op=WRITE_CHUNK {blockData=conID: 2 locID: 102670695851819425 bcsId: 0} | ret=SUCCESS |  
2019-08-24 07:08:13,138 | INFO  | DNAudit | user=null | ip=null | op=PUT_BLOCK {blockData=[blockId=conID: 2 locID: 102670695851819425 bcsId: 0,size=1048576]} | ret=SUCCESS |  
2019-08-24 07:08:13,138 | INFO  | DNAudit | user=null | ip=null | op=WRITE_CHUNK {blockData=conID: 2 locID: 102670695851819425 bcsId: 0} | ret=SUCCESS |  
2019-08-24 07:08:13,138 [grpc-default-executor-0] INFO  client.GrpcClientProtocolClient (GrpcClientProtocolClient.java:onNext(255)) - client-6EDD19400D46->06a4573b-67a1-41e3-a350-f896363bc636: receive RaftClientReply:client-6EDD19400D46->06a4573b-67a1-41e3-a350-f896363bc636@group-757E3781CD2A, cid=737, SUCCESS, logIndex=921, commits[06a4573b-67a1-41e3-a350-f896363bc636:c924, 0b725bbf-683b-4664-9a2e-3c9dd6e38bc1:c920, 9193e3b7-ae04-484d-a740-c65c11559486:c920]
2019-08-24 07:08:13,139 | INFO  | DNAudit | user=null | ip=null | op=PUT_BLOCK {blockData=[blockId=conID: 2 locID: 102670695851819425 bcsId: 0,size=2097152]} | ret=SUCCESS |  
2019-08-24 07:08:13,139 [grpc-default-executor-0] INFO  client.GrpcClientProtocolClient (GrpcClientProtocolClient.java:onNext(255)) - client-6EDD19400D46->06a4573b-67a1-41e3-a350-f896363bc636: receive RaftClientReply:client-6EDD19400D46->06a4573b-67a1-41e3-a350-f896363bc636@group-757E3781CD2A, cid=738, SUCCESS, logIndex=922, commits[06a4573b-67a1-41e3-a350-f896363bc636:c924, 0b725bbf-683b-4664-9a2e-3c9dd6e38bc1:c920, 9193e3b7-ae04-484d-a740-c65c11559486:c920]
2019-08-24 07:08:13,140 [grpc-default-executor-0] INFO  client.GrpcClientProtocolClient (GrpcClientProtocolClient.java:onNext(255)) - client-6EDD19400D46->06a4573b-67a1-41e3-a350-f896363bc636: receive RaftClientReply:client-6EDD19400D46->06a4573b-67a1-41e3-a350-f896363bc636@group-757E3781CD2A, cid=739, SUCCESS, logIndex=923, commits[06a4573b-67a1-41e3-a350-f896363bc636:c924, 0b725bbf-683b-4664-9a2e-3c9dd6e38bc1:c920, 9193e3b7-ae04-484d-a740-c65c11559486:c920]
2019-08-24 07:08:13,140 [grpc-default-executor-0] INFO  client.GrpcClientProtocolClient (GrpcClientProtocolClient.java:onNext(255)) - client-6EDD19400D46->06a4573b-67a1-41e3-a350-f896363bc636: receive RaftClientReply:client-6EDD19400D46->06a4573b-67a1-41e3-a350-f896363bc636@group-757E3781CD2A, cid=740, SUCCESS, logIndex=924, commits[06a4573b-67a1-41e3-a350-f896363bc636:c924, 0b725bbf-683b-4664-9a2e-3c9dd6e38bc1:c920, 9193e3b7-ae04-484d-a740-c65c11559486:c920]
2019-08-24 07:08:13,149 | INFO  | DNAudit | user=null | ip=null | op=WRITE_CHUNK {blockData=conID: 2 locID: 102670695851819425 bcsId: 0} | ret=SUCCESS |  
2019-08-24 07:08:13,149 | INFO  | DNAudit | user=null | ip=null | op=WRITE_CHUNK {blockData=conID: 2 locID: 102670695851819425 bcsId: 0} | ret=SUCCESS |  
2019-08-24 07:08:13,151 | INFO  | DNAudit | user=null | ip=null | op=PUT_BLOCK {blockData=[blockId=conID: 2 locID: 102670695851819425 bcsId: 0,size=1048576]} | ret=SUCCESS |  
2019-08-24 07:08:13,152 | INFO  | DNAudit | user=null | ip=null | op=WRITE_CHUNK {blockData=conID: 2 locID: 102670695851819425 bcsId: 0} | ret=SUCCESS |  
2019-08-24 07:08:13,152 | INFO  | DNAudit | user=null | ip=null | op=PUT_BLOCK {blockData=[blockId=conID: 2 locID: 102670695851819425 bcsId: 0,size=1048576]} | ret=SUCCESS |  
2019-08-24 07:08:13,152 | INFO  | DNAudit | user=null | ip=null | op=WRITE_CHUNK {blockData=conID: 2 locID: 102670695851819425 bcsId: 0} | ret=SUCCESS |  
2019-08-24 07:08:13,152 | INFO  | DNAudit | user=null | ip=null | op=PUT_BLOCK {blockData=[blockId=conID: 2 locID: 102670695851819425 bcsId: 0,size=2097152]} | ret=SUCCESS |  
2019-08-24 07:08:13,152 | INFO  | DNAudit | user=null | ip=null | op=PUT_BLOCK {blockData=[blockId=conID: 2 locID: 102670695851819425 bcsId: 0,size=2097152]} | ret=SUCCESS |  
2019-08-24 07:08:13,153 [grpc-default-executor-5] INFO  client.GrpcClientProtocolClient (GrpcClientProtocolClient.java:onNext(255)) - client-6EDD19400D46->06a4573b-67a1-41e3-a350-f896363bc636: receive RaftClientReply:client-6EDD19400D46->06a4573b-67a1-41e3-a350-f896363bc636@group-757E3781CD2A, cid=741, SUCCESS, logIndex=0, commits[06a4573b-67a1-41e3-a350-f896363bc636:c927, 0b725bbf-683b-4664-9a2e-3c9dd6e38bc1:c923, 9193e3b7-ae04-484d-a740-c65c11559486:c924]
2019-08-24 07:08:13,163 | INFO  | DNAudit | user=null | ip=null | op=WRITE_CHUNK {blockData=conID: 2 locID: 102670695851819425 bcsId: 924} | ret=SUCCESS |  
2019-08-24 07:08:13,169 | INFO  | DNAudit | user=null | ip=null | op=WRITE_CHUNK {blockData=conID: 2 locID: 102670695851819425 bcsId: 924} | ret=SUCCESS |  
2019-08-24 07:08:13,169 | INFO  | DNAudit | user=null | ip=null | op=WRITE_CHUNK {blockData=conID: 2 locID: 102670695851819425 bcsId: 924} | ret=SUCCESS |  
2019-08-24 07:08:13,176 | INFO  | DNAudit | user=null | ip=null | op=WRITE_CHUNK {blockData=conID: 2 locID: 102670695851819425 bcsId: 924} | ret=SUCCESS |  
2019-08-24 07:08:13,177 | INFO  | DNAudit | user=null | ip=null | op=PUT_BLOCK {blockData=[blockId=conID: 2 locID: 102670695851819425 bcsId: 0,size=3145728]} | ret=SUCCESS |  
2019-08-24 07:08:13,177 [grpc-default-executor-5] INFO  client.GrpcClientProtocolClient (GrpcClientProtocolClient.java:onNext(255)) - client-6EDD19400D46->06a4573b-67a1-41e3-a350-f896363bc636: receive RaftClientReply:client-6EDD19400D46->06a4573b-67a1-41e3-a350-f896363bc636@group-757E3781CD2A, cid=742, SUCCESS, logIndex=929, commits[06a4573b-67a1-41e3-a350-f896363bc636:c930, 0b725bbf-683b-4664-9a2e-3c9dd6e38bc1:c928, 9193e3b7-ae04-484d-a740-c65c11559486:c928]
2019-08-24 07:08:13,177 [grpc-default-executor-5] INFO  client.GrpcClientProtocolClient (GrpcClientProtocolClient.java:onNext(255)) - client-6EDD19400D46->06a4573b-67a1-41e3-a350-f896363bc636: receive RaftClientReply:client-6EDD19400D46->06a4573b-67a1-41e3-a350-f896363bc636@group-757E3781CD2A, cid=743, SUCCESS, logIndex=930, commits[06a4573b-67a1-41e3-a350-f896363bc636:c930, 0b725bbf-683b-4664-9a2e-3c9dd6e38bc1:c928, 9193e3b7-ae04-484d-a740-c65c11559486:c928]
2019-08-24 07:08:13,188 | INFO  | DNAudit | user=null | ip=null | op=WRITE_CHUNK {blockData=conID: 2 locID: 102670695851819425 bcsId: 930} | ret=SUCCESS |  
2019-08-24 07:08:13,188 | INFO  | DNAudit | user=null | ip=null | op=WRITE_CHUNK {blockData=conID: 2 locID: 102670695851819425 bcsId: 924} | ret=SUCCESS |  
2019-08-24 07:08:13,188 | INFO  | DNAudit | user=null | ip=null | op=WRITE_CHUNK {blockData=conID: 2 locID: 102670695851819425 bcsId: 924} | ret=SUCCESS |  
2019-08-24 07:08:13,189 | INFO  | DNAudit | user=null | ip=null | op=PUT_BLOCK {blockData=[blockId=conID: 2 locID: 102670695851819425 bcsId: 0,size=3145728]} | ret=SUCCESS |  
2019-08-24 07:08:13,191 | INFO  | DNAudit | user=null | ip=null | op=PUT_BLOCK {blockData=[blockId=conID: 2 locID: 102670695851819425 bcsId: 0,size=3145728]} | ret=SUCCESS |  
2019-08-24 07:08:13,193 | INFO  | DNAudit | user=null | ip=null | op=WRITE_CHUNK {blockData=conID: 2 locID: 102670695851819425 bcsId: 930} | ret=SUCCESS |  
2019-08-24 07:08:13,193 | INFO  | DNAudit | user=null | ip=null | op=WRITE_CHUNK {blockData=conID: 2 locID: 102670695851819425 bcsId: 930} | ret=SUCCESS |  
2019-08-24 07:08:13,205 | INFO  | DNAudit | user=null | ip=null | op=WRITE_CHUNK {blockData=conID: 2 locID: 102670695851819425 bcsId: 930} | ret=SUCCESS |  
2019-08-24 07:08:13,206 | INFO  | DNAudit | user=null | ip=null | op=PUT_BLOCK {blockData=[blockId=conID: 2 locID: 102670695851819425 bcsId: 0,size=4194304]} | ret=SUCCESS |  
2019-08-24 07:08:13,206 [grpc-default-executor-2] INFO  client.GrpcClientProtocolClient (GrpcClientProtocolClient.java:onNext(255)) - client-6EDD19400D46->06a4573b-67a1-41e3-a350-f896363bc636: receive RaftClientReply:client-6EDD19400D46->06a4573b-67a1-41e3-a350-f896363bc636@group-757E3781CD2A, cid=744, SUCCESS, logIndex=933, commits[06a4573b-67a1-41e3-a350-f896363bc636:c934, 0b725bbf-683b-4664-9a2e-3c9dd6e38bc1:c930, 9193e3b7-ae04-484d-a740-c65c11559486:c930]
2019-08-24 07:08:13,207 [grpc-default-executor-2] INFO  client.GrpcClientProtocolClient (GrpcClientProtocolClient.java:onNext(255)) - client-6EDD19400D46->06a4573b-67a1-41e3-a350-f896363bc636: receive RaftClientReply:client-6EDD19400D46->06a4573b-67a1-41e3-a350-f896363bc636@group-757E3781CD2A, cid=745, SUCCESS, logIndex=934, commits[06a4573b-67a1-41e3-a350-f896363bc636:c934, 0b725bbf-683b-4664-9a2e-3c9dd6e38bc1:c930, 9193e3b7-ae04-484d-a740-c65c11559486:c930]
2019-08-24 07:08:13,209 | INFO  | DNAudit | user=null | ip=null | op=WRITE_CHUNK {blockData=conID: 2 locID: 102670695851819425 bcsId: 930} | ret=SUCCESS |  
2019-08-24 07:08:13,209 | INFO  | DNAudit | user=null | ip=null | op=WRITE_CHUNK {blockData=conID: 2 locID: 102670695851819425 bcsId: 930} | ret=SUCCESS |  
2019-08-24 07:08:13,209 | INFO  | DNAudit | user=null | ip=null | op=PUT_BLOCK {blockData=[blockId=conID: 2 locID: 102670695851819425 bcsId: 0,size=4194304]} | ret=SUCCESS |  
2019-08-24 07:08:13,209 | INFO  | DNAudit | user=null | ip=null | op=PUT_BLOCK {blockData=[blockId=conID: 2 locID: 102670695851819425 bcsId: 0,size=4194304]} | ret=SUCCESS |  
2019-08-24 07:08:13,210 [grpc-default-executor-0] INFO  client.GrpcClientProtocolClient (GrpcClientProtocolClient.java:onNext(255)) - client-6EDD19400D46->06a4573b-67a1-41e3-a350-f896363bc636: receive RaftClientReply:client-6EDD19400D46->06a4573b-67a1-41e3-a350-f896363bc636@group-757E3781CD2A, cid=746, SUCCESS, logIndex=0, commits[06a4573b-67a1-41e3-a350-f896363bc636:c935, 0b725bbf-683b-4664-9a2e-3c9dd6e38bc1:c934, 9193e3b7-ae04-484d-a740-c65c11559486:c934]
2019-08-24 07:08:13,219 | INFO  | DNAudit | user=null | ip=null | op=WRITE_CHUNK {blockData=conID: 3 locID: 102670695851819426 bcsId: 0} | ret=SUCCESS |  
2019-08-24 07:08:13,223 | INFO  | DNAudit | user=null | ip=null | op=WRITE_CHUNK {blockData=conID: 3 locID: 102670695851819426 bcsId: 0} | ret=SUCCESS |  
2019-08-24 07:08:13,224 | INFO  | DNAudit | user=null | ip=null | op=WRITE_CHUNK {blockData=conID: 3 locID: 102670695851819426 bcsId: 0} | ret=SUCCESS |  
2019-08-24 07:08:13,225 | INFO  | DNAudit | user=null | ip=null | op=WRITE_CHUNK {blockData=conID: 3 locID: 102670695851819426 bcsId: 0} | ret=SUCCESS |  
2019-08-24 07:08:13,227 | INFO  | DNAudit | user=null | ip=null | op=WRITE_CHUNK {blockData=conID: 3 locID: 102670695851819426 bcsId: 0} | ret=SUCCESS |  
2019-08-24 07:08:13,228 | INFO  | DNAudit | user=null | ip=null | op=WRITE_CHUNK {blockData=conID: 3 locID: 102670695851819426 bcsId: 0} | ret=SUCCESS |  
2019-08-24 07:08:13,236 | INFO  | DNAudit | user=null | ip=null | op=WRITE_CHUNK {blockData=conID: 3 locID: 102670695851819426 bcsId: 0} | ret=SUCCESS |  
2019-08-24 07:08:13,237 | INFO  | DNAudit | user=null | ip=null | op=PUT_BLOCK {blockData=[blockId=conID: 3 locID: 102670695851819426 bcsId: 0,size=1048576]} | ret=SUCCESS |  
2019-08-24 07:08:13,237 [grpc-default-executor-5] INFO  client.GrpcClientProtocolClient (GrpcClientProtocolClient.java:onNext(255)) - client-6EDD19400D46->06a4573b-67a1-41e3-a350-f896363bc636: receive RaftClientReply:client-6EDD19400D46->06a4573b-67a1-41e3-a350-f896363bc636@group-757E3781CD2A, cid=747, SUCCESS, logIndex=937, commits[06a4573b-67a1-41e3-a350-f896363bc636:c938, 0b725bbf-683b-4664-9a2e-3c9dd6e38bc1:c935, 9193e3b7-ae04-484d-a740-c65c11559486:c935]
2019-08-24 07:08:13,238 [grpc-default-executor-5] INFO  client.GrpcClientProtocolClient (GrpcClientProtocolClient.java:onNext(255)) - client-6EDD19400D46->06a4573b-67a1-41e3-a350-f896363bc636: receive RaftClientReply:client-6EDD19400D46->06a4573b-67a1-41e3-a350-f896363bc636@group-757E3781CD2A, cid=748, SUCCESS, logIndex=938, commits[06a4573b-67a1-41e3-a350-f896363bc636:c938, 0b725bbf-683b-4664-9a2e-3c9dd6e38bc1:c935, 9193e3b7-ae04-484d-a740-c65c11559486:c935]
2019-08-24 07:08:13,248 | INFO  | DNAudit | user=null | ip=null | op=WRITE_CHUNK {blockData=conID: 3 locID: 102670695851819426 bcsId: 0} | ret=SUCCESS |  
2019-08-24 07:08:13,248 | INFO  | DNAudit | user=null | ip=null | op=WRITE_CHUNK {blockData=conID: 3 locID: 102670695851819426 bcsId: 0} | ret=SUCCESS |  
2019-08-24 07:08:13,248 | INFO  | DNAudit | user=null | ip=null | op=PUT_BLOCK {blockData=[blockId=conID: 3 locID: 102670695851819426 bcsId: 0,size=2097152]} | ret=SUCCESS |  
2019-08-24 07:08:13,248 | INFO  | DNAudit | user=null | ip=null | op=PUT_BLOCK {blockData=[blockId=conID: 3 locID: 102670695851819426 bcsId: 0,size=1048576]} | ret=SUCCESS |  
2019-08-24 07:08:13,249 [grpc-default-executor-0] INFO  client.GrpcClientProtocolClient (GrpcClientProtocolClient.java:onNext(255)) - client-6EDD19400D46->06a4573b-67a1-41e3-a350-f896363bc636: receive RaftClientReply:client-6EDD19400D46->06a4573b-67a1-41e3-a350-f896363bc636@group-757E3781CD2A, cid=749, SUCCESS, logIndex=939, commits[06a4573b-67a1-41e3-a350-f896363bc636:c940, 0b725bbf-683b-4664-9a2e-3c9dd6e38bc1:c936, 9193e3b7-ae04-484d-a740-c65c11559486:c936]
2019-08-24 07:08:13,249 [grpc-default-executor-0] INFO  client.GrpcClientProtocolClient (GrpcClientProtocolClient.java:onNext(255)) - client-6EDD19400D46->06a4573b-67a1-41e3-a350-f896363bc636: receive RaftClientReply:client-6EDD19400D46->06a4573b-67a1-41e3-a350-f896363bc636@group-757E3781CD2A, cid=750, SUCCESS, logIndex=940, commits[06a4573b-67a1-41e3-a350-f896363bc636:c941, 0b725bbf-683b-4664-9a2e-3c9dd6e38bc1:c936, 9193e3b7-ae04-484d-a740-c65c11559486:c938]
2019-08-24 07:08:13,250 | INFO  | DNAudit | user=null | ip=null | op=WRITE_CHUNK {blockData=conID: 3 locID: 102670695851819426 bcsId: 0} | ret=SUCCESS |  
2019-08-24 07:08:13,250 | INFO  | DNAudit | user=null | ip=null | op=PUT_BLOCK {blockData=[blockId=conID: 3 locID: 102670695851819426 bcsId: 0,size=1048576]} | ret=SUCCESS |  
2019-08-24 07:08:13,251 [grpc-default-executor-0] INFO  client.GrpcClientProtocolClient (GrpcClientProtocolClient.java:onNext(255)) - client-6EDD19400D46->06a4573b-67a1-41e3-a350-f896363bc636: receive RaftClientReply:client-6EDD19400D46->06a4573b-67a1-41e3-a350-f896363bc636@group-757E3781CD2A, cid=751, SUCCESS, logIndex=0, commits[06a4573b-67a1-41e3-a350-f896363bc636:c942, 0b725bbf-683b-4664-9a2e-3c9dd6e38bc1:c938, 9193e3b7-ae04-484d-a740-c65c11559486:c938]
2019-08-24 07:08:13,260 | INFO  | DNAudit | user=null | ip=null | op=WRITE_CHUNK {blockData=conID: 3 locID: 102670695851819426 bcsId: 940} | ret=SUCCESS |  
2019-08-24 07:08:13,261 | INFO  | DNAudit | user=null | ip=null | op=WRITE_CHUNK {blockData=conID: 3 locID: 102670695851819426 bcsId: 0} | ret=SUCCESS |  
2019-08-24 07:08:13,262 | INFO  | DNAudit | user=null | ip=null | op=WRITE_CHUNK {blockData=conID: 3 locID: 102670695851819426 bcsId: 0} | ret=SUCCESS |  
2019-08-24 07:08:13,262 | INFO  | DNAudit | user=null | ip=null | op=PUT_BLOCK {blockData=[blockId=conID: 3 locID: 102670695851819426 bcsId: 0,size=2097152]} | ret=SUCCESS |  
2019-08-24 07:08:13,262 | INFO  | DNAudit | user=null | ip=null | op=PUT_BLOCK {blockData=[blockId=conID: 3 locID: 102670695851819426 bcsId: 0,size=2097152]} | ret=SUCCESS |  
2019-08-24 07:08:13,264 | INFO  | DNAudit | user=null | ip=null | op=WRITE_CHUNK {blockData=conID: 3 locID: 102670695851819426 bcsId: 940} | ret=SUCCESS |  
2019-08-24 07:08:13,265 | INFO  | DNAudit | user=null | ip=null | op=WRITE_CHUNK {blockData=conID: 3 locID: 102670695851819426 bcsId: 940} | ret=SUCCESS |  
2019-08-24 07:08:13,276 | INFO  | DNAudit | user=null | ip=null | op=WRITE_CHUNK {blockData=conID: 3 locID: 102670695851819426 bcsId: 940} | ret=SUCCESS |  
2019-08-24 07:08:13,276 | INFO  | DNAudit | user=null | ip=null | op=PUT_BLOCK {blockData=[blockId=conID: 3 locID: 102670695851819426 bcsId: 0,size=3145728]} | ret=SUCCESS |  
2019-08-24 07:08:13,277 [grpc-default-executor-0] INFO  client.GrpcClientProtocolClient (GrpcClientProtocolClient.java:onNext(255)) - client-6EDD19400D46->06a4573b-67a1-41e3-a350-f896363bc636: receive RaftClientReply:client-6EDD19400D46->06a4573b-67a1-41e3-a350-f896363bc636@group-757E3781CD2A, cid=752, SUCCESS, logIndex=945, commits[06a4573b-67a1-41e3-a350-f896363bc636:c946, 0b725bbf-683b-4664-9a2e-3c9dd6e38bc1:c942, 9193e3b7-ae04-484d-a740-c65c11559486:c940]
2019-08-24 07:08:13,278 [grpc-default-executor-0] INFO  client.GrpcClientProtocolClient (GrpcClientProtocolClient.java:onNext(255)) - client-6EDD19400D46->06a4573b-67a1-41e3-a350-f896363bc636: receive RaftClientReply:client-6EDD19400D46->06a4573b-67a1-41e3-a350-f896363bc636@group-757E3781CD2A, cid=753, SUCCESS, logIndex=946, commits[06a4573b-67a1-41e3-a350-f896363bc636:c946, 0b725bbf-683b-4664-9a2e-3c9dd6e38bc1:c942, 9193e3b7-ae04-484d-a740-c65c11559486:c942]
2019-08-24 07:08:13,287 | INFO  | DNAudit | user=null | ip=null | op=WRITE_CHUNK {blockData=conID: 3 locID: 102670695851819426 bcsId: 946} | ret=SUCCESS |  
2019-08-24 07:08:13,287 | INFO  | DNAudit | user=null | ip=null | op=WRITE_CHUNK {blockData=conID: 3 locID: 102670695851819426 bcsId: 940} | ret=SUCCESS |  
2019-08-24 07:08:13,288 | INFO  | DNAudit | user=null | ip=null | op=WRITE_CHUNK {blockData=conID: 3 locID: 102670695851819426 bcsId: 940} | ret=SUCCESS |  
2019-08-24 07:08:13,288 | INFO  | DNAudit | user=null | ip=null | op=PUT_BLOCK {blockData=[blockId=conID: 3 locID: 102670695851819426 bcsId: 0,size=3145728]} | ret=SUCCESS |  
2019-08-24 07:08:13,288 | INFO  | DNAudit | user=null | ip=null | op=PUT_BLOCK {blockData=[blockId=conID: 3 locID: 102670695851819426 bcsId: 0,size=3145728]} | ret=SUCCESS |  
2019-08-24 07:08:13,293 | INFO  | DNAudit | user=null | ip=null | op=WRITE_CHUNK {blockData=conID: 3 locID: 102670695851819426 bcsId: 946} | ret=SUCCESS |  
2019-08-24 07:08:13,293 | INFO  | DNAudit | user=null | ip=null | op=WRITE_CHUNK {blockData=conID: 3 locID: 102670695851819426 bcsId: 946} | ret=SUCCESS |  
2019-08-24 07:08:13,304 | INFO  | DNAudit | user=null | ip=null | op=WRITE_CHUNK {blockData=conID: 3 locID: 102670695851819426 bcsId: 946} | ret=SUCCESS |  
2019-08-24 07:08:13,305 | INFO  | DNAudit | user=null | ip=null | op=PUT_BLOCK {blockData=[blockId=conID: 3 locID: 102670695851819426 bcsId: 0,size=4194304]} | ret=SUCCESS |  
2019-08-24 07:08:13,306 | INFO  | DNAudit | user=null | ip=null | op=WRITE_CHUNK {blockData=conID: 3 locID: 102670695851819426 bcsId: 946} | ret=SUCCESS |  
2019-08-24 07:08:13,306 [grpc-default-executor-2] INFO  client.GrpcClientProtocolClient (GrpcClientProtocolClient.java:onNext(255)) - client-6EDD19400D46->06a4573b-67a1-41e3-a350-f896363bc636: receive RaftClientReply:client-6EDD19400D46->06a4573b-67a1-41e3-a350-f896363bc636@group-757E3781CD2A, cid=754, SUCCESS, logIndex=949, commits[06a4573b-67a1-41e3-a350-f896363bc636:c950, 0b725bbf-683b-4664-9a2e-3c9dd6e38bc1:c946, 9193e3b7-ae04-484d-a740-c65c11559486:c946]
2019-08-24 07:08:13,307 | INFO  | DNAudit | user=null | ip=null | op=WRITE_CHUNK {blockData=conID: 3 locID: 102670695851819426 bcsId: 946} | ret=SUCCESS |  
2019-08-24 07:08:13,307 | INFO  | DNAudit | user=null | ip=null | op=PUT_BLOCK {blockData=[blockId=conID: 3 locID: 102670695851819426 bcsId: 0,size=4194304]} | ret=SUCCESS |  
2019-08-24 07:08:13,307 | INFO  | DNAudit | user=null | ip=null | op=PUT_BLOCK {blockData=[blockId=conID: 3 locID: 102670695851819426 bcsId: 0,size=4194304]} | ret=SUCCESS |  
2019-08-24 07:08:13,307 [grpc-default-executor-0] INFO  client.GrpcClientProtocolClient (GrpcClientProtocolClient.java:onNext(255)) - client-6EDD19400D46->06a4573b-67a1-41e3-a350-f896363bc636: receive RaftClientReply:client-6EDD19400D46->06a4573b-67a1-41e3-a350-f896363bc636@group-757E3781CD2A, cid=755, SUCCESS, logIndex=950, commits[06a4573b-67a1-41e3-a350-f896363bc636:c950, 0b725bbf-683b-4664-9a2e-3c9dd6e38bc1:c946, 9193e3b7-ae04-484d-a740-c65c11559486:c946]
2019-08-24 07:08:13,309 [grpc-default-executor-2] INFO  client.GrpcClientProtocolClient (GrpcClientProtocolClient.java:onNext(255)) - client-6EDD19400D46->06a4573b-67a1-41e3-a350-f896363bc636: receive RaftClientReply:client-6EDD19400D46->06a4573b-67a1-41e3-a350-f896363bc636@group-757E3781CD2A, cid=756, SUCCESS, logIndex=0, commits[06a4573b-67a1-41e3-a350-f896363bc636:c952, 0b725bbf-683b-4664-9a2e-3c9dd6e38bc1:c950, 9193e3b7-ae04-484d-a740-c65c11559486:c950]
2019-08-24 07:08:13,316 | INFO  | SCMAudit | user=jenkins1000 | ip=192.168.69.125 | op=SEND_HEARTBEAT {datanodeUUID=25ce0803-6f34-4c69-82c0-892f08679042, command=[]} | ret=SUCCESS |  
2019-08-24 07:08:13,317 | INFO  | DNAudit | user=null | ip=null | op=WRITE_CHUNK {blockData=conID: 1 locID: 102670695851819427 bcsId: 0} | ret=SUCCESS |  
2019-08-24 07:08:13,323 | INFO  | DNAudit | user=null | ip=null | op=WRITE_CHUNK {blockData=conID: 1 locID: 102670695851819427 bcsId: 0} | ret=SUCCESS |  
2019-08-24 07:08:13,324 | INFO  | DNAudit | user=null | ip=null | op=WRITE_CHUNK {blockData=conID: 1 locID: 102670695851819427 bcsId: 0} | ret=SUCCESS |  
2019-08-24 07:08:13,324 | INFO  | DNAudit | user=null | ip=null | op=WRITE_CHUNK {blockData=conID: 1 locID: 102670695851819427 bcsId: 0} | ret=SUCCESS |  
2019-08-24 07:08:13,328 | INFO  | DNAudit | user=null | ip=null | op=WRITE_CHUNK {blockData=conID: 1 locID: 102670695851819427 bcsId: 0} | ret=SUCCESS |  
2019-08-24 07:08:13,328 | INFO  | DNAudit | user=null | ip=null | op=WRITE_CHUNK {blockData=conID: 1 locID: 102670695851819427 bcsId: 0} | ret=SUCCESS |  
2019-08-24 07:08:13,331 | INFO  | DNAudit | user=null | ip=null | op=WRITE_CHUNK {blockData=conID: 1 locID: 102670695851819427 bcsId: 0} | ret=SUCCESS |  
2019-08-24 07:08:13,331 | INFO  | DNAudit | user=null | ip=null | op=PUT_BLOCK {blockData=[blockId=conID: 1 locID: 102670695851819427 bcsId: 0,size=1048576]} | ret=SUCCESS |  
2019-08-24 07:08:13,332 | INFO  | DNAudit | user=null | ip=null | op=WRITE_CHUNK {blockData=conID: 1 locID: 102670695851819427 bcsId: 0} | ret=SUCCESS |  
2019-08-24 07:08:13,332 [grpc-default-executor-2] INFO  client.GrpcClientProtocolClient (GrpcClientProtocolClient.java:onNext(255)) - client-6EDD19400D46->06a4573b-67a1-41e3-a350-f896363bc636: receive RaftClientReply:client-6EDD19400D46->06a4573b-67a1-41e3-a350-f896363bc636@group-757E3781CD2A, cid=757, SUCCESS, logIndex=953, commits[06a4573b-67a1-41e3-a350-f896363bc636:c954, 0b725bbf-683b-4664-9a2e-3c9dd6e38bc1:c952, 9193e3b7-ae04-484d-a740-c65c11559486:c952]
2019-08-24 07:08:13,332 | INFO  | DNAudit | user=null | ip=null | op=PUT_BLOCK {blockData=[blockId=conID: 1 locID: 102670695851819427 bcsId: 0,size=2097152]} | ret=SUCCESS |  
2019-08-24 07:08:13,332 [grpc-default-executor-2] INFO  client.GrpcClientProtocolClient (GrpcClientProtocolClient.java:onNext(255)) - client-6EDD19400D46->06a4573b-67a1-41e3-a350-f896363bc636: receive RaftClientReply:client-6EDD19400D46->06a4573b-67a1-41e3-a350-f896363bc636@group-757E3781CD2A, cid=758, SUCCESS, logIndex=954, commits[06a4573b-67a1-41e3-a350-f896363bc636:c956, 0b725bbf-683b-4664-9a2e-3c9dd6e38bc1:c952, 9193e3b7-ae04-484d-a740-c65c11559486:c952]
2019-08-24 07:08:13,333 [grpc-default-executor-2] INFO  client.GrpcClientProtocolClient (GrpcClientProtocolClient.java:onNext(255)) - client-6EDD19400D46->06a4573b-67a1-41e3-a350-f896363bc636: receive RaftClientReply:client-6EDD19400D46->06a4573b-67a1-41e3-a350-f896363bc636@group-757E3781CD2A, cid=759, SUCCESS, logIndex=955, commits[06a4573b-67a1-41e3-a350-f896363bc636:c956, 0b725bbf-683b-4664-9a2e-3c9dd6e38bc1:c952, 9193e3b7-ae04-484d-a740-c65c11559486:c952]
2019-08-24 07:08:13,333 [grpc-default-executor-2] INFO  client.GrpcClientProtocolClient (GrpcClientProtocolClient.java:onNext(255)) - client-6EDD19400D46->06a4573b-67a1-41e3-a350-f896363bc636: receive RaftClientReply:client-6EDD19400D46->06a4573b-67a1-41e3-a350-f896363bc636@group-757E3781CD2A, cid=760, SUCCESS, logIndex=956, commits[06a4573b-67a1-41e3-a350-f896363bc636:c956, 0b725bbf-683b-4664-9a2e-3c9dd6e38bc1:c952, 9193e3b7-ae04-484d-a740-c65c11559486:c952]
2019-08-24 07:08:13,334 | INFO  | DNAudit | user=null | ip=null | op=WRITE_CHUNK {blockData=conID: 1 locID: 102670695851819427 bcsId: 0} | ret=SUCCESS |  
2019-08-24 07:08:13,334 | INFO  | DNAudit | user=null | ip=null | op=PUT_BLOCK {blockData=[blockId=conID: 1 locID: 102670695851819427 bcsId: 0,size=1048576]} | ret=SUCCESS |  
2019-08-24 07:08:13,345 | INFO  | DNAudit | user=null | ip=null | op=WRITE_CHUNK {blockData=conID: 1 locID: 102670695851819427 bcsId: 0} | ret=SUCCESS |  
2019-08-24 07:08:13,345 | INFO  | DNAudit | user=null | ip=null | op=PUT_BLOCK {blockData=[blockId=conID: 1 locID: 102670695851819427 bcsId: 0,size=1048576]} | ret=SUCCESS |  
2019-08-24 07:08:13,345 | INFO  | DNAudit | user=null | ip=null | op=WRITE_CHUNK {blockData=conID: 1 locID: 102670695851819427 bcsId: 0} | ret=SUCCESS |  
2019-08-24 07:08:13,346 | INFO  | DNAudit | user=null | ip=null | op=PUT_BLOCK {blockData=[blockId=conID: 1 locID: 102670695851819427 bcsId: 0,size=2097152]} | ret=SUCCESS |  
2019-08-24 07:08:13,346 | INFO  | DNAudit | user=null | ip=null | op=WRITE_CHUNK {blockData=conID: 1 locID: 102670695851819427 bcsId: 0} | ret=SUCCESS |  
2019-08-24 07:08:13,346 [grpc-default-executor-0] INFO  client.GrpcClientProtocolClient (GrpcClientProtocolClient.java:onNext(255)) - client-6EDD19400D46->06a4573b-67a1-41e3-a350-f896363bc636: receive RaftClientReply:client-6EDD19400D46->06a4573b-67a1-41e3-a350-f896363bc636@group-757E3781CD2A, cid=761, SUCCESS, logIndex=0, commits[06a4573b-67a1-41e3-a350-f896363bc636:c957, 0b725bbf-683b-4664-9a2e-3c9dd6e38bc1:c954, 9193e3b7-ae04-484d-a740-c65c11559486:c954]
2019-08-24 07:08:13,346 | INFO  | DNAudit | user=null | ip=null | op=PUT_BLOCK {blockData=[blockId=conID: 1 locID: 102670695851819427 bcsId: 0,size=2097152]} | ret=SUCCESS |  
2019-08-24 07:08:13,354 | INFO  | DNAudit | user=null | ip=null | op=WRITE_CHUNK {blockData=conID: 1 locID: 102670695851819427 bcsId: 956} | ret=SUCCESS |  
2019-08-24 07:08:13,359 | INFO  | DNAudit | user=null | ip=null | op=WRITE_CHUNK {blockData=conID: 1 locID: 102670695851819427 bcsId: 956} | ret=SUCCESS |  
2019-08-24 07:08:13,359 | INFO  | DNAudit | user=null | ip=null | op=WRITE_CHUNK {blockData=conID: 1 locID: 102670695851819427 bcsId: 956} | ret=SUCCESS |  
2019-08-24 07:08:13,364 | INFO  | SCMAudit | user=jenkins1000 | ip=192.168.69.125 | op=SEND_HEARTBEAT {datanodeUUID=0b725bbf-683b-4664-9a2e-3c9dd6e38bc1, command=[]} | ret=SUCCESS |  
2019-08-24 07:08:13,364 | INFO  | SCMAudit | user=jenkins1000 | ip=192.168.69.125 | op=SEND_HEARTBEAT {datanodeUUID=06a4573b-67a1-41e3-a350-f896363bc636, command=[]} | ret=SUCCESS |  
2019-08-24 07:08:13,366 | INFO  | SCMAudit | user=jenkins1000 | ip=192.168.69.125 | op=SEND_HEARTBEAT {datanodeUUID=9193e3b7-ae04-484d-a740-c65c11559486, command=[]} | ret=SUCCESS |  
2019-08-24 07:08:13,373 | INFO  | DNAudit | user=null | ip=null | op=WRITE_CHUNK {blockData=conID: 1 locID: 102670695851819427 bcsId: 956} | ret=SUCCESS |  
2019-08-24 07:08:13,373 | INFO  | DNAudit | user=null | ip=null | op=PUT_BLOCK {blockData=[blockId=conID: 1 locID: 102670695851819427 bcsId: 0,size=3145728]} | ret=SUCCESS |  
2019-08-24 07:08:13,374 [grpc-default-executor-0] INFO  client.GrpcClientProtocolClient (GrpcClientProtocolClient.java:onNext(255)) - client-6EDD19400D46->06a4573b-67a1-41e3-a350-f896363bc636: receive RaftClientReply:client-6EDD19400D46->06a4573b-67a1-41e3-a350-f896363bc636@group-757E3781CD2A, cid=762, SUCCESS, logIndex=960, commits[06a4573b-67a1-41e3-a350-f896363bc636:c961, 0b725bbf-683b-4664-9a2e-3c9dd6e38bc1:c959, 9193e3b7-ae04-484d-a740-c65c11559486:c959]
2019-08-24 07:08:13,374 [grpc-default-executor-0] INFO  client.GrpcClientProtocolClient (GrpcClientProtocolClient.java:onNext(255)) - client-6EDD19400D46->06a4573b-67a1-41e3-a350-f896363bc636: receive RaftClientReply:client-6EDD19400D46->06a4573b-67a1-41e3-a350-f896363bc636@group-757E3781CD2A, cid=763, SUCCESS, logIndex=961, commits[06a4573b-67a1-41e3-a350-f896363bc636:c961, 0b725bbf-683b-4664-9a2e-3c9dd6e38bc1:c959, 9193e3b7-ae04-484d-a740-c65c11559486:c959]
2019-08-24 07:08:13,383 | INFO  | DNAudit | user=null | ip=null | op=WRITE_CHUNK {blockData=conID: 1 locID: 102670695851819427 bcsId: 961} | ret=SUCCESS |  
2019-08-24 07:08:13,388 | INFO  | DNAudit | user=null | ip=null | op=WRITE_CHUNK {blockData=conID: 1 locID: 102670695851819427 bcsId: 961} | ret=SUCCESS |  
2019-08-24 07:08:13,388 | INFO  | DNAudit | user=null | ip=null | op=WRITE_CHUNK {blockData=conID: 1 locID: 102670695851819427 bcsId: 956} | ret=SUCCESS |  
2019-08-24 07:08:13,388 | INFO  | DNAudit | user=null | ip=null | op=WRITE_CHUNK {blockData=conID: 1 locID: 102670695851819427 bcsId: 956} | ret=SUCCESS |  
2019-08-24 07:08:13,388 | INFO  | DNAudit | user=null | ip=null | op=PUT_BLOCK {blockData=[blockId=conID: 1 locID: 102670695851819427 bcsId: 0,size=3145728]} | ret=SUCCESS |  
2019-08-24 07:08:13,388 | INFO  | DNAudit | user=null | ip=null | op=PUT_BLOCK {blockData=[blockId=conID: 1 locID: 102670695851819427 bcsId: 0,size=3145728]} | ret=SUCCESS |  
2019-08-24 07:08:13,390 | INFO  | DNAudit | user=null | ip=null | op=WRITE_CHUNK {blockData=conID: 1 locID: 102670695851819427 bcsId: 961} | ret=SUCCESS |  
2019-08-24 07:08:13,399 | INFO  | DNAudit | user=null | ip=null | op=WRITE_CHUNK {blockData=conID: 1 locID: 102670695851819427 bcsId: 961} | ret=SUCCESS |  
2019-08-24 07:08:13,399 | INFO  | DNAudit | user=null | ip=null | op=PUT_BLOCK {blockData=[blockId=conID: 1 locID: 102670695851819427 bcsId: 0,size=4194304]} | ret=SUCCESS |  
2019-08-24 07:08:13,400 [grpc-default-executor-1] INFO  client.GrpcClientProtocolClient (GrpcClientProtocolClient.java:onNext(255)) - client-6EDD19400D46->06a4573b-67a1-41e3-a350-f896363bc636: receive RaftClientReply:client-6EDD19400D46->06a4573b-67a1-41e3-a350-f896363bc636@group-757E3781CD2A, cid=764, SUCCESS, logIndex=964, commits[06a4573b-67a1-41e3-a350-f896363bc636:c965, 0b725bbf-683b-4664-9a2e-3c9dd6e38bc1:c961, 9193e3b7-ae04-484d-a740-c65c11559486:c961]
2019-08-24 07:08:13,400 [grpc-default-executor-1] INFO  client.GrpcClientProtocolClient (GrpcClientProtocolClient.java:onNext(255)) - client-6EDD19400D46->06a4573b-67a1-41e3-a350-f896363bc636: receive RaftClientReply:client-6EDD19400D46->06a4573b-67a1-41e3-a350-f896363bc636@group-757E3781CD2A, cid=765, SUCCESS, logIndex=965, commits[06a4573b-67a1-41e3-a350-f896363bc636:c965, 0b725bbf-683b-4664-9a2e-3c9dd6e38bc1:c961, 9193e3b7-ae04-484d-a740-c65c11559486:c961]
2019-08-24 07:08:13,410 | INFO  | DNAudit | user=null | ip=null | op=WRITE_CHUNK {blockData=conID: 1 locID: 102670695851819427 bcsId: 961} | ret=SUCCESS |  
2019-08-24 07:08:13,410 | INFO  | DNAudit | user=null | ip=null | op=WRITE_CHUNK {blockData=conID: 1 locID: 102670695851819427 bcsId: 961} | ret=SUCCESS |  
2019-08-24 07:08:13,412 | INFO  | DNAudit | user=null | ip=null | op=PUT_BLOCK {blockData=[blockId=conID: 1 locID: 102670695851819427 bcsId: 0,size=4194304]} | ret=SUCCESS |  
2019-08-24 07:08:13,412 | INFO  | DNAudit | user=null | ip=null | op=PUT_BLOCK {blockData=[blockId=conID: 1 locID: 102670695851819427 bcsId: 0,size=4194304]} | ret=SUCCESS |  
2019-08-24 07:08:13,412 [grpc-default-executor-1] INFO  client.GrpcClientProtocolClient (GrpcClientProtocolClient.java:onNext(255)) - client-6EDD19400D46->06a4573b-67a1-41e3-a350-f896363bc636: receive RaftClientReply:client-6EDD19400D46->06a4573b-67a1-41e3-a350-f896363bc636@group-757E3781CD2A, cid=766, SUCCESS, logIndex=0, commits[06a4573b-67a1-41e3-a350-f896363bc636:c967, 0b725bbf-683b-4664-9a2e-3c9dd6e38bc1:c965, 9193e3b7-ae04-484d-a740-c65c11559486:c965]
2019-08-24 07:08:13,421 | INFO  | DNAudit | user=null | ip=null | op=WRITE_CHUNK {blockData=conID: 2 locID: 102670695851819428 bcsId: 0} | ret=SUCCESS |  
2019-08-24 07:08:13,422 | INFO  | DNAudit | user=null | ip=null | op=WRITE_CHUNK {blockData=conID: 2 locID: 102670695851819428 bcsId: 0} | ret=SUCCESS |  
2019-08-24 07:08:13,425 | INFO  | DNAudit | user=null | ip=null | op=WRITE_CHUNK {blockData=conID: 2 locID: 102670695851819428 bcsId: 0} | ret=SUCCESS |  
2019-08-24 07:08:13,425 | INFO  | DNAudit | user=null | ip=null | op=WRITE_CHUNK {blockData=conID: 2 locID: 102670695851819428 bcsId: 0} | ret=SUCCESS |  
2019-08-24 07:08:13,427 | INFO  | DNAudit | user=null | ip=null | op=WRITE_CHUNK {blockData=conID: 2 locID: 102670695851819428 bcsId: 0} | ret=SUCCESS |  
2019-08-24 07:08:13,428 | INFO  | DNAudit | user=null | ip=null | op=WRITE_CHUNK {blockData=conID: 2 locID: 102670695851819428 bcsId: 0} | ret=SUCCESS |  
2019-08-24 07:08:13,435 | INFO  | DNAudit | user=null | ip=null | op=WRITE_CHUNK {blockData=conID: 2 locID: 102670695851819428 bcsId: 0} | ret=SUCCESS |  
2019-08-24 07:08:13,435 | INFO  | DNAudit | user=null | ip=null | op=PUT_BLOCK {blockData=[blockId=conID: 2 locID: 102670695851819428 bcsId: 0,size=1048576]} | ret=SUCCESS |  
2019-08-24 07:08:13,435 [grpc-default-executor-1] INFO  client.GrpcClientProtocolClient (GrpcClientProtocolClient.java:onNext(255)) - client-6EDD19400D46->06a4573b-67a1-41e3-a350-f896363bc636: receive RaftClientReply:client-6EDD19400D46->06a4573b-67a1-41e3-a350-f896363bc636@group-757E3781CD2A, cid=767, SUCCESS, logIndex=968, commits[06a4573b-67a1-41e3-a350-f896363bc636:c969, 0b725bbf-683b-4664-9a2e-3c9dd6e38bc1:c967, 9193e3b7-ae04-484d-a740-c65c11559486:c967]
2019-08-24 07:08:13,436 [grpc-default-executor-1] INFO  client.GrpcClientProtocolClient (GrpcClientProtocolClient.java:onNext(255)) - client-6EDD19400D46->06a4573b-67a1-41e3-a350-f896363bc636: receive RaftClientReply:client-6EDD19400D46->06a4573b-67a1-41e3-a350-f896363bc636@group-757E3781CD2A, cid=768, SUCCESS, logIndex=969, commits[06a4573b-67a1-41e3-a350-f896363bc636:c969, 0b725bbf-683b-4664-9a2e-3c9dd6e38bc1:c967, 9193e3b7-ae04-484d-a740-c65c11559486:c967]
2019-08-24 07:08:13,446 | INFO  | DNAudit | user=null | ip=null | op=WRITE_CHUNK {blockData=conID: 2 locID: 102670695851819428 bcsId: 0} | ret=SUCCESS |  
2019-08-24 07:08:13,446 | INFO  | DNAudit | user=null | ip=null | op=WRITE_CHUNK {blockData=conID: 2 locID: 102670695851819428 bcsId: 0} | ret=SUCCESS |  
2019-08-24 07:08:13,446 | INFO  | DNAudit | user=null | ip=null | op=PUT_BLOCK {blockData=[blockId=conID: 2 locID: 102670695851819428 bcsId: 0,size=2097152]} | ret=SUCCESS |  
2019-08-24 07:08:13,447 | INFO  | DNAudit | user=null | ip=null | op=PUT_BLOCK {blockData=[blockId=conID: 2 locID: 102670695851819428 bcsId: 0,size=1048576]} | ret=SUCCESS |  
2019-08-24 07:08:13,447 [grpc-default-executor-2] INFO  client.GrpcClientProtocolClient (GrpcClientProtocolClient.java:onNext(255)) - client-6EDD19400D46->06a4573b-67a1-41e3-a350-f896363bc636: receive RaftClientReply:client-6EDD19400D46->06a4573b-67a1-41e3-a350-f896363bc636@group-757E3781CD2A, cid=769, SUCCESS, logIndex=970, commits[06a4573b-67a1-41e3-a350-f896363bc636:c971, 0b725bbf-683b-4664-9a2e-3c9dd6e38bc1:c967, 9193e3b7-ae04-484d-a740-c65c11559486:c967]
2019-08-24 07:08:13,447 | INFO  | DNAudit | user=null | ip=null | op=WRITE_CHUNK {blockData=conID: 2 locID: 102670695851819428 bcsId: 0} | ret=SUCCESS |  
2019-08-24 07:08:13,447 | INFO  | DNAudit | user=null | ip=null | op=PUT_BLOCK {blockData=[blockId=conID: 2 locID: 102670695851819428 bcsId: 0,size=1048576]} | ret=SUCCESS |  
2019-08-24 07:08:13,447 [grpc-default-executor-2] INFO  client.GrpcClientProtocolClient (GrpcClientProtocolClient.java:onNext(255)) - client-6EDD19400D46->06a4573b-67a1-41e3-a350-f896363bc636: receive RaftClientReply:client-6EDD19400D46->06a4573b-67a1-41e3-a350-f896363bc636@group-757E3781CD2A, cid=770, SUCCESS, logIndex=971, commits[06a4573b-67a1-41e3-a350-f896363bc636:c973, 0b725bbf-683b-4664-9a2e-3c9dd6e38bc1:c967, 9193e3b7-ae04-484d-a740-c65c11559486:c969]
2019-08-24 07:08:13,449 [grpc-default-executor-2] INFO  client.GrpcClientProtocolClient (GrpcClientProtocolClient.java:onNext(255)) - client-6EDD19400D46->06a4573b-67a1-41e3-a350-f896363bc636: receive RaftClientReply:client-6EDD19400D46->06a4573b-67a1-41e3-a350-f896363bc636@group-757E3781CD2A, cid=771, SUCCESS, logIndex=0, commits[06a4573b-67a1-41e3-a350-f896363bc636:c973, 0b725bbf-683b-4664-9a2e-3c9dd6e38bc1:c969, 9193e3b7-ae04-484d-a740-c65c11559486:c969]
2019-08-24 07:08:13,449 | INFO  | DNAudit | user=null | ip=null | op=WRITE_CHUNK {blockData=conID: 2 locID: 102670695851819428 bcsId: 0} | ret=SUCCESS |  
2019-08-24 07:08:13,456 | INFO  | DNAudit | user=null | ip=null | op=WRITE_CHUNK {blockData=conID: 2 locID: 102670695851819428 bcsId: 971} | ret=SUCCESS |  
2019-08-24 07:08:13,460 | INFO  | DNAudit | user=null | ip=null | op=WRITE_CHUNK {blockData=conID: 2 locID: 102670695851819428 bcsId: 971} | ret=SUCCESS |  
2019-08-24 07:08:13,461 | INFO  | DNAudit | user=null | ip=null | op=WRITE_CHUNK {blockData=conID: 2 locID: 102670695851819428 bcsId: 0} | ret=SUCCESS |  
2019-08-24 07:08:13,461 | INFO  | DNAudit | user=null | ip=null | op=WRITE_CHUNK {blockData=conID: 2 locID: 102670695851819428 bcsId: 971} | ret=SUCCESS |  
2019-08-24 07:08:13,461 | INFO  | DNAudit | user=null | ip=null | op=PUT_BLOCK {blockData=[blockId=conID: 2 locID: 102670695851819428 bcsId: 0,size=2097152]} | ret=SUCCESS |  
2019-08-24 07:08:13,461 | INFO  | DNAudit | user=null | ip=null | op=PUT_BLOCK {blockData=[blockId=conID: 2 locID: 102670695851819428 bcsId: 0,size=2097152]} | ret=SUCCESS |  
2019-08-24 07:08:13,462 | INFO  | DNAudit | user=null | ip=null | op=WRITE_CHUNK {blockData=conID: 2 locID: 102670695851819428 bcsId: 971} | ret=SUCCESS |  
2019-08-24 07:08:13,463 | INFO  | DNAudit | user=null | ip=null | op=PUT_BLOCK {blockData=[blockId=conID: 2 locID: 102670695851819428 bcsId: 0,size=3145728]} | ret=SUCCESS |  
2019-08-24 07:08:13,463 [grpc-default-executor-2] INFO  client.GrpcClientProtocolClient (GrpcClientProtocolClient.java:onNext(255)) - client-6EDD19400D46->06a4573b-67a1-41e3-a350-f896363bc636: receive RaftClientReply:client-6EDD19400D46->06a4573b-67a1-41e3-a350-f896363bc636@group-757E3781CD2A, cid=772, SUCCESS, logIndex=976, commits[06a4573b-67a1-41e3-a350-f896363bc636:c977, 0b725bbf-683b-4664-9a2e-3c9dd6e38bc1:c971, 9193e3b7-ae04-484d-a740-c65c11559486:c974]
2019-08-24 07:08:13,464 [grpc-default-executor-2] INFO  client.GrpcClientProtocolClient (GrpcClientProtocolClient.java:onNext(255)) - client-6EDD19400D46->06a4573b-67a1-41e3-a350-f896363bc636: receive RaftClientReply:client-6EDD19400D46->06a4573b-67a1-41e3-a350-f896363bc636@group-757E3781CD2A, cid=773, SUCCESS, logIndex=977, commits[06a4573b-67a1-41e3-a350-f896363bc636:c977, 0b725bbf-683b-4664-9a2e-3c9dd6e38bc1:c974, 9193e3b7-ae04-484d-a740-c65c11559486:c974]
2019-08-24 07:08:13,464 | INFO  | DNAudit | user=null | ip=null | op=WRITE_CHUNK {blockData=conID: 2 locID: 102670695851819428 bcsId: 971} | ret=SUCCESS |  
2019-08-24 07:08:13,464 | INFO  | DNAudit | user=null | ip=null | op=WRITE_CHUNK {blockData=conID: 2 locID: 102670695851819428 bcsId: 971} | ret=SUCCESS |  
2019-08-24 07:08:13,465 | INFO  | DNAudit | user=null | ip=null | op=PUT_BLOCK {blockData=[blockId=conID: 2 locID: 102670695851819428 bcsId: 0,size=3145728]} | ret=SUCCESS |  
2019-08-24 07:08:13,465 | INFO  | DNAudit | user=null | ip=null | op=PUT_BLOCK {blockData=[blockId=conID: 2 locID: 102670695851819428 bcsId: 0,size=3145728]} | ret=SUCCESS |  
2019-08-24 07:08:13,470 | INFO  | DNAudit | user=null | ip=null | op=WRITE_CHUNK {blockData=conID: 2 locID: 102670695851819428 bcsId: 977} | ret=SUCCESS |  
2019-08-24 07:08:13,474 | INFO  | DNAudit | user=null | ip=null | op=WRITE_CHUNK {blockData=conID: 2 locID: 102670695851819428 bcsId: 977} | ret=SUCCESS |  
2019-08-24 07:08:13,475 | INFO  | DNAudit | user=null | ip=null | op=WRITE_CHUNK {blockData=conID: 2 locID: 102670695851819428 bcsId: 977} | ret=SUCCESS |  
2019-08-24 07:08:13,482 | INFO  | DNAudit | user=null | ip=null | op=WRITE_CHUNK {blockData=conID: 2 locID: 102670695851819428 bcsId: 977} | ret=SUCCESS |  
2019-08-24 07:08:13,483 | INFO  | DNAudit | user=null | ip=null | op=PUT_BLOCK {blockData=[blockId=conID: 2 locID: 102670695851819428 bcsId: 0,size=4194304]} | ret=SUCCESS |  
2019-08-24 07:08:13,483 [grpc-default-executor-5] INFO  client.GrpcClientProtocolClient (GrpcClientProtocolClient.java:onNext(255)) - client-6EDD19400D46->06a4573b-67a1-41e3-a350-f896363bc636: receive RaftClientReply:client-6EDD19400D46->06a4573b-67a1-41e3-a350-f896363bc636@group-757E3781CD2A, cid=774, SUCCESS, logIndex=980, commits[06a4573b-67a1-41e3-a350-f896363bc636:c981, 0b725bbf-683b-4664-9a2e-3c9dd6e38bc1:c979, 9193e3b7-ae04-484d-a740-c65c11559486:c979]
2019-08-24 07:08:13,483 [grpc-default-executor-5] INFO  client.GrpcClientProtocolClient (GrpcClientProtocolClient.java:onNext(255)) - client-6EDD19400D46->06a4573b-67a1-41e3-a350-f896363bc636: receive RaftClientReply:client-6EDD19400D46->06a4573b-67a1-41e3-a350-f896363bc636@group-757E3781CD2A, cid=775, SUCCESS, logIndex=981, commits[06a4573b-67a1-41e3-a350-f896363bc636:c981, 0b725bbf-683b-4664-9a2e-3c9dd6e38bc1:c979, 9193e3b7-ae04-484d-a740-c65c11559486:c979]
2019-08-24 07:08:13,494 | INFO  | DNAudit | user=null | ip=null | op=WRITE_CHUNK {blockData=conID: 2 locID: 102670695851819428 bcsId: 977} | ret=SUCCESS |  
2019-08-24 07:08:13,494 | INFO  | DNAudit | user=null | ip=null | op=WRITE_CHUNK {blockData=conID: 2 locID: 102670695851819428 bcsId: 977} | ret=SUCCESS |  
2019-08-24 07:08:13,497 | INFO  | DNAudit | user=null | ip=null | op=PUT_BLOCK {blockData=[blockId=conID: 2 locID: 102670695851819428 bcsId: 0,size=4194304]} | ret=SUCCESS |  
2019-08-24 07:08:13,497 | INFO  | DNAudit | user=null | ip=null | op=PUT_BLOCK {blockData=[blockId=conID: 2 locID: 102670695851819428 bcsId: 0,size=4194304]} | ret=SUCCESS |  
2019-08-24 07:08:13,497 [grpc-default-executor-2] INFO  client.GrpcClientProtocolClient (GrpcClientProtocolClient.java:onNext(255)) - client-6EDD19400D46->06a4573b-67a1-41e3-a350-f896363bc636: receive RaftClientReply:client-6EDD19400D46->06a4573b-67a1-41e3-a350-f896363bc636@group-757E3781CD2A, cid=776, SUCCESS, logIndex=0, commits[06a4573b-67a1-41e3-a350-f896363bc636:c983, 0b725bbf-683b-4664-9a2e-3c9dd6e38bc1:c981, 9193e3b7-ae04-484d-a740-c65c11559486:c981]
2019-08-24 07:08:13,504 | INFO  | DNAudit | user=null | ip=null | op=WRITE_CHUNK {blockData=conID: 3 locID: 102670695851819429 bcsId: 0} | ret=SUCCESS |  
2019-08-24 07:08:13,506 | INFO  | DNAudit | user=null | ip=null | op=WRITE_CHUNK {blockData=conID: 3 locID: 102670695851819429 bcsId: 0} | ret=SUCCESS |  
2019-08-24 07:08:13,508 | INFO  | DNAudit | user=null | ip=null | op=WRITE_CHUNK {blockData=conID: 3 locID: 102670695851819429 bcsId: 0} | ret=SUCCESS |  
2019-08-24 07:08:13,509 | INFO  | DNAudit | user=null | ip=null | op=WRITE_CHUNK {blockData=conID: 3 locID: 102670695851819429 bcsId: 0} | ret=SUCCESS |  
2019-08-24 07:08:13,511 | INFO  | DNAudit | user=null | ip=null | op=WRITE_CHUNK {blockData=conID: 3 locID: 102670695851819429 bcsId: 0} | ret=SUCCESS |  
2019-08-24 07:08:13,512 | INFO  | DNAudit | user=null | ip=null | op=WRITE_CHUNK {blockData=conID: 3 locID: 102670695851819429 bcsId: 0} | ret=SUCCESS |  
2019-08-24 07:08:13,519 | INFO  | DNAudit | user=null | ip=null | op=WRITE_CHUNK {blockData=conID: 3 locID: 102670695851819429 bcsId: 0} | ret=SUCCESS |  
2019-08-24 07:08:13,519 | INFO  | DNAudit | user=null | ip=null | op=PUT_BLOCK {blockData=[blockId=conID: 3 locID: 102670695851819429 bcsId: 0,size=1048576]} | ret=SUCCESS |  
2019-08-24 07:08:13,520 [grpc-default-executor-2] INFO  client.GrpcClientProtocolClient (GrpcClientProtocolClient.java:onNext(255)) - client-6EDD19400D46->06a4573b-67a1-41e3-a350-f896363bc636: receive RaftClientReply:client-6EDD19400D46->06a4573b-67a1-41e3-a350-f896363bc636@group-757E3781CD2A, cid=777, SUCCESS, logIndex=984, commits[06a4573b-67a1-41e3-a350-f896363bc636:c985, 0b725bbf-683b-4664-9a2e-3c9dd6e38bc1:c983, 9193e3b7-ae04-484d-a740-c65c11559486:c983]
2019-08-24 07:08:13,520 | INFO  | DNAudit | user=null | ip=null | op=WRITE_CHUNK {blockData=conID: 3 locID: 102670695851819429 bcsId: 0} | ret=SUCCESS |  
2019-08-24 07:08:13,520 | INFO  | DNAudit | user=null | ip=null | op=PUT_BLOCK {blockData=[blockId=conID: 3 locID: 102670695851819429 bcsId: 0,size=2097152]} | ret=SUCCESS |  
2019-08-24 07:08:13,520 [grpc-default-executor-2] INFO  client.GrpcClientProtocolClient (GrpcClientProtocolClient.java:onNext(255)) - client-6EDD19400D46->06a4573b-67a1-41e3-a350-f896363bc636: receive RaftClientReply:client-6EDD19400D46->06a4573b-67a1-41e3-a350-f896363bc636@group-757E3781CD2A, cid=778, SUCCESS, logIndex=985, commits[06a4573b-67a1-41e3-a350-f896363bc636:c987, 0b725bbf-683b-4664-9a2e-3c9dd6e38bc1:c983, 9193e3b7-ae04-484d-a740-c65c11559486:c983]
2019-08-24 07:08:13,521 [grpc-default-executor-2] INFO  client.GrpcClientProtocolClient (GrpcClientProtocolClient.java:onNext(255)) - client-6EDD19400D46->06a4573b-67a1-41e3-a350-f896363bc636: receive RaftClientReply:client-6EDD19400D46->06a4573b-67a1-41e3-a350-f896363bc636@group-757E3781CD2A, cid=779, SUCCESS, logIndex=986, commits[06a4573b-67a1-41e3-a350-f896363bc636:c987, 0b725bbf-683b-4664-9a2e-3c9dd6e38bc1:c983, 9193e3b7-ae04-484d-a740-c65c11559486:c983]
2019-08-24 07:08:13,521 [grpc-default-executor-2] INFO  client.GrpcClientProtocolClient (GrpcClientProtocolClient.java:onNext(255)) - client-6EDD19400D46->06a4573b-67a1-41e3-a350-f896363bc636: receive RaftClientReply:client-6EDD19400D46->06a4573b-67a1-41e3-a350-f896363bc636@group-757E3781CD2A, cid=780, SUCCESS, logIndex=987, commits[06a4573b-67a1-41e3-a350-f896363bc636:c987, 0b725bbf-683b-4664-9a2e-3c9dd6e38bc1:c983, 9193e3b7-ae04-484d-a740-c65c11559486:c983]
2019-08-24 07:08:13,522 | INFO  | DNAudit | user=null | ip=null | op=WRITE_CHUNK {blockData=conID: 3 locID: 102670695851819429 bcsId: 0} | ret=SUCCESS |  
2019-08-24 07:08:13,533 | INFO  | DNAudit | user=null | ip=null | op=WRITE_CHUNK {blockData=conID: 3 locID: 102670695851819429 bcsId: 0} | ret=SUCCESS |  
2019-08-24 07:08:13,533 | INFO  | DNAudit | user=null | ip=null | op=PUT_BLOCK {blockData=[blockId=conID: 3 locID: 102670695851819429 bcsId: 0,size=1048576]} | ret=SUCCESS |  
2019-08-24 07:08:13,533 | INFO  | DNAudit | user=null | ip=null | op=PUT_BLOCK {blockData=[blockId=conID: 3 locID: 102670695851819429 bcsId: 0,size=1048576]} | ret=SUCCESS |  
2019-08-24 07:08:13,533 | INFO  | DNAudit | user=null | ip=null | op=WRITE_CHUNK {blockData=conID: 3 locID: 102670695851819429 bcsId: 0} | ret=SUCCESS |  
2019-08-24 07:08:13,533 | INFO  | DNAudit | user=null | ip=null | op=WRITE_CHUNK {blockData=conID: 3 locID: 102670695851819429 bcsId: 0} | ret=SUCCESS |  
2019-08-24 07:08:13,534 | INFO  | DNAudit | user=null | ip=null | op=PUT_BLOCK {blockData=[blockId=conID: 3 locID: 102670695851819429 bcsId: 0,size=2097152]} | ret=SUCCESS |  
2019-08-24 07:08:13,534 | INFO  | DNAudit | user=null | ip=null | op=PUT_BLOCK {blockData=[blockId=conID: 3 locID: 102670695851819429 bcsId: 0,size=2097152]} | ret=SUCCESS |  
2019-08-24 07:08:13,534 [grpc-default-executor-5] INFO  client.GrpcClientProtocolClient (GrpcClientProtocolClient.java:onNext(255)) - client-6EDD19400D46->06a4573b-67a1-41e3-a350-f896363bc636: receive RaftClientReply:client-6EDD19400D46->06a4573b-67a1-41e3-a350-f896363bc636@group-757E3781CD2A, cid=781, SUCCESS, logIndex=0, commits[06a4573b-67a1-41e3-a350-f896363bc636:c989, 0b725bbf-683b-4664-9a2e-3c9dd6e38bc1:c985, 9193e3b7-ae04-484d-a740-c65c11559486:c985]
2019-08-24 07:08:13,540 | INFO  | DNAudit | user=null | ip=null | op=WRITE_CHUNK {blockData=conID: 3 locID: 102670695851819429 bcsId: 987} | ret=SUCCESS |  
2019-08-24 07:08:13,544 | INFO  | DNAudit | user=null | ip=null | op=WRITE_CHUNK {blockData=conID: 3 locID: 102670695851819429 bcsId: 987} | ret=SUCCESS |  
2019-08-24 07:08:13,545 | INFO  | DNAudit | user=null | ip=null | op=WRITE_CHUNK {blockData=conID: 3 locID: 102670695851819429 bcsId: 987} | ret=SUCCESS |  
2019-08-24 07:08:13,553 | INFO  | DNAudit | user=null | ip=null | op=WRITE_CHUNK {blockData=conID: 3 locID: 102670695851819429 bcsId: 987} | ret=SUCCESS |  
2019-08-24 07:08:13,553 | INFO  | DNAudit | user=null | ip=null | op=PUT_BLOCK {blockData=[blockId=conID: 3 locID: 102670695851819429 bcsId: 0,size=3145728]} | ret=SUCCESS |  
2019-08-24 07:08:13,554 [grpc-default-executor-5] INFO  client.GrpcClientProtocolClient (GrpcClientProtocolClient.java:onNext(255)) - client-6EDD19400D46->06a4573b-67a1-41e3-a350-f896363bc636: receive RaftClientReply:client-6EDD19400D46->06a4573b-67a1-41e3-a350-f896363bc636@group-757E3781CD2A, cid=782, SUCCESS, logIndex=991, commits[06a4573b-67a1-41e3-a350-f896363bc636:c992, 0b725bbf-683b-4664-9a2e-3c9dd6e38bc1:c990, 9193e3b7-ae04-484d-a740-c65c11559486:c990]
2019-08-24 07:08:13,554 [grpc-default-executor-5] INFO  client.GrpcClientProtocolClient (GrpcClientProtocolClient.java:onNext(255)) - client-6EDD19400D46->06a4573b-67a1-41e3-a350-f896363bc636: receive RaftClientReply:client-6EDD19400D46->06a4573b-67a1-41e3-a350-f896363bc636@group-757E3781CD2A, cid=783, SUCCESS, logIndex=992, commits[06a4573b-67a1-41e3-a350-f896363bc636:c992, 0b725bbf-683b-4664-9a2e-3c9dd6e38bc1:c990, 9193e3b7-ae04-484d-a740-c65c11559486:c990]
2019-08-24 07:08:13,561 | INFO  | DNAudit | user=null | ip=null | op=WRITE_CHUNK {blockData=conID: 3 locID: 102670695851819429 bcsId: 992} | ret=SUCCESS |  
2019-08-24 07:08:13,564 | INFO  | DNAudit | user=null | ip=null | op=WRITE_CHUNK {blockData=conID: 3 locID: 102670695851819429 bcsId: 987} | ret=SUCCESS |  
2019-08-24 07:08:13,564 | INFO  | DNAudit | user=null | ip=null | op=WRITE_CHUNK {blockData=conID: 3 locID: 102670695851819429 bcsId: 987} | ret=SUCCESS |  
2019-08-24 07:08:13,564 | INFO  | DNAudit | user=null | ip=null | op=WRITE_CHUNK {blockData=conID: 3 locID: 102670695851819429 bcsId: 992} | ret=SUCCESS |  
2019-08-24 07:08:13,565 | INFO  | DNAudit | user=null | ip=null | op=WRITE_CHUNK {blockData=conID: 3 locID: 102670695851819429 bcsId: 992} | ret=SUCCESS |  
2019-08-24 07:08:13,576 | INFO  | DNAudit | user=null | ip=null | op=PUT_BLOCK {blockData=[blockId=conID: 3 locID: 102670695851819429 bcsId: 0,size=3145728]} | ret=SUCCESS |  
2019-08-24 07:08:13,576 | INFO  | DNAudit | user=null | ip=null | op=PUT_BLOCK {blockData=[blockId=conID: 3 locID: 102670695851819429 bcsId: 0,size=3145728]} | ret=SUCCESS |  
2019-08-24 07:08:13,577 | INFO  | DNAudit | user=null | ip=null | op=WRITE_CHUNK {blockData=conID: 3 locID: 102670695851819429 bcsId: 992} | ret=SUCCESS |  
2019-08-24 07:08:13,577 | INFO  | DNAudit | user=null | ip=null | op=PUT_BLOCK {blockData=[blockId=conID: 3 locID: 102670695851819429 bcsId: 0,size=4194304]} | ret=SUCCESS |  
2019-08-24 07:08:13,578 | INFO  | DNAudit | user=null | ip=null | op=WRITE_CHUNK {blockData=conID: 3 locID: 102670695851819429 bcsId: 992} | ret=SUCCESS |  
2019-08-24 07:08:13,578 [grpc-default-executor-1] INFO  client.GrpcClientProtocolClient (GrpcClientProtocolClient.java:onNext(255)) - client-6EDD19400D46->06a4573b-67a1-41e3-a350-f896363bc636: receive RaftClientReply:client-6EDD19400D46->06a4573b-67a1-41e3-a350-f896363bc636@group-757E3781CD2A, cid=784, SUCCESS, logIndex=995, commits[06a4573b-67a1-41e3-a350-f896363bc636:c996, 0b725bbf-683b-4664-9a2e-3c9dd6e38bc1:c992, 9193e3b7-ae04-484d-a740-c65c11559486:c992]
2019-08-24 07:08:13,578 | INFO  | DNAudit | user=null | ip=null | op=PUT_BLOCK {blockData=[blockId=conID: 3 locID: 102670695851819429 bcsId: 0,size=4194304]} | ret=SUCCESS |  
2019-08-24 07:08:13,578 [grpc-default-executor-5] INFO  client.GrpcClientProtocolClient (GrpcClientProtocolClient.java:onNext(255)) - client-6EDD19400D46->06a4573b-67a1-41e3-a350-f896363bc636: receive RaftClientReply:client-6EDD19400D46->06a4573b-67a1-41e3-a350-f896363bc636@group-757E3781CD2A, cid=785, SUCCESS, logIndex=996, commits[06a4573b-67a1-41e3-a350-f896363bc636:c996, 0b725bbf-683b-4664-9a2e-3c9dd6e38bc1:c992, 9193e3b7-ae04-484d-a740-c65c11559486:c992]
2019-08-24 07:08:13,579 | INFO  | DNAudit | user=null | ip=null | op=WRITE_CHUNK {blockData=conID: 3 locID: 102670695851819429 bcsId: 992} | ret=SUCCESS |  
2019-08-24 07:08:13,579 | INFO  | DNAudit | user=null | ip=null | op=PUT_BLOCK {blockData=[blockId=conID: 3 locID: 102670695851819429 bcsId: 0,size=4194304]} | ret=SUCCESS |  
2019-08-24 07:08:13,580 [grpc-default-executor-5] INFO  client.GrpcClientProtocolClient (GrpcClientProtocolClient.java:onNext(255)) - client-6EDD19400D46->06a4573b-67a1-41e3-a350-f896363bc636: receive RaftClientReply:client-6EDD19400D46->06a4573b-67a1-41e3-a350-f896363bc636@group-757E3781CD2A, cid=786, SUCCESS, logIndex=0, commits[06a4573b-67a1-41e3-a350-f896363bc636:c997, 0b725bbf-683b-4664-9a2e-3c9dd6e38bc1:c996, 9193e3b7-ae04-484d-a740-c65c11559486:c996]
2019-08-24 07:08:13,589 | INFO  | DNAudit | user=null | ip=null | op=WRITE_CHUNK {blockData=conID: 1 locID: 102670695851819430 bcsId: 0} | ret=SUCCESS |  
2019-08-24 07:08:13,592 | INFO  | DNAudit | user=null | ip=null | op=WRITE_CHUNK {blockData=conID: 1 locID: 102670695851819430 bcsId: 0} | ret=SUCCESS |  
2019-08-24 07:08:13,592 | INFO  | DNAudit | user=null | ip=null | op=WRITE_CHUNK {blockData=conID: 1 locID: 102670695851819430 bcsId: 0} | ret=SUCCESS |  
2019-08-24 07:08:13,593 | INFO  | DNAudit | user=null | ip=null | op=WRITE_CHUNK {blockData=conID: 1 locID: 102670695851819430 bcsId: 0} | ret=SUCCESS |  
2019-08-24 07:08:13,595 | INFO  | DNAudit | user=null | ip=null | op=WRITE_CHUNK {blockData=conID: 1 locID: 102670695851819430 bcsId: 0} | ret=SUCCESS |  
2019-08-24 07:08:13,596 | INFO  | DNAudit | user=null | ip=null | op=WRITE_CHUNK {blockData=conID: 1 locID: 102670695851819430 bcsId: 0} | ret=SUCCESS |  
2019-08-24 07:08:13,601 | INFO  | DNAudit | user=null | ip=null | op=WRITE_CHUNK {blockData=conID: 1 locID: 102670695851819430 bcsId: 0} | ret=SUCCESS |  
2019-08-24 07:08:13,602 | INFO  | DNAudit | user=null | ip=null | op=PUT_BLOCK {blockData=[blockId=conID: 1 locID: 102670695851819430 bcsId: 0,size=1048576]} | ret=SUCCESS |  
2019-08-24 07:08:13,602 | INFO  | DNAudit | user=null | ip=null | op=WRITE_CHUNK {blockData=conID: 1 locID: 102670695851819430 bcsId: 0} | ret=SUCCESS |  
2019-08-24 07:08:13,603 | INFO  | DNAudit | user=null | ip=null | op=PUT_BLOCK {blockData=[blockId=conID: 1 locID: 102670695851819430 bcsId: 0,size=2097152]} | ret=SUCCESS |  
2019-08-24 07:08:13,603 [grpc-default-executor-1] INFO  client.GrpcClientProtocolClient (GrpcClientProtocolClient.java:onNext(255)) - client-6EDD19400D46->06a4573b-67a1-41e3-a350-f896363bc636: receive RaftClientReply:client-6EDD19400D46->06a4573b-67a1-41e3-a350-f896363bc636@group-757E3781CD2A, cid=787, SUCCESS, logIndex=999, commits[06a4573b-67a1-41e3-a350-f896363bc636:c1000, 0b725bbf-683b-4664-9a2e-3c9dd6e38bc1:c998, 9193e3b7-ae04-484d-a740-c65c11559486:c998]
2019-08-24 07:08:13,603 | INFO  | DNAudit | user=null | ip=null | op=WRITE_CHUNK {blockData=conID: 1 locID: 102670695851819430 bcsId: 0} | ret=SUCCESS |  
2019-08-24 07:08:13,603 | INFO  | DNAudit | user=null | ip=null | op=PUT_BLOCK {blockData=[blockId=conID: 1 locID: 102670695851819430 bcsId: 0,size=1048576]} | ret=SUCCESS |  
2019-08-24 07:08:13,603 | INFO  | DNAudit | user=null | ip=null | op=WRITE_CHUNK {blockData=conID: 1 locID: 102670695851819430 bcsId: 0} | ret=SUCCESS |  
2019-08-24 07:08:13,604 [grpc-default-executor-1] INFO  client.GrpcClientProtocolClient (GrpcClientProtocolClient.java:onNext(255)) - client-6EDD19400D46->06a4573b-67a1-41e3-a350-f896363bc636: receive RaftClientReply:client-6EDD19400D46->06a4573b-67a1-41e3-a350-f896363bc636@group-757E3781CD2A, cid=788, SUCCESS, logIndex=1000, commits[06a4573b-67a1-41e3-a350-f896363bc636:c1002, 0b725bbf-683b-4664-9a2e-3c9dd6e38bc1:c998, 9193e3b7-ae04-484d-a740-c65c11559486:c998]
2019-08-24 07:08:13,604 | INFO  | DNAudit | user=null | ip=null | op=PUT_BLOCK {blockData=[blockId=conID: 1 locID: 102670695851819430 bcsId: 0,size=1048576]} | ret=SUCCESS |  
2019-08-24 07:08:13,604 [grpc-default-executor-1] INFO  client.GrpcClientProtocolClient (GrpcClientProtocolClient.java:onNext(255)) - client-6EDD19400D46->06a4573b-67a1-41e3-a350-f896363bc636: receive RaftClientReply:client-6EDD19400D46->06a4573b-67a1-41e3-a350-f896363bc636@group-757E3781CD2A, cid=789, SUCCESS, logIndex=1001, commits[06a4573b-67a1-41e3-a350-f896363bc636:c1002, 0b725bbf-683b-4664-9a2e-3c9dd6e38bc1:c998, 9193e3b7-ae04-484d-a740-c65c11559486:c998]
2019-08-24 07:08:13,604 | INFO  | DNAudit | user=null | ip=null | op=WRITE_CHUNK {blockData=conID: 1 locID: 102670695851819430 bcsId: 0} | ret=SUCCESS |  
2019-08-24 07:08:13,604 [grpc-default-executor-1] INFO  client.GrpcClientProtocolClient (GrpcClientProtocolClient.java:onNext(255)) - client-6EDD19400D46->06a4573b-67a1-41e3-a350-f896363bc636: receive RaftClientReply:client-6EDD19400D46->06a4573b-67a1-41e3-a350-f896363bc636@group-757E3781CD2A, cid=790, SUCCESS, logIndex=1002, commits[06a4573b-67a1-41e3-a350-f896363bc636:c1002, 0b725bbf-683b-4664-9a2e-3c9dd6e38bc1:c998, 9193e3b7-ae04-484d-a740-c65c11559486:c998]
2019-08-24 07:08:13,605 | INFO  | DNAudit | user=null | ip=null | op=PUT_BLOCK {blockData=[blockId=conID: 1 locID: 102670695851819430 bcsId: 0,size=2097152]} | ret=SUCCESS |  
2019-08-24 07:08:13,605 | INFO  | DNAudit | user=null | ip=null | op=WRITE_CHUNK {blockData=conID: 1 locID: 102670695851819430 bcsId: 0} | ret=SUCCESS |  
2019-08-24 07:08:13,605 | INFO  | DNAudit | user=null | ip=null | op=PUT_BLOCK {blockData=[blockId=conID: 1 locID: 102670695851819430 bcsId: 0,size=2097152]} | ret=SUCCESS |  
2019-08-24 07:08:13,606 [grpc-default-executor-1] INFO  client.GrpcClientProtocolClient (GrpcClientProtocolClient.java:onNext(255)) - client-6EDD19400D46->06a4573b-67a1-41e3-a350-f896363bc636: receive RaftClientReply:client-6EDD19400D46->06a4573b-67a1-41e3-a350-f896363bc636@group-757E3781CD2A, cid=791, SUCCESS, logIndex=0, commits[06a4573b-67a1-41e3-a350-f896363bc636:c1006, 0b725bbf-683b-4664-9a2e-3c9dd6e38bc1:c1000, 9193e3b7-ae04-484d-a740-c65c11559486:c1002]
2019-08-24 07:08:13,613 | INFO  | DNAudit | user=null | ip=null | op=WRITE_CHUNK {blockData=conID: 1 locID: 102670695851819430 bcsId: 1002} | ret=SUCCESS |  
2019-08-24 07:08:13,617 | INFO  | DNAudit | user=null | ip=null | op=WRITE_CHUNK {blockData=conID: 1 locID: 102670695851819430 bcsId: 1002} | ret=SUCCESS |  
2019-08-24 07:08:13,618 | INFO  | DNAudit | user=null | ip=null | op=WRITE_CHUNK {blockData=conID: 1 locID: 102670695851819430 bcsId: 1002} | ret=SUCCESS |  
2019-08-24 07:08:13,632 | INFO  | DNAudit | user=null | ip=null | op=WRITE_CHUNK {blockData=conID: 1 locID: 102670695851819430 bcsId: 1002} | ret=SUCCESS |  
2019-08-24 07:08:13,632 | INFO  | DNAudit | user=null | ip=null | op=PUT_BLOCK {blockData=[blockId=conID: 1 locID: 102670695851819430 bcsId: 0,size=3145728]} | ret=SUCCESS |  
2019-08-24 07:08:13,633 [grpc-default-executor-5] INFO  client.GrpcClientProtocolClient (GrpcClientProtocolClient.java:onNext(255)) - client-6EDD19400D46->06a4573b-67a1-41e3-a350-f896363bc636: receive RaftClientReply:client-6EDD19400D46->06a4573b-67a1-41e3-a350-f896363bc636@group-757E3781CD2A, cid=792, SUCCESS, logIndex=1007, commits[06a4573b-67a1-41e3-a350-f896363bc636:c1008, 0b725bbf-683b-4664-9a2e-3c9dd6e38bc1:c1006, 9193e3b7-ae04-484d-a740-c65c11559486:c1006]
2019-08-24 07:08:13,633 | INFO  | DNAudit | user=null | ip=null | op=WRITE_CHUNK {blockData=conID: 1 locID: 102670695851819430 bcsId: 1002} | ret=SUCCESS |  
2019-08-24 07:08:13,633 | INFO  | DNAudit | user=null | ip=null | op=PUT_BLOCK {blockData=[blockId=conID: 1 locID: 102670695851819430 bcsId: 0,size=3145728]} | ret=SUCCESS |  
2019-08-24 07:08:13,633 [grpc-default-executor-5] INFO  client.GrpcClientProtocolClient (GrpcClientProtocolClient.java:onNext(255)) - client-6EDD19400D46->06a4573b-67a1-41e3-a350-f896363bc636: receive RaftClientReply:client-6EDD19400D46->06a4573b-67a1-41e3-a350-f896363bc636@group-757E3781CD2A, cid=793, SUCCESS, logIndex=1008, commits[06a4573b-67a1-41e3-a350-f896363bc636:c1008, 0b725bbf-683b-4664-9a2e-3c9dd6e38bc1:c1006, 9193e3b7-ae04-484d-a740-c65c11559486:c1006]
2019-08-24 07:08:13,633 | INFO  | DNAudit | user=null | ip=null | op=WRITE_CHUNK {blockData=conID: 1 locID: 102670695851819430 bcsId: 1002} | ret=SUCCESS |  
2019-08-24 07:08:13,634 | INFO  | DNAudit | user=null | ip=null | op=PUT_BLOCK {blockData=[blockId=conID: 1 locID: 102670695851819430 bcsId: 0,size=3145728]} | ret=SUCCESS |  
2019-08-24 07:08:13,642 | INFO  | DNAudit | user=null | ip=null | op=WRITE_CHUNK {blockData=conID: 1 locID: 102670695851819430 bcsId: 1008} | ret=SUCCESS |  
2019-08-24 07:08:13,646 | INFO  | DNAudit | user=null | ip=null | op=WRITE_CHUNK {blockData=conID: 1 locID: 102670695851819430 bcsId: 1008} | ret=SUCCESS |  
2019-08-24 07:08:13,646 | INFO  | DNAudit | user=null | ip=null | op=WRITE_CHUNK {blockData=conID: 1 locID: 102670695851819430 bcsId: 1008} | ret=SUCCESS |  
2019-08-24 07:08:13,654 | INFO  | DNAudit | user=null | ip=null | op=WRITE_CHUNK {blockData=conID: 1 locID: 102670695851819430 bcsId: 1008} | ret=SUCCESS |  
2019-08-24 07:08:13,655 | INFO  | DNAudit | user=null | ip=null | op=PUT_BLOCK {blockData=[blockId=conID: 1 locID: 102670695851819430 bcsId: 0,size=4194304]} | ret=SUCCESS |  
2019-08-24 07:08:13,655 [grpc-default-executor-5] INFO  client.GrpcClientProtocolClient (GrpcClientProtocolClient.java:onNext(255)) - client-6EDD19400D46->06a4573b-67a1-41e3-a350-f896363bc636: receive RaftClientReply:client-6EDD19400D46->06a4573b-67a1-41e3-a350-f896363bc636@group-757E3781CD2A, cid=794, SUCCESS, logIndex=1011, commits[06a4573b-67a1-41e3-a350-f896363bc636:c1012, 0b725bbf-683b-4664-9a2e-3c9dd6e38bc1:c1010, 9193e3b7-ae04-484d-a740-c65c11559486:c1010]
2019-08-24 07:08:13,656 [grpc-default-executor-5] INFO  client.GrpcClientProtocolClient (GrpcClientProtocolClient.java:onNext(255)) - client-6EDD19400D46->06a4573b-67a1-41e3-a350-f896363bc636: receive RaftClientReply:client-6EDD19400D46->06a4573b-67a1-41e3-a350-f896363bc636@group-757E3781CD2A, cid=795, SUCCESS, logIndex=1012, commits[06a4573b-67a1-41e3-a350-f896363bc636:c1012, 0b725bbf-683b-4664-9a2e-3c9dd6e38bc1:c1010, 9193e3b7-ae04-484d-a740-c65c11559486:c1010]
2019-08-24 07:08:13,666 | INFO  | DNAudit | user=null | ip=null | op=WRITE_CHUNK {blockData=conID: 1 locID: 102670695851819430 bcsId: 1008} | ret=SUCCESS |  
2019-08-24 07:08:13,666 | INFO  | DNAudit | user=null | ip=null | op=WRITE_CHUNK {blockData=conID: 1 locID: 102670695851819430 bcsId: 1008} | ret=SUCCESS |  
2019-08-24 07:08:13,668 | INFO  | DNAudit | user=null | ip=null | op=PUT_BLOCK {blockData=[blockId=conID: 1 locID: 102670695851819430 bcsId: 0,size=4194304]} | ret=SUCCESS |  
2019-08-24 07:08:13,668 | INFO  | DNAudit | user=null | ip=null | op=PUT_BLOCK {blockData=[blockId=conID: 1 locID: 102670695851819430 bcsId: 0,size=4194304]} | ret=SUCCESS |  
2019-08-24 07:08:13,669 [grpc-default-executor-5] INFO  client.GrpcClientProtocolClient (GrpcClientProtocolClient.java:onNext(255)) - client-6EDD19400D46->06a4573b-67a1-41e3-a350-f896363bc636: receive RaftClientReply:client-6EDD19400D46->06a4573b-67a1-41e3-a350-f896363bc636@group-757E3781CD2A, cid=796, SUCCESS, logIndex=0, commits[06a4573b-67a1-41e3-a350-f896363bc636:c1014, 0b725bbf-683b-4664-9a2e-3c9dd6e38bc1:c1012, 9193e3b7-ae04-484d-a740-c65c11559486:c1012]
2019-08-24 07:08:13,679 | INFO  | DNAudit | user=null | ip=null | op=WRITE_CHUNK {blockData=conID: 2 locID: 102670695851884967 bcsId: 0} | ret=SUCCESS |  
2019-08-24 07:08:13,683 | INFO  | DNAudit | user=null | ip=null | op=WRITE_CHUNK {blockData=conID: 2 locID: 102670695851884967 bcsId: 0} | ret=SUCCESS |  
2019-08-24 07:08:13,683 | INFO  | DNAudit | user=null | ip=null | op=WRITE_CHUNK {blockData=conID: 2 locID: 102670695851884967 bcsId: 0} | ret=SUCCESS |  
2019-08-24 07:08:13,684 | INFO  | DNAudit | user=null | ip=null | op=WRITE_CHUNK {blockData=conID: 2 locID: 102670695851884967 bcsId: 0} | ret=SUCCESS |  
2019-08-24 07:08:13,687 | INFO  | DNAudit | user=null | ip=null | op=WRITE_CHUNK {blockData=conID: 2 locID: 102670695851884967 bcsId: 0} | ret=SUCCESS |  
2019-08-24 07:08:13,688 | INFO  | DNAudit | user=null | ip=null | op=WRITE_CHUNK {blockData=conID: 2 locID: 102670695851884967 bcsId: 0} | ret=SUCCESS |  
2019-08-24 07:08:13,692 | INFO  | DNAudit | user=null | ip=null | op=WRITE_CHUNK {blockData=conID: 2 locID: 102670695851884967 bcsId: 0} | ret=SUCCESS |  
2019-08-24 07:08:13,692 | INFO  | DNAudit | user=null | ip=null | op=PUT_BLOCK {blockData=[blockId=conID: 2 locID: 102670695851884967 bcsId: 0,size=1048576]} | ret=SUCCESS |  
2019-08-24 07:08:13,693 | INFO  | DNAudit | user=null | ip=null | op=WRITE_CHUNK {blockData=conID: 2 locID: 102670695851884967 bcsId: 0} | ret=SUCCESS |  
2019-08-24 07:08:13,693 [grpc-default-executor-1] INFO  client.GrpcClientProtocolClient (GrpcClientProtocolClient.java:onNext(255)) - client-6EDD19400D46->06a4573b-67a1-41e3-a350-f896363bc636: receive RaftClientReply:client-6EDD19400D46->06a4573b-67a1-41e3-a350-f896363bc636@group-757E3781CD2A, cid=797, SUCCESS, logIndex=1015, commits[06a4573b-67a1-41e3-a350-f896363bc636:c1016, 0b725bbf-683b-4664-9a2e-3c9dd6e38bc1:c1014, 9193e3b7-ae04-484d-a740-c65c11559486:c1014]
2019-08-24 07:08:13,693 | INFO  | DNAudit | user=null | ip=null | op=PUT_BLOCK {blockData=[blockId=conID: 2 locID: 102670695851884967 bcsId: 0,size=2097152]} | ret=SUCCESS |  
2019-08-24 07:08:13,693 [grpc-default-executor-1] INFO  client.GrpcClientProtocolClient (GrpcClientProtocolClient.java:onNext(255)) - client-6EDD19400D46->06a4573b-67a1-41e3-a350-f896363bc636: receive RaftClientReply:client-6EDD19400D46->06a4573b-67a1-41e3-a350-f896363bc636@group-757E3781CD2A, cid=798, SUCCESS, logIndex=1016, commits[06a4573b-67a1-41e3-a350-f896363bc636:c1018, 0b725bbf-683b-4664-9a2e-3c9dd6e38bc1:c1014, 9193e3b7-ae04-484d-a740-c65c11559486:c1014]
2019-08-24 07:08:13,694 [grpc-default-executor-1] INFO  client.GrpcClientProtocolClient (GrpcClientProtocolClient.java:onNext(255)) - client-6EDD19400D46->06a4573b-67a1-41e3-a350-f896363bc636: receive RaftClientReply:client-6EDD19400D46->06a4573b-67a1-41e3-a350-f896363bc636@group-757E3781CD2A, cid=799, SUCCESS, logIndex=1017, commits[06a4573b-67a1-41e3-a350-f896363bc636:c1018, 0b725bbf-683b-4664-9a2e-3c9dd6e38bc1:c1014, 9193e3b7-ae04-484d-a740-c65c11559486:c1014]
2019-08-24 07:08:13,694 [grpc-default-executor-1] INFO  client.GrpcClientProtocolClient (GrpcClientProtocolClient.java:onNext(255)) - client-6EDD19400D46->06a4573b-67a1-41e3-a350-f896363bc636: receive RaftClientReply:client-6EDD19400D46->06a4573b-67a1-41e3-a350-f896363bc636@group-757E3781CD2A, cid=800, SUCCESS, logIndex=1018, commits[06a4573b-67a1-41e3-a350-f896363bc636:c1018, 0b725bbf-683b-4664-9a2e-3c9dd6e38bc1:c1014, 9193e3b7-ae04-484d-a740-c65c11559486:c1014]
2019-08-24 07:08:13,706 | INFO  | DNAudit | user=null | ip=null | op=WRITE_CHUNK {blockData=conID: 2 locID: 102670695851884967 bcsId: 0} | ret=SUCCESS |  
2019-08-24 07:08:13,706 | INFO  | DNAudit | user=null | ip=null | op=PUT_BLOCK {blockData=[blockId=conID: 2 locID: 102670695851884967 bcsId: 0,size=1048576]} | ret=SUCCESS |  
2019-08-24 07:08:13,706 | INFO  | DNAudit | user=null | ip=null | op=WRITE_CHUNK {blockData=conID: 2 locID: 102670695851884967 bcsId: 0} | ret=SUCCESS |  
2019-08-24 07:08:13,707 | INFO  | DNAudit | user=null | ip=null | op=PUT_BLOCK {blockData=[blockId=conID: 2 locID: 102670695851884967 bcsId: 0,size=1048576]} | ret=SUCCESS |  
2019-08-24 07:08:13,707 | INFO  | DNAudit | user=null | ip=null | op=WRITE_CHUNK {blockData=conID: 2 locID: 102670695851884967 bcsId: 0} | ret=SUCCESS |  
2019-08-24 07:08:13,707 | INFO  | DNAudit | user=null | ip=null | op=WRITE_CHUNK {blockData=conID: 2 locID: 102670695851884967 bcsId: 0} | ret=SUCCESS |  
2019-08-24 07:08:13,707 [grpc-default-executor-1] INFO  client.GrpcClientProtocolClient (GrpcClientProtocolClient.java:onNext(255)) - client-6EDD19400D46->06a4573b-67a1-41e3-a350-f896363bc636: receive RaftClientReply:client-6EDD19400D46->06a4573b-67a1-41e3-a350-f896363bc636@group-757E3781CD2A, cid=801, SUCCESS, logIndex=0, commits[06a4573b-67a1-41e3-a350-f896363bc636:c1019, 0b725bbf-683b-4664-9a2e-3c9dd6e38bc1:c1016, 9193e3b7-ae04-484d-a740-c65c11559486:c1016]
2019-08-24 07:08:13,707 | INFO  | DNAudit | user=null | ip=null | op=PUT_BLOCK {blockData=[blockId=conID: 2 locID: 102670695851884967 bcsId: 0,size=2097152]} | ret=SUCCESS |  
2019-08-24 07:08:13,707 | INFO  | DNAudit | user=null | ip=null | op=PUT_BLOCK {blockData=[blockId=conID: 2 locID: 102670695851884967 bcsId: 0,size=2097152]} | ret=SUCCESS |  
2019-08-24 07:08:13,716 | INFO  | DNAudit | user=null | ip=null | op=WRITE_CHUNK {blockData=conID: 2 locID: 102670695851884967 bcsId: 1018} | ret=SUCCESS |  
2019-08-24 07:08:13,720 | INFO  | DNAudit | user=null | ip=null | op=WRITE_CHUNK {blockData=conID: 2 locID: 102670695851884967 bcsId: 1018} | ret=SUCCESS |  
2019-08-24 07:08:13,720 | INFO  | DNAudit | user=null | ip=null | op=WRITE_CHUNK {blockData=conID: 2 locID: 102670695851884967 bcsId: 1018} | ret=SUCCESS |  
2019-08-24 07:08:13,729 | INFO  | DNAudit | user=null | ip=null | op=WRITE_CHUNK {blockData=conID: 2 locID: 102670695851884967 bcsId: 1018} | ret=SUCCESS |  
2019-08-24 07:08:13,730 | INFO  | DNAudit | user=null | ip=null | op=PUT_BLOCK {blockData=[blockId=conID: 2 locID: 102670695851884967 bcsId: 0,size=3145728]} | ret=SUCCESS |  
2019-08-24 07:08:13,730 [grpc-default-executor-1] INFO  client.GrpcClientProtocolClient (GrpcClientProtocolClient.java:onNext(255)) - client-6EDD19400D46->06a4573b-67a1-41e3-a350-f896363bc636: receive RaftClientReply:client-6EDD19400D46->06a4573b-67a1-41e3-a350-f896363bc636@group-757E3781CD2A, cid=802, SUCCESS, logIndex=1023, commits[06a4573b-67a1-41e3-a350-f896363bc636:c1024, 0b725bbf-683b-4664-9a2e-3c9dd6e38bc1:c1022, 9193e3b7-ae04-484d-a740-c65c11559486:c1022]
2019-08-24 07:08:13,730 [grpc-default-executor-1] INFO  client.GrpcClientProtocolClient (GrpcClientProtocolClient.java:onNext(255)) - client-6EDD19400D46->06a4573b-67a1-41e3-a350-f896363bc636: receive RaftClientReply:client-6EDD19400D46->06a4573b-67a1-41e3-a350-f896363bc636@group-757E3781CD2A, cid=803, SUCCESS, logIndex=1024, commits[06a4573b-67a1-41e3-a350-f896363bc636:c1024, 0b725bbf-683b-4664-9a2e-3c9dd6e38bc1:c1022, 9193e3b7-ae04-484d-a740-c65c11559486:c1022]
2019-08-24 07:08:13,738 | INFO  | DNAudit | user=null | ip=null | op=WRITE_CHUNK {blockData=conID: 2 locID: 102670695851884967 bcsId: 1024} | ret=SUCCESS |  
2019-08-24 07:08:13,741 | INFO  | DNAudit | user=null | ip=null | op=WRITE_CHUNK {blockData=conID: 2 locID: 102670695851884967 bcsId: 1018} | ret=SUCCESS |  
2019-08-24 07:08:13,741 | INFO  | DNAudit | user=null | ip=null | op=WRITE_CHUNK {blockData=conID: 2 locID: 102670695851884967 bcsId: 1018} | ret=SUCCESS |  
2019-08-24 07:08:13,741 | INFO  | DNAudit | user=null | ip=null | op=PUT_BLOCK {blockData=[blockId=conID: 2 locID: 102670695851884967 bcsId: 0,size=3145728]} | ret=SUCCESS |  
2019-08-24 07:08:13,741 | INFO  | DNAudit | user=null | ip=null | op=PUT_BLOCK {blockData=[blockId=conID: 2 locID: 102670695851884967 bcsId: 0,size=3145728]} | ret=SUCCESS |  
2019-08-24 07:08:13,742 | INFO  | DNAudit | user=null | ip=null | op=WRITE_CHUNK {blockData=conID: 2 locID: 102670695851884967 bcsId: 1024} | ret=SUCCESS |  
2019-08-24 07:08:13,742 | INFO  | DNAudit | user=null | ip=null | op=WRITE_CHUNK {blockData=conID: 2 locID: 102670695851884967 bcsId: 1024} | ret=SUCCESS |  
2019-08-24 07:08:13,763 | INFO  | DNAudit | user=null | ip=null | op=WRITE_CHUNK {blockData=conID: 2 locID: 102670695851884967 bcsId: 1024} | ret=SUCCESS |  
2019-08-24 07:08:13,763 | INFO  | DNAudit | user=null | ip=null | op=PUT_BLOCK {blockData=[blockId=conID: 2 locID: 102670695851884967 bcsId: 0,size=4194304]} | ret=SUCCESS |  
2019-08-24 07:08:13,764 [grpc-default-executor-2] INFO  client.GrpcClientProtocolClient (GrpcClientProtocolClient.java:onNext(255)) - client-6EDD19400D46->06a4573b-67a1-41e3-a350-f896363bc636: receive RaftClientReply:client-6EDD19400D46->06a4573b-67a1-41e3-a350-f896363bc636@group-757E3781CD2A, cid=804, SUCCESS, logIndex=1027, commits[06a4573b-67a1-41e3-a350-f896363bc636:c1028, 0b725bbf-683b-4664-9a2e-3c9dd6e38bc1:c1024, 9193e3b7-ae04-484d-a740-c65c11559486:c1024]
2019-08-24 07:08:13,764 [grpc-default-executor-2] INFO  client.GrpcClientProtocolClient (GrpcClientProtocolClient.java:onNext(255)) - client-6EDD19400D46->06a4573b-67a1-41e3-a350-f896363bc636: receive RaftClientReply:client-6EDD19400D46->06a4573b-67a1-41e3-a350-f896363bc636@group-757E3781CD2A, cid=805, SUCCESS, logIndex=1028, commits[06a4573b-67a1-41e3-a350-f896363bc636:c1028, 0b725bbf-683b-4664-9a2e-3c9dd6e38bc1:c1024, 9193e3b7-ae04-484d-a740-c65c11559486:c1024]
2019-08-24 07:08:13,774 | INFO  | DNAudit | user=null | ip=null | op=WRITE_CHUNK {blockData=conID: 2 locID: 102670695851884967 bcsId: 1024} | ret=SUCCESS |  
2019-08-24 07:08:13,774 | INFO  | DNAudit | user=null | ip=null | op=WRITE_CHUNK {blockData=conID: 2 locID: 102670695851884967 bcsId: 1024} | ret=SUCCESS |  
2019-08-24 07:08:13,775 | INFO  | DNAudit | user=null | ip=null | op=PUT_BLOCK {blockData=[blockId=conID: 2 locID: 102670695851884967 bcsId: 0,size=4194304]} | ret=SUCCESS |  
2019-08-24 07:08:13,775 | INFO  | DNAudit | user=null | ip=null | op=PUT_BLOCK {blockData=[blockId=conID: 2 locID: 102670695851884967 bcsId: 0,size=4194304]} | ret=SUCCESS |  
2019-08-24 07:08:13,775 [grpc-default-executor-1] INFO  client.GrpcClientProtocolClient (GrpcClientProtocolClient.java:onNext(255)) - client-6EDD19400D46->06a4573b-67a1-41e3-a350-f896363bc636: receive RaftClientReply:client-6EDD19400D46->06a4573b-67a1-41e3-a350-f896363bc636@group-757E3781CD2A, cid=806, SUCCESS, logIndex=0, commits[06a4573b-67a1-41e3-a350-f896363bc636:c1028, 0b725bbf-683b-4664-9a2e-3c9dd6e38bc1:c1028, 9193e3b7-ae04-484d-a740-c65c11559486:c1028]
2019-08-24 07:08:13,783 | INFO  | DNAudit | user=null | ip=null | op=WRITE_CHUNK {blockData=conID: 3 locID: 102670695851884968 bcsId: 0} | ret=SUCCESS |  
2019-08-24 07:08:13,788 | INFO  | DNAudit | user=null | ip=null | op=WRITE_CHUNK {blockData=conID: 3 locID: 102670695851884968 bcsId: 0} | ret=SUCCESS |  
2019-08-24 07:08:13,788 | INFO  | DNAudit | user=null | ip=null | op=WRITE_CHUNK {blockData=conID: 3 locID: 102670695851884968 bcsId: 0} | ret=SUCCESS |  
2019-08-24 07:08:13,789 | INFO  | DNAudit | user=null | ip=null | op=WRITE_CHUNK {blockData=conID: 3 locID: 102670695851884968 bcsId: 0} | ret=SUCCESS |  
2019-08-24 07:08:13,791 | INFO  | DNAudit | user=null | ip=null | op=WRITE_CHUNK {blockData=conID: 3 locID: 102670695851884968 bcsId: 0} | ret=SUCCESS |  
2019-08-24 07:08:13,791 | INFO  | DNAudit | user=null | ip=null | op=WRITE_CHUNK {blockData=conID: 3 locID: 102670695851884968 bcsId: 0} | ret=SUCCESS |  
2019-08-24 07:08:13,796 | INFO  | DNAudit | user=null | ip=null | op=WRITE_CHUNK {blockData=conID: 3 locID: 102670695851884968 bcsId: 0} | ret=SUCCESS |  
2019-08-24 07:08:13,797 | INFO  | DNAudit | user=null | ip=null | op=PUT_BLOCK {blockData=[blockId=conID: 3 locID: 102670695851884968 bcsId: 0,size=1048576]} | ret=SUCCESS |  
2019-08-24 07:08:13,797 [grpc-default-executor-2] INFO  client.GrpcClientProtocolClient (GrpcClientProtocolClient.java:onNext(255)) - client-6EDD19400D46->06a4573b-67a1-41e3-a350-f896363bc636: receive RaftClientReply:client-6EDD19400D46->06a4573b-67a1-41e3-a350-f896363bc636@group-757E3781CD2A, cid=807, SUCCESS, logIndex=1031, commits[06a4573b-67a1-41e3-a350-f896363bc636:c1032, 0b725bbf-683b-4664-9a2e-3c9dd6e38bc1:c1030, 9193e3b7-ae04-484d-a740-c65c11559486:c1030]
2019-08-24 07:08:13,797 | INFO  | DNAudit | user=null | ip=null | op=WRITE_CHUNK {blockData=conID: 3 locID: 102670695851884968 bcsId: 0} | ret=SUCCESS |  
2019-08-24 07:08:13,798 [grpc-default-executor-2] INFO  client.GrpcClientProtocolClient (GrpcClientProtocolClient.java:onNext(255)) - client-6EDD19400D46->06a4573b-67a1-41e3-a350-f896363bc636: receive RaftClientReply:client-6EDD19400D46->06a4573b-67a1-41e3-a350-f896363bc636@group-757E3781CD2A, cid=808, SUCCESS, logIndex=1032, commits[06a4573b-67a1-41e3-a350-f896363bc636:c1034, 0b725bbf-683b-4664-9a2e-3c9dd6e38bc1:c1030, 9193e3b7-ae04-484d-a740-c65c11559486:c1030]
2019-08-24 07:08:13,798 | INFO  | DNAudit | user=null | ip=null | op=PUT_BLOCK {blockData=[blockId=conID: 3 locID: 102670695851884968 bcsId: 0,size=2097152]} | ret=SUCCESS |  
2019-08-24 07:08:13,798 [grpc-default-executor-2] INFO  client.GrpcClientProtocolClient (GrpcClientProtocolClient.java:onNext(255)) - client-6EDD19400D46->06a4573b-67a1-41e3-a350-f896363bc636: receive RaftClientReply:client-6EDD19400D46->06a4573b-67a1-41e3-a350-f896363bc636@group-757E3781CD2A, cid=809, SUCCESS, logIndex=1033, commits[06a4573b-67a1-41e3-a350-f896363bc636:c1034, 0b725bbf-683b-4664-9a2e-3c9dd6e38bc1:c1030, 9193e3b7-ae04-484d-a740-c65c11559486:c1030]
2019-08-24 07:08:13,799 [grpc-default-executor-2] INFO  client.GrpcClientProtocolClient (GrpcClientProtocolClient.java:onNext(255)) - client-6EDD19400D46->06a4573b-67a1-41e3-a350-f896363bc636: receive RaftClientReply:client-6EDD19400D46->06a4573b-67a1-41e3-a350-f896363bc636@group-757E3781CD2A, cid=810, SUCCESS, logIndex=1034, commits[06a4573b-67a1-41e3-a350-f896363bc636:c1034, 0b725bbf-683b-4664-9a2e-3c9dd6e38bc1:c1030, 9193e3b7-ae04-484d-a740-c65c11559486:c1030]
2019-08-24 07:08:13,810 | INFO  | DNAudit | user=null | ip=null | op=WRITE_CHUNK {blockData=conID: 3 locID: 102670695851884968 bcsId: 0} | ret=SUCCESS |  
2019-08-24 07:08:13,810 | INFO  | DNAudit | user=null | ip=null | op=PUT_BLOCK {blockData=[blockId=conID: 3 locID: 102670695851884968 bcsId: 0,size=1048576]} | ret=SUCCESS |  
2019-08-24 07:08:13,810 | INFO  | DNAudit | user=null | ip=null | op=WRITE_CHUNK {blockData=conID: 3 locID: 102670695851884968 bcsId: 0} | ret=SUCCESS |  
2019-08-24 07:08:13,811 | INFO  | DNAudit | user=null | ip=null | op=PUT_BLOCK {blockData=[blockId=conID: 3 locID: 102670695851884968 bcsId: 0,size=1048576]} | ret=SUCCESS |  
2019-08-24 07:08:13,811 | INFO  | DNAudit | user=null | ip=null | op=WRITE_CHUNK {blockData=conID: 3 locID: 102670695851884968 bcsId: 0} | ret=SUCCESS |  
2019-08-24 07:08:13,811 | INFO  | DNAudit | user=null | ip=null | op=WRITE_CHUNK {blockData=conID: 3 locID: 102670695851884968 bcsId: 0} | ret=SUCCESS |  
2019-08-24 07:08:13,811 [grpc-default-executor-5] INFO  client.GrpcClientProtocolClient (GrpcClientProtocolClient.java:onNext(255)) - client-6EDD19400D46->06a4573b-67a1-41e3-a350-f896363bc636: receive RaftClientReply:client-6EDD19400D46->06a4573b-67a1-41e3-a350-f896363bc636@group-757E3781CD2A, cid=811, SUCCESS, logIndex=0, commits[06a4573b-67a1-41e3-a350-f896363bc636:c1036, 0b725bbf-683b-4664-9a2e-3c9dd6e38bc1:c1032, 9193e3b7-ae04-484d-a740-c65c11559486:c1032]
2019-08-24 07:08:13,811 | INFO  | DNAudit | user=null | ip=null | op=PUT_BLOCK {blockData=[blockId=conID: 3 locID: 102670695851884968 bcsId: 0,size=2097152]} | ret=SUCCESS |  
2019-08-24 07:08:13,811 | INFO  | DNAudit | user=null | ip=null | op=PUT_BLOCK {blockData=[blockId=conID: 3 locID: 102670695851884968 bcsId: 0,size=2097152]} | ret=SUCCESS |  
2019-08-24 07:08:13,819 | INFO  | DNAudit | user=null | ip=null | op=WRITE_CHUNK {blockData=conID: 3 locID: 102670695851884968 bcsId: 1034} | ret=SUCCESS |  
2019-08-24 07:08:13,823 | INFO  | DNAudit | user=null | ip=null | op=WRITE_CHUNK {blockData=conID: 3 locID: 102670695851884968 bcsId: 1034} | ret=SUCCESS |  
2019-08-24 07:08:13,824 | INFO  | DNAudit | user=null | ip=null | op=WRITE_CHUNK {blockData=conID: 3 locID: 102670695851884968 bcsId: 1034} | ret=SUCCESS |  
2019-08-24 07:08:13,825 | INFO  | SCMAudit | user=jenkins1000 | ip=192.168.69.125 | op=SEND_HEARTBEAT {datanodeUUID=b8548da6-9cc6-46be-8dd4-5219531f5960, command=[]} | ret=SUCCESS |  
2019-08-24 07:08:13,832 | INFO  | DNAudit | user=null | ip=null | op=WRITE_CHUNK {blockData=conID: 3 locID: 102670695851884968 bcsId: 1034} | ret=SUCCESS |  
2019-08-24 07:08:13,832 | INFO  | DNAudit | user=null | ip=null | op=PUT_BLOCK {blockData=[blockId=conID: 3 locID: 102670695851884968 bcsId: 0,size=3145728]} | ret=SUCCESS |  
2019-08-24 07:08:13,833 [grpc-default-executor-5] INFO  client.GrpcClientProtocolClient (GrpcClientProtocolClient.java:onNext(255)) - client-6EDD19400D46->06a4573b-67a1-41e3-a350-f896363bc636: receive RaftClientReply:client-6EDD19400D46->06a4573b-67a1-41e3-a350-f896363bc636@group-757E3781CD2A, cid=812, SUCCESS, logIndex=1039, commits[06a4573b-67a1-41e3-a350-f896363bc636:c1040, 0b725bbf-683b-4664-9a2e-3c9dd6e38bc1:c1038, 9193e3b7-ae04-484d-a740-c65c11559486:c1038]
2019-08-24 07:08:13,833 [grpc-default-executor-5] INFO  client.GrpcClientProtocolClient (GrpcClientProtocolClient.java:onNext(255)) - client-6EDD19400D46->06a4573b-67a1-41e3-a350-f896363bc636: receive RaftClientReply:client-6EDD19400D46->06a4573b-67a1-41e3-a350-f896363bc636@group-757E3781CD2A, cid=813, SUCCESS, logIndex=1040, commits[06a4573b-67a1-41e3-a350-f896363bc636:c1040, 0b725bbf-683b-4664-9a2e-3c9dd6e38bc1:c1038, 9193e3b7-ae04-484d-a740-c65c11559486:c1038]
2019-08-24 07:08:13,842 | INFO  | DNAudit | user=null | ip=null | op=WRITE_CHUNK {blockData=conID: 3 locID: 102670695851884968 bcsId: 1040} | ret=SUCCESS |  
2019-08-24 07:08:13,844 | INFO  | DNAudit | user=null | ip=null | op=WRITE_CHUNK {blockData=conID: 3 locID: 102670695851884968 bcsId: 1034} | ret=SUCCESS |  
2019-08-24 07:08:13,844 | INFO  | DNAudit | user=null | ip=null | op=WRITE_CHUNK {blockData=conID: 3 locID: 102670695851884968 bcsId: 1034} | ret=SUCCESS |  
2019-08-24 07:08:13,845 | INFO  | DNAudit | user=null | ip=null | op=WRITE_CHUNK {blockData=conID: 3 locID: 102670695851884968 bcsId: 1040} | ret=SUCCESS |  
2019-08-24 07:08:13,845 | INFO  | DNAudit | user=null | ip=null | op=WRITE_CHUNK {blockData=conID: 3 locID: 102670695851884968 bcsId: 1040} | ret=SUCCESS |  
2019-08-24 07:08:13,870 | INFO  | DNAudit | user=null | ip=null | op=PUT_BLOCK {blockData=[blockId=conID: 3 locID: 102670695851884968 bcsId: 0,size=3145728]} | ret=SUCCESS |  
2019-08-24 07:08:13,870 | INFO  | DNAudit | user=null | ip=null | op=WRITE_CHUNK {blockData=conID: 3 locID: 102670695851884968 bcsId: 1040} | ret=SUCCESS |  
2019-08-24 07:08:13,871 | INFO  | DNAudit | user=null | ip=null | op=PUT_BLOCK {blockData=[blockId=conID: 3 locID: 102670695851884968 bcsId: 0,size=4194304]} | ret=SUCCESS |  
2019-08-24 07:08:13,871 | INFO  | DNAudit | user=null | ip=null | op=PUT_BLOCK {blockData=[blockId=conID: 3 locID: 102670695851884968 bcsId: 0,size=3145728]} | ret=SUCCESS |  
2019-08-24 07:08:13,871 [grpc-default-executor-1] INFO  client.GrpcClientProtocolClient (GrpcClientProtocolClient.java:onNext(255)) - client-6EDD19400D46->06a4573b-67a1-41e3-a350-f896363bc636: receive RaftClientReply:client-6EDD19400D46->06a4573b-67a1-41e3-a350-f896363bc636@group-757E3781CD2A, cid=814, SUCCESS, logIndex=1043, commits[06a4573b-67a1-41e3-a350-f896363bc636:c1044, 0b725bbf-683b-4664-9a2e-3c9dd6e38bc1:c1039, 9193e3b7-ae04-484d-a740-c65c11559486:c1040]
2019-08-24 07:08:13,872 [grpc-default-executor-1] INFO  client.GrpcClientProtocolClient (GrpcClientProtocolClient.java:onNext(255)) - client-6EDD19400D46->06a4573b-67a1-41e3-a350-f896363bc636: receive RaftClientReply:client-6EDD19400D46->06a4573b-67a1-41e3-a350-f896363bc636@group-757E3781CD2A, cid=815, SUCCESS, logIndex=1044, commits[06a4573b-67a1-41e3-a350-f896363bc636:c1044, 0b725bbf-683b-4664-9a2e-3c9dd6e38bc1:c1039, 9193e3b7-ae04-484d-a740-c65c11559486:c1040]
2019-08-24 07:08:13,872 | INFO  | DNAudit | user=null | ip=null | op=WRITE_CHUNK {blockData=conID: 3 locID: 102670695851884968 bcsId: 1040} | ret=SUCCESS |  
2019-08-24 07:08:13,873 | INFO  | DNAudit | user=null | ip=null | op=PUT_BLOCK {blockData=[blockId=conID: 3 locID: 102670695851884968 bcsId: 0,size=4194304]} | ret=SUCCESS |  
2019-08-24 07:08:13,874 [grpc-default-executor-1] INFO  client.GrpcClientProtocolClient (GrpcClientProtocolClient.java:onNext(255)) - client-6EDD19400D46->06a4573b-67a1-41e3-a350-f896363bc636: receive RaftClientReply:client-6EDD19400D46->06a4573b-67a1-41e3-a350-f896363bc636@group-757E3781CD2A, cid=816, SUCCESS, logIndex=0, commits[06a4573b-67a1-41e3-a350-f896363bc636:c1045, 0b725bbf-683b-4664-9a2e-3c9dd6e38bc1:c1040, 9193e3b7-ae04-484d-a740-c65c11559486:c1044]
2019-08-24 07:08:13,881 | INFO  | DNAudit | user=null | ip=null | op=WRITE_CHUNK {blockData=conID: 3 locID: 102670695851884968 bcsId: 1040} | ret=SUCCESS |  
2019-08-24 07:08:13,882 | INFO  | DNAudit | user=null | ip=null | op=PUT_BLOCK {blockData=[blockId=conID: 3 locID: 102670695851884968 bcsId: 0,size=4194304]} | ret=SUCCESS |  
2019-08-24 07:08:13,882 [grpc-default-executor-1] INFO  client.GrpcClientProtocolClient (GrpcClientProtocolClient.java:onNext(255)) - client-6EDD19400D46->06a4573b-67a1-41e3-a350-f896363bc636: receive RaftClientReply:client-6EDD19400D46->06a4573b-67a1-41e3-a350-f896363bc636@group-757E3781CD2A, cid=817, SUCCESS, logIndex=0, commits[06a4573b-67a1-41e3-a350-f896363bc636:c1045, 0b725bbf-683b-4664-9a2e-3c9dd6e38bc1:c1044, 9193e3b7-ae04-484d-a740-c65c11559486:c1044]
2019-08-24 07:08:13,891 | INFO  | DNAudit | user=null | ip=null | op=WRITE_CHUNK {blockData=conID: 1 locID: 102670695851884969 bcsId: 0} | ret=SUCCESS |  
2019-08-24 07:08:13,893 | INFO  | DNAudit | user=null | ip=null | op=WRITE_CHUNK {blockData=conID: 1 locID: 102670695851884969 bcsId: 0} | ret=SUCCESS |  
2019-08-24 07:08:13,894 | INFO  | DNAudit | user=null | ip=null | op=WRITE_CHUNK {blockData=conID: 1 locID: 102670695851884969 bcsId: 0} | ret=SUCCESS |  
2019-08-24 07:08:13,895 | INFO  | DNAudit | user=null | ip=null | op=WRITE_CHUNK {blockData=conID: 1 locID: 102670695851884969 bcsId: 0} | ret=SUCCESS |  
2019-08-24 07:08:13,897 | INFO  | DNAudit | user=null | ip=null | op=WRITE_CHUNK {blockData=conID: 1 locID: 102670695851884969 bcsId: 0} | ret=SUCCESS |  
2019-08-24 07:08:13,897 | INFO  | DNAudit | user=null | ip=null | op=WRITE_CHUNK {blockData=conID: 1 locID: 102670695851884969 bcsId: 0} | ret=SUCCESS |  
2019-08-24 07:08:13,907 | INFO  | DNAudit | user=null | ip=null | op=WRITE_CHUNK {blockData=conID: 1 locID: 102670695851884969 bcsId: 0} | ret=SUCCESS |  
2019-08-24 07:08:13,908 | INFO  | DNAudit | user=null | ip=null | op=PUT_BLOCK {blockData=[blockId=conID: 1 locID: 102670695851884969 bcsId: 0,size=1048576]} | ret=SUCCESS |  
2019-08-24 07:08:13,908 [grpc-default-executor-1] INFO  client.GrpcClientProtocolClient (GrpcClientProtocolClient.java:onNext(255)) - client-6EDD19400D46->06a4573b-67a1-41e3-a350-f896363bc636: receive RaftClientReply:client-6EDD19400D46->06a4573b-67a1-41e3-a350-f896363bc636@group-757E3781CD2A, cid=818, SUCCESS, logIndex=1047, commits[06a4573b-67a1-41e3-a350-f896363bc636:c1048, 0b725bbf-683b-4664-9a2e-3c9dd6e38bc1:c1046, 9193e3b7-ae04-484d-a740-c65c11559486:c1046]
2019-08-24 07:08:13,909 [grpc-default-executor-1] INFO  client.GrpcClientProtocolClient (GrpcClientProtocolClient.java:onNext(255)) - client-6EDD19400D46->06a4573b-67a1-41e3-a350-f896363bc636: receive RaftClientReply:client-6EDD19400D46->06a4573b-67a1-41e3-a350-f896363bc636@group-757E3781CD2A, cid=819, SUCCESS, logIndex=1048, commits[06a4573b-67a1-41e3-a350-f896363bc636:c1048, 0b725bbf-683b-4664-9a2e-3c9dd6e38bc1:c1046, 9193e3b7-ae04-484d-a740-c65c11559486:c1046]
2019-08-24 07:08:13,919 | INFO  | DNAudit | user=null | ip=null | op=WRITE_CHUNK {blockData=conID: 1 locID: 102670695851884969 bcsId: 0} | ret=SUCCESS |  
2019-08-24 07:08:13,919 | INFO  | DNAudit | user=null | ip=null | op=WRITE_CHUNK {blockData=conID: 1 locID: 102670695851884969 bcsId: 0} | ret=SUCCESS |  
2019-08-24 07:08:13,919 | INFO  | DNAudit | user=null | ip=null | op=PUT_BLOCK {blockData=[blockId=conID: 1 locID: 102670695851884969 bcsId: 0,size=2097152]} | ret=SUCCESS |  
2019-08-24 07:08:13,920 | INFO  | DNAudit | user=null | ip=null | op=PUT_BLOCK {blockData=[blockId=conID: 1 locID: 102670695851884969 bcsId: 0,size=1048576]} | ret=SUCCESS |  
2019-08-24 07:08:13,920 [grpc-default-executor-2] INFO  client.GrpcClientProtocolClient (GrpcClientProtocolClient.java:onNext(255)) - client-6EDD19400D46->06a4573b-67a1-41e3-a350-f896363bc636: receive RaftClientReply:client-6EDD19400D46->06a4573b-67a1-41e3-a350-f896363bc636@group-757E3781CD2A, cid=820, SUCCESS, logIndex=1049, commits[06a4573b-67a1-41e3-a350-f896363bc636:c1050, 0b725bbf-683b-4664-9a2e-3c9dd6e38bc1:c1046, 9193e3b7-ae04-484d-a740-c65c11559486:c1046]
2019-08-24 07:08:13,920 | INFO  | DNAudit | user=null | ip=null | op=WRITE_CHUNK {blockData=conID: 1 locID: 102670695851884969 bcsId: 0} | ret=SUCCESS |  
2019-08-24 07:08:13,920 [grpc-default-executor-2] INFO  client.GrpcClientProtocolClient (GrpcClientProtocolClient.java:onNext(255)) - client-6EDD19400D46->06a4573b-67a1-41e3-a350-f896363bc636: receive RaftClientReply:client-6EDD19400D46->06a4573b-67a1-41e3-a350-f896363bc636@group-757E3781CD2A, cid=821, SUCCESS, logIndex=1050, commits[06a4573b-67a1-41e3-a350-f896363bc636:c1052, 0b725bbf-683b-4664-9a2e-3c9dd6e38bc1:c1046, 9193e3b7-ae04-484d-a740-c65c11559486:c1048]
2019-08-24 07:08:13,921 | INFO  | DNAudit | user=null | ip=null | op=PUT_BLOCK {blockData=[blockId=conID: 1 locID: 102670695851884969 bcsId: 0,size=1048576]} | ret=SUCCESS |  
2019-08-24 07:08:13,922 [grpc-default-executor-2] INFO  client.GrpcClientProtocolClient (GrpcClientProtocolClient.java:onNext(255)) - client-6EDD19400D46->06a4573b-67a1-41e3-a350-f896363bc636: receive RaftClientReply:client-6EDD19400D46->06a4573b-67a1-41e3-a350-f896363bc636@group-757E3781CD2A, cid=822, SUCCESS, logIndex=0, commits[06a4573b-67a1-41e3-a350-f896363bc636:c1052, 0b725bbf-683b-4664-9a2e-3c9dd6e38bc1:c1048, 9193e3b7-ae04-484d-a740-c65c11559486:c1048]
2019-08-24 07:08:13,922 | INFO  | DNAudit | user=null | ip=null | op=WRITE_CHUNK {blockData=conID: 1 locID: 102670695851884969 bcsId: 0} | ret=SUCCESS |  
2019-08-24 07:08:13,923 | INFO  | DNAudit | user=null | ip=null | op=PUT_BLOCK {blockData=[blockId=conID: 1 locID: 102670695851884969 bcsId: 0,size=2097152]} | ret=SUCCESS |  
2019-08-24 07:08:13,931 | INFO  | DNAudit | user=null | ip=null | op=WRITE_CHUNK {blockData=conID: 1 locID: 102670695851884969 bcsId: 1050} | ret=SUCCESS |  
2019-08-24 07:08:13,933 | INFO  | DNAudit | user=null | ip=null | op=WRITE_CHUNK {blockData=conID: 1 locID: 102670695851884969 bcsId: 0} | ret=SUCCESS |  
2019-08-24 07:08:13,934 | INFO  | DNAudit | user=null | ip=null | op=PUT_BLOCK {blockData=[blockId=conID: 1 locID: 102670695851884969 bcsId: 0,size=2097152]} | ret=SUCCESS |  
2019-08-24 07:08:13,935 | INFO  | DNAudit | user=null | ip=null | op=WRITE_CHUNK {blockData=conID: 1 locID: 102670695851884969 bcsId: 1050} | ret=SUCCESS |  
2019-08-24 07:08:13,935 | INFO  | DNAudit | user=null | ip=null | op=WRITE_CHUNK {blockData=conID: 1 locID: 102670695851884969 bcsId: 1050} | ret=SUCCESS |  
2019-08-24 07:08:13,947 | INFO  | DNAudit | user=null | ip=null | op=WRITE_CHUNK {blockData=conID: 1 locID: 102670695851884969 bcsId: 1050} | ret=SUCCESS |  
2019-08-24 07:08:13,948 | INFO  | DNAudit | user=null | ip=null | op=PUT_BLOCK {blockData=[blockId=conID: 1 locID: 102670695851884969 bcsId: 0,size=3145728]} | ret=SUCCESS |  
2019-08-24 07:08:13,948 [grpc-default-executor-2] INFO  client.GrpcClientProtocolClient (GrpcClientProtocolClient.java:onNext(255)) - client-6EDD19400D46->06a4573b-67a1-41e3-a350-f896363bc636: receive RaftClientReply:client-6EDD19400D46->06a4573b-67a1-41e3-a350-f896363bc636@group-757E3781CD2A, cid=823, SUCCESS, logIndex=1055, commits[06a4573b-67a1-41e3-a350-f896363bc636:c1056, 0b725bbf-683b-4664-9a2e-3c9dd6e38bc1:c1053, 9193e3b7-ae04-484d-a740-c65c11559486:c1053]
2019-08-24 07:08:13,948 [grpc-default-executor-2] INFO  client.GrpcClientProtocolClient (GrpcClientProtocolClient.java:onNext(255)) - client-6EDD19400D46->06a4573b-67a1-41e3-a350-f896363bc636: receive RaftClientReply:client-6EDD19400D46->06a4573b-67a1-41e3-a350-f896363bc636@group-757E3781CD2A, cid=824, SUCCESS, logIndex=1056, commits[06a4573b-67a1-41e3-a350-f896363bc636:c1056, 0b725bbf-683b-4664-9a2e-3c9dd6e38bc1:c1053, 9193e3b7-ae04-484d-a740-c65c11559486:c1053]
2019-08-24 07:08:13,957 | INFO  | DNAudit | user=null | ip=null | op=WRITE_CHUNK {blockData=conID: 1 locID: 102670695851884969 bcsId: 1056} | ret=SUCCESS |  
2019-08-24 07:08:13,961 | INFO  | DNAudit | user=null | ip=null | op=WRITE_CHUNK {blockData=conID: 1 locID: 102670695851884969 bcsId: 1050} | ret=SUCCESS |  
2019-08-24 07:08:13,961 | INFO  | DNAudit | user=null | ip=null | op=WRITE_CHUNK {blockData=conID: 1 locID: 102670695851884969 bcsId: 1050} | ret=SUCCESS |  
2019-08-24 07:08:13,962 | INFO  | DNAudit | user=null | ip=null | op=PUT_BLOCK {blockData=[blockId=conID: 1 locID: 102670695851884969 bcsId: 0,size=3145728]} | ret=SUCCESS |  
2019-08-24 07:08:13,962 | INFO  | DNAudit | user=null | ip=null | op=PUT_BLOCK {blockData=[blockId=conID: 1 locID: 102670695851884969 bcsId: 0,size=3145728]} | ret=SUCCESS |  
2019-08-24 07:08:13,963 | INFO  | DNAudit | user=null | ip=null | op=WRITE_CHUNK {blockData=conID: 1 locID: 102670695851884969 bcsId: 1056} | ret=SUCCESS |  
2019-08-24 07:08:13,963 | INFO  | DNAudit | user=null | ip=null | op=WRITE_CHUNK {blockData=conID: 1 locID: 102670695851884969 bcsId: 1056} | ret=SUCCESS |  
2019-08-24 07:08:13,975 | INFO  | DNAudit | user=null | ip=null | op=WRITE_CHUNK {blockData=conID: 1 locID: 102670695851884969 bcsId: 1056} | ret=SUCCESS |  
2019-08-24 07:08:13,976 | INFO  | DNAudit | user=null | ip=null | op=PUT_BLOCK {blockData=[blockId=conID: 1 locID: 102670695851884969 bcsId: 0,size=4194304]} | ret=SUCCESS |  
2019-08-24 07:08:13,976 [grpc-default-executor-0] INFO  client.GrpcClientProtocolClient (GrpcClientProtocolClient.java:onNext(255)) - client-6EDD19400D46->06a4573b-67a1-41e3-a350-f896363bc636: receive RaftClientReply:client-6EDD19400D46->06a4573b-67a1-41e3-a350-f896363bc636@group-757E3781CD2A, cid=825, SUCCESS, logIndex=1059, commits[06a4573b-67a1-41e3-a350-f896363bc636:c1060, 0b725bbf-683b-4664-9a2e-3c9dd6e38bc1:c1056, 9193e3b7-ae04-484d-a740-c65c11559486:c1056]
2019-08-24 07:08:13,977 [grpc-default-executor-0] INFO  client.GrpcClientProtocolClient (GrpcClientProtocolClient.java:onNext(255)) - client-6EDD19400D46->06a4573b-67a1-41e3-a350-f896363bc636: receive RaftClientReply:client-6EDD19400D46->06a4573b-67a1-41e3-a350-f896363bc636@group-757E3781CD2A, cid=826, SUCCESS, logIndex=1060, commits[06a4573b-67a1-41e3-a350-f896363bc636:c1060, 0b725bbf-683b-4664-9a2e-3c9dd6e38bc1:c1056, 9193e3b7-ae04-484d-a740-c65c11559486:c1056]
2019-08-24 07:08:13,987 | INFO  | DNAudit | user=null | ip=null | op=WRITE_CHUNK {blockData=conID: 1 locID: 102670695851884969 bcsId: 1056} | ret=SUCCESS |  
2019-08-24 07:08:13,987 | INFO  | DNAudit | user=null | ip=null | op=WRITE_CHUNK {blockData=conID: 1 locID: 102670695851884969 bcsId: 1056} | ret=SUCCESS |  
2019-08-24 07:08:13,987 | INFO  | DNAudit | user=null | ip=null | op=PUT_BLOCK {blockData=[blockId=conID: 1 locID: 102670695851884969 bcsId: 0,size=4194304]} | ret=SUCCESS |  
2019-08-24 07:08:13,988 | INFO  | DNAudit | user=null | ip=null | op=PUT_BLOCK {blockData=[blockId=conID: 1 locID: 102670695851884969 bcsId: 0,size=4194304]} | ret=SUCCESS |  
2019-08-24 07:08:13,988 [grpc-default-executor-0] INFO  client.GrpcClientProtocolClient (GrpcClientProtocolClient.java:onNext(255)) - client-6EDD19400D46->06a4573b-67a1-41e3-a350-f896363bc636: receive RaftClientReply:client-6EDD19400D46->06a4573b-67a1-41e3-a350-f896363bc636@group-757E3781CD2A, cid=827, SUCCESS, logIndex=0, commits[06a4573b-67a1-41e3-a350-f896363bc636:c1061, 0b725bbf-683b-4664-9a2e-3c9dd6e38bc1:c1060, 9193e3b7-ae04-484d-a740-c65c11559486:c1060]
2019-08-24 07:08:13,996 | INFO  | DNAudit | user=null | ip=null | op=WRITE_CHUNK {blockData=conID: 2 locID: 102670695851884970 bcsId: 0} | ret=SUCCESS |  
2019-08-24 07:08:14,000 | INFO  | DNAudit | user=null | ip=null | op=WRITE_CHUNK {blockData=conID: 2 locID: 102670695851884970 bcsId: 0} | ret=SUCCESS |  
2019-08-24 07:08:14,000 | INFO  | DNAudit | user=null | ip=null | op=WRITE_CHUNK {blockData=conID: 2 locID: 102670695851884970 bcsId: 0} | ret=SUCCESS |  
2019-08-24 07:08:14,000 | INFO  | DNAudit | user=null | ip=null | op=WRITE_CHUNK {blockData=conID: 2 locID: 102670695851884970 bcsId: 0} | ret=SUCCESS |  
2019-08-24 07:08:14,002 | INFO  | DNAudit | user=null | ip=null | op=WRITE_CHUNK {blockData=conID: 2 locID: 102670695851884970 bcsId: 0} | ret=SUCCESS |  
2019-08-24 07:08:14,003 | INFO  | DNAudit | user=null | ip=null | op=WRITE_CHUNK {blockData=conID: 2 locID: 102670695851884970 bcsId: 0} | ret=SUCCESS |  
2019-08-24 07:08:14,009 | INFO  | DNAudit | user=null | ip=null | op=WRITE_CHUNK {blockData=conID: 2 locID: 102670695851884970 bcsId: 0} | ret=SUCCESS |  
2019-08-24 07:08:14,010 | INFO  | DNAudit | user=null | ip=null | op=PUT_BLOCK {blockData=[blockId=conID: 2 locID: 102670695851884970 bcsId: 0,size=1048576]} | ret=SUCCESS |  
2019-08-24 07:08:14,010 [grpc-default-executor-2] INFO  client.GrpcClientProtocolClient (GrpcClientProtocolClient.java:onNext(255)) - client-6EDD19400D46->06a4573b-67a1-41e3-a350-f896363bc636: receive RaftClientReply:client-6EDD19400D46->06a4573b-67a1-41e3-a350-f896363bc636@group-757E3781CD2A, cid=828, SUCCESS, logIndex=1063, commits[06a4573b-67a1-41e3-a350-f896363bc636:c1066, 0b725bbf-683b-4664-9a2e-3c9dd6e38bc1:c1062, 9193e3b7-ae04-484d-a740-c65c11559486:c1062]
2019-08-24 07:08:14,010 | INFO  | DNAudit | user=null | ip=null | op=WRITE_CHUNK {blockData=conID: 2 locID: 102670695851884970 bcsId: 0} | ret=SUCCESS |  
2019-08-24 07:08:14,011 [grpc-default-executor-2] INFO  client.GrpcClientProtocolClient (GrpcClientProtocolClient.java:onNext(255)) - client-6EDD19400D46->06a4573b-67a1-41e3-a350-f896363bc636: receive RaftClientReply:client-6EDD19400D46->06a4573b-67a1-41e3-a350-f896363bc636@group-757E3781CD2A, cid=829, SUCCESS, logIndex=1064, commits[06a4573b-67a1-41e3-a350-f896363bc636:c1066, 0b725bbf-683b-4664-9a2e-3c9dd6e38bc1:c1062, 9193e3b7-ae04-484d-a740-c65c11559486:c1062]
2019-08-24 07:08:14,011 | INFO  | DNAudit | user=null | ip=null | op=PUT_BLOCK {blockData=[blockId=conID: 2 locID: 102670695851884970 bcsId: 0,size=2097152]} | ret=SUCCESS |  
2019-08-24 07:08:14,011 [grpc-default-executor-2] INFO  client.GrpcClientProtocolClient (GrpcClientProtocolClient.java:onNext(255)) - client-6EDD19400D46->06a4573b-67a1-41e3-a350-f896363bc636: receive RaftClientReply:client-6EDD19400D46->06a4573b-67a1-41e3-a350-f896363bc636@group-757E3781CD2A, cid=830, SUCCESS, logIndex=1065, commits[06a4573b-67a1-41e3-a350-f896363bc636:c1066, 0b725bbf-683b-4664-9a2e-3c9dd6e38bc1:c1062, 9193e3b7-ae04-484d-a740-c65c11559486:c1062]
2019-08-24 07:08:14,012 [grpc-default-executor-2] INFO  client.GrpcClientProtocolClient (GrpcClientProtocolClient.java:onNext(255)) - client-6EDD19400D46->06a4573b-67a1-41e3-a350-f896363bc636: receive RaftClientReply:client-6EDD19400D46->06a4573b-67a1-41e3-a350-f896363bc636@group-757E3781CD2A, cid=831, SUCCESS, logIndex=1066, commits[06a4573b-67a1-41e3-a350-f896363bc636:c1066, 0b725bbf-683b-4664-9a2e-3c9dd6e38bc1:c1062, 9193e3b7-ae04-484d-a740-c65c11559486:c1062]
2019-08-24 07:08:14,013 | INFO  | DNAudit | user=null | ip=null | op=WRITE_CHUNK {blockData=conID: 2 locID: 102670695851884970 bcsId: 0} | ret=SUCCESS |  
2019-08-24 07:08:14,013 | INFO  | DNAudit | user=null | ip=null | op=WRITE_CHUNK {blockData=conID: 2 locID: 102670695851884970 bcsId: 0} | ret=SUCCESS |  
2019-08-24 07:08:14,013 | INFO  | DNAudit | user=null | ip=null | op=PUT_BLOCK {blockData=[blockId=conID: 2 locID: 102670695851884970 bcsId: 0,size=1048576]} | ret=SUCCESS |  
2019-08-24 07:08:14,013 | INFO  | DNAudit | user=null | ip=null | op=PUT_BLOCK {blockData=[blockId=conID: 2 locID: 102670695851884970 bcsId: 0,size=1048576]} | ret=SUCCESS |  
2019-08-24 07:08:14,013 [grpc-default-executor-0] INFO  client.GrpcClientProtocolClient (GrpcClientProtocolClient.java:onNext(255)) - client-6EDD19400D46->06a4573b-67a1-41e3-a350-f896363bc636: receive RaftClientReply:client-6EDD19400D46->06a4573b-67a1-41e3-a350-f896363bc636@group-757E3781CD2A, cid=832, SUCCESS, logIndex=0, commits[06a4573b-67a1-41e3-a350-f896363bc636:c1067, 0b725bbf-683b-4664-9a2e-3c9dd6e38bc1:c1064, 9193e3b7-ae04-484d-a740-c65c11559486:c1064]
2019-08-24 07:08:14,021 | INFO  | DNAudit | user=null | ip=null | op=WRITE_CHUNK {blockData=conID: 2 locID: 102670695851884970 bcsId: 1066} | ret=SUCCESS |  
2019-08-24 07:08:14,024 | INFO  | DNAudit | user=null | ip=null | op=WRITE_CHUNK {blockData=conID: 2 locID: 102670695851884970 bcsId: 1066} | ret=SUCCESS |  
2019-08-24 07:08:14,024 | INFO  | DNAudit | user=null | ip=null | op=WRITE_CHUNK {blockData=conID: 2 locID: 102670695851884970 bcsId: 1066} | ret=SUCCESS |  
2019-08-24 07:08:14,025 | INFO  | DNAudit | user=null | ip=null | op=WRITE_CHUNK {blockData=conID: 2 locID: 102670695851884970 bcsId: 0} | ret=SUCCESS |  
2019-08-24 07:08:14,025 | INFO  | DNAudit | user=null | ip=null | op=WRITE_CHUNK {blockData=conID: 2 locID: 102670695851884970 bcsId: 0} | ret=SUCCESS |  
2019-08-24 07:08:14,025 | INFO  | DNAudit | user=null | ip=null | op=PUT_BLOCK {blockData=[blockId=conID: 2 locID: 102670695851884970 bcsId: 0,size=2097152]} | ret=SUCCESS |  
2019-08-24 07:08:14,025 | INFO  | DNAudit | user=null | ip=null | op=PUT_BLOCK {blockData=[blockId=conID: 2 locID: 102670695851884970 bcsId: 0,size=2097152]} | ret=SUCCESS |  
2019-08-24 07:08:14,028 | INFO  | DNAudit | user=null | ip=null | op=WRITE_CHUNK {blockData=conID: 2 locID: 102670695851884970 bcsId: 1066} | ret=SUCCESS |  
2019-08-24 07:08:14,028 | INFO  | DNAudit | user=null | ip=null | op=PUT_BLOCK {blockData=[blockId=conID: 2 locID: 102670695851884970 bcsId: 0,size=3145728]} | ret=SUCCESS |  
2019-08-24 07:08:14,029 [grpc-default-executor-1] INFO  client.GrpcClientProtocolClient (GrpcClientProtocolClient.java:onNext(255)) - client-6EDD19400D46->06a4573b-67a1-41e3-a350-f896363bc636: receive RaftClientReply:client-6EDD19400D46->06a4573b-67a1-41e3-a350-f896363bc636@group-757E3781CD2A, cid=833, SUCCESS, logIndex=1071, commits[06a4573b-67a1-41e3-a350-f896363bc636:c1072, 0b725bbf-683b-4664-9a2e-3c9dd6e38bc1:c1067, 9193e3b7-ae04-484d-a740-c65c11559486:c1067]
2019-08-24 07:08:14,029 [grpc-default-executor-1] INFO  client.GrpcClientProtocolClient (GrpcClientProtocolClient.java:onNext(255)) - client-6EDD19400D46->06a4573b-67a1-41e3-a350-f896363bc636: receive RaftClientReply:client-6EDD19400D46->06a4573b-67a1-41e3-a350-f896363bc636@group-757E3781CD2A, cid=834, SUCCESS, logIndex=1072, commits[06a4573b-67a1-41e3-a350-f896363bc636:c1072, 0b725bbf-683b-4664-9a2e-3c9dd6e38bc1:c1067, 9193e3b7-ae04-484d-a740-c65c11559486:c1067]
2019-08-24 07:08:14,037 | INFO  | DNAudit | user=null | ip=null | op=WRITE_CHUNK {blockData=conID: 2 locID: 102670695851884970 bcsId: 1072} | ret=SUCCESS |  
2019-08-24 07:08:14,040 | INFO  | DNAudit | user=null | ip=null | op=WRITE_CHUNK {blockData=conID: 2 locID: 102670695851884970 bcsId: 1072} | ret=SUCCESS |  
2019-08-24 07:08:14,040 | INFO  | DNAudit | user=null | ip=null | op=WRITE_CHUNK {blockData=conID: 2 locID: 102670695851884970 bcsId: 1072} | ret=SUCCESS |  
2019-08-24 07:08:14,041 | INFO  | DNAudit | user=null | ip=null | op=WRITE_CHUNK {blockData=conID: 2 locID: 102670695851884970 bcsId: 1066} | ret=SUCCESS |  
2019-08-24 07:08:14,041 | INFO  | DNAudit | user=null | ip=null | op=WRITE_CHUNK {blockData=conID: 2 locID: 102670695851884970 bcsId: 1066} | ret=SUCCESS |  
2019-08-24 07:08:14,043 | INFO  | DNAudit | user=null | ip=null | op=PUT_BLOCK {blockData=[blockId=conID: 2 locID: 102670695851884970 bcsId: 0,size=3145728]} | ret=SUCCESS |  
2019-08-24 07:08:14,044 | INFO  | DNAudit | user=null | ip=null | op=PUT_BLOCK {blockData=[blockId=conID: 2 locID: 102670695851884970 bcsId: 0,size=3145728]} | ret=SUCCESS |  
2019-08-24 07:08:14,044 | INFO  | DNAudit | user=null | ip=null | op=WRITE_CHUNK {blockData=conID: 2 locID: 102670695851884970 bcsId: 1072} | ret=SUCCESS |  
2019-08-24 07:08:14,045 | INFO  | DNAudit | user=null | ip=null | op=PUT_BLOCK {blockData=[blockId=conID: 2 locID: 102670695851884970 bcsId: 0,size=4194304]} | ret=SUCCESS |  
2019-08-24 07:08:14,045 [grpc-default-executor-1] INFO  client.GrpcClientProtocolClient (GrpcClientProtocolClient.java:onNext(255)) - client-6EDD19400D46->06a4573b-67a1-41e3-a350-f896363bc636: receive RaftClientReply:client-6EDD19400D46->06a4573b-67a1-41e3-a350-f896363bc636@group-757E3781CD2A, cid=835, SUCCESS, logIndex=1075, commits[06a4573b-67a1-41e3-a350-f896363bc636:c1076, 0b725bbf-683b-4664-9a2e-3c9dd6e38bc1:c1072, 9193e3b7-ae04-484d-a740-c65c11559486:c1072]
2019-08-24 07:08:14,046 [grpc-default-executor-1] INFO  client.GrpcClientProtocolClient (GrpcClientProtocolClient.java:onNext(255)) - client-6EDD19400D46->06a4573b-67a1-41e3-a350-f896363bc636: receive RaftClientReply:client-6EDD19400D46->06a4573b-67a1-41e3-a350-f896363bc636@group-757E3781CD2A, cid=836, SUCCESS, logIndex=1076, commits[06a4573b-67a1-41e3-a350-f896363bc636:c1076, 0b725bbf-683b-4664-9a2e-3c9dd6e38bc1:c1072, 9193e3b7-ae04-484d-a740-c65c11559486:c1072]
2019-08-24 07:08:14,056 | INFO  | DNAudit | user=null | ip=null | op=WRITE_CHUNK {blockData=conID: 2 locID: 102670695851884970 bcsId: 1072} | ret=SUCCESS |  
2019-08-24 07:08:14,056 | INFO  | DNAudit | user=null | ip=null | op=WRITE_CHUNK {blockData=conID: 2 locID: 102670695851884970 bcsId: 1072} | ret=SUCCESS |  
2019-08-24 07:08:14,056 | INFO  | DNAudit | user=null | ip=null | op=PUT_BLOCK {blockData=[blockId=conID: 2 locID: 102670695851884970 bcsId: 0,size=4194304]} | ret=SUCCESS |  
2019-08-24 07:08:14,057 | INFO  | DNAudit | user=null | ip=null | op=PUT_BLOCK {blockData=[blockId=conID: 2 locID: 102670695851884970 bcsId: 0,size=4194304]} | ret=SUCCESS |  
2019-08-24 07:08:14,057 [grpc-default-executor-1] INFO  client.GrpcClientProtocolClient (GrpcClientProtocolClient.java:onNext(255)) - client-6EDD19400D46->06a4573b-67a1-41e3-a350-f896363bc636: receive RaftClientReply:client-6EDD19400D46->06a4573b-67a1-41e3-a350-f896363bc636@group-757E3781CD2A, cid=837, SUCCESS, logIndex=0, commits[06a4573b-67a1-41e3-a350-f896363bc636:c1077, 0b725bbf-683b-4664-9a2e-3c9dd6e38bc1:c1076, 9193e3b7-ae04-484d-a740-c65c11559486:c1076]
2019-08-24 07:08:14,064 | INFO  | DNAudit | user=null | ip=null | op=WRITE_CHUNK {blockData=conID: 3 locID: 102670695851884971 bcsId: 0} | ret=SUCCESS |  
2019-08-24 07:08:14,068 | INFO  | DNAudit | user=null | ip=null | op=WRITE_CHUNK {blockData=conID: 3 locID: 102670695851884971 bcsId: 0} | ret=SUCCESS |  
2019-08-24 07:08:14,068 | INFO  | DNAudit | user=null | ip=null | op=WRITE_CHUNK {blockData=conID: 3 locID: 102670695851884971 bcsId: 0} | ret=SUCCESS |  
2019-08-24 07:08:14,068 | INFO  | DNAudit | user=null | ip=null | op=WRITE_CHUNK {blockData=conID: 3 locID: 102670695851884971 bcsId: 0} | ret=SUCCESS |  
2019-08-24 07:08:14,070 | INFO  | DNAudit | user=null | ip=null | op=WRITE_CHUNK {blockData=conID: 3 locID: 102670695851884971 bcsId: 0} | ret=SUCCESS |  
2019-08-24 07:08:14,070 | INFO  | DNAudit | user=null | ip=null | op=WRITE_CHUNK {blockData=conID: 3 locID: 102670695851884971 bcsId: 0} | ret=SUCCESS |  
2019-08-24 07:08:14,079 | INFO  | DNAudit | user=null | ip=null | op=WRITE_CHUNK {blockData=conID: 3 locID: 102670695851884971 bcsId: 0} | ret=SUCCESS |  
2019-08-24 07:08:14,079 | INFO  | DNAudit | user=null | ip=null | op=PUT_BLOCK {blockData=[blockId=conID: 3 locID: 102670695851884971 bcsId: 0,size=1048576]} | ret=SUCCESS |  
2019-08-24 07:08:14,082 [grpc-default-executor-1] INFO  client.GrpcClientProtocolClient (GrpcClientProtocolClient.java:onNext(255)) - client-6EDD19400D46->06a4573b-67a1-41e3-a350-f896363bc636: receive RaftClientReply:client-6EDD19400D46->06a4573b-67a1-41e3-a350-f896363bc636@group-757E3781CD2A, cid=838, SUCCESS, logIndex=1079, commits[06a4573b-67a1-41e3-a350-f896363bc636:c1080, 0b725bbf-683b-4664-9a2e-3c9dd6e38bc1:c1078, 9193e3b7-ae04-484d-a740-c65c11559486:c1078]
2019-08-24 07:08:14,082 [grpc-default-executor-1] INFO  client.GrpcClientProtocolClient (GrpcClientProtocolClient.java:onNext(255)) - client-6EDD19400D46->06a4573b-67a1-41e3-a350-f896363bc636: receive RaftClientReply:client-6EDD19400D46->06a4573b-67a1-41e3-a350-f896363bc636@group-757E3781CD2A, cid=839, SUCCESS, logIndex=1080, commits[06a4573b-67a1-41e3-a350-f896363bc636:c1080, 0b725bbf-683b-4664-9a2e-3c9dd6e38bc1:c1078, 9193e3b7-ae04-484d-a740-c65c11559486:c1078]
2019-08-24 07:08:14,090 | INFO  | DNAudit | user=null | ip=null | op=WRITE_CHUNK {blockData=conID: 3 locID: 102670695851884971 bcsId: 0} | ret=SUCCESS |  
2019-08-24 07:08:14,090 | INFO  | DNAudit | user=null | ip=null | op=PUT_BLOCK {blockData=[blockId=conID: 3 locID: 102670695851884971 bcsId: 0,size=2097152]} | ret=SUCCESS |  
2019-08-24 07:08:14,090 | INFO  | DNAudit | user=null | ip=null | op=WRITE_CHUNK {blockData=conID: 3 locID: 102670695851884971 bcsId: 0} | ret=SUCCESS |  
2019-08-24 07:08:14,090 [grpc-default-executor-1] INFO  client.GrpcClientProtocolClient (GrpcClientProtocolClient.java:onNext(255)) - client-6EDD19400D46->06a4573b-67a1-41e3-a350-f896363bc636: receive RaftClientReply:client-6EDD19400D46->06a4573b-67a1-41e3-a350-f896363bc636@group-757E3781CD2A, cid=840, SUCCESS, logIndex=1081, commits[06a4573b-67a1-41e3-a350-f896363bc636:c1082, 0b725bbf-683b-4664-9a2e-3c9dd6e38bc1:c1078, 9193e3b7-ae04-484d-a740-c65c11559486:c1078]
2019-08-24 07:08:14,091 | INFO  | DNAudit | user=null | ip=null | op=PUT_BLOCK {blockData=[blockId=conID: 3 locID: 102670695851884971 bcsId: 0,size=1048576]} | ret=SUCCESS |  
2019-08-24 07:08:14,091 [grpc-default-executor-1] INFO  client.GrpcClientProtocolClient (GrpcClientProtocolClient.java:onNext(255)) - client-6EDD19400D46->06a4573b-67a1-41e3-a350-f896363bc636: receive RaftClientReply:client-6EDD19400D46->06a4573b-67a1-41e3-a350-f896363bc636@group-757E3781CD2A, cid=841, SUCCESS, logIndex=1082, commits[06a4573b-67a1-41e3-a350-f896363bc636:c1082, 0b725bbf-683b-4664-9a2e-3c9dd6e38bc1:c1078, 9193e3b7-ae04-484d-a740-c65c11559486:c1078]
2019-08-24 07:08:14,093 | INFO  | DNAudit | user=null | ip=null | op=WRITE_CHUNK {blockData=conID: 3 locID: 102670695851884971 bcsId: 0} | ret=SUCCESS |  
2019-08-24 07:08:14,093 | INFO  | DNAudit | user=null | ip=null | op=PUT_BLOCK {blockData=[blockId=conID: 3 locID: 102670695851884971 bcsId: 0,size=1048576]} | ret=SUCCESS |  
2019-08-24 07:08:14,093 [grpc-default-executor-1] INFO  client.GrpcClientProtocolClient (GrpcClientProtocolClient.java:onNext(255)) - client-6EDD19400D46->06a4573b-67a1-41e3-a350-f896363bc636: receive RaftClientReply:client-6EDD19400D46->06a4573b-67a1-41e3-a350-f896363bc636@group-757E3781CD2A, cid=842, SUCCESS, logIndex=0, commits[06a4573b-67a1-41e3-a350-f896363bc636:c1084, 0b725bbf-683b-4664-9a2e-3c9dd6e38bc1:c1080, 9193e3b7-ae04-484d-a740-c65c11559486:c1080]
2019-08-24 07:08:14,101 | INFO  | DNAudit | user=null | ip=null | op=WRITE_CHUNK {blockData=conID: 3 locID: 102670695851884971 bcsId: 1082} | ret=SUCCESS |  
2019-08-24 07:08:14,104 | INFO  | DNAudit | user=null | ip=null | op=WRITE_CHUNK {blockData=conID: 3 locID: 102670695851884971 bcsId: 0} | ret=SUCCESS |  
2019-08-24 07:08:14,104 | INFO  | DNAudit | user=null | ip=null | op=WRITE_CHUNK {blockData=conID: 3 locID: 102670695851884971 bcsId: 0} | ret=SUCCESS |  
2019-08-24 07:08:14,104 | INFO  | DNAudit | user=null | ip=null | op=PUT_BLOCK {blockData=[blockId=conID: 3 locID: 102670695851884971 bcsId: 0,size=2097152]} | ret=SUCCESS |  
2019-08-24 07:08:14,104 | INFO  | DNAudit | user=null | ip=null | op=PUT_BLOCK {blockData=[blockId=conID: 3 locID: 102670695851884971 bcsId: 0,size=2097152]} | ret=SUCCESS |  
2019-08-24 07:08:14,105 | INFO  | DNAudit | user=null | ip=null | op=WRITE_CHUNK {blockData=conID: 3 locID: 102670695851884971 bcsId: 1082} | ret=SUCCESS |  
2019-08-24 07:08:14,105 | INFO  | DNAudit | user=null | ip=null | op=WRITE_CHUNK {blockData=conID: 3 locID: 102670695851884971 bcsId: 1082} | ret=SUCCESS |  
 0.00% |█                                                                                                    |  0/1 Time: 0:00:032019-08-24 07:08:14,134 | INFO  | DNAudit | user=null | ip=null | op=WRITE_CHUNK {blockData=conID: 3 locID: 102670695851884971 bcsId: 1082} | ret=SUCCESS |  
2019-08-24 07:08:14,135 | INFO  | DNAudit | user=null | ip=null | op=PUT_BLOCK {blockData=[blockId=conID: 3 locID: 102670695851884971 bcsId: 0,size=3145728]} | ret=SUCCESS |  
2019-08-24 07:08:14,135 [grpc-default-executor-0] INFO  client.GrpcClientProtocolClient (GrpcClientProtocolClient.java:onNext(255)) - client-6EDD19400D46->06a4573b-67a1-41e3-a350-f896363bc636: receive RaftClientReply:client-6EDD19400D46->06a4573b-67a1-41e3-a350-f896363bc636@group-757E3781CD2A, cid=843, SUCCESS, logIndex=1087, commits[06a4573b-67a1-41e3-a350-f896363bc636:c1088, 0b725bbf-683b-4664-9a2e-3c9dd6e38bc1:c1084, 9193e3b7-ae04-484d-a740-c65c11559486:c1084]
2019-08-24 07:08:14,136 [grpc-default-executor-0] INFO  client.GrpcClientProtocolClient (GrpcClientProtocolClient.java:onNext(255)) - client-6EDD19400D46->06a4573b-67a1-41e3-a350-f896363bc636: receive RaftClientReply:client-6EDD19400D46->06a4573b-67a1-41e3-a350-f896363bc636@group-757E3781CD2A, cid=844, SUCCESS, logIndex=1088, commits[06a4573b-67a1-41e3-a350-f896363bc636:c1088, 0b725bbf-683b-4664-9a2e-3c9dd6e38bc1:c1084, 9193e3b7-ae04-484d-a740-c65c11559486:c1084]
2019-08-24 07:08:14,143 | INFO  | DNAudit | user=null | ip=null | op=WRITE_CHUNK {blockData=conID: 3 locID: 102670695851884971 bcsId: 1088} | ret=SUCCESS |  
2019-08-24 07:08:14,146 | INFO  | DNAudit | user=null | ip=null | op=WRITE_CHUNK {blockData=conID: 3 locID: 102670695851884971 bcsId: 1082} | ret=SUCCESS |  
2019-08-24 07:08:14,146 | INFO  | DNAudit | user=null | ip=null | op=WRITE_CHUNK {blockData=conID: 3 locID: 102670695851884971 bcsId: 1082} | ret=SUCCESS |  
2019-08-24 07:08:14,147 | INFO  | DNAudit | user=null | ip=null | op=PUT_BLOCK {blockData=[blockId=conID: 3 locID: 102670695851884971 bcsId: 0,size=3145728]} | ret=SUCCESS |  
2019-08-24 07:08:14,147 | INFO  | DNAudit | user=null | ip=null | op=PUT_BLOCK {blockData=[blockId=conID: 3 locID: 102670695851884971 bcsId: 0,size=3145728]} | ret=SUCCESS |  
2019-08-24 07:08:14,148 | INFO  | DNAudit | user=null | ip=null | op=WRITE_CHUNK {blockData=conID: 3 locID: 102670695851884971 bcsId: 1088} | ret=SUCCESS |  
2019-08-24 07:08:14,148 | INFO  | DNAudit | user=null | ip=null | op=WRITE_CHUNK {blockData=conID: 3 locID: 102670695851884971 bcsId: 1088} | ret=SUCCESS |  
2019-08-24 07:08:14,161 | INFO  | DNAudit | user=null | ip=null | op=WRITE_CHUNK {blockData=conID: 3 locID: 102670695851884971 bcsId: 1088} | ret=SUCCESS |  
2019-08-24 07:08:14,161 | INFO  | DNAudit | user=null | ip=null | op=PUT_BLOCK {blockData=[blockId=conID: 3 locID: 102670695851884971 bcsId: 0,size=4194304]} | ret=SUCCESS |  
2019-08-24 07:08:14,162 [grpc-default-executor-0] INFO  client.GrpcClientProtocolClient (GrpcClientProtocolClient.java:onNext(255)) - client-6EDD19400D46->06a4573b-67a1-41e3-a350-f896363bc636: receive RaftClientReply:client-6EDD19400D46->06a4573b-67a1-41e3-a350-f896363bc636@group-757E3781CD2A, cid=845, SUCCESS, logIndex=1091, commits[06a4573b-67a1-41e3-a350-f896363bc636:c1092, 0b725bbf-683b-4664-9a2e-3c9dd6e38bc1:c1088, 9193e3b7-ae04-484d-a740-c65c11559486:c1088]
2019-08-24 07:08:14,162 [grpc-default-executor-0] INFO  client.GrpcClientProtocolClient (GrpcClientProtocolClient.java:onNext(255)) - client-6EDD19400D46->06a4573b-67a1-41e3-a350-f896363bc636: receive RaftClientReply:client-6EDD19400D46->06a4573b-67a1-41e3-a350-f896363bc636@group-757E3781CD2A, cid=846, SUCCESS, logIndex=1092, commits[06a4573b-67a1-41e3-a350-f896363bc636:c1092, 0b725bbf-683b-4664-9a2e-3c9dd6e38bc1:c1088, 9193e3b7-ae04-484d-a740-c65c11559486:c1088]
2019-08-24 07:08:14,172 | INFO  | DNAudit | user=null | ip=null | op=WRITE_CHUNK {blockData=conID: 3 locID: 102670695851884971 bcsId: 1088} | ret=SUCCESS |  
2019-08-24 07:08:14,172 | INFO  | DNAudit | user=null | ip=null | op=WRITE_CHUNK {blockData=conID: 3 locID: 102670695851884971 bcsId: 1088} | ret=SUCCESS |  
2019-08-24 07:08:14,175 | INFO  | DNAudit | user=null | ip=null | op=PUT_BLOCK {blockData=[blockId=conID: 3 locID: 102670695851884971 bcsId: 0,size=4194304]} | ret=SUCCESS |  
2019-08-24 07:08:14,175 | INFO  | DNAudit | user=null | ip=null | op=PUT_BLOCK {blockData=[blockId=conID: 3 locID: 102670695851884971 bcsId: 0,size=4194304]} | ret=SUCCESS |  
2019-08-24 07:08:14,176 [grpc-default-executor-0] INFO  client.GrpcClientProtocolClient (GrpcClientProtocolClient.java:onNext(255)) - client-6EDD19400D46->06a4573b-67a1-41e3-a350-f896363bc636: receive RaftClientReply:client-6EDD19400D46->06a4573b-67a1-41e3-a350-f896363bc636@group-757E3781CD2A, cid=847, SUCCESS, logIndex=0, commits[06a4573b-67a1-41e3-a350-f896363bc636:c1094, 0b725bbf-683b-4664-9a2e-3c9dd6e38bc1:c1092, 9193e3b7-ae04-484d-a740-c65c11559486:c1092]
2019-08-24 07:08:14,427 | INFO  | SCMAudit | user=jenkins1000 | ip=192.168.69.125 | op=SEND_HEARTBEAT {datanodeUUID=9193e3b7-ae04-484d-a740-c65c11559486, command=[]} | ret=SUCCESS |  
2019-08-24 07:08:14,427 | INFO  | SCMAudit | user=jenkins1000 | ip=192.168.69.125 | op=SEND_HEARTBEAT {datanodeUUID=0b725bbf-683b-4664-9a2e-3c9dd6e38bc1, command=[]} | ret=SUCCESS |  
2019-08-24 07:08:14,427 | INFO  | SCMAudit | user=jenkins1000 | ip=192.168.69.125 | op=SEND_HEARTBEAT {datanodeUUID=06a4573b-67a1-41e3-a350-f896363bc636, command=[]} | ret=SUCCESS |  
2019-08-24 07:08:14,428 | INFO  | SCMAudit | user=jenkins1000 | ip=192.168.69.125 | op=SEND_HEARTBEAT {datanodeUUID=25ce0803-6f34-4c69-82c0-892f08679042, command=[]} | ret=SUCCESS |  
2019-08-24 07:08:14,434 | INFO  | DNAudit | user=null | ip=null | op=WRITE_CHUNK {blockData=conID: 1 locID: 102670695851884972 bcsId: 0} | ret=SUCCESS |  
2019-08-24 07:08:14,436 | INFO  | DNAudit | user=null | ip=null | op=WRITE_CHUNK {blockData=conID: 1 locID: 102670695851884972 bcsId: 0} | ret=SUCCESS |  
2019-08-24 07:08:14,438 | INFO  | DNAudit | user=null | ip=null | op=WRITE_CHUNK {blockData=conID: 1 locID: 102670695851884972 bcsId: 0} | ret=SUCCESS |  
2019-08-24 07:08:14,438 | INFO  | DNAudit | user=null | ip=null | op=WRITE_CHUNK {blockData=conID: 1 locID: 102670695851884972 bcsId: 0} | ret=SUCCESS |  
2019-08-24 07:08:14,440 | INFO  | DNAudit | user=null | ip=null | op=WRITE_CHUNK {blockData=conID: 1 locID: 102670695851884972 bcsId: 0} | ret=SUCCESS |  
2019-08-24 07:08:14,441 | INFO  | DNAudit | user=null | ip=null | op=WRITE_CHUNK {blockData=conID: 1 locID: 102670695851884972 bcsId: 0} | ret=SUCCESS |  
2019-08-24 07:08:14,447 | INFO  | DNAudit | user=null | ip=null | op=WRITE_CHUNK {blockData=conID: 1 locID: 102670695851884972 bcsId: 0} | ret=SUCCESS |  
2019-08-24 07:08:14,448 | INFO  | DNAudit | user=null | ip=null | op=PUT_BLOCK {blockData=[blockId=conID: 1 locID: 102670695851884972 bcsId: 0,size=1048576]} | ret=SUCCESS |  
2019-08-24 07:08:14,448 [grpc-default-executor-0] INFO  client.GrpcClientProtocolClient (GrpcClientProtocolClient.java:onNext(255)) - client-6EDD19400D46->06a4573b-67a1-41e3-a350-f896363bc636: receive RaftClientReply:client-6EDD19400D46->06a4573b-67a1-41e3-a350-f896363bc636@group-757E3781CD2A, cid=848, SUCCESS, logIndex=1095, commits[06a4573b-67a1-41e3-a350-f896363bc636:c1096, 0b725bbf-683b-4664-9a2e-3c9dd6e38bc1:c1094, 9193e3b7-ae04-484d-a740-c65c11559486:c1094]
2019-08-24 07:08:14,448 | INFO  | DNAudit | user=null | ip=null | op=WRITE_CHUNK {blockData=conID: 1 locID: 102670695851884972 bcsId: 0} | ret=SUCCESS |  
2019-08-24 07:08:14,449 | INFO  | DNAudit | user=null | ip=null | op=WRITE_CHUNK {blockData=conID: 1 locID: 102670695851884972 bcsId: 0} | ret=SUCCESS |  
2019-08-24 07:08:14,449 | INFO  | DNAudit | user=null | ip=null | op=PUT_BLOCK {blockData=[blockId=conID: 1 locID: 102670695851884972 bcsId: 0,size=2097152]} | ret=SUCCESS |  
2019-08-24 07:08:14,449 | INFO  | DNAudit | user=null | ip=null | op=PUT_BLOCK {blockData=[blockId=conID: 1 locID: 102670695851884972 bcsId: 0,size=1048576]} | ret=SUCCESS |  
2019-08-24 07:08:14,449 [grpc-default-executor-0] INFO  client.GrpcClientProtocolClient (GrpcClientProtocolClient.java:onNext(255)) - client-6EDD19400D46->06a4573b-67a1-41e3-a350-f896363bc636: receive RaftClientReply:client-6EDD19400D46->06a4573b-67a1-41e3-a350-f896363bc636@group-757E3781CD2A, cid=849, SUCCESS, logIndex=1096, commits[06a4573b-67a1-41e3-a350-f896363bc636:c1097, 0b725bbf-683b-4664-9a2e-3c9dd6e38bc1:c1094, 9193e3b7-ae04-484d-a740-c65c11559486:c1094]
2019-08-24 07:08:14,449 [grpc-default-executor-0] INFO  client.GrpcClientProtocolClient (GrpcClientProtocolClient.java:onNext(255)) - client-6EDD19400D46->06a4573b-67a1-41e3-a350-f896363bc636: receive RaftClientReply:client-6EDD19400D46->06a4573b-67a1-41e3-a350-f896363bc636@group-757E3781CD2A, cid=850, SUCCESS, logIndex=1097, commits[06a4573b-67a1-41e3-a350-f896363bc636:c1098, 0b725bbf-683b-4664-9a2e-3c9dd6e38bc1:c1094, 9193e3b7-ae04-484d-a740-c65c11559486:c1094]
2019-08-24 07:08:14,450 [grpc-default-executor-0] INFO  client.GrpcClientProtocolClient (GrpcClientProtocolClient.java:onNext(255)) - client-6EDD19400D46->06a4573b-67a1-41e3-a350-f896363bc636: receive RaftClientReply:client-6EDD19400D46->06a4573b-67a1-41e3-a350-f896363bc636@group-757E3781CD2A, cid=851, SUCCESS, logIndex=1098, commits[06a4573b-67a1-41e3-a350-f896363bc636:c1099, 0b725bbf-683b-4664-9a2e-3c9dd6e38bc1:c1094, 9193e3b7-ae04-484d-a740-c65c11559486:c1096]
2019-08-24 07:08:14,458 | INFO  | DNAudit | user=null | ip=null | op=WRITE_CHUNK {blockData=conID: 1 locID: 102670695851884972 bcsId: 0} | ret=SUCCESS |  
2019-08-24 07:08:14,458 | INFO  | DNAudit | user=null | ip=null | op=PUT_BLOCK {blockData=[blockId=conID: 1 locID: 102670695851884972 bcsId: 0,size=1048576]} | ret=SUCCESS |  
2019-08-24 07:08:14,459 [grpc-default-executor-0] INFO  client.GrpcClientProtocolClient (GrpcClientProtocolClient.java:onNext(255)) - client-6EDD19400D46->06a4573b-67a1-41e3-a350-f896363bc636: receive RaftClientReply:client-6EDD19400D46->06a4573b-67a1-41e3-a350-f896363bc636@group-757E3781CD2A, cid=852, SUCCESS, logIndex=0, commits[06a4573b-67a1-41e3-a350-f896363bc636:c1099, 0b725bbf-683b-4664-9a2e-3c9dd6e38bc1:c1096, 9193e3b7-ae04-484d-a740-c65c11559486:c1096]
2019-08-24 07:08:14,467 | INFO  | DNAudit | user=null | ip=null | op=WRITE_CHUNK {blockData=conID: 1 locID: 102670695851884972 bcsId: 1098} | ret=SUCCESS |  
2019-08-24 07:08:14,469 | INFO  | DNAudit | user=null | ip=null | op=WRITE_CHUNK {blockData=conID: 1 locID: 102670695851884972 bcsId: 0} | ret=SUCCESS |  
2019-08-24 07:08:14,469 | INFO  | DNAudit | user=null | ip=null | op=PUT_BLOCK {blockData=[blockId=conID: 1 locID: 102670695851884972 bcsId: 0,size=2097152]} | ret=SUCCESS |  
2019-08-24 07:08:14,472 | INFO  | DNAudit | user=null | ip=null | op=WRITE_CHUNK {blockData=conID: 1 locID: 102670695851884972 bcsId: 1098} | ret=SUCCESS |  
2019-08-24 07:08:14,472 | INFO  | DNAudit | user=null | ip=null | op=WRITE_CHUNK {blockData=conID: 1 locID: 102670695851884972 bcsId: 1098} | ret=SUCCESS |  
2019-08-24 07:08:14,480 | INFO  | DNAudit | user=null | ip=null | op=WRITE_CHUNK {blockData=conID: 1 locID: 102670695851884972 bcsId: 0} | ret=SUCCESS |  
2019-08-24 07:08:14,480 | INFO  | DNAudit | user=null | ip=null | op=PUT_BLOCK {blockData=[blockId=conID: 1 locID: 102670695851884972 bcsId: 0,size=2097152]} | ret=SUCCESS |  
2019-08-24 07:08:14,492 | INFO  | DNAudit | user=null | ip=null | op=WRITE_CHUNK {blockData=conID: 1 locID: 102670695851884972 bcsId: 1098} | ret=SUCCESS |  
2019-08-24 07:08:14,493 | INFO  | DNAudit | user=null | ip=null | op=PUT_BLOCK {blockData=[blockId=conID: 1 locID: 102670695851884972 bcsId: 0,size=3145728]} | ret=SUCCESS |  
2019-08-24 07:08:14,493 [grpc-default-executor-0] INFO  client.GrpcClientProtocolClient (GrpcClientProtocolClient.java:onNext(255)) - client-6EDD19400D46->06a4573b-67a1-41e3-a350-f896363bc636: receive RaftClientReply:client-6EDD19400D46->06a4573b-67a1-41e3-a350-f896363bc636@group-757E3781CD2A, cid=853, SUCCESS, logIndex=1103, commits[06a4573b-67a1-41e3-a350-f896363bc636:c1104, 0b725bbf-683b-4664-9a2e-3c9dd6e38bc1:c1100, 9193e3b7-ae04-484d-a740-c65c11559486:c1100]
2019-08-24 07:08:14,494 [grpc-default-executor-0] INFO  client.GrpcClientProtocolClient (GrpcClientProtocolClient.java:onNext(255)) - client-6EDD19400D46->06a4573b-67a1-41e3-a350-f896363bc636: receive RaftClientReply:client-6EDD19400D46->06a4573b-67a1-41e3-a350-f896363bc636@group-757E3781CD2A, cid=854, SUCCESS, logIndex=1104, commits[06a4573b-67a1-41e3-a350-f896363bc636:c1104, 0b725bbf-683b-4664-9a2e-3c9dd6e38bc1:c1100, 9193e3b7-ae04-484d-a740-c65c11559486:c1100]
2019-08-24 07:08:14,502 | INFO  | DNAudit | user=null | ip=null | op=WRITE_CHUNK {blockData=conID: 1 locID: 102670695851884972 bcsId: 1104} | ret=SUCCESS |  
2019-08-24 07:08:14,503 | INFO  | DNAudit | user=null | ip=null | op=WRITE_CHUNK {blockData=conID: 1 locID: 102670695851884972 bcsId: 1098} | ret=SUCCESS |  
2019-08-24 07:08:14,504 | INFO  | DNAudit | user=null | ip=null | op=WRITE_CHUNK {blockData=conID: 1 locID: 102670695851884972 bcsId: 1098} | ret=SUCCESS |  
2019-08-24 07:08:14,506 | INFO  | DNAudit | user=null | ip=null | op=PUT_BLOCK {blockData=[blockId=conID: 1 locID: 102670695851884972 bcsId: 0,size=3145728]} | ret=SUCCESS |  
2019-08-24 07:08:14,506 | INFO  | DNAudit | user=null | ip=null | op=PUT_BLOCK {blockData=[blockId=conID: 1 locID: 102670695851884972 bcsId: 0,size=3145728]} | ret=SUCCESS |  
2019-08-24 07:08:14,506 | INFO  | DNAudit | user=null | ip=null | op=WRITE_CHUNK {blockData=conID: 1 locID: 102670695851884972 bcsId: 1104} | ret=SUCCESS |  
2019-08-24 07:08:14,507 | INFO  | DNAudit | user=null | ip=null | op=WRITE_CHUNK {blockData=conID: 1 locID: 102670695851884972 bcsId: 1104} | ret=SUCCESS |  
2019-08-24 07:08:14,518 | INFO  | DNAudit | user=null | ip=null | op=WRITE_CHUNK {blockData=conID: 1 locID: 102670695851884972 bcsId: 1104} | ret=SUCCESS |  
2019-08-24 07:08:14,519 | INFO  | DNAudit | user=null | ip=null | op=PUT_BLOCK {blockData=[blockId=conID: 1 locID: 102670695851884972 bcsId: 0,size=4194304]} | ret=SUCCESS |  
2019-08-24 07:08:14,519 [grpc-default-executor-2] INFO  client.GrpcClientProtocolClient (GrpcClientProtocolClient.java:onNext(255)) - client-6EDD19400D46->06a4573b-67a1-41e3-a350-f896363bc636: receive RaftClientReply:client-6EDD19400D46->06a4573b-67a1-41e3-a350-f896363bc636@group-757E3781CD2A, cid=855, SUCCESS, logIndex=1107, commits[06a4573b-67a1-41e3-a350-f896363bc636:c1108, 0b725bbf-683b-4664-9a2e-3c9dd6e38bc1:c1104, 9193e3b7-ae04-484d-a740-c65c11559486:c1104]
2019-08-24 07:08:14,520 [grpc-default-executor-2] INFO  client.GrpcClientProtocolClient (GrpcClientProtocolClient.java:onNext(255)) - client-6EDD19400D46->06a4573b-67a1-41e3-a350-f896363bc636: receive RaftClientReply:client-6EDD19400D46->06a4573b-67a1-41e3-a350-f896363bc636@group-757E3781CD2A, cid=856, SUCCESS, logIndex=1108, commits[06a4573b-67a1-41e3-a350-f896363bc636:c1108, 0b725bbf-683b-4664-9a2e-3c9dd6e38bc1:c1104, 9193e3b7-ae04-484d-a740-c65c11559486:c1104]
2019-08-24 07:08:14,530 | INFO  | DNAudit | user=null | ip=null | op=WRITE_CHUNK {blockData=conID: 1 locID: 102670695851884972 bcsId: 1104} | ret=SUCCESS |  
2019-08-24 07:08:14,530 | INFO  | DNAudit | user=null | ip=null | op=WRITE_CHUNK {blockData=conID: 1 locID: 102670695851884972 bcsId: 1104} | ret=SUCCESS |  
2019-08-24 07:08:14,531 | INFO  | DNAudit | user=null | ip=null | op=PUT_BLOCK {blockData=[blockId=conID: 1 locID: 102670695851884972 bcsId: 0,size=4194304]} | ret=SUCCESS |  
2019-08-24 07:08:14,531 | INFO  | DNAudit | user=null | ip=null | op=PUT_BLOCK {blockData=[blockId=conID: 1 locID: 102670695851884972 bcsId: 0,size=4194304]} | ret=SUCCESS |  
2019-08-24 07:08:14,531 [grpc-default-executor-2] INFO  client.GrpcClientProtocolClient (GrpcClientProtocolClient.java:onNext(255)) - client-6EDD19400D46->06a4573b-67a1-41e3-a350-f896363bc636: receive RaftClientReply:client-6EDD19400D46->06a4573b-67a1-41e3-a350-f896363bc636@group-757E3781CD2A, cid=857, SUCCESS, logIndex=0, commits[06a4573b-67a1-41e3-a350-f896363bc636:c1109, 0b725bbf-683b-4664-9a2e-3c9dd6e38bc1:c1108, 9193e3b7-ae04-484d-a740-c65c11559486:c1108]
2019-08-24 07:08:14,539 | INFO  | DNAudit | user=null | ip=null | op=WRITE_CHUNK {blockData=conID: 2 locID: 102670695851884973 bcsId: 0} | ret=SUCCESS |  
2019-08-24 07:08:14,542 | INFO  | DNAudit | user=null | ip=null | op=WRITE_CHUNK {blockData=conID: 2 locID: 102670695851884973 bcsId: 0} | ret=SUCCESS |  
2019-08-24 07:08:14,543 | INFO  | DNAudit | user=null | ip=null | op=WRITE_CHUNK {blockData=conID: 2 locID: 102670695851884973 bcsId: 0} | ret=SUCCESS |  
2019-08-24 07:08:14,543 | INFO  | DNAudit | user=null | ip=null | op=WRITE_CHUNK {blockData=conID: 2 locID: 102670695851884973 bcsId: 0} | ret=SUCCESS |  
2019-08-24 07:08:14,545 | INFO  | DNAudit | user=null | ip=null | op=WRITE_CHUNK {blockData=conID: 2 locID: 102670695851884973 bcsId: 0} | ret=SUCCESS |  
2019-08-24 07:08:14,546 | INFO  | DNAudit | user=null | ip=null | op=WRITE_CHUNK {blockData=conID: 2 locID: 102670695851884973 bcsId: 0} | ret=SUCCESS |  
2019-08-24 07:08:14,552 | INFO  | DNAudit | user=null | ip=null | op=WRITE_CHUNK {blockData=conID: 2 locID: 102670695851884973 bcsId: 0} | ret=SUCCESS |  
2019-08-24 07:08:14,552 | INFO  | DNAudit | user=null | ip=null | op=PUT_BLOCK {blockData=[blockId=conID: 2 locID: 102670695851884973 bcsId: 0,size=1048576]} | ret=SUCCESS |  
2019-08-24 07:08:14,553 | INFO  | DNAudit | user=null | ip=null | op=WRITE_CHUNK {blockData=conID: 2 locID: 102670695851884973 bcsId: 0} | ret=SUCCESS |  
2019-08-24 07:08:14,552 [grpc-default-executor-1] INFO  client.GrpcClientProtocolClient (GrpcClientProtocolClient.java:onNext(255)) - client-6EDD19400D46->06a4573b-67a1-41e3-a350-f896363bc636: receive RaftClientReply:client-6EDD19400D46->06a4573b-67a1-41e3-a350-f896363bc636@group-757E3781CD2A, cid=858, SUCCESS, logIndex=1111, commits[06a4573b-67a1-41e3-a350-f896363bc636:c1113, 0b725bbf-683b-4664-9a2e-3c9dd6e38bc1:c1110, 9193e3b7-ae04-484d-a740-c65c11559486:c1110]
2019-08-24 07:08:14,553 | INFO  | DNAudit | user=null | ip=null | op=PUT_BLOCK {blockData=[blockId=conID: 2 locID: 102670695851884973 bcsId: 0,size=2097152]} | ret=SUCCESS |  
2019-08-24 07:08:14,553 [grpc-default-executor-1] INFO  client.GrpcClientProtocolClient (GrpcClientProtocolClient.java:onNext(255)) - client-6EDD19400D46->06a4573b-67a1-41e3-a350-f896363bc636: receive RaftClientReply:client-6EDD19400D46->06a4573b-67a1-41e3-a350-f896363bc636@group-757E3781CD2A, cid=859, SUCCESS, logIndex=1112, commits[06a4573b-67a1-41e3-a350-f896363bc636:c1114, 0b725bbf-683b-4664-9a2e-3c9dd6e38bc1:c1110, 9193e3b7-ae04-484d-a740-c65c11559486:c1110]
2019-08-24 07:08:14,554 | INFO  | DNAudit | user=null | ip=null | op=WRITE_CHUNK {blockData=conID: 2 locID: 102670695851884973 bcsId: 0} | ret=SUCCESS |  
2019-08-24 07:08:14,554 [grpc-default-executor-0] INFO  client.GrpcClientProtocolClient (GrpcClientProtocolClient.java:onNext(255)) - client-6EDD19400D46->06a4573b-67a1-41e3-a350-f896363bc636: receive RaftClientReply:client-6EDD19400D46->06a4573b-67a1-41e3-a350-f896363bc636@group-757E3781CD2A, cid=860, SUCCESS, logIndex=1113, commits[06a4573b-67a1-41e3-a350-f896363bc636:c1114, 0b725bbf-683b-4664-9a2e-3c9dd6e38bc1:c1110, 9193e3b7-ae04-484d-a740-c65c11559486:c1110]
2019-08-24 07:08:14,554 [grpc-default-executor-0] INFO  client.GrpcClientProtocolClient (GrpcClientProtocolClient.java:onNext(255)) - client-6EDD19400D46->06a4573b-67a1-41e3-a350-f896363bc636: receive RaftClientReply:client-6EDD19400D46->06a4573b-67a1-41e3-a350-f896363bc636@group-757E3781CD2A, cid=861, SUCCESS, logIndex=1114, commits[06a4573b-67a1-41e3-a350-f896363bc636:c1114, 0b725bbf-683b-4664-9a2e-3c9dd6e38bc1:c1110, 9193e3b7-ae04-484d-a740-c65c11559486:c1110]
2019-08-24 07:08:14,556 | INFO  | DNAudit | user=null | ip=null | op=WRITE_CHUNK {blockData=conID: 2 locID: 102670695851884973 bcsId: 0} | ret=SUCCESS |  
2019-08-24 07:08:14,556 | INFO  | DNAudit | user=null | ip=null | op=PUT_BLOCK {blockData=[blockId=conID: 2 locID: 102670695851884973 bcsId: 0,size=1048576]} | ret=SUCCESS |  
2019-08-24 07:08:14,557 | INFO  | DNAudit | user=null | ip=null | op=WRITE_CHUNK {blockData=conID: 2 locID: 102670695851884973 bcsId: 0} | ret=SUCCESS |  
2019-08-24 07:08:14,567 | INFO  | DNAudit | user=null | ip=null | op=PUT_BLOCK {blockData=[blockId=conID: 2 locID: 102670695851884973 bcsId: 0,size=1048576]} | ret=SUCCESS |  
2019-08-24 07:08:14,567 | INFO  | DNAudit | user=null | ip=null | op=WRITE_CHUNK {blockData=conID: 2 locID: 102670695851884973 bcsId: 0} | ret=SUCCESS |  
2019-08-24 07:08:14,567 | INFO  | DNAudit | user=null | ip=null | op=PUT_BLOCK {blockData=[blockId=conID: 2 locID: 102670695851884973 bcsId: 0,size=2097152]} | ret=SUCCESS |  
2019-08-24 07:08:14,567 | INFO  | DNAudit | user=null | ip=null | op=PUT_BLOCK {blockData=[blockId=conID: 2 locID: 102670695851884973 bcsId: 0,size=2097152]} | ret=SUCCESS |  
2019-08-24 07:08:14,567 [grpc-default-executor-1] INFO  client.GrpcClientProtocolClient (GrpcClientProtocolClient.java:onNext(255)) - client-6EDD19400D46->06a4573b-67a1-41e3-a350-f896363bc636: receive RaftClientReply:client-6EDD19400D46->06a4573b-67a1-41e3-a350-f896363bc636@group-757E3781CD2A, cid=862, SUCCESS, logIndex=0, commits[06a4573b-67a1-41e3-a350-f896363bc636:c1117, 0b725bbf-683b-4664-9a2e-3c9dd6e38bc1:c1113, 9193e3b7-ae04-484d-a740-c65c11559486:c1112]
2019-08-24 07:08:14,575 | INFO  | DNAudit | user=null | ip=null | op=WRITE_CHUNK {blockData=conID: 2 locID: 102670695851884973 bcsId: 1114} | ret=SUCCESS |  
2019-08-24 07:08:14,578 | INFO  | DNAudit | user=null | ip=null | op=WRITE_CHUNK {blockData=conID: 2 locID: 102670695851884973 bcsId: 1114} | ret=SUCCESS |  
2019-08-24 07:08:14,578 | INFO  | DNAudit | user=null | ip=null | op=WRITE_CHUNK {blockData=conID: 2 locID: 102670695851884973 bcsId: 1114} | ret=SUCCESS |  
2019-08-24 07:08:14,588 | INFO  | DNAudit | user=null | ip=null | op=WRITE_CHUNK {blockData=conID: 2 locID: 102670695851884973 bcsId: 1114} | ret=SUCCESS |  
2019-08-24 07:08:14,589 | INFO  | DNAudit | user=null | ip=null | op=PUT_BLOCK {blockData=[blockId=conID: 2 locID: 102670695851884973 bcsId: 0,size=3145728]} | ret=SUCCESS |  
2019-08-24 07:08:14,589 [grpc-default-executor-0] INFO  client.GrpcClientProtocolClient (GrpcClientProtocolClient.java:onNext(255)) - client-6EDD19400D46->06a4573b-67a1-41e3-a350-f896363bc636: receive RaftClientReply:client-6EDD19400D46->06a4573b-67a1-41e3-a350-f896363bc636@group-757E3781CD2A, cid=863, SUCCESS, logIndex=1119, commits[06a4573b-67a1-41e3-a350-f896363bc636:c1120, 0b725bbf-683b-4664-9a2e-3c9dd6e38bc1:c1118, 9193e3b7-ae04-484d-a740-c65c11559486:c1118]
2019-08-24 07:08:14,589 [grpc-default-executor-0] INFO  client.GrpcClientProtocolClient (GrpcClientProtocolClient.java:onNext(255)) - client-6EDD19400D46->06a4573b-67a1-41e3-a350-f896363bc636: receive RaftClientReply:client-6EDD19400D46->06a4573b-67a1-41e3-a350-f896363bc636@group-757E3781CD2A, cid=864, SUCCESS, logIndex=1120, commits[06a4573b-67a1-41e3-a350-f896363bc636:c1120, 0b725bbf-683b-4664-9a2e-3c9dd6e38bc1:c1118, 9193e3b7-ae04-484d-a740-c65c11559486:c1118]
2019-08-24 07:08:14,596 | INFO  | DNAudit | user=null | ip=null | op=WRITE_CHUNK {blockData=conID: 2 locID: 102670695851884973 bcsId: 1120} | ret=SUCCESS |  
2019-08-24 07:08:14,600 | INFO  | DNAudit | user=null | ip=null | op=WRITE_CHUNK {blockData=conID: 2 locID: 102670695851884973 bcsId: 1114} | ret=SUCCESS |  
2019-08-24 07:08:14,600 | INFO  | DNAudit | user=null | ip=null | op=WRITE_CHUNK {blockData=conID: 2 locID: 102670695851884973 bcsId: 1114} | ret=SUCCESS |  
2019-08-24 07:08:14,600 | INFO  | DNAudit | user=null | ip=null | op=WRITE_CHUNK {blockData=conID: 2 locID: 102670695851884973 bcsId: 1120} | ret=SUCCESS |  
2019-08-24 07:08:14,600 | INFO  | DNAudit | user=null | ip=null | op=WRITE_CHUNK {blockData=conID: 2 locID: 102670695851884973 bcsId: 1120} | ret=SUCCESS |  
2019-08-24 07:08:14,612 | INFO  | DNAudit | user=null | ip=null | op=PUT_BLOCK {blockData=[blockId=conID: 2 locID: 102670695851884973 bcsId: 0,size=3145728]} | ret=SUCCESS |  
2019-08-24 07:08:14,613 | INFO  | DNAudit | user=null | ip=null | op=PUT_BLOCK {blockData=[blockId=conID: 2 locID: 102670695851884973 bcsId: 0,size=3145728]} | ret=SUCCESS |  
2019-08-24 07:08:14,613 | INFO  | DNAudit | user=null | ip=null | op=WRITE_CHUNK {blockData=conID: 2 locID: 102670695851884973 bcsId: 1120} | ret=SUCCESS |  
2019-08-24 07:08:14,614 | INFO  | DNAudit | user=null | ip=null | op=PUT_BLOCK {blockData=[blockId=conID: 2 locID: 102670695851884973 bcsId: 0,size=4194304]} | ret=SUCCESS |  
2019-08-24 07:08:14,614 [grpc-default-executor-1] INFO  client.GrpcClientProtocolClient (GrpcClientProtocolClient.java:onNext(255)) - client-6EDD19400D46->06a4573b-67a1-41e3-a350-f896363bc636: receive RaftClientReply:client-6EDD19400D46->06a4573b-67a1-41e3-a350-f896363bc636@group-757E3781CD2A, cid=865, SUCCESS, logIndex=1123, commits[06a4573b-67a1-41e3-a350-f896363bc636:c1124, 0b725bbf-683b-4664-9a2e-3c9dd6e38bc1:c1120, 9193e3b7-ae04-484d-a740-c65c11559486:c1120]
2019-08-24 07:08:14,614 [grpc-default-executor-1] INFO  client.GrpcClientProtocolClient (GrpcClientProtocolClient.java:onNext(255)) - client-6EDD19400D46->06a4573b-67a1-41e3-a350-f896363bc636: receive RaftClientReply:client-6EDD19400D46->06a4573b-67a1-41e3-a350-f896363bc636@group-757E3781CD2A, cid=866, SUCCESS, logIndex=1124, commits[06a4573b-67a1-41e3-a350-f896363bc636:c1124, 0b725bbf-683b-4664-9a2e-3c9dd6e38bc1:c1120, 9193e3b7-ae04-484d-a740-c65c11559486:c1120]
2019-08-24 07:08:14,624 | INFO  | DNAudit | user=null | ip=null | op=WRITE_CHUNK {blockData=conID: 2 locID: 102670695851884973 bcsId: 1120} | ret=SUCCESS |  
2019-08-24 07:08:14,625 | INFO  | DNAudit | user=null | ip=null | op=WRITE_CHUNK {blockData=conID: 2 locID: 102670695851884973 bcsId: 1120} | ret=SUCCESS |  
2019-08-24 07:08:14,625 | INFO  | DNAudit | user=null | ip=null | op=PUT_BLOCK {blockData=[blockId=conID: 2 locID: 102670695851884973 bcsId: 0,size=4194304]} | ret=SUCCESS |  
2019-08-24 07:08:14,625 | INFO  | DNAudit | user=null | ip=null | op=PUT_BLOCK {blockData=[blockId=conID: 2 locID: 102670695851884973 bcsId: 0,size=4194304]} | ret=SUCCESS |  
2019-08-24 07:08:14,625 [grpc-default-executor-1] INFO  client.GrpcClientProtocolClient (GrpcClientProtocolClient.java:onNext(255)) - client-6EDD19400D46->06a4573b-67a1-41e3-a350-f896363bc636: receive RaftClientReply:client-6EDD19400D46->06a4573b-67a1-41e3-a350-f896363bc636@group-757E3781CD2A, cid=867, SUCCESS, logIndex=0, commits[06a4573b-67a1-41e3-a350-f896363bc636:c1125, 0b725bbf-683b-4664-9a2e-3c9dd6e38bc1:c1124, 9193e3b7-ae04-484d-a740-c65c11559486:c1124]
2019-08-24 07:08:14,633 | INFO  | DNAudit | user=null | ip=null | op=WRITE_CHUNK {blockData=conID: 3 locID: 102670695851950510 bcsId: 0} | ret=SUCCESS |  
2019-08-24 07:08:14,635 | INFO  | DNAudit | user=null | ip=null | op=WRITE_CHUNK {blockData=conID: 3 locID: 102670695851950510 bcsId: 0} | ret=SUCCESS |  
2019-08-24 07:08:14,636 | INFO  | DNAudit | user=null | ip=null | op=WRITE_CHUNK {blockData=conID: 3 locID: 102670695851950510 bcsId: 0} | ret=SUCCESS |  
2019-08-24 07:08:14,636 | INFO  | DNAudit | user=null | ip=null | op=WRITE_CHUNK {blockData=conID: 3 locID: 102670695851950510 bcsId: 0} | ret=SUCCESS |  
2019-08-24 07:08:14,639 | INFO  | DNAudit | user=null | ip=null | op=WRITE_CHUNK {blockData=conID: 3 locID: 102670695851950510 bcsId: 0} | ret=SUCCESS |  
2019-08-24 07:08:14,639 | INFO  | DNAudit | user=null | ip=null | op=WRITE_CHUNK {blockData=conID: 3 locID: 102670695851950510 bcsId: 0} | ret=SUCCESS |  
2019-08-24 07:08:14,649 | INFO  | DNAudit | user=null | ip=null | op=WRITE_CHUNK {blockData=conID: 3 locID: 102670695851950510 bcsId: 0} | ret=SUCCESS |  
2019-08-24 07:08:14,650 | INFO  | DNAudit | user=null | ip=null | op=PUT_BLOCK {blockData=[blockId=conID: 3 locID: 102670695851950510 bcsId: 0,size=1048576]} | ret=SUCCESS |  
2019-08-24 07:08:14,650 [grpc-default-executor-0] INFO  client.GrpcClientProtocolClient (GrpcClientProtocolClient.java:onNext(255)) - client-6EDD19400D46->06a4573b-67a1-41e3-a350-f896363bc636: receive RaftClientReply:client-6EDD19400D46->06a4573b-67a1-41e3-a350-f896363bc636@group-757E3781CD2A, cid=868, SUCCESS, logIndex=1127, commits[06a4573b-67a1-41e3-a350-f896363bc636:c1128, 0b725bbf-683b-4664-9a2e-3c9dd6e38bc1:c1126, 9193e3b7-ae04-484d-a740-c65c11559486:c1126]
2019-08-24 07:08:14,651 [grpc-default-executor-0] INFO  client.GrpcClientProtocolClient (GrpcClientProtocolClient.java:onNext(255)) - client-6EDD19400D46->06a4573b-67a1-41e3-a350-f896363bc636: receive RaftClientReply:client-6EDD19400D46->06a4573b-67a1-41e3-a350-f896363bc636@group-757E3781CD2A, cid=869, SUCCESS, logIndex=1128, commits[06a4573b-67a1-41e3-a350-f896363bc636:c1128, 0b725bbf-683b-4664-9a2e-3c9dd6e38bc1:c1126, 9193e3b7-ae04-484d-a740-c65c11559486:c1126]
2019-08-24 07:08:14,662 | INFO  | DNAudit | user=null | ip=null | op=WRITE_CHUNK {blockData=conID: 3 locID: 102670695851950510 bcsId: 0} | ret=SUCCESS |  
2019-08-24 07:08:14,662 | INFO  | DNAudit | user=null | ip=null | op=PUT_BLOCK {blockData=[blockId=conID: 3 locID: 102670695851950510 bcsId: 0,size=2097152]} | ret=SUCCESS |  
2019-08-24 07:08:14,663 [grpc-default-executor-0] INFO  client.GrpcClientProtocolClient (GrpcClientProtocolClient.java:onNext(255)) - client-6EDD19400D46->06a4573b-67a1-41e3-a350-f896363bc636: receive RaftClientReply:client-6EDD19400D46->06a4573b-67a1-41e3-a350-f896363bc636@group-757E3781CD2A, cid=870, SUCCESS, logIndex=1129, commits[06a4573b-67a1-41e3-a350-f896363bc636:c1130, 0b725bbf-683b-4664-9a2e-3c9dd6e38bc1:c1126, 9193e3b7-ae04-484d-a740-c65c11559486:c1126]
2019-08-24 07:08:14,663 [grpc-default-executor-0] INFO  client.GrpcClientProtocolClient (GrpcClientProtocolClient.java:onNext(255)) - client-6EDD19400D46->06a4573b-67a1-41e3-a350-f896363bc636: receive RaftClientReply:client-6EDD19400D46->06a4573b-67a1-41e3-a350-f896363bc636@group-757E3781CD2A, cid=871, SUCCESS, logIndex=1130, commits[06a4573b-67a1-41e3-a350-f896363bc636:c1130, 0b725bbf-683b-4664-9a2e-3c9dd6e38bc1:c1126, 9193e3b7-ae04-484d-a740-c65c11559486:c1126]
2019-08-24 07:08:14,826 | INFO  | SCMAudit | user=jenkins1000 | ip=192.168.69.125 | op=SEND_HEARTBEAT {datanodeUUID=b8548da6-9cc6-46be-8dd4-5219531f5960, command=[]} | ret=SUCCESS |  
2019-08-24 07:08:15,062 | INFO  | DNAudit | user=null | ip=null | op=WRITE_CHUNK {blockData=conID: 3 locID: 102670695851950510 bcsId: 0} | ret=SUCCESS |  
2019-08-24 07:08:15,065 | INFO  | DNAudit | user=null | ip=null | op=PUT_BLOCK {blockData=[blockId=conID: 3 locID: 102670695851950510 bcsId: 0,size=1048576]} | ret=SUCCESS |  
2019-08-24 07:08:15,072 | INFO  | DNAudit | user=null | ip=null | op=WRITE_CHUNK {blockData=conID: 3 locID: 102670695851950510 bcsId: 0} | ret=SUCCESS |  
2019-08-24 07:08:15,073 | INFO  | DNAudit | user=null | ip=null | op=PUT_BLOCK {blockData=[blockId=conID: 3 locID: 102670695851950510 bcsId: 0,size=1048576]} | ret=SUCCESS |  
2019-08-24 07:08:15,073 | INFO  | DNAudit | user=null | ip=null | op=WRITE_CHUNK {blockData=conID: 3 locID: 102670695851950510 bcsId: 0} | ret=SUCCESS |  
2019-08-24 07:08:15,074 | INFO  | DNAudit | user=null | ip=null | op=PUT_BLOCK {blockData=[blockId=conID: 3 locID: 102670695851950510 bcsId: 0,size=2097152]} | ret=SUCCESS |  
2019-08-24 07:08:15,075 [grpc-default-executor-0] INFO  client.GrpcClientProtocolClient (GrpcClientProtocolClient.java:onNext(255)) - client-6EDD19400D46->06a4573b-67a1-41e3-a350-f896363bc636: receive RaftClientReply:client-6EDD19400D46->06a4573b-67a1-41e3-a350-f896363bc636@group-757E3781CD2A, cid=872, SUCCESS, logIndex=0, commits[06a4573b-67a1-41e3-a350-f896363bc636:c1132, 0b725bbf-683b-4664-9a2e-3c9dd6e38bc1:c1128, 9193e3b7-ae04-484d-a740-c65c11559486:c1128]
2019-08-24 07:08:15,088 | INFO  | DNAudit | user=null | ip=null | op=WRITE_CHUNK {blockData=conID: 3 locID: 102670695851950510 bcsId: 1130} | ret=SUCCESS |  
2019-08-24 07:08:15,093 | INFO  | DNAudit | user=null | ip=null | op=WRITE_CHUNK {blockData=conID: 3 locID: 102670695851950510 bcsId: 1130} | ret=SUCCESS |  
2019-08-24 07:08:15,093 | INFO  | DNAudit | user=null | ip=null | op=WRITE_CHUNK {blockData=conID: 3 locID: 102670695851950510 bcsId: 1130} | ret=SUCCESS |  
2019-08-24 07:08:15,095 | INFO  | DNAudit | user=null | ip=null | op=WRITE_CHUNK {blockData=conID: 3 locID: 102670695851950510 bcsId: 0} | ret=SUCCESS |  
2019-08-24 07:08:15,095 | INFO  | DNAudit | user=null | ip=null | op=PUT_BLOCK {blockData=[blockId=conID: 3 locID: 102670695851950510 bcsId: 0,size=2097152]} | ret=SUCCESS |  
2019-08-24 07:08:15,106 | INFO  | DNAudit | user=null | ip=null | op=WRITE_CHUNK {blockData=conID: 3 locID: 102670695851950510 bcsId: 1130} | ret=SUCCESS |  
2019-08-24 07:08:15,107 | INFO  | DNAudit | user=null | ip=null | op=PUT_BLOCK {blockData=[blockId=conID: 3 locID: 102670695851950510 bcsId: 0,size=3145728]} | ret=SUCCESS |  
2019-08-24 07:08:15,108 [grpc-default-executor-0] INFO  client.GrpcClientProtocolClient (GrpcClientProtocolClient.java:onNext(255)) - client-6EDD19400D46->06a4573b-67a1-41e3-a350-f896363bc636: receive RaftClientReply:client-6EDD19400D46->06a4573b-67a1-41e3-a350-f896363bc636@group-757E3781CD2A, cid=873, SUCCESS, logIndex=1135, commits[06a4573b-67a1-41e3-a350-f896363bc636:c1136, 0b725bbf-683b-4664-9a2e-3c9dd6e38bc1:c1132, 9193e3b7-ae04-484d-a740-c65c11559486:c1132]
2019-08-24 07:08:15,109 [grpc-default-executor-0] INFO  client.GrpcClientProtocolClient (GrpcClientProtocolClient.java:onNext(255)) - client-6EDD19400D46->06a4573b-67a1-41e3-a350-f896363bc636: receive RaftClientReply:client-6EDD19400D46->06a4573b-67a1-41e3-a350-f896363bc636@group-757E3781CD2A, cid=874, SUCCESS, logIndex=1136, commits[06a4573b-67a1-41e3-a350-f896363bc636:c1136, 0b725bbf-683b-4664-9a2e-3c9dd6e38bc1:c1132, 9193e3b7-ae04-484d-a740-c65c11559486:c1132]
2019-08-24 07:08:15,116 | INFO  | DNAudit | user=null | ip=null | op=WRITE_CHUNK {blockData=conID: 3 locID: 102670695851950510 bcsId: 1130} | ret=SUCCESS |  
2019-08-24 07:08:15,117 | INFO  | DNAudit | user=null | ip=null | op=WRITE_CHUNK {blockData=conID: 3 locID: 102670695851950510 bcsId: 1130} | ret=SUCCESS |  
2019-08-24 07:08:15,117 | INFO  | DNAudit | user=null | ip=null | op=PUT_BLOCK {blockData=[blockId=conID: 3 locID: 102670695851950510 bcsId: 0,size=3145728]} | ret=SUCCESS |  
2019-08-24 07:08:15,117 | INFO  | DNAudit | user=null | ip=null | op=PUT_BLOCK {blockData=[blockId=conID: 3 locID: 102670695851950510 bcsId: 0,size=3145728]} | ret=SUCCESS |  
2019-08-24 07:08:15,119 | INFO  | DNAudit | user=null | ip=null | op=WRITE_CHUNK {blockData=conID: 3 locID: 102670695851950510 bcsId: 1136} | ret=SUCCESS |  
 0.00% |█                                                                                                    |  0/1 Time: 0:00:042019-08-24 07:08:15,131 | INFO  | DNAudit | user=null | ip=null | op=WRITE_CHUNK {blockData=conID: 3 locID: 102670695851950510 bcsId: 1136} | ret=SUCCESS |  
2019-08-24 07:08:15,131 | INFO  | DNAudit | user=null | ip=null | op=WRITE_CHUNK {blockData=conID: 3 locID: 102670695851950510 bcsId: 1136} | ret=SUCCESS |  
2019-08-24 07:08:15,137 | INFO  | DNAudit | user=null | ip=null | op=WRITE_CHUNK {blockData=conID: 3 locID: 102670695851950510 bcsId: 1136} | ret=SUCCESS |  
2019-08-24 07:08:15,138 | INFO  | DNAudit | user=null | ip=null | op=PUT_BLOCK {blockData=[blockId=conID: 3 locID: 102670695851950510 bcsId: 0,size=4194304]} | ret=SUCCESS |  
2019-08-24 07:08:15,138 [grpc-default-executor-0] INFO  client.GrpcClientProtocolClient (GrpcClientProtocolClient.java:onNext(255)) - client-6EDD19400D46->06a4573b-67a1-41e3-a350-f896363bc636: receive RaftClientReply:client-6EDD19400D46->06a4573b-67a1-41e3-a350-f896363bc636@group-757E3781CD2A, cid=875, SUCCESS, logIndex=1138, commits[06a4573b-67a1-41e3-a350-f896363bc636:c1139, 0b725bbf-683b-4664-9a2e-3c9dd6e38bc1:c1137, 9193e3b7-ae04-484d-a740-c65c11559486:c1137]
2019-08-24 07:08:15,139 [grpc-default-executor-0] INFO  client.GrpcClientProtocolClient (GrpcClientProtocolClient.java:onNext(255)) - client-6EDD19400D46->06a4573b-67a1-41e3-a350-f896363bc636: receive RaftClientReply:client-6EDD19400D46->06a4573b-67a1-41e3-a350-f896363bc636@group-757E3781CD2A, cid=876, SUCCESS, logIndex=1139, commits[06a4573b-67a1-41e3-a350-f896363bc636:c1139, 0b725bbf-683b-4664-9a2e-3c9dd6e38bc1:c1137, 9193e3b7-ae04-484d-a740-c65c11559486:c1137]
2019-08-24 07:08:15,139 | INFO  | DNAudit | user=null | ip=null | op=WRITE_CHUNK {blockData=conID: 3 locID: 102670695851950510 bcsId: 1136} | ret=SUCCESS |  
2019-08-24 07:08:15,139 | INFO  | DNAudit | user=null | ip=null | op=PUT_BLOCK {blockData=[blockId=conID: 3 locID: 102670695851950510 bcsId: 0,size=4194304]} | ret=SUCCESS |  
2019-08-24 07:08:15,139 | INFO  | DNAudit | user=null | ip=null | op=WRITE_CHUNK {blockData=conID: 3 locID: 102670695851950510 bcsId: 1136} | ret=SUCCESS |  
2019-08-24 07:08:15,140 | INFO  | DNAudit | user=null | ip=null | op=PUT_BLOCK {blockData=[blockId=conID: 3 locID: 102670695851950510 bcsId: 0,size=4194304]} | ret=SUCCESS |  
2019-08-24 07:08:15,141 [grpc-default-executor-0] INFO  client.GrpcClientProtocolClient (GrpcClientProtocolClient.java:onNext(255)) - client-6EDD19400D46->06a4573b-67a1-41e3-a350-f896363bc636: receive RaftClientReply:client-6EDD19400D46->06a4573b-67a1-41e3-a350-f896363bc636@group-757E3781CD2A, cid=877, SUCCESS, logIndex=0, commits[06a4573b-67a1-41e3-a350-f896363bc636:c1140, 0b725bbf-683b-4664-9a2e-3c9dd6e38bc1:c1139, 9193e3b7-ae04-484d-a740-c65c11559486:c1139]
2019-08-24 07:08:15,151 | INFO  | DNAudit | user=null | ip=null | op=WRITE_CHUNK {blockData=conID: 1 locID: 102670695851950511 bcsId: 0} | ret=SUCCESS |  
2019-08-24 07:08:15,155 | INFO  | DNAudit | user=null | ip=null | op=WRITE_CHUNK {blockData=conID: 1 locID: 102670695851950511 bcsId: 0} | ret=SUCCESS |  
2019-08-24 07:08:15,155 | INFO  | DNAudit | user=null | ip=null | op=WRITE_CHUNK {blockData=conID: 1 locID: 102670695851950511 bcsId: 0} | ret=SUCCESS |  
2019-08-24 07:08:15,155 | INFO  | DNAudit | user=null | ip=null | op=WRITE_CHUNK {blockData=conID: 1 locID: 102670695851950511 bcsId: 0} | ret=SUCCESS |  
2019-08-24 07:08:15,158 | INFO  | DNAudit | user=null | ip=null | op=WRITE_CHUNK {blockData=conID: 1 locID: 102670695851950511 bcsId: 0} | ret=SUCCESS |  
2019-08-24 07:08:15,158 | INFO  | DNAudit | user=null | ip=null | op=WRITE_CHUNK {blockData=conID: 1 locID: 102670695851950511 bcsId: 0} | ret=SUCCESS |  
2019-08-24 07:08:15,176 | INFO  | DNAudit | user=null | ip=null | op=WRITE_CHUNK {blockData=conID: 1 locID: 102670695851950511 bcsId: 0} | ret=SUCCESS |  
2019-08-24 07:08:15,177 | INFO  | DNAudit | user=null | ip=null | op=PUT_BLOCK {blockData=[blockId=conID: 1 locID: 102670695851950511 bcsId: 0,size=1048576]} | ret=SUCCESS |  
2019-08-24 07:08:15,177 [grpc-default-executor-0] INFO  client.GrpcClientProtocolClient (GrpcClientProtocolClient.java:onNext(255)) - client-6EDD19400D46->06a4573b-67a1-41e3-a350-f896363bc636: receive RaftClientReply:client-6EDD19400D46->06a4573b-67a1-41e3-a350-f896363bc636@group-757E3781CD2A, cid=878, SUCCESS, logIndex=1142, commits[06a4573b-67a1-41e3-a350-f896363bc636:c1143, 0b725bbf-683b-4664-9a2e-3c9dd6e38bc1:c1141, 9193e3b7-ae04-484d-a740-c65c11559486:c1141]
2019-08-24 07:08:15,178 [grpc-default-executor-0] INFO  client.GrpcClientProtocolClient (GrpcClientProtocolClient.java:onNext(255)) - client-6EDD19400D46->06a4573b-67a1-41e3-a350-f896363bc636: receive RaftClientReply:client-6EDD19400D46->06a4573b-67a1-41e3-a350-f896363bc636@group-757E3781CD2A, cid=879, SUCCESS, logIndex=1143, commits[06a4573b-67a1-41e3-a350-f896363bc636:c1143, 0b725bbf-683b-4664-9a2e-3c9dd6e38bc1:c1141, 9193e3b7-ae04-484d-a740-c65c11559486:c1141]
2019-08-24 07:08:15,188 | INFO  | DNAudit | user=null | ip=null | op=WRITE_CHUNK {blockData=conID: 1 locID: 102670695851950511 bcsId: 0} | ret=SUCCESS |  
2019-08-24 07:08:15,189 | INFO  | DNAudit | user=null | ip=null | op=WRITE_CHUNK {blockData=conID: 1 locID: 102670695851950511 bcsId: 0} | ret=SUCCESS |  
2019-08-24 07:08:15,189 | INFO  | DNAudit | user=null | ip=null | op=PUT_BLOCK {blockData=[blockId=conID: 1 locID: 102670695851950511 bcsId: 0,size=2097152]} | ret=SUCCESS |  
2019-08-24 07:08:15,189 | INFO  | DNAudit | user=null | ip=null | op=PUT_BLOCK {blockData=[blockId=conID: 1 locID: 102670695851950511 bcsId: 0,size=1048576]} | ret=SUCCESS |  
2019-08-24 07:08:15,190 | INFO  | DNAudit | user=null | ip=null | op=WRITE_CHUNK {blockData=conID: 1 locID: 102670695851950511 bcsId: 0} | ret=SUCCESS |  
2019-08-24 07:08:15,190 | INFO  | DNAudit | user=null | ip=null | op=PUT_BLOCK {blockData=[blockId=conID: 1 locID: 102670695851950511 bcsId: 0,size=1048576]} | ret=SUCCESS |  
2019-08-24 07:08:15,190 [grpc-default-executor-2] INFO  client.GrpcClientProtocolClient (GrpcClientProtocolClient.java:onNext(255)) - client-6EDD19400D46->06a4573b-67a1-41e3-a350-f896363bc636: receive RaftClientReply:client-6EDD19400D46->06a4573b-67a1-41e3-a350-f896363bc636@group-757E3781CD2A, cid=880, SUCCESS, logIndex=1144, commits[06a4573b-67a1-41e3-a350-f896363bc636:c1145, 0b725bbf-683b-4664-9a2e-3c9dd6e38bc1:c1141, 9193e3b7-ae04-484d-a740-c65c11559486:c1141]
2019-08-24 07:08:15,191 [grpc-default-executor-2] INFO  client.GrpcClientProtocolClient (GrpcClientProtocolClient.java:onNext(255)) - client-6EDD19400D46->06a4573b-67a1-41e3-a350-f896363bc636: receive RaftClientReply:client-6EDD19400D46->06a4573b-67a1-41e3-a350-f896363bc636@group-757E3781CD2A, cid=881, SUCCESS, logIndex=1145, commits[06a4573b-67a1-41e3-a350-f896363bc636:c1146, 0b725bbf-683b-4664-9a2e-3c9dd6e38bc1:c1141, 9193e3b7-ae04-484d-a740-c65c11559486:c1143]
2019-08-24 07:08:15,193 | INFO  | DNAudit | user=null | ip=null | op=WRITE_CHUNK {blockData=conID: 1 locID: 102670695851950511 bcsId: 0} | ret=SUCCESS |  
2019-08-24 07:08:15,193 [grpc-default-executor-2] INFO  client.GrpcClientProtocolClient (GrpcClientProtocolClient.java:onNext(255)) - client-6EDD19400D46->06a4573b-67a1-41e3-a350-f896363bc636: receive RaftClientReply:client-6EDD19400D46->06a4573b-67a1-41e3-a350-f896363bc636@group-757E3781CD2A, cid=882, SUCCESS, logIndex=0, commits[06a4573b-67a1-41e3-a350-f896363bc636:c1147, 0b725bbf-683b-4664-9a2e-3c9dd6e38bc1:c1143, 9193e3b7-ae04-484d-a740-c65c11559486:c1143]
2019-08-24 07:08:15,193 | INFO  | DNAudit | user=null | ip=null | op=WRITE_CHUNK {blockData=conID: 1 locID: 102670695851950511 bcsId: 0} | ret=SUCCESS |  
2019-08-24 07:08:15,193 | INFO  | DNAudit | user=null | ip=null | op=PUT_BLOCK {blockData=[blockId=conID: 1 locID: 102670695851950511 bcsId: 0,size=2097152]} | ret=SUCCESS |  
2019-08-24 07:08:15,202 | INFO  | DNAudit | user=null | ip=null | op=WRITE_CHUNK {blockData=conID: 1 locID: 102670695851950511 bcsId: 1145} | ret=SUCCESS |  
2019-08-24 07:08:15,204 | INFO  | DNAudit | user=null | ip=null | op=PUT_BLOCK {blockData=[blockId=conID: 1 locID: 102670695851950511 bcsId: 0,size=2097152]} | ret=SUCCESS |  
2019-08-24 07:08:15,205 | INFO  | DNAudit | user=null | ip=null | op=WRITE_CHUNK {blockData=conID: 1 locID: 102670695851950511 bcsId: 1145} | ret=SUCCESS |  
2019-08-24 07:08:15,206 | INFO  | DNAudit | user=null | ip=null | op=WRITE_CHUNK {blockData=conID: 1 locID: 102670695851950511 bcsId: 1145} | ret=SUCCESS |  
2019-08-24 07:08:15,219 | INFO  | DNAudit | user=null | ip=null | op=WRITE_CHUNK {blockData=conID: 1 locID: 102670695851950511 bcsId: 1145} | ret=SUCCESS |  
2019-08-24 07:08:15,219 | INFO  | DNAudit | user=null | ip=null | op=PUT_BLOCK {blockData=[blockId=conID: 1 locID: 102670695851950511 bcsId: 0,size=3145728]} | ret=SUCCESS |  
2019-08-24 07:08:15,220 [grpc-default-executor-1] INFO  client.GrpcClientProtocolClient (GrpcClientProtocolClient.java:onNext(255)) - client-6EDD19400D46->06a4573b-67a1-41e3-a350-f896363bc636: receive RaftClientReply:client-6EDD19400D46->06a4573b-67a1-41e3-a350-f896363bc636@group-757E3781CD2A, cid=883, SUCCESS, logIndex=1150, commits[06a4573b-67a1-41e3-a350-f896363bc636:c1151, 0b725bbf-683b-4664-9a2e-3c9dd6e38bc1:c1149, 9193e3b7-ae04-484d-a740-c65c11559486:c1149]
2019-08-24 07:08:15,220 [grpc-default-executor-1] INFO  client.GrpcClientProtocolClient (GrpcClientProtocolClient.java:onNext(255)) - client-6EDD19400D46->06a4573b-67a1-41e3-a350-f896363bc636: receive RaftClientReply:client-6EDD19400D46->06a4573b-67a1-41e3-a350-f896363bc636@group-757E3781CD2A, cid=884, SUCCESS, logIndex=1151, commits[06a4573b-67a1-41e3-a350-f896363bc636:c1151, 0b725bbf-683b-4664-9a2e-3c9dd6e38bc1:c1149, 9193e3b7-ae04-484d-a740-c65c11559486:c1149]
2019-08-24 07:08:15,228 | INFO  | DNAudit | user=null | ip=null | op=WRITE_CHUNK {blockData=conID: 1 locID: 102670695851950511 bcsId: 1151} | ret=SUCCESS |  
2019-08-24 07:08:15,230 | INFO  | DNAudit | user=null | ip=null | op=WRITE_CHUNK {blockData=conID: 1 locID: 102670695851950511 bcsId: 1145} | ret=SUCCESS |  
2019-08-24 07:08:15,231 | INFO  | DNAudit | user=null | ip=null | op=WRITE_CHUNK {blockData=conID: 1 locID: 102670695851950511 bcsId: 1145} | ret=SUCCESS |  
2019-08-24 07:08:15,231 | INFO  | DNAudit | user=null | ip=null | op=PUT_BLOCK {blockData=[blockId=conID: 1 locID: 102670695851950511 bcsId: 0,size=3145728]} | ret=SUCCESS |  
2019-08-24 07:08:15,231 | INFO  | DNAudit | user=null | ip=null | op=PUT_BLOCK {blockData=[blockId=conID: 1 locID: 102670695851950511 bcsId: 0,size=3145728]} | ret=SUCCESS |  
2019-08-24 07:08:15,233 | INFO  | DNAudit | user=null | ip=null | op=WRITE_CHUNK {blockData=conID: 1 locID: 102670695851950511 bcsId: 1151} | ret=SUCCESS |  
2019-08-24 07:08:15,234 | INFO  | DNAudit | user=null | ip=null | op=WRITE_CHUNK {blockData=conID: 1 locID: 102670695851950511 bcsId: 1151} | ret=SUCCESS |  
2019-08-24 07:08:15,246 | INFO  | DNAudit | user=null | ip=null | op=WRITE_CHUNK {blockData=conID: 1 locID: 102670695851950511 bcsId: 1151} | ret=SUCCESS |  
2019-08-24 07:08:15,247 | INFO  | DNAudit | user=null | ip=null | op=PUT_BLOCK {blockData=[blockId=conID: 1 locID: 102670695851950511 bcsId: 0,size=4194304]} | ret=SUCCESS |  
2019-08-24 07:08:15,247 [grpc-default-executor-1] INFO  client.GrpcClientProtocolClient (GrpcClientProtocolClient.java:onNext(255)) - client-6EDD19400D46->06a4573b-67a1-41e3-a350-f896363bc636: receive RaftClientReply:client-6EDD19400D46->06a4573b-67a1-41e3-a350-f896363bc636@group-757E3781CD2A, cid=885, SUCCESS, logIndex=1154, commits[06a4573b-67a1-41e3-a350-f896363bc636:c1155, 0b725bbf-683b-4664-9a2e-3c9dd6e38bc1:c1151, 9193e3b7-ae04-484d-a740-c65c11559486:c1151]
2019-08-24 07:08:15,248 [grpc-default-executor-1] INFO  client.GrpcClientProtocolClient (GrpcClientProtocolClient.java:onNext(255)) - client-6EDD19400D46->06a4573b-67a1-41e3-a350-f896363bc636: receive RaftClientReply:client-6EDD19400D46->06a4573b-67a1-41e3-a350-f896363bc636@group-757E3781CD2A, cid=886, SUCCESS, logIndex=1155, commits[06a4573b-67a1-41e3-a350-f896363bc636:c1155, 0b725bbf-683b-4664-9a2e-3c9dd6e38bc1:c1151, 9193e3b7-ae04-484d-a740-c65c11559486:c1151]
2019-08-24 07:08:15,248 | INFO  | DNAudit | user=null | ip=null | op=WRITE_CHUNK {blockData=conID: 1 locID: 102670695851950511 bcsId: 1151} | ret=SUCCESS |  
2019-08-24 07:08:15,248 | INFO  | DNAudit | user=null | ip=null | op=PUT_BLOCK {blockData=[blockId=conID: 1 locID: 102670695851950511 bcsId: 0,size=4194304]} | ret=SUCCESS |  
2019-08-24 07:08:15,249 | INFO  | DNAudit | user=null | ip=null | op=WRITE_CHUNK {blockData=conID: 1 locID: 102670695851950511 bcsId: 1151} | ret=SUCCESS |  
2019-08-24 07:08:15,249 | INFO  | DNAudit | user=null | ip=null | op=PUT_BLOCK {blockData=[blockId=conID: 1 locID: 102670695851950511 bcsId: 0,size=4194304]} | ret=SUCCESS |  
2019-08-24 07:08:15,249 [grpc-default-executor-1] INFO  client.GrpcClientProtocolClient (GrpcClientProtocolClient.java:onNext(255)) - client-6EDD19400D46->06a4573b-67a1-41e3-a350-f896363bc636: receive RaftClientReply:client-6EDD19400D46->06a4573b-67a1-41e3-a350-f896363bc636@group-757E3781CD2A, cid=887, SUCCESS, logIndex=0, commits[06a4573b-67a1-41e3-a350-f896363bc636:c1156, 0b725bbf-683b-4664-9a2e-3c9dd6e38bc1:c1155, 9193e3b7-ae04-484d-a740-c65c11559486:c1155]
2019-08-24 07:08:15,258 | INFO  | DNAudit | user=null | ip=null | op=WRITE_CHUNK {blockData=conID: 2 locID: 102670695851950512 bcsId: 0} | ret=SUCCESS |  
2019-08-24 07:08:15,259 | INFO  | DNAudit | user=null | ip=null | op=WRITE_CHUNK {blockData=conID: 2 locID: 102670695851950512 bcsId: 0} | ret=SUCCESS |  
2019-08-24 07:08:15,261 | INFO  | DNAudit | user=null | ip=null | op=WRITE_CHUNK {blockData=conID: 2 locID: 102670695851950512 bcsId: 0} | ret=SUCCESS |  
2019-08-24 07:08:15,262 | INFO  | DNAudit | user=null | ip=null | op=WRITE_CHUNK {blockData=conID: 2 locID: 102670695851950512 bcsId: 0} | ret=SUCCESS |  
2019-08-24 07:08:15,264 | INFO  | DNAudit | user=null | ip=null | op=WRITE_CHUNK {blockData=conID: 2 locID: 102670695851950512 bcsId: 0} | ret=SUCCESS |  
2019-08-24 07:08:15,265 | INFO  | DNAudit | user=null | ip=null | op=WRITE_CHUNK {blockData=conID: 2 locID: 102670695851950512 bcsId: 0} | ret=SUCCESS |  
2019-08-24 07:08:15,286 | INFO  | DNAudit | user=null | ip=null | op=WRITE_CHUNK {blockData=conID: 2 locID: 102670695851950512 bcsId: 0} | ret=SUCCESS |  
2019-08-24 07:08:15,287 | INFO  | DNAudit | user=null | ip=null | op=PUT_BLOCK {blockData=[blockId=conID: 2 locID: 102670695851950512 bcsId: 0,size=1048576]} | ret=SUCCESS |  
2019-08-24 07:08:15,287 [grpc-default-executor-1] INFO  client.GrpcClientProtocolClient (GrpcClientProtocolClient.java:onNext(255)) - client-6EDD19400D46->06a4573b-67a1-41e3-a350-f896363bc636: receive RaftClientReply:client-6EDD19400D46->06a4573b-67a1-41e3-a350-f896363bc636@group-757E3781CD2A, cid=888, SUCCESS, logIndex=1158, commits[06a4573b-67a1-41e3-a350-f896363bc636:c1159, 0b725bbf-683b-4664-9a2e-3c9dd6e38bc1:c1157, 9193e3b7-ae04-484d-a740-c65c11559486:c1157]
2019-08-24 07:08:15,288 [grpc-default-executor-1] INFO  client.GrpcClientProtocolClient (GrpcClientProtocolClient.java:onNext(255)) - client-6EDD19400D46->06a4573b-67a1-41e3-a350-f896363bc636: receive RaftClientReply:client-6EDD19400D46->06a4573b-67a1-41e3-a350-f896363bc636@group-757E3781CD2A, cid=889, SUCCESS, logIndex=1159, commits[06a4573b-67a1-41e3-a350-f896363bc636:c1159, 0b725bbf-683b-4664-9a2e-3c9dd6e38bc1:c1157, 9193e3b7-ae04-484d-a740-c65c11559486:c1157]
2019-08-24 07:08:15,297 | INFO  | DNAudit | user=null | ip=null | op=WRITE_CHUNK {blockData=conID: 2 locID: 102670695851950512 bcsId: 0} | ret=SUCCESS |  
2019-08-24 07:08:15,297 | INFO  | DNAudit | user=null | ip=null | op=PUT_BLOCK {blockData=[blockId=conID: 2 locID: 102670695851950512 bcsId: 0,size=2097152]} | ret=SUCCESS |  
2019-08-24 07:08:15,298 [grpc-default-executor-0] INFO  client.GrpcClientProtocolClient (GrpcClientProtocolClient.java:onNext(255)) - client-6EDD19400D46->06a4573b-67a1-41e3-a350-f896363bc636: receive RaftClientReply:client-6EDD19400D46->06a4573b-67a1-41e3-a350-f896363bc636@group-757E3781CD2A, cid=890, SUCCESS, logIndex=1160, commits[06a4573b-67a1-41e3-a350-f896363bc636:c1161, 0b725bbf-683b-4664-9a2e-3c9dd6e38bc1:c1157, 9193e3b7-ae04-484d-a740-c65c11559486:c1157]
2019-08-24 07:08:15,298 [grpc-default-executor-0] INFO  client.GrpcClientProtocolClient (GrpcClientProtocolClient.java:onNext(255)) - client-6EDD19400D46->06a4573b-67a1-41e3-a350-f896363bc636: receive RaftClientReply:client-6EDD19400D46->06a4573b-67a1-41e3-a350-f896363bc636@group-757E3781CD2A, cid=891, SUCCESS, logIndex=1161, commits[06a4573b-67a1-41e3-a350-f896363bc636:c1161, 0b725bbf-683b-4664-9a2e-3c9dd6e38bc1:c1157, 9193e3b7-ae04-484d-a740-c65c11559486:c1157]
2019-08-24 07:08:15,308 | INFO  | DNAudit | user=null | ip=null | op=WRITE_CHUNK {blockData=conID: 2 locID: 102670695851950512 bcsId: 0} | ret=SUCCESS |  
2019-08-24 07:08:15,308 | INFO  | DNAudit | user=null | ip=null | op=PUT_BLOCK {blockData=[blockId=conID: 2 locID: 102670695851950512 bcsId: 0,size=1048576]} | ret=SUCCESS |  
2019-08-24 07:08:15,308 | INFO  | DNAudit | user=null | ip=null | op=WRITE_CHUNK {blockData=conID: 2 locID: 102670695851950512 bcsId: 0} | ret=SUCCESS |  
2019-08-24 07:08:15,309 | INFO  | DNAudit | user=null | ip=null | op=WRITE_CHUNK {blockData=conID: 2 locID: 102670695851950512 bcsId: 0} | ret=SUCCESS |  
2019-08-24 07:08:15,309 | INFO  | DNAudit | user=null | ip=null | op=PUT_BLOCK {blockData=[blockId=conID: 2 locID: 102670695851950512 bcsId: 0,size=1048576]} | ret=SUCCESS |  
2019-08-24 07:08:15,309 | INFO  | DNAudit | user=null | ip=null | op=PUT_BLOCK {blockData=[blockId=conID: 2 locID: 102670695851950512 bcsId: 0,size=2097152]} | ret=SUCCESS |  
2019-08-24 07:08:15,309 [grpc-default-executor-0] INFO  client.GrpcClientProtocolClient (GrpcClientProtocolClient.java:onNext(255)) - client-6EDD19400D46->06a4573b-67a1-41e3-a350-f896363bc636: receive RaftClientReply:client-6EDD19400D46->06a4573b-67a1-41e3-a350-f896363bc636@group-757E3781CD2A, cid=892, SUCCESS, logIndex=0, commits[06a4573b-67a1-41e3-a350-f896363bc636:c1163, 0b725bbf-683b-4664-9a2e-3c9dd6e38bc1:c1159, 9193e3b7-ae04-484d-a740-c65c11559486:c1159]
2019-08-24 07:08:15,311 | INFO  | DNAudit | user=null | ip=null | op=WRITE_CHUNK {blockData=conID: 2 locID: 102670695851950512 bcsId: 0} | ret=SUCCESS |  
2019-08-24 07:08:15,311 | INFO  | DNAudit | user=null | ip=null | op=PUT_BLOCK {blockData=[blockId=conID: 2 locID: 102670695851950512 bcsId: 0,size=2097152]} | ret=SUCCESS |  
2019-08-24 07:08:15,316 | INFO  | DNAudit | user=null | ip=null | op=WRITE_CHUNK {blockData=conID: 2 locID: 102670695851950512 bcsId: 1161} | ret=SUCCESS |  
2019-08-24 07:08:15,320 | INFO  | DNAudit | user=null | ip=null | op=WRITE_CHUNK {blockData=conID: 2 locID: 102670695851950512 bcsId: 1161} | ret=SUCCESS |  
2019-08-24 07:08:15,320 | INFO  | DNAudit | user=null | ip=null | op=WRITE_CHUNK {blockData=conID: 2 locID: 102670695851950512 bcsId: 1161} | ret=SUCCESS |  
2019-08-24 07:08:15,324 | INFO  | DNAudit | user=null | ip=null | op=WRITE_CHUNK {blockData=conID: 2 locID: 102670695851950512 bcsId: 1161} | ret=SUCCESS |  
2019-08-24 07:08:15,325 | INFO  | DNAudit | user=null | ip=null | op=PUT_BLOCK {blockData=[blockId=conID: 2 locID: 102670695851950512 bcsId: 0,size=3145728]} | ret=SUCCESS |  
2019-08-24 07:08:15,325 [grpc-default-executor-0] INFO  client.GrpcClientProtocolClient (GrpcClientProtocolClient.java:onNext(255)) - client-6EDD19400D46->06a4573b-67a1-41e3-a350-f896363bc636: receive RaftClientReply:client-6EDD19400D46->06a4573b-67a1-41e3-a350-f896363bc636@group-757E3781CD2A, cid=893, SUCCESS, logIndex=1166, commits[06a4573b-67a1-41e3-a350-f896363bc636:c1167, 0b725bbf-683b-4664-9a2e-3c9dd6e38bc1:c1165, 9193e3b7-ae04-484d-a740-c65c11559486:c1165]
2019-08-24 07:08:15,326 [grpc-default-executor-0] INFO  client.GrpcClientProtocolClient (GrpcClientProtocolClient.java:onNext(255)) - client-6EDD19400D46->06a4573b-67a1-41e3-a350-f896363bc636: receive RaftClientReply:client-6EDD19400D46->06a4573b-67a1-41e3-a350-f896363bc636@group-757E3781CD2A, cid=894, SUCCESS, logIndex=1167, commits[06a4573b-67a1-41e3-a350-f896363bc636:c1167, 0b725bbf-683b-4664-9a2e-3c9dd6e38bc1:c1165, 9193e3b7-ae04-484d-a740-c65c11559486:c1165]
2019-08-24 07:08:15,332 | INFO  | DNAudit | user=null | ip=null | op=WRITE_CHUNK {blockData=conID: 2 locID: 102670695851950512 bcsId: 1167} | ret=SUCCESS |  
2019-08-24 07:08:15,336 | INFO  | DNAudit | user=null | ip=null | op=WRITE_CHUNK {blockData=conID: 2 locID: 102670695851950512 bcsId: 1161} | ret=SUCCESS |  
2019-08-24 07:08:15,336 | INFO  | DNAudit | user=null | ip=null | op=WRITE_CHUNK {blockData=conID: 2 locID: 102670695851950512 bcsId: 1161} | ret=SUCCESS |  
2019-08-24 07:08:15,337 | INFO  | DNAudit | user=null | ip=null | op=WRITE_CHUNK {blockData=conID: 2 locID: 102670695851950512 bcsId: 1167} | ret=SUCCESS |  
2019-08-24 07:08:15,337 | INFO  | DNAudit | user=null | ip=null | op=WRITE_CHUNK {blockData=conID: 2 locID: 102670695851950512 bcsId: 1167} | ret=SUCCESS |  
2019-08-24 07:08:15,337 | INFO  | DNAudit | user=null | ip=null | op=PUT_BLOCK {blockData=[blockId=conID: 2 locID: 102670695851950512 bcsId: 0,size=3145728]} | ret=SUCCESS |  
2019-08-24 07:08:15,337 | INFO  | DNAudit | user=null | ip=null | op=PUT_BLOCK {blockData=[blockId=conID: 2 locID: 102670695851950512 bcsId: 0,size=3145728]} | ret=SUCCESS |  
2019-08-24 07:08:15,349 | INFO  | DNAudit | user=null | ip=null | op=WRITE_CHUNK {blockData=conID: 2 locID: 102670695851950512 bcsId: 1167} | ret=SUCCESS |  
2019-08-24 07:08:15,349 | INFO  | DNAudit | user=null | ip=null | op=PUT_BLOCK {blockData=[blockId=conID: 2 locID: 102670695851950512 bcsId: 0,size=4194304]} | ret=SUCCESS |  
2019-08-24 07:08:15,350 [grpc-default-executor-2] INFO  client.GrpcClientProtocolClient (GrpcClientProtocolClient.java:onNext(255)) - client-6EDD19400D46->06a4573b-67a1-41e3-a350-f896363bc636: receive RaftClientReply:client-6EDD19400D46->06a4573b-67a1-41e3-a350-f896363bc636@group-757E3781CD2A, cid=895, SUCCESS, logIndex=1170, commits[06a4573b-67a1-41e3-a350-f896363bc636:c1171, 0b725bbf-683b-4664-9a2e-3c9dd6e38bc1:c1167, 9193e3b7-ae04-484d-a740-c65c11559486:c1167]
2019-08-24 07:08:15,350 | INFO  | DNAudit | user=null | ip=null | op=WRITE_CHUNK {blockData=conID: 2 locID: 102670695851950512 bcsId: 1167} | ret=SUCCESS |  
2019-08-24 07:08:15,351 | INFO  | DNAudit | user=null | ip=null | op=WRITE_CHUNK {blockData=conID: 2 locID: 102670695851950512 bcsId: 1167} | ret=SUCCESS |  
2019-08-24 07:08:15,350 [grpc-default-executor-0] INFO  client.GrpcClientProtocolClient (GrpcClientProtocolClient.java:onNext(255)) - client-6EDD19400D46->06a4573b-67a1-41e3-a350-f896363bc636: receive RaftClientReply:client-6EDD19400D46->06a4573b-67a1-41e3-a350-f896363bc636@group-757E3781CD2A, cid=896, SUCCESS, logIndex=1171, commits[06a4573b-67a1-41e3-a350-f896363bc636:c1171, 0b725bbf-683b-4664-9a2e-3c9dd6e38bc1:c1167, 9193e3b7-ae04-484d-a740-c65c11559486:c1167]
2019-08-24 07:08:15,351 | INFO  | DNAudit | user=null | ip=null | op=PUT_BLOCK {blockData=[blockId=conID: 2 locID: 102670695851950512 bcsId: 0,size=4194304]} | ret=SUCCESS |  
2019-08-24 07:08:15,351 | INFO  | DNAudit | user=null | ip=null | op=PUT_BLOCK {blockData=[blockId=conID: 2 locID: 102670695851950512 bcsId: 0,size=4194304]} | ret=SUCCESS |  
2019-08-24 07:08:15,352 [grpc-default-executor-2] INFO  client.GrpcClientProtocolClient (GrpcClientProtocolClient.java:onNext(255)) - client-6EDD19400D46->06a4573b-67a1-41e3-a350-f896363bc636: receive RaftClientReply:client-6EDD19400D46->06a4573b-67a1-41e3-a350-f896363bc636@group-757E3781CD2A, cid=897, SUCCESS, logIndex=0, commits[06a4573b-67a1-41e3-a350-f896363bc636:c1173, 0b725bbf-683b-4664-9a2e-3c9dd6e38bc1:c1171, 9193e3b7-ae04-484d-a740-c65c11559486:c1171]
2019-08-24 07:08:15,359 | INFO  | DNAudit | user=null | ip=null | op=WRITE_CHUNK {blockData=conID: 3 locID: 102670695851950513 bcsId: 0} | ret=SUCCESS |  
2019-08-24 07:08:15,361 | INFO  | DNAudit | user=null | ip=null | op=WRITE_CHUNK {blockData=conID: 3 locID: 102670695851950513 bcsId: 0} | ret=SUCCESS |  
2019-08-24 07:08:15,362 | INFO  | DNAudit | user=null | ip=null | op=WRITE_CHUNK {blockData=conID: 3 locID: 102670695851950513 bcsId: 0} | ret=SUCCESS |  
2019-08-24 07:08:15,363 | INFO  | DNAudit | user=null | ip=null | op=WRITE_CHUNK {blockData=conID: 3 locID: 102670695851950513 bcsId: 0} | ret=SUCCESS |  
2019-08-24 07:08:15,365 | INFO  | DNAudit | user=null | ip=null | op=WRITE_CHUNK {blockData=conID: 3 locID: 102670695851950513 bcsId: 0} | ret=SUCCESS |  
2019-08-24 07:08:15,365 | INFO  | DNAudit | user=null | ip=null | op=WRITE_CHUNK {blockData=conID: 3 locID: 102670695851950513 bcsId: 0} | ret=SUCCESS |  
2019-08-24 07:08:15,371 | INFO  | DNAudit | user=null | ip=null | op=WRITE_CHUNK {blockData=conID: 3 locID: 102670695851950513 bcsId: 0} | ret=SUCCESS |  
2019-08-24 07:08:15,372 | INFO  | DNAudit | user=null | ip=null | op=PUT_BLOCK {blockData=[blockId=conID: 3 locID: 102670695851950513 bcsId: 0,size=1048576]} | ret=SUCCESS |  
2019-08-24 07:08:15,372 | INFO  | DNAudit | user=null | ip=null | op=WRITE_CHUNK {blockData=conID: 3 locID: 102670695851950513 bcsId: 0} | ret=SUCCESS |  
2019-08-24 07:08:15,372 [grpc-default-executor-1] INFO  client.GrpcClientProtocolClient (GrpcClientProtocolClient.java:onNext(255)) - client-6EDD19400D46->06a4573b-67a1-41e3-a350-f896363bc636: receive RaftClientReply:client-6EDD19400D46->06a4573b-67a1-41e3-a350-f896363bc636@group-757E3781CD2A, cid=898, SUCCESS, logIndex=1174, commits[06a4573b-67a1-41e3-a350-f896363bc636:c1175, 0b725bbf-683b-4664-9a2e-3c9dd6e38bc1:c1173, 9193e3b7-ae04-484d-a740-c65c11559486:c1173]
2019-08-24 07:08:15,373 | INFO  | DNAudit | user=null | ip=null | op=PUT_BLOCK {blockData=[blockId=conID: 3 locID: 102670695851950513 bcsId: 0,size=2097152]} | ret=SUCCESS |  
2019-08-24 07:08:15,373 [grpc-default-executor-1] INFO  client.GrpcClientProtocolClient (GrpcClientProtocolClient.java:onNext(255)) - client-6EDD19400D46->06a4573b-67a1-41e3-a350-f896363bc636: receive RaftClientReply:client-6EDD19400D46->06a4573b-67a1-41e3-a350-f896363bc636@group-757E3781CD2A, cid=899, SUCCESS, logIndex=1175, commits[06a4573b-67a1-41e3-a350-f896363bc636:c1175, 0b725bbf-683b-4664-9a2e-3c9dd6e38bc1:c1173, 9193e3b7-ae04-484d-a740-c65c11559486:c1173]
2019-08-24 07:08:15,373 [grpc-default-executor-1] INFO  client.GrpcClientProtocolClient (GrpcClientProtocolClient.java:onNext(255)) - client-6EDD19400D46->06a4573b-67a1-41e3-a350-f896363bc636: receive RaftClientReply:client-6EDD19400D46->06a4573b-67a1-41e3-a350-f896363bc636@group-757E3781CD2A, cid=900, SUCCESS, logIndex=1176, commits[06a4573b-67a1-41e3-a350-f896363bc636:c1177, 0b725bbf-683b-4664-9a2e-3c9dd6e38bc1:c1173, 9193e3b7-ae04-484d-a740-c65c11559486:c1173]
2019-08-24 07:08:15,374 [grpc-default-executor-1] INFO  client.GrpcClientProtocolClient (GrpcClientProtocolClient.java:onNext(255)) - client-6EDD19400D46->06a4573b-67a1-41e3-a350-f896363bc636: receive RaftClientReply:client-6EDD19400D46->06a4573b-67a1-41e3-a350-f896363bc636@group-757E3781CD2A, cid=901, SUCCESS, logIndex=1177, commits[06a4573b-67a1-41e3-a350-f896363bc636:c1177, 0b725bbf-683b-4664-9a2e-3c9dd6e38bc1:c1173, 9193e3b7-ae04-484d-a740-c65c11559486:c1173]
2019-08-24 07:08:15,385 | INFO  | DNAudit | user=null | ip=null | op=WRITE_CHUNK {blockData=conID: 3 locID: 102670695851950513 bcsId: 0} | ret=SUCCESS |  
2019-08-24 07:08:15,385 | INFO  | DNAudit | user=null | ip=null | op=PUT_BLOCK {blockData=[blockId=conID: 3 locID: 102670695851950513 bcsId: 0,size=1048576]} | ret=SUCCESS |  
2019-08-24 07:08:15,386 | INFO  | DNAudit | user=null | ip=null | op=WRITE_CHUNK {blockData=conID: 3 locID: 102670695851950513 bcsId: 0} | ret=SUCCESS |  
2019-08-24 07:08:15,386 | INFO  | DNAudit | user=null | ip=null | op=WRITE_CHUNK {blockData=conID: 3 locID: 102670695851950513 bcsId: 0} | ret=SUCCESS |  
2019-08-24 07:08:15,386 | INFO  | DNAudit | user=null | ip=null | op=PUT_BLOCK {blockData=[blockId=conID: 3 locID: 102670695851950513 bcsId: 0,size=1048576]} | ret=SUCCESS |  
2019-08-24 07:08:15,386 | INFO  | DNAudit | user=null | ip=null | op=PUT_BLOCK {blockData=[blockId=conID: 3 locID: 102670695851950513 bcsId: 0,size=2097152]} | ret=SUCCESS |  
2019-08-24 07:08:15,386 | INFO  | DNAudit | user=null | ip=null | op=WRITE_CHUNK {blockData=conID: 3 locID: 102670695851950513 bcsId: 0} | ret=SUCCESS |  
2019-08-24 07:08:15,387 | INFO  | DNAudit | user=null | ip=null | op=PUT_BLOCK {blockData=[blockId=conID: 3 locID: 102670695851950513 bcsId: 0,size=2097152]} | ret=SUCCESS |  
2019-08-24 07:08:15,387 [grpc-default-executor-1] INFO  client.GrpcClientProtocolClient (GrpcClientProtocolClient.java:onNext(255)) - client-6EDD19400D46->06a4573b-67a1-41e3-a350-f896363bc636: receive RaftClientReply:client-6EDD19400D46->06a4573b-67a1-41e3-a350-f896363bc636@group-757E3781CD2A, cid=902, SUCCESS, logIndex=0, commits[06a4573b-67a1-41e3-a350-f896363bc636:c1179, 0b725bbf-683b-4664-9a2e-3c9dd6e38bc1:c1175, 9193e3b7-ae04-484d-a740-c65c11559486:c1175]
2019-08-24 07:08:15,393 | INFO  | DNAudit | user=null | ip=null | op=WRITE_CHUNK {blockData=conID: 3 locID: 102670695851950513 bcsId: 1177} | ret=SUCCESS |  
2019-08-24 07:08:15,397 | INFO  | DNAudit | user=null | ip=null | op=WRITE_CHUNK {blockData=conID: 3 locID: 102670695851950513 bcsId: 1177} | ret=SUCCESS |  
2019-08-24 07:08:15,397 | INFO  | DNAudit | user=null | ip=null | op=WRITE_CHUNK {blockData=conID: 3 locID: 102670695851950513 bcsId: 1177} | ret=SUCCESS |  
2019-08-24 07:08:15,404 | INFO  | DNAudit | user=null | ip=null | op=WRITE_CHUNK {blockData=conID: 3 locID: 102670695851950513 bcsId: 1177} | ret=SUCCESS |  
2019-08-24 07:08:15,404 | INFO  | DNAudit | user=null | ip=null | op=PUT_BLOCK {blockData=[blockId=conID: 3 locID: 102670695851950513 bcsId: 0,size=3145728]} | ret=SUCCESS |  
2019-08-24 07:08:15,405 [grpc-default-executor-1] INFO  client.GrpcClientProtocolClient (GrpcClientProtocolClient.java:onNext(255)) - client-6EDD19400D46->06a4573b-67a1-41e3-a350-f896363bc636: receive RaftClientReply:client-6EDD19400D46->06a4573b-67a1-41e3-a350-f896363bc636@group-757E3781CD2A, cid=903, SUCCESS, logIndex=1182, commits[06a4573b-67a1-41e3-a350-f896363bc636:c1183, 0b725bbf-683b-4664-9a2e-3c9dd6e38bc1:c1181, 9193e3b7-ae04-484d-a740-c65c11559486:c1181]
2019-08-24 07:08:15,405 [grpc-default-executor-1] INFO  client.GrpcClientProtocolClient (GrpcClientProtocolClient.java:onNext(255)) - client-6EDD19400D46->06a4573b-67a1-41e3-a350-f896363bc636: receive RaftClientReply:client-6EDD19400D46->06a4573b-67a1-41e3-a350-f896363bc636@group-757E3781CD2A, cid=904, SUCCESS, logIndex=1183, commits[06a4573b-67a1-41e3-a350-f896363bc636:c1183, 0b725bbf-683b-4664-9a2e-3c9dd6e38bc1:c1181, 9193e3b7-ae04-484d-a740-c65c11559486:c1181]
2019-08-24 07:08:15,411 | INFO  | DNAudit | user=null | ip=null | op=WRITE_CHUNK {blockData=conID: 3 locID: 102670695851950513 bcsId: 1183} | ret=SUCCESS |  
2019-08-24 07:08:15,414 | INFO  | DNAudit | user=null | ip=null | op=WRITE_CHUNK {blockData=conID: 3 locID: 102670695851950513 bcsId: 1177} | ret=SUCCESS |  
2019-08-24 07:08:15,414 | INFO  | DNAudit | user=null | ip=null | op=WRITE_CHUNK {blockData=conID: 3 locID: 102670695851950513 bcsId: 1177} | ret=SUCCESS |  
2019-08-24 07:08:15,415 | INFO  | DNAudit | user=null | ip=null | op=WRITE_CHUNK {blockData=conID: 3 locID: 102670695851950513 bcsId: 1183} | ret=SUCCESS |  
2019-08-24 07:08:15,415 | INFO  | DNAudit | user=null | ip=null | op=PUT_BLOCK {blockData=[blockId=conID: 3 locID: 102670695851950513 bcsId: 0,size=3145728]} | ret=SUCCESS |  
2019-08-24 07:08:15,415 | INFO  | DNAudit | user=null | ip=null | op=WRITE_CHUNK {blockData=conID: 3 locID: 102670695851950513 bcsId: 1183} | ret=SUCCESS |  
2019-08-24 07:08:15,425 | INFO  | DNAudit | user=null | ip=null | op=PUT_BLOCK {blockData=[blockId=conID: 3 locID: 102670695851950513 bcsId: 0,size=3145728]} | ret=SUCCESS |  
2019-08-24 07:08:15,425 | INFO  | DNAudit | user=null | ip=null | op=WRITE_CHUNK {blockData=conID: 3 locID: 102670695851950513 bcsId: 1183} | ret=SUCCESS |  
2019-08-24 07:08:15,425 | INFO  | DNAudit | user=null | ip=null | op=PUT_BLOCK {blockData=[blockId=conID: 3 locID: 102670695851950513 bcsId: 0,size=4194304]} | ret=SUCCESS |  
2019-08-24 07:08:15,426 [grpc-default-executor-0] INFO  client.GrpcClientProtocolClient (GrpcClientProtocolClient.java:onNext(255)) - client-6EDD19400D46->06a4573b-67a1-41e3-a350-f896363bc636: receive RaftClientReply:client-6EDD19400D46->06a4573b-67a1-41e3-a350-f896363bc636@group-757E3781CD2A, cid=905, SUCCESS, logIndex=1186, commits[06a4573b-67a1-41e3-a350-f896363bc636:c1187, 0b725bbf-683b-4664-9a2e-3c9dd6e38bc1:c1183, 9193e3b7-ae04-484d-a740-c65c11559486:c1183]
2019-08-24 07:08:15,426 [grpc-default-executor-0] INFO  client.GrpcClientProtocolClient (GrpcClientProtocolClient.java:onNext(255)) - client-6EDD19400D46->06a4573b-67a1-41e3-a350-f896363bc636: receive RaftClientReply:client-6EDD19400D46->06a4573b-67a1-41e3-a350-f896363bc636@group-757E3781CD2A, cid=906, SUCCESS, logIndex=1187, commits[06a4573b-67a1-41e3-a350-f896363bc636:c1187, 0b725bbf-683b-4664-9a2e-3c9dd6e38bc1:c1183, 9193e3b7-ae04-484d-a740-c65c11559486:c1183]
2019-08-24 07:08:15,428 | INFO  | DNAudit | user=null | ip=null | op=WRITE_CHUNK {blockData=conID: 3 locID: 102670695851950513 bcsId: 1183} | ret=SUCCESS |  
2019-08-24 07:08:15,428 | INFO  | DNAudit | user=null | ip=null | op=WRITE_CHUNK {blockData=conID: 3 locID: 102670695851950513 bcsId: 1183} | ret=SUCCESS |  
2019-08-24 07:08:15,428 | INFO  | DNAudit | user=null | ip=null | op=PUT_BLOCK {blockData=[blockId=conID: 3 locID: 102670695851950513 bcsId: 0,size=4194304]} | ret=SUCCESS |  
2019-08-24 07:08:15,429 | INFO  | SCMAudit | user=jenkins1000 | ip=192.168.69.125 | op=SEND_HEARTBEAT {datanodeUUID=06a4573b-67a1-41e3-a350-f896363bc636, command=[]} | ret=SUCCESS |  
2019-08-24 07:08:15,429 | INFO  | SCMAudit | user=jenkins1000 | ip=192.168.69.125 | op=SEND_HEARTBEAT {datanodeUUID=0b725bbf-683b-4664-9a2e-3c9dd6e38bc1, command=[]} | ret=SUCCESS |  
2019-08-24 07:08:15,429 | INFO  | SCMAudit | user=jenkins1000 | ip=192.168.69.125 | op=SEND_HEARTBEAT {datanodeUUID=9193e3b7-ae04-484d-a740-c65c11559486, command=[]} | ret=SUCCESS |  
2019-08-24 07:08:15,429 | INFO  | SCMAudit | user=jenkins1000 | ip=192.168.69.125 | op=SEND_HEARTBEAT {datanodeUUID=25ce0803-6f34-4c69-82c0-892f08679042, command=[]} | ret=SUCCESS |  
2019-08-24 07:08:15,429 | INFO  | DNAudit | user=null | ip=null | op=PUT_BLOCK {blockData=[blockId=conID: 3 locID: 102670695851950513 bcsId: 0,size=4194304]} | ret=SUCCESS |  
2019-08-24 07:08:15,429 [grpc-default-executor-0] INFO  client.GrpcClientProtocolClient (GrpcClientProtocolClient.java:onNext(255)) - client-6EDD19400D46->06a4573b-67a1-41e3-a350-f896363bc636: receive RaftClientReply:client-6EDD19400D46->06a4573b-67a1-41e3-a350-f896363bc636@group-757E3781CD2A, cid=907, SUCCESS, logIndex=0, commits[06a4573b-67a1-41e3-a350-f896363bc636:c1188, 0b725bbf-683b-4664-9a2e-3c9dd6e38bc1:c1187, 9193e3b7-ae04-484d-a740-c65c11559486:c1187]
2019-08-24 07:08:15,435 | INFO  | DNAudit | user=null | ip=null | op=WRITE_CHUNK {blockData=conID: 1 locID: 102670695851950514 bcsId: 0} | ret=SUCCESS |  
2019-08-24 07:08:15,439 | INFO  | DNAudit | user=null | ip=null | op=WRITE_CHUNK {blockData=conID: 1 locID: 102670695851950514 bcsId: 0} | ret=SUCCESS |  
2019-08-24 07:08:15,439 | INFO  | DNAudit | user=null | ip=null | op=WRITE_CHUNK {blockData=conID: 1 locID: 102670695851950514 bcsId: 0} | ret=SUCCESS |  
2019-08-24 07:08:15,439 | INFO  | DNAudit | user=null | ip=null | op=WRITE_CHUNK {blockData=conID: 1 locID: 102670695851950514 bcsId: 0} | ret=SUCCESS |  
2019-08-24 07:08:15,441 | INFO  | DNAudit | user=null | ip=null | op=WRITE_CHUNK {blockData=conID: 1 locID: 102670695851950514 bcsId: 0} | ret=SUCCESS |  
2019-08-24 07:08:15,441 | INFO  | DNAudit | user=null | ip=null | op=WRITE_CHUNK {blockData=conID: 1 locID: 102670695851950514 bcsId: 0} | ret=SUCCESS |  
2019-08-24 07:08:15,460 | INFO  | DNAudit | user=null | ip=null | op=WRITE_CHUNK {blockData=conID: 1 locID: 102670695851950514 bcsId: 0} | ret=SUCCESS |  
2019-08-24 07:08:15,461 | INFO  | DNAudit | user=null | ip=null | op=PUT_BLOCK {blockData=[blockId=conID: 1 locID: 102670695851950514 bcsId: 0,size=1048576]} | ret=SUCCESS |  
2019-08-24 07:08:15,461 [grpc-default-executor-0] INFO  client.GrpcClientProtocolClient (GrpcClientProtocolClient.java:onNext(255)) - client-6EDD19400D46->06a4573b-67a1-41e3-a350-f896363bc636: receive RaftClientReply:client-6EDD19400D46->06a4573b-67a1-41e3-a350-f896363bc636@group-757E3781CD2A, cid=908, SUCCESS, logIndex=1190, commits[06a4573b-67a1-41e3-a350-f896363bc636:c1191, 0b725bbf-683b-4664-9a2e-3c9dd6e38bc1:c1188, 9193e3b7-ae04-484d-a740-c65c11559486:c1188]
2019-08-24 07:08:15,461 | INFO  | DNAudit | user=null | ip=null | op=WRITE_CHUNK {blockData=conID: 1 locID: 102670695851950514 bcsId: 0} | ret=SUCCESS |  
2019-08-24 07:08:15,462 | INFO  | DNAudit | user=null | ip=null | op=PUT_BLOCK {blockData=[blockId=conID: 1 locID: 102670695851950514 bcsId: 0,size=2097152]} | ret=SUCCESS |  
2019-08-24 07:08:15,462 [grpc-default-executor-0] INFO  client.GrpcClientProtocolClient (GrpcClientProtocolClient.java:onNext(255)) - client-6EDD19400D46->06a4573b-67a1-41e3-a350-f896363bc636: receive RaftClientReply:client-6EDD19400D46->06a4573b-67a1-41e3-a350-f896363bc636@group-757E3781CD2A, cid=909, SUCCESS, logIndex=1191, commits[06a4573b-67a1-41e3-a350-f896363bc636:c1193, 0b725bbf-683b-4664-9a2e-3c9dd6e38bc1:c1188, 9193e3b7-ae04-484d-a740-c65c11559486:c1188]
2019-08-24 07:08:15,462 [grpc-default-executor-0] INFO  client.GrpcClientProtocolClient (GrpcClientProtocolClient.java:onNext(255)) - client-6EDD19400D46->06a4573b-67a1-41e3-a350-f896363bc636: receive RaftClientReply:client-6EDD19400D46->06a4573b-67a1-41e3-a350-f896363bc636@group-757E3781CD2A, cid=910, SUCCESS, logIndex=1192, commits[06a4573b-67a1-41e3-a350-f896363bc636:c1193, 0b725bbf-683b-4664-9a2e-3c9dd6e38bc1:c1188, 9193e3b7-ae04-484d-a740-c65c11559486:c1188]
2019-08-24 07:08:15,462 [grpc-default-executor-0] INFO  client.GrpcClientProtocolClient (GrpcClientProtocolClient.java:onNext(255)) - client-6EDD19400D46->06a4573b-67a1-41e3-a350-f896363bc636: receive RaftClientReply:client-6EDD19400D46->06a4573b-67a1-41e3-a350-f896363bc636@group-757E3781CD2A, cid=911, SUCCESS, logIndex=1193, commits[06a4573b-67a1-41e3-a350-f896363bc636:c1193, 0b725bbf-683b-4664-9a2e-3c9dd6e38bc1:c1188, 9193e3b7-ae04-484d-a740-c65c11559486:c1188]
2019-08-24 07:08:15,463 | INFO  | DNAudit | user=null | ip=null | op=WRITE_CHUNK {blockData=conID: 1 locID: 102670695851950514 bcsId: 0} | ret=SUCCESS |  
2019-08-24 07:08:15,475 | INFO  | DNAudit | user=null | ip=null | op=WRITE_CHUNK {blockData=conID: 1 locID: 102670695851950514 bcsId: 0} | ret=SUCCESS |  
2019-08-24 07:08:15,475 | INFO  | DNAudit | user=null | ip=null | op=PUT_BLOCK {blockData=[blockId=conID: 1 locID: 102670695851950514 bcsId: 0,size=1048576]} | ret=SUCCESS |  
2019-08-24 07:08:15,475 | INFO  | DNAudit | user=null | ip=null | op=PUT_BLOCK {blockData=[blockId=conID: 1 locID: 102670695851950514 bcsId: 0,size=1048576]} | ret=SUCCESS |  
2019-08-24 07:08:15,475 | INFO  | DNAudit | user=null | ip=null | op=WRITE_CHUNK {blockData=conID: 1 locID: 102670695851950514 bcsId: 0} | ret=SUCCESS |  
2019-08-24 07:08:15,476 | INFO  | DNAudit | user=null | ip=null | op=PUT_BLOCK {blockData=[blockId=conID: 1 locID: 102670695851950514 bcsId: 0,size=2097152]} | ret=SUCCESS |  
2019-08-24 07:08:15,476 | INFO  | DNAudit | user=null | ip=null | op=WRITE_CHUNK {blockData=conID: 1 locID: 102670695851950514 bcsId: 0} | ret=SUCCESS |  
2019-08-24 07:08:15,476 [grpc-default-executor-0] INFO  client.GrpcClientProtocolClient (GrpcClientProtocolClient.java:onNext(255)) - client-6EDD19400D46->06a4573b-67a1-41e3-a350-f896363bc636: receive RaftClientReply:client-6EDD19400D46->06a4573b-67a1-41e3-a350-f896363bc636@group-757E3781CD2A, cid=912, SUCCESS, logIndex=0, commits[06a4573b-67a1-41e3-a350-f896363bc636:c1195, 0b725bbf-683b-4664-9a2e-3c9dd6e38bc1:c1191, 9193e3b7-ae04-484d-a740-c65c11559486:c1191]
2019-08-24 07:08:15,476 | INFO  | DNAudit | user=null | ip=null | op=PUT_BLOCK {blockData=[blockId=conID: 1 locID: 102670695851950514 bcsId: 0,size=2097152]} | ret=SUCCESS |  
2019-08-24 07:08:15,482 | INFO  | DNAudit | user=null | ip=null | op=WRITE_CHUNK {blockData=conID: 1 locID: 102670695851950514 bcsId: 1193} | ret=SUCCESS |  
2019-08-24 07:08:15,485 | INFO  | DNAudit | user=null | ip=null | op=WRITE_CHUNK {blockData=conID: 1 locID: 102670695851950514 bcsId: 1193} | ret=SUCCESS |  
2019-08-24 07:08:15,485 | INFO  | DNAudit | user=null | ip=null | op=WRITE_CHUNK {blockData=conID: 1 locID: 102670695851950514 bcsId: 1193} | ret=SUCCESS |  
2019-08-24 07:08:15,495 | INFO  | DNAudit | user=null | ip=null | op=WRITE_CHUNK {blockData=conID: 1 locID: 102670695851950514 bcsId: 1193} | ret=SUCCESS |  
2019-08-24 07:08:15,495 | INFO  | DNAudit | user=null | ip=null | op=PUT_BLOCK {blockData=[blockId=conID: 1 locID: 102670695851950514 bcsId: 0,size=3145728]} | ret=SUCCESS |  
2019-08-24 07:08:15,496 [grpc-default-executor-0] INFO  client.GrpcClientProtocolClient (GrpcClientProtocolClient.java:onNext(255)) - client-6EDD19400D46->06a4573b-67a1-41e3-a350-f896363bc636: receive RaftClientReply:client-6EDD19400D46->06a4573b-67a1-41e3-a350-f896363bc636@group-757E3781CD2A, cid=913, SUCCESS, logIndex=1198, commits[06a4573b-67a1-41e3-a350-f896363bc636:c1199, 0b725bbf-683b-4664-9a2e-3c9dd6e38bc1:c1197, 9193e3b7-ae04-484d-a740-c65c11559486:c1197]
2019-08-24 07:08:15,496 [grpc-default-executor-0] INFO  client.GrpcClientProtocolClient (GrpcClientProtocolClient.java:onNext(255)) - client-6EDD19400D46->06a4573b-67a1-41e3-a350-f896363bc636: receive RaftClientReply:client-6EDD19400D46->06a4573b-67a1-41e3-a350-f896363bc636@group-757E3781CD2A, cid=914, SUCCESS, logIndex=1199, commits[06a4573b-67a1-41e3-a350-f896363bc636:c1199, 0b725bbf-683b-4664-9a2e-3c9dd6e38bc1:c1197, 9193e3b7-ae04-484d-a740-c65c11559486:c1197]
2019-08-24 07:08:15,503 | INFO  | DNAudit | user=null | ip=null | op=WRITE_CHUNK {blockData=conID: 1 locID: 102670695851950514 bcsId: 1199} | ret=SUCCESS |  
2019-08-24 07:08:15,505 | INFO  | DNAudit | user=null | ip=null | op=WRITE_CHUNK {blockData=conID: 1 locID: 102670695851950514 bcsId: 1199} | ret=SUCCESS |  
2019-08-24 07:08:15,505 | INFO  | DNAudit | user=null | ip=null | op=WRITE_CHUNK {blockData=conID: 1 locID: 102670695851950514 bcsId: 1199} | ret=SUCCESS |  
2019-08-24 07:08:15,507 | INFO  | DNAudit | user=null | ip=null | op=WRITE_CHUNK {blockData=conID: 1 locID: 102670695851950514 bcsId: 1193} | ret=SUCCESS |  
2019-08-24 07:08:15,507 | INFO  | DNAudit | user=null | ip=null | op=WRITE_CHUNK {blockData=conID: 1 locID: 102670695851950514 bcsId: 1193} | ret=SUCCESS |  
2019-08-24 07:08:15,510 | INFO  | DNAudit | user=null | ip=null | op=PUT_BLOCK {blockData=[blockId=conID: 1 locID: 102670695851950514 bcsId: 0,size=3145728]} | ret=SUCCESS |  
2019-08-24 07:08:15,510 | INFO  | DNAudit | user=null | ip=null | op=PUT_BLOCK {blockData=[blockId=conID: 1 locID: 102670695851950514 bcsId: 0,size=3145728]} | ret=SUCCESS |  
2019-08-24 07:08:15,510 | INFO  | DNAudit | user=null | ip=null | op=WRITE_CHUNK {blockData=conID: 1 locID: 102670695851950514 bcsId: 1199} | ret=SUCCESS |  
2019-08-24 07:08:15,511 | INFO  | DNAudit | user=null | ip=null | op=PUT_BLOCK {blockData=[blockId=conID: 1 locID: 102670695851950514 bcsId: 0,size=4194304]} | ret=SUCCESS |  
2019-08-24 07:08:15,511 [grpc-default-executor-0] INFO  client.GrpcClientProtocolClient (GrpcClientProtocolClient.java:onNext(255)) - client-6EDD19400D46->06a4573b-67a1-41e3-a350-f896363bc636: receive RaftClientReply:client-6EDD19400D46->06a4573b-67a1-41e3-a350-f896363bc636@group-757E3781CD2A, cid=915, SUCCESS, logIndex=1202, commits[06a4573b-67a1-41e3-a350-f896363bc636:c1203, 0b725bbf-683b-4664-9a2e-3c9dd6e38bc1:c1199, 9193e3b7-ae04-484d-a740-c65c11559486:c1199]
2019-08-24 07:08:15,511 [grpc-default-executor-0] INFO  client.GrpcClientProtocolClient (GrpcClientProtocolClient.java:onNext(255)) - client-6EDD19400D46->06a4573b-67a1-41e3-a350-f896363bc636: receive RaftClientReply:client-6EDD19400D46->06a4573b-67a1-41e3-a350-f896363bc636@group-757E3781CD2A, cid=916, SUCCESS, logIndex=1203, commits[06a4573b-67a1-41e3-a350-f896363bc636:c1203, 0b725bbf-683b-4664-9a2e-3c9dd6e38bc1:c1199, 9193e3b7-ae04-484d-a740-c65c11559486:c1199]
2019-08-24 07:08:15,522 | INFO  | DNAudit | user=null | ip=null | op=WRITE_CHUNK {blockData=conID: 1 locID: 102670695851950514 bcsId: 1199} | ret=SUCCESS |  
2019-08-24 07:08:15,522 | INFO  | DNAudit | user=null | ip=null | op=WRITE_CHUNK {blockData=conID: 1 locID: 102670695851950514 bcsId: 1199} | ret=SUCCESS |  
2019-08-24 07:08:15,525 | INFO  | DNAudit | user=null | ip=null | op=PUT_BLOCK {blockData=[blockId=conID: 1 locID: 102670695851950514 bcsId: 0,size=4194304]} | ret=SUCCESS |  
2019-08-24 07:08:15,525 | INFO  | DNAudit | user=null | ip=null | op=PUT_BLOCK {blockData=[blockId=conID: 1 locID: 102670695851950514 bcsId: 0,size=4194304]} | ret=SUCCESS |  
2019-08-24 07:08:15,525 [grpc-default-executor-2] INFO  client.GrpcClientProtocolClient (GrpcClientProtocolClient.java:onNext(255)) - client-6EDD19400D46->06a4573b-67a1-41e3-a350-f896363bc636: receive RaftClientReply:client-6EDD19400D46->06a4573b-67a1-41e3-a350-f896363bc636@group-757E3781CD2A, cid=917, SUCCESS, logIndex=0, commits[06a4573b-67a1-41e3-a350-f896363bc636:c1204, 0b725bbf-683b-4664-9a2e-3c9dd6e38bc1:c1203, 9193e3b7-ae04-484d-a740-c65c11559486:c1203]
2019-08-24 07:08:15,534 | INFO  | DNAudit | user=null | ip=null | op=WRITE_CHUNK {blockData=conID: 2 locID: 102670695852016051 bcsId: 0} | ret=SUCCESS |  
2019-08-24 07:08:15,634 | INFO  | DNAudit | user=null | ip=null | op=WRITE_CHUNK {blockData=conID: 2 locID: 102670695852016051 bcsId: 0} | ret=SUCCESS |  
2019-08-24 07:08:15,637 | INFO  | DNAudit | user=null | ip=null | op=WRITE_CHUNK {blockData=conID: 2 locID: 102670695852016051 bcsId: 0} | ret=SUCCESS |  
2019-08-24 07:08:15,638 | INFO  | DNAudit | user=null | ip=null | op=WRITE_CHUNK {blockData=conID: 2 locID: 102670695852016051 bcsId: 0} | ret=SUCCESS |  
2019-08-24 07:08:15,639 | INFO  | DNAudit | user=null | ip=null | op=WRITE_CHUNK {blockData=conID: 2 locID: 102670695852016051 bcsId: 0} | ret=SUCCESS |  
2019-08-24 07:08:15,639 | INFO  | DNAudit | user=null | ip=null | op=WRITE_CHUNK {blockData=conID: 2 locID: 102670695852016051 bcsId: 0} | ret=SUCCESS |  
2019-08-24 07:08:15,647 | INFO  | DNAudit | user=null | ip=null | op=WRITE_CHUNK {blockData=conID: 2 locID: 102670695852016051 bcsId: 0} | ret=SUCCESS |  
2019-08-24 07:08:15,648 | INFO  | DNAudit | user=null | ip=null | op=PUT_BLOCK {blockData=[blockId=conID: 2 locID: 102670695852016051 bcsId: 0,size=1048576]} | ret=SUCCESS |  
2019-08-24 07:08:15,649 | INFO  | DNAudit | user=null | ip=null | op=WRITE_CHUNK {blockData=conID: 2 locID: 102670695852016051 bcsId: 0} | ret=SUCCESS |  
2019-08-24 07:08:15,648 [grpc-default-executor-2] INFO  client.GrpcClientProtocolClient (GrpcClientProtocolClient.java:onNext(255)) - client-6EDD19400D46->06a4573b-67a1-41e3-a350-f896363bc636: receive RaftClientReply:client-6EDD19400D46->06a4573b-67a1-41e3-a350-f896363bc636@group-757E3781CD2A, cid=918, SUCCESS, logIndex=1206, commits[06a4573b-67a1-41e3-a350-f896363bc636:c1209, 0b725bbf-683b-4664-9a2e-3c9dd6e38bc1:c1205, 9193e3b7-ae04-484d-a740-c65c11559486:c1205]
2019-08-24 07:08:15,649 | INFO  | DNAudit | user=null | ip=null | op=PUT_BLOCK {blockData=[blockId=conID: 2 locID: 102670695852016051 bcsId: 0,size=2097152]} | ret=SUCCESS |  
2019-08-24 07:08:15,649 [grpc-default-executor-2] INFO  client.GrpcClientProtocolClient (GrpcClientProtocolClient.java:onNext(255)) - client-6EDD19400D46->06a4573b-67a1-41e3-a350-f896363bc636: receive RaftClientReply:client-6EDD19400D46->06a4573b-67a1-41e3-a350-f896363bc636@group-757E3781CD2A, cid=919, SUCCESS, logIndex=1207, commits[06a4573b-67a1-41e3-a350-f896363bc636:c1209, 0b725bbf-683b-4664-9a2e-3c9dd6e38bc1:c1205, 9193e3b7-ae04-484d-a740-c65c11559486:c1205]
2019-08-24 07:08:15,650 [grpc-default-executor-2] INFO  client.GrpcClientProtocolClient (GrpcClientProtocolClient.java:onNext(255)) - client-6EDD19400D46->06a4573b-67a1-41e3-a350-f896363bc636: receive RaftClientReply:client-6EDD19400D46->06a4573b-67a1-41e3-a350-f896363bc636@group-757E3781CD2A, cid=920, SUCCESS, logIndex=1208, commits[06a4573b-67a1-41e3-a350-f896363bc636:c1209, 0b725bbf-683b-4664-9a2e-3c9dd6e38bc1:c1205, 9193e3b7-ae04-484d-a740-c65c11559486:c1205]
2019-08-24 07:08:15,650 [grpc-default-executor-2] INFO  client.GrpcClientProtocolClient (GrpcClientProtocolClient.java:onNext(255)) - client-6EDD19400D46->06a4573b-67a1-41e3-a350-f896363bc636: receive RaftClientReply:client-6EDD19400D46->06a4573b-67a1-41e3-a350-f896363bc636@group-757E3781CD2A, cid=921, SUCCESS, logIndex=1209, commits[06a4573b-67a1-41e3-a350-f896363bc636:c1209, 0b725bbf-683b-4664-9a2e-3c9dd6e38bc1:c1205, 9193e3b7-ae04-484d-a740-c65c11559486:c1205]
2019-08-24 07:08:15,659 | INFO  | DNAudit | user=null | ip=null | op=WRITE_CHUNK {blockData=conID: 2 locID: 102670695852016051 bcsId: 0} | ret=SUCCESS |  
2019-08-24 07:08:15,659 | INFO  | DNAudit | user=null | ip=null | op=PUT_BLOCK {blockData=[blockId=conID: 2 locID: 102670695852016051 bcsId: 0,size=1048576]} | ret=SUCCESS |  
2019-08-24 07:08:15,659 | INFO  | DNAudit | user=null | ip=null | op=WRITE_CHUNK {blockData=conID: 2 locID: 102670695852016051 bcsId: 0} | ret=SUCCESS |  
2019-08-24 07:08:15,660 | INFO  | DNAudit | user=null | ip=null | op=PUT_BLOCK {blockData=[blockId=conID: 2 locID: 102670695852016051 bcsId: 0,size=1048576]} | ret=SUCCESS |  
2019-08-24 07:08:15,660 | INFO  | DNAudit | user=null | ip=null | op=WRITE_CHUNK {blockData=conID: 2 locID: 102670695852016051 bcsId: 0} | ret=SUCCESS |  
2019-08-24 07:08:15,660 [grpc-default-executor-2] INFO  client.GrpcClientProtocolClient (GrpcClientProtocolClient.java:onNext(255)) - client-6EDD19400D46->06a4573b-67a1-41e3-a350-f896363bc636: receive RaftClientReply:client-6EDD19400D46->06a4573b-67a1-41e3-a350-f896363bc636@group-757E3781CD2A, cid=922, SUCCESS, logIndex=0, commits[06a4573b-67a1-41e3-a350-f896363bc636:c1210, 0b725bbf-683b-4664-9a2e-3c9dd6e38bc1:c1207, 9193e3b7-ae04-484d-a740-c65c11559486:c1207]
2019-08-24 07:08:15,660 | INFO  | DNAudit | user=null | ip=null | op=PUT_BLOCK {blockData=[blockId=conID: 2 locID: 102670695852016051 bcsId: 0,size=2097152]} | ret=SUCCESS |  
2019-08-24 07:08:15,661 | INFO  | DNAudit | user=null | ip=null | op=WRITE_CHUNK {blockData=conID: 2 locID: 102670695852016051 bcsId: 0} | ret=SUCCESS |  
2019-08-24 07:08:15,662 | INFO  | DNAudit | user=null | ip=null | op=PUT_BLOCK {blockData=[blockId=conID: 2 locID: 102670695852016051 bcsId: 0,size=2097152]} | ret=SUCCESS |  
2019-08-24 07:08:15,669 | INFO  | DNAudit | user=null | ip=null | op=WRITE_CHUNK {blockData=conID: 2 locID: 102670695852016051 bcsId: 1209} | ret=SUCCESS |  
2019-08-24 07:08:15,672 | INFO  | DNAudit | user=null | ip=null | op=WRITE_CHUNK {blockData=conID: 2 locID: 102670695852016051 bcsId: 1209} | ret=SUCCESS |  
2019-08-24 07:08:15,672 | INFO  | DNAudit | user=null | ip=null | op=WRITE_CHUNK {blockData=conID: 2 locID: 102670695852016051 bcsId: 1209} | ret=SUCCESS |  
2019-08-24 07:08:15,681 | INFO  | DNAudit | user=null | ip=null | op=WRITE_CHUNK {blockData=conID: 2 locID: 102670695852016051 bcsId: 1209} | ret=SUCCESS |  
2019-08-24 07:08:15,682 | INFO  | DNAudit | user=null | ip=null | op=PUT_BLOCK {blockData=[blockId=conID: 2 locID: 102670695852016051 bcsId: 0,size=3145728]} | ret=SUCCESS |  
2019-08-24 07:08:15,682 [grpc-default-executor-2] INFO  client.GrpcClientProtocolClient (GrpcClientProtocolClient.java:onNext(255)) - client-6EDD19400D46->06a4573b-67a1-41e3-a350-f896363bc636: receive RaftClientReply:client-6EDD19400D46->06a4573b-67a1-41e3-a350-f896363bc636@group-757E3781CD2A, cid=923, SUCCESS, logIndex=1214, commits[06a4573b-67a1-41e3-a350-f896363bc636:c1215, 0b725bbf-683b-4664-9a2e-3c9dd6e38bc1:c1213, 9193e3b7-ae04-484d-a740-c65c11559486:c1213]
2019-08-24 07:08:15,683 [grpc-default-executor-2] INFO  client.GrpcClientProtocolClient (GrpcClientProtocolClient.java:onNext(255)) - client-6EDD19400D46->06a4573b-67a1-41e3-a350-f896363bc636: receive RaftClientReply:client-6EDD19400D46->06a4573b-67a1-41e3-a350-f896363bc636@group-757E3781CD2A, cid=924, SUCCESS, logIndex=1215, commits[06a4573b-67a1-41e3-a350-f896363bc636:c1215, 0b725bbf-683b-4664-9a2e-3c9dd6e38bc1:c1213, 9193e3b7-ae04-484d-a740-c65c11559486:c1213]
2019-08-24 07:08:15,691 | INFO  | DNAudit | user=null | ip=null | op=WRITE_CHUNK {blockData=conID: 2 locID: 102670695852016051 bcsId: 1215} | ret=SUCCESS |  
2019-08-24 07:08:15,694 | INFO  | DNAudit | user=null | ip=null | op=WRITE_CHUNK {blockData=conID: 2 locID: 102670695852016051 bcsId: 1215} | ret=SUCCESS |  
2019-08-24 07:08:15,695 | INFO  | DNAudit | user=null | ip=null | op=WRITE_CHUNK {blockData=conID: 2 locID: 102670695852016051 bcsId: 1215} | ret=SUCCESS |  
2019-08-24 07:08:15,697 | INFO  | DNAudit | user=null | ip=null | op=WRITE_CHUNK {blockData=conID: 2 locID: 102670695852016051 bcsId: 1209} | ret=SUCCESS |  
2019-08-24 07:08:15,697 | INFO  | DNAudit | user=null | ip=null | op=WRITE_CHUNK {blockData=conID: 2 locID: 102670695852016051 bcsId: 1209} | ret=SUCCESS |  
2019-08-24 07:08:15,698 | INFO  | DNAudit | user=null | ip=null | op=PUT_BLOCK {blockData=[blockId=conID: 2 locID: 102670695852016051 bcsId: 0,size=3145728]} | ret=SUCCESS |  
2019-08-24 07:08:15,698 | INFO  | DNAudit | user=null | ip=null | op=PUT_BLOCK {blockData=[blockId=conID: 2 locID: 102670695852016051 bcsId: 0,size=3145728]} | ret=SUCCESS |  
2019-08-24 07:08:15,699 | INFO  | DNAudit | user=null | ip=null | op=WRITE_CHUNK {blockData=conID: 2 locID: 102670695852016051 bcsId: 1215} | ret=SUCCESS |  
2019-08-24 07:08:15,699 | INFO  | DNAudit | user=null | ip=null | op=PUT_BLOCK {blockData=[blockId=conID: 2 locID: 102670695852016051 bcsId: 0,size=4194304]} | ret=SUCCESS |  
2019-08-24 07:08:15,699 [grpc-default-executor-0] INFO  client.GrpcClientProtocolClient (GrpcClientProtocolClient.java:onNext(255)) - client-6EDD19400D46->06a4573b-67a1-41e3-a350-f896363bc636: receive RaftClientReply:client-6EDD19400D46->06a4573b-67a1-41e3-a350-f896363bc636@group-757E3781CD2A, cid=925, SUCCESS, logIndex=1218, commits[06a4573b-67a1-41e3-a350-f896363bc636:c1219, 0b725bbf-683b-4664-9a2e-3c9dd6e38bc1:c1215, 9193e3b7-ae04-484d-a740-c65c11559486:c1215]
2019-08-24 07:08:15,700 [grpc-default-executor-0] INFO  client.GrpcClientProtocolClient (GrpcClientProtocolClient.java:onNext(255)) - client-6EDD19400D46->06a4573b-67a1-41e3-a350-f896363bc636: receive RaftClientReply:client-6EDD19400D46->06a4573b-67a1-41e3-a350-f896363bc636@group-757E3781CD2A, cid=926, SUCCESS, logIndex=1219, commits[06a4573b-67a1-41e3-a350-f896363bc636:c1219, 0b725bbf-683b-4664-9a2e-3c9dd6e38bc1:c1215, 9193e3b7-ae04-484d-a740-c65c11559486:c1215]
2019-08-24 07:08:15,706 | INFO  | DNAudit | user=null | ip=null | op=WRITE_CHUNK {blockData=conID: 2 locID: 102670695852016051 bcsId: 1215} | ret=SUCCESS |  
2019-08-24 07:08:15,706 | INFO  | DNAudit | user=null | ip=null | op=WRITE_CHUNK {blockData=conID: 2 locID: 102670695852016051 bcsId: 1215} | ret=SUCCESS |  
2019-08-24 07:08:15,709 | INFO  | DNAudit | user=null | ip=null | op=PUT_BLOCK {blockData=[blockId=conID: 2 locID: 102670695852016051 bcsId: 0,size=4194304]} | ret=SUCCESS |  
2019-08-24 07:08:15,709 | INFO  | DNAudit | user=null | ip=null | op=PUT_BLOCK {blockData=[blockId=conID: 2 locID: 102670695852016051 bcsId: 0,size=4194304]} | ret=SUCCESS |  
2019-08-24 07:08:15,710 [grpc-default-executor-0] INFO  client.GrpcClientProtocolClient (GrpcClientProtocolClient.java:onNext(255)) - client-6EDD19400D46->06a4573b-67a1-41e3-a350-f896363bc636: receive RaftClientReply:client-6EDD19400D46->06a4573b-67a1-41e3-a350-f896363bc636@group-757E3781CD2A, cid=927, SUCCESS, logIndex=0, commits[06a4573b-67a1-41e3-a350-f896363bc636:c1221, 0b725bbf-683b-4664-9a2e-3c9dd6e38bc1:c1219, 9193e3b7-ae04-484d-a740-c65c11559486:c1219]
2019-08-24 07:08:15,718 | INFO  | DNAudit | user=null | ip=null | op=WRITE_CHUNK {blockData=conID: 3 locID: 102670695852016052 bcsId: 0} | ret=SUCCESS |  
2019-08-24 07:08:15,721 | INFO  | DNAudit | user=null | ip=null | op=WRITE_CHUNK {blockData=conID: 3 locID: 102670695852016052 bcsId: 0} | ret=SUCCESS |  
2019-08-24 07:08:15,721 | INFO  | DNAudit | user=null | ip=null | op=WRITE_CHUNK {blockData=conID: 3 locID: 102670695852016052 bcsId: 0} | ret=SUCCESS |  
2019-08-24 07:08:15,722 | INFO  | DNAudit | user=null | ip=null | op=WRITE_CHUNK {blockData=conID: 3 locID: 102670695852016052 bcsId: 0} | ret=SUCCESS |  
2019-08-24 07:08:15,724 | INFO  | DNAudit | user=null | ip=null | op=WRITE_CHUNK {blockData=conID: 3 locID: 102670695852016052 bcsId: 0} | ret=SUCCESS |  
2019-08-24 07:08:15,725 | INFO  | DNAudit | user=null | ip=null | op=WRITE_CHUNK {blockData=conID: 3 locID: 102670695852016052 bcsId: 0} | ret=SUCCESS |  
2019-08-24 07:08:15,730 | INFO  | DNAudit | user=null | ip=null | op=WRITE_CHUNK {blockData=conID: 3 locID: 102670695852016052 bcsId: 0} | ret=SUCCESS |  
2019-08-24 07:08:15,731 | INFO  | DNAudit | user=null | ip=null | op=PUT_BLOCK {blockData=[blockId=conID: 3 locID: 102670695852016052 bcsId: 0,size=1048576]} | ret=SUCCESS |  
2019-08-24 07:08:15,732 [grpc-default-executor-2] INFO  client.GrpcClientProtocolClient (GrpcClientProtocolClient.java:onNext(255)) - client-6EDD19400D46->06a4573b-67a1-41e3-a350-f896363bc636: receive RaftClientReply:client-6EDD19400D46->06a4573b-67a1-41e3-a350-f896363bc636@group-757E3781CD2A, cid=928, SUCCESS, logIndex=1222, commits[06a4573b-67a1-41e3-a350-f896363bc636:c1222, 0b725bbf-683b-4664-9a2e-3c9dd6e38bc1:c1221, 9193e3b7-ae04-484d-a740-c65c11559486:c1221]
2019-08-24 07:08:15,732 | INFO  | DNAudit | user=null | ip=null | op=WRITE_CHUNK {blockData=conID: 3 locID: 102670695852016052 bcsId: 0} | ret=SUCCESS |  
2019-08-24 07:08:15,732 [grpc-default-executor-1] INFO  client.GrpcClientProtocolClient (GrpcClientProtocolClient.java:onNext(255)) - client-6EDD19400D46->06a4573b-67a1-41e3-a350-f896363bc636: receive RaftClientReply:client-6EDD19400D46->06a4573b-67a1-41e3-a350-f896363bc636@group-757E3781CD2A, cid=929, SUCCESS, logIndex=1223, commits[06a4573b-67a1-41e3-a350-f896363bc636:c1223, 0b725bbf-683b-4664-9a2e-3c9dd6e38bc1:c1221, 9193e3b7-ae04-484d-a740-c65c11559486:c1221]
2019-08-24 07:08:15,733 | INFO  | DNAudit | user=null | ip=null | op=WRITE_CHUNK {blockData=conID: 3 locID: 102670695852016052 bcsId: 0} | ret=SUCCESS |  
2019-08-24 07:08:15,733 | INFO  | DNAudit | user=null | ip=null | op=PUT_BLOCK {blockData=[blockId=conID: 3 locID: 102670695852016052 bcsId: 0,size=2097152]} | ret=SUCCESS |  
2019-08-24 07:08:15,733 | INFO  | DNAudit | user=null | ip=null | op=PUT_BLOCK {blockData=[blockId=conID: 3 locID: 102670695852016052 bcsId: 0,size=1048576]} | ret=SUCCESS |  
2019-08-24 07:08:15,733 [grpc-default-executor-1] INFO  client.GrpcClientProtocolClient (GrpcClientProtocolClient.java:onNext(255)) - client-6EDD19400D46->06a4573b-67a1-41e3-a350-f896363bc636: receive RaftClientReply:client-6EDD19400D46->06a4573b-67a1-41e3-a350-f896363bc636@group-757E3781CD2A, cid=930, SUCCESS, logIndex=1224, commits[06a4573b-67a1-41e3-a350-f896363bc636:c1225, 0b725bbf-683b-4664-9a2e-3c9dd6e38bc1:c1221, 9193e3b7-ae04-484d-a740-c65c11559486:c1221]
2019-08-24 07:08:15,734 [grpc-default-executor-1] INFO  client.GrpcClientProtocolClient (GrpcClientProtocolClient.java:onNext(255)) - client-6EDD19400D46->06a4573b-67a1-41e3-a350-f896363bc636: receive RaftClientReply:client-6EDD19400D46->06a4573b-67a1-41e3-a350-f896363bc636@group-757E3781CD2A, cid=931, SUCCESS, logIndex=1225, commits[06a4573b-67a1-41e3-a350-f896363bc636:c1226, 0b725bbf-683b-4664-9a2e-3c9dd6e38bc1:c1222, 9193e3b7-ae04-484d-a740-c65c11559486:c1221]
2019-08-24 07:08:15,735 | INFO  | DNAudit | user=null | ip=null | op=WRITE_CHUNK {blockData=conID: 3 locID: 102670695852016052 bcsId: 0} | ret=SUCCESS |  
2019-08-24 07:08:15,735 | INFO  | DNAudit | user=null | ip=null | op=PUT_BLOCK {blockData=[blockId=conID: 3 locID: 102670695852016052 bcsId: 0,size=1048576]} | ret=SUCCESS |  
2019-08-24 07:08:15,736 [grpc-default-executor-1] INFO  client.GrpcClientProtocolClient (GrpcClientProtocolClient.java:onNext(255)) - client-6EDD19400D46->06a4573b-67a1-41e3-a350-f896363bc636: receive RaftClientReply:client-6EDD19400D46->06a4573b-67a1-41e3-a350-f896363bc636@group-757E3781CD2A, cid=932, SUCCESS, logIndex=0, commits[06a4573b-67a1-41e3-a350-f896363bc636:c1227, 0b725bbf-683b-4664-9a2e-3c9dd6e38bc1:c1223, 9193e3b7-ae04-484d-a740-c65c11559486:c1223]
2019-08-24 07:08:15,743 | INFO  | DNAudit | user=null | ip=null | op=WRITE_CHUNK {blockData=conID: 3 locID: 102670695852016052 bcsId: 1225} | ret=SUCCESS |  
2019-08-24 07:08:15,746 | INFO  | DNAudit | user=null | ip=null | op=WRITE_CHUNK {blockData=conID: 3 locID: 102670695852016052 bcsId: 0} | ret=SUCCESS |  
2019-08-24 07:08:15,746 | INFO  | DNAudit | user=null | ip=null | op=PUT_BLOCK {blockData=[blockId=conID: 3 locID: 102670695852016052 bcsId: 0,size=2097152]} | ret=SUCCESS |  
2019-08-24 07:08:15,746 | INFO  | DNAudit | user=null | ip=null | op=WRITE_CHUNK {blockData=conID: 3 locID: 102670695852016052 bcsId: 1225} | ret=SUCCESS |  
2019-08-24 07:08:15,747 | INFO  | DNAudit | user=null | ip=null | op=WRITE_CHUNK {blockData=conID: 3 locID: 102670695852016052 bcsId: 0} | ret=SUCCESS |  
2019-08-24 07:08:15,747 | INFO  | DNAudit | user=null | ip=null | op=WRITE_CHUNK {blockData=conID: 3 locID: 102670695852016052 bcsId: 1225} | ret=SUCCESS |  
2019-08-24 07:08:15,747 | INFO  | DNAudit | user=null | ip=null | op=PUT_BLOCK {blockData=[blockId=conID: 3 locID: 102670695852016052 bcsId: 0,size=2097152]} | ret=SUCCESS |  
2019-08-24 07:08:15,749 | INFO  | DNAudit | user=null | ip=null | op=WRITE_CHUNK {blockData=conID: 3 locID: 102670695852016052 bcsId: 1225} | ret=SUCCESS |  
2019-08-24 07:08:15,749 | INFO  | DNAudit | user=null | ip=null | op=PUT_BLOCK {blockData=[blockId=conID: 3 locID: 102670695852016052 bcsId: 0,size=3145728]} | ret=SUCCESS |  
2019-08-24 07:08:15,749 [grpc-default-executor-1] INFO  client.GrpcClientProtocolClient (GrpcClientProtocolClient.java:onNext(255)) - client-6EDD19400D46->06a4573b-67a1-41e3-a350-f896363bc636: receive RaftClientReply:client-6EDD19400D46->06a4573b-67a1-41e3-a350-f896363bc636@group-757E3781CD2A, cid=933, SUCCESS, logIndex=1230, commits[06a4573b-67a1-41e3-a350-f896363bc636:c1231, 0b725bbf-683b-4664-9a2e-3c9dd6e38bc1:c1225, 9193e3b7-ae04-484d-a740-c65c11559486:c1227]
2019-08-24 07:08:15,750 [grpc-default-executor-1] INFO  client.GrpcClientProtocolClient (GrpcClientProtocolClient.java:onNext(255)) - client-6EDD19400D46->06a4573b-67a1-41e3-a350-f896363bc636: receive RaftClientReply:client-6EDD19400D46->06a4573b-67a1-41e3-a350-f896363bc636@group-757E3781CD2A, cid=934, SUCCESS, logIndex=1231, commits[06a4573b-67a1-41e3-a350-f896363bc636:c1231, 0b725bbf-683b-4664-9a2e-3c9dd6e38bc1:c1227, 9193e3b7-ae04-484d-a740-c65c11559486:c1227]
2019-08-24 07:08:15,750 | INFO  | DNAudit | user=null | ip=null | op=WRITE_CHUNK {blockData=conID: 3 locID: 102670695852016052 bcsId: 1225} | ret=SUCCESS |  
2019-08-24 07:08:15,750 | INFO  | DNAudit | user=null | ip=null | op=PUT_BLOCK {blockData=[blockId=conID: 3 locID: 102670695852016052 bcsId: 0,size=3145728]} | ret=SUCCESS |  
2019-08-24 07:08:15,750 | INFO  | DNAudit | user=null | ip=null | op=WRITE_CHUNK {blockData=conID: 3 locID: 102670695852016052 bcsId: 1225} | ret=SUCCESS |  
2019-08-24 07:08:15,751 | INFO  | DNAudit | user=null | ip=null | op=PUT_BLOCK {blockData=[blockId=conID: 3 locID: 102670695852016052 bcsId: 0,size=3145728]} | ret=SUCCESS |  
2019-08-24 07:08:15,757 | INFO  | DNAudit | user=null | ip=null | op=WRITE_CHUNK {blockData=conID: 3 locID: 102670695852016052 bcsId: 1231} | ret=SUCCESS |  
2019-08-24 07:08:15,760 | INFO  | DNAudit | user=null | ip=null | op=WRITE_CHUNK {blockData=conID: 3 locID: 102670695852016052 bcsId: 1231} | ret=SUCCESS |  
2019-08-24 07:08:15,760 | INFO  | DNAudit | user=null | ip=null | op=WRITE_CHUNK {blockData=conID: 3 locID: 102670695852016052 bcsId: 1231} | ret=SUCCESS |  
2019-08-24 07:08:15,770 | INFO  | DNAudit | user=null | ip=null | op=WRITE_CHUNK {blockData=conID: 3 locID: 102670695852016052 bcsId: 1231} | ret=SUCCESS |  
2019-08-24 07:08:15,771 | INFO  | DNAudit | user=null | ip=null | op=PUT_BLOCK {blockData=[blockId=conID: 3 locID: 102670695852016052 bcsId: 0,size=4194304]} | ret=SUCCESS |  
2019-08-24 07:08:15,771 [grpc-default-executor-0] INFO  client.GrpcClientProtocolClient (GrpcClientProtocolClient.java:onNext(255)) - client-6EDD19400D46->06a4573b-67a1-41e3-a350-f896363bc636: receive RaftClientReply:client-6EDD19400D46->06a4573b-67a1-41e3-a350-f896363bc636@group-757E3781CD2A, cid=935, SUCCESS, logIndex=1234, commits[06a4573b-67a1-41e3-a350-f896363bc636:c1235, 0b725bbf-683b-4664-9a2e-3c9dd6e38bc1:c1233, 9193e3b7-ae04-484d-a740-c65c11559486:c1233]
2019-08-24 07:08:15,772 [grpc-default-executor-0] INFO  client.GrpcClientProtocolClient (GrpcClientProtocolClient.java:onNext(255)) - client-6EDD19400D46->06a4573b-67a1-41e3-a350-f896363bc636: receive RaftClientReply:client-6EDD19400D46->06a4573b-67a1-41e3-a350-f896363bc636@group-757E3781CD2A, cid=936, SUCCESS, logIndex=1235, commits[06a4573b-67a1-41e3-a350-f896363bc636:c1235, 0b725bbf-683b-4664-9a2e-3c9dd6e38bc1:c1233, 9193e3b7-ae04-484d-a740-c65c11559486:c1233]
2019-08-24 07:08:15,782 | INFO  | DNAudit | user=null | ip=null | op=WRITE_CHUNK {blockData=conID: 3 locID: 102670695852016052 bcsId: 1231} | ret=SUCCESS |  
2019-08-24 07:08:15,782 | INFO  | DNAudit | user=null | ip=null | op=WRITE_CHUNK {blockData=conID: 3 locID: 102670695852016052 bcsId: 1231} | ret=SUCCESS |  
2019-08-24 07:08:15,784 | INFO  | DNAudit | user=null | ip=null | op=PUT_BLOCK {blockData=[blockId=conID: 3 locID: 102670695852016052 bcsId: 0,size=4194304]} | ret=SUCCESS |  
2019-08-24 07:08:15,784 | INFO  | DNAudit | user=null | ip=null | op=PUT_BLOCK {blockData=[blockId=conID: 3 locID: 102670695852016052 bcsId: 0,size=4194304]} | ret=SUCCESS |  
2019-08-24 07:08:15,785 [grpc-default-executor-0] INFO  client.GrpcClientProtocolClient (GrpcClientProtocolClient.java:onNext(255)) - client-6EDD19400D46->06a4573b-67a1-41e3-a350-f896363bc636: receive RaftClientReply:client-6EDD19400D46->06a4573b-67a1-41e3-a350-f896363bc636@group-757E3781CD2A, cid=937, SUCCESS, logIndex=0, commits[06a4573b-67a1-41e3-a350-f896363bc636:c1237, 0b725bbf-683b-4664-9a2e-3c9dd6e38bc1:c1235, 9193e3b7-ae04-484d-a740-c65c11559486:c1235]
2019-08-24 07:08:15,792 | INFO  | DNAudit | user=null | ip=null | op=WRITE_CHUNK {blockData=conID: 1 locID: 102670695852016053 bcsId: 0} | ret=SUCCESS |  
2019-08-24 07:08:15,794 | INFO  | DNAudit | user=null | ip=null | op=WRITE_CHUNK {blockData=conID: 1 locID: 102670695852016053 bcsId: 0} | ret=SUCCESS |  
2019-08-24 07:08:15,795 | INFO  | DNAudit | user=null | ip=null | op=WRITE_CHUNK {blockData=conID: 1 locID: 102670695852016053 bcsId: 0} | ret=SUCCESS |  
2019-08-24 07:08:15,796 | INFO  | DNAudit | user=null | ip=null | op=WRITE_CHUNK {blockData=conID: 1 locID: 102670695852016053 bcsId: 0} | ret=SUCCESS |  
2019-08-24 07:08:15,798 | INFO  | DNAudit | user=null | ip=null | op=WRITE_CHUNK {blockData=conID: 1 locID: 102670695852016053 bcsId: 0} | ret=SUCCESS |  
2019-08-24 07:08:15,798 | INFO  | DNAudit | user=null | ip=null | op=WRITE_CHUNK {blockData=conID: 1 locID: 102670695852016053 bcsId: 0} | ret=SUCCESS |  
2019-08-24 07:08:15,807 | INFO  | DNAudit | user=null | ip=null | op=WRITE_CHUNK {blockData=conID: 1 locID: 102670695852016053 bcsId: 0} | ret=SUCCESS |  
2019-08-24 07:08:15,808 | INFO  | DNAudit | user=null | ip=null | op=PUT_BLOCK {blockData=[blockId=conID: 1 locID: 102670695852016053 bcsId: 0,size=1048576]} | ret=SUCCESS |  
2019-08-24 07:08:15,808 [grpc-default-executor-2] INFO  client.GrpcClientProtocolClient (GrpcClientProtocolClient.java:onNext(255)) - client-6EDD19400D46->06a4573b-67a1-41e3-a350-f896363bc636: receive RaftClientReply:client-6EDD19400D46->06a4573b-67a1-41e3-a350-f896363bc636@group-757E3781CD2A, cid=938, SUCCESS, logIndex=1238, commits[06a4573b-67a1-41e3-a350-f896363bc636:c1239, 0b725bbf-683b-4664-9a2e-3c9dd6e38bc1:c1237, 9193e3b7-ae04-484d-a740-c65c11559486:c1237]
2019-08-24 07:08:15,809 [grpc-default-executor-2] INFO  client.GrpcClientProtocolClient (GrpcClientProtocolClient.java:onNext(255)) - client-6EDD19400D46->06a4573b-67a1-41e3-a350-f896363bc636: receive RaftClientReply:client-6EDD19400D46->06a4573b-67a1-41e3-a350-f896363bc636@group-757E3781CD2A, cid=939, SUCCESS, logIndex=1239, commits[06a4573b-67a1-41e3-a350-f896363bc636:c1239, 0b725bbf-683b-4664-9a2e-3c9dd6e38bc1:c1237, 9193e3b7-ae04-484d-a740-c65c11559486:c1237]
2019-08-24 07:08:15,818 | INFO  | DNAudit | user=null | ip=null | op=WRITE_CHUNK {blockData=conID: 1 locID: 102670695852016053 bcsId: 0} | ret=SUCCESS |  
2019-08-24 07:08:15,819 | INFO  | DNAudit | user=null | ip=null | op=PUT_BLOCK {blockData=[blockId=conID: 1 locID: 102670695852016053 bcsId: 0,size=2097152]} | ret=SUCCESS |  
2019-08-24 07:08:15,819 [grpc-default-executor-2] INFO  client.GrpcClientProtocolClient (GrpcClientProtocolClient.java:onNext(255)) - client-6EDD19400D46->06a4573b-67a1-41e3-a350-f896363bc636: receive RaftClientReply:client-6EDD19400D46->06a4573b-67a1-41e3-a350-f896363bc636@group-757E3781CD2A, cid=940, SUCCESS, logIndex=1240, commits[06a4573b-67a1-41e3-a350-f896363bc636:c1241, 0b725bbf-683b-4664-9a2e-3c9dd6e38bc1:c1237, 9193e3b7-ae04-484d-a740-c65c11559486:c1237]
2019-08-24 07:08:15,819 | INFO  | DNAudit | user=null | ip=null | op=WRITE_CHUNK {blockData=conID: 1 locID: 102670695852016053 bcsId: 0} | ret=SUCCESS |  
2019-08-24 07:08:15,819 [grpc-default-executor-0] INFO  client.GrpcClientProtocolClient (GrpcClientProtocolClient.java:onNext(255)) - client-6EDD19400D46->06a4573b-67a1-41e3-a350-f896363bc636: receive RaftClientReply:client-6EDD19400D46->06a4573b-67a1-41e3-a350-f896363bc636@group-757E3781CD2A, cid=941, SUCCESS, logIndex=1241, commits[06a4573b-67a1-41e3-a350-f896363bc636:c1241, 0b725bbf-683b-4664-9a2e-3c9dd6e38bc1:c1237, 9193e3b7-ae04-484d-a740-c65c11559486:c1237]
2019-08-24 07:08:15,820 | INFO  | DNAudit | user=null | ip=null | op=PUT_BLOCK {blockData=[blockId=conID: 1 locID: 102670695852016053 bcsId: 0,size=1048576]} | ret=SUCCESS |  
2019-08-24 07:08:15,825 | INFO  | SCMAudit | user=jenkins1000 | ip=192.168.69.125 | op=SEND_HEARTBEAT {datanodeUUID=b8548da6-9cc6-46be-8dd4-5219531f5960, command=[]} | ret=SUCCESS |  
2019-08-24 07:08:15,829 | INFO  | DNAudit | user=null | ip=null | op=WRITE_CHUNK {blockData=conID: 1 locID: 102670695852016053 bcsId: 0} | ret=SUCCESS |  
2019-08-24 07:08:15,829 | INFO  | DNAudit | user=null | ip=null | op=WRITE_CHUNK {blockData=conID: 1 locID: 102670695852016053 bcsId: 0} | ret=SUCCESS |  
2019-08-24 07:08:15,829 | INFO  | DNAudit | user=null | ip=null | op=PUT_BLOCK {blockData=[blockId=conID: 1 locID: 102670695852016053 bcsId: 0,size=1048576]} | ret=SUCCESS |  
2019-08-24 07:08:15,830 | INFO  | DNAudit | user=null | ip=null | op=PUT_BLOCK {blockData=[blockId=conID: 1 locID: 102670695852016053 bcsId: 0,size=2097152]} | ret=SUCCESS |  
2019-08-24 07:08:15,830 | INFO  | DNAudit | user=null | ip=null | op=WRITE_CHUNK {blockData=conID: 1 locID: 102670695852016053 bcsId: 0} | ret=SUCCESS |  
2019-08-24 07:08:15,830 | INFO  | DNAudit | user=null | ip=null | op=PUT_BLOCK {blockData=[blockId=conID: 1 locID: 102670695852016053 bcsId: 0,size=2097152]} | ret=SUCCESS |  
2019-08-24 07:08:15,830 [grpc-default-executor-0] INFO  client.GrpcClientProtocolClient (GrpcClientProtocolClient.java:onNext(255)) - client-6EDD19400D46->06a4573b-67a1-41e3-a350-f896363bc636: receive RaftClientReply:client-6EDD19400D46->06a4573b-67a1-41e3-a350-f896363bc636@group-757E3781CD2A, cid=942, SUCCESS, logIndex=0, commits[06a4573b-67a1-41e3-a350-f896363bc636:c1245, 0b725bbf-683b-4664-9a2e-3c9dd6e38bc1:c1239, 9193e3b7-ae04-484d-a740-c65c11559486:c1241]
2019-08-24 07:08:15,838 | INFO  | DNAudit | user=null | ip=null | op=WRITE_CHUNK {blockData=conID: 1 locID: 102670695852016053 bcsId: 1241} | ret=SUCCESS |  
2019-08-24 07:08:15,840 | INFO  | DNAudit | user=null | ip=null | op=WRITE_CHUNK {blockData=conID: 1 locID: 102670695852016053 bcsId: 1241} | ret=SUCCESS |  
2019-08-24 07:08:15,840 | INFO  | DNAudit | user=null | ip=null | op=WRITE_CHUNK {blockData=conID: 1 locID: 102670695852016053 bcsId: 1241} | ret=SUCCESS |  
2019-08-24 07:08:15,851 | INFO  | DNAudit | user=null | ip=null | op=WRITE_CHUNK {blockData=conID: 1 locID: 102670695852016053 bcsId: 1241} | ret=SUCCESS |  
2019-08-24 07:08:15,851 | INFO  | DNAudit | user=null | ip=null | op=PUT_BLOCK {blockData=[blockId=conID: 1 locID: 102670695852016053 bcsId: 0,size=3145728]} | ret=SUCCESS |  
2019-08-24 07:08:15,852 [grpc-default-executor-2] INFO  client.GrpcClientProtocolClient (GrpcClientProtocolClient.java:onNext(255)) - client-6EDD19400D46->06a4573b-67a1-41e3-a350-f896363bc636: receive RaftClientReply:client-6EDD19400D46->06a4573b-67a1-41e3-a350-f896363bc636@group-757E3781CD2A, cid=943, SUCCESS, logIndex=1246, commits[06a4573b-67a1-41e3-a350-f896363bc636:c1247, 0b725bbf-683b-4664-9a2e-3c9dd6e38bc1:c1245, 9193e3b7-ae04-484d-a740-c65c11559486:c1245]
2019-08-24 07:08:15,852 [grpc-default-executor-2] INFO  client.GrpcClientProtocolClient (GrpcClientProtocolClient.java:onNext(255)) - client-6EDD19400D46->06a4573b-67a1-41e3-a350-f896363bc636: receive RaftClientReply:client-6EDD19400D46->06a4573b-67a1-41e3-a350-f896363bc636@group-757E3781CD2A, cid=944, SUCCESS, logIndex=1247, commits[06a4573b-67a1-41e3-a350-f896363bc636:c1247, 0b725bbf-683b-4664-9a2e-3c9dd6e38bc1:c1245, 9193e3b7-ae04-484d-a740-c65c11559486:c1245]
2019-08-24 07:08:15,858 | INFO  | DNAudit | user=null | ip=null | op=WRITE_CHUNK {blockData=conID: 1 locID: 102670695852016053 bcsId: 1247} | ret=SUCCESS |  
2019-08-24 07:08:15,862 | INFO  | DNAudit | user=null | ip=null | op=WRITE_CHUNK {blockData=conID: 1 locID: 102670695852016053 bcsId: 1247} | ret=SUCCESS |  
2019-08-24 07:08:15,862 | INFO  | DNAudit | user=null | ip=null | op=WRITE_CHUNK {blockData=conID: 1 locID: 102670695852016053 bcsId: 1247} | ret=SUCCESS |  
2019-08-24 07:08:15,863 | INFO  | DNAudit | user=null | ip=null | op=WRITE_CHUNK {blockData=conID: 1 locID: 102670695852016053 bcsId: 1241} | ret=SUCCESS |  
2019-08-24 07:08:15,863 | INFO  | DNAudit | user=null | ip=null | op=WRITE_CHUNK {blockData=conID: 1 locID: 102670695852016053 bcsId: 1241} | ret=SUCCESS |  
2019-08-24 07:08:15,865 | INFO  | DNAudit | user=null | ip=null | op=PUT_BLOCK {blockData=[blockId=conID: 1 locID: 102670695852016053 bcsId: 0,size=3145728]} | ret=SUCCESS |  
2019-08-24 07:08:15,865 | INFO  | DNAudit | user=null | ip=null | op=PUT_BLOCK {blockData=[blockId=conID: 1 locID: 102670695852016053 bcsId: 0,size=3145728]} | ret=SUCCESS |  
2019-08-24 07:08:15,866 | INFO  | DNAudit | user=null | ip=null | op=WRITE_CHUNK {blockData=conID: 1 locID: 102670695852016053 bcsId: 1247} | ret=SUCCESS |  
2019-08-24 07:08:15,866 | INFO  | DNAudit | user=null | ip=null | op=PUT_BLOCK {blockData=[blockId=conID: 1 locID: 102670695852016053 bcsId: 0,size=4194304]} | ret=SUCCESS |  
2019-08-24 07:08:15,867 [grpc-default-executor-0] INFO  client.GrpcClientProtocolClient (GrpcClientProtocolClient.java:onNext(255)) - client-6EDD19400D46->06a4573b-67a1-41e3-a350-f896363bc636: receive RaftClientReply:client-6EDD19400D46->06a4573b-67a1-41e3-a350-f896363bc636@group-757E3781CD2A, cid=945, SUCCESS, logIndex=1250, commits[06a4573b-67a1-41e3-a350-f896363bc636:c1251, 0b725bbf-683b-4664-9a2e-3c9dd6e38bc1:c1247, 9193e3b7-ae04-484d-a740-c65c11559486:c1247]
2019-08-24 07:08:15,867 [grpc-default-executor-0] INFO  client.GrpcClientProtocolClient (GrpcClientProtocolClient.java:onNext(255)) - client-6EDD19400D46->06a4573b-67a1-41e3-a350-f896363bc636: receive RaftClientReply:client-6EDD19400D46->06a4573b-67a1-41e3-a350-f896363bc636@group-757E3781CD2A, cid=946, SUCCESS, logIndex=1251, commits[06a4573b-67a1-41e3-a350-f896363bc636:c1251, 0b725bbf-683b-4664-9a2e-3c9dd6e38bc1:c1247, 9193e3b7-ae04-484d-a740-c65c11559486:c1247]
2019-08-24 07:08:15,878 | INFO  | DNAudit | user=null | ip=null | op=WRITE_CHUNK {blockData=conID: 1 locID: 102670695852016053 bcsId: 1247} | ret=SUCCESS |  
2019-08-24 07:08:15,878 | INFO  | DNAudit | user=null | ip=null | op=WRITE_CHUNK {blockData=conID: 1 locID: 102670695852016053 bcsId: 1247} | ret=SUCCESS |  
2019-08-24 07:08:15,878 | INFO  | DNAudit | user=null | ip=null | op=PUT_BLOCK {blockData=[blockId=conID: 1 locID: 102670695852016053 bcsId: 0,size=4194304]} | ret=SUCCESS |  
2019-08-24 07:08:15,881 | INFO  | DNAudit | user=null | ip=null | op=PUT_BLOCK {blockData=[blockId=conID: 1 locID: 102670695852016053 bcsId: 0,size=4194304]} | ret=SUCCESS |  
2019-08-24 07:08:15,881 [grpc-default-executor-2] INFO  client.GrpcClientProtocolClient (GrpcClientProtocolClient.java:onNext(255)) - client-6EDD19400D46->06a4573b-67a1-41e3-a350-f896363bc636: receive RaftClientReply:client-6EDD19400D46->06a4573b-67a1-41e3-a350-f896363bc636@group-757E3781CD2A, cid=947, SUCCESS, logIndex=0, commits[06a4573b-67a1-41e3-a350-f896363bc636:c1253, 0b725bbf-683b-4664-9a2e-3c9dd6e38bc1:c1251, 9193e3b7-ae04-484d-a740-c65c11559486:c1251]
2019-08-24 07:08:15,888 | INFO  | DNAudit | user=null | ip=null | op=WRITE_CHUNK {blockData=conID: 2 locID: 102670695852016054 bcsId: 0} | ret=SUCCESS |  
2019-08-24 07:08:15,890 | INFO  | DNAudit | user=null | ip=null | op=WRITE_CHUNK {blockData=conID: 2 locID: 102670695852016054 bcsId: 0} | ret=SUCCESS |  
2019-08-24 07:08:15,891 | INFO  | DNAudit | user=null | ip=null | op=WRITE_CHUNK {blockData=conID: 2 locID: 102670695852016054 bcsId: 0} | ret=SUCCESS |  
2019-08-24 07:08:15,892 | INFO  | DNAudit | user=null | ip=null | op=WRITE_CHUNK {blockData=conID: 2 locID: 102670695852016054 bcsId: 0} | ret=SUCCESS |  
2019-08-24 07:08:15,893 | INFO  | DNAudit | user=null | ip=null | op=WRITE_CHUNK {blockData=conID: 2 locID: 102670695852016054 bcsId: 0} | ret=SUCCESS |  
2019-08-24 07:08:15,893 | INFO  | DNAudit | user=null | ip=null | op=WRITE_CHUNK {blockData=conID: 2 locID: 102670695852016054 bcsId: 0} | ret=SUCCESS |  
2019-08-24 07:08:15,905 | INFO  | DNAudit | user=null | ip=null | op=WRITE_CHUNK {blockData=conID: 2 locID: 102670695852016054 bcsId: 0} | ret=SUCCESS |  
2019-08-24 07:08:15,906 | INFO  | DNAudit | user=null | ip=null | op=PUT_BLOCK {blockData=[blockId=conID: 2 locID: 102670695852016054 bcsId: 0,size=1048576]} | ret=SUCCESS |  
2019-08-24 07:08:15,906 [grpc-default-executor-0] INFO  client.GrpcClientProtocolClient (GrpcClientProtocolClient.java:onNext(255)) - client-6EDD19400D46->06a4573b-67a1-41e3-a350-f896363bc636: receive RaftClientReply:client-6EDD19400D46->06a4573b-67a1-41e3-a350-f896363bc636@group-757E3781CD2A, cid=948, SUCCESS, logIndex=1254, commits[06a4573b-67a1-41e3-a350-f896363bc636:c1255, 0b725bbf-683b-4664-9a2e-3c9dd6e38bc1:c1253, 9193e3b7-ae04-484d-a740-c65c11559486:c1253]
2019-08-24 07:08:15,906 [grpc-default-executor-0] INFO  client.GrpcClientProtocolClient (GrpcClientProtocolClient.java:onNext(255)) - client-6EDD19400D46->06a4573b-67a1-41e3-a350-f896363bc636: receive RaftClientReply:client-6EDD19400D46->06a4573b-67a1-41e3-a350-f896363bc636@group-757E3781CD2A, cid=949, SUCCESS, logIndex=1255, commits[06a4573b-67a1-41e3-a350-f896363bc636:c1255, 0b725bbf-683b-4664-9a2e-3c9dd6e38bc1:c1253, 9193e3b7-ae04-484d-a740-c65c11559486:c1253]
2019-08-24 07:08:15,915 | INFO  | DNAudit | user=null | ip=null | op=WRITE_CHUNK {blockData=conID: 2 locID: 102670695852016054 bcsId: 0} | ret=SUCCESS |  
2019-08-24 07:08:15,915 | INFO  | DNAudit | user=null | ip=null | op=WRITE_CHUNK {blockData=conID: 2 locID: 102670695852016054 bcsId: 0} | ret=SUCCESS |  
2019-08-24 07:08:15,915 | INFO  | DNAudit | user=null | ip=null | op=PUT_BLOCK {blockData=[blockId=conID: 2 locID: 102670695852016054 bcsId: 0,size=2097152]} | ret=SUCCESS |  
2019-08-24 07:08:15,915 | INFO  | DNAudit | user=null | ip=null | op=PUT_BLOCK {blockData=[blockId=conID: 2 locID: 102670695852016054 bcsId: 0,size=1048576]} | ret=SUCCESS |  
2019-08-24 07:08:15,916 [grpc-default-executor-2] INFO  client.GrpcClientProtocolClient (GrpcClientProtocolClient.java:onNext(255)) - client-6EDD19400D46->06a4573b-67a1-41e3-a350-f896363bc636: receive RaftClientReply:client-6EDD19400D46->06a4573b-67a1-41e3-a350-f896363bc636@group-757E3781CD2A, cid=950, SUCCESS, logIndex=1256, commits[06a4573b-67a1-41e3-a350-f896363bc636:c1257, 0b725bbf-683b-4664-9a2e-3c9dd6e38bc1:c1253, 9193e3b7-ae04-484d-a740-c65c11559486:c1253]
2019-08-24 07:08:15,916 [grpc-default-executor-2] INFO  client.GrpcClientProtocolClient (GrpcClientProtocolClient.java:onNext(255)) - client-6EDD19400D46->06a4573b-67a1-41e3-a350-f896363bc636: receive RaftClientReply:client-6EDD19400D46->06a4573b-67a1-41e3-a350-f896363bc636@group-757E3781CD2A, cid=951, SUCCESS, logIndex=1257, commits[06a4573b-67a1-41e3-a350-f896363bc636:c1257, 0b725bbf-683b-4664-9a2e-3c9dd6e38bc1:c1253, 9193e3b7-ae04-484d-a740-c65c11559486:c1255]
2019-08-24 07:08:15,916 | INFO  | DNAudit | user=null | ip=null | op=WRITE_CHUNK {blockData=conID: 2 locID: 102670695852016054 bcsId: 0} | ret=SUCCESS |  
2019-08-24 07:08:15,917 | INFO  | DNAudit | user=null | ip=null | op=PUT_BLOCK {blockData=[blockId=conID: 2 locID: 102670695852016054 bcsId: 0,size=2097152]} | ret=SUCCESS |  
2019-08-24 07:08:15,919 | INFO  | DNAudit | user=null | ip=null | op=WRITE_CHUNK {blockData=conID: 2 locID: 102670695852016054 bcsId: 0} | ret=SUCCESS |  
2019-08-24 07:08:15,919 | INFO  | DNAudit | user=null | ip=null | op=PUT_BLOCK {blockData=[blockId=conID: 2 locID: 102670695852016054 bcsId: 0,size=1048576]} | ret=SUCCESS |  
2019-08-24 07:08:15,919 | INFO  | DNAudit | user=null | ip=null | op=WRITE_CHUNK {blockData=conID: 2 locID: 102670695852016054 bcsId: 0} | ret=SUCCESS |  
2019-08-24 07:08:15,919 [grpc-default-executor-0] INFO  client.GrpcClientProtocolClient (GrpcClientProtocolClient.java:onNext(255)) - client-6EDD19400D46->06a4573b-67a1-41e3-a350-f896363bc636: receive RaftClientReply:client-6EDD19400D46->06a4573b-67a1-41e3-a350-f896363bc636@group-757E3781CD2A, cid=952, SUCCESS, logIndex=0, commits[06a4573b-67a1-41e3-a350-f896363bc636:c1260, 0b725bbf-683b-4664-9a2e-3c9dd6e38bc1:c1255, 9193e3b7-ae04-484d-a740-c65c11559486:c1257]
2019-08-24 07:08:15,919 | INFO  | DNAudit | user=null | ip=null | op=PUT_BLOCK {blockData=[blockId=conID: 2 locID: 102670695852016054 bcsId: 0,size=2097152]} | ret=SUCCESS |  
2019-08-24 07:08:15,925 | INFO  | DNAudit | user=null | ip=null | op=WRITE_CHUNK {blockData=conID: 2 locID: 102670695852016054 bcsId: 1257} | ret=SUCCESS |  
2019-08-24 07:08:15,929 | INFO  | DNAudit | user=null | ip=null | op=WRITE_CHUNK {blockData=conID: 2 locID: 102670695852016054 bcsId: 1257} | ret=SUCCESS |  
2019-08-24 07:08:15,929 | INFO  | DNAudit | user=null | ip=null | op=WRITE_CHUNK {blockData=conID: 2 locID: 102670695852016054 bcsId: 1257} | ret=SUCCESS |  
2019-08-24 07:08:15,938 | INFO  | DNAudit | user=null | ip=null | op=WRITE_CHUNK {blockData=conID: 2 locID: 102670695852016054 bcsId: 1257} | ret=SUCCESS |  
2019-08-24 07:08:15,938 | INFO  | DNAudit | user=null | ip=null | op=PUT_BLOCK {blockData=[blockId=conID: 2 locID: 102670695852016054 bcsId: 0,size=3145728]} | ret=SUCCESS |  
2019-08-24 07:08:15,938 [grpc-default-executor-1] INFO  client.GrpcClientProtocolClient (GrpcClientProtocolClient.java:onNext(255)) - client-6EDD19400D46->06a4573b-67a1-41e3-a350-f896363bc636: receive RaftClientReply:client-6EDD19400D46->06a4573b-67a1-41e3-a350-f896363bc636@group-757E3781CD2A, cid=953, SUCCESS, logIndex=1261, commits[06a4573b-67a1-41e3-a350-f896363bc636:c1262, 0b725bbf-683b-4664-9a2e-3c9dd6e38bc1:c1260, 9193e3b7-ae04-484d-a740-c65c11559486:c1260]
2019-08-24 07:08:15,939 [grpc-default-executor-1] INFO  client.GrpcClientProtocolClient (GrpcClientProtocolClient.java:onNext(255)) - client-6EDD19400D46->06a4573b-67a1-41e3-a350-f896363bc636: receive RaftClientReply:client-6EDD19400D46->06a4573b-67a1-41e3-a350-f896363bc636@group-757E3781CD2A, cid=954, SUCCESS, logIndex=1262, commits[06a4573b-67a1-41e3-a350-f896363bc636:c1262, 0b725bbf-683b-4664-9a2e-3c9dd6e38bc1:c1260, 9193e3b7-ae04-484d-a740-c65c11559486:c1260]
2019-08-24 07:08:15,944 | INFO  | DNAudit | user=null | ip=null | op=WRITE_CHUNK {blockData=conID: 2 locID: 102670695852016054 bcsId: 1262} | ret=SUCCESS |  
2019-08-24 07:08:15,948 | INFO  | DNAudit | user=null | ip=null | op=WRITE_CHUNK {blockData=conID: 2 locID: 102670695852016054 bcsId: 1262} | ret=SUCCESS |  
2019-08-24 07:08:15,948 | INFO  | DNAudit | user=null | ip=null | op=WRITE_CHUNK {blockData=conID: 2 locID: 102670695852016054 bcsId: 1262} | ret=SUCCESS |  
2019-08-24 07:08:15,958 | INFO  | DNAudit | user=null | ip=null | op=WRITE_CHUNK {blockData=conID: 2 locID: 102670695852016054 bcsId: 1257} | ret=SUCCESS |  
2019-08-24 07:08:15,958 | INFO  | DNAudit | user=null | ip=null | op=WRITE_CHUNK {blockData=conID: 2 locID: 102670695852016054 bcsId: 1257} | ret=SUCCESS |  
2019-08-24 07:08:15,959 | INFO  | DNAudit | user=null | ip=null | op=PUT_BLOCK {blockData=[blockId=conID: 2 locID: 102670695852016054 bcsId: 0,size=3145728]} | ret=SUCCESS |  
2019-08-24 07:08:15,959 | INFO  | DNAudit | user=null | ip=null | op=PUT_BLOCK {blockData=[blockId=conID: 2 locID: 102670695852016054 bcsId: 0,size=3145728]} | ret=SUCCESS |  
2019-08-24 07:08:15,962 | INFO  | DNAudit | user=null | ip=null | op=WRITE_CHUNK {blockData=conID: 2 locID: 102670695852016054 bcsId: 1262} | ret=SUCCESS |  
2019-08-24 07:08:15,962 | INFO  | DNAudit | user=null | ip=null | op=PUT_BLOCK {blockData=[blockId=conID: 2 locID: 102670695852016054 bcsId: 0,size=4194304]} | ret=SUCCESS |  
2019-08-24 07:08:15,962 [grpc-default-executor-2] INFO  client.GrpcClientProtocolClient (GrpcClientProtocolClient.java:onNext(255)) - client-6EDD19400D46->06a4573b-67a1-41e3-a350-f896363bc636: receive RaftClientReply:client-6EDD19400D46->06a4573b-67a1-41e3-a350-f896363bc636@group-757E3781CD2A, cid=955, SUCCESS, logIndex=1265, commits[06a4573b-67a1-41e3-a350-f896363bc636:c1266, 0b725bbf-683b-4664-9a2e-3c9dd6e38bc1:c1262, 9193e3b7-ae04-484d-a740-c65c11559486:c1262]
2019-08-24 07:08:15,963 [grpc-default-executor-2] INFO  client.GrpcClientProtocolClient (GrpcClientProtocolClient.java:onNext(255)) - client-6EDD19400D46->06a4573b-67a1-41e3-a350-f896363bc636: receive RaftClientReply:client-6EDD19400D46->06a4573b-67a1-41e3-a350-f896363bc636@group-757E3781CD2A, cid=956, SUCCESS, logIndex=1266, commits[06a4573b-67a1-41e3-a350-f896363bc636:c1266, 0b725bbf-683b-4664-9a2e-3c9dd6e38bc1:c1262, 9193e3b7-ae04-484d-a740-c65c11559486:c1262]
2019-08-24 07:08:15,970 | INFO  | DNAudit | user=null | ip=null | op=WRITE_CHUNK {blockData=conID: 2 locID: 102670695852016054 bcsId: 1262} | ret=SUCCESS |  
2019-08-24 07:08:15,970 | INFO  | DNAudit | user=null | ip=null | op=WRITE_CHUNK {blockData=conID: 2 locID: 102670695852016054 bcsId: 1262} | ret=SUCCESS |  
2019-08-24 07:08:15,971 | INFO  | DNAudit | user=null | ip=null | op=PUT_BLOCK {blockData=[blockId=conID: 2 locID: 102670695852016054 bcsId: 0,size=4194304]} | ret=SUCCESS |  
2019-08-24 07:08:15,971 | INFO  | DNAudit | user=null | ip=null | op=PUT_BLOCK {blockData=[blockId=conID: 2 locID: 102670695852016054 bcsId: 0,size=4194304]} | ret=SUCCESS |  
2019-08-24 07:08:15,972 [grpc-default-executor-0] INFO  client.GrpcClientProtocolClient (GrpcClientProtocolClient.java:onNext(255)) - client-6EDD19400D46->06a4573b-67a1-41e3-a350-f896363bc636: receive RaftClientReply:client-6EDD19400D46->06a4573b-67a1-41e3-a350-f896363bc636@group-757E3781CD2A, cid=957, SUCCESS, logIndex=0, commits[06a4573b-67a1-41e3-a350-f896363bc636:c1268, 0b725bbf-683b-4664-9a2e-3c9dd6e38bc1:c1266, 9193e3b7-ae04-484d-a740-c65c11559486:c1266]
2019-08-24 07:08:15,981 | INFO  | DNAudit | user=null | ip=null | op=WRITE_CHUNK {blockData=conID: 3 locID: 102670695852016055 bcsId: 0} | ret=SUCCESS |  
2019-08-24 07:08:15,984 | INFO  | DNAudit | user=null | ip=null | op=WRITE_CHUNK {blockData=conID: 3 locID: 102670695852016055 bcsId: 0} | ret=SUCCESS |  
2019-08-24 07:08:15,984 | INFO  | DNAudit | user=null | ip=null | op=WRITE_CHUNK {blockData=conID: 3 locID: 102670695852016055 bcsId: 0} | ret=SUCCESS |  
2019-08-24 07:08:15,985 | INFO  | DNAudit | user=null | ip=null | op=WRITE_CHUNK {blockData=conID: 3 locID: 102670695852016055 bcsId: 0} | ret=SUCCESS |  
2019-08-24 07:08:15,986 | INFO  | DNAudit | user=null | ip=null | op=WRITE_CHUNK {blockData=conID: 3 locID: 102670695852016055 bcsId: 0} | ret=SUCCESS |  
2019-08-24 07:08:15,986 | INFO  | DNAudit | user=null | ip=null | op=WRITE_CHUNK {blockData=conID: 3 locID: 102670695852016055 bcsId: 0} | ret=SUCCESS |  
2019-08-24 07:08:15,993 | INFO  | DNAudit | user=null | ip=null | op=WRITE_CHUNK {blockData=conID: 3 locID: 102670695852016055 bcsId: 0} | ret=SUCCESS |  
2019-08-24 07:08:15,994 | INFO  | DNAudit | user=null | ip=null | op=PUT_BLOCK {blockData=[blockId=conID: 3 locID: 102670695852016055 bcsId: 0,size=1048576]} | ret=SUCCESS |  
2019-08-24 07:08:15,994 | INFO  | DNAudit | user=null | ip=null | op=WRITE_CHUNK {blockData=conID: 3 locID: 102670695852016055 bcsId: 0} | ret=SUCCESS |  
2019-08-24 07:08:15,994 [grpc-default-executor-1] INFO  client.GrpcClientProtocolClient (GrpcClientProtocolClient.java:onNext(255)) - client-6EDD19400D46->06a4573b-67a1-41e3-a350-f896363bc636: receive RaftClientReply:client-6EDD19400D46->06a4573b-67a1-41e3-a350-f896363bc636@group-757E3781CD2A, cid=958, SUCCESS, logIndex=1269, commits[06a4573b-67a1-41e3-a350-f896363bc636:c1271, 0b725bbf-683b-4664-9a2e-3c9dd6e38bc1:c1268, 9193e3b7-ae04-484d-a740-c65c11559486:c1268]
2019-08-24 07:08:15,994 | INFO  | DNAudit | user=null | ip=null | op=PUT_BLOCK {blockData=[blockId=conID: 3 locID: 102670695852016055 bcsId: 0,size=2097152]} | ret=SUCCESS |  
2019-08-24 07:08:15,995 [grpc-default-executor-1] INFO  client.GrpcClientProtocolClient (GrpcClientProtocolClient.java:onNext(255)) - client-6EDD19400D46->06a4573b-67a1-41e3-a350-f896363bc636: receive RaftClientReply:client-6EDD19400D46->06a4573b-67a1-41e3-a350-f896363bc636@group-757E3781CD2A, cid=959, SUCCESS, logIndex=1270, commits[06a4573b-67a1-41e3-a350-f896363bc636:c1272, 0b725bbf-683b-4664-9a2e-3c9dd6e38bc1:c1268, 9193e3b7-ae04-484d-a740-c65c11559486:c1268]
2019-08-24 07:08:15,995 [grpc-default-executor-1] INFO  client.GrpcClientProtocolClient (GrpcClientProtocolClient.java:onNext(255)) - client-6EDD19400D46->06a4573b-67a1-41e3-a350-f896363bc636: receive RaftClientReply:client-6EDD19400D46->06a4573b-67a1-41e3-a350-f896363bc636@group-757E3781CD2A, cid=960, SUCCESS, logIndex=1271, commits[06a4573b-67a1-41e3-a350-f896363bc636:c1272, 0b725bbf-683b-4664-9a2e-3c9dd6e38bc1:c1268, 9193e3b7-ae04-484d-a740-c65c11559486:c1268]
2019-08-24 07:08:15,996 [grpc-default-executor-1] INFO  client.GrpcClientProtocolClient (GrpcClientProtocolClient.java:onNext(255)) - client-6EDD19400D46->06a4573b-67a1-41e3-a350-f896363bc636: receive RaftClientReply:client-6EDD19400D46->06a4573b-67a1-41e3-a350-f896363bc636@group-757E3781CD2A, cid=961, SUCCESS, logIndex=1272, commits[06a4573b-67a1-41e3-a350-f896363bc636:c1272, 0b725bbf-683b-4664-9a2e-3c9dd6e38bc1:c1268, 9193e3b7-ae04-484d-a740-c65c11559486:c1268]
2019-08-24 07:08:15,997 | INFO  | DNAudit | user=null | ip=null | op=WRITE_CHUNK {blockData=conID: 3 locID: 102670695852016055 bcsId: 0} | ret=SUCCESS |  
2019-08-24 07:08:15,998 | INFO  | DNAudit | user=null | ip=null | op=PUT_BLOCK {blockData=[blockId=conID: 3 locID: 102670695852016055 bcsId: 0,size=1048576]} | ret=SUCCESS |  
2019-08-24 07:08:16,008 | INFO  | DNAudit | user=null | ip=null | op=WRITE_CHUNK {blockData=conID: 3 locID: 102670695852016055 bcsId: 0} | ret=SUCCESS |  
2019-08-24 07:08:16,008 | INFO  | DNAudit | user=null | ip=null | op=PUT_BLOCK {blockData=[blockId=conID: 3 locID: 102670695852016055 bcsId: 0,size=1048576]} | ret=SUCCESS |  
2019-08-24 07:08:16,008 | INFO  | DNAudit | user=null | ip=null | op=WRITE_CHUNK {blockData=conID: 3 locID: 102670695852016055 bcsId: 0} | ret=SUCCESS |  
2019-08-24 07:08:16,008 | INFO  | DNAudit | user=null | ip=null | op=WRITE_CHUNK {blockData=conID: 3 locID: 102670695852016055 bcsId: 0} | ret=SUCCESS |  
2019-08-24 07:08:16,008 | INFO  | DNAudit | user=null | ip=null | op=PUT_BLOCK {blockData=[blockId=conID: 3 locID: 102670695852016055 bcsId: 0,size=2097152]} | ret=SUCCESS |  
2019-08-24 07:08:16,009 | INFO  | DNAudit | user=null | ip=null | op=PUT_BLOCK {blockData=[blockId=conID: 3 locID: 102670695852016055 bcsId: 0,size=2097152]} | ret=SUCCESS |  
2019-08-24 07:08:16,009 [grpc-default-executor-2] INFO  client.GrpcClientProtocolClient (GrpcClientProtocolClient.java:onNext(255)) - client-6EDD19400D46->06a4573b-67a1-41e3-a350-f896363bc636: receive RaftClientReply:client-6EDD19400D46->06a4573b-67a1-41e3-a350-f896363bc636@group-757E3781CD2A, cid=962, SUCCESS, logIndex=0, commits[06a4573b-67a1-41e3-a350-f896363bc636:c1273, 0b725bbf-683b-4664-9a2e-3c9dd6e38bc1:c1270, 9193e3b7-ae04-484d-a740-c65c11559486:c1270]
2019-08-24 07:08:16,015 | INFO  | DNAudit | user=null | ip=null | op=WRITE_CHUNK {blockData=conID: 3 locID: 102670695852016055 bcsId: 1272} | ret=SUCCESS |  
2019-08-24 07:08:16,018 | INFO  | DNAudit | user=null | ip=null | op=WRITE_CHUNK {blockData=conID: 3 locID: 102670695852016055 bcsId: 1272} | ret=SUCCESS |  
2019-08-24 07:08:16,018 | INFO  | DNAudit | user=null | ip=null | op=WRITE_CHUNK {blockData=conID: 3 locID: 102670695852016055 bcsId: 1272} | ret=SUCCESS |  
2019-08-24 07:08:16,028 | INFO  | DNAudit | user=null | ip=null | op=WRITE_CHUNK {blockData=conID: 3 locID: 102670695852016055 bcsId: 1272} | ret=SUCCESS |  
2019-08-24 07:08:16,028 | INFO  | DNAudit | user=null | ip=null | op=PUT_BLOCK {blockData=[blockId=conID: 3 locID: 102670695852016055 bcsId: 0,size=3145728]} | ret=SUCCESS |  
2019-08-24 07:08:16,028 [grpc-default-executor-1] INFO  client.GrpcClientProtocolClient (GrpcClientProtocolClient.java:onNext(255)) - client-6EDD19400D46->06a4573b-67a1-41e3-a350-f896363bc636: receive RaftClientReply:client-6EDD19400D46->06a4573b-67a1-41e3-a350-f896363bc636@group-757E3781CD2A, cid=963, SUCCESS, logIndex=1277, commits[06a4573b-67a1-41e3-a350-f896363bc636:c1278, 0b725bbf-683b-4664-9a2e-3c9dd6e38bc1:c1276, 9193e3b7-ae04-484d-a740-c65c11559486:c1276]
2019-08-24 07:08:16,029 [grpc-default-executor-1] INFO  client.GrpcClientProtocolClient (GrpcClientProtocolClient.java:onNext(255)) - client-6EDD19400D46->06a4573b-67a1-41e3-a350-f896363bc636: receive RaftClientReply:client-6EDD19400D46->06a4573b-67a1-41e3-a350-f896363bc636@group-757E3781CD2A, cid=964, SUCCESS, logIndex=1278, commits[06a4573b-67a1-41e3-a350-f896363bc636:c1278, 0b725bbf-683b-4664-9a2e-3c9dd6e38bc1:c1276, 9193e3b7-ae04-484d-a740-c65c11559486:c1276]
2019-08-24 07:08:16,035 | INFO  | DNAudit | user=null | ip=null | op=WRITE_CHUNK {blockData=conID: 3 locID: 102670695852016055 bcsId: 1278} | ret=SUCCESS |  
2019-08-24 07:08:16,038 | INFO  | DNAudit | user=null | ip=null | op=WRITE_CHUNK {blockData=conID: 3 locID: 102670695852016055 bcsId: 1278} | ret=SUCCESS |  
2019-08-24 07:08:16,039 | INFO  | DNAudit | user=null | ip=null | op=WRITE_CHUNK {blockData=conID: 3 locID: 102670695852016055 bcsId: 1278} | ret=SUCCESS |  
2019-08-24 07:08:16,040 | INFO  | DNAudit | user=null | ip=null | op=WRITE_CHUNK {blockData=conID: 3 locID: 102670695852016055 bcsId: 1272} | ret=SUCCESS |  
2019-08-24 07:08:16,040 | INFO  | DNAudit | user=null | ip=null | op=WRITE_CHUNK {blockData=conID: 3 locID: 102670695852016055 bcsId: 1272} | ret=SUCCESS |  
2019-08-24 07:08:16,042 | INFO  | DNAudit | user=null | ip=null | op=PUT_BLOCK {blockData=[blockId=conID: 3 locID: 102670695852016055 bcsId: 0,size=3145728]} | ret=SUCCESS |  
2019-08-24 07:08:16,043 | INFO  | DNAudit | user=null | ip=null | op=PUT_BLOCK {blockData=[blockId=conID: 3 locID: 102670695852016055 bcsId: 0,size=3145728]} | ret=SUCCESS |  
2019-08-24 07:08:16,043 | INFO  | DNAudit | user=null | ip=null | op=WRITE_CHUNK {blockData=conID: 3 locID: 102670695852016055 bcsId: 1278} | ret=SUCCESS |  
2019-08-24 07:08:16,043 | INFO  | DNAudit | user=null | ip=null | op=PUT_BLOCK {blockData=[blockId=conID: 3 locID: 102670695852016055 bcsId: 0,size=4194304]} | ret=SUCCESS |  
2019-08-24 07:08:16,043 [grpc-default-executor-1] INFO  client.GrpcClientProtocolClient (GrpcClientProtocolClient.java:onNext(255)) - client-6EDD19400D46->06a4573b-67a1-41e3-a350-f896363bc636: receive RaftClientReply:client-6EDD19400D46->06a4573b-67a1-41e3-a350-f896363bc636@group-757E3781CD2A, cid=965, SUCCESS, logIndex=1281, commits[06a4573b-67a1-41e3-a350-f896363bc636:c1282, 0b725bbf-683b-4664-9a2e-3c9dd6e38bc1:c1278, 9193e3b7-ae04-484d-a740-c65c11559486:c1278]
2019-08-24 07:08:16,044 [grpc-default-executor-1] INFO  client.GrpcClientProtocolClient (GrpcClientProtocolClient.java:onNext(255)) - client-6EDD19400D46->06a4573b-67a1-41e3-a350-f896363bc636: receive RaftClientReply:client-6EDD19400D46->06a4573b-67a1-41e3-a350-f896363bc636@group-757E3781CD2A, cid=966, SUCCESS, logIndex=1282, commits[06a4573b-67a1-41e3-a350-f896363bc636:c1282, 0b725bbf-683b-4664-9a2e-3c9dd6e38bc1:c1278, 9193e3b7-ae04-484d-a740-c65c11559486:c1278]
2019-08-24 07:08:16,054 | INFO  | DNAudit | user=null | ip=null | op=WRITE_CHUNK {blockData=conID: 3 locID: 102670695852016055 bcsId: 1278} | ret=SUCCESS |  
2019-08-24 07:08:16,054 | INFO  | DNAudit | user=null | ip=null | op=WRITE_CHUNK {blockData=conID: 3 locID: 102670695852016055 bcsId: 1278} | ret=SUCCESS |  
2019-08-24 07:08:16,057 | INFO  | DNAudit | user=null | ip=null | op=PUT_BLOCK {blockData=[blockId=conID: 3 locID: 102670695852016055 bcsId: 0,size=4194304]} | ret=SUCCESS |  
2019-08-24 07:08:16,057 | INFO  | DNAudit | user=null | ip=null | op=PUT_BLOCK {blockData=[blockId=conID: 3 locID: 102670695852016055 bcsId: 0,size=4194304]} | ret=SUCCESS |  
2019-08-24 07:08:16,058 [grpc-default-executor-2] INFO  client.GrpcClientProtocolClient (GrpcClientProtocolClient.java:onNext(255)) - client-6EDD19400D46->06a4573b-67a1-41e3-a350-f896363bc636: receive RaftClientReply:client-6EDD19400D46->06a4573b-67a1-41e3-a350-f896363bc636@group-757E3781CD2A, cid=967, SUCCESS, logIndex=0, commits[06a4573b-67a1-41e3-a350-f896363bc636:c1284, 0b725bbf-683b-4664-9a2e-3c9dd6e38bc1:c1282, 9193e3b7-ae04-484d-a740-c65c11559486:c1282]
2019-08-24 07:08:16,063 | INFO  | DNAudit | user=null | ip=null | op=WRITE_CHUNK {blockData=conID: 1 locID: 102670695852016056 bcsId: 0} | ret=SUCCESS |  
2019-08-24 07:08:16,065 | INFO  | DNAudit | user=null | ip=null | op=WRITE_CHUNK {blockData=conID: 1 locID: 102670695852016056 bcsId: 0} | ret=SUCCESS |  
2019-08-24 07:08:16,067 | INFO  | DNAudit | user=null | ip=null | op=WRITE_CHUNK {blockData=conID: 1 locID: 102670695852016056 bcsId: 0} | ret=SUCCESS |  
2019-08-24 07:08:16,067 | INFO  | DNAudit | user=null | ip=null | op=WRITE_CHUNK {blockData=conID: 1 locID: 102670695852016056 bcsId: 0} | ret=SUCCESS |  
2019-08-24 07:08:16,069 | INFO  | DNAudit | user=null | ip=null | op=WRITE_CHUNK {blockData=conID: 1 locID: 102670695852016056 bcsId: 0} | ret=SUCCESS |  
2019-08-24 07:08:16,069 | INFO  | DNAudit | user=null | ip=null | op=WRITE_CHUNK {blockData=conID: 1 locID: 102670695852016056 bcsId: 0} | ret=SUCCESS |  
2019-08-24 07:08:16,076 | INFO  | DNAudit | user=null | ip=null | op=WRITE_CHUNK {blockData=conID: 1 locID: 102670695852016056 bcsId: 0} | ret=SUCCESS |  
2019-08-24 07:08:16,076 | INFO  | DNAudit | user=null | ip=null | op=PUT_BLOCK {blockData=[blockId=conID: 1 locID: 102670695852016056 bcsId: 0,size=1048576]} | ret=SUCCESS |  
2019-08-24 07:08:16,076 [grpc-default-executor-2] INFO  client.GrpcClientProtocolClient (GrpcClientProtocolClient.java:onNext(255)) - client-6EDD19400D46->06a4573b-67a1-41e3-a350-f896363bc636: receive RaftClientReply:client-6EDD19400D46->06a4573b-67a1-41e3-a350-f896363bc636@group-757E3781CD2A, cid=968, SUCCESS, logIndex=1285, commits[06a4573b-67a1-41e3-a350-f896363bc636:c1286, 0b725bbf-683b-4664-9a2e-3c9dd6e38bc1:c1284, 9193e3b7-ae04-484d-a740-c65c11559486:c1284]
2019-08-24 07:08:16,077 | INFO  | DNAudit | user=null | ip=null | op=WRITE_CHUNK {blockData=conID: 1 locID: 102670695852016056 bcsId: 0} | ret=SUCCESS |  
2019-08-24 07:08:16,077 [grpc-default-executor-0] INFO  client.GrpcClientProtocolClient (GrpcClientProtocolClient.java:onNext(255)) - client-6EDD19400D46->06a4573b-67a1-41e3-a350-f896363bc636: receive RaftClientReply:client-6EDD19400D46->06a4573b-67a1-41e3-a350-f896363bc636@group-757E3781CD2A, cid=969, SUCCESS, logIndex=1286, commits[06a4573b-67a1-41e3-a350-f896363bc636:c1286, 0b725bbf-683b-4664-9a2e-3c9dd6e38bc1:c1284, 9193e3b7-ae04-484d-a740-c65c11559486:c1284]
2019-08-24 07:08:16,077 | INFO  | DNAudit | user=null | ip=null | op=PUT_BLOCK {blockData=[blockId=conID: 1 locID: 102670695852016056 bcsId: 0,size=2097152]} | ret=SUCCESS |  
2019-08-24 07:08:16,077 [grpc-default-executor-0] INFO  client.GrpcClientProtocolClient (GrpcClientProtocolClient.java:onNext(255)) - client-6EDD19400D46->06a4573b-67a1-41e3-a350-f896363bc636: receive RaftClientReply:client-6EDD19400D46->06a4573b-67a1-41e3-a350-f896363bc636@group-757E3781CD2A, cid=970, SUCCESS, logIndex=1287, commits[06a4573b-67a1-41e3-a350-f896363bc636:c1287, 0b725bbf-683b-4664-9a2e-3c9dd6e38bc1:c1284, 9193e3b7-ae04-484d-a740-c65c11559486:c1284]
2019-08-24 07:08:16,078 [grpc-default-executor-0] INFO  client.GrpcClientProtocolClient (GrpcClientProtocolClient.java:onNext(255)) - client-6EDD19400D46->06a4573b-67a1-41e3-a350-f896363bc636: receive RaftClientReply:client-6EDD19400D46->06a4573b-67a1-41e3-a350-f896363bc636@group-757E3781CD2A, cid=971, SUCCESS, logIndex=1288, commits[06a4573b-67a1-41e3-a350-f896363bc636:c1288, 0b725bbf-683b-4664-9a2e-3c9dd6e38bc1:c1284, 9193e3b7-ae04-484d-a740-c65c11559486:c1284]
2019-08-24 07:08:16,078 | INFO  | DNAudit | user=null | ip=null | op=WRITE_CHUNK {blockData=conID: 1 locID: 102670695852016056 bcsId: 0} | ret=SUCCESS |  
2019-08-24 07:08:16,078 | INFO  | DNAudit | user=null | ip=null | op=PUT_BLOCK {blockData=[blockId=conID: 1 locID: 102670695852016056 bcsId: 0,size=1048576]} | ret=SUCCESS |  
2019-08-24 07:08:16,080 | INFO  | DNAudit | user=null | ip=null | op=WRITE_CHUNK {blockData=conID: 1 locID: 102670695852016056 bcsId: 0} | ret=SUCCESS |  
2019-08-24 07:08:16,080 | INFO  | DNAudit | user=null | ip=null | op=PUT_BLOCK {blockData=[blockId=conID: 1 locID: 102670695852016056 bcsId: 0,size=1048576]} | ret=SUCCESS |  
2019-08-24 07:08:16,081 [grpc-default-executor-5] INFO  client.GrpcClientProtocolClient (GrpcClientProtocolClient.java:onNext(255)) - client-6EDD19400D46->06a4573b-67a1-41e3-a350-f896363bc636: receive RaftClientReply:client-6EDD19400D46->06a4573b-67a1-41e3-a350-f896363bc636@group-757E3781CD2A, cid=972, SUCCESS, logIndex=0, commits[06a4573b-67a1-41e3-a350-f896363bc636:c1290, 0b725bbf-683b-4664-9a2e-3c9dd6e38bc1:c1286, 9193e3b7-ae04-484d-a740-c65c11559486:c1286]
2019-08-24 07:08:16,086 | INFO  | DNAudit | user=null | ip=null | op=WRITE_CHUNK {blockData=conID: 1 locID: 102670695852016056 bcsId: 1288} | ret=SUCCESS |  
2019-08-24 07:08:16,089 | INFO  | DNAudit | user=null | ip=null | op=WRITE_CHUNK {blockData=conID: 1 locID: 102670695852016056 bcsId: 1288} | ret=SUCCESS |  
2019-08-24 07:08:16,090 | INFO  | DNAudit | user=null | ip=null | op=WRITE_CHUNK {blockData=conID: 1 locID: 102670695852016056 bcsId: 1288} | ret=SUCCESS |  
2019-08-24 07:08:16,091 | INFO  | DNAudit | user=null | ip=null | op=WRITE_CHUNK {blockData=conID: 1 locID: 102670695852016056 bcsId: 0} | ret=SUCCESS |  
2019-08-24 07:08:16,091 | INFO  | DNAudit | user=null | ip=null | op=PUT_BLOCK {blockData=[blockId=conID: 1 locID: 102670695852016056 bcsId: 0,size=2097152]} | ret=SUCCESS |  
2019-08-24 07:08:16,092 | INFO  | DNAudit | user=null | ip=null | op=WRITE_CHUNK {blockData=conID: 1 locID: 102670695852016056 bcsId: 0} | ret=SUCCESS |  
2019-08-24 07:08:16,092 | INFO  | DNAudit | user=null | ip=null | op=PUT_BLOCK {blockData=[blockId=conID: 1 locID: 102670695852016056 bcsId: 0,size=2097152]} | ret=SUCCESS |  
2019-08-24 07:08:16,094 | INFO  | DNAudit | user=null | ip=null | op=WRITE_CHUNK {blockData=conID: 1 locID: 102670695852016056 bcsId: 1288} | ret=SUCCESS |  
2019-08-24 07:08:16,095 | INFO  | DNAudit | user=null | ip=null | op=PUT_BLOCK {blockData=[blockId=conID: 1 locID: 102670695852016056 bcsId: 0,size=3145728]} | ret=SUCCESS |  
2019-08-24 07:08:16,095 [grpc-default-executor-0] INFO  client.GrpcClientProtocolClient (GrpcClientProtocolClient.java:onNext(255)) - client-6EDD19400D46->06a4573b-67a1-41e3-a350-f896363bc636: receive RaftClientReply:client-6EDD19400D46->06a4573b-67a1-41e3-a350-f896363bc636@group-757E3781CD2A, cid=973, SUCCESS, logIndex=1293, commits[06a4573b-67a1-41e3-a350-f896363bc636:c1294, 0b725bbf-683b-4664-9a2e-3c9dd6e38bc1:c1288, 9193e3b7-ae04-484d-a740-c65c11559486:c1290]
2019-08-24 07:08:16,095 [grpc-default-executor-0] INFO  client.GrpcClientProtocolClient (GrpcClientProtocolClient.java:onNext(255)) - client-6EDD19400D46->06a4573b-67a1-41e3-a350-f896363bc636: receive RaftClientReply:client-6EDD19400D46->06a4573b-67a1-41e3-a350-f896363bc636@group-757E3781CD2A, cid=974, SUCCESS, logIndex=1294, commits[06a4573b-67a1-41e3-a350-f896363bc636:c1294, 0b725bbf-683b-4664-9a2e-3c9dd6e38bc1:c1290, 9193e3b7-ae04-484d-a740-c65c11559486:c1290]
2019-08-24 07:08:16,101 | INFO  | DNAudit | user=null | ip=null | op=WRITE_CHUNK {blockData=conID: 1 locID: 102670695852016056 bcsId: 1294} | ret=SUCCESS |  
2019-08-24 07:08:16,103 | INFO  | DNAudit | user=null | ip=null | op=WRITE_CHUNK {blockData=conID: 1 locID: 102670695852016056 bcsId: 1294} | ret=SUCCESS |  
2019-08-24 07:08:16,104 | INFO  | DNAudit | user=null | ip=null | op=WRITE_CHUNK {blockData=conID: 1 locID: 102670695852016056 bcsId: 1294} | ret=SUCCESS |  
2019-08-24 07:08:16,108 | INFO  | DNAudit | user=null | ip=null | op=WRITE_CHUNK {blockData=conID: 1 locID: 102670695852016056 bcsId: 1288} | ret=SUCCESS |  
2019-08-24 07:08:16,108 | INFO  | DNAudit | user=null | ip=null | op=WRITE_CHUNK {blockData=conID: 1 locID: 102670695852016056 bcsId: 1288} | ret=SUCCESS |  
2019-08-24 07:08:16,108 | INFO  | DNAudit | user=null | ip=null | op=PUT_BLOCK {blockData=[blockId=conID: 1 locID: 102670695852016056 bcsId: 0,size=3145728]} | ret=SUCCESS |  
2019-08-24 07:08:16,108 | INFO  | DNAudit | user=null | ip=null | op=PUT_BLOCK {blockData=[blockId=conID: 1 locID: 102670695852016056 bcsId: 0,size=3145728]} | ret=SUCCESS |  
 0.00% |█                                                                                                    |  0/1 Time: 0:00:052019-08-24 07:08:16,121 | INFO  | DNAudit | user=null | ip=null | op=WRITE_CHUNK {blockData=conID: 1 locID: 102670695852016056 bcsId: 1294} | ret=SUCCESS |  
2019-08-24 07:08:16,121 | INFO  | DNAudit | user=null | ip=null | op=PUT_BLOCK {blockData=[blockId=conID: 1 locID: 102670695852016056 bcsId: 0,size=4194304]} | ret=SUCCESS |  
2019-08-24 07:08:16,121 [grpc-default-executor-0] INFO  client.GrpcClientProtocolClient (GrpcClientProtocolClient.java:onNext(255)) - client-6EDD19400D46->06a4573b-67a1-41e3-a350-f896363bc636: receive RaftClientReply:client-6EDD19400D46->06a4573b-67a1-41e3-a350-f896363bc636@group-757E3781CD2A, cid=975, SUCCESS, logIndex=1296, commits[06a4573b-67a1-41e3-a350-f896363bc636:c1297, 0b725bbf-683b-4664-9a2e-3c9dd6e38bc1:c1294, 9193e3b7-ae04-484d-a740-c65c11559486:c1294]
2019-08-24 07:08:16,122 [grpc-default-executor-0] INFO  client.GrpcClientProtocolClient (GrpcClientProtocolClient.java:onNext(255)) - client-6EDD19400D46->06a4573b-67a1-41e3-a350-f896363bc636: receive RaftClientReply:client-6EDD19400D46->06a4573b-67a1-41e3-a350-f896363bc636@group-757E3781CD2A, cid=976, SUCCESS, logIndex=1297, commits[06a4573b-67a1-41e3-a350-f896363bc636:c1297, 0b725bbf-683b-4664-9a2e-3c9dd6e38bc1:c1294, 9193e3b7-ae04-484d-a740-c65c11559486:c1294]
2019-08-24 07:08:16,132 | INFO  | DNAudit | user=null | ip=null | op=WRITE_CHUNK {blockData=conID: 1 locID: 102670695852016056 bcsId: 1294} | ret=SUCCESS |  
2019-08-24 07:08:16,132 | INFO  | DNAudit | user=null | ip=null | op=WRITE_CHUNK {blockData=conID: 1 locID: 102670695852016056 bcsId: 1294} | ret=SUCCESS |  
2019-08-24 07:08:16,133 | INFO  | DNAudit | user=null | ip=null | op=PUT_BLOCK {blockData=[blockId=conID: 1 locID: 102670695852016056 bcsId: 0,size=4194304]} | ret=SUCCESS |  
2019-08-24 07:08:16,133 | INFO  | DNAudit | user=null | ip=null | op=PUT_BLOCK {blockData=[blockId=conID: 1 locID: 102670695852016056 bcsId: 0,size=4194304]} | ret=SUCCESS |  
2019-08-24 07:08:16,133 [grpc-default-executor-0] INFO  client.GrpcClientProtocolClient (GrpcClientProtocolClient.java:onNext(255)) - client-6EDD19400D46->06a4573b-67a1-41e3-a350-f896363bc636: receive RaftClientReply:client-6EDD19400D46->06a4573b-67a1-41e3-a350-f896363bc636@group-757E3781CD2A, cid=977, SUCCESS, logIndex=0, commits[06a4573b-67a1-41e3-a350-f896363bc636:c1298, 0b725bbf-683b-4664-9a2e-3c9dd6e38bc1:c1297, 9193e3b7-ae04-484d-a740-c65c11559486:c1297]
2019-08-24 07:08:16,139 | INFO  | DNAudit | user=null | ip=null | op=WRITE_CHUNK {blockData=conID: 2 locID: 102670695852016057 bcsId: 0} | ret=SUCCESS |  
2019-08-24 07:08:16,141 | INFO  | DNAudit | user=null | ip=null | op=WRITE_CHUNK {blockData=conID: 2 locID: 102670695852016057 bcsId: 0} | ret=SUCCESS |  
2019-08-24 07:08:16,142 | INFO  | DNAudit | user=null | ip=null | op=WRITE_CHUNK {blockData=conID: 2 locID: 102670695852016057 bcsId: 0} | ret=SUCCESS |  
2019-08-24 07:08:16,142 | INFO  | DNAudit | user=null | ip=null | op=WRITE_CHUNK {blockData=conID: 2 locID: 102670695852016057 bcsId: 0} | ret=SUCCESS |  
2019-08-24 07:08:16,144 | INFO  | DNAudit | user=null | ip=null | op=WRITE_CHUNK {blockData=conID: 2 locID: 102670695852016057 bcsId: 0} | ret=SUCCESS |  
2019-08-24 07:08:16,144 | INFO  | DNAudit | user=null | ip=null | op=WRITE_CHUNK {blockData=conID: 2 locID: 102670695852016057 bcsId: 0} | ret=SUCCESS |  
2019-08-24 07:08:16,151 | INFO  | DNAudit | user=null | ip=null | op=WRITE_CHUNK {blockData=conID: 2 locID: 102670695852016057 bcsId: 0} | ret=SUCCESS |  
2019-08-24 07:08:16,152 | INFO  | DNAudit | user=null | ip=null | op=PUT_BLOCK {blockData=[blockId=conID: 2 locID: 102670695852016057 bcsId: 0,size=1048576]} | ret=SUCCESS |  
2019-08-24 07:08:16,152 | INFO  | DNAudit | user=null | ip=null | op=WRITE_CHUNK {blockData=conID: 2 locID: 102670695852016057 bcsId: 0} | ret=SUCCESS |  
2019-08-24 07:08:16,152 [grpc-default-executor-2] INFO  client.GrpcClientProtocolClient (GrpcClientProtocolClient.java:onNext(255)) - client-6EDD19400D46->06a4573b-67a1-41e3-a350-f896363bc636: receive RaftClientReply:client-6EDD19400D46->06a4573b-67a1-41e3-a350-f896363bc636@group-757E3781CD2A, cid=978, SUCCESS, logIndex=1300, commits[06a4573b-67a1-41e3-a350-f896363bc636:c1301, 0b725bbf-683b-4664-9a2e-3c9dd6e38bc1:c1299, 9193e3b7-ae04-484d-a740-c65c11559486:c1299]
2019-08-24 07:08:16,152 | INFO  | DNAudit | user=null | ip=null | op=PUT_BLOCK {blockData=[blockId=conID: 2 locID: 102670695852016057 bcsId: 0,size=2097152]} | ret=SUCCESS |  
2019-08-24 07:08:16,153 [grpc-default-executor-2] INFO  client.GrpcClientProtocolClient (GrpcClientProtocolClient.java:onNext(255)) - client-6EDD19400D46->06a4573b-67a1-41e3-a350-f896363bc636: receive RaftClientReply:client-6EDD19400D46->06a4573b-67a1-41e3-a350-f896363bc636@group-757E3781CD2A, cid=979, SUCCESS, logIndex=1301, commits[06a4573b-67a1-41e3-a350-f896363bc636:c1303, 0b725bbf-683b-4664-9a2e-3c9dd6e38bc1:c1299, 9193e3b7-ae04-484d-a740-c65c11559486:c1299]
2019-08-24 07:08:16,153 [grpc-default-executor-2] INFO  client.GrpcClientProtocolClient (GrpcClientProtocolClient.java:onNext(255)) - client-6EDD19400D46->06a4573b-67a1-41e3-a350-f896363bc636: receive RaftClientReply:client-6EDD19400D46->06a4573b-67a1-41e3-a350-f896363bc636@group-757E3781CD2A, cid=980, SUCCESS, logIndex=1302, commits[06a4573b-67a1-41e3-a350-f896363bc636:c1303, 0b725bbf-683b-4664-9a2e-3c9dd6e38bc1:c1299, 9193e3b7-ae04-484d-a740-c65c11559486:c1299]
2019-08-24 07:08:16,153 [grpc-default-executor-2] INFO  client.GrpcClientProtocolClient (GrpcClientProtocolClient.java:onNext(255)) - client-6EDD19400D46->06a4573b-67a1-41e3-a350-f896363bc636: receive RaftClientReply:client-6EDD19400D46->06a4573b-67a1-41e3-a350-f896363bc636@group-757E3781CD2A, cid=981, SUCCESS, logIndex=1303, commits[06a4573b-67a1-41e3-a350-f896363bc636:c1303, 0b725bbf-683b-4664-9a2e-3c9dd6e38bc1:c1299, 9193e3b7-ae04-484d-a740-c65c11559486:c1299]
2019-08-24 07:08:16,165 | INFO  | DNAudit | user=null | ip=null | op=WRITE_CHUNK {blockData=conID: 2 locID: 102670695852016057 bcsId: 0} | ret=SUCCESS |  
2019-08-24 07:08:16,165 | INFO  | DNAudit | user=null | ip=null | op=PUT_BLOCK {blockData=[blockId=conID: 2 locID: 102670695852016057 bcsId: 0,size=1048576]} | ret=SUCCESS |  
2019-08-24 07:08:16,165 | INFO  | DNAudit | user=null | ip=null | op=WRITE_CHUNK {blockData=conID: 2 locID: 102670695852016057 bcsId: 0} | ret=SUCCESS |  
2019-08-24 07:08:16,165 | INFO  | DNAudit | user=null | ip=null | op=PUT_BLOCK {blockData=[blockId=conID: 2 locID: 102670695852016057 bcsId: 0,size=1048576]} | ret=SUCCESS |  
2019-08-24 07:08:16,166 | INFO  | DNAudit | user=null | ip=null | op=WRITE_CHUNK {blockData=conID: 2 locID: 102670695852016057 bcsId: 0} | ret=SUCCESS |  
2019-08-24 07:08:16,166 | INFO  | DNAudit | user=null | ip=null | op=PUT_BLOCK {blockData=[blockId=conID: 2 locID: 102670695852016057 bcsId: 0,size=2097152]} | ret=SUCCESS |  
2019-08-24 07:08:16,166 | INFO  | DNAudit | user=null | ip=null | op=WRITE_CHUNK {blockData=conID: 2 locID: 102670695852016057 bcsId: 0} | ret=SUCCESS |  
2019-08-24 07:08:16,166 [grpc-default-executor-0] INFO  client.GrpcClientProtocolClient (GrpcClientProtocolClient.java:onNext(255)) - client-6EDD19400D46->06a4573b-67a1-41e3-a350-f896363bc636: receive RaftClientReply:client-6EDD19400D46->06a4573b-67a1-41e3-a350-f896363bc636@group-757E3781CD2A, cid=982, SUCCESS, logIndex=0, commits[06a4573b-67a1-41e3-a350-f896363bc636:c1305, 0b725bbf-683b-4664-9a2e-3c9dd6e38bc1:c1301, 9193e3b7-ae04-484d-a740-c65c11559486:c1301]
2019-08-24 07:08:16,166 | INFO  | DNAudit | user=null | ip=null | op=PUT_BLOCK {blockData=[blockId=conID: 2 locID: 102670695852016057 bcsId: 0,size=2097152]} | ret=SUCCESS |  
2019-08-24 07:08:16,172 | INFO  | DNAudit | user=null | ip=null | op=WRITE_CHUNK {blockData=conID: 2 locID: 102670695852016057 bcsId: 1303} | ret=SUCCESS |  
2019-08-24 07:08:16,174 | INFO  | DNAudit | user=null | ip=null | op=WRITE_CHUNK {blockData=conID: 2 locID: 102670695852016057 bcsId: 1303} | ret=SUCCESS |  
2019-08-24 07:08:16,174 | INFO  | DNAudit | user=null | ip=null | op=WRITE_CHUNK {blockData=conID: 2 locID: 102670695852016057 bcsId: 1303} | ret=SUCCESS |  
2019-08-24 07:08:16,184 | INFO  | DNAudit | user=null | ip=null | op=WRITE_CHUNK {blockData=conID: 2 locID: 102670695852016057 bcsId: 1303} | ret=SUCCESS |  
2019-08-24 07:08:16,185 | INFO  | DNAudit | user=null | ip=null | op=PUT_BLOCK {blockData=[blockId=conID: 2 locID: 102670695852016057 bcsId: 0,size=3145728]} | ret=SUCCESS |  
2019-08-24 07:08:16,185 [grpc-default-executor-5] INFO  client.GrpcClientProtocolClient (GrpcClientProtocolClient.java:onNext(255)) - client-6EDD19400D46->06a4573b-67a1-41e3-a350-f896363bc636: receive RaftClientReply:client-6EDD19400D46->06a4573b-67a1-41e3-a350-f896363bc636@group-757E3781CD2A, cid=983, SUCCESS, logIndex=1308, commits[06a4573b-67a1-41e3-a350-f896363bc636:c1309, 0b725bbf-683b-4664-9a2e-3c9dd6e38bc1:c1307, 9193e3b7-ae04-484d-a740-c65c11559486:c1307]
2019-08-24 07:08:16,185 [grpc-default-executor-5] INFO  client.GrpcClientProtocolClient (GrpcClientProtocolClient.java:onNext(255)) - client-6EDD19400D46->06a4573b-67a1-41e3-a350-f896363bc636: receive RaftClientReply:client-6EDD19400D46->06a4573b-67a1-41e3-a350-f896363bc636@group-757E3781CD2A, cid=984, SUCCESS, logIndex=1309, commits[06a4573b-67a1-41e3-a350-f896363bc636:c1309, 0b725bbf-683b-4664-9a2e-3c9dd6e38bc1:c1307, 9193e3b7-ae04-484d-a740-c65c11559486:c1307]
2019-08-24 07:08:16,191 | INFO  | DNAudit | user=null | ip=null | op=WRITE_CHUNK {blockData=conID: 2 locID: 102670695852016057 bcsId: 1309} | ret=SUCCESS |  
2019-08-24 07:08:16,194 | INFO  | DNAudit | user=null | ip=null | op=WRITE_CHUNK {blockData=conID: 2 locID: 102670695852016057 bcsId: 1309} | ret=SUCCESS |  
2019-08-24 07:08:16,194 | INFO  | DNAudit | user=null | ip=null | op=WRITE_CHUNK {blockData=conID: 2 locID: 102670695852016057 bcsId: 1309} | ret=SUCCESS |  
2019-08-24 07:08:16,196 | INFO  | DNAudit | user=null | ip=null | op=WRITE_CHUNK {blockData=conID: 2 locID: 102670695852016057 bcsId: 1303} | ret=SUCCESS |  
2019-08-24 07:08:16,196 | INFO  | DNAudit | user=null | ip=null | op=WRITE_CHUNK {blockData=conID: 2 locID: 102670695852016057 bcsId: 1303} | ret=SUCCESS |  
2019-08-24 07:08:16,199 | INFO  | DNAudit | user=null | ip=null | op=PUT_BLOCK {blockData=[blockId=conID: 2 locID: 102670695852016057 bcsId: 0,size=3145728]} | ret=SUCCESS |  
2019-08-24 07:08:16,199 | INFO  | DNAudit | user=null | ip=null | op=PUT_BLOCK {blockData=[blockId=conID: 2 locID: 102670695852016057 bcsId: 0,size=3145728]} | ret=SUCCESS |  
2019-08-24 07:08:16,199 | INFO  | DNAudit | user=null | ip=null | op=WRITE_CHUNK {blockData=conID: 2 locID: 102670695852016057 bcsId: 1309} | ret=SUCCESS |  
2019-08-24 07:08:16,200 | INFO  | DNAudit | user=null | ip=null | op=PUT_BLOCK {blockData=[blockId=conID: 2 locID: 102670695852016057 bcsId: 0,size=4194304]} | ret=SUCCESS |  
2019-08-24 07:08:16,200 [grpc-default-executor-5] INFO  client.GrpcClientProtocolClient (GrpcClientProtocolClient.java:onNext(255)) - client-6EDD19400D46->06a4573b-67a1-41e3-a350-f896363bc636: receive RaftClientReply:client-6EDD19400D46->06a4573b-67a1-41e3-a350-f896363bc636@group-757E3781CD2A, cid=985, SUCCESS, logIndex=1312, commits[06a4573b-67a1-41e3-a350-f896363bc636:c1313, 0b725bbf-683b-4664-9a2e-3c9dd6e38bc1:c1309, 9193e3b7-ae04-484d-a740-c65c11559486:c1309]
2019-08-24 07:08:16,200 [grpc-default-executor-5] INFO  client.GrpcClientProtocolClient (GrpcClientProtocolClient.java:onNext(255)) - client-6EDD19400D46->06a4573b-67a1-41e3-a350-f896363bc636: receive RaftClientReply:client-6EDD19400D46->06a4573b-67a1-41e3-a350-f896363bc636@group-757E3781CD2A, cid=986, SUCCESS, logIndex=1313, commits[06a4573b-67a1-41e3-a350-f896363bc636:c1313, 0b725bbf-683b-4664-9a2e-3c9dd6e38bc1:c1309, 9193e3b7-ae04-484d-a740-c65c11559486:c1309]
2019-08-24 07:08:16,221 | INFO  | DNAudit | user=null | ip=null | op=WRITE_CHUNK {blockData=conID: 2 locID: 102670695852016057 bcsId: 1309} | ret=SUCCESS |  
2019-08-24 07:08:16,221 | INFO  | DNAudit | user=null | ip=null | op=WRITE_CHUNK {blockData=conID: 2 locID: 102670695852016057 bcsId: 1309} | ret=SUCCESS |  
2019-08-24 07:08:16,223 | INFO  | DNAudit | user=null | ip=null | op=PUT_BLOCK {blockData=[blockId=conID: 2 locID: 102670695852016057 bcsId: 0,size=4194304]} | ret=SUCCESS |  
2019-08-24 07:08:16,223 | INFO  | DNAudit | user=null | ip=null | op=PUT_BLOCK {blockData=[blockId=conID: 2 locID: 102670695852016057 bcsId: 0,size=4194304]} | ret=SUCCESS |  
2019-08-24 07:08:16,223 [grpc-default-executor-2] INFO  client.GrpcClientProtocolClient (GrpcClientProtocolClient.java:onNext(255)) - client-6EDD19400D46->06a4573b-67a1-41e3-a350-f896363bc636: receive RaftClientReply:client-6EDD19400D46->06a4573b-67a1-41e3-a350-f896363bc636@group-757E3781CD2A, cid=987, SUCCESS, logIndex=0, commits[06a4573b-67a1-41e3-a350-f896363bc636:c1315, 0b725bbf-683b-4664-9a2e-3c9dd6e38bc1:c1313, 9193e3b7-ae04-484d-a740-c65c11559486:c1313]
2019-08-24 07:08:16,231 | INFO  | DNAudit | user=null | ip=null | op=WRITE_CHUNK {blockData=conID: 3 locID: 102670695852081594 bcsId: 0} | ret=SUCCESS |  
2019-08-24 07:08:16,234 | INFO  | DNAudit | user=null | ip=null | op=WRITE_CHUNK {blockData=conID: 3 locID: 102670695852081594 bcsId: 0} | ret=SUCCESS |  
2019-08-24 07:08:16,234 | INFO  | DNAudit | user=null | ip=null | op=WRITE_CHUNK {blockData=conID: 3 locID: 102670695852081594 bcsId: 0} | ret=SUCCESS |  
2019-08-24 07:08:16,234 | INFO  | DNAudit | user=null | ip=null | op=WRITE_CHUNK {blockData=conID: 3 locID: 102670695852081594 bcsId: 0} | ret=SUCCESS |  
2019-08-24 07:08:16,237 | INFO  | DNAudit | user=null | ip=null | op=WRITE_CHUNK {blockData=conID: 3 locID: 102670695852081594 bcsId: 0} | ret=SUCCESS |  
2019-08-24 07:08:16,237 | INFO  | DNAudit | user=null | ip=null | op=WRITE_CHUNK {blockData=conID: 3 locID: 102670695852081594 bcsId: 0} | ret=SUCCESS |  
2019-08-24 07:08:16,245 | INFO  | DNAudit | user=null | ip=null | op=WRITE_CHUNK {blockData=conID: 3 locID: 102670695852081594 bcsId: 0} | ret=SUCCESS |  
2019-08-24 07:08:16,245 | INFO  | DNAudit | user=null | ip=null | op=PUT_BLOCK {blockData=[blockId=conID: 3 locID: 102670695852081594 bcsId: 0,size=1048576]} | ret=SUCCESS |  
2019-08-24 07:08:16,246 | INFO  | DNAudit | user=null | ip=null | op=WRITE_CHUNK {blockData=conID: 3 locID: 102670695852081594 bcsId: 0} | ret=SUCCESS |  
2019-08-24 07:08:16,246 [grpc-default-executor-1] INFO  client.GrpcClientProtocolClient (GrpcClientProtocolClient.java:onNext(255)) - client-6EDD19400D46->06a4573b-67a1-41e3-a350-f896363bc636: receive RaftClientReply:client-6EDD19400D46->06a4573b-67a1-41e3-a350-f896363bc636@group-757E3781CD2A, cid=988, SUCCESS, logIndex=1316, commits[06a4573b-67a1-41e3-a350-f896363bc636:c1317, 0b725bbf-683b-4664-9a2e-3c9dd6e38bc1:c1315, 9193e3b7-ae04-484d-a740-c65c11559486:c1315]
2019-08-24 07:08:16,246 | INFO  | DNAudit | user=null | ip=null | op=PUT_BLOCK {blockData=[blockId=conID: 3 locID: 102670695852081594 bcsId: 0,size=2097152]} | ret=SUCCESS |  
2019-08-24 07:08:16,246 [grpc-default-executor-1] INFO  client.GrpcClientProtocolClient (GrpcClientProtocolClient.java:onNext(255)) - client-6EDD19400D46->06a4573b-67a1-41e3-a350-f896363bc636: receive RaftClientReply:client-6EDD19400D46->06a4573b-67a1-41e3-a350-f896363bc636@group-757E3781CD2A, cid=989, SUCCESS, logIndex=1317, commits[06a4573b-67a1-41e3-a350-f896363bc636:c1319, 0b725bbf-683b-4664-9a2e-3c9dd6e38bc1:c1315, 9193e3b7-ae04-484d-a740-c65c11559486:c1315]
2019-08-24 07:08:16,246 [grpc-default-executor-1] INFO  client.GrpcClientProtocolClient (GrpcClientProtocolClient.java:onNext(255)) - client-6EDD19400D46->06a4573b-67a1-41e3-a350-f896363bc636: receive RaftClientReply:client-6EDD19400D46->06a4573b-67a1-41e3-a350-f896363bc636@group-757E3781CD2A, cid=990, SUCCESS, logIndex=1318, commits[06a4573b-67a1-41e3-a350-f896363bc636:c1319, 0b725bbf-683b-4664-9a2e-3c9dd6e38bc1:c1315, 9193e3b7-ae04-484d-a740-c65c11559486:c1315]
2019-08-24 07:08:16,247 [grpc-default-executor-1] INFO  client.GrpcClientProtocolClient (GrpcClientProtocolClient.java:onNext(255)) - client-6EDD19400D46->06a4573b-67a1-41e3-a350-f896363bc636: receive RaftClientReply:client-6EDD19400D46->06a4573b-67a1-41e3-a350-f896363bc636@group-757E3781CD2A, cid=991, SUCCESS, logIndex=1319, commits[06a4573b-67a1-41e3-a350-f896363bc636:c1319, 0b725bbf-683b-4664-9a2e-3c9dd6e38bc1:c1315, 9193e3b7-ae04-484d-a740-c65c11559486:c1315]
2019-08-24 07:08:16,259 | INFO  | DNAudit | user=null | ip=null | op=WRITE_CHUNK {blockData=conID: 3 locID: 102670695852081594 bcsId: 0} | ret=SUCCESS |  
2019-08-24 07:08:16,259 | INFO  | DNAudit | user=null | ip=null | op=WRITE_CHUNK {blockData=conID: 3 locID: 102670695852081594 bcsId: 0} | ret=SUCCESS |  
2019-08-24 07:08:16,259 | INFO  | DNAudit | user=null | ip=null | op=PUT_BLOCK {blockData=[blockId=conID: 3 locID: 102670695852081594 bcsId: 0,size=1048576]} | ret=SUCCESS |  
2019-08-24 07:08:16,259 | INFO  | DNAudit | user=null | ip=null | op=PUT_BLOCK {blockData=[blockId=conID: 3 locID: 102670695852081594 bcsId: 0,size=1048576]} | ret=SUCCESS |  
2019-08-24 07:08:16,260 | INFO  | DNAudit | user=null | ip=null | op=WRITE_CHUNK {blockData=conID: 3 locID: 102670695852081594 bcsId: 0} | ret=SUCCESS |  
2019-08-24 07:08:16,260 | INFO  | DNAudit | user=null | ip=null | op=WRITE_CHUNK {blockData=conID: 3 locID: 102670695852081594 bcsId: 0} | ret=SUCCESS |  
2019-08-24 07:08:16,260 | INFO  | DNAudit | user=null | ip=null | op=PUT_BLOCK {blockData=[blockId=conID: 3 locID: 102670695852081594 bcsId: 0,size=2097152]} | ret=SUCCESS |  
2019-08-24 07:08:16,260 [grpc-default-executor-1] INFO  client.GrpcClientProtocolClient (GrpcClientProtocolClient.java:onNext(255)) - client-6EDD19400D46->06a4573b-67a1-41e3-a350-f896363bc636: receive RaftClientReply:client-6EDD19400D46->06a4573b-67a1-41e3-a350-f896363bc636@group-757E3781CD2A, cid=992, SUCCESS, logIndex=0, commits[06a4573b-67a1-41e3-a350-f896363bc636:c1321, 0b725bbf-683b-4664-9a2e-3c9dd6e38bc1:c1317, 9193e3b7-ae04-484d-a740-c65c11559486:c1317]
2019-08-24 07:08:16,260 | INFO  | DNAudit | user=null | ip=null | op=PUT_BLOCK {blockData=[blockId=conID: 3 locID: 102670695852081594 bcsId: 0,size=2097152]} | ret=SUCCESS |  
2019-08-24 07:08:16,406 | INFO  | DNAudit | user=null | ip=null | op=WRITE_CHUNK {blockData=conID: 3 locID: 102670695852081594 bcsId: 1319} | ret=SUCCESS |  
2019-08-24 07:08:16,412 | INFO  | DNAudit | user=null | ip=null | op=WRITE_CHUNK {blockData=conID: 3 locID: 102670695852081594 bcsId: 1319} | ret=SUCCESS |  
2019-08-24 07:08:16,412 | INFO  | DNAudit | user=null | ip=null | op=WRITE_CHUNK {blockData=conID: 3 locID: 102670695852081594 bcsId: 1319} | ret=SUCCESS |  
2019-08-24 07:08:16,419 | INFO  | DNAudit | user=null | ip=null | op=WRITE_CHUNK {blockData=conID: 3 locID: 102670695852081594 bcsId: 1319} | ret=SUCCESS |  
2019-08-24 07:08:16,420 | INFO  | DNAudit | user=null | ip=null | op=PUT_BLOCK {blockData=[blockId=conID: 3 locID: 102670695852081594 bcsId: 0,size=3145728]} | ret=SUCCESS |  
2019-08-24 07:08:16,420 [grpc-default-executor-1] INFO  client.GrpcClientProtocolClient (GrpcClientProtocolClient.java:onNext(255)) - client-6EDD19400D46->06a4573b-67a1-41e3-a350-f896363bc636: receive RaftClientReply:client-6EDD19400D46->06a4573b-67a1-41e3-a350-f896363bc636@group-757E3781CD2A, cid=993, SUCCESS, logIndex=1324, commits[06a4573b-67a1-41e3-a350-f896363bc636:c1325, 0b725bbf-683b-4664-9a2e-3c9dd6e38bc1:c1323, 9193e3b7-ae04-484d-a740-c65c11559486:c1323]
2019-08-24 07:08:16,421 [grpc-default-executor-1] INFO  client.GrpcClientProtocolClient (GrpcClientProtocolClient.java:onNext(255)) - client-6EDD19400D46->06a4573b-67a1-41e3-a350-f896363bc636: receive RaftClientReply:client-6EDD19400D46->06a4573b-67a1-41e3-a350-f896363bc636@group-757E3781CD2A, cid=994, SUCCESS, logIndex=1325, commits[06a4573b-67a1-41e3-a350-f896363bc636:c1325, 0b725bbf-683b-4664-9a2e-3c9dd6e38bc1:c1323, 9193e3b7-ae04-484d-a740-c65c11559486:c1323]
2019-08-24 07:08:16,428 | INFO  | SCMAudit | user=jenkins1000 | ip=192.168.69.125 | op=SEND_HEARTBEAT {datanodeUUID=25ce0803-6f34-4c69-82c0-892f08679042, command=[]} | ret=SUCCESS |  
2019-08-24 07:08:16,428 | INFO  | SCMAudit | user=jenkins1000 | ip=192.168.69.125 | op=SEND_HEARTBEAT {datanodeUUID=0b725bbf-683b-4664-9a2e-3c9dd6e38bc1, command=[]} | ret=SUCCESS |  
2019-08-24 07:08:16,428 | INFO  | SCMAudit | user=jenkins1000 | ip=192.168.69.125 | op=SEND_HEARTBEAT {datanodeUUID=06a4573b-67a1-41e3-a350-f896363bc636, command=[]} | ret=SUCCESS |  
2019-08-24 07:08:16,428 | INFO  | SCMAudit | user=jenkins1000 | ip=192.168.69.125 | op=SEND_HEARTBEAT {datanodeUUID=9193e3b7-ae04-484d-a740-c65c11559486, command=[]} | ret=SUCCESS |  
2019-08-24 07:08:16,429 | INFO  | DNAudit | user=null | ip=null | op=WRITE_CHUNK {blockData=conID: 3 locID: 102670695852081594 bcsId: 1325} | ret=SUCCESS |  
2019-08-24 07:08:16,432 | INFO  | DNAudit | user=null | ip=null | op=WRITE_CHUNK {blockData=conID: 3 locID: 102670695852081594 bcsId: 1319} | ret=SUCCESS |  
2019-08-24 07:08:16,433 | INFO  | DNAudit | user=null | ip=null | op=WRITE_CHUNK {blockData=conID: 3 locID: 102670695852081594 bcsId: 1319} | ret=SUCCESS |  
2019-08-24 07:08:16,433 | INFO  | DNAudit | user=null | ip=null | op=PUT_BLOCK {blockData=[blockId=conID: 3 locID: 102670695852081594 bcsId: 0,size=3145728]} | ret=SUCCESS |  
2019-08-24 07:08:16,433 | INFO  | DNAudit | user=null | ip=null | op=PUT_BLOCK {blockData=[blockId=conID: 3 locID: 102670695852081594 bcsId: 0,size=3145728]} | ret=SUCCESS |  
2019-08-24 07:08:16,434 | INFO  | DNAudit | user=null | ip=null | op=WRITE_CHUNK {blockData=conID: 3 locID: 102670695852081594 bcsId: 1325} | ret=SUCCESS |  
2019-08-24 07:08:16,434 | INFO  | DNAudit | user=null | ip=null | op=WRITE_CHUNK {blockData=conID: 3 locID: 102670695852081594 bcsId: 1325} | ret=SUCCESS |  
2019-08-24 07:08:16,446 | INFO  | DNAudit | user=null | ip=null | op=WRITE_CHUNK {blockData=conID: 3 locID: 102670695852081594 bcsId: 1325} | ret=SUCCESS |  
2019-08-24 07:08:16,447 | INFO  | DNAudit | user=null | ip=null | op=PUT_BLOCK {blockData=[blockId=conID: 3 locID: 102670695852081594 bcsId: 0,size=4194304]} | ret=SUCCESS |  
2019-08-24 07:08:16,447 [grpc-default-executor-1] INFO  client.GrpcClientProtocolClient (GrpcClientProtocolClient.java:onNext(255)) - client-6EDD19400D46->06a4573b-67a1-41e3-a350-f896363bc636: receive RaftClientReply:client-6EDD19400D46->06a4573b-67a1-41e3-a350-f896363bc636@group-757E3781CD2A, cid=995, SUCCESS, logIndex=1328, commits[06a4573b-67a1-41e3-a350-f896363bc636:c1329, 0b725bbf-683b-4664-9a2e-3c9dd6e38bc1:c1325, 9193e3b7-ae04-484d-a740-c65c11559486:c1325]
2019-08-24 07:08:16,448 [grpc-default-executor-1] INFO  client.GrpcClientProtocolClient (GrpcClientProtocolClient.java:onNext(255)) - client-6EDD19400D46->06a4573b-67a1-41e3-a350-f896363bc636: receive RaftClientReply:client-6EDD19400D46->06a4573b-67a1-41e3-a350-f896363bc636@group-757E3781CD2A, cid=996, SUCCESS, logIndex=1329, commits[06a4573b-67a1-41e3-a350-f896363bc636:c1329, 0b725bbf-683b-4664-9a2e-3c9dd6e38bc1:c1325, 9193e3b7-ae04-484d-a740-c65c11559486:c1325]
2019-08-24 07:08:16,483 | INFO  | DNAudit | user=null | ip=null | op=WRITE_CHUNK {blockData=conID: 3 locID: 102670695852081594 bcsId: 1325} | ret=SUCCESS |  
2019-08-24 07:08:16,483 | INFO  | DNAudit | user=null | ip=null | op=WRITE_CHUNK {blockData=conID: 3 locID: 102670695852081594 bcsId: 1325} | ret=SUCCESS |  
2019-08-24 07:08:16,483 | INFO  | DNAudit | user=null | ip=null | op=PUT_BLOCK {blockData=[blockId=conID: 3 locID: 102670695852081594 bcsId: 0,size=4194304]} | ret=SUCCESS |  
2019-08-24 07:08:16,483 | INFO  | DNAudit | user=null | ip=null | op=PUT_BLOCK {blockData=[blockId=conID: 3 locID: 102670695852081594 bcsId: 0,size=4194304]} | ret=SUCCESS |  
2019-08-24 07:08:16,484 [grpc-default-executor-1] INFO  client.GrpcClientProtocolClient (GrpcClientProtocolClient.java:onNext(255)) - client-6EDD19400D46->06a4573b-67a1-41e3-a350-f896363bc636: receive RaftClientReply:client-6EDD19400D46->06a4573b-67a1-41e3-a350-f896363bc636@group-757E3781CD2A, cid=997, SUCCESS, logIndex=0, commits[06a4573b-67a1-41e3-a350-f896363bc636:c1330, 0b725bbf-683b-4664-9a2e-3c9dd6e38bc1:c1329, 9193e3b7-ae04-484d-a740-c65c11559486:c1329]
2019-08-24 07:08:16,495 | INFO  | DNAudit | user=null | ip=null | op=WRITE_CHUNK {blockData=conID: 1 locID: 102670695852081595 bcsId: 0} | ret=SUCCESS |  
2019-08-24 07:08:16,498 | INFO  | DNAudit | user=null | ip=null | op=WRITE_CHUNK {blockData=conID: 1 locID: 102670695852081595 bcsId: 0} | ret=SUCCESS |  
2019-08-24 07:08:16,499 | INFO  | DNAudit | user=null | ip=null | op=WRITE_CHUNK {blockData=conID: 1 locID: 102670695852081595 bcsId: 0} | ret=SUCCESS |  
2019-08-24 07:08:16,499 | INFO  | DNAudit | user=null | ip=null | op=WRITE_CHUNK {blockData=conID: 1 locID: 102670695852081595 bcsId: 0} | ret=SUCCESS |  
2019-08-24 07:08:16,501 | INFO  | DNAudit | user=null | ip=null | op=WRITE_CHUNK {blockData=conID: 1 locID: 102670695852081595 bcsId: 0} | ret=SUCCESS |  
2019-08-24 07:08:16,501 | INFO  | DNAudit | user=null | ip=null | op=WRITE_CHUNK {blockData=conID: 1 locID: 102670695852081595 bcsId: 0} | ret=SUCCESS |  
2019-08-24 07:08:16,508 | INFO  | DNAudit | user=null | ip=null | op=WRITE_CHUNK {blockData=conID: 1 locID: 102670695852081595 bcsId: 0} | ret=SUCCESS |  
2019-08-24 07:08:16,509 | INFO  | DNAudit | user=null | ip=null | op=PUT_BLOCK {blockData=[blockId=conID: 1 locID: 102670695852081595 bcsId: 0,size=1048576]} | ret=SUCCESS |  
2019-08-24 07:08:16,509 [grpc-default-executor-0] INFO  client.GrpcClientProtocolClient (GrpcClientProtocolClient.java:onNext(255)) - client-6EDD19400D46->06a4573b-67a1-41e3-a350-f896363bc636: receive RaftClientReply:client-6EDD19400D46->06a4573b-67a1-41e3-a350-f896363bc636@group-757E3781CD2A, cid=998, SUCCESS, logIndex=1332, commits[06a4573b-67a1-41e3-a350-f896363bc636:c1333, 0b725bbf-683b-4664-9a2e-3c9dd6e38bc1:c1331, 9193e3b7-ae04-484d-a740-c65c11559486:c1331]
2019-08-24 07:08:16,510 [grpc-default-executor-0] INFO  client.GrpcClientProtocolClient (GrpcClientProtocolClient.java:onNext(255)) - client-6EDD19400D46->06a4573b-67a1-41e3-a350-f896363bc636: receive RaftClientReply:client-6EDD19400D46->06a4573b-67a1-41e3-a350-f896363bc636@group-757E3781CD2A, cid=999, SUCCESS, logIndex=1333, commits[06a4573b-67a1-41e3-a350-f896363bc636:c1333, 0b725bbf-683b-4664-9a2e-3c9dd6e38bc1:c1331, 9193e3b7-ae04-484d-a740-c65c11559486:c1331]
2019-08-24 07:08:16,518 | INFO  | DNAudit | user=null | ip=null | op=WRITE_CHUNK {blockData=conID: 1 locID: 102670695852081595 bcsId: 0} | ret=SUCCESS |  
2019-08-24 07:08:16,518 | INFO  | DNAudit | user=null | ip=null | op=PUT_BLOCK {blockData=[blockId=conID: 1 locID: 102670695852081595 bcsId: 0,size=2097152]} | ret=SUCCESS |  
2019-08-24 07:08:16,518 [grpc-default-executor-1] INFO  client.GrpcClientProtocolClient (GrpcClientProtocolClient.java:onNext(255)) - client-6EDD19400D46->06a4573b-67a1-41e3-a350-f896363bc636: receive RaftClientReply:client-6EDD19400D46->06a4573b-67a1-41e3-a350-f896363bc636@group-757E3781CD2A, cid=1000, SUCCESS, logIndex=1334, commits[06a4573b-67a1-41e3-a350-f896363bc636:c1335, 0b725bbf-683b-4664-9a2e-3c9dd6e38bc1:c1331, 9193e3b7-ae04-484d-a740-c65c11559486:c1331]
2019-08-24 07:08:16,519 [grpc-default-executor-1] INFO  client.GrpcClientProtocolClient (GrpcClientProtocolClient.java:onNext(255)) - client-6EDD19400D46->06a4573b-67a1-41e3-a350-f896363bc636: receive RaftClientReply:client-6EDD19400D46->06a4573b-67a1-41e3-a350-f896363bc636@group-757E3781CD2A, cid=1001, SUCCESS, logIndex=1335, commits[06a4573b-67a1-41e3-a350-f896363bc636:c1335, 0b725bbf-683b-4664-9a2e-3c9dd6e38bc1:c1331, 9193e3b7-ae04-484d-a740-c65c11559486:c1331]
2019-08-24 07:08:16,527 | INFO  | DNAudit | user=null | ip=null | op=WRITE_CHUNK {blockData=conID: 1 locID: 102670695852081595 bcsId: 0} | ret=SUCCESS |  
2019-08-24 07:08:16,527 | INFO  | DNAudit | user=null | ip=null | op=PUT_BLOCK {blockData=[blockId=conID: 1 locID: 102670695852081595 bcsId: 0,size=1048576]} | ret=SUCCESS |  
2019-08-24 07:08:16,529 | INFO  | DNAudit | user=null | ip=null | op=WRITE_CHUNK {blockData=conID: 1 locID: 102670695852081595 bcsId: 0} | ret=SUCCESS |  
2019-08-24 07:08:16,530 | INFO  | DNAudit | user=null | ip=null | op=PUT_BLOCK {blockData=[blockId=conID: 1 locID: 102670695852081595 bcsId: 0,size=1048576]} | ret=SUCCESS |  
2019-08-24 07:08:16,530 | INFO  | DNAudit | user=null | ip=null | op=WRITE_CHUNK {blockData=conID: 1 locID: 102670695852081595 bcsId: 0} | ret=SUCCESS |  
2019-08-24 07:08:16,530 [grpc-default-executor-1] INFO  client.GrpcClientProtocolClient (GrpcClientProtocolClient.java:onNext(255)) - client-6EDD19400D46->06a4573b-67a1-41e3-a350-f896363bc636: receive RaftClientReply:client-6EDD19400D46->06a4573b-67a1-41e3-a350-f896363bc636@group-757E3781CD2A, cid=1002, SUCCESS, logIndex=0, commits[06a4573b-67a1-41e3-a350-f896363bc636:c1337, 0b725bbf-683b-4664-9a2e-3c9dd6e38bc1:c1333, 9193e3b7-ae04-484d-a740-c65c11559486:c1333]
2019-08-24 07:08:16,531 | INFO  | DNAudit | user=null | ip=null | op=PUT_BLOCK {blockData=[blockId=conID: 1 locID: 102670695852081595 bcsId: 0,size=2097152]} | ret=SUCCESS |  
2019-08-24 07:08:16,532 | INFO  | DNAudit | user=null | ip=null | op=WRITE_CHUNK {blockData=conID: 1 locID: 102670695852081595 bcsId: 0} | ret=SUCCESS |  
2019-08-24 07:08:16,533 | INFO  | DNAudit | user=null | ip=null | op=PUT_BLOCK {blockData=[blockId=conID: 1 locID: 102670695852081595 bcsId: 0,size=2097152]} | ret=SUCCESS |  
2019-08-24 07:08:16,539 | INFO  | DNAudit | user=null | ip=null | op=WRITE_CHUNK {blockData=conID: 1 locID: 102670695852081595 bcsId: 1335} | ret=SUCCESS |  
2019-08-24 07:08:16,543 | INFO  | DNAudit | user=null | ip=null | op=WRITE_CHUNK {blockData=conID: 1 locID: 102670695852081595 bcsId: 1335} | ret=SUCCESS |  
2019-08-24 07:08:16,543 | INFO  | DNAudit | user=null | ip=null | op=WRITE_CHUNK {blockData=conID: 1 locID: 102670695852081595 bcsId: 1335} | ret=SUCCESS |  
2019-08-24 07:08:16,550 | INFO  | DNAudit | user=null | ip=null | op=WRITE_CHUNK {blockData=conID: 1 locID: 102670695852081595 bcsId: 1335} | ret=SUCCESS |  
2019-08-24 07:08:16,551 | INFO  | DNAudit | user=null | ip=null | op=PUT_BLOCK {blockData=[blockId=conID: 1 locID: 102670695852081595 bcsId: 0,size=3145728]} | ret=SUCCESS |  
2019-08-24 07:08:16,551 [grpc-default-executor-0] INFO  client.GrpcClientProtocolClient (GrpcClientProtocolClient.java:onNext(255)) - client-6EDD19400D46->06a4573b-67a1-41e3-a350-f896363bc636: receive RaftClientReply:client-6EDD19400D46->06a4573b-67a1-41e3-a350-f896363bc636@group-757E3781CD2A, cid=1003, SUCCESS, logIndex=1340, commits[06a4573b-67a1-41e3-a350-f896363bc636:c1341, 0b725bbf-683b-4664-9a2e-3c9dd6e38bc1:c1339, 9193e3b7-ae04-484d-a740-c65c11559486:c1339]
2019-08-24 07:08:16,552 [grpc-default-executor-0] INFO  client.GrpcClientProtocolClient (GrpcClientProtocolClient.java:onNext(255)) - client-6EDD19400D46->06a4573b-67a1-41e3-a350-f896363bc636: receive RaftClientReply:client-6EDD19400D46->06a4573b-67a1-41e3-a350-f896363bc636@group-757E3781CD2A, cid=1004, SUCCESS, logIndex=1341, commits[06a4573b-67a1-41e3-a350-f896363bc636:c1341, 0b725bbf-683b-4664-9a2e-3c9dd6e38bc1:c1339, 9193e3b7-ae04-484d-a740-c65c11559486:c1339]
2019-08-24 07:08:16,560 | INFO  | DNAudit | user=null | ip=null | op=WRITE_CHUNK {blockData=conID: 1 locID: 102670695852081595 bcsId: 1341} | ret=SUCCESS |  
2019-08-24 07:08:16,565 | INFO  | DNAudit | user=null | ip=null | op=WRITE_CHUNK {blockData=conID: 1 locID: 102670695852081595 bcsId: 1341} | ret=SUCCESS |  
2019-08-24 07:08:16,565 | INFO  | DNAudit | user=null | ip=null | op=WRITE_CHUNK {blockData=conID: 1 locID: 102670695852081595 bcsId: 1341} | ret=SUCCESS |  
2019-08-24 07:08:16,569 | INFO  | DNAudit | user=null | ip=null | op=WRITE_CHUNK {blockData=conID: 1 locID: 102670695852081595 bcsId: 1335} | ret=SUCCESS |  
2019-08-24 07:08:16,569 | INFO  | DNAudit | user=null | ip=null | op=WRITE_CHUNK {blockData=conID: 1 locID: 102670695852081595 bcsId: 1335} | ret=SUCCESS |  
2019-08-24 07:08:16,581 | INFO  | DNAudit | user=null | ip=null | op=PUT_BLOCK {blockData=[blockId=conID: 1 locID: 102670695852081595 bcsId: 0,size=3145728]} | ret=SUCCESS |  
2019-08-24 07:08:16,581 | INFO  | DNAudit | user=null | ip=null | op=PUT_BLOCK {blockData=[blockId=conID: 1 locID: 102670695852081595 bcsId: 0,size=3145728]} | ret=SUCCESS |  
2019-08-24 07:08:16,581 | INFO  | DNAudit | user=null | ip=null | op=WRITE_CHUNK {blockData=conID: 1 locID: 102670695852081595 bcsId: 1341} | ret=SUCCESS |  
2019-08-24 07:08:16,582 | INFO  | DNAudit | user=null | ip=null | op=PUT_BLOCK {blockData=[blockId=conID: 1 locID: 102670695852081595 bcsId: 0,size=4194304]} | ret=SUCCESS |  
2019-08-24 07:08:16,582 [grpc-default-executor-5] INFO  client.GrpcClientProtocolClient (GrpcClientProtocolClient.java:onNext(255)) - client-6EDD19400D46->06a4573b-67a1-41e3-a350-f896363bc636: receive RaftClientReply:client-6EDD19400D46->06a4573b-67a1-41e3-a350-f896363bc636@group-757E3781CD2A, cid=1005, SUCCESS, logIndex=1344, commits[06a4573b-67a1-41e3-a350-f896363bc636:c1345, 0b725bbf-683b-4664-9a2e-3c9dd6e38bc1:c1341, 9193e3b7-ae04-484d-a740-c65c11559486:c1341]
2019-08-24 07:08:16,583 [grpc-default-executor-5] INFO  client.GrpcClientProtocolClient (GrpcClientProtocolClient.java:onNext(255)) - client-6EDD19400D46->06a4573b-67a1-41e3-a350-f896363bc636: receive RaftClientReply:client-6EDD19400D46->06a4573b-67a1-41e3-a350-f896363bc636@group-757E3781CD2A, cid=1006, SUCCESS, logIndex=1345, commits[06a4573b-67a1-41e3-a350-f896363bc636:c1345, 0b725bbf-683b-4664-9a2e-3c9dd6e38bc1:c1341, 9193e3b7-ae04-484d-a740-c65c11559486:c1341]
2019-08-24 07:08:16,593 | INFO  | DNAudit | user=null | ip=null | op=WRITE_CHUNK {blockData=conID: 1 locID: 102670695852081595 bcsId: 1341} | ret=SUCCESS |  
2019-08-24 07:08:16,593 | INFO  | DNAudit | user=null | ip=null | op=WRITE_CHUNK {blockData=conID: 1 locID: 102670695852081595 bcsId: 1341} | ret=SUCCESS |  
2019-08-24 07:08:16,605 | INFO  | DNAudit | user=null | ip=null | op=PUT_BLOCK {blockData=[blockId=conID: 1 locID: 102670695852081595 bcsId: 0,size=4194304]} | ret=SUCCESS |  
2019-08-24 07:08:16,605 | INFO  | DNAudit | user=null | ip=null | op=PUT_BLOCK {blockData=[blockId=conID: 1 locID: 102670695852081595 bcsId: 0,size=4194304]} | ret=SUCCESS |  
2019-08-24 07:08:16,606 [grpc-default-executor-5] INFO  client.GrpcClientProtocolClient (GrpcClientProtocolClient.java:onNext(255)) - client-6EDD19400D46->06a4573b-67a1-41e3-a350-f896363bc636: receive RaftClientReply:client-6EDD19400D46->06a4573b-67a1-41e3-a350-f896363bc636@group-757E3781CD2A, cid=1007, SUCCESS, logIndex=0, commits[06a4573b-67a1-41e3-a350-f896363bc636:c1347, 0b725bbf-683b-4664-9a2e-3c9dd6e38bc1:c1345, 9193e3b7-ae04-484d-a740-c65c11559486:c1345]
2019-08-24 07:08:16,615 | INFO  | DNAudit | user=null | ip=null | op=WRITE_CHUNK {blockData=conID: 2 locID: 102670695852081596 bcsId: 0} | ret=SUCCESS |  
2019-08-24 07:08:16,619 | INFO  | DNAudit | user=null | ip=null | op=WRITE_CHUNK {blockData=conID: 2 locID: 102670695852081596 bcsId: 0} | ret=SUCCESS |  
2019-08-24 07:08:16,620 | INFO  | DNAudit | user=null | ip=null | op=WRITE_CHUNK {blockData=conID: 2 locID: 102670695852081596 bcsId: 0} | ret=SUCCESS |  
2019-08-24 07:08:16,620 | INFO  | DNAudit | user=null | ip=null | op=WRITE_CHUNK {blockData=conID: 2 locID: 102670695852081596 bcsId: 0} | ret=SUCCESS |  
2019-08-24 07:08:16,623 | INFO  | DNAudit | user=null | ip=null | op=WRITE_CHUNK {blockData=conID: 2 locID: 102670695852081596 bcsId: 0} | ret=SUCCESS |  
2019-08-24 07:08:16,623 | INFO  | DNAudit | user=null | ip=null | op=WRITE_CHUNK {blockData=conID: 2 locID: 102670695852081596 bcsId: 0} | ret=SUCCESS |  
2019-08-24 07:08:16,628 | INFO  | DNAudit | user=null | ip=null | op=WRITE_CHUNK {blockData=conID: 2 locID: 102670695852081596 bcsId: 0} | ret=SUCCESS |  
2019-08-24 07:08:16,628 | INFO  | DNAudit | user=null | ip=null | op=PUT_BLOCK {blockData=[blockId=conID: 2 locID: 102670695852081596 bcsId: 0,size=1048576]} | ret=SUCCESS |  
2019-08-24 07:08:16,628 [grpc-default-executor-1] INFO  client.GrpcClientProtocolClient (GrpcClientProtocolClient.java:onNext(255)) - client-6EDD19400D46->06a4573b-67a1-41e3-a350-f896363bc636: receive RaftClientReply:client-6EDD19400D46->06a4573b-67a1-41e3-a350-f896363bc636@group-757E3781CD2A, cid=1008, SUCCESS, logIndex=1348, commits[06a4573b-67a1-41e3-a350-f896363bc636:c1349, 0b725bbf-683b-4664-9a2e-3c9dd6e38bc1:c1347, 9193e3b7-ae04-484d-a740-c65c11559486:c1347]
2019-08-24 07:08:16,629 [grpc-default-executor-1] INFO  client.GrpcClientProtocolClient (GrpcClientProtocolClient.java:onNext(255)) - client-6EDD19400D46->06a4573b-67a1-41e3-a350-f896363bc636: receive RaftClientReply:client-6EDD19400D46->06a4573b-67a1-41e3-a350-f896363bc636@group-757E3781CD2A, cid=1009, SUCCESS, logIndex=1349, commits[06a4573b-67a1-41e3-a350-f896363bc636:c1349, 0b725bbf-683b-4664-9a2e-3c9dd6e38bc1:c1347, 9193e3b7-ae04-484d-a740-c65c11559486:c1347]
2019-08-24 07:08:16,637 | INFO  | DNAudit | user=null | ip=null | op=WRITE_CHUNK {blockData=conID: 2 locID: 102670695852081596 bcsId: 0} | ret=SUCCESS |  
2019-08-24 07:08:16,638 | INFO  | DNAudit | user=null | ip=null | op=WRITE_CHUNK {blockData=conID: 2 locID: 102670695852081596 bcsId: 0} | ret=SUCCESS |  
2019-08-24 07:08:16,638 | INFO  | DNAudit | user=null | ip=null | op=PUT_BLOCK {blockData=[blockId=conID: 2 locID: 102670695852081596 bcsId: 0,size=2097152]} | ret=SUCCESS |  
2019-08-24 07:08:16,638 | INFO  | DNAudit | user=null | ip=null | op=PUT_BLOCK {blockData=[blockId=conID: 2 locID: 102670695852081596 bcsId: 0,size=1048576]} | ret=SUCCESS |  
2019-08-24 07:08:16,638 [grpc-default-executor-5] INFO  client.GrpcClientProtocolClient (GrpcClientProtocolClient.java:onNext(255)) - client-6EDD19400D46->06a4573b-67a1-41e3-a350-f896363bc636: receive RaftClientReply:client-6EDD19400D46->06a4573b-67a1-41e3-a350-f896363bc636@group-757E3781CD2A, cid=1010, SUCCESS, logIndex=1350, commits[06a4573b-67a1-41e3-a350-f896363bc636:c1351, 0b725bbf-683b-4664-9a2e-3c9dd6e38bc1:c1347, 9193e3b7-ae04-484d-a740-c65c11559486:c1347]
2019-08-24 07:08:16,639 [grpc-default-executor-5] INFO  client.GrpcClientProtocolClient (GrpcClientProtocolClient.java:onNext(255)) - client-6EDD19400D46->06a4573b-67a1-41e3-a350-f896363bc636: receive RaftClientReply:client-6EDD19400D46->06a4573b-67a1-41e3-a350-f896363bc636@group-757E3781CD2A, cid=1011, SUCCESS, logIndex=1351, commits[06a4573b-67a1-41e3-a350-f896363bc636:c1351, 0b725bbf-683b-4664-9a2e-3c9dd6e38bc1:c1347, 9193e3b7-ae04-484d-a740-c65c11559486:c1347]
2019-08-24 07:08:16,640 | INFO  | DNAudit | user=null | ip=null | op=WRITE_CHUNK {blockData=conID: 2 locID: 102670695852081596 bcsId: 0} | ret=SUCCESS |  
2019-08-24 07:08:16,640 | INFO  | DNAudit | user=null | ip=null | op=PUT_BLOCK {blockData=[blockId=conID: 2 locID: 102670695852081596 bcsId: 0,size=1048576]} | ret=SUCCESS |  
2019-08-24 07:08:16,641 | INFO  | DNAudit | user=null | ip=null | op=WRITE_CHUNK {blockData=conID: 2 locID: 102670695852081596 bcsId: 0} | ret=SUCCESS |  
2019-08-24 07:08:16,641 [grpc-default-executor-5] INFO  client.GrpcClientProtocolClient (GrpcClientProtocolClient.java:onNext(255)) - client-6EDD19400D46->06a4573b-67a1-41e3-a350-f896363bc636: receive RaftClientReply:client-6EDD19400D46->06a4573b-67a1-41e3-a350-f896363bc636@group-757E3781CD2A, cid=1012, SUCCESS, logIndex=0, commits[06a4573b-67a1-41e3-a350-f896363bc636:c1353, 0b725bbf-683b-4664-9a2e-3c9dd6e38bc1:c1349, 9193e3b7-ae04-484d-a740-c65c11559486:c1349]
2019-08-24 07:08:16,641 | INFO  | DNAudit | user=null | ip=null | op=PUT_BLOCK {blockData=[blockId=conID: 2 locID: 102670695852081596 bcsId: 0,size=2097152]} | ret=SUCCESS |  
2019-08-24 07:08:16,643 | INFO  | DNAudit | user=null | ip=null | op=WRITE_CHUNK {blockData=conID: 2 locID: 102670695852081596 bcsId: 0} | ret=SUCCESS |  
2019-08-24 07:08:16,643 | INFO  | DNAudit | user=null | ip=null | op=PUT_BLOCK {blockData=[blockId=conID: 2 locID: 102670695852081596 bcsId: 0,size=2097152]} | ret=SUCCESS |  
2019-08-24 07:08:16,649 | INFO  | DNAudit | user=null | ip=null | op=WRITE_CHUNK {blockData=conID: 2 locID: 102670695852081596 bcsId: 1351} | ret=SUCCESS |  
2019-08-24 07:08:16,653 | INFO  | DNAudit | user=null | ip=null | op=WRITE_CHUNK {blockData=conID: 2 locID: 102670695852081596 bcsId: 1351} | ret=SUCCESS |  
2019-08-24 07:08:16,653 | INFO  | DNAudit | user=null | ip=null | op=WRITE_CHUNK {blockData=conID: 2 locID: 102670695852081596 bcsId: 1351} | ret=SUCCESS |  
2019-08-24 07:08:16,662 | INFO  | DNAudit | user=null | ip=null | op=WRITE_CHUNK {blockData=conID: 2 locID: 102670695852081596 bcsId: 1351} | ret=SUCCESS |  
2019-08-24 07:08:16,662 | INFO  | DNAudit | user=null | ip=null | op=PUT_BLOCK {blockData=[blockId=conID: 2 locID: 102670695852081596 bcsId: 0,size=3145728]} | ret=SUCCESS |  
2019-08-24 07:08:16,662 [grpc-default-executor-5] INFO  client.GrpcClientProtocolClient (GrpcClientProtocolClient.java:onNext(255)) - client-6EDD19400D46->06a4573b-67a1-41e3-a350-f896363bc636: receive RaftClientReply:client-6EDD19400D46->06a4573b-67a1-41e3-a350-f896363bc636@group-757E3781CD2A, cid=1013, SUCCESS, logIndex=1356, commits[06a4573b-67a1-41e3-a350-f896363bc636:c1357, 0b725bbf-683b-4664-9a2e-3c9dd6e38bc1:c1355, 9193e3b7-ae04-484d-a740-c65c11559486:c1355]
2019-08-24 07:08:16,663 [grpc-default-executor-5] INFO  client.GrpcClientProtocolClient (GrpcClientProtocolClient.java:onNext(255)) - client-6EDD19400D46->06a4573b-67a1-41e3-a350-f896363bc636: receive RaftClientReply:client-6EDD19400D46->06a4573b-67a1-41e3-a350-f896363bc636@group-757E3781CD2A, cid=1014, SUCCESS, logIndex=1357, commits[06a4573b-67a1-41e3-a350-f896363bc636:c1357, 0b725bbf-683b-4664-9a2e-3c9dd6e38bc1:c1355, 9193e3b7-ae04-484d-a740-c65c11559486:c1355]
2019-08-24 07:08:16,671 | INFO  | DNAudit | user=null | ip=null | op=WRITE_CHUNK {blockData=conID: 2 locID: 102670695852081596 bcsId: 1357} | ret=SUCCESS |  
2019-08-24 07:08:16,673 | INFO  | DNAudit | user=null | ip=null | op=WRITE_CHUNK {blockData=conID: 2 locID: 102670695852081596 bcsId: 1351} | ret=SUCCESS |  
2019-08-24 07:08:16,673 | INFO  | DNAudit | user=null | ip=null | op=WRITE_CHUNK {blockData=conID: 2 locID: 102670695852081596 bcsId: 1351} | ret=SUCCESS |  
2019-08-24 07:08:16,675 | INFO  | DNAudit | user=null | ip=null | op=WRITE_CHUNK {blockData=conID: 2 locID: 102670695852081596 bcsId: 1357} | ret=SUCCESS |  
2019-08-24 07:08:16,675 | INFO  | DNAudit | user=null | ip=null | op=WRITE_CHUNK {blockData=conID: 2 locID: 102670695852081596 bcsId: 1357} | ret=SUCCESS |  
2019-08-24 07:08:16,675 | INFO  | DNAudit | user=null | ip=null | op=PUT_BLOCK {blockData=[blockId=conID: 2 locID: 102670695852081596 bcsId: 0,size=3145728]} | ret=SUCCESS |  
2019-08-24 07:08:16,685 | INFO  | DNAudit | user=null | ip=null | op=PUT_BLOCK {blockData=[blockId=conID: 2 locID: 102670695852081596 bcsId: 0,size=3145728]} | ret=SUCCESS |  
2019-08-24 07:08:16,686 | INFO  | DNAudit | user=null | ip=null | op=WRITE_CHUNK {blockData=conID: 2 locID: 102670695852081596 bcsId: 1357} | ret=SUCCESS |  
2019-08-24 07:08:16,686 | INFO  | DNAudit | user=null | ip=null | op=PUT_BLOCK {blockData=[blockId=conID: 2 locID: 102670695852081596 bcsId: 0,size=4194304]} | ret=SUCCESS |  
2019-08-24 07:08:16,686 [grpc-default-executor-1] INFO  client.GrpcClientProtocolClient (GrpcClientProtocolClient.java:onNext(255)) - client-6EDD19400D46->06a4573b-67a1-41e3-a350-f896363bc636: receive RaftClientReply:client-6EDD19400D46->06a4573b-67a1-41e3-a350-f896363bc636@group-757E3781CD2A, cid=1015, SUCCESS, logIndex=1360, commits[06a4573b-67a1-41e3-a350-f896363bc636:c1361, 0b725bbf-683b-4664-9a2e-3c9dd6e38bc1:c1357, 9193e3b7-ae04-484d-a740-c65c11559486:c1357]
2019-08-24 07:08:16,687 [grpc-default-executor-1] INFO  client.GrpcClientProtocolClient (GrpcClientProtocolClient.java:onNext(255)) - client-6EDD19400D46->06a4573b-67a1-41e3-a350-f896363bc636: receive RaftClientReply:client-6EDD19400D46->06a4573b-67a1-41e3-a350-f896363bc636@group-757E3781CD2A, cid=1016, SUCCESS, logIndex=1361, commits[06a4573b-67a1-41e3-a350-f896363bc636:c1361, 0b725bbf-683b-4664-9a2e-3c9dd6e38bc1:c1357, 9193e3b7-ae04-484d-a740-c65c11559486:c1357]
2019-08-24 07:08:16,697 | INFO  | DNAudit | user=null | ip=null | op=WRITE_CHUNK {blockData=conID: 2 locID: 102670695852081596 bcsId: 1357} | ret=SUCCESS |  
2019-08-24 07:08:16,698 | INFO  | DNAudit | user=null | ip=null | op=WRITE_CHUNK {blockData=conID: 2 locID: 102670695852081596 bcsId: 1357} | ret=SUCCESS |  
2019-08-24 07:08:16,709 | INFO  | DNAudit | user=null | ip=null | op=PUT_BLOCK {blockData=[blockId=conID: 2 locID: 102670695852081596 bcsId: 0,size=4194304]} | ret=SUCCESS |  
2019-08-24 07:08:16,709 | INFO  | DNAudit | user=null | ip=null | op=PUT_BLOCK {blockData=[blockId=conID: 2 locID: 102670695852081596 bcsId: 0,size=4194304]} | ret=SUCCESS |  
2019-08-24 07:08:16,710 [grpc-default-executor-0] INFO  client.GrpcClientProtocolClient (GrpcClientProtocolClient.java:onNext(255)) - client-6EDD19400D46->06a4573b-67a1-41e3-a350-f896363bc636: receive RaftClientReply:client-6EDD19400D46->06a4573b-67a1-41e3-a350-f896363bc636@group-757E3781CD2A, cid=1017, SUCCESS, logIndex=0, commits[06a4573b-67a1-41e3-a350-f896363bc636:c1363, 0b725bbf-683b-4664-9a2e-3c9dd6e38bc1:c1361, 9193e3b7-ae04-484d-a740-c65c11559486:c1361]
2019-08-24 07:08:16,718 | INFO  | DNAudit | user=null | ip=null | op=WRITE_CHUNK {blockData=conID: 3 locID: 102670695852081597 bcsId: 0} | ret=SUCCESS |  
2019-08-24 07:08:16,722 | INFO  | DNAudit | user=null | ip=null | op=WRITE_CHUNK {blockData=conID: 3 locID: 102670695852081597 bcsId: 0} | ret=SUCCESS |  
2019-08-24 07:08:16,722 | INFO  | DNAudit | user=null | ip=null | op=WRITE_CHUNK {blockData=conID: 3 locID: 102670695852081597 bcsId: 0} | ret=SUCCESS |  
2019-08-24 07:08:16,722 | INFO  | DNAudit | user=null | ip=null | op=WRITE_CHUNK {blockData=conID: 3 locID: 102670695852081597 bcsId: 0} | ret=SUCCESS |  
2019-08-24 07:08:16,726 | INFO  | DNAudit | user=null | ip=null | op=WRITE_CHUNK {blockData=conID: 3 locID: 102670695852081597 bcsId: 0} | ret=SUCCESS |  
2019-08-24 07:08:16,727 | INFO  | DNAudit | user=null | ip=null | op=WRITE_CHUNK {blockData=conID: 3 locID: 102670695852081597 bcsId: 0} | ret=SUCCESS |  
2019-08-24 07:08:16,736 | INFO  | DNAudit | user=null | ip=null | op=WRITE_CHUNK {blockData=conID: 3 locID: 102670695852081597 bcsId: 0} | ret=SUCCESS |  
2019-08-24 07:08:16,736 | INFO  | DNAudit | user=null | ip=null | op=PUT_BLOCK {blockData=[blockId=conID: 3 locID: 102670695852081597 bcsId: 0,size=1048576]} | ret=SUCCESS |  
2019-08-24 07:08:16,736 [grpc-default-executor-2] INFO  client.GrpcClientProtocolClient (GrpcClientProtocolClient.java:onNext(255)) - client-6EDD19400D46->06a4573b-67a1-41e3-a350-f896363bc636: receive RaftClientReply:client-6EDD19400D46->06a4573b-67a1-41e3-a350-f896363bc636@group-757E3781CD2A, cid=1018, SUCCESS, logIndex=1364, commits[06a4573b-67a1-41e3-a350-f896363bc636:c1365, 0b725bbf-683b-4664-9a2e-3c9dd6e38bc1:c1363, 9193e3b7-ae04-484d-a740-c65c11559486:c1363]
2019-08-24 07:08:16,737 [grpc-default-executor-2] INFO  client.GrpcClientProtocolClient (GrpcClientProtocolClient.java:onNext(255)) - client-6EDD19400D46->06a4573b-67a1-41e3-a350-f896363bc636: receive RaftClientReply:client-6EDD19400D46->06a4573b-67a1-41e3-a350-f896363bc636@group-757E3781CD2A, cid=1019, SUCCESS, logIndex=1365, commits[06a4573b-67a1-41e3-a350-f896363bc636:c1365, 0b725bbf-683b-4664-9a2e-3c9dd6e38bc1:c1363, 9193e3b7-ae04-484d-a740-c65c11559486:c1363]
2019-08-24 07:08:16,745 | INFO  | DNAudit | user=null | ip=null | op=WRITE_CHUNK {blockData=conID: 3 locID: 102670695852081597 bcsId: 0} | ret=SUCCESS |  
2019-08-24 07:08:16,746 | INFO  | DNAudit | user=null | ip=null | op=PUT_BLOCK {blockData=[blockId=conID: 3 locID: 102670695852081597 bcsId: 0,size=2097152]} | ret=SUCCESS |  
2019-08-24 07:08:16,746 [grpc-default-executor-2] INFO  client.GrpcClientProtocolClient (GrpcClientProtocolClient.java:onNext(255)) - client-6EDD19400D46->06a4573b-67a1-41e3-a350-f896363bc636: receive RaftClientReply:client-6EDD19400D46->06a4573b-67a1-41e3-a350-f896363bc636@group-757E3781CD2A, cid=1020, SUCCESS, logIndex=1366, commits[06a4573b-67a1-41e3-a350-f896363bc636:c1367, 0b725bbf-683b-4664-9a2e-3c9dd6e38bc1:c1363, 9193e3b7-ae04-484d-a740-c65c11559486:c1363]
2019-08-24 07:08:16,746 [grpc-default-executor-2] INFO  client.GrpcClientProtocolClient (GrpcClientProtocolClient.java:onNext(255)) - client-6EDD19400D46->06a4573b-67a1-41e3-a350-f896363bc636: receive RaftClientReply:client-6EDD19400D46->06a4573b-67a1-41e3-a350-f896363bc636@group-757E3781CD2A, cid=1021, SUCCESS, logIndex=1367, commits[06a4573b-67a1-41e3-a350-f896363bc636:c1367, 0b725bbf-683b-4664-9a2e-3c9dd6e38bc1:c1363, 9193e3b7-ae04-484d-a740-c65c11559486:c1363]
2019-08-24 07:08:16,748 | INFO  | DNAudit | user=null | ip=null | op=WRITE_CHUNK {blockData=conID: 3 locID: 102670695852081597 bcsId: 0} | ret=SUCCESS |  
2019-08-24 07:08:16,748 | INFO  | DNAudit | user=null | ip=null | op=PUT_BLOCK {blockData=[blockId=conID: 3 locID: 102670695852081597 bcsId: 0,size=1048576]} | ret=SUCCESS |  
2019-08-24 07:08:16,750 | INFO  | DNAudit | user=null | ip=null | op=WRITE_CHUNK {blockData=conID: 3 locID: 102670695852081597 bcsId: 0} | ret=SUCCESS |  
2019-08-24 07:08:16,750 | INFO  | DNAudit | user=null | ip=null | op=PUT_BLOCK {blockData=[blockId=conID: 3 locID: 102670695852081597 bcsId: 0,size=1048576]} | ret=SUCCESS |  
2019-08-24 07:08:16,751 | INFO  | DNAudit | user=null | ip=null | op=WRITE_CHUNK {blockData=conID: 3 locID: 102670695852081597 bcsId: 0} | ret=SUCCESS |  
2019-08-24 07:08:16,751 [grpc-default-executor-2] INFO  client.GrpcClientProtocolClient (GrpcClientProtocolClient.java:onNext(255)) - client-6EDD19400D46->06a4573b-67a1-41e3-a350-f896363bc636: receive RaftClientReply:client-6EDD19400D46->06a4573b-67a1-41e3-a350-f896363bc636@group-757E3781CD2A, cid=1022, SUCCESS, logIndex=0, commits[06a4573b-67a1-41e3-a350-f896363bc636:c1369, 0b725bbf-683b-4664-9a2e-3c9dd6e38bc1:c1365, 9193e3b7-ae04-484d-a740-c65c11559486:c1365]
2019-08-24 07:08:16,751 | INFO  | DNAudit | user=null | ip=null | op=PUT_BLOCK {blockData=[blockId=conID: 3 locID: 102670695852081597 bcsId: 0,size=2097152]} | ret=SUCCESS |  
2019-08-24 07:08:16,758 | INFO  | DNAudit | user=null | ip=null | op=WRITE_CHUNK {blockData=conID: 3 locID: 102670695852081597 bcsId: 1367} | ret=SUCCESS |  
2019-08-24 07:08:16,759 | INFO  | DNAudit | user=null | ip=null | op=WRITE_CHUNK {blockData=conID: 3 locID: 102670695852081597 bcsId: 0} | ret=SUCCESS |  
2019-08-24 07:08:16,760 | INFO  | DNAudit | user=null | ip=null | op=PUT_BLOCK {blockData=[blockId=conID: 3 locID: 102670695852081597 bcsId: 0,size=2097152]} | ret=SUCCESS |  
2019-08-24 07:08:16,762 | INFO  | DNAudit | user=null | ip=null | op=WRITE_CHUNK {blockData=conID: 3 locID: 102670695852081597 bcsId: 1367} | ret=SUCCESS |  
2019-08-24 07:08:16,762 | INFO  | DNAudit | user=null | ip=null | op=WRITE_CHUNK {blockData=conID: 3 locID: 102670695852081597 bcsId: 1367} | ret=SUCCESS |  
2019-08-24 07:08:16,773 | INFO  | DNAudit | user=null | ip=null | op=WRITE_CHUNK {blockData=conID: 3 locID: 102670695852081597 bcsId: 1367} | ret=SUCCESS |  
2019-08-24 07:08:16,773 | INFO  | DNAudit | user=null | ip=null | op=PUT_BLOCK {blockData=[blockId=conID: 3 locID: 102670695852081597 bcsId: 0,size=3145728]} | ret=SUCCESS |  
2019-08-24 07:08:16,773 [grpc-default-executor-1] INFO  client.GrpcClientProtocolClient (GrpcClientProtocolClient.java:onNext(255)) - client-6EDD19400D46->06a4573b-67a1-41e3-a350-f896363bc636: receive RaftClientReply:client-6EDD19400D46->06a4573b-67a1-41e3-a350-f896363bc636@group-757E3781CD2A, cid=1023, SUCCESS, logIndex=1372, commits[06a4573b-67a1-41e3-a350-f896363bc636:c1373, 0b725bbf-683b-4664-9a2e-3c9dd6e38bc1:c1371, 9193e3b7-ae04-484d-a740-c65c11559486:c1367]
2019-08-24 07:08:16,774 [grpc-default-executor-1] INFO  client.GrpcClientProtocolClient (GrpcClientProtocolClient.java:onNext(255)) - client-6EDD19400D46->06a4573b-67a1-41e3-a350-f896363bc636: receive RaftClientReply:client-6EDD19400D46->06a4573b-67a1-41e3-a350-f896363bc636@group-757E3781CD2A, cid=1024, SUCCESS, logIndex=1373, commits[06a4573b-67a1-41e3-a350-f896363bc636:c1373, 0b725bbf-683b-4664-9a2e-3c9dd6e38bc1:c1371, 9193e3b7-ae04-484d-a740-c65c11559486:c1371]
2019-08-24 07:08:16,774 | INFO  | DNAudit | user=null | ip=null | op=WRITE_CHUNK {blockData=conID: 3 locID: 102670695852081597 bcsId: 1367} | ret=SUCCESS |  
2019-08-24 07:08:16,774 | INFO  | DNAudit | user=null | ip=null | op=WRITE_CHUNK {blockData=conID: 3 locID: 102670695852081597 bcsId: 1367} | ret=SUCCESS |  
2019-08-24 07:08:16,775 | INFO  | DNAudit | user=null | ip=null | op=PUT_BLOCK {blockData=[blockId=conID: 3 locID: 102670695852081597 bcsId: 0,size=3145728]} | ret=SUCCESS |  
2019-08-24 07:08:16,775 | INFO  | DNAudit | user=null | ip=null | op=PUT_BLOCK {blockData=[blockId=conID: 3 locID: 102670695852081597 bcsId: 0,size=3145728]} | ret=SUCCESS |  
2019-08-24 07:08:16,782 | INFO  | DNAudit | user=null | ip=null | op=WRITE_CHUNK {blockData=conID: 3 locID: 102670695852081597 bcsId: 1373} | ret=SUCCESS |  
2019-08-24 07:08:16,786 | INFO  | DNAudit | user=null | ip=null | op=WRITE_CHUNK {blockData=conID: 3 locID: 102670695852081597 bcsId: 1373} | ret=SUCCESS |  
2019-08-24 07:08:16,786 | INFO  | DNAudit | user=null | ip=null | op=WRITE_CHUNK {blockData=conID: 3 locID: 102670695852081597 bcsId: 1373} | ret=SUCCESS |  
2019-08-24 07:08:16,793 | INFO  | DNAudit | user=null | ip=null | op=WRITE_CHUNK {blockData=conID: 3 locID: 102670695852081597 bcsId: 1373} | ret=SUCCESS |  
2019-08-24 07:08:16,794 | INFO  | DNAudit | user=null | ip=null | op=PUT_BLOCK {blockData=[blockId=conID: 3 locID: 102670695852081597 bcsId: 0,size=4194304]} | ret=SUCCESS |  
2019-08-24 07:08:16,794 [grpc-default-executor-1] INFO  client.GrpcClientProtocolClient (GrpcClientProtocolClient.java:onNext(255)) - client-6EDD19400D46->06a4573b-67a1-41e3-a350-f896363bc636: receive RaftClientReply:client-6EDD19400D46->06a4573b-67a1-41e3-a350-f896363bc636@group-757E3781CD2A, cid=1025, SUCCESS, logIndex=1376, commits[06a4573b-67a1-41e3-a350-f896363bc636:c1377, 0b725bbf-683b-4664-9a2e-3c9dd6e38bc1:c1375, 9193e3b7-ae04-484d-a740-c65c11559486:c1375]
2019-08-24 07:08:16,795 [grpc-default-executor-1] INFO  client.GrpcClientProtocolClient (GrpcClientProtocolClient.java:onNext(255)) - client-6EDD19400D46->06a4573b-67a1-41e3-a350-f896363bc636: receive RaftClientReply:client-6EDD19400D46->06a4573b-67a1-41e3-a350-f896363bc636@group-757E3781CD2A, cid=1026, SUCCESS, logIndex=1377, commits[06a4573b-67a1-41e3-a350-f896363bc636:c1377, 0b725bbf-683b-4664-9a2e-3c9dd6e38bc1:c1375, 9193e3b7-ae04-484d-a740-c65c11559486:c1375]
2019-08-24 07:08:16,805 | INFO  | DNAudit | user=null | ip=null | op=WRITE_CHUNK {blockData=conID: 3 locID: 102670695852081597 bcsId: 1373} | ret=SUCCESS |  
2019-08-24 07:08:16,806 | INFO  | DNAudit | user=null | ip=null | op=WRITE_CHUNK {blockData=conID: 3 locID: 102670695852081597 bcsId: 1373} | ret=SUCCESS |  
2019-08-24 07:08:16,817 | INFO  | DNAudit | user=null | ip=null | op=PUT_BLOCK {blockData=[blockId=conID: 3 locID: 102670695852081597 bcsId: 0,size=4194304]} | ret=SUCCESS |  
2019-08-24 07:08:16,817 | INFO  | DNAudit | user=null | ip=null | op=PUT_BLOCK {blockData=[blockId=conID: 3 locID: 102670695852081597 bcsId: 0,size=4194304]} | ret=SUCCESS |  
2019-08-24 07:08:16,818 [grpc-default-executor-1] INFO  client.GrpcClientProtocolClient (GrpcClientProtocolClient.java:onNext(255)) - client-6EDD19400D46->06a4573b-67a1-41e3-a350-f896363bc636: receive RaftClientReply:client-6EDD19400D46->06a4573b-67a1-41e3-a350-f896363bc636@group-757E3781CD2A, cid=1027, SUCCESS, logIndex=0, commits[06a4573b-67a1-41e3-a350-f896363bc636:c1379, 0b725bbf-683b-4664-9a2e-3c9dd6e38bc1:c1377, 9193e3b7-ae04-484d-a740-c65c11559486:c1377]
2019-08-24 07:08:16,826 | INFO  | SCMAudit | user=jenkins1000 | ip=192.168.69.125 | op=SEND_HEARTBEAT {datanodeUUID=b8548da6-9cc6-46be-8dd4-5219531f5960, command=[]} | ret=SUCCESS |  
2019-08-24 07:08:16,827 | INFO  | DNAudit | user=null | ip=null | op=WRITE_CHUNK {blockData=conID: 1 locID: 102670695852081598 bcsId: 0} | ret=SUCCESS |  
2019-08-24 07:08:16,832 | INFO  | DNAudit | user=null | ip=null | op=WRITE_CHUNK {blockData=conID: 1 locID: 102670695852081598 bcsId: 0} | ret=SUCCESS |  
2019-08-24 07:08:16,832 | INFO  | DNAudit | user=null | ip=null | op=WRITE_CHUNK {blockData=conID: 1 locID: 102670695852081598 bcsId: 0} | ret=SUCCESS |  
2019-08-24 07:08:16,832 | INFO  | DNAudit | user=null | ip=null | op=WRITE_CHUNK {blockData=conID: 1 locID: 102670695852081598 bcsId: 0} | ret=SUCCESS |  
2019-08-24 07:08:16,835 | INFO  | DNAudit | user=null | ip=null | op=WRITE_CHUNK {blockData=conID: 1 locID: 102670695852081598 bcsId: 0} | ret=SUCCESS |  
2019-08-24 07:08:16,835 | INFO  | DNAudit | user=null | ip=null | op=WRITE_CHUNK {blockData=conID: 1 locID: 102670695852081598 bcsId: 0} | ret=SUCCESS |  
2019-08-24 07:08:16,840 | INFO  | DNAudit | user=null | ip=null | op=WRITE_CHUNK {blockData=conID: 1 locID: 102670695852081598 bcsId: 0} | ret=SUCCESS |  
2019-08-24 07:08:16,841 | INFO  | DNAudit | user=null | ip=null | op=PUT_BLOCK {blockData=[blockId=conID: 1 locID: 102670695852081598 bcsId: 0,size=1048576]} | ret=SUCCESS |  
2019-08-24 07:08:16,841 [grpc-default-executor-2] INFO  client.GrpcClientProtocolClient (GrpcClientProtocolClient.java:onNext(255)) - client-6EDD19400D46->06a4573b-67a1-41e3-a350-f896363bc636: receive RaftClientReply:client-6EDD19400D46->06a4573b-67a1-41e3-a350-f896363bc636@group-757E3781CD2A, cid=1028, SUCCESS, logIndex=1380, commits[06a4573b-67a1-41e3-a350-f896363bc636:c1381, 0b725bbf-683b-4664-9a2e-3c9dd6e38bc1:c1379, 9193e3b7-ae04-484d-a740-c65c11559486:c1379]
2019-08-24 07:08:16,841 [grpc-default-executor-2] INFO  client.GrpcClientProtocolClient (GrpcClientProtocolClient.java:onNext(255)) - client-6EDD19400D46->06a4573b-67a1-41e3-a350-f896363bc636: receive RaftClientReply:client-6EDD19400D46->06a4573b-67a1-41e3-a350-f896363bc636@group-757E3781CD2A, cid=1029, SUCCESS, logIndex=1381, commits[06a4573b-67a1-41e3-a350-f896363bc636:c1381, 0b725bbf-683b-4664-9a2e-3c9dd6e38bc1:c1379, 9193e3b7-ae04-484d-a740-c65c11559486:c1379]
2019-08-24 07:08:16,851 | INFO  | DNAudit | user=null | ip=null | op=WRITE_CHUNK {blockData=conID: 1 locID: 102670695852081598 bcsId: 0} | ret=SUCCESS |  
2019-08-24 07:08:16,852 | INFO  | DNAudit | user=null | ip=null | op=PUT_BLOCK {blockData=[blockId=conID: 1 locID: 102670695852081598 bcsId: 0,size=2097152]} | ret=SUCCESS |  
2019-08-24 07:08:16,852 [grpc-default-executor-2] INFO  client.GrpcClientProtocolClient (GrpcClientProtocolClient.java:onNext(255)) - client-6EDD19400D46->06a4573b-67a1-41e3-a350-f896363bc636: receive RaftClientReply:client-6EDD19400D46->06a4573b-67a1-41e3-a350-f896363bc636@group-757E3781CD2A, cid=1030, SUCCESS, logIndex=1382, commits[06a4573b-67a1-41e3-a350-f896363bc636:c1383, 0b725bbf-683b-4664-9a2e-3c9dd6e38bc1:c1379, 9193e3b7-ae04-484d-a740-c65c11559486:c1379]
2019-08-24 07:08:16,852 [grpc-default-executor-2] INFO  client.GrpcClientProtocolClient (GrpcClientProtocolClient.java:onNext(255)) - client-6EDD19400D46->06a4573b-67a1-41e3-a350-f896363bc636: receive RaftClientReply:client-6EDD19400D46->06a4573b-67a1-41e3-a350-f896363bc636@group-757E3781CD2A, cid=1031, SUCCESS, logIndex=1383, commits[06a4573b-67a1-41e3-a350-f896363bc636:c1383, 0b725bbf-683b-4664-9a2e-3c9dd6e38bc1:c1379, 9193e3b7-ae04-484d-a740-c65c11559486:c1379]
2019-08-24 07:08:16,862 | INFO  | DNAudit | user=null | ip=null | op=WRITE_CHUNK {blockData=conID: 1 locID: 102670695852081598 bcsId: 0} | ret=SUCCESS |  
2019-08-24 07:08:16,862 | INFO  | DNAudit | user=null | ip=null | op=WRITE_CHUNK {blockData=conID: 1 locID: 102670695852081598 bcsId: 0} | ret=SUCCESS |  
2019-08-24 07:08:16,863 | INFO  | DNAudit | user=null | ip=null | op=PUT_BLOCK {blockData=[blockId=conID: 1 locID: 102670695852081598 bcsId: 0,size=1048576]} | ret=SUCCESS |  
2019-08-24 07:08:16,863 | INFO  | DNAudit | user=null | ip=null | op=PUT_BLOCK {blockData=[blockId=conID: 1 locID: 102670695852081598 bcsId: 0,size=1048576]} | ret=SUCCESS |  
2019-08-24 07:08:16,863 [grpc-default-executor-2] INFO  client.GrpcClientProtocolClient (GrpcClientProtocolClient.java:onNext(255)) - client-6EDD19400D46->06a4573b-67a1-41e3-a350-f896363bc636: receive RaftClientReply:client-6EDD19400D46->06a4573b-67a1-41e3-a350-f896363bc636@group-757E3781CD2A, cid=1032, SUCCESS, logIndex=0, commits[06a4573b-67a1-41e3-a350-f896363bc636:c1385, 0b725bbf-683b-4664-9a2e-3c9dd6e38bc1:c1381, 9193e3b7-ae04-484d-a740-c65c11559486:c1381]
2019-08-24 07:08:16,872 | INFO  | DNAudit | user=null | ip=null | op=WRITE_CHUNK {blockData=conID: 1 locID: 102670695852081598 bcsId: 1383} | ret=SUCCESS |  
2019-08-24 07:08:16,874 | INFO  | DNAudit | user=null | ip=null | op=WRITE_CHUNK {blockData=conID: 1 locID: 102670695852081598 bcsId: 0} | ret=SUCCESS |  
2019-08-24 07:08:16,874 | INFO  | DNAudit | user=null | ip=null | op=WRITE_CHUNK {blockData=conID: 1 locID: 102670695852081598 bcsId: 0} | ret=SUCCESS |  
2019-08-24 07:08:16,874 | INFO  | DNAudit | user=null | ip=null | op=PUT_BLOCK {blockData=[blockId=conID: 1 locID: 102670695852081598 bcsId: 0,size=2097152]} | ret=SUCCESS |  
2019-08-24 07:08:16,874 | INFO  | DNAudit | user=null | ip=null | op=PUT_BLOCK {blockData=[blockId=conID: 1 locID: 102670695852081598 bcsId: 0,size=2097152]} | ret=SUCCESS |  
2019-08-24 07:08:16,876 | INFO  | DNAudit | user=null | ip=null | op=WRITE_CHUNK {blockData=conID: 1 locID: 102670695852081598 bcsId: 1383} | ret=SUCCESS |  
2019-08-24 07:08:16,876 | INFO  | DNAudit | user=null | ip=null | op=WRITE_CHUNK {blockData=conID: 1 locID: 102670695852081598 bcsId: 1383} | ret=SUCCESS |  
2019-08-24 07:08:16,886 | INFO  | DNAudit | user=null | ip=null | op=WRITE_CHUNK {blockData=conID: 1 locID: 102670695852081598 bcsId: 1383} | ret=SUCCESS |  
2019-08-24 07:08:16,887 | INFO  | DNAudit | user=null | ip=null | op=PUT_BLOCK {blockData=[blockId=conID: 1 locID: 102670695852081598 bcsId: 0,size=3145728]} | ret=SUCCESS |  
2019-08-24 07:08:16,887 [grpc-default-executor-2] INFO  client.GrpcClientProtocolClient (GrpcClientProtocolClient.java:onNext(255)) - client-6EDD19400D46->06a4573b-67a1-41e3-a350-f896363bc636: receive RaftClientReply:client-6EDD19400D46->06a4573b-67a1-41e3-a350-f896363bc636@group-757E3781CD2A, cid=1033, SUCCESS, logIndex=1388, commits[06a4573b-67a1-41e3-a350-f896363bc636:c1389, 0b725bbf-683b-4664-9a2e-3c9dd6e38bc1:c1385, 9193e3b7-ae04-484d-a740-c65c11559486:c1385]
2019-08-24 07:08:16,887 [grpc-default-executor-2] INFO  client.GrpcClientProtocolClient (GrpcClientProtocolClient.java:onNext(255)) - client-6EDD19400D46->06a4573b-67a1-41e3-a350-f896363bc636: receive RaftClientReply:client-6EDD19400D46->06a4573b-67a1-41e3-a350-f896363bc636@group-757E3781CD2A, cid=1034, SUCCESS, logIndex=1389, commits[06a4573b-67a1-41e3-a350-f896363bc636:c1389, 0b725bbf-683b-4664-9a2e-3c9dd6e38bc1:c1385, 9193e3b7-ae04-484d-a740-c65c11559486:c1385]
2019-08-24 07:08:16,895 | INFO  | DNAudit | user=null | ip=null | op=WRITE_CHUNK {blockData=conID: 1 locID: 102670695852081598 bcsId: 1389} | ret=SUCCESS |  
2019-08-24 07:08:16,899 | INFO  | DNAudit | user=null | ip=null | op=WRITE_CHUNK {blockData=conID: 1 locID: 102670695852081598 bcsId: 1389} | ret=SUCCESS |  
2019-08-24 07:08:16,899 | INFO  | DNAudit | user=null | ip=null | op=WRITE_CHUNK {blockData=conID: 1 locID: 102670695852081598 bcsId: 1389} | ret=SUCCESS |  
2019-08-24 07:08:16,904 | INFO  | DNAudit | user=null | ip=null | op=WRITE_CHUNK {blockData=conID: 1 locID: 102670695852081598 bcsId: 1383} | ret=SUCCESS |  
2019-08-24 07:08:16,904 | INFO  | DNAudit | user=null | ip=null | op=WRITE_CHUNK {blockData=conID: 1 locID: 102670695852081598 bcsId: 1383} | ret=SUCCESS |  
2019-08-24 07:08:16,905 | INFO  | DNAudit | user=null | ip=null | op=PUT_BLOCK {blockData=[blockId=conID: 1 locID: 102670695852081598 bcsId: 0,size=3145728]} | ret=SUCCESS |  
2019-08-24 07:08:16,905 | INFO  | DNAudit | user=null | ip=null | op=PUT_BLOCK {blockData=[blockId=conID: 1 locID: 102670695852081598 bcsId: 0,size=3145728]} | ret=SUCCESS |  
2019-08-24 07:08:16,908 | INFO  | DNAudit | user=null | ip=null | op=WRITE_CHUNK {blockData=conID: 1 locID: 102670695852081598 bcsId: 1389} | ret=SUCCESS |  
2019-08-24 07:08:16,909 | INFO  | DNAudit | user=null | ip=null | op=PUT_BLOCK {blockData=[blockId=conID: 1 locID: 102670695852081598 bcsId: 0,size=4194304]} | ret=SUCCESS |  
2019-08-24 07:08:16,909 [grpc-default-executor-1] INFO  client.GrpcClientProtocolClient (GrpcClientProtocolClient.java:onNext(255)) - client-6EDD19400D46->06a4573b-67a1-41e3-a350-f896363bc636: receive RaftClientReply:client-6EDD19400D46->06a4573b-67a1-41e3-a350-f896363bc636@group-757E3781CD2A, cid=1035, SUCCESS, logIndex=1392, commits[06a4573b-67a1-41e3-a350-f896363bc636:c1393, 0b725bbf-683b-4664-9a2e-3c9dd6e38bc1:c1389, 9193e3b7-ae04-484d-a740-c65c11559486:c1389]
2019-08-24 07:08:16,909 [grpc-default-executor-1] INFO  client.GrpcClientProtocolClient (GrpcClientProtocolClient.java:onNext(255)) - client-6EDD19400D46->06a4573b-67a1-41e3-a350-f896363bc636: receive RaftClientReply:client-6EDD19400D46->06a4573b-67a1-41e3-a350-f896363bc636@group-757E3781CD2A, cid=1036, SUCCESS, logIndex=1393, commits[06a4573b-67a1-41e3-a350-f896363bc636:c1393, 0b725bbf-683b-4664-9a2e-3c9dd6e38bc1:c1389, 9193e3b7-ae04-484d-a740-c65c11559486:c1389]
2019-08-24 07:08:16,920 | INFO  | DNAudit | user=null | ip=null | op=WRITE_CHUNK {blockData=conID: 1 locID: 102670695852081598 bcsId: 1389} | ret=SUCCESS |  
2019-08-24 07:08:16,920 | INFO  | DNAudit | user=null | ip=null | op=WRITE_CHUNK {blockData=conID: 1 locID: 102670695852081598 bcsId: 1389} | ret=SUCCESS |  
2019-08-24 07:08:16,931 | INFO  | DNAudit | user=null | ip=null | op=PUT_BLOCK {blockData=[blockId=conID: 1 locID: 102670695852081598 bcsId: 0,size=4194304]} | ret=SUCCESS |  
2019-08-24 07:08:16,931 | INFO  | DNAudit | user=null | ip=null | op=PUT_BLOCK {blockData=[blockId=conID: 1 locID: 102670695852081598 bcsId: 0,size=4194304]} | ret=SUCCESS |  
2019-08-24 07:08:16,932 [grpc-default-executor-0] INFO  client.GrpcClientProtocolClient (GrpcClientProtocolClient.java:onNext(255)) - client-6EDD19400D46->06a4573b-67a1-41e3-a350-f896363bc636: receive RaftClientReply:client-6EDD19400D46->06a4573b-67a1-41e3-a350-f896363bc636@group-757E3781CD2A, cid=1037, SUCCESS, logIndex=0, commits[06a4573b-67a1-41e3-a350-f896363bc636:c1395, 0b725bbf-683b-4664-9a2e-3c9dd6e38bc1:c1393, 9193e3b7-ae04-484d-a740-c65c11559486:c1393]
2019-08-24 07:08:16,940 | INFO  | DNAudit | user=null | ip=null | op=WRITE_CHUNK {blockData=conID: 2 locID: 102670695852081599 bcsId: 0} | ret=SUCCESS |  
2019-08-24 07:08:16,943 | INFO  | DNAudit | user=null | ip=null | op=WRITE_CHUNK {blockData=conID: 2 locID: 102670695852081599 bcsId: 0} | ret=SUCCESS |  
2019-08-24 07:08:16,943 | INFO  | DNAudit | user=null | ip=null | op=WRITE_CHUNK {blockData=conID: 2 locID: 102670695852081599 bcsId: 0} | ret=SUCCESS |  
2019-08-24 07:08:16,944 | INFO  | DNAudit | user=null | ip=null | op=WRITE_CHUNK {blockData=conID: 2 locID: 102670695852081599 bcsId: 0} | ret=SUCCESS |  
2019-08-24 07:08:16,946 | INFO  | DNAudit | user=null | ip=null | op=WRITE_CHUNK {blockData=conID: 2 locID: 102670695852081599 bcsId: 0} | ret=SUCCESS |  
2019-08-24 07:08:16,946 | INFO  | DNAudit | user=null | ip=null | op=WRITE_CHUNK {blockData=conID: 2 locID: 102670695852081599 bcsId: 0} | ret=SUCCESS |  
2019-08-24 07:08:16,953 | INFO  | DNAudit | user=null | ip=null | op=WRITE_CHUNK {blockData=conID: 2 locID: 102670695852081599 bcsId: 0} | ret=SUCCESS |  
2019-08-24 07:08:16,953 | INFO  | DNAudit | user=null | ip=null | op=PUT_BLOCK {blockData=[blockId=conID: 2 locID: 102670695852081599 bcsId: 0,size=1048576]} | ret=SUCCESS |  
2019-08-24 07:08:16,953 [grpc-default-executor-1] INFO  client.GrpcClientProtocolClient (GrpcClientProtocolClient.java:onNext(255)) - client-6EDD19400D46->06a4573b-67a1-41e3-a350-f896363bc636: receive RaftClientReply:client-6EDD19400D46->06a4573b-67a1-41e3-a350-f896363bc636@group-757E3781CD2A, cid=1038, SUCCESS, logIndex=1396, commits[06a4573b-67a1-41e3-a350-f896363bc636:c1397, 0b725bbf-683b-4664-9a2e-3c9dd6e38bc1:c1395, 9193e3b7-ae04-484d-a740-c65c11559486:c1395]
2019-08-24 07:08:16,954 [grpc-default-executor-1] INFO  client.GrpcClientProtocolClient (GrpcClientProtocolClient.java:onNext(255)) - client-6EDD19400D46->06a4573b-67a1-41e3-a350-f896363bc636: receive RaftClientReply:client-6EDD19400D46->06a4573b-67a1-41e3-a350-f896363bc636@group-757E3781CD2A, cid=1039, SUCCESS, logIndex=1397, commits[06a4573b-67a1-41e3-a350-f896363bc636:c1397, 0b725bbf-683b-4664-9a2e-3c9dd6e38bc1:c1395, 9193e3b7-ae04-484d-a740-c65c11559486:c1395]
2019-08-24 07:08:16,970 | INFO  | DNAudit | user=null | ip=null | op=WRITE_CHUNK {blockData=conID: 2 locID: 102670695852081599 bcsId: 0} | ret=SUCCESS |  
2019-08-24 07:08:16,971 | INFO  | DNAudit | user=null | ip=null | op=WRITE_CHUNK {blockData=conID: 2 locID: 102670695852081599 bcsId: 0} | ret=SUCCESS |  
2019-08-24 07:08:16,971 | INFO  | DNAudit | user=null | ip=null | op=PUT_BLOCK {blockData=[blockId=conID: 2 locID: 102670695852081599 bcsId: 0,size=2097152]} | ret=SUCCESS |  
2019-08-24 07:08:16,971 | INFO  | DNAudit | user=null | ip=null | op=PUT_BLOCK {blockData=[blockId=conID: 2 locID: 102670695852081599 bcsId: 0,size=1048576]} | ret=SUCCESS |  
2019-08-24 07:08:16,971 [grpc-default-executor-1] INFO  client.GrpcClientProtocolClient (GrpcClientProtocolClient.java:onNext(255)) - client-6EDD19400D46->06a4573b-67a1-41e3-a350-f896363bc636: receive RaftClientReply:client-6EDD19400D46->06a4573b-67a1-41e3-a350-f896363bc636@group-757E3781CD2A, cid=1040, SUCCESS, logIndex=1398, commits[06a4573b-67a1-41e3-a350-f896363bc636:c1399, 0b725bbf-683b-4664-9a2e-3c9dd6e38bc1:c1395, 9193e3b7-ae04-484d-a740-c65c11559486:c1395]
2019-08-24 07:08:16,971 [grpc-default-executor-1] INFO  client.GrpcClientProtocolClient (GrpcClientProtocolClient.java:onNext(255)) - client-6EDD19400D46->06a4573b-67a1-41e3-a350-f896363bc636: receive RaftClientReply:client-6EDD19400D46->06a4573b-67a1-41e3-a350-f896363bc636@group-757E3781CD2A, cid=1041, SUCCESS, logIndex=1399, commits[06a4573b-67a1-41e3-a350-f896363bc636:c1401, 0b725bbf-683b-4664-9a2e-3c9dd6e38bc1:c1395, 9193e3b7-ae04-484d-a740-c65c11559486:c1397]
2019-08-24 07:08:16,973 | INFO  | DNAudit | user=null | ip=null | op=WRITE_CHUNK {blockData=conID: 2 locID: 102670695852081599 bcsId: 0} | ret=SUCCESS |  
2019-08-24 07:08:16,973 | INFO  | DNAudit | user=null | ip=null | op=PUT_BLOCK {blockData=[blockId=conID: 2 locID: 102670695852081599 bcsId: 0,size=1048576]} | ret=SUCCESS |  
2019-08-24 07:08:16,974 [grpc-default-executor-1] INFO  client.GrpcClientProtocolClient (GrpcClientProtocolClient.java:onNext(255)) - client-6EDD19400D46->06a4573b-67a1-41e3-a350-f896363bc636: receive RaftClientReply:client-6EDD19400D46->06a4573b-67a1-41e3-a350-f896363bc636@group-757E3781CD2A, cid=1042, SUCCESS, logIndex=0, commits[06a4573b-67a1-41e3-a350-f896363bc636:c1401, 0b725bbf-683b-4664-9a2e-3c9dd6e38bc1:c1397, 9193e3b7-ae04-484d-a740-c65c11559486:c1397]
2019-08-24 07:08:16,974 | INFO  | DNAudit | user=null | ip=null | op=WRITE_CHUNK {blockData=conID: 2 locID: 102670695852081599 bcsId: 0} | ret=SUCCESS |  
2019-08-24 07:08:16,976 | INFO  | DNAudit | user=null | ip=null | op=WRITE_CHUNK {blockData=conID: 2 locID: 102670695852081599 bcsId: 0} | ret=SUCCESS |  
2019-08-24 07:08:16,976 | INFO  | DNAudit | user=null | ip=null | op=PUT_BLOCK {blockData=[blockId=conID: 2 locID: 102670695852081599 bcsId: 0,size=2097152]} | ret=SUCCESS |  
2019-08-24 07:08:16,982 | INFO  | DNAudit | user=null | ip=null | op=WRITE_CHUNK {blockData=conID: 2 locID: 102670695852081599 bcsId: 1399} | ret=SUCCESS |  
2019-08-24 07:08:16,985 | INFO  | DNAudit | user=null | ip=null | op=WRITE_CHUNK {blockData=conID: 2 locID: 102670695852081599 bcsId: 1399} | ret=SUCCESS |  
2019-08-24 07:08:16,985 | INFO  | DNAudit | user=null | ip=null | op=WRITE_CHUNK {blockData=conID: 2 locID: 102670695852081599 bcsId: 1399} | ret=SUCCESS |  
2019-08-24 07:08:16,985 | INFO  | DNAudit | user=null | ip=null | op=PUT_BLOCK {blockData=[blockId=conID: 2 locID: 102670695852081599 bcsId: 0,size=2097152]} | ret=SUCCESS |  
2019-08-24 07:08:16,987 | INFO  | DNAudit | user=null | ip=null | op=WRITE_CHUNK {blockData=conID: 2 locID: 102670695852081599 bcsId: 1399} | ret=SUCCESS |  
2019-08-24 07:08:16,988 | INFO  | DNAudit | user=null | ip=null | op=PUT_BLOCK {blockData=[blockId=conID: 2 locID: 102670695852081599 bcsId: 0,size=3145728]} | ret=SUCCESS |  
2019-08-24 07:08:16,988 [grpc-default-executor-5] INFO  client.GrpcClientProtocolClient (GrpcClientProtocolClient.java:onNext(255)) - client-6EDD19400D46->06a4573b-67a1-41e3-a350-f896363bc636: receive RaftClientReply:client-6EDD19400D46->06a4573b-67a1-41e3-a350-f896363bc636@group-757E3781CD2A, cid=1043, SUCCESS, logIndex=1404, commits[06a4573b-67a1-41e3-a350-f896363bc636:c1405, 0b725bbf-683b-4664-9a2e-3c9dd6e38bc1:c1403, 9193e3b7-ae04-484d-a740-c65c11559486:c1403]
2019-08-24 07:08:16,988 [grpc-default-executor-5] INFO  client.GrpcClientProtocolClient (GrpcClientProtocolClient.java:onNext(255)) - client-6EDD19400D46->06a4573b-67a1-41e3-a350-f896363bc636: receive RaftClientReply:client-6EDD19400D46->06a4573b-67a1-41e3-a350-f896363bc636@group-757E3781CD2A, cid=1044, SUCCESS, logIndex=1405, commits[06a4573b-67a1-41e3-a350-f896363bc636:c1405, 0b725bbf-683b-4664-9a2e-3c9dd6e38bc1:c1403, 9193e3b7-ae04-484d-a740-c65c11559486:c1403]
2019-08-24 07:08:16,996 | INFO  | DNAudit | user=null | ip=null | op=WRITE_CHUNK {blockData=conID: 2 locID: 102670695852081599 bcsId: 1405} | ret=SUCCESS |  
2019-08-24 07:08:16,999 | INFO  | DNAudit | user=null | ip=null | op=WRITE_CHUNK {blockData=conID: 2 locID: 102670695852081599 bcsId: 1399} | ret=SUCCESS |  
2019-08-24 07:08:16,999 | INFO  | DNAudit | user=null | ip=null | op=WRITE_CHUNK {blockData=conID: 2 locID: 102670695852081599 bcsId: 1399} | ret=SUCCESS |  
2019-08-24 07:08:16,999 | INFO  | DNAudit | user=null | ip=null | op=WRITE_CHUNK {blockData=conID: 2 locID: 102670695852081599 bcsId: 1405} | ret=SUCCESS |  
2019-08-24 07:08:17,000 | INFO  | DNAudit | user=null | ip=null | op=WRITE_CHUNK {blockData=conID: 2 locID: 102670695852081599 bcsId: 1405} | ret=SUCCESS |  
2019-08-24 07:08:17,010 | INFO  | DNAudit | user=null | ip=null | op=PUT_BLOCK {blockData=[blockId=conID: 2 locID: 102670695852081599 bcsId: 0,size=3145728]} | ret=SUCCESS |  
2019-08-24 07:08:17,011 | INFO  | DNAudit | user=null | ip=null | op=PUT_BLOCK {blockData=[blockId=conID: 2 locID: 102670695852081599 bcsId: 0,size=3145728]} | ret=SUCCESS |  
2019-08-24 07:08:17,011 | INFO  | DNAudit | user=null | ip=null | op=WRITE_CHUNK {blockData=conID: 2 locID: 102670695852081599 bcsId: 1405} | ret=SUCCESS |  
2019-08-24 07:08:17,011 | INFO  | DNAudit | user=null | ip=null | op=PUT_BLOCK {blockData=[blockId=conID: 2 locID: 102670695852081599 bcsId: 0,size=4194304]} | ret=SUCCESS |  
2019-08-24 07:08:17,012 [grpc-default-executor-2] INFO  client.GrpcClientProtocolClient (GrpcClientProtocolClient.java:onNext(255)) - client-6EDD19400D46->06a4573b-67a1-41e3-a350-f896363bc636: receive RaftClientReply:client-6EDD19400D46->06a4573b-67a1-41e3-a350-f896363bc636@group-757E3781CD2A, cid=1045, SUCCESS, logIndex=1408, commits[06a4573b-67a1-41e3-a350-f896363bc636:c1409, 0b725bbf-683b-4664-9a2e-3c9dd6e38bc1:c1405, 9193e3b7-ae04-484d-a740-c65c11559486:c1405]
2019-08-24 07:08:17,012 [grpc-default-executor-2] INFO  client.GrpcClientProtocolClient (GrpcClientProtocolClient.java:onNext(255)) - client-6EDD19400D46->06a4573b-67a1-41e3-a350-f896363bc636: receive RaftClientReply:client-6EDD19400D46->06a4573b-67a1-41e3-a350-f896363bc636@group-757E3781CD2A, cid=1046, SUCCESS, logIndex=1409, commits[06a4573b-67a1-41e3-a350-f896363bc636:c1409, 0b725bbf-683b-4664-9a2e-3c9dd6e38bc1:c1405, 9193e3b7-ae04-484d-a740-c65c11559486:c1405]
2019-08-24 07:08:17,021 | INFO  | DNAudit | user=null | ip=null | op=WRITE_CHUNK {blockData=conID: 2 locID: 102670695852081599 bcsId: 1405} | ret=SUCCESS |  
2019-08-24 07:08:17,021 | INFO  | DNAudit | user=null | ip=null | op=WRITE_CHUNK {blockData=conID: 2 locID: 102670695852081599 bcsId: 1405} | ret=SUCCESS |  
2019-08-24 07:08:17,033 | INFO  | DNAudit | user=null | ip=null | op=PUT_BLOCK {blockData=[blockId=conID: 2 locID: 102670695852081599 bcsId: 0,size=4194304]} | ret=SUCCESS |  
2019-08-24 07:08:17,033 | INFO  | DNAudit | user=null | ip=null | op=PUT_BLOCK {blockData=[blockId=conID: 2 locID: 102670695852081599 bcsId: 0,size=4194304]} | ret=SUCCESS |  
2019-08-24 07:08:17,033 [grpc-default-executor-5] INFO  client.GrpcClientProtocolClient (GrpcClientProtocolClient.java:onNext(255)) - client-6EDD19400D46->06a4573b-67a1-41e3-a350-f896363bc636: receive RaftClientReply:client-6EDD19400D46->06a4573b-67a1-41e3-a350-f896363bc636@group-757E3781CD2A, cid=1047, SUCCESS, logIndex=0, commits[06a4573b-67a1-41e3-a350-f896363bc636:c1411, 0b725bbf-683b-4664-9a2e-3c9dd6e38bc1:c1409, 9193e3b7-ae04-484d-a740-c65c11559486:c1409]
2019-08-24 07:08:17,041 | INFO  | DNAudit | user=null | ip=null | op=WRITE_CHUNK {blockData=conID: 3 locID: 102670695852081600 bcsId: 0} | ret=SUCCESS |  
2019-08-24 07:08:17,045 | INFO  | DNAudit | user=null | ip=null | op=WRITE_CHUNK {blockData=conID: 3 locID: 102670695852081600 bcsId: 0} | ret=SUCCESS |  
2019-08-24 07:08:17,045 | INFO  | DNAudit | user=null | ip=null | op=WRITE_CHUNK {blockData=conID: 3 locID: 102670695852081600 bcsId: 0} | ret=SUCCESS |  
2019-08-24 07:08:17,045 | INFO  | DNAudit | user=null | ip=null | op=WRITE_CHUNK {blockData=conID: 3 locID: 102670695852081600 bcsId: 0} | ret=SUCCESS |  
2019-08-24 07:08:17,048 | INFO  | DNAudit | user=null | ip=null | op=WRITE_CHUNK {blockData=conID: 3 locID: 102670695852081600 bcsId: 0} | ret=SUCCESS |  
2019-08-24 07:08:17,048 | INFO  | DNAudit | user=null | ip=null | op=WRITE_CHUNK {blockData=conID: 3 locID: 102670695852081600 bcsId: 0} | ret=SUCCESS |  
2019-08-24 07:08:17,060 | INFO  | DNAudit | user=null | ip=null | op=WRITE_CHUNK {blockData=conID: 3 locID: 102670695852081600 bcsId: 0} | ret=SUCCESS |  
2019-08-24 07:08:17,060 | INFO  | DNAudit | user=null | ip=null | op=PUT_BLOCK {blockData=[blockId=conID: 3 locID: 102670695852081600 bcsId: 0,size=1048576]} | ret=SUCCESS |  
2019-08-24 07:08:17,060 [grpc-default-executor-2] INFO  client.GrpcClientProtocolClient (GrpcClientProtocolClient.java:onNext(255)) - client-6EDD19400D46->06a4573b-67a1-41e3-a350-f896363bc636: receive RaftClientReply:client-6EDD19400D46->06a4573b-67a1-41e3-a350-f896363bc636@group-757E3781CD2A, cid=1048, SUCCESS, logIndex=1412, commits[06a4573b-67a1-41e3-a350-f896363bc636:c1413, 0b725bbf-683b-4664-9a2e-3c9dd6e38bc1:c1411, 9193e3b7-ae04-484d-a740-c65c11559486:c1411]
2019-08-24 07:08:17,061 [grpc-default-executor-2] INFO  client.GrpcClientProtocolClient (GrpcClientProtocolClient.java:onNext(255)) - client-6EDD19400D46->06a4573b-67a1-41e3-a350-f896363bc636: receive RaftClientReply:client-6EDD19400D46->06a4573b-67a1-41e3-a350-f896363bc636@group-757E3781CD2A, cid=1049, SUCCESS, logIndex=1413, commits[06a4573b-67a1-41e3-a350-f896363bc636:c1413, 0b725bbf-683b-4664-9a2e-3c9dd6e38bc1:c1411, 9193e3b7-ae04-484d-a740-c65c11559486:c1411]
2019-08-24 07:08:17,071 | INFO  | DNAudit | user=null | ip=null | op=WRITE_CHUNK {blockData=conID: 3 locID: 102670695852081600 bcsId: 0} | ret=SUCCESS |  
2019-08-24 07:08:17,071 | INFO  | DNAudit | user=null | ip=null | op=PUT_BLOCK {blockData=[blockId=conID: 3 locID: 102670695852081600 bcsId: 0,size=2097152]} | ret=SUCCESS |  
2019-08-24 07:08:17,071 [grpc-default-executor-1] INFO  client.GrpcClientProtocolClient (GrpcClientProtocolClient.java:onNext(255)) - client-6EDD19400D46->06a4573b-67a1-41e3-a350-f896363bc636: receive RaftClientReply:client-6EDD19400D46->06a4573b-67a1-41e3-a350-f896363bc636@group-757E3781CD2A, cid=1050, SUCCESS, logIndex=1414, commits[06a4573b-67a1-41e3-a350-f896363bc636:c1415, 0b725bbf-683b-4664-9a2e-3c9dd6e38bc1:c1411, 9193e3b7-ae04-484d-a740-c65c11559486:c1411]
2019-08-24 07:08:17,072 [grpc-default-executor-1] INFO  client.GrpcClientProtocolClient (GrpcClientProtocolClient.java:onNext(255)) - client-6EDD19400D46->06a4573b-67a1-41e3-a350-f896363bc636: receive RaftClientReply:client-6EDD19400D46->06a4573b-67a1-41e3-a350-f896363bc636@group-757E3781CD2A, cid=1051, SUCCESS, logIndex=1415, commits[06a4573b-67a1-41e3-a350-f896363bc636:c1415, 0b725bbf-683b-4664-9a2e-3c9dd6e38bc1:c1411, 9193e3b7-ae04-484d-a740-c65c11559486:c1411]
2019-08-24 07:08:17,083 | INFO  | DNAudit | user=null | ip=null | op=WRITE_CHUNK {blockData=conID: 3 locID: 102670695852081600 bcsId: 0} | ret=SUCCESS |  
2019-08-24 07:08:17,083 | INFO  | DNAudit | user=null | ip=null | op=PUT_BLOCK {blockData=[blockId=conID: 3 locID: 102670695852081600 bcsId: 0,size=1048576]} | ret=SUCCESS |  
2019-08-24 07:08:17,085 | INFO  | DNAudit | user=null | ip=null | op=WRITE_CHUNK {blockData=conID: 3 locID: 102670695852081600 bcsId: 0} | ret=SUCCESS |  
2019-08-24 07:08:17,085 | INFO  | DNAudit | user=null | ip=null | op=PUT_BLOCK {blockData=[blockId=conID: 3 locID: 102670695852081600 bcsId: 0,size=1048576]} | ret=SUCCESS |  
2019-08-24 07:08:17,086 | INFO  | DNAudit | user=null | ip=null | op=WRITE_CHUNK {blockData=conID: 3 locID: 102670695852081600 bcsId: 0} | ret=SUCCESS |  
2019-08-24 07:08:17,086 [grpc-default-executor-1] INFO  client.GrpcClientProtocolClient (GrpcClientProtocolClient.java:onNext(255)) - client-6EDD19400D46->06a4573b-67a1-41e3-a350-f896363bc636: receive RaftClientReply:client-6EDD19400D46->06a4573b-67a1-41e3-a350-f896363bc636@group-757E3781CD2A, cid=1052, SUCCESS, logIndex=0, commits[06a4573b-67a1-41e3-a350-f896363bc636:c1417, 0b725bbf-683b-4664-9a2e-3c9dd6e38bc1:c1413, 9193e3b7-ae04-484d-a740-c65c11559486:c1413]
2019-08-24 07:08:17,086 | INFO  | DNAudit | user=null | ip=null | op=PUT_BLOCK {blockData=[blockId=conID: 3 locID: 102670695852081600 bcsId: 0,size=2097152]} | ret=SUCCESS |  
2019-08-24 07:08:17,093 | INFO  | DNAudit | user=null | ip=null | op=WRITE_CHUNK {blockData=conID: 3 locID: 102670695852081600 bcsId: 1415} | ret=SUCCESS |  
2019-08-24 07:08:17,096 | INFO  | DNAudit | user=null | ip=null | op=WRITE_CHUNK {blockData=conID: 3 locID: 102670695852081600 bcsId: 0} | ret=SUCCESS |  
2019-08-24 07:08:17,096 | INFO  | DNAudit | user=null | ip=null | op=PUT_BLOCK {blockData=[blockId=conID: 3 locID: 102670695852081600 bcsId: 0,size=2097152]} | ret=SUCCESS |  
2019-08-24 07:08:17,097 | INFO  | DNAudit | user=null | ip=null | op=WRITE_CHUNK {blockData=conID: 3 locID: 102670695852081600 bcsId: 1415} | ret=SUCCESS |  
2019-08-24 07:08:17,097 | INFO  | DNAudit | user=null | ip=null | op=WRITE_CHUNK {blockData=conID: 3 locID: 102670695852081600 bcsId: 1415} | ret=SUCCESS |  
2019-08-24 07:08:17,099 | INFO  | DNAudit | user=null | ip=null | op=WRITE_CHUNK {blockData=conID: 3 locID: 102670695852081600 bcsId: 1415} | ret=SUCCESS |  
2019-08-24 07:08:17,100 | INFO  | DNAudit | user=null | ip=null | op=PUT_BLOCK {blockData=[blockId=conID: 3 locID: 102670695852081600 bcsId: 0,size=3145728]} | ret=SUCCESS |  
2019-08-24 07:08:17,100 [grpc-default-executor-1] INFO  client.GrpcClientProtocolClient (GrpcClientProtocolClient.java:onNext(255)) - client-6EDD19400D46->06a4573b-67a1-41e3-a350-f896363bc636: receive RaftClientReply:client-6EDD19400D46->06a4573b-67a1-41e3-a350-f896363bc636@group-757E3781CD2A, cid=1053, SUCCESS, logIndex=1420, commits[06a4573b-67a1-41e3-a350-f896363bc636:c1421, 0b725bbf-683b-4664-9a2e-3c9dd6e38bc1:c1419, 9193e3b7-ae04-484d-a740-c65c11559486:c1419]
2019-08-24 07:08:17,100 [grpc-default-executor-1] INFO  client.GrpcClientProtocolClient (GrpcClientProtocolClient.java:onNext(255)) - client-6EDD19400D46->06a4573b-67a1-41e3-a350-f896363bc636: receive RaftClientReply:client-6EDD19400D46->06a4573b-67a1-41e3-a350-f896363bc636@group-757E3781CD2A, cid=1054, SUCCESS, logIndex=1421, commits[06a4573b-67a1-41e3-a350-f896363bc636:c1421, 0b725bbf-683b-4664-9a2e-3c9dd6e38bc1:c1419, 9193e3b7-ae04-484d-a740-c65c11559486:c1419]
2019-08-24 07:08:17,101 | INFO  | DNAudit | user=null | ip=null | op=WRITE_CHUNK {blockData=conID: 3 locID: 102670695852081600 bcsId: 1415} | ret=SUCCESS |  
2019-08-24 07:08:17,101 | INFO  | DNAudit | user=null | ip=null | op=PUT_BLOCK {blockData=[blockId=conID: 3 locID: 102670695852081600 bcsId: 0,size=3145728]} | ret=SUCCESS |  
2019-08-24 07:08:17,103 | INFO  | DNAudit | user=null | ip=null | op=WRITE_CHUNK {blockData=conID: 3 locID: 102670695852081600 bcsId: 1415} | ret=SUCCESS |  
2019-08-24 07:08:17,103 | INFO  | DNAudit | user=null | ip=null | op=PUT_BLOCK {blockData=[blockId=conID: 3 locID: 102670695852081600 bcsId: 0,size=3145728]} | ret=SUCCESS |  
2019-08-24 07:08:17,109 | INFO  | DNAudit | user=null | ip=null | op=WRITE_CHUNK {blockData=conID: 3 locID: 102670695852081600 bcsId: 1421} | ret=SUCCESS |  
2019-08-24 07:08:17,113 | INFO  | DNAudit | user=null | ip=null | op=WRITE_CHUNK {blockData=conID: 3 locID: 102670695852081600 bcsId: 1421} | ret=SUCCESS |  
2019-08-24 07:08:17,113 | INFO  | DNAudit | user=null | ip=null | op=WRITE_CHUNK {blockData=conID: 3 locID: 102670695852081600 bcsId: 1421} | ret=SUCCESS |  
 0.00% |█                                                                                                    |  0/1 Time: 0:00:062019-08-24 07:08:17,129 | INFO  | DNAudit | user=null | ip=null | op=WRITE_CHUNK {blockData=conID: 3 locID: 102670695852081600 bcsId: 1421} | ret=SUCCESS |  
2019-08-24 07:08:17,129 | INFO  | DNAudit | user=null | ip=null | op=PUT_BLOCK {blockData=[blockId=conID: 3 locID: 102670695852081600 bcsId: 0,size=4194304]} | ret=SUCCESS |  
2019-08-24 07:08:17,130 [grpc-default-executor-5] INFO  client.GrpcClientProtocolClient (GrpcClientProtocolClient.java:onNext(255)) - client-6EDD19400D46->06a4573b-67a1-41e3-a350-f896363bc636: receive RaftClientReply:client-6EDD19400D46->06a4573b-67a1-41e3-a350-f896363bc636@group-757E3781CD2A, cid=1055, SUCCESS, logIndex=1424, commits[06a4573b-67a1-41e3-a350-f896363bc636:c1425, 0b725bbf-683b-4664-9a2e-3c9dd6e38bc1:c1423, 9193e3b7-ae04-484d-a740-c65c11559486:c1423]
2019-08-24 07:08:17,130 [grpc-default-executor-5] INFO  client.GrpcClientProtocolClient (GrpcClientProtocolClient.java:onNext(255)) - client-6EDD19400D46->06a4573b-67a1-41e3-a350-f896363bc636: receive RaftClientReply:client-6EDD19400D46->06a4573b-67a1-41e3-a350-f896363bc636@group-757E3781CD2A, cid=1056, SUCCESS, logIndex=1425, commits[06a4573b-67a1-41e3-a350-f896363bc636:c1425, 0b725bbf-683b-4664-9a2e-3c9dd6e38bc1:c1423, 9193e3b7-ae04-484d-a740-c65c11559486:c1423]
2019-08-24 07:08:17,141 | INFO  | DNAudit | user=null | ip=null | op=WRITE_CHUNK {blockData=conID: 3 locID: 102670695852081600 bcsId: 1421} | ret=SUCCESS |  
2019-08-24 07:08:17,141 | INFO  | DNAudit | user=null | ip=null | op=WRITE_CHUNK {blockData=conID: 3 locID: 102670695852081600 bcsId: 1421} | ret=SUCCESS |  
2019-08-24 07:08:17,159 | INFO  | DNAudit | user=null | ip=null | op=PUT_BLOCK {blockData=[blockId=conID: 3 locID: 102670695852081600 bcsId: 0,size=4194304]} | ret=SUCCESS |  
2019-08-24 07:08:17,159 | INFO  | DNAudit | user=null | ip=null | op=PUT_BLOCK {blockData=[blockId=conID: 3 locID: 102670695852081600 bcsId: 0,size=4194304]} | ret=SUCCESS |  
2019-08-24 07:08:17,160 [grpc-default-executor-1] INFO  client.GrpcClientProtocolClient (GrpcClientProtocolClient.java:onNext(255)) - client-6EDD19400D46->06a4573b-67a1-41e3-a350-f896363bc636: receive RaftClientReply:client-6EDD19400D46->06a4573b-67a1-41e3-a350-f896363bc636@group-757E3781CD2A, cid=1057, SUCCESS, logIndex=0, commits[06a4573b-67a1-41e3-a350-f896363bc636:c1427, 0b725bbf-683b-4664-9a2e-3c9dd6e38bc1:c1425, 9193e3b7-ae04-484d-a740-c65c11559486:c1425]
2019-08-24 07:08:17,169 | INFO  | DNAudit | user=null | ip=null | op=WRITE_CHUNK {blockData=conID: 1 locID: 102670695852147137 bcsId: 0} | ret=SUCCESS |  
2019-08-24 07:08:17,173 | INFO  | DNAudit | user=null | ip=null | op=WRITE_CHUNK {blockData=conID: 1 locID: 102670695852147137 bcsId: 0} | ret=SUCCESS |  
2019-08-24 07:08:17,174 | INFO  | DNAudit | user=null | ip=null | op=WRITE_CHUNK {blockData=conID: 1 locID: 102670695852147137 bcsId: 0} | ret=SUCCESS |  
2019-08-24 07:08:17,174 | INFO  | DNAudit | user=null | ip=null | op=WRITE_CHUNK {blockData=conID: 1 locID: 102670695852147137 bcsId: 0} | ret=SUCCESS |  
2019-08-24 07:08:17,176 | INFO  | DNAudit | user=null | ip=null | op=WRITE_CHUNK {blockData=conID: 1 locID: 102670695852147137 bcsId: 0} | ret=SUCCESS |  
2019-08-24 07:08:17,176 | INFO  | DNAudit | user=null | ip=null | op=WRITE_CHUNK {blockData=conID: 1 locID: 102670695852147137 bcsId: 0} | ret=SUCCESS |  
2019-08-24 07:08:17,182 | INFO  | DNAudit | user=null | ip=null | op=WRITE_CHUNK {blockData=conID: 1 locID: 102670695852147137 bcsId: 0} | ret=SUCCESS |  
2019-08-24 07:08:17,182 | INFO  | DNAudit | user=null | ip=null | op=PUT_BLOCK {blockData=[blockId=conID: 1 locID: 102670695852147137 bcsId: 0,size=1048576]} | ret=SUCCESS |  
2019-08-24 07:08:17,183 [grpc-default-executor-2] INFO  client.GrpcClientProtocolClient (GrpcClientProtocolClient.java:onNext(255)) - client-6EDD19400D46->06a4573b-67a1-41e3-a350-f896363bc636: receive RaftClientReply:client-6EDD19400D46->06a4573b-67a1-41e3-a350-f896363bc636@group-757E3781CD2A, cid=1058, SUCCESS, logIndex=1428, commits[06a4573b-67a1-41e3-a350-f896363bc636:c1429, 0b725bbf-683b-4664-9a2e-3c9dd6e38bc1:c1427, 9193e3b7-ae04-484d-a740-c65c11559486:c1427]
2019-08-24 07:08:17,183 [grpc-default-executor-2] INFO  client.GrpcClientProtocolClient (GrpcClientProtocolClient.java:onNext(255)) - client-6EDD19400D46->06a4573b-67a1-41e3-a350-f896363bc636: receive RaftClientReply:client-6EDD19400D46->06a4573b-67a1-41e3-a350-f896363bc636@group-757E3781CD2A, cid=1059, SUCCESS, logIndex=1429, commits[06a4573b-67a1-41e3-a350-f896363bc636:c1429, 0b725bbf-683b-4664-9a2e-3c9dd6e38bc1:c1427, 9193e3b7-ae04-484d-a740-c65c11559486:c1427]
2019-08-24 07:08:17,193 | INFO  | DNAudit | user=null | ip=null | op=WRITE_CHUNK {blockData=conID: 1 locID: 102670695852147137 bcsId: 0} | ret=SUCCESS |  
2019-08-24 07:08:17,193 | INFO  | DNAudit | user=null | ip=null | op=PUT_BLOCK {blockData=[blockId=conID: 1 locID: 102670695852147137 bcsId: 0,size=2097152]} | ret=SUCCESS |  
2019-08-24 07:08:17,193 [grpc-default-executor-5] INFO  client.GrpcClientProtocolClient (GrpcClientProtocolClient.java:onNext(255)) - client-6EDD19400D46->06a4573b-67a1-41e3-a350-f896363bc636: receive RaftClientReply:client-6EDD19400D46->06a4573b-67a1-41e3-a350-f896363bc636@group-757E3781CD2A, cid=1060, SUCCESS, logIndex=1430, commits[06a4573b-67a1-41e3-a350-f896363bc636:c1431, 0b725bbf-683b-4664-9a2e-3c9dd6e38bc1:c1427, 9193e3b7-ae04-484d-a740-c65c11559486:c1427]
2019-08-24 07:08:17,194 [grpc-default-executor-5] INFO  client.GrpcClientProtocolClient (GrpcClientProtocolClient.java:onNext(255)) - client-6EDD19400D46->06a4573b-67a1-41e3-a350-f896363bc636: receive RaftClientReply:client-6EDD19400D46->06a4573b-67a1-41e3-a350-f896363bc636@group-757E3781CD2A, cid=1061, SUCCESS, logIndex=1431, commits[06a4573b-67a1-41e3-a350-f896363bc636:c1431, 0b725bbf-683b-4664-9a2e-3c9dd6e38bc1:c1427, 9193e3b7-ae04-484d-a740-c65c11559486:c1427]
2019-08-24 07:08:17,204 | INFO  | DNAudit | user=null | ip=null | op=WRITE_CHUNK {blockData=conID: 1 locID: 102670695852147137 bcsId: 0} | ret=SUCCESS |  
2019-08-24 07:08:17,204 | INFO  | DNAudit | user=null | ip=null | op=PUT_BLOCK {blockData=[blockId=conID: 1 locID: 102670695852147137 bcsId: 0,size=1048576]} | ret=SUCCESS |  
2019-08-24 07:08:17,204 | INFO  | DNAudit | user=null | ip=null | op=WRITE_CHUNK {blockData=conID: 1 locID: 102670695852147137 bcsId: 0} | ret=SUCCESS |  
2019-08-24 07:08:17,205 | INFO  | DNAudit | user=null | ip=null | op=PUT_BLOCK {blockData=[blockId=conID: 1 locID: 102670695852147137 bcsId: 0,size=1048576]} | ret=SUCCESS |  
2019-08-24 07:08:17,205 [grpc-default-executor-1] INFO  client.GrpcClientProtocolClient (GrpcClientProtocolClient.java:onNext(255)) - client-6EDD19400D46->06a4573b-67a1-41e3-a350-f896363bc636: receive RaftClientReply:client-6EDD19400D46->06a4573b-67a1-41e3-a350-f896363bc636@group-757E3781CD2A, cid=1062, SUCCESS, logIndex=0, commits[06a4573b-67a1-41e3-a350-f896363bc636:c1433, 0b725bbf-683b-4664-9a2e-3c9dd6e38bc1:c1429, 9193e3b7-ae04-484d-a740-c65c11559486:c1429]
2019-08-24 07:08:17,207 | INFO  | DNAudit | user=null | ip=null | op=WRITE_CHUNK {blockData=conID: 1 locID: 102670695852147137 bcsId: 0} | ret=SUCCESS |  
2019-08-24 07:08:17,208 | INFO  | DNAudit | user=null | ip=null | op=WRITE_CHUNK {blockData=conID: 1 locID: 102670695852147137 bcsId: 0} | ret=SUCCESS |  
2019-08-24 07:08:17,208 | INFO  | DNAudit | user=null | ip=null | op=PUT_BLOCK {blockData=[blockId=conID: 1 locID: 102670695852147137 bcsId: 0,size=2097152]} | ret=SUCCESS |  
2019-08-24 07:08:17,208 | INFO  | DNAudit | user=null | ip=null | op=PUT_BLOCK {blockData=[blockId=conID: 1 locID: 102670695852147137 bcsId: 0,size=2097152]} | ret=SUCCESS |  
2019-08-24 07:08:17,213 | INFO  | DNAudit | user=null | ip=null | op=WRITE_CHUNK {blockData=conID: 1 locID: 102670695852147137 bcsId: 1431} | ret=SUCCESS |  
2019-08-24 07:08:17,217 | INFO  | DNAudit | user=null | ip=null | op=WRITE_CHUNK {blockData=conID: 1 locID: 102670695852147137 bcsId: 1431} | ret=SUCCESS |  
2019-08-24 07:08:17,217 | INFO  | DNAudit | user=null | ip=null | op=WRITE_CHUNK {blockData=conID: 1 locID: 102670695852147137 bcsId: 1431} | ret=SUCCESS |  
2019-08-24 07:08:17,221 | INFO  | DNAudit | user=null | ip=null | op=WRITE_CHUNK {blockData=conID: 1 locID: 102670695852147137 bcsId: 1431} | ret=SUCCESS |  
2019-08-24 07:08:17,222 | INFO  | DNAudit | user=null | ip=null | op=PUT_BLOCK {blockData=[blockId=conID: 1 locID: 102670695852147137 bcsId: 0,size=3145728]} | ret=SUCCESS |  
2019-08-24 07:08:17,222 [grpc-default-executor-1] INFO  client.GrpcClientProtocolClient (GrpcClientProtocolClient.java:onNext(255)) - client-6EDD19400D46->06a4573b-67a1-41e3-a350-f896363bc636: receive RaftClientReply:client-6EDD19400D46->06a4573b-67a1-41e3-a350-f896363bc636@group-757E3781CD2A, cid=1063, SUCCESS, logIndex=1436, commits[06a4573b-67a1-41e3-a350-f896363bc636:c1437, 0b725bbf-683b-4664-9a2e-3c9dd6e38bc1:c1435, 9193e3b7-ae04-484d-a740-c65c11559486:c1435]
2019-08-24 07:08:17,223 [grpc-default-executor-1] INFO  client.GrpcClientProtocolClient (GrpcClientProtocolClient.java:onNext(255)) - client-6EDD19400D46->06a4573b-67a1-41e3-a350-f896363bc636: receive RaftClientReply:client-6EDD19400D46->06a4573b-67a1-41e3-a350-f896363bc636@group-757E3781CD2A, cid=1064, SUCCESS, logIndex=1437, commits[06a4573b-67a1-41e3-a350-f896363bc636:c1437, 0b725bbf-683b-4664-9a2e-3c9dd6e38bc1:c1435, 9193e3b7-ae04-484d-a740-c65c11559486:c1435]
2019-08-24 07:08:17,374 | INFO  | DNAudit | user=null | ip=null | op=WRITE_CHUNK {blockData=conID: 1 locID: 102670695852147137 bcsId: 1431} | ret=SUCCESS |  
2019-08-24 07:08:17,374 | INFO  | DNAudit | user=null | ip=null | op=WRITE_CHUNK {blockData=conID: 1 locID: 102670695852147137 bcsId: 1431} | ret=SUCCESS |  
2019-08-24 07:08:17,376 | INFO  | DNAudit | user=null | ip=null | op=WRITE_CHUNK {blockData=conID: 1 locID: 102670695852147137 bcsId: 1437} | ret=SUCCESS |  
2019-08-24 07:08:17,379 | INFO  | DNAudit | user=null | ip=null | op=WRITE_CHUNK {blockData=conID: 1 locID: 102670695852147137 bcsId: 1437} | ret=SUCCESS |  
2019-08-24 07:08:17,380 | INFO  | DNAudit | user=null | ip=null | op=WRITE_CHUNK {blockData=conID: 1 locID: 102670695852147137 bcsId: 1437} | ret=SUCCESS |  
2019-08-24 07:08:17,387 | INFO  | DNAudit | user=null | ip=null | op=PUT_BLOCK {blockData=[blockId=conID: 1 locID: 102670695852147137 bcsId: 0,size=3145728]} | ret=SUCCESS |  
2019-08-24 07:08:17,387 | INFO  | DNAudit | user=null | ip=null | op=PUT_BLOCK {blockData=[blockId=conID: 1 locID: 102670695852147137 bcsId: 0,size=3145728]} | ret=SUCCESS |  
2019-08-24 07:08:17,400 | INFO  | DNAudit | user=null | ip=null | op=WRITE_CHUNK {blockData=conID: 1 locID: 102670695852147137 bcsId: 1437} | ret=SUCCESS |  
2019-08-24 07:08:17,401 | INFO  | DNAudit | user=null | ip=null | op=PUT_BLOCK {blockData=[blockId=conID: 1 locID: 102670695852147137 bcsId: 0,size=4194304]} | ret=SUCCESS |  
2019-08-24 07:08:17,401 [grpc-default-executor-1] INFO  client.GrpcClientProtocolClient (GrpcClientProtocolClient.java:onNext(255)) - client-6EDD19400D46->06a4573b-67a1-41e3-a350-f896363bc636: receive RaftClientReply:client-6EDD19400D46->06a4573b-67a1-41e3-a350-f896363bc636@group-757E3781CD2A, cid=1065, SUCCESS, logIndex=1440, commits[06a4573b-67a1-41e3-a350-f896363bc636:c1441, 0b725bbf-683b-4664-9a2e-3c9dd6e38bc1:c1438, 9193e3b7-ae04-484d-a740-c65c11559486:c1438]
2019-08-24 07:08:17,402 [grpc-default-executor-1] INFO  client.GrpcClientProtocolClient (GrpcClientProtocolClient.java:onNext(255)) - client-6EDD19400D46->06a4573b-67a1-41e3-a350-f896363bc636: receive RaftClientReply:client-6EDD19400D46->06a4573b-67a1-41e3-a350-f896363bc636@group-757E3781CD2A, cid=1066, SUCCESS, logIndex=1441, commits[06a4573b-67a1-41e3-a350-f896363bc636:c1441, 0b725bbf-683b-4664-9a2e-3c9dd6e38bc1:c1438, 9193e3b7-ae04-484d-a740-c65c11559486:c1438]
2019-08-24 07:08:17,413 | INFO  | DNAudit | user=null | ip=null | op=WRITE_CHUNK {blockData=conID: 1 locID: 102670695852147137 bcsId: 1437} | ret=SUCCESS |  
2019-08-24 07:08:17,414 | INFO  | DNAudit | user=null | ip=null | op=WRITE_CHUNK {blockData=conID: 1 locID: 102670695852147137 bcsId: 1437} | ret=SUCCESS |  
2019-08-24 07:08:17,426 | INFO  | DNAudit | user=null | ip=null | op=PUT_BLOCK {blockData=[blockId=conID: 1 locID: 102670695852147137 bcsId: 0,size=4194304]} | ret=SUCCESS |  
2019-08-24 07:08:17,426 | INFO  | DNAudit | user=null | ip=null | op=PUT_BLOCK {blockData=[blockId=conID: 1 locID: 102670695852147137 bcsId: 0,size=4194304]} | ret=SUCCESS |  
2019-08-24 07:08:17,427 [grpc-default-executor-1] INFO  client.GrpcClientProtocolClient (GrpcClientProtocolClient.java:onNext(255)) - client-6EDD19400D46->06a4573b-67a1-41e3-a350-f896363bc636: receive RaftClientReply:client-6EDD19400D46->06a4573b-67a1-41e3-a350-f896363bc636@group-757E3781CD2A, cid=1067, SUCCESS, logIndex=0, commits[06a4573b-67a1-41e3-a350-f896363bc636:c1443, 0b725bbf-683b-4664-9a2e-3c9dd6e38bc1:c1441, 9193e3b7-ae04-484d-a740-c65c11559486:c1441]
2019-08-24 07:08:17,427 | INFO  | SCMAudit | user=jenkins1000 | ip=192.168.69.125 | op=SEND_HEARTBEAT {datanodeUUID=25ce0803-6f34-4c69-82c0-892f08679042, command=[]} | ret=SUCCESS |  
2019-08-24 07:08:17,427 | INFO  | SCMAudit | user=jenkins1000 | ip=192.168.69.125 | op=SEND_HEARTBEAT {datanodeUUID=0b725bbf-683b-4664-9a2e-3c9dd6e38bc1, command=[]} | ret=SUCCESS |  
2019-08-24 07:08:17,428 | INFO  | SCMAudit | user=jenkins1000 | ip=192.168.69.125 | op=SEND_HEARTBEAT {datanodeUUID=06a4573b-67a1-41e3-a350-f896363bc636, command=[]} | ret=SUCCESS |  
2019-08-24 07:08:17,428 | INFO  | SCMAudit | user=jenkins1000 | ip=192.168.69.125 | op=SEND_HEARTBEAT {datanodeUUID=9193e3b7-ae04-484d-a740-c65c11559486, command=[]} | ret=SUCCESS |  
2019-08-24 07:08:17,435 | INFO  | DNAudit | user=null | ip=null | op=WRITE_CHUNK {blockData=conID: 2 locID: 102670695852147138 bcsId: 0} | ret=SUCCESS |  
2019-08-24 07:08:17,439 | INFO  | DNAudit | user=null | ip=null | op=WRITE_CHUNK {blockData=conID: 2 locID: 102670695852147138 bcsId: 0} | ret=SUCCESS |  
2019-08-24 07:08:17,439 | INFO  | DNAudit | user=null | ip=null | op=WRITE_CHUNK {blockData=conID: 2 locID: 102670695852147138 bcsId: 0} | ret=SUCCESS |  
2019-08-24 07:08:17,440 | INFO  | DNAudit | user=null | ip=null | op=WRITE_CHUNK {blockData=conID: 2 locID: 102670695852147138 bcsId: 0} | ret=SUCCESS |  
2019-08-24 07:08:17,443 | INFO  | DNAudit | user=null | ip=null | op=WRITE_CHUNK {blockData=conID: 2 locID: 102670695852147138 bcsId: 0} | ret=SUCCESS |  
2019-08-24 07:08:17,443 | INFO  | DNAudit | user=null | ip=null | op=WRITE_CHUNK {blockData=conID: 2 locID: 102670695852147138 bcsId: 0} | ret=SUCCESS |  
2019-08-24 07:08:17,455 | INFO  | DNAudit | user=null | ip=null | op=WRITE_CHUNK {blockData=conID: 2 locID: 102670695852147138 bcsId: 0} | ret=SUCCESS |  
2019-08-24 07:08:17,456 | INFO  | DNAudit | user=null | ip=null | op=PUT_BLOCK {blockData=[blockId=conID: 2 locID: 102670695852147138 bcsId: 0,size=1048576]} | ret=SUCCESS |  
2019-08-24 07:08:17,457 | INFO  | DNAudit | user=null | ip=null | op=WRITE_CHUNK {blockData=conID: 2 locID: 102670695852147138 bcsId: 0} | ret=SUCCESS |  
2019-08-24 07:08:17,457 [grpc-default-executor-0] INFO  client.GrpcClientProtocolClient (GrpcClientProtocolClient.java:onNext(255)) - client-6EDD19400D46->06a4573b-67a1-41e3-a350-f896363bc636: receive RaftClientReply:client-6EDD19400D46->06a4573b-67a1-41e3-a350-f896363bc636@group-757E3781CD2A, cid=1068, SUCCESS, logIndex=1444, commits[06a4573b-67a1-41e3-a350-f896363bc636:c1444, 0b725bbf-683b-4664-9a2e-3c9dd6e38bc1:c1443, 9193e3b7-ae04-484d-a740-c65c11559486:c1443]
2019-08-24 07:08:17,459 | INFO  | DNAudit | user=null | ip=null | op=PUT_BLOCK {blockData=[blockId=conID: 2 locID: 102670695852147138 bcsId: 0,size=2097152]} | ret=SUCCESS |  
2019-08-24 07:08:17,461 | INFO  | DNAudit | user=null | ip=null | op=WRITE_CHUNK {blockData=conID: 2 locID: 102670695852147138 bcsId: 0} | ret=SUCCESS |  
2019-08-24 07:08:17,461 [grpc-default-executor-0] INFO  client.GrpcClientProtocolClient (GrpcClientProtocolClient.java:onNext(255)) - client-6EDD19400D46->06a4573b-67a1-41e3-a350-f896363bc636: receive RaftClientReply:client-6EDD19400D46->06a4573b-67a1-41e3-a350-f896363bc636@group-757E3781CD2A, cid=1069, SUCCESS, logIndex=1445, commits[06a4573b-67a1-41e3-a350-f896363bc636:c1445, 0b725bbf-683b-4664-9a2e-3c9dd6e38bc1:c1443, 9193e3b7-ae04-484d-a740-c65c11559486:c1443]
2019-08-24 07:08:17,462 [grpc-default-executor-0] INFO  client.GrpcClientProtocolClient (GrpcClientProtocolClient.java:onNext(255)) - client-6EDD19400D46->06a4573b-67a1-41e3-a350-f896363bc636: receive RaftClientReply:client-6EDD19400D46->06a4573b-67a1-41e3-a350-f896363bc636@group-757E3781CD2A, cid=1070, SUCCESS, logIndex=1446, commits[06a4573b-67a1-41e3-a350-f896363bc636:c1446, 0b725bbf-683b-4664-9a2e-3c9dd6e38bc1:c1443, 9193e3b7-ae04-484d-a740-c65c11559486:c1443]
2019-08-24 07:08:17,462 [grpc-default-executor-0] INFO  client.GrpcClientProtocolClient (GrpcClientProtocolClient.java:onNext(255)) - client-6EDD19400D46->06a4573b-67a1-41e3-a350-f896363bc636: receive RaftClientReply:client-6EDD19400D46->06a4573b-67a1-41e3-a350-f896363bc636@group-757E3781CD2A, cid=1071, SUCCESS, logIndex=1447, commits[06a4573b-67a1-41e3-a350-f896363bc636:c1447, 0b725bbf-683b-4664-9a2e-3c9dd6e38bc1:c1444, 9193e3b7-ae04-484d-a740-c65c11559486:c1443]
2019-08-24 07:08:17,470 | INFO  | DNAudit | user=null | ip=null | op=WRITE_CHUNK {blockData=conID: 2 locID: 102670695852147138 bcsId: 0} | ret=SUCCESS |  
2019-08-24 07:08:17,470 | INFO  | DNAudit | user=null | ip=null | op=PUT_BLOCK {blockData=[blockId=conID: 2 locID: 102670695852147138 bcsId: 0,size=1048576]} | ret=SUCCESS |  
2019-08-24 07:08:17,470 | INFO  | DNAudit | user=null | ip=null | op=PUT_BLOCK {blockData=[blockId=conID: 2 locID: 102670695852147138 bcsId: 0,size=1048576]} | ret=SUCCESS |  
2019-08-24 07:08:17,471 | INFO  | DNAudit | user=null | ip=null | op=WRITE_CHUNK {blockData=conID: 2 locID: 102670695852147138 bcsId: 0} | ret=SUCCESS |  
2019-08-24 07:08:17,471 | INFO  | DNAudit | user=null | ip=null | op=WRITE_CHUNK {blockData=conID: 2 locID: 102670695852147138 bcsId: 0} | ret=SUCCESS |  
2019-08-24 07:08:17,471 [grpc-default-executor-0] INFO  client.GrpcClientProtocolClient (GrpcClientProtocolClient.java:onNext(255)) - client-6EDD19400D46->06a4573b-67a1-41e3-a350-f896363bc636: receive RaftClientReply:client-6EDD19400D46->06a4573b-67a1-41e3-a350-f896363bc636@group-757E3781CD2A, cid=1072, SUCCESS, logIndex=0, commits[06a4573b-67a1-41e3-a350-f896363bc636:c1448, 0b725bbf-683b-4664-9a2e-3c9dd6e38bc1:c1445, 9193e3b7-ae04-484d-a740-c65c11559486:c1445]
2019-08-24 07:08:17,477 | INFO  | DNAudit | user=null | ip=null | op=WRITE_CHUNK {blockData=conID: 2 locID: 102670695852147138 bcsId: 1447} | ret=SUCCESS |  
2019-08-24 07:08:17,480 | INFO  | DNAudit | user=null | ip=null | op=PUT_BLOCK {blockData=[blockId=conID: 2 locID: 102670695852147138 bcsId: 0,size=2097152]} | ret=SUCCESS |  
2019-08-24 07:08:17,480 | INFO  | DNAudit | user=null | ip=null | op=PUT_BLOCK {blockData=[blockId=conID: 2 locID: 102670695852147138 bcsId: 0,size=2097152]} | ret=SUCCESS |  
2019-08-24 07:08:17,481 | INFO  | DNAudit | user=null | ip=null | op=WRITE_CHUNK {blockData=conID: 2 locID: 102670695852147138 bcsId: 1447} | ret=SUCCESS |  
2019-08-24 07:08:17,481 | INFO  | DNAudit | user=null | ip=null | op=WRITE_CHUNK {blockData=conID: 2 locID: 102670695852147138 bcsId: 1447} | ret=SUCCESS |  
2019-08-24 07:08:17,491 | INFO  | DNAudit | user=null | ip=null | op=WRITE_CHUNK {blockData=conID: 2 locID: 102670695852147138 bcsId: 1447} | ret=SUCCESS |  
2019-08-24 07:08:17,491 | INFO  | DNAudit | user=null | ip=null | op=PUT_BLOCK {blockData=[blockId=conID: 2 locID: 102670695852147138 bcsId: 0,size=3145728]} | ret=SUCCESS |  
2019-08-24 07:08:17,492 [grpc-default-executor-1] INFO  client.GrpcClientProtocolClient (GrpcClientProtocolClient.java:onNext(255)) - client-6EDD19400D46->06a4573b-67a1-41e3-a350-f896363bc636: receive RaftClientReply:client-6EDD19400D46->06a4573b-67a1-41e3-a350-f896363bc636@group-757E3781CD2A, cid=1073, SUCCESS, logIndex=1452, commits[06a4573b-67a1-41e3-a350-f896363bc636:c1453, 0b725bbf-683b-4664-9a2e-3c9dd6e38bc1:c1448, 9193e3b7-ae04-484d-a740-c65c11559486:c1450]
2019-08-24 07:08:17,492 [grpc-default-executor-1] INFO  client.GrpcClientProtocolClient (GrpcClientProtocolClient.java:onNext(255)) - client-6EDD19400D46->06a4573b-67a1-41e3-a350-f896363bc636: receive RaftClientReply:client-6EDD19400D46->06a4573b-67a1-41e3-a350-f896363bc636@group-757E3781CD2A, cid=1074, SUCCESS, logIndex=1453, commits[06a4573b-67a1-41e3-a350-f896363bc636:c1453, 0b725bbf-683b-4664-9a2e-3c9dd6e38bc1:c1450, 9193e3b7-ae04-484d-a740-c65c11559486:c1450]
2019-08-24 07:08:17,493 | INFO  | DNAudit | user=null | ip=null | op=WRITE_CHUNK {blockData=conID: 2 locID: 102670695852147138 bcsId: 1447} | ret=SUCCESS |  
2019-08-24 07:08:17,493 | INFO  | DNAudit | user=null | ip=null | op=PUT_BLOCK {blockData=[blockId=conID: 2 locID: 102670695852147138 bcsId: 0,size=3145728]} | ret=SUCCESS |  
2019-08-24 07:08:17,498 | INFO  | DNAudit | user=null | ip=null | op=WRITE_CHUNK {blockData=conID: 2 locID: 102670695852147138 bcsId: 1453} | ret=SUCCESS |  
2019-08-24 07:08:17,501 | INFO  | DNAudit | user=null | ip=null | op=WRITE_CHUNK {blockData=conID: 2 locID: 102670695852147138 bcsId: 1453} | ret=SUCCESS |  
2019-08-24 07:08:17,501 | INFO  | DNAudit | user=null | ip=null | op=WRITE_CHUNK {blockData=conID: 2 locID: 102670695852147138 bcsId: 1453} | ret=SUCCESS |  
2019-08-24 07:08:17,502 | INFO  | DNAudit | user=null | ip=null | op=WRITE_CHUNK {blockData=conID: 2 locID: 102670695852147138 bcsId: 1447} | ret=SUCCESS |  
2019-08-24 07:08:17,503 | INFO  | DNAudit | user=null | ip=null | op=PUT_BLOCK {blockData=[blockId=conID: 2 locID: 102670695852147138 bcsId: 0,size=3145728]} | ret=SUCCESS |  
2019-08-24 07:08:17,508 | INFO  | DNAudit | user=null | ip=null | op=WRITE_CHUNK {blockData=conID: 2 locID: 102670695852147138 bcsId: 1453} | ret=SUCCESS |  
2019-08-24 07:08:17,508 | INFO  | DNAudit | user=null | ip=null | op=PUT_BLOCK {blockData=[blockId=conID: 2 locID: 102670695852147138 bcsId: 0,size=4194304]} | ret=SUCCESS |  
2019-08-24 07:08:17,508 [grpc-default-executor-5] INFO  client.GrpcClientProtocolClient (GrpcClientProtocolClient.java:onNext(255)) - client-6EDD19400D46->06a4573b-67a1-41e3-a350-f896363bc636: receive RaftClientReply:client-6EDD19400D46->06a4573b-67a1-41e3-a350-f896363bc636@group-757E3781CD2A, cid=1075, SUCCESS, logIndex=1456, commits[06a4573b-67a1-41e3-a350-f896363bc636:c1457, 0b725bbf-683b-4664-9a2e-3c9dd6e38bc1:c1454, 9193e3b7-ae04-484d-a740-c65c11559486:c1454]
2019-08-24 07:08:17,509 [grpc-default-executor-5] INFO  client.GrpcClientProtocolClient (GrpcClientProtocolClient.java:onNext(255)) - client-6EDD19400D46->06a4573b-67a1-41e3-a350-f896363bc636: receive RaftClientReply:client-6EDD19400D46->06a4573b-67a1-41e3-a350-f896363bc636@group-757E3781CD2A, cid=1076, SUCCESS, logIndex=1457, commits[06a4573b-67a1-41e3-a350-f896363bc636:c1457, 0b725bbf-683b-4664-9a2e-3c9dd6e38bc1:c1454, 9193e3b7-ae04-484d-a740-c65c11559486:c1454]
2019-08-24 07:08:17,511 | INFO  | DNAudit | user=null | ip=null | op=WRITE_CHUNK {blockData=conID: 2 locID: 102670695852147138 bcsId: 1453} | ret=SUCCESS |  
2019-08-24 07:08:17,511 | INFO  | DNAudit | user=null | ip=null | op=WRITE_CHUNK {blockData=conID: 2 locID: 102670695852147138 bcsId: 1453} | ret=SUCCESS |  
2019-08-24 07:08:17,511 | INFO  | DNAudit | user=null | ip=null | op=PUT_BLOCK {blockData=[blockId=conID: 2 locID: 102670695852147138 bcsId: 0,size=4194304]} | ret=SUCCESS |  
2019-08-24 07:08:17,511 | INFO  | DNAudit | user=null | ip=null | op=PUT_BLOCK {blockData=[blockId=conID: 2 locID: 102670695852147138 bcsId: 0,size=4194304]} | ret=SUCCESS |  
2019-08-24 07:08:17,511 [grpc-default-executor-5] INFO  client.GrpcClientProtocolClient (GrpcClientProtocolClient.java:onNext(255)) - client-6EDD19400D46->06a4573b-67a1-41e3-a350-f896363bc636: receive RaftClientReply:client-6EDD19400D46->06a4573b-67a1-41e3-a350-f896363bc636@group-757E3781CD2A, cid=1077, SUCCESS, logIndex=0, commits[06a4573b-67a1-41e3-a350-f896363bc636:c1458, 0b725bbf-683b-4664-9a2e-3c9dd6e38bc1:c1457, 9193e3b7-ae04-484d-a740-c65c11559486:c1457]
2019-08-24 07:08:17,518 | INFO  | DNAudit | user=null | ip=null | op=WRITE_CHUNK {blockData=conID: 3 locID: 102670695852147139 bcsId: 0} | ret=SUCCESS |  
2019-08-24 07:08:17,521 | INFO  | DNAudit | user=null | ip=null | op=WRITE_CHUNK {blockData=conID: 3 locID: 102670695852147139 bcsId: 0} | ret=SUCCESS |  
2019-08-24 07:08:17,521 | INFO  | DNAudit | user=null | ip=null | op=WRITE_CHUNK {blockData=conID: 3 locID: 102670695852147139 bcsId: 0} | ret=SUCCESS |  
2019-08-24 07:08:17,521 | INFO  | DNAudit | user=null | ip=null | op=WRITE_CHUNK {blockData=conID: 3 locID: 102670695852147139 bcsId: 0} | ret=SUCCESS |  
2019-08-24 07:08:17,523 | INFO  | DNAudit | user=null | ip=null | op=WRITE_CHUNK {blockData=conID: 3 locID: 102670695852147139 bcsId: 0} | ret=SUCCESS |  
2019-08-24 07:08:17,523 | INFO  | DNAudit | user=null | ip=null | op=WRITE_CHUNK {blockData=conID: 3 locID: 102670695852147139 bcsId: 0} | ret=SUCCESS |  
2019-08-24 07:08:17,523 | INFO  | DNAudit | user=null | ip=null | op=WRITE_CHUNK {blockData=conID: 3 locID: 102670695852147139 bcsId: 0} | ret=SUCCESS |  
2019-08-24 07:08:17,524 | INFO  | DNAudit | user=null | ip=null | op=PUT_BLOCK {blockData=[blockId=conID: 3 locID: 102670695852147139 bcsId: 0,size=1048576]} | ret=SUCCESS |  
2019-08-24 07:08:17,524 [grpc-default-executor-1] INFO  client.GrpcClientProtocolClient (GrpcClientProtocolClient.java:onNext(255)) - client-6EDD19400D46->06a4573b-67a1-41e3-a350-f896363bc636: receive RaftClientReply:client-6EDD19400D46->06a4573b-67a1-41e3-a350-f896363bc636@group-757E3781CD2A, cid=1078, SUCCESS, logIndex=1459, commits[06a4573b-67a1-41e3-a350-f896363bc636:c1460, 0b725bbf-683b-4664-9a2e-3c9dd6e38bc1:c1458, 9193e3b7-ae04-484d-a740-c65c11559486:c1457]
2019-08-24 07:08:17,525 [grpc-default-executor-1] INFO  client.GrpcClientProtocolClient (GrpcClientProtocolClient.java:onNext(255)) - client-6EDD19400D46->06a4573b-67a1-41e3-a350-f896363bc636: receive RaftClientReply:client-6EDD19400D46->06a4573b-67a1-41e3-a350-f896363bc636@group-757E3781CD2A, cid=1079, SUCCESS, logIndex=1460, commits[06a4573b-67a1-41e3-a350-f896363bc636:c1460, 0b725bbf-683b-4664-9a2e-3c9dd6e38bc1:c1458, 9193e3b7-ae04-484d-a740-c65c11559486:c1457]
2019-08-24 07:08:17,536 | INFO  | DNAudit | user=null | ip=null | op=WRITE_CHUNK {blockData=conID: 3 locID: 102670695852147139 bcsId: 0} | ret=SUCCESS |  
2019-08-24 07:08:17,537 | INFO  | DNAudit | user=null | ip=null | op=PUT_BLOCK {blockData=[blockId=conID: 3 locID: 102670695852147139 bcsId: 0,size=2097152]} | ret=SUCCESS |  
2019-08-24 07:08:17,537 [grpc-default-executor-5] INFO  client.GrpcClientProtocolClient (GrpcClientProtocolClient.java:onNext(255)) - client-6EDD19400D46->06a4573b-67a1-41e3-a350-f896363bc636: receive RaftClientReply:client-6EDD19400D46->06a4573b-67a1-41e3-a350-f896363bc636@group-757E3781CD2A, cid=1080, SUCCESS, logIndex=1461, commits[06a4573b-67a1-41e3-a350-f896363bc636:c1462, 0b725bbf-683b-4664-9a2e-3c9dd6e38bc1:c1458, 9193e3b7-ae04-484d-a740-c65c11559486:c1458]
2019-08-24 07:08:17,537 [grpc-default-executor-5] INFO  client.GrpcClientProtocolClient (GrpcClientProtocolClient.java:onNext(255)) - client-6EDD19400D46->06a4573b-67a1-41e3-a350-f896363bc636: receive RaftClientReply:client-6EDD19400D46->06a4573b-67a1-41e3-a350-f896363bc636@group-757E3781CD2A, cid=1081, SUCCESS, logIndex=1462, commits[06a4573b-67a1-41e3-a350-f896363bc636:c1462, 0b725bbf-683b-4664-9a2e-3c9dd6e38bc1:c1458, 9193e3b7-ae04-484d-a740-c65c11559486:c1458]
2019-08-24 07:08:17,538 | INFO  | DNAudit | user=null | ip=null | op=WRITE_CHUNK {blockData=conID: 3 locID: 102670695852147139 bcsId: 0} | ret=SUCCESS |  
2019-08-24 07:08:17,539 | INFO  | DNAudit | user=null | ip=null | op=PUT_BLOCK {blockData=[blockId=conID: 3 locID: 102670695852147139 bcsId: 0,size=1048576]} | ret=SUCCESS |  
2019-08-24 07:08:17,549 | INFO  | DNAudit | user=null | ip=null | op=WRITE_CHUNK {blockData=conID: 3 locID: 102670695852147139 bcsId: 0} | ret=SUCCESS |  
2019-08-24 07:08:17,549 | INFO  | DNAudit | user=null | ip=null | op=PUT_BLOCK {blockData=[blockId=conID: 3 locID: 102670695852147139 bcsId: 0,size=1048576]} | ret=SUCCESS |  
2019-08-24 07:08:17,549 [grpc-default-executor-1] INFO  client.GrpcClientProtocolClient (GrpcClientProtocolClient.java:onNext(255)) - client-6EDD19400D46->06a4573b-67a1-41e3-a350-f896363bc636: receive RaftClientReply:client-6EDD19400D46->06a4573b-67a1-41e3-a350-f896363bc636@group-757E3781CD2A, cid=1082, SUCCESS, logIndex=0, commits[06a4573b-67a1-41e3-a350-f896363bc636:c1464, 0b725bbf-683b-4664-9a2e-3c9dd6e38bc1:c1460, 9193e3b7-ae04-484d-a740-c65c11559486:c1460]
2019-08-24 07:08:17,551 | INFO  | DNAudit | user=null | ip=null | op=WRITE_CHUNK {blockData=conID: 3 locID: 102670695852147139 bcsId: 0} | ret=SUCCESS |  
2019-08-24 07:08:17,551 | INFO  | DNAudit | user=null | ip=null | op=PUT_BLOCK {blockData=[blockId=conID: 3 locID: 102670695852147139 bcsId: 0,size=2097152]} | ret=SUCCESS |  
2019-08-24 07:08:17,556 | INFO  | DNAudit | user=null | ip=null | op=WRITE_CHUNK {blockData=conID: 3 locID: 102670695852147139 bcsId: 1462} | ret=SUCCESS |  
2019-08-24 07:08:17,558 | INFO  | DNAudit | user=null | ip=null | op=WRITE_CHUNK {blockData=conID: 3 locID: 102670695852147139 bcsId: 1462} | ret=SUCCESS |  
2019-08-24 07:08:17,559 | INFO  | DNAudit | user=null | ip=null | op=WRITE_CHUNK {blockData=conID: 3 locID: 102670695852147139 bcsId: 1462} | ret=SUCCESS |  
2019-08-24 07:08:17,562 | INFO  | DNAudit | user=null | ip=null | op=WRITE_CHUNK {blockData=conID: 3 locID: 102670695852147139 bcsId: 0} | ret=SUCCESS |  
2019-08-24 07:08:17,562 | INFO  | DNAudit | user=null | ip=null | op=PUT_BLOCK {blockData=[blockId=conID: 3 locID: 102670695852147139 bcsId: 0,size=2097152]} | ret=SUCCESS |  
2019-08-24 07:08:17,564 | INFO  | DNAudit | user=null | ip=null | op=WRITE_CHUNK {blockData=conID: 3 locID: 102670695852147139 bcsId: 1462} | ret=SUCCESS |  
2019-08-24 07:08:17,564 | INFO  | DNAudit | user=null | ip=null | op=PUT_BLOCK {blockData=[blockId=conID: 3 locID: 102670695852147139 bcsId: 0,size=3145728]} | ret=SUCCESS |  
2019-08-24 07:08:17,565 [grpc-default-executor-0] INFO  client.GrpcClientProtocolClient (GrpcClientProtocolClient.java:onNext(255)) - client-6EDD19400D46->06a4573b-67a1-41e3-a350-f896363bc636: receive RaftClientReply:client-6EDD19400D46->06a4573b-67a1-41e3-a350-f896363bc636@group-757E3781CD2A, cid=1083, SUCCESS, logIndex=1467, commits[06a4573b-67a1-41e3-a350-f896363bc636:c1468, 0b725bbf-683b-4664-9a2e-3c9dd6e38bc1:c1466, 9193e3b7-ae04-484d-a740-c65c11559486:c1462]
2019-08-24 07:08:17,565 [grpc-default-executor-0] INFO  client.GrpcClientProtocolClient (GrpcClientProtocolClient.java:onNext(255)) - client-6EDD19400D46->06a4573b-67a1-41e3-a350-f896363bc636: receive RaftClientReply:client-6EDD19400D46->06a4573b-67a1-41e3-a350-f896363bc636@group-757E3781CD2A, cid=1084, SUCCESS, logIndex=1468, commits[06a4573b-67a1-41e3-a350-f896363bc636:c1468, 0b725bbf-683b-4664-9a2e-3c9dd6e38bc1:c1466, 9193e3b7-ae04-484d-a740-c65c11559486:c1462]
2019-08-24 07:08:17,571 | INFO  | DNAudit | user=null | ip=null | op=WRITE_CHUNK {blockData=conID: 3 locID: 102670695852147139 bcsId: 1468} | ret=SUCCESS |  
2019-08-24 07:08:17,574 | INFO  | DNAudit | user=null | ip=null | op=WRITE_CHUNK {blockData=conID: 3 locID: 102670695852147139 bcsId: 1468} | ret=SUCCESS |  
2019-08-24 07:08:17,574 | INFO  | DNAudit | user=null | ip=null | op=WRITE_CHUNK {blockData=conID: 3 locID: 102670695852147139 bcsId: 1468} | ret=SUCCESS |  
2019-08-24 07:08:17,577 | INFO  | DNAudit | user=null | ip=null | op=WRITE_CHUNK {blockData=conID: 3 locID: 102670695852147139 bcsId: 1462} | ret=SUCCESS |  
2019-08-24 07:08:17,577 | INFO  | DNAudit | user=null | ip=null | op=PUT_BLOCK {blockData=[blockId=conID: 3 locID: 102670695852147139 bcsId: 0,size=3145728]} | ret=SUCCESS |  
2019-08-24 07:08:17,586 | INFO  | DNAudit | user=null | ip=null | op=WRITE_CHUNK {blockData=conID: 3 locID: 102670695852147139 bcsId: 1462} | ret=SUCCESS |  
2019-08-24 07:08:17,586 | INFO  | DNAudit | user=null | ip=null | op=PUT_BLOCK {blockData=[blockId=conID: 3 locID: 102670695852147139 bcsId: 0,size=3145728]} | ret=SUCCESS |  
2019-08-24 07:08:17,588 | INFO  | DNAudit | user=null | ip=null | op=WRITE_CHUNK {blockData=conID: 3 locID: 102670695852147139 bcsId: 1468} | ret=SUCCESS |  
2019-08-24 07:08:17,589 | INFO  | DNAudit | user=null | ip=null | op=PUT_BLOCK {blockData=[blockId=conID: 3 locID: 102670695852147139 bcsId: 0,size=4194304]} | ret=SUCCESS |  
2019-08-24 07:08:17,589 [grpc-default-executor-1] INFO  client.GrpcClientProtocolClient (GrpcClientProtocolClient.java:onNext(255)) - client-6EDD19400D46->06a4573b-67a1-41e3-a350-f896363bc636: receive RaftClientReply:client-6EDD19400D46->06a4573b-67a1-41e3-a350-f896363bc636@group-757E3781CD2A, cid=1085, SUCCESS, logIndex=1471, commits[06a4573b-67a1-41e3-a350-f896363bc636:c1472, 0b725bbf-683b-4664-9a2e-3c9dd6e38bc1:c1468, 9193e3b7-ae04-484d-a740-c65c11559486:c1468]
2019-08-24 07:08:17,589 [grpc-default-executor-1] INFO  client.GrpcClientProtocolClient (GrpcClientProtocolClient.java:onNext(255)) - client-6EDD19400D46->06a4573b-67a1-41e3-a350-f896363bc636: receive RaftClientReply:client-6EDD19400D46->06a4573b-67a1-41e3-a350-f896363bc636@group-757E3781CD2A, cid=1086, SUCCESS, logIndex=1472, commits[06a4573b-67a1-41e3-a350-f896363bc636:c1472, 0b725bbf-683b-4664-9a2e-3c9dd6e38bc1:c1468, 9193e3b7-ae04-484d-a740-c65c11559486:c1468]
2019-08-24 07:08:17,606 | INFO  | DNAudit | user=null | ip=null | op=WRITE_CHUNK {blockData=conID: 3 locID: 102670695852147139 bcsId: 1468} | ret=SUCCESS |  
2019-08-24 07:08:17,606 | INFO  | DNAudit | user=null | ip=null | op=WRITE_CHUNK {blockData=conID: 3 locID: 102670695852147139 bcsId: 1468} | ret=SUCCESS |  
2019-08-24 07:08:17,606 | INFO  | DNAudit | user=null | ip=null | op=PUT_BLOCK {blockData=[blockId=conID: 3 locID: 102670695852147139 bcsId: 0,size=4194304]} | ret=SUCCESS |  
2019-08-24 07:08:17,607 | INFO  | DNAudit | user=null | ip=null | op=PUT_BLOCK {blockData=[blockId=conID: 3 locID: 102670695852147139 bcsId: 0,size=4194304]} | ret=SUCCESS |  
2019-08-24 07:08:17,607 [grpc-default-executor-1] INFO  client.GrpcClientProtocolClient (GrpcClientProtocolClient.java:onNext(255)) - client-6EDD19400D46->06a4573b-67a1-41e3-a350-f896363bc636: receive RaftClientReply:client-6EDD19400D46->06a4573b-67a1-41e3-a350-f896363bc636@group-757E3781CD2A, cid=1087, SUCCESS, logIndex=0, commits[06a4573b-67a1-41e3-a350-f896363bc636:c1473, 0b725bbf-683b-4664-9a2e-3c9dd6e38bc1:c1472, 9193e3b7-ae04-484d-a740-c65c11559486:c1472]
2019-08-24 07:08:17,614 | INFO  | DNAudit | user=null | ip=null | op=WRITE_CHUNK {blockData=conID: 1 locID: 102670695852147140 bcsId: 0} | ret=SUCCESS |  
2019-08-24 07:08:17,617 | INFO  | DNAudit | user=null | ip=null | op=WRITE_CHUNK {blockData=conID: 1 locID: 102670695852147140 bcsId: 0} | ret=SUCCESS |  
2019-08-24 07:08:17,617 | INFO  | DNAudit | user=null | ip=null | op=WRITE_CHUNK {blockData=conID: 1 locID: 102670695852147140 bcsId: 0} | ret=SUCCESS |  
2019-08-24 07:08:17,617 | INFO  | DNAudit | user=null | ip=null | op=WRITE_CHUNK {blockData=conID: 1 locID: 102670695852147140 bcsId: 0} | ret=SUCCESS |  
2019-08-24 07:08:17,620 | INFO  | DNAudit | user=null | ip=null | op=WRITE_CHUNK {blockData=conID: 1 locID: 102670695852147140 bcsId: 0} | ret=SUCCESS |  
2019-08-24 07:08:17,620 | INFO  | DNAudit | user=null | ip=null | op=WRITE_CHUNK {blockData=conID: 1 locID: 102670695852147140 bcsId: 0} | ret=SUCCESS |  
2019-08-24 07:08:17,623 | INFO  | DNAudit | user=null | ip=null | op=WRITE_CHUNK {blockData=conID: 1 locID: 102670695852147140 bcsId: 0} | ret=SUCCESS |  
2019-08-24 07:08:17,623 | INFO  | DNAudit | user=null | ip=null | op=PUT_BLOCK {blockData=[blockId=conID: 1 locID: 102670695852147140 bcsId: 0,size=1048576]} | ret=SUCCESS |  
2019-08-24 07:08:17,624 [grpc-default-executor-0] INFO  client.GrpcClientProtocolClient (GrpcClientProtocolClient.java:onNext(255)) - client-6EDD19400D46->06a4573b-67a1-41e3-a350-f896363bc636: receive RaftClientReply:client-6EDD19400D46->06a4573b-67a1-41e3-a350-f896363bc636@group-757E3781CD2A, cid=1088, SUCCESS, logIndex=1474, commits[06a4573b-67a1-41e3-a350-f896363bc636:c1475, 0b725bbf-683b-4664-9a2e-3c9dd6e38bc1:c1473, 9193e3b7-ae04-484d-a740-c65c11559486:c1473]
2019-08-24 07:08:17,624 [grpc-default-executor-0] INFO  client.GrpcClientProtocolClient (GrpcClientProtocolClient.java:onNext(255)) - client-6EDD19400D46->06a4573b-67a1-41e3-a350-f896363bc636: receive RaftClientReply:client-6EDD19400D46->06a4573b-67a1-41e3-a350-f896363bc636@group-757E3781CD2A, cid=1089, SUCCESS, logIndex=1475, commits[06a4573b-67a1-41e3-a350-f896363bc636:c1475, 0b725bbf-683b-4664-9a2e-3c9dd6e38bc1:c1473, 9193e3b7-ae04-484d-a740-c65c11559486:c1473]
2019-08-24 07:08:17,636 | INFO  | DNAudit | user=null | ip=null | op=WRITE_CHUNK {blockData=conID: 1 locID: 102670695852147140 bcsId: 0} | ret=SUCCESS |  
2019-08-24 07:08:17,637 | INFO  | DNAudit | user=null | ip=null | op=PUT_BLOCK {blockData=[blockId=conID: 1 locID: 102670695852147140 bcsId: 0,size=2097152]} | ret=SUCCESS |  
2019-08-24 07:08:17,637 [grpc-default-executor-1] INFO  client.GrpcClientProtocolClient (GrpcClientProtocolClient.java:onNext(255)) - client-6EDD19400D46->06a4573b-67a1-41e3-a350-f896363bc636: receive RaftClientReply:client-6EDD19400D46->06a4573b-67a1-41e3-a350-f896363bc636@group-757E3781CD2A, cid=1090, SUCCESS, logIndex=1476, commits[06a4573b-67a1-41e3-a350-f896363bc636:c1477, 0b725bbf-683b-4664-9a2e-3c9dd6e38bc1:c1473, 9193e3b7-ae04-484d-a740-c65c11559486:c1473]
2019-08-24 07:08:17,637 [grpc-default-executor-1] INFO  client.GrpcClientProtocolClient (GrpcClientProtocolClient.java:onNext(255)) - client-6EDD19400D46->06a4573b-67a1-41e3-a350-f896363bc636: receive RaftClientReply:client-6EDD19400D46->06a4573b-67a1-41e3-a350-f896363bc636@group-757E3781CD2A, cid=1091, SUCCESS, logIndex=1477, commits[06a4573b-67a1-41e3-a350-f896363bc636:c1477, 0b725bbf-683b-4664-9a2e-3c9dd6e38bc1:c1473, 9193e3b7-ae04-484d-a740-c65c11559486:c1473]
2019-08-24 07:08:17,649 | INFO  | DNAudit | user=null | ip=null | op=WRITE_CHUNK {blockData=conID: 1 locID: 102670695852147140 bcsId: 0} | ret=SUCCESS |  
2019-08-24 07:08:17,649 | INFO  | DNAudit | user=null | ip=null | op=WRITE_CHUNK {blockData=conID: 1 locID: 102670695852147140 bcsId: 0} | ret=SUCCESS |  
2019-08-24 07:08:17,649 | INFO  | DNAudit | user=null | ip=null | op=PUT_BLOCK {blockData=[blockId=conID: 1 locID: 102670695852147140 bcsId: 0,size=1048576]} | ret=SUCCESS |  
2019-08-24 07:08:17,649 | INFO  | DNAudit | user=null | ip=null | op=PUT_BLOCK {blockData=[blockId=conID: 1 locID: 102670695852147140 bcsId: 0,size=1048576]} | ret=SUCCESS |  
2019-08-24 07:08:17,650 [grpc-default-executor-1] INFO  client.GrpcClientProtocolClient (GrpcClientProtocolClient.java:onNext(255)) - client-6EDD19400D46->06a4573b-67a1-41e3-a350-f896363bc636: receive RaftClientReply:client-6EDD19400D46->06a4573b-67a1-41e3-a350-f896363bc636@group-757E3781CD2A, cid=1092, SUCCESS, logIndex=0, commits[06a4573b-67a1-41e3-a350-f896363bc636:c1479, 0b725bbf-683b-4664-9a2e-3c9dd6e38bc1:c1475, 9193e3b7-ae04-484d-a740-c65c11559486:c1475]
2019-08-24 07:08:17,656 | INFO  | DNAudit | user=null | ip=null | op=WRITE_CHUNK {blockData=conID: 1 locID: 102670695852147140 bcsId: 1477} | ret=SUCCESS |  
2019-08-24 07:08:17,659 | INFO  | DNAudit | user=null | ip=null | op=WRITE_CHUNK {blockData=conID: 1 locID: 102670695852147140 bcsId: 1477} | ret=SUCCESS |  
2019-08-24 07:08:17,659 | INFO  | DNAudit | user=null | ip=null | op=WRITE_CHUNK {blockData=conID: 1 locID: 102670695852147140 bcsId: 1477} | ret=SUCCESS |  
2019-08-24 07:08:17,662 | INFO  | DNAudit | user=null | ip=null | op=WRITE_CHUNK {blockData=conID: 1 locID: 102670695852147140 bcsId: 0} | ret=SUCCESS |  
2019-08-24 07:08:17,662 | INFO  | DNAudit | user=null | ip=null | op=WRITE_CHUNK {blockData=conID: 1 locID: 102670695852147140 bcsId: 0} | ret=SUCCESS |  
2019-08-24 07:08:17,662 | INFO  | DNAudit | user=null | ip=null | op=PUT_BLOCK {blockData=[blockId=conID: 1 locID: 102670695852147140 bcsId: 0,size=2097152]} | ret=SUCCESS |  
2019-08-24 07:08:17,662 | INFO  | DNAudit | user=null | ip=null | op=PUT_BLOCK {blockData=[blockId=conID: 1 locID: 102670695852147140 bcsId: 0,size=2097152]} | ret=SUCCESS |  
2019-08-24 07:08:17,676 | INFO  | DNAudit | user=null | ip=null | op=WRITE_CHUNK {blockData=conID: 1 locID: 102670695852147140 bcsId: 1477} | ret=SUCCESS |  
2019-08-24 07:08:17,676 | INFO  | DNAudit | user=null | ip=null | op=PUT_BLOCK {blockData=[blockId=conID: 1 locID: 102670695852147140 bcsId: 0,size=3145728]} | ret=SUCCESS |  
2019-08-24 07:08:17,676 [grpc-default-executor-0] INFO  client.GrpcClientProtocolClient (GrpcClientProtocolClient.java:onNext(255)) - client-6EDD19400D46->06a4573b-67a1-41e3-a350-f896363bc636: receive RaftClientReply:client-6EDD19400D46->06a4573b-67a1-41e3-a350-f896363bc636@group-757E3781CD2A, cid=1093, SUCCESS, logIndex=1482, commits[06a4573b-67a1-41e3-a350-f896363bc636:c1483, 0b725bbf-683b-4664-9a2e-3c9dd6e38bc1:c1479, 9193e3b7-ae04-484d-a740-c65c11559486:c1479]
2019-08-24 07:08:17,677 [grpc-default-executor-0] INFO  client.GrpcClientProtocolClient (GrpcClientProtocolClient.java:onNext(255)) - client-6EDD19400D46->06a4573b-67a1-41e3-a350-f896363bc636: receive RaftClientReply:client-6EDD19400D46->06a4573b-67a1-41e3-a350-f896363bc636@group-757E3781CD2A, cid=1094, SUCCESS, logIndex=1483, commits[06a4573b-67a1-41e3-a350-f896363bc636:c1483, 0b725bbf-683b-4664-9a2e-3c9dd6e38bc1:c1479, 9193e3b7-ae04-484d-a740-c65c11559486:c1479]
2019-08-24 07:08:17,683 | INFO  | DNAudit | user=null | ip=null | op=WRITE_CHUNK {blockData=conID: 1 locID: 102670695852147140 bcsId: 1483} | ret=SUCCESS |  
2019-08-24 07:08:17,686 | INFO  | DNAudit | user=null | ip=null | op=WRITE_CHUNK {blockData=conID: 1 locID: 102670695852147140 bcsId: 1483} | ret=SUCCESS |  
2019-08-24 07:08:17,687 | INFO  | DNAudit | user=null | ip=null | op=WRITE_CHUNK {blockData=conID: 1 locID: 102670695852147140 bcsId: 1483} | ret=SUCCESS |  
2019-08-24 07:08:17,687 | INFO  | DNAudit | user=null | ip=null | op=WRITE_CHUNK {blockData=conID: 1 locID: 102670695852147140 bcsId: 1477} | ret=SUCCESS |  
2019-08-24 07:08:17,687 | INFO  | DNAudit | user=null | ip=null | op=WRITE_CHUNK {blockData=conID: 1 locID: 102670695852147140 bcsId: 1477} | ret=SUCCESS |  
2019-08-24 07:08:17,698 | INFO  | DNAudit | user=null | ip=null | op=PUT_BLOCK {blockData=[blockId=conID: 1 locID: 102670695852147140 bcsId: 0,size=3145728]} | ret=SUCCESS |  
2019-08-24 07:08:17,698 | INFO  | DNAudit | user=null | ip=null | op=PUT_BLOCK {blockData=[blockId=conID: 1 locID: 102670695852147140 bcsId: 0,size=3145728]} | ret=SUCCESS |  
2019-08-24 07:08:17,698 | INFO  | DNAudit | user=null | ip=null | op=WRITE_CHUNK {blockData=conID: 1 locID: 102670695852147140 bcsId: 1483} | ret=SUCCESS |  
2019-08-24 07:08:17,698 | INFO  | DNAudit | user=null | ip=null | op=PUT_BLOCK {blockData=[blockId=conID: 1 locID: 102670695852147140 bcsId: 0,size=4194304]} | ret=SUCCESS |  
2019-08-24 07:08:17,699 [grpc-default-executor-1] INFO  client.GrpcClientProtocolClient (GrpcClientProtocolClient.java:onNext(255)) - client-6EDD19400D46->06a4573b-67a1-41e3-a350-f896363bc636: receive RaftClientReply:client-6EDD19400D46->06a4573b-67a1-41e3-a350-f896363bc636@group-757E3781CD2A, cid=1095, SUCCESS, logIndex=1486, commits[06a4573b-67a1-41e3-a350-f896363bc636:c1487, 0b725bbf-683b-4664-9a2e-3c9dd6e38bc1:c1483, 9193e3b7-ae04-484d-a740-c65c11559486:c1483]
2019-08-24 07:08:17,699 [grpc-default-executor-1] INFO  client.GrpcClientProtocolClient (GrpcClientProtocolClient.java:onNext(255)) - client-6EDD19400D46->06a4573b-67a1-41e3-a350-f896363bc636: receive RaftClientReply:client-6EDD19400D46->06a4573b-67a1-41e3-a350-f896363bc636@group-757E3781CD2A, cid=1096, SUCCESS, logIndex=1487, commits[06a4573b-67a1-41e3-a350-f896363bc636:c1487, 0b725bbf-683b-4664-9a2e-3c9dd6e38bc1:c1483, 9193e3b7-ae04-484d-a740-c65c11559486:c1483]
2019-08-24 07:08:17,711 | INFO  | DNAudit | user=null | ip=null | op=WRITE_CHUNK {blockData=conID: 1 locID: 102670695852147140 bcsId: 1483} | ret=SUCCESS |  
2019-08-24 07:08:17,711 | INFO  | DNAudit | user=null | ip=null | op=WRITE_CHUNK {blockData=conID: 1 locID: 102670695852147140 bcsId: 1483} | ret=SUCCESS |  
2019-08-24 07:08:17,713 | INFO  | DNAudit | user=null | ip=null | op=PUT_BLOCK {blockData=[blockId=conID: 1 locID: 102670695852147140 bcsId: 0,size=4194304]} | ret=SUCCESS |  
2019-08-24 07:08:17,713 | INFO  | DNAudit | user=null | ip=null | op=PUT_BLOCK {blockData=[blockId=conID: 1 locID: 102670695852147140 bcsId: 0,size=4194304]} | ret=SUCCESS |  
2019-08-24 07:08:17,714 [grpc-default-executor-1] INFO  client.GrpcClientProtocolClient (GrpcClientProtocolClient.java:onNext(255)) - client-6EDD19400D46->06a4573b-67a1-41e3-a350-f896363bc636: receive RaftClientReply:client-6EDD19400D46->06a4573b-67a1-41e3-a350-f896363bc636@group-757E3781CD2A, cid=1097, SUCCESS, logIndex=0, commits[06a4573b-67a1-41e3-a350-f896363bc636:c1489, 0b725bbf-683b-4664-9a2e-3c9dd6e38bc1:c1487, 9193e3b7-ae04-484d-a740-c65c11559486:c1487]
2019-08-24 07:08:17,722 | INFO  | DNAudit | user=null | ip=null | op=WRITE_CHUNK {blockData=conID: 2 locID: 102670695852147141 bcsId: 0} | ret=SUCCESS |  
2019-08-24 07:08:17,724 | INFO  | DNAudit | user=null | ip=null | op=WRITE_CHUNK {blockData=conID: 2 locID: 102670695852147141 bcsId: 0} | ret=SUCCESS |  
2019-08-24 07:08:17,724 | INFO  | DNAudit | user=null | ip=null | op=WRITE_CHUNK {blockData=conID: 2 locID: 102670695852147141 bcsId: 0} | ret=SUCCESS |  
2019-08-24 07:08:17,725 | INFO  | DNAudit | user=null | ip=null | op=WRITE_CHUNK {blockData=conID: 2 locID: 102670695852147141 bcsId: 0} | ret=SUCCESS |  
2019-08-24 07:08:17,727 | INFO  | DNAudit | user=null | ip=null | op=WRITE_CHUNK {blockData=conID: 2 locID: 102670695852147141 bcsId: 0} | ret=SUCCESS |  
2019-08-24 07:08:17,729 | INFO  | DNAudit | user=null | ip=null | op=WRITE_CHUNK {blockData=conID: 2 locID: 102670695852147141 bcsId: 0} | ret=SUCCESS |  
2019-08-24 07:08:17,729 | INFO  | DNAudit | user=null | ip=null | op=WRITE_CHUNK {blockData=conID: 2 locID: 102670695852147141 bcsId: 0} | ret=SUCCESS |  
2019-08-24 07:08:17,729 | INFO  | DNAudit | user=null | ip=null | op=PUT_BLOCK {blockData=[blockId=conID: 2 locID: 102670695852147141 bcsId: 0,size=1048576]} | ret=SUCCESS |  
2019-08-24 07:08:17,730 [grpc-default-executor-5] INFO  client.GrpcClientProtocolClient (GrpcClientProtocolClient.java:onNext(255)) - client-6EDD19400D46->06a4573b-67a1-41e3-a350-f896363bc636: receive RaftClientReply:client-6EDD19400D46->06a4573b-67a1-41e3-a350-f896363bc636@group-757E3781CD2A, cid=1098, SUCCESS, logIndex=1490, commits[06a4573b-67a1-41e3-a350-f896363bc636:c1491, 0b725bbf-683b-4664-9a2e-3c9dd6e38bc1:c1489, 9193e3b7-ae04-484d-a740-c65c11559486:c1489]
2019-08-24 07:08:17,730 [grpc-default-executor-5] INFO  client.GrpcClientProtocolClient (GrpcClientProtocolClient.java:onNext(255)) - client-6EDD19400D46->06a4573b-67a1-41e3-a350-f896363bc636: receive RaftClientReply:client-6EDD19400D46->06a4573b-67a1-41e3-a350-f896363bc636@group-757E3781CD2A, cid=1099, SUCCESS, logIndex=1491, commits[06a4573b-67a1-41e3-a350-f896363bc636:c1491, 0b725bbf-683b-4664-9a2e-3c9dd6e38bc1:c1489, 9193e3b7-ae04-484d-a740-c65c11559486:c1489]
2019-08-24 07:08:17,742 | INFO  | DNAudit | user=null | ip=null | op=WRITE_CHUNK {blockData=conID: 2 locID: 102670695852147141 bcsId: 0} | ret=SUCCESS |  
2019-08-24 07:08:17,742 | INFO  | DNAudit | user=null | ip=null | op=PUT_BLOCK {blockData=[blockId=conID: 2 locID: 102670695852147141 bcsId: 0,size=2097152]} | ret=SUCCESS |  
2019-08-24 07:08:17,743 [grpc-default-executor-1] INFO  client.GrpcClientProtocolClient (GrpcClientProtocolClient.java:onNext(255)) - client-6EDD19400D46->06a4573b-67a1-41e3-a350-f896363bc636: receive RaftClientReply:client-6EDD19400D46->06a4573b-67a1-41e3-a350-f896363bc636@group-757E3781CD2A, cid=1100, SUCCESS, logIndex=1492, commits[06a4573b-67a1-41e3-a350-f896363bc636:c1493, 0b725bbf-683b-4664-9a2e-3c9dd6e38bc1:c1489, 9193e3b7-ae04-484d-a740-c65c11559486:c1489]
2019-08-24 07:08:17,743 [grpc-default-executor-1] INFO  client.GrpcClientProtocolClient (GrpcClientProtocolClient.java:onNext(255)) - client-6EDD19400D46->06a4573b-67a1-41e3-a350-f896363bc636: receive RaftClientReply:client-6EDD19400D46->06a4573b-67a1-41e3-a350-f896363bc636@group-757E3781CD2A, cid=1101, SUCCESS, logIndex=1493, commits[06a4573b-67a1-41e3-a350-f896363bc636:c1493, 0b725bbf-683b-4664-9a2e-3c9dd6e38bc1:c1489, 9193e3b7-ae04-484d-a740-c65c11559486:c1489]
2019-08-24 07:08:17,754 | INFO  | DNAudit | user=null | ip=null | op=WRITE_CHUNK {blockData=conID: 2 locID: 102670695852147141 bcsId: 0} | ret=SUCCESS |  
2019-08-24 07:08:17,754 | INFO  | DNAudit | user=null | ip=null | op=PUT_BLOCK {blockData=[blockId=conID: 2 locID: 102670695852147141 bcsId: 0,size=1048576]} | ret=SUCCESS |  
2019-08-24 07:08:17,754 | INFO  | DNAudit | user=null | ip=null | op=WRITE_CHUNK {blockData=conID: 2 locID: 102670695852147141 bcsId: 0} | ret=SUCCESS |  
2019-08-24 07:08:17,755 | INFO  | DNAudit | user=null | ip=null | op=PUT_BLOCK {blockData=[blockId=conID: 2 locID: 102670695852147141 bcsId: 0,size=1048576]} | ret=SUCCESS |  
2019-08-24 07:08:17,755 [grpc-default-executor-1] INFO  client.GrpcClientProtocolClient (GrpcClientProtocolClient.java:onNext(255)) - client-6EDD19400D46->06a4573b-67a1-41e3-a350-f896363bc636: receive RaftClientReply:client-6EDD19400D46->06a4573b-67a1-41e3-a350-f896363bc636@group-757E3781CD2A, cid=1102, SUCCESS, logIndex=0, commits[06a4573b-67a1-41e3-a350-f896363bc636:c1495, 0b725bbf-683b-4664-9a2e-3c9dd6e38bc1:c1491, 9193e3b7-ae04-484d-a740-c65c11559486:c1491]
2019-08-24 07:08:17,762 | INFO  | DNAudit | user=null | ip=null | op=WRITE_CHUNK {blockData=conID: 2 locID: 102670695852147141 bcsId: 1493} | ret=SUCCESS |  
2019-08-24 07:08:17,767 | INFO  | DNAudit | user=null | ip=null | op=WRITE_CHUNK {blockData=conID: 2 locID: 102670695852147141 bcsId: 1493} | ret=SUCCESS |  
2019-08-24 07:08:17,767 | INFO  | DNAudit | user=null | ip=null | op=WRITE_CHUNK {blockData=conID: 2 locID: 102670695852147141 bcsId: 1493} | ret=SUCCESS |  
2019-08-24 07:08:17,767 | INFO  | DNAudit | user=null | ip=null | op=WRITE_CHUNK {blockData=conID: 2 locID: 102670695852147141 bcsId: 0} | ret=SUCCESS |  
2019-08-24 07:08:17,768 | INFO  | DNAudit | user=null | ip=null | op=WRITE_CHUNK {blockData=conID: 2 locID: 102670695852147141 bcsId: 0} | ret=SUCCESS |  
2019-08-24 07:08:17,768 | INFO  | DNAudit | user=null | ip=null | op=PUT_BLOCK {blockData=[blockId=conID: 2 locID: 102670695852147141 bcsId: 0,size=2097152]} | ret=SUCCESS |  
2019-08-24 07:08:17,768 | INFO  | DNAudit | user=null | ip=null | op=PUT_BLOCK {blockData=[blockId=conID: 2 locID: 102670695852147141 bcsId: 0,size=2097152]} | ret=SUCCESS |  
2019-08-24 07:08:17,779 | INFO  | DNAudit | user=null | ip=null | op=WRITE_CHUNK {blockData=conID: 2 locID: 102670695852147141 bcsId: 1493} | ret=SUCCESS |  
2019-08-24 07:08:17,780 | INFO  | DNAudit | user=null | ip=null | op=PUT_BLOCK {blockData=[blockId=conID: 2 locID: 102670695852147141 bcsId: 0,size=3145728]} | ret=SUCCESS |  
2019-08-24 07:08:17,780 [grpc-default-executor-1] INFO  client.GrpcClientProtocolClient (GrpcClientProtocolClient.java:onNext(255)) - client-6EDD19400D46->06a4573b-67a1-41e3-a350-f896363bc636: receive RaftClientReply:client-6EDD19400D46->06a4573b-67a1-41e3-a350-f896363bc636@group-757E3781CD2A, cid=1103, SUCCESS, logIndex=1498, commits[06a4573b-67a1-41e3-a350-f896363bc636:c1499, 0b725bbf-683b-4664-9a2e-3c9dd6e38bc1:c1495, 9193e3b7-ae04-484d-a740-c65c11559486:c1495]
2019-08-24 07:08:17,780 [grpc-default-executor-1] INFO  client.GrpcClientProtocolClient (GrpcClientProtocolClient.java:onNext(255)) - client-6EDD19400D46->06a4573b-67a1-41e3-a350-f896363bc636: receive RaftClientReply:client-6EDD19400D46->06a4573b-67a1-41e3-a350-f896363bc636@group-757E3781CD2A, cid=1104, SUCCESS, logIndex=1499, commits[06a4573b-67a1-41e3-a350-f896363bc636:c1499, 0b725bbf-683b-4664-9a2e-3c9dd6e38bc1:c1495, 9193e3b7-ae04-484d-a740-c65c11559486:c1495]
2019-08-24 07:08:17,788 | INFO  | DNAudit | user=null | ip=null | op=WRITE_CHUNK {blockData=conID: 2 locID: 102670695852147141 bcsId: 1499} | ret=SUCCESS |  
2019-08-24 07:08:17,791 | INFO  | DNAudit | user=null | ip=null | op=WRITE_CHUNK {blockData=conID: 2 locID: 102670695852147141 bcsId: 1499} | ret=SUCCESS |  
2019-08-24 07:08:17,791 | INFO  | DNAudit | user=null | ip=null | op=WRITE_CHUNK {blockData=conID: 2 locID: 102670695852147141 bcsId: 1499} | ret=SUCCESS |  
2019-08-24 07:08:17,798 | INFO  | DNAudit | user=null | ip=null | op=WRITE_CHUNK {blockData=conID: 2 locID: 102670695852147141 bcsId: 1493} | ret=SUCCESS |  
2019-08-24 07:08:17,799 | INFO  | DNAudit | user=null | ip=null | op=WRITE_CHUNK {blockData=conID: 2 locID: 102670695852147141 bcsId: 1493} | ret=SUCCESS |  
2019-08-24 07:08:17,812 | INFO  | DNAudit | user=null | ip=null | op=PUT_BLOCK {blockData=[blockId=conID: 2 locID: 102670695852147141 bcsId: 0,size=3145728]} | ret=SUCCESS |  
2019-08-24 07:08:17,812 | INFO  | DNAudit | user=null | ip=null | op=PUT_BLOCK {blockData=[blockId=conID: 2 locID: 102670695852147141 bcsId: 0,size=3145728]} | ret=SUCCESS |  
2019-08-24 07:08:17,812 | INFO  | DNAudit | user=null | ip=null | op=WRITE_CHUNK {blockData=conID: 2 locID: 102670695852147141 bcsId: 1499} | ret=SUCCESS |  
2019-08-24 07:08:17,813 | INFO  | DNAudit | user=null | ip=null | op=PUT_BLOCK {blockData=[blockId=conID: 2 locID: 102670695852147141 bcsId: 0,size=4194304]} | ret=SUCCESS |  
2019-08-24 07:08:17,813 [grpc-default-executor-1] INFO  client.GrpcClientProtocolClient (GrpcClientProtocolClient.java:onNext(255)) - client-6EDD19400D46->06a4573b-67a1-41e3-a350-f896363bc636: receive RaftClientReply:client-6EDD19400D46->06a4573b-67a1-41e3-a350-f896363bc636@group-757E3781CD2A, cid=1105, SUCCESS, logIndex=1502, commits[06a4573b-67a1-41e3-a350-f896363bc636:c1503, 0b725bbf-683b-4664-9a2e-3c9dd6e38bc1:c1499, 9193e3b7-ae04-484d-a740-c65c11559486:c1499]
2019-08-24 07:08:17,814 [grpc-default-executor-1] INFO  client.GrpcClientProtocolClient (GrpcClientProtocolClient.java:onNext(255)) - client-6EDD19400D46->06a4573b-67a1-41e3-a350-f896363bc636: receive RaftClientReply:client-6EDD19400D46->06a4573b-67a1-41e3-a350-f896363bc636@group-757E3781CD2A, cid=1106, SUCCESS, logIndex=1503, commits[06a4573b-67a1-41e3-a350-f896363bc636:c1503, 0b725bbf-683b-4664-9a2e-3c9dd6e38bc1:c1499, 9193e3b7-ae04-484d-a740-c65c11559486:c1499]
2019-08-24 07:08:17,824 | INFO  | DNAudit | user=null | ip=null | op=WRITE_CHUNK {blockData=conID: 2 locID: 102670695852147141 bcsId: 1499} | ret=SUCCESS |  
2019-08-24 07:08:17,824 | INFO  | DNAudit | user=null | ip=null | op=WRITE_CHUNK {blockData=conID: 2 locID: 102670695852147141 bcsId: 1499} | ret=SUCCESS |  
2019-08-24 07:08:17,824 | INFO  | DNAudit | user=null | ip=null | op=PUT_BLOCK {blockData=[blockId=conID: 2 locID: 102670695852147141 bcsId: 0,size=4194304]} | ret=SUCCESS |  
2019-08-24 07:08:17,824 | INFO  | DNAudit | user=null | ip=null | op=PUT_BLOCK {blockData=[blockId=conID: 2 locID: 102670695852147141 bcsId: 0,size=4194304]} | ret=SUCCESS |  
2019-08-24 07:08:17,825 [grpc-default-executor-1] INFO  client.GrpcClientProtocolClient (GrpcClientProtocolClient.java:onNext(255)) - client-6EDD19400D46->06a4573b-67a1-41e3-a350-f896363bc636: receive RaftClientReply:client-6EDD19400D46->06a4573b-67a1-41e3-a350-f896363bc636@group-757E3781CD2A, cid=1107, SUCCESS, logIndex=0, commits[06a4573b-67a1-41e3-a350-f896363bc636:c1504, 0b725bbf-683b-4664-9a2e-3c9dd6e38bc1:c1503, 9193e3b7-ae04-484d-a740-c65c11559486:c1503]
2019-08-24 07:08:17,827 | INFO  | SCMAudit | user=jenkins1000 | ip=192.168.69.125 | op=SEND_HEARTBEAT {datanodeUUID=b8548da6-9cc6-46be-8dd4-5219531f5960, command=[]} | ret=SUCCESS |  
2019-08-24 07:08:17,833 | INFO  | DNAudit | user=null | ip=null | op=WRITE_CHUNK {blockData=conID: 3 locID: 102670695852147142 bcsId: 0} | ret=SUCCESS |  
2019-08-24 07:08:17,836 | INFO  | DNAudit | user=null | ip=null | op=WRITE_CHUNK {blockData=conID: 3 locID: 102670695852147142 bcsId: 0} | ret=SUCCESS |  
2019-08-24 07:08:17,836 | INFO  | DNAudit | user=null | ip=null | op=WRITE_CHUNK {blockData=conID: 3 locID: 102670695852147142 bcsId: 0} | ret=SUCCESS |  
2019-08-24 07:08:17,837 | INFO  | DNAudit | user=null | ip=null | op=WRITE_CHUNK {blockData=conID: 3 locID: 102670695852147142 bcsId: 0} | ret=SUCCESS |  
2019-08-24 07:08:17,840 | INFO  | DNAudit | user=null | ip=null | op=WRITE_CHUNK {blockData=conID: 3 locID: 102670695852147142 bcsId: 0} | ret=SUCCESS |  
2019-08-24 07:08:17,840 | INFO  | DNAudit | user=null | ip=null | op=WRITE_CHUNK {blockData=conID: 3 locID: 102670695852147142 bcsId: 0} | ret=SUCCESS |  
2019-08-24 07:08:17,846 | INFO  | DNAudit | user=null | ip=null | op=WRITE_CHUNK {blockData=conID: 3 locID: 102670695852147142 bcsId: 0} | ret=SUCCESS |  
2019-08-24 07:08:17,846 | INFO  | DNAudit | user=null | ip=null | op=PUT_BLOCK {blockData=[blockId=conID: 3 locID: 102670695852147142 bcsId: 0,size=1048576]} | ret=SUCCESS |  
2019-08-24 07:08:17,847 [grpc-default-executor-5] INFO  client.GrpcClientProtocolClient (GrpcClientProtocolClient.java:onNext(255)) - client-6EDD19400D46->06a4573b-67a1-41e3-a350-f896363bc636: receive RaftClientReply:client-6EDD19400D46->06a4573b-67a1-41e3-a350-f896363bc636@group-757E3781CD2A, cid=1108, SUCCESS, logIndex=1506, commits[06a4573b-67a1-41e3-a350-f896363bc636:c1507, 0b725bbf-683b-4664-9a2e-3c9dd6e38bc1:c1505, 9193e3b7-ae04-484d-a740-c65c11559486:c1505]
2019-08-24 07:08:17,847 [grpc-default-executor-5] INFO  client.GrpcClientProtocolClient (GrpcClientProtocolClient.java:onNext(255)) - client-6EDD19400D46->06a4573b-67a1-41e3-a350-f896363bc636: receive RaftClientReply:client-6EDD19400D46->06a4573b-67a1-41e3-a350-f896363bc636@group-757E3781CD2A, cid=1109, SUCCESS, logIndex=1507, commits[06a4573b-67a1-41e3-a350-f896363bc636:c1507, 0b725bbf-683b-4664-9a2e-3c9dd6e38bc1:c1505, 9193e3b7-ae04-484d-a740-c65c11559486:c1505]
2019-08-24 07:08:17,857 | INFO  | DNAudit | user=null | ip=null | op=WRITE_CHUNK {blockData=conID: 3 locID: 102670695852147142 bcsId: 0} | ret=SUCCESS |  
2019-08-24 07:08:17,857 | INFO  | DNAudit | user=null | ip=null | op=PUT_BLOCK {blockData=[blockId=conID: 3 locID: 102670695852147142 bcsId: 0,size=2097152]} | ret=SUCCESS |  
2019-08-24 07:08:17,858 [grpc-default-executor-1] INFO  client.GrpcClientProtocolClient (GrpcClientProtocolClient.java:onNext(255)) - client-6EDD19400D46->06a4573b-67a1-41e3-a350-f896363bc636: receive RaftClientReply:client-6EDD19400D46->06a4573b-67a1-41e3-a350-f896363bc636@group-757E3781CD2A, cid=1110, SUCCESS, logIndex=1508, commits[06a4573b-67a1-41e3-a350-f896363bc636:c1509, 0b725bbf-683b-4664-9a2e-3c9dd6e38bc1:c1505, 9193e3b7-ae04-484d-a740-c65c11559486:c1505]
2019-08-24 07:08:17,858 [grpc-default-executor-1] INFO  client.GrpcClientProtocolClient (GrpcClientProtocolClient.java:onNext(255)) - client-6EDD19400D46->06a4573b-67a1-41e3-a350-f896363bc636: receive RaftClientReply:client-6EDD19400D46->06a4573b-67a1-41e3-a350-f896363bc636@group-757E3781CD2A, cid=1111, SUCCESS, logIndex=1509, commits[06a4573b-67a1-41e3-a350-f896363bc636:c1509, 0b725bbf-683b-4664-9a2e-3c9dd6e38bc1:c1505, 9193e3b7-ae04-484d-a740-c65c11559486:c1505]
2019-08-24 07:08:17,868 | INFO  | DNAudit | user=null | ip=null | op=WRITE_CHUNK {blockData=conID: 3 locID: 102670695852147142 bcsId: 0} | ret=SUCCESS |  
2019-08-24 07:08:17,869 | INFO  | DNAudit | user=null | ip=null | op=PUT_BLOCK {blockData=[blockId=conID: 3 locID: 102670695852147142 bcsId: 0,size=1048576]} | ret=SUCCESS |  
2019-08-24 07:08:17,871 | INFO  | DNAudit | user=null | ip=null | op=WRITE_CHUNK {blockData=conID: 3 locID: 102670695852147142 bcsId: 0} | ret=SUCCESS |  
2019-08-24 07:08:17,871 | INFO  | DNAudit | user=null | ip=null | op=PUT_BLOCK {blockData=[blockId=conID: 3 locID: 102670695852147142 bcsId: 0,size=1048576]} | ret=SUCCESS |  
2019-08-24 07:08:17,871 | INFO  | DNAudit | user=null | ip=null | op=WRITE_CHUNK {blockData=conID: 3 locID: 102670695852147142 bcsId: 0} | ret=SUCCESS |  
2019-08-24 07:08:17,871 [grpc-default-executor-5] INFO  client.GrpcClientProtocolClient (GrpcClientProtocolClient.java:onNext(255)) - client-6EDD19400D46->06a4573b-67a1-41e3-a350-f896363bc636: receive RaftClientReply:client-6EDD19400D46->06a4573b-67a1-41e3-a350-f896363bc636@group-757E3781CD2A, cid=1112, SUCCESS, logIndex=0, commits[06a4573b-67a1-41e3-a350-f896363bc636:c1511, 0b725bbf-683b-4664-9a2e-3c9dd6e38bc1:c1507, 9193e3b7-ae04-484d-a740-c65c11559486:c1507]
2019-08-24 07:08:17,872 | INFO  | DNAudit | user=null | ip=null | op=PUT_BLOCK {blockData=[blockId=conID: 3 locID: 102670695852147142 bcsId: 0,size=2097152]} | ret=SUCCESS |  
2019-08-24 07:08:17,879 | INFO  | DNAudit | user=null | ip=null | op=WRITE_CHUNK {blockData=conID: 3 locID: 102670695852147142 bcsId: 1509} | ret=SUCCESS |  
2019-08-24 07:08:17,879 | INFO  | DNAudit | user=null | ip=null | op=WRITE_CHUNK {blockData=conID: 3 locID: 102670695852147142 bcsId: 0} | ret=SUCCESS |  
2019-08-24 07:08:17,880 | INFO  | DNAudit | user=null | ip=null | op=PUT_BLOCK {blockData=[blockId=conID: 3 locID: 102670695852147142 bcsId: 0,size=2097152]} | ret=SUCCESS |  
2019-08-24 07:08:17,883 | INFO  | DNAudit | user=null | ip=null | op=WRITE_CHUNK {blockData=conID: 3 locID: 102670695852147142 bcsId: 1509} | ret=SUCCESS |  
2019-08-24 07:08:17,884 | INFO  | DNAudit | user=null | ip=null | op=WRITE_CHUNK {blockData=conID: 3 locID: 102670695852147142 bcsId: 1509} | ret=SUCCESS |  
2019-08-24 07:08:17,892 | INFO  | DNAudit | user=null | ip=null | op=WRITE_CHUNK {blockData=conID: 3 locID: 102670695852147142 bcsId: 1509} | ret=SUCCESS |  
2019-08-24 07:08:17,892 | INFO  | DNAudit | user=null | ip=null | op=PUT_BLOCK {blockData=[blockId=conID: 3 locID: 102670695852147142 bcsId: 0,size=3145728]} | ret=SUCCESS |  
2019-08-24 07:08:17,893 [grpc-default-executor-5] INFO  client.GrpcClientProtocolClient (GrpcClientProtocolClient.java:onNext(255)) - client-6EDD19400D46->06a4573b-67a1-41e3-a350-f896363bc636: receive RaftClientReply:client-6EDD19400D46->06a4573b-67a1-41e3-a350-f896363bc636@group-757E3781CD2A, cid=1113, SUCCESS, logIndex=1514, commits[06a4573b-67a1-41e3-a350-f896363bc636:c1515, 0b725bbf-683b-4664-9a2e-3c9dd6e38bc1:c1513, 9193e3b7-ae04-484d-a740-c65c11559486:c1513]
2019-08-24 07:08:17,893 [grpc-default-executor-5] INFO  client.GrpcClientProtocolClient (GrpcClientProtocolClient.java:onNext(255)) - client-6EDD19400D46->06a4573b-67a1-41e3-a350-f896363bc636: receive RaftClientReply:client-6EDD19400D46->06a4573b-67a1-41e3-a350-f896363bc636@group-757E3781CD2A, cid=1114, SUCCESS, logIndex=1515, commits[06a4573b-67a1-41e3-a350-f896363bc636:c1515, 0b725bbf-683b-4664-9a2e-3c9dd6e38bc1:c1513, 9193e3b7-ae04-484d-a740-c65c11559486:c1513]
2019-08-24 07:08:17,901 | INFO  | DNAudit | user=null | ip=null | op=WRITE_CHUNK {blockData=conID: 3 locID: 102670695852147142 bcsId: 1515} | ret=SUCCESS |  
2019-08-24 07:08:17,903 | INFO  | DNAudit | user=null | ip=null | op=WRITE_CHUNK {blockData=conID: 3 locID: 102670695852147142 bcsId: 1509} | ret=SUCCESS |  
2019-08-24 07:08:17,903 | INFO  | DNAudit | user=null | ip=null | op=WRITE_CHUNK {blockData=conID: 3 locID: 102670695852147142 bcsId: 1509} | ret=SUCCESS |  
2019-08-24 07:08:17,905 | INFO  | DNAudit | user=null | ip=null | op=WRITE_CHUNK {blockData=conID: 3 locID: 102670695852147142 bcsId: 1515} | ret=SUCCESS |  
2019-08-24 07:08:17,905 | INFO  | DNAudit | user=null | ip=null | op=WRITE_CHUNK {blockData=conID: 3 locID: 102670695852147142 bcsId: 1515} | ret=SUCCESS |  
2019-08-24 07:08:17,913 | INFO  | DNAudit | user=null | ip=null | op=PUT_BLOCK {blockData=[blockId=conID: 3 locID: 102670695852147142 bcsId: 0,size=3145728]} | ret=SUCCESS |  
2019-08-24 07:08:17,913 | INFO  | DNAudit | user=null | ip=null | op=PUT_BLOCK {blockData=[blockId=conID: 3 locID: 102670695852147142 bcsId: 0,size=3145728]} | ret=SUCCESS |  
2019-08-24 07:08:17,914 | INFO  | DNAudit | user=null | ip=null | op=WRITE_CHUNK {blockData=conID: 3 locID: 102670695852147142 bcsId: 1515} | ret=SUCCESS |  
2019-08-24 07:08:17,915 | INFO  | DNAudit | user=null | ip=null | op=PUT_BLOCK {blockData=[blockId=conID: 3 locID: 102670695852147142 bcsId: 0,size=4194304]} | ret=SUCCESS |  
2019-08-24 07:08:17,915 [grpc-default-executor-1] INFO  client.GrpcClientProtocolClient (GrpcClientProtocolClient.java:onNext(255)) - client-6EDD19400D46->06a4573b-67a1-41e3-a350-f896363bc636: receive RaftClientReply:client-6EDD19400D46->06a4573b-67a1-41e3-a350-f896363bc636@group-757E3781CD2A, cid=1115, SUCCESS, logIndex=1518, commits[06a4573b-67a1-41e3-a350-f896363bc636:c1519, 0b725bbf-683b-4664-9a2e-3c9dd6e38bc1:c1515, 9193e3b7-ae04-484d-a740-c65c11559486:c1515]
2019-08-24 07:08:17,915 [grpc-default-executor-1] INFO  client.GrpcClientProtocolClient (GrpcClientProtocolClient.java:onNext(255)) - client-6EDD19400D46->06a4573b-67a1-41e3-a350-f896363bc636: receive RaftClientReply:client-6EDD19400D46->06a4573b-67a1-41e3-a350-f896363bc636@group-757E3781CD2A, cid=1116, SUCCESS, logIndex=1519, commits[06a4573b-67a1-41e3-a350-f896363bc636:c1519, 0b725bbf-683b-4664-9a2e-3c9dd6e38bc1:c1515, 9193e3b7-ae04-484d-a740-c65c11559486:c1515]
2019-08-24 07:08:17,918 | INFO  | DNAudit | user=null | ip=null | op=WRITE_CHUNK {blockData=conID: 3 locID: 102670695852147142 bcsId: 1515} | ret=SUCCESS |  
2019-08-24 07:08:17,918 | INFO  | DNAudit | user=null | ip=null | op=WRITE_CHUNK {blockData=conID: 3 locID: 102670695852147142 bcsId: 1515} | ret=SUCCESS |  
2019-08-24 07:08:17,918 | INFO  | DNAudit | user=null | ip=null | op=PUT_BLOCK {blockData=[blockId=conID: 3 locID: 102670695852147142 bcsId: 0,size=4194304]} | ret=SUCCESS |  
2019-08-24 07:08:17,918 | INFO  | DNAudit | user=null | ip=null | op=PUT_BLOCK {blockData=[blockId=conID: 3 locID: 102670695852147142 bcsId: 0,size=4194304]} | ret=SUCCESS |  
2019-08-24 07:08:17,918 [grpc-default-executor-1] INFO  client.GrpcClientProtocolClient (GrpcClientProtocolClient.java:onNext(255)) - client-6EDD19400D46->06a4573b-67a1-41e3-a350-f896363bc636: receive RaftClientReply:client-6EDD19400D46->06a4573b-67a1-41e3-a350-f896363bc636@group-757E3781CD2A, cid=1117, SUCCESS, logIndex=0, commits[06a4573b-67a1-41e3-a350-f896363bc636:c1519, 0b725bbf-683b-4664-9a2e-3c9dd6e38bc1:c1519, 9193e3b7-ae04-484d-a740-c65c11559486:c1519]
2019-08-24 07:08:17,926 | INFO  | DNAudit | user=null | ip=null | op=WRITE_CHUNK {blockData=conID: 1 locID: 102670695852147143 bcsId: 0} | ret=SUCCESS |  
2019-08-24 07:08:17,929 | INFO  | DNAudit | user=null | ip=null | op=WRITE_CHUNK {blockData=conID: 1 locID: 102670695852147143 bcsId: 0} | ret=SUCCESS |  
2019-08-24 07:08:17,930 | INFO  | DNAudit | user=null | ip=null | op=WRITE_CHUNK {blockData=conID: 1 locID: 102670695852147143 bcsId: 0} | ret=SUCCESS |  
2019-08-24 07:08:17,930 | INFO  | DNAudit | user=null | ip=null | op=WRITE_CHUNK {blockData=conID: 1 locID: 102670695852147143 bcsId: 0} | ret=SUCCESS |  
2019-08-24 07:08:17,932 | INFO  | DNAudit | user=null | ip=null | op=WRITE_CHUNK {blockData=conID: 1 locID: 102670695852147143 bcsId: 0} | ret=SUCCESS |  
2019-08-24 07:08:17,933 | INFO  | DNAudit | user=null | ip=null | op=WRITE_CHUNK {blockData=conID: 1 locID: 102670695852147143 bcsId: 0} | ret=SUCCESS |  
2019-08-24 07:08:17,941 | INFO  | DNAudit | user=null | ip=null | op=WRITE_CHUNK {blockData=conID: 1 locID: 102670695852147143 bcsId: 0} | ret=SUCCESS |  
2019-08-24 07:08:17,941 | INFO  | DNAudit | user=null | ip=null | op=PUT_BLOCK {blockData=[blockId=conID: 1 locID: 102670695852147143 bcsId: 0,size=1048576]} | ret=SUCCESS |  
2019-08-24 07:08:17,941 [grpc-default-executor-1] INFO  client.GrpcClientProtocolClient (GrpcClientProtocolClient.java:onNext(255)) - client-6EDD19400D46->06a4573b-67a1-41e3-a350-f896363bc636: receive RaftClientReply:client-6EDD19400D46->06a4573b-67a1-41e3-a350-f896363bc636@group-757E3781CD2A, cid=1118, SUCCESS, logIndex=1522, commits[06a4573b-67a1-41e3-a350-f896363bc636:c1523, 0b725bbf-683b-4664-9a2e-3c9dd6e38bc1:c1520, 9193e3b7-ae04-484d-a740-c65c11559486:c1520]
2019-08-24 07:08:17,942 [grpc-default-executor-1] INFO  client.GrpcClientProtocolClient (GrpcClientProtocolClient.java:onNext(255)) - client-6EDD19400D46->06a4573b-67a1-41e3-a350-f896363bc636: receive RaftClientReply:client-6EDD19400D46->06a4573b-67a1-41e3-a350-f896363bc636@group-757E3781CD2A, cid=1119, SUCCESS, logIndex=1523, commits[06a4573b-67a1-41e3-a350-f896363bc636:c1523, 0b725bbf-683b-4664-9a2e-3c9dd6e38bc1:c1520, 9193e3b7-ae04-484d-a740-c65c11559486:c1520]
2019-08-24 07:08:17,952 | INFO  | DNAudit | user=null | ip=null | op=WRITE_CHUNK {blockData=conID: 1 locID: 102670695852147143 bcsId: 0} | ret=SUCCESS |  
2019-08-24 07:08:17,953 | INFO  | DNAudit | user=null | ip=null | op=PUT_BLOCK {blockData=[blockId=conID: 1 locID: 102670695852147143 bcsId: 0,size=2097152]} | ret=SUCCESS |  
2019-08-24 07:08:17,953 [grpc-default-executor-1] INFO  client.GrpcClientProtocolClient (GrpcClientProtocolClient.java:onNext(255)) - client-6EDD19400D46->06a4573b-67a1-41e3-a350-f896363bc636: receive RaftClientReply:client-6EDD19400D46->06a4573b-67a1-41e3-a350-f896363bc636@group-757E3781CD2A, cid=1120, SUCCESS, logIndex=1524, commits[06a4573b-67a1-41e3-a350-f896363bc636:c1525, 0b725bbf-683b-4664-9a2e-3c9dd6e38bc1:c1520, 9193e3b7-ae04-484d-a740-c65c11559486:c1520]
2019-08-24 07:08:17,953 [grpc-default-executor-1] INFO  client.GrpcClientProtocolClient (GrpcClientProtocolClient.java:onNext(255)) - client-6EDD19400D46->06a4573b-67a1-41e3-a350-f896363bc636: receive RaftClientReply:client-6EDD19400D46->06a4573b-67a1-41e3-a350-f896363bc636@group-757E3781CD2A, cid=1121, SUCCESS, logIndex=1525, commits[06a4573b-67a1-41e3-a350-f896363bc636:c1525, 0b725bbf-683b-4664-9a2e-3c9dd6e38bc1:c1520, 9193e3b7-ae04-484d-a740-c65c11559486:c1520]
2019-08-24 07:08:17,964 | INFO  | DNAudit | user=null | ip=null | op=WRITE_CHUNK {blockData=conID: 1 locID: 102670695852147143 bcsId: 0} | ret=SUCCESS |  
2019-08-24 07:08:17,964 | INFO  | DNAudit | user=null | ip=null | op=WRITE_CHUNK {blockData=conID: 1 locID: 102670695852147143 bcsId: 0} | ret=SUCCESS |  
2019-08-24 07:08:17,964 | INFO  | DNAudit | user=null | ip=null | op=PUT_BLOCK {blockData=[blockId=conID: 1 locID: 102670695852147143 bcsId: 0,size=1048576]} | ret=SUCCESS |  
2019-08-24 07:08:17,964 | INFO  | DNAudit | user=null | ip=null | op=PUT_BLOCK {blockData=[blockId=conID: 1 locID: 102670695852147143 bcsId: 0,size=1048576]} | ret=SUCCESS |  
2019-08-24 07:08:17,964 [grpc-default-executor-0] INFO  client.GrpcClientProtocolClient (GrpcClientProtocolClient.java:onNext(255)) - client-6EDD19400D46->06a4573b-67a1-41e3-a350-f896363bc636: receive RaftClientReply:client-6EDD19400D46->06a4573b-67a1-41e3-a350-f896363bc636@group-757E3781CD2A, cid=1122, SUCCESS, logIndex=0, commits[06a4573b-67a1-41e3-a350-f896363bc636:c1526, 0b725bbf-683b-4664-9a2e-3c9dd6e38bc1:c1523, 9193e3b7-ae04-484d-a740-c65c11559486:c1523]
2019-08-24 07:08:17,971 | INFO  | DNAudit | user=null | ip=null | op=WRITE_CHUNK {blockData=conID: 1 locID: 102670695852147143 bcsId: 1525} | ret=SUCCESS |  
2019-08-24 07:08:17,974 | INFO  | DNAudit | user=null | ip=null | op=WRITE_CHUNK {blockData=conID: 1 locID: 102670695852147143 bcsId: 1525} | ret=SUCCESS |  
2019-08-24 07:08:17,974 | INFO  | DNAudit | user=null | ip=null | op=WRITE_CHUNK {blockData=conID: 1 locID: 102670695852147143 bcsId: 1525} | ret=SUCCESS |  
2019-08-24 07:08:17,975 | INFO  | DNAudit | user=null | ip=null | op=WRITE_CHUNK {blockData=conID: 1 locID: 102670695852147143 bcsId: 0} | ret=SUCCESS |  
2019-08-24 07:08:17,975 | INFO  | DNAudit | user=null | ip=null | op=WRITE_CHUNK {blockData=conID: 1 locID: 102670695852147143 bcsId: 0} | ret=SUCCESS |  
2019-08-24 07:08:17,976 | INFO  | DNAudit | user=null | ip=null | op=PUT_BLOCK {blockData=[blockId=conID: 1 locID: 102670695852147143 bcsId: 0,size=2097152]} | ret=SUCCESS |  
2019-08-24 07:08:17,976 | INFO  | DNAudit | user=null | ip=null | op=PUT_BLOCK {blockData=[blockId=conID: 1 locID: 102670695852147143 bcsId: 0,size=2097152]} | ret=SUCCESS |  
2019-08-24 07:08:17,986 | INFO  | DNAudit | user=null | ip=null | op=WRITE_CHUNK {blockData=conID: 1 locID: 102670695852147143 bcsId: 1525} | ret=SUCCESS |  
2019-08-24 07:08:17,986 | INFO  | DNAudit | user=null | ip=null | op=PUT_BLOCK {blockData=[blockId=conID: 1 locID: 102670695852147143 bcsId: 0,size=3145728]} | ret=SUCCESS |  
2019-08-24 07:08:17,986 [grpc-default-executor-0] INFO  client.GrpcClientProtocolClient (GrpcClientProtocolClient.java:onNext(255)) - client-6EDD19400D46->06a4573b-67a1-41e3-a350-f896363bc636: receive RaftClientReply:client-6EDD19400D46->06a4573b-67a1-41e3-a350-f896363bc636@group-757E3781CD2A, cid=1123, SUCCESS, logIndex=1530, commits[06a4573b-67a1-41e3-a350-f896363bc636:c1531, 0b725bbf-683b-4664-9a2e-3c9dd6e38bc1:c1527, 9193e3b7-ae04-484d-a740-c65c11559486:c1527]
2019-08-24 07:08:17,987 [grpc-default-executor-0] INFO  client.GrpcClientProtocolClient (GrpcClientProtocolClient.java:onNext(255)) - client-6EDD19400D46->06a4573b-67a1-41e3-a350-f896363bc636: receive RaftClientReply:client-6EDD19400D46->06a4573b-67a1-41e3-a350-f896363bc636@group-757E3781CD2A, cid=1124, SUCCESS, logIndex=1531, commits[06a4573b-67a1-41e3-a350-f896363bc636:c1531, 0b725bbf-683b-4664-9a2e-3c9dd6e38bc1:c1527, 9193e3b7-ae04-484d-a740-c65c11559486:c1527]
2019-08-24 07:08:17,992 | INFO  | DNAudit | user=null | ip=null | op=WRITE_CHUNK {blockData=conID: 1 locID: 102670695852147143 bcsId: 1531} | ret=SUCCESS |  
2019-08-24 07:08:17,995 | INFO  | DNAudit | user=null | ip=null | op=WRITE_CHUNK {blockData=conID: 1 locID: 102670695852147143 bcsId: 1531} | ret=SUCCESS |  
2019-08-24 07:08:17,996 | INFO  | DNAudit | user=null | ip=null | op=WRITE_CHUNK {blockData=conID: 1 locID: 102670695852147143 bcsId: 1531} | ret=SUCCESS |  
2019-08-24 07:08:17,998 | INFO  | DNAudit | user=null | ip=null | op=WRITE_CHUNK {blockData=conID: 1 locID: 102670695852147143 bcsId: 1525} | ret=SUCCESS |  
2019-08-24 07:08:17,998 | INFO  | DNAudit | user=null | ip=null | op=WRITE_CHUNK {blockData=conID: 1 locID: 102670695852147143 bcsId: 1525} | ret=SUCCESS |  
2019-08-24 07:08:18,009 | INFO  | DNAudit | user=null | ip=null | op=PUT_BLOCK {blockData=[blockId=conID: 1 locID: 102670695852147143 bcsId: 0,size=3145728]} | ret=SUCCESS |  
2019-08-24 07:08:18,009 | INFO  | DNAudit | user=null | ip=null | op=PUT_BLOCK {blockData=[blockId=conID: 1 locID: 102670695852147143 bcsId: 0,size=3145728]} | ret=SUCCESS |  
2019-08-24 07:08:18,009 | INFO  | DNAudit | user=null | ip=null | op=WRITE_CHUNK {blockData=conID: 1 locID: 102670695852147143 bcsId: 1531} | ret=SUCCESS |  
2019-08-24 07:08:18,010 | INFO  | DNAudit | user=null | ip=null | op=PUT_BLOCK {blockData=[blockId=conID: 1 locID: 102670695852147143 bcsId: 0,size=4194304]} | ret=SUCCESS |  
2019-08-24 07:08:18,010 [grpc-default-executor-0] INFO  client.GrpcClientProtocolClient (GrpcClientProtocolClient.java:onNext(255)) - client-6EDD19400D46->06a4573b-67a1-41e3-a350-f896363bc636: receive RaftClientReply:client-6EDD19400D46->06a4573b-67a1-41e3-a350-f896363bc636@group-757E3781CD2A, cid=1125, SUCCESS, logIndex=1534, commits[06a4573b-67a1-41e3-a350-f896363bc636:c1534, 0b725bbf-683b-4664-9a2e-3c9dd6e38bc1:c1531, 9193e3b7-ae04-484d-a740-c65c11559486:c1531]
2019-08-24 07:08:18,010 [grpc-default-executor-0] INFO  client.GrpcClientProtocolClient (GrpcClientProtocolClient.java:onNext(255)) - client-6EDD19400D46->06a4573b-67a1-41e3-a350-f896363bc636: receive RaftClientReply:client-6EDD19400D46->06a4573b-67a1-41e3-a350-f896363bc636@group-757E3781CD2A, cid=1126, SUCCESS, logIndex=1535, commits[06a4573b-67a1-41e3-a350-f896363bc636:c1535, 0b725bbf-683b-4664-9a2e-3c9dd6e38bc1:c1531, 9193e3b7-ae04-484d-a740-c65c11559486:c1531]
2019-08-24 07:08:18,026 | INFO  | DNAudit | user=null | ip=null | op=WRITE_CHUNK {blockData=conID: 1 locID: 102670695852147143 bcsId: 1531} | ret=SUCCESS |  
2019-08-24 07:08:18,026 | INFO  | DNAudit | user=null | ip=null | op=WRITE_CHUNK {blockData=conID: 1 locID: 102670695852147143 bcsId: 1531} | ret=SUCCESS |  
2019-08-24 07:08:18,039 | INFO  | DNAudit | user=null | ip=null | op=PUT_BLOCK {blockData=[blockId=conID: 1 locID: 102670695852147143 bcsId: 0,size=4194304]} | ret=SUCCESS |  
2019-08-24 07:08:18,039 | INFO  | DNAudit | user=null | ip=null | op=PUT_BLOCK {blockData=[blockId=conID: 1 locID: 102670695852147143 bcsId: 0,size=4194304]} | ret=SUCCESS |  
2019-08-24 07:08:18,040 [grpc-default-executor-0] INFO  client.GrpcClientProtocolClient (GrpcClientProtocolClient.java:onNext(255)) - client-6EDD19400D46->06a4573b-67a1-41e3-a350-f896363bc636: receive RaftClientReply:client-6EDD19400D46->06a4573b-67a1-41e3-a350-f896363bc636@group-757E3781CD2A, cid=1127, SUCCESS, logIndex=0, commits[06a4573b-67a1-41e3-a350-f896363bc636:c1536, 0b725bbf-683b-4664-9a2e-3c9dd6e38bc1:c1535, 9193e3b7-ae04-484d-a740-c65c11559486:c1535]
2019-08-24 07:08:18,047 | INFO  | DNAudit | user=null | ip=null | op=WRITE_CHUNK {blockData=conID: 2 locID: 102670695852147144 bcsId: 0} | ret=SUCCESS |  
2019-08-24 07:08:18,050 | INFO  | DNAudit | user=null | ip=null | op=WRITE_CHUNK {blockData=conID: 2 locID: 102670695852147144 bcsId: 0} | ret=SUCCESS |  
2019-08-24 07:08:18,050 | INFO  | DNAudit | user=null | ip=null | op=WRITE_CHUNK {blockData=conID: 2 locID: 102670695852147144 bcsId: 0} | ret=SUCCESS |  
2019-08-24 07:08:18,050 | INFO  | DNAudit | user=null | ip=null | op=WRITE_CHUNK {blockData=conID: 2 locID: 102670695852147144 bcsId: 0} | ret=SUCCESS |  
2019-08-24 07:08:18,052 | INFO  | DNAudit | user=null | ip=null | op=WRITE_CHUNK {blockData=conID: 2 locID: 102670695852147144 bcsId: 0} | ret=SUCCESS |  
2019-08-24 07:08:18,052 | INFO  | DNAudit | user=null | ip=null | op=WRITE_CHUNK {blockData=conID: 2 locID: 102670695852147144 bcsId: 0} | ret=SUCCESS |  
2019-08-24 07:08:18,060 | INFO  | DNAudit | user=null | ip=null | op=WRITE_CHUNK {blockData=conID: 2 locID: 102670695852147144 bcsId: 0} | ret=SUCCESS |  
2019-08-24 07:08:18,061 | INFO  | DNAudit | user=null | ip=null | op=PUT_BLOCK {blockData=[blockId=conID: 2 locID: 102670695852147144 bcsId: 0,size=1048576]} | ret=SUCCESS |  
2019-08-24 07:08:18,061 | INFO  | DNAudit | user=null | ip=null | op=WRITE_CHUNK {blockData=conID: 2 locID: 102670695852147144 bcsId: 0} | ret=SUCCESS |  
2019-08-24 07:08:18,061 [grpc-default-executor-5] INFO  client.GrpcClientProtocolClient (GrpcClientProtocolClient.java:onNext(255)) - client-6EDD19400D46->06a4573b-67a1-41e3-a350-f896363bc636: receive RaftClientReply:client-6EDD19400D46->06a4573b-67a1-41e3-a350-f896363bc636@group-757E3781CD2A, cid=1128, SUCCESS, logIndex=1538, commits[06a4573b-67a1-41e3-a350-f896363bc636:c1541, 0b725bbf-683b-4664-9a2e-3c9dd6e38bc1:c1537, 9193e3b7-ae04-484d-a740-c65c11559486:c1537]
2019-08-24 07:08:18,062 | INFO  | DNAudit | user=null | ip=null | op=PUT_BLOCK {blockData=[blockId=conID: 2 locID: 102670695852147144 bcsId: 0,size=2097152]} | ret=SUCCESS |  
2019-08-24 07:08:18,062 [grpc-default-executor-5] INFO  client.GrpcClientProtocolClient (GrpcClientProtocolClient.java:onNext(255)) - client-6EDD19400D46->06a4573b-67a1-41e3-a350-f896363bc636: receive RaftClientReply:client-6EDD19400D46->06a4573b-67a1-41e3-a350-f896363bc636@group-757E3781CD2A, cid=1129, SUCCESS, logIndex=1539, commits[06a4573b-67a1-41e3-a350-f896363bc636:c1541, 0b725bbf-683b-4664-9a2e-3c9dd6e38bc1:c1537, 9193e3b7-ae04-484d-a740-c65c11559486:c1537]
2019-08-24 07:08:18,063 [grpc-default-executor-5] INFO  client.GrpcClientProtocolClient (GrpcClientProtocolClient.java:onNext(255)) - client-6EDD19400D46->06a4573b-67a1-41e3-a350-f896363bc636: receive RaftClientReply:client-6EDD19400D46->06a4573b-67a1-41e3-a350-f896363bc636@group-757E3781CD2A, cid=1130, SUCCESS, logIndex=1540, commits[06a4573b-67a1-41e3-a350-f896363bc636:c1541, 0b725bbf-683b-4664-9a2e-3c9dd6e38bc1:c1537, 9193e3b7-ae04-484d-a740-c65c11559486:c1537]
2019-08-24 07:08:18,063 [grpc-default-executor-5] INFO  client.GrpcClientProtocolClient (GrpcClientProtocolClient.java:onNext(255)) - client-6EDD19400D46->06a4573b-67a1-41e3-a350-f896363bc636: receive RaftClientReply:client-6EDD19400D46->06a4573b-67a1-41e3-a350-f896363bc636@group-757E3781CD2A, cid=1131, SUCCESS, logIndex=1541, commits[06a4573b-67a1-41e3-a350-f896363bc636:c1541, 0b725bbf-683b-4664-9a2e-3c9dd6e38bc1:c1537, 9193e3b7-ae04-484d-a740-c65c11559486:c1537]
2019-08-24 07:08:18,075 | INFO  | DNAudit | user=null | ip=null | op=WRITE_CHUNK {blockData=conID: 2 locID: 102670695852147144 bcsId: 0} | ret=SUCCESS |  
2019-08-24 07:08:18,075 | INFO  | DNAudit | user=null | ip=null | op=PUT_BLOCK {blockData=[blockId=conID: 2 locID: 102670695852147144 bcsId: 0,size=1048576]} | ret=SUCCESS |  
2019-08-24 07:08:18,077 | INFO  | DNAudit | user=null | ip=null | op=WRITE_CHUNK {blockData=conID: 2 locID: 102670695852147144 bcsId: 0} | ret=SUCCESS |  
2019-08-24 07:08:18,077 | INFO  | DNAudit | user=null | ip=null | op=PUT_BLOCK {blockData=[blockId=conID: 2 locID: 102670695852147144 bcsId: 0,size=1048576]} | ret=SUCCESS |  
2019-08-24 07:08:18,078 [grpc-default-executor-5] INFO  client.GrpcClientProtocolClient (GrpcClientProtocolClient.java:onNext(255)) - client-6EDD19400D46->06a4573b-67a1-41e3-a350-f896363bc636: receive RaftClientReply:client-6EDD19400D46->06a4573b-67a1-41e3-a350-f896363bc636@group-757E3781CD2A, cid=1132, SUCCESS, logIndex=0, commits[06a4573b-67a1-41e3-a350-f896363bc636:c1542, 0b725bbf-683b-4664-9a2e-3c9dd6e38bc1:c1539, 9193e3b7-ae04-484d-a740-c65c11559486:c1539]
2019-08-24 07:08:18,084 | INFO  | DNAudit | user=null | ip=null | op=WRITE_CHUNK {blockData=conID: 2 locID: 102670695852147144 bcsId: 1541} | ret=SUCCESS |  
2019-08-24 07:08:18,088 | INFO  | DNAudit | user=null | ip=null | op=WRITE_CHUNK {blockData=conID: 2 locID: 102670695852147144 bcsId: 1541} | ret=SUCCESS |  
2019-08-24 07:08:18,088 | INFO  | DNAudit | user=null | ip=null | op=WRITE_CHUNK {blockData=conID: 2 locID: 102670695852147144 bcsId: 1541} | ret=SUCCESS |  
2019-08-24 07:08:18,088 | INFO  | DNAudit | user=null | ip=null | op=WRITE_CHUNK {blockData=conID: 2 locID: 102670695852147144 bcsId: 0} | ret=SUCCESS |  
2019-08-24 07:08:18,088 | INFO  | DNAudit | user=null | ip=null | op=PUT_BLOCK {blockData=[blockId=conID: 2 locID: 102670695852147144 bcsId: 0,size=2097152]} | ret=SUCCESS |  
2019-08-24 07:08:18,090 | INFO  | DNAudit | user=null | ip=null | op=WRITE_CHUNK {blockData=conID: 2 locID: 102670695852147144 bcsId: 0} | ret=SUCCESS |  
2019-08-24 07:08:18,090 | INFO  | DNAudit | user=null | ip=null | op=PUT_BLOCK {blockData=[blockId=conID: 2 locID: 102670695852147144 bcsId: 0,size=2097152]} | ret=SUCCESS |  
2019-08-24 07:08:18,101 | INFO  | DNAudit | user=null | ip=null | op=WRITE_CHUNK {blockData=conID: 2 locID: 102670695852147144 bcsId: 1541} | ret=SUCCESS |  
2019-08-24 07:08:18,102 | INFO  | DNAudit | user=null | ip=null | op=PUT_BLOCK {blockData=[blockId=conID: 2 locID: 102670695852147144 bcsId: 0,size=3145728]} | ret=SUCCESS |  
2019-08-24 07:08:18,102 [grpc-default-executor-5] INFO  client.GrpcClientProtocolClient (GrpcClientProtocolClient.java:onNext(255)) - client-6EDD19400D46->06a4573b-67a1-41e3-a350-f896363bc636: receive RaftClientReply:client-6EDD19400D46->06a4573b-67a1-41e3-a350-f896363bc636@group-757E3781CD2A, cid=1133, SUCCESS, logIndex=1546, commits[06a4573b-67a1-41e3-a350-f896363bc636:c1547, 0b725bbf-683b-4664-9a2e-3c9dd6e38bc1:c1542, 9193e3b7-ae04-484d-a740-c65c11559486:c1542]
2019-08-24 07:08:18,102 [grpc-default-executor-5] INFO  client.GrpcClientProtocolClient (GrpcClientProtocolClient.java:onNext(255)) - client-6EDD19400D46->06a4573b-67a1-41e3-a350-f896363bc636: receive RaftClientReply:client-6EDD19400D46->06a4573b-67a1-41e3-a350-f896363bc636@group-757E3781CD2A, cid=1134, SUCCESS, logIndex=1547, commits[06a4573b-67a1-41e3-a350-f896363bc636:c1547, 0b725bbf-683b-4664-9a2e-3c9dd6e38bc1:c1542, 9193e3b7-ae04-484d-a740-c65c11559486:c1542]
2019-08-24 07:08:18,103 | INFO  | DNAudit | user=null | ip=null | op=WRITE_CHUNK {blockData=conID: 2 locID: 102670695852147144 bcsId: 1541} | ret=SUCCESS |  
2019-08-24 07:08:18,103 | INFO  | DNAudit | user=null | ip=null | op=WRITE_CHUNK {blockData=conID: 2 locID: 102670695852147144 bcsId: 1541} | ret=SUCCESS |  
2019-08-24 07:08:18,103 | INFO  | DNAudit | user=null | ip=null | op=PUT_BLOCK {blockData=[blockId=conID: 2 locID: 102670695852147144 bcsId: 0,size=3145728]} | ret=SUCCESS |  
2019-08-24 07:08:18,103 | INFO  | DNAudit | user=null | ip=null | op=PUT_BLOCK {blockData=[blockId=conID: 2 locID: 102670695852147144 bcsId: 0,size=3145728]} | ret=SUCCESS |  
2019-08-24 07:08:18,109 | INFO  | DNAudit | user=null | ip=null | op=WRITE_CHUNK {blockData=conID: 2 locID: 102670695852147144 bcsId: 1547} | ret=SUCCESS |  
2019-08-24 07:08:18,111 | INFO  | DNAudit | user=null | ip=null | op=WRITE_CHUNK {blockData=conID: 2 locID: 102670695852147144 bcsId: 1547} | ret=SUCCESS |  
2019-08-24 07:08:18,112 | INFO  | DNAudit | user=null | ip=null | op=WRITE_CHUNK {blockData=conID: 2 locID: 102670695852147144 bcsId: 1547} | ret=SUCCESS |  
2019-08-24 07:08:18,121 | INFO  | DNAudit | user=null | ip=null | op=WRITE_CHUNK {blockData=conID: 2 locID: 102670695852147144 bcsId: 1547} | ret=SUCCESS |  
2019-08-24 07:08:18,122 | INFO  | DNAudit | user=null | ip=null | op=PUT_BLOCK {blockData=[blockId=conID: 2 locID: 102670695852147144 bcsId: 0,size=4194304]} | ret=SUCCESS |  
 0.00% |█                                                                                                    |  0/1 Time: 0:00:072019-08-24 07:08:18,122 [grpc-default-executor-0] INFO  client.GrpcClientProtocolClient (GrpcClientProtocolClient.java:onNext(255)) - client-6EDD19400D46->06a4573b-67a1-41e3-a350-f896363bc636: receive RaftClientReply:client-6EDD19400D46->06a4573b-67a1-41e3-a350-f896363bc636@group-757E3781CD2A, cid=1135, SUCCESS, logIndex=1550, commits[06a4573b-67a1-41e3-a350-f896363bc636:c1551, 0b725bbf-683b-4664-9a2e-3c9dd6e38bc1:c1549, 9193e3b7-ae04-484d-a740-c65c11559486:c1549]
2019-08-24 07:08:18,123 [grpc-default-executor-0] INFO  client.GrpcClientProtocolClient (GrpcClientProtocolClient.java:onNext(255)) - client-6EDD19400D46->06a4573b-67a1-41e3-a350-f896363bc636: receive RaftClientReply:client-6EDD19400D46->06a4573b-67a1-41e3-a350-f896363bc636@group-757E3781CD2A, cid=1136, SUCCESS, logIndex=1551, commits[06a4573b-67a1-41e3-a350-f896363bc636:c1551, 0b725bbf-683b-4664-9a2e-3c9dd6e38bc1:c1549, 9193e3b7-ae04-484d-a740-c65c11559486:c1549]
2019-08-24 07:08:18,133 | INFO  | DNAudit | user=null | ip=null | op=WRITE_CHUNK {blockData=conID: 2 locID: 102670695852147144 bcsId: 1547} | ret=SUCCESS |  
2019-08-24 07:08:18,133 | INFO  | DNAudit | user=null | ip=null | op=WRITE_CHUNK {blockData=conID: 2 locID: 102670695852147144 bcsId: 1547} | ret=SUCCESS |  
2019-08-24 07:08:18,133 | INFO  | DNAudit | user=null | ip=null | op=PUT_BLOCK {blockData=[blockId=conID: 2 locID: 102670695852147144 bcsId: 0,size=4194304]} | ret=SUCCESS |  
2019-08-24 07:08:18,134 | INFO  | DNAudit | user=null | ip=null | op=PUT_BLOCK {blockData=[blockId=conID: 2 locID: 102670695852147144 bcsId: 0,size=4194304]} | ret=SUCCESS |  
2019-08-24 07:08:18,134 [grpc-default-executor-0] INFO  client.GrpcClientProtocolClient (GrpcClientProtocolClient.java:onNext(255)) - client-6EDD19400D46->06a4573b-67a1-41e3-a350-f896363bc636: receive RaftClientReply:client-6EDD19400D46->06a4573b-67a1-41e3-a350-f896363bc636@group-757E3781CD2A, cid=1137, SUCCESS, logIndex=0, commits[06a4573b-67a1-41e3-a350-f896363bc636:c1552, 0b725bbf-683b-4664-9a2e-3c9dd6e38bc1:c1551, 9193e3b7-ae04-484d-a740-c65c11559486:c1551]
2019-08-24 07:08:18,253 | INFO  | DNAudit | user=null | ip=null | op=WRITE_CHUNK {blockData=conID: 3 locID: 102670695852212681 bcsId: 0} | ret=SUCCESS |  
2019-08-24 07:08:18,256 | INFO  | DNAudit | user=null | ip=null | op=WRITE_CHUNK {blockData=conID: 3 locID: 102670695852212681 bcsId: 0} | ret=SUCCESS |  
2019-08-24 07:08:18,257 | INFO  | DNAudit | user=null | ip=null | op=WRITE_CHUNK {blockData=conID: 3 locID: 102670695852212681 bcsId: 0} | ret=SUCCESS |  
2019-08-24 07:08:18,259 | INFO  | DNAudit | user=null | ip=null | op=WRITE_CHUNK {blockData=conID: 3 locID: 102670695852212681 bcsId: 0} | ret=SUCCESS |  
2019-08-24 07:08:18,260 | INFO  | DNAudit | user=null | ip=null | op=WRITE_CHUNK {blockData=conID: 3 locID: 102670695852212681 bcsId: 0} | ret=SUCCESS |  
2019-08-24 07:08:18,261 | INFO  | DNAudit | user=null | ip=null | op=WRITE_CHUNK {blockData=conID: 3 locID: 102670695852212681 bcsId: 0} | ret=SUCCESS |  
2019-08-24 07:08:18,269 | INFO  | DNAudit | user=null | ip=null | op=WRITE_CHUNK {blockData=conID: 3 locID: 102670695852212681 bcsId: 0} | ret=SUCCESS |  
2019-08-24 07:08:18,270 | INFO  | DNAudit | user=null | ip=null | op=PUT_BLOCK {blockData=[blockId=conID: 3 locID: 102670695852212681 bcsId: 0,size=1048576]} | ret=SUCCESS |  
2019-08-24 07:08:18,270 | INFO  | DNAudit | user=null | ip=null | op=WRITE_CHUNK {blockData=conID: 3 locID: 102670695852212681 bcsId: 0} | ret=SUCCESS |  
2019-08-24 07:08:18,270 [grpc-default-executor-5] INFO  client.GrpcClientProtocolClient (GrpcClientProtocolClient.java:onNext(255)) - client-6EDD19400D46->06a4573b-67a1-41e3-a350-f896363bc636: receive RaftClientReply:client-6EDD19400D46->06a4573b-67a1-41e3-a350-f896363bc636@group-757E3781CD2A, cid=1138, SUCCESS, logIndex=1553, commits[06a4573b-67a1-41e3-a350-f896363bc636:c1554, 0b725bbf-683b-4664-9a2e-3c9dd6e38bc1:c1552, 9193e3b7-ae04-484d-a740-c65c11559486:c1552]
2019-08-24 07:08:18,271 | INFO  | DNAudit | user=null | ip=null | op=PUT_BLOCK {blockData=[blockId=conID: 3 locID: 102670695852212681 bcsId: 0,size=2097152]} | ret=SUCCESS |  
2019-08-24 07:08:18,271 [grpc-default-executor-5] INFO  client.GrpcClientProtocolClient (GrpcClientProtocolClient.java:onNext(255)) - client-6EDD19400D46->06a4573b-67a1-41e3-a350-f896363bc636: receive RaftClientReply:client-6EDD19400D46->06a4573b-67a1-41e3-a350-f896363bc636@group-757E3781CD2A, cid=1139, SUCCESS, logIndex=1554, commits[06a4573b-67a1-41e3-a350-f896363bc636:c1556, 0b725bbf-683b-4664-9a2e-3c9dd6e38bc1:c1552, 9193e3b7-ae04-484d-a740-c65c11559486:c1552]
2019-08-24 07:08:18,271 | INFO  | DNAudit | user=null | ip=null | op=WRITE_CHUNK {blockData=conID: 3 locID: 102670695852212681 bcsId: 0} | ret=SUCCESS |  
2019-08-24 07:08:18,272 | INFO  | DNAudit | user=null | ip=null | op=PUT_BLOCK {blockData=[blockId=conID: 3 locID: 102670695852212681 bcsId: 0,size=1048576]} | ret=SUCCESS |  
2019-08-24 07:08:18,272 [grpc-default-executor-5] INFO  client.GrpcClientProtocolClient (GrpcClientProtocolClient.java:onNext(255)) - client-6EDD19400D46->06a4573b-67a1-41e3-a350-f896363bc636: receive RaftClientReply:client-6EDD19400D46->06a4573b-67a1-41e3-a350-f896363bc636@group-757E3781CD2A, cid=1140, SUCCESS, logIndex=1555, commits[06a4573b-67a1-41e3-a350-f896363bc636:c1556, 0b725bbf-683b-4664-9a2e-3c9dd6e38bc1:c1552, 9193e3b7-ae04-484d-a740-c65c11559486:c1552]
2019-08-24 07:08:18,272 | INFO  | DNAudit | user=null | ip=null | op=WRITE_CHUNK {blockData=conID: 3 locID: 102670695852212681 bcsId: 0} | ret=SUCCESS |  
2019-08-24 07:08:18,272 | INFO  | DNAudit | user=null | ip=null | op=PUT_BLOCK {blockData=[blockId=conID: 3 locID: 102670695852212681 bcsId: 0,size=1048576]} | ret=SUCCESS |  
2019-08-24 07:08:18,272 [grpc-default-executor-5] INFO  client.GrpcClientProtocolClient (GrpcClientProtocolClient.java:onNext(255)) - client-6EDD19400D46->06a4573b-67a1-41e3-a350-f896363bc636: receive RaftClientReply:client-6EDD19400D46->06a4573b-67a1-41e3-a350-f896363bc636@group-757E3781CD2A, cid=1141, SUCCESS, logIndex=1556, commits[06a4573b-67a1-41e3-a350-f896363bc636:c1556, 0b725bbf-683b-4664-9a2e-3c9dd6e38bc1:c1552, 9193e3b7-ae04-484d-a740-c65c11559486:c1552]
2019-08-24 07:08:18,274 [grpc-default-executor-5] INFO  client.GrpcClientProtocolClient (GrpcClientProtocolClient.java:onNext(255)) - client-6EDD19400D46->06a4573b-67a1-41e3-a350-f896363bc636: receive RaftClientReply:client-6EDD19400D46->06a4573b-67a1-41e3-a350-f896363bc636@group-757E3781CD2A, cid=1142, SUCCESS, logIndex=0, commits[06a4573b-67a1-41e3-a350-f896363bc636:c1557, 0b725bbf-683b-4664-9a2e-3c9dd6e38bc1:c1554, 9193e3b7-ae04-484d-a740-c65c11559486:c1554]
2019-08-24 07:08:18,282 | INFO  | DNAudit | user=null | ip=null | op=WRITE_CHUNK {blockData=conID: 3 locID: 102670695852212681 bcsId: 1556} | ret=SUCCESS |  
2019-08-24 07:08:18,283 | INFO  | DNAudit | user=null | ip=null | op=WRITE_CHUNK {blockData=conID: 3 locID: 102670695852212681 bcsId: 0} | ret=SUCCESS |  
2019-08-24 07:08:18,283 | INFO  | DNAudit | user=null | ip=null | op=PUT_BLOCK {blockData=[blockId=conID: 3 locID: 102670695852212681 bcsId: 0,size=2097152]} | ret=SUCCESS |  
2019-08-24 07:08:18,283 | INFO  | DNAudit | user=null | ip=null | op=WRITE_CHUNK {blockData=conID: 3 locID: 102670695852212681 bcsId: 0} | ret=SUCCESS |  
2019-08-24 07:08:18,284 | INFO  | DNAudit | user=null | ip=null | op=PUT_BLOCK {blockData=[blockId=conID: 3 locID: 102670695852212681 bcsId: 0,size=2097152]} | ret=SUCCESS |  
2019-08-24 07:08:18,286 | INFO  | DNAudit | user=null | ip=null | op=WRITE_CHUNK {blockData=conID: 3 locID: 102670695852212681 bcsId: 1556} | ret=SUCCESS |  
2019-08-24 07:08:18,286 | INFO  | DNAudit | user=null | ip=null | op=WRITE_CHUNK {blockData=conID: 3 locID: 102670695852212681 bcsId: 1556} | ret=SUCCESS |  
2019-08-24 07:08:18,299 | INFO  | DNAudit | user=null | ip=null | op=WRITE_CHUNK {blockData=conID: 3 locID: 102670695852212681 bcsId: 1556} | ret=SUCCESS |  
2019-08-24 07:08:18,299 | INFO  | DNAudit | user=null | ip=null | op=PUT_BLOCK {blockData=[blockId=conID: 3 locID: 102670695852212681 bcsId: 0,size=3145728]} | ret=SUCCESS |  
2019-08-24 07:08:18,299 [grpc-default-executor-5] INFO  client.GrpcClientProtocolClient (GrpcClientProtocolClient.java:onNext(255)) - client-6EDD19400D46->06a4573b-67a1-41e3-a350-f896363bc636: receive RaftClientReply:client-6EDD19400D46->06a4573b-67a1-41e3-a350-f896363bc636@group-757E3781CD2A, cid=1143, SUCCESS, logIndex=1560, commits[06a4573b-67a1-41e3-a350-f896363bc636:c1561, 0b725bbf-683b-4664-9a2e-3c9dd6e38bc1:c1557, 9193e3b7-ae04-484d-a740-c65c11559486:c1557]
2019-08-24 07:08:18,300 [grpc-default-executor-5] INFO  client.GrpcClientProtocolClient (GrpcClientProtocolClient.java:onNext(255)) - client-6EDD19400D46->06a4573b-67a1-41e3-a350-f896363bc636: receive RaftClientReply:client-6EDD19400D46->06a4573b-67a1-41e3-a350-f896363bc636@group-757E3781CD2A, cid=1144, SUCCESS, logIndex=1561, commits[06a4573b-67a1-41e3-a350-f896363bc636:c1561, 0b725bbf-683b-4664-9a2e-3c9dd6e38bc1:c1557, 9193e3b7-ae04-484d-a740-c65c11559486:c1557]
2019-08-24 07:08:18,308 | INFO  | DNAudit | user=null | ip=null | op=WRITE_CHUNK {blockData=conID: 3 locID: 102670695852212681 bcsId: 1561} | ret=SUCCESS |  
2019-08-24 07:08:18,311 | INFO  | DNAudit | user=null | ip=null | op=WRITE_CHUNK {blockData=conID: 3 locID: 102670695852212681 bcsId: 1556} | ret=SUCCESS |  
2019-08-24 07:08:18,311 | INFO  | DNAudit | user=null | ip=null | op=WRITE_CHUNK {blockData=conID: 3 locID: 102670695852212681 bcsId: 1556} | ret=SUCCESS |  
2019-08-24 07:08:18,313 | INFO  | DNAudit | user=null | ip=null | op=WRITE_CHUNK {blockData=conID: 3 locID: 102670695852212681 bcsId: 1561} | ret=SUCCESS |  
2019-08-24 07:08:18,313 | INFO  | DNAudit | user=null | ip=null | op=WRITE_CHUNK {blockData=conID: 3 locID: 102670695852212681 bcsId: 1561} | ret=SUCCESS |  
2019-08-24 07:08:18,324 | INFO  | DNAudit | user=null | ip=null | op=PUT_BLOCK {blockData=[blockId=conID: 3 locID: 102670695852212681 bcsId: 0,size=3145728]} | ret=SUCCESS |  
2019-08-24 07:08:18,325 | INFO  | DNAudit | user=null | ip=null | op=PUT_BLOCK {blockData=[blockId=conID: 3 locID: 102670695852212681 bcsId: 0,size=3145728]} | ret=SUCCESS |  
2019-08-24 07:08:18,325 | INFO  | DNAudit | user=null | ip=null | op=WRITE_CHUNK {blockData=conID: 3 locID: 102670695852212681 bcsId: 1561} | ret=SUCCESS |  
2019-08-24 07:08:18,325 | INFO  | DNAudit | user=null | ip=null | op=PUT_BLOCK {blockData=[blockId=conID: 3 locID: 102670695852212681 bcsId: 0,size=4194304]} | ret=SUCCESS |  
2019-08-24 07:08:18,326 [grpc-default-executor-2] INFO  client.GrpcClientProtocolClient (GrpcClientProtocolClient.java:onNext(255)) - client-6EDD19400D46->06a4573b-67a1-41e3-a350-f896363bc636: receive RaftClientReply:client-6EDD19400D46->06a4573b-67a1-41e3-a350-f896363bc636@group-757E3781CD2A, cid=1145, SUCCESS, logIndex=1564, commits[06a4573b-67a1-41e3-a350-f896363bc636:c1565, 0b725bbf-683b-4664-9a2e-3c9dd6e38bc1:c1561, 9193e3b7-ae04-484d-a740-c65c11559486:c1561]
2019-08-24 07:08:18,326 [grpc-default-executor-2] INFO  client.GrpcClientProtocolClient (GrpcClientProtocolClient.java:onNext(255)) - client-6EDD19400D46->06a4573b-67a1-41e3-a350-f896363bc636: receive RaftClientReply:client-6EDD19400D46->06a4573b-67a1-41e3-a350-f896363bc636@group-757E3781CD2A, cid=1146, SUCCESS, logIndex=1565, commits[06a4573b-67a1-41e3-a350-f896363bc636:c1565, 0b725bbf-683b-4664-9a2e-3c9dd6e38bc1:c1561, 9193e3b7-ae04-484d-a740-c65c11559486:c1561]
2019-08-24 07:08:18,338 | INFO  | DNAudit | user=null | ip=null | op=WRITE_CHUNK {blockData=conID: 3 locID: 102670695852212681 bcsId: 1561} | ret=SUCCESS |  
2019-08-24 07:08:18,338 | INFO  | DNAudit | user=null | ip=null | op=WRITE_CHUNK {blockData=conID: 3 locID: 102670695852212681 bcsId: 1561} | ret=SUCCESS |  
2019-08-24 07:08:18,350 | INFO  | DNAudit | user=null | ip=null | op=PUT_BLOCK {blockData=[blockId=conID: 3 locID: 102670695852212681 bcsId: 0,size=4194304]} | ret=SUCCESS |  
2019-08-24 07:08:18,350 | INFO  | DNAudit | user=null | ip=null | op=PUT_BLOCK {blockData=[blockId=conID: 3 locID: 102670695852212681 bcsId: 0,size=4194304]} | ret=SUCCESS |  
2019-08-24 07:08:18,350 [grpc-default-executor-2] INFO  client.GrpcClientProtocolClient (GrpcClientProtocolClient.java:onNext(255)) - client-6EDD19400D46->06a4573b-67a1-41e3-a350-f896363bc636: receive RaftClientReply:client-6EDD19400D46->06a4573b-67a1-41e3-a350-f896363bc636@group-757E3781CD2A, cid=1147, SUCCESS, logIndex=0, commits[06a4573b-67a1-41e3-a350-f896363bc636:c1567, 0b725bbf-683b-4664-9a2e-3c9dd6e38bc1:c1565, 9193e3b7-ae04-484d-a740-c65c11559486:c1565]
2019-08-24 07:08:18,358 | INFO  | DNAudit | user=null | ip=null | op=WRITE_CHUNK {blockData=conID: 1 locID: 102670695852212682 bcsId: 0} | ret=SUCCESS |  
2019-08-24 07:08:18,360 | INFO  | DNAudit | user=null | ip=null | op=WRITE_CHUNK {blockData=conID: 1 locID: 102670695852212682 bcsId: 0} | ret=SUCCESS |  
2019-08-24 07:08:18,366 | INFO  | DNAudit | user=null | ip=null | op=WRITE_CHUNK {blockData=conID: 1 locID: 102670695852212682 bcsId: 0} | ret=SUCCESS |  
2019-08-24 07:08:18,366 | INFO  | DNAudit | user=null | ip=null | op=WRITE_CHUNK {blockData=conID: 1 locID: 102670695852212682 bcsId: 0} | ret=SUCCESS |  
2019-08-24 07:08:18,367 | INFO  | DNAudit | user=null | ip=null | op=WRITE_CHUNK {blockData=conID: 1 locID: 102670695852212682 bcsId: 0} | ret=SUCCESS |  
2019-08-24 07:08:18,368 | INFO  | DNAudit | user=null | ip=null | op=WRITE_CHUNK {blockData=conID: 1 locID: 102670695852212682 bcsId: 0} | ret=SUCCESS |  
2019-08-24 07:08:18,372 | INFO  | DNAudit | user=null | ip=null | op=WRITE_CHUNK {blockData=conID: 1 locID: 102670695852212682 bcsId: 0} | ret=SUCCESS |  
2019-08-24 07:08:18,372 | INFO  | DNAudit | user=null | ip=null | op=PUT_BLOCK {blockData=[blockId=conID: 1 locID: 102670695852212682 bcsId: 0,size=1048576]} | ret=SUCCESS |  
2019-08-24 07:08:18,372 | INFO  | DNAudit | user=null | ip=null | op=WRITE_CHUNK {blockData=conID: 1 locID: 102670695852212682 bcsId: 0} | ret=SUCCESS |  
2019-08-24 07:08:18,373 | INFO  | DNAudit | user=null | ip=null | op=PUT_BLOCK {blockData=[blockId=conID: 1 locID: 102670695852212682 bcsId: 0,size=2097152]} | ret=SUCCESS |  
2019-08-24 07:08:18,372 [grpc-default-executor-1] INFO  client.GrpcClientProtocolClient (GrpcClientProtocolClient.java:onNext(255)) - client-6EDD19400D46->06a4573b-67a1-41e3-a350-f896363bc636: receive RaftClientReply:client-6EDD19400D46->06a4573b-67a1-41e3-a350-f896363bc636@group-757E3781CD2A, cid=1148, SUCCESS, logIndex=1568, commits[06a4573b-67a1-41e3-a350-f896363bc636:c1571, 0b725bbf-683b-4664-9a2e-3c9dd6e38bc1:c1567, 9193e3b7-ae04-484d-a740-c65c11559486:c1567]
2019-08-24 07:08:18,373 [grpc-default-executor-1] INFO  client.GrpcClientProtocolClient (GrpcClientProtocolClient.java:onNext(255)) - client-6EDD19400D46->06a4573b-67a1-41e3-a350-f896363bc636: receive RaftClientReply:client-6EDD19400D46->06a4573b-67a1-41e3-a350-f896363bc636@group-757E3781CD2A, cid=1149, SUCCESS, logIndex=1569, commits[06a4573b-67a1-41e3-a350-f896363bc636:c1571, 0b725bbf-683b-4664-9a2e-3c9dd6e38bc1:c1567, 9193e3b7-ae04-484d-a740-c65c11559486:c1567]
2019-08-24 07:08:18,374 [grpc-default-executor-1] INFO  client.GrpcClientProtocolClient (GrpcClientProtocolClient.java:onNext(255)) - client-6EDD19400D46->06a4573b-67a1-41e3-a350-f896363bc636: receive RaftClientReply:client-6EDD19400D46->06a4573b-67a1-41e3-a350-f896363bc636@group-757E3781CD2A, cid=1150, SUCCESS, logIndex=1570, commits[06a4573b-67a1-41e3-a350-f896363bc636:c1571, 0b725bbf-683b-4664-9a2e-3c9dd6e38bc1:c1567, 9193e3b7-ae04-484d-a740-c65c11559486:c1567]
2019-08-24 07:08:18,374 [grpc-default-executor-1] INFO  client.GrpcClientProtocolClient (GrpcClientProtocolClient.java:onNext(255)) - client-6EDD19400D46->06a4573b-67a1-41e3-a350-f896363bc636: receive RaftClientReply:client-6EDD19400D46->06a4573b-67a1-41e3-a350-f896363bc636@group-757E3781CD2A, cid=1151, SUCCESS, logIndex=1571, commits[06a4573b-67a1-41e3-a350-f896363bc636:c1571, 0b725bbf-683b-4664-9a2e-3c9dd6e38bc1:c1567, 9193e3b7-ae04-484d-a740-c65c11559486:c1567]
2019-08-24 07:08:18,385 | INFO  | DNAudit | user=null | ip=null | op=WRITE_CHUNK {blockData=conID: 1 locID: 102670695852212682 bcsId: 0} | ret=SUCCESS |  
2019-08-24 07:08:18,385 | INFO  | DNAudit | user=null | ip=null | op=PUT_BLOCK {blockData=[blockId=conID: 1 locID: 102670695852212682 bcsId: 0,size=1048576]} | ret=SUCCESS |  
2019-08-24 07:08:18,385 | INFO  | DNAudit | user=null | ip=null | op=WRITE_CHUNK {blockData=conID: 1 locID: 102670695852212682 bcsId: 0} | ret=SUCCESS |  
2019-08-24 07:08:18,386 | INFO  | DNAudit | user=null | ip=null | op=PUT_BLOCK {blockData=[blockId=conID: 1 locID: 102670695852212682 bcsId: 0,size=1048576]} | ret=SUCCESS |  
2019-08-24 07:08:18,386 [grpc-default-executor-1] INFO  client.GrpcClientProtocolClient (GrpcClientProtocolClient.java:onNext(255)) - client-6EDD19400D46->06a4573b-67a1-41e3-a350-f896363bc636: receive RaftClientReply:client-6EDD19400D46->06a4573b-67a1-41e3-a350-f896363bc636@group-757E3781CD2A, cid=1152, SUCCESS, logIndex=0, commits[06a4573b-67a1-41e3-a350-f896363bc636:c1572, 0b725bbf-683b-4664-9a2e-3c9dd6e38bc1:c1569, 9193e3b7-ae04-484d-a740-c65c11559486:c1569]
2019-08-24 07:08:18,394 | INFO  | DNAudit | user=null | ip=null | op=WRITE_CHUNK {blockData=conID: 1 locID: 102670695852212682 bcsId: 1571} | ret=SUCCESS |  
2019-08-24 07:08:18,397 | INFO  | DNAudit | user=null | ip=null | op=WRITE_CHUNK {blockData=conID: 1 locID: 102670695852212682 bcsId: 1571} | ret=SUCCESS |  
2019-08-24 07:08:18,397 | INFO  | DNAudit | user=null | ip=null | op=WRITE_CHUNK {blockData=conID: 1 locID: 102670695852212682 bcsId: 1571} | ret=SUCCESS |  
2019-08-24 07:08:18,398 | INFO  | DNAudit | user=null | ip=null | op=WRITE_CHUNK {blockData=conID: 1 locID: 102670695852212682 bcsId: 0} | ret=SUCCESS |  
2019-08-24 07:08:18,398 | INFO  | DNAudit | user=null | ip=null | op=WRITE_CHUNK {blockData=conID: 1 locID: 102670695852212682 bcsId: 0} | ret=SUCCESS |  
2019-08-24 07:08:18,398 | INFO  | DNAudit | user=null | ip=null | op=PUT_BLOCK {blockData=[blockId=conID: 1 locID: 102670695852212682 bcsId: 0,size=2097152]} | ret=SUCCESS |  
2019-08-24 07:08:18,399 | INFO  | DNAudit | user=null | ip=null | op=PUT_BLOCK {blockData=[blockId=conID: 1 locID: 102670695852212682 bcsId: 0,size=2097152]} | ret=SUCCESS |  
2019-08-24 07:08:18,411 | INFO  | DNAudit | user=null | ip=null | op=WRITE_CHUNK {blockData=conID: 1 locID: 102670695852212682 bcsId: 1571} | ret=SUCCESS |  
2019-08-24 07:08:18,411 | INFO  | DNAudit | user=null | ip=null | op=PUT_BLOCK {blockData=[blockId=conID: 1 locID: 102670695852212682 bcsId: 0,size=3145728]} | ret=SUCCESS |  
2019-08-24 07:08:18,412 [grpc-default-executor-0] INFO  client.GrpcClientProtocolClient (GrpcClientProtocolClient.java:onNext(255)) - client-6EDD19400D46->06a4573b-67a1-41e3-a350-f896363bc636: receive RaftClientReply:client-6EDD19400D46->06a4573b-67a1-41e3-a350-f896363bc636@group-757E3781CD2A, cid=1153, SUCCESS, logIndex=1576, commits[06a4573b-67a1-41e3-a350-f896363bc636:c1577, 0b725bbf-683b-4664-9a2e-3c9dd6e38bc1:c1572, 9193e3b7-ae04-484d-a740-c65c11559486:c1572]
2019-08-24 07:08:18,412 [grpc-default-executor-0] INFO  client.GrpcClientProtocolClient (GrpcClientProtocolClient.java:onNext(255)) - client-6EDD19400D46->06a4573b-67a1-41e3-a350-f896363bc636: receive RaftClientReply:client-6EDD19400D46->06a4573b-67a1-41e3-a350-f896363bc636@group-757E3781CD2A, cid=1154, SUCCESS, logIndex=1577, commits[06a4573b-67a1-41e3-a350-f896363bc636:c1577, 0b725bbf-683b-4664-9a2e-3c9dd6e38bc1:c1572, 9193e3b7-ae04-484d-a740-c65c11559486:c1572]
2019-08-24 07:08:18,421 | INFO  | DNAudit | user=null | ip=null | op=WRITE_CHUNK {blockData=conID: 1 locID: 102670695852212682 bcsId: 1577} | ret=SUCCESS |  
2019-08-24 07:08:18,424 | INFO  | DNAudit | user=null | ip=null | op=WRITE_CHUNK {blockData=conID: 1 locID: 102670695852212682 bcsId: 1577} | ret=SUCCESS |  
2019-08-24 07:08:18,424 | INFO  | DNAudit | user=null | ip=null | op=WRITE_CHUNK {blockData=conID: 1 locID: 102670695852212682 bcsId: 1571} | ret=SUCCESS |  
2019-08-24 07:08:18,424 | INFO  | DNAudit | user=null | ip=null | op=WRITE_CHUNK {blockData=conID: 1 locID: 102670695852212682 bcsId: 1571} | ret=SUCCESS |  
2019-08-24 07:08:18,425 | INFO  | DNAudit | user=null | ip=null | op=PUT_BLOCK {blockData=[blockId=conID: 1 locID: 102670695852212682 bcsId: 0,size=3145728]} | ret=SUCCESS |  
2019-08-24 07:08:18,425 | INFO  | DNAudit | user=null | ip=null | op=PUT_BLOCK {blockData=[blockId=conID: 1 locID: 102670695852212682 bcsId: 0,size=3145728]} | ret=SUCCESS |  
2019-08-24 07:08:18,425 | INFO  | DNAudit | user=null | ip=null | op=WRITE_CHUNK {blockData=conID: 1 locID: 102670695852212682 bcsId: 1577} | ret=SUCCESS |  
2019-08-24 07:08:18,427 | INFO  | SCMAudit | user=jenkins1000 | ip=192.168.69.125 | op=SEND_HEARTBEAT {datanodeUUID=25ce0803-6f34-4c69-82c0-892f08679042, command=[]} | ret=SUCCESS |  
2019-08-24 07:08:18,428 | INFO  | SCMAudit | user=jenkins1000 | ip=192.168.69.125 | op=SEND_HEARTBEAT {datanodeUUID=9193e3b7-ae04-484d-a740-c65c11559486, command=[]} | ret=SUCCESS |  
2019-08-24 07:08:18,428 | INFO  | SCMAudit | user=jenkins1000 | ip=192.168.69.125 | op=SEND_HEARTBEAT {datanodeUUID=06a4573b-67a1-41e3-a350-f896363bc636, command=[]} | ret=SUCCESS |  
2019-08-24 07:08:18,428 | INFO  | SCMAudit | user=jenkins1000 | ip=192.168.69.125 | op=SEND_HEARTBEAT {datanodeUUID=0b725bbf-683b-4664-9a2e-3c9dd6e38bc1, command=[]} | ret=SUCCESS |  
2019-08-24 07:08:18,438 | INFO  | DNAudit | user=null | ip=null | op=WRITE_CHUNK {blockData=conID: 1 locID: 102670695852212682 bcsId: 1577} | ret=SUCCESS |  
2019-08-24 07:08:18,438 | INFO  | DNAudit | user=null | ip=null | op=PUT_BLOCK {blockData=[blockId=conID: 1 locID: 102670695852212682 bcsId: 0,size=4194304]} | ret=SUCCESS |  
2019-08-24 07:08:18,438 [grpc-default-executor-1] INFO  client.GrpcClientProtocolClient (GrpcClientProtocolClient.java:onNext(255)) - client-6EDD19400D46->06a4573b-67a1-41e3-a350-f896363bc636: receive RaftClientReply:client-6EDD19400D46->06a4573b-67a1-41e3-a350-f896363bc636@group-757E3781CD2A, cid=1155, SUCCESS, logIndex=1580, commits[06a4573b-67a1-41e3-a350-f896363bc636:c1580, 0b725bbf-683b-4664-9a2e-3c9dd6e38bc1:c1577, 9193e3b7-ae04-484d-a740-c65c11559486:c1577]
2019-08-24 07:08:18,439 [grpc-default-executor-1] INFO  client.GrpcClientProtocolClient (GrpcClientProtocolClient.java:onNext(255)) - client-6EDD19400D46->06a4573b-67a1-41e3-a350-f896363bc636: receive RaftClientReply:client-6EDD19400D46->06a4573b-67a1-41e3-a350-f896363bc636@group-757E3781CD2A, cid=1156, SUCCESS, logIndex=1581, commits[06a4573b-67a1-41e3-a350-f896363bc636:c1581, 0b725bbf-683b-4664-9a2e-3c9dd6e38bc1:c1577, 9193e3b7-ae04-484d-a740-c65c11559486:c1577]
2019-08-24 07:08:18,451 | INFO  | DNAudit | user=null | ip=null | op=WRITE_CHUNK {blockData=conID: 1 locID: 102670695852212682 bcsId: 1577} | ret=SUCCESS |  
2019-08-24 07:08:18,451 | INFO  | DNAudit | user=null | ip=null | op=WRITE_CHUNK {blockData=conID: 1 locID: 102670695852212682 bcsId: 1577} | ret=SUCCESS |  
2019-08-24 07:08:18,464 | INFO  | DNAudit | user=null | ip=null | op=PUT_BLOCK {blockData=[blockId=conID: 1 locID: 102670695852212682 bcsId: 0,size=4194304]} | ret=SUCCESS |  
2019-08-24 07:08:18,464 | INFO  | DNAudit | user=null | ip=null | op=PUT_BLOCK {blockData=[blockId=conID: 1 locID: 102670695852212682 bcsId: 0,size=4194304]} | ret=SUCCESS |  
2019-08-24 07:08:18,465 [grpc-default-executor-1] INFO  client.GrpcClientProtocolClient (GrpcClientProtocolClient.java:onNext(255)) - client-6EDD19400D46->06a4573b-67a1-41e3-a350-f896363bc636: receive RaftClientReply:client-6EDD19400D46->06a4573b-67a1-41e3-a350-f896363bc636@group-757E3781CD2A, cid=1157, SUCCESS, logIndex=0, commits[06a4573b-67a1-41e3-a350-f896363bc636:c1583, 0b725bbf-683b-4664-9a2e-3c9dd6e38bc1:c1581, 9193e3b7-ae04-484d-a740-c65c11559486:c1581]
2019-08-24 07:08:18,472 | INFO  | DNAudit | user=null | ip=null | op=WRITE_CHUNK {blockData=conID: 2 locID: 102670695852212683 bcsId: 0} | ret=SUCCESS |  
2019-08-24 07:08:18,476 | INFO  | DNAudit | user=null | ip=null | op=WRITE_CHUNK {blockData=conID: 2 locID: 102670695852212683 bcsId: 0} | ret=SUCCESS |  
2019-08-24 07:08:18,476 | INFO  | DNAudit | user=null | ip=null | op=WRITE_CHUNK {blockData=conID: 2 locID: 102670695852212683 bcsId: 0} | ret=SUCCESS |  
2019-08-24 07:08:18,477 | INFO  | DNAudit | user=null | ip=null | op=WRITE_CHUNK {blockData=conID: 2 locID: 102670695852212683 bcsId: 0} | ret=SUCCESS |  
2019-08-24 07:08:18,478 | INFO  | DNAudit | user=null | ip=null | op=WRITE_CHUNK {blockData=conID: 2 locID: 102670695852212683 bcsId: 0} | ret=SUCCESS |  
2019-08-24 07:08:18,479 | INFO  | DNAudit | user=null | ip=null | op=WRITE_CHUNK {blockData=conID: 2 locID: 102670695852212683 bcsId: 0} | ret=SUCCESS |  
2019-08-24 07:08:18,486 | INFO  | DNAudit | user=null | ip=null | op=WRITE_CHUNK {blockData=conID: 2 locID: 102670695852212683 bcsId: 0} | ret=SUCCESS |  
2019-08-24 07:08:18,487 | INFO  | DNAudit | user=null | ip=null | op=PUT_BLOCK {blockData=[blockId=conID: 2 locID: 102670695852212683 bcsId: 0,size=1048576]} | ret=SUCCESS |  
2019-08-24 07:08:18,487 [grpc-default-executor-1] INFO  client.GrpcClientProtocolClient (GrpcClientProtocolClient.java:onNext(255)) - client-6EDD19400D46->06a4573b-67a1-41e3-a350-f896363bc636: receive RaftClientReply:client-6EDD19400D46->06a4573b-67a1-41e3-a350-f896363bc636@group-757E3781CD2A, cid=1158, SUCCESS, logIndex=1584, commits[06a4573b-67a1-41e3-a350-f896363bc636:c1585, 0b725bbf-683b-4664-9a2e-3c9dd6e38bc1:c1583, 9193e3b7-ae04-484d-a740-c65c11559486:c1583]
2019-08-24 07:08:18,488 [grpc-default-executor-1] INFO  client.GrpcClientProtocolClient (GrpcClientProtocolClient.java:onNext(255)) - client-6EDD19400D46->06a4573b-67a1-41e3-a350-f896363bc636: receive RaftClientReply:client-6EDD19400D46->06a4573b-67a1-41e3-a350-f896363bc636@group-757E3781CD2A, cid=1159, SUCCESS, logIndex=1585, commits[06a4573b-67a1-41e3-a350-f896363bc636:c1585, 0b725bbf-683b-4664-9a2e-3c9dd6e38bc1:c1583, 9193e3b7-ae04-484d-a740-c65c11559486:c1583]
2019-08-24 07:08:18,505 | INFO  | DNAudit | user=null | ip=null | op=WRITE_CHUNK {blockData=conID: 2 locID: 102670695852212683 bcsId: 0} | ret=SUCCESS |  
2019-08-24 07:08:18,506 | INFO  | DNAudit | user=null | ip=null | op=WRITE_CHUNK {blockData=conID: 2 locID: 102670695852212683 bcsId: 0} | ret=SUCCESS |  
2019-08-24 07:08:18,506 | INFO  | DNAudit | user=null | ip=null | op=PUT_BLOCK {blockData=[blockId=conID: 2 locID: 102670695852212683 bcsId: 0,size=2097152]} | ret=SUCCESS |  
2019-08-24 07:08:18,506 [grpc-default-executor-1] INFO  client.GrpcClientProtocolClient (GrpcClientProtocolClient.java:onNext(255)) - client-6EDD19400D46->06a4573b-67a1-41e3-a350-f896363bc636: receive RaftClientReply:client-6EDD19400D46->06a4573b-67a1-41e3-a350-f896363bc636@group-757E3781CD2A, cid=1160, SUCCESS, logIndex=1586, commits[06a4573b-67a1-41e3-a350-f896363bc636:c1587, 0b725bbf-683b-4664-9a2e-3c9dd6e38bc1:c1583, 9193e3b7-ae04-484d-a740-c65c11559486:c1583]
2019-08-24 07:08:18,506 | INFO  | DNAudit | user=null | ip=null | op=WRITE_CHUNK {blockData=conID: 2 locID: 102670695852212683 bcsId: 0} | ret=SUCCESS |  
2019-08-24 07:08:18,507 [grpc-default-executor-1] INFO  client.GrpcClientProtocolClient (GrpcClientProtocolClient.java:onNext(255)) - client-6EDD19400D46->06a4573b-67a1-41e3-a350-f896363bc636: receive RaftClientReply:client-6EDD19400D46->06a4573b-67a1-41e3-a350-f896363bc636@group-757E3781CD2A, cid=1161, SUCCESS, logIndex=1587, commits[06a4573b-67a1-41e3-a350-f896363bc636:c1587, 0b725bbf-683b-4664-9a2e-3c9dd6e38bc1:c1583, 9193e3b7-ae04-484d-a740-c65c11559486:c1584]
2019-08-24 07:08:18,507 | INFO  | DNAudit | user=null | ip=null | op=PUT_BLOCK {blockData=[blockId=conID: 2 locID: 102670695852212683 bcsId: 0,size=1048576]} | ret=SUCCESS |  
2019-08-24 07:08:18,509 | INFO  | DNAudit | user=null | ip=null | op=PUT_BLOCK {blockData=[blockId=conID: 2 locID: 102670695852212683 bcsId: 0,size=1048576]} | ret=SUCCESS |  
2019-08-24 07:08:18,510 [grpc-default-executor-1] INFO  client.GrpcClientProtocolClient (GrpcClientProtocolClient.java:onNext(255)) - client-6EDD19400D46->06a4573b-67a1-41e3-a350-f896363bc636: receive RaftClientReply:client-6EDD19400D46->06a4573b-67a1-41e3-a350-f896363bc636@group-757E3781CD2A, cid=1162, SUCCESS, logIndex=0, commits[06a4573b-67a1-41e3-a350-f896363bc636:c1591, 0b725bbf-683b-4664-9a2e-3c9dd6e38bc1:c1585, 9193e3b7-ae04-484d-a740-c65c11559486:c1585]
2019-08-24 07:08:18,522 | INFO  | DNAudit | user=null | ip=null | op=WRITE_CHUNK {blockData=conID: 2 locID: 102670695852212683 bcsId: 1587} | ret=SUCCESS |  
2019-08-24 07:08:18,526 | INFO  | DNAudit | user=null | ip=null | op=WRITE_CHUNK {blockData=conID: 2 locID: 102670695852212683 bcsId: 1587} | ret=SUCCESS |  
2019-08-24 07:08:18,526 | INFO  | DNAudit | user=null | ip=null | op=WRITE_CHUNK {blockData=conID: 2 locID: 102670695852212683 bcsId: 1587} | ret=SUCCESS |  
2019-08-24 07:08:18,535 | INFO  | DNAudit | user=null | ip=null | op=WRITE_CHUNK {blockData=conID: 2 locID: 102670695852212683 bcsId: 0} | ret=SUCCESS |  
2019-08-24 07:08:18,535 | INFO  | DNAudit | user=null | ip=null | op=WRITE_CHUNK {blockData=conID: 2 locID: 102670695852212683 bcsId: 0} | ret=SUCCESS |  
2019-08-24 07:08:18,535 | INFO  | DNAudit | user=null | ip=null | op=PUT_BLOCK {blockData=[blockId=conID: 2 locID: 102670695852212683 bcsId: 0,size=2097152]} | ret=SUCCESS |  
2019-08-24 07:08:18,535 | INFO  | DNAudit | user=null | ip=null | op=PUT_BLOCK {blockData=[blockId=conID: 2 locID: 102670695852212683 bcsId: 0,size=2097152]} | ret=SUCCESS |  
2019-08-24 07:08:18,535 | INFO  | DNAudit | user=null | ip=null | op=WRITE_CHUNK {blockData=conID: 2 locID: 102670695852212683 bcsId: 1587} | ret=SUCCESS |  
2019-08-24 07:08:18,536 | INFO  | DNAudit | user=null | ip=null | op=PUT_BLOCK {blockData=[blockId=conID: 2 locID: 102670695852212683 bcsId: 0,size=3145728]} | ret=SUCCESS |  
2019-08-24 07:08:18,536 [grpc-default-executor-1] INFO  client.GrpcClientProtocolClient (GrpcClientProtocolClient.java:onNext(255)) - client-6EDD19400D46->06a4573b-67a1-41e3-a350-f896363bc636: receive RaftClientReply:client-6EDD19400D46->06a4573b-67a1-41e3-a350-f896363bc636@group-757E3781CD2A, cid=1163, SUCCESS, logIndex=1592, commits[06a4573b-67a1-41e3-a350-f896363bc636:c1593, 0b725bbf-683b-4664-9a2e-3c9dd6e38bc1:c1591, 9193e3b7-ae04-484d-a740-c65c11559486:c1591]
2019-08-24 07:08:18,536 [grpc-default-executor-1] INFO  client.GrpcClientProtocolClient (GrpcClientProtocolClient.java:onNext(255)) - client-6EDD19400D46->06a4573b-67a1-41e3-a350-f896363bc636: receive RaftClientReply:client-6EDD19400D46->06a4573b-67a1-41e3-a350-f896363bc636@group-757E3781CD2A, cid=1164, SUCCESS, logIndex=1593, commits[06a4573b-67a1-41e3-a350-f896363bc636:c1593, 0b725bbf-683b-4664-9a2e-3c9dd6e38bc1:c1591, 9193e3b7-ae04-484d-a740-c65c11559486:c1591]
2019-08-24 07:08:18,544 | INFO  | DNAudit | user=null | ip=null | op=WRITE_CHUNK {blockData=conID: 2 locID: 102670695852212683 bcsId: 1593} | ret=SUCCESS |  
2019-08-24 07:08:18,547 | INFO  | DNAudit | user=null | ip=null | op=WRITE_CHUNK {blockData=conID: 2 locID: 102670695852212683 bcsId: 1587} | ret=SUCCESS |  
2019-08-24 07:08:18,547 | INFO  | DNAudit | user=null | ip=null | op=WRITE_CHUNK {blockData=conID: 2 locID: 102670695852212683 bcsId: 1587} | ret=SUCCESS |  
2019-08-24 07:08:18,548 | INFO  | DNAudit | user=null | ip=null | op=PUT_BLOCK {blockData=[blockId=conID: 2 locID: 102670695852212683 bcsId: 0,size=3145728]} | ret=SUCCESS |  
2019-08-24 07:08:18,548 | INFO  | DNAudit | user=null | ip=null | op=WRITE_CHUNK {blockData=conID: 2 locID: 102670695852212683 bcsId: 1593} | ret=SUCCESS |  
2019-08-24 07:08:18,549 | INFO  | DNAudit | user=null | ip=null | op=WRITE_CHUNK {blockData=conID: 2 locID: 102670695852212683 bcsId: 1593} | ret=SUCCESS |  
2019-08-24 07:08:18,560 | INFO  | DNAudit | user=null | ip=null | op=PUT_BLOCK {blockData=[blockId=conID: 2 locID: 102670695852212683 bcsId: 0,size=3145728]} | ret=SUCCESS |  
2019-08-24 07:08:18,561 | INFO  | DNAudit | user=null | ip=null | op=WRITE_CHUNK {blockData=conID: 2 locID: 102670695852212683 bcsId: 1593} | ret=SUCCESS |  
2019-08-24 07:08:18,561 | INFO  | DNAudit | user=null | ip=null | op=PUT_BLOCK {blockData=[blockId=conID: 2 locID: 102670695852212683 bcsId: 0,size=4194304]} | ret=SUCCESS |  
2019-08-24 07:08:18,562 [grpc-default-executor-2] INFO  client.GrpcClientProtocolClient (GrpcClientProtocolClient.java:onNext(255)) - client-6EDD19400D46->06a4573b-67a1-41e3-a350-f896363bc636: receive RaftClientReply:client-6EDD19400D46->06a4573b-67a1-41e3-a350-f896363bc636@group-757E3781CD2A, cid=1165, SUCCESS, logIndex=1596, commits[06a4573b-67a1-41e3-a350-f896363bc636:c1597, 0b725bbf-683b-4664-9a2e-3c9dd6e38bc1:c1593, 9193e3b7-ae04-484d-a740-c65c11559486:c1593]
2019-08-24 07:08:18,562 [grpc-default-executor-2] INFO  client.GrpcClientProtocolClient (GrpcClientProtocolClient.java:onNext(255)) - client-6EDD19400D46->06a4573b-67a1-41e3-a350-f896363bc636: receive RaftClientReply:client-6EDD19400D46->06a4573b-67a1-41e3-a350-f896363bc636@group-757E3781CD2A, cid=1166, SUCCESS, logIndex=1597, commits[06a4573b-67a1-41e3-a350-f896363bc636:c1597, 0b725bbf-683b-4664-9a2e-3c9dd6e38bc1:c1593, 9193e3b7-ae04-484d-a740-c65c11559486:c1593]
2019-08-24 07:08:18,573 | INFO  | DNAudit | user=null | ip=null | op=WRITE_CHUNK {blockData=conID: 2 locID: 102670695852212683 bcsId: 1593} | ret=SUCCESS |  
2019-08-24 07:08:18,573 | INFO  | DNAudit | user=null | ip=null | op=WRITE_CHUNK {blockData=conID: 2 locID: 102670695852212683 bcsId: 1593} | ret=SUCCESS |  
2019-08-24 07:08:18,573 | INFO  | DNAudit | user=null | ip=null | op=PUT_BLOCK {blockData=[blockId=conID: 2 locID: 102670695852212683 bcsId: 0,size=4194304]} | ret=SUCCESS |  
2019-08-24 07:08:18,575 | INFO  | DNAudit | user=null | ip=null | op=PUT_BLOCK {blockData=[blockId=conID: 2 locID: 102670695852212683 bcsId: 0,size=4194304]} | ret=SUCCESS |  
2019-08-24 07:08:18,576 [grpc-default-executor-2] INFO  client.GrpcClientProtocolClient (GrpcClientProtocolClient.java:onNext(255)) - client-6EDD19400D46->06a4573b-67a1-41e3-a350-f896363bc636: receive RaftClientReply:client-6EDD19400D46->06a4573b-67a1-41e3-a350-f896363bc636@group-757E3781CD2A, cid=1167, SUCCESS, logIndex=0, commits[06a4573b-67a1-41e3-a350-f896363bc636:c1598, 0b725bbf-683b-4664-9a2e-3c9dd6e38bc1:c1597, 9193e3b7-ae04-484d-a740-c65c11559486:c1597]
2019-08-24 07:08:18,584 | INFO  | DNAudit | user=null | ip=null | op=WRITE_CHUNK {blockData=conID: 3 locID: 102670695852212684 bcsId: 0} | ret=SUCCESS |  
2019-08-24 07:08:18,587 | INFO  | DNAudit | user=null | ip=null | op=WRITE_CHUNK {blockData=conID: 3 locID: 102670695852212684 bcsId: 0} | ret=SUCCESS |  
2019-08-24 07:08:18,588 | INFO  | DNAudit | user=null | ip=null | op=WRITE_CHUNK {blockData=conID: 3 locID: 102670695852212684 bcsId: 0} | ret=SUCCESS |  
2019-08-24 07:08:18,589 | INFO  | DNAudit | user=null | ip=null | op=WRITE_CHUNK {blockData=conID: 3 locID: 102670695852212684 bcsId: 0} | ret=SUCCESS |  
2019-08-24 07:08:18,590 | INFO  | DNAudit | user=null | ip=null | op=WRITE_CHUNK {blockData=conID: 3 locID: 102670695852212684 bcsId: 0} | ret=SUCCESS |  
2019-08-24 07:08:18,591 | INFO  | DNAudit | user=null | ip=null | op=WRITE_CHUNK {blockData=conID: 3 locID: 102670695852212684 bcsId: 0} | ret=SUCCESS |  
2019-08-24 07:08:18,599 | INFO  | DNAudit | user=null | ip=null | op=WRITE_CHUNK {blockData=conID: 3 locID: 102670695852212684 bcsId: 0} | ret=SUCCESS |  
2019-08-24 07:08:18,599 | INFO  | DNAudit | user=null | ip=null | op=PUT_BLOCK {blockData=[blockId=conID: 3 locID: 102670695852212684 bcsId: 0,size=1048576]} | ret=SUCCESS |  
2019-08-24 07:08:18,600 [grpc-default-executor-2] INFO  client.GrpcClientProtocolClient (GrpcClientProtocolClient.java:onNext(255)) - client-6EDD19400D46->06a4573b-67a1-41e3-a350-f896363bc636: receive RaftClientReply:client-6EDD19400D46->06a4573b-67a1-41e3-a350-f896363bc636@group-757E3781CD2A, cid=1168, SUCCESS, logIndex=1600, commits[06a4573b-67a1-41e3-a350-f896363bc636:c1601, 0b725bbf-683b-4664-9a2e-3c9dd6e38bc1:c1599, 9193e3b7-ae04-484d-a740-c65c11559486:c1599]
2019-08-24 07:08:18,601 [grpc-default-executor-2] INFO  client.GrpcClientProtocolClient (GrpcClientProtocolClient.java:onNext(255)) - client-6EDD19400D46->06a4573b-67a1-41e3-a350-f896363bc636: receive RaftClientReply:client-6EDD19400D46->06a4573b-67a1-41e3-a350-f896363bc636@group-757E3781CD2A, cid=1169, SUCCESS, logIndex=1601, commits[06a4573b-67a1-41e3-a350-f896363bc636:c1601, 0b725bbf-683b-4664-9a2e-3c9dd6e38bc1:c1599, 9193e3b7-ae04-484d-a740-c65c11559486:c1599]
2019-08-24 07:08:18,608 | INFO  | DNAudit | user=null | ip=null | op=WRITE_CHUNK {blockData=conID: 3 locID: 102670695852212684 bcsId: 0} | ret=SUCCESS |  
2019-08-24 07:08:18,609 | INFO  | DNAudit | user=null | ip=null | op=PUT_BLOCK {blockData=[blockId=conID: 3 locID: 102670695852212684 bcsId: 0,size=2097152]} | ret=SUCCESS |  
2019-08-24 07:08:18,609 | INFO  | DNAudit | user=null | ip=null | op=WRITE_CHUNK {blockData=conID: 3 locID: 102670695852212684 bcsId: 0} | ret=SUCCESS |  
2019-08-24 07:08:18,609 [grpc-default-executor-5] INFO  client.GrpcClientProtocolClient (GrpcClientProtocolClient.java:onNext(255)) - client-6EDD19400D46->06a4573b-67a1-41e3-a350-f896363bc636: receive RaftClientReply:client-6EDD19400D46->06a4573b-67a1-41e3-a350-f896363bc636@group-757E3781CD2A, cid=1170, SUCCESS, logIndex=1602, commits[06a4573b-67a1-41e3-a350-f896363bc636:c1603, 0b725bbf-683b-4664-9a2e-3c9dd6e38bc1:c1599, 9193e3b7-ae04-484d-a740-c65c11559486:c1599]
2019-08-24 07:08:18,609 | INFO  | DNAudit | user=null | ip=null | op=WRITE_CHUNK {blockData=conID: 3 locID: 102670695852212684 bcsId: 0} | ret=SUCCESS |  
2019-08-24 07:08:18,610 | INFO  | DNAudit | user=null | ip=null | op=PUT_BLOCK {blockData=[blockId=conID: 3 locID: 102670695852212684 bcsId: 0,size=1048576]} | ret=SUCCESS |  
2019-08-24 07:08:18,610 | INFO  | DNAudit | user=null | ip=null | op=PUT_BLOCK {blockData=[blockId=conID: 3 locID: 102670695852212684 bcsId: 0,size=1048576]} | ret=SUCCESS |  
2019-08-24 07:08:18,610 [grpc-default-executor-5] INFO  client.GrpcClientProtocolClient (GrpcClientProtocolClient.java:onNext(255)) - client-6EDD19400D46->06a4573b-67a1-41e3-a350-f896363bc636: receive RaftClientReply:client-6EDD19400D46->06a4573b-67a1-41e3-a350-f896363bc636@group-757E3781CD2A, cid=1171, SUCCESS, logIndex=1603, commits[06a4573b-67a1-41e3-a350-f896363bc636:c1603, 0b725bbf-683b-4664-9a2e-3c9dd6e38bc1:c1599, 9193e3b7-ae04-484d-a740-c65c11559486:c1599]
2019-08-24 07:08:18,611 [grpc-default-executor-5] INFO  client.GrpcClientProtocolClient (GrpcClientProtocolClient.java:onNext(255)) - client-6EDD19400D46->06a4573b-67a1-41e3-a350-f896363bc636: receive RaftClientReply:client-6EDD19400D46->06a4573b-67a1-41e3-a350-f896363bc636@group-757E3781CD2A, cid=1172, SUCCESS, logIndex=0, commits[06a4573b-67a1-41e3-a350-f896363bc636:c1604, 0b725bbf-683b-4664-9a2e-3c9dd6e38bc1:c1601, 9193e3b7-ae04-484d-a740-c65c11559486:c1601]
2019-08-24 07:08:18,619 | INFO  | DNAudit | user=null | ip=null | op=WRITE_CHUNK {blockData=conID: 3 locID: 102670695852212684 bcsId: 1603} | ret=SUCCESS |  
2019-08-24 07:08:18,621 | INFO  | DNAudit | user=null | ip=null | op=WRITE_CHUNK {blockData=conID: 3 locID: 102670695852212684 bcsId: 1603} | ret=SUCCESS |  
2019-08-24 07:08:18,622 | INFO  | DNAudit | user=null | ip=null | op=WRITE_CHUNK {blockData=conID: 3 locID: 102670695852212684 bcsId: 1603} | ret=SUCCESS |  
2019-08-24 07:08:18,631 | INFO  | DNAudit | user=null | ip=null | op=WRITE_CHUNK {blockData=conID: 3 locID: 102670695852212684 bcsId: 0} | ret=SUCCESS |  
2019-08-24 07:08:18,631 | INFO  | DNAudit | user=null | ip=null | op=WRITE_CHUNK {blockData=conID: 3 locID: 102670695852212684 bcsId: 0} | ret=SUCCESS |  
2019-08-24 07:08:18,631 | INFO  | DNAudit | user=null | ip=null | op=PUT_BLOCK {blockData=[blockId=conID: 3 locID: 102670695852212684 bcsId: 0,size=2097152]} | ret=SUCCESS |  
2019-08-24 07:08:18,631 | INFO  | DNAudit | user=null | ip=null | op=PUT_BLOCK {blockData=[blockId=conID: 3 locID: 102670695852212684 bcsId: 0,size=2097152]} | ret=SUCCESS |  
2019-08-24 07:08:18,631 | INFO  | DNAudit | user=null | ip=null | op=WRITE_CHUNK {blockData=conID: 3 locID: 102670695852212684 bcsId: 1603} | ret=SUCCESS |  
2019-08-24 07:08:18,632 | INFO  | DNAudit | user=null | ip=null | op=PUT_BLOCK {blockData=[blockId=conID: 3 locID: 102670695852212684 bcsId: 0,size=3145728]} | ret=SUCCESS |  
2019-08-24 07:08:18,632 [grpc-default-executor-5] INFO  client.GrpcClientProtocolClient (GrpcClientProtocolClient.java:onNext(255)) - client-6EDD19400D46->06a4573b-67a1-41e3-a350-f896363bc636: receive RaftClientReply:client-6EDD19400D46->06a4573b-67a1-41e3-a350-f896363bc636@group-757E3781CD2A, cid=1173, SUCCESS, logIndex=1608, commits[06a4573b-67a1-41e3-a350-f896363bc636:c1609, 0b725bbf-683b-4664-9a2e-3c9dd6e38bc1:c1607, 9193e3b7-ae04-484d-a740-c65c11559486:c1607]
2019-08-24 07:08:18,633 [grpc-default-executor-5] INFO  client.GrpcClientProtocolClient (GrpcClientProtocolClient.java:onNext(255)) - client-6EDD19400D46->06a4573b-67a1-41e3-a350-f896363bc636: receive RaftClientReply:client-6EDD19400D46->06a4573b-67a1-41e3-a350-f896363bc636@group-757E3781CD2A, cid=1174, SUCCESS, logIndex=1609, commits[06a4573b-67a1-41e3-a350-f896363bc636:c1609, 0b725bbf-683b-4664-9a2e-3c9dd6e38bc1:c1607, 9193e3b7-ae04-484d-a740-c65c11559486:c1607]
2019-08-24 07:08:18,640 | INFO  | DNAudit | user=null | ip=null | op=WRITE_CHUNK {blockData=conID: 3 locID: 102670695852212684 bcsId: 1609} | ret=SUCCESS |  
2019-08-24 07:08:18,643 | INFO  | DNAudit | user=null | ip=null | op=WRITE_CHUNK {blockData=conID: 3 locID: 102670695852212684 bcsId: 1609} | ret=SUCCESS |  
2019-08-24 07:08:18,643 | INFO  | DNAudit | user=null | ip=null | op=WRITE_CHUNK {blockData=conID: 3 locID: 102670695852212684 bcsId: 1609} | ret=SUCCESS |  
2019-08-24 07:08:18,645 | INFO  | DNAudit | user=null | ip=null | op=WRITE_CHUNK {blockData=conID: 3 locID: 102670695852212684 bcsId: 1603} | ret=SUCCESS |  
2019-08-24 07:08:18,645 | INFO  | DNAudit | user=null | ip=null | op=WRITE_CHUNK {blockData=conID: 3 locID: 102670695852212684 bcsId: 1603} | ret=SUCCESS |  
2019-08-24 07:08:18,645 | INFO  | DNAudit | user=null | ip=null | op=PUT_BLOCK {blockData=[blockId=conID: 3 locID: 102670695852212684 bcsId: 0,size=3145728]} | ret=SUCCESS |  
2019-08-24 07:08:18,645 | INFO  | DNAudit | user=null | ip=null | op=PUT_BLOCK {blockData=[blockId=conID: 3 locID: 102670695852212684 bcsId: 0,size=3145728]} | ret=SUCCESS |  
2019-08-24 07:08:18,657 | INFO  | DNAudit | user=null | ip=null | op=WRITE_CHUNK {blockData=conID: 3 locID: 102670695852212684 bcsId: 1609} | ret=SUCCESS |  
2019-08-24 07:08:18,658 | INFO  | DNAudit | user=null | ip=null | op=PUT_BLOCK {blockData=[blockId=conID: 3 locID: 102670695852212684 bcsId: 0,size=4194304]} | ret=SUCCESS |  
2019-08-24 07:08:18,658 [grpc-default-executor-5] INFO  client.GrpcClientProtocolClient (GrpcClientProtocolClient.java:onNext(255)) - client-6EDD19400D46->06a4573b-67a1-41e3-a350-f896363bc636: receive RaftClientReply:client-6EDD19400D46->06a4573b-67a1-41e3-a350-f896363bc636@group-757E3781CD2A, cid=1175, SUCCESS, logIndex=1612, commits[06a4573b-67a1-41e3-a350-f896363bc636:c1613, 0b725bbf-683b-4664-9a2e-3c9dd6e38bc1:c1609, 9193e3b7-ae04-484d-a740-c65c11559486:c1609]
2019-08-24 07:08:18,658 [grpc-default-executor-5] INFO  client.GrpcClientProtocolClient (GrpcClientProtocolClient.java:onNext(255)) - client-6EDD19400D46->06a4573b-67a1-41e3-a350-f896363bc636: receive RaftClientReply:client-6EDD19400D46->06a4573b-67a1-41e3-a350-f896363bc636@group-757E3781CD2A, cid=1176, SUCCESS, logIndex=1613, commits[06a4573b-67a1-41e3-a350-f896363bc636:c1613, 0b725bbf-683b-4664-9a2e-3c9dd6e38bc1:c1609, 9193e3b7-ae04-484d-a740-c65c11559486:c1609]
2019-08-24 07:08:18,670 | INFO  | DNAudit | user=null | ip=null | op=WRITE_CHUNK {blockData=conID: 3 locID: 102670695852212684 bcsId: 1609} | ret=SUCCESS |  
2019-08-24 07:08:18,670 | INFO  | DNAudit | user=null | ip=null | op=WRITE_CHUNK {blockData=conID: 3 locID: 102670695852212684 bcsId: 1609} | ret=SUCCESS |  
2019-08-24 07:08:18,683 | INFO  | DNAudit | user=null | ip=null | op=PUT_BLOCK {blockData=[blockId=conID: 3 locID: 102670695852212684 bcsId: 0,size=4194304]} | ret=SUCCESS |  
2019-08-24 07:08:18,683 | INFO  | DNAudit | user=null | ip=null | op=PUT_BLOCK {blockData=[blockId=conID: 3 locID: 102670695852212684 bcsId: 0,size=4194304]} | ret=SUCCESS |  
2019-08-24 07:08:18,684 [grpc-default-executor-1] INFO  client.GrpcClientProtocolClient (GrpcClientProtocolClient.java:onNext(255)) - client-6EDD19400D46->06a4573b-67a1-41e3-a350-f896363bc636: receive RaftClientReply:client-6EDD19400D46->06a4573b-67a1-41e3-a350-f896363bc636@group-757E3781CD2A, cid=1177, SUCCESS, logIndex=0, commits[06a4573b-67a1-41e3-a350-f896363bc636:c1615, 0b725bbf-683b-4664-9a2e-3c9dd6e38bc1:c1613, 9193e3b7-ae04-484d-a740-c65c11559486:c1613]
2019-08-24 07:08:18,691 | INFO  | DNAudit | user=null | ip=null | op=WRITE_CHUNK {blockData=conID: 1 locID: 102670695852212685 bcsId: 0} | ret=SUCCESS |  
2019-08-24 07:08:18,694 | INFO  | DNAudit | user=null | ip=null | op=WRITE_CHUNK {blockData=conID: 1 locID: 102670695852212685 bcsId: 0} | ret=SUCCESS |  
2019-08-24 07:08:18,695 | INFO  | DNAudit | user=null | ip=null | op=WRITE_CHUNK {blockData=conID: 1 locID: 102670695852212685 bcsId: 0} | ret=SUCCESS |  
2019-08-24 07:08:18,696 | INFO  | DNAudit | user=null | ip=null | op=WRITE_CHUNK {blockData=conID: 1 locID: 102670695852212685 bcsId: 0} | ret=SUCCESS |  
2019-08-24 07:08:18,698 | INFO  | DNAudit | user=null | ip=null | op=WRITE_CHUNK {blockData=conID: 1 locID: 102670695852212685 bcsId: 0} | ret=SUCCESS |  
2019-08-24 07:08:18,698 | INFO  | DNAudit | user=null | ip=null | op=WRITE_CHUNK {blockData=conID: 1 locID: 102670695852212685 bcsId: 0} | ret=SUCCESS |  
2019-08-24 07:08:18,706 | INFO  | DNAudit | user=null | ip=null | op=WRITE_CHUNK {blockData=conID: 1 locID: 102670695852212685 bcsId: 0} | ret=SUCCESS |  
2019-08-24 07:08:18,706 | INFO  | DNAudit | user=null | ip=null | op=PUT_BLOCK {blockData=[blockId=conID: 1 locID: 102670695852212685 bcsId: 0,size=1048576]} | ret=SUCCESS |  
2019-08-24 07:08:18,706 [grpc-default-executor-1] INFO  client.GrpcClientProtocolClient (GrpcClientProtocolClient.java:onNext(255)) - client-6EDD19400D46->06a4573b-67a1-41e3-a350-f896363bc636: receive RaftClientReply:client-6EDD19400D46->06a4573b-67a1-41e3-a350-f896363bc636@group-757E3781CD2A, cid=1178, SUCCESS, logIndex=1616, commits[06a4573b-67a1-41e3-a350-f896363bc636:c1617, 0b725bbf-683b-4664-9a2e-3c9dd6e38bc1:c1615, 9193e3b7-ae04-484d-a740-c65c11559486:c1615]
2019-08-24 07:08:18,707 [grpc-default-executor-1] INFO  client.GrpcClientProtocolClient (GrpcClientProtocolClient.java:onNext(255)) - client-6EDD19400D46->06a4573b-67a1-41e3-a350-f896363bc636: receive RaftClientReply:client-6EDD19400D46->06a4573b-67a1-41e3-a350-f896363bc636@group-757E3781CD2A, cid=1179, SUCCESS, logIndex=1617, commits[06a4573b-67a1-41e3-a350-f896363bc636:c1617, 0b725bbf-683b-4664-9a2e-3c9dd6e38bc1:c1615, 9193e3b7-ae04-484d-a740-c65c11559486:c1615]
2019-08-24 07:08:18,716 | INFO  | DNAudit | user=null | ip=null | op=WRITE_CHUNK {blockData=conID: 1 locID: 102670695852212685 bcsId: 0} | ret=SUCCESS |  
2019-08-24 07:08:18,716 | INFO  | DNAudit | user=null | ip=null | op=PUT_BLOCK {blockData=[blockId=conID: 1 locID: 102670695852212685 bcsId: 0,size=2097152]} | ret=SUCCESS |  
2019-08-24 07:08:18,716 [grpc-default-executor-1] INFO  client.GrpcClientProtocolClient (GrpcClientProtocolClient.java:onNext(255)) - client-6EDD19400D46->06a4573b-67a1-41e3-a350-f896363bc636: receive RaftClientReply:client-6EDD19400D46->06a4573b-67a1-41e3-a350-f896363bc636@group-757E3781CD2A, cid=1180, SUCCESS, logIndex=1618, commits[06a4573b-67a1-41e3-a350-f896363bc636:c1619, 0b725bbf-683b-4664-9a2e-3c9dd6e38bc1:c1615, 9193e3b7-ae04-484d-a740-c65c11559486:c1615]
2019-08-24 07:08:18,717 [grpc-default-executor-1] INFO  client.GrpcClientProtocolClient (GrpcClientProtocolClient.java:onNext(255)) - client-6EDD19400D46->06a4573b-67a1-41e3-a350-f896363bc636: receive RaftClientReply:client-6EDD19400D46->06a4573b-67a1-41e3-a350-f896363bc636@group-757E3781CD2A, cid=1181, SUCCESS, logIndex=1619, commits[06a4573b-67a1-41e3-a350-f896363bc636:c1619, 0b725bbf-683b-4664-9a2e-3c9dd6e38bc1:c1615, 9193e3b7-ae04-484d-a740-c65c11559486:c1615]
2019-08-24 07:08:18,718 | INFO  | DNAudit | user=null | ip=null | op=WRITE_CHUNK {blockData=conID: 1 locID: 102670695852212685 bcsId: 0} | ret=SUCCESS |  
2019-08-24 07:08:18,731 | INFO  | DNAudit | user=null | ip=null | op=WRITE_CHUNK {blockData=conID: 1 locID: 102670695852212685 bcsId: 0} | ret=SUCCESS |  
2019-08-24 07:08:18,731 | INFO  | DNAudit | user=null | ip=null | op=PUT_BLOCK {blockData=[blockId=conID: 1 locID: 102670695852212685 bcsId: 0,size=1048576]} | ret=SUCCESS |  
2019-08-24 07:08:18,731 | INFO  | DNAudit | user=null | ip=null | op=PUT_BLOCK {blockData=[blockId=conID: 1 locID: 102670695852212685 bcsId: 0,size=1048576]} | ret=SUCCESS |  
2019-08-24 07:08:18,732 | INFO  | DNAudit | user=null | ip=null | op=WRITE_CHUNK {blockData=conID: 1 locID: 102670695852212685 bcsId: 0} | ret=SUCCESS |  
2019-08-24 07:08:18,732 | INFO  | DNAudit | user=null | ip=null | op=WRITE_CHUNK {blockData=conID: 1 locID: 102670695852212685 bcsId: 0} | ret=SUCCESS |  
2019-08-24 07:08:18,732 | INFO  | DNAudit | user=null | ip=null | op=PUT_BLOCK {blockData=[blockId=conID: 1 locID: 102670695852212685 bcsId: 0,size=2097152]} | ret=SUCCESS |  
2019-08-24 07:08:18,732 | INFO  | DNAudit | user=null | ip=null | op=PUT_BLOCK {blockData=[blockId=conID: 1 locID: 102670695852212685 bcsId: 0,size=2097152]} | ret=SUCCESS |  
2019-08-24 07:08:18,732 [grpc-default-executor-1] INFO  client.GrpcClientProtocolClient (GrpcClientProtocolClient.java:onNext(255)) - client-6EDD19400D46->06a4573b-67a1-41e3-a350-f896363bc636: receive RaftClientReply:client-6EDD19400D46->06a4573b-67a1-41e3-a350-f896363bc636@group-757E3781CD2A, cid=1182, SUCCESS, logIndex=0, commits[06a4573b-67a1-41e3-a350-f896363bc636:c1621, 0b725bbf-683b-4664-9a2e-3c9dd6e38bc1:c1619, 9193e3b7-ae04-484d-a740-c65c11559486:c1617]
2019-08-24 07:08:18,739 | INFO  | DNAudit | user=null | ip=null | op=WRITE_CHUNK {blockData=conID: 1 locID: 102670695852212685 bcsId: 1619} | ret=SUCCESS |  
2019-08-24 07:08:18,743 | INFO  | DNAudit | user=null | ip=null | op=WRITE_CHUNK {blockData=conID: 1 locID: 102670695852212685 bcsId: 1619} | ret=SUCCESS |  
2019-08-24 07:08:18,743 | INFO  | DNAudit | user=null | ip=null | op=WRITE_CHUNK {blockData=conID: 1 locID: 102670695852212685 bcsId: 1619} | ret=SUCCESS |  
2019-08-24 07:08:18,764 | INFO  | DNAudit | user=null | ip=null | op=WRITE_CHUNK {blockData=conID: 1 locID: 102670695852212685 bcsId: 1619} | ret=SUCCESS |  
2019-08-24 07:08:18,764 | INFO  | DNAudit | user=null | ip=null | op=PUT_BLOCK {blockData=[blockId=conID: 1 locID: 102670695852212685 bcsId: 0,size=3145728]} | ret=SUCCESS |  
2019-08-24 07:08:18,764 [grpc-default-executor-1] INFO  client.GrpcClientProtocolClient (GrpcClientProtocolClient.java:onNext(255)) - client-6EDD19400D46->06a4573b-67a1-41e3-a350-f896363bc636: receive RaftClientReply:client-6EDD19400D46->06a4573b-67a1-41e3-a350-f896363bc636@group-757E3781CD2A, cid=1183, SUCCESS, logIndex=1623, commits[06a4573b-67a1-41e3-a350-f896363bc636:c1624, 0b725bbf-683b-4664-9a2e-3c9dd6e38bc1:c1621, 9193e3b7-ae04-484d-a740-c65c11559486:c1621]
2019-08-24 07:08:18,765 [grpc-default-executor-1] INFO  client.GrpcClientProtocolClient (GrpcClientProtocolClient.java:onNext(255)) - client-6EDD19400D46->06a4573b-67a1-41e3-a350-f896363bc636: receive RaftClientReply:client-6EDD19400D46->06a4573b-67a1-41e3-a350-f896363bc636@group-757E3781CD2A, cid=1184, SUCCESS, logIndex=1624, commits[06a4573b-67a1-41e3-a350-f896363bc636:c1624, 0b725bbf-683b-4664-9a2e-3c9dd6e38bc1:c1621, 9193e3b7-ae04-484d-a740-c65c11559486:c1621]
2019-08-24 07:08:18,774 | INFO  | DNAudit | user=null | ip=null | op=WRITE_CHUNK {blockData=conID: 1 locID: 102670695852212685 bcsId: 1624} | ret=SUCCESS |  
2019-08-24 07:08:18,775 | INFO  | DNAudit | user=null | ip=null | op=WRITE_CHUNK {blockData=conID: 1 locID: 102670695852212685 bcsId: 1619} | ret=SUCCESS |  
2019-08-24 07:08:18,775 | INFO  | DNAudit | user=null | ip=null | op=WRITE_CHUNK {blockData=conID: 1 locID: 102670695852212685 bcsId: 1619} | ret=SUCCESS |  
2019-08-24 07:08:18,775 | INFO  | DNAudit | user=null | ip=null | op=PUT_BLOCK {blockData=[blockId=conID: 1 locID: 102670695852212685 bcsId: 0,size=3145728]} | ret=SUCCESS |  
2019-08-24 07:08:18,776 | INFO  | DNAudit | user=null | ip=null | op=PUT_BLOCK {blockData=[blockId=conID: 1 locID: 102670695852212685 bcsId: 0,size=3145728]} | ret=SUCCESS |  
2019-08-24 07:08:18,776 | INFO  | DNAudit | user=null | ip=null | op=WRITE_CHUNK {blockData=conID: 1 locID: 102670695852212685 bcsId: 1624} | ret=SUCCESS |  
2019-08-24 07:08:18,777 | INFO  | DNAudit | user=null | ip=null | op=WRITE_CHUNK {blockData=conID: 1 locID: 102670695852212685 bcsId: 1624} | ret=SUCCESS |  
2019-08-24 07:08:18,789 | INFO  | DNAudit | user=null | ip=null | op=WRITE_CHUNK {blockData=conID: 1 locID: 102670695852212685 bcsId: 1624} | ret=SUCCESS |  
2019-08-24 07:08:18,790 | INFO  | DNAudit | user=null | ip=null | op=PUT_BLOCK {blockData=[blockId=conID: 1 locID: 102670695852212685 bcsId: 0,size=4194304]} | ret=SUCCESS |  
2019-08-24 07:08:18,790 [grpc-default-executor-2] INFO  client.GrpcClientProtocolClient (GrpcClientProtocolClient.java:onNext(255)) - client-6EDD19400D46->06a4573b-67a1-41e3-a350-f896363bc636: receive RaftClientReply:client-6EDD19400D46->06a4573b-67a1-41e3-a350-f896363bc636@group-757E3781CD2A, cid=1185, SUCCESS, logIndex=1627, commits[06a4573b-67a1-41e3-a350-f896363bc636:c1628, 0b725bbf-683b-4664-9a2e-3c9dd6e38bc1:c1624, 9193e3b7-ae04-484d-a740-c65c11559486:c1624]
2019-08-24 07:08:18,790 [grpc-default-executor-2] INFO  client.GrpcClientProtocolClient (GrpcClientProtocolClient.java:onNext(255)) - client-6EDD19400D46->06a4573b-67a1-41e3-a350-f896363bc636: receive RaftClientReply:client-6EDD19400D46->06a4573b-67a1-41e3-a350-f896363bc636@group-757E3781CD2A, cid=1186, SUCCESS, logIndex=1628, commits[06a4573b-67a1-41e3-a350-f896363bc636:c1628, 0b725bbf-683b-4664-9a2e-3c9dd6e38bc1:c1624, 9193e3b7-ae04-484d-a740-c65c11559486:c1624]
2019-08-24 07:08:18,791 | INFO  | DNAudit | user=null | ip=null | op=WRITE_CHUNK {blockData=conID: 1 locID: 102670695852212685 bcsId: 1624} | ret=SUCCESS |  
2019-08-24 07:08:18,791 | INFO  | DNAudit | user=null | ip=null | op=WRITE_CHUNK {blockData=conID: 1 locID: 102670695852212685 bcsId: 1624} | ret=SUCCESS |  
2019-08-24 07:08:18,791 | INFO  | DNAudit | user=null | ip=null | op=PUT_BLOCK {blockData=[blockId=conID: 1 locID: 102670695852212685 bcsId: 0,size=4194304]} | ret=SUCCESS |  
2019-08-24 07:08:18,791 | INFO  | DNAudit | user=null | ip=null | op=PUT_BLOCK {blockData=[blockId=conID: 1 locID: 102670695852212685 bcsId: 0,size=4194304]} | ret=SUCCESS |  
2019-08-24 07:08:18,792 [grpc-default-executor-5] INFO  client.GrpcClientProtocolClient (GrpcClientProtocolClient.java:onNext(255)) - client-6EDD19400D46->06a4573b-67a1-41e3-a350-f896363bc636: receive RaftClientReply:client-6EDD19400D46->06a4573b-67a1-41e3-a350-f896363bc636@group-757E3781CD2A, cid=1187, SUCCESS, logIndex=0, commits[06a4573b-67a1-41e3-a350-f896363bc636:c1629, 0b725bbf-683b-4664-9a2e-3c9dd6e38bc1:c1628, 9193e3b7-ae04-484d-a740-c65c11559486:c1628]
2019-08-24 07:08:18,799 | INFO  | DNAudit | user=null | ip=null | op=WRITE_CHUNK {blockData=conID: 2 locID: 102670695852212686 bcsId: 0} | ret=SUCCESS |  
2019-08-24 07:08:18,803 | INFO  | DNAudit | user=null | ip=null | op=WRITE_CHUNK {blockData=conID: 2 locID: 102670695852212686 bcsId: 0} | ret=SUCCESS |  
2019-08-24 07:08:18,804 | INFO  | DNAudit | user=null | ip=null | op=WRITE_CHUNK {blockData=conID: 2 locID: 102670695852212686 bcsId: 0} | ret=SUCCESS |  
2019-08-24 07:08:18,804 | INFO  | DNAudit | user=null | ip=null | op=WRITE_CHUNK {blockData=conID: 2 locID: 102670695852212686 bcsId: 0} | ret=SUCCESS |  
2019-08-24 07:08:18,806 | INFO  | DNAudit | user=null | ip=null | op=WRITE_CHUNK {blockData=conID: 2 locID: 102670695852212686 bcsId: 0} | ret=SUCCESS |  
2019-08-24 07:08:18,806 | INFO  | DNAudit | user=null | ip=null | op=WRITE_CHUNK {blockData=conID: 2 locID: 102670695852212686 bcsId: 0} | ret=SUCCESS |  
2019-08-24 07:08:18,811 | INFO  | DNAudit | user=null | ip=null | op=WRITE_CHUNK {blockData=conID: 2 locID: 102670695852212686 bcsId: 0} | ret=SUCCESS |  
2019-08-24 07:08:18,812 | INFO  | DNAudit | user=null | ip=null | op=PUT_BLOCK {blockData=[blockId=conID: 2 locID: 102670695852212686 bcsId: 0,size=1048576]} | ret=SUCCESS |  
2019-08-24 07:08:18,812 [grpc-default-executor-1] INFO  client.GrpcClientProtocolClient (GrpcClientProtocolClient.java:onNext(255)) - client-6EDD19400D46->06a4573b-67a1-41e3-a350-f896363bc636: receive RaftClientReply:client-6EDD19400D46->06a4573b-67a1-41e3-a350-f896363bc636@group-757E3781CD2A, cid=1188, SUCCESS, logIndex=1631, commits[06a4573b-67a1-41e3-a350-f896363bc636:c1632, 0b725bbf-683b-4664-9a2e-3c9dd6e38bc1:c1630, 9193e3b7-ae04-484d-a740-c65c11559486:c1630]
2019-08-24 07:08:18,812 | INFO  | DNAudit | user=null | ip=null | op=WRITE_CHUNK {blockData=conID: 2 locID: 102670695852212686 bcsId: 0} | ret=SUCCESS |  
2019-08-24 07:08:18,813 | INFO  | DNAudit | user=null | ip=null | op=PUT_BLOCK {blockData=[blockId=conID: 2 locID: 102670695852212686 bcsId: 0,size=2097152]} | ret=SUCCESS |  
2019-08-24 07:08:18,813 [grpc-default-executor-1] INFO  client.GrpcClientProtocolClient (GrpcClientProtocolClient.java:onNext(255)) - client-6EDD19400D46->06a4573b-67a1-41e3-a350-f896363bc636: receive RaftClientReply:client-6EDD19400D46->06a4573b-67a1-41e3-a350-f896363bc636@group-757E3781CD2A, cid=1189, SUCCESS, logIndex=1632, commits[06a4573b-67a1-41e3-a350-f896363bc636:c1633, 0b725bbf-683b-4664-9a2e-3c9dd6e38bc1:c1630, 9193e3b7-ae04-484d-a740-c65c11559486:c1630]
2019-08-24 07:08:18,813 [grpc-default-executor-1] INFO  client.GrpcClientProtocolClient (GrpcClientProtocolClient.java:onNext(255)) - client-6EDD19400D46->06a4573b-67a1-41e3-a350-f896363bc636: receive RaftClientReply:client-6EDD19400D46->06a4573b-67a1-41e3-a350-f896363bc636@group-757E3781CD2A, cid=1190, SUCCESS, logIndex=1633, commits[06a4573b-67a1-41e3-a350-f896363bc636:c1634, 0b725bbf-683b-4664-9a2e-3c9dd6e38bc1:c1630, 9193e3b7-ae04-484d-a740-c65c11559486:c1630]
2019-08-24 07:08:18,814 [grpc-default-executor-1] INFO  client.GrpcClientProtocolClient (GrpcClientProtocolClient.java:onNext(255)) - client-6EDD19400D46->06a4573b-67a1-41e3-a350-f896363bc636: receive RaftClientReply:client-6EDD19400D46->06a4573b-67a1-41e3-a350-f896363bc636@group-757E3781CD2A, cid=1191, SUCCESS, logIndex=1634, commits[06a4573b-67a1-41e3-a350-f896363bc636:c1634, 0b725bbf-683b-4664-9a2e-3c9dd6e38bc1:c1630, 9193e3b7-ae04-484d-a740-c65c11559486:c1630]
2019-08-24 07:08:18,825 | INFO  | DNAudit | user=null | ip=null | op=WRITE_CHUNK {blockData=conID: 2 locID: 102670695852212686 bcsId: 0} | ret=SUCCESS |  
2019-08-24 07:08:18,825 | INFO  | DNAudit | user=null | ip=null | op=PUT_BLOCK {blockData=[blockId=conID: 2 locID: 102670695852212686 bcsId: 0,size=1048576]} | ret=SUCCESS |  
2019-08-24 07:08:18,826 | INFO  | DNAudit | user=null | ip=null | op=WRITE_CHUNK {blockData=conID: 2 locID: 102670695852212686 bcsId: 0} | ret=SUCCESS |  
2019-08-24 07:08:18,826 | INFO  | DNAudit | user=null | ip=null | op=PUT_BLOCK {blockData=[blockId=conID: 2 locID: 102670695852212686 bcsId: 0,size=1048576]} | ret=SUCCESS |  
2019-08-24 07:08:18,826 | INFO  | SCMAudit | user=jenkins1000 | ip=192.168.69.125 | op=SEND_HEARTBEAT {datanodeUUID=b8548da6-9cc6-46be-8dd4-5219531f5960, command=[]} | ret=SUCCESS |  
2019-08-24 07:08:18,827 | INFO  | DNAudit | user=null | ip=null | op=WRITE_CHUNK {blockData=conID: 2 locID: 102670695852212686 bcsId: 0} | ret=SUCCESS |  
2019-08-24 07:08:18,827 [grpc-default-executor-0] INFO  client.GrpcClientProtocolClient (GrpcClientProtocolClient.java:onNext(255)) - client-6EDD19400D46->06a4573b-67a1-41e3-a350-f896363bc636: receive RaftClientReply:client-6EDD19400D46->06a4573b-67a1-41e3-a350-f896363bc636@group-757E3781CD2A, cid=1192, SUCCESS, logIndex=0, commits[06a4573b-67a1-41e3-a350-f896363bc636:c1636, 0b725bbf-683b-4664-9a2e-3c9dd6e38bc1:c1632, 9193e3b7-ae04-484d-a740-c65c11559486:c1632]
2019-08-24 07:08:18,827 | INFO  | DNAudit | user=null | ip=null | op=PUT_BLOCK {blockData=[blockId=conID: 2 locID: 102670695852212686 bcsId: 0,size=2097152]} | ret=SUCCESS |  
2019-08-24 07:08:18,834 | INFO  | DNAudit | user=null | ip=null | op=WRITE_CHUNK {blockData=conID: 2 locID: 102670695852212686 bcsId: 1634} | ret=SUCCESS |  
2019-08-24 07:08:18,836 | INFO  | DNAudit | user=null | ip=null | op=WRITE_CHUNK {blockData=conID: 2 locID: 102670695852212686 bcsId: 0} | ret=SUCCESS |  
2019-08-24 07:08:18,837 | INFO  | DNAudit | user=null | ip=null | op=PUT_BLOCK {blockData=[blockId=conID: 2 locID: 102670695852212686 bcsId: 0,size=2097152]} | ret=SUCCESS |  
2019-08-24 07:08:18,837 | INFO  | DNAudit | user=null | ip=null | op=WRITE_CHUNK {blockData=conID: 2 locID: 102670695852212686 bcsId: 1634} | ret=SUCCESS |  
2019-08-24 07:08:18,837 | INFO  | DNAudit | user=null | ip=null | op=WRITE_CHUNK {blockData=conID: 2 locID: 102670695852212686 bcsId: 1634} | ret=SUCCESS |  
2019-08-24 07:08:18,841 | INFO  | DNAudit | user=null | ip=null | op=WRITE_CHUNK {blockData=conID: 2 locID: 102670695852212686 bcsId: 1634} | ret=SUCCESS |  
2019-08-24 07:08:18,842 | INFO  | DNAudit | user=null | ip=null | op=PUT_BLOCK {blockData=[blockId=conID: 2 locID: 102670695852212686 bcsId: 0,size=3145728]} | ret=SUCCESS |  
2019-08-24 07:08:18,842 [grpc-default-executor-2] INFO  client.GrpcClientProtocolClient (GrpcClientProtocolClient.java:onNext(255)) - client-6EDD19400D46->06a4573b-67a1-41e3-a350-f896363bc636: receive RaftClientReply:client-6EDD19400D46->06a4573b-67a1-41e3-a350-f896363bc636@group-757E3781CD2A, cid=1193, SUCCESS, logIndex=1639, commits[06a4573b-67a1-41e3-a350-f896363bc636:c1640, 0b725bbf-683b-4664-9a2e-3c9dd6e38bc1:c1638, 9193e3b7-ae04-484d-a740-c65c11559486:c1638]
2019-08-24 07:08:18,842 [grpc-default-executor-2] INFO  client.GrpcClientProtocolClient (GrpcClientProtocolClient.java:onNext(255)) - client-6EDD19400D46->06a4573b-67a1-41e3-a350-f896363bc636: receive RaftClientReply:client-6EDD19400D46->06a4573b-67a1-41e3-a350-f896363bc636@group-757E3781CD2A, cid=1194, SUCCESS, logIndex=1640, commits[06a4573b-67a1-41e3-a350-f896363bc636:c1640, 0b725bbf-683b-4664-9a2e-3c9dd6e38bc1:c1638, 9193e3b7-ae04-484d-a740-c65c11559486:c1638]
2019-08-24 07:08:18,849 | INFO  | DNAudit | user=null | ip=null | op=WRITE_CHUNK {blockData=conID: 2 locID: 102670695852212686 bcsId: 1640} | ret=SUCCESS |  
2019-08-24 07:08:18,852 | INFO  | DNAudit | user=null | ip=null | op=WRITE_CHUNK {blockData=conID: 2 locID: 102670695852212686 bcsId: 1640} | ret=SUCCESS |  
2019-08-24 07:08:18,852 | INFO  | DNAudit | user=null | ip=null | op=WRITE_CHUNK {blockData=conID: 2 locID: 102670695852212686 bcsId: 1640} | ret=SUCCESS |  
2019-08-24 07:08:18,863 | INFO  | DNAudit | user=null | ip=null | op=WRITE_CHUNK {blockData=conID: 2 locID: 102670695852212686 bcsId: 1634} | ret=SUCCESS |  
2019-08-24 07:08:18,864 | INFO  | DNAudit | user=null | ip=null | op=WRITE_CHUNK {blockData=conID: 2 locID: 102670695852212686 bcsId: 1634} | ret=SUCCESS |  
2019-08-24 07:08:18,866 | INFO  | DNAudit | user=null | ip=null | op=PUT_BLOCK {blockData=[blockId=conID: 2 locID: 102670695852212686 bcsId: 0,size=3145728]} | ret=SUCCESS |  
2019-08-24 07:08:18,867 | INFO  | DNAudit | user=null | ip=null | op=PUT_BLOCK {blockData=[blockId=conID: 2 locID: 102670695852212686 bcsId: 0,size=3145728]} | ret=SUCCESS |  
2019-08-24 07:08:18,867 | INFO  | DNAudit | user=null | ip=null | op=WRITE_CHUNK {blockData=conID: 2 locID: 102670695852212686 bcsId: 1640} | ret=SUCCESS |  
2019-08-24 07:08:18,867 | INFO  | DNAudit | user=null | ip=null | op=PUT_BLOCK {blockData=[blockId=conID: 2 locID: 102670695852212686 bcsId: 0,size=4194304]} | ret=SUCCESS |  
2019-08-24 07:08:18,867 [grpc-default-executor-1] INFO  client.GrpcClientProtocolClient (GrpcClientProtocolClient.java:onNext(255)) - client-6EDD19400D46->06a4573b-67a1-41e3-a350-f896363bc636: receive RaftClientReply:client-6EDD19400D46->06a4573b-67a1-41e3-a350-f896363bc636@group-757E3781CD2A, cid=1195, SUCCESS, logIndex=1643, commits[06a4573b-67a1-41e3-a350-f896363bc636:c1644, 0b725bbf-683b-4664-9a2e-3c9dd6e38bc1:c1640, 9193e3b7-ae04-484d-a740-c65c11559486:c1640]
2019-08-24 07:08:18,868 [grpc-default-executor-1] INFO  client.GrpcClientProtocolClient (GrpcClientProtocolClient.java:onNext(255)) - client-6EDD19400D46->06a4573b-67a1-41e3-a350-f896363bc636: receive RaftClientReply:client-6EDD19400D46->06a4573b-67a1-41e3-a350-f896363bc636@group-757E3781CD2A, cid=1196, SUCCESS, logIndex=1644, commits[06a4573b-67a1-41e3-a350-f896363bc636:c1644, 0b725bbf-683b-4664-9a2e-3c9dd6e38bc1:c1640, 9193e3b7-ae04-484d-a740-c65c11559486:c1640]
2019-08-24 07:08:18,879 | INFO  | DNAudit | user=null | ip=null | op=WRITE_CHUNK {blockData=conID: 2 locID: 102670695852212686 bcsId: 1640} | ret=SUCCESS |  
2019-08-24 07:08:18,879 | INFO  | DNAudit | user=null | ip=null | op=WRITE_CHUNK {blockData=conID: 2 locID: 102670695852212686 bcsId: 1640} | ret=SUCCESS |  
2019-08-24 07:08:18,881 | INFO  | DNAudit | user=null | ip=null | op=PUT_BLOCK {blockData=[blockId=conID: 2 locID: 102670695852212686 bcsId: 0,size=4194304]} | ret=SUCCESS |  
2019-08-24 07:08:18,882 | INFO  | DNAudit | user=null | ip=null | op=PUT_BLOCK {blockData=[blockId=conID: 2 locID: 102670695852212686 bcsId: 0,size=4194304]} | ret=SUCCESS |  
2019-08-24 07:08:18,882 [grpc-default-executor-1] INFO  client.GrpcClientProtocolClient (GrpcClientProtocolClient.java:onNext(255)) - client-6EDD19400D46->06a4573b-67a1-41e3-a350-f896363bc636: receive RaftClientReply:client-6EDD19400D46->06a4573b-67a1-41e3-a350-f896363bc636@group-757E3781CD2A, cid=1197, SUCCESS, logIndex=0, commits[06a4573b-67a1-41e3-a350-f896363bc636:c1646, 0b725bbf-683b-4664-9a2e-3c9dd6e38bc1:c1644, 9193e3b7-ae04-484d-a740-c65c11559486:c1644]
2019-08-24 07:08:18,888 | INFO  | DNAudit | user=null | ip=null | op=WRITE_CHUNK {blockData=conID: 3 locID: 102670695852212687 bcsId: 0} | ret=SUCCESS |  
2019-08-24 07:08:18,892 | INFO  | DNAudit | user=null | ip=null | op=WRITE_CHUNK {blockData=conID: 3 locID: 102670695852212687 bcsId: 0} | ret=SUCCESS |  
2019-08-24 07:08:18,892 | INFO  | DNAudit | user=null | ip=null | op=WRITE_CHUNK {blockData=conID: 3 locID: 102670695852212687 bcsId: 0} | ret=SUCCESS |  
2019-08-24 07:08:18,892 | INFO  | DNAudit | user=null | ip=null | op=WRITE_CHUNK {blockData=conID: 3 locID: 102670695852212687 bcsId: 0} | ret=SUCCESS |  
2019-08-24 07:08:18,895 | INFO  | DNAudit | user=null | ip=null | op=WRITE_CHUNK {blockData=conID: 3 locID: 102670695852212687 bcsId: 0} | ret=SUCCESS |  
2019-08-24 07:08:18,895 | INFO  | DNAudit | user=null | ip=null | op=WRITE_CHUNK {blockData=conID: 3 locID: 102670695852212687 bcsId: 0} | ret=SUCCESS |  
2019-08-24 07:08:18,902 | INFO  | DNAudit | user=null | ip=null | op=WRITE_CHUNK {blockData=conID: 3 locID: 102670695852212687 bcsId: 0} | ret=SUCCESS |  
2019-08-24 07:08:18,903 | INFO  | DNAudit | user=null | ip=null | op=PUT_BLOCK {blockData=[blockId=conID: 3 locID: 102670695852212687 bcsId: 0,size=1048576]} | ret=SUCCESS |  
2019-08-24 07:08:18,903 [grpc-default-executor-0] INFO  client.GrpcClientProtocolClient (GrpcClientProtocolClient.java:onNext(255)) - client-6EDD19400D46->06a4573b-67a1-41e3-a350-f896363bc636: receive RaftClientReply:client-6EDD19400D46->06a4573b-67a1-41e3-a350-f896363bc636@group-757E3781CD2A, cid=1198, SUCCESS, logIndex=1647, commits[06a4573b-67a1-41e3-a350-f896363bc636:c1648, 0b725bbf-683b-4664-9a2e-3c9dd6e38bc1:c1646, 9193e3b7-ae04-484d-a740-c65c11559486:c1646]
2019-08-24 07:08:18,903 | INFO  | DNAudit | user=null | ip=null | op=WRITE_CHUNK {blockData=conID: 3 locID: 102670695852212687 bcsId: 0} | ret=SUCCESS |  
2019-08-24 07:08:18,904 | INFO  | DNAudit | user=null | ip=null | op=PUT_BLOCK {blockData=[blockId=conID: 3 locID: 102670695852212687 bcsId: 0,size=2097152]} | ret=SUCCESS |  
2019-08-24 07:08:18,904 | INFO  | DNAudit | user=null | ip=null | op=WRITE_CHUNK {blockData=conID: 3 locID: 102670695852212687 bcsId: 0} | ret=SUCCESS |  
2019-08-24 07:08:18,904 [grpc-default-executor-2] INFO  client.GrpcClientProtocolClient (GrpcClientProtocolClient.java:onNext(255)) - client-6EDD19400D46->06a4573b-67a1-41e3-a350-f896363bc636: receive RaftClientReply:client-6EDD19400D46->06a4573b-67a1-41e3-a350-f896363bc636@group-757E3781CD2A, cid=1199, SUCCESS, logIndex=1648, commits[06a4573b-67a1-41e3-a350-f896363bc636:c1650, 0b725bbf-683b-4664-9a2e-3c9dd6e38bc1:c1646, 9193e3b7-ae04-484d-a740-c65c11559486:c1646]
2019-08-24 07:08:18,904 | INFO  | DNAudit | user=null | ip=null | op=PUT_BLOCK {blockData=[blockId=conID: 3 locID: 102670695852212687 bcsId: 0,size=1048576]} | ret=SUCCESS |  
2019-08-24 07:08:18,905 [grpc-default-executor-2] INFO  client.GrpcClientProtocolClient (GrpcClientProtocolClient.java:onNext(255)) - client-6EDD19400D46->06a4573b-67a1-41e3-a350-f896363bc636: receive RaftClientReply:client-6EDD19400D46->06a4573b-67a1-41e3-a350-f896363bc636@group-757E3781CD2A, cid=1200, SUCCESS, logIndex=1649, commits[06a4573b-67a1-41e3-a350-f896363bc636:c1650, 0b725bbf-683b-4664-9a2e-3c9dd6e38bc1:c1646, 9193e3b7-ae04-484d-a740-c65c11559486:c1646]
2019-08-24 07:08:18,905 [grpc-default-executor-2] INFO  client.GrpcClientProtocolClient (GrpcClientProtocolClient.java:onNext(255)) - client-6EDD19400D46->06a4573b-67a1-41e3-a350-f896363bc636: receive RaftClientReply:client-6EDD19400D46->06a4573b-67a1-41e3-a350-f896363bc636@group-757E3781CD2A, cid=1201, SUCCESS, logIndex=1650, commits[06a4573b-67a1-41e3-a350-f896363bc636:c1650, 0b725bbf-683b-4664-9a2e-3c9dd6e38bc1:c1646, 9193e3b7-ae04-484d-a740-c65c11559486:c1646]
2019-08-24 07:08:18,918 | INFO  | DNAudit | user=null | ip=null | op=WRITE_CHUNK {blockData=conID: 3 locID: 102670695852212687 bcsId: 0} | ret=SUCCESS |  
2019-08-24 07:08:18,918 | INFO  | DNAudit | user=null | ip=null | op=PUT_BLOCK {blockData=[blockId=conID: 3 locID: 102670695852212687 bcsId: 0,size=2097152]} | ret=SUCCESS |  
2019-08-24 07:08:18,918 | INFO  | DNAudit | user=null | ip=null | op=WRITE_CHUNK {blockData=conID: 3 locID: 102670695852212687 bcsId: 0} | ret=SUCCESS |  
2019-08-24 07:08:18,919 | INFO  | DNAudit | user=null | ip=null | op=PUT_BLOCK {blockData=[blockId=conID: 3 locID: 102670695852212687 bcsId: 0,size=1048576]} | ret=SUCCESS |  
2019-08-24 07:08:18,919 [grpc-default-executor-2] INFO  client.GrpcClientProtocolClient (GrpcClientProtocolClient.java:onNext(255)) - client-6EDD19400D46->06a4573b-67a1-41e3-a350-f896363bc636: receive RaftClientReply:client-6EDD19400D46->06a4573b-67a1-41e3-a350-f896363bc636@group-757E3781CD2A, cid=1202, SUCCESS, logIndex=0, commits[06a4573b-67a1-41e3-a350-f896363bc636:c1653, 0b725bbf-683b-4664-9a2e-3c9dd6e38bc1:c1648, 9193e3b7-ae04-484d-a740-c65c11559486:c1650]
2019-08-24 07:08:18,919 | INFO  | DNAudit | user=null | ip=null | op=WRITE_CHUNK {blockData=conID: 3 locID: 102670695852212687 bcsId: 0} | ret=SUCCESS |  
2019-08-24 07:08:18,919 | INFO  | DNAudit | user=null | ip=null | op=PUT_BLOCK {blockData=[blockId=conID: 3 locID: 102670695852212687 bcsId: 0,size=2097152]} | ret=SUCCESS |  
2019-08-24 07:08:18,924 | INFO  | DNAudit | user=null | ip=null | op=WRITE_CHUNK {blockData=conID: 3 locID: 102670695852212687 bcsId: 1650} | ret=SUCCESS |  
2019-08-24 07:08:18,928 | INFO  | DNAudit | user=null | ip=null | op=WRITE_CHUNK {blockData=conID: 3 locID: 102670695852212687 bcsId: 1650} | ret=SUCCESS |  
2019-08-24 07:08:18,928 | INFO  | DNAudit | user=null | ip=null | op=WRITE_CHUNK {blockData=conID: 3 locID: 102670695852212687 bcsId: 1650} | ret=SUCCESS |  
2019-08-24 07:08:18,937 | INFO  | DNAudit | user=null | ip=null | op=WRITE_CHUNK {blockData=conID: 3 locID: 102670695852212687 bcsId: 1650} | ret=SUCCESS |  
2019-08-24 07:08:18,937 | INFO  | DNAudit | user=null | ip=null | op=PUT_BLOCK {blockData=[blockId=conID: 3 locID: 102670695852212687 bcsId: 0,size=3145728]} | ret=SUCCESS |  
2019-08-24 07:08:18,938 [grpc-default-executor-0] INFO  client.GrpcClientProtocolClient (GrpcClientProtocolClient.java:onNext(255)) - client-6EDD19400D46->06a4573b-67a1-41e3-a350-f896363bc636: receive RaftClientReply:client-6EDD19400D46->06a4573b-67a1-41e3-a350-f896363bc636@group-757E3781CD2A, cid=1203, SUCCESS, logIndex=1655, commits[06a4573b-67a1-41e3-a350-f896363bc636:c1656, 0b725bbf-683b-4664-9a2e-3c9dd6e38bc1:c1654, 9193e3b7-ae04-484d-a740-c65c11559486:c1654]
2019-08-24 07:08:18,938 [grpc-default-executor-0] INFO  client.GrpcClientProtocolClient (GrpcClientProtocolClient.java:onNext(255)) - client-6EDD19400D46->06a4573b-67a1-41e3-a350-f896363bc636: receive RaftClientReply:client-6EDD19400D46->06a4573b-67a1-41e3-a350-f896363bc636@group-757E3781CD2A, cid=1204, SUCCESS, logIndex=1656, commits[06a4573b-67a1-41e3-a350-f896363bc636:c1656, 0b725bbf-683b-4664-9a2e-3c9dd6e38bc1:c1654, 9193e3b7-ae04-484d-a740-c65c11559486:c1654]
2019-08-24 07:08:18,944 | INFO  | DNAudit | user=null | ip=null | op=WRITE_CHUNK {blockData=conID: 3 locID: 102670695852212687 bcsId: 1656} | ret=SUCCESS |  
2019-08-24 07:08:18,947 | INFO  | DNAudit | user=null | ip=null | op=WRITE_CHUNK {blockData=conID: 3 locID: 102670695852212687 bcsId: 1656} | ret=SUCCESS |  
2019-08-24 07:08:18,947 | INFO  | DNAudit | user=null | ip=null | op=WRITE_CHUNK {blockData=conID: 3 locID: 102670695852212687 bcsId: 1656} | ret=SUCCESS |  
2019-08-24 07:08:18,949 | INFO  | DNAudit | user=null | ip=null | op=WRITE_CHUNK {blockData=conID: 3 locID: 102670695852212687 bcsId: 1650} | ret=SUCCESS |  
2019-08-24 07:08:18,949 | INFO  | DNAudit | user=null | ip=null | op=WRITE_CHUNK {blockData=conID: 3 locID: 102670695852212687 bcsId: 1650} | ret=SUCCESS |  
2019-08-24 07:08:18,952 | INFO  | DNAudit | user=null | ip=null | op=PUT_BLOCK {blockData=[blockId=conID: 3 locID: 102670695852212687 bcsId: 0,size=3145728]} | ret=SUCCESS |  
2019-08-24 07:08:18,952 | INFO  | DNAudit | user=null | ip=null | op=PUT_BLOCK {blockData=[blockId=conID: 3 locID: 102670695852212687 bcsId: 0,size=3145728]} | ret=SUCCESS |  
2019-08-24 07:08:18,952 | INFO  | DNAudit | user=null | ip=null | op=WRITE_CHUNK {blockData=conID: 3 locID: 102670695852212687 bcsId: 1656} | ret=SUCCESS |  
2019-08-24 07:08:18,953 | INFO  | DNAudit | user=null | ip=null | op=PUT_BLOCK {blockData=[blockId=conID: 3 locID: 102670695852212687 bcsId: 0,size=4194304]} | ret=SUCCESS |  
2019-08-24 07:08:18,953 [grpc-default-executor-1] INFO  client.GrpcClientProtocolClient (GrpcClientProtocolClient.java:onNext(255)) - client-6EDD19400D46->06a4573b-67a1-41e3-a350-f896363bc636: receive RaftClientReply:client-6EDD19400D46->06a4573b-67a1-41e3-a350-f896363bc636@group-757E3781CD2A, cid=1205, SUCCESS, logIndex=1659, commits[06a4573b-67a1-41e3-a350-f896363bc636:c1660, 0b725bbf-683b-4664-9a2e-3c9dd6e38bc1:c1656, 9193e3b7-ae04-484d-a740-c65c11559486:c1656]
2019-08-24 07:08:18,953 [grpc-default-executor-1] INFO  client.GrpcClientProtocolClient (GrpcClientProtocolClient.java:onNext(255)) - client-6EDD19400D46->06a4573b-67a1-41e3-a350-f896363bc636: receive RaftClientReply:client-6EDD19400D46->06a4573b-67a1-41e3-a350-f896363bc636@group-757E3781CD2A, cid=1206, SUCCESS, logIndex=1660, commits[06a4573b-67a1-41e3-a350-f896363bc636:c1660, 0b725bbf-683b-4664-9a2e-3c9dd6e38bc1:c1656, 9193e3b7-ae04-484d-a740-c65c11559486:c1656]
2019-08-24 07:08:18,967 | INFO  | DNAudit | user=null | ip=null | op=WRITE_CHUNK {blockData=conID: 3 locID: 102670695852212687 bcsId: 1656} | ret=SUCCESS |  
2019-08-24 07:08:18,973 | INFO  | DNAudit | user=null | ip=null | op=WRITE_CHUNK {blockData=conID: 3 locID: 102670695852212687 bcsId: 1656} | ret=SUCCESS |  
2019-08-24 07:08:18,977 | INFO  | DNAudit | user=null | ip=null | op=PUT_BLOCK {blockData=[blockId=conID: 3 locID: 102670695852212687 bcsId: 0,size=4194304]} | ret=SUCCESS |  
2019-08-24 07:08:18,977 | INFO  | DNAudit | user=null | ip=null | op=PUT_BLOCK {blockData=[blockId=conID: 3 locID: 102670695852212687 bcsId: 0,size=4194304]} | ret=SUCCESS |  
2019-08-24 07:08:18,978 [grpc-default-executor-1] INFO  client.GrpcClientProtocolClient (GrpcClientProtocolClient.java:onNext(255)) - client-6EDD19400D46->06a4573b-67a1-41e3-a350-f896363bc636: receive RaftClientReply:client-6EDD19400D46->06a4573b-67a1-41e3-a350-f896363bc636@group-757E3781CD2A, cid=1207, SUCCESS, logIndex=0, commits[06a4573b-67a1-41e3-a350-f896363bc636:c1662, 0b725bbf-683b-4664-9a2e-3c9dd6e38bc1:c1660, 9193e3b7-ae04-484d-a740-c65c11559486:c1660]
2019-08-24 07:08:18,984 | INFO  | DNAudit | user=null | ip=null | op=WRITE_CHUNK {blockData=conID: 1 locID: 102670695852278224 bcsId: 0} | ret=SUCCESS |  
2019-08-24 07:08:18,988 | INFO  | DNAudit | user=null | ip=null | op=WRITE_CHUNK {blockData=conID: 1 locID: 102670695852278224 bcsId: 0} | ret=SUCCESS |  
2019-08-24 07:08:18,988 | INFO  | DNAudit | user=null | ip=null | op=WRITE_CHUNK {blockData=conID: 1 locID: 102670695852278224 bcsId: 0} | ret=SUCCESS |  
2019-08-24 07:08:18,988 | INFO  | DNAudit | user=null | ip=null | op=WRITE_CHUNK {blockData=conID: 1 locID: 102670695852278224 bcsId: 0} | ret=SUCCESS |  
2019-08-24 07:08:18,989 | INFO  | DNAudit | user=null | ip=null | op=WRITE_CHUNK {blockData=conID: 1 locID: 102670695852278224 bcsId: 0} | ret=SUCCESS |  
2019-08-24 07:08:18,989 | INFO  | DNAudit | user=null | ip=null | op=WRITE_CHUNK {blockData=conID: 1 locID: 102670695852278224 bcsId: 0} | ret=SUCCESS |  
2019-08-24 07:08:18,996 | INFO  | DNAudit | user=null | ip=null | op=WRITE_CHUNK {blockData=conID: 1 locID: 102670695852278224 bcsId: 0} | ret=SUCCESS |  
2019-08-24 07:08:18,997 | INFO  | DNAudit | user=null | ip=null | op=PUT_BLOCK {blockData=[blockId=conID: 1 locID: 102670695852278224 bcsId: 0,size=1048576]} | ret=SUCCESS |  
2019-08-24 07:08:18,997 [grpc-default-executor-5] INFO  client.GrpcClientProtocolClient (GrpcClientProtocolClient.java:onNext(255)) - client-6EDD19400D46->06a4573b-67a1-41e3-a350-f896363bc636: receive RaftClientReply:client-6EDD19400D46->06a4573b-67a1-41e3-a350-f896363bc636@group-757E3781CD2A, cid=1208, SUCCESS, logIndex=1663, commits[06a4573b-67a1-41e3-a350-f896363bc636:c1666, 0b725bbf-683b-4664-9a2e-3c9dd6e38bc1:c1662, 9193e3b7-ae04-484d-a740-c65c11559486:c1662]
2019-08-24 07:08:18,997 | INFO  | DNAudit | user=null | ip=null | op=WRITE_CHUNK {blockData=conID: 1 locID: 102670695852278224 bcsId: 0} | ret=SUCCESS |  
2019-08-24 07:08:18,997 | INFO  | DNAudit | user=null | ip=null | op=PUT_BLOCK {blockData=[blockId=conID: 1 locID: 102670695852278224 bcsId: 0,size=2097152]} | ret=SUCCESS |  
2019-08-24 07:08:18,997 [grpc-default-executor-5] INFO  client.GrpcClientProtocolClient (GrpcClientProtocolClient.java:onNext(255)) - client-6EDD19400D46->06a4573b-67a1-41e3-a350-f896363bc636: receive RaftClientReply:client-6EDD19400D46->06a4573b-67a1-41e3-a350-f896363bc636@group-757E3781CD2A, cid=1209, SUCCESS, logIndex=1664, commits[06a4573b-67a1-41e3-a350-f896363bc636:c1666, 0b725bbf-683b-4664-9a2e-3c9dd6e38bc1:c1662, 9193e3b7-ae04-484d-a740-c65c11559486:c1662]
2019-08-24 07:08:18,998 [grpc-default-executor-5] INFO  client.GrpcClientProtocolClient (GrpcClientProtocolClient.java:onNext(255)) - client-6EDD19400D46->06a4573b-67a1-41e3-a350-f896363bc636: receive RaftClientReply:client-6EDD19400D46->06a4573b-67a1-41e3-a350-f896363bc636@group-757E3781CD2A, cid=1210, SUCCESS, logIndex=1665, commits[06a4573b-67a1-41e3-a350-f896363bc636:c1666, 0b725bbf-683b-4664-9a2e-3c9dd6e38bc1:c1662, 9193e3b7-ae04-484d-a740-c65c11559486:c1662]
2019-08-24 07:08:18,998 [grpc-default-executor-5] INFO  client.GrpcClientProtocolClient (GrpcClientProtocolClient.java:onNext(255)) - client-6EDD19400D46->06a4573b-67a1-41e3-a350-f896363bc636: receive RaftClientReply:client-6EDD19400D46->06a4573b-67a1-41e3-a350-f896363bc636@group-757E3781CD2A, cid=1211, SUCCESS, logIndex=1666, commits[06a4573b-67a1-41e3-a350-f896363bc636:c1666, 0b725bbf-683b-4664-9a2e-3c9dd6e38bc1:c1662, 9193e3b7-ae04-484d-a740-c65c11559486:c1662]
2019-08-24 07:08:19,010 | INFO  | DNAudit | user=null | ip=null | op=WRITE_CHUNK {blockData=conID: 1 locID: 102670695852278224 bcsId: 0} | ret=SUCCESS |  
2019-08-24 07:08:19,010 | INFO  | DNAudit | user=null | ip=null | op=PUT_BLOCK {blockData=[blockId=conID: 1 locID: 102670695852278224 bcsId: 0,size=1048576]} | ret=SUCCESS |  
2019-08-24 07:08:19,012 | INFO  | DNAudit | user=null | ip=null | op=WRITE_CHUNK {blockData=conID: 1 locID: 102670695852278224 bcsId: 0} | ret=SUCCESS |  
2019-08-24 07:08:19,012 | INFO  | DNAudit | user=null | ip=null | op=PUT_BLOCK {blockData=[blockId=conID: 1 locID: 102670695852278224 bcsId: 0,size=1048576]} | ret=SUCCESS |  
2019-08-24 07:08:19,012 [grpc-default-executor-5] INFO  client.GrpcClientProtocolClient (GrpcClientProtocolClient.java:onNext(255)) - client-6EDD19400D46->06a4573b-67a1-41e3-a350-f896363bc636: receive RaftClientReply:client-6EDD19400D46->06a4573b-67a1-41e3-a350-f896363bc636@group-757E3781CD2A, cid=1212, SUCCESS, logIndex=0, commits[06a4573b-67a1-41e3-a350-f896363bc636:c1667, 0b725bbf-683b-4664-9a2e-3c9dd6e38bc1:c1664, 9193e3b7-ae04-484d-a740-c65c11559486:c1664]
2019-08-24 07:08:19,018 | INFO  | DNAudit | user=null | ip=null | op=WRITE_CHUNK {blockData=conID: 1 locID: 102670695852278224 bcsId: 1666} | ret=SUCCESS |  
2019-08-24 07:08:19,021 | INFO  | DNAudit | user=null | ip=null | op=WRITE_CHUNK {blockData=conID: 1 locID: 102670695852278224 bcsId: 1666} | ret=SUCCESS |  
2019-08-24 07:08:19,021 | INFO  | DNAudit | user=null | ip=null | op=WRITE_CHUNK {blockData=conID: 1 locID: 102670695852278224 bcsId: 1666} | ret=SUCCESS |  
2019-08-24 07:08:19,023 | INFO  | DNAudit | user=null | ip=null | op=WRITE_CHUNK {blockData=conID: 1 locID: 102670695852278224 bcsId: 0} | ret=SUCCESS |  
2019-08-24 07:08:19,023 | INFO  | DNAudit | user=null | ip=null | op=PUT_BLOCK {blockData=[blockId=conID: 1 locID: 102670695852278224 bcsId: 0,size=2097152]} | ret=SUCCESS |  
2019-08-24 07:08:19,025 | INFO  | DNAudit | user=null | ip=null | op=WRITE_CHUNK {blockData=conID: 1 locID: 102670695852278224 bcsId: 0} | ret=SUCCESS |  
2019-08-24 07:08:19,025 | INFO  | DNAudit | user=null | ip=null | op=PUT_BLOCK {blockData=[blockId=conID: 1 locID: 102670695852278224 bcsId: 0,size=2097152]} | ret=SUCCESS |  
 0.00% |█                                                                                                    |  0/1 Time: 0:00:082019-08-24 07:08:19,203 | INFO  | DNAudit | user=null | ip=null | op=WRITE_CHUNK {blockData=conID: 1 locID: 102670695852278224 bcsId: 1666} | ret=SUCCESS |  
2019-08-24 07:08:19,205 [grpc-default-executor-5] INFO  client.GrpcClientProtocolClient (GrpcClientProtocolClient.java:onNext(255)) - client-6EDD19400D46->06a4573b-67a1-41e3-a350-f896363bc636: receive RaftClientReply:client-6EDD19400D46->06a4573b-67a1-41e3-a350-f896363bc636@group-757E3781CD2A, cid=1213, SUCCESS, logIndex=1671, commits[06a4573b-67a1-41e3-a350-f896363bc636:c1671, 0b725bbf-683b-4664-9a2e-3c9dd6e38bc1:c1666, 9193e3b7-ae04-484d-a740-c65c11559486:c1667]
2019-08-24 07:08:19,205 | INFO  | DNAudit | user=null | ip=null | op=PUT_BLOCK {blockData=[blockId=conID: 1 locID: 102670695852278224 bcsId: 0,size=3145728]} | ret=SUCCESS |  
2019-08-24 07:08:19,207 [grpc-default-executor-5] INFO  client.GrpcClientProtocolClient (GrpcClientProtocolClient.java:onNext(255)) - client-6EDD19400D46->06a4573b-67a1-41e3-a350-f896363bc636: receive RaftClientReply:client-6EDD19400D46->06a4573b-67a1-41e3-a350-f896363bc636@group-757E3781CD2A, cid=1214, SUCCESS, logIndex=1672, commits[06a4573b-67a1-41e3-a350-f896363bc636:c1672, 0b725bbf-683b-4664-9a2e-3c9dd6e38bc1:c1667, 9193e3b7-ae04-484d-a740-c65c11559486:c1667]
2019-08-24 07:08:19,216 | INFO  | DNAudit | user=null | ip=null | op=WRITE_CHUNK {blockData=conID: 1 locID: 102670695852278224 bcsId: 1666} | ret=SUCCESS |  
2019-08-24 07:08:19,216 | INFO  | DNAudit | user=null | ip=null | op=WRITE_CHUNK {blockData=conID: 1 locID: 102670695852278224 bcsId: 1666} | ret=SUCCESS |  
2019-08-24 07:08:19,222 | INFO  | DNAudit | user=null | ip=null | op=WRITE_CHUNK {blockData=conID: 1 locID: 102670695852278224 bcsId: 1672} | ret=SUCCESS |  
2019-08-24 07:08:19,226 | INFO  | DNAudit | user=null | ip=null | op=WRITE_CHUNK {blockData=conID: 1 locID: 102670695852278224 bcsId: 1672} | ret=SUCCESS |  
2019-08-24 07:08:19,226 | INFO  | DNAudit | user=null | ip=null | op=WRITE_CHUNK {blockData=conID: 1 locID: 102670695852278224 bcsId: 1672} | ret=SUCCESS |  
2019-08-24 07:08:19,227 | INFO  | DNAudit | user=null | ip=null | op=PUT_BLOCK {blockData=[blockId=conID: 1 locID: 102670695852278224 bcsId: 0,size=3145728]} | ret=SUCCESS |  
2019-08-24 07:08:19,228 | INFO  | DNAudit | user=null | ip=null | op=PUT_BLOCK {blockData=[blockId=conID: 1 locID: 102670695852278224 bcsId: 0,size=3145728]} | ret=SUCCESS |  
2019-08-24 07:08:19,229 | INFO  | DNAudit | user=null | ip=null | op=WRITE_CHUNK {blockData=conID: 1 locID: 102670695852278224 bcsId: 1672} | ret=SUCCESS |  
2019-08-24 07:08:19,230 | INFO  | DNAudit | user=null | ip=null | op=PUT_BLOCK {blockData=[blockId=conID: 1 locID: 102670695852278224 bcsId: 0,size=4194304]} | ret=SUCCESS |  
2019-08-24 07:08:19,230 [grpc-default-executor-5] INFO  client.GrpcClientProtocolClient (GrpcClientProtocolClient.java:onNext(255)) - client-6EDD19400D46->06a4573b-67a1-41e3-a350-f896363bc636: receive RaftClientReply:client-6EDD19400D46->06a4573b-67a1-41e3-a350-f896363bc636@group-757E3781CD2A, cid=1215, SUCCESS, logIndex=1675, commits[06a4573b-67a1-41e3-a350-f896363bc636:c1676, 0b725bbf-683b-4664-9a2e-3c9dd6e38bc1:c1673, 9193e3b7-ae04-484d-a740-c65c11559486:c1673]
2019-08-24 07:08:19,231 [grpc-default-executor-5] INFO  client.GrpcClientProtocolClient (GrpcClientProtocolClient.java:onNext(255)) - client-6EDD19400D46->06a4573b-67a1-41e3-a350-f896363bc636: receive RaftClientReply:client-6EDD19400D46->06a4573b-67a1-41e3-a350-f896363bc636@group-757E3781CD2A, cid=1216, SUCCESS, logIndex=1676, commits[06a4573b-67a1-41e3-a350-f896363bc636:c1676, 0b725bbf-683b-4664-9a2e-3c9dd6e38bc1:c1673, 9193e3b7-ae04-484d-a740-c65c11559486:c1673]
2019-08-24 07:08:19,241 | INFO  | DNAudit | user=null | ip=null | op=WRITE_CHUNK {blockData=conID: 1 locID: 102670695852278224 bcsId: 1672} | ret=SUCCESS |  
2019-08-24 07:08:19,241 | INFO  | DNAudit | user=null | ip=null | op=WRITE_CHUNK {blockData=conID: 1 locID: 102670695852278224 bcsId: 1672} | ret=SUCCESS |  
2019-08-24 07:08:19,244 | INFO  | DNAudit | user=null | ip=null | op=PUT_BLOCK {blockData=[blockId=conID: 1 locID: 102670695852278224 bcsId: 0,size=4194304]} | ret=SUCCESS |  
2019-08-24 07:08:19,255 | INFO  | DNAudit | user=null | ip=null | op=PUT_BLOCK {blockData=[blockId=conID: 1 locID: 102670695852278224 bcsId: 0,size=4194304]} | ret=SUCCESS |  
2019-08-24 07:08:19,256 [grpc-default-executor-5] INFO  client.GrpcClientProtocolClient (GrpcClientProtocolClient.java:onNext(255)) - client-6EDD19400D46->06a4573b-67a1-41e3-a350-f896363bc636: receive RaftClientReply:client-6EDD19400D46->06a4573b-67a1-41e3-a350-f896363bc636@group-757E3781CD2A, cid=1217, SUCCESS, logIndex=0, commits[06a4573b-67a1-41e3-a350-f896363bc636:c1678, 0b725bbf-683b-4664-9a2e-3c9dd6e38bc1:c1676, 9193e3b7-ae04-484d-a740-c65c11559486:c1676]
2019-08-24 07:08:19,266 | INFO  | DNAudit | user=null | ip=null | op=WRITE_CHUNK {blockData=conID: 2 locID: 102670695852278225 bcsId: 0} | ret=SUCCESS |  
2019-08-24 07:08:19,270 | INFO  | DNAudit | user=null | ip=null | op=WRITE_CHUNK {blockData=conID: 2 locID: 102670695852278225 bcsId: 0} | ret=SUCCESS |  
2019-08-24 07:08:19,271 | INFO  | DNAudit | user=null | ip=null | op=WRITE_CHUNK {blockData=conID: 2 locID: 102670695852278225 bcsId: 0} | ret=SUCCESS |  
2019-08-24 07:08:19,271 | INFO  | DNAudit | user=null | ip=null | op=WRITE_CHUNK {blockData=conID: 2 locID: 102670695852278225 bcsId: 0} | ret=SUCCESS |  
2019-08-24 07:08:19,273 | INFO  | DNAudit | user=null | ip=null | op=WRITE_CHUNK {blockData=conID: 2 locID: 102670695852278225 bcsId: 0} | ret=SUCCESS |  
2019-08-24 07:08:19,274 | INFO  | DNAudit | user=null | ip=null | op=WRITE_CHUNK {blockData=conID: 2 locID: 102670695852278225 bcsId: 0} | ret=SUCCESS |  
2019-08-24 07:08:19,275 | INFO  | DNAudit | user=null | ip=null | op=WRITE_CHUNK {blockData=conID: 2 locID: 102670695852278225 bcsId: 0} | ret=SUCCESS |  
2019-08-24 07:08:19,275 | INFO  | DNAudit | user=null | ip=null | op=PUT_BLOCK {blockData=[blockId=conID: 2 locID: 102670695852278225 bcsId: 0,size=1048576]} | ret=SUCCESS |  
2019-08-24 07:08:19,275 [grpc-default-executor-2] INFO  client.GrpcClientProtocolClient (GrpcClientProtocolClient.java:onNext(255)) - client-6EDD19400D46->06a4573b-67a1-41e3-a350-f896363bc636: receive RaftClientReply:client-6EDD19400D46->06a4573b-67a1-41e3-a350-f896363bc636@group-757E3781CD2A, cid=1218, SUCCESS, logIndex=1679, commits[06a4573b-67a1-41e3-a350-f896363bc636:c1680, 0b725bbf-683b-4664-9a2e-3c9dd6e38bc1:c1678, 9193e3b7-ae04-484d-a740-c65c11559486:c1678]
2019-08-24 07:08:19,276 | INFO  | DNAudit | user=null | ip=null | op=WRITE_CHUNK {blockData=conID: 2 locID: 102670695852278225 bcsId: 0} | ret=SUCCESS |  
2019-08-24 07:08:19,277 | INFO  | DNAudit | user=null | ip=null | op=WRITE_CHUNK {blockData=conID: 2 locID: 102670695852278225 bcsId: 0} | ret=SUCCESS |  
2019-08-24 07:08:19,277 | INFO  | DNAudit | user=null | ip=null | op=PUT_BLOCK {blockData=[blockId=conID: 2 locID: 102670695852278225 bcsId: 0,size=2097152]} | ret=SUCCESS |  
2019-08-24 07:08:19,277 [grpc-default-executor-2] INFO  client.GrpcClientProtocolClient (GrpcClientProtocolClient.java:onNext(255)) - client-6EDD19400D46->06a4573b-67a1-41e3-a350-f896363bc636: receive RaftClientReply:client-6EDD19400D46->06a4573b-67a1-41e3-a350-f896363bc636@group-757E3781CD2A, cid=1219, SUCCESS, logIndex=1680, commits[06a4573b-67a1-41e3-a350-f896363bc636:c1681, 0b725bbf-683b-4664-9a2e-3c9dd6e38bc1:c1678, 9193e3b7-ae04-484d-a740-c65c11559486:c1678]
2019-08-24 07:08:19,278 | INFO  | DNAudit | user=null | ip=null | op=PUT_BLOCK {blockData=[blockId=conID: 2 locID: 102670695852278225 bcsId: 0,size=1048576]} | ret=SUCCESS |  
2019-08-24 07:08:19,278 [grpc-default-executor-2] INFO  client.GrpcClientProtocolClient (GrpcClientProtocolClient.java:onNext(255)) - client-6EDD19400D46->06a4573b-67a1-41e3-a350-f896363bc636: receive RaftClientReply:client-6EDD19400D46->06a4573b-67a1-41e3-a350-f896363bc636@group-757E3781CD2A, cid=1220, SUCCESS, logIndex=1681, commits[06a4573b-67a1-41e3-a350-f896363bc636:c1682, 0b725bbf-683b-4664-9a2e-3c9dd6e38bc1:c1678, 9193e3b7-ae04-484d-a740-c65c11559486:c1678]
2019-08-24 07:08:19,278 | INFO  | DNAudit | user=null | ip=null | op=WRITE_CHUNK {blockData=conID: 2 locID: 102670695852278225 bcsId: 0} | ret=SUCCESS |  
2019-08-24 07:08:19,278 [grpc-default-executor-2] INFO  client.GrpcClientProtocolClient (GrpcClientProtocolClient.java:onNext(255)) - client-6EDD19400D46->06a4573b-67a1-41e3-a350-f896363bc636: receive RaftClientReply:client-6EDD19400D46->06a4573b-67a1-41e3-a350-f896363bc636@group-757E3781CD2A, cid=1221, SUCCESS, logIndex=1682, commits[06a4573b-67a1-41e3-a350-f896363bc636:c1683, 0b725bbf-683b-4664-9a2e-3c9dd6e38bc1:c1678, 9193e3b7-ae04-484d-a740-c65c11559486:c1679]
2019-08-24 07:08:19,279 | INFO  | DNAudit | user=null | ip=null | op=WRITE_CHUNK {blockData=conID: 2 locID: 102670695852278225 bcsId: 0} | ret=SUCCESS |  
2019-08-24 07:08:19,279 | INFO  | DNAudit | user=null | ip=null | op=PUT_BLOCK {blockData=[blockId=conID: 2 locID: 102670695852278225 bcsId: 0,size=2097152]} | ret=SUCCESS |  
2019-08-24 07:08:19,280 | INFO  | DNAudit | user=null | ip=null | op=PUT_BLOCK {blockData=[blockId=conID: 2 locID: 102670695852278225 bcsId: 0,size=1048576]} | ret=SUCCESS |  
2019-08-24 07:08:19,280 | INFO  | DNAudit | user=null | ip=null | op=WRITE_CHUNK {blockData=conID: 2 locID: 102670695852278225 bcsId: 0} | ret=SUCCESS |  
2019-08-24 07:08:19,280 | INFO  | DNAudit | user=null | ip=null | op=PUT_BLOCK {blockData=[blockId=conID: 2 locID: 102670695852278225 bcsId: 0,size=2097152]} | ret=SUCCESS |  
2019-08-24 07:08:19,281 [grpc-default-executor-5] INFO  client.GrpcClientProtocolClient (GrpcClientProtocolClient.java:onNext(255)) - client-6EDD19400D46->06a4573b-67a1-41e3-a350-f896363bc636: receive RaftClientReply:client-6EDD19400D46->06a4573b-67a1-41e3-a350-f896363bc636@group-757E3781CD2A, cid=1222, SUCCESS, logIndex=0, commits[06a4573b-67a1-41e3-a350-f896363bc636:c1686, 0b725bbf-683b-4664-9a2e-3c9dd6e38bc1:c1680, 9193e3b7-ae04-484d-a740-c65c11559486:c1682]
2019-08-24 07:08:19,289 | INFO  | DNAudit | user=null | ip=null | op=WRITE_CHUNK {blockData=conID: 2 locID: 102670695852278225 bcsId: 1682} | ret=SUCCESS |  
2019-08-24 07:08:19,294 | INFO  | DNAudit | user=null | ip=null | op=WRITE_CHUNK {blockData=conID: 2 locID: 102670695852278225 bcsId: 1682} | ret=SUCCESS |  
2019-08-24 07:08:19,294 | INFO  | DNAudit | user=null | ip=null | op=WRITE_CHUNK {blockData=conID: 2 locID: 102670695852278225 bcsId: 1682} | ret=SUCCESS |  
2019-08-24 07:08:19,303 | INFO  | DNAudit | user=null | ip=null | op=WRITE_CHUNK {blockData=conID: 2 locID: 102670695852278225 bcsId: 1682} | ret=SUCCESS |  
2019-08-24 07:08:19,303 | INFO  | DNAudit | user=null | ip=null | op=PUT_BLOCK {blockData=[blockId=conID: 2 locID: 102670695852278225 bcsId: 0,size=3145728]} | ret=SUCCESS |  
2019-08-24 07:08:19,303 [grpc-default-executor-5] INFO  client.GrpcClientProtocolClient (GrpcClientProtocolClient.java:onNext(255)) - client-6EDD19400D46->06a4573b-67a1-41e3-a350-f896363bc636: receive RaftClientReply:client-6EDD19400D46->06a4573b-67a1-41e3-a350-f896363bc636@group-757E3781CD2A, cid=1223, SUCCESS, logIndex=1687, commits[06a4573b-67a1-41e3-a350-f896363bc636:c1688, 0b725bbf-683b-4664-9a2e-3c9dd6e38bc1:c1686, 9193e3b7-ae04-484d-a740-c65c11559486:c1686]
2019-08-24 07:08:19,304 [grpc-default-executor-5] INFO  client.GrpcClientProtocolClient (GrpcClientProtocolClient.java:onNext(255)) - client-6EDD19400D46->06a4573b-67a1-41e3-a350-f896363bc636: receive RaftClientReply:client-6EDD19400D46->06a4573b-67a1-41e3-a350-f896363bc636@group-757E3781CD2A, cid=1224, SUCCESS, logIndex=1688, commits[06a4573b-67a1-41e3-a350-f896363bc636:c1688, 0b725bbf-683b-4664-9a2e-3c9dd6e38bc1:c1686, 9193e3b7-ae04-484d-a740-c65c11559486:c1686]
2019-08-24 07:08:19,313 | INFO  | DNAudit | user=null | ip=null | op=WRITE_CHUNK {blockData=conID: 2 locID: 102670695852278225 bcsId: 1688} | ret=SUCCESS |  
2019-08-24 07:08:19,314 | INFO  | DNAudit | user=null | ip=null | op=WRITE_CHUNK {blockData=conID: 2 locID: 102670695852278225 bcsId: 1682} | ret=SUCCESS |  
2019-08-24 07:08:19,315 | INFO  | DNAudit | user=null | ip=null | op=PUT_BLOCK {blockData=[blockId=conID: 2 locID: 102670695852278225 bcsId: 0,size=3145728]} | ret=SUCCESS |  
2019-08-24 07:08:19,315 | INFO  | DNAudit | user=null | ip=null | op=WRITE_CHUNK {blockData=conID: 2 locID: 102670695852278225 bcsId: 1682} | ret=SUCCESS |  
2019-08-24 07:08:19,315 | INFO  | DNAudit | user=null | ip=null | op=PUT_BLOCK {blockData=[blockId=conID: 2 locID: 102670695852278225 bcsId: 0,size=3145728]} | ret=SUCCESS |  
2019-08-24 07:08:19,316 | INFO  | DNAudit | user=null | ip=null | op=WRITE_CHUNK {blockData=conID: 2 locID: 102670695852278225 bcsId: 1688} | ret=SUCCESS |  
2019-08-24 07:08:19,317 | INFO  | DNAudit | user=null | ip=null | op=WRITE_CHUNK {blockData=conID: 2 locID: 102670695852278225 bcsId: 1688} | ret=SUCCESS |  
2019-08-24 07:08:19,329 | INFO  | DNAudit | user=null | ip=null | op=WRITE_CHUNK {blockData=conID: 2 locID: 102670695852278225 bcsId: 1688} | ret=SUCCESS |  
2019-08-24 07:08:19,330 | INFO  | DNAudit | user=null | ip=null | op=PUT_BLOCK {blockData=[blockId=conID: 2 locID: 102670695852278225 bcsId: 0,size=4194304]} | ret=SUCCESS |  
2019-08-24 07:08:19,330 [grpc-default-executor-5] INFO  client.GrpcClientProtocolClient (GrpcClientProtocolClient.java:onNext(255)) - client-6EDD19400D46->06a4573b-67a1-41e3-a350-f896363bc636: receive RaftClientReply:client-6EDD19400D46->06a4573b-67a1-41e3-a350-f896363bc636@group-757E3781CD2A, cid=1225, SUCCESS, logIndex=1691, commits[06a4573b-67a1-41e3-a350-f896363bc636:c1692, 0b725bbf-683b-4664-9a2e-3c9dd6e38bc1:c1688, 9193e3b7-ae04-484d-a740-c65c11559486:c1688]
2019-08-24 07:08:19,330 | INFO  | DNAudit | user=null | ip=null | op=WRITE_CHUNK {blockData=conID: 2 locID: 102670695852278225 bcsId: 1688} | ret=SUCCESS |  
2019-08-24 07:08:19,331 [grpc-default-executor-5] INFO  client.GrpcClientProtocolClient (GrpcClientProtocolClient.java:onNext(255)) - client-6EDD19400D46->06a4573b-67a1-41e3-a350-f896363bc636: receive RaftClientReply:client-6EDD19400D46->06a4573b-67a1-41e3-a350-f896363bc636@group-757E3781CD2A, cid=1226, SUCCESS, logIndex=1692, commits[06a4573b-67a1-41e3-a350-f896363bc636:c1692, 0b725bbf-683b-4664-9a2e-3c9dd6e38bc1:c1688, 9193e3b7-ae04-484d-a740-c65c11559486:c1688]
2019-08-24 07:08:19,331 | INFO  | DNAudit | user=null | ip=null | op=PUT_BLOCK {blockData=[blockId=conID: 2 locID: 102670695852278225 bcsId: 0,size=4194304]} | ret=SUCCESS |  
2019-08-24 07:08:19,331 | INFO  | DNAudit | user=null | ip=null | op=WRITE_CHUNK {blockData=conID: 2 locID: 102670695852278225 bcsId: 1688} | ret=SUCCESS |  
2019-08-24 07:08:19,332 | INFO  | DNAudit | user=null | ip=null | op=PUT_BLOCK {blockData=[blockId=conID: 2 locID: 102670695852278225 bcsId: 0,size=4194304]} | ret=SUCCESS |  
2019-08-24 07:08:19,332 [grpc-default-executor-0] INFO  client.GrpcClientProtocolClient (GrpcClientProtocolClient.java:onNext(255)) - client-6EDD19400D46->06a4573b-67a1-41e3-a350-f896363bc636: receive RaftClientReply:client-6EDD19400D46->06a4573b-67a1-41e3-a350-f896363bc636@group-757E3781CD2A, cid=1227, SUCCESS, logIndex=0, commits[06a4573b-67a1-41e3-a350-f896363bc636:c1693, 0b725bbf-683b-4664-9a2e-3c9dd6e38bc1:c1692, 9193e3b7-ae04-484d-a740-c65c11559486:c1692]
2019-08-24 07:08:19,340 | INFO  | DNAudit | user=null | ip=null | op=WRITE_CHUNK {blockData=conID: 3 locID: 102670695852278226 bcsId: 0} | ret=SUCCESS |  
2019-08-24 07:08:19,344 | INFO  | DNAudit | user=null | ip=null | op=WRITE_CHUNK {blockData=conID: 3 locID: 102670695852278226 bcsId: 0} | ret=SUCCESS |  
2019-08-24 07:08:19,345 | INFO  | DNAudit | user=null | ip=null | op=WRITE_CHUNK {blockData=conID: 3 locID: 102670695852278226 bcsId: 0} | ret=SUCCESS |  
2019-08-24 07:08:19,345 | INFO  | DNAudit | user=null | ip=null | op=WRITE_CHUNK {blockData=conID: 3 locID: 102670695852278226 bcsId: 0} | ret=SUCCESS |  
2019-08-24 07:08:19,348 | INFO  | DNAudit | user=null | ip=null | op=WRITE_CHUNK {blockData=conID: 3 locID: 102670695852278226 bcsId: 0} | ret=SUCCESS |  
2019-08-24 07:08:19,348 | INFO  | DNAudit | user=null | ip=null | op=WRITE_CHUNK {blockData=conID: 3 locID: 102670695852278226 bcsId: 0} | ret=SUCCESS |  
2019-08-24 07:08:19,355 | INFO  | DNAudit | user=null | ip=null | op=WRITE_CHUNK {blockData=conID: 3 locID: 102670695852278226 bcsId: 0} | ret=SUCCESS |  
2019-08-24 07:08:19,355 | INFO  | DNAudit | user=null | ip=null | op=PUT_BLOCK {blockData=[blockId=conID: 3 locID: 102670695852278226 bcsId: 0,size=1048576]} | ret=SUCCESS |  
2019-08-24 07:08:19,356 [grpc-default-executor-5] INFO  client.GrpcClientProtocolClient (GrpcClientProtocolClient.java:onNext(255)) - client-6EDD19400D46->06a4573b-67a1-41e3-a350-f896363bc636: receive RaftClientReply:client-6EDD19400D46->06a4573b-67a1-41e3-a350-f896363bc636@group-757E3781CD2A, cid=1228, SUCCESS, logIndex=1695, commits[06a4573b-67a1-41e3-a350-f896363bc636:c1696, 0b725bbf-683b-4664-9a2e-3c9dd6e38bc1:c1694, 9193e3b7-ae04-484d-a740-c65c11559486:c1694]
2019-08-24 07:08:19,356 [grpc-default-executor-5] INFO  client.GrpcClientProtocolClient (GrpcClientProtocolClient.java:onNext(255)) - client-6EDD19400D46->06a4573b-67a1-41e3-a350-f896363bc636: receive RaftClientReply:client-6EDD19400D46->06a4573b-67a1-41e3-a350-f896363bc636@group-757E3781CD2A, cid=1229, SUCCESS, logIndex=1696, commits[06a4573b-67a1-41e3-a350-f896363bc636:c1696, 0b725bbf-683b-4664-9a2e-3c9dd6e38bc1:c1694, 9193e3b7-ae04-484d-a740-c65c11559486:c1694]
2019-08-24 07:08:19,358 | INFO  | DNAudit | user=null | ip=null | op=WRITE_CHUNK {blockData=conID: 3 locID: 102670695852278226 bcsId: 0} | ret=SUCCESS |  
2019-08-24 07:08:19,362 | INFO  | DNAudit | user=null | ip=null | op=WRITE_CHUNK {blockData=conID: 3 locID: 102670695852278226 bcsId: 0} | ret=SUCCESS |  
2019-08-24 07:08:19,362 | INFO  | DNAudit | user=null | ip=null | op=PUT_BLOCK {blockData=[blockId=conID: 3 locID: 102670695852278226 bcsId: 0,size=2097152]} | ret=SUCCESS |  
2019-08-24 07:08:19,362 | INFO  | DNAudit | user=null | ip=null | op=PUT_BLOCK {blockData=[blockId=conID: 3 locID: 102670695852278226 bcsId: 0,size=1048576]} | ret=SUCCESS |  
2019-08-24 07:08:19,362 [grpc-default-executor-1] INFO  client.GrpcClientProtocolClient (GrpcClientProtocolClient.java:onNext(255)) - client-6EDD19400D46->06a4573b-67a1-41e3-a350-f896363bc636: receive RaftClientReply:client-6EDD19400D46->06a4573b-67a1-41e3-a350-f896363bc636@group-757E3781CD2A, cid=1230, SUCCESS, logIndex=1697, commits[06a4573b-67a1-41e3-a350-f896363bc636:c1698, 0b725bbf-683b-4664-9a2e-3c9dd6e38bc1:c1694, 9193e3b7-ae04-484d-a740-c65c11559486:c1694]
2019-08-24 07:08:19,363 [grpc-default-executor-1] INFO  client.GrpcClientProtocolClient (GrpcClientProtocolClient.java:onNext(255)) - client-6EDD19400D46->06a4573b-67a1-41e3-a350-f896363bc636: receive RaftClientReply:client-6EDD19400D46->06a4573b-67a1-41e3-a350-f896363bc636@group-757E3781CD2A, cid=1231, SUCCESS, logIndex=1698, commits[06a4573b-67a1-41e3-a350-f896363bc636:c1699, 0b725bbf-683b-4664-9a2e-3c9dd6e38bc1:c1694, 9193e3b7-ae04-484d-a740-c65c11559486:c1695]
2019-08-24 07:08:19,372 | INFO  | DNAudit | user=null | ip=null | op=WRITE_CHUNK {blockData=conID: 3 locID: 102670695852278226 bcsId: 0} | ret=SUCCESS |  
2019-08-24 07:08:19,372 | INFO  | DNAudit | user=null | ip=null | op=PUT_BLOCK {blockData=[blockId=conID: 3 locID: 102670695852278226 bcsId: 0,size=2097152]} | ret=SUCCESS |  
2019-08-24 07:08:19,373 | INFO  | DNAudit | user=null | ip=null | op=WRITE_CHUNK {blockData=conID: 3 locID: 102670695852278226 bcsId: 0} | ret=SUCCESS |  
2019-08-24 07:08:19,373 | INFO  | DNAudit | user=null | ip=null | op=PUT_BLOCK {blockData=[blockId=conID: 3 locID: 102670695852278226 bcsId: 0,size=1048576]} | ret=SUCCESS |  
2019-08-24 07:08:19,374 [grpc-default-executor-0] INFO  client.GrpcClientProtocolClient (GrpcClientProtocolClient.java:onNext(255)) - client-6EDD19400D46->06a4573b-67a1-41e3-a350-f896363bc636: receive RaftClientReply:client-6EDD19400D46->06a4573b-67a1-41e3-a350-f896363bc636@group-757E3781CD2A, cid=1232, SUCCESS, logIndex=0, commits[06a4573b-67a1-41e3-a350-f896363bc636:c1702, 0b725bbf-683b-4664-9a2e-3c9dd6e38bc1:c1696, 9193e3b7-ae04-484d-a740-c65c11559486:c1698]
2019-08-24 07:08:19,382 | INFO  | DNAudit | user=null | ip=null | op=WRITE_CHUNK {blockData=conID: 3 locID: 102670695852278226 bcsId: 1698} | ret=SUCCESS |  
2019-08-24 07:08:19,384 | INFO  | DNAudit | user=null | ip=null | op=WRITE_CHUNK {blockData=conID: 3 locID: 102670695852278226 bcsId: 0} | ret=SUCCESS |  
2019-08-24 07:08:19,384 | INFO  | DNAudit | user=null | ip=null | op=PUT_BLOCK {blockData=[blockId=conID: 3 locID: 102670695852278226 bcsId: 0,size=2097152]} | ret=SUCCESS |  
2019-08-24 07:08:19,386 | INFO  | DNAudit | user=null | ip=null | op=WRITE_CHUNK {blockData=conID: 3 locID: 102670695852278226 bcsId: 1698} | ret=SUCCESS |  
2019-08-24 07:08:19,386 | INFO  | DNAudit | user=null | ip=null | op=WRITE_CHUNK {blockData=conID: 3 locID: 102670695852278226 bcsId: 1698} | ret=SUCCESS |  
2019-08-24 07:08:19,398 | INFO  | DNAudit | user=null | ip=null | op=WRITE_CHUNK {blockData=conID: 3 locID: 102670695852278226 bcsId: 1698} | ret=SUCCESS |  
2019-08-24 07:08:19,399 | INFO  | DNAudit | user=null | ip=null | op=PUT_BLOCK {blockData=[blockId=conID: 3 locID: 102670695852278226 bcsId: 0,size=3145728]} | ret=SUCCESS |  
2019-08-24 07:08:19,399 [grpc-default-executor-0] INFO  client.GrpcClientProtocolClient (GrpcClientProtocolClient.java:onNext(255)) - client-6EDD19400D46->06a4573b-67a1-41e3-a350-f896363bc636: receive RaftClientReply:client-6EDD19400D46->06a4573b-67a1-41e3-a350-f896363bc636@group-757E3781CD2A, cid=1233, SUCCESS, logIndex=1703, commits[06a4573b-67a1-41e3-a350-f896363bc636:c1704, 0b725bbf-683b-4664-9a2e-3c9dd6e38bc1:c1698, 9193e3b7-ae04-484d-a740-c65c11559486:c1702]
2019-08-24 07:08:19,400 [grpc-default-executor-0] INFO  client.GrpcClientProtocolClient (GrpcClientProtocolClient.java:onNext(255)) - client-6EDD19400D46->06a4573b-67a1-41e3-a350-f896363bc636: receive RaftClientReply:client-6EDD19400D46->06a4573b-67a1-41e3-a350-f896363bc636@group-757E3781CD2A, cid=1234, SUCCESS, logIndex=1704, commits[06a4573b-67a1-41e3-a350-f896363bc636:c1704, 0b725bbf-683b-4664-9a2e-3c9dd6e38bc1:c1702, 9193e3b7-ae04-484d-a740-c65c11559486:c1702]
2019-08-24 07:08:19,410 | INFO  | DNAudit | user=null | ip=null | op=WRITE_CHUNK {blockData=conID: 3 locID: 102670695852278226 bcsId: 1704} | ret=SUCCESS |  
2019-08-24 07:08:19,412 | INFO  | DNAudit | user=null | ip=null | op=WRITE_CHUNK {blockData=conID: 3 locID: 102670695852278226 bcsId: 1698} | ret=SUCCESS |  
2019-08-24 07:08:19,412 | INFO  | DNAudit | user=null | ip=null | op=PUT_BLOCK {blockData=[blockId=conID: 3 locID: 102670695852278226 bcsId: 0,size=3145728]} | ret=SUCCESS |  
2019-08-24 07:08:19,413 | INFO  | DNAudit | user=null | ip=null | op=WRITE_CHUNK {blockData=conID: 3 locID: 102670695852278226 bcsId: 1698} | ret=SUCCESS |  
2019-08-24 07:08:19,413 | INFO  | DNAudit | user=null | ip=null | op=PUT_BLOCK {blockData=[blockId=conID: 3 locID: 102670695852278226 bcsId: 0,size=3145728]} | ret=SUCCESS |  
2019-08-24 07:08:19,416 | INFO  | DNAudit | user=null | ip=null | op=WRITE_CHUNK {blockData=conID: 3 locID: 102670695852278226 bcsId: 1704} | ret=SUCCESS |  
2019-08-24 07:08:19,416 | INFO  | DNAudit | user=null | ip=null | op=WRITE_CHUNK {blockData=conID: 3 locID: 102670695852278226 bcsId: 1704} | ret=SUCCESS |  
2019-08-24 07:08:19,427 | INFO  | SCMAudit | user=jenkins1000 | ip=192.168.69.125 | op=SEND_HEARTBEAT {datanodeUUID=25ce0803-6f34-4c69-82c0-892f08679042, command=[]} | ret=SUCCESS |  
2019-08-24 07:08:19,427 | INFO  | SCMAudit | user=jenkins1000 | ip=192.168.69.125 | op=SEND_HEARTBEAT {datanodeUUID=9193e3b7-ae04-484d-a740-c65c11559486, command=[]} | ret=SUCCESS |  
2019-08-24 07:08:19,427 | INFO  | SCMAudit | user=jenkins1000 | ip=192.168.69.125 | op=SEND_HEARTBEAT {datanodeUUID=06a4573b-67a1-41e3-a350-f896363bc636, command=[]} | ret=SUCCESS |  
2019-08-24 07:08:19,427 | INFO  | SCMAudit | user=jenkins1000 | ip=192.168.69.125 | op=SEND_HEARTBEAT {datanodeUUID=0b725bbf-683b-4664-9a2e-3c9dd6e38bc1, command=[]} | ret=SUCCESS |  
2019-08-24 07:08:19,439 | INFO  | DNAudit | user=null | ip=null | op=WRITE_CHUNK {blockData=conID: 3 locID: 102670695852278226 bcsId: 1704} | ret=SUCCESS |  
2019-08-24 07:08:19,439 | INFO  | DNAudit | user=null | ip=null | op=PUT_BLOCK {blockData=[blockId=conID: 3 locID: 102670695852278226 bcsId: 0,size=4194304]} | ret=SUCCESS |  
2019-08-24 07:08:19,439 [grpc-default-executor-5] INFO  client.GrpcClientProtocolClient (GrpcClientProtocolClient.java:onNext(255)) - client-6EDD19400D46->06a4573b-67a1-41e3-a350-f896363bc636: receive RaftClientReply:client-6EDD19400D46->06a4573b-67a1-41e3-a350-f896363bc636@group-757E3781CD2A, cid=1235, SUCCESS, logIndex=1707, commits[06a4573b-67a1-41e3-a350-f896363bc636:c1707, 0b725bbf-683b-4664-9a2e-3c9dd6e38bc1:c1704, 9193e3b7-ae04-484d-a740-c65c11559486:c1704]
2019-08-24 07:08:19,440 [grpc-default-executor-5] INFO  client.GrpcClientProtocolClient (GrpcClientProtocolClient.java:onNext(255)) - client-6EDD19400D46->06a4573b-67a1-41e3-a350-f896363bc636: receive RaftClientReply:client-6EDD19400D46->06a4573b-67a1-41e3-a350-f896363bc636@group-757E3781CD2A, cid=1236, SUCCESS, logIndex=1708, commits[06a4573b-67a1-41e3-a350-f896363bc636:c1708, 0b725bbf-683b-4664-9a2e-3c9dd6e38bc1:c1704, 9193e3b7-ae04-484d-a740-c65c11559486:c1704]
2019-08-24 07:08:19,452 | INFO  | DNAudit | user=null | ip=null | op=WRITE_CHUNK {blockData=conID: 3 locID: 102670695852278226 bcsId: 1704} | ret=SUCCESS |  
2019-08-24 07:08:19,452 | INFO  | DNAudit | user=null | ip=null | op=WRITE_CHUNK {blockData=conID: 3 locID: 102670695852278226 bcsId: 1704} | ret=SUCCESS |  
2019-08-24 07:08:19,464 | INFO  | DNAudit | user=null | ip=null | op=PUT_BLOCK {blockData=[blockId=conID: 3 locID: 102670695852278226 bcsId: 0,size=4194304]} | ret=SUCCESS |  
2019-08-24 07:08:19,464 | INFO  | DNAudit | user=null | ip=null | op=PUT_BLOCK {blockData=[blockId=conID: 3 locID: 102670695852278226 bcsId: 0,size=4194304]} | ret=SUCCESS |  
2019-08-24 07:08:19,465 [grpc-default-executor-1] INFO  client.GrpcClientProtocolClient (GrpcClientProtocolClient.java:onNext(255)) - client-6EDD19400D46->06a4573b-67a1-41e3-a350-f896363bc636: receive RaftClientReply:client-6EDD19400D46->06a4573b-67a1-41e3-a350-f896363bc636@group-757E3781CD2A, cid=1237, SUCCESS, logIndex=0, commits[06a4573b-67a1-41e3-a350-f896363bc636:c1710, 0b725bbf-683b-4664-9a2e-3c9dd6e38bc1:c1708, 9193e3b7-ae04-484d-a740-c65c11559486:c1708]
2019-08-24 07:08:19,485 | INFO  | SCMAudit | user=jenkins1000 | ip=192.168.69.125 | op=ALLOCATE_BLOCK {owner=61bacca8-15b6-4a50-8962-5e9786b18b0d, size=4194304, type=RATIS, factor=THREE} | ret=SUCCESS |  
2019-08-24 07:08:19,496 | INFO  | OMAudit | user=jenkins1000 | ip=127.0.0.1 | op=ALLOCATE_BLOCK {volume=vol-0-26988, bucket=bucket-0-20739, key=key-0-27353, dataSize=0, replicationType=null, replicationFactor=null, keyLocationInfo=null, clientID=102670695851229586} | ret=SUCCESS |  
2019-08-24 07:08:19,505 | INFO  | DNAudit | user=null | ip=null | op=WRITE_CHUNK {blockData=conID: 1 locID: 102670696414249427 bcsId: 0} | ret=SUCCESS |  
2019-08-24 07:08:19,509 | INFO  | DNAudit | user=null | ip=null | op=WRITE_CHUNK {blockData=conID: 1 locID: 102670696414249427 bcsId: 0} | ret=SUCCESS |  
2019-08-24 07:08:19,510 | INFO  | DNAudit | user=null | ip=null | op=WRITE_CHUNK {blockData=conID: 1 locID: 102670696414249427 bcsId: 0} | ret=SUCCESS |  
2019-08-24 07:08:19,510 | INFO  | DNAudit | user=null | ip=null | op=WRITE_CHUNK {blockData=conID: 1 locID: 102670696414249427 bcsId: 0} | ret=SUCCESS |  
2019-08-24 07:08:19,512 | INFO  | DNAudit | user=null | ip=null | op=WRITE_CHUNK {blockData=conID: 1 locID: 102670696414249427 bcsId: 0} | ret=SUCCESS |  
2019-08-24 07:08:19,512 | INFO  | DNAudit | user=null | ip=null | op=WRITE_CHUNK {blockData=conID: 1 locID: 102670696414249427 bcsId: 0} | ret=SUCCESS |  
2019-08-24 07:08:19,520 | INFO  | DNAudit | user=null | ip=null | op=WRITE_CHUNK {blockData=conID: 1 locID: 102670696414249427 bcsId: 0} | ret=SUCCESS |  
2019-08-24 07:08:19,520 | INFO  | DNAudit | user=null | ip=null | op=PUT_BLOCK {blockData=[blockId=conID: 1 locID: 102670696414249427 bcsId: 0,size=1048576]} | ret=SUCCESS |  
2019-08-24 07:08:19,521 [grpc-default-executor-1] INFO  client.GrpcClientProtocolClient (GrpcClientProtocolClient.java:onNext(255)) - client-6EDD19400D46->06a4573b-67a1-41e3-a350-f896363bc636: receive RaftClientReply:client-6EDD19400D46->06a4573b-67a1-41e3-a350-f896363bc636@group-757E3781CD2A, cid=1238, SUCCESS, logIndex=1711, commits[06a4573b-67a1-41e3-a350-f896363bc636:c1712, 0b725bbf-683b-4664-9a2e-3c9dd6e38bc1:c1710, 9193e3b7-ae04-484d-a740-c65c11559486:c1710]
2019-08-24 07:08:19,521 [grpc-default-executor-1] INFO  client.GrpcClientProtocolClient (GrpcClientProtocolClient.java:onNext(255)) - client-6EDD19400D46->06a4573b-67a1-41e3-a350-f896363bc636: receive RaftClientReply:client-6EDD19400D46->06a4573b-67a1-41e3-a350-f896363bc636@group-757E3781CD2A, cid=1239, SUCCESS, logIndex=1712, commits[06a4573b-67a1-41e3-a350-f896363bc636:c1712, 0b725bbf-683b-4664-9a2e-3c9dd6e38bc1:c1710, 9193e3b7-ae04-484d-a740-c65c11559486:c1710]
2019-08-24 07:08:19,537 | INFO  | DNAudit | user=null | ip=null | op=WRITE_CHUNK {blockData=conID: 1 locID: 102670696414249427 bcsId: 0} | ret=SUCCESS |  
2019-08-24 07:08:19,538 | INFO  | DNAudit | user=null | ip=null | op=PUT_BLOCK {blockData=[blockId=conID: 1 locID: 102670696414249427 bcsId: 0,size=2097152]} | ret=SUCCESS |  
2019-08-24 07:08:19,538 [grpc-default-executor-0] INFO  client.GrpcClientProtocolClient (GrpcClientProtocolClient.java:onNext(255)) - client-6EDD19400D46->06a4573b-67a1-41e3-a350-f896363bc636: receive RaftClientReply:client-6EDD19400D46->06a4573b-67a1-41e3-a350-f896363bc636@group-757E3781CD2A, cid=1240, SUCCESS, logIndex=1713, commits[06a4573b-67a1-41e3-a350-f896363bc636:c1714, 0b725bbf-683b-4664-9a2e-3c9dd6e38bc1:c1710, 9193e3b7-ae04-484d-a740-c65c11559486:c1710]
2019-08-24 07:08:19,539 [grpc-default-executor-0] INFO  client.GrpcClientProtocolClient (GrpcClientProtocolClient.java:onNext(255)) - client-6EDD19400D46->06a4573b-67a1-41e3-a350-f896363bc636: receive RaftClientReply:client-6EDD19400D46->06a4573b-67a1-41e3-a350-f896363bc636@group-757E3781CD2A, cid=1241, SUCCESS, logIndex=1714, commits[06a4573b-67a1-41e3-a350-f896363bc636:c1714, 0b725bbf-683b-4664-9a2e-3c9dd6e38bc1:c1710, 9193e3b7-ae04-484d-a740-c65c11559486:c1710]
2019-08-24 07:08:19,557 | INFO  | DNAudit | user=null | ip=null | op=WRITE_CHUNK {blockData=conID: 1 locID: 102670696414249427 bcsId: 0} | ret=SUCCESS |  
2019-08-24 07:08:19,557 | INFO  | DNAudit | user=null | ip=null | op=PUT_BLOCK {blockData=[blockId=conID: 1 locID: 102670696414249427 bcsId: 0,size=1048576]} | ret=SUCCESS |  
2019-08-24 07:08:19,558 | INFO  | DNAudit | user=null | ip=null | op=WRITE_CHUNK {blockData=conID: 1 locID: 102670696414249427 bcsId: 0} | ret=SUCCESS |  
2019-08-24 07:08:19,558 | INFO  | DNAudit | user=null | ip=null | op=WRITE_CHUNK {blockData=conID: 1 locID: 102670696414249427 bcsId: 0} | ret=SUCCESS |  
2019-08-24 07:08:19,558 | INFO  | DNAudit | user=null | ip=null | op=PUT_BLOCK {blockData=[blockId=conID: 1 locID: 102670696414249427 bcsId: 0,size=1048576]} | ret=SUCCESS |  
2019-08-24 07:08:19,558 | INFO  | DNAudit | user=null | ip=null | op=PUT_BLOCK {blockData=[blockId=conID: 1 locID: 102670696414249427 bcsId: 0,size=2097152]} | ret=SUCCESS |  
2019-08-24 07:08:19,559 [grpc-default-executor-0] INFO  client.GrpcClientProtocolClient (GrpcClientProtocolClient.java:onNext(255)) - client-6EDD19400D46->06a4573b-67a1-41e3-a350-f896363bc636: receive RaftClientReply:client-6EDD19400D46->06a4573b-67a1-41e3-a350-f896363bc636@group-757E3781CD2A, cid=1242, SUCCESS, logIndex=0, commits[06a4573b-67a1-41e3-a350-f896363bc636:c1716, 0b725bbf-683b-4664-9a2e-3c9dd6e38bc1:c1712, 9193e3b7-ae04-484d-a740-c65c11559486:c1712]
2019-08-24 07:08:19,560 | INFO  | DNAudit | user=null | ip=null | op=WRITE_CHUNK {blockData=conID: 1 locID: 102670696414249427 bcsId: 0} | ret=SUCCESS |  
2019-08-24 07:08:19,561 | INFO  | DNAudit | user=null | ip=null | op=PUT_BLOCK {blockData=[blockId=conID: 1 locID: 102670696414249427 bcsId: 0,size=2097152]} | ret=SUCCESS |  
2019-08-24 07:08:19,568 | INFO  | DNAudit | user=null | ip=null | op=WRITE_CHUNK {blockData=conID: 1 locID: 102670696414249427 bcsId: 1714} | ret=SUCCESS |  
2019-08-24 07:08:19,572 | INFO  | DNAudit | user=null | ip=null | op=WRITE_CHUNK {blockData=conID: 1 locID: 102670696414249427 bcsId: 1714} | ret=SUCCESS |  
2019-08-24 07:08:19,572 | INFO  | DNAudit | user=null | ip=null | op=WRITE_CHUNK {blockData=conID: 1 locID: 102670696414249427 bcsId: 1714} | ret=SUCCESS |  
2019-08-24 07:08:19,574 | INFO  | DNAudit | user=null | ip=null | op=WRITE_CHUNK {blockData=conID: 1 locID: 102670696414249427 bcsId: 1714} | ret=SUCCESS |  
2019-08-24 07:08:19,575 | INFO  | DNAudit | user=null | ip=null | op=PUT_BLOCK {blockData=[blockId=conID: 1 locID: 102670696414249427 bcsId: 0,size=3145728]} | ret=SUCCESS |  
2019-08-24 07:08:19,575 [grpc-default-executor-0] INFO  client.GrpcClientProtocolClient (GrpcClientProtocolClient.java:onNext(255)) - client-6EDD19400D46->06a4573b-67a1-41e3-a350-f896363bc636: receive RaftClientReply:client-6EDD19400D46->06a4573b-67a1-41e3-a350-f896363bc636@group-757E3781CD2A, cid=1243, SUCCESS, logIndex=1719, commits[06a4573b-67a1-41e3-a350-f896363bc636:c1720, 0b725bbf-683b-4664-9a2e-3c9dd6e38bc1:c1718, 9193e3b7-ae04-484d-a740-c65c11559486:c1718]
2019-08-24 07:08:19,576 [grpc-default-executor-0] INFO  client.GrpcClientProtocolClient (GrpcClientProtocolClient.java:onNext(255)) - client-6EDD19400D46->06a4573b-67a1-41e3-a350-f896363bc636: receive RaftClientReply:client-6EDD19400D46->06a4573b-67a1-41e3-a350-f896363bc636@group-757E3781CD2A, cid=1244, SUCCESS, logIndex=1720, commits[06a4573b-67a1-41e3-a350-f896363bc636:c1720, 0b725bbf-683b-4664-9a2e-3c9dd6e38bc1:c1718, 9193e3b7-ae04-484d-a740-c65c11559486:c1718]
2019-08-24 07:08:19,584 | INFO  | DNAudit | user=null | ip=null | op=WRITE_CHUNK {blockData=conID: 1 locID: 102670696414249427 bcsId: 1720} | ret=SUCCESS |  
2019-08-24 07:08:19,586 | INFO  | DNAudit | user=null | ip=null | op=WRITE_CHUNK {blockData=conID: 1 locID: 102670696414249427 bcsId: 1714} | ret=SUCCESS |  
2019-08-24 07:08:19,586 | INFO  | DNAudit | user=null | ip=null | op=WRITE_CHUNK {blockData=conID: 1 locID: 102670696414249427 bcsId: 1714} | ret=SUCCESS |  
2019-08-24 07:08:19,587 | INFO  | DNAudit | user=null | ip=null | op=PUT_BLOCK {blockData=[blockId=conID: 1 locID: 102670696414249427 bcsId: 0,size=3145728]} | ret=SUCCESS |  
2019-08-24 07:08:19,587 | INFO  | DNAudit | user=null | ip=null | op=PUT_BLOCK {blockData=[blockId=conID: 1 locID: 102670696414249427 bcsId: 0,size=3145728]} | ret=SUCCESS |  
2019-08-24 07:08:19,588 | INFO  | DNAudit | user=null | ip=null | op=WRITE_CHUNK {blockData=conID: 1 locID: 102670696414249427 bcsId: 1720} | ret=SUCCESS |  
2019-08-24 07:08:19,588 | INFO  | DNAudit | user=null | ip=null | op=WRITE_CHUNK {blockData=conID: 1 locID: 102670696414249427 bcsId: 1720} | ret=SUCCESS |  
2019-08-24 07:08:19,601 | INFO  | DNAudit | user=null | ip=null | op=WRITE_CHUNK {blockData=conID: 1 locID: 102670696414249427 bcsId: 1720} | ret=SUCCESS |  
2019-08-24 07:08:19,601 | INFO  | DNAudit | user=null | ip=null | op=PUT_BLOCK {blockData=[blockId=conID: 1 locID: 102670696414249427 bcsId: 0,size=4194304]} | ret=SUCCESS |  
2019-08-24 07:08:19,602 [grpc-default-executor-1] INFO  client.GrpcClientProtocolClient (GrpcClientProtocolClient.java:onNext(255)) - client-6EDD19400D46->06a4573b-67a1-41e3-a350-f896363bc636: receive RaftClientReply:client-6EDD19400D46->06a4573b-67a1-41e3-a350-f896363bc636@group-757E3781CD2A, cid=1245, SUCCESS, logIndex=1723, commits[06a4573b-67a1-41e3-a350-f896363bc636:c1724, 0b725bbf-683b-4664-9a2e-3c9dd6e38bc1:c1720, 9193e3b7-ae04-484d-a740-c65c11559486:c1720]
2019-08-24 07:08:19,602 [grpc-default-executor-1] INFO  client.GrpcClientProtocolClient (GrpcClientProtocolClient.java:onNext(255)) - client-6EDD19400D46->06a4573b-67a1-41e3-a350-f896363bc636: receive RaftClientReply:client-6EDD19400D46->06a4573b-67a1-41e3-a350-f896363bc636@group-757E3781CD2A, cid=1246, SUCCESS, logIndex=1724, commits[06a4573b-67a1-41e3-a350-f896363bc636:c1724, 0b725bbf-683b-4664-9a2e-3c9dd6e38bc1:c1720, 9193e3b7-ae04-484d-a740-c65c11559486:c1720]
2019-08-24 07:08:19,613 | INFO  | DNAudit | user=null | ip=null | op=WRITE_CHUNK {blockData=conID: 1 locID: 102670696414249427 bcsId: 1720} | ret=SUCCESS |  
2019-08-24 07:08:19,613 | INFO  | DNAudit | user=null | ip=null | op=WRITE_CHUNK {blockData=conID: 1 locID: 102670696414249427 bcsId: 1720} | ret=SUCCESS |  
2019-08-24 07:08:19,613 | INFO  | DNAudit | user=null | ip=null | op=PUT_BLOCK {blockData=[blockId=conID: 1 locID: 102670696414249427 bcsId: 0,size=4194304]} | ret=SUCCESS |  
2019-08-24 07:08:19,613 | INFO  | DNAudit | user=null | ip=null | op=PUT_BLOCK {blockData=[blockId=conID: 1 locID: 102670696414249427 bcsId: 0,size=4194304]} | ret=SUCCESS |  
2019-08-24 07:08:19,614 [grpc-default-executor-1] INFO  client.GrpcClientProtocolClient (GrpcClientProtocolClient.java:onNext(255)) - client-6EDD19400D46->06a4573b-67a1-41e3-a350-f896363bc636: receive RaftClientReply:client-6EDD19400D46->06a4573b-67a1-41e3-a350-f896363bc636@group-757E3781CD2A, cid=1247, SUCCESS, logIndex=0, commits[06a4573b-67a1-41e3-a350-f896363bc636:c1725, 0b725bbf-683b-4664-9a2e-3c9dd6e38bc1:c1724, 9193e3b7-ae04-484d-a740-c65c11559486:c1724]
2019-08-24 07:08:19,621 | INFO  | SCMAudit | user=jenkins1000 | ip=192.168.69.125 | op=ALLOCATE_BLOCK {owner=61bacca8-15b6-4a50-8962-5e9786b18b0d, size=4194304, type=RATIS, factor=THREE} | ret=SUCCESS |  
2019-08-24 07:08:19,624 | INFO  | OMAudit | user=jenkins1000 | ip=127.0.0.1 | op=ALLOCATE_BLOCK {volume=vol-0-26988, bucket=bucket-0-20739, key=key-0-27353, dataSize=0, replicationType=null, replicationFactor=null, keyLocationInfo=null, clientID=102670695851229586} | ret=SUCCESS |  
2019-08-24 07:08:19,636 | INFO  | DNAudit | user=null | ip=null | op=WRITE_CHUNK {blockData=conID: 2 locID: 102670696423162324 bcsId: 0} | ret=SUCCESS |  
2019-08-24 07:08:19,640 | INFO  | DNAudit | user=null | ip=null | op=WRITE_CHUNK {blockData=conID: 2 locID: 102670696423162324 bcsId: 0} | ret=SUCCESS |  
2019-08-24 07:08:19,640 | INFO  | DNAudit | user=null | ip=null | op=WRITE_CHUNK {blockData=conID: 2 locID: 102670696423162324 bcsId: 0} | ret=SUCCESS |  
2019-08-24 07:08:19,641 | INFO  | DNAudit | user=null | ip=null | op=WRITE_CHUNK {blockData=conID: 2 locID: 102670696423162324 bcsId: 0} | ret=SUCCESS |  
2019-08-24 07:08:19,644 | INFO  | DNAudit | user=null | ip=null | op=WRITE_CHUNK {blockData=conID: 2 locID: 102670696423162324 bcsId: 0} | ret=SUCCESS |  
2019-08-24 07:08:19,644 | INFO  | DNAudit | user=null | ip=null | op=WRITE_CHUNK {blockData=conID: 2 locID: 102670696423162324 bcsId: 0} | ret=SUCCESS |  
2019-08-24 07:08:19,649 | INFO  | DNAudit | user=null | ip=null | op=WRITE_CHUNK {blockData=conID: 2 locID: 102670696423162324 bcsId: 0} | ret=SUCCESS |  
2019-08-24 07:08:19,650 | INFO  | DNAudit | user=null | ip=null | op=PUT_BLOCK {blockData=[blockId=conID: 2 locID: 102670696423162324 bcsId: 0,size=1048576]} | ret=SUCCESS |  
2019-08-24 07:08:19,650 | INFO  | DNAudit | user=null | ip=null | op=WRITE_CHUNK {blockData=conID: 2 locID: 102670696423162324 bcsId: 0} | ret=SUCCESS |  
2019-08-24 07:08:19,651 | INFO  | DNAudit | user=null | ip=null | op=PUT_BLOCK {blockData=[blockId=conID: 2 locID: 102670696423162324 bcsId: 0,size=2097152]} | ret=SUCCESS |  
2019-08-24 07:08:19,651 [grpc-default-executor-2] INFO  client.GrpcClientProtocolClient (GrpcClientProtocolClient.java:onNext(255)) - client-6EDD19400D46->06a4573b-67a1-41e3-a350-f896363bc636: receive RaftClientReply:client-6EDD19400D46->06a4573b-67a1-41e3-a350-f896363bc636@group-757E3781CD2A, cid=1248, SUCCESS, logIndex=1727, commits[06a4573b-67a1-41e3-a350-f896363bc636:c1728, 0b725bbf-683b-4664-9a2e-3c9dd6e38bc1:c1726, 9193e3b7-ae04-484d-a740-c65c11559486:c1726]
2019-08-24 07:08:19,652 [grpc-default-executor-2] INFO  client.GrpcClientProtocolClient (GrpcClientProtocolClient.java:onNext(255)) - client-6EDD19400D46->06a4573b-67a1-41e3-a350-f896363bc636: receive RaftClientReply:client-6EDD19400D46->06a4573b-67a1-41e3-a350-f896363bc636@group-757E3781CD2A, cid=1249, SUCCESS, logIndex=1728, commits[06a4573b-67a1-41e3-a350-f896363bc636:c1729, 0b725bbf-683b-4664-9a2e-3c9dd6e38bc1:c1726, 9193e3b7-ae04-484d-a740-c65c11559486:c1726]
2019-08-24 07:08:19,652 [grpc-default-executor-2] INFO  client.GrpcClientProtocolClient (GrpcClientProtocolClient.java:onNext(255)) - client-6EDD19400D46->06a4573b-67a1-41e3-a350-f896363bc636: receive RaftClientReply:client-6EDD19400D46->06a4573b-67a1-41e3-a350-f896363bc636@group-757E3781CD2A, cid=1250, SUCCESS, logIndex=1729, commits[06a4573b-67a1-41e3-a350-f896363bc636:c1730, 0b725bbf-683b-4664-9a2e-3c9dd6e38bc1:c1726, 9193e3b7-ae04-484d-a740-c65c11559486:c1726]
2019-08-24 07:08:19,653 [grpc-default-executor-2] INFO  client.GrpcClientProtocolClient (GrpcClientProtocolClient.java:onNext(255)) - client-6EDD19400D46->06a4573b-67a1-41e3-a350-f896363bc636: receive RaftClientReply:client-6EDD19400D46->06a4573b-67a1-41e3-a350-f896363bc636@group-757E3781CD2A, cid=1251, SUCCESS, logIndex=1730, commits[06a4573b-67a1-41e3-a350-f896363bc636:c1730, 0b725bbf-683b-4664-9a2e-3c9dd6e38bc1:c1726, 9193e3b7-ae04-484d-a740-c65c11559486:c1726]
2019-08-24 07:08:19,662 | INFO  | DNAudit | user=null | ip=null | op=WRITE_CHUNK {blockData=conID: 2 locID: 102670696423162324 bcsId: 0} | ret=SUCCESS |  
2019-08-24 07:08:19,662 | INFO  | DNAudit | user=null | ip=null | op=PUT_BLOCK {blockData=[blockId=conID: 2 locID: 102670696423162324 bcsId: 0,size=1048576]} | ret=SUCCESS |  
2019-08-24 07:08:19,664 | INFO  | DNAudit | user=null | ip=null | op=WRITE_CHUNK {blockData=conID: 2 locID: 102670696423162324 bcsId: 0} | ret=SUCCESS |  
2019-08-24 07:08:19,664 | INFO  | DNAudit | user=null | ip=null | op=PUT_BLOCK {blockData=[blockId=conID: 2 locID: 102670696423162324 bcsId: 0,size=1048576]} | ret=SUCCESS |  
2019-08-24 07:08:19,664 | INFO  | DNAudit | user=null | ip=null | op=WRITE_CHUNK {blockData=conID: 2 locID: 102670696423162324 bcsId: 0} | ret=SUCCESS |  
2019-08-24 07:08:19,665 | INFO  | DNAudit | user=null | ip=null | op=PUT_BLOCK {blockData=[blockId=conID: 2 locID: 102670696423162324 bcsId: 0,size=2097152]} | ret=SUCCESS |  
2019-08-24 07:08:19,665 [grpc-default-executor-2] INFO  client.GrpcClientProtocolClient (GrpcClientProtocolClient.java:onNext(255)) - client-6EDD19400D46->06a4573b-67a1-41e3-a350-f896363bc636: receive RaftClientReply:client-6EDD19400D46->06a4573b-67a1-41e3-a350-f896363bc636@group-757E3781CD2A, cid=1252, SUCCESS, logIndex=0, commits[06a4573b-67a1-41e3-a350-f896363bc636:c1732, 0b725bbf-683b-4664-9a2e-3c9dd6e38bc1:c1728, 9193e3b7-ae04-484d-a740-c65c11559486:c1728]
2019-08-24 07:08:19,674 | INFO  | DNAudit | user=null | ip=null | op=WRITE_CHUNK {blockData=conID: 2 locID: 102670696423162324 bcsId: 1730} | ret=SUCCESS |  
2019-08-24 07:08:19,676 | INFO  | DNAudit | user=null | ip=null | op=WRITE_CHUNK {blockData=conID: 2 locID: 102670696423162324 bcsId: 0} | ret=SUCCESS |  
2019-08-24 07:08:19,677 | INFO  | DNAudit | user=null | ip=null | op=PUT_BLOCK {blockData=[blockId=conID: 2 locID: 102670696423162324 bcsId: 0,size=2097152]} | ret=SUCCESS |  
2019-08-24 07:08:19,678 | INFO  | DNAudit | user=null | ip=null | op=WRITE_CHUNK {blockData=conID: 2 locID: 102670696423162324 bcsId: 1730} | ret=SUCCESS |  
2019-08-24 07:08:19,678 | INFO  | DNAudit | user=null | ip=null | op=WRITE_CHUNK {blockData=conID: 2 locID: 102670696423162324 bcsId: 1730} | ret=SUCCESS |  
2019-08-24 07:08:19,690 | INFO  | DNAudit | user=null | ip=null | op=WRITE_CHUNK {blockData=conID: 2 locID: 102670696423162324 bcsId: 1730} | ret=SUCCESS |  
2019-08-24 07:08:19,691 | INFO  | DNAudit | user=null | ip=null | op=PUT_BLOCK {blockData=[blockId=conID: 2 locID: 102670696423162324 bcsId: 0,size=3145728]} | ret=SUCCESS |  
2019-08-24 07:08:19,691 [grpc-default-executor-1] INFO  client.GrpcClientProtocolClient (GrpcClientProtocolClient.java:onNext(255)) - client-6EDD19400D46->06a4573b-67a1-41e3-a350-f896363bc636: receive RaftClientReply:client-6EDD19400D46->06a4573b-67a1-41e3-a350-f896363bc636@group-757E3781CD2A, cid=1253, SUCCESS, logIndex=1735, commits[06a4573b-67a1-41e3-a350-f896363bc636:c1736, 0b725bbf-683b-4664-9a2e-3c9dd6e38bc1:c1734, 9193e3b7-ae04-484d-a740-c65c11559486:c1734]
2019-08-24 07:08:19,692 [grpc-default-executor-1] INFO  client.GrpcClientProtocolClient (GrpcClientProtocolClient.java:onNext(255)) - client-6EDD19400D46->06a4573b-67a1-41e3-a350-f896363bc636: receive RaftClientReply:client-6EDD19400D46->06a4573b-67a1-41e3-a350-f896363bc636@group-757E3781CD2A, cid=1254, SUCCESS, logIndex=1736, commits[06a4573b-67a1-41e3-a350-f896363bc636:c1736, 0b725bbf-683b-4664-9a2e-3c9dd6e38bc1:c1734, 9193e3b7-ae04-484d-a740-c65c11559486:c1734]
2019-08-24 07:08:19,692 | INFO  | DNAudit | user=null | ip=null | op=WRITE_CHUNK {blockData=conID: 2 locID: 102670696423162324 bcsId: 1730} | ret=SUCCESS |  
2019-08-24 07:08:19,692 | INFO  | DNAudit | user=null | ip=null | op=PUT_BLOCK {blockData=[blockId=conID: 2 locID: 102670696423162324 bcsId: 0,size=3145728]} | ret=SUCCESS |  
2019-08-24 07:08:19,692 | INFO  | DNAudit | user=null | ip=null | op=WRITE_CHUNK {blockData=conID: 2 locID: 102670696423162324 bcsId: 1730} | ret=SUCCESS |  
2019-08-24 07:08:19,693 | INFO  | DNAudit | user=null | ip=null | op=PUT_BLOCK {blockData=[blockId=conID: 2 locID: 102670696423162324 bcsId: 0,size=3145728]} | ret=SUCCESS |  
2019-08-24 07:08:19,700 | INFO  | DNAudit | user=null | ip=null | op=WRITE_CHUNK {blockData=conID: 2 locID: 102670696423162324 bcsId: 1736} | ret=SUCCESS |  
2019-08-24 07:08:19,703 | INFO  | DNAudit | user=null | ip=null | op=WRITE_CHUNK {blockData=conID: 2 locID: 102670696423162324 bcsId: 1736} | ret=SUCCESS |  
2019-08-24 07:08:19,704 | INFO  | DNAudit | user=null | ip=null | op=WRITE_CHUNK {blockData=conID: 2 locID: 102670696423162324 bcsId: 1736} | ret=SUCCESS |  
2019-08-24 07:08:19,714 | INFO  | DNAudit | user=null | ip=null | op=WRITE_CHUNK {blockData=conID: 2 locID: 102670696423162324 bcsId: 1736} | ret=SUCCESS |  
2019-08-24 07:08:19,715 | INFO  | DNAudit | user=null | ip=null | op=PUT_BLOCK {blockData=[blockId=conID: 2 locID: 102670696423162324 bcsId: 0,size=4194304]} | ret=SUCCESS |  
2019-08-24 07:08:19,715 [grpc-default-executor-2] INFO  client.GrpcClientProtocolClient (GrpcClientProtocolClient.java:onNext(255)) - client-6EDD19400D46->06a4573b-67a1-41e3-a350-f896363bc636: receive RaftClientReply:client-6EDD19400D46->06a4573b-67a1-41e3-a350-f896363bc636@group-757E3781CD2A, cid=1255, SUCCESS, logIndex=1739, commits[06a4573b-67a1-41e3-a350-f896363bc636:c1740, 0b725bbf-683b-4664-9a2e-3c9dd6e38bc1:c1738, 9193e3b7-ae04-484d-a740-c65c11559486:c1738]
2019-08-24 07:08:19,716 [grpc-default-executor-2] INFO  client.GrpcClientProtocolClient (GrpcClientProtocolClient.java:onNext(255)) - client-6EDD19400D46->06a4573b-67a1-41e3-a350-f896363bc636: receive RaftClientReply:client-6EDD19400D46->06a4573b-67a1-41e3-a350-f896363bc636@group-757E3781CD2A, cid=1256, SUCCESS, logIndex=1740, commits[06a4573b-67a1-41e3-a350-f896363bc636:c1740, 0b725bbf-683b-4664-9a2e-3c9dd6e38bc1:c1738, 9193e3b7-ae04-484d-a740-c65c11559486:c1738]
2019-08-24 07:08:19,727 | INFO  | DNAudit | user=null | ip=null | op=WRITE_CHUNK {blockData=conID: 2 locID: 102670696423162324 bcsId: 1736} | ret=SUCCESS |  
2019-08-24 07:08:19,727 | INFO  | DNAudit | user=null | ip=null | op=WRITE_CHUNK {blockData=conID: 2 locID: 102670696423162324 bcsId: 1736} | ret=SUCCESS |  
2019-08-24 07:08:19,729 | INFO  | DNAudit | user=null | ip=null | op=PUT_BLOCK {blockData=[blockId=conID: 2 locID: 102670696423162324 bcsId: 0,size=4194304]} | ret=SUCCESS |  
2019-08-24 07:08:19,730 | INFO  | DNAudit | user=null | ip=null | op=PUT_BLOCK {blockData=[blockId=conID: 2 locID: 102670696423162324 bcsId: 0,size=4194304]} | ret=SUCCESS |  
2019-08-24 07:08:19,730 [grpc-default-executor-2] INFO  client.GrpcClientProtocolClient (GrpcClientProtocolClient.java:onNext(255)) - client-6EDD19400D46->06a4573b-67a1-41e3-a350-f896363bc636: receive RaftClientReply:client-6EDD19400D46->06a4573b-67a1-41e3-a350-f896363bc636@group-757E3781CD2A, cid=1257, SUCCESS, logIndex=0, commits[06a4573b-67a1-41e3-a350-f896363bc636:c1742, 0b725bbf-683b-4664-9a2e-3c9dd6e38bc1:c1740, 9193e3b7-ae04-484d-a740-c65c11559486:c1740]
2019-08-24 07:08:19,738 | INFO  | SCMAudit | user=jenkins1000 | ip=192.168.69.125 | op=ALLOCATE_BLOCK {owner=61bacca8-15b6-4a50-8962-5e9786b18b0d, size=4194304, type=RATIS, factor=THREE} | ret=SUCCESS |  
2019-08-24 07:08:19,742 | INFO  | OMAudit | user=jenkins1000 | ip=127.0.0.1 | op=ALLOCATE_BLOCK {volume=vol-0-26988, bucket=bucket-0-20739, key=key-0-27353, dataSize=0, replicationType=null, replicationFactor=null, keyLocationInfo=null, clientID=102670695851229586} | ret=SUCCESS |  
2019-08-24 07:08:19,752 | INFO  | DNAudit | user=null | ip=null | op=WRITE_CHUNK {blockData=conID: 3 locID: 102670696430830037 bcsId: 0} | ret=SUCCESS |  
2019-08-24 07:08:19,755 | INFO  | DNAudit | user=null | ip=null | op=WRITE_CHUNK {blockData=conID: 3 locID: 102670696430830037 bcsId: 0} | ret=SUCCESS |  
2019-08-24 07:08:19,756 | INFO  | DNAudit | user=null | ip=null | op=WRITE_CHUNK {blockData=conID: 3 locID: 102670696430830037 bcsId: 0} | ret=SUCCESS |  
2019-08-24 07:08:19,756 | INFO  | DNAudit | user=null | ip=null | op=WRITE_CHUNK {blockData=conID: 3 locID: 102670696430830037 bcsId: 0} | ret=SUCCESS |  
2019-08-24 07:08:19,757 | INFO  | DNAudit | user=null | ip=null | op=WRITE_CHUNK {blockData=conID: 3 locID: 102670696430830037 bcsId: 0} | ret=SUCCESS |  
2019-08-24 07:08:19,758 | INFO  | DNAudit | user=null | ip=null | op=WRITE_CHUNK {blockData=conID: 3 locID: 102670696430830037 bcsId: 0} | ret=SUCCESS |  
2019-08-24 07:08:19,767 | INFO  | DNAudit | user=null | ip=null | op=WRITE_CHUNK {blockData=conID: 3 locID: 102670696430830037 bcsId: 0} | ret=SUCCESS |  
2019-08-24 07:08:19,768 | INFO  | DNAudit | user=null | ip=null | op=PUT_BLOCK {blockData=[blockId=conID: 3 locID: 102670696430830037 bcsId: 0,size=1048576]} | ret=SUCCESS |  
2019-08-24 07:08:19,768 [grpc-default-executor-5] INFO  client.GrpcClientProtocolClient (GrpcClientProtocolClient.java:onNext(255)) - client-6EDD19400D46->06a4573b-67a1-41e3-a350-f896363bc636: receive RaftClientReply:client-6EDD19400D46->06a4573b-67a1-41e3-a350-f896363bc636@group-757E3781CD2A, cid=1258, SUCCESS, logIndex=1743, commits[06a4573b-67a1-41e3-a350-f896363bc636:c1744, 0b725bbf-683b-4664-9a2e-3c9dd6e38bc1:c1742, 9193e3b7-ae04-484d-a740-c65c11559486:c1742]
2019-08-24 07:08:19,768 [grpc-default-executor-5] INFO  client.GrpcClientProtocolClient (GrpcClientProtocolClient.java:onNext(255)) - client-6EDD19400D46->06a4573b-67a1-41e3-a350-f896363bc636: receive RaftClientReply:client-6EDD19400D46->06a4573b-67a1-41e3-a350-f896363bc636@group-757E3781CD2A, cid=1259, SUCCESS, logIndex=1744, commits[06a4573b-67a1-41e3-a350-f896363bc636:c1744, 0b725bbf-683b-4664-9a2e-3c9dd6e38bc1:c1742, 9193e3b7-ae04-484d-a740-c65c11559486:c1742]
2019-08-24 07:08:19,776 | INFO  | DNAudit | user=null | ip=null | op=WRITE_CHUNK {blockData=conID: 3 locID: 102670696430830037 bcsId: 0} | ret=SUCCESS |  
2019-08-24 07:08:19,776 | INFO  | DNAudit | user=null | ip=null | op=PUT_BLOCK {blockData=[blockId=conID: 3 locID: 102670696430830037 bcsId: 0,size=2097152]} | ret=SUCCESS |  
2019-08-24 07:08:19,777 [grpc-default-executor-5] INFO  client.GrpcClientProtocolClient (GrpcClientProtocolClient.java:onNext(255)) - client-6EDD19400D46->06a4573b-67a1-41e3-a350-f896363bc636: receive RaftClientReply:client-6EDD19400D46->06a4573b-67a1-41e3-a350-f896363bc636@group-757E3781CD2A, cid=1260, SUCCESS, logIndex=1745, commits[06a4573b-67a1-41e3-a350-f896363bc636:c1746, 0b725bbf-683b-4664-9a2e-3c9dd6e38bc1:c1742, 9193e3b7-ae04-484d-a740-c65c11559486:c1742]
2019-08-24 07:08:19,777 [grpc-default-executor-5] INFO  client.GrpcClientProtocolClient (GrpcClientProtocolClient.java:onNext(255)) - client-6EDD19400D46->06a4573b-67a1-41e3-a350-f896363bc636: receive RaftClientReply:client-6EDD19400D46->06a4573b-67a1-41e3-a350-f896363bc636@group-757E3781CD2A, cid=1261, SUCCESS, logIndex=1746, commits[06a4573b-67a1-41e3-a350-f896363bc636:c1746, 0b725bbf-683b-4664-9a2e-3c9dd6e38bc1:c1742, 9193e3b7-ae04-484d-a740-c65c11559486:c1742]
2019-08-24 07:08:19,780 | INFO  | DNAudit | user=null | ip=null | op=WRITE_CHUNK {blockData=conID: 3 locID: 102670696430830037 bcsId: 0} | ret=SUCCESS |  
2019-08-24 07:08:19,780 | INFO  | DNAudit | user=null | ip=null | op=WRITE_CHUNK {blockData=conID: 3 locID: 102670696430830037 bcsId: 0} | ret=SUCCESS |  
2019-08-24 07:08:19,780 | INFO  | DNAudit | user=null | ip=null | op=PUT_BLOCK {blockData=[blockId=conID: 3 locID: 102670696430830037 bcsId: 0,size=1048576]} | ret=SUCCESS |  
2019-08-24 07:08:19,781 | INFO  | DNAudit | user=null | ip=null | op=PUT_BLOCK {blockData=[blockId=conID: 3 locID: 102670696430830037 bcsId: 0,size=1048576]} | ret=SUCCESS |  
2019-08-24 07:08:19,781 [grpc-default-executor-5] INFO  client.GrpcClientProtocolClient (GrpcClientProtocolClient.java:onNext(255)) - client-6EDD19400D46->06a4573b-67a1-41e3-a350-f896363bc636: receive RaftClientReply:client-6EDD19400D46->06a4573b-67a1-41e3-a350-f896363bc636@group-757E3781CD2A, cid=1262, SUCCESS, logIndex=0, commits[06a4573b-67a1-41e3-a350-f896363bc636:c1746, 0b725bbf-683b-4664-9a2e-3c9dd6e38bc1:c1744, 9193e3b7-ae04-484d-a740-c65c11559486:c1744]
2019-08-24 07:08:19,791 | INFO  | DNAudit | user=null | ip=null | op=WRITE_CHUNK {blockData=conID: 3 locID: 102670696430830037 bcsId: 1746} | ret=SUCCESS |  
2019-08-24 07:08:19,794 | INFO  | DNAudit | user=null | ip=null | op=WRITE_CHUNK {blockData=conID: 3 locID: 102670696430830037 bcsId: 1746} | ret=SUCCESS |  
2019-08-24 07:08:19,795 | INFO  | DNAudit | user=null | ip=null | op=WRITE_CHUNK {blockData=conID: 3 locID: 102670696430830037 bcsId: 1746} | ret=SUCCESS |  
2019-08-24 07:08:19,827 | INFO  | SCMAudit | user=jenkins1000 | ip=192.168.69.125 | op=SEND_HEARTBEAT {datanodeUUID=b8548da6-9cc6-46be-8dd4-5219531f5960, command=[]} | ret=SUCCESS |  
 0.00% |█                                                                                                    |  0/1 Time: 0:00:092019-08-24 07:08:20,428 | INFO  | SCMAudit | user=jenkins1000 | ip=192.168.69.125 | op=SEND_HEARTBEAT {datanodeUUID=06a4573b-67a1-41e3-a350-f896363bc636, command=[]} | ret=SUCCESS |  
2019-08-24 07:08:20,429 | INFO  | SCMAudit | user=jenkins1000 | ip=192.168.69.125 | op=SEND_HEARTBEAT {datanodeUUID=9193e3b7-ae04-484d-a740-c65c11559486, command=[]} | ret=SUCCESS |  
2019-08-24 07:08:20,429 | INFO  | SCMAudit | user=jenkins1000 | ip=192.168.69.125 | op=SEND_HEARTBEAT {datanodeUUID=0b725bbf-683b-4664-9a2e-3c9dd6e38bc1, command=[]} | ret=SUCCESS |  
2019-08-24 07:08:20,429 | INFO  | SCMAudit | user=jenkins1000 | ip=192.168.69.125 | op=SEND_HEARTBEAT {datanodeUUID=25ce0803-6f34-4c69-82c0-892f08679042, command=[]} | ret=SUCCESS |  
2019-08-24 07:08:20,829 | INFO  | SCMAudit | user=jenkins1000 | ip=192.168.69.125 | op=SEND_HEARTBEAT {datanodeUUID=b8548da6-9cc6-46be-8dd4-5219531f5960, command=[]} | ret=SUCCESS |  
 0.00% |█                                                                                                    |  0/1 Time: 0:00:102019-08-24 07:08:21,429 | INFO  | SCMAudit | user=jenkins1000 | ip=192.168.69.125 | op=SEND_HEARTBEAT {datanodeUUID=06a4573b-67a1-41e3-a350-f896363bc636, command=[]} | ret=SUCCESS |  
2019-08-24 07:08:21,429 | INFO  | SCMAudit | user=jenkins1000 | ip=192.168.69.125 | op=SEND_HEARTBEAT {datanodeUUID=9193e3b7-ae04-484d-a740-c65c11559486, command=[]} | ret=SUCCESS |  
2019-08-24 07:08:21,429 | INFO  | SCMAudit | user=jenkins1000 | ip=192.168.69.125 | op=SEND_HEARTBEAT {datanodeUUID=25ce0803-6f34-4c69-82c0-892f08679042, command=[]} | ret=SUCCESS |  
2019-08-24 07:08:21,429 | INFO  | SCMAudit | user=jenkins1000 | ip=192.168.69.125 | op=SEND_HEARTBEAT {datanodeUUID=0b725bbf-683b-4664-9a2e-3c9dd6e38bc1, command=[]} | ret=SUCCESS |  
2019-08-24 07:08:21,828 | INFO  | SCMAudit | user=jenkins1000 | ip=192.168.69.125 | op=SEND_HEARTBEAT {datanodeUUID=b8548da6-9cc6-46be-8dd4-5219531f5960, command=[]} | ret=SUCCESS |  
 0.00% |█                                                                                                    |  0/1 Time: 0:00:112019-08-24 07:08:22,429 | INFO  | SCMAudit | user=jenkins1000 | ip=192.168.69.125 | op=SEND_HEARTBEAT {datanodeUUID=0b725bbf-683b-4664-9a2e-3c9dd6e38bc1, command=[]} | ret=SUCCESS |  
2019-08-24 07:08:22,429 | INFO  | SCMAudit | user=jenkins1000 | ip=192.168.69.125 | op=SEND_HEARTBEAT {datanodeUUID=06a4573b-67a1-41e3-a350-f896363bc636, command=[]} | ret=SUCCESS |  
2019-08-24 07:08:22,429 | INFO  | SCMAudit | user=jenkins1000 | ip=192.168.69.125 | op=SEND_HEARTBEAT {datanodeUUID=25ce0803-6f34-4c69-82c0-892f08679042, command=[]} | ret=SUCCESS |  
2019-08-24 07:08:22,429 | INFO  | SCMAudit | user=jenkins1000 | ip=192.168.69.125 | op=SEND_HEARTBEAT {datanodeUUID=9193e3b7-ae04-484d-a740-c65c11559486, command=[]} | ret=SUCCESS |  
2019-08-24 07:08:22,636 | INFO  | DNAudit | user=null | ip=null | op=WRITE_CHUNK {blockData=conID: 3 locID: 102670696430830037 bcsId: 0} | ret=SUCCESS |  
2019-08-24 07:08:22,636 | INFO  | DNAudit | user=null | ip=null | op=WRITE_CHUNK {blockData=conID: 3 locID: 102670696430830037 bcsId: 0} | ret=SUCCESS |  
2019-08-24 07:08:22,636 | INFO  | DNAudit | user=null | ip=null | op=WRITE_CHUNK {blockData=conID: 3 locID: 102670696430830037 bcsId: 1746} | ret=SUCCESS |  
2019-08-24 07:08:22,637 | INFO  | DNAudit | user=null | ip=null | op=PUT_BLOCK {blockData=[blockId=conID: 3 locID: 102670696430830037 bcsId: 0,size=2097152]} | ret=SUCCESS |  
2019-08-24 07:08:22,637 | INFO  | DNAudit | user=null | ip=null | op=PUT_BLOCK {blockData=[blockId=conID: 3 locID: 102670696430830037 bcsId: 0,size=3145728]} | ret=SUCCESS |  
2019-08-24 07:08:22,637 | INFO  | DNAudit | user=null | ip=null | op=PUT_BLOCK {blockData=[blockId=conID: 3 locID: 102670696430830037 bcsId: 0,size=2097152]} | ret=SUCCESS |  
2019-08-24 07:08:22,638 [grpc-default-executor-2] INFO  client.GrpcClientProtocolClient (GrpcClientProtocolClient.java:onNext(255)) - client-6EDD19400D46->06a4573b-67a1-41e3-a350-f896363bc636: receive RaftClientReply:client-6EDD19400D46->06a4573b-67a1-41e3-a350-f896363bc636@group-757E3781CD2A, cid=1263, SUCCESS, logIndex=1751, commits[06a4573b-67a1-41e3-a350-f896363bc636:c1752, 0b725bbf-683b-4664-9a2e-3c9dd6e38bc1:c1746, 9193e3b7-ae04-484d-a740-c65c11559486:c1746]
2019-08-24 07:08:22,639 [grpc-default-executor-2] INFO  client.GrpcClientProtocolClient (GrpcClientProtocolClient.java:onNext(255)) - client-6EDD19400D46->06a4573b-67a1-41e3-a350-f896363bc636: receive RaftClientReply:client-6EDD19400D46->06a4573b-67a1-41e3-a350-f896363bc636@group-757E3781CD2A, cid=1264, SUCCESS, logIndex=1752, commits[06a4573b-67a1-41e3-a350-f896363bc636:c1752, 0b725bbf-683b-4664-9a2e-3c9dd6e38bc1:c1746, 9193e3b7-ae04-484d-a740-c65c11559486:c1746]
2019-08-24 07:08:22,645 | INFO  | DNAudit | user=null | ip=null | op=WRITE_CHUNK {blockData=conID: 3 locID: 102670696430830037 bcsId: 1746} | ret=SUCCESS |  
2019-08-24 07:08:22,645 | INFO  | DNAudit | user=null | ip=null | op=WRITE_CHUNK {blockData=conID: 3 locID: 102670696430830037 bcsId: 1746} | ret=SUCCESS |  
2019-08-24 07:08:22,646 | INFO  | DNAudit | user=null | ip=null | op=PUT_BLOCK {blockData=[blockId=conID: 3 locID: 102670696430830037 bcsId: 0,size=3145728]} | ret=SUCCESS |  
2019-08-24 07:08:22,646 | INFO  | DNAudit | user=null | ip=null | op=PUT_BLOCK {blockData=[blockId=conID: 3 locID: 102670696430830037 bcsId: 0,size=3145728]} | ret=SUCCESS |  
2019-08-24 07:08:22,653 | INFO  | DNAudit | user=null | ip=null | op=WRITE_CHUNK {blockData=conID: 3 locID: 102670696430830037 bcsId: 1752} | ret=SUCCESS |  
2019-08-24 07:08:22,660 | INFO  | DNAudit | user=null | ip=null | op=WRITE_CHUNK {blockData=conID: 3 locID: 102670696430830037 bcsId: 1752} | ret=SUCCESS |  
2019-08-24 07:08:22,660 | INFO  | DNAudit | user=null | ip=null | op=WRITE_CHUNK {blockData=conID: 3 locID: 102670696430830037 bcsId: 1752} | ret=SUCCESS |  
2019-08-24 07:08:22,667 | INFO  | DNAudit | user=null | ip=null | op=WRITE_CHUNK {blockData=conID: 3 locID: 102670696430830037 bcsId: 1752} | ret=SUCCESS |  
2019-08-24 07:08:22,668 | INFO  | DNAudit | user=null | ip=null | op=PUT_BLOCK {blockData=[blockId=conID: 3 locID: 102670696430830037 bcsId: 0,size=4194304]} | ret=SUCCESS |  
2019-08-24 07:08:22,668 [grpc-default-executor-5] INFO  client.GrpcClientProtocolClient (GrpcClientProtocolClient.java:onNext(255)) - client-6EDD19400D46->06a4573b-67a1-41e3-a350-f896363bc636: receive RaftClientReply:client-6EDD19400D46->06a4573b-67a1-41e3-a350-f896363bc636@group-757E3781CD2A, cid=1265, SUCCESS, logIndex=1755, commits[06a4573b-67a1-41e3-a350-f896363bc636:c1756, 0b725bbf-683b-4664-9a2e-3c9dd6e38bc1:c1754, 9193e3b7-ae04-484d-a740-c65c11559486:c1754]
2019-08-24 07:08:22,669 [grpc-default-executor-5] INFO  client.GrpcClientProtocolClient (GrpcClientProtocolClient.java:onNext(255)) - client-6EDD19400D46->06a4573b-67a1-41e3-a350-f896363bc636: receive RaftClientReply:client-6EDD19400D46->06a4573b-67a1-41e3-a350-f896363bc636@group-757E3781CD2A, cid=1266, SUCCESS, logIndex=1756, commits[06a4573b-67a1-41e3-a350-f896363bc636:c1756, 0b725bbf-683b-4664-9a2e-3c9dd6e38bc1:c1754, 9193e3b7-ae04-484d-a740-c65c11559486:c1754]
2019-08-24 07:08:22,680 | INFO  | DNAudit | user=null | ip=null | op=WRITE_CHUNK {blockData=conID: 3 locID: 102670696430830037 bcsId: 1752} | ret=SUCCESS |  
2019-08-24 07:08:22,680 | INFO  | DNAudit | user=null | ip=null | op=WRITE_CHUNK {blockData=conID: 3 locID: 102670696430830037 bcsId: 1752} | ret=SUCCESS |  
2019-08-24 07:08:22,681 | INFO  | DNAudit | user=null | ip=null | op=PUT_BLOCK {blockData=[blockId=conID: 3 locID: 102670696430830037 bcsId: 0,size=4194304]} | ret=SUCCESS |  
2019-08-24 07:08:22,682 | INFO  | DNAudit | user=null | ip=null | op=PUT_BLOCK {blockData=[blockId=conID: 3 locID: 102670696430830037 bcsId: 0,size=4194304]} | ret=SUCCESS |  
2019-08-24 07:08:22,683 [grpc-default-executor-0] INFO  client.GrpcClientProtocolClient (GrpcClientProtocolClient.java:onNext(255)) - client-6EDD19400D46->06a4573b-67a1-41e3-a350-f896363bc636: receive RaftClientReply:client-6EDD19400D46->06a4573b-67a1-41e3-a350-f896363bc636@group-757E3781CD2A, cid=1267, SUCCESS, logIndex=0, commits[06a4573b-67a1-41e3-a350-f896363bc636:c1758, 0b725bbf-683b-4664-9a2e-3c9dd6e38bc1:c1756, 9193e3b7-ae04-484d-a740-c65c11559486:c1756]
2019-08-24 07:08:22,694 | INFO  | SCMAudit | user=jenkins1000 | ip=192.168.69.125 | op=ALLOCATE_BLOCK {owner=61bacca8-15b6-4a50-8962-5e9786b18b0d, size=4194304, type=RATIS, factor=THREE} | ret=SUCCESS |  
2019-08-24 07:08:22,699 | INFO  | OMAudit | user=jenkins1000 | ip=127.0.0.1 | op=ALLOCATE_BLOCK {volume=vol-0-26988, bucket=bucket-0-20739, key=key-0-27353, dataSize=0, replicationType=null, replicationFactor=null, keyLocationInfo=null, clientID=102670695851229586} | ret=SUCCESS |  
2019-08-24 07:08:22,711 | INFO  | DNAudit | user=null | ip=null | op=WRITE_CHUNK {blockData=conID: 1 locID: 102670696624554454 bcsId: 0} | ret=SUCCESS |  
2019-08-24 07:08:22,718 | INFO  | DNAudit | user=null | ip=null | op=WRITE_CHUNK {blockData=conID: 1 locID: 102670696624554454 bcsId: 0} | ret=SUCCESS |  
2019-08-24 07:08:22,719 | INFO  | DNAudit | user=null | ip=null | op=WRITE_CHUNK {blockData=conID: 1 locID: 102670696624554454 bcsId: 0} | ret=SUCCESS |  
2019-08-24 07:08:22,719 | INFO  | DNAudit | user=null | ip=null | op=WRITE_CHUNK {blockData=conID: 1 locID: 102670696624554454 bcsId: 0} | ret=SUCCESS |  
2019-08-24 07:08:22,723 | INFO  | DNAudit | user=null | ip=null | op=WRITE_CHUNK {blockData=conID: 1 locID: 102670696624554454 bcsId: 0} | ret=SUCCESS |  
2019-08-24 07:08:22,724 | INFO  | DNAudit | user=null | ip=null | op=WRITE_CHUNK {blockData=conID: 1 locID: 102670696624554454 bcsId: 0} | ret=SUCCESS |  
2019-08-24 07:08:22,724 | INFO  | DNAudit | user=null | ip=null | op=PUT_BLOCK {blockData=[blockId=conID: 1 locID: 102670696624554454 bcsId: 0,size=1048576]} | ret=SUCCESS |  
2019-08-24 07:08:22,724 | INFO  | DNAudit | user=null | ip=null | op=WRITE_CHUNK {blockData=conID: 1 locID: 102670696624554454 bcsId: 0} | ret=SUCCESS |  
2019-08-24 07:08:22,725 [grpc-default-executor-5] INFO  client.GrpcClientProtocolClient (GrpcClientProtocolClient.java:onNext(255)) - client-6EDD19400D46->06a4573b-67a1-41e3-a350-f896363bc636: receive RaftClientReply:client-6EDD19400D46->06a4573b-67a1-41e3-a350-f896363bc636@group-757E3781CD2A, cid=1268, SUCCESS, logIndex=1759, commits[06a4573b-67a1-41e3-a350-f896363bc636:c1760, 0b725bbf-683b-4664-9a2e-3c9dd6e38bc1:c1758, 9193e3b7-ae04-484d-a740-c65c11559486:c1758]
2019-08-24 07:08:22,726 [grpc-default-executor-5] INFO  client.GrpcClientProtocolClient (GrpcClientProtocolClient.java:onNext(255)) - client-6EDD19400D46->06a4573b-67a1-41e3-a350-f896363bc636: receive RaftClientReply:client-6EDD19400D46->06a4573b-67a1-41e3-a350-f896363bc636@group-757E3781CD2A, cid=1269, SUCCESS, logIndex=1760, commits[06a4573b-67a1-41e3-a350-f896363bc636:c1760, 0b725bbf-683b-4664-9a2e-3c9dd6e38bc1:c1758, 9193e3b7-ae04-484d-a740-c65c11559486:c1758]
2019-08-24 07:08:22,747 | INFO  | DNAudit | user=null | ip=null | op=WRITE_CHUNK {blockData=conID: 1 locID: 102670696624554454 bcsId: 0} | ret=SUCCESS |  
2019-08-24 07:08:22,747 | INFO  | DNAudit | user=null | ip=null | op=WRITE_CHUNK {blockData=conID: 1 locID: 102670696624554454 bcsId: 0} | ret=SUCCESS |  
2019-08-24 07:08:22,747 | INFO  | DNAudit | user=null | ip=null | op=WRITE_CHUNK {blockData=conID: 1 locID: 102670696624554454 bcsId: 0} | ret=SUCCESS |  
2019-08-24 07:08:22,747 | INFO  | DNAudit | user=null | ip=null | op=PUT_BLOCK {blockData=[blockId=conID: 1 locID: 102670696624554454 bcsId: 0,size=1048576]} | ret=SUCCESS |  
2019-08-24 07:08:22,748 | INFO  | DNAudit | user=null | ip=null | op=PUT_BLOCK {blockData=[blockId=conID: 1 locID: 102670696624554454 bcsId: 0,size=1048576]} | ret=SUCCESS |  
2019-08-24 07:08:22,748 | INFO  | DNAudit | user=null | ip=null | op=PUT_BLOCK {blockData=[blockId=conID: 1 locID: 102670696624554454 bcsId: 0,size=2097152]} | ret=SUCCESS |  
2019-08-24 07:08:22,749 [grpc-default-executor-5] INFO  client.GrpcClientProtocolClient (GrpcClientProtocolClient.java:onNext(255)) - client-6EDD19400D46->06a4573b-67a1-41e3-a350-f896363bc636: receive RaftClientReply:client-6EDD19400D46->06a4573b-67a1-41e3-a350-f896363bc636@group-757E3781CD2A, cid=1270, SUCCESS, logIndex=1761, commits[06a4573b-67a1-41e3-a350-f896363bc636:c1763, 0b725bbf-683b-4664-9a2e-3c9dd6e38bc1:c1759, 9193e3b7-ae04-484d-a740-c65c11559486:c1758]
2019-08-24 07:08:22,749 [grpc-default-executor-5] INFO  client.GrpcClientProtocolClient (GrpcClientProtocolClient.java:onNext(255)) - client-6EDD19400D46->06a4573b-67a1-41e3-a350-f896363bc636: receive RaftClientReply:client-6EDD19400D46->06a4573b-67a1-41e3-a350-f896363bc636@group-757E3781CD2A, cid=1271, SUCCESS, logIndex=1762, commits[06a4573b-67a1-41e3-a350-f896363bc636:c1763, 0b725bbf-683b-4664-9a2e-3c9dd6e38bc1:c1759, 9193e3b7-ae04-484d-a740-c65c11559486:c1760]
2019-08-24 07:08:22,752 [grpc-default-executor-5] INFO  client.GrpcClientProtocolClient (GrpcClientProtocolClient.java:onNext(255)) - client-6EDD19400D46->06a4573b-67a1-41e3-a350-f896363bc636: receive RaftClientReply:client-6EDD19400D46->06a4573b-67a1-41e3-a350-f896363bc636@group-757E3781CD2A, cid=1272, SUCCESS, logIndex=0, commits[06a4573b-67a1-41e3-a350-f896363bc636:c1764, 0b725bbf-683b-4664-9a2e-3c9dd6e38bc1:c1760, 9193e3b7-ae04-484d-a740-c65c11559486:c1760]
2019-08-24 07:08:22,758 | INFO  | DNAudit | user=null | ip=null | op=WRITE_CHUNK {blockData=conID: 1 locID: 102670696624554454 bcsId: 0} | ret=SUCCESS |  
2019-08-24 07:08:22,758 | INFO  | DNAudit | user=null | ip=null | op=WRITE_CHUNK {blockData=conID: 1 locID: 102670696624554454 bcsId: 0} | ret=SUCCESS |  
2019-08-24 07:08:22,759 | INFO  | DNAudit | user=null | ip=null | op=PUT_BLOCK {blockData=[blockId=conID: 1 locID: 102670696624554454 bcsId: 0,size=2097152]} | ret=SUCCESS |  
2019-08-24 07:08:22,759 | INFO  | DNAudit | user=null | ip=null | op=PUT_BLOCK {blockData=[blockId=conID: 1 locID: 102670696624554454 bcsId: 0,size=2097152]} | ret=SUCCESS |  
2019-08-24 07:08:22,765 | INFO  | DNAudit | user=null | ip=null | op=WRITE_CHUNK {blockData=conID: 1 locID: 102670696624554454 bcsId: 1762} | ret=SUCCESS |  
2019-08-24 07:08:22,770 | INFO  | DNAudit | user=null | ip=null | op=WRITE_CHUNK {blockData=conID: 1 locID: 102670696624554454 bcsId: 1762} | ret=SUCCESS |  
2019-08-24 07:08:22,771 | INFO  | DNAudit | user=null | ip=null | op=WRITE_CHUNK {blockData=conID: 1 locID: 102670696624554454 bcsId: 1762} | ret=SUCCESS |  
2019-08-24 07:08:22,779 | INFO  | DNAudit | user=null | ip=null | op=WRITE_CHUNK {blockData=conID: 1 locID: 102670696624554454 bcsId: 1762} | ret=SUCCESS |  
2019-08-24 07:08:22,779 | INFO  | DNAudit | user=null | ip=null | op=PUT_BLOCK {blockData=[blockId=conID: 1 locID: 102670696624554454 bcsId: 0,size=3145728]} | ret=SUCCESS |  
2019-08-24 07:08:22,779 [grpc-default-executor-5] INFO  client.GrpcClientProtocolClient (GrpcClientProtocolClient.java:onNext(255)) - client-6EDD19400D46->06a4573b-67a1-41e3-a350-f896363bc636: receive RaftClientReply:client-6EDD19400D46->06a4573b-67a1-41e3-a350-f896363bc636@group-757E3781CD2A, cid=1273, SUCCESS, logIndex=1767, commits[06a4573b-67a1-41e3-a350-f896363bc636:c1768, 0b725bbf-683b-4664-9a2e-3c9dd6e38bc1:c1766, 9193e3b7-ae04-484d-a740-c65c11559486:c1766]
2019-08-24 07:08:22,780 [grpc-default-executor-5] INFO  client.GrpcClientProtocolClient (GrpcClientProtocolClient.java:onNext(255)) - client-6EDD19400D46->06a4573b-67a1-41e3-a350-f896363bc636: receive RaftClientReply:client-6EDD19400D46->06a4573b-67a1-41e3-a350-f896363bc636@group-757E3781CD2A, cid=1274, SUCCESS, logIndex=1768, commits[06a4573b-67a1-41e3-a350-f896363bc636:c1768, 0b725bbf-683b-4664-9a2e-3c9dd6e38bc1:c1766, 9193e3b7-ae04-484d-a740-c65c11559486:c1766]
2019-08-24 07:08:22,790 | INFO  | DNAudit | user=null | ip=null | op=WRITE_CHUNK {blockData=conID: 1 locID: 102670696624554454 bcsId: 1762} | ret=SUCCESS |  
2019-08-24 07:08:22,790 | INFO  | DNAudit | user=null | ip=null | op=WRITE_CHUNK {blockData=conID: 1 locID: 102670696624554454 bcsId: 1762} | ret=SUCCESS |  
2019-08-24 07:08:22,791 | INFO  | DNAudit | user=null | ip=null | op=PUT_BLOCK {blockData=[blockId=conID: 1 locID: 102670696624554454 bcsId: 0,size=3145728]} | ret=SUCCESS |  
2019-08-24 07:08:22,791 | INFO  | DNAudit | user=null | ip=null | op=WRITE_CHUNK {blockData=conID: 1 locID: 102670696624554454 bcsId: 1768} | ret=SUCCESS |  
2019-08-24 07:08:22,791 | INFO  | DNAudit | user=null | ip=null | op=PUT_BLOCK {blockData=[blockId=conID: 1 locID: 102670696624554454 bcsId: 0,size=3145728]} | ret=SUCCESS |  
2019-08-24 07:08:22,799 | INFO  | DNAudit | user=null | ip=null | op=WRITE_CHUNK {blockData=conID: 1 locID: 102670696624554454 bcsId: 1768} | ret=SUCCESS |  
2019-08-24 07:08:22,799 | INFO  | DNAudit | user=null | ip=null | op=WRITE_CHUNK {blockData=conID: 1 locID: 102670696624554454 bcsId: 1768} | ret=SUCCESS |  
2019-08-24 07:08:22,806 | INFO  | DNAudit | user=null | ip=null | op=WRITE_CHUNK {blockData=conID: 1 locID: 102670696624554454 bcsId: 1768} | ret=SUCCESS |  
2019-08-24 07:08:22,806 | INFO  | DNAudit | user=null | ip=null | op=PUT_BLOCK {blockData=[blockId=conID: 1 locID: 102670696624554454 bcsId: 0,size=4194304]} | ret=SUCCESS |  
2019-08-24 07:08:22,807 [grpc-default-executor-0] INFO  client.GrpcClientProtocolClient (GrpcClientProtocolClient.java:onNext(255)) - client-6EDD19400D46->06a4573b-67a1-41e3-a350-f896363bc636: receive RaftClientReply:client-6EDD19400D46->06a4573b-67a1-41e3-a350-f896363bc636@group-757E3781CD2A, cid=1275, SUCCESS, logIndex=1771, commits[06a4573b-67a1-41e3-a350-f896363bc636:c1772, 0b725bbf-683b-4664-9a2e-3c9dd6e38bc1:c1768, 9193e3b7-ae04-484d-a740-c65c11559486:c1768]
2019-08-24 07:08:22,808 [grpc-default-executor-0] INFO  client.GrpcClientProtocolClient (GrpcClientProtocolClient.java:onNext(255)) - client-6EDD19400D46->06a4573b-67a1-41e3-a350-f896363bc636: receive RaftClientReply:client-6EDD19400D46->06a4573b-67a1-41e3-a350-f896363bc636@group-757E3781CD2A, cid=1276, SUCCESS, logIndex=1772, commits[06a4573b-67a1-41e3-a350-f896363bc636:c1772, 0b725bbf-683b-4664-9a2e-3c9dd6e38bc1:c1768, 9193e3b7-ae04-484d-a740-c65c11559486:c1768]
2019-08-24 07:08:22,818 | INFO  | DNAudit | user=null | ip=null | op=WRITE_CHUNK {blockData=conID: 1 locID: 102670696624554454 bcsId: 1768} | ret=SUCCESS |  
2019-08-24 07:08:22,818 | INFO  | DNAudit | user=null | ip=null | op=WRITE_CHUNK {blockData=conID: 1 locID: 102670696624554454 bcsId: 1768} | ret=SUCCESS |  
2019-08-24 07:08:22,820 | INFO  | DNAudit | user=null | ip=null | op=PUT_BLOCK {blockData=[blockId=conID: 1 locID: 102670696624554454 bcsId: 0,size=4194304]} | ret=SUCCESS |  
2019-08-24 07:08:22,820 | INFO  | DNAudit | user=null | ip=null | op=PUT_BLOCK {blockData=[blockId=conID: 1 locID: 102670696624554454 bcsId: 0,size=4194304]} | ret=SUCCESS |  
2019-08-24 07:08:22,822 [grpc-default-executor-0] INFO  client.GrpcClientProtocolClient (GrpcClientProtocolClient.java:onNext(255)) - client-6EDD19400D46->06a4573b-67a1-41e3-a350-f896363bc636: receive RaftClientReply:client-6EDD19400D46->06a4573b-67a1-41e3-a350-f896363bc636@group-757E3781CD2A, cid=1277, SUCCESS, logIndex=0, commits[06a4573b-67a1-41e3-a350-f896363bc636:c1774, 0b725bbf-683b-4664-9a2e-3c9dd6e38bc1:c1772, 9193e3b7-ae04-484d-a740-c65c11559486:c1772]
2019-08-24 07:08:22,829 | INFO  | SCMAudit | user=jenkins1000 | ip=192.168.69.125 | op=SEND_HEARTBEAT {datanodeUUID=b8548da6-9cc6-46be-8dd4-5219531f5960, command=[]} | ret=SUCCESS |  
2019-08-24 07:08:22,830 | INFO  | SCMAudit | user=jenkins1000 | ip=192.168.69.125 | op=ALLOCATE_BLOCK {owner=61bacca8-15b6-4a50-8962-5e9786b18b0d, size=4194304, type=RATIS, factor=THREE} | ret=SUCCESS |  
2019-08-24 07:08:22,835 | INFO  | OMAudit | user=jenkins1000 | ip=127.0.0.1 | op=ALLOCATE_BLOCK {volume=vol-0-26988, bucket=bucket-0-20739, key=key-0-27353, dataSize=0, replicationType=null, replicationFactor=null, keyLocationInfo=null, clientID=102670695851229586} | ret=SUCCESS |  
2019-08-24 07:08:22,846 | INFO  | DNAudit | user=null | ip=null | op=WRITE_CHUNK {blockData=conID: 2 locID: 102670696633467351 bcsId: 0} | ret=SUCCESS |  
2019-08-24 07:08:22,851 | INFO  | DNAudit | user=null | ip=null | op=WRITE_CHUNK {blockData=conID: 2 locID: 102670696633467351 bcsId: 0} | ret=SUCCESS |  
2019-08-24 07:08:22,851 | INFO  | DNAudit | user=null | ip=null | op=WRITE_CHUNK {blockData=conID: 2 locID: 102670696633467351 bcsId: 0} | ret=SUCCESS |  
2019-08-24 07:08:22,852 | INFO  | DNAudit | user=null | ip=null | op=WRITE_CHUNK {blockData=conID: 2 locID: 102670696633467351 bcsId: 0} | ret=SUCCESS |  
2019-08-24 07:08:22,854 | INFO  | DNAudit | user=null | ip=null | op=WRITE_CHUNK {blockData=conID: 2 locID: 102670696633467351 bcsId: 0} | ret=SUCCESS |  
2019-08-24 07:08:22,855 | INFO  | DNAudit | user=null | ip=null | op=WRITE_CHUNK {blockData=conID: 2 locID: 102670696633467351 bcsId: 0} | ret=SUCCESS |  
2019-08-24 07:08:22,860 | INFO  | DNAudit | user=null | ip=null | op=WRITE_CHUNK {blockData=conID: 2 locID: 102670696633467351 bcsId: 0} | ret=SUCCESS |  
2019-08-24 07:08:22,861 | INFO  | DNAudit | user=null | ip=null | op=PUT_BLOCK {blockData=[blockId=conID: 2 locID: 102670696633467351 bcsId: 0,size=1048576]} | ret=SUCCESS |  
2019-08-24 07:08:22,861 [grpc-default-executor-0] INFO  client.GrpcClientProtocolClient (GrpcClientProtocolClient.java:onNext(255)) - client-6EDD19400D46->06a4573b-67a1-41e3-a350-f896363bc636: receive RaftClientReply:client-6EDD19400D46->06a4573b-67a1-41e3-a350-f896363bc636@group-757E3781CD2A, cid=1278, SUCCESS, logIndex=1775, commits[06a4573b-67a1-41e3-a350-f896363bc636:c1776, 0b725bbf-683b-4664-9a2e-3c9dd6e38bc1:c1774, 9193e3b7-ae04-484d-a740-c65c11559486:c1774]
2019-08-24 07:08:22,862 [grpc-default-executor-0] INFO  client.GrpcClientProtocolClient (GrpcClientProtocolClient.java:onNext(255)) - client-6EDD19400D46->06a4573b-67a1-41e3-a350-f896363bc636: receive RaftClientReply:client-6EDD19400D46->06a4573b-67a1-41e3-a350-f896363bc636@group-757E3781CD2A, cid=1279, SUCCESS, logIndex=1776, commits[06a4573b-67a1-41e3-a350-f896363bc636:c1776, 0b725bbf-683b-4664-9a2e-3c9dd6e38bc1:c1774, 9193e3b7-ae04-484d-a740-c65c11559486:c1774]
2019-08-24 07:08:22,870 | INFO  | DNAudit | user=null | ip=null | op=WRITE_CHUNK {blockData=conID: 2 locID: 102670696633467351 bcsId: 0} | ret=SUCCESS |  
2019-08-24 07:08:22,871 | INFO  | DNAudit | user=null | ip=null | op=PUT_BLOCK {blockData=[blockId=conID: 2 locID: 102670696633467351 bcsId: 0,size=2097152]} | ret=SUCCESS |  
2019-08-24 07:08:22,871 | INFO  | DNAudit | user=null | ip=null | op=WRITE_CHUNK {blockData=conID: 2 locID: 102670696633467351 bcsId: 0} | ret=SUCCESS |  
2019-08-24 07:08:22,872 | INFO  | DNAudit | user=null | ip=null | op=PUT_BLOCK {blockData=[blockId=conID: 2 locID: 102670696633467351 bcsId: 0,size=1048576]} | ret=SUCCESS |  
2019-08-24 07:08:22,872 | INFO  | DNAudit | user=null | ip=null | op=WRITE_CHUNK {blockData=conID: 2 locID: 102670696633467351 bcsId: 0} | ret=SUCCESS |  
2019-08-24 07:08:22,873 | INFO  | DNAudit | user=null | ip=null | op=PUT_BLOCK {blockData=[blockId=conID: 2 locID: 102670696633467351 bcsId: 0,size=2097152]} | ret=SUCCESS |  
2019-08-24 07:08:22,873 [grpc-default-executor-5] INFO  client.GrpcClientProtocolClient (GrpcClientProtocolClient.java:onNext(255)) - client-6EDD19400D46->06a4573b-67a1-41e3-a350-f896363bc636: receive RaftClientReply:client-6EDD19400D46->06a4573b-67a1-41e3-a350-f896363bc636@group-757E3781CD2A, cid=1280, SUCCESS, logIndex=1777, commits[06a4573b-67a1-41e3-a350-f896363bc636:c1778, 0b725bbf-683b-4664-9a2e-3c9dd6e38bc1:c1774, 9193e3b7-ae04-484d-a740-c65c11559486:c1774]
2019-08-24 07:08:22,873 [grpc-default-executor-5] INFO  client.GrpcClientProtocolClient (GrpcClientProtocolClient.java:onNext(255)) - client-6EDD19400D46->06a4573b-67a1-41e3-a350-f896363bc636: receive RaftClientReply:client-6EDD19400D46->06a4573b-67a1-41e3-a350-f896363bc636@group-757E3781CD2A, cid=1281, SUCCESS, logIndex=1778, commits[06a4573b-67a1-41e3-a350-f896363bc636:c1778, 0b725bbf-683b-4664-9a2e-3c9dd6e38bc1:c1774, 9193e3b7-ae04-484d-a740-c65c11559486:c1774]
2019-08-24 07:08:22,875 | INFO  | DNAudit | user=null | ip=null | op=WRITE_CHUNK {blockData=conID: 2 locID: 102670696633467351 bcsId: 0} | ret=SUCCESS |  
2019-08-24 07:08:22,875 | INFO  | DNAudit | user=null | ip=null | op=PUT_BLOCK {blockData=[blockId=conID: 2 locID: 102670696633467351 bcsId: 0,size=1048576]} | ret=SUCCESS |  
2019-08-24 07:08:22,875 | INFO  | DNAudit | user=null | ip=null | op=WRITE_CHUNK {blockData=conID: 2 locID: 102670696633467351 bcsId: 0} | ret=SUCCESS |  
2019-08-24 07:08:22,875 | INFO  | DNAudit | user=null | ip=null | op=PUT_BLOCK {blockData=[blockId=conID: 2 locID: 102670696633467351 bcsId: 0,size=2097152]} | ret=SUCCESS |  
2019-08-24 07:08:22,876 [grpc-default-executor-5] INFO  client.GrpcClientProtocolClient (GrpcClientProtocolClient.java:onNext(255)) - client-6EDD19400D46->06a4573b-67a1-41e3-a350-f896363bc636: receive RaftClientReply:client-6EDD19400D46->06a4573b-67a1-41e3-a350-f896363bc636@group-757E3781CD2A, cid=1282, SUCCESS, logIndex=0, commits[06a4573b-67a1-41e3-a350-f896363bc636:c1781, 0b725bbf-683b-4664-9a2e-3c9dd6e38bc1:c1778, 9193e3b7-ae04-484d-a740-c65c11559486:c1776]
2019-08-24 07:08:22,886 | INFO  | DNAudit | user=null | ip=null | op=WRITE_CHUNK {blockData=conID: 2 locID: 102670696633467351 bcsId: 1778} | ret=SUCCESS |  
2019-08-24 07:08:22,890 | INFO  | DNAudit | user=null | ip=null | op=WRITE_CHUNK {blockData=conID: 2 locID: 102670696633467351 bcsId: 1778} | ret=SUCCESS |  
2019-08-24 07:08:22,891 | INFO  | DNAudit | user=null | ip=null | op=WRITE_CHUNK {blockData=conID: 2 locID: 102670696633467351 bcsId: 1778} | ret=SUCCESS |  
2019-08-24 07:08:22,899 | INFO  | DNAudit | user=null | ip=null | op=WRITE_CHUNK {blockData=conID: 2 locID: 102670696633467351 bcsId: 1778} | ret=SUCCESS |  
2019-08-24 07:08:22,899 | INFO  | DNAudit | user=null | ip=null | op=PUT_BLOCK {blockData=[blockId=conID: 2 locID: 102670696633467351 bcsId: 0,size=3145728]} | ret=SUCCESS |  
2019-08-24 07:08:22,900 [grpc-default-executor-1] INFO  client.GrpcClientProtocolClient (GrpcClientProtocolClient.java:onNext(255)) - client-6EDD19400D46->06a4573b-67a1-41e3-a350-f896363bc636: receive RaftClientReply:client-6EDD19400D46->06a4573b-67a1-41e3-a350-f896363bc636@group-757E3781CD2A, cid=1283, SUCCESS, logIndex=1782, commits[06a4573b-67a1-41e3-a350-f896363bc636:c1783, 0b725bbf-683b-4664-9a2e-3c9dd6e38bc1:c1781, 9193e3b7-ae04-484d-a740-c65c11559486:c1781]
2019-08-24 07:08:22,901 [grpc-default-executor-1] INFO  client.GrpcClientProtocolClient (GrpcClientProtocolClient.java:onNext(255)) - client-6EDD19400D46->06a4573b-67a1-41e3-a350-f896363bc636: receive RaftClientReply:client-6EDD19400D46->06a4573b-67a1-41e3-a350-f896363bc636@group-757E3781CD2A, cid=1284, SUCCESS, logIndex=1783, commits[06a4573b-67a1-41e3-a350-f896363bc636:c1783, 0b725bbf-683b-4664-9a2e-3c9dd6e38bc1:c1781, 9193e3b7-ae04-484d-a740-c65c11559486:c1781]
2019-08-24 07:08:22,909 | INFO  | DNAudit | user=null | ip=null | op=WRITE_CHUNK {blockData=conID: 2 locID: 102670696633467351 bcsId: 1783} | ret=SUCCESS |  
2019-08-24 07:08:23,061 | INFO  | DNAudit | user=null | ip=null | op=WRITE_CHUNK {blockData=conID: 2 locID: 102670696633467351 bcsId: 1778} | ret=SUCCESS |  
2019-08-24 07:08:23,061 | INFO  | DNAudit | user=null | ip=null | op=WRITE_CHUNK {blockData=conID: 2 locID: 102670696633467351 bcsId: 1778} | ret=SUCCESS |  
2019-08-24 07:08:23,061 | INFO  | DNAudit | user=null | ip=null | op=PUT_BLOCK {blockData=[blockId=conID: 2 locID: 102670696633467351 bcsId: 0,size=3145728]} | ret=SUCCESS |  
2019-08-24 07:08:23,061 | INFO  | DNAudit | user=null | ip=null | op=PUT_BLOCK {blockData=[blockId=conID: 2 locID: 102670696633467351 bcsId: 0,size=3145728]} | ret=SUCCESS |  
2019-08-24 07:08:23,064 | INFO  | DNAudit | user=null | ip=null | op=WRITE_CHUNK {blockData=conID: 2 locID: 102670696633467351 bcsId: 1783} | ret=SUCCESS |  
2019-08-24 07:08:23,064 | INFO  | DNAudit | user=null | ip=null | op=WRITE_CHUNK {blockData=conID: 2 locID: 102670696633467351 bcsId: 1783} | ret=SUCCESS |  
2019-08-24 07:08:23,072 | INFO  | DNAudit | user=null | ip=null | op=WRITE_CHUNK {blockData=conID: 2 locID: 102670696633467351 bcsId: 1783} | ret=SUCCESS |  
2019-08-24 07:08:23,073 | INFO  | DNAudit | user=null | ip=null | op=PUT_BLOCK {blockData=[blockId=conID: 2 locID: 102670696633467351 bcsId: 0,size=4194304]} | ret=SUCCESS |  
2019-08-24 07:08:23,073 [grpc-default-executor-5] INFO  client.GrpcClientProtocolClient (GrpcClientProtocolClient.java:onNext(255)) - client-6EDD19400D46->06a4573b-67a1-41e3-a350-f896363bc636: receive RaftClientReply:client-6EDD19400D46->06a4573b-67a1-41e3-a350-f896363bc636@group-757E3781CD2A, cid=1285, SUCCESS, logIndex=1786, commits[06a4573b-67a1-41e3-a350-f896363bc636:c1787, 0b725bbf-683b-4664-9a2e-3c9dd6e38bc1:c1783, 9193e3b7-ae04-484d-a740-c65c11559486:c1783]
2019-08-24 07:08:23,074 [grpc-default-executor-5] INFO  client.GrpcClientProtocolClient (GrpcClientProtocolClient.java:onNext(255)) - client-6EDD19400D46->06a4573b-67a1-41e3-a350-f896363bc636: receive RaftClientReply:client-6EDD19400D46->06a4573b-67a1-41e3-a350-f896363bc636@group-757E3781CD2A, cid=1286, SUCCESS, logIndex=1787, commits[06a4573b-67a1-41e3-a350-f896363bc636:c1787, 0b725bbf-683b-4664-9a2e-3c9dd6e38bc1:c1783, 9193e3b7-ae04-484d-a740-c65c11559486:c1783]
2019-08-24 07:08:23,089 | INFO  | DNAudit | user=null | ip=null | op=WRITE_CHUNK {blockData=conID: 2 locID: 102670696633467351 bcsId: 1783} | ret=SUCCESS |  
2019-08-24 07:08:23,089 | INFO  | DNAudit | user=null | ip=null | op=WRITE_CHUNK {blockData=conID: 2 locID: 102670696633467351 bcsId: 1783} | ret=SUCCESS |  
2019-08-24 07:08:23,089 | INFO  | DNAudit | user=null | ip=null | op=PUT_BLOCK {blockData=[blockId=conID: 2 locID: 102670696633467351 bcsId: 0,size=4194304]} | ret=SUCCESS |  
2019-08-24 07:08:23,090 | INFO  | DNAudit | user=null | ip=null | op=PUT_BLOCK {blockData=[blockId=conID: 2 locID: 102670696633467351 bcsId: 0,size=4194304]} | ret=SUCCESS |  
2019-08-24 07:08:23,090 [grpc-default-executor-0] INFO  client.GrpcClientProtocolClient (GrpcClientProtocolClient.java:onNext(255)) - client-6EDD19400D46->06a4573b-67a1-41e3-a350-f896363bc636: receive RaftClientReply:client-6EDD19400D46->06a4573b-67a1-41e3-a350-f896363bc636@group-757E3781CD2A, cid=1287, SUCCESS, logIndex=0, commits[06a4573b-67a1-41e3-a350-f896363bc636:c1788, 0b725bbf-683b-4664-9a2e-3c9dd6e38bc1:c1787, 9193e3b7-ae04-484d-a740-c65c11559486:c1787]
2019-08-24 07:08:23,097 | INFO  | SCMAudit | user=jenkins1000 | ip=192.168.69.125 | op=ALLOCATE_BLOCK {owner=61bacca8-15b6-4a50-8962-5e9786b18b0d, size=4194304, type=RATIS, factor=THREE} | ret=SUCCESS |  
2019-08-24 07:08:23,103 | INFO  | OMAudit | user=jenkins1000 | ip=127.0.0.1 | op=ALLOCATE_BLOCK {volume=vol-0-26988, bucket=bucket-0-20739, key=key-0-27353, dataSize=0, replicationType=null, replicationFactor=null, keyLocationInfo=null, clientID=102670695851229586} | ret=SUCCESS |  
2019-08-24 07:08:23,112 | INFO  | DNAudit | user=null | ip=null | op=WRITE_CHUNK {blockData=conID: 3 locID: 102670696650965464 bcsId: 0} | ret=SUCCESS |  
2019-08-24 07:08:23,115 | INFO  | DNAudit | user=null | ip=null | op=WRITE_CHUNK {blockData=conID: 3 locID: 102670696650965464 bcsId: 0} | ret=SUCCESS |  
2019-08-24 07:08:23,115 | INFO  | DNAudit | user=null | ip=null | op=WRITE_CHUNK {blockData=conID: 3 locID: 102670696650965464 bcsId: 0} | ret=SUCCESS |  
2019-08-24 07:08:23,116 | INFO  | DNAudit | user=null | ip=null | op=WRITE_CHUNK {blockData=conID: 3 locID: 102670696650965464 bcsId: 0} | ret=SUCCESS |  
2019-08-24 07:08:23,118 | INFO  | DNAudit | user=null | ip=null | op=WRITE_CHUNK {blockData=conID: 3 locID: 102670696650965464 bcsId: 0} | ret=SUCCESS |  
2019-08-24 07:08:23,118 | INFO  | DNAudit | user=null | ip=null | op=WRITE_CHUNK {blockData=conID: 3 locID: 102670696650965464 bcsId: 0} | ret=SUCCESS |  
2019-08-24 07:08:23,125 | INFO  | DNAudit | user=null | ip=null | op=WRITE_CHUNK {blockData=conID: 3 locID: 102670696650965464 bcsId: 0} | ret=SUCCESS |  
2019-08-24 07:08:23,125 | INFO  | DNAudit | user=null | ip=null | op=PUT_BLOCK {blockData=[blockId=conID: 3 locID: 102670696650965464 bcsId: 0,size=1048576]} | ret=SUCCESS |  
2019-08-24 07:08:23,126 | INFO  | DNAudit | user=null | ip=null | op=WRITE_CHUNK {blockData=conID: 3 locID: 102670696650965464 bcsId: 0} | ret=SUCCESS |  
2019-08-24 07:08:23,125 [grpc-default-executor-2] INFO  client.GrpcClientProtocolClient (GrpcClientProtocolClient.java:onNext(255)) - client-6EDD19400D46->06a4573b-67a1-41e3-a350-f896363bc636: receive RaftClientReply:client-6EDD19400D46->06a4573b-67a1-41e3-a350-f896363bc636@group-757E3781CD2A, cid=1288, SUCCESS, logIndex=1790, commits[06a4573b-67a1-41e3-a350-f896363bc636:c1792, 0b725bbf-683b-4664-9a2e-3c9dd6e38bc1:c1789, 9193e3b7-ae04-484d-a740-c65c11559486:c1789]
2019-08-24 07:08:23,126 | INFO  | DNAudit | user=null | ip=null | op=PUT_BLOCK {blockData=[blockId=conID: 3 locID: 102670696650965464 bcsId: 0,size=2097152]} | ret=SUCCESS |  
2019-08-24 07:08:23,126 [grpc-default-executor-2] INFO  client.GrpcClientProtocolClient (GrpcClientProtocolClient.java:onNext(255)) - client-6EDD19400D46->06a4573b-67a1-41e3-a350-f896363bc636: receive RaftClientReply:client-6EDD19400D46->06a4573b-67a1-41e3-a350-f896363bc636@group-757E3781CD2A, cid=1289, SUCCESS, logIndex=1791, commits[06a4573b-67a1-41e3-a350-f896363bc636:c1793, 0b725bbf-683b-4664-9a2e-3c9dd6e38bc1:c1789, 9193e3b7-ae04-484d-a740-c65c11559486:c1789]
2019-08-24 07:08:23,126 [grpc-default-executor-2] INFO  client.GrpcClientProtocolClient (GrpcClientProtocolClient.java:onNext(255)) - client-6EDD19400D46->06a4573b-67a1-41e3-a350-f896363bc636: receive RaftClientReply:client-6EDD19400D46->06a4573b-67a1-41e3-a350-f896363bc636@group-757E3781CD2A, cid=1290, SUCCESS, logIndex=1792, commits[06a4573b-67a1-41e3-a350-f896363bc636:c1793, 0b725bbf-683b-4664-9a2e-3c9dd6e38bc1:c1789, 9193e3b7-ae04-484d-a740-c65c11559486:c1789]
2019-08-24 07:08:23,127 [grpc-default-executor-2] INFO  client.GrpcClientProtocolClient (GrpcClientProtocolClient.java:onNext(255)) - client-6EDD19400D46->06a4573b-67a1-41e3-a350-f896363bc636: receive RaftClientReply:client-6EDD19400D46->06a4573b-67a1-41e3-a350-f896363bc636@group-757E3781CD2A, cid=1291, SUCCESS, logIndex=1793, commits[06a4573b-67a1-41e3-a350-f896363bc636:c1793, 0b725bbf-683b-4664-9a2e-3c9dd6e38bc1:c1789, 9193e3b7-ae04-484d-a740-c65c11559486:c1789]
2019-08-24 07:08:23,136 | INFO  | DNAudit | user=null | ip=null | op=WRITE_CHUNK {blockData=conID: 3 locID: 102670696650965464 bcsId: 0} | ret=SUCCESS |  
2019-08-24 07:08:23,137 | INFO  | DNAudit | user=null | ip=null | op=WRITE_CHUNK {blockData=conID: 3 locID: 102670696650965464 bcsId: 0} | ret=SUCCESS |  
2019-08-24 07:08:23,138 | INFO  | DNAudit | user=null | ip=null | op=PUT_BLOCK {blockData=[blockId=conID: 3 locID: 102670696650965464 bcsId: 0,size=1048576]} | ret=SUCCESS |  
2019-08-24 07:08:23,138 | INFO  | DNAudit | user=null | ip=null | op=PUT_BLOCK {blockData=[blockId=conID: 3 locID: 102670696650965464 bcsId: 0,size=1048576]} | ret=SUCCESS |  
2019-08-24 07:08:23,138 | INFO  | DNAudit | user=null | ip=null | op=WRITE_CHUNK {blockData=conID: 3 locID: 102670696650965464 bcsId: 0} | ret=SUCCESS |  
2019-08-24 07:08:23,138 | INFO  | DNAudit | user=null | ip=null | op=PUT_BLOCK {blockData=[blockId=conID: 3 locID: 102670696650965464 bcsId: 0,size=2097152]} | ret=SUCCESS |  
2019-08-24 07:08:23,138 [grpc-default-executor-2] INFO  client.GrpcClientProtocolClient (GrpcClientProtocolClient.java:onNext(255)) - client-6EDD19400D46->06a4573b-67a1-41e3-a350-f896363bc636: receive RaftClientReply:client-6EDD19400D46->06a4573b-67a1-41e3-a350-f896363bc636@group-757E3781CD2A, cid=1292, SUCCESS, logIndex=0, commits[06a4573b-67a1-41e3-a350-f896363bc636:c1795, 0b725bbf-683b-4664-9a2e-3c9dd6e38bc1:c1791, 9193e3b7-ae04-484d-a740-c65c11559486:c1791]
2019-08-24 07:08:23,140 | INFO  | DNAudit | user=null | ip=null | op=WRITE_CHUNK {blockData=conID: 3 locID: 102670696650965464 bcsId: 0} | ret=SUCCESS |  
2019-08-24 07:08:23,140 | INFO  | DNAudit | user=null | ip=null | op=PUT_BLOCK {blockData=[blockId=conID: 3 locID: 102670696650965464 bcsId: 0,size=2097152]} | ret=SUCCESS |  
2019-08-24 07:08:23,146 | INFO  | DNAudit | user=null | ip=null | op=WRITE_CHUNK {blockData=conID: 3 locID: 102670696650965464 bcsId: 1793} | ret=SUCCESS |  
2019-08-24 07:08:23,149 | INFO  | DNAudit | user=null | ip=null | op=WRITE_CHUNK {blockData=conID: 3 locID: 102670696650965464 bcsId: 1793} | ret=SUCCESS |  
2019-08-24 07:08:23,149 | INFO  | DNAudit | user=null | ip=null | op=WRITE_CHUNK {blockData=conID: 3 locID: 102670696650965464 bcsId: 1793} | ret=SUCCESS |  
2019-08-24 07:08:23,159 | INFO  | DNAudit | user=null | ip=null | op=WRITE_CHUNK {blockData=conID: 3 locID: 102670696650965464 bcsId: 1793} | ret=SUCCESS |  
2019-08-24 07:08:23,159 | INFO  | DNAudit | user=null | ip=null | op=PUT_BLOCK {blockData=[blockId=conID: 3 locID: 102670696650965464 bcsId: 0,size=3145728]} | ret=SUCCESS |  
2019-08-24 07:08:23,159 [grpc-default-executor-0] INFO  client.GrpcClientProtocolClient (GrpcClientProtocolClient.java:onNext(255)) - client-6EDD19400D46->06a4573b-67a1-41e3-a350-f896363bc636: receive RaftClientReply:client-6EDD19400D46->06a4573b-67a1-41e3-a350-f896363bc636@group-757E3781CD2A, cid=1293, SUCCESS, logIndex=1798, commits[06a4573b-67a1-41e3-a350-f896363bc636:c1799, 0b725bbf-683b-4664-9a2e-3c9dd6e38bc1:c1797, 9193e3b7-ae04-484d-a740-c65c11559486:c1797]
2019-08-24 07:08:23,160 [grpc-default-executor-0] INFO  client.GrpcClientProtocolClient (GrpcClientProtocolClient.java:onNext(255)) - client-6EDD19400D46->06a4573b-67a1-41e3-a350-f896363bc636: receive RaftClientReply:client-6EDD19400D46->06a4573b-67a1-41e3-a350-f896363bc636@group-757E3781CD2A, cid=1294, SUCCESS, logIndex=1799, commits[06a4573b-67a1-41e3-a350-f896363bc636:c1799, 0b725bbf-683b-4664-9a2e-3c9dd6e38bc1:c1797, 9193e3b7-ae04-484d-a740-c65c11559486:c1797]
2019-08-24 07:08:23,167 | INFO  | DNAudit | user=null | ip=null | op=WRITE_CHUNK {blockData=conID: 3 locID: 102670696650965464 bcsId: 1799} | ret=SUCCESS |  
2019-08-24 07:08:23,171 | INFO  | DNAudit | user=null | ip=null | op=WRITE_CHUNK {blockData=conID: 3 locID: 102670696650965464 bcsId: 1799} | ret=SUCCESS |  
2019-08-24 07:08:23,172 | INFO  | DNAudit | user=null | ip=null | op=WRITE_CHUNK {blockData=conID: 3 locID: 102670696650965464 bcsId: 1799} | ret=SUCCESS |  
2019-08-24 07:08:23,174 | INFO  | DNAudit | user=null | ip=null | op=WRITE_CHUNK {blockData=conID: 3 locID: 102670696650965464 bcsId: 1793} | ret=SUCCESS |  
2019-08-24 07:08:23,174 | INFO  | DNAudit | user=null | ip=null | op=WRITE_CHUNK {blockData=conID: 3 locID: 102670696650965464 bcsId: 1793} | ret=SUCCESS |  
2019-08-24 07:08:23,174 | INFO  | DNAudit | user=null | ip=null | op=PUT_BLOCK {blockData=[blockId=conID: 3 locID: 102670696650965464 bcsId: 0,size=3145728]} | ret=SUCCESS |  
2019-08-24 07:08:23,174 | INFO  | DNAudit | user=null | ip=null | op=PUT_BLOCK {blockData=[blockId=conID: 3 locID: 102670696650965464 bcsId: 0,size=3145728]} | ret=SUCCESS |  
2019-08-24 07:08:23,177 | INFO  | DNAudit | user=null | ip=null | op=WRITE_CHUNK {blockData=conID: 3 locID: 102670696650965464 bcsId: 1799} | ret=SUCCESS |  
2019-08-24 07:08:23,178 | INFO  | DNAudit | user=null | ip=null | op=PUT_BLOCK {blockData=[blockId=conID: 3 locID: 102670696650965464 bcsId: 0,size=4194304]} | ret=SUCCESS |  
2019-08-24 07:08:23,178 [grpc-default-executor-5] INFO  client.GrpcClientProtocolClient (GrpcClientProtocolClient.java:onNext(255)) - client-6EDD19400D46->06a4573b-67a1-41e3-a350-f896363bc636: receive RaftClientReply:client-6EDD19400D46->06a4573b-67a1-41e3-a350-f896363bc636@group-757E3781CD2A, cid=1295, SUCCESS, logIndex=1802, commits[06a4573b-67a1-41e3-a350-f896363bc636:c1803, 0b725bbf-683b-4664-9a2e-3c9dd6e38bc1:c1799, 9193e3b7-ae04-484d-a740-c65c11559486:c1799]
2019-08-24 07:08:23,178 [grpc-default-executor-5] INFO  client.GrpcClientProtocolClient (GrpcClientProtocolClient.java:onNext(255)) - client-6EDD19400D46->06a4573b-67a1-41e3-a350-f896363bc636: receive RaftClientReply:client-6EDD19400D46->06a4573b-67a1-41e3-a350-f896363bc636@group-757E3781CD2A, cid=1296, SUCCESS, logIndex=1803, commits[06a4573b-67a1-41e3-a350-f896363bc636:c1803, 0b725bbf-683b-4664-9a2e-3c9dd6e38bc1:c1799, 9193e3b7-ae04-484d-a740-c65c11559486:c1799]
2019-08-24 07:08:23,184 | INFO  | DNAudit | user=null | ip=null | op=WRITE_CHUNK {blockData=conID: 3 locID: 102670696650965464 bcsId: 1799} | ret=SUCCESS |  
2019-08-24 07:08:23,185 | INFO  | DNAudit | user=null | ip=null | op=WRITE_CHUNK {blockData=conID: 3 locID: 102670696650965464 bcsId: 1799} | ret=SUCCESS |  
2019-08-24 07:08:23,186 | INFO  | DNAudit | user=null | ip=null | op=PUT_BLOCK {blockData=[blockId=conID: 3 locID: 102670696650965464 bcsId: 0,size=4194304]} | ret=SUCCESS |  
2019-08-24 07:08:23,188 | INFO  | DNAudit | user=null | ip=null | op=PUT_BLOCK {blockData=[blockId=conID: 3 locID: 102670696650965464 bcsId: 0,size=4194304]} | ret=SUCCESS |  
2019-08-24 07:08:23,189 [grpc-default-executor-5] INFO  client.GrpcClientProtocolClient (GrpcClientProtocolClient.java:onNext(255)) - client-6EDD19400D46->06a4573b-67a1-41e3-a350-f896363bc636: receive RaftClientReply:client-6EDD19400D46->06a4573b-67a1-41e3-a350-f896363bc636@group-757E3781CD2A, cid=1297, SUCCESS, logIndex=0, commits[06a4573b-67a1-41e3-a350-f896363bc636:c1805, 0b725bbf-683b-4664-9a2e-3c9dd6e38bc1:c1803, 9193e3b7-ae04-484d-a740-c65c11559486:c1803]
2019-08-24 07:08:23,195 | INFO  | SCMAudit | user=jenkins1000 | ip=192.168.69.125 | op=ALLOCATE_BLOCK {owner=61bacca8-15b6-4a50-8962-5e9786b18b0d, size=4194304, type=RATIS, factor=THREE} | ret=SUCCESS |  
2019-08-24 07:08:23,199 | INFO  | OMAudit | user=jenkins1000 | ip=127.0.0.1 | op=ALLOCATE_BLOCK {volume=vol-0-26988, bucket=bucket-0-20739, key=key-0-27353, dataSize=0, replicationType=null, replicationFactor=null, keyLocationInfo=null, clientID=102670695851229586} | ret=SUCCESS |  
 0.00% |█                                                                                                    |  0/1 Time: 0:00:122019-08-24 07:08:23,207 | INFO  | DNAudit | user=null | ip=null | op=WRITE_CHUNK {blockData=conID: 1 locID: 102670696657387993 bcsId: 0} | ret=SUCCESS |  
2019-08-24 07:08:23,210 | INFO  | DNAudit | user=null | ip=null | op=WRITE_CHUNK {blockData=conID: 1 locID: 102670696657387993 bcsId: 0} | ret=SUCCESS |  
2019-08-24 07:08:23,210 | INFO  | DNAudit | user=null | ip=null | op=WRITE_CHUNK {blockData=conID: 1 locID: 102670696657387993 bcsId: 0} | ret=SUCCESS |  
2019-08-24 07:08:23,210 | INFO  | DNAudit | user=null | ip=null | op=WRITE_CHUNK {blockData=conID: 1 locID: 102670696657387993 bcsId: 0} | ret=SUCCESS |  
2019-08-24 07:08:23,212 | INFO  | DNAudit | user=null | ip=null | op=WRITE_CHUNK {blockData=conID: 1 locID: 102670696657387993 bcsId: 0} | ret=SUCCESS |  
2019-08-24 07:08:23,212 | INFO  | DNAudit | user=null | ip=null | op=WRITE_CHUNK {blockData=conID: 1 locID: 102670696657387993 bcsId: 0} | ret=SUCCESS |  
2019-08-24 07:08:23,242 | INFO  | DNAudit | user=null | ip=null | op=WRITE_CHUNK {blockData=conID: 1 locID: 102670696657387993 bcsId: 0} | ret=SUCCESS |  
2019-08-24 07:08:23,243 | INFO  | DNAudit | user=null | ip=null | op=PUT_BLOCK {blockData=[blockId=conID: 1 locID: 102670696657387993 bcsId: 0,size=1048576]} | ret=SUCCESS |  
2019-08-24 07:08:23,243 | INFO  | DNAudit | user=null | ip=null | op=WRITE_CHUNK {blockData=conID: 1 locID: 102670696657387993 bcsId: 0} | ret=SUCCESS |  
2019-08-24 07:08:23,243 [grpc-default-executor-0] INFO  client.GrpcClientProtocolClient (GrpcClientProtocolClient.java:onNext(255)) - client-6EDD19400D46->06a4573b-67a1-41e3-a350-f896363bc636: receive RaftClientReply:client-6EDD19400D46->06a4573b-67a1-41e3-a350-f896363bc636@group-757E3781CD2A, cid=1298, SUCCESS, logIndex=1806, commits[06a4573b-67a1-41e3-a350-f896363bc636:c1808, 0b725bbf-683b-4664-9a2e-3c9dd6e38bc1:c1805, 9193e3b7-ae04-484d-a740-c65c11559486:c1805]
2019-08-24 07:08:23,244 | INFO  | DNAudit | user=null | ip=null | op=PUT_BLOCK {blockData=[blockId=conID: 1 locID: 102670696657387993 bcsId: 0,size=2097152]} | ret=SUCCESS |  
2019-08-24 07:08:23,244 [grpc-default-executor-0] INFO  client.GrpcClientProtocolClient (GrpcClientProtocolClient.java:onNext(255)) - client-6EDD19400D46->06a4573b-67a1-41e3-a350-f896363bc636: receive RaftClientReply:client-6EDD19400D46->06a4573b-67a1-41e3-a350-f896363bc636@group-757E3781CD2A, cid=1299, SUCCESS, logIndex=1807, commits[06a4573b-67a1-41e3-a350-f896363bc636:c1809, 0b725bbf-683b-4664-9a2e-3c9dd6e38bc1:c1805, 9193e3b7-ae04-484d-a740-c65c11559486:c1805]
2019-08-24 07:08:23,244 [grpc-default-executor-0] INFO  client.GrpcClientProtocolClient (GrpcClientProtocolClient.java:onNext(255)) - client-6EDD19400D46->06a4573b-67a1-41e3-a350-f896363bc636: receive RaftClientReply:client-6EDD19400D46->06a4573b-67a1-41e3-a350-f896363bc636@group-757E3781CD2A, cid=1300, SUCCESS, logIndex=1808, commits[06a4573b-67a1-41e3-a350-f896363bc636:c1809, 0b725bbf-683b-4664-9a2e-3c9dd6e38bc1:c1805, 9193e3b7-ae04-484d-a740-c65c11559486:c1805]
2019-08-24 07:08:23,245 [grpc-default-executor-0] INFO  client.GrpcClientProtocolClient (GrpcClientProtocolClient.java:onNext(255)) - client-6EDD19400D46->06a4573b-67a1-41e3-a350-f896363bc636: receive RaftClientReply:client-6EDD19400D46->06a4573b-67a1-41e3-a350-f896363bc636@group-757E3781CD2A, cid=1301, SUCCESS, logIndex=1809, commits[06a4573b-67a1-41e3-a350-f896363bc636:c1809, 0b725bbf-683b-4664-9a2e-3c9dd6e38bc1:c1805, 9193e3b7-ae04-484d-a740-c65c11559486:c1805]
2019-08-24 07:08:23,254 | INFO  | DNAudit | user=null | ip=null | op=WRITE_CHUNK {blockData=conID: 1 locID: 102670696657387993 bcsId: 0} | ret=SUCCESS |  
2019-08-24 07:08:23,255 | INFO  | DNAudit | user=null | ip=null | op=WRITE_CHUNK {blockData=conID: 1 locID: 102670696657387993 bcsId: 0} | ret=SUCCESS |  
2019-08-24 07:08:23,257 | INFO  | DNAudit | user=null | ip=null | op=PUT_BLOCK {blockData=[blockId=conID: 1 locID: 102670696657387993 bcsId: 0,size=1048576]} | ret=SUCCESS |  
2019-08-24 07:08:23,257 | INFO  | DNAudit | user=null | ip=null | op=PUT_BLOCK {blockData=[blockId=conID: 1 locID: 102670696657387993 bcsId: 0,size=1048576]} | ret=SUCCESS |  
2019-08-24 07:08:23,257 | INFO  | DNAudit | user=null | ip=null | op=WRITE_CHUNK {blockData=conID: 1 locID: 102670696657387993 bcsId: 0} | ret=SUCCESS |  
2019-08-24 07:08:23,258 | INFO  | DNAudit | user=null | ip=null | op=WRITE_CHUNK {blockData=conID: 1 locID: 102670696657387993 bcsId: 0} | ret=SUCCESS |  
2019-08-24 07:08:23,258 | INFO  | DNAudit | user=null | ip=null | op=PUT_BLOCK {blockData=[blockId=conID: 1 locID: 102670696657387993 bcsId: 0,size=2097152]} | ret=SUCCESS |  
2019-08-24 07:08:23,258 | INFO  | DNAudit | user=null | ip=null | op=PUT_BLOCK {blockData=[blockId=conID: 1 locID: 102670696657387993 bcsId: 0,size=2097152]} | ret=SUCCESS |  
2019-08-24 07:08:23,259 [grpc-default-executor-2] INFO  client.GrpcClientProtocolClient (GrpcClientProtocolClient.java:onNext(255)) - client-6EDD19400D46->06a4573b-67a1-41e3-a350-f896363bc636: receive RaftClientReply:client-6EDD19400D46->06a4573b-67a1-41e3-a350-f896363bc636@group-757E3781CD2A, cid=1302, SUCCESS, logIndex=0, commits[06a4573b-67a1-41e3-a350-f896363bc636:c1811, 0b725bbf-683b-4664-9a2e-3c9dd6e38bc1:c1807, 9193e3b7-ae04-484d-a740-c65c11559486:c1807]
2019-08-24 07:08:23,267 | INFO  | DNAudit | user=null | ip=null | op=WRITE_CHUNK {blockData=conID: 1 locID: 102670696657387993 bcsId: 1809} | ret=SUCCESS |  
2019-08-24 07:08:23,270 | INFO  | DNAudit | user=null | ip=null | op=WRITE_CHUNK {blockData=conID: 1 locID: 102670696657387993 bcsId: 1809} | ret=SUCCESS |  
2019-08-24 07:08:23,270 | INFO  | DNAudit | user=null | ip=null | op=WRITE_CHUNK {blockData=conID: 1 locID: 102670696657387993 bcsId: 1809} | ret=SUCCESS |  
2019-08-24 07:08:23,279 | INFO  | DNAudit | user=null | ip=null | op=WRITE_CHUNK {blockData=conID: 1 locID: 102670696657387993 bcsId: 1809} | ret=SUCCESS |  
2019-08-24 07:08:23,280 | INFO  | DNAudit | user=null | ip=null | op=PUT_BLOCK {blockData=[blockId=conID: 1 locID: 102670696657387993 bcsId: 0,size=3145728]} | ret=SUCCESS |  
2019-08-24 07:08:23,280 [grpc-default-executor-2] INFO  client.GrpcClientProtocolClient (GrpcClientProtocolClient.java:onNext(255)) - client-6EDD19400D46->06a4573b-67a1-41e3-a350-f896363bc636: receive RaftClientReply:client-6EDD19400D46->06a4573b-67a1-41e3-a350-f896363bc636@group-757E3781CD2A, cid=1303, SUCCESS, logIndex=1814, commits[06a4573b-67a1-41e3-a350-f896363bc636:c1815, 0b725bbf-683b-4664-9a2e-3c9dd6e38bc1:c1813, 9193e3b7-ae04-484d-a740-c65c11559486:c1813]
2019-08-24 07:08:23,281 [grpc-default-executor-2] INFO  client.GrpcClientProtocolClient (GrpcClientProtocolClient.java:onNext(255)) - client-6EDD19400D46->06a4573b-67a1-41e3-a350-f896363bc636: receive RaftClientReply:client-6EDD19400D46->06a4573b-67a1-41e3-a350-f896363bc636@group-757E3781CD2A, cid=1304, SUCCESS, logIndex=1815, commits[06a4573b-67a1-41e3-a350-f896363bc636:c1815, 0b725bbf-683b-4664-9a2e-3c9dd6e38bc1:c1813, 9193e3b7-ae04-484d-a740-c65c11559486:c1813]
2019-08-24 07:08:23,287 | INFO  | DNAudit | user=null | ip=null | op=WRITE_CHUNK {blockData=conID: 1 locID: 102670696657387993 bcsId: 1815} | ret=SUCCESS |  
2019-08-24 07:08:23,291 | INFO  | DNAudit | user=null | ip=null | op=WRITE_CHUNK {blockData=conID: 1 locID: 102670696657387993 bcsId: 1815} | ret=SUCCESS |  
2019-08-24 07:08:23,292 | INFO  | DNAudit | user=null | ip=null | op=WRITE_CHUNK {blockData=conID: 1 locID: 102670696657387993 bcsId: 1815} | ret=SUCCESS |  
2019-08-24 07:08:23,293 | INFO  | DNAudit | user=null | ip=null | op=WRITE_CHUNK {blockData=conID: 1 locID: 102670696657387993 bcsId: 1809} | ret=SUCCESS |  
2019-08-24 07:08:23,293 | INFO  | DNAudit | user=null | ip=null | op=WRITE_CHUNK {blockData=conID: 1 locID: 102670696657387993 bcsId: 1809} | ret=SUCCESS |  
2019-08-24 07:08:23,304 | INFO  | DNAudit | user=null | ip=null | op=PUT_BLOCK {blockData=[blockId=conID: 1 locID: 102670696657387993 bcsId: 0,size=3145728]} | ret=SUCCESS |  
2019-08-24 07:08:23,304 | INFO  | DNAudit | user=null | ip=null | op=PUT_BLOCK {blockData=[blockId=conID: 1 locID: 102670696657387993 bcsId: 0,size=3145728]} | ret=SUCCESS |  
2019-08-24 07:08:23,305 | INFO  | DNAudit | user=null | ip=null | op=WRITE_CHUNK {blockData=conID: 1 locID: 102670696657387993 bcsId: 1815} | ret=SUCCESS |  
2019-08-24 07:08:23,305 | INFO  | DNAudit | user=null | ip=null | op=PUT_BLOCK {blockData=[blockId=conID: 1 locID: 102670696657387993 bcsId: 0,size=4194304]} | ret=SUCCESS |  
2019-08-24 07:08:23,305 [grpc-default-executor-1] INFO  client.GrpcClientProtocolClient (GrpcClientProtocolClient.java:onNext(255)) - client-6EDD19400D46->06a4573b-67a1-41e3-a350-f896363bc636: receive RaftClientReply:client-6EDD19400D46->06a4573b-67a1-41e3-a350-f896363bc636@group-757E3781CD2A, cid=1305, SUCCESS, logIndex=1818, commits[06a4573b-67a1-41e3-a350-f896363bc636:c1818, 0b725bbf-683b-4664-9a2e-3c9dd6e38bc1:c1815, 9193e3b7-ae04-484d-a740-c65c11559486:c1815]
2019-08-24 07:08:23,306 [grpc-default-executor-1] INFO  client.GrpcClientProtocolClient (GrpcClientProtocolClient.java:onNext(255)) - client-6EDD19400D46->06a4573b-67a1-41e3-a350-f896363bc636: receive RaftClientReply:client-6EDD19400D46->06a4573b-67a1-41e3-a350-f896363bc636@group-757E3781CD2A, cid=1306, SUCCESS, logIndex=1819, commits[06a4573b-67a1-41e3-a350-f896363bc636:c1819, 0b725bbf-683b-4664-9a2e-3c9dd6e38bc1:c1815, 9193e3b7-ae04-484d-a740-c65c11559486:c1815]
2019-08-24 07:08:23,316 | INFO  | DNAudit | user=null | ip=null | op=WRITE_CHUNK {blockData=conID: 1 locID: 102670696657387993 bcsId: 1815} | ret=SUCCESS |  
2019-08-24 07:08:23,316 | INFO  | DNAudit | user=null | ip=null | op=WRITE_CHUNK {blockData=conID: 1 locID: 102670696657387993 bcsId: 1815} | ret=SUCCESS |  
2019-08-24 07:08:23,319 | INFO  | DNAudit | user=null | ip=null | op=PUT_BLOCK {blockData=[blockId=conID: 1 locID: 102670696657387993 bcsId: 0,size=4194304]} | ret=SUCCESS |  
2019-08-24 07:08:23,319 | INFO  | DNAudit | user=null | ip=null | op=PUT_BLOCK {blockData=[blockId=conID: 1 locID: 102670696657387993 bcsId: 0,size=4194304]} | ret=SUCCESS |  
2019-08-24 07:08:23,320 [grpc-default-executor-1] INFO  client.GrpcClientProtocolClient (GrpcClientProtocolClient.java:onNext(255)) - client-6EDD19400D46->06a4573b-67a1-41e3-a350-f896363bc636: receive RaftClientReply:client-6EDD19400D46->06a4573b-67a1-41e3-a350-f896363bc636@group-757E3781CD2A, cid=1307, SUCCESS, logIndex=0, commits[06a4573b-67a1-41e3-a350-f896363bc636:c1821, 0b725bbf-683b-4664-9a2e-3c9dd6e38bc1:c1819, 9193e3b7-ae04-484d-a740-c65c11559486:c1819]
2019-08-24 07:08:23,324 | INFO  | SCMAudit | user=jenkins1000 | ip=192.168.69.125 | op=ALLOCATE_BLOCK {owner=61bacca8-15b6-4a50-8962-5e9786b18b0d, size=4194304, type=RATIS, factor=THREE} | ret=SUCCESS |  
2019-08-24 07:08:23,326 | INFO  | OMAudit | user=jenkins1000 | ip=127.0.0.1 | op=ALLOCATE_BLOCK {volume=vol-0-26988, bucket=bucket-0-20739, key=key-0-27353, dataSize=0, replicationType=null, replicationFactor=null, keyLocationInfo=null, clientID=102670695851229586} | ret=SUCCESS |  
2019-08-24 07:08:23,334 | INFO  | DNAudit | user=null | ip=null | op=WRITE_CHUNK {blockData=conID: 2 locID: 102670696665842138 bcsId: 0} | ret=SUCCESS |  
2019-08-24 07:08:23,337 | INFO  | DNAudit | user=null | ip=null | op=WRITE_CHUNK {blockData=conID: 2 locID: 102670696665842138 bcsId: 0} | ret=SUCCESS |  
2019-08-24 07:08:23,337 | INFO  | DNAudit | user=null | ip=null | op=WRITE_CHUNK {blockData=conID: 2 locID: 102670696665842138 bcsId: 0} | ret=SUCCESS |  
2019-08-24 07:08:23,338 | INFO  | DNAudit | user=null | ip=null | op=WRITE_CHUNK {blockData=conID: 2 locID: 102670696665842138 bcsId: 0} | ret=SUCCESS |  
2019-08-24 07:08:23,339 | INFO  | DNAudit | user=null | ip=null | op=WRITE_CHUNK {blockData=conID: 2 locID: 102670696665842138 bcsId: 0} | ret=SUCCESS |  
2019-08-24 07:08:23,340 | INFO  | DNAudit | user=null | ip=null | op=WRITE_CHUNK {blockData=conID: 2 locID: 102670696665842138 bcsId: 0} | ret=SUCCESS |  
2019-08-24 07:08:23,351 | INFO  | DNAudit | user=null | ip=null | op=WRITE_CHUNK {blockData=conID: 2 locID: 102670696665842138 bcsId: 0} | ret=SUCCESS |  
2019-08-24 07:08:23,352 | INFO  | DNAudit | user=null | ip=null | op=PUT_BLOCK {blockData=[blockId=conID: 2 locID: 102670696665842138 bcsId: 0,size=1048576]} | ret=SUCCESS |  
2019-08-24 07:08:23,352 [grpc-default-executor-5] INFO  client.GrpcClientProtocolClient (GrpcClientProtocolClient.java:onNext(255)) - client-6EDD19400D46->06a4573b-67a1-41e3-a350-f896363bc636: receive RaftClientReply:client-6EDD19400D46->06a4573b-67a1-41e3-a350-f896363bc636@group-757E3781CD2A, cid=1308, SUCCESS, logIndex=1822, commits[06a4573b-67a1-41e3-a350-f896363bc636:c1824, 0b725bbf-683b-4664-9a2e-3c9dd6e38bc1:c1821, 9193e3b7-ae04-484d-a740-c65c11559486:c1821]
2019-08-24 07:08:23,353 | INFO  | DNAudit | user=null | ip=null | op=WRITE_CHUNK {blockData=conID: 2 locID: 102670696665842138 bcsId: 0} | ret=SUCCESS |  
2019-08-24 07:08:23,353 | INFO  | DNAudit | user=null | ip=null | op=PUT_BLOCK {blockData=[blockId=conID: 2 locID: 102670696665842138 bcsId: 0,size=2097152]} | ret=SUCCESS |  
2019-08-24 07:08:23,353 [grpc-default-executor-5] INFO  client.GrpcClientProtocolClient (GrpcClientProtocolClient.java:onNext(255)) - client-6EDD19400D46->06a4573b-67a1-41e3-a350-f896363bc636: receive RaftClientReply:client-6EDD19400D46->06a4573b-67a1-41e3-a350-f896363bc636@group-757E3781CD2A, cid=1309, SUCCESS, logIndex=1823, commits[06a4573b-67a1-41e3-a350-f896363bc636:c1825, 0b725bbf-683b-4664-9a2e-3c9dd6e38bc1:c1821, 9193e3b7-ae04-484d-a740-c65c11559486:c1821]
2019-08-24 07:08:23,353 [grpc-default-executor-5] INFO  client.GrpcClientProtocolClient (GrpcClientProtocolClient.java:onNext(255)) - client-6EDD19400D46->06a4573b-67a1-41e3-a350-f896363bc636: receive RaftClientReply:client-6EDD19400D46->06a4573b-67a1-41e3-a350-f896363bc636@group-757E3781CD2A, cid=1310, SUCCESS, logIndex=1824, commits[06a4573b-67a1-41e3-a350-f896363bc636:c1825, 0b725bbf-683b-4664-9a2e-3c9dd6e38bc1:c1821, 9193e3b7-ae04-484d-a740-c65c11559486:c1821]
2019-08-24 07:08:23,354 [grpc-default-executor-5] INFO  client.GrpcClientProtocolClient (GrpcClientProtocolClient.java:onNext(255)) - client-6EDD19400D46->06a4573b-67a1-41e3-a350-f896363bc636: receive RaftClientReply:client-6EDD19400D46->06a4573b-67a1-41e3-a350-f896363bc636@group-757E3781CD2A, cid=1311, SUCCESS, logIndex=1825, commits[06a4573b-67a1-41e3-a350-f896363bc636:c1825, 0b725bbf-683b-4664-9a2e-3c9dd6e38bc1:c1821, 9193e3b7-ae04-484d-a740-c65c11559486:c1821]
2019-08-24 07:08:23,365 | INFO  | DNAudit | user=null | ip=null | op=WRITE_CHUNK {blockData=conID: 2 locID: 102670696665842138 bcsId: 0} | ret=SUCCESS |  
2019-08-24 07:08:23,365 | INFO  | DNAudit | user=null | ip=null | op=WRITE_CHUNK {blockData=conID: 2 locID: 102670696665842138 bcsId: 0} | ret=SUCCESS |  
2019-08-24 07:08:23,370 | INFO  | DNAudit | user=null | ip=null | op=PUT_BLOCK {blockData=[blockId=conID: 2 locID: 102670696665842138 bcsId: 0,size=1048576]} | ret=SUCCESS |  
2019-08-24 07:08:23,378 | INFO  | DNAudit | user=null | ip=null | op=PUT_BLOCK {blockData=[blockId=conID: 2 locID: 102670696665842138 bcsId: 0,size=1048576]} | ret=SUCCESS |  
2019-08-24 07:08:23,378 | INFO  | DNAudit | user=null | ip=null | op=WRITE_CHUNK {blockData=conID: 2 locID: 102670696665842138 bcsId: 0} | ret=SUCCESS |  
2019-08-24 07:08:23,378 | INFO  | DNAudit | user=null | ip=null | op=PUT_BLOCK {blockData=[blockId=conID: 2 locID: 102670696665842138 bcsId: 0,size=2097152]} | ret=SUCCESS |  
2019-08-24 07:08:23,379 | INFO  | DNAudit | user=null | ip=null | op=WRITE_CHUNK {blockData=conID: 2 locID: 102670696665842138 bcsId: 0} | ret=SUCCESS |  
2019-08-24 07:08:23,379 | INFO  | DNAudit | user=null | ip=null | op=PUT_BLOCK {blockData=[blockId=conID: 2 locID: 102670696665842138 bcsId: 0,size=2097152]} | ret=SUCCESS |  
2019-08-24 07:08:23,379 [grpc-default-executor-1] INFO  client.GrpcClientProtocolClient (GrpcClientProtocolClient.java:onNext(255)) - client-6EDD19400D46->06a4573b-67a1-41e3-a350-f896363bc636: receive RaftClientReply:client-6EDD19400D46->06a4573b-67a1-41e3-a350-f896363bc636@group-757E3781CD2A, cid=1312, SUCCESS, logIndex=0, commits[06a4573b-67a1-41e3-a350-f896363bc636:c1827, 0b725bbf-683b-4664-9a2e-3c9dd6e38bc1:c1823, 9193e3b7-ae04-484d-a740-c65c11559486:c1823]
2019-08-24 07:08:23,385 | INFO  | DNAudit | user=null | ip=null | op=WRITE_CHUNK {blockData=conID: 2 locID: 102670696665842138 bcsId: 1825} | ret=SUCCESS |  
2019-08-24 07:08:23,388 | INFO  | DNAudit | user=null | ip=null | op=WRITE_CHUNK {blockData=conID: 2 locID: 102670696665842138 bcsId: 1825} | ret=SUCCESS |  
2019-08-24 07:08:23,389 | INFO  | DNAudit | user=null | ip=null | op=WRITE_CHUNK {blockData=conID: 2 locID: 102670696665842138 bcsId: 1825} | ret=SUCCESS |  
2019-08-24 07:08:23,399 | INFO  | DNAudit | user=null | ip=null | op=WRITE_CHUNK {blockData=conID: 2 locID: 102670696665842138 bcsId: 1825} | ret=SUCCESS |  
2019-08-24 07:08:23,400 | INFO  | DNAudit | user=null | ip=null | op=PUT_BLOCK {blockData=[blockId=conID: 2 locID: 102670696665842138 bcsId: 0,size=3145728]} | ret=SUCCESS |  
2019-08-24 07:08:23,400 [grpc-default-executor-5] INFO  client.GrpcClientProtocolClient (GrpcClientProtocolClient.java:onNext(255)) - client-6EDD19400D46->06a4573b-67a1-41e3-a350-f896363bc636: receive RaftClientReply:client-6EDD19400D46->06a4573b-67a1-41e3-a350-f896363bc636@group-757E3781CD2A, cid=1313, SUCCESS, logIndex=1830, commits[06a4573b-67a1-41e3-a350-f896363bc636:c1831, 0b725bbf-683b-4664-9a2e-3c9dd6e38bc1:c1829, 9193e3b7-ae04-484d-a740-c65c11559486:c1829]
2019-08-24 07:08:23,400 [grpc-default-executor-5] INFO  client.GrpcClientProtocolClient (GrpcClientProtocolClient.java:onNext(255)) - client-6EDD19400D46->06a4573b-67a1-41e3-a350-f896363bc636: receive RaftClientReply:client-6EDD19400D46->06a4573b-67a1-41e3-a350-f896363bc636@group-757E3781CD2A, cid=1314, SUCCESS, logIndex=1831, commits[06a4573b-67a1-41e3-a350-f896363bc636:c1831, 0b725bbf-683b-4664-9a2e-3c9dd6e38bc1:c1829, 9193e3b7-ae04-484d-a740-c65c11559486:c1829]
2019-08-24 07:08:23,406 | INFO  | DNAudit | user=null | ip=null | op=WRITE_CHUNK {blockData=conID: 2 locID: 102670696665842138 bcsId: 1831} | ret=SUCCESS |  
2019-08-24 07:08:23,409 | INFO  | DNAudit | user=null | ip=null | op=WRITE_CHUNK {blockData=conID: 2 locID: 102670696665842138 bcsId: 1831} | ret=SUCCESS |  
2019-08-24 07:08:23,409 | INFO  | DNAudit | user=null | ip=null | op=WRITE_CHUNK {blockData=conID: 2 locID: 102670696665842138 bcsId: 1831} | ret=SUCCESS |  
2019-08-24 07:08:23,412 | INFO  | DNAudit | user=null | ip=null | op=WRITE_CHUNK {blockData=conID: 2 locID: 102670696665842138 bcsId: 1825} | ret=SUCCESS |  
2019-08-24 07:08:23,412 | INFO  | DNAudit | user=null | ip=null | op=WRITE_CHUNK {blockData=conID: 2 locID: 102670696665842138 bcsId: 1825} | ret=SUCCESS |  
2019-08-24 07:08:23,412 | INFO  | DNAudit | user=null | ip=null | op=PUT_BLOCK {blockData=[blockId=conID: 2 locID: 102670696665842138 bcsId: 0,size=3145728]} | ret=SUCCESS |  
2019-08-24 07:08:23,412 | INFO  | DNAudit | user=null | ip=null | op=PUT_BLOCK {blockData=[blockId=conID: 2 locID: 102670696665842138 bcsId: 0,size=3145728]} | ret=SUCCESS |  
2019-08-24 07:08:23,425 | INFO  | DNAudit | user=null | ip=null | op=WRITE_CHUNK {blockData=conID: 2 locID: 102670696665842138 bcsId: 1831} | ret=SUCCESS |  
2019-08-24 07:08:23,426 | INFO  | DNAudit | user=null | ip=null | op=PUT_BLOCK {blockData=[blockId=conID: 2 locID: 102670696665842138 bcsId: 0,size=4194304]} | ret=SUCCESS |  
2019-08-24 07:08:23,426 [grpc-default-executor-1] INFO  client.GrpcClientProtocolClient (GrpcClientProtocolClient.java:onNext(255)) - client-6EDD19400D46->06a4573b-67a1-41e3-a350-f896363bc636: receive RaftClientReply:client-6EDD19400D46->06a4573b-67a1-41e3-a350-f896363bc636@group-757E3781CD2A, cid=1315, SUCCESS, logIndex=1834, commits[06a4573b-67a1-41e3-a350-f896363bc636:c1834, 0b725bbf-683b-4664-9a2e-3c9dd6e38bc1:c1831, 9193e3b7-ae04-484d-a740-c65c11559486:c1831]
2019-08-24 07:08:23,427 [grpc-default-executor-1] INFO  client.GrpcClientProtocolClient (GrpcClientProtocolClient.java:onNext(255)) - client-6EDD19400D46->06a4573b-67a1-41e3-a350-f896363bc636: receive RaftClientReply:client-6EDD19400D46->06a4573b-67a1-41e3-a350-f896363bc636@group-757E3781CD2A, cid=1316, SUCCESS, logIndex=1835, commits[06a4573b-67a1-41e3-a350-f896363bc636:c1835, 0b725bbf-683b-4664-9a2e-3c9dd6e38bc1:c1831, 9193e3b7-ae04-484d-a740-c65c11559486:c1831]
2019-08-24 07:08:23,429 | INFO  | SCMAudit | user=jenkins1000 | ip=192.168.69.125 | op=SEND_HEARTBEAT {datanodeUUID=06a4573b-67a1-41e3-a350-f896363bc636, command=[]} | ret=SUCCESS |  
2019-08-24 07:08:23,429 | INFO  | SCMAudit | user=jenkins1000 | ip=192.168.69.125 | op=SEND_HEARTBEAT {datanodeUUID=25ce0803-6f34-4c69-82c0-892f08679042, command=[]} | ret=SUCCESS |  
2019-08-24 07:08:23,429 | INFO  | SCMAudit | user=jenkins1000 | ip=192.168.69.125 | op=SEND_HEARTBEAT {datanodeUUID=0b725bbf-683b-4664-9a2e-3c9dd6e38bc1, command=[]} | ret=SUCCESS |  
2019-08-24 07:08:23,429 | INFO  | SCMAudit | user=jenkins1000 | ip=192.168.69.125 | op=SEND_HEARTBEAT {datanodeUUID=9193e3b7-ae04-484d-a740-c65c11559486, command=[]} | ret=SUCCESS |  
2019-08-24 07:08:23,444 | INFO  | DNAudit | user=null | ip=null | op=WRITE_CHUNK {blockData=conID: 2 locID: 102670696665842138 bcsId: 1831} | ret=SUCCESS |  
2019-08-24 07:08:23,444 | INFO  | DNAudit | user=null | ip=null | op=WRITE_CHUNK {blockData=conID: 2 locID: 102670696665842138 bcsId: 1831} | ret=SUCCESS |  
2019-08-24 07:08:23,446 | INFO  | DNAudit | user=null | ip=null | op=PUT_BLOCK {blockData=[blockId=conID: 2 locID: 102670696665842138 bcsId: 0,size=4194304]} | ret=SUCCESS |  
2019-08-24 07:08:23,447 | INFO  | DNAudit | user=null | ip=null | op=PUT_BLOCK {blockData=[blockId=conID: 2 locID: 102670696665842138 bcsId: 0,size=4194304]} | ret=SUCCESS |  
2019-08-24 07:08:23,447 [grpc-default-executor-1] INFO  client.GrpcClientProtocolClient (GrpcClientProtocolClient.java:onNext(255)) - client-6EDD19400D46->06a4573b-67a1-41e3-a350-f896363bc636: receive RaftClientReply:client-6EDD19400D46->06a4573b-67a1-41e3-a350-f896363bc636@group-757E3781CD2A, cid=1317, SUCCESS, logIndex=0, commits[06a4573b-67a1-41e3-a350-f896363bc636:c1837, 0b725bbf-683b-4664-9a2e-3c9dd6e38bc1:c1835, 9193e3b7-ae04-484d-a740-c65c11559486:c1835]
2019-08-24 07:08:23,451 | INFO  | SCMAudit | user=jenkins1000 | ip=192.168.69.125 | op=ALLOCATE_BLOCK {owner=61bacca8-15b6-4a50-8962-5e9786b18b0d, size=4194304, type=RATIS, factor=THREE} | ret=SUCCESS |  
2019-08-24 07:08:23,453 | INFO  | OMAudit | user=jenkins1000 | ip=127.0.0.1 | op=ALLOCATE_BLOCK {volume=vol-0-26988, bucket=bucket-0-20739, key=key-0-27353, dataSize=0, replicationType=null, replicationFactor=null, keyLocationInfo=null, clientID=102670695851229586} | ret=SUCCESS |  
2019-08-24 07:08:23,461 | INFO  | DNAudit | user=null | ip=null | op=WRITE_CHUNK {blockData=conID: 3 locID: 102670696674165211 bcsId: 0} | ret=SUCCESS |  
2019-08-24 07:08:23,462 | INFO  | DNAudit | user=null | ip=null | op=WRITE_CHUNK {blockData=conID: 3 locID: 102670696674165211 bcsId: 0} | ret=SUCCESS |  
2019-08-24 07:08:23,464 | INFO  | DNAudit | user=null | ip=null | op=WRITE_CHUNK {blockData=conID: 3 locID: 102670696674165211 bcsId: 0} | ret=SUCCESS |  
2019-08-24 07:08:23,464 | INFO  | DNAudit | user=null | ip=null | op=WRITE_CHUNK {blockData=conID: 3 locID: 102670696674165211 bcsId: 0} | ret=SUCCESS |  
2019-08-24 07:08:23,466 | INFO  | DNAudit | user=null | ip=null | op=WRITE_CHUNK {blockData=conID: 3 locID: 102670696674165211 bcsId: 0} | ret=SUCCESS |  
2019-08-24 07:08:23,466 | INFO  | DNAudit | user=null | ip=null | op=WRITE_CHUNK {blockData=conID: 3 locID: 102670696674165211 bcsId: 0} | ret=SUCCESS |  
2019-08-24 07:08:23,475 | INFO  | DNAudit | user=null | ip=null | op=WRITE_CHUNK {blockData=conID: 3 locID: 102670696674165211 bcsId: 0} | ret=SUCCESS |  
2019-08-24 07:08:23,476 | INFO  | DNAudit | user=null | ip=null | op=PUT_BLOCK {blockData=[blockId=conID: 3 locID: 102670696674165211 bcsId: 0,size=1048576]} | ret=SUCCESS |  
2019-08-24 07:08:23,476 | INFO  | DNAudit | user=null | ip=null | op=WRITE_CHUNK {blockData=conID: 3 locID: 102670696674165211 bcsId: 0} | ret=SUCCESS |  
2019-08-24 07:08:23,476 [grpc-default-executor-1] INFO  client.GrpcClientProtocolClient (GrpcClientProtocolClient.java:onNext(255)) - client-6EDD19400D46->06a4573b-67a1-41e3-a350-f896363bc636: receive RaftClientReply:client-6EDD19400D46->06a4573b-67a1-41e3-a350-f896363bc636@group-757E3781CD2A, cid=1318, SUCCESS, logIndex=1838, commits[06a4573b-67a1-41e3-a350-f896363bc636:c1841, 0b725bbf-683b-4664-9a2e-3c9dd6e38bc1:c1837, 9193e3b7-ae04-484d-a740-c65c11559486:c1837]
2019-08-24 07:08:23,476 | INFO  | DNAudit | user=null | ip=null | op=PUT_BLOCK {blockData=[blockId=conID: 3 locID: 102670696674165211 bcsId: 0,size=2097152]} | ret=SUCCESS |  
2019-08-24 07:08:23,476 [grpc-default-executor-1] INFO  client.GrpcClientProtocolClient (GrpcClientProtocolClient.java:onNext(255)) - client-6EDD19400D46->06a4573b-67a1-41e3-a350-f896363bc636: receive RaftClientReply:client-6EDD19400D46->06a4573b-67a1-41e3-a350-f896363bc636@group-757E3781CD2A, cid=1319, SUCCESS, logIndex=1839, commits[06a4573b-67a1-41e3-a350-f896363bc636:c1841, 0b725bbf-683b-4664-9a2e-3c9dd6e38bc1:c1837, 9193e3b7-ae04-484d-a740-c65c11559486:c1837]
2019-08-24 07:08:23,477 [grpc-default-executor-1] INFO  client.GrpcClientProtocolClient (GrpcClientProtocolClient.java:onNext(255)) - client-6EDD19400D46->06a4573b-67a1-41e3-a350-f896363bc636: receive RaftClientReply:client-6EDD19400D46->06a4573b-67a1-41e3-a350-f896363bc636@group-757E3781CD2A, cid=1320, SUCCESS, logIndex=1840, commits[06a4573b-67a1-41e3-a350-f896363bc636:c1841, 0b725bbf-683b-4664-9a2e-3c9dd6e38bc1:c1837, 9193e3b7-ae04-484d-a740-c65c11559486:c1837]
2019-08-24 07:08:23,477 [grpc-default-executor-1] INFO  client.GrpcClientProtocolClient (GrpcClientProtocolClient.java:onNext(255)) - client-6EDD19400D46->06a4573b-67a1-41e3-a350-f896363bc636: receive RaftClientReply:client-6EDD19400D46->06a4573b-67a1-41e3-a350-f896363bc636@group-757E3781CD2A, cid=1321, SUCCESS, logIndex=1841, commits[06a4573b-67a1-41e3-a350-f896363bc636:c1841, 0b725bbf-683b-4664-9a2e-3c9dd6e38bc1:c1837, 9193e3b7-ae04-484d-a740-c65c11559486:c1837]
2019-08-24 07:08:23,486 | INFO  | DNAudit | user=null | ip=null | op=WRITE_CHUNK {blockData=conID: 3 locID: 102670696674165211 bcsId: 0} | ret=SUCCESS |  
2019-08-24 07:08:23,487 | INFO  | DNAudit | user=null | ip=null | op=PUT_BLOCK {blockData=[blockId=conID: 3 locID: 102670696674165211 bcsId: 0,size=1048576]} | ret=SUCCESS |  
2019-08-24 07:08:23,487 | INFO  | DNAudit | user=null | ip=null | op=WRITE_CHUNK {blockData=conID: 3 locID: 102670696674165211 bcsId: 0} | ret=SUCCESS |  
2019-08-24 07:08:23,487 | INFO  | DNAudit | user=null | ip=null | op=PUT_BLOCK {blockData=[blockId=conID: 3 locID: 102670696674165211 bcsId: 0,size=1048576]} | ret=SUCCESS |  
2019-08-24 07:08:23,487 [grpc-default-executor-1] INFO  client.GrpcClientProtocolClient (GrpcClientProtocolClient.java:onNext(255)) - client-6EDD19400D46->06a4573b-67a1-41e3-a350-f896363bc636: receive RaftClientReply:client-6EDD19400D46->06a4573b-67a1-41e3-a350-f896363bc636@group-757E3781CD2A, cid=1322, SUCCESS, logIndex=0, commits[06a4573b-67a1-41e3-a350-f896363bc636:c1842, 0b725bbf-683b-4664-9a2e-3c9dd6e38bc1:c1839, 9193e3b7-ae04-484d-a740-c65c11559486:c1839]
2019-08-24 07:08:23,489 | INFO  | DNAudit | user=null | ip=null | op=WRITE_CHUNK {blockData=conID: 3 locID: 102670696674165211 bcsId: 0} | ret=SUCCESS |  
2019-08-24 07:08:23,490 | INFO  | DNAudit | user=null | ip=null | op=PUT_BLOCK {blockData=[blockId=conID: 3 locID: 102670696674165211 bcsId: 0,size=2097152]} | ret=SUCCESS |  
2019-08-24 07:08:23,490 | INFO  | DNAudit | user=null | ip=null | op=WRITE_CHUNK {blockData=conID: 3 locID: 102670696674165211 bcsId: 0} | ret=SUCCESS |  
2019-08-24 07:08:23,490 | INFO  | DNAudit | user=null | ip=null | op=PUT_BLOCK {blockData=[blockId=conID: 3 locID: 102670696674165211 bcsId: 0,size=2097152]} | ret=SUCCESS |  
2019-08-24 07:08:23,494 | INFO  | DNAudit | user=null | ip=null | op=WRITE_CHUNK {blockData=conID: 3 locID: 102670696674165211 bcsId: 1841} | ret=SUCCESS |  
2019-08-24 07:08:23,497 | INFO  | DNAudit | user=null | ip=null | op=WRITE_CHUNK {blockData=conID: 3 locID: 102670696674165211 bcsId: 1841} | ret=SUCCESS |  
2019-08-24 07:08:23,498 | INFO  | DNAudit | user=null | ip=null | op=WRITE_CHUNK {blockData=conID: 3 locID: 102670696674165211 bcsId: 1841} | ret=SUCCESS |  
2019-08-24 07:08:23,506 | INFO  | DNAudit | user=null | ip=null | op=WRITE_CHUNK {blockData=conID: 3 locID: 102670696674165211 bcsId: 1841} | ret=SUCCESS |  
2019-08-24 07:08:23,506 | INFO  | DNAudit | user=null | ip=null | op=PUT_BLOCK {blockData=[blockId=conID: 3 locID: 102670696674165211 bcsId: 0,size=3145728]} | ret=SUCCESS |  
2019-08-24 07:08:23,507 [grpc-default-executor-0] INFO  client.GrpcClientProtocolClient (GrpcClientProtocolClient.java:onNext(255)) - client-6EDD19400D46->06a4573b-67a1-41e3-a350-f896363bc636: receive RaftClientReply:client-6EDD19400D46->06a4573b-67a1-41e3-a350-f896363bc636@group-757E3781CD2A, cid=1323, SUCCESS, logIndex=1846, commits[06a4573b-67a1-41e3-a350-f896363bc636:c1847, 0b725bbf-683b-4664-9a2e-3c9dd6e38bc1:c1845, 9193e3b7-ae04-484d-a740-c65c11559486:c1845]
2019-08-24 07:08:23,507 [grpc-default-executor-0] INFO  client.GrpcClientProtocolClient (GrpcClientProtocolClient.java:onNext(255)) - client-6EDD19400D46->06a4573b-67a1-41e3-a350-f896363bc636: receive RaftClientReply:client-6EDD19400D46->06a4573b-67a1-41e3-a350-f896363bc636@group-757E3781CD2A, cid=1324, SUCCESS, logIndex=1847, commits[06a4573b-67a1-41e3-a350-f896363bc636:c1847, 0b725bbf-683b-4664-9a2e-3c9dd6e38bc1:c1845, 9193e3b7-ae04-484d-a740-c65c11559486:c1845]
2019-08-24 07:08:23,515 | INFO  | DNAudit | user=null | ip=null | op=WRITE_CHUNK {blockData=conID: 3 locID: 102670696674165211 bcsId: 1847} | ret=SUCCESS |  
2019-08-24 07:08:23,518 | INFO  | DNAudit | user=null | ip=null | op=WRITE_CHUNK {blockData=conID: 3 locID: 102670696674165211 bcsId: 1841} | ret=SUCCESS |  
2019-08-24 07:08:23,518 | INFO  | DNAudit | user=null | ip=null | op=WRITE_CHUNK {blockData=conID: 3 locID: 102670696674165211 bcsId: 1841} | ret=SUCCESS |  
2019-08-24 07:08:23,518 | INFO  | DNAudit | user=null | ip=null | op=WRITE_CHUNK {blockData=conID: 3 locID: 102670696674165211 bcsId: 1847} | ret=SUCCESS |  
2019-08-24 07:08:23,518 | INFO  | DNAudit | user=null | ip=null | op=WRITE_CHUNK {blockData=conID: 3 locID: 102670696674165211 bcsId: 1847} | ret=SUCCESS |  
2019-08-24 07:08:23,519 | INFO  | DNAudit | user=null | ip=null | op=PUT_BLOCK {blockData=[blockId=conID: 3 locID: 102670696674165211 bcsId: 0,size=3145728]} | ret=SUCCESS |  
2019-08-24 07:08:23,520 | INFO  | DNAudit | user=null | ip=null | op=PUT_BLOCK {blockData=[blockId=conID: 3 locID: 102670696674165211 bcsId: 0,size=3145728]} | ret=SUCCESS |  
2019-08-24 07:08:23,520 | INFO  | DNAudit | user=null | ip=null | op=WRITE_CHUNK {blockData=conID: 3 locID: 102670696674165211 bcsId: 1847} | ret=SUCCESS |  
2019-08-24 07:08:23,520 | INFO  | DNAudit | user=null | ip=null | op=PUT_BLOCK {blockData=[blockId=conID: 3 locID: 102670696674165211 bcsId: 0,size=4194304]} | ret=SUCCESS |  
2019-08-24 07:08:23,520 [grpc-default-executor-0] INFO  client.GrpcClientProtocolClient (GrpcClientProtocolClient.java:onNext(255)) - client-6EDD19400D46->06a4573b-67a1-41e3-a350-f896363bc636: receive RaftClientReply:client-6EDD19400D46->06a4573b-67a1-41e3-a350-f896363bc636@group-757E3781CD2A, cid=1325, SUCCESS, logIndex=1850, commits[06a4573b-67a1-41e3-a350-f896363bc636:c1851, 0b725bbf-683b-4664-9a2e-3c9dd6e38bc1:c1847, 9193e3b7-ae04-484d-a740-c65c11559486:c1846]
2019-08-24 07:08:23,521 [grpc-default-executor-0] INFO  client.GrpcClientProtocolClient (GrpcClientProtocolClient.java:onNext(255)) - client-6EDD19400D46->06a4573b-67a1-41e3-a350-f896363bc636: receive RaftClientReply:client-6EDD19400D46->06a4573b-67a1-41e3-a350-f896363bc636@group-757E3781CD2A, cid=1326, SUCCESS, logIndex=1851, commits[06a4573b-67a1-41e3-a350-f896363bc636:c1851, 0b725bbf-683b-4664-9a2e-3c9dd6e38bc1:c1847, 9193e3b7-ae04-484d-a740-c65c11559486:c1847]
2019-08-24 07:08:23,523 | INFO  | DNAudit | user=null | ip=null | op=WRITE_CHUNK {blockData=conID: 3 locID: 102670696674165211 bcsId: 1847} | ret=SUCCESS |  
2019-08-24 07:08:23,523 | INFO  | DNAudit | user=null | ip=null | op=PUT_BLOCK {blockData=[blockId=conID: 3 locID: 102670696674165211 bcsId: 0,size=4194304]} | ret=SUCCESS |  
2019-08-24 07:08:23,523 | INFO  | DNAudit | user=null | ip=null | op=WRITE_CHUNK {blockData=conID: 3 locID: 102670696674165211 bcsId: 1847} | ret=SUCCESS |  
2019-08-24 07:08:23,523 | INFO  | DNAudit | user=null | ip=null | op=PUT_BLOCK {blockData=[blockId=conID: 3 locID: 102670696674165211 bcsId: 0,size=4194304]} | ret=SUCCESS |  
2019-08-24 07:08:23,524 [grpc-default-executor-0] INFO  client.GrpcClientProtocolClient (GrpcClientProtocolClient.java:onNext(255)) - client-6EDD19400D46->06a4573b-67a1-41e3-a350-f896363bc636: receive RaftClientReply:client-6EDD19400D46->06a4573b-67a1-41e3-a350-f896363bc636@group-757E3781CD2A, cid=1327, SUCCESS, logIndex=0, commits[06a4573b-67a1-41e3-a350-f896363bc636:c1852, 0b725bbf-683b-4664-9a2e-3c9dd6e38bc1:c1851, 9193e3b7-ae04-484d-a740-c65c11559486:c1851]
2019-08-24 07:08:23,528 | INFO  | SCMAudit | user=jenkins1000 | ip=192.168.69.125 | op=ALLOCATE_BLOCK {owner=61bacca8-15b6-4a50-8962-5e9786b18b0d, size=4194304, type=RATIS, factor=THREE} | ret=SUCCESS |  
2019-08-24 07:08:23,530 | INFO  | OMAudit | user=jenkins1000 | ip=127.0.0.1 | op=ALLOCATE_BLOCK {volume=vol-0-26988, bucket=bucket-0-20739, key=key-0-27353, dataSize=0, replicationType=null, replicationFactor=null, keyLocationInfo=null, clientID=102670695851229586} | ret=SUCCESS |  
2019-08-24 07:08:23,538 | INFO  | DNAudit | user=null | ip=null | op=WRITE_CHUNK {blockData=conID: 1 locID: 102670696679211484 bcsId: 0} | ret=SUCCESS |  
2019-08-24 07:08:23,541 | INFO  | DNAudit | user=null | ip=null | op=WRITE_CHUNK {blockData=conID: 1 locID: 102670696679211484 bcsId: 0} | ret=SUCCESS |  
2019-08-24 07:08:23,541 | INFO  | DNAudit | user=null | ip=null | op=WRITE_CHUNK {blockData=conID: 1 locID: 102670696679211484 bcsId: 0} | ret=SUCCESS |  
2019-08-24 07:08:23,541 | INFO  | DNAudit | user=null | ip=null | op=WRITE_CHUNK {blockData=conID: 1 locID: 102670696679211484 bcsId: 0} | ret=SUCCESS |  
2019-08-24 07:08:23,543 | INFO  | DNAudit | user=null | ip=null | op=WRITE_CHUNK {blockData=conID: 1 locID: 102670696679211484 bcsId: 0} | ret=SUCCESS |  
2019-08-24 07:08:23,544 | INFO  | DNAudit | user=null | ip=null | op=WRITE_CHUNK {blockData=conID: 1 locID: 102670696679211484 bcsId: 0} | ret=SUCCESS |  
2019-08-24 07:08:23,550 | INFO  | DNAudit | user=null | ip=null | op=WRITE_CHUNK {blockData=conID: 1 locID: 102670696679211484 bcsId: 0} | ret=SUCCESS |  
2019-08-24 07:08:23,550 | INFO  | DNAudit | user=null | ip=null | op=PUT_BLOCK {blockData=[blockId=conID: 1 locID: 102670696679211484 bcsId: 0,size=1048576]} | ret=SUCCESS |  
2019-08-24 07:08:23,551 [grpc-default-executor-2] INFO  client.GrpcClientProtocolClient (GrpcClientProtocolClient.java:onNext(255)) - client-6EDD19400D46->06a4573b-67a1-41e3-a350-f896363bc636: receive RaftClientReply:client-6EDD19400D46->06a4573b-67a1-41e3-a350-f896363bc636@group-757E3781CD2A, cid=1328, SUCCESS, logIndex=1854, commits[06a4573b-67a1-41e3-a350-f896363bc636:c1855, 0b725bbf-683b-4664-9a2e-3c9dd6e38bc1:c1853, 9193e3b7-ae04-484d-a740-c65c11559486:c1853]
2019-08-24 07:08:23,551 | INFO  | DNAudit | user=null | ip=null | op=WRITE_CHUNK {blockData=conID: 1 locID: 102670696679211484 bcsId: 0} | ret=SUCCESS |  
2019-08-24 07:08:23,551 | INFO  | DNAudit | user=null | ip=null | op=PUT_BLOCK {blockData=[blockId=conID: 1 locID: 102670696679211484 bcsId: 0,size=2097152]} | ret=SUCCESS |  
2019-08-24 07:08:23,551 [grpc-default-executor-2] INFO  client.GrpcClientProtocolClient (GrpcClientProtocolClient.java:onNext(255)) - client-6EDD19400D46->06a4573b-67a1-41e3-a350-f896363bc636: receive RaftClientReply:client-6EDD19400D46->06a4573b-67a1-41e3-a350-f896363bc636@group-757E3781CD2A, cid=1329, SUCCESS, logIndex=1855, commits[06a4573b-67a1-41e3-a350-f896363bc636:c1857, 0b725bbf-683b-4664-9a2e-3c9dd6e38bc1:c1853, 9193e3b7-ae04-484d-a740-c65c11559486:c1853]
2019-08-24 07:08:23,552 [grpc-default-executor-2] INFO  client.GrpcClientProtocolClient (GrpcClientProtocolClient.java:onNext(255)) - client-6EDD19400D46->06a4573b-67a1-41e3-a350-f896363bc636: receive RaftClientReply:client-6EDD19400D46->06a4573b-67a1-41e3-a350-f896363bc636@group-757E3781CD2A, cid=1330, SUCCESS, logIndex=1856, commits[06a4573b-67a1-41e3-a350-f896363bc636:c1857, 0b725bbf-683b-4664-9a2e-3c9dd6e38bc1:c1853, 9193e3b7-ae04-484d-a740-c65c11559486:c1853]
2019-08-24 07:08:23,552 [grpc-default-executor-2] INFO  client.GrpcClientProtocolClient (GrpcClientProtocolClient.java:onNext(255)) - client-6EDD19400D46->06a4573b-67a1-41e3-a350-f896363bc636: receive RaftClientReply:client-6EDD19400D46->06a4573b-67a1-41e3-a350-f896363bc636@group-757E3781CD2A, cid=1331, SUCCESS, logIndex=1857, commits[06a4573b-67a1-41e3-a350-f896363bc636:c1857, 0b725bbf-683b-4664-9a2e-3c9dd6e38bc1:c1853, 9193e3b7-ae04-484d-a740-c65c11559486:c1853]
2019-08-24 07:08:23,564 | INFO  | DNAudit | user=null | ip=null | op=WRITE_CHUNK {blockData=conID: 1 locID: 102670696679211484 bcsId: 0} | ret=SUCCESS |  
2019-08-24 07:08:23,564 | INFO  | DNAudit | user=null | ip=null | op=WRITE_CHUNK {blockData=conID: 1 locID: 102670696679211484 bcsId: 0} | ret=SUCCESS |  
2019-08-24 07:08:23,565 | INFO  | DNAudit | user=null | ip=null | op=PUT_BLOCK {blockData=[blockId=conID: 1 locID: 102670696679211484 bcsId: 0,size=1048576]} | ret=SUCCESS |  
2019-08-24 07:08:23,565 | INFO  | DNAudit | user=null | ip=null | op=WRITE_CHUNK {blockData=conID: 1 locID: 102670696679211484 bcsId: 0} | ret=SUCCESS |  
2019-08-24 07:08:23,565 | INFO  | DNAudit | user=null | ip=null | op=PUT_BLOCK {blockData=[blockId=conID: 1 locID: 102670696679211484 bcsId: 0,size=1048576]} | ret=SUCCESS |  
2019-08-24 07:08:23,565 | INFO  | DNAudit | user=null | ip=null | op=WRITE_CHUNK {blockData=conID: 1 locID: 102670696679211484 bcsId: 0} | ret=SUCCESS |  
2019-08-24 07:08:23,565 | INFO  | DNAudit | user=null | ip=null | op=PUT_BLOCK {blockData=[blockId=conID: 1 locID: 102670696679211484 bcsId: 0,size=2097152]} | ret=SUCCESS |  
2019-08-24 07:08:23,566 | INFO  | DNAudit | user=null | ip=null | op=PUT_BLOCK {blockData=[blockId=conID: 1 locID: 102670696679211484 bcsId: 0,size=2097152]} | ret=SUCCESS |  
2019-08-24 07:08:23,566 [grpc-default-executor-2] INFO  client.GrpcClientProtocolClient (GrpcClientProtocolClient.java:onNext(255)) - client-6EDD19400D46->06a4573b-67a1-41e3-a350-f896363bc636: receive RaftClientReply:client-6EDD19400D46->06a4573b-67a1-41e3-a350-f896363bc636@group-757E3781CD2A, cid=1332, SUCCESS, logIndex=0, commits[06a4573b-67a1-41e3-a350-f896363bc636:c1861, 0b725bbf-683b-4664-9a2e-3c9dd6e38bc1:c1855, 9193e3b7-ae04-484d-a740-c65c11559486:c1857]
2019-08-24 07:08:23,573 | INFO  | DNAudit | user=null | ip=null | op=WRITE_CHUNK {blockData=conID: 1 locID: 102670696679211484 bcsId: 1857} | ret=SUCCESS |  
2019-08-24 07:08:23,576 | INFO  | DNAudit | user=null | ip=null | op=WRITE_CHUNK {blockData=conID: 1 locID: 102670696679211484 bcsId: 1857} | ret=SUCCESS |  
2019-08-24 07:08:23,576 | INFO  | DNAudit | user=null | ip=null | op=WRITE_CHUNK {blockData=conID: 1 locID: 102670696679211484 bcsId: 1857} | ret=SUCCESS |  
2019-08-24 07:08:23,585 | INFO  | DNAudit | user=null | ip=null | op=WRITE_CHUNK {blockData=conID: 1 locID: 102670696679211484 bcsId: 1857} | ret=SUCCESS |  
2019-08-24 07:08:23,585 | INFO  | DNAudit | user=null | ip=null | op=PUT_BLOCK {blockData=[blockId=conID: 1 locID: 102670696679211484 bcsId: 0,size=3145728]} | ret=SUCCESS |  
2019-08-24 07:08:23,586 [grpc-default-executor-2] INFO  client.GrpcClientProtocolClient (GrpcClientProtocolClient.java:onNext(255)) - client-6EDD19400D46->06a4573b-67a1-41e3-a350-f896363bc636: receive RaftClientReply:client-6EDD19400D46->06a4573b-67a1-41e3-a350-f896363bc636@group-757E3781CD2A, cid=1333, SUCCESS, logIndex=1862, commits[06a4573b-67a1-41e3-a350-f896363bc636:c1863, 0b725bbf-683b-4664-9a2e-3c9dd6e38bc1:c1861, 9193e3b7-ae04-484d-a740-c65c11559486:c1861]
2019-08-24 07:08:23,586 [grpc-default-executor-2] INFO  client.GrpcClientProtocolClient (GrpcClientProtocolClient.java:onNext(255)) - client-6EDD19400D46->06a4573b-67a1-41e3-a350-f896363bc636: receive RaftClientReply:client-6EDD19400D46->06a4573b-67a1-41e3-a350-f896363bc636@group-757E3781CD2A, cid=1334, SUCCESS, logIndex=1863, commits[06a4573b-67a1-41e3-a350-f896363bc636:c1863, 0b725bbf-683b-4664-9a2e-3c9dd6e38bc1:c1861, 9193e3b7-ae04-484d-a740-c65c11559486:c1861]
2019-08-24 07:08:23,594 | INFO  | DNAudit | user=null | ip=null | op=WRITE_CHUNK {blockData=conID: 1 locID: 102670696679211484 bcsId: 1863} | ret=SUCCESS |  
2019-08-24 07:08:23,597 | INFO  | DNAudit | user=null | ip=null | op=WRITE_CHUNK {blockData=conID: 1 locID: 102670696679211484 bcsId: 1857} | ret=SUCCESS |  
2019-08-24 07:08:23,597 | INFO  | DNAudit | user=null | ip=null | op=WRITE_CHUNK {blockData=conID: 1 locID: 102670696679211484 bcsId: 1857} | ret=SUCCESS |  
2019-08-24 07:08:23,597 | INFO  | DNAudit | user=null | ip=null | op=WRITE_CHUNK {blockData=conID: 1 locID: 102670696679211484 bcsId: 1863} | ret=SUCCESS |  
2019-08-24 07:08:23,597 | INFO  | DNAudit | user=null | ip=null | op=WRITE_CHUNK {blockData=conID: 1 locID: 102670696679211484 bcsId: 1863} | ret=SUCCESS |  
2019-08-24 07:08:23,609 | INFO  | DNAudit | user=null | ip=null | op=PUT_BLOCK {blockData=[blockId=conID: 1 locID: 102670696679211484 bcsId: 0,size=3145728]} | ret=SUCCESS |  
2019-08-24 07:08:23,609 | INFO  | DNAudit | user=null | ip=null | op=PUT_BLOCK {blockData=[blockId=conID: 1 locID: 102670696679211484 bcsId: 0,size=3145728]} | ret=SUCCESS |  
2019-08-24 07:08:23,609 | INFO  | DNAudit | user=null | ip=null | op=WRITE_CHUNK {blockData=conID: 1 locID: 102670696679211484 bcsId: 1863} | ret=SUCCESS |  
2019-08-24 07:08:23,610 | INFO  | DNAudit | user=null | ip=null | op=PUT_BLOCK {blockData=[blockId=conID: 1 locID: 102670696679211484 bcsId: 0,size=4194304]} | ret=SUCCESS |  
2019-08-24 07:08:23,610 [grpc-default-executor-2] INFO  client.GrpcClientProtocolClient (GrpcClientProtocolClient.java:onNext(255)) - client-6EDD19400D46->06a4573b-67a1-41e3-a350-f896363bc636: receive RaftClientReply:client-6EDD19400D46->06a4573b-67a1-41e3-a350-f896363bc636@group-757E3781CD2A, cid=1335, SUCCESS, logIndex=1866, commits[06a4573b-67a1-41e3-a350-f896363bc636:c1867, 0b725bbf-683b-4664-9a2e-3c9dd6e38bc1:c1863, 9193e3b7-ae04-484d-a740-c65c11559486:c1863]
2019-08-24 07:08:23,610 [grpc-default-executor-2] INFO  client.GrpcClientProtocolClient (GrpcClientProtocolClient.java:onNext(255)) - client-6EDD19400D46->06a4573b-67a1-41e3-a350-f896363bc636: receive RaftClientReply:client-6EDD19400D46->06a4573b-67a1-41e3-a350-f896363bc636@group-757E3781CD2A, cid=1336, SUCCESS, logIndex=1867, commits[06a4573b-67a1-41e3-a350-f896363bc636:c1867, 0b725bbf-683b-4664-9a2e-3c9dd6e38bc1:c1863, 9193e3b7-ae04-484d-a740-c65c11559486:c1863]
2019-08-24 07:08:23,611 | INFO  | DNAudit | user=null | ip=null | op=WRITE_CHUNK {blockData=conID: 1 locID: 102670696679211484 bcsId: 1863} | ret=SUCCESS |  
2019-08-24 07:08:23,611 | INFO  | DNAudit | user=null | ip=null | op=WRITE_CHUNK {blockData=conID: 1 locID: 102670696679211484 bcsId: 1863} | ret=SUCCESS |  
2019-08-24 07:08:23,611 | INFO  | DNAudit | user=null | ip=null | op=PUT_BLOCK {blockData=[blockId=conID: 1 locID: 102670696679211484 bcsId: 0,size=4194304]} | ret=SUCCESS |  
2019-08-24 07:08:23,611 | INFO  | DNAudit | user=null | ip=null | op=PUT_BLOCK {blockData=[blockId=conID: 1 locID: 102670696679211484 bcsId: 0,size=4194304]} | ret=SUCCESS |  
2019-08-24 07:08:23,611 [grpc-default-executor-1] INFO  client.GrpcClientProtocolClient (GrpcClientProtocolClient.java:onNext(255)) - client-6EDD19400D46->06a4573b-67a1-41e3-a350-f896363bc636: receive RaftClientReply:client-6EDD19400D46->06a4573b-67a1-41e3-a350-f896363bc636@group-757E3781CD2A, cid=1337, SUCCESS, logIndex=0, commits[06a4573b-67a1-41e3-a350-f896363bc636:c1868, 0b725bbf-683b-4664-9a2e-3c9dd6e38bc1:c1867, 9193e3b7-ae04-484d-a740-c65c11559486:c1867]
2019-08-24 07:08:23,616 | INFO  | SCMAudit | user=jenkins1000 | ip=192.168.69.125 | op=ALLOCATE_BLOCK {owner=61bacca8-15b6-4a50-8962-5e9786b18b0d, size=4194304, type=RATIS, factor=THREE} | ret=SUCCESS |  
2019-08-24 07:08:23,618 | INFO  | OMAudit | user=jenkins1000 | ip=127.0.0.1 | op=ALLOCATE_BLOCK {volume=vol-0-26988, bucket=bucket-0-20739, key=key-0-27353, dataSize=0, replicationType=null, replicationFactor=null, keyLocationInfo=null, clientID=102670695851229586} | ret=SUCCESS |  
2019-08-24 07:08:23,626 | INFO  | DNAudit | user=null | ip=null | op=WRITE_CHUNK {blockData=conID: 2 locID: 102670696684978653 bcsId: 0} | ret=SUCCESS |  
2019-08-24 07:08:23,627 | INFO  | DNAudit | user=null | ip=null | op=WRITE_CHUNK {blockData=conID: 2 locID: 102670696684978653 bcsId: 0} | ret=SUCCESS |  
2019-08-24 07:08:23,628 | INFO  | DNAudit | user=null | ip=null | op=WRITE_CHUNK {blockData=conID: 2 locID: 102670696684978653 bcsId: 0} | ret=SUCCESS |  
2019-08-24 07:08:23,629 | INFO  | DNAudit | user=null | ip=null | op=WRITE_CHUNK {blockData=conID: 2 locID: 102670696684978653 bcsId: 0} | ret=SUCCESS |  
2019-08-24 07:08:23,630 | INFO  | DNAudit | user=null | ip=null | op=WRITE_CHUNK {blockData=conID: 2 locID: 102670696684978653 bcsId: 0} | ret=SUCCESS |  
2019-08-24 07:08:23,631 | INFO  | DNAudit | user=null | ip=null | op=WRITE_CHUNK {blockData=conID: 2 locID: 102670696684978653 bcsId: 0} | ret=SUCCESS |  
2019-08-24 07:08:23,642 | INFO  | DNAudit | user=null | ip=null | op=WRITE_CHUNK {blockData=conID: 2 locID: 102670696684978653 bcsId: 0} | ret=SUCCESS |  
2019-08-24 07:08:23,642 | INFO  | DNAudit | user=null | ip=null | op=PUT_BLOCK {blockData=[blockId=conID: 2 locID: 102670696684978653 bcsId: 0,size=1048576]} | ret=SUCCESS |  
2019-08-24 07:08:23,642 | INFO  | DNAudit | user=null | ip=null | op=WRITE_CHUNK {blockData=conID: 2 locID: 102670696684978653 bcsId: 0} | ret=SUCCESS |  
2019-08-24 07:08:23,642 [grpc-default-executor-2] INFO  client.GrpcClientProtocolClient (GrpcClientProtocolClient.java:onNext(255)) - client-6EDD19400D46->06a4573b-67a1-41e3-a350-f896363bc636: receive RaftClientReply:client-6EDD19400D46->06a4573b-67a1-41e3-a350-f896363bc636@group-757E3781CD2A, cid=1338, SUCCESS, logIndex=1870, commits[06a4573b-67a1-41e3-a350-f896363bc636:c1873, 0b725bbf-683b-4664-9a2e-3c9dd6e38bc1:c1869, 9193e3b7-ae04-484d-a740-c65c11559486:c1869]
2019-08-24 07:08:23,643 | INFO  | DNAudit | user=null | ip=null | op=PUT_BLOCK {blockData=[blockId=conID: 2 locID: 102670696684978653 bcsId: 0,size=2097152]} | ret=SUCCESS |  
2019-08-24 07:08:23,643 [grpc-default-executor-2] INFO  client.GrpcClientProtocolClient (GrpcClientProtocolClient.java:onNext(255)) - client-6EDD19400D46->06a4573b-67a1-41e3-a350-f896363bc636: receive RaftClientReply:client-6EDD19400D46->06a4573b-67a1-41e3-a350-f896363bc636@group-757E3781CD2A, cid=1339, SUCCESS, logIndex=1871, commits[06a4573b-67a1-41e3-a350-f896363bc636:c1873, 0b725bbf-683b-4664-9a2e-3c9dd6e38bc1:c1869, 9193e3b7-ae04-484d-a740-c65c11559486:c1869]
2019-08-24 07:08:23,643 [grpc-default-executor-2] INFO  client.GrpcClientProtocolClient (GrpcClientProtocolClient.java:onNext(255)) - client-6EDD19400D46->06a4573b-67a1-41e3-a350-f896363bc636: receive RaftClientReply:client-6EDD19400D46->06a4573b-67a1-41e3-a350-f896363bc636@group-757E3781CD2A, cid=1340, SUCCESS, logIndex=1872, commits[06a4573b-67a1-41e3-a350-f896363bc636:c1873, 0b725bbf-683b-4664-9a2e-3c9dd6e38bc1:c1869, 9193e3b7-ae04-484d-a740-c65c11559486:c1869]
2019-08-24 07:08:23,643 [grpc-default-executor-2] INFO  client.GrpcClientProtocolClient (GrpcClientProtocolClient.java:onNext(255)) - client-6EDD19400D46->06a4573b-67a1-41e3-a350-f896363bc636: receive RaftClientReply:client-6EDD19400D46->06a4573b-67a1-41e3-a350-f896363bc636@group-757E3781CD2A, cid=1341, SUCCESS, logIndex=1873, commits[06a4573b-67a1-41e3-a350-f896363bc636:c1873, 0b725bbf-683b-4664-9a2e-3c9dd6e38bc1:c1869, 9193e3b7-ae04-484d-a740-c65c11559486:c1869]
2019-08-24 07:08:23,654 | INFO  | DNAudit | user=null | ip=null | op=WRITE_CHUNK {blockData=conID: 2 locID: 102670696684978653 bcsId: 0} | ret=SUCCESS |  
2019-08-24 07:08:23,655 | INFO  | DNAudit | user=null | ip=null | op=WRITE_CHUNK {blockData=conID: 2 locID: 102670696684978653 bcsId: 0} | ret=SUCCESS |  
2019-08-24 07:08:23,668 | INFO  | DNAudit | user=null | ip=null | op=PUT_BLOCK {blockData=[blockId=conID: 2 locID: 102670696684978653 bcsId: 0,size=1048576]} | ret=SUCCESS |  
2019-08-24 07:08:23,668 | INFO  | DNAudit | user=null | ip=null | op=PUT_BLOCK {blockData=[blockId=conID: 2 locID: 102670696684978653 bcsId: 0,size=1048576]} | ret=SUCCESS |  
2019-08-24 07:08:23,668 | INFO  | DNAudit | user=null | ip=null | op=WRITE_CHUNK {blockData=conID: 2 locID: 102670696684978653 bcsId: 0} | ret=SUCCESS |  
2019-08-24 07:08:23,668 | INFO  | DNAudit | user=null | ip=null | op=WRITE_CHUNK {blockData=conID: 2 locID: 102670696684978653 bcsId: 0} | ret=SUCCESS |  
2019-08-24 07:08:23,668 | INFO  | DNAudit | user=null | ip=null | op=PUT_BLOCK {blockData=[blockId=conID: 2 locID: 102670696684978653 bcsId: 0,size=2097152]} | ret=SUCCESS |  
2019-08-24 07:08:23,668 | INFO  | DNAudit | user=null | ip=null | op=PUT_BLOCK {blockData=[blockId=conID: 2 locID: 102670696684978653 bcsId: 0,size=2097152]} | ret=SUCCESS |  
2019-08-24 07:08:23,669 [grpc-default-executor-0] INFO  client.GrpcClientProtocolClient (GrpcClientProtocolClient.java:onNext(255)) - client-6EDD19400D46->06a4573b-67a1-41e3-a350-f896363bc636: receive RaftClientReply:client-6EDD19400D46->06a4573b-67a1-41e3-a350-f896363bc636@group-757E3781CD2A, cid=1342, SUCCESS, logIndex=0, commits[06a4573b-67a1-41e3-a350-f896363bc636:c1876, 0b725bbf-683b-4664-9a2e-3c9dd6e38bc1:c1871, 9193e3b7-ae04-484d-a740-c65c11559486:c1872]
2019-08-24 07:08:23,676 | INFO  | DNAudit | user=null | ip=null | op=WRITE_CHUNK {blockData=conID: 2 locID: 102670696684978653 bcsId: 1873} | ret=SUCCESS |  
2019-08-24 07:08:23,679 | INFO  | DNAudit | user=null | ip=null | op=WRITE_CHUNK {blockData=conID: 2 locID: 102670696684978653 bcsId: 1873} | ret=SUCCESS |  
2019-08-24 07:08:23,681 | INFO  | DNAudit | user=null | ip=null | op=WRITE_CHUNK {blockData=conID: 2 locID: 102670696684978653 bcsId: 1873} | ret=SUCCESS |  
2019-08-24 07:08:23,691 | INFO  | DNAudit | user=null | ip=null | op=WRITE_CHUNK {blockData=conID: 2 locID: 102670696684978653 bcsId: 1873} | ret=SUCCESS |  
2019-08-24 07:08:23,692 | INFO  | DNAudit | user=null | ip=null | op=PUT_BLOCK {blockData=[blockId=conID: 2 locID: 102670696684978653 bcsId: 0,size=3145728]} | ret=SUCCESS |  
2019-08-24 07:08:23,692 [grpc-default-executor-0] INFO  client.GrpcClientProtocolClient (GrpcClientProtocolClient.java:onNext(255)) - client-6EDD19400D46->06a4573b-67a1-41e3-a350-f896363bc636: receive RaftClientReply:client-6EDD19400D46->06a4573b-67a1-41e3-a350-f896363bc636@group-757E3781CD2A, cid=1343, SUCCESS, logIndex=1878, commits[06a4573b-67a1-41e3-a350-f896363bc636:c1879, 0b725bbf-683b-4664-9a2e-3c9dd6e38bc1:c1877, 9193e3b7-ae04-484d-a740-c65c11559486:c1877]
2019-08-24 07:08:23,693 [grpc-default-executor-0] INFO  client.GrpcClientProtocolClient (GrpcClientProtocolClient.java:onNext(255)) - client-6EDD19400D46->06a4573b-67a1-41e3-a350-f896363bc636: receive RaftClientReply:client-6EDD19400D46->06a4573b-67a1-41e3-a350-f896363bc636@group-757E3781CD2A, cid=1344, SUCCESS, logIndex=1879, commits[06a4573b-67a1-41e3-a350-f896363bc636:c1879, 0b725bbf-683b-4664-9a2e-3c9dd6e38bc1:c1877, 9193e3b7-ae04-484d-a740-c65c11559486:c1877]
2019-08-24 07:08:23,700 | INFO  | DNAudit | user=null | ip=null | op=WRITE_CHUNK {blockData=conID: 2 locID: 102670696684978653 bcsId: 1879} | ret=SUCCESS |  
2019-08-24 07:08:23,703 | INFO  | DNAudit | user=null | ip=null | op=WRITE_CHUNK {blockData=conID: 2 locID: 102670696684978653 bcsId: 1879} | ret=SUCCESS |  
2019-08-24 07:08:23,703 | INFO  | DNAudit | user=null | ip=null | op=WRITE_CHUNK {blockData=conID: 2 locID: 102670696684978653 bcsId: 1879} | ret=SUCCESS |  
2019-08-24 07:08:23,703 | INFO  | DNAudit | user=null | ip=null | op=WRITE_CHUNK {blockData=conID: 2 locID: 102670696684978653 bcsId: 1873} | ret=SUCCESS |  
2019-08-24 07:08:23,703 | INFO  | DNAudit | user=null | ip=null | op=WRITE_CHUNK {blockData=conID: 2 locID: 102670696684978653 bcsId: 1873} | ret=SUCCESS |  
2019-08-24 07:08:23,704 | INFO  | DNAudit | user=null | ip=null | op=PUT_BLOCK {blockData=[blockId=conID: 2 locID: 102670696684978653 bcsId: 0,size=3145728]} | ret=SUCCESS |  
2019-08-24 07:08:23,706 | INFO  | DNAudit | user=null | ip=null | op=PUT_BLOCK {blockData=[blockId=conID: 2 locID: 102670696684978653 bcsId: 0,size=3145728]} | ret=SUCCESS |  
2019-08-24 07:08:23,707 | INFO  | DNAudit | user=null | ip=null | op=WRITE_CHUNK {blockData=conID: 2 locID: 102670696684978653 bcsId: 1879} | ret=SUCCESS |  
2019-08-24 07:08:23,707 | INFO  | DNAudit | user=null | ip=null | op=PUT_BLOCK {blockData=[blockId=conID: 2 locID: 102670696684978653 bcsId: 0,size=4194304]} | ret=SUCCESS |  
2019-08-24 07:08:23,707 [grpc-default-executor-1] INFO  client.GrpcClientProtocolClient (GrpcClientProtocolClient.java:onNext(255)) - client-6EDD19400D46->06a4573b-67a1-41e3-a350-f896363bc636: receive RaftClientReply:client-6EDD19400D46->06a4573b-67a1-41e3-a350-f896363bc636@group-757E3781CD2A, cid=1345, SUCCESS, logIndex=1882, commits[06a4573b-67a1-41e3-a350-f896363bc636:c1882, 0b725bbf-683b-4664-9a2e-3c9dd6e38bc1:c1879, 9193e3b7-ae04-484d-a740-c65c11559486:c1879]
2019-08-24 07:08:23,708 [grpc-default-executor-1] INFO  client.GrpcClientProtocolClient (GrpcClientProtocolClient.java:onNext(255)) - client-6EDD19400D46->06a4573b-67a1-41e3-a350-f896363bc636: receive RaftClientReply:client-6EDD19400D46->06a4573b-67a1-41e3-a350-f896363bc636@group-757E3781CD2A, cid=1346, SUCCESS, logIndex=1883, commits[06a4573b-67a1-41e3-a350-f896363bc636:c1883, 0b725bbf-683b-4664-9a2e-3c9dd6e38bc1:c1879, 9193e3b7-ae04-484d-a740-c65c11559486:c1879]
2019-08-24 07:08:23,718 | INFO  | DNAudit | user=null | ip=null | op=WRITE_CHUNK {blockData=conID: 2 locID: 102670696684978653 bcsId: 1879} | ret=SUCCESS |  
2019-08-24 07:08:23,718 | INFO  | DNAudit | user=null | ip=null | op=WRITE_CHUNK {blockData=conID: 2 locID: 102670696684978653 bcsId: 1879} | ret=SUCCESS |  
2019-08-24 07:08:23,719 | INFO  | DNAudit | user=null | ip=null | op=PUT_BLOCK {blockData=[blockId=conID: 2 locID: 102670696684978653 bcsId: 0,size=4194304]} | ret=SUCCESS |  
2019-08-24 07:08:23,719 | INFO  | DNAudit | user=null | ip=null | op=PUT_BLOCK {blockData=[blockId=conID: 2 locID: 102670696684978653 bcsId: 0,size=4194304]} | ret=SUCCESS |  
2019-08-24 07:08:23,720 [grpc-default-executor-1] INFO  client.GrpcClientProtocolClient (GrpcClientProtocolClient.java:onNext(255)) - client-6EDD19400D46->06a4573b-67a1-41e3-a350-f896363bc636: receive RaftClientReply:client-6EDD19400D46->06a4573b-67a1-41e3-a350-f896363bc636@group-757E3781CD2A, cid=1347, SUCCESS, logIndex=0, commits[06a4573b-67a1-41e3-a350-f896363bc636:c1885, 0b725bbf-683b-4664-9a2e-3c9dd6e38bc1:c1883, 9193e3b7-ae04-484d-a740-c65c11559486:c1883]
2019-08-24 07:08:23,725 | INFO  | SCMAudit | user=jenkins1000 | ip=192.168.69.125 | op=ALLOCATE_BLOCK {owner=61bacca8-15b6-4a50-8962-5e9786b18b0d, size=4194304, type=RATIS, factor=THREE} | ret=SUCCESS |  
2019-08-24 07:08:23,729 | INFO  | OMAudit | user=jenkins1000 | ip=127.0.0.1 | op=ALLOCATE_BLOCK {volume=vol-0-26988, bucket=bucket-0-20739, key=key-0-27353, dataSize=0, replicationType=null, replicationFactor=null, keyLocationInfo=null, clientID=102670695851229586} | ret=SUCCESS |  
2019-08-24 07:08:23,737 | INFO  | DNAudit | user=null | ip=null | op=WRITE_CHUNK {blockData=conID: 3 locID: 102670696692122078 bcsId: 0} | ret=SUCCESS |  
2019-08-24 07:08:23,738 | INFO  | DNAudit | user=null | ip=null | op=WRITE_CHUNK {blockData=conID: 3 locID: 102670696692122078 bcsId: 0} | ret=SUCCESS |  
2019-08-24 07:08:23,740 | INFO  | DNAudit | user=null | ip=null | op=WRITE_CHUNK {blockData=conID: 3 locID: 102670696692122078 bcsId: 0} | ret=SUCCESS |  
2019-08-24 07:08:23,740 | INFO  | DNAudit | user=null | ip=null | op=WRITE_CHUNK {blockData=conID: 3 locID: 102670696692122078 bcsId: 0} | ret=SUCCESS |  
2019-08-24 07:08:23,742 | INFO  | DNAudit | user=null | ip=null | op=WRITE_CHUNK {blockData=conID: 3 locID: 102670696692122078 bcsId: 0} | ret=SUCCESS |  
2019-08-24 07:08:23,743 | INFO  | DNAudit | user=null | ip=null | op=WRITE_CHUNK {blockData=conID: 3 locID: 102670696692122078 bcsId: 0} | ret=SUCCESS |  
2019-08-24 07:08:23,751 | INFO  | DNAudit | user=null | ip=null | op=WRITE_CHUNK {blockData=conID: 3 locID: 102670696692122078 bcsId: 0} | ret=SUCCESS |  
2019-08-24 07:08:23,751 | INFO  | DNAudit | user=null | ip=null | op=PUT_BLOCK {blockData=[blockId=conID: 3 locID: 102670696692122078 bcsId: 0,size=1048576]} | ret=SUCCESS |  
2019-08-24 07:08:23,752 | INFO  | DNAudit | user=null | ip=null | op=WRITE_CHUNK {blockData=conID: 3 locID: 102670696692122078 bcsId: 0} | ret=SUCCESS |  
2019-08-24 07:08:23,752 [grpc-default-executor-1] INFO  client.GrpcClientProtocolClient (GrpcClientProtocolClient.java:onNext(255)) - client-6EDD19400D46->06a4573b-67a1-41e3-a350-f896363bc636: receive RaftClientReply:client-6EDD19400D46->06a4573b-67a1-41e3-a350-f896363bc636@group-757E3781CD2A, cid=1348, SUCCESS, logIndex=1886, commits[06a4573b-67a1-41e3-a350-f896363bc636:c1887, 0b725bbf-683b-4664-9a2e-3c9dd6e38bc1:c1885, 9193e3b7-ae04-484d-a740-c65c11559486:c1885]
2019-08-24 07:08:23,752 | INFO  | DNAudit | user=null | ip=null | op=PUT_BLOCK {blockData=[blockId=conID: 3 locID: 102670696692122078 bcsId: 0,size=2097152]} | ret=SUCCESS |  
2019-08-24 07:08:23,752 [grpc-default-executor-1] INFO  client.GrpcClientProtocolClient (GrpcClientProtocolClient.java:onNext(255)) - client-6EDD19400D46->06a4573b-67a1-41e3-a350-f896363bc636: receive RaftClientReply:client-6EDD19400D46->06a4573b-67a1-41e3-a350-f896363bc636@group-757E3781CD2A, cid=1349, SUCCESS, logIndex=1887, commits[06a4573b-67a1-41e3-a350-f896363bc636:c1889, 0b725bbf-683b-4664-9a2e-3c9dd6e38bc1:c1885, 9193e3b7-ae04-484d-a740-c65c11559486:c1885]
2019-08-24 07:08:23,753 [grpc-default-executor-1] INFO  client.GrpcClientProtocolClient (GrpcClientProtocolClient.java:onNext(255)) - client-6EDD19400D46->06a4573b-67a1-41e3-a350-f896363bc636: receive RaftClientReply:client-6EDD19400D46->06a4573b-67a1-41e3-a350-f896363bc636@group-757E3781CD2A, cid=1350, SUCCESS, logIndex=1888, commits[06a4573b-67a1-41e3-a350-f896363bc636:c1889, 0b725bbf-683b-4664-9a2e-3c9dd6e38bc1:c1885, 9193e3b7-ae04-484d-a740-c65c11559486:c1885]
2019-08-24 07:08:23,753 [grpc-default-executor-1] INFO  client.GrpcClientProtocolClient (GrpcClientProtocolClient.java:onNext(255)) - client-6EDD19400D46->06a4573b-67a1-41e3-a350-f896363bc636: receive RaftClientReply:client-6EDD19400D46->06a4573b-67a1-41e3-a350-f896363bc636@group-757E3781CD2A, cid=1351, SUCCESS, logIndex=1889, commits[06a4573b-67a1-41e3-a350-f896363bc636:c1889, 0b725bbf-683b-4664-9a2e-3c9dd6e38bc1:c1885, 9193e3b7-ae04-484d-a740-c65c11559486:c1885]
2019-08-24 07:08:23,762 | INFO  | DNAudit | user=null | ip=null | op=WRITE_CHUNK {blockData=conID: 3 locID: 102670696692122078 bcsId: 0} | ret=SUCCESS |  
2019-08-24 07:08:23,763 | INFO  | DNAudit | user=null | ip=null | op=WRITE_CHUNK {blockData=conID: 3 locID: 102670696692122078 bcsId: 0} | ret=SUCCESS |  
2019-08-24 07:08:23,763 | INFO  | DNAudit | user=null | ip=null | op=PUT_BLOCK {blockData=[blockId=conID: 3 locID: 102670696692122078 bcsId: 0,size=1048576]} | ret=SUCCESS |  
2019-08-24 07:08:23,764 | INFO  | DNAudit | user=null | ip=null | op=PUT_BLOCK {blockData=[blockId=conID: 3 locID: 102670696692122078 bcsId: 0,size=1048576]} | ret=SUCCESS |  
2019-08-24 07:08:23,764 | INFO  | DNAudit | user=null | ip=null | op=WRITE_CHUNK {blockData=conID: 3 locID: 102670696692122078 bcsId: 0} | ret=SUCCESS |  
2019-08-24 07:08:23,764 | INFO  | DNAudit | user=null | ip=null | op=WRITE_CHUNK {blockData=conID: 3 locID: 102670696692122078 bcsId: 0} | ret=SUCCESS |  
2019-08-24 07:08:23,764 | INFO  | DNAudit | user=null | ip=null | op=PUT_BLOCK {blockData=[blockId=conID: 3 locID: 102670696692122078 bcsId: 0,size=2097152]} | ret=SUCCESS |  
2019-08-24 07:08:23,764 [grpc-default-executor-1] INFO  client.GrpcClientProtocolClient (GrpcClientProtocolClient.java:onNext(255)) - client-6EDD19400D46->06a4573b-67a1-41e3-a350-f896363bc636: receive RaftClientReply:client-6EDD19400D46->06a4573b-67a1-41e3-a350-f896363bc636@group-757E3781CD2A, cid=1352, SUCCESS, logIndex=0, commits[06a4573b-67a1-41e3-a350-f896363bc636:c1893, 0b725bbf-683b-4664-9a2e-3c9dd6e38bc1:c1889, 9193e3b7-ae04-484d-a740-c65c11559486:c1887]
2019-08-24 07:08:23,764 | INFO  | DNAudit | user=null | ip=null | op=PUT_BLOCK {blockData=[blockId=conID: 3 locID: 102670696692122078 bcsId: 0,size=2097152]} | ret=SUCCESS |  
2019-08-24 07:08:23,771 | INFO  | DNAudit | user=null | ip=null | op=WRITE_CHUNK {blockData=conID: 3 locID: 102670696692122078 bcsId: 1889} | ret=SUCCESS |  
2019-08-24 07:08:23,774 | INFO  | DNAudit | user=null | ip=null | op=WRITE_CHUNK {blockData=conID: 3 locID: 102670696692122078 bcsId: 1889} | ret=SUCCESS |  
2019-08-24 07:08:23,776 | INFO  | DNAudit | user=null | ip=null | op=WRITE_CHUNK {blockData=conID: 3 locID: 102670696692122078 bcsId: 1889} | ret=SUCCESS |  
2019-08-24 07:08:23,784 | INFO  | DNAudit | user=null | ip=null | op=WRITE_CHUNK {blockData=conID: 3 locID: 102670696692122078 bcsId: 1889} | ret=SUCCESS |  
2019-08-24 07:08:23,784 | INFO  | DNAudit | user=null | ip=null | op=PUT_BLOCK {blockData=[blockId=conID: 3 locID: 102670696692122078 bcsId: 0,size=3145728]} | ret=SUCCESS |  
2019-08-24 07:08:23,784 [grpc-default-executor-2] INFO  client.GrpcClientProtocolClient (GrpcClientProtocolClient.java:onNext(255)) - client-6EDD19400D46->06a4573b-67a1-41e3-a350-f896363bc636: receive RaftClientReply:client-6EDD19400D46->06a4573b-67a1-41e3-a350-f896363bc636@group-757E3781CD2A, cid=1353, SUCCESS, logIndex=1894, commits[06a4573b-67a1-41e3-a350-f896363bc636:c1895, 0b725bbf-683b-4664-9a2e-3c9dd6e38bc1:c1893, 9193e3b7-ae04-484d-a740-c65c11559486:c1893]
2019-08-24 07:08:23,785 [grpc-default-executor-2] INFO  client.GrpcClientProtocolClient (GrpcClientProtocolClient.java:onNext(255)) - client-6EDD19400D46->06a4573b-67a1-41e3-a350-f896363bc636: receive RaftClientReply:client-6EDD19400D46->06a4573b-67a1-41e3-a350-f896363bc636@group-757E3781CD2A, cid=1354, SUCCESS, logIndex=1895, commits[06a4573b-67a1-41e3-a350-f896363bc636:c1895, 0b725bbf-683b-4664-9a2e-3c9dd6e38bc1:c1893, 9193e3b7-ae04-484d-a740-c65c11559486:c1893]
2019-08-24 07:08:23,942 | INFO  | DNAudit | user=null | ip=null | op=WRITE_CHUNK {blockData=conID: 3 locID: 102670696692122078 bcsId: 1889} | ret=SUCCESS |  
2019-08-24 07:08:23,942 | INFO  | SCMAudit | user=jenkins1000 | ip=192.168.69.125 | op=SEND_HEARTBEAT {datanodeUUID=b8548da6-9cc6-46be-8dd4-5219531f5960, command=[]} | ret=SUCCESS |  
2019-08-24 07:08:23,942 | INFO  | DNAudit | user=null | ip=null | op=WRITE_CHUNK {blockData=conID: 3 locID: 102670696692122078 bcsId: 1889} | ret=SUCCESS |  
2019-08-24 07:08:23,944 | INFO  | DNAudit | user=null | ip=null | op=WRITE_CHUNK {blockData=conID: 3 locID: 102670696692122078 bcsId: 1895} | ret=SUCCESS |  
2019-08-24 07:08:23,947 | INFO  | DNAudit | user=null | ip=null | op=WRITE_CHUNK {blockData=conID: 3 locID: 102670696692122078 bcsId: 1895} | ret=SUCCESS |  
2019-08-24 07:08:23,948 | INFO  | DNAudit | user=null | ip=null | op=WRITE_CHUNK {blockData=conID: 3 locID: 102670696692122078 bcsId: 1895} | ret=SUCCESS |  
2019-08-24 07:08:23,957 | INFO  | DNAudit | user=null | ip=null | op=PUT_BLOCK {blockData=[blockId=conID: 3 locID: 102670696692122078 bcsId: 0,size=3145728]} | ret=SUCCESS |  
2019-08-24 07:08:23,957 | INFO  | DNAudit | user=null | ip=null | op=PUT_BLOCK {blockData=[blockId=conID: 3 locID: 102670696692122078 bcsId: 0,size=3145728]} | ret=SUCCESS |  
2019-08-24 07:08:23,958 | INFO  | DNAudit | user=null | ip=null | op=WRITE_CHUNK {blockData=conID: 3 locID: 102670696692122078 bcsId: 1895} | ret=SUCCESS |  
2019-08-24 07:08:23,959 | INFO  | DNAudit | user=null | ip=null | op=PUT_BLOCK {blockData=[blockId=conID: 3 locID: 102670696692122078 bcsId: 0,size=4194304]} | ret=SUCCESS |  
2019-08-24 07:08:23,959 [grpc-default-executor-2] INFO  client.GrpcClientProtocolClient (GrpcClientProtocolClient.java:onNext(255)) - client-6EDD19400D46->06a4573b-67a1-41e3-a350-f896363bc636: receive RaftClientReply:client-6EDD19400D46->06a4573b-67a1-41e3-a350-f896363bc636@group-757E3781CD2A, cid=1355, SUCCESS, logIndex=1898, commits[06a4573b-67a1-41e3-a350-f896363bc636:c1899, 0b725bbf-683b-4664-9a2e-3c9dd6e38bc1:c1895, 9193e3b7-ae04-484d-a740-c65c11559486:c1895]
2019-08-24 07:08:23,959 [grpc-default-executor-2] INFO  client.GrpcClientProtocolClient (GrpcClientProtocolClient.java:onNext(255)) - client-6EDD19400D46->06a4573b-67a1-41e3-a350-f896363bc636: receive RaftClientReply:client-6EDD19400D46->06a4573b-67a1-41e3-a350-f896363bc636@group-757E3781CD2A, cid=1356, SUCCESS, logIndex=1899, commits[06a4573b-67a1-41e3-a350-f896363bc636:c1899, 0b725bbf-683b-4664-9a2e-3c9dd6e38bc1:c1895, 9193e3b7-ae04-484d-a740-c65c11559486:c1895]
2019-08-24 07:08:23,960 | INFO  | DNAudit | user=null | ip=null | op=WRITE_CHUNK {blockData=conID: 3 locID: 102670696692122078 bcsId: 1895} | ret=SUCCESS |  
2019-08-24 07:08:23,960 | INFO  | DNAudit | user=null | ip=null | op=WRITE_CHUNK {blockData=conID: 3 locID: 102670696692122078 bcsId: 1895} | ret=SUCCESS |  
2019-08-24 07:08:23,960 | INFO  | DNAudit | user=null | ip=null | op=PUT_BLOCK {blockData=[blockId=conID: 3 locID: 102670696692122078 bcsId: 0,size=4194304]} | ret=SUCCESS |  
2019-08-24 07:08:23,961 | INFO  | DNAudit | user=null | ip=null | op=PUT_BLOCK {blockData=[blockId=conID: 3 locID: 102670696692122078 bcsId: 0,size=4194304]} | ret=SUCCESS |  
2019-08-24 07:08:23,962 [grpc-default-executor-2] INFO  client.GrpcClientProtocolClient (GrpcClientProtocolClient.java:onNext(255)) - client-6EDD19400D46->06a4573b-67a1-41e3-a350-f896363bc636: receive RaftClientReply:client-6EDD19400D46->06a4573b-67a1-41e3-a350-f896363bc636@group-757E3781CD2A, cid=1357, SUCCESS, logIndex=0, commits[06a4573b-67a1-41e3-a350-f896363bc636:c1901, 0b725bbf-683b-4664-9a2e-3c9dd6e38bc1:c1899, 9193e3b7-ae04-484d-a740-c65c11559486:c1899]
2019-08-24 07:08:23,966 | INFO  | SCMAudit | user=jenkins1000 | ip=192.168.69.125 | op=ALLOCATE_BLOCK {owner=61bacca8-15b6-4a50-8962-5e9786b18b0d, size=4194304, type=RATIS, factor=THREE} | ret=SUCCESS |  
2019-08-24 07:08:23,969 | INFO  | OMAudit | user=jenkins1000 | ip=127.0.0.1 | op=ALLOCATE_BLOCK {volume=vol-0-26988, bucket=bucket-0-20739, key=key-0-27353, dataSize=0, replicationType=null, replicationFactor=null, keyLocationInfo=null, clientID=102670695851229586} | ret=SUCCESS |  
2019-08-24 07:08:23,978 | INFO  | DNAudit | user=null | ip=null | op=WRITE_CHUNK {blockData=conID: 1 locID: 102670696707916255 bcsId: 0} | ret=SUCCESS |  
2019-08-24 07:08:23,981 | INFO  | DNAudit | user=null | ip=null | op=WRITE_CHUNK {blockData=conID: 1 locID: 102670696707916255 bcsId: 0} | ret=SUCCESS |  
2019-08-24 07:08:23,983 | INFO  | DNAudit | user=null | ip=null | op=WRITE_CHUNK {blockData=conID: 1 locID: 102670696707916255 bcsId: 0} | ret=SUCCESS |  
2019-08-24 07:08:23,983 | INFO  | DNAudit | user=null | ip=null | op=WRITE_CHUNK {blockData=conID: 1 locID: 102670696707916255 bcsId: 0} | ret=SUCCESS |  
2019-08-24 07:08:23,985 | INFO  | DNAudit | user=null | ip=null | op=WRITE_CHUNK {blockData=conID: 1 locID: 102670696707916255 bcsId: 0} | ret=SUCCESS |  
2019-08-24 07:08:23,986 | INFO  | DNAudit | user=null | ip=null | op=WRITE_CHUNK {blockData=conID: 1 locID: 102670696707916255 bcsId: 0} | ret=SUCCESS |  
2019-08-24 07:08:23,994 | INFO  | DNAudit | user=null | ip=null | op=WRITE_CHUNK {blockData=conID: 1 locID: 102670696707916255 bcsId: 0} | ret=SUCCESS |  
2019-08-24 07:08:23,994 | INFO  | DNAudit | user=null | ip=null | op=PUT_BLOCK {blockData=[blockId=conID: 1 locID: 102670696707916255 bcsId: 0,size=1048576]} | ret=SUCCESS |  
2019-08-24 07:08:23,995 [grpc-default-executor-0] INFO  client.GrpcClientProtocolClient (GrpcClientProtocolClient.java:onNext(255)) - client-6EDD19400D46->06a4573b-67a1-41e3-a350-f896363bc636: receive RaftClientReply:client-6EDD19400D46->06a4573b-67a1-41e3-a350-f896363bc636@group-757E3781CD2A, cid=1358, SUCCESS, logIndex=1902, commits[06a4573b-67a1-41e3-a350-f896363bc636:c1905, 0b725bbf-683b-4664-9a2e-3c9dd6e38bc1:c1901, 9193e3b7-ae04-484d-a740-c65c11559486:c1901]
2019-08-24 07:08:23,995 | INFO  | DNAudit | user=null | ip=null | op=WRITE_CHUNK {blockData=conID: 1 locID: 102670696707916255 bcsId: 0} | ret=SUCCESS |  
2019-08-24 07:08:23,995 [grpc-default-executor-0] INFO  client.GrpcClientProtocolClient (GrpcClientProtocolClient.java:onNext(255)) - client-6EDD19400D46->06a4573b-67a1-41e3-a350-f896363bc636: receive RaftClientReply:client-6EDD19400D46->06a4573b-67a1-41e3-a350-f896363bc636@group-757E3781CD2A, cid=1359, SUCCESS, logIndex=1903, commits[06a4573b-67a1-41e3-a350-f896363bc636:c1905, 0b725bbf-683b-4664-9a2e-3c9dd6e38bc1:c1901, 9193e3b7-ae04-484d-a740-c65c11559486:c1901]
2019-08-24 07:08:23,995 | INFO  | DNAudit | user=null | ip=null | op=PUT_BLOCK {blockData=[blockId=conID: 1 locID: 102670696707916255 bcsId: 0,size=2097152]} | ret=SUCCESS |  
2019-08-24 07:08:23,996 [grpc-default-executor-0] INFO  client.GrpcClientProtocolClient (GrpcClientProtocolClient.java:onNext(255)) - client-6EDD19400D46->06a4573b-67a1-41e3-a350-f896363bc636: receive RaftClientReply:client-6EDD19400D46->06a4573b-67a1-41e3-a350-f896363bc636@group-757E3781CD2A, cid=1360, SUCCESS, logIndex=1904, commits[06a4573b-67a1-41e3-a350-f896363bc636:c1905, 0b725bbf-683b-4664-9a2e-3c9dd6e38bc1:c1901, 9193e3b7-ae04-484d-a740-c65c11559486:c1901]
2019-08-24 07:08:23,996 [grpc-default-executor-0] INFO  client.GrpcClientProtocolClient (GrpcClientProtocolClient.java:onNext(255)) - client-6EDD19400D46->06a4573b-67a1-41e3-a350-f896363bc636: receive RaftClientReply:client-6EDD19400D46->06a4573b-67a1-41e3-a350-f896363bc636@group-757E3781CD2A, cid=1361, SUCCESS, logIndex=1905, commits[06a4573b-67a1-41e3-a350-f896363bc636:c1905, 0b725bbf-683b-4664-9a2e-3c9dd6e38bc1:c1901, 9193e3b7-ae04-484d-a740-c65c11559486:c1901]
2019-08-24 07:08:24,006 | INFO  | DNAudit | user=null | ip=null | op=WRITE_CHUNK {blockData=conID: 1 locID: 102670696707916255 bcsId: 0} | ret=SUCCESS |  
2019-08-24 07:08:24,006 | INFO  | DNAudit | user=null | ip=null | op=WRITE_CHUNK {blockData=conID: 1 locID: 102670696707916255 bcsId: 0} | ret=SUCCESS |  
2019-08-24 07:08:24,008 | INFO  | DNAudit | user=null | ip=null | op=PUT_BLOCK {blockData=[blockId=conID: 1 locID: 102670696707916255 bcsId: 0,size=1048576]} | ret=SUCCESS |  
2019-08-24 07:08:24,009 | INFO  | DNAudit | user=null | ip=null | op=PUT_BLOCK {blockData=[blockId=conID: 1 locID: 102670696707916255 bcsId: 0,size=1048576]} | ret=SUCCESS |  
2019-08-24 07:08:24,009 | INFO  | DNAudit | user=null | ip=null | op=WRITE_CHUNK {blockData=conID: 1 locID: 102670696707916255 bcsId: 0} | ret=SUCCESS |  
2019-08-24 07:08:24,009 | INFO  | DNAudit | user=null | ip=null | op=WRITE_CHUNK {blockData=conID: 1 locID: 102670696707916255 bcsId: 0} | ret=SUCCESS |  
2019-08-24 07:08:24,009 | INFO  | DNAudit | user=null | ip=null | op=PUT_BLOCK {blockData=[blockId=conID: 1 locID: 102670696707916255 bcsId: 0,size=2097152]} | ret=SUCCESS |  
2019-08-24 07:08:24,010 | INFO  | DNAudit | user=null | ip=null | op=PUT_BLOCK {blockData=[blockId=conID: 1 locID: 102670696707916255 bcsId: 0,size=2097152]} | ret=SUCCESS |  
2019-08-24 07:08:24,009 [grpc-default-executor-0] INFO  client.GrpcClientProtocolClient (GrpcClientProtocolClient.java:onNext(255)) - client-6EDD19400D46->06a4573b-67a1-41e3-a350-f896363bc636: receive RaftClientReply:client-6EDD19400D46->06a4573b-67a1-41e3-a350-f896363bc636@group-757E3781CD2A, cid=1362, SUCCESS, logIndex=0, commits[06a4573b-67a1-41e3-a350-f896363bc636:c1907, 0b725bbf-683b-4664-9a2e-3c9dd6e38bc1:c1903, 9193e3b7-ae04-484d-a740-c65c11559486:c1903]
2019-08-24 07:08:24,018 | INFO  | DNAudit | user=null | ip=null | op=WRITE_CHUNK {blockData=conID: 1 locID: 102670696707916255 bcsId: 1905} | ret=SUCCESS |  
2019-08-24 07:08:24,021 | INFO  | DNAudit | user=null | ip=null | op=WRITE_CHUNK {blockData=conID: 1 locID: 102670696707916255 bcsId: 1905} | ret=SUCCESS |  
2019-08-24 07:08:24,021 | INFO  | DNAudit | user=null | ip=null | op=WRITE_CHUNK {blockData=conID: 1 locID: 102670696707916255 bcsId: 1905} | ret=SUCCESS |  
2019-08-24 07:08:24,030 | INFO  | DNAudit | user=null | ip=null | op=WRITE_CHUNK {blockData=conID: 1 locID: 102670696707916255 bcsId: 1905} | ret=SUCCESS |  
2019-08-24 07:08:24,031 | INFO  | DNAudit | user=null | ip=null | op=PUT_BLOCK {blockData=[blockId=conID: 1 locID: 102670696707916255 bcsId: 0,size=3145728]} | ret=SUCCESS |  
2019-08-24 07:08:24,031 [grpc-default-executor-1] INFO  client.GrpcClientProtocolClient (GrpcClientProtocolClient.java:onNext(255)) - client-6EDD19400D46->06a4573b-67a1-41e3-a350-f896363bc636: receive RaftClientReply:client-6EDD19400D46->06a4573b-67a1-41e3-a350-f896363bc636@group-757E3781CD2A, cid=1363, SUCCESS, logIndex=1910, commits[06a4573b-67a1-41e3-a350-f896363bc636:c1911, 0b725bbf-683b-4664-9a2e-3c9dd6e38bc1:c1909, 9193e3b7-ae04-484d-a740-c65c11559486:c1909]
2019-08-24 07:08:24,032 [grpc-default-executor-1] INFO  client.GrpcClientProtocolClient (GrpcClientProtocolClient.java:onNext(255)) - client-6EDD19400D46->06a4573b-67a1-41e3-a350-f896363bc636: receive RaftClientReply:client-6EDD19400D46->06a4573b-67a1-41e3-a350-f896363bc636@group-757E3781CD2A, cid=1364, SUCCESS, logIndex=1911, commits[06a4573b-67a1-41e3-a350-f896363bc636:c1911, 0b725bbf-683b-4664-9a2e-3c9dd6e38bc1:c1909, 9193e3b7-ae04-484d-a740-c65c11559486:c1909]
2019-08-24 07:08:24,040 | INFO  | DNAudit | user=null | ip=null | op=WRITE_CHUNK {blockData=conID: 1 locID: 102670696707916255 bcsId: 1911} | ret=SUCCESS |  
2019-08-24 07:08:24,042 | INFO  | DNAudit | user=null | ip=null | op=WRITE_CHUNK {blockData=conID: 1 locID: 102670696707916255 bcsId: 1911} | ret=SUCCESS |  
2019-08-24 07:08:24,043 | INFO  | DNAudit | user=null | ip=null | op=WRITE_CHUNK {blockData=conID: 1 locID: 102670696707916255 bcsId: 1911} | ret=SUCCESS |  
2019-08-24 07:08:24,044 | INFO  | DNAudit | user=null | ip=null | op=WRITE_CHUNK {blockData=conID: 1 locID: 102670696707916255 bcsId: 1905} | ret=SUCCESS |  
2019-08-24 07:08:24,044 | INFO  | DNAudit | user=null | ip=null | op=WRITE_CHUNK {blockData=conID: 1 locID: 102670696707916255 bcsId: 1905} | ret=SUCCESS |  
2019-08-24 07:08:24,057 | INFO  | DNAudit | user=null | ip=null | op=PUT_BLOCK {blockData=[blockId=conID: 1 locID: 102670696707916255 bcsId: 0,size=3145728]} | ret=SUCCESS |  
2019-08-24 07:08:24,057 | INFO  | DNAudit | user=null | ip=null | op=PUT_BLOCK {blockData=[blockId=conID: 1 locID: 102670696707916255 bcsId: 0,size=3145728]} | ret=SUCCESS |  
2019-08-24 07:08:24,057 | INFO  | DNAudit | user=null | ip=null | op=WRITE_CHUNK {blockData=conID: 1 locID: 102670696707916255 bcsId: 1911} | ret=SUCCESS |  
2019-08-24 07:08:24,058 | INFO  | DNAudit | user=null | ip=null | op=PUT_BLOCK {blockData=[blockId=conID: 1 locID: 102670696707916255 bcsId: 0,size=4194304]} | ret=SUCCESS |  
2019-08-24 07:08:24,058 [grpc-default-executor-1] INFO  client.GrpcClientProtocolClient (GrpcClientProtocolClient.java:onNext(255)) - client-6EDD19400D46->06a4573b-67a1-41e3-a350-f896363bc636: receive RaftClientReply:client-6EDD19400D46->06a4573b-67a1-41e3-a350-f896363bc636@group-757E3781CD2A, cid=1365, SUCCESS, logIndex=1914, commits[06a4573b-67a1-41e3-a350-f896363bc636:c1915, 0b725bbf-683b-4664-9a2e-3c9dd6e38bc1:c1911, 9193e3b7-ae04-484d-a740-c65c11559486:c1911]
2019-08-24 07:08:24,059 [grpc-default-executor-1] INFO  client.GrpcClientProtocolClient (GrpcClientProtocolClient.java:onNext(255)) - client-6EDD19400D46->06a4573b-67a1-41e3-a350-f896363bc636: receive RaftClientReply:client-6EDD19400D46->06a4573b-67a1-41e3-a350-f896363bc636@group-757E3781CD2A, cid=1366, SUCCESS, logIndex=1915, commits[06a4573b-67a1-41e3-a350-f896363bc636:c1915, 0b725bbf-683b-4664-9a2e-3c9dd6e38bc1:c1911, 9193e3b7-ae04-484d-a740-c65c11559486:c1911]
2019-08-24 07:08:24,069 | INFO  | DNAudit | user=null | ip=null | op=WRITE_CHUNK {blockData=conID: 1 locID: 102670696707916255 bcsId: 1911} | ret=SUCCESS |  
2019-08-24 07:08:24,070 | INFO  | DNAudit | user=null | ip=null | op=WRITE_CHUNK {blockData=conID: 1 locID: 102670696707916255 bcsId: 1911} | ret=SUCCESS |  
2019-08-24 07:08:24,070 | INFO  | DNAudit | user=null | ip=null | op=PUT_BLOCK {blockData=[blockId=conID: 1 locID: 102670696707916255 bcsId: 0,size=4194304]} | ret=SUCCESS |  
2019-08-24 07:08:24,070 | INFO  | DNAudit | user=null | ip=null | op=PUT_BLOCK {blockData=[blockId=conID: 1 locID: 102670696707916255 bcsId: 0,size=4194304]} | ret=SUCCESS |  
2019-08-24 07:08:24,070 [grpc-default-executor-1] INFO  client.GrpcClientProtocolClient (GrpcClientProtocolClient.java:onNext(255)) - client-6EDD19400D46->06a4573b-67a1-41e3-a350-f896363bc636: receive RaftClientReply:client-6EDD19400D46->06a4573b-67a1-41e3-a350-f896363bc636@group-757E3781CD2A, cid=1367, SUCCESS, logIndex=0, commits[06a4573b-67a1-41e3-a350-f896363bc636:c1915, 0b725bbf-683b-4664-9a2e-3c9dd6e38bc1:c1915, 9193e3b7-ae04-484d-a740-c65c11559486:c1915]
2019-08-24 07:08:24,076 | INFO  | SCMAudit | user=jenkins1000 | ip=192.168.69.125 | op=ALLOCATE_BLOCK {owner=61bacca8-15b6-4a50-8962-5e9786b18b0d, size=4194304, type=RATIS, factor=THREE} | ret=SUCCESS |  
2019-08-24 07:08:24,080 | INFO  | OMAudit | user=jenkins1000 | ip=127.0.0.1 | op=ALLOCATE_BLOCK {volume=vol-0-26988, bucket=bucket-0-20739, key=key-0-27353, dataSize=0, replicationType=null, replicationFactor=null, keyLocationInfo=null, clientID=102670695851229586} | ret=SUCCESS |  
2019-08-24 07:08:24,087 | INFO  | DNAudit | user=null | ip=null | op=WRITE_CHUNK {blockData=conID: 2 locID: 102670696715125216 bcsId: 0} | ret=SUCCESS |  
2019-08-24 07:08:24,089 | INFO  | DNAudit | user=null | ip=null | op=WRITE_CHUNK {blockData=conID: 2 locID: 102670696715125216 bcsId: 0} | ret=SUCCESS |  
2019-08-24 07:08:24,090 | INFO  | DNAudit | user=null | ip=null | op=WRITE_CHUNK {blockData=conID: 2 locID: 102670696715125216 bcsId: 0} | ret=SUCCESS |  
2019-08-24 07:08:24,090 | INFO  | DNAudit | user=null | ip=null | op=WRITE_CHUNK {blockData=conID: 2 locID: 102670696715125216 bcsId: 0} | ret=SUCCESS |  
2019-08-24 07:08:24,092 | INFO  | DNAudit | user=null | ip=null | op=WRITE_CHUNK {blockData=conID: 2 locID: 102670696715125216 bcsId: 0} | ret=SUCCESS |  
2019-08-24 07:08:24,092 | INFO  | DNAudit | user=null | ip=null | op=WRITE_CHUNK {blockData=conID: 2 locID: 102670696715125216 bcsId: 0} | ret=SUCCESS |  
2019-08-24 07:08:24,101 | INFO  | DNAudit | user=null | ip=null | op=WRITE_CHUNK {blockData=conID: 2 locID: 102670696715125216 bcsId: 0} | ret=SUCCESS |  
2019-08-24 07:08:24,102 | INFO  | DNAudit | user=null | ip=null | op=PUT_BLOCK {blockData=[blockId=conID: 2 locID: 102670696715125216 bcsId: 0,size=1048576]} | ret=SUCCESS |  
2019-08-24 07:08:24,102 [grpc-default-executor-2] INFO  client.GrpcClientProtocolClient (GrpcClientProtocolClient.java:onNext(255)) - client-6EDD19400D46->06a4573b-67a1-41e3-a350-f896363bc636: receive RaftClientReply:client-6EDD19400D46->06a4573b-67a1-41e3-a350-f896363bc636@group-757E3781CD2A, cid=1368, SUCCESS, logIndex=1918, commits[06a4573b-67a1-41e3-a350-f896363bc636:c1919, 0b725bbf-683b-4664-9a2e-3c9dd6e38bc1:c1917, 9193e3b7-ae04-484d-a740-c65c11559486:c1917]
2019-08-24 07:08:24,103 [grpc-default-executor-2] INFO  client.GrpcClientProtocolClient (GrpcClientProtocolClient.java:onNext(255)) - client-6EDD19400D46->06a4573b-67a1-41e3-a350-f896363bc636: receive RaftClientReply:client-6EDD19400D46->06a4573b-67a1-41e3-a350-f896363bc636@group-757E3781CD2A, cid=1369, SUCCESS, logIndex=1919, commits[06a4573b-67a1-41e3-a350-f896363bc636:c1919, 0b725bbf-683b-4664-9a2e-3c9dd6e38bc1:c1917, 9193e3b7-ae04-484d-a740-c65c11559486:c1917]
2019-08-24 07:08:24,103 | INFO  | DNAudit | user=null | ip=null | op=WRITE_CHUNK {blockData=conID: 2 locID: 102670696715125216 bcsId: 0} | ret=SUCCESS |  
2019-08-24 07:08:24,103 | INFO  | DNAudit | user=null | ip=null | op=WRITE_CHUNK {blockData=conID: 2 locID: 102670696715125216 bcsId: 0} | ret=SUCCESS |  
2019-08-24 07:08:24,103 | INFO  | DNAudit | user=null | ip=null | op=PUT_BLOCK {blockData=[blockId=conID: 2 locID: 102670696715125216 bcsId: 0,size=2097152]} | ret=SUCCESS |  
2019-08-24 07:08:24,104 | INFO  | DNAudit | user=null | ip=null | op=PUT_BLOCK {blockData=[blockId=conID: 2 locID: 102670696715125216 bcsId: 0,size=1048576]} | ret=SUCCESS |  
2019-08-24 07:08:24,104 [grpc-default-executor-5] INFO  client.GrpcClientProtocolClient (GrpcClientProtocolClient.java:onNext(255)) - client-6EDD19400D46->06a4573b-67a1-41e3-a350-f896363bc636: receive RaftClientReply:client-6EDD19400D46->06a4573b-67a1-41e3-a350-f896363bc636@group-757E3781CD2A, cid=1370, SUCCESS, logIndex=1920, commits[06a4573b-67a1-41e3-a350-f896363bc636:c1921, 0b725bbf-683b-4664-9a2e-3c9dd6e38bc1:c1917, 9193e3b7-ae04-484d-a740-c65c11559486:c1917]
2019-08-24 07:08:24,104 [grpc-default-executor-5] INFO  client.GrpcClientProtocolClient (GrpcClientProtocolClient.java:onNext(255)) - client-6EDD19400D46->06a4573b-67a1-41e3-a350-f896363bc636: receive RaftClientReply:client-6EDD19400D46->06a4573b-67a1-41e3-a350-f896363bc636@group-757E3781CD2A, cid=1371, SUCCESS, logIndex=1921, commits[06a4573b-67a1-41e3-a350-f896363bc636:c1921, 0b725bbf-683b-4664-9a2e-3c9dd6e38bc1:c1918, 9193e3b7-ae04-484d-a740-c65c11559486:c1917]
2019-08-24 07:08:24,113 | INFO  | DNAudit | user=null | ip=null | op=WRITE_CHUNK {blockData=conID: 2 locID: 102670696715125216 bcsId: 0} | ret=SUCCESS |  
2019-08-24 07:08:24,113 | INFO  | DNAudit | user=null | ip=null | op=PUT_BLOCK {blockData=[blockId=conID: 2 locID: 102670696715125216 bcsId: 0,size=1048576]} | ret=SUCCESS |  
2019-08-24 07:08:24,113 [grpc-default-executor-5] INFO  client.GrpcClientProtocolClient (GrpcClientProtocolClient.java:onNext(255)) - client-6EDD19400D46->06a4573b-67a1-41e3-a350-f896363bc636: receive RaftClientReply:client-6EDD19400D46->06a4573b-67a1-41e3-a350-f896363bc636@group-757E3781CD2A, cid=1372, SUCCESS, logIndex=0, commits[06a4573b-67a1-41e3-a350-f896363bc636:c1923, 0b725bbf-683b-4664-9a2e-3c9dd6e38bc1:c1919, 9193e3b7-ae04-484d-a740-c65c11559486:c1919]
2019-08-24 07:08:24,121 | INFO  | DNAudit | user=null | ip=null | op=WRITE_CHUNK {blockData=conID: 2 locID: 102670696715125216 bcsId: 1921} | ret=SUCCESS |  
2019-08-24 07:08:24,124 | INFO  | DNAudit | user=null | ip=null | op=WRITE_CHUNK {blockData=conID: 2 locID: 102670696715125216 bcsId: 1921} | ret=SUCCESS |  
2019-08-24 07:08:24,124 | INFO  | DNAudit | user=null | ip=null | op=WRITE_CHUNK {blockData=conID: 2 locID: 102670696715125216 bcsId: 0} | ret=SUCCESS |  
2019-08-24 07:08:24,124 | INFO  | DNAudit | user=null | ip=null | op=WRITE_CHUNK {blockData=conID: 2 locID: 102670696715125216 bcsId: 1921} | ret=SUCCESS |  
2019-08-24 07:08:24,124 | INFO  | DNAudit | user=null | ip=null | op=PUT_BLOCK {blockData=[blockId=conID: 2 locID: 102670696715125216 bcsId: 0,size=2097152]} | ret=SUCCESS |  
2019-08-24 07:08:24,126 | INFO  | DNAudit | user=null | ip=null | op=WRITE_CHUNK {blockData=conID: 2 locID: 102670696715125216 bcsId: 0} | ret=SUCCESS |  
2019-08-24 07:08:24,126 | INFO  | DNAudit | user=null | ip=null | op=PUT_BLOCK {blockData=[blockId=conID: 2 locID: 102670696715125216 bcsId: 0,size=2097152]} | ret=SUCCESS |  
2019-08-24 07:08:24,138 | INFO  | DNAudit | user=null | ip=null | op=WRITE_CHUNK {blockData=conID: 2 locID: 102670696715125216 bcsId: 1921} | ret=SUCCESS |  
2019-08-24 07:08:24,138 | INFO  | DNAudit | user=null | ip=null | op=PUT_BLOCK {blockData=[blockId=conID: 2 locID: 102670696715125216 bcsId: 0,size=3145728]} | ret=SUCCESS |  
2019-08-24 07:08:24,138 [grpc-default-executor-2] INFO  client.GrpcClientProtocolClient (GrpcClientProtocolClient.java:onNext(255)) - client-6EDD19400D46->06a4573b-67a1-41e3-a350-f896363bc636: receive RaftClientReply:client-6EDD19400D46->06a4573b-67a1-41e3-a350-f896363bc636@group-757E3781CD2A, cid=1373, SUCCESS, logIndex=1926, commits[06a4573b-67a1-41e3-a350-f896363bc636:c1927, 0b725bbf-683b-4664-9a2e-3c9dd6e38bc1:c1923, 9193e3b7-ae04-484d-a740-c65c11559486:c1923]
2019-08-24 07:08:24,139 | INFO  | DNAudit | user=null | ip=null | op=WRITE_CHUNK {blockData=conID: 2 locID: 102670696715125216 bcsId: 1921} | ret=SUCCESS |  
2019-08-24 07:08:24,139 | INFO  | DNAudit | user=null | ip=null | op=WRITE_CHUNK {blockData=conID: 2 locID: 102670696715125216 bcsId: 1921} | ret=SUCCESS |  
2019-08-24 07:08:24,139 [grpc-default-executor-5] INFO  client.GrpcClientProtocolClient (GrpcClientProtocolClient.java:onNext(255)) - client-6EDD19400D46->06a4573b-67a1-41e3-a350-f896363bc636: receive RaftClientReply:client-6EDD19400D46->06a4573b-67a1-41e3-a350-f896363bc636@group-757E3781CD2A, cid=1374, SUCCESS, logIndex=1927, commits[06a4573b-67a1-41e3-a350-f896363bc636:c1927, 0b725bbf-683b-4664-9a2e-3c9dd6e38bc1:c1923, 9193e3b7-ae04-484d-a740-c65c11559486:c1923]
2019-08-24 07:08:24,139 | INFO  | DNAudit | user=null | ip=null | op=PUT_BLOCK {blockData=[blockId=conID: 2 locID: 102670696715125216 bcsId: 0,size=3145728]} | ret=SUCCESS |  
2019-08-24 07:08:24,142 | INFO  | DNAudit | user=null | ip=null | op=PUT_BLOCK {blockData=[blockId=conID: 2 locID: 102670696715125216 bcsId: 0,size=3145728]} | ret=SUCCESS |  
2019-08-24 07:08:24,146 | INFO  | DNAudit | user=null | ip=null | op=WRITE_CHUNK {blockData=conID: 2 locID: 102670696715125216 bcsId: 1927} | ret=SUCCESS |  
2019-08-24 07:08:24,149 | INFO  | DNAudit | user=null | ip=null | op=WRITE_CHUNK {blockData=conID: 2 locID: 102670696715125216 bcsId: 1927} | ret=SUCCESS |  
2019-08-24 07:08:24,150 | INFO  | DNAudit | user=null | ip=null | op=WRITE_CHUNK {blockData=conID: 2 locID: 102670696715125216 bcsId: 1927} | ret=SUCCESS |  
2019-08-24 07:08:24,160 | INFO  | DNAudit | user=null | ip=null | op=WRITE_CHUNK {blockData=conID: 2 locID: 102670696715125216 bcsId: 1927} | ret=SUCCESS |  
2019-08-24 07:08:24,160 | INFO  | DNAudit | user=null | ip=null | op=PUT_BLOCK {blockData=[blockId=conID: 2 locID: 102670696715125216 bcsId: 0,size=4194304]} | ret=SUCCESS |  
2019-08-24 07:08:24,161 [grpc-default-executor-1] INFO  client.GrpcClientProtocolClient (GrpcClientProtocolClient.java:onNext(255)) - client-6EDD19400D46->06a4573b-67a1-41e3-a350-f896363bc636: receive RaftClientReply:client-6EDD19400D46->06a4573b-67a1-41e3-a350-f896363bc636@group-757E3781CD2A, cid=1375, SUCCESS, logIndex=1930, commits[06a4573b-67a1-41e3-a350-f896363bc636:c1931, 0b725bbf-683b-4664-9a2e-3c9dd6e38bc1:c1929, 9193e3b7-ae04-484d-a740-c65c11559486:c1929]
2019-08-24 07:08:24,161 [grpc-default-executor-1] INFO  client.GrpcClientProtocolClient (GrpcClientProtocolClient.java:onNext(255)) - client-6EDD19400D46->06a4573b-67a1-41e3-a350-f896363bc636: receive RaftClientReply:client-6EDD19400D46->06a4573b-67a1-41e3-a350-f896363bc636@group-757E3781CD2A, cid=1376, SUCCESS, logIndex=1931, commits[06a4573b-67a1-41e3-a350-f896363bc636:c1931, 0b725bbf-683b-4664-9a2e-3c9dd6e38bc1:c1929, 9193e3b7-ae04-484d-a740-c65c11559486:c1929]
2019-08-24 07:08:24,173 | INFO  | DNAudit | user=null | ip=null | op=WRITE_CHUNK {blockData=conID: 2 locID: 102670696715125216 bcsId: 1927} | ret=SUCCESS |  
2019-08-24 07:08:24,173 | INFO  | DNAudit | user=null | ip=null | op=WRITE_CHUNK {blockData=conID: 2 locID: 102670696715125216 bcsId: 1927} | ret=SUCCESS |  
2019-08-24 07:08:24,186 | INFO  | DNAudit | user=null | ip=null | op=PUT_BLOCK {blockData=[blockId=conID: 2 locID: 102670696715125216 bcsId: 0,size=4194304]} | ret=SUCCESS |  
2019-08-24 07:08:24,186 | INFO  | DNAudit | user=null | ip=null | op=PUT_BLOCK {blockData=[blockId=conID: 2 locID: 102670696715125216 bcsId: 0,size=4194304]} | ret=SUCCESS |  
2019-08-24 07:08:24,186 [grpc-default-executor-2] INFO  client.GrpcClientProtocolClient (GrpcClientProtocolClient.java:onNext(255)) - client-6EDD19400D46->06a4573b-67a1-41e3-a350-f896363bc636: receive RaftClientReply:client-6EDD19400D46->06a4573b-67a1-41e3-a350-f896363bc636@group-757E3781CD2A, cid=1377, SUCCESS, logIndex=0, commits[06a4573b-67a1-41e3-a350-f896363bc636:c1933, 0b725bbf-683b-4664-9a2e-3c9dd6e38bc1:c1931, 9193e3b7-ae04-484d-a740-c65c11559486:c1931]
2019-08-24 07:08:24,191 | INFO  | SCMAudit | user=jenkins1000 | ip=192.168.69.125 | op=ALLOCATE_BLOCK {owner=61bacca8-15b6-4a50-8962-5e9786b18b0d, size=4194304, type=RATIS, factor=THREE} | ret=SUCCESS |  
2019-08-24 07:08:24,193 | INFO  | OMAudit | user=jenkins1000 | ip=127.0.0.1 | op=ALLOCATE_BLOCK {volume=vol-0-26988, bucket=bucket-0-20739, key=key-0-27353, dataSize=0, replicationType=null, replicationFactor=null, keyLocationInfo=null, clientID=102670695851229586} | ret=SUCCESS |  
2019-08-24 07:08:24,200 | INFO  | DNAudit | user=null | ip=null | op=WRITE_CHUNK {blockData=conID: 3 locID: 102670696722661857 bcsId: 0} | ret=SUCCESS |  
2019-08-24 07:08:24,202 | INFO  | DNAudit | user=null | ip=null | op=WRITE_CHUNK {blockData=conID: 3 locID: 102670696722661857 bcsId: 0} | ret=SUCCESS |  
2019-08-24 07:08:24,203 | INFO  | DNAudit | user=null | ip=null | op=WRITE_CHUNK {blockData=conID: 3 locID: 102670696722661857 bcsId: 0} | ret=SUCCESS |  
2019-08-24 07:08:24,204 | INFO  | DNAudit | user=null | ip=null | op=WRITE_CHUNK {blockData=conID: 3 locID: 102670696722661857 bcsId: 0} | ret=SUCCESS |  
 0.00% |█                                                                                                    |  0/1 Time: 0:00:132019-08-24 07:08:24,206 | INFO  | DNAudit | user=null | ip=null | op=WRITE_CHUNK {blockData=conID: 3 locID: 102670696722661857 bcsId: 0} | ret=SUCCESS |  
2019-08-24 07:08:24,206 | INFO  | DNAudit | user=null | ip=null | op=WRITE_CHUNK {blockData=conID: 3 locID: 102670696722661857 bcsId: 0} | ret=SUCCESS |  
2019-08-24 07:08:24,212 | INFO  | DNAudit | user=null | ip=null | op=WRITE_CHUNK {blockData=conID: 3 locID: 102670696722661857 bcsId: 0} | ret=SUCCESS |  
2019-08-24 07:08:24,212 | INFO  | DNAudit | user=null | ip=null | op=PUT_BLOCK {blockData=[blockId=conID: 3 locID: 102670696722661857 bcsId: 0,size=1048576]} | ret=SUCCESS |  
2019-08-24 07:08:24,212 [grpc-default-executor-1] INFO  client.GrpcClientProtocolClient (GrpcClientProtocolClient.java:onNext(255)) - client-6EDD19400D46->06a4573b-67a1-41e3-a350-f896363bc636: receive RaftClientReply:client-6EDD19400D46->06a4573b-67a1-41e3-a350-f896363bc636@group-757E3781CD2A, cid=1378, SUCCESS, logIndex=1934, commits[06a4573b-67a1-41e3-a350-f896363bc636:c1935, 0b725bbf-683b-4664-9a2e-3c9dd6e38bc1:c1933, 9193e3b7-ae04-484d-a740-c65c11559486:c1933]
2019-08-24 07:08:24,213 [grpc-default-executor-1] INFO  client.GrpcClientProtocolClient (GrpcClientProtocolClient.java:onNext(255)) - client-6EDD19400D46->06a4573b-67a1-41e3-a350-f896363bc636: receive RaftClientReply:client-6EDD19400D46->06a4573b-67a1-41e3-a350-f896363bc636@group-757E3781CD2A, cid=1379, SUCCESS, logIndex=1935, commits[06a4573b-67a1-41e3-a350-f896363bc636:c1935, 0b725bbf-683b-4664-9a2e-3c9dd6e38bc1:c1933, 9193e3b7-ae04-484d-a740-c65c11559486:c1933]
2019-08-24 07:08:24,213 | INFO  | DNAudit | user=null | ip=null | op=WRITE_CHUNK {blockData=conID: 3 locID: 102670696722661857 bcsId: 0} | ret=SUCCESS |  
2019-08-24 07:08:24,214 | INFO  | DNAudit | user=null | ip=null | op=PUT_BLOCK {blockData=[blockId=conID: 3 locID: 102670696722661857 bcsId: 0,size=2097152]} | ret=SUCCESS |  
2019-08-24 07:08:24,214 [grpc-default-executor-1] INFO  client.GrpcClientProtocolClient (GrpcClientProtocolClient.java:onNext(255)) - client-6EDD19400D46->06a4573b-67a1-41e3-a350-f896363bc636: receive RaftClientReply:client-6EDD19400D46->06a4573b-67a1-41e3-a350-f896363bc636@group-757E3781CD2A, cid=1380, SUCCESS, logIndex=1936, commits[06a4573b-67a1-41e3-a350-f896363bc636:c1937, 0b725bbf-683b-4664-9a2e-3c9dd6e38bc1:c1933, 9193e3b7-ae04-484d-a740-c65c11559486:c1933]
2019-08-24 07:08:24,214 [grpc-default-executor-2] INFO  client.GrpcClientProtocolClient (GrpcClientProtocolClient.java:onNext(255)) - client-6EDD19400D46->06a4573b-67a1-41e3-a350-f896363bc636: receive RaftClientReply:client-6EDD19400D46->06a4573b-67a1-41e3-a350-f896363bc636@group-757E3781CD2A, cid=1381, SUCCESS, logIndex=1937, commits[06a4573b-67a1-41e3-a350-f896363bc636:c1937, 0b725bbf-683b-4664-9a2e-3c9dd6e38bc1:c1933, 9193e3b7-ae04-484d-a740-c65c11559486:c1933]
2019-08-24 07:08:24,225 | INFO  | DNAudit | user=null | ip=null | op=WRITE_CHUNK {blockData=conID: 3 locID: 102670696722661857 bcsId: 0} | ret=SUCCESS |  
2019-08-24 07:08:24,225 | INFO  | DNAudit | user=null | ip=null | op=PUT_BLOCK {blockData=[blockId=conID: 3 locID: 102670696722661857 bcsId: 0,size=1048576]} | ret=SUCCESS |  
2019-08-24 07:08:24,225 | INFO  | DNAudit | user=null | ip=null | op=WRITE_CHUNK {blockData=conID: 3 locID: 102670696722661857 bcsId: 0} | ret=SUCCESS |  
2019-08-24 07:08:24,226 | INFO  | DNAudit | user=null | ip=null | op=PUT_BLOCK {blockData=[blockId=conID: 3 locID: 102670696722661857 bcsId: 0,size=1048576]} | ret=SUCCESS |  
2019-08-24 07:08:24,226 | INFO  | DNAudit | user=null | ip=null | op=WRITE_CHUNK {blockData=conID: 3 locID: 102670696722661857 bcsId: 0} | ret=SUCCESS |  
2019-08-24 07:08:24,226 | INFO  | DNAudit | user=null | ip=null | op=WRITE_CHUNK {blockData=conID: 3 locID: 102670696722661857 bcsId: 0} | ret=SUCCESS |  
2019-08-24 07:08:24,226 | INFO  | DNAudit | user=null | ip=null | op=PUT_BLOCK {blockData=[blockId=conID: 3 locID: 102670696722661857 bcsId: 0,size=2097152]} | ret=SUCCESS |  
2019-08-24 07:08:24,226 | INFO  | DNAudit | user=null | ip=null | op=PUT_BLOCK {blockData=[blockId=conID: 3 locID: 102670696722661857 bcsId: 0,size=2097152]} | ret=SUCCESS |  
2019-08-24 07:08:24,226 [grpc-default-executor-1] INFO  client.GrpcClientProtocolClient (GrpcClientProtocolClient.java:onNext(255)) - client-6EDD19400D46->06a4573b-67a1-41e3-a350-f896363bc636: receive RaftClientReply:client-6EDD19400D46->06a4573b-67a1-41e3-a350-f896363bc636@group-757E3781CD2A, cid=1382, SUCCESS, logIndex=0, commits[06a4573b-67a1-41e3-a350-f896363bc636:c1939, 0b725bbf-683b-4664-9a2e-3c9dd6e38bc1:c1935, 9193e3b7-ae04-484d-a740-c65c11559486:c1935]
2019-08-24 07:08:24,233 | INFO  | DNAudit | user=null | ip=null | op=WRITE_CHUNK {blockData=conID: 3 locID: 102670696722661857 bcsId: 1937} | ret=SUCCESS |  
2019-08-24 07:08:24,236 | INFO  | DNAudit | user=null | ip=null | op=WRITE_CHUNK {blockData=conID: 3 locID: 102670696722661857 bcsId: 1937} | ret=SUCCESS |  
2019-08-24 07:08:24,238 | INFO  | DNAudit | user=null | ip=null | op=WRITE_CHUNK {blockData=conID: 3 locID: 102670696722661857 bcsId: 1937} | ret=SUCCESS |  
2019-08-24 07:08:24,244 | INFO  | DNAudit | user=null | ip=null | op=WRITE_CHUNK {blockData=conID: 3 locID: 102670696722661857 bcsId: 1937} | ret=SUCCESS |  
2019-08-24 07:08:24,245 | INFO  | DNAudit | user=null | ip=null | op=PUT_BLOCK {blockData=[blockId=conID: 3 locID: 102670696722661857 bcsId: 0,size=3145728]} | ret=SUCCESS |  
2019-08-24 07:08:24,245 [grpc-default-executor-1] INFO  client.GrpcClientProtocolClient (GrpcClientProtocolClient.java:onNext(255)) - client-6EDD19400D46->06a4573b-67a1-41e3-a350-f896363bc636: receive RaftClientReply:client-6EDD19400D46->06a4573b-67a1-41e3-a350-f896363bc636@group-757E3781CD2A, cid=1383, SUCCESS, logIndex=1942, commits[06a4573b-67a1-41e3-a350-f896363bc636:c1943, 0b725bbf-683b-4664-9a2e-3c9dd6e38bc1:c1941, 9193e3b7-ae04-484d-a740-c65c11559486:c1941]
2019-08-24 07:08:24,245 [grpc-default-executor-1] INFO  client.GrpcClientProtocolClient (GrpcClientProtocolClient.java:onNext(255)) - client-6EDD19400D46->06a4573b-67a1-41e3-a350-f896363bc636: receive RaftClientReply:client-6EDD19400D46->06a4573b-67a1-41e3-a350-f896363bc636@group-757E3781CD2A, cid=1384, SUCCESS, logIndex=1943, commits[06a4573b-67a1-41e3-a350-f896363bc636:c1943, 0b725bbf-683b-4664-9a2e-3c9dd6e38bc1:c1941, 9193e3b7-ae04-484d-a740-c65c11559486:c1941]
2019-08-24 07:08:24,247 | INFO  | DNAudit | user=null | ip=null | op=WRITE_CHUNK {blockData=conID: 3 locID: 102670696722661857 bcsId: 1937} | ret=SUCCESS |  
2019-08-24 07:08:24,248 | INFO  | DNAudit | user=null | ip=null | op=WRITE_CHUNK {blockData=conID: 3 locID: 102670696722661857 bcsId: 1937} | ret=SUCCESS |  
2019-08-24 07:08:24,252 | INFO  | DNAudit | user=null | ip=null | op=WRITE_CHUNK {blockData=conID: 3 locID: 102670696722661857 bcsId: 1943} | ret=SUCCESS |  
2019-08-24 07:08:24,256 | INFO  | DNAudit | user=null | ip=null | op=WRITE_CHUNK {blockData=conID: 3 locID: 102670696722661857 bcsId: 1943} | ret=SUCCESS |  
2019-08-24 07:08:24,256 | INFO  | DNAudit | user=null | ip=null | op=WRITE_CHUNK {blockData=conID: 3 locID: 102670696722661857 bcsId: 1943} | ret=SUCCESS |  
2019-08-24 07:08:24,259 | INFO  | DNAudit | user=null | ip=null | op=PUT_BLOCK {blockData=[blockId=conID: 3 locID: 102670696722661857 bcsId: 0,size=3145728]} | ret=SUCCESS |  
2019-08-24 07:08:24,259 | INFO  | DNAudit | user=null | ip=null | op=PUT_BLOCK {blockData=[blockId=conID: 3 locID: 102670696722661857 bcsId: 0,size=3145728]} | ret=SUCCESS |  
2019-08-24 07:08:24,262 | INFO  | DNAudit | user=null | ip=null | op=WRITE_CHUNK {blockData=conID: 3 locID: 102670696722661857 bcsId: 1943} | ret=SUCCESS |  
2019-08-24 07:08:24,263 | INFO  | DNAudit | user=null | ip=null | op=PUT_BLOCK {blockData=[blockId=conID: 3 locID: 102670696722661857 bcsId: 0,size=4194304]} | ret=SUCCESS |  
2019-08-24 07:08:24,263 [grpc-default-executor-5] INFO  client.GrpcClientProtocolClient (GrpcClientProtocolClient.java:onNext(255)) - client-6EDD19400D46->06a4573b-67a1-41e3-a350-f896363bc636: receive RaftClientReply:client-6EDD19400D46->06a4573b-67a1-41e3-a350-f896363bc636@group-757E3781CD2A, cid=1385, SUCCESS, logIndex=1946, commits[06a4573b-67a1-41e3-a350-f896363bc636:c1947, 0b725bbf-683b-4664-9a2e-3c9dd6e38bc1:c1944, 9193e3b7-ae04-484d-a740-c65c11559486:c1944]
2019-08-24 07:08:24,263 [grpc-default-executor-5] INFO  client.GrpcClientProtocolClient (GrpcClientProtocolClient.java:onNext(255)) - client-6EDD19400D46->06a4573b-67a1-41e3-a350-f896363bc636: receive RaftClientReply:client-6EDD19400D46->06a4573b-67a1-41e3-a350-f896363bc636@group-757E3781CD2A, cid=1386, SUCCESS, logIndex=1947, commits[06a4573b-67a1-41e3-a350-f896363bc636:c1947, 0b725bbf-683b-4664-9a2e-3c9dd6e38bc1:c1944, 9193e3b7-ae04-484d-a740-c65c11559486:c1944]
2019-08-24 07:08:24,274 | INFO  | DNAudit | user=null | ip=null | op=WRITE_CHUNK {blockData=conID: 3 locID: 102670696722661857 bcsId: 1943} | ret=SUCCESS |  
2019-08-24 07:08:24,274 | INFO  | DNAudit | user=null | ip=null | op=WRITE_CHUNK {blockData=conID: 3 locID: 102670696722661857 bcsId: 1943} | ret=SUCCESS |  
2019-08-24 07:08:24,274 | INFO  | DNAudit | user=null | ip=null | op=PUT_BLOCK {blockData=[blockId=conID: 3 locID: 102670696722661857 bcsId: 0,size=4194304]} | ret=SUCCESS |  
2019-08-24 07:08:24,274 | INFO  | DNAudit | user=null | ip=null | op=PUT_BLOCK {blockData=[blockId=conID: 3 locID: 102670696722661857 bcsId: 0,size=4194304]} | ret=SUCCESS |  
2019-08-24 07:08:24,274 [grpc-default-executor-5] INFO  client.GrpcClientProtocolClient (GrpcClientProtocolClient.java:onNext(255)) - client-6EDD19400D46->06a4573b-67a1-41e3-a350-f896363bc636: receive RaftClientReply:client-6EDD19400D46->06a4573b-67a1-41e3-a350-f896363bc636@group-757E3781CD2A, cid=1387, SUCCESS, logIndex=0, commits[06a4573b-67a1-41e3-a350-f896363bc636:c1948, 0b725bbf-683b-4664-9a2e-3c9dd6e38bc1:c1947, 9193e3b7-ae04-484d-a740-c65c11559486:c1947]
2019-08-24 07:08:24,278 | INFO  | SCMAudit | user=jenkins1000 | ip=192.168.69.125 | op=ALLOCATE_BLOCK {owner=61bacca8-15b6-4a50-8962-5e9786b18b0d, size=4194304, type=RATIS, factor=THREE} | ret=SUCCESS |  
2019-08-24 07:08:24,280 | INFO  | OMAudit | user=jenkins1000 | ip=127.0.0.1 | op=ALLOCATE_BLOCK {volume=vol-0-26988, bucket=bucket-0-20739, key=key-0-27353, dataSize=0, replicationType=null, replicationFactor=null, keyLocationInfo=null, clientID=102670695851229586} | ret=SUCCESS |  
2019-08-24 07:08:24,287 | INFO  | DNAudit | user=null | ip=null | op=WRITE_CHUNK {blockData=conID: 1 locID: 102670696728363490 bcsId: 0} | ret=SUCCESS |  
2019-08-24 07:08:24,290 | INFO  | DNAudit | user=null | ip=null | op=WRITE_CHUNK {blockData=conID: 1 locID: 102670696728363490 bcsId: 0} | ret=SUCCESS |  
2019-08-24 07:08:24,291 | INFO  | DNAudit | user=null | ip=null | op=WRITE_CHUNK {blockData=conID: 1 locID: 102670696728363490 bcsId: 0} | ret=SUCCESS |  
2019-08-24 07:08:24,292 | INFO  | DNAudit | user=null | ip=null | op=WRITE_CHUNK {blockData=conID: 1 locID: 102670696728363490 bcsId: 0} | ret=SUCCESS |  
2019-08-24 07:08:24,293 | INFO  | DNAudit | user=null | ip=null | op=WRITE_CHUNK {blockData=conID: 1 locID: 102670696728363490 bcsId: 0} | ret=SUCCESS |  
2019-08-24 07:08:24,294 | INFO  | DNAudit | user=null | ip=null | op=WRITE_CHUNK {blockData=conID: 1 locID: 102670696728363490 bcsId: 0} | ret=SUCCESS |  
2019-08-24 07:08:24,300 | INFO  | DNAudit | user=null | ip=null | op=WRITE_CHUNK {blockData=conID: 1 locID: 102670696728363490 bcsId: 0} | ret=SUCCESS |  
2019-08-24 07:08:24,300 | INFO  | DNAudit | user=null | ip=null | op=PUT_BLOCK {blockData=[blockId=conID: 1 locID: 102670696728363490 bcsId: 0,size=1048576]} | ret=SUCCESS |  
2019-08-24 07:08:24,301 [grpc-default-executor-2] INFO  client.GrpcClientProtocolClient (GrpcClientProtocolClient.java:onNext(255)) - client-6EDD19400D46->06a4573b-67a1-41e3-a350-f896363bc636: receive RaftClientReply:client-6EDD19400D46->06a4573b-67a1-41e3-a350-f896363bc636@group-757E3781CD2A, cid=1388, SUCCESS, logIndex=1950, commits[06a4573b-67a1-41e3-a350-f896363bc636:c1953, 0b725bbf-683b-4664-9a2e-3c9dd6e38bc1:c1949, 9193e3b7-ae04-484d-a740-c65c11559486:c1949]
2019-08-24 07:08:24,301 | INFO  | DNAudit | user=null | ip=null | op=WRITE_CHUNK {blockData=conID: 1 locID: 102670696728363490 bcsId: 0} | ret=SUCCESS |  
2019-08-24 07:08:24,301 [grpc-default-executor-2] INFO  client.GrpcClientProtocolClient (GrpcClientProtocolClient.java:onNext(255)) - client-6EDD19400D46->06a4573b-67a1-41e3-a350-f896363bc636: receive RaftClientReply:client-6EDD19400D46->06a4573b-67a1-41e3-a350-f896363bc636@group-757E3781CD2A, cid=1389, SUCCESS, logIndex=1951, commits[06a4573b-67a1-41e3-a350-f896363bc636:c1953, 0b725bbf-683b-4664-9a2e-3c9dd6e38bc1:c1949, 9193e3b7-ae04-484d-a740-c65c11559486:c1949]
2019-08-24 07:08:24,302 | INFO  | DNAudit | user=null | ip=null | op=PUT_BLOCK {blockData=[blockId=conID: 1 locID: 102670696728363490 bcsId: 0,size=2097152]} | ret=SUCCESS |  
2019-08-24 07:08:24,302 [grpc-default-executor-2] INFO  client.GrpcClientProtocolClient (GrpcClientProtocolClient.java:onNext(255)) - client-6EDD19400D46->06a4573b-67a1-41e3-a350-f896363bc636: receive RaftClientReply:client-6EDD19400D46->06a4573b-67a1-41e3-a350-f896363bc636@group-757E3781CD2A, cid=1390, SUCCESS, logIndex=1952, commits[06a4573b-67a1-41e3-a350-f896363bc636:c1953, 0b725bbf-683b-4664-9a2e-3c9dd6e38bc1:c1949, 9193e3b7-ae04-484d-a740-c65c11559486:c1949]
2019-08-24 07:08:24,302 [grpc-default-executor-1] INFO  client.GrpcClientProtocolClient (GrpcClientProtocolClient.java:onNext(255)) - client-6EDD19400D46->06a4573b-67a1-41e3-a350-f896363bc636: receive RaftClientReply:client-6EDD19400D46->06a4573b-67a1-41e3-a350-f896363bc636@group-757E3781CD2A, cid=1391, SUCCESS, logIndex=1953, commits[06a4573b-67a1-41e3-a350-f896363bc636:c1953, 0b725bbf-683b-4664-9a2e-3c9dd6e38bc1:c1949, 9193e3b7-ae04-484d-a740-c65c11559486:c1949]
2019-08-24 07:08:24,313 | INFO  | DNAudit | user=null | ip=null | op=WRITE_CHUNK {blockData=conID: 1 locID: 102670696728363490 bcsId: 0} | ret=SUCCESS |  
2019-08-24 07:08:24,313 | INFO  | DNAudit | user=null | ip=null | op=WRITE_CHUNK {blockData=conID: 1 locID: 102670696728363490 bcsId: 0} | ret=SUCCESS |  
2019-08-24 07:08:24,313 | INFO  | DNAudit | user=null | ip=null | op=PUT_BLOCK {blockData=[blockId=conID: 1 locID: 102670696728363490 bcsId: 0,size=1048576]} | ret=SUCCESS |  
2019-08-24 07:08:24,314 | INFO  | DNAudit | user=null | ip=null | op=WRITE_CHUNK {blockData=conID: 1 locID: 102670696728363490 bcsId: 0} | ret=SUCCESS |  
2019-08-24 07:08:24,314 | INFO  | DNAudit | user=null | ip=null | op=PUT_BLOCK {blockData=[blockId=conID: 1 locID: 102670696728363490 bcsId: 0,size=2097152]} | ret=SUCCESS |  
2019-08-24 07:08:24,316 | INFO  | DNAudit | user=null | ip=null | op=PUT_BLOCK {blockData=[blockId=conID: 1 locID: 102670696728363490 bcsId: 0,size=1048576]} | ret=SUCCESS |  
2019-08-24 07:08:24,316 | INFO  | DNAudit | user=null | ip=null | op=WRITE_CHUNK {blockData=conID: 1 locID: 102670696728363490 bcsId: 0} | ret=SUCCESS |  
2019-08-24 07:08:24,316 | INFO  | DNAudit | user=null | ip=null | op=PUT_BLOCK {blockData=[blockId=conID: 1 locID: 102670696728363490 bcsId: 0,size=2097152]} | ret=SUCCESS |  
2019-08-24 07:08:24,317 [grpc-default-executor-1] INFO  client.GrpcClientProtocolClient (GrpcClientProtocolClient.java:onNext(255)) - client-6EDD19400D46->06a4573b-67a1-41e3-a350-f896363bc636: receive RaftClientReply:client-6EDD19400D46->06a4573b-67a1-41e3-a350-f896363bc636@group-757E3781CD2A, cid=1392, SUCCESS, logIndex=0, commits[06a4573b-67a1-41e3-a350-f896363bc636:c1957, 0b725bbf-683b-4664-9a2e-3c9dd6e38bc1:c1951, 9193e3b7-ae04-484d-a740-c65c11559486:c1953]
2019-08-24 07:08:24,323 | INFO  | DNAudit | user=null | ip=null | op=WRITE_CHUNK {blockData=conID: 1 locID: 102670696728363490 bcsId: 1953} | ret=SUCCESS |  
2019-08-24 07:08:24,326 | INFO  | DNAudit | user=null | ip=null | op=WRITE_CHUNK {blockData=conID: 1 locID: 102670696728363490 bcsId: 1953} | ret=SUCCESS |  
2019-08-24 07:08:24,326 | INFO  | DNAudit | user=null | ip=null | op=WRITE_CHUNK {blockData=conID: 1 locID: 102670696728363490 bcsId: 1953} | ret=SUCCESS |  
2019-08-24 07:08:24,337 | INFO  | DNAudit | user=null | ip=null | op=WRITE_CHUNK {blockData=conID: 1 locID: 102670696728363490 bcsId: 1953} | ret=SUCCESS |  
2019-08-24 07:08:24,338 | INFO  | DNAudit | user=null | ip=null | op=PUT_BLOCK {blockData=[blockId=conID: 1 locID: 102670696728363490 bcsId: 0,size=3145728]} | ret=SUCCESS |  
2019-08-24 07:08:24,338 [grpc-default-executor-2] INFO  client.GrpcClientProtocolClient (GrpcClientProtocolClient.java:onNext(255)) - client-6EDD19400D46->06a4573b-67a1-41e3-a350-f896363bc636: receive RaftClientReply:client-6EDD19400D46->06a4573b-67a1-41e3-a350-f896363bc636@group-757E3781CD2A, cid=1393, SUCCESS, logIndex=1958, commits[06a4573b-67a1-41e3-a350-f896363bc636:c1959, 0b725bbf-683b-4664-9a2e-3c9dd6e38bc1:c1957, 9193e3b7-ae04-484d-a740-c65c11559486:c1957]
2019-08-24 07:08:24,338 [grpc-default-executor-2] INFO  client.GrpcClientProtocolClient (GrpcClientProtocolClient.java:onNext(255)) - client-6EDD19400D46->06a4573b-67a1-41e3-a350-f896363bc636: receive RaftClientReply:client-6EDD19400D46->06a4573b-67a1-41e3-a350-f896363bc636@group-757E3781CD2A, cid=1394, SUCCESS, logIndex=1959, commits[06a4573b-67a1-41e3-a350-f896363bc636:c1959, 0b725bbf-683b-4664-9a2e-3c9dd6e38bc1:c1957, 9193e3b7-ae04-484d-a740-c65c11559486:c1957]
2019-08-24 07:08:24,344 | INFO  | DNAudit | user=null | ip=null | op=WRITE_CHUNK {blockData=conID: 1 locID: 102670696728363490 bcsId: 1959} | ret=SUCCESS |  
2019-08-24 07:08:24,347 | INFO  | DNAudit | user=null | ip=null | op=WRITE_CHUNK {blockData=conID: 1 locID: 102670696728363490 bcsId: 1959} | ret=SUCCESS |  
2019-08-24 07:08:24,348 | INFO  | DNAudit | user=null | ip=null | op=WRITE_CHUNK {blockData=conID: 1 locID: 102670696728363490 bcsId: 1959} | ret=SUCCESS |  
2019-08-24 07:08:24,349 | INFO  | DNAudit | user=null | ip=null | op=WRITE_CHUNK {blockData=conID: 1 locID: 102670696728363490 bcsId: 1953} | ret=SUCCESS |  
2019-08-24 07:08:24,349 | INFO  | DNAudit | user=null | ip=null | op=WRITE_CHUNK {blockData=conID: 1 locID: 102670696728363490 bcsId: 1953} | ret=SUCCESS |  
2019-08-24 07:08:24,349 | INFO  | DNAudit | user=null | ip=null | op=PUT_BLOCK {blockData=[blockId=conID: 1 locID: 102670696728363490 bcsId: 0,size=3145728]} | ret=SUCCESS |  
2019-08-24 07:08:24,351 | INFO  | DNAudit | user=null | ip=null | op=PUT_BLOCK {blockData=[blockId=conID: 1 locID: 102670696728363490 bcsId: 0,size=3145728]} | ret=SUCCESS |  
2019-08-24 07:08:24,352 | INFO  | DNAudit | user=null | ip=null | op=WRITE_CHUNK {blockData=conID: 1 locID: 102670696728363490 bcsId: 1959} | ret=SUCCESS |  
2019-08-24 07:08:24,353 | INFO  | DNAudit | user=null | ip=null | op=PUT_BLOCK {blockData=[blockId=conID: 1 locID: 102670696728363490 bcsId: 0,size=4194304]} | ret=SUCCESS |  
2019-08-24 07:08:24,353 [grpc-default-executor-5] INFO  client.GrpcClientProtocolClient (GrpcClientProtocolClient.java:onNext(255)) - client-6EDD19400D46->06a4573b-67a1-41e3-a350-f896363bc636: receive RaftClientReply:client-6EDD19400D46->06a4573b-67a1-41e3-a350-f896363bc636@group-757E3781CD2A, cid=1395, SUCCESS, logIndex=1962, commits[06a4573b-67a1-41e3-a350-f896363bc636:c1963, 0b725bbf-683b-4664-9a2e-3c9dd6e38bc1:c1959, 9193e3b7-ae04-484d-a740-c65c11559486:c1959]
2019-08-24 07:08:24,353 [grpc-default-executor-5] INFO  client.GrpcClientProtocolClient (GrpcClientProtocolClient.java:onNext(255)) - client-6EDD19400D46->06a4573b-67a1-41e3-a350-f896363bc636: receive RaftClientReply:client-6EDD19400D46->06a4573b-67a1-41e3-a350-f896363bc636@group-757E3781CD2A, cid=1396, SUCCESS, logIndex=1963, commits[06a4573b-67a1-41e3-a350-f896363bc636:c1963, 0b725bbf-683b-4664-9a2e-3c9dd6e38bc1:c1959, 9193e3b7-ae04-484d-a740-c65c11559486:c1959]
2019-08-24 07:08:24,364 | INFO  | DNAudit | user=null | ip=null | op=WRITE_CHUNK {blockData=conID: 1 locID: 102670696728363490 bcsId: 1959} | ret=SUCCESS |  
2019-08-24 07:08:24,364 | INFO  | DNAudit | user=null | ip=null | op=WRITE_CHUNK {blockData=conID: 1 locID: 102670696728363490 bcsId: 1959} | ret=SUCCESS |  
2019-08-24 07:08:24,367 | INFO  | DNAudit | user=null | ip=null | op=PUT_BLOCK {blockData=[blockId=conID: 1 locID: 102670696728363490 bcsId: 0,size=4194304]} | ret=SUCCESS |  
2019-08-24 07:08:24,367 | INFO  | DNAudit | user=null | ip=null | op=PUT_BLOCK {blockData=[blockId=conID: 1 locID: 102670696728363490 bcsId: 0,size=4194304]} | ret=SUCCESS |  
2019-08-24 07:08:24,367 [grpc-default-executor-5] INFO  client.GrpcClientProtocolClient (GrpcClientProtocolClient.java:onNext(255)) - client-6EDD19400D46->06a4573b-67a1-41e3-a350-f896363bc636: receive RaftClientReply:client-6EDD19400D46->06a4573b-67a1-41e3-a350-f896363bc636@group-757E3781CD2A, cid=1397, SUCCESS, logIndex=0, commits[06a4573b-67a1-41e3-a350-f896363bc636:c1965, 0b725bbf-683b-4664-9a2e-3c9dd6e38bc1:c1963, 9193e3b7-ae04-484d-a740-c65c11559486:c1963]
2019-08-24 07:08:24,372 | INFO  | SCMAudit | user=jenkins1000 | ip=192.168.69.125 | op=ALLOCATE_BLOCK {owner=61bacca8-15b6-4a50-8962-5e9786b18b0d, size=4194304, type=RATIS, factor=THREE} | ret=SUCCESS |  
2019-08-24 07:08:24,374 | INFO  | OMAudit | user=jenkins1000 | ip=127.0.0.1 | op=ALLOCATE_BLOCK {volume=vol-0-26988, bucket=bucket-0-20739, key=key-0-27353, dataSize=0, replicationType=null, replicationFactor=null, keyLocationInfo=null, clientID=102670695851229586} | ret=SUCCESS |  
2019-08-24 07:08:24,381 | INFO  | DNAudit | user=null | ip=null | op=WRITE_CHUNK {blockData=conID: 2 locID: 102670696734523875 bcsId: 0} | ret=SUCCESS |  
2019-08-24 07:08:24,383 | INFO  | DNAudit | user=null | ip=null | op=WRITE_CHUNK {blockData=conID: 2 locID: 102670696734523875 bcsId: 0} | ret=SUCCESS |  
2019-08-24 07:08:24,384 | INFO  | DNAudit | user=null | ip=null | op=WRITE_CHUNK {blockData=conID: 2 locID: 102670696734523875 bcsId: 0} | ret=SUCCESS |  
2019-08-24 07:08:24,385 | INFO  | DNAudit | user=null | ip=null | op=WRITE_CHUNK {blockData=conID: 2 locID: 102670696734523875 bcsId: 0} | ret=SUCCESS |  
2019-08-24 07:08:24,386 | INFO  | DNAudit | user=null | ip=null | op=WRITE_CHUNK {blockData=conID: 2 locID: 102670696734523875 bcsId: 0} | ret=SUCCESS |  
2019-08-24 07:08:24,386 | INFO  | DNAudit | user=null | ip=null | op=WRITE_CHUNK {blockData=conID: 2 locID: 102670696734523875 bcsId: 0} | ret=SUCCESS |  
2019-08-24 07:08:24,398 | INFO  | DNAudit | user=null | ip=null | op=WRITE_CHUNK {blockData=conID: 2 locID: 102670696734523875 bcsId: 0} | ret=SUCCESS |  
2019-08-24 07:08:24,399 | INFO  | DNAudit | user=null | ip=null | op=PUT_BLOCK {blockData=[blockId=conID: 2 locID: 102670696734523875 bcsId: 0,size=1048576]} | ret=SUCCESS |  
2019-08-24 07:08:24,399 | INFO  | DNAudit | user=null | ip=null | op=WRITE_CHUNK {blockData=conID: 2 locID: 102670696734523875 bcsId: 0} | ret=SUCCESS |  
2019-08-24 07:08:24,399 [grpc-default-executor-1] INFO  client.GrpcClientProtocolClient (GrpcClientProtocolClient.java:onNext(255)) - client-6EDD19400D46->06a4573b-67a1-41e3-a350-f896363bc636: receive RaftClientReply:client-6EDD19400D46->06a4573b-67a1-41e3-a350-f896363bc636@group-757E3781CD2A, cid=1398, SUCCESS, logIndex=1966, commits[06a4573b-67a1-41e3-a350-f896363bc636:c1969, 0b725bbf-683b-4664-9a2e-3c9dd6e38bc1:c1965, 9193e3b7-ae04-484d-a740-c65c11559486:c1965]
2019-08-24 07:08:24,399 | INFO  | DNAudit | user=null | ip=null | op=PUT_BLOCK {blockData=[blockId=conID: 2 locID: 102670696734523875 bcsId: 0,size=2097152]} | ret=SUCCESS |  
2019-08-24 07:08:24,400 [grpc-default-executor-1] INFO  client.GrpcClientProtocolClient (GrpcClientProtocolClient.java:onNext(255)) - client-6EDD19400D46->06a4573b-67a1-41e3-a350-f896363bc636: receive RaftClientReply:client-6EDD19400D46->06a4573b-67a1-41e3-a350-f896363bc636@group-757E3781CD2A, cid=1399, SUCCESS, logIndex=1967, commits[06a4573b-67a1-41e3-a350-f896363bc636:c1969, 0b725bbf-683b-4664-9a2e-3c9dd6e38bc1:c1965, 9193e3b7-ae04-484d-a740-c65c11559486:c1965]
2019-08-24 07:08:24,400 [grpc-default-executor-1] INFO  client.GrpcClientProtocolClient (GrpcClientProtocolClient.java:onNext(255)) - client-6EDD19400D46->06a4573b-67a1-41e3-a350-f896363bc636: receive RaftClientReply:client-6EDD19400D46->06a4573b-67a1-41e3-a350-f896363bc636@group-757E3781CD2A, cid=1400, SUCCESS, logIndex=1968, commits[06a4573b-67a1-41e3-a350-f896363bc636:c1969, 0b725bbf-683b-4664-9a2e-3c9dd6e38bc1:c1965, 9193e3b7-ae04-484d-a740-c65c11559486:c1965]
2019-08-24 07:08:24,400 [grpc-default-executor-1] INFO  client.GrpcClientProtocolClient (GrpcClientProtocolClient.java:onNext(255)) - client-6EDD19400D46->06a4573b-67a1-41e3-a350-f896363bc636: receive RaftClientReply:client-6EDD19400D46->06a4573b-67a1-41e3-a350-f896363bc636@group-757E3781CD2A, cid=1401, SUCCESS, logIndex=1969, commits[06a4573b-67a1-41e3-a350-f896363bc636:c1969, 0b725bbf-683b-4664-9a2e-3c9dd6e38bc1:c1965, 9193e3b7-ae04-484d-a740-c65c11559486:c1965]
2019-08-24 07:08:24,410 | INFO  | DNAudit | user=null | ip=null | op=WRITE_CHUNK {blockData=conID: 2 locID: 102670696734523875 bcsId: 0} | ret=SUCCESS |  
2019-08-24 07:08:24,410 | INFO  | DNAudit | user=null | ip=null | op=WRITE_CHUNK {blockData=conID: 2 locID: 102670696734523875 bcsId: 0} | ret=SUCCESS |  
2019-08-24 07:08:24,413 | INFO  | DNAudit | user=null | ip=null | op=PUT_BLOCK {blockData=[blockId=conID: 2 locID: 102670696734523875 bcsId: 0,size=1048576]} | ret=SUCCESS |  
2019-08-24 07:08:24,413 | INFO  | DNAudit | user=null | ip=null | op=PUT_BLOCK {blockData=[blockId=conID: 2 locID: 102670696734523875 bcsId: 0,size=1048576]} | ret=SUCCESS |  
2019-08-24 07:08:24,413 | INFO  | DNAudit | user=null | ip=null | op=WRITE_CHUNK {blockData=conID: 2 locID: 102670696734523875 bcsId: 0} | ret=SUCCESS |  
2019-08-24 07:08:24,413 | INFO  | DNAudit | user=null | ip=null | op=PUT_BLOCK {blockData=[blockId=conID: 2 locID: 102670696734523875 bcsId: 0,size=2097152]} | ret=SUCCESS |  
2019-08-24 07:08:24,413 | INFO  | DNAudit | user=null | ip=null | op=WRITE_CHUNK {blockData=conID: 2 locID: 102670696734523875 bcsId: 0} | ret=SUCCESS |  
2019-08-24 07:08:24,414 | INFO  | DNAudit | user=null | ip=null | op=PUT_BLOCK {blockData=[blockId=conID: 2 locID: 102670696734523875 bcsId: 0,size=2097152]} | ret=SUCCESS |  
2019-08-24 07:08:24,413 [grpc-default-executor-1] INFO  client.GrpcClientProtocolClient (GrpcClientProtocolClient.java:onNext(255)) - client-6EDD19400D46->06a4573b-67a1-41e3-a350-f896363bc636: receive RaftClientReply:client-6EDD19400D46->06a4573b-67a1-41e3-a350-f896363bc636@group-757E3781CD2A, cid=1402, SUCCESS, logIndex=0, commits[06a4573b-67a1-41e3-a350-f896363bc636:c1971, 0b725bbf-683b-4664-9a2e-3c9dd6e38bc1:c1967, 9193e3b7-ae04-484d-a740-c65c11559486:c1967]
2019-08-24 07:08:24,420 | INFO  | DNAudit | user=null | ip=null | op=WRITE_CHUNK {blockData=conID: 2 locID: 102670696734523875 bcsId: 1969} | ret=SUCCESS |  
2019-08-24 07:08:24,423 | INFO  | DNAudit | user=null | ip=null | op=WRITE_CHUNK {blockData=conID: 2 locID: 102670696734523875 bcsId: 1969} | ret=SUCCESS |  
2019-08-24 07:08:24,423 | INFO  | DNAudit | user=null | ip=null | op=WRITE_CHUNK {blockData=conID: 2 locID: 102670696734523875 bcsId: 1969} | ret=SUCCESS |  
2019-08-24 07:08:24,428 | INFO  | SCMAudit | user=jenkins1000 | ip=192.168.69.125 | op=SEND_HEARTBEAT {datanodeUUID=25ce0803-6f34-4c69-82c0-892f08679042, command=[]} | ret=SUCCESS |  
2019-08-24 07:08:24,428 | INFO  | SCMAudit | user=jenkins1000 | ip=192.168.69.125 | op=SEND_HEARTBEAT {datanodeUUID=0b725bbf-683b-4664-9a2e-3c9dd6e38bc1, command=[]} | ret=SUCCESS |  
2019-08-24 07:08:24,429 | INFO  | SCMAudit | user=jenkins1000 | ip=192.168.69.125 | op=SEND_HEARTBEAT {datanodeUUID=06a4573b-67a1-41e3-a350-f896363bc636, command=[]} | ret=SUCCESS |  
2019-08-24 07:08:24,429 | INFO  | SCMAudit | user=jenkins1000 | ip=192.168.69.125 | op=SEND_HEARTBEAT {datanodeUUID=9193e3b7-ae04-484d-a740-c65c11559486, command=[]} | ret=SUCCESS |  
2019-08-24 07:08:24,434 | INFO  | DNAudit | user=null | ip=null | op=WRITE_CHUNK {blockData=conID: 2 locID: 102670696734523875 bcsId: 1969} | ret=SUCCESS |  
2019-08-24 07:08:24,435 | INFO  | DNAudit | user=null | ip=null | op=PUT_BLOCK {blockData=[blockId=conID: 2 locID: 102670696734523875 bcsId: 0,size=3145728]} | ret=SUCCESS |  
2019-08-24 07:08:24,435 [grpc-default-executor-2] INFO  client.GrpcClientProtocolClient (GrpcClientProtocolClient.java:onNext(255)) - client-6EDD19400D46->06a4573b-67a1-41e3-a350-f896363bc636: receive RaftClientReply:client-6EDD19400D46->06a4573b-67a1-41e3-a350-f896363bc636@group-757E3781CD2A, cid=1403, SUCCESS, logIndex=1974, commits[06a4573b-67a1-41e3-a350-f896363bc636:c1975, 0b725bbf-683b-4664-9a2e-3c9dd6e38bc1:c1973, 9193e3b7-ae04-484d-a740-c65c11559486:c1973]
2019-08-24 07:08:24,436 [grpc-default-executor-2] INFO  client.GrpcClientProtocolClient (GrpcClientProtocolClient.java:onNext(255)) - client-6EDD19400D46->06a4573b-67a1-41e3-a350-f896363bc636: receive RaftClientReply:client-6EDD19400D46->06a4573b-67a1-41e3-a350-f896363bc636@group-757E3781CD2A, cid=1404, SUCCESS, logIndex=1975, commits[06a4573b-67a1-41e3-a350-f896363bc636:c1975, 0b725bbf-683b-4664-9a2e-3c9dd6e38bc1:c1973, 9193e3b7-ae04-484d-a740-c65c11559486:c1973]
2019-08-24 07:08:24,443 | INFO  | DNAudit | user=null | ip=null | op=WRITE_CHUNK {blockData=conID: 2 locID: 102670696734523875 bcsId: 1975} | ret=SUCCESS |  
2019-08-24 07:08:24,446 | INFO  | DNAudit | user=null | ip=null | op=WRITE_CHUNK {blockData=conID: 2 locID: 102670696734523875 bcsId: 1975} | ret=SUCCESS |  
2019-08-24 07:08:24,446 | INFO  | DNAudit | user=null | ip=null | op=WRITE_CHUNK {blockData=conID: 2 locID: 102670696734523875 bcsId: 1975} | ret=SUCCESS |  
2019-08-24 07:08:24,446 | INFO  | DNAudit | user=null | ip=null | op=WRITE_CHUNK {blockData=conID: 2 locID: 102670696734523875 bcsId: 1969} | ret=SUCCESS |  
2019-08-24 07:08:24,446 | INFO  | DNAudit | user=null | ip=null | op=WRITE_CHUNK {blockData=conID: 2 locID: 102670696734523875 bcsId: 1969} | ret=SUCCESS |  
2019-08-24 07:08:24,449 | INFO  | DNAudit | user=null | ip=null | op=PUT_BLOCK {blockData=[blockId=conID: 2 locID: 102670696734523875 bcsId: 0,size=3145728]} | ret=SUCCESS |  
2019-08-24 07:08:24,449 | INFO  | DNAudit | user=null | ip=null | op=PUT_BLOCK {blockData=[blockId=conID: 2 locID: 102670696734523875 bcsId: 0,size=3145728]} | ret=SUCCESS |  
2019-08-24 07:08:24,449 | INFO  | DNAudit | user=null | ip=null | op=WRITE_CHUNK {blockData=conID: 2 locID: 102670696734523875 bcsId: 1975} | ret=SUCCESS |  
2019-08-24 07:08:24,450 | INFO  | DNAudit | user=null | ip=null | op=PUT_BLOCK {blockData=[blockId=conID: 2 locID: 102670696734523875 bcsId: 0,size=4194304]} | ret=SUCCESS |  
2019-08-24 07:08:24,450 [grpc-default-executor-1] INFO  client.GrpcClientProtocolClient (GrpcClientProtocolClient.java:onNext(255)) - client-6EDD19400D46->06a4573b-67a1-41e3-a350-f896363bc636: receive RaftClientReply:client-6EDD19400D46->06a4573b-67a1-41e3-a350-f896363bc636@group-757E3781CD2A, cid=1405, SUCCESS, logIndex=1978, commits[06a4573b-67a1-41e3-a350-f896363bc636:c1979, 0b725bbf-683b-4664-9a2e-3c9dd6e38bc1:c1975, 9193e3b7-ae04-484d-a740-c65c11559486:c1975]
2019-08-24 07:08:24,450 [grpc-default-executor-1] INFO  client.GrpcClientProtocolClient (GrpcClientProtocolClient.java:onNext(255)) - client-6EDD19400D46->06a4573b-67a1-41e3-a350-f896363bc636: receive RaftClientReply:client-6EDD19400D46->06a4573b-67a1-41e3-a350-f896363bc636@group-757E3781CD2A, cid=1406, SUCCESS, logIndex=1979, commits[06a4573b-67a1-41e3-a350-f896363bc636:c1979, 0b725bbf-683b-4664-9a2e-3c9dd6e38bc1:c1975, 9193e3b7-ae04-484d-a740-c65c11559486:c1975]
2019-08-24 07:08:24,473 | INFO  | DNAudit | user=null | ip=null | op=WRITE_CHUNK {blockData=conID: 2 locID: 102670696734523875 bcsId: 1975} | ret=SUCCESS |  
2019-08-24 07:08:24,474 | INFO  | DNAudit | user=null | ip=null | op=WRITE_CHUNK {blockData=conID: 2 locID: 102670696734523875 bcsId: 1975} | ret=SUCCESS |  
2019-08-24 07:08:24,474 | INFO  | DNAudit | user=null | ip=null | op=PUT_BLOCK {blockData=[blockId=conID: 2 locID: 102670696734523875 bcsId: 0,size=4194304]} | ret=SUCCESS |  
2019-08-24 07:08:24,476 | INFO  | DNAudit | user=null | ip=null | op=PUT_BLOCK {blockData=[blockId=conID: 2 locID: 102670696734523875 bcsId: 0,size=4194304]} | ret=SUCCESS |  
2019-08-24 07:08:24,476 [grpc-default-executor-1] INFO  client.GrpcClientProtocolClient (GrpcClientProtocolClient.java:onNext(255)) - client-6EDD19400D46->06a4573b-67a1-41e3-a350-f896363bc636: receive RaftClientReply:client-6EDD19400D46->06a4573b-67a1-41e3-a350-f896363bc636@group-757E3781CD2A, cid=1407, SUCCESS, logIndex=0, commits[06a4573b-67a1-41e3-a350-f896363bc636:c1981, 0b725bbf-683b-4664-9a2e-3c9dd6e38bc1:c1979, 9193e3b7-ae04-484d-a740-c65c11559486:c1979]
2019-08-24 07:08:24,481 | INFO  | SCMAudit | user=jenkins1000 | ip=192.168.69.125 | op=ALLOCATE_BLOCK {owner=61bacca8-15b6-4a50-8962-5e9786b18b0d, size=4194304, type=RATIS, factor=THREE} | ret=SUCCESS |  
2019-08-24 07:08:24,484 | INFO  | OMAudit | user=jenkins1000 | ip=127.0.0.1 | op=ALLOCATE_BLOCK {volume=vol-0-26988, bucket=bucket-0-20739, key=key-0-27353, dataSize=0, replicationType=null, replicationFactor=null, keyLocationInfo=null, clientID=102670695851229586} | ret=SUCCESS |  
2019-08-24 07:08:24,491 | INFO  | DNAudit | user=null | ip=null | op=WRITE_CHUNK {blockData=conID: 3 locID: 102670696741667300 bcsId: 0} | ret=SUCCESS |  
2019-08-24 07:08:24,494 | INFO  | DNAudit | user=null | ip=null | op=WRITE_CHUNK {blockData=conID: 3 locID: 102670696741667300 bcsId: 0} | ret=SUCCESS |  
2019-08-24 07:08:24,494 | INFO  | DNAudit | user=null | ip=null | op=WRITE_CHUNK {blockData=conID: 3 locID: 102670696741667300 bcsId: 0} | ret=SUCCESS |  
2019-08-24 07:08:24,495 | INFO  | DNAudit | user=null | ip=null | op=WRITE_CHUNK {blockData=conID: 3 locID: 102670696741667300 bcsId: 0} | ret=SUCCESS |  
2019-08-24 07:08:24,497 | INFO  | DNAudit | user=null | ip=null | op=WRITE_CHUNK {blockData=conID: 3 locID: 102670696741667300 bcsId: 0} | ret=SUCCESS |  
2019-08-24 07:08:24,497 | INFO  | DNAudit | user=null | ip=null | op=WRITE_CHUNK {blockData=conID: 3 locID: 102670696741667300 bcsId: 0} | ret=SUCCESS |  
2019-08-24 07:08:24,504 | INFO  | DNAudit | user=null | ip=null | op=WRITE_CHUNK {blockData=conID: 3 locID: 102670696741667300 bcsId: 0} | ret=SUCCESS |  
2019-08-24 07:08:24,504 | INFO  | DNAudit | user=null | ip=null | op=PUT_BLOCK {blockData=[blockId=conID: 3 locID: 102670696741667300 bcsId: 0,size=1048576]} | ret=SUCCESS |  
2019-08-24 07:08:24,504 | INFO  | DNAudit | user=null | ip=null | op=WRITE_CHUNK {blockData=conID: 3 locID: 102670696741667300 bcsId: 0} | ret=SUCCESS |  
2019-08-24 07:08:24,504 [grpc-default-executor-2] INFO  client.GrpcClientProtocolClient (GrpcClientProtocolClient.java:onNext(255)) - client-6EDD19400D46->06a4573b-67a1-41e3-a350-f896363bc636: receive RaftClientReply:client-6EDD19400D46->06a4573b-67a1-41e3-a350-f896363bc636@group-757E3781CD2A, cid=1408, SUCCESS, logIndex=1982, commits[06a4573b-67a1-41e3-a350-f896363bc636:c1985, 0b725bbf-683b-4664-9a2e-3c9dd6e38bc1:c1981, 9193e3b7-ae04-484d-a740-c65c11559486:c1981]
2019-08-24 07:08:24,505 | INFO  | DNAudit | user=null | ip=null | op=PUT_BLOCK {blockData=[blockId=conID: 3 locID: 102670696741667300 bcsId: 0,size=2097152]} | ret=SUCCESS |  
2019-08-24 07:08:24,505 [grpc-default-executor-2] INFO  client.GrpcClientProtocolClient (GrpcClientProtocolClient.java:onNext(255)) - client-6EDD19400D46->06a4573b-67a1-41e3-a350-f896363bc636: receive RaftClientReply:client-6EDD19400D46->06a4573b-67a1-41e3-a350-f896363bc636@group-757E3781CD2A, cid=1409, SUCCESS, logIndex=1983, commits[06a4573b-67a1-41e3-a350-f896363bc636:c1985, 0b725bbf-683b-4664-9a2e-3c9dd6e38bc1:c1981, 9193e3b7-ae04-484d-a740-c65c11559486:c1981]
2019-08-24 07:08:24,505 [grpc-default-executor-2] INFO  client.GrpcClientProtocolClient (GrpcClientProtocolClient.java:onNext(255)) - client-6EDD19400D46->06a4573b-67a1-41e3-a350-f896363bc636: receive RaftClientReply:client-6EDD19400D46->06a4573b-67a1-41e3-a350-f896363bc636@group-757E3781CD2A, cid=1410, SUCCESS, logIndex=1984, commits[06a4573b-67a1-41e3-a350-f896363bc636:c1985, 0b725bbf-683b-4664-9a2e-3c9dd6e38bc1:c1981, 9193e3b7-ae04-484d-a740-c65c11559486:c1981]
2019-08-24 07:08:24,505 [grpc-default-executor-2] INFO  client.GrpcClientProtocolClient (GrpcClientProtocolClient.java:onNext(255)) - client-6EDD19400D46->06a4573b-67a1-41e3-a350-f896363bc636: receive RaftClientReply:client-6EDD19400D46->06a4573b-67a1-41e3-a350-f896363bc636@group-757E3781CD2A, cid=1411, SUCCESS, logIndex=1985, commits[06a4573b-67a1-41e3-a350-f896363bc636:c1985, 0b725bbf-683b-4664-9a2e-3c9dd6e38bc1:c1981, 9193e3b7-ae04-484d-a740-c65c11559486:c1981]
2019-08-24 07:08:24,507 | INFO  | DNAudit | user=null | ip=null | op=WRITE_CHUNK {blockData=conID: 3 locID: 102670696741667300 bcsId: 0} | ret=SUCCESS |  
2019-08-24 07:08:24,507 | INFO  | DNAudit | user=null | ip=null | op=WRITE_CHUNK {blockData=conID: 3 locID: 102670696741667300 bcsId: 0} | ret=SUCCESS |  
2019-08-24 07:08:24,507 | INFO  | DNAudit | user=null | ip=null | op=PUT_BLOCK {blockData=[blockId=conID: 3 locID: 102670696741667300 bcsId: 0,size=1048576]} | ret=SUCCESS |  
2019-08-24 07:08:24,507 | INFO  | DNAudit | user=null | ip=null | op=WRITE_CHUNK {blockData=conID: 3 locID: 102670696741667300 bcsId: 0} | ret=SUCCESS |  
2019-08-24 07:08:24,520 | INFO  | DNAudit | user=null | ip=null | op=PUT_BLOCK {blockData=[blockId=conID: 3 locID: 102670696741667300 bcsId: 0,size=1048576]} | ret=SUCCESS |  
2019-08-24 07:08:24,520 | INFO  | DNAudit | user=null | ip=null | op=PUT_BLOCK {blockData=[blockId=conID: 3 locID: 102670696741667300 bcsId: 0,size=2097152]} | ret=SUCCESS |  
2019-08-24 07:08:24,520 | INFO  | DNAudit | user=null | ip=null | op=WRITE_CHUNK {blockData=conID: 3 locID: 102670696741667300 bcsId: 0} | ret=SUCCESS |  
2019-08-24 07:08:24,520 | INFO  | DNAudit | user=null | ip=null | op=PUT_BLOCK {blockData=[blockId=conID: 3 locID: 102670696741667300 bcsId: 0,size=2097152]} | ret=SUCCESS |  
2019-08-24 07:08:24,520 [grpc-default-executor-2] INFO  client.GrpcClientProtocolClient (GrpcClientProtocolClient.java:onNext(255)) - client-6EDD19400D46->06a4573b-67a1-41e3-a350-f896363bc636: receive RaftClientReply:client-6EDD19400D46->06a4573b-67a1-41e3-a350-f896363bc636@group-757E3781CD2A, cid=1412, SUCCESS, logIndex=0, commits[06a4573b-67a1-41e3-a350-f896363bc636:c1988, 0b725bbf-683b-4664-9a2e-3c9dd6e38bc1:c1984, 9193e3b7-ae04-484d-a740-c65c11559486:c1983]
2019-08-24 07:08:24,528 | INFO  | DNAudit | user=null | ip=null | op=WRITE_CHUNK {blockData=conID: 3 locID: 102670696741667300 bcsId: 1985} | ret=SUCCESS |  
2019-08-24 07:08:24,530 | INFO  | DNAudit | user=null | ip=null | op=WRITE_CHUNK {blockData=conID: 3 locID: 102670696741667300 bcsId: 1985} | ret=SUCCESS |  
2019-08-24 07:08:24,530 | INFO  | DNAudit | user=null | ip=null | op=WRITE_CHUNK {blockData=conID: 3 locID: 102670696741667300 bcsId: 1985} | ret=SUCCESS |  
2019-08-24 07:08:24,540 | INFO  | DNAudit | user=null | ip=null | op=WRITE_CHUNK {blockData=conID: 3 locID: 102670696741667300 bcsId: 1985} | ret=SUCCESS |  
2019-08-24 07:08:24,541 | INFO  | DNAudit | user=null | ip=null | op=PUT_BLOCK {blockData=[blockId=conID: 3 locID: 102670696741667300 bcsId: 0,size=3145728]} | ret=SUCCESS |  
2019-08-24 07:08:24,541 [grpc-default-executor-1] INFO  client.GrpcClientProtocolClient (GrpcClientProtocolClient.java:onNext(255)) - client-6EDD19400D46->06a4573b-67a1-41e3-a350-f896363bc636: receive RaftClientReply:client-6EDD19400D46->06a4573b-67a1-41e3-a350-f896363bc636@group-757E3781CD2A, cid=1413, SUCCESS, logIndex=1990, commits[06a4573b-67a1-41e3-a350-f896363bc636:c1991, 0b725bbf-683b-4664-9a2e-3c9dd6e38bc1:c1989, 9193e3b7-ae04-484d-a740-c65c11559486:c1989]
2019-08-24 07:08:24,541 [grpc-default-executor-1] INFO  client.GrpcClientProtocolClient (GrpcClientProtocolClient.java:onNext(255)) - client-6EDD19400D46->06a4573b-67a1-41e3-a350-f896363bc636: receive RaftClientReply:client-6EDD19400D46->06a4573b-67a1-41e3-a350-f896363bc636@group-757E3781CD2A, cid=1414, SUCCESS, logIndex=1991, commits[06a4573b-67a1-41e3-a350-f896363bc636:c1991, 0b725bbf-683b-4664-9a2e-3c9dd6e38bc1:c1989, 9193e3b7-ae04-484d-a740-c65c11559486:c1989]
2019-08-24 07:08:24,547 | INFO  | DNAudit | user=null | ip=null | op=WRITE_CHUNK {blockData=conID: 3 locID: 102670696741667300 bcsId: 1991} | ret=SUCCESS |  
2019-08-24 07:08:24,550 | INFO  | DNAudit | user=null | ip=null | op=WRITE_CHUNK {blockData=conID: 3 locID: 102670696741667300 bcsId: 1991} | ret=SUCCESS |  
2019-08-24 07:08:24,550 | INFO  | DNAudit | user=null | ip=null | op=WRITE_CHUNK {blockData=conID: 3 locID: 102670696741667300 bcsId: 1991} | ret=SUCCESS |  
2019-08-24 07:08:24,552 | INFO  | DNAudit | user=null | ip=null | op=WRITE_CHUNK {blockData=conID: 3 locID: 102670696741667300 bcsId: 1985} | ret=SUCCESS |  
2019-08-24 07:08:24,552 | INFO  | DNAudit | user=null | ip=null | op=WRITE_CHUNK {blockData=conID: 3 locID: 102670696741667300 bcsId: 1985} | ret=SUCCESS |  
2019-08-24 07:08:24,555 | INFO  | DNAudit | user=null | ip=null | op=PUT_BLOCK {blockData=[blockId=conID: 3 locID: 102670696741667300 bcsId: 0,size=3145728]} | ret=SUCCESS |  
2019-08-24 07:08:24,555 | INFO  | DNAudit | user=null | ip=null | op=PUT_BLOCK {blockData=[blockId=conID: 3 locID: 102670696741667300 bcsId: 0,size=3145728]} | ret=SUCCESS |  
2019-08-24 07:08:24,555 | INFO  | DNAudit | user=null | ip=null | op=WRITE_CHUNK {blockData=conID: 3 locID: 102670696741667300 bcsId: 1991} | ret=SUCCESS |  
2019-08-24 07:08:24,555 | INFO  | DNAudit | user=null | ip=null | op=PUT_BLOCK {blockData=[blockId=conID: 3 locID: 102670696741667300 bcsId: 0,size=4194304]} | ret=SUCCESS |  
2019-08-24 07:08:24,556 [grpc-default-executor-0] INFO  client.GrpcClientProtocolClient (GrpcClientProtocolClient.java:onNext(255)) - client-6EDD19400D46->06a4573b-67a1-41e3-a350-f896363bc636: receive RaftClientReply:client-6EDD19400D46->06a4573b-67a1-41e3-a350-f896363bc636@group-757E3781CD2A, cid=1415, SUCCESS, logIndex=1994, commits[06a4573b-67a1-41e3-a350-f896363bc636:c1994, 0b725bbf-683b-4664-9a2e-3c9dd6e38bc1:c1991, 9193e3b7-ae04-484d-a740-c65c11559486:c1991]
2019-08-24 07:08:24,556 [grpc-default-executor-0] INFO  client.GrpcClientProtocolClient (GrpcClientProtocolClient.java:onNext(255)) - client-6EDD19400D46->06a4573b-67a1-41e3-a350-f896363bc636: receive RaftClientReply:client-6EDD19400D46->06a4573b-67a1-41e3-a350-f896363bc636@group-757E3781CD2A, cid=1416, SUCCESS, logIndex=1995, commits[06a4573b-67a1-41e3-a350-f896363bc636:c1995, 0b725bbf-683b-4664-9a2e-3c9dd6e38bc1:c1991, 9193e3b7-ae04-484d-a740-c65c11559486:c1991]
2019-08-24 07:08:24,568 | INFO  | DNAudit | user=null | ip=null | op=WRITE_CHUNK {blockData=conID: 3 locID: 102670696741667300 bcsId: 1991} | ret=SUCCESS |  
2019-08-24 07:08:24,568 | INFO  | DNAudit | user=null | ip=null | op=WRITE_CHUNK {blockData=conID: 3 locID: 102670696741667300 bcsId: 1991} | ret=SUCCESS |  
2019-08-24 07:08:24,579 | INFO  | DNAudit | user=null | ip=null | op=PUT_BLOCK {blockData=[blockId=conID: 3 locID: 102670696741667300 bcsId: 0,size=4194304]} | ret=SUCCESS |  
2019-08-24 07:08:24,579 | INFO  | DNAudit | user=null | ip=null | op=PUT_BLOCK {blockData=[blockId=conID: 3 locID: 102670696741667300 bcsId: 0,size=4194304]} | ret=SUCCESS |  
2019-08-24 07:08:24,580 [grpc-default-executor-5] INFO  client.GrpcClientProtocolClient (GrpcClientProtocolClient.java:onNext(255)) - client-6EDD19400D46->06a4573b-67a1-41e3-a350-f896363bc636: receive RaftClientReply:client-6EDD19400D46->06a4573b-67a1-41e3-a350-f896363bc636@group-757E3781CD2A, cid=1417, SUCCESS, logIndex=0, commits[06a4573b-67a1-41e3-a350-f896363bc636:c1997, 0b725bbf-683b-4664-9a2e-3c9dd6e38bc1:c1995, 9193e3b7-ae04-484d-a740-c65c11559486:c1995]
2019-08-24 07:08:24,585 | INFO  | SCMAudit | user=jenkins1000 | ip=192.168.69.125 | op=ALLOCATE_BLOCK {owner=61bacca8-15b6-4a50-8962-5e9786b18b0d, size=4194304, type=RATIS, factor=THREE} | ret=SUCCESS |  
2019-08-24 07:08:24,589 | INFO  | OMAudit | user=jenkins1000 | ip=127.0.0.1 | op=ALLOCATE_BLOCK {volume=vol-0-26988, bucket=bucket-0-20739, key=key-0-27353, dataSize=0, replicationType=null, replicationFactor=null, keyLocationInfo=null, clientID=102670695851229586} | ret=SUCCESS |  
2019-08-24 07:08:24,598 | INFO  | DNAudit | user=null | ip=null | op=WRITE_CHUNK {blockData=conID: 1 locID: 102670696748483045 bcsId: 0} | ret=SUCCESS |  
2019-08-24 07:08:24,601 | INFO  | DNAudit | user=null | ip=null | op=WRITE_CHUNK {blockData=conID: 1 locID: 102670696748483045 bcsId: 0} | ret=SUCCESS |  
2019-08-24 07:08:24,602 | INFO  | DNAudit | user=null | ip=null | op=WRITE_CHUNK {blockData=conID: 1 locID: 102670696748483045 bcsId: 0} | ret=SUCCESS |  
2019-08-24 07:08:24,602 | INFO  | DNAudit | user=null | ip=null | op=WRITE_CHUNK {blockData=conID: 1 locID: 102670696748483045 bcsId: 0} | ret=SUCCESS |  
2019-08-24 07:08:24,604 | INFO  | DNAudit | user=null | ip=null | op=WRITE_CHUNK {blockData=conID: 1 locID: 102670696748483045 bcsId: 0} | ret=SUCCESS |  
2019-08-24 07:08:24,604 | INFO  | DNAudit | user=null | ip=null | op=WRITE_CHUNK {blockData=conID: 1 locID: 102670696748483045 bcsId: 0} | ret=SUCCESS |  
2019-08-24 07:08:24,612 | INFO  | DNAudit | user=null | ip=null | op=WRITE_CHUNK {blockData=conID: 1 locID: 102670696748483045 bcsId: 0} | ret=SUCCESS |  
2019-08-24 07:08:24,613 | INFO  | DNAudit | user=null | ip=null | op=PUT_BLOCK {blockData=[blockId=conID: 1 locID: 102670696748483045 bcsId: 0,size=1048576]} | ret=SUCCESS |  
2019-08-24 07:08:24,613 [grpc-default-executor-5] INFO  client.GrpcClientProtocolClient (GrpcClientProtocolClient.java:onNext(255)) - client-6EDD19400D46->06a4573b-67a1-41e3-a350-f896363bc636: receive RaftClientReply:client-6EDD19400D46->06a4573b-67a1-41e3-a350-f896363bc636@group-757E3781CD2A, cid=1418, SUCCESS, logIndex=1998, commits[06a4573b-67a1-41e3-a350-f896363bc636:c1999, 0b725bbf-683b-4664-9a2e-3c9dd6e38bc1:c1997, 9193e3b7-ae04-484d-a740-c65c11559486:c1997]
2019-08-24 07:08:24,614 [grpc-default-executor-5] INFO  client.GrpcClientProtocolClient (GrpcClientProtocolClient.java:onNext(255)) - client-6EDD19400D46->06a4573b-67a1-41e3-a350-f896363bc636: receive RaftClientReply:client-6EDD19400D46->06a4573b-67a1-41e3-a350-f896363bc636@group-757E3781CD2A, cid=1419, SUCCESS, logIndex=1999, commits[06a4573b-67a1-41e3-a350-f896363bc636:c1999, 0b725bbf-683b-4664-9a2e-3c9dd6e38bc1:c1997, 9193e3b7-ae04-484d-a740-c65c11559486:c1997]
2019-08-24 07:08:24,623 | INFO  | DNAudit | user=null | ip=null | op=WRITE_CHUNK {blockData=conID: 1 locID: 102670696748483045 bcsId: 0} | ret=SUCCESS |  
2019-08-24 07:08:24,623 | INFO  | DNAudit | user=null | ip=null | op=PUT_BLOCK {blockData=[blockId=conID: 1 locID: 102670696748483045 bcsId: 0,size=2097152]} | ret=SUCCESS |  
2019-08-24 07:08:24,623 [grpc-default-executor-0] INFO  client.GrpcClientProtocolClient (GrpcClientProtocolClient.java:onNext(255)) - client-6EDD19400D46->06a4573b-67a1-41e3-a350-f896363bc636: receive RaftClientReply:client-6EDD19400D46->06a4573b-67a1-41e3-a350-f896363bc636@group-757E3781CD2A, cid=1420, SUCCESS, logIndex=2000, commits[06a4573b-67a1-41e3-a350-f896363bc636:c2001, 0b725bbf-683b-4664-9a2e-3c9dd6e38bc1:c1997, 9193e3b7-ae04-484d-a740-c65c11559486:c1997]
2019-08-24 07:08:24,623 [grpc-default-executor-0] INFO  client.GrpcClientProtocolClient (GrpcClientProtocolClient.java:onNext(255)) - client-6EDD19400D46->06a4573b-67a1-41e3-a350-f896363bc636: receive RaftClientReply:client-6EDD19400D46->06a4573b-67a1-41e3-a350-f896363bc636@group-757E3781CD2A, cid=1421, SUCCESS, logIndex=2001, commits[06a4573b-67a1-41e3-a350-f896363bc636:c2001, 0b725bbf-683b-4664-9a2e-3c9dd6e38bc1:c1997, 9193e3b7-ae04-484d-a740-c65c11559486:c1997]
2019-08-24 07:08:24,625 | INFO  | DNAudit | user=null | ip=null | op=WRITE_CHUNK {blockData=conID: 1 locID: 102670696748483045 bcsId: 0} | ret=SUCCESS |  
2019-08-24 07:08:24,638 | INFO  | DNAudit | user=null | ip=null | op=PUT_BLOCK {blockData=[blockId=conID: 1 locID: 102670696748483045 bcsId: 0,size=1048576]} | ret=SUCCESS |  
2019-08-24 07:08:24,638 | INFO  | DNAudit | user=null | ip=null | op=WRITE_CHUNK {blockData=conID: 1 locID: 102670696748483045 bcsId: 0} | ret=SUCCESS |  
2019-08-24 07:08:24,638 | INFO  | DNAudit | user=null | ip=null | op=WRITE_CHUNK {blockData=conID: 1 locID: 102670696748483045 bcsId: 0} | ret=SUCCESS |  
2019-08-24 07:08:24,638 | INFO  | DNAudit | user=null | ip=null | op=PUT_BLOCK {blockData=[blockId=conID: 1 locID: 102670696748483045 bcsId: 0,size=2097152]} | ret=SUCCESS |  
2019-08-24 07:08:24,639 | INFO  | DNAudit | user=null | ip=null | op=PUT_BLOCK {blockData=[blockId=conID: 1 locID: 102670696748483045 bcsId: 0,size=1048576]} | ret=SUCCESS |  
2019-08-24 07:08:24,639 [grpc-default-executor-0] INFO  client.GrpcClientProtocolClient (GrpcClientProtocolClient.java:onNext(255)) - client-6EDD19400D46->06a4573b-67a1-41e3-a350-f896363bc636: receive RaftClientReply:client-6EDD19400D46->06a4573b-67a1-41e3-a350-f896363bc636@group-757E3781CD2A, cid=1422, SUCCESS, logIndex=0, commits[06a4573b-67a1-41e3-a350-f896363bc636:c2003, 0b725bbf-683b-4664-9a2e-3c9dd6e38bc1:c1999, 9193e3b7-ae04-484d-a740-c65c11559486:c2001]
2019-08-24 07:08:24,639 | INFO  | DNAudit | user=null | ip=null | op=WRITE_CHUNK {blockData=conID: 1 locID: 102670696748483045 bcsId: 0} | ret=SUCCESS |  
2019-08-24 07:08:24,639 | INFO  | DNAudit | user=null | ip=null | op=PUT_BLOCK {blockData=[blockId=conID: 1 locID: 102670696748483045 bcsId: 0,size=2097152]} | ret=SUCCESS |  
2019-08-24 07:08:24,645 | INFO  | DNAudit | user=null | ip=null | op=WRITE_CHUNK {blockData=conID: 1 locID: 102670696748483045 bcsId: 2001} | ret=SUCCESS |  
2019-08-24 07:08:24,757 | INFO  | DNAudit | user=null | ip=null | op=WRITE_CHUNK {blockData=conID: 1 locID: 102670696748483045 bcsId: 2001} | ret=SUCCESS |  
2019-08-24 07:08:24,757 | INFO  | DNAudit | user=null | ip=null | op=WRITE_CHUNK {blockData=conID: 1 locID: 102670696748483045 bcsId: 2001} | ret=SUCCESS |  
2019-08-24 07:08:24,762 | INFO  | DNAudit | user=null | ip=null | op=WRITE_CHUNK {blockData=conID: 1 locID: 102670696748483045 bcsId: 2001} | ret=SUCCESS |  
2019-08-24 07:08:24,763 | INFO  | DNAudit | user=null | ip=null | op=PUT_BLOCK {blockData=[blockId=conID: 1 locID: 102670696748483045 bcsId: 0,size=3145728]} | ret=SUCCESS |  
2019-08-24 07:08:24,763 [grpc-default-executor-5] INFO  client.GrpcClientProtocolClient (GrpcClientProtocolClient.java:onNext(255)) - client-6EDD19400D46->06a4573b-67a1-41e3-a350-f896363bc636: receive RaftClientReply:client-6EDD19400D46->06a4573b-67a1-41e3-a350-f896363bc636@group-757E3781CD2A, cid=1423, SUCCESS, logIndex=2005, commits[06a4573b-67a1-41e3-a350-f896363bc636:c2006, 0b725bbf-683b-4664-9a2e-3c9dd6e38bc1:c2003, 9193e3b7-ae04-484d-a740-c65c11559486:c2003]
2019-08-24 07:08:24,763 [grpc-default-executor-5] INFO  client.GrpcClientProtocolClient (GrpcClientProtocolClient.java:onNext(255)) - client-6EDD19400D46->06a4573b-67a1-41e3-a350-f896363bc636: receive RaftClientReply:client-6EDD19400D46->06a4573b-67a1-41e3-a350-f896363bc636@group-757E3781CD2A, cid=1424, SUCCESS, logIndex=2006, commits[06a4573b-67a1-41e3-a350-f896363bc636:c2006, 0b725bbf-683b-4664-9a2e-3c9dd6e38bc1:c2003, 9193e3b7-ae04-484d-a740-c65c11559486:c2003]
2019-08-24 07:08:24,772 | INFO  | DNAudit | user=null | ip=null | op=WRITE_CHUNK {blockData=conID: 1 locID: 102670696748483045 bcsId: 2006} | ret=SUCCESS |  
2019-08-24 07:08:24,774 | INFO  | DNAudit | user=null | ip=null | op=WRITE_CHUNK {blockData=conID: 1 locID: 102670696748483045 bcsId: 2001} | ret=SUCCESS |  
2019-08-24 07:08:24,774 | INFO  | DNAudit | user=null | ip=null | op=WRITE_CHUNK {blockData=conID: 1 locID: 102670696748483045 bcsId: 2001} | ret=SUCCESS |  
2019-08-24 07:08:24,775 | INFO  | DNAudit | user=null | ip=null | op=WRITE_CHUNK {blockData=conID: 1 locID: 102670696748483045 bcsId: 2006} | ret=SUCCESS |  
2019-08-24 07:08:24,775 | INFO  | DNAudit | user=null | ip=null | op=WRITE_CHUNK {blockData=conID: 1 locID: 102670696748483045 bcsId: 2006} | ret=SUCCESS |  
2019-08-24 07:08:24,786 | INFO  | DNAudit | user=null | ip=null | op=PUT_BLOCK {blockData=[blockId=conID: 1 locID: 102670696748483045 bcsId: 0,size=3145728]} | ret=SUCCESS |  
2019-08-24 07:08:24,787 | INFO  | DNAudit | user=null | ip=null | op=PUT_BLOCK {blockData=[blockId=conID: 1 locID: 102670696748483045 bcsId: 0,size=3145728]} | ret=SUCCESS |  
2019-08-24 07:08:24,787 | INFO  | DNAudit | user=null | ip=null | op=WRITE_CHUNK {blockData=conID: 1 locID: 102670696748483045 bcsId: 2006} | ret=SUCCESS |  
2019-08-24 07:08:24,787 | INFO  | DNAudit | user=null | ip=null | op=PUT_BLOCK {blockData=[blockId=conID: 1 locID: 102670696748483045 bcsId: 0,size=4194304]} | ret=SUCCESS |  
2019-08-24 07:08:24,787 [grpc-default-executor-5] INFO  client.GrpcClientProtocolClient (GrpcClientProtocolClient.java:onNext(255)) - client-6EDD19400D46->06a4573b-67a1-41e3-a350-f896363bc636: receive RaftClientReply:client-6EDD19400D46->06a4573b-67a1-41e3-a350-f896363bc636@group-757E3781CD2A, cid=1425, SUCCESS, logIndex=2009, commits[06a4573b-67a1-41e3-a350-f896363bc636:c2010, 0b725bbf-683b-4664-9a2e-3c9dd6e38bc1:c2006, 9193e3b7-ae04-484d-a740-c65c11559486:c2006]
2019-08-24 07:08:24,788 [grpc-default-executor-5] INFO  client.GrpcClientProtocolClient (GrpcClientProtocolClient.java:onNext(255)) - client-6EDD19400D46->06a4573b-67a1-41e3-a350-f896363bc636: receive RaftClientReply:client-6EDD19400D46->06a4573b-67a1-41e3-a350-f896363bc636@group-757E3781CD2A, cid=1426, SUCCESS, logIndex=2010, commits[06a4573b-67a1-41e3-a350-f896363bc636:c2010, 0b725bbf-683b-4664-9a2e-3c9dd6e38bc1:c2006, 9193e3b7-ae04-484d-a740-c65c11559486:c2006]
2019-08-24 07:08:24,799 | INFO  | DNAudit | user=null | ip=null | op=WRITE_CHUNK {blockData=conID: 1 locID: 102670696748483045 bcsId: 2006} | ret=SUCCESS |  
2019-08-24 07:08:24,799 | INFO  | DNAudit | user=null | ip=null | op=WRITE_CHUNK {blockData=conID: 1 locID: 102670696748483045 bcsId: 2006} | ret=SUCCESS |  
2019-08-24 07:08:24,801 | INFO  | DNAudit | user=null | ip=null | op=PUT_BLOCK {blockData=[blockId=conID: 1 locID: 102670696748483045 bcsId: 0,size=4194304]} | ret=SUCCESS |  
2019-08-24 07:08:24,801 | INFO  | DNAudit | user=null | ip=null | op=PUT_BLOCK {blockData=[blockId=conID: 1 locID: 102670696748483045 bcsId: 0,size=4194304]} | ret=SUCCESS |  
2019-08-24 07:08:24,801 [grpc-default-executor-0] INFO  client.GrpcClientProtocolClient (GrpcClientProtocolClient.java:onNext(255)) - client-6EDD19400D46->06a4573b-67a1-41e3-a350-f896363bc636: receive RaftClientReply:client-6EDD19400D46->06a4573b-67a1-41e3-a350-f896363bc636@group-757E3781CD2A, cid=1427, SUCCESS, logIndex=0, commits[06a4573b-67a1-41e3-a350-f896363bc636:c2012, 0b725bbf-683b-4664-9a2e-3c9dd6e38bc1:c2010, 9193e3b7-ae04-484d-a740-c65c11559486:c2010]
2019-08-24 07:08:24,807 | INFO  | SCMAudit | user=jenkins1000 | ip=192.168.69.125 | op=ALLOCATE_BLOCK {owner=61bacca8-15b6-4a50-8962-5e9786b18b0d, size=4194304, type=RATIS, factor=THREE} | ret=SUCCESS |  
2019-08-24 07:08:24,810 | INFO  | OMAudit | user=jenkins1000 | ip=127.0.0.1 | op=ALLOCATE_BLOCK {volume=vol-0-26988, bucket=bucket-0-20739, key=key-0-27353, dataSize=0, replicationType=null, replicationFactor=null, keyLocationInfo=null, clientID=102670695851229586} | ret=SUCCESS |  
2019-08-24 07:08:24,818 | INFO  | DNAudit | user=null | ip=null | op=WRITE_CHUNK {blockData=conID: 2 locID: 102670696762966502 bcsId: 0} | ret=SUCCESS |  
2019-08-24 07:08:24,821 | INFO  | DNAudit | user=null | ip=null | op=WRITE_CHUNK {blockData=conID: 2 locID: 102670696762966502 bcsId: 0} | ret=SUCCESS |  
2019-08-24 07:08:24,821 | INFO  | DNAudit | user=null | ip=null | op=WRITE_CHUNK {blockData=conID: 2 locID: 102670696762966502 bcsId: 0} | ret=SUCCESS |  
2019-08-24 07:08:24,822 | INFO  | DNAudit | user=null | ip=null | op=WRITE_CHUNK {blockData=conID: 2 locID: 102670696762966502 bcsId: 0} | ret=SUCCESS |  
2019-08-24 07:08:24,824 | INFO  | DNAudit | user=null | ip=null | op=WRITE_CHUNK {blockData=conID: 2 locID: 102670696762966502 bcsId: 0} | ret=SUCCESS |  
2019-08-24 07:08:24,824 | INFO  | DNAudit | user=null | ip=null | op=WRITE_CHUNK {blockData=conID: 2 locID: 102670696762966502 bcsId: 0} | ret=SUCCESS |  
2019-08-24 07:08:24,831 | INFO  | DNAudit | user=null | ip=null | op=WRITE_CHUNK {blockData=conID: 2 locID: 102670696762966502 bcsId: 0} | ret=SUCCESS |  
2019-08-24 07:08:24,832 | INFO  | DNAudit | user=null | ip=null | op=PUT_BLOCK {blockData=[blockId=conID: 2 locID: 102670696762966502 bcsId: 0,size=1048576]} | ret=SUCCESS |  
2019-08-24 07:08:24,832 [grpc-default-executor-5] INFO  client.GrpcClientProtocolClient (GrpcClientProtocolClient.java:onNext(255)) - client-6EDD19400D46->06a4573b-67a1-41e3-a350-f896363bc636: receive RaftClientReply:client-6EDD19400D46->06a4573b-67a1-41e3-a350-f896363bc636@group-757E3781CD2A, cid=1428, SUCCESS, logIndex=2013, commits[06a4573b-67a1-41e3-a350-f896363bc636:c2014, 0b725bbf-683b-4664-9a2e-3c9dd6e38bc1:c2012, 9193e3b7-ae04-484d-a740-c65c11559486:c2012]
2019-08-24 07:08:24,832 | INFO  | DNAudit | user=null | ip=null | op=WRITE_CHUNK {blockData=conID: 2 locID: 102670696762966502 bcsId: 0} | ret=SUCCESS |  
2019-08-24 07:08:24,833 | INFO  | DNAudit | user=null | ip=null | op=PUT_BLOCK {blockData=[blockId=conID: 2 locID: 102670696762966502 bcsId: 0,size=2097152]} | ret=SUCCESS |  
2019-08-24 07:08:24,833 [grpc-default-executor-5] INFO  client.GrpcClientProtocolClient (GrpcClientProtocolClient.java:onNext(255)) - client-6EDD19400D46->06a4573b-67a1-41e3-a350-f896363bc636: receive RaftClientReply:client-6EDD19400D46->06a4573b-67a1-41e3-a350-f896363bc636@group-757E3781CD2A, cid=1429, SUCCESS, logIndex=2014, commits[06a4573b-67a1-41e3-a350-f896363bc636:c2016, 0b725bbf-683b-4664-9a2e-3c9dd6e38bc1:c2012, 9193e3b7-ae04-484d-a740-c65c11559486:c2012]
2019-08-24 07:08:24,833 [grpc-default-executor-5] INFO  client.GrpcClientProtocolClient (GrpcClientProtocolClient.java:onNext(255)) - client-6EDD19400D46->06a4573b-67a1-41e3-a350-f896363bc636: receive RaftClientReply:client-6EDD19400D46->06a4573b-67a1-41e3-a350-f896363bc636@group-757E3781CD2A, cid=1430, SUCCESS, logIndex=2015, commits[06a4573b-67a1-41e3-a350-f896363bc636:c2016, 0b725bbf-683b-4664-9a2e-3c9dd6e38bc1:c2012, 9193e3b7-ae04-484d-a740-c65c11559486:c2012]
2019-08-24 07:08:24,833 [grpc-default-executor-5] INFO  client.GrpcClientProtocolClient (GrpcClientProtocolClient.java:onNext(255)) - client-6EDD19400D46->06a4573b-67a1-41e3-a350-f896363bc636: receive RaftClientReply:client-6EDD19400D46->06a4573b-67a1-41e3-a350-f896363bc636@group-757E3781CD2A, cid=1431, SUCCESS, logIndex=2016, commits[06a4573b-67a1-41e3-a350-f896363bc636:c2016, 0b725bbf-683b-4664-9a2e-3c9dd6e38bc1:c2012, 9193e3b7-ae04-484d-a740-c65c11559486:c2012]
2019-08-24 07:08:24,844 | INFO  | DNAudit | user=null | ip=null | op=WRITE_CHUNK {blockData=conID: 2 locID: 102670696762966502 bcsId: 0} | ret=SUCCESS |  
2019-08-24 07:08:24,844 | INFO  | DNAudit | user=null | ip=null | op=PUT_BLOCK {blockData=[blockId=conID: 2 locID: 102670696762966502 bcsId: 0,size=1048576]} | ret=SUCCESS |  
2019-08-24 07:08:24,846 | INFO  | DNAudit | user=null | ip=null | op=WRITE_CHUNK {blockData=conID: 2 locID: 102670696762966502 bcsId: 0} | ret=SUCCESS |  
2019-08-24 07:08:24,846 | INFO  | DNAudit | user=null | ip=null | op=PUT_BLOCK {blockData=[blockId=conID: 2 locID: 102670696762966502 bcsId: 0,size=1048576]} | ret=SUCCESS |  
2019-08-24 07:08:24,846 | INFO  | DNAudit | user=null | ip=null | op=WRITE_CHUNK {blockData=conID: 2 locID: 102670696762966502 bcsId: 0} | ret=SUCCESS |  
2019-08-24 07:08:24,847 | INFO  | DNAudit | user=null | ip=null | op=PUT_BLOCK {blockData=[blockId=conID: 2 locID: 102670696762966502 bcsId: 0,size=2097152]} | ret=SUCCESS |  
2019-08-24 07:08:24,847 [grpc-default-executor-5] INFO  client.GrpcClientProtocolClient (GrpcClientProtocolClient.java:onNext(255)) - client-6EDD19400D46->06a4573b-67a1-41e3-a350-f896363bc636: receive RaftClientReply:client-6EDD19400D46->06a4573b-67a1-41e3-a350-f896363bc636@group-757E3781CD2A, cid=1432, SUCCESS, logIndex=0, commits[06a4573b-67a1-41e3-a350-f896363bc636:c2018, 0b725bbf-683b-4664-9a2e-3c9dd6e38bc1:c2014, 9193e3b7-ae04-484d-a740-c65c11559486:c2014]
2019-08-24 07:08:24,854 | INFO  | DNAudit | user=null | ip=null | op=WRITE_CHUNK {blockData=conID: 2 locID: 102670696762966502 bcsId: 2016} | ret=SUCCESS |  
2019-08-24 07:08:24,856 | INFO  | DNAudit | user=null | ip=null | op=WRITE_CHUNK {blockData=conID: 2 locID: 102670696762966502 bcsId: 2016} | ret=SUCCESS |  
2019-08-24 07:08:24,857 | INFO  | DNAudit | user=null | ip=null | op=WRITE_CHUNK {blockData=conID: 2 locID: 102670696762966502 bcsId: 2016} | ret=SUCCESS |  
2019-08-24 07:08:24,857 | INFO  | DNAudit | user=null | ip=null | op=WRITE_CHUNK {blockData=conID: 2 locID: 102670696762966502 bcsId: 0} | ret=SUCCESS |  
2019-08-24 07:08:24,857 | INFO  | DNAudit | user=null | ip=null | op=PUT_BLOCK {blockData=[blockId=conID: 2 locID: 102670696762966502 bcsId: 0,size=2097152]} | ret=SUCCESS |  
2019-08-24 07:08:24,858 | INFO  | DNAudit | user=null | ip=null | op=WRITE_CHUNK {blockData=conID: 2 locID: 102670696762966502 bcsId: 2016} | ret=SUCCESS |  
2019-08-24 07:08:24,859 | INFO  | DNAudit | user=null | ip=null | op=PUT_BLOCK {blockData=[blockId=conID: 2 locID: 102670696762966502 bcsId: 0,size=3145728]} | ret=SUCCESS |  
2019-08-24 07:08:24,859 [grpc-default-executor-5] INFO  client.GrpcClientProtocolClient (GrpcClientProtocolClient.java:onNext(255)) - client-6EDD19400D46->06a4573b-67a1-41e3-a350-f896363bc636: receive RaftClientReply:client-6EDD19400D46->06a4573b-67a1-41e3-a350-f896363bc636@group-757E3781CD2A, cid=1433, SUCCESS, logIndex=2021, commits[06a4573b-67a1-41e3-a350-f896363bc636:c2022, 0b725bbf-683b-4664-9a2e-3c9dd6e38bc1:c2020, 9193e3b7-ae04-484d-a740-c65c11559486:c2016]
2019-08-24 07:08:24,859 [grpc-default-executor-5] INFO  client.GrpcClientProtocolClient (GrpcClientProtocolClient.java:onNext(255)) - client-6EDD19400D46->06a4573b-67a1-41e3-a350-f896363bc636: receive RaftClientReply:client-6EDD19400D46->06a4573b-67a1-41e3-a350-f896363bc636@group-757E3781CD2A, cid=1434, SUCCESS, logIndex=2022, commits[06a4573b-67a1-41e3-a350-f896363bc636:c2022, 0b725bbf-683b-4664-9a2e-3c9dd6e38bc1:c2020, 9193e3b7-ae04-484d-a740-c65c11559486:c2020]
2019-08-24 07:08:24,860 | INFO  | DNAudit | user=null | ip=null | op=WRITE_CHUNK {blockData=conID: 2 locID: 102670696762966502 bcsId: 2016} | ret=SUCCESS |  
2019-08-24 07:08:24,860 | INFO  | DNAudit | user=null | ip=null | op=WRITE_CHUNK {blockData=conID: 2 locID: 102670696762966502 bcsId: 2016} | ret=SUCCESS |  
2019-08-24 07:08:24,867 | INFO  | DNAudit | user=null | ip=null | op=WRITE_CHUNK {blockData=conID: 2 locID: 102670696762966502 bcsId: 2022} | ret=SUCCESS |  
2019-08-24 07:08:24,870 | INFO  | DNAudit | user=null | ip=null | op=WRITE_CHUNK {blockData=conID: 2 locID: 102670696762966502 bcsId: 2022} | ret=SUCCESS |  
2019-08-24 07:08:24,870 | INFO  | DNAudit | user=null | ip=null | op=WRITE_CHUNK {blockData=conID: 2 locID: 102670696762966502 bcsId: 2022} | ret=SUCCESS |  
2019-08-24 07:08:24,871 | INFO  | DNAudit | user=null | ip=null | op=PUT_BLOCK {blockData=[blockId=conID: 2 locID: 102670696762966502 bcsId: 0,size=3145728]} | ret=SUCCESS |  
2019-08-24 07:08:24,871 | INFO  | DNAudit | user=null | ip=null | op=PUT_BLOCK {blockData=[blockId=conID: 2 locID: 102670696762966502 bcsId: 0,size=3145728]} | ret=SUCCESS |  
2019-08-24 07:08:24,874 | INFO  | DNAudit | user=null | ip=null | op=WRITE_CHUNK {blockData=conID: 2 locID: 102670696762966502 bcsId: 2022} | ret=SUCCESS |  
2019-08-24 07:08:24,875 | INFO  | DNAudit | user=null | ip=null | op=PUT_BLOCK {blockData=[blockId=conID: 2 locID: 102670696762966502 bcsId: 0,size=4194304]} | ret=SUCCESS |  
2019-08-24 07:08:24,875 [grpc-default-executor-5] INFO  client.GrpcClientProtocolClient (GrpcClientProtocolClient.java:onNext(255)) - client-6EDD19400D46->06a4573b-67a1-41e3-a350-f896363bc636: receive RaftClientReply:client-6EDD19400D46->06a4573b-67a1-41e3-a350-f896363bc636@group-757E3781CD2A, cid=1435, SUCCESS, logIndex=2025, commits[06a4573b-67a1-41e3-a350-f896363bc636:c2026, 0b725bbf-683b-4664-9a2e-3c9dd6e38bc1:c2023, 9193e3b7-ae04-484d-a740-c65c11559486:c2023]
2019-08-24 07:08:24,875 [grpc-default-executor-5] INFO  client.GrpcClientProtocolClient (GrpcClientProtocolClient.java:onNext(255)) - client-6EDD19400D46->06a4573b-67a1-41e3-a350-f896363bc636: receive RaftClientReply:client-6EDD19400D46->06a4573b-67a1-41e3-a350-f896363bc636@group-757E3781CD2A, cid=1436, SUCCESS, logIndex=2026, commits[06a4573b-67a1-41e3-a350-f896363bc636:c2026, 0b725bbf-683b-4664-9a2e-3c9dd6e38bc1:c2023, 9193e3b7-ae04-484d-a740-c65c11559486:c2023]
2019-08-24 07:08:24,888 | INFO  | DNAudit | user=null | ip=null | op=WRITE_CHUNK {blockData=conID: 2 locID: 102670696762966502 bcsId: 2022} | ret=SUCCESS |  
2019-08-24 07:08:24,888 | INFO  | DNAudit | user=null | ip=null | op=WRITE_CHUNK {blockData=conID: 2 locID: 102670696762966502 bcsId: 2022} | ret=SUCCESS |  
2019-08-24 07:08:24,899 | INFO  | DNAudit | user=null | ip=null | op=PUT_BLOCK {blockData=[blockId=conID: 2 locID: 102670696762966502 bcsId: 0,size=4194304]} | ret=SUCCESS |  
2019-08-24 07:08:24,900 | INFO  | DNAudit | user=null | ip=null | op=PUT_BLOCK {blockData=[blockId=conID: 2 locID: 102670696762966502 bcsId: 0,size=4194304]} | ret=SUCCESS |  
2019-08-24 07:08:24,900 [grpc-default-executor-5] INFO  client.GrpcClientProtocolClient (GrpcClientProtocolClient.java:onNext(255)) - client-6EDD19400D46->06a4573b-67a1-41e3-a350-f896363bc636: receive RaftClientReply:client-6EDD19400D46->06a4573b-67a1-41e3-a350-f896363bc636@group-757E3781CD2A, cid=1437, SUCCESS, logIndex=0, commits[06a4573b-67a1-41e3-a350-f896363bc636:c2028, 0b725bbf-683b-4664-9a2e-3c9dd6e38bc1:c2026, 9193e3b7-ae04-484d-a740-c65c11559486:c2026]
2019-08-24 07:08:24,905 | INFO  | SCMAudit | user=jenkins1000 | ip=192.168.69.125 | op=ALLOCATE_BLOCK {owner=61bacca8-15b6-4a50-8962-5e9786b18b0d, size=4194304, type=RATIS, factor=THREE} | ret=SUCCESS |  
2019-08-24 07:08:24,909 | INFO  | OMAudit | user=jenkins1000 | ip=127.0.0.1 | op=ALLOCATE_BLOCK {volume=vol-0-26988, bucket=bucket-0-20739, key=key-0-27353, dataSize=0, replicationType=null, replicationFactor=null, keyLocationInfo=null, clientID=102670695851229586} | ret=SUCCESS |  
2019-08-24 07:08:24,917 | INFO  | DNAudit | user=null | ip=null | op=WRITE_CHUNK {blockData=conID: 3 locID: 102670696769454567 bcsId: 0} | ret=SUCCESS |  
2019-08-24 07:08:24,921 | INFO  | DNAudit | user=null | ip=null | op=WRITE_CHUNK {blockData=conID: 3 locID: 102670696769454567 bcsId: 0} | ret=SUCCESS |  
2019-08-24 07:08:24,921 | INFO  | DNAudit | user=null | ip=null | op=WRITE_CHUNK {blockData=conID: 3 locID: 102670696769454567 bcsId: 0} | ret=SUCCESS |  
2019-08-24 07:08:24,921 | INFO  | DNAudit | user=null | ip=null | op=WRITE_CHUNK {blockData=conID: 3 locID: 102670696769454567 bcsId: 0} | ret=SUCCESS |  
2019-08-24 07:08:24,922 | INFO  | DNAudit | user=null | ip=null | op=WRITE_CHUNK {blockData=conID: 3 locID: 102670696769454567 bcsId: 0} | ret=SUCCESS |  
2019-08-24 07:08:24,924 | INFO  | DNAudit | user=null | ip=null | op=WRITE_CHUNK {blockData=conID: 3 locID: 102670696769454567 bcsId: 0} | ret=SUCCESS |  
2019-08-24 07:08:24,941 | INFO  | SCMAudit | user=jenkins1000 | ip=192.168.69.125 | op=SEND_HEARTBEAT {datanodeUUID=b8548da6-9cc6-46be-8dd4-5219531f5960, command=[]} | ret=SUCCESS |  
2019-08-24 07:08:24,943 | INFO  | DNAudit | user=null | ip=null | op=WRITE_CHUNK {blockData=conID: 3 locID: 102670696769454567 bcsId: 0} | ret=SUCCESS |  
2019-08-24 07:08:24,943 | INFO  | DNAudit | user=null | ip=null | op=PUT_BLOCK {blockData=[blockId=conID: 3 locID: 102670696769454567 bcsId: 0,size=1048576]} | ret=SUCCESS |  
2019-08-24 07:08:24,943 [grpc-default-executor-5] INFO  client.GrpcClientProtocolClient (GrpcClientProtocolClient.java:onNext(255)) - client-6EDD19400D46->06a4573b-67a1-41e3-a350-f896363bc636: receive RaftClientReply:client-6EDD19400D46->06a4573b-67a1-41e3-a350-f896363bc636@group-757E3781CD2A, cid=1438, SUCCESS, logIndex=2029, commits[06a4573b-67a1-41e3-a350-f896363bc636:c2030, 0b725bbf-683b-4664-9a2e-3c9dd6e38bc1:c2028, 9193e3b7-ae04-484d-a740-c65c11559486:c2026]
2019-08-24 07:08:24,944 [grpc-default-executor-5] INFO  client.GrpcClientProtocolClient (GrpcClientProtocolClient.java:onNext(255)) - client-6EDD19400D46->06a4573b-67a1-41e3-a350-f896363bc636: receive RaftClientReply:client-6EDD19400D46->06a4573b-67a1-41e3-a350-f896363bc636@group-757E3781CD2A, cid=1439, SUCCESS, logIndex=2030, commits[06a4573b-67a1-41e3-a350-f896363bc636:c2030, 0b725bbf-683b-4664-9a2e-3c9dd6e38bc1:c2028, 9193e3b7-ae04-484d-a740-c65c11559486:c2026]
2019-08-24 07:08:24,955 | INFO  | DNAudit | user=null | ip=null | op=WRITE_CHUNK {blockData=conID: 3 locID: 102670696769454567 bcsId: 0} | ret=SUCCESS |  
2019-08-24 07:08:24,955 | INFO  | DNAudit | user=null | ip=null | op=PUT_BLOCK {blockData=[blockId=conID: 3 locID: 102670696769454567 bcsId: 0,size=2097152]} | ret=SUCCESS |  
2019-08-24 07:08:24,955 [grpc-default-executor-0] INFO  client.GrpcClientProtocolClient (GrpcClientProtocolClient.java:onNext(255)) - client-6EDD19400D46->06a4573b-67a1-41e3-a350-f896363bc636: receive RaftClientReply:client-6EDD19400D46->06a4573b-67a1-41e3-a350-f896363bc636@group-757E3781CD2A, cid=1440, SUCCESS, logIndex=2031, commits[06a4573b-67a1-41e3-a350-f896363bc636:c2032, 0b725bbf-683b-4664-9a2e-3c9dd6e38bc1:c2028, 9193e3b7-ae04-484d-a740-c65c11559486:c2028]
2019-08-24 07:08:24,956 [grpc-default-executor-0] INFO  client.GrpcClientProtocolClient (GrpcClientProtocolClient.java:onNext(255)) - client-6EDD19400D46->06a4573b-67a1-41e3-a350-f896363bc636: receive RaftClientReply:client-6EDD19400D46->06a4573b-67a1-41e3-a350-f896363bc636@group-757E3781CD2A, cid=1441, SUCCESS, logIndex=2032, commits[06a4573b-67a1-41e3-a350-f896363bc636:c2032, 0b725bbf-683b-4664-9a2e-3c9dd6e38bc1:c2028, 9193e3b7-ae04-484d-a740-c65c11559486:c2028]
2019-08-24 07:08:24,967 | INFO  | DNAudit | user=null | ip=null | op=WRITE_CHUNK {blockData=conID: 3 locID: 102670696769454567 bcsId: 0} | ret=SUCCESS |  
2019-08-24 07:08:24,967 | INFO  | DNAudit | user=null | ip=null | op=PUT_BLOCK {blockData=[blockId=conID: 3 locID: 102670696769454567 bcsId: 0,size=1048576]} | ret=SUCCESS |  
2019-08-24 07:08:24,967 | INFO  | DNAudit | user=null | ip=null | op=WRITE_CHUNK {blockData=conID: 3 locID: 102670696769454567 bcsId: 0} | ret=SUCCESS |  
2019-08-24 07:08:24,967 | INFO  | DNAudit | user=null | ip=null | op=PUT_BLOCK {blockData=[blockId=conID: 3 locID: 102670696769454567 bcsId: 0,size=1048576]} | ret=SUCCESS |  
2019-08-24 07:08:24,968 | INFO  | DNAudit | user=null | ip=null | op=WRITE_CHUNK {blockData=conID: 3 locID: 102670696769454567 bcsId: 0} | ret=SUCCESS |  
2019-08-24 07:08:24,968 | INFO  | DNAudit | user=null | ip=null | op=PUT_BLOCK {blockData=[blockId=conID: 3 locID: 102670696769454567 bcsId: 0,size=2097152]} | ret=SUCCESS |  
2019-08-24 07:08:24,968 [grpc-default-executor-0] INFO  client.GrpcClientProtocolClient (GrpcClientProtocolClient.java:onNext(255)) - client-6EDD19400D46->06a4573b-67a1-41e3-a350-f896363bc636: receive RaftClientReply:client-6EDD19400D46->06a4573b-67a1-41e3-a350-f896363bc636@group-757E3781CD2A, cid=1442, SUCCESS, logIndex=0, commits[06a4573b-67a1-41e3-a350-f896363bc636:c2034, 0b725bbf-683b-4664-9a2e-3c9dd6e38bc1:c2030, 9193e3b7-ae04-484d-a740-c65c11559486:c2030]
2019-08-24 07:08:24,970 | INFO  | DNAudit | user=null | ip=null | op=WRITE_CHUNK {blockData=conID: 3 locID: 102670696769454567 bcsId: 0} | ret=SUCCESS |  
2019-08-24 07:08:24,970 | INFO  | DNAudit | user=null | ip=null | op=PUT_BLOCK {blockData=[blockId=conID: 3 locID: 102670696769454567 bcsId: 0,size=2097152]} | ret=SUCCESS |  
2019-08-24 07:08:24,976 | INFO  | DNAudit | user=null | ip=null | op=WRITE_CHUNK {blockData=conID: 3 locID: 102670696769454567 bcsId: 2032} | ret=SUCCESS |  
2019-08-24 07:08:24,979 | INFO  | DNAudit | user=null | ip=null | op=WRITE_CHUNK {blockData=conID: 3 locID: 102670696769454567 bcsId: 2032} | ret=SUCCESS |  
2019-08-24 07:08:24,979 | INFO  | DNAudit | user=null | ip=null | op=WRITE_CHUNK {blockData=conID: 3 locID: 102670696769454567 bcsId: 2032} | ret=SUCCESS |  
2019-08-24 07:08:24,990 | INFO  | DNAudit | user=null | ip=null | op=WRITE_CHUNK {blockData=conID: 3 locID: 102670696769454567 bcsId: 2032} | ret=SUCCESS |  
2019-08-24 07:08:24,990 | INFO  | DNAudit | user=null | ip=null | op=PUT_BLOCK {blockData=[blockId=conID: 3 locID: 102670696769454567 bcsId: 0,size=3145728]} | ret=SUCCESS |  
2019-08-24 07:08:24,991 [grpc-default-executor-0] INFO  client.GrpcClientProtocolClient (GrpcClientProtocolClient.java:onNext(255)) - client-6EDD19400D46->06a4573b-67a1-41e3-a350-f896363bc636: receive RaftClientReply:client-6EDD19400D46->06a4573b-67a1-41e3-a350-f896363bc636@group-757E3781CD2A, cid=1443, SUCCESS, logIndex=2037, commits[06a4573b-67a1-41e3-a350-f896363bc636:c2038, 0b725bbf-683b-4664-9a2e-3c9dd6e38bc1:c2036, 9193e3b7-ae04-484d-a740-c65c11559486:c2036]
2019-08-24 07:08:24,991 [grpc-default-executor-0] INFO  client.GrpcClientProtocolClient (GrpcClientProtocolClient.java:onNext(255)) - client-6EDD19400D46->06a4573b-67a1-41e3-a350-f896363bc636: receive RaftClientReply:client-6EDD19400D46->06a4573b-67a1-41e3-a350-f896363bc636@group-757E3781CD2A, cid=1444, SUCCESS, logIndex=2038, commits[06a4573b-67a1-41e3-a350-f896363bc636:c2038, 0b725bbf-683b-4664-9a2e-3c9dd6e38bc1:c2036, 9193e3b7-ae04-484d-a740-c65c11559486:c2036]
2019-08-24 07:08:24,998 | INFO  | DNAudit | user=null | ip=null | op=WRITE_CHUNK {blockData=conID: 3 locID: 102670696769454567 bcsId: 2038} | ret=SUCCESS |  
2019-08-24 07:08:25,002 | INFO  | DNAudit | user=null | ip=null | op=WRITE_CHUNK {blockData=conID: 3 locID: 102670696769454567 bcsId: 2038} | ret=SUCCESS |  
2019-08-24 07:08:25,002 | INFO  | DNAudit | user=null | ip=null | op=WRITE_CHUNK {blockData=conID: 3 locID: 102670696769454567 bcsId: 2038} | ret=SUCCESS |  
2019-08-24 07:08:25,014 | INFO  | DNAudit | user=null | ip=null | op=WRITE_CHUNK {blockData=conID: 3 locID: 102670696769454567 bcsId: 2032} | ret=SUCCESS |  
2019-08-24 07:08:25,014 | INFO  | DNAudit | user=null | ip=null | op=WRITE_CHUNK {blockData=conID: 3 locID: 102670696769454567 bcsId: 2032} | ret=SUCCESS |  
2019-08-24 07:08:25,015 | INFO  | DNAudit | user=null | ip=null | op=PUT_BLOCK {blockData=[blockId=conID: 3 locID: 102670696769454567 bcsId: 0,size=3145728]} | ret=SUCCESS |  
2019-08-24 07:08:25,016 | INFO  | DNAudit | user=null | ip=null | op=WRITE_CHUNK {blockData=conID: 3 locID: 102670696769454567 bcsId: 2038} | ret=SUCCESS |  
2019-08-24 07:08:25,016 | INFO  | DNAudit | user=null | ip=null | op=PUT_BLOCK {blockData=[blockId=conID: 3 locID: 102670696769454567 bcsId: 0,size=3145728]} | ret=SUCCESS |  
2019-08-24 07:08:25,017 | INFO  | DNAudit | user=null | ip=null | op=PUT_BLOCK {blockData=[blockId=conID: 3 locID: 102670696769454567 bcsId: 0,size=4194304]} | ret=SUCCESS |  
2019-08-24 07:08:25,017 [grpc-default-executor-0] INFO  client.GrpcClientProtocolClient (GrpcClientProtocolClient.java:onNext(255)) - client-6EDD19400D46->06a4573b-67a1-41e3-a350-f896363bc636: receive RaftClientReply:client-6EDD19400D46->06a4573b-67a1-41e3-a350-f896363bc636@group-757E3781CD2A, cid=1445, SUCCESS, logIndex=2041, commits[06a4573b-67a1-41e3-a350-f896363bc636:c2042, 0b725bbf-683b-4664-9a2e-3c9dd6e38bc1:c2038, 9193e3b7-ae04-484d-a740-c65c11559486:c2038]
2019-08-24 07:08:25,017 [grpc-default-executor-0] INFO  client.GrpcClientProtocolClient (GrpcClientProtocolClient.java:onNext(255)) - client-6EDD19400D46->06a4573b-67a1-41e3-a350-f896363bc636: receive RaftClientReply:client-6EDD19400D46->06a4573b-67a1-41e3-a350-f896363bc636@group-757E3781CD2A, cid=1446, SUCCESS, logIndex=2042, commits[06a4573b-67a1-41e3-a350-f896363bc636:c2042, 0b725bbf-683b-4664-9a2e-3c9dd6e38bc1:c2038, 9193e3b7-ae04-484d-a740-c65c11559486:c2038]
2019-08-24 07:08:25,018 | INFO  | DNAudit | user=null | ip=null | op=WRITE_CHUNK {blockData=conID: 3 locID: 102670696769454567 bcsId: 2038} | ret=SUCCESS |  
2019-08-24 07:08:25,018 | INFO  | DNAudit | user=null | ip=null | op=WRITE_CHUNK {blockData=conID: 3 locID: 102670696769454567 bcsId: 2038} | ret=SUCCESS |  
2019-08-24 07:08:25,018 | INFO  | DNAudit | user=null | ip=null | op=PUT_BLOCK {blockData=[blockId=conID: 3 locID: 102670696769454567 bcsId: 0,size=4194304]} | ret=SUCCESS |  
2019-08-24 07:08:25,019 | INFO  | DNAudit | user=null | ip=null | op=PUT_BLOCK {blockData=[blockId=conID: 3 locID: 102670696769454567 bcsId: 0,size=4194304]} | ret=SUCCESS |  
2019-08-24 07:08:25,019 [grpc-default-executor-0] INFO  client.GrpcClientProtocolClient (GrpcClientProtocolClient.java:onNext(255)) - client-6EDD19400D46->06a4573b-67a1-41e3-a350-f896363bc636: receive RaftClientReply:client-6EDD19400D46->06a4573b-67a1-41e3-a350-f896363bc636@group-757E3781CD2A, cid=1447, SUCCESS, logIndex=0, commits[06a4573b-67a1-41e3-a350-f896363bc636:c2043, 0b725bbf-683b-4664-9a2e-3c9dd6e38bc1:c2042, 9193e3b7-ae04-484d-a740-c65c11559486:c2042]
2019-08-24 07:08:25,024 | INFO  | SCMAudit | user=jenkins1000 | ip=192.168.69.125 | op=ALLOCATE_BLOCK {owner=61bacca8-15b6-4a50-8962-5e9786b18b0d, size=4194304, type=RATIS, factor=THREE} | ret=SUCCESS |  
2019-08-24 07:08:25,028 | INFO  | OMAudit | user=jenkins1000 | ip=127.0.0.1 | op=ALLOCATE_BLOCK {volume=vol-0-26988, bucket=bucket-0-20739, key=key-0-27353, dataSize=0, replicationType=null, replicationFactor=null, keyLocationInfo=null, clientID=102670695851229586} | ret=SUCCESS |  
2019-08-24 07:08:25,035 | INFO  | DNAudit | user=null | ip=null | op=WRITE_CHUNK {blockData=conID: 1 locID: 102670696777253352 bcsId: 0} | ret=SUCCESS |  
2019-08-24 07:08:25,038 | INFO  | DNAudit | user=null | ip=null | op=WRITE_CHUNK {blockData=conID: 1 locID: 102670696777253352 bcsId: 0} | ret=SUCCESS |  
2019-08-24 07:08:25,039 | INFO  | DNAudit | user=null | ip=null | op=WRITE_CHUNK {blockData=conID: 1 locID: 102670696777253352 bcsId: 0} | ret=SUCCESS |  
2019-08-24 07:08:25,039 | INFO  | DNAudit | user=null | ip=null | op=WRITE_CHUNK {blockData=conID: 1 locID: 102670696777253352 bcsId: 0} | ret=SUCCESS |  
2019-08-24 07:08:25,041 | INFO  | DNAudit | user=null | ip=null | op=WRITE_CHUNK {blockData=conID: 1 locID: 102670696777253352 bcsId: 0} | ret=SUCCESS |  
2019-08-24 07:08:25,041 | INFO  | DNAudit | user=null | ip=null | op=WRITE_CHUNK {blockData=conID: 1 locID: 102670696777253352 bcsId: 0} | ret=SUCCESS |  
2019-08-24 07:08:25,053 | INFO  | DNAudit | user=null | ip=null | op=WRITE_CHUNK {blockData=conID: 1 locID: 102670696777253352 bcsId: 0} | ret=SUCCESS |  
2019-08-24 07:08:25,054 | INFO  | DNAudit | user=null | ip=null | op=PUT_BLOCK {blockData=[blockId=conID: 1 locID: 102670696777253352 bcsId: 0,size=1048576]} | ret=SUCCESS |  
2019-08-24 07:08:25,054 [grpc-default-executor-1] INFO  client.GrpcClientProtocolClient (GrpcClientProtocolClient.java:onNext(255)) - client-6EDD19400D46->06a4573b-67a1-41e3-a350-f896363bc636: receive RaftClientReply:client-6EDD19400D46->06a4573b-67a1-41e3-a350-f896363bc636@group-757E3781CD2A, cid=1448, SUCCESS, logIndex=2045, commits[06a4573b-67a1-41e3-a350-f896363bc636:c2047, 0b725bbf-683b-4664-9a2e-3c9dd6e38bc1:c2044, 9193e3b7-ae04-484d-a740-c65c11559486:c2044]
2019-08-24 07:08:25,055 | INFO  | DNAudit | user=null | ip=null | op=WRITE_CHUNK {blockData=conID: 1 locID: 102670696777253352 bcsId: 0} | ret=SUCCESS |  
2019-08-24 07:08:25,055 [grpc-default-executor-1] INFO  client.GrpcClientProtocolClient (GrpcClientProtocolClient.java:onNext(255)) - client-6EDD19400D46->06a4573b-67a1-41e3-a350-f896363bc636: receive RaftClientReply:client-6EDD19400D46->06a4573b-67a1-41e3-a350-f896363bc636@group-757E3781CD2A, cid=1449, SUCCESS, logIndex=2046, commits[06a4573b-67a1-41e3-a350-f896363bc636:c2048, 0b725bbf-683b-4664-9a2e-3c9dd6e38bc1:c2044, 9193e3b7-ae04-484d-a740-c65c11559486:c2044]
2019-08-24 07:08:25,055 | INFO  | DNAudit | user=null | ip=null | op=WRITE_CHUNK {blockData=conID: 1 locID: 102670696777253352 bcsId: 0} | ret=SUCCESS |  
2019-08-24 07:08:25,055 | INFO  | DNAudit | user=null | ip=null | op=WRITE_CHUNK {blockData=conID: 1 locID: 102670696777253352 bcsId: 0} | ret=SUCCESS |  
2019-08-24 07:08:25,055 | INFO  | DNAudit | user=null | ip=null | op=PUT_BLOCK {blockData=[blockId=conID: 1 locID: 102670696777253352 bcsId: 0,size=2097152]} | ret=SUCCESS |  
2019-08-24 07:08:25,056 [grpc-default-executor-1] INFO  client.GrpcClientProtocolClient (GrpcClientProtocolClient.java:onNext(255)) - client-6EDD19400D46->06a4573b-67a1-41e3-a350-f896363bc636: receive RaftClientReply:client-6EDD19400D46->06a4573b-67a1-41e3-a350-f896363bc636@group-757E3781CD2A, cid=1450, SUCCESS, logIndex=2047, commits[06a4573b-67a1-41e3-a350-f896363bc636:c2048, 0b725bbf-683b-4664-9a2e-3c9dd6e38bc1:c2044, 9193e3b7-ae04-484d-a740-c65c11559486:c2044]
2019-08-24 07:08:25,056 | INFO  | DNAudit | user=null | ip=null | op=PUT_BLOCK {blockData=[blockId=conID: 1 locID: 102670696777253352 bcsId: 0,size=1048576]} | ret=SUCCESS |  
2019-08-24 07:08:25,056 | INFO  | DNAudit | user=null | ip=null | op=PUT_BLOCK {blockData=[blockId=conID: 1 locID: 102670696777253352 bcsId: 0,size=1048576]} | ret=SUCCESS |  
2019-08-24 07:08:25,056 [grpc-default-executor-1] INFO  client.GrpcClientProtocolClient (GrpcClientProtocolClient.java:onNext(255)) - client-6EDD19400D46->06a4573b-67a1-41e3-a350-f896363bc636: receive RaftClientReply:client-6EDD19400D46->06a4573b-67a1-41e3-a350-f896363bc636@group-757E3781CD2A, cid=1451, SUCCESS, logIndex=2048, commits[06a4573b-67a1-41e3-a350-f896363bc636:c2049, 0b725bbf-683b-4664-9a2e-3c9dd6e38bc1:c2045, 9193e3b7-ae04-484d-a740-c65c11559486:c2045]
2019-08-24 07:08:25,057 | INFO  | DNAudit | user=null | ip=null | op=WRITE_CHUNK {blockData=conID: 1 locID: 102670696777253352 bcsId: 0} | ret=SUCCESS |  
2019-08-24 07:08:25,057 | INFO  | DNAudit | user=null | ip=null | op=PUT_BLOCK {blockData=[blockId=conID: 1 locID: 102670696777253352 bcsId: 0,size=2097152]} | ret=SUCCESS |  
2019-08-24 07:08:25,057 [grpc-default-executor-0] INFO  client.GrpcClientProtocolClient (GrpcClientProtocolClient.java:onNext(255)) - client-6EDD19400D46->06a4573b-67a1-41e3-a350-f896363bc636: receive RaftClientReply:client-6EDD19400D46->06a4573b-67a1-41e3-a350-f896363bc636@group-757E3781CD2A, cid=1452, SUCCESS, logIndex=0, commits[06a4573b-67a1-41e3-a350-f896363bc636:c2052, 0b725bbf-683b-4664-9a2e-3c9dd6e38bc1:c2048, 9193e3b7-ae04-484d-a740-c65c11559486:c2046]
2019-08-24 07:08:25,058 | INFO  | DNAudit | user=null | ip=null | op=WRITE_CHUNK {blockData=conID: 1 locID: 102670696777253352 bcsId: 0} | ret=SUCCESS |  
2019-08-24 07:08:25,059 | INFO  | DNAudit | user=null | ip=null | op=PUT_BLOCK {blockData=[blockId=conID: 1 locID: 102670696777253352 bcsId: 0,size=2097152]} | ret=SUCCESS |  
2019-08-24 07:08:25,064 | INFO  | DNAudit | user=null | ip=null | op=WRITE_CHUNK {blockData=conID: 1 locID: 102670696777253352 bcsId: 2048} | ret=SUCCESS |  
2019-08-24 07:08:25,068 | INFO  | DNAudit | user=null | ip=null | op=WRITE_CHUNK {blockData=conID: 1 locID: 102670696777253352 bcsId: 2048} | ret=SUCCESS |  
2019-08-24 07:08:25,068 | INFO  | DNAudit | user=null | ip=null | op=WRITE_CHUNK {blockData=conID: 1 locID: 102670696777253352 bcsId: 2048} | ret=SUCCESS |  
2019-08-24 07:08:25,077 | INFO  | DNAudit | user=null | ip=null | op=WRITE_CHUNK {blockData=conID: 1 locID: 102670696777253352 bcsId: 2048} | ret=SUCCESS |  
2019-08-24 07:08:25,077 | INFO  | DNAudit | user=null | ip=null | op=PUT_BLOCK {blockData=[blockId=conID: 1 locID: 102670696777253352 bcsId: 0,size=3145728]} | ret=SUCCESS |  
2019-08-24 07:08:25,077 [grpc-default-executor-0] INFO  client.GrpcClientProtocolClient (GrpcClientProtocolClient.java:onNext(255)) - client-6EDD19400D46->06a4573b-67a1-41e3-a350-f896363bc636: receive RaftClientReply:client-6EDD19400D46->06a4573b-67a1-41e3-a350-f896363bc636@group-757E3781CD2A, cid=1453, SUCCESS, logIndex=2053, commits[06a4573b-67a1-41e3-a350-f896363bc636:c2054, 0b725bbf-683b-4664-9a2e-3c9dd6e38bc1:c2052, 9193e3b7-ae04-484d-a740-c65c11559486:c2052]
2019-08-24 07:08:25,078 [grpc-default-executor-0] INFO  client.GrpcClientProtocolClient (GrpcClientProtocolClient.java:onNext(255)) - client-6EDD19400D46->06a4573b-67a1-41e3-a350-f896363bc636: receive RaftClientReply:client-6EDD19400D46->06a4573b-67a1-41e3-a350-f896363bc636@group-757E3781CD2A, cid=1454, SUCCESS, logIndex=2054, commits[06a4573b-67a1-41e3-a350-f896363bc636:c2054, 0b725bbf-683b-4664-9a2e-3c9dd6e38bc1:c2052, 9193e3b7-ae04-484d-a740-c65c11559486:c2052]
2019-08-24 07:08:25,085 | INFO  | DNAudit | user=null | ip=null | op=WRITE_CHUNK {blockData=conID: 1 locID: 102670696777253352 bcsId: 2054} | ret=SUCCESS |  
2019-08-24 07:08:25,089 | INFO  | DNAudit | user=null | ip=null | op=WRITE_CHUNK {blockData=conID: 1 locID: 102670696777253352 bcsId: 2048} | ret=SUCCESS |  
2019-08-24 07:08:25,089 | INFO  | DNAudit | user=null | ip=null | op=WRITE_CHUNK {blockData=conID: 1 locID: 102670696777253352 bcsId: 2048} | ret=SUCCESS |  
2019-08-24 07:08:25,089 | INFO  | DNAudit | user=null | ip=null | op=WRITE_CHUNK {blockData=conID: 1 locID: 102670696777253352 bcsId: 2054} | ret=SUCCESS |  
2019-08-24 07:08:25,089 | INFO  | DNAudit | user=null | ip=null | op=WRITE_CHUNK {blockData=conID: 1 locID: 102670696777253352 bcsId: 2054} | ret=SUCCESS |  
2019-08-24 07:08:25,101 | INFO  | DNAudit | user=null | ip=null | op=PUT_BLOCK {blockData=[blockId=conID: 1 locID: 102670696777253352 bcsId: 0,size=3145728]} | ret=SUCCESS |  
2019-08-24 07:08:25,101 | INFO  | DNAudit | user=null | ip=null | op=PUT_BLOCK {blockData=[blockId=conID: 1 locID: 102670696777253352 bcsId: 0,size=3145728]} | ret=SUCCESS |  
2019-08-24 07:08:25,102 | INFO  | DNAudit | user=null | ip=null | op=WRITE_CHUNK {blockData=conID: 1 locID: 102670696777253352 bcsId: 2054} | ret=SUCCESS |  
2019-08-24 07:08:25,102 | INFO  | DNAudit | user=null | ip=null | op=PUT_BLOCK {blockData=[blockId=conID: 1 locID: 102670696777253352 bcsId: 0,size=4194304]} | ret=SUCCESS |  
2019-08-24 07:08:25,102 [grpc-default-executor-1] INFO  client.GrpcClientProtocolClient (GrpcClientProtocolClient.java:onNext(255)) - client-6EDD19400D46->06a4573b-67a1-41e3-a350-f896363bc636: receive RaftClientReply:client-6EDD19400D46->06a4573b-67a1-41e3-a350-f896363bc636@group-757E3781CD2A, cid=1455, SUCCESS, logIndex=2057, commits[06a4573b-67a1-41e3-a350-f896363bc636:c2058, 0b725bbf-683b-4664-9a2e-3c9dd6e38bc1:c2054, 9193e3b7-ae04-484d-a740-c65c11559486:c2054]
2019-08-24 07:08:25,103 [grpc-default-executor-1] INFO  client.GrpcClientProtocolClient (GrpcClientProtocolClient.java:onNext(255)) - client-6EDD19400D46->06a4573b-67a1-41e3-a350-f896363bc636: receive RaftClientReply:client-6EDD19400D46->06a4573b-67a1-41e3-a350-f896363bc636@group-757E3781CD2A, cid=1456, SUCCESS, logIndex=2058, commits[06a4573b-67a1-41e3-a350-f896363bc636:c2058, 0b725bbf-683b-4664-9a2e-3c9dd6e38bc1:c2054, 9193e3b7-ae04-484d-a740-c65c11559486:c2054]
2019-08-24 07:08:25,114 | INFO  | DNAudit | user=null | ip=null | op=WRITE_CHUNK {blockData=conID: 1 locID: 102670696777253352 bcsId: 2054} | ret=SUCCESS |  
2019-08-24 07:08:25,114 | INFO  | DNAudit | user=null | ip=null | op=WRITE_CHUNK {blockData=conID: 1 locID: 102670696777253352 bcsId: 2054} | ret=SUCCESS |  
2019-08-24 07:08:25,116 | INFO  | DNAudit | user=null | ip=null | op=PUT_BLOCK {blockData=[blockId=conID: 1 locID: 102670696777253352 bcsId: 0,size=4194304]} | ret=SUCCESS |  
2019-08-24 07:08:25,116 | INFO  | DNAudit | user=null | ip=null | op=PUT_BLOCK {blockData=[blockId=conID: 1 locID: 102670696777253352 bcsId: 0,size=4194304]} | ret=SUCCESS |  
2019-08-24 07:08:25,117 [grpc-default-executor-1] INFO  client.GrpcClientProtocolClient (GrpcClientProtocolClient.java:onNext(255)) - client-6EDD19400D46->06a4573b-67a1-41e3-a350-f896363bc636: receive RaftClientReply:client-6EDD19400D46->06a4573b-67a1-41e3-a350-f896363bc636@group-757E3781CD2A, cid=1457, SUCCESS, logIndex=0, commits[06a4573b-67a1-41e3-a350-f896363bc636:c2060, 0b725bbf-683b-4664-9a2e-3c9dd6e38bc1:c2058, 9193e3b7-ae04-484d-a740-c65c11559486:c2058]
2019-08-24 07:08:25,122 | INFO  | SCMAudit | user=jenkins1000 | ip=192.168.69.125 | op=ALLOCATE_BLOCK {owner=61bacca8-15b6-4a50-8962-5e9786b18b0d, size=4194304, type=RATIS, factor=THREE} | ret=SUCCESS |  
2019-08-24 07:08:25,125 | INFO  | OMAudit | user=jenkins1000 | ip=127.0.0.1 | op=ALLOCATE_BLOCK {volume=vol-0-26988, bucket=bucket-0-20739, key=key-0-27353, dataSize=0, replicationType=null, replicationFactor=null, keyLocationInfo=null, clientID=102670695851229586} | ret=SUCCESS |  
2019-08-24 07:08:25,133 | INFO  | DNAudit | user=null | ip=null | op=WRITE_CHUNK {blockData=conID: 2 locID: 102670696783675881 bcsId: 0} | ret=SUCCESS |  
2019-08-24 07:08:25,134 | INFO  | DNAudit | user=null | ip=null | op=WRITE_CHUNK {blockData=conID: 2 locID: 102670696783675881 bcsId: 0} | ret=SUCCESS |  
2019-08-24 07:08:25,135 | INFO  | DNAudit | user=null | ip=null | op=WRITE_CHUNK {blockData=conID: 2 locID: 102670696783675881 bcsId: 0} | ret=SUCCESS |  
2019-08-24 07:08:25,136 | INFO  | DNAudit | user=null | ip=null | op=WRITE_CHUNK {blockData=conID: 2 locID: 102670696783675881 bcsId: 0} | ret=SUCCESS |  
2019-08-24 07:08:25,138 | INFO  | DNAudit | user=null | ip=null | op=WRITE_CHUNK {blockData=conID: 2 locID: 102670696783675881 bcsId: 0} | ret=SUCCESS |  
2019-08-24 07:08:25,138 | INFO  | DNAudit | user=null | ip=null | op=WRITE_CHUNK {blockData=conID: 2 locID: 102670696783675881 bcsId: 0} | ret=SUCCESS |  
2019-08-24 07:08:25,147 | INFO  | DNAudit | user=null | ip=null | op=WRITE_CHUNK {blockData=conID: 2 locID: 102670696783675881 bcsId: 0} | ret=SUCCESS |  
2019-08-24 07:08:25,148 | INFO  | DNAudit | user=null | ip=null | op=PUT_BLOCK {blockData=[blockId=conID: 2 locID: 102670696783675881 bcsId: 0,size=1048576]} | ret=SUCCESS |  
2019-08-24 07:08:25,148 [grpc-default-executor-0] INFO  client.GrpcClientProtocolClient (GrpcClientProtocolClient.java:onNext(255)) - client-6EDD19400D46->06a4573b-67a1-41e3-a350-f896363bc636: receive RaftClientReply:client-6EDD19400D46->06a4573b-67a1-41e3-a350-f896363bc636@group-757E3781CD2A, cid=1458, SUCCESS, logIndex=2061, commits[06a4573b-67a1-41e3-a350-f896363bc636:c2062, 0b725bbf-683b-4664-9a2e-3c9dd6e38bc1:c2060, 9193e3b7-ae04-484d-a740-c65c11559486:c2060]
2019-08-24 07:08:25,148 | INFO  | DNAudit | user=null | ip=null | op=WRITE_CHUNK {blockData=conID: 2 locID: 102670696783675881 bcsId: 0} | ret=SUCCESS |  
2019-08-24 07:08:25,149 [grpc-default-executor-0] INFO  client.GrpcClientProtocolClient (GrpcClientProtocolClient.java:onNext(255)) - client-6EDD19400D46->06a4573b-67a1-41e3-a350-f896363bc636: receive RaftClientReply:client-6EDD19400D46->06a4573b-67a1-41e3-a350-f896363bc636@group-757E3781CD2A, cid=1459, SUCCESS, logIndex=2062, commits[06a4573b-67a1-41e3-a350-f896363bc636:c2064, 0b725bbf-683b-4664-9a2e-3c9dd6e38bc1:c2060, 9193e3b7-ae04-484d-a740-c65c11559486:c2060]
2019-08-24 07:08:25,149 | INFO  | DNAudit | user=null | ip=null | op=PUT_BLOCK {blockData=[blockId=conID: 2 locID: 102670696783675881 bcsId: 0,size=2097152]} | ret=SUCCESS |  
2019-08-24 07:08:25,149 [grpc-default-executor-0] INFO  client.GrpcClientProtocolClient (GrpcClientProtocolClient.java:onNext(255)) - client-6EDD19400D46->06a4573b-67a1-41e3-a350-f896363bc636: receive RaftClientReply:client-6EDD19400D46->06a4573b-67a1-41e3-a350-f896363bc636@group-757E3781CD2A, cid=1460, SUCCESS, logIndex=2063, commits[06a4573b-67a1-41e3-a350-f896363bc636:c2064, 0b725bbf-683b-4664-9a2e-3c9dd6e38bc1:c2060, 9193e3b7-ae04-484d-a740-c65c11559486:c2060]
2019-08-24 07:08:25,149 [grpc-default-executor-0] INFO  client.GrpcClientProtocolClient (GrpcClientProtocolClient.java:onNext(255)) - client-6EDD19400D46->06a4573b-67a1-41e3-a350-f896363bc636: receive RaftClientReply:client-6EDD19400D46->06a4573b-67a1-41e3-a350-f896363bc636@group-757E3781CD2A, cid=1461, SUCCESS, logIndex=2064, commits[06a4573b-67a1-41e3-a350-f896363bc636:c2064, 0b725bbf-683b-4664-9a2e-3c9dd6e38bc1:c2060, 9193e3b7-ae04-484d-a740-c65c11559486:c2060]
2019-08-24 07:08:25,160 | INFO  | DNAudit | user=null | ip=null | op=WRITE_CHUNK {blockData=conID: 2 locID: 102670696783675881 bcsId: 0} | ret=SUCCESS |  
2019-08-24 07:08:25,171 | INFO  | DNAudit | user=null | ip=null | op=WRITE_CHUNK {blockData=conID: 2 locID: 102670696783675881 bcsId: 0} | ret=SUCCESS |  
2019-08-24 07:08:25,172 | INFO  | DNAudit | user=null | ip=null | op=PUT_BLOCK {blockData=[blockId=conID: 2 locID: 102670696783675881 bcsId: 0,size=1048576]} | ret=SUCCESS |  
2019-08-24 07:08:25,172 | INFO  | DNAudit | user=null | ip=null | op=WRITE_CHUNK {blockData=conID: 2 locID: 102670696783675881 bcsId: 0} | ret=SUCCESS |  
2019-08-24 07:08:25,172 | INFO  | DNAudit | user=null | ip=null | op=PUT_BLOCK {blockData=[blockId=conID: 2 locID: 102670696783675881 bcsId: 0,size=2097152]} | ret=SUCCESS |  
2019-08-24 07:08:25,173 | INFO  | DNAudit | user=null | ip=null | op=PUT_BLOCK {blockData=[blockId=conID: 2 locID: 102670696783675881 bcsId: 0,size=1048576]} | ret=SUCCESS |  
2019-08-24 07:08:25,174 | INFO  | DNAudit | user=null | ip=null | op=WRITE_CHUNK {blockData=conID: 2 locID: 102670696783675881 bcsId: 0} | ret=SUCCESS |  
2019-08-24 07:08:25,174 | INFO  | DNAudit | user=null | ip=null | op=PUT_BLOCK {blockData=[blockId=conID: 2 locID: 102670696783675881 bcsId: 0,size=2097152]} | ret=SUCCESS |  
2019-08-24 07:08:25,174 [grpc-default-executor-0] INFO  client.GrpcClientProtocolClient (GrpcClientProtocolClient.java:onNext(255)) - client-6EDD19400D46->06a4573b-67a1-41e3-a350-f896363bc636: receive RaftClientReply:client-6EDD19400D46->06a4573b-67a1-41e3-a350-f896363bc636@group-757E3781CD2A, cid=1462, SUCCESS, logIndex=0, commits[06a4573b-67a1-41e3-a350-f896363bc636:c2068, 0b725bbf-683b-4664-9a2e-3c9dd6e38bc1:c2064, 9193e3b7-ae04-484d-a740-c65c11559486:c2062]
2019-08-24 07:08:25,181 | INFO  | DNAudit | user=null | ip=null | op=WRITE_CHUNK {blockData=conID: 2 locID: 102670696783675881 bcsId: 2064} | ret=SUCCESS |  
2019-08-24 07:08:25,184 | INFO  | DNAudit | user=null | ip=null | op=WRITE_CHUNK {blockData=conID: 2 locID: 102670696783675881 bcsId: 2064} | ret=SUCCESS |  
2019-08-24 07:08:25,184 | INFO  | DNAudit | user=null | ip=null | op=WRITE_CHUNK {blockData=conID: 2 locID: 102670696783675881 bcsId: 2064} | ret=SUCCESS |  
2019-08-24 07:08:25,195 | INFO  | DNAudit | user=null | ip=null | op=WRITE_CHUNK {blockData=conID: 2 locID: 102670696783675881 bcsId: 2064} | ret=SUCCESS |  
2019-08-24 07:08:25,196 | INFO  | DNAudit | user=null | ip=null | op=PUT_BLOCK {blockData=[blockId=conID: 2 locID: 102670696783675881 bcsId: 0,size=3145728]} | ret=SUCCESS |  
2019-08-24 07:08:25,196 [grpc-default-executor-5] INFO  client.GrpcClientProtocolClient (GrpcClientProtocolClient.java:onNext(255)) - client-6EDD19400D46->06a4573b-67a1-41e3-a350-f896363bc636: receive RaftClientReply:client-6EDD19400D46->06a4573b-67a1-41e3-a350-f896363bc636@group-757E3781CD2A, cid=1463, SUCCESS, logIndex=2069, commits[06a4573b-67a1-41e3-a350-f896363bc636:c2070, 0b725bbf-683b-4664-9a2e-3c9dd6e38bc1:c2068, 9193e3b7-ae04-484d-a740-c65c11559486:c2068]
2019-08-24 07:08:25,196 [grpc-default-executor-1] INFO  client.GrpcClientProtocolClient (GrpcClientProtocolClient.java:onNext(255)) - client-6EDD19400D46->06a4573b-67a1-41e3-a350-f896363bc636: receive RaftClientReply:client-6EDD19400D46->06a4573b-67a1-41e3-a350-f896363bc636@group-757E3781CD2A, cid=1464, SUCCESS, logIndex=2070, commits[06a4573b-67a1-41e3-a350-f896363bc636:c2070, 0b725bbf-683b-4664-9a2e-3c9dd6e38bc1:c2068, 9193e3b7-ae04-484d-a740-c65c11559486:c2068]
2019-08-24 07:08:25,203 | INFO  | DNAudit | user=null | ip=null | op=WRITE_CHUNK {blockData=conID: 2 locID: 102670696783675881 bcsId: 2070} | ret=SUCCESS |  
 0.00% |█                                                                                                    |  0/1 Time: 0:00:142019-08-24 07:08:25,207 | INFO  | DNAudit | user=null | ip=null | op=WRITE_CHUNK {blockData=conID: 2 locID: 102670696783675881 bcsId: 2064} | ret=SUCCESS |  
2019-08-24 07:08:25,207 | INFO  | DNAudit | user=null | ip=null | op=WRITE_CHUNK {blockData=conID: 2 locID: 102670696783675881 bcsId: 2070} | ret=SUCCESS |  
2019-08-24 07:08:25,207 | INFO  | DNAudit | user=null | ip=null | op=WRITE_CHUNK {blockData=conID: 2 locID: 102670696783675881 bcsId: 2064} | ret=SUCCESS |  
2019-08-24 07:08:25,207 | INFO  | DNAudit | user=null | ip=null | op=WRITE_CHUNK {blockData=conID: 2 locID: 102670696783675881 bcsId: 2070} | ret=SUCCESS |  
2019-08-24 07:08:25,207 | INFO  | DNAudit | user=null | ip=null | op=PUT_BLOCK {blockData=[blockId=conID: 2 locID: 102670696783675881 bcsId: 0,size=3145728]} | ret=SUCCESS |  
2019-08-24 07:08:25,210 | INFO  | DNAudit | user=null | ip=null | op=WRITE_CHUNK {blockData=conID: 2 locID: 102670696783675881 bcsId: 2070} | ret=SUCCESS |  
2019-08-24 07:08:25,211 | INFO  | DNAudit | user=null | ip=null | op=PUT_BLOCK {blockData=[blockId=conID: 2 locID: 102670696783675881 bcsId: 0,size=4194304]} | ret=SUCCESS |  
2019-08-24 07:08:25,211 [grpc-default-executor-1] INFO  client.GrpcClientProtocolClient (GrpcClientProtocolClient.java:onNext(255)) - client-6EDD19400D46->06a4573b-67a1-41e3-a350-f896363bc636: receive RaftClientReply:client-6EDD19400D46->06a4573b-67a1-41e3-a350-f896363bc636@group-757E3781CD2A, cid=1465, SUCCESS, logIndex=2073, commits[06a4573b-67a1-41e3-a350-f896363bc636:c2074, 0b725bbf-683b-4664-9a2e-3c9dd6e38bc1:c2070, 9193e3b7-ae04-484d-a740-c65c11559486:c2069]
2019-08-24 07:08:25,211 [grpc-default-executor-1] INFO  client.GrpcClientProtocolClient (GrpcClientProtocolClient.java:onNext(255)) - client-6EDD19400D46->06a4573b-67a1-41e3-a350-f896363bc636: receive RaftClientReply:client-6EDD19400D46->06a4573b-67a1-41e3-a350-f896363bc636@group-757E3781CD2A, cid=1466, SUCCESS, logIndex=2074, commits[06a4573b-67a1-41e3-a350-f896363bc636:c2074, 0b725bbf-683b-4664-9a2e-3c9dd6e38bc1:c2070, 9193e3b7-ae04-484d-a740-c65c11559486:c2069]
2019-08-24 07:08:25,220 | INFO  | DNAudit | user=null | ip=null | op=PUT_BLOCK {blockData=[blockId=conID: 2 locID: 102670696783675881 bcsId: 0,size=3145728]} | ret=SUCCESS |  
2019-08-24 07:08:25,221 [grpc-default-executor-1] INFO  client.GrpcClientProtocolClient (GrpcClientProtocolClient.java:onNext(255)) - client-6EDD19400D46->06a4573b-67a1-41e3-a350-f896363bc636: receive RaftClientReply:client-6EDD19400D46->06a4573b-67a1-41e3-a350-f896363bc636@group-757E3781CD2A, cid=1467, SUCCESS, logIndex=0, commits[06a4573b-67a1-41e3-a350-f896363bc636:c2074, 0b725bbf-683b-4664-9a2e-3c9dd6e38bc1:c2070, 9193e3b7-ae04-484d-a740-c65c11559486:c2070]
2019-08-24 07:08:25,222 | INFO  | DNAudit | user=null | ip=null | op=WRITE_CHUNK {blockData=conID: 2 locID: 102670696783675881 bcsId: 2070} | ret=SUCCESS |  
2019-08-24 07:08:25,233 | INFO  | DNAudit | user=null | ip=null | op=WRITE_CHUNK {blockData=conID: 2 locID: 102670696783675881 bcsId: 2070} | ret=SUCCESS |  
2019-08-24 07:08:25,234 | INFO  | DNAudit | user=null | ip=null | op=PUT_BLOCK {blockData=[blockId=conID: 2 locID: 102670696783675881 bcsId: 0,size=4194304]} | ret=SUCCESS |  
2019-08-24 07:08:25,235 | INFO  | DNAudit | user=null | ip=null | op=PUT_BLOCK {blockData=[blockId=conID: 2 locID: 102670696783675881 bcsId: 0,size=4194304]} | ret=SUCCESS |  
2019-08-24 07:08:25,236 [grpc-default-executor-1] INFO  client.GrpcClientProtocolClient (GrpcClientProtocolClient.java:onNext(255)) - client-6EDD19400D46->06a4573b-67a1-41e3-a350-f896363bc636: receive RaftClientReply:client-6EDD19400D46->06a4573b-67a1-41e3-a350-f896363bc636@group-757E3781CD2A, cid=1468, SUCCESS, logIndex=0, commits[06a4573b-67a1-41e3-a350-f896363bc636:c2076, 0b725bbf-683b-4664-9a2e-3c9dd6e38bc1:c2074, 9193e3b7-ae04-484d-a740-c65c11559486:c2074]
2019-08-24 07:08:25,241 | INFO  | SCMAudit | user=jenkins1000 | ip=192.168.69.125 | op=ALLOCATE_BLOCK {owner=61bacca8-15b6-4a50-8962-5e9786b18b0d, size=4194304, type=RATIS, factor=THREE} | ret=SUCCESS |  
2019-08-24 07:08:25,245 | INFO  | OMAudit | user=jenkins1000 | ip=127.0.0.1 | op=ALLOCATE_BLOCK {volume=vol-0-26988, bucket=bucket-0-20739, key=key-0-27353, dataSize=0, replicationType=null, replicationFactor=null, keyLocationInfo=null, clientID=102670695851229586} | ret=SUCCESS |  
2019-08-24 07:08:25,253 | INFO  | DNAudit | user=null | ip=null | op=WRITE_CHUNK {blockData=conID: 3 locID: 102670696791474666 bcsId: 0} | ret=SUCCESS |  
2019-08-24 07:08:25,257 | INFO  | DNAudit | user=null | ip=null | op=WRITE_CHUNK {blockData=conID: 3 locID: 102670696791474666 bcsId: 0} | ret=SUCCESS |  
2019-08-24 07:08:25,257 | INFO  | DNAudit | user=null | ip=null | op=WRITE_CHUNK {blockData=conID: 3 locID: 102670696791474666 bcsId: 0} | ret=SUCCESS |  
2019-08-24 07:08:25,257 | INFO  | DNAudit | user=null | ip=null | op=WRITE_CHUNK {blockData=conID: 3 locID: 102670696791474666 bcsId: 0} | ret=SUCCESS |  
2019-08-24 07:08:25,259 | INFO  | DNAudit | user=null | ip=null | op=WRITE_CHUNK {blockData=conID: 3 locID: 102670696791474666 bcsId: 0} | ret=SUCCESS |  
2019-08-24 07:08:25,260 | INFO  | DNAudit | user=null | ip=null | op=WRITE_CHUNK {blockData=conID: 3 locID: 102670696791474666 bcsId: 0} | ret=SUCCESS |  
2019-08-24 07:08:25,268 | INFO  | DNAudit | user=null | ip=null | op=WRITE_CHUNK {blockData=conID: 3 locID: 102670696791474666 bcsId: 0} | ret=SUCCESS |  
2019-08-24 07:08:25,268 | INFO  | DNAudit | user=null | ip=null | op=PUT_BLOCK {blockData=[blockId=conID: 3 locID: 102670696791474666 bcsId: 0,size=1048576]} | ret=SUCCESS |  
2019-08-24 07:08:25,269 [grpc-default-executor-0] INFO  client.GrpcClientProtocolClient (GrpcClientProtocolClient.java:onNext(255)) - client-6EDD19400D46->06a4573b-67a1-41e3-a350-f896363bc636: receive RaftClientReply:client-6EDD19400D46->06a4573b-67a1-41e3-a350-f896363bc636@group-757E3781CD2A, cid=1469, SUCCESS, logIndex=2077, commits[06a4573b-67a1-41e3-a350-f896363bc636:c2078, 0b725bbf-683b-4664-9a2e-3c9dd6e38bc1:c2076, 9193e3b7-ae04-484d-a740-c65c11559486:c2076]
2019-08-24 07:08:25,269 [grpc-default-executor-0] INFO  client.GrpcClientProtocolClient (GrpcClientProtocolClient.java:onNext(255)) - client-6EDD19400D46->06a4573b-67a1-41e3-a350-f896363bc636: receive RaftClientReply:client-6EDD19400D46->06a4573b-67a1-41e3-a350-f896363bc636@group-757E3781CD2A, cid=1470, SUCCESS, logIndex=2078, commits[06a4573b-67a1-41e3-a350-f896363bc636:c2078, 0b725bbf-683b-4664-9a2e-3c9dd6e38bc1:c2076, 9193e3b7-ae04-484d-a740-c65c11559486:c2076]
2019-08-24 07:08:25,278 | INFO  | DNAudit | user=null | ip=null | op=WRITE_CHUNK {blockData=conID: 3 locID: 102670696791474666 bcsId: 0} | ret=SUCCESS |  
2019-08-24 07:08:25,278 | INFO  | DNAudit | user=null | ip=null | op=PUT_BLOCK {blockData=[blockId=conID: 3 locID: 102670696791474666 bcsId: 0,size=2097152]} | ret=SUCCESS |  
2019-08-24 07:08:25,278 [grpc-default-executor-0] INFO  client.GrpcClientProtocolClient (GrpcClientProtocolClient.java:onNext(255)) - client-6EDD19400D46->06a4573b-67a1-41e3-a350-f896363bc636: receive RaftClientReply:client-6EDD19400D46->06a4573b-67a1-41e3-a350-f896363bc636@group-757E3781CD2A, cid=1471, SUCCESS, logIndex=2079, commits[06a4573b-67a1-41e3-a350-f896363bc636:c2080, 0b725bbf-683b-4664-9a2e-3c9dd6e38bc1:c2076, 9193e3b7-ae04-484d-a740-c65c11559486:c2076]
2019-08-24 07:08:25,279 [grpc-default-executor-0] INFO  client.GrpcClientProtocolClient (GrpcClientProtocolClient.java:onNext(255)) - client-6EDD19400D46->06a4573b-67a1-41e3-a350-f896363bc636: receive RaftClientReply:client-6EDD19400D46->06a4573b-67a1-41e3-a350-f896363bc636@group-757E3781CD2A, cid=1472, SUCCESS, logIndex=2080, commits[06a4573b-67a1-41e3-a350-f896363bc636:c2080, 0b725bbf-683b-4664-9a2e-3c9dd6e38bc1:c2076, 9193e3b7-ae04-484d-a740-c65c11559486:c2076]
2019-08-24 07:08:25,280 | INFO  | DNAudit | user=null | ip=null | op=WRITE_CHUNK {blockData=conID: 3 locID: 102670696791474666 bcsId: 0} | ret=SUCCESS |  
2019-08-24 07:08:25,280 | INFO  | DNAudit | user=null | ip=null | op=WRITE_CHUNK {blockData=conID: 3 locID: 102670696791474666 bcsId: 0} | ret=SUCCESS |  
2019-08-24 07:08:25,292 | INFO  | DNAudit | user=null | ip=null | op=PUT_BLOCK {blockData=[blockId=conID: 3 locID: 102670696791474666 bcsId: 0,size=1048576]} | ret=SUCCESS |  
2019-08-24 07:08:25,292 | INFO  | DNAudit | user=null | ip=null | op=PUT_BLOCK {blockData=[blockId=conID: 3 locID: 102670696791474666 bcsId: 0,size=1048576]} | ret=SUCCESS |  
2019-08-24 07:08:25,293 [grpc-default-executor-5] INFO  client.GrpcClientProtocolClient (GrpcClientProtocolClient.java:onNext(255)) - client-6EDD19400D46->06a4573b-67a1-41e3-a350-f896363bc636: receive RaftClientReply:client-6EDD19400D46->06a4573b-67a1-41e3-a350-f896363bc636@group-757E3781CD2A, cid=1473, SUCCESS, logIndex=0, commits[06a4573b-67a1-41e3-a350-f896363bc636:c2083, 0b725bbf-683b-4664-9a2e-3c9dd6e38bc1:c2078, 9193e3b7-ae04-484d-a740-c65c11559486:c2078]
2019-08-24 07:08:25,300 | INFO  | DNAudit | user=null | ip=null | op=WRITE_CHUNK {blockData=conID: 3 locID: 102670696791474666 bcsId: 2080} | ret=SUCCESS |  
2019-08-24 07:08:25,303 | INFO  | DNAudit | user=null | ip=null | op=WRITE_CHUNK {blockData=conID: 3 locID: 102670696791474666 bcsId: 2080} | ret=SUCCESS |  
2019-08-24 07:08:25,303 | INFO  | DNAudit | user=null | ip=null | op=WRITE_CHUNK {blockData=conID: 3 locID: 102670696791474666 bcsId: 2080} | ret=SUCCESS |  
2019-08-24 07:08:25,316 | INFO  | DNAudit | user=null | ip=null | op=WRITE_CHUNK {blockData=conID: 3 locID: 102670696791474666 bcsId: 0} | ret=SUCCESS |  
2019-08-24 07:08:25,316 | INFO  | DNAudit | user=null | ip=null | op=WRITE_CHUNK {blockData=conID: 3 locID: 102670696791474666 bcsId: 0} | ret=SUCCESS |  
2019-08-24 07:08:25,316 | INFO  | DNAudit | user=null | ip=null | op=WRITE_CHUNK {blockData=conID: 3 locID: 102670696791474666 bcsId: 2080} | ret=SUCCESS |  
2019-08-24 07:08:25,316 | INFO  | DNAudit | user=null | ip=null | op=PUT_BLOCK {blockData=[blockId=conID: 3 locID: 102670696791474666 bcsId: 0,size=2097152]} | ret=SUCCESS |  
2019-08-24 07:08:25,316 | INFO  | DNAudit | user=null | ip=null | op=PUT_BLOCK {blockData=[blockId=conID: 3 locID: 102670696791474666 bcsId: 0,size=2097152]} | ret=SUCCESS |  
2019-08-24 07:08:25,317 | INFO  | DNAudit | user=null | ip=null | op=PUT_BLOCK {blockData=[blockId=conID: 3 locID: 102670696791474666 bcsId: 0,size=3145728]} | ret=SUCCESS |  
2019-08-24 07:08:25,317 [grpc-default-executor-1] INFO  client.GrpcClientProtocolClient (GrpcClientProtocolClient.java:onNext(255)) - client-6EDD19400D46->06a4573b-67a1-41e3-a350-f896363bc636: receive RaftClientReply:client-6EDD19400D46->06a4573b-67a1-41e3-a350-f896363bc636@group-757E3781CD2A, cid=1474, SUCCESS, logIndex=2085, commits[06a4573b-67a1-41e3-a350-f896363bc636:c2086, 0b725bbf-683b-4664-9a2e-3c9dd6e38bc1:c2084, 9193e3b7-ae04-484d-a740-c65c11559486:c2084]
2019-08-24 07:08:25,317 [grpc-default-executor-1] INFO  client.GrpcClientProtocolClient (GrpcClientProtocolClient.java:onNext(255)) - client-6EDD19400D46->06a4573b-67a1-41e3-a350-f896363bc636: receive RaftClientReply:client-6EDD19400D46->06a4573b-67a1-41e3-a350-f896363bc636@group-757E3781CD2A, cid=1475, SUCCESS, logIndex=2086, commits[06a4573b-67a1-41e3-a350-f896363bc636:c2086, 0b725bbf-683b-4664-9a2e-3c9dd6e38bc1:c2084, 9193e3b7-ae04-484d-a740-c65c11559486:c2084]
2019-08-24 07:08:25,324 | INFO  | DNAudit | user=null | ip=null | op=WRITE_CHUNK {blockData=conID: 3 locID: 102670696791474666 bcsId: 2086} | ret=SUCCESS |  
2019-08-24 07:08:25,327 | INFO  | DNAudit | user=null | ip=null | op=WRITE_CHUNK {blockData=conID: 3 locID: 102670696791474666 bcsId: 2086} | ret=SUCCESS |  
2019-08-24 07:08:25,327 | INFO  | DNAudit | user=null | ip=null | op=WRITE_CHUNK {blockData=conID: 3 locID: 102670696791474666 bcsId: 2086} | ret=SUCCESS |  
2019-08-24 07:08:25,328 | INFO  | DNAudit | user=null | ip=null | op=WRITE_CHUNK {blockData=conID: 3 locID: 102670696791474666 bcsId: 2080} | ret=SUCCESS |  
2019-08-24 07:08:25,328 | INFO  | DNAudit | user=null | ip=null | op=WRITE_CHUNK {blockData=conID: 3 locID: 102670696791474666 bcsId: 2080} | ret=SUCCESS |  
2019-08-24 07:08:25,330 | INFO  | DNAudit | user=null | ip=null | op=PUT_BLOCK {blockData=[blockId=conID: 3 locID: 102670696791474666 bcsId: 0,size=3145728]} | ret=SUCCESS |  
2019-08-24 07:08:25,330 | INFO  | DNAudit | user=null | ip=null | op=PUT_BLOCK {blockData=[blockId=conID: 3 locID: 102670696791474666 bcsId: 0,size=3145728]} | ret=SUCCESS |  
2019-08-24 07:08:25,330 | INFO  | DNAudit | user=null | ip=null | op=WRITE_CHUNK {blockData=conID: 3 locID: 102670696791474666 bcsId: 2086} | ret=SUCCESS |  
2019-08-24 07:08:25,331 | INFO  | DNAudit | user=null | ip=null | op=PUT_BLOCK {blockData=[blockId=conID: 3 locID: 102670696791474666 bcsId: 0,size=4194304]} | ret=SUCCESS |  
2019-08-24 07:08:25,331 [grpc-default-executor-1] INFO  client.GrpcClientProtocolClient (GrpcClientProtocolClient.java:onNext(255)) - client-6EDD19400D46->06a4573b-67a1-41e3-a350-f896363bc636: receive RaftClientReply:client-6EDD19400D46->06a4573b-67a1-41e3-a350-f896363bc636@group-757E3781CD2A, cid=1476, SUCCESS, logIndex=2089, commits[06a4573b-67a1-41e3-a350-f896363bc636:c2089, 0b725bbf-683b-4664-9a2e-3c9dd6e38bc1:c2086, 9193e3b7-ae04-484d-a740-c65c11559486:c2086]
2019-08-24 07:08:25,331 [grpc-default-executor-1] INFO  client.GrpcClientProtocolClient (GrpcClientProtocolClient.java:onNext(255)) - client-6EDD19400D46->06a4573b-67a1-41e3-a350-f896363bc636: receive RaftClientReply:client-6EDD19400D46->06a4573b-67a1-41e3-a350-f896363bc636@group-757E3781CD2A, cid=1477, SUCCESS, logIndex=2090, commits[06a4573b-67a1-41e3-a350-f896363bc636:c2090, 0b725bbf-683b-4664-9a2e-3c9dd6e38bc1:c2086, 9193e3b7-ae04-484d-a740-c65c11559486:c2086]
2019-08-24 07:08:25,342 | INFO  | DNAudit | user=null | ip=null | op=WRITE_CHUNK {blockData=conID: 3 locID: 102670696791474666 bcsId: 2086} | ret=SUCCESS |  
2019-08-24 07:08:25,342 | INFO  | DNAudit | user=null | ip=null | op=WRITE_CHUNK {blockData=conID: 3 locID: 102670696791474666 bcsId: 2086} | ret=SUCCESS |  
2019-08-24 07:08:25,343 | INFO  | DNAudit | user=null | ip=null | op=PUT_BLOCK {blockData=[blockId=conID: 3 locID: 102670696791474666 bcsId: 0,size=4194304]} | ret=SUCCESS |  
2019-08-24 07:08:25,343 | INFO  | DNAudit | user=null | ip=null | op=PUT_BLOCK {blockData=[blockId=conID: 3 locID: 102670696791474666 bcsId: 0,size=4194304]} | ret=SUCCESS |  
2019-08-24 07:08:25,344 [grpc-default-executor-1] INFO  client.GrpcClientProtocolClient (GrpcClientProtocolClient.java:onNext(255)) - client-6EDD19400D46->06a4573b-67a1-41e3-a350-f896363bc636: receive RaftClientReply:client-6EDD19400D46->06a4573b-67a1-41e3-a350-f896363bc636@group-757E3781CD2A, cid=1478, SUCCESS, logIndex=0, commits[06a4573b-67a1-41e3-a350-f896363bc636:c2092, 0b725bbf-683b-4664-9a2e-3c9dd6e38bc1:c2090, 9193e3b7-ae04-484d-a740-c65c11559486:c2090]
2019-08-24 07:08:25,348 | INFO  | SCMAudit | user=jenkins1000 | ip=192.168.69.125 | op=ALLOCATE_BLOCK {owner=61bacca8-15b6-4a50-8962-5e9786b18b0d, size=4194304, type=RATIS, factor=THREE} | ret=SUCCESS |  
2019-08-24 07:08:25,351 | INFO  | OMAudit | user=jenkins1000 | ip=127.0.0.1 | op=ALLOCATE_BLOCK {volume=vol-0-26988, bucket=bucket-0-20739, key=key-0-27353, dataSize=0, replicationType=null, replicationFactor=null, keyLocationInfo=null, clientID=102670695851229586} | ret=SUCCESS |  
2019-08-24 07:08:25,358 | INFO  | DNAudit | user=null | ip=null | op=WRITE_CHUNK {blockData=conID: 1 locID: 102670696798487019 bcsId: 0} | ret=SUCCESS |  
2019-08-24 07:08:25,360 | INFO  | DNAudit | user=null | ip=null | op=WRITE_CHUNK {blockData=conID: 1 locID: 102670696798487019 bcsId: 0} | ret=SUCCESS |  
2019-08-24 07:08:25,361 | INFO  | DNAudit | user=null | ip=null | op=WRITE_CHUNK {blockData=conID: 1 locID: 102670696798487019 bcsId: 0} | ret=SUCCESS |  
2019-08-24 07:08:25,361 | INFO  | DNAudit | user=null | ip=null | op=WRITE_CHUNK {blockData=conID: 1 locID: 102670696798487019 bcsId: 0} | ret=SUCCESS |  
2019-08-24 07:08:25,362 | INFO  | DNAudit | user=null | ip=null | op=WRITE_CHUNK {blockData=conID: 1 locID: 102670696798487019 bcsId: 0} | ret=SUCCESS |  
2019-08-24 07:08:25,363 | INFO  | DNAudit | user=null | ip=null | op=WRITE_CHUNK {blockData=conID: 1 locID: 102670696798487019 bcsId: 0} | ret=SUCCESS |  
2019-08-24 07:08:25,373 | INFO  | DNAudit | user=null | ip=null | op=WRITE_CHUNK {blockData=conID: 1 locID: 102670696798487019 bcsId: 0} | ret=SUCCESS |  
2019-08-24 07:08:25,373 | INFO  | DNAudit | user=null | ip=null | op=PUT_BLOCK {blockData=[blockId=conID: 1 locID: 102670696798487019 bcsId: 0,size=1048576]} | ret=SUCCESS |  
2019-08-24 07:08:25,373 [grpc-default-executor-5] INFO  client.GrpcClientProtocolClient (GrpcClientProtocolClient.java:onNext(255)) - client-6EDD19400D46->06a4573b-67a1-41e3-a350-f896363bc636: receive RaftClientReply:client-6EDD19400D46->06a4573b-67a1-41e3-a350-f896363bc636@group-757E3781CD2A, cid=1479, SUCCESS, logIndex=2093, commits[06a4573b-67a1-41e3-a350-f896363bc636:c2096, 0b725bbf-683b-4664-9a2e-3c9dd6e38bc1:c2092, 9193e3b7-ae04-484d-a740-c65c11559486:c2092]
2019-08-24 07:08:25,373 | INFO  | DNAudit | user=null | ip=null | op=WRITE_CHUNK {blockData=conID: 1 locID: 102670696798487019 bcsId: 0} | ret=SUCCESS |  
2019-08-24 07:08:25,374 [grpc-default-executor-5] INFO  client.GrpcClientProtocolClient (GrpcClientProtocolClient.java:onNext(255)) - client-6EDD19400D46->06a4573b-67a1-41e3-a350-f896363bc636: receive RaftClientReply:client-6EDD19400D46->06a4573b-67a1-41e3-a350-f896363bc636@group-757E3781CD2A, cid=1480, SUCCESS, logIndex=2094, commits[06a4573b-67a1-41e3-a350-f896363bc636:c2096, 0b725bbf-683b-4664-9a2e-3c9dd6e38bc1:c2092, 9193e3b7-ae04-484d-a740-c65c11559486:c2092]
2019-08-24 07:08:25,374 | INFO  | DNAudit | user=null | ip=null | op=PUT_BLOCK {blockData=[blockId=conID: 1 locID: 102670696798487019 bcsId: 0,size=2097152]} | ret=SUCCESS |  
2019-08-24 07:08:25,374 [grpc-default-executor-5] INFO  client.GrpcClientProtocolClient (GrpcClientProtocolClient.java:onNext(255)) - client-6EDD19400D46->06a4573b-67a1-41e3-a350-f896363bc636: receive RaftClientReply:client-6EDD19400D46->06a4573b-67a1-41e3-a350-f896363bc636@group-757E3781CD2A, cid=1481, SUCCESS, logIndex=2095, commits[06a4573b-67a1-41e3-a350-f896363bc636:c2096, 0b725bbf-683b-4664-9a2e-3c9dd6e38bc1:c2092, 9193e3b7-ae04-484d-a740-c65c11559486:c2092]
2019-08-24 07:08:25,374 [grpc-default-executor-5] INFO  client.GrpcClientProtocolClient (GrpcClientProtocolClient.java:onNext(255)) - client-6EDD19400D46->06a4573b-67a1-41e3-a350-f896363bc636: receive RaftClientReply:client-6EDD19400D46->06a4573b-67a1-41e3-a350-f896363bc636@group-757E3781CD2A, cid=1482, SUCCESS, logIndex=2096, commits[06a4573b-67a1-41e3-a350-f896363bc636:c2096, 0b725bbf-683b-4664-9a2e-3c9dd6e38bc1:c2092, 9193e3b7-ae04-484d-a740-c65c11559486:c2092]
2019-08-24 07:08:25,384 | INFO  | DNAudit | user=null | ip=null | op=WRITE_CHUNK {blockData=conID: 1 locID: 102670696798487019 bcsId: 0} | ret=SUCCESS |  
2019-08-24 07:08:25,386 | INFO  | DNAudit | user=null | ip=null | op=WRITE_CHUNK {blockData=conID: 1 locID: 102670696798487019 bcsId: 0} | ret=SUCCESS |  
2019-08-24 07:08:25,387 | INFO  | DNAudit | user=null | ip=null | op=PUT_BLOCK {blockData=[blockId=conID: 1 locID: 102670696798487019 bcsId: 0,size=1048576]} | ret=SUCCESS |  
2019-08-24 07:08:25,387 | INFO  | DNAudit | user=null | ip=null | op=WRITE_CHUNK {blockData=conID: 1 locID: 102670696798487019 bcsId: 0} | ret=SUCCESS |  
2019-08-24 07:08:25,387 | INFO  | DNAudit | user=null | ip=null | op=PUT_BLOCK {blockData=[blockId=conID: 1 locID: 102670696798487019 bcsId: 0,size=2097152]} | ret=SUCCESS |  
2019-08-24 07:08:25,397 | INFO  | DNAudit | user=null | ip=null | op=PUT_BLOCK {blockData=[blockId=conID: 1 locID: 102670696798487019 bcsId: 0,size=1048576]} | ret=SUCCESS |  
2019-08-24 07:08:25,398 | INFO  | DNAudit | user=null | ip=null | op=WRITE_CHUNK {blockData=conID: 1 locID: 102670696798487019 bcsId: 0} | ret=SUCCESS |  
2019-08-24 07:08:25,398 | INFO  | DNAudit | user=null | ip=null | op=PUT_BLOCK {blockData=[blockId=conID: 1 locID: 102670696798487019 bcsId: 0,size=2097152]} | ret=SUCCESS |  
2019-08-24 07:08:25,398 [grpc-default-executor-5] INFO  client.GrpcClientProtocolClient (GrpcClientProtocolClient.java:onNext(255)) - client-6EDD19400D46->06a4573b-67a1-41e3-a350-f896363bc636: receive RaftClientReply:client-6EDD19400D46->06a4573b-67a1-41e3-a350-f896363bc636@group-757E3781CD2A, cid=1483, SUCCESS, logIndex=0, commits[06a4573b-67a1-41e3-a350-f896363bc636:c2100, 0b725bbf-683b-4664-9a2e-3c9dd6e38bc1:c2096, 9193e3b7-ae04-484d-a740-c65c11559486:c2094]
2019-08-24 07:08:25,404 | INFO  | DNAudit | user=null | ip=null | op=WRITE_CHUNK {blockData=conID: 1 locID: 102670696798487019 bcsId: 2096} | ret=SUCCESS |  
2019-08-24 07:08:25,409 | INFO  | DNAudit | user=null | ip=null | op=WRITE_CHUNK {blockData=conID: 1 locID: 102670696798487019 bcsId: 2096} | ret=SUCCESS |  
2019-08-24 07:08:25,410 | INFO  | DNAudit | user=null | ip=null | op=WRITE_CHUNK {blockData=conID: 1 locID: 102670696798487019 bcsId: 2096} | ret=SUCCESS |  
2019-08-24 07:08:25,417 | INFO  | DNAudit | user=null | ip=null | op=WRITE_CHUNK {blockData=conID: 1 locID: 102670696798487019 bcsId: 2096} | ret=SUCCESS |  
2019-08-24 07:08:25,417 | INFO  | DNAudit | user=null | ip=null | op=PUT_BLOCK {blockData=[blockId=conID: 1 locID: 102670696798487019 bcsId: 0,size=3145728]} | ret=SUCCESS |  
2019-08-24 07:08:25,418 [grpc-default-executor-1] INFO  client.GrpcClientProtocolClient (GrpcClientProtocolClient.java:onNext(255)) - client-6EDD19400D46->06a4573b-67a1-41e3-a350-f896363bc636: receive RaftClientReply:client-6EDD19400D46->06a4573b-67a1-41e3-a350-f896363bc636@group-757E3781CD2A, cid=1484, SUCCESS, logIndex=2101, commits[06a4573b-67a1-41e3-a350-f896363bc636:c2102, 0b725bbf-683b-4664-9a2e-3c9dd6e38bc1:c2100, 9193e3b7-ae04-484d-a740-c65c11559486:c2100]
2019-08-24 07:08:25,418 [grpc-default-executor-1] INFO  client.GrpcClientProtocolClient (GrpcClientProtocolClient.java:onNext(255)) - client-6EDD19400D46->06a4573b-67a1-41e3-a350-f896363bc636: receive RaftClientReply:client-6EDD19400D46->06a4573b-67a1-41e3-a350-f896363bc636@group-757E3781CD2A, cid=1485, SUCCESS, logIndex=2102, commits[06a4573b-67a1-41e3-a350-f896363bc636:c2102, 0b725bbf-683b-4664-9a2e-3c9dd6e38bc1:c2100, 9193e3b7-ae04-484d-a740-c65c11559486:c2100]
2019-08-24 07:08:25,424 | INFO  | DNAudit | user=null | ip=null | op=WRITE_CHUNK {blockData=conID: 1 locID: 102670696798487019 bcsId: 2102} | ret=SUCCESS |  
2019-08-24 07:08:25,427 | INFO  | DNAudit | user=null | ip=null | op=WRITE_CHUNK {blockData=conID: 1 locID: 102670696798487019 bcsId: 2102} | ret=SUCCESS |  
2019-08-24 07:08:25,428 | INFO  | DNAudit | user=null | ip=null | op=WRITE_CHUNK {blockData=conID: 1 locID: 102670696798487019 bcsId: 2102} | ret=SUCCESS |  
2019-08-24 07:08:25,428 | INFO  | SCMAudit | user=jenkins1000 | ip=192.168.69.125 | op=SEND_HEARTBEAT {datanodeUUID=25ce0803-6f34-4c69-82c0-892f08679042, command=[]} | ret=SUCCESS |  
2019-08-24 07:08:25,428 | INFO  | SCMAudit | user=jenkins1000 | ip=192.168.69.125 | op=SEND_HEARTBEAT {datanodeUUID=0b725bbf-683b-4664-9a2e-3c9dd6e38bc1, command=[]} | ret=SUCCESS |  
2019-08-24 07:08:25,428 | INFO  | DNAudit | user=null | ip=null | op=WRITE_CHUNK {blockData=conID: 1 locID: 102670696798487019 bcsId: 2096} | ret=SUCCESS |  
2019-08-24 07:08:25,428 | INFO  | DNAudit | user=null | ip=null | op=WRITE_CHUNK {blockData=conID: 1 locID: 102670696798487019 bcsId: 2096} | ret=SUCCESS |  
2019-08-24 07:08:25,429 | INFO  | SCMAudit | user=jenkins1000 | ip=192.168.69.125 | op=SEND_HEARTBEAT {datanodeUUID=06a4573b-67a1-41e3-a350-f896363bc636, command=[]} | ret=SUCCESS |  
2019-08-24 07:08:25,429 | INFO  | SCMAudit | user=jenkins1000 | ip=192.168.69.125 | op=SEND_HEARTBEAT {datanodeUUID=9193e3b7-ae04-484d-a740-c65c11559486, command=[]} | ret=SUCCESS |  
2019-08-24 07:08:25,438 | INFO  | DNAudit | user=null | ip=null | op=PUT_BLOCK {blockData=[blockId=conID: 1 locID: 102670696798487019 bcsId: 0,size=3145728]} | ret=SUCCESS |  
2019-08-24 07:08:25,438 | INFO  | DNAudit | user=null | ip=null | op=PUT_BLOCK {blockData=[blockId=conID: 1 locID: 102670696798487019 bcsId: 0,size=3145728]} | ret=SUCCESS |  
2019-08-24 07:08:25,439 | INFO  | DNAudit | user=null | ip=null | op=WRITE_CHUNK {blockData=conID: 1 locID: 102670696798487019 bcsId: 2102} | ret=SUCCESS |  
2019-08-24 07:08:25,439 | INFO  | DNAudit | user=null | ip=null | op=PUT_BLOCK {blockData=[blockId=conID: 1 locID: 102670696798487019 bcsId: 0,size=4194304]} | ret=SUCCESS |  
2019-08-24 07:08:25,440 [grpc-default-executor-1] INFO  client.GrpcClientProtocolClient (GrpcClientProtocolClient.java:onNext(255)) - client-6EDD19400D46->06a4573b-67a1-41e3-a350-f896363bc636: receive RaftClientReply:client-6EDD19400D46->06a4573b-67a1-41e3-a350-f896363bc636@group-757E3781CD2A, cid=1486, SUCCESS, logIndex=2105, commits[06a4573b-67a1-41e3-a350-f896363bc636:c2106, 0b725bbf-683b-4664-9a2e-3c9dd6e38bc1:c2102, 9193e3b7-ae04-484d-a740-c65c11559486:c2102]
2019-08-24 07:08:25,440 [grpc-default-executor-1] INFO  client.GrpcClientProtocolClient (GrpcClientProtocolClient.java:onNext(255)) - client-6EDD19400D46->06a4573b-67a1-41e3-a350-f896363bc636: receive RaftClientReply:client-6EDD19400D46->06a4573b-67a1-41e3-a350-f896363bc636@group-757E3781CD2A, cid=1487, SUCCESS, logIndex=2106, commits[06a4573b-67a1-41e3-a350-f896363bc636:c2106, 0b725bbf-683b-4664-9a2e-3c9dd6e38bc1:c2102, 9193e3b7-ae04-484d-a740-c65c11559486:c2102]
2019-08-24 07:08:25,451 | INFO  | DNAudit | user=null | ip=null | op=WRITE_CHUNK {blockData=conID: 1 locID: 102670696798487019 bcsId: 2102} | ret=SUCCESS |  
2019-08-24 07:08:25,451 | INFO  | DNAudit | user=null | ip=null | op=WRITE_CHUNK {blockData=conID: 1 locID: 102670696798487019 bcsId: 2102} | ret=SUCCESS |  
2019-08-24 07:08:25,452 | INFO  | DNAudit | user=null | ip=null | op=PUT_BLOCK {blockData=[blockId=conID: 1 locID: 102670696798487019 bcsId: 0,size=4194304]} | ret=SUCCESS |  
2019-08-24 07:08:25,453 | INFO  | DNAudit | user=null | ip=null | op=PUT_BLOCK {blockData=[blockId=conID: 1 locID: 102670696798487019 bcsId: 0,size=4194304]} | ret=SUCCESS |  
2019-08-24 07:08:25,453 [grpc-default-executor-1] INFO  client.GrpcClientProtocolClient (GrpcClientProtocolClient.java:onNext(255)) - client-6EDD19400D46->06a4573b-67a1-41e3-a350-f896363bc636: receive RaftClientReply:client-6EDD19400D46->06a4573b-67a1-41e3-a350-f896363bc636@group-757E3781CD2A, cid=1488, SUCCESS, logIndex=0, commits[06a4573b-67a1-41e3-a350-f896363bc636:c2108, 0b725bbf-683b-4664-9a2e-3c9dd6e38bc1:c2106, 9193e3b7-ae04-484d-a740-c65c11559486:c2106]
2019-08-24 07:08:25,457 | INFO  | SCMAudit | user=jenkins1000 | ip=192.168.69.125 | op=ALLOCATE_BLOCK {owner=61bacca8-15b6-4a50-8962-5e9786b18b0d, size=4194304, type=RATIS, factor=THREE} | ret=SUCCESS |  
2019-08-24 07:08:25,460 | INFO  | OMAudit | user=jenkins1000 | ip=127.0.0.1 | op=ALLOCATE_BLOCK {volume=vol-0-26988, bucket=bucket-0-20739, key=key-0-27353, dataSize=0, replicationType=null, replicationFactor=null, keyLocationInfo=null, clientID=102670695851229586} | ret=SUCCESS |  
2019-08-24 07:08:25,467 | INFO  | DNAudit | user=null | ip=null | op=WRITE_CHUNK {blockData=conID: 2 locID: 102670696805630444 bcsId: 0} | ret=SUCCESS |  
2019-08-24 07:08:25,470 | INFO  | DNAudit | user=null | ip=null | op=WRITE_CHUNK {blockData=conID: 2 locID: 102670696805630444 bcsId: 0} | ret=SUCCESS |  
2019-08-24 07:08:25,470 | INFO  | DNAudit | user=null | ip=null | op=WRITE_CHUNK {blockData=conID: 2 locID: 102670696805630444 bcsId: 0} | ret=SUCCESS |  
2019-08-24 07:08:25,470 | INFO  | DNAudit | user=null | ip=null | op=WRITE_CHUNK {blockData=conID: 2 locID: 102670696805630444 bcsId: 0} | ret=SUCCESS |  
2019-08-24 07:08:25,473 | INFO  | DNAudit | user=null | ip=null | op=WRITE_CHUNK {blockData=conID: 2 locID: 102670696805630444 bcsId: 0} | ret=SUCCESS |  
2019-08-24 07:08:25,474 | INFO  | DNAudit | user=null | ip=null | op=WRITE_CHUNK {blockData=conID: 2 locID: 102670696805630444 bcsId: 0} | ret=SUCCESS |  
2019-08-24 07:08:25,480 | INFO  | DNAudit | user=null | ip=null | op=WRITE_CHUNK {blockData=conID: 2 locID: 102670696805630444 bcsId: 0} | ret=SUCCESS |  
2019-08-24 07:08:25,481 | INFO  | DNAudit | user=null | ip=null | op=PUT_BLOCK {blockData=[blockId=conID: 2 locID: 102670696805630444 bcsId: 0,size=1048576]} | ret=SUCCESS |  
2019-08-24 07:08:25,481 [grpc-default-executor-0] INFO  client.GrpcClientProtocolClient (GrpcClientProtocolClient.java:onNext(255)) - client-6EDD19400D46->06a4573b-67a1-41e3-a350-f896363bc636: receive RaftClientReply:client-6EDD19400D46->06a4573b-67a1-41e3-a350-f896363bc636@group-757E3781CD2A, cid=1489, SUCCESS, logIndex=2109, commits[06a4573b-67a1-41e3-a350-f896363bc636:c2110, 0b725bbf-683b-4664-9a2e-3c9dd6e38bc1:c2108, 9193e3b7-ae04-484d-a740-c65c11559486:c2108]
2019-08-24 07:08:25,481 | INFO  | DNAudit | user=null | ip=null | op=WRITE_CHUNK {blockData=conID: 2 locID: 102670696805630444 bcsId: 0} | ret=SUCCESS |  
2019-08-24 07:08:25,481 [grpc-default-executor-2] INFO  client.GrpcClientProtocolClient (GrpcClientProtocolClient.java:onNext(255)) - client-6EDD19400D46->06a4573b-67a1-41e3-a350-f896363bc636: receive RaftClientReply:client-6EDD19400D46->06a4573b-67a1-41e3-a350-f896363bc636@group-757E3781CD2A, cid=1490, SUCCESS, logIndex=2110, commits[06a4573b-67a1-41e3-a350-f896363bc636:c2110, 0b725bbf-683b-4664-9a2e-3c9dd6e38bc1:c2108, 9193e3b7-ae04-484d-a740-c65c11559486:c2108]
2019-08-24 07:08:25,482 | INFO  | DNAudit | user=null | ip=null | op=PUT_BLOCK {blockData=[blockId=conID: 2 locID: 102670696805630444 bcsId: 0,size=2097152]} | ret=SUCCESS |  
2019-08-24 07:08:25,482 [grpc-default-executor-2] INFO  client.GrpcClientProtocolClient (GrpcClientProtocolClient.java:onNext(255)) - client-6EDD19400D46->06a4573b-67a1-41e3-a350-f896363bc636: receive RaftClientReply:client-6EDD19400D46->06a4573b-67a1-41e3-a350-f896363bc636@group-757E3781CD2A, cid=1491, SUCCESS, logIndex=2111, commits[06a4573b-67a1-41e3-a350-f896363bc636:c2112, 0b725bbf-683b-4664-9a2e-3c9dd6e38bc1:c2108, 9193e3b7-ae04-484d-a740-c65c11559486:c2108]
2019-08-24 07:08:25,598 [grpc-default-executor-0] INFO  client.GrpcClientProtocolClient (GrpcClientProtocolClient.java:onNext(255)) - client-6EDD19400D46->06a4573b-67a1-41e3-a350-f896363bc636: receive RaftClientReply:client-6EDD19400D46->06a4573b-67a1-41e3-a350-f896363bc636@group-757E3781CD2A, cid=1492, SUCCESS, logIndex=2112, commits[06a4573b-67a1-41e3-a350-f896363bc636:c2112, 0b725bbf-683b-4664-9a2e-3c9dd6e38bc1:c2108, 9193e3b7-ae04-484d-a740-c65c11559486:c2108]
2019-08-24 07:08:25,599 | INFO  | DNAudit | user=null | ip=null | op=WRITE_CHUNK {blockData=conID: 2 locID: 102670696805630444 bcsId: 0} | ret=SUCCESS |  
2019-08-24 07:08:25,599 | INFO  | DNAudit | user=null | ip=null | op=WRITE_CHUNK {blockData=conID: 2 locID: 102670696805630444 bcsId: 0} | ret=SUCCESS |  
2019-08-24 07:08:25,600 | INFO  | DNAudit | user=null | ip=null | op=PUT_BLOCK {blockData=[blockId=conID: 2 locID: 102670696805630444 bcsId: 0,size=1048576]} | ret=SUCCESS |  
2019-08-24 07:08:25,600 | INFO  | DNAudit | user=null | ip=null | op=PUT_BLOCK {blockData=[blockId=conID: 2 locID: 102670696805630444 bcsId: 0,size=1048576]} | ret=SUCCESS |  
2019-08-24 07:08:25,600 | INFO  | DNAudit | user=null | ip=null | op=WRITE_CHUNK {blockData=conID: 2 locID: 102670696805630444 bcsId: 0} | ret=SUCCESS |  
2019-08-24 07:08:25,604 | INFO  | DNAudit | user=null | ip=null | op=PUT_BLOCK {blockData=[blockId=conID: 2 locID: 102670696805630444 bcsId: 0,size=2097152]} | ret=SUCCESS |  
2019-08-24 07:08:25,604 [grpc-default-executor-2] INFO  client.GrpcClientProtocolClient (GrpcClientProtocolClient.java:onNext(255)) - client-6EDD19400D46->06a4573b-67a1-41e3-a350-f896363bc636: receive RaftClientReply:client-6EDD19400D46->06a4573b-67a1-41e3-a350-f896363bc636@group-757E3781CD2A, cid=1493, SUCCESS, logIndex=0, commits[06a4573b-67a1-41e3-a350-f896363bc636:c2116, 0b725bbf-683b-4664-9a2e-3c9dd6e38bc1:c2112, 9193e3b7-ae04-484d-a740-c65c11559486:c2110]
2019-08-24 07:08:25,610 | INFO  | DNAudit | user=null | ip=null | op=WRITE_CHUNK {blockData=conID: 2 locID: 102670696805630444 bcsId: 0} | ret=SUCCESS |  
2019-08-24 07:08:25,610 | INFO  | DNAudit | user=null | ip=null | op=PUT_BLOCK {blockData=[blockId=conID: 2 locID: 102670696805630444 bcsId: 0,size=2097152]} | ret=SUCCESS |  
2019-08-24 07:08:25,617 | INFO  | DNAudit | user=null | ip=null | op=WRITE_CHUNK {blockData=conID: 2 locID: 102670696805630444 bcsId: 2112} | ret=SUCCESS |  
2019-08-24 07:08:25,622 | INFO  | DNAudit | user=null | ip=null | op=WRITE_CHUNK {blockData=conID: 2 locID: 102670696805630444 bcsId: 2112} | ret=SUCCESS |  
2019-08-24 07:08:25,622 | INFO  | DNAudit | user=null | ip=null | op=WRITE_CHUNK {blockData=conID: 2 locID: 102670696805630444 bcsId: 2112} | ret=SUCCESS |  
2019-08-24 07:08:25,630 | INFO  | DNAudit | user=null | ip=null | op=WRITE_CHUNK {blockData=conID: 2 locID: 102670696805630444 bcsId: 2112} | ret=SUCCESS |  
2019-08-24 07:08:25,631 | INFO  | DNAudit | user=null | ip=null | op=PUT_BLOCK {blockData=[blockId=conID: 2 locID: 102670696805630444 bcsId: 0,size=3145728]} | ret=SUCCESS |  
2019-08-24 07:08:25,631 [grpc-default-executor-5] INFO  client.GrpcClientProtocolClient (GrpcClientProtocolClient.java:onNext(255)) - client-6EDD19400D46->06a4573b-67a1-41e3-a350-f896363bc636: receive RaftClientReply:client-6EDD19400D46->06a4573b-67a1-41e3-a350-f896363bc636@group-757E3781CD2A, cid=1494, SUCCESS, logIndex=2117, commits[06a4573b-67a1-41e3-a350-f896363bc636:c2118, 0b725bbf-683b-4664-9a2e-3c9dd6e38bc1:c2116, 9193e3b7-ae04-484d-a740-c65c11559486:c2116]
2019-08-24 07:08:25,631 [grpc-default-executor-5] INFO  client.GrpcClientProtocolClient (GrpcClientProtocolClient.java:onNext(255)) - client-6EDD19400D46->06a4573b-67a1-41e3-a350-f896363bc636: receive RaftClientReply:client-6EDD19400D46->06a4573b-67a1-41e3-a350-f896363bc636@group-757E3781CD2A, cid=1495, SUCCESS, logIndex=2118, commits[06a4573b-67a1-41e3-a350-f896363bc636:c2118, 0b725bbf-683b-4664-9a2e-3c9dd6e38bc1:c2116, 9193e3b7-ae04-484d-a740-c65c11559486:c2116]
2019-08-24 07:08:25,642 | INFO  | DNAudit | user=null | ip=null | op=WRITE_CHUNK {blockData=conID: 2 locID: 102670696805630444 bcsId: 2118} | ret=SUCCESS |  
2019-08-24 07:08:25,642 | INFO  | DNAudit | user=null | ip=null | op=WRITE_CHUNK {blockData=conID: 2 locID: 102670696805630444 bcsId: 2112} | ret=SUCCESS |  
2019-08-24 07:08:25,642 | INFO  | DNAudit | user=null | ip=null | op=WRITE_CHUNK {blockData=conID: 2 locID: 102670696805630444 bcsId: 2112} | ret=SUCCESS |  
2019-08-24 07:08:25,644 | INFO  | DNAudit | user=null | ip=null | op=PUT_BLOCK {blockData=[blockId=conID: 2 locID: 102670696805630444 bcsId: 0,size=3145728]} | ret=SUCCESS |  
2019-08-24 07:08:25,645 | INFO  | DNAudit | user=null | ip=null | op=WRITE_CHUNK {blockData=conID: 2 locID: 102670696805630444 bcsId: 2118} | ret=SUCCESS |  
2019-08-24 07:08:25,645 | INFO  | DNAudit | user=null | ip=null | op=WRITE_CHUNK {blockData=conID: 2 locID: 102670696805630444 bcsId: 2118} | ret=SUCCESS |  
2019-08-24 07:08:25,656 | INFO  | DNAudit | user=null | ip=null | op=PUT_BLOCK {blockData=[blockId=conID: 2 locID: 102670696805630444 bcsId: 0,size=3145728]} | ret=SUCCESS |  
2019-08-24 07:08:25,657 | INFO  | DNAudit | user=null | ip=null | op=WRITE_CHUNK {blockData=conID: 2 locID: 102670696805630444 bcsId: 2118} | ret=SUCCESS |  
2019-08-24 07:08:25,657 | INFO  | DNAudit | user=null | ip=null | op=PUT_BLOCK {blockData=[blockId=conID: 2 locID: 102670696805630444 bcsId: 0,size=4194304]} | ret=SUCCESS |  
2019-08-24 07:08:25,657 [grpc-default-executor-2] INFO  client.GrpcClientProtocolClient (GrpcClientProtocolClient.java:onNext(255)) - client-6EDD19400D46->06a4573b-67a1-41e3-a350-f896363bc636: receive RaftClientReply:client-6EDD19400D46->06a4573b-67a1-41e3-a350-f896363bc636@group-757E3781CD2A, cid=1496, SUCCESS, logIndex=2121, commits[06a4573b-67a1-41e3-a350-f896363bc636:c2122, 0b725bbf-683b-4664-9a2e-3c9dd6e38bc1:c2118, 9193e3b7-ae04-484d-a740-c65c11559486:c2118]
2019-08-24 07:08:25,658 [grpc-default-executor-2] INFO  client.GrpcClientProtocolClient (GrpcClientProtocolClient.java:onNext(255)) - client-6EDD19400D46->06a4573b-67a1-41e3-a350-f896363bc636: receive RaftClientReply:client-6EDD19400D46->06a4573b-67a1-41e3-a350-f896363bc636@group-757E3781CD2A, cid=1497, SUCCESS, logIndex=2122, commits[06a4573b-67a1-41e3-a350-f896363bc636:c2122, 0b725bbf-683b-4664-9a2e-3c9dd6e38bc1:c2118, 9193e3b7-ae04-484d-a740-c65c11559486:c2118]
2019-08-24 07:08:25,661 | INFO  | DNAudit | user=null | ip=null | op=WRITE_CHUNK {blockData=conID: 2 locID: 102670696805630444 bcsId: 2118} | ret=SUCCESS |  
2019-08-24 07:08:25,661 | INFO  | DNAudit | user=null | ip=null | op=WRITE_CHUNK {blockData=conID: 2 locID: 102670696805630444 bcsId: 2118} | ret=SUCCESS |  
2019-08-24 07:08:25,661 | INFO  | DNAudit | user=null | ip=null | op=PUT_BLOCK {blockData=[blockId=conID: 2 locID: 102670696805630444 bcsId: 0,size=4194304]} | ret=SUCCESS |  
2019-08-24 07:08:25,661 | INFO  | DNAudit | user=null | ip=null | op=PUT_BLOCK {blockData=[blockId=conID: 2 locID: 102670696805630444 bcsId: 0,size=4194304]} | ret=SUCCESS |  
2019-08-24 07:08:25,661 [grpc-default-executor-2] INFO  client.GrpcClientProtocolClient (GrpcClientProtocolClient.java:onNext(255)) - client-6EDD19400D46->06a4573b-67a1-41e3-a350-f896363bc636: receive RaftClientReply:client-6EDD19400D46->06a4573b-67a1-41e3-a350-f896363bc636@group-757E3781CD2A, cid=1498, SUCCESS, logIndex=0, commits[06a4573b-67a1-41e3-a350-f896363bc636:c2123, 0b725bbf-683b-4664-9a2e-3c9dd6e38bc1:c2122, 9193e3b7-ae04-484d-a740-c65c11559486:c2122]
2019-08-24 07:08:25,667 | INFO  | SCMAudit | user=jenkins1000 | ip=192.168.69.125 | op=ALLOCATE_BLOCK {owner=61bacca8-15b6-4a50-8962-5e9786b18b0d, size=4194304, type=RATIS, factor=THREE} | ret=SUCCESS |  
2019-08-24 07:08:25,670 | INFO  | OMAudit | user=jenkins1000 | ip=127.0.0.1 | op=ALLOCATE_BLOCK {volume=vol-0-26988, bucket=bucket-0-20739, key=key-0-27353, dataSize=0, replicationType=null, replicationFactor=null, keyLocationInfo=null, clientID=102670695851229586} | ret=SUCCESS |  
2019-08-24 07:08:25,679 | INFO  | DNAudit | user=null | ip=null | op=WRITE_CHUNK {blockData=conID: 3 locID: 102670696819393005 bcsId: 0} | ret=SUCCESS |  
2019-08-24 07:08:25,682 | INFO  | DNAudit | user=null | ip=null | op=WRITE_CHUNK {blockData=conID: 3 locID: 102670696819393005 bcsId: 0} | ret=SUCCESS |  
2019-08-24 07:08:25,683 | INFO  | DNAudit | user=null | ip=null | op=WRITE_CHUNK {blockData=conID: 3 locID: 102670696819393005 bcsId: 0} | ret=SUCCESS |  
2019-08-24 07:08:25,684 | INFO  | DNAudit | user=null | ip=null | op=WRITE_CHUNK {blockData=conID: 3 locID: 102670696819393005 bcsId: 0} | ret=SUCCESS |  
2019-08-24 07:08:25,684 | INFO  | DNAudit | user=null | ip=null | op=WRITE_CHUNK {blockData=conID: 3 locID: 102670696819393005 bcsId: 0} | ret=SUCCESS |  
2019-08-24 07:08:25,684 | INFO  | DNAudit | user=null | ip=null | op=WRITE_CHUNK {blockData=conID: 3 locID: 102670696819393005 bcsId: 0} | ret=SUCCESS |  
2019-08-24 07:08:25,692 | INFO  | DNAudit | user=null | ip=null | op=WRITE_CHUNK {blockData=conID: 3 locID: 102670696819393005 bcsId: 0} | ret=SUCCESS |  
2019-08-24 07:08:25,692 | INFO  | DNAudit | user=null | ip=null | op=PUT_BLOCK {blockData=[blockId=conID: 3 locID: 102670696819393005 bcsId: 0,size=1048576]} | ret=SUCCESS |  
2019-08-24 07:08:25,693 | INFO  | DNAudit | user=null | ip=null | op=WRITE_CHUNK {blockData=conID: 3 locID: 102670696819393005 bcsId: 0} | ret=SUCCESS |  
2019-08-24 07:08:25,693 [grpc-default-executor-2] INFO  client.GrpcClientProtocolClient (GrpcClientProtocolClient.java:onNext(255)) - client-6EDD19400D46->06a4573b-67a1-41e3-a350-f896363bc636: receive RaftClientReply:client-6EDD19400D46->06a4573b-67a1-41e3-a350-f896363bc636@group-757E3781CD2A, cid=1499, SUCCESS, logIndex=2125, commits[06a4573b-67a1-41e3-a350-f896363bc636:c2127, 0b725bbf-683b-4664-9a2e-3c9dd6e38bc1:c2124, 9193e3b7-ae04-484d-a740-c65c11559486:c2124]
2019-08-24 07:08:25,693 | INFO  | DNAudit | user=null | ip=null | op=PUT_BLOCK {blockData=[blockId=conID: 3 locID: 102670696819393005 bcsId: 0,size=2097152]} | ret=SUCCESS |  
2019-08-24 07:08:25,693 [grpc-default-executor-2] INFO  client.GrpcClientProtocolClient (GrpcClientProtocolClient.java:onNext(255)) - client-6EDD19400D46->06a4573b-67a1-41e3-a350-f896363bc636: receive RaftClientReply:client-6EDD19400D46->06a4573b-67a1-41e3-a350-f896363bc636@group-757E3781CD2A, cid=1500, SUCCESS, logIndex=2126, commits[06a4573b-67a1-41e3-a350-f896363bc636:c2128, 0b725bbf-683b-4664-9a2e-3c9dd6e38bc1:c2124, 9193e3b7-ae04-484d-a740-c65c11559486:c2124]
2019-08-24 07:08:25,693 [grpc-default-executor-2] INFO  client.GrpcClientProtocolClient (GrpcClientProtocolClient.java:onNext(255)) - client-6EDD19400D46->06a4573b-67a1-41e3-a350-f896363bc636: receive RaftClientReply:client-6EDD19400D46->06a4573b-67a1-41e3-a350-f896363bc636@group-757E3781CD2A, cid=1501, SUCCESS, logIndex=2127, commits[06a4573b-67a1-41e3-a350-f896363bc636:c2128, 0b725bbf-683b-4664-9a2e-3c9dd6e38bc1:c2124, 9193e3b7-ae04-484d-a740-c65c11559486:c2124]
2019-08-24 07:08:25,694 [grpc-default-executor-2] INFO  client.GrpcClientProtocolClient (GrpcClientProtocolClient.java:onNext(255)) - client-6EDD19400D46->06a4573b-67a1-41e3-a350-f896363bc636: receive RaftClientReply:client-6EDD19400D46->06a4573b-67a1-41e3-a350-f896363bc636@group-757E3781CD2A, cid=1502, SUCCESS, logIndex=2128, commits[06a4573b-67a1-41e3-a350-f896363bc636:c2128, 0b725bbf-683b-4664-9a2e-3c9dd6e38bc1:c2124, 9193e3b7-ae04-484d-a740-c65c11559486:c2124]
2019-08-24 07:08:25,695 | INFO  | DNAudit | user=null | ip=null | op=WRITE_CHUNK {blockData=conID: 3 locID: 102670696819393005 bcsId: 0} | ret=SUCCESS |  
2019-08-24 07:08:25,706 | INFO  | DNAudit | user=null | ip=null | op=PUT_BLOCK {blockData=[blockId=conID: 3 locID: 102670696819393005 bcsId: 0,size=1048576]} | ret=SUCCESS |  
2019-08-24 07:08:25,706 | INFO  | DNAudit | user=null | ip=null | op=WRITE_CHUNK {blockData=conID: 3 locID: 102670696819393005 bcsId: 0} | ret=SUCCESS |  
2019-08-24 07:08:25,706 | INFO  | DNAudit | user=null | ip=null | op=WRITE_CHUNK {blockData=conID: 3 locID: 102670696819393005 bcsId: 0} | ret=SUCCESS |  
2019-08-24 07:08:25,707 | INFO  | DNAudit | user=null | ip=null | op=PUT_BLOCK {blockData=[blockId=conID: 3 locID: 102670696819393005 bcsId: 0,size=1048576]} | ret=SUCCESS |  
2019-08-24 07:08:25,707 | INFO  | DNAudit | user=null | ip=null | op=PUT_BLOCK {blockData=[blockId=conID: 3 locID: 102670696819393005 bcsId: 0,size=2097152]} | ret=SUCCESS |  
2019-08-24 07:08:25,707 | INFO  | DNAudit | user=null | ip=null | op=WRITE_CHUNK {blockData=conID: 3 locID: 102670696819393005 bcsId: 0} | ret=SUCCESS |  
2019-08-24 07:08:25,707 | INFO  | DNAudit | user=null | ip=null | op=PUT_BLOCK {blockData=[blockId=conID: 3 locID: 102670696819393005 bcsId: 0,size=2097152]} | ret=SUCCESS |  
2019-08-24 07:08:25,707 [grpc-default-executor-0] INFO  client.GrpcClientProtocolClient (GrpcClientProtocolClient.java:onNext(255)) - client-6EDD19400D46->06a4573b-67a1-41e3-a350-f896363bc636: receive RaftClientReply:client-6EDD19400D46->06a4573b-67a1-41e3-a350-f896363bc636@group-757E3781CD2A, cid=1503, SUCCESS, logIndex=0, commits[06a4573b-67a1-41e3-a350-f896363bc636:c2131, 0b725bbf-683b-4664-9a2e-3c9dd6e38bc1:c2126, 9193e3b7-ae04-484d-a740-c65c11559486:c2127]
2019-08-24 07:08:25,714 | INFO  | DNAudit | user=null | ip=null | op=WRITE_CHUNK {blockData=conID: 3 locID: 102670696819393005 bcsId: 2128} | ret=SUCCESS |  
2019-08-24 07:08:25,717 | INFO  | DNAudit | user=null | ip=null | op=WRITE_CHUNK {blockData=conID: 3 locID: 102670696819393005 bcsId: 2128} | ret=SUCCESS |  
2019-08-24 07:08:25,718 | INFO  | DNAudit | user=null | ip=null | op=WRITE_CHUNK {blockData=conID: 3 locID: 102670696819393005 bcsId: 2128} | ret=SUCCESS |  
2019-08-24 07:08:25,728 | INFO  | DNAudit | user=null | ip=null | op=WRITE_CHUNK {blockData=conID: 3 locID: 102670696819393005 bcsId: 2128} | ret=SUCCESS |  
2019-08-24 07:08:25,728 | INFO  | DNAudit | user=null | ip=null | op=PUT_BLOCK {blockData=[blockId=conID: 3 locID: 102670696819393005 bcsId: 0,size=3145728]} | ret=SUCCESS |  
2019-08-24 07:08:25,728 [grpc-default-executor-0] INFO  client.GrpcClientProtocolClient (GrpcClientProtocolClient.java:onNext(255)) - client-6EDD19400D46->06a4573b-67a1-41e3-a350-f896363bc636: receive RaftClientReply:client-6EDD19400D46->06a4573b-67a1-41e3-a350-f896363bc636@group-757E3781CD2A, cid=1504, SUCCESS, logIndex=2133, commits[06a4573b-67a1-41e3-a350-f896363bc636:c2134, 0b725bbf-683b-4664-9a2e-3c9dd6e38bc1:c2132, 9193e3b7-ae04-484d-a740-c65c11559486:c2132]
2019-08-24 07:08:25,729 [grpc-default-executor-0] INFO  client.GrpcClientProtocolClient (GrpcClientProtocolClient.java:onNext(255)) - client-6EDD19400D46->06a4573b-67a1-41e3-a350-f896363bc636: receive RaftClientReply:client-6EDD19400D46->06a4573b-67a1-41e3-a350-f896363bc636@group-757E3781CD2A, cid=1505, SUCCESS, logIndex=2134, commits[06a4573b-67a1-41e3-a350-f896363bc636:c2134, 0b725bbf-683b-4664-9a2e-3c9dd6e38bc1:c2132, 9193e3b7-ae04-484d-a740-c65c11559486:c2132]
2019-08-24 07:08:25,735 | INFO  | DNAudit | user=null | ip=null | op=WRITE_CHUNK {blockData=conID: 3 locID: 102670696819393005 bcsId: 2134} | ret=SUCCESS |  
2019-08-24 07:08:25,738 | INFO  | DNAudit | user=null | ip=null | op=WRITE_CHUNK {blockData=conID: 3 locID: 102670696819393005 bcsId: 2134} | ret=SUCCESS |  
2019-08-24 07:08:25,738 | INFO  | DNAudit | user=null | ip=null | op=WRITE_CHUNK {blockData=conID: 3 locID: 102670696819393005 bcsId: 2134} | ret=SUCCESS |  
2019-08-24 07:08:25,739 | INFO  | DNAudit | user=null | ip=null | op=WRITE_CHUNK {blockData=conID: 3 locID: 102670696819393005 bcsId: 2128} | ret=SUCCESS |  
2019-08-24 07:08:25,739 | INFO  | DNAudit | user=null | ip=null | op=WRITE_CHUNK {blockData=conID: 3 locID: 102670696819393005 bcsId: 2128} | ret=SUCCESS |  
2019-08-24 07:08:25,742 | INFO  | DNAudit | user=null | ip=null | op=PUT_BLOCK {blockData=[blockId=conID: 3 locID: 102670696819393005 bcsId: 0,size=3145728]} | ret=SUCCESS |  
2019-08-24 07:08:25,742 | INFO  | DNAudit | user=null | ip=null | op=PUT_BLOCK {blockData=[blockId=conID: 3 locID: 102670696819393005 bcsId: 0,size=3145728]} | ret=SUCCESS |  
2019-08-24 07:08:25,742 | INFO  | DNAudit | user=null | ip=null | op=WRITE_CHUNK {blockData=conID: 3 locID: 102670696819393005 bcsId: 2134} | ret=SUCCESS |  
2019-08-24 07:08:25,743 | INFO  | DNAudit | user=null | ip=null | op=PUT_BLOCK {blockData=[blockId=conID: 3 locID: 102670696819393005 bcsId: 0,size=4194304]} | ret=SUCCESS |  
2019-08-24 07:08:25,743 [grpc-default-executor-2] INFO  client.GrpcClientProtocolClient (GrpcClientProtocolClient.java:onNext(255)) - client-6EDD19400D46->06a4573b-67a1-41e3-a350-f896363bc636: receive RaftClientReply:client-6EDD19400D46->06a4573b-67a1-41e3-a350-f896363bc636@group-757E3781CD2A, cid=1506, SUCCESS, logIndex=2137, commits[06a4573b-67a1-41e3-a350-f896363bc636:c2138, 0b725bbf-683b-4664-9a2e-3c9dd6e38bc1:c2134, 9193e3b7-ae04-484d-a740-c65c11559486:c2134]
2019-08-24 07:08:25,744 [grpc-default-executor-2] INFO  client.GrpcClientProtocolClient (GrpcClientProtocolClient.java:onNext(255)) - client-6EDD19400D46->06a4573b-67a1-41e3-a350-f896363bc636: receive RaftClientReply:client-6EDD19400D46->06a4573b-67a1-41e3-a350-f896363bc636@group-757E3781CD2A, cid=1507, SUCCESS, logIndex=2138, commits[06a4573b-67a1-41e3-a350-f896363bc636:c2138, 0b725bbf-683b-4664-9a2e-3c9dd6e38bc1:c2134, 9193e3b7-ae04-484d-a740-c65c11559486:c2134]
2019-08-24 07:08:25,754 | INFO  | DNAudit | user=null | ip=null | op=WRITE_CHUNK {blockData=conID: 3 locID: 102670696819393005 bcsId: 2134} | ret=SUCCESS |  
2019-08-24 07:08:25,754 | INFO  | DNAudit | user=null | ip=null | op=WRITE_CHUNK {blockData=conID: 3 locID: 102670696819393005 bcsId: 2134} | ret=SUCCESS |  
2019-08-24 07:08:25,754 | INFO  | DNAudit | user=null | ip=null | op=PUT_BLOCK {blockData=[blockId=conID: 3 locID: 102670696819393005 bcsId: 0,size=4194304]} | ret=SUCCESS |  
2019-08-24 07:08:25,754 | INFO  | DNAudit | user=null | ip=null | op=PUT_BLOCK {blockData=[blockId=conID: 3 locID: 102670696819393005 bcsId: 0,size=4194304]} | ret=SUCCESS |  
2019-08-24 07:08:25,755 [grpc-default-executor-5] INFO  client.GrpcClientProtocolClient (GrpcClientProtocolClient.java:onNext(255)) - client-6EDD19400D46->06a4573b-67a1-41e3-a350-f896363bc636: receive RaftClientReply:client-6EDD19400D46->06a4573b-67a1-41e3-a350-f896363bc636@group-757E3781CD2A, cid=1508, SUCCESS, logIndex=0, commits[06a4573b-67a1-41e3-a350-f896363bc636:c2138, 0b725bbf-683b-4664-9a2e-3c9dd6e38bc1:c2138, 9193e3b7-ae04-484d-a740-c65c11559486:c2138]
2019-08-24 07:08:25,760 | INFO  | SCMAudit | user=jenkins1000 | ip=192.168.69.125 | op=ALLOCATE_BLOCK {owner=61bacca8-15b6-4a50-8962-5e9786b18b0d, size=4194304, type=RATIS, factor=THREE} | ret=SUCCESS |  
2019-08-24 07:08:25,764 | INFO  | OMAudit | user=jenkins1000 | ip=127.0.0.1 | op=ALLOCATE_BLOCK {volume=vol-0-26988, bucket=bucket-0-20739, key=key-0-27353, dataSize=0, replicationType=null, replicationFactor=null, keyLocationInfo=null, clientID=102670695851229586} | ret=SUCCESS |  
2019-08-24 07:08:25,771 | INFO  | DNAudit | user=null | ip=null | op=WRITE_CHUNK {blockData=conID: 1 locID: 102670696825487854 bcsId: 0} | ret=SUCCESS |  
2019-08-24 07:08:25,774 | INFO  | DNAudit | user=null | ip=null | op=WRITE_CHUNK {blockData=conID: 1 locID: 102670696825487854 bcsId: 0} | ret=SUCCESS |  
2019-08-24 07:08:25,774 | INFO  | DNAudit | user=null | ip=null | op=WRITE_CHUNK {blockData=conID: 1 locID: 102670696825487854 bcsId: 0} | ret=SUCCESS |  
2019-08-24 07:08:25,774 | INFO  | DNAudit | user=null | ip=null | op=WRITE_CHUNK {blockData=conID: 1 locID: 102670696825487854 bcsId: 0} | ret=SUCCESS |  
2019-08-24 07:08:25,776 | INFO  | DNAudit | user=null | ip=null | op=WRITE_CHUNK {blockData=conID: 1 locID: 102670696825487854 bcsId: 0} | ret=SUCCESS |  
2019-08-24 07:08:25,777 | INFO  | DNAudit | user=null | ip=null | op=WRITE_CHUNK {blockData=conID: 1 locID: 102670696825487854 bcsId: 0} | ret=SUCCESS |  
2019-08-24 07:08:25,785 | INFO  | DNAudit | user=null | ip=null | op=WRITE_CHUNK {blockData=conID: 1 locID: 102670696825487854 bcsId: 0} | ret=SUCCESS |  
2019-08-24 07:08:25,786 | INFO  | DNAudit | user=null | ip=null | op=PUT_BLOCK {blockData=[blockId=conID: 1 locID: 102670696825487854 bcsId: 0,size=1048576]} | ret=SUCCESS |  
2019-08-24 07:08:25,786 [grpc-default-executor-0] INFO  client.GrpcClientProtocolClient (GrpcClientProtocolClient.java:onNext(255)) - client-6EDD19400D46->06a4573b-67a1-41e3-a350-f896363bc636: receive RaftClientReply:client-6EDD19400D46->06a4573b-67a1-41e3-a350-f896363bc636@group-757E3781CD2A, cid=1509, SUCCESS, logIndex=2141, commits[06a4573b-67a1-41e3-a350-f896363bc636:c2142, 0b725bbf-683b-4664-9a2e-3c9dd6e38bc1:c2140, 9193e3b7-ae04-484d-a740-c65c11559486:c2140]
2019-08-24 07:08:25,790 | INFO  | DNAudit | user=null | ip=null | op=WRITE_CHUNK {blockData=conID: 1 locID: 102670696825487854 bcsId: 0} | ret=SUCCESS |  
2019-08-24 07:08:25,790 | INFO  | DNAudit | user=null | ip=null | op=WRITE_CHUNK {blockData=conID: 1 locID: 102670696825487854 bcsId: 0} | ret=SUCCESS |  
2019-08-24 07:08:25,790 [grpc-default-executor-2] INFO  client.GrpcClientProtocolClient (GrpcClientProtocolClient.java:onNext(255)) - client-6EDD19400D46->06a4573b-67a1-41e3-a350-f896363bc636: receive RaftClientReply:client-6EDD19400D46->06a4573b-67a1-41e3-a350-f896363bc636@group-757E3781CD2A, cid=1510, SUCCESS, logIndex=2142, commits[06a4573b-67a1-41e3-a350-f896363bc636:c2142, 0b725bbf-683b-4664-9a2e-3c9dd6e38bc1:c2140, 9193e3b7-ae04-484d-a740-c65c11559486:c2140]
2019-08-24 07:08:25,791 | INFO  | DNAudit | user=null | ip=null | op=PUT_BLOCK {blockData=[blockId=conID: 1 locID: 102670696825487854 bcsId: 0,size=1048576]} | ret=SUCCESS |  
2019-08-24 07:08:25,791 | INFO  | DNAudit | user=null | ip=null | op=PUT_BLOCK {blockData=[blockId=conID: 1 locID: 102670696825487854 bcsId: 0,size=2097152]} | ret=SUCCESS |  
2019-08-24 07:08:25,791 [grpc-default-executor-2] INFO  client.GrpcClientProtocolClient (GrpcClientProtocolClient.java:onNext(255)) - client-6EDD19400D46->06a4573b-67a1-41e3-a350-f896363bc636: receive RaftClientReply:client-6EDD19400D46->06a4573b-67a1-41e3-a350-f896363bc636@group-757E3781CD2A, cid=1511, SUCCESS, logIndex=2143, commits[06a4573b-67a1-41e3-a350-f896363bc636:c2145, 0b725bbf-683b-4664-9a2e-3c9dd6e38bc1:c2142, 9193e3b7-ae04-484d-a740-c65c11559486:c2140]
2019-08-24 07:08:25,792 [grpc-default-executor-2] INFO  client.GrpcClientProtocolClient (GrpcClientProtocolClient.java:onNext(255)) - client-6EDD19400D46->06a4573b-67a1-41e3-a350-f896363bc636: receive RaftClientReply:client-6EDD19400D46->06a4573b-67a1-41e3-a350-f896363bc636@group-757E3781CD2A, cid=1512, SUCCESS, logIndex=2144, commits[06a4573b-67a1-41e3-a350-f896363bc636:c2146, 0b725bbf-683b-4664-9a2e-3c9dd6e38bc1:c2142, 9193e3b7-ae04-484d-a740-c65c11559486:c2140]
2019-08-24 07:08:25,815 | INFO  | DNAudit | user=null | ip=null | op=WRITE_CHUNK {blockData=conID: 1 locID: 102670696825487854 bcsId: 0} | ret=SUCCESS |  
2019-08-24 07:08:25,816 | INFO  | DNAudit | user=null | ip=null | op=WRITE_CHUNK {blockData=conID: 1 locID: 102670696825487854 bcsId: 0} | ret=SUCCESS |  
2019-08-24 07:08:25,816 | INFO  | DNAudit | user=null | ip=null | op=PUT_BLOCK {blockData=[blockId=conID: 1 locID: 102670696825487854 bcsId: 0,size=1048576]} | ret=SUCCESS |  
2019-08-24 07:08:25,816 | INFO  | DNAudit | user=null | ip=null | op=PUT_BLOCK {blockData=[blockId=conID: 1 locID: 102670696825487854 bcsId: 0,size=2097152]} | ret=SUCCESS |  
2019-08-24 07:08:25,816 | INFO  | DNAudit | user=null | ip=null | op=WRITE_CHUNK {blockData=conID: 1 locID: 102670696825487854 bcsId: 0} | ret=SUCCESS |  
2019-08-24 07:08:25,817 [grpc-default-executor-2] INFO  client.GrpcClientProtocolClient (GrpcClientProtocolClient.java:onNext(255)) - client-6EDD19400D46->06a4573b-67a1-41e3-a350-f896363bc636: receive RaftClientReply:client-6EDD19400D46->06a4573b-67a1-41e3-a350-f896363bc636@group-757E3781CD2A, cid=1513, SUCCESS, logIndex=0, commits[06a4573b-67a1-41e3-a350-f896363bc636:c2147, 0b725bbf-683b-4664-9a2e-3c9dd6e38bc1:c2143, 9193e3b7-ae04-484d-a740-c65c11559486:c2142]
2019-08-24 07:08:25,818 | INFO  | DNAudit | user=null | ip=null | op=PUT_BLOCK {blockData=[blockId=conID: 1 locID: 102670696825487854 bcsId: 0,size=2097152]} | ret=SUCCESS |  
2019-08-24 07:08:25,825 | INFO  | DNAudit | user=null | ip=null | op=WRITE_CHUNK {blockData=conID: 1 locID: 102670696825487854 bcsId: 2144} | ret=SUCCESS |  
2019-08-24 07:08:25,828 | INFO  | DNAudit | user=null | ip=null | op=WRITE_CHUNK {blockData=conID: 1 locID: 102670696825487854 bcsId: 2144} | ret=SUCCESS |  
2019-08-24 07:08:25,829 | INFO  | DNAudit | user=null | ip=null | op=WRITE_CHUNK {blockData=conID: 1 locID: 102670696825487854 bcsId: 2144} | ret=SUCCESS |  
2019-08-24 07:08:25,838 | INFO  | DNAudit | user=null | ip=null | op=WRITE_CHUNK {blockData=conID: 1 locID: 102670696825487854 bcsId: 2144} | ret=SUCCESS |  
2019-08-24 07:08:25,839 | INFO  | DNAudit | user=null | ip=null | op=PUT_BLOCK {blockData=[blockId=conID: 1 locID: 102670696825487854 bcsId: 0,size=3145728]} | ret=SUCCESS |  
2019-08-24 07:08:25,839 [grpc-default-executor-0] INFO  client.GrpcClientProtocolClient (GrpcClientProtocolClient.java:onNext(255)) - client-6EDD19400D46->06a4573b-67a1-41e3-a350-f896363bc636: receive RaftClientReply:client-6EDD19400D46->06a4573b-67a1-41e3-a350-f896363bc636@group-757E3781CD2A, cid=1514, SUCCESS, logIndex=2149, commits[06a4573b-67a1-41e3-a350-f896363bc636:c2150, 0b725bbf-683b-4664-9a2e-3c9dd6e38bc1:c2148, 9193e3b7-ae04-484d-a740-c65c11559486:c2148]
2019-08-24 07:08:25,839 [grpc-default-executor-0] INFO  client.GrpcClientProtocolClient (GrpcClientProtocolClient.java:onNext(255)) - client-6EDD19400D46->06a4573b-67a1-41e3-a350-f896363bc636: receive RaftClientReply:client-6EDD19400D46->06a4573b-67a1-41e3-a350-f896363bc636@group-757E3781CD2A, cid=1515, SUCCESS, logIndex=2150, commits[06a4573b-67a1-41e3-a350-f896363bc636:c2150, 0b725bbf-683b-4664-9a2e-3c9dd6e38bc1:c2148, 9193e3b7-ae04-484d-a740-c65c11559486:c2148]
2019-08-24 07:08:25,847 | INFO  | DNAudit | user=null | ip=null | op=WRITE_CHUNK {blockData=conID: 1 locID: 102670696825487854 bcsId: 2150} | ret=SUCCESS |  
2019-08-24 07:08:25,850 | INFO  | DNAudit | user=null | ip=null | op=WRITE_CHUNK {blockData=conID: 1 locID: 102670696825487854 bcsId: 2144} | ret=SUCCESS |  
2019-08-24 07:08:25,850 | INFO  | DNAudit | user=null | ip=null | op=WRITE_CHUNK {blockData=conID: 1 locID: 102670696825487854 bcsId: 2144} | ret=SUCCESS |  
2019-08-24 07:08:25,851 | INFO  | DNAudit | user=null | ip=null | op=WRITE_CHUNK {blockData=conID: 1 locID: 102670696825487854 bcsId: 2150} | ret=SUCCESS |  
2019-08-24 07:08:25,851 | INFO  | DNAudit | user=null | ip=null | op=WRITE_CHUNK {blockData=conID: 1 locID: 102670696825487854 bcsId: 2150} | ret=SUCCESS |  
2019-08-24 07:08:25,863 | INFO  | DNAudit | user=null | ip=null | op=PUT_BLOCK {blockData=[blockId=conID: 1 locID: 102670696825487854 bcsId: 0,size=3145728]} | ret=SUCCESS |  
2019-08-24 07:08:25,863 | INFO  | DNAudit | user=null | ip=null | op=WRITE_CHUNK {blockData=conID: 1 locID: 102670696825487854 bcsId: 2150} | ret=SUCCESS |  
2019-08-24 07:08:25,863 | INFO  | DNAudit | user=null | ip=null | op=PUT_BLOCK {blockData=[blockId=conID: 1 locID: 102670696825487854 bcsId: 0,size=3145728]} | ret=SUCCESS |  
2019-08-24 07:08:25,864 | INFO  | DNAudit | user=null | ip=null | op=PUT_BLOCK {blockData=[blockId=conID: 1 locID: 102670696825487854 bcsId: 0,size=4194304]} | ret=SUCCESS |  
2019-08-24 07:08:25,864 [grpc-default-executor-5] INFO  client.GrpcClientProtocolClient (GrpcClientProtocolClient.java:onNext(255)) - client-6EDD19400D46->06a4573b-67a1-41e3-a350-f896363bc636: receive RaftClientReply:client-6EDD19400D46->06a4573b-67a1-41e3-a350-f896363bc636@group-757E3781CD2A, cid=1516, SUCCESS, logIndex=2153, commits[06a4573b-67a1-41e3-a350-f896363bc636:c2154, 0b725bbf-683b-4664-9a2e-3c9dd6e38bc1:c2150, 9193e3b7-ae04-484d-a740-c65c11559486:c2150]
2019-08-24 07:08:25,864 [grpc-default-executor-5] INFO  client.GrpcClientProtocolClient (GrpcClientProtocolClient.java:onNext(255)) - client-6EDD19400D46->06a4573b-67a1-41e3-a350-f896363bc636: receive RaftClientReply:client-6EDD19400D46->06a4573b-67a1-41e3-a350-f896363bc636@group-757E3781CD2A, cid=1517, SUCCESS, logIndex=2154, commits[06a4573b-67a1-41e3-a350-f896363bc636:c2154, 0b725bbf-683b-4664-9a2e-3c9dd6e38bc1:c2150, 9193e3b7-ae04-484d-a740-c65c11559486:c2150]
2019-08-24 07:08:25,874 | INFO  | DNAudit | user=null | ip=null | op=WRITE_CHUNK {blockData=conID: 1 locID: 102670696825487854 bcsId: 2150} | ret=SUCCESS |  
2019-08-24 07:08:25,875 | INFO  | DNAudit | user=null | ip=null | op=WRITE_CHUNK {blockData=conID: 1 locID: 102670696825487854 bcsId: 2150} | ret=SUCCESS |  
2019-08-24 07:08:25,877 | INFO  | DNAudit | user=null | ip=null | op=PUT_BLOCK {blockData=[blockId=conID: 1 locID: 102670696825487854 bcsId: 0,size=4194304]} | ret=SUCCESS |  
2019-08-24 07:08:25,877 | INFO  | DNAudit | user=null | ip=null | op=PUT_BLOCK {blockData=[blockId=conID: 1 locID: 102670696825487854 bcsId: 0,size=4194304]} | ret=SUCCESS |  
2019-08-24 07:08:25,878 [grpc-default-executor-0] INFO  client.GrpcClientProtocolClient (GrpcClientProtocolClient.java:onNext(255)) - client-6EDD19400D46->06a4573b-67a1-41e3-a350-f896363bc636: receive RaftClientReply:client-6EDD19400D46->06a4573b-67a1-41e3-a350-f896363bc636@group-757E3781CD2A, cid=1518, SUCCESS, logIndex=0, commits[06a4573b-67a1-41e3-a350-f896363bc636:c2156, 0b725bbf-683b-4664-9a2e-3c9dd6e38bc1:c2154, 9193e3b7-ae04-484d-a740-c65c11559486:c2154]
2019-08-24 07:08:25,884 | INFO  | SCMAudit | user=jenkins1000 | ip=192.168.69.125 | op=ALLOCATE_BLOCK {owner=61bacca8-15b6-4a50-8962-5e9786b18b0d, size=4194304, type=RATIS, factor=THREE} | ret=SUCCESS |  
2019-08-24 07:08:25,887 | INFO  | OMAudit | user=jenkins1000 | ip=127.0.0.1 | op=ALLOCATE_BLOCK {volume=vol-0-26988, bucket=bucket-0-20739, key=key-0-27353, dataSize=0, replicationType=null, replicationFactor=null, keyLocationInfo=null, clientID=102670695851229586} | ret=SUCCESS |  
2019-08-24 07:08:25,897 | INFO  | DNAudit | user=null | ip=null | op=WRITE_CHUNK {blockData=conID: 2 locID: 102670696833614319 bcsId: 0} | ret=SUCCESS |  
2019-08-24 07:08:25,899 | INFO  | DNAudit | user=null | ip=null | op=WRITE_CHUNK {blockData=conID: 2 locID: 102670696833614319 bcsId: 0} | ret=SUCCESS |  
2019-08-24 07:08:25,899 | INFO  | DNAudit | user=null | ip=null | op=WRITE_CHUNK {blockData=conID: 2 locID: 102670696833614319 bcsId: 0} | ret=SUCCESS |  
2019-08-24 07:08:25,899 | INFO  | DNAudit | user=null | ip=null | op=WRITE_CHUNK {blockData=conID: 2 locID: 102670696833614319 bcsId: 0} | ret=SUCCESS |  
2019-08-24 07:08:25,902 | INFO  | DNAudit | user=null | ip=null | op=WRITE_CHUNK {blockData=conID: 2 locID: 102670696833614319 bcsId: 0} | ret=SUCCESS |  
2019-08-24 07:08:25,902 | INFO  | DNAudit | user=null | ip=null | op=WRITE_CHUNK {blockData=conID: 2 locID: 102670696833614319 bcsId: 0} | ret=SUCCESS |  
2019-08-24 07:08:25,910 | INFO  | DNAudit | user=null | ip=null | op=WRITE_CHUNK {blockData=conID: 2 locID: 102670696833614319 bcsId: 0} | ret=SUCCESS |  
2019-08-24 07:08:25,910 | INFO  | DNAudit | user=null | ip=null | op=PUT_BLOCK {blockData=[blockId=conID: 2 locID: 102670696833614319 bcsId: 0,size=1048576]} | ret=SUCCESS |  
2019-08-24 07:08:25,911 | INFO  | DNAudit | user=null | ip=null | op=WRITE_CHUNK {blockData=conID: 2 locID: 102670696833614319 bcsId: 0} | ret=SUCCESS |  
2019-08-24 07:08:25,910 [grpc-default-executor-0] INFO  client.GrpcClientProtocolClient (GrpcClientProtocolClient.java:onNext(255)) - client-6EDD19400D46->06a4573b-67a1-41e3-a350-f896363bc636: receive RaftClientReply:client-6EDD19400D46->06a4573b-67a1-41e3-a350-f896363bc636@group-757E3781CD2A, cid=1519, SUCCESS, logIndex=2157, commits[06a4573b-67a1-41e3-a350-f896363bc636:c2158, 0b725bbf-683b-4664-9a2e-3c9dd6e38bc1:c2156, 9193e3b7-ae04-484d-a740-c65c11559486:c2156]
2019-08-24 07:08:25,911 | INFO  | DNAudit | user=null | ip=null | op=PUT_BLOCK {blockData=[blockId=conID: 2 locID: 102670696833614319 bcsId: 0,size=2097152]} | ret=SUCCESS |  
2019-08-24 07:08:25,911 [grpc-default-executor-0] INFO  client.GrpcClientProtocolClient (GrpcClientProtocolClient.java:onNext(255)) - client-6EDD19400D46->06a4573b-67a1-41e3-a350-f896363bc636: receive RaftClientReply:client-6EDD19400D46->06a4573b-67a1-41e3-a350-f896363bc636@group-757E3781CD2A, cid=1520, SUCCESS, logIndex=2158, commits[06a4573b-67a1-41e3-a350-f896363bc636:c2159, 0b725bbf-683b-4664-9a2e-3c9dd6e38bc1:c2156, 9193e3b7-ae04-484d-a740-c65c11559486:c2156]
2019-08-24 07:08:25,911 [grpc-default-executor-0] INFO  client.GrpcClientProtocolClient (GrpcClientProtocolClient.java:onNext(255)) - client-6EDD19400D46->06a4573b-67a1-41e3-a350-f896363bc636: receive RaftClientReply:client-6EDD19400D46->06a4573b-67a1-41e3-a350-f896363bc636@group-757E3781CD2A, cid=1521, SUCCESS, logIndex=2159, commits[06a4573b-67a1-41e3-a350-f896363bc636:c2160, 0b725bbf-683b-4664-9a2e-3c9dd6e38bc1:c2156, 9193e3b7-ae04-484d-a740-c65c11559486:c2156]
2019-08-24 07:08:25,912 [grpc-default-executor-0] INFO  client.GrpcClientProtocolClient (GrpcClientProtocolClient.java:onNext(255)) - client-6EDD19400D46->06a4573b-67a1-41e3-a350-f896363bc636: receive RaftClientReply:client-6EDD19400D46->06a4573b-67a1-41e3-a350-f896363bc636@group-757E3781CD2A, cid=1522, SUCCESS, logIndex=2160, commits[06a4573b-67a1-41e3-a350-f896363bc636:c2160, 0b725bbf-683b-4664-9a2e-3c9dd6e38bc1:c2156, 9193e3b7-ae04-484d-a740-c65c11559486:c2156]
2019-08-24 07:08:25,923 | INFO  | DNAudit | user=null | ip=null | op=WRITE_CHUNK {blockData=conID: 2 locID: 102670696833614319 bcsId: 0} | ret=SUCCESS |  
2019-08-24 07:08:25,924 | INFO  | DNAudit | user=null | ip=null | op=WRITE_CHUNK {blockData=conID: 2 locID: 102670696833614319 bcsId: 0} | ret=SUCCESS |  
2019-08-24 07:08:25,924 | INFO  | DNAudit | user=null | ip=null | op=PUT_BLOCK {blockData=[blockId=conID: 2 locID: 102670696833614319 bcsId: 0,size=1048576]} | ret=SUCCESS |  
2019-08-24 07:08:25,924 | INFO  | DNAudit | user=null | ip=null | op=PUT_BLOCK {blockData=[blockId=conID: 2 locID: 102670696833614319 bcsId: 0,size=1048576]} | ret=SUCCESS |  
2019-08-24 07:08:25,924 | INFO  | DNAudit | user=null | ip=null | op=WRITE_CHUNK {blockData=conID: 2 locID: 102670696833614319 bcsId: 0} | ret=SUCCESS |  
2019-08-24 07:08:25,924 | INFO  | DNAudit | user=null | ip=null | op=WRITE_CHUNK {blockData=conID: 2 locID: 102670696833614319 bcsId: 0} | ret=SUCCESS |  
2019-08-24 07:08:25,925 | INFO  | DNAudit | user=null | ip=null | op=PUT_BLOCK {blockData=[blockId=conID: 2 locID: 102670696833614319 bcsId: 0,size=2097152]} | ret=SUCCESS |  
2019-08-24 07:08:25,925 [grpc-default-executor-0] INFO  client.GrpcClientProtocolClient (GrpcClientProtocolClient.java:onNext(255)) - client-6EDD19400D46->06a4573b-67a1-41e3-a350-f896363bc636: receive RaftClientReply:client-6EDD19400D46->06a4573b-67a1-41e3-a350-f896363bc636@group-757E3781CD2A, cid=1523, SUCCESS, logIndex=0, commits[06a4573b-67a1-41e3-a350-f896363bc636:c2162, 0b725bbf-683b-4664-9a2e-3c9dd6e38bc1:c2158, 9193e3b7-ae04-484d-a740-c65c11559486:c2158]
2019-08-24 07:08:25,925 | INFO  | DNAudit | user=null | ip=null | op=PUT_BLOCK {blockData=[blockId=conID: 2 locID: 102670696833614319 bcsId: 0,size=2097152]} | ret=SUCCESS |  
2019-08-24 07:08:25,931 | INFO  | DNAudit | user=null | ip=null | op=WRITE_CHUNK {blockData=conID: 2 locID: 102670696833614319 bcsId: 2160} | ret=SUCCESS |  
2019-08-24 07:08:25,934 | INFO  | DNAudit | user=null | ip=null | op=WRITE_CHUNK {blockData=conID: 2 locID: 102670696833614319 bcsId: 2160} | ret=SUCCESS |  
2019-08-24 07:08:25,934 | INFO  | DNAudit | user=null | ip=null | op=WRITE_CHUNK {blockData=conID: 2 locID: 102670696833614319 bcsId: 2160} | ret=SUCCESS |  
2019-08-24 07:08:25,942 | INFO  | SCMAudit | user=jenkins1000 | ip=192.168.69.125 | op=SEND_HEARTBEAT {datanodeUUID=b8548da6-9cc6-46be-8dd4-5219531f5960, command=[]} | ret=SUCCESS |  
2019-08-24 07:08:25,944 | INFO  | DNAudit | user=null | ip=null | op=WRITE_CHUNK {blockData=conID: 2 locID: 102670696833614319 bcsId: 2160} | ret=SUCCESS |  
2019-08-24 07:08:25,944 | INFO  | DNAudit | user=null | ip=null | op=PUT_BLOCK {blockData=[blockId=conID: 2 locID: 102670696833614319 bcsId: 0,size=3145728]} | ret=SUCCESS |  
2019-08-24 07:08:25,944 [grpc-default-executor-1] INFO  client.GrpcClientProtocolClient (GrpcClientProtocolClient.java:onNext(255)) - client-6EDD19400D46->06a4573b-67a1-41e3-a350-f896363bc636: receive RaftClientReply:client-6EDD19400D46->06a4573b-67a1-41e3-a350-f896363bc636@group-757E3781CD2A, cid=1524, SUCCESS, logIndex=2165, commits[06a4573b-67a1-41e3-a350-f896363bc636:c2166, 0b725bbf-683b-4664-9a2e-3c9dd6e38bc1:c2164, 9193e3b7-ae04-484d-a740-c65c11559486:c2164]
2019-08-24 07:08:25,945 [grpc-default-executor-1] INFO  client.GrpcClientProtocolClient (GrpcClientProtocolClient.java:onNext(255)) - client-6EDD19400D46->06a4573b-67a1-41e3-a350-f896363bc636: receive RaftClientReply:client-6EDD19400D46->06a4573b-67a1-41e3-a350-f896363bc636@group-757E3781CD2A, cid=1525, SUCCESS, logIndex=2166, commits[06a4573b-67a1-41e3-a350-f896363bc636:c2166, 0b725bbf-683b-4664-9a2e-3c9dd6e38bc1:c2164, 9193e3b7-ae04-484d-a740-c65c11559486:c2164]
2019-08-24 07:08:25,951 | INFO  | DNAudit | user=null | ip=null | op=WRITE_CHUNK {blockData=conID: 2 locID: 102670696833614319 bcsId: 2166} | ret=SUCCESS |  
2019-08-24 07:08:25,954 | INFO  | DNAudit | user=null | ip=null | op=WRITE_CHUNK {blockData=conID: 2 locID: 102670696833614319 bcsId: 2166} | ret=SUCCESS |  
2019-08-24 07:08:25,954 | INFO  | DNAudit | user=null | ip=null | op=WRITE_CHUNK {blockData=conID: 2 locID: 102670696833614319 bcsId: 2166} | ret=SUCCESS |  
2019-08-24 07:08:25,955 | INFO  | DNAudit | user=null | ip=null | op=WRITE_CHUNK {blockData=conID: 2 locID: 102670696833614319 bcsId: 2160} | ret=SUCCESS |  
2019-08-24 07:08:25,955 | INFO  | DNAudit | user=null | ip=null | op=WRITE_CHUNK {blockData=conID: 2 locID: 102670696833614319 bcsId: 2160} | ret=SUCCESS |  
2019-08-24 07:08:25,958 | INFO  | DNAudit | user=null | ip=null | op=PUT_BLOCK {blockData=[blockId=conID: 2 locID: 102670696833614319 bcsId: 0,size=3145728]} | ret=SUCCESS |  
2019-08-24 07:08:25,958 | INFO  | DNAudit | user=null | ip=null | op=PUT_BLOCK {blockData=[blockId=conID: 2 locID: 102670696833614319 bcsId: 0,size=3145728]} | ret=SUCCESS |  
2019-08-24 07:08:25,959 | INFO  | DNAudit | user=null | ip=null | op=WRITE_CHUNK {blockData=conID: 2 locID: 102670696833614319 bcsId: 2166} | ret=SUCCESS |  
2019-08-24 07:08:25,959 | INFO  | DNAudit | user=null | ip=null | op=PUT_BLOCK {blockData=[blockId=conID: 2 locID: 102670696833614319 bcsId: 0,size=4194304]} | ret=SUCCESS |  
2019-08-24 07:08:25,959 [grpc-default-executor-2] INFO  client.GrpcClientProtocolClient (GrpcClientProtocolClient.java:onNext(255)) - client-6EDD19400D46->06a4573b-67a1-41e3-a350-f896363bc636: receive RaftClientReply:client-6EDD19400D46->06a4573b-67a1-41e3-a350-f896363bc636@group-757E3781CD2A, cid=1526, SUCCESS, logIndex=2169, commits[06a4573b-67a1-41e3-a350-f896363bc636:c2170, 0b725bbf-683b-4664-9a2e-3c9dd6e38bc1:c2166, 9193e3b7-ae04-484d-a740-c65c11559486:c2166]
2019-08-24 07:08:25,959 [grpc-default-executor-2] INFO  client.GrpcClientProtocolClient (GrpcClientProtocolClient.java:onNext(255)) - client-6EDD19400D46->06a4573b-67a1-41e3-a350-f896363bc636: receive RaftClientReply:client-6EDD19400D46->06a4573b-67a1-41e3-a350-f896363bc636@group-757E3781CD2A, cid=1527, SUCCESS, logIndex=2170, commits[06a4573b-67a1-41e3-a350-f896363bc636:c2170, 0b725bbf-683b-4664-9a2e-3c9dd6e38bc1:c2166, 9193e3b7-ae04-484d-a740-c65c11559486:c2166]
2019-08-24 07:08:25,970 | INFO  | DNAudit | user=null | ip=null | op=WRITE_CHUNK {blockData=conID: 2 locID: 102670696833614319 bcsId: 2166} | ret=SUCCESS |  
2019-08-24 07:08:25,970 | INFO  | DNAudit | user=null | ip=null | op=WRITE_CHUNK {blockData=conID: 2 locID: 102670696833614319 bcsId: 2166} | ret=SUCCESS |  
2019-08-24 07:08:25,974 | INFO  | DNAudit | user=null | ip=null | op=PUT_BLOCK {blockData=[blockId=conID: 2 locID: 102670696833614319 bcsId: 0,size=4194304]} | ret=SUCCESS |  
2019-08-24 07:08:25,974 | INFO  | DNAudit | user=null | ip=null | op=PUT_BLOCK {blockData=[blockId=conID: 2 locID: 102670696833614319 bcsId: 0,size=4194304]} | ret=SUCCESS |  
2019-08-24 07:08:25,974 [grpc-default-executor-2] INFO  client.GrpcClientProtocolClient (GrpcClientProtocolClient.java:onNext(255)) - client-6EDD19400D46->06a4573b-67a1-41e3-a350-f896363bc636: receive RaftClientReply:client-6EDD19400D46->06a4573b-67a1-41e3-a350-f896363bc636@group-757E3781CD2A, cid=1528, SUCCESS, logIndex=0, commits[06a4573b-67a1-41e3-a350-f896363bc636:c2172, 0b725bbf-683b-4664-9a2e-3c9dd6e38bc1:c2170, 9193e3b7-ae04-484d-a740-c65c11559486:c2170]
2019-08-24 07:08:25,978 | INFO  | SCMAudit | user=jenkins1000 | ip=192.168.69.125 | op=ALLOCATE_BLOCK {owner=61bacca8-15b6-4a50-8962-5e9786b18b0d, size=4194304, type=RATIS, factor=THREE} | ret=SUCCESS |  
2019-08-24 07:08:25,980 | INFO  | OMAudit | user=jenkins1000 | ip=127.0.0.1 | op=ALLOCATE_BLOCK {volume=vol-0-26988, bucket=bucket-0-20739, key=key-0-27353, dataSize=0, replicationType=null, replicationFactor=null, keyLocationInfo=null, clientID=102670695851229586} | ret=SUCCESS |  
2019-08-24 07:08:25,987 | INFO  | DNAudit | user=null | ip=null | op=WRITE_CHUNK {blockData=conID: 3 locID: 102670696839774704 bcsId: 0} | ret=SUCCESS |  
2019-08-24 07:08:25,990 | INFO  | DNAudit | user=null | ip=null | op=WRITE_CHUNK {blockData=conID: 3 locID: 102670696839774704 bcsId: 0} | ret=SUCCESS |  
2019-08-24 07:08:25,990 | INFO  | DNAudit | user=null | ip=null | op=WRITE_CHUNK {blockData=conID: 3 locID: 102670696839774704 bcsId: 0} | ret=SUCCESS |  
2019-08-24 07:08:25,991 | INFO  | DNAudit | user=null | ip=null | op=WRITE_CHUNK {blockData=conID: 3 locID: 102670696839774704 bcsId: 0} | ret=SUCCESS |  
2019-08-24 07:08:25,992 | INFO  | DNAudit | user=null | ip=null | op=WRITE_CHUNK {blockData=conID: 3 locID: 102670696839774704 bcsId: 0} | ret=SUCCESS |  
2019-08-24 07:08:25,993 | INFO  | DNAudit | user=null | ip=null | op=WRITE_CHUNK {blockData=conID: 3 locID: 102670696839774704 bcsId: 0} | ret=SUCCESS |  
2019-08-24 07:08:26,000 | INFO  | DNAudit | user=null | ip=null | op=WRITE_CHUNK {blockData=conID: 3 locID: 102670696839774704 bcsId: 0} | ret=SUCCESS |  
2019-08-24 07:08:26,000 | INFO  | DNAudit | user=null | ip=null | op=PUT_BLOCK {blockData=[blockId=conID: 3 locID: 102670696839774704 bcsId: 0,size=1048576]} | ret=SUCCESS |  
2019-08-24 07:08:26,000 | INFO  | DNAudit | user=null | ip=null | op=WRITE_CHUNK {blockData=conID: 3 locID: 102670696839774704 bcsId: 0} | ret=SUCCESS |  
2019-08-24 07:08:26,000 [grpc-default-executor-0] INFO  client.GrpcClientProtocolClient (GrpcClientProtocolClient.java:onNext(255)) - client-6EDD19400D46->06a4573b-67a1-41e3-a350-f896363bc636: receive RaftClientReply:client-6EDD19400D46->06a4573b-67a1-41e3-a350-f896363bc636@group-757E3781CD2A, cid=1529, SUCCESS, logIndex=2173, commits[06a4573b-67a1-41e3-a350-f896363bc636:c2174, 0b725bbf-683b-4664-9a2e-3c9dd6e38bc1:c2172, 9193e3b7-ae04-484d-a740-c65c11559486:c2172]
2019-08-24 07:08:26,001 | INFO  | DNAudit | user=null | ip=null | op=PUT_BLOCK {blockData=[blockId=conID: 3 locID: 102670696839774704 bcsId: 0,size=2097152]} | ret=SUCCESS |  
2019-08-24 07:08:26,001 [grpc-default-executor-0] INFO  client.GrpcClientProtocolClient (GrpcClientProtocolClient.java:onNext(255)) - client-6EDD19400D46->06a4573b-67a1-41e3-a350-f896363bc636: receive RaftClientReply:client-6EDD19400D46->06a4573b-67a1-41e3-a350-f896363bc636@group-757E3781CD2A, cid=1530, SUCCESS, logIndex=2174, commits[06a4573b-67a1-41e3-a350-f896363bc636:c2176, 0b725bbf-683b-4664-9a2e-3c9dd6e38bc1:c2172, 9193e3b7-ae04-484d-a740-c65c11559486:c2172]
2019-08-24 07:08:26,001 [grpc-default-executor-0] INFO  client.GrpcClientProtocolClient (GrpcClientProtocolClient.java:onNext(255)) - client-6EDD19400D46->06a4573b-67a1-41e3-a350-f896363bc636: receive RaftClientReply:client-6EDD19400D46->06a4573b-67a1-41e3-a350-f896363bc636@group-757E3781CD2A, cid=1531, SUCCESS, logIndex=2175, commits[06a4573b-67a1-41e3-a350-f896363bc636:c2176, 0b725bbf-683b-4664-9a2e-3c9dd6e38bc1:c2172, 9193e3b7-ae04-484d-a740-c65c11559486:c2172]
2019-08-24 07:08:26,001 [grpc-default-executor-0] INFO  client.GrpcClientProtocolClient (GrpcClientProtocolClient.java:onNext(255)) - client-6EDD19400D46->06a4573b-67a1-41e3-a350-f896363bc636: receive RaftClientReply:client-6EDD19400D46->06a4573b-67a1-41e3-a350-f896363bc636@group-757E3781CD2A, cid=1532, SUCCESS, logIndex=2176, commits[06a4573b-67a1-41e3-a350-f896363bc636:c2176, 0b725bbf-683b-4664-9a2e-3c9dd6e38bc1:c2172, 9193e3b7-ae04-484d-a740-c65c11559486:c2172]
2019-08-24 07:08:26,003 | INFO  | DNAudit | user=null | ip=null | op=WRITE_CHUNK {blockData=conID: 3 locID: 102670696839774704 bcsId: 0} | ret=SUCCESS |  
2019-08-24 07:08:26,013 | INFO  | DNAudit | user=null | ip=null | op=WRITE_CHUNK {blockData=conID: 3 locID: 102670696839774704 bcsId: 0} | ret=SUCCESS |  
2019-08-24 07:08:26,014 | INFO  | DNAudit | user=null | ip=null | op=PUT_BLOCK {blockData=[blockId=conID: 3 locID: 102670696839774704 bcsId: 0,size=1048576]} | ret=SUCCESS |  
2019-08-24 07:08:26,014 | INFO  | DNAudit | user=null | ip=null | op=PUT_BLOCK {blockData=[blockId=conID: 3 locID: 102670696839774704 bcsId: 0,size=1048576]} | ret=SUCCESS |  
2019-08-24 07:08:26,014 | INFO  | DNAudit | user=null | ip=null | op=WRITE_CHUNK {blockData=conID: 3 locID: 102670696839774704 bcsId: 0} | ret=SUCCESS |  
2019-08-24 07:08:26,014 | INFO  | DNAudit | user=null | ip=null | op=WRITE_CHUNK {blockData=conID: 3 locID: 102670696839774704 bcsId: 0} | ret=SUCCESS |  
2019-08-24 07:08:26,014 | INFO  | DNAudit | user=null | ip=null | op=PUT_BLOCK {blockData=[blockId=conID: 3 locID: 102670696839774704 bcsId: 0,size=2097152]} | ret=SUCCESS |  
2019-08-24 07:08:26,014 | INFO  | DNAudit | user=null | ip=null | op=PUT_BLOCK {blockData=[blockId=conID: 3 locID: 102670696839774704 bcsId: 0,size=2097152]} | ret=SUCCESS |  
2019-08-24 07:08:26,015 [grpc-default-executor-0] INFO  client.GrpcClientProtocolClient (GrpcClientProtocolClient.java:onNext(255)) - client-6EDD19400D46->06a4573b-67a1-41e3-a350-f896363bc636: receive RaftClientReply:client-6EDD19400D46->06a4573b-67a1-41e3-a350-f896363bc636@group-757E3781CD2A, cid=1533, SUCCESS, logIndex=0, commits[06a4573b-67a1-41e3-a350-f896363bc636:c2179, 0b725bbf-683b-4664-9a2e-3c9dd6e38bc1:c2175, 9193e3b7-ae04-484d-a740-c65c11559486:c2174]
2019-08-24 07:08:26,021 | INFO  | DNAudit | user=null | ip=null | op=WRITE_CHUNK {blockData=conID: 3 locID: 102670696839774704 bcsId: 2176} | ret=SUCCESS |  
2019-08-24 07:08:26,024 | INFO  | DNAudit | user=null | ip=null | op=WRITE_CHUNK {blockData=conID: 3 locID: 102670696839774704 bcsId: 2176} | ret=SUCCESS |  
2019-08-24 07:08:26,024 | INFO  | DNAudit | user=null | ip=null | op=WRITE_CHUNK {blockData=conID: 3 locID: 102670696839774704 bcsId: 2176} | ret=SUCCESS |  
2019-08-24 07:08:26,034 | INFO  | DNAudit | user=null | ip=null | op=WRITE_CHUNK {blockData=conID: 3 locID: 102670696839774704 bcsId: 2176} | ret=SUCCESS |  
2019-08-24 07:08:26,034 | INFO  | DNAudit | user=null | ip=null | op=PUT_BLOCK {blockData=[blockId=conID: 3 locID: 102670696839774704 bcsId: 0,size=3145728]} | ret=SUCCESS |  
2019-08-24 07:08:26,035 [grpc-default-executor-5] INFO  client.GrpcClientProtocolClient (GrpcClientProtocolClient.java:onNext(255)) - client-6EDD19400D46->06a4573b-67a1-41e3-a350-f896363bc636: receive RaftClientReply:client-6EDD19400D46->06a4573b-67a1-41e3-a350-f896363bc636@group-757E3781CD2A, cid=1534, SUCCESS, logIndex=2181, commits[06a4573b-67a1-41e3-a350-f896363bc636:c2182, 0b725bbf-683b-4664-9a2e-3c9dd6e38bc1:c2180, 9193e3b7-ae04-484d-a740-c65c11559486:c2180]
2019-08-24 07:08:26,035 [grpc-default-executor-5] INFO  client.GrpcClientProtocolClient (GrpcClientProtocolClient.java:onNext(255)) - client-6EDD19400D46->06a4573b-67a1-41e3-a350-f896363bc636: receive RaftClientReply:client-6EDD19400D46->06a4573b-67a1-41e3-a350-f896363bc636@group-757E3781CD2A, cid=1535, SUCCESS, logIndex=2182, commits[06a4573b-67a1-41e3-a350-f896363bc636:c2182, 0b725bbf-683b-4664-9a2e-3c9dd6e38bc1:c2180, 9193e3b7-ae04-484d-a740-c65c11559486:c2180]
2019-08-24 07:08:26,041 | INFO  | DNAudit | user=null | ip=null | op=WRITE_CHUNK {blockData=conID: 3 locID: 102670696839774704 bcsId: 2182} | ret=SUCCESS |  
2019-08-24 07:08:26,043 | INFO  | DNAudit | user=null | ip=null | op=WRITE_CHUNK {blockData=conID: 3 locID: 102670696839774704 bcsId: 2182} | ret=SUCCESS |  
2019-08-24 07:08:26,043 | INFO  | DNAudit | user=null | ip=null | op=WRITE_CHUNK {blockData=conID: 3 locID: 102670696839774704 bcsId: 2182} | ret=SUCCESS |  
2019-08-24 07:08:26,046 | INFO  | DNAudit | user=null | ip=null | op=WRITE_CHUNK {blockData=conID: 3 locID: 102670696839774704 bcsId: 2176} | ret=SUCCESS |  
2019-08-24 07:08:26,046 | INFO  | DNAudit | user=null | ip=null | op=WRITE_CHUNK {blockData=conID: 3 locID: 102670696839774704 bcsId: 2176} | ret=SUCCESS |  
2019-08-24 07:08:26,046 | INFO  | DNAudit | user=null | ip=null | op=PUT_BLOCK {blockData=[blockId=conID: 3 locID: 102670696839774704 bcsId: 0,size=3145728]} | ret=SUCCESS |  
2019-08-24 07:08:26,046 | INFO  | DNAudit | user=null | ip=null | op=PUT_BLOCK {blockData=[blockId=conID: 3 locID: 102670696839774704 bcsId: 0,size=3145728]} | ret=SUCCESS |  
2019-08-24 07:08:26,049 | INFO  | DNAudit | user=null | ip=null | op=WRITE_CHUNK {blockData=conID: 3 locID: 102670696839774704 bcsId: 2182} | ret=SUCCESS |  
2019-08-24 07:08:26,049 | INFO  | DNAudit | user=null | ip=null | op=PUT_BLOCK {blockData=[blockId=conID: 3 locID: 102670696839774704 bcsId: 0,size=4194304]} | ret=SUCCESS |  
2019-08-24 07:08:26,050 [grpc-default-executor-5] INFO  client.GrpcClientProtocolClient (GrpcClientProtocolClient.java:onNext(255)) - client-6EDD19400D46->06a4573b-67a1-41e3-a350-f896363bc636: receive RaftClientReply:client-6EDD19400D46->06a4573b-67a1-41e3-a350-f896363bc636@group-757E3781CD2A, cid=1536, SUCCESS, logIndex=2185, commits[06a4573b-67a1-41e3-a350-f896363bc636:c2185, 0b725bbf-683b-4664-9a2e-3c9dd6e38bc1:c2182, 9193e3b7-ae04-484d-a740-c65c11559486:c2182]
2019-08-24 07:08:26,050 [grpc-default-executor-5] INFO  client.GrpcClientProtocolClient (GrpcClientProtocolClient.java:onNext(255)) - client-6EDD19400D46->06a4573b-67a1-41e3-a350-f896363bc636: receive RaftClientReply:client-6EDD19400D46->06a4573b-67a1-41e3-a350-f896363bc636@group-757E3781CD2A, cid=1537, SUCCESS, logIndex=2186, commits[06a4573b-67a1-41e3-a350-f896363bc636:c2186, 0b725bbf-683b-4664-9a2e-3c9dd6e38bc1:c2182, 9193e3b7-ae04-484d-a740-c65c11559486:c2182]
2019-08-24 07:08:26,075 | INFO  | DNAudit | user=null | ip=null | op=WRITE_CHUNK {blockData=conID: 3 locID: 102670696839774704 bcsId: 2182} | ret=SUCCESS |  
2019-08-24 07:08:26,075 | INFO  | DNAudit | user=null | ip=null | op=WRITE_CHUNK {blockData=conID: 3 locID: 102670696839774704 bcsId: 2182} | ret=SUCCESS |  
2019-08-24 07:08:26,078 | INFO  | DNAudit | user=null | ip=null | op=PUT_BLOCK {blockData=[blockId=conID: 3 locID: 102670696839774704 bcsId: 0,size=4194304]} | ret=SUCCESS |  
2019-08-24 07:08:26,078 | INFO  | DNAudit | user=null | ip=null | op=PUT_BLOCK {blockData=[blockId=conID: 3 locID: 102670696839774704 bcsId: 0,size=4194304]} | ret=SUCCESS |  
2019-08-24 07:08:26,078 [grpc-default-executor-0] INFO  client.GrpcClientProtocolClient (GrpcClientProtocolClient.java:onNext(255)) - client-6EDD19400D46->06a4573b-67a1-41e3-a350-f896363bc636: receive RaftClientReply:client-6EDD19400D46->06a4573b-67a1-41e3-a350-f896363bc636@group-757E3781CD2A, cid=1538, SUCCESS, logIndex=0, commits[06a4573b-67a1-41e3-a350-f896363bc636:c2188, 0b725bbf-683b-4664-9a2e-3c9dd6e38bc1:c2186, 9193e3b7-ae04-484d-a740-c65c11559486:c2186]
2019-08-24 07:08:26,083 | INFO  | SCMAudit | user=jenkins1000 | ip=192.168.69.125 | op=ALLOCATE_BLOCK {owner=61bacca8-15b6-4a50-8962-5e9786b18b0d, size=4194304, type=RATIS, factor=THREE} | ret=SUCCESS |  
2019-08-24 07:08:26,087 | INFO  | OMAudit | user=jenkins1000 | ip=127.0.0.1 | op=ALLOCATE_BLOCK {volume=vol-0-26988, bucket=bucket-0-20739, key=key-0-27353, dataSize=0, replicationType=null, replicationFactor=null, keyLocationInfo=null, clientID=102670695851229586} | ret=SUCCESS |  
2019-08-24 07:08:26,094 | INFO  | DNAudit | user=null | ip=null | op=WRITE_CHUNK {blockData=conID: 1 locID: 102670696846655985 bcsId: 0} | ret=SUCCESS |  
2019-08-24 07:08:26,096 | INFO  | DNAudit | user=null | ip=null | op=WRITE_CHUNK {blockData=conID: 1 locID: 102670696846655985 bcsId: 0} | ret=SUCCESS |  
2019-08-24 07:08:26,096 | INFO  | DNAudit | user=null | ip=null | op=WRITE_CHUNK {blockData=conID: 1 locID: 102670696846655985 bcsId: 0} | ret=SUCCESS |  
2019-08-24 07:08:26,097 | INFO  | DNAudit | user=null | ip=null | op=WRITE_CHUNK {blockData=conID: 1 locID: 102670696846655985 bcsId: 0} | ret=SUCCESS |  
2019-08-24 07:08:26,098 | INFO  | DNAudit | user=null | ip=null | op=WRITE_CHUNK {blockData=conID: 1 locID: 102670696846655985 bcsId: 0} | ret=SUCCESS |  
2019-08-24 07:08:26,098 | INFO  | DNAudit | user=null | ip=null | op=WRITE_CHUNK {blockData=conID: 1 locID: 102670696846655985 bcsId: 0} | ret=SUCCESS |  
2019-08-24 07:08:26,109 | INFO  | DNAudit | user=null | ip=null | op=WRITE_CHUNK {blockData=conID: 1 locID: 102670696846655985 bcsId: 0} | ret=SUCCESS |  
2019-08-24 07:08:26,109 | INFO  | DNAudit | user=null | ip=null | op=PUT_BLOCK {blockData=[blockId=conID: 1 locID: 102670696846655985 bcsId: 0,size=1048576]} | ret=SUCCESS |  
2019-08-24 07:08:26,110 | INFO  | DNAudit | user=null | ip=null | op=WRITE_CHUNK {blockData=conID: 1 locID: 102670696846655985 bcsId: 0} | ret=SUCCESS |  
2019-08-24 07:08:26,110 [grpc-default-executor-5] INFO  client.GrpcClientProtocolClient (GrpcClientProtocolClient.java:onNext(255)) - client-6EDD19400D46->06a4573b-67a1-41e3-a350-f896363bc636: receive RaftClientReply:client-6EDD19400D46->06a4573b-67a1-41e3-a350-f896363bc636@group-757E3781CD2A, cid=1539, SUCCESS, logIndex=2189, commits[06a4573b-67a1-41e3-a350-f896363bc636:c2191, 0b725bbf-683b-4664-9a2e-3c9dd6e38bc1:c2188, 9193e3b7-ae04-484d-a740-c65c11559486:c2188]
2019-08-24 07:08:26,110 | INFO  | DNAudit | user=null | ip=null | op=PUT_BLOCK {blockData=[blockId=conID: 1 locID: 102670696846655985 bcsId: 0,size=2097152]} | ret=SUCCESS |  
2019-08-24 07:08:26,110 [grpc-default-executor-5] INFO  client.GrpcClientProtocolClient (GrpcClientProtocolClient.java:onNext(255)) - client-6EDD19400D46->06a4573b-67a1-41e3-a350-f896363bc636: receive RaftClientReply:client-6EDD19400D46->06a4573b-67a1-41e3-a350-f896363bc636@group-757E3781CD2A, cid=1540, SUCCESS, logIndex=2190, commits[06a4573b-67a1-41e3-a350-f896363bc636:c2192, 0b725bbf-683b-4664-9a2e-3c9dd6e38bc1:c2188, 9193e3b7-ae04-484d-a740-c65c11559486:c2188]
2019-08-24 07:08:26,110 [grpc-default-executor-5] INFO  client.GrpcClientProtocolClient (GrpcClientProtocolClient.java:onNext(255)) - client-6EDD19400D46->06a4573b-67a1-41e3-a350-f896363bc636: receive RaftClientReply:client-6EDD19400D46->06a4573b-67a1-41e3-a350-f896363bc636@group-757E3781CD2A, cid=1541, SUCCESS, logIndex=2191, commits[06a4573b-67a1-41e3-a350-f896363bc636:c2192, 0b725bbf-683b-4664-9a2e-3c9dd6e38bc1:c2188, 9193e3b7-ae04-484d-a740-c65c11559486:c2188]
2019-08-24 07:08:26,111 [grpc-default-executor-5] INFO  client.GrpcClientProtocolClient (GrpcClientProtocolClient.java:onNext(255)) - client-6EDD19400D46->06a4573b-67a1-41e3-a350-f896363bc636: receive RaftClientReply:client-6EDD19400D46->06a4573b-67a1-41e3-a350-f896363bc636@group-757E3781CD2A, cid=1542, SUCCESS, logIndex=2192, commits[06a4573b-67a1-41e3-a350-f896363bc636:c2192, 0b725bbf-683b-4664-9a2e-3c9dd6e38bc1:c2188, 9193e3b7-ae04-484d-a740-c65c11559486:c2188]
2019-08-24 07:08:26,121 | INFO  | DNAudit | user=null | ip=null | op=WRITE_CHUNK {blockData=conID: 1 locID: 102670696846655985 bcsId: 0} | ret=SUCCESS |  
2019-08-24 07:08:26,121 | INFO  | DNAudit | user=null | ip=null | op=WRITE_CHUNK {blockData=conID: 1 locID: 102670696846655985 bcsId: 0} | ret=SUCCESS |  
2019-08-24 07:08:26,121 | INFO  | DNAudit | user=null | ip=null | op=PUT_BLOCK {blockData=[blockId=conID: 1 locID: 102670696846655985 bcsId: 0,size=1048576]} | ret=SUCCESS |  
2019-08-24 07:08:26,121 | INFO  | DNAudit | user=null | ip=null | op=PUT_BLOCK {blockData=[blockId=conID: 1 locID: 102670696846655985 bcsId: 0,size=1048576]} | ret=SUCCESS |  
2019-08-24 07:08:26,121 | INFO  | DNAudit | user=null | ip=null | op=WRITE_CHUNK {blockData=conID: 1 locID: 102670696846655985 bcsId: 0} | ret=SUCCESS |  
2019-08-24 07:08:26,121 [grpc-default-executor-5] INFO  client.GrpcClientProtocolClient (GrpcClientProtocolClient.java:onNext(255)) - client-6EDD19400D46->06a4573b-67a1-41e3-a350-f896363bc636: receive RaftClientReply:client-6EDD19400D46->06a4573b-67a1-41e3-a350-f896363bc636@group-757E3781CD2A, cid=1543, SUCCESS, logIndex=0, commits[06a4573b-67a1-41e3-a350-f896363bc636:c2193, 0b725bbf-683b-4664-9a2e-3c9dd6e38bc1:c2190, 9193e3b7-ae04-484d-a740-c65c11559486:c2190]
2019-08-24 07:08:26,122 | INFO  | DNAudit | user=null | ip=null | op=WRITE_CHUNK {blockData=conID: 1 locID: 102670696846655985 bcsId: 0} | ret=SUCCESS |  
2019-08-24 07:08:26,122 | INFO  | DNAudit | user=null | ip=null | op=PUT_BLOCK {blockData=[blockId=conID: 1 locID: 102670696846655985 bcsId: 0,size=2097152]} | ret=SUCCESS |  
2019-08-24 07:08:26,122 | INFO  | DNAudit | user=null | ip=null | op=PUT_BLOCK {blockData=[blockId=conID: 1 locID: 102670696846655985 bcsId: 0,size=2097152]} | ret=SUCCESS |  
2019-08-24 07:08:26,129 | INFO  | DNAudit | user=null | ip=null | op=WRITE_CHUNK {blockData=conID: 1 locID: 102670696846655985 bcsId: 2192} | ret=SUCCESS |  
2019-08-24 07:08:26,131 | INFO  | DNAudit | user=null | ip=null | op=WRITE_CHUNK {blockData=conID: 1 locID: 102670696846655985 bcsId: 2192} | ret=SUCCESS |  
2019-08-24 07:08:26,131 | INFO  | DNAudit | user=null | ip=null | op=WRITE_CHUNK {blockData=conID: 1 locID: 102670696846655985 bcsId: 2192} | ret=SUCCESS |  
2019-08-24 07:08:26,142 | INFO  | DNAudit | user=null | ip=null | op=WRITE_CHUNK {blockData=conID: 1 locID: 102670696846655985 bcsId: 2192} | ret=SUCCESS |  
2019-08-24 07:08:26,143 | INFO  | DNAudit | user=null | ip=null | op=PUT_BLOCK {blockData=[blockId=conID: 1 locID: 102670696846655985 bcsId: 0,size=3145728]} | ret=SUCCESS |  
2019-08-24 07:08:26,143 [grpc-default-executor-0] INFO  client.GrpcClientProtocolClient (GrpcClientProtocolClient.java:onNext(255)) - client-6EDD19400D46->06a4573b-67a1-41e3-a350-f896363bc636: receive RaftClientReply:client-6EDD19400D46->06a4573b-67a1-41e3-a350-f896363bc636@group-757E3781CD2A, cid=1544, SUCCESS, logIndex=2197, commits[06a4573b-67a1-41e3-a350-f896363bc636:c2198, 0b725bbf-683b-4664-9a2e-3c9dd6e38bc1:c2196, 9193e3b7-ae04-484d-a740-c65c11559486:c2196]
2019-08-24 07:08:26,143 [grpc-default-executor-0] INFO  client.GrpcClientProtocolClient (GrpcClientProtocolClient.java:onNext(255)) - client-6EDD19400D46->06a4573b-67a1-41e3-a350-f896363bc636: receive RaftClientReply:client-6EDD19400D46->06a4573b-67a1-41e3-a350-f896363bc636@group-757E3781CD2A, cid=1545, SUCCESS, logIndex=2198, commits[06a4573b-67a1-41e3-a350-f896363bc636:c2198, 0b725bbf-683b-4664-9a2e-3c9dd6e38bc1:c2196, 9193e3b7-ae04-484d-a740-c65c11559486:c2196]
2019-08-24 07:08:26,149 | INFO  | DNAudit | user=null | ip=null | op=WRITE_CHUNK {blockData=conID: 1 locID: 102670696846655985 bcsId: 2198} | ret=SUCCESS |  
2019-08-24 07:08:26,152 | INFO  | DNAudit | user=null | ip=null | op=WRITE_CHUNK {blockData=conID: 1 locID: 102670696846655985 bcsId: 2198} | ret=SUCCESS |  
2019-08-24 07:08:26,153 | INFO  | DNAudit | user=null | ip=null | op=WRITE_CHUNK {blockData=conID: 1 locID: 102670696846655985 bcsId: 2198} | ret=SUCCESS |  
2019-08-24 07:08:26,154 | INFO  | DNAudit | user=null | ip=null | op=WRITE_CHUNK {blockData=conID: 1 locID: 102670696846655985 bcsId: 2192} | ret=SUCCESS |  
2019-08-24 07:08:26,154 | INFO  | DNAudit | user=null | ip=null | op=WRITE_CHUNK {blockData=conID: 1 locID: 102670696846655985 bcsId: 2192} | ret=SUCCESS |  
2019-08-24 07:08:26,155 | INFO  | DNAudit | user=null | ip=null | op=PUT_BLOCK {blockData=[blockId=conID: 1 locID: 102670696846655985 bcsId: 0,size=3145728]} | ret=SUCCESS |  
2019-08-24 07:08:26,155 | INFO  | DNAudit | user=null | ip=null | op=PUT_BLOCK {blockData=[blockId=conID: 1 locID: 102670696846655985 bcsId: 0,size=3145728]} | ret=SUCCESS |  
2019-08-24 07:08:26,156 | INFO  | DNAudit | user=null | ip=null | op=WRITE_CHUNK {blockData=conID: 1 locID: 102670696846655985 bcsId: 2198} | ret=SUCCESS |  
2019-08-24 07:08:26,156 | INFO  | DNAudit | user=null | ip=null | op=PUT_BLOCK {blockData=[blockId=conID: 1 locID: 102670696846655985 bcsId: 0,size=4194304]} | ret=SUCCESS |  
2019-08-24 07:08:26,156 [grpc-default-executor-0] INFO  client.GrpcClientProtocolClient (GrpcClientProtocolClient.java:onNext(255)) - client-6EDD19400D46->06a4573b-67a1-41e3-a350-f896363bc636: receive RaftClientReply:client-6EDD19400D46->06a4573b-67a1-41e3-a350-f896363bc636@group-757E3781CD2A, cid=1546, SUCCESS, logIndex=2201, commits[06a4573b-67a1-41e3-a350-f896363bc636:c2202, 0b725bbf-683b-4664-9a2e-3c9dd6e38bc1:c2198, 9193e3b7-ae04-484d-a740-c65c11559486:c2198]
2019-08-24 07:08:26,157 [grpc-default-executor-0] INFO  client.GrpcClientProtocolClient (GrpcClientProtocolClient.java:onNext(255)) - client-6EDD19400D46->06a4573b-67a1-41e3-a350-f896363bc636: receive RaftClientReply:client-6EDD19400D46->06a4573b-67a1-41e3-a350-f896363bc636@group-757E3781CD2A, cid=1547, SUCCESS, logIndex=2202, commits[06a4573b-67a1-41e3-a350-f896363bc636:c2202, 0b725bbf-683b-4664-9a2e-3c9dd6e38bc1:c2198, 9193e3b7-ae04-484d-a740-c65c11559486:c2198]
2019-08-24 07:08:26,167 | INFO  | DNAudit | user=null | ip=null | op=WRITE_CHUNK {blockData=conID: 1 locID: 102670696846655985 bcsId: 2198} | ret=SUCCESS |  
2019-08-24 07:08:26,167 | INFO  | DNAudit | user=null | ip=null | op=WRITE_CHUNK {blockData=conID: 1 locID: 102670696846655985 bcsId: 2198} | ret=SUCCESS |  
2019-08-24 07:08:26,170 | INFO  | DNAudit | user=null | ip=null | op=PUT_BLOCK {blockData=[blockId=conID: 1 locID: 102670696846655985 bcsId: 0,size=4194304]} | ret=SUCCESS |  
2019-08-24 07:08:26,170 | INFO  | DNAudit | user=null | ip=null | op=PUT_BLOCK {blockData=[blockId=conID: 1 locID: 102670696846655985 bcsId: 0,size=4194304]} | ret=SUCCESS |  
2019-08-24 07:08:26,170 [grpc-default-executor-0] INFO  client.GrpcClientProtocolClient (GrpcClientProtocolClient.java:onNext(255)) - client-6EDD19400D46->06a4573b-67a1-41e3-a350-f896363bc636: receive RaftClientReply:client-6EDD19400D46->06a4573b-67a1-41e3-a350-f896363bc636@group-757E3781CD2A, cid=1548, SUCCESS, logIndex=0, commits[06a4573b-67a1-41e3-a350-f896363bc636:c2204, 0b725bbf-683b-4664-9a2e-3c9dd6e38bc1:c2202, 9193e3b7-ae04-484d-a740-c65c11559486:c2202]
2019-08-24 07:08:26,174 | INFO  | SCMAudit | user=jenkins1000 | ip=192.168.69.125 | op=ALLOCATE_BLOCK {owner=61bacca8-15b6-4a50-8962-5e9786b18b0d, size=4194304, type=RATIS, factor=THREE} | ret=SUCCESS |  
2019-08-24 07:08:26,177 | INFO  | OMAudit | user=jenkins1000 | ip=127.0.0.1 | op=ALLOCATE_BLOCK {volume=vol-0-26988, bucket=bucket-0-20739, key=key-0-27353, dataSize=0, replicationType=null, replicationFactor=null, keyLocationInfo=null, clientID=102670695851229586} | ret=SUCCESS |  
2019-08-24 07:08:26,183 | INFO  | DNAudit | user=null | ip=null | op=WRITE_CHUNK {blockData=conID: 2 locID: 102670696852619762 bcsId: 0} | ret=SUCCESS |  
2019-08-24 07:08:26,186 | INFO  | DNAudit | user=null | ip=null | op=WRITE_CHUNK {blockData=conID: 2 locID: 102670696852619762 bcsId: 0} | ret=SUCCESS |  
2019-08-24 07:08:26,186 | INFO  | DNAudit | user=null | ip=null | op=WRITE_CHUNK {blockData=conID: 2 locID: 102670696852619762 bcsId: 0} | ret=SUCCESS |  
2019-08-24 07:08:26,187 | INFO  | DNAudit | user=null | ip=null | op=WRITE_CHUNK {blockData=conID: 2 locID: 102670696852619762 bcsId: 0} | ret=SUCCESS |  
2019-08-24 07:08:26,188 | INFO  | DNAudit | user=null | ip=null | op=WRITE_CHUNK {blockData=conID: 2 locID: 102670696852619762 bcsId: 0} | ret=SUCCESS |  
2019-08-24 07:08:26,189 | INFO  | DNAudit | user=null | ip=null | op=WRITE_CHUNK {blockData=conID: 2 locID: 102670696852619762 bcsId: 0} | ret=SUCCESS |  
2019-08-24 07:08:26,195 | INFO  | DNAudit | user=null | ip=null | op=WRITE_CHUNK {blockData=conID: 2 locID: 102670696852619762 bcsId: 0} | ret=SUCCESS |  
2019-08-24 07:08:26,196 | INFO  | DNAudit | user=null | ip=null | op=PUT_BLOCK {blockData=[blockId=conID: 2 locID: 102670696852619762 bcsId: 0,size=1048576]} | ret=SUCCESS |  
2019-08-24 07:08:26,196 [grpc-default-executor-5] INFO  client.GrpcClientProtocolClient (GrpcClientProtocolClient.java:onNext(255)) - client-6EDD19400D46->06a4573b-67a1-41e3-a350-f896363bc636: receive RaftClientReply:client-6EDD19400D46->06a4573b-67a1-41e3-a350-f896363bc636@group-757E3781CD2A, cid=1549, SUCCESS, logIndex=2205, commits[06a4573b-67a1-41e3-a350-f896363bc636:c2207, 0b725bbf-683b-4664-9a2e-3c9dd6e38bc1:c2204, 9193e3b7-ae04-484d-a740-c65c11559486:c2204]
2019-08-24 07:08:26,196 | INFO  | DNAudit | user=null | ip=null | op=WRITE_CHUNK {blockData=conID: 2 locID: 102670696852619762 bcsId: 0} | ret=SUCCESS |  
2019-08-24 07:08:26,197 | INFO  | DNAudit | user=null | ip=null | op=PUT_BLOCK {blockData=[blockId=conID: 2 locID: 102670696852619762 bcsId: 0,size=2097152]} | ret=SUCCESS |  
2019-08-24 07:08:26,197 [grpc-default-executor-5] INFO  client.GrpcClientProtocolClient (GrpcClientProtocolClient.java:onNext(255)) - client-6EDD19400D46->06a4573b-67a1-41e3-a350-f896363bc636: receive RaftClientReply:client-6EDD19400D46->06a4573b-67a1-41e3-a350-f896363bc636@group-757E3781CD2A, cid=1550, SUCCESS, logIndex=2206, commits[06a4573b-67a1-41e3-a350-f896363bc636:c2208, 0b725bbf-683b-4664-9a2e-3c9dd6e38bc1:c2204, 9193e3b7-ae04-484d-a740-c65c11559486:c2204]
2019-08-24 07:08:26,197 [grpc-default-executor-5] INFO  client.GrpcClientProtocolClient (GrpcClientProtocolClient.java:onNext(255)) - client-6EDD19400D46->06a4573b-67a1-41e3-a350-f896363bc636: receive RaftClientReply:client-6EDD19400D46->06a4573b-67a1-41e3-a350-f896363bc636@group-757E3781CD2A, cid=1551, SUCCESS, logIndex=2207, commits[06a4573b-67a1-41e3-a350-f896363bc636:c2208, 0b725bbf-683b-4664-9a2e-3c9dd6e38bc1:c2204, 9193e3b7-ae04-484d-a740-c65c11559486:c2204]
2019-08-24 07:08:26,197 [grpc-default-executor-5] INFO  client.GrpcClientProtocolClient (GrpcClientProtocolClient.java:onNext(255)) - client-6EDD19400D46->06a4573b-67a1-41e3-a350-f896363bc636: receive RaftClientReply:client-6EDD19400D46->06a4573b-67a1-41e3-a350-f896363bc636@group-757E3781CD2A, cid=1552, SUCCESS, logIndex=2208, commits[06a4573b-67a1-41e3-a350-f896363bc636:c2208, 0b725bbf-683b-4664-9a2e-3c9dd6e38bc1:c2204, 9193e3b7-ae04-484d-a740-c65c11559486:c2204]
2019-08-24 07:08:26,197 | INFO  | DNAudit | user=null | ip=null | op=WRITE_CHUNK {blockData=conID: 2 locID: 102670696852619762 bcsId: 0} | ret=SUCCESS |  
2019-08-24 07:08:26,198 | INFO  | DNAudit | user=null | ip=null | op=PUT_BLOCK {blockData=[blockId=conID: 2 locID: 102670696852619762 bcsId: 0,size=1048576]} | ret=SUCCESS |  
2019-08-24 07:08:26,200 | INFO  | DNAudit | user=null | ip=null | op=WRITE_CHUNK {blockData=conID: 2 locID: 102670696852619762 bcsId: 0} | ret=SUCCESS |  
2019-08-24 07:08:26,200 | INFO  | DNAudit | user=null | ip=null | op=PUT_BLOCK {blockData=[blockId=conID: 2 locID: 102670696852619762 bcsId: 0,size=1048576]} | ret=SUCCESS |  
2019-08-24 07:08:26,200 [grpc-default-executor-5] INFO  client.GrpcClientProtocolClient (GrpcClientProtocolClient.java:onNext(255)) - client-6EDD19400D46->06a4573b-67a1-41e3-a350-f896363bc636: receive RaftClientReply:client-6EDD19400D46->06a4573b-67a1-41e3-a350-f896363bc636@group-757E3781CD2A, cid=1553, SUCCESS, logIndex=0, commits[06a4573b-67a1-41e3-a350-f896363bc636:c2209, 0b725bbf-683b-4664-9a2e-3c9dd6e38bc1:c2206, 9193e3b7-ae04-484d-a740-c65c11559486:c2206]
2019-08-24 07:08:26,200 | INFO  | DNAudit | user=null | ip=null | op=WRITE_CHUNK {blockData=conID: 2 locID: 102670696852619762 bcsId: 0} | ret=SUCCESS |  
2019-08-24 07:08:26,201 | INFO  | DNAudit | user=null | ip=null | op=PUT_BLOCK {blockData=[blockId=conID: 2 locID: 102670696852619762 bcsId: 0,size=2097152]} | ret=SUCCESS |  
 0.00% |█                                                                                                    |  0/1 Time: 0:00:152019-08-24 07:08:26,206 | INFO  | DNAudit | user=null | ip=null | op=WRITE_CHUNK {blockData=conID: 2 locID: 102670696852619762 bcsId: 2208} | ret=SUCCESS |  
2019-08-24 07:08:26,209 | INFO  | DNAudit | user=null | ip=null | op=WRITE_CHUNK {blockData=conID: 2 locID: 102670696852619762 bcsId: 2208} | ret=SUCCESS |  
2019-08-24 07:08:26,209 | INFO  | DNAudit | user=null | ip=null | op=WRITE_CHUNK {blockData=conID: 2 locID: 102670696852619762 bcsId: 2208} | ret=SUCCESS |  
2019-08-24 07:08:26,210 | INFO  | DNAudit | user=null | ip=null | op=WRITE_CHUNK {blockData=conID: 2 locID: 102670696852619762 bcsId: 0} | ret=SUCCESS |  
2019-08-24 07:08:26,211 | INFO  | DNAudit | user=null | ip=null | op=PUT_BLOCK {blockData=[blockId=conID: 2 locID: 102670696852619762 bcsId: 0,size=2097152]} | ret=SUCCESS |  
2019-08-24 07:08:26,211 | INFO  | DNAudit | user=null | ip=null | op=WRITE_CHUNK {blockData=conID: 2 locID: 102670696852619762 bcsId: 2208} | ret=SUCCESS |  
2019-08-24 07:08:26,211 | INFO  | DNAudit | user=null | ip=null | op=PUT_BLOCK {blockData=[blockId=conID: 2 locID: 102670696852619762 bcsId: 0,size=3145728]} | ret=SUCCESS |  
2019-08-24 07:08:26,211 [grpc-default-executor-5] INFO  client.GrpcClientProtocolClient (GrpcClientProtocolClient.java:onNext(255)) - client-6EDD19400D46->06a4573b-67a1-41e3-a350-f896363bc636: receive RaftClientReply:client-6EDD19400D46->06a4573b-67a1-41e3-a350-f896363bc636@group-757E3781CD2A, cid=1554, SUCCESS, logIndex=2213, commits[06a4573b-67a1-41e3-a350-f896363bc636:c2214, 0b725bbf-683b-4664-9a2e-3c9dd6e38bc1:c2212, 9193e3b7-ae04-484d-a740-c65c11559486:c2208]
2019-08-24 07:08:26,212 [grpc-default-executor-5] INFO  client.GrpcClientProtocolClient (GrpcClientProtocolClient.java:onNext(255)) - client-6EDD19400D46->06a4573b-67a1-41e3-a350-f896363bc636: receive RaftClientReply:client-6EDD19400D46->06a4573b-67a1-41e3-a350-f896363bc636@group-757E3781CD2A, cid=1555, SUCCESS, logIndex=2214, commits[06a4573b-67a1-41e3-a350-f896363bc636:c2214, 0b725bbf-683b-4664-9a2e-3c9dd6e38bc1:c2212, 9193e3b7-ae04-484d-a740-c65c11559486:c2212]
2019-08-24 07:08:26,212 | INFO  | DNAudit | user=null | ip=null | op=WRITE_CHUNK {blockData=conID: 2 locID: 102670696852619762 bcsId: 2208} | ret=SUCCESS |  
2019-08-24 07:08:26,212 | INFO  | DNAudit | user=null | ip=null | op=WRITE_CHUNK {blockData=conID: 2 locID: 102670696852619762 bcsId: 2208} | ret=SUCCESS |  
2019-08-24 07:08:26,212 | INFO  | DNAudit | user=null | ip=null | op=PUT_BLOCK {blockData=[blockId=conID: 2 locID: 102670696852619762 bcsId: 0,size=3145728]} | ret=SUCCESS |  
2019-08-24 07:08:26,213 | INFO  | DNAudit | user=null | ip=null | op=PUT_BLOCK {blockData=[blockId=conID: 2 locID: 102670696852619762 bcsId: 0,size=3145728]} | ret=SUCCESS |  
2019-08-24 07:08:26,218 | INFO  | DNAudit | user=null | ip=null | op=WRITE_CHUNK {blockData=conID: 2 locID: 102670696852619762 bcsId: 2214} | ret=SUCCESS |  
2019-08-24 07:08:26,220 | INFO  | DNAudit | user=null | ip=null | op=WRITE_CHUNK {blockData=conID: 2 locID: 102670696852619762 bcsId: 2214} | ret=SUCCESS |  
2019-08-24 07:08:26,220 | INFO  | DNAudit | user=null | ip=null | op=WRITE_CHUNK {blockData=conID: 2 locID: 102670696852619762 bcsId: 2214} | ret=SUCCESS |  
2019-08-24 07:08:26,230 | INFO  | DNAudit | user=null | ip=null | op=WRITE_CHUNK {blockData=conID: 2 locID: 102670696852619762 bcsId: 2214} | ret=SUCCESS |  
2019-08-24 07:08:26,231 | INFO  | DNAudit | user=null | ip=null | op=PUT_BLOCK {blockData=[blockId=conID: 2 locID: 102670696852619762 bcsId: 0,size=4194304]} | ret=SUCCESS |  
2019-08-24 07:08:26,231 [grpc-default-executor-1] INFO  client.GrpcClientProtocolClient (GrpcClientProtocolClient.java:onNext(255)) - client-6EDD19400D46->06a4573b-67a1-41e3-a350-f896363bc636: receive RaftClientReply:client-6EDD19400D46->06a4573b-67a1-41e3-a350-f896363bc636@group-757E3781CD2A, cid=1556, SUCCESS, logIndex=2217, commits[06a4573b-67a1-41e3-a350-f896363bc636:c2218, 0b725bbf-683b-4664-9a2e-3c9dd6e38bc1:c2216, 9193e3b7-ae04-484d-a740-c65c11559486:c2216]
2019-08-24 07:08:26,231 [grpc-default-executor-1] INFO  client.GrpcClientProtocolClient (GrpcClientProtocolClient.java:onNext(255)) - client-6EDD19400D46->06a4573b-67a1-41e3-a350-f896363bc636: receive RaftClientReply:client-6EDD19400D46->06a4573b-67a1-41e3-a350-f896363bc636@group-757E3781CD2A, cid=1557, SUCCESS, logIndex=2218, commits[06a4573b-67a1-41e3-a350-f896363bc636:c2218, 0b725bbf-683b-4664-9a2e-3c9dd6e38bc1:c2216, 9193e3b7-ae04-484d-a740-c65c11559486:c2216]
2019-08-24 07:08:26,242 | INFO  | DNAudit | user=null | ip=null | op=WRITE_CHUNK {blockData=conID: 2 locID: 102670696852619762 bcsId: 2214} | ret=SUCCESS |  
2019-08-24 07:08:26,242 | INFO  | DNAudit | user=null | ip=null | op=WRITE_CHUNK {blockData=conID: 2 locID: 102670696852619762 bcsId: 2214} | ret=SUCCESS |  
2019-08-24 07:08:26,245 | INFO  | DNAudit | user=null | ip=null | op=PUT_BLOCK {blockData=[blockId=conID: 2 locID: 102670696852619762 bcsId: 0,size=4194304]} | ret=SUCCESS |  
2019-08-24 07:08:26,245 | INFO  | DNAudit | user=null | ip=null | op=PUT_BLOCK {blockData=[blockId=conID: 2 locID: 102670696852619762 bcsId: 0,size=4194304]} | ret=SUCCESS |  
2019-08-24 07:08:26,245 [grpc-default-executor-1] INFO  client.GrpcClientProtocolClient (GrpcClientProtocolClient.java:onNext(255)) - client-6EDD19400D46->06a4573b-67a1-41e3-a350-f896363bc636: receive RaftClientReply:client-6EDD19400D46->06a4573b-67a1-41e3-a350-f896363bc636@group-757E3781CD2A, cid=1558, SUCCESS, logIndex=0, commits[06a4573b-67a1-41e3-a350-f896363bc636:c2220, 0b725bbf-683b-4664-9a2e-3c9dd6e38bc1:c2218, 9193e3b7-ae04-484d-a740-c65c11559486:c2218]
2019-08-24 07:08:26,249 | INFO  | SCMAudit | user=jenkins1000 | ip=192.168.69.125 | op=ALLOCATE_BLOCK {owner=61bacca8-15b6-4a50-8962-5e9786b18b0d, size=4194304, type=RATIS, factor=THREE} | ret=SUCCESS |  
2019-08-24 07:08:26,251 | INFO  | OMAudit | user=jenkins1000 | ip=127.0.0.1 | op=ALLOCATE_BLOCK {volume=vol-0-26988, bucket=bucket-0-20739, key=key-0-27353, dataSize=0, replicationType=null, replicationFactor=null, keyLocationInfo=null, clientID=102670695851229586} | ret=SUCCESS |  
2019-08-24 07:08:26,258 | INFO  | DNAudit | user=null | ip=null | op=WRITE_CHUNK {blockData=conID: 3 locID: 102670696857534963 bcsId: 0} | ret=SUCCESS |  
2019-08-24 07:08:26,397 | INFO  | DNAudit | user=null | ip=null | op=WRITE_CHUNK {blockData=conID: 3 locID: 102670696857534963 bcsId: 0} | ret=SUCCESS |  
2019-08-24 07:08:26,397 | INFO  | DNAudit | user=null | ip=null | op=WRITE_CHUNK {blockData=conID: 3 locID: 102670696857534963 bcsId: 0} | ret=SUCCESS |  
2019-08-24 07:08:26,400 | INFO  | DNAudit | user=null | ip=null | op=WRITE_CHUNK {blockData=conID: 3 locID: 102670696857534963 bcsId: 0} | ret=SUCCESS |  
2019-08-24 07:08:26,402 | INFO  | DNAudit | user=null | ip=null | op=WRITE_CHUNK {blockData=conID: 3 locID: 102670696857534963 bcsId: 0} | ret=SUCCESS |  
2019-08-24 07:08:26,402 | INFO  | DNAudit | user=null | ip=null | op=WRITE_CHUNK {blockData=conID: 3 locID: 102670696857534963 bcsId: 0} | ret=SUCCESS |  
2019-08-24 07:08:26,410 | INFO  | DNAudit | user=null | ip=null | op=WRITE_CHUNK {blockData=conID: 3 locID: 102670696857534963 bcsId: 0} | ret=SUCCESS |  
2019-08-24 07:08:26,410 | INFO  | DNAudit | user=null | ip=null | op=PUT_BLOCK {blockData=[blockId=conID: 3 locID: 102670696857534963 bcsId: 0,size=1048576]} | ret=SUCCESS |  
2019-08-24 07:08:26,411 | INFO  | DNAudit | user=null | ip=null | op=WRITE_CHUNK {blockData=conID: 3 locID: 102670696857534963 bcsId: 0} | ret=SUCCESS |  
2019-08-24 07:08:26,411 | INFO  | DNAudit | user=null | ip=null | op=PUT_BLOCK {blockData=[blockId=conID: 3 locID: 102670696857534963 bcsId: 0,size=2097152]} | ret=SUCCESS |  
2019-08-24 07:08:26,411 [grpc-default-executor-0] INFO  client.GrpcClientProtocolClient (GrpcClientProtocolClient.java:onNext(255)) - client-6EDD19400D46->06a4573b-67a1-41e3-a350-f896363bc636: receive RaftClientReply:client-6EDD19400D46->06a4573b-67a1-41e3-a350-f896363bc636@group-757E3781CD2A, cid=1559, SUCCESS, logIndex=2221, commits[06a4573b-67a1-41e3-a350-f896363bc636:c2222, 0b725bbf-683b-4664-9a2e-3c9dd6e38bc1:c2220, 9193e3b7-ae04-484d-a740-c65c11559486:c2220]
2019-08-24 07:08:26,412 [grpc-default-executor-0] INFO  client.GrpcClientProtocolClient (GrpcClientProtocolClient.java:onNext(255)) - client-6EDD19400D46->06a4573b-67a1-41e3-a350-f896363bc636: receive RaftClientReply:client-6EDD19400D46->06a4573b-67a1-41e3-a350-f896363bc636@group-757E3781CD2A, cid=1560, SUCCESS, logIndex=2222, commits[06a4573b-67a1-41e3-a350-f896363bc636:c2223, 0b725bbf-683b-4664-9a2e-3c9dd6e38bc1:c2220, 9193e3b7-ae04-484d-a740-c65c11559486:c2220]
2019-08-24 07:08:26,412 [grpc-default-executor-0] INFO  client.GrpcClientProtocolClient (GrpcClientProtocolClient.java:onNext(255)) - client-6EDD19400D46->06a4573b-67a1-41e3-a350-f896363bc636: receive RaftClientReply:client-6EDD19400D46->06a4573b-67a1-41e3-a350-f896363bc636@group-757E3781CD2A, cid=1561, SUCCESS, logIndex=2223, commits[06a4573b-67a1-41e3-a350-f896363bc636:c2224, 0b725bbf-683b-4664-9a2e-3c9dd6e38bc1:c2220, 9193e3b7-ae04-484d-a740-c65c11559486:c2220]
2019-08-24 07:08:26,412 [grpc-default-executor-0] INFO  client.GrpcClientProtocolClient (GrpcClientProtocolClient.java:onNext(255)) - client-6EDD19400D46->06a4573b-67a1-41e3-a350-f896363bc636: receive RaftClientReply:client-6EDD19400D46->06a4573b-67a1-41e3-a350-f896363bc636@group-757E3781CD2A, cid=1562, SUCCESS, logIndex=2224, commits[06a4573b-67a1-41e3-a350-f896363bc636:c2224, 0b725bbf-683b-4664-9a2e-3c9dd6e38bc1:c2220, 9193e3b7-ae04-484d-a740-c65c11559486:c2220]
2019-08-24 07:08:26,422 | INFO  | DNAudit | user=null | ip=null | op=WRITE_CHUNK {blockData=conID: 3 locID: 102670696857534963 bcsId: 0} | ret=SUCCESS |  
2019-08-24 07:08:26,423 | INFO  | DNAudit | user=null | ip=null | op=WRITE_CHUNK {blockData=conID: 3 locID: 102670696857534963 bcsId: 0} | ret=SUCCESS |  
2019-08-24 07:08:26,423 | INFO  | DNAudit | user=null | ip=null | op=PUT_BLOCK {blockData=[blockId=conID: 3 locID: 102670696857534963 bcsId: 0,size=1048576]} | ret=SUCCESS |  
2019-08-24 07:08:26,423 | INFO  | DNAudit | user=null | ip=null | op=WRITE_CHUNK {blockData=conID: 3 locID: 102670696857534963 bcsId: 0} | ret=SUCCESS |  
2019-08-24 07:08:26,423 | INFO  | DNAudit | user=null | ip=null | op=PUT_BLOCK {blockData=[blockId=conID: 3 locID: 102670696857534963 bcsId: 0,size=2097152]} | ret=SUCCESS |  
2019-08-24 07:08:26,425 | INFO  | DNAudit | user=null | ip=null | op=PUT_BLOCK {blockData=[blockId=conID: 3 locID: 102670696857534963 bcsId: 0,size=1048576]} | ret=SUCCESS |  
2019-08-24 07:08:26,425 | INFO  | DNAudit | user=null | ip=null | op=WRITE_CHUNK {blockData=conID: 3 locID: 102670696857534963 bcsId: 0} | ret=SUCCESS |  
2019-08-24 07:08:26,425 | INFO  | DNAudit | user=null | ip=null | op=PUT_BLOCK {blockData=[blockId=conID: 3 locID: 102670696857534963 bcsId: 0,size=2097152]} | ret=SUCCESS |  
2019-08-24 07:08:26,426 [grpc-default-executor-0] INFO  client.GrpcClientProtocolClient (GrpcClientProtocolClient.java:onNext(255)) - client-6EDD19400D46->06a4573b-67a1-41e3-a350-f896363bc636: receive RaftClientReply:client-6EDD19400D46->06a4573b-67a1-41e3-a350-f896363bc636@group-757E3781CD2A, cid=1563, SUCCESS, logIndex=0, commits[06a4573b-67a1-41e3-a350-f896363bc636:c2228, 0b725bbf-683b-4664-9a2e-3c9dd6e38bc1:c2222, 9193e3b7-ae04-484d-a740-c65c11559486:c2224]
2019-08-24 07:08:26,428 | INFO  | SCMAudit | user=jenkins1000 | ip=192.168.69.125 | op=SEND_HEARTBEAT {datanodeUUID=25ce0803-6f34-4c69-82c0-892f08679042, command=[]} | ret=SUCCESS |  
2019-08-24 07:08:26,428 | INFO  | SCMAudit | user=jenkins1000 | ip=192.168.69.125 | op=SEND_HEARTBEAT {datanodeUUID=0b725bbf-683b-4664-9a2e-3c9dd6e38bc1, command=[]} | ret=SUCCESS |  
2019-08-24 07:08:26,429 | INFO  | SCMAudit | user=jenkins1000 | ip=192.168.69.125 | op=SEND_HEARTBEAT {datanodeUUID=9193e3b7-ae04-484d-a740-c65c11559486, command=[]} | ret=SUCCESS |  
2019-08-24 07:08:26,429 | INFO  | SCMAudit | user=jenkins1000 | ip=192.168.69.125 | op=SEND_HEARTBEAT {datanodeUUID=06a4573b-67a1-41e3-a350-f896363bc636, command=[]} | ret=SUCCESS |  
2019-08-24 07:08:26,433 | INFO  | DNAudit | user=null | ip=null | op=WRITE_CHUNK {blockData=conID: 3 locID: 102670696857534963 bcsId: 2224} | ret=SUCCESS |  
2019-08-24 07:08:26,437 | INFO  | DNAudit | user=null | ip=null | op=WRITE_CHUNK {blockData=conID: 3 locID: 102670696857534963 bcsId: 2224} | ret=SUCCESS |  
2019-08-24 07:08:26,438 | INFO  | DNAudit | user=null | ip=null | op=WRITE_CHUNK {blockData=conID: 3 locID: 102670696857534963 bcsId: 2224} | ret=SUCCESS |  
2019-08-24 07:08:26,447 | INFO  | DNAudit | user=null | ip=null | op=WRITE_CHUNK {blockData=conID: 3 locID: 102670696857534963 bcsId: 2224} | ret=SUCCESS |  
2019-08-24 07:08:26,447 | INFO  | DNAudit | user=null | ip=null | op=PUT_BLOCK {blockData=[blockId=conID: 3 locID: 102670696857534963 bcsId: 0,size=3145728]} | ret=SUCCESS |  
2019-08-24 07:08:26,447 [grpc-default-executor-0] INFO  client.GrpcClientProtocolClient (GrpcClientProtocolClient.java:onNext(255)) - client-6EDD19400D46->06a4573b-67a1-41e3-a350-f896363bc636: receive RaftClientReply:client-6EDD19400D46->06a4573b-67a1-41e3-a350-f896363bc636@group-757E3781CD2A, cid=1564, SUCCESS, logIndex=2229, commits[06a4573b-67a1-41e3-a350-f896363bc636:c2229, 0b725bbf-683b-4664-9a2e-3c9dd6e38bc1:c2228, 9193e3b7-ae04-484d-a740-c65c11559486:c2228]
2019-08-24 07:08:26,448 [grpc-default-executor-0] INFO  client.GrpcClientProtocolClient (GrpcClientProtocolClient.java:onNext(255)) - client-6EDD19400D46->06a4573b-67a1-41e3-a350-f896363bc636: receive RaftClientReply:client-6EDD19400D46->06a4573b-67a1-41e3-a350-f896363bc636@group-757E3781CD2A, cid=1565, SUCCESS, logIndex=2230, commits[06a4573b-67a1-41e3-a350-f896363bc636:c2230, 0b725bbf-683b-4664-9a2e-3c9dd6e38bc1:c2228, 9193e3b7-ae04-484d-a740-c65c11559486:c2228]
2019-08-24 07:08:26,456 | INFO  | DNAudit | user=null | ip=null | op=WRITE_CHUNK {blockData=conID: 3 locID: 102670696857534963 bcsId: 2230} | ret=SUCCESS |  
2019-08-24 07:08:26,458 | INFO  | DNAudit | user=null | ip=null | op=WRITE_CHUNK {blockData=conID: 3 locID: 102670696857534963 bcsId: 2224} | ret=SUCCESS |  
2019-08-24 07:08:26,458 | INFO  | DNAudit | user=null | ip=null | op=WRITE_CHUNK {blockData=conID: 3 locID: 102670696857534963 bcsId: 2224} | ret=SUCCESS |  
2019-08-24 07:08:26,460 | INFO  | DNAudit | user=null | ip=null | op=WRITE_CHUNK {blockData=conID: 3 locID: 102670696857534963 bcsId: 2230} | ret=SUCCESS |  
2019-08-24 07:08:26,460 | INFO  | DNAudit | user=null | ip=null | op=WRITE_CHUNK {blockData=conID: 3 locID: 102670696857534963 bcsId: 2230} | ret=SUCCESS |  
2019-08-24 07:08:26,471 | INFO  | DNAudit | user=null | ip=null | op=PUT_BLOCK {blockData=[blockId=conID: 3 locID: 102670696857534963 bcsId: 0,size=3145728]} | ret=SUCCESS |  
2019-08-24 07:08:26,472 | INFO  | DNAudit | user=null | ip=null | op=WRITE_CHUNK {blockData=conID: 3 locID: 102670696857534963 bcsId: 2230} | ret=SUCCESS |  
2019-08-24 07:08:26,472 | INFO  | DNAudit | user=null | ip=null | op=PUT_BLOCK {blockData=[blockId=conID: 3 locID: 102670696857534963 bcsId: 0,size=3145728]} | ret=SUCCESS |  
2019-08-24 07:08:26,472 | INFO  | DNAudit | user=null | ip=null | op=PUT_BLOCK {blockData=[blockId=conID: 3 locID: 102670696857534963 bcsId: 0,size=4194304]} | ret=SUCCESS |  
2019-08-24 07:08:26,473 [grpc-default-executor-5] INFO  client.GrpcClientProtocolClient (GrpcClientProtocolClient.java:onNext(255)) - client-6EDD19400D46->06a4573b-67a1-41e3-a350-f896363bc636: receive RaftClientReply:client-6EDD19400D46->06a4573b-67a1-41e3-a350-f896363bc636@group-757E3781CD2A, cid=1566, SUCCESS, logIndex=2233, commits[06a4573b-67a1-41e3-a350-f896363bc636:c2233, 0b725bbf-683b-4664-9a2e-3c9dd6e38bc1:c2230, 9193e3b7-ae04-484d-a740-c65c11559486:c2230]
2019-08-24 07:08:26,474 [grpc-default-executor-5] INFO  client.GrpcClientProtocolClient (GrpcClientProtocolClient.java:onNext(255)) - client-6EDD19400D46->06a4573b-67a1-41e3-a350-f896363bc636: receive RaftClientReply:client-6EDD19400D46->06a4573b-67a1-41e3-a350-f896363bc636@group-757E3781CD2A, cid=1567, SUCCESS, logIndex=2234, commits[06a4573b-67a1-41e3-a350-f896363bc636:c2234, 0b725bbf-683b-4664-9a2e-3c9dd6e38bc1:c2230, 9193e3b7-ae04-484d-a740-c65c11559486:c2230]
2019-08-24 07:08:26,476 | INFO  | DNAudit | user=null | ip=null | op=WRITE_CHUNK {blockData=conID: 3 locID: 102670696857534963 bcsId: 2230} | ret=SUCCESS |  
2019-08-24 07:08:26,476 | INFO  | DNAudit | user=null | ip=null | op=WRITE_CHUNK {blockData=conID: 3 locID: 102670696857534963 bcsId: 2230} | ret=SUCCESS |  
2019-08-24 07:08:26,476 | INFO  | DNAudit | user=null | ip=null | op=PUT_BLOCK {blockData=[blockId=conID: 3 locID: 102670696857534963 bcsId: 0,size=4194304]} | ret=SUCCESS |  
2019-08-24 07:08:26,476 | INFO  | DNAudit | user=null | ip=null | op=PUT_BLOCK {blockData=[blockId=conID: 3 locID: 102670696857534963 bcsId: 0,size=4194304]} | ret=SUCCESS |  
2019-08-24 07:08:26,477 [grpc-default-executor-5] INFO  client.GrpcClientProtocolClient (GrpcClientProtocolClient.java:onNext(255)) - client-6EDD19400D46->06a4573b-67a1-41e3-a350-f896363bc636: receive RaftClientReply:client-6EDD19400D46->06a4573b-67a1-41e3-a350-f896363bc636@group-757E3781CD2A, cid=1568, SUCCESS, logIndex=0, commits[06a4573b-67a1-41e3-a350-f896363bc636:c2235, 0b725bbf-683b-4664-9a2e-3c9dd6e38bc1:c2234, 9193e3b7-ae04-484d-a740-c65c11559486:c2234]
2019-08-24 07:08:26,483 | INFO  | SCMAudit | user=jenkins1000 | ip=192.168.69.125 | op=ALLOCATE_BLOCK {owner=61bacca8-15b6-4a50-8962-5e9786b18b0d, size=4194304, type=RATIS, factor=THREE} | ret=SUCCESS |  
2019-08-24 07:08:26,486 | INFO  | OMAudit | user=jenkins1000 | ip=127.0.0.1 | op=ALLOCATE_BLOCK {volume=vol-0-26988, bucket=bucket-0-20739, key=key-0-27353, dataSize=0, replicationType=null, replicationFactor=null, keyLocationInfo=null, clientID=102670695851229586} | ret=SUCCESS |  
2019-08-24 07:08:26,495 | INFO  | DNAudit | user=null | ip=null | op=WRITE_CHUNK {blockData=conID: 1 locID: 102670696872804852 bcsId: 0} | ret=SUCCESS |  
2019-08-24 07:08:26,499 | INFO  | DNAudit | user=null | ip=null | op=WRITE_CHUNK {blockData=conID: 1 locID: 102670696872804852 bcsId: 0} | ret=SUCCESS |  
2019-08-24 07:08:26,499 | INFO  | DNAudit | user=null | ip=null | op=WRITE_CHUNK {blockData=conID: 1 locID: 102670696872804852 bcsId: 0} | ret=SUCCESS |  
2019-08-24 07:08:26,500 | INFO  | DNAudit | user=null | ip=null | op=WRITE_CHUNK {blockData=conID: 1 locID: 102670696872804852 bcsId: 0} | ret=SUCCESS |  
2019-08-24 07:08:26,503 | INFO  | DNAudit | user=null | ip=null | op=WRITE_CHUNK {blockData=conID: 1 locID: 102670696872804852 bcsId: 0} | ret=SUCCESS |  
2019-08-24 07:08:26,503 | INFO  | DNAudit | user=null | ip=null | op=WRITE_CHUNK {blockData=conID: 1 locID: 102670696872804852 bcsId: 0} | ret=SUCCESS |  
2019-08-24 07:08:26,507 | INFO  | DNAudit | user=null | ip=null | op=WRITE_CHUNK {blockData=conID: 1 locID: 102670696872804852 bcsId: 0} | ret=SUCCESS |  
2019-08-24 07:08:26,508 | INFO  | DNAudit | user=null | ip=null | op=PUT_BLOCK {blockData=[blockId=conID: 1 locID: 102670696872804852 bcsId: 0,size=1048576]} | ret=SUCCESS |  
2019-08-24 07:08:26,509 [grpc-default-executor-2] INFO  client.GrpcClientProtocolClient (GrpcClientProtocolClient.java:onNext(255)) - client-6EDD19400D46->06a4573b-67a1-41e3-a350-f896363bc636: receive RaftClientReply:client-6EDD19400D46->06a4573b-67a1-41e3-a350-f896363bc636@group-757E3781CD2A, cid=1569, SUCCESS, logIndex=2237, commits[06a4573b-67a1-41e3-a350-f896363bc636:c2238, 0b725bbf-683b-4664-9a2e-3c9dd6e38bc1:c2236, 9193e3b7-ae04-484d-a740-c65c11559486:c2236]
2019-08-24 07:08:26,509 [grpc-default-executor-2] INFO  client.GrpcClientProtocolClient (GrpcClientProtocolClient.java:onNext(255)) - client-6EDD19400D46->06a4573b-67a1-41e3-a350-f896363bc636: receive RaftClientReply:client-6EDD19400D46->06a4573b-67a1-41e3-a350-f896363bc636@group-757E3781CD2A, cid=1570, SUCCESS, logIndex=2238, commits[06a4573b-67a1-41e3-a350-f896363bc636:c2238, 0b725bbf-683b-4664-9a2e-3c9dd6e38bc1:c2236, 9193e3b7-ae04-484d-a740-c65c11559486:c2236]
2019-08-24 07:08:26,509 | INFO  | DNAudit | user=null | ip=null | op=WRITE_CHUNK {blockData=conID: 1 locID: 102670696872804852 bcsId: 0} | ret=SUCCESS |  
2019-08-24 07:08:26,510 | INFO  | DNAudit | user=null | ip=null | op=PUT_BLOCK {blockData=[blockId=conID: 1 locID: 102670696872804852 bcsId: 0,size=2097152]} | ret=SUCCESS |  
2019-08-24 07:08:26,510 [grpc-default-executor-2] INFO  client.GrpcClientProtocolClient (GrpcClientProtocolClient.java:onNext(255)) - client-6EDD19400D46->06a4573b-67a1-41e3-a350-f896363bc636: receive RaftClientReply:client-6EDD19400D46->06a4573b-67a1-41e3-a350-f896363bc636@group-757E3781CD2A, cid=1571, SUCCESS, logIndex=2239, commits[06a4573b-67a1-41e3-a350-f896363bc636:c2240, 0b725bbf-683b-4664-9a2e-3c9dd6e38bc1:c2236, 9193e3b7-ae04-484d-a740-c65c11559486:c2236]
2019-08-24 07:08:26,511 [grpc-default-executor-5] INFO  client.GrpcClientProtocolClient (GrpcClientProtocolClient.java:onNext(255)) - client-6EDD19400D46->06a4573b-67a1-41e3-a350-f896363bc636: receive RaftClientReply:client-6EDD19400D46->06a4573b-67a1-41e3-a350-f896363bc636@group-757E3781CD2A, cid=1572, SUCCESS, logIndex=2240, commits[06a4573b-67a1-41e3-a350-f896363bc636:c2240, 0b725bbf-683b-4664-9a2e-3c9dd6e38bc1:c2236, 9193e3b7-ae04-484d-a740-c65c11559486:c2236]
2019-08-24 07:08:26,521 | INFO  | DNAudit | user=null | ip=null | op=WRITE_CHUNK {blockData=conID: 1 locID: 102670696872804852 bcsId: 0} | ret=SUCCESS |  
2019-08-24 07:08:26,522 | INFO  | DNAudit | user=null | ip=null | op=PUT_BLOCK {blockData=[blockId=conID: 1 locID: 102670696872804852 bcsId: 0,size=1048576]} | ret=SUCCESS |  
2019-08-24 07:08:26,522 | INFO  | DNAudit | user=null | ip=null | op=WRITE_CHUNK {blockData=conID: 1 locID: 102670696872804852 bcsId: 0} | ret=SUCCESS |  
2019-08-24 07:08:26,522 | INFO  | DNAudit | user=null | ip=null | op=PUT_BLOCK {blockData=[blockId=conID: 1 locID: 102670696872804852 bcsId: 0,size=1048576]} | ret=SUCCESS |  
2019-08-24 07:08:26,522 | INFO  | DNAudit | user=null | ip=null | op=WRITE_CHUNK {blockData=conID: 1 locID: 102670696872804852 bcsId: 0} | ret=SUCCESS |  
2019-08-24 07:08:26,522 | INFO  | DNAudit | user=null | ip=null | op=WRITE_CHUNK {blockData=conID: 1 locID: 102670696872804852 bcsId: 0} | ret=SUCCESS |  
2019-08-24 07:08:26,523 | INFO  | DNAudit | user=null | ip=null | op=PUT_BLOCK {blockData=[blockId=conID: 1 locID: 102670696872804852 bcsId: 0,size=2097152]} | ret=SUCCESS |  
2019-08-24 07:08:26,523 [grpc-default-executor-2] INFO  client.GrpcClientProtocolClient (GrpcClientProtocolClient.java:onNext(255)) - client-6EDD19400D46->06a4573b-67a1-41e3-a350-f896363bc636: receive RaftClientReply:client-6EDD19400D46->06a4573b-67a1-41e3-a350-f896363bc636@group-757E3781CD2A, cid=1573, SUCCESS, logIndex=0, commits[06a4573b-67a1-41e3-a350-f896363bc636:c2242, 0b725bbf-683b-4664-9a2e-3c9dd6e38bc1:c2238, 9193e3b7-ae04-484d-a740-c65c11559486:c2238]
2019-08-24 07:08:26,523 | INFO  | DNAudit | user=null | ip=null | op=PUT_BLOCK {blockData=[blockId=conID: 1 locID: 102670696872804852 bcsId: 0,size=2097152]} | ret=SUCCESS |  
2019-08-24 07:08:26,531 | INFO  | DNAudit | user=null | ip=null | op=WRITE_CHUNK {blockData=conID: 1 locID: 102670696872804852 bcsId: 2240} | ret=SUCCESS |  
2019-08-24 07:08:26,534 | INFO  | DNAudit | user=null | ip=null | op=WRITE_CHUNK {blockData=conID: 1 locID: 102670696872804852 bcsId: 2240} | ret=SUCCESS |  
2019-08-24 07:08:26,534 | INFO  | DNAudit | user=null | ip=null | op=WRITE_CHUNK {blockData=conID: 1 locID: 102670696872804852 bcsId: 2240} | ret=SUCCESS |  
2019-08-24 07:08:26,545 | INFO  | DNAudit | user=null | ip=null | op=WRITE_CHUNK {blockData=conID: 1 locID: 102670696872804852 bcsId: 2240} | ret=SUCCESS |  
2019-08-24 07:08:26,546 | INFO  | DNAudit | user=null | ip=null | op=PUT_BLOCK {blockData=[blockId=conID: 1 locID: 102670696872804852 bcsId: 0,size=3145728]} | ret=SUCCESS |  
2019-08-24 07:08:26,546 [grpc-default-executor-2] INFO  client.GrpcClientProtocolClient (GrpcClientProtocolClient.java:onNext(255)) - client-6EDD19400D46->06a4573b-67a1-41e3-a350-f896363bc636: receive RaftClientReply:client-6EDD19400D46->06a4573b-67a1-41e3-a350-f896363bc636@group-757E3781CD2A, cid=1574, SUCCESS, logIndex=2245, commits[06a4573b-67a1-41e3-a350-f896363bc636:c2246, 0b725bbf-683b-4664-9a2e-3c9dd6e38bc1:c2244, 9193e3b7-ae04-484d-a740-c65c11559486:c2244]
2019-08-24 07:08:26,546 [grpc-default-executor-2] INFO  client.GrpcClientProtocolClient (GrpcClientProtocolClient.java:onNext(255)) - client-6EDD19400D46->06a4573b-67a1-41e3-a350-f896363bc636: receive RaftClientReply:client-6EDD19400D46->06a4573b-67a1-41e3-a350-f896363bc636@group-757E3781CD2A, cid=1575, SUCCESS, logIndex=2246, commits[06a4573b-67a1-41e3-a350-f896363bc636:c2246, 0b725bbf-683b-4664-9a2e-3c9dd6e38bc1:c2244, 9193e3b7-ae04-484d-a740-c65c11559486:c2244]
2019-08-24 07:08:26,555 | INFO  | DNAudit | user=null | ip=null | op=WRITE_CHUNK {blockData=conID: 1 locID: 102670696872804852 bcsId: 2246} | ret=SUCCESS |  
2019-08-24 07:08:26,556 | INFO  | DNAudit | user=null | ip=null | op=WRITE_CHUNK {blockData=conID: 1 locID: 102670696872804852 bcsId: 2246} | ret=SUCCESS |  
2019-08-24 07:08:26,558 | INFO  | DNAudit | user=null | ip=null | op=WRITE_CHUNK {blockData=conID: 1 locID: 102670696872804852 bcsId: 2246} | ret=SUCCESS |  
2019-08-24 07:08:26,559 | INFO  | DNAudit | user=null | ip=null | op=WRITE_CHUNK {blockData=conID: 1 locID: 102670696872804852 bcsId: 2240} | ret=SUCCESS |  
2019-08-24 07:08:26,559 | INFO  | DNAudit | user=null | ip=null | op=WRITE_CHUNK {blockData=conID: 1 locID: 102670696872804852 bcsId: 2240} | ret=SUCCESS |  
2019-08-24 07:08:26,559 | INFO  | DNAudit | user=null | ip=null | op=PUT_BLOCK {blockData=[blockId=conID: 1 locID: 102670696872804852 bcsId: 0,size=3145728]} | ret=SUCCESS |  
2019-08-24 07:08:26,559 | INFO  | DNAudit | user=null | ip=null | op=PUT_BLOCK {blockData=[blockId=conID: 1 locID: 102670696872804852 bcsId: 0,size=3145728]} | ret=SUCCESS |  
2019-08-24 07:08:26,572 | INFO  | DNAudit | user=null | ip=null | op=WRITE_CHUNK {blockData=conID: 1 locID: 102670696872804852 bcsId: 2246} | ret=SUCCESS |  
2019-08-24 07:08:26,573 | INFO  | DNAudit | user=null | ip=null | op=PUT_BLOCK {blockData=[blockId=conID: 1 locID: 102670696872804852 bcsId: 0,size=4194304]} | ret=SUCCESS |  
2019-08-24 07:08:26,573 [grpc-default-executor-0] INFO  client.GrpcClientProtocolClient (GrpcClientProtocolClient.java:onNext(255)) - client-6EDD19400D46->06a4573b-67a1-41e3-a350-f896363bc636: receive RaftClientReply:client-6EDD19400D46->06a4573b-67a1-41e3-a350-f896363bc636@group-757E3781CD2A, cid=1576, SUCCESS, logIndex=2249, commits[06a4573b-67a1-41e3-a350-f896363bc636:c2250, 0b725bbf-683b-4664-9a2e-3c9dd6e38bc1:c2246, 9193e3b7-ae04-484d-a740-c65c11559486:c2246]
2019-08-24 07:08:26,574 [grpc-default-executor-0] INFO  client.GrpcClientProtocolClient (GrpcClientProtocolClient.java:onNext(255)) - client-6EDD19400D46->06a4573b-67a1-41e3-a350-f896363bc636: receive RaftClientReply:client-6EDD19400D46->06a4573b-67a1-41e3-a350-f896363bc636@group-757E3781CD2A, cid=1577, SUCCESS, logIndex=2250, commits[06a4573b-67a1-41e3-a350-f896363bc636:c2250, 0b725bbf-683b-4664-9a2e-3c9dd6e38bc1:c2246, 9193e3b7-ae04-484d-a740-c65c11559486:c2246]
2019-08-24 07:08:26,584 | INFO  | DNAudit | user=null | ip=null | op=WRITE_CHUNK {blockData=conID: 1 locID: 102670696872804852 bcsId: 2246} | ret=SUCCESS |  
2019-08-24 07:08:26,584 | INFO  | DNAudit | user=null | ip=null | op=WRITE_CHUNK {blockData=conID: 1 locID: 102670696872804852 bcsId: 2246} | ret=SUCCESS |  
2019-08-24 07:08:26,586 | INFO  | DNAudit | user=null | ip=null | op=PUT_BLOCK {blockData=[blockId=conID: 1 locID: 102670696872804852 bcsId: 0,size=4194304]} | ret=SUCCESS |  
2019-08-24 07:08:26,586 | INFO  | DNAudit | user=null | ip=null | op=PUT_BLOCK {blockData=[blockId=conID: 1 locID: 102670696872804852 bcsId: 0,size=4194304]} | ret=SUCCESS |  
2019-08-24 07:08:26,587 [grpc-default-executor-5] INFO  client.GrpcClientProtocolClient (GrpcClientProtocolClient.java:onNext(255)) - client-6EDD19400D46->06a4573b-67a1-41e3-a350-f896363bc636: receive RaftClientReply:client-6EDD19400D46->06a4573b-67a1-41e3-a350-f896363bc636@group-757E3781CD2A, cid=1578, SUCCESS, logIndex=0, commits[06a4573b-67a1-41e3-a350-f896363bc636:c2252, 0b725bbf-683b-4664-9a2e-3c9dd6e38bc1:c2250, 9193e3b7-ae04-484d-a740-c65c11559486:c2250]
2019-08-24 07:08:26,594 | INFO  | SCMAudit | user=jenkins1000 | ip=192.168.69.125 | op=ALLOCATE_BLOCK {owner=61bacca8-15b6-4a50-8962-5e9786b18b0d, size=4194304, type=RATIS, factor=THREE} | ret=SUCCESS |  
2019-08-24 07:08:26,597 | INFO  | OMAudit | user=jenkins1000 | ip=127.0.0.1 | op=ALLOCATE_BLOCK {volume=vol-0-26988, bucket=bucket-0-20739, key=key-0-27353, dataSize=0, replicationType=null, replicationFactor=null, keyLocationInfo=null, clientID=102670695851229586} | ret=SUCCESS |  
2019-08-24 07:08:26,607 | INFO  | DNAudit | user=null | ip=null | op=WRITE_CHUNK {blockData=conID: 2 locID: 102670696880144885 bcsId: 0} | ret=SUCCESS |  
2019-08-24 07:08:26,611 | INFO  | DNAudit | user=null | ip=null | op=WRITE_CHUNK {blockData=conID: 2 locID: 102670696880144885 bcsId: 0} | ret=SUCCESS |  
2019-08-24 07:08:26,611 | INFO  | DNAudit | user=null | ip=null | op=WRITE_CHUNK {blockData=conID: 2 locID: 102670696880144885 bcsId: 0} | ret=SUCCESS |  
2019-08-24 07:08:26,611 | INFO  | DNAudit | user=null | ip=null | op=WRITE_CHUNK {blockData=conID: 2 locID: 102670696880144885 bcsId: 0} | ret=SUCCESS |  
2019-08-24 07:08:26,613 | INFO  | DNAudit | user=null | ip=null | op=WRITE_CHUNK {blockData=conID: 2 locID: 102670696880144885 bcsId: 0} | ret=SUCCESS |  
2019-08-24 07:08:26,613 | INFO  | DNAudit | user=null | ip=null | op=WRITE_CHUNK {blockData=conID: 2 locID: 102670696880144885 bcsId: 0} | ret=SUCCESS |  
2019-08-24 07:08:26,630 | INFO  | DNAudit | user=null | ip=null | op=WRITE_CHUNK {blockData=conID: 2 locID: 102670696880144885 bcsId: 0} | ret=SUCCESS |  
2019-08-24 07:08:26,631 | INFO  | DNAudit | user=null | ip=null | op=PUT_BLOCK {blockData=[blockId=conID: 2 locID: 102670696880144885 bcsId: 0,size=1048576]} | ret=SUCCESS |  
2019-08-24 07:08:26,631 [grpc-default-executor-5] INFO  client.GrpcClientProtocolClient (GrpcClientProtocolClient.java:onNext(255)) - client-6EDD19400D46->06a4573b-67a1-41e3-a350-f896363bc636: receive RaftClientReply:client-6EDD19400D46->06a4573b-67a1-41e3-a350-f896363bc636@group-757E3781CD2A, cid=1579, SUCCESS, logIndex=2253, commits[06a4573b-67a1-41e3-a350-f896363bc636:c2254, 0b725bbf-683b-4664-9a2e-3c9dd6e38bc1:c2250, 9193e3b7-ae04-484d-a740-c65c11559486:c2252]
2019-08-24 07:08:26,632 [grpc-default-executor-5] INFO  client.GrpcClientProtocolClient (GrpcClientProtocolClient.java:onNext(255)) - client-6EDD19400D46->06a4573b-67a1-41e3-a350-f896363bc636: receive RaftClientReply:client-6EDD19400D46->06a4573b-67a1-41e3-a350-f896363bc636@group-757E3781CD2A, cid=1580, SUCCESS, logIndex=2254, commits[06a4573b-67a1-41e3-a350-f896363bc636:c2254, 0b725bbf-683b-4664-9a2e-3c9dd6e38bc1:c2250, 9193e3b7-ae04-484d-a740-c65c11559486:c2252]
2019-08-24 07:08:26,634 | INFO  | DNAudit | user=null | ip=null | op=WRITE_CHUNK {blockData=conID: 2 locID: 102670696880144885 bcsId: 0} | ret=SUCCESS |  
2019-08-24 07:08:26,634 | INFO  | DNAudit | user=null | ip=null | op=PUT_BLOCK {blockData=[blockId=conID: 2 locID: 102670696880144885 bcsId: 0,size=2097152]} | ret=SUCCESS |  
2019-08-24 07:08:26,634 [grpc-default-executor-0] INFO  client.GrpcClientProtocolClient (GrpcClientProtocolClient.java:onNext(255)) - client-6EDD19400D46->06a4573b-67a1-41e3-a350-f896363bc636: receive RaftClientReply:client-6EDD19400D46->06a4573b-67a1-41e3-a350-f896363bc636@group-757E3781CD2A, cid=1581, SUCCESS, logIndex=2255, commits[06a4573b-67a1-41e3-a350-f896363bc636:c2256, 0b725bbf-683b-4664-9a2e-3c9dd6e38bc1:c2252, 9193e3b7-ae04-484d-a740-c65c11559486:c2252]
2019-08-24 07:08:26,635 | INFO  | DNAudit | user=null | ip=null | op=WRITE_CHUNK {blockData=conID: 2 locID: 102670696880144885 bcsId: 0} | ret=SUCCESS |  
2019-08-24 07:08:26,636 | INFO  | DNAudit | user=null | ip=null | op=PUT_BLOCK {blockData=[blockId=conID: 2 locID: 102670696880144885 bcsId: 0,size=1048576]} | ret=SUCCESS |  
2019-08-24 07:08:26,636 | INFO  | DNAudit | user=null | ip=null | op=WRITE_CHUNK {blockData=conID: 2 locID: 102670696880144885 bcsId: 0} | ret=SUCCESS |  
2019-08-24 07:08:26,636 | INFO  | DNAudit | user=null | ip=null | op=WRITE_CHUNK {blockData=conID: 2 locID: 102670696880144885 bcsId: 0} | ret=SUCCESS |  
2019-08-24 07:08:26,636 [grpc-default-executor-0] INFO  client.GrpcClientProtocolClient (GrpcClientProtocolClient.java:onNext(255)) - client-6EDD19400D46->06a4573b-67a1-41e3-a350-f896363bc636: receive RaftClientReply:client-6EDD19400D46->06a4573b-67a1-41e3-a350-f896363bc636@group-757E3781CD2A, cid=1582, SUCCESS, logIndex=2256, commits[06a4573b-67a1-41e3-a350-f896363bc636:c2256, 0b725bbf-683b-4664-9a2e-3c9dd6e38bc1:c2252, 9193e3b7-ae04-484d-a740-c65c11559486:c2252]
2019-08-24 07:08:26,636 | INFO  | DNAudit | user=null | ip=null | op=PUT_BLOCK {blockData=[blockId=conID: 2 locID: 102670696880144885 bcsId: 0,size=1048576]} | ret=SUCCESS |  
2019-08-24 07:08:26,636 | INFO  | DNAudit | user=null | ip=null | op=PUT_BLOCK {blockData=[blockId=conID: 2 locID: 102670696880144885 bcsId: 0,size=2097152]} | ret=SUCCESS |  
2019-08-24 07:08:26,637 | INFO  | DNAudit | user=null | ip=null | op=WRITE_CHUNK {blockData=conID: 2 locID: 102670696880144885 bcsId: 0} | ret=SUCCESS |  
2019-08-24 07:08:26,637 | INFO  | DNAudit | user=null | ip=null | op=PUT_BLOCK {blockData=[blockId=conID: 2 locID: 102670696880144885 bcsId: 0,size=2097152]} | ret=SUCCESS |  
2019-08-24 07:08:26,637 [grpc-default-executor-5] INFO  client.GrpcClientProtocolClient (GrpcClientProtocolClient.java:onNext(255)) - client-6EDD19400D46->06a4573b-67a1-41e3-a350-f896363bc636: receive RaftClientReply:client-6EDD19400D46->06a4573b-67a1-41e3-a350-f896363bc636@group-757E3781CD2A, cid=1583, SUCCESS, logIndex=0, commits[06a4573b-67a1-41e3-a350-f896363bc636:c2260, 0b725bbf-683b-4664-9a2e-3c9dd6e38bc1:c2256, 9193e3b7-ae04-484d-a740-c65c11559486:c2256]
2019-08-24 07:08:26,645 | INFO  | DNAudit | user=null | ip=null | op=WRITE_CHUNK {blockData=conID: 2 locID: 102670696880144885 bcsId: 2256} | ret=SUCCESS |  
2019-08-24 07:08:26,648 | INFO  | DNAudit | user=null | ip=null | op=WRITE_CHUNK {blockData=conID: 2 locID: 102670696880144885 bcsId: 2256} | ret=SUCCESS |  
2019-08-24 07:08:26,649 | INFO  | DNAudit | user=null | ip=null | op=WRITE_CHUNK {blockData=conID: 2 locID: 102670696880144885 bcsId: 2256} | ret=SUCCESS |  
2019-08-24 07:08:26,658 | INFO  | DNAudit | user=null | ip=null | op=WRITE_CHUNK {blockData=conID: 2 locID: 102670696880144885 bcsId: 2256} | ret=SUCCESS |  
2019-08-24 07:08:26,659 | INFO  | DNAudit | user=null | ip=null | op=PUT_BLOCK {blockData=[blockId=conID: 2 locID: 102670696880144885 bcsId: 0,size=3145728]} | ret=SUCCESS |  
2019-08-24 07:08:26,660 [grpc-default-executor-0] INFO  client.GrpcClientProtocolClient (GrpcClientProtocolClient.java:onNext(255)) - client-6EDD19400D46->06a4573b-67a1-41e3-a350-f896363bc636: receive RaftClientReply:client-6EDD19400D46->06a4573b-67a1-41e3-a350-f896363bc636@group-757E3781CD2A, cid=1584, SUCCESS, logIndex=2261, commits[06a4573b-67a1-41e3-a350-f896363bc636:c2262, 0b725bbf-683b-4664-9a2e-3c9dd6e38bc1:c2260, 9193e3b7-ae04-484d-a740-c65c11559486:c2260]
2019-08-24 07:08:26,660 [grpc-default-executor-0] INFO  client.GrpcClientProtocolClient (GrpcClientProtocolClient.java:onNext(255)) - client-6EDD19400D46->06a4573b-67a1-41e3-a350-f896363bc636: receive RaftClientReply:client-6EDD19400D46->06a4573b-67a1-41e3-a350-f896363bc636@group-757E3781CD2A, cid=1585, SUCCESS, logIndex=2262, commits[06a4573b-67a1-41e3-a350-f896363bc636:c2262, 0b725bbf-683b-4664-9a2e-3c9dd6e38bc1:c2260, 9193e3b7-ae04-484d-a740-c65c11559486:c2260]
2019-08-24 07:08:26,668 | INFO  | DNAudit | user=null | ip=null | op=WRITE_CHUNK {blockData=conID: 2 locID: 102670696880144885 bcsId: 2262} | ret=SUCCESS |  
2019-08-24 07:08:26,671 | INFO  | DNAudit | user=null | ip=null | op=WRITE_CHUNK {blockData=conID: 2 locID: 102670696880144885 bcsId: 2256} | ret=SUCCESS |  
2019-08-24 07:08:26,671 | INFO  | DNAudit | user=null | ip=null | op=WRITE_CHUNK {blockData=conID: 2 locID: 102670696880144885 bcsId: 2256} | ret=SUCCESS |  
2019-08-24 07:08:26,672 | INFO  | DNAudit | user=null | ip=null | op=WRITE_CHUNK {blockData=conID: 2 locID: 102670696880144885 bcsId: 2262} | ret=SUCCESS |  
2019-08-24 07:08:26,672 | INFO  | DNAudit | user=null | ip=null | op=WRITE_CHUNK {blockData=conID: 2 locID: 102670696880144885 bcsId: 2262} | ret=SUCCESS |  
2019-08-24 07:08:26,683 | INFO  | DNAudit | user=null | ip=null | op=PUT_BLOCK {blockData=[blockId=conID: 2 locID: 102670696880144885 bcsId: 0,size=3145728]} | ret=SUCCESS |  
2019-08-24 07:08:26,683 | INFO  | DNAudit | user=null | ip=null | op=PUT_BLOCK {blockData=[blockId=conID: 2 locID: 102670696880144885 bcsId: 0,size=3145728]} | ret=SUCCESS |  
2019-08-24 07:08:26,684 | INFO  | DNAudit | user=null | ip=null | op=WRITE_CHUNK {blockData=conID: 2 locID: 102670696880144885 bcsId: 2262} | ret=SUCCESS |  
2019-08-24 07:08:26,684 | INFO  | DNAudit | user=null | ip=null | op=PUT_BLOCK {blockData=[blockId=conID: 2 locID: 102670696880144885 bcsId: 0,size=4194304]} | ret=SUCCESS |  
2019-08-24 07:08:26,684 [grpc-default-executor-1] INFO  client.GrpcClientProtocolClient (GrpcClientProtocolClient.java:onNext(255)) - client-6EDD19400D46->06a4573b-67a1-41e3-a350-f896363bc636: receive RaftClientReply:client-6EDD19400D46->06a4573b-67a1-41e3-a350-f896363bc636@group-757E3781CD2A, cid=1586, SUCCESS, logIndex=2265, commits[06a4573b-67a1-41e3-a350-f896363bc636:c2266, 0b725bbf-683b-4664-9a2e-3c9dd6e38bc1:c2262, 9193e3b7-ae04-484d-a740-c65c11559486:c2262]
2019-08-24 07:08:26,685 [grpc-default-executor-1] INFO  client.GrpcClientProtocolClient (GrpcClientProtocolClient.java:onNext(255)) - client-6EDD19400D46->06a4573b-67a1-41e3-a350-f896363bc636: receive RaftClientReply:client-6EDD19400D46->06a4573b-67a1-41e3-a350-f896363bc636@group-757E3781CD2A, cid=1587, SUCCESS, logIndex=2266, commits[06a4573b-67a1-41e3-a350-f896363bc636:c2266, 0b725bbf-683b-4664-9a2e-3c9dd6e38bc1:c2262, 9193e3b7-ae04-484d-a740-c65c11559486:c2262]
2019-08-24 07:08:26,687 | INFO  | DNAudit | user=null | ip=null | op=WRITE_CHUNK {blockData=conID: 2 locID: 102670696880144885 bcsId: 2262} | ret=SUCCESS |  
2019-08-24 07:08:26,687 | INFO  | DNAudit | user=null | ip=null | op=WRITE_CHUNK {blockData=conID: 2 locID: 102670696880144885 bcsId: 2262} | ret=SUCCESS |  
2019-08-24 07:08:26,687 | INFO  | DNAudit | user=null | ip=null | op=PUT_BLOCK {blockData=[blockId=conID: 2 locID: 102670696880144885 bcsId: 0,size=4194304]} | ret=SUCCESS |  
2019-08-24 07:08:26,688 | INFO  | DNAudit | user=null | ip=null | op=PUT_BLOCK {blockData=[blockId=conID: 2 locID: 102670696880144885 bcsId: 0,size=4194304]} | ret=SUCCESS |  
2019-08-24 07:08:26,688 [grpc-default-executor-1] INFO  client.GrpcClientProtocolClient (GrpcClientProtocolClient.java:onNext(255)) - client-6EDD19400D46->06a4573b-67a1-41e3-a350-f896363bc636: receive RaftClientReply:client-6EDD19400D46->06a4573b-67a1-41e3-a350-f896363bc636@group-757E3781CD2A, cid=1588, SUCCESS, logIndex=0, commits[06a4573b-67a1-41e3-a350-f896363bc636:c2267, 0b725bbf-683b-4664-9a2e-3c9dd6e38bc1:c2266, 9193e3b7-ae04-484d-a740-c65c11559486:c2266]
2019-08-24 07:08:26,694 | INFO  | SCMAudit | user=jenkins1000 | ip=192.168.69.125 | op=ALLOCATE_BLOCK {owner=61bacca8-15b6-4a50-8962-5e9786b18b0d, size=4194304, type=RATIS, factor=THREE} | ret=SUCCESS |  
2019-08-24 07:08:26,697 | INFO  | OMAudit | user=jenkins1000 | ip=127.0.0.1 | op=ALLOCATE_BLOCK {volume=vol-0-26988, bucket=bucket-0-20739, key=key-0-27353, dataSize=0, replicationType=null, replicationFactor=null, keyLocationInfo=null, clientID=102670695851229586} | ret=SUCCESS |  
2019-08-24 07:08:26,706 | INFO  | DNAudit | user=null | ip=null | op=WRITE_CHUNK {blockData=conID: 3 locID: 102670696886632950 bcsId: 0} | ret=SUCCESS |  
2019-08-24 07:08:26,709 | INFO  | DNAudit | user=null | ip=null | op=WRITE_CHUNK {blockData=conID: 3 locID: 102670696886632950 bcsId: 0} | ret=SUCCESS |  
2019-08-24 07:08:26,710 | INFO  | DNAudit | user=null | ip=null | op=WRITE_CHUNK {blockData=conID: 3 locID: 102670696886632950 bcsId: 0} | ret=SUCCESS |  
2019-08-24 07:08:26,710 | INFO  | DNAudit | user=null | ip=null | op=WRITE_CHUNK {blockData=conID: 3 locID: 102670696886632950 bcsId: 0} | ret=SUCCESS |  
2019-08-24 07:08:26,713 | INFO  | DNAudit | user=null | ip=null | op=WRITE_CHUNK {blockData=conID: 3 locID: 102670696886632950 bcsId: 0} | ret=SUCCESS |  
2019-08-24 07:08:26,716 | INFO  | DNAudit | user=null | ip=null | op=WRITE_CHUNK {blockData=conID: 3 locID: 102670696886632950 bcsId: 0} | ret=SUCCESS |  
2019-08-24 07:08:26,720 | INFO  | DNAudit | user=null | ip=null | op=WRITE_CHUNK {blockData=conID: 3 locID: 102670696886632950 bcsId: 0} | ret=SUCCESS |  
2019-08-24 07:08:26,721 | INFO  | DNAudit | user=null | ip=null | op=PUT_BLOCK {blockData=[blockId=conID: 3 locID: 102670696886632950 bcsId: 0,size=1048576]} | ret=SUCCESS |  
2019-08-24 07:08:26,721 [grpc-default-executor-2] INFO  client.GrpcClientProtocolClient (GrpcClientProtocolClient.java:onNext(255)) - client-6EDD19400D46->06a4573b-67a1-41e3-a350-f896363bc636: receive RaftClientReply:client-6EDD19400D46->06a4573b-67a1-41e3-a350-f896363bc636@group-757E3781CD2A, cid=1589, SUCCESS, logIndex=2269, commits[06a4573b-67a1-41e3-a350-f896363bc636:c2270, 0b725bbf-683b-4664-9a2e-3c9dd6e38bc1:c2268, 9193e3b7-ae04-484d-a740-c65c11559486:c2268]
2019-08-24 07:08:26,722 [grpc-default-executor-2] INFO  client.GrpcClientProtocolClient (GrpcClientProtocolClient.java:onNext(255)) - client-6EDD19400D46->06a4573b-67a1-41e3-a350-f896363bc636: receive RaftClientReply:client-6EDD19400D46->06a4573b-67a1-41e3-a350-f896363bc636@group-757E3781CD2A, cid=1590, SUCCESS, logIndex=2270, commits[06a4573b-67a1-41e3-a350-f896363bc636:c2270, 0b725bbf-683b-4664-9a2e-3c9dd6e38bc1:c2268, 9193e3b7-ae04-484d-a740-c65c11559486:c2268]
2019-08-24 07:08:26,732 | INFO  | DNAudit | user=null | ip=null | op=WRITE_CHUNK {blockData=conID: 3 locID: 102670696886632950 bcsId: 0} | ret=SUCCESS |  
2019-08-24 07:08:26,732 | INFO  | DNAudit | user=null | ip=null | op=PUT_BLOCK {blockData=[blockId=conID: 3 locID: 102670696886632950 bcsId: 0,size=2097152]} | ret=SUCCESS |  
2019-08-24 07:08:26,732 | INFO  | DNAudit | user=null | ip=null | op=WRITE_CHUNK {blockData=conID: 3 locID: 102670696886632950 bcsId: 0} | ret=SUCCESS |  
2019-08-24 07:08:26,732 [grpc-default-executor-0] INFO  client.GrpcClientProtocolClient (GrpcClientProtocolClient.java:onNext(255)) - client-6EDD19400D46->06a4573b-67a1-41e3-a350-f896363bc636: receive RaftClientReply:client-6EDD19400D46->06a4573b-67a1-41e3-a350-f896363bc636@group-757E3781CD2A, cid=1591, SUCCESS, logIndex=2271, commits[06a4573b-67a1-41e3-a350-f896363bc636:c2272, 0b725bbf-683b-4664-9a2e-3c9dd6e38bc1:c2268, 9193e3b7-ae04-484d-a740-c65c11559486:c2268]
2019-08-24 07:08:26,733 | INFO  | DNAudit | user=null | ip=null | op=PUT_BLOCK {blockData=[blockId=conID: 3 locID: 102670696886632950 bcsId: 0,size=1048576]} | ret=SUCCESS |  
2019-08-24 07:08:26,733 [grpc-default-executor-0] INFO  client.GrpcClientProtocolClient (GrpcClientProtocolClient.java:onNext(255)) - client-6EDD19400D46->06a4573b-67a1-41e3-a350-f896363bc636: receive RaftClientReply:client-6EDD19400D46->06a4573b-67a1-41e3-a350-f896363bc636@group-757E3781CD2A, cid=1592, SUCCESS, logIndex=2272, commits[06a4573b-67a1-41e3-a350-f896363bc636:c2273, 0b725bbf-683b-4664-9a2e-3c9dd6e38bc1:c2268, 9193e3b7-ae04-484d-a740-c65c11559486:c2270]
2019-08-24 07:08:26,733 | INFO  | DNAudit | user=null | ip=null | op=WRITE_CHUNK {blockData=conID: 3 locID: 102670696886632950 bcsId: 0} | ret=SUCCESS |  
2019-08-24 07:08:26,733 | INFO  | DNAudit | user=null | ip=null | op=PUT_BLOCK {blockData=[blockId=conID: 3 locID: 102670696886632950 bcsId: 0,size=1048576]} | ret=SUCCESS |  
2019-08-24 07:08:26,734 | INFO  | DNAudit | user=null | ip=null | op=WRITE_CHUNK {blockData=conID: 3 locID: 102670696886632950 bcsId: 0} | ret=SUCCESS |  
2019-08-24 07:08:26,734 | INFO  | DNAudit | user=null | ip=null | op=PUT_BLOCK {blockData=[blockId=conID: 3 locID: 102670696886632950 bcsId: 0,size=2097152]} | ret=SUCCESS |  
2019-08-24 07:08:26,734 [grpc-default-executor-2] INFO  client.GrpcClientProtocolClient (GrpcClientProtocolClient.java:onNext(255)) - client-6EDD19400D46->06a4573b-67a1-41e3-a350-f896363bc636: receive RaftClientReply:client-6EDD19400D46->06a4573b-67a1-41e3-a350-f896363bc636@group-757E3781CD2A, cid=1593, SUCCESS, logIndex=0, commits[06a4573b-67a1-41e3-a350-f896363bc636:c2274, 0b725bbf-683b-4664-9a2e-3c9dd6e38bc1:c2270, 9193e3b7-ae04-484d-a740-c65c11559486:c2270]
2019-08-24 07:08:26,736 | INFO  | DNAudit | user=null | ip=null | op=WRITE_CHUNK {blockData=conID: 3 locID: 102670696886632950 bcsId: 0} | ret=SUCCESS |  
2019-08-24 07:08:26,736 | INFO  | DNAudit | user=null | ip=null | op=PUT_BLOCK {blockData=[blockId=conID: 3 locID: 102670696886632950 bcsId: 0,size=2097152]} | ret=SUCCESS |  
2019-08-24 07:08:26,742 | INFO  | DNAudit | user=null | ip=null | op=WRITE_CHUNK {blockData=conID: 3 locID: 102670696886632950 bcsId: 2272} | ret=SUCCESS |  
2019-08-24 07:08:26,744 | INFO  | DNAudit | user=null | ip=null | op=WRITE_CHUNK {blockData=conID: 3 locID: 102670696886632950 bcsId: 2272} | ret=SUCCESS |  
2019-08-24 07:08:26,744 | INFO  | DNAudit | user=null | ip=null | op=WRITE_CHUNK {blockData=conID: 3 locID: 102670696886632950 bcsId: 2272} | ret=SUCCESS |  
2019-08-24 07:08:26,756 | INFO  | DNAudit | user=null | ip=null | op=WRITE_CHUNK {blockData=conID: 3 locID: 102670696886632950 bcsId: 2272} | ret=SUCCESS |  
2019-08-24 07:08:26,756 | INFO  | DNAudit | user=null | ip=null | op=PUT_BLOCK {blockData=[blockId=conID: 3 locID: 102670696886632950 bcsId: 0,size=3145728]} | ret=SUCCESS |  
2019-08-24 07:08:26,756 [grpc-default-executor-2] INFO  client.GrpcClientProtocolClient (GrpcClientProtocolClient.java:onNext(255)) - client-6EDD19400D46->06a4573b-67a1-41e3-a350-f896363bc636: receive RaftClientReply:client-6EDD19400D46->06a4573b-67a1-41e3-a350-f896363bc636@group-757E3781CD2A, cid=1594, SUCCESS, logIndex=2277, commits[06a4573b-67a1-41e3-a350-f896363bc636:c2278, 0b725bbf-683b-4664-9a2e-3c9dd6e38bc1:c2276, 9193e3b7-ae04-484d-a740-c65c11559486:c2276]
2019-08-24 07:08:26,757 [grpc-default-executor-2] INFO  client.GrpcClientProtocolClient (GrpcClientProtocolClient.java:onNext(255)) - client-6EDD19400D46->06a4573b-67a1-41e3-a350-f896363bc636: receive RaftClientReply:client-6EDD19400D46->06a4573b-67a1-41e3-a350-f896363bc636@group-757E3781CD2A, cid=1595, SUCCESS, logIndex=2278, commits[06a4573b-67a1-41e3-a350-f896363bc636:c2278, 0b725bbf-683b-4664-9a2e-3c9dd6e38bc1:c2276, 9193e3b7-ae04-484d-a740-c65c11559486:c2276]
2019-08-24 07:08:26,764 | INFO  | DNAudit | user=null | ip=null | op=WRITE_CHUNK {blockData=conID: 3 locID: 102670696886632950 bcsId: 2278} | ret=SUCCESS |  
2019-08-24 07:08:26,766 | INFO  | DNAudit | user=null | ip=null | op=WRITE_CHUNK {blockData=conID: 3 locID: 102670696886632950 bcsId: 2278} | ret=SUCCESS |  
2019-08-24 07:08:26,767 | INFO  | DNAudit | user=null | ip=null | op=WRITE_CHUNK {blockData=conID: 3 locID: 102670696886632950 bcsId: 2278} | ret=SUCCESS |  
2019-08-24 07:08:26,768 | INFO  | DNAudit | user=null | ip=null | op=WRITE_CHUNK {blockData=conID: 3 locID: 102670696886632950 bcsId: 2272} | ret=SUCCESS |  
2019-08-24 07:08:26,768 | INFO  | DNAudit | user=null | ip=null | op=WRITE_CHUNK {blockData=conID: 3 locID: 102670696886632950 bcsId: 2272} | ret=SUCCESS |  
2019-08-24 07:08:26,768 | INFO  | DNAudit | user=null | ip=null | op=PUT_BLOCK {blockData=[blockId=conID: 3 locID: 102670696886632950 bcsId: 0,size=3145728]} | ret=SUCCESS |  
2019-08-24 07:08:26,768 | INFO  | DNAudit | user=null | ip=null | op=PUT_BLOCK {blockData=[blockId=conID: 3 locID: 102670696886632950 bcsId: 0,size=3145728]} | ret=SUCCESS |  
2019-08-24 07:08:26,771 | INFO  | DNAudit | user=null | ip=null | op=WRITE_CHUNK {blockData=conID: 3 locID: 102670696886632950 bcsId: 2278} | ret=SUCCESS |  
2019-08-24 07:08:26,772 | INFO  | DNAudit | user=null | ip=null | op=PUT_BLOCK {blockData=[blockId=conID: 3 locID: 102670696886632950 bcsId: 0,size=4194304]} | ret=SUCCESS |  
2019-08-24 07:08:26,772 [grpc-default-executor-1] INFO  client.GrpcClientProtocolClient (GrpcClientProtocolClient.java:onNext(255)) - client-6EDD19400D46->06a4573b-67a1-41e3-a350-f896363bc636: receive RaftClientReply:client-6EDD19400D46->06a4573b-67a1-41e3-a350-f896363bc636@group-757E3781CD2A, cid=1596, SUCCESS, logIndex=2281, commits[06a4573b-67a1-41e3-a350-f896363bc636:c2282, 0b725bbf-683b-4664-9a2e-3c9dd6e38bc1:c2278, 9193e3b7-ae04-484d-a740-c65c11559486:c2278]
2019-08-24 07:08:26,772 [grpc-default-executor-1] INFO  client.GrpcClientProtocolClient (GrpcClientProtocolClient.java:onNext(255)) - client-6EDD19400D46->06a4573b-67a1-41e3-a350-f896363bc636: receive RaftClientReply:client-6EDD19400D46->06a4573b-67a1-41e3-a350-f896363bc636@group-757E3781CD2A, cid=1597, SUCCESS, logIndex=2282, commits[06a4573b-67a1-41e3-a350-f896363bc636:c2282, 0b725bbf-683b-4664-9a2e-3c9dd6e38bc1:c2278, 9193e3b7-ae04-484d-a740-c65c11559486:c2278]
2019-08-24 07:08:26,785 | INFO  | DNAudit | user=null | ip=null | op=WRITE_CHUNK {blockData=conID: 3 locID: 102670696886632950 bcsId: 2278} | ret=SUCCESS |  
2019-08-24 07:08:26,785 | INFO  | DNAudit | user=null | ip=null | op=WRITE_CHUNK {blockData=conID: 3 locID: 102670696886632950 bcsId: 2278} | ret=SUCCESS |  
2019-08-24 07:08:26,798 | INFO  | DNAudit | user=null | ip=null | op=PUT_BLOCK {blockData=[blockId=conID: 3 locID: 102670696886632950 bcsId: 0,size=4194304]} | ret=SUCCESS |  
2019-08-24 07:08:26,798 | INFO  | DNAudit | user=null | ip=null | op=PUT_BLOCK {blockData=[blockId=conID: 3 locID: 102670696886632950 bcsId: 0,size=4194304]} | ret=SUCCESS |  
2019-08-24 07:08:26,798 [grpc-default-executor-1] INFO  client.GrpcClientProtocolClient (GrpcClientProtocolClient.java:onNext(255)) - client-6EDD19400D46->06a4573b-67a1-41e3-a350-f896363bc636: receive RaftClientReply:client-6EDD19400D46->06a4573b-67a1-41e3-a350-f896363bc636@group-757E3781CD2A, cid=1598, SUCCESS, logIndex=0, commits[06a4573b-67a1-41e3-a350-f896363bc636:c2284, 0b725bbf-683b-4664-9a2e-3c9dd6e38bc1:c2282, 9193e3b7-ae04-484d-a740-c65c11559486:c2282]
2019-08-24 07:08:26,805 | INFO  | SCMAudit | user=jenkins1000 | ip=192.168.69.125 | op=ALLOCATE_BLOCK {owner=61bacca8-15b6-4a50-8962-5e9786b18b0d, size=4194304, type=RATIS, factor=THREE} | ret=SUCCESS |  
2019-08-24 07:08:26,809 | INFO  | OMAudit | user=jenkins1000 | ip=127.0.0.1 | op=ALLOCATE_BLOCK {volume=vol-0-26988, bucket=bucket-0-20739, key=key-0-27353, dataSize=0, replicationType=null, replicationFactor=null, keyLocationInfo=null, clientID=102670695851229586} | ret=SUCCESS |  
2019-08-24 07:08:26,818 | INFO  | DNAudit | user=null | ip=null | op=WRITE_CHUNK {blockData=conID: 1 locID: 102670696893972983 bcsId: 0} | ret=SUCCESS |  
2019-08-24 07:08:26,823 | INFO  | DNAudit | user=null | ip=null | op=WRITE_CHUNK {blockData=conID: 1 locID: 102670696893972983 bcsId: 0} | ret=SUCCESS |  
2019-08-24 07:08:26,823 | INFO  | DNAudit | user=null | ip=null | op=WRITE_CHUNK {blockData=conID: 1 locID: 102670696893972983 bcsId: 0} | ret=SUCCESS |  
2019-08-24 07:08:26,823 | INFO  | DNAudit | user=null | ip=null | op=WRITE_CHUNK {blockData=conID: 1 locID: 102670696893972983 bcsId: 0} | ret=SUCCESS |  
2019-08-24 07:08:26,825 | INFO  | DNAudit | user=null | ip=null | op=WRITE_CHUNK {blockData=conID: 1 locID: 102670696893972983 bcsId: 0} | ret=SUCCESS |  
2019-08-24 07:08:26,825 | INFO  | DNAudit | user=null | ip=null | op=WRITE_CHUNK {blockData=conID: 1 locID: 102670696893972983 bcsId: 0} | ret=SUCCESS |  
2019-08-24 07:08:26,830 | INFO  | DNAudit | user=null | ip=null | op=WRITE_CHUNK {blockData=conID: 1 locID: 102670696893972983 bcsId: 0} | ret=SUCCESS |  
2019-08-24 07:08:26,831 | INFO  | DNAudit | user=null | ip=null | op=PUT_BLOCK {blockData=[blockId=conID: 1 locID: 102670696893972983 bcsId: 0,size=1048576]} | ret=SUCCESS |  
2019-08-24 07:08:26,831 [grpc-default-executor-1] INFO  client.GrpcClientProtocolClient (GrpcClientProtocolClient.java:onNext(255)) - client-6EDD19400D46->06a4573b-67a1-41e3-a350-f896363bc636: receive RaftClientReply:client-6EDD19400D46->06a4573b-67a1-41e3-a350-f896363bc636@group-757E3781CD2A, cid=1599, SUCCESS, logIndex=2285, commits[06a4573b-67a1-41e3-a350-f896363bc636:c2286, 0b725bbf-683b-4664-9a2e-3c9dd6e38bc1:c2284, 9193e3b7-ae04-484d-a740-c65c11559486:c2284]
2019-08-24 07:08:26,832 | INFO  | DNAudit | user=null | ip=null | op=WRITE_CHUNK {blockData=conID: 1 locID: 102670696893972983 bcsId: 0} | ret=SUCCESS |  
2019-08-24 07:08:26,832 [grpc-default-executor-1] INFO  client.GrpcClientProtocolClient (GrpcClientProtocolClient.java:onNext(255)) - client-6EDD19400D46->06a4573b-67a1-41e3-a350-f896363bc636: receive RaftClientReply:client-6EDD19400D46->06a4573b-67a1-41e3-a350-f896363bc636@group-757E3781CD2A, cid=1600, SUCCESS, logIndex=2286, commits[06a4573b-67a1-41e3-a350-f896363bc636:c2287, 0b725bbf-683b-4664-9a2e-3c9dd6e38bc1:c2284, 9193e3b7-ae04-484d-a740-c65c11559486:c2284]
2019-08-24 07:08:26,832 | INFO  | DNAudit | user=null | ip=null | op=WRITE_CHUNK {blockData=conID: 1 locID: 102670696893972983 bcsId: 0} | ret=SUCCESS |  
2019-08-24 07:08:26,832 | INFO  | DNAudit | user=null | ip=null | op=PUT_BLOCK {blockData=[blockId=conID: 1 locID: 102670696893972983 bcsId: 0,size=2097152]} | ret=SUCCESS |  
2019-08-24 07:08:26,832 | INFO  | DNAudit | user=null | ip=null | op=WRITE_CHUNK {blockData=conID: 1 locID: 102670696893972983 bcsId: 0} | ret=SUCCESS |  
2019-08-24 07:08:26,833 | INFO  | DNAudit | user=null | ip=null | op=PUT_BLOCK {blockData=[blockId=conID: 1 locID: 102670696893972983 bcsId: 0,size=1048576]} | ret=SUCCESS |  
2019-08-24 07:08:26,833 [grpc-default-executor-2] INFO  client.GrpcClientProtocolClient (GrpcClientProtocolClient.java:onNext(255)) - client-6EDD19400D46->06a4573b-67a1-41e3-a350-f896363bc636: receive RaftClientReply:client-6EDD19400D46->06a4573b-67a1-41e3-a350-f896363bc636@group-757E3781CD2A, cid=1601, SUCCESS, logIndex=2287, commits[06a4573b-67a1-41e3-a350-f896363bc636:c2288, 0b725bbf-683b-4664-9a2e-3c9dd6e38bc1:c2284, 9193e3b7-ae04-484d-a740-c65c11559486:c2284]
2019-08-24 07:08:26,833 [grpc-default-executor-2] INFO  client.GrpcClientProtocolClient (GrpcClientProtocolClient.java:onNext(255)) - client-6EDD19400D46->06a4573b-67a1-41e3-a350-f896363bc636: receive RaftClientReply:client-6EDD19400D46->06a4573b-67a1-41e3-a350-f896363bc636@group-757E3781CD2A, cid=1602, SUCCESS, logIndex=2288, commits[06a4573b-67a1-41e3-a350-f896363bc636:c2289, 0b725bbf-683b-4664-9a2e-3c9dd6e38bc1:c2285, 9193e3b7-ae04-484d-a740-c65c11559486:c2285]
2019-08-24 07:08:26,835 | INFO  | DNAudit | user=null | ip=null | op=PUT_BLOCK {blockData=[blockId=conID: 1 locID: 102670696893972983 bcsId: 0,size=1048576]} | ret=SUCCESS |  
2019-08-24 07:08:26,836 | INFO  | DNAudit | user=null | ip=null | op=WRITE_CHUNK {blockData=conID: 1 locID: 102670696893972983 bcsId: 0} | ret=SUCCESS |  
2019-08-24 07:08:26,836 | INFO  | DNAudit | user=null | ip=null | op=PUT_BLOCK {blockData=[blockId=conID: 1 locID: 102670696893972983 bcsId: 0,size=2097152]} | ret=SUCCESS |  
2019-08-24 07:08:26,836 | INFO  | DNAudit | user=null | ip=null | op=WRITE_CHUNK {blockData=conID: 1 locID: 102670696893972983 bcsId: 0} | ret=SUCCESS |  
2019-08-24 07:08:26,837 [grpc-default-executor-2] INFO  client.GrpcClientProtocolClient (GrpcClientProtocolClient.java:onNext(255)) - client-6EDD19400D46->06a4573b-67a1-41e3-a350-f896363bc636: receive RaftClientReply:client-6EDD19400D46->06a4573b-67a1-41e3-a350-f896363bc636@group-757E3781CD2A, cid=1603, SUCCESS, logIndex=0, commits[06a4573b-67a1-41e3-a350-f896363bc636:c2290, 0b725bbf-683b-4664-9a2e-3c9dd6e38bc1:c2286, 9193e3b7-ae04-484d-a740-c65c11559486:c2286]
2019-08-24 07:08:26,845 | INFO  | DNAudit | user=null | ip=null | op=WRITE_CHUNK {blockData=conID: 1 locID: 102670696893972983 bcsId: 2288} | ret=SUCCESS |  
2019-08-24 07:08:26,847 | INFO  | DNAudit | user=null | ip=null | op=PUT_BLOCK {blockData=[blockId=conID: 1 locID: 102670696893972983 bcsId: 0,size=2097152]} | ret=SUCCESS |  
2019-08-24 07:08:26,848 | INFO  | DNAudit | user=null | ip=null | op=WRITE_CHUNK {blockData=conID: 1 locID: 102670696893972983 bcsId: 2288} | ret=SUCCESS |  
2019-08-24 07:08:26,849 | INFO  | DNAudit | user=null | ip=null | op=WRITE_CHUNK {blockData=conID: 1 locID: 102670696893972983 bcsId: 2288} | ret=SUCCESS |  
2019-08-24 07:08:26,869 | INFO  | DNAudit | user=null | ip=null | op=WRITE_CHUNK {blockData=conID: 1 locID: 102670696893972983 bcsId: 2288} | ret=SUCCESS |  
2019-08-24 07:08:26,869 | INFO  | DNAudit | user=null | ip=null | op=PUT_BLOCK {blockData=[blockId=conID: 1 locID: 102670696893972983 bcsId: 0,size=3145728]} | ret=SUCCESS |  
2019-08-24 07:08:26,870 [grpc-default-executor-5] INFO  client.GrpcClientProtocolClient (GrpcClientProtocolClient.java:onNext(255)) - client-6EDD19400D46->06a4573b-67a1-41e3-a350-f896363bc636: receive RaftClientReply:client-6EDD19400D46->06a4573b-67a1-41e3-a350-f896363bc636@group-757E3781CD2A, cid=1604, SUCCESS, logIndex=2293, commits[06a4573b-67a1-41e3-a350-f896363bc636:c2294, 0b725bbf-683b-4664-9a2e-3c9dd6e38bc1:c2292, 9193e3b7-ae04-484d-a740-c65c11559486:c2292]
2019-08-24 07:08:26,870 [grpc-default-executor-5] INFO  client.GrpcClientProtocolClient (GrpcClientProtocolClient.java:onNext(255)) - client-6EDD19400D46->06a4573b-67a1-41e3-a350-f896363bc636: receive RaftClientReply:client-6EDD19400D46->06a4573b-67a1-41e3-a350-f896363bc636@group-757E3781CD2A, cid=1605, SUCCESS, logIndex=2294, commits[06a4573b-67a1-41e3-a350-f896363bc636:c2294, 0b725bbf-683b-4664-9a2e-3c9dd6e38bc1:c2292, 9193e3b7-ae04-484d-a740-c65c11559486:c2292]
2019-08-24 07:08:26,878 | INFO  | DNAudit | user=null | ip=null | op=WRITE_CHUNK {blockData=conID: 1 locID: 102670696893972983 bcsId: 2288} | ret=SUCCESS |  
2019-08-24 07:08:26,878 | INFO  | DNAudit | user=null | ip=null | op=WRITE_CHUNK {blockData=conID: 1 locID: 102670696893972983 bcsId: 2294} | ret=SUCCESS |  
2019-08-24 07:08:26,878 | INFO  | DNAudit | user=null | ip=null | op=PUT_BLOCK {blockData=[blockId=conID: 1 locID: 102670696893972983 bcsId: 0,size=3145728]} | ret=SUCCESS |  
2019-08-24 07:08:26,878 | INFO  | DNAudit | user=null | ip=null | op=WRITE_CHUNK {blockData=conID: 1 locID: 102670696893972983 bcsId: 2288} | ret=SUCCESS |  
2019-08-24 07:08:26,878 | INFO  | DNAudit | user=null | ip=null | op=PUT_BLOCK {blockData=[blockId=conID: 1 locID: 102670696893972983 bcsId: 0,size=3145728]} | ret=SUCCESS |  
2019-08-24 07:08:26,882 | INFO  | DNAudit | user=null | ip=null | op=WRITE_CHUNK {blockData=conID: 1 locID: 102670696893972983 bcsId: 2294} | ret=SUCCESS |  
2019-08-24 07:08:26,882 | INFO  | DNAudit | user=null | ip=null | op=WRITE_CHUNK {blockData=conID: 1 locID: 102670696893972983 bcsId: 2294} | ret=SUCCESS |  
2019-08-24 07:08:26,895 | INFO  | DNAudit | user=null | ip=null | op=WRITE_CHUNK {blockData=conID: 1 locID: 102670696893972983 bcsId: 2294} | ret=SUCCESS |  
2019-08-24 07:08:26,896 | INFO  | DNAudit | user=null | ip=null | op=PUT_BLOCK {blockData=[blockId=conID: 1 locID: 102670696893972983 bcsId: 0,size=4194304]} | ret=SUCCESS |  
2019-08-24 07:08:26,896 [grpc-default-executor-5] INFO  client.GrpcClientProtocolClient (GrpcClientProtocolClient.java:onNext(255)) - client-6EDD19400D46->06a4573b-67a1-41e3-a350-f896363bc636: receive RaftClientReply:client-6EDD19400D46->06a4573b-67a1-41e3-a350-f896363bc636@group-757E3781CD2A, cid=1606, SUCCESS, logIndex=2297, commits[06a4573b-67a1-41e3-a350-f896363bc636:c2298, 0b725bbf-683b-4664-9a2e-3c9dd6e38bc1:c2294, 9193e3b7-ae04-484d-a740-c65c11559486:c2294]
2019-08-24 07:08:26,897 [grpc-default-executor-5] INFO  client.GrpcClientProtocolClient (GrpcClientProtocolClient.java:onNext(255)) - client-6EDD19400D46->06a4573b-67a1-41e3-a350-f896363bc636: receive RaftClientReply:client-6EDD19400D46->06a4573b-67a1-41e3-a350-f896363bc636@group-757E3781CD2A, cid=1607, SUCCESS, logIndex=2298, commits[06a4573b-67a1-41e3-a350-f896363bc636:c2298, 0b725bbf-683b-4664-9a2e-3c9dd6e38bc1:c2294, 9193e3b7-ae04-484d-a740-c65c11559486:c2294]
2019-08-24 07:08:26,906 | INFO  | DNAudit | user=null | ip=null | op=WRITE_CHUNK {blockData=conID: 1 locID: 102670696893972983 bcsId: 2294} | ret=SUCCESS |  
2019-08-24 07:08:26,907 | INFO  | DNAudit | user=null | ip=null | op=WRITE_CHUNK {blockData=conID: 1 locID: 102670696893972983 bcsId: 2294} | ret=SUCCESS |  
2019-08-24 07:08:26,907 | INFO  | DNAudit | user=null | ip=null | op=PUT_BLOCK {blockData=[blockId=conID: 1 locID: 102670696893972983 bcsId: 0,size=4194304]} | ret=SUCCESS |  
2019-08-24 07:08:26,908 | INFO  | DNAudit | user=null | ip=null | op=PUT_BLOCK {blockData=[blockId=conID: 1 locID: 102670696893972983 bcsId: 0,size=4194304]} | ret=SUCCESS |  
2019-08-24 07:08:26,909 [grpc-default-executor-5] INFO  client.GrpcClientProtocolClient (GrpcClientProtocolClient.java:onNext(255)) - client-6EDD19400D46->06a4573b-67a1-41e3-a350-f896363bc636: receive RaftClientReply:client-6EDD19400D46->06a4573b-67a1-41e3-a350-f896363bc636@group-757E3781CD2A, cid=1608, SUCCESS, logIndex=0, commits[06a4573b-67a1-41e3-a350-f896363bc636:c2300, 0b725bbf-683b-4664-9a2e-3c9dd6e38bc1:c2298, 9193e3b7-ae04-484d-a740-c65c11559486:c2298]
2019-08-24 07:08:26,915 | INFO  | SCMAudit | user=jenkins1000 | ip=192.168.69.125 | op=ALLOCATE_BLOCK {owner=61bacca8-15b6-4a50-8962-5e9786b18b0d, size=4194304, type=RATIS, factor=THREE} | ret=SUCCESS |  
2019-08-24 07:08:26,919 | INFO  | OMAudit | user=jenkins1000 | ip=127.0.0.1 | op=ALLOCATE_BLOCK {volume=vol-0-26988, bucket=bucket-0-20739, key=key-0-27353, dataSize=0, replicationType=null, replicationFactor=null, keyLocationInfo=null, clientID=102670695851229586} | ret=SUCCESS |  
2019-08-24 07:08:26,927 | INFO  | DNAudit | user=null | ip=null | op=WRITE_CHUNK {blockData=conID: 2 locID: 102670696901181944 bcsId: 0} | ret=SUCCESS |  
2019-08-24 07:08:26,931 | INFO  | DNAudit | user=null | ip=null | op=WRITE_CHUNK {blockData=conID: 2 locID: 102670696901181944 bcsId: 0} | ret=SUCCESS |  
2019-08-24 07:08:26,932 | INFO  | DNAudit | user=null | ip=null | op=WRITE_CHUNK {blockData=conID: 2 locID: 102670696901181944 bcsId: 0} | ret=SUCCESS |  
2019-08-24 07:08:26,932 | INFO  | DNAudit | user=null | ip=null | op=WRITE_CHUNK {blockData=conID: 2 locID: 102670696901181944 bcsId: 0} | ret=SUCCESS |  
2019-08-24 07:08:26,934 | INFO  | DNAudit | user=null | ip=null | op=WRITE_CHUNK {blockData=conID: 2 locID: 102670696901181944 bcsId: 0} | ret=SUCCESS |  
2019-08-24 07:08:26,934 | INFO  | DNAudit | user=null | ip=null | op=WRITE_CHUNK {blockData=conID: 2 locID: 102670696901181944 bcsId: 0} | ret=SUCCESS |  
2019-08-24 07:08:26,941 | INFO  | DNAudit | user=null | ip=null | op=WRITE_CHUNK {blockData=conID: 2 locID: 102670696901181944 bcsId: 0} | ret=SUCCESS |  
2019-08-24 07:08:26,941 | INFO  | DNAudit | user=null | ip=null | op=PUT_BLOCK {blockData=[blockId=conID: 2 locID: 102670696901181944 bcsId: 0,size=1048576]} | ret=SUCCESS |  
2019-08-24 07:08:26,942 | INFO  | DNAudit | user=null | ip=null | op=WRITE_CHUNK {blockData=conID: 2 locID: 102670696901181944 bcsId: 0} | ret=SUCCESS |  
2019-08-24 07:08:26,942 [grpc-default-executor-1] INFO  client.GrpcClientProtocolClient (GrpcClientProtocolClient.java:onNext(255)) - client-6EDD19400D46->06a4573b-67a1-41e3-a350-f896363bc636: receive RaftClientReply:client-6EDD19400D46->06a4573b-67a1-41e3-a350-f896363bc636@group-757E3781CD2A, cid=1609, SUCCESS, logIndex=2301, commits[06a4573b-67a1-41e3-a350-f896363bc636:c2303, 0b725bbf-683b-4664-9a2e-3c9dd6e38bc1:c2300, 9193e3b7-ae04-484d-a740-c65c11559486:c2300]
2019-08-24 07:08:26,942 | INFO  | DNAudit | user=null | ip=null | op=PUT_BLOCK {blockData=[blockId=conID: 2 locID: 102670696901181944 bcsId: 0,size=2097152]} | ret=SUCCESS |  
2019-08-24 07:08:26,943 [grpc-default-executor-1] INFO  client.GrpcClientProtocolClient (GrpcClientProtocolClient.java:onNext(255)) - client-6EDD19400D46->06a4573b-67a1-41e3-a350-f896363bc636: receive RaftClientReply:client-6EDD19400D46->06a4573b-67a1-41e3-a350-f896363bc636@group-757E3781CD2A, cid=1610, SUCCESS, logIndex=2302, commits[06a4573b-67a1-41e3-a350-f896363bc636:c2304, 0b725bbf-683b-4664-9a2e-3c9dd6e38bc1:c2300, 9193e3b7-ae04-484d-a740-c65c11559486:c2300]
2019-08-24 07:08:26,943 | INFO  | SCMAudit | user=jenkins1000 | ip=192.168.69.125 | op=SEND_HEARTBEAT {datanodeUUID=b8548da6-9cc6-46be-8dd4-5219531f5960, command=[]} | ret=SUCCESS |  
2019-08-24 07:08:26,943 [grpc-default-executor-1] INFO  client.GrpcClientProtocolClient (GrpcClientProtocolClient.java:onNext(255)) - client-6EDD19400D46->06a4573b-67a1-41e3-a350-f896363bc636: receive RaftClientReply:client-6EDD19400D46->06a4573b-67a1-41e3-a350-f896363bc636@group-757E3781CD2A, cid=1611, SUCCESS, logIndex=2303, commits[06a4573b-67a1-41e3-a350-f896363bc636:c2304, 0b725bbf-683b-4664-9a2e-3c9dd6e38bc1:c2300, 9193e3b7-ae04-484d-a740-c65c11559486:c2300]
2019-08-24 07:08:26,943 [grpc-default-executor-1] INFO  client.GrpcClientProtocolClient (GrpcClientProtocolClient.java:onNext(255)) - client-6EDD19400D46->06a4573b-67a1-41e3-a350-f896363bc636: receive RaftClientReply:client-6EDD19400D46->06a4573b-67a1-41e3-a350-f896363bc636@group-757E3781CD2A, cid=1612, SUCCESS, logIndex=2304, commits[06a4573b-67a1-41e3-a350-f896363bc636:c2304, 0b725bbf-683b-4664-9a2e-3c9dd6e38bc1:c2300, 9193e3b7-ae04-484d-a740-c65c11559486:c2300]
2019-08-24 07:08:26,952 | INFO  | DNAudit | user=null | ip=null | op=WRITE_CHUNK {blockData=conID: 2 locID: 102670696901181944 bcsId: 0} | ret=SUCCESS |  
2019-08-24 07:08:26,952 | INFO  | DNAudit | user=null | ip=null | op=WRITE_CHUNK {blockData=conID: 2 locID: 102670696901181944 bcsId: 0} | ret=SUCCESS |  
2019-08-24 07:08:26,952 | INFO  | DNAudit | user=null | ip=null | op=PUT_BLOCK {blockData=[blockId=conID: 2 locID: 102670696901181944 bcsId: 0,size=1048576]} | ret=SUCCESS |  
2019-08-24 07:08:26,954 | INFO  | DNAudit | user=null | ip=null | op=PUT_BLOCK {blockData=[blockId=conID: 2 locID: 102670696901181944 bcsId: 0,size=1048576]} | ret=SUCCESS |  
2019-08-24 07:08:26,955 | INFO  | DNAudit | user=null | ip=null | op=WRITE_CHUNK {blockData=conID: 2 locID: 102670696901181944 bcsId: 0} | ret=SUCCESS |  
2019-08-24 07:08:26,955 | INFO  | DNAudit | user=null | ip=null | op=PUT_BLOCK {blockData=[blockId=conID: 2 locID: 102670696901181944 bcsId: 0,size=2097152]} | ret=SUCCESS |  
2019-08-24 07:08:26,955 [grpc-default-executor-1] INFO  client.GrpcClientProtocolClient (GrpcClientProtocolClient.java:onNext(255)) - client-6EDD19400D46->06a4573b-67a1-41e3-a350-f896363bc636: receive RaftClientReply:client-6EDD19400D46->06a4573b-67a1-41e3-a350-f896363bc636@group-757E3781CD2A, cid=1613, SUCCESS, logIndex=0, commits[06a4573b-67a1-41e3-a350-f896363bc636:c2306, 0b725bbf-683b-4664-9a2e-3c9dd6e38bc1:c2302, 9193e3b7-ae04-484d-a740-c65c11559486:c2302]
2019-08-24 07:08:26,963 | INFO  | DNAudit | user=null | ip=null | op=WRITE_CHUNK {blockData=conID: 2 locID: 102670696901181944 bcsId: 2304} | ret=SUCCESS |  
2019-08-24 07:08:26,965 | INFO  | DNAudit | user=null | ip=null | op=WRITE_CHUNK {blockData=conID: 2 locID: 102670696901181944 bcsId: 0} | ret=SUCCESS |  
2019-08-24 07:08:26,966 | INFO  | DNAudit | user=null | ip=null | op=PUT_BLOCK {blockData=[blockId=conID: 2 locID: 102670696901181944 bcsId: 0,size=2097152]} | ret=SUCCESS |  
2019-08-24 07:08:26,967 | INFO  | DNAudit | user=null | ip=null | op=WRITE_CHUNK {blockData=conID: 2 locID: 102670696901181944 bcsId: 2304} | ret=SUCCESS |  
2019-08-24 07:08:26,967 | INFO  | DNAudit | user=null | ip=null | op=WRITE_CHUNK {blockData=conID: 2 locID: 102670696901181944 bcsId: 2304} | ret=SUCCESS |  
2019-08-24 07:08:26,979 | INFO  | DNAudit | user=null | ip=null | op=WRITE_CHUNK {blockData=conID: 2 locID: 102670696901181944 bcsId: 2304} | ret=SUCCESS |  
2019-08-24 07:08:26,980 | INFO  | DNAudit | user=null | ip=null | op=PUT_BLOCK {blockData=[blockId=conID: 2 locID: 102670696901181944 bcsId: 0,size=3145728]} | ret=SUCCESS |  
2019-08-24 07:08:26,980 [grpc-default-executor-5] INFO  client.GrpcClientProtocolClient (GrpcClientProtocolClient.java:onNext(255)) - client-6EDD19400D46->06a4573b-67a1-41e3-a350-f896363bc636: receive RaftClientReply:client-6EDD19400D46->06a4573b-67a1-41e3-a350-f896363bc636@group-757E3781CD2A, cid=1614, SUCCESS, logIndex=2309, commits[06a4573b-67a1-41e3-a350-f896363bc636:c2310, 0b725bbf-683b-4664-9a2e-3c9dd6e38bc1:c2308, 9193e3b7-ae04-484d-a740-c65c11559486:c2308]
2019-08-24 07:08:26,981 [grpc-default-executor-5] INFO  client.GrpcClientProtocolClient (GrpcClientProtocolClient.java:onNext(255)) - client-6EDD19400D46->06a4573b-67a1-41e3-a350-f896363bc636: receive RaftClientReply:client-6EDD19400D46->06a4573b-67a1-41e3-a350-f896363bc636@group-757E3781CD2A, cid=1615, SUCCESS, logIndex=2310, commits[06a4573b-67a1-41e3-a350-f896363bc636:c2310, 0b725bbf-683b-4664-9a2e-3c9dd6e38bc1:c2308, 9193e3b7-ae04-484d-a740-c65c11559486:c2308]
2019-08-24 07:08:26,988 | INFO  | DNAudit | user=null | ip=null | op=WRITE_CHUNK {blockData=conID: 2 locID: 102670696901181944 bcsId: 2310} | ret=SUCCESS |  
2019-08-24 07:08:26,991 | INFO  | DNAudit | user=null | ip=null | op=WRITE_CHUNK {blockData=conID: 2 locID: 102670696901181944 bcsId: 2304} | ret=SUCCESS |  
2019-08-24 07:08:26,991 | INFO  | DNAudit | user=null | ip=null | op=WRITE_CHUNK {blockData=conID: 2 locID: 102670696901181944 bcsId: 2304} | ret=SUCCESS |  
2019-08-24 07:08:26,991 | INFO  | DNAudit | user=null | ip=null | op=PUT_BLOCK {blockData=[blockId=conID: 2 locID: 102670696901181944 bcsId: 0,size=3145728]} | ret=SUCCESS |  
2019-08-24 07:08:26,992 | INFO  | DNAudit | user=null | ip=null | op=PUT_BLOCK {blockData=[blockId=conID: 2 locID: 102670696901181944 bcsId: 0,size=3145728]} | ret=SUCCESS |  
2019-08-24 07:08:26,992 | INFO  | DNAudit | user=null | ip=null | op=WRITE_CHUNK {blockData=conID: 2 locID: 102670696901181944 bcsId: 2310} | ret=SUCCESS |  
2019-08-24 07:08:26,994 | INFO  | DNAudit | user=null | ip=null | op=WRITE_CHUNK {blockData=conID: 2 locID: 102670696901181944 bcsId: 2310} | ret=SUCCESS |  
2019-08-24 07:08:27,005 | INFO  | DNAudit | user=null | ip=null | op=WRITE_CHUNK {blockData=conID: 2 locID: 102670696901181944 bcsId: 2310} | ret=SUCCESS |  
2019-08-24 07:08:27,005 | INFO  | DNAudit | user=null | ip=null | op=PUT_BLOCK {blockData=[blockId=conID: 2 locID: 102670696901181944 bcsId: 0,size=4194304]} | ret=SUCCESS |  
2019-08-24 07:08:27,006 [grpc-default-executor-5] INFO  client.GrpcClientProtocolClient (GrpcClientProtocolClient.java:onNext(255)) - client-6EDD19400D46->06a4573b-67a1-41e3-a350-f896363bc636: receive RaftClientReply:client-6EDD19400D46->06a4573b-67a1-41e3-a350-f896363bc636@group-757E3781CD2A, cid=1616, SUCCESS, logIndex=2313, commits[06a4573b-67a1-41e3-a350-f896363bc636:c2314, 0b725bbf-683b-4664-9a2e-3c9dd6e38bc1:c2310, 9193e3b7-ae04-484d-a740-c65c11559486:c2310]
2019-08-24 07:08:27,006 [grpc-default-executor-5] INFO  client.GrpcClientProtocolClient (GrpcClientProtocolClient.java:onNext(255)) - client-6EDD19400D46->06a4573b-67a1-41e3-a350-f896363bc636: receive RaftClientReply:client-6EDD19400D46->06a4573b-67a1-41e3-a350-f896363bc636@group-757E3781CD2A, cid=1617, SUCCESS, logIndex=2314, commits[06a4573b-67a1-41e3-a350-f896363bc636:c2314, 0b725bbf-683b-4664-9a2e-3c9dd6e38bc1:c2310, 9193e3b7-ae04-484d-a740-c65c11559486:c2310]
2019-08-24 07:08:27,008 | INFO  | DNAudit | user=null | ip=null | op=WRITE_CHUNK {blockData=conID: 2 locID: 102670696901181944 bcsId: 2310} | ret=SUCCESS |  
2019-08-24 07:08:27,008 | INFO  | DNAudit | user=null | ip=null | op=PUT_BLOCK {blockData=[blockId=conID: 2 locID: 102670696901181944 bcsId: 0,size=4194304]} | ret=SUCCESS |  
2019-08-24 07:08:27,008 | INFO  | DNAudit | user=null | ip=null | op=WRITE_CHUNK {blockData=conID: 2 locID: 102670696901181944 bcsId: 2310} | ret=SUCCESS |  
2019-08-24 07:08:27,008 | INFO  | DNAudit | user=null | ip=null | op=PUT_BLOCK {blockData=[blockId=conID: 2 locID: 102670696901181944 bcsId: 0,size=4194304]} | ret=SUCCESS |  
2019-08-24 07:08:27,008 [grpc-default-executor-5] INFO  client.GrpcClientProtocolClient (GrpcClientProtocolClient.java:onNext(255)) - client-6EDD19400D46->06a4573b-67a1-41e3-a350-f896363bc636: receive RaftClientReply:client-6EDD19400D46->06a4573b-67a1-41e3-a350-f896363bc636@group-757E3781CD2A, cid=1618, SUCCESS, logIndex=0, commits[06a4573b-67a1-41e3-a350-f896363bc636:c2315, 0b725bbf-683b-4664-9a2e-3c9dd6e38bc1:c2314, 9193e3b7-ae04-484d-a740-c65c11559486:c2314]
2019-08-24 07:08:27,014 | INFO  | SCMAudit | user=jenkins1000 | ip=192.168.69.125 | op=ALLOCATE_BLOCK {owner=61bacca8-15b6-4a50-8962-5e9786b18b0d, size=4194304, type=RATIS, factor=THREE} | ret=SUCCESS |  
2019-08-24 07:08:27,018 | INFO  | OMAudit | user=jenkins1000 | ip=127.0.0.1 | op=ALLOCATE_BLOCK {volume=vol-0-26988, bucket=bucket-0-20739, key=key-0-27353, dataSize=0, replicationType=null, replicationFactor=null, keyLocationInfo=null, clientID=102670695851229586} | ret=SUCCESS |  
2019-08-24 07:08:27,028 | INFO  | DNAudit | user=null | ip=null | op=WRITE_CHUNK {blockData=conID: 3 locID: 102670696907670009 bcsId: 0} | ret=SUCCESS |  
2019-08-24 07:08:27,032 | INFO  | DNAudit | user=null | ip=null | op=WRITE_CHUNK {blockData=conID: 3 locID: 102670696907670009 bcsId: 0} | ret=SUCCESS |  
2019-08-24 07:08:27,035 | INFO  | DNAudit | user=null | ip=null | op=WRITE_CHUNK {blockData=conID: 3 locID: 102670696907670009 bcsId: 0} | ret=SUCCESS |  
2019-08-24 07:08:27,035 | INFO  | DNAudit | user=null | ip=null | op=WRITE_CHUNK {blockData=conID: 3 locID: 102670696907670009 bcsId: 0} | ret=SUCCESS |  
2019-08-24 07:08:27,036 | INFO  | DNAudit | user=null | ip=null | op=WRITE_CHUNK {blockData=conID: 3 locID: 102670696907670009 bcsId: 0} | ret=SUCCESS |  
2019-08-24 07:08:27,036 | INFO  | DNAudit | user=null | ip=null | op=WRITE_CHUNK {blockData=conID: 3 locID: 102670696907670009 bcsId: 0} | ret=SUCCESS |  
2019-08-24 07:08:27,042 | INFO  | DNAudit | user=null | ip=null | op=WRITE_CHUNK {blockData=conID: 3 locID: 102670696907670009 bcsId: 0} | ret=SUCCESS |  
2019-08-24 07:08:27,042 | INFO  | DNAudit | user=null | ip=null | op=PUT_BLOCK {blockData=[blockId=conID: 3 locID: 102670696907670009 bcsId: 0,size=1048576]} | ret=SUCCESS |  
2019-08-24 07:08:27,043 | INFO  | DNAudit | user=null | ip=null | op=WRITE_CHUNK {blockData=conID: 3 locID: 102670696907670009 bcsId: 0} | ret=SUCCESS |  
2019-08-24 07:08:27,043 [grpc-default-executor-2] INFO  client.GrpcClientProtocolClient (GrpcClientProtocolClient.java:onNext(255)) - client-6EDD19400D46->06a4573b-67a1-41e3-a350-f896363bc636: receive RaftClientReply:client-6EDD19400D46->06a4573b-67a1-41e3-a350-f896363bc636@group-757E3781CD2A, cid=1619, SUCCESS, logIndex=2317, commits[06a4573b-67a1-41e3-a350-f896363bc636:c2318, 0b725bbf-683b-4664-9a2e-3c9dd6e38bc1:c2316, 9193e3b7-ae04-484d-a740-c65c11559486:c2316]
2019-08-24 07:08:27,043 | INFO  | DNAudit | user=null | ip=null | op=PUT_BLOCK {blockData=[blockId=conID: 3 locID: 102670696907670009 bcsId: 0,size=2097152]} | ret=SUCCESS |  
2019-08-24 07:08:27,043 [grpc-default-executor-2] INFO  client.GrpcClientProtocolClient (GrpcClientProtocolClient.java:onNext(255)) - client-6EDD19400D46->06a4573b-67a1-41e3-a350-f896363bc636: receive RaftClientReply:client-6EDD19400D46->06a4573b-67a1-41e3-a350-f896363bc636@group-757E3781CD2A, cid=1620, SUCCESS, logIndex=2318, commits[06a4573b-67a1-41e3-a350-f896363bc636:c2320, 0b725bbf-683b-4664-9a2e-3c9dd6e38bc1:c2316, 9193e3b7-ae04-484d-a740-c65c11559486:c2316]
2019-08-24 07:08:27,044 [grpc-default-executor-2] INFO  client.GrpcClientProtocolClient (GrpcClientProtocolClient.java:onNext(255)) - client-6EDD19400D46->06a4573b-67a1-41e3-a350-f896363bc636: receive RaftClientReply:client-6EDD19400D46->06a4573b-67a1-41e3-a350-f896363bc636@group-757E3781CD2A, cid=1621, SUCCESS, logIndex=2319, commits[06a4573b-67a1-41e3-a350-f896363bc636:c2320, 0b725bbf-683b-4664-9a2e-3c9dd6e38bc1:c2316, 9193e3b7-ae04-484d-a740-c65c11559486:c2316]
2019-08-24 07:08:27,044 [grpc-default-executor-2] INFO  client.GrpcClientProtocolClient (GrpcClientProtocolClient.java:onNext(255)) - client-6EDD19400D46->06a4573b-67a1-41e3-a350-f896363bc636: receive RaftClientReply:client-6EDD19400D46->06a4573b-67a1-41e3-a350-f896363bc636@group-757E3781CD2A, cid=1622, SUCCESS, logIndex=2320, commits[06a4573b-67a1-41e3-a350-f896363bc636:c2320, 0b725bbf-683b-4664-9a2e-3c9dd6e38bc1:c2316, 9193e3b7-ae04-484d-a740-c65c11559486:c2316]
2019-08-24 07:08:27,056 | INFO  | DNAudit | user=null | ip=null | op=WRITE_CHUNK {blockData=conID: 3 locID: 102670696907670009 bcsId: 0} | ret=SUCCESS |  
2019-08-24 07:08:27,056 | INFO  | DNAudit | user=null | ip=null | op=WRITE_CHUNK {blockData=conID: 3 locID: 102670696907670009 bcsId: 0} | ret=SUCCESS |  
2019-08-24 07:08:27,056 | INFO  | DNAudit | user=null | ip=null | op=PUT_BLOCK {blockData=[blockId=conID: 3 locID: 102670696907670009 bcsId: 0,size=1048576]} | ret=SUCCESS |  
2019-08-24 07:08:27,056 | INFO  | DNAudit | user=null | ip=null | op=PUT_BLOCK {blockData=[blockId=conID: 3 locID: 102670696907670009 bcsId: 0,size=1048576]} | ret=SUCCESS |  
2019-08-24 07:08:27,057 [grpc-default-executor-2] INFO  client.GrpcClientProtocolClient (GrpcClientProtocolClient.java:onNext(255)) - client-6EDD19400D46->06a4573b-67a1-41e3-a350-f896363bc636: receive RaftClientReply:client-6EDD19400D46->06a4573b-67a1-41e3-a350-f896363bc636@group-757E3781CD2A, cid=1623, SUCCESS, logIndex=0, commits[06a4573b-67a1-41e3-a350-f896363bc636:c2321, 0b725bbf-683b-4664-9a2e-3c9dd6e38bc1:c2318, 9193e3b7-ae04-484d-a740-c65c11559486:c2318]
2019-08-24 07:08:27,068 | INFO  | DNAudit | user=null | ip=null | op=WRITE_CHUNK {blockData=conID: 3 locID: 102670696907670009 bcsId: 2320} | ret=SUCCESS |  
2019-08-24 07:08:27,069 | INFO  | DNAudit | user=null | ip=null | op=WRITE_CHUNK {blockData=conID: 3 locID: 102670696907670009 bcsId: 0} | ret=SUCCESS |  
2019-08-24 07:08:27,069 | INFO  | DNAudit | user=null | ip=null | op=WRITE_CHUNK {blockData=conID: 3 locID: 102670696907670009 bcsId: 0} | ret=SUCCESS |  
2019-08-24 07:08:27,070 | INFO  | DNAudit | user=null | ip=null | op=PUT_BLOCK {blockData=[blockId=conID: 3 locID: 102670696907670009 bcsId: 0,size=2097152]} | ret=SUCCESS |  
2019-08-24 07:08:27,070 | INFO  | DNAudit | user=null | ip=null | op=PUT_BLOCK {blockData=[blockId=conID: 3 locID: 102670696907670009 bcsId: 0,size=2097152]} | ret=SUCCESS |  
2019-08-24 07:08:27,073 | INFO  | DNAudit | user=null | ip=null | op=WRITE_CHUNK {blockData=conID: 3 locID: 102670696907670009 bcsId: 2320} | ret=SUCCESS |  
2019-08-24 07:08:27,073 | INFO  | DNAudit | user=null | ip=null | op=WRITE_CHUNK {blockData=conID: 3 locID: 102670696907670009 bcsId: 2320} | ret=SUCCESS |  
2019-08-24 07:08:27,083 | INFO  | DNAudit | user=null | ip=null | op=WRITE_CHUNK {blockData=conID: 3 locID: 102670696907670009 bcsId: 2320} | ret=SUCCESS |  
2019-08-24 07:08:27,083 | INFO  | DNAudit | user=null | ip=null | op=PUT_BLOCK {blockData=[blockId=conID: 3 locID: 102670696907670009 bcsId: 0,size=3145728]} | ret=SUCCESS |  
2019-08-24 07:08:27,084 [grpc-default-executor-5] INFO  client.GrpcClientProtocolClient (GrpcClientProtocolClient.java:onNext(255)) - client-6EDD19400D46->06a4573b-67a1-41e3-a350-f896363bc636: receive RaftClientReply:client-6EDD19400D46->06a4573b-67a1-41e3-a350-f896363bc636@group-757E3781CD2A, cid=1624, SUCCESS, logIndex=2325, commits[06a4573b-67a1-41e3-a350-f896363bc636:c2326, 0b725bbf-683b-4664-9a2e-3c9dd6e38bc1:c2321, 9193e3b7-ae04-484d-a740-c65c11559486:c2321]
2019-08-24 07:08:27,084 [grpc-default-executor-5] INFO  client.GrpcClientProtocolClient (GrpcClientProtocolClient.java:onNext(255)) - client-6EDD19400D46->06a4573b-67a1-41e3-a350-f896363bc636: receive RaftClientReply:client-6EDD19400D46->06a4573b-67a1-41e3-a350-f896363bc636@group-757E3781CD2A, cid=1625, SUCCESS, logIndex=2326, commits[06a4573b-67a1-41e3-a350-f896363bc636:c2326, 0b725bbf-683b-4664-9a2e-3c9dd6e38bc1:c2321, 9193e3b7-ae04-484d-a740-c65c11559486:c2321]
2019-08-24 07:08:27,093 | INFO  | DNAudit | user=null | ip=null | op=WRITE_CHUNK {blockData=conID: 3 locID: 102670696907670009 bcsId: 2326} | ret=SUCCESS |  
2019-08-24 07:08:27,098 | INFO  | DNAudit | user=null | ip=null | op=WRITE_CHUNK {blockData=conID: 3 locID: 102670696907670009 bcsId: 2326} | ret=SUCCESS |  
2019-08-24 07:08:27,098 | INFO  | DNAudit | user=null | ip=null | op=WRITE_CHUNK {blockData=conID: 3 locID: 102670696907670009 bcsId: 2326} | ret=SUCCESS |  
2019-08-24 07:08:27,098 | INFO  | DNAudit | user=null | ip=null | op=WRITE_CHUNK {blockData=conID: 3 locID: 102670696907670009 bcsId: 2320} | ret=SUCCESS |  
2019-08-24 07:08:27,098 | INFO  | DNAudit | user=null | ip=null | op=WRITE_CHUNK {blockData=conID: 3 locID: 102670696907670009 bcsId: 2320} | ret=SUCCESS |  
2019-08-24 07:08:27,099 | INFO  | DNAudit | user=null | ip=null | op=PUT_BLOCK {blockData=[blockId=conID: 3 locID: 102670696907670009 bcsId: 0,size=3145728]} | ret=SUCCESS |  
2019-08-24 07:08:27,099 | INFO  | DNAudit | user=null | ip=null | op=PUT_BLOCK {blockData=[blockId=conID: 3 locID: 102670696907670009 bcsId: 0,size=3145728]} | ret=SUCCESS |  
2019-08-24 07:08:27,109 | INFO  | DNAudit | user=null | ip=null | op=WRITE_CHUNK {blockData=conID: 3 locID: 102670696907670009 bcsId: 2326} | ret=SUCCESS |  
2019-08-24 07:08:27,109 | INFO  | DNAudit | user=null | ip=null | op=PUT_BLOCK {blockData=[blockId=conID: 3 locID: 102670696907670009 bcsId: 0,size=4194304]} | ret=SUCCESS |  
2019-08-24 07:08:27,109 [grpc-default-executor-1] INFO  client.GrpcClientProtocolClient (GrpcClientProtocolClient.java:onNext(255)) - client-6EDD19400D46->06a4573b-67a1-41e3-a350-f896363bc636: receive RaftClientReply:client-6EDD19400D46->06a4573b-67a1-41e3-a350-f896363bc636@group-757E3781CD2A, cid=1626, SUCCESS, logIndex=2329, commits[06a4573b-67a1-41e3-a350-f896363bc636:c2330, 0b725bbf-683b-4664-9a2e-3c9dd6e38bc1:c2326, 9193e3b7-ae04-484d-a740-c65c11559486:c2326]
2019-08-24 07:08:27,110 [grpc-default-executor-1] INFO  client.GrpcClientProtocolClient (GrpcClientProtocolClient.java:onNext(255)) - client-6EDD19400D46->06a4573b-67a1-41e3-a350-f896363bc636: receive RaftClientReply:client-6EDD19400D46->06a4573b-67a1-41e3-a350-f896363bc636@group-757E3781CD2A, cid=1627, SUCCESS, logIndex=2330, commits[06a4573b-67a1-41e3-a350-f896363bc636:c2330, 0b725bbf-683b-4664-9a2e-3c9dd6e38bc1:c2326, 9193e3b7-ae04-484d-a740-c65c11559486:c2326]
2019-08-24 07:08:27,142 | INFO  | DNAudit | user=null | ip=null | op=WRITE_CHUNK {blockData=conID: 3 locID: 102670696907670009 bcsId: 2326} | ret=SUCCESS |  
2019-08-24 07:08:27,142 | INFO  | DNAudit | user=null | ip=null | op=WRITE_CHUNK {blockData=conID: 3 locID: 102670696907670009 bcsId: 2326} | ret=SUCCESS |  
2019-08-24 07:08:27,143 | INFO  | DNAudit | user=null | ip=null | op=PUT_BLOCK {blockData=[blockId=conID: 3 locID: 102670696907670009 bcsId: 0,size=4194304]} | ret=SUCCESS |  
2019-08-24 07:08:27,143 | INFO  | DNAudit | user=null | ip=null | op=PUT_BLOCK {blockData=[blockId=conID: 3 locID: 102670696907670009 bcsId: 0,size=4194304]} | ret=SUCCESS |  
2019-08-24 07:08:27,144 [grpc-default-executor-1] INFO  client.GrpcClientProtocolClient (GrpcClientProtocolClient.java:onNext(255)) - client-6EDD19400D46->06a4573b-67a1-41e3-a350-f896363bc636: receive RaftClientReply:client-6EDD19400D46->06a4573b-67a1-41e3-a350-f896363bc636@group-757E3781CD2A, cid=1628, SUCCESS, logIndex=0, commits[06a4573b-67a1-41e3-a350-f896363bc636:c2331, 0b725bbf-683b-4664-9a2e-3c9dd6e38bc1:c2330, 9193e3b7-ae04-484d-a740-c65c11559486:c2330]
2019-08-24 07:08:27,153 | INFO  | SCMAudit | user=jenkins1000 | ip=192.168.69.125 | op=ALLOCATE_BLOCK {owner=61bacca8-15b6-4a50-8962-5e9786b18b0d, size=4194304, type=RATIS, factor=THREE} | ret=SUCCESS |  
2019-08-24 07:08:27,159 | INFO  | OMAudit | user=jenkins1000 | ip=127.0.0.1 | op=ALLOCATE_BLOCK {volume=vol-0-26988, bucket=bucket-0-20739, key=key-0-27353, dataSize=0, replicationType=null, replicationFactor=null, keyLocationInfo=null, clientID=102670695851229586} | ret=SUCCESS |  
2019-08-24 07:08:27,169 | INFO  | DNAudit | user=null | ip=null | op=WRITE_CHUNK {blockData=conID: 1 locID: 102670696916779514 bcsId: 0} | ret=SUCCESS |  
 0.00% |█                                                                                                    |  0/1 Time: 0:00:162019-08-24 07:08:27,360 | INFO  | DNAudit | user=null | ip=null | op=WRITE_CHUNK {blockData=conID: 1 locID: 102670696916779514 bcsId: 0} | ret=SUCCESS |  
2019-08-24 07:08:27,361 | INFO  | DNAudit | user=null | ip=null | op=WRITE_CHUNK {blockData=conID: 1 locID: 102670696916779514 bcsId: 0} | ret=SUCCESS |  
2019-08-24 07:08:27,361 | INFO  | DNAudit | user=null | ip=null | op=WRITE_CHUNK {blockData=conID: 1 locID: 102670696916779514 bcsId: 0} | ret=SUCCESS |  
2019-08-24 07:08:27,367 | INFO  | DNAudit | user=null | ip=null | op=WRITE_CHUNK {blockData=conID: 1 locID: 102670696916779514 bcsId: 0} | ret=SUCCESS |  
2019-08-24 07:08:27,367 | INFO  | DNAudit | user=null | ip=null | op=WRITE_CHUNK {blockData=conID: 1 locID: 102670696916779514 bcsId: 0} | ret=SUCCESS |  
2019-08-24 07:08:27,374 | INFO  | DNAudit | user=null | ip=null | op=WRITE_CHUNK {blockData=conID: 1 locID: 102670696916779514 bcsId: 0} | ret=SUCCESS |  
2019-08-24 07:08:27,375 | INFO  | DNAudit | user=null | ip=null | op=PUT_BLOCK {blockData=[blockId=conID: 1 locID: 102670696916779514 bcsId: 0,size=1048576]} | ret=SUCCESS |  
2019-08-24 07:08:27,375 [grpc-default-executor-5] INFO  client.GrpcClientProtocolClient (GrpcClientProtocolClient.java:onNext(255)) - client-6EDD19400D46->06a4573b-67a1-41e3-a350-f896363bc636: receive RaftClientReply:client-6EDD19400D46->06a4573b-67a1-41e3-a350-f896363bc636@group-757E3781CD2A, cid=1629, SUCCESS, logIndex=2333, commits[06a4573b-67a1-41e3-a350-f896363bc636:c2334, 0b725bbf-683b-4664-9a2e-3c9dd6e38bc1:c2332, 9193e3b7-ae04-484d-a740-c65c11559486:c2332]
2019-08-24 07:08:27,375 [grpc-default-executor-5] INFO  client.GrpcClientProtocolClient (GrpcClientProtocolClient.java:onNext(255)) - client-6EDD19400D46->06a4573b-67a1-41e3-a350-f896363bc636: receive RaftClientReply:client-6EDD19400D46->06a4573b-67a1-41e3-a350-f896363bc636@group-757E3781CD2A, cid=1630, SUCCESS, logIndex=2334, commits[06a4573b-67a1-41e3-a350-f896363bc636:c2334, 0b725bbf-683b-4664-9a2e-3c9dd6e38bc1:c2332, 9193e3b7-ae04-484d-a740-c65c11559486:c2332]
2019-08-24 07:08:27,385 | INFO  | DNAudit | user=null | ip=null | op=WRITE_CHUNK {blockData=conID: 1 locID: 102670696916779514 bcsId: 0} | ret=SUCCESS |  
2019-08-24 07:08:27,385 | INFO  | DNAudit | user=null | ip=null | op=PUT_BLOCK {blockData=[blockId=conID: 1 locID: 102670696916779514 bcsId: 0,size=2097152]} | ret=SUCCESS |  
2019-08-24 07:08:27,386 | INFO  | DNAudit | user=null | ip=null | op=WRITE_CHUNK {blockData=conID: 1 locID: 102670696916779514 bcsId: 0} | ret=SUCCESS |  
2019-08-24 07:08:27,385 [grpc-default-executor-1] INFO  client.GrpcClientProtocolClient (GrpcClientProtocolClient.java:onNext(255)) - client-6EDD19400D46->06a4573b-67a1-41e3-a350-f896363bc636: receive RaftClientReply:client-6EDD19400D46->06a4573b-67a1-41e3-a350-f896363bc636@group-757E3781CD2A, cid=1631, SUCCESS, logIndex=2335, commits[06a4573b-67a1-41e3-a350-f896363bc636:c2336, 0b725bbf-683b-4664-9a2e-3c9dd6e38bc1:c2332, 9193e3b7-ae04-484d-a740-c65c11559486:c2332]
2019-08-24 07:08:27,386 [grpc-default-executor-1] INFO  client.GrpcClientProtocolClient (GrpcClientProtocolClient.java:onNext(255)) - client-6EDD19400D46->06a4573b-67a1-41e3-a350-f896363bc636: receive RaftClientReply:client-6EDD19400D46->06a4573b-67a1-41e3-a350-f896363bc636@group-757E3781CD2A, cid=1632, SUCCESS, logIndex=2336, commits[06a4573b-67a1-41e3-a350-f896363bc636:c2337, 0b725bbf-683b-4664-9a2e-3c9dd6e38bc1:c2332, 9193e3b7-ae04-484d-a740-c65c11559486:c2334]
2019-08-24 07:08:27,386 | INFO  | DNAudit | user=null | ip=null | op=PUT_BLOCK {blockData=[blockId=conID: 1 locID: 102670696916779514 bcsId: 0,size=1048576]} | ret=SUCCESS |  
2019-08-24 07:08:27,387 | INFO  | DNAudit | user=null | ip=null | op=WRITE_CHUNK {blockData=conID: 1 locID: 102670696916779514 bcsId: 0} | ret=SUCCESS |  
2019-08-24 07:08:27,388 | INFO  | DNAudit | user=null | ip=null | op=PUT_BLOCK {blockData=[blockId=conID: 1 locID: 102670696916779514 bcsId: 0,size=1048576]} | ret=SUCCESS |  
2019-08-24 07:08:27,388 [grpc-default-executor-1] INFO  client.GrpcClientProtocolClient (GrpcClientProtocolClient.java:onNext(255)) - client-6EDD19400D46->06a4573b-67a1-41e3-a350-f896363bc636: receive RaftClientReply:client-6EDD19400D46->06a4573b-67a1-41e3-a350-f896363bc636@group-757E3781CD2A, cid=1633, SUCCESS, logIndex=0, commits[06a4573b-67a1-41e3-a350-f896363bc636:c2338, 0b725bbf-683b-4664-9a2e-3c9dd6e38bc1:c2334, 9193e3b7-ae04-484d-a740-c65c11559486:c2334]
2019-08-24 07:08:27,399 | INFO  | DNAudit | user=null | ip=null | op=WRITE_CHUNK {blockData=conID: 1 locID: 102670696916779514 bcsId: 0} | ret=SUCCESS |  
2019-08-24 07:08:27,399 | INFO  | DNAudit | user=null | ip=null | op=WRITE_CHUNK {blockData=conID: 1 locID: 102670696916779514 bcsId: 2336} | ret=SUCCESS |  
2019-08-24 07:08:27,399 | INFO  | DNAudit | user=null | ip=null | op=WRITE_CHUNK {blockData=conID: 1 locID: 102670696916779514 bcsId: 0} | ret=SUCCESS |  
2019-08-24 07:08:27,399 | INFO  | DNAudit | user=null | ip=null | op=PUT_BLOCK {blockData=[blockId=conID: 1 locID: 102670696916779514 bcsId: 0,size=2097152]} | ret=SUCCESS |  
2019-08-24 07:08:27,399 | INFO  | DNAudit | user=null | ip=null | op=PUT_BLOCK {blockData=[blockId=conID: 1 locID: 102670696916779514 bcsId: 0,size=2097152]} | ret=SUCCESS |  
2019-08-24 07:08:27,402 | INFO  | DNAudit | user=null | ip=null | op=WRITE_CHUNK {blockData=conID: 1 locID: 102670696916779514 bcsId: 2336} | ret=SUCCESS |  
2019-08-24 07:08:27,402 | INFO  | DNAudit | user=null | ip=null | op=WRITE_CHUNK {blockData=conID: 1 locID: 102670696916779514 bcsId: 2336} | ret=SUCCESS |  
2019-08-24 07:08:27,413 | INFO  | DNAudit | user=null | ip=null | op=WRITE_CHUNK {blockData=conID: 1 locID: 102670696916779514 bcsId: 2336} | ret=SUCCESS |  
2019-08-24 07:08:27,414 | INFO  | DNAudit | user=null | ip=null | op=PUT_BLOCK {blockData=[blockId=conID: 1 locID: 102670696916779514 bcsId: 0,size=3145728]} | ret=SUCCESS |  
2019-08-24 07:08:27,414 [grpc-default-executor-0] INFO  client.GrpcClientProtocolClient (GrpcClientProtocolClient.java:onNext(255)) - client-6EDD19400D46->06a4573b-67a1-41e3-a350-f896363bc636: receive RaftClientReply:client-6EDD19400D46->06a4573b-67a1-41e3-a350-f896363bc636@group-757E3781CD2A, cid=1634, SUCCESS, logIndex=2341, commits[06a4573b-67a1-41e3-a350-f896363bc636:c2342, 0b725bbf-683b-4664-9a2e-3c9dd6e38bc1:c2338, 9193e3b7-ae04-484d-a740-c65c11559486:c2338]
2019-08-24 07:08:27,415 [grpc-default-executor-0] INFO  client.GrpcClientProtocolClient (GrpcClientProtocolClient.java:onNext(255)) - client-6EDD19400D46->06a4573b-67a1-41e3-a350-f896363bc636: receive RaftClientReply:client-6EDD19400D46->06a4573b-67a1-41e3-a350-f896363bc636@group-757E3781CD2A, cid=1635, SUCCESS, logIndex=2342, commits[06a4573b-67a1-41e3-a350-f896363bc636:c2342, 0b725bbf-683b-4664-9a2e-3c9dd6e38bc1:c2338, 9193e3b7-ae04-484d-a740-c65c11559486:c2338]
2019-08-24 07:08:27,422 | INFO  | DNAudit | user=null | ip=null | op=WRITE_CHUNK {blockData=conID: 1 locID: 102670696916779514 bcsId: 2342} | ret=SUCCESS |  
2019-08-24 07:08:27,424 | INFO  | DNAudit | user=null | ip=null | op=WRITE_CHUNK {blockData=conID: 1 locID: 102670696916779514 bcsId: 2336} | ret=SUCCESS |  
2019-08-24 07:08:27,424 | INFO  | DNAudit | user=null | ip=null | op=WRITE_CHUNK {blockData=conID: 1 locID: 102670696916779514 bcsId: 2336} | ret=SUCCESS |  
2019-08-24 07:08:27,425 | INFO  | DNAudit | user=null | ip=null | op=WRITE_CHUNK {blockData=conID: 1 locID: 102670696916779514 bcsId: 2342} | ret=SUCCESS |  
2019-08-24 07:08:27,425 | INFO  | DNAudit | user=null | ip=null | op=WRITE_CHUNK {blockData=conID: 1 locID: 102670696916779514 bcsId: 2342} | ret=SUCCESS |  
2019-08-24 07:08:27,428 | INFO  | SCMAudit | user=jenkins1000 | ip=192.168.69.125 | op=SEND_HEARTBEAT {datanodeUUID=25ce0803-6f34-4c69-82c0-892f08679042, command=[]} | ret=SUCCESS |  
2019-08-24 07:08:27,428 | INFO  | SCMAudit | user=jenkins1000 | ip=192.168.69.125 | op=SEND_HEARTBEAT {datanodeUUID=0b725bbf-683b-4664-9a2e-3c9dd6e38bc1, command=[]} | ret=SUCCESS |  
2019-08-24 07:08:27,429 | INFO  | SCMAudit | user=jenkins1000 | ip=192.168.69.125 | op=SEND_HEARTBEAT {datanodeUUID=06a4573b-67a1-41e3-a350-f896363bc636, command=[]} | ret=SUCCESS |  
2019-08-24 07:08:27,429 | INFO  | SCMAudit | user=jenkins1000 | ip=192.168.69.125 | op=SEND_HEARTBEAT {datanodeUUID=9193e3b7-ae04-484d-a740-c65c11559486, command=[]} | ret=SUCCESS |  
2019-08-24 07:08:27,436 | INFO  | DNAudit | user=null | ip=null | op=PUT_BLOCK {blockData=[blockId=conID: 1 locID: 102670696916779514 bcsId: 0,size=3145728]} | ret=SUCCESS |  
2019-08-24 07:08:27,436 | INFO  | DNAudit | user=null | ip=null | op=PUT_BLOCK {blockData=[blockId=conID: 1 locID: 102670696916779514 bcsId: 0,size=3145728]} | ret=SUCCESS |  
2019-08-24 07:08:27,437 | INFO  | DNAudit | user=null | ip=null | op=WRITE_CHUNK {blockData=conID: 1 locID: 102670696916779514 bcsId: 2342} | ret=SUCCESS |  
2019-08-24 07:08:27,437 | INFO  | DNAudit | user=null | ip=null | op=PUT_BLOCK {blockData=[blockId=conID: 1 locID: 102670696916779514 bcsId: 0,size=4194304]} | ret=SUCCESS |  
2019-08-24 07:08:27,437 [grpc-default-executor-1] INFO  client.GrpcClientProtocolClient (GrpcClientProtocolClient.java:onNext(255)) - client-6EDD19400D46->06a4573b-67a1-41e3-a350-f896363bc636: receive RaftClientReply:client-6EDD19400D46->06a4573b-67a1-41e3-a350-f896363bc636@group-757E3781CD2A, cid=1636, SUCCESS, logIndex=2345, commits[06a4573b-67a1-41e3-a350-f896363bc636:c2346, 0b725bbf-683b-4664-9a2e-3c9dd6e38bc1:c2342, 9193e3b7-ae04-484d-a740-c65c11559486:c2342]
2019-08-24 07:08:27,438 [grpc-default-executor-1] INFO  client.GrpcClientProtocolClient (GrpcClientProtocolClient.java:onNext(255)) - client-6EDD19400D46->06a4573b-67a1-41e3-a350-f896363bc636: receive RaftClientReply:client-6EDD19400D46->06a4573b-67a1-41e3-a350-f896363bc636@group-757E3781CD2A, cid=1637, SUCCESS, logIndex=2346, commits[06a4573b-67a1-41e3-a350-f896363bc636:c2346, 0b725bbf-683b-4664-9a2e-3c9dd6e38bc1:c2342, 9193e3b7-ae04-484d-a740-c65c11559486:c2342]
2019-08-24 07:08:27,440 | INFO  | DNAudit | user=null | ip=null | op=WRITE_CHUNK {blockData=conID: 1 locID: 102670696916779514 bcsId: 2342} | ret=SUCCESS |  
2019-08-24 07:08:27,440 | INFO  | DNAudit | user=null | ip=null | op=WRITE_CHUNK {blockData=conID: 1 locID: 102670696916779514 bcsId: 2342} | ret=SUCCESS |  
2019-08-24 07:08:27,451 | INFO  | DNAudit | user=null | ip=null | op=PUT_BLOCK {blockData=[blockId=conID: 1 locID: 102670696916779514 bcsId: 0,size=4194304]} | ret=SUCCESS |  
2019-08-24 07:08:27,451 | INFO  | DNAudit | user=null | ip=null | op=PUT_BLOCK {blockData=[blockId=conID: 1 locID: 102670696916779514 bcsId: 0,size=4194304]} | ret=SUCCESS |  
2019-08-24 07:08:27,452 [grpc-default-executor-0] INFO  client.GrpcClientProtocolClient (GrpcClientProtocolClient.java:onNext(255)) - client-6EDD19400D46->06a4573b-67a1-41e3-a350-f896363bc636: receive RaftClientReply:client-6EDD19400D46->06a4573b-67a1-41e3-a350-f896363bc636@group-757E3781CD2A, cid=1638, SUCCESS, logIndex=0, commits[06a4573b-67a1-41e3-a350-f896363bc636:c2348, 0b725bbf-683b-4664-9a2e-3c9dd6e38bc1:c2346, 9193e3b7-ae04-484d-a740-c65c11559486:c2346]
2019-08-24 07:08:27,456 | INFO  | SCMAudit | user=jenkins1000 | ip=192.168.69.125 | op=ALLOCATE_BLOCK {owner=61bacca8-15b6-4a50-8962-5e9786b18b0d, size=4194304, type=RATIS, factor=THREE} | ret=SUCCESS |  
2019-08-24 07:08:27,459 | INFO  | OMAudit | user=jenkins1000 | ip=127.0.0.1 | op=ALLOCATE_BLOCK {volume=vol-0-26988, bucket=bucket-0-20739, key=key-0-27353, dataSize=0, replicationType=null, replicationFactor=null, keyLocationInfo=null, clientID=102670695851229586} | ret=SUCCESS |  
2019-08-24 07:08:27,466 | INFO  | DNAudit | user=null | ip=null | op=WRITE_CHUNK {blockData=conID: 2 locID: 102670696936636923 bcsId: 0} | ret=SUCCESS |  
2019-08-24 07:08:27,468 | INFO  | DNAudit | user=null | ip=null | op=WRITE_CHUNK {blockData=conID: 2 locID: 102670696936636923 bcsId: 0} | ret=SUCCESS |  
2019-08-24 07:08:27,468 | INFO  | DNAudit | user=null | ip=null | op=WRITE_CHUNK {blockData=conID: 2 locID: 102670696936636923 bcsId: 0} | ret=SUCCESS |  
2019-08-24 07:08:27,468 | INFO  | DNAudit | user=null | ip=null | op=WRITE_CHUNK {blockData=conID: 2 locID: 102670696936636923 bcsId: 0} | ret=SUCCESS |  
2019-08-24 07:08:27,470 | INFO  | DNAudit | user=null | ip=null | op=WRITE_CHUNK {blockData=conID: 2 locID: 102670696936636923 bcsId: 0} | ret=SUCCESS |  
2019-08-24 07:08:27,470 | INFO  | DNAudit | user=null | ip=null | op=WRITE_CHUNK {blockData=conID: 2 locID: 102670696936636923 bcsId: 0} | ret=SUCCESS |  
2019-08-24 07:08:27,481 | INFO  | DNAudit | user=null | ip=null | op=WRITE_CHUNK {blockData=conID: 2 locID: 102670696936636923 bcsId: 0} | ret=SUCCESS |  
2019-08-24 07:08:27,481 | INFO  | DNAudit | user=null | ip=null | op=PUT_BLOCK {blockData=[blockId=conID: 2 locID: 102670696936636923 bcsId: 0,size=1048576]} | ret=SUCCESS |  
2019-08-24 07:08:27,482 [grpc-default-executor-1] INFO  client.GrpcClientProtocolClient (GrpcClientProtocolClient.java:onNext(255)) - client-6EDD19400D46->06a4573b-67a1-41e3-a350-f896363bc636: receive RaftClientReply:client-6EDD19400D46->06a4573b-67a1-41e3-a350-f896363bc636@group-757E3781CD2A, cid=1639, SUCCESS, logIndex=2349, commits[06a4573b-67a1-41e3-a350-f896363bc636:c2352, 0b725bbf-683b-4664-9a2e-3c9dd6e38bc1:c2348, 9193e3b7-ae04-484d-a740-c65c11559486:c2348]
2019-08-24 07:08:27,482 | INFO  | DNAudit | user=null | ip=null | op=WRITE_CHUNK {blockData=conID: 2 locID: 102670696936636923 bcsId: 0} | ret=SUCCESS |  
2019-08-24 07:08:27,482 | INFO  | DNAudit | user=null | ip=null | op=PUT_BLOCK {blockData=[blockId=conID: 2 locID: 102670696936636923 bcsId: 0,size=2097152]} | ret=SUCCESS |  
2019-08-24 07:08:27,482 [grpc-default-executor-1] INFO  client.GrpcClientProtocolClient (GrpcClientProtocolClient.java:onNext(255)) - client-6EDD19400D46->06a4573b-67a1-41e3-a350-f896363bc636: receive RaftClientReply:client-6EDD19400D46->06a4573b-67a1-41e3-a350-f896363bc636@group-757E3781CD2A, cid=1640, SUCCESS, logIndex=2350, commits[06a4573b-67a1-41e3-a350-f896363bc636:c2352, 0b725bbf-683b-4664-9a2e-3c9dd6e38bc1:c2348, 9193e3b7-ae04-484d-a740-c65c11559486:c2348]
2019-08-24 07:08:27,482 [grpc-default-executor-1] INFO  client.GrpcClientProtocolClient (GrpcClientProtocolClient.java:onNext(255)) - client-6EDD19400D46->06a4573b-67a1-41e3-a350-f896363bc636: receive RaftClientReply:client-6EDD19400D46->06a4573b-67a1-41e3-a350-f896363bc636@group-757E3781CD2A, cid=1641, SUCCESS, logIndex=2351, commits[06a4573b-67a1-41e3-a350-f896363bc636:c2352, 0b725bbf-683b-4664-9a2e-3c9dd6e38bc1:c2348, 9193e3b7-ae04-484d-a740-c65c11559486:c2348]
2019-08-24 07:08:27,483 [grpc-default-executor-1] INFO  client.GrpcClientProtocolClient (GrpcClientProtocolClient.java:onNext(255)) - client-6EDD19400D46->06a4573b-67a1-41e3-a350-f896363bc636: receive RaftClientReply:client-6EDD19400D46->06a4573b-67a1-41e3-a350-f896363bc636@group-757E3781CD2A, cid=1642, SUCCESS, logIndex=2352, commits[06a4573b-67a1-41e3-a350-f896363bc636:c2352, 0b725bbf-683b-4664-9a2e-3c9dd6e38bc1:c2348, 9193e3b7-ae04-484d-a740-c65c11559486:c2348]
2019-08-24 07:08:27,492 | INFO  | DNAudit | user=null | ip=null | op=WRITE_CHUNK {blockData=conID: 2 locID: 102670696936636923 bcsId: 0} | ret=SUCCESS |  
2019-08-24 07:08:27,492 | INFO  | DNAudit | user=null | ip=null | op=WRITE_CHUNK {blockData=conID: 2 locID: 102670696936636923 bcsId: 0} | ret=SUCCESS |  
2019-08-24 07:08:27,495 | INFO  | DNAudit | user=null | ip=null | op=PUT_BLOCK {blockData=[blockId=conID: 2 locID: 102670696936636923 bcsId: 0,size=1048576]} | ret=SUCCESS |  
2019-08-24 07:08:27,495 | INFO  | DNAudit | user=null | ip=null | op=PUT_BLOCK {blockData=[blockId=conID: 2 locID: 102670696936636923 bcsId: 0,size=1048576]} | ret=SUCCESS |  
2019-08-24 07:08:27,495 | INFO  | DNAudit | user=null | ip=null | op=WRITE_CHUNK {blockData=conID: 2 locID: 102670696936636923 bcsId: 0} | ret=SUCCESS |  
2019-08-24 07:08:27,495 | INFO  | DNAudit | user=null | ip=null | op=WRITE_CHUNK {blockData=conID: 2 locID: 102670696936636923 bcsId: 0} | ret=SUCCESS |  
2019-08-24 07:08:27,495 | INFO  | DNAudit | user=null | ip=null | op=PUT_BLOCK {blockData=[blockId=conID: 2 locID: 102670696936636923 bcsId: 0,size=2097152]} | ret=SUCCESS |  
2019-08-24 07:08:27,496 | INFO  | DNAudit | user=null | ip=null | op=PUT_BLOCK {blockData=[blockId=conID: 2 locID: 102670696936636923 bcsId: 0,size=2097152]} | ret=SUCCESS |  
2019-08-24 07:08:27,495 [grpc-default-executor-1] INFO  client.GrpcClientProtocolClient (GrpcClientProtocolClient.java:onNext(255)) - client-6EDD19400D46->06a4573b-67a1-41e3-a350-f896363bc636: receive RaftClientReply:client-6EDD19400D46->06a4573b-67a1-41e3-a350-f896363bc636@group-757E3781CD2A, cid=1643, SUCCESS, logIndex=0, commits[06a4573b-67a1-41e3-a350-f896363bc636:c2354, 0b725bbf-683b-4664-9a2e-3c9dd6e38bc1:c2350, 9193e3b7-ae04-484d-a740-c65c11559486:c2350]
2019-08-24 07:08:27,501 | INFO  | DNAudit | user=null | ip=null | op=WRITE_CHUNK {blockData=conID: 2 locID: 102670696936636923 bcsId: 2352} | ret=SUCCESS |  
2019-08-24 07:08:27,504 | INFO  | DNAudit | user=null | ip=null | op=WRITE_CHUNK {blockData=conID: 2 locID: 102670696936636923 bcsId: 2352} | ret=SUCCESS |  
2019-08-24 07:08:27,504 | INFO  | DNAudit | user=null | ip=null | op=WRITE_CHUNK {blockData=conID: 2 locID: 102670696936636923 bcsId: 2352} | ret=SUCCESS |  
2019-08-24 07:08:27,514 | INFO  | DNAudit | user=null | ip=null | op=WRITE_CHUNK {blockData=conID: 2 locID: 102670696936636923 bcsId: 2352} | ret=SUCCESS |  
2019-08-24 07:08:27,514 | INFO  | DNAudit | user=null | ip=null | op=PUT_BLOCK {blockData=[blockId=conID: 2 locID: 102670696936636923 bcsId: 0,size=3145728]} | ret=SUCCESS |  
2019-08-24 07:08:27,514 [grpc-default-executor-5] INFO  client.GrpcClientProtocolClient (GrpcClientProtocolClient.java:onNext(255)) - client-6EDD19400D46->06a4573b-67a1-41e3-a350-f896363bc636: receive RaftClientReply:client-6EDD19400D46->06a4573b-67a1-41e3-a350-f896363bc636@group-757E3781CD2A, cid=1644, SUCCESS, logIndex=2357, commits[06a4573b-67a1-41e3-a350-f896363bc636:c2358, 0b725bbf-683b-4664-9a2e-3c9dd6e38bc1:c2356, 9193e3b7-ae04-484d-a740-c65c11559486:c2356]
2019-08-24 07:08:27,515 [grpc-default-executor-5] INFO  client.GrpcClientProtocolClient (GrpcClientProtocolClient.java:onNext(255)) - client-6EDD19400D46->06a4573b-67a1-41e3-a350-f896363bc636: receive RaftClientReply:client-6EDD19400D46->06a4573b-67a1-41e3-a350-f896363bc636@group-757E3781CD2A, cid=1645, SUCCESS, logIndex=2358, commits[06a4573b-67a1-41e3-a350-f896363bc636:c2358, 0b725bbf-683b-4664-9a2e-3c9dd6e38bc1:c2356, 9193e3b7-ae04-484d-a740-c65c11559486:c2356]
2019-08-24 07:08:27,520 | INFO  | DNAudit | user=null | ip=null | op=WRITE_CHUNK {blockData=conID: 2 locID: 102670696936636923 bcsId: 2358} | ret=SUCCESS |  
2019-08-24 07:08:27,524 | INFO  | DNAudit | user=null | ip=null | op=WRITE_CHUNK {blockData=conID: 2 locID: 102670696936636923 bcsId: 2358} | ret=SUCCESS |  
2019-08-24 07:08:27,524 | INFO  | DNAudit | user=null | ip=null | op=WRITE_CHUNK {blockData=conID: 2 locID: 102670696936636923 bcsId: 2358} | ret=SUCCESS |  
2019-08-24 07:08:27,525 | INFO  | DNAudit | user=null | ip=null | op=WRITE_CHUNK {blockData=conID: 2 locID: 102670696936636923 bcsId: 2352} | ret=SUCCESS |  
2019-08-24 07:08:27,526 | INFO  | DNAudit | user=null | ip=null | op=WRITE_CHUNK {blockData=conID: 2 locID: 102670696936636923 bcsId: 2352} | ret=SUCCESS |  
2019-08-24 07:08:27,528 | INFO  | DNAudit | user=null | ip=null | op=PUT_BLOCK {blockData=[blockId=conID: 2 locID: 102670696936636923 bcsId: 0,size=3145728]} | ret=SUCCESS |  
2019-08-24 07:08:27,529 | INFO  | DNAudit | user=null | ip=null | op=PUT_BLOCK {blockData=[blockId=conID: 2 locID: 102670696936636923 bcsId: 0,size=3145728]} | ret=SUCCESS |  
2019-08-24 07:08:27,529 | INFO  | DNAudit | user=null | ip=null | op=WRITE_CHUNK {blockData=conID: 2 locID: 102670696936636923 bcsId: 2358} | ret=SUCCESS |  
2019-08-24 07:08:27,529 | INFO  | DNAudit | user=null | ip=null | op=PUT_BLOCK {blockData=[blockId=conID: 2 locID: 102670696936636923 bcsId: 0,size=4194304]} | ret=SUCCESS |  
2019-08-24 07:08:27,529 [grpc-default-executor-2] INFO  client.GrpcClientProtocolClient (GrpcClientProtocolClient.java:onNext(255)) - client-6EDD19400D46->06a4573b-67a1-41e3-a350-f896363bc636: receive RaftClientReply:client-6EDD19400D46->06a4573b-67a1-41e3-a350-f896363bc636@group-757E3781CD2A, cid=1646, SUCCESS, logIndex=2361, commits[06a4573b-67a1-41e3-a350-f896363bc636:c2362, 0b725bbf-683b-4664-9a2e-3c9dd6e38bc1:c2358, 9193e3b7-ae04-484d-a740-c65c11559486:c2358]
2019-08-24 07:08:27,530 [grpc-default-executor-2] INFO  client.GrpcClientProtocolClient (GrpcClientProtocolClient.java:onNext(255)) - client-6EDD19400D46->06a4573b-67a1-41e3-a350-f896363bc636: receive RaftClientReply:client-6EDD19400D46->06a4573b-67a1-41e3-a350-f896363bc636@group-757E3781CD2A, cid=1647, SUCCESS, logIndex=2362, commits[06a4573b-67a1-41e3-a350-f896363bc636:c2362, 0b725bbf-683b-4664-9a2e-3c9dd6e38bc1:c2358, 9193e3b7-ae04-484d-a740-c65c11559486:c2358]
2019-08-24 07:08:27,540 | INFO  | DNAudit | user=null | ip=null | op=WRITE_CHUNK {blockData=conID: 2 locID: 102670696936636923 bcsId: 2358} | ret=SUCCESS |  
2019-08-24 07:08:27,540 | INFO  | DNAudit | user=null | ip=null | op=WRITE_CHUNK {blockData=conID: 2 locID: 102670696936636923 bcsId: 2358} | ret=SUCCESS |  
2019-08-24 07:08:27,543 | INFO  | DNAudit | user=null | ip=null | op=PUT_BLOCK {blockData=[blockId=conID: 2 locID: 102670696936636923 bcsId: 0,size=4194304]} | ret=SUCCESS |  
2019-08-24 07:08:27,543 | INFO  | DNAudit | user=null | ip=null | op=PUT_BLOCK {blockData=[blockId=conID: 2 locID: 102670696936636923 bcsId: 0,size=4194304]} | ret=SUCCESS |  
2019-08-24 07:08:27,544 [grpc-default-executor-0] INFO  client.GrpcClientProtocolClient (GrpcClientProtocolClient.java:onNext(255)) - client-6EDD19400D46->06a4573b-67a1-41e3-a350-f896363bc636: receive RaftClientReply:client-6EDD19400D46->06a4573b-67a1-41e3-a350-f896363bc636@group-757E3781CD2A, cid=1648, SUCCESS, logIndex=0, commits[06a4573b-67a1-41e3-a350-f896363bc636:c2364, 0b725bbf-683b-4664-9a2e-3c9dd6e38bc1:c2362, 9193e3b7-ae04-484d-a740-c65c11559486:c2362]
2019-08-24 07:08:27,548 | INFO  | SCMAudit | user=jenkins1000 | ip=192.168.69.125 | op=ALLOCATE_BLOCK {owner=61bacca8-15b6-4a50-8962-5e9786b18b0d, size=4194304, type=RATIS, factor=THREE} | ret=SUCCESS |  
2019-08-24 07:08:27,551 | INFO  | OMAudit | user=jenkins1000 | ip=127.0.0.1 | op=ALLOCATE_BLOCK {volume=vol-0-26988, bucket=bucket-0-20739, key=key-0-27353, dataSize=0, replicationType=null, replicationFactor=null, keyLocationInfo=null, clientID=102670695851229586} | ret=SUCCESS |  
2019-08-24 07:08:27,558 | INFO  | DNAudit | user=null | ip=null | op=WRITE_CHUNK {blockData=conID: 3 locID: 102670696942666236 bcsId: 0} | ret=SUCCESS |  
2019-08-24 07:08:27,560 | INFO  | DNAudit | user=null | ip=null | op=WRITE_CHUNK {blockData=conID: 3 locID: 102670696942666236 bcsId: 0} | ret=SUCCESS |  
2019-08-24 07:08:27,561 | INFO  | DNAudit | user=null | ip=null | op=WRITE_CHUNK {blockData=conID: 3 locID: 102670696942666236 bcsId: 0} | ret=SUCCESS |  
2019-08-24 07:08:27,561 | INFO  | DNAudit | user=null | ip=null | op=WRITE_CHUNK {blockData=conID: 3 locID: 102670696942666236 bcsId: 0} | ret=SUCCESS |  
2019-08-24 07:08:27,562 | INFO  | DNAudit | user=null | ip=null | op=WRITE_CHUNK {blockData=conID: 3 locID: 102670696942666236 bcsId: 0} | ret=SUCCESS |  
2019-08-24 07:08:27,563 | INFO  | DNAudit | user=null | ip=null | op=WRITE_CHUNK {blockData=conID: 3 locID: 102670696942666236 bcsId: 0} | ret=SUCCESS |  
2019-08-24 07:08:27,574 | INFO  | DNAudit | user=null | ip=null | op=WRITE_CHUNK {blockData=conID: 3 locID: 102670696942666236 bcsId: 0} | ret=SUCCESS |  
2019-08-24 07:08:27,574 | INFO  | DNAudit | user=null | ip=null | op=PUT_BLOCK {blockData=[blockId=conID: 3 locID: 102670696942666236 bcsId: 0,size=1048576]} | ret=SUCCESS |  
2019-08-24 07:08:27,575 | INFO  | DNAudit | user=null | ip=null | op=WRITE_CHUNK {blockData=conID: 3 locID: 102670696942666236 bcsId: 0} | ret=SUCCESS |  
2019-08-24 07:08:27,574 [grpc-default-executor-0] INFO  client.GrpcClientProtocolClient (GrpcClientProtocolClient.java:onNext(255)) - client-6EDD19400D46->06a4573b-67a1-41e3-a350-f896363bc636: receive RaftClientReply:client-6EDD19400D46->06a4573b-67a1-41e3-a350-f896363bc636@group-757E3781CD2A, cid=1649, SUCCESS, logIndex=2365, commits[06a4573b-67a1-41e3-a350-f896363bc636:c2368, 0b725bbf-683b-4664-9a2e-3c9dd6e38bc1:c2364, 9193e3b7-ae04-484d-a740-c65c11559486:c2364]
2019-08-24 07:08:27,575 | INFO  | DNAudit | user=null | ip=null | op=PUT_BLOCK {blockData=[blockId=conID: 3 locID: 102670696942666236 bcsId: 0,size=2097152]} | ret=SUCCESS |  
2019-08-24 07:08:27,575 [grpc-default-executor-0] INFO  client.GrpcClientProtocolClient (GrpcClientProtocolClient.java:onNext(255)) - client-6EDD19400D46->06a4573b-67a1-41e3-a350-f896363bc636: receive RaftClientReply:client-6EDD19400D46->06a4573b-67a1-41e3-a350-f896363bc636@group-757E3781CD2A, cid=1650, SUCCESS, logIndex=2366, commits[06a4573b-67a1-41e3-a350-f896363bc636:c2368, 0b725bbf-683b-4664-9a2e-3c9dd6e38bc1:c2364, 9193e3b7-ae04-484d-a740-c65c11559486:c2364]
2019-08-24 07:08:27,575 [grpc-default-executor-0] INFO  client.GrpcClientProtocolClient (GrpcClientProtocolClient.java:onNext(255)) - client-6EDD19400D46->06a4573b-67a1-41e3-a350-f896363bc636: receive RaftClientReply:client-6EDD19400D46->06a4573b-67a1-41e3-a350-f896363bc636@group-757E3781CD2A, cid=1651, SUCCESS, logIndex=2367, commits[06a4573b-67a1-41e3-a350-f896363bc636:c2368, 0b725bbf-683b-4664-9a2e-3c9dd6e38bc1:c2364, 9193e3b7-ae04-484d-a740-c65c11559486:c2364]
2019-08-24 07:08:27,575 [grpc-default-executor-0] INFO  client.GrpcClientProtocolClient (GrpcClientProtocolClient.java:onNext(255)) - client-6EDD19400D46->06a4573b-67a1-41e3-a350-f896363bc636: receive RaftClientReply:client-6EDD19400D46->06a4573b-67a1-41e3-a350-f896363bc636@group-757E3781CD2A, cid=1652, SUCCESS, logIndex=2368, commits[06a4573b-67a1-41e3-a350-f896363bc636:c2368, 0b725bbf-683b-4664-9a2e-3c9dd6e38bc1:c2364, 9193e3b7-ae04-484d-a740-c65c11559486:c2364]
2019-08-24 07:08:27,585 | INFO  | DNAudit | user=null | ip=null | op=WRITE_CHUNK {blockData=conID: 3 locID: 102670696942666236 bcsId: 0} | ret=SUCCESS |  
2019-08-24 07:08:27,585 | INFO  | DNAudit | user=null | ip=null | op=WRITE_CHUNK {blockData=conID: 3 locID: 102670696942666236 bcsId: 0} | ret=SUCCESS |  
2019-08-24 07:08:27,585 | INFO  | DNAudit | user=null | ip=null | op=PUT_BLOCK {blockData=[blockId=conID: 3 locID: 102670696942666236 bcsId: 0,size=1048576]} | ret=SUCCESS |  
2019-08-24 07:08:27,585 | INFO  | DNAudit | user=null | ip=null | op=PUT_BLOCK {blockData=[blockId=conID: 3 locID: 102670696942666236 bcsId: 0,size=1048576]} | ret=SUCCESS |  
2019-08-24 07:08:27,586 [grpc-default-executor-5] INFO  client.GrpcClientProtocolClient (GrpcClientProtocolClient.java:onNext(255)) - client-6EDD19400D46->06a4573b-67a1-41e3-a350-f896363bc636: receive RaftClientReply:client-6EDD19400D46->06a4573b-67a1-41e3-a350-f896363bc636@group-757E3781CD2A, cid=1653, SUCCESS, logIndex=0, commits[06a4573b-67a1-41e3-a350-f896363bc636:c2369, 0b725bbf-683b-4664-9a2e-3c9dd6e38bc1:c2366, 9193e3b7-ae04-484d-a740-c65c11559486:c2366]
2019-08-24 07:08:27,588 | INFO  | DNAudit | user=null | ip=null | op=WRITE_CHUNK {blockData=conID: 3 locID: 102670696942666236 bcsId: 0} | ret=SUCCESS |  
2019-08-24 07:08:27,588 | INFO  | DNAudit | user=null | ip=null | op=WRITE_CHUNK {blockData=conID: 3 locID: 102670696942666236 bcsId: 0} | ret=SUCCESS |  
2019-08-24 07:08:27,588 | INFO  | DNAudit | user=null | ip=null | op=PUT_BLOCK {blockData=[blockId=conID: 3 locID: 102670696942666236 bcsId: 0,size=2097152]} | ret=SUCCESS |  
2019-08-24 07:08:27,588 | INFO  | DNAudit | user=null | ip=null | op=PUT_BLOCK {blockData=[blockId=conID: 3 locID: 102670696942666236 bcsId: 0,size=2097152]} | ret=SUCCESS |  
2019-08-24 07:08:27,592 | INFO  | DNAudit | user=null | ip=null | op=WRITE_CHUNK {blockData=conID: 3 locID: 102670696942666236 bcsId: 2368} | ret=SUCCESS |  
2019-08-24 07:08:27,594 | INFO  | DNAudit | user=null | ip=null | op=WRITE_CHUNK {blockData=conID: 3 locID: 102670696942666236 bcsId: 2368} | ret=SUCCESS |  
2019-08-24 07:08:27,595 | INFO  | DNAudit | user=null | ip=null | op=WRITE_CHUNK {blockData=conID: 3 locID: 102670696942666236 bcsId: 2368} | ret=SUCCESS |  
2019-08-24 07:08:27,604 | INFO  | DNAudit | user=null | ip=null | op=WRITE_CHUNK {blockData=conID: 3 locID: 102670696942666236 bcsId: 2368} | ret=SUCCESS |  
2019-08-24 07:08:27,604 | INFO  | DNAudit | user=null | ip=null | op=PUT_BLOCK {blockData=[blockId=conID: 3 locID: 102670696942666236 bcsId: 0,size=3145728]} | ret=SUCCESS |  
2019-08-24 07:08:27,605 [grpc-default-executor-5] INFO  client.GrpcClientProtocolClient (GrpcClientProtocolClient.java:onNext(255)) - client-6EDD19400D46->06a4573b-67a1-41e3-a350-f896363bc636: receive RaftClientReply:client-6EDD19400D46->06a4573b-67a1-41e3-a350-f896363bc636@group-757E3781CD2A, cid=1654, SUCCESS, logIndex=2373, commits[06a4573b-67a1-41e3-a350-f896363bc636:c2374, 0b725bbf-683b-4664-9a2e-3c9dd6e38bc1:c2372, 9193e3b7-ae04-484d-a740-c65c11559486:c2372]
2019-08-24 07:08:27,605 [grpc-default-executor-5] INFO  client.GrpcClientProtocolClient (GrpcClientProtocolClient.java:onNext(255)) - client-6EDD19400D46->06a4573b-67a1-41e3-a350-f896363bc636: receive RaftClientReply:client-6EDD19400D46->06a4573b-67a1-41e3-a350-f896363bc636@group-757E3781CD2A, cid=1655, SUCCESS, logIndex=2374, commits[06a4573b-67a1-41e3-a350-f896363bc636:c2374, 0b725bbf-683b-4664-9a2e-3c9dd6e38bc1:c2372, 9193e3b7-ae04-484d-a740-c65c11559486:c2372]
2019-08-24 07:08:27,611 | INFO  | DNAudit | user=null | ip=null | op=WRITE_CHUNK {blockData=conID: 3 locID: 102670696942666236 bcsId: 2374} | ret=SUCCESS |  
2019-08-24 07:08:27,613 | INFO  | DNAudit | user=null | ip=null | op=WRITE_CHUNK {blockData=conID: 3 locID: 102670696942666236 bcsId: 2374} | ret=SUCCESS |  
2019-08-24 07:08:27,614 | INFO  | DNAudit | user=null | ip=null | op=WRITE_CHUNK {blockData=conID: 3 locID: 102670696942666236 bcsId: 2374} | ret=SUCCESS |  
2019-08-24 07:08:27,616 | INFO  | DNAudit | user=null | ip=null | op=WRITE_CHUNK {blockData=conID: 3 locID: 102670696942666236 bcsId: 2368} | ret=SUCCESS |  
2019-08-24 07:08:27,616 | INFO  | DNAudit | user=null | ip=null | op=WRITE_CHUNK {blockData=conID: 3 locID: 102670696942666236 bcsId: 2368} | ret=SUCCESS |  
2019-08-24 07:08:27,618 | INFO  | DNAudit | user=null | ip=null | op=PUT_BLOCK {blockData=[blockId=conID: 3 locID: 102670696942666236 bcsId: 0,size=3145728]} | ret=SUCCESS |  
2019-08-24 07:08:27,618 | INFO  | DNAudit | user=null | ip=null | op=PUT_BLOCK {blockData=[blockId=conID: 3 locID: 102670696942666236 bcsId: 0,size=3145728]} | ret=SUCCESS |  
2019-08-24 07:08:27,619 | INFO  | DNAudit | user=null | ip=null | op=WRITE_CHUNK {blockData=conID: 3 locID: 102670696942666236 bcsId: 2374} | ret=SUCCESS |  
2019-08-24 07:08:27,619 | INFO  | DNAudit | user=null | ip=null | op=PUT_BLOCK {blockData=[blockId=conID: 3 locID: 102670696942666236 bcsId: 0,size=4194304]} | ret=SUCCESS |  
2019-08-24 07:08:27,619 [grpc-default-executor-1] INFO  client.GrpcClientProtocolClient (GrpcClientProtocolClient.java:onNext(255)) - client-6EDD19400D46->06a4573b-67a1-41e3-a350-f896363bc636: receive RaftClientReply:client-6EDD19400D46->06a4573b-67a1-41e3-a350-f896363bc636@group-757E3781CD2A, cid=1656, SUCCESS, logIndex=2377, commits[06a4573b-67a1-41e3-a350-f896363bc636:c2378, 0b725bbf-683b-4664-9a2e-3c9dd6e38bc1:c2374, 9193e3b7-ae04-484d-a740-c65c11559486:c2374]
2019-08-24 07:08:27,620 [grpc-default-executor-1] INFO  client.GrpcClientProtocolClient (GrpcClientProtocolClient.java:onNext(255)) - client-6EDD19400D46->06a4573b-67a1-41e3-a350-f896363bc636: receive RaftClientReply:client-6EDD19400D46->06a4573b-67a1-41e3-a350-f896363bc636@group-757E3781CD2A, cid=1657, SUCCESS, logIndex=2378, commits[06a4573b-67a1-41e3-a350-f896363bc636:c2378, 0b725bbf-683b-4664-9a2e-3c9dd6e38bc1:c2374, 9193e3b7-ae04-484d-a740-c65c11559486:c2374]
2019-08-24 07:08:27,637 | INFO  | DNAudit | user=null | ip=null | op=WRITE_CHUNK {blockData=conID: 3 locID: 102670696942666236 bcsId: 2374} | ret=SUCCESS |  
2019-08-24 07:08:27,637 | INFO  | DNAudit | user=null | ip=null | op=WRITE_CHUNK {blockData=conID: 3 locID: 102670696942666236 bcsId: 2374} | ret=SUCCESS |  
2019-08-24 07:08:27,638 | INFO  | DNAudit | user=null | ip=null | op=PUT_BLOCK {blockData=[blockId=conID: 3 locID: 102670696942666236 bcsId: 0,size=4194304]} | ret=SUCCESS |  
2019-08-24 07:08:27,638 | INFO  | DNAudit | user=null | ip=null | op=PUT_BLOCK {blockData=[blockId=conID: 3 locID: 102670696942666236 bcsId: 0,size=4194304]} | ret=SUCCESS |  
2019-08-24 07:08:27,639 [grpc-default-executor-1] INFO  client.GrpcClientProtocolClient (GrpcClientProtocolClient.java:onNext(255)) - client-6EDD19400D46->06a4573b-67a1-41e3-a350-f896363bc636: receive RaftClientReply:client-6EDD19400D46->06a4573b-67a1-41e3-a350-f896363bc636@group-757E3781CD2A, cid=1658, SUCCESS, logIndex=0, commits[06a4573b-67a1-41e3-a350-f896363bc636:c2380, 0b725bbf-683b-4664-9a2e-3c9dd6e38bc1:c2378, 9193e3b7-ae04-484d-a740-c65c11559486:c2378]
2019-08-24 07:08:27,643 | INFO  | SCMAudit | user=jenkins1000 | ip=192.168.69.125 | op=ALLOCATE_BLOCK {owner=61bacca8-15b6-4a50-8962-5e9786b18b0d, size=4194304, type=RATIS, factor=THREE} | ret=SUCCESS |  
2019-08-24 07:08:27,646 | INFO  | OMAudit | user=jenkins1000 | ip=127.0.0.1 | op=ALLOCATE_BLOCK {volume=vol-0-26988, bucket=bucket-0-20739, key=key-0-27353, dataSize=0, replicationType=null, replicationFactor=null, keyLocationInfo=null, clientID=102670695851229586} | ret=SUCCESS |  
2019-08-24 07:08:27,655 | INFO  | DNAudit | user=null | ip=null | op=WRITE_CHUNK {blockData=conID: 1 locID: 102670696948892157 bcsId: 0} | ret=SUCCESS |  
2019-08-24 07:08:27,656 | INFO  | DNAudit | user=null | ip=null | op=WRITE_CHUNK {blockData=conID: 1 locID: 102670696948892157 bcsId: 0} | ret=SUCCESS |  
2019-08-24 07:08:27,657 | INFO  | DNAudit | user=null | ip=null | op=WRITE_CHUNK {blockData=conID: 1 locID: 102670696948892157 bcsId: 0} | ret=SUCCESS |  
2019-08-24 07:08:27,658 | INFO  | DNAudit | user=null | ip=null | op=WRITE_CHUNK {blockData=conID: 1 locID: 102670696948892157 bcsId: 0} | ret=SUCCESS |  
2019-08-24 07:08:27,660 | INFO  | DNAudit | user=null | ip=null | op=WRITE_CHUNK {blockData=conID: 1 locID: 102670696948892157 bcsId: 0} | ret=SUCCESS |  
2019-08-24 07:08:27,660 | INFO  | DNAudit | user=null | ip=null | op=WRITE_CHUNK {blockData=conID: 1 locID: 102670696948892157 bcsId: 0} | ret=SUCCESS |  
2019-08-24 07:08:27,669 | INFO  | DNAudit | user=null | ip=null | op=WRITE_CHUNK {blockData=conID: 1 locID: 102670696948892157 bcsId: 0} | ret=SUCCESS |  
2019-08-24 07:08:27,669 | INFO  | DNAudit | user=null | ip=null | op=PUT_BLOCK {blockData=[blockId=conID: 1 locID: 102670696948892157 bcsId: 0,size=1048576]} | ret=SUCCESS |  
2019-08-24 07:08:27,670 [grpc-default-executor-1] INFO  client.GrpcClientProtocolClient (GrpcClientProtocolClient.java:onNext(255)) - client-6EDD19400D46->06a4573b-67a1-41e3-a350-f896363bc636: receive RaftClientReply:client-6EDD19400D46->06a4573b-67a1-41e3-a350-f896363bc636@group-757E3781CD2A, cid=1659, SUCCESS, logIndex=2381, commits[06a4573b-67a1-41e3-a350-f896363bc636:c2384, 0b725bbf-683b-4664-9a2e-3c9dd6e38bc1:c2380, 9193e3b7-ae04-484d-a740-c65c11559486:c2380]
2019-08-24 07:08:27,670 | INFO  | DNAudit | user=null | ip=null | op=WRITE_CHUNK {blockData=conID: 1 locID: 102670696948892157 bcsId: 0} | ret=SUCCESS |  
2019-08-24 07:08:27,670 | INFO  | DNAudit | user=null | ip=null | op=PUT_BLOCK {blockData=[blockId=conID: 1 locID: 102670696948892157 bcsId: 0,size=2097152]} | ret=SUCCESS |  
2019-08-24 07:08:27,670 [grpc-default-executor-1] INFO  client.GrpcClientProtocolClient (GrpcClientProtocolClient.java:onNext(255)) - client-6EDD19400D46->06a4573b-67a1-41e3-a350-f896363bc636: receive RaftClientReply:client-6EDD19400D46->06a4573b-67a1-41e3-a350-f896363bc636@group-757E3781CD2A, cid=1660, SUCCESS, logIndex=2382, commits[06a4573b-67a1-41e3-a350-f896363bc636:c2384, 0b725bbf-683b-4664-9a2e-3c9dd6e38bc1:c2380, 9193e3b7-ae04-484d-a740-c65c11559486:c2380]
2019-08-24 07:08:27,670 [grpc-default-executor-1] INFO  client.GrpcClientProtocolClient (GrpcClientProtocolClient.java:onNext(255)) - client-6EDD19400D46->06a4573b-67a1-41e3-a350-f896363bc636: receive RaftClientReply:client-6EDD19400D46->06a4573b-67a1-41e3-a350-f896363bc636@group-757E3781CD2A, cid=1661, SUCCESS, logIndex=2383, commits[06a4573b-67a1-41e3-a350-f896363bc636:c2384, 0b725bbf-683b-4664-9a2e-3c9dd6e38bc1:c2380, 9193e3b7-ae04-484d-a740-c65c11559486:c2380]
2019-08-24 07:08:27,670 [grpc-default-executor-1] INFO  client.GrpcClientProtocolClient (GrpcClientProtocolClient.java:onNext(255)) - client-6EDD19400D46->06a4573b-67a1-41e3-a350-f896363bc636: receive RaftClientReply:client-6EDD19400D46->06a4573b-67a1-41e3-a350-f896363bc636@group-757E3781CD2A, cid=1662, SUCCESS, logIndex=2384, commits[06a4573b-67a1-41e3-a350-f896363bc636:c2384, 0b725bbf-683b-4664-9a2e-3c9dd6e38bc1:c2380, 9193e3b7-ae04-484d-a740-c65c11559486:c2380]
2019-08-24 07:08:27,672 | INFO  | DNAudit | user=null | ip=null | op=WRITE_CHUNK {blockData=conID: 1 locID: 102670696948892157 bcsId: 0} | ret=SUCCESS |  
2019-08-24 07:08:27,672 | INFO  | DNAudit | user=null | ip=null | op=WRITE_CHUNK {blockData=conID: 1 locID: 102670696948892157 bcsId: 0} | ret=SUCCESS |  
2019-08-24 07:08:27,684 | INFO  | DNAudit | user=null | ip=null | op=PUT_BLOCK {blockData=[blockId=conID: 1 locID: 102670696948892157 bcsId: 0,size=1048576]} | ret=SUCCESS |  
2019-08-24 07:08:27,684 | INFO  | DNAudit | user=null | ip=null | op=PUT_BLOCK {blockData=[blockId=conID: 1 locID: 102670696948892157 bcsId: 0,size=1048576]} | ret=SUCCESS |  
2019-08-24 07:08:27,684 | INFO  | DNAudit | user=null | ip=null | op=WRITE_CHUNK {blockData=conID: 1 locID: 102670696948892157 bcsId: 0} | ret=SUCCESS |  
2019-08-24 07:08:27,684 | INFO  | DNAudit | user=null | ip=null | op=WRITE_CHUNK {blockData=conID: 1 locID: 102670696948892157 bcsId: 0} | ret=SUCCESS |  
2019-08-24 07:08:27,684 | INFO  | DNAudit | user=null | ip=null | op=PUT_BLOCK {blockData=[blockId=conID: 1 locID: 102670696948892157 bcsId: 0,size=2097152]} | ret=SUCCESS |  
2019-08-24 07:08:27,684 | INFO  | DNAudit | user=null | ip=null | op=PUT_BLOCK {blockData=[blockId=conID: 1 locID: 102670696948892157 bcsId: 0,size=2097152]} | ret=SUCCESS |  
2019-08-24 07:08:27,684 [grpc-default-executor-5] INFO  client.GrpcClientProtocolClient (GrpcClientProtocolClient.java:onNext(255)) - client-6EDD19400D46->06a4573b-67a1-41e3-a350-f896363bc636: receive RaftClientReply:client-6EDD19400D46->06a4573b-67a1-41e3-a350-f896363bc636@group-757E3781CD2A, cid=1663, SUCCESS, logIndex=0, commits[06a4573b-67a1-41e3-a350-f896363bc636:c2386, 0b725bbf-683b-4664-9a2e-3c9dd6e38bc1:c2382, 9193e3b7-ae04-484d-a740-c65c11559486:c2382]
2019-08-24 07:08:27,692 | INFO  | DNAudit | user=null | ip=null | op=WRITE_CHUNK {blockData=conID: 1 locID: 102670696948892157 bcsId: 2384} | ret=SUCCESS |  
2019-08-24 07:08:27,694 | INFO  | DNAudit | user=null | ip=null | op=WRITE_CHUNK {blockData=conID: 1 locID: 102670696948892157 bcsId: 2384} | ret=SUCCESS |  
2019-08-24 07:08:27,694 | INFO  | DNAudit | user=null | ip=null | op=WRITE_CHUNK {blockData=conID: 1 locID: 102670696948892157 bcsId: 2384} | ret=SUCCESS |  
2019-08-24 07:08:27,705 | INFO  | DNAudit | user=null | ip=null | op=WRITE_CHUNK {blockData=conID: 1 locID: 102670696948892157 bcsId: 2384} | ret=SUCCESS |  
2019-08-24 07:08:27,705 | INFO  | DNAudit | user=null | ip=null | op=PUT_BLOCK {blockData=[blockId=conID: 1 locID: 102670696948892157 bcsId: 0,size=3145728]} | ret=SUCCESS |  
2019-08-24 07:08:27,705 [grpc-default-executor-1] INFO  client.GrpcClientProtocolClient (GrpcClientProtocolClient.java:onNext(255)) - client-6EDD19400D46->06a4573b-67a1-41e3-a350-f896363bc636: receive RaftClientReply:client-6EDD19400D46->06a4573b-67a1-41e3-a350-f896363bc636@group-757E3781CD2A, cid=1664, SUCCESS, logIndex=2389, commits[06a4573b-67a1-41e3-a350-f896363bc636:c2390, 0b725bbf-683b-4664-9a2e-3c9dd6e38bc1:c2388, 9193e3b7-ae04-484d-a740-c65c11559486:c2388]
2019-08-24 07:08:27,706 [grpc-default-executor-1] INFO  client.GrpcClientProtocolClient (GrpcClientProtocolClient.java:onNext(255)) - client-6EDD19400D46->06a4573b-67a1-41e3-a350-f896363bc636: receive RaftClientReply:client-6EDD19400D46->06a4573b-67a1-41e3-a350-f896363bc636@group-757E3781CD2A, cid=1665, SUCCESS, logIndex=2390, commits[06a4573b-67a1-41e3-a350-f896363bc636:c2390, 0b725bbf-683b-4664-9a2e-3c9dd6e38bc1:c2388, 9193e3b7-ae04-484d-a740-c65c11559486:c2388]
2019-08-24 07:08:27,712 | INFO  | DNAudit | user=null | ip=null | op=WRITE_CHUNK {blockData=conID: 1 locID: 102670696948892157 bcsId: 2390} | ret=SUCCESS |  
2019-08-24 07:08:27,714 | INFO  | DNAudit | user=null | ip=null | op=WRITE_CHUNK {blockData=conID: 1 locID: 102670696948892157 bcsId: 2390} | ret=SUCCESS |  
2019-08-24 07:08:27,715 | INFO  | DNAudit | user=null | ip=null | op=WRITE_CHUNK {blockData=conID: 1 locID: 102670696948892157 bcsId: 2390} | ret=SUCCESS |  
2019-08-24 07:08:27,717 | INFO  | DNAudit | user=null | ip=null | op=WRITE_CHUNK {blockData=conID: 1 locID: 102670696948892157 bcsId: 2384} | ret=SUCCESS |  
2019-08-24 07:08:27,717 | INFO  | DNAudit | user=null | ip=null | op=WRITE_CHUNK {blockData=conID: 1 locID: 102670696948892157 bcsId: 2384} | ret=SUCCESS |  
2019-08-24 07:08:27,719 | INFO  | DNAudit | user=null | ip=null | op=PUT_BLOCK {blockData=[blockId=conID: 1 locID: 102670696948892157 bcsId: 0,size=3145728]} | ret=SUCCESS |  
2019-08-24 07:08:27,719 | INFO  | DNAudit | user=null | ip=null | op=PUT_BLOCK {blockData=[blockId=conID: 1 locID: 102670696948892157 bcsId: 0,size=3145728]} | ret=SUCCESS |  
2019-08-24 07:08:27,720 | INFO  | DNAudit | user=null | ip=null | op=WRITE_CHUNK {blockData=conID: 1 locID: 102670696948892157 bcsId: 2390} | ret=SUCCESS |  
2019-08-24 07:08:27,720 | INFO  | DNAudit | user=null | ip=null | op=PUT_BLOCK {blockData=[blockId=conID: 1 locID: 102670696948892157 bcsId: 0,size=4194304]} | ret=SUCCESS |  
2019-08-24 07:08:27,722 [grpc-default-executor-1] INFO  client.GrpcClientProtocolClient (GrpcClientProtocolClient.java:onNext(255)) - client-6EDD19400D46->06a4573b-67a1-41e3-a350-f896363bc636: receive RaftClientReply:client-6EDD19400D46->06a4573b-67a1-41e3-a350-f896363bc636@group-757E3781CD2A, cid=1666, SUCCESS, logIndex=2393, commits[06a4573b-67a1-41e3-a350-f896363bc636:c2394, 0b725bbf-683b-4664-9a2e-3c9dd6e38bc1:c2390, 9193e3b7-ae04-484d-a740-c65c11559486:c2390]
2019-08-24 07:08:27,722 [grpc-default-executor-1] INFO  client.GrpcClientProtocolClient (GrpcClientProtocolClient.java:onNext(255)) - client-6EDD19400D46->06a4573b-67a1-41e3-a350-f896363bc636: receive RaftClientReply:client-6EDD19400D46->06a4573b-67a1-41e3-a350-f896363bc636@group-757E3781CD2A, cid=1667, SUCCESS, logIndex=2394, commits[06a4573b-67a1-41e3-a350-f896363bc636:c2394, 0b725bbf-683b-4664-9a2e-3c9dd6e38bc1:c2390, 9193e3b7-ae04-484d-a740-c65c11559486:c2390]
2019-08-24 07:08:27,731 | INFO  | DNAudit | user=null | ip=null | op=WRITE_CHUNK {blockData=conID: 1 locID: 102670696948892157 bcsId: 2390} | ret=SUCCESS |  
2019-08-24 07:08:27,731 | INFO  | DNAudit | user=null | ip=null | op=WRITE_CHUNK {blockData=conID: 1 locID: 102670696948892157 bcsId: 2390} | ret=SUCCESS |  
2019-08-24 07:08:27,732 | INFO  | DNAudit | user=null | ip=null | op=PUT_BLOCK {blockData=[blockId=conID: 1 locID: 102670696948892157 bcsId: 0,size=4194304]} | ret=SUCCESS |  
2019-08-24 07:08:27,732 | INFO  | DNAudit | user=null | ip=null | op=PUT_BLOCK {blockData=[blockId=conID: 1 locID: 102670696948892157 bcsId: 0,size=4194304]} | ret=SUCCESS |  
2019-08-24 07:08:27,735 [grpc-default-executor-0] INFO  client.GrpcClientProtocolClient (GrpcClientProtocolClient.java:onNext(255)) - client-6EDD19400D46->06a4573b-67a1-41e3-a350-f896363bc636: receive RaftClientReply:client-6EDD19400D46->06a4573b-67a1-41e3-a350-f896363bc636@group-757E3781CD2A, cid=1668, SUCCESS, logIndex=0, commits[06a4573b-67a1-41e3-a350-f896363bc636:c2395, 0b725bbf-683b-4664-9a2e-3c9dd6e38bc1:c2394, 9193e3b7-ae04-484d-a740-c65c11559486:c2394]
2019-08-24 07:08:27,738 | INFO  | SCMAudit | user=jenkins1000 | ip=192.168.69.125 | op=ALLOCATE_BLOCK {owner=61bacca8-15b6-4a50-8962-5e9786b18b0d, size=4194304, type=RATIS, factor=THREE} | ret=SUCCESS |  
2019-08-24 07:08:27,740 | INFO  | OMAudit | user=jenkins1000 | ip=127.0.0.1 | op=ALLOCATE_BLOCK {volume=vol-0-26988, bucket=bucket-0-20739, key=key-0-27353, dataSize=0, replicationType=null, replicationFactor=null, keyLocationInfo=null, clientID=102670695851229586} | ret=SUCCESS |  
2019-08-24 07:08:27,747 | INFO  | DNAudit | user=null | ip=null | op=WRITE_CHUNK {blockData=conID: 2 locID: 102670696955118078 bcsId: 0} | ret=SUCCESS |  
2019-08-24 07:08:27,750 | INFO  | DNAudit | user=null | ip=null | op=WRITE_CHUNK {blockData=conID: 2 locID: 102670696955118078 bcsId: 0} | ret=SUCCESS |  
2019-08-24 07:08:27,750 | INFO  | DNAudit | user=null | ip=null | op=WRITE_CHUNK {blockData=conID: 2 locID: 102670696955118078 bcsId: 0} | ret=SUCCESS |  
2019-08-24 07:08:27,751 | INFO  | DNAudit | user=null | ip=null | op=WRITE_CHUNK {blockData=conID: 2 locID: 102670696955118078 bcsId: 0} | ret=SUCCESS |  
2019-08-24 07:08:27,752 | INFO  | DNAudit | user=null | ip=null | op=WRITE_CHUNK {blockData=conID: 2 locID: 102670696955118078 bcsId: 0} | ret=SUCCESS |  
2019-08-24 07:08:27,752 | INFO  | DNAudit | user=null | ip=null | op=WRITE_CHUNK {blockData=conID: 2 locID: 102670696955118078 bcsId: 0} | ret=SUCCESS |  
2019-08-24 07:08:27,760 | INFO  | DNAudit | user=null | ip=null | op=WRITE_CHUNK {blockData=conID: 2 locID: 102670696955118078 bcsId: 0} | ret=SUCCESS |  
2019-08-24 07:08:27,760 | INFO  | DNAudit | user=null | ip=null | op=PUT_BLOCK {blockData=[blockId=conID: 2 locID: 102670696955118078 bcsId: 0,size=1048576]} | ret=SUCCESS |  
2019-08-24 07:08:27,760 [grpc-default-executor-0] INFO  client.GrpcClientProtocolClient (GrpcClientProtocolClient.java:onNext(255)) - client-6EDD19400D46->06a4573b-67a1-41e3-a350-f896363bc636: receive RaftClientReply:client-6EDD19400D46->06a4573b-67a1-41e3-a350-f896363bc636@group-757E3781CD2A, cid=1669, SUCCESS, logIndex=2397, commits[06a4573b-67a1-41e3-a350-f896363bc636:c2399, 0b725bbf-683b-4664-9a2e-3c9dd6e38bc1:c2396, 9193e3b7-ae04-484d-a740-c65c11559486:c2396]
2019-08-24 07:08:27,760 | INFO  | DNAudit | user=null | ip=null | op=WRITE_CHUNK {blockData=conID: 2 locID: 102670696955118078 bcsId: 0} | ret=SUCCESS |  
2019-08-24 07:08:27,761 | INFO  | DNAudit | user=null | ip=null | op=PUT_BLOCK {blockData=[blockId=conID: 2 locID: 102670696955118078 bcsId: 0,size=2097152]} | ret=SUCCESS |  
2019-08-24 07:08:27,761 [grpc-default-executor-0] INFO  client.GrpcClientProtocolClient (GrpcClientProtocolClient.java:onNext(255)) - client-6EDD19400D46->06a4573b-67a1-41e3-a350-f896363bc636: receive RaftClientReply:client-6EDD19400D46->06a4573b-67a1-41e3-a350-f896363bc636@group-757E3781CD2A, cid=1670, SUCCESS, logIndex=2398, commits[06a4573b-67a1-41e3-a350-f896363bc636:c2400, 0b725bbf-683b-4664-9a2e-3c9dd6e38bc1:c2396, 9193e3b7-ae04-484d-a740-c65c11559486:c2396]
2019-08-24 07:08:27,761 | INFO  | DNAudit | user=null | ip=null | op=WRITE_CHUNK {blockData=conID: 2 locID: 102670696955118078 bcsId: 0} | ret=SUCCESS |  
2019-08-24 07:08:27,761 [grpc-default-executor-0] INFO  client.GrpcClientProtocolClient (GrpcClientProtocolClient.java:onNext(255)) - client-6EDD19400D46->06a4573b-67a1-41e3-a350-f896363bc636: receive RaftClientReply:client-6EDD19400D46->06a4573b-67a1-41e3-a350-f896363bc636@group-757E3781CD2A, cid=1671, SUCCESS, logIndex=2399, commits[06a4573b-67a1-41e3-a350-f896363bc636:c2400, 0b725bbf-683b-4664-9a2e-3c9dd6e38bc1:c2396, 9193e3b7-ae04-484d-a740-c65c11559486:c2396]
2019-08-24 07:08:27,761 [grpc-default-executor-0] INFO  client.GrpcClientProtocolClient (GrpcClientProtocolClient.java:onNext(255)) - client-6EDD19400D46->06a4573b-67a1-41e3-a350-f896363bc636: receive RaftClientReply:client-6EDD19400D46->06a4573b-67a1-41e3-a350-f896363bc636@group-757E3781CD2A, cid=1672, SUCCESS, logIndex=2400, commits[06a4573b-67a1-41e3-a350-f896363bc636:c2400, 0b725bbf-683b-4664-9a2e-3c9dd6e38bc1:c2396, 9193e3b7-ae04-484d-a740-c65c11559486:c2397]
2019-08-24 07:08:27,763 | INFO  | DNAudit | user=null | ip=null | op=WRITE_CHUNK {blockData=conID: 2 locID: 102670696955118078 bcsId: 0} | ret=SUCCESS |  
2019-08-24 07:08:27,763 | INFO  | DNAudit | user=null | ip=null | op=PUT_BLOCK {blockData=[blockId=conID: 2 locID: 102670696955118078 bcsId: 0,size=1048576]} | ret=SUCCESS |  
2019-08-24 07:08:27,774 | INFO  | DNAudit | user=null | ip=null | op=PUT_BLOCK {blockData=[blockId=conID: 2 locID: 102670696955118078 bcsId: 0,size=1048576]} | ret=SUCCESS |  
2019-08-24 07:08:27,774 | INFO  | DNAudit | user=null | ip=null | op=WRITE_CHUNK {blockData=conID: 2 locID: 102670696955118078 bcsId: 0} | ret=SUCCESS |  
2019-08-24 07:08:27,774 | INFO  | DNAudit | user=null | ip=null | op=PUT_BLOCK {blockData=[blockId=conID: 2 locID: 102670696955118078 bcsId: 0,size=2097152]} | ret=SUCCESS |  
2019-08-24 07:08:27,774 [grpc-default-executor-0] INFO  client.GrpcClientProtocolClient (GrpcClientProtocolClient.java:onNext(255)) - client-6EDD19400D46->06a4573b-67a1-41e3-a350-f896363bc636: receive RaftClientReply:client-6EDD19400D46->06a4573b-67a1-41e3-a350-f896363bc636@group-757E3781CD2A, cid=1673, SUCCESS, logIndex=0, commits[06a4573b-67a1-41e3-a350-f896363bc636:c2402, 0b725bbf-683b-4664-9a2e-3c9dd6e38bc1:c2398, 9193e3b7-ae04-484d-a740-c65c11559486:c2398]
2019-08-24 07:08:27,774 | INFO  | DNAudit | user=null | ip=null | op=WRITE_CHUNK {blockData=conID: 2 locID: 102670696955118078 bcsId: 0} | ret=SUCCESS |  
2019-08-24 07:08:27,775 | INFO  | DNAudit | user=null | ip=null | op=PUT_BLOCK {blockData=[blockId=conID: 2 locID: 102670696955118078 bcsId: 0,size=2097152]} | ret=SUCCESS |  
2019-08-24 07:08:27,780 | INFO  | DNAudit | user=null | ip=null | op=WRITE_CHUNK {blockData=conID: 2 locID: 102670696955118078 bcsId: 2400} | ret=SUCCESS |  
2019-08-24 07:08:27,782 | INFO  | DNAudit | user=null | ip=null | op=WRITE_CHUNK {blockData=conID: 2 locID: 102670696955118078 bcsId: 2400} | ret=SUCCESS |  
2019-08-24 07:08:27,783 | INFO  | DNAudit | user=null | ip=null | op=WRITE_CHUNK {blockData=conID: 2 locID: 102670696955118078 bcsId: 2400} | ret=SUCCESS |  
2019-08-24 07:08:27,793 | INFO  | DNAudit | user=null | ip=null | op=WRITE_CHUNK {blockData=conID: 2 locID: 102670696955118078 bcsId: 2400} | ret=SUCCESS |  
2019-08-24 07:08:27,793 | INFO  | DNAudit | user=null | ip=null | op=PUT_BLOCK {blockData=[blockId=conID: 2 locID: 102670696955118078 bcsId: 0,size=3145728]} | ret=SUCCESS |  
2019-08-24 07:08:27,793 [grpc-default-executor-0] INFO  client.GrpcClientProtocolClient (GrpcClientProtocolClient.java:onNext(255)) - client-6EDD19400D46->06a4573b-67a1-41e3-a350-f896363bc636: receive RaftClientReply:client-6EDD19400D46->06a4573b-67a1-41e3-a350-f896363bc636@group-757E3781CD2A, cid=1674, SUCCESS, logIndex=2405, commits[06a4573b-67a1-41e3-a350-f896363bc636:c2406, 0b725bbf-683b-4664-9a2e-3c9dd6e38bc1:c2404, 9193e3b7-ae04-484d-a740-c65c11559486:c2404]
2019-08-24 07:08:27,794 [grpc-default-executor-0] INFO  client.GrpcClientProtocolClient (GrpcClientProtocolClient.java:onNext(255)) - client-6EDD19400D46->06a4573b-67a1-41e3-a350-f896363bc636: receive RaftClientReply:client-6EDD19400D46->06a4573b-67a1-41e3-a350-f896363bc636@group-757E3781CD2A, cid=1675, SUCCESS, logIndex=2406, commits[06a4573b-67a1-41e3-a350-f896363bc636:c2406, 0b725bbf-683b-4664-9a2e-3c9dd6e38bc1:c2404, 9193e3b7-ae04-484d-a740-c65c11559486:c2404]
2019-08-24 07:08:27,799 | INFO  | DNAudit | user=null | ip=null | op=WRITE_CHUNK {blockData=conID: 2 locID: 102670696955118078 bcsId: 2406} | ret=SUCCESS |  
2019-08-24 07:08:27,802 | INFO  | DNAudit | user=null | ip=null | op=WRITE_CHUNK {blockData=conID: 2 locID: 102670696955118078 bcsId: 2406} | ret=SUCCESS |  
2019-08-24 07:08:27,802 | INFO  | DNAudit | user=null | ip=null | op=WRITE_CHUNK {blockData=conID: 2 locID: 102670696955118078 bcsId: 2406} | ret=SUCCESS |  
2019-08-24 07:08:27,806 | INFO  | DNAudit | user=null | ip=null | op=WRITE_CHUNK {blockData=conID: 2 locID: 102670696955118078 bcsId: 2400} | ret=SUCCESS |  
2019-08-24 07:08:27,806 | INFO  | DNAudit | user=null | ip=null | op=WRITE_CHUNK {blockData=conID: 2 locID: 102670696955118078 bcsId: 2400} | ret=SUCCESS |  
2019-08-24 07:08:27,817 | INFO  | DNAudit | user=null | ip=null | op=PUT_BLOCK {blockData=[blockId=conID: 2 locID: 102670696955118078 bcsId: 0,size=3145728]} | ret=SUCCESS |  
2019-08-24 07:08:27,817 | INFO  | DNAudit | user=null | ip=null | op=PUT_BLOCK {blockData=[blockId=conID: 2 locID: 102670696955118078 bcsId: 0,size=3145728]} | ret=SUCCESS |  
2019-08-24 07:08:27,817 | INFO  | DNAudit | user=null | ip=null | op=WRITE_CHUNK {blockData=conID: 2 locID: 102670696955118078 bcsId: 2406} | ret=SUCCESS |  
2019-08-24 07:08:27,818 | INFO  | DNAudit | user=null | ip=null | op=PUT_BLOCK {blockData=[blockId=conID: 2 locID: 102670696955118078 bcsId: 0,size=4194304]} | ret=SUCCESS |  
2019-08-24 07:08:27,818 [grpc-default-executor-0] INFO  client.GrpcClientProtocolClient (GrpcClientProtocolClient.java:onNext(255)) - client-6EDD19400D46->06a4573b-67a1-41e3-a350-f896363bc636: receive RaftClientReply:client-6EDD19400D46->06a4573b-67a1-41e3-a350-f896363bc636@group-757E3781CD2A, cid=1676, SUCCESS, logIndex=2409, commits[06a4573b-67a1-41e3-a350-f896363bc636:c2410, 0b725bbf-683b-4664-9a2e-3c9dd6e38bc1:c2406, 9193e3b7-ae04-484d-a740-c65c11559486:c2406]
2019-08-24 07:08:27,818 [grpc-default-executor-0] INFO  client.GrpcClientProtocolClient (GrpcClientProtocolClient.java:onNext(255)) - client-6EDD19400D46->06a4573b-67a1-41e3-a350-f896363bc636: receive RaftClientReply:client-6EDD19400D46->06a4573b-67a1-41e3-a350-f896363bc636@group-757E3781CD2A, cid=1677, SUCCESS, logIndex=2410, commits[06a4573b-67a1-41e3-a350-f896363bc636:c2410, 0b725bbf-683b-4664-9a2e-3c9dd6e38bc1:c2406, 9193e3b7-ae04-484d-a740-c65c11559486:c2406]
2019-08-24 07:08:27,829 | INFO  | DNAudit | user=null | ip=null | op=WRITE_CHUNK {blockData=conID: 2 locID: 102670696955118078 bcsId: 2406} | ret=SUCCESS |  
2019-08-24 07:08:27,829 | INFO  | DNAudit | user=null | ip=null | op=WRITE_CHUNK {blockData=conID: 2 locID: 102670696955118078 bcsId: 2406} | ret=SUCCESS |  
2019-08-24 07:08:27,829 | INFO  | DNAudit | user=null | ip=null | op=PUT_BLOCK {blockData=[blockId=conID: 2 locID: 102670696955118078 bcsId: 0,size=4194304]} | ret=SUCCESS |  
2019-08-24 07:08:27,829 | INFO  | DNAudit | user=null | ip=null | op=PUT_BLOCK {blockData=[blockId=conID: 2 locID: 102670696955118078 bcsId: 0,size=4194304]} | ret=SUCCESS |  
2019-08-24 07:08:27,829 [grpc-default-executor-0] INFO  client.GrpcClientProtocolClient (GrpcClientProtocolClient.java:onNext(255)) - client-6EDD19400D46->06a4573b-67a1-41e3-a350-f896363bc636: receive RaftClientReply:client-6EDD19400D46->06a4573b-67a1-41e3-a350-f896363bc636@group-757E3781CD2A, cid=1678, SUCCESS, logIndex=0, commits[06a4573b-67a1-41e3-a350-f896363bc636:c2411, 0b725bbf-683b-4664-9a2e-3c9dd6e38bc1:c2410, 9193e3b7-ae04-484d-a740-c65c11559486:c2410]
2019-08-24 07:08:27,833 | INFO  | SCMAudit | user=jenkins1000 | ip=192.168.69.125 | op=ALLOCATE_BLOCK {owner=61bacca8-15b6-4a50-8962-5e9786b18b0d, size=4194304, type=RATIS, factor=THREE} | ret=SUCCESS |  
2019-08-24 07:08:27,836 | INFO  | OMAudit | user=jenkins1000 | ip=127.0.0.1 | op=ALLOCATE_BLOCK {volume=vol-0-26988, bucket=bucket-0-20739, key=key-0-27353, dataSize=0, replicationType=null, replicationFactor=null, keyLocationInfo=null, clientID=102670695851229586} | ret=SUCCESS |  
2019-08-24 07:08:27,843 | INFO  | DNAudit | user=null | ip=null | op=WRITE_CHUNK {blockData=conID: 3 locID: 102670696961343999 bcsId: 0} | ret=SUCCESS |  
2019-08-24 07:08:27,845 | INFO  | DNAudit | user=null | ip=null | op=WRITE_CHUNK {blockData=conID: 3 locID: 102670696961343999 bcsId: 0} | ret=SUCCESS |  
2019-08-24 07:08:27,846 | INFO  | DNAudit | user=null | ip=null | op=WRITE_CHUNK {blockData=conID: 3 locID: 102670696961343999 bcsId: 0} | ret=SUCCESS |  
2019-08-24 07:08:27,846 | INFO  | DNAudit | user=null | ip=null | op=WRITE_CHUNK {blockData=conID: 3 locID: 102670696961343999 bcsId: 0} | ret=SUCCESS |  
2019-08-24 07:08:27,848 | INFO  | DNAudit | user=null | ip=null | op=WRITE_CHUNK {blockData=conID: 3 locID: 102670696961343999 bcsId: 0} | ret=SUCCESS |  
2019-08-24 07:08:27,848 | INFO  | DNAudit | user=null | ip=null | op=WRITE_CHUNK {blockData=conID: 3 locID: 102670696961343999 bcsId: 0} | ret=SUCCESS |  
2019-08-24 07:08:27,858 | INFO  | DNAudit | user=null | ip=null | op=WRITE_CHUNK {blockData=conID: 3 locID: 102670696961343999 bcsId: 0} | ret=SUCCESS |  
2019-08-24 07:08:27,858 | INFO  | DNAudit | user=null | ip=null | op=PUT_BLOCK {blockData=[blockId=conID: 3 locID: 102670696961343999 bcsId: 0,size=1048576]} | ret=SUCCESS |  
2019-08-24 07:08:27,858 | INFO  | DNAudit | user=null | ip=null | op=WRITE_CHUNK {blockData=conID: 3 locID: 102670696961343999 bcsId: 0} | ret=SUCCESS |  
2019-08-24 07:08:27,858 [grpc-default-executor-5] INFO  client.GrpcClientProtocolClient (GrpcClientProtocolClient.java:onNext(255)) - client-6EDD19400D46->06a4573b-67a1-41e3-a350-f896363bc636: receive RaftClientReply:client-6EDD19400D46->06a4573b-67a1-41e3-a350-f896363bc636@group-757E3781CD2A, cid=1679, SUCCESS, logIndex=2413, commits[06a4573b-67a1-41e3-a350-f896363bc636:c2416, 0b725bbf-683b-4664-9a2e-3c9dd6e38bc1:c2412, 9193e3b7-ae04-484d-a740-c65c11559486:c2412]
2019-08-24 07:08:27,859 | INFO  | DNAudit | user=null | ip=null | op=PUT_BLOCK {blockData=[blockId=conID: 3 locID: 102670696961343999 bcsId: 0,size=2097152]} | ret=SUCCESS |  
2019-08-24 07:08:27,859 [grpc-default-executor-5] INFO  client.GrpcClientProtocolClient (GrpcClientProtocolClient.java:onNext(255)) - client-6EDD19400D46->06a4573b-67a1-41e3-a350-f896363bc636: receive RaftClientReply:client-6EDD19400D46->06a4573b-67a1-41e3-a350-f896363bc636@group-757E3781CD2A, cid=1680, SUCCESS, logIndex=2414, commits[06a4573b-67a1-41e3-a350-f896363bc636:c2416, 0b725bbf-683b-4664-9a2e-3c9dd6e38bc1:c2412, 9193e3b7-ae04-484d-a740-c65c11559486:c2412]
2019-08-24 07:08:27,859 [grpc-default-executor-5] INFO  client.GrpcClientProtocolClient (GrpcClientProtocolClient.java:onNext(255)) - client-6EDD19400D46->06a4573b-67a1-41e3-a350-f896363bc636: receive RaftClientReply:client-6EDD19400D46->06a4573b-67a1-41e3-a350-f896363bc636@group-757E3781CD2A, cid=1681, SUCCESS, logIndex=2415, commits[06a4573b-67a1-41e3-a350-f896363bc636:c2416, 0b725bbf-683b-4664-9a2e-3c9dd6e38bc1:c2412, 9193e3b7-ae04-484d-a740-c65c11559486:c2412]
2019-08-24 07:08:27,859 [grpc-default-executor-5] INFO  client.GrpcClientProtocolClient (GrpcClientProtocolClient.java:onNext(255)) - client-6EDD19400D46->06a4573b-67a1-41e3-a350-f896363bc636: receive RaftClientReply:client-6EDD19400D46->06a4573b-67a1-41e3-a350-f896363bc636@group-757E3781CD2A, cid=1682, SUCCESS, logIndex=2416, commits[06a4573b-67a1-41e3-a350-f896363bc636:c2416, 0b725bbf-683b-4664-9a2e-3c9dd6e38bc1:c2412, 9193e3b7-ae04-484d-a740-c65c11559486:c2412]
2019-08-24 07:08:27,861 | INFO  | DNAudit | user=null | ip=null | op=WRITE_CHUNK {blockData=conID: 3 locID: 102670696961343999 bcsId: 0} | ret=SUCCESS |  
2019-08-24 07:08:27,861 | INFO  | DNAudit | user=null | ip=null | op=WRITE_CHUNK {blockData=conID: 3 locID: 102670696961343999 bcsId: 0} | ret=SUCCESS |  
2019-08-24 07:08:27,874 | INFO  | DNAudit | user=null | ip=null | op=PUT_BLOCK {blockData=[blockId=conID: 3 locID: 102670696961343999 bcsId: 0,size=1048576]} | ret=SUCCESS |  
2019-08-24 07:08:27,874 | INFO  | DNAudit | user=null | ip=null | op=PUT_BLOCK {blockData=[blockId=conID: 3 locID: 102670696961343999 bcsId: 0,size=1048576]} | ret=SUCCESS |  
2019-08-24 07:08:27,874 | INFO  | DNAudit | user=null | ip=null | op=WRITE_CHUNK {blockData=conID: 3 locID: 102670696961343999 bcsId: 0} | ret=SUCCESS |  
2019-08-24 07:08:27,874 | INFO  | DNAudit | user=null | ip=null | op=PUT_BLOCK {blockData=[blockId=conID: 3 locID: 102670696961343999 bcsId: 0,size=2097152]} | ret=SUCCESS |  
2019-08-24 07:08:27,874 | INFO  | DNAudit | user=null | ip=null | op=WRITE_CHUNK {blockData=conID: 3 locID: 102670696961343999 bcsId: 0} | ret=SUCCESS |  
2019-08-24 07:08:27,875 | INFO  | DNAudit | user=null | ip=null | op=PUT_BLOCK {blockData=[blockId=conID: 3 locID: 102670696961343999 bcsId: 0,size=2097152]} | ret=SUCCESS |  
2019-08-24 07:08:27,875 [grpc-default-executor-2] INFO  client.GrpcClientProtocolClient (GrpcClientProtocolClient.java:onNext(255)) - client-6EDD19400D46->06a4573b-67a1-41e3-a350-f896363bc636: receive RaftClientReply:client-6EDD19400D46->06a4573b-67a1-41e3-a350-f896363bc636@group-757E3781CD2A, cid=1683, SUCCESS, logIndex=0, commits[06a4573b-67a1-41e3-a350-f896363bc636:c2418, 0b725bbf-683b-4664-9a2e-3c9dd6e38bc1:c2414, 9193e3b7-ae04-484d-a740-c65c11559486:c2416]
2019-08-24 07:08:27,880 | INFO  | DNAudit | user=null | ip=null | op=WRITE_CHUNK {blockData=conID: 3 locID: 102670696961343999 bcsId: 2416} | ret=SUCCESS |  
2019-08-24 07:08:27,883 | INFO  | DNAudit | user=null | ip=null | op=WRITE_CHUNK {blockData=conID: 3 locID: 102670696961343999 bcsId: 2416} | ret=SUCCESS |  
2019-08-24 07:08:27,884 | INFO  | DNAudit | user=null | ip=null | op=WRITE_CHUNK {blockData=conID: 3 locID: 102670696961343999 bcsId: 2416} | ret=SUCCESS |  
2019-08-24 07:08:27,900 | INFO  | DNAudit | user=null | ip=null | op=WRITE_CHUNK {blockData=conID: 3 locID: 102670696961343999 bcsId: 2416} | ret=SUCCESS |  
2019-08-24 07:08:27,901 | INFO  | DNAudit | user=null | ip=null | op=PUT_BLOCK {blockData=[blockId=conID: 3 locID: 102670696961343999 bcsId: 0,size=3145728]} | ret=SUCCESS |  
2019-08-24 07:08:27,901 [grpc-default-executor-2] INFO  client.GrpcClientProtocolClient (GrpcClientProtocolClient.java:onNext(255)) - client-6EDD19400D46->06a4573b-67a1-41e3-a350-f896363bc636: receive RaftClientReply:client-6EDD19400D46->06a4573b-67a1-41e3-a350-f896363bc636@group-757E3781CD2A, cid=1684, SUCCESS, logIndex=2421, commits[06a4573b-67a1-41e3-a350-f896363bc636:c2422, 0b725bbf-683b-4664-9a2e-3c9dd6e38bc1:c2420, 9193e3b7-ae04-484d-a740-c65c11559486:c2420]
2019-08-24 07:08:27,901 [grpc-default-executor-2] INFO  client.GrpcClientProtocolClient (GrpcClientProtocolClient.java:onNext(255)) - client-6EDD19400D46->06a4573b-67a1-41e3-a350-f896363bc636: receive RaftClientReply:client-6EDD19400D46->06a4573b-67a1-41e3-a350-f896363bc636@group-757E3781CD2A, cid=1685, SUCCESS, logIndex=2422, commits[06a4573b-67a1-41e3-a350-f896363bc636:c2422, 0b725bbf-683b-4664-9a2e-3c9dd6e38bc1:c2420, 9193e3b7-ae04-484d-a740-c65c11559486:c2420]
2019-08-24 07:08:27,908 | INFO  | DNAudit | user=null | ip=null | op=WRITE_CHUNK {blockData=conID: 3 locID: 102670696961343999 bcsId: 2422} | ret=SUCCESS |  
2019-08-24 07:08:27,911 | INFO  | DNAudit | user=null | ip=null | op=WRITE_CHUNK {blockData=conID: 3 locID: 102670696961343999 bcsId: 2422} | ret=SUCCESS |  
2019-08-24 07:08:27,911 | INFO  | DNAudit | user=null | ip=null | op=WRITE_CHUNK {blockData=conID: 3 locID: 102670696961343999 bcsId: 2422} | ret=SUCCESS |  
2019-08-24 07:08:27,912 | INFO  | DNAudit | user=null | ip=null | op=WRITE_CHUNK {blockData=conID: 3 locID: 102670696961343999 bcsId: 2416} | ret=SUCCESS |  
2019-08-24 07:08:27,912 | INFO  | DNAudit | user=null | ip=null | op=WRITE_CHUNK {blockData=conID: 3 locID: 102670696961343999 bcsId: 2416} | ret=SUCCESS |  
2019-08-24 07:08:27,913 | INFO  | DNAudit | user=null | ip=null | op=PUT_BLOCK {blockData=[blockId=conID: 3 locID: 102670696961343999 bcsId: 0,size=3145728]} | ret=SUCCESS |  
2019-08-24 07:08:27,913 | INFO  | DNAudit | user=null | ip=null | op=PUT_BLOCK {blockData=[blockId=conID: 3 locID: 102670696961343999 bcsId: 0,size=3145728]} | ret=SUCCESS |  
2019-08-24 07:08:27,913 | INFO  | DNAudit | user=null | ip=null | op=WRITE_CHUNK {blockData=conID: 3 locID: 102670696961343999 bcsId: 2422} | ret=SUCCESS |  
2019-08-24 07:08:27,914 | INFO  | DNAudit | user=null | ip=null | op=PUT_BLOCK {blockData=[blockId=conID: 3 locID: 102670696961343999 bcsId: 0,size=4194304]} | ret=SUCCESS |  
2019-08-24 07:08:27,914 [grpc-default-executor-2] INFO  client.GrpcClientProtocolClient (GrpcClientProtocolClient.java:onNext(255)) - client-6EDD19400D46->06a4573b-67a1-41e3-a350-f896363bc636: receive RaftClientReply:client-6EDD19400D46->06a4573b-67a1-41e3-a350-f896363bc636@group-757E3781CD2A, cid=1686, SUCCESS, logIndex=2425, commits[06a4573b-67a1-41e3-a350-f896363bc636:c2425, 0b725bbf-683b-4664-9a2e-3c9dd6e38bc1:c2422, 9193e3b7-ae04-484d-a740-c65c11559486:c2422]
2019-08-24 07:08:27,914 [grpc-default-executor-2] INFO  client.GrpcClientProtocolClient (GrpcClientProtocolClient.java:onNext(255)) - client-6EDD19400D46->06a4573b-67a1-41e3-a350-f896363bc636: receive RaftClientReply:client-6EDD19400D46->06a4573b-67a1-41e3-a350-f896363bc636@group-757E3781CD2A, cid=1687, SUCCESS, logIndex=2426, commits[06a4573b-67a1-41e3-a350-f896363bc636:c2426, 0b725bbf-683b-4664-9a2e-3c9dd6e38bc1:c2422, 9193e3b7-ae04-484d-a740-c65c11559486:c2422]
2019-08-24 07:08:27,925 | INFO  | DNAudit | user=null | ip=null | op=WRITE_CHUNK {blockData=conID: 3 locID: 102670696961343999 bcsId: 2422} | ret=SUCCESS |  
2019-08-24 07:08:27,925 | INFO  | DNAudit | user=null | ip=null | op=WRITE_CHUNK {blockData=conID: 3 locID: 102670696961343999 bcsId: 2422} | ret=SUCCESS |  
2019-08-24 07:08:27,935 | INFO  | DNAudit | user=null | ip=null | op=PUT_BLOCK {blockData=[blockId=conID: 3 locID: 102670696961343999 bcsId: 0,size=4194304]} | ret=SUCCESS |  
2019-08-24 07:08:27,935 | INFO  | DNAudit | user=null | ip=null | op=PUT_BLOCK {blockData=[blockId=conID: 3 locID: 102670696961343999 bcsId: 0,size=4194304]} | ret=SUCCESS |  
2019-08-24 07:08:27,935 [grpc-default-executor-2] INFO  client.GrpcClientProtocolClient (GrpcClientProtocolClient.java:onNext(255)) - client-6EDD19400D46->06a4573b-67a1-41e3-a350-f896363bc636: receive RaftClientReply:client-6EDD19400D46->06a4573b-67a1-41e3-a350-f896363bc636@group-757E3781CD2A, cid=1688, SUCCESS, logIndex=0, commits[06a4573b-67a1-41e3-a350-f896363bc636:c2428, 0b725bbf-683b-4664-9a2e-3c9dd6e38bc1:c2426, 9193e3b7-ae04-484d-a740-c65c11559486:c2426]
2019-08-24 07:08:27,941 | INFO  | SCMAudit | user=jenkins1000 | ip=192.168.69.125 | op=ALLOCATE_BLOCK {owner=61bacca8-15b6-4a50-8962-5e9786b18b0d, size=4194304, type=RATIS, factor=THREE} | ret=SUCCESS |  
2019-08-24 07:08:27,943 | INFO  | SCMAudit | user=jenkins1000 | ip=192.168.69.125 | op=SEND_HEARTBEAT {datanodeUUID=b8548da6-9cc6-46be-8dd4-5219531f5960, command=[]} | ret=SUCCESS |  
2019-08-24 07:08:27,944 | INFO  | OMAudit | user=jenkins1000 | ip=127.0.0.1 | op=ALLOCATE_BLOCK {volume=vol-0-26988, bucket=bucket-0-20739, key=key-0-27353, dataSize=0, replicationType=null, replicationFactor=null, keyLocationInfo=null, clientID=102670695851229586} | ret=SUCCESS |  
2019-08-24 07:08:27,951 | INFO  | DNAudit | user=null | ip=null | op=WRITE_CHUNK {blockData=conID: 1 locID: 102670696968421888 bcsId: 0} | ret=SUCCESS |  
2019-08-24 07:08:27,952 | INFO  | DNAudit | user=null | ip=null | op=WRITE_CHUNK {blockData=conID: 1 locID: 102670696968421888 bcsId: 0} | ret=SUCCESS |  
2019-08-24 07:08:27,954 | INFO  | DNAudit | user=null | ip=null | op=WRITE_CHUNK {blockData=conID: 1 locID: 102670696968421888 bcsId: 0} | ret=SUCCESS |  
2019-08-24 07:08:27,955 | INFO  | DNAudit | user=null | ip=null | op=WRITE_CHUNK {blockData=conID: 1 locID: 102670696968421888 bcsId: 0} | ret=SUCCESS |  
2019-08-24 07:08:27,956 | INFO  | DNAudit | user=null | ip=null | op=WRITE_CHUNK {blockData=conID: 1 locID: 102670696968421888 bcsId: 0} | ret=SUCCESS |  
2019-08-24 07:08:27,957 | INFO  | DNAudit | user=null | ip=null | op=WRITE_CHUNK {blockData=conID: 1 locID: 102670696968421888 bcsId: 0} | ret=SUCCESS |  
2019-08-24 07:08:27,965 | INFO  | DNAudit | user=null | ip=null | op=WRITE_CHUNK {blockData=conID: 1 locID: 102670696968421888 bcsId: 0} | ret=SUCCESS |  
2019-08-24 07:08:27,965 | INFO  | DNAudit | user=null | ip=null | op=PUT_BLOCK {blockData=[blockId=conID: 1 locID: 102670696968421888 bcsId: 0,size=1048576]} | ret=SUCCESS |  
2019-08-24 07:08:27,966 [grpc-default-executor-1] INFO  client.GrpcClientProtocolClient (GrpcClientProtocolClient.java:onNext(255)) - client-6EDD19400D46->06a4573b-67a1-41e3-a350-f896363bc636: receive RaftClientReply:client-6EDD19400D46->06a4573b-67a1-41e3-a350-f896363bc636@group-757E3781CD2A, cid=1689, SUCCESS, logIndex=2429, commits[06a4573b-67a1-41e3-a350-f896363bc636:c2431, 0b725bbf-683b-4664-9a2e-3c9dd6e38bc1:c2428, 9193e3b7-ae04-484d-a740-c65c11559486:c2428]
2019-08-24 07:08:27,966 | INFO  | DNAudit | user=null | ip=null | op=WRITE_CHUNK {blockData=conID: 1 locID: 102670696968421888 bcsId: 0} | ret=SUCCESS |  
2019-08-24 07:08:27,966 [grpc-default-executor-1] INFO  client.GrpcClientProtocolClient (GrpcClientProtocolClient.java:onNext(255)) - client-6EDD19400D46->06a4573b-67a1-41e3-a350-f896363bc636: receive RaftClientReply:client-6EDD19400D46->06a4573b-67a1-41e3-a350-f896363bc636@group-757E3781CD2A, cid=1690, SUCCESS, logIndex=2430, commits[06a4573b-67a1-41e3-a350-f896363bc636:c2432, 0b725bbf-683b-4664-9a2e-3c9dd6e38bc1:c2428, 9193e3b7-ae04-484d-a740-c65c11559486:c2428]
2019-08-24 07:08:27,966 | INFO  | DNAudit | user=null | ip=null | op=PUT_BLOCK {blockData=[blockId=conID: 1 locID: 102670696968421888 bcsId: 0,size=2097152]} | ret=SUCCESS |  
2019-08-24 07:08:27,966 [grpc-default-executor-1] INFO  client.GrpcClientProtocolClient (GrpcClientProtocolClient.java:onNext(255)) - client-6EDD19400D46->06a4573b-67a1-41e3-a350-f896363bc636: receive RaftClientReply:client-6EDD19400D46->06a4573b-67a1-41e3-a350-f896363bc636@group-757E3781CD2A, cid=1691, SUCCESS, logIndex=2431, commits[06a4573b-67a1-41e3-a350-f896363bc636:c2432, 0b725bbf-683b-4664-9a2e-3c9dd6e38bc1:c2428, 9193e3b7-ae04-484d-a740-c65c11559486:c2428]
2019-08-24 07:08:27,967 [grpc-default-executor-1] INFO  client.GrpcClientProtocolClient (GrpcClientProtocolClient.java:onNext(255)) - client-6EDD19400D46->06a4573b-67a1-41e3-a350-f896363bc636: receive RaftClientReply:client-6EDD19400D46->06a4573b-67a1-41e3-a350-f896363bc636@group-757E3781CD2A, cid=1692, SUCCESS, logIndex=2432, commits[06a4573b-67a1-41e3-a350-f896363bc636:c2432, 0b725bbf-683b-4664-9a2e-3c9dd6e38bc1:c2428, 9193e3b7-ae04-484d-a740-c65c11559486:c2428]
2019-08-24 07:08:27,977 | INFO  | DNAudit | user=null | ip=null | op=WRITE_CHUNK {blockData=conID: 1 locID: 102670696968421888 bcsId: 0} | ret=SUCCESS |  
2019-08-24 07:08:27,977 | INFO  | DNAudit | user=null | ip=null | op=WRITE_CHUNK {blockData=conID: 1 locID: 102670696968421888 bcsId: 0} | ret=SUCCESS |  
2019-08-24 07:08:27,977 | INFO  | DNAudit | user=null | ip=null | op=PUT_BLOCK {blockData=[blockId=conID: 1 locID: 102670696968421888 bcsId: 0,size=1048576]} | ret=SUCCESS |  
2019-08-24 07:08:27,977 | INFO  | DNAudit | user=null | ip=null | op=WRITE_CHUNK {blockData=conID: 1 locID: 102670696968421888 bcsId: 0} | ret=SUCCESS |  
2019-08-24 07:08:27,978 | INFO  | DNAudit | user=null | ip=null | op=PUT_BLOCK {blockData=[blockId=conID: 1 locID: 102670696968421888 bcsId: 0,size=2097152]} | ret=SUCCESS |  
2019-08-24 07:08:27,979 | INFO  | DNAudit | user=null | ip=null | op=PUT_BLOCK {blockData=[blockId=conID: 1 locID: 102670696968421888 bcsId: 0,size=1048576]} | ret=SUCCESS |  
2019-08-24 07:08:27,980 | INFO  | DNAudit | user=null | ip=null | op=WRITE_CHUNK {blockData=conID: 1 locID: 102670696968421888 bcsId: 0} | ret=SUCCESS |  
2019-08-24 07:08:27,980 [grpc-default-executor-1] INFO  client.GrpcClientProtocolClient (GrpcClientProtocolClient.java:onNext(255)) - client-6EDD19400D46->06a4573b-67a1-41e3-a350-f896363bc636: receive RaftClientReply:client-6EDD19400D46->06a4573b-67a1-41e3-a350-f896363bc636@group-757E3781CD2A, cid=1693, SUCCESS, logIndex=0, commits[06a4573b-67a1-41e3-a350-f896363bc636:c2436, 0b725bbf-683b-4664-9a2e-3c9dd6e38bc1:c2432, 9193e3b7-ae04-484d-a740-c65c11559486:c2430]
2019-08-24 07:08:27,980 | INFO  | DNAudit | user=null | ip=null | op=PUT_BLOCK {blockData=[blockId=conID: 1 locID: 102670696968421888 bcsId: 0,size=2097152]} | ret=SUCCESS |  
2019-08-24 07:08:27,987 | INFO  | DNAudit | user=null | ip=null | op=WRITE_CHUNK {blockData=conID: 1 locID: 102670696968421888 bcsId: 2432} | ret=SUCCESS |  
2019-08-24 07:08:27,990 | INFO  | DNAudit | user=null | ip=null | op=WRITE_CHUNK {blockData=conID: 1 locID: 102670696968421888 bcsId: 2432} | ret=SUCCESS |  
2019-08-24 07:08:27,990 | INFO  | DNAudit | user=null | ip=null | op=WRITE_CHUNK {blockData=conID: 1 locID: 102670696968421888 bcsId: 2432} | ret=SUCCESS |  
2019-08-24 07:08:28,000 | INFO  | DNAudit | user=null | ip=null | op=WRITE_CHUNK {blockData=conID: 1 locID: 102670696968421888 bcsId: 2432} | ret=SUCCESS |  
2019-08-24 07:08:28,001 | INFO  | DNAudit | user=null | ip=null | op=PUT_BLOCK {blockData=[blockId=conID: 1 locID: 102670696968421888 bcsId: 0,size=3145728]} | ret=SUCCESS |  
2019-08-24 07:08:28,001 [grpc-default-executor-5] INFO  client.GrpcClientProtocolClient (GrpcClientProtocolClient.java:onNext(255)) - client-6EDD19400D46->06a4573b-67a1-41e3-a350-f896363bc636: receive RaftClientReply:client-6EDD19400D46->06a4573b-67a1-41e3-a350-f896363bc636@group-757E3781CD2A, cid=1694, SUCCESS, logIndex=2437, commits[06a4573b-67a1-41e3-a350-f896363bc636:c2438, 0b725bbf-683b-4664-9a2e-3c9dd6e38bc1:c2436, 9193e3b7-ae04-484d-a740-c65c11559486:c2436]
2019-08-24 07:08:28,001 [grpc-default-executor-5] INFO  client.GrpcClientProtocolClient (GrpcClientProtocolClient.java:onNext(255)) - client-6EDD19400D46->06a4573b-67a1-41e3-a350-f896363bc636: receive RaftClientReply:client-6EDD19400D46->06a4573b-67a1-41e3-a350-f896363bc636@group-757E3781CD2A, cid=1695, SUCCESS, logIndex=2438, commits[06a4573b-67a1-41e3-a350-f896363bc636:c2438, 0b725bbf-683b-4664-9a2e-3c9dd6e38bc1:c2436, 9193e3b7-ae04-484d-a740-c65c11559486:c2436]
2019-08-24 07:08:28,008 | INFO  | DNAudit | user=null | ip=null | op=WRITE_CHUNK {blockData=conID: 1 locID: 102670696968421888 bcsId: 2438} | ret=SUCCESS |  
2019-08-24 07:08:28,010 | INFO  | DNAudit | user=null | ip=null | op=WRITE_CHUNK {blockData=conID: 1 locID: 102670696968421888 bcsId: 2438} | ret=SUCCESS |  
2019-08-24 07:08:28,010 | INFO  | DNAudit | user=null | ip=null | op=WRITE_CHUNK {blockData=conID: 1 locID: 102670696968421888 bcsId: 2438} | ret=SUCCESS |  
2019-08-24 07:08:28,012 | INFO  | DNAudit | user=null | ip=null | op=WRITE_CHUNK {blockData=conID: 1 locID: 102670696968421888 bcsId: 2432} | ret=SUCCESS |  
2019-08-24 07:08:28,012 | INFO  | DNAudit | user=null | ip=null | op=WRITE_CHUNK {blockData=conID: 1 locID: 102670696968421888 bcsId: 2432} | ret=SUCCESS |  
2019-08-24 07:08:28,014 | INFO  | DNAudit | user=null | ip=null | op=PUT_BLOCK {blockData=[blockId=conID: 1 locID: 102670696968421888 bcsId: 0,size=3145728]} | ret=SUCCESS |  
2019-08-24 07:08:28,015 | INFO  | DNAudit | user=null | ip=null | op=PUT_BLOCK {blockData=[blockId=conID: 1 locID: 102670696968421888 bcsId: 0,size=3145728]} | ret=SUCCESS |  
2019-08-24 07:08:28,015 | INFO  | DNAudit | user=null | ip=null | op=WRITE_CHUNK {blockData=conID: 1 locID: 102670696968421888 bcsId: 2438} | ret=SUCCESS |  
2019-08-24 07:08:28,016 | INFO  | DNAudit | user=null | ip=null | op=PUT_BLOCK {blockData=[blockId=conID: 1 locID: 102670696968421888 bcsId: 0,size=4194304]} | ret=SUCCESS |  
2019-08-24 07:08:28,016 [grpc-default-executor-0] INFO  client.GrpcClientProtocolClient (GrpcClientProtocolClient.java:onNext(255)) - client-6EDD19400D46->06a4573b-67a1-41e3-a350-f896363bc636: receive RaftClientReply:client-6EDD19400D46->06a4573b-67a1-41e3-a350-f896363bc636@group-757E3781CD2A, cid=1696, SUCCESS, logIndex=2441, commits[06a4573b-67a1-41e3-a350-f896363bc636:c2442, 0b725bbf-683b-4664-9a2e-3c9dd6e38bc1:c2438, 9193e3b7-ae04-484d-a740-c65c11559486:c2438]
2019-08-24 07:08:28,016 [grpc-default-executor-0] INFO  client.GrpcClientProtocolClient (GrpcClientProtocolClient.java:onNext(255)) - client-6EDD19400D46->06a4573b-67a1-41e3-a350-f896363bc636: receive RaftClientReply:client-6EDD19400D46->06a4573b-67a1-41e3-a350-f896363bc636@group-757E3781CD2A, cid=1697, SUCCESS, logIndex=2442, commits[06a4573b-67a1-41e3-a350-f896363bc636:c2442, 0b725bbf-683b-4664-9a2e-3c9dd6e38bc1:c2438, 9193e3b7-ae04-484d-a740-c65c11559486:c2438]
2019-08-24 07:08:28,027 | INFO  | DNAudit | user=null | ip=null | op=WRITE_CHUNK {blockData=conID: 1 locID: 102670696968421888 bcsId: 2438} | ret=SUCCESS |  
2019-08-24 07:08:28,027 | INFO  | DNAudit | user=null | ip=null | op=WRITE_CHUNK {blockData=conID: 1 locID: 102670696968421888 bcsId: 2438} | ret=SUCCESS |  
2019-08-24 07:08:28,029 | INFO  | DNAudit | user=null | ip=null | op=PUT_BLOCK {blockData=[blockId=conID: 1 locID: 102670696968421888 bcsId: 0,size=4194304]} | ret=SUCCESS |  
2019-08-24 07:08:28,029 | INFO  | DNAudit | user=null | ip=null | op=PUT_BLOCK {blockData=[blockId=conID: 1 locID: 102670696968421888 bcsId: 0,size=4194304]} | ret=SUCCESS |  
2019-08-24 07:08:28,030 [grpc-default-executor-1] INFO  client.GrpcClientProtocolClient (GrpcClientProtocolClient.java:onNext(255)) - client-6EDD19400D46->06a4573b-67a1-41e3-a350-f896363bc636: receive RaftClientReply:client-6EDD19400D46->06a4573b-67a1-41e3-a350-f896363bc636@group-757E3781CD2A, cid=1698, SUCCESS, logIndex=0, commits[06a4573b-67a1-41e3-a350-f896363bc636:c2444, 0b725bbf-683b-4664-9a2e-3c9dd6e38bc1:c2442, 9193e3b7-ae04-484d-a740-c65c11559486:c2442]
2019-08-24 07:08:28,161 | INFO  | SCMAudit | user=jenkins1000 | ip=192.168.69.125 | op=ALLOCATE_BLOCK {owner=61bacca8-15b6-4a50-8962-5e9786b18b0d, size=4194304, type=RATIS, factor=THREE} | ret=SUCCESS |  
2019-08-24 07:08:28,165 | INFO  | OMAudit | user=jenkins1000 | ip=127.0.0.1 | op=ALLOCATE_BLOCK {volume=vol-0-26988, bucket=bucket-0-20739, key=key-0-27353, dataSize=0, replicationType=null, replicationFactor=null, keyLocationInfo=null, clientID=102670695851229586} | ret=SUCCESS |  
2019-08-24 07:08:28,179 | INFO  | DNAudit | user=null | ip=null | op=WRITE_CHUNK {blockData=conID: 2 locID: 102670696982839809 bcsId: 0} | ret=SUCCESS |  
2019-08-24 07:08:28,179 | INFO  | DNAudit | user=null | ip=null | op=WRITE_CHUNK {blockData=conID: 2 locID: 102670696982839809 bcsId: 0} | ret=SUCCESS |  
2019-08-24 07:08:28,179 | INFO  | DNAudit | user=null | ip=null | op=WRITE_CHUNK {blockData=conID: 2 locID: 102670696982839809 bcsId: 0} | ret=SUCCESS |  
2019-08-24 07:08:28,179 | INFO  | DNAudit | user=null | ip=null | op=WRITE_CHUNK {blockData=conID: 2 locID: 102670696982839809 bcsId: 0} | ret=SUCCESS |  
2019-08-24 07:08:28,180 | INFO  | DNAudit | user=null | ip=null | op=WRITE_CHUNK {blockData=conID: 2 locID: 102670696982839809 bcsId: 0} | ret=SUCCESS |  
2019-08-24 07:08:28,181 | INFO  | DNAudit | user=null | ip=null | op=WRITE_CHUNK {blockData=conID: 2 locID: 102670696982839809 bcsId: 0} | ret=SUCCESS |  
2019-08-24 07:08:28,192 | INFO  | DNAudit | user=null | ip=null | op=WRITE_CHUNK {blockData=conID: 2 locID: 102670696982839809 bcsId: 0} | ret=SUCCESS |  
2019-08-24 07:08:28,193 | INFO  | DNAudit | user=null | ip=null | op=PUT_BLOCK {blockData=[blockId=conID: 2 locID: 102670696982839809 bcsId: 0,size=1048576]} | ret=SUCCESS |  
2019-08-24 07:08:28,193 [grpc-default-executor-1] INFO  client.GrpcClientProtocolClient (GrpcClientProtocolClient.java:onNext(255)) - client-6EDD19400D46->06a4573b-67a1-41e3-a350-f896363bc636: receive RaftClientReply:client-6EDD19400D46->06a4573b-67a1-41e3-a350-f896363bc636@group-757E3781CD2A, cid=1699, SUCCESS, logIndex=2445, commits[06a4573b-67a1-41e3-a350-f896363bc636:c2448, 0b725bbf-683b-4664-9a2e-3c9dd6e38bc1:c2444, 9193e3b7-ae04-484d-a740-c65c11559486:c2444]
2019-08-24 07:08:28,193 | INFO  | DNAudit | user=null | ip=null | op=WRITE_CHUNK {blockData=conID: 2 locID: 102670696982839809 bcsId: 0} | ret=SUCCESS |  
2019-08-24 07:08:28,193 [grpc-default-executor-1] INFO  client.GrpcClientProtocolClient (GrpcClientProtocolClient.java:onNext(255)) - client-6EDD19400D46->06a4573b-67a1-41e3-a350-f896363bc636: receive RaftClientReply:client-6EDD19400D46->06a4573b-67a1-41e3-a350-f896363bc636@group-757E3781CD2A, cid=1700, SUCCESS, logIndex=2446, commits[06a4573b-67a1-41e3-a350-f896363bc636:c2448, 0b725bbf-683b-4664-9a2e-3c9dd6e38bc1:c2444, 9193e3b7-ae04-484d-a740-c65c11559486:c2444]
2019-08-24 07:08:28,194 | INFO  | DNAudit | user=null | ip=null | op=PUT_BLOCK {blockData=[blockId=conID: 2 locID: 102670696982839809 bcsId: 0,size=2097152]} | ret=SUCCESS |  
2019-08-24 07:08:28,194 [grpc-default-executor-1] INFO  client.GrpcClientProtocolClient (GrpcClientProtocolClient.java:onNext(255)) - client-6EDD19400D46->06a4573b-67a1-41e3-a350-f896363bc636: receive RaftClientReply:client-6EDD19400D46->06a4573b-67a1-41e3-a350-f896363bc636@group-757E3781CD2A, cid=1701, SUCCESS, logIndex=2447, commits[06a4573b-67a1-41e3-a350-f896363bc636:c2448, 0b725bbf-683b-4664-9a2e-3c9dd6e38bc1:c2444, 9193e3b7-ae04-484d-a740-c65c11559486:c2444]
2019-08-24 07:08:28,194 [grpc-default-executor-1] INFO  client.GrpcClientProtocolClient (GrpcClientProtocolClient.java:onNext(255)) - client-6EDD19400D46->06a4573b-67a1-41e3-a350-f896363bc636: receive RaftClientReply:client-6EDD19400D46->06a4573b-67a1-41e3-a350-f896363bc636@group-757E3781CD2A, cid=1702, SUCCESS, logIndex=2448, commits[06a4573b-67a1-41e3-a350-f896363bc636:c2448, 0b725bbf-683b-4664-9a2e-3c9dd6e38bc1:c2444, 9193e3b7-ae04-484d-a740-c65c11559486:c2444]
2019-08-24 07:08:28,203 | INFO  | DNAudit | user=null | ip=null | op=WRITE_CHUNK {blockData=conID: 2 locID: 102670696982839809 bcsId: 0} | ret=SUCCESS |  
2019-08-24 07:08:28,204 | INFO  | DNAudit | user=null | ip=null | op=WRITE_CHUNK {blockData=conID: 2 locID: 102670696982839809 bcsId: 0} | ret=SUCCESS |  
2019-08-24 07:08:28,204 | INFO  | DNAudit | user=null | ip=null | op=PUT_BLOCK {blockData=[blockId=conID: 2 locID: 102670696982839809 bcsId: 0,size=1048576]} | ret=SUCCESS |  
2019-08-24 07:08:28,204 | INFO  | DNAudit | user=null | ip=null | op=PUT_BLOCK {blockData=[blockId=conID: 2 locID: 102670696982839809 bcsId: 0,size=1048576]} | ret=SUCCESS |  
2019-08-24 07:08:28,205 | INFO  | DNAudit | user=null | ip=null | op=WRITE_CHUNK {blockData=conID: 2 locID: 102670696982839809 bcsId: 0} | ret=SUCCESS |  
2019-08-24 07:08:28,205 | INFO  | DNAudit | user=null | ip=null | op=PUT_BLOCK {blockData=[blockId=conID: 2 locID: 102670696982839809 bcsId: 0,size=2097152]} | ret=SUCCESS |  
2019-08-24 07:08:28,205 | INFO  | DNAudit | user=null | ip=null | op=WRITE_CHUNK {blockData=conID: 2 locID: 102670696982839809 bcsId: 0} | ret=SUCCESS |  
2019-08-24 07:08:28,205 | INFO  | DNAudit | user=null | ip=null | op=PUT_BLOCK {blockData=[blockId=conID: 2 locID: 102670696982839809 bcsId: 0,size=2097152]} | ret=SUCCESS |  
2019-08-24 07:08:28,205 [grpc-default-executor-5] INFO  client.GrpcClientProtocolClient (GrpcClientProtocolClient.java:onNext(255)) - client-6EDD19400D46->06a4573b-67a1-41e3-a350-f896363bc636: receive RaftClientReply:client-6EDD19400D46->06a4573b-67a1-41e3-a350-f896363bc636@group-757E3781CD2A, cid=1703, SUCCESS, logIndex=0, commits[06a4573b-67a1-41e3-a350-f896363bc636:c2450, 0b725bbf-683b-4664-9a2e-3c9dd6e38bc1:c2446, 9193e3b7-ae04-484d-a740-c65c11559486:c2446]
2019-08-24 07:08:28,214 | INFO  | DNAudit | user=null | ip=null | op=WRITE_CHUNK {blockData=conID: 2 locID: 102670696982839809 bcsId: 2448} | ret=SUCCESS |  
2019-08-24 07:08:28,218 | INFO  | DNAudit | user=null | ip=null | op=WRITE_CHUNK {blockData=conID: 2 locID: 102670696982839809 bcsId: 2448} | ret=SUCCESS |  
2019-08-24 07:08:28,218 | INFO  | DNAudit | user=null | ip=null | op=WRITE_CHUNK {blockData=conID: 2 locID: 102670696982839809 bcsId: 2448} | ret=SUCCESS |  
2019-08-24 07:08:28,230 | INFO  | DNAudit | user=null | ip=null | op=WRITE_CHUNK {blockData=conID: 2 locID: 102670696982839809 bcsId: 2448} | ret=SUCCESS |  
2019-08-24 07:08:28,231 | INFO  | DNAudit | user=null | ip=null | op=PUT_BLOCK {blockData=[blockId=conID: 2 locID: 102670696982839809 bcsId: 0,size=3145728]} | ret=SUCCESS |  
2019-08-24 07:08:28,231 [grpc-default-executor-5] INFO  client.GrpcClientProtocolClient (GrpcClientProtocolClient.java:onNext(255)) - client-6EDD19400D46->06a4573b-67a1-41e3-a350-f896363bc636: receive RaftClientReply:client-6EDD19400D46->06a4573b-67a1-41e3-a350-f896363bc636@group-757E3781CD2A, cid=1704, SUCCESS, logIndex=2453, commits[06a4573b-67a1-41e3-a350-f896363bc636:c2454, 0b725bbf-683b-4664-9a2e-3c9dd6e38bc1:c2452, 9193e3b7-ae04-484d-a740-c65c11559486:c2452]
2019-08-24 07:08:28,232 [grpc-default-executor-5] INFO  client.GrpcClientProtocolClient (GrpcClientProtocolClient.java:onNext(255)) - client-6EDD19400D46->06a4573b-67a1-41e3-a350-f896363bc636: receive RaftClientReply:client-6EDD19400D46->06a4573b-67a1-41e3-a350-f896363bc636@group-757E3781CD2A, cid=1705, SUCCESS, logIndex=2454, commits[06a4573b-67a1-41e3-a350-f896363bc636:c2454, 0b725bbf-683b-4664-9a2e-3c9dd6e38bc1:c2452, 9193e3b7-ae04-484d-a740-c65c11559486:c2452]
2019-08-24 07:08:28,241 | INFO  | DNAudit | user=null | ip=null | op=WRITE_CHUNK {blockData=conID: 2 locID: 102670696982839809 bcsId: 2448} | ret=SUCCESS |  
2019-08-24 07:08:28,241 | INFO  | DNAudit | user=null | ip=null | op=WRITE_CHUNK {blockData=conID: 2 locID: 102670696982839809 bcsId: 2448} | ret=SUCCESS |  
2019-08-24 07:08:28,241 | INFO  | DNAudit | user=null | ip=null | op=PUT_BLOCK {blockData=[blockId=conID: 2 locID: 102670696982839809 bcsId: 0,size=3145728]} | ret=SUCCESS |  
2019-08-24 07:08:28,241 | INFO  | DNAudit | user=null | ip=null | op=PUT_BLOCK {blockData=[blockId=conID: 2 locID: 102670696982839809 bcsId: 0,size=3145728]} | ret=SUCCESS |  
2019-08-24 07:08:28,243 | INFO  | DNAudit | user=null | ip=null | op=WRITE_CHUNK {blockData=conID: 2 locID: 102670696982839809 bcsId: 2454} | ret=SUCCESS |  
2019-08-24 07:08:28,246 | INFO  | DNAudit | user=null | ip=null | op=WRITE_CHUNK {blockData=conID: 2 locID: 102670696982839809 bcsId: 2454} | ret=SUCCESS |  
2019-08-24 07:08:28,246 | INFO  | DNAudit | user=null | ip=null | op=WRITE_CHUNK {blockData=conID: 2 locID: 102670696982839809 bcsId: 2454} | ret=SUCCESS |  
2019-08-24 07:08:28,256 | INFO  | DNAudit | user=null | ip=null | op=WRITE_CHUNK {blockData=conID: 2 locID: 102670696982839809 bcsId: 2454} | ret=SUCCESS |  
2019-08-24 07:08:28,256 | INFO  | DNAudit | user=null | ip=null | op=PUT_BLOCK {blockData=[blockId=conID: 2 locID: 102670696982839809 bcsId: 0,size=4194304]} | ret=SUCCESS |  
2019-08-24 07:08:28,256 [grpc-default-executor-0] INFO  client.GrpcClientProtocolClient (GrpcClientProtocolClient.java:onNext(255)) - client-6EDD19400D46->06a4573b-67a1-41e3-a350-f896363bc636: receive RaftClientReply:client-6EDD19400D46->06a4573b-67a1-41e3-a350-f896363bc636@group-757E3781CD2A, cid=1706, SUCCESS, logIndex=2457, commits[06a4573b-67a1-41e3-a350-f896363bc636:c2457, 0b725bbf-683b-4664-9a2e-3c9dd6e38bc1:c2455, 9193e3b7-ae04-484d-a740-c65c11559486:c2454]
2019-08-24 07:08:28,257 [grpc-default-executor-0] INFO  client.GrpcClientProtocolClient (GrpcClientProtocolClient.java:onNext(255)) - client-6EDD19400D46->06a4573b-67a1-41e3-a350-f896363bc636: receive RaftClientReply:client-6EDD19400D46->06a4573b-67a1-41e3-a350-f896363bc636@group-757E3781CD2A, cid=1707, SUCCESS, logIndex=2458, commits[06a4573b-67a1-41e3-a350-f896363bc636:c2458, 0b725bbf-683b-4664-9a2e-3c9dd6e38bc1:c2455, 9193e3b7-ae04-484d-a740-c65c11559486:c2455]
2019-08-24 07:08:28,267 | INFO  | DNAudit | user=null | ip=null | op=WRITE_CHUNK {blockData=conID: 2 locID: 102670696982839809 bcsId: 2454} | ret=SUCCESS |  
2019-08-24 07:08:28,267 | INFO  | DNAudit | user=null | ip=null | op=WRITE_CHUNK {blockData=conID: 2 locID: 102670696982839809 bcsId: 2454} | ret=SUCCESS |  
2019-08-24 07:08:28,270 | INFO  | DNAudit | user=null | ip=null | op=PUT_BLOCK {blockData=[blockId=conID: 2 locID: 102670696982839809 bcsId: 0,size=4194304]} | ret=SUCCESS |  
2019-08-24 07:08:28,270 | INFO  | DNAudit | user=null | ip=null | op=PUT_BLOCK {blockData=[blockId=conID: 2 locID: 102670696982839809 bcsId: 0,size=4194304]} | ret=SUCCESS |  
2019-08-24 07:08:28,271 [grpc-default-executor-2] INFO  client.GrpcClientProtocolClient (GrpcClientProtocolClient.java:onNext(255)) - client-6EDD19400D46->06a4573b-67a1-41e3-a350-f896363bc636: receive RaftClientReply:client-6EDD19400D46->06a4573b-67a1-41e3-a350-f896363bc636@group-757E3781CD2A, cid=1708, SUCCESS, logIndex=0, commits[06a4573b-67a1-41e3-a350-f896363bc636:c2460, 0b725bbf-683b-4664-9a2e-3c9dd6e38bc1:c2458, 9193e3b7-ae04-484d-a740-c65c11559486:c2458]
2019-08-24 07:08:28,278 | INFO  | SCMAudit | user=jenkins1000 | ip=192.168.69.125 | op=ALLOCATE_BLOCK {owner=61bacca8-15b6-4a50-8962-5e9786b18b0d, size=4194304, type=RATIS, factor=THREE} | ret=SUCCESS |  
2019-08-24 07:08:28,282 | INFO  | OMAudit | user=jenkins1000 | ip=127.0.0.1 | op=ALLOCATE_BLOCK {volume=vol-0-26988, bucket=bucket-0-20739, key=key-0-27353, dataSize=0, replicationType=null, replicationFactor=null, keyLocationInfo=null, clientID=102670695851229586} | ret=SUCCESS |  
2019-08-24 07:08:28,291 | INFO  | DNAudit | user=null | ip=null | op=WRITE_CHUNK {blockData=conID: 3 locID: 102670696990507522 bcsId: 0} | ret=SUCCESS |  
2019-08-24 07:08:28,293 | INFO  | DNAudit | user=null | ip=null | op=WRITE_CHUNK {blockData=conID: 3 locID: 102670696990507522 bcsId: 0} | ret=SUCCESS |  
2019-08-24 07:08:28,295 | INFO  | DNAudit | user=null | ip=null | op=WRITE_CHUNK {blockData=conID: 3 locID: 102670696990507522 bcsId: 0} | ret=SUCCESS |  
2019-08-24 07:08:28,295 | INFO  | DNAudit | user=null | ip=null | op=WRITE_CHUNK {blockData=conID: 3 locID: 102670696990507522 bcsId: 0} | ret=SUCCESS |  
2019-08-24 07:08:28,297 | INFO  | DNAudit | user=null | ip=null | op=WRITE_CHUNK {blockData=conID: 3 locID: 102670696990507522 bcsId: 0} | ret=SUCCESS |  
2019-08-24 07:08:28,297 | INFO  | DNAudit | user=null | ip=null | op=WRITE_CHUNK {blockData=conID: 3 locID: 102670696990507522 bcsId: 0} | ret=SUCCESS |  
2019-08-24 07:08:28,304 | INFO  | DNAudit | user=null | ip=null | op=WRITE_CHUNK {blockData=conID: 3 locID: 102670696990507522 bcsId: 0} | ret=SUCCESS |  
2019-08-24 07:08:28,304 | INFO  | DNAudit | user=null | ip=null | op=PUT_BLOCK {blockData=[blockId=conID: 3 locID: 102670696990507522 bcsId: 0,size=1048576]} | ret=SUCCESS |  
2019-08-24 07:08:28,305 [grpc-default-executor-1] INFO  client.GrpcClientProtocolClient (GrpcClientProtocolClient.java:onNext(255)) - client-6EDD19400D46->06a4573b-67a1-41e3-a350-f896363bc636: receive RaftClientReply:client-6EDD19400D46->06a4573b-67a1-41e3-a350-f896363bc636@group-757E3781CD2A, cid=1709, SUCCESS, logIndex=2461, commits[06a4573b-67a1-41e3-a350-f896363bc636:c2463, 0b725bbf-683b-4664-9a2e-3c9dd6e38bc1:c2460, 9193e3b7-ae04-484d-a740-c65c11559486:c2460]
2019-08-24 07:08:28,305 | INFO  | DNAudit | user=null | ip=null | op=WRITE_CHUNK {blockData=conID: 3 locID: 102670696990507522 bcsId: 0} | ret=SUCCESS |  
2019-08-24 07:08:28,305 [grpc-default-executor-1] INFO  client.GrpcClientProtocolClient (GrpcClientProtocolClient.java:onNext(255)) - client-6EDD19400D46->06a4573b-67a1-41e3-a350-f896363bc636: receive RaftClientReply:client-6EDD19400D46->06a4573b-67a1-41e3-a350-f896363bc636@group-757E3781CD2A, cid=1710, SUCCESS, logIndex=2462, commits[06a4573b-67a1-41e3-a350-f896363bc636:c2464, 0b725bbf-683b-4664-9a2e-3c9dd6e38bc1:c2460, 9193e3b7-ae04-484d-a740-c65c11559486:c2460]
2019-08-24 07:08:28,305 | INFO  | DNAudit | user=null | ip=null | op=PUT_BLOCK {blockData=[blockId=conID: 3 locID: 102670696990507522 bcsId: 0,size=2097152]} | ret=SUCCESS |  
2019-08-24 07:08:28,306 [grpc-default-executor-1] INFO  client.GrpcClientProtocolClient (GrpcClientProtocolClient.java:onNext(255)) - client-6EDD19400D46->06a4573b-67a1-41e3-a350-f896363bc636: receive RaftClientReply:client-6EDD19400D46->06a4573b-67a1-41e3-a350-f896363bc636@group-757E3781CD2A, cid=1711, SUCCESS, logIndex=2463, commits[06a4573b-67a1-41e3-a350-f896363bc636:c2464, 0b725bbf-683b-4664-9a2e-3c9dd6e38bc1:c2460, 9193e3b7-ae04-484d-a740-c65c11559486:c2460]
2019-08-24 07:08:28,306 [grpc-default-executor-1] INFO  client.GrpcClientProtocolClient (GrpcClientProtocolClient.java:onNext(255)) - client-6EDD19400D46->06a4573b-67a1-41e3-a350-f896363bc636: receive RaftClientReply:client-6EDD19400D46->06a4573b-67a1-41e3-a350-f896363bc636@group-757E3781CD2A, cid=1712, SUCCESS, logIndex=2464, commits[06a4573b-67a1-41e3-a350-f896363bc636:c2464, 0b725bbf-683b-4664-9a2e-3c9dd6e38bc1:c2460, 9193e3b7-ae04-484d-a740-c65c11559486:c2460]
2019-08-24 07:08:28,315 | INFO  | DNAudit | user=null | ip=null | op=WRITE_CHUNK {blockData=conID: 3 locID: 102670696990507522 bcsId: 0} | ret=SUCCESS |  
2019-08-24 07:08:28,316 | INFO  | DNAudit | user=null | ip=null | op=WRITE_CHUNK {blockData=conID: 3 locID: 102670696990507522 bcsId: 0} | ret=SUCCESS |  
2019-08-24 07:08:28,316 | INFO  | DNAudit | user=null | ip=null | op=PUT_BLOCK {blockData=[blockId=conID: 3 locID: 102670696990507522 bcsId: 0,size=1048576]} | ret=SUCCESS |  
2019-08-24 07:08:28,317 | INFO  | DNAudit | user=null | ip=null | op=WRITE_CHUNK {blockData=conID: 3 locID: 102670696990507522 bcsId: 0} | ret=SUCCESS |  
2019-08-24 07:08:28,317 | INFO  | DNAudit | user=null | ip=null | op=PUT_BLOCK {blockData=[blockId=conID: 3 locID: 102670696990507522 bcsId: 0,size=2097152]} | ret=SUCCESS |  
2019-08-24 07:08:28,318 | INFO  | DNAudit | user=null | ip=null | op=PUT_BLOCK {blockData=[blockId=conID: 3 locID: 102670696990507522 bcsId: 0,size=1048576]} | ret=SUCCESS |  
2019-08-24 07:08:28,319 | INFO  | DNAudit | user=null | ip=null | op=WRITE_CHUNK {blockData=conID: 3 locID: 102670696990507522 bcsId: 0} | ret=SUCCESS |  
2019-08-24 07:08:28,319 [grpc-default-executor-1] INFO  client.GrpcClientProtocolClient (GrpcClientProtocolClient.java:onNext(255)) - client-6EDD19400D46->06a4573b-67a1-41e3-a350-f896363bc636: receive RaftClientReply:client-6EDD19400D46->06a4573b-67a1-41e3-a350-f896363bc636@group-757E3781CD2A, cid=1713, SUCCESS, logIndex=0, commits[06a4573b-67a1-41e3-a350-f896363bc636:c2468, 0b725bbf-683b-4664-9a2e-3c9dd6e38bc1:c2464, 9193e3b7-ae04-484d-a740-c65c11559486:c2462]
2019-08-24 07:08:28,319 | INFO  | DNAudit | user=null | ip=null | op=PUT_BLOCK {blockData=[blockId=conID: 3 locID: 102670696990507522 bcsId: 0,size=2097152]} | ret=SUCCESS |  
2019-08-24 07:08:28,327 | INFO  | DNAudit | user=null | ip=null | op=WRITE_CHUNK {blockData=conID: 3 locID: 102670696990507522 bcsId: 2464} | ret=SUCCESS |  
2019-08-24 07:08:28,331 | INFO  | DNAudit | user=null | ip=null | op=WRITE_CHUNK {blockData=conID: 3 locID: 102670696990507522 bcsId: 2464} | ret=SUCCESS |  
2019-08-24 07:08:28,331 | INFO  | DNAudit | user=null | ip=null | op=WRITE_CHUNK {blockData=conID: 3 locID: 102670696990507522 bcsId: 2464} | ret=SUCCESS |  
2019-08-24 07:08:28,339 | INFO  | DNAudit | user=null | ip=null | op=WRITE_CHUNK {blockData=conID: 3 locID: 102670696990507522 bcsId: 2464} | ret=SUCCESS |  
2019-08-24 07:08:28,340 | INFO  | DNAudit | user=null | ip=null | op=PUT_BLOCK {blockData=[blockId=conID: 3 locID: 102670696990507522 bcsId: 0,size=3145728]} | ret=SUCCESS |  
2019-08-24 07:08:28,340 [grpc-default-executor-1] INFO  client.GrpcClientProtocolClient (GrpcClientProtocolClient.java:onNext(255)) - client-6EDD19400D46->06a4573b-67a1-41e3-a350-f896363bc636: receive RaftClientReply:client-6EDD19400D46->06a4573b-67a1-41e3-a350-f896363bc636@group-757E3781CD2A, cid=1714, SUCCESS, logIndex=2469, commits[06a4573b-67a1-41e3-a350-f896363bc636:c2470, 0b725bbf-683b-4664-9a2e-3c9dd6e38bc1:c2468, 9193e3b7-ae04-484d-a740-c65c11559486:c2468]
2019-08-24 07:08:28,341 [grpc-default-executor-1] INFO  client.GrpcClientProtocolClient (GrpcClientProtocolClient.java:onNext(255)) - client-6EDD19400D46->06a4573b-67a1-41e3-a350-f896363bc636: receive RaftClientReply:client-6EDD19400D46->06a4573b-67a1-41e3-a350-f896363bc636@group-757E3781CD2A, cid=1715, SUCCESS, logIndex=2470, commits[06a4573b-67a1-41e3-a350-f896363bc636:c2470, 0b725bbf-683b-4664-9a2e-3c9dd6e38bc1:c2468, 9193e3b7-ae04-484d-a740-c65c11559486:c2468]
2019-08-24 07:08:28,349 | INFO  | DNAudit | user=null | ip=null | op=WRITE_CHUNK {blockData=conID: 3 locID: 102670696990507522 bcsId: 2470} | ret=SUCCESS |  
2019-08-24 07:08:28,351 | INFO  | DNAudit | user=null | ip=null | op=WRITE_CHUNK {blockData=conID: 3 locID: 102670696990507522 bcsId: 2464} | ret=SUCCESS |  
2019-08-24 07:08:28,351 | INFO  | DNAudit | user=null | ip=null | op=WRITE_CHUNK {blockData=conID: 3 locID: 102670696990507522 bcsId: 2464} | ret=SUCCESS |  
2019-08-24 07:08:28,353 | INFO  | DNAudit | user=null | ip=null | op=WRITE_CHUNK {blockData=conID: 3 locID: 102670696990507522 bcsId: 2470} | ret=SUCCESS |  
2019-08-24 07:08:28,353 | INFO  | DNAudit | user=null | ip=null | op=WRITE_CHUNK {blockData=conID: 3 locID: 102670696990507522 bcsId: 2470} | ret=SUCCESS |  
 0.00% |█                                                                                                    |  0/1 Time: 0:00:172019-08-24 07:08:28,364 | INFO  | DNAudit | user=null | ip=null | op=PUT_BLOCK {blockData=[blockId=conID: 3 locID: 102670696990507522 bcsId: 0,size=3145728]} | ret=SUCCESS |  
2019-08-24 07:08:28,365 | INFO  | DNAudit | user=null | ip=null | op=WRITE_CHUNK {blockData=conID: 3 locID: 102670696990507522 bcsId: 2470} | ret=SUCCESS |  
2019-08-24 07:08:28,365 | INFO  | DNAudit | user=null | ip=null | op=PUT_BLOCK {blockData=[blockId=conID: 3 locID: 102670696990507522 bcsId: 0,size=3145728]} | ret=SUCCESS |  
2019-08-24 07:08:28,365 | INFO  | DNAudit | user=null | ip=null | op=PUT_BLOCK {blockData=[blockId=conID: 3 locID: 102670696990507522 bcsId: 0,size=4194304]} | ret=SUCCESS |  
2019-08-24 07:08:28,366 [grpc-default-executor-2] INFO  client.GrpcClientProtocolClient (GrpcClientProtocolClient.java:onNext(255)) - client-6EDD19400D46->06a4573b-67a1-41e3-a350-f896363bc636: receive RaftClientReply:client-6EDD19400D46->06a4573b-67a1-41e3-a350-f896363bc636@group-757E3781CD2A, cid=1716, SUCCESS, logIndex=2473, commits[06a4573b-67a1-41e3-a350-f896363bc636:c2474, 0b725bbf-683b-4664-9a2e-3c9dd6e38bc1:c2470, 9193e3b7-ae04-484d-a740-c65c11559486:c2470]
2019-08-24 07:08:28,367 [grpc-default-executor-2] INFO  client.GrpcClientProtocolClient (GrpcClientProtocolClient.java:onNext(255)) - client-6EDD19400D46->06a4573b-67a1-41e3-a350-f896363bc636: receive RaftClientReply:client-6EDD19400D46->06a4573b-67a1-41e3-a350-f896363bc636@group-757E3781CD2A, cid=1717, SUCCESS, logIndex=2474, commits[06a4573b-67a1-41e3-a350-f896363bc636:c2474, 0b725bbf-683b-4664-9a2e-3c9dd6e38bc1:c2470, 9193e3b7-ae04-484d-a740-c65c11559486:c2470]
2019-08-24 07:08:28,378 | INFO  | DNAudit | user=null | ip=null | op=WRITE_CHUNK {blockData=conID: 3 locID: 102670696990507522 bcsId: 2470} | ret=SUCCESS |  
2019-08-24 07:08:28,378 | INFO  | DNAudit | user=null | ip=null | op=WRITE_CHUNK {blockData=conID: 3 locID: 102670696990507522 bcsId: 2470} | ret=SUCCESS |  
2019-08-24 07:08:28,378 | INFO  | DNAudit | user=null | ip=null | op=PUT_BLOCK {blockData=[blockId=conID: 3 locID: 102670696990507522 bcsId: 0,size=4194304]} | ret=SUCCESS |  
2019-08-24 07:08:28,379 | INFO  | DNAudit | user=null | ip=null | op=PUT_BLOCK {blockData=[blockId=conID: 3 locID: 102670696990507522 bcsId: 0,size=4194304]} | ret=SUCCESS |  
2019-08-24 07:08:28,379 [grpc-default-executor-2] INFO  client.GrpcClientProtocolClient (GrpcClientProtocolClient.java:onNext(255)) - client-6EDD19400D46->06a4573b-67a1-41e3-a350-f896363bc636: receive RaftClientReply:client-6EDD19400D46->06a4573b-67a1-41e3-a350-f896363bc636@group-757E3781CD2A, cid=1718, SUCCESS, logIndex=0, commits[06a4573b-67a1-41e3-a350-f896363bc636:c2475, 0b725bbf-683b-4664-9a2e-3c9dd6e38bc1:c2474, 9193e3b7-ae04-484d-a740-c65c11559486:c2474]
2019-08-24 07:08:28,384 | INFO  | SCMAudit | user=jenkins1000 | ip=192.168.69.125 | op=ALLOCATE_BLOCK {owner=61bacca8-15b6-4a50-8962-5e9786b18b0d, size=4194304, type=RATIS, factor=THREE} | ret=SUCCESS |  
2019-08-24 07:08:28,388 | INFO  | OMAudit | user=jenkins1000 | ip=127.0.0.1 | op=ALLOCATE_BLOCK {volume=vol-0-26988, bucket=bucket-0-20739, key=key-0-27353, dataSize=0, replicationType=null, replicationFactor=null, keyLocationInfo=null, clientID=102670695851229586} | ret=SUCCESS |  
2019-08-24 07:08:28,397 | INFO  | DNAudit | user=null | ip=null | op=WRITE_CHUNK {blockData=conID: 1 locID: 102670696997454339 bcsId: 0} | ret=SUCCESS |  
2019-08-24 07:08:28,400 | INFO  | DNAudit | user=null | ip=null | op=WRITE_CHUNK {blockData=conID: 1 locID: 102670696997454339 bcsId: 0} | ret=SUCCESS |  
2019-08-24 07:08:28,401 | INFO  | DNAudit | user=null | ip=null | op=WRITE_CHUNK {blockData=conID: 1 locID: 102670696997454339 bcsId: 0} | ret=SUCCESS |  
2019-08-24 07:08:28,402 | INFO  | DNAudit | user=null | ip=null | op=WRITE_CHUNK {blockData=conID: 1 locID: 102670696997454339 bcsId: 0} | ret=SUCCESS |  
2019-08-24 07:08:28,404 | INFO  | DNAudit | user=null | ip=null | op=WRITE_CHUNK {blockData=conID: 1 locID: 102670696997454339 bcsId: 0} | ret=SUCCESS |  
2019-08-24 07:08:28,404 | INFO  | DNAudit | user=null | ip=null | op=WRITE_CHUNK {blockData=conID: 1 locID: 102670696997454339 bcsId: 0} | ret=SUCCESS |  
2019-08-24 07:08:28,430 | INFO  | SCMAudit | user=jenkins1000 | ip=192.168.69.125 | op=SEND_HEARTBEAT {datanodeUUID=9193e3b7-ae04-484d-a740-c65c11559486, command=[]} | ret=SUCCESS |  
2019-08-24 07:08:28,430 | INFO  | SCMAudit | user=jenkins1000 | ip=192.168.69.125 | op=SEND_HEARTBEAT {datanodeUUID=25ce0803-6f34-4c69-82c0-892f08679042, command=[]} | ret=SUCCESS |  
2019-08-24 07:08:28,430 | INFO  | SCMAudit | user=jenkins1000 | ip=192.168.69.125 | op=SEND_HEARTBEAT {datanodeUUID=06a4573b-67a1-41e3-a350-f896363bc636, command=[]} | ret=SUCCESS |  
2019-08-24 07:08:28,430 | INFO  | SCMAudit | user=jenkins1000 | ip=192.168.69.125 | op=SEND_HEARTBEAT {datanodeUUID=0b725bbf-683b-4664-9a2e-3c9dd6e38bc1, command=[]} | ret=SUCCESS |  
2019-08-24 07:08:28,432 | INFO  | DNAudit | user=null | ip=null | op=WRITE_CHUNK {blockData=conID: 1 locID: 102670696997454339 bcsId: 0} | ret=SUCCESS |  
2019-08-24 07:08:28,432 | INFO  | DNAudit | user=null | ip=null | op=PUT_BLOCK {blockData=[blockId=conID: 1 locID: 102670696997454339 bcsId: 0,size=1048576]} | ret=SUCCESS |  
2019-08-24 07:08:28,433 [grpc-default-executor-0] INFO  client.GrpcClientProtocolClient (GrpcClientProtocolClient.java:onNext(255)) - client-6EDD19400D46->06a4573b-67a1-41e3-a350-f896363bc636: receive RaftClientReply:client-6EDD19400D46->06a4573b-67a1-41e3-a350-f896363bc636@group-757E3781CD2A, cid=1719, SUCCESS, logIndex=2477, commits[06a4573b-67a1-41e3-a350-f896363bc636:c2478, 0b725bbf-683b-4664-9a2e-3c9dd6e38bc1:c2476, 9193e3b7-ae04-484d-a740-c65c11559486:c2474]
2019-08-24 07:08:28,434 | INFO  | DNAudit | user=null | ip=null | op=WRITE_CHUNK {blockData=conID: 1 locID: 102670696997454339 bcsId: 0} | ret=SUCCESS |  
2019-08-24 07:08:28,434 [grpc-default-executor-0] INFO  client.GrpcClientProtocolClient (GrpcClientProtocolClient.java:onNext(255)) - client-6EDD19400D46->06a4573b-67a1-41e3-a350-f896363bc636: receive RaftClientReply:client-6EDD19400D46->06a4573b-67a1-41e3-a350-f896363bc636@group-757E3781CD2A, cid=1720, SUCCESS, logIndex=2478, commits[06a4573b-67a1-41e3-a350-f896363bc636:c2478, 0b725bbf-683b-4664-9a2e-3c9dd6e38bc1:c2476, 9193e3b7-ae04-484d-a740-c65c11559486:c2474]
2019-08-24 07:08:28,434 | INFO  | DNAudit | user=null | ip=null | op=PUT_BLOCK {blockData=[blockId=conID: 1 locID: 102670696997454339 bcsId: 0,size=2097152]} | ret=SUCCESS |  
2019-08-24 07:08:28,434 [grpc-default-executor-1] INFO  client.GrpcClientProtocolClient (GrpcClientProtocolClient.java:onNext(255)) - client-6EDD19400D46->06a4573b-67a1-41e3-a350-f896363bc636: receive RaftClientReply:client-6EDD19400D46->06a4573b-67a1-41e3-a350-f896363bc636@group-757E3781CD2A, cid=1721, SUCCESS, logIndex=2479, commits[06a4573b-67a1-41e3-a350-f896363bc636:c2480, 0b725bbf-683b-4664-9a2e-3c9dd6e38bc1:c2476, 9193e3b7-ae04-484d-a740-c65c11559486:c2476]
2019-08-24 07:08:28,435 [grpc-default-executor-1] INFO  client.GrpcClientProtocolClient (GrpcClientProtocolClient.java:onNext(255)) - client-6EDD19400D46->06a4573b-67a1-41e3-a350-f896363bc636: receive RaftClientReply:client-6EDD19400D46->06a4573b-67a1-41e3-a350-f896363bc636@group-757E3781CD2A, cid=1722, SUCCESS, logIndex=2480, commits[06a4573b-67a1-41e3-a350-f896363bc636:c2480, 0b725bbf-683b-4664-9a2e-3c9dd6e38bc1:c2476, 9193e3b7-ae04-484d-a740-c65c11559486:c2476]
2019-08-24 07:08:28,453 | INFO  | DNAudit | user=null | ip=null | op=WRITE_CHUNK {blockData=conID: 1 locID: 102670696997454339 bcsId: 0} | ret=SUCCESS |  
2019-08-24 07:08:28,453 | INFO  | DNAudit | user=null | ip=null | op=PUT_BLOCK {blockData=[blockId=conID: 1 locID: 102670696997454339 bcsId: 0,size=1048576]} | ret=SUCCESS |  
2019-08-24 07:08:28,454 | INFO  | DNAudit | user=null | ip=null | op=WRITE_CHUNK {blockData=conID: 1 locID: 102670696997454339 bcsId: 0} | ret=SUCCESS |  
2019-08-24 07:08:28,454 | INFO  | DNAudit | user=null | ip=null | op=PUT_BLOCK {blockData=[blockId=conID: 1 locID: 102670696997454339 bcsId: 0,size=1048576]} | ret=SUCCESS |  
2019-08-24 07:08:28,454 | INFO  | DNAudit | user=null | ip=null | op=WRITE_CHUNK {blockData=conID: 1 locID: 102670696997454339 bcsId: 0} | ret=SUCCESS |  
2019-08-24 07:08:28,454 [grpc-default-executor-1] INFO  client.GrpcClientProtocolClient (GrpcClientProtocolClient.java:onNext(255)) - client-6EDD19400D46->06a4573b-67a1-41e3-a350-f896363bc636: receive RaftClientReply:client-6EDD19400D46->06a4573b-67a1-41e3-a350-f896363bc636@group-757E3781CD2A, cid=1723, SUCCESS, logIndex=0, commits[06a4573b-67a1-41e3-a350-f896363bc636:c2482, 0b725bbf-683b-4664-9a2e-3c9dd6e38bc1:c2478, 9193e3b7-ae04-484d-a740-c65c11559486:c2478]
2019-08-24 07:08:28,454 | INFO  | DNAudit | user=null | ip=null | op=PUT_BLOCK {blockData=[blockId=conID: 1 locID: 102670696997454339 bcsId: 0,size=2097152]} | ret=SUCCESS |  
2019-08-24 07:08:28,455 | INFO  | DNAudit | user=null | ip=null | op=WRITE_CHUNK {blockData=conID: 1 locID: 102670696997454339 bcsId: 0} | ret=SUCCESS |  
2019-08-24 07:08:28,456 | INFO  | DNAudit | user=null | ip=null | op=PUT_BLOCK {blockData=[blockId=conID: 1 locID: 102670696997454339 bcsId: 0,size=2097152]} | ret=SUCCESS |  
2019-08-24 07:08:28,464 | INFO  | DNAudit | user=null | ip=null | op=WRITE_CHUNK {blockData=conID: 1 locID: 102670696997454339 bcsId: 2480} | ret=SUCCESS |  
2019-08-24 07:08:28,467 | INFO  | DNAudit | user=null | ip=null | op=WRITE_CHUNK {blockData=conID: 1 locID: 102670696997454339 bcsId: 2480} | ret=SUCCESS |  
2019-08-24 07:08:28,467 | INFO  | DNAudit | user=null | ip=null | op=WRITE_CHUNK {blockData=conID: 1 locID: 102670696997454339 bcsId: 2480} | ret=SUCCESS |  
2019-08-24 07:08:28,477 | INFO  | DNAudit | user=null | ip=null | op=WRITE_CHUNK {blockData=conID: 1 locID: 102670696997454339 bcsId: 2480} | ret=SUCCESS |  
2019-08-24 07:08:28,477 | INFO  | DNAudit | user=null | ip=null | op=PUT_BLOCK {blockData=[blockId=conID: 1 locID: 102670696997454339 bcsId: 0,size=3145728]} | ret=SUCCESS |  
2019-08-24 07:08:28,477 [grpc-default-executor-2] INFO  client.GrpcClientProtocolClient (GrpcClientProtocolClient.java:onNext(255)) - client-6EDD19400D46->06a4573b-67a1-41e3-a350-f896363bc636: receive RaftClientReply:client-6EDD19400D46->06a4573b-67a1-41e3-a350-f896363bc636@group-757E3781CD2A, cid=1724, SUCCESS, logIndex=2485, commits[06a4573b-67a1-41e3-a350-f896363bc636:c2486, 0b725bbf-683b-4664-9a2e-3c9dd6e38bc1:c2484, 9193e3b7-ae04-484d-a740-c65c11559486:c2484]
2019-08-24 07:08:28,477 [grpc-default-executor-2] INFO  client.GrpcClientProtocolClient (GrpcClientProtocolClient.java:onNext(255)) - client-6EDD19400D46->06a4573b-67a1-41e3-a350-f896363bc636: receive RaftClientReply:client-6EDD19400D46->06a4573b-67a1-41e3-a350-f896363bc636@group-757E3781CD2A, cid=1725, SUCCESS, logIndex=2486, commits[06a4573b-67a1-41e3-a350-f896363bc636:c2486, 0b725bbf-683b-4664-9a2e-3c9dd6e38bc1:c2484, 9193e3b7-ae04-484d-a740-c65c11559486:c2484]
2019-08-24 07:08:28,486 | INFO  | DNAudit | user=null | ip=null | op=WRITE_CHUNK {blockData=conID: 1 locID: 102670696997454339 bcsId: 2486} | ret=SUCCESS |  
2019-08-24 07:08:28,488 | INFO  | DNAudit | user=null | ip=null | op=WRITE_CHUNK {blockData=conID: 1 locID: 102670696997454339 bcsId: 2480} | ret=SUCCESS |  
2019-08-24 07:08:28,488 | INFO  | DNAudit | user=null | ip=null | op=WRITE_CHUNK {blockData=conID: 1 locID: 102670696997454339 bcsId: 2480} | ret=SUCCESS |  
2019-08-24 07:08:28,488 | INFO  | DNAudit | user=null | ip=null | op=PUT_BLOCK {blockData=[blockId=conID: 1 locID: 102670696997454339 bcsId: 0,size=3145728]} | ret=SUCCESS |  
2019-08-24 07:08:28,488 | INFO  | DNAudit | user=null | ip=null | op=PUT_BLOCK {blockData=[blockId=conID: 1 locID: 102670696997454339 bcsId: 0,size=3145728]} | ret=SUCCESS |  
2019-08-24 07:08:28,489 | INFO  | DNAudit | user=null | ip=null | op=WRITE_CHUNK {blockData=conID: 1 locID: 102670696997454339 bcsId: 2486} | ret=SUCCESS |  
2019-08-24 07:08:28,490 | INFO  | DNAudit | user=null | ip=null | op=WRITE_CHUNK {blockData=conID: 1 locID: 102670696997454339 bcsId: 2486} | ret=SUCCESS |  
2019-08-24 07:08:28,501 | INFO  | DNAudit | user=null | ip=null | op=WRITE_CHUNK {blockData=conID: 1 locID: 102670696997454339 bcsId: 2486} | ret=SUCCESS |  
2019-08-24 07:08:28,501 | INFO  | DNAudit | user=null | ip=null | op=PUT_BLOCK {blockData=[blockId=conID: 1 locID: 102670696997454339 bcsId: 0,size=4194304]} | ret=SUCCESS |  
2019-08-24 07:08:28,502 [grpc-default-executor-0] INFO  client.GrpcClientProtocolClient (GrpcClientProtocolClient.java:onNext(255)) - client-6EDD19400D46->06a4573b-67a1-41e3-a350-f896363bc636: receive RaftClientReply:client-6EDD19400D46->06a4573b-67a1-41e3-a350-f896363bc636@group-757E3781CD2A, cid=1726, SUCCESS, logIndex=2489, commits[06a4573b-67a1-41e3-a350-f896363bc636:c2490, 0b725bbf-683b-4664-9a2e-3c9dd6e38bc1:c2486, 9193e3b7-ae04-484d-a740-c65c11559486:c2486]
2019-08-24 07:08:28,502 [grpc-default-executor-0] INFO  client.GrpcClientProtocolClient (GrpcClientProtocolClient.java:onNext(255)) - client-6EDD19400D46->06a4573b-67a1-41e3-a350-f896363bc636: receive RaftClientReply:client-6EDD19400D46->06a4573b-67a1-41e3-a350-f896363bc636@group-757E3781CD2A, cid=1727, SUCCESS, logIndex=2490, commits[06a4573b-67a1-41e3-a350-f896363bc636:c2490, 0b725bbf-683b-4664-9a2e-3c9dd6e38bc1:c2486, 9193e3b7-ae04-484d-a740-c65c11559486:c2486]
2019-08-24 07:08:28,513 | INFO  | DNAudit | user=null | ip=null | op=WRITE_CHUNK {blockData=conID: 1 locID: 102670696997454339 bcsId: 2486} | ret=SUCCESS |  
2019-08-24 07:08:28,513 | INFO  | DNAudit | user=null | ip=null | op=PUT_BLOCK {blockData=[blockId=conID: 1 locID: 102670696997454339 bcsId: 0,size=4194304]} | ret=SUCCESS |  
2019-08-24 07:08:28,514 | INFO  | DNAudit | user=null | ip=null | op=WRITE_CHUNK {blockData=conID: 1 locID: 102670696997454339 bcsId: 2486} | ret=SUCCESS |  
2019-08-24 07:08:28,514 | INFO  | DNAudit | user=null | ip=null | op=PUT_BLOCK {blockData=[blockId=conID: 1 locID: 102670696997454339 bcsId: 0,size=4194304]} | ret=SUCCESS |  
2019-08-24 07:08:28,514 [grpc-default-executor-0] INFO  client.GrpcClientProtocolClient (GrpcClientProtocolClient.java:onNext(255)) - client-6EDD19400D46->06a4573b-67a1-41e3-a350-f896363bc636: receive RaftClientReply:client-6EDD19400D46->06a4573b-67a1-41e3-a350-f896363bc636@group-757E3781CD2A, cid=1728, SUCCESS, logIndex=0, commits[06a4573b-67a1-41e3-a350-f896363bc636:c2491, 0b725bbf-683b-4664-9a2e-3c9dd6e38bc1:c2490, 9193e3b7-ae04-484d-a740-c65c11559486:c2490]
2019-08-24 07:08:28,519 | INFO  | SCMAudit | user=jenkins1000 | ip=192.168.69.125 | op=ALLOCATE_BLOCK {owner=61bacca8-15b6-4a50-8962-5e9786b18b0d, size=4194304, type=RATIS, factor=THREE} | ret=SUCCESS |  
2019-08-24 07:08:28,522 | INFO  | OMAudit | user=jenkins1000 | ip=127.0.0.1 | op=ALLOCATE_BLOCK {volume=vol-0-26988, bucket=bucket-0-20739, key=key-0-27353, dataSize=0, replicationType=null, replicationFactor=null, keyLocationInfo=null, clientID=102670695851229586} | ret=SUCCESS |  
2019-08-24 07:08:28,530 | INFO  | DNAudit | user=null | ip=null | op=WRITE_CHUNK {blockData=conID: 2 locID: 102670697006301700 bcsId: 0} | ret=SUCCESS |  
2019-08-24 07:08:28,534 | INFO  | DNAudit | user=null | ip=null | op=WRITE_CHUNK {blockData=conID: 2 locID: 102670697006301700 bcsId: 0} | ret=SUCCESS |  
2019-08-24 07:08:28,535 | INFO  | DNAudit | user=null | ip=null | op=WRITE_CHUNK {blockData=conID: 2 locID: 102670697006301700 bcsId: 0} | ret=SUCCESS |  
2019-08-24 07:08:28,535 | INFO  | DNAudit | user=null | ip=null | op=WRITE_CHUNK {blockData=conID: 2 locID: 102670697006301700 bcsId: 0} | ret=SUCCESS |  
2019-08-24 07:08:28,538 | INFO  | DNAudit | user=null | ip=null | op=WRITE_CHUNK {blockData=conID: 2 locID: 102670697006301700 bcsId: 0} | ret=SUCCESS |  
2019-08-24 07:08:28,538 | INFO  | DNAudit | user=null | ip=null | op=WRITE_CHUNK {blockData=conID: 2 locID: 102670697006301700 bcsId: 0} | ret=SUCCESS |  
2019-08-24 07:08:28,544 | INFO  | DNAudit | user=null | ip=null | op=WRITE_CHUNK {blockData=conID: 2 locID: 102670697006301700 bcsId: 0} | ret=SUCCESS |  
2019-08-24 07:08:28,544 | INFO  | DNAudit | user=null | ip=null | op=PUT_BLOCK {blockData=[blockId=conID: 2 locID: 102670697006301700 bcsId: 0,size=1048576]} | ret=SUCCESS |  
2019-08-24 07:08:28,544 [grpc-default-executor-5] INFO  client.GrpcClientProtocolClient (GrpcClientProtocolClient.java:onNext(255)) - client-6EDD19400D46->06a4573b-67a1-41e3-a350-f896363bc636: receive RaftClientReply:client-6EDD19400D46->06a4573b-67a1-41e3-a350-f896363bc636@group-757E3781CD2A, cid=1729, SUCCESS, logIndex=2493, commits[06a4573b-67a1-41e3-a350-f896363bc636:c2496, 0b725bbf-683b-4664-9a2e-3c9dd6e38bc1:c2492, 9193e3b7-ae04-484d-a740-c65c11559486:c2492]
2019-08-24 07:08:28,545 | INFO  | DNAudit | user=null | ip=null | op=WRITE_CHUNK {blockData=conID: 2 locID: 102670697006301700 bcsId: 0} | ret=SUCCESS |  
2019-08-24 07:08:28,545 [grpc-default-executor-5] INFO  client.GrpcClientProtocolClient (GrpcClientProtocolClient.java:onNext(255)) - client-6EDD19400D46->06a4573b-67a1-41e3-a350-f896363bc636: receive RaftClientReply:client-6EDD19400D46->06a4573b-67a1-41e3-a350-f896363bc636@group-757E3781CD2A, cid=1730, SUCCESS, logIndex=2494, commits[06a4573b-67a1-41e3-a350-f896363bc636:c2496, 0b725bbf-683b-4664-9a2e-3c9dd6e38bc1:c2492, 9193e3b7-ae04-484d-a740-c65c11559486:c2492]
2019-08-24 07:08:28,545 | INFO  | DNAudit | user=null | ip=null | op=PUT_BLOCK {blockData=[blockId=conID: 2 locID: 102670697006301700 bcsId: 0,size=2097152]} | ret=SUCCESS |  
2019-08-24 07:08:28,545 [grpc-default-executor-5] INFO  client.GrpcClientProtocolClient (GrpcClientProtocolClient.java:onNext(255)) - client-6EDD19400D46->06a4573b-67a1-41e3-a350-f896363bc636: receive RaftClientReply:client-6EDD19400D46->06a4573b-67a1-41e3-a350-f896363bc636@group-757E3781CD2A, cid=1731, SUCCESS, logIndex=2495, commits[06a4573b-67a1-41e3-a350-f896363bc636:c2496, 0b725bbf-683b-4664-9a2e-3c9dd6e38bc1:c2492, 9193e3b7-ae04-484d-a740-c65c11559486:c2492]
2019-08-24 07:08:28,546 [grpc-default-executor-5] INFO  client.GrpcClientProtocolClient (GrpcClientProtocolClient.java:onNext(255)) - client-6EDD19400D46->06a4573b-67a1-41e3-a350-f896363bc636: receive RaftClientReply:client-6EDD19400D46->06a4573b-67a1-41e3-a350-f896363bc636@group-757E3781CD2A, cid=1732, SUCCESS, logIndex=2496, commits[06a4573b-67a1-41e3-a350-f896363bc636:c2496, 0b725bbf-683b-4664-9a2e-3c9dd6e38bc1:c2492, 9193e3b7-ae04-484d-a740-c65c11559486:c2492]
2019-08-24 07:08:28,555 | INFO  | DNAudit | user=null | ip=null | op=WRITE_CHUNK {blockData=conID: 2 locID: 102670697006301700 bcsId: 0} | ret=SUCCESS |  
2019-08-24 07:08:28,556 | INFO  | DNAudit | user=null | ip=null | op=WRITE_CHUNK {blockData=conID: 2 locID: 102670697006301700 bcsId: 0} | ret=SUCCESS |  
2019-08-24 07:08:28,556 | INFO  | DNAudit | user=null | ip=null | op=PUT_BLOCK {blockData=[blockId=conID: 2 locID: 102670697006301700 bcsId: 0,size=1048576]} | ret=SUCCESS |  
2019-08-24 07:08:28,556 | INFO  | DNAudit | user=null | ip=null | op=PUT_BLOCK {blockData=[blockId=conID: 2 locID: 102670697006301700 bcsId: 0,size=1048576]} | ret=SUCCESS |  
2019-08-24 07:08:28,556 [grpc-default-executor-5] INFO  client.GrpcClientProtocolClient (GrpcClientProtocolClient.java:onNext(255)) - client-6EDD19400D46->06a4573b-67a1-41e3-a350-f896363bc636: receive RaftClientReply:client-6EDD19400D46->06a4573b-67a1-41e3-a350-f896363bc636@group-757E3781CD2A, cid=1733, SUCCESS, logIndex=0, commits[06a4573b-67a1-41e3-a350-f896363bc636:c2497, 0b725bbf-683b-4664-9a2e-3c9dd6e38bc1:c2494, 9193e3b7-ae04-484d-a740-c65c11559486:c2494]
2019-08-24 07:08:28,558 | INFO  | DNAudit | user=null | ip=null | op=WRITE_CHUNK {blockData=conID: 2 locID: 102670697006301700 bcsId: 0} | ret=SUCCESS |  
2019-08-24 07:08:28,559 | INFO  | DNAudit | user=null | ip=null | op=PUT_BLOCK {blockData=[blockId=conID: 2 locID: 102670697006301700 bcsId: 0,size=2097152]} | ret=SUCCESS |  
2019-08-24 07:08:28,559 | INFO  | DNAudit | user=null | ip=null | op=WRITE_CHUNK {blockData=conID: 2 locID: 102670697006301700 bcsId: 0} | ret=SUCCESS |  
2019-08-24 07:08:28,559 | INFO  | DNAudit | user=null | ip=null | op=PUT_BLOCK {blockData=[blockId=conID: 2 locID: 102670697006301700 bcsId: 0,size=2097152]} | ret=SUCCESS |  
2019-08-24 07:08:28,564 | INFO  | DNAudit | user=null | ip=null | op=WRITE_CHUNK {blockData=conID: 2 locID: 102670697006301700 bcsId: 2496} | ret=SUCCESS |  
2019-08-24 07:08:28,567 | INFO  | DNAudit | user=null | ip=null | op=WRITE_CHUNK {blockData=conID: 2 locID: 102670697006301700 bcsId: 2496} | ret=SUCCESS |  
2019-08-24 07:08:28,569 | INFO  | DNAudit | user=null | ip=null | op=WRITE_CHUNK {blockData=conID: 2 locID: 102670697006301700 bcsId: 2496} | ret=SUCCESS |  
2019-08-24 07:08:28,577 | INFO  | DNAudit | user=null | ip=null | op=WRITE_CHUNK {blockData=conID: 2 locID: 102670697006301700 bcsId: 2496} | ret=SUCCESS |  
2019-08-24 07:08:28,578 | INFO  | DNAudit | user=null | ip=null | op=PUT_BLOCK {blockData=[blockId=conID: 2 locID: 102670697006301700 bcsId: 0,size=3145728]} | ret=SUCCESS |  
2019-08-24 07:08:28,578 [grpc-default-executor-0] INFO  client.GrpcClientProtocolClient (GrpcClientProtocolClient.java:onNext(255)) - client-6EDD19400D46->06a4573b-67a1-41e3-a350-f896363bc636: receive RaftClientReply:client-6EDD19400D46->06a4573b-67a1-41e3-a350-f896363bc636@group-757E3781CD2A, cid=1734, SUCCESS, logIndex=2501, commits[06a4573b-67a1-41e3-a350-f896363bc636:c2502, 0b725bbf-683b-4664-9a2e-3c9dd6e38bc1:c2500, 9193e3b7-ae04-484d-a740-c65c11559486:c2500]
2019-08-24 07:08:28,578 [grpc-default-executor-0] INFO  client.GrpcClientProtocolClient (GrpcClientProtocolClient.java:onNext(255)) - client-6EDD19400D46->06a4573b-67a1-41e3-a350-f896363bc636: receive RaftClientReply:client-6EDD19400D46->06a4573b-67a1-41e3-a350-f896363bc636@group-757E3781CD2A, cid=1735, SUCCESS, logIndex=2502, commits[06a4573b-67a1-41e3-a350-f896363bc636:c2502, 0b725bbf-683b-4664-9a2e-3c9dd6e38bc1:c2500, 9193e3b7-ae04-484d-a740-c65c11559486:c2500]
2019-08-24 07:08:28,585 | INFO  | DNAudit | user=null | ip=null | op=WRITE_CHUNK {blockData=conID: 2 locID: 102670697006301700 bcsId: 2502} | ret=SUCCESS |  
2019-08-24 07:08:28,589 | INFO  | DNAudit | user=null | ip=null | op=WRITE_CHUNK {blockData=conID: 2 locID: 102670697006301700 bcsId: 2496} | ret=SUCCESS |  
2019-08-24 07:08:28,589 | INFO  | DNAudit | user=null | ip=null | op=WRITE_CHUNK {blockData=conID: 2 locID: 102670697006301700 bcsId: 2502} | ret=SUCCESS |  
2019-08-24 07:08:28,589 | INFO  | DNAudit | user=null | ip=null | op=WRITE_CHUNK {blockData=conID: 2 locID: 102670697006301700 bcsId: 2496} | ret=SUCCESS |  
2019-08-24 07:08:28,589 | INFO  | DNAudit | user=null | ip=null | op=WRITE_CHUNK {blockData=conID: 2 locID: 102670697006301700 bcsId: 2502} | ret=SUCCESS |  
2019-08-24 07:08:28,590 | INFO  | DNAudit | user=null | ip=null | op=PUT_BLOCK {blockData=[blockId=conID: 2 locID: 102670697006301700 bcsId: 0,size=3145728]} | ret=SUCCESS |  
2019-08-24 07:08:28,590 | INFO  | DNAudit | user=null | ip=null | op=WRITE_CHUNK {blockData=conID: 2 locID: 102670697006301700 bcsId: 2502} | ret=SUCCESS |  
2019-08-24 07:08:28,591 | INFO  | DNAudit | user=null | ip=null | op=PUT_BLOCK {blockData=[blockId=conID: 2 locID: 102670697006301700 bcsId: 0,size=3145728]} | ret=SUCCESS |  
2019-08-24 07:08:28,591 | INFO  | DNAudit | user=null | ip=null | op=PUT_BLOCK {blockData=[blockId=conID: 2 locID: 102670697006301700 bcsId: 0,size=4194304]} | ret=SUCCESS |  
2019-08-24 07:08:28,591 [grpc-default-executor-2] INFO  client.GrpcClientProtocolClient (GrpcClientProtocolClient.java:onNext(255)) - client-6EDD19400D46->06a4573b-67a1-41e3-a350-f896363bc636: receive RaftClientReply:client-6EDD19400D46->06a4573b-67a1-41e3-a350-f896363bc636@group-757E3781CD2A, cid=1736, SUCCESS, logIndex=2505, commits[06a4573b-67a1-41e3-a350-f896363bc636:c2506, 0b725bbf-683b-4664-9a2e-3c9dd6e38bc1:c2501, 9193e3b7-ae04-484d-a740-c65c11559486:c2502]
2019-08-24 07:08:28,592 [grpc-default-executor-2] INFO  client.GrpcClientProtocolClient (GrpcClientProtocolClient.java:onNext(255)) - client-6EDD19400D46->06a4573b-67a1-41e3-a350-f896363bc636: receive RaftClientReply:client-6EDD19400D46->06a4573b-67a1-41e3-a350-f896363bc636@group-757E3781CD2A, cid=1737, SUCCESS, logIndex=2506, commits[06a4573b-67a1-41e3-a350-f896363bc636:c2506, 0b725bbf-683b-4664-9a2e-3c9dd6e38bc1:c2502, 9193e3b7-ae04-484d-a740-c65c11559486:c2502]
2019-08-24 07:08:28,594 | INFO  | DNAudit | user=null | ip=null | op=WRITE_CHUNK {blockData=conID: 2 locID: 102670697006301700 bcsId: 2502} | ret=SUCCESS |  
2019-08-24 07:08:28,594 | INFO  | DNAudit | user=null | ip=null | op=WRITE_CHUNK {blockData=conID: 2 locID: 102670697006301700 bcsId: 2502} | ret=SUCCESS |  
2019-08-24 07:08:28,594 | INFO  | DNAudit | user=null | ip=null | op=PUT_BLOCK {blockData=[blockId=conID: 2 locID: 102670697006301700 bcsId: 0,size=4194304]} | ret=SUCCESS |  
2019-08-24 07:08:28,594 | INFO  | DNAudit | user=null | ip=null | op=PUT_BLOCK {blockData=[blockId=conID: 2 locID: 102670697006301700 bcsId: 0,size=4194304]} | ret=SUCCESS |  
2019-08-24 07:08:28,594 [grpc-default-executor-2] INFO  client.GrpcClientProtocolClient (GrpcClientProtocolClient.java:onNext(255)) - client-6EDD19400D46->06a4573b-67a1-41e3-a350-f896363bc636: receive RaftClientReply:client-6EDD19400D46->06a4573b-67a1-41e3-a350-f896363bc636@group-757E3781CD2A, cid=1738, SUCCESS, logIndex=0, commits[06a4573b-67a1-41e3-a350-f896363bc636:c2507, 0b725bbf-683b-4664-9a2e-3c9dd6e38bc1:c2506, 9193e3b7-ae04-484d-a740-c65c11559486:c2506]
2019-08-24 07:08:28,600 | INFO  | SCMAudit | user=jenkins1000 | ip=192.168.69.125 | op=ALLOCATE_BLOCK {owner=61bacca8-15b6-4a50-8962-5e9786b18b0d, size=4194304, type=RATIS, factor=THREE} | ret=SUCCESS |  
2019-08-24 07:08:28,604 | INFO  | OMAudit | user=jenkins1000 | ip=127.0.0.1 | op=ALLOCATE_BLOCK {volume=vol-0-26988, bucket=bucket-0-20739, key=key-0-27353, dataSize=0, replicationType=null, replicationFactor=null, keyLocationInfo=null, clientID=102670695851229586} | ret=SUCCESS |  
2019-08-24 07:08:28,612 | INFO  | DNAudit | user=null | ip=null | op=WRITE_CHUNK {blockData=conID: 3 locID: 102670697011610117 bcsId: 0} | ret=SUCCESS |  
2019-08-24 07:08:28,615 | INFO  | DNAudit | user=null | ip=null | op=WRITE_CHUNK {blockData=conID: 3 locID: 102670697011610117 bcsId: 0} | ret=SUCCESS |  
2019-08-24 07:08:28,615 | INFO  | DNAudit | user=null | ip=null | op=WRITE_CHUNK {blockData=conID: 3 locID: 102670697011610117 bcsId: 0} | ret=SUCCESS |  
2019-08-24 07:08:28,615 | INFO  | DNAudit | user=null | ip=null | op=WRITE_CHUNK {blockData=conID: 3 locID: 102670697011610117 bcsId: 0} | ret=SUCCESS |  
2019-08-24 07:08:28,618 | INFO  | DNAudit | user=null | ip=null | op=WRITE_CHUNK {blockData=conID: 3 locID: 102670697011610117 bcsId: 0} | ret=SUCCESS |  
2019-08-24 07:08:28,618 | INFO  | DNAudit | user=null | ip=null | op=WRITE_CHUNK {blockData=conID: 3 locID: 102670697011610117 bcsId: 0} | ret=SUCCESS |  
2019-08-24 07:08:28,624 | INFO  | DNAudit | user=null | ip=null | op=WRITE_CHUNK {blockData=conID: 3 locID: 102670697011610117 bcsId: 0} | ret=SUCCESS |  
2019-08-24 07:08:28,624 | INFO  | DNAudit | user=null | ip=null | op=PUT_BLOCK {blockData=[blockId=conID: 3 locID: 102670697011610117 bcsId: 0,size=1048576]} | ret=SUCCESS |  
2019-08-24 07:08:28,624 [grpc-default-executor-0] INFO  client.GrpcClientProtocolClient (GrpcClientProtocolClient.java:onNext(255)) - client-6EDD19400D46->06a4573b-67a1-41e3-a350-f896363bc636: receive RaftClientReply:client-6EDD19400D46->06a4573b-67a1-41e3-a350-f896363bc636@group-757E3781CD2A, cid=1739, SUCCESS, logIndex=2509, commits[06a4573b-67a1-41e3-a350-f896363bc636:c2511, 0b725bbf-683b-4664-9a2e-3c9dd6e38bc1:c2508, 9193e3b7-ae04-484d-a740-c65c11559486:c2508]
2019-08-24 07:08:28,625 | INFO  | DNAudit | user=null | ip=null | op=WRITE_CHUNK {blockData=conID: 3 locID: 102670697011610117 bcsId: 0} | ret=SUCCESS |  
2019-08-24 07:08:28,625 | INFO  | DNAudit | user=null | ip=null | op=WRITE_CHUNK {blockData=conID: 3 locID: 102670697011610117 bcsId: 0} | ret=SUCCESS |  
2019-08-24 07:08:28,625 [grpc-default-executor-5] INFO  client.GrpcClientProtocolClient (GrpcClientProtocolClient.java:onNext(255)) - client-6EDD19400D46->06a4573b-67a1-41e3-a350-f896363bc636: receive RaftClientReply:client-6EDD19400D46->06a4573b-67a1-41e3-a350-f896363bc636@group-757E3781CD2A, cid=1740, SUCCESS, logIndex=2510, commits[06a4573b-67a1-41e3-a350-f896363bc636:c2512, 0b725bbf-683b-4664-9a2e-3c9dd6e38bc1:c2508, 9193e3b7-ae04-484d-a740-c65c11559486:c2508]
2019-08-24 07:08:28,625 | INFO  | DNAudit | user=null | ip=null | op=PUT_BLOCK {blockData=[blockId=conID: 3 locID: 102670697011610117 bcsId: 0,size=2097152]} | ret=SUCCESS |  
2019-08-24 07:08:28,625 [grpc-default-executor-5] INFO  client.GrpcClientProtocolClient (GrpcClientProtocolClient.java:onNext(255)) - client-6EDD19400D46->06a4573b-67a1-41e3-a350-f896363bc636: receive RaftClientReply:client-6EDD19400D46->06a4573b-67a1-41e3-a350-f896363bc636@group-757E3781CD2A, cid=1741, SUCCESS, logIndex=2511, commits[06a4573b-67a1-41e3-a350-f896363bc636:c2512, 0b725bbf-683b-4664-9a2e-3c9dd6e38bc1:c2508, 9193e3b7-ae04-484d-a740-c65c11559486:c2508]
2019-08-24 07:08:28,626 [grpc-default-executor-5] INFO  client.GrpcClientProtocolClient (GrpcClientProtocolClient.java:onNext(255)) - client-6EDD19400D46->06a4573b-67a1-41e3-a350-f896363bc636: receive RaftClientReply:client-6EDD19400D46->06a4573b-67a1-41e3-a350-f896363bc636@group-757E3781CD2A, cid=1742, SUCCESS, logIndex=2512, commits[06a4573b-67a1-41e3-a350-f896363bc636:c2513, 0b725bbf-683b-4664-9a2e-3c9dd6e38bc1:c2508, 9193e3b7-ae04-484d-a740-c65c11559486:c2509]
2019-08-24 07:08:28,626 | INFO  | DNAudit | user=null | ip=null | op=PUT_BLOCK {blockData=[blockId=conID: 3 locID: 102670697011610117 bcsId: 0,size=1048576]} | ret=SUCCESS |  
2019-08-24 07:08:28,626 | INFO  | DNAudit | user=null | ip=null | op=WRITE_CHUNK {blockData=conID: 3 locID: 102670697011610117 bcsId: 0} | ret=SUCCESS |  
2019-08-24 07:08:28,627 | INFO  | DNAudit | user=null | ip=null | op=PUT_BLOCK {blockData=[blockId=conID: 3 locID: 102670697011610117 bcsId: 0,size=2097152]} | ret=SUCCESS |  
2019-08-24 07:08:28,629 | INFO  | DNAudit | user=null | ip=null | op=WRITE_CHUNK {blockData=conID: 3 locID: 102670697011610117 bcsId: 0} | ret=SUCCESS |  
2019-08-24 07:08:28,629 | INFO  | DNAudit | user=null | ip=null | op=PUT_BLOCK {blockData=[blockId=conID: 3 locID: 102670697011610117 bcsId: 0,size=1048576]} | ret=SUCCESS |  
2019-08-24 07:08:28,629 | INFO  | DNAudit | user=null | ip=null | op=WRITE_CHUNK {blockData=conID: 3 locID: 102670697011610117 bcsId: 0} | ret=SUCCESS |  
2019-08-24 07:08:28,629 | INFO  | DNAudit | user=null | ip=null | op=PUT_BLOCK {blockData=[blockId=conID: 3 locID: 102670697011610117 bcsId: 0,size=2097152]} | ret=SUCCESS |  
2019-08-24 07:08:28,629 [grpc-default-executor-0] INFO  client.GrpcClientProtocolClient (GrpcClientProtocolClient.java:onNext(255)) - client-6EDD19400D46->06a4573b-67a1-41e3-a350-f896363bc636: receive RaftClientReply:client-6EDD19400D46->06a4573b-67a1-41e3-a350-f896363bc636@group-757E3781CD2A, cid=1743, SUCCESS, logIndex=0, commits[06a4573b-67a1-41e3-a350-f896363bc636:c2516, 0b725bbf-683b-4664-9a2e-3c9dd6e38bc1:c2510, 9193e3b7-ae04-484d-a740-c65c11559486:c2512]
2019-08-24 07:08:28,638 | INFO  | DNAudit | user=null | ip=null | op=WRITE_CHUNK {blockData=conID: 3 locID: 102670697011610117 bcsId: 2512} | ret=SUCCESS |  
2019-08-24 07:08:28,639 | INFO  | DNAudit | user=null | ip=null | op=WRITE_CHUNK {blockData=conID: 3 locID: 102670697011610117 bcsId: 2512} | ret=SUCCESS |  
2019-08-24 07:08:28,639 | INFO  | DNAudit | user=null | ip=null | op=WRITE_CHUNK {blockData=conID: 3 locID: 102670697011610117 bcsId: 2512} | ret=SUCCESS |  
2019-08-24 07:08:28,652 | INFO  | DNAudit | user=null | ip=null | op=WRITE_CHUNK {blockData=conID: 3 locID: 102670697011610117 bcsId: 2512} | ret=SUCCESS |  
2019-08-24 07:08:28,652 | INFO  | DNAudit | user=null | ip=null | op=PUT_BLOCK {blockData=[blockId=conID: 3 locID: 102670697011610117 bcsId: 0,size=3145728]} | ret=SUCCESS |  
2019-08-24 07:08:28,652 [grpc-default-executor-0] INFO  client.GrpcClientProtocolClient (GrpcClientProtocolClient.java:onNext(255)) - client-6EDD19400D46->06a4573b-67a1-41e3-a350-f896363bc636: receive RaftClientReply:client-6EDD19400D46->06a4573b-67a1-41e3-a350-f896363bc636@group-757E3781CD2A, cid=1744, SUCCESS, logIndex=2517, commits[06a4573b-67a1-41e3-a350-f896363bc636:c2518, 0b725bbf-683b-4664-9a2e-3c9dd6e38bc1:c2516, 9193e3b7-ae04-484d-a740-c65c11559486:c2516]
2019-08-24 07:08:28,653 [grpc-default-executor-0] INFO  client.GrpcClientProtocolClient (GrpcClientProtocolClient.java:onNext(255)) - client-6EDD19400D46->06a4573b-67a1-41e3-a350-f896363bc636: receive RaftClientReply:client-6EDD19400D46->06a4573b-67a1-41e3-a350-f896363bc636@group-757E3781CD2A, cid=1745, SUCCESS, logIndex=2518, commits[06a4573b-67a1-41e3-a350-f896363bc636:c2518, 0b725bbf-683b-4664-9a2e-3c9dd6e38bc1:c2516, 9193e3b7-ae04-484d-a740-c65c11559486:c2516]
2019-08-24 07:08:28,661 | INFO  | DNAudit | user=null | ip=null | op=WRITE_CHUNK {blockData=conID: 3 locID: 102670697011610117 bcsId: 2518} | ret=SUCCESS |  
2019-08-24 07:08:28,663 | INFO  | DNAudit | user=null | ip=null | op=WRITE_CHUNK {blockData=conID: 3 locID: 102670697011610117 bcsId: 2518} | ret=SUCCESS |  
2019-08-24 07:08:28,663 | INFO  | DNAudit | user=null | ip=null | op=WRITE_CHUNK {blockData=conID: 3 locID: 102670697011610117 bcsId: 2518} | ret=SUCCESS |  
2019-08-24 07:08:28,673 | INFO  | DNAudit | user=null | ip=null | op=WRITE_CHUNK {blockData=conID: 3 locID: 102670697011610117 bcsId: 2512} | ret=SUCCESS |  
2019-08-24 07:08:28,673 | INFO  | DNAudit | user=null | ip=null | op=WRITE_CHUNK {blockData=conID: 3 locID: 102670697011610117 bcsId: 2512} | ret=SUCCESS |  
2019-08-24 07:08:28,674 | INFO  | DNAudit | user=null | ip=null | op=PUT_BLOCK {blockData=[blockId=conID: 3 locID: 102670697011610117 bcsId: 0,size=3145728]} | ret=SUCCESS |  
2019-08-24 07:08:28,674 | INFO  | DNAudit | user=null | ip=null | op=PUT_BLOCK {blockData=[blockId=conID: 3 locID: 102670697011610117 bcsId: 0,size=3145728]} | ret=SUCCESS |  
2019-08-24 07:08:28,675 | INFO  | DNAudit | user=null | ip=null | op=WRITE_CHUNK {blockData=conID: 3 locID: 102670697011610117 bcsId: 2518} | ret=SUCCESS |  
2019-08-24 07:08:28,675 | INFO  | DNAudit | user=null | ip=null | op=PUT_BLOCK {blockData=[blockId=conID: 3 locID: 102670697011610117 bcsId: 0,size=4194304]} | ret=SUCCESS |  
2019-08-24 07:08:28,676 [grpc-default-executor-2] INFO  client.GrpcClientProtocolClient (GrpcClientProtocolClient.java:onNext(255)) - client-6EDD19400D46->06a4573b-67a1-41e3-a350-f896363bc636: receive RaftClientReply:client-6EDD19400D46->06a4573b-67a1-41e3-a350-f896363bc636@group-757E3781CD2A, cid=1746, SUCCESS, logIndex=2521, commits[06a4573b-67a1-41e3-a350-f896363bc636:c2522, 0b725bbf-683b-4664-9a2e-3c9dd6e38bc1:c2518, 9193e3b7-ae04-484d-a740-c65c11559486:c2518]
2019-08-24 07:08:28,676 [grpc-default-executor-2] INFO  client.GrpcClientProtocolClient (GrpcClientProtocolClient.java:onNext(255)) - client-6EDD19400D46->06a4573b-67a1-41e3-a350-f896363bc636: receive RaftClientReply:client-6EDD19400D46->06a4573b-67a1-41e3-a350-f896363bc636@group-757E3781CD2A, cid=1747, SUCCESS, logIndex=2522, commits[06a4573b-67a1-41e3-a350-f896363bc636:c2522, 0b725bbf-683b-4664-9a2e-3c9dd6e38bc1:c2518, 9193e3b7-ae04-484d-a740-c65c11559486:c2518]
2019-08-24 07:08:28,686 | INFO  | DNAudit | user=null | ip=null | op=WRITE_CHUNK {blockData=conID: 3 locID: 102670697011610117 bcsId: 2518} | ret=SUCCESS |  
2019-08-24 07:08:28,687 | INFO  | DNAudit | user=null | ip=null | op=WRITE_CHUNK {blockData=conID: 3 locID: 102670697011610117 bcsId: 2518} | ret=SUCCESS |  
2019-08-24 07:08:28,687 | INFO  | DNAudit | user=null | ip=null | op=PUT_BLOCK {blockData=[blockId=conID: 3 locID: 102670697011610117 bcsId: 0,size=4194304]} | ret=SUCCESS |  
2019-08-24 07:08:28,690 | INFO  | DNAudit | user=null | ip=null | op=PUT_BLOCK {blockData=[blockId=conID: 3 locID: 102670697011610117 bcsId: 0,size=4194304]} | ret=SUCCESS |  
2019-08-24 07:08:28,690 [grpc-default-executor-2] INFO  client.GrpcClientProtocolClient (GrpcClientProtocolClient.java:onNext(255)) - client-6EDD19400D46->06a4573b-67a1-41e3-a350-f896363bc636: receive RaftClientReply:client-6EDD19400D46->06a4573b-67a1-41e3-a350-f896363bc636@group-757E3781CD2A, cid=1748, SUCCESS, logIndex=0, commits[06a4573b-67a1-41e3-a350-f896363bc636:c2524, 0b725bbf-683b-4664-9a2e-3c9dd6e38bc1:c2522, 9193e3b7-ae04-484d-a740-c65c11559486:c2522]
2019-08-24 07:08:28,695 | INFO  | SCMAudit | user=jenkins1000 | ip=192.168.69.125 | op=ALLOCATE_BLOCK {owner=61bacca8-15b6-4a50-8962-5e9786b18b0d, size=4194304, type=RATIS, factor=THREE} | ret=SUCCESS |  
2019-08-24 07:08:28,699 | INFO  | OMAudit | user=jenkins1000 | ip=127.0.0.1 | op=ALLOCATE_BLOCK {volume=vol-0-26988, bucket=bucket-0-20739, key=key-0-27353, dataSize=0, replicationType=null, replicationFactor=null, keyLocationInfo=null, clientID=102670695851229586} | ret=SUCCESS |  
2019-08-24 07:08:28,707 | INFO  | DNAudit | user=null | ip=null | op=WRITE_CHUNK {blockData=conID: 1 locID: 102670697017836038 bcsId: 0} | ret=SUCCESS |  
2019-08-24 07:08:28,710 | INFO  | DNAudit | user=null | ip=null | op=WRITE_CHUNK {blockData=conID: 1 locID: 102670697017836038 bcsId: 0} | ret=SUCCESS |  
2019-08-24 07:08:28,711 | INFO  | DNAudit | user=null | ip=null | op=WRITE_CHUNK {blockData=conID: 1 locID: 102670697017836038 bcsId: 0} | ret=SUCCESS |  
2019-08-24 07:08:28,711 | INFO  | DNAudit | user=null | ip=null | op=WRITE_CHUNK {blockData=conID: 1 locID: 102670697017836038 bcsId: 0} | ret=SUCCESS |  
2019-08-24 07:08:28,714 | INFO  | DNAudit | user=null | ip=null | op=WRITE_CHUNK {blockData=conID: 1 locID: 102670697017836038 bcsId: 0} | ret=SUCCESS |  
2019-08-24 07:08:28,714 | INFO  | DNAudit | user=null | ip=null | op=WRITE_CHUNK {blockData=conID: 1 locID: 102670697017836038 bcsId: 0} | ret=SUCCESS |  
2019-08-24 07:08:28,720 | INFO  | DNAudit | user=null | ip=null | op=WRITE_CHUNK {blockData=conID: 1 locID: 102670697017836038 bcsId: 0} | ret=SUCCESS |  
2019-08-24 07:08:28,721 | INFO  | DNAudit | user=null | ip=null | op=PUT_BLOCK {blockData=[blockId=conID: 1 locID: 102670697017836038 bcsId: 0,size=1048576]} | ret=SUCCESS |  
2019-08-24 07:08:28,721 [grpc-default-executor-0] INFO  client.GrpcClientProtocolClient (GrpcClientProtocolClient.java:onNext(255)) - client-6EDD19400D46->06a4573b-67a1-41e3-a350-f896363bc636: receive RaftClientReply:client-6EDD19400D46->06a4573b-67a1-41e3-a350-f896363bc636@group-757E3781CD2A, cid=1749, SUCCESS, logIndex=2525, commits[06a4573b-67a1-41e3-a350-f896363bc636:c2526, 0b725bbf-683b-4664-9a2e-3c9dd6e38bc1:c2524, 9193e3b7-ae04-484d-a740-c65c11559486:c2524]
2019-08-24 07:08:28,721 | INFO  | DNAudit | user=null | ip=null | op=WRITE_CHUNK {blockData=conID: 1 locID: 102670697017836038 bcsId: 0} | ret=SUCCESS |  
2019-08-24 07:08:28,721 | INFO  | DNAudit | user=null | ip=null | op=PUT_BLOCK {blockData=[blockId=conID: 1 locID: 102670697017836038 bcsId: 0,size=2097152]} | ret=SUCCESS |  
2019-08-24 07:08:28,722 | INFO  | DNAudit | user=null | ip=null | op=WRITE_CHUNK {blockData=conID: 1 locID: 102670697017836038 bcsId: 0} | ret=SUCCESS |  
2019-08-24 07:08:28,722 | INFO  | DNAudit | user=null | ip=null | op=WRITE_CHUNK {blockData=conID: 1 locID: 102670697017836038 bcsId: 0} | ret=SUCCESS |  
2019-08-24 07:08:28,722 [grpc-default-executor-0] INFO  client.GrpcClientProtocolClient (GrpcClientProtocolClient.java:onNext(255)) - client-6EDD19400D46->06a4573b-67a1-41e3-a350-f896363bc636: receive RaftClientReply:client-6EDD19400D46->06a4573b-67a1-41e3-a350-f896363bc636@group-757E3781CD2A, cid=1750, SUCCESS, logIndex=2526, commits[06a4573b-67a1-41e3-a350-f896363bc636:c2528, 0b725bbf-683b-4664-9a2e-3c9dd6e38bc1:c2524, 9193e3b7-ae04-484d-a740-c65c11559486:c2524]
2019-08-24 07:08:28,722 [grpc-default-executor-0] INFO  client.GrpcClientProtocolClient (GrpcClientProtocolClient.java:onNext(255)) - client-6EDD19400D46->06a4573b-67a1-41e3-a350-f896363bc636: receive RaftClientReply:client-6EDD19400D46->06a4573b-67a1-41e3-a350-f896363bc636@group-757E3781CD2A, cid=1751, SUCCESS, logIndex=2527, commits[06a4573b-67a1-41e3-a350-f896363bc636:c2528, 0b725bbf-683b-4664-9a2e-3c9dd6e38bc1:c2524, 9193e3b7-ae04-484d-a740-c65c11559486:c2524]
2019-08-24 07:08:28,722 | INFO  | DNAudit | user=null | ip=null | op=PUT_BLOCK {blockData=[blockId=conID: 1 locID: 102670697017836038 bcsId: 0,size=1048576]} | ret=SUCCESS |  
2019-08-24 07:08:28,723 [grpc-default-executor-0] INFO  client.GrpcClientProtocolClient (GrpcClientProtocolClient.java:onNext(255)) - client-6EDD19400D46->06a4573b-67a1-41e3-a350-f896363bc636: receive RaftClientReply:client-6EDD19400D46->06a4573b-67a1-41e3-a350-f896363bc636@group-757E3781CD2A, cid=1752, SUCCESS, logIndex=2528, commits[06a4573b-67a1-41e3-a350-f896363bc636:c2528, 0b725bbf-683b-4664-9a2e-3c9dd6e38bc1:c2524, 9193e3b7-ae04-484d-a740-c65c11559486:c2524]
2019-08-24 07:08:28,723 | INFO  | DNAudit | user=null | ip=null | op=PUT_BLOCK {blockData=[blockId=conID: 1 locID: 102670697017836038 bcsId: 0,size=1048576]} | ret=SUCCESS |  
2019-08-24 07:08:28,723 | INFO  | DNAudit | user=null | ip=null | op=WRITE_CHUNK {blockData=conID: 1 locID: 102670697017836038 bcsId: 0} | ret=SUCCESS |  
2019-08-24 07:08:28,724 | INFO  | DNAudit | user=null | ip=null | op=PUT_BLOCK {blockData=[blockId=conID: 1 locID: 102670697017836038 bcsId: 0,size=2097152]} | ret=SUCCESS |  
2019-08-24 07:08:28,724 [grpc-default-executor-0] INFO  client.GrpcClientProtocolClient (GrpcClientProtocolClient.java:onNext(255)) - client-6EDD19400D46->06a4573b-67a1-41e3-a350-f896363bc636: receive RaftClientReply:client-6EDD19400D46->06a4573b-67a1-41e3-a350-f896363bc636@group-757E3781CD2A, cid=1753, SUCCESS, logIndex=0, commits[06a4573b-67a1-41e3-a350-f896363bc636:c2530, 0b725bbf-683b-4664-9a2e-3c9dd6e38bc1:c2526, 9193e3b7-ae04-484d-a740-c65c11559486:c2526]
2019-08-24 07:08:28,724 | INFO  | DNAudit | user=null | ip=null | op=WRITE_CHUNK {blockData=conID: 1 locID: 102670697017836038 bcsId: 0} | ret=SUCCESS |  
2019-08-24 07:08:28,724 | INFO  | DNAudit | user=null | ip=null | op=PUT_BLOCK {blockData=[blockId=conID: 1 locID: 102670697017836038 bcsId: 0,size=2097152]} | ret=SUCCESS |  
2019-08-24 07:08:28,731 | INFO  | DNAudit | user=null | ip=null | op=WRITE_CHUNK {blockData=conID: 1 locID: 102670697017836038 bcsId: 2528} | ret=SUCCESS |  
2019-08-24 07:08:28,733 | INFO  | DNAudit | user=null | ip=null | op=WRITE_CHUNK {blockData=conID: 1 locID: 102670697017836038 bcsId: 2528} | ret=SUCCESS |  
2019-08-24 07:08:28,734 | INFO  | DNAudit | user=null | ip=null | op=WRITE_CHUNK {blockData=conID: 1 locID: 102670697017836038 bcsId: 2528} | ret=SUCCESS |  
2019-08-24 07:08:28,744 | INFO  | DNAudit | user=null | ip=null | op=WRITE_CHUNK {blockData=conID: 1 locID: 102670697017836038 bcsId: 2528} | ret=SUCCESS |  
2019-08-24 07:08:28,744 | INFO  | DNAudit | user=null | ip=null | op=PUT_BLOCK {blockData=[blockId=conID: 1 locID: 102670697017836038 bcsId: 0,size=3145728]} | ret=SUCCESS |  
2019-08-24 07:08:28,744 [grpc-default-executor-0] INFO  client.GrpcClientProtocolClient (GrpcClientProtocolClient.java:onNext(255)) - client-6EDD19400D46->06a4573b-67a1-41e3-a350-f896363bc636: receive RaftClientReply:client-6EDD19400D46->06a4573b-67a1-41e3-a350-f896363bc636@group-757E3781CD2A, cid=1754, SUCCESS, logIndex=2532, commits[06a4573b-67a1-41e3-a350-f896363bc636:c2533, 0b725bbf-683b-4664-9a2e-3c9dd6e38bc1:c2531, 9193e3b7-ae04-484d-a740-c65c11559486:c2531]
2019-08-24 07:08:28,745 [grpc-default-executor-0] INFO  client.GrpcClientProtocolClient (GrpcClientProtocolClient.java:onNext(255)) - client-6EDD19400D46->06a4573b-67a1-41e3-a350-f896363bc636: receive RaftClientReply:client-6EDD19400D46->06a4573b-67a1-41e3-a350-f896363bc636@group-757E3781CD2A, cid=1755, SUCCESS, logIndex=2533, commits[06a4573b-67a1-41e3-a350-f896363bc636:c2533, 0b725bbf-683b-4664-9a2e-3c9dd6e38bc1:c2531, 9193e3b7-ae04-484d-a740-c65c11559486:c2531]
2019-08-24 07:08:28,753 | INFO  | DNAudit | user=null | ip=null | op=WRITE_CHUNK {blockData=conID: 1 locID: 102670697017836038 bcsId: 2533} | ret=SUCCESS |  
2019-08-24 07:08:28,757 | INFO  | DNAudit | user=null | ip=null | op=WRITE_CHUNK {blockData=conID: 1 locID: 102670697017836038 bcsId: 2533} | ret=SUCCESS |  
2019-08-24 07:08:28,757 | INFO  | DNAudit | user=null | ip=null | op=WRITE_CHUNK {blockData=conID: 1 locID: 102670697017836038 bcsId: 2533} | ret=SUCCESS |  
2019-08-24 07:08:28,764 | INFO  | DNAudit | user=null | ip=null | op=WRITE_CHUNK {blockData=conID: 1 locID: 102670697017836038 bcsId: 2528} | ret=SUCCESS |  
2019-08-24 07:08:28,764 | INFO  | DNAudit | user=null | ip=null | op=WRITE_CHUNK {blockData=conID: 1 locID: 102670697017836038 bcsId: 2528} | ret=SUCCESS |  
2019-08-24 07:08:28,766 | INFO  | DNAudit | user=null | ip=null | op=PUT_BLOCK {blockData=[blockId=conID: 1 locID: 102670697017836038 bcsId: 0,size=3145728]} | ret=SUCCESS |  
2019-08-24 07:08:28,766 | INFO  | DNAudit | user=null | ip=null | op=PUT_BLOCK {blockData=[blockId=conID: 1 locID: 102670697017836038 bcsId: 0,size=3145728]} | ret=SUCCESS |  
2019-08-24 07:08:28,766 | INFO  | DNAudit | user=null | ip=null | op=WRITE_CHUNK {blockData=conID: 1 locID: 102670697017836038 bcsId: 2533} | ret=SUCCESS |  
2019-08-24 07:08:28,767 | INFO  | DNAudit | user=null | ip=null | op=PUT_BLOCK {blockData=[blockId=conID: 1 locID: 102670697017836038 bcsId: 0,size=4194304]} | ret=SUCCESS |  
2019-08-24 07:08:28,767 [grpc-default-executor-0] INFO  client.GrpcClientProtocolClient (GrpcClientProtocolClient.java:onNext(255)) - client-6EDD19400D46->06a4573b-67a1-41e3-a350-f896363bc636: receive RaftClientReply:client-6EDD19400D46->06a4573b-67a1-41e3-a350-f896363bc636@group-757E3781CD2A, cid=1756, SUCCESS, logIndex=2536, commits[06a4573b-67a1-41e3-a350-f896363bc636:c2537, 0b725bbf-683b-4664-9a2e-3c9dd6e38bc1:c2533, 9193e3b7-ae04-484d-a740-c65c11559486:c2533]
2019-08-24 07:08:28,767 [grpc-default-executor-0] INFO  client.GrpcClientProtocolClient (GrpcClientProtocolClient.java:onNext(255)) - client-6EDD19400D46->06a4573b-67a1-41e3-a350-f896363bc636: receive RaftClientReply:client-6EDD19400D46->06a4573b-67a1-41e3-a350-f896363bc636@group-757E3781CD2A, cid=1757, SUCCESS, logIndex=2537, commits[06a4573b-67a1-41e3-a350-f896363bc636:c2537, 0b725bbf-683b-4664-9a2e-3c9dd6e38bc1:c2533, 9193e3b7-ae04-484d-a740-c65c11559486:c2533]
2019-08-24 07:08:28,778 | INFO  | DNAudit | user=null | ip=null | op=WRITE_CHUNK {blockData=conID: 1 locID: 102670697017836038 bcsId: 2533} | ret=SUCCESS |  
2019-08-24 07:08:28,778 | INFO  | DNAudit | user=null | ip=null | op=WRITE_CHUNK {blockData=conID: 1 locID: 102670697017836038 bcsId: 2533} | ret=SUCCESS |  
2019-08-24 07:08:28,778 | INFO  | DNAudit | user=null | ip=null | op=PUT_BLOCK {blockData=[blockId=conID: 1 locID: 102670697017836038 bcsId: 0,size=4194304]} | ret=SUCCESS |  
2019-08-24 07:08:28,779 | INFO  | DNAudit | user=null | ip=null | op=PUT_BLOCK {blockData=[blockId=conID: 1 locID: 102670697017836038 bcsId: 0,size=4194304]} | ret=SUCCESS |  
2019-08-24 07:08:28,779 [grpc-default-executor-0] INFO  client.GrpcClientProtocolClient (GrpcClientProtocolClient.java:onNext(255)) - client-6EDD19400D46->06a4573b-67a1-41e3-a350-f896363bc636: receive RaftClientReply:client-6EDD19400D46->06a4573b-67a1-41e3-a350-f896363bc636@group-757E3781CD2A, cid=1758, SUCCESS, logIndex=0, commits[06a4573b-67a1-41e3-a350-f896363bc636:c2538, 0b725bbf-683b-4664-9a2e-3c9dd6e38bc1:c2537, 9193e3b7-ae04-484d-a740-c65c11559486:c2537]
2019-08-24 07:08:28,784 | INFO  | SCMAudit | user=jenkins1000 | ip=192.168.69.125 | op=ALLOCATE_BLOCK {owner=61bacca8-15b6-4a50-8962-5e9786b18b0d, size=4194304, type=RATIS, factor=THREE} | ret=SUCCESS |  
2019-08-24 07:08:28,788 | INFO  | OMAudit | user=jenkins1000 | ip=127.0.0.1 | op=ALLOCATE_BLOCK {volume=vol-0-26988, bucket=bucket-0-20739, key=key-0-27353, dataSize=0, replicationType=null, replicationFactor=null, keyLocationInfo=null, clientID=102670695851229586} | ret=SUCCESS |  
2019-08-24 07:08:28,795 | INFO  | DNAudit | user=null | ip=null | op=WRITE_CHUNK {blockData=conID: 2 locID: 102670697023668743 bcsId: 0} | ret=SUCCESS |  
2019-08-24 07:08:28,797 | INFO  | DNAudit | user=null | ip=null | op=WRITE_CHUNK {blockData=conID: 2 locID: 102670697023668743 bcsId: 0} | ret=SUCCESS |  
2019-08-24 07:08:28,798 | INFO  | DNAudit | user=null | ip=null | op=WRITE_CHUNK {blockData=conID: 2 locID: 102670697023668743 bcsId: 0} | ret=SUCCESS |  
2019-08-24 07:08:28,798 | INFO  | DNAudit | user=null | ip=null | op=WRITE_CHUNK {blockData=conID: 2 locID: 102670697023668743 bcsId: 0} | ret=SUCCESS |  
2019-08-24 07:08:28,800 | INFO  | DNAudit | user=null | ip=null | op=WRITE_CHUNK {blockData=conID: 2 locID: 102670697023668743 bcsId: 0} | ret=SUCCESS |  
2019-08-24 07:08:28,800 | INFO  | DNAudit | user=null | ip=null | op=WRITE_CHUNK {blockData=conID: 2 locID: 102670697023668743 bcsId: 0} | ret=SUCCESS |  
2019-08-24 07:08:28,810 | INFO  | DNAudit | user=null | ip=null | op=WRITE_CHUNK {blockData=conID: 2 locID: 102670697023668743 bcsId: 0} | ret=SUCCESS |  
2019-08-24 07:08:28,810 | INFO  | DNAudit | user=null | ip=null | op=PUT_BLOCK {blockData=[blockId=conID: 2 locID: 102670697023668743 bcsId: 0,size=1048576]} | ret=SUCCESS |  
2019-08-24 07:08:28,810 [grpc-default-executor-0] INFO  client.GrpcClientProtocolClient (GrpcClientProtocolClient.java:onNext(255)) - client-6EDD19400D46->06a4573b-67a1-41e3-a350-f896363bc636: receive RaftClientReply:client-6EDD19400D46->06a4573b-67a1-41e3-a350-f896363bc636@group-757E3781CD2A, cid=1759, SUCCESS, logIndex=2540, commits[06a4573b-67a1-41e3-a350-f896363bc636:c2541, 0b725bbf-683b-4664-9a2e-3c9dd6e38bc1:c2539, 9193e3b7-ae04-484d-a740-c65c11559486:c2539]
2019-08-24 07:08:28,811 | INFO  | DNAudit | user=null | ip=null | op=WRITE_CHUNK {blockData=conID: 2 locID: 102670697023668743 bcsId: 0} | ret=SUCCESS |  
2019-08-24 07:08:28,811 | INFO  | DNAudit | user=null | ip=null | op=PUT_BLOCK {blockData=[blockId=conID: 2 locID: 102670697023668743 bcsId: 0,size=2097152]} | ret=SUCCESS |  
2019-08-24 07:08:28,811 [grpc-default-executor-0] INFO  client.GrpcClientProtocolClient (GrpcClientProtocolClient.java:onNext(255)) - client-6EDD19400D46->06a4573b-67a1-41e3-a350-f896363bc636: receive RaftClientReply:client-6EDD19400D46->06a4573b-67a1-41e3-a350-f896363bc636@group-757E3781CD2A, cid=1760, SUCCESS, logIndex=2541, commits[06a4573b-67a1-41e3-a350-f896363bc636:c2543, 0b725bbf-683b-4664-9a2e-3c9dd6e38bc1:c2539, 9193e3b7-ae04-484d-a740-c65c11559486:c2539]
2019-08-24 07:08:28,811 [grpc-default-executor-0] INFO  client.GrpcClientProtocolClient (GrpcClientProtocolClient.java:onNext(255)) - client-6EDD19400D46->06a4573b-67a1-41e3-a350-f896363bc636: receive RaftClientReply:client-6EDD19400D46->06a4573b-67a1-41e3-a350-f896363bc636@group-757E3781CD2A, cid=1761, SUCCESS, logIndex=2542, commits[06a4573b-67a1-41e3-a350-f896363bc636:c2543, 0b725bbf-683b-4664-9a2e-3c9dd6e38bc1:c2539, 9193e3b7-ae04-484d-a740-c65c11559486:c2539]
2019-08-24 07:08:28,812 [grpc-default-executor-0] INFO  client.GrpcClientProtocolClient (GrpcClientProtocolClient.java:onNext(255)) - client-6EDD19400D46->06a4573b-67a1-41e3-a350-f896363bc636: receive RaftClientReply:client-6EDD19400D46->06a4573b-67a1-41e3-a350-f896363bc636@group-757E3781CD2A, cid=1762, SUCCESS, logIndex=2543, commits[06a4573b-67a1-41e3-a350-f896363bc636:c2543, 0b725bbf-683b-4664-9a2e-3c9dd6e38bc1:c2539, 9193e3b7-ae04-484d-a740-c65c11559486:c2539]
2019-08-24 07:08:28,823 | INFO  | DNAudit | user=null | ip=null | op=WRITE_CHUNK {blockData=conID: 2 locID: 102670697023668743 bcsId: 0} | ret=SUCCESS |  
2019-08-24 07:08:28,823 | INFO  | DNAudit | user=null | ip=null | op=PUT_BLOCK {blockData=[blockId=conID: 2 locID: 102670697023668743 bcsId: 0,size=1048576]} | ret=SUCCESS |  
2019-08-24 07:08:28,824 | INFO  | DNAudit | user=null | ip=null | op=WRITE_CHUNK {blockData=conID: 2 locID: 102670697023668743 bcsId: 0} | ret=SUCCESS |  
2019-08-24 07:08:28,824 | INFO  | DNAudit | user=null | ip=null | op=PUT_BLOCK {blockData=[blockId=conID: 2 locID: 102670697023668743 bcsId: 0,size=1048576]} | ret=SUCCESS |  
2019-08-24 07:08:28,824 | INFO  | DNAudit | user=null | ip=null | op=WRITE_CHUNK {blockData=conID: 2 locID: 102670697023668743 bcsId: 0} | ret=SUCCESS |  
2019-08-24 07:08:28,824 | INFO  | DNAudit | user=null | ip=null | op=WRITE_CHUNK {blockData=conID: 2 locID: 102670697023668743 bcsId: 0} | ret=SUCCESS |  
2019-08-24 07:08:28,824 [grpc-default-executor-5] INFO  client.GrpcClientProtocolClient (GrpcClientProtocolClient.java:onNext(255)) - client-6EDD19400D46->06a4573b-67a1-41e3-a350-f896363bc636: receive RaftClientReply:client-6EDD19400D46->06a4573b-67a1-41e3-a350-f896363bc636@group-757E3781CD2A, cid=1763, SUCCESS, logIndex=0, commits[06a4573b-67a1-41e3-a350-f896363bc636:c2545, 0b725bbf-683b-4664-9a2e-3c9dd6e38bc1:c2541, 9193e3b7-ae04-484d-a740-c65c11559486:c2541]
2019-08-24 07:08:28,824 | INFO  | DNAudit | user=null | ip=null | op=PUT_BLOCK {blockData=[blockId=conID: 2 locID: 102670697023668743 bcsId: 0,size=2097152]} | ret=SUCCESS |  
2019-08-24 07:08:28,825 | INFO  | DNAudit | user=null | ip=null | op=PUT_BLOCK {blockData=[blockId=conID: 2 locID: 102670697023668743 bcsId: 0,size=2097152]} | ret=SUCCESS |  
2019-08-24 07:08:28,832 | INFO  | DNAudit | user=null | ip=null | op=WRITE_CHUNK {blockData=conID: 2 locID: 102670697023668743 bcsId: 2543} | ret=SUCCESS |  
2019-08-24 07:08:28,834 | INFO  | DNAudit | user=null | ip=null | op=WRITE_CHUNK {blockData=conID: 2 locID: 102670697023668743 bcsId: 2543} | ret=SUCCESS |  
2019-08-24 07:08:28,834 | INFO  | DNAudit | user=null | ip=null | op=WRITE_CHUNK {blockData=conID: 2 locID: 102670697023668743 bcsId: 2543} | ret=SUCCESS |  
2019-08-24 07:08:28,844 | INFO  | DNAudit | user=null | ip=null | op=WRITE_CHUNK {blockData=conID: 2 locID: 102670697023668743 bcsId: 2543} | ret=SUCCESS |  
2019-08-24 07:08:28,845 | INFO  | DNAudit | user=null | ip=null | op=PUT_BLOCK {blockData=[blockId=conID: 2 locID: 102670697023668743 bcsId: 0,size=3145728]} | ret=SUCCESS |  
2019-08-24 07:08:28,845 [grpc-default-executor-0] INFO  client.GrpcClientProtocolClient (GrpcClientProtocolClient.java:onNext(255)) - client-6EDD19400D46->06a4573b-67a1-41e3-a350-f896363bc636: receive RaftClientReply:client-6EDD19400D46->06a4573b-67a1-41e3-a350-f896363bc636@group-757E3781CD2A, cid=1764, SUCCESS, logIndex=2548, commits[06a4573b-67a1-41e3-a350-f896363bc636:c2549, 0b725bbf-683b-4664-9a2e-3c9dd6e38bc1:c2547, 9193e3b7-ae04-484d-a740-c65c11559486:c2547]
2019-08-24 07:08:28,848 [grpc-default-executor-0] INFO  client.GrpcClientProtocolClient (GrpcClientProtocolClient.java:onNext(255)) - client-6EDD19400D46->06a4573b-67a1-41e3-a350-f896363bc636: receive RaftClientReply:client-6EDD19400D46->06a4573b-67a1-41e3-a350-f896363bc636@group-757E3781CD2A, cid=1765, SUCCESS, logIndex=2549, commits[06a4573b-67a1-41e3-a350-f896363bc636:c2549, 0b725bbf-683b-4664-9a2e-3c9dd6e38bc1:c2547, 9193e3b7-ae04-484d-a740-c65c11559486:c2547]
2019-08-24 07:08:28,855 | INFO  | DNAudit | user=null | ip=null | op=WRITE_CHUNK {blockData=conID: 2 locID: 102670697023668743 bcsId: 2549} | ret=SUCCESS |  
2019-08-24 07:08:28,857 | INFO  | DNAudit | user=null | ip=null | op=WRITE_CHUNK {blockData=conID: 2 locID: 102670697023668743 bcsId: 2543} | ret=SUCCESS |  
2019-08-24 07:08:28,857 | INFO  | DNAudit | user=null | ip=null | op=WRITE_CHUNK {blockData=conID: 2 locID: 102670697023668743 bcsId: 2543} | ret=SUCCESS |  
2019-08-24 07:08:28,858 | INFO  | DNAudit | user=null | ip=null | op=WRITE_CHUNK {blockData=conID: 2 locID: 102670697023668743 bcsId: 2549} | ret=SUCCESS |  
2019-08-24 07:08:28,858 | INFO  | DNAudit | user=null | ip=null | op=WRITE_CHUNK {blockData=conID: 2 locID: 102670697023668743 bcsId: 2549} | ret=SUCCESS |  
2019-08-24 07:08:28,869 | INFO  | DNAudit | user=null | ip=null | op=PUT_BLOCK {blockData=[blockId=conID: 2 locID: 102670697023668743 bcsId: 0,size=3145728]} | ret=SUCCESS |  
2019-08-24 07:08:28,870 | INFO  | DNAudit | user=null | ip=null | op=WRITE_CHUNK {blockData=conID: 2 locID: 102670697023668743 bcsId: 2549} | ret=SUCCESS |  
2019-08-24 07:08:28,870 | INFO  | DNAudit | user=null | ip=null | op=PUT_BLOCK {blockData=[blockId=conID: 2 locID: 102670697023668743 bcsId: 0,size=3145728]} | ret=SUCCESS |  
2019-08-24 07:08:28,870 | INFO  | DNAudit | user=null | ip=null | op=PUT_BLOCK {blockData=[blockId=conID: 2 locID: 102670697023668743 bcsId: 0,size=4194304]} | ret=SUCCESS |  
2019-08-24 07:08:28,870 [grpc-default-executor-5] INFO  client.GrpcClientProtocolClient (GrpcClientProtocolClient.java:onNext(255)) - client-6EDD19400D46->06a4573b-67a1-41e3-a350-f896363bc636: receive RaftClientReply:client-6EDD19400D46->06a4573b-67a1-41e3-a350-f896363bc636@group-757E3781CD2A, cid=1766, SUCCESS, logIndex=2552, commits[06a4573b-67a1-41e3-a350-f896363bc636:c2553, 0b725bbf-683b-4664-9a2e-3c9dd6e38bc1:c2549, 9193e3b7-ae04-484d-a740-c65c11559486:c2549]
2019-08-24 07:08:28,871 [grpc-default-executor-5] INFO  client.GrpcClientProtocolClient (GrpcClientProtocolClient.java:onNext(255)) - client-6EDD19400D46->06a4573b-67a1-41e3-a350-f896363bc636: receive RaftClientReply:client-6EDD19400D46->06a4573b-67a1-41e3-a350-f896363bc636@group-757E3781CD2A, cid=1767, SUCCESS, logIndex=2553, commits[06a4573b-67a1-41e3-a350-f896363bc636:c2553, 0b725bbf-683b-4664-9a2e-3c9dd6e38bc1:c2549, 9193e3b7-ae04-484d-a740-c65c11559486:c2549]
2019-08-24 07:08:28,871 | INFO  | DNAudit | user=null | ip=null | op=WRITE_CHUNK {blockData=conID: 2 locID: 102670697023668743 bcsId: 2549} | ret=SUCCESS |  
2019-08-24 07:08:28,871 | INFO  | DNAudit | user=null | ip=null | op=WRITE_CHUNK {blockData=conID: 2 locID: 102670697023668743 bcsId: 2549} | ret=SUCCESS |  
2019-08-24 07:08:28,871 | INFO  | DNAudit | user=null | ip=null | op=PUT_BLOCK {blockData=[blockId=conID: 2 locID: 102670697023668743 bcsId: 0,size=4194304]} | ret=SUCCESS |  
2019-08-24 07:08:28,874 | INFO  | DNAudit | user=null | ip=null | op=PUT_BLOCK {blockData=[blockId=conID: 2 locID: 102670697023668743 bcsId: 0,size=4194304]} | ret=SUCCESS |  
2019-08-24 07:08:28,874 [grpc-default-executor-0] INFO  client.GrpcClientProtocolClient (GrpcClientProtocolClient.java:onNext(255)) - client-6EDD19400D46->06a4573b-67a1-41e3-a350-f896363bc636: receive RaftClientReply:client-6EDD19400D46->06a4573b-67a1-41e3-a350-f896363bc636@group-757E3781CD2A, cid=1768, SUCCESS, logIndex=0, commits[06a4573b-67a1-41e3-a350-f896363bc636:c2555, 0b725bbf-683b-4664-9a2e-3c9dd6e38bc1:c2553, 9193e3b7-ae04-484d-a740-c65c11559486:c2553]
2019-08-24 07:08:28,881 | INFO  | SCMAudit | user=jenkins1000 | ip=192.168.69.125 | op=ALLOCATE_BLOCK {owner=61bacca8-15b6-4a50-8962-5e9786b18b0d, size=4194304, type=RATIS, factor=THREE} | ret=SUCCESS |  
2019-08-24 07:08:28,884 | INFO  | OMAudit | user=jenkins1000 | ip=127.0.0.1 | op=ALLOCATE_BLOCK {volume=vol-0-26988, bucket=bucket-0-20739, key=key-0-27353, dataSize=0, replicationType=null, replicationFactor=null, keyLocationInfo=null, clientID=102670695851229586} | ret=SUCCESS |  
2019-08-24 07:08:28,893 | INFO  | DNAudit | user=null | ip=null | op=WRITE_CHUNK {blockData=conID: 3 locID: 102670697030025736 bcsId: 0} | ret=SUCCESS |  
2019-08-24 07:08:28,895 | INFO  | DNAudit | user=null | ip=null | op=WRITE_CHUNK {blockData=conID: 3 locID: 102670697030025736 bcsId: 0} | ret=SUCCESS |  
2019-08-24 07:08:29,012 | INFO  | DNAudit | user=null | ip=null | op=WRITE_CHUNK {blockData=conID: 3 locID: 102670697030025736 bcsId: 0} | ret=SUCCESS |  
2019-08-24 07:08:29,012 | INFO  | DNAudit | user=null | ip=null | op=WRITE_CHUNK {blockData=conID: 3 locID: 102670697030025736 bcsId: 0} | ret=SUCCESS |  
2019-08-24 07:08:29,013 | INFO  | SCMAudit | user=jenkins1000 | ip=192.168.69.125 | op=SEND_HEARTBEAT {datanodeUUID=b8548da6-9cc6-46be-8dd4-5219531f5960, command=[]} | ret=SUCCESS |  
2019-08-24 07:08:29,015 | INFO  | DNAudit | user=null | ip=null | op=WRITE_CHUNK {blockData=conID: 3 locID: 102670697030025736 bcsId: 0} | ret=SUCCESS |  
2019-08-24 07:08:29,015 | INFO  | DNAudit | user=null | ip=null | op=WRITE_CHUNK {blockData=conID: 3 locID: 102670697030025736 bcsId: 0} | ret=SUCCESS |  
2019-08-24 07:08:29,024 | INFO  | DNAudit | user=null | ip=null | op=WRITE_CHUNK {blockData=conID: 3 locID: 102670697030025736 bcsId: 0} | ret=SUCCESS |  
2019-08-24 07:08:29,025 | INFO  | DNAudit | user=null | ip=null | op=PUT_BLOCK {blockData=[blockId=conID: 3 locID: 102670697030025736 bcsId: 0,size=1048576]} | ret=SUCCESS |  
2019-08-24 07:08:29,025 [grpc-default-executor-5] INFO  client.GrpcClientProtocolClient (GrpcClientProtocolClient.java:onNext(255)) - client-6EDD19400D46->06a4573b-67a1-41e3-a350-f896363bc636: receive RaftClientReply:client-6EDD19400D46->06a4573b-67a1-41e3-a350-f896363bc636@group-757E3781CD2A, cid=1769, SUCCESS, logIndex=2556, commits[06a4573b-67a1-41e3-a350-f896363bc636:c2557, 0b725bbf-683b-4664-9a2e-3c9dd6e38bc1:c2555, 9193e3b7-ae04-484d-a740-c65c11559486:c2555]
2019-08-24 07:08:29,026 [grpc-default-executor-5] INFO  client.GrpcClientProtocolClient (GrpcClientProtocolClient.java:onNext(255)) - client-6EDD19400D46->06a4573b-67a1-41e3-a350-f896363bc636: receive RaftClientReply:client-6EDD19400D46->06a4573b-67a1-41e3-a350-f896363bc636@group-757E3781CD2A, cid=1770, SUCCESS, logIndex=2557, commits[06a4573b-67a1-41e3-a350-f896363bc636:c2557, 0b725bbf-683b-4664-9a2e-3c9dd6e38bc1:c2555, 9193e3b7-ae04-484d-a740-c65c11559486:c2555]
2019-08-24 07:08:29,036 | INFO  | DNAudit | user=null | ip=null | op=WRITE_CHUNK {blockData=conID: 3 locID: 102670697030025736 bcsId: 0} | ret=SUCCESS |  
2019-08-24 07:08:29,036 | INFO  | DNAudit | user=null | ip=null | op=PUT_BLOCK {blockData=[blockId=conID: 3 locID: 102670697030025736 bcsId: 0,size=2097152]} | ret=SUCCESS |  
2019-08-24 07:08:29,039 [grpc-default-executor-5] INFO  client.GrpcClientProtocolClient (GrpcClientProtocolClient.java:onNext(255)) - client-6EDD19400D46->06a4573b-67a1-41e3-a350-f896363bc636: receive RaftClientReply:client-6EDD19400D46->06a4573b-67a1-41e3-a350-f896363bc636@group-757E3781CD2A, cid=1771, SUCCESS, logIndex=2558, commits[06a4573b-67a1-41e3-a350-f896363bc636:c2559, 0b725bbf-683b-4664-9a2e-3c9dd6e38bc1:c2555, 9193e3b7-ae04-484d-a740-c65c11559486:c2555]
2019-08-24 07:08:29,039 [grpc-default-executor-5] INFO  client.GrpcClientProtocolClient (GrpcClientProtocolClient.java:onNext(255)) - client-6EDD19400D46->06a4573b-67a1-41e3-a350-f896363bc636: receive RaftClientReply:client-6EDD19400D46->06a4573b-67a1-41e3-a350-f896363bc636@group-757E3781CD2A, cid=1772, SUCCESS, logIndex=2559, commits[06a4573b-67a1-41e3-a350-f896363bc636:c2559, 0b725bbf-683b-4664-9a2e-3c9dd6e38bc1:c2555, 9193e3b7-ae04-484d-a740-c65c11559486:c2555]
2019-08-24 07:08:29,047 | INFO  | DNAudit | user=null | ip=null | op=WRITE_CHUNK {blockData=conID: 3 locID: 102670697030025736 bcsId: 0} | ret=SUCCESS |  
2019-08-24 07:08:29,047 | INFO  | DNAudit | user=null | ip=null | op=WRITE_CHUNK {blockData=conID: 3 locID: 102670697030025736 bcsId: 0} | ret=SUCCESS |  
2019-08-24 07:08:29,047 | INFO  | DNAudit | user=null | ip=null | op=PUT_BLOCK {blockData=[blockId=conID: 3 locID: 102670697030025736 bcsId: 0,size=1048576]} | ret=SUCCESS |  
2019-08-24 07:08:29,047 | INFO  | DNAudit | user=null | ip=null | op=PUT_BLOCK {blockData=[blockId=conID: 3 locID: 102670697030025736 bcsId: 0,size=1048576]} | ret=SUCCESS |  
2019-08-24 07:08:29,048 [grpc-default-executor-5] INFO  client.GrpcClientProtocolClient (GrpcClientProtocolClient.java:onNext(255)) - client-6EDD19400D46->06a4573b-67a1-41e3-a350-f896363bc636: receive RaftClientReply:client-6EDD19400D46->06a4573b-67a1-41e3-a350-f896363bc636@group-757E3781CD2A, cid=1773, SUCCESS, logIndex=0, commits[06a4573b-67a1-41e3-a350-f896363bc636:c2561, 0b725bbf-683b-4664-9a2e-3c9dd6e38bc1:c2557, 9193e3b7-ae04-484d-a740-c65c11559486:c2557]
2019-08-24 07:08:29,048 | INFO  | DNAudit | user=null | ip=null | op=WRITE_CHUNK {blockData=conID: 3 locID: 102670697030025736 bcsId: 0} | ret=SUCCESS |  
2019-08-24 07:08:29,048 | INFO  | DNAudit | user=null | ip=null | op=PUT_BLOCK {blockData=[blockId=conID: 3 locID: 102670697030025736 bcsId: 0,size=2097152]} | ret=SUCCESS |  
2019-08-24 07:08:29,050 | INFO  | DNAudit | user=null | ip=null | op=WRITE_CHUNK {blockData=conID: 3 locID: 102670697030025736 bcsId: 0} | ret=SUCCESS |  
2019-08-24 07:08:29,050 | INFO  | DNAudit | user=null | ip=null | op=PUT_BLOCK {blockData=[blockId=conID: 3 locID: 102670697030025736 bcsId: 0,size=2097152]} | ret=SUCCESS |  
2019-08-24 07:08:29,054 | INFO  | DNAudit | user=null | ip=null | op=WRITE_CHUNK {blockData=conID: 3 locID: 102670697030025736 bcsId: 2559} | ret=SUCCESS |  
2019-08-24 07:08:29,057 | INFO  | DNAudit | user=null | ip=null | op=WRITE_CHUNK {blockData=conID: 3 locID: 102670697030025736 bcsId: 2559} | ret=SUCCESS |  
2019-08-24 07:08:29,057 | INFO  | DNAudit | user=null | ip=null | op=WRITE_CHUNK {blockData=conID: 3 locID: 102670697030025736 bcsId: 2559} | ret=SUCCESS |  
2019-08-24 07:08:29,066 | INFO  | DNAudit | user=null | ip=null | op=WRITE_CHUNK {blockData=conID: 3 locID: 102670697030025736 bcsId: 2559} | ret=SUCCESS |  
2019-08-24 07:08:29,066 | INFO  | DNAudit | user=null | ip=null | op=PUT_BLOCK {blockData=[blockId=conID: 3 locID: 102670697030025736 bcsId: 0,size=3145728]} | ret=SUCCESS |  
2019-08-24 07:08:29,066 [grpc-default-executor-2] INFO  client.GrpcClientProtocolClient (GrpcClientProtocolClient.java:onNext(255)) - client-6EDD19400D46->06a4573b-67a1-41e3-a350-f896363bc636: receive RaftClientReply:client-6EDD19400D46->06a4573b-67a1-41e3-a350-f896363bc636@group-757E3781CD2A, cid=1774, SUCCESS, logIndex=2564, commits[06a4573b-67a1-41e3-a350-f896363bc636:c2565, 0b725bbf-683b-4664-9a2e-3c9dd6e38bc1:c2563, 9193e3b7-ae04-484d-a740-c65c11559486:c2563]
2019-08-24 07:08:29,067 [grpc-default-executor-2] INFO  client.GrpcClientProtocolClient (GrpcClientProtocolClient.java:onNext(255)) - client-6EDD19400D46->06a4573b-67a1-41e3-a350-f896363bc636: receive RaftClientReply:client-6EDD19400D46->06a4573b-67a1-41e3-a350-f896363bc636@group-757E3781CD2A, cid=1775, SUCCESS, logIndex=2565, commits[06a4573b-67a1-41e3-a350-f896363bc636:c2565, 0b725bbf-683b-4664-9a2e-3c9dd6e38bc1:c2563, 9193e3b7-ae04-484d-a740-c65c11559486:c2563]
2019-08-24 07:08:29,072 | INFO  | DNAudit | user=null | ip=null | op=WRITE_CHUNK {blockData=conID: 3 locID: 102670697030025736 bcsId: 2565} | ret=SUCCESS |  
2019-08-24 07:08:29,075 | INFO  | DNAudit | user=null | ip=null | op=WRITE_CHUNK {blockData=conID: 3 locID: 102670697030025736 bcsId: 2565} | ret=SUCCESS |  
2019-08-24 07:08:29,075 | INFO  | DNAudit | user=null | ip=null | op=WRITE_CHUNK {blockData=conID: 3 locID: 102670697030025736 bcsId: 2565} | ret=SUCCESS |  
2019-08-24 07:08:29,077 | INFO  | DNAudit | user=null | ip=null | op=WRITE_CHUNK {blockData=conID: 3 locID: 102670697030025736 bcsId: 2559} | ret=SUCCESS |  
2019-08-24 07:08:29,077 | INFO  | DNAudit | user=null | ip=null | op=WRITE_CHUNK {blockData=conID: 3 locID: 102670697030025736 bcsId: 2559} | ret=SUCCESS |  
2019-08-24 07:08:29,080 | INFO  | DNAudit | user=null | ip=null | op=PUT_BLOCK {blockData=[blockId=conID: 3 locID: 102670697030025736 bcsId: 0,size=3145728]} | ret=SUCCESS |  
2019-08-24 07:08:29,080 | INFO  | DNAudit | user=null | ip=null | op=PUT_BLOCK {blockData=[blockId=conID: 3 locID: 102670697030025736 bcsId: 0,size=3145728]} | ret=SUCCESS |  
2019-08-24 07:08:29,081 | INFO  | DNAudit | user=null | ip=null | op=WRITE_CHUNK {blockData=conID: 3 locID: 102670697030025736 bcsId: 2565} | ret=SUCCESS |  
2019-08-24 07:08:29,081 | INFO  | DNAudit | user=null | ip=null | op=PUT_BLOCK {blockData=[blockId=conID: 3 locID: 102670697030025736 bcsId: 0,size=4194304]} | ret=SUCCESS |  
2019-08-24 07:08:29,081 [grpc-default-executor-2] INFO  client.GrpcClientProtocolClient (GrpcClientProtocolClient.java:onNext(255)) - client-6EDD19400D46->06a4573b-67a1-41e3-a350-f896363bc636: receive RaftClientReply:client-6EDD19400D46->06a4573b-67a1-41e3-a350-f896363bc636@group-757E3781CD2A, cid=1776, SUCCESS, logIndex=2568, commits[06a4573b-67a1-41e3-a350-f896363bc636:c2569, 0b725bbf-683b-4664-9a2e-3c9dd6e38bc1:c2565, 9193e3b7-ae04-484d-a740-c65c11559486:c2565]
2019-08-24 07:08:29,082 [grpc-default-executor-2] INFO  client.GrpcClientProtocolClient (GrpcClientProtocolClient.java:onNext(255)) - client-6EDD19400D46->06a4573b-67a1-41e3-a350-f896363bc636: receive RaftClientReply:client-6EDD19400D46->06a4573b-67a1-41e3-a350-f896363bc636@group-757E3781CD2A, cid=1777, SUCCESS, logIndex=2569, commits[06a4573b-67a1-41e3-a350-f896363bc636:c2569, 0b725bbf-683b-4664-9a2e-3c9dd6e38bc1:c2565, 9193e3b7-ae04-484d-a740-c65c11559486:c2565]
2019-08-24 07:08:29,092 | INFO  | DNAudit | user=null | ip=null | op=WRITE_CHUNK {blockData=conID: 3 locID: 102670697030025736 bcsId: 2565} | ret=SUCCESS |  
2019-08-24 07:08:29,093 | INFO  | DNAudit | user=null | ip=null | op=WRITE_CHUNK {blockData=conID: 3 locID: 102670697030025736 bcsId: 2565} | ret=SUCCESS |  
2019-08-24 07:08:29,093 | INFO  | DNAudit | user=null | ip=null | op=PUT_BLOCK {blockData=[blockId=conID: 3 locID: 102670697030025736 bcsId: 0,size=4194304]} | ret=SUCCESS |  
2019-08-24 07:08:29,093 | INFO  | DNAudit | user=null | ip=null | op=PUT_BLOCK {blockData=[blockId=conID: 3 locID: 102670697030025736 bcsId: 0,size=4194304]} | ret=SUCCESS |  
2019-08-24 07:08:29,093 [grpc-default-executor-2] INFO  client.GrpcClientProtocolClient (GrpcClientProtocolClient.java:onNext(255)) - client-6EDD19400D46->06a4573b-67a1-41e3-a350-f896363bc636: receive RaftClientReply:client-6EDD19400D46->06a4573b-67a1-41e3-a350-f896363bc636@group-757E3781CD2A, cid=1778, SUCCESS, logIndex=0, commits[06a4573b-67a1-41e3-a350-f896363bc636:c2570, 0b725bbf-683b-4664-9a2e-3c9dd6e38bc1:c2569, 9193e3b7-ae04-484d-a740-c65c11559486:c2569]
2019-08-24 07:08:29,098 | INFO  | SCMAudit | user=jenkins1000 | ip=192.168.69.125 | op=ALLOCATE_BLOCK {owner=61bacca8-15b6-4a50-8962-5e9786b18b0d, size=4194304, type=RATIS, factor=THREE} | ret=SUCCESS |  
2019-08-24 07:08:29,100 | INFO  | OMAudit | user=jenkins1000 | ip=127.0.0.1 | op=ALLOCATE_BLOCK {volume=vol-0-26988, bucket=bucket-0-20739, key=key-0-27353, dataSize=0, replicationType=null, replicationFactor=null, keyLocationInfo=null, clientID=102670695851229586} | ret=SUCCESS |  
2019-08-24 07:08:29,107 | INFO  | DNAudit | user=null | ip=null | op=WRITE_CHUNK {blockData=conID: 1 locID: 102670697044247049 bcsId: 0} | ret=SUCCESS |  
2019-08-24 07:08:29,110 | INFO  | DNAudit | user=null | ip=null | op=WRITE_CHUNK {blockData=conID: 1 locID: 102670697044247049 bcsId: 0} | ret=SUCCESS |  
2019-08-24 07:08:29,110 | INFO  | DNAudit | user=null | ip=null | op=WRITE_CHUNK {blockData=conID: 1 locID: 102670697044247049 bcsId: 0} | ret=SUCCESS |  
2019-08-24 07:08:29,110 | INFO  | DNAudit | user=null | ip=null | op=WRITE_CHUNK {blockData=conID: 1 locID: 102670697044247049 bcsId: 0} | ret=SUCCESS |  
2019-08-24 07:08:29,112 | INFO  | DNAudit | user=null | ip=null | op=WRITE_CHUNK {blockData=conID: 1 locID: 102670697044247049 bcsId: 0} | ret=SUCCESS |  
2019-08-24 07:08:29,112 | INFO  | DNAudit | user=null | ip=null | op=WRITE_CHUNK {blockData=conID: 1 locID: 102670697044247049 bcsId: 0} | ret=SUCCESS |  
2019-08-24 07:08:29,119 | INFO  | DNAudit | user=null | ip=null | op=WRITE_CHUNK {blockData=conID: 1 locID: 102670697044247049 bcsId: 0} | ret=SUCCESS |  
2019-08-24 07:08:29,119 | INFO  | DNAudit | user=null | ip=null | op=PUT_BLOCK {blockData=[blockId=conID: 1 locID: 102670697044247049 bcsId: 0,size=1048576]} | ret=SUCCESS |  
2019-08-24 07:08:29,119 [grpc-default-executor-0] INFO  client.GrpcClientProtocolClient (GrpcClientProtocolClient.java:onNext(255)) - client-6EDD19400D46->06a4573b-67a1-41e3-a350-f896363bc636: receive RaftClientReply:client-6EDD19400D46->06a4573b-67a1-41e3-a350-f896363bc636@group-757E3781CD2A, cid=1779, SUCCESS, logIndex=2572, commits[06a4573b-67a1-41e3-a350-f896363bc636:c2572, 0b725bbf-683b-4664-9a2e-3c9dd6e38bc1:c2569, 9193e3b7-ae04-484d-a740-c65c11559486:c2571]
2019-08-24 07:08:29,120 | INFO  | DNAudit | user=null | ip=null | op=WRITE_CHUNK {blockData=conID: 1 locID: 102670697044247049 bcsId: 0} | ret=SUCCESS |  
2019-08-24 07:08:29,120 [grpc-default-executor-0] INFO  client.GrpcClientProtocolClient (GrpcClientProtocolClient.java:onNext(255)) - client-6EDD19400D46->06a4573b-67a1-41e3-a350-f896363bc636: receive RaftClientReply:client-6EDD19400D46->06a4573b-67a1-41e3-a350-f896363bc636@group-757E3781CD2A, cid=1780, SUCCESS, logIndex=2573, commits[06a4573b-67a1-41e3-a350-f896363bc636:c2575, 0b725bbf-683b-4664-9a2e-3c9dd6e38bc1:c2571, 9193e3b7-ae04-484d-a740-c65c11559486:c2571]
2019-08-24 07:08:29,120 | INFO  | DNAudit | user=null | ip=null | op=WRITE_CHUNK {blockData=conID: 1 locID: 102670697044247049 bcsId: 0} | ret=SUCCESS |  
2019-08-24 07:08:29,120 | INFO  | DNAudit | user=null | ip=null | op=PUT_BLOCK {blockData=[blockId=conID: 1 locID: 102670697044247049 bcsId: 0,size=2097152]} | ret=SUCCESS |  
2019-08-24 07:08:29,120 [grpc-default-executor-0] INFO  client.GrpcClientProtocolClient (GrpcClientProtocolClient.java:onNext(255)) - client-6EDD19400D46->06a4573b-67a1-41e3-a350-f896363bc636: receive RaftClientReply:client-6EDD19400D46->06a4573b-67a1-41e3-a350-f896363bc636@group-757E3781CD2A, cid=1781, SUCCESS, logIndex=2574, commits[06a4573b-67a1-41e3-a350-f896363bc636:c2575, 0b725bbf-683b-4664-9a2e-3c9dd6e38bc1:c2571, 9193e3b7-ae04-484d-a740-c65c11559486:c2571]
2019-08-24 07:08:29,120 | INFO  | DNAudit | user=null | ip=null | op=WRITE_CHUNK {blockData=conID: 1 locID: 102670697044247049 bcsId: 0} | ret=SUCCESS |  
2019-08-24 07:08:29,121 [grpc-default-executor-0] INFO  client.GrpcClientProtocolClient (GrpcClientProtocolClient.java:onNext(255)) - client-6EDD19400D46->06a4573b-67a1-41e3-a350-f896363bc636: receive RaftClientReply:client-6EDD19400D46->06a4573b-67a1-41e3-a350-f896363bc636@group-757E3781CD2A, cid=1782, SUCCESS, logIndex=2575, commits[06a4573b-67a1-41e3-a350-f896363bc636:c2576, 0b725bbf-683b-4664-9a2e-3c9dd6e38bc1:c2572, 9193e3b7-ae04-484d-a740-c65c11559486:c2571]
2019-08-24 07:08:29,123 | INFO  | DNAudit | user=null | ip=null | op=PUT_BLOCK {blockData=[blockId=conID: 1 locID: 102670697044247049 bcsId: 0,size=1048576]} | ret=SUCCESS |  
2019-08-24 07:08:29,123 | INFO  | DNAudit | user=null | ip=null | op=WRITE_CHUNK {blockData=conID: 1 locID: 102670697044247049 bcsId: 0} | ret=SUCCESS |  
2019-08-24 07:08:29,123 | INFO  | DNAudit | user=null | ip=null | op=PUT_BLOCK {blockData=[blockId=conID: 1 locID: 102670697044247049 bcsId: 0,size=2097152]} | ret=SUCCESS |  
2019-08-24 07:08:29,134 | INFO  | DNAudit | user=null | ip=null | op=PUT_BLOCK {blockData=[blockId=conID: 1 locID: 102670697044247049 bcsId: 0,size=1048576]} | ret=SUCCESS |  
2019-08-24 07:08:29,134 | INFO  | DNAudit | user=null | ip=null | op=WRITE_CHUNK {blockData=conID: 1 locID: 102670697044247049 bcsId: 0} | ret=SUCCESS |  
2019-08-24 07:08:29,134 | INFO  | DNAudit | user=null | ip=null | op=PUT_BLOCK {blockData=[blockId=conID: 1 locID: 102670697044247049 bcsId: 0,size=2097152]} | ret=SUCCESS |  
2019-08-24 07:08:29,134 [grpc-default-executor-0] INFO  client.GrpcClientProtocolClient (GrpcClientProtocolClient.java:onNext(255)) - client-6EDD19400D46->06a4573b-67a1-41e3-a350-f896363bc636: receive RaftClientReply:client-6EDD19400D46->06a4573b-67a1-41e3-a350-f896363bc636@group-757E3781CD2A, cid=1783, SUCCESS, logIndex=0, commits[06a4573b-67a1-41e3-a350-f896363bc636:c2579, 0b725bbf-683b-4664-9a2e-3c9dd6e38bc1:c2575, 9193e3b7-ae04-484d-a740-c65c11559486:c2573]
2019-08-24 07:08:29,140 | INFO  | DNAudit | user=null | ip=null | op=WRITE_CHUNK {blockData=conID: 1 locID: 102670697044247049 bcsId: 2575} | ret=SUCCESS |  
2019-08-24 07:08:29,142 | INFO  | DNAudit | user=null | ip=null | op=WRITE_CHUNK {blockData=conID: 1 locID: 102670697044247049 bcsId: 2575} | ret=SUCCESS |  
2019-08-24 07:08:29,143 | INFO  | DNAudit | user=null | ip=null | op=WRITE_CHUNK {blockData=conID: 1 locID: 102670697044247049 bcsId: 2575} | ret=SUCCESS |  
2019-08-24 07:08:29,152 | INFO  | DNAudit | user=null | ip=null | op=WRITE_CHUNK {blockData=conID: 1 locID: 102670697044247049 bcsId: 2575} | ret=SUCCESS |  
2019-08-24 07:08:29,153 | INFO  | DNAudit | user=null | ip=null | op=PUT_BLOCK {blockData=[blockId=conID: 1 locID: 102670697044247049 bcsId: 0,size=3145728]} | ret=SUCCESS |  
2019-08-24 07:08:29,153 [grpc-default-executor-1] INFO  client.GrpcClientProtocolClient (GrpcClientProtocolClient.java:onNext(255)) - client-6EDD19400D46->06a4573b-67a1-41e3-a350-f896363bc636: receive RaftClientReply:client-6EDD19400D46->06a4573b-67a1-41e3-a350-f896363bc636@group-757E3781CD2A, cid=1784, SUCCESS, logIndex=2580, commits[06a4573b-67a1-41e3-a350-f896363bc636:c2581, 0b725bbf-683b-4664-9a2e-3c9dd6e38bc1:c2579, 9193e3b7-ae04-484d-a740-c65c11559486:c2579]
2019-08-24 07:08:29,153 [grpc-default-executor-1] INFO  client.GrpcClientProtocolClient (GrpcClientProtocolClient.java:onNext(255)) - client-6EDD19400D46->06a4573b-67a1-41e3-a350-f896363bc636: receive RaftClientReply:client-6EDD19400D46->06a4573b-67a1-41e3-a350-f896363bc636@group-757E3781CD2A, cid=1785, SUCCESS, logIndex=2581, commits[06a4573b-67a1-41e3-a350-f896363bc636:c2581, 0b725bbf-683b-4664-9a2e-3c9dd6e38bc1:c2579, 9193e3b7-ae04-484d-a740-c65c11559486:c2579]
2019-08-24 07:08:29,159 | INFO  | DNAudit | user=null | ip=null | op=WRITE_CHUNK {blockData=conID: 1 locID: 102670697044247049 bcsId: 2581} | ret=SUCCESS |  
2019-08-24 07:08:29,161 | INFO  | DNAudit | user=null | ip=null | op=WRITE_CHUNK {blockData=conID: 1 locID: 102670697044247049 bcsId: 2581} | ret=SUCCESS |  
2019-08-24 07:08:29,161 | INFO  | DNAudit | user=null | ip=null | op=WRITE_CHUNK {blockData=conID: 1 locID: 102670697044247049 bcsId: 2581} | ret=SUCCESS |  
2019-08-24 07:08:29,164 | INFO  | DNAudit | user=null | ip=null | op=WRITE_CHUNK {blockData=conID: 1 locID: 102670697044247049 bcsId: 2575} | ret=SUCCESS |  
2019-08-24 07:08:29,164 | INFO  | DNAudit | user=null | ip=null | op=WRITE_CHUNK {blockData=conID: 1 locID: 102670697044247049 bcsId: 2575} | ret=SUCCESS |  
2019-08-24 07:08:29,167 | INFO  | DNAudit | user=null | ip=null | op=PUT_BLOCK {blockData=[blockId=conID: 1 locID: 102670697044247049 bcsId: 0,size=3145728]} | ret=SUCCESS |  
2019-08-24 07:08:29,167 | INFO  | DNAudit | user=null | ip=null | op=PUT_BLOCK {blockData=[blockId=conID: 1 locID: 102670697044247049 bcsId: 0,size=3145728]} | ret=SUCCESS |  
2019-08-24 07:08:29,168 | INFO  | DNAudit | user=null | ip=null | op=WRITE_CHUNK {blockData=conID: 1 locID: 102670697044247049 bcsId: 2581} | ret=SUCCESS |  
2019-08-24 07:08:29,168 | INFO  | DNAudit | user=null | ip=null | op=PUT_BLOCK {blockData=[blockId=conID: 1 locID: 102670697044247049 bcsId: 0,size=4194304]} | ret=SUCCESS |  
2019-08-24 07:08:29,168 [grpc-default-executor-1] INFO  client.GrpcClientProtocolClient (GrpcClientProtocolClient.java:onNext(255)) - client-6EDD19400D46->06a4573b-67a1-41e3-a350-f896363bc636: receive RaftClientReply:client-6EDD19400D46->06a4573b-67a1-41e3-a350-f896363bc636@group-757E3781CD2A, cid=1786, SUCCESS, logIndex=2584, commits[06a4573b-67a1-41e3-a350-f896363bc636:c2585, 0b725bbf-683b-4664-9a2e-3c9dd6e38bc1:c2581, 9193e3b7-ae04-484d-a740-c65c11559486:c2581]
2019-08-24 07:08:29,169 [grpc-default-executor-1] INFO  client.GrpcClientProtocolClient (GrpcClientProtocolClient.java:onNext(255)) - client-6EDD19400D46->06a4573b-67a1-41e3-a350-f896363bc636: receive RaftClientReply:client-6EDD19400D46->06a4573b-67a1-41e3-a350-f896363bc636@group-757E3781CD2A, cid=1787, SUCCESS, logIndex=2585, commits[06a4573b-67a1-41e3-a350-f896363bc636:c2585, 0b725bbf-683b-4664-9a2e-3c9dd6e38bc1:c2581, 9193e3b7-ae04-484d-a740-c65c11559486:c2581]
2019-08-24 07:08:29,192 | INFO  | DNAudit | user=null | ip=null | op=WRITE_CHUNK {blockData=conID: 1 locID: 102670697044247049 bcsId: 2581} | ret=SUCCESS |  
2019-08-24 07:08:29,192 | INFO  | DNAudit | user=null | ip=null | op=WRITE_CHUNK {blockData=conID: 1 locID: 102670697044247049 bcsId: 2581} | ret=SUCCESS |  
2019-08-24 07:08:29,193 | INFO  | DNAudit | user=null | ip=null | op=PUT_BLOCK {blockData=[blockId=conID: 1 locID: 102670697044247049 bcsId: 0,size=4194304]} | ret=SUCCESS |  
2019-08-24 07:08:29,193 | INFO  | DNAudit | user=null | ip=null | op=PUT_BLOCK {blockData=[blockId=conID: 1 locID: 102670697044247049 bcsId: 0,size=4194304]} | ret=SUCCESS |  
2019-08-24 07:08:29,194 [grpc-default-executor-1] INFO  client.GrpcClientProtocolClient (GrpcClientProtocolClient.java:onNext(255)) - client-6EDD19400D46->06a4573b-67a1-41e3-a350-f896363bc636: receive RaftClientReply:client-6EDD19400D46->06a4573b-67a1-41e3-a350-f896363bc636@group-757E3781CD2A, cid=1788, SUCCESS, logIndex=0, commits[06a4573b-67a1-41e3-a350-f896363bc636:c2587, 0b725bbf-683b-4664-9a2e-3c9dd6e38bc1:c2585, 9193e3b7-ae04-484d-a740-c65c11559486:c2585]
2019-08-24 07:08:29,198 | INFO  | SCMAudit | user=jenkins1000 | ip=192.168.69.125 | op=ALLOCATE_BLOCK {owner=61bacca8-15b6-4a50-8962-5e9786b18b0d, size=4194304, type=RATIS, factor=THREE} | ret=SUCCESS |  
2019-08-24 07:08:29,201 | INFO  | OMAudit | user=jenkins1000 | ip=127.0.0.1 | op=ALLOCATE_BLOCK {volume=vol-0-26988, bucket=bucket-0-20739, key=key-0-27353, dataSize=0, replicationType=null, replicationFactor=null, keyLocationInfo=null, clientID=102670695851229586} | ret=SUCCESS |  
2019-08-24 07:08:29,207 | INFO  | DNAudit | user=null | ip=null | op=WRITE_CHUNK {blockData=conID: 2 locID: 102670697050800650 bcsId: 0} | ret=SUCCESS |  
2019-08-24 07:08:29,208 | INFO  | DNAudit | user=null | ip=null | op=WRITE_CHUNK {blockData=conID: 2 locID: 102670697050800650 bcsId: 0} | ret=SUCCESS |  
2019-08-24 07:08:29,209 | INFO  | DNAudit | user=null | ip=null | op=WRITE_CHUNK {blockData=conID: 2 locID: 102670697050800650 bcsId: 0} | ret=SUCCESS |  
2019-08-24 07:08:29,210 | INFO  | DNAudit | user=null | ip=null | op=WRITE_CHUNK {blockData=conID: 2 locID: 102670697050800650 bcsId: 0} | ret=SUCCESS |  
2019-08-24 07:08:29,211 | INFO  | DNAudit | user=null | ip=null | op=WRITE_CHUNK {blockData=conID: 2 locID: 102670697050800650 bcsId: 0} | ret=SUCCESS |  
2019-08-24 07:08:29,211 | INFO  | DNAudit | user=null | ip=null | op=WRITE_CHUNK {blockData=conID: 2 locID: 102670697050800650 bcsId: 0} | ret=SUCCESS |  
2019-08-24 07:08:29,219 | INFO  | DNAudit | user=null | ip=null | op=WRITE_CHUNK {blockData=conID: 2 locID: 102670697050800650 bcsId: 0} | ret=SUCCESS |  
2019-08-24 07:08:29,220 | INFO  | DNAudit | user=null | ip=null | op=PUT_BLOCK {blockData=[blockId=conID: 2 locID: 102670697050800650 bcsId: 0,size=1048576]} | ret=SUCCESS |  
2019-08-24 07:08:29,220 [grpc-default-executor-5] INFO  client.GrpcClientProtocolClient (GrpcClientProtocolClient.java:onNext(255)) - client-6EDD19400D46->06a4573b-67a1-41e3-a350-f896363bc636: receive RaftClientReply:client-6EDD19400D46->06a4573b-67a1-41e3-a350-f896363bc636@group-757E3781CD2A, cid=1789, SUCCESS, logIndex=2588, commits[06a4573b-67a1-41e3-a350-f896363bc636:c2589, 0b725bbf-683b-4664-9a2e-3c9dd6e38bc1:c2587, 9193e3b7-ae04-484d-a740-c65c11559486:c2587]
2019-08-24 07:08:29,220 | INFO  | DNAudit | user=null | ip=null | op=WRITE_CHUNK {blockData=conID: 2 locID: 102670697050800650 bcsId: 0} | ret=SUCCESS |  
2019-08-24 07:08:29,220 [grpc-default-executor-5] INFO  client.GrpcClientProtocolClient (GrpcClientProtocolClient.java:onNext(255)) - client-6EDD19400D46->06a4573b-67a1-41e3-a350-f896363bc636: receive RaftClientReply:client-6EDD19400D46->06a4573b-67a1-41e3-a350-f896363bc636@group-757E3781CD2A, cid=1790, SUCCESS, logIndex=2589, commits[06a4573b-67a1-41e3-a350-f896363bc636:c2591, 0b725bbf-683b-4664-9a2e-3c9dd6e38bc1:c2587, 9193e3b7-ae04-484d-a740-c65c11559486:c2587]
2019-08-24 07:08:29,221 | INFO  | DNAudit | user=null | ip=null | op=PUT_BLOCK {blockData=[blockId=conID: 2 locID: 102670697050800650 bcsId: 0,size=2097152]} | ret=SUCCESS |  
2019-08-24 07:08:29,221 [grpc-default-executor-5] INFO  client.GrpcClientProtocolClient (GrpcClientProtocolClient.java:onNext(255)) - client-6EDD19400D46->06a4573b-67a1-41e3-a350-f896363bc636: receive RaftClientReply:client-6EDD19400D46->06a4573b-67a1-41e3-a350-f896363bc636@group-757E3781CD2A, cid=1791, SUCCESS, logIndex=2590, commits[06a4573b-67a1-41e3-a350-f896363bc636:c2591, 0b725bbf-683b-4664-9a2e-3c9dd6e38bc1:c2587, 9193e3b7-ae04-484d-a740-c65c11559486:c2587]
2019-08-24 07:08:29,221 [grpc-default-executor-5] INFO  client.GrpcClientProtocolClient (GrpcClientProtocolClient.java:onNext(255)) - client-6EDD19400D46->06a4573b-67a1-41e3-a350-f896363bc636: receive RaftClientReply:client-6EDD19400D46->06a4573b-67a1-41e3-a350-f896363bc636@group-757E3781CD2A, cid=1792, SUCCESS, logIndex=2591, commits[06a4573b-67a1-41e3-a350-f896363bc636:c2591, 0b725bbf-683b-4664-9a2e-3c9dd6e38bc1:c2587, 9193e3b7-ae04-484d-a740-c65c11559486:c2587]
2019-08-24 07:08:29,223 | INFO  | DNAudit | user=null | ip=null | op=WRITE_CHUNK {blockData=conID: 2 locID: 102670697050800650 bcsId: 0} | ret=SUCCESS |  
2019-08-24 07:08:29,250 | INFO  | DNAudit | user=null | ip=null | op=PUT_BLOCK {blockData=[blockId=conID: 2 locID: 102670697050800650 bcsId: 0,size=1048576]} | ret=SUCCESS |  
2019-08-24 07:08:29,250 | INFO  | DNAudit | user=null | ip=null | op=WRITE_CHUNK {blockData=conID: 2 locID: 102670697050800650 bcsId: 0} | ret=SUCCESS |  
2019-08-24 07:08:29,250 | INFO  | DNAudit | user=null | ip=null | op=WRITE_CHUNK {blockData=conID: 2 locID: 102670697050800650 bcsId: 0} | ret=SUCCESS |  
2019-08-24 07:08:29,251 | INFO  | DNAudit | user=null | ip=null | op=PUT_BLOCK {blockData=[blockId=conID: 2 locID: 102670697050800650 bcsId: 0,size=2097152]} | ret=SUCCESS |  
2019-08-24 07:08:29,251 | INFO  | DNAudit | user=null | ip=null | op=PUT_BLOCK {blockData=[blockId=conID: 2 locID: 102670697050800650 bcsId: 0,size=1048576]} | ret=SUCCESS |  
2019-08-24 07:08:29,251 | INFO  | DNAudit | user=null | ip=null | op=WRITE_CHUNK {blockData=conID: 2 locID: 102670697050800650 bcsId: 0} | ret=SUCCESS |  
2019-08-24 07:08:29,251 | INFO  | DNAudit | user=null | ip=null | op=PUT_BLOCK {blockData=[blockId=conID: 2 locID: 102670697050800650 bcsId: 0,size=2097152]} | ret=SUCCESS |  
2019-08-24 07:08:29,251 [grpc-default-executor-5] INFO  client.GrpcClientProtocolClient (GrpcClientProtocolClient.java:onNext(255)) - client-6EDD19400D46->06a4573b-67a1-41e3-a350-f896363bc636: receive RaftClientReply:client-6EDD19400D46->06a4573b-67a1-41e3-a350-f896363bc636@group-757E3781CD2A, cid=1793, SUCCESS, logIndex=0, commits[06a4573b-67a1-41e3-a350-f896363bc636:c2594, 0b725bbf-683b-4664-9a2e-3c9dd6e38bc1:c2590, 9193e3b7-ae04-484d-a740-c65c11559486:c2591]
2019-08-24 07:08:29,259 | INFO  | DNAudit | user=null | ip=null | op=WRITE_CHUNK {blockData=conID: 2 locID: 102670697050800650 bcsId: 2591} | ret=SUCCESS |  
2019-08-24 07:08:29,262 | INFO  | DNAudit | user=null | ip=null | op=WRITE_CHUNK {blockData=conID: 2 locID: 102670697050800650 bcsId: 2591} | ret=SUCCESS |  
2019-08-24 07:08:29,262 | INFO  | DNAudit | user=null | ip=null | op=WRITE_CHUNK {blockData=conID: 2 locID: 102670697050800650 bcsId: 2591} | ret=SUCCESS |  
2019-08-24 07:08:29,272 | INFO  | DNAudit | user=null | ip=null | op=WRITE_CHUNK {blockData=conID: 2 locID: 102670697050800650 bcsId: 2591} | ret=SUCCESS |  
2019-08-24 07:08:29,273 | INFO  | DNAudit | user=null | ip=null | op=PUT_BLOCK {blockData=[blockId=conID: 2 locID: 102670697050800650 bcsId: 0,size=3145728]} | ret=SUCCESS |  
2019-08-24 07:08:29,273 [grpc-default-executor-5] INFO  client.GrpcClientProtocolClient (GrpcClientProtocolClient.java:onNext(255)) - client-6EDD19400D46->06a4573b-67a1-41e3-a350-f896363bc636: receive RaftClientReply:client-6EDD19400D46->06a4573b-67a1-41e3-a350-f896363bc636@group-757E3781CD2A, cid=1794, SUCCESS, logIndex=2596, commits[06a4573b-67a1-41e3-a350-f896363bc636:c2597, 0b725bbf-683b-4664-9a2e-3c9dd6e38bc1:c2595, 9193e3b7-ae04-484d-a740-c65c11559486:c2595]
2019-08-24 07:08:29,273 [grpc-default-executor-1] INFO  client.GrpcClientProtocolClient (GrpcClientProtocolClient.java:onNext(255)) - client-6EDD19400D46->06a4573b-67a1-41e3-a350-f896363bc636: receive RaftClientReply:client-6EDD19400D46->06a4573b-67a1-41e3-a350-f896363bc636@group-757E3781CD2A, cid=1795, SUCCESS, logIndex=2597, commits[06a4573b-67a1-41e3-a350-f896363bc636:c2597, 0b725bbf-683b-4664-9a2e-3c9dd6e38bc1:c2595, 9193e3b7-ae04-484d-a740-c65c11559486:c2595]
2019-08-24 07:08:29,281 | INFO  | DNAudit | user=null | ip=null | op=WRITE_CHUNK {blockData=conID: 2 locID: 102670697050800650 bcsId: 2597} | ret=SUCCESS |  
2019-08-24 07:08:29,284 | INFO  | DNAudit | user=null | ip=null | op=WRITE_CHUNK {blockData=conID: 2 locID: 102670697050800650 bcsId: 2597} | ret=SUCCESS |  
2019-08-24 07:08:29,284 | INFO  | DNAudit | user=null | ip=null | op=WRITE_CHUNK {blockData=conID: 2 locID: 102670697050800650 bcsId: 2597} | ret=SUCCESS |  
2019-08-24 07:08:29,284 | INFO  | DNAudit | user=null | ip=null | op=WRITE_CHUNK {blockData=conID: 2 locID: 102670697050800650 bcsId: 2591} | ret=SUCCESS |  
2019-08-24 07:08:29,284 | INFO  | DNAudit | user=null | ip=null | op=WRITE_CHUNK {blockData=conID: 2 locID: 102670697050800650 bcsId: 2591} | ret=SUCCESS |  
2019-08-24 07:08:29,284 | INFO  | DNAudit | user=null | ip=null | op=PUT_BLOCK {blockData=[blockId=conID: 2 locID: 102670697050800650 bcsId: 0,size=3145728]} | ret=SUCCESS |  
2019-08-24 07:08:29,285 | INFO  | DNAudit | user=null | ip=null | op=PUT_BLOCK {blockData=[blockId=conID: 2 locID: 102670697050800650 bcsId: 0,size=3145728]} | ret=SUCCESS |  
2019-08-24 07:08:29,287 | INFO  | DNAudit | user=null | ip=null | op=WRITE_CHUNK {blockData=conID: 2 locID: 102670697050800650 bcsId: 2597} | ret=SUCCESS |  
2019-08-24 07:08:29,288 | INFO  | DNAudit | user=null | ip=null | op=PUT_BLOCK {blockData=[blockId=conID: 2 locID: 102670697050800650 bcsId: 0,size=4194304]} | ret=SUCCESS |  
2019-08-24 07:08:29,288 [grpc-default-executor-1] INFO  client.GrpcClientProtocolClient (GrpcClientProtocolClient.java:onNext(255)) - client-6EDD19400D46->06a4573b-67a1-41e3-a350-f896363bc636: receive RaftClientReply:client-6EDD19400D46->06a4573b-67a1-41e3-a350-f896363bc636@group-757E3781CD2A, cid=1796, SUCCESS, logIndex=2600, commits[06a4573b-67a1-41e3-a350-f896363bc636:c2601, 0b725bbf-683b-4664-9a2e-3c9dd6e38bc1:c2597, 9193e3b7-ae04-484d-a740-c65c11559486:c2597]
2019-08-24 07:08:29,288 [grpc-default-executor-1] INFO  client.GrpcClientProtocolClient (GrpcClientProtocolClient.java:onNext(255)) - client-6EDD19400D46->06a4573b-67a1-41e3-a350-f896363bc636: receive RaftClientReply:client-6EDD19400D46->06a4573b-67a1-41e3-a350-f896363bc636@group-757E3781CD2A, cid=1797, SUCCESS, logIndex=2601, commits[06a4573b-67a1-41e3-a350-f896363bc636:c2601, 0b725bbf-683b-4664-9a2e-3c9dd6e38bc1:c2597, 9193e3b7-ae04-484d-a740-c65c11559486:c2597]
2019-08-24 07:08:29,299 | INFO  | DNAudit | user=null | ip=null | op=WRITE_CHUNK {blockData=conID: 2 locID: 102670697050800650 bcsId: 2597} | ret=SUCCESS |  
2019-08-24 07:08:29,299 | INFO  | DNAudit | user=null | ip=null | op=WRITE_CHUNK {blockData=conID: 2 locID: 102670697050800650 bcsId: 2597} | ret=SUCCESS |  
2019-08-24 07:08:29,299 | INFO  | DNAudit | user=null | ip=null | op=PUT_BLOCK {blockData=[blockId=conID: 2 locID: 102670697050800650 bcsId: 0,size=4194304]} | ret=SUCCESS |  
2019-08-24 07:08:29,300 | INFO  | DNAudit | user=null | ip=null | op=PUT_BLOCK {blockData=[blockId=conID: 2 locID: 102670697050800650 bcsId: 0,size=4194304]} | ret=SUCCESS |  
2019-08-24 07:08:29,300 [grpc-default-executor-1] INFO  client.GrpcClientProtocolClient (GrpcClientProtocolClient.java:onNext(255)) - client-6EDD19400D46->06a4573b-67a1-41e3-a350-f896363bc636: receive RaftClientReply:client-6EDD19400D46->06a4573b-67a1-41e3-a350-f896363bc636@group-757E3781CD2A, cid=1798, SUCCESS, logIndex=0, commits[06a4573b-67a1-41e3-a350-f896363bc636:c2602, 0b725bbf-683b-4664-9a2e-3c9dd6e38bc1:c2601, 9193e3b7-ae04-484d-a740-c65c11559486:c2601]
2019-08-24 07:08:29,305 | INFO  | SCMAudit | user=jenkins1000 | ip=192.168.69.125 | op=ALLOCATE_BLOCK {owner=61bacca8-15b6-4a50-8962-5e9786b18b0d, size=4194304, type=RATIS, factor=THREE} | ret=SUCCESS |  
2019-08-24 07:08:29,308 | INFO  | OMAudit | user=jenkins1000 | ip=127.0.0.1 | op=ALLOCATE_BLOCK {volume=vol-0-26988, bucket=bucket-0-20739, key=key-0-27353, dataSize=0, replicationType=null, replicationFactor=null, keyLocationInfo=null, clientID=102670695851229586} | ret=SUCCESS |  
2019-08-24 07:08:29,316 | INFO  | DNAudit | user=null | ip=null | op=WRITE_CHUNK {blockData=conID: 3 locID: 102670697057813003 bcsId: 0} | ret=SUCCESS |  
2019-08-24 07:08:29,318 | INFO  | DNAudit | user=null | ip=null | op=WRITE_CHUNK {blockData=conID: 3 locID: 102670697057813003 bcsId: 0} | ret=SUCCESS |  
2019-08-24 07:08:29,319 | INFO  | DNAudit | user=null | ip=null | op=WRITE_CHUNK {blockData=conID: 3 locID: 102670697057813003 bcsId: 0} | ret=SUCCESS |  
2019-08-24 07:08:29,319 | INFO  | DNAudit | user=null | ip=null | op=WRITE_CHUNK {blockData=conID: 3 locID: 102670697057813003 bcsId: 0} | ret=SUCCESS |  
2019-08-24 07:08:29,320 | INFO  | DNAudit | user=null | ip=null | op=WRITE_CHUNK {blockData=conID: 3 locID: 102670697057813003 bcsId: 0} | ret=SUCCESS |  
2019-08-24 07:08:29,321 | INFO  | DNAudit | user=null | ip=null | op=WRITE_CHUNK {blockData=conID: 3 locID: 102670697057813003 bcsId: 0} | ret=SUCCESS |  
2019-08-24 07:08:29,328 | INFO  | DNAudit | user=null | ip=null | op=WRITE_CHUNK {blockData=conID: 3 locID: 102670697057813003 bcsId: 0} | ret=SUCCESS |  
2019-08-24 07:08:29,329 | INFO  | DNAudit | user=null | ip=null | op=PUT_BLOCK {blockData=[blockId=conID: 3 locID: 102670697057813003 bcsId: 0,size=1048576]} | ret=SUCCESS |  
2019-08-24 07:08:29,329 [grpc-default-executor-1] INFO  client.GrpcClientProtocolClient (GrpcClientProtocolClient.java:onNext(255)) - client-6EDD19400D46->06a4573b-67a1-41e3-a350-f896363bc636: receive RaftClientReply:client-6EDD19400D46->06a4573b-67a1-41e3-a350-f896363bc636@group-757E3781CD2A, cid=1799, SUCCESS, logIndex=2604, commits[06a4573b-67a1-41e3-a350-f896363bc636:c2606, 0b725bbf-683b-4664-9a2e-3c9dd6e38bc1:c2603, 9193e3b7-ae04-484d-a740-c65c11559486:c2603]
2019-08-24 07:08:29,329 | INFO  | DNAudit | user=null | ip=null | op=WRITE_CHUNK {blockData=conID: 3 locID: 102670697057813003 bcsId: 0} | ret=SUCCESS |  
2019-08-24 07:08:29,329 | INFO  | DNAudit | user=null | ip=null | op=WRITE_CHUNK {blockData=conID: 3 locID: 102670697057813003 bcsId: 0} | ret=SUCCESS |  
2019-08-24 07:08:29,329 [grpc-default-executor-1] INFO  client.GrpcClientProtocolClient (GrpcClientProtocolClient.java:onNext(255)) - client-6EDD19400D46->06a4573b-67a1-41e3-a350-f896363bc636: receive RaftClientReply:client-6EDD19400D46->06a4573b-67a1-41e3-a350-f896363bc636@group-757E3781CD2A, cid=1800, SUCCESS, logIndex=2605, commits[06a4573b-67a1-41e3-a350-f896363bc636:c2607, 0b725bbf-683b-4664-9a2e-3c9dd6e38bc1:c2603, 9193e3b7-ae04-484d-a740-c65c11559486:c2603]
2019-08-24 07:08:29,330 | INFO  | DNAudit | user=null | ip=null | op=PUT_BLOCK {blockData=[blockId=conID: 3 locID: 102670697057813003 bcsId: 0,size=1048576]} | ret=SUCCESS |  
2019-08-24 07:08:29,330 | INFO  | DNAudit | user=null | ip=null | op=PUT_BLOCK {blockData=[blockId=conID: 3 locID: 102670697057813003 bcsId: 0,size=2097152]} | ret=SUCCESS |  
2019-08-24 07:08:29,330 [grpc-default-executor-1] INFO  client.GrpcClientProtocolClient (GrpcClientProtocolClient.java:onNext(255)) - client-6EDD19400D46->06a4573b-67a1-41e3-a350-f896363bc636: receive RaftClientReply:client-6EDD19400D46->06a4573b-67a1-41e3-a350-f896363bc636@group-757E3781CD2A, cid=1801, SUCCESS, logIndex=2606, commits[06a4573b-67a1-41e3-a350-f896363bc636:c2607, 0b725bbf-683b-4664-9a2e-3c9dd6e38bc1:c2603, 9193e3b7-ae04-484d-a740-c65c11559486:c2603]
2019-08-24 07:08:29,330 | INFO  | DNAudit | user=null | ip=null | op=WRITE_CHUNK {blockData=conID: 3 locID: 102670697057813003 bcsId: 0} | ret=SUCCESS |  
2019-08-24 07:08:29,330 [grpc-default-executor-1] INFO  client.GrpcClientProtocolClient (GrpcClientProtocolClient.java:onNext(255)) - client-6EDD19400D46->06a4573b-67a1-41e3-a350-f896363bc636: receive RaftClientReply:client-6EDD19400D46->06a4573b-67a1-41e3-a350-f896363bc636@group-757E3781CD2A, cid=1802, SUCCESS, logIndex=2607, commits[06a4573b-67a1-41e3-a350-f896363bc636:c2608, 0b725bbf-683b-4664-9a2e-3c9dd6e38bc1:c2603, 9193e3b7-ae04-484d-a740-c65c11559486:c2605]
2019-08-24 07:08:29,331 | INFO  | DNAudit | user=null | ip=null | op=WRITE_CHUNK {blockData=conID: 3 locID: 102670697057813003 bcsId: 0} | ret=SUCCESS |  
2019-08-24 07:08:29,331 | INFO  | DNAudit | user=null | ip=null | op=PUT_BLOCK {blockData=[blockId=conID: 3 locID: 102670697057813003 bcsId: 0,size=2097152]} | ret=SUCCESS |  
2019-08-24 07:08:29,331 | INFO  | DNAudit | user=null | ip=null | op=PUT_BLOCK {blockData=[blockId=conID: 3 locID: 102670697057813003 bcsId: 0,size=1048576]} | ret=SUCCESS |  
2019-08-24 07:08:29,332 | INFO  | DNAudit | user=null | ip=null | op=WRITE_CHUNK {blockData=conID: 3 locID: 102670697057813003 bcsId: 0} | ret=SUCCESS |  
2019-08-24 07:08:29,332 | INFO  | DNAudit | user=null | ip=null | op=PUT_BLOCK {blockData=[blockId=conID: 3 locID: 102670697057813003 bcsId: 0,size=2097152]} | ret=SUCCESS |  
2019-08-24 07:08:29,332 [grpc-default-executor-2] INFO  client.GrpcClientProtocolClient (GrpcClientProtocolClient.java:onNext(255)) - client-6EDD19400D46->06a4573b-67a1-41e3-a350-f896363bc636: receive RaftClientReply:client-6EDD19400D46->06a4573b-67a1-41e3-a350-f896363bc636@group-757E3781CD2A, cid=1803, SUCCESS, logIndex=0, commits[06a4573b-67a1-41e3-a350-f896363bc636:c2611, 0b725bbf-683b-4664-9a2e-3c9dd6e38bc1:c2605, 9193e3b7-ae04-484d-a740-c65c11559486:c2607]
2019-08-24 07:08:29,338 | INFO  | DNAudit | user=null | ip=null | op=WRITE_CHUNK {blockData=conID: 3 locID: 102670697057813003 bcsId: 2607} | ret=SUCCESS |  
2019-08-24 07:08:29,341 | INFO  | DNAudit | user=null | ip=null | op=WRITE_CHUNK {blockData=conID: 3 locID: 102670697057813003 bcsId: 2607} | ret=SUCCESS |  
2019-08-24 07:08:29,341 | INFO  | DNAudit | user=null | ip=null | op=WRITE_CHUNK {blockData=conID: 3 locID: 102670697057813003 bcsId: 2607} | ret=SUCCESS |  
2019-08-24 07:08:29,351 | INFO  | DNAudit | user=null | ip=null | op=WRITE_CHUNK {blockData=conID: 3 locID: 102670697057813003 bcsId: 2607} | ret=SUCCESS |  
2019-08-24 07:08:29,351 | INFO  | DNAudit | user=null | ip=null | op=PUT_BLOCK {blockData=[blockId=conID: 3 locID: 102670697057813003 bcsId: 0,size=3145728]} | ret=SUCCESS |  
2019-08-24 07:08:29,351 [grpc-default-executor-2] INFO  client.GrpcClientProtocolClient (GrpcClientProtocolClient.java:onNext(255)) - client-6EDD19400D46->06a4573b-67a1-41e3-a350-f896363bc636: receive RaftClientReply:client-6EDD19400D46->06a4573b-67a1-41e3-a350-f896363bc636@group-757E3781CD2A, cid=1804, SUCCESS, logIndex=2612, commits[06a4573b-67a1-41e3-a350-f896363bc636:c2613, 0b725bbf-683b-4664-9a2e-3c9dd6e38bc1:c2611, 9193e3b7-ae04-484d-a740-c65c11559486:c2611]
2019-08-24 07:08:29,352 [grpc-default-executor-2] INFO  client.GrpcClientProtocolClient (GrpcClientProtocolClient.java:onNext(255)) - client-6EDD19400D46->06a4573b-67a1-41e3-a350-f896363bc636: receive RaftClientReply:client-6EDD19400D46->06a4573b-67a1-41e3-a350-f896363bc636@group-757E3781CD2A, cid=1805, SUCCESS, logIndex=2613, commits[06a4573b-67a1-41e3-a350-f896363bc636:c2613, 0b725bbf-683b-4664-9a2e-3c9dd6e38bc1:c2611, 9193e3b7-ae04-484d-a740-c65c11559486:c2611]
 0.00% |█                                                                                                    |  0/1 Time: 0:00:182019-08-24 07:08:29,358 | INFO  | DNAudit | user=null | ip=null | op=WRITE_CHUNK {blockData=conID: 3 locID: 102670697057813003 bcsId: 2613} | ret=SUCCESS |  
2019-08-24 07:08:29,361 | INFO  | DNAudit | user=null | ip=null | op=WRITE_CHUNK {blockData=conID: 3 locID: 102670697057813003 bcsId: 2613} | ret=SUCCESS |  
2019-08-24 07:08:29,361 | INFO  | DNAudit | user=null | ip=null | op=WRITE_CHUNK {blockData=conID: 3 locID: 102670697057813003 bcsId: 2613} | ret=SUCCESS |  
2019-08-24 07:08:29,362 | INFO  | DNAudit | user=null | ip=null | op=WRITE_CHUNK {blockData=conID: 3 locID: 102670697057813003 bcsId: 2607} | ret=SUCCESS |  
2019-08-24 07:08:29,363 | INFO  | DNAudit | user=null | ip=null | op=WRITE_CHUNK {blockData=conID: 3 locID: 102670697057813003 bcsId: 2607} | ret=SUCCESS |  
2019-08-24 07:08:29,363 | INFO  | DNAudit | user=null | ip=null | op=PUT_BLOCK {blockData=[blockId=conID: 3 locID: 102670697057813003 bcsId: 0,size=3145728]} | ret=SUCCESS |  
2019-08-24 07:08:29,364 | INFO  | DNAudit | user=null | ip=null | op=PUT_BLOCK {blockData=[blockId=conID: 3 locID: 102670697057813003 bcsId: 0,size=3145728]} | ret=SUCCESS |  
2019-08-24 07:08:29,364 | INFO  | DNAudit | user=null | ip=null | op=WRITE_CHUNK {blockData=conID: 3 locID: 102670697057813003 bcsId: 2613} | ret=SUCCESS |  
2019-08-24 07:08:29,365 | INFO  | DNAudit | user=null | ip=null | op=PUT_BLOCK {blockData=[blockId=conID: 3 locID: 102670697057813003 bcsId: 0,size=4194304]} | ret=SUCCESS |  
2019-08-24 07:08:29,365 [grpc-default-executor-0] INFO  client.GrpcClientProtocolClient (GrpcClientProtocolClient.java:onNext(255)) - client-6EDD19400D46->06a4573b-67a1-41e3-a350-f896363bc636: receive RaftClientReply:client-6EDD19400D46->06a4573b-67a1-41e3-a350-f896363bc636@group-757E3781CD2A, cid=1806, SUCCESS, logIndex=2616, commits[06a4573b-67a1-41e3-a350-f896363bc636:c2617, 0b725bbf-683b-4664-9a2e-3c9dd6e38bc1:c2613, 9193e3b7-ae04-484d-a740-c65c11559486:c2613]
2019-08-24 07:08:29,365 [grpc-default-executor-0] INFO  client.GrpcClientProtocolClient (GrpcClientProtocolClient.java:onNext(255)) - client-6EDD19400D46->06a4573b-67a1-41e3-a350-f896363bc636: receive RaftClientReply:client-6EDD19400D46->06a4573b-67a1-41e3-a350-f896363bc636@group-757E3781CD2A, cid=1807, SUCCESS, logIndex=2617, commits[06a4573b-67a1-41e3-a350-f896363bc636:c2617, 0b725bbf-683b-4664-9a2e-3c9dd6e38bc1:c2613, 9193e3b7-ae04-484d-a740-c65c11559486:c2613]
2019-08-24 07:08:29,376 | INFO  | DNAudit | user=null | ip=null | op=WRITE_CHUNK {blockData=conID: 3 locID: 102670697057813003 bcsId: 2613} | ret=SUCCESS |  
2019-08-24 07:08:29,376 | INFO  | DNAudit | user=null | ip=null | op=WRITE_CHUNK {blockData=conID: 3 locID: 102670697057813003 bcsId: 2613} | ret=SUCCESS |  
2019-08-24 07:08:29,378 | INFO  | DNAudit | user=null | ip=null | op=PUT_BLOCK {blockData=[blockId=conID: 3 locID: 102670697057813003 bcsId: 0,size=4194304]} | ret=SUCCESS |  
2019-08-24 07:08:29,379 | INFO  | DNAudit | user=null | ip=null | op=PUT_BLOCK {blockData=[blockId=conID: 3 locID: 102670697057813003 bcsId: 0,size=4194304]} | ret=SUCCESS |  
2019-08-24 07:08:29,379 [grpc-default-executor-1] INFO  client.GrpcClientProtocolClient (GrpcClientProtocolClient.java:onNext(255)) - client-6EDD19400D46->06a4573b-67a1-41e3-a350-f896363bc636: receive RaftClientReply:client-6EDD19400D46->06a4573b-67a1-41e3-a350-f896363bc636@group-757E3781CD2A, cid=1808, SUCCESS, logIndex=0, commits[06a4573b-67a1-41e3-a350-f896363bc636:c2619, 0b725bbf-683b-4664-9a2e-3c9dd6e38bc1:c2617, 9193e3b7-ae04-484d-a740-c65c11559486:c2617]
2019-08-24 07:08:29,383 | INFO  | SCMAudit | user=jenkins1000 | ip=192.168.69.125 | op=ALLOCATE_BLOCK {owner=61bacca8-15b6-4a50-8962-5e9786b18b0d, size=4194304, type=RATIS, factor=THREE} | ret=SUCCESS |  
2019-08-24 07:08:29,386 | INFO  | OMAudit | user=jenkins1000 | ip=127.0.0.1 | op=ALLOCATE_BLOCK {volume=vol-0-26988, bucket=bucket-0-20739, key=key-0-27353, dataSize=0, replicationType=null, replicationFactor=null, keyLocationInfo=null, clientID=102670695851229586} | ret=SUCCESS |  
2019-08-24 07:08:29,394 | INFO  | DNAudit | user=null | ip=null | op=WRITE_CHUNK {blockData=conID: 1 locID: 102670697062924812 bcsId: 0} | ret=SUCCESS |  
2019-08-24 07:08:29,397 | INFO  | DNAudit | user=null | ip=null | op=WRITE_CHUNK {blockData=conID: 1 locID: 102670697062924812 bcsId: 0} | ret=SUCCESS |  
2019-08-24 07:08:29,399 | INFO  | DNAudit | user=null | ip=null | op=WRITE_CHUNK {blockData=conID: 1 locID: 102670697062924812 bcsId: 0} | ret=SUCCESS |  
2019-08-24 07:08:29,400 | INFO  | DNAudit | user=null | ip=null | op=WRITE_CHUNK {blockData=conID: 1 locID: 102670697062924812 bcsId: 0} | ret=SUCCESS |  
2019-08-24 07:08:29,401 | INFO  | DNAudit | user=null | ip=null | op=WRITE_CHUNK {blockData=conID: 1 locID: 102670697062924812 bcsId: 0} | ret=SUCCESS |  
2019-08-24 07:08:29,401 | INFO  | DNAudit | user=null | ip=null | op=WRITE_CHUNK {blockData=conID: 1 locID: 102670697062924812 bcsId: 0} | ret=SUCCESS |  
2019-08-24 07:08:29,407 | INFO  | DNAudit | user=null | ip=null | op=WRITE_CHUNK {blockData=conID: 1 locID: 102670697062924812 bcsId: 0} | ret=SUCCESS |  
2019-08-24 07:08:29,407 | INFO  | DNAudit | user=null | ip=null | op=PUT_BLOCK {blockData=[blockId=conID: 1 locID: 102670697062924812 bcsId: 0,size=1048576]} | ret=SUCCESS |  
2019-08-24 07:08:29,407 | INFO  | DNAudit | user=null | ip=null | op=WRITE_CHUNK {blockData=conID: 1 locID: 102670697062924812 bcsId: 0} | ret=SUCCESS |  
2019-08-24 07:08:29,407 [grpc-default-executor-2] INFO  client.GrpcClientProtocolClient (GrpcClientProtocolClient.java:onNext(255)) - client-6EDD19400D46->06a4573b-67a1-41e3-a350-f896363bc636: receive RaftClientReply:client-6EDD19400D46->06a4573b-67a1-41e3-a350-f896363bc636@group-757E3781CD2A, cid=1809, SUCCESS, logIndex=2620, commits[06a4573b-67a1-41e3-a350-f896363bc636:c2621, 0b725bbf-683b-4664-9a2e-3c9dd6e38bc1:c2619, 9193e3b7-ae04-484d-a740-c65c11559486:c2619]
2019-08-24 07:08:29,408 | INFO  | DNAudit | user=null | ip=null | op=PUT_BLOCK {blockData=[blockId=conID: 1 locID: 102670697062924812 bcsId: 0,size=2097152]} | ret=SUCCESS |  
2019-08-24 07:08:29,408 | INFO  | DNAudit | user=null | ip=null | op=WRITE_CHUNK {blockData=conID: 1 locID: 102670697062924812 bcsId: 0} | ret=SUCCESS |  
2019-08-24 07:08:29,408 | INFO  | DNAudit | user=null | ip=null | op=WRITE_CHUNK {blockData=conID: 1 locID: 102670697062924812 bcsId: 0} | ret=SUCCESS |  
2019-08-24 07:08:29,408 [grpc-default-executor-2] INFO  client.GrpcClientProtocolClient (GrpcClientProtocolClient.java:onNext(255)) - client-6EDD19400D46->06a4573b-67a1-41e3-a350-f896363bc636: receive RaftClientReply:client-6EDD19400D46->06a4573b-67a1-41e3-a350-f896363bc636@group-757E3781CD2A, cid=1810, SUCCESS, logIndex=2621, commits[06a4573b-67a1-41e3-a350-f896363bc636:c2623, 0b725bbf-683b-4664-9a2e-3c9dd6e38bc1:c2619, 9193e3b7-ae04-484d-a740-c65c11559486:c2619]
2019-08-24 07:08:29,408 [grpc-default-executor-2] INFO  client.GrpcClientProtocolClient (GrpcClientProtocolClient.java:onNext(255)) - client-6EDD19400D46->06a4573b-67a1-41e3-a350-f896363bc636: receive RaftClientReply:client-6EDD19400D46->06a4573b-67a1-41e3-a350-f896363bc636@group-757E3781CD2A, cid=1811, SUCCESS, logIndex=2622, commits[06a4573b-67a1-41e3-a350-f896363bc636:c2623, 0b725bbf-683b-4664-9a2e-3c9dd6e38bc1:c2619, 9193e3b7-ae04-484d-a740-c65c11559486:c2619]
2019-08-24 07:08:29,408 | INFO  | DNAudit | user=null | ip=null | op=PUT_BLOCK {blockData=[blockId=conID: 1 locID: 102670697062924812 bcsId: 0,size=1048576]} | ret=SUCCESS |  
2019-08-24 07:08:29,408 [grpc-default-executor-2] INFO  client.GrpcClientProtocolClient (GrpcClientProtocolClient.java:onNext(255)) - client-6EDD19400D46->06a4573b-67a1-41e3-a350-f896363bc636: receive RaftClientReply:client-6EDD19400D46->06a4573b-67a1-41e3-a350-f896363bc636@group-757E3781CD2A, cid=1812, SUCCESS, logIndex=2623, commits[06a4573b-67a1-41e3-a350-f896363bc636:c2624, 0b725bbf-683b-4664-9a2e-3c9dd6e38bc1:c2620, 9193e3b7-ae04-484d-a740-c65c11559486:c2619]
2019-08-24 07:08:29,409 | INFO  | DNAudit | user=null | ip=null | op=WRITE_CHUNK {blockData=conID: 1 locID: 102670697062924812 bcsId: 0} | ret=SUCCESS |  
2019-08-24 07:08:29,409 | INFO  | DNAudit | user=null | ip=null | op=PUT_BLOCK {blockData=[blockId=conID: 1 locID: 102670697062924812 bcsId: 0,size=2097152]} | ret=SUCCESS |  
2019-08-24 07:08:29,409 | INFO  | DNAudit | user=null | ip=null | op=PUT_BLOCK {blockData=[blockId=conID: 1 locID: 102670697062924812 bcsId: 0,size=1048576]} | ret=SUCCESS |  
2019-08-24 07:08:29,409 | INFO  | DNAudit | user=null | ip=null | op=WRITE_CHUNK {blockData=conID: 1 locID: 102670697062924812 bcsId: 0} | ret=SUCCESS |  
2019-08-24 07:08:29,409 | INFO  | DNAudit | user=null | ip=null | op=PUT_BLOCK {blockData=[blockId=conID: 1 locID: 102670697062924812 bcsId: 0,size=2097152]} | ret=SUCCESS |  
2019-08-24 07:08:29,409 [grpc-default-executor-2] INFO  client.GrpcClientProtocolClient (GrpcClientProtocolClient.java:onNext(255)) - client-6EDD19400D46->06a4573b-67a1-41e3-a350-f896363bc636: receive RaftClientReply:client-6EDD19400D46->06a4573b-67a1-41e3-a350-f896363bc636@group-757E3781CD2A, cid=1813, SUCCESS, logIndex=0, commits[06a4573b-67a1-41e3-a350-f896363bc636:c2627, 0b725bbf-683b-4664-9a2e-3c9dd6e38bc1:c2623, 9193e3b7-ae04-484d-a740-c65c11559486:c2621]
2019-08-24 07:08:29,416 | INFO  | DNAudit | user=null | ip=null | op=WRITE_CHUNK {blockData=conID: 1 locID: 102670697062924812 bcsId: 2623} | ret=SUCCESS |  
2019-08-24 07:08:29,418 | INFO  | DNAudit | user=null | ip=null | op=WRITE_CHUNK {blockData=conID: 1 locID: 102670697062924812 bcsId: 2623} | ret=SUCCESS |  
2019-08-24 07:08:29,419 | INFO  | DNAudit | user=null | ip=null | op=WRITE_CHUNK {blockData=conID: 1 locID: 102670697062924812 bcsId: 2623} | ret=SUCCESS |  
2019-08-24 07:08:29,429 | INFO  | DNAudit | user=null | ip=null | op=WRITE_CHUNK {blockData=conID: 1 locID: 102670697062924812 bcsId: 2623} | ret=SUCCESS |  
2019-08-24 07:08:29,429 | INFO  | SCMAudit | user=jenkins1000 | ip=192.168.69.125 | op=SEND_HEARTBEAT {datanodeUUID=25ce0803-6f34-4c69-82c0-892f08679042, command=[]} | ret=SUCCESS |  
2019-08-24 07:08:29,429 | INFO  | SCMAudit | user=jenkins1000 | ip=192.168.69.125 | op=SEND_HEARTBEAT {datanodeUUID=0b725bbf-683b-4664-9a2e-3c9dd6e38bc1, command=[]} | ret=SUCCESS |  
2019-08-24 07:08:29,430 | INFO  | SCMAudit | user=jenkins1000 | ip=192.168.69.125 | op=SEND_HEARTBEAT {datanodeUUID=9193e3b7-ae04-484d-a740-c65c11559486, command=[]} | ret=SUCCESS |  
2019-08-24 07:08:29,430 | INFO  | DNAudit | user=null | ip=null | op=PUT_BLOCK {blockData=[blockId=conID: 1 locID: 102670697062924812 bcsId: 0,size=3145728]} | ret=SUCCESS |  
2019-08-24 07:08:29,430 [grpc-default-executor-1] INFO  client.GrpcClientProtocolClient (GrpcClientProtocolClient.java:onNext(255)) - client-6EDD19400D46->06a4573b-67a1-41e3-a350-f896363bc636: receive RaftClientReply:client-6EDD19400D46->06a4573b-67a1-41e3-a350-f896363bc636@group-757E3781CD2A, cid=1814, SUCCESS, logIndex=2628, commits[06a4573b-67a1-41e3-a350-f896363bc636:c2628, 0b725bbf-683b-4664-9a2e-3c9dd6e38bc1:c2623, 9193e3b7-ae04-484d-a740-c65c11559486:c2627]
2019-08-24 07:08:29,430 | INFO  | SCMAudit | user=jenkins1000 | ip=192.168.69.125 | op=SEND_HEARTBEAT {datanodeUUID=06a4573b-67a1-41e3-a350-f896363bc636, command=[]} | ret=SUCCESS |  
2019-08-24 07:08:29,430 [grpc-default-executor-1] INFO  client.GrpcClientProtocolClient (GrpcClientProtocolClient.java:onNext(255)) - client-6EDD19400D46->06a4573b-67a1-41e3-a350-f896363bc636: receive RaftClientReply:client-6EDD19400D46->06a4573b-67a1-41e3-a350-f896363bc636@group-757E3781CD2A, cid=1815, SUCCESS, logIndex=2629, commits[06a4573b-67a1-41e3-a350-f896363bc636:c2629, 0b725bbf-683b-4664-9a2e-3c9dd6e38bc1:c2627, 9193e3b7-ae04-484d-a740-c65c11559486:c2627]
2019-08-24 07:08:29,437 | INFO  | DNAudit | user=null | ip=null | op=WRITE_CHUNK {blockData=conID: 1 locID: 102670697062924812 bcsId: 2629} | ret=SUCCESS |  
2019-08-24 07:08:29,439 | INFO  | DNAudit | user=null | ip=null | op=WRITE_CHUNK {blockData=conID: 1 locID: 102670697062924812 bcsId: 2629} | ret=SUCCESS |  
2019-08-24 07:08:29,440 | INFO  | DNAudit | user=null | ip=null | op=WRITE_CHUNK {blockData=conID: 1 locID: 102670697062924812 bcsId: 2629} | ret=SUCCESS |  
2019-08-24 07:08:29,440 | INFO  | DNAudit | user=null | ip=null | op=WRITE_CHUNK {blockData=conID: 1 locID: 102670697062924812 bcsId: 2623} | ret=SUCCESS |  
2019-08-24 07:08:29,440 | INFO  | DNAudit | user=null | ip=null | op=WRITE_CHUNK {blockData=conID: 1 locID: 102670697062924812 bcsId: 2623} | ret=SUCCESS |  
2019-08-24 07:08:29,443 | INFO  | DNAudit | user=null | ip=null | op=PUT_BLOCK {blockData=[blockId=conID: 1 locID: 102670697062924812 bcsId: 0,size=3145728]} | ret=SUCCESS |  
2019-08-24 07:08:29,444 | INFO  | DNAudit | user=null | ip=null | op=PUT_BLOCK {blockData=[blockId=conID: 1 locID: 102670697062924812 bcsId: 0,size=3145728]} | ret=SUCCESS |  
2019-08-24 07:08:29,444 | INFO  | DNAudit | user=null | ip=null | op=WRITE_CHUNK {blockData=conID: 1 locID: 102670697062924812 bcsId: 2629} | ret=SUCCESS |  
2019-08-24 07:08:29,444 | INFO  | DNAudit | user=null | ip=null | op=PUT_BLOCK {blockData=[blockId=conID: 1 locID: 102670697062924812 bcsId: 0,size=4194304]} | ret=SUCCESS |  
2019-08-24 07:08:29,444 [grpc-default-executor-1] INFO  client.GrpcClientProtocolClient (GrpcClientProtocolClient.java:onNext(255)) - client-6EDD19400D46->06a4573b-67a1-41e3-a350-f896363bc636: receive RaftClientReply:client-6EDD19400D46->06a4573b-67a1-41e3-a350-f896363bc636@group-757E3781CD2A, cid=1816, SUCCESS, logIndex=2632, commits[06a4573b-67a1-41e3-a350-f896363bc636:c2633, 0b725bbf-683b-4664-9a2e-3c9dd6e38bc1:c2629, 9193e3b7-ae04-484d-a740-c65c11559486:c2629]
2019-08-24 07:08:29,444 [grpc-default-executor-1] INFO  client.GrpcClientProtocolClient (GrpcClientProtocolClient.java:onNext(255)) - client-6EDD19400D46->06a4573b-67a1-41e3-a350-f896363bc636: receive RaftClientReply:client-6EDD19400D46->06a4573b-67a1-41e3-a350-f896363bc636@group-757E3781CD2A, cid=1817, SUCCESS, logIndex=2633, commits[06a4573b-67a1-41e3-a350-f896363bc636:c2633, 0b725bbf-683b-4664-9a2e-3c9dd6e38bc1:c2629, 9193e3b7-ae04-484d-a740-c65c11559486:c2629]
2019-08-24 07:08:29,475 | INFO  | DNAudit | user=null | ip=null | op=WRITE_CHUNK {blockData=conID: 1 locID: 102670697062924812 bcsId: 2629} | ret=SUCCESS |  
2019-08-24 07:08:29,475 | INFO  | DNAudit | user=null | ip=null | op=WRITE_CHUNK {blockData=conID: 1 locID: 102670697062924812 bcsId: 2629} | ret=SUCCESS |  
2019-08-24 07:08:29,475 | INFO  | DNAudit | user=null | ip=null | op=PUT_BLOCK {blockData=[blockId=conID: 1 locID: 102670697062924812 bcsId: 0,size=4194304]} | ret=SUCCESS |  
2019-08-24 07:08:29,475 | INFO  | DNAudit | user=null | ip=null | op=PUT_BLOCK {blockData=[blockId=conID: 1 locID: 102670697062924812 bcsId: 0,size=4194304]} | ret=SUCCESS |  
2019-08-24 07:08:29,476 [grpc-default-executor-0] INFO  client.GrpcClientProtocolClient (GrpcClientProtocolClient.java:onNext(255)) - client-6EDD19400D46->06a4573b-67a1-41e3-a350-f896363bc636: receive RaftClientReply:client-6EDD19400D46->06a4573b-67a1-41e3-a350-f896363bc636@group-757E3781CD2A, cid=1818, SUCCESS, logIndex=0, commits[06a4573b-67a1-41e3-a350-f896363bc636:c2633, 0b725bbf-683b-4664-9a2e-3c9dd6e38bc1:c2633, 9193e3b7-ae04-484d-a740-c65c11559486:c2633]
2019-08-24 07:08:29,481 | INFO  | SCMAudit | user=jenkins1000 | ip=192.168.69.125 | op=ALLOCATE_BLOCK {owner=61bacca8-15b6-4a50-8962-5e9786b18b0d, size=4194304, type=RATIS, factor=THREE} | ret=SUCCESS |  
2019-08-24 07:08:29,485 | INFO  | OMAudit | user=jenkins1000 | ip=127.0.0.1 | op=ALLOCATE_BLOCK {volume=vol-0-26988, bucket=bucket-0-20739, key=key-0-27353, dataSize=0, replicationType=null, replicationFactor=null, keyLocationInfo=null, clientID=102670695851229586} | ret=SUCCESS |  
2019-08-24 07:08:29,493 | INFO  | DNAudit | user=null | ip=null | op=WRITE_CHUNK {blockData=conID: 2 locID: 102670697069347341 bcsId: 0} | ret=SUCCESS |  
2019-08-24 07:08:29,495 | INFO  | DNAudit | user=null | ip=null | op=WRITE_CHUNK {blockData=conID: 2 locID: 102670697069347341 bcsId: 0} | ret=SUCCESS |  
2019-08-24 07:08:29,496 | INFO  | DNAudit | user=null | ip=null | op=WRITE_CHUNK {blockData=conID: 2 locID: 102670697069347341 bcsId: 0} | ret=SUCCESS |  
2019-08-24 07:08:29,497 | INFO  | DNAudit | user=null | ip=null | op=WRITE_CHUNK {blockData=conID: 2 locID: 102670697069347341 bcsId: 0} | ret=SUCCESS |  
2019-08-24 07:08:29,498 | INFO  | DNAudit | user=null | ip=null | op=WRITE_CHUNK {blockData=conID: 2 locID: 102670697069347341 bcsId: 0} | ret=SUCCESS |  
2019-08-24 07:08:29,498 | INFO  | DNAudit | user=null | ip=null | op=WRITE_CHUNK {blockData=conID: 2 locID: 102670697069347341 bcsId: 0} | ret=SUCCESS |  
2019-08-24 07:08:29,508 | INFO  | DNAudit | user=null | ip=null | op=WRITE_CHUNK {blockData=conID: 2 locID: 102670697069347341 bcsId: 0} | ret=SUCCESS |  
2019-08-24 07:08:29,508 | INFO  | DNAudit | user=null | ip=null | op=PUT_BLOCK {blockData=[blockId=conID: 2 locID: 102670697069347341 bcsId: 0,size=1048576]} | ret=SUCCESS |  
2019-08-24 07:08:29,509 | INFO  | DNAudit | user=null | ip=null | op=WRITE_CHUNK {blockData=conID: 2 locID: 102670697069347341 bcsId: 0} | ret=SUCCESS |  
2019-08-24 07:08:29,508 [grpc-default-executor-5] INFO  client.GrpcClientProtocolClient (GrpcClientProtocolClient.java:onNext(255)) - client-6EDD19400D46->06a4573b-67a1-41e3-a350-f896363bc636: receive RaftClientReply:client-6EDD19400D46->06a4573b-67a1-41e3-a350-f896363bc636@group-757E3781CD2A, cid=1819, SUCCESS, logIndex=2636, commits[06a4573b-67a1-41e3-a350-f896363bc636:c2637, 0b725bbf-683b-4664-9a2e-3c9dd6e38bc1:c2635, 9193e3b7-ae04-484d-a740-c65c11559486:c2635]
2019-08-24 07:08:29,509 | INFO  | DNAudit | user=null | ip=null | op=PUT_BLOCK {blockData=[blockId=conID: 2 locID: 102670697069347341 bcsId: 0,size=2097152]} | ret=SUCCESS |  
2019-08-24 07:08:29,509 [grpc-default-executor-5] INFO  client.GrpcClientProtocolClient (GrpcClientProtocolClient.java:onNext(255)) - client-6EDD19400D46->06a4573b-67a1-41e3-a350-f896363bc636: receive RaftClientReply:client-6EDD19400D46->06a4573b-67a1-41e3-a350-f896363bc636@group-757E3781CD2A, cid=1820, SUCCESS, logIndex=2637, commits[06a4573b-67a1-41e3-a350-f896363bc636:c2639, 0b725bbf-683b-4664-9a2e-3c9dd6e38bc1:c2635, 9193e3b7-ae04-484d-a740-c65c11559486:c2635]
2019-08-24 07:08:29,509 [grpc-default-executor-5] INFO  client.GrpcClientProtocolClient (GrpcClientProtocolClient.java:onNext(255)) - client-6EDD19400D46->06a4573b-67a1-41e3-a350-f896363bc636: receive RaftClientReply:client-6EDD19400D46->06a4573b-67a1-41e3-a350-f896363bc636@group-757E3781CD2A, cid=1821, SUCCESS, logIndex=2638, commits[06a4573b-67a1-41e3-a350-f896363bc636:c2639, 0b725bbf-683b-4664-9a2e-3c9dd6e38bc1:c2635, 9193e3b7-ae04-484d-a740-c65c11559486:c2635]
2019-08-24 07:08:29,509 [grpc-default-executor-5] INFO  client.GrpcClientProtocolClient (GrpcClientProtocolClient.java:onNext(255)) - client-6EDD19400D46->06a4573b-67a1-41e3-a350-f896363bc636: receive RaftClientReply:client-6EDD19400D46->06a4573b-67a1-41e3-a350-f896363bc636@group-757E3781CD2A, cid=1822, SUCCESS, logIndex=2639, commits[06a4573b-67a1-41e3-a350-f896363bc636:c2639, 0b725bbf-683b-4664-9a2e-3c9dd6e38bc1:c2635, 9193e3b7-ae04-484d-a740-c65c11559486:c2635]
2019-08-24 07:08:29,519 | INFO  | DNAudit | user=null | ip=null | op=WRITE_CHUNK {blockData=conID: 2 locID: 102670697069347341 bcsId: 0} | ret=SUCCESS |  
2019-08-24 07:08:29,519 | INFO  | DNAudit | user=null | ip=null | op=WRITE_CHUNK {blockData=conID: 2 locID: 102670697069347341 bcsId: 0} | ret=SUCCESS |  
2019-08-24 07:08:29,519 | INFO  | DNAudit | user=null | ip=null | op=PUT_BLOCK {blockData=[blockId=conID: 2 locID: 102670697069347341 bcsId: 0,size=1048576]} | ret=SUCCESS |  
2019-08-24 07:08:29,520 | INFO  | DNAudit | user=null | ip=null | op=PUT_BLOCK {blockData=[blockId=conID: 2 locID: 102670697069347341 bcsId: 0,size=1048576]} | ret=SUCCESS |  
2019-08-24 07:08:29,520 [grpc-default-executor-2] INFO  client.GrpcClientProtocolClient (GrpcClientProtocolClient.java:onNext(255)) - client-6EDD19400D46->06a4573b-67a1-41e3-a350-f896363bc636: receive RaftClientReply:client-6EDD19400D46->06a4573b-67a1-41e3-a350-f896363bc636@group-757E3781CD2A, cid=1823, SUCCESS, logIndex=0, commits[06a4573b-67a1-41e3-a350-f896363bc636:c2640, 0b725bbf-683b-4664-9a2e-3c9dd6e38bc1:c2637, 9193e3b7-ae04-484d-a740-c65c11559486:c2637]
2019-08-24 07:08:29,521 | INFO  | DNAudit | user=null | ip=null | op=WRITE_CHUNK {blockData=conID: 2 locID: 102670697069347341 bcsId: 0} | ret=SUCCESS |  
2019-08-24 07:08:29,521 | INFO  | DNAudit | user=null | ip=null | op=PUT_BLOCK {blockData=[blockId=conID: 2 locID: 102670697069347341 bcsId: 0,size=2097152]} | ret=SUCCESS |  
2019-08-24 07:08:29,521 | INFO  | DNAudit | user=null | ip=null | op=WRITE_CHUNK {blockData=conID: 2 locID: 102670697069347341 bcsId: 0} | ret=SUCCESS |  
2019-08-24 07:08:29,521 | INFO  | DNAudit | user=null | ip=null | op=PUT_BLOCK {blockData=[blockId=conID: 2 locID: 102670697069347341 bcsId: 0,size=2097152]} | ret=SUCCESS |  
2019-08-24 07:08:29,528 | INFO  | DNAudit | user=null | ip=null | op=WRITE_CHUNK {blockData=conID: 2 locID: 102670697069347341 bcsId: 2639} | ret=SUCCESS |  
2019-08-24 07:08:29,531 | INFO  | DNAudit | user=null | ip=null | op=WRITE_CHUNK {blockData=conID: 2 locID: 102670697069347341 bcsId: 2639} | ret=SUCCESS |  
2019-08-24 07:08:29,531 | INFO  | DNAudit | user=null | ip=null | op=WRITE_CHUNK {blockData=conID: 2 locID: 102670697069347341 bcsId: 2639} | ret=SUCCESS |  
2019-08-24 07:08:29,541 | INFO  | DNAudit | user=null | ip=null | op=WRITE_CHUNK {blockData=conID: 2 locID: 102670697069347341 bcsId: 2639} | ret=SUCCESS |  
2019-08-24 07:08:29,541 | INFO  | DNAudit | user=null | ip=null | op=PUT_BLOCK {blockData=[blockId=conID: 2 locID: 102670697069347341 bcsId: 0,size=3145728]} | ret=SUCCESS |  
2019-08-24 07:08:29,541 [grpc-default-executor-5] INFO  client.GrpcClientProtocolClient (GrpcClientProtocolClient.java:onNext(255)) - client-6EDD19400D46->06a4573b-67a1-41e3-a350-f896363bc636: receive RaftClientReply:client-6EDD19400D46->06a4573b-67a1-41e3-a350-f896363bc636@group-757E3781CD2A, cid=1824, SUCCESS, logIndex=2644, commits[06a4573b-67a1-41e3-a350-f896363bc636:c2645, 0b725bbf-683b-4664-9a2e-3c9dd6e38bc1:c2643, 9193e3b7-ae04-484d-a740-c65c11559486:c2643]
2019-08-24 07:08:29,542 [grpc-default-executor-5] INFO  client.GrpcClientProtocolClient (GrpcClientProtocolClient.java:onNext(255)) - client-6EDD19400D46->06a4573b-67a1-41e3-a350-f896363bc636: receive RaftClientReply:client-6EDD19400D46->06a4573b-67a1-41e3-a350-f896363bc636@group-757E3781CD2A, cid=1825, SUCCESS, logIndex=2645, commits[06a4573b-67a1-41e3-a350-f896363bc636:c2645, 0b725bbf-683b-4664-9a2e-3c9dd6e38bc1:c2643, 9193e3b7-ae04-484d-a740-c65c11559486:c2643]
2019-08-24 07:08:29,549 | INFO  | DNAudit | user=null | ip=null | op=WRITE_CHUNK {blockData=conID: 2 locID: 102670697069347341 bcsId: 2645} | ret=SUCCESS |  
2019-08-24 07:08:29,552 | INFO  | DNAudit | user=null | ip=null | op=WRITE_CHUNK {blockData=conID: 2 locID: 102670697069347341 bcsId: 2645} | ret=SUCCESS |  
2019-08-24 07:08:29,552 | INFO  | DNAudit | user=null | ip=null | op=WRITE_CHUNK {blockData=conID: 2 locID: 102670697069347341 bcsId: 2645} | ret=SUCCESS |  
2019-08-24 07:08:29,552 | INFO  | DNAudit | user=null | ip=null | op=WRITE_CHUNK {blockData=conID: 2 locID: 102670697069347341 bcsId: 2639} | ret=SUCCESS |  
2019-08-24 07:08:29,552 | INFO  | DNAudit | user=null | ip=null | op=WRITE_CHUNK {blockData=conID: 2 locID: 102670697069347341 bcsId: 2639} | ret=SUCCESS |  
2019-08-24 07:08:29,552 | INFO  | DNAudit | user=null | ip=null | op=PUT_BLOCK {blockData=[blockId=conID: 2 locID: 102670697069347341 bcsId: 0,size=3145728]} | ret=SUCCESS |  
2019-08-24 07:08:29,553 | INFO  | DNAudit | user=null | ip=null | op=PUT_BLOCK {blockData=[blockId=conID: 2 locID: 102670697069347341 bcsId: 0,size=3145728]} | ret=SUCCESS |  
2019-08-24 07:08:29,554 | INFO  | DNAudit | user=null | ip=null | op=WRITE_CHUNK {blockData=conID: 2 locID: 102670697069347341 bcsId: 2645} | ret=SUCCESS |  
2019-08-24 07:08:29,554 | INFO  | DNAudit | user=null | ip=null | op=PUT_BLOCK {blockData=[blockId=conID: 2 locID: 102670697069347341 bcsId: 0,size=4194304]} | ret=SUCCESS |  
2019-08-24 07:08:29,554 [grpc-default-executor-0] INFO  client.GrpcClientProtocolClient (GrpcClientProtocolClient.java:onNext(255)) - client-6EDD19400D46->06a4573b-67a1-41e3-a350-f896363bc636: receive RaftClientReply:client-6EDD19400D46->06a4573b-67a1-41e3-a350-f896363bc636@group-757E3781CD2A, cid=1826, SUCCESS, logIndex=2648, commits[06a4573b-67a1-41e3-a350-f896363bc636:c2649, 0b725bbf-683b-4664-9a2e-3c9dd6e38bc1:c2645, 9193e3b7-ae04-484d-a740-c65c11559486:c2645]
2019-08-24 07:08:29,555 [grpc-default-executor-0] INFO  client.GrpcClientProtocolClient (GrpcClientProtocolClient.java:onNext(255)) - client-6EDD19400D46->06a4573b-67a1-41e3-a350-f896363bc636: receive RaftClientReply:client-6EDD19400D46->06a4573b-67a1-41e3-a350-f896363bc636@group-757E3781CD2A, cid=1827, SUCCESS, logIndex=2649, commits[06a4573b-67a1-41e3-a350-f896363bc636:c2649, 0b725bbf-683b-4664-9a2e-3c9dd6e38bc1:c2645, 9193e3b7-ae04-484d-a740-c65c11559486:c2645]
2019-08-24 07:08:29,565 | INFO  | DNAudit | user=null | ip=null | op=WRITE_CHUNK {blockData=conID: 2 locID: 102670697069347341 bcsId: 2645} | ret=SUCCESS |  
2019-08-24 07:08:29,566 | INFO  | DNAudit | user=null | ip=null | op=PUT_BLOCK {blockData=[blockId=conID: 2 locID: 102670697069347341 bcsId: 0,size=4194304]} | ret=SUCCESS |  
2019-08-24 07:08:29,566 | INFO  | DNAudit | user=null | ip=null | op=WRITE_CHUNK {blockData=conID: 2 locID: 102670697069347341 bcsId: 2645} | ret=SUCCESS |  
2019-08-24 07:08:29,566 | INFO  | DNAudit | user=null | ip=null | op=PUT_BLOCK {blockData=[blockId=conID: 2 locID: 102670697069347341 bcsId: 0,size=4194304]} | ret=SUCCESS |  
2019-08-24 07:08:29,566 [grpc-default-executor-5] INFO  client.GrpcClientProtocolClient (GrpcClientProtocolClient.java:onNext(255)) - client-6EDD19400D46->06a4573b-67a1-41e3-a350-f896363bc636: receive RaftClientReply:client-6EDD19400D46->06a4573b-67a1-41e3-a350-f896363bc636@group-757E3781CD2A, cid=1828, SUCCESS, logIndex=0, commits[06a4573b-67a1-41e3-a350-f896363bc636:c2650, 0b725bbf-683b-4664-9a2e-3c9dd6e38bc1:c2649, 9193e3b7-ae04-484d-a740-c65c11559486:c2649]
2019-08-24 07:08:29,571 | INFO  | SCMAudit | user=jenkins1000 | ip=192.168.69.125 | op=ALLOCATE_BLOCK {owner=61bacca8-15b6-4a50-8962-5e9786b18b0d, size=4194304, type=RATIS, factor=THREE} | ret=SUCCESS |  
2019-08-24 07:08:29,573 | INFO  | OMAudit | user=jenkins1000 | ip=127.0.0.1 | op=ALLOCATE_BLOCK {volume=vol-0-26988, bucket=bucket-0-20739, key=key-0-27353, dataSize=0, replicationType=null, replicationFactor=null, keyLocationInfo=null, clientID=102670695851229586} | ret=SUCCESS |  
2019-08-24 07:08:29,581 | INFO  | DNAudit | user=null | ip=null | op=WRITE_CHUNK {blockData=conID: 3 locID: 102670697075245582 bcsId: 0} | ret=SUCCESS |  
2019-08-24 07:08:29,585 | INFO  | DNAudit | user=null | ip=null | op=WRITE_CHUNK {blockData=conID: 3 locID: 102670697075245582 bcsId: 0} | ret=SUCCESS |  
2019-08-24 07:08:29,585 | INFO  | DNAudit | user=null | ip=null | op=WRITE_CHUNK {blockData=conID: 3 locID: 102670697075245582 bcsId: 0} | ret=SUCCESS |  
2019-08-24 07:08:29,587 | INFO  | DNAudit | user=null | ip=null | op=WRITE_CHUNK {blockData=conID: 3 locID: 102670697075245582 bcsId: 0} | ret=SUCCESS |  
2019-08-24 07:08:29,588 | INFO  | DNAudit | user=null | ip=null | op=WRITE_CHUNK {blockData=conID: 3 locID: 102670697075245582 bcsId: 0} | ret=SUCCESS |  
2019-08-24 07:08:29,588 | INFO  | DNAudit | user=null | ip=null | op=WRITE_CHUNK {blockData=conID: 3 locID: 102670697075245582 bcsId: 0} | ret=SUCCESS |  
2019-08-24 07:08:29,594 | INFO  | DNAudit | user=null | ip=null | op=WRITE_CHUNK {blockData=conID: 3 locID: 102670697075245582 bcsId: 0} | ret=SUCCESS |  
2019-08-24 07:08:29,595 | INFO  | DNAudit | user=null | ip=null | op=PUT_BLOCK {blockData=[blockId=conID: 3 locID: 102670697075245582 bcsId: 0,size=1048576]} | ret=SUCCESS |  
2019-08-24 07:08:29,595 | INFO  | DNAudit | user=null | ip=null | op=WRITE_CHUNK {blockData=conID: 3 locID: 102670697075245582 bcsId: 0} | ret=SUCCESS |  
2019-08-24 07:08:29,595 [grpc-default-executor-2] INFO  client.GrpcClientProtocolClient (GrpcClientProtocolClient.java:onNext(255)) - client-6EDD19400D46->06a4573b-67a1-41e3-a350-f896363bc636: receive RaftClientReply:client-6EDD19400D46->06a4573b-67a1-41e3-a350-f896363bc636@group-757E3781CD2A, cid=1829, SUCCESS, logIndex=2652, commits[06a4573b-67a1-41e3-a350-f896363bc636:c2655, 0b725bbf-683b-4664-9a2e-3c9dd6e38bc1:c2651, 9193e3b7-ae04-484d-a740-c65c11559486:c2651]
2019-08-24 07:08:29,595 | INFO  | DNAudit | user=null | ip=null | op=PUT_BLOCK {blockData=[blockId=conID: 3 locID: 102670697075245582 bcsId: 0,size=1048576]} | ret=SUCCESS |  
2019-08-24 07:08:29,595 | INFO  | DNAudit | user=null | ip=null | op=WRITE_CHUNK {blockData=conID: 3 locID: 102670697075245582 bcsId: 0} | ret=SUCCESS |  
2019-08-24 07:08:29,595 | INFO  | DNAudit | user=null | ip=null | op=WRITE_CHUNK {blockData=conID: 3 locID: 102670697075245582 bcsId: 0} | ret=SUCCESS |  
2019-08-24 07:08:29,596 | INFO  | DNAudit | user=null | ip=null | op=PUT_BLOCK {blockData=[blockId=conID: 3 locID: 102670697075245582 bcsId: 0,size=1048576]} | ret=SUCCESS |  
2019-08-24 07:08:29,596 | INFO  | DNAudit | user=null | ip=null | op=WRITE_CHUNK {blockData=conID: 3 locID: 102670697075245582 bcsId: 0} | ret=SUCCESS |  
2019-08-24 07:08:29,596 | INFO  | DNAudit | user=null | ip=null | op=PUT_BLOCK {blockData=[blockId=conID: 3 locID: 102670697075245582 bcsId: 0,size=2097152]} | ret=SUCCESS |  
2019-08-24 07:08:29,596 | INFO  | DNAudit | user=null | ip=null | op=PUT_BLOCK {blockData=[blockId=conID: 3 locID: 102670697075245582 bcsId: 0,size=2097152]} | ret=SUCCESS |  
2019-08-24 07:08:29,596 [grpc-default-executor-5] INFO  client.GrpcClientProtocolClient (GrpcClientProtocolClient.java:onNext(255)) - client-6EDD19400D46->06a4573b-67a1-41e3-a350-f896363bc636: receive RaftClientReply:client-6EDD19400D46->06a4573b-67a1-41e3-a350-f896363bc636@group-757E3781CD2A, cid=1830, SUCCESS, logIndex=2653, commits[06a4573b-67a1-41e3-a350-f896363bc636:c2655, 0b725bbf-683b-4664-9a2e-3c9dd6e38bc1:c2651, 9193e3b7-ae04-484d-a740-c65c11559486:c2651]
2019-08-24 07:08:29,597 [grpc-default-executor-2] INFO  client.GrpcClientProtocolClient (GrpcClientProtocolClient.java:onNext(255)) - client-6EDD19400D46->06a4573b-67a1-41e3-a350-f896363bc636: receive RaftClientReply:client-6EDD19400D46->06a4573b-67a1-41e3-a350-f896363bc636@group-757E3781CD2A, cid=1831, SUCCESS, logIndex=2654, commits[06a4573b-67a1-41e3-a350-f896363bc636:c2656, 0b725bbf-683b-4664-9a2e-3c9dd6e38bc1:c2653, 9193e3b7-ae04-484d-a740-c65c11559486:c2653]
2019-08-24 07:08:29,597 [grpc-default-executor-2] INFO  client.GrpcClientProtocolClient (GrpcClientProtocolClient.java:onNext(255)) - client-6EDD19400D46->06a4573b-67a1-41e3-a350-f896363bc636: receive RaftClientReply:client-6EDD19400D46->06a4573b-67a1-41e3-a350-f896363bc636@group-757E3781CD2A, cid=1832, SUCCESS, logIndex=2655, commits[06a4573b-67a1-41e3-a350-f896363bc636:c2658, 0b725bbf-683b-4664-9a2e-3c9dd6e38bc1:c2653, 9193e3b7-ae04-484d-a740-c65c11559486:c2655]
2019-08-24 07:08:29,597 | INFO  | DNAudit | user=null | ip=null | op=WRITE_CHUNK {blockData=conID: 3 locID: 102670697075245582 bcsId: 0} | ret=SUCCESS |  
2019-08-24 07:08:29,597 | INFO  | DNAudit | user=null | ip=null | op=PUT_BLOCK {blockData=[blockId=conID: 3 locID: 102670697075245582 bcsId: 0,size=2097152]} | ret=SUCCESS |  
2019-08-24 07:08:29,604 | INFO  | DNAudit | user=null | ip=null | op=WRITE_CHUNK {blockData=conID: 3 locID: 102670697075245582 bcsId: 2655} | ret=SUCCESS |  
2019-08-24 07:08:29,607 | INFO  | DNAudit | user=null | ip=null | op=WRITE_CHUNK {blockData=conID: 3 locID: 102670697075245582 bcsId: 2655} | ret=SUCCESS |  
2019-08-24 07:08:29,607 | INFO  | DNAudit | user=null | ip=null | op=WRITE_CHUNK {blockData=conID: 3 locID: 102670697075245582 bcsId: 2655} | ret=SUCCESS |  
2019-08-24 07:08:29,617 | INFO  | DNAudit | user=null | ip=null | op=WRITE_CHUNK {blockData=conID: 3 locID: 102670697075245582 bcsId: 2655} | ret=SUCCESS |  
2019-08-24 07:08:29,617 | INFO  | DNAudit | user=null | ip=null | op=PUT_BLOCK {blockData=[blockId=conID: 3 locID: 102670697075245582 bcsId: 0,size=3145728]} | ret=SUCCESS |  
2019-08-24 07:08:29,617 [grpc-default-executor-0] INFO  client.GrpcClientProtocolClient (GrpcClientProtocolClient.java:onNext(255)) - client-6EDD19400D46->06a4573b-67a1-41e3-a350-f896363bc636: receive RaftClientReply:client-6EDD19400D46->06a4573b-67a1-41e3-a350-f896363bc636@group-757E3781CD2A, cid=1833, SUCCESS, logIndex=2660, commits[06a4573b-67a1-41e3-a350-f896363bc636:c2661, 0b725bbf-683b-4664-9a2e-3c9dd6e38bc1:c2659, 9193e3b7-ae04-484d-a740-c65c11559486:c2659]
2019-08-24 07:08:29,618 [grpc-default-executor-0] INFO  client.GrpcClientProtocolClient (GrpcClientProtocolClient.java:onNext(255)) - client-6EDD19400D46->06a4573b-67a1-41e3-a350-f896363bc636: receive RaftClientReply:client-6EDD19400D46->06a4573b-67a1-41e3-a350-f896363bc636@group-757E3781CD2A, cid=1834, SUCCESS, logIndex=2661, commits[06a4573b-67a1-41e3-a350-f896363bc636:c2661, 0b725bbf-683b-4664-9a2e-3c9dd6e38bc1:c2659, 9193e3b7-ae04-484d-a740-c65c11559486:c2659]
2019-08-24 07:08:29,624 | INFO  | DNAudit | user=null | ip=null | op=WRITE_CHUNK {blockData=conID: 3 locID: 102670697075245582 bcsId: 2661} | ret=SUCCESS |  
2019-08-24 07:08:29,627 | INFO  | DNAudit | user=null | ip=null | op=WRITE_CHUNK {blockData=conID: 3 locID: 102670697075245582 bcsId: 2661} | ret=SUCCESS |  
2019-08-24 07:08:29,628 | INFO  | DNAudit | user=null | ip=null | op=WRITE_CHUNK {blockData=conID: 3 locID: 102670697075245582 bcsId: 2661} | ret=SUCCESS |  
2019-08-24 07:08:29,628 | INFO  | DNAudit | user=null | ip=null | op=WRITE_CHUNK {blockData=conID: 3 locID: 102670697075245582 bcsId: 2655} | ret=SUCCESS |  
2019-08-24 07:08:29,628 | INFO  | DNAudit | user=null | ip=null | op=WRITE_CHUNK {blockData=conID: 3 locID: 102670697075245582 bcsId: 2655} | ret=SUCCESS |  
2019-08-24 07:08:29,629 | INFO  | DNAudit | user=null | ip=null | op=PUT_BLOCK {blockData=[blockId=conID: 3 locID: 102670697075245582 bcsId: 0,size=3145728]} | ret=SUCCESS |  
2019-08-24 07:08:29,629 | INFO  | DNAudit | user=null | ip=null | op=PUT_BLOCK {blockData=[blockId=conID: 3 locID: 102670697075245582 bcsId: 0,size=3145728]} | ret=SUCCESS |  
2019-08-24 07:08:29,630 | INFO  | DNAudit | user=null | ip=null | op=WRITE_CHUNK {blockData=conID: 3 locID: 102670697075245582 bcsId: 2661} | ret=SUCCESS |  
2019-08-24 07:08:29,631 | INFO  | DNAudit | user=null | ip=null | op=PUT_BLOCK {blockData=[blockId=conID: 3 locID: 102670697075245582 bcsId: 0,size=4194304]} | ret=SUCCESS |  
2019-08-24 07:08:29,631 [grpc-default-executor-2] INFO  client.GrpcClientProtocolClient (GrpcClientProtocolClient.java:onNext(255)) - client-6EDD19400D46->06a4573b-67a1-41e3-a350-f896363bc636: receive RaftClientReply:client-6EDD19400D46->06a4573b-67a1-41e3-a350-f896363bc636@group-757E3781CD2A, cid=1835, SUCCESS, logIndex=2664, commits[06a4573b-67a1-41e3-a350-f896363bc636:c2665, 0b725bbf-683b-4664-9a2e-3c9dd6e38bc1:c2661, 9193e3b7-ae04-484d-a740-c65c11559486:c2661]
2019-08-24 07:08:29,631 [grpc-default-executor-2] INFO  client.GrpcClientProtocolClient (GrpcClientProtocolClient.java:onNext(255)) - client-6EDD19400D46->06a4573b-67a1-41e3-a350-f896363bc636: receive RaftClientReply:client-6EDD19400D46->06a4573b-67a1-41e3-a350-f896363bc636@group-757E3781CD2A, cid=1836, SUCCESS, logIndex=2665, commits[06a4573b-67a1-41e3-a350-f896363bc636:c2665, 0b725bbf-683b-4664-9a2e-3c9dd6e38bc1:c2661, 9193e3b7-ae04-484d-a740-c65c11559486:c2661]
2019-08-24 07:08:29,642 | INFO  | DNAudit | user=null | ip=null | op=WRITE_CHUNK {blockData=conID: 3 locID: 102670697075245582 bcsId: 2661} | ret=SUCCESS |  
2019-08-24 07:08:29,642 | INFO  | DNAudit | user=null | ip=null | op=WRITE_CHUNK {blockData=conID: 3 locID: 102670697075245582 bcsId: 2661} | ret=SUCCESS |  
2019-08-24 07:08:29,642 | INFO  | DNAudit | user=null | ip=null | op=PUT_BLOCK {blockData=[blockId=conID: 3 locID: 102670697075245582 bcsId: 0,size=4194304]} | ret=SUCCESS |  
2019-08-24 07:08:29,642 | INFO  | DNAudit | user=null | ip=null | op=PUT_BLOCK {blockData=[blockId=conID: 3 locID: 102670697075245582 bcsId: 0,size=4194304]} | ret=SUCCESS |  
2019-08-24 07:08:29,642 [grpc-default-executor-2] INFO  client.GrpcClientProtocolClient (GrpcClientProtocolClient.java:onNext(255)) - client-6EDD19400D46->06a4573b-67a1-41e3-a350-f896363bc636: receive RaftClientReply:client-6EDD19400D46->06a4573b-67a1-41e3-a350-f896363bc636@group-757E3781CD2A, cid=1837, SUCCESS, logIndex=0, commits[06a4573b-67a1-41e3-a350-f896363bc636:c2666, 0b725bbf-683b-4664-9a2e-3c9dd6e38bc1:c2665, 9193e3b7-ae04-484d-a740-c65c11559486:c2665]
2019-08-24 07:08:29,646 | INFO  | SCMAudit | user=jenkins1000 | ip=192.168.69.125 | op=ALLOCATE_BLOCK {owner=61bacca8-15b6-4a50-8962-5e9786b18b0d, size=4194304, type=RATIS, factor=THREE} | ret=SUCCESS |  
2019-08-24 07:08:29,648 | INFO  | OMAudit | user=jenkins1000 | ip=127.0.0.1 | op=ALLOCATE_BLOCK {volume=vol-0-26988, bucket=bucket-0-20739, key=key-0-27353, dataSize=0, replicationType=null, replicationFactor=null, keyLocationInfo=null, clientID=102670695851229586} | ret=SUCCESS |  
2019-08-24 07:08:29,655 | INFO  | DNAudit | user=null | ip=null | op=WRITE_CHUNK {blockData=conID: 1 locID: 102670697080160783 bcsId: 0} | ret=SUCCESS |  
2019-08-24 07:08:29,658 | INFO  | DNAudit | user=null | ip=null | op=WRITE_CHUNK {blockData=conID: 1 locID: 102670697080160783 bcsId: 0} | ret=SUCCESS |  
2019-08-24 07:08:29,658 | INFO  | DNAudit | user=null | ip=null | op=WRITE_CHUNK {blockData=conID: 1 locID: 102670697080160783 bcsId: 0} | ret=SUCCESS |  
2019-08-24 07:08:29,659 | INFO  | DNAudit | user=null | ip=null | op=WRITE_CHUNK {blockData=conID: 1 locID: 102670697080160783 bcsId: 0} | ret=SUCCESS |  
2019-08-24 07:08:29,661 | INFO  | DNAudit | user=null | ip=null | op=WRITE_CHUNK {blockData=conID: 1 locID: 102670697080160783 bcsId: 0} | ret=SUCCESS |  
2019-08-24 07:08:29,661 | INFO  | DNAudit | user=null | ip=null | op=WRITE_CHUNK {blockData=conID: 1 locID: 102670697080160783 bcsId: 0} | ret=SUCCESS |  
2019-08-24 07:08:29,668 | INFO  | DNAudit | user=null | ip=null | op=WRITE_CHUNK {blockData=conID: 1 locID: 102670697080160783 bcsId: 0} | ret=SUCCESS |  
2019-08-24 07:08:29,669 | INFO  | DNAudit | user=null | ip=null | op=PUT_BLOCK {blockData=[blockId=conID: 1 locID: 102670697080160783 bcsId: 0,size=1048576]} | ret=SUCCESS |  
2019-08-24 07:08:29,669 | INFO  | DNAudit | user=null | ip=null | op=WRITE_CHUNK {blockData=conID: 1 locID: 102670697080160783 bcsId: 0} | ret=SUCCESS |  
2019-08-24 07:08:29,669 [grpc-default-executor-0] INFO  client.GrpcClientProtocolClient (GrpcClientProtocolClient.java:onNext(255)) - client-6EDD19400D46->06a4573b-67a1-41e3-a350-f896363bc636: receive RaftClientReply:client-6EDD19400D46->06a4573b-67a1-41e3-a350-f896363bc636@group-757E3781CD2A, cid=1838, SUCCESS, logIndex=2668, commits[06a4573b-67a1-41e3-a350-f896363bc636:c2669, 0b725bbf-683b-4664-9a2e-3c9dd6e38bc1:c2667, 9193e3b7-ae04-484d-a740-c65c11559486:c2667]
2019-08-24 07:08:29,669 | INFO  | DNAudit | user=null | ip=null | op=PUT_BLOCK {blockData=[blockId=conID: 1 locID: 102670697080160783 bcsId: 0,size=2097152]} | ret=SUCCESS |  
2019-08-24 07:08:29,669 [grpc-default-executor-5] INFO  client.GrpcClientProtocolClient (GrpcClientProtocolClient.java:onNext(255)) - client-6EDD19400D46->06a4573b-67a1-41e3-a350-f896363bc636: receive RaftClientReply:client-6EDD19400D46->06a4573b-67a1-41e3-a350-f896363bc636@group-757E3781CD2A, cid=1839, SUCCESS, logIndex=2669, commits[06a4573b-67a1-41e3-a350-f896363bc636:c2670, 0b725bbf-683b-4664-9a2e-3c9dd6e38bc1:c2667, 9193e3b7-ae04-484d-a740-c65c11559486:c2667]
2019-08-24 07:08:29,670 [grpc-default-executor-5] INFO  client.GrpcClientProtocolClient (GrpcClientProtocolClient.java:onNext(255)) - client-6EDD19400D46->06a4573b-67a1-41e3-a350-f896363bc636: receive RaftClientReply:client-6EDD19400D46->06a4573b-67a1-41e3-a350-f896363bc636@group-757E3781CD2A, cid=1840, SUCCESS, logIndex=2670, commits[06a4573b-67a1-41e3-a350-f896363bc636:c2671, 0b725bbf-683b-4664-9a2e-3c9dd6e38bc1:c2667, 9193e3b7-ae04-484d-a740-c65c11559486:c2667]
2019-08-24 07:08:29,670 [grpc-default-executor-5] INFO  client.GrpcClientProtocolClient (GrpcClientProtocolClient.java:onNext(255)) - client-6EDD19400D46->06a4573b-67a1-41e3-a350-f896363bc636: receive RaftClientReply:client-6EDD19400D46->06a4573b-67a1-41e3-a350-f896363bc636@group-757E3781CD2A, cid=1841, SUCCESS, logIndex=2671, commits[06a4573b-67a1-41e3-a350-f896363bc636:c2671, 0b725bbf-683b-4664-9a2e-3c9dd6e38bc1:c2667, 9193e3b7-ae04-484d-a740-c65c11559486:c2667]
2019-08-24 07:08:29,682 | INFO  | DNAudit | user=null | ip=null | op=WRITE_CHUNK {blockData=conID: 1 locID: 102670697080160783 bcsId: 0} | ret=SUCCESS |  
2019-08-24 07:08:29,682 | INFO  | DNAudit | user=null | ip=null | op=PUT_BLOCK {blockData=[blockId=conID: 1 locID: 102670697080160783 bcsId: 0,size=1048576]} | ret=SUCCESS |  
2019-08-24 07:08:29,682 | INFO  | DNAudit | user=null | ip=null | op=WRITE_CHUNK {blockData=conID: 1 locID: 102670697080160783 bcsId: 0} | ret=SUCCESS |  
2019-08-24 07:08:29,682 | INFO  | DNAudit | user=null | ip=null | op=PUT_BLOCK {blockData=[blockId=conID: 1 locID: 102670697080160783 bcsId: 0,size=1048576]} | ret=SUCCESS |  
2019-08-24 07:08:29,683 | INFO  | DNAudit | user=null | ip=null | op=WRITE_CHUNK {blockData=conID: 1 locID: 102670697080160783 bcsId: 0} | ret=SUCCESS |  
2019-08-24 07:08:29,683 | INFO  | DNAudit | user=null | ip=null | op=WRITE_CHUNK {blockData=conID: 1 locID: 102670697080160783 bcsId: 0} | ret=SUCCESS |  
2019-08-24 07:08:29,683 | INFO  | DNAudit | user=null | ip=null | op=PUT_BLOCK {blockData=[blockId=conID: 1 locID: 102670697080160783 bcsId: 0,size=2097152]} | ret=SUCCESS |  
2019-08-24 07:08:29,683 | INFO  | DNAudit | user=null | ip=null | op=PUT_BLOCK {blockData=[blockId=conID: 1 locID: 102670697080160783 bcsId: 0,size=2097152]} | ret=SUCCESS |  
2019-08-24 07:08:29,683 [grpc-default-executor-0] INFO  client.GrpcClientProtocolClient (GrpcClientProtocolClient.java:onNext(255)) - client-6EDD19400D46->06a4573b-67a1-41e3-a350-f896363bc636: receive RaftClientReply:client-6EDD19400D46->06a4573b-67a1-41e3-a350-f896363bc636@group-757E3781CD2A, cid=1842, SUCCESS, logIndex=0, commits[06a4573b-67a1-41e3-a350-f896363bc636:c2673, 0b725bbf-683b-4664-9a2e-3c9dd6e38bc1:c2669, 9193e3b7-ae04-484d-a740-c65c11559486:c2669]
2019-08-24 07:08:29,832 | INFO  | DNAudit | user=null | ip=null | op=WRITE_CHUNK {blockData=conID: 1 locID: 102670697080160783 bcsId: 2671} | ret=SUCCESS |  
2019-08-24 07:08:29,835 | INFO  | DNAudit | user=null | ip=null | op=WRITE_CHUNK {blockData=conID: 1 locID: 102670697080160783 bcsId: 2671} | ret=SUCCESS |  
2019-08-24 07:08:29,839 | INFO  | DNAudit | user=null | ip=null | op=WRITE_CHUNK {blockData=conID: 1 locID: 102670697080160783 bcsId: 2671} | ret=SUCCESS |  
2019-08-24 07:08:29,844 | INFO  | DNAudit | user=null | ip=null | op=WRITE_CHUNK {blockData=conID: 1 locID: 102670697080160783 bcsId: 2671} | ret=SUCCESS |  
2019-08-24 07:08:29,845 | INFO  | DNAudit | user=null | ip=null | op=PUT_BLOCK {blockData=[blockId=conID: 1 locID: 102670697080160783 bcsId: 0,size=3145728]} | ret=SUCCESS |  
2019-08-24 07:08:29,845 [grpc-default-executor-0] INFO  client.GrpcClientProtocolClient (GrpcClientProtocolClient.java:onNext(255)) - client-6EDD19400D46->06a4573b-67a1-41e3-a350-f896363bc636: receive RaftClientReply:client-6EDD19400D46->06a4573b-67a1-41e3-a350-f896363bc636@group-757E3781CD2A, cid=1843, SUCCESS, logIndex=2676, commits[06a4573b-67a1-41e3-a350-f896363bc636:c2677, 0b725bbf-683b-4664-9a2e-3c9dd6e38bc1:c2675, 9193e3b7-ae04-484d-a740-c65c11559486:c2675]
2019-08-24 07:08:29,846 [grpc-default-executor-0] INFO  client.GrpcClientProtocolClient (GrpcClientProtocolClient.java:onNext(255)) - client-6EDD19400D46->06a4573b-67a1-41e3-a350-f896363bc636: receive RaftClientReply:client-6EDD19400D46->06a4573b-67a1-41e3-a350-f896363bc636@group-757E3781CD2A, cid=1844, SUCCESS, logIndex=2677, commits[06a4573b-67a1-41e3-a350-f896363bc636:c2677, 0b725bbf-683b-4664-9a2e-3c9dd6e38bc1:c2675, 9193e3b7-ae04-484d-a740-c65c11559486:c2675]
2019-08-24 07:08:29,855 | INFO  | DNAudit | user=null | ip=null | op=WRITE_CHUNK {blockData=conID: 1 locID: 102670697080160783 bcsId: 2677} | ret=SUCCESS |  
2019-08-24 07:08:29,856 | INFO  | DNAudit | user=null | ip=null | op=WRITE_CHUNK {blockData=conID: 1 locID: 102670697080160783 bcsId: 2671} | ret=SUCCESS |  
2019-08-24 07:08:29,857 | INFO  | DNAudit | user=null | ip=null | op=WRITE_CHUNK {blockData=conID: 1 locID: 102670697080160783 bcsId: 2671} | ret=SUCCESS |  
2019-08-24 07:08:29,857 | INFO  | DNAudit | user=null | ip=null | op=WRITE_CHUNK {blockData=conID: 1 locID: 102670697080160783 bcsId: 2677} | ret=SUCCESS |  
2019-08-24 07:08:29,858 | INFO  | DNAudit | user=null | ip=null | op=PUT_BLOCK {blockData=[blockId=conID: 1 locID: 102670697080160783 bcsId: 0,size=3145728]} | ret=SUCCESS |  
2019-08-24 07:08:29,859 | INFO  | DNAudit | user=null | ip=null | op=WRITE_CHUNK {blockData=conID: 1 locID: 102670697080160783 bcsId: 2677} | ret=SUCCESS |  
2019-08-24 07:08:29,869 | INFO  | DNAudit | user=null | ip=null | op=PUT_BLOCK {blockData=[blockId=conID: 1 locID: 102670697080160783 bcsId: 0,size=3145728]} | ret=SUCCESS |  
2019-08-24 07:08:29,870 | INFO  | DNAudit | user=null | ip=null | op=WRITE_CHUNK {blockData=conID: 1 locID: 102670697080160783 bcsId: 2677} | ret=SUCCESS |  
2019-08-24 07:08:29,870 | INFO  | DNAudit | user=null | ip=null | op=PUT_BLOCK {blockData=[blockId=conID: 1 locID: 102670697080160783 bcsId: 0,size=4194304]} | ret=SUCCESS |  
2019-08-24 07:08:29,870 [grpc-default-executor-0] INFO  client.GrpcClientProtocolClient (GrpcClientProtocolClient.java:onNext(255)) - client-6EDD19400D46->06a4573b-67a1-41e3-a350-f896363bc636: receive RaftClientReply:client-6EDD19400D46->06a4573b-67a1-41e3-a350-f896363bc636@group-757E3781CD2A, cid=1845, SUCCESS, logIndex=2680, commits[06a4573b-67a1-41e3-a350-f896363bc636:c2681, 0b725bbf-683b-4664-9a2e-3c9dd6e38bc1:c2677, 9193e3b7-ae04-484d-a740-c65c11559486:c2677]
2019-08-24 07:08:29,871 [grpc-default-executor-0] INFO  client.GrpcClientProtocolClient (GrpcClientProtocolClient.java:onNext(255)) - client-6EDD19400D46->06a4573b-67a1-41e3-a350-f896363bc636: receive RaftClientReply:client-6EDD19400D46->06a4573b-67a1-41e3-a350-f896363bc636@group-757E3781CD2A, cid=1846, SUCCESS, logIndex=2681, commits[06a4573b-67a1-41e3-a350-f896363bc636:c2681, 0b725bbf-683b-4664-9a2e-3c9dd6e38bc1:c2677, 9193e3b7-ae04-484d-a740-c65c11559486:c2677]
2019-08-24 07:08:29,882 | INFO  | DNAudit | user=null | ip=null | op=WRITE_CHUNK {blockData=conID: 1 locID: 102670697080160783 bcsId: 2677} | ret=SUCCESS |  
2019-08-24 07:08:29,882 | INFO  | DNAudit | user=null | ip=null | op=WRITE_CHUNK {blockData=conID: 1 locID: 102670697080160783 bcsId: 2677} | ret=SUCCESS |  
2019-08-24 07:08:29,882 | INFO  | DNAudit | user=null | ip=null | op=PUT_BLOCK {blockData=[blockId=conID: 1 locID: 102670697080160783 bcsId: 0,size=4194304]} | ret=SUCCESS |  
2019-08-24 07:08:29,882 | INFO  | DNAudit | user=null | ip=null | op=PUT_BLOCK {blockData=[blockId=conID: 1 locID: 102670697080160783 bcsId: 0,size=4194304]} | ret=SUCCESS |  
2019-08-24 07:08:29,883 [grpc-default-executor-0] INFO  client.GrpcClientProtocolClient (GrpcClientProtocolClient.java:onNext(255)) - client-6EDD19400D46->06a4573b-67a1-41e3-a350-f896363bc636: receive RaftClientReply:client-6EDD19400D46->06a4573b-67a1-41e3-a350-f896363bc636@group-757E3781CD2A, cid=1847, SUCCESS, logIndex=0, commits[06a4573b-67a1-41e3-a350-f896363bc636:c2682, 0b725bbf-683b-4664-9a2e-3c9dd6e38bc1:c2681, 9193e3b7-ae04-484d-a740-c65c11559486:c2681]
2019-08-24 07:08:29,890 | INFO  | SCMAudit | user=jenkins1000 | ip=192.168.69.125 | op=ALLOCATE_BLOCK {owner=61bacca8-15b6-4a50-8962-5e9786b18b0d, size=4194304, type=RATIS, factor=THREE} | ret=SUCCESS |  
2019-08-24 07:08:29,893 | INFO  | OMAudit | user=jenkins1000 | ip=127.0.0.1 | op=ALLOCATE_BLOCK {volume=vol-0-26988, bucket=bucket-0-20739, key=key-0-27353, dataSize=0, replicationType=null, replicationFactor=null, keyLocationInfo=null, clientID=102670695851229586} | ret=SUCCESS |  
2019-08-24 07:08:29,902 | INFO  | DNAudit | user=null | ip=null | op=WRITE_CHUNK {blockData=conID: 2 locID: 102670697096151568 bcsId: 0} | ret=SUCCESS |  
2019-08-24 07:08:29,904 | INFO  | DNAudit | user=null | ip=null | op=WRITE_CHUNK {blockData=conID: 2 locID: 102670697096151568 bcsId: 0} | ret=SUCCESS |  
2019-08-24 07:08:29,906 | INFO  | DNAudit | user=null | ip=null | op=WRITE_CHUNK {blockData=conID: 2 locID: 102670697096151568 bcsId: 0} | ret=SUCCESS |  
2019-08-24 07:08:29,906 | INFO  | DNAudit | user=null | ip=null | op=WRITE_CHUNK {blockData=conID: 2 locID: 102670697096151568 bcsId: 0} | ret=SUCCESS |  
2019-08-24 07:08:29,909 | INFO  | DNAudit | user=null | ip=null | op=WRITE_CHUNK {blockData=conID: 2 locID: 102670697096151568 bcsId: 0} | ret=SUCCESS |  
2019-08-24 07:08:29,909 | INFO  | DNAudit | user=null | ip=null | op=WRITE_CHUNK {blockData=conID: 2 locID: 102670697096151568 bcsId: 0} | ret=SUCCESS |  
2019-08-24 07:08:29,915 | INFO  | DNAudit | user=null | ip=null | op=WRITE_CHUNK {blockData=conID: 2 locID: 102670697096151568 bcsId: 0} | ret=SUCCESS |  
2019-08-24 07:08:29,915 | INFO  | DNAudit | user=null | ip=null | op=PUT_BLOCK {blockData=[blockId=conID: 2 locID: 102670697096151568 bcsId: 0,size=1048576]} | ret=SUCCESS |  
2019-08-24 07:08:29,915 [grpc-default-executor-2] INFO  client.GrpcClientProtocolClient (GrpcClientProtocolClient.java:onNext(255)) - client-6EDD19400D46->06a4573b-67a1-41e3-a350-f896363bc636: receive RaftClientReply:client-6EDD19400D46->06a4573b-67a1-41e3-a350-f896363bc636@group-757E3781CD2A, cid=1848, SUCCESS, logIndex=2684, commits[06a4573b-67a1-41e3-a350-f896363bc636:c2685, 0b725bbf-683b-4664-9a2e-3c9dd6e38bc1:c2683, 9193e3b7-ae04-484d-a740-c65c11559486:c2683]
2019-08-24 07:08:29,916 [grpc-default-executor-2] INFO  client.GrpcClientProtocolClient (GrpcClientProtocolClient.java:onNext(255)) - client-6EDD19400D46->06a4573b-67a1-41e3-a350-f896363bc636: receive RaftClientReply:client-6EDD19400D46->06a4573b-67a1-41e3-a350-f896363bc636@group-757E3781CD2A, cid=1849, SUCCESS, logIndex=2685, commits[06a4573b-67a1-41e3-a350-f896363bc636:c2685, 0b725bbf-683b-4664-9a2e-3c9dd6e38bc1:c2683, 9193e3b7-ae04-484d-a740-c65c11559486:c2683]
2019-08-24 07:08:29,925 | INFO  | DNAudit | user=null | ip=null | op=WRITE_CHUNK {blockData=conID: 2 locID: 102670697096151568 bcsId: 0} | ret=SUCCESS |  
2019-08-24 07:08:29,926 | INFO  | DNAudit | user=null | ip=null | op=PUT_BLOCK {blockData=[blockId=conID: 2 locID: 102670697096151568 bcsId: 0,size=2097152]} | ret=SUCCESS |  
2019-08-24 07:08:29,926 [grpc-default-executor-2] INFO  client.GrpcClientProtocolClient (GrpcClientProtocolClient.java:onNext(255)) - client-6EDD19400D46->06a4573b-67a1-41e3-a350-f896363bc636: receive RaftClientReply:client-6EDD19400D46->06a4573b-67a1-41e3-a350-f896363bc636@group-757E3781CD2A, cid=1850, SUCCESS, logIndex=2686, commits[06a4573b-67a1-41e3-a350-f896363bc636:c2687, 0b725bbf-683b-4664-9a2e-3c9dd6e38bc1:c2683, 9193e3b7-ae04-484d-a740-c65c11559486:c2683]
2019-08-24 07:08:29,927 | INFO  | DNAudit | user=null | ip=null | op=WRITE_CHUNK {blockData=conID: 2 locID: 102670697096151568 bcsId: 0} | ret=SUCCESS |  
2019-08-24 07:08:29,927 | INFO  | DNAudit | user=null | ip=null | op=PUT_BLOCK {blockData=[blockId=conID: 2 locID: 102670697096151568 bcsId: 0,size=1048576]} | ret=SUCCESS |  
2019-08-24 07:08:29,927 [grpc-default-executor-5] INFO  client.GrpcClientProtocolClient (GrpcClientProtocolClient.java:onNext(255)) - client-6EDD19400D46->06a4573b-67a1-41e3-a350-f896363bc636: receive RaftClientReply:client-6EDD19400D46->06a4573b-67a1-41e3-a350-f896363bc636@group-757E3781CD2A, cid=1851, SUCCESS, logIndex=2687, commits[06a4573b-67a1-41e3-a350-f896363bc636:c2687, 0b725bbf-683b-4664-9a2e-3c9dd6e38bc1:c2683, 9193e3b7-ae04-484d-a740-c65c11559486:c2683]
2019-08-24 07:08:29,927 | INFO  | DNAudit | user=null | ip=null | op=WRITE_CHUNK {blockData=conID: 2 locID: 102670697096151568 bcsId: 0} | ret=SUCCESS |  
2019-08-24 07:08:29,927 | INFO  | DNAudit | user=null | ip=null | op=PUT_BLOCK {blockData=[blockId=conID: 2 locID: 102670697096151568 bcsId: 0,size=1048576]} | ret=SUCCESS |  
2019-08-24 07:08:29,928 [grpc-default-executor-5] INFO  client.GrpcClientProtocolClient (GrpcClientProtocolClient.java:onNext(255)) - client-6EDD19400D46->06a4573b-67a1-41e3-a350-f896363bc636: receive RaftClientReply:client-6EDD19400D46->06a4573b-67a1-41e3-a350-f896363bc636@group-757E3781CD2A, cid=1852, SUCCESS, logIndex=0, commits[06a4573b-67a1-41e3-a350-f896363bc636:c2689, 0b725bbf-683b-4664-9a2e-3c9dd6e38bc1:c2685, 9193e3b7-ae04-484d-a740-c65c11559486:c2685]
2019-08-24 07:08:29,937 | INFO  | DNAudit | user=null | ip=null | op=WRITE_CHUNK {blockData=conID: 2 locID: 102670697096151568 bcsId: 2687} | ret=SUCCESS |  
2019-08-24 07:08:29,938 | INFO  | DNAudit | user=null | ip=null | op=WRITE_CHUNK {blockData=conID: 2 locID: 102670697096151568 bcsId: 0} | ret=SUCCESS |  
2019-08-24 07:08:29,938 | INFO  | DNAudit | user=null | ip=null | op=PUT_BLOCK {blockData=[blockId=conID: 2 locID: 102670697096151568 bcsId: 0,size=2097152]} | ret=SUCCESS |  
2019-08-24 07:08:29,938 | INFO  | DNAudit | user=null | ip=null | op=WRITE_CHUNK {blockData=conID: 2 locID: 102670697096151568 bcsId: 0} | ret=SUCCESS |  
2019-08-24 07:08:29,938 | INFO  | DNAudit | user=null | ip=null | op=PUT_BLOCK {blockData=[blockId=conID: 2 locID: 102670697096151568 bcsId: 0,size=2097152]} | ret=SUCCESS |  
2019-08-24 07:08:29,941 | INFO  | DNAudit | user=null | ip=null | op=WRITE_CHUNK {blockData=conID: 2 locID: 102670697096151568 bcsId: 2687} | ret=SUCCESS |  
2019-08-24 07:08:29,941 | INFO  | DNAudit | user=null | ip=null | op=WRITE_CHUNK {blockData=conID: 2 locID: 102670697096151568 bcsId: 2687} | ret=SUCCESS |  
2019-08-24 07:08:29,962 | INFO  | DNAudit | user=null | ip=null | op=WRITE_CHUNK {blockData=conID: 2 locID: 102670697096151568 bcsId: 2687} | ret=SUCCESS |  
2019-08-24 07:08:29,962 | INFO  | DNAudit | user=null | ip=null | op=PUT_BLOCK {blockData=[blockId=conID: 2 locID: 102670697096151568 bcsId: 0,size=3145728]} | ret=SUCCESS |  
2019-08-24 07:08:29,963 [grpc-default-executor-5] INFO  client.GrpcClientProtocolClient (GrpcClientProtocolClient.java:onNext(255)) - client-6EDD19400D46->06a4573b-67a1-41e3-a350-f896363bc636: receive RaftClientReply:client-6EDD19400D46->06a4573b-67a1-41e3-a350-f896363bc636@group-757E3781CD2A, cid=1853, SUCCESS, logIndex=2692, commits[06a4573b-67a1-41e3-a350-f896363bc636:c2693, 0b725bbf-683b-4664-9a2e-3c9dd6e38bc1:c2689, 9193e3b7-ae04-484d-a740-c65c11559486:c2689]
2019-08-24 07:08:29,963 [grpc-default-executor-5] INFO  client.GrpcClientProtocolClient (GrpcClientProtocolClient.java:onNext(255)) - client-6EDD19400D46->06a4573b-67a1-41e3-a350-f896363bc636: receive RaftClientReply:client-6EDD19400D46->06a4573b-67a1-41e3-a350-f896363bc636@group-757E3781CD2A, cid=1854, SUCCESS, logIndex=2693, commits[06a4573b-67a1-41e3-a350-f896363bc636:c2693, 0b725bbf-683b-4664-9a2e-3c9dd6e38bc1:c2689, 9193e3b7-ae04-484d-a740-c65c11559486:c2689]
2019-08-24 07:08:29,963 | INFO  | DNAudit | user=null | ip=null | op=WRITE_CHUNK {blockData=conID: 2 locID: 102670697096151568 bcsId: 2687} | ret=SUCCESS |  
2019-08-24 07:08:29,964 | INFO  | DNAudit | user=null | ip=null | op=WRITE_CHUNK {blockData=conID: 2 locID: 102670697096151568 bcsId: 2687} | ret=SUCCESS |  
2019-08-24 07:08:29,964 | INFO  | DNAudit | user=null | ip=null | op=PUT_BLOCK {blockData=[blockId=conID: 2 locID: 102670697096151568 bcsId: 0,size=3145728]} | ret=SUCCESS |  
2019-08-24 07:08:29,964 | INFO  | DNAudit | user=null | ip=null | op=PUT_BLOCK {blockData=[blockId=conID: 2 locID: 102670697096151568 bcsId: 0,size=3145728]} | ret=SUCCESS |  
2019-08-24 07:08:29,970 | INFO  | DNAudit | user=null | ip=null | op=WRITE_CHUNK {blockData=conID: 2 locID: 102670697096151568 bcsId: 2693} | ret=SUCCESS |  
2019-08-24 07:08:29,973 | INFO  | DNAudit | user=null | ip=null | op=WRITE_CHUNK {blockData=conID: 2 locID: 102670697096151568 bcsId: 2693} | ret=SUCCESS |  
2019-08-24 07:08:29,974 | INFO  | DNAudit | user=null | ip=null | op=WRITE_CHUNK {blockData=conID: 2 locID: 102670697096151568 bcsId: 2693} | ret=SUCCESS |  
2019-08-24 07:08:29,983 | INFO  | DNAudit | user=null | ip=null | op=WRITE_CHUNK {blockData=conID: 2 locID: 102670697096151568 bcsId: 2693} | ret=SUCCESS |  
2019-08-24 07:08:29,984 | INFO  | DNAudit | user=null | ip=null | op=PUT_BLOCK {blockData=[blockId=conID: 2 locID: 102670697096151568 bcsId: 0,size=4194304]} | ret=SUCCESS |  
2019-08-24 07:08:29,984 [grpc-default-executor-5] INFO  client.GrpcClientProtocolClient (GrpcClientProtocolClient.java:onNext(255)) - client-6EDD19400D46->06a4573b-67a1-41e3-a350-f896363bc636: receive RaftClientReply:client-6EDD19400D46->06a4573b-67a1-41e3-a350-f896363bc636@group-757E3781CD2A, cid=1855, SUCCESS, logIndex=2696, commits[06a4573b-67a1-41e3-a350-f896363bc636:c2697, 0b725bbf-683b-4664-9a2e-3c9dd6e38bc1:c2695, 9193e3b7-ae04-484d-a740-c65c11559486:c2695]
2019-08-24 07:08:29,985 [grpc-default-executor-5] INFO  client.GrpcClientProtocolClient (GrpcClientProtocolClient.java:onNext(255)) - client-6EDD19400D46->06a4573b-67a1-41e3-a350-f896363bc636: receive RaftClientReply:client-6EDD19400D46->06a4573b-67a1-41e3-a350-f896363bc636@group-757E3781CD2A, cid=1856, SUCCESS, logIndex=2697, commits[06a4573b-67a1-41e3-a350-f896363bc636:c2697, 0b725bbf-683b-4664-9a2e-3c9dd6e38bc1:c2695, 9193e3b7-ae04-484d-a740-c65c11559486:c2695]
2019-08-24 07:08:29,994 | INFO  | DNAudit | user=null | ip=null | op=WRITE_CHUNK {blockData=conID: 2 locID: 102670697096151568 bcsId: 2693} | ret=SUCCESS |  
2019-08-24 07:08:29,995 | INFO  | DNAudit | user=null | ip=null | op=WRITE_CHUNK {blockData=conID: 2 locID: 102670697096151568 bcsId: 2693} | ret=SUCCESS |  
2019-08-24 07:08:29,996 | INFO  | DNAudit | user=null | ip=null | op=PUT_BLOCK {blockData=[blockId=conID: 2 locID: 102670697096151568 bcsId: 0,size=4194304]} | ret=SUCCESS |  
2019-08-24 07:08:29,996 | INFO  | DNAudit | user=null | ip=null | op=PUT_BLOCK {blockData=[blockId=conID: 2 locID: 102670697096151568 bcsId: 0,size=4194304]} | ret=SUCCESS |  
2019-08-24 07:08:29,996 [grpc-default-executor-0] INFO  client.GrpcClientProtocolClient (GrpcClientProtocolClient.java:onNext(255)) - client-6EDD19400D46->06a4573b-67a1-41e3-a350-f896363bc636: receive RaftClientReply:client-6EDD19400D46->06a4573b-67a1-41e3-a350-f896363bc636@group-757E3781CD2A, cid=1857, SUCCESS, logIndex=0, commits[06a4573b-67a1-41e3-a350-f896363bc636:c2699, 0b725bbf-683b-4664-9a2e-3c9dd6e38bc1:c2697, 9193e3b7-ae04-484d-a740-c65c11559486:c2697]
2019-08-24 07:08:30,002 | INFO  | SCMAudit | user=jenkins1000 | ip=192.168.69.125 | op=ALLOCATE_BLOCK {owner=61bacca8-15b6-4a50-8962-5e9786b18b0d, size=4194304, type=RATIS, factor=THREE} | ret=SUCCESS |  
2019-08-24 07:08:30,006 | INFO  | OMAudit | user=jenkins1000 | ip=127.0.0.1 | op=ALLOCATE_BLOCK {volume=vol-0-26988, bucket=bucket-0-20739, key=key-0-27353, dataSize=0, replicationType=null, replicationFactor=null, keyLocationInfo=null, clientID=102670695851229586} | ret=SUCCESS |  
2019-08-24 07:08:30,012 | INFO  | SCMAudit | user=jenkins1000 | ip=192.168.69.125 | op=SEND_HEARTBEAT {datanodeUUID=b8548da6-9cc6-46be-8dd4-5219531f5960, command=[]} | ret=SUCCESS |  
2019-08-24 07:08:30,016 | INFO  | DNAudit | user=null | ip=null | op=WRITE_CHUNK {blockData=conID: 3 locID: 102670697103491601 bcsId: 0} | ret=SUCCESS |  
2019-08-24 07:08:30,019 | INFO  | DNAudit | user=null | ip=null | op=WRITE_CHUNK {blockData=conID: 3 locID: 102670697103491601 bcsId: 0} | ret=SUCCESS |  
2019-08-24 07:08:30,020 | INFO  | DNAudit | user=null | ip=null | op=WRITE_CHUNK {blockData=conID: 3 locID: 102670697103491601 bcsId: 0} | ret=SUCCESS |  
2019-08-24 07:08:30,020 | INFO  | DNAudit | user=null | ip=null | op=WRITE_CHUNK {blockData=conID: 3 locID: 102670697103491601 bcsId: 0} | ret=SUCCESS |  
2019-08-24 07:08:30,022 | INFO  | DNAudit | user=null | ip=null | op=WRITE_CHUNK {blockData=conID: 3 locID: 102670697103491601 bcsId: 0} | ret=SUCCESS |  
2019-08-24 07:08:30,023 | INFO  | DNAudit | user=null | ip=null | op=WRITE_CHUNK {blockData=conID: 3 locID: 102670697103491601 bcsId: 0} | ret=SUCCESS |  
2019-08-24 07:08:30,030 | INFO  | DNAudit | user=null | ip=null | op=WRITE_CHUNK {blockData=conID: 3 locID: 102670697103491601 bcsId: 0} | ret=SUCCESS |  
2019-08-24 07:08:30,030 | INFO  | DNAudit | user=null | ip=null | op=PUT_BLOCK {blockData=[blockId=conID: 3 locID: 102670697103491601 bcsId: 0,size=1048576]} | ret=SUCCESS |  
2019-08-24 07:08:30,031 [grpc-default-executor-5] INFO  client.GrpcClientProtocolClient (GrpcClientProtocolClient.java:onNext(255)) - client-6EDD19400D46->06a4573b-67a1-41e3-a350-f896363bc636: receive RaftClientReply:client-6EDD19400D46->06a4573b-67a1-41e3-a350-f896363bc636@group-757E3781CD2A, cid=1858, SUCCESS, logIndex=2700, commits[06a4573b-67a1-41e3-a350-f896363bc636:c2701, 0b725bbf-683b-4664-9a2e-3c9dd6e38bc1:c2699, 9193e3b7-ae04-484d-a740-c65c11559486:c2699]
2019-08-24 07:08:30,032 [grpc-default-executor-5] INFO  client.GrpcClientProtocolClient (GrpcClientProtocolClient.java:onNext(255)) - client-6EDD19400D46->06a4573b-67a1-41e3-a350-f896363bc636: receive RaftClientReply:client-6EDD19400D46->06a4573b-67a1-41e3-a350-f896363bc636@group-757E3781CD2A, cid=1859, SUCCESS, logIndex=2701, commits[06a4573b-67a1-41e3-a350-f896363bc636:c2701, 0b725bbf-683b-4664-9a2e-3c9dd6e38bc1:c2699, 9193e3b7-ae04-484d-a740-c65c11559486:c2699]
2019-08-24 07:08:30,042 | INFO  | DNAudit | user=null | ip=null | op=WRITE_CHUNK {blockData=conID: 3 locID: 102670697103491601 bcsId: 0} | ret=SUCCESS |  
2019-08-24 07:08:30,042 | INFO  | DNAudit | user=null | ip=null | op=WRITE_CHUNK {blockData=conID: 3 locID: 102670697103491601 bcsId: 0} | ret=SUCCESS |  
2019-08-24 07:08:30,042 | INFO  | DNAudit | user=null | ip=null | op=WRITE_CHUNK {blockData=conID: 3 locID: 102670697103491601 bcsId: 0} | ret=SUCCESS |  
2019-08-24 07:08:30,043 | INFO  | DNAudit | user=null | ip=null | op=PUT_BLOCK {blockData=[blockId=conID: 3 locID: 102670697103491601 bcsId: 0,size=1048576]} | ret=SUCCESS |  
2019-08-24 07:08:30,043 | INFO  | DNAudit | user=null | ip=null | op=PUT_BLOCK {blockData=[blockId=conID: 3 locID: 102670697103491601 bcsId: 0,size=1048576]} | ret=SUCCESS |  
2019-08-24 07:08:30,043 | INFO  | DNAudit | user=null | ip=null | op=PUT_BLOCK {blockData=[blockId=conID: 3 locID: 102670697103491601 bcsId: 0,size=2097152]} | ret=SUCCESS |  
2019-08-24 07:08:30,043 [grpc-default-executor-1] INFO  client.GrpcClientProtocolClient (GrpcClientProtocolClient.java:onNext(255)) - client-6EDD19400D46->06a4573b-67a1-41e3-a350-f896363bc636: receive RaftClientReply:client-6EDD19400D46->06a4573b-67a1-41e3-a350-f896363bc636@group-757E3781CD2A, cid=1860, SUCCESS, logIndex=2702, commits[06a4573b-67a1-41e3-a350-f896363bc636:c2705, 0b725bbf-683b-4664-9a2e-3c9dd6e38bc1:c2701, 9193e3b7-ae04-484d-a740-c65c11559486:c2701]
2019-08-24 07:08:30,044 [grpc-default-executor-1] INFO  client.GrpcClientProtocolClient (GrpcClientProtocolClient.java:onNext(255)) - client-6EDD19400D46->06a4573b-67a1-41e3-a350-f896363bc636: receive RaftClientReply:client-6EDD19400D46->06a4573b-67a1-41e3-a350-f896363bc636@group-757E3781CD2A, cid=1861, SUCCESS, logIndex=2703, commits[06a4573b-67a1-41e3-a350-f896363bc636:c2705, 0b725bbf-683b-4664-9a2e-3c9dd6e38bc1:c2701, 9193e3b7-ae04-484d-a740-c65c11559486:c2701]
2019-08-24 07:08:30,052 | INFO  | DNAudit | user=null | ip=null | op=WRITE_CHUNK {blockData=conID: 3 locID: 102670697103491601 bcsId: 2703} | ret=SUCCESS |  
2019-08-24 07:08:30,052 | INFO  | DNAudit | user=null | ip=null | op=WRITE_CHUNK {blockData=conID: 3 locID: 102670697103491601 bcsId: 0} | ret=SUCCESS |  
2019-08-24 07:08:30,052 | INFO  | DNAudit | user=null | ip=null | op=WRITE_CHUNK {blockData=conID: 3 locID: 102670697103491601 bcsId: 0} | ret=SUCCESS |  
2019-08-24 07:08:30,052 | INFO  | DNAudit | user=null | ip=null | op=PUT_BLOCK {blockData=[blockId=conID: 3 locID: 102670697103491601 bcsId: 0,size=2097152]} | ret=SUCCESS |  
2019-08-24 07:08:30,053 | INFO  | DNAudit | user=null | ip=null | op=PUT_BLOCK {blockData=[blockId=conID: 3 locID: 102670697103491601 bcsId: 0,size=2097152]} | ret=SUCCESS |  
2019-08-24 07:08:30,055 | INFO  | DNAudit | user=null | ip=null | op=WRITE_CHUNK {blockData=conID: 3 locID: 102670697103491601 bcsId: 2703} | ret=SUCCESS |  
2019-08-24 07:08:30,055 | INFO  | DNAudit | user=null | ip=null | op=WRITE_CHUNK {blockData=conID: 3 locID: 102670697103491601 bcsId: 2703} | ret=SUCCESS |  
2019-08-24 07:08:30,081 | INFO  | DNAudit | user=null | ip=null | op=WRITE_CHUNK {blockData=conID: 3 locID: 102670697103491601 bcsId: 2703} | ret=SUCCESS |  
2019-08-24 07:08:30,081 | INFO  | DNAudit | user=null | ip=null | op=PUT_BLOCK {blockData=[blockId=conID: 3 locID: 102670697103491601 bcsId: 0,size=3145728]} | ret=SUCCESS |  
2019-08-24 07:08:30,082 [grpc-default-executor-5] INFO  client.GrpcClientProtocolClient (GrpcClientProtocolClient.java:onNext(255)) - client-6EDD19400D46->06a4573b-67a1-41e3-a350-f896363bc636: receive RaftClientReply:client-6EDD19400D46->06a4573b-67a1-41e3-a350-f896363bc636@group-757E3781CD2A, cid=1862, SUCCESS, logIndex=2707, commits[06a4573b-67a1-41e3-a350-f896363bc636:c2708, 0b725bbf-683b-4664-9a2e-3c9dd6e38bc1:c2705, 9193e3b7-ae04-484d-a740-c65c11559486:c2705]
2019-08-24 07:08:30,082 [grpc-default-executor-5] INFO  client.GrpcClientProtocolClient (GrpcClientProtocolClient.java:onNext(255)) - client-6EDD19400D46->06a4573b-67a1-41e3-a350-f896363bc636: receive RaftClientReply:client-6EDD19400D46->06a4573b-67a1-41e3-a350-f896363bc636@group-757E3781CD2A, cid=1863, SUCCESS, logIndex=2708, commits[06a4573b-67a1-41e3-a350-f896363bc636:c2708, 0b725bbf-683b-4664-9a2e-3c9dd6e38bc1:c2705, 9193e3b7-ae04-484d-a740-c65c11559486:c2705]
2019-08-24 07:08:30,091 | INFO  | DNAudit | user=null | ip=null | op=WRITE_CHUNK {blockData=conID: 3 locID: 102670697103491601 bcsId: 2708} | ret=SUCCESS |  
2019-08-24 07:08:30,092 | INFO  | DNAudit | user=null | ip=null | op=WRITE_CHUNK {blockData=conID: 3 locID: 102670697103491601 bcsId: 2703} | ret=SUCCESS |  
2019-08-24 07:08:30,093 | INFO  | DNAudit | user=null | ip=null | op=WRITE_CHUNK {blockData=conID: 3 locID: 102670697103491601 bcsId: 2703} | ret=SUCCESS |  
2019-08-24 07:08:30,093 | INFO  | DNAudit | user=null | ip=null | op=WRITE_CHUNK {blockData=conID: 3 locID: 102670697103491601 bcsId: 2708} | ret=SUCCESS |  
2019-08-24 07:08:30,094 | INFO  | DNAudit | user=null | ip=null | op=WRITE_CHUNK {blockData=conID: 3 locID: 102670697103491601 bcsId: 2708} | ret=SUCCESS |  
2019-08-24 07:08:30,095 | INFO  | DNAudit | user=null | ip=null | op=PUT_BLOCK {blockData=[blockId=conID: 3 locID: 102670697103491601 bcsId: 0,size=3145728]} | ret=SUCCESS |  
2019-08-24 07:08:30,106 | INFO  | DNAudit | user=null | ip=null | op=PUT_BLOCK {blockData=[blockId=conID: 3 locID: 102670697103491601 bcsId: 0,size=3145728]} | ret=SUCCESS |  
2019-08-24 07:08:30,107 | INFO  | DNAudit | user=null | ip=null | op=WRITE_CHUNK {blockData=conID: 3 locID: 102670697103491601 bcsId: 2708} | ret=SUCCESS |  
2019-08-24 07:08:30,107 | INFO  | DNAudit | user=null | ip=null | op=PUT_BLOCK {blockData=[blockId=conID: 3 locID: 102670697103491601 bcsId: 0,size=4194304]} | ret=SUCCESS |  
2019-08-24 07:08:30,108 [grpc-default-executor-2] INFO  client.GrpcClientProtocolClient (GrpcClientProtocolClient.java:onNext(255)) - client-6EDD19400D46->06a4573b-67a1-41e3-a350-f896363bc636: receive RaftClientReply:client-6EDD19400D46->06a4573b-67a1-41e3-a350-f896363bc636@group-757E3781CD2A, cid=1864, SUCCESS, logIndex=2711, commits[06a4573b-67a1-41e3-a350-f896363bc636:c2712, 0b725bbf-683b-4664-9a2e-3c9dd6e38bc1:c2708, 9193e3b7-ae04-484d-a740-c65c11559486:c2708]
2019-08-24 07:08:30,108 [grpc-default-executor-2] INFO  client.GrpcClientProtocolClient (GrpcClientProtocolClient.java:onNext(255)) - client-6EDD19400D46->06a4573b-67a1-41e3-a350-f896363bc636: receive RaftClientReply:client-6EDD19400D46->06a4573b-67a1-41e3-a350-f896363bc636@group-757E3781CD2A, cid=1865, SUCCESS, logIndex=2712, commits[06a4573b-67a1-41e3-a350-f896363bc636:c2712, 0b725bbf-683b-4664-9a2e-3c9dd6e38bc1:c2708, 9193e3b7-ae04-484d-a740-c65c11559486:c2708]
2019-08-24 07:08:30,110 | INFO  | DNAudit | user=null | ip=null | op=WRITE_CHUNK {blockData=conID: 3 locID: 102670697103491601 bcsId: 2708} | ret=SUCCESS |  
2019-08-24 07:08:30,110 | INFO  | DNAudit | user=null | ip=null | op=WRITE_CHUNK {blockData=conID: 3 locID: 102670697103491601 bcsId: 2708} | ret=SUCCESS |  
2019-08-24 07:08:30,111 | INFO  | DNAudit | user=null | ip=null | op=PUT_BLOCK {blockData=[blockId=conID: 3 locID: 102670697103491601 bcsId: 0,size=4194304]} | ret=SUCCESS |  
2019-08-24 07:08:30,124 | INFO  | DNAudit | user=null | ip=null | op=PUT_BLOCK {blockData=[blockId=conID: 3 locID: 102670697103491601 bcsId: 0,size=4194304]} | ret=SUCCESS |  
2019-08-24 07:08:30,125 [grpc-default-executor-1] INFO  client.GrpcClientProtocolClient (GrpcClientProtocolClient.java:onNext(255)) - client-6EDD19400D46->06a4573b-67a1-41e3-a350-f896363bc636: receive RaftClientReply:client-6EDD19400D46->06a4573b-67a1-41e3-a350-f896363bc636@group-757E3781CD2A, cid=1866, SUCCESS, logIndex=0, commits[06a4573b-67a1-41e3-a350-f896363bc636:c2713, 0b725bbf-683b-4664-9a2e-3c9dd6e38bc1:c2712, 9193e3b7-ae04-484d-a740-c65c11559486:c2712]
2019-08-24 07:08:30,130 | INFO  | SCMAudit | user=jenkins1000 | ip=192.168.69.125 | op=ALLOCATE_BLOCK {owner=61bacca8-15b6-4a50-8962-5e9786b18b0d, size=4194304, type=RATIS, factor=THREE} | ret=SUCCESS |  
2019-08-24 07:08:30,133 | INFO  | OMAudit | user=jenkins1000 | ip=127.0.0.1 | op=ALLOCATE_BLOCK {volume=vol-0-26988, bucket=bucket-0-20739, key=key-0-27353, dataSize=0, replicationType=null, replicationFactor=null, keyLocationInfo=null, clientID=102670695851229586} | ret=SUCCESS |  
2019-08-24 07:08:30,141 | INFO  | DNAudit | user=null | ip=null | op=WRITE_CHUNK {blockData=conID: 1 locID: 102670697111880210 bcsId: 0} | ret=SUCCESS |  
2019-08-24 07:08:30,145 | INFO  | DNAudit | user=null | ip=null | op=WRITE_CHUNK {blockData=conID: 1 locID: 102670697111880210 bcsId: 0} | ret=SUCCESS |  
2019-08-24 07:08:30,146 | INFO  | DNAudit | user=null | ip=null | op=WRITE_CHUNK {blockData=conID: 1 locID: 102670697111880210 bcsId: 0} | ret=SUCCESS |  
2019-08-24 07:08:30,146 | INFO  | DNAudit | user=null | ip=null | op=WRITE_CHUNK {blockData=conID: 1 locID: 102670697111880210 bcsId: 0} | ret=SUCCESS |  
2019-08-24 07:08:30,148 | INFO  | DNAudit | user=null | ip=null | op=WRITE_CHUNK {blockData=conID: 1 locID: 102670697111880210 bcsId: 0} | ret=SUCCESS |  
2019-08-24 07:08:30,148 | INFO  | DNAudit | user=null | ip=null | op=WRITE_CHUNK {blockData=conID: 1 locID: 102670697111880210 bcsId: 0} | ret=SUCCESS |  
2019-08-24 07:08:30,156 | INFO  | DNAudit | user=null | ip=null | op=WRITE_CHUNK {blockData=conID: 1 locID: 102670697111880210 bcsId: 0} | ret=SUCCESS |  
2019-08-24 07:08:30,156 | INFO  | DNAudit | user=null | ip=null | op=PUT_BLOCK {blockData=[blockId=conID: 1 locID: 102670697111880210 bcsId: 0,size=1048576]} | ret=SUCCESS |  
2019-08-24 07:08:30,157 [grpc-default-executor-2] INFO  client.GrpcClientProtocolClient (GrpcClientProtocolClient.java:onNext(255)) - client-6EDD19400D46->06a4573b-67a1-41e3-a350-f896363bc636: receive RaftClientReply:client-6EDD19400D46->06a4573b-67a1-41e3-a350-f896363bc636@group-757E3781CD2A, cid=1867, SUCCESS, logIndex=2715, commits[06a4573b-67a1-41e3-a350-f896363bc636:c2716, 0b725bbf-683b-4664-9a2e-3c9dd6e38bc1:c2714, 9193e3b7-ae04-484d-a740-c65c11559486:c2714]
2019-08-24 07:08:30,157 [grpc-default-executor-2] INFO  client.GrpcClientProtocolClient (GrpcClientProtocolClient.java:onNext(255)) - client-6EDD19400D46->06a4573b-67a1-41e3-a350-f896363bc636: receive RaftClientReply:client-6EDD19400D46->06a4573b-67a1-41e3-a350-f896363bc636@group-757E3781CD2A, cid=1868, SUCCESS, logIndex=2716, commits[06a4573b-67a1-41e3-a350-f896363bc636:c2716, 0b725bbf-683b-4664-9a2e-3c9dd6e38bc1:c2714, 9193e3b7-ae04-484d-a740-c65c11559486:c2714]
2019-08-24 07:08:30,167 | INFO  | DNAudit | user=null | ip=null | op=WRITE_CHUNK {blockData=conID: 1 locID: 102670697111880210 bcsId: 0} | ret=SUCCESS |  
2019-08-24 07:08:30,167 | INFO  | DNAudit | user=null | ip=null | op=WRITE_CHUNK {blockData=conID: 1 locID: 102670697111880210 bcsId: 0} | ret=SUCCESS |  
2019-08-24 07:08:30,168 | INFO  | DNAudit | user=null | ip=null | op=PUT_BLOCK {blockData=[blockId=conID: 1 locID: 102670697111880210 bcsId: 0,size=1048576]} | ret=SUCCESS |  
2019-08-24 07:08:30,168 | INFO  | DNAudit | user=null | ip=null | op=PUT_BLOCK {blockData=[blockId=conID: 1 locID: 102670697111880210 bcsId: 0,size=2097152]} | ret=SUCCESS |  
2019-08-24 07:08:30,168 [grpc-default-executor-2] INFO  client.GrpcClientProtocolClient (GrpcClientProtocolClient.java:onNext(255)) - client-6EDD19400D46->06a4573b-67a1-41e3-a350-f896363bc636: receive RaftClientReply:client-6EDD19400D46->06a4573b-67a1-41e3-a350-f896363bc636@group-757E3781CD2A, cid=1869, SUCCESS, logIndex=2717, commits[06a4573b-67a1-41e3-a350-f896363bc636:c2718, 0b725bbf-683b-4664-9a2e-3c9dd6e38bc1:c2714, 9193e3b7-ae04-484d-a740-c65c11559486:c2714]
2019-08-24 07:08:30,168 [grpc-default-executor-2] INFO  client.GrpcClientProtocolClient (GrpcClientProtocolClient.java:onNext(255)) - client-6EDD19400D46->06a4573b-67a1-41e3-a350-f896363bc636: receive RaftClientReply:client-6EDD19400D46->06a4573b-67a1-41e3-a350-f896363bc636@group-757E3781CD2A, cid=1870, SUCCESS, logIndex=2718, commits[06a4573b-67a1-41e3-a350-f896363bc636:c2720, 0b725bbf-683b-4664-9a2e-3c9dd6e38bc1:c2714, 9193e3b7-ae04-484d-a740-c65c11559486:c2716]
2019-08-24 07:08:30,170 | INFO  | DNAudit | user=null | ip=null | op=WRITE_CHUNK {blockData=conID: 1 locID: 102670697111880210 bcsId: 0} | ret=SUCCESS |  
2019-08-24 07:08:30,170 | INFO  | DNAudit | user=null | ip=null | op=PUT_BLOCK {blockData=[blockId=conID: 1 locID: 102670697111880210 bcsId: 0,size=1048576]} | ret=SUCCESS |  
2019-08-24 07:08:30,170 [grpc-default-executor-2] INFO  client.GrpcClientProtocolClient (GrpcClientProtocolClient.java:onNext(255)) - client-6EDD19400D46->06a4573b-67a1-41e3-a350-f896363bc636: receive RaftClientReply:client-6EDD19400D46->06a4573b-67a1-41e3-a350-f896363bc636@group-757E3781CD2A, cid=1871, SUCCESS, logIndex=0, commits[06a4573b-67a1-41e3-a350-f896363bc636:c2720, 0b725bbf-683b-4664-9a2e-3c9dd6e38bc1:c2716, 9193e3b7-ae04-484d-a740-c65c11559486:c2716]
2019-08-24 07:08:30,180 | INFO  | DNAudit | user=null | ip=null | op=WRITE_CHUNK {blockData=conID: 1 locID: 102670697111880210 bcsId: 2718} | ret=SUCCESS |  
2019-08-24 07:08:30,182 | INFO  | DNAudit | user=null | ip=null | op=WRITE_CHUNK {blockData=conID: 1 locID: 102670697111880210 bcsId: 0} | ret=SUCCESS |  
2019-08-24 07:08:30,183 | INFO  | DNAudit | user=null | ip=null | op=PUT_BLOCK {blockData=[blockId=conID: 1 locID: 102670697111880210 bcsId: 0,size=2097152]} | ret=SUCCESS |  
2019-08-24 07:08:30,183 | INFO  | DNAudit | user=null | ip=null | op=WRITE_CHUNK {blockData=conID: 1 locID: 102670697111880210 bcsId: 2718} | ret=SUCCESS |  
2019-08-24 07:08:30,183 | INFO  | DNAudit | user=null | ip=null | op=WRITE_CHUNK {blockData=conID: 1 locID: 102670697111880210 bcsId: 0} | ret=SUCCESS |  
2019-08-24 07:08:30,183 | INFO  | DNAudit | user=null | ip=null | op=PUT_BLOCK {blockData=[blockId=conID: 1 locID: 102670697111880210 bcsId: 0,size=2097152]} | ret=SUCCESS |  
2019-08-24 07:08:30,183 | INFO  | DNAudit | user=null | ip=null | op=WRITE_CHUNK {blockData=conID: 1 locID: 102670697111880210 bcsId: 2718} | ret=SUCCESS |  
2019-08-24 07:08:30,196 | INFO  | DNAudit | user=null | ip=null | op=WRITE_CHUNK {blockData=conID: 1 locID: 102670697111880210 bcsId: 2718} | ret=SUCCESS |  
2019-08-24 07:08:30,197 | INFO  | DNAudit | user=null | ip=null | op=PUT_BLOCK {blockData=[blockId=conID: 1 locID: 102670697111880210 bcsId: 0,size=3145728]} | ret=SUCCESS |  
2019-08-24 07:08:30,197 [grpc-default-executor-5] INFO  client.GrpcClientProtocolClient (GrpcClientProtocolClient.java:onNext(255)) - client-6EDD19400D46->06a4573b-67a1-41e3-a350-f896363bc636: receive RaftClientReply:client-6EDD19400D46->06a4573b-67a1-41e3-a350-f896363bc636@group-757E3781CD2A, cid=1872, SUCCESS, logIndex=2723, commits[06a4573b-67a1-41e3-a350-f896363bc636:c2724, 0b725bbf-683b-4664-9a2e-3c9dd6e38bc1:c2720, 9193e3b7-ae04-484d-a740-c65c11559486:c2720]
2019-08-24 07:08:30,197 [grpc-default-executor-5] INFO  client.GrpcClientProtocolClient (GrpcClientProtocolClient.java:onNext(255)) - client-6EDD19400D46->06a4573b-67a1-41e3-a350-f896363bc636: receive RaftClientReply:client-6EDD19400D46->06a4573b-67a1-41e3-a350-f896363bc636@group-757E3781CD2A, cid=1873, SUCCESS, logIndex=2724, commits[06a4573b-67a1-41e3-a350-f896363bc636:c2724, 0b725bbf-683b-4664-9a2e-3c9dd6e38bc1:c2720, 9193e3b7-ae04-484d-a740-c65c11559486:c2720]
2019-08-24 07:08:30,205 | INFO  | DNAudit | user=null | ip=null | op=WRITE_CHUNK {blockData=conID: 1 locID: 102670697111880210 bcsId: 2724} | ret=SUCCESS |  
2019-08-24 07:08:30,209 | INFO  | DNAudit | user=null | ip=null | op=WRITE_CHUNK {blockData=conID: 1 locID: 102670697111880210 bcsId: 2724} | ret=SUCCESS |  
2019-08-24 07:08:30,209 | INFO  | DNAudit | user=null | ip=null | op=WRITE_CHUNK {blockData=conID: 1 locID: 102670697111880210 bcsId: 2724} | ret=SUCCESS |  
2019-08-24 07:08:30,219 | INFO  | DNAudit | user=null | ip=null | op=WRITE_CHUNK {blockData=conID: 1 locID: 102670697111880210 bcsId: 2718} | ret=SUCCESS |  
2019-08-24 07:08:30,220 | INFO  | DNAudit | user=null | ip=null | op=WRITE_CHUNK {blockData=conID: 1 locID: 102670697111880210 bcsId: 2718} | ret=SUCCESS |  
2019-08-24 07:08:30,220 | INFO  | DNAudit | user=null | ip=null | op=PUT_BLOCK {blockData=[blockId=conID: 1 locID: 102670697111880210 bcsId: 0,size=3145728]} | ret=SUCCESS |  
2019-08-24 07:08:30,220 | INFO  | DNAudit | user=null | ip=null | op=PUT_BLOCK {blockData=[blockId=conID: 1 locID: 102670697111880210 bcsId: 0,size=3145728]} | ret=SUCCESS |  
2019-08-24 07:08:30,230 | INFO  | DNAudit | user=null | ip=null | op=WRITE_CHUNK {blockData=conID: 1 locID: 102670697111880210 bcsId: 2724} | ret=SUCCESS |  
2019-08-24 07:08:30,230 | INFO  | DNAudit | user=null | ip=null | op=PUT_BLOCK {blockData=[blockId=conID: 1 locID: 102670697111880210 bcsId: 0,size=4194304]} | ret=SUCCESS |  
2019-08-24 07:08:30,230 [grpc-default-executor-2] INFO  client.GrpcClientProtocolClient (GrpcClientProtocolClient.java:onNext(255)) - client-6EDD19400D46->06a4573b-67a1-41e3-a350-f896363bc636: receive RaftClientReply:client-6EDD19400D46->06a4573b-67a1-41e3-a350-f896363bc636@group-757E3781CD2A, cid=1874, SUCCESS, logIndex=2727, commits[06a4573b-67a1-41e3-a350-f896363bc636:c2728, 0b725bbf-683b-4664-9a2e-3c9dd6e38bc1:c2724, 9193e3b7-ae04-484d-a740-c65c11559486:c2724]
2019-08-24 07:08:30,231 [grpc-default-executor-2] INFO  client.GrpcClientProtocolClient (GrpcClientProtocolClient.java:onNext(255)) - client-6EDD19400D46->06a4573b-67a1-41e3-a350-f896363bc636: receive RaftClientReply:client-6EDD19400D46->06a4573b-67a1-41e3-a350-f896363bc636@group-757E3781CD2A, cid=1875, SUCCESS, logIndex=2728, commits[06a4573b-67a1-41e3-a350-f896363bc636:c2728, 0b725bbf-683b-4664-9a2e-3c9dd6e38bc1:c2724, 9193e3b7-ae04-484d-a740-c65c11559486:c2724]
2019-08-24 07:08:30,245 | INFO  | DNAudit | user=null | ip=null | op=WRITE_CHUNK {blockData=conID: 1 locID: 102670697111880210 bcsId: 2724} | ret=SUCCESS |  
2019-08-24 07:08:30,245 | INFO  | DNAudit | user=null | ip=null | op=PUT_BLOCK {blockData=[blockId=conID: 1 locID: 102670697111880210 bcsId: 0,size=4194304]} | ret=SUCCESS |  
2019-08-24 07:08:30,245 | INFO  | DNAudit | user=null | ip=null | op=WRITE_CHUNK {blockData=conID: 1 locID: 102670697111880210 bcsId: 2724} | ret=SUCCESS |  
2019-08-24 07:08:30,246 | INFO  | DNAudit | user=null | ip=null | op=PUT_BLOCK {blockData=[blockId=conID: 1 locID: 102670697111880210 bcsId: 0,size=4194304]} | ret=SUCCESS |  
2019-08-24 07:08:30,246 [grpc-default-executor-2] INFO  client.GrpcClientProtocolClient (GrpcClientProtocolClient.java:onNext(255)) - client-6EDD19400D46->06a4573b-67a1-41e3-a350-f896363bc636: receive RaftClientReply:client-6EDD19400D46->06a4573b-67a1-41e3-a350-f896363bc636@group-757E3781CD2A, cid=1876, SUCCESS, logIndex=0, commits[06a4573b-67a1-41e3-a350-f896363bc636:c2729, 0b725bbf-683b-4664-9a2e-3c9dd6e38bc1:c2728, 9193e3b7-ae04-484d-a740-c65c11559486:c2728]
2019-08-24 07:08:30,253 | INFO  | SCMAudit | user=jenkins1000 | ip=192.168.69.125 | op=ALLOCATE_BLOCK {owner=61bacca8-15b6-4a50-8962-5e9786b18b0d, size=4194304, type=RATIS, factor=THREE} | ret=SUCCESS |  
2019-08-24 07:08:30,256 | INFO  | OMAudit | user=jenkins1000 | ip=127.0.0.1 | op=ALLOCATE_BLOCK {volume=vol-0-26988, bucket=bucket-0-20739, key=key-0-27353, dataSize=0, replicationType=null, replicationFactor=null, keyLocationInfo=null, clientID=102670695851229586} | ret=SUCCESS |  
2019-08-24 07:08:30,266 | INFO  | DNAudit | user=null | ip=null | op=WRITE_CHUNK {blockData=conID: 2 locID: 102670697119875603 bcsId: 0} | ret=SUCCESS |  
2019-08-24 07:08:30,270 | INFO  | DNAudit | user=null | ip=null | op=WRITE_CHUNK {blockData=conID: 2 locID: 102670697119875603 bcsId: 0} | ret=SUCCESS |  
2019-08-24 07:08:30,270 | INFO  | DNAudit | user=null | ip=null | op=WRITE_CHUNK {blockData=conID: 2 locID: 102670697119875603 bcsId: 0} | ret=SUCCESS |  
2019-08-24 07:08:30,271 | INFO  | DNAudit | user=null | ip=null | op=WRITE_CHUNK {blockData=conID: 2 locID: 102670697119875603 bcsId: 0} | ret=SUCCESS |  
2019-08-24 07:08:30,273 | INFO  | DNAudit | user=null | ip=null | op=WRITE_CHUNK {blockData=conID: 2 locID: 102670697119875603 bcsId: 0} | ret=SUCCESS |  
2019-08-24 07:08:30,273 | INFO  | DNAudit | user=null | ip=null | op=WRITE_CHUNK {blockData=conID: 2 locID: 102670697119875603 bcsId: 0} | ret=SUCCESS |  
2019-08-24 07:08:30,280 | INFO  | DNAudit | user=null | ip=null | op=WRITE_CHUNK {blockData=conID: 2 locID: 102670697119875603 bcsId: 0} | ret=SUCCESS |  
2019-08-24 07:08:30,280 | INFO  | DNAudit | user=null | ip=null | op=PUT_BLOCK {blockData=[blockId=conID: 2 locID: 102670697119875603 bcsId: 0,size=1048576]} | ret=SUCCESS |  
2019-08-24 07:08:30,281 | INFO  | DNAudit | user=null | ip=null | op=WRITE_CHUNK {blockData=conID: 2 locID: 102670697119875603 bcsId: 0} | ret=SUCCESS |  
2019-08-24 07:08:30,281 [grpc-default-executor-2] INFO  client.GrpcClientProtocolClient (GrpcClientProtocolClient.java:onNext(255)) - client-6EDD19400D46->06a4573b-67a1-41e3-a350-f896363bc636: receive RaftClientReply:client-6EDD19400D46->06a4573b-67a1-41e3-a350-f896363bc636@group-757E3781CD2A, cid=1877, SUCCESS, logIndex=2731, commits[06a4573b-67a1-41e3-a350-f896363bc636:c2733, 0b725bbf-683b-4664-9a2e-3c9dd6e38bc1:c2730, 9193e3b7-ae04-484d-a740-c65c11559486:c2730]
2019-08-24 07:08:30,281 | INFO  | DNAudit | user=null | ip=null | op=PUT_BLOCK {blockData=[blockId=conID: 2 locID: 102670697119875603 bcsId: 0,size=2097152]} | ret=SUCCESS |  
2019-08-24 07:08:30,282 [grpc-default-executor-2] INFO  client.GrpcClientProtocolClient (GrpcClientProtocolClient.java:onNext(255)) - client-6EDD19400D46->06a4573b-67a1-41e3-a350-f896363bc636: receive RaftClientReply:client-6EDD19400D46->06a4573b-67a1-41e3-a350-f896363bc636@group-757E3781CD2A, cid=1878, SUCCESS, logIndex=2732, commits[06a4573b-67a1-41e3-a350-f896363bc636:c2734, 0b725bbf-683b-4664-9a2e-3c9dd6e38bc1:c2730, 9193e3b7-ae04-484d-a740-c65c11559486:c2730]
2019-08-24 07:08:30,282 [grpc-default-executor-2] INFO  client.GrpcClientProtocolClient (GrpcClientProtocolClient.java:onNext(255)) - client-6EDD19400D46->06a4573b-67a1-41e3-a350-f896363bc636: receive RaftClientReply:client-6EDD19400D46->06a4573b-67a1-41e3-a350-f896363bc636@group-757E3781CD2A, cid=1879, SUCCESS, logIndex=2733, commits[06a4573b-67a1-41e3-a350-f896363bc636:c2734, 0b725bbf-683b-4664-9a2e-3c9dd6e38bc1:c2730, 9193e3b7-ae04-484d-a740-c65c11559486:c2730]
2019-08-24 07:08:30,282 [grpc-default-executor-2] INFO  client.GrpcClientProtocolClient (GrpcClientProtocolClient.java:onNext(255)) - client-6EDD19400D46->06a4573b-67a1-41e3-a350-f896363bc636: receive RaftClientReply:client-6EDD19400D46->06a4573b-67a1-41e3-a350-f896363bc636@group-757E3781CD2A, cid=1880, SUCCESS, logIndex=2734, commits[06a4573b-67a1-41e3-a350-f896363bc636:c2734, 0b725bbf-683b-4664-9a2e-3c9dd6e38bc1:c2730, 9193e3b7-ae04-484d-a740-c65c11559486:c2730]
2019-08-24 07:08:30,291 | INFO  | DNAudit | user=null | ip=null | op=WRITE_CHUNK {blockData=conID: 2 locID: 102670697119875603 bcsId: 0} | ret=SUCCESS |  
2019-08-24 07:08:30,291 | INFO  | DNAudit | user=null | ip=null | op=WRITE_CHUNK {blockData=conID: 2 locID: 102670697119875603 bcsId: 0} | ret=SUCCESS |  
2019-08-24 07:08:30,291 | INFO  | DNAudit | user=null | ip=null | op=PUT_BLOCK {blockData=[blockId=conID: 2 locID: 102670697119875603 bcsId: 0,size=1048576]} | ret=SUCCESS |  
2019-08-24 07:08:30,291 | INFO  | DNAudit | user=null | ip=null | op=PUT_BLOCK {blockData=[blockId=conID: 2 locID: 102670697119875603 bcsId: 0,size=1048576]} | ret=SUCCESS |  
2019-08-24 07:08:30,292 [grpc-default-executor-2] INFO  client.GrpcClientProtocolClient (GrpcClientProtocolClient.java:onNext(255)) - client-6EDD19400D46->06a4573b-67a1-41e3-a350-f896363bc636: receive RaftClientReply:client-6EDD19400D46->06a4573b-67a1-41e3-a350-f896363bc636@group-757E3781CD2A, cid=1881, SUCCESS, logIndex=0, commits[06a4573b-67a1-41e3-a350-f896363bc636:c2736, 0b725bbf-683b-4664-9a2e-3c9dd6e38bc1:c2732, 9193e3b7-ae04-484d-a740-c65c11559486:c2732]
2019-08-24 07:08:30,292 | INFO  | DNAudit | user=null | ip=null | op=WRITE_CHUNK {blockData=conID: 2 locID: 102670697119875603 bcsId: 0} | ret=SUCCESS |  
2019-08-24 07:08:30,292 | INFO  | DNAudit | user=null | ip=null | op=WRITE_CHUNK {blockData=conID: 2 locID: 102670697119875603 bcsId: 0} | ret=SUCCESS |  
2019-08-24 07:08:30,292 | INFO  | DNAudit | user=null | ip=null | op=PUT_BLOCK {blockData=[blockId=conID: 2 locID: 102670697119875603 bcsId: 0,size=2097152]} | ret=SUCCESS |  
2019-08-24 07:08:30,292 | INFO  | DNAudit | user=null | ip=null | op=PUT_BLOCK {blockData=[blockId=conID: 2 locID: 102670697119875603 bcsId: 0,size=2097152]} | ret=SUCCESS |  
2019-08-24 07:08:30,300 | INFO  | DNAudit | user=null | ip=null | op=WRITE_CHUNK {blockData=conID: 2 locID: 102670697119875603 bcsId: 2734} | ret=SUCCESS |  
2019-08-24 07:08:30,303 | INFO  | DNAudit | user=null | ip=null | op=WRITE_CHUNK {blockData=conID: 2 locID: 102670697119875603 bcsId: 2734} | ret=SUCCESS |  
2019-08-24 07:08:30,304 | INFO  | DNAudit | user=null | ip=null | op=WRITE_CHUNK {blockData=conID: 2 locID: 102670697119875603 bcsId: 2734} | ret=SUCCESS |  
2019-08-24 07:08:30,314 | INFO  | DNAudit | user=null | ip=null | op=WRITE_CHUNK {blockData=conID: 2 locID: 102670697119875603 bcsId: 2734} | ret=SUCCESS |  
2019-08-24 07:08:30,314 | INFO  | DNAudit | user=null | ip=null | op=PUT_BLOCK {blockData=[blockId=conID: 2 locID: 102670697119875603 bcsId: 0,size=3145728]} | ret=SUCCESS |  
2019-08-24 07:08:30,314 [grpc-default-executor-2] INFO  client.GrpcClientProtocolClient (GrpcClientProtocolClient.java:onNext(255)) - client-6EDD19400D46->06a4573b-67a1-41e3-a350-f896363bc636: receive RaftClientReply:client-6EDD19400D46->06a4573b-67a1-41e3-a350-f896363bc636@group-757E3781CD2A, cid=1882, SUCCESS, logIndex=2739, commits[06a4573b-67a1-41e3-a350-f896363bc636:c2740, 0b725bbf-683b-4664-9a2e-3c9dd6e38bc1:c2738, 9193e3b7-ae04-484d-a740-c65c11559486:c2738]
2019-08-24 07:08:30,315 [grpc-default-executor-2] INFO  client.GrpcClientProtocolClient (GrpcClientProtocolClient.java:onNext(255)) - client-6EDD19400D46->06a4573b-67a1-41e3-a350-f896363bc636: receive RaftClientReply:client-6EDD19400D46->06a4573b-67a1-41e3-a350-f896363bc636@group-757E3781CD2A, cid=1883, SUCCESS, logIndex=2740, commits[06a4573b-67a1-41e3-a350-f896363bc636:c2740, 0b725bbf-683b-4664-9a2e-3c9dd6e38bc1:c2738, 9193e3b7-ae04-484d-a740-c65c11559486:c2738]
2019-08-24 07:08:30,322 | INFO  | DNAudit | user=null | ip=null | op=WRITE_CHUNK {blockData=conID: 2 locID: 102670697119875603 bcsId: 2740} | ret=SUCCESS |  
2019-08-24 07:08:30,326 | INFO  | DNAudit | user=null | ip=null | op=WRITE_CHUNK {blockData=conID: 2 locID: 102670697119875603 bcsId: 2740} | ret=SUCCESS |  
2019-08-24 07:08:30,326 | INFO  | DNAudit | user=null | ip=null | op=WRITE_CHUNK {blockData=conID: 2 locID: 102670697119875603 bcsId: 2740} | ret=SUCCESS |  
2019-08-24 07:08:30,327 | INFO  | DNAudit | user=null | ip=null | op=WRITE_CHUNK {blockData=conID: 2 locID: 102670697119875603 bcsId: 2734} | ret=SUCCESS |  
2019-08-24 07:08:30,327 | INFO  | DNAudit | user=null | ip=null | op=WRITE_CHUNK {blockData=conID: 2 locID: 102670697119875603 bcsId: 2734} | ret=SUCCESS |  
2019-08-24 07:08:30,327 | INFO  | DNAudit | user=null | ip=null | op=PUT_BLOCK {blockData=[blockId=conID: 2 locID: 102670697119875603 bcsId: 0,size=3145728]} | ret=SUCCESS |  
2019-08-24 07:08:30,328 | INFO  | DNAudit | user=null | ip=null | op=PUT_BLOCK {blockData=[blockId=conID: 2 locID: 102670697119875603 bcsId: 0,size=3145728]} | ret=SUCCESS |  
2019-08-24 07:08:30,342 | INFO  | DNAudit | user=null | ip=null | op=WRITE_CHUNK {blockData=conID: 2 locID: 102670697119875603 bcsId: 2740} | ret=SUCCESS |  
2019-08-24 07:08:30,342 | INFO  | DNAudit | user=null | ip=null | op=PUT_BLOCK {blockData=[blockId=conID: 2 locID: 102670697119875603 bcsId: 0,size=4194304]} | ret=SUCCESS |  
2019-08-24 07:08:30,342 [grpc-default-executor-5] INFO  client.GrpcClientProtocolClient (GrpcClientProtocolClient.java:onNext(255)) - client-6EDD19400D46->06a4573b-67a1-41e3-a350-f896363bc636: receive RaftClientReply:client-6EDD19400D46->06a4573b-67a1-41e3-a350-f896363bc636@group-757E3781CD2A, cid=1884, SUCCESS, logIndex=2743, commits[06a4573b-67a1-41e3-a350-f896363bc636:c2744, 0b725bbf-683b-4664-9a2e-3c9dd6e38bc1:c2740, 9193e3b7-ae04-484d-a740-c65c11559486:c2740]
2019-08-24 07:08:30,343 [grpc-default-executor-5] INFO  client.GrpcClientProtocolClient (GrpcClientProtocolClient.java:onNext(255)) - client-6EDD19400D46->06a4573b-67a1-41e3-a350-f896363bc636: receive RaftClientReply:client-6EDD19400D46->06a4573b-67a1-41e3-a350-f896363bc636@group-757E3781CD2A, cid=1885, SUCCESS, logIndex=2744, commits[06a4573b-67a1-41e3-a350-f896363bc636:c2744, 0b725bbf-683b-4664-9a2e-3c9dd6e38bc1:c2740, 9193e3b7-ae04-484d-a740-c65c11559486:c2740]
2019-08-24 07:08:30,355 | INFO  | DNAudit | user=null | ip=null | op=WRITE_CHUNK {blockData=conID: 2 locID: 102670697119875603 bcsId: 2740} | ret=SUCCESS |  
2019-08-24 07:08:30,355 | INFO  | DNAudit | user=null | ip=null | op=WRITE_CHUNK {blockData=conID: 2 locID: 102670697119875603 bcsId: 2740} | ret=SUCCESS |  
2019-08-24 07:08:30,355 | INFO  | DNAudit | user=null | ip=null | op=PUT_BLOCK {blockData=[blockId=conID: 2 locID: 102670697119875603 bcsId: 0,size=4194304]} | ret=SUCCESS |  
2019-08-24 07:08:30,355 | INFO  | DNAudit | user=null | ip=null | op=PUT_BLOCK {blockData=[blockId=conID: 2 locID: 102670697119875603 bcsId: 0,size=4194304]} | ret=SUCCESS |  
2019-08-24 07:08:30,356 [grpc-default-executor-5] INFO  client.GrpcClientProtocolClient (GrpcClientProtocolClient.java:onNext(255)) - client-6EDD19400D46->06a4573b-67a1-41e3-a350-f896363bc636: receive RaftClientReply:client-6EDD19400D46->06a4573b-67a1-41e3-a350-f896363bc636@group-757E3781CD2A, cid=1886, SUCCESS, logIndex=0, commits[06a4573b-67a1-41e3-a350-f896363bc636:c2745, 0b725bbf-683b-4664-9a2e-3c9dd6e38bc1:c2744, 9193e3b7-ae04-484d-a740-c65c11559486:c2744]
 0.00% |█                                                                                                    |  0/1 Time: 0:00:192019-08-24 07:08:30,363 | INFO  | SCMAudit | user=jenkins1000 | ip=192.168.69.125 | op=ALLOCATE_BLOCK {owner=61bacca8-15b6-4a50-8962-5e9786b18b0d, size=4194304, type=RATIS, factor=THREE} | ret=SUCCESS |  
2019-08-24 07:08:30,367 | INFO  | OMAudit | user=jenkins1000 | ip=127.0.0.1 | op=ALLOCATE_BLOCK {volume=vol-0-26988, bucket=bucket-0-20739, key=key-0-27353, dataSize=0, replicationType=null, replicationFactor=null, keyLocationInfo=null, clientID=102670695851229586} | ret=SUCCESS |  
2019-08-24 07:08:30,375 | INFO  | DNAudit | user=null | ip=null | op=WRITE_CHUNK {blockData=conID: 3 locID: 102670697127084564 bcsId: 0} | ret=SUCCESS |  
2019-08-24 07:08:30,378 | INFO  | DNAudit | user=null | ip=null | op=WRITE_CHUNK {blockData=conID: 3 locID: 102670697127084564 bcsId: 0} | ret=SUCCESS |  
2019-08-24 07:08:30,379 | INFO  | DNAudit | user=null | ip=null | op=WRITE_CHUNK {blockData=conID: 3 locID: 102670697127084564 bcsId: 0} | ret=SUCCESS |  
2019-08-24 07:08:30,379 | INFO  | DNAudit | user=null | ip=null | op=WRITE_CHUNK {blockData=conID: 3 locID: 102670697127084564 bcsId: 0} | ret=SUCCESS |  
2019-08-24 07:08:30,381 | INFO  | DNAudit | user=null | ip=null | op=WRITE_CHUNK {blockData=conID: 3 locID: 102670697127084564 bcsId: 0} | ret=SUCCESS |  
2019-08-24 07:08:30,382 | INFO  | DNAudit | user=null | ip=null | op=WRITE_CHUNK {blockData=conID: 3 locID: 102670697127084564 bcsId: 0} | ret=SUCCESS |  
2019-08-24 07:08:30,390 | INFO  | DNAudit | user=null | ip=null | op=WRITE_CHUNK {blockData=conID: 3 locID: 102670697127084564 bcsId: 0} | ret=SUCCESS |  
2019-08-24 07:08:30,390 | INFO  | DNAudit | user=null | ip=null | op=PUT_BLOCK {blockData=[blockId=conID: 3 locID: 102670697127084564 bcsId: 0,size=1048576]} | ret=SUCCESS |  
2019-08-24 07:08:30,391 [grpc-default-executor-2] INFO  client.GrpcClientProtocolClient (GrpcClientProtocolClient.java:onNext(255)) - client-6EDD19400D46->06a4573b-67a1-41e3-a350-f896363bc636: receive RaftClientReply:client-6EDD19400D46->06a4573b-67a1-41e3-a350-f896363bc636@group-757E3781CD2A, cid=1887, SUCCESS, logIndex=2747, commits[06a4573b-67a1-41e3-a350-f896363bc636:c2748, 0b725bbf-683b-4664-9a2e-3c9dd6e38bc1:c2746, 9193e3b7-ae04-484d-a740-c65c11559486:c2746]
2019-08-24 07:08:30,391 [grpc-default-executor-2] INFO  client.GrpcClientProtocolClient (GrpcClientProtocolClient.java:onNext(255)) - client-6EDD19400D46->06a4573b-67a1-41e3-a350-f896363bc636: receive RaftClientReply:client-6EDD19400D46->06a4573b-67a1-41e3-a350-f896363bc636@group-757E3781CD2A, cid=1888, SUCCESS, logIndex=2748, commits[06a4573b-67a1-41e3-a350-f896363bc636:c2748, 0b725bbf-683b-4664-9a2e-3c9dd6e38bc1:c2746, 9193e3b7-ae04-484d-a740-c65c11559486:c2746]
2019-08-24 07:08:30,403 | INFO  | DNAudit | user=null | ip=null | op=WRITE_CHUNK {blockData=conID: 3 locID: 102670697127084564 bcsId: 0} | ret=SUCCESS |  
2019-08-24 07:08:30,403 | INFO  | DNAudit | user=null | ip=null | op=PUT_BLOCK {blockData=[blockId=conID: 3 locID: 102670697127084564 bcsId: 0,size=2097152]} | ret=SUCCESS |  
2019-08-24 07:08:30,403 [grpc-default-executor-5] INFO  client.GrpcClientProtocolClient (GrpcClientProtocolClient.java:onNext(255)) - client-6EDD19400D46->06a4573b-67a1-41e3-a350-f896363bc636: receive RaftClientReply:client-6EDD19400D46->06a4573b-67a1-41e3-a350-f896363bc636@group-757E3781CD2A, cid=1889, SUCCESS, logIndex=2749, commits[06a4573b-67a1-41e3-a350-f896363bc636:c2750, 0b725bbf-683b-4664-9a2e-3c9dd6e38bc1:c2746, 9193e3b7-ae04-484d-a740-c65c11559486:c2746]
2019-08-24 07:08:30,404 [grpc-default-executor-5] INFO  client.GrpcClientProtocolClient (GrpcClientProtocolClient.java:onNext(255)) - client-6EDD19400D46->06a4573b-67a1-41e3-a350-f896363bc636: receive RaftClientReply:client-6EDD19400D46->06a4573b-67a1-41e3-a350-f896363bc636@group-757E3781CD2A, cid=1890, SUCCESS, logIndex=2750, commits[06a4573b-67a1-41e3-a350-f896363bc636:c2750, 0b725bbf-683b-4664-9a2e-3c9dd6e38bc1:c2746, 9193e3b7-ae04-484d-a740-c65c11559486:c2746]
2019-08-24 07:08:30,415 | INFO  | DNAudit | user=null | ip=null | op=WRITE_CHUNK {blockData=conID: 3 locID: 102670697127084564 bcsId: 0} | ret=SUCCESS |  
2019-08-24 07:08:30,415 | INFO  | DNAudit | user=null | ip=null | op=WRITE_CHUNK {blockData=conID: 3 locID: 102670697127084564 bcsId: 0} | ret=SUCCESS |  
2019-08-24 07:08:30,416 | INFO  | DNAudit | user=null | ip=null | op=PUT_BLOCK {blockData=[blockId=conID: 3 locID: 102670697127084564 bcsId: 0,size=1048576]} | ret=SUCCESS |  
2019-08-24 07:08:30,416 | INFO  | DNAudit | user=null | ip=null | op=PUT_BLOCK {blockData=[blockId=conID: 3 locID: 102670697127084564 bcsId: 0,size=1048576]} | ret=SUCCESS |  
2019-08-24 07:08:30,416 [grpc-default-executor-2] INFO  client.GrpcClientProtocolClient (GrpcClientProtocolClient.java:onNext(255)) - client-6EDD19400D46->06a4573b-67a1-41e3-a350-f896363bc636: receive RaftClientReply:client-6EDD19400D46->06a4573b-67a1-41e3-a350-f896363bc636@group-757E3781CD2A, cid=1891, SUCCESS, logIndex=0, commits[06a4573b-67a1-41e3-a350-f896363bc636:c2751, 0b725bbf-683b-4664-9a2e-3c9dd6e38bc1:c2748, 9193e3b7-ae04-484d-a740-c65c11559486:c2748]
2019-08-24 07:08:30,423 | INFO  | DNAudit | user=null | ip=null | op=WRITE_CHUNK {blockData=conID: 3 locID: 102670697127084564 bcsId: 2750} | ret=SUCCESS |  
2019-08-24 07:08:30,427 | INFO  | DNAudit | user=null | ip=null | op=WRITE_CHUNK {blockData=conID: 3 locID: 102670697127084564 bcsId: 2750} | ret=SUCCESS |  
2019-08-24 07:08:30,427 | INFO  | DNAudit | user=null | ip=null | op=WRITE_CHUNK {blockData=conID: 3 locID: 102670697127084564 bcsId: 2750} | ret=SUCCESS |  
2019-08-24 07:08:30,428 | INFO  | DNAudit | user=null | ip=null | op=WRITE_CHUNK {blockData=conID: 3 locID: 102670697127084564 bcsId: 0} | ret=SUCCESS |  
2019-08-24 07:08:30,428 | INFO  | DNAudit | user=null | ip=null | op=WRITE_CHUNK {blockData=conID: 3 locID: 102670697127084564 bcsId: 0} | ret=SUCCESS |  
2019-08-24 07:08:30,429 | INFO  | DNAudit | user=null | ip=null | op=PUT_BLOCK {blockData=[blockId=conID: 3 locID: 102670697127084564 bcsId: 0,size=2097152]} | ret=SUCCESS |  
2019-08-24 07:08:30,429 | INFO  | DNAudit | user=null | ip=null | op=PUT_BLOCK {blockData=[blockId=conID: 3 locID: 102670697127084564 bcsId: 0,size=2097152]} | ret=SUCCESS |  
2019-08-24 07:08:30,429 | INFO  | SCMAudit | user=jenkins1000 | ip=192.168.69.125 | op=SEND_HEARTBEAT {datanodeUUID=9193e3b7-ae04-484d-a740-c65c11559486, command=[]} | ret=SUCCESS |  
2019-08-24 07:08:30,429 | INFO  | SCMAudit | user=jenkins1000 | ip=192.168.69.125 | op=SEND_HEARTBEAT {datanodeUUID=0b725bbf-683b-4664-9a2e-3c9dd6e38bc1, command=[]} | ret=SUCCESS |  
2019-08-24 07:08:30,429 | INFO  | SCMAudit | user=jenkins1000 | ip=192.168.69.125 | op=SEND_HEARTBEAT {datanodeUUID=25ce0803-6f34-4c69-82c0-892f08679042, command=[]} | ret=SUCCESS |  
2019-08-24 07:08:30,430 | INFO  | SCMAudit | user=jenkins1000 | ip=192.168.69.125 | op=SEND_HEARTBEAT {datanodeUUID=06a4573b-67a1-41e3-a350-f896363bc636, command=[]} | ret=SUCCESS |  
2019-08-24 07:08:30,442 | INFO  | DNAudit | user=null | ip=null | op=WRITE_CHUNK {blockData=conID: 3 locID: 102670697127084564 bcsId: 2750} | ret=SUCCESS |  
2019-08-24 07:08:30,442 | INFO  | DNAudit | user=null | ip=null | op=PUT_BLOCK {blockData=[blockId=conID: 3 locID: 102670697127084564 bcsId: 0,size=3145728]} | ret=SUCCESS |  
2019-08-24 07:08:30,443 [grpc-default-executor-0] INFO  client.GrpcClientProtocolClient (GrpcClientProtocolClient.java:onNext(255)) - client-6EDD19400D46->06a4573b-67a1-41e3-a350-f896363bc636: receive RaftClientReply:client-6EDD19400D46->06a4573b-67a1-41e3-a350-f896363bc636@group-757E3781CD2A, cid=1892, SUCCESS, logIndex=2755, commits[06a4573b-67a1-41e3-a350-f896363bc636:c2756, 0b725bbf-683b-4664-9a2e-3c9dd6e38bc1:c2752, 9193e3b7-ae04-484d-a740-c65c11559486:c2752]
2019-08-24 07:08:30,443 [grpc-default-executor-0] INFO  client.GrpcClientProtocolClient (GrpcClientProtocolClient.java:onNext(255)) - client-6EDD19400D46->06a4573b-67a1-41e3-a350-f896363bc636: receive RaftClientReply:client-6EDD19400D46->06a4573b-67a1-41e3-a350-f896363bc636@group-757E3781CD2A, cid=1893, SUCCESS, logIndex=2756, commits[06a4573b-67a1-41e3-a350-f896363bc636:c2756, 0b725bbf-683b-4664-9a2e-3c9dd6e38bc1:c2752, 9193e3b7-ae04-484d-a740-c65c11559486:c2752]
2019-08-24 07:08:30,451 | INFO  | DNAudit | user=null | ip=null | op=WRITE_CHUNK {blockData=conID: 3 locID: 102670697127084564 bcsId: 2756} | ret=SUCCESS |  
2019-08-24 07:08:30,453 | INFO  | DNAudit | user=null | ip=null | op=WRITE_CHUNK {blockData=conID: 3 locID: 102670697127084564 bcsId: 2756} | ret=SUCCESS |  
2019-08-24 07:08:30,453 | INFO  | DNAudit | user=null | ip=null | op=WRITE_CHUNK {blockData=conID: 3 locID: 102670697127084564 bcsId: 2756} | ret=SUCCESS |  
2019-08-24 07:08:30,467 | INFO  | DNAudit | user=null | ip=null | op=WRITE_CHUNK {blockData=conID: 3 locID: 102670697127084564 bcsId: 2750} | ret=SUCCESS |  
2019-08-24 07:08:30,467 | INFO  | DNAudit | user=null | ip=null | op=WRITE_CHUNK {blockData=conID: 3 locID: 102670697127084564 bcsId: 2750} | ret=SUCCESS |  
2019-08-24 07:08:30,470 | INFO  | DNAudit | user=null | ip=null | op=PUT_BLOCK {blockData=[blockId=conID: 3 locID: 102670697127084564 bcsId: 0,size=3145728]} | ret=SUCCESS |  
2019-08-24 07:08:30,470 | INFO  | DNAudit | user=null | ip=null | op=PUT_BLOCK {blockData=[blockId=conID: 3 locID: 102670697127084564 bcsId: 0,size=3145728]} | ret=SUCCESS |  
2019-08-24 07:08:30,471 | INFO  | DNAudit | user=null | ip=null | op=WRITE_CHUNK {blockData=conID: 3 locID: 102670697127084564 bcsId: 2756} | ret=SUCCESS |  
2019-08-24 07:08:30,472 | INFO  | DNAudit | user=null | ip=null | op=PUT_BLOCK {blockData=[blockId=conID: 3 locID: 102670697127084564 bcsId: 0,size=4194304]} | ret=SUCCESS |  
2019-08-24 07:08:30,472 [grpc-default-executor-5] INFO  client.GrpcClientProtocolClient (GrpcClientProtocolClient.java:onNext(255)) - client-6EDD19400D46->06a4573b-67a1-41e3-a350-f896363bc636: receive RaftClientReply:client-6EDD19400D46->06a4573b-67a1-41e3-a350-f896363bc636@group-757E3781CD2A, cid=1894, SUCCESS, logIndex=2759, commits[06a4573b-67a1-41e3-a350-f896363bc636:c2760, 0b725bbf-683b-4664-9a2e-3c9dd6e38bc1:c2756, 9193e3b7-ae04-484d-a740-c65c11559486:c2756]
2019-08-24 07:08:30,473 [grpc-default-executor-5] INFO  client.GrpcClientProtocolClient (GrpcClientProtocolClient.java:onNext(255)) - client-6EDD19400D46->06a4573b-67a1-41e3-a350-f896363bc636: receive RaftClientReply:client-6EDD19400D46->06a4573b-67a1-41e3-a350-f896363bc636@group-757E3781CD2A, cid=1895, SUCCESS, logIndex=2760, commits[06a4573b-67a1-41e3-a350-f896363bc636:c2760, 0b725bbf-683b-4664-9a2e-3c9dd6e38bc1:c2756, 9193e3b7-ae04-484d-a740-c65c11559486:c2756]
2019-08-24 07:08:30,483 | INFO  | DNAudit | user=null | ip=null | op=WRITE_CHUNK {blockData=conID: 3 locID: 102670697127084564 bcsId: 2756} | ret=SUCCESS |  
2019-08-24 07:08:30,483 | INFO  | DNAudit | user=null | ip=null | op=WRITE_CHUNK {blockData=conID: 3 locID: 102670697127084564 bcsId: 2756} | ret=SUCCESS |  
2019-08-24 07:08:30,483 | INFO  | DNAudit | user=null | ip=null | op=PUT_BLOCK {blockData=[blockId=conID: 3 locID: 102670697127084564 bcsId: 0,size=4194304]} | ret=SUCCESS |  
2019-08-24 07:08:30,483 | INFO  | DNAudit | user=null | ip=null | op=PUT_BLOCK {blockData=[blockId=conID: 3 locID: 102670697127084564 bcsId: 0,size=4194304]} | ret=SUCCESS |  
2019-08-24 07:08:30,485 [grpc-default-executor-0] INFO  client.GrpcClientProtocolClient (GrpcClientProtocolClient.java:onNext(255)) - client-6EDD19400D46->06a4573b-67a1-41e3-a350-f896363bc636: receive RaftClientReply:client-6EDD19400D46->06a4573b-67a1-41e3-a350-f896363bc636@group-757E3781CD2A, cid=1896, SUCCESS, logIndex=0, commits[06a4573b-67a1-41e3-a350-f896363bc636:c2761, 0b725bbf-683b-4664-9a2e-3c9dd6e38bc1:c2760, 9193e3b7-ae04-484d-a740-c65c11559486:c2760]
2019-08-24 07:08:30,490 | INFO  | SCMAudit | user=jenkins1000 | ip=192.168.69.125 | op=ALLOCATE_BLOCK {owner=61bacca8-15b6-4a50-8962-5e9786b18b0d, size=4194304, type=RATIS, factor=THREE} | ret=SUCCESS |  
2019-08-24 07:08:30,493 | INFO  | OMAudit | user=jenkins1000 | ip=127.0.0.1 | op=ALLOCATE_BLOCK {volume=vol-0-26988, bucket=bucket-0-20739, key=key-0-27353, dataSize=0, replicationType=null, replicationFactor=null, keyLocationInfo=null, clientID=102670695851229586} | ret=SUCCESS |  
2019-08-24 07:08:30,502 | INFO  | DNAudit | user=null | ip=null | op=WRITE_CHUNK {blockData=conID: 1 locID: 102670697135473173 bcsId: 0} | ret=SUCCESS |  
2019-08-24 07:08:30,505 | INFO  | DNAudit | user=null | ip=null | op=WRITE_CHUNK {blockData=conID: 1 locID: 102670697135473173 bcsId: 0} | ret=SUCCESS |  
2019-08-24 07:08:30,506 | INFO  | DNAudit | user=null | ip=null | op=WRITE_CHUNK {blockData=conID: 1 locID: 102670697135473173 bcsId: 0} | ret=SUCCESS |  
2019-08-24 07:08:30,506 | INFO  | DNAudit | user=null | ip=null | op=WRITE_CHUNK {blockData=conID: 1 locID: 102670697135473173 bcsId: 0} | ret=SUCCESS |  
2019-08-24 07:08:30,509 | INFO  | DNAudit | user=null | ip=null | op=WRITE_CHUNK {blockData=conID: 1 locID: 102670697135473173 bcsId: 0} | ret=SUCCESS |  
2019-08-24 07:08:30,509 | INFO  | DNAudit | user=null | ip=null | op=WRITE_CHUNK {blockData=conID: 1 locID: 102670697135473173 bcsId: 0} | ret=SUCCESS |  
2019-08-24 07:08:30,515 | INFO  | DNAudit | user=null | ip=null | op=WRITE_CHUNK {blockData=conID: 1 locID: 102670697135473173 bcsId: 0} | ret=SUCCESS |  
2019-08-24 07:08:30,516 | INFO  | DNAudit | user=null | ip=null | op=PUT_BLOCK {blockData=[blockId=conID: 1 locID: 102670697135473173 bcsId: 0,size=1048576]} | ret=SUCCESS |  
2019-08-24 07:08:30,517 | INFO  | DNAudit | user=null | ip=null | op=WRITE_CHUNK {blockData=conID: 1 locID: 102670697135473173 bcsId: 0} | ret=SUCCESS |  
2019-08-24 07:08:30,517 [grpc-default-executor-0] INFO  client.GrpcClientProtocolClient (GrpcClientProtocolClient.java:onNext(255)) - client-6EDD19400D46->06a4573b-67a1-41e3-a350-f896363bc636: receive RaftClientReply:client-6EDD19400D46->06a4573b-67a1-41e3-a350-f896363bc636@group-757E3781CD2A, cid=1897, SUCCESS, logIndex=2763, commits[06a4573b-67a1-41e3-a350-f896363bc636:c2764, 0b725bbf-683b-4664-9a2e-3c9dd6e38bc1:c2762, 9193e3b7-ae04-484d-a740-c65c11559486:c2762]
2019-08-24 07:08:30,518 | INFO  | DNAudit | user=null | ip=null | op=PUT_BLOCK {blockData=[blockId=conID: 1 locID: 102670697135473173 bcsId: 0,size=2097152]} | ret=SUCCESS |  
2019-08-24 07:08:30,518 [grpc-default-executor-0] INFO  client.GrpcClientProtocolClient (GrpcClientProtocolClient.java:onNext(255)) - client-6EDD19400D46->06a4573b-67a1-41e3-a350-f896363bc636: receive RaftClientReply:client-6EDD19400D46->06a4573b-67a1-41e3-a350-f896363bc636@group-757E3781CD2A, cid=1898, SUCCESS, logIndex=2764, commits[06a4573b-67a1-41e3-a350-f896363bc636:c2765, 0b725bbf-683b-4664-9a2e-3c9dd6e38bc1:c2762, 9193e3b7-ae04-484d-a740-c65c11559486:c2762]
2019-08-24 07:08:30,518 [grpc-default-executor-0] INFO  client.GrpcClientProtocolClient (GrpcClientProtocolClient.java:onNext(255)) - client-6EDD19400D46->06a4573b-67a1-41e3-a350-f896363bc636: receive RaftClientReply:client-6EDD19400D46->06a4573b-67a1-41e3-a350-f896363bc636@group-757E3781CD2A, cid=1899, SUCCESS, logIndex=2765, commits[06a4573b-67a1-41e3-a350-f896363bc636:c2765, 0b725bbf-683b-4664-9a2e-3c9dd6e38bc1:c2762, 9193e3b7-ae04-484d-a740-c65c11559486:c2762]
2019-08-24 07:08:30,519 [grpc-default-executor-0] INFO  client.GrpcClientProtocolClient (GrpcClientProtocolClient.java:onNext(255)) - client-6EDD19400D46->06a4573b-67a1-41e3-a350-f896363bc636: receive RaftClientReply:client-6EDD19400D46->06a4573b-67a1-41e3-a350-f896363bc636@group-757E3781CD2A, cid=1900, SUCCESS, logIndex=2766, commits[06a4573b-67a1-41e3-a350-f896363bc636:c2766, 0b725bbf-683b-4664-9a2e-3c9dd6e38bc1:c2762, 9193e3b7-ae04-484d-a740-c65c11559486:c2762]
2019-08-24 07:08:30,528 | INFO  | DNAudit | user=null | ip=null | op=WRITE_CHUNK {blockData=conID: 1 locID: 102670697135473173 bcsId: 0} | ret=SUCCESS |  
2019-08-24 07:08:30,528 | INFO  | DNAudit | user=null | ip=null | op=WRITE_CHUNK {blockData=conID: 1 locID: 102670697135473173 bcsId: 0} | ret=SUCCESS |  
2019-08-24 07:08:30,528 | INFO  | DNAudit | user=null | ip=null | op=PUT_BLOCK {blockData=[blockId=conID: 1 locID: 102670697135473173 bcsId: 0,size=1048576]} | ret=SUCCESS |  
2019-08-24 07:08:30,528 | INFO  | DNAudit | user=null | ip=null | op=PUT_BLOCK {blockData=[blockId=conID: 1 locID: 102670697135473173 bcsId: 0,size=1048576]} | ret=SUCCESS |  
2019-08-24 07:08:30,529 | INFO  | DNAudit | user=null | ip=null | op=WRITE_CHUNK {blockData=conID: 1 locID: 102670697135473173 bcsId: 0} | ret=SUCCESS |  
2019-08-24 07:08:30,529 | INFO  | DNAudit | user=null | ip=null | op=PUT_BLOCK {blockData=[blockId=conID: 1 locID: 102670697135473173 bcsId: 0,size=2097152]} | ret=SUCCESS |  
2019-08-24 07:08:30,530 | INFO  | DNAudit | user=null | ip=null | op=WRITE_CHUNK {blockData=conID: 1 locID: 102670697135473173 bcsId: 0} | ret=SUCCESS |  
2019-08-24 07:08:30,530 [grpc-default-executor-0] INFO  client.GrpcClientProtocolClient (GrpcClientProtocolClient.java:onNext(255)) - client-6EDD19400D46->06a4573b-67a1-41e3-a350-f896363bc636: receive RaftClientReply:client-6EDD19400D46->06a4573b-67a1-41e3-a350-f896363bc636@group-757E3781CD2A, cid=1901, SUCCESS, logIndex=0, commits[06a4573b-67a1-41e3-a350-f896363bc636:c2768, 0b725bbf-683b-4664-9a2e-3c9dd6e38bc1:c2764, 9193e3b7-ae04-484d-a740-c65c11559486:c2764]
2019-08-24 07:08:30,530 | INFO  | DNAudit | user=null | ip=null | op=PUT_BLOCK {blockData=[blockId=conID: 1 locID: 102670697135473173 bcsId: 0,size=2097152]} | ret=SUCCESS |  
2019-08-24 07:08:30,539 | INFO  | DNAudit | user=null | ip=null | op=WRITE_CHUNK {blockData=conID: 1 locID: 102670697135473173 bcsId: 2766} | ret=SUCCESS |  
2019-08-24 07:08:30,541 | INFO  | DNAudit | user=null | ip=null | op=WRITE_CHUNK {blockData=conID: 1 locID: 102670697135473173 bcsId: 2766} | ret=SUCCESS |  
2019-08-24 07:08:30,541 | INFO  | DNAudit | user=null | ip=null | op=WRITE_CHUNK {blockData=conID: 1 locID: 102670697135473173 bcsId: 2766} | ret=SUCCESS |  
2019-08-24 07:08:30,551 | INFO  | DNAudit | user=null | ip=null | op=WRITE_CHUNK {blockData=conID: 1 locID: 102670697135473173 bcsId: 2766} | ret=SUCCESS |  
2019-08-24 07:08:30,552 | INFO  | DNAudit | user=null | ip=null | op=PUT_BLOCK {blockData=[blockId=conID: 1 locID: 102670697135473173 bcsId: 0,size=3145728]} | ret=SUCCESS |  
2019-08-24 07:08:30,553 [grpc-default-executor-5] INFO  client.GrpcClientProtocolClient (GrpcClientProtocolClient.java:onNext(255)) - client-6EDD19400D46->06a4573b-67a1-41e3-a350-f896363bc636: receive RaftClientReply:client-6EDD19400D46->06a4573b-67a1-41e3-a350-f896363bc636@group-757E3781CD2A, cid=1902, SUCCESS, logIndex=2771, commits[06a4573b-67a1-41e3-a350-f896363bc636:c2772, 0b725bbf-683b-4664-9a2e-3c9dd6e38bc1:c2770, 9193e3b7-ae04-484d-a740-c65c11559486:c2770]
2019-08-24 07:08:30,553 [grpc-default-executor-5] INFO  client.GrpcClientProtocolClient (GrpcClientProtocolClient.java:onNext(255)) - client-6EDD19400D46->06a4573b-67a1-41e3-a350-f896363bc636: receive RaftClientReply:client-6EDD19400D46->06a4573b-67a1-41e3-a350-f896363bc636@group-757E3781CD2A, cid=1903, SUCCESS, logIndex=2772, commits[06a4573b-67a1-41e3-a350-f896363bc636:c2772, 0b725bbf-683b-4664-9a2e-3c9dd6e38bc1:c2770, 9193e3b7-ae04-484d-a740-c65c11559486:c2770]
2019-08-24 07:08:30,562 | INFO  | DNAudit | user=null | ip=null | op=WRITE_CHUNK {blockData=conID: 1 locID: 102670697135473173 bcsId: 2772} | ret=SUCCESS |  
2019-08-24 07:08:30,563 | INFO  | DNAudit | user=null | ip=null | op=WRITE_CHUNK {blockData=conID: 1 locID: 102670697135473173 bcsId: 2766} | ret=SUCCESS |  
2019-08-24 07:08:30,563 | INFO  | DNAudit | user=null | ip=null | op=WRITE_CHUNK {blockData=conID: 1 locID: 102670697135473173 bcsId: 2766} | ret=SUCCESS |  
2019-08-24 07:08:30,566 | INFO  | DNAudit | user=null | ip=null | op=WRITE_CHUNK {blockData=conID: 1 locID: 102670697135473173 bcsId: 2772} | ret=SUCCESS |  
2019-08-24 07:08:30,566 | INFO  | DNAudit | user=null | ip=null | op=WRITE_CHUNK {blockData=conID: 1 locID: 102670697135473173 bcsId: 2772} | ret=SUCCESS |  
2019-08-24 07:08:30,578 | INFO  | DNAudit | user=null | ip=null | op=PUT_BLOCK {blockData=[blockId=conID: 1 locID: 102670697135473173 bcsId: 0,size=3145728]} | ret=SUCCESS |  
2019-08-24 07:08:30,579 | INFO  | DNAudit | user=null | ip=null | op=PUT_BLOCK {blockData=[blockId=conID: 1 locID: 102670697135473173 bcsId: 0,size=3145728]} | ret=SUCCESS |  
2019-08-24 07:08:30,580 | INFO  | DNAudit | user=null | ip=null | op=WRITE_CHUNK {blockData=conID: 1 locID: 102670697135473173 bcsId: 2772} | ret=SUCCESS |  
2019-08-24 07:08:30,580 | INFO  | DNAudit | user=null | ip=null | op=PUT_BLOCK {blockData=[blockId=conID: 1 locID: 102670697135473173 bcsId: 0,size=4194304]} | ret=SUCCESS |  
2019-08-24 07:08:30,580 [grpc-default-executor-0] INFO  client.GrpcClientProtocolClient (GrpcClientProtocolClient.java:onNext(255)) - client-6EDD19400D46->06a4573b-67a1-41e3-a350-f896363bc636: receive RaftClientReply:client-6EDD19400D46->06a4573b-67a1-41e3-a350-f896363bc636@group-757E3781CD2A, cid=1904, SUCCESS, logIndex=2775, commits[06a4573b-67a1-41e3-a350-f896363bc636:c2776, 0b725bbf-683b-4664-9a2e-3c9dd6e38bc1:c2772, 9193e3b7-ae04-484d-a740-c65c11559486:c2771]
2019-08-24 07:08:30,581 [grpc-default-executor-0] INFO  client.GrpcClientProtocolClient (GrpcClientProtocolClient.java:onNext(255)) - client-6EDD19400D46->06a4573b-67a1-41e3-a350-f896363bc636: receive RaftClientReply:client-6EDD19400D46->06a4573b-67a1-41e3-a350-f896363bc636@group-757E3781CD2A, cid=1905, SUCCESS, logIndex=2776, commits[06a4573b-67a1-41e3-a350-f896363bc636:c2776, 0b725bbf-683b-4664-9a2e-3c9dd6e38bc1:c2772, 9193e3b7-ae04-484d-a740-c65c11559486:c2772]
2019-08-24 07:08:30,591 | INFO  | DNAudit | user=null | ip=null | op=WRITE_CHUNK {blockData=conID: 1 locID: 102670697135473173 bcsId: 2772} | ret=SUCCESS |  
2019-08-24 07:08:30,592 | INFO  | DNAudit | user=null | ip=null | op=WRITE_CHUNK {blockData=conID: 1 locID: 102670697135473173 bcsId: 2772} | ret=SUCCESS |  
2019-08-24 07:08:30,592 | INFO  | DNAudit | user=null | ip=null | op=PUT_BLOCK {blockData=[blockId=conID: 1 locID: 102670697135473173 bcsId: 0,size=4194304]} | ret=SUCCESS |  
2019-08-24 07:08:30,592 | INFO  | DNAudit | user=null | ip=null | op=PUT_BLOCK {blockData=[blockId=conID: 1 locID: 102670697135473173 bcsId: 0,size=4194304]} | ret=SUCCESS |  
2019-08-24 07:08:30,593 [grpc-default-executor-0] INFO  client.GrpcClientProtocolClient (GrpcClientProtocolClient.java:onNext(255)) - client-6EDD19400D46->06a4573b-67a1-41e3-a350-f896363bc636: receive RaftClientReply:client-6EDD19400D46->06a4573b-67a1-41e3-a350-f896363bc636@group-757E3781CD2A, cid=1906, SUCCESS, logIndex=0, commits[06a4573b-67a1-41e3-a350-f896363bc636:c2777, 0b725bbf-683b-4664-9a2e-3c9dd6e38bc1:c2776, 9193e3b7-ae04-484d-a740-c65c11559486:c2776]
2019-08-24 07:08:30,600 | INFO  | SCMAudit | user=jenkins1000 | ip=192.168.69.125 | op=ALLOCATE_BLOCK {owner=61bacca8-15b6-4a50-8962-5e9786b18b0d, size=4194304, type=RATIS, factor=THREE} | ret=SUCCESS |  
2019-08-24 07:08:30,604 | INFO  | OMAudit | user=jenkins1000 | ip=127.0.0.1 | op=ALLOCATE_BLOCK {volume=vol-0-26988, bucket=bucket-0-20739, key=key-0-27353, dataSize=0, replicationType=null, replicationFactor=null, keyLocationInfo=null, clientID=102670695851229586} | ret=SUCCESS |  
2019-08-24 07:08:30,612 | INFO  | DNAudit | user=null | ip=null | op=WRITE_CHUNK {blockData=conID: 2 locID: 102670697142682134 bcsId: 0} | ret=SUCCESS |  
2019-08-24 07:08:30,614 | INFO  | DNAudit | user=null | ip=null | op=WRITE_CHUNK {blockData=conID: 2 locID: 102670697142682134 bcsId: 0} | ret=SUCCESS |  
2019-08-24 07:08:30,616 | INFO  | DNAudit | user=null | ip=null | op=WRITE_CHUNK {blockData=conID: 2 locID: 102670697142682134 bcsId: 0} | ret=SUCCESS |  
2019-08-24 07:08:30,616 | INFO  | DNAudit | user=null | ip=null | op=WRITE_CHUNK {blockData=conID: 2 locID: 102670697142682134 bcsId: 0} | ret=SUCCESS |  
2019-08-24 07:08:30,618 | INFO  | DNAudit | user=null | ip=null | op=WRITE_CHUNK {blockData=conID: 2 locID: 102670697142682134 bcsId: 0} | ret=SUCCESS |  
2019-08-24 07:08:30,619 | INFO  | DNAudit | user=null | ip=null | op=WRITE_CHUNK {blockData=conID: 2 locID: 102670697142682134 bcsId: 0} | ret=SUCCESS |  
2019-08-24 07:08:30,629 | INFO  | DNAudit | user=null | ip=null | op=WRITE_CHUNK {blockData=conID: 2 locID: 102670697142682134 bcsId: 0} | ret=SUCCESS |  
2019-08-24 07:08:30,629 | INFO  | DNAudit | user=null | ip=null | op=PUT_BLOCK {blockData=[blockId=conID: 2 locID: 102670697142682134 bcsId: 0,size=1048576]} | ret=SUCCESS |  
2019-08-24 07:08:30,630 [grpc-default-executor-0] INFO  client.GrpcClientProtocolClient (GrpcClientProtocolClient.java:onNext(255)) - client-6EDD19400D46->06a4573b-67a1-41e3-a350-f896363bc636: receive RaftClientReply:client-6EDD19400D46->06a4573b-67a1-41e3-a350-f896363bc636@group-757E3781CD2A, cid=1907, SUCCESS, logIndex=2779, commits[06a4573b-67a1-41e3-a350-f896363bc636:c2780, 0b725bbf-683b-4664-9a2e-3c9dd6e38bc1:c2778, 9193e3b7-ae04-484d-a740-c65c11559486:c2778]
2019-08-24 07:08:30,630 [grpc-default-executor-0] INFO  client.GrpcClientProtocolClient (GrpcClientProtocolClient.java:onNext(255)) - client-6EDD19400D46->06a4573b-67a1-41e3-a350-f896363bc636: receive RaftClientReply:client-6EDD19400D46->06a4573b-67a1-41e3-a350-f896363bc636@group-757E3781CD2A, cid=1908, SUCCESS, logIndex=2780, commits[06a4573b-67a1-41e3-a350-f896363bc636:c2780, 0b725bbf-683b-4664-9a2e-3c9dd6e38bc1:c2778, 9193e3b7-ae04-484d-a740-c65c11559486:c2778]
2019-08-24 07:08:30,640 | INFO  | DNAudit | user=null | ip=null | op=WRITE_CHUNK {blockData=conID: 2 locID: 102670697142682134 bcsId: 0} | ret=SUCCESS |  
2019-08-24 07:08:30,640 | INFO  | DNAudit | user=null | ip=null | op=PUT_BLOCK {blockData=[blockId=conID: 2 locID: 102670697142682134 bcsId: 0,size=2097152]} | ret=SUCCESS |  
2019-08-24 07:08:30,641 [grpc-default-executor-5] INFO  client.GrpcClientProtocolClient (GrpcClientProtocolClient.java:onNext(255)) - client-6EDD19400D46->06a4573b-67a1-41e3-a350-f896363bc636: receive RaftClientReply:client-6EDD19400D46->06a4573b-67a1-41e3-a350-f896363bc636@group-757E3781CD2A, cid=1909, SUCCESS, logIndex=2781, commits[06a4573b-67a1-41e3-a350-f896363bc636:c2782, 0b725bbf-683b-4664-9a2e-3c9dd6e38bc1:c2778, 9193e3b7-ae04-484d-a740-c65c11559486:c2778]
2019-08-24 07:08:30,641 [grpc-default-executor-5] INFO  client.GrpcClientProtocolClient (GrpcClientProtocolClient.java:onNext(255)) - client-6EDD19400D46->06a4573b-67a1-41e3-a350-f896363bc636: receive RaftClientReply:client-6EDD19400D46->06a4573b-67a1-41e3-a350-f896363bc636@group-757E3781CD2A, cid=1910, SUCCESS, logIndex=2782, commits[06a4573b-67a1-41e3-a350-f896363bc636:c2782, 0b725bbf-683b-4664-9a2e-3c9dd6e38bc1:c2778, 9193e3b7-ae04-484d-a740-c65c11559486:c2778]
2019-08-24 07:08:30,653 | INFO  | DNAudit | user=null | ip=null | op=WRITE_CHUNK {blockData=conID: 2 locID: 102670697142682134 bcsId: 0} | ret=SUCCESS |  
2019-08-24 07:08:30,653 | INFO  | DNAudit | user=null | ip=null | op=PUT_BLOCK {blockData=[blockId=conID: 2 locID: 102670697142682134 bcsId: 0,size=1048576]} | ret=SUCCESS |  
2019-08-24 07:08:30,655 | INFO  | DNAudit | user=null | ip=null | op=WRITE_CHUNK {blockData=conID: 2 locID: 102670697142682134 bcsId: 0} | ret=SUCCESS |  
2019-08-24 07:08:30,655 | INFO  | DNAudit | user=null | ip=null | op=PUT_BLOCK {blockData=[blockId=conID: 2 locID: 102670697142682134 bcsId: 0,size=1048576]} | ret=SUCCESS |  
2019-08-24 07:08:30,655 | INFO  | DNAudit | user=null | ip=null | op=WRITE_CHUNK {blockData=conID: 2 locID: 102670697142682134 bcsId: 0} | ret=SUCCESS |  
2019-08-24 07:08:30,656 | INFO  | DNAudit | user=null | ip=null | op=PUT_BLOCK {blockData=[blockId=conID: 2 locID: 102670697142682134 bcsId: 0,size=2097152]} | ret=SUCCESS |  
2019-08-24 07:08:30,656 [grpc-default-executor-5] INFO  client.GrpcClientProtocolClient (GrpcClientProtocolClient.java:onNext(255)) - client-6EDD19400D46->06a4573b-67a1-41e3-a350-f896363bc636: receive RaftClientReply:client-6EDD19400D46->06a4573b-67a1-41e3-a350-f896363bc636@group-757E3781CD2A, cid=1911, SUCCESS, logIndex=0, commits[06a4573b-67a1-41e3-a350-f896363bc636:c2784, 0b725bbf-683b-4664-9a2e-3c9dd6e38bc1:c2780, 9193e3b7-ae04-484d-a740-c65c11559486:c2780]
2019-08-24 07:08:30,665 | INFO  | DNAudit | user=null | ip=null | op=WRITE_CHUNK {blockData=conID: 2 locID: 102670697142682134 bcsId: 2782} | ret=SUCCESS |  
2019-08-24 07:08:30,665 | INFO  | DNAudit | user=null | ip=null | op=WRITE_CHUNK {blockData=conID: 2 locID: 102670697142682134 bcsId: 0} | ret=SUCCESS |  
2019-08-24 07:08:30,666 | INFO  | DNAudit | user=null | ip=null | op=PUT_BLOCK {blockData=[blockId=conID: 2 locID: 102670697142682134 bcsId: 0,size=2097152]} | ret=SUCCESS |  
2019-08-24 07:08:30,668 | INFO  | DNAudit | user=null | ip=null | op=WRITE_CHUNK {blockData=conID: 2 locID: 102670697142682134 bcsId: 2782} | ret=SUCCESS |  
2019-08-24 07:08:30,669 | INFO  | DNAudit | user=null | ip=null | op=WRITE_CHUNK {blockData=conID: 2 locID: 102670697142682134 bcsId: 2782} | ret=SUCCESS |  
2019-08-24 07:08:30,679 | INFO  | DNAudit | user=null | ip=null | op=WRITE_CHUNK {blockData=conID: 2 locID: 102670697142682134 bcsId: 2782} | ret=SUCCESS |  
2019-08-24 07:08:30,680 | INFO  | DNAudit | user=null | ip=null | op=PUT_BLOCK {blockData=[blockId=conID: 2 locID: 102670697142682134 bcsId: 0,size=3145728]} | ret=SUCCESS |  
2019-08-24 07:08:30,680 [grpc-default-executor-0] INFO  client.GrpcClientProtocolClient (GrpcClientProtocolClient.java:onNext(255)) - client-6EDD19400D46->06a4573b-67a1-41e3-a350-f896363bc636: receive RaftClientReply:client-6EDD19400D46->06a4573b-67a1-41e3-a350-f896363bc636@group-757E3781CD2A, cid=1912, SUCCESS, logIndex=2787, commits[06a4573b-67a1-41e3-a350-f896363bc636:c2788, 0b725bbf-683b-4664-9a2e-3c9dd6e38bc1:c2786, 9193e3b7-ae04-484d-a740-c65c11559486:c2786]
2019-08-24 07:08:30,681 [grpc-default-executor-0] INFO  client.GrpcClientProtocolClient (GrpcClientProtocolClient.java:onNext(255)) - client-6EDD19400D46->06a4573b-67a1-41e3-a350-f896363bc636: receive RaftClientReply:client-6EDD19400D46->06a4573b-67a1-41e3-a350-f896363bc636@group-757E3781CD2A, cid=1913, SUCCESS, logIndex=2788, commits[06a4573b-67a1-41e3-a350-f896363bc636:c2788, 0b725bbf-683b-4664-9a2e-3c9dd6e38bc1:c2786, 9193e3b7-ae04-484d-a740-c65c11559486:c2786]
2019-08-24 07:08:30,689 | INFO  | DNAudit | user=null | ip=null | op=WRITE_CHUNK {blockData=conID: 2 locID: 102670697142682134 bcsId: 2788} | ret=SUCCESS |  
2019-08-24 07:08:30,693 | INFO  | DNAudit | user=null | ip=null | op=WRITE_CHUNK {blockData=conID: 2 locID: 102670697142682134 bcsId: 2788} | ret=SUCCESS |  
2019-08-24 07:08:30,693 | INFO  | DNAudit | user=null | ip=null | op=WRITE_CHUNK {blockData=conID: 2 locID: 102670697142682134 bcsId: 2782} | ret=SUCCESS |  
2019-08-24 07:08:30,693 | INFO  | DNAudit | user=null | ip=null | op=WRITE_CHUNK {blockData=conID: 2 locID: 102670697142682134 bcsId: 2788} | ret=SUCCESS |  
2019-08-24 07:08:30,693 | INFO  | DNAudit | user=null | ip=null | op=WRITE_CHUNK {blockData=conID: 2 locID: 102670697142682134 bcsId: 2782} | ret=SUCCESS |  
2019-08-24 07:08:30,704 | INFO  | DNAudit | user=null | ip=null | op=PUT_BLOCK {blockData=[blockId=conID: 2 locID: 102670697142682134 bcsId: 0,size=3145728]} | ret=SUCCESS |  
2019-08-24 07:08:30,705 | INFO  | DNAudit | user=null | ip=null | op=PUT_BLOCK {blockData=[blockId=conID: 2 locID: 102670697142682134 bcsId: 0,size=3145728]} | ret=SUCCESS |  
2019-08-24 07:08:30,705 | INFO  | DNAudit | user=null | ip=null | op=WRITE_CHUNK {blockData=conID: 2 locID: 102670697142682134 bcsId: 2788} | ret=SUCCESS |  
2019-08-24 07:08:30,706 | INFO  | DNAudit | user=null | ip=null | op=PUT_BLOCK {blockData=[blockId=conID: 2 locID: 102670697142682134 bcsId: 0,size=4194304]} | ret=SUCCESS |  
2019-08-24 07:08:30,706 [grpc-default-executor-5] INFO  client.GrpcClientProtocolClient (GrpcClientProtocolClient.java:onNext(255)) - client-6EDD19400D46->06a4573b-67a1-41e3-a350-f896363bc636: receive RaftClientReply:client-6EDD19400D46->06a4573b-67a1-41e3-a350-f896363bc636@group-757E3781CD2A, cid=1914, SUCCESS, logIndex=2791, commits[06a4573b-67a1-41e3-a350-f896363bc636:c2792, 0b725bbf-683b-4664-9a2e-3c9dd6e38bc1:c2788, 9193e3b7-ae04-484d-a740-c65c11559486:c2788]
2019-08-24 07:08:30,706 [grpc-default-executor-5] INFO  client.GrpcClientProtocolClient (GrpcClientProtocolClient.java:onNext(255)) - client-6EDD19400D46->06a4573b-67a1-41e3-a350-f896363bc636: receive RaftClientReply:client-6EDD19400D46->06a4573b-67a1-41e3-a350-f896363bc636@group-757E3781CD2A, cid=1915, SUCCESS, logIndex=2792, commits[06a4573b-67a1-41e3-a350-f896363bc636:c2792, 0b725bbf-683b-4664-9a2e-3c9dd6e38bc1:c2788, 9193e3b7-ae04-484d-a740-c65c11559486:c2788]
2019-08-24 07:08:30,726 | INFO  | DNAudit | user=null | ip=null | op=WRITE_CHUNK {blockData=conID: 2 locID: 102670697142682134 bcsId: 2788} | ret=SUCCESS |  
2019-08-24 07:08:30,726 | INFO  | DNAudit | user=null | ip=null | op=WRITE_CHUNK {blockData=conID: 2 locID: 102670697142682134 bcsId: 2788} | ret=SUCCESS |  
2019-08-24 07:08:30,726 | INFO  | DNAudit | user=null | ip=null | op=PUT_BLOCK {blockData=[blockId=conID: 2 locID: 102670697142682134 bcsId: 0,size=4194304]} | ret=SUCCESS |  
2019-08-24 07:08:30,726 | INFO  | DNAudit | user=null | ip=null | op=PUT_BLOCK {blockData=[blockId=conID: 2 locID: 102670697142682134 bcsId: 0,size=4194304]} | ret=SUCCESS |  
2019-08-24 07:08:30,727 [grpc-default-executor-5] INFO  client.GrpcClientProtocolClient (GrpcClientProtocolClient.java:onNext(255)) - client-6EDD19400D46->06a4573b-67a1-41e3-a350-f896363bc636: receive RaftClientReply:client-6EDD19400D46->06a4573b-67a1-41e3-a350-f896363bc636@group-757E3781CD2A, cid=1916, SUCCESS, logIndex=0, commits[06a4573b-67a1-41e3-a350-f896363bc636:c2793, 0b725bbf-683b-4664-9a2e-3c9dd6e38bc1:c2792, 9193e3b7-ae04-484d-a740-c65c11559486:c2792]
2019-08-24 07:08:30,734 | INFO  | SCMAudit | user=jenkins1000 | ip=192.168.69.125 | op=ALLOCATE_BLOCK {owner=61bacca8-15b6-4a50-8962-5e9786b18b0d, size=4194304, type=RATIS, factor=THREE} | ret=SUCCESS |  
2019-08-24 07:08:30,737 | INFO  | OMAudit | user=jenkins1000 | ip=127.0.0.1 | op=ALLOCATE_BLOCK {volume=vol-0-26988, bucket=bucket-0-20739, key=key-0-27353, dataSize=0, replicationType=null, replicationFactor=null, keyLocationInfo=null, clientID=102670695851229586} | ret=SUCCESS |  
2019-08-24 07:08:30,747 | INFO  | DNAudit | user=null | ip=null | op=WRITE_CHUNK {blockData=conID: 3 locID: 102670697151398423 bcsId: 0} | ret=SUCCESS |  
2019-08-24 07:08:30,751 | INFO  | DNAudit | user=null | ip=null | op=WRITE_CHUNK {blockData=conID: 3 locID: 102670697151398423 bcsId: 0} | ret=SUCCESS |  
2019-08-24 07:08:30,751 | INFO  | DNAudit | user=null | ip=null | op=WRITE_CHUNK {blockData=conID: 3 locID: 102670697151398423 bcsId: 0} | ret=SUCCESS |  
2019-08-24 07:08:30,752 | INFO  | DNAudit | user=null | ip=null | op=WRITE_CHUNK {blockData=conID: 3 locID: 102670697151398423 bcsId: 0} | ret=SUCCESS |  
2019-08-24 07:08:30,753 | INFO  | DNAudit | user=null | ip=null | op=WRITE_CHUNK {blockData=conID: 3 locID: 102670697151398423 bcsId: 0} | ret=SUCCESS |  
2019-08-24 07:08:30,754 | INFO  | DNAudit | user=null | ip=null | op=WRITE_CHUNK {blockData=conID: 3 locID: 102670697151398423 bcsId: 0} | ret=SUCCESS |  
2019-08-24 07:08:30,761 | INFO  | DNAudit | user=null | ip=null | op=WRITE_CHUNK {blockData=conID: 3 locID: 102670697151398423 bcsId: 0} | ret=SUCCESS |  
2019-08-24 07:08:30,761 | INFO  | DNAudit | user=null | ip=null | op=PUT_BLOCK {blockData=[blockId=conID: 3 locID: 102670697151398423 bcsId: 0,size=1048576]} | ret=SUCCESS |  
2019-08-24 07:08:30,761 [grpc-default-executor-2] INFO  client.GrpcClientProtocolClient (GrpcClientProtocolClient.java:onNext(255)) - client-6EDD19400D46->06a4573b-67a1-41e3-a350-f896363bc636: receive RaftClientReply:client-6EDD19400D46->06a4573b-67a1-41e3-a350-f896363bc636@group-757E3781CD2A, cid=1917, SUCCESS, logIndex=2795, commits[06a4573b-67a1-41e3-a350-f896363bc636:c2798, 0b725bbf-683b-4664-9a2e-3c9dd6e38bc1:c2794, 9193e3b7-ae04-484d-a740-c65c11559486:c2794]
2019-08-24 07:08:30,762 | INFO  | DNAudit | user=null | ip=null | op=WRITE_CHUNK {blockData=conID: 3 locID: 102670697151398423 bcsId: 0} | ret=SUCCESS |  
2019-08-24 07:08:30,762 [grpc-default-executor-2] INFO  client.GrpcClientProtocolClient (GrpcClientProtocolClient.java:onNext(255)) - client-6EDD19400D46->06a4573b-67a1-41e3-a350-f896363bc636: receive RaftClientReply:client-6EDD19400D46->06a4573b-67a1-41e3-a350-f896363bc636@group-757E3781CD2A, cid=1918, SUCCESS, logIndex=2796, commits[06a4573b-67a1-41e3-a350-f896363bc636:c2798, 0b725bbf-683b-4664-9a2e-3c9dd6e38bc1:c2794, 9193e3b7-ae04-484d-a740-c65c11559486:c2794]
2019-08-24 07:08:30,762 | INFO  | DNAudit | user=null | ip=null | op=PUT_BLOCK {blockData=[blockId=conID: 3 locID: 102670697151398423 bcsId: 0,size=2097152]} | ret=SUCCESS |  
2019-08-24 07:08:30,762 [grpc-default-executor-2] INFO  client.GrpcClientProtocolClient (GrpcClientProtocolClient.java:onNext(255)) - client-6EDD19400D46->06a4573b-67a1-41e3-a350-f896363bc636: receive RaftClientReply:client-6EDD19400D46->06a4573b-67a1-41e3-a350-f896363bc636@group-757E3781CD2A, cid=1919, SUCCESS, logIndex=2797, commits[06a4573b-67a1-41e3-a350-f896363bc636:c2798, 0b725bbf-683b-4664-9a2e-3c9dd6e38bc1:c2794, 9193e3b7-ae04-484d-a740-c65c11559486:c2794]
2019-08-24 07:08:30,763 [grpc-default-executor-2] INFO  client.GrpcClientProtocolClient (GrpcClientProtocolClient.java:onNext(255)) - client-6EDD19400D46->06a4573b-67a1-41e3-a350-f896363bc636: receive RaftClientReply:client-6EDD19400D46->06a4573b-67a1-41e3-a350-f896363bc636@group-757E3781CD2A, cid=1920, SUCCESS, logIndex=2798, commits[06a4573b-67a1-41e3-a350-f896363bc636:c2798, 0b725bbf-683b-4664-9a2e-3c9dd6e38bc1:c2794, 9193e3b7-ae04-484d-a740-c65c11559486:c2794]
2019-08-24 07:08:30,772 | INFO  | DNAudit | user=null | ip=null | op=WRITE_CHUNK {blockData=conID: 3 locID: 102670697151398423 bcsId: 0} | ret=SUCCESS |  
2019-08-24 07:08:30,772 | INFO  | DNAudit | user=null | ip=null | op=WRITE_CHUNK {blockData=conID: 3 locID: 102670697151398423 bcsId: 0} | ret=SUCCESS |  
2019-08-24 07:08:30,773 | INFO  | DNAudit | user=null | ip=null | op=PUT_BLOCK {blockData=[blockId=conID: 3 locID: 102670697151398423 bcsId: 0,size=1048576]} | ret=SUCCESS |  
2019-08-24 07:08:30,775 | INFO  | DNAudit | user=null | ip=null | op=PUT_BLOCK {blockData=[blockId=conID: 3 locID: 102670697151398423 bcsId: 0,size=1048576]} | ret=SUCCESS |  
2019-08-24 07:08:30,775 | INFO  | DNAudit | user=null | ip=null | op=WRITE_CHUNK {blockData=conID: 3 locID: 102670697151398423 bcsId: 0} | ret=SUCCESS |  
2019-08-24 07:08:30,776 | INFO  | DNAudit | user=null | ip=null | op=PUT_BLOCK {blockData=[blockId=conID: 3 locID: 102670697151398423 bcsId: 0,size=2097152]} | ret=SUCCESS |  
2019-08-24 07:08:30,776 | INFO  | DNAudit | user=null | ip=null | op=WRITE_CHUNK {blockData=conID: 3 locID: 102670697151398423 bcsId: 0} | ret=SUCCESS |  
2019-08-24 07:08:30,776 | INFO  | DNAudit | user=null | ip=null | op=PUT_BLOCK {blockData=[blockId=conID: 3 locID: 102670697151398423 bcsId: 0,size=2097152]} | ret=SUCCESS |  
2019-08-24 07:08:30,776 [grpc-default-executor-2] INFO  client.GrpcClientProtocolClient (GrpcClientProtocolClient.java:onNext(255)) - client-6EDD19400D46->06a4573b-67a1-41e3-a350-f896363bc636: receive RaftClientReply:client-6EDD19400D46->06a4573b-67a1-41e3-a350-f896363bc636@group-757E3781CD2A, cid=1921, SUCCESS, logIndex=0, commits[06a4573b-67a1-41e3-a350-f896363bc636:c2799, 0b725bbf-683b-4664-9a2e-3c9dd6e38bc1:c2796, 9193e3b7-ae04-484d-a740-c65c11559486:c2796]
2019-08-24 07:08:30,786 | INFO  | DNAudit | user=null | ip=null | op=WRITE_CHUNK {blockData=conID: 3 locID: 102670697151398423 bcsId: 2798} | ret=SUCCESS |  
2019-08-24 07:08:30,790 | INFO  | DNAudit | user=null | ip=null | op=WRITE_CHUNK {blockData=conID: 3 locID: 102670697151398423 bcsId: 2798} | ret=SUCCESS |  
2019-08-24 07:08:30,791 | INFO  | DNAudit | user=null | ip=null | op=WRITE_CHUNK {blockData=conID: 3 locID: 102670697151398423 bcsId: 2798} | ret=SUCCESS |  
2019-08-24 07:08:30,800 | INFO  | DNAudit | user=null | ip=null | op=WRITE_CHUNK {blockData=conID: 3 locID: 102670697151398423 bcsId: 2798} | ret=SUCCESS |  
2019-08-24 07:08:30,801 | INFO  | DNAudit | user=null | ip=null | op=PUT_BLOCK {blockData=[blockId=conID: 3 locID: 102670697151398423 bcsId: 0,size=3145728]} | ret=SUCCESS |  
2019-08-24 07:08:30,801 [grpc-default-executor-2] INFO  client.GrpcClientProtocolClient (GrpcClientProtocolClient.java:onNext(255)) - client-6EDD19400D46->06a4573b-67a1-41e3-a350-f896363bc636: receive RaftClientReply:client-6EDD19400D46->06a4573b-67a1-41e3-a350-f896363bc636@group-757E3781CD2A, cid=1922, SUCCESS, logIndex=2803, commits[06a4573b-67a1-41e3-a350-f896363bc636:c2804, 0b725bbf-683b-4664-9a2e-3c9dd6e38bc1:c2802, 9193e3b7-ae04-484d-a740-c65c11559486:c2802]
2019-08-24 07:08:30,802 [grpc-default-executor-2] INFO  client.GrpcClientProtocolClient (GrpcClientProtocolClient.java:onNext(255)) - client-6EDD19400D46->06a4573b-67a1-41e3-a350-f896363bc636: receive RaftClientReply:client-6EDD19400D46->06a4573b-67a1-41e3-a350-f896363bc636@group-757E3781CD2A, cid=1923, SUCCESS, logIndex=2804, commits[06a4573b-67a1-41e3-a350-f896363bc636:c2804, 0b725bbf-683b-4664-9a2e-3c9dd6e38bc1:c2802, 9193e3b7-ae04-484d-a740-c65c11559486:c2802]
2019-08-24 07:08:30,811 | INFO  | DNAudit | user=null | ip=null | op=WRITE_CHUNK {blockData=conID: 3 locID: 102670697151398423 bcsId: 2804} | ret=SUCCESS |  
2019-08-24 07:08:30,814 | INFO  | DNAudit | user=null | ip=null | op=WRITE_CHUNK {blockData=conID: 3 locID: 102670697151398423 bcsId: 2798} | ret=SUCCESS |  
2019-08-24 07:08:30,814 | INFO  | DNAudit | user=null | ip=null | op=WRITE_CHUNK {blockData=conID: 3 locID: 102670697151398423 bcsId: 2798} | ret=SUCCESS |  
2019-08-24 07:08:30,814 | INFO  | DNAudit | user=null | ip=null | op=PUT_BLOCK {blockData=[blockId=conID: 3 locID: 102670697151398423 bcsId: 0,size=3145728]} | ret=SUCCESS |  
2019-08-24 07:08:30,814 | INFO  | DNAudit | user=null | ip=null | op=WRITE_CHUNK {blockData=conID: 3 locID: 102670697151398423 bcsId: 2804} | ret=SUCCESS |  
2019-08-24 07:08:30,814 | INFO  | DNAudit | user=null | ip=null | op=PUT_BLOCK {blockData=[blockId=conID: 3 locID: 102670697151398423 bcsId: 0,size=3145728]} | ret=SUCCESS |  
2019-08-24 07:08:30,816 | INFO  | DNAudit | user=null | ip=null | op=WRITE_CHUNK {blockData=conID: 3 locID: 102670697151398423 bcsId: 2804} | ret=SUCCESS |  
2019-08-24 07:08:30,828 | INFO  | DNAudit | user=null | ip=null | op=WRITE_CHUNK {blockData=conID: 3 locID: 102670697151398423 bcsId: 2804} | ret=SUCCESS |  
2019-08-24 07:08:30,828 | INFO  | DNAudit | user=null | ip=null | op=PUT_BLOCK {blockData=[blockId=conID: 3 locID: 102670697151398423 bcsId: 0,size=4194304]} | ret=SUCCESS |  
2019-08-24 07:08:30,833 [grpc-default-executor-5] INFO  client.GrpcClientProtocolClient (GrpcClientProtocolClient.java:onNext(255)) - client-6EDD19400D46->06a4573b-67a1-41e3-a350-f896363bc636: receive RaftClientReply:client-6EDD19400D46->06a4573b-67a1-41e3-a350-f896363bc636@group-757E3781CD2A, cid=1924, SUCCESS, logIndex=2807, commits[06a4573b-67a1-41e3-a350-f896363bc636:c2808, 0b725bbf-683b-4664-9a2e-3c9dd6e38bc1:c2804, 9193e3b7-ae04-484d-a740-c65c11559486:c2804]
2019-08-24 07:08:30,834 [grpc-default-executor-5] INFO  client.GrpcClientProtocolClient (GrpcClientProtocolClient.java:onNext(255)) - client-6EDD19400D46->06a4573b-67a1-41e3-a350-f896363bc636: receive RaftClientReply:client-6EDD19400D46->06a4573b-67a1-41e3-a350-f896363bc636@group-757E3781CD2A, cid=1925, SUCCESS, logIndex=2808, commits[06a4573b-67a1-41e3-a350-f896363bc636:c2808, 0b725bbf-683b-4664-9a2e-3c9dd6e38bc1:c2804, 9193e3b7-ae04-484d-a740-c65c11559486:c2804]
2019-08-24 07:08:30,840 | INFO  | DNAudit | user=null | ip=null | op=WRITE_CHUNK {blockData=conID: 3 locID: 102670697151398423 bcsId: 2804} | ret=SUCCESS |  
2019-08-24 07:08:30,841 | INFO  | DNAudit | user=null | ip=null | op=WRITE_CHUNK {blockData=conID: 3 locID: 102670697151398423 bcsId: 2804} | ret=SUCCESS |  
2019-08-24 07:08:30,841 | INFO  | DNAudit | user=null | ip=null | op=PUT_BLOCK {blockData=[blockId=conID: 3 locID: 102670697151398423 bcsId: 0,size=4194304]} | ret=SUCCESS |  
2019-08-24 07:08:30,852 | INFO  | DNAudit | user=null | ip=null | op=PUT_BLOCK {blockData=[blockId=conID: 3 locID: 102670697151398423 bcsId: 0,size=4194304]} | ret=SUCCESS |  
2019-08-24 07:08:30,853 [grpc-default-executor-5] INFO  client.GrpcClientProtocolClient (GrpcClientProtocolClient.java:onNext(255)) - client-6EDD19400D46->06a4573b-67a1-41e3-a350-f896363bc636: receive RaftClientReply:client-6EDD19400D46->06a4573b-67a1-41e3-a350-f896363bc636@group-757E3781CD2A, cid=1926, SUCCESS, logIndex=0, commits[06a4573b-67a1-41e3-a350-f896363bc636:c2809, 0b725bbf-683b-4664-9a2e-3c9dd6e38bc1:c2808, 9193e3b7-ae04-484d-a740-c65c11559486:c2808]
2019-08-24 07:08:31,016 | INFO  | SCMAudit | user=jenkins1000 | ip=192.168.69.125 | op=SEND_HEARTBEAT {datanodeUUID=b8548da6-9cc6-46be-8dd4-5219531f5960, command=[]} | ret=SUCCESS |  
2019-08-24 07:08:31,021 | INFO  | SCMAudit | user=jenkins1000 | ip=192.168.69.125 | op=ALLOCATE_BLOCK {owner=61bacca8-15b6-4a50-8962-5e9786b18b0d, size=4194304, type=RATIS, factor=THREE} | ret=SUCCESS |  
2019-08-24 07:08:31,024 | INFO  | OMAudit | user=jenkins1000 | ip=127.0.0.1 | op=ALLOCATE_BLOCK {volume=vol-0-26988, bucket=bucket-0-20739, key=key-0-27353, dataSize=0, replicationType=null, replicationFactor=null, keyLocationInfo=null, clientID=102670695851229586} | ret=SUCCESS |  
2019-08-24 07:08:31,034 | INFO  | DNAudit | user=null | ip=null | op=WRITE_CHUNK {blockData=conID: 1 locID: 102670697170272792 bcsId: 0} | ret=SUCCESS |  
2019-08-24 07:08:31,038 | INFO  | DNAudit | user=null | ip=null | op=WRITE_CHUNK {blockData=conID: 1 locID: 102670697170272792 bcsId: 0} | ret=SUCCESS |  
2019-08-24 07:08:31,038 | INFO  | DNAudit | user=null | ip=null | op=WRITE_CHUNK {blockData=conID: 1 locID: 102670697170272792 bcsId: 0} | ret=SUCCESS |  
2019-08-24 07:08:31,038 | INFO  | DNAudit | user=null | ip=null | op=WRITE_CHUNK {blockData=conID: 1 locID: 102670697170272792 bcsId: 0} | ret=SUCCESS |  
2019-08-24 07:08:31,040 | INFO  | DNAudit | user=null | ip=null | op=WRITE_CHUNK {blockData=conID: 1 locID: 102670697170272792 bcsId: 0} | ret=SUCCESS |  
2019-08-24 07:08:31,041 | INFO  | DNAudit | user=null | ip=null | op=WRITE_CHUNK {blockData=conID: 1 locID: 102670697170272792 bcsId: 0} | ret=SUCCESS |  
2019-08-24 07:08:31,048 | INFO  | DNAudit | user=null | ip=null | op=WRITE_CHUNK {blockData=conID: 1 locID: 102670697170272792 bcsId: 0} | ret=SUCCESS |  
2019-08-24 07:08:31,049 | INFO  | DNAudit | user=null | ip=null | op=PUT_BLOCK {blockData=[blockId=conID: 1 locID: 102670697170272792 bcsId: 0,size=1048576]} | ret=SUCCESS |  
2019-08-24 07:08:31,049 [grpc-default-executor-0] INFO  client.GrpcClientProtocolClient (GrpcClientProtocolClient.java:onNext(255)) - client-6EDD19400D46->06a4573b-67a1-41e3-a350-f896363bc636: receive RaftClientReply:client-6EDD19400D46->06a4573b-67a1-41e3-a350-f896363bc636@group-757E3781CD2A, cid=1927, SUCCESS, logIndex=2811, commits[06a4573b-67a1-41e3-a350-f896363bc636:c2812, 0b725bbf-683b-4664-9a2e-3c9dd6e38bc1:c2808, 9193e3b7-ae04-484d-a740-c65c11559486:c2810]
2019-08-24 07:08:31,050 [grpc-default-executor-0] INFO  client.GrpcClientProtocolClient (GrpcClientProtocolClient.java:onNext(255)) - client-6EDD19400D46->06a4573b-67a1-41e3-a350-f896363bc636: receive RaftClientReply:client-6EDD19400D46->06a4573b-67a1-41e3-a350-f896363bc636@group-757E3781CD2A, cid=1928, SUCCESS, logIndex=2812, commits[06a4573b-67a1-41e3-a350-f896363bc636:c2812, 0b725bbf-683b-4664-9a2e-3c9dd6e38bc1:c2810, 9193e3b7-ae04-484d-a740-c65c11559486:c2810]
2019-08-24 07:08:31,058 | INFO  | DNAudit | user=null | ip=null | op=WRITE_CHUNK {blockData=conID: 1 locID: 102670697170272792 bcsId: 0} | ret=SUCCESS |  
2019-08-24 07:08:31,059 | INFO  | DNAudit | user=null | ip=null | op=PUT_BLOCK {blockData=[blockId=conID: 1 locID: 102670697170272792 bcsId: 0,size=2097152]} | ret=SUCCESS |  
2019-08-24 07:08:31,059 [grpc-default-executor-0] INFO  client.GrpcClientProtocolClient (GrpcClientProtocolClient.java:onNext(255)) - client-6EDD19400D46->06a4573b-67a1-41e3-a350-f896363bc636: receive RaftClientReply:client-6EDD19400D46->06a4573b-67a1-41e3-a350-f896363bc636@group-757E3781CD2A, cid=1929, SUCCESS, logIndex=2813, commits[06a4573b-67a1-41e3-a350-f896363bc636:c2814, 0b725bbf-683b-4664-9a2e-3c9dd6e38bc1:c2810, 9193e3b7-ae04-484d-a740-c65c11559486:c2810]
2019-08-24 07:08:31,059 | INFO  | DNAudit | user=null | ip=null | op=WRITE_CHUNK {blockData=conID: 1 locID: 102670697170272792 bcsId: 0} | ret=SUCCESS |  
2019-08-24 07:08:31,059 | INFO  | DNAudit | user=null | ip=null | op=WRITE_CHUNK {blockData=conID: 1 locID: 102670697170272792 bcsId: 0} | ret=SUCCESS |  
2019-08-24 07:08:31,059 | INFO  | DNAudit | user=null | ip=null | op=PUT_BLOCK {blockData=[blockId=conID: 1 locID: 102670697170272792 bcsId: 0,size=1048576]} | ret=SUCCESS |  
2019-08-24 07:08:31,060 | INFO  | DNAudit | user=null | ip=null | op=PUT_BLOCK {blockData=[blockId=conID: 1 locID: 102670697170272792 bcsId: 0,size=1048576]} | ret=SUCCESS |  
2019-08-24 07:08:31,060 [grpc-default-executor-0] INFO  client.GrpcClientProtocolClient (GrpcClientProtocolClient.java:onNext(255)) - client-6EDD19400D46->06a4573b-67a1-41e3-a350-f896363bc636: receive RaftClientReply:client-6EDD19400D46->06a4573b-67a1-41e3-a350-f896363bc636@group-757E3781CD2A, cid=1930, SUCCESS, logIndex=2814, commits[06a4573b-67a1-41e3-a350-f896363bc636:c2814, 0b725bbf-683b-4664-9a2e-3c9dd6e38bc1:c2810, 9193e3b7-ae04-484d-a740-c65c11559486:c2810]
2019-08-24 07:08:31,061 [grpc-default-executor-2] INFO  client.GrpcClientProtocolClient (GrpcClientProtocolClient.java:onNext(255)) - client-6EDD19400D46->06a4573b-67a1-41e3-a350-f896363bc636: receive RaftClientReply:client-6EDD19400D46->06a4573b-67a1-41e3-a350-f896363bc636@group-757E3781CD2A, cid=1931, SUCCESS, logIndex=0, commits[06a4573b-67a1-41e3-a350-f896363bc636:c2816, 0b725bbf-683b-4664-9a2e-3c9dd6e38bc1:c2812, 9193e3b7-ae04-484d-a740-c65c11559486:c2812]
2019-08-24 07:08:31,069 | INFO  | DNAudit | user=null | ip=null | op=WRITE_CHUNK {blockData=conID: 1 locID: 102670697170272792 bcsId: 2814} | ret=SUCCESS |  
2019-08-24 07:08:31,072 | INFO  | DNAudit | user=null | ip=null | op=WRITE_CHUNK {blockData=conID: 1 locID: 102670697170272792 bcsId: 2814} | ret=SUCCESS |  
2019-08-24 07:08:31,073 | INFO  | DNAudit | user=null | ip=null | op=WRITE_CHUNK {blockData=conID: 1 locID: 102670697170272792 bcsId: 2814} | ret=SUCCESS |  
2019-08-24 07:08:31,099 | INFO  | DNAudit | user=null | ip=null | op=WRITE_CHUNK {blockData=conID: 1 locID: 102670697170272792 bcsId: 0} | ret=SUCCESS |  
2019-08-24 07:08:31,099 | INFO  | DNAudit | user=null | ip=null | op=WRITE_CHUNK {blockData=conID: 1 locID: 102670697170272792 bcsId: 0} | ret=SUCCESS |  
2019-08-24 07:08:31,099 | INFO  | DNAudit | user=null | ip=null | op=PUT_BLOCK {blockData=[blockId=conID: 1 locID: 102670697170272792 bcsId: 0,size=2097152]} | ret=SUCCESS |  
2019-08-24 07:08:31,099 | INFO  | DNAudit | user=null | ip=null | op=PUT_BLOCK {blockData=[blockId=conID: 1 locID: 102670697170272792 bcsId: 0,size=2097152]} | ret=SUCCESS |  
2019-08-24 07:08:31,100 | INFO  | DNAudit | user=null | ip=null | op=WRITE_CHUNK {blockData=conID: 1 locID: 102670697170272792 bcsId: 2814} | ret=SUCCESS |  
2019-08-24 07:08:31,100 | INFO  | DNAudit | user=null | ip=null | op=PUT_BLOCK {blockData=[blockId=conID: 1 locID: 102670697170272792 bcsId: 0,size=3145728]} | ret=SUCCESS |  
2019-08-24 07:08:31,100 [grpc-default-executor-0] INFO  client.GrpcClientProtocolClient (GrpcClientProtocolClient.java:onNext(255)) - client-6EDD19400D46->06a4573b-67a1-41e3-a350-f896363bc636: receive RaftClientReply:client-6EDD19400D46->06a4573b-67a1-41e3-a350-f896363bc636@group-757E3781CD2A, cid=1932, SUCCESS, logIndex=2819, commits[06a4573b-67a1-41e3-a350-f896363bc636:c2820, 0b725bbf-683b-4664-9a2e-3c9dd6e38bc1:c2818, 9193e3b7-ae04-484d-a740-c65c11559486:c2818]
2019-08-24 07:08:31,101 [grpc-default-executor-0] INFO  client.GrpcClientProtocolClient (GrpcClientProtocolClient.java:onNext(255)) - client-6EDD19400D46->06a4573b-67a1-41e3-a350-f896363bc636: receive RaftClientReply:client-6EDD19400D46->06a4573b-67a1-41e3-a350-f896363bc636@group-757E3781CD2A, cid=1933, SUCCESS, logIndex=2820, commits[06a4573b-67a1-41e3-a350-f896363bc636:c2820, 0b725bbf-683b-4664-9a2e-3c9dd6e38bc1:c2818, 9193e3b7-ae04-484d-a740-c65c11559486:c2818]
2019-08-24 07:08:31,110 | INFO  | DNAudit | user=null | ip=null | op=WRITE_CHUNK {blockData=conID: 1 locID: 102670697170272792 bcsId: 2820} | ret=SUCCESS |  
2019-08-24 07:08:31,111 | INFO  | DNAudit | user=null | ip=null | op=WRITE_CHUNK {blockData=conID: 1 locID: 102670697170272792 bcsId: 2814} | ret=SUCCESS |  
2019-08-24 07:08:31,111 | INFO  | DNAudit | user=null | ip=null | op=WRITE_CHUNK {blockData=conID: 1 locID: 102670697170272792 bcsId: 2814} | ret=SUCCESS |  
2019-08-24 07:08:31,111 | INFO  | DNAudit | user=null | ip=null | op=PUT_BLOCK {blockData=[blockId=conID: 1 locID: 102670697170272792 bcsId: 0,size=3145728]} | ret=SUCCESS |  
2019-08-24 07:08:31,111 | INFO  | DNAudit | user=null | ip=null | op=PUT_BLOCK {blockData=[blockId=conID: 1 locID: 102670697170272792 bcsId: 0,size=3145728]} | ret=SUCCESS |  
2019-08-24 07:08:31,116 | INFO  | DNAudit | user=null | ip=null | op=WRITE_CHUNK {blockData=conID: 1 locID: 102670697170272792 bcsId: 2820} | ret=SUCCESS |  
2019-08-24 07:08:31,117 | INFO  | DNAudit | user=null | ip=null | op=WRITE_CHUNK {blockData=conID: 1 locID: 102670697170272792 bcsId: 2820} | ret=SUCCESS |  
2019-08-24 07:08:31,129 | INFO  | DNAudit | user=null | ip=null | op=WRITE_CHUNK {blockData=conID: 1 locID: 102670697170272792 bcsId: 2820} | ret=SUCCESS |  
2019-08-24 07:08:31,129 | INFO  | DNAudit | user=null | ip=null | op=PUT_BLOCK {blockData=[blockId=conID: 1 locID: 102670697170272792 bcsId: 0,size=4194304]} | ret=SUCCESS |  
2019-08-24 07:08:31,129 [grpc-default-executor-0] INFO  client.GrpcClientProtocolClient (GrpcClientProtocolClient.java:onNext(255)) - client-6EDD19400D46->06a4573b-67a1-41e3-a350-f896363bc636: receive RaftClientReply:client-6EDD19400D46->06a4573b-67a1-41e3-a350-f896363bc636@group-757E3781CD2A, cid=1934, SUCCESS, logIndex=2823, commits[06a4573b-67a1-41e3-a350-f896363bc636:c2824, 0b725bbf-683b-4664-9a2e-3c9dd6e38bc1:c2820, 9193e3b7-ae04-484d-a740-c65c11559486:c2820]
2019-08-24 07:08:31,130 [grpc-default-executor-0] INFO  client.GrpcClientProtocolClient (GrpcClientProtocolClient.java:onNext(255)) - client-6EDD19400D46->06a4573b-67a1-41e3-a350-f896363bc636: receive RaftClientReply:client-6EDD19400D46->06a4573b-67a1-41e3-a350-f896363bc636@group-757E3781CD2A, cid=1935, SUCCESS, logIndex=2824, commits[06a4573b-67a1-41e3-a350-f896363bc636:c2824, 0b725bbf-683b-4664-9a2e-3c9dd6e38bc1:c2820, 9193e3b7-ae04-484d-a740-c65c11559486:c2820]
2019-08-24 07:08:31,140 | INFO  | DNAudit | user=null | ip=null | op=WRITE_CHUNK {blockData=conID: 1 locID: 102670697170272792 bcsId: 2820} | ret=SUCCESS |  
2019-08-24 07:08:31,140 | INFO  | DNAudit | user=null | ip=null | op=WRITE_CHUNK {blockData=conID: 1 locID: 102670697170272792 bcsId: 2820} | ret=SUCCESS |  
2019-08-24 07:08:31,140 | INFO  | DNAudit | user=null | ip=null | op=PUT_BLOCK {blockData=[blockId=conID: 1 locID: 102670697170272792 bcsId: 0,size=4194304]} | ret=SUCCESS |  
2019-08-24 07:08:31,141 | INFO  | DNAudit | user=null | ip=null | op=PUT_BLOCK {blockData=[blockId=conID: 1 locID: 102670697170272792 bcsId: 0,size=4194304]} | ret=SUCCESS |  
2019-08-24 07:08:31,141 [grpc-default-executor-0] INFO  client.GrpcClientProtocolClient (GrpcClientProtocolClient.java:onNext(255)) - client-6EDD19400D46->06a4573b-67a1-41e3-a350-f896363bc636: receive RaftClientReply:client-6EDD19400D46->06a4573b-67a1-41e3-a350-f896363bc636@group-757E3781CD2A, cid=1936, SUCCESS, logIndex=0, commits[06a4573b-67a1-41e3-a350-f896363bc636:c2825, 0b725bbf-683b-4664-9a2e-3c9dd6e38bc1:c2824, 9193e3b7-ae04-484d-a740-c65c11559486:c2824]
2019-08-24 07:08:31,147 | INFO  | SCMAudit | user=jenkins1000 | ip=192.168.69.125 | op=ALLOCATE_BLOCK {owner=61bacca8-15b6-4a50-8962-5e9786b18b0d, size=4194304, type=RATIS, factor=THREE} | ret=SUCCESS |  
2019-08-24 07:08:31,150 | INFO  | OMAudit | user=jenkins1000 | ip=127.0.0.1 | op=ALLOCATE_BLOCK {volume=vol-0-26988, bucket=bucket-0-20739, key=key-0-27353, dataSize=0, replicationType=null, replicationFactor=null, keyLocationInfo=null, clientID=102670695851229586} | ret=SUCCESS |  
2019-08-24 07:08:31,160 | INFO  | DNAudit | user=null | ip=null | op=WRITE_CHUNK {blockData=conID: 2 locID: 102670697178530329 bcsId: 0} | ret=SUCCESS |  
2019-08-24 07:08:31,162 | INFO  | DNAudit | user=null | ip=null | op=WRITE_CHUNK {blockData=conID: 2 locID: 102670697178530329 bcsId: 0} | ret=SUCCESS |  
2019-08-24 07:08:31,165 | INFO  | DNAudit | user=null | ip=null | op=WRITE_CHUNK {blockData=conID: 2 locID: 102670697178530329 bcsId: 0} | ret=SUCCESS |  
2019-08-24 07:08:31,165 | INFO  | DNAudit | user=null | ip=null | op=WRITE_CHUNK {blockData=conID: 2 locID: 102670697178530329 bcsId: 0} | ret=SUCCESS |  
2019-08-24 07:08:31,166 | INFO  | DNAudit | user=null | ip=null | op=WRITE_CHUNK {blockData=conID: 2 locID: 102670697178530329 bcsId: 0} | ret=SUCCESS |  
2019-08-24 07:08:31,167 | INFO  | DNAudit | user=null | ip=null | op=WRITE_CHUNK {blockData=conID: 2 locID: 102670697178530329 bcsId: 0} | ret=SUCCESS |  
2019-08-24 07:08:31,177 | INFO  | DNAudit | user=null | ip=null | op=WRITE_CHUNK {blockData=conID: 2 locID: 102670697178530329 bcsId: 0} | ret=SUCCESS |  
2019-08-24 07:08:31,177 | INFO  | DNAudit | user=null | ip=null | op=PUT_BLOCK {blockData=[blockId=conID: 2 locID: 102670697178530329 bcsId: 0,size=1048576]} | ret=SUCCESS |  
2019-08-24 07:08:31,178 | INFO  | DNAudit | user=null | ip=null | op=WRITE_CHUNK {blockData=conID: 2 locID: 102670697178530329 bcsId: 0} | ret=SUCCESS |  
2019-08-24 07:08:31,178 [grpc-default-executor-1] INFO  client.GrpcClientProtocolClient (GrpcClientProtocolClient.java:onNext(255)) - client-6EDD19400D46->06a4573b-67a1-41e3-a350-f896363bc636: receive RaftClientReply:client-6EDD19400D46->06a4573b-67a1-41e3-a350-f896363bc636@group-757E3781CD2A, cid=1937, SUCCESS, logIndex=2827, commits[06a4573b-67a1-41e3-a350-f896363bc636:c2829, 0b725bbf-683b-4664-9a2e-3c9dd6e38bc1:c2826, 9193e3b7-ae04-484d-a740-c65c11559486:c2826]
2019-08-24 07:08:31,178 | INFO  | DNAudit | user=null | ip=null | op=PUT_BLOCK {blockData=[blockId=conID: 2 locID: 102670697178530329 bcsId: 0,size=2097152]} | ret=SUCCESS |  
2019-08-24 07:08:31,178 [grpc-default-executor-1] INFO  client.GrpcClientProtocolClient (GrpcClientProtocolClient.java:onNext(255)) - client-6EDD19400D46->06a4573b-67a1-41e3-a350-f896363bc636: receive RaftClientReply:client-6EDD19400D46->06a4573b-67a1-41e3-a350-f896363bc636@group-757E3781CD2A, cid=1938, SUCCESS, logIndex=2828, commits[06a4573b-67a1-41e3-a350-f896363bc636:c2830, 0b725bbf-683b-4664-9a2e-3c9dd6e38bc1:c2826, 9193e3b7-ae04-484d-a740-c65c11559486:c2826]
2019-08-24 07:08:31,179 [grpc-default-executor-1] INFO  client.GrpcClientProtocolClient (GrpcClientProtocolClient.java:onNext(255)) - client-6EDD19400D46->06a4573b-67a1-41e3-a350-f896363bc636: receive RaftClientReply:client-6EDD19400D46->06a4573b-67a1-41e3-a350-f896363bc636@group-757E3781CD2A, cid=1939, SUCCESS, logIndex=2829, commits[06a4573b-67a1-41e3-a350-f896363bc636:c2830, 0b725bbf-683b-4664-9a2e-3c9dd6e38bc1:c2826, 9193e3b7-ae04-484d-a740-c65c11559486:c2826]
2019-08-24 07:08:31,179 [grpc-default-executor-1] INFO  client.GrpcClientProtocolClient (GrpcClientProtocolClient.java:onNext(255)) - client-6EDD19400D46->06a4573b-67a1-41e3-a350-f896363bc636: receive RaftClientReply:client-6EDD19400D46->06a4573b-67a1-41e3-a350-f896363bc636@group-757E3781CD2A, cid=1940, SUCCESS, logIndex=2830, commits[06a4573b-67a1-41e3-a350-f896363bc636:c2830, 0b725bbf-683b-4664-9a2e-3c9dd6e38bc1:c2826, 9193e3b7-ae04-484d-a740-c65c11559486:c2826]
2019-08-24 07:08:31,190 | INFO  | DNAudit | user=null | ip=null | op=WRITE_CHUNK {blockData=conID: 2 locID: 102670697178530329 bcsId: 0} | ret=SUCCESS |  
2019-08-24 07:08:31,190 | INFO  | DNAudit | user=null | ip=null | op=WRITE_CHUNK {blockData=conID: 2 locID: 102670697178530329 bcsId: 0} | ret=SUCCESS |  
2019-08-24 07:08:31,190 | INFO  | DNAudit | user=null | ip=null | op=PUT_BLOCK {blockData=[blockId=conID: 2 locID: 102670697178530329 bcsId: 0,size=1048576]} | ret=SUCCESS |  
2019-08-24 07:08:31,201 | INFO  | DNAudit | user=null | ip=null | op=PUT_BLOCK {blockData=[blockId=conID: 2 locID: 102670697178530329 bcsId: 0,size=1048576]} | ret=SUCCESS |  
2019-08-24 07:08:31,201 | INFO  | DNAudit | user=null | ip=null | op=WRITE_CHUNK {blockData=conID: 2 locID: 102670697178530329 bcsId: 0} | ret=SUCCESS |  
2019-08-24 07:08:31,201 | INFO  | DNAudit | user=null | ip=null | op=WRITE_CHUNK {blockData=conID: 2 locID: 102670697178530329 bcsId: 0} | ret=SUCCESS |  
2019-08-24 07:08:31,201 | INFO  | DNAudit | user=null | ip=null | op=PUT_BLOCK {blockData=[blockId=conID: 2 locID: 102670697178530329 bcsId: 0,size=2097152]} | ret=SUCCESS |  
2019-08-24 07:08:31,201 | INFO  | DNAudit | user=null | ip=null | op=PUT_BLOCK {blockData=[blockId=conID: 2 locID: 102670697178530329 bcsId: 0,size=2097152]} | ret=SUCCESS |  
2019-08-24 07:08:31,202 [grpc-default-executor-2] INFO  client.GrpcClientProtocolClient (GrpcClientProtocolClient.java:onNext(255)) - client-6EDD19400D46->06a4573b-67a1-41e3-a350-f896363bc636: receive RaftClientReply:client-6EDD19400D46->06a4573b-67a1-41e3-a350-f896363bc636@group-757E3781CD2A, cid=1941, SUCCESS, logIndex=0, commits[06a4573b-67a1-41e3-a350-f896363bc636:c2832, 0b725bbf-683b-4664-9a2e-3c9dd6e38bc1:c2828, 9193e3b7-ae04-484d-a740-c65c11559486:c2828]
2019-08-24 07:08:31,210 | INFO  | DNAudit | user=null | ip=null | op=WRITE_CHUNK {blockData=conID: 2 locID: 102670697178530329 bcsId: 2830} | ret=SUCCESS |  
2019-08-24 07:08:31,214 | INFO  | DNAudit | user=null | ip=null | op=WRITE_CHUNK {blockData=conID: 2 locID: 102670697178530329 bcsId: 2830} | ret=SUCCESS |  
2019-08-24 07:08:31,214 | INFO  | DNAudit | user=null | ip=null | op=WRITE_CHUNK {blockData=conID: 2 locID: 102670697178530329 bcsId: 2830} | ret=SUCCESS |  
2019-08-24 07:08:31,223 | INFO  | DNAudit | user=null | ip=null | op=WRITE_CHUNK {blockData=conID: 2 locID: 102670697178530329 bcsId: 2830} | ret=SUCCESS |  
2019-08-24 07:08:31,223 | INFO  | DNAudit | user=null | ip=null | op=PUT_BLOCK {blockData=[blockId=conID: 2 locID: 102670697178530329 bcsId: 0,size=3145728]} | ret=SUCCESS |  
2019-08-24 07:08:31,224 [grpc-default-executor-2] INFO  client.GrpcClientProtocolClient (GrpcClientProtocolClient.java:onNext(255)) - client-6EDD19400D46->06a4573b-67a1-41e3-a350-f896363bc636: receive RaftClientReply:client-6EDD19400D46->06a4573b-67a1-41e3-a350-f896363bc636@group-757E3781CD2A, cid=1942, SUCCESS, logIndex=2835, commits[06a4573b-67a1-41e3-a350-f896363bc636:c2836, 0b725bbf-683b-4664-9a2e-3c9dd6e38bc1:c2834, 9193e3b7-ae04-484d-a740-c65c11559486:c2834]
2019-08-24 07:08:31,224 [grpc-default-executor-2] INFO  client.GrpcClientProtocolClient (GrpcClientProtocolClient.java:onNext(255)) - client-6EDD19400D46->06a4573b-67a1-41e3-a350-f896363bc636: receive RaftClientReply:client-6EDD19400D46->06a4573b-67a1-41e3-a350-f896363bc636@group-757E3781CD2A, cid=1943, SUCCESS, logIndex=2836, commits[06a4573b-67a1-41e3-a350-f896363bc636:c2836, 0b725bbf-683b-4664-9a2e-3c9dd6e38bc1:c2834, 9193e3b7-ae04-484d-a740-c65c11559486:c2834]
2019-08-24 07:08:31,233 | INFO  | DNAudit | user=null | ip=null | op=WRITE_CHUNK {blockData=conID: 2 locID: 102670697178530329 bcsId: 2836} | ret=SUCCESS |  
2019-08-24 07:08:31,236 | INFO  | DNAudit | user=null | ip=null | op=WRITE_CHUNK {blockData=conID: 2 locID: 102670697178530329 bcsId: 2836} | ret=SUCCESS |  
2019-08-24 07:08:31,236 | INFO  | DNAudit | user=null | ip=null | op=WRITE_CHUNK {blockData=conID: 2 locID: 102670697178530329 bcsId: 2836} | ret=SUCCESS |  
2019-08-24 07:08:31,236 | INFO  | DNAudit | user=null | ip=null | op=WRITE_CHUNK {blockData=conID: 2 locID: 102670697178530329 bcsId: 2830} | ret=SUCCESS |  
2019-08-24 07:08:31,237 | INFO  | DNAudit | user=null | ip=null | op=WRITE_CHUNK {blockData=conID: 2 locID: 102670697178530329 bcsId: 2830} | ret=SUCCESS |  
2019-08-24 07:08:31,237 | INFO  | DNAudit | user=null | ip=null | op=PUT_BLOCK {blockData=[blockId=conID: 2 locID: 102670697178530329 bcsId: 0,size=3145728]} | ret=SUCCESS |  
2019-08-24 07:08:31,238 | INFO  | DNAudit | user=null | ip=null | op=PUT_BLOCK {blockData=[blockId=conID: 2 locID: 102670697178530329 bcsId: 0,size=3145728]} | ret=SUCCESS |  
2019-08-24 07:08:31,250 | INFO  | DNAudit | user=null | ip=null | op=WRITE_CHUNK {blockData=conID: 2 locID: 102670697178530329 bcsId: 2836} | ret=SUCCESS |  
2019-08-24 07:08:31,250 | INFO  | DNAudit | user=null | ip=null | op=PUT_BLOCK {blockData=[blockId=conID: 2 locID: 102670697178530329 bcsId: 0,size=4194304]} | ret=SUCCESS |  
2019-08-24 07:08:31,250 [grpc-default-executor-2] INFO  client.GrpcClientProtocolClient (GrpcClientProtocolClient.java:onNext(255)) - client-6EDD19400D46->06a4573b-67a1-41e3-a350-f896363bc636: receive RaftClientReply:client-6EDD19400D46->06a4573b-67a1-41e3-a350-f896363bc636@group-757E3781CD2A, cid=1944, SUCCESS, logIndex=2839, commits[06a4573b-67a1-41e3-a350-f896363bc636:c2840, 0b725bbf-683b-4664-9a2e-3c9dd6e38bc1:c2836, 9193e3b7-ae04-484d-a740-c65c11559486:c2836]
2019-08-24 07:08:31,251 [grpc-default-executor-2] INFO  client.GrpcClientProtocolClient (GrpcClientProtocolClient.java:onNext(255)) - client-6EDD19400D46->06a4573b-67a1-41e3-a350-f896363bc636: receive RaftClientReply:client-6EDD19400D46->06a4573b-67a1-41e3-a350-f896363bc636@group-757E3781CD2A, cid=1945, SUCCESS, logIndex=2840, commits[06a4573b-67a1-41e3-a350-f896363bc636:c2840, 0b725bbf-683b-4664-9a2e-3c9dd6e38bc1:c2836, 9193e3b7-ae04-484d-a740-c65c11559486:c2836]
2019-08-24 07:08:31,272 | INFO  | DNAudit | user=null | ip=null | op=WRITE_CHUNK {blockData=conID: 2 locID: 102670697178530329 bcsId: 2836} | ret=SUCCESS |  
2019-08-24 07:08:31,272 | INFO  | DNAudit | user=null | ip=null | op=WRITE_CHUNK {blockData=conID: 2 locID: 102670697178530329 bcsId: 2836} | ret=SUCCESS |  
2019-08-24 07:08:31,272 | INFO  | DNAudit | user=null | ip=null | op=PUT_BLOCK {blockData=[blockId=conID: 2 locID: 102670697178530329 bcsId: 0,size=4194304]} | ret=SUCCESS |  
2019-08-24 07:08:31,272 | INFO  | DNAudit | user=null | ip=null | op=PUT_BLOCK {blockData=[blockId=conID: 2 locID: 102670697178530329 bcsId: 0,size=4194304]} | ret=SUCCESS |  
2019-08-24 07:08:31,273 [grpc-default-executor-2] INFO  client.GrpcClientProtocolClient (GrpcClientProtocolClient.java:onNext(255)) - client-6EDD19400D46->06a4573b-67a1-41e3-a350-f896363bc636: receive RaftClientReply:client-6EDD19400D46->06a4573b-67a1-41e3-a350-f896363bc636@group-757E3781CD2A, cid=1946, SUCCESS, logIndex=0, commits[06a4573b-67a1-41e3-a350-f896363bc636:c2841, 0b725bbf-683b-4664-9a2e-3c9dd6e38bc1:c2840, 9193e3b7-ae04-484d-a740-c65c11559486:c2840]
2019-08-24 07:08:31,279 | INFO  | SCMAudit | user=jenkins1000 | ip=192.168.69.125 | op=ALLOCATE_BLOCK {owner=61bacca8-15b6-4a50-8962-5e9786b18b0d, size=4194304, type=RATIS, factor=THREE} | ret=SUCCESS |  
2019-08-24 07:08:31,283 | INFO  | OMAudit | user=jenkins1000 | ip=127.0.0.1 | op=ALLOCATE_BLOCK {volume=vol-0-26988, bucket=bucket-0-20739, key=key-0-27353, dataSize=0, replicationType=null, replicationFactor=null, keyLocationInfo=null, clientID=102670695851229586} | ret=SUCCESS |  
2019-08-24 07:08:31,292 | INFO  | DNAudit | user=null | ip=null | op=WRITE_CHUNK {blockData=conID: 3 locID: 102670697187181082 bcsId: 0} | ret=SUCCESS |  
2019-08-24 07:08:31,295 | INFO  | DNAudit | user=null | ip=null | op=WRITE_CHUNK {blockData=conID: 3 locID: 102670697187181082 bcsId: 0} | ret=SUCCESS |  
2019-08-24 07:08:31,295 | INFO  | DNAudit | user=null | ip=null | op=WRITE_CHUNK {blockData=conID: 3 locID: 102670697187181082 bcsId: 0} | ret=SUCCESS |  
2019-08-24 07:08:31,296 | INFO  | DNAudit | user=null | ip=null | op=WRITE_CHUNK {blockData=conID: 3 locID: 102670697187181082 bcsId: 0} | ret=SUCCESS |  
2019-08-24 07:08:31,299 | INFO  | DNAudit | user=null | ip=null | op=WRITE_CHUNK {blockData=conID: 3 locID: 102670697187181082 bcsId: 0} | ret=SUCCESS |  
2019-08-24 07:08:31,299 | INFO  | DNAudit | user=null | ip=null | op=WRITE_CHUNK {blockData=conID: 3 locID: 102670697187181082 bcsId: 0} | ret=SUCCESS |  
2019-08-24 07:08:31,305 | INFO  | DNAudit | user=null | ip=null | op=WRITE_CHUNK {blockData=conID: 3 locID: 102670697187181082 bcsId: 0} | ret=SUCCESS |  
2019-08-24 07:08:31,305 | INFO  | DNAudit | user=null | ip=null | op=PUT_BLOCK {blockData=[blockId=conID: 3 locID: 102670697187181082 bcsId: 0,size=1048576]} | ret=SUCCESS |  
2019-08-24 07:08:31,305 [grpc-default-executor-2] INFO  client.GrpcClientProtocolClient (GrpcClientProtocolClient.java:onNext(255)) - client-6EDD19400D46->06a4573b-67a1-41e3-a350-f896363bc636: receive RaftClientReply:client-6EDD19400D46->06a4573b-67a1-41e3-a350-f896363bc636@group-757E3781CD2A, cid=1947, SUCCESS, logIndex=2843, commits[06a4573b-67a1-41e3-a350-f896363bc636:c2844, 0b725bbf-683b-4664-9a2e-3c9dd6e38bc1:c2842, 9193e3b7-ae04-484d-a740-c65c11559486:c2842]
2019-08-24 07:08:31,306 | INFO  | DNAudit | user=null | ip=null | op=WRITE_CHUNK {blockData=conID: 3 locID: 102670697187181082 bcsId: 0} | ret=SUCCESS |  
2019-08-24 07:08:31,306 [grpc-default-executor-1] INFO  client.GrpcClientProtocolClient (GrpcClientProtocolClient.java:onNext(255)) - client-6EDD19400D46->06a4573b-67a1-41e3-a350-f896363bc636: receive RaftClientReply:client-6EDD19400D46->06a4573b-67a1-41e3-a350-f896363bc636@group-757E3781CD2A, cid=1948, SUCCESS, logIndex=2844, commits[06a4573b-67a1-41e3-a350-f896363bc636:c2845, 0b725bbf-683b-4664-9a2e-3c9dd6e38bc1:c2842, 9193e3b7-ae04-484d-a740-c65c11559486:c2842]
2019-08-24 07:08:31,306 | INFO  | DNAudit | user=null | ip=null | op=PUT_BLOCK {blockData=[blockId=conID: 3 locID: 102670697187181082 bcsId: 0,size=2097152]} | ret=SUCCESS |  
2019-08-24 07:08:31,306 [grpc-default-executor-1] INFO  client.GrpcClientProtocolClient (GrpcClientProtocolClient.java:onNext(255)) - client-6EDD19400D46->06a4573b-67a1-41e3-a350-f896363bc636: receive RaftClientReply:client-6EDD19400D46->06a4573b-67a1-41e3-a350-f896363bc636@group-757E3781CD2A, cid=1949, SUCCESS, logIndex=2845, commits[06a4573b-67a1-41e3-a350-f896363bc636:c2846, 0b725bbf-683b-4664-9a2e-3c9dd6e38bc1:c2842, 9193e3b7-ae04-484d-a740-c65c11559486:c2842]
2019-08-24 07:08:31,307 [grpc-default-executor-1] INFO  client.GrpcClientProtocolClient (GrpcClientProtocolClient.java:onNext(255)) - client-6EDD19400D46->06a4573b-67a1-41e3-a350-f896363bc636: receive RaftClientReply:client-6EDD19400D46->06a4573b-67a1-41e3-a350-f896363bc636@group-757E3781CD2A, cid=1950, SUCCESS, logIndex=2846, commits[06a4573b-67a1-41e3-a350-f896363bc636:c2846, 0b725bbf-683b-4664-9a2e-3c9dd6e38bc1:c2842, 9193e3b7-ae04-484d-a740-c65c11559486:c2842]
2019-08-24 07:08:31,319 | INFO  | DNAudit | user=null | ip=null | op=WRITE_CHUNK {blockData=conID: 3 locID: 102670697187181082 bcsId: 0} | ret=SUCCESS |  
2019-08-24 07:08:31,319 | INFO  | DNAudit | user=null | ip=null | op=PUT_BLOCK {blockData=[blockId=conID: 3 locID: 102670697187181082 bcsId: 0,size=1048576]} | ret=SUCCESS |  
2019-08-24 07:08:31,319 | INFO  | DNAudit | user=null | ip=null | op=WRITE_CHUNK {blockData=conID: 3 locID: 102670697187181082 bcsId: 0} | ret=SUCCESS |  
2019-08-24 07:08:31,320 | INFO  | DNAudit | user=null | ip=null | op=PUT_BLOCK {blockData=[blockId=conID: 3 locID: 102670697187181082 bcsId: 0,size=1048576]} | ret=SUCCESS |  
2019-08-24 07:08:31,320 | INFO  | DNAudit | user=null | ip=null | op=WRITE_CHUNK {blockData=conID: 3 locID: 102670697187181082 bcsId: 0} | ret=SUCCESS |  
2019-08-24 07:08:31,320 | INFO  | DNAudit | user=null | ip=null | op=WRITE_CHUNK {blockData=conID: 3 locID: 102670697187181082 bcsId: 0} | ret=SUCCESS |  
2019-08-24 07:08:31,320 | INFO  | DNAudit | user=null | ip=null | op=PUT_BLOCK {blockData=[blockId=conID: 3 locID: 102670697187181082 bcsId: 0,size=2097152]} | ret=SUCCESS |  
2019-08-24 07:08:31,320 | INFO  | DNAudit | user=null | ip=null | op=PUT_BLOCK {blockData=[blockId=conID: 3 locID: 102670697187181082 bcsId: 0,size=2097152]} | ret=SUCCESS |  
2019-08-24 07:08:31,320 [grpc-default-executor-1] INFO  client.GrpcClientProtocolClient (GrpcClientProtocolClient.java:onNext(255)) - client-6EDD19400D46->06a4573b-67a1-41e3-a350-f896363bc636: receive RaftClientReply:client-6EDD19400D46->06a4573b-67a1-41e3-a350-f896363bc636@group-757E3781CD2A, cid=1951, SUCCESS, logIndex=0, commits[06a4573b-67a1-41e3-a350-f896363bc636:c2848, 0b725bbf-683b-4664-9a2e-3c9dd6e38bc1:c2844, 9193e3b7-ae04-484d-a740-c65c11559486:c2844]
2019-08-24 07:08:31,328 | INFO  | DNAudit | user=null | ip=null | op=WRITE_CHUNK {blockData=conID: 3 locID: 102670697187181082 bcsId: 2846} | ret=SUCCESS |  
2019-08-24 07:08:31,332 | INFO  | DNAudit | user=null | ip=null | op=WRITE_CHUNK {blockData=conID: 3 locID: 102670697187181082 bcsId: 2846} | ret=SUCCESS |  
2019-08-24 07:08:31,332 | INFO  | DNAudit | user=null | ip=null | op=WRITE_CHUNK {blockData=conID: 3 locID: 102670697187181082 bcsId: 2846} | ret=SUCCESS |  
2019-08-24 07:08:31,342 | INFO  | DNAudit | user=null | ip=null | op=WRITE_CHUNK {blockData=conID: 3 locID: 102670697187181082 bcsId: 2846} | ret=SUCCESS |  
2019-08-24 07:08:31,343 | INFO  | DNAudit | user=null | ip=null | op=PUT_BLOCK {blockData=[blockId=conID: 3 locID: 102670697187181082 bcsId: 0,size=3145728]} | ret=SUCCESS |  
2019-08-24 07:08:31,343 [grpc-default-executor-1] INFO  client.GrpcClientProtocolClient (GrpcClientProtocolClient.java:onNext(255)) - client-6EDD19400D46->06a4573b-67a1-41e3-a350-f896363bc636: receive RaftClientReply:client-6EDD19400D46->06a4573b-67a1-41e3-a350-f896363bc636@group-757E3781CD2A, cid=1952, SUCCESS, logIndex=2851, commits[06a4573b-67a1-41e3-a350-f896363bc636:c2852, 0b725bbf-683b-4664-9a2e-3c9dd6e38bc1:c2850, 9193e3b7-ae04-484d-a740-c65c11559486:c2846]
2019-08-24 07:08:31,344 [grpc-default-executor-1] INFO  client.GrpcClientProtocolClient (GrpcClientProtocolClient.java:onNext(255)) - client-6EDD19400D46->06a4573b-67a1-41e3-a350-f896363bc636: receive RaftClientReply:client-6EDD19400D46->06a4573b-67a1-41e3-a350-f896363bc636@group-757E3781CD2A, cid=1953, SUCCESS, logIndex=2852, commits[06a4573b-67a1-41e3-a350-f896363bc636:c2852, 0b725bbf-683b-4664-9a2e-3c9dd6e38bc1:c2850, 9193e3b7-ae04-484d-a740-c65c11559486:c2850]
2019-08-24 07:08:31,353 | INFO  | DNAudit | user=null | ip=null | op=WRITE_CHUNK {blockData=conID: 3 locID: 102670697187181082 bcsId: 2852} | ret=SUCCESS |  
2019-08-24 07:08:31,354 | INFO  | DNAudit | user=null | ip=null | op=WRITE_CHUNK {blockData=conID: 3 locID: 102670697187181082 bcsId: 2846} | ret=SUCCESS |  
2019-08-24 07:08:31,354 | INFO  | DNAudit | user=null | ip=null | op=WRITE_CHUNK {blockData=conID: 3 locID: 102670697187181082 bcsId: 2846} | ret=SUCCESS |  
2019-08-24 07:08:31,355 | INFO  | DNAudit | user=null | ip=null | op=PUT_BLOCK {blockData=[blockId=conID: 3 locID: 102670697187181082 bcsId: 0,size=3145728]} | ret=SUCCESS |  
2019-08-24 07:08:31,355 | INFO  | DNAudit | user=null | ip=null | op=PUT_BLOCK {blockData=[blockId=conID: 3 locID: 102670697187181082 bcsId: 0,size=3145728]} | ret=SUCCESS |  
2019-08-24 07:08:31,357 | INFO  | DNAudit | user=null | ip=null | op=WRITE_CHUNK {blockData=conID: 3 locID: 102670697187181082 bcsId: 2852} | ret=SUCCESS |  
2019-08-24 07:08:31,357 | INFO  | DNAudit | user=null | ip=null | op=WRITE_CHUNK {blockData=conID: 3 locID: 102670697187181082 bcsId: 2852} | ret=SUCCESS |  
 0.00% |█                                                                                                    |  0/1 Time: 0:00:202019-08-24 07:08:31,369 | INFO  | DNAudit | user=null | ip=null | op=WRITE_CHUNK {blockData=conID: 3 locID: 102670697187181082 bcsId: 2852} | ret=SUCCESS |  
2019-08-24 07:08:31,369 | INFO  | DNAudit | user=null | ip=null | op=PUT_BLOCK {blockData=[blockId=conID: 3 locID: 102670697187181082 bcsId: 0,size=4194304]} | ret=SUCCESS |  
2019-08-24 07:08:31,369 [grpc-default-executor-2] INFO  client.GrpcClientProtocolClient (GrpcClientProtocolClient.java:onNext(255)) - client-6EDD19400D46->06a4573b-67a1-41e3-a350-f896363bc636: receive RaftClientReply:client-6EDD19400D46->06a4573b-67a1-41e3-a350-f896363bc636@group-757E3781CD2A, cid=1954, SUCCESS, logIndex=2855, commits[06a4573b-67a1-41e3-a350-f896363bc636:c2856, 0b725bbf-683b-4664-9a2e-3c9dd6e38bc1:c2852, 9193e3b7-ae04-484d-a740-c65c11559486:c2852]
2019-08-24 07:08:31,370 [grpc-default-executor-2] INFO  client.GrpcClientProtocolClient (GrpcClientProtocolClient.java:onNext(255)) - client-6EDD19400D46->06a4573b-67a1-41e3-a350-f896363bc636: receive RaftClientReply:client-6EDD19400D46->06a4573b-67a1-41e3-a350-f896363bc636@group-757E3781CD2A, cid=1955, SUCCESS, logIndex=2856, commits[06a4573b-67a1-41e3-a350-f896363bc636:c2856, 0b725bbf-683b-4664-9a2e-3c9dd6e38bc1:c2852, 9193e3b7-ae04-484d-a740-c65c11559486:c2852]
2019-08-24 07:08:31,381 | INFO  | DNAudit | user=null | ip=null | op=WRITE_CHUNK {blockData=conID: 3 locID: 102670697187181082 bcsId: 2852} | ret=SUCCESS |  
2019-08-24 07:08:31,381 | INFO  | DNAudit | user=null | ip=null | op=WRITE_CHUNK {blockData=conID: 3 locID: 102670697187181082 bcsId: 2852} | ret=SUCCESS |  
2019-08-24 07:08:31,382 | INFO  | DNAudit | user=null | ip=null | op=PUT_BLOCK {blockData=[blockId=conID: 3 locID: 102670697187181082 bcsId: 0,size=4194304]} | ret=SUCCESS |  
2019-08-24 07:08:31,382 | INFO  | DNAudit | user=null | ip=null | op=PUT_BLOCK {blockData=[blockId=conID: 3 locID: 102670697187181082 bcsId: 0,size=4194304]} | ret=SUCCESS |  
2019-08-24 07:08:31,382 [grpc-default-executor-1] INFO  client.GrpcClientProtocolClient (GrpcClientProtocolClient.java:onNext(255)) - client-6EDD19400D46->06a4573b-67a1-41e3-a350-f896363bc636: receive RaftClientReply:client-6EDD19400D46->06a4573b-67a1-41e3-a350-f896363bc636@group-757E3781CD2A, cid=1956, SUCCESS, logIndex=0, commits[06a4573b-67a1-41e3-a350-f896363bc636:c2857, 0b725bbf-683b-4664-9a2e-3c9dd6e38bc1:c2856, 9193e3b7-ae04-484d-a740-c65c11559486:c2856]
2019-08-24 07:08:31,388 | INFO  | SCMAudit | user=jenkins1000 | ip=192.168.69.125 | op=ALLOCATE_BLOCK {owner=61bacca8-15b6-4a50-8962-5e9786b18b0d, size=4194304, type=RATIS, factor=THREE} | ret=SUCCESS |  
2019-08-24 07:08:31,391 | INFO  | OMAudit | user=jenkins1000 | ip=127.0.0.1 | op=ALLOCATE_BLOCK {volume=vol-0-26988, bucket=bucket-0-20739, key=key-0-27353, dataSize=0, replicationType=null, replicationFactor=null, keyLocationInfo=null, clientID=102670695851229586} | ret=SUCCESS |  
2019-08-24 07:08:31,398 | INFO  | DNAudit | user=null | ip=null | op=WRITE_CHUNK {blockData=conID: 1 locID: 102670697194324507 bcsId: 0} | ret=SUCCESS |  
2019-08-24 07:08:31,401 | INFO  | DNAudit | user=null | ip=null | op=WRITE_CHUNK {blockData=conID: 1 locID: 102670697194324507 bcsId: 0} | ret=SUCCESS |  
2019-08-24 07:08:31,401 | INFO  | DNAudit | user=null | ip=null | op=WRITE_CHUNK {blockData=conID: 1 locID: 102670697194324507 bcsId: 0} | ret=SUCCESS |  
2019-08-24 07:08:31,401 | INFO  | DNAudit | user=null | ip=null | op=WRITE_CHUNK {blockData=conID: 1 locID: 102670697194324507 bcsId: 0} | ret=SUCCESS |  
2019-08-24 07:08:31,403 | INFO  | DNAudit | user=null | ip=null | op=WRITE_CHUNK {blockData=conID: 1 locID: 102670697194324507 bcsId: 0} | ret=SUCCESS |  
2019-08-24 07:08:31,403 | INFO  | DNAudit | user=null | ip=null | op=WRITE_CHUNK {blockData=conID: 1 locID: 102670697194324507 bcsId: 0} | ret=SUCCESS |  
2019-08-24 07:08:31,413 | INFO  | DNAudit | user=null | ip=null | op=WRITE_CHUNK {blockData=conID: 1 locID: 102670697194324507 bcsId: 0} | ret=SUCCESS |  
2019-08-24 07:08:31,413 | INFO  | DNAudit | user=null | ip=null | op=PUT_BLOCK {blockData=[blockId=conID: 1 locID: 102670697194324507 bcsId: 0,size=1048576]} | ret=SUCCESS |  
2019-08-24 07:08:31,413 [grpc-default-executor-5] INFO  client.GrpcClientProtocolClient (GrpcClientProtocolClient.java:onNext(255)) - client-6EDD19400D46->06a4573b-67a1-41e3-a350-f896363bc636: receive RaftClientReply:client-6EDD19400D46->06a4573b-67a1-41e3-a350-f896363bc636@group-757E3781CD2A, cid=1957, SUCCESS, logIndex=2859, commits[06a4573b-67a1-41e3-a350-f896363bc636:c2860, 0b725bbf-683b-4664-9a2e-3c9dd6e38bc1:c2858, 9193e3b7-ae04-484d-a740-c65c11559486:c2858]
2019-08-24 07:08:31,414 [grpc-default-executor-5] INFO  client.GrpcClientProtocolClient (GrpcClientProtocolClient.java:onNext(255)) - client-6EDD19400D46->06a4573b-67a1-41e3-a350-f896363bc636: receive RaftClientReply:client-6EDD19400D46->06a4573b-67a1-41e3-a350-f896363bc636@group-757E3781CD2A, cid=1958, SUCCESS, logIndex=2860, commits[06a4573b-67a1-41e3-a350-f896363bc636:c2860, 0b725bbf-683b-4664-9a2e-3c9dd6e38bc1:c2858, 9193e3b7-ae04-484d-a740-c65c11559486:c2858]
2019-08-24 07:08:31,423 | INFO  | DNAudit | user=null | ip=null | op=WRITE_CHUNK {blockData=conID: 1 locID: 102670697194324507 bcsId: 0} | ret=SUCCESS |  
2019-08-24 07:08:31,424 | INFO  | DNAudit | user=null | ip=null | op=PUT_BLOCK {blockData=[blockId=conID: 1 locID: 102670697194324507 bcsId: 0,size=2097152]} | ret=SUCCESS |  
2019-08-24 07:08:31,424 | INFO  | DNAudit | user=null | ip=null | op=WRITE_CHUNK {blockData=conID: 1 locID: 102670697194324507 bcsId: 0} | ret=SUCCESS |  
2019-08-24 07:08:31,424 [grpc-default-executor-5] INFO  client.GrpcClientProtocolClient (GrpcClientProtocolClient.java:onNext(255)) - client-6EDD19400D46->06a4573b-67a1-41e3-a350-f896363bc636: receive RaftClientReply:client-6EDD19400D46->06a4573b-67a1-41e3-a350-f896363bc636@group-757E3781CD2A, cid=1959, SUCCESS, logIndex=2861, commits[06a4573b-67a1-41e3-a350-f896363bc636:c2862, 0b725bbf-683b-4664-9a2e-3c9dd6e38bc1:c2858, 9193e3b7-ae04-484d-a740-c65c11559486:c2858]
2019-08-24 07:08:31,424 [grpc-default-executor-5] INFO  client.GrpcClientProtocolClient (GrpcClientProtocolClient.java:onNext(255)) - client-6EDD19400D46->06a4573b-67a1-41e3-a350-f896363bc636: receive RaftClientReply:client-6EDD19400D46->06a4573b-67a1-41e3-a350-f896363bc636@group-757E3781CD2A, cid=1960, SUCCESS, logIndex=2862, commits[06a4573b-67a1-41e3-a350-f896363bc636:c2862, 0b725bbf-683b-4664-9a2e-3c9dd6e38bc1:c2859, 9193e3b7-ae04-484d-a740-c65c11559486:c2858]
2019-08-24 07:08:31,427 | INFO  | DNAudit | user=null | ip=null | op=WRITE_CHUNK {blockData=conID: 1 locID: 102670697194324507 bcsId: 0} | ret=SUCCESS |  
2019-08-24 07:08:31,427 | INFO  | DNAudit | user=null | ip=null | op=PUT_BLOCK {blockData=[blockId=conID: 1 locID: 102670697194324507 bcsId: 0,size=1048576]} | ret=SUCCESS |  
2019-08-24 07:08:31,427 | INFO  | DNAudit | user=null | ip=null | op=PUT_BLOCK {blockData=[blockId=conID: 1 locID: 102670697194324507 bcsId: 0,size=1048576]} | ret=SUCCESS |  
2019-08-24 07:08:31,427 | INFO  | DNAudit | user=null | ip=null | op=WRITE_CHUNK {blockData=conID: 1 locID: 102670697194324507 bcsId: 0} | ret=SUCCESS |  
2019-08-24 07:08:31,427 | INFO  | DNAudit | user=null | ip=null | op=PUT_BLOCK {blockData=[blockId=conID: 1 locID: 102670697194324507 bcsId: 0,size=2097152]} | ret=SUCCESS |  
2019-08-24 07:08:31,427 | INFO  | DNAudit | user=null | ip=null | op=WRITE_CHUNK {blockData=conID: 1 locID: 102670697194324507 bcsId: 0} | ret=SUCCESS |  
2019-08-24 07:08:31,427 [grpc-default-executor-2] INFO  client.GrpcClientProtocolClient (GrpcClientProtocolClient.java:onNext(255)) - client-6EDD19400D46->06a4573b-67a1-41e3-a350-f896363bc636: receive RaftClientReply:client-6EDD19400D46->06a4573b-67a1-41e3-a350-f896363bc636@group-757E3781CD2A, cid=1961, SUCCESS, logIndex=0, commits[06a4573b-67a1-41e3-a350-f896363bc636:c2864, 0b725bbf-683b-4664-9a2e-3c9dd6e38bc1:c2862, 9193e3b7-ae04-484d-a740-c65c11559486:c2860]
2019-08-24 07:08:31,427 | INFO  | DNAudit | user=null | ip=null | op=PUT_BLOCK {blockData=[blockId=conID: 1 locID: 102670697194324507 bcsId: 0,size=2097152]} | ret=SUCCESS |  
2019-08-24 07:08:31,430 | INFO  | SCMAudit | user=jenkins1000 | ip=192.168.69.125 | op=SEND_HEARTBEAT {datanodeUUID=0b725bbf-683b-4664-9a2e-3c9dd6e38bc1, command=[]} | ret=SUCCESS |  
2019-08-24 07:08:31,430 | INFO  | SCMAudit | user=jenkins1000 | ip=192.168.69.125 | op=SEND_HEARTBEAT {datanodeUUID=25ce0803-6f34-4c69-82c0-892f08679042, command=[]} | ret=SUCCESS |  
2019-08-24 07:08:31,430 | INFO  | SCMAudit | user=jenkins1000 | ip=192.168.69.125 | op=SEND_HEARTBEAT {datanodeUUID=9193e3b7-ae04-484d-a740-c65c11559486, command=[]} | ret=SUCCESS |  
2019-08-24 07:08:31,430 | INFO  | SCMAudit | user=jenkins1000 | ip=192.168.69.125 | op=SEND_HEARTBEAT {datanodeUUID=06a4573b-67a1-41e3-a350-f896363bc636, command=[]} | ret=SUCCESS |  
2019-08-24 07:08:31,433 | INFO  | DNAudit | user=null | ip=null | op=WRITE_CHUNK {blockData=conID: 1 locID: 102670697194324507 bcsId: 2862} | ret=SUCCESS |  
2019-08-24 07:08:31,436 | INFO  | DNAudit | user=null | ip=null | op=WRITE_CHUNK {blockData=conID: 1 locID: 102670697194324507 bcsId: 2862} | ret=SUCCESS |  
2019-08-24 07:08:31,437 | INFO  | DNAudit | user=null | ip=null | op=WRITE_CHUNK {blockData=conID: 1 locID: 102670697194324507 bcsId: 2862} | ret=SUCCESS |  
2019-08-24 07:08:31,451 | INFO  | DNAudit | user=null | ip=null | op=WRITE_CHUNK {blockData=conID: 1 locID: 102670697194324507 bcsId: 2862} | ret=SUCCESS |  
2019-08-24 07:08:31,451 | INFO  | DNAudit | user=null | ip=null | op=PUT_BLOCK {blockData=[blockId=conID: 1 locID: 102670697194324507 bcsId: 0,size=3145728]} | ret=SUCCESS |  
2019-08-24 07:08:31,451 [grpc-default-executor-5] INFO  client.GrpcClientProtocolClient (GrpcClientProtocolClient.java:onNext(255)) - client-6EDD19400D46->06a4573b-67a1-41e3-a350-f896363bc636: receive RaftClientReply:client-6EDD19400D46->06a4573b-67a1-41e3-a350-f896363bc636@group-757E3781CD2A, cid=1962, SUCCESS, logIndex=2866, commits[06a4573b-67a1-41e3-a350-f896363bc636:c2867, 0b725bbf-683b-4664-9a2e-3c9dd6e38bc1:c2864, 9193e3b7-ae04-484d-a740-c65c11559486:c2864]
2019-08-24 07:08:31,452 [grpc-default-executor-5] INFO  client.GrpcClientProtocolClient (GrpcClientProtocolClient.java:onNext(255)) - client-6EDD19400D46->06a4573b-67a1-41e3-a350-f896363bc636: receive RaftClientReply:client-6EDD19400D46->06a4573b-67a1-41e3-a350-f896363bc636@group-757E3781CD2A, cid=1963, SUCCESS, logIndex=2867, commits[06a4573b-67a1-41e3-a350-f896363bc636:c2867, 0b725bbf-683b-4664-9a2e-3c9dd6e38bc1:c2864, 9193e3b7-ae04-484d-a740-c65c11559486:c2864]
2019-08-24 07:08:31,457 | INFO  | DNAudit | user=null | ip=null | op=WRITE_CHUNK {blockData=conID: 1 locID: 102670697194324507 bcsId: 2867} | ret=SUCCESS |  
2019-08-24 07:08:31,460 | INFO  | DNAudit | user=null | ip=null | op=WRITE_CHUNK {blockData=conID: 1 locID: 102670697194324507 bcsId: 2867} | ret=SUCCESS |  
2019-08-24 07:08:31,460 | INFO  | DNAudit | user=null | ip=null | op=WRITE_CHUNK {blockData=conID: 1 locID: 102670697194324507 bcsId: 2867} | ret=SUCCESS |  
2019-08-24 07:08:31,479 | INFO  | DNAudit | user=null | ip=null | op=WRITE_CHUNK {blockData=conID: 1 locID: 102670697194324507 bcsId: 2862} | ret=SUCCESS |  
2019-08-24 07:08:31,479 | INFO  | DNAudit | user=null | ip=null | op=WRITE_CHUNK {blockData=conID: 1 locID: 102670697194324507 bcsId: 2862} | ret=SUCCESS |  
2019-08-24 07:08:31,479 | INFO  | DNAudit | user=null | ip=null | op=WRITE_CHUNK {blockData=conID: 1 locID: 102670697194324507 bcsId: 2867} | ret=SUCCESS |  
2019-08-24 07:08:31,479 | INFO  | DNAudit | user=null | ip=null | op=PUT_BLOCK {blockData=[blockId=conID: 1 locID: 102670697194324507 bcsId: 0,size=3145728]} | ret=SUCCESS |  
2019-08-24 07:08:31,479 | INFO  | DNAudit | user=null | ip=null | op=PUT_BLOCK {blockData=[blockId=conID: 1 locID: 102670697194324507 bcsId: 0,size=3145728]} | ret=SUCCESS |  
2019-08-24 07:08:31,479 | INFO  | DNAudit | user=null | ip=null | op=PUT_BLOCK {blockData=[blockId=conID: 1 locID: 102670697194324507 bcsId: 0,size=4194304]} | ret=SUCCESS |  
2019-08-24 07:08:31,480 [grpc-default-executor-2] INFO  client.GrpcClientProtocolClient (GrpcClientProtocolClient.java:onNext(255)) - client-6EDD19400D46->06a4573b-67a1-41e3-a350-f896363bc636: receive RaftClientReply:client-6EDD19400D46->06a4573b-67a1-41e3-a350-f896363bc636@group-757E3781CD2A, cid=1964, SUCCESS, logIndex=2870, commits[06a4573b-67a1-41e3-a350-f896363bc636:c2871, 0b725bbf-683b-4664-9a2e-3c9dd6e38bc1:c2867, 9193e3b7-ae04-484d-a740-c65c11559486:c2867]
2019-08-24 07:08:31,480 [grpc-default-executor-2] INFO  client.GrpcClientProtocolClient (GrpcClientProtocolClient.java:onNext(255)) - client-6EDD19400D46->06a4573b-67a1-41e3-a350-f896363bc636: receive RaftClientReply:client-6EDD19400D46->06a4573b-67a1-41e3-a350-f896363bc636@group-757E3781CD2A, cid=1965, SUCCESS, logIndex=2871, commits[06a4573b-67a1-41e3-a350-f896363bc636:c2871, 0b725bbf-683b-4664-9a2e-3c9dd6e38bc1:c2867, 9193e3b7-ae04-484d-a740-c65c11559486:c2867]
2019-08-24 07:08:31,492 | INFO  | DNAudit | user=null | ip=null | op=WRITE_CHUNK {blockData=conID: 1 locID: 102670697194324507 bcsId: 2867} | ret=SUCCESS |  
2019-08-24 07:08:31,492 | INFO  | DNAudit | user=null | ip=null | op=WRITE_CHUNK {blockData=conID: 1 locID: 102670697194324507 bcsId: 2867} | ret=SUCCESS |  
2019-08-24 07:08:31,505 | INFO  | DNAudit | user=null | ip=null | op=PUT_BLOCK {blockData=[blockId=conID: 1 locID: 102670697194324507 bcsId: 0,size=4194304]} | ret=SUCCESS |  
2019-08-24 07:08:31,505 | INFO  | DNAudit | user=null | ip=null | op=PUT_BLOCK {blockData=[blockId=conID: 1 locID: 102670697194324507 bcsId: 0,size=4194304]} | ret=SUCCESS |  
2019-08-24 07:08:31,506 [grpc-default-executor-2] INFO  client.GrpcClientProtocolClient (GrpcClientProtocolClient.java:onNext(255)) - client-6EDD19400D46->06a4573b-67a1-41e3-a350-f896363bc636: receive RaftClientReply:client-6EDD19400D46->06a4573b-67a1-41e3-a350-f896363bc636@group-757E3781CD2A, cid=1966, SUCCESS, logIndex=0, commits[06a4573b-67a1-41e3-a350-f896363bc636:c2873, 0b725bbf-683b-4664-9a2e-3c9dd6e38bc1:c2871, 9193e3b7-ae04-484d-a740-c65c11559486:c2871]
2019-08-24 07:08:31,512 | INFO  | SCMAudit | user=jenkins1000 | ip=192.168.69.125 | op=ALLOCATE_BLOCK {owner=61bacca8-15b6-4a50-8962-5e9786b18b0d, size=4194304, type=RATIS, factor=THREE} | ret=SUCCESS |  
2019-08-24 07:08:31,515 | INFO  | OMAudit | user=jenkins1000 | ip=127.0.0.1 | op=ALLOCATE_BLOCK {volume=vol-0-26988, bucket=bucket-0-20739, key=key-0-27353, dataSize=0, replicationType=null, replicationFactor=null, keyLocationInfo=null, clientID=102670695851229586} | ret=SUCCESS |  
2019-08-24 07:08:31,524 | INFO  | DNAudit | user=null | ip=null | op=WRITE_CHUNK {blockData=conID: 2 locID: 102670697202450972 bcsId: 0} | ret=SUCCESS |  
2019-08-24 07:08:31,527 | INFO  | DNAudit | user=null | ip=null | op=WRITE_CHUNK {blockData=conID: 2 locID: 102670697202450972 bcsId: 0} | ret=SUCCESS |  
2019-08-24 07:08:31,528 | INFO  | DNAudit | user=null | ip=null | op=WRITE_CHUNK {blockData=conID: 2 locID: 102670697202450972 bcsId: 0} | ret=SUCCESS |  
2019-08-24 07:08:31,528 | INFO  | DNAudit | user=null | ip=null | op=WRITE_CHUNK {blockData=conID: 2 locID: 102670697202450972 bcsId: 0} | ret=SUCCESS |  
2019-08-24 07:08:31,529 | INFO  | DNAudit | user=null | ip=null | op=WRITE_CHUNK {blockData=conID: 2 locID: 102670697202450972 bcsId: 0} | ret=SUCCESS |  
2019-08-24 07:08:31,530 | INFO  | DNAudit | user=null | ip=null | op=WRITE_CHUNK {blockData=conID: 2 locID: 102670697202450972 bcsId: 0} | ret=SUCCESS |  
2019-08-24 07:08:31,541 | INFO  | DNAudit | user=null | ip=null | op=WRITE_CHUNK {blockData=conID: 2 locID: 102670697202450972 bcsId: 0} | ret=SUCCESS |  
2019-08-24 07:08:31,541 | INFO  | DNAudit | user=null | ip=null | op=PUT_BLOCK {blockData=[blockId=conID: 2 locID: 102670697202450972 bcsId: 0,size=1048576]} | ret=SUCCESS |  
2019-08-24 07:08:31,542 | INFO  | DNAudit | user=null | ip=null | op=WRITE_CHUNK {blockData=conID: 2 locID: 102670697202450972 bcsId: 0} | ret=SUCCESS |  
2019-08-24 07:08:31,542 | INFO  | DNAudit | user=null | ip=null | op=PUT_BLOCK {blockData=[blockId=conID: 2 locID: 102670697202450972 bcsId: 0,size=2097152]} | ret=SUCCESS |  
2019-08-24 07:08:31,542 [grpc-default-executor-5] INFO  client.GrpcClientProtocolClient (GrpcClientProtocolClient.java:onNext(255)) - client-6EDD19400D46->06a4573b-67a1-41e3-a350-f896363bc636: receive RaftClientReply:client-6EDD19400D46->06a4573b-67a1-41e3-a350-f896363bc636@group-757E3781CD2A, cid=1967, SUCCESS, logIndex=2874, commits[06a4573b-67a1-41e3-a350-f896363bc636:c2877, 0b725bbf-683b-4664-9a2e-3c9dd6e38bc1:c2873, 9193e3b7-ae04-484d-a740-c65c11559486:c2873]
2019-08-24 07:08:31,543 [grpc-default-executor-5] INFO  client.GrpcClientProtocolClient (GrpcClientProtocolClient.java:onNext(255)) - client-6EDD19400D46->06a4573b-67a1-41e3-a350-f896363bc636: receive RaftClientReply:client-6EDD19400D46->06a4573b-67a1-41e3-a350-f896363bc636@group-757E3781CD2A, cid=1968, SUCCESS, logIndex=2875, commits[06a4573b-67a1-41e3-a350-f896363bc636:c2877, 0b725bbf-683b-4664-9a2e-3c9dd6e38bc1:c2873, 9193e3b7-ae04-484d-a740-c65c11559486:c2873]
2019-08-24 07:08:31,543 [grpc-default-executor-5] INFO  client.GrpcClientProtocolClient (GrpcClientProtocolClient.java:onNext(255)) - client-6EDD19400D46->06a4573b-67a1-41e3-a350-f896363bc636: receive RaftClientReply:client-6EDD19400D46->06a4573b-67a1-41e3-a350-f896363bc636@group-757E3781CD2A, cid=1969, SUCCESS, logIndex=2876, commits[06a4573b-67a1-41e3-a350-f896363bc636:c2877, 0b725bbf-683b-4664-9a2e-3c9dd6e38bc1:c2873, 9193e3b7-ae04-484d-a740-c65c11559486:c2873]
2019-08-24 07:08:31,544 [grpc-default-executor-5] INFO  client.GrpcClientProtocolClient (GrpcClientProtocolClient.java:onNext(255)) - client-6EDD19400D46->06a4573b-67a1-41e3-a350-f896363bc636: receive RaftClientReply:client-6EDD19400D46->06a4573b-67a1-41e3-a350-f896363bc636@group-757E3781CD2A, cid=1970, SUCCESS, logIndex=2877, commits[06a4573b-67a1-41e3-a350-f896363bc636:c2877, 0b725bbf-683b-4664-9a2e-3c9dd6e38bc1:c2873, 9193e3b7-ae04-484d-a740-c65c11559486:c2873]
2019-08-24 07:08:31,553 | INFO  | DNAudit | user=null | ip=null | op=WRITE_CHUNK {blockData=conID: 2 locID: 102670697202450972 bcsId: 0} | ret=SUCCESS |  
2019-08-24 07:08:31,553 | INFO  | DNAudit | user=null | ip=null | op=WRITE_CHUNK {blockData=conID: 2 locID: 102670697202450972 bcsId: 0} | ret=SUCCESS |  
2019-08-24 07:08:31,553 | INFO  | DNAudit | user=null | ip=null | op=PUT_BLOCK {blockData=[blockId=conID: 2 locID: 102670697202450972 bcsId: 0,size=1048576]} | ret=SUCCESS |  
2019-08-24 07:08:31,553 | INFO  | DNAudit | user=null | ip=null | op=WRITE_CHUNK {blockData=conID: 2 locID: 102670697202450972 bcsId: 0} | ret=SUCCESS |  
2019-08-24 07:08:31,553 | INFO  | DNAudit | user=null | ip=null | op=PUT_BLOCK {blockData=[blockId=conID: 2 locID: 102670697202450972 bcsId: 0,size=2097152]} | ret=SUCCESS |  
2019-08-24 07:08:31,554 | INFO  | DNAudit | user=null | ip=null | op=PUT_BLOCK {blockData=[blockId=conID: 2 locID: 102670697202450972 bcsId: 0,size=1048576]} | ret=SUCCESS |  
2019-08-24 07:08:31,554 | INFO  | DNAudit | user=null | ip=null | op=WRITE_CHUNK {blockData=conID: 2 locID: 102670697202450972 bcsId: 0} | ret=SUCCESS |  
2019-08-24 07:08:31,554 | INFO  | DNAudit | user=null | ip=null | op=PUT_BLOCK {blockData=[blockId=conID: 2 locID: 102670697202450972 bcsId: 0,size=2097152]} | ret=SUCCESS |  
2019-08-24 07:08:31,554 [grpc-default-executor-5] INFO  client.GrpcClientProtocolClient (GrpcClientProtocolClient.java:onNext(255)) - client-6EDD19400D46->06a4573b-67a1-41e3-a350-f896363bc636: receive RaftClientReply:client-6EDD19400D46->06a4573b-67a1-41e3-a350-f896363bc636@group-757E3781CD2A, cid=1971, SUCCESS, logIndex=0, commits[06a4573b-67a1-41e3-a350-f896363bc636:c2879, 0b725bbf-683b-4664-9a2e-3c9dd6e38bc1:c2877, 9193e3b7-ae04-484d-a740-c65c11559486:c2877]
2019-08-24 07:08:31,561 | INFO  | DNAudit | user=null | ip=null | op=WRITE_CHUNK {blockData=conID: 2 locID: 102670697202450972 bcsId: 2877} | ret=SUCCESS |  
2019-08-24 07:08:31,563 | INFO  | DNAudit | user=null | ip=null | op=WRITE_CHUNK {blockData=conID: 2 locID: 102670697202450972 bcsId: 2877} | ret=SUCCESS |  
2019-08-24 07:08:31,563 | INFO  | DNAudit | user=null | ip=null | op=WRITE_CHUNK {blockData=conID: 2 locID: 102670697202450972 bcsId: 2877} | ret=SUCCESS |  
2019-08-24 07:08:31,575 | INFO  | DNAudit | user=null | ip=null | op=WRITE_CHUNK {blockData=conID: 2 locID: 102670697202450972 bcsId: 2877} | ret=SUCCESS |  
2019-08-24 07:08:31,575 | INFO  | DNAudit | user=null | ip=null | op=PUT_BLOCK {blockData=[blockId=conID: 2 locID: 102670697202450972 bcsId: 0,size=3145728]} | ret=SUCCESS |  
2019-08-24 07:08:31,575 [grpc-default-executor-1] INFO  client.GrpcClientProtocolClient (GrpcClientProtocolClient.java:onNext(255)) - client-6EDD19400D46->06a4573b-67a1-41e3-a350-f896363bc636: receive RaftClientReply:client-6EDD19400D46->06a4573b-67a1-41e3-a350-f896363bc636@group-757E3781CD2A, cid=1972, SUCCESS, logIndex=2880, commits[06a4573b-67a1-41e3-a350-f896363bc636:c2881, 0b725bbf-683b-4664-9a2e-3c9dd6e38bc1:c2879, 9193e3b7-ae04-484d-a740-c65c11559486:c2879]
2019-08-24 07:08:31,576 [grpc-default-executor-1] INFO  client.GrpcClientProtocolClient (GrpcClientProtocolClient.java:onNext(255)) - client-6EDD19400D46->06a4573b-67a1-41e3-a350-f896363bc636: receive RaftClientReply:client-6EDD19400D46->06a4573b-67a1-41e3-a350-f896363bc636@group-757E3781CD2A, cid=1973, SUCCESS, logIndex=2881, commits[06a4573b-67a1-41e3-a350-f896363bc636:c2881, 0b725bbf-683b-4664-9a2e-3c9dd6e38bc1:c2879, 9193e3b7-ae04-484d-a740-c65c11559486:c2879]
2019-08-24 07:08:31,582 | INFO  | DNAudit | user=null | ip=null | op=WRITE_CHUNK {blockData=conID: 2 locID: 102670697202450972 bcsId: 2881} | ret=SUCCESS |  
2019-08-24 07:08:31,584 | INFO  | DNAudit | user=null | ip=null | op=WRITE_CHUNK {blockData=conID: 2 locID: 102670697202450972 bcsId: 2881} | ret=SUCCESS |  
2019-08-24 07:08:31,585 | INFO  | DNAudit | user=null | ip=null | op=WRITE_CHUNK {blockData=conID: 2 locID: 102670697202450972 bcsId: 2881} | ret=SUCCESS |  
2019-08-24 07:08:31,587 | INFO  | DNAudit | user=null | ip=null | op=WRITE_CHUNK {blockData=conID: 2 locID: 102670697202450972 bcsId: 2877} | ret=SUCCESS |  
2019-08-24 07:08:31,587 | INFO  | DNAudit | user=null | ip=null | op=WRITE_CHUNK {blockData=conID: 2 locID: 102670697202450972 bcsId: 2877} | ret=SUCCESS |  
2019-08-24 07:08:31,590 | INFO  | DNAudit | user=null | ip=null | op=PUT_BLOCK {blockData=[blockId=conID: 2 locID: 102670697202450972 bcsId: 0,size=3145728]} | ret=SUCCESS |  
2019-08-24 07:08:31,590 | INFO  | DNAudit | user=null | ip=null | op=PUT_BLOCK {blockData=[blockId=conID: 2 locID: 102670697202450972 bcsId: 0,size=3145728]} | ret=SUCCESS |  
2019-08-24 07:08:31,591 | INFO  | DNAudit | user=null | ip=null | op=WRITE_CHUNK {blockData=conID: 2 locID: 102670697202450972 bcsId: 2881} | ret=SUCCESS |  
2019-08-24 07:08:31,591 | INFO  | DNAudit | user=null | ip=null | op=PUT_BLOCK {blockData=[blockId=conID: 2 locID: 102670697202450972 bcsId: 0,size=4194304]} | ret=SUCCESS |  
2019-08-24 07:08:31,591 [grpc-default-executor-5] INFO  client.GrpcClientProtocolClient (GrpcClientProtocolClient.java:onNext(255)) - client-6EDD19400D46->06a4573b-67a1-41e3-a350-f896363bc636: receive RaftClientReply:client-6EDD19400D46->06a4573b-67a1-41e3-a350-f896363bc636@group-757E3781CD2A, cid=1974, SUCCESS, logIndex=2884, commits[06a4573b-67a1-41e3-a350-f896363bc636:c2885, 0b725bbf-683b-4664-9a2e-3c9dd6e38bc1:c2881, 9193e3b7-ae04-484d-a740-c65c11559486:c2881]
2019-08-24 07:08:31,591 [grpc-default-executor-5] INFO  client.GrpcClientProtocolClient (GrpcClientProtocolClient.java:onNext(255)) - client-6EDD19400D46->06a4573b-67a1-41e3-a350-f896363bc636: receive RaftClientReply:client-6EDD19400D46->06a4573b-67a1-41e3-a350-f896363bc636@group-757E3781CD2A, cid=1975, SUCCESS, logIndex=2885, commits[06a4573b-67a1-41e3-a350-f896363bc636:c2885, 0b725bbf-683b-4664-9a2e-3c9dd6e38bc1:c2881, 9193e3b7-ae04-484d-a740-c65c11559486:c2881]
2019-08-24 07:08:31,602 | INFO  | DNAudit | user=null | ip=null | op=WRITE_CHUNK {blockData=conID: 2 locID: 102670697202450972 bcsId: 2881} | ret=SUCCESS |  
2019-08-24 07:08:31,602 | INFO  | DNAudit | user=null | ip=null | op=WRITE_CHUNK {blockData=conID: 2 locID: 102670697202450972 bcsId: 2881} | ret=SUCCESS |  
2019-08-24 07:08:31,605 | INFO  | DNAudit | user=null | ip=null | op=PUT_BLOCK {blockData=[blockId=conID: 2 locID: 102670697202450972 bcsId: 0,size=4194304]} | ret=SUCCESS |  
2019-08-24 07:08:31,605 | INFO  | DNAudit | user=null | ip=null | op=PUT_BLOCK {blockData=[blockId=conID: 2 locID: 102670697202450972 bcsId: 0,size=4194304]} | ret=SUCCESS |  
2019-08-24 07:08:31,605 [grpc-default-executor-5] INFO  client.GrpcClientProtocolClient (GrpcClientProtocolClient.java:onNext(255)) - client-6EDD19400D46->06a4573b-67a1-41e3-a350-f896363bc636: receive RaftClientReply:client-6EDD19400D46->06a4573b-67a1-41e3-a350-f896363bc636@group-757E3781CD2A, cid=1976, SUCCESS, logIndex=0, commits[06a4573b-67a1-41e3-a350-f896363bc636:c2887, 0b725bbf-683b-4664-9a2e-3c9dd6e38bc1:c2885, 9193e3b7-ae04-484d-a740-c65c11559486:c2885]
2019-08-24 07:08:31,610 | INFO  | SCMAudit | user=jenkins1000 | ip=192.168.69.125 | op=ALLOCATE_BLOCK {owner=61bacca8-15b6-4a50-8962-5e9786b18b0d, size=4194304, type=RATIS, factor=THREE} | ret=SUCCESS |  
2019-08-24 07:08:31,612 | INFO  | OMAudit | user=jenkins1000 | ip=127.0.0.1 | op=ALLOCATE_BLOCK {volume=vol-0-26988, bucket=bucket-0-20739, key=key-0-27353, dataSize=0, replicationType=null, replicationFactor=null, keyLocationInfo=null, clientID=102670695851229586} | ret=SUCCESS |  
2019-08-24 07:08:31,618 | INFO  | DNAudit | user=null | ip=null | op=WRITE_CHUNK {blockData=conID: 3 locID: 102670697208873501 bcsId: 0} | ret=SUCCESS |  
2019-08-24 07:08:31,619 | INFO  | DNAudit | user=null | ip=null | op=WRITE_CHUNK {blockData=conID: 3 locID: 102670697208873501 bcsId: 0} | ret=SUCCESS |  
2019-08-24 07:08:31,620 | INFO  | DNAudit | user=null | ip=null | op=WRITE_CHUNK {blockData=conID: 3 locID: 102670697208873501 bcsId: 0} | ret=SUCCESS |  
2019-08-24 07:08:31,621 | INFO  | DNAudit | user=null | ip=null | op=WRITE_CHUNK {blockData=conID: 3 locID: 102670697208873501 bcsId: 0} | ret=SUCCESS |  
2019-08-24 07:08:31,622 | INFO  | DNAudit | user=null | ip=null | op=WRITE_CHUNK {blockData=conID: 3 locID: 102670697208873501 bcsId: 0} | ret=SUCCESS |  
2019-08-24 07:08:31,622 | INFO  | DNAudit | user=null | ip=null | op=WRITE_CHUNK {blockData=conID: 3 locID: 102670697208873501 bcsId: 0} | ret=SUCCESS |  
2019-08-24 07:08:31,634 | INFO  | DNAudit | user=null | ip=null | op=WRITE_CHUNK {blockData=conID: 3 locID: 102670697208873501 bcsId: 0} | ret=SUCCESS |  
2019-08-24 07:08:31,635 | INFO  | DNAudit | user=null | ip=null | op=PUT_BLOCK {blockData=[blockId=conID: 3 locID: 102670697208873501 bcsId: 0,size=1048576]} | ret=SUCCESS |  
2019-08-24 07:08:31,635 | INFO  | DNAudit | user=null | ip=null | op=WRITE_CHUNK {blockData=conID: 3 locID: 102670697208873501 bcsId: 0} | ret=SUCCESS |  
2019-08-24 07:08:31,635 [grpc-default-executor-5] INFO  client.GrpcClientProtocolClient (GrpcClientProtocolClient.java:onNext(255)) - client-6EDD19400D46->06a4573b-67a1-41e3-a350-f896363bc636: receive RaftClientReply:client-6EDD19400D46->06a4573b-67a1-41e3-a350-f896363bc636@group-757E3781CD2A, cid=1977, SUCCESS, logIndex=2888, commits[06a4573b-67a1-41e3-a350-f896363bc636:c2891, 0b725bbf-683b-4664-9a2e-3c9dd6e38bc1:c2887, 9193e3b7-ae04-484d-a740-c65c11559486:c2887]
2019-08-24 07:08:31,635 | INFO  | DNAudit | user=null | ip=null | op=PUT_BLOCK {blockData=[blockId=conID: 3 locID: 102670697208873501 bcsId: 0,size=2097152]} | ret=SUCCESS |  
2019-08-24 07:08:31,636 [grpc-default-executor-5] INFO  client.GrpcClientProtocolClient (GrpcClientProtocolClient.java:onNext(255)) - client-6EDD19400D46->06a4573b-67a1-41e3-a350-f896363bc636: receive RaftClientReply:client-6EDD19400D46->06a4573b-67a1-41e3-a350-f896363bc636@group-757E3781CD2A, cid=1978, SUCCESS, logIndex=2889, commits[06a4573b-67a1-41e3-a350-f896363bc636:c2891, 0b725bbf-683b-4664-9a2e-3c9dd6e38bc1:c2887, 9193e3b7-ae04-484d-a740-c65c11559486:c2887]
2019-08-24 07:08:31,636 [grpc-default-executor-5] INFO  client.GrpcClientProtocolClient (GrpcClientProtocolClient.java:onNext(255)) - client-6EDD19400D46->06a4573b-67a1-41e3-a350-f896363bc636: receive RaftClientReply:client-6EDD19400D46->06a4573b-67a1-41e3-a350-f896363bc636@group-757E3781CD2A, cid=1979, SUCCESS, logIndex=2890, commits[06a4573b-67a1-41e3-a350-f896363bc636:c2891, 0b725bbf-683b-4664-9a2e-3c9dd6e38bc1:c2887, 9193e3b7-ae04-484d-a740-c65c11559486:c2887]
2019-08-24 07:08:31,636 [grpc-default-executor-5] INFO  client.GrpcClientProtocolClient (GrpcClientProtocolClient.java:onNext(255)) - client-6EDD19400D46->06a4573b-67a1-41e3-a350-f896363bc636: receive RaftClientReply:client-6EDD19400D46->06a4573b-67a1-41e3-a350-f896363bc636@group-757E3781CD2A, cid=1980, SUCCESS, logIndex=2891, commits[06a4573b-67a1-41e3-a350-f896363bc636:c2891, 0b725bbf-683b-4664-9a2e-3c9dd6e38bc1:c2887, 9193e3b7-ae04-484d-a740-c65c11559486:c2887]
2019-08-24 07:08:31,645 | INFO  | DNAudit | user=null | ip=null | op=WRITE_CHUNK {blockData=conID: 3 locID: 102670697208873501 bcsId: 0} | ret=SUCCESS |  
2019-08-24 07:08:31,646 | INFO  | DNAudit | user=null | ip=null | op=WRITE_CHUNK {blockData=conID: 3 locID: 102670697208873501 bcsId: 0} | ret=SUCCESS |  
2019-08-24 07:08:31,646 | INFO  | DNAudit | user=null | ip=null | op=PUT_BLOCK {blockData=[blockId=conID: 3 locID: 102670697208873501 bcsId: 0,size=1048576]} | ret=SUCCESS |  
2019-08-24 07:08:31,646 | INFO  | DNAudit | user=null | ip=null | op=PUT_BLOCK {blockData=[blockId=conID: 3 locID: 102670697208873501 bcsId: 0,size=1048576]} | ret=SUCCESS |  
2019-08-24 07:08:31,646 [grpc-default-executor-5] INFO  client.GrpcClientProtocolClient (GrpcClientProtocolClient.java:onNext(255)) - client-6EDD19400D46->06a4573b-67a1-41e3-a350-f896363bc636: receive RaftClientReply:client-6EDD19400D46->06a4573b-67a1-41e3-a350-f896363bc636@group-757E3781CD2A, cid=1981, SUCCESS, logIndex=0, commits[06a4573b-67a1-41e3-a350-f896363bc636:c2892, 0b725bbf-683b-4664-9a2e-3c9dd6e38bc1:c2889, 9193e3b7-ae04-484d-a740-c65c11559486:c2889]
2019-08-24 07:08:31,648 | INFO  | DNAudit | user=null | ip=null | op=WRITE_CHUNK {blockData=conID: 3 locID: 102670697208873501 bcsId: 0} | ret=SUCCESS |  
2019-08-24 07:08:31,648 | INFO  | DNAudit | user=null | ip=null | op=WRITE_CHUNK {blockData=conID: 3 locID: 102670697208873501 bcsId: 0} | ret=SUCCESS |  
2019-08-24 07:08:31,648 | INFO  | DNAudit | user=null | ip=null | op=PUT_BLOCK {blockData=[blockId=conID: 3 locID: 102670697208873501 bcsId: 0,size=2097152]} | ret=SUCCESS |  
2019-08-24 07:08:31,648 | INFO  | DNAudit | user=null | ip=null | op=PUT_BLOCK {blockData=[blockId=conID: 3 locID: 102670697208873501 bcsId: 0,size=2097152]} | ret=SUCCESS |  
2019-08-24 07:08:31,652 | INFO  | DNAudit | user=null | ip=null | op=WRITE_CHUNK {blockData=conID: 3 locID: 102670697208873501 bcsId: 2891} | ret=SUCCESS |  
2019-08-24 07:08:31,655 | INFO  | DNAudit | user=null | ip=null | op=WRITE_CHUNK {blockData=conID: 3 locID: 102670697208873501 bcsId: 2891} | ret=SUCCESS |  
2019-08-24 07:08:31,656 | INFO  | DNAudit | user=null | ip=null | op=WRITE_CHUNK {blockData=conID: 3 locID: 102670697208873501 bcsId: 2891} | ret=SUCCESS |  
2019-08-24 07:08:31,666 | INFO  | DNAudit | user=null | ip=null | op=WRITE_CHUNK {blockData=conID: 3 locID: 102670697208873501 bcsId: 2891} | ret=SUCCESS |  
2019-08-24 07:08:31,666 | INFO  | DNAudit | user=null | ip=null | op=PUT_BLOCK {blockData=[blockId=conID: 3 locID: 102670697208873501 bcsId: 0,size=3145728]} | ret=SUCCESS |  
2019-08-24 07:08:31,666 [grpc-default-executor-1] INFO  client.GrpcClientProtocolClient (GrpcClientProtocolClient.java:onNext(255)) - client-6EDD19400D46->06a4573b-67a1-41e3-a350-f896363bc636: receive RaftClientReply:client-6EDD19400D46->06a4573b-67a1-41e3-a350-f896363bc636@group-757E3781CD2A, cid=1982, SUCCESS, logIndex=2895, commits[06a4573b-67a1-41e3-a350-f896363bc636:c2896, 0b725bbf-683b-4664-9a2e-3c9dd6e38bc1:c2894, 9193e3b7-ae04-484d-a740-c65c11559486:c2894]
2019-08-24 07:08:31,667 [grpc-default-executor-1] INFO  client.GrpcClientProtocolClient (GrpcClientProtocolClient.java:onNext(255)) - client-6EDD19400D46->06a4573b-67a1-41e3-a350-f896363bc636: receive RaftClientReply:client-6EDD19400D46->06a4573b-67a1-41e3-a350-f896363bc636@group-757E3781CD2A, cid=1983, SUCCESS, logIndex=2896, commits[06a4573b-67a1-41e3-a350-f896363bc636:c2896, 0b725bbf-683b-4664-9a2e-3c9dd6e38bc1:c2894, 9193e3b7-ae04-484d-a740-c65c11559486:c2894]
2019-08-24 07:08:31,673 | INFO  | DNAudit | user=null | ip=null | op=WRITE_CHUNK {blockData=conID: 3 locID: 102670697208873501 bcsId: 2896} | ret=SUCCESS |  
2019-08-24 07:08:31,675 | INFO  | DNAudit | user=null | ip=null | op=WRITE_CHUNK {blockData=conID: 3 locID: 102670697208873501 bcsId: 2896} | ret=SUCCESS |  
2019-08-24 07:08:31,676 | INFO  | DNAudit | user=null | ip=null | op=WRITE_CHUNK {blockData=conID: 3 locID: 102670697208873501 bcsId: 2896} | ret=SUCCESS |  
2019-08-24 07:08:31,680 | INFO  | DNAudit | user=null | ip=null | op=WRITE_CHUNK {blockData=conID: 3 locID: 102670697208873501 bcsId: 2891} | ret=SUCCESS |  
2019-08-24 07:08:31,680 | INFO  | DNAudit | user=null | ip=null | op=WRITE_CHUNK {blockData=conID: 3 locID: 102670697208873501 bcsId: 2891} | ret=SUCCESS |  
2019-08-24 07:08:31,691 | INFO  | DNAudit | user=null | ip=null | op=PUT_BLOCK {blockData=[blockId=conID: 3 locID: 102670697208873501 bcsId: 0,size=3145728]} | ret=SUCCESS |  
2019-08-24 07:08:31,691 | INFO  | DNAudit | user=null | ip=null | op=PUT_BLOCK {blockData=[blockId=conID: 3 locID: 102670697208873501 bcsId: 0,size=3145728]} | ret=SUCCESS |  
2019-08-24 07:08:31,691 | INFO  | DNAudit | user=null | ip=null | op=WRITE_CHUNK {blockData=conID: 3 locID: 102670697208873501 bcsId: 2896} | ret=SUCCESS |  
2019-08-24 07:08:31,692 | INFO  | DNAudit | user=null | ip=null | op=PUT_BLOCK {blockData=[blockId=conID: 3 locID: 102670697208873501 bcsId: 0,size=4194304]} | ret=SUCCESS |  
2019-08-24 07:08:31,692 [grpc-default-executor-2] INFO  client.GrpcClientProtocolClient (GrpcClientProtocolClient.java:onNext(255)) - client-6EDD19400D46->06a4573b-67a1-41e3-a350-f896363bc636: receive RaftClientReply:client-6EDD19400D46->06a4573b-67a1-41e3-a350-f896363bc636@group-757E3781CD2A, cid=1984, SUCCESS, logIndex=2899, commits[06a4573b-67a1-41e3-a350-f896363bc636:c2900, 0b725bbf-683b-4664-9a2e-3c9dd6e38bc1:c2896, 9193e3b7-ae04-484d-a740-c65c11559486:c2896]
2019-08-24 07:08:31,692 [grpc-default-executor-2] INFO  client.GrpcClientProtocolClient (GrpcClientProtocolClient.java:onNext(255)) - client-6EDD19400D46->06a4573b-67a1-41e3-a350-f896363bc636: receive RaftClientReply:client-6EDD19400D46->06a4573b-67a1-41e3-a350-f896363bc636@group-757E3781CD2A, cid=1985, SUCCESS, logIndex=2900, commits[06a4573b-67a1-41e3-a350-f896363bc636:c2900, 0b725bbf-683b-4664-9a2e-3c9dd6e38bc1:c2896, 9193e3b7-ae04-484d-a740-c65c11559486:c2896]
2019-08-24 07:08:31,703 | INFO  | DNAudit | user=null | ip=null | op=WRITE_CHUNK {blockData=conID: 3 locID: 102670697208873501 bcsId: 2896} | ret=SUCCESS |  
2019-08-24 07:08:31,703 | INFO  | DNAudit | user=null | ip=null | op=WRITE_CHUNK {blockData=conID: 3 locID: 102670697208873501 bcsId: 2896} | ret=SUCCESS |  
2019-08-24 07:08:31,706 | INFO  | DNAudit | user=null | ip=null | op=PUT_BLOCK {blockData=[blockId=conID: 3 locID: 102670697208873501 bcsId: 0,size=4194304]} | ret=SUCCESS |  
2019-08-24 07:08:31,706 | INFO  | DNAudit | user=null | ip=null | op=PUT_BLOCK {blockData=[blockId=conID: 3 locID: 102670697208873501 bcsId: 0,size=4194304]} | ret=SUCCESS |  
2019-08-24 07:08:31,706 [grpc-default-executor-2] INFO  client.GrpcClientProtocolClient (GrpcClientProtocolClient.java:onNext(255)) - client-6EDD19400D46->06a4573b-67a1-41e3-a350-f896363bc636: receive RaftClientReply:client-6EDD19400D46->06a4573b-67a1-41e3-a350-f896363bc636@group-757E3781CD2A, cid=1986, SUCCESS, logIndex=0, commits[06a4573b-67a1-41e3-a350-f896363bc636:c2902, 0b725bbf-683b-4664-9a2e-3c9dd6e38bc1:c2900, 9193e3b7-ae04-484d-a740-c65c11559486:c2900]
2019-08-24 07:08:31,711 | INFO  | SCMAudit | user=jenkins1000 | ip=192.168.69.125 | op=ALLOCATE_BLOCK {owner=61bacca8-15b6-4a50-8962-5e9786b18b0d, size=4194304, type=RATIS, factor=THREE} | ret=SUCCESS |  
2019-08-24 07:08:31,714 | INFO  | OMAudit | user=jenkins1000 | ip=127.0.0.1 | op=ALLOCATE_BLOCK {volume=vol-0-26988, bucket=bucket-0-20739, key=key-0-27353, dataSize=0, replicationType=null, replicationFactor=null, keyLocationInfo=null, clientID=102670695851229586} | ret=SUCCESS |  
2019-08-24 07:08:31,719 | INFO  | DNAudit | user=null | ip=null | op=WRITE_CHUNK {blockData=conID: 1 locID: 102670697215492638 bcsId: 0} | ret=SUCCESS |  
2019-08-24 07:08:31,722 | INFO  | DNAudit | user=null | ip=null | op=WRITE_CHUNK {blockData=conID: 1 locID: 102670697215492638 bcsId: 0} | ret=SUCCESS |  
2019-08-24 07:08:31,723 | INFO  | DNAudit | user=null | ip=null | op=WRITE_CHUNK {blockData=conID: 1 locID: 102670697215492638 bcsId: 0} | ret=SUCCESS |  
2019-08-24 07:08:31,723 | INFO  | DNAudit | user=null | ip=null | op=WRITE_CHUNK {blockData=conID: 1 locID: 102670697215492638 bcsId: 0} | ret=SUCCESS |  
2019-08-24 07:08:31,725 | INFO  | DNAudit | user=null | ip=null | op=WRITE_CHUNK {blockData=conID: 1 locID: 102670697215492638 bcsId: 0} | ret=SUCCESS |  
2019-08-24 07:08:31,726 | INFO  | DNAudit | user=null | ip=null | op=WRITE_CHUNK {blockData=conID: 1 locID: 102670697215492638 bcsId: 0} | ret=SUCCESS |  
2019-08-24 07:08:31,733 | INFO  | DNAudit | user=null | ip=null | op=WRITE_CHUNK {blockData=conID: 1 locID: 102670697215492638 bcsId: 0} | ret=SUCCESS |  
2019-08-24 07:08:31,734 | INFO  | DNAudit | user=null | ip=null | op=PUT_BLOCK {blockData=[blockId=conID: 1 locID: 102670697215492638 bcsId: 0,size=1048576]} | ret=SUCCESS |  
2019-08-24 07:08:31,734 [grpc-default-executor-5] INFO  client.GrpcClientProtocolClient (GrpcClientProtocolClient.java:onNext(255)) - client-6EDD19400D46->06a4573b-67a1-41e3-a350-f896363bc636: receive RaftClientReply:client-6EDD19400D46->06a4573b-67a1-41e3-a350-f896363bc636@group-757E3781CD2A, cid=1987, SUCCESS, logIndex=2903, commits[06a4573b-67a1-41e3-a350-f896363bc636:c2904, 0b725bbf-683b-4664-9a2e-3c9dd6e38bc1:c2902, 9193e3b7-ae04-484d-a740-c65c11559486:c2902]
2019-08-24 07:08:31,734 [grpc-default-executor-5] INFO  client.GrpcClientProtocolClient (GrpcClientProtocolClient.java:onNext(255)) - client-6EDD19400D46->06a4573b-67a1-41e3-a350-f896363bc636: receive RaftClientReply:client-6EDD19400D46->06a4573b-67a1-41e3-a350-f896363bc636@group-757E3781CD2A, cid=1988, SUCCESS, logIndex=2904, commits[06a4573b-67a1-41e3-a350-f896363bc636:c2904, 0b725bbf-683b-4664-9a2e-3c9dd6e38bc1:c2902, 9193e3b7-ae04-484d-a740-c65c11559486:c2902]
2019-08-24 07:08:31,743 | INFO  | DNAudit | user=null | ip=null | op=WRITE_CHUNK {blockData=conID: 1 locID: 102670697215492638 bcsId: 0} | ret=SUCCESS |  
2019-08-24 07:08:31,744 | INFO  | DNAudit | user=null | ip=null | op=PUT_BLOCK {blockData=[blockId=conID: 1 locID: 102670697215492638 bcsId: 0,size=2097152]} | ret=SUCCESS |  
2019-08-24 07:08:31,744 [grpc-default-executor-5] INFO  client.GrpcClientProtocolClient (GrpcClientProtocolClient.java:onNext(255)) - client-6EDD19400D46->06a4573b-67a1-41e3-a350-f896363bc636: receive RaftClientReply:client-6EDD19400D46->06a4573b-67a1-41e3-a350-f896363bc636@group-757E3781CD2A, cid=1989, SUCCESS, logIndex=2905, commits[06a4573b-67a1-41e3-a350-f896363bc636:c2906, 0b725bbf-683b-4664-9a2e-3c9dd6e38bc1:c2902, 9193e3b7-ae04-484d-a740-c65c11559486:c2902]
2019-08-24 07:08:31,744 [grpc-default-executor-5] INFO  client.GrpcClientProtocolClient (GrpcClientProtocolClient.java:onNext(255)) - client-6EDD19400D46->06a4573b-67a1-41e3-a350-f896363bc636: receive RaftClientReply:client-6EDD19400D46->06a4573b-67a1-41e3-a350-f896363bc636@group-757E3781CD2A, cid=1990, SUCCESS, logIndex=2906, commits[06a4573b-67a1-41e3-a350-f896363bc636:c2906, 0b725bbf-683b-4664-9a2e-3c9dd6e38bc1:c2902, 9193e3b7-ae04-484d-a740-c65c11559486:c2902]
2019-08-24 07:08:31,746 | INFO  | DNAudit | user=null | ip=null | op=WRITE_CHUNK {blockData=conID: 1 locID: 102670697215492638 bcsId: 0} | ret=SUCCESS |  
2019-08-24 07:08:31,759 | INFO  | DNAudit | user=null | ip=null | op=PUT_BLOCK {blockData=[blockId=conID: 1 locID: 102670697215492638 bcsId: 0,size=1048576]} | ret=SUCCESS |  
2019-08-24 07:08:31,759 | INFO  | DNAudit | user=null | ip=null | op=WRITE_CHUNK {blockData=conID: 1 locID: 102670697215492638 bcsId: 0} | ret=SUCCESS |  
2019-08-24 07:08:31,759 | INFO  | DNAudit | user=null | ip=null | op=WRITE_CHUNK {blockData=conID: 1 locID: 102670697215492638 bcsId: 0} | ret=SUCCESS |  
2019-08-24 07:08:31,760 | INFO  | DNAudit | user=null | ip=null | op=PUT_BLOCK {blockData=[blockId=conID: 1 locID: 102670697215492638 bcsId: 0,size=1048576]} | ret=SUCCESS |  
2019-08-24 07:08:31,760 | INFO  | DNAudit | user=null | ip=null | op=PUT_BLOCK {blockData=[blockId=conID: 1 locID: 102670697215492638 bcsId: 0,size=2097152]} | ret=SUCCESS |  
2019-08-24 07:08:31,760 | INFO  | DNAudit | user=null | ip=null | op=WRITE_CHUNK {blockData=conID: 1 locID: 102670697215492638 bcsId: 0} | ret=SUCCESS |  
2019-08-24 07:08:31,760 | INFO  | DNAudit | user=null | ip=null | op=PUT_BLOCK {blockData=[blockId=conID: 1 locID: 102670697215492638 bcsId: 0,size=2097152]} | ret=SUCCESS |  
2019-08-24 07:08:31,760 [grpc-default-executor-5] INFO  client.GrpcClientProtocolClient (GrpcClientProtocolClient.java:onNext(255)) - client-6EDD19400D46->06a4573b-67a1-41e3-a350-f896363bc636: receive RaftClientReply:client-6EDD19400D46->06a4573b-67a1-41e3-a350-f896363bc636@group-757E3781CD2A, cid=1991, SUCCESS, logIndex=0, commits[06a4573b-67a1-41e3-a350-f896363bc636:c2908, 0b725bbf-683b-4664-9a2e-3c9dd6e38bc1:c2904, 9193e3b7-ae04-484d-a740-c65c11559486:c2906]
2019-08-24 07:08:31,766 | INFO  | DNAudit | user=null | ip=null | op=WRITE_CHUNK {blockData=conID: 1 locID: 102670697215492638 bcsId: 2906} | ret=SUCCESS |  
2019-08-24 07:08:31,769 | INFO  | DNAudit | user=null | ip=null | op=WRITE_CHUNK {blockData=conID: 1 locID: 102670697215492638 bcsId: 2906} | ret=SUCCESS |  
2019-08-24 07:08:31,769 | INFO  | DNAudit | user=null | ip=null | op=WRITE_CHUNK {blockData=conID: 1 locID: 102670697215492638 bcsId: 2906} | ret=SUCCESS |  
2019-08-24 07:08:31,770 | INFO  | DNAudit | user=null | ip=null | op=WRITE_CHUNK {blockData=conID: 1 locID: 102670697215492638 bcsId: 2906} | ret=SUCCESS |  
2019-08-24 07:08:31,777 | INFO  | DNAudit | user=null | ip=null | op=PUT_BLOCK {blockData=[blockId=conID: 1 locID: 102670697215492638 bcsId: 0,size=3145728]} | ret=SUCCESS |  
2019-08-24 07:08:31,777 [grpc-default-executor-1] INFO  client.GrpcClientProtocolClient (GrpcClientProtocolClient.java:onNext(255)) - client-6EDD19400D46->06a4573b-67a1-41e3-a350-f896363bc636: receive RaftClientReply:client-6EDD19400D46->06a4573b-67a1-41e3-a350-f896363bc636@group-757E3781CD2A, cid=1992, SUCCESS, logIndex=2910, commits[06a4573b-67a1-41e3-a350-f896363bc636:c2911, 0b725bbf-683b-4664-9a2e-3c9dd6e38bc1:c2908, 9193e3b7-ae04-484d-a740-c65c11559486:c2906]
2019-08-24 07:08:31,777 [grpc-default-executor-1] INFO  client.GrpcClientProtocolClient (GrpcClientProtocolClient.java:onNext(255)) - client-6EDD19400D46->06a4573b-67a1-41e3-a350-f896363bc636: receive RaftClientReply:client-6EDD19400D46->06a4573b-67a1-41e3-a350-f896363bc636@group-757E3781CD2A, cid=1993, SUCCESS, logIndex=2911, commits[06a4573b-67a1-41e3-a350-f896363bc636:c2911, 0b725bbf-683b-4664-9a2e-3c9dd6e38bc1:c2908, 9193e3b7-ae04-484d-a740-c65c11559486:c2906]
2019-08-24 07:08:31,784 | INFO  | DNAudit | user=null | ip=null | op=WRITE_CHUNK {blockData=conID: 1 locID: 102670697215492638 bcsId: 2906} | ret=SUCCESS |  
2019-08-24 07:08:31,784 | INFO  | DNAudit | user=null | ip=null | op=WRITE_CHUNK {blockData=conID: 1 locID: 102670697215492638 bcsId: 2906} | ret=SUCCESS |  
2019-08-24 07:08:31,784 | INFO  | DNAudit | user=null | ip=null | op=PUT_BLOCK {blockData=[blockId=conID: 1 locID: 102670697215492638 bcsId: 0,size=3145728]} | ret=SUCCESS |  
2019-08-24 07:08:31,784 | INFO  | DNAudit | user=null | ip=null | op=PUT_BLOCK {blockData=[blockId=conID: 1 locID: 102670697215492638 bcsId: 0,size=3145728]} | ret=SUCCESS |  
2019-08-24 07:08:31,785 | INFO  | DNAudit | user=null | ip=null | op=WRITE_CHUNK {blockData=conID: 1 locID: 102670697215492638 bcsId: 2911} | ret=SUCCESS |  
2019-08-24 07:08:31,787 | INFO  | DNAudit | user=null | ip=null | op=WRITE_CHUNK {blockData=conID: 1 locID: 102670697215492638 bcsId: 2911} | ret=SUCCESS |  
2019-08-24 07:08:31,787 | INFO  | DNAudit | user=null | ip=null | op=WRITE_CHUNK {blockData=conID: 1 locID: 102670697215492638 bcsId: 2911} | ret=SUCCESS |  
2019-08-24 07:08:31,804 | INFO  | DNAudit | user=null | ip=null | op=WRITE_CHUNK {blockData=conID: 1 locID: 102670697215492638 bcsId: 2911} | ret=SUCCESS |  
2019-08-24 07:08:31,805 | INFO  | DNAudit | user=null | ip=null | op=PUT_BLOCK {blockData=[blockId=conID: 1 locID: 102670697215492638 bcsId: 0,size=4194304]} | ret=SUCCESS |  
2019-08-24 07:08:31,805 [grpc-default-executor-1] INFO  client.GrpcClientProtocolClient (GrpcClientProtocolClient.java:onNext(255)) - client-6EDD19400D46->06a4573b-67a1-41e3-a350-f896363bc636: receive RaftClientReply:client-6EDD19400D46->06a4573b-67a1-41e3-a350-f896363bc636@group-757E3781CD2A, cid=1994, SUCCESS, logIndex=2914, commits[06a4573b-67a1-41e3-a350-f896363bc636:c2915, 0b725bbf-683b-4664-9a2e-3c9dd6e38bc1:c2911, 9193e3b7-ae04-484d-a740-c65c11559486:c2911]
2019-08-24 07:08:31,805 [grpc-default-executor-1] INFO  client.GrpcClientProtocolClient (GrpcClientProtocolClient.java:onNext(255)) - client-6EDD19400D46->06a4573b-67a1-41e3-a350-f896363bc636: receive RaftClientReply:client-6EDD19400D46->06a4573b-67a1-41e3-a350-f896363bc636@group-757E3781CD2A, cid=1995, SUCCESS, logIndex=2915, commits[06a4573b-67a1-41e3-a350-f896363bc636:c2915, 0b725bbf-683b-4664-9a2e-3c9dd6e38bc1:c2911, 9193e3b7-ae04-484d-a740-c65c11559486:c2911]
2019-08-24 07:08:31,806 | INFO  | DNAudit | user=null | ip=null | op=WRITE_CHUNK {blockData=conID: 1 locID: 102670697215492638 bcsId: 2911} | ret=SUCCESS |  
2019-08-24 07:08:31,806 | INFO  | DNAudit | user=null | ip=null | op=WRITE_CHUNK {blockData=conID: 1 locID: 102670697215492638 bcsId: 2911} | ret=SUCCESS |  
2019-08-24 07:08:31,806 | INFO  | DNAudit | user=null | ip=null | op=PUT_BLOCK {blockData=[blockId=conID: 1 locID: 102670697215492638 bcsId: 0,size=4194304]} | ret=SUCCESS |  
2019-08-24 07:08:31,807 | INFO  | DNAudit | user=null | ip=null | op=PUT_BLOCK {blockData=[blockId=conID: 1 locID: 102670697215492638 bcsId: 0,size=4194304]} | ret=SUCCESS |  
2019-08-24 07:08:31,807 [grpc-default-executor-2] INFO  client.GrpcClientProtocolClient (GrpcClientProtocolClient.java:onNext(255)) - client-6EDD19400D46->06a4573b-67a1-41e3-a350-f896363bc636: receive RaftClientReply:client-6EDD19400D46->06a4573b-67a1-41e3-a350-f896363bc636@group-757E3781CD2A, cid=1996, SUCCESS, logIndex=0, commits[06a4573b-67a1-41e3-a350-f896363bc636:c2916, 0b725bbf-683b-4664-9a2e-3c9dd6e38bc1:c2915, 9193e3b7-ae04-484d-a740-c65c11559486:c2915]
2019-08-24 07:08:31,811 | INFO  | SCMAudit | user=jenkins1000 | ip=192.168.69.125 | op=ALLOCATE_BLOCK {owner=61bacca8-15b6-4a50-8962-5e9786b18b0d, size=4194304, type=RATIS, factor=THREE} | ret=SUCCESS |  
2019-08-24 07:08:31,813 | INFO  | OMAudit | user=jenkins1000 | ip=127.0.0.1 | op=ALLOCATE_BLOCK {volume=vol-0-26988, bucket=bucket-0-20739, key=key-0-27353, dataSize=0, replicationType=null, replicationFactor=null, keyLocationInfo=null, clientID=102670695851229586} | ret=SUCCESS |  
2019-08-24 07:08:31,819 | INFO  | DNAudit | user=null | ip=null | op=WRITE_CHUNK {blockData=conID: 2 locID: 102670697222046239 bcsId: 0} | ret=SUCCESS |  
2019-08-24 07:08:31,822 | INFO  | DNAudit | user=null | ip=null | op=WRITE_CHUNK {blockData=conID: 2 locID: 102670697222046239 bcsId: 0} | ret=SUCCESS |  
2019-08-24 07:08:31,822 | INFO  | DNAudit | user=null | ip=null | op=WRITE_CHUNK {blockData=conID: 2 locID: 102670697222046239 bcsId: 0} | ret=SUCCESS |  
2019-08-24 07:08:31,823 | INFO  | DNAudit | user=null | ip=null | op=WRITE_CHUNK {blockData=conID: 2 locID: 102670697222046239 bcsId: 0} | ret=SUCCESS |  
2019-08-24 07:08:31,825 | INFO  | DNAudit | user=null | ip=null | op=WRITE_CHUNK {blockData=conID: 2 locID: 102670697222046239 bcsId: 0} | ret=SUCCESS |  
2019-08-24 07:08:31,825 | INFO  | DNAudit | user=null | ip=null | op=WRITE_CHUNK {blockData=conID: 2 locID: 102670697222046239 bcsId: 0} | ret=SUCCESS |  
2019-08-24 07:08:31,826 | INFO  | DNAudit | user=null | ip=null | op=WRITE_CHUNK {blockData=conID: 2 locID: 102670697222046239 bcsId: 0} | ret=SUCCESS |  
2019-08-24 07:08:31,827 | INFO  | DNAudit | user=null | ip=null | op=PUT_BLOCK {blockData=[blockId=conID: 2 locID: 102670697222046239 bcsId: 0,size=1048576]} | ret=SUCCESS |  
2019-08-24 07:08:31,827 | INFO  | DNAudit | user=null | ip=null | op=WRITE_CHUNK {blockData=conID: 2 locID: 102670697222046239 bcsId: 0} | ret=SUCCESS |  
2019-08-24 07:08:31,827 [grpc-default-executor-1] INFO  client.GrpcClientProtocolClient (GrpcClientProtocolClient.java:onNext(255)) - client-6EDD19400D46->06a4573b-67a1-41e3-a350-f896363bc636: receive RaftClientReply:client-6EDD19400D46->06a4573b-67a1-41e3-a350-f896363bc636@group-757E3781CD2A, cid=1997, SUCCESS, logIndex=2917, commits[06a4573b-67a1-41e3-a350-f896363bc636:c2920, 0b725bbf-683b-4664-9a2e-3c9dd6e38bc1:c2916, 9193e3b7-ae04-484d-a740-c65c11559486:c2915]
2019-08-24 07:08:31,827 | INFO  | DNAudit | user=null | ip=null | op=PUT_BLOCK {blockData=[blockId=conID: 2 locID: 102670697222046239 bcsId: 0,size=2097152]} | ret=SUCCESS |  
2019-08-24 07:08:31,828 [grpc-default-executor-1] INFO  client.GrpcClientProtocolClient (GrpcClientProtocolClient.java:onNext(255)) - client-6EDD19400D46->06a4573b-67a1-41e3-a350-f896363bc636: receive RaftClientReply:client-6EDD19400D46->06a4573b-67a1-41e3-a350-f896363bc636@group-757E3781CD2A, cid=1998, SUCCESS, logIndex=2918, commits[06a4573b-67a1-41e3-a350-f896363bc636:c2920, 0b725bbf-683b-4664-9a2e-3c9dd6e38bc1:c2916, 9193e3b7-ae04-484d-a740-c65c11559486:c2915]
2019-08-24 07:08:31,828 | INFO  | DNAudit | user=null | ip=null | op=WRITE_CHUNK {blockData=conID: 2 locID: 102670697222046239 bcsId: 0} | ret=SUCCESS |  
2019-08-24 07:08:31,828 [grpc-default-executor-1] INFO  client.GrpcClientProtocolClient (GrpcClientProtocolClient.java:onNext(255)) - client-6EDD19400D46->06a4573b-67a1-41e3-a350-f896363bc636: receive RaftClientReply:client-6EDD19400D46->06a4573b-67a1-41e3-a350-f896363bc636@group-757E3781CD2A, cid=1999, SUCCESS, logIndex=2919, commits[06a4573b-67a1-41e3-a350-f896363bc636:c2920, 0b725bbf-683b-4664-9a2e-3c9dd6e38bc1:c2916, 9193e3b7-ae04-484d-a740-c65c11559486:c2916]
2019-08-24 07:08:31,828 | INFO  | DNAudit | user=null | ip=null | op=PUT_BLOCK {blockData=[blockId=conID: 2 locID: 102670697222046239 bcsId: 0,size=1048576]} | ret=SUCCESS |  
2019-08-24 07:08:31,828 [grpc-default-executor-1] INFO  client.GrpcClientProtocolClient (GrpcClientProtocolClient.java:onNext(255)) - client-6EDD19400D46->06a4573b-67a1-41e3-a350-f896363bc636: receive RaftClientReply:client-6EDD19400D46->06a4573b-67a1-41e3-a350-f896363bc636@group-757E3781CD2A, cid=2000, SUCCESS, logIndex=2920, commits[06a4573b-67a1-41e3-a350-f896363bc636:c2920, 0b725bbf-683b-4664-9a2e-3c9dd6e38bc1:c2916, 9193e3b7-ae04-484d-a740-c65c11559486:c2916]
2019-08-24 07:08:31,839 | INFO  | DNAudit | user=null | ip=null | op=WRITE_CHUNK {blockData=conID: 2 locID: 102670697222046239 bcsId: 0} | ret=SUCCESS |  
2019-08-24 07:08:31,839 | INFO  | DNAudit | user=null | ip=null | op=PUT_BLOCK {blockData=[blockId=conID: 2 locID: 102670697222046239 bcsId: 0,size=1048576]} | ret=SUCCESS |  
2019-08-24 07:08:31,839 | INFO  | DNAudit | user=null | ip=null | op=WRITE_CHUNK {blockData=conID: 2 locID: 102670697222046239 bcsId: 0} | ret=SUCCESS |  
2019-08-24 07:08:31,839 [grpc-default-executor-1] INFO  client.GrpcClientProtocolClient (GrpcClientProtocolClient.java:onNext(255)) - client-6EDD19400D46->06a4573b-67a1-41e3-a350-f896363bc636: receive RaftClientReply:client-6EDD19400D46->06a4573b-67a1-41e3-a350-f896363bc636@group-757E3781CD2A, cid=2001, SUCCESS, logIndex=0, commits[06a4573b-67a1-41e3-a350-f896363bc636:c2921, 0b725bbf-683b-4664-9a2e-3c9dd6e38bc1:c2918, 9193e3b7-ae04-484d-a740-c65c11559486:c2918]
2019-08-24 07:08:31,840 | INFO  | DNAudit | user=null | ip=null | op=PUT_BLOCK {blockData=[blockId=conID: 2 locID: 102670697222046239 bcsId: 0,size=2097152]} | ret=SUCCESS |  
2019-08-24 07:08:31,840 | INFO  | DNAudit | user=null | ip=null | op=WRITE_CHUNK {blockData=conID: 2 locID: 102670697222046239 bcsId: 0} | ret=SUCCESS |  
2019-08-24 07:08:31,840 | INFO  | DNAudit | user=null | ip=null | op=PUT_BLOCK {blockData=[blockId=conID: 2 locID: 102670697222046239 bcsId: 0,size=2097152]} | ret=SUCCESS |  
2019-08-24 07:08:31,845 | INFO  | DNAudit | user=null | ip=null | op=WRITE_CHUNK {blockData=conID: 2 locID: 102670697222046239 bcsId: 2920} | ret=SUCCESS |  
2019-08-24 07:08:31,848 | INFO  | DNAudit | user=null | ip=null | op=WRITE_CHUNK {blockData=conID: 2 locID: 102670697222046239 bcsId: 2920} | ret=SUCCESS |  
2019-08-24 07:08:31,849 | INFO  | DNAudit | user=null | ip=null | op=WRITE_CHUNK {blockData=conID: 2 locID: 102670697222046239 bcsId: 2920} | ret=SUCCESS |  
2019-08-24 07:08:31,877 | INFO  | DNAudit | user=null | ip=null | op=WRITE_CHUNK {blockData=conID: 2 locID: 102670697222046239 bcsId: 2920} | ret=SUCCESS |  
2019-08-24 07:08:31,878 | INFO  | DNAudit | user=null | ip=null | op=PUT_BLOCK {blockData=[blockId=conID: 2 locID: 102670697222046239 bcsId: 0,size=3145728]} | ret=SUCCESS |  
2019-08-24 07:08:31,878 [grpc-default-executor-2] INFO  client.GrpcClientProtocolClient (GrpcClientProtocolClient.java:onNext(255)) - client-6EDD19400D46->06a4573b-67a1-41e3-a350-f896363bc636: receive RaftClientReply:client-6EDD19400D46->06a4573b-67a1-41e3-a350-f896363bc636@group-757E3781CD2A, cid=2002, SUCCESS, logIndex=2925, commits[06a4573b-67a1-41e3-a350-f896363bc636:c2926, 0b725bbf-683b-4664-9a2e-3c9dd6e38bc1:c2924, 9193e3b7-ae04-484d-a740-c65c11559486:c2924]
2019-08-24 07:08:31,881 [grpc-default-executor-2] INFO  client.GrpcClientProtocolClient (GrpcClientProtocolClient.java:onNext(255)) - client-6EDD19400D46->06a4573b-67a1-41e3-a350-f896363bc636: receive RaftClientReply:client-6EDD19400D46->06a4573b-67a1-41e3-a350-f896363bc636@group-757E3781CD2A, cid=2003, SUCCESS, logIndex=2926, commits[06a4573b-67a1-41e3-a350-f896363bc636:c2926, 0b725bbf-683b-4664-9a2e-3c9dd6e38bc1:c2924, 9193e3b7-ae04-484d-a740-c65c11559486:c2924]
2019-08-24 07:08:31,889 | INFO  | DNAudit | user=null | ip=null | op=WRITE_CHUNK {blockData=conID: 2 locID: 102670697222046239 bcsId: 2920} | ret=SUCCESS |  
2019-08-24 07:08:31,889 | INFO  | DNAudit | user=null | ip=null | op=WRITE_CHUNK {blockData=conID: 2 locID: 102670697222046239 bcsId: 2920} | ret=SUCCESS |  
2019-08-24 07:08:31,889 | INFO  | DNAudit | user=null | ip=null | op=PUT_BLOCK {blockData=[blockId=conID: 2 locID: 102670697222046239 bcsId: 0,size=3145728]} | ret=SUCCESS |  
2019-08-24 07:08:31,889 | INFO  | DNAudit | user=null | ip=null | op=PUT_BLOCK {blockData=[blockId=conID: 2 locID: 102670697222046239 bcsId: 0,size=3145728]} | ret=SUCCESS |  
2019-08-24 07:08:31,892 | INFO  | DNAudit | user=null | ip=null | op=WRITE_CHUNK {blockData=conID: 2 locID: 102670697222046239 bcsId: 2926} | ret=SUCCESS |  
2019-08-24 07:08:31,893 | INFO  | DNAudit | user=null | ip=null | op=WRITE_CHUNK {blockData=conID: 2 locID: 102670697222046239 bcsId: 2926} | ret=SUCCESS |  
2019-08-24 07:08:31,894 | INFO  | DNAudit | user=null | ip=null | op=WRITE_CHUNK {blockData=conID: 2 locID: 102670697222046239 bcsId: 2926} | ret=SUCCESS |  
2019-08-24 07:08:31,905 | INFO  | DNAudit | user=null | ip=null | op=WRITE_CHUNK {blockData=conID: 2 locID: 102670697222046239 bcsId: 2926} | ret=SUCCESS |  
2019-08-24 07:08:31,905 | INFO  | DNAudit | user=null | ip=null | op=PUT_BLOCK {blockData=[blockId=conID: 2 locID: 102670697222046239 bcsId: 0,size=4194304]} | ret=SUCCESS |  
2019-08-24 07:08:31,905 [grpc-default-executor-1] INFO  client.GrpcClientProtocolClient (GrpcClientProtocolClient.java:onNext(255)) - client-6EDD19400D46->06a4573b-67a1-41e3-a350-f896363bc636: receive RaftClientReply:client-6EDD19400D46->06a4573b-67a1-41e3-a350-f896363bc636@group-757E3781CD2A, cid=2004, SUCCESS, logIndex=2929, commits[06a4573b-67a1-41e3-a350-f896363bc636:c2930, 0b725bbf-683b-4664-9a2e-3c9dd6e38bc1:c2927, 9193e3b7-ae04-484d-a740-c65c11559486:c2927]
2019-08-24 07:08:31,905 [grpc-default-executor-1] INFO  client.GrpcClientProtocolClient (GrpcClientProtocolClient.java:onNext(255)) - client-6EDD19400D46->06a4573b-67a1-41e3-a350-f896363bc636: receive RaftClientReply:client-6EDD19400D46->06a4573b-67a1-41e3-a350-f896363bc636@group-757E3781CD2A, cid=2005, SUCCESS, logIndex=2930, commits[06a4573b-67a1-41e3-a350-f896363bc636:c2930, 0b725bbf-683b-4664-9a2e-3c9dd6e38bc1:c2927, 9193e3b7-ae04-484d-a740-c65c11559486:c2927]
2019-08-24 07:08:31,916 | INFO  | DNAudit | user=null | ip=null | op=WRITE_CHUNK {blockData=conID: 2 locID: 102670697222046239 bcsId: 2926} | ret=SUCCESS |  
2019-08-24 07:08:31,916 | INFO  | DNAudit | user=null | ip=null | op=WRITE_CHUNK {blockData=conID: 2 locID: 102670697222046239 bcsId: 2926} | ret=SUCCESS |  
2019-08-24 07:08:31,919 | INFO  | DNAudit | user=null | ip=null | op=PUT_BLOCK {blockData=[blockId=conID: 2 locID: 102670697222046239 bcsId: 0,size=4194304]} | ret=SUCCESS |  
2019-08-24 07:08:31,919 | INFO  | DNAudit | user=null | ip=null | op=PUT_BLOCK {blockData=[blockId=conID: 2 locID: 102670697222046239 bcsId: 0,size=4194304]} | ret=SUCCESS |  
2019-08-24 07:08:31,919 [grpc-default-executor-1] INFO  client.GrpcClientProtocolClient (GrpcClientProtocolClient.java:onNext(255)) - client-6EDD19400D46->06a4573b-67a1-41e3-a350-f896363bc636: receive RaftClientReply:client-6EDD19400D46->06a4573b-67a1-41e3-a350-f896363bc636@group-757E3781CD2A, cid=2006, SUCCESS, logIndex=0, commits[06a4573b-67a1-41e3-a350-f896363bc636:c2932, 0b725bbf-683b-4664-9a2e-3c9dd6e38bc1:c2930, 9193e3b7-ae04-484d-a740-c65c11559486:c2930]
2019-08-24 07:08:31,923 | INFO  | SCMAudit | user=jenkins1000 | ip=192.168.69.125 | op=ALLOCATE_BLOCK {owner=61bacca8-15b6-4a50-8962-5e9786b18b0d, size=4194304, type=RATIS, factor=THREE} | ret=SUCCESS |  
2019-08-24 07:08:31,927 | INFO  | OMAudit | user=jenkins1000 | ip=127.0.0.1 | op=ALLOCATE_BLOCK {volume=vol-0-26988, bucket=bucket-0-20739, key=key-0-27353, dataSize=0, replicationType=null, replicationFactor=null, keyLocationInfo=null, clientID=102670695851229586} | ret=SUCCESS |  
 0.00% |█                                                                                                    |  0/1 Time: 0:00:212019-08-24 07:08:32,504 | INFO  | DNAudit | user=null | ip=null | op=WRITE_CHUNK {blockData=conID: 3 locID: 102670697229386272 bcsId: 0} | ret=SUCCESS |  
2019-08-24 07:08:32,504 | INFO  | SCMAudit | user=jenkins1000 | ip=192.168.69.125 | op=SEND_HEARTBEAT {datanodeUUID=b8548da6-9cc6-46be-8dd4-5219531f5960, command=[]} | ret=SUCCESS |  
2019-08-24 07:08:32,504 | INFO  | SCMAudit | user=jenkins1000 | ip=192.168.69.125 | op=SEND_HEARTBEAT {datanodeUUID=06a4573b-67a1-41e3-a350-f896363bc636, command=[]} | ret=SUCCESS |  
2019-08-24 07:08:32,504 | INFO  | SCMAudit | user=jenkins1000 | ip=192.168.69.125 | op=SEND_HEARTBEAT {datanodeUUID=0b725bbf-683b-4664-9a2e-3c9dd6e38bc1, command=[]} | ret=SUCCESS |  
2019-08-24 07:08:32,504 | INFO  | SCMAudit | user=jenkins1000 | ip=192.168.69.125 | op=SEND_HEARTBEAT {datanodeUUID=25ce0803-6f34-4c69-82c0-892f08679042, command=[]} | ret=SUCCESS |  
2019-08-24 07:08:32,505 | INFO  | SCMAudit | user=jenkins1000 | ip=192.168.69.125 | op=SEND_HEARTBEAT {datanodeUUID=9193e3b7-ae04-484d-a740-c65c11559486, command=[]} | ret=SUCCESS |  
2019-08-24 07:08:32,507 | INFO  | DNAudit | user=null | ip=null | op=WRITE_CHUNK {blockData=conID: 3 locID: 102670697229386272 bcsId: 0} | ret=SUCCESS |  
2019-08-24 07:08:32,507 | INFO  | DNAudit | user=null | ip=null | op=WRITE_CHUNK {blockData=conID: 3 locID: 102670697229386272 bcsId: 0} | ret=SUCCESS |  
2019-08-24 07:08:32,509 | INFO  | DNAudit | user=null | ip=null | op=WRITE_CHUNK {blockData=conID: 3 locID: 102670697229386272 bcsId: 0} | ret=SUCCESS |  
2019-08-24 07:08:32,511 | INFO  | DNAudit | user=null | ip=null | op=WRITE_CHUNK {blockData=conID: 3 locID: 102670697229386272 bcsId: 0} | ret=SUCCESS |  
2019-08-24 07:08:32,511 | INFO  | DNAudit | user=null | ip=null | op=WRITE_CHUNK {blockData=conID: 3 locID: 102670697229386272 bcsId: 0} | ret=SUCCESS |  
2019-08-24 07:08:32,517 | INFO  | DNAudit | user=null | ip=null | op=WRITE_CHUNK {blockData=conID: 3 locID: 102670697229386272 bcsId: 0} | ret=SUCCESS |  
2019-08-24 07:08:32,518 | INFO  | DNAudit | user=null | ip=null | op=PUT_BLOCK {blockData=[blockId=conID: 3 locID: 102670697229386272 bcsId: 0,size=1048576]} | ret=SUCCESS |  
2019-08-24 07:08:32,518 | INFO  | DNAudit | user=null | ip=null | op=WRITE_CHUNK {blockData=conID: 3 locID: 102670697229386272 bcsId: 0} | ret=SUCCESS |  
2019-08-24 07:08:32,518 [grpc-default-executor-0] INFO  client.GrpcClientProtocolClient (GrpcClientProtocolClient.java:onNext(255)) - client-6EDD19400D46->06a4573b-67a1-41e3-a350-f896363bc636: receive RaftClientReply:client-6EDD19400D46->06a4573b-67a1-41e3-a350-f896363bc636@group-757E3781CD2A, cid=2007, SUCCESS, logIndex=2933, commits[06a4573b-67a1-41e3-a350-f896363bc636:c2936, 0b725bbf-683b-4664-9a2e-3c9dd6e38bc1:c2932, 9193e3b7-ae04-484d-a740-c65c11559486:c2932]
2019-08-24 07:08:32,519 | INFO  | DNAudit | user=null | ip=null | op=PUT_BLOCK {blockData=[blockId=conID: 3 locID: 102670697229386272 bcsId: 0,size=2097152]} | ret=SUCCESS |  
2019-08-24 07:08:32,519 [grpc-default-executor-0] INFO  client.GrpcClientProtocolClient (GrpcClientProtocolClient.java:onNext(255)) - client-6EDD19400D46->06a4573b-67a1-41e3-a350-f896363bc636: receive RaftClientReply:client-6EDD19400D46->06a4573b-67a1-41e3-a350-f896363bc636@group-757E3781CD2A, cid=2008, SUCCESS, logIndex=2934, commits[06a4573b-67a1-41e3-a350-f896363bc636:c2936, 0b725bbf-683b-4664-9a2e-3c9dd6e38bc1:c2932, 9193e3b7-ae04-484d-a740-c65c11559486:c2932]
2019-08-24 07:08:32,519 [grpc-default-executor-0] INFO  client.GrpcClientProtocolClient (GrpcClientProtocolClient.java:onNext(255)) - client-6EDD19400D46->06a4573b-67a1-41e3-a350-f896363bc636: receive RaftClientReply:client-6EDD19400D46->06a4573b-67a1-41e3-a350-f896363bc636@group-757E3781CD2A, cid=2009, SUCCESS, logIndex=2935, commits[06a4573b-67a1-41e3-a350-f896363bc636:c2936, 0b725bbf-683b-4664-9a2e-3c9dd6e38bc1:c2932, 9193e3b7-ae04-484d-a740-c65c11559486:c2932]
2019-08-24 07:08:32,519 [grpc-default-executor-0] INFO  client.GrpcClientProtocolClient (GrpcClientProtocolClient.java:onNext(255)) - client-6EDD19400D46->06a4573b-67a1-41e3-a350-f896363bc636: receive RaftClientReply:client-6EDD19400D46->06a4573b-67a1-41e3-a350-f896363bc636@group-757E3781CD2A, cid=2010, SUCCESS, logIndex=2936, commits[06a4573b-67a1-41e3-a350-f896363bc636:c2936, 0b725bbf-683b-4664-9a2e-3c9dd6e38bc1:c2932, 9193e3b7-ae04-484d-a740-c65c11559486:c2932]
2019-08-24 07:08:32,528 | INFO  | DNAudit | user=null | ip=null | op=WRITE_CHUNK {blockData=conID: 3 locID: 102670697229386272 bcsId: 0} | ret=SUCCESS |  
2019-08-24 07:08:32,529 | INFO  | DNAudit | user=null | ip=null | op=WRITE_CHUNK {blockData=conID: 3 locID: 102670697229386272 bcsId: 0} | ret=SUCCESS |  
2019-08-24 07:08:32,532 | INFO  | DNAudit | user=null | ip=null | op=PUT_BLOCK {blockData=[blockId=conID: 3 locID: 102670697229386272 bcsId: 0,size=1048576]} | ret=SUCCESS |  
2019-08-24 07:08:32,532 | INFO  | DNAudit | user=null | ip=null | op=PUT_BLOCK {blockData=[blockId=conID: 3 locID: 102670697229386272 bcsId: 0,size=1048576]} | ret=SUCCESS |  
2019-08-24 07:08:32,533 | INFO  | DNAudit | user=null | ip=null | op=WRITE_CHUNK {blockData=conID: 3 locID: 102670697229386272 bcsId: 0} | ret=SUCCESS |  
2019-08-24 07:08:32,533 | INFO  | DNAudit | user=null | ip=null | op=WRITE_CHUNK {blockData=conID: 3 locID: 102670697229386272 bcsId: 0} | ret=SUCCESS |  
2019-08-24 07:08:32,533 | INFO  | DNAudit | user=null | ip=null | op=PUT_BLOCK {blockData=[blockId=conID: 3 locID: 102670697229386272 bcsId: 0,size=2097152]} | ret=SUCCESS |  
2019-08-24 07:08:32,533 | INFO  | DNAudit | user=null | ip=null | op=PUT_BLOCK {blockData=[blockId=conID: 3 locID: 102670697229386272 bcsId: 0,size=2097152]} | ret=SUCCESS |  
2019-08-24 07:08:32,533 [grpc-default-executor-0] INFO  client.GrpcClientProtocolClient (GrpcClientProtocolClient.java:onNext(255)) - client-6EDD19400D46->06a4573b-67a1-41e3-a350-f896363bc636: receive RaftClientReply:client-6EDD19400D46->06a4573b-67a1-41e3-a350-f896363bc636@group-757E3781CD2A, cid=2011, SUCCESS, logIndex=0, commits[06a4573b-67a1-41e3-a350-f896363bc636:c2938, 0b725bbf-683b-4664-9a2e-3c9dd6e38bc1:c2934, 9193e3b7-ae04-484d-a740-c65c11559486:c2934]
2019-08-24 07:08:32,540 | INFO  | DNAudit | user=null | ip=null | op=WRITE_CHUNK {blockData=conID: 3 locID: 102670697229386272 bcsId: 2936} | ret=SUCCESS |  
2019-08-24 07:08:32,542 | INFO  | DNAudit | user=null | ip=null | op=WRITE_CHUNK {blockData=conID: 3 locID: 102670697229386272 bcsId: 2936} | ret=SUCCESS |  
2019-08-24 07:08:32,543 | INFO  | DNAudit | user=null | ip=null | op=WRITE_CHUNK {blockData=conID: 3 locID: 102670697229386272 bcsId: 2936} | ret=SUCCESS |  
2019-08-24 07:08:32,553 | INFO  | DNAudit | user=null | ip=null | op=WRITE_CHUNK {blockData=conID: 3 locID: 102670697229386272 bcsId: 2936} | ret=SUCCESS |  
2019-08-24 07:08:32,553 | INFO  | DNAudit | user=null | ip=null | op=PUT_BLOCK {blockData=[blockId=conID: 3 locID: 102670697229386272 bcsId: 0,size=3145728]} | ret=SUCCESS |  
2019-08-24 07:08:32,553 [grpc-default-executor-1] INFO  client.GrpcClientProtocolClient (GrpcClientProtocolClient.java:onNext(255)) - client-6EDD19400D46->06a4573b-67a1-41e3-a350-f896363bc636: receive RaftClientReply:client-6EDD19400D46->06a4573b-67a1-41e3-a350-f896363bc636@group-757E3781CD2A, cid=2012, SUCCESS, logIndex=2941, commits[06a4573b-67a1-41e3-a350-f896363bc636:c2942, 0b725bbf-683b-4664-9a2e-3c9dd6e38bc1:c2940, 9193e3b7-ae04-484d-a740-c65c11559486:c2940]
2019-08-24 07:08:32,554 [grpc-default-executor-1] INFO  client.GrpcClientProtocolClient (GrpcClientProtocolClient.java:onNext(255)) - client-6EDD19400D46->06a4573b-67a1-41e3-a350-f896363bc636: receive RaftClientReply:client-6EDD19400D46->06a4573b-67a1-41e3-a350-f896363bc636@group-757E3781CD2A, cid=2013, SUCCESS, logIndex=2942, commits[06a4573b-67a1-41e3-a350-f896363bc636:c2942, 0b725bbf-683b-4664-9a2e-3c9dd6e38bc1:c2940, 9193e3b7-ae04-484d-a740-c65c11559486:c2940]
2019-08-24 07:08:32,560 | INFO  | DNAudit | user=null | ip=null | op=WRITE_CHUNK {blockData=conID: 3 locID: 102670697229386272 bcsId: 2942} | ret=SUCCESS |  
2019-08-24 07:08:32,564 | INFO  | DNAudit | user=null | ip=null | op=WRITE_CHUNK {blockData=conID: 3 locID: 102670697229386272 bcsId: 2942} | ret=SUCCESS |  
2019-08-24 07:08:32,564 | INFO  | DNAudit | user=null | ip=null | op=WRITE_CHUNK {blockData=conID: 3 locID: 102670697229386272 bcsId: 2942} | ret=SUCCESS |  
2019-08-24 07:08:32,564 | INFO  | DNAudit | user=null | ip=null | op=WRITE_CHUNK {blockData=conID: 3 locID: 102670697229386272 bcsId: 2936} | ret=SUCCESS |  
2019-08-24 07:08:32,564 | INFO  | DNAudit | user=null | ip=null | op=WRITE_CHUNK {blockData=conID: 3 locID: 102670697229386272 bcsId: 2936} | ret=SUCCESS |  
2019-08-24 07:08:32,567 | INFO  | DNAudit | user=null | ip=null | op=PUT_BLOCK {blockData=[blockId=conID: 3 locID: 102670697229386272 bcsId: 0,size=3145728]} | ret=SUCCESS |  
2019-08-24 07:08:32,567 | INFO  | DNAudit | user=null | ip=null | op=PUT_BLOCK {blockData=[blockId=conID: 3 locID: 102670697229386272 bcsId: 0,size=3145728]} | ret=SUCCESS |  
2019-08-24 07:08:32,567 | INFO  | DNAudit | user=null | ip=null | op=WRITE_CHUNK {blockData=conID: 3 locID: 102670697229386272 bcsId: 2942} | ret=SUCCESS |  
2019-08-24 07:08:32,568 | INFO  | DNAudit | user=null | ip=null | op=PUT_BLOCK {blockData=[blockId=conID: 3 locID: 102670697229386272 bcsId: 0,size=4194304]} | ret=SUCCESS |  
2019-08-24 07:08:32,568 [grpc-default-executor-0] INFO  client.GrpcClientProtocolClient (GrpcClientProtocolClient.java:onNext(255)) - client-6EDD19400D46->06a4573b-67a1-41e3-a350-f896363bc636: receive RaftClientReply:client-6EDD19400D46->06a4573b-67a1-41e3-a350-f896363bc636@group-757E3781CD2A, cid=2014, SUCCESS, logIndex=2945, commits[06a4573b-67a1-41e3-a350-f896363bc636:c2946, 0b725bbf-683b-4664-9a2e-3c9dd6e38bc1:c2942, 9193e3b7-ae04-484d-a740-c65c11559486:c2942]
2019-08-24 07:08:32,568 [grpc-default-executor-0] INFO  client.GrpcClientProtocolClient (GrpcClientProtocolClient.java:onNext(255)) - client-6EDD19400D46->06a4573b-67a1-41e3-a350-f896363bc636: receive RaftClientReply:client-6EDD19400D46->06a4573b-67a1-41e3-a350-f896363bc636@group-757E3781CD2A, cid=2015, SUCCESS, logIndex=2946, commits[06a4573b-67a1-41e3-a350-f896363bc636:c2946, 0b725bbf-683b-4664-9a2e-3c9dd6e38bc1:c2942, 9193e3b7-ae04-484d-a740-c65c11559486:c2942]
2019-08-24 07:08:32,580 | INFO  | DNAudit | user=null | ip=null | op=WRITE_CHUNK {blockData=conID: 3 locID: 102670697229386272 bcsId: 2942} | ret=SUCCESS |  
2019-08-24 07:08:32,581 | INFO  | DNAudit | user=null | ip=null | op=WRITE_CHUNK {blockData=conID: 3 locID: 102670697229386272 bcsId: 2942} | ret=SUCCESS |  
2019-08-24 07:08:32,592 | INFO  | DNAudit | user=null | ip=null | op=PUT_BLOCK {blockData=[blockId=conID: 3 locID: 102670697229386272 bcsId: 0,size=4194304]} | ret=SUCCESS |  
2019-08-24 07:08:32,592 | INFO  | DNAudit | user=null | ip=null | op=PUT_BLOCK {blockData=[blockId=conID: 3 locID: 102670697229386272 bcsId: 0,size=4194304]} | ret=SUCCESS |  
2019-08-24 07:08:32,592 [grpc-default-executor-0] INFO  client.GrpcClientProtocolClient (GrpcClientProtocolClient.java:onNext(255)) - client-6EDD19400D46->06a4573b-67a1-41e3-a350-f896363bc636: receive RaftClientReply:client-6EDD19400D46->06a4573b-67a1-41e3-a350-f896363bc636@group-757E3781CD2A, cid=2016, SUCCESS, logIndex=0, commits[06a4573b-67a1-41e3-a350-f896363bc636:c2948, 0b725bbf-683b-4664-9a2e-3c9dd6e38bc1:c2946, 9193e3b7-ae04-484d-a740-c65c11559486:c2946]
2019-08-24 07:08:32,597 | INFO  | SCMAudit | user=jenkins1000 | ip=192.168.69.125 | op=ALLOCATE_BLOCK {owner=61bacca8-15b6-4a50-8962-5e9786b18b0d, size=4194304, type=RATIS, factor=THREE} | ret=SUCCESS |  
2019-08-24 07:08:32,599 | INFO  | OMAudit | user=jenkins1000 | ip=127.0.0.1 | op=ALLOCATE_BLOCK {volume=vol-0-26988, bucket=bucket-0-20739, key=key-0-27353, dataSize=0, replicationType=null, replicationFactor=null, keyLocationInfo=null, clientID=102670695851229586} | ret=SUCCESS |  
2019-08-24 07:08:32,606 | INFO  | DNAudit | user=null | ip=null | op=WRITE_CHUNK {blockData=conID: 1 locID: 102670697273557537 bcsId: 0} | ret=SUCCESS |  
2019-08-24 07:08:32,608 | INFO  | DNAudit | user=null | ip=null | op=WRITE_CHUNK {blockData=conID: 1 locID: 102670697273557537 bcsId: 0} | ret=SUCCESS |  
2019-08-24 07:08:32,610 | INFO  | DNAudit | user=null | ip=null | op=WRITE_CHUNK {blockData=conID: 1 locID: 102670697273557537 bcsId: 0} | ret=SUCCESS |  
2019-08-24 07:08:32,610 | INFO  | DNAudit | user=null | ip=null | op=WRITE_CHUNK {blockData=conID: 1 locID: 102670697273557537 bcsId: 0} | ret=SUCCESS |  
2019-08-24 07:08:32,612 | INFO  | DNAudit | user=null | ip=null | op=WRITE_CHUNK {blockData=conID: 1 locID: 102670697273557537 bcsId: 0} | ret=SUCCESS |  
2019-08-24 07:08:32,612 | INFO  | DNAudit | user=null | ip=null | op=WRITE_CHUNK {blockData=conID: 1 locID: 102670697273557537 bcsId: 0} | ret=SUCCESS |  
2019-08-24 07:08:32,620 | INFO  | DNAudit | user=null | ip=null | op=WRITE_CHUNK {blockData=conID: 1 locID: 102670697273557537 bcsId: 0} | ret=SUCCESS |  
2019-08-24 07:08:32,621 | INFO  | DNAudit | user=null | ip=null | op=PUT_BLOCK {blockData=[blockId=conID: 1 locID: 102670697273557537 bcsId: 0,size=1048576]} | ret=SUCCESS |  
2019-08-24 07:08:32,621 [grpc-default-executor-2] INFO  client.GrpcClientProtocolClient (GrpcClientProtocolClient.java:onNext(255)) - client-6EDD19400D46->06a4573b-67a1-41e3-a350-f896363bc636: receive RaftClientReply:client-6EDD19400D46->06a4573b-67a1-41e3-a350-f896363bc636@group-757E3781CD2A, cid=2017, SUCCESS, logIndex=2949, commits[06a4573b-67a1-41e3-a350-f896363bc636:c2952, 0b725bbf-683b-4664-9a2e-3c9dd6e38bc1:c2948, 9193e3b7-ae04-484d-a740-c65c11559486:c2948]
2019-08-24 07:08:32,621 | INFO  | DNAudit | user=null | ip=null | op=WRITE_CHUNK {blockData=conID: 1 locID: 102670697273557537 bcsId: 0} | ret=SUCCESS |  
2019-08-24 07:08:32,621 [grpc-default-executor-2] INFO  client.GrpcClientProtocolClient (GrpcClientProtocolClient.java:onNext(255)) - client-6EDD19400D46->06a4573b-67a1-41e3-a350-f896363bc636: receive RaftClientReply:client-6EDD19400D46->06a4573b-67a1-41e3-a350-f896363bc636@group-757E3781CD2A, cid=2018, SUCCESS, logIndex=2950, commits[06a4573b-67a1-41e3-a350-f896363bc636:c2952, 0b725bbf-683b-4664-9a2e-3c9dd6e38bc1:c2948, 9193e3b7-ae04-484d-a740-c65c11559486:c2948]
2019-08-24 07:08:32,621 | INFO  | DNAudit | user=null | ip=null | op=PUT_BLOCK {blockData=[blockId=conID: 1 locID: 102670697273557537 bcsId: 0,size=2097152]} | ret=SUCCESS |  
2019-08-24 07:08:32,622 [grpc-default-executor-2] INFO  client.GrpcClientProtocolClient (GrpcClientProtocolClient.java:onNext(255)) - client-6EDD19400D46->06a4573b-67a1-41e3-a350-f896363bc636: receive RaftClientReply:client-6EDD19400D46->06a4573b-67a1-41e3-a350-f896363bc636@group-757E3781CD2A, cid=2019, SUCCESS, logIndex=2951, commits[06a4573b-67a1-41e3-a350-f896363bc636:c2952, 0b725bbf-683b-4664-9a2e-3c9dd6e38bc1:c2948, 9193e3b7-ae04-484d-a740-c65c11559486:c2948]
2019-08-24 07:08:32,622 [grpc-default-executor-2] INFO  client.GrpcClientProtocolClient (GrpcClientProtocolClient.java:onNext(255)) - client-6EDD19400D46->06a4573b-67a1-41e3-a350-f896363bc636: receive RaftClientReply:client-6EDD19400D46->06a4573b-67a1-41e3-a350-f896363bc636@group-757E3781CD2A, cid=2020, SUCCESS, logIndex=2952, commits[06a4573b-67a1-41e3-a350-f896363bc636:c2952, 0b725bbf-683b-4664-9a2e-3c9dd6e38bc1:c2948, 9193e3b7-ae04-484d-a740-c65c11559486:c2948]
2019-08-24 07:08:32,633 | INFO  | DNAudit | user=null | ip=null | op=WRITE_CHUNK {blockData=conID: 1 locID: 102670697273557537 bcsId: 0} | ret=SUCCESS |  
2019-08-24 07:08:32,634 | INFO  | DNAudit | user=null | ip=null | op=WRITE_CHUNK {blockData=conID: 1 locID: 102670697273557537 bcsId: 0} | ret=SUCCESS |  
2019-08-24 07:08:32,634 | INFO  | DNAudit | user=null | ip=null | op=PUT_BLOCK {blockData=[blockId=conID: 1 locID: 102670697273557537 bcsId: 0,size=1048576]} | ret=SUCCESS |  
2019-08-24 07:08:32,647 | INFO  | DNAudit | user=null | ip=null | op=WRITE_CHUNK {blockData=conID: 1 locID: 102670697273557537 bcsId: 0} | ret=SUCCESS |  
2019-08-24 07:08:32,647 | INFO  | DNAudit | user=null | ip=null | op=PUT_BLOCK {blockData=[blockId=conID: 1 locID: 102670697273557537 bcsId: 0,size=1048576]} | ret=SUCCESS |  
2019-08-24 07:08:32,647 | INFO  | DNAudit | user=null | ip=null | op=PUT_BLOCK {blockData=[blockId=conID: 1 locID: 102670697273557537 bcsId: 0,size=2097152]} | ret=SUCCESS |  
2019-08-24 07:08:32,647 | INFO  | DNAudit | user=null | ip=null | op=WRITE_CHUNK {blockData=conID: 1 locID: 102670697273557537 bcsId: 0} | ret=SUCCESS |  
2019-08-24 07:08:32,647 | INFO  | DNAudit | user=null | ip=null | op=PUT_BLOCK {blockData=[blockId=conID: 1 locID: 102670697273557537 bcsId: 0,size=2097152]} | ret=SUCCESS |  
2019-08-24 07:08:32,647 [grpc-default-executor-2] INFO  client.GrpcClientProtocolClient (GrpcClientProtocolClient.java:onNext(255)) - client-6EDD19400D46->06a4573b-67a1-41e3-a350-f896363bc636: receive RaftClientReply:client-6EDD19400D46->06a4573b-67a1-41e3-a350-f896363bc636@group-757E3781CD2A, cid=2021, SUCCESS, logIndex=0, commits[06a4573b-67a1-41e3-a350-f896363bc636:c2955, 0b725bbf-683b-4664-9a2e-3c9dd6e38bc1:c2952, 9193e3b7-ae04-484d-a740-c65c11559486:c2950]
2019-08-24 07:08:32,654 | INFO  | DNAudit | user=null | ip=null | op=WRITE_CHUNK {blockData=conID: 1 locID: 102670697273557537 bcsId: 2952} | ret=SUCCESS |  
2019-08-24 07:08:32,658 | INFO  | DNAudit | user=null | ip=null | op=WRITE_CHUNK {blockData=conID: 1 locID: 102670697273557537 bcsId: 2952} | ret=SUCCESS |  
2019-08-24 07:08:32,658 | INFO  | DNAudit | user=null | ip=null | op=WRITE_CHUNK {blockData=conID: 1 locID: 102670697273557537 bcsId: 2952} | ret=SUCCESS |  
2019-08-24 07:08:32,669 | INFO  | DNAudit | user=null | ip=null | op=WRITE_CHUNK {blockData=conID: 1 locID: 102670697273557537 bcsId: 2952} | ret=SUCCESS |  
2019-08-24 07:08:32,670 | INFO  | DNAudit | user=null | ip=null | op=PUT_BLOCK {blockData=[blockId=conID: 1 locID: 102670697273557537 bcsId: 0,size=3145728]} | ret=SUCCESS |  
2019-08-24 07:08:32,670 [grpc-default-executor-0] INFO  client.GrpcClientProtocolClient (GrpcClientProtocolClient.java:onNext(255)) - client-6EDD19400D46->06a4573b-67a1-41e3-a350-f896363bc636: receive RaftClientReply:client-6EDD19400D46->06a4573b-67a1-41e3-a350-f896363bc636@group-757E3781CD2A, cid=2022, SUCCESS, logIndex=2957, commits[06a4573b-67a1-41e3-a350-f896363bc636:c2958, 0b725bbf-683b-4664-9a2e-3c9dd6e38bc1:c2956, 9193e3b7-ae04-484d-a740-c65c11559486:c2956]
2019-08-24 07:08:32,670 [grpc-default-executor-0] INFO  client.GrpcClientProtocolClient (GrpcClientProtocolClient.java:onNext(255)) - client-6EDD19400D46->06a4573b-67a1-41e3-a350-f896363bc636: receive RaftClientReply:client-6EDD19400D46->06a4573b-67a1-41e3-a350-f896363bc636@group-757E3781CD2A, cid=2023, SUCCESS, logIndex=2958, commits[06a4573b-67a1-41e3-a350-f896363bc636:c2958, 0b725bbf-683b-4664-9a2e-3c9dd6e38bc1:c2956, 9193e3b7-ae04-484d-a740-c65c11559486:c2956]
2019-08-24 07:08:32,680 | INFO  | DNAudit | user=null | ip=null | op=WRITE_CHUNK {blockData=conID: 1 locID: 102670697273557537 bcsId: 2958} | ret=SUCCESS |  
2019-08-24 07:08:32,682 | INFO  | DNAudit | user=null | ip=null | op=WRITE_CHUNK {blockData=conID: 1 locID: 102670697273557537 bcsId: 2952} | ret=SUCCESS |  
2019-08-24 07:08:32,682 | INFO  | DNAudit | user=null | ip=null | op=WRITE_CHUNK {blockData=conID: 1 locID: 102670697273557537 bcsId: 2952} | ret=SUCCESS |  
2019-08-24 07:08:32,683 | INFO  | DNAudit | user=null | ip=null | op=WRITE_CHUNK {blockData=conID: 1 locID: 102670697273557537 bcsId: 2958} | ret=SUCCESS |  
2019-08-24 07:08:32,684 | INFO  | DNAudit | user=null | ip=null | op=WRITE_CHUNK {blockData=conID: 1 locID: 102670697273557537 bcsId: 2958} | ret=SUCCESS |  
2019-08-24 07:08:32,694 | INFO  | DNAudit | user=null | ip=null | op=PUT_BLOCK {blockData=[blockId=conID: 1 locID: 102670697273557537 bcsId: 0,size=3145728]} | ret=SUCCESS |  
2019-08-24 07:08:32,695 | INFO  | DNAudit | user=null | ip=null | op=PUT_BLOCK {blockData=[blockId=conID: 1 locID: 102670697273557537 bcsId: 0,size=3145728]} | ret=SUCCESS |  
2019-08-24 07:08:32,695 | INFO  | DNAudit | user=null | ip=null | op=WRITE_CHUNK {blockData=conID: 1 locID: 102670697273557537 bcsId: 2958} | ret=SUCCESS |  
2019-08-24 07:08:32,695 | INFO  | DNAudit | user=null | ip=null | op=PUT_BLOCK {blockData=[blockId=conID: 1 locID: 102670697273557537 bcsId: 0,size=4194304]} | ret=SUCCESS |  
2019-08-24 07:08:32,695 [grpc-default-executor-1] INFO  client.GrpcClientProtocolClient (GrpcClientProtocolClient.java:onNext(255)) - client-6EDD19400D46->06a4573b-67a1-41e3-a350-f896363bc636: receive RaftClientReply:client-6EDD19400D46->06a4573b-67a1-41e3-a350-f896363bc636@group-757E3781CD2A, cid=2024, SUCCESS, logIndex=2961, commits[06a4573b-67a1-41e3-a350-f896363bc636:c2962, 0b725bbf-683b-4664-9a2e-3c9dd6e38bc1:c2958, 9193e3b7-ae04-484d-a740-c65c11559486:c2958]
2019-08-24 07:08:32,696 [grpc-default-executor-1] INFO  client.GrpcClientProtocolClient (GrpcClientProtocolClient.java:onNext(255)) - client-6EDD19400D46->06a4573b-67a1-41e3-a350-f896363bc636: receive RaftClientReply:client-6EDD19400D46->06a4573b-67a1-41e3-a350-f896363bc636@group-757E3781CD2A, cid=2025, SUCCESS, logIndex=2962, commits[06a4573b-67a1-41e3-a350-f896363bc636:c2962, 0b725bbf-683b-4664-9a2e-3c9dd6e38bc1:c2958, 9193e3b7-ae04-484d-a740-c65c11559486:c2958]
2019-08-24 07:08:32,708 | INFO  | DNAudit | user=null | ip=null | op=WRITE_CHUNK {blockData=conID: 1 locID: 102670697273557537 bcsId: 2958} | ret=SUCCESS |  
2019-08-24 07:08:32,708 | INFO  | DNAudit | user=null | ip=null | op=WRITE_CHUNK {blockData=conID: 1 locID: 102670697273557537 bcsId: 2958} | ret=SUCCESS |  
2019-08-24 07:08:32,720 | INFO  | DNAudit | user=null | ip=null | op=PUT_BLOCK {blockData=[blockId=conID: 1 locID: 102670697273557537 bcsId: 0,size=4194304]} | ret=SUCCESS |  
2019-08-24 07:08:32,721 | INFO  | DNAudit | user=null | ip=null | op=PUT_BLOCK {blockData=[blockId=conID: 1 locID: 102670697273557537 bcsId: 0,size=4194304]} | ret=SUCCESS |  
2019-08-24 07:08:32,721 [grpc-default-executor-1] INFO  client.GrpcClientProtocolClient (GrpcClientProtocolClient.java:onNext(255)) - client-6EDD19400D46->06a4573b-67a1-41e3-a350-f896363bc636: receive RaftClientReply:client-6EDD19400D46->06a4573b-67a1-41e3-a350-f896363bc636@group-757E3781CD2A, cid=2026, SUCCESS, logIndex=0, commits[06a4573b-67a1-41e3-a350-f896363bc636:c2964, 0b725bbf-683b-4664-9a2e-3c9dd6e38bc1:c2962, 9193e3b7-ae04-484d-a740-c65c11559486:c2962]
2019-08-24 07:08:32,727 | INFO  | SCMAudit | user=jenkins1000 | ip=192.168.69.125 | op=ALLOCATE_BLOCK {owner=61bacca8-15b6-4a50-8962-5e9786b18b0d, size=4194304, type=RATIS, factor=THREE} | ret=SUCCESS |  
2019-08-24 07:08:32,731 | INFO  | OMAudit | user=jenkins1000 | ip=127.0.0.1 | op=ALLOCATE_BLOCK {volume=vol-0-26988, bucket=bucket-0-20739, key=key-0-27353, dataSize=0, replicationType=null, replicationFactor=null, keyLocationInfo=null, clientID=102670695851229586} | ret=SUCCESS |  
2019-08-24 07:08:32,739 | INFO  | DNAudit | user=null | ip=null | op=WRITE_CHUNK {blockData=conID: 2 locID: 102670697282077218 bcsId: 0} | ret=SUCCESS |  
2019-08-24 07:08:32,742 | INFO  | DNAudit | user=null | ip=null | op=WRITE_CHUNK {blockData=conID: 2 locID: 102670697282077218 bcsId: 0} | ret=SUCCESS |  
2019-08-24 07:08:32,742 | INFO  | DNAudit | user=null | ip=null | op=WRITE_CHUNK {blockData=conID: 2 locID: 102670697282077218 bcsId: 0} | ret=SUCCESS |  
2019-08-24 07:08:32,742 | INFO  | DNAudit | user=null | ip=null | op=WRITE_CHUNK {blockData=conID: 2 locID: 102670697282077218 bcsId: 0} | ret=SUCCESS |  
2019-08-24 07:08:32,744 | INFO  | DNAudit | user=null | ip=null | op=WRITE_CHUNK {blockData=conID: 2 locID: 102670697282077218 bcsId: 0} | ret=SUCCESS |  
2019-08-24 07:08:32,745 | INFO  | DNAudit | user=null | ip=null | op=WRITE_CHUNK {blockData=conID: 2 locID: 102670697282077218 bcsId: 0} | ret=SUCCESS |  
2019-08-24 07:08:32,758 | INFO  | DNAudit | user=null | ip=null | op=WRITE_CHUNK {blockData=conID: 2 locID: 102670697282077218 bcsId: 0} | ret=SUCCESS |  
2019-08-24 07:08:32,759 | INFO  | DNAudit | user=null | ip=null | op=PUT_BLOCK {blockData=[blockId=conID: 2 locID: 102670697282077218 bcsId: 0,size=1048576]} | ret=SUCCESS |  
2019-08-24 07:08:32,759 [grpc-default-executor-5] INFO  client.GrpcClientProtocolClient (GrpcClientProtocolClient.java:onNext(255)) - client-6EDD19400D46->06a4573b-67a1-41e3-a350-f896363bc636: receive RaftClientReply:client-6EDD19400D46->06a4573b-67a1-41e3-a350-f896363bc636@group-757E3781CD2A, cid=2027, SUCCESS, logIndex=2965, commits[06a4573b-67a1-41e3-a350-f896363bc636:c2966, 0b725bbf-683b-4664-9a2e-3c9dd6e38bc1:c2964, 9193e3b7-ae04-484d-a740-c65c11559486:c2964]
2019-08-24 07:08:32,759 | INFO  | DNAudit | user=null | ip=null | op=WRITE_CHUNK {blockData=conID: 2 locID: 102670697282077218 bcsId: 0} | ret=SUCCESS |  
2019-08-24 07:08:32,759 [grpc-default-executor-2] INFO  client.GrpcClientProtocolClient (GrpcClientProtocolClient.java:onNext(255)) - client-6EDD19400D46->06a4573b-67a1-41e3-a350-f896363bc636: receive RaftClientReply:client-6EDD19400D46->06a4573b-67a1-41e3-a350-f896363bc636@group-757E3781CD2A, cid=2028, SUCCESS, logIndex=2966, commits[06a4573b-67a1-41e3-a350-f896363bc636:c2968, 0b725bbf-683b-4664-9a2e-3c9dd6e38bc1:c2964, 9193e3b7-ae04-484d-a740-c65c11559486:c2964]
2019-08-24 07:08:32,759 | INFO  | DNAudit | user=null | ip=null | op=WRITE_CHUNK {blockData=conID: 2 locID: 102670697282077218 bcsId: 0} | ret=SUCCESS |  
2019-08-24 07:08:32,760 | INFO  | DNAudit | user=null | ip=null | op=PUT_BLOCK {blockData=[blockId=conID: 2 locID: 102670697282077218 bcsId: 0,size=2097152]} | ret=SUCCESS |  
2019-08-24 07:08:32,760 | INFO  | DNAudit | user=null | ip=null | op=PUT_BLOCK {blockData=[blockId=conID: 2 locID: 102670697282077218 bcsId: 0,size=1048576]} | ret=SUCCESS |  
2019-08-24 07:08:32,760 [grpc-default-executor-2] INFO  client.GrpcClientProtocolClient (GrpcClientProtocolClient.java:onNext(255)) - client-6EDD19400D46->06a4573b-67a1-41e3-a350-f896363bc636: receive RaftClientReply:client-6EDD19400D46->06a4573b-67a1-41e3-a350-f896363bc636@group-757E3781CD2A, cid=2029, SUCCESS, logIndex=2967, commits[06a4573b-67a1-41e3-a350-f896363bc636:c2968, 0b725bbf-683b-4664-9a2e-3c9dd6e38bc1:c2964, 9193e3b7-ae04-484d-a740-c65c11559486:c2964]
2019-08-24 07:08:32,760 [grpc-default-executor-2] INFO  client.GrpcClientProtocolClient (GrpcClientProtocolClient.java:onNext(255)) - client-6EDD19400D46->06a4573b-67a1-41e3-a350-f896363bc636: receive RaftClientReply:client-6EDD19400D46->06a4573b-67a1-41e3-a350-f896363bc636@group-757E3781CD2A, cid=2030, SUCCESS, logIndex=2968, commits[06a4573b-67a1-41e3-a350-f896363bc636:c2969, 0b725bbf-683b-4664-9a2e-3c9dd6e38bc1:c2966, 9193e3b7-ae04-484d-a740-c65c11559486:c2964]
2019-08-24 07:08:32,761 | INFO  | DNAudit | user=null | ip=null | op=WRITE_CHUNK {blockData=conID: 2 locID: 102670697282077218 bcsId: 0} | ret=SUCCESS |  
2019-08-24 07:08:32,762 | INFO  | DNAudit | user=null | ip=null | op=PUT_BLOCK {blockData=[blockId=conID: 2 locID: 102670697282077218 bcsId: 0,size=1048576]} | ret=SUCCESS |  
2019-08-24 07:08:32,762 [grpc-default-executor-2] INFO  client.GrpcClientProtocolClient (GrpcClientProtocolClient.java:onNext(255)) - client-6EDD19400D46->06a4573b-67a1-41e3-a350-f896363bc636: receive RaftClientReply:client-6EDD19400D46->06a4573b-67a1-41e3-a350-f896363bc636@group-757E3781CD2A, cid=2031, SUCCESS, logIndex=0, commits[06a4573b-67a1-41e3-a350-f896363bc636:c2969, 0b725bbf-683b-4664-9a2e-3c9dd6e38bc1:c2966, 9193e3b7-ae04-484d-a740-c65c11559486:c2966]
2019-08-24 07:08:32,763 | INFO  | DNAudit | user=null | ip=null | op=WRITE_CHUNK {blockData=conID: 2 locID: 102670697282077218 bcsId: 0} | ret=SUCCESS |  
2019-08-24 07:08:32,763 | INFO  | DNAudit | user=null | ip=null | op=PUT_BLOCK {blockData=[blockId=conID: 2 locID: 102670697282077218 bcsId: 0,size=2097152]} | ret=SUCCESS |  
2019-08-24 07:08:32,765 | INFO  | DNAudit | user=null | ip=null | op=WRITE_CHUNK {blockData=conID: 2 locID: 102670697282077218 bcsId: 0} | ret=SUCCESS |  
2019-08-24 07:08:32,765 | INFO  | DNAudit | user=null | ip=null | op=PUT_BLOCK {blockData=[blockId=conID: 2 locID: 102670697282077218 bcsId: 0,size=2097152]} | ret=SUCCESS |  
2019-08-24 07:08:32,769 | INFO  | DNAudit | user=null | ip=null | op=WRITE_CHUNK {blockData=conID: 2 locID: 102670697282077218 bcsId: 2968} | ret=SUCCESS |  
2019-08-24 07:08:32,772 | INFO  | DNAudit | user=null | ip=null | op=WRITE_CHUNK {blockData=conID: 2 locID: 102670697282077218 bcsId: 2968} | ret=SUCCESS |  
2019-08-24 07:08:32,773 | INFO  | DNAudit | user=null | ip=null | op=WRITE_CHUNK {blockData=conID: 2 locID: 102670697282077218 bcsId: 2968} | ret=SUCCESS |  
2019-08-24 07:08:32,780 | INFO  | DNAudit | user=null | ip=null | op=WRITE_CHUNK {blockData=conID: 2 locID: 102670697282077218 bcsId: 2968} | ret=SUCCESS |  
2019-08-24 07:08:32,780 | INFO  | DNAudit | user=null | ip=null | op=PUT_BLOCK {blockData=[blockId=conID: 2 locID: 102670697282077218 bcsId: 0,size=3145728]} | ret=SUCCESS |  
2019-08-24 07:08:32,781 [grpc-default-executor-5] INFO  client.GrpcClientProtocolClient (GrpcClientProtocolClient.java:onNext(255)) - client-6EDD19400D46->06a4573b-67a1-41e3-a350-f896363bc636: receive RaftClientReply:client-6EDD19400D46->06a4573b-67a1-41e3-a350-f896363bc636@group-757E3781CD2A, cid=2032, SUCCESS, logIndex=2972, commits[06a4573b-67a1-41e3-a350-f896363bc636:c2973, 0b725bbf-683b-4664-9a2e-3c9dd6e38bc1:c2971, 9193e3b7-ae04-484d-a740-c65c11559486:c2971]
2019-08-24 07:08:32,781 [grpc-default-executor-5] INFO  client.GrpcClientProtocolClient (GrpcClientProtocolClient.java:onNext(255)) - client-6EDD19400D46->06a4573b-67a1-41e3-a350-f896363bc636: receive RaftClientReply:client-6EDD19400D46->06a4573b-67a1-41e3-a350-f896363bc636@group-757E3781CD2A, cid=2033, SUCCESS, logIndex=2973, commits[06a4573b-67a1-41e3-a350-f896363bc636:c2973, 0b725bbf-683b-4664-9a2e-3c9dd6e38bc1:c2971, 9193e3b7-ae04-484d-a740-c65c11559486:c2971]
2019-08-24 07:08:32,788 | INFO  | DNAudit | user=null | ip=null | op=WRITE_CHUNK {blockData=conID: 2 locID: 102670697282077218 bcsId: 2973} | ret=SUCCESS |  
2019-08-24 07:08:32,790 | INFO  | DNAudit | user=null | ip=null | op=WRITE_CHUNK {blockData=conID: 2 locID: 102670697282077218 bcsId: 2973} | ret=SUCCESS |  
2019-08-24 07:08:32,790 | INFO  | DNAudit | user=null | ip=null | op=WRITE_CHUNK {blockData=conID: 2 locID: 102670697282077218 bcsId: 2973} | ret=SUCCESS |  
2019-08-24 07:08:32,799 | INFO  | DNAudit | user=null | ip=null | op=WRITE_CHUNK {blockData=conID: 2 locID: 102670697282077218 bcsId: 2968} | ret=SUCCESS |  
2019-08-24 07:08:32,799 | INFO  | DNAudit | user=null | ip=null | op=WRITE_CHUNK {blockData=conID: 2 locID: 102670697282077218 bcsId: 2968} | ret=SUCCESS |  
2019-08-24 07:08:32,799 | INFO  | DNAudit | user=null | ip=null | op=PUT_BLOCK {blockData=[blockId=conID: 2 locID: 102670697282077218 bcsId: 0,size=3145728]} | ret=SUCCESS |  
2019-08-24 07:08:32,799 | INFO  | DNAudit | user=null | ip=null | op=PUT_BLOCK {blockData=[blockId=conID: 2 locID: 102670697282077218 bcsId: 0,size=3145728]} | ret=SUCCESS |  
2019-08-24 07:08:32,811 | INFO  | DNAudit | user=null | ip=null | op=WRITE_CHUNK {blockData=conID: 2 locID: 102670697282077218 bcsId: 2973} | ret=SUCCESS |  
2019-08-24 07:08:32,811 | INFO  | DNAudit | user=null | ip=null | op=PUT_BLOCK {blockData=[blockId=conID: 2 locID: 102670697282077218 bcsId: 0,size=4194304]} | ret=SUCCESS |  
2019-08-24 07:08:32,811 [grpc-default-executor-1] INFO  client.GrpcClientProtocolClient (GrpcClientProtocolClient.java:onNext(255)) - client-6EDD19400D46->06a4573b-67a1-41e3-a350-f896363bc636: receive RaftClientReply:client-6EDD19400D46->06a4573b-67a1-41e3-a350-f896363bc636@group-757E3781CD2A, cid=2034, SUCCESS, logIndex=2976, commits[06a4573b-67a1-41e3-a350-f896363bc636:c2977, 0b725bbf-683b-4664-9a2e-3c9dd6e38bc1:c2973, 9193e3b7-ae04-484d-a740-c65c11559486:c2973]
2019-08-24 07:08:32,812 [grpc-default-executor-1] INFO  client.GrpcClientProtocolClient (GrpcClientProtocolClient.java:onNext(255)) - client-6EDD19400D46->06a4573b-67a1-41e3-a350-f896363bc636: receive RaftClientReply:client-6EDD19400D46->06a4573b-67a1-41e3-a350-f896363bc636@group-757E3781CD2A, cid=2035, SUCCESS, logIndex=2977, commits[06a4573b-67a1-41e3-a350-f896363bc636:c2977, 0b725bbf-683b-4664-9a2e-3c9dd6e38bc1:c2973, 9193e3b7-ae04-484d-a740-c65c11559486:c2973]
2019-08-24 07:08:32,833 | INFO  | DNAudit | user=null | ip=null | op=WRITE_CHUNK {blockData=conID: 2 locID: 102670697282077218 bcsId: 2973} | ret=SUCCESS |  
2019-08-24 07:08:32,833 | INFO  | DNAudit | user=null | ip=null | op=WRITE_CHUNK {blockData=conID: 2 locID: 102670697282077218 bcsId: 2973} | ret=SUCCESS |  
2019-08-24 07:08:32,834 | INFO  | DNAudit | user=null | ip=null | op=PUT_BLOCK {blockData=[blockId=conID: 2 locID: 102670697282077218 bcsId: 0,size=4194304]} | ret=SUCCESS |  
2019-08-24 07:08:32,836 | INFO  | DNAudit | user=null | ip=null | op=PUT_BLOCK {blockData=[blockId=conID: 2 locID: 102670697282077218 bcsId: 0,size=4194304]} | ret=SUCCESS |  
2019-08-24 07:08:32,837 [grpc-default-executor-5] INFO  client.GrpcClientProtocolClient (GrpcClientProtocolClient.java:onNext(255)) - client-6EDD19400D46->06a4573b-67a1-41e3-a350-f896363bc636: receive RaftClientReply:client-6EDD19400D46->06a4573b-67a1-41e3-a350-f896363bc636@group-757E3781CD2A, cid=2036, SUCCESS, logIndex=0, commits[06a4573b-67a1-41e3-a350-f896363bc636:c2979, 0b725bbf-683b-4664-9a2e-3c9dd6e38bc1:c2977, 9193e3b7-ae04-484d-a740-c65c11559486:c2977]
2019-08-24 07:08:32,843 | INFO  | SCMAudit | user=jenkins1000 | ip=192.168.69.125 | op=ALLOCATE_BLOCK {owner=61bacca8-15b6-4a50-8962-5e9786b18b0d, size=4194304, type=RATIS, factor=THREE} | ret=SUCCESS |  
2019-08-24 07:08:32,846 | INFO  | OMAudit | user=jenkins1000 | ip=127.0.0.1 | op=ALLOCATE_BLOCK {volume=vol-0-26988, bucket=bucket-0-20739, key=key-0-27353, dataSize=0, replicationType=null, replicationFactor=null, keyLocationInfo=null, clientID=102670695851229586} | ret=SUCCESS |  
2019-08-24 07:08:32,854 | INFO  | DNAudit | user=null | ip=null | op=WRITE_CHUNK {blockData=conID: 3 locID: 102670697289613859 bcsId: 0} | ret=SUCCESS |  
2019-08-24 07:08:32,856 | INFO  | DNAudit | user=null | ip=null | op=WRITE_CHUNK {blockData=conID: 3 locID: 102670697289613859 bcsId: 0} | ret=SUCCESS |  
2019-08-24 07:08:32,857 | INFO  | DNAudit | user=null | ip=null | op=WRITE_CHUNK {blockData=conID: 3 locID: 102670697289613859 bcsId: 0} | ret=SUCCESS |  
2019-08-24 07:08:32,857 | INFO  | DNAudit | user=null | ip=null | op=WRITE_CHUNK {blockData=conID: 3 locID: 102670697289613859 bcsId: 0} | ret=SUCCESS |  
2019-08-24 07:08:32,859 | INFO  | DNAudit | user=null | ip=null | op=WRITE_CHUNK {blockData=conID: 3 locID: 102670697289613859 bcsId: 0} | ret=SUCCESS |  
2019-08-24 07:08:32,860 | INFO  | DNAudit | user=null | ip=null | op=WRITE_CHUNK {blockData=conID: 3 locID: 102670697289613859 bcsId: 0} | ret=SUCCESS |  
2019-08-24 07:08:32,869 | INFO  | DNAudit | user=null | ip=null | op=WRITE_CHUNK {blockData=conID: 3 locID: 102670697289613859 bcsId: 0} | ret=SUCCESS |  
2019-08-24 07:08:32,869 | INFO  | DNAudit | user=null | ip=null | op=PUT_BLOCK {blockData=[blockId=conID: 3 locID: 102670697289613859 bcsId: 0,size=1048576]} | ret=SUCCESS |  
2019-08-24 07:08:32,869 [grpc-default-executor-0] INFO  client.GrpcClientProtocolClient (GrpcClientProtocolClient.java:onNext(255)) - client-6EDD19400D46->06a4573b-67a1-41e3-a350-f896363bc636: receive RaftClientReply:client-6EDD19400D46->06a4573b-67a1-41e3-a350-f896363bc636@group-757E3781CD2A, cid=2037, SUCCESS, logIndex=2980, commits[06a4573b-67a1-41e3-a350-f896363bc636:c2982, 0b725bbf-683b-4664-9a2e-3c9dd6e38bc1:c2979, 9193e3b7-ae04-484d-a740-c65c11559486:c2979]
2019-08-24 07:08:32,870 | INFO  | DNAudit | user=null | ip=null | op=WRITE_CHUNK {blockData=conID: 3 locID: 102670697289613859 bcsId: 0} | ret=SUCCESS |  
2019-08-24 07:08:32,870 [grpc-default-executor-0] INFO  client.GrpcClientProtocolClient (GrpcClientProtocolClient.java:onNext(255)) - client-6EDD19400D46->06a4573b-67a1-41e3-a350-f896363bc636: receive RaftClientReply:client-6EDD19400D46->06a4573b-67a1-41e3-a350-f896363bc636@group-757E3781CD2A, cid=2038, SUCCESS, logIndex=2981, commits[06a4573b-67a1-41e3-a350-f896363bc636:c2983, 0b725bbf-683b-4664-9a2e-3c9dd6e38bc1:c2979, 9193e3b7-ae04-484d-a740-c65c11559486:c2979]
2019-08-24 07:08:32,870 | INFO  | DNAudit | user=null | ip=null | op=PUT_BLOCK {blockData=[blockId=conID: 3 locID: 102670697289613859 bcsId: 0,size=2097152]} | ret=SUCCESS |  
2019-08-24 07:08:32,870 [grpc-default-executor-0] INFO  client.GrpcClientProtocolClient (GrpcClientProtocolClient.java:onNext(255)) - client-6EDD19400D46->06a4573b-67a1-41e3-a350-f896363bc636: receive RaftClientReply:client-6EDD19400D46->06a4573b-67a1-41e3-a350-f896363bc636@group-757E3781CD2A, cid=2039, SUCCESS, logIndex=2982, commits[06a4573b-67a1-41e3-a350-f896363bc636:c2983, 0b725bbf-683b-4664-9a2e-3c9dd6e38bc1:c2979, 9193e3b7-ae04-484d-a740-c65c11559486:c2979]
2019-08-24 07:08:32,871 [grpc-default-executor-0] INFO  client.GrpcClientProtocolClient (GrpcClientProtocolClient.java:onNext(255)) - client-6EDD19400D46->06a4573b-67a1-41e3-a350-f896363bc636: receive RaftClientReply:client-6EDD19400D46->06a4573b-67a1-41e3-a350-f896363bc636@group-757E3781CD2A, cid=2040, SUCCESS, logIndex=2983, commits[06a4573b-67a1-41e3-a350-f896363bc636:c2983, 0b725bbf-683b-4664-9a2e-3c9dd6e38bc1:c2979, 9193e3b7-ae04-484d-a740-c65c11559486:c2979]
2019-08-24 07:08:32,881 | INFO  | DNAudit | user=null | ip=null | op=WRITE_CHUNK {blockData=conID: 3 locID: 102670697289613859 bcsId: 0} | ret=SUCCESS |  
2019-08-24 07:08:32,903 | INFO  | DNAudit | user=null | ip=null | op=PUT_BLOCK {blockData=[blockId=conID: 3 locID: 102670697289613859 bcsId: 0,size=1048576]} | ret=SUCCESS |  
2019-08-24 07:08:32,903 | INFO  | DNAudit | user=null | ip=null | op=WRITE_CHUNK {blockData=conID: 3 locID: 102670697289613859 bcsId: 0} | ret=SUCCESS |  
2019-08-24 07:08:32,903 | INFO  | DNAudit | user=null | ip=null | op=PUT_BLOCK {blockData=[blockId=conID: 3 locID: 102670697289613859 bcsId: 0,size=2097152]} | ret=SUCCESS |  
2019-08-24 07:08:32,903 | INFO  | DNAudit | user=null | ip=null | op=WRITE_CHUNK {blockData=conID: 3 locID: 102670697289613859 bcsId: 0} | ret=SUCCESS |  
2019-08-24 07:08:32,904 | INFO  | DNAudit | user=null | ip=null | op=PUT_BLOCK {blockData=[blockId=conID: 3 locID: 102670697289613859 bcsId: 0,size=1048576]} | ret=SUCCESS |  
2019-08-24 07:08:32,904 | INFO  | DNAudit | user=null | ip=null | op=WRITE_CHUNK {blockData=conID: 3 locID: 102670697289613859 bcsId: 0} | ret=SUCCESS |  
2019-08-24 07:08:32,904 [grpc-default-executor-0] INFO  client.GrpcClientProtocolClient (GrpcClientProtocolClient.java:onNext(255)) - client-6EDD19400D46->06a4573b-67a1-41e3-a350-f896363bc636: receive RaftClientReply:client-6EDD19400D46->06a4573b-67a1-41e3-a350-f896363bc636@group-757E3781CD2A, cid=2041, SUCCESS, logIndex=0, commits[06a4573b-67a1-41e3-a350-f896363bc636:c2987, 0b725bbf-683b-4664-9a2e-3c9dd6e38bc1:c2981, 9193e3b7-ae04-484d-a740-c65c11559486:c2983]
2019-08-24 07:08:32,904 | INFO  | DNAudit | user=null | ip=null | op=PUT_BLOCK {blockData=[blockId=conID: 3 locID: 102670697289613859 bcsId: 0,size=2097152]} | ret=SUCCESS |  
2019-08-24 07:08:32,910 | INFO  | DNAudit | user=null | ip=null | op=WRITE_CHUNK {blockData=conID: 3 locID: 102670697289613859 bcsId: 2983} | ret=SUCCESS |  
2019-08-24 07:08:32,913 | INFO  | DNAudit | user=null | ip=null | op=WRITE_CHUNK {blockData=conID: 3 locID: 102670697289613859 bcsId: 2983} | ret=SUCCESS |  
2019-08-24 07:08:32,913 | INFO  | DNAudit | user=null | ip=null | op=WRITE_CHUNK {blockData=conID: 3 locID: 102670697289613859 bcsId: 2983} | ret=SUCCESS |  
2019-08-24 07:08:32,923 | INFO  | DNAudit | user=null | ip=null | op=WRITE_CHUNK {blockData=conID: 3 locID: 102670697289613859 bcsId: 2983} | ret=SUCCESS |  
2019-08-24 07:08:32,923 | INFO  | DNAudit | user=null | ip=null | op=PUT_BLOCK {blockData=[blockId=conID: 3 locID: 102670697289613859 bcsId: 0,size=3145728]} | ret=SUCCESS |  
2019-08-24 07:08:32,924 [grpc-default-executor-0] INFO  client.GrpcClientProtocolClient (GrpcClientProtocolClient.java:onNext(255)) - client-6EDD19400D46->06a4573b-67a1-41e3-a350-f896363bc636: receive RaftClientReply:client-6EDD19400D46->06a4573b-67a1-41e3-a350-f896363bc636@group-757E3781CD2A, cid=2042, SUCCESS, logIndex=2988, commits[06a4573b-67a1-41e3-a350-f896363bc636:c2989, 0b725bbf-683b-4664-9a2e-3c9dd6e38bc1:c2987, 9193e3b7-ae04-484d-a740-c65c11559486:c2987]
2019-08-24 07:08:32,924 [grpc-default-executor-0] INFO  client.GrpcClientProtocolClient (GrpcClientProtocolClient.java:onNext(255)) - client-6EDD19400D46->06a4573b-67a1-41e3-a350-f896363bc636: receive RaftClientReply:client-6EDD19400D46->06a4573b-67a1-41e3-a350-f896363bc636@group-757E3781CD2A, cid=2043, SUCCESS, logIndex=2989, commits[06a4573b-67a1-41e3-a350-f896363bc636:c2989, 0b725bbf-683b-4664-9a2e-3c9dd6e38bc1:c2987, 9193e3b7-ae04-484d-a740-c65c11559486:c2987]
2019-08-24 07:08:32,930 | INFO  | DNAudit | user=null | ip=null | op=WRITE_CHUNK {blockData=conID: 3 locID: 102670697289613859 bcsId: 2989} | ret=SUCCESS |  
2019-08-24 07:08:32,932 | INFO  | DNAudit | user=null | ip=null | op=WRITE_CHUNK {blockData=conID: 3 locID: 102670697289613859 bcsId: 2989} | ret=SUCCESS |  
2019-08-24 07:08:32,933 | INFO  | DNAudit | user=null | ip=null | op=WRITE_CHUNK {blockData=conID: 3 locID: 102670697289613859 bcsId: 2989} | ret=SUCCESS |  
2019-08-24 07:08:32,936 | INFO  | DNAudit | user=null | ip=null | op=WRITE_CHUNK {blockData=conID: 3 locID: 102670697289613859 bcsId: 2983} | ret=SUCCESS |  
2019-08-24 07:08:32,936 | INFO  | DNAudit | user=null | ip=null | op=WRITE_CHUNK {blockData=conID: 3 locID: 102670697289613859 bcsId: 2983} | ret=SUCCESS |  
2019-08-24 07:08:32,948 | INFO  | DNAudit | user=null | ip=null | op=PUT_BLOCK {blockData=[blockId=conID: 3 locID: 102670697289613859 bcsId: 0,size=3145728]} | ret=SUCCESS |  
2019-08-24 07:08:32,948 | INFO  | DNAudit | user=null | ip=null | op=PUT_BLOCK {blockData=[blockId=conID: 3 locID: 102670697289613859 bcsId: 0,size=3145728]} | ret=SUCCESS |  
2019-08-24 07:08:32,948 | INFO  | DNAudit | user=null | ip=null | op=WRITE_CHUNK {blockData=conID: 3 locID: 102670697289613859 bcsId: 2989} | ret=SUCCESS |  
2019-08-24 07:08:32,949 | INFO  | DNAudit | user=null | ip=null | op=PUT_BLOCK {blockData=[blockId=conID: 3 locID: 102670697289613859 bcsId: 0,size=4194304]} | ret=SUCCESS |  
2019-08-24 07:08:32,949 [grpc-default-executor-0] INFO  client.GrpcClientProtocolClient (GrpcClientProtocolClient.java:onNext(255)) - client-6EDD19400D46->06a4573b-67a1-41e3-a350-f896363bc636: receive RaftClientReply:client-6EDD19400D46->06a4573b-67a1-41e3-a350-f896363bc636@group-757E3781CD2A, cid=2044, SUCCESS, logIndex=2992, commits[06a4573b-67a1-41e3-a350-f896363bc636:c2993, 0b725bbf-683b-4664-9a2e-3c9dd6e38bc1:c2989, 9193e3b7-ae04-484d-a740-c65c11559486:c2989]
2019-08-24 07:08:32,949 [grpc-default-executor-0] INFO  client.GrpcClientProtocolClient (GrpcClientProtocolClient.java:onNext(255)) - client-6EDD19400D46->06a4573b-67a1-41e3-a350-f896363bc636: receive RaftClientReply:client-6EDD19400D46->06a4573b-67a1-41e3-a350-f896363bc636@group-757E3781CD2A, cid=2045, SUCCESS, logIndex=2993, commits[06a4573b-67a1-41e3-a350-f896363bc636:c2993, 0b725bbf-683b-4664-9a2e-3c9dd6e38bc1:c2989, 9193e3b7-ae04-484d-a740-c65c11559486:c2989]
2019-08-24 07:08:32,959 | INFO  | DNAudit | user=null | ip=null | op=WRITE_CHUNK {blockData=conID: 3 locID: 102670697289613859 bcsId: 2989} | ret=SUCCESS |  
2019-08-24 07:08:32,959 | INFO  | DNAudit | user=null | ip=null | op=WRITE_CHUNK {blockData=conID: 3 locID: 102670697289613859 bcsId: 2989} | ret=SUCCESS |  
2019-08-24 07:08:32,962 | INFO  | DNAudit | user=null | ip=null | op=PUT_BLOCK {blockData=[blockId=conID: 3 locID: 102670697289613859 bcsId: 0,size=4194304]} | ret=SUCCESS |  
2019-08-24 07:08:32,962 | INFO  | DNAudit | user=null | ip=null | op=PUT_BLOCK {blockData=[blockId=conID: 3 locID: 102670697289613859 bcsId: 0,size=4194304]} | ret=SUCCESS |  
2019-08-24 07:08:32,962 [grpc-default-executor-0] INFO  client.GrpcClientProtocolClient (GrpcClientProtocolClient.java:onNext(255)) - client-6EDD19400D46->06a4573b-67a1-41e3-a350-f896363bc636: receive RaftClientReply:client-6EDD19400D46->06a4573b-67a1-41e3-a350-f896363bc636@group-757E3781CD2A, cid=2046, SUCCESS, logIndex=0, commits[06a4573b-67a1-41e3-a350-f896363bc636:c2995, 0b725bbf-683b-4664-9a2e-3c9dd6e38bc1:c2993, 9193e3b7-ae04-484d-a740-c65c11559486:c2993]
2019-08-24 07:08:32,967 | INFO  | SCMAudit | user=jenkins1000 | ip=192.168.69.125 | op=ALLOCATE_BLOCK {owner=61bacca8-15b6-4a50-8962-5e9786b18b0d, size=4194304, type=RATIS, factor=THREE} | ret=SUCCESS |  
2019-08-24 07:08:32,971 | INFO  | OMAudit | user=jenkins1000 | ip=127.0.0.1 | op=ALLOCATE_BLOCK {volume=vol-0-26988, bucket=bucket-0-20739, key=key-0-27353, dataSize=0, replicationType=null, replicationFactor=null, keyLocationInfo=null, clientID=102670695851229586} | ret=SUCCESS |  
2019-08-24 07:08:32,977 | INFO  | DNAudit | user=null | ip=null | op=WRITE_CHUNK {blockData=conID: 1 locID: 102670697297805860 bcsId: 0} | ret=SUCCESS |  
2019-08-24 07:08:32,981 | INFO  | DNAudit | user=null | ip=null | op=WRITE_CHUNK {blockData=conID: 1 locID: 102670697297805860 bcsId: 0} | ret=SUCCESS |  
2019-08-24 07:08:32,981 | INFO  | DNAudit | user=null | ip=null | op=WRITE_CHUNK {blockData=conID: 1 locID: 102670697297805860 bcsId: 0} | ret=SUCCESS |  
2019-08-24 07:08:32,982 | INFO  | DNAudit | user=null | ip=null | op=WRITE_CHUNK {blockData=conID: 1 locID: 102670697297805860 bcsId: 0} | ret=SUCCESS |  
2019-08-24 07:08:32,983 | INFO  | DNAudit | user=null | ip=null | op=WRITE_CHUNK {blockData=conID: 1 locID: 102670697297805860 bcsId: 0} | ret=SUCCESS |  
2019-08-24 07:08:32,984 | INFO  | DNAudit | user=null | ip=null | op=WRITE_CHUNK {blockData=conID: 1 locID: 102670697297805860 bcsId: 0} | ret=SUCCESS |  
2019-08-24 07:08:32,992 | INFO  | DNAudit | user=null | ip=null | op=WRITE_CHUNK {blockData=conID: 1 locID: 102670697297805860 bcsId: 0} | ret=SUCCESS |  
2019-08-24 07:08:32,992 | INFO  | DNAudit | user=null | ip=null | op=PUT_BLOCK {blockData=[blockId=conID: 1 locID: 102670697297805860 bcsId: 0,size=1048576]} | ret=SUCCESS |  
2019-08-24 07:08:32,992 [grpc-default-executor-1] INFO  client.GrpcClientProtocolClient (GrpcClientProtocolClient.java:onNext(255)) - client-6EDD19400D46->06a4573b-67a1-41e3-a350-f896363bc636: receive RaftClientReply:client-6EDD19400D46->06a4573b-67a1-41e3-a350-f896363bc636@group-757E3781CD2A, cid=2047, SUCCESS, logIndex=2996, commits[06a4573b-67a1-41e3-a350-f896363bc636:c2997, 0b725bbf-683b-4664-9a2e-3c9dd6e38bc1:c2995, 9193e3b7-ae04-484d-a740-c65c11559486:c2995]
2019-08-24 07:08:32,993 [grpc-default-executor-1] INFO  client.GrpcClientProtocolClient (GrpcClientProtocolClient.java:onNext(255)) - client-6EDD19400D46->06a4573b-67a1-41e3-a350-f896363bc636: receive RaftClientReply:client-6EDD19400D46->06a4573b-67a1-41e3-a350-f896363bc636@group-757E3781CD2A, cid=2048, SUCCESS, logIndex=2997, commits[06a4573b-67a1-41e3-a350-f896363bc636:c2997, 0b725bbf-683b-4664-9a2e-3c9dd6e38bc1:c2995, 9193e3b7-ae04-484d-a740-c65c11559486:c2995]
2019-08-24 07:08:33,004 | INFO  | DNAudit | user=null | ip=null | op=WRITE_CHUNK {blockData=conID: 1 locID: 102670697297805860 bcsId: 0} | ret=SUCCESS |  
2019-08-24 07:08:33,005 | INFO  | DNAudit | user=null | ip=null | op=PUT_BLOCK {blockData=[blockId=conID: 1 locID: 102670697297805860 bcsId: 0,size=2097152]} | ret=SUCCESS |  
2019-08-24 07:08:33,005 [grpc-default-executor-2] INFO  client.GrpcClientProtocolClient (GrpcClientProtocolClient.java:onNext(255)) - client-6EDD19400D46->06a4573b-67a1-41e3-a350-f896363bc636: receive RaftClientReply:client-6EDD19400D46->06a4573b-67a1-41e3-a350-f896363bc636@group-757E3781CD2A, cid=2049, SUCCESS, logIndex=2998, commits[06a4573b-67a1-41e3-a350-f896363bc636:c2999, 0b725bbf-683b-4664-9a2e-3c9dd6e38bc1:c2995, 9193e3b7-ae04-484d-a740-c65c11559486:c2995]
2019-08-24 07:08:33,005 [grpc-default-executor-2] INFO  client.GrpcClientProtocolClient (GrpcClientProtocolClient.java:onNext(255)) - client-6EDD19400D46->06a4573b-67a1-41e3-a350-f896363bc636: receive RaftClientReply:client-6EDD19400D46->06a4573b-67a1-41e3-a350-f896363bc636@group-757E3781CD2A, cid=2050, SUCCESS, logIndex=2999, commits[06a4573b-67a1-41e3-a350-f896363bc636:c2999, 0b725bbf-683b-4664-9a2e-3c9dd6e38bc1:c2995, 9193e3b7-ae04-484d-a740-c65c11559486:c2995]
2019-08-24 07:08:33,017 | INFO  | DNAudit | user=null | ip=null | op=WRITE_CHUNK {blockData=conID: 1 locID: 102670697297805860 bcsId: 0} | ret=SUCCESS |  
2019-08-24 07:08:33,017 | INFO  | DNAudit | user=null | ip=null | op=WRITE_CHUNK {blockData=conID: 1 locID: 102670697297805860 bcsId: 0} | ret=SUCCESS |  
2019-08-24 07:08:33,018 | INFO  | DNAudit | user=null | ip=null | op=PUT_BLOCK {blockData=[blockId=conID: 1 locID: 102670697297805860 bcsId: 0,size=1048576]} | ret=SUCCESS |  
2019-08-24 07:08:33,018 | INFO  | DNAudit | user=null | ip=null | op=PUT_BLOCK {blockData=[blockId=conID: 1 locID: 102670697297805860 bcsId: 0,size=1048576]} | ret=SUCCESS |  
2019-08-24 07:08:33,018 [grpc-default-executor-2] INFO  client.GrpcClientProtocolClient (GrpcClientProtocolClient.java:onNext(255)) - client-6EDD19400D46->06a4573b-67a1-41e3-a350-f896363bc636: receive RaftClientReply:client-6EDD19400D46->06a4573b-67a1-41e3-a350-f896363bc636@group-757E3781CD2A, cid=2051, SUCCESS, logIndex=0, commits[06a4573b-67a1-41e3-a350-f896363bc636:c3001, 0b725bbf-683b-4664-9a2e-3c9dd6e38bc1:c2997, 9193e3b7-ae04-484d-a740-c65c11559486:c2997]
2019-08-24 07:08:33,025 | INFO  | DNAudit | user=null | ip=null | op=WRITE_CHUNK {blockData=conID: 1 locID: 102670697297805860 bcsId: 2999} | ret=SUCCESS |  
2019-08-24 07:08:33,028 | INFO  | DNAudit | user=null | ip=null | op=WRITE_CHUNK {blockData=conID: 1 locID: 102670697297805860 bcsId: 2999} | ret=SUCCESS |  
2019-08-24 07:08:33,028 | INFO  | DNAudit | user=null | ip=null | op=WRITE_CHUNK {blockData=conID: 1 locID: 102670697297805860 bcsId: 2999} | ret=SUCCESS |  
2019-08-24 07:08:33,030 | INFO  | DNAudit | user=null | ip=null | op=WRITE_CHUNK {blockData=conID: 1 locID: 102670697297805860 bcsId: 0} | ret=SUCCESS |  
2019-08-24 07:08:33,030 | INFO  | DNAudit | user=null | ip=null | op=WRITE_CHUNK {blockData=conID: 1 locID: 102670697297805860 bcsId: 0} | ret=SUCCESS |  
2019-08-24 07:08:33,031 | INFO  | DNAudit | user=null | ip=null | op=PUT_BLOCK {blockData=[blockId=conID: 1 locID: 102670697297805860 bcsId: 0,size=2097152]} | ret=SUCCESS |  
2019-08-24 07:08:33,031 | INFO  | DNAudit | user=null | ip=null | op=PUT_BLOCK {blockData=[blockId=conID: 1 locID: 102670697297805860 bcsId: 0,size=2097152]} | ret=SUCCESS |  
2019-08-24 07:08:33,043 | INFO  | DNAudit | user=null | ip=null | op=WRITE_CHUNK {blockData=conID: 1 locID: 102670697297805860 bcsId: 2999} | ret=SUCCESS |  
2019-08-24 07:08:33,044 | INFO  | DNAudit | user=null | ip=null | op=PUT_BLOCK {blockData=[blockId=conID: 1 locID: 102670697297805860 bcsId: 0,size=3145728]} | ret=SUCCESS |  
2019-08-24 07:08:33,044 [grpc-default-executor-1] INFO  client.GrpcClientProtocolClient (GrpcClientProtocolClient.java:onNext(255)) - client-6EDD19400D46->06a4573b-67a1-41e3-a350-f896363bc636: receive RaftClientReply:client-6EDD19400D46->06a4573b-67a1-41e3-a350-f896363bc636@group-757E3781CD2A, cid=2052, SUCCESS, logIndex=3004, commits[06a4573b-67a1-41e3-a350-f896363bc636:c3005, 0b725bbf-683b-4664-9a2e-3c9dd6e38bc1:c3001, 9193e3b7-ae04-484d-a740-c65c11559486:c3001]
2019-08-24 07:08:33,044 [grpc-default-executor-1] INFO  client.GrpcClientProtocolClient (GrpcClientProtocolClient.java:onNext(255)) - client-6EDD19400D46->06a4573b-67a1-41e3-a350-f896363bc636: receive RaftClientReply:client-6EDD19400D46->06a4573b-67a1-41e3-a350-f896363bc636@group-757E3781CD2A, cid=2053, SUCCESS, logIndex=3005, commits[06a4573b-67a1-41e3-a350-f896363bc636:c3005, 0b725bbf-683b-4664-9a2e-3c9dd6e38bc1:c3001, 9193e3b7-ae04-484d-a740-c65c11559486:c3001]
2019-08-24 07:08:33,051 | INFO  | DNAudit | user=null | ip=null | op=WRITE_CHUNK {blockData=conID: 1 locID: 102670697297805860 bcsId: 3005} | ret=SUCCESS |  
2019-08-24 07:08:33,054 | INFO  | DNAudit | user=null | ip=null | op=WRITE_CHUNK {blockData=conID: 1 locID: 102670697297805860 bcsId: 3005} | ret=SUCCESS |  
2019-08-24 07:08:33,054 | INFO  | DNAudit | user=null | ip=null | op=WRITE_CHUNK {blockData=conID: 1 locID: 102670697297805860 bcsId: 3005} | ret=SUCCESS |  
2019-08-24 07:08:33,067 | INFO  | DNAudit | user=null | ip=null | op=WRITE_CHUNK {blockData=conID: 1 locID: 102670697297805860 bcsId: 2999} | ret=SUCCESS |  
2019-08-24 07:08:33,068 | INFO  | DNAudit | user=null | ip=null | op=WRITE_CHUNK {blockData=conID: 1 locID: 102670697297805860 bcsId: 2999} | ret=SUCCESS |  
2019-08-24 07:08:33,069 | INFO  | DNAudit | user=null | ip=null | op=PUT_BLOCK {blockData=[blockId=conID: 1 locID: 102670697297805860 bcsId: 0,size=3145728]} | ret=SUCCESS |  
2019-08-24 07:08:33,069 | INFO  | DNAudit | user=null | ip=null | op=PUT_BLOCK {blockData=[blockId=conID: 1 locID: 102670697297805860 bcsId: 0,size=3145728]} | ret=SUCCESS |  
2019-08-24 07:08:33,069 | INFO  | DNAudit | user=null | ip=null | op=WRITE_CHUNK {blockData=conID: 1 locID: 102670697297805860 bcsId: 3005} | ret=SUCCESS |  
2019-08-24 07:08:33,070 | INFO  | DNAudit | user=null | ip=null | op=PUT_BLOCK {blockData=[blockId=conID: 1 locID: 102670697297805860 bcsId: 0,size=4194304]} | ret=SUCCESS |  
2019-08-24 07:08:33,070 [grpc-default-executor-1] INFO  client.GrpcClientProtocolClient (GrpcClientProtocolClient.java:onNext(255)) - client-6EDD19400D46->06a4573b-67a1-41e3-a350-f896363bc636: receive RaftClientReply:client-6EDD19400D46->06a4573b-67a1-41e3-a350-f896363bc636@group-757E3781CD2A, cid=2054, SUCCESS, logIndex=3008, commits[06a4573b-67a1-41e3-a350-f896363bc636:c3008, 0b725bbf-683b-4664-9a2e-3c9dd6e38bc1:c3005, 9193e3b7-ae04-484d-a740-c65c11559486:c3005]
2019-08-24 07:08:33,070 [grpc-default-executor-1] INFO  client.GrpcClientProtocolClient (GrpcClientProtocolClient.java:onNext(255)) - client-6EDD19400D46->06a4573b-67a1-41e3-a350-f896363bc636: receive RaftClientReply:client-6EDD19400D46->06a4573b-67a1-41e3-a350-f896363bc636@group-757E3781CD2A, cid=2055, SUCCESS, logIndex=3009, commits[06a4573b-67a1-41e3-a350-f896363bc636:c3009, 0b725bbf-683b-4664-9a2e-3c9dd6e38bc1:c3005, 9193e3b7-ae04-484d-a740-c65c11559486:c3005]
2019-08-24 07:08:33,081 | INFO  | DNAudit | user=null | ip=null | op=WRITE_CHUNK {blockData=conID: 1 locID: 102670697297805860 bcsId: 3005} | ret=SUCCESS |  
2019-08-24 07:08:33,081 | INFO  | DNAudit | user=null | ip=null | op=WRITE_CHUNK {blockData=conID: 1 locID: 102670697297805860 bcsId: 3005} | ret=SUCCESS |  
2019-08-24 07:08:33,084 | INFO  | DNAudit | user=null | ip=null | op=PUT_BLOCK {blockData=[blockId=conID: 1 locID: 102670697297805860 bcsId: 0,size=4194304]} | ret=SUCCESS |  
2019-08-24 07:08:33,084 | INFO  | DNAudit | user=null | ip=null | op=PUT_BLOCK {blockData=[blockId=conID: 1 locID: 102670697297805860 bcsId: 0,size=4194304]} | ret=SUCCESS |  
2019-08-24 07:08:33,084 [grpc-default-executor-1] INFO  client.GrpcClientProtocolClient (GrpcClientProtocolClient.java:onNext(255)) - client-6EDD19400D46->06a4573b-67a1-41e3-a350-f896363bc636: receive RaftClientReply:client-6EDD19400D46->06a4573b-67a1-41e3-a350-f896363bc636@group-757E3781CD2A, cid=2056, SUCCESS, logIndex=0, commits[06a4573b-67a1-41e3-a350-f896363bc636:c3011, 0b725bbf-683b-4664-9a2e-3c9dd6e38bc1:c3009, 9193e3b7-ae04-484d-a740-c65c11559486:c3009]
2019-08-24 07:08:33,089 | INFO  | SCMAudit | user=jenkins1000 | ip=192.168.69.125 | op=ALLOCATE_BLOCK {owner=61bacca8-15b6-4a50-8962-5e9786b18b0d, size=4194304, type=RATIS, factor=THREE} | ret=SUCCESS |  
2019-08-24 07:08:33,092 | INFO  | OMAudit | user=jenkins1000 | ip=127.0.0.1 | op=ALLOCATE_BLOCK {volume=vol-0-26988, bucket=bucket-0-20739, key=key-0-27353, dataSize=0, replicationType=null, replicationFactor=null, keyLocationInfo=null, clientID=102670695851229586} | ret=SUCCESS |  
2019-08-24 07:08:33,100 | INFO  | DNAudit | user=null | ip=null | op=WRITE_CHUNK {blockData=conID: 2 locID: 102670697305801253 bcsId: 0} | ret=SUCCESS |  
2019-08-24 07:08:33,103 | INFO  | DNAudit | user=null | ip=null | op=WRITE_CHUNK {blockData=conID: 2 locID: 102670697305801253 bcsId: 0} | ret=SUCCESS |  
2019-08-24 07:08:33,103 | INFO  | DNAudit | user=null | ip=null | op=WRITE_CHUNK {blockData=conID: 2 locID: 102670697305801253 bcsId: 0} | ret=SUCCESS |  
2019-08-24 07:08:33,103 | INFO  | DNAudit | user=null | ip=null | op=WRITE_CHUNK {blockData=conID: 2 locID: 102670697305801253 bcsId: 0} | ret=SUCCESS |  
2019-08-24 07:08:33,106 | INFO  | DNAudit | user=null | ip=null | op=WRITE_CHUNK {blockData=conID: 2 locID: 102670697305801253 bcsId: 0} | ret=SUCCESS |  
2019-08-24 07:08:33,106 | INFO  | DNAudit | user=null | ip=null | op=WRITE_CHUNK {blockData=conID: 2 locID: 102670697305801253 bcsId: 0} | ret=SUCCESS |  
2019-08-24 07:08:33,112 | INFO  | DNAudit | user=null | ip=null | op=WRITE_CHUNK {blockData=conID: 2 locID: 102670697305801253 bcsId: 0} | ret=SUCCESS |  
2019-08-24 07:08:33,113 | INFO  | DNAudit | user=null | ip=null | op=PUT_BLOCK {blockData=[blockId=conID: 2 locID: 102670697305801253 bcsId: 0,size=1048576]} | ret=SUCCESS |  
2019-08-24 07:08:33,113 [grpc-default-executor-2] INFO  client.GrpcClientProtocolClient (GrpcClientProtocolClient.java:onNext(255)) - client-6EDD19400D46->06a4573b-67a1-41e3-a350-f896363bc636: receive RaftClientReply:client-6EDD19400D46->06a4573b-67a1-41e3-a350-f896363bc636@group-757E3781CD2A, cid=2057, SUCCESS, logIndex=3012, commits[06a4573b-67a1-41e3-a350-f896363bc636:c3013, 0b725bbf-683b-4664-9a2e-3c9dd6e38bc1:c3011, 9193e3b7-ae04-484d-a740-c65c11559486:c3011]
2019-08-24 07:08:33,113 [grpc-default-executor-2] INFO  client.GrpcClientProtocolClient (GrpcClientProtocolClient.java:onNext(255)) - client-6EDD19400D46->06a4573b-67a1-41e3-a350-f896363bc636: receive RaftClientReply:client-6EDD19400D46->06a4573b-67a1-41e3-a350-f896363bc636@group-757E3781CD2A, cid=2058, SUCCESS, logIndex=3013, commits[06a4573b-67a1-41e3-a350-f896363bc636:c3013, 0b725bbf-683b-4664-9a2e-3c9dd6e38bc1:c3011, 9193e3b7-ae04-484d-a740-c65c11559486:c3011]
2019-08-24 07:08:33,114 | INFO  | DNAudit | user=null | ip=null | op=WRITE_CHUNK {blockData=conID: 2 locID: 102670697305801253 bcsId: 0} | ret=SUCCESS |  
2019-08-24 07:08:33,114 | INFO  | DNAudit | user=null | ip=null | op=PUT_BLOCK {blockData=[blockId=conID: 2 locID: 102670697305801253 bcsId: 0,size=2097152]} | ret=SUCCESS |  
2019-08-24 07:08:33,114 [grpc-default-executor-1] INFO  client.GrpcClientProtocolClient (GrpcClientProtocolClient.java:onNext(255)) - client-6EDD19400D46->06a4573b-67a1-41e3-a350-f896363bc636: receive RaftClientReply:client-6EDD19400D46->06a4573b-67a1-41e3-a350-f896363bc636@group-757E3781CD2A, cid=2059, SUCCESS, logIndex=3014, commits[06a4573b-67a1-41e3-a350-f896363bc636:c3015, 0b725bbf-683b-4664-9a2e-3c9dd6e38bc1:c3011, 9193e3b7-ae04-484d-a740-c65c11559486:c3011]
2019-08-24 07:08:33,115 | INFO  | DNAudit | user=null | ip=null | op=WRITE_CHUNK {blockData=conID: 2 locID: 102670697305801253 bcsId: 0} | ret=SUCCESS |  
2019-08-24 07:08:33,115 [grpc-default-executor-1] INFO  client.GrpcClientProtocolClient (GrpcClientProtocolClient.java:onNext(255)) - client-6EDD19400D46->06a4573b-67a1-41e3-a350-f896363bc636: receive RaftClientReply:client-6EDD19400D46->06a4573b-67a1-41e3-a350-f896363bc636@group-757E3781CD2A, cid=2060, SUCCESS, logIndex=3015, commits[06a4573b-67a1-41e3-a350-f896363bc636:c3015, 0b725bbf-683b-4664-9a2e-3c9dd6e38bc1:c3011, 9193e3b7-ae04-484d-a740-c65c11559486:c3011]
2019-08-24 07:08:33,115 | INFO  | DNAudit | user=null | ip=null | op=PUT_BLOCK {blockData=[blockId=conID: 2 locID: 102670697305801253 bcsId: 0,size=1048576]} | ret=SUCCESS |  
2019-08-24 07:08:33,115 | INFO  | DNAudit | user=null | ip=null | op=WRITE_CHUNK {blockData=conID: 2 locID: 102670697305801253 bcsId: 0} | ret=SUCCESS |  
2019-08-24 07:08:33,116 | INFO  | DNAudit | user=null | ip=null | op=PUT_BLOCK {blockData=[blockId=conID: 2 locID: 102670697305801253 bcsId: 0,size=1048576]} | ret=SUCCESS |  
2019-08-24 07:08:33,116 [grpc-default-executor-0] INFO  client.GrpcClientProtocolClient (GrpcClientProtocolClient.java:onNext(255)) - client-6EDD19400D46->06a4573b-67a1-41e3-a350-f896363bc636: receive RaftClientReply:client-6EDD19400D46->06a4573b-67a1-41e3-a350-f896363bc636@group-757E3781CD2A, cid=2061, SUCCESS, logIndex=0, commits[06a4573b-67a1-41e3-a350-f896363bc636:c3017, 0b725bbf-683b-4664-9a2e-3c9dd6e38bc1:c3013, 9193e3b7-ae04-484d-a740-c65c11559486:c3013]
2019-08-24 07:08:33,117 | INFO  | DNAudit | user=null | ip=null | op=WRITE_CHUNK {blockData=conID: 2 locID: 102670697305801253 bcsId: 0} | ret=SUCCESS |  
2019-08-24 07:08:33,117 | INFO  | DNAudit | user=null | ip=null | op=PUT_BLOCK {blockData=[blockId=conID: 2 locID: 102670697305801253 bcsId: 0,size=2097152]} | ret=SUCCESS |  
2019-08-24 07:08:33,118 | INFO  | DNAudit | user=null | ip=null | op=WRITE_CHUNK {blockData=conID: 2 locID: 102670697305801253 bcsId: 0} | ret=SUCCESS |  
2019-08-24 07:08:33,118 | INFO  | DNAudit | user=null | ip=null | op=PUT_BLOCK {blockData=[blockId=conID: 2 locID: 102670697305801253 bcsId: 0,size=2097152]} | ret=SUCCESS |  
2019-08-24 07:08:33,123 | INFO  | DNAudit | user=null | ip=null | op=WRITE_CHUNK {blockData=conID: 2 locID: 102670697305801253 bcsId: 3015} | ret=SUCCESS |  
2019-08-24 07:08:33,126 | INFO  | DNAudit | user=null | ip=null | op=WRITE_CHUNK {blockData=conID: 2 locID: 102670697305801253 bcsId: 3015} | ret=SUCCESS |  
2019-08-24 07:08:33,126 | INFO  | DNAudit | user=null | ip=null | op=WRITE_CHUNK {blockData=conID: 2 locID: 102670697305801253 bcsId: 3015} | ret=SUCCESS |  
2019-08-24 07:08:33,136 | INFO  | DNAudit | user=null | ip=null | op=WRITE_CHUNK {blockData=conID: 2 locID: 102670697305801253 bcsId: 3015} | ret=SUCCESS |  
2019-08-24 07:08:33,136 | INFO  | DNAudit | user=null | ip=null | op=PUT_BLOCK {blockData=[blockId=conID: 2 locID: 102670697305801253 bcsId: 0,size=3145728]} | ret=SUCCESS |  
2019-08-24 07:08:33,136 [grpc-default-executor-1] INFO  client.GrpcClientProtocolClient (GrpcClientProtocolClient.java:onNext(255)) - client-6EDD19400D46->06a4573b-67a1-41e3-a350-f896363bc636: receive RaftClientReply:client-6EDD19400D46->06a4573b-67a1-41e3-a350-f896363bc636@group-757E3781CD2A, cid=2062, SUCCESS, logIndex=3020, commits[06a4573b-67a1-41e3-a350-f896363bc636:c3021, 0b725bbf-683b-4664-9a2e-3c9dd6e38bc1:c3019, 9193e3b7-ae04-484d-a740-c65c11559486:c3019]
2019-08-24 07:08:33,136 [grpc-default-executor-1] INFO  client.GrpcClientProtocolClient (GrpcClientProtocolClient.java:onNext(255)) - client-6EDD19400D46->06a4573b-67a1-41e3-a350-f896363bc636: receive RaftClientReply:client-6EDD19400D46->06a4573b-67a1-41e3-a350-f896363bc636@group-757E3781CD2A, cid=2063, SUCCESS, logIndex=3021, commits[06a4573b-67a1-41e3-a350-f896363bc636:c3021, 0b725bbf-683b-4664-9a2e-3c9dd6e38bc1:c3019, 9193e3b7-ae04-484d-a740-c65c11559486:c3019]
2019-08-24 07:08:33,143 | INFO  | DNAudit | user=null | ip=null | op=WRITE_CHUNK {blockData=conID: 2 locID: 102670697305801253 bcsId: 3021} | ret=SUCCESS |  
2019-08-24 07:08:33,145 | INFO  | DNAudit | user=null | ip=null | op=WRITE_CHUNK {blockData=conID: 2 locID: 102670697305801253 bcsId: 3021} | ret=SUCCESS |  
2019-08-24 07:08:33,146 | INFO  | DNAudit | user=null | ip=null | op=WRITE_CHUNK {blockData=conID: 2 locID: 102670697305801253 bcsId: 3021} | ret=SUCCESS |  
2019-08-24 07:08:33,147 | INFO  | DNAudit | user=null | ip=null | op=WRITE_CHUNK {blockData=conID: 2 locID: 102670697305801253 bcsId: 3015} | ret=SUCCESS |  
2019-08-24 07:08:33,147 | INFO  | DNAudit | user=null | ip=null | op=WRITE_CHUNK {blockData=conID: 2 locID: 102670697305801253 bcsId: 3015} | ret=SUCCESS |  
2019-08-24 07:08:33,150 | INFO  | DNAudit | user=null | ip=null | op=PUT_BLOCK {blockData=[blockId=conID: 2 locID: 102670697305801253 bcsId: 0,size=3145728]} | ret=SUCCESS |  
2019-08-24 07:08:33,150 | INFO  | DNAudit | user=null | ip=null | op=PUT_BLOCK {blockData=[blockId=conID: 2 locID: 102670697305801253 bcsId: 0,size=3145728]} | ret=SUCCESS |  
2019-08-24 07:08:33,150 | INFO  | DNAudit | user=null | ip=null | op=WRITE_CHUNK {blockData=conID: 2 locID: 102670697305801253 bcsId: 3021} | ret=SUCCESS |  
2019-08-24 07:08:33,151 | INFO  | DNAudit | user=null | ip=null | op=PUT_BLOCK {blockData=[blockId=conID: 2 locID: 102670697305801253 bcsId: 0,size=4194304]} | ret=SUCCESS |  
2019-08-24 07:08:33,151 [grpc-default-executor-0] INFO  client.GrpcClientProtocolClient (GrpcClientProtocolClient.java:onNext(255)) - client-6EDD19400D46->06a4573b-67a1-41e3-a350-f896363bc636: receive RaftClientReply:client-6EDD19400D46->06a4573b-67a1-41e3-a350-f896363bc636@group-757E3781CD2A, cid=2064, SUCCESS, logIndex=3024, commits[06a4573b-67a1-41e3-a350-f896363bc636:c3025, 0b725bbf-683b-4664-9a2e-3c9dd6e38bc1:c3021, 9193e3b7-ae04-484d-a740-c65c11559486:c3021]
2019-08-24 07:08:33,151 [grpc-default-executor-0] INFO  client.GrpcClientProtocolClient (GrpcClientProtocolClient.java:onNext(255)) - client-6EDD19400D46->06a4573b-67a1-41e3-a350-f896363bc636: receive RaftClientReply:client-6EDD19400D46->06a4573b-67a1-41e3-a350-f896363bc636@group-757E3781CD2A, cid=2065, SUCCESS, logIndex=3025, commits[06a4573b-67a1-41e3-a350-f896363bc636:c3025, 0b725bbf-683b-4664-9a2e-3c9dd6e38bc1:c3021, 9193e3b7-ae04-484d-a740-c65c11559486:c3021]
2019-08-24 07:08:33,163 | INFO  | DNAudit | user=null | ip=null | op=WRITE_CHUNK {blockData=conID: 2 locID: 102670697305801253 bcsId: 3021} | ret=SUCCESS |  
2019-08-24 07:08:33,163 | INFO  | DNAudit | user=null | ip=null | op=WRITE_CHUNK {blockData=conID: 2 locID: 102670697305801253 bcsId: 3021} | ret=SUCCESS |  
2019-08-24 07:08:33,163 | INFO  | DNAudit | user=null | ip=null | op=PUT_BLOCK {blockData=[blockId=conID: 2 locID: 102670697305801253 bcsId: 0,size=4194304]} | ret=SUCCESS |  
2019-08-24 07:08:33,164 | INFO  | DNAudit | user=null | ip=null | op=PUT_BLOCK {blockData=[blockId=conID: 2 locID: 102670697305801253 bcsId: 0,size=4194304]} | ret=SUCCESS |  
2019-08-24 07:08:33,164 [grpc-default-executor-2] INFO  client.GrpcClientProtocolClient (GrpcClientProtocolClient.java:onNext(255)) - client-6EDD19400D46->06a4573b-67a1-41e3-a350-f896363bc636: receive RaftClientReply:client-6EDD19400D46->06a4573b-67a1-41e3-a350-f896363bc636@group-757E3781CD2A, cid=2066, SUCCESS, logIndex=0, commits[06a4573b-67a1-41e3-a350-f896363bc636:c3026, 0b725bbf-683b-4664-9a2e-3c9dd6e38bc1:c3025, 9193e3b7-ae04-484d-a740-c65c11559486:c3025]
2019-08-24 07:08:33,168 | INFO  | SCMAudit | user=jenkins1000 | ip=192.168.69.125 | op=ALLOCATE_BLOCK {owner=61bacca8-15b6-4a50-8962-5e9786b18b0d, size=4194304, type=RATIS, factor=THREE} | ret=SUCCESS |  
2019-08-24 07:08:33,170 | INFO  | OMAudit | user=jenkins1000 | ip=127.0.0.1 | op=ALLOCATE_BLOCK {volume=vol-0-26988, bucket=bucket-0-20739, key=key-0-27353, dataSize=0, replicationType=null, replicationFactor=null, keyLocationInfo=null, clientID=102670695851229586} | ret=SUCCESS |  
2019-08-24 07:08:33,177 | INFO  | DNAudit | user=null | ip=null | op=WRITE_CHUNK {blockData=conID: 3 locID: 102670697310913062 bcsId: 0} | ret=SUCCESS |  
2019-08-24 07:08:33,180 | INFO  | DNAudit | user=null | ip=null | op=WRITE_CHUNK {blockData=conID: 3 locID: 102670697310913062 bcsId: 0} | ret=SUCCESS |  
2019-08-24 07:08:33,180 | INFO  | DNAudit | user=null | ip=null | op=WRITE_CHUNK {blockData=conID: 3 locID: 102670697310913062 bcsId: 0} | ret=SUCCESS |  
2019-08-24 07:08:33,181 | INFO  | DNAudit | user=null | ip=null | op=WRITE_CHUNK {blockData=conID: 3 locID: 102670697310913062 bcsId: 0} | ret=SUCCESS |  
2019-08-24 07:08:33,183 | INFO  | DNAudit | user=null | ip=null | op=WRITE_CHUNK {blockData=conID: 3 locID: 102670697310913062 bcsId: 0} | ret=SUCCESS |  
2019-08-24 07:08:33,183 | INFO  | DNAudit | user=null | ip=null | op=WRITE_CHUNK {blockData=conID: 3 locID: 102670697310913062 bcsId: 0} | ret=SUCCESS |  
2019-08-24 07:08:33,189 | INFO  | DNAudit | user=null | ip=null | op=WRITE_CHUNK {blockData=conID: 3 locID: 102670697310913062 bcsId: 0} | ret=SUCCESS |  
2019-08-24 07:08:33,190 | INFO  | DNAudit | user=null | ip=null | op=PUT_BLOCK {blockData=[blockId=conID: 3 locID: 102670697310913062 bcsId: 0,size=1048576]} | ret=SUCCESS |  
2019-08-24 07:08:33,190 | INFO  | DNAudit | user=null | ip=null | op=WRITE_CHUNK {blockData=conID: 3 locID: 102670697310913062 bcsId: 0} | ret=SUCCESS |  
2019-08-24 07:08:33,190 [grpc-default-executor-1] INFO  client.GrpcClientProtocolClient (GrpcClientProtocolClient.java:onNext(255)) - client-6EDD19400D46->06a4573b-67a1-41e3-a350-f896363bc636: receive RaftClientReply:client-6EDD19400D46->06a4573b-67a1-41e3-a350-f896363bc636@group-757E3781CD2A, cid=2067, SUCCESS, logIndex=3028, commits[06a4573b-67a1-41e3-a350-f896363bc636:c3029, 0b725bbf-683b-4664-9a2e-3c9dd6e38bc1:c3026, 9193e3b7-ae04-484d-a740-c65c11559486:c3026]
2019-08-24 07:08:33,190 | INFO  | DNAudit | user=null | ip=null | op=PUT_BLOCK {blockData=[blockId=conID: 3 locID: 102670697310913062 bcsId: 0,size=2097152]} | ret=SUCCESS |  
2019-08-24 07:08:33,190 [grpc-default-executor-1] INFO  client.GrpcClientProtocolClient (GrpcClientProtocolClient.java:onNext(255)) - client-6EDD19400D46->06a4573b-67a1-41e3-a350-f896363bc636: receive RaftClientReply:client-6EDD19400D46->06a4573b-67a1-41e3-a350-f896363bc636@group-757E3781CD2A, cid=2068, SUCCESS, logIndex=3029, commits[06a4573b-67a1-41e3-a350-f896363bc636:c3031, 0b725bbf-683b-4664-9a2e-3c9dd6e38bc1:c3027, 9193e3b7-ae04-484d-a740-c65c11559486:c3026]
2019-08-24 07:08:33,191 [grpc-default-executor-1] INFO  client.GrpcClientProtocolClient (GrpcClientProtocolClient.java:onNext(255)) - client-6EDD19400D46->06a4573b-67a1-41e3-a350-f896363bc636: receive RaftClientReply:client-6EDD19400D46->06a4573b-67a1-41e3-a350-f896363bc636@group-757E3781CD2A, cid=2069, SUCCESS, logIndex=3030, commits[06a4573b-67a1-41e3-a350-f896363bc636:c3031, 0b725bbf-683b-4664-9a2e-3c9dd6e38bc1:c3027, 9193e3b7-ae04-484d-a740-c65c11559486:c3027]
2019-08-24 07:08:33,191 [grpc-default-executor-1] INFO  client.GrpcClientProtocolClient (GrpcClientProtocolClient.java:onNext(255)) - client-6EDD19400D46->06a4573b-67a1-41e3-a350-f896363bc636: receive RaftClientReply:client-6EDD19400D46->06a4573b-67a1-41e3-a350-f896363bc636@group-757E3781CD2A, cid=2070, SUCCESS, logIndex=3031, commits[06a4573b-67a1-41e3-a350-f896363bc636:c3031, 0b725bbf-683b-4664-9a2e-3c9dd6e38bc1:c3027, 9193e3b7-ae04-484d-a740-c65c11559486:c3027]
2019-08-24 07:08:33,192 | INFO  | DNAudit | user=null | ip=null | op=WRITE_CHUNK {blockData=conID: 3 locID: 102670697310913062 bcsId: 0} | ret=SUCCESS |  
2019-08-24 07:08:33,203 | INFO  | DNAudit | user=null | ip=null | op=WRITE_CHUNK {blockData=conID: 3 locID: 102670697310913062 bcsId: 0} | ret=SUCCESS |  
2019-08-24 07:08:33,204 | INFO  | DNAudit | user=null | ip=null | op=PUT_BLOCK {blockData=[blockId=conID: 3 locID: 102670697310913062 bcsId: 0,size=1048576]} | ret=SUCCESS |  
2019-08-24 07:08:33,206 | INFO  | DNAudit | user=null | ip=null | op=PUT_BLOCK {blockData=[blockId=conID: 3 locID: 102670697310913062 bcsId: 0,size=1048576]} | ret=SUCCESS |  
2019-08-24 07:08:33,206 | INFO  | DNAudit | user=null | ip=null | op=WRITE_CHUNK {blockData=conID: 3 locID: 102670697310913062 bcsId: 0} | ret=SUCCESS |  
2019-08-24 07:08:33,206 | INFO  | DNAudit | user=null | ip=null | op=PUT_BLOCK {blockData=[blockId=conID: 3 locID: 102670697310913062 bcsId: 0,size=2097152]} | ret=SUCCESS |  
2019-08-24 07:08:33,206 [grpc-default-executor-1] INFO  client.GrpcClientProtocolClient (GrpcClientProtocolClient.java:onNext(255)) - client-6EDD19400D46->06a4573b-67a1-41e3-a350-f896363bc636: receive RaftClientReply:client-6EDD19400D46->06a4573b-67a1-41e3-a350-f896363bc636@group-757E3781CD2A, cid=2071, SUCCESS, logIndex=0, commits[06a4573b-67a1-41e3-a350-f896363bc636:c3033, 0b725bbf-683b-4664-9a2e-3c9dd6e38bc1:c3029, 9193e3b7-ae04-484d-a740-c65c11559486:c3029]
2019-08-24 07:08:33,212 | INFO  | DNAudit | user=null | ip=null | op=WRITE_CHUNK {blockData=conID: 3 locID: 102670697310913062 bcsId: 3031} | ret=SUCCESS |  
2019-08-24 07:08:33,214 | INFO  | DNAudit | user=null | ip=null | op=WRITE_CHUNK {blockData=conID: 3 locID: 102670697310913062 bcsId: 3031} | ret=SUCCESS |  
2019-08-24 07:08:33,215 | INFO  | DNAudit | user=null | ip=null | op=WRITE_CHUNK {blockData=conID: 3 locID: 102670697310913062 bcsId: 3031} | ret=SUCCESS |  
2019-08-24 07:08:33,217 | INFO  | DNAudit | user=null | ip=null | op=WRITE_CHUNK {blockData=conID: 3 locID: 102670697310913062 bcsId: 0} | ret=SUCCESS |  
2019-08-24 07:08:33,217 | INFO  | DNAudit | user=null | ip=null | op=PUT_BLOCK {blockData=[blockId=conID: 3 locID: 102670697310913062 bcsId: 0,size=2097152]} | ret=SUCCESS |  
2019-08-24 07:08:33,233 | INFO  | DNAudit | user=null | ip=null | op=WRITE_CHUNK {blockData=conID: 3 locID: 102670697310913062 bcsId: 3031} | ret=SUCCESS |  
2019-08-24 07:08:33,234 | INFO  | DNAudit | user=null | ip=null | op=PUT_BLOCK {blockData=[blockId=conID: 3 locID: 102670697310913062 bcsId: 0,size=3145728]} | ret=SUCCESS |  
2019-08-24 07:08:33,234 [grpc-default-executor-0] INFO  client.GrpcClientProtocolClient (GrpcClientProtocolClient.java:onNext(255)) - client-6EDD19400D46->06a4573b-67a1-41e3-a350-f896363bc636: receive RaftClientReply:client-6EDD19400D46->06a4573b-67a1-41e3-a350-f896363bc636@group-757E3781CD2A, cid=2072, SUCCESS, logIndex=3035, commits[06a4573b-67a1-41e3-a350-f896363bc636:c3036, 0b725bbf-683b-4664-9a2e-3c9dd6e38bc1:c3034, 9193e3b7-ae04-484d-a740-c65c11559486:c3034]
2019-08-24 07:08:33,234 [grpc-default-executor-0] INFO  client.GrpcClientProtocolClient (GrpcClientProtocolClient.java:onNext(255)) - client-6EDD19400D46->06a4573b-67a1-41e3-a350-f896363bc636: receive RaftClientReply:client-6EDD19400D46->06a4573b-67a1-41e3-a350-f896363bc636@group-757E3781CD2A, cid=2073, SUCCESS, logIndex=3036, commits[06a4573b-67a1-41e3-a350-f896363bc636:c3036, 0b725bbf-683b-4664-9a2e-3c9dd6e38bc1:c3034, 9193e3b7-ae04-484d-a740-c65c11559486:c3034]
2019-08-24 07:08:33,240 | INFO  | DNAudit | user=null | ip=null | op=WRITE_CHUNK {blockData=conID: 3 locID: 102670697310913062 bcsId: 3036} | ret=SUCCESS |  
2019-08-24 07:08:33,243 | INFO  | DNAudit | user=null | ip=null | op=WRITE_CHUNK {blockData=conID: 3 locID: 102670697310913062 bcsId: 3036} | ret=SUCCESS |  
2019-08-24 07:08:33,244 | INFO  | DNAudit | user=null | ip=null | op=WRITE_CHUNK {blockData=conID: 3 locID: 102670697310913062 bcsId: 3036} | ret=SUCCESS |  
2019-08-24 07:08:33,246 | INFO  | DNAudit | user=null | ip=null | op=WRITE_CHUNK {blockData=conID: 3 locID: 102670697310913062 bcsId: 3031} | ret=SUCCESS |  
2019-08-24 07:08:33,246 | INFO  | DNAudit | user=null | ip=null | op=WRITE_CHUNK {blockData=conID: 3 locID: 102670697310913062 bcsId: 3031} | ret=SUCCESS |  
2019-08-24 07:08:33,247 | INFO  | DNAudit | user=null | ip=null | op=PUT_BLOCK {blockData=[blockId=conID: 3 locID: 102670697310913062 bcsId: 0,size=3145728]} | ret=SUCCESS |  
2019-08-24 07:08:33,247 | INFO  | DNAudit | user=null | ip=null | op=PUT_BLOCK {blockData=[blockId=conID: 3 locID: 102670697310913062 bcsId: 0,size=3145728]} | ret=SUCCESS |  
2019-08-24 07:08:33,259 | INFO  | DNAudit | user=null | ip=null | op=WRITE_CHUNK {blockData=conID: 3 locID: 102670697310913062 bcsId: 3036} | ret=SUCCESS |  
2019-08-24 07:08:33,260 | INFO  | DNAudit | user=null | ip=null | op=PUT_BLOCK {blockData=[blockId=conID: 3 locID: 102670697310913062 bcsId: 0,size=4194304]} | ret=SUCCESS |  
2019-08-24 07:08:33,260 [grpc-default-executor-1] INFO  client.GrpcClientProtocolClient (GrpcClientProtocolClient.java:onNext(255)) - client-6EDD19400D46->06a4573b-67a1-41e3-a350-f896363bc636: receive RaftClientReply:client-6EDD19400D46->06a4573b-67a1-41e3-a350-f896363bc636@group-757E3781CD2A, cid=2074, SUCCESS, logIndex=3039, commits[06a4573b-67a1-41e3-a350-f896363bc636:c3040, 0b725bbf-683b-4664-9a2e-3c9dd6e38bc1:c3036, 9193e3b7-ae04-484d-a740-c65c11559486:c3036]
2019-08-24 07:08:33,260 [grpc-default-executor-1] INFO  client.GrpcClientProtocolClient (GrpcClientProtocolClient.java:onNext(255)) - client-6EDD19400D46->06a4573b-67a1-41e3-a350-f896363bc636: receive RaftClientReply:client-6EDD19400D46->06a4573b-67a1-41e3-a350-f896363bc636@group-757E3781CD2A, cid=2075, SUCCESS, logIndex=3040, commits[06a4573b-67a1-41e3-a350-f896363bc636:c3040, 0b725bbf-683b-4664-9a2e-3c9dd6e38bc1:c3036, 9193e3b7-ae04-484d-a740-c65c11559486:c3036]
2019-08-24 07:08:33,272 | INFO  | DNAudit | user=null | ip=null | op=WRITE_CHUNK {blockData=conID: 3 locID: 102670697310913062 bcsId: 3036} | ret=SUCCESS |  
2019-08-24 07:08:33,272 | INFO  | DNAudit | user=null | ip=null | op=WRITE_CHUNK {blockData=conID: 3 locID: 102670697310913062 bcsId: 3036} | ret=SUCCESS |  
2019-08-24 07:08:33,285 | INFO  | DNAudit | user=null | ip=null | op=PUT_BLOCK {blockData=[blockId=conID: 3 locID: 102670697310913062 bcsId: 0,size=4194304]} | ret=SUCCESS |  
2019-08-24 07:08:33,285 | INFO  | DNAudit | user=null | ip=null | op=PUT_BLOCK {blockData=[blockId=conID: 3 locID: 102670697310913062 bcsId: 0,size=4194304]} | ret=SUCCESS |  
2019-08-24 07:08:33,286 [grpc-default-executor-1] INFO  client.GrpcClientProtocolClient (GrpcClientProtocolClient.java:onNext(255)) - client-6EDD19400D46->06a4573b-67a1-41e3-a350-f896363bc636: receive RaftClientReply:client-6EDD19400D46->06a4573b-67a1-41e3-a350-f896363bc636@group-757E3781CD2A, cid=2076, SUCCESS, logIndex=0, commits[06a4573b-67a1-41e3-a350-f896363bc636:c3041, 0b725bbf-683b-4664-9a2e-3c9dd6e38bc1:c3040, 9193e3b7-ae04-484d-a740-c65c11559486:c3040]
2019-08-24 07:08:33,289 | INFO  | SCMAudit | user=jenkins1000 | ip=192.168.69.125 | op=ALLOCATE_BLOCK {owner=61bacca8-15b6-4a50-8962-5e9786b18b0d, size=4194304, type=RATIS, factor=THREE} | ret=SUCCESS |  
2019-08-24 07:08:33,292 | INFO  | OMAudit | user=jenkins1000 | ip=127.0.0.1 | op=ALLOCATE_BLOCK {volume=vol-0-26988, bucket=bucket-0-20739, key=key-0-27353, dataSize=0, replicationType=null, replicationFactor=null, keyLocationInfo=null, clientID=102670695851229586} | ret=SUCCESS |  
2019-08-24 07:08:33,297 | INFO  | DNAudit | user=null | ip=null | op=WRITE_CHUNK {blockData=conID: 1 locID: 102670697318908455 bcsId: 0} | ret=SUCCESS |  
2019-08-24 07:08:33,300 | INFO  | DNAudit | user=null | ip=null | op=WRITE_CHUNK {blockData=conID: 1 locID: 102670697318908455 bcsId: 0} | ret=SUCCESS |  
2019-08-24 07:08:33,300 | INFO  | DNAudit | user=null | ip=null | op=WRITE_CHUNK {blockData=conID: 1 locID: 102670697318908455 bcsId: 0} | ret=SUCCESS |  
2019-08-24 07:08:33,301 | INFO  | DNAudit | user=null | ip=null | op=WRITE_CHUNK {blockData=conID: 1 locID: 102670697318908455 bcsId: 0} | ret=SUCCESS |  
2019-08-24 07:08:33,303 | INFO  | DNAudit | user=null | ip=null | op=WRITE_CHUNK {blockData=conID: 1 locID: 102670697318908455 bcsId: 0} | ret=SUCCESS |  
2019-08-24 07:08:33,304 | INFO  | DNAudit | user=null | ip=null | op=WRITE_CHUNK {blockData=conID: 1 locID: 102670697318908455 bcsId: 0} | ret=SUCCESS |  
2019-08-24 07:08:33,319 | INFO  | DNAudit | user=null | ip=null | op=WRITE_CHUNK {blockData=conID: 1 locID: 102670697318908455 bcsId: 0} | ret=SUCCESS |  
2019-08-24 07:08:33,320 | INFO  | DNAudit | user=null | ip=null | op=PUT_BLOCK {blockData=[blockId=conID: 1 locID: 102670697318908455 bcsId: 0,size=1048576]} | ret=SUCCESS |  
2019-08-24 07:08:33,320 | INFO  | DNAudit | user=null | ip=null | op=WRITE_CHUNK {blockData=conID: 1 locID: 102670697318908455 bcsId: 0} | ret=SUCCESS |  
2019-08-24 07:08:33,320 [grpc-default-executor-1] INFO  client.GrpcClientProtocolClient (GrpcClientProtocolClient.java:onNext(255)) - client-6EDD19400D46->06a4573b-67a1-41e3-a350-f896363bc636: receive RaftClientReply:client-6EDD19400D46->06a4573b-67a1-41e3-a350-f896363bc636@group-757E3781CD2A, cid=2077, SUCCESS, logIndex=3043, commits[06a4573b-67a1-41e3-a350-f896363bc636:c3046, 0b725bbf-683b-4664-9a2e-3c9dd6e38bc1:c3042, 9193e3b7-ae04-484d-a740-c65c11559486:c3042]
2019-08-24 07:08:33,320 | INFO  | DNAudit | user=null | ip=null | op=PUT_BLOCK {blockData=[blockId=conID: 1 locID: 102670697318908455 bcsId: 0,size=2097152]} | ret=SUCCESS |  
2019-08-24 07:08:33,320 [grpc-default-executor-1] INFO  client.GrpcClientProtocolClient (GrpcClientProtocolClient.java:onNext(255)) - client-6EDD19400D46->06a4573b-67a1-41e3-a350-f896363bc636: receive RaftClientReply:client-6EDD19400D46->06a4573b-67a1-41e3-a350-f896363bc636@group-757E3781CD2A, cid=2078, SUCCESS, logIndex=3044, commits[06a4573b-67a1-41e3-a350-f896363bc636:c3046, 0b725bbf-683b-4664-9a2e-3c9dd6e38bc1:c3042, 9193e3b7-ae04-484d-a740-c65c11559486:c3042]
2019-08-24 07:08:33,320 [grpc-default-executor-1] INFO  client.GrpcClientProtocolClient (GrpcClientProtocolClient.java:onNext(255)) - client-6EDD19400D46->06a4573b-67a1-41e3-a350-f896363bc636: receive RaftClientReply:client-6EDD19400D46->06a4573b-67a1-41e3-a350-f896363bc636@group-757E3781CD2A, cid=2079, SUCCESS, logIndex=3045, commits[06a4573b-67a1-41e3-a350-f896363bc636:c3046, 0b725bbf-683b-4664-9a2e-3c9dd6e38bc1:c3042, 9193e3b7-ae04-484d-a740-c65c11559486:c3042]
2019-08-24 07:08:33,321 [grpc-default-executor-1] INFO  client.GrpcClientProtocolClient (GrpcClientProtocolClient.java:onNext(255)) - client-6EDD19400D46->06a4573b-67a1-41e3-a350-f896363bc636: receive RaftClientReply:client-6EDD19400D46->06a4573b-67a1-41e3-a350-f896363bc636@group-757E3781CD2A, cid=2080, SUCCESS, logIndex=3046, commits[06a4573b-67a1-41e3-a350-f896363bc636:c3046, 0b725bbf-683b-4664-9a2e-3c9dd6e38bc1:c3042, 9193e3b7-ae04-484d-a740-c65c11559486:c3042]
2019-08-24 07:08:33,321 | INFO  | DNAudit | user=null | ip=null | op=WRITE_CHUNK {blockData=conID: 1 locID: 102670697318908455 bcsId: 0} | ret=SUCCESS |  
2019-08-24 07:08:33,321 | INFO  | DNAudit | user=null | ip=null | op=WRITE_CHUNK {blockData=conID: 1 locID: 102670697318908455 bcsId: 0} | ret=SUCCESS |  
2019-08-24 07:08:33,322 | INFO  | DNAudit | user=null | ip=null | op=PUT_BLOCK {blockData=[blockId=conID: 1 locID: 102670697318908455 bcsId: 0,size=1048576]} | ret=SUCCESS |  
2019-08-24 07:08:33,322 | INFO  | DNAudit | user=null | ip=null | op=WRITE_CHUNK {blockData=conID: 1 locID: 102670697318908455 bcsId: 0} | ret=SUCCESS |  
2019-08-24 07:08:33,324 | INFO  | DNAudit | user=null | ip=null | op=PUT_BLOCK {blockData=[blockId=conID: 1 locID: 102670697318908455 bcsId: 0,size=2097152]} | ret=SUCCESS |  
2019-08-24 07:08:33,324 | INFO  | DNAudit | user=null | ip=null | op=PUT_BLOCK {blockData=[blockId=conID: 1 locID: 102670697318908455 bcsId: 0,size=1048576]} | ret=SUCCESS |  
2019-08-24 07:08:33,324 | INFO  | DNAudit | user=null | ip=null | op=WRITE_CHUNK {blockData=conID: 1 locID: 102670697318908455 bcsId: 0} | ret=SUCCESS |  
2019-08-24 07:08:33,325 | INFO  | DNAudit | user=null | ip=null | op=PUT_BLOCK {blockData=[blockId=conID: 1 locID: 102670697318908455 bcsId: 0,size=2097152]} | ret=SUCCESS |  
2019-08-24 07:08:33,325 [grpc-default-executor-1] INFO  client.GrpcClientProtocolClient (GrpcClientProtocolClient.java:onNext(255)) - client-6EDD19400D46->06a4573b-67a1-41e3-a350-f896363bc636: receive RaftClientReply:client-6EDD19400D46->06a4573b-67a1-41e3-a350-f896363bc636@group-757E3781CD2A, cid=2081, SUCCESS, logIndex=0, commits[06a4573b-67a1-41e3-a350-f896363bc636:c3050, 0b725bbf-683b-4664-9a2e-3c9dd6e38bc1:c3044, 9193e3b7-ae04-484d-a740-c65c11559486:c3046]
2019-08-24 07:08:33,332 | INFO  | DNAudit | user=null | ip=null | op=WRITE_CHUNK {blockData=conID: 1 locID: 102670697318908455 bcsId: 3046} | ret=SUCCESS |  
2019-08-24 07:08:33,337 | INFO  | DNAudit | user=null | ip=null | op=WRITE_CHUNK {blockData=conID: 1 locID: 102670697318908455 bcsId: 3046} | ret=SUCCESS |  
2019-08-24 07:08:33,337 | INFO  | DNAudit | user=null | ip=null | op=WRITE_CHUNK {blockData=conID: 1 locID: 102670697318908455 bcsId: 3046} | ret=SUCCESS |  
2019-08-24 07:08:33,344 | INFO  | DNAudit | user=null | ip=null | op=WRITE_CHUNK {blockData=conID: 1 locID: 102670697318908455 bcsId: 3046} | ret=SUCCESS |  
2019-08-24 07:08:33,345 | INFO  | DNAudit | user=null | ip=null | op=PUT_BLOCK {blockData=[blockId=conID: 1 locID: 102670697318908455 bcsId: 0,size=3145728]} | ret=SUCCESS |  
2019-08-24 07:08:33,345 [grpc-default-executor-1] INFO  client.GrpcClientProtocolClient (GrpcClientProtocolClient.java:onNext(255)) - client-6EDD19400D46->06a4573b-67a1-41e3-a350-f896363bc636: receive RaftClientReply:client-6EDD19400D46->06a4573b-67a1-41e3-a350-f896363bc636@group-757E3781CD2A, cid=2082, SUCCESS, logIndex=3051, commits[06a4573b-67a1-41e3-a350-f896363bc636:c3052, 0b725bbf-683b-4664-9a2e-3c9dd6e38bc1:c3050, 9193e3b7-ae04-484d-a740-c65c11559486:c3050]
2019-08-24 07:08:33,345 [grpc-default-executor-1] INFO  client.GrpcClientProtocolClient (GrpcClientProtocolClient.java:onNext(255)) - client-6EDD19400D46->06a4573b-67a1-41e3-a350-f896363bc636: receive RaftClientReply:client-6EDD19400D46->06a4573b-67a1-41e3-a350-f896363bc636@group-757E3781CD2A, cid=2083, SUCCESS, logIndex=3052, commits[06a4573b-67a1-41e3-a350-f896363bc636:c3052, 0b725bbf-683b-4664-9a2e-3c9dd6e38bc1:c3050, 9193e3b7-ae04-484d-a740-c65c11559486:c3050]
2019-08-24 07:08:33,352 | INFO  | DNAudit | user=null | ip=null | op=WRITE_CHUNK {blockData=conID: 1 locID: 102670697318908455 bcsId: 3052} | ret=SUCCESS |  
2019-08-24 07:08:33,354 | INFO  | DNAudit | user=null | ip=null | op=WRITE_CHUNK {blockData=conID: 1 locID: 102670697318908455 bcsId: 3052} | ret=SUCCESS |  
2019-08-24 07:08:33,355 | INFO  | DNAudit | user=null | ip=null | op=WRITE_CHUNK {blockData=conID: 1 locID: 102670697318908455 bcsId: 3052} | ret=SUCCESS |  
2019-08-24 07:08:33,356 | INFO  | DNAudit | user=null | ip=null | op=WRITE_CHUNK {blockData=conID: 1 locID: 102670697318908455 bcsId: 3046} | ret=SUCCESS |  
2019-08-24 07:08:33,356 | INFO  | DNAudit | user=null | ip=null | op=WRITE_CHUNK {blockData=conID: 1 locID: 102670697318908455 bcsId: 3046} | ret=SUCCESS |  
2019-08-24 07:08:33,356 | INFO  | DNAudit | user=null | ip=null | op=PUT_BLOCK {blockData=[blockId=conID: 1 locID: 102670697318908455 bcsId: 0,size=3145728]} | ret=SUCCESS |  
2019-08-24 07:08:33,356 | INFO  | DNAudit | user=null | ip=null | op=PUT_BLOCK {blockData=[blockId=conID: 1 locID: 102670697318908455 bcsId: 0,size=3145728]} | ret=SUCCESS |  
2019-08-24 07:08:33,359 | INFO  | DNAudit | user=null | ip=null | op=WRITE_CHUNK {blockData=conID: 1 locID: 102670697318908455 bcsId: 3052} | ret=SUCCESS |  
2019-08-24 07:08:33,359 | INFO  | DNAudit | user=null | ip=null | op=PUT_BLOCK {blockData=[blockId=conID: 1 locID: 102670697318908455 bcsId: 0,size=4194304]} | ret=SUCCESS |  
2019-08-24 07:08:33,360 [grpc-default-executor-2] INFO  client.GrpcClientProtocolClient (GrpcClientProtocolClient.java:onNext(255)) - client-6EDD19400D46->06a4573b-67a1-41e3-a350-f896363bc636: receive RaftClientReply:client-6EDD19400D46->06a4573b-67a1-41e3-a350-f896363bc636@group-757E3781CD2A, cid=2084, SUCCESS, logIndex=3055, commits[06a4573b-67a1-41e3-a350-f896363bc636:c3056, 0b725bbf-683b-4664-9a2e-3c9dd6e38bc1:c3052, 9193e3b7-ae04-484d-a740-c65c11559486:c3052]
2019-08-24 07:08:33,360 [grpc-default-executor-2] INFO  client.GrpcClientProtocolClient (GrpcClientProtocolClient.java:onNext(255)) - client-6EDD19400D46->06a4573b-67a1-41e3-a350-f896363bc636: receive RaftClientReply:client-6EDD19400D46->06a4573b-67a1-41e3-a350-f896363bc636@group-757E3781CD2A, cid=2085, SUCCESS, logIndex=3056, commits[06a4573b-67a1-41e3-a350-f896363bc636:c3056, 0b725bbf-683b-4664-9a2e-3c9dd6e38bc1:c3052, 9193e3b7-ae04-484d-a740-c65c11559486:c3052]
2019-08-24 07:08:33,371 | INFO  | DNAudit | user=null | ip=null | op=WRITE_CHUNK {blockData=conID: 1 locID: 102670697318908455 bcsId: 3052} | ret=SUCCESS |  
2019-08-24 07:08:33,371 | INFO  | DNAudit | user=null | ip=null | op=WRITE_CHUNK {blockData=conID: 1 locID: 102670697318908455 bcsId: 3052} | ret=SUCCESS |  
2019-08-24 07:08:33,373 | INFO  | DNAudit | user=null | ip=null | op=PUT_BLOCK {blockData=[blockId=conID: 1 locID: 102670697318908455 bcsId: 0,size=4194304]} | ret=SUCCESS |  
2019-08-24 07:08:33,373 | INFO  | DNAudit | user=null | ip=null | op=PUT_BLOCK {blockData=[blockId=conID: 1 locID: 102670697318908455 bcsId: 0,size=4194304]} | ret=SUCCESS |  
2019-08-24 07:08:33,374 [grpc-default-executor-2] INFO  client.GrpcClientProtocolClient (GrpcClientProtocolClient.java:onNext(255)) - client-6EDD19400D46->06a4573b-67a1-41e3-a350-f896363bc636: receive RaftClientReply:client-6EDD19400D46->06a4573b-67a1-41e3-a350-f896363bc636@group-757E3781CD2A, cid=2086, SUCCESS, logIndex=0, commits[06a4573b-67a1-41e3-a350-f896363bc636:c3058, 0b725bbf-683b-4664-9a2e-3c9dd6e38bc1:c3056, 9193e3b7-ae04-484d-a740-c65c11559486:c3056]
2019-08-24 07:08:33,380 | INFO  | SCMAudit | user=jenkins1000 | ip=192.168.69.125 | op=ALLOCATE_BLOCK {owner=61bacca8-15b6-4a50-8962-5e9786b18b0d, size=4194304, type=RATIS, factor=THREE} | ret=SUCCESS |  
2019-08-24 07:08:33,384 | INFO  | OMAudit | user=jenkins1000 | ip=127.0.0.1 | op=ALLOCATE_BLOCK {volume=vol-0-26988, bucket=bucket-0-20739, key=key-0-27353, dataSize=0, replicationType=null, replicationFactor=null, keyLocationInfo=null, clientID=102670695851229586} | ret=SUCCESS |  
2019-08-24 07:08:33,392 | INFO  | DNAudit | user=null | ip=null | op=WRITE_CHUNK {blockData=conID: 2 locID: 102670697324872232 bcsId: 0} | ret=SUCCESS |  
2019-08-24 07:08:33,392 | INFO  | DNAudit | user=null | ip=null | op=WRITE_CHUNK {blockData=conID: 2 locID: 102670697324872232 bcsId: 0} | ret=SUCCESS |  
2019-08-24 07:08:33,395 | INFO  | DNAudit | user=null | ip=null | op=WRITE_CHUNK {blockData=conID: 2 locID: 102670697324872232 bcsId: 0} | ret=SUCCESS |  
2019-08-24 07:08:33,395 | INFO  | DNAudit | user=null | ip=null | op=WRITE_CHUNK {blockData=conID: 2 locID: 102670697324872232 bcsId: 0} | ret=SUCCESS |  
2019-08-24 07:08:33,396 | INFO  | DNAudit | user=null | ip=null | op=WRITE_CHUNK {blockData=conID: 2 locID: 102670697324872232 bcsId: 0} | ret=SUCCESS |  
2019-08-24 07:08:33,396 | INFO  | DNAudit | user=null | ip=null | op=WRITE_CHUNK {blockData=conID: 2 locID: 102670697324872232 bcsId: 0} | ret=SUCCESS |  
2019-08-24 07:08:33,405 | INFO  | DNAudit | user=null | ip=null | op=WRITE_CHUNK {blockData=conID: 2 locID: 102670697324872232 bcsId: 0} | ret=SUCCESS |  
2019-08-24 07:08:33,405 | INFO  | DNAudit | user=null | ip=null | op=PUT_BLOCK {blockData=[blockId=conID: 2 locID: 102670697324872232 bcsId: 0,size=1048576]} | ret=SUCCESS |  
2019-08-24 07:08:33,405 [grpc-default-executor-2] INFO  client.GrpcClientProtocolClient (GrpcClientProtocolClient.java:onNext(255)) - client-6EDD19400D46->06a4573b-67a1-41e3-a350-f896363bc636: receive RaftClientReply:client-6EDD19400D46->06a4573b-67a1-41e3-a350-f896363bc636@group-757E3781CD2A, cid=2087, SUCCESS, logIndex=3059, commits[06a4573b-67a1-41e3-a350-f896363bc636:c3061, 0b725bbf-683b-4664-9a2e-3c9dd6e38bc1:c3058, 9193e3b7-ae04-484d-a740-c65c11559486:c3058]
2019-08-24 07:08:33,405 | INFO  | DNAudit | user=null | ip=null | op=WRITE_CHUNK {blockData=conID: 2 locID: 102670697324872232 bcsId: 0} | ret=SUCCESS |  
2019-08-24 07:08:33,406 | INFO  | DNAudit | user=null | ip=null | op=PUT_BLOCK {blockData=[blockId=conID: 2 locID: 102670697324872232 bcsId: 0,size=2097152]} | ret=SUCCESS |  
2019-08-24 07:08:33,406 [grpc-default-executor-2] INFO  client.GrpcClientProtocolClient (GrpcClientProtocolClient.java:onNext(255)) - client-6EDD19400D46->06a4573b-67a1-41e3-a350-f896363bc636: receive RaftClientReply:client-6EDD19400D46->06a4573b-67a1-41e3-a350-f896363bc636@group-757E3781CD2A, cid=2088, SUCCESS, logIndex=3060, commits[06a4573b-67a1-41e3-a350-f896363bc636:c3062, 0b725bbf-683b-4664-9a2e-3c9dd6e38bc1:c3058, 9193e3b7-ae04-484d-a740-c65c11559486:c3058]
2019-08-24 07:08:33,406 [grpc-default-executor-2] INFO  client.GrpcClientProtocolClient (GrpcClientProtocolClient.java:onNext(255)) - client-6EDD19400D46->06a4573b-67a1-41e3-a350-f896363bc636: receive RaftClientReply:client-6EDD19400D46->06a4573b-67a1-41e3-a350-f896363bc636@group-757E3781CD2A, cid=2089, SUCCESS, logIndex=3061, commits[06a4573b-67a1-41e3-a350-f896363bc636:c3062, 0b725bbf-683b-4664-9a2e-3c9dd6e38bc1:c3058, 9193e3b7-ae04-484d-a740-c65c11559486:c3058]
2019-08-24 07:08:33,406 [grpc-default-executor-2] INFO  client.GrpcClientProtocolClient (GrpcClientProtocolClient.java:onNext(255)) - client-6EDD19400D46->06a4573b-67a1-41e3-a350-f896363bc636: receive RaftClientReply:client-6EDD19400D46->06a4573b-67a1-41e3-a350-f896363bc636@group-757E3781CD2A, cid=2090, SUCCESS, logIndex=3062, commits[06a4573b-67a1-41e3-a350-f896363bc636:c3062, 0b725bbf-683b-4664-9a2e-3c9dd6e38bc1:c3058, 9193e3b7-ae04-484d-a740-c65c11559486:c3058]
2019-08-24 07:08:33,416 | INFO  | DNAudit | user=null | ip=null | op=WRITE_CHUNK {blockData=conID: 2 locID: 102670697324872232 bcsId: 0} | ret=SUCCESS |  
2019-08-24 07:08:33,419 | INFO  | DNAudit | user=null | ip=null | op=PUT_BLOCK {blockData=[blockId=conID: 2 locID: 102670697324872232 bcsId: 0,size=1048576]} | ret=SUCCESS |  
2019-08-24 07:08:33,419 | INFO  | DNAudit | user=null | ip=null | op=WRITE_CHUNK {blockData=conID: 2 locID: 102670697324872232 bcsId: 0} | ret=SUCCESS |  
2019-08-24 07:08:33,419 | INFO  | DNAudit | user=null | ip=null | op=WRITE_CHUNK {blockData=conID: 2 locID: 102670697324872232 bcsId: 0} | ret=SUCCESS |  
2019-08-24 07:08:33,419 | INFO  | DNAudit | user=null | ip=null | op=PUT_BLOCK {blockData=[blockId=conID: 2 locID: 102670697324872232 bcsId: 0,size=2097152]} | ret=SUCCESS |  
2019-08-24 07:08:33,420 | INFO  | DNAudit | user=null | ip=null | op=PUT_BLOCK {blockData=[blockId=conID: 2 locID: 102670697324872232 bcsId: 0,size=1048576]} | ret=SUCCESS |  
2019-08-24 07:08:33,420 | INFO  | DNAudit | user=null | ip=null | op=WRITE_CHUNK {blockData=conID: 2 locID: 102670697324872232 bcsId: 0} | ret=SUCCESS |  
2019-08-24 07:08:33,420 | INFO  | DNAudit | user=null | ip=null | op=PUT_BLOCK {blockData=[blockId=conID: 2 locID: 102670697324872232 bcsId: 0,size=2097152]} | ret=SUCCESS |  
2019-08-24 07:08:33,420 [grpc-default-executor-2] INFO  client.GrpcClientProtocolClient (GrpcClientProtocolClient.java:onNext(255)) - client-6EDD19400D46->06a4573b-67a1-41e3-a350-f896363bc636: receive RaftClientReply:client-6EDD19400D46->06a4573b-67a1-41e3-a350-f896363bc636@group-757E3781CD2A, cid=2091, SUCCESS, logIndex=0, commits[06a4573b-67a1-41e3-a350-f896363bc636:c3066, 0b725bbf-683b-4664-9a2e-3c9dd6e38bc1:c3060, 9193e3b7-ae04-484d-a740-c65c11559486:c3062]
2019-08-24 07:08:33,427 | INFO  | DNAudit | user=null | ip=null | op=WRITE_CHUNK {blockData=conID: 2 locID: 102670697324872232 bcsId: 3062} | ret=SUCCESS |  
2019-08-24 07:08:33,430 | INFO  | DNAudit | user=null | ip=null | op=WRITE_CHUNK {blockData=conID: 2 locID: 102670697324872232 bcsId: 3062} | ret=SUCCESS |  
2019-08-24 07:08:33,431 | INFO  | DNAudit | user=null | ip=null | op=WRITE_CHUNK {blockData=conID: 2 locID: 102670697324872232 bcsId: 3062} | ret=SUCCESS |  
2019-08-24 07:08:33,441 | INFO  | DNAudit | user=null | ip=null | op=WRITE_CHUNK {blockData=conID: 2 locID: 102670697324872232 bcsId: 3062} | ret=SUCCESS |  
2019-08-24 07:08:33,442 | INFO  | DNAudit | user=null | ip=null | op=PUT_BLOCK {blockData=[blockId=conID: 2 locID: 102670697324872232 bcsId: 0,size=3145728]} | ret=SUCCESS |  
2019-08-24 07:08:33,442 [grpc-default-executor-1] INFO  client.GrpcClientProtocolClient (GrpcClientProtocolClient.java:onNext(255)) - client-6EDD19400D46->06a4573b-67a1-41e3-a350-f896363bc636: receive RaftClientReply:client-6EDD19400D46->06a4573b-67a1-41e3-a350-f896363bc636@group-757E3781CD2A, cid=2092, SUCCESS, logIndex=3067, commits[06a4573b-67a1-41e3-a350-f896363bc636:c3068, 0b725bbf-683b-4664-9a2e-3c9dd6e38bc1:c3066, 9193e3b7-ae04-484d-a740-c65c11559486:c3066]
2019-08-24 07:08:33,443 [grpc-default-executor-1] INFO  client.GrpcClientProtocolClient (GrpcClientProtocolClient.java:onNext(255)) - client-6EDD19400D46->06a4573b-67a1-41e3-a350-f896363bc636: receive RaftClientReply:client-6EDD19400D46->06a4573b-67a1-41e3-a350-f896363bc636@group-757E3781CD2A, cid=2093, SUCCESS, logIndex=3068, commits[06a4573b-67a1-41e3-a350-f896363bc636:c3068, 0b725bbf-683b-4664-9a2e-3c9dd6e38bc1:c3066, 9193e3b7-ae04-484d-a740-c65c11559486:c3066]
2019-08-24 07:08:33,449 | INFO  | DNAudit | user=null | ip=null | op=WRITE_CHUNK {blockData=conID: 2 locID: 102670697324872232 bcsId: 3068} | ret=SUCCESS |  
 0.00% |█                                                                                                    |  0/1 Time: 0:00:222019-08-24 07:08:33,543 | INFO  | SCMAudit | user=jenkins1000 | ip=192.168.69.125 | op=SEND_HEARTBEAT {datanodeUUID=b8548da6-9cc6-46be-8dd4-5219531f5960, command=[]} | ret=SUCCESS |  
2019-08-24 07:08:33,543 | INFO  | SCMAudit | user=jenkins1000 | ip=192.168.69.125 | op=SEND_HEARTBEAT {datanodeUUID=06a4573b-67a1-41e3-a350-f896363bc636, command=[]} | ret=SUCCESS |  
2019-08-24 07:08:33,543 | INFO  | DNAudit | user=null | ip=null | op=WRITE_CHUNK {blockData=conID: 2 locID: 102670697324872232 bcsId: 3068} | ret=SUCCESS |  
2019-08-24 07:08:33,543 | INFO  | DNAudit | user=null | ip=null | op=WRITE_CHUNK {blockData=conID: 2 locID: 102670697324872232 bcsId: 3068} | ret=SUCCESS |  
2019-08-24 07:08:33,544 | INFO  | SCMAudit | user=jenkins1000 | ip=192.168.69.125 | op=SEND_HEARTBEAT {datanodeUUID=9193e3b7-ae04-484d-a740-c65c11559486, command=[]} | ret=SUCCESS |  
2019-08-24 07:08:33,544 | INFO  | SCMAudit | user=jenkins1000 | ip=192.168.69.125 | op=SEND_HEARTBEAT {datanodeUUID=0b725bbf-683b-4664-9a2e-3c9dd6e38bc1, command=[]} | ret=SUCCESS |  
2019-08-24 07:08:33,544 | INFO  | SCMAudit | user=jenkins1000 | ip=192.168.69.125 | op=SEND_HEARTBEAT {datanodeUUID=25ce0803-6f34-4c69-82c0-892f08679042, command=[]} | ret=SUCCESS |  
2019-08-24 07:08:33,544 | INFO  | DNAudit | user=null | ip=null | op=WRITE_CHUNK {blockData=conID: 2 locID: 102670697324872232 bcsId: 3062} | ret=SUCCESS |  
2019-08-24 07:08:33,544 | INFO  | DNAudit | user=null | ip=null | op=PUT_BLOCK {blockData=[blockId=conID: 2 locID: 102670697324872232 bcsId: 0,size=3145728]} | ret=SUCCESS |  
2019-08-24 07:08:33,544 | INFO  | DNAudit | user=null | ip=null | op=WRITE_CHUNK {blockData=conID: 2 locID: 102670697324872232 bcsId: 3062} | ret=SUCCESS |  
2019-08-24 07:08:33,545 | INFO  | DNAudit | user=null | ip=null | op=PUT_BLOCK {blockData=[blockId=conID: 2 locID: 102670697324872232 bcsId: 0,size=3145728]} | ret=SUCCESS |  
2019-08-24 07:08:33,556 | INFO  | DNAudit | user=null | ip=null | op=WRITE_CHUNK {blockData=conID: 2 locID: 102670697324872232 bcsId: 3068} | ret=SUCCESS |  
2019-08-24 07:08:33,557 [grpc-default-executor-0] INFO  client.GrpcClientProtocolClient (GrpcClientProtocolClient.java:onNext(255)) - client-6EDD19400D46->06a4573b-67a1-41e3-a350-f896363bc636: receive RaftClientReply:client-6EDD19400D46->06a4573b-67a1-41e3-a350-f896363bc636@group-757E3781CD2A, cid=2094, SUCCESS, logIndex=3071, commits[06a4573b-67a1-41e3-a350-f896363bc636:c3071, 0b725bbf-683b-4664-9a2e-3c9dd6e38bc1:c3068, 9193e3b7-ae04-484d-a740-c65c11559486:c3068]
2019-08-24 07:08:33,567 | INFO  | DNAudit | user=null | ip=null | op=PUT_BLOCK {blockData=[blockId=conID: 2 locID: 102670697324872232 bcsId: 0,size=4194304]} | ret=SUCCESS |  
2019-08-24 07:08:33,568 [grpc-default-executor-2] INFO  client.GrpcClientProtocolClient (GrpcClientProtocolClient.java:onNext(255)) - client-6EDD19400D46->06a4573b-67a1-41e3-a350-f896363bc636: receive RaftClientReply:client-6EDD19400D46->06a4573b-67a1-41e3-a350-f896363bc636@group-757E3781CD2A, cid=2095, SUCCESS, logIndex=3072, commits[06a4573b-67a1-41e3-a350-f896363bc636:c3072, 0b725bbf-683b-4664-9a2e-3c9dd6e38bc1:c3068, 9193e3b7-ae04-484d-a740-c65c11559486:c3068]
2019-08-24 07:08:33,580 | INFO  | DNAudit | user=null | ip=null | op=WRITE_CHUNK {blockData=conID: 2 locID: 102670697324872232 bcsId: 3068} | ret=SUCCESS |  
2019-08-24 07:08:33,582 | INFO  | DNAudit | user=null | ip=null | op=WRITE_CHUNK {blockData=conID: 2 locID: 102670697324872232 bcsId: 3068} | ret=SUCCESS |  
2019-08-24 07:08:33,582 | INFO  | DNAudit | user=null | ip=null | op=PUT_BLOCK {blockData=[blockId=conID: 2 locID: 102670697324872232 bcsId: 0,size=4194304]} | ret=SUCCESS |  
2019-08-24 07:08:33,593 | INFO  | DNAudit | user=null | ip=null | op=PUT_BLOCK {blockData=[blockId=conID: 2 locID: 102670697324872232 bcsId: 0,size=4194304]} | ret=SUCCESS |  
2019-08-24 07:08:33,593 [grpc-default-executor-2] INFO  client.GrpcClientProtocolClient (GrpcClientProtocolClient.java:onNext(255)) - client-6EDD19400D46->06a4573b-67a1-41e3-a350-f896363bc636: receive RaftClientReply:client-6EDD19400D46->06a4573b-67a1-41e3-a350-f896363bc636@group-757E3781CD2A, cid=2096, SUCCESS, logIndex=0, commits[06a4573b-67a1-41e3-a350-f896363bc636:c3074, 0b725bbf-683b-4664-9a2e-3c9dd6e38bc1:c3072, 9193e3b7-ae04-484d-a740-c65c11559486:c3072]
2019-08-24 07:08:33,598 | INFO  | SCMAudit | user=jenkins1000 | ip=192.168.69.125 | op=ALLOCATE_BLOCK {owner=61bacca8-15b6-4a50-8962-5e9786b18b0d, size=4194304, type=RATIS, factor=THREE} | ret=SUCCESS |  
2019-08-24 07:08:33,601 | INFO  | OMAudit | user=jenkins1000 | ip=127.0.0.1 | op=ALLOCATE_BLOCK {volume=vol-0-26988, bucket=bucket-0-20739, key=key-0-27353, dataSize=0, replicationType=null, replicationFactor=null, keyLocationInfo=null, clientID=102670695851229586} | ret=SUCCESS |  
2019-08-24 07:08:33,609 | INFO  | DNAudit | user=null | ip=null | op=WRITE_CHUNK {blockData=conID: 3 locID: 102670697339159081 bcsId: 0} | ret=SUCCESS |  
2019-08-24 07:08:33,612 | INFO  | DNAudit | user=null | ip=null | op=WRITE_CHUNK {blockData=conID: 3 locID: 102670697339159081 bcsId: 0} | ret=SUCCESS |  
2019-08-24 07:08:33,613 | INFO  | DNAudit | user=null | ip=null | op=WRITE_CHUNK {blockData=conID: 3 locID: 102670697339159081 bcsId: 0} | ret=SUCCESS |  
2019-08-24 07:08:33,613 | INFO  | DNAudit | user=null | ip=null | op=WRITE_CHUNK {blockData=conID: 3 locID: 102670697339159081 bcsId: 0} | ret=SUCCESS |  
2019-08-24 07:08:33,615 | INFO  | DNAudit | user=null | ip=null | op=WRITE_CHUNK {blockData=conID: 3 locID: 102670697339159081 bcsId: 0} | ret=SUCCESS |  
2019-08-24 07:08:33,615 | INFO  | DNAudit | user=null | ip=null | op=WRITE_CHUNK {blockData=conID: 3 locID: 102670697339159081 bcsId: 0} | ret=SUCCESS |  
2019-08-24 07:08:33,619 | INFO  | DNAudit | user=null | ip=null | op=WRITE_CHUNK {blockData=conID: 3 locID: 102670697339159081 bcsId: 0} | ret=SUCCESS |  
2019-08-24 07:08:33,619 | INFO  | DNAudit | user=null | ip=null | op=PUT_BLOCK {blockData=[blockId=conID: 3 locID: 102670697339159081 bcsId: 0,size=1048576]} | ret=SUCCESS |  
2019-08-24 07:08:33,619 [grpc-default-executor-2] INFO  client.GrpcClientProtocolClient (GrpcClientProtocolClient.java:onNext(255)) - client-6EDD19400D46->06a4573b-67a1-41e3-a350-f896363bc636: receive RaftClientReply:client-6EDD19400D46->06a4573b-67a1-41e3-a350-f896363bc636@group-757E3781CD2A, cid=2097, SUCCESS, logIndex=3075, commits[06a4573b-67a1-41e3-a350-f896363bc636:c3076, 0b725bbf-683b-4664-9a2e-3c9dd6e38bc1:c3074, 9193e3b7-ae04-484d-a740-c65c11559486:c3074]
2019-08-24 07:08:33,620 [grpc-default-executor-2] INFO  client.GrpcClientProtocolClient (GrpcClientProtocolClient.java:onNext(255)) - client-6EDD19400D46->06a4573b-67a1-41e3-a350-f896363bc636: receive RaftClientReply:client-6EDD19400D46->06a4573b-67a1-41e3-a350-f896363bc636@group-757E3781CD2A, cid=2098, SUCCESS, logIndex=3076, commits[06a4573b-67a1-41e3-a350-f896363bc636:c3076, 0b725bbf-683b-4664-9a2e-3c9dd6e38bc1:c3074, 9193e3b7-ae04-484d-a740-c65c11559486:c3074]
2019-08-24 07:08:33,627 | INFO  | DNAudit | user=null | ip=null | op=WRITE_CHUNK {blockData=conID: 3 locID: 102670697339159081 bcsId: 0} | ret=SUCCESS |  
2019-08-24 07:08:33,628 | INFO  | DNAudit | user=null | ip=null | op=PUT_BLOCK {blockData=[blockId=conID: 3 locID: 102670697339159081 bcsId: 0,size=2097152]} | ret=SUCCESS |  
2019-08-24 07:08:33,628 [grpc-default-executor-1] INFO  client.GrpcClientProtocolClient (GrpcClientProtocolClient.java:onNext(255)) - client-6EDD19400D46->06a4573b-67a1-41e3-a350-f896363bc636: receive RaftClientReply:client-6EDD19400D46->06a4573b-67a1-41e3-a350-f896363bc636@group-757E3781CD2A, cid=2099, SUCCESS, logIndex=3077, commits[06a4573b-67a1-41e3-a350-f896363bc636:c3078, 0b725bbf-683b-4664-9a2e-3c9dd6e38bc1:c3074, 9193e3b7-ae04-484d-a740-c65c11559486:c3074]
2019-08-24 07:08:33,628 [grpc-default-executor-1] INFO  client.GrpcClientProtocolClient (GrpcClientProtocolClient.java:onNext(255)) - client-6EDD19400D46->06a4573b-67a1-41e3-a350-f896363bc636: receive RaftClientReply:client-6EDD19400D46->06a4573b-67a1-41e3-a350-f896363bc636@group-757E3781CD2A, cid=2100, SUCCESS, logIndex=3078, commits[06a4573b-67a1-41e3-a350-f896363bc636:c3078, 0b725bbf-683b-4664-9a2e-3c9dd6e38bc1:c3074, 9193e3b7-ae04-484d-a740-c65c11559486:c3074]
2019-08-24 07:08:33,639 | INFO  | DNAudit | user=null | ip=null | op=WRITE_CHUNK {blockData=conID: 3 locID: 102670697339159081 bcsId: 0} | ret=SUCCESS |  
2019-08-24 07:08:33,640 | INFO  | DNAudit | user=null | ip=null | op=WRITE_CHUNK {blockData=conID: 3 locID: 102670697339159081 bcsId: 0} | ret=SUCCESS |  
2019-08-24 07:08:33,640 | INFO  | DNAudit | user=null | ip=null | op=PUT_BLOCK {blockData=[blockId=conID: 3 locID: 102670697339159081 bcsId: 0,size=1048576]} | ret=SUCCESS |  
2019-08-24 07:08:33,641 | INFO  | DNAudit | user=null | ip=null | op=WRITE_CHUNK {blockData=conID: 3 locID: 102670697339159081 bcsId: 0} | ret=SUCCESS |  
2019-08-24 07:08:33,641 | INFO  | DNAudit | user=null | ip=null | op=PUT_BLOCK {blockData=[blockId=conID: 3 locID: 102670697339159081 bcsId: 0,size=2097152]} | ret=SUCCESS |  
2019-08-24 07:08:33,642 | INFO  | DNAudit | user=null | ip=null | op=PUT_BLOCK {blockData=[blockId=conID: 3 locID: 102670697339159081 bcsId: 0,size=1048576]} | ret=SUCCESS |  
2019-08-24 07:08:33,642 | INFO  | DNAudit | user=null | ip=null | op=WRITE_CHUNK {blockData=conID: 3 locID: 102670697339159081 bcsId: 0} | ret=SUCCESS |  
2019-08-24 07:08:33,643 | INFO  | DNAudit | user=null | ip=null | op=PUT_BLOCK {blockData=[blockId=conID: 3 locID: 102670697339159081 bcsId: 0,size=2097152]} | ret=SUCCESS |  
2019-08-24 07:08:33,643 [grpc-default-executor-1] INFO  client.GrpcClientProtocolClient (GrpcClientProtocolClient.java:onNext(255)) - client-6EDD19400D46->06a4573b-67a1-41e3-a350-f896363bc636: receive RaftClientReply:client-6EDD19400D46->06a4573b-67a1-41e3-a350-f896363bc636@group-757E3781CD2A, cid=2101, SUCCESS, logIndex=0, commits[06a4573b-67a1-41e3-a350-f896363bc636:c3081, 0b725bbf-683b-4664-9a2e-3c9dd6e38bc1:c3078, 9193e3b7-ae04-484d-a740-c65c11559486:c3076]
2019-08-24 07:08:33,650 | INFO  | DNAudit | user=null | ip=null | op=WRITE_CHUNK {blockData=conID: 3 locID: 102670697339159081 bcsId: 3078} | ret=SUCCESS |  
2019-08-24 07:08:33,654 | INFO  | DNAudit | user=null | ip=null | op=WRITE_CHUNK {blockData=conID: 3 locID: 102670697339159081 bcsId: 3078} | ret=SUCCESS |  
2019-08-24 07:08:33,654 | INFO  | DNAudit | user=null | ip=null | op=WRITE_CHUNK {blockData=conID: 3 locID: 102670697339159081 bcsId: 3078} | ret=SUCCESS |  
2019-08-24 07:08:33,663 | INFO  | DNAudit | user=null | ip=null | op=WRITE_CHUNK {blockData=conID: 3 locID: 102670697339159081 bcsId: 3078} | ret=SUCCESS |  
2019-08-24 07:08:33,664 | INFO  | DNAudit | user=null | ip=null | op=PUT_BLOCK {blockData=[blockId=conID: 3 locID: 102670697339159081 bcsId: 0,size=3145728]} | ret=SUCCESS |  
2019-08-24 07:08:33,664 [grpc-default-executor-1] INFO  client.GrpcClientProtocolClient (GrpcClientProtocolClient.java:onNext(255)) - client-6EDD19400D46->06a4573b-67a1-41e3-a350-f896363bc636: receive RaftClientReply:client-6EDD19400D46->06a4573b-67a1-41e3-a350-f896363bc636@group-757E3781CD2A, cid=2102, SUCCESS, logIndex=3082, commits[06a4573b-67a1-41e3-a350-f896363bc636:c3083, 0b725bbf-683b-4664-9a2e-3c9dd6e38bc1:c3081, 9193e3b7-ae04-484d-a740-c65c11559486:c3081]
2019-08-24 07:08:33,664 [grpc-default-executor-1] INFO  client.GrpcClientProtocolClient (GrpcClientProtocolClient.java:onNext(255)) - client-6EDD19400D46->06a4573b-67a1-41e3-a350-f896363bc636: receive RaftClientReply:client-6EDD19400D46->06a4573b-67a1-41e3-a350-f896363bc636@group-757E3781CD2A, cid=2103, SUCCESS, logIndex=3083, commits[06a4573b-67a1-41e3-a350-f896363bc636:c3083, 0b725bbf-683b-4664-9a2e-3c9dd6e38bc1:c3081, 9193e3b7-ae04-484d-a740-c65c11559486:c3081]
2019-08-24 07:08:33,672 | INFO  | DNAudit | user=null | ip=null | op=WRITE_CHUNK {blockData=conID: 3 locID: 102670697339159081 bcsId: 3083} | ret=SUCCESS |  
2019-08-24 07:08:33,676 | INFO  | DNAudit | user=null | ip=null | op=WRITE_CHUNK {blockData=conID: 3 locID: 102670697339159081 bcsId: 3078} | ret=SUCCESS |  
2019-08-24 07:08:33,676 | INFO  | DNAudit | user=null | ip=null | op=WRITE_CHUNK {blockData=conID: 3 locID: 102670697339159081 bcsId: 3078} | ret=SUCCESS |  
2019-08-24 07:08:33,676 | INFO  | DNAudit | user=null | ip=null | op=WRITE_CHUNK {blockData=conID: 3 locID: 102670697339159081 bcsId: 3083} | ret=SUCCESS |  
2019-08-24 07:08:33,676 | INFO  | DNAudit | user=null | ip=null | op=WRITE_CHUNK {blockData=conID: 3 locID: 102670697339159081 bcsId: 3083} | ret=SUCCESS |  
2019-08-24 07:08:33,688 | INFO  | DNAudit | user=null | ip=null | op=PUT_BLOCK {blockData=[blockId=conID: 3 locID: 102670697339159081 bcsId: 0,size=3145728]} | ret=SUCCESS |  
2019-08-24 07:08:33,688 | INFO  | DNAudit | user=null | ip=null | op=PUT_BLOCK {blockData=[blockId=conID: 3 locID: 102670697339159081 bcsId: 0,size=3145728]} | ret=SUCCESS |  
2019-08-24 07:08:33,688 | INFO  | DNAudit | user=null | ip=null | op=WRITE_CHUNK {blockData=conID: 3 locID: 102670697339159081 bcsId: 3083} | ret=SUCCESS |  
2019-08-24 07:08:33,689 | INFO  | DNAudit | user=null | ip=null | op=PUT_BLOCK {blockData=[blockId=conID: 3 locID: 102670697339159081 bcsId: 0,size=4194304]} | ret=SUCCESS |  
2019-08-24 07:08:33,689 [grpc-default-executor-2] INFO  client.GrpcClientProtocolClient (GrpcClientProtocolClient.java:onNext(255)) - client-6EDD19400D46->06a4573b-67a1-41e3-a350-f896363bc636: receive RaftClientReply:client-6EDD19400D46->06a4573b-67a1-41e3-a350-f896363bc636@group-757E3781CD2A, cid=2104, SUCCESS, logIndex=3086, commits[06a4573b-67a1-41e3-a350-f896363bc636:c3087, 0b725bbf-683b-4664-9a2e-3c9dd6e38bc1:c3083, 9193e3b7-ae04-484d-a740-c65c11559486:c3083]
2019-08-24 07:08:33,689 [grpc-default-executor-2] INFO  client.GrpcClientProtocolClient (GrpcClientProtocolClient.java:onNext(255)) - client-6EDD19400D46->06a4573b-67a1-41e3-a350-f896363bc636: receive RaftClientReply:client-6EDD19400D46->06a4573b-67a1-41e3-a350-f896363bc636@group-757E3781CD2A, cid=2105, SUCCESS, logIndex=3087, commits[06a4573b-67a1-41e3-a350-f896363bc636:c3087, 0b725bbf-683b-4664-9a2e-3c9dd6e38bc1:c3083, 9193e3b7-ae04-484d-a740-c65c11559486:c3083]
2019-08-24 07:08:33,701 | INFO  | DNAudit | user=null | ip=null | op=WRITE_CHUNK {blockData=conID: 3 locID: 102670697339159081 bcsId: 3083} | ret=SUCCESS |  
2019-08-24 07:08:33,701 | INFO  | DNAudit | user=null | ip=null | op=WRITE_CHUNK {blockData=conID: 3 locID: 102670697339159081 bcsId: 3083} | ret=SUCCESS |  
2019-08-24 07:08:33,714 | INFO  | DNAudit | user=null | ip=null | op=PUT_BLOCK {blockData=[blockId=conID: 3 locID: 102670697339159081 bcsId: 0,size=4194304]} | ret=SUCCESS |  
2019-08-24 07:08:33,715 | INFO  | DNAudit | user=null | ip=null | op=PUT_BLOCK {blockData=[blockId=conID: 3 locID: 102670697339159081 bcsId: 0,size=4194304]} | ret=SUCCESS |  
2019-08-24 07:08:33,715 [grpc-default-executor-1] INFO  client.GrpcClientProtocolClient (GrpcClientProtocolClient.java:onNext(255)) - client-6EDD19400D46->06a4573b-67a1-41e3-a350-f896363bc636: receive RaftClientReply:client-6EDD19400D46->06a4573b-67a1-41e3-a350-f896363bc636@group-757E3781CD2A, cid=2106, SUCCESS, logIndex=0, commits[06a4573b-67a1-41e3-a350-f896363bc636:c3089, 0b725bbf-683b-4664-9a2e-3c9dd6e38bc1:c3087, 9193e3b7-ae04-484d-a740-c65c11559486:c3087]
2019-08-24 07:08:33,721 | INFO  | SCMAudit | user=jenkins1000 | ip=192.168.69.125 | op=ALLOCATE_BLOCK {owner=61bacca8-15b6-4a50-8962-5e9786b18b0d, size=4194304, type=RATIS, factor=THREE} | ret=SUCCESS |  
2019-08-24 07:08:33,725 | INFO  | OMAudit | user=jenkins1000 | ip=127.0.0.1 | op=ALLOCATE_BLOCK {volume=vol-0-26988, bucket=bucket-0-20739, key=key-0-27353, dataSize=0, replicationType=null, replicationFactor=null, keyLocationInfo=null, clientID=102670695851229586} | ret=SUCCESS |  
2019-08-24 07:08:33,734 | INFO  | DNAudit | user=null | ip=null | op=WRITE_CHUNK {blockData=conID: 1 locID: 102670697347220010 bcsId: 0} | ret=SUCCESS |  
2019-08-24 07:08:33,738 | INFO  | DNAudit | user=null | ip=null | op=WRITE_CHUNK {blockData=conID: 1 locID: 102670697347220010 bcsId: 0} | ret=SUCCESS |  
2019-08-24 07:08:33,738 | INFO  | DNAudit | user=null | ip=null | op=WRITE_CHUNK {blockData=conID: 1 locID: 102670697347220010 bcsId: 0} | ret=SUCCESS |  
2019-08-24 07:08:33,738 | INFO  | DNAudit | user=null | ip=null | op=WRITE_CHUNK {blockData=conID: 1 locID: 102670697347220010 bcsId: 0} | ret=SUCCESS |  
2019-08-24 07:08:33,741 | INFO  | DNAudit | user=null | ip=null | op=WRITE_CHUNK {blockData=conID: 1 locID: 102670697347220010 bcsId: 0} | ret=SUCCESS |  
2019-08-24 07:08:33,741 | INFO  | DNAudit | user=null | ip=null | op=WRITE_CHUNK {blockData=conID: 1 locID: 102670697347220010 bcsId: 0} | ret=SUCCESS |  
2019-08-24 07:08:33,746 | INFO  | DNAudit | user=null | ip=null | op=WRITE_CHUNK {blockData=conID: 1 locID: 102670697347220010 bcsId: 0} | ret=SUCCESS |  
2019-08-24 07:08:33,747 | INFO  | DNAudit | user=null | ip=null | op=PUT_BLOCK {blockData=[blockId=conID: 1 locID: 102670697347220010 bcsId: 0,size=1048576]} | ret=SUCCESS |  
2019-08-24 07:08:33,747 [grpc-default-executor-0] INFO  client.GrpcClientProtocolClient (GrpcClientProtocolClient.java:onNext(255)) - client-6EDD19400D46->06a4573b-67a1-41e3-a350-f896363bc636: receive RaftClientReply:client-6EDD19400D46->06a4573b-67a1-41e3-a350-f896363bc636@group-757E3781CD2A, cid=2107, SUCCESS, logIndex=3090, commits[06a4573b-67a1-41e3-a350-f896363bc636:c3091, 0b725bbf-683b-4664-9a2e-3c9dd6e38bc1:c3089, 9193e3b7-ae04-484d-a740-c65c11559486:c3089]
2019-08-24 07:08:33,747 | INFO  | DNAudit | user=null | ip=null | op=WRITE_CHUNK {blockData=conID: 1 locID: 102670697347220010 bcsId: 0} | ret=SUCCESS |  
2019-08-24 07:08:33,748 | INFO  | DNAudit | user=null | ip=null | op=PUT_BLOCK {blockData=[blockId=conID: 1 locID: 102670697347220010 bcsId: 0,size=2097152]} | ret=SUCCESS |  
2019-08-24 07:08:33,748 [grpc-default-executor-0] INFO  client.GrpcClientProtocolClient (GrpcClientProtocolClient.java:onNext(255)) - client-6EDD19400D46->06a4573b-67a1-41e3-a350-f896363bc636: receive RaftClientReply:client-6EDD19400D46->06a4573b-67a1-41e3-a350-f896363bc636@group-757E3781CD2A, cid=2108, SUCCESS, logIndex=3091, commits[06a4573b-67a1-41e3-a350-f896363bc636:c3092, 0b725bbf-683b-4664-9a2e-3c9dd6e38bc1:c3089, 9193e3b7-ae04-484d-a740-c65c11559486:c3089]
2019-08-24 07:08:33,748 [grpc-default-executor-0] INFO  client.GrpcClientProtocolClient (GrpcClientProtocolClient.java:onNext(255)) - client-6EDD19400D46->06a4573b-67a1-41e3-a350-f896363bc636: receive RaftClientReply:client-6EDD19400D46->06a4573b-67a1-41e3-a350-f896363bc636@group-757E3781CD2A, cid=2109, SUCCESS, logIndex=3092, commits[06a4573b-67a1-41e3-a350-f896363bc636:c3093, 0b725bbf-683b-4664-9a2e-3c9dd6e38bc1:c3089, 9193e3b7-ae04-484d-a740-c65c11559486:c3089]
2019-08-24 07:08:33,748 [grpc-default-executor-0] INFO  client.GrpcClientProtocolClient (GrpcClientProtocolClient.java:onNext(255)) - client-6EDD19400D46->06a4573b-67a1-41e3-a350-f896363bc636: receive RaftClientReply:client-6EDD19400D46->06a4573b-67a1-41e3-a350-f896363bc636@group-757E3781CD2A, cid=2110, SUCCESS, logIndex=3093, commits[06a4573b-67a1-41e3-a350-f896363bc636:c3093, 0b725bbf-683b-4664-9a2e-3c9dd6e38bc1:c3089, 9193e3b7-ae04-484d-a740-c65c11559486:c3089]
2019-08-24 07:08:33,776 | INFO  | DNAudit | user=null | ip=null | op=WRITE_CHUNK {blockData=conID: 1 locID: 102670697347220010 bcsId: 0} | ret=SUCCESS |  
2019-08-24 07:08:33,776 | INFO  | DNAudit | user=null | ip=null | op=PUT_BLOCK {blockData=[blockId=conID: 1 locID: 102670697347220010 bcsId: 0,size=1048576]} | ret=SUCCESS |  
2019-08-24 07:08:33,778 | INFO  | DNAudit | user=null | ip=null | op=WRITE_CHUNK {blockData=conID: 1 locID: 102670697347220010 bcsId: 0} | ret=SUCCESS |  
2019-08-24 07:08:33,778 | INFO  | DNAudit | user=null | ip=null | op=PUT_BLOCK {blockData=[blockId=conID: 1 locID: 102670697347220010 bcsId: 0,size=1048576]} | ret=SUCCESS |  
2019-08-24 07:08:33,778 | INFO  | DNAudit | user=null | ip=null | op=WRITE_CHUNK {blockData=conID: 1 locID: 102670697347220010 bcsId: 0} | ret=SUCCESS |  
2019-08-24 07:08:33,778 [grpc-default-executor-0] INFO  client.GrpcClientProtocolClient (GrpcClientProtocolClient.java:onNext(255)) - client-6EDD19400D46->06a4573b-67a1-41e3-a350-f896363bc636: receive RaftClientReply:client-6EDD19400D46->06a4573b-67a1-41e3-a350-f896363bc636@group-757E3781CD2A, cid=2111, SUCCESS, logIndex=0, commits[06a4573b-67a1-41e3-a350-f896363bc636:c3095, 0b725bbf-683b-4664-9a2e-3c9dd6e38bc1:c3091, 9193e3b7-ae04-484d-a740-c65c11559486:c3091]
2019-08-24 07:08:33,779 | INFO  | DNAudit | user=null | ip=null | op=PUT_BLOCK {blockData=[blockId=conID: 1 locID: 102670697347220010 bcsId: 0,size=2097152]} | ret=SUCCESS |  
2019-08-24 07:08:33,786 | INFO  | DNAudit | user=null | ip=null | op=WRITE_CHUNK {blockData=conID: 1 locID: 102670697347220010 bcsId: 3093} | ret=SUCCESS |  
2019-08-24 07:08:33,789 | INFO  | DNAudit | user=null | ip=null | op=WRITE_CHUNK {blockData=conID: 1 locID: 102670697347220010 bcsId: 0} | ret=SUCCESS |  
2019-08-24 07:08:33,789 | INFO  | DNAudit | user=null | ip=null | op=PUT_BLOCK {blockData=[blockId=conID: 1 locID: 102670697347220010 bcsId: 0,size=2097152]} | ret=SUCCESS |  
2019-08-24 07:08:33,790 | INFO  | DNAudit | user=null | ip=null | op=WRITE_CHUNK {blockData=conID: 1 locID: 102670697347220010 bcsId: 3093} | ret=SUCCESS |  
2019-08-24 07:08:33,790 | INFO  | DNAudit | user=null | ip=null | op=WRITE_CHUNK {blockData=conID: 1 locID: 102670697347220010 bcsId: 3093} | ret=SUCCESS |  
2019-08-24 07:08:33,802 | INFO  | DNAudit | user=null | ip=null | op=WRITE_CHUNK {blockData=conID: 1 locID: 102670697347220010 bcsId: 3093} | ret=SUCCESS |  
2019-08-24 07:08:33,802 | INFO  | DNAudit | user=null | ip=null | op=PUT_BLOCK {blockData=[blockId=conID: 1 locID: 102670697347220010 bcsId: 0,size=3145728]} | ret=SUCCESS |  
2019-08-24 07:08:33,803 [grpc-default-executor-2] INFO  client.GrpcClientProtocolClient (GrpcClientProtocolClient.java:onNext(255)) - client-6EDD19400D46->06a4573b-67a1-41e3-a350-f896363bc636: receive RaftClientReply:client-6EDD19400D46->06a4573b-67a1-41e3-a350-f896363bc636@group-757E3781CD2A, cid=2112, SUCCESS, logIndex=3098, commits[06a4573b-67a1-41e3-a350-f896363bc636:c3099, 0b725bbf-683b-4664-9a2e-3c9dd6e38bc1:c3097, 9193e3b7-ae04-484d-a740-c65c11559486:c3097]
2019-08-24 07:08:33,803 [grpc-default-executor-2] INFO  client.GrpcClientProtocolClient (GrpcClientProtocolClient.java:onNext(255)) - client-6EDD19400D46->06a4573b-67a1-41e3-a350-f896363bc636: receive RaftClientReply:client-6EDD19400D46->06a4573b-67a1-41e3-a350-f896363bc636@group-757E3781CD2A, cid=2113, SUCCESS, logIndex=3099, commits[06a4573b-67a1-41e3-a350-f896363bc636:c3099, 0b725bbf-683b-4664-9a2e-3c9dd6e38bc1:c3097, 9193e3b7-ae04-484d-a740-c65c11559486:c3097]
2019-08-24 07:08:33,811 | INFO  | DNAudit | user=null | ip=null | op=WRITE_CHUNK {blockData=conID: 1 locID: 102670697347220010 bcsId: 3099} | ret=SUCCESS |  
2019-08-24 07:08:33,815 | INFO  | DNAudit | user=null | ip=null | op=WRITE_CHUNK {blockData=conID: 1 locID: 102670697347220010 bcsId: 3099} | ret=SUCCESS |  
2019-08-24 07:08:33,815 | INFO  | DNAudit | user=null | ip=null | op=WRITE_CHUNK {blockData=conID: 1 locID: 102670697347220010 bcsId: 3093} | ret=SUCCESS |  
2019-08-24 07:08:33,815 | INFO  | DNAudit | user=null | ip=null | op=WRITE_CHUNK {blockData=conID: 1 locID: 102670697347220010 bcsId: 3093} | ret=SUCCESS |  
2019-08-24 07:08:33,816 | INFO  | DNAudit | user=null | ip=null | op=PUT_BLOCK {blockData=[blockId=conID: 1 locID: 102670697347220010 bcsId: 0,size=3145728]} | ret=SUCCESS |  
2019-08-24 07:08:33,816 | INFO  | DNAudit | user=null | ip=null | op=WRITE_CHUNK {blockData=conID: 1 locID: 102670697347220010 bcsId: 3099} | ret=SUCCESS |  
2019-08-24 07:08:33,828 | INFO  | DNAudit | user=null | ip=null | op=PUT_BLOCK {blockData=[blockId=conID: 1 locID: 102670697347220010 bcsId: 0,size=3145728]} | ret=SUCCESS |  
2019-08-24 07:08:33,829 | INFO  | DNAudit | user=null | ip=null | op=WRITE_CHUNK {blockData=conID: 1 locID: 102670697347220010 bcsId: 3099} | ret=SUCCESS |  
2019-08-24 07:08:33,829 | INFO  | DNAudit | user=null | ip=null | op=PUT_BLOCK {blockData=[blockId=conID: 1 locID: 102670697347220010 bcsId: 0,size=4194304]} | ret=SUCCESS |  
2019-08-24 07:08:33,829 [grpc-default-executor-0] INFO  client.GrpcClientProtocolClient (GrpcClientProtocolClient.java:onNext(255)) - client-6EDD19400D46->06a4573b-67a1-41e3-a350-f896363bc636: receive RaftClientReply:client-6EDD19400D46->06a4573b-67a1-41e3-a350-f896363bc636@group-757E3781CD2A, cid=2114, SUCCESS, logIndex=3102, commits[06a4573b-67a1-41e3-a350-f896363bc636:c3103, 0b725bbf-683b-4664-9a2e-3c9dd6e38bc1:c3099, 9193e3b7-ae04-484d-a740-c65c11559486:c3099]
2019-08-24 07:08:33,830 [grpc-default-executor-0] INFO  client.GrpcClientProtocolClient (GrpcClientProtocolClient.java:onNext(255)) - client-6EDD19400D46->06a4573b-67a1-41e3-a350-f896363bc636: receive RaftClientReply:client-6EDD19400D46->06a4573b-67a1-41e3-a350-f896363bc636@group-757E3781CD2A, cid=2115, SUCCESS, logIndex=3103, commits[06a4573b-67a1-41e3-a350-f896363bc636:c3103, 0b725bbf-683b-4664-9a2e-3c9dd6e38bc1:c3099, 9193e3b7-ae04-484d-a740-c65c11559486:c3099]
2019-08-24 07:08:33,851 | INFO  | DNAudit | user=null | ip=null | op=WRITE_CHUNK {blockData=conID: 1 locID: 102670697347220010 bcsId: 3099} | ret=SUCCESS |  
2019-08-24 07:08:33,851 | INFO  | DNAudit | user=null | ip=null | op=WRITE_CHUNK {blockData=conID: 1 locID: 102670697347220010 bcsId: 3099} | ret=SUCCESS |  
2019-08-24 07:08:33,853 | INFO  | DNAudit | user=null | ip=null | op=PUT_BLOCK {blockData=[blockId=conID: 1 locID: 102670697347220010 bcsId: 0,size=4194304]} | ret=SUCCESS |  
2019-08-24 07:08:33,853 | INFO  | DNAudit | user=null | ip=null | op=PUT_BLOCK {blockData=[blockId=conID: 1 locID: 102670697347220010 bcsId: 0,size=4194304]} | ret=SUCCESS |  
2019-08-24 07:08:33,854 [grpc-default-executor-0] INFO  client.GrpcClientProtocolClient (GrpcClientProtocolClient.java:onNext(255)) - client-6EDD19400D46->06a4573b-67a1-41e3-a350-f896363bc636: receive RaftClientReply:client-6EDD19400D46->06a4573b-67a1-41e3-a350-f896363bc636@group-757E3781CD2A, cid=2116, SUCCESS, logIndex=0, commits[06a4573b-67a1-41e3-a350-f896363bc636:c3105, 0b725bbf-683b-4664-9a2e-3c9dd6e38bc1:c3103, 9193e3b7-ae04-484d-a740-c65c11559486:c3103]
2019-08-24 07:08:33,860 | INFO  | SCMAudit | user=jenkins1000 | ip=192.168.69.125 | op=ALLOCATE_BLOCK {owner=61bacca8-15b6-4a50-8962-5e9786b18b0d, size=4194304, type=RATIS, factor=THREE} | ret=SUCCESS |  
2019-08-24 07:08:33,863 | INFO  | OMAudit | user=jenkins1000 | ip=127.0.0.1 | op=ALLOCATE_BLOCK {volume=vol-0-26988, bucket=bucket-0-20739, key=key-0-27353, dataSize=0, replicationType=null, replicationFactor=null, keyLocationInfo=null, clientID=102670695851229586} | ret=SUCCESS |  
2019-08-24 07:08:33,871 | INFO  | DNAudit | user=null | ip=null | op=WRITE_CHUNK {blockData=conID: 2 locID: 102670697356329515 bcsId: 0} | ret=SUCCESS |  
2019-08-24 07:08:33,874 | INFO  | DNAudit | user=null | ip=null | op=WRITE_CHUNK {blockData=conID: 2 locID: 102670697356329515 bcsId: 0} | ret=SUCCESS |  
2019-08-24 07:08:33,876 | INFO  | DNAudit | user=null | ip=null | op=WRITE_CHUNK {blockData=conID: 2 locID: 102670697356329515 bcsId: 0} | ret=SUCCESS |  
2019-08-24 07:08:33,877 | INFO  | DNAudit | user=null | ip=null | op=WRITE_CHUNK {blockData=conID: 2 locID: 102670697356329515 bcsId: 0} | ret=SUCCESS |  
2019-08-24 07:08:33,878 | INFO  | DNAudit | user=null | ip=null | op=WRITE_CHUNK {blockData=conID: 2 locID: 102670697356329515 bcsId: 0} | ret=SUCCESS |  
2019-08-24 07:08:33,878 | INFO  | DNAudit | user=null | ip=null | op=WRITE_CHUNK {blockData=conID: 2 locID: 102670697356329515 bcsId: 0} | ret=SUCCESS |  
2019-08-24 07:08:33,885 | INFO  | DNAudit | user=null | ip=null | op=WRITE_CHUNK {blockData=conID: 2 locID: 102670697356329515 bcsId: 0} | ret=SUCCESS |  
2019-08-24 07:08:33,885 | INFO  | DNAudit | user=null | ip=null | op=PUT_BLOCK {blockData=[blockId=conID: 2 locID: 102670697356329515 bcsId: 0,size=1048576]} | ret=SUCCESS |  
2019-08-24 07:08:33,886 | INFO  | DNAudit | user=null | ip=null | op=WRITE_CHUNK {blockData=conID: 2 locID: 102670697356329515 bcsId: 0} | ret=SUCCESS |  
2019-08-24 07:08:33,886 [grpc-default-executor-2] INFO  client.GrpcClientProtocolClient (GrpcClientProtocolClient.java:onNext(255)) - client-6EDD19400D46->06a4573b-67a1-41e3-a350-f896363bc636: receive RaftClientReply:client-6EDD19400D46->06a4573b-67a1-41e3-a350-f896363bc636@group-757E3781CD2A, cid=2117, SUCCESS, logIndex=3106, commits[06a4573b-67a1-41e3-a350-f896363bc636:c3108, 0b725bbf-683b-4664-9a2e-3c9dd6e38bc1:c3105, 9193e3b7-ae04-484d-a740-c65c11559486:c3105]
2019-08-24 07:08:33,886 | INFO  | DNAudit | user=null | ip=null | op=WRITE_CHUNK {blockData=conID: 2 locID: 102670697356329515 bcsId: 0} | ret=SUCCESS |  
2019-08-24 07:08:33,886 | INFO  | DNAudit | user=null | ip=null | op=WRITE_CHUNK {blockData=conID: 2 locID: 102670697356329515 bcsId: 0} | ret=SUCCESS |  
2019-08-24 07:08:33,886 | INFO  | DNAudit | user=null | ip=null | op=PUT_BLOCK {blockData=[blockId=conID: 2 locID: 102670697356329515 bcsId: 0,size=1048576]} | ret=SUCCESS |  
2019-08-24 07:08:33,887 [grpc-default-executor-2] INFO  client.GrpcClientProtocolClient (GrpcClientProtocolClient.java:onNext(255)) - client-6EDD19400D46->06a4573b-67a1-41e3-a350-f896363bc636: receive RaftClientReply:client-6EDD19400D46->06a4573b-67a1-41e3-a350-f896363bc636@group-757E3781CD2A, cid=2118, SUCCESS, logIndex=3107, commits[06a4573b-67a1-41e3-a350-f896363bc636:c3109, 0b725bbf-683b-4664-9a2e-3c9dd6e38bc1:c3105, 9193e3b7-ae04-484d-a740-c65c11559486:c3105]
2019-08-24 07:08:33,887 | INFO  | DNAudit | user=null | ip=null | op=PUT_BLOCK {blockData=[blockId=conID: 2 locID: 102670697356329515 bcsId: 0,size=2097152]} | ret=SUCCESS |  
2019-08-24 07:08:33,887 | INFO  | DNAudit | user=null | ip=null | op=WRITE_CHUNK {blockData=conID: 2 locID: 102670697356329515 bcsId: 0} | ret=SUCCESS |  
2019-08-24 07:08:33,887 [grpc-default-executor-2] INFO  client.GrpcClientProtocolClient (GrpcClientProtocolClient.java:onNext(255)) - client-6EDD19400D46->06a4573b-67a1-41e3-a350-f896363bc636: receive RaftClientReply:client-6EDD19400D46->06a4573b-67a1-41e3-a350-f896363bc636@group-757E3781CD2A, cid=2119, SUCCESS, logIndex=3108, commits[06a4573b-67a1-41e3-a350-f896363bc636:c3109, 0b725bbf-683b-4664-9a2e-3c9dd6e38bc1:c3105, 9193e3b7-ae04-484d-a740-c65c11559486:c3106]
2019-08-24 07:08:33,887 | INFO  | DNAudit | user=null | ip=null | op=PUT_BLOCK {blockData=[blockId=conID: 2 locID: 102670697356329515 bcsId: 0,size=2097152]} | ret=SUCCESS |  
2019-08-24 07:08:33,888 [grpc-default-executor-0] INFO  client.GrpcClientProtocolClient (GrpcClientProtocolClient.java:onNext(255)) - client-6EDD19400D46->06a4573b-67a1-41e3-a350-f896363bc636: receive RaftClientReply:client-6EDD19400D46->06a4573b-67a1-41e3-a350-f896363bc636@group-757E3781CD2A, cid=2120, SUCCESS, logIndex=3109, commits[06a4573b-67a1-41e3-a350-f896363bc636:c3111, 0b725bbf-683b-4664-9a2e-3c9dd6e38bc1:c3106, 9193e3b7-ae04-484d-a740-c65c11559486:c3107]
2019-08-24 07:08:33,889 | INFO  | DNAudit | user=null | ip=null | op=PUT_BLOCK {blockData=[blockId=conID: 2 locID: 102670697356329515 bcsId: 0,size=1048576]} | ret=SUCCESS |  
2019-08-24 07:08:33,889 | INFO  | DNAudit | user=null | ip=null | op=WRITE_CHUNK {blockData=conID: 2 locID: 102670697356329515 bcsId: 0} | ret=SUCCESS |  
2019-08-24 07:08:33,890 | INFO  | DNAudit | user=null | ip=null | op=PUT_BLOCK {blockData=[blockId=conID: 2 locID: 102670697356329515 bcsId: 0,size=2097152]} | ret=SUCCESS |  
2019-08-24 07:08:33,890 [grpc-default-executor-0] INFO  client.GrpcClientProtocolClient (GrpcClientProtocolClient.java:onNext(255)) - client-6EDD19400D46->06a4573b-67a1-41e3-a350-f896363bc636: receive RaftClientReply:client-6EDD19400D46->06a4573b-67a1-41e3-a350-f896363bc636@group-757E3781CD2A, cid=2121, SUCCESS, logIndex=0, commits[06a4573b-67a1-41e3-a350-f896363bc636:c3113, 0b725bbf-683b-4664-9a2e-3c9dd6e38bc1:c3107, 9193e3b7-ae04-484d-a740-c65c11559486:c3109]
2019-08-24 07:08:33,898 | INFO  | DNAudit | user=null | ip=null | op=WRITE_CHUNK {blockData=conID: 2 locID: 102670697356329515 bcsId: 3109} | ret=SUCCESS |  
2019-08-24 07:08:33,901 | INFO  | DNAudit | user=null | ip=null | op=WRITE_CHUNK {blockData=conID: 2 locID: 102670697356329515 bcsId: 3109} | ret=SUCCESS |  
2019-08-24 07:08:33,902 | INFO  | DNAudit | user=null | ip=null | op=WRITE_CHUNK {blockData=conID: 2 locID: 102670697356329515 bcsId: 3109} | ret=SUCCESS |  
2019-08-24 07:08:33,910 | INFO  | DNAudit | user=null | ip=null | op=WRITE_CHUNK {blockData=conID: 2 locID: 102670697356329515 bcsId: 3109} | ret=SUCCESS |  
2019-08-24 07:08:33,911 | INFO  | DNAudit | user=null | ip=null | op=PUT_BLOCK {blockData=[blockId=conID: 2 locID: 102670697356329515 bcsId: 0,size=3145728]} | ret=SUCCESS |  
2019-08-24 07:08:33,911 [grpc-default-executor-5] INFO  client.GrpcClientProtocolClient (GrpcClientProtocolClient.java:onNext(255)) - client-6EDD19400D46->06a4573b-67a1-41e3-a350-f896363bc636: receive RaftClientReply:client-6EDD19400D46->06a4573b-67a1-41e3-a350-f896363bc636@group-757E3781CD2A, cid=2122, SUCCESS, logIndex=3114, commits[06a4573b-67a1-41e3-a350-f896363bc636:c3115, 0b725bbf-683b-4664-9a2e-3c9dd6e38bc1:c3113, 9193e3b7-ae04-484d-a740-c65c11559486:c3113]
2019-08-24 07:08:33,912 [grpc-default-executor-5] INFO  client.GrpcClientProtocolClient (GrpcClientProtocolClient.java:onNext(255)) - client-6EDD19400D46->06a4573b-67a1-41e3-a350-f896363bc636: receive RaftClientReply:client-6EDD19400D46->06a4573b-67a1-41e3-a350-f896363bc636@group-757E3781CD2A, cid=2123, SUCCESS, logIndex=3115, commits[06a4573b-67a1-41e3-a350-f896363bc636:c3115, 0b725bbf-683b-4664-9a2e-3c9dd6e38bc1:c3113, 9193e3b7-ae04-484d-a740-c65c11559486:c3113]
2019-08-24 07:08:33,921 | INFO  | DNAudit | user=null | ip=null | op=WRITE_CHUNK {blockData=conID: 2 locID: 102670697356329515 bcsId: 3115} | ret=SUCCESS |  
2019-08-24 07:08:33,922 | INFO  | DNAudit | user=null | ip=null | op=WRITE_CHUNK {blockData=conID: 2 locID: 102670697356329515 bcsId: 3109} | ret=SUCCESS |  
2019-08-24 07:08:33,922 | INFO  | DNAudit | user=null | ip=null | op=WRITE_CHUNK {blockData=conID: 2 locID: 102670697356329515 bcsId: 3109} | ret=SUCCESS |  
2019-08-24 07:08:33,924 | INFO  | DNAudit | user=null | ip=null | op=PUT_BLOCK {blockData=[blockId=conID: 2 locID: 102670697356329515 bcsId: 0,size=3145728]} | ret=SUCCESS |  
2019-08-24 07:08:33,924 | INFO  | DNAudit | user=null | ip=null | op=PUT_BLOCK {blockData=[blockId=conID: 2 locID: 102670697356329515 bcsId: 0,size=3145728]} | ret=SUCCESS |  
2019-08-24 07:08:33,924 | INFO  | DNAudit | user=null | ip=null | op=WRITE_CHUNK {blockData=conID: 2 locID: 102670697356329515 bcsId: 3115} | ret=SUCCESS |  
2019-08-24 07:08:33,924 | INFO  | DNAudit | user=null | ip=null | op=WRITE_CHUNK {blockData=conID: 2 locID: 102670697356329515 bcsId: 3115} | ret=SUCCESS |  
2019-08-24 07:08:33,936 | INFO  | DNAudit | user=null | ip=null | op=WRITE_CHUNK {blockData=conID: 2 locID: 102670697356329515 bcsId: 3115} | ret=SUCCESS |  
2019-08-24 07:08:33,937 [grpc-default-executor-5] INFO  client.GrpcClientProtocolClient (GrpcClientProtocolClient.java:onNext(255)) - client-6EDD19400D46->06a4573b-67a1-41e3-a350-f896363bc636: receive RaftClientReply:client-6EDD19400D46->06a4573b-67a1-41e3-a350-f896363bc636@group-757E3781CD2A, cid=2124, SUCCESS, logIndex=3118, commits[06a4573b-67a1-41e3-a350-f896363bc636:c3119, 0b725bbf-683b-4664-9a2e-3c9dd6e38bc1:c3115, 9193e3b7-ae04-484d-a740-c65c11559486:c3115]
2019-08-24 07:08:33,937 | INFO  | DNAudit | user=null | ip=null | op=PUT_BLOCK {blockData=[blockId=conID: 2 locID: 102670697356329515 bcsId: 0,size=4194304]} | ret=SUCCESS |  
2019-08-24 07:08:33,937 | INFO  | DNAudit | user=null | ip=null | op=WRITE_CHUNK {blockData=conID: 2 locID: 102670697356329515 bcsId: 3115} | ret=SUCCESS |  
2019-08-24 07:08:33,938 | INFO  | DNAudit | user=null | ip=null | op=WRITE_CHUNK {blockData=conID: 2 locID: 102670697356329515 bcsId: 3115} | ret=SUCCESS |  
2019-08-24 07:08:33,938 | INFO  | DNAudit | user=null | ip=null | op=PUT_BLOCK {blockData=[blockId=conID: 2 locID: 102670697356329515 bcsId: 0,size=4194304]} | ret=SUCCESS |  
2019-08-24 07:08:33,938 [grpc-default-executor-5] INFO  client.GrpcClientProtocolClient (GrpcClientProtocolClient.java:onNext(255)) - client-6EDD19400D46->06a4573b-67a1-41e3-a350-f896363bc636: receive RaftClientReply:client-6EDD19400D46->06a4573b-67a1-41e3-a350-f896363bc636@group-757E3781CD2A, cid=2125, SUCCESS, logIndex=3119, commits[06a4573b-67a1-41e3-a350-f896363bc636:c3119, 0b725bbf-683b-4664-9a2e-3c9dd6e38bc1:c3115, 9193e3b7-ae04-484d-a740-c65c11559486:c3115]
2019-08-24 07:08:33,938 | INFO  | DNAudit | user=null | ip=null | op=PUT_BLOCK {blockData=[blockId=conID: 2 locID: 102670697356329515 bcsId: 0,size=4194304]} | ret=SUCCESS |  
2019-08-24 07:08:33,939 [grpc-default-executor-5] INFO  client.GrpcClientProtocolClient (GrpcClientProtocolClient.java:onNext(255)) - client-6EDD19400D46->06a4573b-67a1-41e3-a350-f896363bc636: receive RaftClientReply:client-6EDD19400D46->06a4573b-67a1-41e3-a350-f896363bc636@group-757E3781CD2A, cid=2126, SUCCESS, logIndex=0, commits[06a4573b-67a1-41e3-a350-f896363bc636:c3120, 0b725bbf-683b-4664-9a2e-3c9dd6e38bc1:c3119, 9193e3b7-ae04-484d-a740-c65c11559486:c3119]
2019-08-24 07:08:33,943 | INFO  | SCMAudit | user=jenkins1000 | ip=192.168.69.125 | op=ALLOCATE_BLOCK {owner=61bacca8-15b6-4a50-8962-5e9786b18b0d, size=4194304, type=RATIS, factor=THREE} | ret=SUCCESS |  
2019-08-24 07:08:33,945 | INFO  | OMAudit | user=jenkins1000 | ip=127.0.0.1 | op=ALLOCATE_BLOCK {volume=vol-0-26988, bucket=bucket-0-20739, key=key-0-27353, dataSize=0, replicationType=null, replicationFactor=null, keyLocationInfo=null, clientID=102670695851229586} | ret=SUCCESS |  
2019-08-24 07:08:33,953 | INFO  | DNAudit | user=null | ip=null | op=WRITE_CHUNK {blockData=conID: 3 locID: 102670697361769004 bcsId: 0} | ret=SUCCESS |  
2019-08-24 07:08:33,956 | INFO  | DNAudit | user=null | ip=null | op=WRITE_CHUNK {blockData=conID: 3 locID: 102670697361769004 bcsId: 0} | ret=SUCCESS |  
2019-08-24 07:08:33,956 | INFO  | DNAudit | user=null | ip=null | op=WRITE_CHUNK {blockData=conID: 3 locID: 102670697361769004 bcsId: 0} | ret=SUCCESS |  
2019-08-24 07:08:33,956 | INFO  | DNAudit | user=null | ip=null | op=WRITE_CHUNK {blockData=conID: 3 locID: 102670697361769004 bcsId: 0} | ret=SUCCESS |  
2019-08-24 07:08:33,958 | INFO  | DNAudit | user=null | ip=null | op=WRITE_CHUNK {blockData=conID: 3 locID: 102670697361769004 bcsId: 0} | ret=SUCCESS |  
2019-08-24 07:08:33,958 | INFO  | DNAudit | user=null | ip=null | op=WRITE_CHUNK {blockData=conID: 3 locID: 102670697361769004 bcsId: 0} | ret=SUCCESS |  
2019-08-24 07:08:33,967 | INFO  | DNAudit | user=null | ip=null | op=WRITE_CHUNK {blockData=conID: 3 locID: 102670697361769004 bcsId: 0} | ret=SUCCESS |  
2019-08-24 07:08:33,968 | INFO  | DNAudit | user=null | ip=null | op=PUT_BLOCK {blockData=[blockId=conID: 3 locID: 102670697361769004 bcsId: 0,size=1048576]} | ret=SUCCESS |  
2019-08-24 07:08:33,968 [grpc-default-executor-2] INFO  client.GrpcClientProtocolClient (GrpcClientProtocolClient.java:onNext(255)) - client-6EDD19400D46->06a4573b-67a1-41e3-a350-f896363bc636: receive RaftClientReply:client-6EDD19400D46->06a4573b-67a1-41e3-a350-f896363bc636@group-757E3781CD2A, cid=2127, SUCCESS, logIndex=3122, commits[06a4573b-67a1-41e3-a350-f896363bc636:c3122, 0b725bbf-683b-4664-9a2e-3c9dd6e38bc1:c3121, 9193e3b7-ae04-484d-a740-c65c11559486:c3121]
2019-08-24 07:08:33,968 [grpc-default-executor-2] INFO  client.GrpcClientProtocolClient (GrpcClientProtocolClient.java:onNext(255)) - client-6EDD19400D46->06a4573b-67a1-41e3-a350-f896363bc636: receive RaftClientReply:client-6EDD19400D46->06a4573b-67a1-41e3-a350-f896363bc636@group-757E3781CD2A, cid=2128, SUCCESS, logIndex=3123, commits[06a4573b-67a1-41e3-a350-f896363bc636:c3123, 0b725bbf-683b-4664-9a2e-3c9dd6e38bc1:c3121, 9193e3b7-ae04-484d-a740-c65c11559486:c3121]
2019-08-24 07:08:33,978 | INFO  | DNAudit | user=null | ip=null | op=WRITE_CHUNK {blockData=conID: 3 locID: 102670697361769004 bcsId: 0} | ret=SUCCESS |  
2019-08-24 07:08:33,978 | INFO  | DNAudit | user=null | ip=null | op=PUT_BLOCK {blockData=[blockId=conID: 3 locID: 102670697361769004 bcsId: 0,size=2097152]} | ret=SUCCESS |  
2019-08-24 07:08:33,978 [grpc-default-executor-0] INFO  client.GrpcClientProtocolClient (GrpcClientProtocolClient.java:onNext(255)) - client-6EDD19400D46->06a4573b-67a1-41e3-a350-f896363bc636: receive RaftClientReply:client-6EDD19400D46->06a4573b-67a1-41e3-a350-f896363bc636@group-757E3781CD2A, cid=2129, SUCCESS, logIndex=3124, commits[06a4573b-67a1-41e3-a350-f896363bc636:c3125, 0b725bbf-683b-4664-9a2e-3c9dd6e38bc1:c3121, 9193e3b7-ae04-484d-a740-c65c11559486:c3121]
2019-08-24 07:08:33,979 [grpc-default-executor-0] INFO  client.GrpcClientProtocolClient (GrpcClientProtocolClient.java:onNext(255)) - client-6EDD19400D46->06a4573b-67a1-41e3-a350-f896363bc636: receive RaftClientReply:client-6EDD19400D46->06a4573b-67a1-41e3-a350-f896363bc636@group-757E3781CD2A, cid=2130, SUCCESS, logIndex=3125, commits[06a4573b-67a1-41e3-a350-f896363bc636:c3125, 0b725bbf-683b-4664-9a2e-3c9dd6e38bc1:c3121, 9193e3b7-ae04-484d-a740-c65c11559486:c3121]
2019-08-24 07:08:33,980 | INFO  | DNAudit | user=null | ip=null | op=WRITE_CHUNK {blockData=conID: 3 locID: 102670697361769004 bcsId: 0} | ret=SUCCESS |  
2019-08-24 07:08:33,992 | INFO  | DNAudit | user=null | ip=null | op=WRITE_CHUNK {blockData=conID: 3 locID: 102670697361769004 bcsId: 0} | ret=SUCCESS |  
2019-08-24 07:08:33,992 | INFO  | DNAudit | user=null | ip=null | op=PUT_BLOCK {blockData=[blockId=conID: 3 locID: 102670697361769004 bcsId: 0,size=1048576]} | ret=SUCCESS |  
2019-08-24 07:08:33,992 | INFO  | DNAudit | user=null | ip=null | op=PUT_BLOCK {blockData=[blockId=conID: 3 locID: 102670697361769004 bcsId: 0,size=1048576]} | ret=SUCCESS |  
2019-08-24 07:08:33,992 | INFO  | DNAudit | user=null | ip=null | op=WRITE_CHUNK {blockData=conID: 3 locID: 102670697361769004 bcsId: 0} | ret=SUCCESS |  
2019-08-24 07:08:33,992 | INFO  | DNAudit | user=null | ip=null | op=WRITE_CHUNK {blockData=conID: 3 locID: 102670697361769004 bcsId: 0} | ret=SUCCESS |  
2019-08-24 07:08:33,992 | INFO  | DNAudit | user=null | ip=null | op=PUT_BLOCK {blockData=[blockId=conID: 3 locID: 102670697361769004 bcsId: 0,size=2097152]} | ret=SUCCESS |  
2019-08-24 07:08:33,992 | INFO  | DNAudit | user=null | ip=null | op=PUT_BLOCK {blockData=[blockId=conID: 3 locID: 102670697361769004 bcsId: 0,size=2097152]} | ret=SUCCESS |  
2019-08-24 07:08:33,992 [grpc-default-executor-2] INFO  client.GrpcClientProtocolClient (GrpcClientProtocolClient.java:onNext(255)) - client-6EDD19400D46->06a4573b-67a1-41e3-a350-f896363bc636: receive RaftClientReply:client-6EDD19400D46->06a4573b-67a1-41e3-a350-f896363bc636@group-757E3781CD2A, cid=2131, SUCCESS, logIndex=0, commits[06a4573b-67a1-41e3-a350-f896363bc636:c3128, 0b725bbf-683b-4664-9a2e-3c9dd6e38bc1:c3123, 9193e3b7-ae04-484d-a740-c65c11559486:c3125]
2019-08-24 07:08:33,999 | INFO  | DNAudit | user=null | ip=null | op=WRITE_CHUNK {blockData=conID: 3 locID: 102670697361769004 bcsId: 3125} | ret=SUCCESS |  
2019-08-24 07:08:34,002 | INFO  | DNAudit | user=null | ip=null | op=WRITE_CHUNK {blockData=conID: 3 locID: 102670697361769004 bcsId: 3125} | ret=SUCCESS |  
2019-08-24 07:08:34,002 | INFO  | DNAudit | user=null | ip=null | op=WRITE_CHUNK {blockData=conID: 3 locID: 102670697361769004 bcsId: 3125} | ret=SUCCESS |  
2019-08-24 07:08:34,014 | INFO  | DNAudit | user=null | ip=null | op=WRITE_CHUNK {blockData=conID: 3 locID: 102670697361769004 bcsId: 3125} | ret=SUCCESS |  
2019-08-24 07:08:34,014 | INFO  | DNAudit | user=null | ip=null | op=PUT_BLOCK {blockData=[blockId=conID: 3 locID: 102670697361769004 bcsId: 0,size=3145728]} | ret=SUCCESS |  
2019-08-24 07:08:34,014 [grpc-default-executor-5] INFO  client.GrpcClientProtocolClient (GrpcClientProtocolClient.java:onNext(255)) - client-6EDD19400D46->06a4573b-67a1-41e3-a350-f896363bc636: receive RaftClientReply:client-6EDD19400D46->06a4573b-67a1-41e3-a350-f896363bc636@group-757E3781CD2A, cid=2132, SUCCESS, logIndex=3129, commits[06a4573b-67a1-41e3-a350-f896363bc636:c3130, 0b725bbf-683b-4664-9a2e-3c9dd6e38bc1:c3128, 9193e3b7-ae04-484d-a740-c65c11559486:c3128]
2019-08-24 07:08:34,015 [grpc-default-executor-5] INFO  client.GrpcClientProtocolClient (GrpcClientProtocolClient.java:onNext(255)) - client-6EDD19400D46->06a4573b-67a1-41e3-a350-f896363bc636: receive RaftClientReply:client-6EDD19400D46->06a4573b-67a1-41e3-a350-f896363bc636@group-757E3781CD2A, cid=2133, SUCCESS, logIndex=3130, commits[06a4573b-67a1-41e3-a350-f896363bc636:c3130, 0b725bbf-683b-4664-9a2e-3c9dd6e38bc1:c3128, 9193e3b7-ae04-484d-a740-c65c11559486:c3128]
2019-08-24 07:08:34,022 | INFO  | DNAudit | user=null | ip=null | op=WRITE_CHUNK {blockData=conID: 3 locID: 102670697361769004 bcsId: 3130} | ret=SUCCESS |  
2019-08-24 07:08:34,025 | INFO  | DNAudit | user=null | ip=null | op=WRITE_CHUNK {blockData=conID: 3 locID: 102670697361769004 bcsId: 3130} | ret=SUCCESS |  
2019-08-24 07:08:34,026 | INFO  | DNAudit | user=null | ip=null | op=WRITE_CHUNK {blockData=conID: 3 locID: 102670697361769004 bcsId: 3130} | ret=SUCCESS |  
2019-08-24 07:08:34,026 | INFO  | DNAudit | user=null | ip=null | op=WRITE_CHUNK {blockData=conID: 3 locID: 102670697361769004 bcsId: 3125} | ret=SUCCESS |  
2019-08-24 07:08:34,026 | INFO  | DNAudit | user=null | ip=null | op=WRITE_CHUNK {blockData=conID: 3 locID: 102670697361769004 bcsId: 3125} | ret=SUCCESS |  
2019-08-24 07:08:34,026 | INFO  | DNAudit | user=null | ip=null | op=PUT_BLOCK {blockData=[blockId=conID: 3 locID: 102670697361769004 bcsId: 0,size=3145728]} | ret=SUCCESS |  
2019-08-24 07:08:34,027 | INFO  | DNAudit | user=null | ip=null | op=WRITE_CHUNK {blockData=conID: 3 locID: 102670697361769004 bcsId: 3130} | ret=SUCCESS |  
2019-08-24 07:08:34,028 | INFO  | DNAudit | user=null | ip=null | op=PUT_BLOCK {blockData=[blockId=conID: 3 locID: 102670697361769004 bcsId: 0,size=3145728]} | ret=SUCCESS |  
2019-08-24 07:08:34,028 | INFO  | DNAudit | user=null | ip=null | op=PUT_BLOCK {blockData=[blockId=conID: 3 locID: 102670697361769004 bcsId: 0,size=4194304]} | ret=SUCCESS |  
2019-08-24 07:08:34,028 [grpc-default-executor-0] INFO  client.GrpcClientProtocolClient (GrpcClientProtocolClient.java:onNext(255)) - client-6EDD19400D46->06a4573b-67a1-41e3-a350-f896363bc636: receive RaftClientReply:client-6EDD19400D46->06a4573b-67a1-41e3-a350-f896363bc636@group-757E3781CD2A, cid=2134, SUCCESS, logIndex=3133, commits[06a4573b-67a1-41e3-a350-f896363bc636:c3134, 0b725bbf-683b-4664-9a2e-3c9dd6e38bc1:c3129, 9193e3b7-ae04-484d-a740-c65c11559486:c3130]
2019-08-24 07:08:34,028 [grpc-default-executor-0] INFO  client.GrpcClientProtocolClient (GrpcClientProtocolClient.java:onNext(255)) - client-6EDD19400D46->06a4573b-67a1-41e3-a350-f896363bc636: receive RaftClientReply:client-6EDD19400D46->06a4573b-67a1-41e3-a350-f896363bc636@group-757E3781CD2A, cid=2135, SUCCESS, logIndex=3134, commits[06a4573b-67a1-41e3-a350-f896363bc636:c3134, 0b725bbf-683b-4664-9a2e-3c9dd6e38bc1:c3130, 9193e3b7-ae04-484d-a740-c65c11559486:c3130]
2019-08-24 07:08:34,048 | INFO  | DNAudit | user=null | ip=null | op=WRITE_CHUNK {blockData=conID: 3 locID: 102670697361769004 bcsId: 3130} | ret=SUCCESS |  
2019-08-24 07:08:34,050 | INFO  | DNAudit | user=null | ip=null | op=WRITE_CHUNK {blockData=conID: 3 locID: 102670697361769004 bcsId: 3130} | ret=SUCCESS |  
2019-08-24 07:08:34,050 | INFO  | DNAudit | user=null | ip=null | op=PUT_BLOCK {blockData=[blockId=conID: 3 locID: 102670697361769004 bcsId: 0,size=4194304]} | ret=SUCCESS |  
2019-08-24 07:08:34,061 | INFO  | DNAudit | user=null | ip=null | op=PUT_BLOCK {blockData=[blockId=conID: 3 locID: 102670697361769004 bcsId: 0,size=4194304]} | ret=SUCCESS |  
2019-08-24 07:08:34,062 [grpc-default-executor-0] INFO  client.GrpcClientProtocolClient (GrpcClientProtocolClient.java:onNext(255)) - client-6EDD19400D46->06a4573b-67a1-41e3-a350-f896363bc636: receive RaftClientReply:client-6EDD19400D46->06a4573b-67a1-41e3-a350-f896363bc636@group-757E3781CD2A, cid=2136, SUCCESS, logIndex=0, commits[06a4573b-67a1-41e3-a350-f896363bc636:c3136, 0b725bbf-683b-4664-9a2e-3c9dd6e38bc1:c3134, 9193e3b7-ae04-484d-a740-c65c11559486:c3134]
2019-08-24 07:08:34,067 | INFO  | SCMAudit | user=jenkins1000 | ip=192.168.69.125 | op=ALLOCATE_BLOCK {owner=61bacca8-15b6-4a50-8962-5e9786b18b0d, size=4194304, type=RATIS, factor=THREE} | ret=SUCCESS |  
2019-08-24 07:08:34,071 | INFO  | OMAudit | user=jenkins1000 | ip=127.0.0.1 | op=ALLOCATE_BLOCK {volume=vol-0-26988, bucket=bucket-0-20739, key=key-0-27353, dataSize=0, replicationType=null, replicationFactor=null, keyLocationInfo=null, clientID=102670695851229586} | ret=SUCCESS |  
2019-08-24 07:08:34,078 | INFO  | DNAudit | user=null | ip=null | op=WRITE_CHUNK {blockData=conID: 1 locID: 102670697369895469 bcsId: 0} | ret=SUCCESS |  
2019-08-24 07:08:34,080 | INFO  | DNAudit | user=null | ip=null | op=WRITE_CHUNK {blockData=conID: 1 locID: 102670697369895469 bcsId: 0} | ret=SUCCESS |  
2019-08-24 07:08:34,082 | INFO  | DNAudit | user=null | ip=null | op=WRITE_CHUNK {blockData=conID: 1 locID: 102670697369895469 bcsId: 0} | ret=SUCCESS |  
2019-08-24 07:08:34,082 | INFO  | DNAudit | user=null | ip=null | op=WRITE_CHUNK {blockData=conID: 1 locID: 102670697369895469 bcsId: 0} | ret=SUCCESS |  
2019-08-24 07:08:34,084 | INFO  | DNAudit | user=null | ip=null | op=WRITE_CHUNK {blockData=conID: 1 locID: 102670697369895469 bcsId: 0} | ret=SUCCESS |  
2019-08-24 07:08:34,084 | INFO  | DNAudit | user=null | ip=null | op=WRITE_CHUNK {blockData=conID: 1 locID: 102670697369895469 bcsId: 0} | ret=SUCCESS |  
2019-08-24 07:08:34,088 | INFO  | DNAudit | user=null | ip=null | op=WRITE_CHUNK {blockData=conID: 1 locID: 102670697369895469 bcsId: 0} | ret=SUCCESS |  
2019-08-24 07:08:34,089 | INFO  | DNAudit | user=null | ip=null | op=PUT_BLOCK {blockData=[blockId=conID: 1 locID: 102670697369895469 bcsId: 0,size=1048576]} | ret=SUCCESS |  
2019-08-24 07:08:34,089 | INFO  | DNAudit | user=null | ip=null | op=WRITE_CHUNK {blockData=conID: 1 locID: 102670697369895469 bcsId: 0} | ret=SUCCESS |  
2019-08-24 07:08:34,089 [grpc-default-executor-0] INFO  client.GrpcClientProtocolClient (GrpcClientProtocolClient.java:onNext(255)) - client-6EDD19400D46->06a4573b-67a1-41e3-a350-f896363bc636: receive RaftClientReply:client-6EDD19400D46->06a4573b-67a1-41e3-a350-f896363bc636@group-757E3781CD2A, cid=2137, SUCCESS, logIndex=3137, commits[06a4573b-67a1-41e3-a350-f896363bc636:c3139, 0b725bbf-683b-4664-9a2e-3c9dd6e38bc1:c3136, 9193e3b7-ae04-484d-a740-c65c11559486:c3136]
2019-08-24 07:08:34,090 | INFO  | DNAudit | user=null | ip=null | op=PUT_BLOCK {blockData=[blockId=conID: 1 locID: 102670697369895469 bcsId: 0,size=2097152]} | ret=SUCCESS |  
2019-08-24 07:08:34,090 [grpc-default-executor-0] INFO  client.GrpcClientProtocolClient (GrpcClientProtocolClient.java:onNext(255)) - client-6EDD19400D46->06a4573b-67a1-41e3-a350-f896363bc636: receive RaftClientReply:client-6EDD19400D46->06a4573b-67a1-41e3-a350-f896363bc636@group-757E3781CD2A, cid=2138, SUCCESS, logIndex=3138, commits[06a4573b-67a1-41e3-a350-f896363bc636:c3140, 0b725bbf-683b-4664-9a2e-3c9dd6e38bc1:c3136, 9193e3b7-ae04-484d-a740-c65c11559486:c3136]
2019-08-24 07:08:34,090 [grpc-default-executor-0] INFO  client.GrpcClientProtocolClient (GrpcClientProtocolClient.java:onNext(255)) - client-6EDD19400D46->06a4573b-67a1-41e3-a350-f896363bc636: receive RaftClientReply:client-6EDD19400D46->06a4573b-67a1-41e3-a350-f896363bc636@group-757E3781CD2A, cid=2139, SUCCESS, logIndex=3139, commits[06a4573b-67a1-41e3-a350-f896363bc636:c3140, 0b725bbf-683b-4664-9a2e-3c9dd6e38bc1:c3136, 9193e3b7-ae04-484d-a740-c65c11559486:c3136]
2019-08-24 07:08:34,090 [grpc-default-executor-0] INFO  client.GrpcClientProtocolClient (GrpcClientProtocolClient.java:onNext(255)) - client-6EDD19400D46->06a4573b-67a1-41e3-a350-f896363bc636: receive RaftClientReply:client-6EDD19400D46->06a4573b-67a1-41e3-a350-f896363bc636@group-757E3781CD2A, cid=2140, SUCCESS, logIndex=3140, commits[06a4573b-67a1-41e3-a350-f896363bc636:c3140, 0b725bbf-683b-4664-9a2e-3c9dd6e38bc1:c3136, 9193e3b7-ae04-484d-a740-c65c11559486:c3136]
2019-08-24 07:08:34,100 | INFO  | DNAudit | user=null | ip=null | op=WRITE_CHUNK {blockData=conID: 1 locID: 102670697369895469 bcsId: 0} | ret=SUCCESS |  
2019-08-24 07:08:34,103 | INFO  | DNAudit | user=null | ip=null | op=PUT_BLOCK {blockData=[blockId=conID: 1 locID: 102670697369895469 bcsId: 0,size=1048576]} | ret=SUCCESS |  
2019-08-24 07:08:34,103 | INFO  | DNAudit | user=null | ip=null | op=WRITE_CHUNK {blockData=conID: 1 locID: 102670697369895469 bcsId: 0} | ret=SUCCESS |  
2019-08-24 07:08:34,103 | INFO  | DNAudit | user=null | ip=null | op=PUT_BLOCK {blockData=[blockId=conID: 1 locID: 102670697369895469 bcsId: 0,size=2097152]} | ret=SUCCESS |  
2019-08-24 07:08:34,114 | INFO  | DNAudit | user=null | ip=null | op=WRITE_CHUNK {blockData=conID: 1 locID: 102670697369895469 bcsId: 0} | ret=SUCCESS |  
2019-08-24 07:08:34,114 | INFO  | DNAudit | user=null | ip=null | op=PUT_BLOCK {blockData=[blockId=conID: 1 locID: 102670697369895469 bcsId: 0,size=1048576]} | ret=SUCCESS |  
2019-08-24 07:08:34,114 [grpc-default-executor-0] INFO  client.GrpcClientProtocolClient (GrpcClientProtocolClient.java:onNext(255)) - client-6EDD19400D46->06a4573b-67a1-41e3-a350-f896363bc636: receive RaftClientReply:client-6EDD19400D46->06a4573b-67a1-41e3-a350-f896363bc636@group-757E3781CD2A, cid=2141, SUCCESS, logIndex=0, commits[06a4573b-67a1-41e3-a350-f896363bc636:c3144, 0b725bbf-683b-4664-9a2e-3c9dd6e38bc1:c3138, 9193e3b7-ae04-484d-a740-c65c11559486:c3140]
2019-08-24 07:08:34,114 | INFO  | DNAudit | user=null | ip=null | op=WRITE_CHUNK {blockData=conID: 1 locID: 102670697369895469 bcsId: 0} | ret=SUCCESS |  
2019-08-24 07:08:34,115 | INFO  | DNAudit | user=null | ip=null | op=PUT_BLOCK {blockData=[blockId=conID: 1 locID: 102670697369895469 bcsId: 0,size=2097152]} | ret=SUCCESS |  
2019-08-24 07:08:34,121 | INFO  | DNAudit | user=null | ip=null | op=WRITE_CHUNK {blockData=conID: 1 locID: 102670697369895469 bcsId: 3140} | ret=SUCCESS |  
2019-08-24 07:08:34,125 | INFO  | DNAudit | user=null | ip=null | op=WRITE_CHUNK {blockData=conID: 1 locID: 102670697369895469 bcsId: 3140} | ret=SUCCESS |  
2019-08-24 07:08:34,125 | INFO  | DNAudit | user=null | ip=null | op=WRITE_CHUNK {blockData=conID: 1 locID: 102670697369895469 bcsId: 3140} | ret=SUCCESS |  
2019-08-24 07:08:34,147 | INFO  | DNAudit | user=null | ip=null | op=WRITE_CHUNK {blockData=conID: 1 locID: 102670697369895469 bcsId: 3140} | ret=SUCCESS |  
2019-08-24 07:08:34,148 | INFO  | DNAudit | user=null | ip=null | op=PUT_BLOCK {blockData=[blockId=conID: 1 locID: 102670697369895469 bcsId: 0,size=3145728]} | ret=SUCCESS |  
2019-08-24 07:08:34,148 [grpc-default-executor-0] INFO  client.GrpcClientProtocolClient (GrpcClientProtocolClient.java:onNext(255)) - client-6EDD19400D46->06a4573b-67a1-41e3-a350-f896363bc636: receive RaftClientReply:client-6EDD19400D46->06a4573b-67a1-41e3-a350-f896363bc636@group-757E3781CD2A, cid=2142, SUCCESS, logIndex=3145, commits[06a4573b-67a1-41e3-a350-f896363bc636:c3146, 0b725bbf-683b-4664-9a2e-3c9dd6e38bc1:c3144, 9193e3b7-ae04-484d-a740-c65c11559486:c3144]
2019-08-24 07:08:34,149 [grpc-default-executor-0] INFO  client.GrpcClientProtocolClient (GrpcClientProtocolClient.java:onNext(255)) - client-6EDD19400D46->06a4573b-67a1-41e3-a350-f896363bc636: receive RaftClientReply:client-6EDD19400D46->06a4573b-67a1-41e3-a350-f896363bc636@group-757E3781CD2A, cid=2143, SUCCESS, logIndex=3146, commits[06a4573b-67a1-41e3-a350-f896363bc636:c3146, 0b725bbf-683b-4664-9a2e-3c9dd6e38bc1:c3144, 9193e3b7-ae04-484d-a740-c65c11559486:c3144]
2019-08-24 07:08:34,157 | INFO  | DNAudit | user=null | ip=null | op=WRITE_CHUNK {blockData=conID: 1 locID: 102670697369895469 bcsId: 3146} | ret=SUCCESS |  
2019-08-24 07:08:34,159 | INFO  | DNAudit | user=null | ip=null | op=WRITE_CHUNK {blockData=conID: 1 locID: 102670697369895469 bcsId: 3140} | ret=SUCCESS |  
2019-08-24 07:08:34,159 | INFO  | DNAudit | user=null | ip=null | op=WRITE_CHUNK {blockData=conID: 1 locID: 102670697369895469 bcsId: 3140} | ret=SUCCESS |  
2019-08-24 07:08:34,160 | INFO  | DNAudit | user=null | ip=null | op=PUT_BLOCK {blockData=[blockId=conID: 1 locID: 102670697369895469 bcsId: 0,size=3145728]} | ret=SUCCESS |  
2019-08-24 07:08:34,161 | INFO  | DNAudit | user=null | ip=null | op=PUT_BLOCK {blockData=[blockId=conID: 1 locID: 102670697369895469 bcsId: 0,size=3145728]} | ret=SUCCESS |  
2019-08-24 07:08:34,161 | INFO  | DNAudit | user=null | ip=null | op=WRITE_CHUNK {blockData=conID: 1 locID: 102670697369895469 bcsId: 3146} | ret=SUCCESS |  
2019-08-24 07:08:34,161 | INFO  | DNAudit | user=null | ip=null | op=WRITE_CHUNK {blockData=conID: 1 locID: 102670697369895469 bcsId: 3146} | ret=SUCCESS |  
2019-08-24 07:08:34,174 | INFO  | DNAudit | user=null | ip=null | op=WRITE_CHUNK {blockData=conID: 1 locID: 102670697369895469 bcsId: 3146} | ret=SUCCESS |  
2019-08-24 07:08:34,174 | INFO  | DNAudit | user=null | ip=null | op=PUT_BLOCK {blockData=[blockId=conID: 1 locID: 102670697369895469 bcsId: 0,size=4194304]} | ret=SUCCESS |  
2019-08-24 07:08:34,175 [grpc-default-executor-5] INFO  client.GrpcClientProtocolClient (GrpcClientProtocolClient.java:onNext(255)) - client-6EDD19400D46->06a4573b-67a1-41e3-a350-f896363bc636: receive RaftClientReply:client-6EDD19400D46->06a4573b-67a1-41e3-a350-f896363bc636@group-757E3781CD2A, cid=2144, SUCCESS, logIndex=3149, commits[06a4573b-67a1-41e3-a350-f896363bc636:c3150, 0b725bbf-683b-4664-9a2e-3c9dd6e38bc1:c3146, 9193e3b7-ae04-484d-a740-c65c11559486:c3146]
2019-08-24 07:08:34,175 [grpc-default-executor-5] INFO  client.GrpcClientProtocolClient (GrpcClientProtocolClient.java:onNext(255)) - client-6EDD19400D46->06a4573b-67a1-41e3-a350-f896363bc636: receive RaftClientReply:client-6EDD19400D46->06a4573b-67a1-41e3-a350-f896363bc636@group-757E3781CD2A, cid=2145, SUCCESS, logIndex=3150, commits[06a4573b-67a1-41e3-a350-f896363bc636:c3150, 0b725bbf-683b-4664-9a2e-3c9dd6e38bc1:c3146, 9193e3b7-ae04-484d-a740-c65c11559486:c3146]
2019-08-24 07:08:34,186 | INFO  | DNAudit | user=null | ip=null | op=WRITE_CHUNK {blockData=conID: 1 locID: 102670697369895469 bcsId: 3146} | ret=SUCCESS |  
2019-08-24 07:08:34,186 | INFO  | DNAudit | user=null | ip=null | op=WRITE_CHUNK {blockData=conID: 1 locID: 102670697369895469 bcsId: 3146} | ret=SUCCESS |  
2019-08-24 07:08:34,186 | INFO  | DNAudit | user=null | ip=null | op=PUT_BLOCK {blockData=[blockId=conID: 1 locID: 102670697369895469 bcsId: 0,size=4194304]} | ret=SUCCESS |  
2019-08-24 07:08:34,186 | INFO  | DNAudit | user=null | ip=null | op=PUT_BLOCK {blockData=[blockId=conID: 1 locID: 102670697369895469 bcsId: 0,size=4194304]} | ret=SUCCESS |  
2019-08-24 07:08:34,186 [grpc-default-executor-5] INFO  client.GrpcClientProtocolClient (GrpcClientProtocolClient.java:onNext(255)) - client-6EDD19400D46->06a4573b-67a1-41e3-a350-f896363bc636: receive RaftClientReply:client-6EDD19400D46->06a4573b-67a1-41e3-a350-f896363bc636@group-757E3781CD2A, cid=2146, SUCCESS, logIndex=0, commits[06a4573b-67a1-41e3-a350-f896363bc636:c3151, 0b725bbf-683b-4664-9a2e-3c9dd6e38bc1:c3150, 9193e3b7-ae04-484d-a740-c65c11559486:c3150]
2019-08-24 07:08:34,192 | INFO  | SCMAudit | user=jenkins1000 | ip=192.168.69.125 | op=ALLOCATE_BLOCK {owner=61bacca8-15b6-4a50-8962-5e9786b18b0d, size=4194304, type=RATIS, factor=THREE} | ret=SUCCESS |  
2019-08-24 07:08:34,196 | INFO  | OMAudit | user=jenkins1000 | ip=127.0.0.1 | op=ALLOCATE_BLOCK {volume=vol-0-26988, bucket=bucket-0-20739, key=key-0-27353, dataSize=0, replicationType=null, replicationFactor=null, keyLocationInfo=null, clientID=102670695851229586} | ret=SUCCESS |  
2019-08-24 07:08:34,204 | INFO  | DNAudit | user=null | ip=null | op=WRITE_CHUNK {blockData=conID: 2 locID: 102670697378087470 bcsId: 0} | ret=SUCCESS |  
2019-08-24 07:08:34,208 | INFO  | DNAudit | user=null | ip=null | op=WRITE_CHUNK {blockData=conID: 2 locID: 102670697378087470 bcsId: 0} | ret=SUCCESS |  
2019-08-24 07:08:34,208 | INFO  | DNAudit | user=null | ip=null | op=WRITE_CHUNK {blockData=conID: 2 locID: 102670697378087470 bcsId: 0} | ret=SUCCESS |  
2019-08-24 07:08:34,208 | INFO  | DNAudit | user=null | ip=null | op=WRITE_CHUNK {blockData=conID: 2 locID: 102670697378087470 bcsId: 0} | ret=SUCCESS |  
2019-08-24 07:08:34,211 | INFO  | DNAudit | user=null | ip=null | op=WRITE_CHUNK {blockData=conID: 2 locID: 102670697378087470 bcsId: 0} | ret=SUCCESS |  
2019-08-24 07:08:34,211 | INFO  | DNAudit | user=null | ip=null | op=WRITE_CHUNK {blockData=conID: 2 locID: 102670697378087470 bcsId: 0} | ret=SUCCESS |  
2019-08-24 07:08:34,216 | INFO  | DNAudit | user=null | ip=null | op=WRITE_CHUNK {blockData=conID: 2 locID: 102670697378087470 bcsId: 0} | ret=SUCCESS |  
2019-08-24 07:08:34,217 | INFO  | DNAudit | user=null | ip=null | op=PUT_BLOCK {blockData=[blockId=conID: 2 locID: 102670697378087470 bcsId: 0,size=1048576]} | ret=SUCCESS |  
2019-08-24 07:08:34,217 [grpc-default-executor-5] INFO  client.GrpcClientProtocolClient (GrpcClientProtocolClient.java:onNext(255)) - client-6EDD19400D46->06a4573b-67a1-41e3-a350-f896363bc636: receive RaftClientReply:client-6EDD19400D46->06a4573b-67a1-41e3-a350-f896363bc636@group-757E3781CD2A, cid=2147, SUCCESS, logIndex=3153, commits[06a4573b-67a1-41e3-a350-f896363bc636:c3154, 0b725bbf-683b-4664-9a2e-3c9dd6e38bc1:c3152, 9193e3b7-ae04-484d-a740-c65c11559486:c3152]
2019-08-24 07:08:34,218 | INFO  | DNAudit | user=null | ip=null | op=WRITE_CHUNK {blockData=conID: 2 locID: 102670697378087470 bcsId: 0} | ret=SUCCESS |  
2019-08-24 07:08:34,218 [grpc-default-executor-0] INFO  client.GrpcClientProtocolClient (GrpcClientProtocolClient.java:onNext(255)) - client-6EDD19400D46->06a4573b-67a1-41e3-a350-f896363bc636: receive RaftClientReply:client-6EDD19400D46->06a4573b-67a1-41e3-a350-f896363bc636@group-757E3781CD2A, cid=2148, SUCCESS, logIndex=3154, commits[06a4573b-67a1-41e3-a350-f896363bc636:c3154, 0b725bbf-683b-4664-9a2e-3c9dd6e38bc1:c3152, 9193e3b7-ae04-484d-a740-c65c11559486:c3152]
2019-08-24 07:08:34,218 | INFO  | DNAudit | user=null | ip=null | op=PUT_BLOCK {blockData=[blockId=conID: 2 locID: 102670697378087470 bcsId: 0,size=2097152]} | ret=SUCCESS |  
2019-08-24 07:08:34,218 [grpc-default-executor-0] INFO  client.GrpcClientProtocolClient (GrpcClientProtocolClient.java:onNext(255)) - client-6EDD19400D46->06a4573b-67a1-41e3-a350-f896363bc636: receive RaftClientReply:client-6EDD19400D46->06a4573b-67a1-41e3-a350-f896363bc636@group-757E3781CD2A, cid=2149, SUCCESS, logIndex=3155, commits[06a4573b-67a1-41e3-a350-f896363bc636:c3156, 0b725bbf-683b-4664-9a2e-3c9dd6e38bc1:c3152, 9193e3b7-ae04-484d-a740-c65c11559486:c3152]
2019-08-24 07:08:34,219 [grpc-default-executor-0] INFO  client.GrpcClientProtocolClient (GrpcClientProtocolClient.java:onNext(255)) - client-6EDD19400D46->06a4573b-67a1-41e3-a350-f896363bc636: receive RaftClientReply:client-6EDD19400D46->06a4573b-67a1-41e3-a350-f896363bc636@group-757E3781CD2A, cid=2150, SUCCESS, logIndex=3156, commits[06a4573b-67a1-41e3-a350-f896363bc636:c3156, 0b725bbf-683b-4664-9a2e-3c9dd6e38bc1:c3152, 9193e3b7-ae04-484d-a740-c65c11559486:c3152]
2019-08-24 07:08:34,238 | INFO  | DNAudit | user=null | ip=null | op=WRITE_CHUNK {blockData=conID: 2 locID: 102670697378087470 bcsId: 0} | ret=SUCCESS |  
2019-08-24 07:08:34,238 | INFO  | DNAudit | user=null | ip=null | op=PUT_BLOCK {blockData=[blockId=conID: 2 locID: 102670697378087470 bcsId: 0,size=1048576]} | ret=SUCCESS |  
2019-08-24 07:08:34,240 | INFO  | DNAudit | user=null | ip=null | op=WRITE_CHUNK {blockData=conID: 2 locID: 102670697378087470 bcsId: 0} | ret=SUCCESS |  
2019-08-24 07:08:34,240 | INFO  | DNAudit | user=null | ip=null | op=PUT_BLOCK {blockData=[blockId=conID: 2 locID: 102670697378087470 bcsId: 0,size=1048576]} | ret=SUCCESS |  
2019-08-24 07:08:34,241 | INFO  | DNAudit | user=null | ip=null | op=WRITE_CHUNK {blockData=conID: 2 locID: 102670697378087470 bcsId: 0} | ret=SUCCESS |  
2019-08-24 07:08:34,241 [grpc-default-executor-0] INFO  client.GrpcClientProtocolClient (GrpcClientProtocolClient.java:onNext(255)) - client-6EDD19400D46->06a4573b-67a1-41e3-a350-f896363bc636: receive RaftClientReply:client-6EDD19400D46->06a4573b-67a1-41e3-a350-f896363bc636@group-757E3781CD2A, cid=2151, SUCCESS, logIndex=0, commits[06a4573b-67a1-41e3-a350-f896363bc636:c3158, 0b725bbf-683b-4664-9a2e-3c9dd6e38bc1:c3154, 9193e3b7-ae04-484d-a740-c65c11559486:c3154]
2019-08-24 07:08:34,241 | INFO  | DNAudit | user=null | ip=null | op=PUT_BLOCK {blockData=[blockId=conID: 2 locID: 102670697378087470 bcsId: 0,size=2097152]} | ret=SUCCESS |  
2019-08-24 07:08:34,248 | INFO  | DNAudit | user=null | ip=null | op=WRITE_CHUNK {blockData=conID: 2 locID: 102670697378087470 bcsId: 3156} | ret=SUCCESS |  
2019-08-24 07:08:34,251 | INFO  | DNAudit | user=null | ip=null | op=WRITE_CHUNK {blockData=conID: 2 locID: 102670697378087470 bcsId: 0} | ret=SUCCESS |  
2019-08-24 07:08:34,251 | INFO  | DNAudit | user=null | ip=null | op=PUT_BLOCK {blockData=[blockId=conID: 2 locID: 102670697378087470 bcsId: 0,size=2097152]} | ret=SUCCESS |  
2019-08-24 07:08:34,252 | INFO  | DNAudit | user=null | ip=null | op=WRITE_CHUNK {blockData=conID: 2 locID: 102670697378087470 bcsId: 3156} | ret=SUCCESS |  
2019-08-24 07:08:34,252 | INFO  | DNAudit | user=null | ip=null | op=WRITE_CHUNK {blockData=conID: 2 locID: 102670697378087470 bcsId: 3156} | ret=SUCCESS |  
2019-08-24 07:08:34,264 | INFO  | DNAudit | user=null | ip=null | op=WRITE_CHUNK {blockData=conID: 2 locID: 102670697378087470 bcsId: 3156} | ret=SUCCESS |  
2019-08-24 07:08:34,264 | INFO  | DNAudit | user=null | ip=null | op=PUT_BLOCK {blockData=[blockId=conID: 2 locID: 102670697378087470 bcsId: 0,size=3145728]} | ret=SUCCESS |  
2019-08-24 07:08:34,264 [grpc-default-executor-0] INFO  client.GrpcClientProtocolClient (GrpcClientProtocolClient.java:onNext(255)) - client-6EDD19400D46->06a4573b-67a1-41e3-a350-f896363bc636: receive RaftClientReply:client-6EDD19400D46->06a4573b-67a1-41e3-a350-f896363bc636@group-757E3781CD2A, cid=2152, SUCCESS, logIndex=3161, commits[06a4573b-67a1-41e3-a350-f896363bc636:c3162, 0b725bbf-683b-4664-9a2e-3c9dd6e38bc1:c3160, 9193e3b7-ae04-484d-a740-c65c11559486:c3160]
2019-08-24 07:08:34,265 [grpc-default-executor-0] INFO  client.GrpcClientProtocolClient (GrpcClientProtocolClient.java:onNext(255)) - client-6EDD19400D46->06a4573b-67a1-41e3-a350-f896363bc636: receive RaftClientReply:client-6EDD19400D46->06a4573b-67a1-41e3-a350-f896363bc636@group-757E3781CD2A, cid=2153, SUCCESS, logIndex=3162, commits[06a4573b-67a1-41e3-a350-f896363bc636:c3162, 0b725bbf-683b-4664-9a2e-3c9dd6e38bc1:c3160, 9193e3b7-ae04-484d-a740-c65c11559486:c3160]
2019-08-24 07:08:34,265 | INFO  | DNAudit | user=null | ip=null | op=WRITE_CHUNK {blockData=conID: 2 locID: 102670697378087470 bcsId: 3156} | ret=SUCCESS |  
2019-08-24 07:08:34,266 | INFO  | DNAudit | user=null | ip=null | op=WRITE_CHUNK {blockData=conID: 2 locID: 102670697378087470 bcsId: 3156} | ret=SUCCESS |  
2019-08-24 07:08:34,272 | INFO  | DNAudit | user=null | ip=null | op=WRITE_CHUNK {blockData=conID: 2 locID: 102670697378087470 bcsId: 3162} | ret=SUCCESS |  
2019-08-24 07:08:34,274 | INFO  | DNAudit | user=null | ip=null | op=WRITE_CHUNK {blockData=conID: 2 locID: 102670697378087470 bcsId: 3162} | ret=SUCCESS |  
2019-08-24 07:08:34,275 | INFO  | DNAudit | user=null | ip=null | op=WRITE_CHUNK {blockData=conID: 2 locID: 102670697378087470 bcsId: 3162} | ret=SUCCESS |  
2019-08-24 07:08:34,277 | INFO  | DNAudit | user=null | ip=null | op=PUT_BLOCK {blockData=[blockId=conID: 2 locID: 102670697378087470 bcsId: 0,size=3145728]} | ret=SUCCESS |  
2019-08-24 07:08:34,278 | INFO  | DNAudit | user=null | ip=null | op=PUT_BLOCK {blockData=[blockId=conID: 2 locID: 102670697378087470 bcsId: 0,size=3145728]} | ret=SUCCESS |  
2019-08-24 07:08:34,279 | INFO  | DNAudit | user=null | ip=null | op=WRITE_CHUNK {blockData=conID: 2 locID: 102670697378087470 bcsId: 3162} | ret=SUCCESS |  
2019-08-24 07:08:34,280 | INFO  | DNAudit | user=null | ip=null | op=PUT_BLOCK {blockData=[blockId=conID: 2 locID: 102670697378087470 bcsId: 0,size=4194304]} | ret=SUCCESS |  
2019-08-24 07:08:34,280 [grpc-default-executor-5] INFO  client.GrpcClientProtocolClient (GrpcClientProtocolClient.java:onNext(255)) - client-6EDD19400D46->06a4573b-67a1-41e3-a350-f896363bc636: receive RaftClientReply:client-6EDD19400D46->06a4573b-67a1-41e3-a350-f896363bc636@group-757E3781CD2A, cid=2154, SUCCESS, logIndex=3165, commits[06a4573b-67a1-41e3-a350-f896363bc636:c3166, 0b725bbf-683b-4664-9a2e-3c9dd6e38bc1:c3162, 9193e3b7-ae04-484d-a740-c65c11559486:c3163]
2019-08-24 07:08:34,280 [grpc-default-executor-5] INFO  client.GrpcClientProtocolClient (GrpcClientProtocolClient.java:onNext(255)) - client-6EDD19400D46->06a4573b-67a1-41e3-a350-f896363bc636: receive RaftClientReply:client-6EDD19400D46->06a4573b-67a1-41e3-a350-f896363bc636@group-757E3781CD2A, cid=2155, SUCCESS, logIndex=3166, commits[06a4573b-67a1-41e3-a350-f896363bc636:c3166, 0b725bbf-683b-4664-9a2e-3c9dd6e38bc1:c3163, 9193e3b7-ae04-484d-a740-c65c11559486:c3163]
2019-08-24 07:08:34,291 | INFO  | DNAudit | user=null | ip=null | op=WRITE_CHUNK {blockData=conID: 2 locID: 102670697378087470 bcsId: 3162} | ret=SUCCESS |  
2019-08-24 07:08:34,291 | INFO  | DNAudit | user=null | ip=null | op=WRITE_CHUNK {blockData=conID: 2 locID: 102670697378087470 bcsId: 3162} | ret=SUCCESS |  
2019-08-24 07:08:34,291 | INFO  | DNAudit | user=null | ip=null | op=PUT_BLOCK {blockData=[blockId=conID: 2 locID: 102670697378087470 bcsId: 0,size=4194304]} | ret=SUCCESS |  
2019-08-24 07:08:34,292 | INFO  | DNAudit | user=null | ip=null | op=PUT_BLOCK {blockData=[blockId=conID: 2 locID: 102670697378087470 bcsId: 0,size=4194304]} | ret=SUCCESS |  
2019-08-24 07:08:34,292 [grpc-default-executor-5] INFO  client.GrpcClientProtocolClient (GrpcClientProtocolClient.java:onNext(255)) - client-6EDD19400D46->06a4573b-67a1-41e3-a350-f896363bc636: receive RaftClientReply:client-6EDD19400D46->06a4573b-67a1-41e3-a350-f896363bc636@group-757E3781CD2A, cid=2156, SUCCESS, logIndex=0, commits[06a4573b-67a1-41e3-a350-f896363bc636:c3167, 0b725bbf-683b-4664-9a2e-3c9dd6e38bc1:c3166, 9193e3b7-ae04-484d-a740-c65c11559486:c3166]
2019-08-24 07:08:34,297 | INFO  | SCMAudit | user=jenkins1000 | ip=192.168.69.125 | op=ALLOCATE_BLOCK {owner=61bacca8-15b6-4a50-8962-5e9786b18b0d, size=4194304, type=RATIS, factor=THREE} | ret=SUCCESS |  
2019-08-24 07:08:34,300 | INFO  | OMAudit | user=jenkins1000 | ip=127.0.0.1 | op=ALLOCATE_BLOCK {volume=vol-0-26988, bucket=bucket-0-20739, key=key-0-27353, dataSize=0, replicationType=null, replicationFactor=null, keyLocationInfo=null, clientID=102670695851229586} | ret=SUCCESS |  
2019-08-24 07:08:34,307 | INFO  | DNAudit | user=null | ip=null | op=WRITE_CHUNK {blockData=conID: 3 locID: 102670697384968751 bcsId: 0} | ret=SUCCESS |  
2019-08-24 07:08:34,310 | INFO  | DNAudit | user=null | ip=null | op=WRITE_CHUNK {blockData=conID: 3 locID: 102670697384968751 bcsId: 0} | ret=SUCCESS |  
2019-08-24 07:08:34,310 | INFO  | DNAudit | user=null | ip=null | op=WRITE_CHUNK {blockData=conID: 3 locID: 102670697384968751 bcsId: 0} | ret=SUCCESS |  
2019-08-24 07:08:34,311 | INFO  | DNAudit | user=null | ip=null | op=WRITE_CHUNK {blockData=conID: 3 locID: 102670697384968751 bcsId: 0} | ret=SUCCESS |  
2019-08-24 07:08:34,312 | INFO  | DNAudit | user=null | ip=null | op=WRITE_CHUNK {blockData=conID: 3 locID: 102670697384968751 bcsId: 0} | ret=SUCCESS |  
2019-08-24 07:08:34,312 | INFO  | DNAudit | user=null | ip=null | op=WRITE_CHUNK {blockData=conID: 3 locID: 102670697384968751 bcsId: 0} | ret=SUCCESS |  
2019-08-24 07:08:34,322 | INFO  | DNAudit | user=null | ip=null | op=WRITE_CHUNK {blockData=conID: 3 locID: 102670697384968751 bcsId: 0} | ret=SUCCESS |  
2019-08-24 07:08:34,322 | INFO  | DNAudit | user=null | ip=null | op=PUT_BLOCK {blockData=[blockId=conID: 3 locID: 102670697384968751 bcsId: 0,size=1048576]} | ret=SUCCESS |  
2019-08-24 07:08:34,322 [grpc-default-executor-2] INFO  client.GrpcClientProtocolClient (GrpcClientProtocolClient.java:onNext(255)) - client-6EDD19400D46->06a4573b-67a1-41e3-a350-f896363bc636: receive RaftClientReply:client-6EDD19400D46->06a4573b-67a1-41e3-a350-f896363bc636@group-757E3781CD2A, cid=2157, SUCCESS, logIndex=3169, commits[06a4573b-67a1-41e3-a350-f896363bc636:c3170, 0b725bbf-683b-4664-9a2e-3c9dd6e38bc1:c3168, 9193e3b7-ae04-484d-a740-c65c11559486:c3168]
2019-08-24 07:08:34,323 [grpc-default-executor-2] INFO  client.GrpcClientProtocolClient (GrpcClientProtocolClient.java:onNext(255)) - client-6EDD19400D46->06a4573b-67a1-41e3-a350-f896363bc636: receive RaftClientReply:client-6EDD19400D46->06a4573b-67a1-41e3-a350-f896363bc636@group-757E3781CD2A, cid=2158, SUCCESS, logIndex=3170, commits[06a4573b-67a1-41e3-a350-f896363bc636:c3170, 0b725bbf-683b-4664-9a2e-3c9dd6e38bc1:c3168, 9193e3b7-ae04-484d-a740-c65c11559486:c3168]
2019-08-24 07:08:34,331 | INFO  | DNAudit | user=null | ip=null | op=WRITE_CHUNK {blockData=conID: 3 locID: 102670697384968751 bcsId: 0} | ret=SUCCESS |  
2019-08-24 07:08:34,332 | INFO  | DNAudit | user=null | ip=null | op=WRITE_CHUNK {blockData=conID: 3 locID: 102670697384968751 bcsId: 0} | ret=SUCCESS |  
2019-08-24 07:08:34,332 | INFO  | DNAudit | user=null | ip=null | op=PUT_BLOCK {blockData=[blockId=conID: 3 locID: 102670697384968751 bcsId: 0,size=2097152]} | ret=SUCCESS |  
2019-08-24 07:08:34,332 | INFO  | DNAudit | user=null | ip=null | op=PUT_BLOCK {blockData=[blockId=conID: 3 locID: 102670697384968751 bcsId: 0,size=1048576]} | ret=SUCCESS |  
2019-08-24 07:08:34,332 | INFO  | DNAudit | user=null | ip=null | op=WRITE_CHUNK {blockData=conID: 3 locID: 102670697384968751 bcsId: 0} | ret=SUCCESS |  
2019-08-24 07:08:34,332 [grpc-default-executor-5] INFO  client.GrpcClientProtocolClient (GrpcClientProtocolClient.java:onNext(255)) - client-6EDD19400D46->06a4573b-67a1-41e3-a350-f896363bc636: receive RaftClientReply:client-6EDD19400D46->06a4573b-67a1-41e3-a350-f896363bc636@group-757E3781CD2A, cid=2159, SUCCESS, logIndex=3171, commits[06a4573b-67a1-41e3-a350-f896363bc636:c3172, 0b725bbf-683b-4664-9a2e-3c9dd6e38bc1:c3168, 9193e3b7-ae04-484d-a740-c65c11559486:c3168]
2019-08-24 07:08:34,332 [grpc-default-executor-5] INFO  client.GrpcClientProtocolClient (GrpcClientProtocolClient.java:onNext(255)) - client-6EDD19400D46->06a4573b-67a1-41e3-a350-f896363bc636: receive RaftClientReply:client-6EDD19400D46->06a4573b-67a1-41e3-a350-f896363bc636@group-757E3781CD2A, cid=2160, SUCCESS, logIndex=3172, commits[06a4573b-67a1-41e3-a350-f896363bc636:c3173, 0b725bbf-683b-4664-9a2e-3c9dd6e38bc1:c3170, 9193e3b7-ae04-484d-a740-c65c11559486:c3169]
2019-08-24 07:08:34,334 | INFO  | DNAudit | user=null | ip=null | op=PUT_BLOCK {blockData=[blockId=conID: 3 locID: 102670697384968751 bcsId: 0,size=1048576]} | ret=SUCCESS |  
2019-08-24 07:08:34,335 [grpc-default-executor-5] INFO  client.GrpcClientProtocolClient (GrpcClientProtocolClient.java:onNext(255)) - client-6EDD19400D46->06a4573b-67a1-41e3-a350-f896363bc636: receive RaftClientReply:client-6EDD19400D46->06a4573b-67a1-41e3-a350-f896363bc636@group-757E3781CD2A, cid=2161, SUCCESS, logIndex=0, commits[06a4573b-67a1-41e3-a350-f896363bc636:c3173, 0b725bbf-683b-4664-9a2e-3c9dd6e38bc1:c3170, 9193e3b7-ae04-484d-a740-c65c11559486:c3170]
2019-08-24 07:08:34,344 | INFO  | DNAudit | user=null | ip=null | op=WRITE_CHUNK {blockData=conID: 3 locID: 102670697384968751 bcsId: 3172} | ret=SUCCESS |  
2019-08-24 07:08:34,347 | INFO  | DNAudit | user=null | ip=null | op=WRITE_CHUNK {blockData=conID: 3 locID: 102670697384968751 bcsId: 3172} | ret=SUCCESS |  
2019-08-24 07:08:34,347 | INFO  | DNAudit | user=null | ip=null | op=WRITE_CHUNK {blockData=conID: 3 locID: 102670697384968751 bcsId: 3172} | ret=SUCCESS |  
2019-08-24 07:08:34,355 | INFO  | DNAudit | user=null | ip=null | op=WRITE_CHUNK {blockData=conID: 3 locID: 102670697384968751 bcsId: 0} | ret=SUCCESS |  
2019-08-24 07:08:34,355 | INFO  | DNAudit | user=null | ip=null | op=WRITE_CHUNK {blockData=conID: 3 locID: 102670697384968751 bcsId: 0} | ret=SUCCESS |  
2019-08-24 07:08:34,355 | INFO  | DNAudit | user=null | ip=null | op=WRITE_CHUNK {blockData=conID: 3 locID: 102670697384968751 bcsId: 3172} | ret=SUCCESS |  
2019-08-24 07:08:34,356 | INFO  | DNAudit | user=null | ip=null | op=PUT_BLOCK {blockData=[blockId=conID: 3 locID: 102670697384968751 bcsId: 0,size=2097152]} | ret=SUCCESS |  
2019-08-24 07:08:34,356 | INFO  | DNAudit | user=null | ip=null | op=PUT_BLOCK {blockData=[blockId=conID: 3 locID: 102670697384968751 bcsId: 0,size=2097152]} | ret=SUCCESS |  
2019-08-24 07:08:34,356 | INFO  | DNAudit | user=null | ip=null | op=PUT_BLOCK {blockData=[blockId=conID: 3 locID: 102670697384968751 bcsId: 0,size=3145728]} | ret=SUCCESS |  
2019-08-24 07:08:34,356 [grpc-default-executor-2] INFO  client.GrpcClientProtocolClient (GrpcClientProtocolClient.java:onNext(255)) - client-6EDD19400D46->06a4573b-67a1-41e3-a350-f896363bc636: receive RaftClientReply:client-6EDD19400D46->06a4573b-67a1-41e3-a350-f896363bc636@group-757E3781CD2A, cid=2162, SUCCESS, logIndex=3177, commits[06a4573b-67a1-41e3-a350-f896363bc636:c3178, 0b725bbf-683b-4664-9a2e-3c9dd6e38bc1:c3176, 9193e3b7-ae04-484d-a740-c65c11559486:c3176]
2019-08-24 07:08:34,356 [grpc-default-executor-2] INFO  client.GrpcClientProtocolClient (GrpcClientProtocolClient.java:onNext(255)) - client-6EDD19400D46->06a4573b-67a1-41e3-a350-f896363bc636: receive RaftClientReply:client-6EDD19400D46->06a4573b-67a1-41e3-a350-f896363bc636@group-757E3781CD2A, cid=2163, SUCCESS, logIndex=3178, commits[06a4573b-67a1-41e3-a350-f896363bc636:c3178, 0b725bbf-683b-4664-9a2e-3c9dd6e38bc1:c3176, 9193e3b7-ae04-484d-a740-c65c11559486:c3176]
2019-08-24 07:08:34,363 | INFO  | DNAudit | user=null | ip=null | op=WRITE_CHUNK {blockData=conID: 3 locID: 102670697384968751 bcsId: 3178} | ret=SUCCESS |  
2019-08-24 07:08:34,367 | INFO  | DNAudit | user=null | ip=null | op=WRITE_CHUNK {blockData=conID: 3 locID: 102670697384968751 bcsId: 3178} | ret=SUCCESS |  
2019-08-24 07:08:34,368 | INFO  | DNAudit | user=null | ip=null | op=WRITE_CHUNK {blockData=conID: 3 locID: 102670697384968751 bcsId: 3178} | ret=SUCCESS |  
2019-08-24 07:08:34,371 | INFO  | DNAudit | user=null | ip=null | op=WRITE_CHUNK {blockData=conID: 3 locID: 102670697384968751 bcsId: 3172} | ret=SUCCESS |  
2019-08-24 07:08:34,372 | INFO  | DNAudit | user=null | ip=null | op=WRITE_CHUNK {blockData=conID: 3 locID: 102670697384968751 bcsId: 3172} | ret=SUCCESS |  
2019-08-24 07:08:34,372 | INFO  | DNAudit | user=null | ip=null | op=PUT_BLOCK {blockData=[blockId=conID: 3 locID: 102670697384968751 bcsId: 0,size=3145728]} | ret=SUCCESS |  
2019-08-24 07:08:34,373 | INFO  | DNAudit | user=null | ip=null | op=WRITE_CHUNK {blockData=conID: 3 locID: 102670697384968751 bcsId: 3178} | ret=SUCCESS |  
2019-08-24 07:08:34,373 | INFO  | DNAudit | user=null | ip=null | op=PUT_BLOCK {blockData=[blockId=conID: 3 locID: 102670697384968751 bcsId: 0,size=3145728]} | ret=SUCCESS |  
2019-08-24 07:08:34,373 | INFO  | DNAudit | user=null | ip=null | op=PUT_BLOCK {blockData=[blockId=conID: 3 locID: 102670697384968751 bcsId: 0,size=4194304]} | ret=SUCCESS |  
2019-08-24 07:08:34,374 [grpc-default-executor-2] INFO  client.GrpcClientProtocolClient (GrpcClientProtocolClient.java:onNext(255)) - client-6EDD19400D46->06a4573b-67a1-41e3-a350-f896363bc636: receive RaftClientReply:client-6EDD19400D46->06a4573b-67a1-41e3-a350-f896363bc636@group-757E3781CD2A, cid=2164, SUCCESS, logIndex=3181, commits[06a4573b-67a1-41e3-a350-f896363bc636:c3182, 0b725bbf-683b-4664-9a2e-3c9dd6e38bc1:c3178, 9193e3b7-ae04-484d-a740-c65c11559486:c3177]
2019-08-24 07:08:34,374 [grpc-default-executor-2] INFO  client.GrpcClientProtocolClient (GrpcClientProtocolClient.java:onNext(255)) - client-6EDD19400D46->06a4573b-67a1-41e3-a350-f896363bc636: receive RaftClientReply:client-6EDD19400D46->06a4573b-67a1-41e3-a350-f896363bc636@group-757E3781CD2A, cid=2165, SUCCESS, logIndex=3182, commits[06a4573b-67a1-41e3-a350-f896363bc636:c3182, 0b725bbf-683b-4664-9a2e-3c9dd6e38bc1:c3178, 9193e3b7-ae04-484d-a740-c65c11559486:c3178]
2019-08-24 07:08:34,385 | INFO  | DNAudit | user=null | ip=null | op=WRITE_CHUNK {blockData=conID: 3 locID: 102670697384968751 bcsId: 3178} | ret=SUCCESS |  
2019-08-24 07:08:34,385 | INFO  | DNAudit | user=null | ip=null | op=WRITE_CHUNK {blockData=conID: 3 locID: 102670697384968751 bcsId: 3178} | ret=SUCCESS |  
2019-08-24 07:08:34,385 | INFO  | DNAudit | user=null | ip=null | op=PUT_BLOCK {blockData=[blockId=conID: 3 locID: 102670697384968751 bcsId: 0,size=4194304]} | ret=SUCCESS |  
2019-08-24 07:08:34,385 | INFO  | DNAudit | user=null | ip=null | op=PUT_BLOCK {blockData=[blockId=conID: 3 locID: 102670697384968751 bcsId: 0,size=4194304]} | ret=SUCCESS |  
2019-08-24 07:08:34,385 [grpc-default-executor-2] INFO  client.GrpcClientProtocolClient (GrpcClientProtocolClient.java:onNext(255)) - client-6EDD19400D46->06a4573b-67a1-41e3-a350-f896363bc636: receive RaftClientReply:client-6EDD19400D46->06a4573b-67a1-41e3-a350-f896363bc636@group-757E3781CD2A, cid=2166, SUCCESS, logIndex=0, commits[06a4573b-67a1-41e3-a350-f896363bc636:c3183, 0b725bbf-683b-4664-9a2e-3c9dd6e38bc1:c3182, 9193e3b7-ae04-484d-a740-c65c11559486:c3182]
2019-08-24 07:08:34,391 | INFO  | SCMAudit | user=jenkins1000 | ip=192.168.69.125 | op=ALLOCATE_BLOCK {owner=61bacca8-15b6-4a50-8962-5e9786b18b0d, size=4194304, type=RATIS, factor=THREE} | ret=SUCCESS |  
2019-08-24 07:08:34,395 | INFO  | OMAudit | user=jenkins1000 | ip=127.0.0.1 | op=ALLOCATE_BLOCK {volume=vol-0-26988, bucket=bucket-0-20739, key=key-0-27353, dataSize=0, replicationType=null, replicationFactor=null, keyLocationInfo=null, clientID=102670695851229586} | ret=SUCCESS |  
2019-08-24 07:08:34,402 | INFO  | DNAudit | user=null | ip=null | op=WRITE_CHUNK {blockData=conID: 1 locID: 102670697391129136 bcsId: 0} | ret=SUCCESS |  
2019-08-24 07:08:34,406 | INFO  | DNAudit | user=null | ip=null | op=WRITE_CHUNK {blockData=conID: 1 locID: 102670697391129136 bcsId: 0} | ret=SUCCESS |  
2019-08-24 07:08:34,406 | INFO  | DNAudit | user=null | ip=null | op=WRITE_CHUNK {blockData=conID: 1 locID: 102670697391129136 bcsId: 0} | ret=SUCCESS |  
2019-08-24 07:08:34,407 | INFO  | DNAudit | user=null | ip=null | op=WRITE_CHUNK {blockData=conID: 1 locID: 102670697391129136 bcsId: 0} | ret=SUCCESS |  
2019-08-24 07:08:34,409 | INFO  | DNAudit | user=null | ip=null | op=WRITE_CHUNK {blockData=conID: 1 locID: 102670697391129136 bcsId: 0} | ret=SUCCESS |  
2019-08-24 07:08:34,409 | INFO  | DNAudit | user=null | ip=null | op=WRITE_CHUNK {blockData=conID: 1 locID: 102670697391129136 bcsId: 0} | ret=SUCCESS |  
2019-08-24 07:08:34,415 | INFO  | DNAudit | user=null | ip=null | op=WRITE_CHUNK {blockData=conID: 1 locID: 102670697391129136 bcsId: 0} | ret=SUCCESS |  
2019-08-24 07:08:34,415 | INFO  | DNAudit | user=null | ip=null | op=PUT_BLOCK {blockData=[blockId=conID: 1 locID: 102670697391129136 bcsId: 0,size=1048576]} | ret=SUCCESS |  
2019-08-24 07:08:34,416 | INFO  | DNAudit | user=null | ip=null | op=WRITE_CHUNK {blockData=conID: 1 locID: 102670697391129136 bcsId: 0} | ret=SUCCESS |  
2019-08-24 07:08:34,416 [grpc-default-executor-5] INFO  client.GrpcClientProtocolClient (GrpcClientProtocolClient.java:onNext(255)) - client-6EDD19400D46->06a4573b-67a1-41e3-a350-f896363bc636: receive RaftClientReply:client-6EDD19400D46->06a4573b-67a1-41e3-a350-f896363bc636@group-757E3781CD2A, cid=2167, SUCCESS, logIndex=3184, commits[06a4573b-67a1-41e3-a350-f896363bc636:c3186, 0b725bbf-683b-4664-9a2e-3c9dd6e38bc1:c3182, 9193e3b7-ae04-484d-a740-c65c11559486:c3183]
2019-08-24 07:08:34,416 | INFO  | DNAudit | user=null | ip=null | op=PUT_BLOCK {blockData=[blockId=conID: 1 locID: 102670697391129136 bcsId: 0,size=2097152]} | ret=SUCCESS |  
2019-08-24 07:08:34,416 [grpc-default-executor-5] INFO  client.GrpcClientProtocolClient (GrpcClientProtocolClient.java:onNext(255)) - client-6EDD19400D46->06a4573b-67a1-41e3-a350-f896363bc636: receive RaftClientReply:client-6EDD19400D46->06a4573b-67a1-41e3-a350-f896363bc636@group-757E3781CD2A, cid=2168, SUCCESS, logIndex=3185, commits[06a4573b-67a1-41e3-a350-f896363bc636:c3187, 0b725bbf-683b-4664-9a2e-3c9dd6e38bc1:c3183, 9193e3b7-ae04-484d-a740-c65c11559486:c3183]
2019-08-24 07:08:34,417 [grpc-default-executor-5] INFO  client.GrpcClientProtocolClient (GrpcClientProtocolClient.java:onNext(255)) - client-6EDD19400D46->06a4573b-67a1-41e3-a350-f896363bc636: receive RaftClientReply:client-6EDD19400D46->06a4573b-67a1-41e3-a350-f896363bc636@group-757E3781CD2A, cid=2169, SUCCESS, logIndex=3186, commits[06a4573b-67a1-41e3-a350-f896363bc636:c3187, 0b725bbf-683b-4664-9a2e-3c9dd6e38bc1:c3183, 9193e3b7-ae04-484d-a740-c65c11559486:c3183]
2019-08-24 07:08:34,417 [grpc-default-executor-5] INFO  client.GrpcClientProtocolClient (GrpcClientProtocolClient.java:onNext(255)) - client-6EDD19400D46->06a4573b-67a1-41e3-a350-f896363bc636: receive RaftClientReply:client-6EDD19400D46->06a4573b-67a1-41e3-a350-f896363bc636@group-757E3781CD2A, cid=2170, SUCCESS, logIndex=3187, commits[06a4573b-67a1-41e3-a350-f896363bc636:c3187, 0b725bbf-683b-4664-9a2e-3c9dd6e38bc1:c3183, 9193e3b7-ae04-484d-a740-c65c11559486:c3183]
2019-08-24 07:08:34,426 | INFO  | DNAudit | user=null | ip=null | op=WRITE_CHUNK {blockData=conID: 1 locID: 102670697391129136 bcsId: 0} | ret=SUCCESS |  
2019-08-24 07:08:34,438 | INFO  | DNAudit | user=null | ip=null | op=PUT_BLOCK {blockData=[blockId=conID: 1 locID: 102670697391129136 bcsId: 0,size=1048576]} | ret=SUCCESS |  
2019-08-24 07:08:34,438 | INFO  | DNAudit | user=null | ip=null | op=WRITE_CHUNK {blockData=conID: 1 locID: 102670697391129136 bcsId: 0} | ret=SUCCESS |  
2019-08-24 07:08:34,438 | INFO  | DNAudit | user=null | ip=null | op=PUT_BLOCK {blockData=[blockId=conID: 1 locID: 102670697391129136 bcsId: 0,size=1048576]} | ret=SUCCESS |  
2019-08-24 07:08:34,438 | INFO  | DNAudit | user=null | ip=null | op=WRITE_CHUNK {blockData=conID: 1 locID: 102670697391129136 bcsId: 0} | ret=SUCCESS |  
2019-08-24 07:08:34,438 | INFO  | DNAudit | user=null | ip=null | op=WRITE_CHUNK {blockData=conID: 1 locID: 102670697391129136 bcsId: 0} | ret=SUCCESS |  
2019-08-24 07:08:34,438 | INFO  | DNAudit | user=null | ip=null | op=PUT_BLOCK {blockData=[blockId=conID: 1 locID: 102670697391129136 bcsId: 0,size=2097152]} | ret=SUCCESS |  
2019-08-24 07:08:34,439 | INFO  | DNAudit | user=null | ip=null | op=PUT_BLOCK {blockData=[blockId=conID: 1 locID: 102670697391129136 bcsId: 0,size=2097152]} | ret=SUCCESS |  
2019-08-24 07:08:34,439 [grpc-default-executor-2] INFO  client.GrpcClientProtocolClient (GrpcClientProtocolClient.java:onNext(255)) - client-6EDD19400D46->06a4573b-67a1-41e3-a350-f896363bc636: receive RaftClientReply:client-6EDD19400D46->06a4573b-67a1-41e3-a350-f896363bc636@group-757E3781CD2A, cid=2171, SUCCESS, logIndex=0, commits[06a4573b-67a1-41e3-a350-f896363bc636:c3189, 0b725bbf-683b-4664-9a2e-3c9dd6e38bc1:c3185, 9193e3b7-ae04-484d-a740-c65c11559486:c3186]
2019-08-24 07:08:34,446 | INFO  | DNAudit | user=null | ip=null | op=WRITE_CHUNK {blockData=conID: 1 locID: 102670697391129136 bcsId: 3187} | ret=SUCCESS |  
2019-08-24 07:08:34,448 | INFO  | DNAudit | user=null | ip=null | op=WRITE_CHUNK {blockData=conID: 1 locID: 102670697391129136 bcsId: 3187} | ret=SUCCESS |  
2019-08-24 07:08:34,448 | INFO  | DNAudit | user=null | ip=null | op=WRITE_CHUNK {blockData=conID: 1 locID: 102670697391129136 bcsId: 3187} | ret=SUCCESS |  
2019-08-24 07:08:34,458 | INFO  | DNAudit | user=null | ip=null | op=WRITE_CHUNK {blockData=conID: 1 locID: 102670697391129136 bcsId: 3187} | ret=SUCCESS |  
2019-08-24 07:08:34,459 | INFO  | DNAudit | user=null | ip=null | op=PUT_BLOCK {blockData=[blockId=conID: 1 locID: 102670697391129136 bcsId: 0,size=3145728]} | ret=SUCCESS |  
2019-08-24 07:08:34,459 [grpc-default-executor-2] INFO  client.GrpcClientProtocolClient (GrpcClientProtocolClient.java:onNext(255)) - client-6EDD19400D46->06a4573b-67a1-41e3-a350-f896363bc636: receive RaftClientReply:client-6EDD19400D46->06a4573b-67a1-41e3-a350-f896363bc636@group-757E3781CD2A, cid=2172, SUCCESS, logIndex=3192, commits[06a4573b-67a1-41e3-a350-f896363bc636:c3193, 0b725bbf-683b-4664-9a2e-3c9dd6e38bc1:c3191, 9193e3b7-ae04-484d-a740-c65c11559486:c3191]
2019-08-24 07:08:34,459 [grpc-default-executor-2] INFO  client.GrpcClientProtocolClient (GrpcClientProtocolClient.java:onNext(255)) - client-6EDD19400D46->06a4573b-67a1-41e3-a350-f896363bc636: receive RaftClientReply:client-6EDD19400D46->06a4573b-67a1-41e3-a350-f896363bc636@group-757E3781CD2A, cid=2173, SUCCESS, logIndex=3193, commits[06a4573b-67a1-41e3-a350-f896363bc636:c3193, 0b725bbf-683b-4664-9a2e-3c9dd6e38bc1:c3191, 9193e3b7-ae04-484d-a740-c65c11559486:c3191]
2019-08-24 07:08:34,466 | INFO  | DNAudit | user=null | ip=null | op=WRITE_CHUNK {blockData=conID: 1 locID: 102670697391129136 bcsId: 3193} | ret=SUCCESS |  
2019-08-24 07:08:34,469 | INFO  | DNAudit | user=null | ip=null | op=WRITE_CHUNK {blockData=conID: 1 locID: 102670697391129136 bcsId: 3193} | ret=SUCCESS |  
2019-08-24 07:08:34,469 | INFO  | DNAudit | user=null | ip=null | op=WRITE_CHUNK {blockData=conID: 1 locID: 102670697391129136 bcsId: 3193} | ret=SUCCESS |  
2019-08-24 07:08:34,470 | INFO  | DNAudit | user=null | ip=null | op=WRITE_CHUNK {blockData=conID: 1 locID: 102670697391129136 bcsId: 3187} | ret=SUCCESS |  
2019-08-24 07:08:34,470 | INFO  | DNAudit | user=null | ip=null | op=WRITE_CHUNK {blockData=conID: 1 locID: 102670697391129136 bcsId: 3187} | ret=SUCCESS |  
2019-08-24 07:08:34,482 | INFO  | DNAudit | user=null | ip=null | op=PUT_BLOCK {blockData=[blockId=conID: 1 locID: 102670697391129136 bcsId: 0,size=3145728]} | ret=SUCCESS |  
2019-08-24 07:08:34,482 | INFO  | DNAudit | user=null | ip=null | op=PUT_BLOCK {blockData=[blockId=conID: 1 locID: 102670697391129136 bcsId: 0,size=3145728]} | ret=SUCCESS |  
2019-08-24 07:08:34,482 | INFO  | DNAudit | user=null | ip=null | op=WRITE_CHUNK {blockData=conID: 1 locID: 102670697391129136 bcsId: 3193} | ret=SUCCESS |  
2019-08-24 07:08:34,482 | INFO  | DNAudit | user=null | ip=null | op=PUT_BLOCK {blockData=[blockId=conID: 1 locID: 102670697391129136 bcsId: 0,size=4194304]} | ret=SUCCESS |  
2019-08-24 07:08:34,483 [grpc-default-executor-5] INFO  client.GrpcClientProtocolClient (GrpcClientProtocolClient.java:onNext(255)) - client-6EDD19400D46->06a4573b-67a1-41e3-a350-f896363bc636: receive RaftClientReply:client-6EDD19400D46->06a4573b-67a1-41e3-a350-f896363bc636@group-757E3781CD2A, cid=2174, SUCCESS, logIndex=3196, commits[06a4573b-67a1-41e3-a350-f896363bc636:c3197, 0b725bbf-683b-4664-9a2e-3c9dd6e38bc1:c3193, 9193e3b7-ae04-484d-a740-c65c11559486:c3193]
2019-08-24 07:08:34,483 [grpc-default-executor-5] INFO  client.GrpcClientProtocolClient (GrpcClientProtocolClient.java:onNext(255)) - client-6EDD19400D46->06a4573b-67a1-41e3-a350-f896363bc636: receive RaftClientReply:client-6EDD19400D46->06a4573b-67a1-41e3-a350-f896363bc636@group-757E3781CD2A, cid=2175, SUCCESS, logIndex=3197, commits[06a4573b-67a1-41e3-a350-f896363bc636:c3197, 0b725bbf-683b-4664-9a2e-3c9dd6e38bc1:c3193, 9193e3b7-ae04-484d-a740-c65c11559486:c3193]
2019-08-24 07:08:34,493 | INFO  | DNAudit | user=null | ip=null | op=WRITE_CHUNK {blockData=conID: 1 locID: 102670697391129136 bcsId: 3193} | ret=SUCCESS |  
2019-08-24 07:08:34,493 | INFO  | DNAudit | user=null | ip=null | op=WRITE_CHUNK {blockData=conID: 1 locID: 102670697391129136 bcsId: 3193} | ret=SUCCESS |  
2019-08-24 07:08:34,495 | INFO  | DNAudit | user=null | ip=null | op=PUT_BLOCK {blockData=[blockId=conID: 1 locID: 102670697391129136 bcsId: 0,size=4194304]} | ret=SUCCESS |  
2019-08-24 07:08:34,495 | INFO  | DNAudit | user=null | ip=null | op=PUT_BLOCK {blockData=[blockId=conID: 1 locID: 102670697391129136 bcsId: 0,size=4194304]} | ret=SUCCESS |  
2019-08-24 07:08:34,495 [grpc-default-executor-0] INFO  client.GrpcClientProtocolClient (GrpcClientProtocolClient.java:onNext(255)) - client-6EDD19400D46->06a4573b-67a1-41e3-a350-f896363bc636: receive RaftClientReply:client-6EDD19400D46->06a4573b-67a1-41e3-a350-f896363bc636@group-757E3781CD2A, cid=2176, SUCCESS, logIndex=0, commits[06a4573b-67a1-41e3-a350-f896363bc636:c3199, 0b725bbf-683b-4664-9a2e-3c9dd6e38bc1:c3197, 9193e3b7-ae04-484d-a740-c65c11559486:c3197]
2019-08-24 07:08:34,499 | INFO  | SCMAudit | user=jenkins1000 | ip=192.168.69.125 | op=ALLOCATE_BLOCK {owner=61bacca8-15b6-4a50-8962-5e9786b18b0d, size=4194304, type=RATIS, factor=THREE} | ret=SUCCESS |  
2019-08-24 07:08:34,501 | INFO  | OMAudit | user=jenkins1000 | ip=127.0.0.1 | op=ALLOCATE_BLOCK {volume=vol-0-26988, bucket=bucket-0-20739, key=key-0-27353, dataSize=0, replicationType=null, replicationFactor=null, keyLocationInfo=null, clientID=102670695851229586} | ret=SUCCESS |  
2019-08-24 07:08:34,508 | INFO  | DNAudit | user=null | ip=null | op=WRITE_CHUNK {blockData=conID: 2 locID: 102670697398207025 bcsId: 0} | ret=SUCCESS |  
2019-08-24 07:08:34,511 | INFO  | DNAudit | user=null | ip=null | op=WRITE_CHUNK {blockData=conID: 2 locID: 102670697398207025 bcsId: 0} | ret=SUCCESS |  
2019-08-24 07:08:34,511 | INFO  | DNAudit | user=null | ip=null | op=WRITE_CHUNK {blockData=conID: 2 locID: 102670697398207025 bcsId: 0} | ret=SUCCESS |  
2019-08-24 07:08:34,511 | INFO  | DNAudit | user=null | ip=null | op=WRITE_CHUNK {blockData=conID: 2 locID: 102670697398207025 bcsId: 0} | ret=SUCCESS |  
2019-08-24 07:08:34,513 | INFO  | DNAudit | user=null | ip=null | op=WRITE_CHUNK {blockData=conID: 2 locID: 102670697398207025 bcsId: 0} | ret=SUCCESS |  
2019-08-24 07:08:34,513 | INFO  | DNAudit | user=null | ip=null | op=WRITE_CHUNK {blockData=conID: 2 locID: 102670697398207025 bcsId: 0} | ret=SUCCESS |  
2019-08-24 07:08:34,521 | INFO  | DNAudit | user=null | ip=null | op=WRITE_CHUNK {blockData=conID: 2 locID: 102670697398207025 bcsId: 0} | ret=SUCCESS |  
2019-08-24 07:08:34,521 | INFO  | DNAudit | user=null | ip=null | op=PUT_BLOCK {blockData=[blockId=conID: 2 locID: 102670697398207025 bcsId: 0,size=1048576]} | ret=SUCCESS |  
2019-08-24 07:08:34,521 [grpc-default-executor-5] INFO  client.GrpcClientProtocolClient (GrpcClientProtocolClient.java:onNext(255)) - client-6EDD19400D46->06a4573b-67a1-41e3-a350-f896363bc636: receive RaftClientReply:client-6EDD19400D46->06a4573b-67a1-41e3-a350-f896363bc636@group-757E3781CD2A, cid=2177, SUCCESS, logIndex=3200, commits[06a4573b-67a1-41e3-a350-f896363bc636:c3203, 0b725bbf-683b-4664-9a2e-3c9dd6e38bc1:c3199, 9193e3b7-ae04-484d-a740-c65c11559486:c3199]
2019-08-24 07:08:34,522 | INFO  | DNAudit | user=null | ip=null | op=WRITE_CHUNK {blockData=conID: 2 locID: 102670697398207025 bcsId: 0} | ret=SUCCESS |  
2019-08-24 07:08:34,522 [grpc-default-executor-5] INFO  client.GrpcClientProtocolClient (GrpcClientProtocolClient.java:onNext(255)) - client-6EDD19400D46->06a4573b-67a1-41e3-a350-f896363bc636: receive RaftClientReply:client-6EDD19400D46->06a4573b-67a1-41e3-a350-f896363bc636@group-757E3781CD2A, cid=2178, SUCCESS, logIndex=3201, commits[06a4573b-67a1-41e3-a350-f896363bc636:c3203, 0b725bbf-683b-4664-9a2e-3c9dd6e38bc1:c3199, 9193e3b7-ae04-484d-a740-c65c11559486:c3199]
2019-08-24 07:08:34,522 | INFO  | DNAudit | user=null | ip=null | op=PUT_BLOCK {blockData=[blockId=conID: 2 locID: 102670697398207025 bcsId: 0,size=2097152]} | ret=SUCCESS |  
2019-08-24 07:08:34,522 [grpc-default-executor-5] INFO  client.GrpcClientProtocolClient (GrpcClientProtocolClient.java:onNext(255)) - client-6EDD19400D46->06a4573b-67a1-41e3-a350-f896363bc636: receive RaftClientReply:client-6EDD19400D46->06a4573b-67a1-41e3-a350-f896363bc636@group-757E3781CD2A, cid=2179, SUCCESS, logIndex=3202, commits[06a4573b-67a1-41e3-a350-f896363bc636:c3203, 0b725bbf-683b-4664-9a2e-3c9dd6e38bc1:c3199, 9193e3b7-ae04-484d-a740-c65c11559486:c3199]
2019-08-24 07:08:34,523 [grpc-default-executor-5] INFO  client.GrpcClientProtocolClient (GrpcClientProtocolClient.java:onNext(255)) - client-6EDD19400D46->06a4573b-67a1-41e3-a350-f896363bc636: receive RaftClientReply:client-6EDD19400D46->06a4573b-67a1-41e3-a350-f896363bc636@group-757E3781CD2A, cid=2180, SUCCESS, logIndex=3203, commits[06a4573b-67a1-41e3-a350-f896363bc636:c3203, 0b725bbf-683b-4664-9a2e-3c9dd6e38bc1:c3199, 9193e3b7-ae04-484d-a740-c65c11559486:c3199]
2019-08-24 07:08:34,523 | INFO  | DNAudit | user=null | ip=null | op=WRITE_CHUNK {blockData=conID: 2 locID: 102670697398207025 bcsId: 0} | ret=SUCCESS |  
2019-08-24 07:08:34,524 | INFO  | DNAudit | user=null | ip=null | op=WRITE_CHUNK {blockData=conID: 2 locID: 102670697398207025 bcsId: 0} | ret=SUCCESS |  
2019-08-24 07:08:34,524 | INFO  | DNAudit | user=null | ip=null | op=PUT_BLOCK {blockData=[blockId=conID: 2 locID: 102670697398207025 bcsId: 0,size=1048576]} | ret=SUCCESS |  
2019-08-24 07:08:34,535 | INFO  | DNAudit | user=null | ip=null | op=WRITE_CHUNK {blockData=conID: 2 locID: 102670697398207025 bcsId: 0} | ret=SUCCESS |  
2019-08-24 07:08:34,535 | INFO  | DNAudit | user=null | ip=null | op=PUT_BLOCK {blockData=[blockId=conID: 2 locID: 102670697398207025 bcsId: 0,size=1048576]} | ret=SUCCESS |  
2019-08-24 07:08:34,535 | INFO  | DNAudit | user=null | ip=null | op=WRITE_CHUNK {blockData=conID: 2 locID: 102670697398207025 bcsId: 0} | ret=SUCCESS |  
2019-08-24 07:08:34,535 | INFO  | DNAudit | user=null | ip=null | op=PUT_BLOCK {blockData=[blockId=conID: 2 locID: 102670697398207025 bcsId: 0,size=2097152]} | ret=SUCCESS |  
2019-08-24 07:08:34,536 | INFO  | DNAudit | user=null | ip=null | op=PUT_BLOCK {blockData=[blockId=conID: 2 locID: 102670697398207025 bcsId: 0,size=2097152]} | ret=SUCCESS |  
2019-08-24 07:08:34,536 [grpc-default-executor-0] INFO  client.GrpcClientProtocolClient (GrpcClientProtocolClient.java:onNext(255)) - client-6EDD19400D46->06a4573b-67a1-41e3-a350-f896363bc636: receive RaftClientReply:client-6EDD19400D46->06a4573b-67a1-41e3-a350-f896363bc636@group-757E3781CD2A, cid=2181, SUCCESS, logIndex=0, commits[06a4573b-67a1-41e3-a350-f896363bc636:c3206, 0b725bbf-683b-4664-9a2e-3c9dd6e38bc1:c3201, 9193e3b7-ae04-484d-a740-c65c11559486:c3202]
 0.00% |█                                                                                                    |  0/1 Time: 0:00:232019-08-24 07:08:34,655 | INFO  | SCMAudit | user=jenkins1000 | ip=192.168.69.125 | op=SEND_HEARTBEAT {datanodeUUID=06a4573b-67a1-41e3-a350-f896363bc636, command=[]} | ret=SUCCESS |  
2019-08-24 07:08:34,655 | INFO  | SCMAudit | user=jenkins1000 | ip=192.168.69.125 | op=SEND_HEARTBEAT {datanodeUUID=25ce0803-6f34-4c69-82c0-892f08679042, command=[]} | ret=SUCCESS |  
2019-08-24 07:08:34,655 | INFO  | SCMAudit | user=jenkins1000 | ip=192.168.69.125 | op=SEND_HEARTBEAT {datanodeUUID=0b725bbf-683b-4664-9a2e-3c9dd6e38bc1, command=[]} | ret=SUCCESS |  
2019-08-24 07:08:34,655 | INFO  | SCMAudit | user=jenkins1000 | ip=192.168.69.125 | op=SEND_HEARTBEAT {datanodeUUID=b8548da6-9cc6-46be-8dd4-5219531f5960, command=[]} | ret=SUCCESS |  
2019-08-24 07:08:34,655 | INFO  | SCMAudit | user=jenkins1000 | ip=192.168.69.125 | op=SEND_HEARTBEAT {datanodeUUID=9193e3b7-ae04-484d-a740-c65c11559486, command=[]} | ret=SUCCESS |  
2019-08-24 07:08:34,659 | INFO  | DNAudit | user=null | ip=null | op=WRITE_CHUNK {blockData=conID: 2 locID: 102670697398207025 bcsId: 3203} | ret=SUCCESS |  
2019-08-24 07:08:34,663 | INFO  | DNAudit | user=null | ip=null | op=WRITE_CHUNK {blockData=conID: 2 locID: 102670697398207025 bcsId: 3203} | ret=SUCCESS |  
2019-08-24 07:08:34,663 | INFO  | DNAudit | user=null | ip=null | op=WRITE_CHUNK {blockData=conID: 2 locID: 102670697398207025 bcsId: 3203} | ret=SUCCESS |  
2019-08-24 07:08:34,671 | INFO  | DNAudit | user=null | ip=null | op=WRITE_CHUNK {blockData=conID: 2 locID: 102670697398207025 bcsId: 3203} | ret=SUCCESS |  
2019-08-24 07:08:34,672 | INFO  | DNAudit | user=null | ip=null | op=PUT_BLOCK {blockData=[blockId=conID: 2 locID: 102670697398207025 bcsId: 0,size=3145728]} | ret=SUCCESS |  
2019-08-24 07:08:34,672 [grpc-default-executor-2] INFO  client.GrpcClientProtocolClient (GrpcClientProtocolClient.java:onNext(255)) - client-6EDD19400D46->06a4573b-67a1-41e3-a350-f896363bc636: receive RaftClientReply:client-6EDD19400D46->06a4573b-67a1-41e3-a350-f896363bc636@group-757E3781CD2A, cid=2182, SUCCESS, logIndex=3208, commits[06a4573b-67a1-41e3-a350-f896363bc636:c3209, 0b725bbf-683b-4664-9a2e-3c9dd6e38bc1:c3207, 9193e3b7-ae04-484d-a740-c65c11559486:c3207]
2019-08-24 07:08:34,673 [grpc-default-executor-2] INFO  client.GrpcClientProtocolClient (GrpcClientProtocolClient.java:onNext(255)) - client-6EDD19400D46->06a4573b-67a1-41e3-a350-f896363bc636: receive RaftClientReply:client-6EDD19400D46->06a4573b-67a1-41e3-a350-f896363bc636@group-757E3781CD2A, cid=2183, SUCCESS, logIndex=3209, commits[06a4573b-67a1-41e3-a350-f896363bc636:c3209, 0b725bbf-683b-4664-9a2e-3c9dd6e38bc1:c3207, 9193e3b7-ae04-484d-a740-c65c11559486:c3207]
2019-08-24 07:08:34,680 | INFO  | DNAudit | user=null | ip=null | op=WRITE_CHUNK {blockData=conID: 2 locID: 102670697398207025 bcsId: 3209} | ret=SUCCESS |  
2019-08-24 07:08:34,683 | INFO  | DNAudit | user=null | ip=null | op=WRITE_CHUNK {blockData=conID: 2 locID: 102670697398207025 bcsId: 3203} | ret=SUCCESS |  
2019-08-24 07:08:34,683 | INFO  | DNAudit | user=null | ip=null | op=WRITE_CHUNK {blockData=conID: 2 locID: 102670697398207025 bcsId: 3203} | ret=SUCCESS |  
2019-08-24 07:08:34,683 | INFO  | DNAudit | user=null | ip=null | op=PUT_BLOCK {blockData=[blockId=conID: 2 locID: 102670697398207025 bcsId: 0,size=3145728]} | ret=SUCCESS |  
2019-08-24 07:08:34,683 | INFO  | DNAudit | user=null | ip=null | op=PUT_BLOCK {blockData=[blockId=conID: 2 locID: 102670697398207025 bcsId: 0,size=3145728]} | ret=SUCCESS |  
2019-08-24 07:08:34,684 | INFO  | DNAudit | user=null | ip=null | op=WRITE_CHUNK {blockData=conID: 2 locID: 102670697398207025 bcsId: 3209} | ret=SUCCESS |  
2019-08-24 07:08:34,684 | INFO  | DNAudit | user=null | ip=null | op=WRITE_CHUNK {blockData=conID: 2 locID: 102670697398207025 bcsId: 3209} | ret=SUCCESS |  
2019-08-24 07:08:34,696 | INFO  | DNAudit | user=null | ip=null | op=WRITE_CHUNK {blockData=conID: 2 locID: 102670697398207025 bcsId: 3209} | ret=SUCCESS |  
2019-08-24 07:08:34,696 | INFO  | DNAudit | user=null | ip=null | op=PUT_BLOCK {blockData=[blockId=conID: 2 locID: 102670697398207025 bcsId: 0,size=4194304]} | ret=SUCCESS |  
2019-08-24 07:08:34,697 [grpc-default-executor-2] INFO  client.GrpcClientProtocolClient (GrpcClientProtocolClient.java:onNext(255)) - client-6EDD19400D46->06a4573b-67a1-41e3-a350-f896363bc636: receive RaftClientReply:client-6EDD19400D46->06a4573b-67a1-41e3-a350-f896363bc636@group-757E3781CD2A, cid=2184, SUCCESS, logIndex=3212, commits[06a4573b-67a1-41e3-a350-f896363bc636:c3213, 0b725bbf-683b-4664-9a2e-3c9dd6e38bc1:c3209, 9193e3b7-ae04-484d-a740-c65c11559486:c3209]
2019-08-24 07:08:34,697 [grpc-default-executor-2] INFO  client.GrpcClientProtocolClient (GrpcClientProtocolClient.java:onNext(255)) - client-6EDD19400D46->06a4573b-67a1-41e3-a350-f896363bc636: receive RaftClientReply:client-6EDD19400D46->06a4573b-67a1-41e3-a350-f896363bc636@group-757E3781CD2A, cid=2185, SUCCESS, logIndex=3213, commits[06a4573b-67a1-41e3-a350-f896363bc636:c3213, 0b725bbf-683b-4664-9a2e-3c9dd6e38bc1:c3209, 9193e3b7-ae04-484d-a740-c65c11559486:c3209]
2019-08-24 07:08:34,708 | INFO  | DNAudit | user=null | ip=null | op=WRITE_CHUNK {blockData=conID: 2 locID: 102670697398207025 bcsId: 3209} | ret=SUCCESS |  
2019-08-24 07:08:34,708 | INFO  | DNAudit | user=null | ip=null | op=WRITE_CHUNK {blockData=conID: 2 locID: 102670697398207025 bcsId: 3209} | ret=SUCCESS |  
2019-08-24 07:08:34,709 | INFO  | DNAudit | user=null | ip=null | op=PUT_BLOCK {blockData=[blockId=conID: 2 locID: 102670697398207025 bcsId: 0,size=4194304]} | ret=SUCCESS |  
2019-08-24 07:08:34,711 | INFO  | DNAudit | user=null | ip=null | op=PUT_BLOCK {blockData=[blockId=conID: 2 locID: 102670697398207025 bcsId: 0,size=4194304]} | ret=SUCCESS |  
2019-08-24 07:08:34,712 [grpc-default-executor-2] INFO  client.GrpcClientProtocolClient (GrpcClientProtocolClient.java:onNext(255)) - client-6EDD19400D46->06a4573b-67a1-41e3-a350-f896363bc636: receive RaftClientReply:client-6EDD19400D46->06a4573b-67a1-41e3-a350-f896363bc636@group-757E3781CD2A, cid=2186, SUCCESS, logIndex=0, commits[06a4573b-67a1-41e3-a350-f896363bc636:c3215, 0b725bbf-683b-4664-9a2e-3c9dd6e38bc1:c3213, 9193e3b7-ae04-484d-a740-c65c11559486:c3213]
2019-08-24 07:08:34,719 | INFO  | SCMAudit | user=jenkins1000 | ip=192.168.69.125 | op=ALLOCATE_BLOCK {owner=61bacca8-15b6-4a50-8962-5e9786b18b0d, size=4194304, type=RATIS, factor=THREE} | ret=SUCCESS |  
2019-08-24 07:08:34,723 | INFO  | OMAudit | user=jenkins1000 | ip=127.0.0.1 | op=ALLOCATE_BLOCK {volume=vol-0-26988, bucket=bucket-0-20739, key=key-0-27353, dataSize=0, replicationType=null, replicationFactor=null, keyLocationInfo=null, clientID=102670695851229586} | ret=SUCCESS |  
2019-08-24 07:08:34,730 | INFO  | DNAudit | user=null | ip=null | op=WRITE_CHUNK {blockData=conID: 3 locID: 102670697412624946 bcsId: 0} | ret=SUCCESS |  
2019-08-24 07:08:34,732 | INFO  | DNAudit | user=null | ip=null | op=WRITE_CHUNK {blockData=conID: 3 locID: 102670697412624946 bcsId: 0} | ret=SUCCESS |  
2019-08-24 07:08:34,733 | INFO  | DNAudit | user=null | ip=null | op=WRITE_CHUNK {blockData=conID: 3 locID: 102670697412624946 bcsId: 0} | ret=SUCCESS |  
2019-08-24 07:08:34,733 | INFO  | DNAudit | user=null | ip=null | op=WRITE_CHUNK {blockData=conID: 3 locID: 102670697412624946 bcsId: 0} | ret=SUCCESS |  
2019-08-24 07:08:34,735 | INFO  | DNAudit | user=null | ip=null | op=WRITE_CHUNK {blockData=conID: 3 locID: 102670697412624946 bcsId: 0} | ret=SUCCESS |  
2019-08-24 07:08:34,735 | INFO  | DNAudit | user=null | ip=null | op=WRITE_CHUNK {blockData=conID: 3 locID: 102670697412624946 bcsId: 0} | ret=SUCCESS |  
2019-08-24 07:08:34,743 | INFO  | DNAudit | user=null | ip=null | op=WRITE_CHUNK {blockData=conID: 3 locID: 102670697412624946 bcsId: 0} | ret=SUCCESS |  
2019-08-24 07:08:34,743 | INFO  | DNAudit | user=null | ip=null | op=PUT_BLOCK {blockData=[blockId=conID: 3 locID: 102670697412624946 bcsId: 0,size=1048576]} | ret=SUCCESS |  
2019-08-24 07:08:34,743 | INFO  | DNAudit | user=null | ip=null | op=WRITE_CHUNK {blockData=conID: 3 locID: 102670697412624946 bcsId: 0} | ret=SUCCESS |  
2019-08-24 07:08:34,743 [grpc-default-executor-2] INFO  client.GrpcClientProtocolClient (GrpcClientProtocolClient.java:onNext(255)) - client-6EDD19400D46->06a4573b-67a1-41e3-a350-f896363bc636: receive RaftClientReply:client-6EDD19400D46->06a4573b-67a1-41e3-a350-f896363bc636@group-757E3781CD2A, cid=2187, SUCCESS, logIndex=3216, commits[06a4573b-67a1-41e3-a350-f896363bc636:c3217, 0b725bbf-683b-4664-9a2e-3c9dd6e38bc1:c3215, 9193e3b7-ae04-484d-a740-c65c11559486:c3215]
2019-08-24 07:08:34,744 | INFO  | DNAudit | user=null | ip=null | op=PUT_BLOCK {blockData=[blockId=conID: 3 locID: 102670697412624946 bcsId: 0,size=2097152]} | ret=SUCCESS |  
2019-08-24 07:08:34,744 [grpc-default-executor-2] INFO  client.GrpcClientProtocolClient (GrpcClientProtocolClient.java:onNext(255)) - client-6EDD19400D46->06a4573b-67a1-41e3-a350-f896363bc636: receive RaftClientReply:client-6EDD19400D46->06a4573b-67a1-41e3-a350-f896363bc636@group-757E3781CD2A, cid=2188, SUCCESS, logIndex=3217, commits[06a4573b-67a1-41e3-a350-f896363bc636:c3218, 0b725bbf-683b-4664-9a2e-3c9dd6e38bc1:c3215, 9193e3b7-ae04-484d-a740-c65c11559486:c3215]
2019-08-24 07:08:34,744 [grpc-default-executor-2] INFO  client.GrpcClientProtocolClient (GrpcClientProtocolClient.java:onNext(255)) - client-6EDD19400D46->06a4573b-67a1-41e3-a350-f896363bc636: receive RaftClientReply:client-6EDD19400D46->06a4573b-67a1-41e3-a350-f896363bc636@group-757E3781CD2A, cid=2189, SUCCESS, logIndex=3218, commits[06a4573b-67a1-41e3-a350-f896363bc636:c3219, 0b725bbf-683b-4664-9a2e-3c9dd6e38bc1:c3215, 9193e3b7-ae04-484d-a740-c65c11559486:c3215]
2019-08-24 07:08:34,744 [grpc-default-executor-2] INFO  client.GrpcClientProtocolClient (GrpcClientProtocolClient.java:onNext(255)) - client-6EDD19400D46->06a4573b-67a1-41e3-a350-f896363bc636: receive RaftClientReply:client-6EDD19400D46->06a4573b-67a1-41e3-a350-f896363bc636@group-757E3781CD2A, cid=2190, SUCCESS, logIndex=3219, commits[06a4573b-67a1-41e3-a350-f896363bc636:c3219, 0b725bbf-683b-4664-9a2e-3c9dd6e38bc1:c3215, 9193e3b7-ae04-484d-a740-c65c11559486:c3215]
2019-08-24 07:08:34,756 | INFO  | DNAudit | user=null | ip=null | op=WRITE_CHUNK {blockData=conID: 3 locID: 102670697412624946 bcsId: 0} | ret=SUCCESS |  
2019-08-24 07:08:34,756 | INFO  | DNAudit | user=null | ip=null | op=PUT_BLOCK {blockData=[blockId=conID: 3 locID: 102670697412624946 bcsId: 0,size=1048576]} | ret=SUCCESS |  
2019-08-24 07:08:34,758 | INFO  | DNAudit | user=null | ip=null | op=WRITE_CHUNK {blockData=conID: 3 locID: 102670697412624946 bcsId: 0} | ret=SUCCESS |  
2019-08-24 07:08:34,758 | INFO  | DNAudit | user=null | ip=null | op=PUT_BLOCK {blockData=[blockId=conID: 3 locID: 102670697412624946 bcsId: 0,size=1048576]} | ret=SUCCESS |  
2019-08-24 07:08:34,758 | INFO  | DNAudit | user=null | ip=null | op=WRITE_CHUNK {blockData=conID: 3 locID: 102670697412624946 bcsId: 0} | ret=SUCCESS |  
2019-08-24 07:08:34,758 | INFO  | DNAudit | user=null | ip=null | op=PUT_BLOCK {blockData=[blockId=conID: 3 locID: 102670697412624946 bcsId: 0,size=2097152]} | ret=SUCCESS |  
2019-08-24 07:08:34,759 [grpc-default-executor-2] INFO  client.GrpcClientProtocolClient (GrpcClientProtocolClient.java:onNext(255)) - client-6EDD19400D46->06a4573b-67a1-41e3-a350-f896363bc636: receive RaftClientReply:client-6EDD19400D46->06a4573b-67a1-41e3-a350-f896363bc636@group-757E3781CD2A, cid=2191, SUCCESS, logIndex=0, commits[06a4573b-67a1-41e3-a350-f896363bc636:c3221, 0b725bbf-683b-4664-9a2e-3c9dd6e38bc1:c3217, 9193e3b7-ae04-484d-a740-c65c11559486:c3217]
2019-08-24 07:08:34,765 | INFO  | DNAudit | user=null | ip=null | op=WRITE_CHUNK {blockData=conID: 3 locID: 102670697412624946 bcsId: 3219} | ret=SUCCESS |  
2019-08-24 07:08:34,767 | INFO  | DNAudit | user=null | ip=null | op=WRITE_CHUNK {blockData=conID: 3 locID: 102670697412624946 bcsId: 3219} | ret=SUCCESS |  
2019-08-24 07:08:34,768 | INFO  | DNAudit | user=null | ip=null | op=WRITE_CHUNK {blockData=conID: 3 locID: 102670697412624946 bcsId: 3219} | ret=SUCCESS |  
2019-08-24 07:08:34,769 | INFO  | DNAudit | user=null | ip=null | op=WRITE_CHUNK {blockData=conID: 3 locID: 102670697412624946 bcsId: 0} | ret=SUCCESS |  
2019-08-24 07:08:34,769 | INFO  | DNAudit | user=null | ip=null | op=PUT_BLOCK {blockData=[blockId=conID: 3 locID: 102670697412624946 bcsId: 0,size=2097152]} | ret=SUCCESS |  
2019-08-24 07:08:34,771 | INFO  | DNAudit | user=null | ip=null | op=WRITE_CHUNK {blockData=conID: 3 locID: 102670697412624946 bcsId: 3219} | ret=SUCCESS |  
2019-08-24 07:08:34,771 | INFO  | DNAudit | user=null | ip=null | op=PUT_BLOCK {blockData=[blockId=conID: 3 locID: 102670697412624946 bcsId: 0,size=3145728]} | ret=SUCCESS |  
2019-08-24 07:08:34,772 [grpc-default-executor-0] INFO  client.GrpcClientProtocolClient (GrpcClientProtocolClient.java:onNext(255)) - client-6EDD19400D46->06a4573b-67a1-41e3-a350-f896363bc636: receive RaftClientReply:client-6EDD19400D46->06a4573b-67a1-41e3-a350-f896363bc636@group-757E3781CD2A, cid=2192, SUCCESS, logIndex=3224, commits[06a4573b-67a1-41e3-a350-f896363bc636:c3225, 0b725bbf-683b-4664-9a2e-3c9dd6e38bc1:c3223, 9193e3b7-ae04-484d-a740-c65c11559486:c3219]
2019-08-24 07:08:34,772 [grpc-default-executor-2] INFO  client.GrpcClientProtocolClient (GrpcClientProtocolClient.java:onNext(255)) - client-6EDD19400D46->06a4573b-67a1-41e3-a350-f896363bc636: receive RaftClientReply:client-6EDD19400D46->06a4573b-67a1-41e3-a350-f896363bc636@group-757E3781CD2A, cid=2193, SUCCESS, logIndex=3225, commits[06a4573b-67a1-41e3-a350-f896363bc636:c3225, 0b725bbf-683b-4664-9a2e-3c9dd6e38bc1:c3223, 9193e3b7-ae04-484d-a740-c65c11559486:c3219]
2019-08-24 07:08:34,778 | INFO  | DNAudit | user=null | ip=null | op=WRITE_CHUNK {blockData=conID: 3 locID: 102670697412624946 bcsId: 3225} | ret=SUCCESS |  
2019-08-24 07:08:34,780 | INFO  | DNAudit | user=null | ip=null | op=WRITE_CHUNK {blockData=conID: 3 locID: 102670697412624946 bcsId: 3225} | ret=SUCCESS |  
2019-08-24 07:08:34,780 | INFO  | DNAudit | user=null | ip=null | op=WRITE_CHUNK {blockData=conID: 3 locID: 102670697412624946 bcsId: 3225} | ret=SUCCESS |  
2019-08-24 07:08:34,784 | INFO  | DNAudit | user=null | ip=null | op=WRITE_CHUNK {blockData=conID: 3 locID: 102670697412624946 bcsId: 3219} | ret=SUCCESS |  
2019-08-24 07:08:34,784 | INFO  | DNAudit | user=null | ip=null | op=PUT_BLOCK {blockData=[blockId=conID: 3 locID: 102670697412624946 bcsId: 0,size=3145728]} | ret=SUCCESS |  
2019-08-24 07:08:34,794 | INFO  | DNAudit | user=null | ip=null | op=WRITE_CHUNK {blockData=conID: 3 locID: 102670697412624946 bcsId: 3219} | ret=SUCCESS |  
2019-08-24 07:08:34,795 | INFO  | DNAudit | user=null | ip=null | op=PUT_BLOCK {blockData=[blockId=conID: 3 locID: 102670697412624946 bcsId: 0,size=3145728]} | ret=SUCCESS |  
2019-08-24 07:08:34,796 | INFO  | DNAudit | user=null | ip=null | op=WRITE_CHUNK {blockData=conID: 3 locID: 102670697412624946 bcsId: 3225} | ret=SUCCESS |  
2019-08-24 07:08:34,797 | INFO  | DNAudit | user=null | ip=null | op=PUT_BLOCK {blockData=[blockId=conID: 3 locID: 102670697412624946 bcsId: 0,size=4194304]} | ret=SUCCESS |  
2019-08-24 07:08:34,797 [grpc-default-executor-0] INFO  client.GrpcClientProtocolClient (GrpcClientProtocolClient.java:onNext(255)) - client-6EDD19400D46->06a4573b-67a1-41e3-a350-f896363bc636: receive RaftClientReply:client-6EDD19400D46->06a4573b-67a1-41e3-a350-f896363bc636@group-757E3781CD2A, cid=2194, SUCCESS, logIndex=3228, commits[06a4573b-67a1-41e3-a350-f896363bc636:c3229, 0b725bbf-683b-4664-9a2e-3c9dd6e38bc1:c3225, 9193e3b7-ae04-484d-a740-c65c11559486:c3225]
2019-08-24 07:08:34,797 [grpc-default-executor-0] INFO  client.GrpcClientProtocolClient (GrpcClientProtocolClient.java:onNext(255)) - client-6EDD19400D46->06a4573b-67a1-41e3-a350-f896363bc636: receive RaftClientReply:client-6EDD19400D46->06a4573b-67a1-41e3-a350-f896363bc636@group-757E3781CD2A, cid=2195, SUCCESS, logIndex=3229, commits[06a4573b-67a1-41e3-a350-f896363bc636:c3229, 0b725bbf-683b-4664-9a2e-3c9dd6e38bc1:c3225, 9193e3b7-ae04-484d-a740-c65c11559486:c3225]
2019-08-24 07:08:34,810 | INFO  | DNAudit | user=null | ip=null | op=WRITE_CHUNK {blockData=conID: 3 locID: 102670697412624946 bcsId: 3225} | ret=SUCCESS |  
2019-08-24 07:08:34,810 | INFO  | DNAudit | user=null | ip=null | op=WRITE_CHUNK {blockData=conID: 3 locID: 102670697412624946 bcsId: 3225} | ret=SUCCESS |  
2019-08-24 07:08:34,810 | INFO  | DNAudit | user=null | ip=null | op=PUT_BLOCK {blockData=[blockId=conID: 3 locID: 102670697412624946 bcsId: 0,size=4194304]} | ret=SUCCESS |  
2019-08-24 07:08:34,810 | INFO  | DNAudit | user=null | ip=null | op=PUT_BLOCK {blockData=[blockId=conID: 3 locID: 102670697412624946 bcsId: 0,size=4194304]} | ret=SUCCESS |  
2019-08-24 07:08:34,810 [grpc-default-executor-0] INFO  client.GrpcClientProtocolClient (GrpcClientProtocolClient.java:onNext(255)) - client-6EDD19400D46->06a4573b-67a1-41e3-a350-f896363bc636: receive RaftClientReply:client-6EDD19400D46->06a4573b-67a1-41e3-a350-f896363bc636@group-757E3781CD2A, cid=2196, SUCCESS, logIndex=0, commits[06a4573b-67a1-41e3-a350-f896363bc636:c3230, 0b725bbf-683b-4664-9a2e-3c9dd6e38bc1:c3229, 9193e3b7-ae04-484d-a740-c65c11559486:c3229]
2019-08-24 07:08:34,815 | INFO  | SCMAudit | user=jenkins1000 | ip=192.168.69.125 | op=ALLOCATE_BLOCK {owner=61bacca8-15b6-4a50-8962-5e9786b18b0d, size=4194304, type=RATIS, factor=THREE} | ret=SUCCESS |  
2019-08-24 07:08:34,817 | INFO  | OMAudit | user=jenkins1000 | ip=127.0.0.1 | op=ALLOCATE_BLOCK {volume=vol-0-26988, bucket=bucket-0-20739, key=key-0-27353, dataSize=0, replicationType=null, replicationFactor=null, keyLocationInfo=null, clientID=102670695851229586} | ret=SUCCESS |  
2019-08-24 07:08:34,824 | INFO  | DNAudit | user=null | ip=null | op=WRITE_CHUNK {blockData=conID: 1 locID: 102670697418916403 bcsId: 0} | ret=SUCCESS |  
2019-08-24 07:08:34,827 | INFO  | DNAudit | user=null | ip=null | op=WRITE_CHUNK {blockData=conID: 1 locID: 102670697418916403 bcsId: 0} | ret=SUCCESS |  
2019-08-24 07:08:34,827 | INFO  | DNAudit | user=null | ip=null | op=WRITE_CHUNK {blockData=conID: 1 locID: 102670697418916403 bcsId: 0} | ret=SUCCESS |  
2019-08-24 07:08:34,827 | INFO  | DNAudit | user=null | ip=null | op=WRITE_CHUNK {blockData=conID: 1 locID: 102670697418916403 bcsId: 0} | ret=SUCCESS |  
2019-08-24 07:08:34,828 | INFO  | DNAudit | user=null | ip=null | op=WRITE_CHUNK {blockData=conID: 1 locID: 102670697418916403 bcsId: 0} | ret=SUCCESS |  
2019-08-24 07:08:34,828 | INFO  | DNAudit | user=null | ip=null | op=WRITE_CHUNK {blockData=conID: 1 locID: 102670697418916403 bcsId: 0} | ret=SUCCESS |  
2019-08-24 07:08:34,842 | INFO  | DNAudit | user=null | ip=null | op=WRITE_CHUNK {blockData=conID: 1 locID: 102670697418916403 bcsId: 0} | ret=SUCCESS |  
2019-08-24 07:08:34,842 | INFO  | DNAudit | user=null | ip=null | op=PUT_BLOCK {blockData=[blockId=conID: 1 locID: 102670697418916403 bcsId: 0,size=1048576]} | ret=SUCCESS |  
2019-08-24 07:08:34,842 [grpc-default-executor-0] INFO  client.GrpcClientProtocolClient (GrpcClientProtocolClient.java:onNext(255)) - client-6EDD19400D46->06a4573b-67a1-41e3-a350-f896363bc636: receive RaftClientReply:client-6EDD19400D46->06a4573b-67a1-41e3-a350-f896363bc636@group-757E3781CD2A, cid=2197, SUCCESS, logIndex=3231, commits[06a4573b-67a1-41e3-a350-f896363bc636:c3233, 0b725bbf-683b-4664-9a2e-3c9dd6e38bc1:c3230, 9193e3b7-ae04-484d-a740-c65c11559486:c3230]
2019-08-24 07:08:34,843 | INFO  | DNAudit | user=null | ip=null | op=WRITE_CHUNK {blockData=conID: 1 locID: 102670697418916403 bcsId: 0} | ret=SUCCESS |  
2019-08-24 07:08:34,843 | INFO  | DNAudit | user=null | ip=null | op=PUT_BLOCK {blockData=[blockId=conID: 1 locID: 102670697418916403 bcsId: 0,size=2097152]} | ret=SUCCESS |  
2019-08-24 07:08:34,843 [grpc-default-executor-0] INFO  client.GrpcClientProtocolClient (GrpcClientProtocolClient.java:onNext(255)) - client-6EDD19400D46->06a4573b-67a1-41e3-a350-f896363bc636: receive RaftClientReply:client-6EDD19400D46->06a4573b-67a1-41e3-a350-f896363bc636@group-757E3781CD2A, cid=2198, SUCCESS, logIndex=3232, commits[06a4573b-67a1-41e3-a350-f896363bc636:c3234, 0b725bbf-683b-4664-9a2e-3c9dd6e38bc1:c3230, 9193e3b7-ae04-484d-a740-c65c11559486:c3230]
2019-08-24 07:08:34,843 [grpc-default-executor-0] INFO  client.GrpcClientProtocolClient (GrpcClientProtocolClient.java:onNext(255)) - client-6EDD19400D46->06a4573b-67a1-41e3-a350-f896363bc636: receive RaftClientReply:client-6EDD19400D46->06a4573b-67a1-41e3-a350-f896363bc636@group-757E3781CD2A, cid=2199, SUCCESS, logIndex=3233, commits[06a4573b-67a1-41e3-a350-f896363bc636:c3234, 0b725bbf-683b-4664-9a2e-3c9dd6e38bc1:c3230, 9193e3b7-ae04-484d-a740-c65c11559486:c3230]
2019-08-24 07:08:34,844 [grpc-default-executor-0] INFO  client.GrpcClientProtocolClient (GrpcClientProtocolClient.java:onNext(255)) - client-6EDD19400D46->06a4573b-67a1-41e3-a350-f896363bc636: receive RaftClientReply:client-6EDD19400D46->06a4573b-67a1-41e3-a350-f896363bc636@group-757E3781CD2A, cid=2200, SUCCESS, logIndex=3234, commits[06a4573b-67a1-41e3-a350-f896363bc636:c3234, 0b725bbf-683b-4664-9a2e-3c9dd6e38bc1:c3230, 9193e3b7-ae04-484d-a740-c65c11559486:c3230]
2019-08-24 07:08:34,867 | INFO  | DNAudit | user=null | ip=null | op=WRITE_CHUNK {blockData=conID: 1 locID: 102670697418916403 bcsId: 0} | ret=SUCCESS |  
2019-08-24 07:08:34,867 | INFO  | DNAudit | user=null | ip=null | op=WRITE_CHUNK {blockData=conID: 1 locID: 102670697418916403 bcsId: 0} | ret=SUCCESS |  
2019-08-24 07:08:34,868 | INFO  | DNAudit | user=null | ip=null | op=PUT_BLOCK {blockData=[blockId=conID: 1 locID: 102670697418916403 bcsId: 0,size=1048576]} | ret=SUCCESS |  
2019-08-24 07:08:34,869 | INFO  | DNAudit | user=null | ip=null | op=PUT_BLOCK {blockData=[blockId=conID: 1 locID: 102670697418916403 bcsId: 0,size=1048576]} | ret=SUCCESS |  
2019-08-24 07:08:34,869 | INFO  | DNAudit | user=null | ip=null | op=WRITE_CHUNK {blockData=conID: 1 locID: 102670697418916403 bcsId: 0} | ret=SUCCESS |  
2019-08-24 07:08:34,869 | INFO  | DNAudit | user=null | ip=null | op=WRITE_CHUNK {blockData=conID: 1 locID: 102670697418916403 bcsId: 0} | ret=SUCCESS |  
2019-08-24 07:08:34,869 | INFO  | DNAudit | user=null | ip=null | op=PUT_BLOCK {blockData=[blockId=conID: 1 locID: 102670697418916403 bcsId: 0,size=2097152]} | ret=SUCCESS |  
2019-08-24 07:08:34,870 | INFO  | DNAudit | user=null | ip=null | op=PUT_BLOCK {blockData=[blockId=conID: 1 locID: 102670697418916403 bcsId: 0,size=2097152]} | ret=SUCCESS |  
2019-08-24 07:08:34,870 [grpc-default-executor-2] INFO  client.GrpcClientProtocolClient (GrpcClientProtocolClient.java:onNext(255)) - client-6EDD19400D46->06a4573b-67a1-41e3-a350-f896363bc636: receive RaftClientReply:client-6EDD19400D46->06a4573b-67a1-41e3-a350-f896363bc636@group-757E3781CD2A, cid=2201, SUCCESS, logIndex=0, commits[06a4573b-67a1-41e3-a350-f896363bc636:c3236, 0b725bbf-683b-4664-9a2e-3c9dd6e38bc1:c3232, 9193e3b7-ae04-484d-a740-c65c11559486:c3232]
2019-08-24 07:08:34,876 | INFO  | DNAudit | user=null | ip=null | op=WRITE_CHUNK {blockData=conID: 1 locID: 102670697418916403 bcsId: 3234} | ret=SUCCESS |  
2019-08-24 07:08:34,878 | INFO  | DNAudit | user=null | ip=null | op=WRITE_CHUNK {blockData=conID: 1 locID: 102670697418916403 bcsId: 3234} | ret=SUCCESS |  
2019-08-24 07:08:34,878 | INFO  | DNAudit | user=null | ip=null | op=WRITE_CHUNK {blockData=conID: 1 locID: 102670697418916403 bcsId: 3234} | ret=SUCCESS |  
2019-08-24 07:08:34,888 | INFO  | DNAudit | user=null | ip=null | op=WRITE_CHUNK {blockData=conID: 1 locID: 102670697418916403 bcsId: 3234} | ret=SUCCESS |  
2019-08-24 07:08:34,889 | INFO  | DNAudit | user=null | ip=null | op=PUT_BLOCK {blockData=[blockId=conID: 1 locID: 102670697418916403 bcsId: 0,size=3145728]} | ret=SUCCESS |  
2019-08-24 07:08:34,889 [grpc-default-executor-0] INFO  client.GrpcClientProtocolClient (GrpcClientProtocolClient.java:onNext(255)) - client-6EDD19400D46->06a4573b-67a1-41e3-a350-f896363bc636: receive RaftClientReply:client-6EDD19400D46->06a4573b-67a1-41e3-a350-f896363bc636@group-757E3781CD2A, cid=2202, SUCCESS, logIndex=3239, commits[06a4573b-67a1-41e3-a350-f896363bc636:c3240, 0b725bbf-683b-4664-9a2e-3c9dd6e38bc1:c3238, 9193e3b7-ae04-484d-a740-c65c11559486:c3238]
2019-08-24 07:08:34,889 [grpc-default-executor-0] INFO  client.GrpcClientProtocolClient (GrpcClientProtocolClient.java:onNext(255)) - client-6EDD19400D46->06a4573b-67a1-41e3-a350-f896363bc636: receive RaftClientReply:client-6EDD19400D46->06a4573b-67a1-41e3-a350-f896363bc636@group-757E3781CD2A, cid=2203, SUCCESS, logIndex=3240, commits[06a4573b-67a1-41e3-a350-f896363bc636:c3240, 0b725bbf-683b-4664-9a2e-3c9dd6e38bc1:c3238, 9193e3b7-ae04-484d-a740-c65c11559486:c3238]
2019-08-24 07:08:34,895 | INFO  | DNAudit | user=null | ip=null | op=WRITE_CHUNK {blockData=conID: 1 locID: 102670697418916403 bcsId: 3240} | ret=SUCCESS |  
2019-08-24 07:08:34,898 | INFO  | DNAudit | user=null | ip=null | op=WRITE_CHUNK {blockData=conID: 1 locID: 102670697418916403 bcsId: 3240} | ret=SUCCESS |  
2019-08-24 07:08:34,898 | INFO  | DNAudit | user=null | ip=null | op=WRITE_CHUNK {blockData=conID: 1 locID: 102670697418916403 bcsId: 3240} | ret=SUCCESS |  
2019-08-24 07:08:34,900 | INFO  | DNAudit | user=null | ip=null | op=WRITE_CHUNK {blockData=conID: 1 locID: 102670697418916403 bcsId: 3234} | ret=SUCCESS |  
2019-08-24 07:08:34,900 | INFO  | DNAudit | user=null | ip=null | op=WRITE_CHUNK {blockData=conID: 1 locID: 102670697418916403 bcsId: 3234} | ret=SUCCESS |  
2019-08-24 07:08:34,900 | INFO  | DNAudit | user=null | ip=null | op=PUT_BLOCK {blockData=[blockId=conID: 1 locID: 102670697418916403 bcsId: 0,size=3145728]} | ret=SUCCESS |  
2019-08-24 07:08:34,900 | INFO  | DNAudit | user=null | ip=null | op=PUT_BLOCK {blockData=[blockId=conID: 1 locID: 102670697418916403 bcsId: 0,size=3145728]} | ret=SUCCESS |  
2019-08-24 07:08:34,902 | INFO  | DNAudit | user=null | ip=null | op=WRITE_CHUNK {blockData=conID: 1 locID: 102670697418916403 bcsId: 3240} | ret=SUCCESS |  
2019-08-24 07:08:34,902 | INFO  | DNAudit | user=null | ip=null | op=PUT_BLOCK {blockData=[blockId=conID: 1 locID: 102670697418916403 bcsId: 0,size=4194304]} | ret=SUCCESS |  
2019-08-24 07:08:34,902 [grpc-default-executor-0] INFO  client.GrpcClientProtocolClient (GrpcClientProtocolClient.java:onNext(255)) - client-6EDD19400D46->06a4573b-67a1-41e3-a350-f896363bc636: receive RaftClientReply:client-6EDD19400D46->06a4573b-67a1-41e3-a350-f896363bc636@group-757E3781CD2A, cid=2204, SUCCESS, logIndex=3243, commits[06a4573b-67a1-41e3-a350-f896363bc636:c3244, 0b725bbf-683b-4664-9a2e-3c9dd6e38bc1:c3240, 9193e3b7-ae04-484d-a740-c65c11559486:c3240]
2019-08-24 07:08:34,903 [grpc-default-executor-0] INFO  client.GrpcClientProtocolClient (GrpcClientProtocolClient.java:onNext(255)) - client-6EDD19400D46->06a4573b-67a1-41e3-a350-f896363bc636: receive RaftClientReply:client-6EDD19400D46->06a4573b-67a1-41e3-a350-f896363bc636@group-757E3781CD2A, cid=2205, SUCCESS, logIndex=3244, commits[06a4573b-67a1-41e3-a350-f896363bc636:c3244, 0b725bbf-683b-4664-9a2e-3c9dd6e38bc1:c3240, 9193e3b7-ae04-484d-a740-c65c11559486:c3240]
2019-08-24 07:08:34,919 | INFO  | DNAudit | user=null | ip=null | op=WRITE_CHUNK {blockData=conID: 1 locID: 102670697418916403 bcsId: 3240} | ret=SUCCESS |  
2019-08-24 07:08:34,919 | INFO  | DNAudit | user=null | ip=null | op=WRITE_CHUNK {blockData=conID: 1 locID: 102670697418916403 bcsId: 3240} | ret=SUCCESS |  
2019-08-24 07:08:34,919 | INFO  | DNAudit | user=null | ip=null | op=PUT_BLOCK {blockData=[blockId=conID: 1 locID: 102670697418916403 bcsId: 0,size=4194304]} | ret=SUCCESS |  
2019-08-24 07:08:34,920 | INFO  | DNAudit | user=null | ip=null | op=PUT_BLOCK {blockData=[blockId=conID: 1 locID: 102670697418916403 bcsId: 0,size=4194304]} | ret=SUCCESS |  
2019-08-24 07:08:34,920 [grpc-default-executor-0] INFO  client.GrpcClientProtocolClient (GrpcClientProtocolClient.java:onNext(255)) - client-6EDD19400D46->06a4573b-67a1-41e3-a350-f896363bc636: receive RaftClientReply:client-6EDD19400D46->06a4573b-67a1-41e3-a350-f896363bc636@group-757E3781CD2A, cid=2206, SUCCESS, logIndex=0, commits[06a4573b-67a1-41e3-a350-f896363bc636:c3245, 0b725bbf-683b-4664-9a2e-3c9dd6e38bc1:c3244, 9193e3b7-ae04-484d-a740-c65c11559486:c3244]
2019-08-24 07:08:34,924 | INFO  | SCMAudit | user=jenkins1000 | ip=192.168.69.125 | op=ALLOCATE_BLOCK {owner=61bacca8-15b6-4a50-8962-5e9786b18b0d, size=4194304, type=RATIS, factor=THREE} | ret=SUCCESS |  
2019-08-24 07:08:34,926 | INFO  | OMAudit | user=jenkins1000 | ip=127.0.0.1 | op=ALLOCATE_BLOCK {volume=vol-0-26988, bucket=bucket-0-20739, key=key-0-27353, dataSize=0, replicationType=null, replicationFactor=null, keyLocationInfo=null, clientID=102670695851229586} | ret=SUCCESS |  
2019-08-24 07:08:34,932 | INFO  | DNAudit | user=null | ip=null | op=WRITE_CHUNK {blockData=conID: 2 locID: 102670697426059828 bcsId: 0} | ret=SUCCESS |  
2019-08-24 07:08:34,934 | INFO  | DNAudit | user=null | ip=null | op=WRITE_CHUNK {blockData=conID: 2 locID: 102670697426059828 bcsId: 0} | ret=SUCCESS |  
2019-08-24 07:08:34,934 | INFO  | DNAudit | user=null | ip=null | op=WRITE_CHUNK {blockData=conID: 2 locID: 102670697426059828 bcsId: 0} | ret=SUCCESS |  
2019-08-24 07:08:34,935 | INFO  | DNAudit | user=null | ip=null | op=WRITE_CHUNK {blockData=conID: 2 locID: 102670697426059828 bcsId: 0} | ret=SUCCESS |  
2019-08-24 07:08:34,937 | INFO  | DNAudit | user=null | ip=null | op=WRITE_CHUNK {blockData=conID: 2 locID: 102670697426059828 bcsId: 0} | ret=SUCCESS |  
2019-08-24 07:08:34,937 | INFO  | DNAudit | user=null | ip=null | op=WRITE_CHUNK {blockData=conID: 2 locID: 102670697426059828 bcsId: 0} | ret=SUCCESS |  
2019-08-24 07:08:35,003 | INFO  | DNAudit | user=null | ip=null | op=WRITE_CHUNK {blockData=conID: 2 locID: 102670697426059828 bcsId: 0} | ret=SUCCESS |  
2019-08-24 07:08:35,003 | INFO  | DNAudit | user=null | ip=null | op=PUT_BLOCK {blockData=[blockId=conID: 2 locID: 102670697426059828 bcsId: 0,size=1048576]} | ret=SUCCESS |  
2019-08-24 07:08:35,004 [grpc-default-executor-5] INFO  client.GrpcClientProtocolClient (GrpcClientProtocolClient.java:onNext(255)) - client-6EDD19400D46->06a4573b-67a1-41e3-a350-f896363bc636: receive RaftClientReply:client-6EDD19400D46->06a4573b-67a1-41e3-a350-f896363bc636@group-757E3781CD2A, cid=2207, SUCCESS, logIndex=3247, commits[06a4573b-67a1-41e3-a350-f896363bc636:c3250, 0b725bbf-683b-4664-9a2e-3c9dd6e38bc1:c3245, 9193e3b7-ae04-484d-a740-c65c11559486:c3244]
2019-08-24 07:08:35,004 | INFO  | DNAudit | user=null | ip=null | op=WRITE_CHUNK {blockData=conID: 2 locID: 102670697426059828 bcsId: 0} | ret=SUCCESS |  
2019-08-24 07:08:35,004 | INFO  | DNAudit | user=null | ip=null | op=WRITE_CHUNK {blockData=conID: 2 locID: 102670697426059828 bcsId: 0} | ret=SUCCESS |  
2019-08-24 07:08:35,004 | INFO  | DNAudit | user=null | ip=null | op=PUT_BLOCK {blockData=[blockId=conID: 2 locID: 102670697426059828 bcsId: 0,size=1048576]} | ret=SUCCESS |  
2019-08-24 07:08:35,005 | INFO  | DNAudit | user=null | ip=null | op=PUT_BLOCK {blockData=[blockId=conID: 2 locID: 102670697426059828 bcsId: 0,size=2097152]} | ret=SUCCESS |  
2019-08-24 07:08:35,005 | INFO  | DNAudit | user=null | ip=null | op=WRITE_CHUNK {blockData=conID: 2 locID: 102670697426059828 bcsId: 0} | ret=SUCCESS |  
2019-08-24 07:08:35,005 [grpc-default-executor-5] INFO  client.GrpcClientProtocolClient (GrpcClientProtocolClient.java:onNext(255)) - client-6EDD19400D46->06a4573b-67a1-41e3-a350-f896363bc636: receive RaftClientReply:client-6EDD19400D46->06a4573b-67a1-41e3-a350-f896363bc636@group-757E3781CD2A, cid=2208, SUCCESS, logIndex=3248, commits[06a4573b-67a1-41e3-a350-f896363bc636:c3250, 0b725bbf-683b-4664-9a2e-3c9dd6e38bc1:c3245, 9193e3b7-ae04-484d-a740-c65c11559486:c3245]
2019-08-24 07:08:35,005 | INFO  | DNAudit | user=null | ip=null | op=PUT_BLOCK {blockData=[blockId=conID: 2 locID: 102670697426059828 bcsId: 0,size=1048576]} | ret=SUCCESS |  
2019-08-24 07:08:35,005 [grpc-default-executor-5] INFO  client.GrpcClientProtocolClient (GrpcClientProtocolClient.java:onNext(255)) - client-6EDD19400D46->06a4573b-67a1-41e3-a350-f896363bc636: receive RaftClientReply:client-6EDD19400D46->06a4573b-67a1-41e3-a350-f896363bc636@group-757E3781CD2A, cid=2209, SUCCESS, logIndex=3249, commits[06a4573b-67a1-41e3-a350-f896363bc636:c3251, 0b725bbf-683b-4664-9a2e-3c9dd6e38bc1:c3248, 9193e3b7-ae04-484d-a740-c65c11559486:c3245]
2019-08-24 07:08:35,005 [grpc-default-executor-5] INFO  client.GrpcClientProtocolClient (GrpcClientProtocolClient.java:onNext(255)) - client-6EDD19400D46->06a4573b-67a1-41e3-a350-f896363bc636: receive RaftClientReply:client-6EDD19400D46->06a4573b-67a1-41e3-a350-f896363bc636@group-757E3781CD2A, cid=2210, SUCCESS, logIndex=3250, commits[06a4573b-67a1-41e3-a350-f896363bc636:c3251, 0b725bbf-683b-4664-9a2e-3c9dd6e38bc1:c3248, 9193e3b7-ae04-484d-a740-c65c11559486:c3248]
2019-08-24 07:08:35,007 | INFO  | DNAudit | user=null | ip=null | op=WRITE_CHUNK {blockData=conID: 2 locID: 102670697426059828 bcsId: 0} | ret=SUCCESS |  
2019-08-24 07:08:35,007 | INFO  | DNAudit | user=null | ip=null | op=PUT_BLOCK {blockData=[blockId=conID: 2 locID: 102670697426059828 bcsId: 0,size=2097152]} | ret=SUCCESS |  
2019-08-24 07:08:35,013 | INFO  | DNAudit | user=null | ip=null | op=WRITE_CHUNK {blockData=conID: 2 locID: 102670697426059828 bcsId: 3250} | ret=SUCCESS |  
2019-08-24 07:08:35,017 | INFO  | DNAudit | user=null | ip=null | op=WRITE_CHUNK {blockData=conID: 2 locID: 102670697426059828 bcsId: 3250} | ret=SUCCESS |  
2019-08-24 07:08:35,017 | INFO  | DNAudit | user=null | ip=null | op=WRITE_CHUNK {blockData=conID: 2 locID: 102670697426059828 bcsId: 3250} | ret=SUCCESS |  
2019-08-24 07:08:35,018 | INFO  | DNAudit | user=null | ip=null | op=WRITE_CHUNK {blockData=conID: 2 locID: 102670697426059828 bcsId: 0} | ret=SUCCESS |  
2019-08-24 07:08:35,018 | INFO  | DNAudit | user=null | ip=null | op=PUT_BLOCK {blockData=[blockId=conID: 2 locID: 102670697426059828 bcsId: 0,size=2097152]} | ret=SUCCESS |  
2019-08-24 07:08:35,019 | INFO  | DNAudit | user=null | ip=null | op=WRITE_CHUNK {blockData=conID: 2 locID: 102670697426059828 bcsId: 3250} | ret=SUCCESS |  
2019-08-24 07:08:35,020 | INFO  | DNAudit | user=null | ip=null | op=PUT_BLOCK {blockData=[blockId=conID: 2 locID: 102670697426059828 bcsId: 0,size=3145728]} | ret=SUCCESS |  
2019-08-24 07:08:35,020 [grpc-default-executor-2] INFO  client.GrpcClientProtocolClient (GrpcClientProtocolClient.java:onNext(255)) - client-6EDD19400D46->06a4573b-67a1-41e3-a350-f896363bc636: receive RaftClientReply:client-6EDD19400D46->06a4573b-67a1-41e3-a350-f896363bc636@group-757E3781CD2A, cid=2211, SUCCESS, logIndex=3255, commits[06a4573b-67a1-41e3-a350-f896363bc636:c3256, 0b725bbf-683b-4664-9a2e-3c9dd6e38bc1:c3254, 9193e3b7-ae04-484d-a740-c65c11559486:c3250]
2019-08-24 07:08:35,020 [grpc-default-executor-2] INFO  client.GrpcClientProtocolClient (GrpcClientProtocolClient.java:onNext(255)) - client-6EDD19400D46->06a4573b-67a1-41e3-a350-f896363bc636: receive RaftClientReply:client-6EDD19400D46->06a4573b-67a1-41e3-a350-f896363bc636@group-757E3781CD2A, cid=2212, SUCCESS, logIndex=3256, commits[06a4573b-67a1-41e3-a350-f896363bc636:c3256, 0b725bbf-683b-4664-9a2e-3c9dd6e38bc1:c3254, 9193e3b7-ae04-484d-a740-c65c11559486:c3250]
2019-08-24 07:08:35,029 | INFO  | DNAudit | user=null | ip=null | op=WRITE_CHUNK {blockData=conID: 2 locID: 102670697426059828 bcsId: 3256} | ret=SUCCESS |  
2019-08-24 07:08:35,032 | INFO  | DNAudit | user=null | ip=null | op=WRITE_CHUNK {blockData=conID: 2 locID: 102670697426059828 bcsId: 3256} | ret=SUCCESS |  
2019-08-24 07:08:35,033 | INFO  | DNAudit | user=null | ip=null | op=WRITE_CHUNK {blockData=conID: 2 locID: 102670697426059828 bcsId: 3256} | ret=SUCCESS |  
2019-08-24 07:08:35,066 | INFO  | DNAudit | user=null | ip=null | op=WRITE_CHUNK {blockData=conID: 2 locID: 102670697426059828 bcsId: 3250} | ret=SUCCESS |  
2019-08-24 07:08:35,066 | INFO  | DNAudit | user=null | ip=null | op=WRITE_CHUNK {blockData=conID: 2 locID: 102670697426059828 bcsId: 3250} | ret=SUCCESS |  
2019-08-24 07:08:35,066 | INFO  | DNAudit | user=null | ip=null | op=PUT_BLOCK {blockData=[blockId=conID: 2 locID: 102670697426059828 bcsId: 0,size=3145728]} | ret=SUCCESS |  
2019-08-24 07:08:35,066 | INFO  | DNAudit | user=null | ip=null | op=PUT_BLOCK {blockData=[blockId=conID: 2 locID: 102670697426059828 bcsId: 0,size=3145728]} | ret=SUCCESS |  
2019-08-24 07:08:35,067 | INFO  | DNAudit | user=null | ip=null | op=WRITE_CHUNK {blockData=conID: 2 locID: 102670697426059828 bcsId: 3256} | ret=SUCCESS |  
2019-08-24 07:08:35,068 | INFO  | DNAudit | user=null | ip=null | op=PUT_BLOCK {blockData=[blockId=conID: 2 locID: 102670697426059828 bcsId: 0,size=4194304]} | ret=SUCCESS |  
2019-08-24 07:08:35,068 [grpc-default-executor-2] INFO  client.GrpcClientProtocolClient (GrpcClientProtocolClient.java:onNext(255)) - client-6EDD19400D46->06a4573b-67a1-41e3-a350-f896363bc636: receive RaftClientReply:client-6EDD19400D46->06a4573b-67a1-41e3-a350-f896363bc636@group-757E3781CD2A, cid=2213, SUCCESS, logIndex=3259, commits[06a4573b-67a1-41e3-a350-f896363bc636:c3260, 0b725bbf-683b-4664-9a2e-3c9dd6e38bc1:c3256, 9193e3b7-ae04-484d-a740-c65c11559486:c3256]
2019-08-24 07:08:35,069 [grpc-default-executor-2] INFO  client.GrpcClientProtocolClient (GrpcClientProtocolClient.java:onNext(255)) - client-6EDD19400D46->06a4573b-67a1-41e3-a350-f896363bc636: receive RaftClientReply:client-6EDD19400D46->06a4573b-67a1-41e3-a350-f896363bc636@group-757E3781CD2A, cid=2214, SUCCESS, logIndex=3260, commits[06a4573b-67a1-41e3-a350-f896363bc636:c3260, 0b725bbf-683b-4664-9a2e-3c9dd6e38bc1:c3256, 9193e3b7-ae04-484d-a740-c65c11559486:c3256]
2019-08-24 07:08:35,081 | INFO  | DNAudit | user=null | ip=null | op=WRITE_CHUNK {blockData=conID: 2 locID: 102670697426059828 bcsId: 3256} | ret=SUCCESS |  
2019-08-24 07:08:35,081 | INFO  | DNAudit | user=null | ip=null | op=WRITE_CHUNK {blockData=conID: 2 locID: 102670697426059828 bcsId: 3256} | ret=SUCCESS |  
2019-08-24 07:08:35,081 | INFO  | DNAudit | user=null | ip=null | op=PUT_BLOCK {blockData=[blockId=conID: 2 locID: 102670697426059828 bcsId: 0,size=4194304]} | ret=SUCCESS |  
2019-08-24 07:08:35,082 | INFO  | DNAudit | user=null | ip=null | op=PUT_BLOCK {blockData=[blockId=conID: 2 locID: 102670697426059828 bcsId: 0,size=4194304]} | ret=SUCCESS |  
2019-08-24 07:08:35,082 [grpc-default-executor-2] INFO  client.GrpcClientProtocolClient (GrpcClientProtocolClient.java:onNext(255)) - client-6EDD19400D46->06a4573b-67a1-41e3-a350-f896363bc636: receive RaftClientReply:client-6EDD19400D46->06a4573b-67a1-41e3-a350-f896363bc636@group-757E3781CD2A, cid=2215, SUCCESS, logIndex=0, commits[06a4573b-67a1-41e3-a350-f896363bc636:c3262, 0b725bbf-683b-4664-9a2e-3c9dd6e38bc1:c3260, 9193e3b7-ae04-484d-a740-c65c11559486:c3260]
2019-08-24 07:08:35,087 | INFO  | SCMAudit | user=jenkins1000 | ip=192.168.69.125 | op=ALLOCATE_BLOCK {owner=61bacca8-15b6-4a50-8962-5e9786b18b0d, size=4194304, type=RATIS, factor=THREE} | ret=SUCCESS |  
2019-08-24 07:08:35,090 | INFO  | OMAudit | user=jenkins1000 | ip=127.0.0.1 | op=ALLOCATE_BLOCK {volume=vol-0-26988, bucket=bucket-0-20739, key=key-0-27353, dataSize=0, replicationType=null, replicationFactor=null, keyLocationInfo=null, clientID=102670695851229586} | ret=SUCCESS |  
2019-08-24 07:08:35,098 | INFO  | DNAudit | user=null | ip=null | op=WRITE_CHUNK {blockData=conID: 3 locID: 102670697436742197 bcsId: 0} | ret=SUCCESS |  
2019-08-24 07:08:35,102 | INFO  | DNAudit | user=null | ip=null | op=WRITE_CHUNK {blockData=conID: 3 locID: 102670697436742197 bcsId: 0} | ret=SUCCESS |  
2019-08-24 07:08:35,102 | INFO  | DNAudit | user=null | ip=null | op=WRITE_CHUNK {blockData=conID: 3 locID: 102670697436742197 bcsId: 0} | ret=SUCCESS |  
2019-08-24 07:08:35,102 | INFO  | DNAudit | user=null | ip=null | op=WRITE_CHUNK {blockData=conID: 3 locID: 102670697436742197 bcsId: 0} | ret=SUCCESS |  
2019-08-24 07:08:35,105 | INFO  | DNAudit | user=null | ip=null | op=WRITE_CHUNK {blockData=conID: 3 locID: 102670697436742197 bcsId: 0} | ret=SUCCESS |  
2019-08-24 07:08:35,105 | INFO  | DNAudit | user=null | ip=null | op=WRITE_CHUNK {blockData=conID: 3 locID: 102670697436742197 bcsId: 0} | ret=SUCCESS |  
2019-08-24 07:08:35,111 | INFO  | DNAudit | user=null | ip=null | op=WRITE_CHUNK {blockData=conID: 3 locID: 102670697436742197 bcsId: 0} | ret=SUCCESS |  
2019-08-24 07:08:35,111 | INFO  | DNAudit | user=null | ip=null | op=PUT_BLOCK {blockData=[blockId=conID: 3 locID: 102670697436742197 bcsId: 0,size=1048576]} | ret=SUCCESS |  
2019-08-24 07:08:35,112 [grpc-default-executor-5] INFO  client.GrpcClientProtocolClient (GrpcClientProtocolClient.java:onNext(255)) - client-6EDD19400D46->06a4573b-67a1-41e3-a350-f896363bc636: receive RaftClientReply:client-6EDD19400D46->06a4573b-67a1-41e3-a350-f896363bc636@group-757E3781CD2A, cid=2216, SUCCESS, logIndex=3263, commits[06a4573b-67a1-41e3-a350-f896363bc636:c3264, 0b725bbf-683b-4664-9a2e-3c9dd6e38bc1:c3262, 9193e3b7-ae04-484d-a740-c65c11559486:c3262]
2019-08-24 07:08:35,112 | INFO  | DNAudit | user=null | ip=null | op=WRITE_CHUNK {blockData=conID: 3 locID: 102670697436742197 bcsId: 0} | ret=SUCCESS |  
2019-08-24 07:08:35,112 [grpc-default-executor-0] INFO  client.GrpcClientProtocolClient (GrpcClientProtocolClient.java:onNext(255)) - client-6EDD19400D46->06a4573b-67a1-41e3-a350-f896363bc636: receive RaftClientReply:client-6EDD19400D46->06a4573b-67a1-41e3-a350-f896363bc636@group-757E3781CD2A, cid=2217, SUCCESS, logIndex=3264, commits[06a4573b-67a1-41e3-a350-f896363bc636:c3264, 0b725bbf-683b-4664-9a2e-3c9dd6e38bc1:c3262, 9193e3b7-ae04-484d-a740-c65c11559486:c3262]
2019-08-24 07:08:35,112 | INFO  | DNAudit | user=null | ip=null | op=PUT_BLOCK {blockData=[blockId=conID: 3 locID: 102670697436742197 bcsId: 0,size=2097152]} | ret=SUCCESS |  
2019-08-24 07:08:35,113 [grpc-default-executor-0] INFO  client.GrpcClientProtocolClient (GrpcClientProtocolClient.java:onNext(255)) - client-6EDD19400D46->06a4573b-67a1-41e3-a350-f896363bc636: receive RaftClientReply:client-6EDD19400D46->06a4573b-67a1-41e3-a350-f896363bc636@group-757E3781CD2A, cid=2218, SUCCESS, logIndex=3265, commits[06a4573b-67a1-41e3-a350-f896363bc636:c3266, 0b725bbf-683b-4664-9a2e-3c9dd6e38bc1:c3262, 9193e3b7-ae04-484d-a740-c65c11559486:c3262]
2019-08-24 07:08:35,113 [grpc-default-executor-0] INFO  client.GrpcClientProtocolClient (GrpcClientProtocolClient.java:onNext(255)) - client-6EDD19400D46->06a4573b-67a1-41e3-a350-f896363bc636: receive RaftClientReply:client-6EDD19400D46->06a4573b-67a1-41e3-a350-f896363bc636@group-757E3781CD2A, cid=2219, SUCCESS, logIndex=3266, commits[06a4573b-67a1-41e3-a350-f896363bc636:c3266, 0b725bbf-683b-4664-9a2e-3c9dd6e38bc1:c3262, 9193e3b7-ae04-484d-a740-c65c11559486:c3262]
2019-08-24 07:08:35,125 | INFO  | DNAudit | user=null | ip=null | op=WRITE_CHUNK {blockData=conID: 3 locID: 102670697436742197 bcsId: 0} | ret=SUCCESS |  
2019-08-24 07:08:35,125 | INFO  | DNAudit | user=null | ip=null | op=PUT_BLOCK {blockData=[blockId=conID: 3 locID: 102670697436742197 bcsId: 0,size=1048576]} | ret=SUCCESS |  
2019-08-24 07:08:35,125 | INFO  | DNAudit | user=null | ip=null | op=WRITE_CHUNK {blockData=conID: 3 locID: 102670697436742197 bcsId: 0} | ret=SUCCESS |  
2019-08-24 07:08:35,125 | INFO  | DNAudit | user=null | ip=null | op=PUT_BLOCK {blockData=[blockId=conID: 3 locID: 102670697436742197 bcsId: 0,size=1048576]} | ret=SUCCESS |  
2019-08-24 07:08:35,126 | INFO  | DNAudit | user=null | ip=null | op=WRITE_CHUNK {blockData=conID: 3 locID: 102670697436742197 bcsId: 0} | ret=SUCCESS |  
2019-08-24 07:08:35,126 | INFO  | DNAudit | user=null | ip=null | op=WRITE_CHUNK {blockData=conID: 3 locID: 102670697436742197 bcsId: 0} | ret=SUCCESS |  
2019-08-24 07:08:35,126 | INFO  | DNAudit | user=null | ip=null | op=PUT_BLOCK {blockData=[blockId=conID: 3 locID: 102670697436742197 bcsId: 0,size=2097152]} | ret=SUCCESS |  
2019-08-24 07:08:35,126 [grpc-default-executor-5] INFO  client.GrpcClientProtocolClient (GrpcClientProtocolClient.java:onNext(255)) - client-6EDD19400D46->06a4573b-67a1-41e3-a350-f896363bc636: receive RaftClientReply:client-6EDD19400D46->06a4573b-67a1-41e3-a350-f896363bc636@group-757E3781CD2A, cid=2220, SUCCESS, logIndex=0, commits[06a4573b-67a1-41e3-a350-f896363bc636:c3268, 0b725bbf-683b-4664-9a2e-3c9dd6e38bc1:c3264, 9193e3b7-ae04-484d-a740-c65c11559486:c3264]
2019-08-24 07:08:35,126 | INFO  | DNAudit | user=null | ip=null | op=PUT_BLOCK {blockData=[blockId=conID: 3 locID: 102670697436742197 bcsId: 0,size=2097152]} | ret=SUCCESS |  
2019-08-24 07:08:35,132 | INFO  | DNAudit | user=null | ip=null | op=WRITE_CHUNK {blockData=conID: 3 locID: 102670697436742197 bcsId: 3266} | ret=SUCCESS |  
2019-08-24 07:08:35,135 | INFO  | DNAudit | user=null | ip=null | op=WRITE_CHUNK {blockData=conID: 3 locID: 102670697436742197 bcsId: 3266} | ret=SUCCESS |  
2019-08-24 07:08:35,135 | INFO  | DNAudit | user=null | ip=null | op=WRITE_CHUNK {blockData=conID: 3 locID: 102670697436742197 bcsId: 3266} | ret=SUCCESS |  
2019-08-24 07:08:35,142 | INFO  | DNAudit | user=null | ip=null | op=WRITE_CHUNK {blockData=conID: 3 locID: 102670697436742197 bcsId: 3266} | ret=SUCCESS |  
2019-08-24 07:08:35,143 | INFO  | DNAudit | user=null | ip=null | op=PUT_BLOCK {blockData=[blockId=conID: 3 locID: 102670697436742197 bcsId: 0,size=3145728]} | ret=SUCCESS |  
2019-08-24 07:08:35,143 [grpc-default-executor-0] INFO  client.GrpcClientProtocolClient (GrpcClientProtocolClient.java:onNext(255)) - client-6EDD19400D46->06a4573b-67a1-41e3-a350-f896363bc636: receive RaftClientReply:client-6EDD19400D46->06a4573b-67a1-41e3-a350-f896363bc636@group-757E3781CD2A, cid=2221, SUCCESS, logIndex=3270, commits[06a4573b-67a1-41e3-a350-f896363bc636:c3271, 0b725bbf-683b-4664-9a2e-3c9dd6e38bc1:c3269, 9193e3b7-ae04-484d-a740-c65c11559486:c3269]
2019-08-24 07:08:35,143 [grpc-default-executor-0] INFO  client.GrpcClientProtocolClient (GrpcClientProtocolClient.java:onNext(255)) - client-6EDD19400D46->06a4573b-67a1-41e3-a350-f896363bc636: receive RaftClientReply:client-6EDD19400D46->06a4573b-67a1-41e3-a350-f896363bc636@group-757E3781CD2A, cid=2222, SUCCESS, logIndex=3271, commits[06a4573b-67a1-41e3-a350-f896363bc636:c3271, 0b725bbf-683b-4664-9a2e-3c9dd6e38bc1:c3269, 9193e3b7-ae04-484d-a740-c65c11559486:c3269]
2019-08-24 07:08:35,149 | INFO  | DNAudit | user=null | ip=null | op=WRITE_CHUNK {blockData=conID: 3 locID: 102670697436742197 bcsId: 3271} | ret=SUCCESS |  
2019-08-24 07:08:35,152 | INFO  | DNAudit | user=null | ip=null | op=WRITE_CHUNK {blockData=conID: 3 locID: 102670697436742197 bcsId: 3271} | ret=SUCCESS |  
2019-08-24 07:08:35,152 | INFO  | DNAudit | user=null | ip=null | op=WRITE_CHUNK {blockData=conID: 3 locID: 102670697436742197 bcsId: 3271} | ret=SUCCESS |  
2019-08-24 07:08:35,192 | INFO  | DNAudit | user=null | ip=null | op=WRITE_CHUNK {blockData=conID: 3 locID: 102670697436742197 bcsId: 3266} | ret=SUCCESS |  
2019-08-24 07:08:35,193 | INFO  | DNAudit | user=null | ip=null | op=WRITE_CHUNK {blockData=conID: 3 locID: 102670697436742197 bcsId: 3266} | ret=SUCCESS |  
2019-08-24 07:08:35,195 | INFO  | DNAudit | user=null | ip=null | op=PUT_BLOCK {blockData=[blockId=conID: 3 locID: 102670697436742197 bcsId: 0,size=3145728]} | ret=SUCCESS |  
2019-08-24 07:08:35,195 | INFO  | DNAudit | user=null | ip=null | op=WRITE_CHUNK {blockData=conID: 3 locID: 102670697436742197 bcsId: 3271} | ret=SUCCESS |  
2019-08-24 07:08:35,196 | INFO  | DNAudit | user=null | ip=null | op=PUT_BLOCK {blockData=[blockId=conID: 3 locID: 102670697436742197 bcsId: 0,size=4194304]} | ret=SUCCESS |  
2019-08-24 07:08:35,196 [grpc-default-executor-1] INFO  client.GrpcClientProtocolClient (GrpcClientProtocolClient.java:onNext(255)) - client-6EDD19400D46->06a4573b-67a1-41e3-a350-f896363bc636: receive RaftClientReply:client-6EDD19400D46->06a4573b-67a1-41e3-a350-f896363bc636@group-757E3781CD2A, cid=2223, SUCCESS, logIndex=3274, commits[06a4573b-67a1-41e3-a350-f896363bc636:c3275, 0b725bbf-683b-4664-9a2e-3c9dd6e38bc1:c3271, 9193e3b7-ae04-484d-a740-c65c11559486:c3270]
2019-08-24 07:08:35,197 [grpc-default-executor-1] INFO  client.GrpcClientProtocolClient (GrpcClientProtocolClient.java:onNext(255)) - client-6EDD19400D46->06a4573b-67a1-41e3-a350-f896363bc636: receive RaftClientReply:client-6EDD19400D46->06a4573b-67a1-41e3-a350-f896363bc636@group-757E3781CD2A, cid=2224, SUCCESS, logIndex=3275, commits[06a4573b-67a1-41e3-a350-f896363bc636:c3275, 0b725bbf-683b-4664-9a2e-3c9dd6e38bc1:c3271, 9193e3b7-ae04-484d-a740-c65c11559486:c3270]
2019-08-24 07:08:35,206 | INFO  | DNAudit | user=null | ip=null | op=PUT_BLOCK {blockData=[blockId=conID: 3 locID: 102670697436742197 bcsId: 0,size=3145728]} | ret=SUCCESS |  
2019-08-24 07:08:35,206 [grpc-default-executor-1] INFO  client.GrpcClientProtocolClient (GrpcClientProtocolClient.java:onNext(255)) - client-6EDD19400D46->06a4573b-67a1-41e3-a350-f896363bc636: receive RaftClientReply:client-6EDD19400D46->06a4573b-67a1-41e3-a350-f896363bc636@group-757E3781CD2A, cid=2225, SUCCESS, logIndex=0, commits[06a4573b-67a1-41e3-a350-f896363bc636:c3275, 0b725bbf-683b-4664-9a2e-3c9dd6e38bc1:c3271, 9193e3b7-ae04-484d-a740-c65c11559486:c3271]
2019-08-24 07:08:35,207 | INFO  | DNAudit | user=null | ip=null | op=WRITE_CHUNK {blockData=conID: 3 locID: 102670697436742197 bcsId: 3271} | ret=SUCCESS |  
2019-08-24 07:08:35,208 | INFO  | DNAudit | user=null | ip=null | op=PUT_BLOCK {blockData=[blockId=conID: 3 locID: 102670697436742197 bcsId: 0,size=4194304]} | ret=SUCCESS |  
2019-08-24 07:08:35,218 | INFO  | DNAudit | user=null | ip=null | op=WRITE_CHUNK {blockData=conID: 3 locID: 102670697436742197 bcsId: 3271} | ret=SUCCESS |  
2019-08-24 07:08:35,219 | INFO  | DNAudit | user=null | ip=null | op=PUT_BLOCK {blockData=[blockId=conID: 3 locID: 102670697436742197 bcsId: 0,size=4194304]} | ret=SUCCESS |  
2019-08-24 07:08:35,219 [grpc-default-executor-1] INFO  client.GrpcClientProtocolClient (GrpcClientProtocolClient.java:onNext(255)) - client-6EDD19400D46->06a4573b-67a1-41e3-a350-f896363bc636: receive RaftClientReply:client-6EDD19400D46->06a4573b-67a1-41e3-a350-f896363bc636@group-757E3781CD2A, cid=2226, SUCCESS, logIndex=0, commits[06a4573b-67a1-41e3-a350-f896363bc636:c3276, 0b725bbf-683b-4664-9a2e-3c9dd6e38bc1:c3275, 9193e3b7-ae04-484d-a740-c65c11559486:c3275]
2019-08-24 07:08:35,225 | INFO  | SCMAudit | user=jenkins1000 | ip=192.168.69.125 | op=ALLOCATE_BLOCK {owner=61bacca8-15b6-4a50-8962-5e9786b18b0d, size=4194304, type=RATIS, factor=THREE} | ret=SUCCESS |  
2019-08-24 07:08:35,228 | INFO  | OMAudit | user=jenkins1000 | ip=127.0.0.1 | op=ALLOCATE_BLOCK {volume=vol-0-26988, bucket=bucket-0-20739, key=key-0-27353, dataSize=0, replicationType=null, replicationFactor=null, keyLocationInfo=null, clientID=102670695851229586} | ret=SUCCESS |  
2019-08-24 07:08:35,237 | INFO  | DNAudit | user=null | ip=null | op=WRITE_CHUNK {blockData=conID: 1 locID: 102670697445786166 bcsId: 0} | ret=SUCCESS |  
2019-08-24 07:08:35,241 | INFO  | DNAudit | user=null | ip=null | op=WRITE_CHUNK {blockData=conID: 1 locID: 102670697445786166 bcsId: 0} | ret=SUCCESS |  
2019-08-24 07:08:35,242 | INFO  | DNAudit | user=null | ip=null | op=WRITE_CHUNK {blockData=conID: 1 locID: 102670697445786166 bcsId: 0} | ret=SUCCESS |  
2019-08-24 07:08:35,242 | INFO  | DNAudit | user=null | ip=null | op=WRITE_CHUNK {blockData=conID: 1 locID: 102670697445786166 bcsId: 0} | ret=SUCCESS |  
2019-08-24 07:08:35,243 | INFO  | DNAudit | user=null | ip=null | op=WRITE_CHUNK {blockData=conID: 1 locID: 102670697445786166 bcsId: 0} | ret=SUCCESS |  
2019-08-24 07:08:35,244 | INFO  | DNAudit | user=null | ip=null | op=WRITE_CHUNK {blockData=conID: 1 locID: 102670697445786166 bcsId: 0} | ret=SUCCESS |  
2019-08-24 07:08:35,251 | INFO  | DNAudit | user=null | ip=null | op=WRITE_CHUNK {blockData=conID: 1 locID: 102670697445786166 bcsId: 0} | ret=SUCCESS |  
2019-08-24 07:08:35,252 | INFO  | DNAudit | user=null | ip=null | op=PUT_BLOCK {blockData=[blockId=conID: 1 locID: 102670697445786166 bcsId: 0,size=1048576]} | ret=SUCCESS |  
2019-08-24 07:08:35,252 [grpc-default-executor-5] INFO  client.GrpcClientProtocolClient (GrpcClientProtocolClient.java:onNext(255)) - client-6EDD19400D46->06a4573b-67a1-41e3-a350-f896363bc636: receive RaftClientReply:client-6EDD19400D46->06a4573b-67a1-41e3-a350-f896363bc636@group-757E3781CD2A, cid=2227, SUCCESS, logIndex=3278, commits[06a4573b-67a1-41e3-a350-f896363bc636:c3279, 0b725bbf-683b-4664-9a2e-3c9dd6e38bc1:c3277, 9193e3b7-ae04-484d-a740-c65c11559486:c3277]
2019-08-24 07:08:35,253 [grpc-default-executor-5] INFO  client.GrpcClientProtocolClient (GrpcClientProtocolClient.java:onNext(255)) - client-6EDD19400D46->06a4573b-67a1-41e3-a350-f896363bc636: receive RaftClientReply:client-6EDD19400D46->06a4573b-67a1-41e3-a350-f896363bc636@group-757E3781CD2A, cid=2228, SUCCESS, logIndex=3279, commits[06a4573b-67a1-41e3-a350-f896363bc636:c3279, 0b725bbf-683b-4664-9a2e-3c9dd6e38bc1:c3277, 9193e3b7-ae04-484d-a740-c65c11559486:c3277]
2019-08-24 07:08:35,261 | INFO  | DNAudit | user=null | ip=null | op=WRITE_CHUNK {blockData=conID: 1 locID: 102670697445786166 bcsId: 0} | ret=SUCCESS |  
2019-08-24 07:08:35,262 | INFO  | DNAudit | user=null | ip=null | op=PUT_BLOCK {blockData=[blockId=conID: 1 locID: 102670697445786166 bcsId: 0,size=2097152]} | ret=SUCCESS |  
2019-08-24 07:08:35,262 [grpc-default-executor-5] INFO  client.GrpcClientProtocolClient (GrpcClientProtocolClient.java:onNext(255)) - client-6EDD19400D46->06a4573b-67a1-41e3-a350-f896363bc636: receive RaftClientReply:client-6EDD19400D46->06a4573b-67a1-41e3-a350-f896363bc636@group-757E3781CD2A, cid=2229, SUCCESS, logIndex=3280, commits[06a4573b-67a1-41e3-a350-f896363bc636:c3281, 0b725bbf-683b-4664-9a2e-3c9dd6e38bc1:c3277, 9193e3b7-ae04-484d-a740-c65c11559486:c3277]
2019-08-24 07:08:35,262 [grpc-default-executor-5] INFO  client.GrpcClientProtocolClient (GrpcClientProtocolClient.java:onNext(255)) - client-6EDD19400D46->06a4573b-67a1-41e3-a350-f896363bc636: receive RaftClientReply:client-6EDD19400D46->06a4573b-67a1-41e3-a350-f896363bc636@group-757E3781CD2A, cid=2230, SUCCESS, logIndex=3281, commits[06a4573b-67a1-41e3-a350-f896363bc636:c3281, 0b725bbf-683b-4664-9a2e-3c9dd6e38bc1:c3277, 9193e3b7-ae04-484d-a740-c65c11559486:c3277]
2019-08-24 07:08:35,263 | INFO  | DNAudit | user=null | ip=null | op=WRITE_CHUNK {blockData=conID: 1 locID: 102670697445786166 bcsId: 0} | ret=SUCCESS |  
2019-08-24 07:08:35,264 | INFO  | DNAudit | user=null | ip=null | op=WRITE_CHUNK {blockData=conID: 1 locID: 102670697445786166 bcsId: 0} | ret=SUCCESS |  
2019-08-24 07:08:35,264 | INFO  | DNAudit | user=null | ip=null | op=PUT_BLOCK {blockData=[blockId=conID: 1 locID: 102670697445786166 bcsId: 0,size=1048576]} | ret=SUCCESS |  
2019-08-24 07:08:35,275 | INFO  | DNAudit | user=null | ip=null | op=PUT_BLOCK {blockData=[blockId=conID: 1 locID: 102670697445786166 bcsId: 0,size=1048576]} | ret=SUCCESS |  
2019-08-24 07:08:35,276 [grpc-default-executor-5] INFO  client.GrpcClientProtocolClient (GrpcClientProtocolClient.java:onNext(255)) - client-6EDD19400D46->06a4573b-67a1-41e3-a350-f896363bc636: receive RaftClientReply:client-6EDD19400D46->06a4573b-67a1-41e3-a350-f896363bc636@group-757E3781CD2A, cid=2231, SUCCESS, logIndex=0, commits[06a4573b-67a1-41e3-a350-f896363bc636:c3284, 0b725bbf-683b-4664-9a2e-3c9dd6e38bc1:c3279, 9193e3b7-ae04-484d-a740-c65c11559486:c3279]
2019-08-24 07:08:35,284 | INFO  | DNAudit | user=null | ip=null | op=WRITE_CHUNK {blockData=conID: 1 locID: 102670697445786166 bcsId: 3281} | ret=SUCCESS |  
2019-08-24 07:08:35,287 | INFO  | DNAudit | user=null | ip=null | op=WRITE_CHUNK {blockData=conID: 1 locID: 102670697445786166 bcsId: 3281} | ret=SUCCESS |  
2019-08-24 07:08:35,288 | INFO  | DNAudit | user=null | ip=null | op=WRITE_CHUNK {blockData=conID: 1 locID: 102670697445786166 bcsId: 3281} | ret=SUCCESS |  
2019-08-24 07:08:35,295 | INFO  | DNAudit | user=null | ip=null | op=WRITE_CHUNK {blockData=conID: 1 locID: 102670697445786166 bcsId: 0} | ret=SUCCESS |  
2019-08-24 07:08:35,295 | INFO  | DNAudit | user=null | ip=null | op=WRITE_CHUNK {blockData=conID: 1 locID: 102670697445786166 bcsId: 0} | ret=SUCCESS |  
2019-08-24 07:08:35,295 | INFO  | DNAudit | user=null | ip=null | op=PUT_BLOCK {blockData=[blockId=conID: 1 locID: 102670697445786166 bcsId: 0,size=2097152]} | ret=SUCCESS |  
2019-08-24 07:08:35,295 | INFO  | DNAudit | user=null | ip=null | op=WRITE_CHUNK {blockData=conID: 1 locID: 102670697445786166 bcsId: 3281} | ret=SUCCESS |  
2019-08-24 07:08:35,296 | INFO  | DNAudit | user=null | ip=null | op=PUT_BLOCK {blockData=[blockId=conID: 1 locID: 102670697445786166 bcsId: 0,size=2097152]} | ret=SUCCESS |  
2019-08-24 07:08:35,296 | INFO  | DNAudit | user=null | ip=null | op=PUT_BLOCK {blockData=[blockId=conID: 1 locID: 102670697445786166 bcsId: 0,size=3145728]} | ret=SUCCESS |  
2019-08-24 07:08:35,296 [grpc-default-executor-5] INFO  client.GrpcClientProtocolClient (GrpcClientProtocolClient.java:onNext(255)) - client-6EDD19400D46->06a4573b-67a1-41e3-a350-f896363bc636: receive RaftClientReply:client-6EDD19400D46->06a4573b-67a1-41e3-a350-f896363bc636@group-757E3781CD2A, cid=2232, SUCCESS, logIndex=3286, commits[06a4573b-67a1-41e3-a350-f896363bc636:c3287, 0b725bbf-683b-4664-9a2e-3c9dd6e38bc1:c3285, 9193e3b7-ae04-484d-a740-c65c11559486:c3285]
2019-08-24 07:08:35,297 [grpc-default-executor-5] INFO  client.GrpcClientProtocolClient (GrpcClientProtocolClient.java:onNext(255)) - client-6EDD19400D46->06a4573b-67a1-41e3-a350-f896363bc636: receive RaftClientReply:client-6EDD19400D46->06a4573b-67a1-41e3-a350-f896363bc636@group-757E3781CD2A, cid=2233, SUCCESS, logIndex=3287, commits[06a4573b-67a1-41e3-a350-f896363bc636:c3287, 0b725bbf-683b-4664-9a2e-3c9dd6e38bc1:c3285, 9193e3b7-ae04-484d-a740-c65c11559486:c3285]
2019-08-24 07:08:35,304 | INFO  | DNAudit | user=null | ip=null | op=WRITE_CHUNK {blockData=conID: 1 locID: 102670697445786166 bcsId: 3287} | ret=SUCCESS |  
2019-08-24 07:08:35,305 | INFO  | DNAudit | user=null | ip=null | op=WRITE_CHUNK {blockData=conID: 1 locID: 102670697445786166 bcsId: 3281} | ret=SUCCESS |  
2019-08-24 07:08:35,305 | INFO  | DNAudit | user=null | ip=null | op=WRITE_CHUNK {blockData=conID: 1 locID: 102670697445786166 bcsId: 3281} | ret=SUCCESS |  
2019-08-24 07:08:35,307 | INFO  | DNAudit | user=null | ip=null | op=WRITE_CHUNK {blockData=conID: 1 locID: 102670697445786166 bcsId: 3287} | ret=SUCCESS |  
2019-08-24 07:08:35,308 | INFO  | DNAudit | user=null | ip=null | op=WRITE_CHUNK {blockData=conID: 1 locID: 102670697445786166 bcsId: 3287} | ret=SUCCESS |  
2019-08-24 07:08:35,317 | INFO  | DNAudit | user=null | ip=null | op=PUT_BLOCK {blockData=[blockId=conID: 1 locID: 102670697445786166 bcsId: 0,size=3145728]} | ret=SUCCESS |  
2019-08-24 07:08:35,318 | INFO  | DNAudit | user=null | ip=null | op=PUT_BLOCK {blockData=[blockId=conID: 1 locID: 102670697445786166 bcsId: 0,size=3145728]} | ret=SUCCESS |  
2019-08-24 07:08:35,318 | INFO  | DNAudit | user=null | ip=null | op=WRITE_CHUNK {blockData=conID: 1 locID: 102670697445786166 bcsId: 3287} | ret=SUCCESS |  
2019-08-24 07:08:35,318 | INFO  | DNAudit | user=null | ip=null | op=PUT_BLOCK {blockData=[blockId=conID: 1 locID: 102670697445786166 bcsId: 0,size=4194304]} | ret=SUCCESS |  
2019-08-24 07:08:35,319 [grpc-default-executor-5] INFO  client.GrpcClientProtocolClient (GrpcClientProtocolClient.java:onNext(255)) - client-6EDD19400D46->06a4573b-67a1-41e3-a350-f896363bc636: receive RaftClientReply:client-6EDD19400D46->06a4573b-67a1-41e3-a350-f896363bc636@group-757E3781CD2A, cid=2234, SUCCESS, logIndex=3290, commits[06a4573b-67a1-41e3-a350-f896363bc636:c3291, 0b725bbf-683b-4664-9a2e-3c9dd6e38bc1:c3287, 9193e3b7-ae04-484d-a740-c65c11559486:c3287]
2019-08-24 07:08:35,319 [grpc-default-executor-5] INFO  client.GrpcClientProtocolClient (GrpcClientProtocolClient.java:onNext(255)) - client-6EDD19400D46->06a4573b-67a1-41e3-a350-f896363bc636: receive RaftClientReply:client-6EDD19400D46->06a4573b-67a1-41e3-a350-f896363bc636@group-757E3781CD2A, cid=2235, SUCCESS, logIndex=3291, commits[06a4573b-67a1-41e3-a350-f896363bc636:c3291, 0b725bbf-683b-4664-9a2e-3c9dd6e38bc1:c3287, 9193e3b7-ae04-484d-a740-c65c11559486:c3287]
2019-08-24 07:08:35,320 | INFO  | DNAudit | user=null | ip=null | op=WRITE_CHUNK {blockData=conID: 1 locID: 102670697445786166 bcsId: 3287} | ret=SUCCESS |  
2019-08-24 07:08:35,320 | INFO  | DNAudit | user=null | ip=null | op=WRITE_CHUNK {blockData=conID: 1 locID: 102670697445786166 bcsId: 3287} | ret=SUCCESS |  
2019-08-24 07:08:35,322 | INFO  | DNAudit | user=null | ip=null | op=PUT_BLOCK {blockData=[blockId=conID: 1 locID: 102670697445786166 bcsId: 0,size=4194304]} | ret=SUCCESS |  
2019-08-24 07:08:35,322 | INFO  | DNAudit | user=null | ip=null | op=PUT_BLOCK {blockData=[blockId=conID: 1 locID: 102670697445786166 bcsId: 0,size=4194304]} | ret=SUCCESS |  
2019-08-24 07:08:35,322 [grpc-default-executor-5] INFO  client.GrpcClientProtocolClient (GrpcClientProtocolClient.java:onNext(255)) - client-6EDD19400D46->06a4573b-67a1-41e3-a350-f896363bc636: receive RaftClientReply:client-6EDD19400D46->06a4573b-67a1-41e3-a350-f896363bc636@group-757E3781CD2A, cid=2236, SUCCESS, logIndex=0, commits[06a4573b-67a1-41e3-a350-f896363bc636:c3293, 0b725bbf-683b-4664-9a2e-3c9dd6e38bc1:c3291, 9193e3b7-ae04-484d-a740-c65c11559486:c3291]
2019-08-24 07:08:35,329 | INFO  | SCMAudit | user=jenkins1000 | ip=192.168.69.125 | op=ALLOCATE_BLOCK {owner=61bacca8-15b6-4a50-8962-5e9786b18b0d, size=4194304, type=RATIS, factor=THREE} | ret=SUCCESS |  
2019-08-24 07:08:35,333 | INFO  | OMAudit | user=jenkins1000 | ip=127.0.0.1 | op=ALLOCATE_BLOCK {volume=vol-0-26988, bucket=bucket-0-20739, key=key-0-27353, dataSize=0, replicationType=null, replicationFactor=null, keyLocationInfo=null, clientID=102670695851229586} | ret=SUCCESS |  
2019-08-24 07:08:35,341 | INFO  | DNAudit | user=null | ip=null | op=WRITE_CHUNK {blockData=conID: 2 locID: 102670697452536375 bcsId: 0} | ret=SUCCESS |  
2019-08-24 07:08:35,345 | INFO  | DNAudit | user=null | ip=null | op=WRITE_CHUNK {blockData=conID: 2 locID: 102670697452536375 bcsId: 0} | ret=SUCCESS |  
2019-08-24 07:08:35,346 | INFO  | DNAudit | user=null | ip=null | op=WRITE_CHUNK {blockData=conID: 2 locID: 102670697452536375 bcsId: 0} | ret=SUCCESS |  
2019-08-24 07:08:35,346 | INFO  | DNAudit | user=null | ip=null | op=WRITE_CHUNK {blockData=conID: 2 locID: 102670697452536375 bcsId: 0} | ret=SUCCESS |  
2019-08-24 07:08:35,347 | INFO  | DNAudit | user=null | ip=null | op=WRITE_CHUNK {blockData=conID: 2 locID: 102670697452536375 bcsId: 0} | ret=SUCCESS |  
2019-08-24 07:08:35,348 | INFO  | DNAudit | user=null | ip=null | op=WRITE_CHUNK {blockData=conID: 2 locID: 102670697452536375 bcsId: 0} | ret=SUCCESS |  
2019-08-24 07:08:35,354 | INFO  | DNAudit | user=null | ip=null | op=WRITE_CHUNK {blockData=conID: 2 locID: 102670697452536375 bcsId: 0} | ret=SUCCESS |  
2019-08-24 07:08:35,355 | INFO  | DNAudit | user=null | ip=null | op=PUT_BLOCK {blockData=[blockId=conID: 2 locID: 102670697452536375 bcsId: 0,size=1048576]} | ret=SUCCESS |  
2019-08-24 07:08:35,355 [grpc-default-executor-5] INFO  client.GrpcClientProtocolClient (GrpcClientProtocolClient.java:onNext(255)) - client-6EDD19400D46->06a4573b-67a1-41e3-a350-f896363bc636: receive RaftClientReply:client-6EDD19400D46->06a4573b-67a1-41e3-a350-f896363bc636@group-757E3781CD2A, cid=2237, SUCCESS, logIndex=3294, commits[06a4573b-67a1-41e3-a350-f896363bc636:c3295, 0b725bbf-683b-4664-9a2e-3c9dd6e38bc1:c3293, 9193e3b7-ae04-484d-a740-c65c11559486:c3293]
2019-08-24 07:08:35,356 [grpc-default-executor-1] INFO  client.GrpcClientProtocolClient (GrpcClientProtocolClient.java:onNext(255)) - client-6EDD19400D46->06a4573b-67a1-41e3-a350-f896363bc636: receive RaftClientReply:client-6EDD19400D46->06a4573b-67a1-41e3-a350-f896363bc636@group-757E3781CD2A, cid=2238, SUCCESS, logIndex=3295, commits[06a4573b-67a1-41e3-a350-f896363bc636:c3295, 0b725bbf-683b-4664-9a2e-3c9dd6e38bc1:c3293, 9193e3b7-ae04-484d-a740-c65c11559486:c3293]
2019-08-24 07:08:35,363 | INFO  | DNAudit | user=null | ip=null | op=WRITE_CHUNK {blockData=conID: 2 locID: 102670697452536375 bcsId: 0} | ret=SUCCESS |  
2019-08-24 07:08:35,364 | INFO  | DNAudit | user=null | ip=null | op=PUT_BLOCK {blockData=[blockId=conID: 2 locID: 102670697452536375 bcsId: 0,size=2097152]} | ret=SUCCESS |  
2019-08-24 07:08:35,364 [grpc-default-executor-1] INFO  client.GrpcClientProtocolClient (GrpcClientProtocolClient.java:onNext(255)) - client-6EDD19400D46->06a4573b-67a1-41e3-a350-f896363bc636: receive RaftClientReply:client-6EDD19400D46->06a4573b-67a1-41e3-a350-f896363bc636@group-757E3781CD2A, cid=2239, SUCCESS, logIndex=3296, commits[06a4573b-67a1-41e3-a350-f896363bc636:c3297, 0b725bbf-683b-4664-9a2e-3c9dd6e38bc1:c3293, 9193e3b7-ae04-484d-a740-c65c11559486:c3293]
2019-08-24 07:08:35,364 [grpc-default-executor-1] INFO  client.GrpcClientProtocolClient (GrpcClientProtocolClient.java:onNext(255)) - client-6EDD19400D46->06a4573b-67a1-41e3-a350-f896363bc636: receive RaftClientReply:client-6EDD19400D46->06a4573b-67a1-41e3-a350-f896363bc636@group-757E3781CD2A, cid=2240, SUCCESS, logIndex=3297, commits[06a4573b-67a1-41e3-a350-f896363bc636:c3297, 0b725bbf-683b-4664-9a2e-3c9dd6e38bc1:c3293, 9193e3b7-ae04-484d-a740-c65c11559486:c3293]
2019-08-24 07:08:35,365 | INFO  | DNAudit | user=null | ip=null | op=WRITE_CHUNK {blockData=conID: 2 locID: 102670697452536375 bcsId: 0} | ret=SUCCESS |  
2019-08-24 07:08:35,365 | INFO  | DNAudit | user=null | ip=null | op=WRITE_CHUNK {blockData=conID: 2 locID: 102670697452536375 bcsId: 0} | ret=SUCCESS |  
2019-08-24 07:08:35,366 | INFO  | DNAudit | user=null | ip=null | op=PUT_BLOCK {blockData=[blockId=conID: 2 locID: 102670697452536375 bcsId: 0,size=1048576]} | ret=SUCCESS |  
2019-08-24 07:08:35,377 | INFO  | DNAudit | user=null | ip=null | op=PUT_BLOCK {blockData=[blockId=conID: 2 locID: 102670697452536375 bcsId: 0,size=1048576]} | ret=SUCCESS |  
2019-08-24 07:08:35,377 [grpc-default-executor-1] INFO  client.GrpcClientProtocolClient (GrpcClientProtocolClient.java:onNext(255)) - client-6EDD19400D46->06a4573b-67a1-41e3-a350-f896363bc636: receive RaftClientReply:client-6EDD19400D46->06a4573b-67a1-41e3-a350-f896363bc636@group-757E3781CD2A, cid=2241, SUCCESS, logIndex=0, commits[06a4573b-67a1-41e3-a350-f896363bc636:c3299, 0b725bbf-683b-4664-9a2e-3c9dd6e38bc1:c3295, 9193e3b7-ae04-484d-a740-c65c11559486:c3295]
2019-08-24 07:08:35,385 | INFO  | DNAudit | user=null | ip=null | op=WRITE_CHUNK {blockData=conID: 2 locID: 102670697452536375 bcsId: 3297} | ret=SUCCESS |  
2019-08-24 07:08:35,387 | INFO  | DNAudit | user=null | ip=null | op=WRITE_CHUNK {blockData=conID: 2 locID: 102670697452536375 bcsId: 3297} | ret=SUCCESS |  
2019-08-24 07:08:35,387 | INFO  | DNAudit | user=null | ip=null | op=WRITE_CHUNK {blockData=conID: 2 locID: 102670697452536375 bcsId: 3297} | ret=SUCCESS |  
2019-08-24 07:08:35,392 | INFO  | DNAudit | user=null | ip=null | op=WRITE_CHUNK {blockData=conID: 2 locID: 102670697452536375 bcsId: 0} | ret=SUCCESS |  
2019-08-24 07:08:35,392 | INFO  | DNAudit | user=null | ip=null | op=WRITE_CHUNK {blockData=conID: 2 locID: 102670697452536375 bcsId: 0} | ret=SUCCESS |  
2019-08-24 07:08:35,392 | INFO  | DNAudit | user=null | ip=null | op=PUT_BLOCK {blockData=[blockId=conID: 2 locID: 102670697452536375 bcsId: 0,size=2097152]} | ret=SUCCESS |  
2019-08-24 07:08:35,392 | INFO  | DNAudit | user=null | ip=null | op=WRITE_CHUNK {blockData=conID: 2 locID: 102670697452536375 bcsId: 3297} | ret=SUCCESS |  
2019-08-24 07:08:35,392 | INFO  | DNAudit | user=null | ip=null | op=PUT_BLOCK {blockData=[blockId=conID: 2 locID: 102670697452536375 bcsId: 0,size=2097152]} | ret=SUCCESS |  
2019-08-24 07:08:35,393 | INFO  | DNAudit | user=null | ip=null | op=PUT_BLOCK {blockData=[blockId=conID: 2 locID: 102670697452536375 bcsId: 0,size=3145728]} | ret=SUCCESS |  
2019-08-24 07:08:35,393 [grpc-default-executor-1] INFO  client.GrpcClientProtocolClient (GrpcClientProtocolClient.java:onNext(255)) - client-6EDD19400D46->06a4573b-67a1-41e3-a350-f896363bc636: receive RaftClientReply:client-6EDD19400D46->06a4573b-67a1-41e3-a350-f896363bc636@group-757E3781CD2A, cid=2242, SUCCESS, logIndex=3302, commits[06a4573b-67a1-41e3-a350-f896363bc636:c3303, 0b725bbf-683b-4664-9a2e-3c9dd6e38bc1:c3301, 9193e3b7-ae04-484d-a740-c65c11559486:c3301]
2019-08-24 07:08:35,393 [grpc-default-executor-1] INFO  client.GrpcClientProtocolClient (GrpcClientProtocolClient.java:onNext(255)) - client-6EDD19400D46->06a4573b-67a1-41e3-a350-f896363bc636: receive RaftClientReply:client-6EDD19400D46->06a4573b-67a1-41e3-a350-f896363bc636@group-757E3781CD2A, cid=2243, SUCCESS, logIndex=3303, commits[06a4573b-67a1-41e3-a350-f896363bc636:c3303, 0b725bbf-683b-4664-9a2e-3c9dd6e38bc1:c3301, 9193e3b7-ae04-484d-a740-c65c11559486:c3301]
2019-08-24 07:08:35,399 | INFO  | DNAudit | user=null | ip=null | op=WRITE_CHUNK {blockData=conID: 2 locID: 102670697452536375 bcsId: 3303} | ret=SUCCESS |  
2019-08-24 07:08:35,402 | INFO  | DNAudit | user=null | ip=null | op=WRITE_CHUNK {blockData=conID: 2 locID: 102670697452536375 bcsId: 3303} | ret=SUCCESS |  
2019-08-24 07:08:35,402 | INFO  | DNAudit | user=null | ip=null | op=WRITE_CHUNK {blockData=conID: 2 locID: 102670697452536375 bcsId: 3303} | ret=SUCCESS |  
2019-08-24 07:08:35,406 | INFO  | DNAudit | user=null | ip=null | op=WRITE_CHUNK {blockData=conID: 2 locID: 102670697452536375 bcsId: 3297} | ret=SUCCESS |  
2019-08-24 07:08:35,406 | INFO  | DNAudit | user=null | ip=null | op=WRITE_CHUNK {blockData=conID: 2 locID: 102670697452536375 bcsId: 3297} | ret=SUCCESS |  
2019-08-24 07:08:35,421 | INFO  | DNAudit | user=null | ip=null | op=PUT_BLOCK {blockData=[blockId=conID: 2 locID: 102670697452536375 bcsId: 0,size=3145728]} | ret=SUCCESS |  
2019-08-24 07:08:35,421 | INFO  | DNAudit | user=null | ip=null | op=PUT_BLOCK {blockData=[blockId=conID: 2 locID: 102670697452536375 bcsId: 0,size=3145728]} | ret=SUCCESS |  
2019-08-24 07:08:35,422 | INFO  | DNAudit | user=null | ip=null | op=WRITE_CHUNK {blockData=conID: 2 locID: 102670697452536375 bcsId: 3303} | ret=SUCCESS |  
2019-08-24 07:08:35,423 | INFO  | DNAudit | user=null | ip=null | op=PUT_BLOCK {blockData=[blockId=conID: 2 locID: 102670697452536375 bcsId: 0,size=4194304]} | ret=SUCCESS |  
2019-08-24 07:08:35,423 [grpc-default-executor-1] INFO  client.GrpcClientProtocolClient (GrpcClientProtocolClient.java:onNext(255)) - client-6EDD19400D46->06a4573b-67a1-41e3-a350-f896363bc636: receive RaftClientReply:client-6EDD19400D46->06a4573b-67a1-41e3-a350-f896363bc636@group-757E3781CD2A, cid=2244, SUCCESS, logIndex=3306, commits[06a4573b-67a1-41e3-a350-f896363bc636:c3306, 0b725bbf-683b-4664-9a2e-3c9dd6e38bc1:c3302, 9193e3b7-ae04-484d-a740-c65c11559486:c3303]
2019-08-24 07:08:35,424 [grpc-default-executor-1] INFO  client.GrpcClientProtocolClient (GrpcClientProtocolClient.java:onNext(255)) - client-6EDD19400D46->06a4573b-67a1-41e3-a350-f896363bc636: receive RaftClientReply:client-6EDD19400D46->06a4573b-67a1-41e3-a350-f896363bc636@group-757E3781CD2A, cid=2245, SUCCESS, logIndex=3307, commits[06a4573b-67a1-41e3-a350-f896363bc636:c3307, 0b725bbf-683b-4664-9a2e-3c9dd6e38bc1:c3303, 9193e3b7-ae04-484d-a740-c65c11559486:c3303]
2019-08-24 07:08:35,435 | INFO  | DNAudit | user=null | ip=null | op=WRITE_CHUNK {blockData=conID: 2 locID: 102670697452536375 bcsId: 3303} | ret=SUCCESS |  
2019-08-24 07:08:35,435 | INFO  | DNAudit | user=null | ip=null | op=WRITE_CHUNK {blockData=conID: 2 locID: 102670697452536375 bcsId: 3303} | ret=SUCCESS |  
2019-08-24 07:08:35,435 | INFO  | DNAudit | user=null | ip=null | op=PUT_BLOCK {blockData=[blockId=conID: 2 locID: 102670697452536375 bcsId: 0,size=4194304]} | ret=SUCCESS |  
2019-08-24 07:08:35,448 | INFO  | DNAudit | user=null | ip=null | op=PUT_BLOCK {blockData=[blockId=conID: 2 locID: 102670697452536375 bcsId: 0,size=4194304]} | ret=SUCCESS |  
2019-08-24 07:08:35,448 [grpc-default-executor-2] INFO  client.GrpcClientProtocolClient (GrpcClientProtocolClient.java:onNext(255)) - client-6EDD19400D46->06a4573b-67a1-41e3-a350-f896363bc636: receive RaftClientReply:client-6EDD19400D46->06a4573b-67a1-41e3-a350-f896363bc636@group-757E3781CD2A, cid=2246, SUCCESS, logIndex=0, commits[06a4573b-67a1-41e3-a350-f896363bc636:c3308, 0b725bbf-683b-4664-9a2e-3c9dd6e38bc1:c3307, 9193e3b7-ae04-484d-a740-c65c11559486:c3307]
2019-08-24 07:08:35,455 | INFO  | SCMAudit | user=jenkins1000 | ip=192.168.69.125 | op=ALLOCATE_BLOCK {owner=61bacca8-15b6-4a50-8962-5e9786b18b0d, size=4194304, type=RATIS, factor=THREE} | ret=SUCCESS |  
2019-08-24 07:08:35,459 | INFO  | OMAudit | user=jenkins1000 | ip=127.0.0.1 | op=ALLOCATE_BLOCK {volume=vol-0-26988, bucket=bucket-0-20739, key=key-0-27353, dataSize=0, replicationType=null, replicationFactor=null, keyLocationInfo=null, clientID=102670695851229586} | ret=SUCCESS |  
2019-08-24 07:08:35,467 | INFO  | DNAudit | user=null | ip=null | op=WRITE_CHUNK {blockData=conID: 3 locID: 102670697460859448 bcsId: 0} | ret=SUCCESS |  
2019-08-24 07:08:35,469 | INFO  | DNAudit | user=null | ip=null | op=WRITE_CHUNK {blockData=conID: 3 locID: 102670697460859448 bcsId: 0} | ret=SUCCESS |  
2019-08-24 07:08:35,470 | INFO  | DNAudit | user=null | ip=null | op=WRITE_CHUNK {blockData=conID: 3 locID: 102670697460859448 bcsId: 0} | ret=SUCCESS |  
2019-08-24 07:08:35,470 | INFO  | DNAudit | user=null | ip=null | op=WRITE_CHUNK {blockData=conID: 3 locID: 102670697460859448 bcsId: 0} | ret=SUCCESS |  
2019-08-24 07:08:35,472 | INFO  | DNAudit | user=null | ip=null | op=WRITE_CHUNK {blockData=conID: 3 locID: 102670697460859448 bcsId: 0} | ret=SUCCESS |  
2019-08-24 07:08:35,473 | INFO  | DNAudit | user=null | ip=null | op=WRITE_CHUNK {blockData=conID: 3 locID: 102670697460859448 bcsId: 0} | ret=SUCCESS |  
2019-08-24 07:08:35,480 | INFO  | DNAudit | user=null | ip=null | op=WRITE_CHUNK {blockData=conID: 3 locID: 102670697460859448 bcsId: 0} | ret=SUCCESS |  
2019-08-24 07:08:35,480 | INFO  | DNAudit | user=null | ip=null | op=PUT_BLOCK {blockData=[blockId=conID: 3 locID: 102670697460859448 bcsId: 0,size=1048576]} | ret=SUCCESS |  
2019-08-24 07:08:35,480 [grpc-default-executor-5] INFO  client.GrpcClientProtocolClient (GrpcClientProtocolClient.java:onNext(255)) - client-6EDD19400D46->06a4573b-67a1-41e3-a350-f896363bc636: receive RaftClientReply:client-6EDD19400D46->06a4573b-67a1-41e3-a350-f896363bc636@group-757E3781CD2A, cid=2247, SUCCESS, logIndex=3310, commits[06a4573b-67a1-41e3-a350-f896363bc636:c3311, 0b725bbf-683b-4664-9a2e-3c9dd6e38bc1:c3309, 9193e3b7-ae04-484d-a740-c65c11559486:c3309]
2019-08-24 07:08:35,481 [grpc-default-executor-5] INFO  client.GrpcClientProtocolClient (GrpcClientProtocolClient.java:onNext(255)) - client-6EDD19400D46->06a4573b-67a1-41e3-a350-f896363bc636: receive RaftClientReply:client-6EDD19400D46->06a4573b-67a1-41e3-a350-f896363bc636@group-757E3781CD2A, cid=2248, SUCCESS, logIndex=3311, commits[06a4573b-67a1-41e3-a350-f896363bc636:c3311, 0b725bbf-683b-4664-9a2e-3c9dd6e38bc1:c3309, 9193e3b7-ae04-484d-a740-c65c11559486:c3309]
2019-08-24 07:08:35,489 | INFO  | DNAudit | user=null | ip=null | op=WRITE_CHUNK {blockData=conID: 3 locID: 102670697460859448 bcsId: 0} | ret=SUCCESS |  
2019-08-24 07:08:35,490 | INFO  | DNAudit | user=null | ip=null | op=PUT_BLOCK {blockData=[blockId=conID: 3 locID: 102670697460859448 bcsId: 0,size=2097152]} | ret=SUCCESS |  
2019-08-24 07:08:35,490 [grpc-default-executor-5] INFO  client.GrpcClientProtocolClient (GrpcClientProtocolClient.java:onNext(255)) - client-6EDD19400D46->06a4573b-67a1-41e3-a350-f896363bc636: receive RaftClientReply:client-6EDD19400D46->06a4573b-67a1-41e3-a350-f896363bc636@group-757E3781CD2A, cid=2249, SUCCESS, logIndex=3312, commits[06a4573b-67a1-41e3-a350-f896363bc636:c3313, 0b725bbf-683b-4664-9a2e-3c9dd6e38bc1:c3309, 9193e3b7-ae04-484d-a740-c65c11559486:c3309]
2019-08-24 07:08:35,490 [grpc-default-executor-5] INFO  client.GrpcClientProtocolClient (GrpcClientProtocolClient.java:onNext(255)) - client-6EDD19400D46->06a4573b-67a1-41e3-a350-f896363bc636: receive RaftClientReply:client-6EDD19400D46->06a4573b-67a1-41e3-a350-f896363bc636@group-757E3781CD2A, cid=2250, SUCCESS, logIndex=3313, commits[06a4573b-67a1-41e3-a350-f896363bc636:c3313, 0b725bbf-683b-4664-9a2e-3c9dd6e38bc1:c3309, 9193e3b7-ae04-484d-a740-c65c11559486:c3309]
2019-08-24 07:08:35,492 | INFO  | DNAudit | user=null | ip=null | op=WRITE_CHUNK {blockData=conID: 3 locID: 102670697460859448 bcsId: 0} | ret=SUCCESS |  
2019-08-24 07:08:35,492 | INFO  | DNAudit | user=null | ip=null | op=PUT_BLOCK {blockData=[blockId=conID: 3 locID: 102670697460859448 bcsId: 0,size=1048576]} | ret=SUCCESS |  
2019-08-24 07:08:35,501 | INFO  | DNAudit | user=null | ip=null | op=WRITE_CHUNK {blockData=conID: 3 locID: 102670697460859448 bcsId: 0} | ret=SUCCESS |  
2019-08-24 07:08:35,501 | INFO  | DNAudit | user=null | ip=null | op=PUT_BLOCK {blockData=[blockId=conID: 3 locID: 102670697460859448 bcsId: 0,size=1048576]} | ret=SUCCESS |  
2019-08-24 07:08:35,501 [grpc-default-executor-5] INFO  client.GrpcClientProtocolClient (GrpcClientProtocolClient.java:onNext(255)) - client-6EDD19400D46->06a4573b-67a1-41e3-a350-f896363bc636: receive RaftClientReply:client-6EDD19400D46->06a4573b-67a1-41e3-a350-f896363bc636@group-757E3781CD2A, cid=2251, SUCCESS, logIndex=0, commits[06a4573b-67a1-41e3-a350-f896363bc636:c3315, 0b725bbf-683b-4664-9a2e-3c9dd6e38bc1:c3311, 9193e3b7-ae04-484d-a740-c65c11559486:c3311]
2019-08-24 07:08:35,503 | INFO  | DNAudit | user=null | ip=null | op=WRITE_CHUNK {blockData=conID: 3 locID: 102670697460859448 bcsId: 0} | ret=SUCCESS |  
2019-08-24 07:08:35,504 | INFO  | DNAudit | user=null | ip=null | op=PUT_BLOCK {blockData=[blockId=conID: 3 locID: 102670697460859448 bcsId: 0,size=2097152]} | ret=SUCCESS |  
2019-08-24 07:08:35,508 | INFO  | DNAudit | user=null | ip=null | op=WRITE_CHUNK {blockData=conID: 3 locID: 102670697460859448 bcsId: 3313} | ret=SUCCESS |  
2019-08-24 07:08:35,511 | INFO  | DNAudit | user=null | ip=null | op=WRITE_CHUNK {blockData=conID: 3 locID: 102670697460859448 bcsId: 3313} | ret=SUCCESS |  
2019-08-24 07:08:35,511 | INFO  | DNAudit | user=null | ip=null | op=WRITE_CHUNK {blockData=conID: 3 locID: 102670697460859448 bcsId: 3313} | ret=SUCCESS |  
2019-08-24 07:08:35,513 | INFO  | DNAudit | user=null | ip=null | op=WRITE_CHUNK {blockData=conID: 3 locID: 102670697460859448 bcsId: 0} | ret=SUCCESS |  
2019-08-24 07:08:35,513 | INFO  | DNAudit | user=null | ip=null | op=PUT_BLOCK {blockData=[blockId=conID: 3 locID: 102670697460859448 bcsId: 0,size=2097152]} | ret=SUCCESS |  
2019-08-24 07:08:35,516 | INFO  | DNAudit | user=null | ip=null | op=WRITE_CHUNK {blockData=conID: 3 locID: 102670697460859448 bcsId: 3313} | ret=SUCCESS |  
2019-08-24 07:08:35,517 | INFO  | DNAudit | user=null | ip=null | op=PUT_BLOCK {blockData=[blockId=conID: 3 locID: 102670697460859448 bcsId: 0,size=3145728]} | ret=SUCCESS |  
2019-08-24 07:08:35,517 [grpc-default-executor-5] INFO  client.GrpcClientProtocolClient (GrpcClientProtocolClient.java:onNext(255)) - client-6EDD19400D46->06a4573b-67a1-41e3-a350-f896363bc636: receive RaftClientReply:client-6EDD19400D46->06a4573b-67a1-41e3-a350-f896363bc636@group-757E3781CD2A, cid=2252, SUCCESS, logIndex=3318, commits[06a4573b-67a1-41e3-a350-f896363bc636:c3319, 0b725bbf-683b-4664-9a2e-3c9dd6e38bc1:c3316, 9193e3b7-ae04-484d-a740-c65c11559486:c3316]
2019-08-24 07:08:35,517 [grpc-default-executor-5] INFO  client.GrpcClientProtocolClient (GrpcClientProtocolClient.java:onNext(255)) - client-6EDD19400D46->06a4573b-67a1-41e3-a350-f896363bc636: receive RaftClientReply:client-6EDD19400D46->06a4573b-67a1-41e3-a350-f896363bc636@group-757E3781CD2A, cid=2253, SUCCESS, logIndex=3319, commits[06a4573b-67a1-41e3-a350-f896363bc636:c3319, 0b725bbf-683b-4664-9a2e-3c9dd6e38bc1:c3316, 9193e3b7-ae04-484d-a740-c65c11559486:c3316]
2019-08-24 07:08:35,518 | INFO  | DNAudit | user=null | ip=null | op=WRITE_CHUNK {blockData=conID: 3 locID: 102670697460859448 bcsId: 3313} | ret=SUCCESS |  
2019-08-24 07:08:35,518 | INFO  | DNAudit | user=null | ip=null | op=WRITE_CHUNK {blockData=conID: 3 locID: 102670697460859448 bcsId: 3313} | ret=SUCCESS |  
2019-08-24 07:08:35,519 | INFO  | DNAudit | user=null | ip=null | op=PUT_BLOCK {blockData=[blockId=conID: 3 locID: 102670697460859448 bcsId: 0,size=3145728]} | ret=SUCCESS |  
2019-08-24 07:08:35,519 | INFO  | DNAudit | user=null | ip=null | op=PUT_BLOCK {blockData=[blockId=conID: 3 locID: 102670697460859448 bcsId: 0,size=3145728]} | ret=SUCCESS |  
2019-08-24 07:08:35,524 | INFO  | DNAudit | user=null | ip=null | op=WRITE_CHUNK {blockData=conID: 3 locID: 102670697460859448 bcsId: 3319} | ret=SUCCESS |  
2019-08-24 07:08:35,526 | INFO  | DNAudit | user=null | ip=null | op=WRITE_CHUNK {blockData=conID: 3 locID: 102670697460859448 bcsId: 3319} | ret=SUCCESS |  
2019-08-24 07:08:35,527 | INFO  | DNAudit | user=null | ip=null | op=WRITE_CHUNK {blockData=conID: 3 locID: 102670697460859448 bcsId: 3319} | ret=SUCCESS |  
2019-08-24 07:08:35,536 | INFO  | DNAudit | user=null | ip=null | op=WRITE_CHUNK {blockData=conID: 3 locID: 102670697460859448 bcsId: 3319} | ret=SUCCESS |  
2019-08-24 07:08:35,537 | INFO  | DNAudit | user=null | ip=null | op=PUT_BLOCK {blockData=[blockId=conID: 3 locID: 102670697460859448 bcsId: 0,size=4194304]} | ret=SUCCESS |  
2019-08-24 07:08:35,537 [grpc-default-executor-1] INFO  client.GrpcClientProtocolClient (GrpcClientProtocolClient.java:onNext(255)) - client-6EDD19400D46->06a4573b-67a1-41e3-a350-f896363bc636: receive RaftClientReply:client-6EDD19400D46->06a4573b-67a1-41e3-a350-f896363bc636@group-757E3781CD2A, cid=2254, SUCCESS, logIndex=3321, commits[06a4573b-67a1-41e3-a350-f896363bc636:c3322, 0b725bbf-683b-4664-9a2e-3c9dd6e38bc1:c3320, 9193e3b7-ae04-484d-a740-c65c11559486:c3320]
2019-08-24 07:08:35,537 [grpc-default-executor-1] INFO  client.GrpcClientProtocolClient (GrpcClientProtocolClient.java:onNext(255)) - client-6EDD19400D46->06a4573b-67a1-41e3-a350-f896363bc636: receive RaftClientReply:client-6EDD19400D46->06a4573b-67a1-41e3-a350-f896363bc636@group-757E3781CD2A, cid=2255, SUCCESS, logIndex=3322, commits[06a4573b-67a1-41e3-a350-f896363bc636:c3322, 0b725bbf-683b-4664-9a2e-3c9dd6e38bc1:c3320, 9193e3b7-ae04-484d-a740-c65c11559486:c3320]
2019-08-24 07:08:35,547 | INFO  | DNAudit | user=null | ip=null | op=WRITE_CHUNK {blockData=conID: 3 locID: 102670697460859448 bcsId: 3319} | ret=SUCCESS |  
2019-08-24 07:08:35,547 | INFO  | DNAudit | user=null | ip=null | op=WRITE_CHUNK {blockData=conID: 3 locID: 102670697460859448 bcsId: 3319} | ret=SUCCESS |  
2019-08-24 07:08:35,550 | INFO  | DNAudit | user=null | ip=null | op=PUT_BLOCK {blockData=[blockId=conID: 3 locID: 102670697460859448 bcsId: 0,size=4194304]} | ret=SUCCESS |  
2019-08-24 07:08:35,550 | INFO  | DNAudit | user=null | ip=null | op=PUT_BLOCK {blockData=[blockId=conID: 3 locID: 102670697460859448 bcsId: 0,size=4194304]} | ret=SUCCESS |  
2019-08-24 07:08:35,551 [grpc-default-executor-1] INFO  client.GrpcClientProtocolClient (GrpcClientProtocolClient.java:onNext(255)) - client-6EDD19400D46->06a4573b-67a1-41e3-a350-f896363bc636: receive RaftClientReply:client-6EDD19400D46->06a4573b-67a1-41e3-a350-f896363bc636@group-757E3781CD2A, cid=2256, SUCCESS, logIndex=0, commits[06a4573b-67a1-41e3-a350-f896363bc636:c3324, 0b725bbf-683b-4664-9a2e-3c9dd6e38bc1:c3322, 9193e3b7-ae04-484d-a740-c65c11559486:c3322]
2019-08-24 07:08:35,556 | INFO  | SCMAudit | user=jenkins1000 | ip=192.168.69.125 | op=ALLOCATE_BLOCK {owner=61bacca8-15b6-4a50-8962-5e9786b18b0d, size=4194304, type=RATIS, factor=THREE} | ret=SUCCESS |  
2019-08-24 07:08:35,559 | INFO  | OMAudit | user=jenkins1000 | ip=127.0.0.1 | op=ALLOCATE_BLOCK {volume=vol-0-26988, bucket=bucket-0-20739, key=key-0-27353, dataSize=0, replicationType=null, replicationFactor=null, keyLocationInfo=null, clientID=102670695851229586} | ret=SUCCESS |  
2019-08-24 07:08:35,565 | INFO  | DNAudit | user=null | ip=null | op=WRITE_CHUNK {blockData=conID: 1 locID: 102670697467413049 bcsId: 0} | ret=SUCCESS |  
2019-08-24 07:08:35,568 | INFO  | DNAudit | user=null | ip=null | op=WRITE_CHUNK {blockData=conID: 1 locID: 102670697467413049 bcsId: 0} | ret=SUCCESS |  
2019-08-24 07:08:35,568 | INFO  | DNAudit | user=null | ip=null | op=WRITE_CHUNK {blockData=conID: 1 locID: 102670697467413049 bcsId: 0} | ret=SUCCESS |  
2019-08-24 07:08:35,569 | INFO  | DNAudit | user=null | ip=null | op=WRITE_CHUNK {blockData=conID: 1 locID: 102670697467413049 bcsId: 0} | ret=SUCCESS |  
2019-08-24 07:08:35,570 | INFO  | DNAudit | user=null | ip=null | op=WRITE_CHUNK {blockData=conID: 1 locID: 102670697467413049 bcsId: 0} | ret=SUCCESS |  
2019-08-24 07:08:35,570 | INFO  | DNAudit | user=null | ip=null | op=WRITE_CHUNK {blockData=conID: 1 locID: 102670697467413049 bcsId: 0} | ret=SUCCESS |  
2019-08-24 07:08:35,581 | INFO  | DNAudit | user=null | ip=null | op=WRITE_CHUNK {blockData=conID: 1 locID: 102670697467413049 bcsId: 0} | ret=SUCCESS |  
2019-08-24 07:08:35,581 | INFO  | DNAudit | user=null | ip=null | op=PUT_BLOCK {blockData=[blockId=conID: 1 locID: 102670697467413049 bcsId: 0,size=1048576]} | ret=SUCCESS |  
2019-08-24 07:08:35,582 | INFO  | DNAudit | user=null | ip=null | op=WRITE_CHUNK {blockData=conID: 1 locID: 102670697467413049 bcsId: 0} | ret=SUCCESS |  
2019-08-24 07:08:35,582 [grpc-default-executor-1] INFO  client.GrpcClientProtocolClient (GrpcClientProtocolClient.java:onNext(255)) - client-6EDD19400D46->06a4573b-67a1-41e3-a350-f896363bc636: receive RaftClientReply:client-6EDD19400D46->06a4573b-67a1-41e3-a350-f896363bc636@group-757E3781CD2A, cid=2257, SUCCESS, logIndex=3325, commits[06a4573b-67a1-41e3-a350-f896363bc636:c3326, 0b725bbf-683b-4664-9a2e-3c9dd6e38bc1:c3324, 9193e3b7-ae04-484d-a740-c65c11559486:c3324]
2019-08-24 07:08:35,582 | INFO  | DNAudit | user=null | ip=null | op=PUT_BLOCK {blockData=[blockId=conID: 1 locID: 102670697467413049 bcsId: 0,size=2097152]} | ret=SUCCESS |  
2019-08-24 07:08:35,582 [grpc-default-executor-1] INFO  client.GrpcClientProtocolClient (GrpcClientProtocolClient.java:onNext(255)) - client-6EDD19400D46->06a4573b-67a1-41e3-a350-f896363bc636: receive RaftClientReply:client-6EDD19400D46->06a4573b-67a1-41e3-a350-f896363bc636@group-757E3781CD2A, cid=2258, SUCCESS, logIndex=3326, commits[06a4573b-67a1-41e3-a350-f896363bc636:c3328, 0b725bbf-683b-4664-9a2e-3c9dd6e38bc1:c3324, 9193e3b7-ae04-484d-a740-c65c11559486:c3324]
2019-08-24 07:08:35,582 [grpc-default-executor-1] INFO  client.GrpcClientProtocolClient (GrpcClientProtocolClient.java:onNext(255)) - client-6EDD19400D46->06a4573b-67a1-41e3-a350-f896363bc636: receive RaftClientReply:client-6EDD19400D46->06a4573b-67a1-41e3-a350-f896363bc636@group-757E3781CD2A, cid=2259, SUCCESS, logIndex=3327, commits[06a4573b-67a1-41e3-a350-f896363bc636:c3328, 0b725bbf-683b-4664-9a2e-3c9dd6e38bc1:c3324, 9193e3b7-ae04-484d-a740-c65c11559486:c3324]
2019-08-24 07:08:35,583 [grpc-default-executor-1] INFO  client.GrpcClientProtocolClient (GrpcClientProtocolClient.java:onNext(255)) - client-6EDD19400D46->06a4573b-67a1-41e3-a350-f896363bc636: receive RaftClientReply:client-6EDD19400D46->06a4573b-67a1-41e3-a350-f896363bc636@group-757E3781CD2A, cid=2260, SUCCESS, logIndex=3328, commits[06a4573b-67a1-41e3-a350-f896363bc636:c3328, 0b725bbf-683b-4664-9a2e-3c9dd6e38bc1:c3324, 9193e3b7-ae04-484d-a740-c65c11559486:c3324]
2019-08-24 07:08:35,584 | INFO  | DNAudit | user=null | ip=null | op=WRITE_CHUNK {blockData=conID: 1 locID: 102670697467413049 bcsId: 0} | ret=SUCCESS |  
2019-08-24 07:08:35,584 | INFO  | DNAudit | user=null | ip=null | op=WRITE_CHUNK {blockData=conID: 1 locID: 102670697467413049 bcsId: 0} | ret=SUCCESS |  
2019-08-24 07:08:35,584 | INFO  | DNAudit | user=null | ip=null | op=PUT_BLOCK {blockData=[blockId=conID: 1 locID: 102670697467413049 bcsId: 0,size=1048576]} | ret=SUCCESS |  
2019-08-24 07:08:35,602 | INFO  | DNAudit | user=null | ip=null | op=PUT_BLOCK {blockData=[blockId=conID: 1 locID: 102670697467413049 bcsId: 0,size=1048576]} | ret=SUCCESS |  
2019-08-24 07:08:35,602 | INFO  | DNAudit | user=null | ip=null | op=WRITE_CHUNK {blockData=conID: 1 locID: 102670697467413049 bcsId: 0} | ret=SUCCESS |  
2019-08-24 07:08:35,602 | INFO  | DNAudit | user=null | ip=null | op=WRITE_CHUNK {blockData=conID: 1 locID: 102670697467413049 bcsId: 0} | ret=SUCCESS |  
2019-08-24 07:08:35,602 | INFO  | DNAudit | user=null | ip=null | op=PUT_BLOCK {blockData=[blockId=conID: 1 locID: 102670697467413049 bcsId: 0,size=2097152]} | ret=SUCCESS |  
2019-08-24 07:08:35,603 [grpc-default-executor-0] INFO  client.GrpcClientProtocolClient (GrpcClientProtocolClient.java:onNext(255)) - client-6EDD19400D46->06a4573b-67a1-41e3-a350-f896363bc636: receive RaftClientReply:client-6EDD19400D46->06a4573b-67a1-41e3-a350-f896363bc636@group-757E3781CD2A, cid=2261, SUCCESS, logIndex=0, commits[06a4573b-67a1-41e3-a350-f896363bc636:c3330, 0b725bbf-683b-4664-9a2e-3c9dd6e38bc1:c3326, 9193e3b7-ae04-484d-a740-c65c11559486:c3326]
2019-08-24 07:08:35,603 | INFO  | DNAudit | user=null | ip=null | op=PUT_BLOCK {blockData=[blockId=conID: 1 locID: 102670697467413049 bcsId: 0,size=2097152]} | ret=SUCCESS |  
2019-08-24 07:08:35,609 | INFO  | DNAudit | user=null | ip=null | op=WRITE_CHUNK {blockData=conID: 1 locID: 102670697467413049 bcsId: 3328} | ret=SUCCESS |  
2019-08-24 07:08:35,612 | INFO  | DNAudit | user=null | ip=null | op=WRITE_CHUNK {blockData=conID: 1 locID: 102670697467413049 bcsId: 3328} | ret=SUCCESS |  
2019-08-24 07:08:35,612 | INFO  | DNAudit | user=null | ip=null | op=WRITE_CHUNK {blockData=conID: 1 locID: 102670697467413049 bcsId: 3328} | ret=SUCCESS |  
2019-08-24 07:08:35,622 | INFO  | DNAudit | user=null | ip=null | op=WRITE_CHUNK {blockData=conID: 1 locID: 102670697467413049 bcsId: 3328} | ret=SUCCESS |  
2019-08-24 07:08:35,622 | INFO  | DNAudit | user=null | ip=null | op=PUT_BLOCK {blockData=[blockId=conID: 1 locID: 102670697467413049 bcsId: 0,size=3145728]} | ret=SUCCESS |  
2019-08-24 07:08:35,622 [grpc-default-executor-5] INFO  client.GrpcClientProtocolClient (GrpcClientProtocolClient.java:onNext(255)) - client-6EDD19400D46->06a4573b-67a1-41e3-a350-f896363bc636: receive RaftClientReply:client-6EDD19400D46->06a4573b-67a1-41e3-a350-f896363bc636@group-757E3781CD2A, cid=2262, SUCCESS, logIndex=3333, commits[06a4573b-67a1-41e3-a350-f896363bc636:c3334, 0b725bbf-683b-4664-9a2e-3c9dd6e38bc1:c3332, 9193e3b7-ae04-484d-a740-c65c11559486:c3332]
2019-08-24 07:08:35,623 [grpc-default-executor-5] INFO  client.GrpcClientProtocolClient (GrpcClientProtocolClient.java:onNext(255)) - client-6EDD19400D46->06a4573b-67a1-41e3-a350-f896363bc636: receive RaftClientReply:client-6EDD19400D46->06a4573b-67a1-41e3-a350-f896363bc636@group-757E3781CD2A, cid=2263, SUCCESS, logIndex=3334, commits[06a4573b-67a1-41e3-a350-f896363bc636:c3334, 0b725bbf-683b-4664-9a2e-3c9dd6e38bc1:c3332, 9193e3b7-ae04-484d-a740-c65c11559486:c3332]
2019-08-24 07:08:35,629 | INFO  | DNAudit | user=null | ip=null | op=WRITE_CHUNK {blockData=conID: 1 locID: 102670697467413049 bcsId: 3334} | ret=SUCCESS |  
2019-08-24 07:08:35,632 | INFO  | DNAudit | user=null | ip=null | op=WRITE_CHUNK {blockData=conID: 1 locID: 102670697467413049 bcsId: 3334} | ret=SUCCESS |  
2019-08-24 07:08:35,632 | INFO  | DNAudit | user=null | ip=null | op=WRITE_CHUNK {blockData=conID: 1 locID: 102670697467413049 bcsId: 3334} | ret=SUCCESS |  
2019-08-24 07:08:35,635 | INFO  | DNAudit | user=null | ip=null | op=WRITE_CHUNK {blockData=conID: 1 locID: 102670697467413049 bcsId: 3328} | ret=SUCCESS |  
2019-08-24 07:08:35,635 | INFO  | DNAudit | user=null | ip=null | op=WRITE_CHUNK {blockData=conID: 1 locID: 102670697467413049 bcsId: 3328} | ret=SUCCESS |  
2019-08-24 07:08:35,637 | INFO  | DNAudit | user=null | ip=null | op=PUT_BLOCK {blockData=[blockId=conID: 1 locID: 102670697467413049 bcsId: 0,size=3145728]} | ret=SUCCESS |  
2019-08-24 07:08:35,638 | INFO  | DNAudit | user=null | ip=null | op=PUT_BLOCK {blockData=[blockId=conID: 1 locID: 102670697467413049 bcsId: 0,size=3145728]} | ret=SUCCESS |  
2019-08-24 07:08:35,638 | INFO  | DNAudit | user=null | ip=null | op=WRITE_CHUNK {blockData=conID: 1 locID: 102670697467413049 bcsId: 3334} | ret=SUCCESS |  
2019-08-24 07:08:35,638 | INFO  | DNAudit | user=null | ip=null | op=PUT_BLOCK {blockData=[blockId=conID: 1 locID: 102670697467413049 bcsId: 0,size=4194304]} | ret=SUCCESS |  
2019-08-24 07:08:35,639 [grpc-default-executor-5] INFO  client.GrpcClientProtocolClient (GrpcClientProtocolClient.java:onNext(255)) - client-6EDD19400D46->06a4573b-67a1-41e3-a350-f896363bc636: receive RaftClientReply:client-6EDD19400D46->06a4573b-67a1-41e3-a350-f896363bc636@group-757E3781CD2A, cid=2264, SUCCESS, logIndex=3337, commits[06a4573b-67a1-41e3-a350-f896363bc636:c3338, 0b725bbf-683b-4664-9a2e-3c9dd6e38bc1:c3334, 9193e3b7-ae04-484d-a740-c65c11559486:c3334]
2019-08-24 07:08:35,639 [grpc-default-executor-5] INFO  client.GrpcClientProtocolClient (GrpcClientProtocolClient.java:onNext(255)) - client-6EDD19400D46->06a4573b-67a1-41e3-a350-f896363bc636: receive RaftClientReply:client-6EDD19400D46->06a4573b-67a1-41e3-a350-f896363bc636@group-757E3781CD2A, cid=2265, SUCCESS, logIndex=3338, commits[06a4573b-67a1-41e3-a350-f896363bc636:c3338, 0b725bbf-683b-4664-9a2e-3c9dd6e38bc1:c3334, 9193e3b7-ae04-484d-a740-c65c11559486:c3334]
2019-08-24 07:08:35,646 | INFO  | DNAudit | user=null | ip=null | op=WRITE_CHUNK {blockData=conID: 1 locID: 102670697467413049 bcsId: 3334} | ret=SUCCESS |  
2019-08-24 07:08:35,646 | INFO  | DNAudit | user=null | ip=null | op=WRITE_CHUNK {blockData=conID: 1 locID: 102670697467413049 bcsId: 3334} | ret=SUCCESS |  
2019-08-24 07:08:35,646 | INFO  | DNAudit | user=null | ip=null | op=PUT_BLOCK {blockData=[blockId=conID: 1 locID: 102670697467413049 bcsId: 0,size=4194304]} | ret=SUCCESS |  
2019-08-24 07:08:35,646 | INFO  | DNAudit | user=null | ip=null | op=PUT_BLOCK {blockData=[blockId=conID: 1 locID: 102670697467413049 bcsId: 0,size=4194304]} | ret=SUCCESS |  
2019-08-24 07:08:35,647 [grpc-default-executor-0] INFO  client.GrpcClientProtocolClient (GrpcClientProtocolClient.java:onNext(255)) - client-6EDD19400D46->06a4573b-67a1-41e3-a350-f896363bc636: receive RaftClientReply:client-6EDD19400D46->06a4573b-67a1-41e3-a350-f896363bc636@group-757E3781CD2A, cid=2266, SUCCESS, logIndex=0, commits[06a4573b-67a1-41e3-a350-f896363bc636:c3339, 0b725bbf-683b-4664-9a2e-3c9dd6e38bc1:c3338, 9193e3b7-ae04-484d-a740-c65c11559486:c3338]
2019-08-24 07:08:35,652 | INFO  | SCMAudit | user=jenkins1000 | ip=192.168.69.125 | op=ALLOCATE_BLOCK {owner=61bacca8-15b6-4a50-8962-5e9786b18b0d, size=4194304, type=RATIS, factor=THREE} | ret=SUCCESS |  
 0.00% |█                                                                                                    |  0/1 Time: 0:00:242019-08-24 07:08:35,656 | INFO  | SCMAudit | user=jenkins1000 | ip=192.168.69.125 | op=SEND_HEARTBEAT {datanodeUUID=b8548da6-9cc6-46be-8dd4-5219531f5960, command=[]} | ret=SUCCESS |  
2019-08-24 07:08:35,656 | INFO  | SCMAudit | user=jenkins1000 | ip=192.168.69.125 | op=SEND_HEARTBEAT {datanodeUUID=0b725bbf-683b-4664-9a2e-3c9dd6e38bc1, command=[]} | ret=SUCCESS |  
2019-08-24 07:08:35,656 | INFO  | SCMAudit | user=jenkins1000 | ip=192.168.69.125 | op=SEND_HEARTBEAT {datanodeUUID=9193e3b7-ae04-484d-a740-c65c11559486, command=[]} | ret=SUCCESS |  
2019-08-24 07:08:35,656 | INFO  | SCMAudit | user=jenkins1000 | ip=192.168.69.125 | op=SEND_HEARTBEAT {datanodeUUID=25ce0803-6f34-4c69-82c0-892f08679042, command=[]} | ret=SUCCESS |  
2019-08-24 07:08:35,656 | INFO  | SCMAudit | user=jenkins1000 | ip=192.168.69.125 | op=SEND_HEARTBEAT {datanodeUUID=06a4573b-67a1-41e3-a350-f896363bc636, command=[]} | ret=SUCCESS |  
2019-08-24 07:08:35,658 | INFO  | OMAudit | user=jenkins1000 | ip=127.0.0.1 | op=ALLOCATE_BLOCK {volume=vol-0-26988, bucket=bucket-0-20739, key=key-0-27353, dataSize=0, replicationType=null, replicationFactor=null, keyLocationInfo=null, clientID=102670695851229586} | ret=SUCCESS |  
2019-08-24 07:08:35,665 | INFO  | DNAudit | user=null | ip=null | op=WRITE_CHUNK {blockData=conID: 2 locID: 102670697473770042 bcsId: 0} | ret=SUCCESS |  
2019-08-24 07:08:35,667 | INFO  | DNAudit | user=null | ip=null | op=WRITE_CHUNK {blockData=conID: 2 locID: 102670697473770042 bcsId: 0} | ret=SUCCESS |  
2019-08-24 07:08:35,668 | INFO  | DNAudit | user=null | ip=null | op=WRITE_CHUNK {blockData=conID: 2 locID: 102670697473770042 bcsId: 0} | ret=SUCCESS |  
2019-08-24 07:08:35,668 | INFO  | DNAudit | user=null | ip=null | op=WRITE_CHUNK {blockData=conID: 2 locID: 102670697473770042 bcsId: 0} | ret=SUCCESS |  
2019-08-24 07:08:35,669 | INFO  | DNAudit | user=null | ip=null | op=WRITE_CHUNK {blockData=conID: 2 locID: 102670697473770042 bcsId: 0} | ret=SUCCESS |  
2019-08-24 07:08:35,671 | INFO  | DNAudit | user=null | ip=null | op=WRITE_CHUNK {blockData=conID: 2 locID: 102670697473770042 bcsId: 0} | ret=SUCCESS |  
2019-08-24 07:08:35,679 | INFO  | DNAudit | user=null | ip=null | op=WRITE_CHUNK {blockData=conID: 2 locID: 102670697473770042 bcsId: 0} | ret=SUCCESS |  
2019-08-24 07:08:35,680 | INFO  | DNAudit | user=null | ip=null | op=PUT_BLOCK {blockData=[blockId=conID: 2 locID: 102670697473770042 bcsId: 0,size=1048576]} | ret=SUCCESS |  
2019-08-24 07:08:35,680 [grpc-default-executor-0] INFO  client.GrpcClientProtocolClient (GrpcClientProtocolClient.java:onNext(255)) - client-6EDD19400D46->06a4573b-67a1-41e3-a350-f896363bc636: receive RaftClientReply:client-6EDD19400D46->06a4573b-67a1-41e3-a350-f896363bc636@group-757E3781CD2A, cid=2267, SUCCESS, logIndex=3341, commits[06a4573b-67a1-41e3-a350-f896363bc636:c3343, 0b725bbf-683b-4664-9a2e-3c9dd6e38bc1:c3340, 9193e3b7-ae04-484d-a740-c65c11559486:c3340]
2019-08-24 07:08:35,680 | INFO  | DNAudit | user=null | ip=null | op=WRITE_CHUNK {blockData=conID: 2 locID: 102670697473770042 bcsId: 0} | ret=SUCCESS |  
2019-08-24 07:08:35,680 [grpc-default-executor-0] INFO  client.GrpcClientProtocolClient (GrpcClientProtocolClient.java:onNext(255)) - client-6EDD19400D46->06a4573b-67a1-41e3-a350-f896363bc636: receive RaftClientReply:client-6EDD19400D46->06a4573b-67a1-41e3-a350-f896363bc636@group-757E3781CD2A, cid=2268, SUCCESS, logIndex=3342, commits[06a4573b-67a1-41e3-a350-f896363bc636:c3344, 0b725bbf-683b-4664-9a2e-3c9dd6e38bc1:c3340, 9193e3b7-ae04-484d-a740-c65c11559486:c3340]
2019-08-24 07:08:35,681 | INFO  | DNAudit | user=null | ip=null | op=PUT_BLOCK {blockData=[blockId=conID: 2 locID: 102670697473770042 bcsId: 0,size=2097152]} | ret=SUCCESS |  
2019-08-24 07:08:35,681 [grpc-default-executor-0] INFO  client.GrpcClientProtocolClient (GrpcClientProtocolClient.java:onNext(255)) - client-6EDD19400D46->06a4573b-67a1-41e3-a350-f896363bc636: receive RaftClientReply:client-6EDD19400D46->06a4573b-67a1-41e3-a350-f896363bc636@group-757E3781CD2A, cid=2269, SUCCESS, logIndex=3343, commits[06a4573b-67a1-41e3-a350-f896363bc636:c3344, 0b725bbf-683b-4664-9a2e-3c9dd6e38bc1:c3340, 9193e3b7-ae04-484d-a740-c65c11559486:c3340]
2019-08-24 07:08:35,681 [grpc-default-executor-0] INFO  client.GrpcClientProtocolClient (GrpcClientProtocolClient.java:onNext(255)) - client-6EDD19400D46->06a4573b-67a1-41e3-a350-f896363bc636: receive RaftClientReply:client-6EDD19400D46->06a4573b-67a1-41e3-a350-f896363bc636@group-757E3781CD2A, cid=2270, SUCCESS, logIndex=3344, commits[06a4573b-67a1-41e3-a350-f896363bc636:c3344, 0b725bbf-683b-4664-9a2e-3c9dd6e38bc1:c3340, 9193e3b7-ae04-484d-a740-c65c11559486:c3340]
2019-08-24 07:08:35,691 | INFO  | DNAudit | user=null | ip=null | op=WRITE_CHUNK {blockData=conID: 2 locID: 102670697473770042 bcsId: 0} | ret=SUCCESS |  
2019-08-24 07:08:35,691 | INFO  | DNAudit | user=null | ip=null | op=WRITE_CHUNK {blockData=conID: 2 locID: 102670697473770042 bcsId: 0} | ret=SUCCESS |  
2019-08-24 07:08:35,691 | INFO  | DNAudit | user=null | ip=null | op=PUT_BLOCK {blockData=[blockId=conID: 2 locID: 102670697473770042 bcsId: 0,size=1048576]} | ret=SUCCESS |  
2019-08-24 07:08:35,691 [grpc-default-executor-0] INFO  client.GrpcClientProtocolClient (GrpcClientProtocolClient.java:onNext(255)) - client-6EDD19400D46->06a4573b-67a1-41e3-a350-f896363bc636: receive RaftClientReply:client-6EDD19400D46->06a4573b-67a1-41e3-a350-f896363bc636@group-757E3781CD2A, cid=2271, SUCCESS, logIndex=0, commits[06a4573b-67a1-41e3-a350-f896363bc636:c3345, 0b725bbf-683b-4664-9a2e-3c9dd6e38bc1:c3342, 9193e3b7-ae04-484d-a740-c65c11559486:c3342]
2019-08-24 07:08:35,691 | INFO  | DNAudit | user=null | ip=null | op=PUT_BLOCK {blockData=[blockId=conID: 2 locID: 102670697473770042 bcsId: 0,size=1048576]} | ret=SUCCESS |  
2019-08-24 07:08:35,694 | INFO  | DNAudit | user=null | ip=null | op=WRITE_CHUNK {blockData=conID: 2 locID: 102670697473770042 bcsId: 0} | ret=SUCCESS |  
2019-08-24 07:08:35,695 | INFO  | DNAudit | user=null | ip=null | op=WRITE_CHUNK {blockData=conID: 2 locID: 102670697473770042 bcsId: 0} | ret=SUCCESS |  
2019-08-24 07:08:35,695 | INFO  | DNAudit | user=null | ip=null | op=PUT_BLOCK {blockData=[blockId=conID: 2 locID: 102670697473770042 bcsId: 0,size=2097152]} | ret=SUCCESS |  
2019-08-24 07:08:35,799 | INFO  | DNAudit | user=null | ip=null | op=PUT_BLOCK {blockData=[blockId=conID: 2 locID: 102670697473770042 bcsId: 0,size=2097152]} | ret=SUCCESS |  
2019-08-24 07:08:35,801 | INFO  | DNAudit | user=null | ip=null | op=WRITE_CHUNK {blockData=conID: 2 locID: 102670697473770042 bcsId: 3344} | ret=SUCCESS |  
2019-08-24 07:08:35,804 | INFO  | DNAudit | user=null | ip=null | op=WRITE_CHUNK {blockData=conID: 2 locID: 102670697473770042 bcsId: 3344} | ret=SUCCESS |  
2019-08-24 07:08:35,804 | INFO  | DNAudit | user=null | ip=null | op=WRITE_CHUNK {blockData=conID: 2 locID: 102670697473770042 bcsId: 3344} | ret=SUCCESS |  
2019-08-24 07:08:35,812 | INFO  | DNAudit | user=null | ip=null | op=WRITE_CHUNK {blockData=conID: 2 locID: 102670697473770042 bcsId: 3344} | ret=SUCCESS |  
2019-08-24 07:08:35,812 | INFO  | DNAudit | user=null | ip=null | op=PUT_BLOCK {blockData=[blockId=conID: 2 locID: 102670697473770042 bcsId: 0,size=3145728]} | ret=SUCCESS |  
2019-08-24 07:08:35,813 [grpc-default-executor-5] INFO  client.GrpcClientProtocolClient (GrpcClientProtocolClient.java:onNext(255)) - client-6EDD19400D46->06a4573b-67a1-41e3-a350-f896363bc636: receive RaftClientReply:client-6EDD19400D46->06a4573b-67a1-41e3-a350-f896363bc636@group-757E3781CD2A, cid=2272, SUCCESS, logIndex=3349, commits[06a4573b-67a1-41e3-a350-f896363bc636:c3350, 0b725bbf-683b-4664-9a2e-3c9dd6e38bc1:c3348, 9193e3b7-ae04-484d-a740-c65c11559486:c3348]
2019-08-24 07:08:35,813 [grpc-default-executor-5] INFO  client.GrpcClientProtocolClient (GrpcClientProtocolClient.java:onNext(255)) - client-6EDD19400D46->06a4573b-67a1-41e3-a350-f896363bc636: receive RaftClientReply:client-6EDD19400D46->06a4573b-67a1-41e3-a350-f896363bc636@group-757E3781CD2A, cid=2273, SUCCESS, logIndex=3350, commits[06a4573b-67a1-41e3-a350-f896363bc636:c3350, 0b725bbf-683b-4664-9a2e-3c9dd6e38bc1:c3348, 9193e3b7-ae04-484d-a740-c65c11559486:c3348]
2019-08-24 07:08:35,819 | INFO  | DNAudit | user=null | ip=null | op=WRITE_CHUNK {blockData=conID: 2 locID: 102670697473770042 bcsId: 3350} | ret=SUCCESS |  
2019-08-24 07:08:35,823 | INFO  | DNAudit | user=null | ip=null | op=WRITE_CHUNK {blockData=conID: 2 locID: 102670697473770042 bcsId: 3350} | ret=SUCCESS |  
2019-08-24 07:08:35,823 | INFO  | DNAudit | user=null | ip=null | op=WRITE_CHUNK {blockData=conID: 2 locID: 102670697473770042 bcsId: 3350} | ret=SUCCESS |  
2019-08-24 07:08:35,825 | INFO  | DNAudit | user=null | ip=null | op=WRITE_CHUNK {blockData=conID: 2 locID: 102670697473770042 bcsId: 3344} | ret=SUCCESS |  
2019-08-24 07:08:35,825 | INFO  | DNAudit | user=null | ip=null | op=WRITE_CHUNK {blockData=conID: 2 locID: 102670697473770042 bcsId: 3344} | ret=SUCCESS |  
2019-08-24 07:08:35,838 | INFO  | DNAudit | user=null | ip=null | op=PUT_BLOCK {blockData=[blockId=conID: 2 locID: 102670697473770042 bcsId: 0,size=3145728]} | ret=SUCCESS |  
2019-08-24 07:08:35,838 | INFO  | DNAudit | user=null | ip=null | op=PUT_BLOCK {blockData=[blockId=conID: 2 locID: 102670697473770042 bcsId: 0,size=3145728]} | ret=SUCCESS |  
2019-08-24 07:08:35,838 | INFO  | DNAudit | user=null | ip=null | op=WRITE_CHUNK {blockData=conID: 2 locID: 102670697473770042 bcsId: 3350} | ret=SUCCESS |  
2019-08-24 07:08:35,838 | INFO  | DNAudit | user=null | ip=null | op=PUT_BLOCK {blockData=[blockId=conID: 2 locID: 102670697473770042 bcsId: 0,size=4194304]} | ret=SUCCESS |  
2019-08-24 07:08:35,839 [grpc-default-executor-5] INFO  client.GrpcClientProtocolClient (GrpcClientProtocolClient.java:onNext(255)) - client-6EDD19400D46->06a4573b-67a1-41e3-a350-f896363bc636: receive RaftClientReply:client-6EDD19400D46->06a4573b-67a1-41e3-a350-f896363bc636@group-757E3781CD2A, cid=2274, SUCCESS, logIndex=3353, commits[06a4573b-67a1-41e3-a350-f896363bc636:c3354, 0b725bbf-683b-4664-9a2e-3c9dd6e38bc1:c3350, 9193e3b7-ae04-484d-a740-c65c11559486:c3350]
2019-08-24 07:08:35,839 [grpc-default-executor-5] INFO  client.GrpcClientProtocolClient (GrpcClientProtocolClient.java:onNext(255)) - client-6EDD19400D46->06a4573b-67a1-41e3-a350-f896363bc636: receive RaftClientReply:client-6EDD19400D46->06a4573b-67a1-41e3-a350-f896363bc636@group-757E3781CD2A, cid=2275, SUCCESS, logIndex=3354, commits[06a4573b-67a1-41e3-a350-f896363bc636:c3354, 0b725bbf-683b-4664-9a2e-3c9dd6e38bc1:c3350, 9193e3b7-ae04-484d-a740-c65c11559486:c3350]
2019-08-24 07:08:35,851 | INFO  | DNAudit | user=null | ip=null | op=WRITE_CHUNK {blockData=conID: 2 locID: 102670697473770042 bcsId: 3350} | ret=SUCCESS |  
2019-08-24 07:08:35,851 | INFO  | DNAudit | user=null | ip=null | op=WRITE_CHUNK {blockData=conID: 2 locID: 102670697473770042 bcsId: 3350} | ret=SUCCESS |  
2019-08-24 07:08:35,851 | INFO  | DNAudit | user=null | ip=null | op=PUT_BLOCK {blockData=[blockId=conID: 2 locID: 102670697473770042 bcsId: 0,size=4194304]} | ret=SUCCESS |  
2019-08-24 07:08:35,851 | INFO  | DNAudit | user=null | ip=null | op=PUT_BLOCK {blockData=[blockId=conID: 2 locID: 102670697473770042 bcsId: 0,size=4194304]} | ret=SUCCESS |  
2019-08-24 07:08:35,852 [grpc-default-executor-5] INFO  client.GrpcClientProtocolClient (GrpcClientProtocolClient.java:onNext(255)) - client-6EDD19400D46->06a4573b-67a1-41e3-a350-f896363bc636: receive RaftClientReply:client-6EDD19400D46->06a4573b-67a1-41e3-a350-f896363bc636@group-757E3781CD2A, cid=2276, SUCCESS, logIndex=0, commits[06a4573b-67a1-41e3-a350-f896363bc636:c3355, 0b725bbf-683b-4664-9a2e-3c9dd6e38bc1:c3354, 9193e3b7-ae04-484d-a740-c65c11559486:c3354]
2019-08-24 07:08:35,857 | INFO  | SCMAudit | user=jenkins1000 | ip=192.168.69.125 | op=ALLOCATE_BLOCK {owner=61bacca8-15b6-4a50-8962-5e9786b18b0d, size=4194304, type=RATIS, factor=THREE} | ret=SUCCESS |  
2019-08-24 07:08:35,860 | INFO  | OMAudit | user=jenkins1000 | ip=127.0.0.1 | op=ALLOCATE_BLOCK {volume=vol-0-26988, bucket=bucket-0-20739, key=key-0-27353, dataSize=0, replicationType=null, replicationFactor=null, keyLocationInfo=null, clientID=102670695851229586} | ret=SUCCESS |  
2019-08-24 07:08:35,867 | INFO  | DNAudit | user=null | ip=null | op=WRITE_CHUNK {blockData=conID: 3 locID: 102670697487204923 bcsId: 0} | ret=SUCCESS |  
2019-08-24 07:08:35,868 | INFO  | DNAudit | user=null | ip=null | op=WRITE_CHUNK {blockData=conID: 3 locID: 102670697487204923 bcsId: 0} | ret=SUCCESS |  
2019-08-24 07:08:35,870 | INFO  | DNAudit | user=null | ip=null | op=WRITE_CHUNK {blockData=conID: 3 locID: 102670697487204923 bcsId: 0} | ret=SUCCESS |  
2019-08-24 07:08:35,871 | INFO  | DNAudit | user=null | ip=null | op=WRITE_CHUNK {blockData=conID: 3 locID: 102670697487204923 bcsId: 0} | ret=SUCCESS |  
2019-08-24 07:08:35,872 | INFO  | DNAudit | user=null | ip=null | op=WRITE_CHUNK {blockData=conID: 3 locID: 102670697487204923 bcsId: 0} | ret=SUCCESS |  
2019-08-24 07:08:35,873 | INFO  | DNAudit | user=null | ip=null | op=WRITE_CHUNK {blockData=conID: 3 locID: 102670697487204923 bcsId: 0} | ret=SUCCESS |  
2019-08-24 07:08:35,879 | INFO  | DNAudit | user=null | ip=null | op=WRITE_CHUNK {blockData=conID: 3 locID: 102670697487204923 bcsId: 0} | ret=SUCCESS |  
2019-08-24 07:08:35,880 | INFO  | DNAudit | user=null | ip=null | op=PUT_BLOCK {blockData=[blockId=conID: 3 locID: 102670697487204923 bcsId: 0,size=1048576]} | ret=SUCCESS |  
2019-08-24 07:08:35,880 | INFO  | DNAudit | user=null | ip=null | op=WRITE_CHUNK {blockData=conID: 3 locID: 102670697487204923 bcsId: 0} | ret=SUCCESS |  
2019-08-24 07:08:35,880 | INFO  | DNAudit | user=null | ip=null | op=PUT_BLOCK {blockData=[blockId=conID: 3 locID: 102670697487204923 bcsId: 0,size=2097152]} | ret=SUCCESS |  
2019-08-24 07:08:35,880 [grpc-default-executor-0] INFO  client.GrpcClientProtocolClient (GrpcClientProtocolClient.java:onNext(255)) - client-6EDD19400D46->06a4573b-67a1-41e3-a350-f896363bc636: receive RaftClientReply:client-6EDD19400D46->06a4573b-67a1-41e3-a350-f896363bc636@group-757E3781CD2A, cid=2277, SUCCESS, logIndex=3357, commits[06a4573b-67a1-41e3-a350-f896363bc636:c3358, 0b725bbf-683b-4664-9a2e-3c9dd6e38bc1:c3356, 9193e3b7-ae04-484d-a740-c65c11559486:c3356]
2019-08-24 07:08:35,881 [grpc-default-executor-0] INFO  client.GrpcClientProtocolClient (GrpcClientProtocolClient.java:onNext(255)) - client-6EDD19400D46->06a4573b-67a1-41e3-a350-f896363bc636: receive RaftClientReply:client-6EDD19400D46->06a4573b-67a1-41e3-a350-f896363bc636@group-757E3781CD2A, cid=2278, SUCCESS, logIndex=3358, commits[06a4573b-67a1-41e3-a350-f896363bc636:c3359, 0b725bbf-683b-4664-9a2e-3c9dd6e38bc1:c3356, 9193e3b7-ae04-484d-a740-c65c11559486:c3356]
2019-08-24 07:08:35,881 [grpc-default-executor-0] INFO  client.GrpcClientProtocolClient (GrpcClientProtocolClient.java:onNext(255)) - client-6EDD19400D46->06a4573b-67a1-41e3-a350-f896363bc636: receive RaftClientReply:client-6EDD19400D46->06a4573b-67a1-41e3-a350-f896363bc636@group-757E3781CD2A, cid=2279, SUCCESS, logIndex=3359, commits[06a4573b-67a1-41e3-a350-f896363bc636:c3360, 0b725bbf-683b-4664-9a2e-3c9dd6e38bc1:c3356, 9193e3b7-ae04-484d-a740-c65c11559486:c3356]
2019-08-24 07:08:35,881 [grpc-default-executor-0] INFO  client.GrpcClientProtocolClient (GrpcClientProtocolClient.java:onNext(255)) - client-6EDD19400D46->06a4573b-67a1-41e3-a350-f896363bc636: receive RaftClientReply:client-6EDD19400D46->06a4573b-67a1-41e3-a350-f896363bc636@group-757E3781CD2A, cid=2280, SUCCESS, logIndex=3360, commits[06a4573b-67a1-41e3-a350-f896363bc636:c3360, 0b725bbf-683b-4664-9a2e-3c9dd6e38bc1:c3356, 9193e3b7-ae04-484d-a740-c65c11559486:c3356]
2019-08-24 07:08:35,891 | INFO  | DNAudit | user=null | ip=null | op=WRITE_CHUNK {blockData=conID: 3 locID: 102670697487204923 bcsId: 0} | ret=SUCCESS |  
2019-08-24 07:08:35,891 | INFO  | DNAudit | user=null | ip=null | op=WRITE_CHUNK {blockData=conID: 3 locID: 102670697487204923 bcsId: 0} | ret=SUCCESS |  
2019-08-24 07:08:35,891 | INFO  | DNAudit | user=null | ip=null | op=PUT_BLOCK {blockData=[blockId=conID: 3 locID: 102670697487204923 bcsId: 0,size=1048576]} | ret=SUCCESS |  
2019-08-24 07:08:35,892 | INFO  | DNAudit | user=null | ip=null | op=PUT_BLOCK {blockData=[blockId=conID: 3 locID: 102670697487204923 bcsId: 0,size=1048576]} | ret=SUCCESS |  
2019-08-24 07:08:35,892 | INFO  | DNAudit | user=null | ip=null | op=WRITE_CHUNK {blockData=conID: 3 locID: 102670697487204923 bcsId: 0} | ret=SUCCESS |  
2019-08-24 07:08:35,892 | INFO  | DNAudit | user=null | ip=null | op=WRITE_CHUNK {blockData=conID: 3 locID: 102670697487204923 bcsId: 0} | ret=SUCCESS |  
2019-08-24 07:08:35,893 | INFO  | DNAudit | user=null | ip=null | op=PUT_BLOCK {blockData=[blockId=conID: 3 locID: 102670697487204923 bcsId: 0,size=2097152]} | ret=SUCCESS |  
2019-08-24 07:08:35,893 [grpc-default-executor-0] INFO  client.GrpcClientProtocolClient (GrpcClientProtocolClient.java:onNext(255)) - client-6EDD19400D46->06a4573b-67a1-41e3-a350-f896363bc636: receive RaftClientReply:client-6EDD19400D46->06a4573b-67a1-41e3-a350-f896363bc636@group-757E3781CD2A, cid=2281, SUCCESS, logIndex=0, commits[06a4573b-67a1-41e3-a350-f896363bc636:c3362, 0b725bbf-683b-4664-9a2e-3c9dd6e38bc1:c3358, 9193e3b7-ae04-484d-a740-c65c11559486:c3358]
2019-08-24 07:08:35,893 | INFO  | DNAudit | user=null | ip=null | op=PUT_BLOCK {blockData=[blockId=conID: 3 locID: 102670697487204923 bcsId: 0,size=2097152]} | ret=SUCCESS |  
2019-08-24 07:08:35,899 | INFO  | DNAudit | user=null | ip=null | op=WRITE_CHUNK {blockData=conID: 3 locID: 102670697487204923 bcsId: 3360} | ret=SUCCESS |  
2019-08-24 07:08:35,903 | INFO  | DNAudit | user=null | ip=null | op=WRITE_CHUNK {blockData=conID: 3 locID: 102670697487204923 bcsId: 3360} | ret=SUCCESS |  
2019-08-24 07:08:35,903 | INFO  | DNAudit | user=null | ip=null | op=WRITE_CHUNK {blockData=conID: 3 locID: 102670697487204923 bcsId: 3360} | ret=SUCCESS |  
2019-08-24 07:08:35,912 | INFO  | DNAudit | user=null | ip=null | op=WRITE_CHUNK {blockData=conID: 3 locID: 102670697487204923 bcsId: 3360} | ret=SUCCESS |  
2019-08-24 07:08:35,912 | INFO  | DNAudit | user=null | ip=null | op=PUT_BLOCK {blockData=[blockId=conID: 3 locID: 102670697487204923 bcsId: 0,size=3145728]} | ret=SUCCESS |  
2019-08-24 07:08:35,912 [grpc-default-executor-1] INFO  client.GrpcClientProtocolClient (GrpcClientProtocolClient.java:onNext(255)) - client-6EDD19400D46->06a4573b-67a1-41e3-a350-f896363bc636: receive RaftClientReply:client-6EDD19400D46->06a4573b-67a1-41e3-a350-f896363bc636@group-757E3781CD2A, cid=2282, SUCCESS, logIndex=3365, commits[06a4573b-67a1-41e3-a350-f896363bc636:c3366, 0b725bbf-683b-4664-9a2e-3c9dd6e38bc1:c3364, 9193e3b7-ae04-484d-a740-c65c11559486:c3364]
2019-08-24 07:08:35,913 [grpc-default-executor-1] INFO  client.GrpcClientProtocolClient (GrpcClientProtocolClient.java:onNext(255)) - client-6EDD19400D46->06a4573b-67a1-41e3-a350-f896363bc636: receive RaftClientReply:client-6EDD19400D46->06a4573b-67a1-41e3-a350-f896363bc636@group-757E3781CD2A, cid=2283, SUCCESS, logIndex=3366, commits[06a4573b-67a1-41e3-a350-f896363bc636:c3366, 0b725bbf-683b-4664-9a2e-3c9dd6e38bc1:c3364, 9193e3b7-ae04-484d-a740-c65c11559486:c3364]
2019-08-24 07:08:35,920 | INFO  | DNAudit | user=null | ip=null | op=WRITE_CHUNK {blockData=conID: 3 locID: 102670697487204923 bcsId: 3366} | ret=SUCCESS |  
2019-08-24 07:08:35,923 | INFO  | DNAudit | user=null | ip=null | op=WRITE_CHUNK {blockData=conID: 3 locID: 102670697487204923 bcsId: 3366} | ret=SUCCESS |  
2019-08-24 07:08:35,924 | INFO  | DNAudit | user=null | ip=null | op=WRITE_CHUNK {blockData=conID: 3 locID: 102670697487204923 bcsId: 3366} | ret=SUCCESS |  
2019-08-24 07:08:35,925 | INFO  | DNAudit | user=null | ip=null | op=WRITE_CHUNK {blockData=conID: 3 locID: 102670697487204923 bcsId: 3360} | ret=SUCCESS |  
2019-08-24 07:08:35,925 | INFO  | DNAudit | user=null | ip=null | op=WRITE_CHUNK {blockData=conID: 3 locID: 102670697487204923 bcsId: 3360} | ret=SUCCESS |  
2019-08-24 07:08:35,968 | INFO  | DNAudit | user=null | ip=null | op=PUT_BLOCK {blockData=[blockId=conID: 3 locID: 102670697487204923 bcsId: 0,size=3145728]} | ret=SUCCESS |  
2019-08-24 07:08:35,968 | INFO  | DNAudit | user=null | ip=null | op=PUT_BLOCK {blockData=[blockId=conID: 3 locID: 102670697487204923 bcsId: 0,size=3145728]} | ret=SUCCESS |  
2019-08-24 07:08:35,968 | INFO  | DNAudit | user=null | ip=null | op=WRITE_CHUNK {blockData=conID: 3 locID: 102670697487204923 bcsId: 3366} | ret=SUCCESS |  
2019-08-24 07:08:35,969 | INFO  | DNAudit | user=null | ip=null | op=PUT_BLOCK {blockData=[blockId=conID: 3 locID: 102670697487204923 bcsId: 0,size=4194304]} | ret=SUCCESS |  
2019-08-24 07:08:35,969 [grpc-default-executor-0] INFO  client.GrpcClientProtocolClient (GrpcClientProtocolClient.java:onNext(255)) - client-6EDD19400D46->06a4573b-67a1-41e3-a350-f896363bc636: receive RaftClientReply:client-6EDD19400D46->06a4573b-67a1-41e3-a350-f896363bc636@group-757E3781CD2A, cid=2284, SUCCESS, logIndex=3369, commits[06a4573b-67a1-41e3-a350-f896363bc636:c3370, 0b725bbf-683b-4664-9a2e-3c9dd6e38bc1:c3366, 9193e3b7-ae04-484d-a740-c65c11559486:c3366]
2019-08-24 07:08:35,969 [grpc-default-executor-0] INFO  client.GrpcClientProtocolClient (GrpcClientProtocolClient.java:onNext(255)) - client-6EDD19400D46->06a4573b-67a1-41e3-a350-f896363bc636: receive RaftClientReply:client-6EDD19400D46->06a4573b-67a1-41e3-a350-f896363bc636@group-757E3781CD2A, cid=2285, SUCCESS, logIndex=3370, commits[06a4573b-67a1-41e3-a350-f896363bc636:c3370, 0b725bbf-683b-4664-9a2e-3c9dd6e38bc1:c3366, 9193e3b7-ae04-484d-a740-c65c11559486:c3366]
2019-08-24 07:08:35,980 | INFO  | DNAudit | user=null | ip=null | op=WRITE_CHUNK {blockData=conID: 3 locID: 102670697487204923 bcsId: 3366} | ret=SUCCESS |  
2019-08-24 07:08:35,980 | INFO  | DNAudit | user=null | ip=null | op=WRITE_CHUNK {blockData=conID: 3 locID: 102670697487204923 bcsId: 3366} | ret=SUCCESS |  
2019-08-24 07:08:35,982 | INFO  | DNAudit | user=null | ip=null | op=PUT_BLOCK {blockData=[blockId=conID: 3 locID: 102670697487204923 bcsId: 0,size=4194304]} | ret=SUCCESS |  
2019-08-24 07:08:35,983 | INFO  | DNAudit | user=null | ip=null | op=PUT_BLOCK {blockData=[blockId=conID: 3 locID: 102670697487204923 bcsId: 0,size=4194304]} | ret=SUCCESS |  
2019-08-24 07:08:35,983 [grpc-default-executor-0] INFO  client.GrpcClientProtocolClient (GrpcClientProtocolClient.java:onNext(255)) - client-6EDD19400D46->06a4573b-67a1-41e3-a350-f896363bc636: receive RaftClientReply:client-6EDD19400D46->06a4573b-67a1-41e3-a350-f896363bc636@group-757E3781CD2A, cid=2286, SUCCESS, logIndex=0, commits[06a4573b-67a1-41e3-a350-f896363bc636:c3372, 0b725bbf-683b-4664-9a2e-3c9dd6e38bc1:c3370, 9193e3b7-ae04-484d-a740-c65c11559486:c3370]
2019-08-24 07:08:35,987 | INFO  | SCMAudit | user=jenkins1000 | ip=192.168.69.125 | op=ALLOCATE_BLOCK {owner=61bacca8-15b6-4a50-8962-5e9786b18b0d, size=4194304, type=RATIS, factor=THREE} | ret=SUCCESS |  
2019-08-24 07:08:35,990 | INFO  | OMAudit | user=jenkins1000 | ip=127.0.0.1 | op=ALLOCATE_BLOCK {volume=vol-0-26988, bucket=bucket-0-20739, key=key-0-27353, dataSize=0, replicationType=null, replicationFactor=null, keyLocationInfo=null, clientID=102670695851229586} | ret=SUCCESS |  
2019-08-24 07:08:35,998 | INFO  | DNAudit | user=null | ip=null | op=WRITE_CHUNK {blockData=conID: 1 locID: 102670697495724604 bcsId: 0} | ret=SUCCESS |  
2019-08-24 07:08:36,002 | INFO  | DNAudit | user=null | ip=null | op=WRITE_CHUNK {blockData=conID: 1 locID: 102670697495724604 bcsId: 0} | ret=SUCCESS |  
2019-08-24 07:08:36,002 | INFO  | DNAudit | user=null | ip=null | op=WRITE_CHUNK {blockData=conID: 1 locID: 102670697495724604 bcsId: 0} | ret=SUCCESS |  
2019-08-24 07:08:36,002 | INFO  | DNAudit | user=null | ip=null | op=WRITE_CHUNK {blockData=conID: 1 locID: 102670697495724604 bcsId: 0} | ret=SUCCESS |  
2019-08-24 07:08:36,003 | INFO  | DNAudit | user=null | ip=null | op=WRITE_CHUNK {blockData=conID: 1 locID: 102670697495724604 bcsId: 0} | ret=SUCCESS |  
2019-08-24 07:08:36,004 | INFO  | DNAudit | user=null | ip=null | op=WRITE_CHUNK {blockData=conID: 1 locID: 102670697495724604 bcsId: 0} | ret=SUCCESS |  
2019-08-24 07:08:36,010 | INFO  | DNAudit | user=null | ip=null | op=WRITE_CHUNK {blockData=conID: 1 locID: 102670697495724604 bcsId: 0} | ret=SUCCESS |  
2019-08-24 07:08:36,011 | INFO  | DNAudit | user=null | ip=null | op=PUT_BLOCK {blockData=[blockId=conID: 1 locID: 102670697495724604 bcsId: 0,size=1048576]} | ret=SUCCESS |  
2019-08-24 07:08:36,011 | INFO  | DNAudit | user=null | ip=null | op=WRITE_CHUNK {blockData=conID: 1 locID: 102670697495724604 bcsId: 0} | ret=SUCCESS |  
2019-08-24 07:08:36,011 [grpc-default-executor-0] INFO  client.GrpcClientProtocolClient (GrpcClientProtocolClient.java:onNext(255)) - client-6EDD19400D46->06a4573b-67a1-41e3-a350-f896363bc636: receive RaftClientReply:client-6EDD19400D46->06a4573b-67a1-41e3-a350-f896363bc636@group-757E3781CD2A, cid=2287, SUCCESS, logIndex=3373, commits[06a4573b-67a1-41e3-a350-f896363bc636:c3375, 0b725bbf-683b-4664-9a2e-3c9dd6e38bc1:c3372, 9193e3b7-ae04-484d-a740-c65c11559486:c3372]
2019-08-24 07:08:36,012 | INFO  | DNAudit | user=null | ip=null | op=PUT_BLOCK {blockData=[blockId=conID: 1 locID: 102670697495724604 bcsId: 0,size=2097152]} | ret=SUCCESS |  
2019-08-24 07:08:36,012 [grpc-default-executor-0] INFO  client.GrpcClientProtocolClient (GrpcClientProtocolClient.java:onNext(255)) - client-6EDD19400D46->06a4573b-67a1-41e3-a350-f896363bc636: receive RaftClientReply:client-6EDD19400D46->06a4573b-67a1-41e3-a350-f896363bc636@group-757E3781CD2A, cid=2288, SUCCESS, logIndex=3374, commits[06a4573b-67a1-41e3-a350-f896363bc636:c3376, 0b725bbf-683b-4664-9a2e-3c9dd6e38bc1:c3372, 9193e3b7-ae04-484d-a740-c65c11559486:c3372]
2019-08-24 07:08:36,012 [grpc-default-executor-0] INFO  client.GrpcClientProtocolClient (GrpcClientProtocolClient.java:onNext(255)) - client-6EDD19400D46->06a4573b-67a1-41e3-a350-f896363bc636: receive RaftClientReply:client-6EDD19400D46->06a4573b-67a1-41e3-a350-f896363bc636@group-757E3781CD2A, cid=2289, SUCCESS, logIndex=3375, commits[06a4573b-67a1-41e3-a350-f896363bc636:c3376, 0b725bbf-683b-4664-9a2e-3c9dd6e38bc1:c3372, 9193e3b7-ae04-484d-a740-c65c11559486:c3372]
2019-08-24 07:08:36,012 [grpc-default-executor-0] INFO  client.GrpcClientProtocolClient (GrpcClientProtocolClient.java:onNext(255)) - client-6EDD19400D46->06a4573b-67a1-41e3-a350-f896363bc636: receive RaftClientReply:client-6EDD19400D46->06a4573b-67a1-41e3-a350-f896363bc636@group-757E3781CD2A, cid=2290, SUCCESS, logIndex=3376, commits[06a4573b-67a1-41e3-a350-f896363bc636:c3376, 0b725bbf-683b-4664-9a2e-3c9dd6e38bc1:c3372, 9193e3b7-ae04-484d-a740-c65c11559486:c3372]
2019-08-24 07:08:36,024 | INFO  | DNAudit | user=null | ip=null | op=WRITE_CHUNK {blockData=conID: 1 locID: 102670697495724604 bcsId: 0} | ret=SUCCESS |  
2019-08-24 07:08:36,024 | INFO  | DNAudit | user=null | ip=null | op=WRITE_CHUNK {blockData=conID: 1 locID: 102670697495724604 bcsId: 0} | ret=SUCCESS |  
2019-08-24 07:08:36,025 | INFO  | DNAudit | user=null | ip=null | op=PUT_BLOCK {blockData=[blockId=conID: 1 locID: 102670697495724604 bcsId: 0,size=1048576]} | ret=SUCCESS |  
2019-08-24 07:08:36,025 | INFO  | DNAudit | user=null | ip=null | op=PUT_BLOCK {blockData=[blockId=conID: 1 locID: 102670697495724604 bcsId: 0,size=1048576]} | ret=SUCCESS |  
2019-08-24 07:08:36,025 | INFO  | DNAudit | user=null | ip=null | op=WRITE_CHUNK {blockData=conID: 1 locID: 102670697495724604 bcsId: 0} | ret=SUCCESS |  
2019-08-24 07:08:36,025 | INFO  | DNAudit | user=null | ip=null | op=PUT_BLOCK {blockData=[blockId=conID: 1 locID: 102670697495724604 bcsId: 0,size=2097152]} | ret=SUCCESS |  
2019-08-24 07:08:36,025 [grpc-default-executor-0] INFO  client.GrpcClientProtocolClient (GrpcClientProtocolClient.java:onNext(255)) - client-6EDD19400D46->06a4573b-67a1-41e3-a350-f896363bc636: receive RaftClientReply:client-6EDD19400D46->06a4573b-67a1-41e3-a350-f896363bc636@group-757E3781CD2A, cid=2291, SUCCESS, logIndex=0, commits[06a4573b-67a1-41e3-a350-f896363bc636:c3378, 0b725bbf-683b-4664-9a2e-3c9dd6e38bc1:c3374, 9193e3b7-ae04-484d-a740-c65c11559486:c3374]
2019-08-24 07:08:36,025 | INFO  | DNAudit | user=null | ip=null | op=WRITE_CHUNK {blockData=conID: 1 locID: 102670697495724604 bcsId: 0} | ret=SUCCESS |  
2019-08-24 07:08:36,026 | INFO  | DNAudit | user=null | ip=null | op=PUT_BLOCK {blockData=[blockId=conID: 1 locID: 102670697495724604 bcsId: 0,size=2097152]} | ret=SUCCESS |  
2019-08-24 07:08:36,033 | INFO  | DNAudit | user=null | ip=null | op=WRITE_CHUNK {blockData=conID: 1 locID: 102670697495724604 bcsId: 3376} | ret=SUCCESS |  
2019-08-24 07:08:36,035 | INFO  | DNAudit | user=null | ip=null | op=WRITE_CHUNK {blockData=conID: 1 locID: 102670697495724604 bcsId: 3376} | ret=SUCCESS |  
2019-08-24 07:08:36,035 | INFO  | DNAudit | user=null | ip=null | op=WRITE_CHUNK {blockData=conID: 1 locID: 102670697495724604 bcsId: 3376} | ret=SUCCESS |  
2019-08-24 07:08:36,045 | INFO  | DNAudit | user=null | ip=null | op=WRITE_CHUNK {blockData=conID: 1 locID: 102670697495724604 bcsId: 3376} | ret=SUCCESS |  
2019-08-24 07:08:36,046 | INFO  | DNAudit | user=null | ip=null | op=PUT_BLOCK {blockData=[blockId=conID: 1 locID: 102670697495724604 bcsId: 0,size=3145728]} | ret=SUCCESS |  
2019-08-24 07:08:36,046 [grpc-default-executor-5] INFO  client.GrpcClientProtocolClient (GrpcClientProtocolClient.java:onNext(255)) - client-6EDD19400D46->06a4573b-67a1-41e3-a350-f896363bc636: receive RaftClientReply:client-6EDD19400D46->06a4573b-67a1-41e3-a350-f896363bc636@group-757E3781CD2A, cid=2292, SUCCESS, logIndex=3381, commits[06a4573b-67a1-41e3-a350-f896363bc636:c3382, 0b725bbf-683b-4664-9a2e-3c9dd6e38bc1:c3380, 9193e3b7-ae04-484d-a740-c65c11559486:c3380]
2019-08-24 07:08:36,046 [grpc-default-executor-5] INFO  client.GrpcClientProtocolClient (GrpcClientProtocolClient.java:onNext(255)) - client-6EDD19400D46->06a4573b-67a1-41e3-a350-f896363bc636: receive RaftClientReply:client-6EDD19400D46->06a4573b-67a1-41e3-a350-f896363bc636@group-757E3781CD2A, cid=2293, SUCCESS, logIndex=3382, commits[06a4573b-67a1-41e3-a350-f896363bc636:c3382, 0b725bbf-683b-4664-9a2e-3c9dd6e38bc1:c3380, 9193e3b7-ae04-484d-a740-c65c11559486:c3380]
2019-08-24 07:08:36,053 | INFO  | DNAudit | user=null | ip=null | op=WRITE_CHUNK {blockData=conID: 1 locID: 102670697495724604 bcsId: 3382} | ret=SUCCESS |  
2019-08-24 07:08:36,056 | INFO  | DNAudit | user=null | ip=null | op=WRITE_CHUNK {blockData=conID: 1 locID: 102670697495724604 bcsId: 3382} | ret=SUCCESS |  
2019-08-24 07:08:36,056 | INFO  | DNAudit | user=null | ip=null | op=WRITE_CHUNK {blockData=conID: 1 locID: 102670697495724604 bcsId: 3382} | ret=SUCCESS |  
2019-08-24 07:08:36,057 | INFO  | DNAudit | user=null | ip=null | op=WRITE_CHUNK {blockData=conID: 1 locID: 102670697495724604 bcsId: 3376} | ret=SUCCESS |  
2019-08-24 07:08:36,057 | INFO  | DNAudit | user=null | ip=null | op=WRITE_CHUNK {blockData=conID: 1 locID: 102670697495724604 bcsId: 3376} | ret=SUCCESS |  
2019-08-24 07:08:36,057 | INFO  | DNAudit | user=null | ip=null | op=PUT_BLOCK {blockData=[blockId=conID: 1 locID: 102670697495724604 bcsId: 0,size=3145728]} | ret=SUCCESS |  
2019-08-24 07:08:36,058 | INFO  | DNAudit | user=null | ip=null | op=PUT_BLOCK {blockData=[blockId=conID: 1 locID: 102670697495724604 bcsId: 0,size=3145728]} | ret=SUCCESS |  
2019-08-24 07:08:36,058 | INFO  | DNAudit | user=null | ip=null | op=WRITE_CHUNK {blockData=conID: 1 locID: 102670697495724604 bcsId: 3382} | ret=SUCCESS |  
2019-08-24 07:08:36,058 | INFO  | DNAudit | user=null | ip=null | op=PUT_BLOCK {blockData=[blockId=conID: 1 locID: 102670697495724604 bcsId: 0,size=4194304]} | ret=SUCCESS |  
2019-08-24 07:08:36,059 [grpc-default-executor-0] INFO  client.GrpcClientProtocolClient (GrpcClientProtocolClient.java:onNext(255)) - client-6EDD19400D46->06a4573b-67a1-41e3-a350-f896363bc636: receive RaftClientReply:client-6EDD19400D46->06a4573b-67a1-41e3-a350-f896363bc636@group-757E3781CD2A, cid=2294, SUCCESS, logIndex=3385, commits[06a4573b-67a1-41e3-a350-f896363bc636:c3386, 0b725bbf-683b-4664-9a2e-3c9dd6e38bc1:c3382, 9193e3b7-ae04-484d-a740-c65c11559486:c3382]
2019-08-24 07:08:36,059 [grpc-default-executor-0] INFO  client.GrpcClientProtocolClient (GrpcClientProtocolClient.java:onNext(255)) - client-6EDD19400D46->06a4573b-67a1-41e3-a350-f896363bc636: receive RaftClientReply:client-6EDD19400D46->06a4573b-67a1-41e3-a350-f896363bc636@group-757E3781CD2A, cid=2295, SUCCESS, logIndex=3386, commits[06a4573b-67a1-41e3-a350-f896363bc636:c3386, 0b725bbf-683b-4664-9a2e-3c9dd6e38bc1:c3382, 9193e3b7-ae04-484d-a740-c65c11559486:c3382]
2019-08-24 07:08:36,070 | INFO  | DNAudit | user=null | ip=null | op=WRITE_CHUNK {blockData=conID: 1 locID: 102670697495724604 bcsId: 3382} | ret=SUCCESS |  
2019-08-24 07:08:36,070 | INFO  | DNAudit | user=null | ip=null | op=WRITE_CHUNK {blockData=conID: 1 locID: 102670697495724604 bcsId: 3382} | ret=SUCCESS |  
2019-08-24 07:08:36,072 | INFO  | DNAudit | user=null | ip=null | op=PUT_BLOCK {blockData=[blockId=conID: 1 locID: 102670697495724604 bcsId: 0,size=4194304]} | ret=SUCCESS |  
2019-08-24 07:08:36,073 | INFO  | DNAudit | user=null | ip=null | op=PUT_BLOCK {blockData=[blockId=conID: 1 locID: 102670697495724604 bcsId: 0,size=4194304]} | ret=SUCCESS |  
2019-08-24 07:08:36,073 [grpc-default-executor-0] INFO  client.GrpcClientProtocolClient (GrpcClientProtocolClient.java:onNext(255)) - client-6EDD19400D46->06a4573b-67a1-41e3-a350-f896363bc636: receive RaftClientReply:client-6EDD19400D46->06a4573b-67a1-41e3-a350-f896363bc636@group-757E3781CD2A, cid=2296, SUCCESS, logIndex=0, commits[06a4573b-67a1-41e3-a350-f896363bc636:c3388, 0b725bbf-683b-4664-9a2e-3c9dd6e38bc1:c3386, 9193e3b7-ae04-484d-a740-c65c11559486:c3386]
2019-08-24 07:08:36,078 | INFO  | SCMAudit | user=jenkins1000 | ip=192.168.69.125 | op=ALLOCATE_BLOCK {owner=61bacca8-15b6-4a50-8962-5e9786b18b0d, size=4194304, type=RATIS, factor=THREE} | ret=SUCCESS |  
2019-08-24 07:08:36,081 | INFO  | OMAudit | user=jenkins1000 | ip=127.0.0.1 | op=ALLOCATE_BLOCK {volume=vol-0-26988, bucket=bucket-0-20739, key=key-0-27353, dataSize=0, replicationType=null, replicationFactor=null, keyLocationInfo=null, clientID=102670695851229586} | ret=SUCCESS |  
2019-08-24 07:08:36,088 | INFO  | DNAudit | user=null | ip=null | op=WRITE_CHUNK {blockData=conID: 2 locID: 102670697501688381 bcsId: 0} | ret=SUCCESS |  
2019-08-24 07:08:36,091 | INFO  | DNAudit | user=null | ip=null | op=WRITE_CHUNK {blockData=conID: 2 locID: 102670697501688381 bcsId: 0} | ret=SUCCESS |  
2019-08-24 07:08:36,092 | INFO  | DNAudit | user=null | ip=null | op=WRITE_CHUNK {blockData=conID: 2 locID: 102670697501688381 bcsId: 0} | ret=SUCCESS |  
2019-08-24 07:08:36,093 | INFO  | DNAudit | user=null | ip=null | op=WRITE_CHUNK {blockData=conID: 2 locID: 102670697501688381 bcsId: 0} | ret=SUCCESS |  
2019-08-24 07:08:36,094 | INFO  | DNAudit | user=null | ip=null | op=WRITE_CHUNK {blockData=conID: 2 locID: 102670697501688381 bcsId: 0} | ret=SUCCESS |  
2019-08-24 07:08:36,096 | INFO  | DNAudit | user=null | ip=null | op=WRITE_CHUNK {blockData=conID: 2 locID: 102670697501688381 bcsId: 0} | ret=SUCCESS |  
2019-08-24 07:08:36,102 | INFO  | DNAudit | user=null | ip=null | op=WRITE_CHUNK {blockData=conID: 2 locID: 102670697501688381 bcsId: 0} | ret=SUCCESS |  
2019-08-24 07:08:36,103 | INFO  | DNAudit | user=null | ip=null | op=PUT_BLOCK {blockData=[blockId=conID: 2 locID: 102670697501688381 bcsId: 0,size=1048576]} | ret=SUCCESS |  
2019-08-24 07:08:36,103 [grpc-default-executor-1] INFO  client.GrpcClientProtocolClient (GrpcClientProtocolClient.java:onNext(255)) - client-6EDD19400D46->06a4573b-67a1-41e3-a350-f896363bc636: receive RaftClientReply:client-6EDD19400D46->06a4573b-67a1-41e3-a350-f896363bc636@group-757E3781CD2A, cid=2297, SUCCESS, logIndex=3389, commits[06a4573b-67a1-41e3-a350-f896363bc636:c3390, 0b725bbf-683b-4664-9a2e-3c9dd6e38bc1:c3388, 9193e3b7-ae04-484d-a740-c65c11559486:c3388]
2019-08-24 07:08:36,104 [grpc-default-executor-1] INFO  client.GrpcClientProtocolClient (GrpcClientProtocolClient.java:onNext(255)) - client-6EDD19400D46->06a4573b-67a1-41e3-a350-f896363bc636: receive RaftClientReply:client-6EDD19400D46->06a4573b-67a1-41e3-a350-f896363bc636@group-757E3781CD2A, cid=2298, SUCCESS, logIndex=3390, commits[06a4573b-67a1-41e3-a350-f896363bc636:c3390, 0b725bbf-683b-4664-9a2e-3c9dd6e38bc1:c3388, 9193e3b7-ae04-484d-a740-c65c11559486:c3388]
2019-08-24 07:08:36,115 | INFO  | DNAudit | user=null | ip=null | op=WRITE_CHUNK {blockData=conID: 2 locID: 102670697501688381 bcsId: 0} | ret=SUCCESS |  
2019-08-24 07:08:36,115 | INFO  | DNAudit | user=null | ip=null | op=PUT_BLOCK {blockData=[blockId=conID: 2 locID: 102670697501688381 bcsId: 0,size=2097152]} | ret=SUCCESS |  
2019-08-24 07:08:36,116 [grpc-default-executor-1] INFO  client.GrpcClientProtocolClient (GrpcClientProtocolClient.java:onNext(255)) - client-6EDD19400D46->06a4573b-67a1-41e3-a350-f896363bc636: receive RaftClientReply:client-6EDD19400D46->06a4573b-67a1-41e3-a350-f896363bc636@group-757E3781CD2A, cid=2299, SUCCESS, logIndex=3391, commits[06a4573b-67a1-41e3-a350-f896363bc636:c3392, 0b725bbf-683b-4664-9a2e-3c9dd6e38bc1:c3388, 9193e3b7-ae04-484d-a740-c65c11559486:c3388]
2019-08-24 07:08:36,116 [grpc-default-executor-1] INFO  client.GrpcClientProtocolClient (GrpcClientProtocolClient.java:onNext(255)) - client-6EDD19400D46->06a4573b-67a1-41e3-a350-f896363bc636: receive RaftClientReply:client-6EDD19400D46->06a4573b-67a1-41e3-a350-f896363bc636@group-757E3781CD2A, cid=2300, SUCCESS, logIndex=3392, commits[06a4573b-67a1-41e3-a350-f896363bc636:c3392, 0b725bbf-683b-4664-9a2e-3c9dd6e38bc1:c3388, 9193e3b7-ae04-484d-a740-c65c11559486:c3388]
2019-08-24 07:08:36,128 | INFO  | DNAudit | user=null | ip=null | op=WRITE_CHUNK {blockData=conID: 2 locID: 102670697501688381 bcsId: 0} | ret=SUCCESS |  
2019-08-24 07:08:36,128 | INFO  | DNAudit | user=null | ip=null | op=WRITE_CHUNK {blockData=conID: 2 locID: 102670697501688381 bcsId: 0} | ret=SUCCESS |  
2019-08-24 07:08:36,128 | INFO  | DNAudit | user=null | ip=null | op=PUT_BLOCK {blockData=[blockId=conID: 2 locID: 102670697501688381 bcsId: 0,size=1048576]} | ret=SUCCESS |  
2019-08-24 07:08:36,128 | INFO  | DNAudit | user=null | ip=null | op=PUT_BLOCK {blockData=[blockId=conID: 2 locID: 102670697501688381 bcsId: 0,size=1048576]} | ret=SUCCESS |  
2019-08-24 07:08:36,129 [grpc-default-executor-1] INFO  client.GrpcClientProtocolClient (GrpcClientProtocolClient.java:onNext(255)) - client-6EDD19400D46->06a4573b-67a1-41e3-a350-f896363bc636: receive RaftClientReply:client-6EDD19400D46->06a4573b-67a1-41e3-a350-f896363bc636@group-757E3781CD2A, cid=2301, SUCCESS, logIndex=0, commits[06a4573b-67a1-41e3-a350-f896363bc636:c3394, 0b725bbf-683b-4664-9a2e-3c9dd6e38bc1:c3390, 9193e3b7-ae04-484d-a740-c65c11559486:c3390]
2019-08-24 07:08:36,135 | INFO  | DNAudit | user=null | ip=null | op=WRITE_CHUNK {blockData=conID: 2 locID: 102670697501688381 bcsId: 3392} | ret=SUCCESS |  
2019-08-24 07:08:36,139 | INFO  | DNAudit | user=null | ip=null | op=WRITE_CHUNK {blockData=conID: 2 locID: 102670697501688381 bcsId: 3392} | ret=SUCCESS |  
2019-08-24 07:08:36,139 | INFO  | DNAudit | user=null | ip=null | op=WRITE_CHUNK {blockData=conID: 2 locID: 102670697501688381 bcsId: 3392} | ret=SUCCESS |  
2019-08-24 07:08:36,141 | INFO  | DNAudit | user=null | ip=null | op=WRITE_CHUNK {blockData=conID: 2 locID: 102670697501688381 bcsId: 0} | ret=SUCCESS |  
2019-08-24 07:08:36,141 | INFO  | DNAudit | user=null | ip=null | op=WRITE_CHUNK {blockData=conID: 2 locID: 102670697501688381 bcsId: 0} | ret=SUCCESS |  
2019-08-24 07:08:36,141 | INFO  | DNAudit | user=null | ip=null | op=PUT_BLOCK {blockData=[blockId=conID: 2 locID: 102670697501688381 bcsId: 0,size=2097152]} | ret=SUCCESS |  
2019-08-24 07:08:36,141 | INFO  | DNAudit | user=null | ip=null | op=PUT_BLOCK {blockData=[blockId=conID: 2 locID: 102670697501688381 bcsId: 0,size=2097152]} | ret=SUCCESS |  
2019-08-24 07:08:36,153 | INFO  | DNAudit | user=null | ip=null | op=WRITE_CHUNK {blockData=conID: 2 locID: 102670697501688381 bcsId: 3392} | ret=SUCCESS |  
2019-08-24 07:08:36,153 | INFO  | DNAudit | user=null | ip=null | op=PUT_BLOCK {blockData=[blockId=conID: 2 locID: 102670697501688381 bcsId: 0,size=3145728]} | ret=SUCCESS |  
2019-08-24 07:08:36,153 [grpc-default-executor-1] INFO  client.GrpcClientProtocolClient (GrpcClientProtocolClient.java:onNext(255)) - client-6EDD19400D46->06a4573b-67a1-41e3-a350-f896363bc636: receive RaftClientReply:client-6EDD19400D46->06a4573b-67a1-41e3-a350-f896363bc636@group-757E3781CD2A, cid=2302, SUCCESS, logIndex=3397, commits[06a4573b-67a1-41e3-a350-f896363bc636:c3398, 0b725bbf-683b-4664-9a2e-3c9dd6e38bc1:c3394, 9193e3b7-ae04-484d-a740-c65c11559486:c3394]
2019-08-24 07:08:36,154 [grpc-default-executor-1] INFO  client.GrpcClientProtocolClient (GrpcClientProtocolClient.java:onNext(255)) - client-6EDD19400D46->06a4573b-67a1-41e3-a350-f896363bc636: receive RaftClientReply:client-6EDD19400D46->06a4573b-67a1-41e3-a350-f896363bc636@group-757E3781CD2A, cid=2303, SUCCESS, logIndex=3398, commits[06a4573b-67a1-41e3-a350-f896363bc636:c3398, 0b725bbf-683b-4664-9a2e-3c9dd6e38bc1:c3394, 9193e3b7-ae04-484d-a740-c65c11559486:c3394]
2019-08-24 07:08:36,160 | INFO  | DNAudit | user=null | ip=null | op=WRITE_CHUNK {blockData=conID: 2 locID: 102670697501688381 bcsId: 3398} | ret=SUCCESS |  
2019-08-24 07:08:36,163 | INFO  | DNAudit | user=null | ip=null | op=WRITE_CHUNK {blockData=conID: 2 locID: 102670697501688381 bcsId: 3398} | ret=SUCCESS |  
2019-08-24 07:08:36,163 | INFO  | DNAudit | user=null | ip=null | op=WRITE_CHUNK {blockData=conID: 2 locID: 102670697501688381 bcsId: 3398} | ret=SUCCESS |  
2019-08-24 07:08:36,166 | INFO  | DNAudit | user=null | ip=null | op=WRITE_CHUNK {blockData=conID: 2 locID: 102670697501688381 bcsId: 3392} | ret=SUCCESS |  
2019-08-24 07:08:36,166 | INFO  | DNAudit | user=null | ip=null | op=WRITE_CHUNK {blockData=conID: 2 locID: 102670697501688381 bcsId: 3392} | ret=SUCCESS |  
2019-08-24 07:08:36,179 | INFO  | DNAudit | user=null | ip=null | op=PUT_BLOCK {blockData=[blockId=conID: 2 locID: 102670697501688381 bcsId: 0,size=3145728]} | ret=SUCCESS |  
2019-08-24 07:08:36,179 | INFO  | DNAudit | user=null | ip=null | op=PUT_BLOCK {blockData=[blockId=conID: 2 locID: 102670697501688381 bcsId: 0,size=3145728]} | ret=SUCCESS |  
2019-08-24 07:08:36,179 | INFO  | DNAudit | user=null | ip=null | op=WRITE_CHUNK {blockData=conID: 2 locID: 102670697501688381 bcsId: 3398} | ret=SUCCESS |  
2019-08-24 07:08:36,180 | INFO  | DNAudit | user=null | ip=null | op=PUT_BLOCK {blockData=[blockId=conID: 2 locID: 102670697501688381 bcsId: 0,size=4194304]} | ret=SUCCESS |  
2019-08-24 07:08:36,180 [grpc-default-executor-1] INFO  client.GrpcClientProtocolClient (GrpcClientProtocolClient.java:onNext(255)) - client-6EDD19400D46->06a4573b-67a1-41e3-a350-f896363bc636: receive RaftClientReply:client-6EDD19400D46->06a4573b-67a1-41e3-a350-f896363bc636@group-757E3781CD2A, cid=2304, SUCCESS, logIndex=3401, commits[06a4573b-67a1-41e3-a350-f896363bc636:c3402, 0b725bbf-683b-4664-9a2e-3c9dd6e38bc1:c3398, 9193e3b7-ae04-484d-a740-c65c11559486:c3398]
2019-08-24 07:08:36,180 [grpc-default-executor-1] INFO  client.GrpcClientProtocolClient (GrpcClientProtocolClient.java:onNext(255)) - client-6EDD19400D46->06a4573b-67a1-41e3-a350-f896363bc636: receive RaftClientReply:client-6EDD19400D46->06a4573b-67a1-41e3-a350-f896363bc636@group-757E3781CD2A, cid=2305, SUCCESS, logIndex=3402, commits[06a4573b-67a1-41e3-a350-f896363bc636:c3402, 0b725bbf-683b-4664-9a2e-3c9dd6e38bc1:c3398, 9193e3b7-ae04-484d-a740-c65c11559486:c3398]
2019-08-24 07:08:36,198 | INFO  | DNAudit | user=null | ip=null | op=WRITE_CHUNK {blockData=conID: 2 locID: 102670697501688381 bcsId: 3398} | ret=SUCCESS |  
2019-08-24 07:08:36,199 | INFO  | DNAudit | user=null | ip=null | op=WRITE_CHUNK {blockData=conID: 2 locID: 102670697501688381 bcsId: 3398} | ret=SUCCESS |  
2019-08-24 07:08:36,201 | INFO  | DNAudit | user=null | ip=null | op=PUT_BLOCK {blockData=[blockId=conID: 2 locID: 102670697501688381 bcsId: 0,size=4194304]} | ret=SUCCESS |  
2019-08-24 07:08:36,201 | INFO  | DNAudit | user=null | ip=null | op=PUT_BLOCK {blockData=[blockId=conID: 2 locID: 102670697501688381 bcsId: 0,size=4194304]} | ret=SUCCESS |  
2019-08-24 07:08:36,202 [grpc-default-executor-1] INFO  client.GrpcClientProtocolClient (GrpcClientProtocolClient.java:onNext(255)) - client-6EDD19400D46->06a4573b-67a1-41e3-a350-f896363bc636: receive RaftClientReply:client-6EDD19400D46->06a4573b-67a1-41e3-a350-f896363bc636@group-757E3781CD2A, cid=2306, SUCCESS, logIndex=0, commits[06a4573b-67a1-41e3-a350-f896363bc636:c3404, 0b725bbf-683b-4664-9a2e-3c9dd6e38bc1:c3402, 9193e3b7-ae04-484d-a740-c65c11559486:c3402]
2019-08-24 07:08:36,208 | INFO  | SCMAudit | user=jenkins1000 | ip=192.168.69.125 | op=ALLOCATE_BLOCK {owner=61bacca8-15b6-4a50-8962-5e9786b18b0d, size=4194304, type=RATIS, factor=THREE} | ret=SUCCESS |  
2019-08-24 07:08:36,212 | INFO  | OMAudit | user=jenkins1000 | ip=127.0.0.1 | op=ALLOCATE_BLOCK {volume=vol-0-26988, bucket=bucket-0-20739, key=key-0-27353, dataSize=0, replicationType=null, replicationFactor=null, keyLocationInfo=null, clientID=102670695851229586} | ret=SUCCESS |  
2019-08-24 07:08:36,219 | INFO  | DNAudit | user=null | ip=null | op=WRITE_CHUNK {blockData=conID: 3 locID: 102670697510208062 bcsId: 0} | ret=SUCCESS |  
2019-08-24 07:08:36,222 | INFO  | DNAudit | user=null | ip=null | op=WRITE_CHUNK {blockData=conID: 3 locID: 102670697510208062 bcsId: 0} | ret=SUCCESS |  
2019-08-24 07:08:36,222 | INFO  | DNAudit | user=null | ip=null | op=WRITE_CHUNK {blockData=conID: 3 locID: 102670697510208062 bcsId: 0} | ret=SUCCESS |  
2019-08-24 07:08:36,223 | INFO  | DNAudit | user=null | ip=null | op=WRITE_CHUNK {blockData=conID: 3 locID: 102670697510208062 bcsId: 0} | ret=SUCCESS |  
2019-08-24 07:08:36,224 | INFO  | DNAudit | user=null | ip=null | op=WRITE_CHUNK {blockData=conID: 3 locID: 102670697510208062 bcsId: 0} | ret=SUCCESS |  
2019-08-24 07:08:36,224 | INFO  | DNAudit | user=null | ip=null | op=WRITE_CHUNK {blockData=conID: 3 locID: 102670697510208062 bcsId: 0} | ret=SUCCESS |  
2019-08-24 07:08:36,225 | INFO  | DNAudit | user=null | ip=null | op=WRITE_CHUNK {blockData=conID: 3 locID: 102670697510208062 bcsId: 0} | ret=SUCCESS |  
2019-08-24 07:08:36,226 | INFO  | DNAudit | user=null | ip=null | op=PUT_BLOCK {blockData=[blockId=conID: 3 locID: 102670697510208062 bcsId: 0,size=1048576]} | ret=SUCCESS |  
2019-08-24 07:08:36,226 [grpc-default-executor-5] INFO  client.GrpcClientProtocolClient (GrpcClientProtocolClient.java:onNext(255)) - client-6EDD19400D46->06a4573b-67a1-41e3-a350-f896363bc636: receive RaftClientReply:client-6EDD19400D46->06a4573b-67a1-41e3-a350-f896363bc636@group-757E3781CD2A, cid=2307, SUCCESS, logIndex=3405, commits[06a4573b-67a1-41e3-a350-f896363bc636:c3406, 0b725bbf-683b-4664-9a2e-3c9dd6e38bc1:c3404, 9193e3b7-ae04-484d-a740-c65c11559486:c3402]
2019-08-24 07:08:36,227 [grpc-default-executor-5] INFO  client.GrpcClientProtocolClient (GrpcClientProtocolClient.java:onNext(255)) - client-6EDD19400D46->06a4573b-67a1-41e3-a350-f896363bc636: receive RaftClientReply:client-6EDD19400D46->06a4573b-67a1-41e3-a350-f896363bc636@group-757E3781CD2A, cid=2308, SUCCESS, logIndex=3406, commits[06a4573b-67a1-41e3-a350-f896363bc636:c3406, 0b725bbf-683b-4664-9a2e-3c9dd6e38bc1:c3404, 9193e3b7-ae04-484d-a740-c65c11559486:c3402]
2019-08-24 07:08:36,237 | INFO  | DNAudit | user=null | ip=null | op=WRITE_CHUNK {blockData=conID: 3 locID: 102670697510208062 bcsId: 0} | ret=SUCCESS |  
2019-08-24 07:08:36,237 | INFO  | DNAudit | user=null | ip=null | op=WRITE_CHUNK {blockData=conID: 3 locID: 102670697510208062 bcsId: 0} | ret=SUCCESS |  
2019-08-24 07:08:36,237 | INFO  | DNAudit | user=null | ip=null | op=PUT_BLOCK {blockData=[blockId=conID: 3 locID: 102670697510208062 bcsId: 0,size=2097152]} | ret=SUCCESS |  
2019-08-24 07:08:36,237 | INFO  | DNAudit | user=null | ip=null | op=PUT_BLOCK {blockData=[blockId=conID: 3 locID: 102670697510208062 bcsId: 0,size=1048576]} | ret=SUCCESS |  
2019-08-24 07:08:36,238 | INFO  | DNAudit | user=null | ip=null | op=WRITE_CHUNK {blockData=conID: 3 locID: 102670697510208062 bcsId: 0} | ret=SUCCESS |  
2019-08-24 07:08:36,237 [grpc-default-executor-5] INFO  client.GrpcClientProtocolClient (GrpcClientProtocolClient.java:onNext(255)) - client-6EDD19400D46->06a4573b-67a1-41e3-a350-f896363bc636: receive RaftClientReply:client-6EDD19400D46->06a4573b-67a1-41e3-a350-f896363bc636@group-757E3781CD2A, cid=2309, SUCCESS, logIndex=3407, commits[06a4573b-67a1-41e3-a350-f896363bc636:c3409, 0b725bbf-683b-4664-9a2e-3c9dd6e38bc1:c3404, 9193e3b7-ae04-484d-a740-c65c11559486:c3406]
2019-08-24 07:08:36,238 | INFO  | DNAudit | user=null | ip=null | op=PUT_BLOCK {blockData=[blockId=conID: 3 locID: 102670697510208062 bcsId: 0,size=1048576]} | ret=SUCCESS |  
2019-08-24 07:08:36,238 [grpc-default-executor-5] INFO  client.GrpcClientProtocolClient (GrpcClientProtocolClient.java:onNext(255)) - client-6EDD19400D46->06a4573b-67a1-41e3-a350-f896363bc636: receive RaftClientReply:client-6EDD19400D46->06a4573b-67a1-41e3-a350-f896363bc636@group-757E3781CD2A, cid=2310, SUCCESS, logIndex=3408, commits[06a4573b-67a1-41e3-a350-f896363bc636:c3410, 0b725bbf-683b-4664-9a2e-3c9dd6e38bc1:c3404, 9193e3b7-ae04-484d-a740-c65c11559486:c3406]
2019-08-24 07:08:36,239 [grpc-default-executor-5] INFO  client.GrpcClientProtocolClient (GrpcClientProtocolClient.java:onNext(255)) - client-6EDD19400D46->06a4573b-67a1-41e3-a350-f896363bc636: receive RaftClientReply:client-6EDD19400D46->06a4573b-67a1-41e3-a350-f896363bc636@group-757E3781CD2A, cid=2311, SUCCESS, logIndex=0, commits[06a4573b-67a1-41e3-a350-f896363bc636:c3410, 0b725bbf-683b-4664-9a2e-3c9dd6e38bc1:c3406, 9193e3b7-ae04-484d-a740-c65c11559486:c3406]
2019-08-24 07:08:36,240 | INFO  | DNAudit | user=null | ip=null | op=WRITE_CHUNK {blockData=conID: 3 locID: 102670697510208062 bcsId: 0} | ret=SUCCESS |  
2019-08-24 07:08:36,245 | INFO  | DNAudit | user=null | ip=null | op=WRITE_CHUNK {blockData=conID: 3 locID: 102670697510208062 bcsId: 3408} | ret=SUCCESS |  
2019-08-24 07:08:36,248 | INFO  | DNAudit | user=null | ip=null | op=WRITE_CHUNK {blockData=conID: 3 locID: 102670697510208062 bcsId: 3408} | ret=SUCCESS |  
2019-08-24 07:08:36,249 | INFO  | DNAudit | user=null | ip=null | op=WRITE_CHUNK {blockData=conID: 3 locID: 102670697510208062 bcsId: 3408} | ret=SUCCESS |  
2019-08-24 07:08:36,251 | INFO  | DNAudit | user=null | ip=null | op=WRITE_CHUNK {blockData=conID: 3 locID: 102670697510208062 bcsId: 0} | ret=SUCCESS |  
2019-08-24 07:08:36,251 | INFO  | DNAudit | user=null | ip=null | op=PUT_BLOCK {blockData=[blockId=conID: 3 locID: 102670697510208062 bcsId: 0,size=2097152]} | ret=SUCCESS |  
2019-08-24 07:08:36,251 | INFO  | DNAudit | user=null | ip=null | op=PUT_BLOCK {blockData=[blockId=conID: 3 locID: 102670697510208062 bcsId: 0,size=2097152]} | ret=SUCCESS |  
2019-08-24 07:08:36,254 | INFO  | DNAudit | user=null | ip=null | op=WRITE_CHUNK {blockData=conID: 3 locID: 102670697510208062 bcsId: 3408} | ret=SUCCESS |  
2019-08-24 07:08:36,254 | INFO  | DNAudit | user=null | ip=null | op=PUT_BLOCK {blockData=[blockId=conID: 3 locID: 102670697510208062 bcsId: 0,size=3145728]} | ret=SUCCESS |  
2019-08-24 07:08:36,254 [grpc-default-executor-5] INFO  client.GrpcClientProtocolClient (GrpcClientProtocolClient.java:onNext(255)) - client-6EDD19400D46->06a4573b-67a1-41e3-a350-f896363bc636: receive RaftClientReply:client-6EDD19400D46->06a4573b-67a1-41e3-a350-f896363bc636@group-757E3781CD2A, cid=2312, SUCCESS, logIndex=3413, commits[06a4573b-67a1-41e3-a350-f896363bc636:c3414, 0b725bbf-683b-4664-9a2e-3c9dd6e38bc1:c3411, 9193e3b7-ae04-484d-a740-c65c11559486:c3408]
2019-08-24 07:08:36,255 [grpc-default-executor-5] INFO  client.GrpcClientProtocolClient (GrpcClientProtocolClient.java:onNext(255)) - client-6EDD19400D46->06a4573b-67a1-41e3-a350-f896363bc636: receive RaftClientReply:client-6EDD19400D46->06a4573b-67a1-41e3-a350-f896363bc636@group-757E3781CD2A, cid=2313, SUCCESS, logIndex=3414, commits[06a4573b-67a1-41e3-a350-f896363bc636:c3414, 0b725bbf-683b-4664-9a2e-3c9dd6e38bc1:c3411, 9193e3b7-ae04-484d-a740-c65c11559486:c3411]
2019-08-24 07:08:36,261 | INFO  | DNAudit | user=null | ip=null | op=WRITE_CHUNK {blockData=conID: 3 locID: 102670697510208062 bcsId: 3414} | ret=SUCCESS |  
2019-08-24 07:08:36,264 | INFO  | DNAudit | user=null | ip=null | op=WRITE_CHUNK {blockData=conID: 3 locID: 102670697510208062 bcsId: 3414} | ret=SUCCESS |  
2019-08-24 07:08:36,264 | INFO  | DNAudit | user=null | ip=null | op=WRITE_CHUNK {blockData=conID: 3 locID: 102670697510208062 bcsId: 3414} | ret=SUCCESS |  
2019-08-24 07:08:36,266 | INFO  | DNAudit | user=null | ip=null | op=WRITE_CHUNK {blockData=conID: 3 locID: 102670697510208062 bcsId: 3408} | ret=SUCCESS |  
2019-08-24 07:08:36,266 | INFO  | DNAudit | user=null | ip=null | op=WRITE_CHUNK {blockData=conID: 3 locID: 102670697510208062 bcsId: 3408} | ret=SUCCESS |  
2019-08-24 07:08:36,266 | INFO  | DNAudit | user=null | ip=null | op=PUT_BLOCK {blockData=[blockId=conID: 3 locID: 102670697510208062 bcsId: 0,size=3145728]} | ret=SUCCESS |  
2019-08-24 07:08:36,266 | INFO  | DNAudit | user=null | ip=null | op=PUT_BLOCK {blockData=[blockId=conID: 3 locID: 102670697510208062 bcsId: 0,size=3145728]} | ret=SUCCESS |  
2019-08-24 07:08:36,269 | INFO  | DNAudit | user=null | ip=null | op=WRITE_CHUNK {blockData=conID: 3 locID: 102670697510208062 bcsId: 3414} | ret=SUCCESS |  
2019-08-24 07:08:36,269 | INFO  | DNAudit | user=null | ip=null | op=PUT_BLOCK {blockData=[blockId=conID: 3 locID: 102670697510208062 bcsId: 0,size=4194304]} | ret=SUCCESS |  
2019-08-24 07:08:36,269 [grpc-default-executor-1] INFO  client.GrpcClientProtocolClient (GrpcClientProtocolClient.java:onNext(255)) - client-6EDD19400D46->06a4573b-67a1-41e3-a350-f896363bc636: receive RaftClientReply:client-6EDD19400D46->06a4573b-67a1-41e3-a350-f896363bc636@group-757E3781CD2A, cid=2314, SUCCESS, logIndex=3416, commits[06a4573b-67a1-41e3-a350-f896363bc636:c3417, 0b725bbf-683b-4664-9a2e-3c9dd6e38bc1:c3414, 9193e3b7-ae04-484d-a740-c65c11559486:c3414]
2019-08-24 07:08:36,270 [grpc-default-executor-1] INFO  client.GrpcClientProtocolClient (GrpcClientProtocolClient.java:onNext(255)) - client-6EDD19400D46->06a4573b-67a1-41e3-a350-f896363bc636: receive RaftClientReply:client-6EDD19400D46->06a4573b-67a1-41e3-a350-f896363bc636@group-757E3781CD2A, cid=2315, SUCCESS, logIndex=3417, commits[06a4573b-67a1-41e3-a350-f896363bc636:c3417, 0b725bbf-683b-4664-9a2e-3c9dd6e38bc1:c3414, 9193e3b7-ae04-484d-a740-c65c11559486:c3414]
2019-08-24 07:08:36,280 | INFO  | DNAudit | user=null | ip=null | op=WRITE_CHUNK {blockData=conID: 3 locID: 102670697510208062 bcsId: 3414} | ret=SUCCESS |  
2019-08-24 07:08:36,280 | INFO  | DNAudit | user=null | ip=null | op=WRITE_CHUNK {blockData=conID: 3 locID: 102670697510208062 bcsId: 3414} | ret=SUCCESS |  
2019-08-24 07:08:36,283 | INFO  | DNAudit | user=null | ip=null | op=PUT_BLOCK {blockData=[blockId=conID: 3 locID: 102670697510208062 bcsId: 0,size=4194304]} | ret=SUCCESS |  
2019-08-24 07:08:36,283 | INFO  | DNAudit | user=null | ip=null | op=PUT_BLOCK {blockData=[blockId=conID: 3 locID: 102670697510208062 bcsId: 0,size=4194304]} | ret=SUCCESS |  
2019-08-24 07:08:36,284 [grpc-default-executor-5] INFO  client.GrpcClientProtocolClient (GrpcClientProtocolClient.java:onNext(255)) - client-6EDD19400D46->06a4573b-67a1-41e3-a350-f896363bc636: receive RaftClientReply:client-6EDD19400D46->06a4573b-67a1-41e3-a350-f896363bc636@group-757E3781CD2A, cid=2316, SUCCESS, logIndex=0, commits[06a4573b-67a1-41e3-a350-f896363bc636:c3419, 0b725bbf-683b-4664-9a2e-3c9dd6e38bc1:c3417, 9193e3b7-ae04-484d-a740-c65c11559486:c3417]
2019-08-24 07:08:36,289 | INFO  | SCMAudit | user=jenkins1000 | ip=192.168.69.125 | op=ALLOCATE_BLOCK {owner=61bacca8-15b6-4a50-8962-5e9786b18b0d, size=4194304, type=RATIS, factor=THREE} | ret=SUCCESS |  
2019-08-24 07:08:36,292 | INFO  | OMAudit | user=jenkins1000 | ip=127.0.0.1 | op=ALLOCATE_BLOCK {volume=vol-0-26988, bucket=bucket-0-20739, key=key-0-27353, dataSize=0, replicationType=null, replicationFactor=null, keyLocationInfo=null, clientID=102670695851229586} | ret=SUCCESS |  
2019-08-24 07:08:36,300 | INFO  | DNAudit | user=null | ip=null | op=WRITE_CHUNK {blockData=conID: 1 locID: 102670697515516479 bcsId: 0} | ret=SUCCESS |  
2019-08-24 07:08:36,303 | INFO  | DNAudit | user=null | ip=null | op=WRITE_CHUNK {blockData=conID: 1 locID: 102670697515516479 bcsId: 0} | ret=SUCCESS |  
2019-08-24 07:08:36,303 | INFO  | DNAudit | user=null | ip=null | op=WRITE_CHUNK {blockData=conID: 1 locID: 102670697515516479 bcsId: 0} | ret=SUCCESS |  
2019-08-24 07:08:36,304 | INFO  | DNAudit | user=null | ip=null | op=WRITE_CHUNK {blockData=conID: 1 locID: 102670697515516479 bcsId: 0} | ret=SUCCESS |  
2019-08-24 07:08:36,306 | INFO  | DNAudit | user=null | ip=null | op=WRITE_CHUNK {blockData=conID: 1 locID: 102670697515516479 bcsId: 0} | ret=SUCCESS |  
2019-08-24 07:08:36,306 | INFO  | DNAudit | user=null | ip=null | op=WRITE_CHUNK {blockData=conID: 1 locID: 102670697515516479 bcsId: 0} | ret=SUCCESS |  
2019-08-24 07:08:36,314 | INFO  | DNAudit | user=null | ip=null | op=WRITE_CHUNK {blockData=conID: 1 locID: 102670697515516479 bcsId: 0} | ret=SUCCESS |  
2019-08-24 07:08:36,314 | INFO  | DNAudit | user=null | ip=null | op=PUT_BLOCK {blockData=[blockId=conID: 1 locID: 102670697515516479 bcsId: 0,size=1048576]} | ret=SUCCESS |  
2019-08-24 07:08:36,315 [grpc-default-executor-2] INFO  client.GrpcClientProtocolClient (GrpcClientProtocolClient.java:onNext(255)) - client-6EDD19400D46->06a4573b-67a1-41e3-a350-f896363bc636: receive RaftClientReply:client-6EDD19400D46->06a4573b-67a1-41e3-a350-f896363bc636@group-757E3781CD2A, cid=2317, SUCCESS, logIndex=3420, commits[06a4573b-67a1-41e3-a350-f896363bc636:c3421, 0b725bbf-683b-4664-9a2e-3c9dd6e38bc1:c3419, 9193e3b7-ae04-484d-a740-c65c11559486:c3419]
2019-08-24 07:08:36,315 [grpc-default-executor-2] INFO  client.GrpcClientProtocolClient (GrpcClientProtocolClient.java:onNext(255)) - client-6EDD19400D46->06a4573b-67a1-41e3-a350-f896363bc636: receive RaftClientReply:client-6EDD19400D46->06a4573b-67a1-41e3-a350-f896363bc636@group-757E3781CD2A, cid=2318, SUCCESS, logIndex=3421, commits[06a4573b-67a1-41e3-a350-f896363bc636:c3421, 0b725bbf-683b-4664-9a2e-3c9dd6e38bc1:c3419, 9193e3b7-ae04-484d-a740-c65c11559486:c3419]
2019-08-24 07:08:36,327 | INFO  | DNAudit | user=null | ip=null | op=WRITE_CHUNK {blockData=conID: 1 locID: 102670697515516479 bcsId: 0} | ret=SUCCESS |  
2019-08-24 07:08:36,328 | INFO  | DNAudit | user=null | ip=null | op=PUT_BLOCK {blockData=[blockId=conID: 1 locID: 102670697515516479 bcsId: 0,size=2097152]} | ret=SUCCESS |  
2019-08-24 07:08:36,328 [grpc-default-executor-2] INFO  client.GrpcClientProtocolClient (GrpcClientProtocolClient.java:onNext(255)) - client-6EDD19400D46->06a4573b-67a1-41e3-a350-f896363bc636: receive RaftClientReply:client-6EDD19400D46->06a4573b-67a1-41e3-a350-f896363bc636@group-757E3781CD2A, cid=2319, SUCCESS, logIndex=3422, commits[06a4573b-67a1-41e3-a350-f896363bc636:c3423, 0b725bbf-683b-4664-9a2e-3c9dd6e38bc1:c3419, 9193e3b7-ae04-484d-a740-c65c11559486:c3419]
2019-08-24 07:08:36,328 [grpc-default-executor-2] INFO  client.GrpcClientProtocolClient (GrpcClientProtocolClient.java:onNext(255)) - client-6EDD19400D46->06a4573b-67a1-41e3-a350-f896363bc636: receive RaftClientReply:client-6EDD19400D46->06a4573b-67a1-41e3-a350-f896363bc636@group-757E3781CD2A, cid=2320, SUCCESS, logIndex=3423, commits[06a4573b-67a1-41e3-a350-f896363bc636:c3423, 0b725bbf-683b-4664-9a2e-3c9dd6e38bc1:c3419, 9193e3b7-ae04-484d-a740-c65c11559486:c3419]
2019-08-24 07:08:36,340 | INFO  | DNAudit | user=null | ip=null | op=WRITE_CHUNK {blockData=conID: 1 locID: 102670697515516479 bcsId: 0} | ret=SUCCESS |  
2019-08-24 07:08:36,340 | INFO  | DNAudit | user=null | ip=null | op=PUT_BLOCK {blockData=[blockId=conID: 1 locID: 102670697515516479 bcsId: 0,size=1048576]} | ret=SUCCESS |  
2019-08-24 07:08:36,340 | INFO  | DNAudit | user=null | ip=null | op=WRITE_CHUNK {blockData=conID: 1 locID: 102670697515516479 bcsId: 0} | ret=SUCCESS |  
2019-08-24 07:08:36,340 | INFO  | DNAudit | user=null | ip=null | op=PUT_BLOCK {blockData=[blockId=conID: 1 locID: 102670697515516479 bcsId: 0,size=1048576]} | ret=SUCCESS |  
2019-08-24 07:08:36,341 [grpc-default-executor-2] INFO  client.GrpcClientProtocolClient (GrpcClientProtocolClient.java:onNext(255)) - client-6EDD19400D46->06a4573b-67a1-41e3-a350-f896363bc636: receive RaftClientReply:client-6EDD19400D46->06a4573b-67a1-41e3-a350-f896363bc636@group-757E3781CD2A, cid=2321, SUCCESS, logIndex=0, commits[06a4573b-67a1-41e3-a350-f896363bc636:c3425, 0b725bbf-683b-4664-9a2e-3c9dd6e38bc1:c3421, 9193e3b7-ae04-484d-a740-c65c11559486:c3421]
2019-08-24 07:08:36,348 | INFO  | DNAudit | user=null | ip=null | op=WRITE_CHUNK {blockData=conID: 1 locID: 102670697515516479 bcsId: 3423} | ret=SUCCESS |  
2019-08-24 07:08:36,351 | INFO  | DNAudit | user=null | ip=null | op=WRITE_CHUNK {blockData=conID: 1 locID: 102670697515516479 bcsId: 3423} | ret=SUCCESS |  
2019-08-24 07:08:36,351 | INFO  | DNAudit | user=null | ip=null | op=WRITE_CHUNK {blockData=conID: 1 locID: 102670697515516479 bcsId: 0} | ret=SUCCESS |  
2019-08-24 07:08:36,351 | INFO  | DNAudit | user=null | ip=null | op=WRITE_CHUNK {blockData=conID: 1 locID: 102670697515516479 bcsId: 3423} | ret=SUCCESS |  
2019-08-24 07:08:36,351 | INFO  | DNAudit | user=null | ip=null | op=WRITE_CHUNK {blockData=conID: 1 locID: 102670697515516479 bcsId: 0} | ret=SUCCESS |  
2019-08-24 07:08:36,351 | INFO  | DNAudit | user=null | ip=null | op=PUT_BLOCK {blockData=[blockId=conID: 1 locID: 102670697515516479 bcsId: 0,size=2097152]} | ret=SUCCESS |  
2019-08-24 07:08:36,352 | INFO  | DNAudit | user=null | ip=null | op=PUT_BLOCK {blockData=[blockId=conID: 1 locID: 102670697515516479 bcsId: 0,size=2097152]} | ret=SUCCESS |  
2019-08-24 07:08:36,353 | INFO  | DNAudit | user=null | ip=null | op=WRITE_CHUNK {blockData=conID: 1 locID: 102670697515516479 bcsId: 3423} | ret=SUCCESS |  
2019-08-24 07:08:36,353 | INFO  | DNAudit | user=null | ip=null | op=PUT_BLOCK {blockData=[blockId=conID: 1 locID: 102670697515516479 bcsId: 0,size=3145728]} | ret=SUCCESS |  
2019-08-24 07:08:36,353 [grpc-default-executor-1] INFO  client.GrpcClientProtocolClient (GrpcClientProtocolClient.java:onNext(255)) - client-6EDD19400D46->06a4573b-67a1-41e3-a350-f896363bc636: receive RaftClientReply:client-6EDD19400D46->06a4573b-67a1-41e3-a350-f896363bc636@group-757E3781CD2A, cid=2322, SUCCESS, logIndex=3428, commits[06a4573b-67a1-41e3-a350-f896363bc636:c3429, 0b725bbf-683b-4664-9a2e-3c9dd6e38bc1:c3423, 9193e3b7-ae04-484d-a740-c65c11559486:c3425]
2019-08-24 07:08:36,354 [grpc-default-executor-1] INFO  client.GrpcClientProtocolClient (GrpcClientProtocolClient.java:onNext(255)) - client-6EDD19400D46->06a4573b-67a1-41e3-a350-f896363bc636: receive RaftClientReply:client-6EDD19400D46->06a4573b-67a1-41e3-a350-f896363bc636@group-757E3781CD2A, cid=2323, SUCCESS, logIndex=3429, commits[06a4573b-67a1-41e3-a350-f896363bc636:c3429, 0b725bbf-683b-4664-9a2e-3c9dd6e38bc1:c3423, 9193e3b7-ae04-484d-a740-c65c11559486:c3425]
2019-08-24 07:08:36,361 | INFO  | DNAudit | user=null | ip=null | op=WRITE_CHUNK {blockData=conID: 1 locID: 102670697515516479 bcsId: 3429} | ret=SUCCESS |  
2019-08-24 07:08:36,364 | INFO  | DNAudit | user=null | ip=null | op=WRITE_CHUNK {blockData=conID: 1 locID: 102670697515516479 bcsId: 3429} | ret=SUCCESS |  
2019-08-24 07:08:36,364 | INFO  | DNAudit | user=null | ip=null | op=WRITE_CHUNK {blockData=conID: 1 locID: 102670697515516479 bcsId: 3429} | ret=SUCCESS |  
2019-08-24 07:08:36,367 | INFO  | DNAudit | user=null | ip=null | op=WRITE_CHUNK {blockData=conID: 1 locID: 102670697515516479 bcsId: 3423} | ret=SUCCESS |  
2019-08-24 07:08:36,368 | INFO  | DNAudit | user=null | ip=null | op=WRITE_CHUNK {blockData=conID: 1 locID: 102670697515516479 bcsId: 3423} | ret=SUCCESS |  
2019-08-24 07:08:36,368 | INFO  | DNAudit | user=null | ip=null | op=PUT_BLOCK {blockData=[blockId=conID: 1 locID: 102670697515516479 bcsId: 0,size=3145728]} | ret=SUCCESS |  
2019-08-24 07:08:36,381 | INFO  | DNAudit | user=null | ip=null | op=PUT_BLOCK {blockData=[blockId=conID: 1 locID: 102670697515516479 bcsId: 0,size=3145728]} | ret=SUCCESS |  
2019-08-24 07:08:36,381 | INFO  | DNAudit | user=null | ip=null | op=WRITE_CHUNK {blockData=conID: 1 locID: 102670697515516479 bcsId: 3429} | ret=SUCCESS |  
2019-08-24 07:08:36,382 | INFO  | DNAudit | user=null | ip=null | op=PUT_BLOCK {blockData=[blockId=conID: 1 locID: 102670697515516479 bcsId: 0,size=4194304]} | ret=SUCCESS |  
2019-08-24 07:08:36,382 [grpc-default-executor-2] INFO  client.GrpcClientProtocolClient (GrpcClientProtocolClient.java:onNext(255)) - client-6EDD19400D46->06a4573b-67a1-41e3-a350-f896363bc636: receive RaftClientReply:client-6EDD19400D46->06a4573b-67a1-41e3-a350-f896363bc636@group-757E3781CD2A, cid=2324, SUCCESS, logIndex=3432, commits[06a4573b-67a1-41e3-a350-f896363bc636:c3433, 0b725bbf-683b-4664-9a2e-3c9dd6e38bc1:c3429, 9193e3b7-ae04-484d-a740-c65c11559486:c3429]
2019-08-24 07:08:36,382 [grpc-default-executor-2] INFO  client.GrpcClientProtocolClient (GrpcClientProtocolClient.java:onNext(255)) - client-6EDD19400D46->06a4573b-67a1-41e3-a350-f896363bc636: receive RaftClientReply:client-6EDD19400D46->06a4573b-67a1-41e3-a350-f896363bc636@group-757E3781CD2A, cid=2325, SUCCESS, logIndex=3433, commits[06a4573b-67a1-41e3-a350-f896363bc636:c3433, 0b725bbf-683b-4664-9a2e-3c9dd6e38bc1:c3429, 9193e3b7-ae04-484d-a740-c65c11559486:c3429]
2019-08-24 07:08:36,392 | INFO  | DNAudit | user=null | ip=null | op=WRITE_CHUNK {blockData=conID: 1 locID: 102670697515516479 bcsId: 3429} | ret=SUCCESS |  
2019-08-24 07:08:36,392 | INFO  | DNAudit | user=null | ip=null | op=WRITE_CHUNK {blockData=conID: 1 locID: 102670697515516479 bcsId: 3429} | ret=SUCCESS |  
2019-08-24 07:08:36,395 | INFO  | DNAudit | user=null | ip=null | op=PUT_BLOCK {blockData=[blockId=conID: 1 locID: 102670697515516479 bcsId: 0,size=4194304]} | ret=SUCCESS |  
2019-08-24 07:08:36,395 | INFO  | DNAudit | user=null | ip=null | op=PUT_BLOCK {blockData=[blockId=conID: 1 locID: 102670697515516479 bcsId: 0,size=4194304]} | ret=SUCCESS |  
2019-08-24 07:08:36,396 [grpc-default-executor-2] INFO  client.GrpcClientProtocolClient (GrpcClientProtocolClient.java:onNext(255)) - client-6EDD19400D46->06a4573b-67a1-41e3-a350-f896363bc636: receive RaftClientReply:client-6EDD19400D46->06a4573b-67a1-41e3-a350-f896363bc636@group-757E3781CD2A, cid=2326, SUCCESS, logIndex=0, commits[06a4573b-67a1-41e3-a350-f896363bc636:c3435, 0b725bbf-683b-4664-9a2e-3c9dd6e38bc1:c3433, 9193e3b7-ae04-484d-a740-c65c11559486:c3433]
2019-08-24 07:08:36,403 | INFO  | SCMAudit | user=jenkins1000 | ip=192.168.69.125 | op=ALLOCATE_BLOCK {owner=61bacca8-15b6-4a50-8962-5e9786b18b0d, size=4194304, type=RATIS, factor=THREE} | ret=SUCCESS |  
2019-08-24 07:08:36,408 | INFO  | OMAudit | user=jenkins1000 | ip=127.0.0.1 | op=ALLOCATE_BLOCK {volume=vol-0-26988, bucket=bucket-0-20739, key=key-0-27353, dataSize=0, replicationType=null, replicationFactor=null, keyLocationInfo=null, clientID=102670695851229586} | ret=SUCCESS |  
2019-08-24 07:08:36,416 | INFO  | DNAudit | user=null | ip=null | op=WRITE_CHUNK {blockData=conID: 2 locID: 102670697522987584 bcsId: 0} | ret=SUCCESS |  
2019-08-24 07:08:36,420 | INFO  | DNAudit | user=null | ip=null | op=WRITE_CHUNK {blockData=conID: 2 locID: 102670697522987584 bcsId: 0} | ret=SUCCESS |  
2019-08-24 07:08:36,420 | INFO  | DNAudit | user=null | ip=null | op=WRITE_CHUNK {blockData=conID: 2 locID: 102670697522987584 bcsId: 0} | ret=SUCCESS |  
2019-08-24 07:08:36,420 | INFO  | DNAudit | user=null | ip=null | op=WRITE_CHUNK {blockData=conID: 2 locID: 102670697522987584 bcsId: 0} | ret=SUCCESS |  
2019-08-24 07:08:36,422 | INFO  | DNAudit | user=null | ip=null | op=WRITE_CHUNK {blockData=conID: 2 locID: 102670697522987584 bcsId: 0} | ret=SUCCESS |  
2019-08-24 07:08:36,422 | INFO  | DNAudit | user=null | ip=null | op=WRITE_CHUNK {blockData=conID: 2 locID: 102670697522987584 bcsId: 0} | ret=SUCCESS |  
2019-08-24 07:08:36,429 | INFO  | DNAudit | user=null | ip=null | op=WRITE_CHUNK {blockData=conID: 2 locID: 102670697522987584 bcsId: 0} | ret=SUCCESS |  
2019-08-24 07:08:36,429 | INFO  | DNAudit | user=null | ip=null | op=PUT_BLOCK {blockData=[blockId=conID: 2 locID: 102670697522987584 bcsId: 0,size=1048576]} | ret=SUCCESS |  
2019-08-24 07:08:36,429 [grpc-default-executor-2] INFO  client.GrpcClientProtocolClient (GrpcClientProtocolClient.java:onNext(255)) - client-6EDD19400D46->06a4573b-67a1-41e3-a350-f896363bc636: receive RaftClientReply:client-6EDD19400D46->06a4573b-67a1-41e3-a350-f896363bc636@group-757E3781CD2A, cid=2327, SUCCESS, logIndex=3436, commits[06a4573b-67a1-41e3-a350-f896363bc636:c3437, 0b725bbf-683b-4664-9a2e-3c9dd6e38bc1:c3435, 9193e3b7-ae04-484d-a740-c65c11559486:c3435]
2019-08-24 07:08:36,430 | INFO  | DNAudit | user=null | ip=null | op=WRITE_CHUNK {blockData=conID: 2 locID: 102670697522987584 bcsId: 0} | ret=SUCCESS |  
2019-08-24 07:08:36,430 | INFO  | DNAudit | user=null | ip=null | op=PUT_BLOCK {blockData=[blockId=conID: 2 locID: 102670697522987584 bcsId: 0,size=2097152]} | ret=SUCCESS |  
2019-08-24 07:08:36,430 | INFO  | DNAudit | user=null | ip=null | op=WRITE_CHUNK {blockData=conID: 2 locID: 102670697522987584 bcsId: 0} | ret=SUCCESS |  
2019-08-24 07:08:36,430 [grpc-default-executor-5] INFO  client.GrpcClientProtocolClient (GrpcClientProtocolClient.java:onNext(255)) - client-6EDD19400D46->06a4573b-67a1-41e3-a350-f896363bc636: receive RaftClientReply:client-6EDD19400D46->06a4573b-67a1-41e3-a350-f896363bc636@group-757E3781CD2A, cid=2328, SUCCESS, logIndex=3437, commits[06a4573b-67a1-41e3-a350-f896363bc636:c3439, 0b725bbf-683b-4664-9a2e-3c9dd6e38bc1:c3435, 9193e3b7-ae04-484d-a740-c65c11559486:c3435]
2019-08-24 07:08:36,431 | INFO  | DNAudit | user=null | ip=null | op=PUT_BLOCK {blockData=[blockId=conID: 2 locID: 102670697522987584 bcsId: 0,size=1048576]} | ret=SUCCESS |  
2019-08-24 07:08:36,431 [grpc-default-executor-5] INFO  client.GrpcClientProtocolClient (GrpcClientProtocolClient.java:onNext(255)) - client-6EDD19400D46->06a4573b-67a1-41e3-a350-f896363bc636: receive RaftClientReply:client-6EDD19400D46->06a4573b-67a1-41e3-a350-f896363bc636@group-757E3781CD2A, cid=2329, SUCCESS, logIndex=3438, commits[06a4573b-67a1-41e3-a350-f896363bc636:c3439, 0b725bbf-683b-4664-9a2e-3c9dd6e38bc1:c3435, 9193e3b7-ae04-484d-a740-c65c11559486:c3435]
2019-08-24 07:08:36,431 | INFO  | DNAudit | user=null | ip=null | op=WRITE_CHUNK {blockData=conID: 2 locID: 102670697522987584 bcsId: 0} | ret=SUCCESS |  
2019-08-24 07:08:36,431 [grpc-default-executor-5] INFO  client.GrpcClientProtocolClient (GrpcClientProtocolClient.java:onNext(255)) - client-6EDD19400D46->06a4573b-67a1-41e3-a350-f896363bc636: receive RaftClientReply:client-6EDD19400D46->06a4573b-67a1-41e3-a350-f896363bc636@group-757E3781CD2A, cid=2330, SUCCESS, logIndex=3439, commits[06a4573b-67a1-41e3-a350-f896363bc636:c3440, 0b725bbf-683b-4664-9a2e-3c9dd6e38bc1:c3435, 9193e3b7-ae04-484d-a740-c65c11559486:c3436]
2019-08-24 07:08:36,432 | INFO  | DNAudit | user=null | ip=null | op=PUT_BLOCK {blockData=[blockId=conID: 2 locID: 102670697522987584 bcsId: 0,size=1048576]} | ret=SUCCESS |  
2019-08-24 07:08:36,432 | INFO  | DNAudit | user=null | ip=null | op=WRITE_CHUNK {blockData=conID: 2 locID: 102670697522987584 bcsId: 0} | ret=SUCCESS |  
2019-08-24 07:08:36,432 | INFO  | DNAudit | user=null | ip=null | op=WRITE_CHUNK {blockData=conID: 2 locID: 102670697522987584 bcsId: 0} | ret=SUCCESS |  
2019-08-24 07:08:36,432 | INFO  | DNAudit | user=null | ip=null | op=PUT_BLOCK {blockData=[blockId=conID: 2 locID: 102670697522987584 bcsId: 0,size=2097152]} | ret=SUCCESS |  
2019-08-24 07:08:36,432 | INFO  | DNAudit | user=null | ip=null | op=PUT_BLOCK {blockData=[blockId=conID: 2 locID: 102670697522987584 bcsId: 0,size=2097152]} | ret=SUCCESS |  
2019-08-24 07:08:36,432 [grpc-default-executor-5] INFO  client.GrpcClientProtocolClient (GrpcClientProtocolClient.java:onNext(255)) - client-6EDD19400D46->06a4573b-67a1-41e3-a350-f896363bc636: receive RaftClientReply:client-6EDD19400D46->06a4573b-67a1-41e3-a350-f896363bc636@group-757E3781CD2A, cid=2331, SUCCESS, logIndex=0, commits[06a4573b-67a1-41e3-a350-f896363bc636:c3443, 0b725bbf-683b-4664-9a2e-3c9dd6e38bc1:c3439, 9193e3b7-ae04-484d-a740-c65c11559486:c3437]
2019-08-24 07:08:36,440 | INFO  | DNAudit | user=null | ip=null | op=WRITE_CHUNK {blockData=conID: 2 locID: 102670697522987584 bcsId: 3439} | ret=SUCCESS |  
2019-08-24 07:08:36,443 | INFO  | DNAudit | user=null | ip=null | op=WRITE_CHUNK {blockData=conID: 2 locID: 102670697522987584 bcsId: 3439} | ret=SUCCESS |  
2019-08-24 07:08:36,443 | INFO  | DNAudit | user=null | ip=null | op=WRITE_CHUNK {blockData=conID: 2 locID: 102670697522987584 bcsId: 3439} | ret=SUCCESS |  
2019-08-24 07:08:36,452 | INFO  | DNAudit | user=null | ip=null | op=WRITE_CHUNK {blockData=conID: 2 locID: 102670697522987584 bcsId: 3439} | ret=SUCCESS |  
2019-08-24 07:08:36,453 | INFO  | DNAudit | user=null | ip=null | op=PUT_BLOCK {blockData=[blockId=conID: 2 locID: 102670697522987584 bcsId: 0,size=3145728]} | ret=SUCCESS |  
2019-08-24 07:08:36,453 [grpc-default-executor-1] INFO  client.GrpcClientProtocolClient (GrpcClientProtocolClient.java:onNext(255)) - client-6EDD19400D46->06a4573b-67a1-41e3-a350-f896363bc636: receive RaftClientReply:client-6EDD19400D46->06a4573b-67a1-41e3-a350-f896363bc636@group-757E3781CD2A, cid=2332, SUCCESS, logIndex=3444, commits[06a4573b-67a1-41e3-a350-f896363bc636:c3445, 0b725bbf-683b-4664-9a2e-3c9dd6e38bc1:c3443, 9193e3b7-ae04-484d-a740-c65c11559486:c3443]
2019-08-24 07:08:36,453 [grpc-default-executor-1] INFO  client.GrpcClientProtocolClient (GrpcClientProtocolClient.java:onNext(255)) - client-6EDD19400D46->06a4573b-67a1-41e3-a350-f896363bc636: receive RaftClientReply:client-6EDD19400D46->06a4573b-67a1-41e3-a350-f896363bc636@group-757E3781CD2A, cid=2333, SUCCESS, logIndex=3445, commits[06a4573b-67a1-41e3-a350-f896363bc636:c3445, 0b725bbf-683b-4664-9a2e-3c9dd6e38bc1:c3443, 9193e3b7-ae04-484d-a740-c65c11559486:c3443]
2019-08-24 07:08:36,461 | INFO  | DNAudit | user=null | ip=null | op=WRITE_CHUNK {blockData=conID: 2 locID: 102670697522987584 bcsId: 3445} | ret=SUCCESS |  
2019-08-24 07:08:36,464 | INFO  | DNAudit | user=null | ip=null | op=WRITE_CHUNK {blockData=conID: 2 locID: 102670697522987584 bcsId: 3439} | ret=SUCCESS |  
2019-08-24 07:08:36,464 | INFO  | DNAudit | user=null | ip=null | op=WRITE_CHUNK {blockData=conID: 2 locID: 102670697522987584 bcsId: 3439} | ret=SUCCESS |  
2019-08-24 07:08:36,464 | INFO  | DNAudit | user=null | ip=null | op=WRITE_CHUNK {blockData=conID: 2 locID: 102670697522987584 bcsId: 3445} | ret=SUCCESS |  
2019-08-24 07:08:36,465 | INFO  | DNAudit | user=null | ip=null | op=WRITE_CHUNK {blockData=conID: 2 locID: 102670697522987584 bcsId: 3445} | ret=SUCCESS |  
2019-08-24 07:08:36,476 | INFO  | DNAudit | user=null | ip=null | op=PUT_BLOCK {blockData=[blockId=conID: 2 locID: 102670697522987584 bcsId: 0,size=3145728]} | ret=SUCCESS |  
2019-08-24 07:08:36,476 | INFO  | DNAudit | user=null | ip=null | op=PUT_BLOCK {blockData=[blockId=conID: 2 locID: 102670697522987584 bcsId: 0,size=3145728]} | ret=SUCCESS |  
2019-08-24 07:08:36,477 | INFO  | DNAudit | user=null | ip=null | op=WRITE_CHUNK {blockData=conID: 2 locID: 102670697522987584 bcsId: 3445} | ret=SUCCESS |  
2019-08-24 07:08:36,477 | INFO  | DNAudit | user=null | ip=null | op=PUT_BLOCK {blockData=[blockId=conID: 2 locID: 102670697522987584 bcsId: 0,size=4194304]} | ret=SUCCESS |  
2019-08-24 07:08:36,477 [grpc-default-executor-2] INFO  client.GrpcClientProtocolClient (GrpcClientProtocolClient.java:onNext(255)) - client-6EDD19400D46->06a4573b-67a1-41e3-a350-f896363bc636: receive RaftClientReply:client-6EDD19400D46->06a4573b-67a1-41e3-a350-f896363bc636@group-757E3781CD2A, cid=2334, SUCCESS, logIndex=3448, commits[06a4573b-67a1-41e3-a350-f896363bc636:c3449, 0b725bbf-683b-4664-9a2e-3c9dd6e38bc1:c3445, 9193e3b7-ae04-484d-a740-c65c11559486:c3445]
2019-08-24 07:08:36,478 [grpc-default-executor-2] INFO  client.GrpcClientProtocolClient (GrpcClientProtocolClient.java:onNext(255)) - client-6EDD19400D46->06a4573b-67a1-41e3-a350-f896363bc636: receive RaftClientReply:client-6EDD19400D46->06a4573b-67a1-41e3-a350-f896363bc636@group-757E3781CD2A, cid=2335, SUCCESS, logIndex=3449, commits[06a4573b-67a1-41e3-a350-f896363bc636:c3449, 0b725bbf-683b-4664-9a2e-3c9dd6e38bc1:c3445, 9193e3b7-ae04-484d-a740-c65c11559486:c3445]
2019-08-24 07:08:36,487 | INFO  | DNAudit | user=null | ip=null | op=WRITE_CHUNK {blockData=conID: 2 locID: 102670697522987584 bcsId: 3445} | ret=SUCCESS |  
2019-08-24 07:08:36,487 | INFO  | DNAudit | user=null | ip=null | op=PUT_BLOCK {blockData=[blockId=conID: 2 locID: 102670697522987584 bcsId: 0,size=4194304]} | ret=SUCCESS |  
2019-08-24 07:08:36,487 | INFO  | DNAudit | user=null | ip=null | op=WRITE_CHUNK {blockData=conID: 2 locID: 102670697522987584 bcsId: 3445} | ret=SUCCESS |  
2019-08-24 07:08:36,488 | INFO  | DNAudit | user=null | ip=null | op=PUT_BLOCK {blockData=[blockId=conID: 2 locID: 102670697522987584 bcsId: 0,size=4194304]} | ret=SUCCESS |  
2019-08-24 07:08:36,488 [grpc-default-executor-2] INFO  client.GrpcClientProtocolClient (GrpcClientProtocolClient.java:onNext(255)) - client-6EDD19400D46->06a4573b-67a1-41e3-a350-f896363bc636: receive RaftClientReply:client-6EDD19400D46->06a4573b-67a1-41e3-a350-f896363bc636@group-757E3781CD2A, cid=2336, SUCCESS, logIndex=0, commits[06a4573b-67a1-41e3-a350-f896363bc636:c3451, 0b725bbf-683b-4664-9a2e-3c9dd6e38bc1:c3449, 9193e3b7-ae04-484d-a740-c65c11559486:c3449]
2019-08-24 07:08:36,493 | INFO  | SCMAudit | user=jenkins1000 | ip=192.168.69.125 | op=ALLOCATE_BLOCK {owner=61bacca8-15b6-4a50-8962-5e9786b18b0d, size=4194304, type=RATIS, factor=THREE} | ret=SUCCESS |  
2019-08-24 07:08:36,495 | INFO  | OMAudit | user=jenkins1000 | ip=127.0.0.1 | op=ALLOCATE_BLOCK {volume=vol-0-26988, bucket=bucket-0-20739, key=key-0-27353, dataSize=0, replicationType=null, replicationFactor=null, keyLocationInfo=null, clientID=102670695851229586} | ret=SUCCESS |  
2019-08-24 07:08:36,502 | INFO  | DNAudit | user=null | ip=null | op=WRITE_CHUNK {blockData=conID: 3 locID: 102670697528885825 bcsId: 0} | ret=SUCCESS |  
2019-08-24 07:08:36,505 | INFO  | DNAudit | user=null | ip=null | op=WRITE_CHUNK {blockData=conID: 3 locID: 102670697528885825 bcsId: 0} | ret=SUCCESS |  
2019-08-24 07:08:36,506 | INFO  | DNAudit | user=null | ip=null | op=WRITE_CHUNK {blockData=conID: 3 locID: 102670697528885825 bcsId: 0} | ret=SUCCESS |  
2019-08-24 07:08:36,506 | INFO  | DNAudit | user=null | ip=null | op=WRITE_CHUNK {blockData=conID: 3 locID: 102670697528885825 bcsId: 0} | ret=SUCCESS |  
2019-08-24 07:08:36,509 | INFO  | DNAudit | user=null | ip=null | op=WRITE_CHUNK {blockData=conID: 3 locID: 102670697528885825 bcsId: 0} | ret=SUCCESS |  
2019-08-24 07:08:36,509 | INFO  | DNAudit | user=null | ip=null | op=WRITE_CHUNK {blockData=conID: 3 locID: 102670697528885825 bcsId: 0} | ret=SUCCESS |  
2019-08-24 07:08:36,514 | INFO  | DNAudit | user=null | ip=null | op=WRITE_CHUNK {blockData=conID: 3 locID: 102670697528885825 bcsId: 0} | ret=SUCCESS |  
2019-08-24 07:08:36,514 | INFO  | DNAudit | user=null | ip=null | op=PUT_BLOCK {blockData=[blockId=conID: 3 locID: 102670697528885825 bcsId: 0,size=1048576]} | ret=SUCCESS |  
2019-08-24 07:08:36,515 | INFO  | DNAudit | user=null | ip=null | op=WRITE_CHUNK {blockData=conID: 3 locID: 102670697528885825 bcsId: 0} | ret=SUCCESS |  
2019-08-24 07:08:36,515 [grpc-default-executor-5] INFO  client.GrpcClientProtocolClient (GrpcClientProtocolClient.java:onNext(255)) - client-6EDD19400D46->06a4573b-67a1-41e3-a350-f896363bc636: receive RaftClientReply:client-6EDD19400D46->06a4573b-67a1-41e3-a350-f896363bc636@group-757E3781CD2A, cid=2337, SUCCESS, logIndex=3452, commits[06a4573b-67a1-41e3-a350-f896363bc636:c3453, 0b725bbf-683b-4664-9a2e-3c9dd6e38bc1:c3451, 9193e3b7-ae04-484d-a740-c65c11559486:c3451]
2019-08-24 07:08:36,515 | INFO  | DNAudit | user=null | ip=null | op=PUT_BLOCK {blockData=[blockId=conID: 3 locID: 102670697528885825 bcsId: 0,size=2097152]} | ret=SUCCESS |  
2019-08-24 07:08:36,515 [grpc-default-executor-5] INFO  client.GrpcClientProtocolClient (GrpcClientProtocolClient.java:onNext(255)) - client-6EDD19400D46->06a4573b-67a1-41e3-a350-f896363bc636: receive RaftClientReply:client-6EDD19400D46->06a4573b-67a1-41e3-a350-f896363bc636@group-757E3781CD2A, cid=2338, SUCCESS, logIndex=3453, commits[06a4573b-67a1-41e3-a350-f896363bc636:c3454, 0b725bbf-683b-4664-9a2e-3c9dd6e38bc1:c3451, 9193e3b7-ae04-484d-a740-c65c11559486:c3451]
2019-08-24 07:08:36,516 [grpc-default-executor-5] INFO  client.GrpcClientProtocolClient (GrpcClientProtocolClient.java:onNext(255)) - client-6EDD19400D46->06a4573b-67a1-41e3-a350-f896363bc636: receive RaftClientReply:client-6EDD19400D46->06a4573b-67a1-41e3-a350-f896363bc636@group-757E3781CD2A, cid=2339, SUCCESS, logIndex=3454, commits[06a4573b-67a1-41e3-a350-f896363bc636:c3455, 0b725bbf-683b-4664-9a2e-3c9dd6e38bc1:c3451, 9193e3b7-ae04-484d-a740-c65c11559486:c3451]
2019-08-24 07:08:36,516 [grpc-default-executor-5] INFO  client.GrpcClientProtocolClient (GrpcClientProtocolClient.java:onNext(255)) - client-6EDD19400D46->06a4573b-67a1-41e3-a350-f896363bc636: receive RaftClientReply:client-6EDD19400D46->06a4573b-67a1-41e3-a350-f896363bc636@group-757E3781CD2A, cid=2340, SUCCESS, logIndex=3455, commits[06a4573b-67a1-41e3-a350-f896363bc636:c3455, 0b725bbf-683b-4664-9a2e-3c9dd6e38bc1:c3451, 9193e3b7-ae04-484d-a740-c65c11559486:c3451]
2019-08-24 07:08:36,518 | INFO  | DNAudit | user=null | ip=null | op=WRITE_CHUNK {blockData=conID: 3 locID: 102670697528885825 bcsId: 0} | ret=SUCCESS |  
2019-08-24 07:08:36,518 | INFO  | DNAudit | user=null | ip=null | op=PUT_BLOCK {blockData=[blockId=conID: 3 locID: 102670697528885825 bcsId: 0,size=1048576]} | ret=SUCCESS |  
2019-08-24 07:08:36,518 | INFO  | DNAudit | user=null | ip=null | op=WRITE_CHUNK {blockData=conID: 3 locID: 102670697528885825 bcsId: 0} | ret=SUCCESS |  
2019-08-24 07:08:36,519 | INFO  | DNAudit | user=null | ip=null | op=PUT_BLOCK {blockData=[blockId=conID: 3 locID: 102670697528885825 bcsId: 0,size=1048576]} | ret=SUCCESS |  
2019-08-24 07:08:36,519 | INFO  | DNAudit | user=null | ip=null | op=WRITE_CHUNK {blockData=conID: 3 locID: 102670697528885825 bcsId: 0} | ret=SUCCESS |  
2019-08-24 07:08:36,519 [grpc-default-executor-1] INFO  client.GrpcClientProtocolClient (GrpcClientProtocolClient.java:onNext(255)) - client-6EDD19400D46->06a4573b-67a1-41e3-a350-f896363bc636: receive RaftClientReply:client-6EDD19400D46->06a4573b-67a1-41e3-a350-f896363bc636@group-757E3781CD2A, cid=2341, SUCCESS, logIndex=0, commits[06a4573b-67a1-41e3-a350-f896363bc636:c3457, 0b725bbf-683b-4664-9a2e-3c9dd6e38bc1:c3453, 9193e3b7-ae04-484d-a740-c65c11559486:c3453]
2019-08-24 07:08:36,519 | INFO  | DNAudit | user=null | ip=null | op=PUT_BLOCK {blockData=[blockId=conID: 3 locID: 102670697528885825 bcsId: 0,size=2097152]} | ret=SUCCESS |  
2019-08-24 07:08:36,520 | INFO  | DNAudit | user=null | ip=null | op=WRITE_CHUNK {blockData=conID: 3 locID: 102670697528885825 bcsId: 0} | ret=SUCCESS |  
2019-08-24 07:08:36,520 | INFO  | DNAudit | user=null | ip=null | op=PUT_BLOCK {blockData=[blockId=conID: 3 locID: 102670697528885825 bcsId: 0,size=2097152]} | ret=SUCCESS |  
2019-08-24 07:08:36,526 | INFO  | DNAudit | user=null | ip=null | op=WRITE_CHUNK {blockData=conID: 3 locID: 102670697528885825 bcsId: 3455} | ret=SUCCESS |  
2019-08-24 07:08:36,529 | INFO  | DNAudit | user=null | ip=null | op=WRITE_CHUNK {blockData=conID: 3 locID: 102670697528885825 bcsId: 3455} | ret=SUCCESS |  
2019-08-24 07:08:36,529 | INFO  | DNAudit | user=null | ip=null | op=WRITE_CHUNK {blockData=conID: 3 locID: 102670697528885825 bcsId: 3455} | ret=SUCCESS |  
2019-08-24 07:08:36,537 | INFO  | DNAudit | user=null | ip=null | op=WRITE_CHUNK {blockData=conID: 3 locID: 102670697528885825 bcsId: 3455} | ret=SUCCESS |  
2019-08-24 07:08:36,538 | INFO  | DNAudit | user=null | ip=null | op=PUT_BLOCK {blockData=[blockId=conID: 3 locID: 102670697528885825 bcsId: 0,size=3145728]} | ret=SUCCESS |  
2019-08-24 07:08:36,538 [grpc-default-executor-1] INFO  client.GrpcClientProtocolClient (GrpcClientProtocolClient.java:onNext(255)) - client-6EDD19400D46->06a4573b-67a1-41e3-a350-f896363bc636: receive RaftClientReply:client-6EDD19400D46->06a4573b-67a1-41e3-a350-f896363bc636@group-757E3781CD2A, cid=2342, SUCCESS, logIndex=3460, commits[06a4573b-67a1-41e3-a350-f896363bc636:c3461, 0b725bbf-683b-4664-9a2e-3c9dd6e38bc1:c3459, 9193e3b7-ae04-484d-a740-c65c11559486:c3459]
2019-08-24 07:08:36,538 [grpc-default-executor-1] INFO  client.GrpcClientProtocolClient (GrpcClientProtocolClient.java:onNext(255)) - client-6EDD19400D46->06a4573b-67a1-41e3-a350-f896363bc636: receive RaftClientReply:client-6EDD19400D46->06a4573b-67a1-41e3-a350-f896363bc636@group-757E3781CD2A, cid=2343, SUCCESS, logIndex=3461, commits[06a4573b-67a1-41e3-a350-f896363bc636:c3461, 0b725bbf-683b-4664-9a2e-3c9dd6e38bc1:c3459, 9193e3b7-ae04-484d-a740-c65c11559486:c3459]
2019-08-24 07:08:36,545 | INFO  | DNAudit | user=null | ip=null | op=WRITE_CHUNK {blockData=conID: 3 locID: 102670697528885825 bcsId: 3461} | ret=SUCCESS |  
2019-08-24 07:08:36,547 | INFO  | DNAudit | user=null | ip=null | op=WRITE_CHUNK {blockData=conID: 3 locID: 102670697528885825 bcsId: 3455} | ret=SUCCESS |  
2019-08-24 07:08:36,548 | INFO  | DNAudit | user=null | ip=null | op=WRITE_CHUNK {blockData=conID: 3 locID: 102670697528885825 bcsId: 3455} | ret=SUCCESS |  
2019-08-24 07:08:36,548 | INFO  | DNAudit | user=null | ip=null | op=PUT_BLOCK {blockData=[blockId=conID: 3 locID: 102670697528885825 bcsId: 0,size=3145728]} | ret=SUCCESS |  
2019-08-24 07:08:36,548 | INFO  | DNAudit | user=null | ip=null | op=PUT_BLOCK {blockData=[blockId=conID: 3 locID: 102670697528885825 bcsId: 0,size=3145728]} | ret=SUCCESS |  
2019-08-24 07:08:36,548 | INFO  | DNAudit | user=null | ip=null | op=WRITE_CHUNK {blockData=conID: 3 locID: 102670697528885825 bcsId: 3461} | ret=SUCCESS |  
2019-08-24 07:08:36,548 | INFO  | DNAudit | user=null | ip=null | op=WRITE_CHUNK {blockData=conID: 3 locID: 102670697528885825 bcsId: 3461} | ret=SUCCESS |  
2019-08-24 07:08:36,559 | INFO  | DNAudit | user=null | ip=null | op=WRITE_CHUNK {blockData=conID: 3 locID: 102670697528885825 bcsId: 3461} | ret=SUCCESS |  
2019-08-24 07:08:36,559 | INFO  | DNAudit | user=null | ip=null | op=PUT_BLOCK {blockData=[blockId=conID: 3 locID: 102670697528885825 bcsId: 0,size=4194304]} | ret=SUCCESS |  
2019-08-24 07:08:36,559 [grpc-default-executor-2] INFO  client.GrpcClientProtocolClient (GrpcClientProtocolClient.java:onNext(255)) - client-6EDD19400D46->06a4573b-67a1-41e3-a350-f896363bc636: receive RaftClientReply:client-6EDD19400D46->06a4573b-67a1-41e3-a350-f896363bc636@group-757E3781CD2A, cid=2344, SUCCESS, logIndex=3464, commits[06a4573b-67a1-41e3-a350-f896363bc636:c3465, 0b725bbf-683b-4664-9a2e-3c9dd6e38bc1:c3461, 9193e3b7-ae04-484d-a740-c65c11559486:c3461]
2019-08-24 07:08:36,559 [grpc-default-executor-2] INFO  client.GrpcClientProtocolClient (GrpcClientProtocolClient.java:onNext(255)) - client-6EDD19400D46->06a4573b-67a1-41e3-a350-f896363bc636: receive RaftClientReply:client-6EDD19400D46->06a4573b-67a1-41e3-a350-f896363bc636@group-757E3781CD2A, cid=2345, SUCCESS, logIndex=3465, commits[06a4573b-67a1-41e3-a350-f896363bc636:c3465, 0b725bbf-683b-4664-9a2e-3c9dd6e38bc1:c3461, 9193e3b7-ae04-484d-a740-c65c11559486:c3461]
2019-08-24 07:08:36,561 | INFO  | DNAudit | user=null | ip=null | op=WRITE_CHUNK {blockData=conID: 3 locID: 102670697528885825 bcsId: 3461} | ret=SUCCESS |  
2019-08-24 07:08:36,561 | INFO  | DNAudit | user=null | ip=null | op=WRITE_CHUNK {blockData=conID: 3 locID: 102670697528885825 bcsId: 3461} | ret=SUCCESS |  
2019-08-24 07:08:36,562 | INFO  | DNAudit | user=null | ip=null | op=PUT_BLOCK {blockData=[blockId=conID: 3 locID: 102670697528885825 bcsId: 0,size=4194304]} | ret=SUCCESS |  
2019-08-24 07:08:36,562 | INFO  | DNAudit | user=null | ip=null | op=PUT_BLOCK {blockData=[blockId=conID: 3 locID: 102670697528885825 bcsId: 0,size=4194304]} | ret=SUCCESS |  
2019-08-24 07:08:36,563 [grpc-default-executor-2] INFO  client.GrpcClientProtocolClient (GrpcClientProtocolClient.java:onNext(255)) - client-6EDD19400D46->06a4573b-67a1-41e3-a350-f896363bc636: receive RaftClientReply:client-6EDD19400D46->06a4573b-67a1-41e3-a350-f896363bc636@group-757E3781CD2A, cid=2346, SUCCESS, logIndex=0, commits[06a4573b-67a1-41e3-a350-f896363bc636:c3467, 0b725bbf-683b-4664-9a2e-3c9dd6e38bc1:c3465, 9193e3b7-ae04-484d-a740-c65c11559486:c3465]
2019-08-24 07:08:36,567 | INFO  | SCMAudit | user=jenkins1000 | ip=192.168.69.125 | op=ALLOCATE_BLOCK {owner=61bacca8-15b6-4a50-8962-5e9786b18b0d, size=4194304, type=RATIS, factor=THREE} | ret=SUCCESS |  
2019-08-24 07:08:36,570 | INFO  | OMAudit | user=jenkins1000 | ip=127.0.0.1 | op=ALLOCATE_BLOCK {volume=vol-0-26988, bucket=bucket-0-20739, key=key-0-27353, dataSize=0, replicationType=null, replicationFactor=null, keyLocationInfo=null, clientID=102670695851229586} | ret=SUCCESS |  
2019-08-24 07:08:36,576 | INFO  | DNAudit | user=null | ip=null | op=WRITE_CHUNK {blockData=conID: 1 locID: 102670697533735490 bcsId: 0} | ret=SUCCESS |  
2019-08-24 07:08:36,580 | INFO  | DNAudit | user=null | ip=null | op=WRITE_CHUNK {blockData=conID: 1 locID: 102670697533735490 bcsId: 0} | ret=SUCCESS |  
2019-08-24 07:08:36,580 | INFO  | DNAudit | user=null | ip=null | op=WRITE_CHUNK {blockData=conID: 1 locID: 102670697533735490 bcsId: 0} | ret=SUCCESS |  
2019-08-24 07:08:36,580 | INFO  | DNAudit | user=null | ip=null | op=WRITE_CHUNK {blockData=conID: 1 locID: 102670697533735490 bcsId: 0} | ret=SUCCESS |  
2019-08-24 07:08:36,583 | INFO  | DNAudit | user=null | ip=null | op=WRITE_CHUNK {blockData=conID: 1 locID: 102670697533735490 bcsId: 0} | ret=SUCCESS |  
2019-08-24 07:08:36,583 | INFO  | DNAudit | user=null | ip=null | op=WRITE_CHUNK {blockData=conID: 1 locID: 102670697533735490 bcsId: 0} | ret=SUCCESS |  
2019-08-24 07:08:36,587 | INFO  | DNAudit | user=null | ip=null | op=WRITE_CHUNK {blockData=conID: 1 locID: 102670697533735490 bcsId: 0} | ret=SUCCESS |  
2019-08-24 07:08:36,588 | INFO  | DNAudit | user=null | ip=null | op=PUT_BLOCK {blockData=[blockId=conID: 1 locID: 102670697533735490 bcsId: 0,size=1048576]} | ret=SUCCESS |  
2019-08-24 07:08:36,588 | INFO  | DNAudit | user=null | ip=null | op=WRITE_CHUNK {blockData=conID: 1 locID: 102670697533735490 bcsId: 0} | ret=SUCCESS |  
2019-08-24 07:08:36,588 [grpc-default-executor-2] INFO  client.GrpcClientProtocolClient (GrpcClientProtocolClient.java:onNext(255)) - client-6EDD19400D46->06a4573b-67a1-41e3-a350-f896363bc636: receive RaftClientReply:client-6EDD19400D46->06a4573b-67a1-41e3-a350-f896363bc636@group-757E3781CD2A, cid=2347, SUCCESS, logIndex=3468, commits[06a4573b-67a1-41e3-a350-f896363bc636:c3469, 0b725bbf-683b-4664-9a2e-3c9dd6e38bc1:c3467, 9193e3b7-ae04-484d-a740-c65c11559486:c3467]
2019-08-24 07:08:36,589 | INFO  | DNAudit | user=null | ip=null | op=PUT_BLOCK {blockData=[blockId=conID: 1 locID: 102670697533735490 bcsId: 0,size=2097152]} | ret=SUCCESS |  
2019-08-24 07:08:36,589 [grpc-default-executor-2] INFO  client.GrpcClientProtocolClient (GrpcClientProtocolClient.java:onNext(255)) - client-6EDD19400D46->06a4573b-67a1-41e3-a350-f896363bc636: receive RaftClientReply:client-6EDD19400D46->06a4573b-67a1-41e3-a350-f896363bc636@group-757E3781CD2A, cid=2348, SUCCESS, logIndex=3469, commits[06a4573b-67a1-41e3-a350-f896363bc636:c3470, 0b725bbf-683b-4664-9a2e-3c9dd6e38bc1:c3467, 9193e3b7-ae04-484d-a740-c65c11559486:c3467]
2019-08-24 07:08:36,589 [grpc-default-executor-2] INFO  client.GrpcClientProtocolClient (GrpcClientProtocolClient.java:onNext(255)) - client-6EDD19400D46->06a4573b-67a1-41e3-a350-f896363bc636: receive RaftClientReply:client-6EDD19400D46->06a4573b-67a1-41e3-a350-f896363bc636@group-757E3781CD2A, cid=2349, SUCCESS, logIndex=3470, commits[06a4573b-67a1-41e3-a350-f896363bc636:c3471, 0b725bbf-683b-4664-9a2e-3c9dd6e38bc1:c3467, 9193e3b7-ae04-484d-a740-c65c11559486:c3467]
2019-08-24 07:08:36,589 [grpc-default-executor-2] INFO  client.GrpcClientProtocolClient (GrpcClientProtocolClient.java:onNext(255)) - client-6EDD19400D46->06a4573b-67a1-41e3-a350-f896363bc636: receive RaftClientReply:client-6EDD19400D46->06a4573b-67a1-41e3-a350-f896363bc636@group-757E3781CD2A, cid=2350, SUCCESS, logIndex=3471, commits[06a4573b-67a1-41e3-a350-f896363bc636:c3471, 0b725bbf-683b-4664-9a2e-3c9dd6e38bc1:c3467, 9193e3b7-ae04-484d-a740-c65c11559486:c3467]
2019-08-24 07:08:36,591 | INFO  | DNAudit | user=null | ip=null | op=WRITE_CHUNK {blockData=conID: 1 locID: 102670697533735490 bcsId: 0} | ret=SUCCESS |  
2019-08-24 07:08:36,591 | INFO  | DNAudit | user=null | ip=null | op=PUT_BLOCK {blockData=[blockId=conID: 1 locID: 102670697533735490 bcsId: 0,size=1048576]} | ret=SUCCESS |  
2019-08-24 07:08:36,592 | INFO  | DNAudit | user=null | ip=null | op=WRITE_CHUNK {blockData=conID: 1 locID: 102670697533735490 bcsId: 0} | ret=SUCCESS |  
2019-08-24 07:08:36,592 | INFO  | DNAudit | user=null | ip=null | op=PUT_BLOCK {blockData=[blockId=conID: 1 locID: 102670697533735490 bcsId: 0,size=1048576]} | ret=SUCCESS |  
2019-08-24 07:08:36,592 | INFO  | DNAudit | user=null | ip=null | op=WRITE_CHUNK {blockData=conID: 1 locID: 102670697533735490 bcsId: 0} | ret=SUCCESS |  
2019-08-24 07:08:36,592 | INFO  | DNAudit | user=null | ip=null | op=WRITE_CHUNK {blockData=conID: 1 locID: 102670697533735490 bcsId: 0} | ret=SUCCESS |  
2019-08-24 07:08:36,592 | INFO  | DNAudit | user=null | ip=null | op=PUT_BLOCK {blockData=[blockId=conID: 1 locID: 102670697533735490 bcsId: 0,size=2097152]} | ret=SUCCESS |  
2019-08-24 07:08:36,592 | INFO  | DNAudit | user=null | ip=null | op=PUT_BLOCK {blockData=[blockId=conID: 1 locID: 102670697533735490 bcsId: 0,size=2097152]} | ret=SUCCESS |  
2019-08-24 07:08:36,592 [grpc-default-executor-1] INFO  client.GrpcClientProtocolClient (GrpcClientProtocolClient.java:onNext(255)) - client-6EDD19400D46->06a4573b-67a1-41e3-a350-f896363bc636: receive RaftClientReply:client-6EDD19400D46->06a4573b-67a1-41e3-a350-f896363bc636@group-757E3781CD2A, cid=2351, SUCCESS, logIndex=0, commits[06a4573b-67a1-41e3-a350-f896363bc636:c3473, 0b725bbf-683b-4664-9a2e-3c9dd6e38bc1:c3469, 9193e3b7-ae04-484d-a740-c65c11559486:c3469]
2019-08-24 07:08:36,600 | INFO  | DNAudit | user=null | ip=null | op=WRITE_CHUNK {blockData=conID: 1 locID: 102670697533735490 bcsId: 3471} | ret=SUCCESS |  
2019-08-24 07:08:36,603 | INFO  | DNAudit | user=null | ip=null | op=WRITE_CHUNK {blockData=conID: 1 locID: 102670697533735490 bcsId: 3471} | ret=SUCCESS |  
2019-08-24 07:08:36,603 | INFO  | DNAudit | user=null | ip=null | op=WRITE_CHUNK {blockData=conID: 1 locID: 102670697533735490 bcsId: 3471} | ret=SUCCESS |  
2019-08-24 07:08:36,610 | INFO  | DNAudit | user=null | ip=null | op=WRITE_CHUNK {blockData=conID: 1 locID: 102670697533735490 bcsId: 3471} | ret=SUCCESS |  
2019-08-24 07:08:36,611 | INFO  | DNAudit | user=null | ip=null | op=PUT_BLOCK {blockData=[blockId=conID: 1 locID: 102670697533735490 bcsId: 0,size=3145728]} | ret=SUCCESS |  
2019-08-24 07:08:36,611 [grpc-default-executor-2] INFO  client.GrpcClientProtocolClient (GrpcClientProtocolClient.java:onNext(255)) - client-6EDD19400D46->06a4573b-67a1-41e3-a350-f896363bc636: receive RaftClientReply:client-6EDD19400D46->06a4573b-67a1-41e3-a350-f896363bc636@group-757E3781CD2A, cid=2352, SUCCESS, logIndex=3476, commits[06a4573b-67a1-41e3-a350-f896363bc636:c3477, 0b725bbf-683b-4664-9a2e-3c9dd6e38bc1:c3475, 9193e3b7-ae04-484d-a740-c65c11559486:c3475]
2019-08-24 07:08:36,611 [grpc-default-executor-2] INFO  client.GrpcClientProtocolClient (GrpcClientProtocolClient.java:onNext(255)) - client-6EDD19400D46->06a4573b-67a1-41e3-a350-f896363bc636: receive RaftClientReply:client-6EDD19400D46->06a4573b-67a1-41e3-a350-f896363bc636@group-757E3781CD2A, cid=2353, SUCCESS, logIndex=3477, commits[06a4573b-67a1-41e3-a350-f896363bc636:c3477, 0b725bbf-683b-4664-9a2e-3c9dd6e38bc1:c3475, 9193e3b7-ae04-484d-a740-c65c11559486:c3475]
2019-08-24 07:08:36,619 | INFO  | DNAudit | user=null | ip=null | op=WRITE_CHUNK {blockData=conID: 1 locID: 102670697533735490 bcsId: 3477} | ret=SUCCESS |  
2019-08-24 07:08:36,620 | INFO  | DNAudit | user=null | ip=null | op=WRITE_CHUNK {blockData=conID: 1 locID: 102670697533735490 bcsId: 3471} | ret=SUCCESS |  
2019-08-24 07:08:36,620 | INFO  | DNAudit | user=null | ip=null | op=WRITE_CHUNK {blockData=conID: 1 locID: 102670697533735490 bcsId: 3471} | ret=SUCCESS |  
2019-08-24 07:08:36,623 | INFO  | DNAudit | user=null | ip=null | op=PUT_BLOCK {blockData=[blockId=conID: 1 locID: 102670697533735490 bcsId: 0,size=3145728]} | ret=SUCCESS |  
2019-08-24 07:08:36,623 | INFO  | DNAudit | user=null | ip=null | op=PUT_BLOCK {blockData=[blockId=conID: 1 locID: 102670697533735490 bcsId: 0,size=3145728]} | ret=SUCCESS |  
2019-08-24 07:08:36,624 | INFO  | DNAudit | user=null | ip=null | op=WRITE_CHUNK {blockData=conID: 1 locID: 102670697533735490 bcsId: 3477} | ret=SUCCESS |  
2019-08-24 07:08:36,625 | INFO  | DNAudit | user=null | ip=null | op=WRITE_CHUNK {blockData=conID: 1 locID: 102670697533735490 bcsId: 3477} | ret=SUCCESS |  
2019-08-24 07:08:36,647 | INFO  | DNAudit | user=null | ip=null | op=WRITE_CHUNK {blockData=conID: 1 locID: 102670697533735490 bcsId: 3477} | ret=SUCCESS |  
2019-08-24 07:08:36,648 | INFO  | DNAudit | user=null | ip=null | op=PUT_BLOCK {blockData=[blockId=conID: 1 locID: 102670697533735490 bcsId: 0,size=4194304]} | ret=SUCCESS |  
2019-08-24 07:08:36,648 [grpc-default-executor-1] INFO  client.GrpcClientProtocolClient (GrpcClientProtocolClient.java:onNext(255)) - client-6EDD19400D46->06a4573b-67a1-41e3-a350-f896363bc636: receive RaftClientReply:client-6EDD19400D46->06a4573b-67a1-41e3-a350-f896363bc636@group-757E3781CD2A, cid=2354, SUCCESS, logIndex=3480, commits[06a4573b-67a1-41e3-a350-f896363bc636:c3481, 0b725bbf-683b-4664-9a2e-3c9dd6e38bc1:c3477, 9193e3b7-ae04-484d-a740-c65c11559486:c3477]
2019-08-24 07:08:36,648 [grpc-default-executor-1] INFO  client.GrpcClientProtocolClient (GrpcClientProtocolClient.java:onNext(255)) - client-6EDD19400D46->06a4573b-67a1-41e3-a350-f896363bc636: receive RaftClientReply:client-6EDD19400D46->06a4573b-67a1-41e3-a350-f896363bc636@group-757E3781CD2A, cid=2355, SUCCESS, logIndex=3481, commits[06a4573b-67a1-41e3-a350-f896363bc636:c3481, 0b725bbf-683b-4664-9a2e-3c9dd6e38bc1:c3477, 9193e3b7-ae04-484d-a740-c65c11559486:c3477]
 0.00% |█                                                                                                    |  0/1 Time: 0:00:252019-08-24 07:08:36,655 | INFO  | SCMAudit | user=jenkins1000 | ip=192.168.69.125 | op=SEND_HEARTBEAT {datanodeUUID=b8548da6-9cc6-46be-8dd4-5219531f5960, command=[]} | ret=SUCCESS |  
2019-08-24 07:08:36,656 | INFO  | SCMAudit | user=jenkins1000 | ip=192.168.69.125 | op=SEND_HEARTBEAT {datanodeUUID=06a4573b-67a1-41e3-a350-f896363bc636, command=[]} | ret=SUCCESS |  
2019-08-24 07:08:36,656 | INFO  | SCMAudit | user=jenkins1000 | ip=192.168.69.125 | op=SEND_HEARTBEAT {datanodeUUID=9193e3b7-ae04-484d-a740-c65c11559486, command=[]} | ret=SUCCESS |  
2019-08-24 07:08:36,656 | INFO  | SCMAudit | user=jenkins1000 | ip=192.168.69.125 | op=SEND_HEARTBEAT {datanodeUUID=25ce0803-6f34-4c69-82c0-892f08679042, command=[]} | ret=SUCCESS |  
2019-08-24 07:08:36,656 | INFO  | SCMAudit | user=jenkins1000 | ip=192.168.69.125 | op=SEND_HEARTBEAT {datanodeUUID=0b725bbf-683b-4664-9a2e-3c9dd6e38bc1, command=[]} | ret=SUCCESS |  
2019-08-24 07:08:36,672 | INFO  | DNAudit | user=null | ip=null | op=WRITE_CHUNK {blockData=conID: 1 locID: 102670697533735490 bcsId: 3477} | ret=SUCCESS |  
2019-08-24 07:08:36,672 | INFO  | DNAudit | user=null | ip=null | op=WRITE_CHUNK {blockData=conID: 1 locID: 102670697533735490 bcsId: 3477} | ret=SUCCESS |  
2019-08-24 07:08:36,673 | INFO  | DNAudit | user=null | ip=null | op=PUT_BLOCK {blockData=[blockId=conID: 1 locID: 102670697533735490 bcsId: 0,size=4194304]} | ret=SUCCESS |  
2019-08-24 07:08:36,673 | INFO  | DNAudit | user=null | ip=null | op=PUT_BLOCK {blockData=[blockId=conID: 1 locID: 102670697533735490 bcsId: 0,size=4194304]} | ret=SUCCESS |  
2019-08-24 07:08:36,674 [grpc-default-executor-1] INFO  client.GrpcClientProtocolClient (GrpcClientProtocolClient.java:onNext(255)) - client-6EDD19400D46->06a4573b-67a1-41e3-a350-f896363bc636: receive RaftClientReply:client-6EDD19400D46->06a4573b-67a1-41e3-a350-f896363bc636@group-757E3781CD2A, cid=2356, SUCCESS, logIndex=0, commits[06a4573b-67a1-41e3-a350-f896363bc636:c3483, 0b725bbf-683b-4664-9a2e-3c9dd6e38bc1:c3481, 9193e3b7-ae04-484d-a740-c65c11559486:c3481]
2019-08-24 07:08:36,680 | INFO  | SCMAudit | user=jenkins1000 | ip=192.168.69.125 | op=ALLOCATE_BLOCK {owner=61bacca8-15b6-4a50-8962-5e9786b18b0d, size=4194304, type=RATIS, factor=THREE} | ret=SUCCESS |  
2019-08-24 07:08:36,683 | INFO  | OMAudit | user=jenkins1000 | ip=127.0.0.1 | op=ALLOCATE_BLOCK {volume=vol-0-26988, bucket=bucket-0-20739, key=key-0-27353, dataSize=0, replicationType=null, replicationFactor=null, keyLocationInfo=null, clientID=102670695851229586} | ret=SUCCESS |  
2019-08-24 07:08:36,692 | INFO  | DNAudit | user=null | ip=null | op=WRITE_CHUNK {blockData=conID: 2 locID: 102670697541075523 bcsId: 0} | ret=SUCCESS |  
2019-08-24 07:08:36,696 | INFO  | DNAudit | user=null | ip=null | op=WRITE_CHUNK {blockData=conID: 2 locID: 102670697541075523 bcsId: 0} | ret=SUCCESS |  
2019-08-24 07:08:36,696 | INFO  | DNAudit | user=null | ip=null | op=WRITE_CHUNK {blockData=conID: 2 locID: 102670697541075523 bcsId: 0} | ret=SUCCESS |  
2019-08-24 07:08:36,696 | INFO  | DNAudit | user=null | ip=null | op=WRITE_CHUNK {blockData=conID: 2 locID: 102670697541075523 bcsId: 0} | ret=SUCCESS |  
2019-08-24 07:08:36,698 | INFO  | DNAudit | user=null | ip=null | op=WRITE_CHUNK {blockData=conID: 2 locID: 102670697541075523 bcsId: 0} | ret=SUCCESS |  
2019-08-24 07:08:36,699 | INFO  | DNAudit | user=null | ip=null | op=WRITE_CHUNK {blockData=conID: 2 locID: 102670697541075523 bcsId: 0} | ret=SUCCESS |  
2019-08-24 07:08:36,715 | INFO  | DNAudit | user=null | ip=null | op=WRITE_CHUNK {blockData=conID: 2 locID: 102670697541075523 bcsId: 0} | ret=SUCCESS |  
2019-08-24 07:08:36,716 | INFO  | DNAudit | user=null | ip=null | op=PUT_BLOCK {blockData=[blockId=conID: 2 locID: 102670697541075523 bcsId: 0,size=1048576]} | ret=SUCCESS |  
2019-08-24 07:08:36,716 [grpc-default-executor-2] INFO  client.GrpcClientProtocolClient (GrpcClientProtocolClient.java:onNext(255)) - client-6EDD19400D46->06a4573b-67a1-41e3-a350-f896363bc636: receive RaftClientReply:client-6EDD19400D46->06a4573b-67a1-41e3-a350-f896363bc636@group-757E3781CD2A, cid=2357, SUCCESS, logIndex=3484, commits[06a4573b-67a1-41e3-a350-f896363bc636:c3485, 0b725bbf-683b-4664-9a2e-3c9dd6e38bc1:c3483, 9193e3b7-ae04-484d-a740-c65c11559486:c3483]
2019-08-24 07:08:36,717 [grpc-default-executor-2] INFO  client.GrpcClientProtocolClient (GrpcClientProtocolClient.java:onNext(255)) - client-6EDD19400D46->06a4573b-67a1-41e3-a350-f896363bc636: receive RaftClientReply:client-6EDD19400D46->06a4573b-67a1-41e3-a350-f896363bc636@group-757E3781CD2A, cid=2358, SUCCESS, logIndex=3485, commits[06a4573b-67a1-41e3-a350-f896363bc636:c3485, 0b725bbf-683b-4664-9a2e-3c9dd6e38bc1:c3483, 9193e3b7-ae04-484d-a740-c65c11559486:c3483]
2019-08-24 07:08:36,726 | INFO  | DNAudit | user=null | ip=null | op=WRITE_CHUNK {blockData=conID: 2 locID: 102670697541075523 bcsId: 0} | ret=SUCCESS |  
2019-08-24 07:08:36,727 | INFO  | DNAudit | user=null | ip=null | op=PUT_BLOCK {blockData=[blockId=conID: 2 locID: 102670697541075523 bcsId: 0,size=2097152]} | ret=SUCCESS |  
2019-08-24 07:08:36,727 | INFO  | DNAudit | user=null | ip=null | op=WRITE_CHUNK {blockData=conID: 2 locID: 102670697541075523 bcsId: 0} | ret=SUCCESS |  
2019-08-24 07:08:36,727 [grpc-default-executor-1] INFO  client.GrpcClientProtocolClient (GrpcClientProtocolClient.java:onNext(255)) - client-6EDD19400D46->06a4573b-67a1-41e3-a350-f896363bc636: receive RaftClientReply:client-6EDD19400D46->06a4573b-67a1-41e3-a350-f896363bc636@group-757E3781CD2A, cid=2359, SUCCESS, logIndex=3486, commits[06a4573b-67a1-41e3-a350-f896363bc636:c3486, 0b725bbf-683b-4664-9a2e-3c9dd6e38bc1:c3483, 9193e3b7-ae04-484d-a740-c65c11559486:c3483]
2019-08-24 07:08:36,728 | INFO  | DNAudit | user=null | ip=null | op=PUT_BLOCK {blockData=[blockId=conID: 2 locID: 102670697541075523 bcsId: 0,size=1048576]} | ret=SUCCESS |  
2019-08-24 07:08:36,728 [grpc-default-executor-1] INFO  client.GrpcClientProtocolClient (GrpcClientProtocolClient.java:onNext(255)) - client-6EDD19400D46->06a4573b-67a1-41e3-a350-f896363bc636: receive RaftClientReply:client-6EDD19400D46->06a4573b-67a1-41e3-a350-f896363bc636@group-757E3781CD2A, cid=2360, SUCCESS, logIndex=3487, commits[06a4573b-67a1-41e3-a350-f896363bc636:c3487, 0b725bbf-683b-4664-9a2e-3c9dd6e38bc1:c3483, 9193e3b7-ae04-484d-a740-c65c11559486:c3483]
2019-08-24 07:08:36,729 | INFO  | DNAudit | user=null | ip=null | op=WRITE_CHUNK {blockData=conID: 2 locID: 102670697541075523 bcsId: 0} | ret=SUCCESS |  
2019-08-24 07:08:36,730 | INFO  | DNAudit | user=null | ip=null | op=PUT_BLOCK {blockData=[blockId=conID: 2 locID: 102670697541075523 bcsId: 0,size=1048576]} | ret=SUCCESS |  
2019-08-24 07:08:36,730 [grpc-default-executor-1] INFO  client.GrpcClientProtocolClient (GrpcClientProtocolClient.java:onNext(255)) - client-6EDD19400D46->06a4573b-67a1-41e3-a350-f896363bc636: receive RaftClientReply:client-6EDD19400D46->06a4573b-67a1-41e3-a350-f896363bc636@group-757E3781CD2A, cid=2361, SUCCESS, logIndex=0, commits[06a4573b-67a1-41e3-a350-f896363bc636:c3489, 0b725bbf-683b-4664-9a2e-3c9dd6e38bc1:c3485, 9193e3b7-ae04-484d-a740-c65c11559486:c3485]
2019-08-24 07:08:36,889 | INFO  | DNAudit | user=null | ip=null | op=WRITE_CHUNK {blockData=conID: 2 locID: 102670697541075523 bcsId: 0} | ret=SUCCESS |  
2019-08-24 07:08:36,889 | INFO  | DNAudit | user=null | ip=null | op=WRITE_CHUNK {blockData=conID: 2 locID: 102670697541075523 bcsId: 0} | ret=SUCCESS |  
2019-08-24 07:08:36,889 | INFO  | DNAudit | user=null | ip=null | op=PUT_BLOCK {blockData=[blockId=conID: 2 locID: 102670697541075523 bcsId: 0,size=2097152]} | ret=SUCCESS |  
2019-08-24 07:08:36,890 | INFO  | DNAudit | user=null | ip=null | op=PUT_BLOCK {blockData=[blockId=conID: 2 locID: 102670697541075523 bcsId: 0,size=2097152]} | ret=SUCCESS |  
2019-08-24 07:08:36,890 | INFO  | DNAudit | user=null | ip=null | op=WRITE_CHUNK {blockData=conID: 2 locID: 102670697541075523 bcsId: 3487} | ret=SUCCESS |  
2019-08-24 07:08:36,894 | INFO  | DNAudit | user=null | ip=null | op=WRITE_CHUNK {blockData=conID: 2 locID: 102670697541075523 bcsId: 3487} | ret=SUCCESS |  
2019-08-24 07:08:36,894 | INFO  | DNAudit | user=null | ip=null | op=WRITE_CHUNK {blockData=conID: 2 locID: 102670697541075523 bcsId: 3487} | ret=SUCCESS |  
2019-08-24 07:08:36,913 | INFO  | DNAudit | user=null | ip=null | op=WRITE_CHUNK {blockData=conID: 2 locID: 102670697541075523 bcsId: 3487} | ret=SUCCESS |  
2019-08-24 07:08:36,914 | INFO  | DNAudit | user=null | ip=null | op=PUT_BLOCK {blockData=[blockId=conID: 2 locID: 102670697541075523 bcsId: 0,size=3145728]} | ret=SUCCESS |  
2019-08-24 07:08:36,914 [grpc-default-executor-1] INFO  client.GrpcClientProtocolClient (GrpcClientProtocolClient.java:onNext(255)) - client-6EDD19400D46->06a4573b-67a1-41e3-a350-f896363bc636: receive RaftClientReply:client-6EDD19400D46->06a4573b-67a1-41e3-a350-f896363bc636@group-757E3781CD2A, cid=2362, SUCCESS, logIndex=3492, commits[06a4573b-67a1-41e3-a350-f896363bc636:c3493, 0b725bbf-683b-4664-9a2e-3c9dd6e38bc1:c3489, 9193e3b7-ae04-484d-a740-c65c11559486:c3490]
2019-08-24 07:08:36,914 [grpc-default-executor-1] INFO  client.GrpcClientProtocolClient (GrpcClientProtocolClient.java:onNext(255)) - client-6EDD19400D46->06a4573b-67a1-41e3-a350-f896363bc636: receive RaftClientReply:client-6EDD19400D46->06a4573b-67a1-41e3-a350-f896363bc636@group-757E3781CD2A, cid=2363, SUCCESS, logIndex=3493, commits[06a4573b-67a1-41e3-a350-f896363bc636:c3493, 0b725bbf-683b-4664-9a2e-3c9dd6e38bc1:c3489, 9193e3b7-ae04-484d-a740-c65c11559486:c3490]
2019-08-24 07:08:36,915 | INFO  | DNAudit | user=null | ip=null | op=WRITE_CHUNK {blockData=conID: 2 locID: 102670697541075523 bcsId: 3487} | ret=SUCCESS |  
2019-08-24 07:08:36,917 | INFO  | DNAudit | user=null | ip=null | op=WRITE_CHUNK {blockData=conID: 2 locID: 102670697541075523 bcsId: 3487} | ret=SUCCESS |  
2019-08-24 07:08:36,923 | INFO  | DNAudit | user=null | ip=null | op=WRITE_CHUNK {blockData=conID: 2 locID: 102670697541075523 bcsId: 3493} | ret=SUCCESS |  
2019-08-24 07:08:36,926 | INFO  | DNAudit | user=null | ip=null | op=WRITE_CHUNK {blockData=conID: 2 locID: 102670697541075523 bcsId: 3493} | ret=SUCCESS |  
2019-08-24 07:08:36,927 | INFO  | DNAudit | user=null | ip=null | op=WRITE_CHUNK {blockData=conID: 2 locID: 102670697541075523 bcsId: 3493} | ret=SUCCESS |  
2019-08-24 07:08:36,928 | INFO  | DNAudit | user=null | ip=null | op=PUT_BLOCK {blockData=[blockId=conID: 2 locID: 102670697541075523 bcsId: 0,size=3145728]} | ret=SUCCESS |  
2019-08-24 07:08:36,928 | INFO  | DNAudit | user=null | ip=null | op=PUT_BLOCK {blockData=[blockId=conID: 2 locID: 102670697541075523 bcsId: 0,size=3145728]} | ret=SUCCESS |  
2019-08-24 07:08:36,929 | INFO  | DNAudit | user=null | ip=null | op=WRITE_CHUNK {blockData=conID: 2 locID: 102670697541075523 bcsId: 3493} | ret=SUCCESS |  
2019-08-24 07:08:36,930 | INFO  | DNAudit | user=null | ip=null | op=PUT_BLOCK {blockData=[blockId=conID: 2 locID: 102670697541075523 bcsId: 0,size=4194304]} | ret=SUCCESS |  
2019-08-24 07:08:36,930 [grpc-default-executor-1] INFO  client.GrpcClientProtocolClient (GrpcClientProtocolClient.java:onNext(255)) - client-6EDD19400D46->06a4573b-67a1-41e3-a350-f896363bc636: receive RaftClientReply:client-6EDD19400D46->06a4573b-67a1-41e3-a350-f896363bc636@group-757E3781CD2A, cid=2364, SUCCESS, logIndex=3496, commits[06a4573b-67a1-41e3-a350-f896363bc636:c3497, 0b725bbf-683b-4664-9a2e-3c9dd6e38bc1:c3494, 9193e3b7-ae04-484d-a740-c65c11559486:c3494]
2019-08-24 07:08:36,930 [grpc-default-executor-1] INFO  client.GrpcClientProtocolClient (GrpcClientProtocolClient.java:onNext(255)) - client-6EDD19400D46->06a4573b-67a1-41e3-a350-f896363bc636: receive RaftClientReply:client-6EDD19400D46->06a4573b-67a1-41e3-a350-f896363bc636@group-757E3781CD2A, cid=2365, SUCCESS, logIndex=3497, commits[06a4573b-67a1-41e3-a350-f896363bc636:c3497, 0b725bbf-683b-4664-9a2e-3c9dd6e38bc1:c3494, 9193e3b7-ae04-484d-a740-c65c11559486:c3494]
2019-08-24 07:08:36,931 | INFO  | DNAudit | user=null | ip=null | op=WRITE_CHUNK {blockData=conID: 2 locID: 102670697541075523 bcsId: 3493} | ret=SUCCESS |  
2019-08-24 07:08:36,931 | INFO  | DNAudit | user=null | ip=null | op=WRITE_CHUNK {blockData=conID: 2 locID: 102670697541075523 bcsId: 3493} | ret=SUCCESS |  
2019-08-24 07:08:36,931 | INFO  | DNAudit | user=null | ip=null | op=PUT_BLOCK {blockData=[blockId=conID: 2 locID: 102670697541075523 bcsId: 0,size=4194304]} | ret=SUCCESS |  
2019-08-24 07:08:36,931 | INFO  | DNAudit | user=null | ip=null | op=PUT_BLOCK {blockData=[blockId=conID: 2 locID: 102670697541075523 bcsId: 0,size=4194304]} | ret=SUCCESS |  
2019-08-24 07:08:36,932 [grpc-default-executor-2] INFO  client.GrpcClientProtocolClient (GrpcClientProtocolClient.java:onNext(255)) - client-6EDD19400D46->06a4573b-67a1-41e3-a350-f896363bc636: receive RaftClientReply:client-6EDD19400D46->06a4573b-67a1-41e3-a350-f896363bc636@group-757E3781CD2A, cid=2366, SUCCESS, logIndex=0, commits[06a4573b-67a1-41e3-a350-f896363bc636:c3498, 0b725bbf-683b-4664-9a2e-3c9dd6e38bc1:c3497, 9193e3b7-ae04-484d-a740-c65c11559486:c3497]
2019-08-24 07:08:36,937 | INFO  | SCMAudit | user=jenkins1000 | ip=192.168.69.125 | op=ALLOCATE_BLOCK {owner=61bacca8-15b6-4a50-8962-5e9786b18b0d, size=4194304, type=RATIS, factor=THREE} | ret=SUCCESS |  
2019-08-24 07:08:36,941 | INFO  | OMAudit | user=jenkins1000 | ip=127.0.0.1 | op=ALLOCATE_BLOCK {volume=vol-0-26988, bucket=bucket-0-20739, key=key-0-27353, dataSize=0, replicationType=null, replicationFactor=null, keyLocationInfo=null, clientID=102670695851229586} | ret=SUCCESS |  
2019-08-24 07:08:36,950 | INFO  | DNAudit | user=null | ip=null | op=WRITE_CHUNK {blockData=conID: 3 locID: 102670697557983812 bcsId: 0} | ret=SUCCESS |  
2019-08-24 07:08:36,953 | INFO  | DNAudit | user=null | ip=null | op=WRITE_CHUNK {blockData=conID: 3 locID: 102670697557983812 bcsId: 0} | ret=SUCCESS |  
2019-08-24 07:08:36,954 | INFO  | DNAudit | user=null | ip=null | op=WRITE_CHUNK {blockData=conID: 3 locID: 102670697557983812 bcsId: 0} | ret=SUCCESS |  
2019-08-24 07:08:36,954 | INFO  | DNAudit | user=null | ip=null | op=WRITE_CHUNK {blockData=conID: 3 locID: 102670697557983812 bcsId: 0} | ret=SUCCESS |  
2019-08-24 07:08:36,956 | INFO  | DNAudit | user=null | ip=null | op=WRITE_CHUNK {blockData=conID: 3 locID: 102670697557983812 bcsId: 0} | ret=SUCCESS |  
2019-08-24 07:08:36,956 | INFO  | DNAudit | user=null | ip=null | op=WRITE_CHUNK {blockData=conID: 3 locID: 102670697557983812 bcsId: 0} | ret=SUCCESS |  
2019-08-24 07:08:36,962 | INFO  | DNAudit | user=null | ip=null | op=WRITE_CHUNK {blockData=conID: 3 locID: 102670697557983812 bcsId: 0} | ret=SUCCESS |  
2019-08-24 07:08:36,963 | INFO  | DNAudit | user=null | ip=null | op=PUT_BLOCK {blockData=[blockId=conID: 3 locID: 102670697557983812 bcsId: 0,size=1048576]} | ret=SUCCESS |  
2019-08-24 07:08:36,963 [grpc-default-executor-2] INFO  client.GrpcClientProtocolClient (GrpcClientProtocolClient.java:onNext(255)) - client-6EDD19400D46->06a4573b-67a1-41e3-a350-f896363bc636: receive RaftClientReply:client-6EDD19400D46->06a4573b-67a1-41e3-a350-f896363bc636@group-757E3781CD2A, cid=2367, SUCCESS, logIndex=3500, commits[06a4573b-67a1-41e3-a350-f896363bc636:c3501, 0b725bbf-683b-4664-9a2e-3c9dd6e38bc1:c3499, 9193e3b7-ae04-484d-a740-c65c11559486:c3499]
2019-08-24 07:08:36,964 [grpc-default-executor-2] INFO  client.GrpcClientProtocolClient (GrpcClientProtocolClient.java:onNext(255)) - client-6EDD19400D46->06a4573b-67a1-41e3-a350-f896363bc636: receive RaftClientReply:client-6EDD19400D46->06a4573b-67a1-41e3-a350-f896363bc636@group-757E3781CD2A, cid=2368, SUCCESS, logIndex=3501, commits[06a4573b-67a1-41e3-a350-f896363bc636:c3501, 0b725bbf-683b-4664-9a2e-3c9dd6e38bc1:c3499, 9193e3b7-ae04-484d-a740-c65c11559486:c3499]
2019-08-24 07:08:36,965 | INFO  | DNAudit | user=null | ip=null | op=WRITE_CHUNK {blockData=conID: 3 locID: 102670697557983812 bcsId: 0} | ret=SUCCESS |  
2019-08-24 07:08:36,966 | INFO  | DNAudit | user=null | ip=null | op=PUT_BLOCK {blockData=[blockId=conID: 3 locID: 102670697557983812 bcsId: 0,size=2097152]} | ret=SUCCESS |  
2019-08-24 07:08:36,966 [grpc-default-executor-2] INFO  client.GrpcClientProtocolClient (GrpcClientProtocolClient.java:onNext(255)) - client-6EDD19400D46->06a4573b-67a1-41e3-a350-f896363bc636: receive RaftClientReply:client-6EDD19400D46->06a4573b-67a1-41e3-a350-f896363bc636@group-757E3781CD2A, cid=2369, SUCCESS, logIndex=3502, commits[06a4573b-67a1-41e3-a350-f896363bc636:c3503, 0b725bbf-683b-4664-9a2e-3c9dd6e38bc1:c3499, 9193e3b7-ae04-484d-a740-c65c11559486:c3499]
2019-08-24 07:08:36,966 [grpc-default-executor-2] INFO  client.GrpcClientProtocolClient (GrpcClientProtocolClient.java:onNext(255)) - client-6EDD19400D46->06a4573b-67a1-41e3-a350-f896363bc636: receive RaftClientReply:client-6EDD19400D46->06a4573b-67a1-41e3-a350-f896363bc636@group-757E3781CD2A, cid=2370, SUCCESS, logIndex=3503, commits[06a4573b-67a1-41e3-a350-f896363bc636:c3503, 0b725bbf-683b-4664-9a2e-3c9dd6e38bc1:c3499, 9193e3b7-ae04-484d-a740-c65c11559486:c3499]
2019-08-24 07:08:36,977 | INFO  | DNAudit | user=null | ip=null | op=WRITE_CHUNK {blockData=conID: 3 locID: 102670697557983812 bcsId: 0} | ret=SUCCESS |  
2019-08-24 07:08:36,977 | INFO  | DNAudit | user=null | ip=null | op=WRITE_CHUNK {blockData=conID: 3 locID: 102670697557983812 bcsId: 0} | ret=SUCCESS |  
2019-08-24 07:08:36,977 | INFO  | DNAudit | user=null | ip=null | op=PUT_BLOCK {blockData=[blockId=conID: 3 locID: 102670697557983812 bcsId: 0,size=1048576]} | ret=SUCCESS |  
2019-08-24 07:08:36,977 | INFO  | DNAudit | user=null | ip=null | op=PUT_BLOCK {blockData=[blockId=conID: 3 locID: 102670697557983812 bcsId: 0,size=1048576]} | ret=SUCCESS |  
2019-08-24 07:08:36,978 | INFO  | DNAudit | user=null | ip=null | op=WRITE_CHUNK {blockData=conID: 3 locID: 102670697557983812 bcsId: 0} | ret=SUCCESS |  
2019-08-24 07:08:36,978 [grpc-default-executor-2] INFO  client.GrpcClientProtocolClient (GrpcClientProtocolClient.java:onNext(255)) - client-6EDD19400D46->06a4573b-67a1-41e3-a350-f896363bc636: receive RaftClientReply:client-6EDD19400D46->06a4573b-67a1-41e3-a350-f896363bc636@group-757E3781CD2A, cid=2371, SUCCESS, logIndex=0, commits[06a4573b-67a1-41e3-a350-f896363bc636:c3505, 0b725bbf-683b-4664-9a2e-3c9dd6e38bc1:c3501, 9193e3b7-ae04-484d-a740-c65c11559486:c3501]
2019-08-24 07:08:36,978 | INFO  | DNAudit | user=null | ip=null | op=PUT_BLOCK {blockData=[blockId=conID: 3 locID: 102670697557983812 bcsId: 0,size=2097152]} | ret=SUCCESS |  
2019-08-24 07:08:36,979 | INFO  | DNAudit | user=null | ip=null | op=WRITE_CHUNK {blockData=conID: 3 locID: 102670697557983812 bcsId: 0} | ret=SUCCESS |  
2019-08-24 07:08:36,979 | INFO  | DNAudit | user=null | ip=null | op=PUT_BLOCK {blockData=[blockId=conID: 3 locID: 102670697557983812 bcsId: 0,size=2097152]} | ret=SUCCESS |  
2019-08-24 07:08:36,986 | INFO  | DNAudit | user=null | ip=null | op=WRITE_CHUNK {blockData=conID: 3 locID: 102670697557983812 bcsId: 3503} | ret=SUCCESS |  
2019-08-24 07:08:36,990 | INFO  | DNAudit | user=null | ip=null | op=WRITE_CHUNK {blockData=conID: 3 locID: 102670697557983812 bcsId: 3503} | ret=SUCCESS |  
2019-08-24 07:08:36,990 | INFO  | DNAudit | user=null | ip=null | op=WRITE_CHUNK {blockData=conID: 3 locID: 102670697557983812 bcsId: 3503} | ret=SUCCESS |  
2019-08-24 07:08:36,999 | INFO  | DNAudit | user=null | ip=null | op=WRITE_CHUNK {blockData=conID: 3 locID: 102670697557983812 bcsId: 3503} | ret=SUCCESS |  
2019-08-24 07:08:36,999 | INFO  | DNAudit | user=null | ip=null | op=PUT_BLOCK {blockData=[blockId=conID: 3 locID: 102670697557983812 bcsId: 0,size=3145728]} | ret=SUCCESS |  
2019-08-24 07:08:37,000 [grpc-default-executor-1] INFO  client.GrpcClientProtocolClient (GrpcClientProtocolClient.java:onNext(255)) - client-6EDD19400D46->06a4573b-67a1-41e3-a350-f896363bc636: receive RaftClientReply:client-6EDD19400D46->06a4573b-67a1-41e3-a350-f896363bc636@group-757E3781CD2A, cid=2372, SUCCESS, logIndex=3508, commits[06a4573b-67a1-41e3-a350-f896363bc636:c3509, 0b725bbf-683b-4664-9a2e-3c9dd6e38bc1:c3507, 9193e3b7-ae04-484d-a740-c65c11559486:c3507]
2019-08-24 07:08:37,000 [grpc-default-executor-1] INFO  client.GrpcClientProtocolClient (GrpcClientProtocolClient.java:onNext(255)) - client-6EDD19400D46->06a4573b-67a1-41e3-a350-f896363bc636: receive RaftClientReply:client-6EDD19400D46->06a4573b-67a1-41e3-a350-f896363bc636@group-757E3781CD2A, cid=2373, SUCCESS, logIndex=3509, commits[06a4573b-67a1-41e3-a350-f896363bc636:c3509, 0b725bbf-683b-4664-9a2e-3c9dd6e38bc1:c3507, 9193e3b7-ae04-484d-a740-c65c11559486:c3507]
2019-08-24 07:08:37,008 | INFO  | DNAudit | user=null | ip=null | op=WRITE_CHUNK {blockData=conID: 3 locID: 102670697557983812 bcsId: 3509} | ret=SUCCESS |  
2019-08-24 07:08:37,012 | INFO  | DNAudit | user=null | ip=null | op=WRITE_CHUNK {blockData=conID: 3 locID: 102670697557983812 bcsId: 3509} | ret=SUCCESS |  
2019-08-24 07:08:37,012 | INFO  | DNAudit | user=null | ip=null | op=WRITE_CHUNK {blockData=conID: 3 locID: 102670697557983812 bcsId: 3503} | ret=SUCCESS |  
2019-08-24 07:08:37,013 | INFO  | DNAudit | user=null | ip=null | op=WRITE_CHUNK {blockData=conID: 3 locID: 102670697557983812 bcsId: 3503} | ret=SUCCESS |  
2019-08-24 07:08:37,013 | INFO  | DNAudit | user=null | ip=null | op=WRITE_CHUNK {blockData=conID: 3 locID: 102670697557983812 bcsId: 3509} | ret=SUCCESS |  
2019-08-24 07:08:37,025 | INFO  | DNAudit | user=null | ip=null | op=PUT_BLOCK {blockData=[blockId=conID: 3 locID: 102670697557983812 bcsId: 0,size=3145728]} | ret=SUCCESS |  
2019-08-24 07:08:37,026 | INFO  | DNAudit | user=null | ip=null | op=PUT_BLOCK {blockData=[blockId=conID: 3 locID: 102670697557983812 bcsId: 0,size=3145728]} | ret=SUCCESS |  
2019-08-24 07:08:37,026 | INFO  | DNAudit | user=null | ip=null | op=WRITE_CHUNK {blockData=conID: 3 locID: 102670697557983812 bcsId: 3509} | ret=SUCCESS |  
2019-08-24 07:08:37,026 | INFO  | DNAudit | user=null | ip=null | op=PUT_BLOCK {blockData=[blockId=conID: 3 locID: 102670697557983812 bcsId: 0,size=4194304]} | ret=SUCCESS |  
2019-08-24 07:08:37,027 [grpc-default-executor-5] INFO  client.GrpcClientProtocolClient (GrpcClientProtocolClient.java:onNext(255)) - client-6EDD19400D46->06a4573b-67a1-41e3-a350-f896363bc636: receive RaftClientReply:client-6EDD19400D46->06a4573b-67a1-41e3-a350-f896363bc636@group-757E3781CD2A, cid=2374, SUCCESS, logIndex=3512, commits[06a4573b-67a1-41e3-a350-f896363bc636:c3513, 0b725bbf-683b-4664-9a2e-3c9dd6e38bc1:c3509, 9193e3b7-ae04-484d-a740-c65c11559486:c3509]
2019-08-24 07:08:37,027 [grpc-default-executor-5] INFO  client.GrpcClientProtocolClient (GrpcClientProtocolClient.java:onNext(255)) - client-6EDD19400D46->06a4573b-67a1-41e3-a350-f896363bc636: receive RaftClientReply:client-6EDD19400D46->06a4573b-67a1-41e3-a350-f896363bc636@group-757E3781CD2A, cid=2375, SUCCESS, logIndex=3513, commits[06a4573b-67a1-41e3-a350-f896363bc636:c3513, 0b725bbf-683b-4664-9a2e-3c9dd6e38bc1:c3509, 9193e3b7-ae04-484d-a740-c65c11559486:c3509]
2019-08-24 07:08:37,038 | INFO  | DNAudit | user=null | ip=null | op=WRITE_CHUNK {blockData=conID: 3 locID: 102670697557983812 bcsId: 3509} | ret=SUCCESS |  
2019-08-24 07:08:37,038 | INFO  | DNAudit | user=null | ip=null | op=WRITE_CHUNK {blockData=conID: 3 locID: 102670697557983812 bcsId: 3509} | ret=SUCCESS |  
2019-08-24 07:08:37,040 | INFO  | DNAudit | user=null | ip=null | op=PUT_BLOCK {blockData=[blockId=conID: 3 locID: 102670697557983812 bcsId: 0,size=4194304]} | ret=SUCCESS |  
2019-08-24 07:08:37,040 | INFO  | DNAudit | user=null | ip=null | op=PUT_BLOCK {blockData=[blockId=conID: 3 locID: 102670697557983812 bcsId: 0,size=4194304]} | ret=SUCCESS |  
2019-08-24 07:08:37,041 [grpc-default-executor-5] INFO  client.GrpcClientProtocolClient (GrpcClientProtocolClient.java:onNext(255)) - client-6EDD19400D46->06a4573b-67a1-41e3-a350-f896363bc636: receive RaftClientReply:client-6EDD19400D46->06a4573b-67a1-41e3-a350-f896363bc636@group-757E3781CD2A, cid=2376, SUCCESS, logIndex=0, commits[06a4573b-67a1-41e3-a350-f896363bc636:c3515, 0b725bbf-683b-4664-9a2e-3c9dd6e38bc1:c3513, 9193e3b7-ae04-484d-a740-c65c11559486:c3513]
2019-08-24 07:08:37,047 | INFO  | SCMAudit | user=jenkins1000 | ip=192.168.69.125 | op=ALLOCATE_BLOCK {owner=61bacca8-15b6-4a50-8962-5e9786b18b0d, size=4194304, type=RATIS, factor=THREE} | ret=SUCCESS |  
2019-08-24 07:08:37,051 | INFO  | OMAudit | user=jenkins1000 | ip=127.0.0.1 | op=ALLOCATE_BLOCK {volume=vol-0-26988, bucket=bucket-0-20739, key=key-0-27353, dataSize=0, replicationType=null, replicationFactor=null, keyLocationInfo=null, clientID=102670695851229586} | ret=SUCCESS |  
2019-08-24 07:08:37,060 | INFO  | DNAudit | user=null | ip=null | op=WRITE_CHUNK {blockData=conID: 1 locID: 102670697565192773 bcsId: 0} | ret=SUCCESS |  
2019-08-24 07:08:37,063 | INFO  | DNAudit | user=null | ip=null | op=WRITE_CHUNK {blockData=conID: 1 locID: 102670697565192773 bcsId: 0} | ret=SUCCESS |  
2019-08-24 07:08:37,064 | INFO  | DNAudit | user=null | ip=null | op=WRITE_CHUNK {blockData=conID: 1 locID: 102670697565192773 bcsId: 0} | ret=SUCCESS |  
2019-08-24 07:08:37,064 | INFO  | DNAudit | user=null | ip=null | op=WRITE_CHUNK {blockData=conID: 1 locID: 102670697565192773 bcsId: 0} | ret=SUCCESS |  
2019-08-24 07:08:37,066 | INFO  | DNAudit | user=null | ip=null | op=WRITE_CHUNK {blockData=conID: 1 locID: 102670697565192773 bcsId: 0} | ret=SUCCESS |  
2019-08-24 07:08:37,067 | INFO  | DNAudit | user=null | ip=null | op=WRITE_CHUNK {blockData=conID: 1 locID: 102670697565192773 bcsId: 0} | ret=SUCCESS |  
2019-08-24 07:08:37,078 | INFO  | DNAudit | user=null | ip=null | op=WRITE_CHUNK {blockData=conID: 1 locID: 102670697565192773 bcsId: 0} | ret=SUCCESS |  
2019-08-24 07:08:37,078 | INFO  | DNAudit | user=null | ip=null | op=PUT_BLOCK {blockData=[blockId=conID: 1 locID: 102670697565192773 bcsId: 0,size=1048576]} | ret=SUCCESS |  
2019-08-24 07:08:37,079 [grpc-default-executor-0] INFO  client.GrpcClientProtocolClient (GrpcClientProtocolClient.java:onNext(255)) - client-6EDD19400D46->06a4573b-67a1-41e3-a350-f896363bc636: receive RaftClientReply:client-6EDD19400D46->06a4573b-67a1-41e3-a350-f896363bc636@group-757E3781CD2A, cid=2377, SUCCESS, logIndex=3516, commits[06a4573b-67a1-41e3-a350-f896363bc636:c3517, 0b725bbf-683b-4664-9a2e-3c9dd6e38bc1:c3515, 9193e3b7-ae04-484d-a740-c65c11559486:c3515]
2019-08-24 07:08:37,079 [grpc-default-executor-0] INFO  client.GrpcClientProtocolClient (GrpcClientProtocolClient.java:onNext(255)) - client-6EDD19400D46->06a4573b-67a1-41e3-a350-f896363bc636: receive RaftClientReply:client-6EDD19400D46->06a4573b-67a1-41e3-a350-f896363bc636@group-757E3781CD2A, cid=2378, SUCCESS, logIndex=3517, commits[06a4573b-67a1-41e3-a350-f896363bc636:c3517, 0b725bbf-683b-4664-9a2e-3c9dd6e38bc1:c3515, 9193e3b7-ae04-484d-a740-c65c11559486:c3515]
2019-08-24 07:08:37,084 | INFO  | DNAudit | user=null | ip=null | op=WRITE_CHUNK {blockData=conID: 1 locID: 102670697565192773 bcsId: 0} | ret=SUCCESS |  
2019-08-24 07:08:37,085 | INFO  | DNAudit | user=null | ip=null | op=PUT_BLOCK {blockData=[blockId=conID: 1 locID: 102670697565192773 bcsId: 0,size=2097152]} | ret=SUCCESS |  
2019-08-24 07:08:37,085 | INFO  | DNAudit | user=null | ip=null | op=WRITE_CHUNK {blockData=conID: 1 locID: 102670697565192773 bcsId: 0} | ret=SUCCESS |  
2019-08-24 07:08:37,085 [grpc-default-executor-2] INFO  client.GrpcClientProtocolClient (GrpcClientProtocolClient.java:onNext(255)) - client-6EDD19400D46->06a4573b-67a1-41e3-a350-f896363bc636: receive RaftClientReply:client-6EDD19400D46->06a4573b-67a1-41e3-a350-f896363bc636@group-757E3781CD2A, cid=2379, SUCCESS, logIndex=3518, commits[06a4573b-67a1-41e3-a350-f896363bc636:c3519, 0b725bbf-683b-4664-9a2e-3c9dd6e38bc1:c3515, 9193e3b7-ae04-484d-a740-c65c11559486:c3515]
2019-08-24 07:08:37,086 [grpc-default-executor-2] INFO  client.GrpcClientProtocolClient (GrpcClientProtocolClient.java:onNext(255)) - client-6EDD19400D46->06a4573b-67a1-41e3-a350-f896363bc636: receive RaftClientReply:client-6EDD19400D46->06a4573b-67a1-41e3-a350-f896363bc636@group-757E3781CD2A, cid=2380, SUCCESS, logIndex=3519, commits[06a4573b-67a1-41e3-a350-f896363bc636:c3519, 0b725bbf-683b-4664-9a2e-3c9dd6e38bc1:c3515, 9193e3b7-ae04-484d-a740-c65c11559486:c3516]
2019-08-24 07:08:37,086 | INFO  | DNAudit | user=null | ip=null | op=PUT_BLOCK {blockData=[blockId=conID: 1 locID: 102670697565192773 bcsId: 0,size=1048576]} | ret=SUCCESS |  
2019-08-24 07:08:37,087 | INFO  | DNAudit | user=null | ip=null | op=WRITE_CHUNK {blockData=conID: 1 locID: 102670697565192773 bcsId: 0} | ret=SUCCESS |  
2019-08-24 07:08:37,087 | INFO  | DNAudit | user=null | ip=null | op=PUT_BLOCK {blockData=[blockId=conID: 1 locID: 102670697565192773 bcsId: 0,size=2097152]} | ret=SUCCESS |  
2019-08-24 07:08:37,089 | INFO  | DNAudit | user=null | ip=null | op=WRITE_CHUNK {blockData=conID: 1 locID: 102670697565192773 bcsId: 0} | ret=SUCCESS |  
2019-08-24 07:08:37,089 | INFO  | DNAudit | user=null | ip=null | op=PUT_BLOCK {blockData=[blockId=conID: 1 locID: 102670697565192773 bcsId: 0,size=1048576]} | ret=SUCCESS |  
2019-08-24 07:08:37,089 | INFO  | DNAudit | user=null | ip=null | op=WRITE_CHUNK {blockData=conID: 1 locID: 102670697565192773 bcsId: 0} | ret=SUCCESS |  
2019-08-24 07:08:37,089 | INFO  | DNAudit | user=null | ip=null | op=PUT_BLOCK {blockData=[blockId=conID: 1 locID: 102670697565192773 bcsId: 0,size=2097152]} | ret=SUCCESS |  
2019-08-24 07:08:37,089 [grpc-default-executor-0] INFO  client.GrpcClientProtocolClient (GrpcClientProtocolClient.java:onNext(255)) - client-6EDD19400D46->06a4573b-67a1-41e3-a350-f896363bc636: receive RaftClientReply:client-6EDD19400D46->06a4573b-67a1-41e3-a350-f896363bc636@group-757E3781CD2A, cid=2381, SUCCESS, logIndex=0, commits[06a4573b-67a1-41e3-a350-f896363bc636:c3522, 0b725bbf-683b-4664-9a2e-3c9dd6e38bc1:c3517, 9193e3b7-ae04-484d-a740-c65c11559486:c3519]
2019-08-24 07:08:37,097 | INFO  | DNAudit | user=null | ip=null | op=WRITE_CHUNK {blockData=conID: 1 locID: 102670697565192773 bcsId: 3519} | ret=SUCCESS |  
2019-08-24 07:08:37,101 | INFO  | DNAudit | user=null | ip=null | op=WRITE_CHUNK {blockData=conID: 1 locID: 102670697565192773 bcsId: 3519} | ret=SUCCESS |  
2019-08-24 07:08:37,101 | INFO  | DNAudit | user=null | ip=null | op=WRITE_CHUNK {blockData=conID: 1 locID: 102670697565192773 bcsId: 3519} | ret=SUCCESS |  
2019-08-24 07:08:37,110 | INFO  | DNAudit | user=null | ip=null | op=WRITE_CHUNK {blockData=conID: 1 locID: 102670697565192773 bcsId: 3519} | ret=SUCCESS |  
2019-08-24 07:08:37,110 | INFO  | DNAudit | user=null | ip=null | op=PUT_BLOCK {blockData=[blockId=conID: 1 locID: 102670697565192773 bcsId: 0,size=3145728]} | ret=SUCCESS |  
2019-08-24 07:08:37,110 [grpc-default-executor-5] INFO  client.GrpcClientProtocolClient (GrpcClientProtocolClient.java:onNext(255)) - client-6EDD19400D46->06a4573b-67a1-41e3-a350-f896363bc636: receive RaftClientReply:client-6EDD19400D46->06a4573b-67a1-41e3-a350-f896363bc636@group-757E3781CD2A, cid=2382, SUCCESS, logIndex=3523, commits[06a4573b-67a1-41e3-a350-f896363bc636:c3524, 0b725bbf-683b-4664-9a2e-3c9dd6e38bc1:c3522, 9193e3b7-ae04-484d-a740-c65c11559486:c3522]
2019-08-24 07:08:37,111 [grpc-default-executor-5] INFO  client.GrpcClientProtocolClient (GrpcClientProtocolClient.java:onNext(255)) - client-6EDD19400D46->06a4573b-67a1-41e3-a350-f896363bc636: receive RaftClientReply:client-6EDD19400D46->06a4573b-67a1-41e3-a350-f896363bc636@group-757E3781CD2A, cid=2383, SUCCESS, logIndex=3524, commits[06a4573b-67a1-41e3-a350-f896363bc636:c3524, 0b725bbf-683b-4664-9a2e-3c9dd6e38bc1:c3522, 9193e3b7-ae04-484d-a740-c65c11559486:c3522]
2019-08-24 07:08:37,118 | INFO  | DNAudit | user=null | ip=null | op=WRITE_CHUNK {blockData=conID: 1 locID: 102670697565192773 bcsId: 3524} | ret=SUCCESS |  
2019-08-24 07:08:37,121 | INFO  | DNAudit | user=null | ip=null | op=WRITE_CHUNK {blockData=conID: 1 locID: 102670697565192773 bcsId: 3524} | ret=SUCCESS |  
2019-08-24 07:08:37,122 | INFO  | DNAudit | user=null | ip=null | op=WRITE_CHUNK {blockData=conID: 1 locID: 102670697565192773 bcsId: 3524} | ret=SUCCESS |  
2019-08-24 07:08:37,123 | INFO  | DNAudit | user=null | ip=null | op=WRITE_CHUNK {blockData=conID: 1 locID: 102670697565192773 bcsId: 3519} | ret=SUCCESS |  
2019-08-24 07:08:37,123 | INFO  | DNAudit | user=null | ip=null | op=WRITE_CHUNK {blockData=conID: 1 locID: 102670697565192773 bcsId: 3519} | ret=SUCCESS |  
2019-08-24 07:08:37,136 | INFO  | DNAudit | user=null | ip=null | op=PUT_BLOCK {blockData=[blockId=conID: 1 locID: 102670697565192773 bcsId: 0,size=3145728]} | ret=SUCCESS |  
2019-08-24 07:08:37,136 | INFO  | DNAudit | user=null | ip=null | op=PUT_BLOCK {blockData=[blockId=conID: 1 locID: 102670697565192773 bcsId: 0,size=3145728]} | ret=SUCCESS |  
2019-08-24 07:08:37,136 | INFO  | DNAudit | user=null | ip=null | op=WRITE_CHUNK {blockData=conID: 1 locID: 102670697565192773 bcsId: 3524} | ret=SUCCESS |  
2019-08-24 07:08:37,137 | INFO  | DNAudit | user=null | ip=null | op=PUT_BLOCK {blockData=[blockId=conID: 1 locID: 102670697565192773 bcsId: 0,size=4194304]} | ret=SUCCESS |  
2019-08-24 07:08:37,137 [grpc-default-executor-0] INFO  client.GrpcClientProtocolClient (GrpcClientProtocolClient.java:onNext(255)) - client-6EDD19400D46->06a4573b-67a1-41e3-a350-f896363bc636: receive RaftClientReply:client-6EDD19400D46->06a4573b-67a1-41e3-a350-f896363bc636@group-757E3781CD2A, cid=2384, SUCCESS, logIndex=3527, commits[06a4573b-67a1-41e3-a350-f896363bc636:c3528, 0b725bbf-683b-4664-9a2e-3c9dd6e38bc1:c3524, 9193e3b7-ae04-484d-a740-c65c11559486:c3524]
2019-08-24 07:08:37,138 [grpc-default-executor-0] INFO  client.GrpcClientProtocolClient (GrpcClientProtocolClient.java:onNext(255)) - client-6EDD19400D46->06a4573b-67a1-41e3-a350-f896363bc636: receive RaftClientReply:client-6EDD19400D46->06a4573b-67a1-41e3-a350-f896363bc636@group-757E3781CD2A, cid=2385, SUCCESS, logIndex=3528, commits[06a4573b-67a1-41e3-a350-f896363bc636:c3528, 0b725bbf-683b-4664-9a2e-3c9dd6e38bc1:c3524, 9193e3b7-ae04-484d-a740-c65c11559486:c3524]
2019-08-24 07:08:37,167 | INFO  | DNAudit | user=null | ip=null | op=WRITE_CHUNK {blockData=conID: 1 locID: 102670697565192773 bcsId: 3524} | ret=SUCCESS |  
2019-08-24 07:08:37,168 | INFO  | DNAudit | user=null | ip=null | op=WRITE_CHUNK {blockData=conID: 1 locID: 102670697565192773 bcsId: 3524} | ret=SUCCESS |  
2019-08-24 07:08:37,170 | INFO  | DNAudit | user=null | ip=null | op=PUT_BLOCK {blockData=[blockId=conID: 1 locID: 102670697565192773 bcsId: 0,size=4194304]} | ret=SUCCESS |  
2019-08-24 07:08:37,182 | INFO  | DNAudit | user=null | ip=null | op=PUT_BLOCK {blockData=[blockId=conID: 1 locID: 102670697565192773 bcsId: 0,size=4194304]} | ret=SUCCESS |  
2019-08-24 07:08:37,182 [grpc-default-executor-0] INFO  client.GrpcClientProtocolClient (GrpcClientProtocolClient.java:onNext(255)) - client-6EDD19400D46->06a4573b-67a1-41e3-a350-f896363bc636: receive RaftClientReply:client-6EDD19400D46->06a4573b-67a1-41e3-a350-f896363bc636@group-757E3781CD2A, cid=2386, SUCCESS, logIndex=0, commits[06a4573b-67a1-41e3-a350-f896363bc636:c3530, 0b725bbf-683b-4664-9a2e-3c9dd6e38bc1:c3528, 9193e3b7-ae04-484d-a740-c65c11559486:c3528]
2019-08-24 07:08:37,189 | INFO  | SCMAudit | user=jenkins1000 | ip=192.168.69.125 | op=ALLOCATE_BLOCK {owner=61bacca8-15b6-4a50-8962-5e9786b18b0d, size=4194304, type=RATIS, factor=THREE} | ret=SUCCESS |  
2019-08-24 07:08:37,193 | INFO  | OMAudit | user=jenkins1000 | ip=127.0.0.1 | op=ALLOCATE_BLOCK {volume=vol-0-26988, bucket=bucket-0-20739, key=key-0-27353, dataSize=0, replicationType=null, replicationFactor=null, keyLocationInfo=null, clientID=102670695851229586} | ret=SUCCESS |  
2019-08-24 07:08:37,200 | INFO  | DNAudit | user=null | ip=null | op=WRITE_CHUNK {blockData=conID: 2 locID: 102670697574498886 bcsId: 0} | ret=SUCCESS |  
2019-08-24 07:08:37,202 | INFO  | DNAudit | user=null | ip=null | op=WRITE_CHUNK {blockData=conID: 2 locID: 102670697574498886 bcsId: 0} | ret=SUCCESS |  
2019-08-24 07:08:37,204 | INFO  | DNAudit | user=null | ip=null | op=WRITE_CHUNK {blockData=conID: 2 locID: 102670697574498886 bcsId: 0} | ret=SUCCESS |  
2019-08-24 07:08:37,204 | INFO  | DNAudit | user=null | ip=null | op=WRITE_CHUNK {blockData=conID: 2 locID: 102670697574498886 bcsId: 0} | ret=SUCCESS |  
2019-08-24 07:08:37,205 | INFO  | DNAudit | user=null | ip=null | op=WRITE_CHUNK {blockData=conID: 2 locID: 102670697574498886 bcsId: 0} | ret=SUCCESS |  
2019-08-24 07:08:37,206 | INFO  | DNAudit | user=null | ip=null | op=WRITE_CHUNK {blockData=conID: 2 locID: 102670697574498886 bcsId: 0} | ret=SUCCESS |  
2019-08-24 07:08:37,215 | INFO  | DNAudit | user=null | ip=null | op=WRITE_CHUNK {blockData=conID: 2 locID: 102670697574498886 bcsId: 0} | ret=SUCCESS |  
2019-08-24 07:08:37,216 | INFO  | DNAudit | user=null | ip=null | op=PUT_BLOCK {blockData=[blockId=conID: 2 locID: 102670697574498886 bcsId: 0,size=1048576]} | ret=SUCCESS |  
2019-08-24 07:08:37,216 [grpc-default-executor-0] INFO  client.GrpcClientProtocolClient (GrpcClientProtocolClient.java:onNext(255)) - client-6EDD19400D46->06a4573b-67a1-41e3-a350-f896363bc636: receive RaftClientReply:client-6EDD19400D46->06a4573b-67a1-41e3-a350-f896363bc636@group-757E3781CD2A, cid=2387, SUCCESS, logIndex=3531, commits[06a4573b-67a1-41e3-a350-f896363bc636:c3534, 0b725bbf-683b-4664-9a2e-3c9dd6e38bc1:c3530, 9193e3b7-ae04-484d-a740-c65c11559486:c3530]
2019-08-24 07:08:37,216 | INFO  | DNAudit | user=null | ip=null | op=WRITE_CHUNK {blockData=conID: 2 locID: 102670697574498886 bcsId: 0} | ret=SUCCESS |  
2019-08-24 07:08:37,216 [grpc-default-executor-0] INFO  client.GrpcClientProtocolClient (GrpcClientProtocolClient.java:onNext(255)) - client-6EDD19400D46->06a4573b-67a1-41e3-a350-f896363bc636: receive RaftClientReply:client-6EDD19400D46->06a4573b-67a1-41e3-a350-f896363bc636@group-757E3781CD2A, cid=2388, SUCCESS, logIndex=3532, commits[06a4573b-67a1-41e3-a350-f896363bc636:c3534, 0b725bbf-683b-4664-9a2e-3c9dd6e38bc1:c3530, 9193e3b7-ae04-484d-a740-c65c11559486:c3530]
2019-08-24 07:08:37,217 | INFO  | DNAudit | user=null | ip=null | op=PUT_BLOCK {blockData=[blockId=conID: 2 locID: 102670697574498886 bcsId: 0,size=2097152]} | ret=SUCCESS |  
2019-08-24 07:08:37,217 [grpc-default-executor-0] INFO  client.GrpcClientProtocolClient (GrpcClientProtocolClient.java:onNext(255)) - client-6EDD19400D46->06a4573b-67a1-41e3-a350-f896363bc636: receive RaftClientReply:client-6EDD19400D46->06a4573b-67a1-41e3-a350-f896363bc636@group-757E3781CD2A, cid=2389, SUCCESS, logIndex=3533, commits[06a4573b-67a1-41e3-a350-f896363bc636:c3534, 0b725bbf-683b-4664-9a2e-3c9dd6e38bc1:c3530, 9193e3b7-ae04-484d-a740-c65c11559486:c3530]
2019-08-24 07:08:37,217 [grpc-default-executor-0] INFO  client.GrpcClientProtocolClient (GrpcClientProtocolClient.java:onNext(255)) - client-6EDD19400D46->06a4573b-67a1-41e3-a350-f896363bc636: receive RaftClientReply:client-6EDD19400D46->06a4573b-67a1-41e3-a350-f896363bc636@group-757E3781CD2A, cid=2390, SUCCESS, logIndex=3534, commits[06a4573b-67a1-41e3-a350-f896363bc636:c3534, 0b725bbf-683b-4664-9a2e-3c9dd6e38bc1:c3530, 9193e3b7-ae04-484d-a740-c65c11559486:c3530]
2019-08-24 07:08:37,227 | INFO  | DNAudit | user=null | ip=null | op=WRITE_CHUNK {blockData=conID: 2 locID: 102670697574498886 bcsId: 0} | ret=SUCCESS |  
2019-08-24 07:08:37,227 | INFO  | DNAudit | user=null | ip=null | op=WRITE_CHUNK {blockData=conID: 2 locID: 102670697574498886 bcsId: 0} | ret=SUCCESS |  
2019-08-24 07:08:37,229 | INFO  | DNAudit | user=null | ip=null | op=PUT_BLOCK {blockData=[blockId=conID: 2 locID: 102670697574498886 bcsId: 0,size=1048576]} | ret=SUCCESS |  
2019-08-24 07:08:37,230 | INFO  | DNAudit | user=null | ip=null | op=WRITE_CHUNK {blockData=conID: 2 locID: 102670697574498886 bcsId: 0} | ret=SUCCESS |  
2019-08-24 07:08:37,230 | INFO  | DNAudit | user=null | ip=null | op=PUT_BLOCK {blockData=[blockId=conID: 2 locID: 102670697574498886 bcsId: 0,size=1048576]} | ret=SUCCESS |  
2019-08-24 07:08:37,230 | INFO  | DNAudit | user=null | ip=null | op=PUT_BLOCK {blockData=[blockId=conID: 2 locID: 102670697574498886 bcsId: 0,size=2097152]} | ret=SUCCESS |  
2019-08-24 07:08:37,230 | INFO  | DNAudit | user=null | ip=null | op=WRITE_CHUNK {blockData=conID: 2 locID: 102670697574498886 bcsId: 0} | ret=SUCCESS |  
2019-08-24 07:08:37,230 | INFO  | DNAudit | user=null | ip=null | op=PUT_BLOCK {blockData=[blockId=conID: 2 locID: 102670697574498886 bcsId: 0,size=2097152]} | ret=SUCCESS |  
2019-08-24 07:08:37,231 [grpc-default-executor-0] INFO  client.GrpcClientProtocolClient (GrpcClientProtocolClient.java:onNext(255)) - client-6EDD19400D46->06a4573b-67a1-41e3-a350-f896363bc636: receive RaftClientReply:client-6EDD19400D46->06a4573b-67a1-41e3-a350-f896363bc636@group-757E3781CD2A, cid=2391, SUCCESS, logIndex=0, commits[06a4573b-67a1-41e3-a350-f896363bc636:c3537, 0b725bbf-683b-4664-9a2e-3c9dd6e38bc1:c3532, 9193e3b7-ae04-484d-a740-c65c11559486:c3533]
2019-08-24 07:08:37,237 | INFO  | DNAudit | user=null | ip=null | op=WRITE_CHUNK {blockData=conID: 2 locID: 102670697574498886 bcsId: 3534} | ret=SUCCESS |  
2019-08-24 07:08:37,241 | INFO  | DNAudit | user=null | ip=null | op=WRITE_CHUNK {blockData=conID: 2 locID: 102670697574498886 bcsId: 3534} | ret=SUCCESS |  
2019-08-24 07:08:37,241 | INFO  | DNAudit | user=null | ip=null | op=WRITE_CHUNK {blockData=conID: 2 locID: 102670697574498886 bcsId: 3534} | ret=SUCCESS |  
2019-08-24 07:08:37,250 | INFO  | DNAudit | user=null | ip=null | op=WRITE_CHUNK {blockData=conID: 2 locID: 102670697574498886 bcsId: 3534} | ret=SUCCESS |  
2019-08-24 07:08:37,251 | INFO  | DNAudit | user=null | ip=null | op=PUT_BLOCK {blockData=[blockId=conID: 2 locID: 102670697574498886 bcsId: 0,size=3145728]} | ret=SUCCESS |  
2019-08-24 07:08:37,251 [grpc-default-executor-0] INFO  client.GrpcClientProtocolClient (GrpcClientProtocolClient.java:onNext(255)) - client-6EDD19400D46->06a4573b-67a1-41e3-a350-f896363bc636: receive RaftClientReply:client-6EDD19400D46->06a4573b-67a1-41e3-a350-f896363bc636@group-757E3781CD2A, cid=2392, SUCCESS, logIndex=3539, commits[06a4573b-67a1-41e3-a350-f896363bc636:c3540, 0b725bbf-683b-4664-9a2e-3c9dd6e38bc1:c3538, 9193e3b7-ae04-484d-a740-c65c11559486:c3538]
2019-08-24 07:08:37,251 [grpc-default-executor-0] INFO  client.GrpcClientProtocolClient (GrpcClientProtocolClient.java:onNext(255)) - client-6EDD19400D46->06a4573b-67a1-41e3-a350-f896363bc636: receive RaftClientReply:client-6EDD19400D46->06a4573b-67a1-41e3-a350-f896363bc636@group-757E3781CD2A, cid=2393, SUCCESS, logIndex=3540, commits[06a4573b-67a1-41e3-a350-f896363bc636:c3540, 0b725bbf-683b-4664-9a2e-3c9dd6e38bc1:c3538, 9193e3b7-ae04-484d-a740-c65c11559486:c3538]
2019-08-24 07:08:37,258 | INFO  | DNAudit | user=null | ip=null | op=WRITE_CHUNK {blockData=conID: 2 locID: 102670697574498886 bcsId: 3540} | ret=SUCCESS |  
2019-08-24 07:08:37,261 | INFO  | DNAudit | user=null | ip=null | op=WRITE_CHUNK {blockData=conID: 2 locID: 102670697574498886 bcsId: 3540} | ret=SUCCESS |  
2019-08-24 07:08:37,261 | INFO  | DNAudit | user=null | ip=null | op=WRITE_CHUNK {blockData=conID: 2 locID: 102670697574498886 bcsId: 3540} | ret=SUCCESS |  
2019-08-24 07:08:37,263 | INFO  | DNAudit | user=null | ip=null | op=WRITE_CHUNK {blockData=conID: 2 locID: 102670697574498886 bcsId: 3534} | ret=SUCCESS |  
2019-08-24 07:08:37,263 | INFO  | DNAudit | user=null | ip=null | op=WRITE_CHUNK {blockData=conID: 2 locID: 102670697574498886 bcsId: 3534} | ret=SUCCESS |  
2019-08-24 07:08:37,274 | INFO  | DNAudit | user=null | ip=null | op=PUT_BLOCK {blockData=[blockId=conID: 2 locID: 102670697574498886 bcsId: 0,size=3145728]} | ret=SUCCESS |  
2019-08-24 07:08:37,275 | INFO  | DNAudit | user=null | ip=null | op=PUT_BLOCK {blockData=[blockId=conID: 2 locID: 102670697574498886 bcsId: 0,size=3145728]} | ret=SUCCESS |  
2019-08-24 07:08:37,275 | INFO  | DNAudit | user=null | ip=null | op=WRITE_CHUNK {blockData=conID: 2 locID: 102670697574498886 bcsId: 3540} | ret=SUCCESS |  
2019-08-24 07:08:37,276 | INFO  | DNAudit | user=null | ip=null | op=PUT_BLOCK {blockData=[blockId=conID: 2 locID: 102670697574498886 bcsId: 0,size=4194304]} | ret=SUCCESS |  
2019-08-24 07:08:37,276 [grpc-default-executor-5] INFO  client.GrpcClientProtocolClient (GrpcClientProtocolClient.java:onNext(255)) - client-6EDD19400D46->06a4573b-67a1-41e3-a350-f896363bc636: receive RaftClientReply:client-6EDD19400D46->06a4573b-67a1-41e3-a350-f896363bc636@group-757E3781CD2A, cid=2394, SUCCESS, logIndex=3543, commits[06a4573b-67a1-41e3-a350-f896363bc636:c3544, 0b725bbf-683b-4664-9a2e-3c9dd6e38bc1:c3540, 9193e3b7-ae04-484d-a740-c65c11559486:c3540]
2019-08-24 07:08:37,276 [grpc-default-executor-5] INFO  client.GrpcClientProtocolClient (GrpcClientProtocolClient.java:onNext(255)) - client-6EDD19400D46->06a4573b-67a1-41e3-a350-f896363bc636: receive RaftClientReply:client-6EDD19400D46->06a4573b-67a1-41e3-a350-f896363bc636@group-757E3781CD2A, cid=2395, SUCCESS, logIndex=3544, commits[06a4573b-67a1-41e3-a350-f896363bc636:c3544, 0b725bbf-683b-4664-9a2e-3c9dd6e38bc1:c3540, 9193e3b7-ae04-484d-a740-c65c11559486:c3540]
2019-08-24 07:08:37,289 | INFO  | DNAudit | user=null | ip=null | op=WRITE_CHUNK {blockData=conID: 2 locID: 102670697574498886 bcsId: 3540} | ret=SUCCESS |  
2019-08-24 07:08:37,289 | INFO  | DNAudit | user=null | ip=null | op=WRITE_CHUNK {blockData=conID: 2 locID: 102670697574498886 bcsId: 3540} | ret=SUCCESS |  
2019-08-24 07:08:37,301 | INFO  | DNAudit | user=null | ip=null | op=PUT_BLOCK {blockData=[blockId=conID: 2 locID: 102670697574498886 bcsId: 0,size=4194304]} | ret=SUCCESS |  
2019-08-24 07:08:37,302 | INFO  | DNAudit | user=null | ip=null | op=PUT_BLOCK {blockData=[blockId=conID: 2 locID: 102670697574498886 bcsId: 0,size=4194304]} | ret=SUCCESS |  
2019-08-24 07:08:37,302 [grpc-default-executor-5] INFO  client.GrpcClientProtocolClient (GrpcClientProtocolClient.java:onNext(255)) - client-6EDD19400D46->06a4573b-67a1-41e3-a350-f896363bc636: receive RaftClientReply:client-6EDD19400D46->06a4573b-67a1-41e3-a350-f896363bc636@group-757E3781CD2A, cid=2396, SUCCESS, logIndex=0, commits[06a4573b-67a1-41e3-a350-f896363bc636:c3546, 0b725bbf-683b-4664-9a2e-3c9dd6e38bc1:c3544, 9193e3b7-ae04-484d-a740-c65c11559486:c3544]
2019-08-24 07:08:37,307 | INFO  | SCMAudit | user=jenkins1000 | ip=192.168.69.125 | op=ALLOCATE_BLOCK {owner=61bacca8-15b6-4a50-8962-5e9786b18b0d, size=4194304, type=RATIS, factor=THREE} | ret=SUCCESS |  
2019-08-24 07:08:37,313 | INFO  | OMAudit | user=jenkins1000 | ip=127.0.0.1 | op=ALLOCATE_BLOCK {volume=vol-0-26988, bucket=bucket-0-20739, key=key-0-27353, dataSize=0, replicationType=null, replicationFactor=null, keyLocationInfo=null, clientID=102670695851229586} | ret=SUCCESS |  
2019-08-24 07:08:37,320 | INFO  | DNAudit | user=null | ip=null | op=WRITE_CHUNK {blockData=conID: 3 locID: 102670697582232135 bcsId: 0} | ret=SUCCESS |  
2019-08-24 07:08:37,322 | INFO  | DNAudit | user=null | ip=null | op=WRITE_CHUNK {blockData=conID: 3 locID: 102670697582232135 bcsId: 0} | ret=SUCCESS |  
2019-08-24 07:08:37,324 | INFO  | DNAudit | user=null | ip=null | op=WRITE_CHUNK {blockData=conID: 3 locID: 102670697582232135 bcsId: 0} | ret=SUCCESS |  
2019-08-24 07:08:37,324 | INFO  | DNAudit | user=null | ip=null | op=WRITE_CHUNK {blockData=conID: 3 locID: 102670697582232135 bcsId: 0} | ret=SUCCESS |  
2019-08-24 07:08:37,325 | INFO  | DNAudit | user=null | ip=null | op=WRITE_CHUNK {blockData=conID: 3 locID: 102670697582232135 bcsId: 0} | ret=SUCCESS |  
2019-08-24 07:08:37,326 | INFO  | DNAudit | user=null | ip=null | op=WRITE_CHUNK {blockData=conID: 3 locID: 102670697582232135 bcsId: 0} | ret=SUCCESS |  
2019-08-24 07:08:37,336 | INFO  | DNAudit | user=null | ip=null | op=WRITE_CHUNK {blockData=conID: 3 locID: 102670697582232135 bcsId: 0} | ret=SUCCESS |  
2019-08-24 07:08:37,337 | INFO  | DNAudit | user=null | ip=null | op=PUT_BLOCK {blockData=[blockId=conID: 3 locID: 102670697582232135 bcsId: 0,size=1048576]} | ret=SUCCESS |  
2019-08-24 07:08:37,337 [grpc-default-executor-0] INFO  client.GrpcClientProtocolClient (GrpcClientProtocolClient.java:onNext(255)) - client-6EDD19400D46->06a4573b-67a1-41e3-a350-f896363bc636: receive RaftClientReply:client-6EDD19400D46->06a4573b-67a1-41e3-a350-f896363bc636@group-757E3781CD2A, cid=2397, SUCCESS, logIndex=3547, commits[06a4573b-67a1-41e3-a350-f896363bc636:c3550, 0b725bbf-683b-4664-9a2e-3c9dd6e38bc1:c3546, 9193e3b7-ae04-484d-a740-c65c11559486:c3546]
2019-08-24 07:08:37,337 | INFO  | DNAudit | user=null | ip=null | op=WRITE_CHUNK {blockData=conID: 3 locID: 102670697582232135 bcsId: 0} | ret=SUCCESS |  
2019-08-24 07:08:37,338 | INFO  | DNAudit | user=null | ip=null | op=PUT_BLOCK {blockData=[blockId=conID: 3 locID: 102670697582232135 bcsId: 0,size=2097152]} | ret=SUCCESS |  
2019-08-24 07:08:37,338 [grpc-default-executor-0] INFO  client.GrpcClientProtocolClient (GrpcClientProtocolClient.java:onNext(255)) - client-6EDD19400D46->06a4573b-67a1-41e3-a350-f896363bc636: receive RaftClientReply:client-6EDD19400D46->06a4573b-67a1-41e3-a350-f896363bc636@group-757E3781CD2A, cid=2398, SUCCESS, logIndex=3548, commits[06a4573b-67a1-41e3-a350-f896363bc636:c3550, 0b725bbf-683b-4664-9a2e-3c9dd6e38bc1:c3546, 9193e3b7-ae04-484d-a740-c65c11559486:c3546]
2019-08-24 07:08:37,338 [grpc-default-executor-0] INFO  client.GrpcClientProtocolClient (GrpcClientProtocolClient.java:onNext(255)) - client-6EDD19400D46->06a4573b-67a1-41e3-a350-f896363bc636: receive RaftClientReply:client-6EDD19400D46->06a4573b-67a1-41e3-a350-f896363bc636@group-757E3781CD2A, cid=2399, SUCCESS, logIndex=3549, commits[06a4573b-67a1-41e3-a350-f896363bc636:c3550, 0b725bbf-683b-4664-9a2e-3c9dd6e38bc1:c3546, 9193e3b7-ae04-484d-a740-c65c11559486:c3546]
2019-08-24 07:08:37,338 [grpc-default-executor-0] INFO  client.GrpcClientProtocolClient (GrpcClientProtocolClient.java:onNext(255)) - client-6EDD19400D46->06a4573b-67a1-41e3-a350-f896363bc636: receive RaftClientReply:client-6EDD19400D46->06a4573b-67a1-41e3-a350-f896363bc636@group-757E3781CD2A, cid=2400, SUCCESS, logIndex=3550, commits[06a4573b-67a1-41e3-a350-f896363bc636:c3550, 0b725bbf-683b-4664-9a2e-3c9dd6e38bc1:c3546, 9193e3b7-ae04-484d-a740-c65c11559486:c3546]
2019-08-24 07:08:37,347 | INFO  | DNAudit | user=null | ip=null | op=WRITE_CHUNK {blockData=conID: 3 locID: 102670697582232135 bcsId: 0} | ret=SUCCESS |  
2019-08-24 07:08:37,348 | INFO  | DNAudit | user=null | ip=null | op=WRITE_CHUNK {blockData=conID: 3 locID: 102670697582232135 bcsId: 0} | ret=SUCCESS |  
2019-08-24 07:08:37,348 | INFO  | DNAudit | user=null | ip=null | op=PUT_BLOCK {blockData=[blockId=conID: 3 locID: 102670697582232135 bcsId: 0,size=1048576]} | ret=SUCCESS |  
2019-08-24 07:08:37,350 | INFO  | DNAudit | user=null | ip=null | op=WRITE_CHUNK {blockData=conID: 3 locID: 102670697582232135 bcsId: 0} | ret=SUCCESS |  
2019-08-24 07:08:37,350 | INFO  | DNAudit | user=null | ip=null | op=PUT_BLOCK {blockData=[blockId=conID: 3 locID: 102670697582232135 bcsId: 0,size=1048576]} | ret=SUCCESS |  
2019-08-24 07:08:37,351 | INFO  | DNAudit | user=null | ip=null | op=WRITE_CHUNK {blockData=conID: 3 locID: 102670697582232135 bcsId: 0} | ret=SUCCESS |  
2019-08-24 07:08:37,351 | INFO  | DNAudit | user=null | ip=null | op=PUT_BLOCK {blockData=[blockId=conID: 3 locID: 102670697582232135 bcsId: 0,size=2097152]} | ret=SUCCESS |  
2019-08-24 07:08:37,351 | INFO  | DNAudit | user=null | ip=null | op=PUT_BLOCK {blockData=[blockId=conID: 3 locID: 102670697582232135 bcsId: 0,size=2097152]} | ret=SUCCESS |  
2019-08-24 07:08:37,351 [grpc-default-executor-0] INFO  client.GrpcClientProtocolClient (GrpcClientProtocolClient.java:onNext(255)) - client-6EDD19400D46->06a4573b-67a1-41e3-a350-f896363bc636: receive RaftClientReply:client-6EDD19400D46->06a4573b-67a1-41e3-a350-f896363bc636@group-757E3781CD2A, cid=2401, SUCCESS, logIndex=0, commits[06a4573b-67a1-41e3-a350-f896363bc636:c3552, 0b725bbf-683b-4664-9a2e-3c9dd6e38bc1:c3548, 9193e3b7-ae04-484d-a740-c65c11559486:c3548]
2019-08-24 07:08:37,358 | INFO  | DNAudit | user=null | ip=null | op=WRITE_CHUNK {blockData=conID: 3 locID: 102670697582232135 bcsId: 3550} | ret=SUCCESS |  
2019-08-24 07:08:37,362 | INFO  | DNAudit | user=null | ip=null | op=WRITE_CHUNK {blockData=conID: 3 locID: 102670697582232135 bcsId: 3550} | ret=SUCCESS |  
2019-08-24 07:08:37,362 | INFO  | DNAudit | user=null | ip=null | op=WRITE_CHUNK {blockData=conID: 3 locID: 102670697582232135 bcsId: 3550} | ret=SUCCESS |  
2019-08-24 07:08:37,373 | INFO  | DNAudit | user=null | ip=null | op=WRITE_CHUNK {blockData=conID: 3 locID: 102670697582232135 bcsId: 3550} | ret=SUCCESS |  
2019-08-24 07:08:37,374 | INFO  | DNAudit | user=null | ip=null | op=PUT_BLOCK {blockData=[blockId=conID: 3 locID: 102670697582232135 bcsId: 0,size=3145728]} | ret=SUCCESS |  
2019-08-24 07:08:37,374 [grpc-default-executor-0] INFO  client.GrpcClientProtocolClient (GrpcClientProtocolClient.java:onNext(255)) - client-6EDD19400D46->06a4573b-67a1-41e3-a350-f896363bc636: receive RaftClientReply:client-6EDD19400D46->06a4573b-67a1-41e3-a350-f896363bc636@group-757E3781CD2A, cid=2402, SUCCESS, logIndex=3555, commits[06a4573b-67a1-41e3-a350-f896363bc636:c3556, 0b725bbf-683b-4664-9a2e-3c9dd6e38bc1:c3554, 9193e3b7-ae04-484d-a740-c65c11559486:c3554]
2019-08-24 07:08:37,375 [grpc-default-executor-0] INFO  client.GrpcClientProtocolClient (GrpcClientProtocolClient.java:onNext(255)) - client-6EDD19400D46->06a4573b-67a1-41e3-a350-f896363bc636: receive RaftClientReply:client-6EDD19400D46->06a4573b-67a1-41e3-a350-f896363bc636@group-757E3781CD2A, cid=2403, SUCCESS, logIndex=3556, commits[06a4573b-67a1-41e3-a350-f896363bc636:c3556, 0b725bbf-683b-4664-9a2e-3c9dd6e38bc1:c3554, 9193e3b7-ae04-484d-a740-c65c11559486:c3554]
2019-08-24 07:08:37,381 | INFO  | DNAudit | user=null | ip=null | op=WRITE_CHUNK {blockData=conID: 3 locID: 102670697582232135 bcsId: 3556} | ret=SUCCESS |  
2019-08-24 07:08:37,384 | INFO  | DNAudit | user=null | ip=null | op=WRITE_CHUNK {blockData=conID: 3 locID: 102670697582232135 bcsId: 3556} | ret=SUCCESS |  
2019-08-24 07:08:37,385 | INFO  | DNAudit | user=null | ip=null | op=WRITE_CHUNK {blockData=conID: 3 locID: 102670697582232135 bcsId: 3556} | ret=SUCCESS |  
2019-08-24 07:08:37,386 | INFO  | DNAudit | user=null | ip=null | op=WRITE_CHUNK {blockData=conID: 3 locID: 102670697582232135 bcsId: 3550} | ret=SUCCESS |  
2019-08-24 07:08:37,386 | INFO  | DNAudit | user=null | ip=null | op=WRITE_CHUNK {blockData=conID: 3 locID: 102670697582232135 bcsId: 3550} | ret=SUCCESS |  
2019-08-24 07:08:37,398 | INFO  | DNAudit | user=null | ip=null | op=PUT_BLOCK {blockData=[blockId=conID: 3 locID: 102670697582232135 bcsId: 0,size=3145728]} | ret=SUCCESS |  
2019-08-24 07:08:37,398 | INFO  | DNAudit | user=null | ip=null | op=WRITE_CHUNK {blockData=conID: 3 locID: 102670697582232135 bcsId: 3556} | ret=SUCCESS |  
2019-08-24 07:08:37,398 | INFO  | DNAudit | user=null | ip=null | op=PUT_BLOCK {blockData=[blockId=conID: 3 locID: 102670697582232135 bcsId: 0,size=4194304]} | ret=SUCCESS |  
2019-08-24 07:08:37,399 [grpc-default-executor-2] INFO  client.GrpcClientProtocolClient (GrpcClientProtocolClient.java:onNext(255)) - client-6EDD19400D46->06a4573b-67a1-41e3-a350-f896363bc636: receive RaftClientReply:client-6EDD19400D46->06a4573b-67a1-41e3-a350-f896363bc636@group-757E3781CD2A, cid=2404, SUCCESS, logIndex=3559, commits[06a4573b-67a1-41e3-a350-f896363bc636:c3560, 0b725bbf-683b-4664-9a2e-3c9dd6e38bc1:c3556, 9193e3b7-ae04-484d-a740-c65c11559486:c3555]
2019-08-24 07:08:37,399 [grpc-default-executor-2] INFO  client.GrpcClientProtocolClient (GrpcClientProtocolClient.java:onNext(255)) - client-6EDD19400D46->06a4573b-67a1-41e3-a350-f896363bc636: receive RaftClientReply:client-6EDD19400D46->06a4573b-67a1-41e3-a350-f896363bc636@group-757E3781CD2A, cid=2405, SUCCESS, logIndex=3560, commits[06a4573b-67a1-41e3-a350-f896363bc636:c3560, 0b725bbf-683b-4664-9a2e-3c9dd6e38bc1:c3556, 9193e3b7-ae04-484d-a740-c65c11559486:c3555]
2019-08-24 07:08:37,400 | INFO  | DNAudit | user=null | ip=null | op=PUT_BLOCK {blockData=[blockId=conID: 3 locID: 102670697582232135 bcsId: 0,size=3145728]} | ret=SUCCESS |  
2019-08-24 07:08:37,400 [grpc-default-executor-2] INFO  client.GrpcClientProtocolClient (GrpcClientProtocolClient.java:onNext(255)) - client-6EDD19400D46->06a4573b-67a1-41e3-a350-f896363bc636: receive RaftClientReply:client-6EDD19400D46->06a4573b-67a1-41e3-a350-f896363bc636@group-757E3781CD2A, cid=2406, SUCCESS, logIndex=0, commits[06a4573b-67a1-41e3-a350-f896363bc636:c3560, 0b725bbf-683b-4664-9a2e-3c9dd6e38bc1:c3556, 9193e3b7-ae04-484d-a740-c65c11559486:c3556]
2019-08-24 07:08:37,411 | INFO  | DNAudit | user=null | ip=null | op=WRITE_CHUNK {blockData=conID: 3 locID: 102670697582232135 bcsId: 3556} | ret=SUCCESS |  
2019-08-24 07:08:37,411 | INFO  | DNAudit | user=null | ip=null | op=WRITE_CHUNK {blockData=conID: 3 locID: 102670697582232135 bcsId: 3556} | ret=SUCCESS |  
2019-08-24 07:08:37,411 | INFO  | DNAudit | user=null | ip=null | op=PUT_BLOCK {blockData=[blockId=conID: 3 locID: 102670697582232135 bcsId: 0,size=4194304]} | ret=SUCCESS |  
2019-08-24 07:08:37,421 | INFO  | DNAudit | user=null | ip=null | op=PUT_BLOCK {blockData=[blockId=conID: 3 locID: 102670697582232135 bcsId: 0,size=4194304]} | ret=SUCCESS |  
2019-08-24 07:08:37,421 [grpc-default-executor-2] INFO  client.GrpcClientProtocolClient (GrpcClientProtocolClient.java:onNext(255)) - client-6EDD19400D46->06a4573b-67a1-41e3-a350-f896363bc636: receive RaftClientReply:client-6EDD19400D46->06a4573b-67a1-41e3-a350-f896363bc636@group-757E3781CD2A, cid=2407, SUCCESS, logIndex=0, commits[06a4573b-67a1-41e3-a350-f896363bc636:c3562, 0b725bbf-683b-4664-9a2e-3c9dd6e38bc1:c3560, 9193e3b7-ae04-484d-a740-c65c11559486:c3560]
2019-08-24 07:08:37,426 | INFO  | SCMAudit | user=jenkins1000 | ip=192.168.69.125 | op=ALLOCATE_BLOCK {owner=61bacca8-15b6-4a50-8962-5e9786b18b0d, size=4194304, type=RATIS, factor=THREE} | ret=SUCCESS |  
2019-08-24 07:08:37,430 | INFO  | OMAudit | user=jenkins1000 | ip=127.0.0.1 | op=ALLOCATE_BLOCK {volume=vol-0-26988, bucket=bucket-0-20739, key=key-0-27353, dataSize=0, replicationType=null, replicationFactor=null, keyLocationInfo=null, clientID=102670695851229586} | ret=SUCCESS |  
2019-08-24 07:08:37,436 | INFO  | DNAudit | user=null | ip=null | op=WRITE_CHUNK {blockData=conID: 1 locID: 102670697590030920 bcsId: 0} | ret=SUCCESS |  
2019-08-24 07:08:37,438 | INFO  | DNAudit | user=null | ip=null | op=WRITE_CHUNK {blockData=conID: 1 locID: 102670697590030920 bcsId: 0} | ret=SUCCESS |  
2019-08-24 07:08:37,439 | INFO  | DNAudit | user=null | ip=null | op=WRITE_CHUNK {blockData=conID: 1 locID: 102670697590030920 bcsId: 0} | ret=SUCCESS |  
2019-08-24 07:08:37,439 | INFO  | DNAudit | user=null | ip=null | op=WRITE_CHUNK {blockData=conID: 1 locID: 102670697590030920 bcsId: 0} | ret=SUCCESS |  
2019-08-24 07:08:37,440 | INFO  | DNAudit | user=null | ip=null | op=WRITE_CHUNK {blockData=conID: 1 locID: 102670697590030920 bcsId: 0} | ret=SUCCESS |  
2019-08-24 07:08:37,441 | INFO  | DNAudit | user=null | ip=null | op=WRITE_CHUNK {blockData=conID: 1 locID: 102670697590030920 bcsId: 0} | ret=SUCCESS |  
2019-08-24 07:08:37,443 | INFO  | DNAudit | user=null | ip=null | op=WRITE_CHUNK {blockData=conID: 1 locID: 102670697590030920 bcsId: 0} | ret=SUCCESS |  
2019-08-24 07:08:37,443 | INFO  | DNAudit | user=null | ip=null | op=PUT_BLOCK {blockData=[blockId=conID: 1 locID: 102670697590030920 bcsId: 0,size=1048576]} | ret=SUCCESS |  
2019-08-24 07:08:37,444 [grpc-default-executor-5] INFO  client.GrpcClientProtocolClient (GrpcClientProtocolClient.java:onNext(255)) - client-6EDD19400D46->06a4573b-67a1-41e3-a350-f896363bc636: receive RaftClientReply:client-6EDD19400D46->06a4573b-67a1-41e3-a350-f896363bc636@group-757E3781CD2A, cid=2408, SUCCESS, logIndex=3563, commits[06a4573b-67a1-41e3-a350-f896363bc636:c3564, 0b725bbf-683b-4664-9a2e-3c9dd6e38bc1:c3562, 9193e3b7-ae04-484d-a740-c65c11559486:c3562]
2019-08-24 07:08:37,445 | INFO  | DNAudit | user=null | ip=null | op=WRITE_CHUNK {blockData=conID: 1 locID: 102670697590030920 bcsId: 0} | ret=SUCCESS |  
2019-08-24 07:08:37,445 [grpc-default-executor-5] INFO  client.GrpcClientProtocolClient (GrpcClientProtocolClient.java:onNext(255)) - client-6EDD19400D46->06a4573b-67a1-41e3-a350-f896363bc636: receive RaftClientReply:client-6EDD19400D46->06a4573b-67a1-41e3-a350-f896363bc636@group-757E3781CD2A, cid=2409, SUCCESS, logIndex=3564, commits[06a4573b-67a1-41e3-a350-f896363bc636:c3564, 0b725bbf-683b-4664-9a2e-3c9dd6e38bc1:c3562, 9193e3b7-ae04-484d-a740-c65c11559486:c3562]
2019-08-24 07:08:37,445 | INFO  | DNAudit | user=null | ip=null | op=PUT_BLOCK {blockData=[blockId=conID: 1 locID: 102670697590030920 bcsId: 0,size=2097152]} | ret=SUCCESS |  
2019-08-24 07:08:37,445 [grpc-default-executor-5] INFO  client.GrpcClientProtocolClient (GrpcClientProtocolClient.java:onNext(255)) - client-6EDD19400D46->06a4573b-67a1-41e3-a350-f896363bc636: receive RaftClientReply:client-6EDD19400D46->06a4573b-67a1-41e3-a350-f896363bc636@group-757E3781CD2A, cid=2410, SUCCESS, logIndex=3565, commits[06a4573b-67a1-41e3-a350-f896363bc636:c3566, 0b725bbf-683b-4664-9a2e-3c9dd6e38bc1:c3562, 9193e3b7-ae04-484d-a740-c65c11559486:c3562]
2019-08-24 07:08:37,449 [grpc-default-executor-5] INFO  client.GrpcClientProtocolClient (GrpcClientProtocolClient.java:onNext(255)) - client-6EDD19400D46->06a4573b-67a1-41e3-a350-f896363bc636: receive RaftClientReply:client-6EDD19400D46->06a4573b-67a1-41e3-a350-f896363bc636@group-757E3781CD2A, cid=2411, SUCCESS, logIndex=3566, commits[06a4573b-67a1-41e3-a350-f896363bc636:c3566, 0b725bbf-683b-4664-9a2e-3c9dd6e38bc1:c3562, 9193e3b7-ae04-484d-a740-c65c11559486:c3562]
2019-08-24 07:08:37,457 | INFO  | DNAudit | user=null | ip=null | op=WRITE_CHUNK {blockData=conID: 1 locID: 102670697590030920 bcsId: 0} | ret=SUCCESS |  
2019-08-24 07:08:37,468 | INFO  | DNAudit | user=null | ip=null | op=WRITE_CHUNK {blockData=conID: 1 locID: 102670697590030920 bcsId: 0} | ret=SUCCESS |  
2019-08-24 07:08:37,468 | INFO  | DNAudit | user=null | ip=null | op=PUT_BLOCK {blockData=[blockId=conID: 1 locID: 102670697590030920 bcsId: 0,size=1048576]} | ret=SUCCESS |  
2019-08-24 07:08:37,468 | INFO  | DNAudit | user=null | ip=null | op=PUT_BLOCK {blockData=[blockId=conID: 1 locID: 102670697590030920 bcsId: 0,size=1048576]} | ret=SUCCESS |  
2019-08-24 07:08:37,468 | INFO  | DNAudit | user=null | ip=null | op=WRITE_CHUNK {blockData=conID: 1 locID: 102670697590030920 bcsId: 0} | ret=SUCCESS |  
2019-08-24 07:08:37,468 | INFO  | DNAudit | user=null | ip=null | op=WRITE_CHUNK {blockData=conID: 1 locID: 102670697590030920 bcsId: 0} | ret=SUCCESS |  
2019-08-24 07:08:37,468 | INFO  | DNAudit | user=null | ip=null | op=PUT_BLOCK {blockData=[blockId=conID: 1 locID: 102670697590030920 bcsId: 0,size=2097152]} | ret=SUCCESS |  
2019-08-24 07:08:37,468 | INFO  | DNAudit | user=null | ip=null | op=PUT_BLOCK {blockData=[blockId=conID: 1 locID: 102670697590030920 bcsId: 0,size=2097152]} | ret=SUCCESS |  
2019-08-24 07:08:37,468 [grpc-default-executor-5] INFO  client.GrpcClientProtocolClient (GrpcClientProtocolClient.java:onNext(255)) - client-6EDD19400D46->06a4573b-67a1-41e3-a350-f896363bc636: receive RaftClientReply:client-6EDD19400D46->06a4573b-67a1-41e3-a350-f896363bc636@group-757E3781CD2A, cid=2412, SUCCESS, logIndex=0, commits[06a4573b-67a1-41e3-a350-f896363bc636:c3569, 0b725bbf-683b-4664-9a2e-3c9dd6e38bc1:c3566, 9193e3b7-ae04-484d-a740-c65c11559486:c3564]
2019-08-24 07:08:37,474 | INFO  | DNAudit | user=null | ip=null | op=WRITE_CHUNK {blockData=conID: 1 locID: 102670697590030920 bcsId: 3566} | ret=SUCCESS |  
2019-08-24 07:08:37,476 | INFO  | DNAudit | user=null | ip=null | op=WRITE_CHUNK {blockData=conID: 1 locID: 102670697590030920 bcsId: 3566} | ret=SUCCESS |  
2019-08-24 07:08:37,476 | INFO  | DNAudit | user=null | ip=null | op=WRITE_CHUNK {blockData=conID: 1 locID: 102670697590030920 bcsId: 3566} | ret=SUCCESS |  
2019-08-24 07:08:37,488 | INFO  | DNAudit | user=null | ip=null | op=WRITE_CHUNK {blockData=conID: 1 locID: 102670697590030920 bcsId: 3566} | ret=SUCCESS |  
2019-08-24 07:08:37,489 | INFO  | DNAudit | user=null | ip=null | op=PUT_BLOCK {blockData=[blockId=conID: 1 locID: 102670697590030920 bcsId: 0,size=3145728]} | ret=SUCCESS |  
2019-08-24 07:08:37,489 [grpc-default-executor-5] INFO  client.GrpcClientProtocolClient (GrpcClientProtocolClient.java:onNext(255)) - client-6EDD19400D46->06a4573b-67a1-41e3-a350-f896363bc636: receive RaftClientReply:client-6EDD19400D46->06a4573b-67a1-41e3-a350-f896363bc636@group-757E3781CD2A, cid=2413, SUCCESS, logIndex=3570, commits[06a4573b-67a1-41e3-a350-f896363bc636:c3571, 0b725bbf-683b-4664-9a2e-3c9dd6e38bc1:c3569, 9193e3b7-ae04-484d-a740-c65c11559486:c3569]
2019-08-24 07:08:37,489 [grpc-default-executor-5] INFO  client.GrpcClientProtocolClient (GrpcClientProtocolClient.java:onNext(255)) - client-6EDD19400D46->06a4573b-67a1-41e3-a350-f896363bc636: receive RaftClientReply:client-6EDD19400D46->06a4573b-67a1-41e3-a350-f896363bc636@group-757E3781CD2A, cid=2414, SUCCESS, logIndex=3571, commits[06a4573b-67a1-41e3-a350-f896363bc636:c3571, 0b725bbf-683b-4664-9a2e-3c9dd6e38bc1:c3569, 9193e3b7-ae04-484d-a740-c65c11559486:c3569]
2019-08-24 07:08:37,495 | INFO  | DNAudit | user=null | ip=null | op=WRITE_CHUNK {blockData=conID: 1 locID: 102670697590030920 bcsId: 3571} | ret=SUCCESS |  
2019-08-24 07:08:37,498 | INFO  | DNAudit | user=null | ip=null | op=WRITE_CHUNK {blockData=conID: 1 locID: 102670697590030920 bcsId: 3571} | ret=SUCCESS |  
2019-08-24 07:08:37,498 | INFO  | DNAudit | user=null | ip=null | op=WRITE_CHUNK {blockData=conID: 1 locID: 102670697590030920 bcsId: 3571} | ret=SUCCESS |  
2019-08-24 07:08:37,500 | INFO  | DNAudit | user=null | ip=null | op=WRITE_CHUNK {blockData=conID: 1 locID: 102670697590030920 bcsId: 3566} | ret=SUCCESS |  
2019-08-24 07:08:37,500 | INFO  | DNAudit | user=null | ip=null | op=WRITE_CHUNK {blockData=conID: 1 locID: 102670697590030920 bcsId: 3566} | ret=SUCCESS |  
2019-08-24 07:08:37,503 | INFO  | DNAudit | user=null | ip=null | op=PUT_BLOCK {blockData=[blockId=conID: 1 locID: 102670697590030920 bcsId: 0,size=3145728]} | ret=SUCCESS |  
2019-08-24 07:08:37,503 | INFO  | DNAudit | user=null | ip=null | op=PUT_BLOCK {blockData=[blockId=conID: 1 locID: 102670697590030920 bcsId: 0,size=3145728]} | ret=SUCCESS |  
2019-08-24 07:08:37,504 | INFO  | DNAudit | user=null | ip=null | op=WRITE_CHUNK {blockData=conID: 1 locID: 102670697590030920 bcsId: 3571} | ret=SUCCESS |  
2019-08-24 07:08:37,504 | INFO  | DNAudit | user=null | ip=null | op=PUT_BLOCK {blockData=[blockId=conID: 1 locID: 102670697590030920 bcsId: 0,size=4194304]} | ret=SUCCESS |  
2019-08-24 07:08:37,504 [grpc-default-executor-2] INFO  client.GrpcClientProtocolClient (GrpcClientProtocolClient.java:onNext(255)) - client-6EDD19400D46->06a4573b-67a1-41e3-a350-f896363bc636: receive RaftClientReply:client-6EDD19400D46->06a4573b-67a1-41e3-a350-f896363bc636@group-757E3781CD2A, cid=2415, SUCCESS, logIndex=3574, commits[06a4573b-67a1-41e3-a350-f896363bc636:c3575, 0b725bbf-683b-4664-9a2e-3c9dd6e38bc1:c3571, 9193e3b7-ae04-484d-a740-c65c11559486:c3571]
2019-08-24 07:08:37,505 [grpc-default-executor-2] INFO  client.GrpcClientProtocolClient (GrpcClientProtocolClient.java:onNext(255)) - client-6EDD19400D46->06a4573b-67a1-41e3-a350-f896363bc636: receive RaftClientReply:client-6EDD19400D46->06a4573b-67a1-41e3-a350-f896363bc636@group-757E3781CD2A, cid=2416, SUCCESS, logIndex=3575, commits[06a4573b-67a1-41e3-a350-f896363bc636:c3575, 0b725bbf-683b-4664-9a2e-3c9dd6e38bc1:c3571, 9193e3b7-ae04-484d-a740-c65c11559486:c3571]
2019-08-24 07:08:37,516 | INFO  | DNAudit | user=null | ip=null | op=WRITE_CHUNK {blockData=conID: 1 locID: 102670697590030920 bcsId: 3571} | ret=SUCCESS |  
2019-08-24 07:08:37,516 | INFO  | DNAudit | user=null | ip=null | op=WRITE_CHUNK {blockData=conID: 1 locID: 102670697590030920 bcsId: 3571} | ret=SUCCESS |  
2019-08-24 07:08:37,516 | INFO  | DNAudit | user=null | ip=null | op=PUT_BLOCK {blockData=[blockId=conID: 1 locID: 102670697590030920 bcsId: 0,size=4194304]} | ret=SUCCESS |  
2019-08-24 07:08:37,518 | INFO  | DNAudit | user=null | ip=null | op=PUT_BLOCK {blockData=[blockId=conID: 1 locID: 102670697590030920 bcsId: 0,size=4194304]} | ret=SUCCESS |  
2019-08-24 07:08:37,519 [grpc-default-executor-2] INFO  client.GrpcClientProtocolClient (GrpcClientProtocolClient.java:onNext(255)) - client-6EDD19400D46->06a4573b-67a1-41e3-a350-f896363bc636: receive RaftClientReply:client-6EDD19400D46->06a4573b-67a1-41e3-a350-f896363bc636@group-757E3781CD2A, cid=2417, SUCCESS, logIndex=0, commits[06a4573b-67a1-41e3-a350-f896363bc636:c3577, 0b725bbf-683b-4664-9a2e-3c9dd6e38bc1:c3575, 9193e3b7-ae04-484d-a740-c65c11559486:c3575]
2019-08-24 07:08:37,524 | INFO  | SCMAudit | user=jenkins1000 | ip=192.168.69.125 | op=ALLOCATE_BLOCK {owner=61bacca8-15b6-4a50-8962-5e9786b18b0d, size=4194304, type=RATIS, factor=THREE} | ret=SUCCESS |  
2019-08-24 07:08:37,527 | INFO  | OMAudit | user=jenkins1000 | ip=127.0.0.1 | op=ALLOCATE_BLOCK {volume=vol-0-26988, bucket=bucket-0-20739, key=key-0-27353, dataSize=0, replicationType=null, replicationFactor=null, keyLocationInfo=null, clientID=102670695851229586} | ret=SUCCESS |  
2019-08-24 07:08:37,534 | INFO  | DNAudit | user=null | ip=null | op=WRITE_CHUNK {blockData=conID: 2 locID: 102670697596453449 bcsId: 0} | ret=SUCCESS |  
2019-08-24 07:08:37,538 | INFO  | DNAudit | user=null | ip=null | op=WRITE_CHUNK {blockData=conID: 2 locID: 102670697596453449 bcsId: 0} | ret=SUCCESS |  
2019-08-24 07:08:37,538 | INFO  | DNAudit | user=null | ip=null | op=WRITE_CHUNK {blockData=conID: 2 locID: 102670697596453449 bcsId: 0} | ret=SUCCESS |  
2019-08-24 07:08:37,538 | INFO  | DNAudit | user=null | ip=null | op=WRITE_CHUNK {blockData=conID: 2 locID: 102670697596453449 bcsId: 0} | ret=SUCCESS |  
2019-08-24 07:08:37,540 | INFO  | DNAudit | user=null | ip=null | op=WRITE_CHUNK {blockData=conID: 2 locID: 102670697596453449 bcsId: 0} | ret=SUCCESS |  
2019-08-24 07:08:37,540 | INFO  | DNAudit | user=null | ip=null | op=WRITE_CHUNK {blockData=conID: 2 locID: 102670697596453449 bcsId: 0} | ret=SUCCESS |  
2019-08-24 07:08:37,547 | INFO  | DNAudit | user=null | ip=null | op=WRITE_CHUNK {blockData=conID: 2 locID: 102670697596453449 bcsId: 0} | ret=SUCCESS |  
2019-08-24 07:08:37,548 | INFO  | DNAudit | user=null | ip=null | op=PUT_BLOCK {blockData=[blockId=conID: 2 locID: 102670697596453449 bcsId: 0,size=1048576]} | ret=SUCCESS |  
2019-08-24 07:08:37,548 [grpc-default-executor-0] INFO  client.GrpcClientProtocolClient (GrpcClientProtocolClient.java:onNext(255)) - client-6EDD19400D46->06a4573b-67a1-41e3-a350-f896363bc636: receive RaftClientReply:client-6EDD19400D46->06a4573b-67a1-41e3-a350-f896363bc636@group-757E3781CD2A, cid=2418, SUCCESS, logIndex=3578, commits[06a4573b-67a1-41e3-a350-f896363bc636:c3580, 0b725bbf-683b-4664-9a2e-3c9dd6e38bc1:c3577, 9193e3b7-ae04-484d-a740-c65c11559486:c3577]
2019-08-24 07:08:37,548 | INFO  | DNAudit | user=null | ip=null | op=WRITE_CHUNK {blockData=conID: 2 locID: 102670697596453449 bcsId: 0} | ret=SUCCESS |  
2019-08-24 07:08:37,549 | INFO  | DNAudit | user=null | ip=null | op=PUT_BLOCK {blockData=[blockId=conID: 2 locID: 102670697596453449 bcsId: 0,size=2097152]} | ret=SUCCESS |  
2019-08-24 07:08:37,549 [grpc-default-executor-0] INFO  client.GrpcClientProtocolClient (GrpcClientProtocolClient.java:onNext(255)) - client-6EDD19400D46->06a4573b-67a1-41e3-a350-f896363bc636: receive RaftClientReply:client-6EDD19400D46->06a4573b-67a1-41e3-a350-f896363bc636@group-757E3781CD2A, cid=2419, SUCCESS, logIndex=3579, commits[06a4573b-67a1-41e3-a350-f896363bc636:c3581, 0b725bbf-683b-4664-9a2e-3c9dd6e38bc1:c3577, 9193e3b7-ae04-484d-a740-c65c11559486:c3577]
2019-08-24 07:08:37,549 [grpc-default-executor-0] INFO  client.GrpcClientProtocolClient (GrpcClientProtocolClient.java:onNext(255)) - client-6EDD19400D46->06a4573b-67a1-41e3-a350-f896363bc636: receive RaftClientReply:client-6EDD19400D46->06a4573b-67a1-41e3-a350-f896363bc636@group-757E3781CD2A, cid=2420, SUCCESS, logIndex=3580, commits[06a4573b-67a1-41e3-a350-f896363bc636:c3581, 0b725bbf-683b-4664-9a2e-3c9dd6e38bc1:c3577, 9193e3b7-ae04-484d-a740-c65c11559486:c3577]
2019-08-24 07:08:37,549 [grpc-default-executor-0] INFO  client.GrpcClientProtocolClient (GrpcClientProtocolClient.java:onNext(255)) - client-6EDD19400D46->06a4573b-67a1-41e3-a350-f896363bc636: receive RaftClientReply:client-6EDD19400D46->06a4573b-67a1-41e3-a350-f896363bc636@group-757E3781CD2A, cid=2421, SUCCESS, logIndex=3581, commits[06a4573b-67a1-41e3-a350-f896363bc636:c3581, 0b725bbf-683b-4664-9a2e-3c9dd6e38bc1:c3577, 9193e3b7-ae04-484d-a740-c65c11559486:c3577]
2019-08-24 07:08:37,550 | INFO  | DNAudit | user=null | ip=null | op=WRITE_CHUNK {blockData=conID: 2 locID: 102670697596453449 bcsId: 0} | ret=SUCCESS |  
2019-08-24 07:08:37,561 | INFO  | DNAudit | user=null | ip=null | op=PUT_BLOCK {blockData=[blockId=conID: 2 locID: 102670697596453449 bcsId: 0,size=1048576]} | ret=SUCCESS |  
2019-08-24 07:08:37,561 | INFO  | DNAudit | user=null | ip=null | op=WRITE_CHUNK {blockData=conID: 2 locID: 102670697596453449 bcsId: 0} | ret=SUCCESS |  
2019-08-24 07:08:37,561 | INFO  | DNAudit | user=null | ip=null | op=WRITE_CHUNK {blockData=conID: 2 locID: 102670697596453449 bcsId: 0} | ret=SUCCESS |  
2019-08-24 07:08:37,562 | INFO  | DNAudit | user=null | ip=null | op=PUT_BLOCK {blockData=[blockId=conID: 2 locID: 102670697596453449 bcsId: 0,size=2097152]} | ret=SUCCESS |  
2019-08-24 07:08:37,564 | INFO  | DNAudit | user=null | ip=null | op=PUT_BLOCK {blockData=[blockId=conID: 2 locID: 102670697596453449 bcsId: 0,size=1048576]} | ret=SUCCESS |  
2019-08-24 07:08:37,564 | INFO  | DNAudit | user=null | ip=null | op=WRITE_CHUNK {blockData=conID: 2 locID: 102670697596453449 bcsId: 0} | ret=SUCCESS |  
2019-08-24 07:08:37,565 | INFO  | DNAudit | user=null | ip=null | op=PUT_BLOCK {blockData=[blockId=conID: 2 locID: 102670697596453449 bcsId: 0,size=2097152]} | ret=SUCCESS |  
2019-08-24 07:08:37,565 [grpc-default-executor-0] INFO  client.GrpcClientProtocolClient (GrpcClientProtocolClient.java:onNext(255)) - client-6EDD19400D46->06a4573b-67a1-41e3-a350-f896363bc636: receive RaftClientReply:client-6EDD19400D46->06a4573b-67a1-41e3-a350-f896363bc636@group-757E3781CD2A, cid=2422, SUCCESS, logIndex=0, commits[06a4573b-67a1-41e3-a350-f896363bc636:c3585, 0b725bbf-683b-4664-9a2e-3c9dd6e38bc1:c3580, 9193e3b7-ae04-484d-a740-c65c11559486:c3581]
2019-08-24 07:08:37,571 | INFO  | DNAudit | user=null | ip=null | op=WRITE_CHUNK {blockData=conID: 2 locID: 102670697596453449 bcsId: 3581} | ret=SUCCESS |  
2019-08-24 07:08:37,574 | INFO  | DNAudit | user=null | ip=null | op=WRITE_CHUNK {blockData=conID: 2 locID: 102670697596453449 bcsId: 3581} | ret=SUCCESS |  
2019-08-24 07:08:37,574 | INFO  | DNAudit | user=null | ip=null | op=WRITE_CHUNK {blockData=conID: 2 locID: 102670697596453449 bcsId: 3581} | ret=SUCCESS |  
2019-08-24 07:08:37,585 | INFO  | DNAudit | user=null | ip=null | op=WRITE_CHUNK {blockData=conID: 2 locID: 102670697596453449 bcsId: 3581} | ret=SUCCESS |  
2019-08-24 07:08:37,585 | INFO  | DNAudit | user=null | ip=null | op=PUT_BLOCK {blockData=[blockId=conID: 2 locID: 102670697596453449 bcsId: 0,size=3145728]} | ret=SUCCESS |  
2019-08-24 07:08:37,585 [grpc-default-executor-1] INFO  client.GrpcClientProtocolClient (GrpcClientProtocolClient.java:onNext(255)) - client-6EDD19400D46->06a4573b-67a1-41e3-a350-f896363bc636: receive RaftClientReply:client-6EDD19400D46->06a4573b-67a1-41e3-a350-f896363bc636@group-757E3781CD2A, cid=2423, SUCCESS, logIndex=3586, commits[06a4573b-67a1-41e3-a350-f896363bc636:c3587, 0b725bbf-683b-4664-9a2e-3c9dd6e38bc1:c3585, 9193e3b7-ae04-484d-a740-c65c11559486:c3585]
2019-08-24 07:08:37,586 [grpc-default-executor-1] INFO  client.GrpcClientProtocolClient (GrpcClientProtocolClient.java:onNext(255)) - client-6EDD19400D46->06a4573b-67a1-41e3-a350-f896363bc636: receive RaftClientReply:client-6EDD19400D46->06a4573b-67a1-41e3-a350-f896363bc636@group-757E3781CD2A, cid=2424, SUCCESS, logIndex=3587, commits[06a4573b-67a1-41e3-a350-f896363bc636:c3587, 0b725bbf-683b-4664-9a2e-3c9dd6e38bc1:c3585, 9193e3b7-ae04-484d-a740-c65c11559486:c3585]
2019-08-24 07:08:37,592 | INFO  | DNAudit | user=null | ip=null | op=WRITE_CHUNK {blockData=conID: 2 locID: 102670697596453449 bcsId: 3587} | ret=SUCCESS |  
2019-08-24 07:08:37,596 | INFO  | DNAudit | user=null | ip=null | op=WRITE_CHUNK {blockData=conID: 2 locID: 102670697596453449 bcsId: 3587} | ret=SUCCESS |  
2019-08-24 07:08:37,596 | INFO  | DNAudit | user=null | ip=null | op=WRITE_CHUNK {blockData=conID: 2 locID: 102670697596453449 bcsId: 3587} | ret=SUCCESS |  
2019-08-24 07:08:37,596 | INFO  | DNAudit | user=null | ip=null | op=WRITE_CHUNK {blockData=conID: 2 locID: 102670697596453449 bcsId: 3581} | ret=SUCCESS |  
2019-08-24 07:08:37,596 | INFO  | DNAudit | user=null | ip=null | op=WRITE_CHUNK {blockData=conID: 2 locID: 102670697596453449 bcsId: 3581} | ret=SUCCESS |  
2019-08-24 07:08:37,612 | INFO  | DNAudit | user=null | ip=null | op=PUT_BLOCK {blockData=[blockId=conID: 2 locID: 102670697596453449 bcsId: 0,size=3145728]} | ret=SUCCESS |  
2019-08-24 07:08:37,612 | INFO  | DNAudit | user=null | ip=null | op=PUT_BLOCK {blockData=[blockId=conID: 2 locID: 102670697596453449 bcsId: 0,size=3145728]} | ret=SUCCESS |  
2019-08-24 07:08:37,613 | INFO  | DNAudit | user=null | ip=null | op=WRITE_CHUNK {blockData=conID: 2 locID: 102670697596453449 bcsId: 3587} | ret=SUCCESS |  
2019-08-24 07:08:37,613 | INFO  | DNAudit | user=null | ip=null | op=PUT_BLOCK {blockData=[blockId=conID: 2 locID: 102670697596453449 bcsId: 0,size=4194304]} | ret=SUCCESS |  
2019-08-24 07:08:37,613 [grpc-default-executor-2] INFO  client.GrpcClientProtocolClient (GrpcClientProtocolClient.java:onNext(255)) - client-6EDD19400D46->06a4573b-67a1-41e3-a350-f896363bc636: receive RaftClientReply:client-6EDD19400D46->06a4573b-67a1-41e3-a350-f896363bc636@group-757E3781CD2A, cid=2425, SUCCESS, logIndex=3590, commits[06a4573b-67a1-41e3-a350-f896363bc636:c3591, 0b725bbf-683b-4664-9a2e-3c9dd6e38bc1:c3587, 9193e3b7-ae04-484d-a740-c65c11559486:c3587]
2019-08-24 07:08:37,614 [grpc-default-executor-2] INFO  client.GrpcClientProtocolClient (GrpcClientProtocolClient.java:onNext(255)) - client-6EDD19400D46->06a4573b-67a1-41e3-a350-f896363bc636: receive RaftClientReply:client-6EDD19400D46->06a4573b-67a1-41e3-a350-f896363bc636@group-757E3781CD2A, cid=2426, SUCCESS, logIndex=3591, commits[06a4573b-67a1-41e3-a350-f896363bc636:c3591, 0b725bbf-683b-4664-9a2e-3c9dd6e38bc1:c3587, 9193e3b7-ae04-484d-a740-c65c11559486:c3587]
2019-08-24 07:08:37,624 | INFO  | DNAudit | user=null | ip=null | op=WRITE_CHUNK {blockData=conID: 2 locID: 102670697596453449 bcsId: 3587} | ret=SUCCESS |  
2019-08-24 07:08:37,624 | INFO  | DNAudit | user=null | ip=null | op=WRITE_CHUNK {blockData=conID: 2 locID: 102670697596453449 bcsId: 3587} | ret=SUCCESS |  
2019-08-24 07:08:37,627 | INFO  | DNAudit | user=null | ip=null | op=PUT_BLOCK {blockData=[blockId=conID: 2 locID: 102670697596453449 bcsId: 0,size=4194304]} | ret=SUCCESS |  
2019-08-24 07:08:37,627 | INFO  | DNAudit | user=null | ip=null | op=PUT_BLOCK {blockData=[blockId=conID: 2 locID: 102670697596453449 bcsId: 0,size=4194304]} | ret=SUCCESS |  
2019-08-24 07:08:37,628 [grpc-default-executor-2] INFO  client.GrpcClientProtocolClient (GrpcClientProtocolClient.java:onNext(255)) - client-6EDD19400D46->06a4573b-67a1-41e3-a350-f896363bc636: receive RaftClientReply:client-6EDD19400D46->06a4573b-67a1-41e3-a350-f896363bc636@group-757E3781CD2A, cid=2427, SUCCESS, logIndex=0, commits[06a4573b-67a1-41e3-a350-f896363bc636:c3593, 0b725bbf-683b-4664-9a2e-3c9dd6e38bc1:c3591, 9193e3b7-ae04-484d-a740-c65c11559486:c3591]
2019-08-24 07:08:37,634 | INFO  | SCMAudit | user=jenkins1000 | ip=192.168.69.125 | op=ALLOCATE_BLOCK {owner=61bacca8-15b6-4a50-8962-5e9786b18b0d, size=4194304, type=RATIS, factor=THREE} | ret=SUCCESS |  
2019-08-24 07:08:37,639 | INFO  | OMAudit | user=jenkins1000 | ip=127.0.0.1 | op=ALLOCATE_BLOCK {volume=vol-0-26988, bucket=bucket-0-20739, key=key-0-27353, dataSize=0, replicationType=null, replicationFactor=null, keyLocationInfo=null, clientID=102670695851229586} | ret=SUCCESS |  
2019-08-24 07:08:37,646 | INFO  | DNAudit | user=null | ip=null | op=WRITE_CHUNK {blockData=conID: 3 locID: 102670697603662410 bcsId: 0} | ret=SUCCESS |  
2019-08-24 07:08:37,649 | INFO  | DNAudit | user=null | ip=null | op=WRITE_CHUNK {blockData=conID: 3 locID: 102670697603662410 bcsId: 0} | ret=SUCCESS |  
2019-08-24 07:08:37,651 | INFO  | DNAudit | user=null | ip=null | op=WRITE_CHUNK {blockData=conID: 3 locID: 102670697603662410 bcsId: 0} | ret=SUCCESS |  
2019-08-24 07:08:37,651 | INFO  | DNAudit | user=null | ip=null | op=WRITE_CHUNK {blockData=conID: 3 locID: 102670697603662410 bcsId: 0} | ret=SUCCESS |  
2019-08-24 07:08:37,653 | INFO  | DNAudit | user=null | ip=null | op=WRITE_CHUNK {blockData=conID: 3 locID: 102670697603662410 bcsId: 0} | ret=SUCCESS |  
2019-08-24 07:08:37,653 | INFO  | DNAudit | user=null | ip=null | op=WRITE_CHUNK {blockData=conID: 3 locID: 102670697603662410 bcsId: 0} | ret=SUCCESS |  
 0.00% |█                                                                                                    |  0/1 Time: 0:00:262019-08-24 07:08:37,659 | INFO  | SCMAudit | user=jenkins1000 | ip=192.168.69.125 | op=SEND_HEARTBEAT {datanodeUUID=9193e3b7-ae04-484d-a740-c65c11559486, command=[]} | ret=SUCCESS |  
2019-08-24 07:08:37,659 | INFO  | SCMAudit | user=jenkins1000 | ip=192.168.69.125 | op=SEND_HEARTBEAT {datanodeUUID=06a4573b-67a1-41e3-a350-f896363bc636, command=[]} | ret=SUCCESS |  
2019-08-24 07:08:37,659 | INFO  | SCMAudit | user=jenkins1000 | ip=192.168.69.125 | op=SEND_HEARTBEAT {datanodeUUID=25ce0803-6f34-4c69-82c0-892f08679042, command=[]} | ret=SUCCESS |  
2019-08-24 07:08:37,659 | INFO  | SCMAudit | user=jenkins1000 | ip=192.168.69.125 | op=SEND_HEARTBEAT {datanodeUUID=b8548da6-9cc6-46be-8dd4-5219531f5960, command=[]} | ret=SUCCESS |  
2019-08-24 07:08:37,659 | INFO  | SCMAudit | user=jenkins1000 | ip=192.168.69.125 | op=SEND_HEARTBEAT {datanodeUUID=0b725bbf-683b-4664-9a2e-3c9dd6e38bc1, command=[]} | ret=SUCCESS |  
2019-08-24 07:08:37,661 | INFO  | DNAudit | user=null | ip=null | op=WRITE_CHUNK {blockData=conID: 3 locID: 102670697603662410 bcsId: 0} | ret=SUCCESS |  
2019-08-24 07:08:37,661 | INFO  | DNAudit | user=null | ip=null | op=PUT_BLOCK {blockData=[blockId=conID: 3 locID: 102670697603662410 bcsId: 0,size=1048576]} | ret=SUCCESS |  
2019-08-24 07:08:37,662 [grpc-default-executor-2] INFO  client.GrpcClientProtocolClient (GrpcClientProtocolClient.java:onNext(255)) - client-6EDD19400D46->06a4573b-67a1-41e3-a350-f896363bc636: receive RaftClientReply:client-6EDD19400D46->06a4573b-67a1-41e3-a350-f896363bc636@group-757E3781CD2A, cid=2428, SUCCESS, logIndex=3594, commits[06a4573b-67a1-41e3-a350-f896363bc636:c3595, 0b725bbf-683b-4664-9a2e-3c9dd6e38bc1:c3593, 9193e3b7-ae04-484d-a740-c65c11559486:c3593]
2019-08-24 07:08:37,662 [grpc-default-executor-2] INFO  client.GrpcClientProtocolClient (GrpcClientProtocolClient.java:onNext(255)) - client-6EDD19400D46->06a4573b-67a1-41e3-a350-f896363bc636: receive RaftClientReply:client-6EDD19400D46->06a4573b-67a1-41e3-a350-f896363bc636@group-757E3781CD2A, cid=2429, SUCCESS, logIndex=3595, commits[06a4573b-67a1-41e3-a350-f896363bc636:c3595, 0b725bbf-683b-4664-9a2e-3c9dd6e38bc1:c3593, 9193e3b7-ae04-484d-a740-c65c11559486:c3593]
2019-08-24 07:08:37,671 | INFO  | DNAudit | user=null | ip=null | op=WRITE_CHUNK {blockData=conID: 3 locID: 102670697603662410 bcsId: 0} | ret=SUCCESS |  
2019-08-24 07:08:37,671 | INFO  | DNAudit | user=null | ip=null | op=PUT_BLOCK {blockData=[blockId=conID: 3 locID: 102670697603662410 bcsId: 0,size=2097152]} | ret=SUCCESS |  
2019-08-24 07:08:37,671 [grpc-default-executor-1] INFO  client.GrpcClientProtocolClient (GrpcClientProtocolClient.java:onNext(255)) - client-6EDD19400D46->06a4573b-67a1-41e3-a350-f896363bc636: receive RaftClientReply:client-6EDD19400D46->06a4573b-67a1-41e3-a350-f896363bc636@group-757E3781CD2A, cid=2430, SUCCESS, logIndex=3596, commits[06a4573b-67a1-41e3-a350-f896363bc636:c3597, 0b725bbf-683b-4664-9a2e-3c9dd6e38bc1:c3593, 9193e3b7-ae04-484d-a740-c65c11559486:c3593]
2019-08-24 07:08:37,672 [grpc-default-executor-2] INFO  client.GrpcClientProtocolClient (GrpcClientProtocolClient.java:onNext(255)) - client-6EDD19400D46->06a4573b-67a1-41e3-a350-f896363bc636: receive RaftClientReply:client-6EDD19400D46->06a4573b-67a1-41e3-a350-f896363bc636@group-757E3781CD2A, cid=2431, SUCCESS, logIndex=3597, commits[06a4573b-67a1-41e3-a350-f896363bc636:c3597, 0b725bbf-683b-4664-9a2e-3c9dd6e38bc1:c3593, 9193e3b7-ae04-484d-a740-c65c11559486:c3593]
2019-08-24 07:08:37,673 | INFO  | DNAudit | user=null | ip=null | op=WRITE_CHUNK {blockData=conID: 3 locID: 102670697603662410 bcsId: 0} | ret=SUCCESS |  
2019-08-24 07:08:37,673 | INFO  | DNAudit | user=null | ip=null | op=PUT_BLOCK {blockData=[blockId=conID: 3 locID: 102670697603662410 bcsId: 0,size=1048576]} | ret=SUCCESS |  
2019-08-24 07:08:37,687 | INFO  | DNAudit | user=null | ip=null | op=WRITE_CHUNK {blockData=conID: 3 locID: 102670697603662410 bcsId: 0} | ret=SUCCESS |  
2019-08-24 07:08:37,687 | INFO  | DNAudit | user=null | ip=null | op=PUT_BLOCK {blockData=[blockId=conID: 3 locID: 102670697603662410 bcsId: 0,size=1048576]} | ret=SUCCESS |  
2019-08-24 07:08:37,687 | INFO  | DNAudit | user=null | ip=null | op=WRITE_CHUNK {blockData=conID: 3 locID: 102670697603662410 bcsId: 0} | ret=SUCCESS |  
2019-08-24 07:08:37,687 | INFO  | DNAudit | user=null | ip=null | op=WRITE_CHUNK {blockData=conID: 3 locID: 102670697603662410 bcsId: 0} | ret=SUCCESS |  
2019-08-24 07:08:37,688 | INFO  | DNAudit | user=null | ip=null | op=PUT_BLOCK {blockData=[blockId=conID: 3 locID: 102670697603662410 bcsId: 0,size=2097152]} | ret=SUCCESS |  
2019-08-24 07:08:37,688 | INFO  | DNAudit | user=null | ip=null | op=PUT_BLOCK {blockData=[blockId=conID: 3 locID: 102670697603662410 bcsId: 0,size=2097152]} | ret=SUCCESS |  
2019-08-24 07:08:37,689 [grpc-default-executor-2] INFO  client.GrpcClientProtocolClient (GrpcClientProtocolClient.java:onNext(255)) - client-6EDD19400D46->06a4573b-67a1-41e3-a350-f896363bc636: receive RaftClientReply:client-6EDD19400D46->06a4573b-67a1-41e3-a350-f896363bc636@group-757E3781CD2A, cid=2432, SUCCESS, logIndex=0, commits[06a4573b-67a1-41e3-a350-f896363bc636:c3598, 0b725bbf-683b-4664-9a2e-3c9dd6e38bc1:c3595, 9193e3b7-ae04-484d-a740-c65c11559486:c3595]
2019-08-24 07:08:37,697 | INFO  | DNAudit | user=null | ip=null | op=WRITE_CHUNK {blockData=conID: 3 locID: 102670697603662410 bcsId: 3597} | ret=SUCCESS |  
2019-08-24 07:08:37,699 | INFO  | DNAudit | user=null | ip=null | op=WRITE_CHUNK {blockData=conID: 3 locID: 102670697603662410 bcsId: 3597} | ret=SUCCESS |  
2019-08-24 07:08:37,699 | INFO  | DNAudit | user=null | ip=null | op=WRITE_CHUNK {blockData=conID: 3 locID: 102670697603662410 bcsId: 3597} | ret=SUCCESS |  
2019-08-24 07:08:37,723 | INFO  | DNAudit | user=null | ip=null | op=WRITE_CHUNK {blockData=conID: 3 locID: 102670697603662410 bcsId: 3597} | ret=SUCCESS |  
2019-08-24 07:08:37,723 | INFO  | DNAudit | user=null | ip=null | op=PUT_BLOCK {blockData=[blockId=conID: 3 locID: 102670697603662410 bcsId: 0,size=3145728]} | ret=SUCCESS |  
2019-08-24 07:08:37,723 [grpc-default-executor-0] INFO  client.GrpcClientProtocolClient (GrpcClientProtocolClient.java:onNext(255)) - client-6EDD19400D46->06a4573b-67a1-41e3-a350-f896363bc636: receive RaftClientReply:client-6EDD19400D46->06a4573b-67a1-41e3-a350-f896363bc636@group-757E3781CD2A, cid=2433, SUCCESS, logIndex=3601, commits[06a4573b-67a1-41e3-a350-f896363bc636:c3602, 0b725bbf-683b-4664-9a2e-3c9dd6e38bc1:c3599, 9193e3b7-ae04-484d-a740-c65c11559486:c3599]
2019-08-24 07:08:37,724 [grpc-default-executor-0] INFO  client.GrpcClientProtocolClient (GrpcClientProtocolClient.java:onNext(255)) - client-6EDD19400D46->06a4573b-67a1-41e3-a350-f896363bc636: receive RaftClientReply:client-6EDD19400D46->06a4573b-67a1-41e3-a350-f896363bc636@group-757E3781CD2A, cid=2434, SUCCESS, logIndex=3602, commits[06a4573b-67a1-41e3-a350-f896363bc636:c3602, 0b725bbf-683b-4664-9a2e-3c9dd6e38bc1:c3599, 9193e3b7-ae04-484d-a740-c65c11559486:c3599]
2019-08-24 07:08:37,730 | INFO  | DNAudit | user=null | ip=null | op=WRITE_CHUNK {blockData=conID: 3 locID: 102670697603662410 bcsId: 3602} | ret=SUCCESS |  
2019-08-24 07:08:37,732 | INFO  | DNAudit | user=null | ip=null | op=WRITE_CHUNK {blockData=conID: 3 locID: 102670697603662410 bcsId: 3602} | ret=SUCCESS |  
2019-08-24 07:08:37,733 | INFO  | DNAudit | user=null | ip=null | op=WRITE_CHUNK {blockData=conID: 3 locID: 102670697603662410 bcsId: 3602} | ret=SUCCESS |  
2019-08-24 07:08:37,735 | INFO  | DNAudit | user=null | ip=null | op=WRITE_CHUNK {blockData=conID: 3 locID: 102670697603662410 bcsId: 3597} | ret=SUCCESS |  
2019-08-24 07:08:37,735 | INFO  | DNAudit | user=null | ip=null | op=WRITE_CHUNK {blockData=conID: 3 locID: 102670697603662410 bcsId: 3597} | ret=SUCCESS |  
2019-08-24 07:08:37,737 | INFO  | DNAudit | user=null | ip=null | op=PUT_BLOCK {blockData=[blockId=conID: 3 locID: 102670697603662410 bcsId: 0,size=3145728]} | ret=SUCCESS |  
2019-08-24 07:08:37,737 | INFO  | DNAudit | user=null | ip=null | op=PUT_BLOCK {blockData=[blockId=conID: 3 locID: 102670697603662410 bcsId: 0,size=3145728]} | ret=SUCCESS |  
2019-08-24 07:08:37,738 | INFO  | DNAudit | user=null | ip=null | op=WRITE_CHUNK {blockData=conID: 3 locID: 102670697603662410 bcsId: 3602} | ret=SUCCESS |  
2019-08-24 07:08:37,738 | INFO  | DNAudit | user=null | ip=null | op=PUT_BLOCK {blockData=[blockId=conID: 3 locID: 102670697603662410 bcsId: 0,size=4194304]} | ret=SUCCESS |  
2019-08-24 07:08:37,738 [grpc-default-executor-1] INFO  client.GrpcClientProtocolClient (GrpcClientProtocolClient.java:onNext(255)) - client-6EDD19400D46->06a4573b-67a1-41e3-a350-f896363bc636: receive RaftClientReply:client-6EDD19400D46->06a4573b-67a1-41e3-a350-f896363bc636@group-757E3781CD2A, cid=2435, SUCCESS, logIndex=3605, commits[06a4573b-67a1-41e3-a350-f896363bc636:c3605, 0b725bbf-683b-4664-9a2e-3c9dd6e38bc1:c3602, 9193e3b7-ae04-484d-a740-c65c11559486:c3602]
2019-08-24 07:08:37,739 [grpc-default-executor-1] INFO  client.GrpcClientProtocolClient (GrpcClientProtocolClient.java:onNext(255)) - client-6EDD19400D46->06a4573b-67a1-41e3-a350-f896363bc636: receive RaftClientReply:client-6EDD19400D46->06a4573b-67a1-41e3-a350-f896363bc636@group-757E3781CD2A, cid=2436, SUCCESS, logIndex=3606, commits[06a4573b-67a1-41e3-a350-f896363bc636:c3606, 0b725bbf-683b-4664-9a2e-3c9dd6e38bc1:c3602, 9193e3b7-ae04-484d-a740-c65c11559486:c3602]
2019-08-24 07:08:37,755 | INFO  | DNAudit | user=null | ip=null | op=WRITE_CHUNK {blockData=conID: 3 locID: 102670697603662410 bcsId: 3602} | ret=SUCCESS |  
2019-08-24 07:08:37,755 | INFO  | DNAudit | user=null | ip=null | op=WRITE_CHUNK {blockData=conID: 3 locID: 102670697603662410 bcsId: 3602} | ret=SUCCESS |  
2019-08-24 07:08:37,758 | INFO  | DNAudit | user=null | ip=null | op=PUT_BLOCK {blockData=[blockId=conID: 3 locID: 102670697603662410 bcsId: 0,size=4194304]} | ret=SUCCESS |  
2019-08-24 07:08:37,758 | INFO  | DNAudit | user=null | ip=null | op=PUT_BLOCK {blockData=[blockId=conID: 3 locID: 102670697603662410 bcsId: 0,size=4194304]} | ret=SUCCESS |  
2019-08-24 07:08:37,758 [grpc-default-executor-0] INFO  client.GrpcClientProtocolClient (GrpcClientProtocolClient.java:onNext(255)) - client-6EDD19400D46->06a4573b-67a1-41e3-a350-f896363bc636: receive RaftClientReply:client-6EDD19400D46->06a4573b-67a1-41e3-a350-f896363bc636@group-757E3781CD2A, cid=2437, SUCCESS, logIndex=0, commits[06a4573b-67a1-41e3-a350-f896363bc636:c3608, 0b725bbf-683b-4664-9a2e-3c9dd6e38bc1:c3606, 9193e3b7-ae04-484d-a740-c65c11559486:c3606]
2019-08-24 07:08:37,763 | INFO  | SCMAudit | user=jenkins1000 | ip=192.168.69.125 | op=ALLOCATE_BLOCK {owner=61bacca8-15b6-4a50-8962-5e9786b18b0d, size=4194304, type=RATIS, factor=THREE} | ret=SUCCESS |  
2019-08-24 07:08:37,766 | INFO  | OMAudit | user=jenkins1000 | ip=127.0.0.1 | op=ALLOCATE_BLOCK {volume=vol-0-26988, bucket=bucket-0-20739, key=key-0-27353, dataSize=0, replicationType=null, replicationFactor=null, keyLocationInfo=null, clientID=102670695851229586} | ret=SUCCESS |  
2019-08-24 07:08:37,773 | INFO  | DNAudit | user=null | ip=null | op=WRITE_CHUNK {blockData=conID: 1 locID: 102670697612116555 bcsId: 0} | ret=SUCCESS |  
2019-08-24 07:08:37,776 | INFO  | DNAudit | user=null | ip=null | op=WRITE_CHUNK {blockData=conID: 1 locID: 102670697612116555 bcsId: 0} | ret=SUCCESS |  
2019-08-24 07:08:37,776 | INFO  | DNAudit | user=null | ip=null | op=WRITE_CHUNK {blockData=conID: 1 locID: 102670697612116555 bcsId: 0} | ret=SUCCESS |  
2019-08-24 07:08:37,777 | INFO  | DNAudit | user=null | ip=null | op=WRITE_CHUNK {blockData=conID: 1 locID: 102670697612116555 bcsId: 0} | ret=SUCCESS |  
2019-08-24 07:08:37,778 | INFO  | DNAudit | user=null | ip=null | op=WRITE_CHUNK {blockData=conID: 1 locID: 102670697612116555 bcsId: 0} | ret=SUCCESS |  
2019-08-24 07:08:37,779 | INFO  | DNAudit | user=null | ip=null | op=WRITE_CHUNK {blockData=conID: 1 locID: 102670697612116555 bcsId: 0} | ret=SUCCESS |  
2019-08-24 07:08:37,786 | INFO  | DNAudit | user=null | ip=null | op=WRITE_CHUNK {blockData=conID: 1 locID: 102670697612116555 bcsId: 0} | ret=SUCCESS |  
2019-08-24 07:08:37,786 | INFO  | DNAudit | user=null | ip=null | op=PUT_BLOCK {blockData=[blockId=conID: 1 locID: 102670697612116555 bcsId: 0,size=1048576]} | ret=SUCCESS |  
2019-08-24 07:08:37,787 | INFO  | DNAudit | user=null | ip=null | op=WRITE_CHUNK {blockData=conID: 1 locID: 102670697612116555 bcsId: 0} | ret=SUCCESS |  
2019-08-24 07:08:37,786 [grpc-default-executor-1] INFO  client.GrpcClientProtocolClient (GrpcClientProtocolClient.java:onNext(255)) - client-6EDD19400D46->06a4573b-67a1-41e3-a350-f896363bc636: receive RaftClientReply:client-6EDD19400D46->06a4573b-67a1-41e3-a350-f896363bc636@group-757E3781CD2A, cid=2438, SUCCESS, logIndex=3609, commits[06a4573b-67a1-41e3-a350-f896363bc636:c3610, 0b725bbf-683b-4664-9a2e-3c9dd6e38bc1:c3608, 9193e3b7-ae04-484d-a740-c65c11559486:c3608]
2019-08-24 07:08:37,787 | INFO  | DNAudit | user=null | ip=null | op=PUT_BLOCK {blockData=[blockId=conID: 1 locID: 102670697612116555 bcsId: 0,size=2097152]} | ret=SUCCESS |  
2019-08-24 07:08:37,787 [grpc-default-executor-1] INFO  client.GrpcClientProtocolClient (GrpcClientProtocolClient.java:onNext(255)) - client-6EDD19400D46->06a4573b-67a1-41e3-a350-f896363bc636: receive RaftClientReply:client-6EDD19400D46->06a4573b-67a1-41e3-a350-f896363bc636@group-757E3781CD2A, cid=2439, SUCCESS, logIndex=3610, commits[06a4573b-67a1-41e3-a350-f896363bc636:c3612, 0b725bbf-683b-4664-9a2e-3c9dd6e38bc1:c3608, 9193e3b7-ae04-484d-a740-c65c11559486:c3608]
2019-08-24 07:08:37,787 [grpc-default-executor-1] INFO  client.GrpcClientProtocolClient (GrpcClientProtocolClient.java:onNext(255)) - client-6EDD19400D46->06a4573b-67a1-41e3-a350-f896363bc636: receive RaftClientReply:client-6EDD19400D46->06a4573b-67a1-41e3-a350-f896363bc636@group-757E3781CD2A, cid=2440, SUCCESS, logIndex=3611, commits[06a4573b-67a1-41e3-a350-f896363bc636:c3612, 0b725bbf-683b-4664-9a2e-3c9dd6e38bc1:c3608, 9193e3b7-ae04-484d-a740-c65c11559486:c3608]
2019-08-24 07:08:37,787 [grpc-default-executor-1] INFO  client.GrpcClientProtocolClient (GrpcClientProtocolClient.java:onNext(255)) - client-6EDD19400D46->06a4573b-67a1-41e3-a350-f896363bc636: receive RaftClientReply:client-6EDD19400D46->06a4573b-67a1-41e3-a350-f896363bc636@group-757E3781CD2A, cid=2441, SUCCESS, logIndex=3612, commits[06a4573b-67a1-41e3-a350-f896363bc636:c3612, 0b725bbf-683b-4664-9a2e-3c9dd6e38bc1:c3608, 9193e3b7-ae04-484d-a740-c65c11559486:c3608]
2019-08-24 07:08:37,799 | INFO  | DNAudit | user=null | ip=null | op=WRITE_CHUNK {blockData=conID: 1 locID: 102670697612116555 bcsId: 0} | ret=SUCCESS |  
2019-08-24 07:08:37,799 | INFO  | DNAudit | user=null | ip=null | op=PUT_BLOCK {blockData=[blockId=conID: 1 locID: 102670697612116555 bcsId: 0,size=1048576]} | ret=SUCCESS |  
2019-08-24 07:08:37,800 | INFO  | DNAudit | user=null | ip=null | op=WRITE_CHUNK {blockData=conID: 1 locID: 102670697612116555 bcsId: 0} | ret=SUCCESS |  
2019-08-24 07:08:37,800 | INFO  | DNAudit | user=null | ip=null | op=PUT_BLOCK {blockData=[blockId=conID: 1 locID: 102670697612116555 bcsId: 0,size=1048576]} | ret=SUCCESS |  
2019-08-24 07:08:37,800 | INFO  | DNAudit | user=null | ip=null | op=WRITE_CHUNK {blockData=conID: 1 locID: 102670697612116555 bcsId: 0} | ret=SUCCESS |  
2019-08-24 07:08:37,800 | INFO  | DNAudit | user=null | ip=null | op=WRITE_CHUNK {blockData=conID: 1 locID: 102670697612116555 bcsId: 0} | ret=SUCCESS |  
2019-08-24 07:08:37,800 | INFO  | DNAudit | user=null | ip=null | op=PUT_BLOCK {blockData=[blockId=conID: 1 locID: 102670697612116555 bcsId: 0,size=2097152]} | ret=SUCCESS |  
2019-08-24 07:08:37,800 | INFO  | DNAudit | user=null | ip=null | op=PUT_BLOCK {blockData=[blockId=conID: 1 locID: 102670697612116555 bcsId: 0,size=2097152]} | ret=SUCCESS |  
2019-08-24 07:08:37,801 [grpc-default-executor-2] INFO  client.GrpcClientProtocolClient (GrpcClientProtocolClient.java:onNext(255)) - client-6EDD19400D46->06a4573b-67a1-41e3-a350-f896363bc636: receive RaftClientReply:client-6EDD19400D46->06a4573b-67a1-41e3-a350-f896363bc636@group-757E3781CD2A, cid=2442, SUCCESS, logIndex=0, commits[06a4573b-67a1-41e3-a350-f896363bc636:c3614, 0b725bbf-683b-4664-9a2e-3c9dd6e38bc1:c3610, 9193e3b7-ae04-484d-a740-c65c11559486:c3610]
2019-08-24 07:08:37,807 | INFO  | DNAudit | user=null | ip=null | op=WRITE_CHUNK {blockData=conID: 1 locID: 102670697612116555 bcsId: 3612} | ret=SUCCESS |  
2019-08-24 07:08:37,809 | INFO  | DNAudit | user=null | ip=null | op=WRITE_CHUNK {blockData=conID: 1 locID: 102670697612116555 bcsId: 3612} | ret=SUCCESS |  
2019-08-24 07:08:37,809 | INFO  | DNAudit | user=null | ip=null | op=WRITE_CHUNK {blockData=conID: 1 locID: 102670697612116555 bcsId: 3612} | ret=SUCCESS |  
2019-08-24 07:08:37,820 | INFO  | DNAudit | user=null | ip=null | op=WRITE_CHUNK {blockData=conID: 1 locID: 102670697612116555 bcsId: 3612} | ret=SUCCESS |  
2019-08-24 07:08:37,820 | INFO  | DNAudit | user=null | ip=null | op=PUT_BLOCK {blockData=[blockId=conID: 1 locID: 102670697612116555 bcsId: 0,size=3145728]} | ret=SUCCESS |  
2019-08-24 07:08:37,820 [grpc-default-executor-1] INFO  client.GrpcClientProtocolClient (GrpcClientProtocolClient.java:onNext(255)) - client-6EDD19400D46->06a4573b-67a1-41e3-a350-f896363bc636: receive RaftClientReply:client-6EDD19400D46->06a4573b-67a1-41e3-a350-f896363bc636@group-757E3781CD2A, cid=2443, SUCCESS, logIndex=3617, commits[06a4573b-67a1-41e3-a350-f896363bc636:c3618, 0b725bbf-683b-4664-9a2e-3c9dd6e38bc1:c3616, 9193e3b7-ae04-484d-a740-c65c11559486:c3616]
2019-08-24 07:08:37,821 [grpc-default-executor-1] INFO  client.GrpcClientProtocolClient (GrpcClientProtocolClient.java:onNext(255)) - client-6EDD19400D46->06a4573b-67a1-41e3-a350-f896363bc636: receive RaftClientReply:client-6EDD19400D46->06a4573b-67a1-41e3-a350-f896363bc636@group-757E3781CD2A, cid=2444, SUCCESS, logIndex=3618, commits[06a4573b-67a1-41e3-a350-f896363bc636:c3618, 0b725bbf-683b-4664-9a2e-3c9dd6e38bc1:c3616, 9193e3b7-ae04-484d-a740-c65c11559486:c3616]
2019-08-24 07:08:37,827 | INFO  | DNAudit | user=null | ip=null | op=WRITE_CHUNK {blockData=conID: 1 locID: 102670697612116555 bcsId: 3618} | ret=SUCCESS |  
2019-08-24 07:08:37,829 | INFO  | DNAudit | user=null | ip=null | op=WRITE_CHUNK {blockData=conID: 1 locID: 102670697612116555 bcsId: 3618} | ret=SUCCESS |  
2019-08-24 07:08:37,830 | INFO  | DNAudit | user=null | ip=null | op=WRITE_CHUNK {blockData=conID: 1 locID: 102670697612116555 bcsId: 3618} | ret=SUCCESS |  
2019-08-24 07:08:37,831 | INFO  | DNAudit | user=null | ip=null | op=WRITE_CHUNK {blockData=conID: 1 locID: 102670697612116555 bcsId: 3612} | ret=SUCCESS |  
2019-08-24 07:08:37,831 | INFO  | DNAudit | user=null | ip=null | op=WRITE_CHUNK {blockData=conID: 1 locID: 102670697612116555 bcsId: 3612} | ret=SUCCESS |  
2019-08-24 07:08:37,832 | INFO  | DNAudit | user=null | ip=null | op=PUT_BLOCK {blockData=[blockId=conID: 1 locID: 102670697612116555 bcsId: 0,size=3145728]} | ret=SUCCESS |  
2019-08-24 07:08:37,834 | INFO  | DNAudit | user=null | ip=null | op=PUT_BLOCK {blockData=[blockId=conID: 1 locID: 102670697612116555 bcsId: 0,size=3145728]} | ret=SUCCESS |  
2019-08-24 07:08:37,835 | INFO  | DNAudit | user=null | ip=null | op=WRITE_CHUNK {blockData=conID: 1 locID: 102670697612116555 bcsId: 3618} | ret=SUCCESS |  
2019-08-24 07:08:37,835 | INFO  | DNAudit | user=null | ip=null | op=PUT_BLOCK {blockData=[blockId=conID: 1 locID: 102670697612116555 bcsId: 0,size=4194304]} | ret=SUCCESS |  
2019-08-24 07:08:37,836 [grpc-default-executor-1] INFO  client.GrpcClientProtocolClient (GrpcClientProtocolClient.java:onNext(255)) - client-6EDD19400D46->06a4573b-67a1-41e3-a350-f896363bc636: receive RaftClientReply:client-6EDD19400D46->06a4573b-67a1-41e3-a350-f896363bc636@group-757E3781CD2A, cid=2445, SUCCESS, logIndex=3621, commits[06a4573b-67a1-41e3-a350-f896363bc636:c3621, 0b725bbf-683b-4664-9a2e-3c9dd6e38bc1:c3618, 9193e3b7-ae04-484d-a740-c65c11559486:c3618]
2019-08-24 07:08:37,836 [grpc-default-executor-1] INFO  client.GrpcClientProtocolClient (GrpcClientProtocolClient.java:onNext(255)) - client-6EDD19400D46->06a4573b-67a1-41e3-a350-f896363bc636: receive RaftClientReply:client-6EDD19400D46->06a4573b-67a1-41e3-a350-f896363bc636@group-757E3781CD2A, cid=2446, SUCCESS, logIndex=3622, commits[06a4573b-67a1-41e3-a350-f896363bc636:c3622, 0b725bbf-683b-4664-9a2e-3c9dd6e38bc1:c3618, 9193e3b7-ae04-484d-a740-c65c11559486:c3618]
2019-08-24 07:08:37,848 | INFO  | DNAudit | user=null | ip=null | op=WRITE_CHUNK {blockData=conID: 1 locID: 102670697612116555 bcsId: 3618} | ret=SUCCESS |  
2019-08-24 07:08:37,848 | INFO  | DNAudit | user=null | ip=null | op=WRITE_CHUNK {blockData=conID: 1 locID: 102670697612116555 bcsId: 3618} | ret=SUCCESS |  
2019-08-24 07:08:37,861 | INFO  | DNAudit | user=null | ip=null | op=PUT_BLOCK {blockData=[blockId=conID: 1 locID: 102670697612116555 bcsId: 0,size=4194304]} | ret=SUCCESS |  
2019-08-24 07:08:37,861 | INFO  | DNAudit | user=null | ip=null | op=PUT_BLOCK {blockData=[blockId=conID: 1 locID: 102670697612116555 bcsId: 0,size=4194304]} | ret=SUCCESS |  
2019-08-24 07:08:37,862 [grpc-default-executor-1] INFO  client.GrpcClientProtocolClient (GrpcClientProtocolClient.java:onNext(255)) - client-6EDD19400D46->06a4573b-67a1-41e3-a350-f896363bc636: receive RaftClientReply:client-6EDD19400D46->06a4573b-67a1-41e3-a350-f896363bc636@group-757E3781CD2A, cid=2447, SUCCESS, logIndex=0, commits[06a4573b-67a1-41e3-a350-f896363bc636:c3624, 0b725bbf-683b-4664-9a2e-3c9dd6e38bc1:c3622, 9193e3b7-ae04-484d-a740-c65c11559486:c3622]
2019-08-24 07:08:37,869 | INFO  | SCMAudit | user=jenkins1000 | ip=192.168.69.125 | op=ALLOCATE_BLOCK {owner=61bacca8-15b6-4a50-8962-5e9786b18b0d, size=4194304, type=RATIS, factor=THREE} | ret=SUCCESS |  
2019-08-24 07:08:37,873 | INFO  | OMAudit | user=jenkins1000 | ip=127.0.0.1 | op=ALLOCATE_BLOCK {volume=vol-0-26988, bucket=bucket-0-20739, key=key-0-27353, dataSize=0, replicationType=null, replicationFactor=null, keyLocationInfo=null, clientID=102670695851229586} | ret=SUCCESS |  
2019-08-24 07:08:37,880 | INFO  | DNAudit | user=null | ip=null | op=WRITE_CHUNK {blockData=conID: 2 locID: 102670697619063372 bcsId: 0} | ret=SUCCESS |  
2019-08-24 07:08:37,883 | INFO  | DNAudit | user=null | ip=null | op=WRITE_CHUNK {blockData=conID: 2 locID: 102670697619063372 bcsId: 0} | ret=SUCCESS |  
2019-08-24 07:08:37,883 | INFO  | DNAudit | user=null | ip=null | op=WRITE_CHUNK {blockData=conID: 2 locID: 102670697619063372 bcsId: 0} | ret=SUCCESS |  
2019-08-24 07:08:37,883 | INFO  | DNAudit | user=null | ip=null | op=WRITE_CHUNK {blockData=conID: 2 locID: 102670697619063372 bcsId: 0} | ret=SUCCESS |  
2019-08-24 07:08:38,010 | INFO  | DNAudit | user=null | ip=null | op=WRITE_CHUNK {blockData=conID: 2 locID: 102670697619063372 bcsId: 0} | ret=SUCCESS |  
2019-08-24 07:08:38,010 | INFO  | DNAudit | user=null | ip=null | op=WRITE_CHUNK {blockData=conID: 2 locID: 102670697619063372 bcsId: 0} | ret=SUCCESS |  
2019-08-24 07:08:38,010 | INFO  | DNAudit | user=null | ip=null | op=PUT_BLOCK {blockData=[blockId=conID: 2 locID: 102670697619063372 bcsId: 0,size=1048576]} | ret=SUCCESS |  
2019-08-24 07:08:38,011 | INFO  | DNAudit | user=null | ip=null | op=WRITE_CHUNK {blockData=conID: 2 locID: 102670697619063372 bcsId: 0} | ret=SUCCESS |  
2019-08-24 07:08:38,011 [grpc-default-executor-0] INFO  client.GrpcClientProtocolClient (GrpcClientProtocolClient.java:onNext(255)) - client-6EDD19400D46->06a4573b-67a1-41e3-a350-f896363bc636: receive RaftClientReply:client-6EDD19400D46->06a4573b-67a1-41e3-a350-f896363bc636@group-757E3781CD2A, cid=2448, SUCCESS, logIndex=3625, commits[06a4573b-67a1-41e3-a350-f896363bc636:c3626, 0b725bbf-683b-4664-9a2e-3c9dd6e38bc1:c3624, 9193e3b7-ae04-484d-a740-c65c11559486:c3624]
2019-08-24 07:08:38,011 [grpc-default-executor-0] INFO  client.GrpcClientProtocolClient (GrpcClientProtocolClient.java:onNext(255)) - client-6EDD19400D46->06a4573b-67a1-41e3-a350-f896363bc636: receive RaftClientReply:client-6EDD19400D46->06a4573b-67a1-41e3-a350-f896363bc636@group-757E3781CD2A, cid=2449, SUCCESS, logIndex=3626, commits[06a4573b-67a1-41e3-a350-f896363bc636:c3626, 0b725bbf-683b-4664-9a2e-3c9dd6e38bc1:c3624, 9193e3b7-ae04-484d-a740-c65c11559486:c3624]
2019-08-24 07:08:38,020 | INFO  | DNAudit | user=null | ip=null | op=WRITE_CHUNK {blockData=conID: 2 locID: 102670697619063372 bcsId: 0} | ret=SUCCESS |  
2019-08-24 07:08:38,021 | INFO  | DNAudit | user=null | ip=null | op=WRITE_CHUNK {blockData=conID: 2 locID: 102670697619063372 bcsId: 0} | ret=SUCCESS |  
2019-08-24 07:08:38,021 | INFO  | DNAudit | user=null | ip=null | op=PUT_BLOCK {blockData=[blockId=conID: 2 locID: 102670697619063372 bcsId: 0,size=1048576]} | ret=SUCCESS |  
2019-08-24 07:08:38,021 | INFO  | DNAudit | user=null | ip=null | op=PUT_BLOCK {blockData=[blockId=conID: 2 locID: 102670697619063372 bcsId: 0,size=2097152]} | ret=SUCCESS |  
2019-08-24 07:08:38,021 | INFO  | DNAudit | user=null | ip=null | op=WRITE_CHUNK {blockData=conID: 2 locID: 102670697619063372 bcsId: 0} | ret=SUCCESS |  
2019-08-24 07:08:38,022 [grpc-default-executor-0] INFO  client.GrpcClientProtocolClient (GrpcClientProtocolClient.java:onNext(255)) - client-6EDD19400D46->06a4573b-67a1-41e3-a350-f896363bc636: receive RaftClientReply:client-6EDD19400D46->06a4573b-67a1-41e3-a350-f896363bc636@group-757E3781CD2A, cid=2450, SUCCESS, logIndex=3627, commits[06a4573b-67a1-41e3-a350-f896363bc636:c3628, 0b725bbf-683b-4664-9a2e-3c9dd6e38bc1:c3624, 9193e3b7-ae04-484d-a740-c65c11559486:c3624]
2019-08-24 07:08:38,022 | INFO  | DNAudit | user=null | ip=null | op=PUT_BLOCK {blockData=[blockId=conID: 2 locID: 102670697619063372 bcsId: 0,size=1048576]} | ret=SUCCESS |  
2019-08-24 07:08:38,022 [grpc-default-executor-0] INFO  client.GrpcClientProtocolClient (GrpcClientProtocolClient.java:onNext(255)) - client-6EDD19400D46->06a4573b-67a1-41e3-a350-f896363bc636: receive RaftClientReply:client-6EDD19400D46->06a4573b-67a1-41e3-a350-f896363bc636@group-757E3781CD2A, cid=2451, SUCCESS, logIndex=3628, commits[06a4573b-67a1-41e3-a350-f896363bc636:c3629, 0b725bbf-683b-4664-9a2e-3c9dd6e38bc1:c3624, 9193e3b7-ae04-484d-a740-c65c11559486:c3626]
2019-08-24 07:08:38,022 | INFO  | DNAudit | user=null | ip=null | op=WRITE_CHUNK {blockData=conID: 2 locID: 102670697619063372 bcsId: 0} | ret=SUCCESS |  
2019-08-24 07:08:38,023 [grpc-default-executor-0] INFO  client.GrpcClientProtocolClient (GrpcClientProtocolClient.java:onNext(255)) - client-6EDD19400D46->06a4573b-67a1-41e3-a350-f896363bc636: receive RaftClientReply:client-6EDD19400D46->06a4573b-67a1-41e3-a350-f896363bc636@group-757E3781CD2A, cid=2452, SUCCESS, logIndex=0, commits[06a4573b-67a1-41e3-a350-f896363bc636:c3631, 0b725bbf-683b-4664-9a2e-3c9dd6e38bc1:c3626, 9193e3b7-ae04-484d-a740-c65c11559486:c3627]
2019-08-24 07:08:38,024 | INFO  | DNAudit | user=null | ip=null | op=WRITE_CHUNK {blockData=conID: 2 locID: 102670697619063372 bcsId: 0} | ret=SUCCESS |  
2019-08-24 07:08:38,025 | INFO  | DNAudit | user=null | ip=null | op=PUT_BLOCK {blockData=[blockId=conID: 2 locID: 102670697619063372 bcsId: 0,size=2097152]} | ret=SUCCESS |  
2019-08-24 07:08:38,030 | INFO  | DNAudit | user=null | ip=null | op=WRITE_CHUNK {blockData=conID: 2 locID: 102670697619063372 bcsId: 3628} | ret=SUCCESS |  
2019-08-24 07:08:38,033 | INFO  | DNAudit | user=null | ip=null | op=WRITE_CHUNK {blockData=conID: 2 locID: 102670697619063372 bcsId: 3628} | ret=SUCCESS |  
2019-08-24 07:08:38,033 | INFO  | DNAudit | user=null | ip=null | op=WRITE_CHUNK {blockData=conID: 2 locID: 102670697619063372 bcsId: 3628} | ret=SUCCESS |  
2019-08-24 07:08:38,035 | INFO  | DNAudit | user=null | ip=null | op=PUT_BLOCK {blockData=[blockId=conID: 2 locID: 102670697619063372 bcsId: 0,size=2097152]} | ret=SUCCESS |  
2019-08-24 07:08:38,036 | INFO  | DNAudit | user=null | ip=null | op=WRITE_CHUNK {blockData=conID: 2 locID: 102670697619063372 bcsId: 3628} | ret=SUCCESS |  
2019-08-24 07:08:38,037 | INFO  | DNAudit | user=null | ip=null | op=PUT_BLOCK {blockData=[blockId=conID: 2 locID: 102670697619063372 bcsId: 0,size=3145728]} | ret=SUCCESS |  
2019-08-24 07:08:38,037 [grpc-default-executor-2] INFO  client.GrpcClientProtocolClient (GrpcClientProtocolClient.java:onNext(255)) - client-6EDD19400D46->06a4573b-67a1-41e3-a350-f896363bc636: receive RaftClientReply:client-6EDD19400D46->06a4573b-67a1-41e3-a350-f896363bc636@group-757E3781CD2A, cid=2453, SUCCESS, logIndex=3633, commits[06a4573b-67a1-41e3-a350-f896363bc636:c3634, 0b725bbf-683b-4664-9a2e-3c9dd6e38bc1:c3632, 9193e3b7-ae04-484d-a740-c65c11559486:c3628]
2019-08-24 07:08:38,038 [grpc-default-executor-2] INFO  client.GrpcClientProtocolClient (GrpcClientProtocolClient.java:onNext(255)) - client-6EDD19400D46->06a4573b-67a1-41e3-a350-f896363bc636: receive RaftClientReply:client-6EDD19400D46->06a4573b-67a1-41e3-a350-f896363bc636@group-757E3781CD2A, cid=2454, SUCCESS, logIndex=3634, commits[06a4573b-67a1-41e3-a350-f896363bc636:c3634, 0b725bbf-683b-4664-9a2e-3c9dd6e38bc1:c3632, 9193e3b7-ae04-484d-a740-c65c11559486:c3632]
2019-08-24 07:08:38,038 | INFO  | DNAudit | user=null | ip=null | op=WRITE_CHUNK {blockData=conID: 2 locID: 102670697619063372 bcsId: 3628} | ret=SUCCESS |  
2019-08-24 07:08:38,038 | INFO  | DNAudit | user=null | ip=null | op=WRITE_CHUNK {blockData=conID: 2 locID: 102670697619063372 bcsId: 3628} | ret=SUCCESS |  
2019-08-24 07:08:38,039 | INFO  | DNAudit | user=null | ip=null | op=PUT_BLOCK {blockData=[blockId=conID: 2 locID: 102670697619063372 bcsId: 0,size=3145728]} | ret=SUCCESS |  
2019-08-24 07:08:38,044 | INFO  | DNAudit | user=null | ip=null | op=WRITE_CHUNK {blockData=conID: 2 locID: 102670697619063372 bcsId: 3634} | ret=SUCCESS |  
2019-08-24 07:08:38,048 | INFO  | DNAudit | user=null | ip=null | op=WRITE_CHUNK {blockData=conID: 2 locID: 102670697619063372 bcsId: 3634} | ret=SUCCESS |  
2019-08-24 07:08:38,048 | INFO  | DNAudit | user=null | ip=null | op=WRITE_CHUNK {blockData=conID: 2 locID: 102670697619063372 bcsId: 3634} | ret=SUCCESS |  
2019-08-24 07:08:38,050 | INFO  | DNAudit | user=null | ip=null | op=PUT_BLOCK {blockData=[blockId=conID: 2 locID: 102670697619063372 bcsId: 0,size=3145728]} | ret=SUCCESS |  
2019-08-24 07:08:38,052 | INFO  | DNAudit | user=null | ip=null | op=WRITE_CHUNK {blockData=conID: 2 locID: 102670697619063372 bcsId: 3634} | ret=SUCCESS |  
2019-08-24 07:08:38,053 | INFO  | DNAudit | user=null | ip=null | op=PUT_BLOCK {blockData=[blockId=conID: 2 locID: 102670697619063372 bcsId: 0,size=4194304]} | ret=SUCCESS |  
2019-08-24 07:08:38,053 [grpc-default-executor-1] INFO  client.GrpcClientProtocolClient (GrpcClientProtocolClient.java:onNext(255)) - client-6EDD19400D46->06a4573b-67a1-41e3-a350-f896363bc636: receive RaftClientReply:client-6EDD19400D46->06a4573b-67a1-41e3-a350-f896363bc636@group-757E3781CD2A, cid=2455, SUCCESS, logIndex=3637, commits[06a4573b-67a1-41e3-a350-f896363bc636:c3638, 0b725bbf-683b-4664-9a2e-3c9dd6e38bc1:c3635, 9193e3b7-ae04-484d-a740-c65c11559486:c3635]
2019-08-24 07:08:38,053 [grpc-default-executor-1] INFO  client.GrpcClientProtocolClient (GrpcClientProtocolClient.java:onNext(255)) - client-6EDD19400D46->06a4573b-67a1-41e3-a350-f896363bc636: receive RaftClientReply:client-6EDD19400D46->06a4573b-67a1-41e3-a350-f896363bc636@group-757E3781CD2A, cid=2456, SUCCESS, logIndex=3638, commits[06a4573b-67a1-41e3-a350-f896363bc636:c3638, 0b725bbf-683b-4664-9a2e-3c9dd6e38bc1:c3635, 9193e3b7-ae04-484d-a740-c65c11559486:c3635]
2019-08-24 07:08:38,064 | INFO  | DNAudit | user=null | ip=null | op=WRITE_CHUNK {blockData=conID: 2 locID: 102670697619063372 bcsId: 3634} | ret=SUCCESS |  
2019-08-24 07:08:38,064 | INFO  | DNAudit | user=null | ip=null | op=WRITE_CHUNK {blockData=conID: 2 locID: 102670697619063372 bcsId: 3634} | ret=SUCCESS |  
2019-08-24 07:08:38,067 | INFO  | DNAudit | user=null | ip=null | op=PUT_BLOCK {blockData=[blockId=conID: 2 locID: 102670697619063372 bcsId: 0,size=4194304]} | ret=SUCCESS |  
2019-08-24 07:08:38,067 | INFO  | DNAudit | user=null | ip=null | op=PUT_BLOCK {blockData=[blockId=conID: 2 locID: 102670697619063372 bcsId: 0,size=4194304]} | ret=SUCCESS |  
2019-08-24 07:08:38,068 [grpc-default-executor-2] INFO  client.GrpcClientProtocolClient (GrpcClientProtocolClient.java:onNext(255)) - client-6EDD19400D46->06a4573b-67a1-41e3-a350-f896363bc636: receive RaftClientReply:client-6EDD19400D46->06a4573b-67a1-41e3-a350-f896363bc636@group-757E3781CD2A, cid=2457, SUCCESS, logIndex=0, commits[06a4573b-67a1-41e3-a350-f896363bc636:c3640, 0b725bbf-683b-4664-9a2e-3c9dd6e38bc1:c3638, 9193e3b7-ae04-484d-a740-c65c11559486:c3638]
2019-08-24 07:08:38,072 | INFO  | SCMAudit | user=jenkins1000 | ip=192.168.69.125 | op=ALLOCATE_BLOCK {owner=61bacca8-15b6-4a50-8962-5e9786b18b0d, size=4194304, type=RATIS, factor=THREE} | ret=SUCCESS |  
2019-08-24 07:08:38,076 | INFO  | OMAudit | user=jenkins1000 | ip=127.0.0.1 | op=ALLOCATE_BLOCK {volume=vol-0-26988, bucket=bucket-0-20739, key=key-0-27353, dataSize=0, replicationType=null, replicationFactor=null, keyLocationInfo=null, clientID=102670695851229586} | ret=SUCCESS |  
2019-08-24 07:08:38,083 | INFO  | DNAudit | user=null | ip=null | op=WRITE_CHUNK {blockData=conID: 3 locID: 102670697632367181 bcsId: 0} | ret=SUCCESS |  
2019-08-24 07:08:38,085 | INFO  | DNAudit | user=null | ip=null | op=WRITE_CHUNK {blockData=conID: 3 locID: 102670697632367181 bcsId: 0} | ret=SUCCESS |  
2019-08-24 07:08:38,087 | INFO  | DNAudit | user=null | ip=null | op=WRITE_CHUNK {blockData=conID: 3 locID: 102670697632367181 bcsId: 0} | ret=SUCCESS |  
2019-08-24 07:08:38,087 | INFO  | DNAudit | user=null | ip=null | op=WRITE_CHUNK {blockData=conID: 3 locID: 102670697632367181 bcsId: 0} | ret=SUCCESS |  
2019-08-24 07:08:38,088 | INFO  | DNAudit | user=null | ip=null | op=WRITE_CHUNK {blockData=conID: 3 locID: 102670697632367181 bcsId: 0} | ret=SUCCESS |  
2019-08-24 07:08:38,088 | INFO  | DNAudit | user=null | ip=null | op=WRITE_CHUNK {blockData=conID: 3 locID: 102670697632367181 bcsId: 0} | ret=SUCCESS |  
2019-08-24 07:08:38,098 | INFO  | DNAudit | user=null | ip=null | op=WRITE_CHUNK {blockData=conID: 3 locID: 102670697632367181 bcsId: 0} | ret=SUCCESS |  
2019-08-24 07:08:38,098 | INFO  | DNAudit | user=null | ip=null | op=PUT_BLOCK {blockData=[blockId=conID: 3 locID: 102670697632367181 bcsId: 0,size=1048576]} | ret=SUCCESS |  
2019-08-24 07:08:38,099 | INFO  | DNAudit | user=null | ip=null | op=WRITE_CHUNK {blockData=conID: 3 locID: 102670697632367181 bcsId: 0} | ret=SUCCESS |  
2019-08-24 07:08:38,099 [grpc-default-executor-1] INFO  client.GrpcClientProtocolClient (GrpcClientProtocolClient.java:onNext(255)) - client-6EDD19400D46->06a4573b-67a1-41e3-a350-f896363bc636: receive RaftClientReply:client-6EDD19400D46->06a4573b-67a1-41e3-a350-f896363bc636@group-757E3781CD2A, cid=2458, SUCCESS, logIndex=3641, commits[06a4573b-67a1-41e3-a350-f896363bc636:c3642, 0b725bbf-683b-4664-9a2e-3c9dd6e38bc1:c3640, 9193e3b7-ae04-484d-a740-c65c11559486:c3640]
2019-08-24 07:08:38,099 | INFO  | DNAudit | user=null | ip=null | op=PUT_BLOCK {blockData=[blockId=conID: 3 locID: 102670697632367181 bcsId: 0,size=2097152]} | ret=SUCCESS |  
2019-08-24 07:08:38,099 [grpc-default-executor-1] INFO  client.GrpcClientProtocolClient (GrpcClientProtocolClient.java:onNext(255)) - client-6EDD19400D46->06a4573b-67a1-41e3-a350-f896363bc636: receive RaftClientReply:client-6EDD19400D46->06a4573b-67a1-41e3-a350-f896363bc636@group-757E3781CD2A, cid=2459, SUCCESS, logIndex=3642, commits[06a4573b-67a1-41e3-a350-f896363bc636:c3643, 0b725bbf-683b-4664-9a2e-3c9dd6e38bc1:c3640, 9193e3b7-ae04-484d-a740-c65c11559486:c3640]
2019-08-24 07:08:38,100 [grpc-default-executor-1] INFO  client.GrpcClientProtocolClient (GrpcClientProtocolClient.java:onNext(255)) - client-6EDD19400D46->06a4573b-67a1-41e3-a350-f896363bc636: receive RaftClientReply:client-6EDD19400D46->06a4573b-67a1-41e3-a350-f896363bc636@group-757E3781CD2A, cid=2460, SUCCESS, logIndex=3643, commits[06a4573b-67a1-41e3-a350-f896363bc636:c3644, 0b725bbf-683b-4664-9a2e-3c9dd6e38bc1:c3640, 9193e3b7-ae04-484d-a740-c65c11559486:c3640]
2019-08-24 07:08:38,100 [grpc-default-executor-1] INFO  client.GrpcClientProtocolClient (GrpcClientProtocolClient.java:onNext(255)) - client-6EDD19400D46->06a4573b-67a1-41e3-a350-f896363bc636: receive RaftClientReply:client-6EDD19400D46->06a4573b-67a1-41e3-a350-f896363bc636@group-757E3781CD2A, cid=2461, SUCCESS, logIndex=3644, commits[06a4573b-67a1-41e3-a350-f896363bc636:c3644, 0b725bbf-683b-4664-9a2e-3c9dd6e38bc1:c3640, 9193e3b7-ae04-484d-a740-c65c11559486:c3640]
2019-08-24 07:08:38,110 | INFO  | DNAudit | user=null | ip=null | op=WRITE_CHUNK {blockData=conID: 3 locID: 102670697632367181 bcsId: 0} | ret=SUCCESS |  
2019-08-24 07:08:38,111 | INFO  | DNAudit | user=null | ip=null | op=WRITE_CHUNK {blockData=conID: 3 locID: 102670697632367181 bcsId: 0} | ret=SUCCESS |  
2019-08-24 07:08:38,111 | INFO  | DNAudit | user=null | ip=null | op=PUT_BLOCK {blockData=[blockId=conID: 3 locID: 102670697632367181 bcsId: 0,size=1048576]} | ret=SUCCESS |  
2019-08-24 07:08:38,123 | INFO  | DNAudit | user=null | ip=null | op=WRITE_CHUNK {blockData=conID: 3 locID: 102670697632367181 bcsId: 0} | ret=SUCCESS |  
2019-08-24 07:08:38,123 | INFO  | DNAudit | user=null | ip=null | op=PUT_BLOCK {blockData=[blockId=conID: 3 locID: 102670697632367181 bcsId: 0,size=1048576]} | ret=SUCCESS |  
2019-08-24 07:08:38,123 | INFO  | DNAudit | user=null | ip=null | op=PUT_BLOCK {blockData=[blockId=conID: 3 locID: 102670697632367181 bcsId: 0,size=2097152]} | ret=SUCCESS |  
2019-08-24 07:08:38,123 | INFO  | DNAudit | user=null | ip=null | op=WRITE_CHUNK {blockData=conID: 3 locID: 102670697632367181 bcsId: 0} | ret=SUCCESS |  
2019-08-24 07:08:38,124 | INFO  | DNAudit | user=null | ip=null | op=PUT_BLOCK {blockData=[blockId=conID: 3 locID: 102670697632367181 bcsId: 0,size=2097152]} | ret=SUCCESS |  
2019-08-24 07:08:38,124 [grpc-default-executor-0] INFO  client.GrpcClientProtocolClient (GrpcClientProtocolClient.java:onNext(255)) - client-6EDD19400D46->06a4573b-67a1-41e3-a350-f896363bc636: receive RaftClientReply:client-6EDD19400D46->06a4573b-67a1-41e3-a350-f896363bc636@group-757E3781CD2A, cid=2462, SUCCESS, logIndex=0, commits[06a4573b-67a1-41e3-a350-f896363bc636:c3647, 0b725bbf-683b-4664-9a2e-3c9dd6e38bc1:c3642, 9193e3b7-ae04-484d-a740-c65c11559486:c3643]
2019-08-24 07:08:38,131 | INFO  | DNAudit | user=null | ip=null | op=WRITE_CHUNK {blockData=conID: 3 locID: 102670697632367181 bcsId: 3644} | ret=SUCCESS |  
2019-08-24 07:08:38,134 | INFO  | DNAudit | user=null | ip=null | op=WRITE_CHUNK {blockData=conID: 3 locID: 102670697632367181 bcsId: 3644} | ret=SUCCESS |  
2019-08-24 07:08:38,134 | INFO  | DNAudit | user=null | ip=null | op=WRITE_CHUNK {blockData=conID: 3 locID: 102670697632367181 bcsId: 3644} | ret=SUCCESS |  
2019-08-24 07:08:38,146 | INFO  | DNAudit | user=null | ip=null | op=WRITE_CHUNK {blockData=conID: 3 locID: 102670697632367181 bcsId: 3644} | ret=SUCCESS |  
2019-08-24 07:08:38,146 | INFO  | DNAudit | user=null | ip=null | op=PUT_BLOCK {blockData=[blockId=conID: 3 locID: 102670697632367181 bcsId: 0,size=3145728]} | ret=SUCCESS |  
2019-08-24 07:08:38,146 [grpc-default-executor-2] INFO  client.GrpcClientProtocolClient (GrpcClientProtocolClient.java:onNext(255)) - client-6EDD19400D46->06a4573b-67a1-41e3-a350-f896363bc636: receive RaftClientReply:client-6EDD19400D46->06a4573b-67a1-41e3-a350-f896363bc636@group-757E3781CD2A, cid=2463, SUCCESS, logIndex=3649, commits[06a4573b-67a1-41e3-a350-f896363bc636:c3650, 0b725bbf-683b-4664-9a2e-3c9dd6e38bc1:c3648, 9193e3b7-ae04-484d-a740-c65c11559486:c3648]
2019-08-24 07:08:38,147 [grpc-default-executor-2] INFO  client.GrpcClientProtocolClient (GrpcClientProtocolClient.java:onNext(255)) - client-6EDD19400D46->06a4573b-67a1-41e3-a350-f896363bc636: receive RaftClientReply:client-6EDD19400D46->06a4573b-67a1-41e3-a350-f896363bc636@group-757E3781CD2A, cid=2464, SUCCESS, logIndex=3650, commits[06a4573b-67a1-41e3-a350-f896363bc636:c3650, 0b725bbf-683b-4664-9a2e-3c9dd6e38bc1:c3648, 9193e3b7-ae04-484d-a740-c65c11559486:c3648]
2019-08-24 07:08:38,153 | INFO  | DNAudit | user=null | ip=null | op=WRITE_CHUNK {blockData=conID: 3 locID: 102670697632367181 bcsId: 3650} | ret=SUCCESS |  
2019-08-24 07:08:38,155 | INFO  | DNAudit | user=null | ip=null | op=WRITE_CHUNK {blockData=conID: 3 locID: 102670697632367181 bcsId: 3650} | ret=SUCCESS |  
2019-08-24 07:08:38,156 | INFO  | DNAudit | user=null | ip=null | op=WRITE_CHUNK {blockData=conID: 3 locID: 102670697632367181 bcsId: 3650} | ret=SUCCESS |  
2019-08-24 07:08:38,159 | INFO  | DNAudit | user=null | ip=null | op=WRITE_CHUNK {blockData=conID: 3 locID: 102670697632367181 bcsId: 3644} | ret=SUCCESS |  
2019-08-24 07:08:38,159 | INFO  | DNAudit | user=null | ip=null | op=WRITE_CHUNK {blockData=conID: 3 locID: 102670697632367181 bcsId: 3644} | ret=SUCCESS |  
2019-08-24 07:08:38,172 | INFO  | DNAudit | user=null | ip=null | op=PUT_BLOCK {blockData=[blockId=conID: 3 locID: 102670697632367181 bcsId: 0,size=3145728]} | ret=SUCCESS |  
2019-08-24 07:08:38,172 | INFO  | DNAudit | user=null | ip=null | op=PUT_BLOCK {blockData=[blockId=conID: 3 locID: 102670697632367181 bcsId: 0,size=3145728]} | ret=SUCCESS |  
2019-08-24 07:08:38,172 | INFO  | DNAudit | user=null | ip=null | op=WRITE_CHUNK {blockData=conID: 3 locID: 102670697632367181 bcsId: 3650} | ret=SUCCESS |  
2019-08-24 07:08:38,173 | INFO  | DNAudit | user=null | ip=null | op=PUT_BLOCK {blockData=[blockId=conID: 3 locID: 102670697632367181 bcsId: 0,size=4194304]} | ret=SUCCESS |  
2019-08-24 07:08:38,173 [grpc-default-executor-0] INFO  client.GrpcClientProtocolClient (GrpcClientProtocolClient.java:onNext(255)) - client-6EDD19400D46->06a4573b-67a1-41e3-a350-f896363bc636: receive RaftClientReply:client-6EDD19400D46->06a4573b-67a1-41e3-a350-f896363bc636@group-757E3781CD2A, cid=2465, SUCCESS, logIndex=3653, commits[06a4573b-67a1-41e3-a350-f896363bc636:c3653, 0b725bbf-683b-4664-9a2e-3c9dd6e38bc1:c3650, 9193e3b7-ae04-484d-a740-c65c11559486:c3650]
2019-08-24 07:08:38,173 [grpc-default-executor-0] INFO  client.GrpcClientProtocolClient (GrpcClientProtocolClient.java:onNext(255)) - client-6EDD19400D46->06a4573b-67a1-41e3-a350-f896363bc636: receive RaftClientReply:client-6EDD19400D46->06a4573b-67a1-41e3-a350-f896363bc636@group-757E3781CD2A, cid=2466, SUCCESS, logIndex=3654, commits[06a4573b-67a1-41e3-a350-f896363bc636:c3654, 0b725bbf-683b-4664-9a2e-3c9dd6e38bc1:c3650, 9193e3b7-ae04-484d-a740-c65c11559486:c3650]
2019-08-24 07:08:38,185 | INFO  | DNAudit | user=null | ip=null | op=WRITE_CHUNK {blockData=conID: 3 locID: 102670697632367181 bcsId: 3650} | ret=SUCCESS |  
2019-08-24 07:08:38,186 | INFO  | DNAudit | user=null | ip=null | op=WRITE_CHUNK {blockData=conID: 3 locID: 102670697632367181 bcsId: 3650} | ret=SUCCESS |  
2019-08-24 07:08:38,198 | INFO  | DNAudit | user=null | ip=null | op=PUT_BLOCK {blockData=[blockId=conID: 3 locID: 102670697632367181 bcsId: 0,size=4194304]} | ret=SUCCESS |  
2019-08-24 07:08:38,198 | INFO  | DNAudit | user=null | ip=null | op=PUT_BLOCK {blockData=[blockId=conID: 3 locID: 102670697632367181 bcsId: 0,size=4194304]} | ret=SUCCESS |  
2019-08-24 07:08:38,199 [grpc-default-executor-0] INFO  client.GrpcClientProtocolClient (GrpcClientProtocolClient.java:onNext(255)) - client-6EDD19400D46->06a4573b-67a1-41e3-a350-f896363bc636: receive RaftClientReply:client-6EDD19400D46->06a4573b-67a1-41e3-a350-f896363bc636@group-757E3781CD2A, cid=2467, SUCCESS, logIndex=0, commits[06a4573b-67a1-41e3-a350-f896363bc636:c3655, 0b725bbf-683b-4664-9a2e-3c9dd6e38bc1:c3654, 9193e3b7-ae04-484d-a740-c65c11559486:c3654]
2019-08-24 07:08:38,205 | INFO  | SCMAudit | user=jenkins1000 | ip=192.168.69.125 | op=ALLOCATE_BLOCK {owner=61bacca8-15b6-4a50-8962-5e9786b18b0d, size=4194304, type=RATIS, factor=THREE} | ret=SUCCESS |  
2019-08-24 07:08:38,208 | INFO  | OMAudit | user=jenkins1000 | ip=127.0.0.1 | op=ALLOCATE_BLOCK {volume=vol-0-26988, bucket=bucket-0-20739, key=key-0-27353, dataSize=0, replicationType=null, replicationFactor=null, keyLocationInfo=null, clientID=102670695851229586} | ret=SUCCESS |  
2019-08-24 07:08:38,216 | INFO  | DNAudit | user=null | ip=null | op=WRITE_CHUNK {blockData=conID: 1 locID: 102670697641083470 bcsId: 0} | ret=SUCCESS |  
2019-08-24 07:08:38,219 | INFO  | DNAudit | user=null | ip=null | op=WRITE_CHUNK {blockData=conID: 1 locID: 102670697641083470 bcsId: 0} | ret=SUCCESS |  
2019-08-24 07:08:38,219 | INFO  | DNAudit | user=null | ip=null | op=WRITE_CHUNK {blockData=conID: 1 locID: 102670697641083470 bcsId: 0} | ret=SUCCESS |  
2019-08-24 07:08:38,219 | INFO  | DNAudit | user=null | ip=null | op=WRITE_CHUNK {blockData=conID: 1 locID: 102670697641083470 bcsId: 0} | ret=SUCCESS |  
2019-08-24 07:08:38,221 | INFO  | DNAudit | user=null | ip=null | op=WRITE_CHUNK {blockData=conID: 1 locID: 102670697641083470 bcsId: 0} | ret=SUCCESS |  
2019-08-24 07:08:38,221 | INFO  | DNAudit | user=null | ip=null | op=WRITE_CHUNK {blockData=conID: 1 locID: 102670697641083470 bcsId: 0} | ret=SUCCESS |  
2019-08-24 07:08:38,227 | INFO  | DNAudit | user=null | ip=null | op=WRITE_CHUNK {blockData=conID: 1 locID: 102670697641083470 bcsId: 0} | ret=SUCCESS |  
2019-08-24 07:08:38,228 | INFO  | DNAudit | user=null | ip=null | op=PUT_BLOCK {blockData=[blockId=conID: 1 locID: 102670697641083470 bcsId: 0,size=1048576]} | ret=SUCCESS |  
2019-08-24 07:08:38,228 [grpc-default-executor-2] INFO  client.GrpcClientProtocolClient (GrpcClientProtocolClient.java:onNext(255)) - client-6EDD19400D46->06a4573b-67a1-41e3-a350-f896363bc636: receive RaftClientReply:client-6EDD19400D46->06a4573b-67a1-41e3-a350-f896363bc636@group-757E3781CD2A, cid=2468, SUCCESS, logIndex=3657, commits[06a4573b-67a1-41e3-a350-f896363bc636:c3658, 0b725bbf-683b-4664-9a2e-3c9dd6e38bc1:c3656, 9193e3b7-ae04-484d-a740-c65c11559486:c3656]
2019-08-24 07:08:38,228 | INFO  | DNAudit | user=null | ip=null | op=WRITE_CHUNK {blockData=conID: 1 locID: 102670697641083470 bcsId: 0} | ret=SUCCESS |  
2019-08-24 07:08:38,229 | INFO  | DNAudit | user=null | ip=null | op=PUT_BLOCK {blockData=[blockId=conID: 1 locID: 102670697641083470 bcsId: 0,size=2097152]} | ret=SUCCESS |  
2019-08-24 07:08:38,229 [grpc-default-executor-2] INFO  client.GrpcClientProtocolClient (GrpcClientProtocolClient.java:onNext(255)) - client-6EDD19400D46->06a4573b-67a1-41e3-a350-f896363bc636: receive RaftClientReply:client-6EDD19400D46->06a4573b-67a1-41e3-a350-f896363bc636@group-757E3781CD2A, cid=2469, SUCCESS, logIndex=3658, commits[06a4573b-67a1-41e3-a350-f896363bc636:c3660, 0b725bbf-683b-4664-9a2e-3c9dd6e38bc1:c3656, 9193e3b7-ae04-484d-a740-c65c11559486:c3656]
2019-08-24 07:08:38,229 [grpc-default-executor-2] INFO  client.GrpcClientProtocolClient (GrpcClientProtocolClient.java:onNext(255)) - client-6EDD19400D46->06a4573b-67a1-41e3-a350-f896363bc636: receive RaftClientReply:client-6EDD19400D46->06a4573b-67a1-41e3-a350-f896363bc636@group-757E3781CD2A, cid=2470, SUCCESS, logIndex=3659, commits[06a4573b-67a1-41e3-a350-f896363bc636:c3660, 0b725bbf-683b-4664-9a2e-3c9dd6e38bc1:c3656, 9193e3b7-ae04-484d-a740-c65c11559486:c3656]
2019-08-24 07:08:38,229 [grpc-default-executor-2] INFO  client.GrpcClientProtocolClient (GrpcClientProtocolClient.java:onNext(255)) - client-6EDD19400D46->06a4573b-67a1-41e3-a350-f896363bc636: receive RaftClientReply:client-6EDD19400D46->06a4573b-67a1-41e3-a350-f896363bc636@group-757E3781CD2A, cid=2471, SUCCESS, logIndex=3660, commits[06a4573b-67a1-41e3-a350-f896363bc636:c3660, 0b725bbf-683b-4664-9a2e-3c9dd6e38bc1:c3656, 9193e3b7-ae04-484d-a740-c65c11559486:c3656]
2019-08-24 07:08:38,247 | INFO  | DNAudit | user=null | ip=null | op=WRITE_CHUNK {blockData=conID: 1 locID: 102670697641083470 bcsId: 0} | ret=SUCCESS |  
2019-08-24 07:08:38,248 | INFO  | DNAudit | user=null | ip=null | op=WRITE_CHUNK {blockData=conID: 1 locID: 102670697641083470 bcsId: 0} | ret=SUCCESS |  
2019-08-24 07:08:38,248 | INFO  | DNAudit | user=null | ip=null | op=PUT_BLOCK {blockData=[blockId=conID: 1 locID: 102670697641083470 bcsId: 0,size=1048576]} | ret=SUCCESS |  
2019-08-24 07:08:38,249 | INFO  | DNAudit | user=null | ip=null | op=PUT_BLOCK {blockData=[blockId=conID: 1 locID: 102670697641083470 bcsId: 0,size=1048576]} | ret=SUCCESS |  
2019-08-24 07:08:38,249 | INFO  | DNAudit | user=null | ip=null | op=WRITE_CHUNK {blockData=conID: 1 locID: 102670697641083470 bcsId: 0} | ret=SUCCESS |  
2019-08-24 07:08:38,249 | INFO  | DNAudit | user=null | ip=null | op=PUT_BLOCK {blockData=[blockId=conID: 1 locID: 102670697641083470 bcsId: 0,size=2097152]} | ret=SUCCESS |  
2019-08-24 07:08:38,249 | INFO  | DNAudit | user=null | ip=null | op=WRITE_CHUNK {blockData=conID: 1 locID: 102670697641083470 bcsId: 0} | ret=SUCCESS |  
2019-08-24 07:08:38,250 | INFO  | DNAudit | user=null | ip=null | op=PUT_BLOCK {blockData=[blockId=conID: 1 locID: 102670697641083470 bcsId: 0,size=2097152]} | ret=SUCCESS |  
2019-08-24 07:08:38,250 [grpc-default-executor-2] INFO  client.GrpcClientProtocolClient (GrpcClientProtocolClient.java:onNext(255)) - client-6EDD19400D46->06a4573b-67a1-41e3-a350-f896363bc636: receive RaftClientReply:client-6EDD19400D46->06a4573b-67a1-41e3-a350-f896363bc636@group-757E3781CD2A, cid=2472, SUCCESS, logIndex=0, commits[06a4573b-67a1-41e3-a350-f896363bc636:c3662, 0b725bbf-683b-4664-9a2e-3c9dd6e38bc1:c3658, 9193e3b7-ae04-484d-a740-c65c11559486:c3658]
2019-08-24 07:08:38,256 | INFO  | DNAudit | user=null | ip=null | op=WRITE_CHUNK {blockData=conID: 1 locID: 102670697641083470 bcsId: 3660} | ret=SUCCESS |  
2019-08-24 07:08:38,259 | INFO  | DNAudit | user=null | ip=null | op=WRITE_CHUNK {blockData=conID: 1 locID: 102670697641083470 bcsId: 3660} | ret=SUCCESS |  
2019-08-24 07:08:38,259 | INFO  | DNAudit | user=null | ip=null | op=WRITE_CHUNK {blockData=conID: 1 locID: 102670697641083470 bcsId: 3660} | ret=SUCCESS |  
2019-08-24 07:08:38,271 | INFO  | DNAudit | user=null | ip=null | op=WRITE_CHUNK {blockData=conID: 1 locID: 102670697641083470 bcsId: 3660} | ret=SUCCESS |  
2019-08-24 07:08:38,271 | INFO  | DNAudit | user=null | ip=null | op=PUT_BLOCK {blockData=[blockId=conID: 1 locID: 102670697641083470 bcsId: 0,size=3145728]} | ret=SUCCESS |  
2019-08-24 07:08:38,271 [grpc-default-executor-0] INFO  client.GrpcClientProtocolClient (GrpcClientProtocolClient.java:onNext(255)) - client-6EDD19400D46->06a4573b-67a1-41e3-a350-f896363bc636: receive RaftClientReply:client-6EDD19400D46->06a4573b-67a1-41e3-a350-f896363bc636@group-757E3781CD2A, cid=2473, SUCCESS, logIndex=3665, commits[06a4573b-67a1-41e3-a350-f896363bc636:c3666, 0b725bbf-683b-4664-9a2e-3c9dd6e38bc1:c3664, 9193e3b7-ae04-484d-a740-c65c11559486:c3664]
2019-08-24 07:08:38,272 [grpc-default-executor-0] INFO  client.GrpcClientProtocolClient (GrpcClientProtocolClient.java:onNext(255)) - client-6EDD19400D46->06a4573b-67a1-41e3-a350-f896363bc636: receive RaftClientReply:client-6EDD19400D46->06a4573b-67a1-41e3-a350-f896363bc636@group-757E3781CD2A, cid=2474, SUCCESS, logIndex=3666, commits[06a4573b-67a1-41e3-a350-f896363bc636:c3666, 0b725bbf-683b-4664-9a2e-3c9dd6e38bc1:c3664, 9193e3b7-ae04-484d-a740-c65c11559486:c3664]
2019-08-24 07:08:38,278 | INFO  | DNAudit | user=null | ip=null | op=WRITE_CHUNK {blockData=conID: 1 locID: 102670697641083470 bcsId: 3666} | ret=SUCCESS |  
2019-08-24 07:08:38,280 | INFO  | DNAudit | user=null | ip=null | op=WRITE_CHUNK {blockData=conID: 1 locID: 102670697641083470 bcsId: 3666} | ret=SUCCESS |  
2019-08-24 07:08:38,280 | INFO  | DNAudit | user=null | ip=null | op=WRITE_CHUNK {blockData=conID: 1 locID: 102670697641083470 bcsId: 3666} | ret=SUCCESS |  
2019-08-24 07:08:38,282 | INFO  | DNAudit | user=null | ip=null | op=WRITE_CHUNK {blockData=conID: 1 locID: 102670697641083470 bcsId: 3660} | ret=SUCCESS |  
2019-08-24 07:08:38,282 | INFO  | DNAudit | user=null | ip=null | op=WRITE_CHUNK {blockData=conID: 1 locID: 102670697641083470 bcsId: 3660} | ret=SUCCESS |  
2019-08-24 07:08:38,284 | INFO  | DNAudit | user=null | ip=null | op=PUT_BLOCK {blockData=[blockId=conID: 1 locID: 102670697641083470 bcsId: 0,size=3145728]} | ret=SUCCESS |  
2019-08-24 07:08:38,284 | INFO  | DNAudit | user=null | ip=null | op=PUT_BLOCK {blockData=[blockId=conID: 1 locID: 102670697641083470 bcsId: 0,size=3145728]} | ret=SUCCESS |  
2019-08-24 07:08:38,285 | INFO  | DNAudit | user=null | ip=null | op=WRITE_CHUNK {blockData=conID: 1 locID: 102670697641083470 bcsId: 3666} | ret=SUCCESS |  
2019-08-24 07:08:38,285 | INFO  | DNAudit | user=null | ip=null | op=PUT_BLOCK {blockData=[blockId=conID: 1 locID: 102670697641083470 bcsId: 0,size=4194304]} | ret=SUCCESS |  
2019-08-24 07:08:38,285 [grpc-default-executor-2] INFO  client.GrpcClientProtocolClient (GrpcClientProtocolClient.java:onNext(255)) - client-6EDD19400D46->06a4573b-67a1-41e3-a350-f896363bc636: receive RaftClientReply:client-6EDD19400D46->06a4573b-67a1-41e3-a350-f896363bc636@group-757E3781CD2A, cid=2475, SUCCESS, logIndex=3669, commits[06a4573b-67a1-41e3-a350-f896363bc636:c3670, 0b725bbf-683b-4664-9a2e-3c9dd6e38bc1:c3666, 9193e3b7-ae04-484d-a740-c65c11559486:c3666]
2019-08-24 07:08:38,286 [grpc-default-executor-2] INFO  client.GrpcClientProtocolClient (GrpcClientProtocolClient.java:onNext(255)) - client-6EDD19400D46->06a4573b-67a1-41e3-a350-f896363bc636: receive RaftClientReply:client-6EDD19400D46->06a4573b-67a1-41e3-a350-f896363bc636@group-757E3781CD2A, cid=2476, SUCCESS, logIndex=3670, commits[06a4573b-67a1-41e3-a350-f896363bc636:c3670, 0b725bbf-683b-4664-9a2e-3c9dd6e38bc1:c3666, 9193e3b7-ae04-484d-a740-c65c11559486:c3666]
2019-08-24 07:08:38,296 | INFO  | DNAudit | user=null | ip=null | op=WRITE_CHUNK {blockData=conID: 1 locID: 102670697641083470 bcsId: 3666} | ret=SUCCESS |  
2019-08-24 07:08:38,296 | INFO  | DNAudit | user=null | ip=null | op=WRITE_CHUNK {blockData=conID: 1 locID: 102670697641083470 bcsId: 3666} | ret=SUCCESS |  
2019-08-24 07:08:38,297 | INFO  | DNAudit | user=null | ip=null | op=PUT_BLOCK {blockData=[blockId=conID: 1 locID: 102670697641083470 bcsId: 0,size=4194304]} | ret=SUCCESS |  
2019-08-24 07:08:38,297 | INFO  | DNAudit | user=null | ip=null | op=PUT_BLOCK {blockData=[blockId=conID: 1 locID: 102670697641083470 bcsId: 0,size=4194304]} | ret=SUCCESS |  
2019-08-24 07:08:38,298 [grpc-default-executor-2] INFO  client.GrpcClientProtocolClient (GrpcClientProtocolClient.java:onNext(255)) - client-6EDD19400D46->06a4573b-67a1-41e3-a350-f896363bc636: receive RaftClientReply:client-6EDD19400D46->06a4573b-67a1-41e3-a350-f896363bc636@group-757E3781CD2A, cid=2477, SUCCESS, logIndex=0, commits[06a4573b-67a1-41e3-a350-f896363bc636:c3671, 0b725bbf-683b-4664-9a2e-3c9dd6e38bc1:c3670, 9193e3b7-ae04-484d-a740-c65c11559486:c3670]
2019-08-24 07:08:38,304 | INFO  | SCMAudit | user=jenkins1000 | ip=192.168.69.125 | op=ALLOCATE_BLOCK {owner=61bacca8-15b6-4a50-8962-5e9786b18b0d, size=4194304, type=RATIS, factor=THREE} | ret=SUCCESS |  
2019-08-24 07:08:38,309 | INFO  | OMAudit | user=jenkins1000 | ip=127.0.0.1 | op=ALLOCATE_BLOCK {volume=vol-0-26988, bucket=bucket-0-20739, key=key-0-27353, dataSize=0, replicationType=null, replicationFactor=null, keyLocationInfo=null, clientID=102670695851229586} | ret=SUCCESS |  
2019-08-24 07:08:38,315 | INFO  | DNAudit | user=null | ip=null | op=WRITE_CHUNK {blockData=conID: 2 locID: 102670697647571535 bcsId: 0} | ret=SUCCESS |  
2019-08-24 07:08:38,317 | INFO  | DNAudit | user=null | ip=null | op=WRITE_CHUNK {blockData=conID: 2 locID: 102670697647571535 bcsId: 0} | ret=SUCCESS |  
2019-08-24 07:08:38,317 | INFO  | DNAudit | user=null | ip=null | op=WRITE_CHUNK {blockData=conID: 2 locID: 102670697647571535 bcsId: 0} | ret=SUCCESS |  
2019-08-24 07:08:38,318 | INFO  | DNAudit | user=null | ip=null | op=WRITE_CHUNK {blockData=conID: 2 locID: 102670697647571535 bcsId: 0} | ret=SUCCESS |  
2019-08-24 07:08:38,319 | INFO  | DNAudit | user=null | ip=null | op=WRITE_CHUNK {blockData=conID: 2 locID: 102670697647571535 bcsId: 0} | ret=SUCCESS |  
2019-08-24 07:08:38,319 | INFO  | DNAudit | user=null | ip=null | op=WRITE_CHUNK {blockData=conID: 2 locID: 102670697647571535 bcsId: 0} | ret=SUCCESS |  
2019-08-24 07:08:38,330 | INFO  | DNAudit | user=null | ip=null | op=WRITE_CHUNK {blockData=conID: 2 locID: 102670697647571535 bcsId: 0} | ret=SUCCESS |  
2019-08-24 07:08:38,330 | INFO  | DNAudit | user=null | ip=null | op=PUT_BLOCK {blockData=[blockId=conID: 2 locID: 102670697647571535 bcsId: 0,size=1048576]} | ret=SUCCESS |  
2019-08-24 07:08:38,330 | INFO  | DNAudit | user=null | ip=null | op=WRITE_CHUNK {blockData=conID: 2 locID: 102670697647571535 bcsId: 0} | ret=SUCCESS |  
2019-08-24 07:08:38,330 [grpc-default-executor-2] INFO  client.GrpcClientProtocolClient (GrpcClientProtocolClient.java:onNext(255)) - client-6EDD19400D46->06a4573b-67a1-41e3-a350-f896363bc636: receive RaftClientReply:client-6EDD19400D46->06a4573b-67a1-41e3-a350-f896363bc636@group-757E3781CD2A, cid=2478, SUCCESS, logIndex=3673, commits[06a4573b-67a1-41e3-a350-f896363bc636:c3676, 0b725bbf-683b-4664-9a2e-3c9dd6e38bc1:c3672, 9193e3b7-ae04-484d-a740-c65c11559486:c3672]
2019-08-24 07:08:38,331 | INFO  | DNAudit | user=null | ip=null | op=PUT_BLOCK {blockData=[blockId=conID: 2 locID: 102670697647571535 bcsId: 0,size=2097152]} | ret=SUCCESS |  
2019-08-24 07:08:38,331 [grpc-default-executor-2] INFO  client.GrpcClientProtocolClient (GrpcClientProtocolClient.java:onNext(255)) - client-6EDD19400D46->06a4573b-67a1-41e3-a350-f896363bc636: receive RaftClientReply:client-6EDD19400D46->06a4573b-67a1-41e3-a350-f896363bc636@group-757E3781CD2A, cid=2479, SUCCESS, logIndex=3674, commits[06a4573b-67a1-41e3-a350-f896363bc636:c3676, 0b725bbf-683b-4664-9a2e-3c9dd6e38bc1:c3672, 9193e3b7-ae04-484d-a740-c65c11559486:c3672]
2019-08-24 07:08:38,331 [grpc-default-executor-2] INFO  client.GrpcClientProtocolClient (GrpcClientProtocolClient.java:onNext(255)) - client-6EDD19400D46->06a4573b-67a1-41e3-a350-f896363bc636: receive RaftClientReply:client-6EDD19400D46->06a4573b-67a1-41e3-a350-f896363bc636@group-757E3781CD2A, cid=2480, SUCCESS, logIndex=3675, commits[06a4573b-67a1-41e3-a350-f896363bc636:c3676, 0b725bbf-683b-4664-9a2e-3c9dd6e38bc1:c3672, 9193e3b7-ae04-484d-a740-c65c11559486:c3672]
2019-08-24 07:08:38,331 [grpc-default-executor-2] INFO  client.GrpcClientProtocolClient (GrpcClientProtocolClient.java:onNext(255)) - client-6EDD19400D46->06a4573b-67a1-41e3-a350-f896363bc636: receive RaftClientReply:client-6EDD19400D46->06a4573b-67a1-41e3-a350-f896363bc636@group-757E3781CD2A, cid=2481, SUCCESS, logIndex=3676, commits[06a4573b-67a1-41e3-a350-f896363bc636:c3676, 0b725bbf-683b-4664-9a2e-3c9dd6e38bc1:c3672, 9193e3b7-ae04-484d-a740-c65c11559486:c3672]
2019-08-24 07:08:38,341 | INFO  | DNAudit | user=null | ip=null | op=WRITE_CHUNK {blockData=conID: 2 locID: 102670697647571535 bcsId: 0} | ret=SUCCESS |  
2019-08-24 07:08:38,341 | INFO  | DNAudit | user=null | ip=null | op=WRITE_CHUNK {blockData=conID: 2 locID: 102670697647571535 bcsId: 0} | ret=SUCCESS |  
2019-08-24 07:08:38,342 | INFO  | DNAudit | user=null | ip=null | op=PUT_BLOCK {blockData=[blockId=conID: 2 locID: 102670697647571535 bcsId: 0,size=1048576]} | ret=SUCCESS |  
2019-08-24 07:08:38,344 | INFO  | DNAudit | user=null | ip=null | op=WRITE_CHUNK {blockData=conID: 2 locID: 102670697647571535 bcsId: 0} | ret=SUCCESS |  
2019-08-24 07:08:38,344 | INFO  | DNAudit | user=null | ip=null | op=PUT_BLOCK {blockData=[blockId=conID: 2 locID: 102670697647571535 bcsId: 0,size=1048576]} | ret=SUCCESS |  
2019-08-24 07:08:38,344 | INFO  | DNAudit | user=null | ip=null | op=PUT_BLOCK {blockData=[blockId=conID: 2 locID: 102670697647571535 bcsId: 0,size=2097152]} | ret=SUCCESS |  
2019-08-24 07:08:38,344 | INFO  | DNAudit | user=null | ip=null | op=WRITE_CHUNK {blockData=conID: 2 locID: 102670697647571535 bcsId: 0} | ret=SUCCESS |  
2019-08-24 07:08:38,345 | INFO  | DNAudit | user=null | ip=null | op=PUT_BLOCK {blockData=[blockId=conID: 2 locID: 102670697647571535 bcsId: 0,size=2097152]} | ret=SUCCESS |  
2019-08-24 07:08:38,345 [grpc-default-executor-1] INFO  client.GrpcClientProtocolClient (GrpcClientProtocolClient.java:onNext(255)) - client-6EDD19400D46->06a4573b-67a1-41e3-a350-f896363bc636: receive RaftClientReply:client-6EDD19400D46->06a4573b-67a1-41e3-a350-f896363bc636@group-757E3781CD2A, cid=2482, SUCCESS, logIndex=0, commits[06a4573b-67a1-41e3-a350-f896363bc636:c3678, 0b725bbf-683b-4664-9a2e-3c9dd6e38bc1:c3674, 9193e3b7-ae04-484d-a740-c65c11559486:c3676]
2019-08-24 07:08:38,350 | INFO  | DNAudit | user=null | ip=null | op=WRITE_CHUNK {blockData=conID: 2 locID: 102670697647571535 bcsId: 3676} | ret=SUCCESS |  
2019-08-24 07:08:38,353 | INFO  | DNAudit | user=null | ip=null | op=WRITE_CHUNK {blockData=conID: 2 locID: 102670697647571535 bcsId: 3676} | ret=SUCCESS |  
2019-08-24 07:08:38,353 | INFO  | DNAudit | user=null | ip=null | op=WRITE_CHUNK {blockData=conID: 2 locID: 102670697647571535 bcsId: 3676} | ret=SUCCESS |  
2019-08-24 07:08:38,363 | INFO  | DNAudit | user=null | ip=null | op=WRITE_CHUNK {blockData=conID: 2 locID: 102670697647571535 bcsId: 3676} | ret=SUCCESS |  
2019-08-24 07:08:38,364 | INFO  | DNAudit | user=null | ip=null | op=PUT_BLOCK {blockData=[blockId=conID: 2 locID: 102670697647571535 bcsId: 0,size=3145728]} | ret=SUCCESS |  
2019-08-24 07:08:38,364 [grpc-default-executor-0] INFO  client.GrpcClientProtocolClient (GrpcClientProtocolClient.java:onNext(255)) - client-6EDD19400D46->06a4573b-67a1-41e3-a350-f896363bc636: receive RaftClientReply:client-6EDD19400D46->06a4573b-67a1-41e3-a350-f896363bc636@group-757E3781CD2A, cid=2483, SUCCESS, logIndex=3680, commits[06a4573b-67a1-41e3-a350-f896363bc636:c3681, 0b725bbf-683b-4664-9a2e-3c9dd6e38bc1:c3679, 9193e3b7-ae04-484d-a740-c65c11559486:c3679]
2019-08-24 07:08:38,364 [grpc-default-executor-0] INFO  client.GrpcClientProtocolClient (GrpcClientProtocolClient.java:onNext(255)) - client-6EDD19400D46->06a4573b-67a1-41e3-a350-f896363bc636: receive RaftClientReply:client-6EDD19400D46->06a4573b-67a1-41e3-a350-f896363bc636@group-757E3781CD2A, cid=2484, SUCCESS, logIndex=3681, commits[06a4573b-67a1-41e3-a350-f896363bc636:c3681, 0b725bbf-683b-4664-9a2e-3c9dd6e38bc1:c3679, 9193e3b7-ae04-484d-a740-c65c11559486:c3679]
2019-08-24 07:08:38,370 | INFO  | DNAudit | user=null | ip=null | op=WRITE_CHUNK {blockData=conID: 2 locID: 102670697647571535 bcsId: 3681} | ret=SUCCESS |  
2019-08-24 07:08:38,372 | INFO  | DNAudit | user=null | ip=null | op=WRITE_CHUNK {blockData=conID: 2 locID: 102670697647571535 bcsId: 3681} | ret=SUCCESS |  
2019-08-24 07:08:38,372 | INFO  | DNAudit | user=null | ip=null | op=WRITE_CHUNK {blockData=conID: 2 locID: 102670697647571535 bcsId: 3681} | ret=SUCCESS |  
2019-08-24 07:08:38,377 | INFO  | DNAudit | user=null | ip=null | op=WRITE_CHUNK {blockData=conID: 2 locID: 102670697647571535 bcsId: 3676} | ret=SUCCESS |  
2019-08-24 07:08:38,377 | INFO  | DNAudit | user=null | ip=null | op=WRITE_CHUNK {blockData=conID: 2 locID: 102670697647571535 bcsId: 3676} | ret=SUCCESS |  
2019-08-24 07:08:38,390 | INFO  | DNAudit | user=null | ip=null | op=PUT_BLOCK {blockData=[blockId=conID: 2 locID: 102670697647571535 bcsId: 0,size=3145728]} | ret=SUCCESS |  
2019-08-24 07:08:38,390 | INFO  | DNAudit | user=null | ip=null | op=PUT_BLOCK {blockData=[blockId=conID: 2 locID: 102670697647571535 bcsId: 0,size=3145728]} | ret=SUCCESS |  
2019-08-24 07:08:38,391 | INFO  | DNAudit | user=null | ip=null | op=WRITE_CHUNK {blockData=conID: 2 locID: 102670697647571535 bcsId: 3681} | ret=SUCCESS |  
2019-08-24 07:08:38,391 | INFO  | DNAudit | user=null | ip=null | op=PUT_BLOCK {blockData=[blockId=conID: 2 locID: 102670697647571535 bcsId: 0,size=4194304]} | ret=SUCCESS |  
2019-08-24 07:08:38,391 [grpc-default-executor-1] INFO  client.GrpcClientProtocolClient (GrpcClientProtocolClient.java:onNext(255)) - client-6EDD19400D46->06a4573b-67a1-41e3-a350-f896363bc636: receive RaftClientReply:client-6EDD19400D46->06a4573b-67a1-41e3-a350-f896363bc636@group-757E3781CD2A, cid=2485, SUCCESS, logIndex=3684, commits[06a4573b-67a1-41e3-a350-f896363bc636:c3685, 0b725bbf-683b-4664-9a2e-3c9dd6e38bc1:c3681, 9193e3b7-ae04-484d-a740-c65c11559486:c3681]
2019-08-24 07:08:38,392 [grpc-default-executor-1] INFO  client.GrpcClientProtocolClient (GrpcClientProtocolClient.java:onNext(255)) - client-6EDD19400D46->06a4573b-67a1-41e3-a350-f896363bc636: receive RaftClientReply:client-6EDD19400D46->06a4573b-67a1-41e3-a350-f896363bc636@group-757E3781CD2A, cid=2486, SUCCESS, logIndex=3685, commits[06a4573b-67a1-41e3-a350-f896363bc636:c3685, 0b725bbf-683b-4664-9a2e-3c9dd6e38bc1:c3681, 9193e3b7-ae04-484d-a740-c65c11559486:c3681]
2019-08-24 07:08:38,404 | INFO  | DNAudit | user=null | ip=null | op=WRITE_CHUNK {blockData=conID: 2 locID: 102670697647571535 bcsId: 3681} | ret=SUCCESS |  
2019-08-24 07:08:38,404 | INFO  | DNAudit | user=null | ip=null | op=WRITE_CHUNK {blockData=conID: 2 locID: 102670697647571535 bcsId: 3681} | ret=SUCCESS |  
2019-08-24 07:08:38,404 | INFO  | DNAudit | user=null | ip=null | op=PUT_BLOCK {blockData=[blockId=conID: 2 locID: 102670697647571535 bcsId: 0,size=4194304]} | ret=SUCCESS |  
2019-08-24 07:08:38,404 | INFO  | DNAudit | user=null | ip=null | op=PUT_BLOCK {blockData=[blockId=conID: 2 locID: 102670697647571535 bcsId: 0,size=4194304]} | ret=SUCCESS |  
2019-08-24 07:08:38,404 [grpc-default-executor-0] INFO  client.GrpcClientProtocolClient (GrpcClientProtocolClient.java:onNext(255)) - client-6EDD19400D46->06a4573b-67a1-41e3-a350-f896363bc636: receive RaftClientReply:client-6EDD19400D46->06a4573b-67a1-41e3-a350-f896363bc636@group-757E3781CD2A, cid=2487, SUCCESS, logIndex=0, commits[06a4573b-67a1-41e3-a350-f896363bc636:c3685, 0b725bbf-683b-4664-9a2e-3c9dd6e38bc1:c3685, 9193e3b7-ae04-484d-a740-c65c11559486:c3685]
2019-08-24 07:08:38,410 | INFO  | SCMAudit | user=jenkins1000 | ip=192.168.69.125 | op=ALLOCATE_BLOCK {owner=61bacca8-15b6-4a50-8962-5e9786b18b0d, size=4194304, type=RATIS, factor=THREE} | ret=SUCCESS |  
2019-08-24 07:08:38,414 | INFO  | OMAudit | user=jenkins1000 | ip=127.0.0.1 | op=ALLOCATE_BLOCK {volume=vol-0-26988, bucket=bucket-0-20739, key=key-0-27353, dataSize=0, replicationType=null, replicationFactor=null, keyLocationInfo=null, clientID=102670695851229586} | ret=SUCCESS |  
2019-08-24 07:08:38,421 | INFO  | DNAudit | user=null | ip=null | op=WRITE_CHUNK {blockData=conID: 3 locID: 102670697654518352 bcsId: 0} | ret=SUCCESS |  
2019-08-24 07:08:38,424 | INFO  | DNAudit | user=null | ip=null | op=WRITE_CHUNK {blockData=conID: 3 locID: 102670697654518352 bcsId: 0} | ret=SUCCESS |  
2019-08-24 07:08:38,424 | INFO  | DNAudit | user=null | ip=null | op=WRITE_CHUNK {blockData=conID: 3 locID: 102670697654518352 bcsId: 0} | ret=SUCCESS |  
2019-08-24 07:08:38,424 | INFO  | DNAudit | user=null | ip=null | op=WRITE_CHUNK {blockData=conID: 3 locID: 102670697654518352 bcsId: 0} | ret=SUCCESS |  
2019-08-24 07:08:38,426 | INFO  | DNAudit | user=null | ip=null | op=WRITE_CHUNK {blockData=conID: 3 locID: 102670697654518352 bcsId: 0} | ret=SUCCESS |  
2019-08-24 07:08:38,427 | INFO  | DNAudit | user=null | ip=null | op=WRITE_CHUNK {blockData=conID: 3 locID: 102670697654518352 bcsId: 0} | ret=SUCCESS |  
2019-08-24 07:08:38,436 | INFO  | DNAudit | user=null | ip=null | op=WRITE_CHUNK {blockData=conID: 3 locID: 102670697654518352 bcsId: 0} | ret=SUCCESS |  
2019-08-24 07:08:38,436 | INFO  | DNAudit | user=null | ip=null | op=PUT_BLOCK {blockData=[blockId=conID: 3 locID: 102670697654518352 bcsId: 0,size=1048576]} | ret=SUCCESS |  
2019-08-24 07:08:38,436 [grpc-default-executor-0] INFO  client.GrpcClientProtocolClient (GrpcClientProtocolClient.java:onNext(255)) - client-6EDD19400D46->06a4573b-67a1-41e3-a350-f896363bc636: receive RaftClientReply:client-6EDD19400D46->06a4573b-67a1-41e3-a350-f896363bc636@group-757E3781CD2A, cid=2488, SUCCESS, logIndex=3688, commits[06a4573b-67a1-41e3-a350-f896363bc636:c3689, 0b725bbf-683b-4664-9a2e-3c9dd6e38bc1:c3687, 9193e3b7-ae04-484d-a740-c65c11559486:c3687]
2019-08-24 07:08:38,437 [grpc-default-executor-0] INFO  client.GrpcClientProtocolClient (GrpcClientProtocolClient.java:onNext(255)) - client-6EDD19400D46->06a4573b-67a1-41e3-a350-f896363bc636: receive RaftClientReply:client-6EDD19400D46->06a4573b-67a1-41e3-a350-f896363bc636@group-757E3781CD2A, cid=2489, SUCCESS, logIndex=3689, commits[06a4573b-67a1-41e3-a350-f896363bc636:c3689, 0b725bbf-683b-4664-9a2e-3c9dd6e38bc1:c3687, 9193e3b7-ae04-484d-a740-c65c11559486:c3687]
2019-08-24 07:08:38,446 | INFO  | DNAudit | user=null | ip=null | op=WRITE_CHUNK {blockData=conID: 3 locID: 102670697654518352 bcsId: 0} | ret=SUCCESS |  
2019-08-24 07:08:38,446 | INFO  | DNAudit | user=null | ip=null | op=PUT_BLOCK {blockData=[blockId=conID: 3 locID: 102670697654518352 bcsId: 0,size=2097152]} | ret=SUCCESS |  
2019-08-24 07:08:38,446 [grpc-default-executor-1] INFO  client.GrpcClientProtocolClient (GrpcClientProtocolClient.java:onNext(255)) - client-6EDD19400D46->06a4573b-67a1-41e3-a350-f896363bc636: receive RaftClientReply:client-6EDD19400D46->06a4573b-67a1-41e3-a350-f896363bc636@group-757E3781CD2A, cid=2490, SUCCESS, logIndex=3690, commits[06a4573b-67a1-41e3-a350-f896363bc636:c3691, 0b725bbf-683b-4664-9a2e-3c9dd6e38bc1:c3687, 9193e3b7-ae04-484d-a740-c65c11559486:c3687]
2019-08-24 07:08:38,447 [grpc-default-executor-1] INFO  client.GrpcClientProtocolClient (GrpcClientProtocolClient.java:onNext(255)) - client-6EDD19400D46->06a4573b-67a1-41e3-a350-f896363bc636: receive RaftClientReply:client-6EDD19400D46->06a4573b-67a1-41e3-a350-f896363bc636@group-757E3781CD2A, cid=2491, SUCCESS, logIndex=3691, commits[06a4573b-67a1-41e3-a350-f896363bc636:c3691, 0b725bbf-683b-4664-9a2e-3c9dd6e38bc1:c3687, 9193e3b7-ae04-484d-a740-c65c11559486:c3687]
2019-08-24 07:08:38,448 | INFO  | DNAudit | user=null | ip=null | op=WRITE_CHUNK {blockData=conID: 3 locID: 102670697654518352 bcsId: 0} | ret=SUCCESS |  
2019-08-24 07:08:38,467 | INFO  | DNAudit | user=null | ip=null | op=PUT_BLOCK {blockData=[blockId=conID: 3 locID: 102670697654518352 bcsId: 0,size=1048576]} | ret=SUCCESS |  
2019-08-24 07:08:38,468 | INFO  | DNAudit | user=null | ip=null | op=WRITE_CHUNK {blockData=conID: 3 locID: 102670697654518352 bcsId: 0} | ret=SUCCESS |  
2019-08-24 07:08:38,468 | INFO  | DNAudit | user=null | ip=null | op=PUT_BLOCK {blockData=[blockId=conID: 3 locID: 102670697654518352 bcsId: 0,size=1048576]} | ret=SUCCESS |  
2019-08-24 07:08:38,468 | INFO  | DNAudit | user=null | ip=null | op=WRITE_CHUNK {blockData=conID: 3 locID: 102670697654518352 bcsId: 0} | ret=SUCCESS |  
2019-08-24 07:08:38,468 | INFO  | DNAudit | user=null | ip=null | op=PUT_BLOCK {blockData=[blockId=conID: 3 locID: 102670697654518352 bcsId: 0,size=2097152]} | ret=SUCCESS |  
2019-08-24 07:08:38,468 | INFO  | DNAudit | user=null | ip=null | op=WRITE_CHUNK {blockData=conID: 3 locID: 102670697654518352 bcsId: 0} | ret=SUCCESS |  
2019-08-24 07:08:38,468 [grpc-default-executor-1] INFO  client.GrpcClientProtocolClient (GrpcClientProtocolClient.java:onNext(255)) - client-6EDD19400D46->06a4573b-67a1-41e3-a350-f896363bc636: receive RaftClientReply:client-6EDD19400D46->06a4573b-67a1-41e3-a350-f896363bc636@group-757E3781CD2A, cid=2492, SUCCESS, logIndex=0, commits[06a4573b-67a1-41e3-a350-f896363bc636:c3693, 0b725bbf-683b-4664-9a2e-3c9dd6e38bc1:c3689, 9193e3b7-ae04-484d-a740-c65c11559486:c3689]
2019-08-24 07:08:38,468 | INFO  | DNAudit | user=null | ip=null | op=PUT_BLOCK {blockData=[blockId=conID: 3 locID: 102670697654518352 bcsId: 0,size=2097152]} | ret=SUCCESS |  
2019-08-24 07:08:38,475 | INFO  | DNAudit | user=null | ip=null | op=WRITE_CHUNK {blockData=conID: 3 locID: 102670697654518352 bcsId: 3691} | ret=SUCCESS |  
2019-08-24 07:08:38,478 | INFO  | DNAudit | user=null | ip=null | op=WRITE_CHUNK {blockData=conID: 3 locID: 102670697654518352 bcsId: 3691} | ret=SUCCESS |  
2019-08-24 07:08:38,478 | INFO  | DNAudit | user=null | ip=null | op=WRITE_CHUNK {blockData=conID: 3 locID: 102670697654518352 bcsId: 3691} | ret=SUCCESS |  
2019-08-24 07:08:38,502 | INFO  | DNAudit | user=null | ip=null | op=WRITE_CHUNK {blockData=conID: 3 locID: 102670697654518352 bcsId: 3691} | ret=SUCCESS |  
2019-08-24 07:08:38,503 | INFO  | DNAudit | user=null | ip=null | op=PUT_BLOCK {blockData=[blockId=conID: 3 locID: 102670697654518352 bcsId: 0,size=3145728]} | ret=SUCCESS |  
2019-08-24 07:08:38,503 [grpc-default-executor-0] INFO  client.GrpcClientProtocolClient (GrpcClientProtocolClient.java:onNext(255)) - client-6EDD19400D46->06a4573b-67a1-41e3-a350-f896363bc636: receive RaftClientReply:client-6EDD19400D46->06a4573b-67a1-41e3-a350-f896363bc636@group-757E3781CD2A, cid=2493, SUCCESS, logIndex=3695, commits[06a4573b-67a1-41e3-a350-f896363bc636:c3696, 0b725bbf-683b-4664-9a2e-3c9dd6e38bc1:c3694, 9193e3b7-ae04-484d-a740-c65c11559486:c3694]
2019-08-24 07:08:38,503 [grpc-default-executor-0] INFO  client.GrpcClientProtocolClient (GrpcClientProtocolClient.java:onNext(255)) - client-6EDD19400D46->06a4573b-67a1-41e3-a350-f896363bc636: receive RaftClientReply:client-6EDD19400D46->06a4573b-67a1-41e3-a350-f896363bc636@group-757E3781CD2A, cid=2494, SUCCESS, logIndex=3696, commits[06a4573b-67a1-41e3-a350-f896363bc636:c3696, 0b725bbf-683b-4664-9a2e-3c9dd6e38bc1:c3694, 9193e3b7-ae04-484d-a740-c65c11559486:c3694]
2019-08-24 07:08:38,511 | INFO  | DNAudit | user=null | ip=null | op=WRITE_CHUNK {blockData=conID: 3 locID: 102670697654518352 bcsId: 3696} | ret=SUCCESS |  
2019-08-24 07:08:38,515 | INFO  | DNAudit | user=null | ip=null | op=WRITE_CHUNK {blockData=conID: 3 locID: 102670697654518352 bcsId: 3696} | ret=SUCCESS |  
2019-08-24 07:08:38,515 | INFO  | DNAudit | user=null | ip=null | op=WRITE_CHUNK {blockData=conID: 3 locID: 102670697654518352 bcsId: 3696} | ret=SUCCESS |  
2019-08-24 07:08:38,527 | INFO  | DNAudit | user=null | ip=null | op=WRITE_CHUNK {blockData=conID: 3 locID: 102670697654518352 bcsId: 3691} | ret=SUCCESS |  
2019-08-24 07:08:38,527 | INFO  | DNAudit | user=null | ip=null | op=WRITE_CHUNK {blockData=conID: 3 locID: 102670697654518352 bcsId: 3691} | ret=SUCCESS |  
2019-08-24 07:08:38,527 | INFO  | DNAudit | user=null | ip=null | op=PUT_BLOCK {blockData=[blockId=conID: 3 locID: 102670697654518352 bcsId: 0,size=3145728]} | ret=SUCCESS |  
2019-08-24 07:08:38,530 | INFO  | DNAudit | user=null | ip=null | op=WRITE_CHUNK {blockData=conID: 3 locID: 102670697654518352 bcsId: 3696} | ret=SUCCESS |  
2019-08-24 07:08:38,531 | INFO  | DNAudit | user=null | ip=null | op=PUT_BLOCK {blockData=[blockId=conID: 3 locID: 102670697654518352 bcsId: 0,size=4194304]} | ret=SUCCESS |  
2019-08-24 07:08:38,531 [grpc-default-executor-1] INFO  client.GrpcClientProtocolClient (GrpcClientProtocolClient.java:onNext(255)) - client-6EDD19400D46->06a4573b-67a1-41e3-a350-f896363bc636: receive RaftClientReply:client-6EDD19400D46->06a4573b-67a1-41e3-a350-f896363bc636@group-757E3781CD2A, cid=2495, SUCCESS, logIndex=3699, commits[06a4573b-67a1-41e3-a350-f896363bc636:c3700, 0b725bbf-683b-4664-9a2e-3c9dd6e38bc1:c3695, 9193e3b7-ae04-484d-a740-c65c11559486:c3696]
2019-08-24 07:08:38,531 [grpc-default-executor-1] INFO  client.GrpcClientProtocolClient (GrpcClientProtocolClient.java:onNext(255)) - client-6EDD19400D46->06a4573b-67a1-41e3-a350-f896363bc636: receive RaftClientReply:client-6EDD19400D46->06a4573b-67a1-41e3-a350-f896363bc636@group-757E3781CD2A, cid=2496, SUCCESS, logIndex=3700, commits[06a4573b-67a1-41e3-a350-f896363bc636:c3700, 0b725bbf-683b-4664-9a2e-3c9dd6e38bc1:c3695, 9193e3b7-ae04-484d-a740-c65c11559486:c3696]
2019-08-24 07:08:38,576 | INFO  | DNAudit | user=null | ip=null | op=PUT_BLOCK {blockData=[blockId=conID: 3 locID: 102670697654518352 bcsId: 0,size=3145728]} | ret=SUCCESS |  
2019-08-24 07:08:38,576 [grpc-default-executor-1] INFO  client.GrpcClientProtocolClient (GrpcClientProtocolClient.java:onNext(255)) - client-6EDD19400D46->06a4573b-67a1-41e3-a350-f896363bc636: receive RaftClientReply:client-6EDD19400D46->06a4573b-67a1-41e3-a350-f896363bc636@group-757E3781CD2A, cid=2497, SUCCESS, logIndex=0, commits[06a4573b-67a1-41e3-a350-f896363bc636:c3700, 0b725bbf-683b-4664-9a2e-3c9dd6e38bc1:c3696, 9193e3b7-ae04-484d-a740-c65c11559486:c3696]
2019-08-24 07:08:38,578 | INFO  | DNAudit | user=null | ip=null | op=WRITE_CHUNK {blockData=conID: 3 locID: 102670697654518352 bcsId: 3696} | ret=SUCCESS |  
2019-08-24 07:08:38,587 | INFO  | DNAudit | user=null | ip=null | op=WRITE_CHUNK {blockData=conID: 3 locID: 102670697654518352 bcsId: 3696} | ret=SUCCESS |  
2019-08-24 07:08:38,587 | INFO  | DNAudit | user=null | ip=null | op=PUT_BLOCK {blockData=[blockId=conID: 3 locID: 102670697654518352 bcsId: 0,size=4194304]} | ret=SUCCESS |  
2019-08-24 07:08:38,588 | INFO  | DNAudit | user=null | ip=null | op=PUT_BLOCK {blockData=[blockId=conID: 3 locID: 102670697654518352 bcsId: 0,size=4194304]} | ret=SUCCESS |  
2019-08-24 07:08:38,588 [grpc-default-executor-1] INFO  client.GrpcClientProtocolClient (GrpcClientProtocolClient.java:onNext(255)) - client-6EDD19400D46->06a4573b-67a1-41e3-a350-f896363bc636: receive RaftClientReply:client-6EDD19400D46->06a4573b-67a1-41e3-a350-f896363bc636@group-757E3781CD2A, cid=2498, SUCCESS, logIndex=0, commits[06a4573b-67a1-41e3-a350-f896363bc636:c3702, 0b725bbf-683b-4664-9a2e-3c9dd6e38bc1:c3700, 9193e3b7-ae04-484d-a740-c65c11559486:c3700]
2019-08-24 07:08:38,595 | INFO  | SCMAudit | user=jenkins1000 | ip=192.168.69.125 | op=ALLOCATE_BLOCK {owner=61bacca8-15b6-4a50-8962-5e9786b18b0d, size=4194304, type=RATIS, factor=THREE} | ret=SUCCESS |  
2019-08-24 07:08:38,600 | INFO  | OMAudit | user=jenkins1000 | ip=127.0.0.1 | op=ALLOCATE_BLOCK {volume=vol-0-26988, bucket=bucket-0-20739, key=key-0-27353, dataSize=0, replicationType=null, replicationFactor=null, keyLocationInfo=null, clientID=102670695851229586} | ret=SUCCESS |  
2019-08-24 07:08:38,609 | INFO  | DNAudit | user=null | ip=null | op=WRITE_CHUNK {blockData=conID: 1 locID: 102670697666642513 bcsId: 0} | ret=SUCCESS |  
2019-08-24 07:08:38,613 | INFO  | DNAudit | user=null | ip=null | op=WRITE_CHUNK {blockData=conID: 1 locID: 102670697666642513 bcsId: 0} | ret=SUCCESS |  
2019-08-24 07:08:38,613 | INFO  | DNAudit | user=null | ip=null | op=WRITE_CHUNK {blockData=conID: 1 locID: 102670697666642513 bcsId: 0} | ret=SUCCESS |  
2019-08-24 07:08:38,613 | INFO  | DNAudit | user=null | ip=null | op=WRITE_CHUNK {blockData=conID: 1 locID: 102670697666642513 bcsId: 0} | ret=SUCCESS |  
2019-08-24 07:08:38,616 | INFO  | DNAudit | user=null | ip=null | op=WRITE_CHUNK {blockData=conID: 1 locID: 102670697666642513 bcsId: 0} | ret=SUCCESS |  
2019-08-24 07:08:38,616 | INFO  | DNAudit | user=null | ip=null | op=WRITE_CHUNK {blockData=conID: 1 locID: 102670697666642513 bcsId: 0} | ret=SUCCESS |  
2019-08-24 07:08:38,622 | INFO  | DNAudit | user=null | ip=null | op=WRITE_CHUNK {blockData=conID: 1 locID: 102670697666642513 bcsId: 0} | ret=SUCCESS |  
2019-08-24 07:08:38,622 | INFO  | DNAudit | user=null | ip=null | op=PUT_BLOCK {blockData=[blockId=conID: 1 locID: 102670697666642513 bcsId: 0,size=1048576]} | ret=SUCCESS |  
2019-08-24 07:08:38,623 [grpc-default-executor-1] INFO  client.GrpcClientProtocolClient (GrpcClientProtocolClient.java:onNext(255)) - client-6EDD19400D46->06a4573b-67a1-41e3-a350-f896363bc636: receive RaftClientReply:client-6EDD19400D46->06a4573b-67a1-41e3-a350-f896363bc636@group-757E3781CD2A, cid=2499, SUCCESS, logIndex=3703, commits[06a4573b-67a1-41e3-a350-f896363bc636:c3704, 0b725bbf-683b-4664-9a2e-3c9dd6e38bc1:c3702, 9193e3b7-ae04-484d-a740-c65c11559486:c3702]
2019-08-24 07:08:38,623 | INFO  | DNAudit | user=null | ip=null | op=WRITE_CHUNK {blockData=conID: 1 locID: 102670697666642513 bcsId: 0} | ret=SUCCESS |  
2019-08-24 07:08:38,623 | INFO  | DNAudit | user=null | ip=null | op=PUT_BLOCK {blockData=[blockId=conID: 1 locID: 102670697666642513 bcsId: 0,size=2097152]} | ret=SUCCESS |  
2019-08-24 07:08:38,623 [grpc-default-executor-1] INFO  client.GrpcClientProtocolClient (GrpcClientProtocolClient.java:onNext(255)) - client-6EDD19400D46->06a4573b-67a1-41e3-a350-f896363bc636: receive RaftClientReply:client-6EDD19400D46->06a4573b-67a1-41e3-a350-f896363bc636@group-757E3781CD2A, cid=2500, SUCCESS, logIndex=3704, commits[06a4573b-67a1-41e3-a350-f896363bc636:c3704, 0b725bbf-683b-4664-9a2e-3c9dd6e38bc1:c3702, 9193e3b7-ae04-484d-a740-c65c11559486:c3702]
2019-08-24 07:08:38,624 [grpc-default-executor-1] INFO  client.GrpcClientProtocolClient (GrpcClientProtocolClient.java:onNext(255)) - client-6EDD19400D46->06a4573b-67a1-41e3-a350-f896363bc636: receive RaftClientReply:client-6EDD19400D46->06a4573b-67a1-41e3-a350-f896363bc636@group-757E3781CD2A, cid=2501, SUCCESS, logIndex=3705, commits[06a4573b-67a1-41e3-a350-f896363bc636:c3706, 0b725bbf-683b-4664-9a2e-3c9dd6e38bc1:c3702, 9193e3b7-ae04-484d-a740-c65c11559486:c3702]
2019-08-24 07:08:38,624 [grpc-default-executor-1] INFO  client.GrpcClientProtocolClient (GrpcClientProtocolClient.java:onNext(255)) - client-6EDD19400D46->06a4573b-67a1-41e3-a350-f896363bc636: receive RaftClientReply:client-6EDD19400D46->06a4573b-67a1-41e3-a350-f896363bc636@group-757E3781CD2A, cid=2502, SUCCESS, logIndex=3706, commits[06a4573b-67a1-41e3-a350-f896363bc636:c3706, 0b725bbf-683b-4664-9a2e-3c9dd6e38bc1:c3702, 9193e3b7-ae04-484d-a740-c65c11559486:c3702]
2019-08-24 07:08:38,626 | INFO  | DNAudit | user=null | ip=null | op=WRITE_CHUNK {blockData=conID: 1 locID: 102670697666642513 bcsId: 0} | ret=SUCCESS |  
2019-08-24 07:08:38,626 | INFO  | DNAudit | user=null | ip=null | op=PUT_BLOCK {blockData=[blockId=conID: 1 locID: 102670697666642513 bcsId: 0,size=1048576]} | ret=SUCCESS |  
2019-08-24 07:08:38,626 | INFO  | DNAudit | user=null | ip=null | op=WRITE_CHUNK {blockData=conID: 1 locID: 102670697666642513 bcsId: 0} | ret=SUCCESS |  
2019-08-24 07:08:38,627 | INFO  | DNAudit | user=null | ip=null | op=PUT_BLOCK {blockData=[blockId=conID: 1 locID: 102670697666642513 bcsId: 0,size=1048576]} | ret=SUCCESS |  
2019-08-24 07:08:38,627 | INFO  | DNAudit | user=null | ip=null | op=WRITE_CHUNK {blockData=conID: 1 locID: 102670697666642513 bcsId: 0} | ret=SUCCESS |  
2019-08-24 07:08:38,627 [grpc-default-executor-1] INFO  client.GrpcClientProtocolClient (GrpcClientProtocolClient.java:onNext(255)) - client-6EDD19400D46->06a4573b-67a1-41e3-a350-f896363bc636: receive RaftClientReply:client-6EDD19400D46->06a4573b-67a1-41e3-a350-f896363bc636@group-757E3781CD2A, cid=2503, SUCCESS, logIndex=0, commits[06a4573b-67a1-41e3-a350-f896363bc636:c3708, 0b725bbf-683b-4664-9a2e-3c9dd6e38bc1:c3704, 9193e3b7-ae04-484d-a740-c65c11559486:c3704]
2019-08-24 07:08:38,627 | INFO  | DNAudit | user=null | ip=null | op=PUT_BLOCK {blockData=[blockId=conID: 1 locID: 102670697666642513 bcsId: 0,size=2097152]} | ret=SUCCESS |  
2019-08-24 07:08:38,627 | INFO  | DNAudit | user=null | ip=null | op=WRITE_CHUNK {blockData=conID: 1 locID: 102670697666642513 bcsId: 0} | ret=SUCCESS |  
2019-08-24 07:08:38,627 | INFO  | DNAudit | user=null | ip=null | op=PUT_BLOCK {blockData=[blockId=conID: 1 locID: 102670697666642513 bcsId: 0,size=2097152]} | ret=SUCCESS |  
2019-08-24 07:08:38,635 | INFO  | DNAudit | user=null | ip=null | op=WRITE_CHUNK {blockData=conID: 1 locID: 102670697666642513 bcsId: 3706} | ret=SUCCESS |  
2019-08-24 07:08:38,638 | INFO  | DNAudit | user=null | ip=null | op=WRITE_CHUNK {blockData=conID: 1 locID: 102670697666642513 bcsId: 3706} | ret=SUCCESS |  
2019-08-24 07:08:38,639 | INFO  | DNAudit | user=null | ip=null | op=WRITE_CHUNK {blockData=conID: 1 locID: 102670697666642513 bcsId: 3706} | ret=SUCCESS |  
2019-08-24 07:08:38,646 | INFO  | DNAudit | user=null | ip=null | op=WRITE_CHUNK {blockData=conID: 1 locID: 102670697666642513 bcsId: 3706} | ret=SUCCESS |  
2019-08-24 07:08:38,647 | INFO  | DNAudit | user=null | ip=null | op=PUT_BLOCK {blockData=[blockId=conID: 1 locID: 102670697666642513 bcsId: 0,size=3145728]} | ret=SUCCESS |  
2019-08-24 07:08:38,647 [grpc-default-executor-5] INFO  client.GrpcClientProtocolClient (GrpcClientProtocolClient.java:onNext(255)) - client-6EDD19400D46->06a4573b-67a1-41e3-a350-f896363bc636: receive RaftClientReply:client-6EDD19400D46->06a4573b-67a1-41e3-a350-f896363bc636@group-757E3781CD2A, cid=2504, SUCCESS, logIndex=3711, commits[06a4573b-67a1-41e3-a350-f896363bc636:c3712, 0b725bbf-683b-4664-9a2e-3c9dd6e38bc1:c3710, 9193e3b7-ae04-484d-a740-c65c11559486:c3710]
2019-08-24 07:08:38,647 [grpc-default-executor-5] INFO  client.GrpcClientProtocolClient (GrpcClientProtocolClient.java:onNext(255)) - client-6EDD19400D46->06a4573b-67a1-41e3-a350-f896363bc636: receive RaftClientReply:client-6EDD19400D46->06a4573b-67a1-41e3-a350-f896363bc636@group-757E3781CD2A, cid=2505, SUCCESS, logIndex=3712, commits[06a4573b-67a1-41e3-a350-f896363bc636:c3712, 0b725bbf-683b-4664-9a2e-3c9dd6e38bc1:c3710, 9193e3b7-ae04-484d-a740-c65c11559486:c3710]
2019-08-24 07:08:38,655 | INFO  | DNAudit | user=null | ip=null | op=WRITE_CHUNK {blockData=conID: 1 locID: 102670697666642513 bcsId: 3712} | ret=SUCCESS |  
2019-08-24 07:08:38,655 | INFO  | SCMAudit | user=jenkins1000 | ip=192.168.69.125 | op=SEND_HEARTBEAT {datanodeUUID=b8548da6-9cc6-46be-8dd4-5219531f5960, command=[]} | ret=SUCCESS |  
2019-08-24 07:08:38,656 | INFO  | SCMAudit | user=jenkins1000 | ip=192.168.69.125 | op=SEND_HEARTBEAT {datanodeUUID=9193e3b7-ae04-484d-a740-c65c11559486, command=[]} | ret=SUCCESS |  
2019-08-24 07:08:38,656 | INFO  | SCMAudit | user=jenkins1000 | ip=192.168.69.125 | op=SEND_HEARTBEAT {datanodeUUID=06a4573b-67a1-41e3-a350-f896363bc636, command=[]} | ret=SUCCESS |  
 0.00% |█                                                                                                    |  0/1 Time: 0:00:272019-08-24 07:08:38,659 | INFO  | SCMAudit | user=jenkins1000 | ip=192.168.69.125 | op=SEND_HEARTBEAT {datanodeUUID=25ce0803-6f34-4c69-82c0-892f08679042, command=[]} | ret=SUCCESS |  
2019-08-24 07:08:38,659 | INFO  | DNAudit | user=null | ip=null | op=WRITE_CHUNK {blockData=conID: 1 locID: 102670697666642513 bcsId: 3712} | ret=SUCCESS |  
2019-08-24 07:08:38,659 | INFO  | SCMAudit | user=jenkins1000 | ip=192.168.69.125 | op=SEND_HEARTBEAT {datanodeUUID=0b725bbf-683b-4664-9a2e-3c9dd6e38bc1, command=[]} | ret=SUCCESS |  
2019-08-24 07:08:38,659 | INFO  | DNAudit | user=null | ip=null | op=WRITE_CHUNK {blockData=conID: 1 locID: 102670697666642513 bcsId: 3712} | ret=SUCCESS |  
2019-08-24 07:08:38,665 | INFO  | DNAudit | user=null | ip=null | op=WRITE_CHUNK {blockData=conID: 1 locID: 102670697666642513 bcsId: 3706} | ret=SUCCESS |  
2019-08-24 07:08:38,665 | INFO  | DNAudit | user=null | ip=null | op=WRITE_CHUNK {blockData=conID: 1 locID: 102670697666642513 bcsId: 3706} | ret=SUCCESS |  
2019-08-24 07:08:38,676 | INFO  | DNAudit | user=null | ip=null | op=PUT_BLOCK {blockData=[blockId=conID: 1 locID: 102670697666642513 bcsId: 0,size=3145728]} | ret=SUCCESS |  
2019-08-24 07:08:38,676 | INFO  | DNAudit | user=null | ip=null | op=PUT_BLOCK {blockData=[blockId=conID: 1 locID: 102670697666642513 bcsId: 0,size=3145728]} | ret=SUCCESS |  
2019-08-24 07:08:38,677 | INFO  | DNAudit | user=null | ip=null | op=WRITE_CHUNK {blockData=conID: 1 locID: 102670697666642513 bcsId: 3712} | ret=SUCCESS |  
2019-08-24 07:08:38,678 | INFO  | DNAudit | user=null | ip=null | op=PUT_BLOCK {blockData=[blockId=conID: 1 locID: 102670697666642513 bcsId: 0,size=4194304]} | ret=SUCCESS |  
2019-08-24 07:08:38,678 [grpc-default-executor-1] INFO  client.GrpcClientProtocolClient (GrpcClientProtocolClient.java:onNext(255)) - client-6EDD19400D46->06a4573b-67a1-41e3-a350-f896363bc636: receive RaftClientReply:client-6EDD19400D46->06a4573b-67a1-41e3-a350-f896363bc636@group-757E3781CD2A, cid=2506, SUCCESS, logIndex=3715, commits[06a4573b-67a1-41e3-a350-f896363bc636:c3716, 0b725bbf-683b-4664-9a2e-3c9dd6e38bc1:c3712, 9193e3b7-ae04-484d-a740-c65c11559486:c3712]
2019-08-24 07:08:38,678 [grpc-default-executor-1] INFO  client.GrpcClientProtocolClient (GrpcClientProtocolClient.java:onNext(255)) - client-6EDD19400D46->06a4573b-67a1-41e3-a350-f896363bc636: receive RaftClientReply:client-6EDD19400D46->06a4573b-67a1-41e3-a350-f896363bc636@group-757E3781CD2A, cid=2507, SUCCESS, logIndex=3716, commits[06a4573b-67a1-41e3-a350-f896363bc636:c3716, 0b725bbf-683b-4664-9a2e-3c9dd6e38bc1:c3712, 9193e3b7-ae04-484d-a740-c65c11559486:c3712]
2019-08-24 07:08:38,679 | INFO  | DNAudit | user=null | ip=null | op=WRITE_CHUNK {blockData=conID: 1 locID: 102670697666642513 bcsId: 3712} | ret=SUCCESS |  
2019-08-24 07:08:38,681 | INFO  | DNAudit | user=null | ip=null | op=WRITE_CHUNK {blockData=conID: 1 locID: 102670697666642513 bcsId: 3712} | ret=SUCCESS |  
2019-08-24 07:08:38,682 | INFO  | DNAudit | user=null | ip=null | op=PUT_BLOCK {blockData=[blockId=conID: 1 locID: 102670697666642513 bcsId: 0,size=4194304]} | ret=SUCCESS |  
2019-08-24 07:08:38,683 | INFO  | DNAudit | user=null | ip=null | op=PUT_BLOCK {blockData=[blockId=conID: 1 locID: 102670697666642513 bcsId: 0,size=4194304]} | ret=SUCCESS |  
2019-08-24 07:08:38,683 [grpc-default-executor-1] INFO  client.GrpcClientProtocolClient (GrpcClientProtocolClient.java:onNext(255)) - client-6EDD19400D46->06a4573b-67a1-41e3-a350-f896363bc636: receive RaftClientReply:client-6EDD19400D46->06a4573b-67a1-41e3-a350-f896363bc636@group-757E3781CD2A, cid=2508, SUCCESS, logIndex=0, commits[06a4573b-67a1-41e3-a350-f896363bc636:c3718, 0b725bbf-683b-4664-9a2e-3c9dd6e38bc1:c3716, 9193e3b7-ae04-484d-a740-c65c11559486:c3716]
2019-08-24 07:08:38,690 | INFO  | SCMAudit | user=jenkins1000 | ip=192.168.69.125 | op=ALLOCATE_BLOCK {owner=61bacca8-15b6-4a50-8962-5e9786b18b0d, size=4194304, type=RATIS, factor=THREE} | ret=SUCCESS |  
2019-08-24 07:08:38,693 | INFO  | OMAudit | user=jenkins1000 | ip=127.0.0.1 | op=ALLOCATE_BLOCK {volume=vol-0-26988, bucket=bucket-0-20739, key=key-0-27353, dataSize=0, replicationType=null, replicationFactor=null, keyLocationInfo=null, clientID=102670695851229586} | ret=SUCCESS |  
2019-08-24 07:08:38,702 | INFO  | DNAudit | user=null | ip=null | op=WRITE_CHUNK {blockData=conID: 2 locID: 102670697672802898 bcsId: 0} | ret=SUCCESS |  
2019-08-24 07:08:38,705 | INFO  | DNAudit | user=null | ip=null | op=WRITE_CHUNK {blockData=conID: 2 locID: 102670697672802898 bcsId: 0} | ret=SUCCESS |  
2019-08-24 07:08:38,706 | INFO  | DNAudit | user=null | ip=null | op=WRITE_CHUNK {blockData=conID: 2 locID: 102670697672802898 bcsId: 0} | ret=SUCCESS |  
2019-08-24 07:08:38,706 | INFO  | DNAudit | user=null | ip=null | op=WRITE_CHUNK {blockData=conID: 2 locID: 102670697672802898 bcsId: 0} | ret=SUCCESS |  
2019-08-24 07:08:38,708 | INFO  | DNAudit | user=null | ip=null | op=WRITE_CHUNK {blockData=conID: 2 locID: 102670697672802898 bcsId: 0} | ret=SUCCESS |  
2019-08-24 07:08:38,709 | INFO  | DNAudit | user=null | ip=null | op=WRITE_CHUNK {blockData=conID: 2 locID: 102670697672802898 bcsId: 0} | ret=SUCCESS |  
2019-08-24 07:08:38,715 | INFO  | DNAudit | user=null | ip=null | op=WRITE_CHUNK {blockData=conID: 2 locID: 102670697672802898 bcsId: 0} | ret=SUCCESS |  
2019-08-24 07:08:38,715 | INFO  | DNAudit | user=null | ip=null | op=PUT_BLOCK {blockData=[blockId=conID: 2 locID: 102670697672802898 bcsId: 0,size=1048576]} | ret=SUCCESS |  
2019-08-24 07:08:38,716 [grpc-default-executor-1] INFO  client.GrpcClientProtocolClient (GrpcClientProtocolClient.java:onNext(255)) - client-6EDD19400D46->06a4573b-67a1-41e3-a350-f896363bc636: receive RaftClientReply:client-6EDD19400D46->06a4573b-67a1-41e3-a350-f896363bc636@group-757E3781CD2A, cid=2509, SUCCESS, logIndex=3719, commits[06a4573b-67a1-41e3-a350-f896363bc636:c3720, 0b725bbf-683b-4664-9a2e-3c9dd6e38bc1:c3718, 9193e3b7-ae04-484d-a740-c65c11559486:c3718]
2019-08-24 07:08:38,716 [grpc-default-executor-1] INFO  client.GrpcClientProtocolClient (GrpcClientProtocolClient.java:onNext(255)) - client-6EDD19400D46->06a4573b-67a1-41e3-a350-f896363bc636: receive RaftClientReply:client-6EDD19400D46->06a4573b-67a1-41e3-a350-f896363bc636@group-757E3781CD2A, cid=2510, SUCCESS, logIndex=3720, commits[06a4573b-67a1-41e3-a350-f896363bc636:c3720, 0b725bbf-683b-4664-9a2e-3c9dd6e38bc1:c3718, 9193e3b7-ae04-484d-a740-c65c11559486:c3718]
2019-08-24 07:08:38,723 | INFO  | DNAudit | user=null | ip=null | op=WRITE_CHUNK {blockData=conID: 2 locID: 102670697672802898 bcsId: 0} | ret=SUCCESS |  
2019-08-24 07:08:38,724 | INFO  | DNAudit | user=null | ip=null | op=PUT_BLOCK {blockData=[blockId=conID: 2 locID: 102670697672802898 bcsId: 0,size=2097152]} | ret=SUCCESS |  
2019-08-24 07:08:38,724 | INFO  | DNAudit | user=null | ip=null | op=WRITE_CHUNK {blockData=conID: 2 locID: 102670697672802898 bcsId: 0} | ret=SUCCESS |  
2019-08-24 07:08:38,724 [grpc-default-executor-1] INFO  client.GrpcClientProtocolClient (GrpcClientProtocolClient.java:onNext(255)) - client-6EDD19400D46->06a4573b-67a1-41e3-a350-f896363bc636: receive RaftClientReply:client-6EDD19400D46->06a4573b-67a1-41e3-a350-f896363bc636@group-757E3781CD2A, cid=2511, SUCCESS, logIndex=3721, commits[06a4573b-67a1-41e3-a350-f896363bc636:c3722, 0b725bbf-683b-4664-9a2e-3c9dd6e38bc1:c3718, 9193e3b7-ae04-484d-a740-c65c11559486:c3718]
2019-08-24 07:08:38,724 [grpc-default-executor-1] INFO  client.GrpcClientProtocolClient (GrpcClientProtocolClient.java:onNext(255)) - client-6EDD19400D46->06a4573b-67a1-41e3-a350-f896363bc636: receive RaftClientReply:client-6EDD19400D46->06a4573b-67a1-41e3-a350-f896363bc636@group-757E3781CD2A, cid=2512, SUCCESS, logIndex=3722, commits[06a4573b-67a1-41e3-a350-f896363bc636:c3722, 0b725bbf-683b-4664-9a2e-3c9dd6e38bc1:c3718, 9193e3b7-ae04-484d-a740-c65c11559486:c3719]
2019-08-24 07:08:38,725 | INFO  | DNAudit | user=null | ip=null | op=PUT_BLOCK {blockData=[blockId=conID: 2 locID: 102670697672802898 bcsId: 0,size=1048576]} | ret=SUCCESS |  
2019-08-24 07:08:38,725 | INFO  | DNAudit | user=null | ip=null | op=WRITE_CHUNK {blockData=conID: 2 locID: 102670697672802898 bcsId: 0} | ret=SUCCESS |  
2019-08-24 07:08:38,725 | INFO  | DNAudit | user=null | ip=null | op=PUT_BLOCK {blockData=[blockId=conID: 2 locID: 102670697672802898 bcsId: 0,size=2097152]} | ret=SUCCESS |  
2019-08-24 07:08:38,727 | INFO  | DNAudit | user=null | ip=null | op=WRITE_CHUNK {blockData=conID: 2 locID: 102670697672802898 bcsId: 0} | ret=SUCCESS |  
2019-08-24 07:08:38,728 | INFO  | DNAudit | user=null | ip=null | op=PUT_BLOCK {blockData=[blockId=conID: 2 locID: 102670697672802898 bcsId: 0,size=1048576]} | ret=SUCCESS |  
2019-08-24 07:08:38,728 [grpc-default-executor-5] INFO  client.GrpcClientProtocolClient (GrpcClientProtocolClient.java:onNext(255)) - client-6EDD19400D46->06a4573b-67a1-41e3-a350-f896363bc636: receive RaftClientReply:client-6EDD19400D46->06a4573b-67a1-41e3-a350-f896363bc636@group-757E3781CD2A, cid=2513, SUCCESS, logIndex=0, commits[06a4573b-67a1-41e3-a350-f896363bc636:c3725, 0b725bbf-683b-4664-9a2e-3c9dd6e38bc1:c3720, 9193e3b7-ae04-484d-a740-c65c11559486:c3722]
2019-08-24 07:08:38,728 | INFO  | DNAudit | user=null | ip=null | op=WRITE_CHUNK {blockData=conID: 2 locID: 102670697672802898 bcsId: 0} | ret=SUCCESS |  
2019-08-24 07:08:38,728 | INFO  | DNAudit | user=null | ip=null | op=PUT_BLOCK {blockData=[blockId=conID: 2 locID: 102670697672802898 bcsId: 0,size=2097152]} | ret=SUCCESS |  
2019-08-24 07:08:38,736 | INFO  | DNAudit | user=null | ip=null | op=WRITE_CHUNK {blockData=conID: 2 locID: 102670697672802898 bcsId: 3722} | ret=SUCCESS |  
2019-08-24 07:08:38,739 | INFO  | DNAudit | user=null | ip=null | op=WRITE_CHUNK {blockData=conID: 2 locID: 102670697672802898 bcsId: 3722} | ret=SUCCESS |  
2019-08-24 07:08:38,739 | INFO  | DNAudit | user=null | ip=null | op=WRITE_CHUNK {blockData=conID: 2 locID: 102670697672802898 bcsId: 3722} | ret=SUCCESS |  
2019-08-24 07:08:38,776 | INFO  | DNAudit | user=null | ip=null | op=WRITE_CHUNK {blockData=conID: 2 locID: 102670697672802898 bcsId: 3722} | ret=SUCCESS |  
2019-08-24 07:08:38,777 | INFO  | DNAudit | user=null | ip=null | op=PUT_BLOCK {blockData=[blockId=conID: 2 locID: 102670697672802898 bcsId: 0,size=3145728]} | ret=SUCCESS |  
2019-08-24 07:08:38,777 [grpc-default-executor-1] INFO  client.GrpcClientProtocolClient (GrpcClientProtocolClient.java:onNext(255)) - client-6EDD19400D46->06a4573b-67a1-41e3-a350-f896363bc636: receive RaftClientReply:client-6EDD19400D46->06a4573b-67a1-41e3-a350-f896363bc636@group-757E3781CD2A, cid=2514, SUCCESS, logIndex=3726, commits[06a4573b-67a1-41e3-a350-f896363bc636:c3727, 0b725bbf-683b-4664-9a2e-3c9dd6e38bc1:c3725, 9193e3b7-ae04-484d-a740-c65c11559486:c3725]
2019-08-24 07:08:38,778 [grpc-default-executor-1] INFO  client.GrpcClientProtocolClient (GrpcClientProtocolClient.java:onNext(255)) - client-6EDD19400D46->06a4573b-67a1-41e3-a350-f896363bc636: receive RaftClientReply:client-6EDD19400D46->06a4573b-67a1-41e3-a350-f896363bc636@group-757E3781CD2A, cid=2515, SUCCESS, logIndex=3727, commits[06a4573b-67a1-41e3-a350-f896363bc636:c3727, 0b725bbf-683b-4664-9a2e-3c9dd6e38bc1:c3725, 9193e3b7-ae04-484d-a740-c65c11559486:c3725]
2019-08-24 07:08:38,785 | INFO  | DNAudit | user=null | ip=null | op=WRITE_CHUNK {blockData=conID: 2 locID: 102670697672802898 bcsId: 3722} | ret=SUCCESS |  
2019-08-24 07:08:38,785 | INFO  | DNAudit | user=null | ip=null | op=WRITE_CHUNK {blockData=conID: 2 locID: 102670697672802898 bcsId: 3722} | ret=SUCCESS |  
2019-08-24 07:08:38,786 | INFO  | DNAudit | user=null | ip=null | op=PUT_BLOCK {blockData=[blockId=conID: 2 locID: 102670697672802898 bcsId: 0,size=3145728]} | ret=SUCCESS |  
2019-08-24 07:08:38,786 | INFO  | DNAudit | user=null | ip=null | op=PUT_BLOCK {blockData=[blockId=conID: 2 locID: 102670697672802898 bcsId: 0,size=3145728]} | ret=SUCCESS |  
2019-08-24 07:08:38,786 | INFO  | DNAudit | user=null | ip=null | op=WRITE_CHUNK {blockData=conID: 2 locID: 102670697672802898 bcsId: 3727} | ret=SUCCESS |  
2019-08-24 07:08:38,790 | INFO  | DNAudit | user=null | ip=null | op=WRITE_CHUNK {blockData=conID: 2 locID: 102670697672802898 bcsId: 3727} | ret=SUCCESS |  
2019-08-24 07:08:38,790 | INFO  | DNAudit | user=null | ip=null | op=WRITE_CHUNK {blockData=conID: 2 locID: 102670697672802898 bcsId: 3727} | ret=SUCCESS |  
2019-08-24 07:08:38,799 | INFO  | DNAudit | user=null | ip=null | op=WRITE_CHUNK {blockData=conID: 2 locID: 102670697672802898 bcsId: 3727} | ret=SUCCESS |  
2019-08-24 07:08:38,800 | INFO  | DNAudit | user=null | ip=null | op=PUT_BLOCK {blockData=[blockId=conID: 2 locID: 102670697672802898 bcsId: 0,size=4194304]} | ret=SUCCESS |  
2019-08-24 07:08:38,800 [grpc-default-executor-1] INFO  client.GrpcClientProtocolClient (GrpcClientProtocolClient.java:onNext(255)) - client-6EDD19400D46->06a4573b-67a1-41e3-a350-f896363bc636: receive RaftClientReply:client-6EDD19400D46->06a4573b-67a1-41e3-a350-f896363bc636@group-757E3781CD2A, cid=2516, SUCCESS, logIndex=3730, commits[06a4573b-67a1-41e3-a350-f896363bc636:c3731, 0b725bbf-683b-4664-9a2e-3c9dd6e38bc1:c3728, 9193e3b7-ae04-484d-a740-c65c11559486:c3728]
2019-08-24 07:08:38,801 [grpc-default-executor-1] INFO  client.GrpcClientProtocolClient (GrpcClientProtocolClient.java:onNext(255)) - client-6EDD19400D46->06a4573b-67a1-41e3-a350-f896363bc636: receive RaftClientReply:client-6EDD19400D46->06a4573b-67a1-41e3-a350-f896363bc636@group-757E3781CD2A, cid=2517, SUCCESS, logIndex=3731, commits[06a4573b-67a1-41e3-a350-f896363bc636:c3731, 0b725bbf-683b-4664-9a2e-3c9dd6e38bc1:c3728, 9193e3b7-ae04-484d-a740-c65c11559486:c3728]
2019-08-24 07:08:38,811 | INFO  | DNAudit | user=null | ip=null | op=WRITE_CHUNK {blockData=conID: 2 locID: 102670697672802898 bcsId: 3727} | ret=SUCCESS |  
2019-08-24 07:08:38,811 | INFO  | DNAudit | user=null | ip=null | op=WRITE_CHUNK {blockData=conID: 2 locID: 102670697672802898 bcsId: 3727} | ret=SUCCESS |  
2019-08-24 07:08:38,813 | INFO  | DNAudit | user=null | ip=null | op=PUT_BLOCK {blockData=[blockId=conID: 2 locID: 102670697672802898 bcsId: 0,size=4194304]} | ret=SUCCESS |  
2019-08-24 07:08:38,814 | INFO  | DNAudit | user=null | ip=null | op=PUT_BLOCK {blockData=[blockId=conID: 2 locID: 102670697672802898 bcsId: 0,size=4194304]} | ret=SUCCESS |  
2019-08-24 07:08:38,814 [grpc-default-executor-2] INFO  client.GrpcClientProtocolClient (GrpcClientProtocolClient.java:onNext(255)) - client-6EDD19400D46->06a4573b-67a1-41e3-a350-f896363bc636: receive RaftClientReply:client-6EDD19400D46->06a4573b-67a1-41e3-a350-f896363bc636@group-757E3781CD2A, cid=2518, SUCCESS, logIndex=0, commits[06a4573b-67a1-41e3-a350-f896363bc636:c3733, 0b725bbf-683b-4664-9a2e-3c9dd6e38bc1:c3731, 9193e3b7-ae04-484d-a740-c65c11559486:c3731]
2019-08-24 07:08:38,821 | INFO  | SCMAudit | user=jenkins1000 | ip=192.168.69.125 | op=ALLOCATE_BLOCK {owner=61bacca8-15b6-4a50-8962-5e9786b18b0d, size=4194304, type=RATIS, factor=THREE} | ret=SUCCESS |  
2019-08-24 07:08:38,825 | INFO  | OMAudit | user=jenkins1000 | ip=127.0.0.1 | op=ALLOCATE_BLOCK {volume=vol-0-26988, bucket=bucket-0-20739, key=key-0-27353, dataSize=0, replicationType=null, replicationFactor=null, keyLocationInfo=null, clientID=102670695851229586} | ret=SUCCESS |  
2019-08-24 07:08:38,834 | INFO  | DNAudit | user=null | ip=null | op=WRITE_CHUNK {blockData=conID: 3 locID: 102670697681453651 bcsId: 0} | ret=SUCCESS |  
2019-08-24 07:08:38,838 | INFO  | DNAudit | user=null | ip=null | op=WRITE_CHUNK {blockData=conID: 3 locID: 102670697681453651 bcsId: 0} | ret=SUCCESS |  
2019-08-24 07:08:38,838 | INFO  | DNAudit | user=null | ip=null | op=WRITE_CHUNK {blockData=conID: 3 locID: 102670697681453651 bcsId: 0} | ret=SUCCESS |  
2019-08-24 07:08:38,838 | INFO  | DNAudit | user=null | ip=null | op=WRITE_CHUNK {blockData=conID: 3 locID: 102670697681453651 bcsId: 0} | ret=SUCCESS |  
2019-08-24 07:08:38,841 | INFO  | DNAudit | user=null | ip=null | op=WRITE_CHUNK {blockData=conID: 3 locID: 102670697681453651 bcsId: 0} | ret=SUCCESS |  
2019-08-24 07:08:38,841 | INFO  | DNAudit | user=null | ip=null | op=WRITE_CHUNK {blockData=conID: 3 locID: 102670697681453651 bcsId: 0} | ret=SUCCESS |  
2019-08-24 07:08:38,847 | INFO  | DNAudit | user=null | ip=null | op=WRITE_CHUNK {blockData=conID: 3 locID: 102670697681453651 bcsId: 0} | ret=SUCCESS |  
2019-08-24 07:08:38,847 | INFO  | DNAudit | user=null | ip=null | op=PUT_BLOCK {blockData=[blockId=conID: 3 locID: 102670697681453651 bcsId: 0,size=1048576]} | ret=SUCCESS |  
2019-08-24 07:08:38,848 | INFO  | DNAudit | user=null | ip=null | op=WRITE_CHUNK {blockData=conID: 3 locID: 102670697681453651 bcsId: 0} | ret=SUCCESS |  
2019-08-24 07:08:38,848 [grpc-default-executor-2] INFO  client.GrpcClientProtocolClient (GrpcClientProtocolClient.java:onNext(255)) - client-6EDD19400D46->06a4573b-67a1-41e3-a350-f896363bc636: receive RaftClientReply:client-6EDD19400D46->06a4573b-67a1-41e3-a350-f896363bc636@group-757E3781CD2A, cid=2519, SUCCESS, logIndex=3734, commits[06a4573b-67a1-41e3-a350-f896363bc636:c3735, 0b725bbf-683b-4664-9a2e-3c9dd6e38bc1:c3733, 9193e3b7-ae04-484d-a740-c65c11559486:c3733]
2019-08-24 07:08:38,848 | INFO  | DNAudit | user=null | ip=null | op=PUT_BLOCK {blockData=[blockId=conID: 3 locID: 102670697681453651 bcsId: 0,size=2097152]} | ret=SUCCESS |  
2019-08-24 07:08:38,848 [grpc-default-executor-2] INFO  client.GrpcClientProtocolClient (GrpcClientProtocolClient.java:onNext(255)) - client-6EDD19400D46->06a4573b-67a1-41e3-a350-f896363bc636: receive RaftClientReply:client-6EDD19400D46->06a4573b-67a1-41e3-a350-f896363bc636@group-757E3781CD2A, cid=2520, SUCCESS, logIndex=3735, commits[06a4573b-67a1-41e3-a350-f896363bc636:c3737, 0b725bbf-683b-4664-9a2e-3c9dd6e38bc1:c3733, 9193e3b7-ae04-484d-a740-c65c11559486:c3733]
2019-08-24 07:08:38,849 [grpc-default-executor-2] INFO  client.GrpcClientProtocolClient (GrpcClientProtocolClient.java:onNext(255)) - client-6EDD19400D46->06a4573b-67a1-41e3-a350-f896363bc636: receive RaftClientReply:client-6EDD19400D46->06a4573b-67a1-41e3-a350-f896363bc636@group-757E3781CD2A, cid=2521, SUCCESS, logIndex=3736, commits[06a4573b-67a1-41e3-a350-f896363bc636:c3737, 0b725bbf-683b-4664-9a2e-3c9dd6e38bc1:c3733, 9193e3b7-ae04-484d-a740-c65c11559486:c3733]
2019-08-24 07:08:38,849 [grpc-default-executor-2] INFO  client.GrpcClientProtocolClient (GrpcClientProtocolClient.java:onNext(255)) - client-6EDD19400D46->06a4573b-67a1-41e3-a350-f896363bc636: receive RaftClientReply:client-6EDD19400D46->06a4573b-67a1-41e3-a350-f896363bc636@group-757E3781CD2A, cid=2522, SUCCESS, logIndex=3737, commits[06a4573b-67a1-41e3-a350-f896363bc636:c3737, 0b725bbf-683b-4664-9a2e-3c9dd6e38bc1:c3733, 9193e3b7-ae04-484d-a740-c65c11559486:c3733]
2019-08-24 07:08:38,860 | INFO  | DNAudit | user=null | ip=null | op=WRITE_CHUNK {blockData=conID: 3 locID: 102670697681453651 bcsId: 0} | ret=SUCCESS |  
2019-08-24 07:08:38,861 | INFO  | DNAudit | user=null | ip=null | op=PUT_BLOCK {blockData=[blockId=conID: 3 locID: 102670697681453651 bcsId: 0,size=1048576]} | ret=SUCCESS |  
2019-08-24 07:08:38,861 | INFO  | DNAudit | user=null | ip=null | op=WRITE_CHUNK {blockData=conID: 3 locID: 102670697681453651 bcsId: 0} | ret=SUCCESS |  
2019-08-24 07:08:38,861 | INFO  | DNAudit | user=null | ip=null | op=PUT_BLOCK {blockData=[blockId=conID: 3 locID: 102670697681453651 bcsId: 0,size=1048576]} | ret=SUCCESS |  
2019-08-24 07:08:38,861 | INFO  | DNAudit | user=null | ip=null | op=WRITE_CHUNK {blockData=conID: 3 locID: 102670697681453651 bcsId: 0} | ret=SUCCESS |  
2019-08-24 07:08:38,861 | INFO  | DNAudit | user=null | ip=null | op=WRITE_CHUNK {blockData=conID: 3 locID: 102670697681453651 bcsId: 0} | ret=SUCCESS |  
2019-08-24 07:08:38,862 | INFO  | DNAudit | user=null | ip=null | op=PUT_BLOCK {blockData=[blockId=conID: 3 locID: 102670697681453651 bcsId: 0,size=2097152]} | ret=SUCCESS |  
2019-08-24 07:08:38,861 [grpc-default-executor-5] INFO  client.GrpcClientProtocolClient (GrpcClientProtocolClient.java:onNext(255)) - client-6EDD19400D46->06a4573b-67a1-41e3-a350-f896363bc636: receive RaftClientReply:client-6EDD19400D46->06a4573b-67a1-41e3-a350-f896363bc636@group-757E3781CD2A, cid=2523, SUCCESS, logIndex=0, commits[06a4573b-67a1-41e3-a350-f896363bc636:c3739, 0b725bbf-683b-4664-9a2e-3c9dd6e38bc1:c3735, 9193e3b7-ae04-484d-a740-c65c11559486:c3735]
2019-08-24 07:08:38,862 | INFO  | DNAudit | user=null | ip=null | op=PUT_BLOCK {blockData=[blockId=conID: 3 locID: 102670697681453651 bcsId: 0,size=2097152]} | ret=SUCCESS |  
2019-08-24 07:08:38,869 | INFO  | DNAudit | user=null | ip=null | op=WRITE_CHUNK {blockData=conID: 3 locID: 102670697681453651 bcsId: 3737} | ret=SUCCESS |  
2019-08-24 07:08:38,872 | INFO  | DNAudit | user=null | ip=null | op=WRITE_CHUNK {blockData=conID: 3 locID: 102670697681453651 bcsId: 3737} | ret=SUCCESS |  
2019-08-24 07:08:38,872 | INFO  | DNAudit | user=null | ip=null | op=WRITE_CHUNK {blockData=conID: 3 locID: 102670697681453651 bcsId: 3737} | ret=SUCCESS |  
2019-08-24 07:08:38,884 | INFO  | DNAudit | user=null | ip=null | op=WRITE_CHUNK {blockData=conID: 3 locID: 102670697681453651 bcsId: 3737} | ret=SUCCESS |  
2019-08-24 07:08:38,884 | INFO  | DNAudit | user=null | ip=null | op=PUT_BLOCK {blockData=[blockId=conID: 3 locID: 102670697681453651 bcsId: 0,size=3145728]} | ret=SUCCESS |  
2019-08-24 07:08:38,884 [grpc-default-executor-0] INFO  client.GrpcClientProtocolClient (GrpcClientProtocolClient.java:onNext(255)) - client-6EDD19400D46->06a4573b-67a1-41e3-a350-f896363bc636: receive RaftClientReply:client-6EDD19400D46->06a4573b-67a1-41e3-a350-f896363bc636@group-757E3781CD2A, cid=2524, SUCCESS, logIndex=3742, commits[06a4573b-67a1-41e3-a350-f896363bc636:c3743, 0b725bbf-683b-4664-9a2e-3c9dd6e38bc1:c3741, 9193e3b7-ae04-484d-a740-c65c11559486:c3741]
2019-08-24 07:08:38,885 [grpc-default-executor-0] INFO  client.GrpcClientProtocolClient (GrpcClientProtocolClient.java:onNext(255)) - client-6EDD19400D46->06a4573b-67a1-41e3-a350-f896363bc636: receive RaftClientReply:client-6EDD19400D46->06a4573b-67a1-41e3-a350-f896363bc636@group-757E3781CD2A, cid=2525, SUCCESS, logIndex=3743, commits[06a4573b-67a1-41e3-a350-f896363bc636:c3743, 0b725bbf-683b-4664-9a2e-3c9dd6e38bc1:c3741, 9193e3b7-ae04-484d-a740-c65c11559486:c3741]
2019-08-24 07:08:38,892 | INFO  | DNAudit | user=null | ip=null | op=WRITE_CHUNK {blockData=conID: 3 locID: 102670697681453651 bcsId: 3743} | ret=SUCCESS |  
2019-08-24 07:08:38,895 | INFO  | DNAudit | user=null | ip=null | op=WRITE_CHUNK {blockData=conID: 3 locID: 102670697681453651 bcsId: 3743} | ret=SUCCESS |  
2019-08-24 07:08:38,895 | INFO  | DNAudit | user=null | ip=null | op=WRITE_CHUNK {blockData=conID: 3 locID: 102670697681453651 bcsId: 3737} | ret=SUCCESS |  
2019-08-24 07:08:38,895 | INFO  | DNAudit | user=null | ip=null | op=WRITE_CHUNK {blockData=conID: 3 locID: 102670697681453651 bcsId: 3737} | ret=SUCCESS |  
2019-08-24 07:08:38,896 | INFO  | DNAudit | user=null | ip=null | op=WRITE_CHUNK {blockData=conID: 3 locID: 102670697681453651 bcsId: 3743} | ret=SUCCESS |  
2019-08-24 07:08:38,897 | INFO  | DNAudit | user=null | ip=null | op=PUT_BLOCK {blockData=[blockId=conID: 3 locID: 102670697681453651 bcsId: 0,size=3145728]} | ret=SUCCESS |  
2019-08-24 07:08:38,897 | INFO  | DNAudit | user=null | ip=null | op=WRITE_CHUNK {blockData=conID: 3 locID: 102670697681453651 bcsId: 3743} | ret=SUCCESS |  
2019-08-24 07:08:38,898 | INFO  | DNAudit | user=null | ip=null | op=PUT_BLOCK {blockData=[blockId=conID: 3 locID: 102670697681453651 bcsId: 0,size=4194304]} | ret=SUCCESS |  
2019-08-24 07:08:38,898 [grpc-default-executor-0] INFO  client.GrpcClientProtocolClient (GrpcClientProtocolClient.java:onNext(255)) - client-6EDD19400D46->06a4573b-67a1-41e3-a350-f896363bc636: receive RaftClientReply:client-6EDD19400D46->06a4573b-67a1-41e3-a350-f896363bc636@group-757E3781CD2A, cid=2526, SUCCESS, logIndex=3746, commits[06a4573b-67a1-41e3-a350-f896363bc636:c3747, 0b725bbf-683b-4664-9a2e-3c9dd6e38bc1:c3742, 9193e3b7-ae04-484d-a740-c65c11559486:c3743]
2019-08-24 07:08:38,898 [grpc-default-executor-0] INFO  client.GrpcClientProtocolClient (GrpcClientProtocolClient.java:onNext(255)) - client-6EDD19400D46->06a4573b-67a1-41e3-a350-f896363bc636: receive RaftClientReply:client-6EDD19400D46->06a4573b-67a1-41e3-a350-f896363bc636@group-757E3781CD2A, cid=2527, SUCCESS, logIndex=3747, commits[06a4573b-67a1-41e3-a350-f896363bc636:c3747, 0b725bbf-683b-4664-9a2e-3c9dd6e38bc1:c3742, 9193e3b7-ae04-484d-a740-c65c11559486:c3743]
2019-08-24 07:08:38,899 | INFO  | DNAudit | user=null | ip=null | op=PUT_BLOCK {blockData=[blockId=conID: 3 locID: 102670697681453651 bcsId: 0,size=3145728]} | ret=SUCCESS |  
2019-08-24 07:08:38,900 [grpc-default-executor-0] INFO  client.GrpcClientProtocolClient (GrpcClientProtocolClient.java:onNext(255)) - client-6EDD19400D46->06a4573b-67a1-41e3-a350-f896363bc636: receive RaftClientReply:client-6EDD19400D46->06a4573b-67a1-41e3-a350-f896363bc636@group-757E3781CD2A, cid=2528, SUCCESS, logIndex=0, commits[06a4573b-67a1-41e3-a350-f896363bc636:c3747, 0b725bbf-683b-4664-9a2e-3c9dd6e38bc1:c3743, 9193e3b7-ae04-484d-a740-c65c11559486:c3743]
2019-08-24 07:08:38,910 | INFO  | DNAudit | user=null | ip=null | op=WRITE_CHUNK {blockData=conID: 3 locID: 102670697681453651 bcsId: 3743} | ret=SUCCESS |  
2019-08-24 07:08:38,910 | INFO  | DNAudit | user=null | ip=null | op=WRITE_CHUNK {blockData=conID: 3 locID: 102670697681453651 bcsId: 3743} | ret=SUCCESS |  
2019-08-24 07:08:38,910 | INFO  | DNAudit | user=null | ip=null | op=PUT_BLOCK {blockData=[blockId=conID: 3 locID: 102670697681453651 bcsId: 0,size=4194304]} | ret=SUCCESS |  
2019-08-24 07:08:38,911 | INFO  | DNAudit | user=null | ip=null | op=PUT_BLOCK {blockData=[blockId=conID: 3 locID: 102670697681453651 bcsId: 0,size=4194304]} | ret=SUCCESS |  
2019-08-24 07:08:38,911 [grpc-default-executor-0] INFO  client.GrpcClientProtocolClient (GrpcClientProtocolClient.java:onNext(255)) - client-6EDD19400D46->06a4573b-67a1-41e3-a350-f896363bc636: receive RaftClientReply:client-6EDD19400D46->06a4573b-67a1-41e3-a350-f896363bc636@group-757E3781CD2A, cid=2529, SUCCESS, logIndex=0, commits[06a4573b-67a1-41e3-a350-f896363bc636:c3748, 0b725bbf-683b-4664-9a2e-3c9dd6e38bc1:c3747, 9193e3b7-ae04-484d-a740-c65c11559486:c3747]
2019-08-24 07:08:38,917 | INFO  | SCMAudit | user=jenkins1000 | ip=192.168.69.125 | op=ALLOCATE_BLOCK {owner=61bacca8-15b6-4a50-8962-5e9786b18b0d, size=4194304, type=RATIS, factor=THREE} | ret=SUCCESS |  
2019-08-24 07:08:38,920 | INFO  | OMAudit | user=jenkins1000 | ip=127.0.0.1 | op=ALLOCATE_BLOCK {volume=vol-0-26988, bucket=bucket-0-20739, key=key-0-27353, dataSize=0, replicationType=null, replicationFactor=null, keyLocationInfo=null, clientID=102670695851229586} | ret=SUCCESS |  
2019-08-24 07:08:38,929 | INFO  | DNAudit | user=null | ip=null | op=WRITE_CHUNK {blockData=conID: 1 locID: 102670697687745108 bcsId: 0} | ret=SUCCESS |  
2019-08-24 07:08:38,932 | INFO  | DNAudit | user=null | ip=null | op=WRITE_CHUNK {blockData=conID: 1 locID: 102670697687745108 bcsId: 0} | ret=SUCCESS |  
2019-08-24 07:08:38,933 | INFO  | DNAudit | user=null | ip=null | op=WRITE_CHUNK {blockData=conID: 1 locID: 102670697687745108 bcsId: 0} | ret=SUCCESS |  
2019-08-24 07:08:38,933 | INFO  | DNAudit | user=null | ip=null | op=WRITE_CHUNK {blockData=conID: 1 locID: 102670697687745108 bcsId: 0} | ret=SUCCESS |  
2019-08-24 07:08:38,935 | INFO  | DNAudit | user=null | ip=null | op=WRITE_CHUNK {blockData=conID: 1 locID: 102670697687745108 bcsId: 0} | ret=SUCCESS |  
2019-08-24 07:08:38,935 | INFO  | DNAudit | user=null | ip=null | op=WRITE_CHUNK {blockData=conID: 1 locID: 102670697687745108 bcsId: 0} | ret=SUCCESS |  
2019-08-24 07:08:38,943 | INFO  | DNAudit | user=null | ip=null | op=WRITE_CHUNK {blockData=conID: 1 locID: 102670697687745108 bcsId: 0} | ret=SUCCESS |  
2019-08-24 07:08:38,944 | INFO  | DNAudit | user=null | ip=null | op=PUT_BLOCK {blockData=[blockId=conID: 1 locID: 102670697687745108 bcsId: 0,size=1048576]} | ret=SUCCESS |  
2019-08-24 07:08:38,944 [grpc-default-executor-1] INFO  client.GrpcClientProtocolClient (GrpcClientProtocolClient.java:onNext(255)) - client-6EDD19400D46->06a4573b-67a1-41e3-a350-f896363bc636: receive RaftClientReply:client-6EDD19400D46->06a4573b-67a1-41e3-a350-f896363bc636@group-757E3781CD2A, cid=2530, SUCCESS, logIndex=3750, commits[06a4573b-67a1-41e3-a350-f896363bc636:c3751, 0b725bbf-683b-4664-9a2e-3c9dd6e38bc1:c3749, 9193e3b7-ae04-484d-a740-c65c11559486:c3749]
2019-08-24 07:08:38,945 [grpc-default-executor-1] INFO  client.GrpcClientProtocolClient (GrpcClientProtocolClient.java:onNext(255)) - client-6EDD19400D46->06a4573b-67a1-41e3-a350-f896363bc636: receive RaftClientReply:client-6EDD19400D46->06a4573b-67a1-41e3-a350-f896363bc636@group-757E3781CD2A, cid=2531, SUCCESS, logIndex=3751, commits[06a4573b-67a1-41e3-a350-f896363bc636:c3751, 0b725bbf-683b-4664-9a2e-3c9dd6e38bc1:c3749, 9193e3b7-ae04-484d-a740-c65c11559486:c3749]
2019-08-24 07:08:38,955 | INFO  | DNAudit | user=null | ip=null | op=WRITE_CHUNK {blockData=conID: 1 locID: 102670697687745108 bcsId: 0} | ret=SUCCESS |  
2019-08-24 07:08:38,955 | INFO  | DNAudit | user=null | ip=null | op=PUT_BLOCK {blockData=[blockId=conID: 1 locID: 102670697687745108 bcsId: 0,size=2097152]} | ret=SUCCESS |  
2019-08-24 07:08:38,955 [grpc-default-executor-2] INFO  client.GrpcClientProtocolClient (GrpcClientProtocolClient.java:onNext(255)) - client-6EDD19400D46->06a4573b-67a1-41e3-a350-f896363bc636: receive RaftClientReply:client-6EDD19400D46->06a4573b-67a1-41e3-a350-f896363bc636@group-757E3781CD2A, cid=2532, SUCCESS, logIndex=3752, commits[06a4573b-67a1-41e3-a350-f896363bc636:c3753, 0b725bbf-683b-4664-9a2e-3c9dd6e38bc1:c3749, 9193e3b7-ae04-484d-a740-c65c11559486:c3749]
2019-08-24 07:08:38,956 | INFO  | DNAudit | user=null | ip=null | op=WRITE_CHUNK {blockData=conID: 1 locID: 102670697687745108 bcsId: 0} | ret=SUCCESS |  
2019-08-24 07:08:38,956 [grpc-default-executor-2] INFO  client.GrpcClientProtocolClient (GrpcClientProtocolClient.java:onNext(255)) - client-6EDD19400D46->06a4573b-67a1-41e3-a350-f896363bc636: receive RaftClientReply:client-6EDD19400D46->06a4573b-67a1-41e3-a350-f896363bc636@group-757E3781CD2A, cid=2533, SUCCESS, logIndex=3753, commits[06a4573b-67a1-41e3-a350-f896363bc636:c3753, 0b725bbf-683b-4664-9a2e-3c9dd6e38bc1:c3749, 9193e3b7-ae04-484d-a740-c65c11559486:c3749]
2019-08-24 07:08:38,956 | INFO  | DNAudit | user=null | ip=null | op=PUT_BLOCK {blockData=[blockId=conID: 1 locID: 102670697687745108 bcsId: 0,size=1048576]} | ret=SUCCESS |  
2019-08-24 07:08:38,958 | INFO  | DNAudit | user=null | ip=null | op=WRITE_CHUNK {blockData=conID: 1 locID: 102670697687745108 bcsId: 0} | ret=SUCCESS |  
2019-08-24 07:08:38,958 | INFO  | DNAudit | user=null | ip=null | op=PUT_BLOCK {blockData=[blockId=conID: 1 locID: 102670697687745108 bcsId: 0,size=1048576]} | ret=SUCCESS |  
2019-08-24 07:08:38,959 [grpc-default-executor-2] INFO  client.GrpcClientProtocolClient (GrpcClientProtocolClient.java:onNext(255)) - client-6EDD19400D46->06a4573b-67a1-41e3-a350-f896363bc636: receive RaftClientReply:client-6EDD19400D46->06a4573b-67a1-41e3-a350-f896363bc636@group-757E3781CD2A, cid=2534, SUCCESS, logIndex=0, commits[06a4573b-67a1-41e3-a350-f896363bc636:c3755, 0b725bbf-683b-4664-9a2e-3c9dd6e38bc1:c3751, 9193e3b7-ae04-484d-a740-c65c11559486:c3751]
2019-08-24 07:08:38,966 | INFO  | DNAudit | user=null | ip=null | op=WRITE_CHUNK {blockData=conID: 1 locID: 102670697687745108 bcsId: 3753} | ret=SUCCESS |  
2019-08-24 07:08:38,968 | INFO  | DNAudit | user=null | ip=null | op=WRITE_CHUNK {blockData=conID: 1 locID: 102670697687745108 bcsId: 3753} | ret=SUCCESS |  
2019-08-24 07:08:38,969 | INFO  | DNAudit | user=null | ip=null | op=WRITE_CHUNK {blockData=conID: 1 locID: 102670697687745108 bcsId: 3753} | ret=SUCCESS |  
2019-08-24 07:08:38,969 | INFO  | DNAudit | user=null | ip=null | op=WRITE_CHUNK {blockData=conID: 1 locID: 102670697687745108 bcsId: 0} | ret=SUCCESS |  
2019-08-24 07:08:38,969 | INFO  | DNAudit | user=null | ip=null | op=PUT_BLOCK {blockData=[blockId=conID: 1 locID: 102670697687745108 bcsId: 0,size=2097152]} | ret=SUCCESS |  
2019-08-24 07:08:38,971 | INFO  | DNAudit | user=null | ip=null | op=WRITE_CHUNK {blockData=conID: 1 locID: 102670697687745108 bcsId: 0} | ret=SUCCESS |  
2019-08-24 07:08:38,971 | INFO  | DNAudit | user=null | ip=null | op=PUT_BLOCK {blockData=[blockId=conID: 1 locID: 102670697687745108 bcsId: 0,size=2097152]} | ret=SUCCESS |  
2019-08-24 07:08:38,982 | INFO  | DNAudit | user=null | ip=null | op=WRITE_CHUNK {blockData=conID: 1 locID: 102670697687745108 bcsId: 3753} | ret=SUCCESS |  
2019-08-24 07:08:38,983 | INFO  | DNAudit | user=null | ip=null | op=PUT_BLOCK {blockData=[blockId=conID: 1 locID: 102670697687745108 bcsId: 0,size=3145728]} | ret=SUCCESS |  
2019-08-24 07:08:38,983 [grpc-default-executor-2] INFO  client.GrpcClientProtocolClient (GrpcClientProtocolClient.java:onNext(255)) - client-6EDD19400D46->06a4573b-67a1-41e3-a350-f896363bc636: receive RaftClientReply:client-6EDD19400D46->06a4573b-67a1-41e3-a350-f896363bc636@group-757E3781CD2A, cid=2535, SUCCESS, logIndex=3758, commits[06a4573b-67a1-41e3-a350-f896363bc636:c3759, 0b725bbf-683b-4664-9a2e-3c9dd6e38bc1:c3755, 9193e3b7-ae04-484d-a740-c65c11559486:c3755]
2019-08-24 07:08:38,983 [grpc-default-executor-2] INFO  client.GrpcClientProtocolClient (GrpcClientProtocolClient.java:onNext(255)) - client-6EDD19400D46->06a4573b-67a1-41e3-a350-f896363bc636: receive RaftClientReply:client-6EDD19400D46->06a4573b-67a1-41e3-a350-f896363bc636@group-757E3781CD2A, cid=2536, SUCCESS, logIndex=3759, commits[06a4573b-67a1-41e3-a350-f896363bc636:c3759, 0b725bbf-683b-4664-9a2e-3c9dd6e38bc1:c3755, 9193e3b7-ae04-484d-a740-c65c11559486:c3755]
2019-08-24 07:08:38,991 | INFO  | DNAudit | user=null | ip=null | op=WRITE_CHUNK {blockData=conID: 1 locID: 102670697687745108 bcsId: 3759} | ret=SUCCESS |  
2019-08-24 07:08:38,993 | INFO  | DNAudit | user=null | ip=null | op=WRITE_CHUNK {blockData=conID: 1 locID: 102670697687745108 bcsId: 3759} | ret=SUCCESS |  
2019-08-24 07:08:38,994 | INFO  | DNAudit | user=null | ip=null | op=WRITE_CHUNK {blockData=conID: 1 locID: 102670697687745108 bcsId: 3759} | ret=SUCCESS |  
2019-08-24 07:08:38,994 | INFO  | DNAudit | user=null | ip=null | op=WRITE_CHUNK {blockData=conID: 1 locID: 102670697687745108 bcsId: 3753} | ret=SUCCESS |  
2019-08-24 07:08:38,994 | INFO  | DNAudit | user=null | ip=null | op=PUT_BLOCK {blockData=[blockId=conID: 1 locID: 102670697687745108 bcsId: 0,size=3145728]} | ret=SUCCESS |  
2019-08-24 07:08:38,994 | INFO  | DNAudit | user=null | ip=null | op=WRITE_CHUNK {blockData=conID: 1 locID: 102670697687745108 bcsId: 3753} | ret=SUCCESS |  
2019-08-24 07:08:38,994 | INFO  | DNAudit | user=null | ip=null | op=PUT_BLOCK {blockData=[blockId=conID: 1 locID: 102670697687745108 bcsId: 0,size=3145728]} | ret=SUCCESS |  
2019-08-24 07:08:38,995 | INFO  | DNAudit | user=null | ip=null | op=WRITE_CHUNK {blockData=conID: 1 locID: 102670697687745108 bcsId: 3759} | ret=SUCCESS |  
2019-08-24 07:08:38,995 | INFO  | DNAudit | user=null | ip=null | op=PUT_BLOCK {blockData=[blockId=conID: 1 locID: 102670697687745108 bcsId: 0,size=4194304]} | ret=SUCCESS |  
2019-08-24 07:08:38,995 [grpc-default-executor-1] INFO  client.GrpcClientProtocolClient (GrpcClientProtocolClient.java:onNext(255)) - client-6EDD19400D46->06a4573b-67a1-41e3-a350-f896363bc636: receive RaftClientReply:client-6EDD19400D46->06a4573b-67a1-41e3-a350-f896363bc636@group-757E3781CD2A, cid=2537, SUCCESS, logIndex=3761, commits[06a4573b-67a1-41e3-a350-f896363bc636:c3762, 0b725bbf-683b-4664-9a2e-3c9dd6e38bc1:c3759, 9193e3b7-ae04-484d-a740-c65c11559486:c3759]
2019-08-24 07:08:38,996 [grpc-default-executor-1] INFO  client.GrpcClientProtocolClient (GrpcClientProtocolClient.java:onNext(255)) - client-6EDD19400D46->06a4573b-67a1-41e3-a350-f896363bc636: receive RaftClientReply:client-6EDD19400D46->06a4573b-67a1-41e3-a350-f896363bc636@group-757E3781CD2A, cid=2538, SUCCESS, logIndex=3762, commits[06a4573b-67a1-41e3-a350-f896363bc636:c3762, 0b725bbf-683b-4664-9a2e-3c9dd6e38bc1:c3759, 9193e3b7-ae04-484d-a740-c65c11559486:c3759]
2019-08-24 07:08:38,998 | INFO  | DNAudit | user=null | ip=null | op=WRITE_CHUNK {blockData=conID: 1 locID: 102670697687745108 bcsId: 3759} | ret=SUCCESS |  
2019-08-24 07:08:38,998 | INFO  | DNAudit | user=null | ip=null | op=WRITE_CHUNK {blockData=conID: 1 locID: 102670697687745108 bcsId: 3759} | ret=SUCCESS |  
2019-08-24 07:08:38,998 | INFO  | DNAudit | user=null | ip=null | op=PUT_BLOCK {blockData=[blockId=conID: 1 locID: 102670697687745108 bcsId: 0,size=4194304]} | ret=SUCCESS |  
2019-08-24 07:08:38,999 | INFO  | DNAudit | user=null | ip=null | op=PUT_BLOCK {blockData=[blockId=conID: 1 locID: 102670697687745108 bcsId: 0,size=4194304]} | ret=SUCCESS |  
2019-08-24 07:08:38,999 [grpc-default-executor-1] INFO  client.GrpcClientProtocolClient (GrpcClientProtocolClient.java:onNext(255)) - client-6EDD19400D46->06a4573b-67a1-41e3-a350-f896363bc636: receive RaftClientReply:client-6EDD19400D46->06a4573b-67a1-41e3-a350-f896363bc636@group-757E3781CD2A, cid=2539, SUCCESS, logIndex=0, commits[06a4573b-67a1-41e3-a350-f896363bc636:c3763, 0b725bbf-683b-4664-9a2e-3c9dd6e38bc1:c3762, 9193e3b7-ae04-484d-a740-c65c11559486:c3762]
2019-08-24 07:08:39,005 | INFO  | SCMAudit | user=jenkins1000 | ip=192.168.69.125 | op=ALLOCATE_BLOCK {owner=61bacca8-15b6-4a50-8962-5e9786b18b0d, size=4194304, type=RATIS, factor=THREE} | ret=SUCCESS |  
2019-08-24 07:08:39,011 | INFO  | OMAudit | user=jenkins1000 | ip=127.0.0.1 | op=ALLOCATE_BLOCK {volume=vol-0-26988, bucket=bucket-0-20739, key=key-0-27353, dataSize=0, replicationType=null, replicationFactor=null, keyLocationInfo=null, clientID=102670695851229586} | ret=SUCCESS |  
2019-08-24 07:08:39,018 | INFO  | DNAudit | user=null | ip=null | op=WRITE_CHUNK {blockData=conID: 2 locID: 102670697693512277 bcsId: 0} | ret=SUCCESS |  
2019-08-24 07:08:39,127 | INFO  | DNAudit | user=null | ip=null | op=WRITE_CHUNK {blockData=conID: 2 locID: 102670697693512277 bcsId: 0} | ret=SUCCESS |  
2019-08-24 07:08:39,128 | INFO  | DNAudit | user=null | ip=null | op=WRITE_CHUNK {blockData=conID: 2 locID: 102670697693512277 bcsId: 0} | ret=SUCCESS |  
2019-08-24 07:08:39,128 | INFO  | DNAudit | user=null | ip=null | op=WRITE_CHUNK {blockData=conID: 2 locID: 102670697693512277 bcsId: 0} | ret=SUCCESS |  
2019-08-24 07:08:39,132 | INFO  | DNAudit | user=null | ip=null | op=WRITE_CHUNK {blockData=conID: 2 locID: 102670697693512277 bcsId: 0} | ret=SUCCESS |  
2019-08-24 07:08:39,132 | INFO  | DNAudit | user=null | ip=null | op=WRITE_CHUNK {blockData=conID: 2 locID: 102670697693512277 bcsId: 0} | ret=SUCCESS |  
2019-08-24 07:08:39,140 | INFO  | DNAudit | user=null | ip=null | op=WRITE_CHUNK {blockData=conID: 2 locID: 102670697693512277 bcsId: 0} | ret=SUCCESS |  
2019-08-24 07:08:39,140 | INFO  | DNAudit | user=null | ip=null | op=PUT_BLOCK {blockData=[blockId=conID: 2 locID: 102670697693512277 bcsId: 0,size=1048576]} | ret=SUCCESS |  
2019-08-24 07:08:39,141 [grpc-default-executor-2] INFO  client.GrpcClientProtocolClient (GrpcClientProtocolClient.java:onNext(255)) - client-6EDD19400D46->06a4573b-67a1-41e3-a350-f896363bc636: receive RaftClientReply:client-6EDD19400D46->06a4573b-67a1-41e3-a350-f896363bc636@group-757E3781CD2A, cid=2540, SUCCESS, logIndex=3765, commits[06a4573b-67a1-41e3-a350-f896363bc636:c3766, 0b725bbf-683b-4664-9a2e-3c9dd6e38bc1:c3764, 9193e3b7-ae04-484d-a740-c65c11559486:c3764]
2019-08-24 07:08:39,141 [grpc-default-executor-2] INFO  client.GrpcClientProtocolClient (GrpcClientProtocolClient.java:onNext(255)) - client-6EDD19400D46->06a4573b-67a1-41e3-a350-f896363bc636: receive RaftClientReply:client-6EDD19400D46->06a4573b-67a1-41e3-a350-f896363bc636@group-757E3781CD2A, cid=2541, SUCCESS, logIndex=3766, commits[06a4573b-67a1-41e3-a350-f896363bc636:c3766, 0b725bbf-683b-4664-9a2e-3c9dd6e38bc1:c3764, 9193e3b7-ae04-484d-a740-c65c11559486:c3764]
2019-08-24 07:08:39,151 | INFO  | DNAudit | user=null | ip=null | op=WRITE_CHUNK {blockData=conID: 2 locID: 102670697693512277 bcsId: 0} | ret=SUCCESS |  
2019-08-24 07:08:39,151 | INFO  | DNAudit | user=null | ip=null | op=PUT_BLOCK {blockData=[blockId=conID: 2 locID: 102670697693512277 bcsId: 0,size=2097152]} | ret=SUCCESS |  
2019-08-24 07:08:39,152 | INFO  | DNAudit | user=null | ip=null | op=WRITE_CHUNK {blockData=conID: 2 locID: 102670697693512277 bcsId: 0} | ret=SUCCESS |  
2019-08-24 07:08:39,151 [grpc-default-executor-5] INFO  client.GrpcClientProtocolClient (GrpcClientProtocolClient.java:onNext(255)) - client-6EDD19400D46->06a4573b-67a1-41e3-a350-f896363bc636: receive RaftClientReply:client-6EDD19400D46->06a4573b-67a1-41e3-a350-f896363bc636@group-757E3781CD2A, cid=2542, SUCCESS, logIndex=3767, commits[06a4573b-67a1-41e3-a350-f896363bc636:c3768, 0b725bbf-683b-4664-9a2e-3c9dd6e38bc1:c3764, 9193e3b7-ae04-484d-a740-c65c11559486:c3764]
2019-08-24 07:08:39,152 | INFO  | DNAudit | user=null | ip=null | op=PUT_BLOCK {blockData=[blockId=conID: 2 locID: 102670697693512277 bcsId: 0,size=1048576]} | ret=SUCCESS |  
2019-08-24 07:08:39,152 [grpc-default-executor-5] INFO  client.GrpcClientProtocolClient (GrpcClientProtocolClient.java:onNext(255)) - client-6EDD19400D46->06a4573b-67a1-41e3-a350-f896363bc636: receive RaftClientReply:client-6EDD19400D46->06a4573b-67a1-41e3-a350-f896363bc636@group-757E3781CD2A, cid=2543, SUCCESS, logIndex=3768, commits[06a4573b-67a1-41e3-a350-f896363bc636:c3768, 0b725bbf-683b-4664-9a2e-3c9dd6e38bc1:c3764, 9193e3b7-ae04-484d-a740-c65c11559486:c3764]
2019-08-24 07:08:39,152 | INFO  | DNAudit | user=null | ip=null | op=WRITE_CHUNK {blockData=conID: 2 locID: 102670697693512277 bcsId: 0} | ret=SUCCESS |  
2019-08-24 07:08:39,152 | INFO  | DNAudit | user=null | ip=null | op=PUT_BLOCK {blockData=[blockId=conID: 2 locID: 102670697693512277 bcsId: 0,size=1048576]} | ret=SUCCESS |  
2019-08-24 07:08:39,153 | INFO  | DNAudit | user=null | ip=null | op=WRITE_CHUNK {blockData=conID: 2 locID: 102670697693512277 bcsId: 0} | ret=SUCCESS |  
2019-08-24 07:08:39,153 | INFO  | DNAudit | user=null | ip=null | op=WRITE_CHUNK {blockData=conID: 2 locID: 102670697693512277 bcsId: 0} | ret=SUCCESS |  
2019-08-24 07:08:39,153 | INFO  | DNAudit | user=null | ip=null | op=PUT_BLOCK {blockData=[blockId=conID: 2 locID: 102670697693512277 bcsId: 0,size=2097152]} | ret=SUCCESS |  
2019-08-24 07:08:39,153 [grpc-default-executor-2] INFO  client.GrpcClientProtocolClient (GrpcClientProtocolClient.java:onNext(255)) - client-6EDD19400D46->06a4573b-67a1-41e3-a350-f896363bc636: receive RaftClientReply:client-6EDD19400D46->06a4573b-67a1-41e3-a350-f896363bc636@group-757E3781CD2A, cid=2544, SUCCESS, logIndex=0, commits[06a4573b-67a1-41e3-a350-f896363bc636:c3770, 0b725bbf-683b-4664-9a2e-3c9dd6e38bc1:c3766, 9193e3b7-ae04-484d-a740-c65c11559486:c3766]
2019-08-24 07:08:39,155 | INFO  | DNAudit | user=null | ip=null | op=PUT_BLOCK {blockData=[blockId=conID: 2 locID: 102670697693512277 bcsId: 0,size=2097152]} | ret=SUCCESS |  
2019-08-24 07:08:39,160 | INFO  | DNAudit | user=null | ip=null | op=WRITE_CHUNK {blockData=conID: 2 locID: 102670697693512277 bcsId: 3768} | ret=SUCCESS |  
2019-08-24 07:08:39,163 | INFO  | DNAudit | user=null | ip=null | op=WRITE_CHUNK {blockData=conID: 2 locID: 102670697693512277 bcsId: 3768} | ret=SUCCESS |  
2019-08-24 07:08:39,164 | INFO  | DNAudit | user=null | ip=null | op=WRITE_CHUNK {blockData=conID: 2 locID: 102670697693512277 bcsId: 3768} | ret=SUCCESS |  
2019-08-24 07:08:39,173 | INFO  | DNAudit | user=null | ip=null | op=WRITE_CHUNK {blockData=conID: 2 locID: 102670697693512277 bcsId: 3768} | ret=SUCCESS |  
2019-08-24 07:08:39,173 | INFO  | DNAudit | user=null | ip=null | op=PUT_BLOCK {blockData=[blockId=conID: 2 locID: 102670697693512277 bcsId: 0,size=3145728]} | ret=SUCCESS |  
2019-08-24 07:08:39,174 [grpc-default-executor-2] INFO  client.GrpcClientProtocolClient (GrpcClientProtocolClient.java:onNext(255)) - client-6EDD19400D46->06a4573b-67a1-41e3-a350-f896363bc636: receive RaftClientReply:client-6EDD19400D46->06a4573b-67a1-41e3-a350-f896363bc636@group-757E3781CD2A, cid=2545, SUCCESS, logIndex=3773, commits[06a4573b-67a1-41e3-a350-f896363bc636:c3774, 0b725bbf-683b-4664-9a2e-3c9dd6e38bc1:c3772, 9193e3b7-ae04-484d-a740-c65c11559486:c3772]
2019-08-24 07:08:39,174 [grpc-default-executor-2] INFO  client.GrpcClientProtocolClient (GrpcClientProtocolClient.java:onNext(255)) - client-6EDD19400D46->06a4573b-67a1-41e3-a350-f896363bc636: receive RaftClientReply:client-6EDD19400D46->06a4573b-67a1-41e3-a350-f896363bc636@group-757E3781CD2A, cid=2546, SUCCESS, logIndex=3774, commits[06a4573b-67a1-41e3-a350-f896363bc636:c3774, 0b725bbf-683b-4664-9a2e-3c9dd6e38bc1:c3772, 9193e3b7-ae04-484d-a740-c65c11559486:c3772]
2019-08-24 07:08:39,182 | INFO  | DNAudit | user=null | ip=null | op=WRITE_CHUNK {blockData=conID: 2 locID: 102670697693512277 bcsId: 3774} | ret=SUCCESS |  
2019-08-24 07:08:39,184 | INFO  | DNAudit | user=null | ip=null | op=WRITE_CHUNK {blockData=conID: 2 locID: 102670697693512277 bcsId: 3768} | ret=SUCCESS |  
2019-08-24 07:08:39,185 | INFO  | DNAudit | user=null | ip=null | op=WRITE_CHUNK {blockData=conID: 2 locID: 102670697693512277 bcsId: 3774} | ret=SUCCESS |  
2019-08-24 07:08:39,185 | INFO  | DNAudit | user=null | ip=null | op=WRITE_CHUNK {blockData=conID: 2 locID: 102670697693512277 bcsId: 3768} | ret=SUCCESS |  
2019-08-24 07:08:39,185 | INFO  | DNAudit | user=null | ip=null | op=WRITE_CHUNK {blockData=conID: 2 locID: 102670697693512277 bcsId: 3774} | ret=SUCCESS |  
2019-08-24 07:08:39,186 | INFO  | DNAudit | user=null | ip=null | op=PUT_BLOCK {blockData=[blockId=conID: 2 locID: 102670697693512277 bcsId: 0,size=3145728]} | ret=SUCCESS |  
2019-08-24 07:08:39,186 | INFO  | DNAudit | user=null | ip=null | op=WRITE_CHUNK {blockData=conID: 2 locID: 102670697693512277 bcsId: 3774} | ret=SUCCESS |  
2019-08-24 07:08:39,187 | INFO  | DNAudit | user=null | ip=null | op=PUT_BLOCK {blockData=[blockId=conID: 2 locID: 102670697693512277 bcsId: 0,size=3145728]} | ret=SUCCESS |  
2019-08-24 07:08:39,187 | INFO  | DNAudit | user=null | ip=null | op=PUT_BLOCK {blockData=[blockId=conID: 2 locID: 102670697693512277 bcsId: 0,size=4194304]} | ret=SUCCESS |  
2019-08-24 07:08:39,187 [grpc-default-executor-1] INFO  client.GrpcClientProtocolClient (GrpcClientProtocolClient.java:onNext(255)) - client-6EDD19400D46->06a4573b-67a1-41e3-a350-f896363bc636: receive RaftClientReply:client-6EDD19400D46->06a4573b-67a1-41e3-a350-f896363bc636@group-757E3781CD2A, cid=2547, SUCCESS, logIndex=3777, commits[06a4573b-67a1-41e3-a350-f896363bc636:c3778, 0b725bbf-683b-4664-9a2e-3c9dd6e38bc1:c3773, 9193e3b7-ae04-484d-a740-c65c11559486:c3774]
2019-08-24 07:08:39,188 [grpc-default-executor-1] INFO  client.GrpcClientProtocolClient (GrpcClientProtocolClient.java:onNext(255)) - client-6EDD19400D46->06a4573b-67a1-41e3-a350-f896363bc636: receive RaftClientReply:client-6EDD19400D46->06a4573b-67a1-41e3-a350-f896363bc636@group-757E3781CD2A, cid=2548, SUCCESS, logIndex=3778, commits[06a4573b-67a1-41e3-a350-f896363bc636:c3778, 0b725bbf-683b-4664-9a2e-3c9dd6e38bc1:c3774, 9193e3b7-ae04-484d-a740-c65c11559486:c3774]
2019-08-24 07:08:39,188 | INFO  | DNAudit | user=null | ip=null | op=WRITE_CHUNK {blockData=conID: 2 locID: 102670697693512277 bcsId: 3774} | ret=SUCCESS |  
2019-08-24 07:08:39,190 | INFO  | DNAudit | user=null | ip=null | op=WRITE_CHUNK {blockData=conID: 2 locID: 102670697693512277 bcsId: 3774} | ret=SUCCESS |  
2019-08-24 07:08:39,201 | INFO  | DNAudit | user=null | ip=null | op=PUT_BLOCK {blockData=[blockId=conID: 2 locID: 102670697693512277 bcsId: 0,size=4194304]} | ret=SUCCESS |  
2019-08-24 07:08:39,202 | INFO  | DNAudit | user=null | ip=null | op=PUT_BLOCK {blockData=[blockId=conID: 2 locID: 102670697693512277 bcsId: 0,size=4194304]} | ret=SUCCESS |  
2019-08-24 07:08:39,202 [grpc-default-executor-5] INFO  client.GrpcClientProtocolClient (GrpcClientProtocolClient.java:onNext(255)) - client-6EDD19400D46->06a4573b-67a1-41e3-a350-f896363bc636: receive RaftClientReply:client-6EDD19400D46->06a4573b-67a1-41e3-a350-f896363bc636@group-757E3781CD2A, cid=2549, SUCCESS, logIndex=0, commits[06a4573b-67a1-41e3-a350-f896363bc636:c3780, 0b725bbf-683b-4664-9a2e-3c9dd6e38bc1:c3778, 9193e3b7-ae04-484d-a740-c65c11559486:c3778]
2019-08-24 07:08:39,207 | INFO  | SCMAudit | user=jenkins1000 | ip=192.168.69.125 | op=ALLOCATE_BLOCK {owner=61bacca8-15b6-4a50-8962-5e9786b18b0d, size=4194304, type=RATIS, factor=THREE} | ret=SUCCESS |  
2019-08-24 07:08:39,210 | INFO  | OMAudit | user=jenkins1000 | ip=127.0.0.1 | op=ALLOCATE_BLOCK {volume=vol-0-26988, bucket=bucket-0-20739, key=key-0-27353, dataSize=0, replicationType=null, replicationFactor=null, keyLocationInfo=null, clientID=102670695851229586} | ret=SUCCESS |  
2019-08-24 07:08:39,217 | INFO  | DNAudit | user=null | ip=null | op=WRITE_CHUNK {blockData=conID: 3 locID: 102670697706750550 bcsId: 0} | ret=SUCCESS |  
2019-08-24 07:08:39,221 | INFO  | DNAudit | user=null | ip=null | op=WRITE_CHUNK {blockData=conID: 3 locID: 102670697706750550 bcsId: 0} | ret=SUCCESS |  
2019-08-24 07:08:39,221 | INFO  | DNAudit | user=null | ip=null | op=WRITE_CHUNK {blockData=conID: 3 locID: 102670697706750550 bcsId: 0} | ret=SUCCESS |  
2019-08-24 07:08:39,222 | INFO  | DNAudit | user=null | ip=null | op=WRITE_CHUNK {blockData=conID: 3 locID: 102670697706750550 bcsId: 0} | ret=SUCCESS |  
2019-08-24 07:08:39,225 | INFO  | DNAudit | user=null | ip=null | op=WRITE_CHUNK {blockData=conID: 3 locID: 102670697706750550 bcsId: 0} | ret=SUCCESS |  
2019-08-24 07:08:39,225 | INFO  | DNAudit | user=null | ip=null | op=WRITE_CHUNK {blockData=conID: 3 locID: 102670697706750550 bcsId: 0} | ret=SUCCESS |  
2019-08-24 07:08:39,230 | INFO  | DNAudit | user=null | ip=null | op=WRITE_CHUNK {blockData=conID: 3 locID: 102670697706750550 bcsId: 0} | ret=SUCCESS |  
2019-08-24 07:08:39,230 | INFO  | DNAudit | user=null | ip=null | op=PUT_BLOCK {blockData=[blockId=conID: 3 locID: 102670697706750550 bcsId: 0,size=1048576]} | ret=SUCCESS |  
2019-08-24 07:08:39,231 [grpc-default-executor-1] INFO  client.GrpcClientProtocolClient (GrpcClientProtocolClient.java:onNext(255)) - client-6EDD19400D46->06a4573b-67a1-41e3-a350-f896363bc636: receive RaftClientReply:client-6EDD19400D46->06a4573b-67a1-41e3-a350-f896363bc636@group-757E3781CD2A, cid=2550, SUCCESS, logIndex=3781, commits[06a4573b-67a1-41e3-a350-f896363bc636:c3782, 0b725bbf-683b-4664-9a2e-3c9dd6e38bc1:c3780, 9193e3b7-ae04-484d-a740-c65c11559486:c3780]
2019-08-24 07:08:39,231 | INFO  | DNAudit | user=null | ip=null | op=WRITE_CHUNK {blockData=conID: 3 locID: 102670697706750550 bcsId: 0} | ret=SUCCESS |  
2019-08-24 07:08:39,231 | INFO  | DNAudit | user=null | ip=null | op=PUT_BLOCK {blockData=[blockId=conID: 3 locID: 102670697706750550 bcsId: 0,size=2097152]} | ret=SUCCESS |  
2019-08-24 07:08:39,231 [grpc-default-executor-5] INFO  client.GrpcClientProtocolClient (GrpcClientProtocolClient.java:onNext(255)) - client-6EDD19400D46->06a4573b-67a1-41e3-a350-f896363bc636: receive RaftClientReply:client-6EDD19400D46->06a4573b-67a1-41e3-a350-f896363bc636@group-757E3781CD2A, cid=2551, SUCCESS, logIndex=3782, commits[06a4573b-67a1-41e3-a350-f896363bc636:c3783, 0b725bbf-683b-4664-9a2e-3c9dd6e38bc1:c3780, 9193e3b7-ae04-484d-a740-c65c11559486:c3780]
2019-08-24 07:08:39,232 | INFO  | DNAudit | user=null | ip=null | op=WRITE_CHUNK {blockData=conID: 3 locID: 102670697706750550 bcsId: 0} | ret=SUCCESS |  
2019-08-24 07:08:39,232 | INFO  | DNAudit | user=null | ip=null | op=WRITE_CHUNK {blockData=conID: 3 locID: 102670697706750550 bcsId: 0} | ret=SUCCESS |  
2019-08-24 07:08:39,232 [grpc-default-executor-0] INFO  client.GrpcClientProtocolClient (GrpcClientProtocolClient.java:onNext(255)) - client-6EDD19400D46->06a4573b-67a1-41e3-a350-f896363bc636: receive RaftClientReply:client-6EDD19400D46->06a4573b-67a1-41e3-a350-f896363bc636@group-757E3781CD2A, cid=2552, SUCCESS, logIndex=3783, commits[06a4573b-67a1-41e3-a350-f896363bc636:c3784, 0b725bbf-683b-4664-9a2e-3c9dd6e38bc1:c3780, 9193e3b7-ae04-484d-a740-c65c11559486:c3780]
2019-08-24 07:08:39,232 | INFO  | DNAudit | user=null | ip=null | op=PUT_BLOCK {blockData=[blockId=conID: 3 locID: 102670697706750550 bcsId: 0,size=1048576]} | ret=SUCCESS |  
2019-08-24 07:08:39,232 | INFO  | DNAudit | user=null | ip=null | op=PUT_BLOCK {blockData=[blockId=conID: 3 locID: 102670697706750550 bcsId: 0,size=1048576]} | ret=SUCCESS |  
2019-08-24 07:08:39,232 [grpc-default-executor-0] INFO  client.GrpcClientProtocolClient (GrpcClientProtocolClient.java:onNext(255)) - client-6EDD19400D46->06a4573b-67a1-41e3-a350-f896363bc636: receive RaftClientReply:client-6EDD19400D46->06a4573b-67a1-41e3-a350-f896363bc636@group-757E3781CD2A, cid=2553, SUCCESS, logIndex=3784, commits[06a4573b-67a1-41e3-a350-f896363bc636:c3784, 0b725bbf-683b-4664-9a2e-3c9dd6e38bc1:c3780, 9193e3b7-ae04-484d-a740-c65c11559486:c3780]
2019-08-24 07:08:39,233 | INFO  | DNAudit | user=null | ip=null | op=WRITE_CHUNK {blockData=conID: 3 locID: 102670697706750550 bcsId: 0} | ret=SUCCESS |  
2019-08-24 07:08:39,233 | INFO  | DNAudit | user=null | ip=null | op=PUT_BLOCK {blockData=[blockId=conID: 3 locID: 102670697706750550 bcsId: 0,size=2097152]} | ret=SUCCESS |  
2019-08-24 07:08:39,233 [grpc-default-executor-0] INFO  client.GrpcClientProtocolClient (GrpcClientProtocolClient.java:onNext(255)) - client-6EDD19400D46->06a4573b-67a1-41e3-a350-f896363bc636: receive RaftClientReply:client-6EDD19400D46->06a4573b-67a1-41e3-a350-f896363bc636@group-757E3781CD2A, cid=2554, SUCCESS, logIndex=0, commits[06a4573b-67a1-41e3-a350-f896363bc636:c3786, 0b725bbf-683b-4664-9a2e-3c9dd6e38bc1:c3782, 9193e3b7-ae04-484d-a740-c65c11559486:c3783]
2019-08-24 07:08:39,235 | INFO  | DNAudit | user=null | ip=null | op=WRITE_CHUNK {blockData=conID: 3 locID: 102670697706750550 bcsId: 0} | ret=SUCCESS |  
2019-08-24 07:08:39,235 | INFO  | DNAudit | user=null | ip=null | op=PUT_BLOCK {blockData=[blockId=conID: 3 locID: 102670697706750550 bcsId: 0,size=2097152]} | ret=SUCCESS |  
2019-08-24 07:08:39,240 | INFO  | DNAudit | user=null | ip=null | op=WRITE_CHUNK {blockData=conID: 3 locID: 102670697706750550 bcsId: 3784} | ret=SUCCESS |  
2019-08-24 07:08:39,242 | INFO  | DNAudit | user=null | ip=null | op=WRITE_CHUNK {blockData=conID: 3 locID: 102670697706750550 bcsId: 3784} | ret=SUCCESS |  
2019-08-24 07:08:39,243 | INFO  | DNAudit | user=null | ip=null | op=WRITE_CHUNK {blockData=conID: 3 locID: 102670697706750550 bcsId: 3784} | ret=SUCCESS |  
2019-08-24 07:08:39,261 | INFO  | DNAudit | user=null | ip=null | op=WRITE_CHUNK {blockData=conID: 3 locID: 102670697706750550 bcsId: 3784} | ret=SUCCESS |  
2019-08-24 07:08:39,261 | INFO  | DNAudit | user=null | ip=null | op=PUT_BLOCK {blockData=[blockId=conID: 3 locID: 102670697706750550 bcsId: 0,size=3145728]} | ret=SUCCESS |  
2019-08-24 07:08:39,262 [grpc-default-executor-0] INFO  client.GrpcClientProtocolClient (GrpcClientProtocolClient.java:onNext(255)) - client-6EDD19400D46->06a4573b-67a1-41e3-a350-f896363bc636: receive RaftClientReply:client-6EDD19400D46->06a4573b-67a1-41e3-a350-f896363bc636@group-757E3781CD2A, cid=2555, SUCCESS, logIndex=3789, commits[06a4573b-67a1-41e3-a350-f896363bc636:c3790, 0b725bbf-683b-4664-9a2e-3c9dd6e38bc1:c3788, 9193e3b7-ae04-484d-a740-c65c11559486:c3788]
2019-08-24 07:08:39,262 [grpc-default-executor-0] INFO  client.GrpcClientProtocolClient (GrpcClientProtocolClient.java:onNext(255)) - client-6EDD19400D46->06a4573b-67a1-41e3-a350-f896363bc636: receive RaftClientReply:client-6EDD19400D46->06a4573b-67a1-41e3-a350-f896363bc636@group-757E3781CD2A, cid=2556, SUCCESS, logIndex=3790, commits[06a4573b-67a1-41e3-a350-f896363bc636:c3790, 0b725bbf-683b-4664-9a2e-3c9dd6e38bc1:c3788, 9193e3b7-ae04-484d-a740-c65c11559486:c3788]
2019-08-24 07:08:39,269 | INFO  | DNAudit | user=null | ip=null | op=WRITE_CHUNK {blockData=conID: 3 locID: 102670697706750550 bcsId: 3790} | ret=SUCCESS |  
2019-08-24 07:08:39,271 | INFO  | DNAudit | user=null | ip=null | op=WRITE_CHUNK {blockData=conID: 3 locID: 102670697706750550 bcsId: 3790} | ret=SUCCESS |  
2019-08-24 07:08:39,272 | INFO  | DNAudit | user=null | ip=null | op=WRITE_CHUNK {blockData=conID: 3 locID: 102670697706750550 bcsId: 3790} | ret=SUCCESS |  
2019-08-24 07:08:39,274 | INFO  | DNAudit | user=null | ip=null | op=WRITE_CHUNK {blockData=conID: 3 locID: 102670697706750550 bcsId: 3784} | ret=SUCCESS |  
2019-08-24 07:08:39,275 | INFO  | DNAudit | user=null | ip=null | op=PUT_BLOCK {blockData=[blockId=conID: 3 locID: 102670697706750550 bcsId: 0,size=3145728]} | ret=SUCCESS |  
2019-08-24 07:08:39,275 | INFO  | DNAudit | user=null | ip=null | op=WRITE_CHUNK {blockData=conID: 3 locID: 102670697706750550 bcsId: 3784} | ret=SUCCESS |  
2019-08-24 07:08:39,284 | INFO  | DNAudit | user=null | ip=null | op=WRITE_CHUNK {blockData=conID: 3 locID: 102670697706750550 bcsId: 3790} | ret=SUCCESS |  
2019-08-24 07:08:39,284 | INFO  | DNAudit | user=null | ip=null | op=PUT_BLOCK {blockData=[blockId=conID: 3 locID: 102670697706750550 bcsId: 0,size=3145728]} | ret=SUCCESS |  
2019-08-24 07:08:39,285 | INFO  | DNAudit | user=null | ip=null | op=PUT_BLOCK {blockData=[blockId=conID: 3 locID: 102670697706750550 bcsId: 0,size=4194304]} | ret=SUCCESS |  
2019-08-24 07:08:39,285 [grpc-default-executor-0] INFO  client.GrpcClientProtocolClient (GrpcClientProtocolClient.java:onNext(255)) - client-6EDD19400D46->06a4573b-67a1-41e3-a350-f896363bc636: receive RaftClientReply:client-6EDD19400D46->06a4573b-67a1-41e3-a350-f896363bc636@group-757E3781CD2A, cid=2557, SUCCESS, logIndex=3793, commits[06a4573b-67a1-41e3-a350-f896363bc636:c3794, 0b725bbf-683b-4664-9a2e-3c9dd6e38bc1:c3790, 9193e3b7-ae04-484d-a740-c65c11559486:c3790]
2019-08-24 07:08:39,285 [grpc-default-executor-0] INFO  client.GrpcClientProtocolClient (GrpcClientProtocolClient.java:onNext(255)) - client-6EDD19400D46->06a4573b-67a1-41e3-a350-f896363bc636: receive RaftClientReply:client-6EDD19400D46->06a4573b-67a1-41e3-a350-f896363bc636@group-757E3781CD2A, cid=2558, SUCCESS, logIndex=3794, commits[06a4573b-67a1-41e3-a350-f896363bc636:c3794, 0b725bbf-683b-4664-9a2e-3c9dd6e38bc1:c3790, 9193e3b7-ae04-484d-a740-c65c11559486:c3790]
2019-08-24 07:08:39,296 | INFO  | DNAudit | user=null | ip=null | op=WRITE_CHUNK {blockData=conID: 3 locID: 102670697706750550 bcsId: 3790} | ret=SUCCESS |  
2019-08-24 07:08:39,296 | INFO  | DNAudit | user=null | ip=null | op=WRITE_CHUNK {blockData=conID: 3 locID: 102670697706750550 bcsId: 3790} | ret=SUCCESS |  
2019-08-24 07:08:39,296 | INFO  | DNAudit | user=null | ip=null | op=PUT_BLOCK {blockData=[blockId=conID: 3 locID: 102670697706750550 bcsId: 0,size=4194304]} | ret=SUCCESS |  
2019-08-24 07:08:39,296 | INFO  | DNAudit | user=null | ip=null | op=PUT_BLOCK {blockData=[blockId=conID: 3 locID: 102670697706750550 bcsId: 0,size=4194304]} | ret=SUCCESS |  
2019-08-24 07:08:39,297 [grpc-default-executor-0] INFO  client.GrpcClientProtocolClient (GrpcClientProtocolClient.java:onNext(255)) - client-6EDD19400D46->06a4573b-67a1-41e3-a350-f896363bc636: receive RaftClientReply:client-6EDD19400D46->06a4573b-67a1-41e3-a350-f896363bc636@group-757E3781CD2A, cid=2559, SUCCESS, logIndex=0, commits[06a4573b-67a1-41e3-a350-f896363bc636:c3795, 0b725bbf-683b-4664-9a2e-3c9dd6e38bc1:c3794, 9193e3b7-ae04-484d-a740-c65c11559486:c3794]
2019-08-24 07:08:39,301 | INFO  | SCMAudit | user=jenkins1000 | ip=192.168.69.125 | op=ALLOCATE_BLOCK {owner=61bacca8-15b6-4a50-8962-5e9786b18b0d, size=4194304, type=RATIS, factor=THREE} | ret=SUCCESS |  
2019-08-24 07:08:39,304 | INFO  | OMAudit | user=jenkins1000 | ip=127.0.0.1 | op=ALLOCATE_BLOCK {volume=vol-0-26988, bucket=bucket-0-20739, key=key-0-27353, dataSize=0, replicationType=null, replicationFactor=null, keyLocationInfo=null, clientID=102670695851229586} | ret=SUCCESS |  
2019-08-24 07:08:39,311 | INFO  | DNAudit | user=null | ip=null | op=WRITE_CHUNK {blockData=conID: 1 locID: 102670697712910935 bcsId: 0} | ret=SUCCESS |  
2019-08-24 07:08:39,313 | INFO  | DNAudit | user=null | ip=null | op=WRITE_CHUNK {blockData=conID: 1 locID: 102670697712910935 bcsId: 0} | ret=SUCCESS |  
2019-08-24 07:08:39,315 | INFO  | DNAudit | user=null | ip=null | op=WRITE_CHUNK {blockData=conID: 1 locID: 102670697712910935 bcsId: 0} | ret=SUCCESS |  
2019-08-24 07:08:39,315 | INFO  | DNAudit | user=null | ip=null | op=WRITE_CHUNK {blockData=conID: 1 locID: 102670697712910935 bcsId: 0} | ret=SUCCESS |  
2019-08-24 07:08:39,317 | INFO  | DNAudit | user=null | ip=null | op=WRITE_CHUNK {blockData=conID: 1 locID: 102670697712910935 bcsId: 0} | ret=SUCCESS |  
2019-08-24 07:08:39,318 | INFO  | DNAudit | user=null | ip=null | op=WRITE_CHUNK {blockData=conID: 1 locID: 102670697712910935 bcsId: 0} | ret=SUCCESS |  
2019-08-24 07:08:39,323 | INFO  | DNAudit | user=null | ip=null | op=WRITE_CHUNK {blockData=conID: 1 locID: 102670697712910935 bcsId: 0} | ret=SUCCESS |  
2019-08-24 07:08:39,324 | INFO  | DNAudit | user=null | ip=null | op=PUT_BLOCK {blockData=[blockId=conID: 1 locID: 102670697712910935 bcsId: 0,size=1048576]} | ret=SUCCESS |  
2019-08-24 07:08:39,324 [grpc-default-executor-1] INFO  client.GrpcClientProtocolClient (GrpcClientProtocolClient.java:onNext(255)) - client-6EDD19400D46->06a4573b-67a1-41e3-a350-f896363bc636: receive RaftClientReply:client-6EDD19400D46->06a4573b-67a1-41e3-a350-f896363bc636@group-757E3781CD2A, cid=2560, SUCCESS, logIndex=3796, commits[06a4573b-67a1-41e3-a350-f896363bc636:c3797, 0b725bbf-683b-4664-9a2e-3c9dd6e38bc1:c3795, 9193e3b7-ae04-484d-a740-c65c11559486:c3795]
2019-08-24 07:08:39,324 | INFO  | DNAudit | user=null | ip=null | op=WRITE_CHUNK {blockData=conID: 1 locID: 102670697712910935 bcsId: 0} | ret=SUCCESS |  
2019-08-24 07:08:39,324 [grpc-default-executor-0] INFO  client.GrpcClientProtocolClient (GrpcClientProtocolClient.java:onNext(255)) - client-6EDD19400D46->06a4573b-67a1-41e3-a350-f896363bc636: receive RaftClientReply:client-6EDD19400D46->06a4573b-67a1-41e3-a350-f896363bc636@group-757E3781CD2A, cid=2561, SUCCESS, logIndex=3797, commits[06a4573b-67a1-41e3-a350-f896363bc636:c3797, 0b725bbf-683b-4664-9a2e-3c9dd6e38bc1:c3795, 9193e3b7-ae04-484d-a740-c65c11559486:c3795]
2019-08-24 07:08:39,325 | INFO  | DNAudit | user=null | ip=null | op=PUT_BLOCK {blockData=[blockId=conID: 1 locID: 102670697712910935 bcsId: 0,size=2097152]} | ret=SUCCESS |  
2019-08-24 07:08:39,325 [grpc-default-executor-0] INFO  client.GrpcClientProtocolClient (GrpcClientProtocolClient.java:onNext(255)) - client-6EDD19400D46->06a4573b-67a1-41e3-a350-f896363bc636: receive RaftClientReply:client-6EDD19400D46->06a4573b-67a1-41e3-a350-f896363bc636@group-757E3781CD2A, cid=2562, SUCCESS, logIndex=3798, commits[06a4573b-67a1-41e3-a350-f896363bc636:c3799, 0b725bbf-683b-4664-9a2e-3c9dd6e38bc1:c3795, 9193e3b7-ae04-484d-a740-c65c11559486:c3795]
2019-08-24 07:08:39,325 [grpc-default-executor-0] INFO  client.GrpcClientProtocolClient (GrpcClientProtocolClient.java:onNext(255)) - client-6EDD19400D46->06a4573b-67a1-41e3-a350-f896363bc636: receive RaftClientReply:client-6EDD19400D46->06a4573b-67a1-41e3-a350-f896363bc636@group-757E3781CD2A, cid=2563, SUCCESS, logIndex=3799, commits[06a4573b-67a1-41e3-a350-f896363bc636:c3799, 0b725bbf-683b-4664-9a2e-3c9dd6e38bc1:c3795, 9193e3b7-ae04-484d-a740-c65c11559486:c3795]
2019-08-24 07:08:39,336 | INFO  | DNAudit | user=null | ip=null | op=WRITE_CHUNK {blockData=conID: 1 locID: 102670697712910935 bcsId: 0} | ret=SUCCESS |  
2019-08-24 07:08:39,336 | INFO  | DNAudit | user=null | ip=null | op=PUT_BLOCK {blockData=[blockId=conID: 1 locID: 102670697712910935 bcsId: 0,size=1048576]} | ret=SUCCESS |  
2019-08-24 07:08:39,336 | INFO  | DNAudit | user=null | ip=null | op=WRITE_CHUNK {blockData=conID: 1 locID: 102670697712910935 bcsId: 0} | ret=SUCCESS |  
2019-08-24 07:08:39,337 | INFO  | DNAudit | user=null | ip=null | op=PUT_BLOCK {blockData=[blockId=conID: 1 locID: 102670697712910935 bcsId: 0,size=1048576]} | ret=SUCCESS |  
2019-08-24 07:08:39,337 | INFO  | DNAudit | user=null | ip=null | op=WRITE_CHUNK {blockData=conID: 1 locID: 102670697712910935 bcsId: 0} | ret=SUCCESS |  
2019-08-24 07:08:39,337 | INFO  | DNAudit | user=null | ip=null | op=PUT_BLOCK {blockData=[blockId=conID: 1 locID: 102670697712910935 bcsId: 0,size=2097152]} | ret=SUCCESS |  
2019-08-24 07:08:39,337 | INFO  | DNAudit | user=null | ip=null | op=WRITE_CHUNK {blockData=conID: 1 locID: 102670697712910935 bcsId: 0} | ret=SUCCESS |  
2019-08-24 07:08:39,337 | INFO  | DNAudit | user=null | ip=null | op=PUT_BLOCK {blockData=[blockId=conID: 1 locID: 102670697712910935 bcsId: 0,size=2097152]} | ret=SUCCESS |  
2019-08-24 07:08:39,337 [grpc-default-executor-5] INFO  client.GrpcClientProtocolClient (GrpcClientProtocolClient.java:onNext(255)) - client-6EDD19400D46->06a4573b-67a1-41e3-a350-f896363bc636: receive RaftClientReply:client-6EDD19400D46->06a4573b-67a1-41e3-a350-f896363bc636@group-757E3781CD2A, cid=2564, SUCCESS, logIndex=0, commits[06a4573b-67a1-41e3-a350-f896363bc636:c3801, 0b725bbf-683b-4664-9a2e-3c9dd6e38bc1:c3797, 9193e3b7-ae04-484d-a740-c65c11559486:c3797]
2019-08-24 07:08:39,343 | INFO  | DNAudit | user=null | ip=null | op=WRITE_CHUNK {blockData=conID: 1 locID: 102670697712910935 bcsId: 3799} | ret=SUCCESS |  
2019-08-24 07:08:39,346 | INFO  | DNAudit | user=null | ip=null | op=WRITE_CHUNK {blockData=conID: 1 locID: 102670697712910935 bcsId: 3799} | ret=SUCCESS |  
2019-08-24 07:08:39,346 | INFO  | DNAudit | user=null | ip=null | op=WRITE_CHUNK {blockData=conID: 1 locID: 102670697712910935 bcsId: 3799} | ret=SUCCESS |  
2019-08-24 07:08:39,358 | INFO  | DNAudit | user=null | ip=null | op=WRITE_CHUNK {blockData=conID: 1 locID: 102670697712910935 bcsId: 3799} | ret=SUCCESS |  
2019-08-24 07:08:39,358 | INFO  | DNAudit | user=null | ip=null | op=PUT_BLOCK {blockData=[blockId=conID: 1 locID: 102670697712910935 bcsId: 0,size=3145728]} | ret=SUCCESS |  
2019-08-24 07:08:39,358 [grpc-default-executor-0] INFO  client.GrpcClientProtocolClient (GrpcClientProtocolClient.java:onNext(255)) - client-6EDD19400D46->06a4573b-67a1-41e3-a350-f896363bc636: receive RaftClientReply:client-6EDD19400D46->06a4573b-67a1-41e3-a350-f896363bc636@group-757E3781CD2A, cid=2565, SUCCESS, logIndex=3804, commits[06a4573b-67a1-41e3-a350-f896363bc636:c3805, 0b725bbf-683b-4664-9a2e-3c9dd6e38bc1:c3803, 9193e3b7-ae04-484d-a740-c65c11559486:c3803]
2019-08-24 07:08:39,358 [grpc-default-executor-0] INFO  client.GrpcClientProtocolClient (GrpcClientProtocolClient.java:onNext(255)) - client-6EDD19400D46->06a4573b-67a1-41e3-a350-f896363bc636: receive RaftClientReply:client-6EDD19400D46->06a4573b-67a1-41e3-a350-f896363bc636@group-757E3781CD2A, cid=2566, SUCCESS, logIndex=3805, commits[06a4573b-67a1-41e3-a350-f896363bc636:c3805, 0b725bbf-683b-4664-9a2e-3c9dd6e38bc1:c3803, 9193e3b7-ae04-484d-a740-c65c11559486:c3803]
2019-08-24 07:08:39,364 | INFO  | DNAudit | user=null | ip=null | op=WRITE_CHUNK {blockData=conID: 1 locID: 102670697712910935 bcsId: 3805} | ret=SUCCESS |  
2019-08-24 07:08:39,367 | INFO  | DNAudit | user=null | ip=null | op=WRITE_CHUNK {blockData=conID: 1 locID: 102670697712910935 bcsId: 3805} | ret=SUCCESS |  
2019-08-24 07:08:39,368 | INFO  | DNAudit | user=null | ip=null | op=WRITE_CHUNK {blockData=conID: 1 locID: 102670697712910935 bcsId: 3805} | ret=SUCCESS |  
2019-08-24 07:08:39,376 | INFO  | DNAudit | user=null | ip=null | op=WRITE_CHUNK {blockData=conID: 1 locID: 102670697712910935 bcsId: 3799} | ret=SUCCESS |  
2019-08-24 07:08:39,376 | INFO  | DNAudit | user=null | ip=null | op=WRITE_CHUNK {blockData=conID: 1 locID: 102670697712910935 bcsId: 3799} | ret=SUCCESS |  
2019-08-24 07:08:39,385 | INFO  | DNAudit | user=null | ip=null | op=PUT_BLOCK {blockData=[blockId=conID: 1 locID: 102670697712910935 bcsId: 0,size=3145728]} | ret=SUCCESS |  
2019-08-24 07:08:39,386 | INFO  | DNAudit | user=null | ip=null | op=PUT_BLOCK {blockData=[blockId=conID: 1 locID: 102670697712910935 bcsId: 0,size=3145728]} | ret=SUCCESS |  
2019-08-24 07:08:39,386 | INFO  | DNAudit | user=null | ip=null | op=WRITE_CHUNK {blockData=conID: 1 locID: 102670697712910935 bcsId: 3805} | ret=SUCCESS |  
2019-08-24 07:08:39,386 | INFO  | DNAudit | user=null | ip=null | op=PUT_BLOCK {blockData=[blockId=conID: 1 locID: 102670697712910935 bcsId: 0,size=4194304]} | ret=SUCCESS |  
2019-08-24 07:08:39,387 [grpc-default-executor-1] INFO  client.GrpcClientProtocolClient (GrpcClientProtocolClient.java:onNext(255)) - client-6EDD19400D46->06a4573b-67a1-41e3-a350-f896363bc636: receive RaftClientReply:client-6EDD19400D46->06a4573b-67a1-41e3-a350-f896363bc636@group-757E3781CD2A, cid=2567, SUCCESS, logIndex=3808, commits[06a4573b-67a1-41e3-a350-f896363bc636:c3809, 0b725bbf-683b-4664-9a2e-3c9dd6e38bc1:c3805, 9193e3b7-ae04-484d-a740-c65c11559486:c3805]
2019-08-24 07:08:39,387 [grpc-default-executor-1] INFO  client.GrpcClientProtocolClient (GrpcClientProtocolClient.java:onNext(255)) - client-6EDD19400D46->06a4573b-67a1-41e3-a350-f896363bc636: receive RaftClientReply:client-6EDD19400D46->06a4573b-67a1-41e3-a350-f896363bc636@group-757E3781CD2A, cid=2568, SUCCESS, logIndex=3809, commits[06a4573b-67a1-41e3-a350-f896363bc636:c3809, 0b725bbf-683b-4664-9a2e-3c9dd6e38bc1:c3805, 9193e3b7-ae04-484d-a740-c65c11559486:c3805]
2019-08-24 07:08:39,399 | INFO  | DNAudit | user=null | ip=null | op=WRITE_CHUNK {blockData=conID: 1 locID: 102670697712910935 bcsId: 3805} | ret=SUCCESS |  
2019-08-24 07:08:39,400 | INFO  | DNAudit | user=null | ip=null | op=PUT_BLOCK {blockData=[blockId=conID: 1 locID: 102670697712910935 bcsId: 0,size=4194304]} | ret=SUCCESS |  
2019-08-24 07:08:39,400 | INFO  | DNAudit | user=null | ip=null | op=WRITE_CHUNK {blockData=conID: 1 locID: 102670697712910935 bcsId: 3805} | ret=SUCCESS |  
2019-08-24 07:08:39,400 | INFO  | DNAudit | user=null | ip=null | op=PUT_BLOCK {blockData=[blockId=conID: 1 locID: 102670697712910935 bcsId: 0,size=4194304]} | ret=SUCCESS |  
2019-08-24 07:08:39,400 [grpc-default-executor-1] INFO  client.GrpcClientProtocolClient (GrpcClientProtocolClient.java:onNext(255)) - client-6EDD19400D46->06a4573b-67a1-41e3-a350-f896363bc636: receive RaftClientReply:client-6EDD19400D46->06a4573b-67a1-41e3-a350-f896363bc636@group-757E3781CD2A, cid=2569, SUCCESS, logIndex=0, commits[06a4573b-67a1-41e3-a350-f896363bc636:c3810, 0b725bbf-683b-4664-9a2e-3c9dd6e38bc1:c3809, 9193e3b7-ae04-484d-a740-c65c11559486:c3809]
2019-08-24 07:08:39,405 | INFO  | SCMAudit | user=jenkins1000 | ip=192.168.69.125 | op=ALLOCATE_BLOCK {owner=61bacca8-15b6-4a50-8962-5e9786b18b0d, size=4194304, type=RATIS, factor=THREE} | ret=SUCCESS |  
2019-08-24 07:08:39,408 | INFO  | OMAudit | user=jenkins1000 | ip=127.0.0.1 | op=ALLOCATE_BLOCK {volume=vol-0-26988, bucket=bucket-0-20739, key=key-0-27353, dataSize=0, replicationType=null, replicationFactor=null, keyLocationInfo=null, clientID=102670695851229586} | ret=SUCCESS |  
2019-08-24 07:08:39,414 | INFO  | DNAudit | user=null | ip=null | op=WRITE_CHUNK {blockData=conID: 2 locID: 102670697719726680 bcsId: 0} | ret=SUCCESS |  
2019-08-24 07:08:39,416 | INFO  | DNAudit | user=null | ip=null | op=WRITE_CHUNK {blockData=conID: 2 locID: 102670697719726680 bcsId: 0} | ret=SUCCESS |  
2019-08-24 07:08:39,418 | INFO  | DNAudit | user=null | ip=null | op=WRITE_CHUNK {blockData=conID: 2 locID: 102670697719726680 bcsId: 0} | ret=SUCCESS |  
2019-08-24 07:08:39,418 | INFO  | DNAudit | user=null | ip=null | op=WRITE_CHUNK {blockData=conID: 2 locID: 102670697719726680 bcsId: 0} | ret=SUCCESS |  
2019-08-24 07:08:39,419 | INFO  | DNAudit | user=null | ip=null | op=WRITE_CHUNK {blockData=conID: 2 locID: 102670697719726680 bcsId: 0} | ret=SUCCESS |  
2019-08-24 07:08:39,419 | INFO  | DNAudit | user=null | ip=null | op=WRITE_CHUNK {blockData=conID: 2 locID: 102670697719726680 bcsId: 0} | ret=SUCCESS |  
2019-08-24 07:08:39,428 | INFO  | DNAudit | user=null | ip=null | op=WRITE_CHUNK {blockData=conID: 2 locID: 102670697719726680 bcsId: 0} | ret=SUCCESS |  
2019-08-24 07:08:39,429 | INFO  | DNAudit | user=null | ip=null | op=PUT_BLOCK {blockData=[blockId=conID: 2 locID: 102670697719726680 bcsId: 0,size=1048576]} | ret=SUCCESS |  
2019-08-24 07:08:39,429 [grpc-default-executor-5] INFO  client.GrpcClientProtocolClient (GrpcClientProtocolClient.java:onNext(255)) - client-6EDD19400D46->06a4573b-67a1-41e3-a350-f896363bc636: receive RaftClientReply:client-6EDD19400D46->06a4573b-67a1-41e3-a350-f896363bc636@group-757E3781CD2A, cid=2570, SUCCESS, logIndex=3812, commits[06a4573b-67a1-41e3-a350-f896363bc636:c3813, 0b725bbf-683b-4664-9a2e-3c9dd6e38bc1:c3811, 9193e3b7-ae04-484d-a740-c65c11559486:c3811]
2019-08-24 07:08:39,429 [grpc-default-executor-5] INFO  client.GrpcClientProtocolClient (GrpcClientProtocolClient.java:onNext(255)) - client-6EDD19400D46->06a4573b-67a1-41e3-a350-f896363bc636: receive RaftClientReply:client-6EDD19400D46->06a4573b-67a1-41e3-a350-f896363bc636@group-757E3781CD2A, cid=2571, SUCCESS, logIndex=3813, commits[06a4573b-67a1-41e3-a350-f896363bc636:c3813, 0b725bbf-683b-4664-9a2e-3c9dd6e38bc1:c3811, 9193e3b7-ae04-484d-a740-c65c11559486:c3811]
2019-08-24 07:08:39,438 | INFO  | DNAudit | user=null | ip=null | op=WRITE_CHUNK {blockData=conID: 2 locID: 102670697719726680 bcsId: 0} | ret=SUCCESS |  
2019-08-24 07:08:39,439 | INFO  | DNAudit | user=null | ip=null | op=PUT_BLOCK {blockData=[blockId=conID: 2 locID: 102670697719726680 bcsId: 0,size=2097152]} | ret=SUCCESS |  
2019-08-24 07:08:39,439 [grpc-default-executor-5] INFO  client.GrpcClientProtocolClient (GrpcClientProtocolClient.java:onNext(255)) - client-6EDD19400D46->06a4573b-67a1-41e3-a350-f896363bc636: receive RaftClientReply:client-6EDD19400D46->06a4573b-67a1-41e3-a350-f896363bc636@group-757E3781CD2A, cid=2572, SUCCESS, logIndex=3814, commits[06a4573b-67a1-41e3-a350-f896363bc636:c3815, 0b725bbf-683b-4664-9a2e-3c9dd6e38bc1:c3811, 9193e3b7-ae04-484d-a740-c65c11559486:c3811]
2019-08-24 07:08:39,439 | INFO  | DNAudit | user=null | ip=null | op=WRITE_CHUNK {blockData=conID: 2 locID: 102670697719726680 bcsId: 0} | ret=SUCCESS |  
2019-08-24 07:08:39,439 | INFO  | DNAudit | user=null | ip=null | op=WRITE_CHUNK {blockData=conID: 2 locID: 102670697719726680 bcsId: 0} | ret=SUCCESS |  
2019-08-24 07:08:39,440 | INFO  | DNAudit | user=null | ip=null | op=PUT_BLOCK {blockData=[blockId=conID: 2 locID: 102670697719726680 bcsId: 0,size=1048576]} | ret=SUCCESS |  
2019-08-24 07:08:39,439 [grpc-default-executor-1] INFO  client.GrpcClientProtocolClient (GrpcClientProtocolClient.java:onNext(255)) - client-6EDD19400D46->06a4573b-67a1-41e3-a350-f896363bc636: receive RaftClientReply:client-6EDD19400D46->06a4573b-67a1-41e3-a350-f896363bc636@group-757E3781CD2A, cid=2573, SUCCESS, logIndex=3815, commits[06a4573b-67a1-41e3-a350-f896363bc636:c3815, 0b725bbf-683b-4664-9a2e-3c9dd6e38bc1:c3811, 9193e3b7-ae04-484d-a740-c65c11559486:c3811]
2019-08-24 07:08:39,440 | INFO  | DNAudit | user=null | ip=null | op=PUT_BLOCK {blockData=[blockId=conID: 2 locID: 102670697719726680 bcsId: 0,size=1048576]} | ret=SUCCESS |  
2019-08-24 07:08:39,441 [grpc-default-executor-1] INFO  client.GrpcClientProtocolClient (GrpcClientProtocolClient.java:onNext(255)) - client-6EDD19400D46->06a4573b-67a1-41e3-a350-f896363bc636: receive RaftClientReply:client-6EDD19400D46->06a4573b-67a1-41e3-a350-f896363bc636@group-757E3781CD2A, cid=2574, SUCCESS, logIndex=0, commits[06a4573b-67a1-41e3-a350-f896363bc636:c3817, 0b725bbf-683b-4664-9a2e-3c9dd6e38bc1:c3813, 9193e3b7-ae04-484d-a740-c65c11559486:c3813]
2019-08-24 07:08:39,447 | INFO  | DNAudit | user=null | ip=null | op=WRITE_CHUNK {blockData=conID: 2 locID: 102670697719726680 bcsId: 3815} | ret=SUCCESS |  
2019-08-24 07:08:39,449 | INFO  | DNAudit | user=null | ip=null | op=WRITE_CHUNK {blockData=conID: 2 locID: 102670697719726680 bcsId: 3815} | ret=SUCCESS |  
2019-08-24 07:08:39,449 | INFO  | DNAudit | user=null | ip=null | op=WRITE_CHUNK {blockData=conID: 2 locID: 102670697719726680 bcsId: 3815} | ret=SUCCESS |  
2019-08-24 07:08:39,459 | INFO  | DNAudit | user=null | ip=null | op=WRITE_CHUNK {blockData=conID: 2 locID: 102670697719726680 bcsId: 0} | ret=SUCCESS |  
2019-08-24 07:08:39,459 | INFO  | DNAudit | user=null | ip=null | op=PUT_BLOCK {blockData=[blockId=conID: 2 locID: 102670697719726680 bcsId: 0,size=2097152]} | ret=SUCCESS |  
2019-08-24 07:08:39,459 | INFO  | DNAudit | user=null | ip=null | op=WRITE_CHUNK {blockData=conID: 2 locID: 102670697719726680 bcsId: 0} | ret=SUCCESS |  
2019-08-24 07:08:39,459 | INFO  | DNAudit | user=null | ip=null | op=WRITE_CHUNK {blockData=conID: 2 locID: 102670697719726680 bcsId: 3815} | ret=SUCCESS |  
2019-08-24 07:08:39,459 | INFO  | DNAudit | user=null | ip=null | op=PUT_BLOCK {blockData=[blockId=conID: 2 locID: 102670697719726680 bcsId: 0,size=2097152]} | ret=SUCCESS |  
2019-08-24 07:08:39,459 | INFO  | DNAudit | user=null | ip=null | op=PUT_BLOCK {blockData=[blockId=conID: 2 locID: 102670697719726680 bcsId: 0,size=3145728]} | ret=SUCCESS |  
2019-08-24 07:08:39,460 [grpc-default-executor-1] INFO  client.GrpcClientProtocolClient (GrpcClientProtocolClient.java:onNext(255)) - client-6EDD19400D46->06a4573b-67a1-41e3-a350-f896363bc636: receive RaftClientReply:client-6EDD19400D46->06a4573b-67a1-41e3-a350-f896363bc636@group-757E3781CD2A, cid=2575, SUCCESS, logIndex=3820, commits[06a4573b-67a1-41e3-a350-f896363bc636:c3821, 0b725bbf-683b-4664-9a2e-3c9dd6e38bc1:c3819, 9193e3b7-ae04-484d-a740-c65c11559486:c3819]
2019-08-24 07:08:39,460 [grpc-default-executor-1] INFO  client.GrpcClientProtocolClient (GrpcClientProtocolClient.java:onNext(255)) - client-6EDD19400D46->06a4573b-67a1-41e3-a350-f896363bc636: receive RaftClientReply:client-6EDD19400D46->06a4573b-67a1-41e3-a350-f896363bc636@group-757E3781CD2A, cid=2576, SUCCESS, logIndex=3821, commits[06a4573b-67a1-41e3-a350-f896363bc636:c3821, 0b725bbf-683b-4664-9a2e-3c9dd6e38bc1:c3819, 9193e3b7-ae04-484d-a740-c65c11559486:c3819]
2019-08-24 07:08:39,466 | INFO  | DNAudit | user=null | ip=null | op=WRITE_CHUNK {blockData=conID: 2 locID: 102670697719726680 bcsId: 3821} | ret=SUCCESS |  
2019-08-24 07:08:39,468 | INFO  | DNAudit | user=null | ip=null | op=WRITE_CHUNK {blockData=conID: 2 locID: 102670697719726680 bcsId: 3821} | ret=SUCCESS |  
2019-08-24 07:08:39,468 | INFO  | DNAudit | user=null | ip=null | op=WRITE_CHUNK {blockData=conID: 2 locID: 102670697719726680 bcsId: 3821} | ret=SUCCESS |  
2019-08-24 07:08:39,472 | INFO  | DNAudit | user=null | ip=null | op=WRITE_CHUNK {blockData=conID: 2 locID: 102670697719726680 bcsId: 3815} | ret=SUCCESS |  
2019-08-24 07:08:39,472 | INFO  | DNAudit | user=null | ip=null | op=WRITE_CHUNK {blockData=conID: 2 locID: 102670697719726680 bcsId: 3815} | ret=SUCCESS |  
2019-08-24 07:08:39,483 | INFO  | DNAudit | user=null | ip=null | op=PUT_BLOCK {blockData=[blockId=conID: 2 locID: 102670697719726680 bcsId: 0,size=3145728]} | ret=SUCCESS |  
2019-08-24 07:08:39,484 | INFO  | DNAudit | user=null | ip=null | op=WRITE_CHUNK {blockData=conID: 2 locID: 102670697719726680 bcsId: 3821} | ret=SUCCESS |  
2019-08-24 07:08:39,484 | INFO  | DNAudit | user=null | ip=null | op=PUT_BLOCK {blockData=[blockId=conID: 2 locID: 102670697719726680 bcsId: 0,size=3145728]} | ret=SUCCESS |  
2019-08-24 07:08:39,484 | INFO  | DNAudit | user=null | ip=null | op=PUT_BLOCK {blockData=[blockId=conID: 2 locID: 102670697719726680 bcsId: 0,size=4194304]} | ret=SUCCESS |  
2019-08-24 07:08:39,484 [grpc-default-executor-1] INFO  client.GrpcClientProtocolClient (GrpcClientProtocolClient.java:onNext(255)) - client-6EDD19400D46->06a4573b-67a1-41e3-a350-f896363bc636: receive RaftClientReply:client-6EDD19400D46->06a4573b-67a1-41e3-a350-f896363bc636@group-757E3781CD2A, cid=2577, SUCCESS, logIndex=3824, commits[06a4573b-67a1-41e3-a350-f896363bc636:c3825, 0b725bbf-683b-4664-9a2e-3c9dd6e38bc1:c3821, 9193e3b7-ae04-484d-a740-c65c11559486:c3820]
2019-08-24 07:08:39,485 [grpc-default-executor-1] INFO  client.GrpcClientProtocolClient (GrpcClientProtocolClient.java:onNext(255)) - client-6EDD19400D46->06a4573b-67a1-41e3-a350-f896363bc636: receive RaftClientReply:client-6EDD19400D46->06a4573b-67a1-41e3-a350-f896363bc636@group-757E3781CD2A, cid=2578, SUCCESS, logIndex=3825, commits[06a4573b-67a1-41e3-a350-f896363bc636:c3825, 0b725bbf-683b-4664-9a2e-3c9dd6e38bc1:c3821, 9193e3b7-ae04-484d-a740-c65c11559486:c3821]
2019-08-24 07:08:39,487 | INFO  | DNAudit | user=null | ip=null | op=WRITE_CHUNK {blockData=conID: 2 locID: 102670697719726680 bcsId: 3821} | ret=SUCCESS |  
2019-08-24 07:08:39,487 | INFO  | DNAudit | user=null | ip=null | op=WRITE_CHUNK {blockData=conID: 2 locID: 102670697719726680 bcsId: 3821} | ret=SUCCESS |  
2019-08-24 07:08:39,488 | INFO  | DNAudit | user=null | ip=null | op=PUT_BLOCK {blockData=[blockId=conID: 2 locID: 102670697719726680 bcsId: 0,size=4194304]} | ret=SUCCESS |  
2019-08-24 07:08:39,488 | INFO  | DNAudit | user=null | ip=null | op=PUT_BLOCK {blockData=[blockId=conID: 2 locID: 102670697719726680 bcsId: 0,size=4194304]} | ret=SUCCESS |  
2019-08-24 07:08:39,488 [grpc-default-executor-5] INFO  client.GrpcClientProtocolClient (GrpcClientProtocolClient.java:onNext(255)) - client-6EDD19400D46->06a4573b-67a1-41e3-a350-f896363bc636: receive RaftClientReply:client-6EDD19400D46->06a4573b-67a1-41e3-a350-f896363bc636@group-757E3781CD2A, cid=2579, SUCCESS, logIndex=0, commits[06a4573b-67a1-41e3-a350-f896363bc636:c3825, 0b725bbf-683b-4664-9a2e-3c9dd6e38bc1:c3825, 9193e3b7-ae04-484d-a740-c65c11559486:c3825]
2019-08-24 07:08:39,494 | INFO  | SCMAudit | user=jenkins1000 | ip=192.168.69.125 | op=ALLOCATE_BLOCK {owner=61bacca8-15b6-4a50-8962-5e9786b18b0d, size=4194304, type=RATIS, factor=THREE} | ret=SUCCESS |  
2019-08-24 07:08:39,498 | INFO  | OMAudit | user=jenkins1000 | ip=127.0.0.1 | op=ALLOCATE_BLOCK {volume=vol-0-26988, bucket=bucket-0-20739, key=key-0-27353, dataSize=0, replicationType=null, replicationFactor=null, keyLocationInfo=null, clientID=102670695851229586} | ret=SUCCESS |  
2019-08-24 07:08:39,505 | INFO  | DNAudit | user=null | ip=null | op=WRITE_CHUNK {blockData=conID: 3 locID: 102670697725559385 bcsId: 0} | ret=SUCCESS |  
2019-08-24 07:08:39,507 | INFO  | DNAudit | user=null | ip=null | op=WRITE_CHUNK {blockData=conID: 3 locID: 102670697725559385 bcsId: 0} | ret=SUCCESS |  
2019-08-24 07:08:39,508 | INFO  | DNAudit | user=null | ip=null | op=WRITE_CHUNK {blockData=conID: 3 locID: 102670697725559385 bcsId: 0} | ret=SUCCESS |  
2019-08-24 07:08:39,508 | INFO  | DNAudit | user=null | ip=null | op=WRITE_CHUNK {blockData=conID: 3 locID: 102670697725559385 bcsId: 0} | ret=SUCCESS |  
2019-08-24 07:08:39,510 | INFO  | DNAudit | user=null | ip=null | op=WRITE_CHUNK {blockData=conID: 3 locID: 102670697725559385 bcsId: 0} | ret=SUCCESS |  
2019-08-24 07:08:39,510 | INFO  | DNAudit | user=null | ip=null | op=WRITE_CHUNK {blockData=conID: 3 locID: 102670697725559385 bcsId: 0} | ret=SUCCESS |  
2019-08-24 07:08:39,520 | INFO  | DNAudit | user=null | ip=null | op=WRITE_CHUNK {blockData=conID: 3 locID: 102670697725559385 bcsId: 0} | ret=SUCCESS |  
2019-08-24 07:08:39,521 | INFO  | DNAudit | user=null | ip=null | op=PUT_BLOCK {blockData=[blockId=conID: 3 locID: 102670697725559385 bcsId: 0,size=1048576]} | ret=SUCCESS |  
2019-08-24 07:08:39,521 | INFO  | DNAudit | user=null | ip=null | op=WRITE_CHUNK {blockData=conID: 3 locID: 102670697725559385 bcsId: 0} | ret=SUCCESS |  
2019-08-24 07:08:39,521 [grpc-default-executor-2] INFO  client.GrpcClientProtocolClient (GrpcClientProtocolClient.java:onNext(255)) - client-6EDD19400D46->06a4573b-67a1-41e3-a350-f896363bc636: receive RaftClientReply:client-6EDD19400D46->06a4573b-67a1-41e3-a350-f896363bc636@group-757E3781CD2A, cid=2580, SUCCESS, logIndex=3828, commits[06a4573b-67a1-41e3-a350-f896363bc636:c3830, 0b725bbf-683b-4664-9a2e-3c9dd6e38bc1:c3827, 9193e3b7-ae04-484d-a740-c65c11559486:c3827]
2019-08-24 07:08:39,521 | INFO  | DNAudit | user=null | ip=null | op=PUT_BLOCK {blockData=[blockId=conID: 3 locID: 102670697725559385 bcsId: 0,size=2097152]} | ret=SUCCESS |  
2019-08-24 07:08:39,522 [grpc-default-executor-2] INFO  client.GrpcClientProtocolClient (GrpcClientProtocolClient.java:onNext(255)) - client-6EDD19400D46->06a4573b-67a1-41e3-a350-f896363bc636: receive RaftClientReply:client-6EDD19400D46->06a4573b-67a1-41e3-a350-f896363bc636@group-757E3781CD2A, cid=2581, SUCCESS, logIndex=3829, commits[06a4573b-67a1-41e3-a350-f896363bc636:c3831, 0b725bbf-683b-4664-9a2e-3c9dd6e38bc1:c3827, 9193e3b7-ae04-484d-a740-c65c11559486:c3827]
2019-08-24 07:08:39,522 [grpc-default-executor-2] INFO  client.GrpcClientProtocolClient (GrpcClientProtocolClient.java:onNext(255)) - client-6EDD19400D46->06a4573b-67a1-41e3-a350-f896363bc636: receive RaftClientReply:client-6EDD19400D46->06a4573b-67a1-41e3-a350-f896363bc636@group-757E3781CD2A, cid=2582, SUCCESS, logIndex=3830, commits[06a4573b-67a1-41e3-a350-f896363bc636:c3831, 0b725bbf-683b-4664-9a2e-3c9dd6e38bc1:c3827, 9193e3b7-ae04-484d-a740-c65c11559486:c3827]
2019-08-24 07:08:39,522 | INFO  | DNAudit | user=null | ip=null | op=WRITE_CHUNK {blockData=conID: 3 locID: 102670697725559385 bcsId: 0} | ret=SUCCESS |  
2019-08-24 07:08:39,522 | INFO  | DNAudit | user=null | ip=null | op=WRITE_CHUNK {blockData=conID: 3 locID: 102670697725559385 bcsId: 0} | ret=SUCCESS |  
2019-08-24 07:08:39,522 [grpc-default-executor-2] INFO  client.GrpcClientProtocolClient (GrpcClientProtocolClient.java:onNext(255)) - client-6EDD19400D46->06a4573b-67a1-41e3-a350-f896363bc636: receive RaftClientReply:client-6EDD19400D46->06a4573b-67a1-41e3-a350-f896363bc636@group-757E3781CD2A, cid=2583, SUCCESS, logIndex=3831, commits[06a4573b-67a1-41e3-a350-f896363bc636:c3831, 0b725bbf-683b-4664-9a2e-3c9dd6e38bc1:c3827, 9193e3b7-ae04-484d-a740-c65c11559486:c3827]
2019-08-24 07:08:39,523 | INFO  | DNAudit | user=null | ip=null | op=PUT_BLOCK {blockData=[blockId=conID: 3 locID: 102670697725559385 bcsId: 0,size=1048576]} | ret=SUCCESS |  
2019-08-24 07:08:39,523 | INFO  | DNAudit | user=null | ip=null | op=PUT_BLOCK {blockData=[blockId=conID: 3 locID: 102670697725559385 bcsId: 0,size=1048576]} | ret=SUCCESS |  
2019-08-24 07:08:39,523 [grpc-default-executor-2] INFO  client.GrpcClientProtocolClient (GrpcClientProtocolClient.java:onNext(255)) - client-6EDD19400D46->06a4573b-67a1-41e3-a350-f896363bc636: receive RaftClientReply:client-6EDD19400D46->06a4573b-67a1-41e3-a350-f896363bc636@group-757E3781CD2A, cid=2584, SUCCESS, logIndex=0, commits[06a4573b-67a1-41e3-a350-f896363bc636:c3832, 0b725bbf-683b-4664-9a2e-3c9dd6e38bc1:c3829, 9193e3b7-ae04-484d-a740-c65c11559486:c3829]
2019-08-24 07:08:39,525 | INFO  | DNAudit | user=null | ip=null | op=WRITE_CHUNK {blockData=conID: 3 locID: 102670697725559385 bcsId: 0} | ret=SUCCESS |  
2019-08-24 07:08:39,526 | INFO  | DNAudit | user=null | ip=null | op=PUT_BLOCK {blockData=[blockId=conID: 3 locID: 102670697725559385 bcsId: 0,size=2097152]} | ret=SUCCESS |  
2019-08-24 07:08:39,526 | INFO  | DNAudit | user=null | ip=null | op=WRITE_CHUNK {blockData=conID: 3 locID: 102670697725559385 bcsId: 0} | ret=SUCCESS |  
2019-08-24 07:08:39,526 | INFO  | DNAudit | user=null | ip=null | op=PUT_BLOCK {blockData=[blockId=conID: 3 locID: 102670697725559385 bcsId: 0,size=2097152]} | ret=SUCCESS |  
2019-08-24 07:08:39,531 | INFO  | DNAudit | user=null | ip=null | op=WRITE_CHUNK {blockData=conID: 3 locID: 102670697725559385 bcsId: 3831} | ret=SUCCESS |  
2019-08-24 07:08:39,534 | INFO  | DNAudit | user=null | ip=null | op=WRITE_CHUNK {blockData=conID: 3 locID: 102670697725559385 bcsId: 3831} | ret=SUCCESS |  
2019-08-24 07:08:39,534 | INFO  | DNAudit | user=null | ip=null | op=WRITE_CHUNK {blockData=conID: 3 locID: 102670697725559385 bcsId: 3831} | ret=SUCCESS |  
2019-08-24 07:08:39,536 | INFO  | DNAudit | user=null | ip=null | op=WRITE_CHUNK {blockData=conID: 3 locID: 102670697725559385 bcsId: 3831} | ret=SUCCESS |  
2019-08-24 07:08:39,537 | INFO  | DNAudit | user=null | ip=null | op=PUT_BLOCK {blockData=[blockId=conID: 3 locID: 102670697725559385 bcsId: 0,size=3145728]} | ret=SUCCESS |  
2019-08-24 07:08:39,537 [grpc-default-executor-5] INFO  client.GrpcClientProtocolClient (GrpcClientProtocolClient.java:onNext(255)) - client-6EDD19400D46->06a4573b-67a1-41e3-a350-f896363bc636: receive RaftClientReply:client-6EDD19400D46->06a4573b-67a1-41e3-a350-f896363bc636@group-757E3781CD2A, cid=2585, SUCCESS, logIndex=3836, commits[06a4573b-67a1-41e3-a350-f896363bc636:c3837, 0b725bbf-683b-4664-9a2e-3c9dd6e38bc1:c3835, 9193e3b7-ae04-484d-a740-c65c11559486:c3835]
2019-08-24 07:08:39,537 [grpc-default-executor-5] INFO  client.GrpcClientProtocolClient (GrpcClientProtocolClient.java:onNext(255)) - client-6EDD19400D46->06a4573b-67a1-41e3-a350-f896363bc636: receive RaftClientReply:client-6EDD19400D46->06a4573b-67a1-41e3-a350-f896363bc636@group-757E3781CD2A, cid=2586, SUCCESS, logIndex=3837, commits[06a4573b-67a1-41e3-a350-f896363bc636:c3837, 0b725bbf-683b-4664-9a2e-3c9dd6e38bc1:c3835, 9193e3b7-ae04-484d-a740-c65c11559486:c3835]
2019-08-24 07:08:39,544 | INFO  | DNAudit | user=null | ip=null | op=WRITE_CHUNK {blockData=conID: 3 locID: 102670697725559385 bcsId: 3837} | ret=SUCCESS |  
2019-08-24 07:08:39,547 | INFO  | DNAudit | user=null | ip=null | op=WRITE_CHUNK {blockData=conID: 3 locID: 102670697725559385 bcsId: 3837} | ret=SUCCESS |  
2019-08-24 07:08:39,547 | INFO  | DNAudit | user=null | ip=null | op=WRITE_CHUNK {blockData=conID: 3 locID: 102670697725559385 bcsId: 3837} | ret=SUCCESS |  
2019-08-24 07:08:39,549 | INFO  | DNAudit | user=null | ip=null | op=WRITE_CHUNK {blockData=conID: 3 locID: 102670697725559385 bcsId: 3831} | ret=SUCCESS |  
2019-08-24 07:08:39,549 | INFO  | DNAudit | user=null | ip=null | op=WRITE_CHUNK {blockData=conID: 3 locID: 102670697725559385 bcsId: 3831} | ret=SUCCESS |  
2019-08-24 07:08:39,558 | INFO  | DNAudit | user=null | ip=null | op=PUT_BLOCK {blockData=[blockId=conID: 3 locID: 102670697725559385 bcsId: 0,size=3145728]} | ret=SUCCESS |  
2019-08-24 07:08:39,559 | INFO  | DNAudit | user=null | ip=null | op=PUT_BLOCK {blockData=[blockId=conID: 3 locID: 102670697725559385 bcsId: 0,size=3145728]} | ret=SUCCESS |  
2019-08-24 07:08:39,559 | INFO  | DNAudit | user=null | ip=null | op=WRITE_CHUNK {blockData=conID: 3 locID: 102670697725559385 bcsId: 3837} | ret=SUCCESS |  
2019-08-24 07:08:39,559 | INFO  | DNAudit | user=null | ip=null | op=PUT_BLOCK {blockData=[blockId=conID: 3 locID: 102670697725559385 bcsId: 0,size=4194304]} | ret=SUCCESS |  
2019-08-24 07:08:39,560 [grpc-default-executor-5] INFO  client.GrpcClientProtocolClient (GrpcClientProtocolClient.java:onNext(255)) - client-6EDD19400D46->06a4573b-67a1-41e3-a350-f896363bc636: receive RaftClientReply:client-6EDD19400D46->06a4573b-67a1-41e3-a350-f896363bc636@group-757E3781CD2A, cid=2587, SUCCESS, logIndex=3840, commits[06a4573b-67a1-41e3-a350-f896363bc636:c3840, 0b725bbf-683b-4664-9a2e-3c9dd6e38bc1:c3837, 9193e3b7-ae04-484d-a740-c65c11559486:c3837]
2019-08-24 07:08:39,560 [grpc-default-executor-5] INFO  client.GrpcClientProtocolClient (GrpcClientProtocolClient.java:onNext(255)) - client-6EDD19400D46->06a4573b-67a1-41e3-a350-f896363bc636: receive RaftClientReply:client-6EDD19400D46->06a4573b-67a1-41e3-a350-f896363bc636@group-757E3781CD2A, cid=2588, SUCCESS, logIndex=3841, commits[06a4573b-67a1-41e3-a350-f896363bc636:c3841, 0b725bbf-683b-4664-9a2e-3c9dd6e38bc1:c3837, 9193e3b7-ae04-484d-a740-c65c11559486:c3837]
2019-08-24 07:08:39,571 | INFO  | DNAudit | user=null | ip=null | op=WRITE_CHUNK {blockData=conID: 3 locID: 102670697725559385 bcsId: 3837} | ret=SUCCESS |  
2019-08-24 07:08:39,571 | INFO  | DNAudit | user=null | ip=null | op=WRITE_CHUNK {blockData=conID: 3 locID: 102670697725559385 bcsId: 3837} | ret=SUCCESS |  
2019-08-24 07:08:39,574 | INFO  | DNAudit | user=null | ip=null | op=PUT_BLOCK {blockData=[blockId=conID: 3 locID: 102670697725559385 bcsId: 0,size=4194304]} | ret=SUCCESS |  
2019-08-24 07:08:39,574 | INFO  | DNAudit | user=null | ip=null | op=PUT_BLOCK {blockData=[blockId=conID: 3 locID: 102670697725559385 bcsId: 0,size=4194304]} | ret=SUCCESS |  
2019-08-24 07:08:39,574 [grpc-default-executor-5] INFO  client.GrpcClientProtocolClient (GrpcClientProtocolClient.java:onNext(255)) - client-6EDD19400D46->06a4573b-67a1-41e3-a350-f896363bc636: receive RaftClientReply:client-6EDD19400D46->06a4573b-67a1-41e3-a350-f896363bc636@group-757E3781CD2A, cid=2589, SUCCESS, logIndex=0, commits[06a4573b-67a1-41e3-a350-f896363bc636:c3843, 0b725bbf-683b-4664-9a2e-3c9dd6e38bc1:c3841, 9193e3b7-ae04-484d-a740-c65c11559486:c3841]
2019-08-24 07:08:39,579 | INFO  | SCMAudit | user=jenkins1000 | ip=192.168.69.125 | op=ALLOCATE_BLOCK {owner=61bacca8-15b6-4a50-8962-5e9786b18b0d, size=4194304, type=RATIS, factor=THREE} | ret=SUCCESS |  
2019-08-24 07:08:39,582 | INFO  | OMAudit | user=jenkins1000 | ip=127.0.0.1 | op=ALLOCATE_BLOCK {volume=vol-0-26988, bucket=bucket-0-20739, key=key-0-27353, dataSize=0, replicationType=null, replicationFactor=null, keyLocationInfo=null, clientID=102670695851229586} | ret=SUCCESS |  
2019-08-24 07:08:39,588 | INFO  | DNAudit | user=null | ip=null | op=WRITE_CHUNK {blockData=conID: 1 locID: 102670697731129946 bcsId: 0} | ret=SUCCESS |  
2019-08-24 07:08:39,592 | INFO  | DNAudit | user=null | ip=null | op=WRITE_CHUNK {blockData=conID: 1 locID: 102670697731129946 bcsId: 0} | ret=SUCCESS |  
2019-08-24 07:08:39,592 | INFO  | DNAudit | user=null | ip=null | op=WRITE_CHUNK {blockData=conID: 1 locID: 102670697731129946 bcsId: 0} | ret=SUCCESS |  
2019-08-24 07:08:39,592 | INFO  | DNAudit | user=null | ip=null | op=WRITE_CHUNK {blockData=conID: 1 locID: 102670697731129946 bcsId: 0} | ret=SUCCESS |  
2019-08-24 07:08:39,593 | INFO  | DNAudit | user=null | ip=null | op=WRITE_CHUNK {blockData=conID: 1 locID: 102670697731129946 bcsId: 0} | ret=SUCCESS |  
2019-08-24 07:08:39,594 | INFO  | DNAudit | user=null | ip=null | op=WRITE_CHUNK {blockData=conID: 1 locID: 102670697731129946 bcsId: 0} | ret=SUCCESS |  
2019-08-24 07:08:39,602 | INFO  | DNAudit | user=null | ip=null | op=WRITE_CHUNK {blockData=conID: 1 locID: 102670697731129946 bcsId: 0} | ret=SUCCESS |  
2019-08-24 07:08:39,602 | INFO  | DNAudit | user=null | ip=null | op=PUT_BLOCK {blockData=[blockId=conID: 1 locID: 102670697731129946 bcsId: 0,size=1048576]} | ret=SUCCESS |  
2019-08-24 07:08:39,602 | INFO  | DNAudit | user=null | ip=null | op=WRITE_CHUNK {blockData=conID: 1 locID: 102670697731129946 bcsId: 0} | ret=SUCCESS |  
2019-08-24 07:08:39,602 [grpc-default-executor-2] INFO  client.GrpcClientProtocolClient (GrpcClientProtocolClient.java:onNext(255)) - client-6EDD19400D46->06a4573b-67a1-41e3-a350-f896363bc636: receive RaftClientReply:client-6EDD19400D46->06a4573b-67a1-41e3-a350-f896363bc636@group-757E3781CD2A, cid=2590, SUCCESS, logIndex=3844, commits[06a4573b-67a1-41e3-a350-f896363bc636:c3845, 0b725bbf-683b-4664-9a2e-3c9dd6e38bc1:c3843, 9193e3b7-ae04-484d-a740-c65c11559486:c3843]
2019-08-24 07:08:39,603 | INFO  | DNAudit | user=null | ip=null | op=PUT_BLOCK {blockData=[blockId=conID: 1 locID: 102670697731129946 bcsId: 0,size=2097152]} | ret=SUCCESS |  
2019-08-24 07:08:39,603 [grpc-default-executor-2] INFO  client.GrpcClientProtocolClient (GrpcClientProtocolClient.java:onNext(255)) - client-6EDD19400D46->06a4573b-67a1-41e3-a350-f896363bc636: receive RaftClientReply:client-6EDD19400D46->06a4573b-67a1-41e3-a350-f896363bc636@group-757E3781CD2A, cid=2591, SUCCESS, logIndex=3845, commits[06a4573b-67a1-41e3-a350-f896363bc636:c3847, 0b725bbf-683b-4664-9a2e-3c9dd6e38bc1:c3843, 9193e3b7-ae04-484d-a740-c65c11559486:c3843]
2019-08-24 07:08:39,603 [grpc-default-executor-2] INFO  client.GrpcClientProtocolClient (GrpcClientProtocolClient.java:onNext(255)) - client-6EDD19400D46->06a4573b-67a1-41e3-a350-f896363bc636: receive RaftClientReply:client-6EDD19400D46->06a4573b-67a1-41e3-a350-f896363bc636@group-757E3781CD2A, cid=2592, SUCCESS, logIndex=3846, commits[06a4573b-67a1-41e3-a350-f896363bc636:c3847, 0b725bbf-683b-4664-9a2e-3c9dd6e38bc1:c3843, 9193e3b7-ae04-484d-a740-c65c11559486:c3843]
2019-08-24 07:08:39,603 | INFO  | DNAudit | user=null | ip=null | op=WRITE_CHUNK {blockData=conID: 1 locID: 102670697731129946 bcsId: 0} | ret=SUCCESS |  
2019-08-24 07:08:39,604 | INFO  | DNAudit | user=null | ip=null | op=PUT_BLOCK {blockData=[blockId=conID: 1 locID: 102670697731129946 bcsId: 0,size=1048576]} | ret=SUCCESS |  
2019-08-24 07:08:39,604 | INFO  | DNAudit | user=null | ip=null | op=WRITE_CHUNK {blockData=conID: 1 locID: 102670697731129946 bcsId: 0} | ret=SUCCESS |  
2019-08-24 07:08:39,604 [grpc-default-executor-2] INFO  client.GrpcClientProtocolClient (GrpcClientProtocolClient.java:onNext(255)) - client-6EDD19400D46->06a4573b-67a1-41e3-a350-f896363bc636: receive RaftClientReply:client-6EDD19400D46->06a4573b-67a1-41e3-a350-f896363bc636@group-757E3781CD2A, cid=2593, SUCCESS, logIndex=3847, commits[06a4573b-67a1-41e3-a350-f896363bc636:c3847, 0b725bbf-683b-4664-9a2e-3c9dd6e38bc1:c3843, 9193e3b7-ae04-484d-a740-c65c11559486:c3843]
2019-08-24 07:08:39,604 | INFO  | DNAudit | user=null | ip=null | op=PUT_BLOCK {blockData=[blockId=conID: 1 locID: 102670697731129946 bcsId: 0,size=1048576]} | ret=SUCCESS |  
2019-08-24 07:08:39,604 [grpc-default-executor-2] INFO  client.GrpcClientProtocolClient (GrpcClientProtocolClient.java:onNext(255)) - client-6EDD19400D46->06a4573b-67a1-41e3-a350-f896363bc636: receive RaftClientReply:client-6EDD19400D46->06a4573b-67a1-41e3-a350-f896363bc636@group-757E3781CD2A, cid=2594, SUCCESS, logIndex=0, commits[06a4573b-67a1-41e3-a350-f896363bc636:c3848, 0b725bbf-683b-4664-9a2e-3c9dd6e38bc1:c3845, 9193e3b7-ae04-484d-a740-c65c11559486:c3845]
2019-08-24 07:08:39,605 | INFO  | DNAudit | user=null | ip=null | op=WRITE_CHUNK {blockData=conID: 1 locID: 102670697731129946 bcsId: 0} | ret=SUCCESS |  
2019-08-24 07:08:39,606 | INFO  | DNAudit | user=null | ip=null | op=PUT_BLOCK {blockData=[blockId=conID: 1 locID: 102670697731129946 bcsId: 0,size=2097152]} | ret=SUCCESS |  
2019-08-24 07:08:39,606 | INFO  | DNAudit | user=null | ip=null | op=WRITE_CHUNK {blockData=conID: 1 locID: 102670697731129946 bcsId: 0} | ret=SUCCESS |  
2019-08-24 07:08:39,606 | INFO  | DNAudit | user=null | ip=null | op=PUT_BLOCK {blockData=[blockId=conID: 1 locID: 102670697731129946 bcsId: 0,size=2097152]} | ret=SUCCESS |  
2019-08-24 07:08:39,612 | INFO  | DNAudit | user=null | ip=null | op=WRITE_CHUNK {blockData=conID: 1 locID: 102670697731129946 bcsId: 3847} | ret=SUCCESS |  
2019-08-24 07:08:39,614 | INFO  | DNAudit | user=null | ip=null | op=WRITE_CHUNK {blockData=conID: 1 locID: 102670697731129946 bcsId: 3847} | ret=SUCCESS |  
2019-08-24 07:08:39,614 | INFO  | DNAudit | user=null | ip=null | op=WRITE_CHUNK {blockData=conID: 1 locID: 102670697731129946 bcsId: 3847} | ret=SUCCESS |  
2019-08-24 07:08:39,624 | INFO  | DNAudit | user=null | ip=null | op=WRITE_CHUNK {blockData=conID: 1 locID: 102670697731129946 bcsId: 3847} | ret=SUCCESS |  
2019-08-24 07:08:39,624 | INFO  | DNAudit | user=null | ip=null | op=PUT_BLOCK {blockData=[blockId=conID: 1 locID: 102670697731129946 bcsId: 0,size=3145728]} | ret=SUCCESS |  
2019-08-24 07:08:39,624 [grpc-default-executor-0] INFO  client.GrpcClientProtocolClient (GrpcClientProtocolClient.java:onNext(255)) - client-6EDD19400D46->06a4573b-67a1-41e3-a350-f896363bc636: receive RaftClientReply:client-6EDD19400D46->06a4573b-67a1-41e3-a350-f896363bc636@group-757E3781CD2A, cid=2595, SUCCESS, logIndex=3852, commits[06a4573b-67a1-41e3-a350-f896363bc636:c3853, 0b725bbf-683b-4664-9a2e-3c9dd6e38bc1:c3851, 9193e3b7-ae04-484d-a740-c65c11559486:c3851]
2019-08-24 07:08:39,625 [grpc-default-executor-0] INFO  client.GrpcClientProtocolClient (GrpcClientProtocolClient.java:onNext(255)) - client-6EDD19400D46->06a4573b-67a1-41e3-a350-f896363bc636: receive RaftClientReply:client-6EDD19400D46->06a4573b-67a1-41e3-a350-f896363bc636@group-757E3781CD2A, cid=2596, SUCCESS, logIndex=3853, commits[06a4573b-67a1-41e3-a350-f896363bc636:c3853, 0b725bbf-683b-4664-9a2e-3c9dd6e38bc1:c3851, 9193e3b7-ae04-484d-a740-c65c11559486:c3851]
2019-08-24 07:08:39,631 | INFO  | DNAudit | user=null | ip=null | op=WRITE_CHUNK {blockData=conID: 1 locID: 102670697731129946 bcsId: 3853} | ret=SUCCESS |  
2019-08-24 07:08:39,635 | INFO  | DNAudit | user=null | ip=null | op=WRITE_CHUNK {blockData=conID: 1 locID: 102670697731129946 bcsId: 3853} | ret=SUCCESS |  
2019-08-24 07:08:39,635 | INFO  | DNAudit | user=null | ip=null | op=WRITE_CHUNK {blockData=conID: 1 locID: 102670697731129946 bcsId: 3853} | ret=SUCCESS |  
2019-08-24 07:08:39,638 | INFO  | DNAudit | user=null | ip=null | op=WRITE_CHUNK {blockData=conID: 1 locID: 102670697731129946 bcsId: 3847} | ret=SUCCESS |  
2019-08-24 07:08:39,638 | INFO  | DNAudit | user=null | ip=null | op=WRITE_CHUNK {blockData=conID: 1 locID: 102670697731129946 bcsId: 3847} | ret=SUCCESS |  
2019-08-24 07:08:39,649 | INFO  | DNAudit | user=null | ip=null | op=PUT_BLOCK {blockData=[blockId=conID: 1 locID: 102670697731129946 bcsId: 0,size=3145728]} | ret=SUCCESS |  
2019-08-24 07:08:39,649 | INFO  | DNAudit | user=null | ip=null | op=PUT_BLOCK {blockData=[blockId=conID: 1 locID: 102670697731129946 bcsId: 0,size=3145728]} | ret=SUCCESS |  
2019-08-24 07:08:39,649 | INFO  | DNAudit | user=null | ip=null | op=WRITE_CHUNK {blockData=conID: 1 locID: 102670697731129946 bcsId: 3853} | ret=SUCCESS |  
2019-08-24 07:08:39,650 | INFO  | DNAudit | user=null | ip=null | op=PUT_BLOCK {blockData=[blockId=conID: 1 locID: 102670697731129946 bcsId: 0,size=4194304]} | ret=SUCCESS |  
2019-08-24 07:08:39,650 [grpc-default-executor-1] INFO  client.GrpcClientProtocolClient (GrpcClientProtocolClient.java:onNext(255)) - client-6EDD19400D46->06a4573b-67a1-41e3-a350-f896363bc636: receive RaftClientReply:client-6EDD19400D46->06a4573b-67a1-41e3-a350-f896363bc636@group-757E3781CD2A, cid=2597, SUCCESS, logIndex=3856, commits[06a4573b-67a1-41e3-a350-f896363bc636:c3857, 0b725bbf-683b-4664-9a2e-3c9dd6e38bc1:c3853, 9193e3b7-ae04-484d-a740-c65c11559486:c3853]
2019-08-24 07:08:39,651 [grpc-default-executor-1] INFO  client.GrpcClientProtocolClient (GrpcClientProtocolClient.java:onNext(255)) - client-6EDD19400D46->06a4573b-67a1-41e3-a350-f896363bc636: receive RaftClientReply:client-6EDD19400D46->06a4573b-67a1-41e3-a350-f896363bc636@group-757E3781CD2A, cid=2598, SUCCESS, logIndex=3857, commits[06a4573b-67a1-41e3-a350-f896363bc636:c3857, 0b725bbf-683b-4664-9a2e-3c9dd6e38bc1:c3853, 9193e3b7-ae04-484d-a740-c65c11559486:c3853]
2019-08-24 07:08:39,655 | INFO  | SCMAudit | user=jenkins1000 | ip=192.168.69.125 | op=SEND_HEARTBEAT {datanodeUUID=b8548da6-9cc6-46be-8dd4-5219531f5960, command=[]} | ret=SUCCESS |  
2019-08-24 07:08:39,656 | INFO  | SCMAudit | user=jenkins1000 | ip=192.168.69.125 | op=SEND_HEARTBEAT {datanodeUUID=9193e3b7-ae04-484d-a740-c65c11559486, command=[]} | ret=SUCCESS |  
2019-08-24 07:08:39,656 | INFO  | SCMAudit | user=jenkins1000 | ip=192.168.69.125 | op=SEND_HEARTBEAT {datanodeUUID=06a4573b-67a1-41e3-a350-f896363bc636, command=[]} | ret=SUCCESS |  
 0.00% |█                                                                                                    |  0/1 Time: 0:00:282019-08-24 07:08:39,659 | INFO  | SCMAudit | user=jenkins1000 | ip=192.168.69.125 | op=SEND_HEARTBEAT {datanodeUUID=25ce0803-6f34-4c69-82c0-892f08679042, command=[]} | ret=SUCCESS |  
2019-08-24 07:08:39,659 | INFO  | SCMAudit | user=jenkins1000 | ip=192.168.69.125 | op=SEND_HEARTBEAT {datanodeUUID=0b725bbf-683b-4664-9a2e-3c9dd6e38bc1, command=[]} | ret=SUCCESS |  
2019-08-24 07:08:39,661 | INFO  | DNAudit | user=null | ip=null | op=WRITE_CHUNK {blockData=conID: 1 locID: 102670697731129946 bcsId: 3853} | ret=SUCCESS |  
2019-08-24 07:08:39,661 | INFO  | DNAudit | user=null | ip=null | op=WRITE_CHUNK {blockData=conID: 1 locID: 102670697731129946 bcsId: 3853} | ret=SUCCESS |  
2019-08-24 07:08:39,663 | INFO  | DNAudit | user=null | ip=null | op=PUT_BLOCK {blockData=[blockId=conID: 1 locID: 102670697731129946 bcsId: 0,size=4194304]} | ret=SUCCESS |  
2019-08-24 07:08:39,664 | INFO  | DNAudit | user=null | ip=null | op=PUT_BLOCK {blockData=[blockId=conID: 1 locID: 102670697731129946 bcsId: 0,size=4194304]} | ret=SUCCESS |  
2019-08-24 07:08:39,664 [grpc-default-executor-1] INFO  client.GrpcClientProtocolClient (GrpcClientProtocolClient.java:onNext(255)) - client-6EDD19400D46->06a4573b-67a1-41e3-a350-f896363bc636: receive RaftClientReply:client-6EDD19400D46->06a4573b-67a1-41e3-a350-f896363bc636@group-757E3781CD2A, cid=2599, SUCCESS, logIndex=0, commits[06a4573b-67a1-41e3-a350-f896363bc636:c3859, 0b725bbf-683b-4664-9a2e-3c9dd6e38bc1:c3857, 9193e3b7-ae04-484d-a740-c65c11559486:c3857]
2019-08-24 07:08:39,669 | INFO  | SCMAudit | user=jenkins1000 | ip=192.168.69.125 | op=ALLOCATE_BLOCK {owner=61bacca8-15b6-4a50-8962-5e9786b18b0d, size=4194304, type=RATIS, factor=THREE} | ret=SUCCESS |  
2019-08-24 07:08:39,672 | INFO  | OMAudit | user=jenkins1000 | ip=127.0.0.1 | op=ALLOCATE_BLOCK {volume=vol-0-26988, bucket=bucket-0-20739, key=key-0-27353, dataSize=0, replicationType=null, replicationFactor=null, keyLocationInfo=null, clientID=102670695851229586} | ret=SUCCESS |  
2019-08-24 07:08:39,680 | INFO  | DNAudit | user=null | ip=null | op=WRITE_CHUNK {blockData=conID: 2 locID: 102670697737028187 bcsId: 0} | ret=SUCCESS |  
2019-08-24 07:08:39,684 | INFO  | DNAudit | user=null | ip=null | op=WRITE_CHUNK {blockData=conID: 2 locID: 102670697737028187 bcsId: 0} | ret=SUCCESS |  
2019-08-24 07:08:39,684 | INFO  | DNAudit | user=null | ip=null | op=WRITE_CHUNK {blockData=conID: 2 locID: 102670697737028187 bcsId: 0} | ret=SUCCESS |  
2019-08-24 07:08:39,684 | INFO  | DNAudit | user=null | ip=null | op=WRITE_CHUNK {blockData=conID: 2 locID: 102670697737028187 bcsId: 0} | ret=SUCCESS |  
2019-08-24 07:08:39,686 | INFO  | DNAudit | user=null | ip=null | op=WRITE_CHUNK {blockData=conID: 2 locID: 102670697737028187 bcsId: 0} | ret=SUCCESS |  
2019-08-24 07:08:39,687 | INFO  | DNAudit | user=null | ip=null | op=WRITE_CHUNK {blockData=conID: 2 locID: 102670697737028187 bcsId: 0} | ret=SUCCESS |  
2019-08-24 07:08:39,695 | INFO  | DNAudit | user=null | ip=null | op=WRITE_CHUNK {blockData=conID: 2 locID: 102670697737028187 bcsId: 0} | ret=SUCCESS |  
2019-08-24 07:08:39,695 | INFO  | DNAudit | user=null | ip=null | op=PUT_BLOCK {blockData=[blockId=conID: 2 locID: 102670697737028187 bcsId: 0,size=1048576]} | ret=SUCCESS |  
2019-08-24 07:08:39,695 [grpc-default-executor-1] INFO  client.GrpcClientProtocolClient (GrpcClientProtocolClient.java:onNext(255)) - client-6EDD19400D46->06a4573b-67a1-41e3-a350-f896363bc636: receive RaftClientReply:client-6EDD19400D46->06a4573b-67a1-41e3-a350-f896363bc636@group-757E3781CD2A, cid=2600, SUCCESS, logIndex=3860, commits[06a4573b-67a1-41e3-a350-f896363bc636:c3861, 0b725bbf-683b-4664-9a2e-3c9dd6e38bc1:c3859, 9193e3b7-ae04-484d-a740-c65c11559486:c3859]
2019-08-24 07:08:39,696 [grpc-default-executor-1] INFO  client.GrpcClientProtocolClient (GrpcClientProtocolClient.java:onNext(255)) - client-6EDD19400D46->06a4573b-67a1-41e3-a350-f896363bc636: receive RaftClientReply:client-6EDD19400D46->06a4573b-67a1-41e3-a350-f896363bc636@group-757E3781CD2A, cid=2601, SUCCESS, logIndex=3861, commits[06a4573b-67a1-41e3-a350-f896363bc636:c3861, 0b725bbf-683b-4664-9a2e-3c9dd6e38bc1:c3859, 9193e3b7-ae04-484d-a740-c65c11559486:c3859]
2019-08-24 07:08:39,705 | INFO  | DNAudit | user=null | ip=null | op=WRITE_CHUNK {blockData=conID: 2 locID: 102670697737028187 bcsId: 0} | ret=SUCCESS |  
2019-08-24 07:08:39,706 | INFO  | DNAudit | user=null | ip=null | op=PUT_BLOCK {blockData=[blockId=conID: 2 locID: 102670697737028187 bcsId: 0,size=2097152]} | ret=SUCCESS |  
2019-08-24 07:08:39,706 [grpc-default-executor-0] INFO  client.GrpcClientProtocolClient (GrpcClientProtocolClient.java:onNext(255)) - client-6EDD19400D46->06a4573b-67a1-41e3-a350-f896363bc636: receive RaftClientReply:client-6EDD19400D46->06a4573b-67a1-41e3-a350-f896363bc636@group-757E3781CD2A, cid=2602, SUCCESS, logIndex=3862, commits[06a4573b-67a1-41e3-a350-f896363bc636:c3863, 0b725bbf-683b-4664-9a2e-3c9dd6e38bc1:c3859, 9193e3b7-ae04-484d-a740-c65c11559486:c3859]
2019-08-24 07:08:39,706 [grpc-default-executor-0] INFO  client.GrpcClientProtocolClient (GrpcClientProtocolClient.java:onNext(255)) - client-6EDD19400D46->06a4573b-67a1-41e3-a350-f896363bc636: receive RaftClientReply:client-6EDD19400D46->06a4573b-67a1-41e3-a350-f896363bc636@group-757E3781CD2A, cid=2603, SUCCESS, logIndex=3863, commits[06a4573b-67a1-41e3-a350-f896363bc636:c3863, 0b725bbf-683b-4664-9a2e-3c9dd6e38bc1:c3859, 9193e3b7-ae04-484d-a740-c65c11559486:c3859]
2019-08-24 07:08:39,707 | INFO  | DNAudit | user=null | ip=null | op=WRITE_CHUNK {blockData=conID: 2 locID: 102670697737028187 bcsId: 0} | ret=SUCCESS |  
2019-08-24 07:08:39,721 | INFO  | DNAudit | user=null | ip=null | op=PUT_BLOCK {blockData=[blockId=conID: 2 locID: 102670697737028187 bcsId: 0,size=1048576]} | ret=SUCCESS |  
2019-08-24 07:08:39,721 | INFO  | DNAudit | user=null | ip=null | op=WRITE_CHUNK {blockData=conID: 2 locID: 102670697737028187 bcsId: 0} | ret=SUCCESS |  
2019-08-24 07:08:39,721 | INFO  | DNAudit | user=null | ip=null | op=WRITE_CHUNK {blockData=conID: 2 locID: 102670697737028187 bcsId: 0} | ret=SUCCESS |  
2019-08-24 07:08:39,721 | INFO  | DNAudit | user=null | ip=null | op=PUT_BLOCK {blockData=[blockId=conID: 2 locID: 102670697737028187 bcsId: 0,size=1048576]} | ret=SUCCESS |  
2019-08-24 07:08:39,721 | INFO  | DNAudit | user=null | ip=null | op=PUT_BLOCK {blockData=[blockId=conID: 2 locID: 102670697737028187 bcsId: 0,size=2097152]} | ret=SUCCESS |  
2019-08-24 07:08:39,721 | INFO  | DNAudit | user=null | ip=null | op=WRITE_CHUNK {blockData=conID: 2 locID: 102670697737028187 bcsId: 0} | ret=SUCCESS |  
2019-08-24 07:08:39,722 | INFO  | DNAudit | user=null | ip=null | op=PUT_BLOCK {blockData=[blockId=conID: 2 locID: 102670697737028187 bcsId: 0,size=2097152]} | ret=SUCCESS |  
2019-08-24 07:08:39,722 [grpc-default-executor-0] INFO  client.GrpcClientProtocolClient (GrpcClientProtocolClient.java:onNext(255)) - client-6EDD19400D46->06a4573b-67a1-41e3-a350-f896363bc636: receive RaftClientReply:client-6EDD19400D46->06a4573b-67a1-41e3-a350-f896363bc636@group-757E3781CD2A, cid=2604, SUCCESS, logIndex=0, commits[06a4573b-67a1-41e3-a350-f896363bc636:c3865, 0b725bbf-683b-4664-9a2e-3c9dd6e38bc1:c3861, 9193e3b7-ae04-484d-a740-c65c11559486:c3863]
2019-08-24 07:08:39,729 | INFO  | DNAudit | user=null | ip=null | op=WRITE_CHUNK {blockData=conID: 2 locID: 102670697737028187 bcsId: 3863} | ret=SUCCESS |  
2019-08-24 07:08:39,733 | INFO  | DNAudit | user=null | ip=null | op=WRITE_CHUNK {blockData=conID: 2 locID: 102670697737028187 bcsId: 3863} | ret=SUCCESS |  
2019-08-24 07:08:39,733 | INFO  | DNAudit | user=null | ip=null | op=WRITE_CHUNK {blockData=conID: 2 locID: 102670697737028187 bcsId: 3863} | ret=SUCCESS |  
2019-08-24 07:08:39,752 | INFO  | DNAudit | user=null | ip=null | op=WRITE_CHUNK {blockData=conID: 2 locID: 102670697737028187 bcsId: 3863} | ret=SUCCESS |  
2019-08-24 07:08:39,752 | INFO  | DNAudit | user=null | ip=null | op=PUT_BLOCK {blockData=[blockId=conID: 2 locID: 102670697737028187 bcsId: 0,size=3145728]} | ret=SUCCESS |  
2019-08-24 07:08:39,752 [grpc-default-executor-1] INFO  client.GrpcClientProtocolClient (GrpcClientProtocolClient.java:onNext(255)) - client-6EDD19400D46->06a4573b-67a1-41e3-a350-f896363bc636: receive RaftClientReply:client-6EDD19400D46->06a4573b-67a1-41e3-a350-f896363bc636@group-757E3781CD2A, cid=2605, SUCCESS, logIndex=3867, commits[06a4573b-67a1-41e3-a350-f896363bc636:c3868, 0b725bbf-683b-4664-9a2e-3c9dd6e38bc1:c3865, 9193e3b7-ae04-484d-a740-c65c11559486:c3865]
2019-08-24 07:08:39,753 [grpc-default-executor-1] INFO  client.GrpcClientProtocolClient (GrpcClientProtocolClient.java:onNext(255)) - client-6EDD19400D46->06a4573b-67a1-41e3-a350-f896363bc636: receive RaftClientReply:client-6EDD19400D46->06a4573b-67a1-41e3-a350-f896363bc636@group-757E3781CD2A, cid=2606, SUCCESS, logIndex=3868, commits[06a4573b-67a1-41e3-a350-f896363bc636:c3868, 0b725bbf-683b-4664-9a2e-3c9dd6e38bc1:c3865, 9193e3b7-ae04-484d-a740-c65c11559486:c3865]
2019-08-24 07:08:39,760 | INFO  | DNAudit | user=null | ip=null | op=WRITE_CHUNK {blockData=conID: 2 locID: 102670697737028187 bcsId: 3868} | ret=SUCCESS |  
2019-08-24 07:08:39,763 | INFO  | DNAudit | user=null | ip=null | op=WRITE_CHUNK {blockData=conID: 2 locID: 102670697737028187 bcsId: 3868} | ret=SUCCESS |  
2019-08-24 07:08:39,763 | INFO  | DNAudit | user=null | ip=null | op=WRITE_CHUNK {blockData=conID: 2 locID: 102670697737028187 bcsId: 3863} | ret=SUCCESS |  
2019-08-24 07:08:39,763 | INFO  | DNAudit | user=null | ip=null | op=WRITE_CHUNK {blockData=conID: 2 locID: 102670697737028187 bcsId: 3863} | ret=SUCCESS |  
2019-08-24 07:08:39,764 | INFO  | DNAudit | user=null | ip=null | op=PUT_BLOCK {blockData=[blockId=conID: 2 locID: 102670697737028187 bcsId: 0,size=3145728]} | ret=SUCCESS |  
2019-08-24 07:08:39,764 | INFO  | DNAudit | user=null | ip=null | op=PUT_BLOCK {blockData=[blockId=conID: 2 locID: 102670697737028187 bcsId: 0,size=3145728]} | ret=SUCCESS |  
2019-08-24 07:08:39,764 | INFO  | DNAudit | user=null | ip=null | op=WRITE_CHUNK {blockData=conID: 2 locID: 102670697737028187 bcsId: 3868} | ret=SUCCESS |  
2019-08-24 07:08:39,767 | INFO  | DNAudit | user=null | ip=null | op=WRITE_CHUNK {blockData=conID: 2 locID: 102670697737028187 bcsId: 3868} | ret=SUCCESS |  
2019-08-24 07:08:39,767 | INFO  | DNAudit | user=null | ip=null | op=PUT_BLOCK {blockData=[blockId=conID: 2 locID: 102670697737028187 bcsId: 0,size=4194304]} | ret=SUCCESS |  
2019-08-24 07:08:39,768 [grpc-default-executor-0] INFO  client.GrpcClientProtocolClient (GrpcClientProtocolClient.java:onNext(255)) - client-6EDD19400D46->06a4573b-67a1-41e3-a350-f896363bc636: receive RaftClientReply:client-6EDD19400D46->06a4573b-67a1-41e3-a350-f896363bc636@group-757E3781CD2A, cid=2607, SUCCESS, logIndex=3871, commits[06a4573b-67a1-41e3-a350-f896363bc636:c3872, 0b725bbf-683b-4664-9a2e-3c9dd6e38bc1:c3868, 9193e3b7-ae04-484d-a740-c65c11559486:c3868]
2019-08-24 07:08:39,768 [grpc-default-executor-0] INFO  client.GrpcClientProtocolClient (GrpcClientProtocolClient.java:onNext(255)) - client-6EDD19400D46->06a4573b-67a1-41e3-a350-f896363bc636: receive RaftClientReply:client-6EDD19400D46->06a4573b-67a1-41e3-a350-f896363bc636@group-757E3781CD2A, cid=2608, SUCCESS, logIndex=3872, commits[06a4573b-67a1-41e3-a350-f896363bc636:c3872, 0b725bbf-683b-4664-9a2e-3c9dd6e38bc1:c3868, 9193e3b7-ae04-484d-a740-c65c11559486:c3868]
2019-08-24 07:08:39,778 | INFO  | DNAudit | user=null | ip=null | op=WRITE_CHUNK {blockData=conID: 2 locID: 102670697737028187 bcsId: 3868} | ret=SUCCESS |  
2019-08-24 07:08:39,779 | INFO  | DNAudit | user=null | ip=null | op=WRITE_CHUNK {blockData=conID: 2 locID: 102670697737028187 bcsId: 3868} | ret=SUCCESS |  
2019-08-24 07:08:39,780 | INFO  | DNAudit | user=null | ip=null | op=PUT_BLOCK {blockData=[blockId=conID: 2 locID: 102670697737028187 bcsId: 0,size=4194304]} | ret=SUCCESS |  
2019-08-24 07:08:39,780 | INFO  | DNAudit | user=null | ip=null | op=PUT_BLOCK {blockData=[blockId=conID: 2 locID: 102670697737028187 bcsId: 0,size=4194304]} | ret=SUCCESS |  
2019-08-24 07:08:39,781 [grpc-default-executor-0] INFO  client.GrpcClientProtocolClient (GrpcClientProtocolClient.java:onNext(255)) - client-6EDD19400D46->06a4573b-67a1-41e3-a350-f896363bc636: receive RaftClientReply:client-6EDD19400D46->06a4573b-67a1-41e3-a350-f896363bc636@group-757E3781CD2A, cid=2609, SUCCESS, logIndex=0, commits[06a4573b-67a1-41e3-a350-f896363bc636:c3874, 0b725bbf-683b-4664-9a2e-3c9dd6e38bc1:c3872, 9193e3b7-ae04-484d-a740-c65c11559486:c3872]
2019-08-24 07:08:39,787 | INFO  | SCMAudit | user=jenkins1000 | ip=192.168.69.125 | op=ALLOCATE_BLOCK {owner=61bacca8-15b6-4a50-8962-5e9786b18b0d, size=4194304, type=RATIS, factor=THREE} | ret=SUCCESS |  
2019-08-24 07:08:39,791 | INFO  | OMAudit | user=jenkins1000 | ip=127.0.0.1 | op=ALLOCATE_BLOCK {volume=vol-0-26988, bucket=bucket-0-20739, key=key-0-27353, dataSize=0, replicationType=null, replicationFactor=null, keyLocationInfo=null, clientID=102670695851229586} | ret=SUCCESS |  
2019-08-24 07:08:39,799 | INFO  | DNAudit | user=null | ip=null | op=WRITE_CHUNK {blockData=conID: 3 locID: 102670697744761436 bcsId: 0} | ret=SUCCESS |  
2019-08-24 07:08:39,801 | INFO  | DNAudit | user=null | ip=null | op=WRITE_CHUNK {blockData=conID: 3 locID: 102670697744761436 bcsId: 0} | ret=SUCCESS |  
2019-08-24 07:08:39,802 | INFO  | DNAudit | user=null | ip=null | op=WRITE_CHUNK {blockData=conID: 3 locID: 102670697744761436 bcsId: 0} | ret=SUCCESS |  
2019-08-24 07:08:39,802 | INFO  | DNAudit | user=null | ip=null | op=WRITE_CHUNK {blockData=conID: 3 locID: 102670697744761436 bcsId: 0} | ret=SUCCESS |  
2019-08-24 07:08:39,804 | INFO  | DNAudit | user=null | ip=null | op=WRITE_CHUNK {blockData=conID: 3 locID: 102670697744761436 bcsId: 0} | ret=SUCCESS |  
2019-08-24 07:08:39,804 | INFO  | DNAudit | user=null | ip=null | op=WRITE_CHUNK {blockData=conID: 3 locID: 102670697744761436 bcsId: 0} | ret=SUCCESS |  
2019-08-24 07:08:39,811 | INFO  | DNAudit | user=null | ip=null | op=WRITE_CHUNK {blockData=conID: 3 locID: 102670697744761436 bcsId: 0} | ret=SUCCESS |  
2019-08-24 07:08:39,811 | INFO  | DNAudit | user=null | ip=null | op=PUT_BLOCK {blockData=[blockId=conID: 3 locID: 102670697744761436 bcsId: 0,size=1048576]} | ret=SUCCESS |  
2019-08-24 07:08:39,812 | INFO  | DNAudit | user=null | ip=null | op=WRITE_CHUNK {blockData=conID: 3 locID: 102670697744761436 bcsId: 0} | ret=SUCCESS |  
2019-08-24 07:08:39,812 [grpc-default-executor-0] INFO  client.GrpcClientProtocolClient (GrpcClientProtocolClient.java:onNext(255)) - client-6EDD19400D46->06a4573b-67a1-41e3-a350-f896363bc636: receive RaftClientReply:client-6EDD19400D46->06a4573b-67a1-41e3-a350-f896363bc636@group-757E3781CD2A, cid=2610, SUCCESS, logIndex=3875, commits[06a4573b-67a1-41e3-a350-f896363bc636:c3877, 0b725bbf-683b-4664-9a2e-3c9dd6e38bc1:c3874, 9193e3b7-ae04-484d-a740-c65c11559486:c3874]
2019-08-24 07:08:39,812 | INFO  | DNAudit | user=null | ip=null | op=PUT_BLOCK {blockData=[blockId=conID: 3 locID: 102670697744761436 bcsId: 0,size=2097152]} | ret=SUCCESS |  
2019-08-24 07:08:39,812 [grpc-default-executor-0] INFO  client.GrpcClientProtocolClient (GrpcClientProtocolClient.java:onNext(255)) - client-6EDD19400D46->06a4573b-67a1-41e3-a350-f896363bc636: receive RaftClientReply:client-6EDD19400D46->06a4573b-67a1-41e3-a350-f896363bc636@group-757E3781CD2A, cid=2611, SUCCESS, logIndex=3876, commits[06a4573b-67a1-41e3-a350-f896363bc636:c3878, 0b725bbf-683b-4664-9a2e-3c9dd6e38bc1:c3874, 9193e3b7-ae04-484d-a740-c65c11559486:c3874]
2019-08-24 07:08:39,813 [grpc-default-executor-0] INFO  client.GrpcClientProtocolClient (GrpcClientProtocolClient.java:onNext(255)) - client-6EDD19400D46->06a4573b-67a1-41e3-a350-f896363bc636: receive RaftClientReply:client-6EDD19400D46->06a4573b-67a1-41e3-a350-f896363bc636@group-757E3781CD2A, cid=2612, SUCCESS, logIndex=3877, commits[06a4573b-67a1-41e3-a350-f896363bc636:c3878, 0b725bbf-683b-4664-9a2e-3c9dd6e38bc1:c3874, 9193e3b7-ae04-484d-a740-c65c11559486:c3874]
2019-08-24 07:08:39,813 [grpc-default-executor-0] INFO  client.GrpcClientProtocolClient (GrpcClientProtocolClient.java:onNext(255)) - client-6EDD19400D46->06a4573b-67a1-41e3-a350-f896363bc636: receive RaftClientReply:client-6EDD19400D46->06a4573b-67a1-41e3-a350-f896363bc636@group-757E3781CD2A, cid=2613, SUCCESS, logIndex=3878, commits[06a4573b-67a1-41e3-a350-f896363bc636:c3878, 0b725bbf-683b-4664-9a2e-3c9dd6e38bc1:c3874, 9193e3b7-ae04-484d-a740-c65c11559486:c3874]
2019-08-24 07:08:39,822 | INFO  | DNAudit | user=null | ip=null | op=WRITE_CHUNK {blockData=conID: 3 locID: 102670697744761436 bcsId: 0} | ret=SUCCESS |  
2019-08-24 07:08:39,823 | INFO  | DNAudit | user=null | ip=null | op=PUT_BLOCK {blockData=[blockId=conID: 3 locID: 102670697744761436 bcsId: 0,size=1048576]} | ret=SUCCESS |  
2019-08-24 07:08:39,823 | INFO  | DNAudit | user=null | ip=null | op=WRITE_CHUNK {blockData=conID: 3 locID: 102670697744761436 bcsId: 0} | ret=SUCCESS |  
2019-08-24 07:08:39,823 | INFO  | DNAudit | user=null | ip=null | op=PUT_BLOCK {blockData=[blockId=conID: 3 locID: 102670697744761436 bcsId: 0,size=1048576]} | ret=SUCCESS |  
2019-08-24 07:08:39,823 | INFO  | DNAudit | user=null | ip=null | op=WRITE_CHUNK {blockData=conID: 3 locID: 102670697744761436 bcsId: 0} | ret=SUCCESS |  
2019-08-24 07:08:39,824 | INFO  | DNAudit | user=null | ip=null | op=PUT_BLOCK {blockData=[blockId=conID: 3 locID: 102670697744761436 bcsId: 0,size=2097152]} | ret=SUCCESS |  
2019-08-24 07:08:39,824 [grpc-default-executor-0] INFO  client.GrpcClientProtocolClient (GrpcClientProtocolClient.java:onNext(255)) - client-6EDD19400D46->06a4573b-67a1-41e3-a350-f896363bc636: receive RaftClientReply:client-6EDD19400D46->06a4573b-67a1-41e3-a350-f896363bc636@group-757E3781CD2A, cid=2614, SUCCESS, logIndex=0, commits[06a4573b-67a1-41e3-a350-f896363bc636:c3880, 0b725bbf-683b-4664-9a2e-3c9dd6e38bc1:c3876, 9193e3b7-ae04-484d-a740-c65c11559486:c3876]
2019-08-24 07:08:39,824 | INFO  | DNAudit | user=null | ip=null | op=WRITE_CHUNK {blockData=conID: 3 locID: 102670697744761436 bcsId: 0} | ret=SUCCESS |  
2019-08-24 07:08:39,824 | INFO  | DNAudit | user=null | ip=null | op=PUT_BLOCK {blockData=[blockId=conID: 3 locID: 102670697744761436 bcsId: 0,size=2097152]} | ret=SUCCESS |  
2019-08-24 07:08:39,830 | INFO  | DNAudit | user=null | ip=null | op=WRITE_CHUNK {blockData=conID: 3 locID: 102670697744761436 bcsId: 3878} | ret=SUCCESS |  
2019-08-24 07:08:39,833 | INFO  | DNAudit | user=null | ip=null | op=WRITE_CHUNK {blockData=conID: 3 locID: 102670697744761436 bcsId: 3878} | ret=SUCCESS |  
2019-08-24 07:08:39,833 | INFO  | DNAudit | user=null | ip=null | op=WRITE_CHUNK {blockData=conID: 3 locID: 102670697744761436 bcsId: 3878} | ret=SUCCESS |  
2019-08-24 07:08:39,843 | INFO  | DNAudit | user=null | ip=null | op=WRITE_CHUNK {blockData=conID: 3 locID: 102670697744761436 bcsId: 3878} | ret=SUCCESS |  
2019-08-24 07:08:39,843 | INFO  | DNAudit | user=null | ip=null | op=PUT_BLOCK {blockData=[blockId=conID: 3 locID: 102670697744761436 bcsId: 0,size=3145728]} | ret=SUCCESS |  
2019-08-24 07:08:39,843 [grpc-default-executor-1] INFO  client.GrpcClientProtocolClient (GrpcClientProtocolClient.java:onNext(255)) - client-6EDD19400D46->06a4573b-67a1-41e3-a350-f896363bc636: receive RaftClientReply:client-6EDD19400D46->06a4573b-67a1-41e3-a350-f896363bc636@group-757E3781CD2A, cid=2615, SUCCESS, logIndex=3883, commits[06a4573b-67a1-41e3-a350-f896363bc636:c3884, 0b725bbf-683b-4664-9a2e-3c9dd6e38bc1:c3882, 9193e3b7-ae04-484d-a740-c65c11559486:c3882]
2019-08-24 07:08:39,844 [grpc-default-executor-1] INFO  client.GrpcClientProtocolClient (GrpcClientProtocolClient.java:onNext(255)) - client-6EDD19400D46->06a4573b-67a1-41e3-a350-f896363bc636: receive RaftClientReply:client-6EDD19400D46->06a4573b-67a1-41e3-a350-f896363bc636@group-757E3781CD2A, cid=2616, SUCCESS, logIndex=3884, commits[06a4573b-67a1-41e3-a350-f896363bc636:c3884, 0b725bbf-683b-4664-9a2e-3c9dd6e38bc1:c3882, 9193e3b7-ae04-484d-a740-c65c11559486:c3882]
2019-08-24 07:08:39,850 | INFO  | DNAudit | user=null | ip=null | op=WRITE_CHUNK {blockData=conID: 3 locID: 102670697744761436 bcsId: 3884} | ret=SUCCESS |  
2019-08-24 07:08:39,854 | INFO  | DNAudit | user=null | ip=null | op=WRITE_CHUNK {blockData=conID: 3 locID: 102670697744761436 bcsId: 3884} | ret=SUCCESS |  
2019-08-24 07:08:39,854 | INFO  | DNAudit | user=null | ip=null | op=WRITE_CHUNK {blockData=conID: 3 locID: 102670697744761436 bcsId: 3884} | ret=SUCCESS |  
2019-08-24 07:08:39,854 | INFO  | DNAudit | user=null | ip=null | op=WRITE_CHUNK {blockData=conID: 3 locID: 102670697744761436 bcsId: 3878} | ret=SUCCESS |  
2019-08-24 07:08:39,854 | INFO  | DNAudit | user=null | ip=null | op=WRITE_CHUNK {blockData=conID: 3 locID: 102670697744761436 bcsId: 3878} | ret=SUCCESS |  
2019-08-24 07:08:39,854 | INFO  | DNAudit | user=null | ip=null | op=PUT_BLOCK {blockData=[blockId=conID: 3 locID: 102670697744761436 bcsId: 0,size=3145728]} | ret=SUCCESS |  
2019-08-24 07:08:39,854 | INFO  | DNAudit | user=null | ip=null | op=PUT_BLOCK {blockData=[blockId=conID: 3 locID: 102670697744761436 bcsId: 0,size=3145728]} | ret=SUCCESS |  
2019-08-24 07:08:39,855 | INFO  | DNAudit | user=null | ip=null | op=WRITE_CHUNK {blockData=conID: 3 locID: 102670697744761436 bcsId: 3884} | ret=SUCCESS |  
2019-08-24 07:08:39,856 | INFO  | DNAudit | user=null | ip=null | op=PUT_BLOCK {blockData=[blockId=conID: 3 locID: 102670697744761436 bcsId: 0,size=4194304]} | ret=SUCCESS |  
2019-08-24 07:08:39,856 [grpc-default-executor-0] INFO  client.GrpcClientProtocolClient (GrpcClientProtocolClient.java:onNext(255)) - client-6EDD19400D46->06a4573b-67a1-41e3-a350-f896363bc636: receive RaftClientReply:client-6EDD19400D46->06a4573b-67a1-41e3-a350-f896363bc636@group-757E3781CD2A, cid=2617, SUCCESS, logIndex=3887, commits[06a4573b-67a1-41e3-a350-f896363bc636:c3888, 0b725bbf-683b-4664-9a2e-3c9dd6e38bc1:c3884, 9193e3b7-ae04-484d-a740-c65c11559486:c3884]
2019-08-24 07:08:39,857 [grpc-default-executor-0] INFO  client.GrpcClientProtocolClient (GrpcClientProtocolClient.java:onNext(255)) - client-6EDD19400D46->06a4573b-67a1-41e3-a350-f896363bc636: receive RaftClientReply:client-6EDD19400D46->06a4573b-67a1-41e3-a350-f896363bc636@group-757E3781CD2A, cid=2618, SUCCESS, logIndex=3888, commits[06a4573b-67a1-41e3-a350-f896363bc636:c3888, 0b725bbf-683b-4664-9a2e-3c9dd6e38bc1:c3884, 9193e3b7-ae04-484d-a740-c65c11559486:c3884]
2019-08-24 07:08:39,857 | INFO  | DNAudit | user=null | ip=null | op=WRITE_CHUNK {blockData=conID: 3 locID: 102670697744761436 bcsId: 3884} | ret=SUCCESS |  
2019-08-24 07:08:39,857 | INFO  | DNAudit | user=null | ip=null | op=WRITE_CHUNK {blockData=conID: 3 locID: 102670697744761436 bcsId: 3884} | ret=SUCCESS |  
2019-08-24 07:08:39,871 | INFO  | DNAudit | user=null | ip=null | op=PUT_BLOCK {blockData=[blockId=conID: 3 locID: 102670697744761436 bcsId: 0,size=4194304]} | ret=SUCCESS |  
2019-08-24 07:08:39,871 | INFO  | DNAudit | user=null | ip=null | op=PUT_BLOCK {blockData=[blockId=conID: 3 locID: 102670697744761436 bcsId: 0,size=4194304]} | ret=SUCCESS |  
2019-08-24 07:08:39,872 [grpc-default-executor-0] INFO  client.GrpcClientProtocolClient (GrpcClientProtocolClient.java:onNext(255)) - client-6EDD19400D46->06a4573b-67a1-41e3-a350-f896363bc636: receive RaftClientReply:client-6EDD19400D46->06a4573b-67a1-41e3-a350-f896363bc636@group-757E3781CD2A, cid=2619, SUCCESS, logIndex=0, commits[06a4573b-67a1-41e3-a350-f896363bc636:c3890, 0b725bbf-683b-4664-9a2e-3c9dd6e38bc1:c3888, 9193e3b7-ae04-484d-a740-c65c11559486:c3888]
2019-08-24 07:08:39,876 | INFO  | SCMAudit | user=jenkins1000 | ip=192.168.69.125 | op=ALLOCATE_BLOCK {owner=61bacca8-15b6-4a50-8962-5e9786b18b0d, size=4194304, type=RATIS, factor=THREE} | ret=SUCCESS |  
2019-08-24 07:08:39,879 | INFO  | OMAudit | user=jenkins1000 | ip=127.0.0.1 | op=ALLOCATE_BLOCK {volume=vol-0-26988, bucket=bucket-0-20739, key=key-0-27353, dataSize=0, replicationType=null, replicationFactor=null, keyLocationInfo=null, clientID=102670695851229586} | ret=SUCCESS |  
2019-08-24 07:08:39,886 | INFO  | DNAudit | user=null | ip=null | op=WRITE_CHUNK {blockData=conID: 1 locID: 102670697750594141 bcsId: 0} | ret=SUCCESS |  
2019-08-24 07:08:39,889 | INFO  | DNAudit | user=null | ip=null | op=WRITE_CHUNK {blockData=conID: 1 locID: 102670697750594141 bcsId: 0} | ret=SUCCESS |  
2019-08-24 07:08:39,891 | INFO  | DNAudit | user=null | ip=null | op=WRITE_CHUNK {blockData=conID: 1 locID: 102670697750594141 bcsId: 0} | ret=SUCCESS |  
2019-08-24 07:08:39,891 | INFO  | DNAudit | user=null | ip=null | op=WRITE_CHUNK {blockData=conID: 1 locID: 102670697750594141 bcsId: 0} | ret=SUCCESS |  
2019-08-24 07:08:39,893 | INFO  | DNAudit | user=null | ip=null | op=WRITE_CHUNK {blockData=conID: 1 locID: 102670697750594141 bcsId: 0} | ret=SUCCESS |  
2019-08-24 07:08:39,893 | INFO  | DNAudit | user=null | ip=null | op=WRITE_CHUNK {blockData=conID: 1 locID: 102670697750594141 bcsId: 0} | ret=SUCCESS |  
2019-08-24 07:08:39,901 | INFO  | DNAudit | user=null | ip=null | op=WRITE_CHUNK {blockData=conID: 1 locID: 102670697750594141 bcsId: 0} | ret=SUCCESS |  
2019-08-24 07:08:39,902 | INFO  | DNAudit | user=null | ip=null | op=PUT_BLOCK {blockData=[blockId=conID: 1 locID: 102670697750594141 bcsId: 0,size=1048576]} | ret=SUCCESS |  
2019-08-24 07:08:39,902 [grpc-default-executor-2] INFO  client.GrpcClientProtocolClient (GrpcClientProtocolClient.java:onNext(255)) - client-6EDD19400D46->06a4573b-67a1-41e3-a350-f896363bc636: receive RaftClientReply:client-6EDD19400D46->06a4573b-67a1-41e3-a350-f896363bc636@group-757E3781CD2A, cid=2620, SUCCESS, logIndex=3891, commits[06a4573b-67a1-41e3-a350-f896363bc636:c3892, 0b725bbf-683b-4664-9a2e-3c9dd6e38bc1:c3890, 9193e3b7-ae04-484d-a740-c65c11559486:c3890]
2019-08-24 07:08:39,903 [grpc-default-executor-2] INFO  client.GrpcClientProtocolClient (GrpcClientProtocolClient.java:onNext(255)) - client-6EDD19400D46->06a4573b-67a1-41e3-a350-f896363bc636: receive RaftClientReply:client-6EDD19400D46->06a4573b-67a1-41e3-a350-f896363bc636@group-757E3781CD2A, cid=2621, SUCCESS, logIndex=3892, commits[06a4573b-67a1-41e3-a350-f896363bc636:c3892, 0b725bbf-683b-4664-9a2e-3c9dd6e38bc1:c3890, 9193e3b7-ae04-484d-a740-c65c11559486:c3890]
2019-08-24 07:08:39,912 | INFO  | DNAudit | user=null | ip=null | op=WRITE_CHUNK {blockData=conID: 1 locID: 102670697750594141 bcsId: 0} | ret=SUCCESS |  
2019-08-24 07:08:39,913 | INFO  | DNAudit | user=null | ip=null | op=PUT_BLOCK {blockData=[blockId=conID: 1 locID: 102670697750594141 bcsId: 0,size=2097152]} | ret=SUCCESS |  
2019-08-24 07:08:39,913 | INFO  | DNAudit | user=null | ip=null | op=WRITE_CHUNK {blockData=conID: 1 locID: 102670697750594141 bcsId: 0} | ret=SUCCESS |  
2019-08-24 07:08:39,913 [grpc-default-executor-2] INFO  client.GrpcClientProtocolClient (GrpcClientProtocolClient.java:onNext(255)) - client-6EDD19400D46->06a4573b-67a1-41e3-a350-f896363bc636: receive RaftClientReply:client-6EDD19400D46->06a4573b-67a1-41e3-a350-f896363bc636@group-757E3781CD2A, cid=2622, SUCCESS, logIndex=3893, commits[06a4573b-67a1-41e3-a350-f896363bc636:c3894, 0b725bbf-683b-4664-9a2e-3c9dd6e38bc1:c3890, 9193e3b7-ae04-484d-a740-c65c11559486:c3890]
2019-08-24 07:08:39,913 | INFO  | DNAudit | user=null | ip=null | op=PUT_BLOCK {blockData=[blockId=conID: 1 locID: 102670697750594141 bcsId: 0,size=1048576]} | ret=SUCCESS |  
2019-08-24 07:08:39,913 [grpc-default-executor-0] INFO  client.GrpcClientProtocolClient (GrpcClientProtocolClient.java:onNext(255)) - client-6EDD19400D46->06a4573b-67a1-41e3-a350-f896363bc636: receive RaftClientReply:client-6EDD19400D46->06a4573b-67a1-41e3-a350-f896363bc636@group-757E3781CD2A, cid=2623, SUCCESS, logIndex=3894, commits[06a4573b-67a1-41e3-a350-f896363bc636:c3894, 0b725bbf-683b-4664-9a2e-3c9dd6e38bc1:c3890, 9193e3b7-ae04-484d-a740-c65c11559486:c3890]
2019-08-24 07:08:39,915 | INFO  | DNAudit | user=null | ip=null | op=WRITE_CHUNK {blockData=conID: 1 locID: 102670697750594141 bcsId: 0} | ret=SUCCESS |  
2019-08-24 07:08:39,916 | INFO  | DNAudit | user=null | ip=null | op=PUT_BLOCK {blockData=[blockId=conID: 1 locID: 102670697750594141 bcsId: 0,size=1048576]} | ret=SUCCESS |  
2019-08-24 07:08:39,916 [grpc-default-executor-0] INFO  client.GrpcClientProtocolClient (GrpcClientProtocolClient.java:onNext(255)) - client-6EDD19400D46->06a4573b-67a1-41e3-a350-f896363bc636: receive RaftClientReply:client-6EDD19400D46->06a4573b-67a1-41e3-a350-f896363bc636@group-757E3781CD2A, cid=2624, SUCCESS, logIndex=0, commits[06a4573b-67a1-41e3-a350-f896363bc636:c3896, 0b725bbf-683b-4664-9a2e-3c9dd6e38bc1:c3892, 9193e3b7-ae04-484d-a740-c65c11559486:c3892]
2019-08-24 07:08:39,926 | INFO  | DNAudit | user=null | ip=null | op=WRITE_CHUNK {blockData=conID: 1 locID: 102670697750594141 bcsId: 3894} | ret=SUCCESS |  
2019-08-24 07:08:39,927 | INFO  | DNAudit | user=null | ip=null | op=WRITE_CHUNK {blockData=conID: 1 locID: 102670697750594141 bcsId: 0} | ret=SUCCESS |  
2019-08-24 07:08:39,927 | INFO  | DNAudit | user=null | ip=null | op=PUT_BLOCK {blockData=[blockId=conID: 1 locID: 102670697750594141 bcsId: 0,size=2097152]} | ret=SUCCESS |  
2019-08-24 07:08:39,929 | INFO  | DNAudit | user=null | ip=null | op=WRITE_CHUNK {blockData=conID: 1 locID: 102670697750594141 bcsId: 0} | ret=SUCCESS |  
2019-08-24 07:08:39,929 | INFO  | DNAudit | user=null | ip=null | op=PUT_BLOCK {blockData=[blockId=conID: 1 locID: 102670697750594141 bcsId: 0,size=2097152]} | ret=SUCCESS |  
2019-08-24 07:08:39,930 | INFO  | DNAudit | user=null | ip=null | op=WRITE_CHUNK {blockData=conID: 1 locID: 102670697750594141 bcsId: 3894} | ret=SUCCESS |  
2019-08-24 07:08:39,930 | INFO  | DNAudit | user=null | ip=null | op=WRITE_CHUNK {blockData=conID: 1 locID: 102670697750594141 bcsId: 3894} | ret=SUCCESS |  
2019-08-24 07:08:39,943 | INFO  | DNAudit | user=null | ip=null | op=WRITE_CHUNK {blockData=conID: 1 locID: 102670697750594141 bcsId: 3894} | ret=SUCCESS |  
2019-08-24 07:08:39,943 | INFO  | DNAudit | user=null | ip=null | op=PUT_BLOCK {blockData=[blockId=conID: 1 locID: 102670697750594141 bcsId: 0,size=3145728]} | ret=SUCCESS |  
2019-08-24 07:08:39,943 [grpc-default-executor-2] INFO  client.GrpcClientProtocolClient (GrpcClientProtocolClient.java:onNext(255)) - client-6EDD19400D46->06a4573b-67a1-41e3-a350-f896363bc636: receive RaftClientReply:client-6EDD19400D46->06a4573b-67a1-41e3-a350-f896363bc636@group-757E3781CD2A, cid=2625, SUCCESS, logIndex=3898, commits[06a4573b-67a1-41e3-a350-f896363bc636:c3899, 0b725bbf-683b-4664-9a2e-3c9dd6e38bc1:c3896, 9193e3b7-ae04-484d-a740-c65c11559486:c3896]
2019-08-24 07:08:39,944 [grpc-default-executor-2] INFO  client.GrpcClientProtocolClient (GrpcClientProtocolClient.java:onNext(255)) - client-6EDD19400D46->06a4573b-67a1-41e3-a350-f896363bc636: receive RaftClientReply:client-6EDD19400D46->06a4573b-67a1-41e3-a350-f896363bc636@group-757E3781CD2A, cid=2626, SUCCESS, logIndex=3899, commits[06a4573b-67a1-41e3-a350-f896363bc636:c3899, 0b725bbf-683b-4664-9a2e-3c9dd6e38bc1:c3896, 9193e3b7-ae04-484d-a740-c65c11559486:c3896]
2019-08-24 07:08:39,951 | INFO  | DNAudit | user=null | ip=null | op=WRITE_CHUNK {blockData=conID: 1 locID: 102670697750594141 bcsId: 3899} | ret=SUCCESS |  
2019-08-24 07:08:39,954 | INFO  | DNAudit | user=null | ip=null | op=WRITE_CHUNK {blockData=conID: 1 locID: 102670697750594141 bcsId: 3899} | ret=SUCCESS |  
2019-08-24 07:08:39,954 | INFO  | DNAudit | user=null | ip=null | op=WRITE_CHUNK {blockData=conID: 1 locID: 102670697750594141 bcsId: 3899} | ret=SUCCESS |  
2019-08-24 07:08:39,956 | INFO  | DNAudit | user=null | ip=null | op=WRITE_CHUNK {blockData=conID: 1 locID: 102670697750594141 bcsId: 3894} | ret=SUCCESS |  
2019-08-24 07:08:39,956 | INFO  | DNAudit | user=null | ip=null | op=WRITE_CHUNK {blockData=conID: 1 locID: 102670697750594141 bcsId: 3894} | ret=SUCCESS |  
2019-08-24 07:08:39,969 | INFO  | DNAudit | user=null | ip=null | op=PUT_BLOCK {blockData=[blockId=conID: 1 locID: 102670697750594141 bcsId: 0,size=3145728]} | ret=SUCCESS |  
2019-08-24 07:08:39,969 | INFO  | DNAudit | user=null | ip=null | op=PUT_BLOCK {blockData=[blockId=conID: 1 locID: 102670697750594141 bcsId: 0,size=3145728]} | ret=SUCCESS |  
2019-08-24 07:08:39,969 | INFO  | DNAudit | user=null | ip=null | op=WRITE_CHUNK {blockData=conID: 1 locID: 102670697750594141 bcsId: 3899} | ret=SUCCESS |  
2019-08-24 07:08:39,970 | INFO  | DNAudit | user=null | ip=null | op=PUT_BLOCK {blockData=[blockId=conID: 1 locID: 102670697750594141 bcsId: 0,size=4194304]} | ret=SUCCESS |  
2019-08-24 07:08:39,970 [grpc-default-executor-2] INFO  client.GrpcClientProtocolClient (GrpcClientProtocolClient.java:onNext(255)) - client-6EDD19400D46->06a4573b-67a1-41e3-a350-f896363bc636: receive RaftClientReply:client-6EDD19400D46->06a4573b-67a1-41e3-a350-f896363bc636@group-757E3781CD2A, cid=2627, SUCCESS, logIndex=3902, commits[06a4573b-67a1-41e3-a350-f896363bc636:c3903, 0b725bbf-683b-4664-9a2e-3c9dd6e38bc1:c3899, 9193e3b7-ae04-484d-a740-c65c11559486:c3899]
2019-08-24 07:08:39,970 [grpc-default-executor-2] INFO  client.GrpcClientProtocolClient (GrpcClientProtocolClient.java:onNext(255)) - client-6EDD19400D46->06a4573b-67a1-41e3-a350-f896363bc636: receive RaftClientReply:client-6EDD19400D46->06a4573b-67a1-41e3-a350-f896363bc636@group-757E3781CD2A, cid=2628, SUCCESS, logIndex=3903, commits[06a4573b-67a1-41e3-a350-f896363bc636:c3903, 0b725bbf-683b-4664-9a2e-3c9dd6e38bc1:c3899, 9193e3b7-ae04-484d-a740-c65c11559486:c3899]
2019-08-24 07:08:39,982 | INFO  | DNAudit | user=null | ip=null | op=WRITE_CHUNK {blockData=conID: 1 locID: 102670697750594141 bcsId: 3899} | ret=SUCCESS |  
2019-08-24 07:08:39,982 | INFO  | DNAudit | user=null | ip=null | op=WRITE_CHUNK {blockData=conID: 1 locID: 102670697750594141 bcsId: 3899} | ret=SUCCESS |  
2019-08-24 07:08:39,996 | INFO  | DNAudit | user=null | ip=null | op=PUT_BLOCK {blockData=[blockId=conID: 1 locID: 102670697750594141 bcsId: 0,size=4194304]} | ret=SUCCESS |  
2019-08-24 07:08:39,996 | INFO  | DNAudit | user=null | ip=null | op=PUT_BLOCK {blockData=[blockId=conID: 1 locID: 102670697750594141 bcsId: 0,size=4194304]} | ret=SUCCESS |  
2019-08-24 07:08:39,996 [grpc-default-executor-2] INFO  client.GrpcClientProtocolClient (GrpcClientProtocolClient.java:onNext(255)) - client-6EDD19400D46->06a4573b-67a1-41e3-a350-f896363bc636: receive RaftClientReply:client-6EDD19400D46->06a4573b-67a1-41e3-a350-f896363bc636@group-757E3781CD2A, cid=2629, SUCCESS, logIndex=0, commits[06a4573b-67a1-41e3-a350-f896363bc636:c3905, 0b725bbf-683b-4664-9a2e-3c9dd6e38bc1:c3903, 9193e3b7-ae04-484d-a740-c65c11559486:c3903]
2019-08-24 07:08:40,002 | INFO  | SCMAudit | user=jenkins1000 | ip=192.168.69.125 | op=ALLOCATE_BLOCK {owner=61bacca8-15b6-4a50-8962-5e9786b18b0d, size=4194304, type=RATIS, factor=THREE} | ret=SUCCESS |  
2019-08-24 07:08:40,006 | INFO  | OMAudit | user=jenkins1000 | ip=127.0.0.1 | op=ALLOCATE_BLOCK {volume=vol-0-26988, bucket=bucket-0-20739, key=key-0-27353, dataSize=0, replicationType=null, replicationFactor=null, keyLocationInfo=null, clientID=102670695851229586} | ret=SUCCESS |  
2019-08-24 07:08:40,164 | INFO  | DNAudit | user=null | ip=null | op=WRITE_CHUNK {blockData=conID: 2 locID: 102670697758851678 bcsId: 0} | ret=SUCCESS |  
2019-08-24 07:08:40,167 | INFO  | DNAudit | user=null | ip=null | op=WRITE_CHUNK {blockData=conID: 2 locID: 102670697758851678 bcsId: 0} | ret=SUCCESS |  
2019-08-24 07:08:40,167 | INFO  | DNAudit | user=null | ip=null | op=WRITE_CHUNK {blockData=conID: 2 locID: 102670697758851678 bcsId: 0} | ret=SUCCESS |  
2019-08-24 07:08:40,167 | INFO  | DNAudit | user=null | ip=null | op=WRITE_CHUNK {blockData=conID: 2 locID: 102670697758851678 bcsId: 0} | ret=SUCCESS |  
2019-08-24 07:08:40,171 | INFO  | DNAudit | user=null | ip=null | op=WRITE_CHUNK {blockData=conID: 2 locID: 102670697758851678 bcsId: 0} | ret=SUCCESS |  
2019-08-24 07:08:40,171 | INFO  | DNAudit | user=null | ip=null | op=WRITE_CHUNK {blockData=conID: 2 locID: 102670697758851678 bcsId: 0} | ret=SUCCESS |  
2019-08-24 07:08:40,177 | INFO  | DNAudit | user=null | ip=null | op=WRITE_CHUNK {blockData=conID: 2 locID: 102670697758851678 bcsId: 0} | ret=SUCCESS |  
2019-08-24 07:08:40,177 | INFO  | DNAudit | user=null | ip=null | op=PUT_BLOCK {blockData=[blockId=conID: 2 locID: 102670697758851678 bcsId: 0,size=1048576]} | ret=SUCCESS |  
2019-08-24 07:08:40,178 | INFO  | DNAudit | user=null | ip=null | op=WRITE_CHUNK {blockData=conID: 2 locID: 102670697758851678 bcsId: 0} | ret=SUCCESS |  
2019-08-24 07:08:40,177 [grpc-default-executor-2] INFO  client.GrpcClientProtocolClient (GrpcClientProtocolClient.java:onNext(255)) - client-6EDD19400D46->06a4573b-67a1-41e3-a350-f896363bc636: receive RaftClientReply:client-6EDD19400D46->06a4573b-67a1-41e3-a350-f896363bc636@group-757E3781CD2A, cid=2630, SUCCESS, logIndex=3906, commits[06a4573b-67a1-41e3-a350-f896363bc636:c3907, 0b725bbf-683b-4664-9a2e-3c9dd6e38bc1:c3905, 9193e3b7-ae04-484d-a740-c65c11559486:c3905]
2019-08-24 07:08:40,178 | INFO  | DNAudit | user=null | ip=null | op=PUT_BLOCK {blockData=[blockId=conID: 2 locID: 102670697758851678 bcsId: 0,size=2097152]} | ret=SUCCESS |  
2019-08-24 07:08:40,178 [grpc-default-executor-2] INFO  client.GrpcClientProtocolClient (GrpcClientProtocolClient.java:onNext(255)) - client-6EDD19400D46->06a4573b-67a1-41e3-a350-f896363bc636: receive RaftClientReply:client-6EDD19400D46->06a4573b-67a1-41e3-a350-f896363bc636@group-757E3781CD2A, cid=2631, SUCCESS, logIndex=3907, commits[06a4573b-67a1-41e3-a350-f896363bc636:c3909, 0b725bbf-683b-4664-9a2e-3c9dd6e38bc1:c3905, 9193e3b7-ae04-484d-a740-c65c11559486:c3905]
2019-08-24 07:08:40,179 [grpc-default-executor-2] INFO  client.GrpcClientProtocolClient (GrpcClientProtocolClient.java:onNext(255)) - client-6EDD19400D46->06a4573b-67a1-41e3-a350-f896363bc636: receive RaftClientReply:client-6EDD19400D46->06a4573b-67a1-41e3-a350-f896363bc636@group-757E3781CD2A, cid=2632, SUCCESS, logIndex=3908, commits[06a4573b-67a1-41e3-a350-f896363bc636:c3909, 0b725bbf-683b-4664-9a2e-3c9dd6e38bc1:c3905, 9193e3b7-ae04-484d-a740-c65c11559486:c3905]
2019-08-24 07:08:40,179 [grpc-default-executor-2] INFO  client.GrpcClientProtocolClient (GrpcClientProtocolClient.java:onNext(255)) - client-6EDD19400D46->06a4573b-67a1-41e3-a350-f896363bc636: receive RaftClientReply:client-6EDD19400D46->06a4573b-67a1-41e3-a350-f896363bc636@group-757E3781CD2A, cid=2633, SUCCESS, logIndex=3909, commits[06a4573b-67a1-41e3-a350-f896363bc636:c3909, 0b725bbf-683b-4664-9a2e-3c9dd6e38bc1:c3905, 9193e3b7-ae04-484d-a740-c65c11559486:c3905]
2019-08-24 07:08:40,191 | INFO  | DNAudit | user=null | ip=null | op=WRITE_CHUNK {blockData=conID: 2 locID: 102670697758851678 bcsId: 0} | ret=SUCCESS |  
2019-08-24 07:08:40,191 | INFO  | DNAudit | user=null | ip=null | op=WRITE_CHUNK {blockData=conID: 2 locID: 102670697758851678 bcsId: 0} | ret=SUCCESS |  
2019-08-24 07:08:40,191 | INFO  | DNAudit | user=null | ip=null | op=PUT_BLOCK {blockData=[blockId=conID: 2 locID: 102670697758851678 bcsId: 0,size=1048576]} | ret=SUCCESS |  
2019-08-24 07:08:40,191 | INFO  | DNAudit | user=null | ip=null | op=PUT_BLOCK {blockData=[blockId=conID: 2 locID: 102670697758851678 bcsId: 0,size=1048576]} | ret=SUCCESS |  
2019-08-24 07:08:40,191 | INFO  | DNAudit | user=null | ip=null | op=WRITE_CHUNK {blockData=conID: 2 locID: 102670697758851678 bcsId: 0} | ret=SUCCESS |  
2019-08-24 07:08:40,192 | INFO  | DNAudit | user=null | ip=null | op=PUT_BLOCK {blockData=[blockId=conID: 2 locID: 102670697758851678 bcsId: 0,size=2097152]} | ret=SUCCESS |  
2019-08-24 07:08:40,192 | INFO  | DNAudit | user=null | ip=null | op=WRITE_CHUNK {blockData=conID: 2 locID: 102670697758851678 bcsId: 0} | ret=SUCCESS |  
2019-08-24 07:08:40,192 | INFO  | DNAudit | user=null | ip=null | op=PUT_BLOCK {blockData=[blockId=conID: 2 locID: 102670697758851678 bcsId: 0,size=2097152]} | ret=SUCCESS |  
2019-08-24 07:08:40,192 [grpc-default-executor-2] INFO  client.GrpcClientProtocolClient (GrpcClientProtocolClient.java:onNext(255)) - client-6EDD19400D46->06a4573b-67a1-41e3-a350-f896363bc636: receive RaftClientReply:client-6EDD19400D46->06a4573b-67a1-41e3-a350-f896363bc636@group-757E3781CD2A, cid=2634, SUCCESS, logIndex=0, commits[06a4573b-67a1-41e3-a350-f896363bc636:c3910, 0b725bbf-683b-4664-9a2e-3c9dd6e38bc1:c3907, 9193e3b7-ae04-484d-a740-c65c11559486:c3907]
2019-08-24 07:08:40,202 | INFO  | DNAudit | user=null | ip=null | op=WRITE_CHUNK {blockData=conID: 2 locID: 102670697758851678 bcsId: 3909} | ret=SUCCESS |  
2019-08-24 07:08:40,205 | INFO  | DNAudit | user=null | ip=null | op=WRITE_CHUNK {blockData=conID: 2 locID: 102670697758851678 bcsId: 3909} | ret=SUCCESS |  
2019-08-24 07:08:40,207 | INFO  | DNAudit | user=null | ip=null | op=WRITE_CHUNK {blockData=conID: 2 locID: 102670697758851678 bcsId: 3909} | ret=SUCCESS |  
2019-08-24 07:08:40,217 | INFO  | DNAudit | user=null | ip=null | op=WRITE_CHUNK {blockData=conID: 2 locID: 102670697758851678 bcsId: 3909} | ret=SUCCESS |  
2019-08-24 07:08:40,217 | INFO  | DNAudit | user=null | ip=null | op=PUT_BLOCK {blockData=[blockId=conID: 2 locID: 102670697758851678 bcsId: 0,size=3145728]} | ret=SUCCESS |  
2019-08-24 07:08:40,217 [grpc-default-executor-0] INFO  client.GrpcClientProtocolClient (GrpcClientProtocolClient.java:onNext(255)) - client-6EDD19400D46->06a4573b-67a1-41e3-a350-f896363bc636: receive RaftClientReply:client-6EDD19400D46->06a4573b-67a1-41e3-a350-f896363bc636@group-757E3781CD2A, cid=2635, SUCCESS, logIndex=3913, commits[06a4573b-67a1-41e3-a350-f896363bc636:c3914, 0b725bbf-683b-4664-9a2e-3c9dd6e38bc1:c3912, 9193e3b7-ae04-484d-a740-c65c11559486:c3912]
2019-08-24 07:08:40,218 [grpc-default-executor-0] INFO  client.GrpcClientProtocolClient (GrpcClientProtocolClient.java:onNext(255)) - client-6EDD19400D46->06a4573b-67a1-41e3-a350-f896363bc636: receive RaftClientReply:client-6EDD19400D46->06a4573b-67a1-41e3-a350-f896363bc636@group-757E3781CD2A, cid=2636, SUCCESS, logIndex=3914, commits[06a4573b-67a1-41e3-a350-f896363bc636:c3914, 0b725bbf-683b-4664-9a2e-3c9dd6e38bc1:c3912, 9193e3b7-ae04-484d-a740-c65c11559486:c3912]
2019-08-24 07:08:40,228 | INFO  | DNAudit | user=null | ip=null | op=WRITE_CHUNK {blockData=conID: 2 locID: 102670697758851678 bcsId: 3914} | ret=SUCCESS |  
2019-08-24 07:08:40,229 | INFO  | DNAudit | user=null | ip=null | op=WRITE_CHUNK {blockData=conID: 2 locID: 102670697758851678 bcsId: 3909} | ret=SUCCESS |  
2019-08-24 07:08:40,229 | INFO  | DNAudit | user=null | ip=null | op=WRITE_CHUNK {blockData=conID: 2 locID: 102670697758851678 bcsId: 3909} | ret=SUCCESS |  
2019-08-24 07:08:40,229 | INFO  | DNAudit | user=null | ip=null | op=PUT_BLOCK {blockData=[blockId=conID: 2 locID: 102670697758851678 bcsId: 0,size=3145728]} | ret=SUCCESS |  
2019-08-24 07:08:40,230 | INFO  | DNAudit | user=null | ip=null | op=PUT_BLOCK {blockData=[blockId=conID: 2 locID: 102670697758851678 bcsId: 0,size=3145728]} | ret=SUCCESS |  
2019-08-24 07:08:40,231 | INFO  | DNAudit | user=null | ip=null | op=WRITE_CHUNK {blockData=conID: 2 locID: 102670697758851678 bcsId: 3914} | ret=SUCCESS |  
2019-08-24 07:08:40,235 | INFO  | DNAudit | user=null | ip=null | op=WRITE_CHUNK {blockData=conID: 2 locID: 102670697758851678 bcsId: 3914} | ret=SUCCESS |  
2019-08-24 07:08:40,236 | INFO  | DNAudit | user=null | ip=null | op=WRITE_CHUNK {blockData=conID: 2 locID: 102670697758851678 bcsId: 3914} | ret=SUCCESS |  
2019-08-24 07:08:40,237 | INFO  | DNAudit | user=null | ip=null | op=PUT_BLOCK {blockData=[blockId=conID: 2 locID: 102670697758851678 bcsId: 0,size=4194304]} | ret=SUCCESS |  
2019-08-24 07:08:40,237 [grpc-default-executor-0] INFO  client.GrpcClientProtocolClient (GrpcClientProtocolClient.java:onNext(255)) - client-6EDD19400D46->06a4573b-67a1-41e3-a350-f896363bc636: receive RaftClientReply:client-6EDD19400D46->06a4573b-67a1-41e3-a350-f896363bc636@group-757E3781CD2A, cid=2637, SUCCESS, logIndex=3917, commits[06a4573b-67a1-41e3-a350-f896363bc636:c3918, 0b725bbf-683b-4664-9a2e-3c9dd6e38bc1:c3914, 9193e3b7-ae04-484d-a740-c65c11559486:c3914]
2019-08-24 07:08:40,238 [grpc-default-executor-0] INFO  client.GrpcClientProtocolClient (GrpcClientProtocolClient.java:onNext(255)) - client-6EDD19400D46->06a4573b-67a1-41e3-a350-f896363bc636: receive RaftClientReply:client-6EDD19400D46->06a4573b-67a1-41e3-a350-f896363bc636@group-757E3781CD2A, cid=2638, SUCCESS, logIndex=3918, commits[06a4573b-67a1-41e3-a350-f896363bc636:c3918, 0b725bbf-683b-4664-9a2e-3c9dd6e38bc1:c3914, 9193e3b7-ae04-484d-a740-c65c11559486:c3914]
2019-08-24 07:08:40,239 | INFO  | DNAudit | user=null | ip=null | op=WRITE_CHUNK {blockData=conID: 2 locID: 102670697758851678 bcsId: 3914} | ret=SUCCESS |  
2019-08-24 07:08:40,241 | INFO  | DNAudit | user=null | ip=null | op=WRITE_CHUNK {blockData=conID: 2 locID: 102670697758851678 bcsId: 3914} | ret=SUCCESS |  
2019-08-24 07:08:40,242 | INFO  | DNAudit | user=null | ip=null | op=PUT_BLOCK {blockData=[blockId=conID: 2 locID: 102670697758851678 bcsId: 0,size=4194304]} | ret=SUCCESS |  
2019-08-24 07:08:40,242 | INFO  | DNAudit | user=null | ip=null | op=PUT_BLOCK {blockData=[blockId=conID: 2 locID: 102670697758851678 bcsId: 0,size=4194304]} | ret=SUCCESS |  
2019-08-24 07:08:40,242 [grpc-default-executor-0] INFO  client.GrpcClientProtocolClient (GrpcClientProtocolClient.java:onNext(255)) - client-6EDD19400D46->06a4573b-67a1-41e3-a350-f896363bc636: receive RaftClientReply:client-6EDD19400D46->06a4573b-67a1-41e3-a350-f896363bc636@group-757E3781CD2A, cid=2639, SUCCESS, logIndex=0, commits[06a4573b-67a1-41e3-a350-f896363bc636:c3920, 0b725bbf-683b-4664-9a2e-3c9dd6e38bc1:c3918, 9193e3b7-ae04-484d-a740-c65c11559486:c3918]
2019-08-24 07:08:40,252 | INFO  | SCMAudit | user=jenkins1000 | ip=192.168.69.125 | op=ALLOCATE_BLOCK {owner=61bacca8-15b6-4a50-8962-5e9786b18b0d, size=4194304, type=RATIS, factor=THREE} | ret=SUCCESS |  
2019-08-24 07:08:40,259 | INFO  | OMAudit | user=jenkins1000 | ip=127.0.0.1 | op=ALLOCATE_BLOCK {volume=vol-0-26988, bucket=bucket-0-20739, key=key-0-27353, dataSize=0, replicationType=null, replicationFactor=null, keyLocationInfo=null, clientID=102670695851229586} | ret=SUCCESS |  
2019-08-24 07:08:40,270 | INFO  | DNAudit | user=null | ip=null | op=WRITE_CHUNK {blockData=conID: 3 locID: 102670697775235679 bcsId: 0} | ret=SUCCESS |  
2019-08-24 07:08:40,274 | INFO  | DNAudit | user=null | ip=null | op=WRITE_CHUNK {blockData=conID: 3 locID: 102670697775235679 bcsId: 0} | ret=SUCCESS |  
2019-08-24 07:08:40,274 | INFO  | DNAudit | user=null | ip=null | op=WRITE_CHUNK {blockData=conID: 3 locID: 102670697775235679 bcsId: 0} | ret=SUCCESS |  
2019-08-24 07:08:40,275 | INFO  | DNAudit | user=null | ip=null | op=WRITE_CHUNK {blockData=conID: 3 locID: 102670697775235679 bcsId: 0} | ret=SUCCESS |  
2019-08-24 07:08:40,278 | INFO  | DNAudit | user=null | ip=null | op=WRITE_CHUNK {blockData=conID: 3 locID: 102670697775235679 bcsId: 0} | ret=SUCCESS |  
2019-08-24 07:08:40,278 | INFO  | DNAudit | user=null | ip=null | op=WRITE_CHUNK {blockData=conID: 3 locID: 102670697775235679 bcsId: 0} | ret=SUCCESS |  
2019-08-24 07:08:40,283 | INFO  | DNAudit | user=null | ip=null | op=WRITE_CHUNK {blockData=conID: 3 locID: 102670697775235679 bcsId: 0} | ret=SUCCESS |  
2019-08-24 07:08:40,284 | INFO  | DNAudit | user=null | ip=null | op=PUT_BLOCK {blockData=[blockId=conID: 3 locID: 102670697775235679 bcsId: 0,size=1048576]} | ret=SUCCESS |  
2019-08-24 07:08:40,284 [grpc-default-executor-1] INFO  client.GrpcClientProtocolClient (GrpcClientProtocolClient.java:onNext(255)) - client-6EDD19400D46->06a4573b-67a1-41e3-a350-f896363bc636: receive RaftClientReply:client-6EDD19400D46->06a4573b-67a1-41e3-a350-f896363bc636@group-757E3781CD2A, cid=2640, SUCCESS, logIndex=3921, commits[06a4573b-67a1-41e3-a350-f896363bc636:c3922, 0b725bbf-683b-4664-9a2e-3c9dd6e38bc1:c3920, 9193e3b7-ae04-484d-a740-c65c11559486:c3920]
2019-08-24 07:08:40,285 | INFO  | DNAudit | user=null | ip=null | op=WRITE_CHUNK {blockData=conID: 3 locID: 102670697775235679 bcsId: 0} | ret=SUCCESS |  
2019-08-24 07:08:40,285 [grpc-default-executor-1] INFO  client.GrpcClientProtocolClient (GrpcClientProtocolClient.java:onNext(255)) - client-6EDD19400D46->06a4573b-67a1-41e3-a350-f896363bc636: receive RaftClientReply:client-6EDD19400D46->06a4573b-67a1-41e3-a350-f896363bc636@group-757E3781CD2A, cid=2641, SUCCESS, logIndex=3922, commits[06a4573b-67a1-41e3-a350-f896363bc636:c3924, 0b725bbf-683b-4664-9a2e-3c9dd6e38bc1:c3920, 9193e3b7-ae04-484d-a740-c65c11559486:c3920]
2019-08-24 07:08:40,285 | INFO  | DNAudit | user=null | ip=null | op=PUT_BLOCK {blockData=[blockId=conID: 3 locID: 102670697775235679 bcsId: 0,size=2097152]} | ret=SUCCESS |  
2019-08-24 07:08:40,286 [grpc-default-executor-1] INFO  client.GrpcClientProtocolClient (GrpcClientProtocolClient.java:onNext(255)) - client-6EDD19400D46->06a4573b-67a1-41e3-a350-f896363bc636: receive RaftClientReply:client-6EDD19400D46->06a4573b-67a1-41e3-a350-f896363bc636@group-757E3781CD2A, cid=2642, SUCCESS, logIndex=3923, commits[06a4573b-67a1-41e3-a350-f896363bc636:c3924, 0b725bbf-683b-4664-9a2e-3c9dd6e38bc1:c3920, 9193e3b7-ae04-484d-a740-c65c11559486:c3920]
2019-08-24 07:08:40,286 [grpc-default-executor-1] INFO  client.GrpcClientProtocolClient (GrpcClientProtocolClient.java:onNext(255)) - client-6EDD19400D46->06a4573b-67a1-41e3-a350-f896363bc636: receive RaftClientReply:client-6EDD19400D46->06a4573b-67a1-41e3-a350-f896363bc636@group-757E3781CD2A, cid=2643, SUCCESS, logIndex=3924, commits[06a4573b-67a1-41e3-a350-f896363bc636:c3924, 0b725bbf-683b-4664-9a2e-3c9dd6e38bc1:c3920, 9193e3b7-ae04-484d-a740-c65c11559486:c3920]
2019-08-24 07:08:40,297 | INFO  | DNAudit | user=null | ip=null | op=WRITE_CHUNK {blockData=conID: 3 locID: 102670697775235679 bcsId: 0} | ret=SUCCESS |  
2019-08-24 07:08:40,298 | INFO  | DNAudit | user=null | ip=null | op=WRITE_CHUNK {blockData=conID: 3 locID: 102670697775235679 bcsId: 0} | ret=SUCCESS |  
2019-08-24 07:08:40,299 | INFO  | DNAudit | user=null | ip=null | op=PUT_BLOCK {blockData=[blockId=conID: 3 locID: 102670697775235679 bcsId: 0,size=1048576]} | ret=SUCCESS |  
2019-08-24 07:08:40,299 | INFO  | DNAudit | user=null | ip=null | op=PUT_BLOCK {blockData=[blockId=conID: 3 locID: 102670697775235679 bcsId: 0,size=1048576]} | ret=SUCCESS |  
2019-08-24 07:08:40,299 | INFO  | DNAudit | user=null | ip=null | op=WRITE_CHUNK {blockData=conID: 3 locID: 102670697775235679 bcsId: 0} | ret=SUCCESS |  
2019-08-24 07:08:40,299 | INFO  | DNAudit | user=null | ip=null | op=PUT_BLOCK {blockData=[blockId=conID: 3 locID: 102670697775235679 bcsId: 0,size=2097152]} | ret=SUCCESS |  
2019-08-24 07:08:40,299 | INFO  | DNAudit | user=null | ip=null | op=WRITE_CHUNK {blockData=conID: 3 locID: 102670697775235679 bcsId: 0} | ret=SUCCESS |  
2019-08-24 07:08:40,299 | INFO  | DNAudit | user=null | ip=null | op=PUT_BLOCK {blockData=[blockId=conID: 3 locID: 102670697775235679 bcsId: 0,size=2097152]} | ret=SUCCESS |  
2019-08-24 07:08:40,300 [grpc-default-executor-1] INFO  client.GrpcClientProtocolClient (GrpcClientProtocolClient.java:onNext(255)) - client-6EDD19400D46->06a4573b-67a1-41e3-a350-f896363bc636: receive RaftClientReply:client-6EDD19400D46->06a4573b-67a1-41e3-a350-f896363bc636@group-757E3781CD2A, cid=2644, SUCCESS, logIndex=0, commits[06a4573b-67a1-41e3-a350-f896363bc636:c3928, 0b725bbf-683b-4664-9a2e-3c9dd6e38bc1:c3924, 9193e3b7-ae04-484d-a740-c65c11559486:c3922]
2019-08-24 07:08:40,309 | INFO  | DNAudit | user=null | ip=null | op=WRITE_CHUNK {blockData=conID: 3 locID: 102670697775235679 bcsId: 3924} | ret=SUCCESS |  
2019-08-24 07:08:40,312 | INFO  | DNAudit | user=null | ip=null | op=WRITE_CHUNK {blockData=conID: 3 locID: 102670697775235679 bcsId: 3924} | ret=SUCCESS |  
2019-08-24 07:08:40,313 | INFO  | DNAudit | user=null | ip=null | op=WRITE_CHUNK {blockData=conID: 3 locID: 102670697775235679 bcsId: 3924} | ret=SUCCESS |  
2019-08-24 07:08:40,322 | INFO  | DNAudit | user=null | ip=null | op=WRITE_CHUNK {blockData=conID: 3 locID: 102670697775235679 bcsId: 3924} | ret=SUCCESS |  
2019-08-24 07:08:40,323 | INFO  | DNAudit | user=null | ip=null | op=PUT_BLOCK {blockData=[blockId=conID: 3 locID: 102670697775235679 bcsId: 0,size=3145728]} | ret=SUCCESS |  
2019-08-24 07:08:40,323 [grpc-default-executor-1] INFO  client.GrpcClientProtocolClient (GrpcClientProtocolClient.java:onNext(255)) - client-6EDD19400D46->06a4573b-67a1-41e3-a350-f896363bc636: receive RaftClientReply:client-6EDD19400D46->06a4573b-67a1-41e3-a350-f896363bc636@group-757E3781CD2A, cid=2645, SUCCESS, logIndex=3929, commits[06a4573b-67a1-41e3-a350-f896363bc636:c3930, 0b725bbf-683b-4664-9a2e-3c9dd6e38bc1:c3928, 9193e3b7-ae04-484d-a740-c65c11559486:c3928]
2019-08-24 07:08:40,324 [grpc-default-executor-1] INFO  client.GrpcClientProtocolClient (GrpcClientProtocolClient.java:onNext(255)) - client-6EDD19400D46->06a4573b-67a1-41e3-a350-f896363bc636: receive RaftClientReply:client-6EDD19400D46->06a4573b-67a1-41e3-a350-f896363bc636@group-757E3781CD2A, cid=2646, SUCCESS, logIndex=3930, commits[06a4573b-67a1-41e3-a350-f896363bc636:c3930, 0b725bbf-683b-4664-9a2e-3c9dd6e38bc1:c3928, 9193e3b7-ae04-484d-a740-c65c11559486:c3928]
2019-08-24 07:08:40,333 | INFO  | DNAudit | user=null | ip=null | op=WRITE_CHUNK {blockData=conID: 3 locID: 102670697775235679 bcsId: 3930} | ret=SUCCESS |  
2019-08-24 07:08:40,334 | INFO  | DNAudit | user=null | ip=null | op=WRITE_CHUNK {blockData=conID: 3 locID: 102670697775235679 bcsId: 3924} | ret=SUCCESS |  
2019-08-24 07:08:40,335 | INFO  | DNAudit | user=null | ip=null | op=WRITE_CHUNK {blockData=conID: 3 locID: 102670697775235679 bcsId: 3924} | ret=SUCCESS |  
2019-08-24 07:08:40,337 | INFO  | DNAudit | user=null | ip=null | op=WRITE_CHUNK {blockData=conID: 3 locID: 102670697775235679 bcsId: 3930} | ret=SUCCESS |  
2019-08-24 07:08:40,337 | INFO  | DNAudit | user=null | ip=null | op=PUT_BLOCK {blockData=[blockId=conID: 3 locID: 102670697775235679 bcsId: 0,size=3145728]} | ret=SUCCESS |  
2019-08-24 07:08:40,337 | INFO  | DNAudit | user=null | ip=null | op=PUT_BLOCK {blockData=[blockId=conID: 3 locID: 102670697775235679 bcsId: 0,size=3145728]} | ret=SUCCESS |  
2019-08-24 07:08:40,337 | INFO  | DNAudit | user=null | ip=null | op=WRITE_CHUNK {blockData=conID: 3 locID: 102670697775235679 bcsId: 3930} | ret=SUCCESS |  
2019-08-24 07:08:40,349 | INFO  | DNAudit | user=null | ip=null | op=WRITE_CHUNK {blockData=conID: 3 locID: 102670697775235679 bcsId: 3930} | ret=SUCCESS |  
2019-08-24 07:08:40,349 | INFO  | DNAudit | user=null | ip=null | op=PUT_BLOCK {blockData=[blockId=conID: 3 locID: 102670697775235679 bcsId: 0,size=4194304]} | ret=SUCCESS |  
2019-08-24 07:08:40,349 [grpc-default-executor-0] INFO  client.GrpcClientProtocolClient (GrpcClientProtocolClient.java:onNext(255)) - client-6EDD19400D46->06a4573b-67a1-41e3-a350-f896363bc636: receive RaftClientReply:client-6EDD19400D46->06a4573b-67a1-41e3-a350-f896363bc636@group-757E3781CD2A, cid=2647, SUCCESS, logIndex=3933, commits[06a4573b-67a1-41e3-a350-f896363bc636:c3934, 0b725bbf-683b-4664-9a2e-3c9dd6e38bc1:c3930, 9193e3b7-ae04-484d-a740-c65c11559486:c3930]
2019-08-24 07:08:40,350 [grpc-default-executor-0] INFO  client.GrpcClientProtocolClient (GrpcClientProtocolClient.java:onNext(255)) - client-6EDD19400D46->06a4573b-67a1-41e3-a350-f896363bc636: receive RaftClientReply:client-6EDD19400D46->06a4573b-67a1-41e3-a350-f896363bc636@group-757E3781CD2A, cid=2648, SUCCESS, logIndex=3934, commits[06a4573b-67a1-41e3-a350-f896363bc636:c3934, 0b725bbf-683b-4664-9a2e-3c9dd6e38bc1:c3930, 9193e3b7-ae04-484d-a740-c65c11559486:c3930]
2019-08-24 07:08:40,351 | INFO  | DNAudit | user=null | ip=null | op=WRITE_CHUNK {blockData=conID: 3 locID: 102670697775235679 bcsId: 3930} | ret=SUCCESS |  
2019-08-24 07:08:40,352 | INFO  | DNAudit | user=null | ip=null | op=WRITE_CHUNK {blockData=conID: 3 locID: 102670697775235679 bcsId: 3930} | ret=SUCCESS |  
2019-08-24 07:08:40,352 | INFO  | DNAudit | user=null | ip=null | op=PUT_BLOCK {blockData=[blockId=conID: 3 locID: 102670697775235679 bcsId: 0,size=4194304]} | ret=SUCCESS |  
2019-08-24 07:08:40,363 | INFO  | DNAudit | user=null | ip=null | op=PUT_BLOCK {blockData=[blockId=conID: 3 locID: 102670697775235679 bcsId: 0,size=4194304]} | ret=SUCCESS |  
2019-08-24 07:08:40,363 [grpc-default-executor-0] INFO  client.GrpcClientProtocolClient (GrpcClientProtocolClient.java:onNext(255)) - client-6EDD19400D46->06a4573b-67a1-41e3-a350-f896363bc636: receive RaftClientReply:client-6EDD19400D46->06a4573b-67a1-41e3-a350-f896363bc636@group-757E3781CD2A, cid=2649, SUCCESS, logIndex=0, commits[06a4573b-67a1-41e3-a350-f896363bc636:c3936, 0b725bbf-683b-4664-9a2e-3c9dd6e38bc1:c3934, 9193e3b7-ae04-484d-a740-c65c11559486:c3934]
2019-08-24 07:08:40,371 | INFO  | SCMAudit | user=jenkins1000 | ip=192.168.69.125 | op=ALLOCATE_BLOCK {owner=61bacca8-15b6-4a50-8962-5e9786b18b0d, size=4194304, type=RATIS, factor=THREE} | ret=SUCCESS |  
2019-08-24 07:08:40,376 | INFO  | OMAudit | user=jenkins1000 | ip=127.0.0.1 | op=ALLOCATE_BLOCK {volume=vol-0-26988, bucket=bucket-0-20739, key=key-0-27353, dataSize=0, replicationType=null, replicationFactor=null, keyLocationInfo=null, clientID=102670695851229586} | ret=SUCCESS |  
2019-08-24 07:08:40,386 | INFO  | DNAudit | user=null | ip=null | op=WRITE_CHUNK {blockData=conID: 1 locID: 102670697783034464 bcsId: 0} | ret=SUCCESS |  
2019-08-24 07:08:40,390 | INFO  | DNAudit | user=null | ip=null | op=WRITE_CHUNK {blockData=conID: 1 locID: 102670697783034464 bcsId: 0} | ret=SUCCESS |  
2019-08-24 07:08:40,390 | INFO  | DNAudit | user=null | ip=null | op=WRITE_CHUNK {blockData=conID: 1 locID: 102670697783034464 bcsId: 0} | ret=SUCCESS |  
2019-08-24 07:08:40,390 | INFO  | DNAudit | user=null | ip=null | op=WRITE_CHUNK {blockData=conID: 1 locID: 102670697783034464 bcsId: 0} | ret=SUCCESS |  
2019-08-24 07:08:40,394 | INFO  | DNAudit | user=null | ip=null | op=WRITE_CHUNK {blockData=conID: 1 locID: 102670697783034464 bcsId: 0} | ret=SUCCESS |  
2019-08-24 07:08:40,394 | INFO  | DNAudit | user=null | ip=null | op=WRITE_CHUNK {blockData=conID: 1 locID: 102670697783034464 bcsId: 0} | ret=SUCCESS |  
2019-08-24 07:08:40,399 | INFO  | DNAudit | user=null | ip=null | op=WRITE_CHUNK {blockData=conID: 1 locID: 102670697783034464 bcsId: 0} | ret=SUCCESS |  
2019-08-24 07:08:40,400 | INFO  | DNAudit | user=null | ip=null | op=PUT_BLOCK {blockData=[blockId=conID: 1 locID: 102670697783034464 bcsId: 0,size=1048576]} | ret=SUCCESS |  
2019-08-24 07:08:40,400 | INFO  | DNAudit | user=null | ip=null | op=WRITE_CHUNK {blockData=conID: 1 locID: 102670697783034464 bcsId: 0} | ret=SUCCESS |  
2019-08-24 07:08:40,400 [grpc-default-executor-0] INFO  client.GrpcClientProtocolClient (GrpcClientProtocolClient.java:onNext(255)) - client-6EDD19400D46->06a4573b-67a1-41e3-a350-f896363bc636: receive RaftClientReply:client-6EDD19400D46->06a4573b-67a1-41e3-a350-f896363bc636@group-757E3781CD2A, cid=2650, SUCCESS, logIndex=3937, commits[06a4573b-67a1-41e3-a350-f896363bc636:c3938, 0b725bbf-683b-4664-9a2e-3c9dd6e38bc1:c3936, 9193e3b7-ae04-484d-a740-c65c11559486:c3936]
2019-08-24 07:08:40,400 | INFO  | DNAudit | user=null | ip=null | op=PUT_BLOCK {blockData=[blockId=conID: 1 locID: 102670697783034464 bcsId: 0,size=2097152]} | ret=SUCCESS |  
2019-08-24 07:08:40,400 [grpc-default-executor-0] INFO  client.GrpcClientProtocolClient (GrpcClientProtocolClient.java:onNext(255)) - client-6EDD19400D46->06a4573b-67a1-41e3-a350-f896363bc636: receive RaftClientReply:client-6EDD19400D46->06a4573b-67a1-41e3-a350-f896363bc636@group-757E3781CD2A, cid=2651, SUCCESS, logIndex=3938, commits[06a4573b-67a1-41e3-a350-f896363bc636:c3939, 0b725bbf-683b-4664-9a2e-3c9dd6e38bc1:c3936, 9193e3b7-ae04-484d-a740-c65c11559486:c3936]
2019-08-24 07:08:40,401 [grpc-default-executor-0] INFO  client.GrpcClientProtocolClient (GrpcClientProtocolClient.java:onNext(255)) - client-6EDD19400D46->06a4573b-67a1-41e3-a350-f896363bc636: receive RaftClientReply:client-6EDD19400D46->06a4573b-67a1-41e3-a350-f896363bc636@group-757E3781CD2A, cid=2652, SUCCESS, logIndex=3939, commits[06a4573b-67a1-41e3-a350-f896363bc636:c3940, 0b725bbf-683b-4664-9a2e-3c9dd6e38bc1:c3936, 9193e3b7-ae04-484d-a740-c65c11559486:c3936]
2019-08-24 07:08:40,401 [grpc-default-executor-0] INFO  client.GrpcClientProtocolClient (GrpcClientProtocolClient.java:onNext(255)) - client-6EDD19400D46->06a4573b-67a1-41e3-a350-f896363bc636: receive RaftClientReply:client-6EDD19400D46->06a4573b-67a1-41e3-a350-f896363bc636@group-757E3781CD2A, cid=2653, SUCCESS, logIndex=3940, commits[06a4573b-67a1-41e3-a350-f896363bc636:c3940, 0b725bbf-683b-4664-9a2e-3c9dd6e38bc1:c3936, 9193e3b7-ae04-484d-a740-c65c11559486:c3936]
2019-08-24 07:08:40,413 | INFO  | DNAudit | user=null | ip=null | op=WRITE_CHUNK {blockData=conID: 1 locID: 102670697783034464 bcsId: 0} | ret=SUCCESS |  
2019-08-24 07:08:40,413 | INFO  | DNAudit | user=null | ip=null | op=PUT_BLOCK {blockData=[blockId=conID: 1 locID: 102670697783034464 bcsId: 0,size=1048576]} | ret=SUCCESS |  
2019-08-24 07:08:40,415 | INFO  | DNAudit | user=null | ip=null | op=WRITE_CHUNK {blockData=conID: 1 locID: 102670697783034464 bcsId: 0} | ret=SUCCESS |  
2019-08-24 07:08:40,415 | INFO  | DNAudit | user=null | ip=null | op=PUT_BLOCK {blockData=[blockId=conID: 1 locID: 102670697783034464 bcsId: 0,size=1048576]} | ret=SUCCESS |  
2019-08-24 07:08:40,416 | INFO  | DNAudit | user=null | ip=null | op=WRITE_CHUNK {blockData=conID: 1 locID: 102670697783034464 bcsId: 0} | ret=SUCCESS |  
2019-08-24 07:08:40,416 | INFO  | DNAudit | user=null | ip=null | op=PUT_BLOCK {blockData=[blockId=conID: 1 locID: 102670697783034464 bcsId: 0,size=2097152]} | ret=SUCCESS |  
2019-08-24 07:08:40,416 [grpc-default-executor-0] INFO  client.GrpcClientProtocolClient (GrpcClientProtocolClient.java:onNext(255)) - client-6EDD19400D46->06a4573b-67a1-41e3-a350-f896363bc636: receive RaftClientReply:client-6EDD19400D46->06a4573b-67a1-41e3-a350-f896363bc636@group-757E3781CD2A, cid=2654, SUCCESS, logIndex=0, commits[06a4573b-67a1-41e3-a350-f896363bc636:c3942, 0b725bbf-683b-4664-9a2e-3c9dd6e38bc1:c3938, 9193e3b7-ae04-484d-a740-c65c11559486:c3938]
2019-08-24 07:08:40,425 | INFO  | DNAudit | user=null | ip=null | op=WRITE_CHUNK {blockData=conID: 1 locID: 102670697783034464 bcsId: 3940} | ret=SUCCESS |  
2019-08-24 07:08:40,426 | INFO  | DNAudit | user=null | ip=null | op=WRITE_CHUNK {blockData=conID: 1 locID: 102670697783034464 bcsId: 0} | ret=SUCCESS |  
2019-08-24 07:08:40,426 | INFO  | DNAudit | user=null | ip=null | op=PUT_BLOCK {blockData=[blockId=conID: 1 locID: 102670697783034464 bcsId: 0,size=2097152]} | ret=SUCCESS |  
2019-08-24 07:08:40,428 | INFO  | DNAudit | user=null | ip=null | op=WRITE_CHUNK {blockData=conID: 1 locID: 102670697783034464 bcsId: 3940} | ret=SUCCESS |  
2019-08-24 07:08:40,429 | INFO  | DNAudit | user=null | ip=null | op=WRITE_CHUNK {blockData=conID: 1 locID: 102670697783034464 bcsId: 3940} | ret=SUCCESS |  
2019-08-24 07:08:40,439 | INFO  | DNAudit | user=null | ip=null | op=WRITE_CHUNK {blockData=conID: 1 locID: 102670697783034464 bcsId: 3940} | ret=SUCCESS |  
2019-08-24 07:08:40,440 | INFO  | DNAudit | user=null | ip=null | op=PUT_BLOCK {blockData=[blockId=conID: 1 locID: 102670697783034464 bcsId: 0,size=3145728]} | ret=SUCCESS |  
2019-08-24 07:08:40,440 [grpc-default-executor-1] INFO  client.GrpcClientProtocolClient (GrpcClientProtocolClient.java:onNext(255)) - client-6EDD19400D46->06a4573b-67a1-41e3-a350-f896363bc636: receive RaftClientReply:client-6EDD19400D46->06a4573b-67a1-41e3-a350-f896363bc636@group-757E3781CD2A, cid=2655, SUCCESS, logIndex=3945, commits[06a4573b-67a1-41e3-a350-f896363bc636:c3946, 0b725bbf-683b-4664-9a2e-3c9dd6e38bc1:c3944, 9193e3b7-ae04-484d-a740-c65c11559486:c3944]
2019-08-24 07:08:40,440 [grpc-default-executor-1] INFO  client.GrpcClientProtocolClient (GrpcClientProtocolClient.java:onNext(255)) - client-6EDD19400D46->06a4573b-67a1-41e3-a350-f896363bc636: receive RaftClientReply:client-6EDD19400D46->06a4573b-67a1-41e3-a350-f896363bc636@group-757E3781CD2A, cid=2656, SUCCESS, logIndex=3946, commits[06a4573b-67a1-41e3-a350-f896363bc636:c3946, 0b725bbf-683b-4664-9a2e-3c9dd6e38bc1:c3944, 9193e3b7-ae04-484d-a740-c65c11559486:c3944]
2019-08-24 07:08:40,449 | INFO  | DNAudit | user=null | ip=null | op=WRITE_CHUNK {blockData=conID: 1 locID: 102670697783034464 bcsId: 3946} | ret=SUCCESS |  
2019-08-24 07:08:40,452 | INFO  | DNAudit | user=null | ip=null | op=WRITE_CHUNK {blockData=conID: 1 locID: 102670697783034464 bcsId: 3940} | ret=SUCCESS |  
2019-08-24 07:08:40,452 | INFO  | DNAudit | user=null | ip=null | op=WRITE_CHUNK {blockData=conID: 1 locID: 102670697783034464 bcsId: 3940} | ret=SUCCESS |  
2019-08-24 07:08:40,453 | INFO  | DNAudit | user=null | ip=null | op=WRITE_CHUNK {blockData=conID: 1 locID: 102670697783034464 bcsId: 3946} | ret=SUCCESS |  
2019-08-24 07:08:40,453 | INFO  | DNAudit | user=null | ip=null | op=WRITE_CHUNK {blockData=conID: 1 locID: 102670697783034464 bcsId: 3946} | ret=SUCCESS |  
2019-08-24 07:08:40,463 | INFO  | DNAudit | user=null | ip=null | op=PUT_BLOCK {blockData=[blockId=conID: 1 locID: 102670697783034464 bcsId: 0,size=3145728]} | ret=SUCCESS |  
2019-08-24 07:08:40,464 | INFO  | DNAudit | user=null | ip=null | op=PUT_BLOCK {blockData=[blockId=conID: 1 locID: 102670697783034464 bcsId: 0,size=3145728]} | ret=SUCCESS |  
2019-08-24 07:08:40,464 | INFO  | DNAudit | user=null | ip=null | op=WRITE_CHUNK {blockData=conID: 1 locID: 102670697783034464 bcsId: 3946} | ret=SUCCESS |  
2019-08-24 07:08:40,465 | INFO  | DNAudit | user=null | ip=null | op=PUT_BLOCK {blockData=[blockId=conID: 1 locID: 102670697783034464 bcsId: 0,size=4194304]} | ret=SUCCESS |  
2019-08-24 07:08:40,465 [grpc-default-executor-1] INFO  client.GrpcClientProtocolClient (GrpcClientProtocolClient.java:onNext(255)) - client-6EDD19400D46->06a4573b-67a1-41e3-a350-f896363bc636: receive RaftClientReply:client-6EDD19400D46->06a4573b-67a1-41e3-a350-f896363bc636@group-757E3781CD2A, cid=2657, SUCCESS, logIndex=3949, commits[06a4573b-67a1-41e3-a350-f896363bc636:c3950, 0b725bbf-683b-4664-9a2e-3c9dd6e38bc1:c3946, 9193e3b7-ae04-484d-a740-c65c11559486:c3946]
2019-08-24 07:08:40,466 [grpc-default-executor-1] INFO  client.GrpcClientProtocolClient (GrpcClientProtocolClient.java:onNext(255)) - client-6EDD19400D46->06a4573b-67a1-41e3-a350-f896363bc636: receive RaftClientReply:client-6EDD19400D46->06a4573b-67a1-41e3-a350-f896363bc636@group-757E3781CD2A, cid=2658, SUCCESS, logIndex=3950, commits[06a4573b-67a1-41e3-a350-f896363bc636:c3950, 0b725bbf-683b-4664-9a2e-3c9dd6e38bc1:c3946, 9193e3b7-ae04-484d-a740-c65c11559486:c3946]
2019-08-24 07:08:40,478 | INFO  | DNAudit | user=null | ip=null | op=WRITE_CHUNK {blockData=conID: 1 locID: 102670697783034464 bcsId: 3946} | ret=SUCCESS |  
2019-08-24 07:08:40,478 | INFO  | DNAudit | user=null | ip=null | op=WRITE_CHUNK {blockData=conID: 1 locID: 102670697783034464 bcsId: 3946} | ret=SUCCESS |  
2019-08-24 07:08:40,478 | INFO  | DNAudit | user=null | ip=null | op=PUT_BLOCK {blockData=[blockId=conID: 1 locID: 102670697783034464 bcsId: 0,size=4194304]} | ret=SUCCESS |  
2019-08-24 07:08:40,478 | INFO  | DNAudit | user=null | ip=null | op=PUT_BLOCK {blockData=[blockId=conID: 1 locID: 102670697783034464 bcsId: 0,size=4194304]} | ret=SUCCESS |  
2019-08-24 07:08:40,478 [grpc-default-executor-1] INFO  client.GrpcClientProtocolClient (GrpcClientProtocolClient.java:onNext(255)) - client-6EDD19400D46->06a4573b-67a1-41e3-a350-f896363bc636: receive RaftClientReply:client-6EDD19400D46->06a4573b-67a1-41e3-a350-f896363bc636@group-757E3781CD2A, cid=2659, SUCCESS, logIndex=0, commits[06a4573b-67a1-41e3-a350-f896363bc636:c3951, 0b725bbf-683b-4664-9a2e-3c9dd6e38bc1:c3950, 9193e3b7-ae04-484d-a740-c65c11559486:c3950]
2019-08-24 07:08:40,487 | INFO  | SCMAudit | user=jenkins1000 | ip=192.168.69.125 | op=ALLOCATE_BLOCK {owner=61bacca8-15b6-4a50-8962-5e9786b18b0d, size=4194304, type=RATIS, factor=THREE} | ret=SUCCESS |  
2019-08-24 07:08:40,492 | INFO  | OMAudit | user=jenkins1000 | ip=127.0.0.1 | op=ALLOCATE_BLOCK {volume=vol-0-26988, bucket=bucket-0-20739, key=key-0-27353, dataSize=0, replicationType=null, replicationFactor=null, keyLocationInfo=null, clientID=102670695851229586} | ret=SUCCESS |  
2019-08-24 07:08:40,501 | INFO  | DNAudit | user=null | ip=null | op=WRITE_CHUNK {blockData=conID: 2 locID: 102670697790636641 bcsId: 0} | ret=SUCCESS |  
2019-08-24 07:08:40,504 | INFO  | DNAudit | user=null | ip=null | op=WRITE_CHUNK {blockData=conID: 2 locID: 102670697790636641 bcsId: 0} | ret=SUCCESS |  
2019-08-24 07:08:40,505 | INFO  | DNAudit | user=null | ip=null | op=WRITE_CHUNK {blockData=conID: 2 locID: 102670697790636641 bcsId: 0} | ret=SUCCESS |  
2019-08-24 07:08:40,505 | INFO  | DNAudit | user=null | ip=null | op=WRITE_CHUNK {blockData=conID: 2 locID: 102670697790636641 bcsId: 0} | ret=SUCCESS |  
2019-08-24 07:08:40,507 | INFO  | DNAudit | user=null | ip=null | op=WRITE_CHUNK {blockData=conID: 2 locID: 102670697790636641 bcsId: 0} | ret=SUCCESS |  
2019-08-24 07:08:40,508 | INFO  | DNAudit | user=null | ip=null | op=WRITE_CHUNK {blockData=conID: 2 locID: 102670697790636641 bcsId: 0} | ret=SUCCESS |  
2019-08-24 07:08:40,515 | INFO  | DNAudit | user=null | ip=null | op=WRITE_CHUNK {blockData=conID: 2 locID: 102670697790636641 bcsId: 0} | ret=SUCCESS |  
2019-08-24 07:08:40,515 | INFO  | DNAudit | user=null | ip=null | op=PUT_BLOCK {blockData=[blockId=conID: 2 locID: 102670697790636641 bcsId: 0,size=1048576]} | ret=SUCCESS |  
2019-08-24 07:08:40,516 | INFO  | DNAudit | user=null | ip=null | op=WRITE_CHUNK {blockData=conID: 2 locID: 102670697790636641 bcsId: 0} | ret=SUCCESS |  
2019-08-24 07:08:40,515 [grpc-default-executor-2] INFO  client.GrpcClientProtocolClient (GrpcClientProtocolClient.java:onNext(255)) - client-6EDD19400D46->06a4573b-67a1-41e3-a350-f896363bc636: receive RaftClientReply:client-6EDD19400D46->06a4573b-67a1-41e3-a350-f896363bc636@group-757E3781CD2A, cid=2660, SUCCESS, logIndex=3953, commits[06a4573b-67a1-41e3-a350-f896363bc636:c3954, 0b725bbf-683b-4664-9a2e-3c9dd6e38bc1:c3952, 9193e3b7-ae04-484d-a740-c65c11559486:c3952]
2019-08-24 07:08:40,516 | INFO  | DNAudit | user=null | ip=null | op=PUT_BLOCK {blockData=[blockId=conID: 2 locID: 102670697790636641 bcsId: 0,size=2097152]} | ret=SUCCESS |  
2019-08-24 07:08:40,516 [grpc-default-executor-2] INFO  client.GrpcClientProtocolClient (GrpcClientProtocolClient.java:onNext(255)) - client-6EDD19400D46->06a4573b-67a1-41e3-a350-f896363bc636: receive RaftClientReply:client-6EDD19400D46->06a4573b-67a1-41e3-a350-f896363bc636@group-757E3781CD2A, cid=2661, SUCCESS, logIndex=3954, commits[06a4573b-67a1-41e3-a350-f896363bc636:c3954, 0b725bbf-683b-4664-9a2e-3c9dd6e38bc1:c3952, 9193e3b7-ae04-484d-a740-c65c11559486:c3952]
2019-08-24 07:08:40,517 | INFO  | DNAudit | user=null | ip=null | op=WRITE_CHUNK {blockData=conID: 2 locID: 102670697790636641 bcsId: 0} | ret=SUCCESS |  
2019-08-24 07:08:40,517 | INFO  | DNAudit | user=null | ip=null | op=PUT_BLOCK {blockData=[blockId=conID: 2 locID: 102670697790636641 bcsId: 0,size=1048576]} | ret=SUCCESS |  
2019-08-24 07:08:40,517 [grpc-default-executor-1] INFO  client.GrpcClientProtocolClient (GrpcClientProtocolClient.java:onNext(255)) - client-6EDD19400D46->06a4573b-67a1-41e3-a350-f896363bc636: receive RaftClientReply:client-6EDD19400D46->06a4573b-67a1-41e3-a350-f896363bc636@group-757E3781CD2A, cid=2662, SUCCESS, logIndex=3955, commits[06a4573b-67a1-41e3-a350-f896363bc636:c3956, 0b725bbf-683b-4664-9a2e-3c9dd6e38bc1:c3952, 9193e3b7-ae04-484d-a740-c65c11559486:c3952]
2019-08-24 07:08:40,517 [grpc-default-executor-1] INFO  client.GrpcClientProtocolClient (GrpcClientProtocolClient.java:onNext(255)) - client-6EDD19400D46->06a4573b-67a1-41e3-a350-f896363bc636: receive RaftClientReply:client-6EDD19400D46->06a4573b-67a1-41e3-a350-f896363bc636@group-757E3781CD2A, cid=2663, SUCCESS, logIndex=3956, commits[06a4573b-67a1-41e3-a350-f896363bc636:c3956, 0b725bbf-683b-4664-9a2e-3c9dd6e38bc1:c3952, 9193e3b7-ae04-484d-a740-c65c11559486:c3952]
2019-08-24 07:08:40,519 | INFO  | DNAudit | user=null | ip=null | op=WRITE_CHUNK {blockData=conID: 2 locID: 102670697790636641 bcsId: 0} | ret=SUCCESS |  
2019-08-24 07:08:40,520 | INFO  | DNAudit | user=null | ip=null | op=PUT_BLOCK {blockData=[blockId=conID: 2 locID: 102670697790636641 bcsId: 0,size=2097152]} | ret=SUCCESS |  
2019-08-24 07:08:40,520 | INFO  | DNAudit | user=null | ip=null | op=WRITE_CHUNK {blockData=conID: 2 locID: 102670697790636641 bcsId: 0} | ret=SUCCESS |  
2019-08-24 07:08:40,520 | INFO  | DNAudit | user=null | ip=null | op=PUT_BLOCK {blockData=[blockId=conID: 2 locID: 102670697790636641 bcsId: 0,size=1048576]} | ret=SUCCESS |  
2019-08-24 07:08:40,520 | INFO  | DNAudit | user=null | ip=null | op=WRITE_CHUNK {blockData=conID: 2 locID: 102670697790636641 bcsId: 0} | ret=SUCCESS |  
2019-08-24 07:08:40,520 | INFO  | DNAudit | user=null | ip=null | op=PUT_BLOCK {blockData=[blockId=conID: 2 locID: 102670697790636641 bcsId: 0,size=2097152]} | ret=SUCCESS |  
2019-08-24 07:08:40,521 [grpc-default-executor-1] INFO  client.GrpcClientProtocolClient (GrpcClientProtocolClient.java:onNext(255)) - client-6EDD19400D46->06a4573b-67a1-41e3-a350-f896363bc636: receive RaftClientReply:client-6EDD19400D46->06a4573b-67a1-41e3-a350-f896363bc636@group-757E3781CD2A, cid=2664, SUCCESS, logIndex=0, commits[06a4573b-67a1-41e3-a350-f896363bc636:c3960, 0b725bbf-683b-4664-9a2e-3c9dd6e38bc1:c3954, 9193e3b7-ae04-484d-a740-c65c11559486:c3956]
2019-08-24 07:08:40,529 | INFO  | DNAudit | user=null | ip=null | op=WRITE_CHUNK {blockData=conID: 2 locID: 102670697790636641 bcsId: 3956} | ret=SUCCESS |  
2019-08-24 07:08:40,532 | INFO  | DNAudit | user=null | ip=null | op=WRITE_CHUNK {blockData=conID: 2 locID: 102670697790636641 bcsId: 3956} | ret=SUCCESS |  
2019-08-24 07:08:40,532 | INFO  | DNAudit | user=null | ip=null | op=WRITE_CHUNK {blockData=conID: 2 locID: 102670697790636641 bcsId: 3956} | ret=SUCCESS |  
2019-08-24 07:08:40,537 | INFO  | DNAudit | user=null | ip=null | op=WRITE_CHUNK {blockData=conID: 2 locID: 102670697790636641 bcsId: 3956} | ret=SUCCESS |  
2019-08-24 07:08:40,537 | INFO  | DNAudit | user=null | ip=null | op=PUT_BLOCK {blockData=[blockId=conID: 2 locID: 102670697790636641 bcsId: 0,size=3145728]} | ret=SUCCESS |  
2019-08-24 07:08:40,538 [grpc-default-executor-0] INFO  client.GrpcClientProtocolClient (GrpcClientProtocolClient.java:onNext(255)) - client-6EDD19400D46->06a4573b-67a1-41e3-a350-f896363bc636: receive RaftClientReply:client-6EDD19400D46->06a4573b-67a1-41e3-a350-f896363bc636@group-757E3781CD2A, cid=2665, SUCCESS, logIndex=3961, commits[06a4573b-67a1-41e3-a350-f896363bc636:c3962, 0b725bbf-683b-4664-9a2e-3c9dd6e38bc1:c3960, 9193e3b7-ae04-484d-a740-c65c11559486:c3960]
2019-08-24 07:08:40,538 [grpc-default-executor-0] INFO  client.GrpcClientProtocolClient (GrpcClientProtocolClient.java:onNext(255)) - client-6EDD19400D46->06a4573b-67a1-41e3-a350-f896363bc636: receive RaftClientReply:client-6EDD19400D46->06a4573b-67a1-41e3-a350-f896363bc636@group-757E3781CD2A, cid=2666, SUCCESS, logIndex=3962, commits[06a4573b-67a1-41e3-a350-f896363bc636:c3962, 0b725bbf-683b-4664-9a2e-3c9dd6e38bc1:c3960, 9193e3b7-ae04-484d-a740-c65c11559486:c3960]
2019-08-24 07:08:40,549 | INFO  | DNAudit | user=null | ip=null | op=WRITE_CHUNK {blockData=conID: 2 locID: 102670697790636641 bcsId: 3956} | ret=SUCCESS |  
2019-08-24 07:08:40,549 | INFO  | DNAudit | user=null | ip=null | op=WRITE_CHUNK {blockData=conID: 2 locID: 102670697790636641 bcsId: 3956} | ret=SUCCESS |  
2019-08-24 07:08:40,552 | INFO  | DNAudit | user=null | ip=null | op=PUT_BLOCK {blockData=[blockId=conID: 2 locID: 102670697790636641 bcsId: 0,size=3145728]} | ret=SUCCESS |  
2019-08-24 07:08:40,552 | INFO  | DNAudit | user=null | ip=null | op=PUT_BLOCK {blockData=[blockId=conID: 2 locID: 102670697790636641 bcsId: 0,size=3145728]} | ret=SUCCESS |  
2019-08-24 07:08:40,552 | INFO  | DNAudit | user=null | ip=null | op=WRITE_CHUNK {blockData=conID: 2 locID: 102670697790636641 bcsId: 3962} | ret=SUCCESS |  
2019-08-24 07:08:40,555 | INFO  | DNAudit | user=null | ip=null | op=WRITE_CHUNK {blockData=conID: 2 locID: 102670697790636641 bcsId: 3962} | ret=SUCCESS |  
2019-08-24 07:08:40,555 | INFO  | DNAudit | user=null | ip=null | op=WRITE_CHUNK {blockData=conID: 2 locID: 102670697790636641 bcsId: 3962} | ret=SUCCESS |  
2019-08-24 07:08:40,564 | INFO  | DNAudit | user=null | ip=null | op=WRITE_CHUNK {blockData=conID: 2 locID: 102670697790636641 bcsId: 3962} | ret=SUCCESS |  
2019-08-24 07:08:40,564 | INFO  | DNAudit | user=null | ip=null | op=PUT_BLOCK {blockData=[blockId=conID: 2 locID: 102670697790636641 bcsId: 0,size=4194304]} | ret=SUCCESS |  
2019-08-24 07:08:40,565 [grpc-default-executor-0] INFO  client.GrpcClientProtocolClient (GrpcClientProtocolClient.java:onNext(255)) - client-6EDD19400D46->06a4573b-67a1-41e3-a350-f896363bc636: receive RaftClientReply:client-6EDD19400D46->06a4573b-67a1-41e3-a350-f896363bc636@group-757E3781CD2A, cid=2667, SUCCESS, logIndex=3965, commits[06a4573b-67a1-41e3-a350-f896363bc636:c3965, 0b725bbf-683b-4664-9a2e-3c9dd6e38bc1:c3963, 9193e3b7-ae04-484d-a740-c65c11559486:c3963]
2019-08-24 07:08:40,565 [grpc-default-executor-0] INFO  client.GrpcClientProtocolClient (GrpcClientProtocolClient.java:onNext(255)) - client-6EDD19400D46->06a4573b-67a1-41e3-a350-f896363bc636: receive RaftClientReply:client-6EDD19400D46->06a4573b-67a1-41e3-a350-f896363bc636@group-757E3781CD2A, cid=2668, SUCCESS, logIndex=3966, commits[06a4573b-67a1-41e3-a350-f896363bc636:c3966, 0b725bbf-683b-4664-9a2e-3c9dd6e38bc1:c3963, 9193e3b7-ae04-484d-a740-c65c11559486:c3963]
2019-08-24 07:08:40,576 | INFO  | DNAudit | user=null | ip=null | op=WRITE_CHUNK {blockData=conID: 2 locID: 102670697790636641 bcsId: 3962} | ret=SUCCESS |  
2019-08-24 07:08:40,576 | INFO  | DNAudit | user=null | ip=null | op=WRITE_CHUNK {blockData=conID: 2 locID: 102670697790636641 bcsId: 3962} | ret=SUCCESS |  
2019-08-24 07:08:40,578 | INFO  | DNAudit | user=null | ip=null | op=PUT_BLOCK {blockData=[blockId=conID: 2 locID: 102670697790636641 bcsId: 0,size=4194304]} | ret=SUCCESS |  
2019-08-24 07:08:40,579 | INFO  | DNAudit | user=null | ip=null | op=PUT_BLOCK {blockData=[blockId=conID: 2 locID: 102670697790636641 bcsId: 0,size=4194304]} | ret=SUCCESS |  
2019-08-24 07:08:40,580 [grpc-default-executor-0] INFO  client.GrpcClientProtocolClient (GrpcClientProtocolClient.java:onNext(255)) - client-6EDD19400D46->06a4573b-67a1-41e3-a350-f896363bc636: receive RaftClientReply:client-6EDD19400D46->06a4573b-67a1-41e3-a350-f896363bc636@group-757E3781CD2A, cid=2669, SUCCESS, logIndex=0, commits[06a4573b-67a1-41e3-a350-f896363bc636:c3968, 0b725bbf-683b-4664-9a2e-3c9dd6e38bc1:c3966, 9193e3b7-ae04-484d-a740-c65c11559486:c3966]
2019-08-24 07:08:40,587 | INFO  | SCMAudit | user=jenkins1000 | ip=192.168.69.125 | op=ALLOCATE_BLOCK {owner=61bacca8-15b6-4a50-8962-5e9786b18b0d, size=4194304, type=RATIS, factor=THREE} | ret=SUCCESS |  
2019-08-24 07:08:40,591 | INFO  | OMAudit | user=jenkins1000 | ip=127.0.0.1 | op=ALLOCATE_BLOCK {volume=vol-0-26988, bucket=bucket-0-20739, key=key-0-27353, dataSize=0, replicationType=null, replicationFactor=null, keyLocationInfo=null, clientID=102670695851229586} | ret=SUCCESS |  
2019-08-24 07:08:40,599 | INFO  | DNAudit | user=null | ip=null | op=WRITE_CHUNK {blockData=conID: 3 locID: 102670697797190242 bcsId: 0} | ret=SUCCESS |  
2019-08-24 07:08:40,601 | INFO  | DNAudit | user=null | ip=null | op=WRITE_CHUNK {blockData=conID: 3 locID: 102670697797190242 bcsId: 0} | ret=SUCCESS |  
2019-08-24 07:08:40,601 | INFO  | DNAudit | user=null | ip=null | op=WRITE_CHUNK {blockData=conID: 3 locID: 102670697797190242 bcsId: 0} | ret=SUCCESS |  
2019-08-24 07:08:40,601 | INFO  | DNAudit | user=null | ip=null | op=WRITE_CHUNK {blockData=conID: 3 locID: 102670697797190242 bcsId: 0} | ret=SUCCESS |  
2019-08-24 07:08:40,604 | INFO  | DNAudit | user=null | ip=null | op=WRITE_CHUNK {blockData=conID: 3 locID: 102670697797190242 bcsId: 0} | ret=SUCCESS |  
2019-08-24 07:08:40,604 | INFO  | DNAudit | user=null | ip=null | op=WRITE_CHUNK {blockData=conID: 3 locID: 102670697797190242 bcsId: 0} | ret=SUCCESS |  
2019-08-24 07:08:40,614 | INFO  | DNAudit | user=null | ip=null | op=WRITE_CHUNK {blockData=conID: 3 locID: 102670697797190242 bcsId: 0} | ret=SUCCESS |  
2019-08-24 07:08:40,614 | INFO  | DNAudit | user=null | ip=null | op=PUT_BLOCK {blockData=[blockId=conID: 3 locID: 102670697797190242 bcsId: 0,size=1048576]} | ret=SUCCESS |  
2019-08-24 07:08:40,614 [grpc-default-executor-1] INFO  client.GrpcClientProtocolClient (GrpcClientProtocolClient.java:onNext(255)) - client-6EDD19400D46->06a4573b-67a1-41e3-a350-f896363bc636: receive RaftClientReply:client-6EDD19400D46->06a4573b-67a1-41e3-a350-f896363bc636@group-757E3781CD2A, cid=2670, SUCCESS, logIndex=3969, commits[06a4573b-67a1-41e3-a350-f896363bc636:c3970, 0b725bbf-683b-4664-9a2e-3c9dd6e38bc1:c3968, 9193e3b7-ae04-484d-a740-c65c11559486:c3968]
2019-08-24 07:08:40,615 [grpc-default-executor-1] INFO  client.GrpcClientProtocolClient (GrpcClientProtocolClient.java:onNext(255)) - client-6EDD19400D46->06a4573b-67a1-41e3-a350-f896363bc636: receive RaftClientReply:client-6EDD19400D46->06a4573b-67a1-41e3-a350-f896363bc636@group-757E3781CD2A, cid=2671, SUCCESS, logIndex=3970, commits[06a4573b-67a1-41e3-a350-f896363bc636:c3970, 0b725bbf-683b-4664-9a2e-3c9dd6e38bc1:c3968, 9193e3b7-ae04-484d-a740-c65c11559486:c3968]
2019-08-24 07:08:40,625 | INFO  | DNAudit | user=null | ip=null | op=WRITE_CHUNK {blockData=conID: 3 locID: 102670697797190242 bcsId: 0} | ret=SUCCESS |  
2019-08-24 07:08:40,625 | INFO  | DNAudit | user=null | ip=null | op=PUT_BLOCK {blockData=[blockId=conID: 3 locID: 102670697797190242 bcsId: 0,size=2097152]} | ret=SUCCESS |  
2019-08-24 07:08:40,625 [grpc-default-executor-0] INFO  client.GrpcClientProtocolClient (GrpcClientProtocolClient.java:onNext(255)) - client-6EDD19400D46->06a4573b-67a1-41e3-a350-f896363bc636: receive RaftClientReply:client-6EDD19400D46->06a4573b-67a1-41e3-a350-f896363bc636@group-757E3781CD2A, cid=2672, SUCCESS, logIndex=3971, commits[06a4573b-67a1-41e3-a350-f896363bc636:c3972, 0b725bbf-683b-4664-9a2e-3c9dd6e38bc1:c3968, 9193e3b7-ae04-484d-a740-c65c11559486:c3968]
2019-08-24 07:08:40,626 [grpc-default-executor-0] INFO  client.GrpcClientProtocolClient (GrpcClientProtocolClient.java:onNext(255)) - client-6EDD19400D46->06a4573b-67a1-41e3-a350-f896363bc636: receive RaftClientReply:client-6EDD19400D46->06a4573b-67a1-41e3-a350-f896363bc636@group-757E3781CD2A, cid=2673, SUCCESS, logIndex=3972, commits[06a4573b-67a1-41e3-a350-f896363bc636:c3972, 0b725bbf-683b-4664-9a2e-3c9dd6e38bc1:c3968, 9193e3b7-ae04-484d-a740-c65c11559486:c3968]
2019-08-24 07:08:40,637 | INFO  | DNAudit | user=null | ip=null | op=WRITE_CHUNK {blockData=conID: 3 locID: 102670697797190242 bcsId: 0} | ret=SUCCESS |  
2019-08-24 07:08:40,638 | INFO  | DNAudit | user=null | ip=null | op=PUT_BLOCK {blockData=[blockId=conID: 3 locID: 102670697797190242 bcsId: 0,size=1048576]} | ret=SUCCESS |  
2019-08-24 07:08:40,639 | INFO  | DNAudit | user=null | ip=null | op=WRITE_CHUNK {blockData=conID: 3 locID: 102670697797190242 bcsId: 0} | ret=SUCCESS |  
2019-08-24 07:08:40,640 | INFO  | DNAudit | user=null | ip=null | op=PUT_BLOCK {blockData=[blockId=conID: 3 locID: 102670697797190242 bcsId: 0,size=1048576]} | ret=SUCCESS |  
2019-08-24 07:08:40,640 | INFO  | DNAudit | user=null | ip=null | op=WRITE_CHUNK {blockData=conID: 3 locID: 102670697797190242 bcsId: 0} | ret=SUCCESS |  
2019-08-24 07:08:40,640 | INFO  | DNAudit | user=null | ip=null | op=PUT_BLOCK {blockData=[blockId=conID: 3 locID: 102670697797190242 bcsId: 0,size=2097152]} | ret=SUCCESS |  
2019-08-24 07:08:40,641 [grpc-default-executor-0] INFO  client.GrpcClientProtocolClient (GrpcClientProtocolClient.java:onNext(255)) - client-6EDD19400D46->06a4573b-67a1-41e3-a350-f896363bc636: receive RaftClientReply:client-6EDD19400D46->06a4573b-67a1-41e3-a350-f896363bc636@group-757E3781CD2A, cid=2674, SUCCESS, logIndex=0, commits[06a4573b-67a1-41e3-a350-f896363bc636:c3974, 0b725bbf-683b-4664-9a2e-3c9dd6e38bc1:c3970, 9193e3b7-ae04-484d-a740-c65c11559486:c3970]
2019-08-24 07:08:40,650 | INFO  | DNAudit | user=null | ip=null | op=WRITE_CHUNK {blockData=conID: 3 locID: 102670697797190242 bcsId: 3972} | ret=SUCCESS |  
2019-08-24 07:08:40,650 | INFO  | DNAudit | user=null | ip=null | op=WRITE_CHUNK {blockData=conID: 3 locID: 102670697797190242 bcsId: 0} | ret=SUCCESS |  
2019-08-24 07:08:40,650 | INFO  | DNAudit | user=null | ip=null | op=PUT_BLOCK {blockData=[blockId=conID: 3 locID: 102670697797190242 bcsId: 0,size=2097152]} | ret=SUCCESS |  
2019-08-24 07:08:40,653 | INFO  | DNAudit | user=null | ip=null | op=WRITE_CHUNK {blockData=conID: 3 locID: 102670697797190242 bcsId: 3972} | ret=SUCCESS |  
2019-08-24 07:08:40,653 | INFO  | DNAudit | user=null | ip=null | op=WRITE_CHUNK {blockData=conID: 3 locID: 102670697797190242 bcsId: 3972} | ret=SUCCESS |  
2019-08-24 07:08:40,655 | INFO  | SCMAudit | user=jenkins1000 | ip=192.168.69.125 | op=SEND_HEARTBEAT {datanodeUUID=b8548da6-9cc6-46be-8dd4-5219531f5960, command=[]} | ret=SUCCESS |  
2019-08-24 07:08:40,656 | INFO  | SCMAudit | user=jenkins1000 | ip=192.168.69.125 | op=SEND_HEARTBEAT {datanodeUUID=9193e3b7-ae04-484d-a740-c65c11559486, command=[]} | ret=SUCCESS |  
2019-08-24 07:08:40,656 | INFO  | SCMAudit | user=jenkins1000 | ip=192.168.69.125 | op=SEND_HEARTBEAT {datanodeUUID=06a4573b-67a1-41e3-a350-f896363bc636, command=[]} | ret=SUCCESS |  
2019-08-24 07:08:40,659 | INFO  | SCMAudit | user=jenkins1000 | ip=192.168.69.125 | op=SEND_HEARTBEAT {datanodeUUID=25ce0803-6f34-4c69-82c0-892f08679042, command=[]} | ret=SUCCESS |  
2019-08-24 07:08:40,659 | INFO  | SCMAudit | user=jenkins1000 | ip=192.168.69.125 | op=SEND_HEARTBEAT {datanodeUUID=0b725bbf-683b-4664-9a2e-3c9dd6e38bc1, command=[]} | ret=SUCCESS |  
 0.00% |█                                                                                                    |  0/1 Time: 0:00:292019-08-24 07:08:40,664 | INFO  | DNAudit | user=null | ip=null | op=WRITE_CHUNK {blockData=conID: 3 locID: 102670697797190242 bcsId: 3972} | ret=SUCCESS |  
2019-08-24 07:08:40,665 | INFO  | DNAudit | user=null | ip=null | op=PUT_BLOCK {blockData=[blockId=conID: 3 locID: 102670697797190242 bcsId: 0,size=3145728]} | ret=SUCCESS |  
2019-08-24 07:08:40,665 [grpc-default-executor-1] INFO  client.GrpcClientProtocolClient (GrpcClientProtocolClient.java:onNext(255)) - client-6EDD19400D46->06a4573b-67a1-41e3-a350-f896363bc636: receive RaftClientReply:client-6EDD19400D46->06a4573b-67a1-41e3-a350-f896363bc636@group-757E3781CD2A, cid=2675, SUCCESS, logIndex=3977, commits[06a4573b-67a1-41e3-a350-f896363bc636:c3978, 0b725bbf-683b-4664-9a2e-3c9dd6e38bc1:c3976, 9193e3b7-ae04-484d-a740-c65c11559486:c3976]
2019-08-24 07:08:40,665 [grpc-default-executor-1] INFO  client.GrpcClientProtocolClient (GrpcClientProtocolClient.java:onNext(255)) - client-6EDD19400D46->06a4573b-67a1-41e3-a350-f896363bc636: receive RaftClientReply:client-6EDD19400D46->06a4573b-67a1-41e3-a350-f896363bc636@group-757E3781CD2A, cid=2676, SUCCESS, logIndex=3978, commits[06a4573b-67a1-41e3-a350-f896363bc636:c3978, 0b725bbf-683b-4664-9a2e-3c9dd6e38bc1:c3976, 9193e3b7-ae04-484d-a740-c65c11559486:c3976]
2019-08-24 07:08:40,674 | INFO  | DNAudit | user=null | ip=null | op=WRITE_CHUNK {blockData=conID: 3 locID: 102670697797190242 bcsId: 3978} | ret=SUCCESS |  
2019-08-24 07:08:40,676 | INFO  | DNAudit | user=null | ip=null | op=WRITE_CHUNK {blockData=conID: 3 locID: 102670697797190242 bcsId: 3972} | ret=SUCCESS |  
2019-08-24 07:08:40,676 | INFO  | DNAudit | user=null | ip=null | op=WRITE_CHUNK {blockData=conID: 3 locID: 102670697797190242 bcsId: 3972} | ret=SUCCESS |  
2019-08-24 07:08:40,676 | INFO  | DNAudit | user=null | ip=null | op=WRITE_CHUNK {blockData=conID: 3 locID: 102670697797190242 bcsId: 3978} | ret=SUCCESS |  
2019-08-24 07:08:40,676 | INFO  | DNAudit | user=null | ip=null | op=PUT_BLOCK {blockData=[blockId=conID: 3 locID: 102670697797190242 bcsId: 0,size=3145728]} | ret=SUCCESS |  
2019-08-24 07:08:40,676 | INFO  | DNAudit | user=null | ip=null | op=PUT_BLOCK {blockData=[blockId=conID: 3 locID: 102670697797190242 bcsId: 0,size=3145728]} | ret=SUCCESS |  
2019-08-24 07:08:40,677 | INFO  | DNAudit | user=null | ip=null | op=WRITE_CHUNK {blockData=conID: 3 locID: 102670697797190242 bcsId: 3978} | ret=SUCCESS |  
2019-08-24 07:08:40,689 | INFO  | DNAudit | user=null | ip=null | op=WRITE_CHUNK {blockData=conID: 3 locID: 102670697797190242 bcsId: 3978} | ret=SUCCESS |  
2019-08-24 07:08:40,690 | INFO  | DNAudit | user=null | ip=null | op=PUT_BLOCK {blockData=[blockId=conID: 3 locID: 102670697797190242 bcsId: 0,size=4194304]} | ret=SUCCESS |  
2019-08-24 07:08:40,690 [grpc-default-executor-5] INFO  client.GrpcClientProtocolClient (GrpcClientProtocolClient.java:onNext(255)) - client-6EDD19400D46->06a4573b-67a1-41e3-a350-f896363bc636: receive RaftClientReply:client-6EDD19400D46->06a4573b-67a1-41e3-a350-f896363bc636@group-757E3781CD2A, cid=2677, SUCCESS, logIndex=3981, commits[06a4573b-67a1-41e3-a350-f896363bc636:c3982, 0b725bbf-683b-4664-9a2e-3c9dd6e38bc1:c3978, 9193e3b7-ae04-484d-a740-c65c11559486:c3978]
2019-08-24 07:08:40,691 [grpc-default-executor-5] INFO  client.GrpcClientProtocolClient (GrpcClientProtocolClient.java:onNext(255)) - client-6EDD19400D46->06a4573b-67a1-41e3-a350-f896363bc636: receive RaftClientReply:client-6EDD19400D46->06a4573b-67a1-41e3-a350-f896363bc636@group-757E3781CD2A, cid=2678, SUCCESS, logIndex=3982, commits[06a4573b-67a1-41e3-a350-f896363bc636:c3982, 0b725bbf-683b-4664-9a2e-3c9dd6e38bc1:c3978, 9193e3b7-ae04-484d-a740-c65c11559486:c3978]
2019-08-24 07:08:40,701 | INFO  | DNAudit | user=null | ip=null | op=WRITE_CHUNK {blockData=conID: 3 locID: 102670697797190242 bcsId: 3978} | ret=SUCCESS |  
2019-08-24 07:08:40,701 | INFO  | DNAudit | user=null | ip=null | op=WRITE_CHUNK {blockData=conID: 3 locID: 102670697797190242 bcsId: 3978} | ret=SUCCESS |  
2019-08-24 07:08:40,703 | INFO  | DNAudit | user=null | ip=null | op=PUT_BLOCK {blockData=[blockId=conID: 3 locID: 102670697797190242 bcsId: 0,size=4194304]} | ret=SUCCESS |  
2019-08-24 07:08:40,703 | INFO  | DNAudit | user=null | ip=null | op=PUT_BLOCK {blockData=[blockId=conID: 3 locID: 102670697797190242 bcsId: 0,size=4194304]} | ret=SUCCESS |  
2019-08-24 07:08:40,704 [grpc-default-executor-5] INFO  client.GrpcClientProtocolClient (GrpcClientProtocolClient.java:onNext(255)) - client-6EDD19400D46->06a4573b-67a1-41e3-a350-f896363bc636: receive RaftClientReply:client-6EDD19400D46->06a4573b-67a1-41e3-a350-f896363bc636@group-757E3781CD2A, cid=2679, SUCCESS, logIndex=0, commits[06a4573b-67a1-41e3-a350-f896363bc636:c3984, 0b725bbf-683b-4664-9a2e-3c9dd6e38bc1:c3982, 9193e3b7-ae04-484d-a740-c65c11559486:c3982]
2019-08-24 07:08:40,717 | INFO  | SCMAudit | user=jenkins1000 | ip=192.168.69.125 | op=ALLOCATE_BLOCK {owner=61bacca8-15b6-4a50-8962-5e9786b18b0d, size=4194304, type=RATIS, factor=THREE} | ret=SUCCESS |  
2019-08-24 07:08:40,723 | INFO  | OMAudit | user=jenkins1000 | ip=127.0.0.1 | op=ALLOCATE_BLOCK {volume=vol-0-26988, bucket=bucket-0-20739, key=key-0-27353, dataSize=0, replicationType=null, replicationFactor=null, keyLocationInfo=null, clientID=102670695851229586} | ret=SUCCESS |  
2019-08-24 07:08:40,734 | INFO  | DNAudit | user=null | ip=null | op=WRITE_CHUNK {blockData=conID: 1 locID: 102670697805709923 bcsId: 0} | ret=SUCCESS |  
2019-08-24 07:08:40,738 | INFO  | DNAudit | user=null | ip=null | op=WRITE_CHUNK {blockData=conID: 1 locID: 102670697805709923 bcsId: 0} | ret=SUCCESS |  
2019-08-24 07:08:40,738 | INFO  | DNAudit | user=null | ip=null | op=WRITE_CHUNK {blockData=conID: 1 locID: 102670697805709923 bcsId: 0} | ret=SUCCESS |  
2019-08-24 07:08:40,739 | INFO  | DNAudit | user=null | ip=null | op=WRITE_CHUNK {blockData=conID: 1 locID: 102670697805709923 bcsId: 0} | ret=SUCCESS |  
2019-08-24 07:08:40,742 | INFO  | DNAudit | user=null | ip=null | op=WRITE_CHUNK {blockData=conID: 1 locID: 102670697805709923 bcsId: 0} | ret=SUCCESS |  
2019-08-24 07:08:40,742 | INFO  | DNAudit | user=null | ip=null | op=WRITE_CHUNK {blockData=conID: 1 locID: 102670697805709923 bcsId: 0} | ret=SUCCESS |  
2019-08-24 07:08:40,749 | INFO  | DNAudit | user=null | ip=null | op=WRITE_CHUNK {blockData=conID: 1 locID: 102670697805709923 bcsId: 0} | ret=SUCCESS |  
2019-08-24 07:08:40,749 | INFO  | DNAudit | user=null | ip=null | op=PUT_BLOCK {blockData=[blockId=conID: 1 locID: 102670697805709923 bcsId: 0,size=1048576]} | ret=SUCCESS |  
2019-08-24 07:08:40,750 [grpc-default-executor-0] INFO  client.GrpcClientProtocolClient (GrpcClientProtocolClient.java:onNext(255)) - client-6EDD19400D46->06a4573b-67a1-41e3-a350-f896363bc636: receive RaftClientReply:client-6EDD19400D46->06a4573b-67a1-41e3-a350-f896363bc636@group-757E3781CD2A, cid=2680, SUCCESS, logIndex=3985, commits[06a4573b-67a1-41e3-a350-f896363bc636:c3986, 0b725bbf-683b-4664-9a2e-3c9dd6e38bc1:c3984, 9193e3b7-ae04-484d-a740-c65c11559486:c3984]
2019-08-24 07:08:40,751 [grpc-default-executor-0] INFO  client.GrpcClientProtocolClient (GrpcClientProtocolClient.java:onNext(255)) - client-6EDD19400D46->06a4573b-67a1-41e3-a350-f896363bc636: receive RaftClientReply:client-6EDD19400D46->06a4573b-67a1-41e3-a350-f896363bc636@group-757E3781CD2A, cid=2681, SUCCESS, logIndex=3986, commits[06a4573b-67a1-41e3-a350-f896363bc636:c3986, 0b725bbf-683b-4664-9a2e-3c9dd6e38bc1:c3984, 9193e3b7-ae04-484d-a740-c65c11559486:c3984]
2019-08-24 07:08:40,761 | INFO  | DNAudit | user=null | ip=null | op=WRITE_CHUNK {blockData=conID: 1 locID: 102670697805709923 bcsId: 0} | ret=SUCCESS |  
2019-08-24 07:08:40,762 | INFO  | DNAudit | user=null | ip=null | op=PUT_BLOCK {blockData=[blockId=conID: 1 locID: 102670697805709923 bcsId: 0,size=2097152]} | ret=SUCCESS |  
2019-08-24 07:08:40,762 [grpc-default-executor-5] INFO  client.GrpcClientProtocolClient (GrpcClientProtocolClient.java:onNext(255)) - client-6EDD19400D46->06a4573b-67a1-41e3-a350-f896363bc636: receive RaftClientReply:client-6EDD19400D46->06a4573b-67a1-41e3-a350-f896363bc636@group-757E3781CD2A, cid=2682, SUCCESS, logIndex=3987, commits[06a4573b-67a1-41e3-a350-f896363bc636:c3988, 0b725bbf-683b-4664-9a2e-3c9dd6e38bc1:c3984, 9193e3b7-ae04-484d-a740-c65c11559486:c3984]
2019-08-24 07:08:40,763 [grpc-default-executor-5] INFO  client.GrpcClientProtocolClient (GrpcClientProtocolClient.java:onNext(255)) - client-6EDD19400D46->06a4573b-67a1-41e3-a350-f896363bc636: receive RaftClientReply:client-6EDD19400D46->06a4573b-67a1-41e3-a350-f896363bc636@group-757E3781CD2A, cid=2683, SUCCESS, logIndex=3988, commits[06a4573b-67a1-41e3-a350-f896363bc636:c3988, 0b725bbf-683b-4664-9a2e-3c9dd6e38bc1:c3984, 9193e3b7-ae04-484d-a740-c65c11559486:c3984]
2019-08-24 07:08:40,773 | INFO  | DNAudit | user=null | ip=null | op=WRITE_CHUNK {blockData=conID: 1 locID: 102670697805709923 bcsId: 0} | ret=SUCCESS |  
2019-08-24 07:08:40,773 | INFO  | DNAudit | user=null | ip=null | op=WRITE_CHUNK {blockData=conID: 1 locID: 102670697805709923 bcsId: 0} | ret=SUCCESS |  
2019-08-24 07:08:40,774 | INFO  | DNAudit | user=null | ip=null | op=PUT_BLOCK {blockData=[blockId=conID: 1 locID: 102670697805709923 bcsId: 0,size=1048576]} | ret=SUCCESS |  
2019-08-24 07:08:40,774 | INFO  | DNAudit | user=null | ip=null | op=PUT_BLOCK {blockData=[blockId=conID: 1 locID: 102670697805709923 bcsId: 0,size=1048576]} | ret=SUCCESS |  
2019-08-24 07:08:40,775 [grpc-default-executor-5] INFO  client.GrpcClientProtocolClient (GrpcClientProtocolClient.java:onNext(255)) - client-6EDD19400D46->06a4573b-67a1-41e3-a350-f896363bc636: receive RaftClientReply:client-6EDD19400D46->06a4573b-67a1-41e3-a350-f896363bc636@group-757E3781CD2A, cid=2684, SUCCESS, logIndex=0, commits[06a4573b-67a1-41e3-a350-f896363bc636:c3990, 0b725bbf-683b-4664-9a2e-3c9dd6e38bc1:c3986, 9193e3b7-ae04-484d-a740-c65c11559486:c3986]
2019-08-24 07:08:40,784 | INFO  | DNAudit | user=null | ip=null | op=WRITE_CHUNK {blockData=conID: 1 locID: 102670697805709923 bcsId: 3988} | ret=SUCCESS |  
2019-08-24 07:08:40,785 | INFO  | DNAudit | user=null | ip=null | op=WRITE_CHUNK {blockData=conID: 1 locID: 102670697805709923 bcsId: 0} | ret=SUCCESS |  
2019-08-24 07:08:40,785 | INFO  | DNAudit | user=null | ip=null | op=WRITE_CHUNK {blockData=conID: 1 locID: 102670697805709923 bcsId: 0} | ret=SUCCESS |  
2019-08-24 07:08:40,785 | INFO  | DNAudit | user=null | ip=null | op=PUT_BLOCK {blockData=[blockId=conID: 1 locID: 102670697805709923 bcsId: 0,size=2097152]} | ret=SUCCESS |  
2019-08-24 07:08:40,785 | INFO  | DNAudit | user=null | ip=null | op=PUT_BLOCK {blockData=[blockId=conID: 1 locID: 102670697805709923 bcsId: 0,size=2097152]} | ret=SUCCESS |  
2019-08-24 07:08:40,789 | INFO  | DNAudit | user=null | ip=null | op=WRITE_CHUNK {blockData=conID: 1 locID: 102670697805709923 bcsId: 3988} | ret=SUCCESS |  
2019-08-24 07:08:40,789 | INFO  | DNAudit | user=null | ip=null | op=WRITE_CHUNK {blockData=conID: 1 locID: 102670697805709923 bcsId: 3988} | ret=SUCCESS |  
2019-08-24 07:08:40,820 | INFO  | DNAudit | user=null | ip=null | op=WRITE_CHUNK {blockData=conID: 1 locID: 102670697805709923 bcsId: 3988} | ret=SUCCESS |  
2019-08-24 07:08:40,820 | INFO  | DNAudit | user=null | ip=null | op=PUT_BLOCK {blockData=[blockId=conID: 1 locID: 102670697805709923 bcsId: 0,size=3145728]} | ret=SUCCESS |  
2019-08-24 07:08:40,821 [grpc-default-executor-0] INFO  client.GrpcClientProtocolClient (GrpcClientProtocolClient.java:onNext(255)) - client-6EDD19400D46->06a4573b-67a1-41e3-a350-f896363bc636: receive RaftClientReply:client-6EDD19400D46->06a4573b-67a1-41e3-a350-f896363bc636@group-757E3781CD2A, cid=2685, SUCCESS, logIndex=3993, commits[06a4573b-67a1-41e3-a350-f896363bc636:c3994, 0b725bbf-683b-4664-9a2e-3c9dd6e38bc1:c3988, 9193e3b7-ae04-484d-a740-c65c11559486:c3990]
2019-08-24 07:08:40,822 [grpc-default-executor-0] INFO  client.GrpcClientProtocolClient (GrpcClientProtocolClient.java:onNext(255)) - client-6EDD19400D46->06a4573b-67a1-41e3-a350-f896363bc636: receive RaftClientReply:client-6EDD19400D46->06a4573b-67a1-41e3-a350-f896363bc636@group-757E3781CD2A, cid=2686, SUCCESS, logIndex=3994, commits[06a4573b-67a1-41e3-a350-f896363bc636:c3994, 0b725bbf-683b-4664-9a2e-3c9dd6e38bc1:c3988, 9193e3b7-ae04-484d-a740-c65c11559486:c3990]
2019-08-24 07:08:40,832 | INFO  | DNAudit | user=null | ip=null | op=WRITE_CHUNK {blockData=conID: 1 locID: 102670697805709923 bcsId: 3988} | ret=SUCCESS |  
2019-08-24 07:08:40,832 | INFO  | DNAudit | user=null | ip=null | op=WRITE_CHUNK {blockData=conID: 1 locID: 102670697805709923 bcsId: 3988} | ret=SUCCESS |  
2019-08-24 07:08:40,832 | INFO  | DNAudit | user=null | ip=null | op=PUT_BLOCK {blockData=[blockId=conID: 1 locID: 102670697805709923 bcsId: 0,size=3145728]} | ret=SUCCESS |  
2019-08-24 07:08:40,833 | INFO  | DNAudit | user=null | ip=null | op=PUT_BLOCK {blockData=[blockId=conID: 1 locID: 102670697805709923 bcsId: 0,size=3145728]} | ret=SUCCESS |  
2019-08-24 07:08:40,833 | INFO  | DNAudit | user=null | ip=null | op=WRITE_CHUNK {blockData=conID: 1 locID: 102670697805709923 bcsId: 3994} | ret=SUCCESS |  
2019-08-24 07:08:40,843 | INFO  | DNAudit | user=null | ip=null | op=WRITE_CHUNK {blockData=conID: 1 locID: 102670697805709923 bcsId: 3994} | ret=SUCCESS |  
2019-08-24 07:08:40,843 | INFO  | DNAudit | user=null | ip=null | op=WRITE_CHUNK {blockData=conID: 1 locID: 102670697805709923 bcsId: 3994} | ret=SUCCESS |  
2019-08-24 07:08:40,847 | INFO  | DNAudit | user=null | ip=null | op=WRITE_CHUNK {blockData=conID: 1 locID: 102670697805709923 bcsId: 3994} | ret=SUCCESS |  
2019-08-24 07:08:40,848 | INFO  | DNAudit | user=null | ip=null | op=PUT_BLOCK {blockData=[blockId=conID: 1 locID: 102670697805709923 bcsId: 0,size=4194304]} | ret=SUCCESS |  
2019-08-24 07:08:40,849 [grpc-default-executor-1] INFO  client.GrpcClientProtocolClient (GrpcClientProtocolClient.java:onNext(255)) - client-6EDD19400D46->06a4573b-67a1-41e3-a350-f896363bc636: receive RaftClientReply:client-6EDD19400D46->06a4573b-67a1-41e3-a350-f896363bc636@group-757E3781CD2A, cid=2687, SUCCESS, logIndex=3997, commits[06a4573b-67a1-41e3-a350-f896363bc636:c3998, 0b725bbf-683b-4664-9a2e-3c9dd6e38bc1:c3994, 9193e3b7-ae04-484d-a740-c65c11559486:c3994]
2019-08-24 07:08:40,849 [grpc-default-executor-1] INFO  client.GrpcClientProtocolClient (GrpcClientProtocolClient.java:onNext(255)) - client-6EDD19400D46->06a4573b-67a1-41e3-a350-f896363bc636: receive RaftClientReply:client-6EDD19400D46->06a4573b-67a1-41e3-a350-f896363bc636@group-757E3781CD2A, cid=2688, SUCCESS, logIndex=3998, commits[06a4573b-67a1-41e3-a350-f896363bc636:c3998, 0b725bbf-683b-4664-9a2e-3c9dd6e38bc1:c3994, 9193e3b7-ae04-484d-a740-c65c11559486:c3994]
2019-08-24 07:08:40,859 | INFO  | DNAudit | user=null | ip=null | op=WRITE_CHUNK {blockData=conID: 1 locID: 102670697805709923 bcsId: 3994} | ret=SUCCESS |  
2019-08-24 07:08:40,859 | INFO  | DNAudit | user=null | ip=null | op=WRITE_CHUNK {blockData=conID: 1 locID: 102670697805709923 bcsId: 3994} | ret=SUCCESS |  
2019-08-24 07:08:40,860 | INFO  | DNAudit | user=null | ip=null | op=PUT_BLOCK {blockData=[blockId=conID: 1 locID: 102670697805709923 bcsId: 0,size=4194304]} | ret=SUCCESS |  
2019-08-24 07:08:40,862 | INFO  | DNAudit | user=null | ip=null | op=PUT_BLOCK {blockData=[blockId=conID: 1 locID: 102670697805709923 bcsId: 0,size=4194304]} | ret=SUCCESS |  
2019-08-24 07:08:40,863 [grpc-default-executor-1] INFO  client.GrpcClientProtocolClient (GrpcClientProtocolClient.java:onNext(255)) - client-6EDD19400D46->06a4573b-67a1-41e3-a350-f896363bc636: receive RaftClientReply:client-6EDD19400D46->06a4573b-67a1-41e3-a350-f896363bc636@group-757E3781CD2A, cid=2689, SUCCESS, logIndex=0, commits[06a4573b-67a1-41e3-a350-f896363bc636:c3999, 0b725bbf-683b-4664-9a2e-3c9dd6e38bc1:c3998, 9193e3b7-ae04-484d-a740-c65c11559486:c3998]
2019-08-24 07:08:40,873 | INFO  | SCMAudit | user=jenkins1000 | ip=192.168.69.125 | op=ALLOCATE_BLOCK {owner=61bacca8-15b6-4a50-8962-5e9786b18b0d, size=4194304, type=RATIS, factor=THREE} | ret=SUCCESS |  
2019-08-24 07:08:40,880 | INFO  | OMAudit | user=jenkins1000 | ip=127.0.0.1 | op=ALLOCATE_BLOCK {volume=vol-0-26988, bucket=bucket-0-20739, key=key-0-27353, dataSize=0, replicationType=null, replicationFactor=null, keyLocationInfo=null, clientID=102670695851229586} | ret=SUCCESS |  
2019-08-24 07:08:40,891 | INFO  | DNAudit | user=null | ip=null | op=WRITE_CHUNK {blockData=conID: 2 locID: 102670697815933540 bcsId: 0} | ret=SUCCESS |  
2019-08-24 07:08:40,896 | INFO  | DNAudit | user=null | ip=null | op=WRITE_CHUNK {blockData=conID: 2 locID: 102670697815933540 bcsId: 0} | ret=SUCCESS |  
2019-08-24 07:08:40,896 | INFO  | DNAudit | user=null | ip=null | op=WRITE_CHUNK {blockData=conID: 2 locID: 102670697815933540 bcsId: 0} | ret=SUCCESS |  
2019-08-24 07:08:40,897 | INFO  | DNAudit | user=null | ip=null | op=WRITE_CHUNK {blockData=conID: 2 locID: 102670697815933540 bcsId: 0} | ret=SUCCESS |  
2019-08-24 07:08:40,900 | INFO  | DNAudit | user=null | ip=null | op=WRITE_CHUNK {blockData=conID: 2 locID: 102670697815933540 bcsId: 0} | ret=SUCCESS |  
2019-08-24 07:08:40,900 | INFO  | DNAudit | user=null | ip=null | op=WRITE_CHUNK {blockData=conID: 2 locID: 102670697815933540 bcsId: 0} | ret=SUCCESS |  
2019-08-24 07:08:40,905 | INFO  | DNAudit | user=null | ip=null | op=WRITE_CHUNK {blockData=conID: 2 locID: 102670697815933540 bcsId: 0} | ret=SUCCESS |  
2019-08-24 07:08:40,906 | INFO  | DNAudit | user=null | ip=null | op=PUT_BLOCK {blockData=[blockId=conID: 2 locID: 102670697815933540 bcsId: 0,size=1048576]} | ret=SUCCESS |  
2019-08-24 07:08:40,906 | INFO  | DNAudit | user=null | ip=null | op=WRITE_CHUNK {blockData=conID: 2 locID: 102670697815933540 bcsId: 0} | ret=SUCCESS |  
2019-08-24 07:08:40,907 [grpc-default-executor-1] INFO  client.GrpcClientProtocolClient (GrpcClientProtocolClient.java:onNext(255)) - client-6EDD19400D46->06a4573b-67a1-41e3-a350-f896363bc636: receive RaftClientReply:client-6EDD19400D46->06a4573b-67a1-41e3-a350-f896363bc636@group-757E3781CD2A, cid=2690, SUCCESS, logIndex=4001, commits[06a4573b-67a1-41e3-a350-f896363bc636:c4002, 0b725bbf-683b-4664-9a2e-3c9dd6e38bc1:c4000, 9193e3b7-ae04-484d-a740-c65c11559486:c4000]
2019-08-24 07:08:40,907 | INFO  | DNAudit | user=null | ip=null | op=WRITE_CHUNK {blockData=conID: 2 locID: 102670697815933540 bcsId: 0} | ret=SUCCESS |  
2019-08-24 07:08:40,907 | INFO  | DNAudit | user=null | ip=null | op=PUT_BLOCK {blockData=[blockId=conID: 2 locID: 102670697815933540 bcsId: 0,size=2097152]} | ret=SUCCESS |  
2019-08-24 07:08:40,908 | INFO  | DNAudit | user=null | ip=null | op=WRITE_CHUNK {blockData=conID: 2 locID: 102670697815933540 bcsId: 0} | ret=SUCCESS |  
2019-08-24 07:08:40,908 | INFO  | DNAudit | user=null | ip=null | op=PUT_BLOCK {blockData=[blockId=conID: 2 locID: 102670697815933540 bcsId: 0,size=1048576]} | ret=SUCCESS |  
2019-08-24 07:08:40,908 [grpc-default-executor-1] INFO  client.GrpcClientProtocolClient (GrpcClientProtocolClient.java:onNext(255)) - client-6EDD19400D46->06a4573b-67a1-41e3-a350-f896363bc636: receive RaftClientReply:client-6EDD19400D46->06a4573b-67a1-41e3-a350-f896363bc636@group-757E3781CD2A, cid=2691, SUCCESS, logIndex=4002, commits[06a4573b-67a1-41e3-a350-f896363bc636:c4002, 0b725bbf-683b-4664-9a2e-3c9dd6e38bc1:c4000, 9193e3b7-ae04-484d-a740-c65c11559486:c4000]
2019-08-24 07:08:40,909 [grpc-default-executor-1] INFO  client.GrpcClientProtocolClient (GrpcClientProtocolClient.java:onNext(255)) - client-6EDD19400D46->06a4573b-67a1-41e3-a350-f896363bc636: receive RaftClientReply:client-6EDD19400D46->06a4573b-67a1-41e3-a350-f896363bc636@group-757E3781CD2A, cid=2692, SUCCESS, logIndex=4003, commits[06a4573b-67a1-41e3-a350-f896363bc636:c4004, 0b725bbf-683b-4664-9a2e-3c9dd6e38bc1:c4000, 9193e3b7-ae04-484d-a740-c65c11559486:c4000]
2019-08-24 07:08:40,909 [grpc-default-executor-1] INFO  client.GrpcClientProtocolClient (GrpcClientProtocolClient.java:onNext(255)) - client-6EDD19400D46->06a4573b-67a1-41e3-a350-f896363bc636: receive RaftClientReply:client-6EDD19400D46->06a4573b-67a1-41e3-a350-f896363bc636@group-757E3781CD2A, cid=2693, SUCCESS, logIndex=4004, commits[06a4573b-67a1-41e3-a350-f896363bc636:c4004, 0b725bbf-683b-4664-9a2e-3c9dd6e38bc1:c4000, 9193e3b7-ae04-484d-a740-c65c11559486:c4000]
2019-08-24 07:08:40,918 | INFO  | DNAudit | user=null | ip=null | op=PUT_BLOCK {blockData=[blockId=conID: 2 locID: 102670697815933540 bcsId: 0,size=1048576]} | ret=SUCCESS |  
2019-08-24 07:08:40,920 [grpc-default-executor-1] INFO  client.GrpcClientProtocolClient (GrpcClientProtocolClient.java:onNext(255)) - client-6EDD19400D46->06a4573b-67a1-41e3-a350-f896363bc636: receive RaftClientReply:client-6EDD19400D46->06a4573b-67a1-41e3-a350-f896363bc636@group-757E3781CD2A, cid=2694, SUCCESS, logIndex=0, commits[06a4573b-67a1-41e3-a350-f896363bc636:c4005, 0b725bbf-683b-4664-9a2e-3c9dd6e38bc1:c4002, 9193e3b7-ae04-484d-a740-c65c11559486:c4002]
2019-08-24 07:08:40,921 | INFO  | DNAudit | user=null | ip=null | op=WRITE_CHUNK {blockData=conID: 2 locID: 102670697815933540 bcsId: 0} | ret=SUCCESS |  
2019-08-24 07:08:40,921 | INFO  | DNAudit | user=null | ip=null | op=PUT_BLOCK {blockData=[blockId=conID: 2 locID: 102670697815933540 bcsId: 0,size=2097152]} | ret=SUCCESS |  
2019-08-24 07:08:40,931 | INFO  | DNAudit | user=null | ip=null | op=WRITE_CHUNK {blockData=conID: 2 locID: 102670697815933540 bcsId: 4004} | ret=SUCCESS |  
2019-08-24 07:08:40,932 | INFO  | DNAudit | user=null | ip=null | op=WRITE_CHUNK {blockData=conID: 2 locID: 102670697815933540 bcsId: 0} | ret=SUCCESS |  
2019-08-24 07:08:40,932 | INFO  | DNAudit | user=null | ip=null | op=PUT_BLOCK {blockData=[blockId=conID: 2 locID: 102670697815933540 bcsId: 0,size=2097152]} | ret=SUCCESS |  
2019-08-24 07:08:40,935 | INFO  | DNAudit | user=null | ip=null | op=WRITE_CHUNK {blockData=conID: 2 locID: 102670697815933540 bcsId: 4004} | ret=SUCCESS |  
2019-08-24 07:08:40,936 | INFO  | DNAudit | user=null | ip=null | op=WRITE_CHUNK {blockData=conID: 2 locID: 102670697815933540 bcsId: 4004} | ret=SUCCESS |  
2019-08-24 07:08:40,947 | INFO  | DNAudit | user=null | ip=null | op=WRITE_CHUNK {blockData=conID: 2 locID: 102670697815933540 bcsId: 4004} | ret=SUCCESS |  
2019-08-24 07:08:40,948 | INFO  | DNAudit | user=null | ip=null | op=PUT_BLOCK {blockData=[blockId=conID: 2 locID: 102670697815933540 bcsId: 0,size=3145728]} | ret=SUCCESS |  
2019-08-24 07:08:40,948 [grpc-default-executor-0] INFO  client.GrpcClientProtocolClient (GrpcClientProtocolClient.java:onNext(255)) - client-6EDD19400D46->06a4573b-67a1-41e3-a350-f896363bc636: receive RaftClientReply:client-6EDD19400D46->06a4573b-67a1-41e3-a350-f896363bc636@group-757E3781CD2A, cid=2695, SUCCESS, logIndex=4009, commits[06a4573b-67a1-41e3-a350-f896363bc636:c4010, 0b725bbf-683b-4664-9a2e-3c9dd6e38bc1:c4008, 9193e3b7-ae04-484d-a740-c65c11559486:c4008]
2019-08-24 07:08:40,949 [grpc-default-executor-0] INFO  client.GrpcClientProtocolClient (GrpcClientProtocolClient.java:onNext(255)) - client-6EDD19400D46->06a4573b-67a1-41e3-a350-f896363bc636: receive RaftClientReply:client-6EDD19400D46->06a4573b-67a1-41e3-a350-f896363bc636@group-757E3781CD2A, cid=2696, SUCCESS, logIndex=4010, commits[06a4573b-67a1-41e3-a350-f896363bc636:c4010, 0b725bbf-683b-4664-9a2e-3c9dd6e38bc1:c4008, 9193e3b7-ae04-484d-a740-c65c11559486:c4008]
2019-08-24 07:08:40,961 | INFO  | DNAudit | user=null | ip=null | op=WRITE_CHUNK {blockData=conID: 2 locID: 102670697815933540 bcsId: 4004} | ret=SUCCESS |  
2019-08-24 07:08:40,961 | INFO  | DNAudit | user=null | ip=null | op=WRITE_CHUNK {blockData=conID: 2 locID: 102670697815933540 bcsId: 4004} | ret=SUCCESS |  
2019-08-24 07:08:40,961 | INFO  | DNAudit | user=null | ip=null | op=WRITE_CHUNK {blockData=conID: 2 locID: 102670697815933540 bcsId: 4010} | ret=SUCCESS |  
2019-08-24 07:08:40,961 | INFO  | DNAudit | user=null | ip=null | op=PUT_BLOCK {blockData=[blockId=conID: 2 locID: 102670697815933540 bcsId: 0,size=3145728]} | ret=SUCCESS |  
2019-08-24 07:08:40,962 | INFO  | DNAudit | user=null | ip=null | op=PUT_BLOCK {blockData=[blockId=conID: 2 locID: 102670697815933540 bcsId: 0,size=3145728]} | ret=SUCCESS |  
2019-08-24 07:08:40,966 | INFO  | DNAudit | user=null | ip=null | op=WRITE_CHUNK {blockData=conID: 2 locID: 102670697815933540 bcsId: 4010} | ret=SUCCESS |  
2019-08-24 07:08:40,966 | INFO  | DNAudit | user=null | ip=null | op=WRITE_CHUNK {blockData=conID: 2 locID: 102670697815933540 bcsId: 4010} | ret=SUCCESS |  
2019-08-24 07:08:40,986 | INFO  | DNAudit | user=null | ip=null | op=WRITE_CHUNK {blockData=conID: 2 locID: 102670697815933540 bcsId: 4010} | ret=SUCCESS |  
2019-08-24 07:08:40,987 | INFO  | DNAudit | user=null | ip=null | op=PUT_BLOCK {blockData=[blockId=conID: 2 locID: 102670697815933540 bcsId: 0,size=4194304]} | ret=SUCCESS |  
2019-08-24 07:08:40,987 [grpc-default-executor-0] INFO  client.GrpcClientProtocolClient (GrpcClientProtocolClient.java:onNext(255)) - client-6EDD19400D46->06a4573b-67a1-41e3-a350-f896363bc636: receive RaftClientReply:client-6EDD19400D46->06a4573b-67a1-41e3-a350-f896363bc636@group-757E3781CD2A, cid=2697, SUCCESS, logIndex=4013, commits[06a4573b-67a1-41e3-a350-f896363bc636:c4014, 0b725bbf-683b-4664-9a2e-3c9dd6e38bc1:c4010, 9193e3b7-ae04-484d-a740-c65c11559486:c4010]
2019-08-24 07:08:40,988 [grpc-default-executor-0] INFO  client.GrpcClientProtocolClient (GrpcClientProtocolClient.java:onNext(255)) - client-6EDD19400D46->06a4573b-67a1-41e3-a350-f896363bc636: receive RaftClientReply:client-6EDD19400D46->06a4573b-67a1-41e3-a350-f896363bc636@group-757E3781CD2A, cid=2698, SUCCESS, logIndex=4014, commits[06a4573b-67a1-41e3-a350-f896363bc636:c4014, 0b725bbf-683b-4664-9a2e-3c9dd6e38bc1:c4010, 9193e3b7-ae04-484d-a740-c65c11559486:c4010]
2019-08-24 07:08:40,998 | INFO  | DNAudit | user=null | ip=null | op=WRITE_CHUNK {blockData=conID: 2 locID: 102670697815933540 bcsId: 4010} | ret=SUCCESS |  
2019-08-24 07:08:40,998 | INFO  | DNAudit | user=null | ip=null | op=WRITE_CHUNK {blockData=conID: 2 locID: 102670697815933540 bcsId: 4010} | ret=SUCCESS |  
2019-08-24 07:08:40,998 | INFO  | DNAudit | user=null | ip=null | op=PUT_BLOCK {blockData=[blockId=conID: 2 locID: 102670697815933540 bcsId: 0,size=4194304]} | ret=SUCCESS |  
2019-08-24 07:08:40,998 | INFO  | DNAudit | user=null | ip=null | op=PUT_BLOCK {blockData=[blockId=conID: 2 locID: 102670697815933540 bcsId: 0,size=4194304]} | ret=SUCCESS |  
2019-08-24 07:08:40,999 [grpc-default-executor-0] INFO  client.GrpcClientProtocolClient (GrpcClientProtocolClient.java:onNext(255)) - client-6EDD19400D46->06a4573b-67a1-41e3-a350-f896363bc636: receive RaftClientReply:client-6EDD19400D46->06a4573b-67a1-41e3-a350-f896363bc636@group-757E3781CD2A, cid=2699, SUCCESS, logIndex=0, commits[06a4573b-67a1-41e3-a350-f896363bc636:c4015, 0b725bbf-683b-4664-9a2e-3c9dd6e38bc1:c4014, 9193e3b7-ae04-484d-a740-c65c11559486:c4014]
2019-08-24 07:08:41,008 | INFO  | SCMAudit | user=jenkins1000 | ip=192.168.69.125 | op=ALLOCATE_BLOCK {owner=61bacca8-15b6-4a50-8962-5e9786b18b0d, size=4194304, type=RATIS, factor=THREE} | ret=SUCCESS |  
2019-08-24 07:08:41,014 | INFO  | OMAudit | user=jenkins1000 | ip=127.0.0.1 | op=ALLOCATE_BLOCK {volume=vol-0-26988, bucket=bucket-0-20739, key=key-0-27353, dataSize=0, replicationType=null, replicationFactor=null, keyLocationInfo=null, clientID=102670695851229586} | ret=SUCCESS |  
2019-08-24 07:08:41,024 | INFO  | DNAudit | user=null | ip=null | op=WRITE_CHUNK {blockData=conID: 3 locID: 102670697824780901 bcsId: 0} | ret=SUCCESS |  
2019-08-24 07:08:41,029 | INFO  | DNAudit | user=null | ip=null | op=WRITE_CHUNK {blockData=conID: 3 locID: 102670697824780901 bcsId: 0} | ret=SUCCESS |  
2019-08-24 07:08:41,029 | INFO  | DNAudit | user=null | ip=null | op=WRITE_CHUNK {blockData=conID: 3 locID: 102670697824780901 bcsId: 0} | ret=SUCCESS |  
2019-08-24 07:08:41,029 | INFO  | DNAudit | user=null | ip=null | op=WRITE_CHUNK {blockData=conID: 3 locID: 102670697824780901 bcsId: 0} | ret=SUCCESS |  
2019-08-24 07:08:41,031 | INFO  | DNAudit | user=null | ip=null | op=WRITE_CHUNK {blockData=conID: 3 locID: 102670697824780901 bcsId: 0} | ret=SUCCESS |  
2019-08-24 07:08:41,031 | INFO  | DNAudit | user=null | ip=null | op=WRITE_CHUNK {blockData=conID: 3 locID: 102670697824780901 bcsId: 0} | ret=SUCCESS |  
2019-08-24 07:08:41,037 | INFO  | DNAudit | user=null | ip=null | op=WRITE_CHUNK {blockData=conID: 3 locID: 102670697824780901 bcsId: 0} | ret=SUCCESS |  
2019-08-24 07:08:41,038 | INFO  | DNAudit | user=null | ip=null | op=PUT_BLOCK {blockData=[blockId=conID: 3 locID: 102670697824780901 bcsId: 0,size=1048576]} | ret=SUCCESS |  
2019-08-24 07:08:41,038 [grpc-default-executor-1] INFO  client.GrpcClientProtocolClient (GrpcClientProtocolClient.java:onNext(255)) - client-6EDD19400D46->06a4573b-67a1-41e3-a350-f896363bc636: receive RaftClientReply:client-6EDD19400D46->06a4573b-67a1-41e3-a350-f896363bc636@group-757E3781CD2A, cid=2700, SUCCESS, logIndex=4017, commits[06a4573b-67a1-41e3-a350-f896363bc636:c4020, 0b725bbf-683b-4664-9a2e-3c9dd6e38bc1:c4016, 9193e3b7-ae04-484d-a740-c65c11559486:c4016]
2019-08-24 07:08:41,039 | INFO  | DNAudit | user=null | ip=null | op=WRITE_CHUNK {blockData=conID: 3 locID: 102670697824780901 bcsId: 0} | ret=SUCCESS |  
2019-08-24 07:08:41,039 [grpc-default-executor-1] INFO  client.GrpcClientProtocolClient (GrpcClientProtocolClient.java:onNext(255)) - client-6EDD19400D46->06a4573b-67a1-41e3-a350-f896363bc636: receive RaftClientReply:client-6EDD19400D46->06a4573b-67a1-41e3-a350-f896363bc636@group-757E3781CD2A, cid=2701, SUCCESS, logIndex=4018, commits[06a4573b-67a1-41e3-a350-f896363bc636:c4020, 0b725bbf-683b-4664-9a2e-3c9dd6e38bc1:c4016, 9193e3b7-ae04-484d-a740-c65c11559486:c4016]
2019-08-24 07:08:41,039 | INFO  | DNAudit | user=null | ip=null | op=PUT_BLOCK {blockData=[blockId=conID: 3 locID: 102670697824780901 bcsId: 0,size=2097152]} | ret=SUCCESS |  
2019-08-24 07:08:41,039 [grpc-default-executor-1] INFO  client.GrpcClientProtocolClient (GrpcClientProtocolClient.java:onNext(255)) - client-6EDD19400D46->06a4573b-67a1-41e3-a350-f896363bc636: receive RaftClientReply:client-6EDD19400D46->06a4573b-67a1-41e3-a350-f896363bc636@group-757E3781CD2A, cid=2702, SUCCESS, logIndex=4019, commits[06a4573b-67a1-41e3-a350-f896363bc636:c4020, 0b725bbf-683b-4664-9a2e-3c9dd6e38bc1:c4016, 9193e3b7-ae04-484d-a740-c65c11559486:c4016]
2019-08-24 07:08:41,040 [grpc-default-executor-1] INFO  client.GrpcClientProtocolClient (GrpcClientProtocolClient.java:onNext(255)) - client-6EDD19400D46->06a4573b-67a1-41e3-a350-f896363bc636: receive RaftClientReply:client-6EDD19400D46->06a4573b-67a1-41e3-a350-f896363bc636@group-757E3781CD2A, cid=2703, SUCCESS, logIndex=4020, commits[06a4573b-67a1-41e3-a350-f896363bc636:c4020, 0b725bbf-683b-4664-9a2e-3c9dd6e38bc1:c4016, 9193e3b7-ae04-484d-a740-c65c11559486:c4016]
2019-08-24 07:08:41,049 | INFO  | DNAudit | user=null | ip=null | op=WRITE_CHUNK {blockData=conID: 3 locID: 102670697824780901 bcsId: 0} | ret=SUCCESS |  
2019-08-24 07:08:41,049 | INFO  | DNAudit | user=null | ip=null | op=PUT_BLOCK {blockData=[blockId=conID: 3 locID: 102670697824780901 bcsId: 0,size=1048576]} | ret=SUCCESS |  
2019-08-24 07:08:41,052 | INFO  | DNAudit | user=null | ip=null | op=WRITE_CHUNK {blockData=conID: 3 locID: 102670697824780901 bcsId: 0} | ret=SUCCESS |  
2019-08-24 07:08:41,052 | INFO  | DNAudit | user=null | ip=null | op=WRITE_CHUNK {blockData=conID: 3 locID: 102670697824780901 bcsId: 0} | ret=SUCCESS |  
2019-08-24 07:08:41,053 | INFO  | DNAudit | user=null | ip=null | op=PUT_BLOCK {blockData=[blockId=conID: 3 locID: 102670697824780901 bcsId: 0,size=2097152]} | ret=SUCCESS |  
2019-08-24 07:08:41,053 | INFO  | DNAudit | user=null | ip=null | op=PUT_BLOCK {blockData=[blockId=conID: 3 locID: 102670697824780901 bcsId: 0,size=1048576]} | ret=SUCCESS |  
2019-08-24 07:08:41,053 | INFO  | DNAudit | user=null | ip=null | op=WRITE_CHUNK {blockData=conID: 3 locID: 102670697824780901 bcsId: 0} | ret=SUCCESS |  
2019-08-24 07:08:41,053 | INFO  | DNAudit | user=null | ip=null | op=PUT_BLOCK {blockData=[blockId=conID: 3 locID: 102670697824780901 bcsId: 0,size=2097152]} | ret=SUCCESS |  
2019-08-24 07:08:41,053 [grpc-default-executor-1] INFO  client.GrpcClientProtocolClient (GrpcClientProtocolClient.java:onNext(255)) - client-6EDD19400D46->06a4573b-67a1-41e3-a350-f896363bc636: receive RaftClientReply:client-6EDD19400D46->06a4573b-67a1-41e3-a350-f896363bc636@group-757E3781CD2A, cid=2704, SUCCESS, logIndex=0, commits[06a4573b-67a1-41e3-a350-f896363bc636:c4023, 0b725bbf-683b-4664-9a2e-3c9dd6e38bc1:c4018, 9193e3b7-ae04-484d-a740-c65c11559486:c4020]
2019-08-24 07:08:41,062 | INFO  | DNAudit | user=null | ip=null | op=WRITE_CHUNK {blockData=conID: 3 locID: 102670697824780901 bcsId: 4020} | ret=SUCCESS |  
2019-08-24 07:08:41,065 | INFO  | DNAudit | user=null | ip=null | op=WRITE_CHUNK {blockData=conID: 3 locID: 102670697824780901 bcsId: 4020} | ret=SUCCESS |  
2019-08-24 07:08:41,065 | INFO  | DNAudit | user=null | ip=null | op=WRITE_CHUNK {blockData=conID: 3 locID: 102670697824780901 bcsId: 4020} | ret=SUCCESS |  
2019-08-24 07:08:41,075 | INFO  | DNAudit | user=null | ip=null | op=WRITE_CHUNK {blockData=conID: 3 locID: 102670697824780901 bcsId: 4020} | ret=SUCCESS |  
2019-08-24 07:08:41,076 | INFO  | DNAudit | user=null | ip=null | op=PUT_BLOCK {blockData=[blockId=conID: 3 locID: 102670697824780901 bcsId: 0,size=3145728]} | ret=SUCCESS |  
2019-08-24 07:08:41,076 [grpc-default-executor-1] INFO  client.GrpcClientProtocolClient (GrpcClientProtocolClient.java:onNext(255)) - client-6EDD19400D46->06a4573b-67a1-41e3-a350-f896363bc636: receive RaftClientReply:client-6EDD19400D46->06a4573b-67a1-41e3-a350-f896363bc636@group-757E3781CD2A, cid=2705, SUCCESS, logIndex=4025, commits[06a4573b-67a1-41e3-a350-f896363bc636:c4026, 0b725bbf-683b-4664-9a2e-3c9dd6e38bc1:c4024, 9193e3b7-ae04-484d-a740-c65c11559486:c4024]
2019-08-24 07:08:41,077 [grpc-default-executor-1] INFO  client.GrpcClientProtocolClient (GrpcClientProtocolClient.java:onNext(255)) - client-6EDD19400D46->06a4573b-67a1-41e3-a350-f896363bc636: receive RaftClientReply:client-6EDD19400D46->06a4573b-67a1-41e3-a350-f896363bc636@group-757E3781CD2A, cid=2706, SUCCESS, logIndex=4026, commits[06a4573b-67a1-41e3-a350-f896363bc636:c4026, 0b725bbf-683b-4664-9a2e-3c9dd6e38bc1:c4024, 9193e3b7-ae04-484d-a740-c65c11559486:c4024]
2019-08-24 07:08:41,086 | INFO  | DNAudit | user=null | ip=null | op=WRITE_CHUNK {blockData=conID: 3 locID: 102670697824780901 bcsId: 4026} | ret=SUCCESS |  
2019-08-24 07:08:41,087 | INFO  | DNAudit | user=null | ip=null | op=WRITE_CHUNK {blockData=conID: 3 locID: 102670697824780901 bcsId: 4020} | ret=SUCCESS |  
2019-08-24 07:08:41,088 | INFO  | DNAudit | user=null | ip=null | op=PUT_BLOCK {blockData=[blockId=conID: 3 locID: 102670697824780901 bcsId: 0,size=3145728]} | ret=SUCCESS |  
2019-08-24 07:08:41,088 | INFO  | DNAudit | user=null | ip=null | op=WRITE_CHUNK {blockData=conID: 3 locID: 102670697824780901 bcsId: 4020} | ret=SUCCESS |  
2019-08-24 07:08:41,089 | INFO  | DNAudit | user=null | ip=null | op=PUT_BLOCK {blockData=[blockId=conID: 3 locID: 102670697824780901 bcsId: 0,size=3145728]} | ret=SUCCESS |  
2019-08-24 07:08:41,090 | INFO  | DNAudit | user=null | ip=null | op=WRITE_CHUNK {blockData=conID: 3 locID: 102670697824780901 bcsId: 4026} | ret=SUCCESS |  
2019-08-24 07:08:41,090 | INFO  | DNAudit | user=null | ip=null | op=WRITE_CHUNK {blockData=conID: 3 locID: 102670697824780901 bcsId: 4026} | ret=SUCCESS |  
2019-08-24 07:08:41,103 | INFO  | DNAudit | user=null | ip=null | op=WRITE_CHUNK {blockData=conID: 3 locID: 102670697824780901 bcsId: 4026} | ret=SUCCESS |  
2019-08-24 07:08:41,103 | INFO  | DNAudit | user=null | ip=null | op=PUT_BLOCK {blockData=[blockId=conID: 3 locID: 102670697824780901 bcsId: 0,size=4194304]} | ret=SUCCESS |  
2019-08-24 07:08:41,103 [grpc-default-executor-1] INFO  client.GrpcClientProtocolClient (GrpcClientProtocolClient.java:onNext(255)) - client-6EDD19400D46->06a4573b-67a1-41e3-a350-f896363bc636: receive RaftClientReply:client-6EDD19400D46->06a4573b-67a1-41e3-a350-f896363bc636@group-757E3781CD2A, cid=2707, SUCCESS, logIndex=4029, commits[06a4573b-67a1-41e3-a350-f896363bc636:c4030, 0b725bbf-683b-4664-9a2e-3c9dd6e38bc1:c4026, 9193e3b7-ae04-484d-a740-c65c11559486:c4026]
2019-08-24 07:08:41,104 [grpc-default-executor-1] INFO  client.GrpcClientProtocolClient (GrpcClientProtocolClient.java:onNext(255)) - client-6EDD19400D46->06a4573b-67a1-41e3-a350-f896363bc636: receive RaftClientReply:client-6EDD19400D46->06a4573b-67a1-41e3-a350-f896363bc636@group-757E3781CD2A, cid=2708, SUCCESS, logIndex=4030, commits[06a4573b-67a1-41e3-a350-f896363bc636:c4030, 0b725bbf-683b-4664-9a2e-3c9dd6e38bc1:c4026, 9193e3b7-ae04-484d-a740-c65c11559486:c4026]
2019-08-24 07:08:41,117 | INFO  | DNAudit | user=null | ip=null | op=WRITE_CHUNK {blockData=conID: 3 locID: 102670697824780901 bcsId: 4026} | ret=SUCCESS |  
2019-08-24 07:08:41,118 | INFO  | DNAudit | user=null | ip=null | op=PUT_BLOCK {blockData=[blockId=conID: 3 locID: 102670697824780901 bcsId: 0,size=4194304]} | ret=SUCCESS |  
2019-08-24 07:08:41,118 | INFO  | DNAudit | user=null | ip=null | op=WRITE_CHUNK {blockData=conID: 3 locID: 102670697824780901 bcsId: 4026} | ret=SUCCESS |  
2019-08-24 07:08:41,118 | INFO  | DNAudit | user=null | ip=null | op=PUT_BLOCK {blockData=[blockId=conID: 3 locID: 102670697824780901 bcsId: 0,size=4194304]} | ret=SUCCESS |  
2019-08-24 07:08:41,119 [grpc-default-executor-1] INFO  client.GrpcClientProtocolClient (GrpcClientProtocolClient.java:onNext(255)) - client-6EDD19400D46->06a4573b-67a1-41e3-a350-f896363bc636: receive RaftClientReply:client-6EDD19400D46->06a4573b-67a1-41e3-a350-f896363bc636@group-757E3781CD2A, cid=2709, SUCCESS, logIndex=0, commits[06a4573b-67a1-41e3-a350-f896363bc636:c4031, 0b725bbf-683b-4664-9a2e-3c9dd6e38bc1:c4030, 9193e3b7-ae04-484d-a740-c65c11559486:c4030]
2019-08-24 07:08:41,129 | INFO  | SCMAudit | user=jenkins1000 | ip=192.168.69.125 | op=ALLOCATE_BLOCK {owner=61bacca8-15b6-4a50-8962-5e9786b18b0d, size=4194304, type=RATIS, factor=THREE} | ret=SUCCESS |  
2019-08-24 07:08:41,135 | INFO  | OMAudit | user=jenkins1000 | ip=127.0.0.1 | op=ALLOCATE_BLOCK {volume=vol-0-26988, bucket=bucket-0-20739, key=key-0-27353, dataSize=0, replicationType=null, replicationFactor=null, keyLocationInfo=null, clientID=102670695851229586} | ret=SUCCESS |  
2019-08-24 07:08:41,144 | INFO  | DNAudit | user=null | ip=null | op=WRITE_CHUNK {blockData=conID: 1 locID: 102670697832710758 bcsId: 0} | ret=SUCCESS |  
2019-08-24 07:08:41,148 | INFO  | DNAudit | user=null | ip=null | op=WRITE_CHUNK {blockData=conID: 1 locID: 102670697832710758 bcsId: 0} | ret=SUCCESS |  
2019-08-24 07:08:41,149 | INFO  | DNAudit | user=null | ip=null | op=WRITE_CHUNK {blockData=conID: 1 locID: 102670697832710758 bcsId: 0} | ret=SUCCESS |  
2019-08-24 07:08:41,149 | INFO  | DNAudit | user=null | ip=null | op=WRITE_CHUNK {blockData=conID: 1 locID: 102670697832710758 bcsId: 0} | ret=SUCCESS |  
2019-08-24 07:08:41,151 | INFO  | DNAudit | user=null | ip=null | op=WRITE_CHUNK {blockData=conID: 1 locID: 102670697832710758 bcsId: 0} | ret=SUCCESS |  
2019-08-24 07:08:41,151 | INFO  | DNAudit | user=null | ip=null | op=WRITE_CHUNK {blockData=conID: 1 locID: 102670697832710758 bcsId: 0} | ret=SUCCESS |  
2019-08-24 07:08:41,158 | INFO  | DNAudit | user=null | ip=null | op=WRITE_CHUNK {blockData=conID: 1 locID: 102670697832710758 bcsId: 0} | ret=SUCCESS |  
2019-08-24 07:08:41,164 | INFO  | DNAudit | user=null | ip=null | op=PUT_BLOCK {blockData=[blockId=conID: 1 locID: 102670697832710758 bcsId: 0,size=1048576]} | ret=SUCCESS |  
2019-08-24 07:08:41,164 [grpc-default-executor-5] INFO  client.GrpcClientProtocolClient (GrpcClientProtocolClient.java:onNext(255)) - client-6EDD19400D46->06a4573b-67a1-41e3-a350-f896363bc636: receive RaftClientReply:client-6EDD19400D46->06a4573b-67a1-41e3-a350-f896363bc636@group-757E3781CD2A, cid=2710, SUCCESS, logIndex=4033, commits[06a4573b-67a1-41e3-a350-f896363bc636:c4034, 0b725bbf-683b-4664-9a2e-3c9dd6e38bc1:c4032, 9193e3b7-ae04-484d-a740-c65c11559486:c4032]
2019-08-24 07:08:41,165 [grpc-default-executor-5] INFO  client.GrpcClientProtocolClient (GrpcClientProtocolClient.java:onNext(255)) - client-6EDD19400D46->06a4573b-67a1-41e3-a350-f896363bc636: receive RaftClientReply:client-6EDD19400D46->06a4573b-67a1-41e3-a350-f896363bc636@group-757E3781CD2A, cid=2711, SUCCESS, logIndex=4034, commits[06a4573b-67a1-41e3-a350-f896363bc636:c4034, 0b725bbf-683b-4664-9a2e-3c9dd6e38bc1:c4032, 9193e3b7-ae04-484d-a740-c65c11559486:c4032]
2019-08-24 07:08:41,168 | INFO  | DNAudit | user=null | ip=null | op=WRITE_CHUNK {blockData=conID: 1 locID: 102670697832710758 bcsId: 0} | ret=SUCCESS |  
2019-08-24 07:08:41,168 | INFO  | DNAudit | user=null | ip=null | op=PUT_BLOCK {blockData=[blockId=conID: 1 locID: 102670697832710758 bcsId: 0,size=2097152]} | ret=SUCCESS |  
2019-08-24 07:08:41,169 [grpc-default-executor-1] INFO  client.GrpcClientProtocolClient (GrpcClientProtocolClient.java:onNext(255)) - client-6EDD19400D46->06a4573b-67a1-41e3-a350-f896363bc636: receive RaftClientReply:client-6EDD19400D46->06a4573b-67a1-41e3-a350-f896363bc636@group-757E3781CD2A, cid=2712, SUCCESS, logIndex=4035, commits[06a4573b-67a1-41e3-a350-f896363bc636:c4036, 0b725bbf-683b-4664-9a2e-3c9dd6e38bc1:c4032, 9193e3b7-ae04-484d-a740-c65c11559486:c4032]
2019-08-24 07:08:41,169 [grpc-default-executor-1] INFO  client.GrpcClientProtocolClient (GrpcClientProtocolClient.java:onNext(255)) - client-6EDD19400D46->06a4573b-67a1-41e3-a350-f896363bc636: receive RaftClientReply:client-6EDD19400D46->06a4573b-67a1-41e3-a350-f896363bc636@group-757E3781CD2A, cid=2713, SUCCESS, logIndex=4036, commits[06a4573b-67a1-41e3-a350-f896363bc636:c4036, 0b725bbf-683b-4664-9a2e-3c9dd6e38bc1:c4032, 9193e3b7-ae04-484d-a740-c65c11559486:c4032]
2019-08-24 07:08:41,170 | INFO  | DNAudit | user=null | ip=null | op=WRITE_CHUNK {blockData=conID: 1 locID: 102670697832710758 bcsId: 0} | ret=SUCCESS |  
2019-08-24 07:08:41,171 | INFO  | DNAudit | user=null | ip=null | op=PUT_BLOCK {blockData=[blockId=conID: 1 locID: 102670697832710758 bcsId: 0,size=1048576]} | ret=SUCCESS |  
2019-08-24 07:08:41,183 | INFO  | DNAudit | user=null | ip=null | op=WRITE_CHUNK {blockData=conID: 1 locID: 102670697832710758 bcsId: 0} | ret=SUCCESS |  
2019-08-24 07:08:41,184 | INFO  | DNAudit | user=null | ip=null | op=PUT_BLOCK {blockData=[blockId=conID: 1 locID: 102670697832710758 bcsId: 0,size=1048576]} | ret=SUCCESS |  
2019-08-24 07:08:41,184 | INFO  | DNAudit | user=null | ip=null | op=WRITE_CHUNK {blockData=conID: 1 locID: 102670697832710758 bcsId: 0} | ret=SUCCESS |  
2019-08-24 07:08:41,184 | INFO  | DNAudit | user=null | ip=null | op=PUT_BLOCK {blockData=[blockId=conID: 1 locID: 102670697832710758 bcsId: 0,size=2097152]} | ret=SUCCESS |  
2019-08-24 07:08:41,184 | INFO  | DNAudit | user=null | ip=null | op=WRITE_CHUNK {blockData=conID: 1 locID: 102670697832710758 bcsId: 0} | ret=SUCCESS |  
2019-08-24 07:08:41,184 | INFO  | DNAudit | user=null | ip=null | op=PUT_BLOCK {blockData=[blockId=conID: 1 locID: 102670697832710758 bcsId: 0,size=2097152]} | ret=SUCCESS |  
2019-08-24 07:08:41,184 [grpc-default-executor-5] INFO  client.GrpcClientProtocolClient (GrpcClientProtocolClient.java:onNext(255)) - client-6EDD19400D46->06a4573b-67a1-41e3-a350-f896363bc636: receive RaftClientReply:client-6EDD19400D46->06a4573b-67a1-41e3-a350-f896363bc636@group-757E3781CD2A, cid=2714, SUCCESS, logIndex=0, commits[06a4573b-67a1-41e3-a350-f896363bc636:c4037, 0b725bbf-683b-4664-9a2e-3c9dd6e38bc1:c4034, 9193e3b7-ae04-484d-a740-c65c11559486:c4034]
2019-08-24 07:08:41,194 | INFO  | DNAudit | user=null | ip=null | op=WRITE_CHUNK {blockData=conID: 1 locID: 102670697832710758 bcsId: 4036} | ret=SUCCESS |  
2019-08-24 07:08:41,198 | INFO  | DNAudit | user=null | ip=null | op=WRITE_CHUNK {blockData=conID: 1 locID: 102670697832710758 bcsId: 4036} | ret=SUCCESS |  
2019-08-24 07:08:41,198 | INFO  | DNAudit | user=null | ip=null | op=WRITE_CHUNK {blockData=conID: 1 locID: 102670697832710758 bcsId: 4036} | ret=SUCCESS |  
2019-08-24 07:08:41,209 | INFO  | DNAudit | user=null | ip=null | op=WRITE_CHUNK {blockData=conID: 1 locID: 102670697832710758 bcsId: 4036} | ret=SUCCESS |  
2019-08-24 07:08:41,210 | INFO  | DNAudit | user=null | ip=null | op=PUT_BLOCK {blockData=[blockId=conID: 1 locID: 102670697832710758 bcsId: 0,size=3145728]} | ret=SUCCESS |  
2019-08-24 07:08:41,210 [grpc-default-executor-2] INFO  client.GrpcClientProtocolClient (GrpcClientProtocolClient.java:onNext(255)) - client-6EDD19400D46->06a4573b-67a1-41e3-a350-f896363bc636: receive RaftClientReply:client-6EDD19400D46->06a4573b-67a1-41e3-a350-f896363bc636@group-757E3781CD2A, cid=2715, SUCCESS, logIndex=4040, commits[06a4573b-67a1-41e3-a350-f896363bc636:c4041, 0b725bbf-683b-4664-9a2e-3c9dd6e38bc1:c4038, 9193e3b7-ae04-484d-a740-c65c11559486:c4038]
2019-08-24 07:08:41,210 [grpc-default-executor-2] INFO  client.GrpcClientProtocolClient (GrpcClientProtocolClient.java:onNext(255)) - client-6EDD19400D46->06a4573b-67a1-41e3-a350-f896363bc636: receive RaftClientReply:client-6EDD19400D46->06a4573b-67a1-41e3-a350-f896363bc636@group-757E3781CD2A, cid=2716, SUCCESS, logIndex=4041, commits[06a4573b-67a1-41e3-a350-f896363bc636:c4041, 0b725bbf-683b-4664-9a2e-3c9dd6e38bc1:c4038, 9193e3b7-ae04-484d-a740-c65c11559486:c4038]
2019-08-24 07:08:41,220 | INFO  | DNAudit | user=null | ip=null | op=WRITE_CHUNK {blockData=conID: 1 locID: 102670697832710758 bcsId: 4041} | ret=SUCCESS |  
2019-08-24 07:08:41,222 | INFO  | DNAudit | user=null | ip=null | op=WRITE_CHUNK {blockData=conID: 1 locID: 102670697832710758 bcsId: 4036} | ret=SUCCESS |  
2019-08-24 07:08:41,223 | INFO  | DNAudit | user=null | ip=null | op=WRITE_CHUNK {blockData=conID: 1 locID: 102670697832710758 bcsId: 4036} | ret=SUCCESS |  
2019-08-24 07:08:41,223 | INFO  | DNAudit | user=null | ip=null | op=PUT_BLOCK {blockData=[blockId=conID: 1 locID: 102670697832710758 bcsId: 0,size=3145728]} | ret=SUCCESS |  
2019-08-24 07:08:41,224 | INFO  | DNAudit | user=null | ip=null | op=WRITE_CHUNK {blockData=conID: 1 locID: 102670697832710758 bcsId: 4041} | ret=SUCCESS |  
2019-08-24 07:08:41,225 | INFO  | DNAudit | user=null | ip=null | op=WRITE_CHUNK {blockData=conID: 1 locID: 102670697832710758 bcsId: 4041} | ret=SUCCESS |  
2019-08-24 07:08:41,235 | INFO  | DNAudit | user=null | ip=null | op=PUT_BLOCK {blockData=[blockId=conID: 1 locID: 102670697832710758 bcsId: 0,size=3145728]} | ret=SUCCESS |  
2019-08-24 07:08:41,236 | INFO  | DNAudit | user=null | ip=null | op=WRITE_CHUNK {blockData=conID: 1 locID: 102670697832710758 bcsId: 4041} | ret=SUCCESS |  
2019-08-24 07:08:41,236 | INFO  | DNAudit | user=null | ip=null | op=PUT_BLOCK {blockData=[blockId=conID: 1 locID: 102670697832710758 bcsId: 0,size=4194304]} | ret=SUCCESS |  
2019-08-24 07:08:41,237 [grpc-default-executor-1] INFO  client.GrpcClientProtocolClient (GrpcClientProtocolClient.java:onNext(255)) - client-6EDD19400D46->06a4573b-67a1-41e3-a350-f896363bc636: receive RaftClientReply:client-6EDD19400D46->06a4573b-67a1-41e3-a350-f896363bc636@group-757E3781CD2A, cid=2717, SUCCESS, logIndex=4044, commits[06a4573b-67a1-41e3-a350-f896363bc636:c4045, 0b725bbf-683b-4664-9a2e-3c9dd6e38bc1:c4041, 9193e3b7-ae04-484d-a740-c65c11559486:c4041]
2019-08-24 07:08:41,238 [grpc-default-executor-1] INFO  client.GrpcClientProtocolClient (GrpcClientProtocolClient.java:onNext(255)) - client-6EDD19400D46->06a4573b-67a1-41e3-a350-f896363bc636: receive RaftClientReply:client-6EDD19400D46->06a4573b-67a1-41e3-a350-f896363bc636@group-757E3781CD2A, cid=2718, SUCCESS, logIndex=4045, commits[06a4573b-67a1-41e3-a350-f896363bc636:c4045, 0b725bbf-683b-4664-9a2e-3c9dd6e38bc1:c4041, 9193e3b7-ae04-484d-a740-c65c11559486:c4041]
2019-08-24 07:08:41,247 | INFO  | DNAudit | user=null | ip=null | op=WRITE_CHUNK {blockData=conID: 1 locID: 102670697832710758 bcsId: 4041} | ret=SUCCESS |  
2019-08-24 07:08:41,248 | INFO  | DNAudit | user=null | ip=null | op=PUT_BLOCK {blockData=[blockId=conID: 1 locID: 102670697832710758 bcsId: 0,size=4194304]} | ret=SUCCESS |  
2019-08-24 07:08:41,248 | INFO  | DNAudit | user=null | ip=null | op=WRITE_CHUNK {blockData=conID: 1 locID: 102670697832710758 bcsId: 4041} | ret=SUCCESS |  
2019-08-24 07:08:41,248 | INFO  | DNAudit | user=null | ip=null | op=PUT_BLOCK {blockData=[blockId=conID: 1 locID: 102670697832710758 bcsId: 0,size=4194304]} | ret=SUCCESS |  
2019-08-24 07:08:41,249 [grpc-default-executor-1] INFO  client.GrpcClientProtocolClient (GrpcClientProtocolClient.java:onNext(255)) - client-6EDD19400D46->06a4573b-67a1-41e3-a350-f896363bc636: receive RaftClientReply:client-6EDD19400D46->06a4573b-67a1-41e3-a350-f896363bc636@group-757E3781CD2A, cid=2719, SUCCESS, logIndex=0, commits[06a4573b-67a1-41e3-a350-f896363bc636:c4046, 0b725bbf-683b-4664-9a2e-3c9dd6e38bc1:c4045, 9193e3b7-ae04-484d-a740-c65c11559486:c4045]
2019-08-24 07:08:41,261 | INFO  | SCMAudit | user=jenkins1000 | ip=192.168.69.125 | op=ALLOCATE_BLOCK {owner=61bacca8-15b6-4a50-8962-5e9786b18b0d, size=4194304, type=RATIS, factor=THREE} | ret=SUCCESS |  
2019-08-24 07:08:41,268 | INFO  | OMAudit | user=jenkins1000 | ip=127.0.0.1 | op=ALLOCATE_BLOCK {volume=vol-0-26988, bucket=bucket-0-20739, key=key-0-27353, dataSize=0, replicationType=null, replicationFactor=null, keyLocationInfo=null, clientID=102670695851229586} | ret=SUCCESS |  
2019-08-24 07:08:41,278 | INFO  | DNAudit | user=null | ip=null | op=WRITE_CHUNK {blockData=conID: 2 locID: 102670697841361511 bcsId: 0} | ret=SUCCESS |  
2019-08-24 07:08:41,495 | INFO  | DNAudit | user=null | ip=null | op=WRITE_CHUNK {blockData=conID: 2 locID: 102670697841361511 bcsId: 0} | ret=SUCCESS |  
2019-08-24 07:08:41,496 | INFO  | DNAudit | user=null | ip=null | op=WRITE_CHUNK {blockData=conID: 2 locID: 102670697841361511 bcsId: 0} | ret=SUCCESS |  
2019-08-24 07:08:41,496 | INFO  | DNAudit | user=null | ip=null | op=WRITE_CHUNK {blockData=conID: 2 locID: 102670697841361511 bcsId: 0} | ret=SUCCESS |  
2019-08-24 07:08:41,499 | INFO  | DNAudit | user=null | ip=null | op=WRITE_CHUNK {blockData=conID: 2 locID: 102670697841361511 bcsId: 0} | ret=SUCCESS |  
2019-08-24 07:08:41,499 | INFO  | DNAudit | user=null | ip=null | op=WRITE_CHUNK {blockData=conID: 2 locID: 102670697841361511 bcsId: 0} | ret=SUCCESS |  
2019-08-24 07:08:41,508 | INFO  | DNAudit | user=null | ip=null | op=WRITE_CHUNK {blockData=conID: 2 locID: 102670697841361511 bcsId: 0} | ret=SUCCESS |  
2019-08-24 07:08:41,509 | INFO  | DNAudit | user=null | ip=null | op=PUT_BLOCK {blockData=[blockId=conID: 2 locID: 102670697841361511 bcsId: 0,size=1048576]} | ret=SUCCESS |  
2019-08-24 07:08:41,509 [grpc-default-executor-2] INFO  client.GrpcClientProtocolClient (GrpcClientProtocolClient.java:onNext(255)) - client-6EDD19400D46->06a4573b-67a1-41e3-a350-f896363bc636: receive RaftClientReply:client-6EDD19400D46->06a4573b-67a1-41e3-a350-f896363bc636@group-757E3781CD2A, cid=2720, SUCCESS, logIndex=4048, commits[06a4573b-67a1-41e3-a350-f896363bc636:c4050, 0b725bbf-683b-4664-9a2e-3c9dd6e38bc1:c4047, 9193e3b7-ae04-484d-a740-c65c11559486:c4047]
2019-08-24 07:08:41,509 | INFO  | DNAudit | user=null | ip=null | op=WRITE_CHUNK {blockData=conID: 2 locID: 102670697841361511 bcsId: 0} | ret=SUCCESS |  
2019-08-24 07:08:41,510 [grpc-default-executor-2] INFO  client.GrpcClientProtocolClient (GrpcClientProtocolClient.java:onNext(255)) - client-6EDD19400D46->06a4573b-67a1-41e3-a350-f896363bc636: receive RaftClientReply:client-6EDD19400D46->06a4573b-67a1-41e3-a350-f896363bc636@group-757E3781CD2A, cid=2721, SUCCESS, logIndex=4049, commits[06a4573b-67a1-41e3-a350-f896363bc636:c4051, 0b725bbf-683b-4664-9a2e-3c9dd6e38bc1:c4047, 9193e3b7-ae04-484d-a740-c65c11559486:c4047]
2019-08-24 07:08:41,510 | INFO  | DNAudit | user=null | ip=null | op=PUT_BLOCK {blockData=[blockId=conID: 2 locID: 102670697841361511 bcsId: 0,size=2097152]} | ret=SUCCESS |  
2019-08-24 07:08:41,510 [grpc-default-executor-2] INFO  client.GrpcClientProtocolClient (GrpcClientProtocolClient.java:onNext(255)) - client-6EDD19400D46->06a4573b-67a1-41e3-a350-f896363bc636: receive RaftClientReply:client-6EDD19400D46->06a4573b-67a1-41e3-a350-f896363bc636@group-757E3781CD2A, cid=2722, SUCCESS, logIndex=4050, commits[06a4573b-67a1-41e3-a350-f896363bc636:c4051, 0b725bbf-683b-4664-9a2e-3c9dd6e38bc1:c4047, 9193e3b7-ae04-484d-a740-c65c11559486:c4047]
2019-08-24 07:08:41,510 [grpc-default-executor-2] INFO  client.GrpcClientProtocolClient (GrpcClientProtocolClient.java:onNext(255)) - client-6EDD19400D46->06a4573b-67a1-41e3-a350-f896363bc636: receive RaftClientReply:client-6EDD19400D46->06a4573b-67a1-41e3-a350-f896363bc636@group-757E3781CD2A, cid=2723, SUCCESS, logIndex=4051, commits[06a4573b-67a1-41e3-a350-f896363bc636:c4051, 0b725bbf-683b-4664-9a2e-3c9dd6e38bc1:c4047, 9193e3b7-ae04-484d-a740-c65c11559486:c4047]
2019-08-24 07:08:41,519 | INFO  | DNAudit | user=null | ip=null | op=WRITE_CHUNK {blockData=conID: 2 locID: 102670697841361511 bcsId: 0} | ret=SUCCESS |  
2019-08-24 07:08:41,520 | INFO  | DNAudit | user=null | ip=null | op=WRITE_CHUNK {blockData=conID: 2 locID: 102670697841361511 bcsId: 0} | ret=SUCCESS |  
2019-08-24 07:08:41,520 | INFO  | DNAudit | user=null | ip=null | op=PUT_BLOCK {blockData=[blockId=conID: 2 locID: 102670697841361511 bcsId: 0,size=1048576]} | ret=SUCCESS |  
2019-08-24 07:08:41,520 | INFO  | DNAudit | user=null | ip=null | op=WRITE_CHUNK {blockData=conID: 2 locID: 102670697841361511 bcsId: 0} | ret=SUCCESS |  
2019-08-24 07:08:41,520 | INFO  | DNAudit | user=null | ip=null | op=PUT_BLOCK {blockData=[blockId=conID: 2 locID: 102670697841361511 bcsId: 0,size=2097152]} | ret=SUCCESS |  
2019-08-24 07:08:41,522 | INFO  | DNAudit | user=null | ip=null | op=PUT_BLOCK {blockData=[blockId=conID: 2 locID: 102670697841361511 bcsId: 0,size=1048576]} | ret=SUCCESS |  
2019-08-24 07:08:41,522 | INFO  | DNAudit | user=null | ip=null | op=WRITE_CHUNK {blockData=conID: 2 locID: 102670697841361511 bcsId: 0} | ret=SUCCESS |  
2019-08-24 07:08:41,522 | INFO  | DNAudit | user=null | ip=null | op=PUT_BLOCK {blockData=[blockId=conID: 2 locID: 102670697841361511 bcsId: 0,size=2097152]} | ret=SUCCESS |  
2019-08-24 07:08:41,522 [grpc-default-executor-2] INFO  client.GrpcClientProtocolClient (GrpcClientProtocolClient.java:onNext(255)) - client-6EDD19400D46->06a4573b-67a1-41e3-a350-f896363bc636: receive RaftClientReply:client-6EDD19400D46->06a4573b-67a1-41e3-a350-f896363bc636@group-757E3781CD2A, cid=2724, SUCCESS, logIndex=0, commits[06a4573b-67a1-41e3-a350-f896363bc636:c4055, 0b725bbf-683b-4664-9a2e-3c9dd6e38bc1:c4051, 9193e3b7-ae04-484d-a740-c65c11559486:c4049]
2019-08-24 07:08:41,529 | INFO  | DNAudit | user=null | ip=null | op=WRITE_CHUNK {blockData=conID: 2 locID: 102670697841361511 bcsId: 4051} | ret=SUCCESS |  
2019-08-24 07:08:41,531 | INFO  | DNAudit | user=null | ip=null | op=WRITE_CHUNK {blockData=conID: 2 locID: 102670697841361511 bcsId: 4051} | ret=SUCCESS |  
2019-08-24 07:08:41,532 | INFO  | DNAudit | user=null | ip=null | op=WRITE_CHUNK {blockData=conID: 2 locID: 102670697841361511 bcsId: 4051} | ret=SUCCESS |  
2019-08-24 07:08:41,541 | INFO  | DNAudit | user=null | ip=null | op=WRITE_CHUNK {blockData=conID: 2 locID: 102670697841361511 bcsId: 4051} | ret=SUCCESS |  
2019-08-24 07:08:41,542 | INFO  | DNAudit | user=null | ip=null | op=PUT_BLOCK {blockData=[blockId=conID: 2 locID: 102670697841361511 bcsId: 0,size=3145728]} | ret=SUCCESS |  
2019-08-24 07:08:41,542 [grpc-default-executor-1] INFO  client.GrpcClientProtocolClient (GrpcClientProtocolClient.java:onNext(255)) - client-6EDD19400D46->06a4573b-67a1-41e3-a350-f896363bc636: receive RaftClientReply:client-6EDD19400D46->06a4573b-67a1-41e3-a350-f896363bc636@group-757E3781CD2A, cid=2725, SUCCESS, logIndex=4056, commits[06a4573b-67a1-41e3-a350-f896363bc636:c4057, 0b725bbf-683b-4664-9a2e-3c9dd6e38bc1:c4055, 9193e3b7-ae04-484d-a740-c65c11559486:c4055]
2019-08-24 07:08:41,542 [grpc-default-executor-1] INFO  client.GrpcClientProtocolClient (GrpcClientProtocolClient.java:onNext(255)) - client-6EDD19400D46->06a4573b-67a1-41e3-a350-f896363bc636: receive RaftClientReply:client-6EDD19400D46->06a4573b-67a1-41e3-a350-f896363bc636@group-757E3781CD2A, cid=2726, SUCCESS, logIndex=4057, commits[06a4573b-67a1-41e3-a350-f896363bc636:c4057, 0b725bbf-683b-4664-9a2e-3c9dd6e38bc1:c4055, 9193e3b7-ae04-484d-a740-c65c11559486:c4055]
2019-08-24 07:08:41,549 | INFO  | DNAudit | user=null | ip=null | op=WRITE_CHUNK {blockData=conID: 2 locID: 102670697841361511 bcsId: 4057} | ret=SUCCESS |  
2019-08-24 07:08:41,553 | INFO  | DNAudit | user=null | ip=null | op=WRITE_CHUNK {blockData=conID: 2 locID: 102670697841361511 bcsId: 4057} | ret=SUCCESS |  
2019-08-24 07:08:41,553 | INFO  | DNAudit | user=null | ip=null | op=WRITE_CHUNK {blockData=conID: 2 locID: 102670697841361511 bcsId: 4051} | ret=SUCCESS |  
2019-08-24 07:08:41,553 | INFO  | DNAudit | user=null | ip=null | op=WRITE_CHUNK {blockData=conID: 2 locID: 102670697841361511 bcsId: 4051} | ret=SUCCESS |  
2019-08-24 07:08:41,553 | INFO  | DNAudit | user=null | ip=null | op=WRITE_CHUNK {blockData=conID: 2 locID: 102670697841361511 bcsId: 4057} | ret=SUCCESS |  
2019-08-24 07:08:41,555 | INFO  | DNAudit | user=null | ip=null | op=PUT_BLOCK {blockData=[blockId=conID: 2 locID: 102670697841361511 bcsId: 0,size=3145728]} | ret=SUCCESS |  
2019-08-24 07:08:41,555 | INFO  | DNAudit | user=null | ip=null | op=WRITE_CHUNK {blockData=conID: 2 locID: 102670697841361511 bcsId: 4057} | ret=SUCCESS |  
2019-08-24 07:08:41,555 | INFO  | DNAudit | user=null | ip=null | op=PUT_BLOCK {blockData=[blockId=conID: 2 locID: 102670697841361511 bcsId: 0,size=3145728]} | ret=SUCCESS |  
2019-08-24 07:08:41,556 | INFO  | DNAudit | user=null | ip=null | op=PUT_BLOCK {blockData=[blockId=conID: 2 locID: 102670697841361511 bcsId: 0,size=4194304]} | ret=SUCCESS |  
2019-08-24 07:08:41,556 [grpc-default-executor-5] INFO  client.GrpcClientProtocolClient (GrpcClientProtocolClient.java:onNext(255)) - client-6EDD19400D46->06a4573b-67a1-41e3-a350-f896363bc636: receive RaftClientReply:client-6EDD19400D46->06a4573b-67a1-41e3-a350-f896363bc636@group-757E3781CD2A, cid=2727, SUCCESS, logIndex=4060, commits[06a4573b-67a1-41e3-a350-f896363bc636:c4061, 0b725bbf-683b-4664-9a2e-3c9dd6e38bc1:c4057, 9193e3b7-ae04-484d-a740-c65c11559486:c4056]
2019-08-24 07:08:41,556 [grpc-default-executor-5] INFO  client.GrpcClientProtocolClient (GrpcClientProtocolClient.java:onNext(255)) - client-6EDD19400D46->06a4573b-67a1-41e3-a350-f896363bc636: receive RaftClientReply:client-6EDD19400D46->06a4573b-67a1-41e3-a350-f896363bc636@group-757E3781CD2A, cid=2728, SUCCESS, logIndex=4061, commits[06a4573b-67a1-41e3-a350-f896363bc636:c4061, 0b725bbf-683b-4664-9a2e-3c9dd6e38bc1:c4057, 9193e3b7-ae04-484d-a740-c65c11559486:c4057]
2019-08-24 07:08:41,568 | INFO  | DNAudit | user=null | ip=null | op=WRITE_CHUNK {blockData=conID: 2 locID: 102670697841361511 bcsId: 4057} | ret=SUCCESS |  
2019-08-24 07:08:41,569 | INFO  | DNAudit | user=null | ip=null | op=PUT_BLOCK {blockData=[blockId=conID: 2 locID: 102670697841361511 bcsId: 0,size=4194304]} | ret=SUCCESS |  
2019-08-24 07:08:41,569 | INFO  | DNAudit | user=null | ip=null | op=WRITE_CHUNK {blockData=conID: 2 locID: 102670697841361511 bcsId: 4057} | ret=SUCCESS |  
2019-08-24 07:08:41,569 | INFO  | DNAudit | user=null | ip=null | op=PUT_BLOCK {blockData=[blockId=conID: 2 locID: 102670697841361511 bcsId: 0,size=4194304]} | ret=SUCCESS |  
2019-08-24 07:08:41,569 [grpc-default-executor-2] INFO  client.GrpcClientProtocolClient (GrpcClientProtocolClient.java:onNext(255)) - client-6EDD19400D46->06a4573b-67a1-41e3-a350-f896363bc636: receive RaftClientReply:client-6EDD19400D46->06a4573b-67a1-41e3-a350-f896363bc636@group-757E3781CD2A, cid=2729, SUCCESS, logIndex=0, commits[06a4573b-67a1-41e3-a350-f896363bc636:c4062, 0b725bbf-683b-4664-9a2e-3c9dd6e38bc1:c4061, 9193e3b7-ae04-484d-a740-c65c11559486:c4061]
2019-08-24 07:08:41,575 | INFO  | SCMAudit | user=jenkins1000 | ip=192.168.69.125 | op=ALLOCATE_BLOCK {owner=61bacca8-15b6-4a50-8962-5e9786b18b0d, size=4194304, type=RATIS, factor=THREE} | ret=SUCCESS |  
2019-08-24 07:08:41,578 | INFO  | OMAudit | user=jenkins1000 | ip=127.0.0.1 | op=ALLOCATE_BLOCK {volume=vol-0-26988, bucket=bucket-0-20739, key=key-0-27353, dataSize=0, replicationType=null, replicationFactor=null, keyLocationInfo=null, clientID=102670695851229586} | ret=SUCCESS |  
2019-08-24 07:08:41,584 | INFO  | DNAudit | user=null | ip=null | op=WRITE_CHUNK {blockData=conID: 3 locID: 102670697861939816 bcsId: 0} | ret=SUCCESS |  
2019-08-24 07:08:41,587 | INFO  | DNAudit | user=null | ip=null | op=WRITE_CHUNK {blockData=conID: 3 locID: 102670697861939816 bcsId: 0} | ret=SUCCESS |  
2019-08-24 07:08:41,587 | INFO  | DNAudit | user=null | ip=null | op=WRITE_CHUNK {blockData=conID: 3 locID: 102670697861939816 bcsId: 0} | ret=SUCCESS |  
2019-08-24 07:08:41,587 | INFO  | DNAudit | user=null | ip=null | op=WRITE_CHUNK {blockData=conID: 3 locID: 102670697861939816 bcsId: 0} | ret=SUCCESS |  
2019-08-24 07:08:41,589 | INFO  | DNAudit | user=null | ip=null | op=WRITE_CHUNK {blockData=conID: 3 locID: 102670697861939816 bcsId: 0} | ret=SUCCESS |  
2019-08-24 07:08:41,590 | INFO  | DNAudit | user=null | ip=null | op=WRITE_CHUNK {blockData=conID: 3 locID: 102670697861939816 bcsId: 0} | ret=SUCCESS |  
2019-08-24 07:08:41,600 | INFO  | DNAudit | user=null | ip=null | op=WRITE_CHUNK {blockData=conID: 3 locID: 102670697861939816 bcsId: 0} | ret=SUCCESS |  
2019-08-24 07:08:41,600 | INFO  | DNAudit | user=null | ip=null | op=PUT_BLOCK {blockData=[blockId=conID: 3 locID: 102670697861939816 bcsId: 0,size=1048576]} | ret=SUCCESS |  
2019-08-24 07:08:41,600 [grpc-default-executor-1] INFO  client.GrpcClientProtocolClient (GrpcClientProtocolClient.java:onNext(255)) - client-6EDD19400D46->06a4573b-67a1-41e3-a350-f896363bc636: receive RaftClientReply:client-6EDD19400D46->06a4573b-67a1-41e3-a350-f896363bc636@group-757E3781CD2A, cid=2730, SUCCESS, logIndex=4064, commits[06a4573b-67a1-41e3-a350-f896363bc636:c4067, 0b725bbf-683b-4664-9a2e-3c9dd6e38bc1:c4063, 9193e3b7-ae04-484d-a740-c65c11559486:c4063]
2019-08-24 07:08:41,600 | INFO  | DNAudit | user=null | ip=null | op=WRITE_CHUNK {blockData=conID: 3 locID: 102670697861939816 bcsId: 0} | ret=SUCCESS |  
2019-08-24 07:08:41,601 [grpc-default-executor-1] INFO  client.GrpcClientProtocolClient (GrpcClientProtocolClient.java:onNext(255)) - client-6EDD19400D46->06a4573b-67a1-41e3-a350-f896363bc636: receive RaftClientReply:client-6EDD19400D46->06a4573b-67a1-41e3-a350-f896363bc636@group-757E3781CD2A, cid=2731, SUCCESS, logIndex=4065, commits[06a4573b-67a1-41e3-a350-f896363bc636:c4067, 0b725bbf-683b-4664-9a2e-3c9dd6e38bc1:c4063, 9193e3b7-ae04-484d-a740-c65c11559486:c4063]
2019-08-24 07:08:41,601 | INFO  | DNAudit | user=null | ip=null | op=PUT_BLOCK {blockData=[blockId=conID: 3 locID: 102670697861939816 bcsId: 0,size=2097152]} | ret=SUCCESS |  
2019-08-24 07:08:41,601 [grpc-default-executor-1] INFO  client.GrpcClientProtocolClient (GrpcClientProtocolClient.java:onNext(255)) - client-6EDD19400D46->06a4573b-67a1-41e3-a350-f896363bc636: receive RaftClientReply:client-6EDD19400D46->06a4573b-67a1-41e3-a350-f896363bc636@group-757E3781CD2A, cid=2732, SUCCESS, logIndex=4066, commits[06a4573b-67a1-41e3-a350-f896363bc636:c4067, 0b725bbf-683b-4664-9a2e-3c9dd6e38bc1:c4063, 9193e3b7-ae04-484d-a740-c65c11559486:c4063]
2019-08-24 07:08:41,601 [grpc-default-executor-1] INFO  client.GrpcClientProtocolClient (GrpcClientProtocolClient.java:onNext(255)) - client-6EDD19400D46->06a4573b-67a1-41e3-a350-f896363bc636: receive RaftClientReply:client-6EDD19400D46->06a4573b-67a1-41e3-a350-f896363bc636@group-757E3781CD2A, cid=2733, SUCCESS, logIndex=4067, commits[06a4573b-67a1-41e3-a350-f896363bc636:c4067, 0b725bbf-683b-4664-9a2e-3c9dd6e38bc1:c4063, 9193e3b7-ae04-484d-a740-c65c11559486:c4063]
2019-08-24 07:08:41,613 | INFO  | DNAudit | user=null | ip=null | op=WRITE_CHUNK {blockData=conID: 3 locID: 102670697861939816 bcsId: 0} | ret=SUCCESS |  
2019-08-24 07:08:41,613 | INFO  | DNAudit | user=null | ip=null | op=WRITE_CHUNK {blockData=conID: 3 locID: 102670697861939816 bcsId: 0} | ret=SUCCESS |  
2019-08-24 07:08:41,613 | INFO  | DNAudit | user=null | ip=null | op=PUT_BLOCK {blockData=[blockId=conID: 3 locID: 102670697861939816 bcsId: 0,size=1048576]} | ret=SUCCESS |  
2019-08-24 07:08:41,613 | INFO  | DNAudit | user=null | ip=null | op=PUT_BLOCK {blockData=[blockId=conID: 3 locID: 102670697861939816 bcsId: 0,size=1048576]} | ret=SUCCESS |  
2019-08-24 07:08:41,613 [grpc-default-executor-1] INFO  client.GrpcClientProtocolClient (GrpcClientProtocolClient.java:onNext(255)) - client-6EDD19400D46->06a4573b-67a1-41e3-a350-f896363bc636: receive RaftClientReply:client-6EDD19400D46->06a4573b-67a1-41e3-a350-f896363bc636@group-757E3781CD2A, cid=2734, SUCCESS, logIndex=0, commits[06a4573b-67a1-41e3-a350-f896363bc636:c4068, 0b725bbf-683b-4664-9a2e-3c9dd6e38bc1:c4065, 9193e3b7-ae04-484d-a740-c65c11559486:c4065]
2019-08-24 07:08:41,619 | INFO  | DNAudit | user=null | ip=null | op=WRITE_CHUNK {blockData=conID: 3 locID: 102670697861939816 bcsId: 4067} | ret=SUCCESS |  
2019-08-24 07:08:41,622 | INFO  | DNAudit | user=null | ip=null | op=WRITE_CHUNK {blockData=conID: 3 locID: 102670697861939816 bcsId: 4067} | ret=SUCCESS |  
2019-08-24 07:08:41,622 | INFO  | DNAudit | user=null | ip=null | op=WRITE_CHUNK {blockData=conID: 3 locID: 102670697861939816 bcsId: 4067} | ret=SUCCESS |  
2019-08-24 07:08:41,624 | INFO  | DNAudit | user=null | ip=null | op=WRITE_CHUNK {blockData=conID: 3 locID: 102670697861939816 bcsId: 0} | ret=SUCCESS |  
2019-08-24 07:08:41,624 | INFO  | DNAudit | user=null | ip=null | op=PUT_BLOCK {blockData=[blockId=conID: 3 locID: 102670697861939816 bcsId: 0,size=2097152]} | ret=SUCCESS |  
2019-08-24 07:08:41,624 | INFO  | DNAudit | user=null | ip=null | op=WRITE_CHUNK {blockData=conID: 3 locID: 102670697861939816 bcsId: 0} | ret=SUCCESS |  
2019-08-24 07:08:41,625 | INFO  | DNAudit | user=null | ip=null | op=PUT_BLOCK {blockData=[blockId=conID: 3 locID: 102670697861939816 bcsId: 0,size=2097152]} | ret=SUCCESS |  
2019-08-24 07:08:41,625 | INFO  | DNAudit | user=null | ip=null | op=WRITE_CHUNK {blockData=conID: 3 locID: 102670697861939816 bcsId: 4067} | ret=SUCCESS |  
2019-08-24 07:08:41,626 | INFO  | DNAudit | user=null | ip=null | op=PUT_BLOCK {blockData=[blockId=conID: 3 locID: 102670697861939816 bcsId: 0,size=3145728]} | ret=SUCCESS |  
2019-08-24 07:08:41,626 [grpc-default-executor-2] INFO  client.GrpcClientProtocolClient (GrpcClientProtocolClient.java:onNext(255)) - client-6EDD19400D46->06a4573b-67a1-41e3-a350-f896363bc636: receive RaftClientReply:client-6EDD19400D46->06a4573b-67a1-41e3-a350-f896363bc636@group-757E3781CD2A, cid=2735, SUCCESS, logIndex=4072, commits[06a4573b-67a1-41e3-a350-f896363bc636:c4073, 0b725bbf-683b-4664-9a2e-3c9dd6e38bc1:c4067, 9193e3b7-ae04-484d-a740-c65c11559486:c4068]
2019-08-24 07:08:41,626 [grpc-default-executor-2] INFO  client.GrpcClientProtocolClient (GrpcClientProtocolClient.java:onNext(255)) - client-6EDD19400D46->06a4573b-67a1-41e3-a350-f896363bc636: receive RaftClientReply:client-6EDD19400D46->06a4573b-67a1-41e3-a350-f896363bc636@group-757E3781CD2A, cid=2736, SUCCESS, logIndex=4073, commits[06a4573b-67a1-41e3-a350-f896363bc636:c4073, 0b725bbf-683b-4664-9a2e-3c9dd6e38bc1:c4068, 9193e3b7-ae04-484d-a740-c65c11559486:c4068]
2019-08-24 07:08:41,628 | INFO  | DNAudit | user=null | ip=null | op=WRITE_CHUNK {blockData=conID: 3 locID: 102670697861939816 bcsId: 4067} | ret=SUCCESS |  
2019-08-24 07:08:41,628 | INFO  | DNAudit | user=null | ip=null | op=WRITE_CHUNK {blockData=conID: 3 locID: 102670697861939816 bcsId: 4067} | ret=SUCCESS |  
2019-08-24 07:08:41,628 | INFO  | DNAudit | user=null | ip=null | op=PUT_BLOCK {blockData=[blockId=conID: 3 locID: 102670697861939816 bcsId: 0,size=3145728]} | ret=SUCCESS |  
2019-08-24 07:08:41,629 | INFO  | DNAudit | user=null | ip=null | op=PUT_BLOCK {blockData=[blockId=conID: 3 locID: 102670697861939816 bcsId: 0,size=3145728]} | ret=SUCCESS |  
2019-08-24 07:08:41,632 | INFO  | DNAudit | user=null | ip=null | op=WRITE_CHUNK {blockData=conID: 3 locID: 102670697861939816 bcsId: 4073} | ret=SUCCESS |  
2019-08-24 07:08:41,635 | INFO  | DNAudit | user=null | ip=null | op=WRITE_CHUNK {blockData=conID: 3 locID: 102670697861939816 bcsId: 4073} | ret=SUCCESS |  
2019-08-24 07:08:41,635 | INFO  | DNAudit | user=null | ip=null | op=WRITE_CHUNK {blockData=conID: 3 locID: 102670697861939816 bcsId: 4073} | ret=SUCCESS |  
2019-08-24 07:08:41,646 | INFO  | DNAudit | user=null | ip=null | op=WRITE_CHUNK {blockData=conID: 3 locID: 102670697861939816 bcsId: 4073} | ret=SUCCESS |  
2019-08-24 07:08:41,646 | INFO  | DNAudit | user=null | ip=null | op=PUT_BLOCK {blockData=[blockId=conID: 3 locID: 102670697861939816 bcsId: 0,size=4194304]} | ret=SUCCESS |  
2019-08-24 07:08:41,646 [grpc-default-executor-5] INFO  client.GrpcClientProtocolClient (GrpcClientProtocolClient.java:onNext(255)) - client-6EDD19400D46->06a4573b-67a1-41e3-a350-f896363bc636: receive RaftClientReply:client-6EDD19400D46->06a4573b-67a1-41e3-a350-f896363bc636@group-757E3781CD2A, cid=2737, SUCCESS, logIndex=4075, commits[06a4573b-67a1-41e3-a350-f896363bc636:c4076, 0b725bbf-683b-4664-9a2e-3c9dd6e38bc1:c4074, 9193e3b7-ae04-484d-a740-c65c11559486:c4074]
2019-08-24 07:08:41,647 [grpc-default-executor-5] INFO  client.GrpcClientProtocolClient (GrpcClientProtocolClient.java:onNext(255)) - client-6EDD19400D46->06a4573b-67a1-41e3-a350-f896363bc636: receive RaftClientReply:client-6EDD19400D46->06a4573b-67a1-41e3-a350-f896363bc636@group-757E3781CD2A, cid=2738, SUCCESS, logIndex=4076, commits[06a4573b-67a1-41e3-a350-f896363bc636:c4076, 0b725bbf-683b-4664-9a2e-3c9dd6e38bc1:c4074, 9193e3b7-ae04-484d-a740-c65c11559486:c4074]
2019-08-24 07:08:41,655 | INFO  | SCMAudit | user=jenkins1000 | ip=192.168.69.125 | op=SEND_HEARTBEAT {datanodeUUID=b8548da6-9cc6-46be-8dd4-5219531f5960, command=[]} | ret=SUCCESS |  
2019-08-24 07:08:41,656 | INFO  | SCMAudit | user=jenkins1000 | ip=192.168.69.125 | op=SEND_HEARTBEAT {datanodeUUID=06a4573b-67a1-41e3-a350-f896363bc636, command=[]} | ret=SUCCESS |  
2019-08-24 07:08:41,656 | INFO  | SCMAudit | user=jenkins1000 | ip=192.168.69.125 | op=SEND_HEARTBEAT {datanodeUUID=9193e3b7-ae04-484d-a740-c65c11559486, command=[]} | ret=SUCCESS |  
2019-08-24 07:08:41,659 | INFO  | SCMAudit | user=jenkins1000 | ip=192.168.69.125 | op=SEND_HEARTBEAT {datanodeUUID=25ce0803-6f34-4c69-82c0-892f08679042, command=[]} | ret=SUCCESS |  
2019-08-24 07:08:41,659 | INFO  | SCMAudit | user=jenkins1000 | ip=192.168.69.125 | op=SEND_HEARTBEAT {datanodeUUID=0b725bbf-683b-4664-9a2e-3c9dd6e38bc1, command=[]} | ret=SUCCESS |  
2019-08-24 07:08:41,659 | INFO  | DNAudit | user=null | ip=null | op=WRITE_CHUNK {blockData=conID: 3 locID: 102670697861939816 bcsId: 4073} | ret=SUCCESS |  
 0.00% |█                                                                                                    |  0/1 Time: 0:00:302019-08-24 07:08:41,662 | INFO  | DNAudit | user=null | ip=null | op=WRITE_CHUNK {blockData=conID: 3 locID: 102670697861939816 bcsId: 4073} | ret=SUCCESS |  
2019-08-24 07:08:41,673 | INFO  | DNAudit | user=null | ip=null | op=PUT_BLOCK {blockData=[blockId=conID: 3 locID: 102670697861939816 bcsId: 0,size=4194304]} | ret=SUCCESS |  
2019-08-24 07:08:41,673 | INFO  | DNAudit | user=null | ip=null | op=PUT_BLOCK {blockData=[blockId=conID: 3 locID: 102670697861939816 bcsId: 0,size=4194304]} | ret=SUCCESS |  
2019-08-24 07:08:41,673 [grpc-default-executor-2] INFO  client.GrpcClientProtocolClient (GrpcClientProtocolClient.java:onNext(255)) - client-6EDD19400D46->06a4573b-67a1-41e3-a350-f896363bc636: receive RaftClientReply:client-6EDD19400D46->06a4573b-67a1-41e3-a350-f896363bc636@group-757E3781CD2A, cid=2739, SUCCESS, logIndex=0, commits[06a4573b-67a1-41e3-a350-f896363bc636:c4078, 0b725bbf-683b-4664-9a2e-3c9dd6e38bc1:c4076, 9193e3b7-ae04-484d-a740-c65c11559486:c4076]
2019-08-24 07:08:41,681 | INFO  | SCMAudit | user=jenkins1000 | ip=192.168.69.125 | op=ALLOCATE_BLOCK {owner=61bacca8-15b6-4a50-8962-5e9786b18b0d, size=4194304, type=RATIS, factor=THREE} | ret=SUCCESS |  
2019-08-24 07:08:41,686 | INFO  | OMAudit | user=jenkins1000 | ip=127.0.0.1 | op=ALLOCATE_BLOCK {volume=vol-0-26988, bucket=bucket-0-20739, key=key-0-27353, dataSize=0, replicationType=null, replicationFactor=null, keyLocationInfo=null, clientID=102670695851229586} | ret=SUCCESS |  
2019-08-24 07:08:41,693 | INFO  | DNAudit | user=null | ip=null | op=WRITE_CHUNK {blockData=conID: 1 locID: 102670697868886633 bcsId: 0} | ret=SUCCESS |  
2019-08-24 07:08:41,696 | INFO  | DNAudit | user=null | ip=null | op=WRITE_CHUNK {blockData=conID: 1 locID: 102670697868886633 bcsId: 0} | ret=SUCCESS |  
2019-08-24 07:08:41,697 | INFO  | DNAudit | user=null | ip=null | op=WRITE_CHUNK {blockData=conID: 1 locID: 102670697868886633 bcsId: 0} | ret=SUCCESS |  
2019-08-24 07:08:41,697 | INFO  | DNAudit | user=null | ip=null | op=WRITE_CHUNK {blockData=conID: 1 locID: 102670697868886633 bcsId: 0} | ret=SUCCESS |  
2019-08-24 07:08:41,698 | INFO  | DNAudit | user=null | ip=null | op=WRITE_CHUNK {blockData=conID: 1 locID: 102670697868886633 bcsId: 0} | ret=SUCCESS |  
2019-08-24 07:08:41,699 | INFO  | DNAudit | user=null | ip=null | op=WRITE_CHUNK {blockData=conID: 1 locID: 102670697868886633 bcsId: 0} | ret=SUCCESS |  
2019-08-24 07:08:41,707 | INFO  | DNAudit | user=null | ip=null | op=WRITE_CHUNK {blockData=conID: 1 locID: 102670697868886633 bcsId: 0} | ret=SUCCESS |  
2019-08-24 07:08:41,707 | INFO  | DNAudit | user=null | ip=null | op=PUT_BLOCK {blockData=[blockId=conID: 1 locID: 102670697868886633 bcsId: 0,size=1048576]} | ret=SUCCESS |  
2019-08-24 07:08:41,707 [grpc-default-executor-2] INFO  client.GrpcClientProtocolClient (GrpcClientProtocolClient.java:onNext(255)) - client-6EDD19400D46->06a4573b-67a1-41e3-a350-f896363bc636: receive RaftClientReply:client-6EDD19400D46->06a4573b-67a1-41e3-a350-f896363bc636@group-757E3781CD2A, cid=2740, SUCCESS, logIndex=4079, commits[06a4573b-67a1-41e3-a350-f896363bc636:c4079, 0b725bbf-683b-4664-9a2e-3c9dd6e38bc1:c4078, 9193e3b7-ae04-484d-a740-c65c11559486:c4078]
2019-08-24 07:08:41,708 [grpc-default-executor-2] INFO  client.GrpcClientProtocolClient (GrpcClientProtocolClient.java:onNext(255)) - client-6EDD19400D46->06a4573b-67a1-41e3-a350-f896363bc636: receive RaftClientReply:client-6EDD19400D46->06a4573b-67a1-41e3-a350-f896363bc636@group-757E3781CD2A, cid=2741, SUCCESS, logIndex=4080, commits[06a4573b-67a1-41e3-a350-f896363bc636:c4080, 0b725bbf-683b-4664-9a2e-3c9dd6e38bc1:c4078, 9193e3b7-ae04-484d-a740-c65c11559486:c4078]
2019-08-24 07:08:41,717 | INFO  | DNAudit | user=null | ip=null | op=WRITE_CHUNK {blockData=conID: 1 locID: 102670697868886633 bcsId: 0} | ret=SUCCESS |  
2019-08-24 07:08:41,717 | INFO  | DNAudit | user=null | ip=null | op=PUT_BLOCK {blockData=[blockId=conID: 1 locID: 102670697868886633 bcsId: 0,size=2097152]} | ret=SUCCESS |  
2019-08-24 07:08:41,717 [grpc-default-executor-2] INFO  client.GrpcClientProtocolClient (GrpcClientProtocolClient.java:onNext(255)) - client-6EDD19400D46->06a4573b-67a1-41e3-a350-f896363bc636: receive RaftClientReply:client-6EDD19400D46->06a4573b-67a1-41e3-a350-f896363bc636@group-757E3781CD2A, cid=2742, SUCCESS, logIndex=4081, commits[06a4573b-67a1-41e3-a350-f896363bc636:c4082, 0b725bbf-683b-4664-9a2e-3c9dd6e38bc1:c4078, 9193e3b7-ae04-484d-a740-c65c11559486:c4078]
2019-08-24 07:08:41,718 [grpc-default-executor-2] INFO  client.GrpcClientProtocolClient (GrpcClientProtocolClient.java:onNext(255)) - client-6EDD19400D46->06a4573b-67a1-41e3-a350-f896363bc636: receive RaftClientReply:client-6EDD19400D46->06a4573b-67a1-41e3-a350-f896363bc636@group-757E3781CD2A, cid=2743, SUCCESS, logIndex=4082, commits[06a4573b-67a1-41e3-a350-f896363bc636:c4082, 0b725bbf-683b-4664-9a2e-3c9dd6e38bc1:c4078, 9193e3b7-ae04-484d-a740-c65c11559486:c4078]
2019-08-24 07:08:41,719 | INFO  | DNAudit | user=null | ip=null | op=WRITE_CHUNK {blockData=conID: 1 locID: 102670697868886633 bcsId: 0} | ret=SUCCESS |  
2019-08-24 07:08:41,719 | INFO  | DNAudit | user=null | ip=null | op=WRITE_CHUNK {blockData=conID: 1 locID: 102670697868886633 bcsId: 0} | ret=SUCCESS |  
2019-08-24 07:08:41,719 | INFO  | DNAudit | user=null | ip=null | op=PUT_BLOCK {blockData=[blockId=conID: 1 locID: 102670697868886633 bcsId: 0,size=1048576]} | ret=SUCCESS |  
2019-08-24 07:08:41,732 | INFO  | DNAudit | user=null | ip=null | op=PUT_BLOCK {blockData=[blockId=conID: 1 locID: 102670697868886633 bcsId: 0,size=1048576]} | ret=SUCCESS |  
2019-08-24 07:08:41,732 [grpc-default-executor-5] INFO  client.GrpcClientProtocolClient (GrpcClientProtocolClient.java:onNext(255)) - client-6EDD19400D46->06a4573b-67a1-41e3-a350-f896363bc636: receive RaftClientReply:client-6EDD19400D46->06a4573b-67a1-41e3-a350-f896363bc636@group-757E3781CD2A, cid=2744, SUCCESS, logIndex=0, commits[06a4573b-67a1-41e3-a350-f896363bc636:c4085, 0b725bbf-683b-4664-9a2e-3c9dd6e38bc1:c4080, 9193e3b7-ae04-484d-a740-c65c11559486:c4080]
2019-08-24 07:08:41,739 | INFO  | DNAudit | user=null | ip=null | op=WRITE_CHUNK {blockData=conID: 1 locID: 102670697868886633 bcsId: 4082} | ret=SUCCESS |  
2019-08-24 07:08:41,742 | INFO  | DNAudit | user=null | ip=null | op=WRITE_CHUNK {blockData=conID: 1 locID: 102670697868886633 bcsId: 4082} | ret=SUCCESS |  
2019-08-24 07:08:41,742 | INFO  | DNAudit | user=null | ip=null | op=WRITE_CHUNK {blockData=conID: 1 locID: 102670697868886633 bcsId: 4082} | ret=SUCCESS |  
2019-08-24 07:08:41,752 | INFO  | DNAudit | user=null | ip=null | op=WRITE_CHUNK {blockData=conID: 1 locID: 102670697868886633 bcsId: 0} | ret=SUCCESS |  
2019-08-24 07:08:41,752 | INFO  | DNAudit | user=null | ip=null | op=WRITE_CHUNK {blockData=conID: 1 locID: 102670697868886633 bcsId: 0} | ret=SUCCESS |  
2019-08-24 07:08:41,752 | INFO  | DNAudit | user=null | ip=null | op=PUT_BLOCK {blockData=[blockId=conID: 1 locID: 102670697868886633 bcsId: 0,size=2097152]} | ret=SUCCESS |  
2019-08-24 07:08:41,752 | INFO  | DNAudit | user=null | ip=null | op=WRITE_CHUNK {blockData=conID: 1 locID: 102670697868886633 bcsId: 4082} | ret=SUCCESS |  
2019-08-24 07:08:41,752 | INFO  | DNAudit | user=null | ip=null | op=PUT_BLOCK {blockData=[blockId=conID: 1 locID: 102670697868886633 bcsId: 0,size=2097152]} | ret=SUCCESS |  
2019-08-24 07:08:41,752 | INFO  | DNAudit | user=null | ip=null | op=PUT_BLOCK {blockData=[blockId=conID: 1 locID: 102670697868886633 bcsId: 0,size=3145728]} | ret=SUCCESS |  
2019-08-24 07:08:41,753 [grpc-default-executor-2] INFO  client.GrpcClientProtocolClient (GrpcClientProtocolClient.java:onNext(255)) - client-6EDD19400D46->06a4573b-67a1-41e3-a350-f896363bc636: receive RaftClientReply:client-6EDD19400D46->06a4573b-67a1-41e3-a350-f896363bc636@group-757E3781CD2A, cid=2745, SUCCESS, logIndex=4087, commits[06a4573b-67a1-41e3-a350-f896363bc636:c4088, 0b725bbf-683b-4664-9a2e-3c9dd6e38bc1:c4086, 9193e3b7-ae04-484d-a740-c65c11559486:c4086]
2019-08-24 07:08:41,753 [grpc-default-executor-2] INFO  client.GrpcClientProtocolClient (GrpcClientProtocolClient.java:onNext(255)) - client-6EDD19400D46->06a4573b-67a1-41e3-a350-f896363bc636: receive RaftClientReply:client-6EDD19400D46->06a4573b-67a1-41e3-a350-f896363bc636@group-757E3781CD2A, cid=2746, SUCCESS, logIndex=4088, commits[06a4573b-67a1-41e3-a350-f896363bc636:c4088, 0b725bbf-683b-4664-9a2e-3c9dd6e38bc1:c4086, 9193e3b7-ae04-484d-a740-c65c11559486:c4086]
2019-08-24 07:08:41,761 | INFO  | DNAudit | user=null | ip=null | op=WRITE_CHUNK {blockData=conID: 1 locID: 102670697868886633 bcsId: 4088} | ret=SUCCESS |  
2019-08-24 07:08:41,763 | INFO  | DNAudit | user=null | ip=null | op=WRITE_CHUNK {blockData=conID: 1 locID: 102670697868886633 bcsId: 4088} | ret=SUCCESS |  
2019-08-24 07:08:41,763 | INFO  | DNAudit | user=null | ip=null | op=WRITE_CHUNK {blockData=conID: 1 locID: 102670697868886633 bcsId: 4088} | ret=SUCCESS |  
2019-08-24 07:08:41,765 | INFO  | DNAudit | user=null | ip=null | op=WRITE_CHUNK {blockData=conID: 1 locID: 102670697868886633 bcsId: 4082} | ret=SUCCESS |  
2019-08-24 07:08:41,765 | INFO  | DNAudit | user=null | ip=null | op=WRITE_CHUNK {blockData=conID: 1 locID: 102670697868886633 bcsId: 4082} | ret=SUCCESS |  
2019-08-24 07:08:41,775 | INFO  | DNAudit | user=null | ip=null | op=PUT_BLOCK {blockData=[blockId=conID: 1 locID: 102670697868886633 bcsId: 0,size=3145728]} | ret=SUCCESS |  
2019-08-24 07:08:41,775 | INFO  | DNAudit | user=null | ip=null | op=PUT_BLOCK {blockData=[blockId=conID: 1 locID: 102670697868886633 bcsId: 0,size=3145728]} | ret=SUCCESS |  
2019-08-24 07:08:41,775 | INFO  | DNAudit | user=null | ip=null | op=WRITE_CHUNK {blockData=conID: 1 locID: 102670697868886633 bcsId: 4088} | ret=SUCCESS |  
2019-08-24 07:08:41,776 | INFO  | DNAudit | user=null | ip=null | op=PUT_BLOCK {blockData=[blockId=conID: 1 locID: 102670697868886633 bcsId: 0,size=4194304]} | ret=SUCCESS |  
2019-08-24 07:08:41,776 [grpc-default-executor-2] INFO  client.GrpcClientProtocolClient (GrpcClientProtocolClient.java:onNext(255)) - client-6EDD19400D46->06a4573b-67a1-41e3-a350-f896363bc636: receive RaftClientReply:client-6EDD19400D46->06a4573b-67a1-41e3-a350-f896363bc636@group-757E3781CD2A, cid=2747, SUCCESS, logIndex=4091, commits[06a4573b-67a1-41e3-a350-f896363bc636:c4092, 0b725bbf-683b-4664-9a2e-3c9dd6e38bc1:c4088, 9193e3b7-ae04-484d-a740-c65c11559486:c4088]
2019-08-24 07:08:41,776 [grpc-default-executor-2] INFO  client.GrpcClientProtocolClient (GrpcClientProtocolClient.java:onNext(255)) - client-6EDD19400D46->06a4573b-67a1-41e3-a350-f896363bc636: receive RaftClientReply:client-6EDD19400D46->06a4573b-67a1-41e3-a350-f896363bc636@group-757E3781CD2A, cid=2748, SUCCESS, logIndex=4092, commits[06a4573b-67a1-41e3-a350-f896363bc636:c4092, 0b725bbf-683b-4664-9a2e-3c9dd6e38bc1:c4088, 9193e3b7-ae04-484d-a740-c65c11559486:c4088]
2019-08-24 07:08:41,787 | INFO  | DNAudit | user=null | ip=null | op=WRITE_CHUNK {blockData=conID: 1 locID: 102670697868886633 bcsId: 4088} | ret=SUCCESS |  
2019-08-24 07:08:41,787 | INFO  | DNAudit | user=null | ip=null | op=WRITE_CHUNK {blockData=conID: 1 locID: 102670697868886633 bcsId: 4088} | ret=SUCCESS |  
2019-08-24 07:08:41,787 | INFO  | DNAudit | user=null | ip=null | op=PUT_BLOCK {blockData=[blockId=conID: 1 locID: 102670697868886633 bcsId: 0,size=4194304]} | ret=SUCCESS |  
2019-08-24 07:08:41,787 | INFO  | DNAudit | user=null | ip=null | op=PUT_BLOCK {blockData=[blockId=conID: 1 locID: 102670697868886633 bcsId: 0,size=4194304]} | ret=SUCCESS |  
2019-08-24 07:08:41,787 [grpc-default-executor-2] INFO  client.GrpcClientProtocolClient (GrpcClientProtocolClient.java:onNext(255)) - client-6EDD19400D46->06a4573b-67a1-41e3-a350-f896363bc636: receive RaftClientReply:client-6EDD19400D46->06a4573b-67a1-41e3-a350-f896363bc636@group-757E3781CD2A, cid=2749, SUCCESS, logIndex=0, commits[06a4573b-67a1-41e3-a350-f896363bc636:c4093, 0b725bbf-683b-4664-9a2e-3c9dd6e38bc1:c4092, 9193e3b7-ae04-484d-a740-c65c11559486:c4092]
2019-08-24 07:08:41,792 | INFO  | SCMAudit | user=jenkins1000 | ip=192.168.69.125 | op=ALLOCATE_BLOCK {owner=61bacca8-15b6-4a50-8962-5e9786b18b0d, size=4194304, type=RATIS, factor=THREE} | ret=SUCCESS |  
2019-08-24 07:08:41,796 | INFO  | OMAudit | user=jenkins1000 | ip=127.0.0.1 | op=ALLOCATE_BLOCK {volume=vol-0-26988, bucket=bucket-0-20739, key=key-0-27353, dataSize=0, replicationType=null, replicationFactor=null, keyLocationInfo=null, clientID=102670695851229586} | ret=SUCCESS |  
2019-08-24 07:08:41,803 | INFO  | DNAudit | user=null | ip=null | op=WRITE_CHUNK {blockData=conID: 2 locID: 102670697876161130 bcsId: 0} | ret=SUCCESS |  
2019-08-24 07:08:41,806 | INFO  | DNAudit | user=null | ip=null | op=WRITE_CHUNK {blockData=conID: 2 locID: 102670697876161130 bcsId: 0} | ret=SUCCESS |  
2019-08-24 07:08:41,806 | INFO  | DNAudit | user=null | ip=null | op=WRITE_CHUNK {blockData=conID: 2 locID: 102670697876161130 bcsId: 0} | ret=SUCCESS |  
2019-08-24 07:08:41,806 | INFO  | DNAudit | user=null | ip=null | op=WRITE_CHUNK {blockData=conID: 2 locID: 102670697876161130 bcsId: 0} | ret=SUCCESS |  
2019-08-24 07:08:41,807 | INFO  | DNAudit | user=null | ip=null | op=WRITE_CHUNK {blockData=conID: 2 locID: 102670697876161130 bcsId: 0} | ret=SUCCESS |  
2019-08-24 07:08:41,808 | INFO  | DNAudit | user=null | ip=null | op=WRITE_CHUNK {blockData=conID: 2 locID: 102670697876161130 bcsId: 0} | ret=SUCCESS |  
2019-08-24 07:08:41,829 | INFO  | DNAudit | user=null | ip=null | op=WRITE_CHUNK {blockData=conID: 2 locID: 102670697876161130 bcsId: 0} | ret=SUCCESS |  
2019-08-24 07:08:41,829 | INFO  | DNAudit | user=null | ip=null | op=PUT_BLOCK {blockData=[blockId=conID: 2 locID: 102670697876161130 bcsId: 0,size=1048576]} | ret=SUCCESS |  
2019-08-24 07:08:41,830 | INFO  | DNAudit | user=null | ip=null | op=WRITE_CHUNK {blockData=conID: 2 locID: 102670697876161130 bcsId: 0} | ret=SUCCESS |  
2019-08-24 07:08:41,830 | INFO  | DNAudit | user=null | ip=null | op=PUT_BLOCK {blockData=[blockId=conID: 2 locID: 102670697876161130 bcsId: 0,size=2097152]} | ret=SUCCESS |  
2019-08-24 07:08:41,830 [grpc-default-executor-5] INFO  client.GrpcClientProtocolClient (GrpcClientProtocolClient.java:onNext(255)) - client-6EDD19400D46->06a4573b-67a1-41e3-a350-f896363bc636: receive RaftClientReply:client-6EDD19400D46->06a4573b-67a1-41e3-a350-f896363bc636@group-757E3781CD2A, cid=2750, SUCCESS, logIndex=4095, commits[06a4573b-67a1-41e3-a350-f896363bc636:c4097, 0b725bbf-683b-4664-9a2e-3c9dd6e38bc1:c4094, 9193e3b7-ae04-484d-a740-c65c11559486:c4094]
2019-08-24 07:08:41,831 [grpc-default-executor-5] INFO  client.GrpcClientProtocolClient (GrpcClientProtocolClient.java:onNext(255)) - client-6EDD19400D46->06a4573b-67a1-41e3-a350-f896363bc636: receive RaftClientReply:client-6EDD19400D46->06a4573b-67a1-41e3-a350-f896363bc636@group-757E3781CD2A, cid=2751, SUCCESS, logIndex=4096, commits[06a4573b-67a1-41e3-a350-f896363bc636:c4098, 0b725bbf-683b-4664-9a2e-3c9dd6e38bc1:c4094, 9193e3b7-ae04-484d-a740-c65c11559486:c4094]
2019-08-24 07:08:41,831 [grpc-default-executor-5] INFO  client.GrpcClientProtocolClient (GrpcClientProtocolClient.java:onNext(255)) - client-6EDD19400D46->06a4573b-67a1-41e3-a350-f896363bc636: receive RaftClientReply:client-6EDD19400D46->06a4573b-67a1-41e3-a350-f896363bc636@group-757E3781CD2A, cid=2752, SUCCESS, logIndex=4097, commits[06a4573b-67a1-41e3-a350-f896363bc636:c4098, 0b725bbf-683b-4664-9a2e-3c9dd6e38bc1:c4094, 9193e3b7-ae04-484d-a740-c65c11559486:c4094]
2019-08-24 07:08:41,832 [grpc-default-executor-5] INFO  client.GrpcClientProtocolClient (GrpcClientProtocolClient.java:onNext(255)) - client-6EDD19400D46->06a4573b-67a1-41e3-a350-f896363bc636: receive RaftClientReply:client-6EDD19400D46->06a4573b-67a1-41e3-a350-f896363bc636@group-757E3781CD2A, cid=2753, SUCCESS, logIndex=4098, commits[06a4573b-67a1-41e3-a350-f896363bc636:c4098, 0b725bbf-683b-4664-9a2e-3c9dd6e38bc1:c4094, 9193e3b7-ae04-484d-a740-c65c11559486:c4094]
2019-08-24 07:08:41,832 | INFO  | DNAudit | user=null | ip=null | op=WRITE_CHUNK {blockData=conID: 2 locID: 102670697876161130 bcsId: 0} | ret=SUCCESS |  
2019-08-24 07:08:41,832 | INFO  | DNAudit | user=null | ip=null | op=WRITE_CHUNK {blockData=conID: 2 locID: 102670697876161130 bcsId: 0} | ret=SUCCESS |  
2019-08-24 07:08:41,844 | INFO  | DNAudit | user=null | ip=null | op=PUT_BLOCK {blockData=[blockId=conID: 2 locID: 102670697876161130 bcsId: 0,size=1048576]} | ret=SUCCESS |  
2019-08-24 07:08:41,844 | INFO  | DNAudit | user=null | ip=null | op=PUT_BLOCK {blockData=[blockId=conID: 2 locID: 102670697876161130 bcsId: 0,size=1048576]} | ret=SUCCESS |  
2019-08-24 07:08:41,844 | INFO  | DNAudit | user=null | ip=null | op=WRITE_CHUNK {blockData=conID: 2 locID: 102670697876161130 bcsId: 0} | ret=SUCCESS |  
2019-08-24 07:08:41,844 | INFO  | DNAudit | user=null | ip=null | op=WRITE_CHUNK {blockData=conID: 2 locID: 102670697876161130 bcsId: 0} | ret=SUCCESS |  
2019-08-24 07:08:41,844 | INFO  | DNAudit | user=null | ip=null | op=PUT_BLOCK {blockData=[blockId=conID: 2 locID: 102670697876161130 bcsId: 0,size=2097152]} | ret=SUCCESS |  
2019-08-24 07:08:41,844 | INFO  | DNAudit | user=null | ip=null | op=PUT_BLOCK {blockData=[blockId=conID: 2 locID: 102670697876161130 bcsId: 0,size=2097152]} | ret=SUCCESS |  
2019-08-24 07:08:41,844 [grpc-default-executor-5] INFO  client.GrpcClientProtocolClient (GrpcClientProtocolClient.java:onNext(255)) - client-6EDD19400D46->06a4573b-67a1-41e3-a350-f896363bc636: receive RaftClientReply:client-6EDD19400D46->06a4573b-67a1-41e3-a350-f896363bc636@group-757E3781CD2A, cid=2754, SUCCESS, logIndex=0, commits[06a4573b-67a1-41e3-a350-f896363bc636:c4100, 0b725bbf-683b-4664-9a2e-3c9dd6e38bc1:c4096, 9193e3b7-ae04-484d-a740-c65c11559486:c4096]
2019-08-24 07:08:41,850 | INFO  | DNAudit | user=null | ip=null | op=WRITE_CHUNK {blockData=conID: 2 locID: 102670697876161130 bcsId: 4098} | ret=SUCCESS |  
2019-08-24 07:08:41,853 | INFO  | DNAudit | user=null | ip=null | op=WRITE_CHUNK {blockData=conID: 2 locID: 102670697876161130 bcsId: 4098} | ret=SUCCESS |  
2019-08-24 07:08:41,853 | INFO  | DNAudit | user=null | ip=null | op=WRITE_CHUNK {blockData=conID: 2 locID: 102670697876161130 bcsId: 4098} | ret=SUCCESS |  
2019-08-24 07:08:41,864 | INFO  | DNAudit | user=null | ip=null | op=WRITE_CHUNK {blockData=conID: 2 locID: 102670697876161130 bcsId: 4098} | ret=SUCCESS |  
2019-08-24 07:08:41,864 | INFO  | DNAudit | user=null | ip=null | op=PUT_BLOCK {blockData=[blockId=conID: 2 locID: 102670697876161130 bcsId: 0,size=3145728]} | ret=SUCCESS |  
2019-08-24 07:08:41,864 [grpc-default-executor-2] INFO  client.GrpcClientProtocolClient (GrpcClientProtocolClient.java:onNext(255)) - client-6EDD19400D46->06a4573b-67a1-41e3-a350-f896363bc636: receive RaftClientReply:client-6EDD19400D46->06a4573b-67a1-41e3-a350-f896363bc636@group-757E3781CD2A, cid=2755, SUCCESS, logIndex=4103, commits[06a4573b-67a1-41e3-a350-f896363bc636:c4104, 0b725bbf-683b-4664-9a2e-3c9dd6e38bc1:c4102, 9193e3b7-ae04-484d-a740-c65c11559486:c4102]
2019-08-24 07:08:41,865 [grpc-default-executor-2] INFO  client.GrpcClientProtocolClient (GrpcClientProtocolClient.java:onNext(255)) - client-6EDD19400D46->06a4573b-67a1-41e3-a350-f896363bc636: receive RaftClientReply:client-6EDD19400D46->06a4573b-67a1-41e3-a350-f896363bc636@group-757E3781CD2A, cid=2756, SUCCESS, logIndex=4104, commits[06a4573b-67a1-41e3-a350-f896363bc636:c4104, 0b725bbf-683b-4664-9a2e-3c9dd6e38bc1:c4102, 9193e3b7-ae04-484d-a740-c65c11559486:c4102]
2019-08-24 07:08:41,871 | INFO  | DNAudit | user=null | ip=null | op=WRITE_CHUNK {blockData=conID: 2 locID: 102670697876161130 bcsId: 4104} | ret=SUCCESS |  
2019-08-24 07:08:41,874 | INFO  | DNAudit | user=null | ip=null | op=WRITE_CHUNK {blockData=conID: 2 locID: 102670697876161130 bcsId: 4104} | ret=SUCCESS |  
2019-08-24 07:08:41,875 | INFO  | DNAudit | user=null | ip=null | op=WRITE_CHUNK {blockData=conID: 2 locID: 102670697876161130 bcsId: 4104} | ret=SUCCESS |  
2019-08-24 07:08:41,876 | INFO  | DNAudit | user=null | ip=null | op=WRITE_CHUNK {blockData=conID: 2 locID: 102670697876161130 bcsId: 4098} | ret=SUCCESS |  
2019-08-24 07:08:41,876 | INFO  | DNAudit | user=null | ip=null | op=WRITE_CHUNK {blockData=conID: 2 locID: 102670697876161130 bcsId: 4098} | ret=SUCCESS |  
2019-08-24 07:08:41,879 | INFO  | DNAudit | user=null | ip=null | op=PUT_BLOCK {blockData=[blockId=conID: 2 locID: 102670697876161130 bcsId: 0,size=3145728]} | ret=SUCCESS |  
2019-08-24 07:08:41,879 | INFO  | DNAudit | user=null | ip=null | op=PUT_BLOCK {blockData=[blockId=conID: 2 locID: 102670697876161130 bcsId: 0,size=3145728]} | ret=SUCCESS |  
2019-08-24 07:08:41,880 | INFO  | DNAudit | user=null | ip=null | op=WRITE_CHUNK {blockData=conID: 2 locID: 102670697876161130 bcsId: 4104} | ret=SUCCESS |  
2019-08-24 07:08:41,880 | INFO  | DNAudit | user=null | ip=null | op=PUT_BLOCK {blockData=[blockId=conID: 2 locID: 102670697876161130 bcsId: 0,size=4194304]} | ret=SUCCESS |  
2019-08-24 07:08:41,880 [grpc-default-executor-1] INFO  client.GrpcClientProtocolClient (GrpcClientProtocolClient.java:onNext(255)) - client-6EDD19400D46->06a4573b-67a1-41e3-a350-f896363bc636: receive RaftClientReply:client-6EDD19400D46->06a4573b-67a1-41e3-a350-f896363bc636@group-757E3781CD2A, cid=2757, SUCCESS, logIndex=4107, commits[06a4573b-67a1-41e3-a350-f896363bc636:c4108, 0b725bbf-683b-4664-9a2e-3c9dd6e38bc1:c4104, 9193e3b7-ae04-484d-a740-c65c11559486:c4104]
2019-08-24 07:08:41,881 [grpc-default-executor-1] INFO  client.GrpcClientProtocolClient (GrpcClientProtocolClient.java:onNext(255)) - client-6EDD19400D46->06a4573b-67a1-41e3-a350-f896363bc636: receive RaftClientReply:client-6EDD19400D46->06a4573b-67a1-41e3-a350-f896363bc636@group-757E3781CD2A, cid=2758, SUCCESS, logIndex=4108, commits[06a4573b-67a1-41e3-a350-f896363bc636:c4108, 0b725bbf-683b-4664-9a2e-3c9dd6e38bc1:c4104, 9193e3b7-ae04-484d-a740-c65c11559486:c4104]
2019-08-24 07:08:41,891 | INFO  | DNAudit | user=null | ip=null | op=WRITE_CHUNK {blockData=conID: 2 locID: 102670697876161130 bcsId: 4104} | ret=SUCCESS |  
2019-08-24 07:08:41,891 | INFO  | DNAudit | user=null | ip=null | op=WRITE_CHUNK {blockData=conID: 2 locID: 102670697876161130 bcsId: 4104} | ret=SUCCESS |  
2019-08-24 07:08:41,891 | INFO  | DNAudit | user=null | ip=null | op=PUT_BLOCK {blockData=[blockId=conID: 2 locID: 102670697876161130 bcsId: 0,size=4194304]} | ret=SUCCESS |  
2019-08-24 07:08:41,891 | INFO  | DNAudit | user=null | ip=null | op=PUT_BLOCK {blockData=[blockId=conID: 2 locID: 102670697876161130 bcsId: 0,size=4194304]} | ret=SUCCESS |  
2019-08-24 07:08:41,892 [grpc-default-executor-1] INFO  client.GrpcClientProtocolClient (GrpcClientProtocolClient.java:onNext(255)) - client-6EDD19400D46->06a4573b-67a1-41e3-a350-f896363bc636: receive RaftClientReply:client-6EDD19400D46->06a4573b-67a1-41e3-a350-f896363bc636@group-757E3781CD2A, cid=2759, SUCCESS, logIndex=0, commits[06a4573b-67a1-41e3-a350-f896363bc636:c4109, 0b725bbf-683b-4664-9a2e-3c9dd6e38bc1:c4108, 9193e3b7-ae04-484d-a740-c65c11559486:c4108]
2019-08-24 07:08:41,897 | INFO  | SCMAudit | user=jenkins1000 | ip=192.168.69.125 | op=ALLOCATE_BLOCK {owner=61bacca8-15b6-4a50-8962-5e9786b18b0d, size=4194304, type=RATIS, factor=THREE} | ret=SUCCESS |  
2019-08-24 07:08:41,900 | INFO  | OMAudit | user=jenkins1000 | ip=127.0.0.1 | op=ALLOCATE_BLOCK {volume=vol-0-26988, bucket=bucket-0-20739, key=key-0-27353, dataSize=0, replicationType=null, replicationFactor=null, keyLocationInfo=null, clientID=102670695851229586} | ret=SUCCESS |  
2019-08-24 07:08:41,908 | INFO  | DNAudit | user=null | ip=null | op=WRITE_CHUNK {blockData=conID: 3 locID: 102670697883042411 bcsId: 0} | ret=SUCCESS |  
2019-08-24 07:08:41,909 | INFO  | DNAudit | user=null | ip=null | op=WRITE_CHUNK {blockData=conID: 3 locID: 102670697883042411 bcsId: 0} | ret=SUCCESS |  
2019-08-24 07:08:41,910 | INFO  | DNAudit | user=null | ip=null | op=WRITE_CHUNK {blockData=conID: 3 locID: 102670697883042411 bcsId: 0} | ret=SUCCESS |  
2019-08-24 07:08:41,911 | INFO  | DNAudit | user=null | ip=null | op=WRITE_CHUNK {blockData=conID: 3 locID: 102670697883042411 bcsId: 0} | ret=SUCCESS |  
2019-08-24 07:08:41,912 | INFO  | DNAudit | user=null | ip=null | op=WRITE_CHUNK {blockData=conID: 3 locID: 102670697883042411 bcsId: 0} | ret=SUCCESS |  
2019-08-24 07:08:41,913 | INFO  | DNAudit | user=null | ip=null | op=WRITE_CHUNK {blockData=conID: 3 locID: 102670697883042411 bcsId: 0} | ret=SUCCESS |  
2019-08-24 07:08:41,921 | INFO  | DNAudit | user=null | ip=null | op=WRITE_CHUNK {blockData=conID: 3 locID: 102670697883042411 bcsId: 0} | ret=SUCCESS |  
2019-08-24 07:08:41,922 | INFO  | DNAudit | user=null | ip=null | op=PUT_BLOCK {blockData=[blockId=conID: 3 locID: 102670697883042411 bcsId: 0,size=1048576]} | ret=SUCCESS |  
2019-08-24 07:08:41,922 | INFO  | DNAudit | user=null | ip=null | op=WRITE_CHUNK {blockData=conID: 3 locID: 102670697883042411 bcsId: 0} | ret=SUCCESS |  
2019-08-24 07:08:41,922 [grpc-default-executor-0] INFO  client.GrpcClientProtocolClient (GrpcClientProtocolClient.java:onNext(255)) - client-6EDD19400D46->06a4573b-67a1-41e3-a350-f896363bc636: receive RaftClientReply:client-6EDD19400D46->06a4573b-67a1-41e3-a350-f896363bc636@group-757E3781CD2A, cid=2760, SUCCESS, logIndex=4111, commits[06a4573b-67a1-41e3-a350-f896363bc636:c4111, 0b725bbf-683b-4664-9a2e-3c9dd6e38bc1:c4110, 9193e3b7-ae04-484d-a740-c65c11559486:c4110]
2019-08-24 07:08:41,922 | INFO  | DNAudit | user=null | ip=null | op=PUT_BLOCK {blockData=[blockId=conID: 3 locID: 102670697883042411 bcsId: 0,size=2097152]} | ret=SUCCESS |  
2019-08-24 07:08:41,923 [grpc-default-executor-0] INFO  client.GrpcClientProtocolClient (GrpcClientProtocolClient.java:onNext(255)) - client-6EDD19400D46->06a4573b-67a1-41e3-a350-f896363bc636: receive RaftClientReply:client-6EDD19400D46->06a4573b-67a1-41e3-a350-f896363bc636@group-757E3781CD2A, cid=2761, SUCCESS, logIndex=4112, commits[06a4573b-67a1-41e3-a350-f896363bc636:c4114, 0b725bbf-683b-4664-9a2e-3c9dd6e38bc1:c4110, 9193e3b7-ae04-484d-a740-c65c11559486:c4110]
2019-08-24 07:08:41,923 [grpc-default-executor-0] INFO  client.GrpcClientProtocolClient (GrpcClientProtocolClient.java:onNext(255)) - client-6EDD19400D46->06a4573b-67a1-41e3-a350-f896363bc636: receive RaftClientReply:client-6EDD19400D46->06a4573b-67a1-41e3-a350-f896363bc636@group-757E3781CD2A, cid=2762, SUCCESS, logIndex=4113, commits[06a4573b-67a1-41e3-a350-f896363bc636:c4114, 0b725bbf-683b-4664-9a2e-3c9dd6e38bc1:c4110, 9193e3b7-ae04-484d-a740-c65c11559486:c4110]
2019-08-24 07:08:41,923 [grpc-default-executor-0] INFO  client.GrpcClientProtocolClient (GrpcClientProtocolClient.java:onNext(255)) - client-6EDD19400D46->06a4573b-67a1-41e3-a350-f896363bc636: receive RaftClientReply:client-6EDD19400D46->06a4573b-67a1-41e3-a350-f896363bc636@group-757E3781CD2A, cid=2763, SUCCESS, logIndex=4114, commits[06a4573b-67a1-41e3-a350-f896363bc636:c4114, 0b725bbf-683b-4664-9a2e-3c9dd6e38bc1:c4110, 9193e3b7-ae04-484d-a740-c65c11559486:c4110]
2019-08-24 07:08:41,933 | INFO  | DNAudit | user=null | ip=null | op=WRITE_CHUNK {blockData=conID: 3 locID: 102670697883042411 bcsId: 0} | ret=SUCCESS |  
2019-08-24 07:08:41,933 | INFO  | DNAudit | user=null | ip=null | op=WRITE_CHUNK {blockData=conID: 3 locID: 102670697883042411 bcsId: 0} | ret=SUCCESS |  
2019-08-24 07:08:41,934 | INFO  | DNAudit | user=null | ip=null | op=PUT_BLOCK {blockData=[blockId=conID: 3 locID: 102670697883042411 bcsId: 0,size=1048576]} | ret=SUCCESS |  
2019-08-24 07:08:41,934 | INFO  | DNAudit | user=null | ip=null | op=WRITE_CHUNK {blockData=conID: 3 locID: 102670697883042411 bcsId: 0} | ret=SUCCESS |  
2019-08-24 07:08:41,934 | INFO  | DNAudit | user=null | ip=null | op=PUT_BLOCK {blockData=[blockId=conID: 3 locID: 102670697883042411 bcsId: 0,size=2097152]} | ret=SUCCESS |  
2019-08-24 07:08:41,936 | INFO  | DNAudit | user=null | ip=null | op=PUT_BLOCK {blockData=[blockId=conID: 3 locID: 102670697883042411 bcsId: 0,size=1048576]} | ret=SUCCESS |  
2019-08-24 07:08:41,936 [grpc-default-executor-0] INFO  client.GrpcClientProtocolClient (GrpcClientProtocolClient.java:onNext(255)) - client-6EDD19400D46->06a4573b-67a1-41e3-a350-f896363bc636: receive RaftClientReply:client-6EDD19400D46->06a4573b-67a1-41e3-a350-f896363bc636@group-757E3781CD2A, cid=2764, SUCCESS, logIndex=0, commits[06a4573b-67a1-41e3-a350-f896363bc636:c4118, 0b725bbf-683b-4664-9a2e-3c9dd6e38bc1:c4114, 9193e3b7-ae04-484d-a740-c65c11559486:c4112]
2019-08-24 07:08:41,936 | INFO  | DNAudit | user=null | ip=null | op=WRITE_CHUNK {blockData=conID: 3 locID: 102670697883042411 bcsId: 0} | ret=SUCCESS |  
2019-08-24 07:08:41,936 | INFO  | DNAudit | user=null | ip=null | op=PUT_BLOCK {blockData=[blockId=conID: 3 locID: 102670697883042411 bcsId: 0,size=2097152]} | ret=SUCCESS |  
2019-08-24 07:08:41,942 | INFO  | DNAudit | user=null | ip=null | op=WRITE_CHUNK {blockData=conID: 3 locID: 102670697883042411 bcsId: 4114} | ret=SUCCESS |  
2019-08-24 07:08:41,944 | INFO  | DNAudit | user=null | ip=null | op=WRITE_CHUNK {blockData=conID: 3 locID: 102670697883042411 bcsId: 4114} | ret=SUCCESS |  
2019-08-24 07:08:41,945 | INFO  | DNAudit | user=null | ip=null | op=WRITE_CHUNK {blockData=conID: 3 locID: 102670697883042411 bcsId: 4114} | ret=SUCCESS |  
2019-08-24 07:08:41,954 | INFO  | DNAudit | user=null | ip=null | op=WRITE_CHUNK {blockData=conID: 3 locID: 102670697883042411 bcsId: 4114} | ret=SUCCESS |  
2019-08-24 07:08:41,954 | INFO  | DNAudit | user=null | ip=null | op=PUT_BLOCK {blockData=[blockId=conID: 3 locID: 102670697883042411 bcsId: 0,size=3145728]} | ret=SUCCESS |  
2019-08-24 07:08:41,954 [grpc-default-executor-0] INFO  client.GrpcClientProtocolClient (GrpcClientProtocolClient.java:onNext(255)) - client-6EDD19400D46->06a4573b-67a1-41e3-a350-f896363bc636: receive RaftClientReply:client-6EDD19400D46->06a4573b-67a1-41e3-a350-f896363bc636@group-757E3781CD2A, cid=2765, SUCCESS, logIndex=4119, commits[06a4573b-67a1-41e3-a350-f896363bc636:c4120, 0b725bbf-683b-4664-9a2e-3c9dd6e38bc1:c4118, 9193e3b7-ae04-484d-a740-c65c11559486:c4118]
2019-08-24 07:08:41,955 [grpc-default-executor-0] INFO  client.GrpcClientProtocolClient (GrpcClientProtocolClient.java:onNext(255)) - client-6EDD19400D46->06a4573b-67a1-41e3-a350-f896363bc636: receive RaftClientReply:client-6EDD19400D46->06a4573b-67a1-41e3-a350-f896363bc636@group-757E3781CD2A, cid=2766, SUCCESS, logIndex=4120, commits[06a4573b-67a1-41e3-a350-f896363bc636:c4120, 0b725bbf-683b-4664-9a2e-3c9dd6e38bc1:c4118, 9193e3b7-ae04-484d-a740-c65c11559486:c4118]
2019-08-24 07:08:41,960 | INFO  | DNAudit | user=null | ip=null | op=WRITE_CHUNK {blockData=conID: 3 locID: 102670697883042411 bcsId: 4120} | ret=SUCCESS |  
2019-08-24 07:08:41,963 | INFO  | DNAudit | user=null | ip=null | op=WRITE_CHUNK {blockData=conID: 3 locID: 102670697883042411 bcsId: 4120} | ret=SUCCESS |  
2019-08-24 07:08:41,964 | INFO  | DNAudit | user=null | ip=null | op=WRITE_CHUNK {blockData=conID: 3 locID: 102670697883042411 bcsId: 4120} | ret=SUCCESS |  
2019-08-24 07:08:41,968 | INFO  | DNAudit | user=null | ip=null | op=WRITE_CHUNK {blockData=conID: 3 locID: 102670697883042411 bcsId: 4114} | ret=SUCCESS |  
2019-08-24 07:08:41,968 | INFO  | DNAudit | user=null | ip=null | op=WRITE_CHUNK {blockData=conID: 3 locID: 102670697883042411 bcsId: 4114} | ret=SUCCESS |  
2019-08-24 07:08:41,980 | INFO  | DNAudit | user=null | ip=null | op=PUT_BLOCK {blockData=[blockId=conID: 3 locID: 102670697883042411 bcsId: 0,size=3145728]} | ret=SUCCESS |  
2019-08-24 07:08:41,980 | INFO  | DNAudit | user=null | ip=null | op=PUT_BLOCK {blockData=[blockId=conID: 3 locID: 102670697883042411 bcsId: 0,size=3145728]} | ret=SUCCESS |  
2019-08-24 07:08:41,980 | INFO  | DNAudit | user=null | ip=null | op=WRITE_CHUNK {blockData=conID: 3 locID: 102670697883042411 bcsId: 4120} | ret=SUCCESS |  
2019-08-24 07:08:41,980 | INFO  | DNAudit | user=null | ip=null | op=PUT_BLOCK {blockData=[blockId=conID: 3 locID: 102670697883042411 bcsId: 0,size=4194304]} | ret=SUCCESS |  
2019-08-24 07:08:41,981 [grpc-default-executor-0] INFO  client.GrpcClientProtocolClient (GrpcClientProtocolClient.java:onNext(255)) - client-6EDD19400D46->06a4573b-67a1-41e3-a350-f896363bc636: receive RaftClientReply:client-6EDD19400D46->06a4573b-67a1-41e3-a350-f896363bc636@group-757E3781CD2A, cid=2767, SUCCESS, logIndex=4123, commits[06a4573b-67a1-41e3-a350-f896363bc636:c4124, 0b725bbf-683b-4664-9a2e-3c9dd6e38bc1:c4120, 9193e3b7-ae04-484d-a740-c65c11559486:c4120]
2019-08-24 07:08:41,981 [grpc-default-executor-0] INFO  client.GrpcClientProtocolClient (GrpcClientProtocolClient.java:onNext(255)) - client-6EDD19400D46->06a4573b-67a1-41e3-a350-f896363bc636: receive RaftClientReply:client-6EDD19400D46->06a4573b-67a1-41e3-a350-f896363bc636@group-757E3781CD2A, cid=2768, SUCCESS, logIndex=4124, commits[06a4573b-67a1-41e3-a350-f896363bc636:c4124, 0b725bbf-683b-4664-9a2e-3c9dd6e38bc1:c4120, 9193e3b7-ae04-484d-a740-c65c11559486:c4120]
2019-08-24 07:08:41,992 | INFO  | DNAudit | user=null | ip=null | op=WRITE_CHUNK {blockData=conID: 3 locID: 102670697883042411 bcsId: 4120} | ret=SUCCESS |  
2019-08-24 07:08:41,992 | INFO  | DNAudit | user=null | ip=null | op=PUT_BLOCK {blockData=[blockId=conID: 3 locID: 102670697883042411 bcsId: 0,size=4194304]} | ret=SUCCESS |  
2019-08-24 07:08:41,992 | INFO  | DNAudit | user=null | ip=null | op=WRITE_CHUNK {blockData=conID: 3 locID: 102670697883042411 bcsId: 4120} | ret=SUCCESS |  
2019-08-24 07:08:41,992 | INFO  | DNAudit | user=null | ip=null | op=PUT_BLOCK {blockData=[blockId=conID: 3 locID: 102670697883042411 bcsId: 0,size=4194304]} | ret=SUCCESS |  
2019-08-24 07:08:41,993 [grpc-default-executor-0] INFO  client.GrpcClientProtocolClient (GrpcClientProtocolClient.java:onNext(255)) - client-6EDD19400D46->06a4573b-67a1-41e3-a350-f896363bc636: receive RaftClientReply:client-6EDD19400D46->06a4573b-67a1-41e3-a350-f896363bc636@group-757E3781CD2A, cid=2769, SUCCESS, logIndex=0, commits[06a4573b-67a1-41e3-a350-f896363bc636:c4125, 0b725bbf-683b-4664-9a2e-3c9dd6e38bc1:c4124, 9193e3b7-ae04-484d-a740-c65c11559486:c4124]
2019-08-24 07:08:41,997 | INFO  | SCMAudit | user=jenkins1000 | ip=192.168.69.125 | op=ALLOCATE_BLOCK {owner=61bacca8-15b6-4a50-8962-5e9786b18b0d, size=4194304, type=RATIS, factor=THREE} | ret=SUCCESS |  
2019-08-24 07:08:42,000 | INFO  | OMAudit | user=jenkins1000 | ip=127.0.0.1 | op=ALLOCATE_BLOCK {volume=vol-0-26988, bucket=bucket-0-20739, key=key-0-27353, dataSize=0, replicationType=null, replicationFactor=null, keyLocationInfo=null, clientID=102670695851229586} | ret=SUCCESS |  
2019-08-24 07:08:42,008 | INFO  | DNAudit | user=null | ip=null | op=WRITE_CHUNK {blockData=conID: 1 locID: 102670697889596012 bcsId: 0} | ret=SUCCESS |  
2019-08-24 07:08:42,011 | INFO  | DNAudit | user=null | ip=null | op=WRITE_CHUNK {blockData=conID: 1 locID: 102670697889596012 bcsId: 0} | ret=SUCCESS |  
2019-08-24 07:08:42,011 | INFO  | DNAudit | user=null | ip=null | op=WRITE_CHUNK {blockData=conID: 1 locID: 102670697889596012 bcsId: 0} | ret=SUCCESS |  
2019-08-24 07:08:42,011 | INFO  | DNAudit | user=null | ip=null | op=WRITE_CHUNK {blockData=conID: 1 locID: 102670697889596012 bcsId: 0} | ret=SUCCESS |  
2019-08-24 07:08:42,012 | INFO  | DNAudit | user=null | ip=null | op=WRITE_CHUNK {blockData=conID: 1 locID: 102670697889596012 bcsId: 0} | ret=SUCCESS |  
2019-08-24 07:08:42,013 | INFO  | DNAudit | user=null | ip=null | op=WRITE_CHUNK {blockData=conID: 1 locID: 102670697889596012 bcsId: 0} | ret=SUCCESS |  
2019-08-24 07:08:42,022 | INFO  | DNAudit | user=null | ip=null | op=WRITE_CHUNK {blockData=conID: 1 locID: 102670697889596012 bcsId: 0} | ret=SUCCESS |  
2019-08-24 07:08:42,023 | INFO  | DNAudit | user=null | ip=null | op=PUT_BLOCK {blockData=[blockId=conID: 1 locID: 102670697889596012 bcsId: 0,size=1048576]} | ret=SUCCESS |  
2019-08-24 07:08:42,023 [grpc-default-executor-2] INFO  client.GrpcClientProtocolClient (GrpcClientProtocolClient.java:onNext(255)) - client-6EDD19400D46->06a4573b-67a1-41e3-a350-f896363bc636: receive RaftClientReply:client-6EDD19400D46->06a4573b-67a1-41e3-a350-f896363bc636@group-757E3781CD2A, cid=2770, SUCCESS, logIndex=4127, commits[06a4573b-67a1-41e3-a350-f896363bc636:c4128, 0b725bbf-683b-4664-9a2e-3c9dd6e38bc1:c4126, 9193e3b7-ae04-484d-a740-c65c11559486:c4126]
2019-08-24 07:08:42,023 [grpc-default-executor-2] INFO  client.GrpcClientProtocolClient (GrpcClientProtocolClient.java:onNext(255)) - client-6EDD19400D46->06a4573b-67a1-41e3-a350-f896363bc636: receive RaftClientReply:client-6EDD19400D46->06a4573b-67a1-41e3-a350-f896363bc636@group-757E3781CD2A, cid=2771, SUCCESS, logIndex=4128, commits[06a4573b-67a1-41e3-a350-f896363bc636:c4128, 0b725bbf-683b-4664-9a2e-3c9dd6e38bc1:c4126, 9193e3b7-ae04-484d-a740-c65c11559486:c4126]
2019-08-24 07:08:42,032 | INFO  | DNAudit | user=null | ip=null | op=WRITE_CHUNK {blockData=conID: 1 locID: 102670697889596012 bcsId: 0} | ret=SUCCESS |  
2019-08-24 07:08:42,032 | INFO  | DNAudit | user=null | ip=null | op=PUT_BLOCK {blockData=[blockId=conID: 1 locID: 102670697889596012 bcsId: 0,size=2097152]} | ret=SUCCESS |  
2019-08-24 07:08:42,033 [grpc-default-executor-2] INFO  client.GrpcClientProtocolClient (GrpcClientProtocolClient.java:onNext(255)) - client-6EDD19400D46->06a4573b-67a1-41e3-a350-f896363bc636: receive RaftClientReply:client-6EDD19400D46->06a4573b-67a1-41e3-a350-f896363bc636@group-757E3781CD2A, cid=2772, SUCCESS, logIndex=4129, commits[06a4573b-67a1-41e3-a350-f896363bc636:c4130, 0b725bbf-683b-4664-9a2e-3c9dd6e38bc1:c4126, 9193e3b7-ae04-484d-a740-c65c11559486:c4126]
2019-08-24 07:08:42,033 [grpc-default-executor-2] INFO  client.GrpcClientProtocolClient (GrpcClientProtocolClient.java:onNext(255)) - client-6EDD19400D46->06a4573b-67a1-41e3-a350-f896363bc636: receive RaftClientReply:client-6EDD19400D46->06a4573b-67a1-41e3-a350-f896363bc636@group-757E3781CD2A, cid=2773, SUCCESS, logIndex=4130, commits[06a4573b-67a1-41e3-a350-f896363bc636:c4130, 0b725bbf-683b-4664-9a2e-3c9dd6e38bc1:c4126, 9193e3b7-ae04-484d-a740-c65c11559486:c4126]
2019-08-24 07:08:42,034 | INFO  | DNAudit | user=null | ip=null | op=WRITE_CHUNK {blockData=conID: 1 locID: 102670697889596012 bcsId: 0} | ret=SUCCESS |  
2019-08-24 07:08:42,034 | INFO  | DNAudit | user=null | ip=null | op=WRITE_CHUNK {blockData=conID: 1 locID: 102670697889596012 bcsId: 0} | ret=SUCCESS |  
2019-08-24 07:08:42,034 | INFO  | DNAudit | user=null | ip=null | op=PUT_BLOCK {blockData=[blockId=conID: 1 locID: 102670697889596012 bcsId: 0,size=1048576]} | ret=SUCCESS |  
2019-08-24 07:08:42,047 | INFO  | DNAudit | user=null | ip=null | op=PUT_BLOCK {blockData=[blockId=conID: 1 locID: 102670697889596012 bcsId: 0,size=1048576]} | ret=SUCCESS |  
2019-08-24 07:08:42,048 [grpc-default-executor-0] INFO  client.GrpcClientProtocolClient (GrpcClientProtocolClient.java:onNext(255)) - client-6EDD19400D46->06a4573b-67a1-41e3-a350-f896363bc636: receive RaftClientReply:client-6EDD19400D46->06a4573b-67a1-41e3-a350-f896363bc636@group-757E3781CD2A, cid=2774, SUCCESS, logIndex=0, commits[06a4573b-67a1-41e3-a350-f896363bc636:c4133, 0b725bbf-683b-4664-9a2e-3c9dd6e38bc1:c4128, 9193e3b7-ae04-484d-a740-c65c11559486:c4128]
2019-08-24 07:08:42,055 | INFO  | DNAudit | user=null | ip=null | op=WRITE_CHUNK {blockData=conID: 1 locID: 102670697889596012 bcsId: 4130} | ret=SUCCESS |  
2019-08-24 07:08:42,057 | INFO  | DNAudit | user=null | ip=null | op=WRITE_CHUNK {blockData=conID: 1 locID: 102670697889596012 bcsId: 4130} | ret=SUCCESS |  
2019-08-24 07:08:42,057 | INFO  | DNAudit | user=null | ip=null | op=WRITE_CHUNK {blockData=conID: 1 locID: 102670697889596012 bcsId: 4130} | ret=SUCCESS |  
2019-08-24 07:08:42,077 | INFO  | DNAudit | user=null | ip=null | op=WRITE_CHUNK {blockData=conID: 1 locID: 102670697889596012 bcsId: 0} | ret=SUCCESS |  
2019-08-24 07:08:42,077 | INFO  | DNAudit | user=null | ip=null | op=WRITE_CHUNK {blockData=conID: 1 locID: 102670697889596012 bcsId: 4130} | ret=SUCCESS |  
2019-08-24 07:08:42,077 | INFO  | DNAudit | user=null | ip=null | op=PUT_BLOCK {blockData=[blockId=conID: 1 locID: 102670697889596012 bcsId: 0,size=2097152]} | ret=SUCCESS |  
2019-08-24 07:08:42,078 | INFO  | DNAudit | user=null | ip=null | op=WRITE_CHUNK {blockData=conID: 1 locID: 102670697889596012 bcsId: 0} | ret=SUCCESS |  
2019-08-24 07:08:42,078 | INFO  | DNAudit | user=null | ip=null | op=PUT_BLOCK {blockData=[blockId=conID: 1 locID: 102670697889596012 bcsId: 0,size=3145728]} | ret=SUCCESS |  
2019-08-24 07:08:42,078 | INFO  | DNAudit | user=null | ip=null | op=PUT_BLOCK {blockData=[blockId=conID: 1 locID: 102670697889596012 bcsId: 0,size=2097152]} | ret=SUCCESS |  
2019-08-24 07:08:42,078 [grpc-default-executor-2] INFO  client.GrpcClientProtocolClient (GrpcClientProtocolClient.java:onNext(255)) - client-6EDD19400D46->06a4573b-67a1-41e3-a350-f896363bc636: receive RaftClientReply:client-6EDD19400D46->06a4573b-67a1-41e3-a350-f896363bc636@group-757E3781CD2A, cid=2775, SUCCESS, logIndex=4135, commits[06a4573b-67a1-41e3-a350-f896363bc636:c4135, 0b725bbf-683b-4664-9a2e-3c9dd6e38bc1:c4128, 9193e3b7-ae04-484d-a740-c65c11559486:c4134]
2019-08-24 07:08:42,079 [grpc-default-executor-2] INFO  client.GrpcClientProtocolClient (GrpcClientProtocolClient.java:onNext(255)) - client-6EDD19400D46->06a4573b-67a1-41e3-a350-f896363bc636: receive RaftClientReply:client-6EDD19400D46->06a4573b-67a1-41e3-a350-f896363bc636@group-757E3781CD2A, cid=2776, SUCCESS, logIndex=4136, commits[06a4573b-67a1-41e3-a350-f896363bc636:c4136, 0b725bbf-683b-4664-9a2e-3c9dd6e38bc1:c4134, 9193e3b7-ae04-484d-a740-c65c11559486:c4134]
2019-08-24 07:08:42,085 | INFO  | DNAudit | user=null | ip=null | op=WRITE_CHUNK {blockData=conID: 1 locID: 102670697889596012 bcsId: 4136} | ret=SUCCESS |  
2019-08-24 07:08:42,087 | INFO  | DNAudit | user=null | ip=null | op=WRITE_CHUNK {blockData=conID: 1 locID: 102670697889596012 bcsId: 4136} | ret=SUCCESS |  
2019-08-24 07:08:42,087 | INFO  | DNAudit | user=null | ip=null | op=WRITE_CHUNK {blockData=conID: 1 locID: 102670697889596012 bcsId: 4136} | ret=SUCCESS |  
2019-08-24 07:08:42,089 | INFO  | DNAudit | user=null | ip=null | op=WRITE_CHUNK {blockData=conID: 1 locID: 102670697889596012 bcsId: 4130} | ret=SUCCESS |  
2019-08-24 07:08:42,090 | INFO  | DNAudit | user=null | ip=null | op=WRITE_CHUNK {blockData=conID: 1 locID: 102670697889596012 bcsId: 4130} | ret=SUCCESS |  
2019-08-24 07:08:42,092 | INFO  | DNAudit | user=null | ip=null | op=PUT_BLOCK {blockData=[blockId=conID: 1 locID: 102670697889596012 bcsId: 0,size=3145728]} | ret=SUCCESS |  
2019-08-24 07:08:42,092 | INFO  | DNAudit | user=null | ip=null | op=PUT_BLOCK {blockData=[blockId=conID: 1 locID: 102670697889596012 bcsId: 0,size=3145728]} | ret=SUCCESS |  
2019-08-24 07:08:42,093 | INFO  | DNAudit | user=null | ip=null | op=WRITE_CHUNK {blockData=conID: 1 locID: 102670697889596012 bcsId: 4136} | ret=SUCCESS |  
2019-08-24 07:08:42,093 | INFO  | DNAudit | user=null | ip=null | op=PUT_BLOCK {blockData=[blockId=conID: 1 locID: 102670697889596012 bcsId: 0,size=4194304]} | ret=SUCCESS |  
2019-08-24 07:08:42,093 [grpc-default-executor-5] INFO  client.GrpcClientProtocolClient (GrpcClientProtocolClient.java:onNext(255)) - client-6EDD19400D46->06a4573b-67a1-41e3-a350-f896363bc636: receive RaftClientReply:client-6EDD19400D46->06a4573b-67a1-41e3-a350-f896363bc636@group-757E3781CD2A, cid=2777, SUCCESS, logIndex=4139, commits[06a4573b-67a1-41e3-a350-f896363bc636:c4140, 0b725bbf-683b-4664-9a2e-3c9dd6e38bc1:c4136, 9193e3b7-ae04-484d-a740-c65c11559486:c4136]
2019-08-24 07:08:42,094 [grpc-default-executor-5] INFO  client.GrpcClientProtocolClient (GrpcClientProtocolClient.java:onNext(255)) - client-6EDD19400D46->06a4573b-67a1-41e3-a350-f896363bc636: receive RaftClientReply:client-6EDD19400D46->06a4573b-67a1-41e3-a350-f896363bc636@group-757E3781CD2A, cid=2778, SUCCESS, logIndex=4140, commits[06a4573b-67a1-41e3-a350-f896363bc636:c4140, 0b725bbf-683b-4664-9a2e-3c9dd6e38bc1:c4136, 9193e3b7-ae04-484d-a740-c65c11559486:c4136]
2019-08-24 07:08:42,105 | INFO  | DNAudit | user=null | ip=null | op=WRITE_CHUNK {blockData=conID: 1 locID: 102670697889596012 bcsId: 4136} | ret=SUCCESS |  
2019-08-24 07:08:42,105 | INFO  | DNAudit | user=null | ip=null | op=WRITE_CHUNK {blockData=conID: 1 locID: 102670697889596012 bcsId: 4136} | ret=SUCCESS |  
2019-08-24 07:08:42,105 | INFO  | DNAudit | user=null | ip=null | op=PUT_BLOCK {blockData=[blockId=conID: 1 locID: 102670697889596012 bcsId: 0,size=4194304]} | ret=SUCCESS |  
2019-08-24 07:08:42,105 | INFO  | DNAudit | user=null | ip=null | op=PUT_BLOCK {blockData=[blockId=conID: 1 locID: 102670697889596012 bcsId: 0,size=4194304]} | ret=SUCCESS |  
2019-08-24 07:08:42,105 [grpc-default-executor-5] INFO  client.GrpcClientProtocolClient (GrpcClientProtocolClient.java:onNext(255)) - client-6EDD19400D46->06a4573b-67a1-41e3-a350-f896363bc636: receive RaftClientReply:client-6EDD19400D46->06a4573b-67a1-41e3-a350-f896363bc636@group-757E3781CD2A, cid=2779, SUCCESS, logIndex=0, commits[06a4573b-67a1-41e3-a350-f896363bc636:c4141, 0b725bbf-683b-4664-9a2e-3c9dd6e38bc1:c4140, 9193e3b7-ae04-484d-a740-c65c11559486:c4140]
2019-08-24 07:08:42,116 | INFO  | SCMAudit | user=jenkins1000 | ip=192.168.69.125 | op=ALLOCATE_BLOCK {owner=61bacca8-15b6-4a50-8962-5e9786b18b0d, size=4194304, type=RATIS, factor=THREE} | ret=SUCCESS |  
2019-08-24 07:08:42,121 | INFO  | OMAudit | user=jenkins1000 | ip=127.0.0.1 | op=ALLOCATE_BLOCK {volume=vol-0-26988, bucket=bucket-0-20739, key=key-0-27353, dataSize=0, replicationType=null, replicationFactor=null, keyLocationInfo=null, clientID=102670695851229586} | ret=SUCCESS |  
2019-08-24 07:08:42,129 | INFO  | DNAudit | user=null | ip=null | op=WRITE_CHUNK {blockData=conID: 2 locID: 102670697897394797 bcsId: 0} | ret=SUCCESS |  
2019-08-24 07:08:42,131 | INFO  | DNAudit | user=null | ip=null | op=WRITE_CHUNK {blockData=conID: 2 locID: 102670697897394797 bcsId: 0} | ret=SUCCESS |  
2019-08-24 07:08:42,132 | INFO  | DNAudit | user=null | ip=null | op=WRITE_CHUNK {blockData=conID: 2 locID: 102670697897394797 bcsId: 0} | ret=SUCCESS |  
2019-08-24 07:08:42,132 | INFO  | DNAudit | user=null | ip=null | op=WRITE_CHUNK {blockData=conID: 2 locID: 102670697897394797 bcsId: 0} | ret=SUCCESS |  
2019-08-24 07:08:42,134 | INFO  | DNAudit | user=null | ip=null | op=WRITE_CHUNK {blockData=conID: 2 locID: 102670697897394797 bcsId: 0} | ret=SUCCESS |  
2019-08-24 07:08:42,134 | INFO  | DNAudit | user=null | ip=null | op=WRITE_CHUNK {blockData=conID: 2 locID: 102670697897394797 bcsId: 0} | ret=SUCCESS |  
2019-08-24 07:08:42,159 | INFO  | DNAudit | user=null | ip=null | op=WRITE_CHUNK {blockData=conID: 2 locID: 102670697897394797 bcsId: 0} | ret=SUCCESS |  
2019-08-24 07:08:42,159 | INFO  | DNAudit | user=null | ip=null | op=PUT_BLOCK {blockData=[blockId=conID: 2 locID: 102670697897394797 bcsId: 0,size=1048576]} | ret=SUCCESS |  
2019-08-24 07:08:42,160 | INFO  | DNAudit | user=null | ip=null | op=WRITE_CHUNK {blockData=conID: 2 locID: 102670697897394797 bcsId: 0} | ret=SUCCESS |  
2019-08-24 07:08:42,160 | INFO  | DNAudit | user=null | ip=null | op=PUT_BLOCK {blockData=[blockId=conID: 2 locID: 102670697897394797 bcsId: 0,size=2097152]} | ret=SUCCESS |  
2019-08-24 07:08:42,160 [grpc-default-executor-2] INFO  client.GrpcClientProtocolClient (GrpcClientProtocolClient.java:onNext(255)) - client-6EDD19400D46->06a4573b-67a1-41e3-a350-f896363bc636: receive RaftClientReply:client-6EDD19400D46->06a4573b-67a1-41e3-a350-f896363bc636@group-757E3781CD2A, cid=2780, SUCCESS, logIndex=4143, commits[06a4573b-67a1-41e3-a350-f896363bc636:c4144, 0b725bbf-683b-4664-9a2e-3c9dd6e38bc1:c4142, 9193e3b7-ae04-484d-a740-c65c11559486:c4142]
2019-08-24 07:08:42,161 [grpc-default-executor-2] INFO  client.GrpcClientProtocolClient (GrpcClientProtocolClient.java:onNext(255)) - client-6EDD19400D46->06a4573b-67a1-41e3-a350-f896363bc636: receive RaftClientReply:client-6EDD19400D46->06a4573b-67a1-41e3-a350-f896363bc636@group-757E3781CD2A, cid=2781, SUCCESS, logIndex=4144, commits[06a4573b-67a1-41e3-a350-f896363bc636:c4146, 0b725bbf-683b-4664-9a2e-3c9dd6e38bc1:c4142, 9193e3b7-ae04-484d-a740-c65c11559486:c4142]
2019-08-24 07:08:42,161 [grpc-default-executor-2] INFO  client.GrpcClientProtocolClient (GrpcClientProtocolClient.java:onNext(255)) - client-6EDD19400D46->06a4573b-67a1-41e3-a350-f896363bc636: receive RaftClientReply:client-6EDD19400D46->06a4573b-67a1-41e3-a350-f896363bc636@group-757E3781CD2A, cid=2782, SUCCESS, logIndex=4145, commits[06a4573b-67a1-41e3-a350-f896363bc636:c4146, 0b725bbf-683b-4664-9a2e-3c9dd6e38bc1:c4142, 9193e3b7-ae04-484d-a740-c65c11559486:c4142]
2019-08-24 07:08:42,161 [grpc-default-executor-2] INFO  client.GrpcClientProtocolClient (GrpcClientProtocolClient.java:onNext(255)) - client-6EDD19400D46->06a4573b-67a1-41e3-a350-f896363bc636: receive RaftClientReply:client-6EDD19400D46->06a4573b-67a1-41e3-a350-f896363bc636@group-757E3781CD2A, cid=2783, SUCCESS, logIndex=4146, commits[06a4573b-67a1-41e3-a350-f896363bc636:c4146, 0b725bbf-683b-4664-9a2e-3c9dd6e38bc1:c4142, 9193e3b7-ae04-484d-a740-c65c11559486:c4142]
2019-08-24 07:08:42,172 | INFO  | DNAudit | user=null | ip=null | op=WRITE_CHUNK {blockData=conID: 2 locID: 102670697897394797 bcsId: 0} | ret=SUCCESS |  
2019-08-24 07:08:42,183 | INFO  | DNAudit | user=null | ip=null | op=WRITE_CHUNK {blockData=conID: 2 locID: 102670697897394797 bcsId: 0} | ret=SUCCESS |  
2019-08-24 07:08:42,184 | INFO  | DNAudit | user=null | ip=null | op=PUT_BLOCK {blockData=[blockId=conID: 2 locID: 102670697897394797 bcsId: 0,size=1048576]} | ret=SUCCESS |  
2019-08-24 07:08:42,184 | INFO  | DNAudit | user=null | ip=null | op=WRITE_CHUNK {blockData=conID: 2 locID: 102670697897394797 bcsId: 0} | ret=SUCCESS |  
2019-08-24 07:08:42,184 | INFO  | DNAudit | user=null | ip=null | op=PUT_BLOCK {blockData=[blockId=conID: 2 locID: 102670697897394797 bcsId: 0,size=2097152]} | ret=SUCCESS |  
2019-08-24 07:08:42,185 | INFO  | DNAudit | user=null | ip=null | op=PUT_BLOCK {blockData=[blockId=conID: 2 locID: 102670697897394797 bcsId: 0,size=1048576]} | ret=SUCCESS |  
2019-08-24 07:08:42,185 | INFO  | DNAudit | user=null | ip=null | op=WRITE_CHUNK {blockData=conID: 2 locID: 102670697897394797 bcsId: 0} | ret=SUCCESS |  
2019-08-24 07:08:42,185 | INFO  | DNAudit | user=null | ip=null | op=PUT_BLOCK {blockData=[blockId=conID: 2 locID: 102670697897394797 bcsId: 0,size=2097152]} | ret=SUCCESS |  
2019-08-24 07:08:42,186 [grpc-default-executor-2] INFO  client.GrpcClientProtocolClient (GrpcClientProtocolClient.java:onNext(255)) - client-6EDD19400D46->06a4573b-67a1-41e3-a350-f896363bc636: receive RaftClientReply:client-6EDD19400D46->06a4573b-67a1-41e3-a350-f896363bc636@group-757E3781CD2A, cid=2784, SUCCESS, logIndex=0, commits[06a4573b-67a1-41e3-a350-f896363bc636:c4149, 0b725bbf-683b-4664-9a2e-3c9dd6e38bc1:c4146, 9193e3b7-ae04-484d-a740-c65c11559486:c4144]
2019-08-24 07:08:42,195 | INFO  | DNAudit | user=null | ip=null | op=WRITE_CHUNK {blockData=conID: 2 locID: 102670697897394797 bcsId: 4146} | ret=SUCCESS |  
2019-08-24 07:08:42,198 | INFO  | DNAudit | user=null | ip=null | op=WRITE_CHUNK {blockData=conID: 2 locID: 102670697897394797 bcsId: 4146} | ret=SUCCESS |  
2019-08-24 07:08:42,198 | INFO  | DNAudit | user=null | ip=null | op=WRITE_CHUNK {blockData=conID: 2 locID: 102670697897394797 bcsId: 4146} | ret=SUCCESS |  
2019-08-24 07:08:42,207 | INFO  | DNAudit | user=null | ip=null | op=WRITE_CHUNK {blockData=conID: 2 locID: 102670697897394797 bcsId: 4146} | ret=SUCCESS |  
2019-08-24 07:08:42,208 | INFO  | DNAudit | user=null | ip=null | op=PUT_BLOCK {blockData=[blockId=conID: 2 locID: 102670697897394797 bcsId: 0,size=3145728]} | ret=SUCCESS |  
2019-08-24 07:08:42,208 [grpc-default-executor-2] INFO  client.GrpcClientProtocolClient (GrpcClientProtocolClient.java:onNext(255)) - client-6EDD19400D46->06a4573b-67a1-41e3-a350-f896363bc636: receive RaftClientReply:client-6EDD19400D46->06a4573b-67a1-41e3-a350-f896363bc636@group-757E3781CD2A, cid=2785, SUCCESS, logIndex=4150, commits[06a4573b-67a1-41e3-a350-f896363bc636:c4151, 0b725bbf-683b-4664-9a2e-3c9dd6e38bc1:c4149, 9193e3b7-ae04-484d-a740-c65c11559486:c4149]
2019-08-24 07:08:42,208 [grpc-default-executor-2] INFO  client.GrpcClientProtocolClient (GrpcClientProtocolClient.java:onNext(255)) - client-6EDD19400D46->06a4573b-67a1-41e3-a350-f896363bc636: receive RaftClientReply:client-6EDD19400D46->06a4573b-67a1-41e3-a350-f896363bc636@group-757E3781CD2A, cid=2786, SUCCESS, logIndex=4151, commits[06a4573b-67a1-41e3-a350-f896363bc636:c4151, 0b725bbf-683b-4664-9a2e-3c9dd6e38bc1:c4149, 9193e3b7-ae04-484d-a740-c65c11559486:c4149]
2019-08-24 07:08:42,217 | INFO  | DNAudit | user=null | ip=null | op=WRITE_CHUNK {blockData=conID: 2 locID: 102670697897394797 bcsId: 4151} | ret=SUCCESS |  
2019-08-24 07:08:42,220 | INFO  | DNAudit | user=null | ip=null | op=WRITE_CHUNK {blockData=conID: 2 locID: 102670697897394797 bcsId: 4151} | ret=SUCCESS |  
2019-08-24 07:08:42,221 | INFO  | DNAudit | user=null | ip=null | op=WRITE_CHUNK {blockData=conID: 2 locID: 102670697897394797 bcsId: 4146} | ret=SUCCESS |  
2019-08-24 07:08:42,221 | INFO  | DNAudit | user=null | ip=null | op=WRITE_CHUNK {blockData=conID: 2 locID: 102670697897394797 bcsId: 4151} | ret=SUCCESS |  
2019-08-24 07:08:42,221 | INFO  | DNAudit | user=null | ip=null | op=WRITE_CHUNK {blockData=conID: 2 locID: 102670697897394797 bcsId: 4146} | ret=SUCCESS |  
2019-08-24 07:08:42,237 | INFO  | DNAudit | user=null | ip=null | op=PUT_BLOCK {blockData=[blockId=conID: 2 locID: 102670697897394797 bcsId: 0,size=3145728]} | ret=SUCCESS |  
2019-08-24 07:08:42,237 | INFO  | DNAudit | user=null | ip=null | op=PUT_BLOCK {blockData=[blockId=conID: 2 locID: 102670697897394797 bcsId: 0,size=3145728]} | ret=SUCCESS |  
2019-08-24 07:08:42,238 | INFO  | DNAudit | user=null | ip=null | op=WRITE_CHUNK {blockData=conID: 2 locID: 102670697897394797 bcsId: 4151} | ret=SUCCESS |  
2019-08-24 07:08:42,238 | INFO  | DNAudit | user=null | ip=null | op=PUT_BLOCK {blockData=[blockId=conID: 2 locID: 102670697897394797 bcsId: 0,size=4194304]} | ret=SUCCESS |  
2019-08-24 07:08:42,239 [grpc-default-executor-0] INFO  client.GrpcClientProtocolClient (GrpcClientProtocolClient.java:onNext(255)) - client-6EDD19400D46->06a4573b-67a1-41e3-a350-f896363bc636: receive RaftClientReply:client-6EDD19400D46->06a4573b-67a1-41e3-a350-f896363bc636@group-757E3781CD2A, cid=2787, SUCCESS, logIndex=4154, commits[06a4573b-67a1-41e3-a350-f896363bc636:c4155, 0b725bbf-683b-4664-9a2e-3c9dd6e38bc1:c4151, 9193e3b7-ae04-484d-a740-c65c11559486:c4151]
2019-08-24 07:08:42,240 [grpc-default-executor-0] INFO  client.GrpcClientProtocolClient (GrpcClientProtocolClient.java:onNext(255)) - client-6EDD19400D46->06a4573b-67a1-41e3-a350-f896363bc636: receive RaftClientReply:client-6EDD19400D46->06a4573b-67a1-41e3-a350-f896363bc636@group-757E3781CD2A, cid=2788, SUCCESS, logIndex=4155, commits[06a4573b-67a1-41e3-a350-f896363bc636:c4155, 0b725bbf-683b-4664-9a2e-3c9dd6e38bc1:c4151, 9193e3b7-ae04-484d-a740-c65c11559486:c4151]
2019-08-24 07:08:42,251 | INFO  | DNAudit | user=null | ip=null | op=WRITE_CHUNK {blockData=conID: 2 locID: 102670697897394797 bcsId: 4151} | ret=SUCCESS |  
2019-08-24 07:08:42,251 | INFO  | DNAudit | user=null | ip=null | op=WRITE_CHUNK {blockData=conID: 2 locID: 102670697897394797 bcsId: 4151} | ret=SUCCESS |  
2019-08-24 07:08:42,252 | INFO  | DNAudit | user=null | ip=null | op=PUT_BLOCK {blockData=[blockId=conID: 2 locID: 102670697897394797 bcsId: 0,size=4194304]} | ret=SUCCESS |  
2019-08-24 07:08:42,252 | INFO  | DNAudit | user=null | ip=null | op=PUT_BLOCK {blockData=[blockId=conID: 2 locID: 102670697897394797 bcsId: 0,size=4194304]} | ret=SUCCESS |  
2019-08-24 07:08:42,252 [grpc-default-executor-0] INFO  client.GrpcClientProtocolClient (GrpcClientProtocolClient.java:onNext(255)) - client-6EDD19400D46->06a4573b-67a1-41e3-a350-f896363bc636: receive RaftClientReply:client-6EDD19400D46->06a4573b-67a1-41e3-a350-f896363bc636@group-757E3781CD2A, cid=2789, SUCCESS, logIndex=0, commits[06a4573b-67a1-41e3-a350-f896363bc636:c4156, 0b725bbf-683b-4664-9a2e-3c9dd6e38bc1:c4155, 9193e3b7-ae04-484d-a740-c65c11559486:c4155]
2019-08-24 07:08:42,264 | INFO  | SCMAudit | user=jenkins1000 | ip=192.168.69.125 | op=ALLOCATE_BLOCK {owner=61bacca8-15b6-4a50-8962-5e9786b18b0d, size=4194304, type=RATIS, factor=THREE} | ret=SUCCESS |  
2019-08-24 07:08:42,268 | INFO  | OMAudit | user=jenkins1000 | ip=127.0.0.1 | op=ALLOCATE_BLOCK {volume=vol-0-26988, bucket=bucket-0-20739, key=key-0-27353, dataSize=0, replicationType=null, replicationFactor=null, keyLocationInfo=null, clientID=102670695851229586} | ret=SUCCESS |  
2019-08-24 07:08:42,280 | INFO  | DNAudit | user=null | ip=null | op=WRITE_CHUNK {blockData=conID: 3 locID: 102670697907028590 bcsId: 0} | ret=SUCCESS |  
2019-08-24 07:08:42,283 | INFO  | DNAudit | user=null | ip=null | op=WRITE_CHUNK {blockData=conID: 3 locID: 102670697907028590 bcsId: 0} | ret=SUCCESS |  
2019-08-24 07:08:42,285 | INFO  | DNAudit | user=null | ip=null | op=WRITE_CHUNK {blockData=conID: 3 locID: 102670697907028590 bcsId: 0} | ret=SUCCESS |  
2019-08-24 07:08:42,285 | INFO  | DNAudit | user=null | ip=null | op=WRITE_CHUNK {blockData=conID: 3 locID: 102670697907028590 bcsId: 0} | ret=SUCCESS |  
2019-08-24 07:08:42,286 | INFO  | DNAudit | user=null | ip=null | op=WRITE_CHUNK {blockData=conID: 3 locID: 102670697907028590 bcsId: 0} | ret=SUCCESS |  
2019-08-24 07:08:42,287 | INFO  | DNAudit | user=null | ip=null | op=WRITE_CHUNK {blockData=conID: 3 locID: 102670697907028590 bcsId: 0} | ret=SUCCESS |  
2019-08-24 07:08:42,298 | INFO  | DNAudit | user=null | ip=null | op=WRITE_CHUNK {blockData=conID: 3 locID: 102670697907028590 bcsId: 0} | ret=SUCCESS |  
2019-08-24 07:08:42,299 | INFO  | DNAudit | user=null | ip=null | op=PUT_BLOCK {blockData=[blockId=conID: 3 locID: 102670697907028590 bcsId: 0,size=1048576]} | ret=SUCCESS |  
2019-08-24 07:08:42,299 | INFO  | DNAudit | user=null | ip=null | op=WRITE_CHUNK {blockData=conID: 3 locID: 102670697907028590 bcsId: 0} | ret=SUCCESS |  
2019-08-24 07:08:42,299 [grpc-default-executor-5] INFO  client.GrpcClientProtocolClient (GrpcClientProtocolClient.java:onNext(255)) - client-6EDD19400D46->06a4573b-67a1-41e3-a350-f896363bc636: receive RaftClientReply:client-6EDD19400D46->06a4573b-67a1-41e3-a350-f896363bc636@group-757E3781CD2A, cid=2790, SUCCESS, logIndex=4157, commits[06a4573b-67a1-41e3-a350-f896363bc636:c4158, 0b725bbf-683b-4664-9a2e-3c9dd6e38bc1:c4156, 9193e3b7-ae04-484d-a740-c65c11559486:c4156]
2019-08-24 07:08:42,300 | INFO  | DNAudit | user=null | ip=null | op=PUT_BLOCK {blockData=[blockId=conID: 3 locID: 102670697907028590 bcsId: 0,size=2097152]} | ret=SUCCESS |  
2019-08-24 07:08:42,300 [grpc-default-executor-5] INFO  client.GrpcClientProtocolClient (GrpcClientProtocolClient.java:onNext(255)) - client-6EDD19400D46->06a4573b-67a1-41e3-a350-f896363bc636: receive RaftClientReply:client-6EDD19400D46->06a4573b-67a1-41e3-a350-f896363bc636@group-757E3781CD2A, cid=2791, SUCCESS, logIndex=4158, commits[06a4573b-67a1-41e3-a350-f896363bc636:c4160, 0b725bbf-683b-4664-9a2e-3c9dd6e38bc1:c4156, 9193e3b7-ae04-484d-a740-c65c11559486:c4156]
2019-08-24 07:08:42,300 [grpc-default-executor-5] INFO  client.GrpcClientProtocolClient (GrpcClientProtocolClient.java:onNext(255)) - client-6EDD19400D46->06a4573b-67a1-41e3-a350-f896363bc636: receive RaftClientReply:client-6EDD19400D46->06a4573b-67a1-41e3-a350-f896363bc636@group-757E3781CD2A, cid=2792, SUCCESS, logIndex=4159, commits[06a4573b-67a1-41e3-a350-f896363bc636:c4160, 0b725bbf-683b-4664-9a2e-3c9dd6e38bc1:c4156, 9193e3b7-ae04-484d-a740-c65c11559486:c4156]
2019-08-24 07:08:42,301 [grpc-default-executor-5] INFO  client.GrpcClientProtocolClient (GrpcClientProtocolClient.java:onNext(255)) - client-6EDD19400D46->06a4573b-67a1-41e3-a350-f896363bc636: receive RaftClientReply:client-6EDD19400D46->06a4573b-67a1-41e3-a350-f896363bc636@group-757E3781CD2A, cid=2793, SUCCESS, logIndex=4160, commits[06a4573b-67a1-41e3-a350-f896363bc636:c4160, 0b725bbf-683b-4664-9a2e-3c9dd6e38bc1:c4156, 9193e3b7-ae04-484d-a740-c65c11559486:c4156]
2019-08-24 07:08:42,320 | INFO  | DNAudit | user=null | ip=null | op=WRITE_CHUNK {blockData=conID: 3 locID: 102670697907028590 bcsId: 0} | ret=SUCCESS |  
2019-08-24 07:08:42,320 | INFO  | DNAudit | user=null | ip=null | op=WRITE_CHUNK {blockData=conID: 3 locID: 102670697907028590 bcsId: 0} | ret=SUCCESS |  
2019-08-24 07:08:42,320 | INFO  | DNAudit | user=null | ip=null | op=PUT_BLOCK {blockData=[blockId=conID: 3 locID: 102670697907028590 bcsId: 0,size=1048576]} | ret=SUCCESS |  
2019-08-24 07:08:42,321 | INFO  | DNAudit | user=null | ip=null | op=PUT_BLOCK {blockData=[blockId=conID: 3 locID: 102670697907028590 bcsId: 0,size=1048576]} | ret=SUCCESS |  
2019-08-24 07:08:42,321 | INFO  | DNAudit | user=null | ip=null | op=WRITE_CHUNK {blockData=conID: 3 locID: 102670697907028590 bcsId: 0} | ret=SUCCESS |  
2019-08-24 07:08:42,321 | INFO  | DNAudit | user=null | ip=null | op=PUT_BLOCK {blockData=[blockId=conID: 3 locID: 102670697907028590 bcsId: 0,size=2097152]} | ret=SUCCESS |  
2019-08-24 07:08:42,321 | INFO  | DNAudit | user=null | ip=null | op=WRITE_CHUNK {blockData=conID: 3 locID: 102670697907028590 bcsId: 0} | ret=SUCCESS |  
2019-08-24 07:08:42,322 | INFO  | DNAudit | user=null | ip=null | op=PUT_BLOCK {blockData=[blockId=conID: 3 locID: 102670697907028590 bcsId: 0,size=2097152]} | ret=SUCCESS |  
2019-08-24 07:08:42,322 [grpc-default-executor-0] INFO  client.GrpcClientProtocolClient (GrpcClientProtocolClient.java:onNext(255)) - client-6EDD19400D46->06a4573b-67a1-41e3-a350-f896363bc636: receive RaftClientReply:client-6EDD19400D46->06a4573b-67a1-41e3-a350-f896363bc636@group-757E3781CD2A, cid=2794, SUCCESS, logIndex=0, commits[06a4573b-67a1-41e3-a350-f896363bc636:c4162, 0b725bbf-683b-4664-9a2e-3c9dd6e38bc1:c4158, 9193e3b7-ae04-484d-a740-c65c11559486:c4158]
2019-08-24 07:08:42,332 | INFO  | DNAudit | user=null | ip=null | op=WRITE_CHUNK {blockData=conID: 3 locID: 102670697907028590 bcsId: 4160} | ret=SUCCESS |  
2019-08-24 07:08:42,335 | INFO  | DNAudit | user=null | ip=null | op=WRITE_CHUNK {blockData=conID: 3 locID: 102670697907028590 bcsId: 4160} | ret=SUCCESS |  
2019-08-24 07:08:42,335 | INFO  | DNAudit | user=null | ip=null | op=WRITE_CHUNK {blockData=conID: 3 locID: 102670697907028590 bcsId: 4160} | ret=SUCCESS |  
2019-08-24 07:08:42,345 | INFO  | DNAudit | user=null | ip=null | op=WRITE_CHUNK {blockData=conID: 3 locID: 102670697907028590 bcsId: 4160} | ret=SUCCESS |  
2019-08-24 07:08:42,345 | INFO  | DNAudit | user=null | ip=null | op=PUT_BLOCK {blockData=[blockId=conID: 3 locID: 102670697907028590 bcsId: 0,size=3145728]} | ret=SUCCESS |  
2019-08-24 07:08:42,345 [grpc-default-executor-1] INFO  client.GrpcClientProtocolClient (GrpcClientProtocolClient.java:onNext(255)) - client-6EDD19400D46->06a4573b-67a1-41e3-a350-f896363bc636: receive RaftClientReply:client-6EDD19400D46->06a4573b-67a1-41e3-a350-f896363bc636@group-757E3781CD2A, cid=2795, SUCCESS, logIndex=4164, commits[06a4573b-67a1-41e3-a350-f896363bc636:c4165, 0b725bbf-683b-4664-9a2e-3c9dd6e38bc1:c4163, 9193e3b7-ae04-484d-a740-c65c11559486:c4163]
2019-08-24 07:08:42,346 [grpc-default-executor-1] INFO  client.GrpcClientProtocolClient (GrpcClientProtocolClient.java:onNext(255)) - client-6EDD19400D46->06a4573b-67a1-41e3-a350-f896363bc636: receive RaftClientReply:client-6EDD19400D46->06a4573b-67a1-41e3-a350-f896363bc636@group-757E3781CD2A, cid=2796, SUCCESS, logIndex=4165, commits[06a4573b-67a1-41e3-a350-f896363bc636:c4165, 0b725bbf-683b-4664-9a2e-3c9dd6e38bc1:c4163, 9193e3b7-ae04-484d-a740-c65c11559486:c4163]
2019-08-24 07:08:42,355 | INFO  | DNAudit | user=null | ip=null | op=WRITE_CHUNK {blockData=conID: 3 locID: 102670697907028590 bcsId: 4165} | ret=SUCCESS |  
2019-08-24 07:08:42,357 | INFO  | DNAudit | user=null | ip=null | op=WRITE_CHUNK {blockData=conID: 3 locID: 102670697907028590 bcsId: 4160} | ret=SUCCESS |  
2019-08-24 07:08:42,357 | INFO  | DNAudit | user=null | ip=null | op=WRITE_CHUNK {blockData=conID: 3 locID: 102670697907028590 bcsId: 4160} | ret=SUCCESS |  
2019-08-24 07:08:42,358 | INFO  | DNAudit | user=null | ip=null | op=PUT_BLOCK {blockData=[blockId=conID: 3 locID: 102670697907028590 bcsId: 0,size=3145728]} | ret=SUCCESS |  
2019-08-24 07:08:42,359 | INFO  | DNAudit | user=null | ip=null | op=WRITE_CHUNK {blockData=conID: 3 locID: 102670697907028590 bcsId: 4165} | ret=SUCCESS |  
2019-08-24 07:08:42,359 | INFO  | DNAudit | user=null | ip=null | op=WRITE_CHUNK {blockData=conID: 3 locID: 102670697907028590 bcsId: 4165} | ret=SUCCESS |  
2019-08-24 07:08:42,371 | INFO  | DNAudit | user=null | ip=null | op=PUT_BLOCK {blockData=[blockId=conID: 3 locID: 102670697907028590 bcsId: 0,size=3145728]} | ret=SUCCESS |  
2019-08-24 07:08:42,372 | INFO  | DNAudit | user=null | ip=null | op=WRITE_CHUNK {blockData=conID: 3 locID: 102670697907028590 bcsId: 4165} | ret=SUCCESS |  
2019-08-24 07:08:42,372 | INFO  | DNAudit | user=null | ip=null | op=PUT_BLOCK {blockData=[blockId=conID: 3 locID: 102670697907028590 bcsId: 0,size=4194304]} | ret=SUCCESS |  
2019-08-24 07:08:42,372 [grpc-default-executor-5] INFO  client.GrpcClientProtocolClient (GrpcClientProtocolClient.java:onNext(255)) - client-6EDD19400D46->06a4573b-67a1-41e3-a350-f896363bc636: receive RaftClientReply:client-6EDD19400D46->06a4573b-67a1-41e3-a350-f896363bc636@group-757E3781CD2A, cid=2797, SUCCESS, logIndex=4168, commits[06a4573b-67a1-41e3-a350-f896363bc636:c4169, 0b725bbf-683b-4664-9a2e-3c9dd6e38bc1:c4165, 9193e3b7-ae04-484d-a740-c65c11559486:c4165]
2019-08-24 07:08:42,373 [grpc-default-executor-5] INFO  client.GrpcClientProtocolClient (GrpcClientProtocolClient.java:onNext(255)) - client-6EDD19400D46->06a4573b-67a1-41e3-a350-f896363bc636: receive RaftClientReply:client-6EDD19400D46->06a4573b-67a1-41e3-a350-f896363bc636@group-757E3781CD2A, cid=2798, SUCCESS, logIndex=4169, commits[06a4573b-67a1-41e3-a350-f896363bc636:c4169, 0b725bbf-683b-4664-9a2e-3c9dd6e38bc1:c4165, 9193e3b7-ae04-484d-a740-c65c11559486:c4165]
2019-08-24 07:08:42,384 | INFO  | DNAudit | user=null | ip=null | op=WRITE_CHUNK {blockData=conID: 3 locID: 102670697907028590 bcsId: 4165} | ret=SUCCESS |  
2019-08-24 07:08:42,384 | INFO  | DNAudit | user=null | ip=null | op=WRITE_CHUNK {blockData=conID: 3 locID: 102670697907028590 bcsId: 4165} | ret=SUCCESS |  
2019-08-24 07:08:42,384 | INFO  | DNAudit | user=null | ip=null | op=PUT_BLOCK {blockData=[blockId=conID: 3 locID: 102670697907028590 bcsId: 0,size=4194304]} | ret=SUCCESS |  
2019-08-24 07:08:42,387 | INFO  | DNAudit | user=null | ip=null | op=PUT_BLOCK {blockData=[blockId=conID: 3 locID: 102670697907028590 bcsId: 0,size=4194304]} | ret=SUCCESS |  
2019-08-24 07:08:42,387 [grpc-default-executor-5] INFO  client.GrpcClientProtocolClient (GrpcClientProtocolClient.java:onNext(255)) - client-6EDD19400D46->06a4573b-67a1-41e3-a350-f896363bc636: receive RaftClientReply:client-6EDD19400D46->06a4573b-67a1-41e3-a350-f896363bc636@group-757E3781CD2A, cid=2799, SUCCESS, logIndex=0, commits[06a4573b-67a1-41e3-a350-f896363bc636:c4171, 0b725bbf-683b-4664-9a2e-3c9dd6e38bc1:c4169, 9193e3b7-ae04-484d-a740-c65c11559486:c4169]
2019-08-24 07:08:42,395 | INFO  | SCMAudit | user=jenkins1000 | ip=192.168.69.125 | op=ALLOCATE_BLOCK {owner=61bacca8-15b6-4a50-8962-5e9786b18b0d, size=4194304, type=RATIS, factor=THREE} | ret=SUCCESS |  
2019-08-24 07:08:42,400 | INFO  | OMAudit | user=jenkins1000 | ip=127.0.0.1 | op=ALLOCATE_BLOCK {volume=vol-0-26988, bucket=bucket-0-20739, key=key-0-27353, dataSize=0, replicationType=null, replicationFactor=null, keyLocationInfo=null, clientID=102670695851229586} | ret=SUCCESS |  
2019-08-24 07:08:42,410 | INFO  | DNAudit | user=null | ip=null | op=WRITE_CHUNK {blockData=conID: 1 locID: 102670697915679343 bcsId: 0} | ret=SUCCESS |  
2019-08-24 07:08:42,415 | INFO  | DNAudit | user=null | ip=null | op=WRITE_CHUNK {blockData=conID: 1 locID: 102670697915679343 bcsId: 0} | ret=SUCCESS |  
2019-08-24 07:08:42,415 | INFO  | DNAudit | user=null | ip=null | op=WRITE_CHUNK {blockData=conID: 1 locID: 102670697915679343 bcsId: 0} | ret=SUCCESS |  
2019-08-24 07:08:42,415 | INFO  | DNAudit | user=null | ip=null | op=WRITE_CHUNK {blockData=conID: 1 locID: 102670697915679343 bcsId: 0} | ret=SUCCESS |  
2019-08-24 07:08:42,418 | INFO  | DNAudit | user=null | ip=null | op=WRITE_CHUNK {blockData=conID: 1 locID: 102670697915679343 bcsId: 0} | ret=SUCCESS |  
2019-08-24 07:08:42,418 | INFO  | DNAudit | user=null | ip=null | op=WRITE_CHUNK {blockData=conID: 1 locID: 102670697915679343 bcsId: 0} | ret=SUCCESS |  
2019-08-24 07:08:42,424 | INFO  | DNAudit | user=null | ip=null | op=WRITE_CHUNK {blockData=conID: 1 locID: 102670697915679343 bcsId: 0} | ret=SUCCESS |  
2019-08-24 07:08:42,424 | INFO  | DNAudit | user=null | ip=null | op=PUT_BLOCK {blockData=[blockId=conID: 1 locID: 102670697915679343 bcsId: 0,size=1048576]} | ret=SUCCESS |  
2019-08-24 07:08:42,425 | INFO  | DNAudit | user=null | ip=null | op=WRITE_CHUNK {blockData=conID: 1 locID: 102670697915679343 bcsId: 0} | ret=SUCCESS |  
2019-08-24 07:08:42,425 [grpc-default-executor-2] INFO  client.GrpcClientProtocolClient (GrpcClientProtocolClient.java:onNext(255)) - client-6EDD19400D46->06a4573b-67a1-41e3-a350-f896363bc636: receive RaftClientReply:client-6EDD19400D46->06a4573b-67a1-41e3-a350-f896363bc636@group-757E3781CD2A, cid=2800, SUCCESS, logIndex=4172, commits[06a4573b-67a1-41e3-a350-f896363bc636:c4173, 0b725bbf-683b-4664-9a2e-3c9dd6e38bc1:c4171, 9193e3b7-ae04-484d-a740-c65c11559486:c4171]
2019-08-24 07:08:42,425 | INFO  | DNAudit | user=null | ip=null | op=PUT_BLOCK {blockData=[blockId=conID: 1 locID: 102670697915679343 bcsId: 0,size=2097152]} | ret=SUCCESS |  
2019-08-24 07:08:42,426 [grpc-default-executor-2] INFO  client.GrpcClientProtocolClient (GrpcClientProtocolClient.java:onNext(255)) - client-6EDD19400D46->06a4573b-67a1-41e3-a350-f896363bc636: receive RaftClientReply:client-6EDD19400D46->06a4573b-67a1-41e3-a350-f896363bc636@group-757E3781CD2A, cid=2801, SUCCESS, logIndex=4173, commits[06a4573b-67a1-41e3-a350-f896363bc636:c4175, 0b725bbf-683b-4664-9a2e-3c9dd6e38bc1:c4171, 9193e3b7-ae04-484d-a740-c65c11559486:c4171]
2019-08-24 07:08:42,426 [grpc-default-executor-2] INFO  client.GrpcClientProtocolClient (GrpcClientProtocolClient.java:onNext(255)) - client-6EDD19400D46->06a4573b-67a1-41e3-a350-f896363bc636: receive RaftClientReply:client-6EDD19400D46->06a4573b-67a1-41e3-a350-f896363bc636@group-757E3781CD2A, cid=2802, SUCCESS, logIndex=4174, commits[06a4573b-67a1-41e3-a350-f896363bc636:c4175, 0b725bbf-683b-4664-9a2e-3c9dd6e38bc1:c4171, 9193e3b7-ae04-484d-a740-c65c11559486:c4171]
2019-08-24 07:08:42,426 [grpc-default-executor-2] INFO  client.GrpcClientProtocolClient (GrpcClientProtocolClient.java:onNext(255)) - client-6EDD19400D46->06a4573b-67a1-41e3-a350-f896363bc636: receive RaftClientReply:client-6EDD19400D46->06a4573b-67a1-41e3-a350-f896363bc636@group-757E3781CD2A, cid=2803, SUCCESS, logIndex=4175, commits[06a4573b-67a1-41e3-a350-f896363bc636:c4175, 0b725bbf-683b-4664-9a2e-3c9dd6e38bc1:c4171, 9193e3b7-ae04-484d-a740-c65c11559486:c4171]
2019-08-24 07:08:42,427 | INFO  | DNAudit | user=null | ip=null | op=WRITE_CHUNK {blockData=conID: 1 locID: 102670697915679343 bcsId: 0} | ret=SUCCESS |  
2019-08-24 07:08:42,427 | INFO  | DNAudit | user=null | ip=null | op=PUT_BLOCK {blockData=[blockId=conID: 1 locID: 102670697915679343 bcsId: 0,size=1048576]} | ret=SUCCESS |  
2019-08-24 07:08:42,437 | INFO  | DNAudit | user=null | ip=null | op=WRITE_CHUNK {blockData=conID: 1 locID: 102670697915679343 bcsId: 0} | ret=SUCCESS |  
2019-08-24 07:08:42,438 | INFO  | DNAudit | user=null | ip=null | op=PUT_BLOCK {blockData=[blockId=conID: 1 locID: 102670697915679343 bcsId: 0,size=1048576]} | ret=SUCCESS |  
2019-08-24 07:08:42,438 [grpc-default-executor-2] INFO  client.GrpcClientProtocolClient (GrpcClientProtocolClient.java:onNext(255)) - client-6EDD19400D46->06a4573b-67a1-41e3-a350-f896363bc636: receive RaftClientReply:client-6EDD19400D46->06a4573b-67a1-41e3-a350-f896363bc636@group-757E3781CD2A, cid=2804, SUCCESS, logIndex=0, commits[06a4573b-67a1-41e3-a350-f896363bc636:c4176, 0b725bbf-683b-4664-9a2e-3c9dd6e38bc1:c4173, 9193e3b7-ae04-484d-a740-c65c11559486:c4173]
2019-08-24 07:08:42,439 | INFO  | DNAudit | user=null | ip=null | op=WRITE_CHUNK {blockData=conID: 1 locID: 102670697915679343 bcsId: 0} | ret=SUCCESS |  
2019-08-24 07:08:42,439 | INFO  | DNAudit | user=null | ip=null | op=PUT_BLOCK {blockData=[blockId=conID: 1 locID: 102670697915679343 bcsId: 0,size=2097152]} | ret=SUCCESS |  
2019-08-24 07:08:42,447 | INFO  | DNAudit | user=null | ip=null | op=WRITE_CHUNK {blockData=conID: 1 locID: 102670697915679343 bcsId: 4175} | ret=SUCCESS |  
2019-08-24 07:08:42,450 | INFO  | DNAudit | user=null | ip=null | op=WRITE_CHUNK {blockData=conID: 1 locID: 102670697915679343 bcsId: 0} | ret=SUCCESS |  
2019-08-24 07:08:42,451 | INFO  | DNAudit | user=null | ip=null | op=PUT_BLOCK {blockData=[blockId=conID: 1 locID: 102670697915679343 bcsId: 0,size=2097152]} | ret=SUCCESS |  
2019-08-24 07:08:42,451 | INFO  | DNAudit | user=null | ip=null | op=WRITE_CHUNK {blockData=conID: 1 locID: 102670697915679343 bcsId: 4175} | ret=SUCCESS |  
2019-08-24 07:08:42,451 | INFO  | DNAudit | user=null | ip=null | op=WRITE_CHUNK {blockData=conID: 1 locID: 102670697915679343 bcsId: 4175} | ret=SUCCESS |  
2019-08-24 07:08:42,453 | INFO  | DNAudit | user=null | ip=null | op=WRITE_CHUNK {blockData=conID: 1 locID: 102670697915679343 bcsId: 4175} | ret=SUCCESS |  
2019-08-24 07:08:42,453 | INFO  | DNAudit | user=null | ip=null | op=PUT_BLOCK {blockData=[blockId=conID: 1 locID: 102670697915679343 bcsId: 0,size=3145728]} | ret=SUCCESS |  
2019-08-24 07:08:42,453 [grpc-default-executor-2] INFO  client.GrpcClientProtocolClient (GrpcClientProtocolClient.java:onNext(255)) - client-6EDD19400D46->06a4573b-67a1-41e3-a350-f896363bc636: receive RaftClientReply:client-6EDD19400D46->06a4573b-67a1-41e3-a350-f896363bc636@group-757E3781CD2A, cid=2805, SUCCESS, logIndex=4179, commits[06a4573b-67a1-41e3-a350-f896363bc636:c4180, 0b725bbf-683b-4664-9a2e-3c9dd6e38bc1:c4177, 9193e3b7-ae04-484d-a740-c65c11559486:c4177]
2019-08-24 07:08:42,454 [grpc-default-executor-2] INFO  client.GrpcClientProtocolClient (GrpcClientProtocolClient.java:onNext(255)) - client-6EDD19400D46->06a4573b-67a1-41e3-a350-f896363bc636: receive RaftClientReply:client-6EDD19400D46->06a4573b-67a1-41e3-a350-f896363bc636@group-757E3781CD2A, cid=2806, SUCCESS, logIndex=4180, commits[06a4573b-67a1-41e3-a350-f896363bc636:c4180, 0b725bbf-683b-4664-9a2e-3c9dd6e38bc1:c4177, 9193e3b7-ae04-484d-a740-c65c11559486:c4177]
2019-08-24 07:08:42,455 | INFO  | DNAudit | user=null | ip=null | op=WRITE_CHUNK {blockData=conID: 1 locID: 102670697915679343 bcsId: 4175} | ret=SUCCESS |  
2019-08-24 07:08:42,456 | INFO  | DNAudit | user=null | ip=null | op=WRITE_CHUNK {blockData=conID: 1 locID: 102670697915679343 bcsId: 4175} | ret=SUCCESS |  
2019-08-24 07:08:42,456 | INFO  | DNAudit | user=null | ip=null | op=PUT_BLOCK {blockData=[blockId=conID: 1 locID: 102670697915679343 bcsId: 0,size=3145728]} | ret=SUCCESS |  
2019-08-24 07:08:42,456 | INFO  | DNAudit | user=null | ip=null | op=PUT_BLOCK {blockData=[blockId=conID: 1 locID: 102670697915679343 bcsId: 0,size=3145728]} | ret=SUCCESS |  
2019-08-24 07:08:42,463 | INFO  | DNAudit | user=null | ip=null | op=WRITE_CHUNK {blockData=conID: 1 locID: 102670697915679343 bcsId: 4180} | ret=SUCCESS |  
2019-08-24 07:08:42,466 | INFO  | DNAudit | user=null | ip=null | op=WRITE_CHUNK {blockData=conID: 1 locID: 102670697915679343 bcsId: 4180} | ret=SUCCESS |  
2019-08-24 07:08:42,467 | INFO  | DNAudit | user=null | ip=null | op=WRITE_CHUNK {blockData=conID: 1 locID: 102670697915679343 bcsId: 4180} | ret=SUCCESS |  
2019-08-24 07:08:42,482 | INFO  | DNAudit | user=null | ip=null | op=WRITE_CHUNK {blockData=conID: 1 locID: 102670697915679343 bcsId: 4180} | ret=SUCCESS |  
2019-08-24 07:08:42,482 | INFO  | DNAudit | user=null | ip=null | op=PUT_BLOCK {blockData=[blockId=conID: 1 locID: 102670697915679343 bcsId: 0,size=4194304]} | ret=SUCCESS |  
2019-08-24 07:08:42,483 [grpc-default-executor-0] INFO  client.GrpcClientProtocolClient (GrpcClientProtocolClient.java:onNext(255)) - client-6EDD19400D46->06a4573b-67a1-41e3-a350-f896363bc636: receive RaftClientReply:client-6EDD19400D46->06a4573b-67a1-41e3-a350-f896363bc636@group-757E3781CD2A, cid=2807, SUCCESS, logIndex=4183, commits[06a4573b-67a1-41e3-a350-f896363bc636:c4184, 0b725bbf-683b-4664-9a2e-3c9dd6e38bc1:c4181, 9193e3b7-ae04-484d-a740-c65c11559486:c4181]
2019-08-24 07:08:42,483 [grpc-default-executor-0] INFO  client.GrpcClientProtocolClient (GrpcClientProtocolClient.java:onNext(255)) - client-6EDD19400D46->06a4573b-67a1-41e3-a350-f896363bc636: receive RaftClientReply:client-6EDD19400D46->06a4573b-67a1-41e3-a350-f896363bc636@group-757E3781CD2A, cid=2808, SUCCESS, logIndex=4184, commits[06a4573b-67a1-41e3-a350-f896363bc636:c4184, 0b725bbf-683b-4664-9a2e-3c9dd6e38bc1:c4181, 9193e3b7-ae04-484d-a740-c65c11559486:c4181]
2019-08-24 07:08:42,498 | INFO  | DNAudit | user=null | ip=null | op=WRITE_CHUNK {blockData=conID: 1 locID: 102670697915679343 bcsId: 4180} | ret=SUCCESS |  
2019-08-24 07:08:42,498 | INFO  | DNAudit | user=null | ip=null | op=WRITE_CHUNK {blockData=conID: 1 locID: 102670697915679343 bcsId: 4180} | ret=SUCCESS |  
2019-08-24 07:08:42,509 | INFO  | DNAudit | user=null | ip=null | op=PUT_BLOCK {blockData=[blockId=conID: 1 locID: 102670697915679343 bcsId: 0,size=4194304]} | ret=SUCCESS |  
2019-08-24 07:08:42,509 | INFO  | DNAudit | user=null | ip=null | op=PUT_BLOCK {blockData=[blockId=conID: 1 locID: 102670697915679343 bcsId: 0,size=4194304]} | ret=SUCCESS |  
2019-08-24 07:08:42,510 [grpc-default-executor-0] INFO  client.GrpcClientProtocolClient (GrpcClientProtocolClient.java:onNext(255)) - client-6EDD19400D46->06a4573b-67a1-41e3-a350-f896363bc636: receive RaftClientReply:client-6EDD19400D46->06a4573b-67a1-41e3-a350-f896363bc636@group-757E3781CD2A, cid=2809, SUCCESS, logIndex=0, commits[06a4573b-67a1-41e3-a350-f896363bc636:c4186, 0b725bbf-683b-4664-9a2e-3c9dd6e38bc1:c4184, 9193e3b7-ae04-484d-a740-c65c11559486:c4184]
2019-08-24 07:08:42,518 | INFO  | SCMAudit | user=jenkins1000 | ip=192.168.69.125 | op=ALLOCATE_BLOCK {owner=61bacca8-15b6-4a50-8962-5e9786b18b0d, size=4194304, type=RATIS, factor=THREE} | ret=SUCCESS |  
2019-08-24 07:08:42,523 | INFO  | OMAudit | user=jenkins1000 | ip=127.0.0.1 | op=ALLOCATE_BLOCK {volume=vol-0-26988, bucket=bucket-0-20739, key=key-0-27353, dataSize=0, replicationType=null, replicationFactor=null, keyLocationInfo=null, clientID=102670695851229586} | ret=SUCCESS |  
 0.00% |█                                                                                                    |  0/1 Time: 0:00:312019-08-24 07:08:42,729 | INFO  | SCMAudit | user=jenkins1000 | ip=192.168.69.125 | op=SEND_HEARTBEAT {datanodeUUID=0b725bbf-683b-4664-9a2e-3c9dd6e38bc1, command=[]} | ret=SUCCESS |  
2019-08-24 07:08:42,729 | INFO  | SCMAudit | user=jenkins1000 | ip=192.168.69.125 | op=SEND_HEARTBEAT {datanodeUUID=9193e3b7-ae04-484d-a740-c65c11559486, command=[]} | ret=SUCCESS |  
2019-08-24 07:08:42,729 | INFO  | SCMAudit | user=jenkins1000 | ip=192.168.69.125 | op=SEND_HEARTBEAT {datanodeUUID=25ce0803-6f34-4c69-82c0-892f08679042, command=[]} | ret=SUCCESS |  
2019-08-24 07:08:42,729 | INFO  | SCMAudit | user=jenkins1000 | ip=192.168.69.125 | op=SEND_HEARTBEAT {datanodeUUID=06a4573b-67a1-41e3-a350-f896363bc636, command=[]} | ret=SUCCESS |  
2019-08-24 07:08:42,729 | INFO  | SCMAudit | user=jenkins1000 | ip=192.168.69.125 | op=SEND_HEARTBEAT {datanodeUUID=b8548da6-9cc6-46be-8dd4-5219531f5960, command=[]} | ret=SUCCESS |  
2019-08-24 07:08:42,734 | INFO  | DNAudit | user=null | ip=null | op=WRITE_CHUNK {blockData=conID: 2 locID: 102670697923740272 bcsId: 0} | ret=SUCCESS |  
2019-08-24 07:08:42,738 | INFO  | DNAudit | user=null | ip=null | op=WRITE_CHUNK {blockData=conID: 2 locID: 102670697923740272 bcsId: 0} | ret=SUCCESS |  
2019-08-24 07:08:42,738 | INFO  | DNAudit | user=null | ip=null | op=WRITE_CHUNK {blockData=conID: 2 locID: 102670697923740272 bcsId: 0} | ret=SUCCESS |  
2019-08-24 07:08:42,739 | INFO  | DNAudit | user=null | ip=null | op=WRITE_CHUNK {blockData=conID: 2 locID: 102670697923740272 bcsId: 0} | ret=SUCCESS |  
2019-08-24 07:08:42,741 | INFO  | DNAudit | user=null | ip=null | op=WRITE_CHUNK {blockData=conID: 2 locID: 102670697923740272 bcsId: 0} | ret=SUCCESS |  
2019-08-24 07:08:42,741 | INFO  | DNAudit | user=null | ip=null | op=WRITE_CHUNK {blockData=conID: 2 locID: 102670697923740272 bcsId: 0} | ret=SUCCESS |  
2019-08-24 07:08:42,747 | INFO  | DNAudit | user=null | ip=null | op=WRITE_CHUNK {blockData=conID: 2 locID: 102670697923740272 bcsId: 0} | ret=SUCCESS |  
2019-08-24 07:08:42,748 | INFO  | DNAudit | user=null | ip=null | op=PUT_BLOCK {blockData=[blockId=conID: 2 locID: 102670697923740272 bcsId: 0,size=1048576]} | ret=SUCCESS |  
2019-08-24 07:08:42,748 | INFO  | DNAudit | user=null | ip=null | op=WRITE_CHUNK {blockData=conID: 2 locID: 102670697923740272 bcsId: 0} | ret=SUCCESS |  
2019-08-24 07:08:42,748 [grpc-default-executor-1] INFO  client.GrpcClientProtocolClient (GrpcClientProtocolClient.java:onNext(255)) - client-6EDD19400D46->06a4573b-67a1-41e3-a350-f896363bc636: receive RaftClientReply:client-6EDD19400D46->06a4573b-67a1-41e3-a350-f896363bc636@group-757E3781CD2A, cid=2810, SUCCESS, logIndex=4187, commits[06a4573b-67a1-41e3-a350-f896363bc636:c4189, 0b725bbf-683b-4664-9a2e-3c9dd6e38bc1:c4186, 9193e3b7-ae04-484d-a740-c65c11559486:c4186]
2019-08-24 07:08:42,749 | INFO  | DNAudit | user=null | ip=null | op=PUT_BLOCK {blockData=[blockId=conID: 2 locID: 102670697923740272 bcsId: 0,size=2097152]} | ret=SUCCESS |  
2019-08-24 07:08:42,749 [grpc-default-executor-1] INFO  client.GrpcClientProtocolClient (GrpcClientProtocolClient.java:onNext(255)) - client-6EDD19400D46->06a4573b-67a1-41e3-a350-f896363bc636: receive RaftClientReply:client-6EDD19400D46->06a4573b-67a1-41e3-a350-f896363bc636@group-757E3781CD2A, cid=2811, SUCCESS, logIndex=4188, commits[06a4573b-67a1-41e3-a350-f896363bc636:c4190, 0b725bbf-683b-4664-9a2e-3c9dd6e38bc1:c4186, 9193e3b7-ae04-484d-a740-c65c11559486:c4186]
2019-08-24 07:08:42,749 [grpc-default-executor-1] INFO  client.GrpcClientProtocolClient (GrpcClientProtocolClient.java:onNext(255)) - client-6EDD19400D46->06a4573b-67a1-41e3-a350-f896363bc636: receive RaftClientReply:client-6EDD19400D46->06a4573b-67a1-41e3-a350-f896363bc636@group-757E3781CD2A, cid=2812, SUCCESS, logIndex=4189, commits[06a4573b-67a1-41e3-a350-f896363bc636:c4190, 0b725bbf-683b-4664-9a2e-3c9dd6e38bc1:c4186, 9193e3b7-ae04-484d-a740-c65c11559486:c4186]
2019-08-24 07:08:42,750 [grpc-default-executor-1] INFO  client.GrpcClientProtocolClient (GrpcClientProtocolClient.java:onNext(255)) - client-6EDD19400D46->06a4573b-67a1-41e3-a350-f896363bc636: receive RaftClientReply:client-6EDD19400D46->06a4573b-67a1-41e3-a350-f896363bc636@group-757E3781CD2A, cid=2813, SUCCESS, logIndex=4190, commits[06a4573b-67a1-41e3-a350-f896363bc636:c4190, 0b725bbf-683b-4664-9a2e-3c9dd6e38bc1:c4186, 9193e3b7-ae04-484d-a740-c65c11559486:c4186]
2019-08-24 07:08:42,759 | INFO  | DNAudit | user=null | ip=null | op=WRITE_CHUNK {blockData=conID: 2 locID: 102670697923740272 bcsId: 0} | ret=SUCCESS |  
2019-08-24 07:08:42,759 | INFO  | DNAudit | user=null | ip=null | op=WRITE_CHUNK {blockData=conID: 2 locID: 102670697923740272 bcsId: 0} | ret=SUCCESS |  
2019-08-24 07:08:42,760 | INFO  | DNAudit | user=null | ip=null | op=PUT_BLOCK {blockData=[blockId=conID: 2 locID: 102670697923740272 bcsId: 0,size=1048576]} | ret=SUCCESS |  
2019-08-24 07:08:42,760 | INFO  | DNAudit | user=null | ip=null | op=WRITE_CHUNK {blockData=conID: 2 locID: 102670697923740272 bcsId: 0} | ret=SUCCESS |  
2019-08-24 07:08:42,762 | INFO  | DNAudit | user=null | ip=null | op=PUT_BLOCK {blockData=[blockId=conID: 2 locID: 102670697923740272 bcsId: 0,size=1048576]} | ret=SUCCESS |  
2019-08-24 07:08:42,762 | INFO  | DNAudit | user=null | ip=null | op=WRITE_CHUNK {blockData=conID: 2 locID: 102670697923740272 bcsId: 0} | ret=SUCCESS |  
2019-08-24 07:08:42,763 | INFO  | DNAudit | user=null | ip=null | op=PUT_BLOCK {blockData=[blockId=conID: 2 locID: 102670697923740272 bcsId: 0,size=2097152]} | ret=SUCCESS |  
2019-08-24 07:08:42,763 [grpc-default-executor-1] INFO  client.GrpcClientProtocolClient (GrpcClientProtocolClient.java:onNext(255)) - client-6EDD19400D46->06a4573b-67a1-41e3-a350-f896363bc636: receive RaftClientReply:client-6EDD19400D46->06a4573b-67a1-41e3-a350-f896363bc636@group-757E3781CD2A, cid=2814, SUCCESS, logIndex=0, commits[06a4573b-67a1-41e3-a350-f896363bc636:c4193, 0b725bbf-683b-4664-9a2e-3c9dd6e38bc1:c4189, 9193e3b7-ae04-484d-a740-c65c11559486:c4188]
2019-08-24 07:08:42,772 | INFO  | DNAudit | user=null | ip=null | op=WRITE_CHUNK {blockData=conID: 2 locID: 102670697923740272 bcsId: 4190} | ret=SUCCESS |  
2019-08-24 07:08:42,773 | INFO  | DNAudit | user=null | ip=null | op=PUT_BLOCK {blockData=[blockId=conID: 2 locID: 102670697923740272 bcsId: 0,size=2097152]} | ret=SUCCESS |  
2019-08-24 07:08:42,775 | INFO  | DNAudit | user=null | ip=null | op=WRITE_CHUNK {blockData=conID: 2 locID: 102670697923740272 bcsId: 4190} | ret=SUCCESS |  
2019-08-24 07:08:42,776 | INFO  | DNAudit | user=null | ip=null | op=WRITE_CHUNK {blockData=conID: 2 locID: 102670697923740272 bcsId: 4190} | ret=SUCCESS |  
2019-08-24 07:08:42,788 | INFO  | DNAudit | user=null | ip=null | op=WRITE_CHUNK {blockData=conID: 2 locID: 102670697923740272 bcsId: 4190} | ret=SUCCESS |  
2019-08-24 07:08:42,789 | INFO  | DNAudit | user=null | ip=null | op=PUT_BLOCK {blockData=[blockId=conID: 2 locID: 102670697923740272 bcsId: 0,size=3145728]} | ret=SUCCESS |  
2019-08-24 07:08:42,789 [grpc-default-executor-2] INFO  client.GrpcClientProtocolClient (GrpcClientProtocolClient.java:onNext(255)) - client-6EDD19400D46->06a4573b-67a1-41e3-a350-f896363bc636: receive RaftClientReply:client-6EDD19400D46->06a4573b-67a1-41e3-a350-f896363bc636@group-757E3781CD2A, cid=2815, SUCCESS, logIndex=4195, commits[06a4573b-67a1-41e3-a350-f896363bc636:c4196, 0b725bbf-683b-4664-9a2e-3c9dd6e38bc1:c4194, 9193e3b7-ae04-484d-a740-c65c11559486:c4194]
2019-08-24 07:08:42,789 [grpc-default-executor-2] INFO  client.GrpcClientProtocolClient (GrpcClientProtocolClient.java:onNext(255)) - client-6EDD19400D46->06a4573b-67a1-41e3-a350-f896363bc636: receive RaftClientReply:client-6EDD19400D46->06a4573b-67a1-41e3-a350-f896363bc636@group-757E3781CD2A, cid=2816, SUCCESS, logIndex=4196, commits[06a4573b-67a1-41e3-a350-f896363bc636:c4196, 0b725bbf-683b-4664-9a2e-3c9dd6e38bc1:c4194, 9193e3b7-ae04-484d-a740-c65c11559486:c4194]
2019-08-24 07:08:42,799 | INFO  | DNAudit | user=null | ip=null | op=WRITE_CHUNK {blockData=conID: 2 locID: 102670697923740272 bcsId: 4196} | ret=SUCCESS |  
2019-08-24 07:08:42,802 | INFO  | DNAudit | user=null | ip=null | op=WRITE_CHUNK {blockData=conID: 2 locID: 102670697923740272 bcsId: 4190} | ret=SUCCESS |  
2019-08-24 07:08:42,802 | INFO  | DNAudit | user=null | ip=null | op=PUT_BLOCK {blockData=[blockId=conID: 2 locID: 102670697923740272 bcsId: 0,size=3145728]} | ret=SUCCESS |  
2019-08-24 07:08:42,802 | INFO  | DNAudit | user=null | ip=null | op=WRITE_CHUNK {blockData=conID: 2 locID: 102670697923740272 bcsId: 4196} | ret=SUCCESS |  
2019-08-24 07:08:42,803 | INFO  | DNAudit | user=null | ip=null | op=WRITE_CHUNK {blockData=conID: 2 locID: 102670697923740272 bcsId: 4196} | ret=SUCCESS |  
2019-08-24 07:08:42,803 | INFO  | DNAudit | user=null | ip=null | op=WRITE_CHUNK {blockData=conID: 2 locID: 102670697923740272 bcsId: 4190} | ret=SUCCESS |  
2019-08-24 07:08:42,815 | INFO  | DNAudit | user=null | ip=null | op=WRITE_CHUNK {blockData=conID: 2 locID: 102670697923740272 bcsId: 4196} | ret=SUCCESS |  
2019-08-24 07:08:42,815 | INFO  | DNAudit | user=null | ip=null | op=PUT_BLOCK {blockData=[blockId=conID: 2 locID: 102670697923740272 bcsId: 0,size=3145728]} | ret=SUCCESS |  
2019-08-24 07:08:42,816 | INFO  | DNAudit | user=null | ip=null | op=PUT_BLOCK {blockData=[blockId=conID: 2 locID: 102670697923740272 bcsId: 0,size=4194304]} | ret=SUCCESS |  
2019-08-24 07:08:42,817 [grpc-default-executor-0] INFO  client.GrpcClientProtocolClient (GrpcClientProtocolClient.java:onNext(255)) - client-6EDD19400D46->06a4573b-67a1-41e3-a350-f896363bc636: receive RaftClientReply:client-6EDD19400D46->06a4573b-67a1-41e3-a350-f896363bc636@group-757E3781CD2A, cid=2817, SUCCESS, logIndex=4199, commits[06a4573b-67a1-41e3-a350-f896363bc636:c4200, 0b725bbf-683b-4664-9a2e-3c9dd6e38bc1:c4195, 9193e3b7-ae04-484d-a740-c65c11559486:c4196]
2019-08-24 07:08:42,817 [grpc-default-executor-0] INFO  client.GrpcClientProtocolClient (GrpcClientProtocolClient.java:onNext(255)) - client-6EDD19400D46->06a4573b-67a1-41e3-a350-f896363bc636: receive RaftClientReply:client-6EDD19400D46->06a4573b-67a1-41e3-a350-f896363bc636@group-757E3781CD2A, cid=2818, SUCCESS, logIndex=4200, commits[06a4573b-67a1-41e3-a350-f896363bc636:c4200, 0b725bbf-683b-4664-9a2e-3c9dd6e38bc1:c4196, 9193e3b7-ae04-484d-a740-c65c11559486:c4196]
2019-08-24 07:08:42,828 | INFO  | DNAudit | user=null | ip=null | op=WRITE_CHUNK {blockData=conID: 2 locID: 102670697923740272 bcsId: 4196} | ret=SUCCESS |  
2019-08-24 07:08:42,828 | INFO  | DNAudit | user=null | ip=null | op=WRITE_CHUNK {blockData=conID: 2 locID: 102670697923740272 bcsId: 4196} | ret=SUCCESS |  
2019-08-24 07:08:42,829 | INFO  | DNAudit | user=null | ip=null | op=PUT_BLOCK {blockData=[blockId=conID: 2 locID: 102670697923740272 bcsId: 0,size=4194304]} | ret=SUCCESS |  
2019-08-24 07:08:42,829 | INFO  | DNAudit | user=null | ip=null | op=PUT_BLOCK {blockData=[blockId=conID: 2 locID: 102670697923740272 bcsId: 0,size=4194304]} | ret=SUCCESS |  
2019-08-24 07:08:42,829 [grpc-default-executor-0] INFO  client.GrpcClientProtocolClient (GrpcClientProtocolClient.java:onNext(255)) - client-6EDD19400D46->06a4573b-67a1-41e3-a350-f896363bc636: receive RaftClientReply:client-6EDD19400D46->06a4573b-67a1-41e3-a350-f896363bc636@group-757E3781CD2A, cid=2819, SUCCESS, logIndex=0, commits[06a4573b-67a1-41e3-a350-f896363bc636:c4201, 0b725bbf-683b-4664-9a2e-3c9dd6e38bc1:c4200, 9193e3b7-ae04-484d-a740-c65c11559486:c4200]
2019-08-24 07:08:42,836 | INFO  | SCMAudit | user=jenkins1000 | ip=192.168.69.125 | op=ALLOCATE_BLOCK {owner=61bacca8-15b6-4a50-8962-5e9786b18b0d, size=4194304, type=RATIS, factor=THREE} | ret=SUCCESS |  
2019-08-24 07:08:42,841 | INFO  | OMAudit | user=jenkins1000 | ip=127.0.0.1 | op=ALLOCATE_BLOCK {volume=vol-0-26988, bucket=bucket-0-20739, key=key-0-27353, dataSize=0, replicationType=null, replicationFactor=null, keyLocationInfo=null, clientID=102670695851229586} | ret=SUCCESS |  
2019-08-24 07:08:42,850 | INFO  | DNAudit | user=null | ip=null | op=WRITE_CHUNK {blockData=conID: 3 locID: 102670697944580721 bcsId: 0} | ret=SUCCESS |  
2019-08-24 07:08:42,854 | INFO  | DNAudit | user=null | ip=null | op=WRITE_CHUNK {blockData=conID: 3 locID: 102670697944580721 bcsId: 0} | ret=SUCCESS |  
2019-08-24 07:08:42,854 | INFO  | DNAudit | user=null | ip=null | op=WRITE_CHUNK {blockData=conID: 3 locID: 102670697944580721 bcsId: 0} | ret=SUCCESS |  
2019-08-24 07:08:42,855 | INFO  | DNAudit | user=null | ip=null | op=WRITE_CHUNK {blockData=conID: 3 locID: 102670697944580721 bcsId: 0} | ret=SUCCESS |  
2019-08-24 07:08:42,857 | INFO  | DNAudit | user=null | ip=null | op=WRITE_CHUNK {blockData=conID: 3 locID: 102670697944580721 bcsId: 0} | ret=SUCCESS |  
2019-08-24 07:08:42,857 | INFO  | DNAudit | user=null | ip=null | op=WRITE_CHUNK {blockData=conID: 3 locID: 102670697944580721 bcsId: 0} | ret=SUCCESS |  
2019-08-24 07:08:42,870 | INFO  | DNAudit | user=null | ip=null | op=WRITE_CHUNK {blockData=conID: 3 locID: 102670697944580721 bcsId: 0} | ret=SUCCESS |  
2019-08-24 07:08:42,871 | INFO  | DNAudit | user=null | ip=null | op=PUT_BLOCK {blockData=[blockId=conID: 3 locID: 102670697944580721 bcsId: 0,size=1048576]} | ret=SUCCESS |  
2019-08-24 07:08:42,871 | INFO  | DNAudit | user=null | ip=null | op=WRITE_CHUNK {blockData=conID: 3 locID: 102670697944580721 bcsId: 0} | ret=SUCCESS |  
2019-08-24 07:08:42,871 [grpc-default-executor-1] INFO  client.GrpcClientProtocolClient (GrpcClientProtocolClient.java:onNext(255)) - client-6EDD19400D46->06a4573b-67a1-41e3-a350-f896363bc636: receive RaftClientReply:client-6EDD19400D46->06a4573b-67a1-41e3-a350-f896363bc636@group-757E3781CD2A, cid=2820, SUCCESS, logIndex=4203, commits[06a4573b-67a1-41e3-a350-f896363bc636:c4204, 0b725bbf-683b-4664-9a2e-3c9dd6e38bc1:c4202, 9193e3b7-ae04-484d-a740-c65c11559486:c4202]
2019-08-24 07:08:42,871 | INFO  | DNAudit | user=null | ip=null | op=WRITE_CHUNK {blockData=conID: 3 locID: 102670697944580721 bcsId: 0} | ret=SUCCESS |  
2019-08-24 07:08:42,872 | INFO  | DNAudit | user=null | ip=null | op=PUT_BLOCK {blockData=[blockId=conID: 3 locID: 102670697944580721 bcsId: 0,size=2097152]} | ret=SUCCESS |  
2019-08-24 07:08:42,872 [grpc-default-executor-1] INFO  client.GrpcClientProtocolClient (GrpcClientProtocolClient.java:onNext(255)) - client-6EDD19400D46->06a4573b-67a1-41e3-a350-f896363bc636: receive RaftClientReply:client-6EDD19400D46->06a4573b-67a1-41e3-a350-f896363bc636@group-757E3781CD2A, cid=2821, SUCCESS, logIndex=4204, commits[06a4573b-67a1-41e3-a350-f896363bc636:c4206, 0b725bbf-683b-4664-9a2e-3c9dd6e38bc1:c4202, 9193e3b7-ae04-484d-a740-c65c11559486:c4202]
2019-08-24 07:08:42,872 [grpc-default-executor-1] INFO  client.GrpcClientProtocolClient (GrpcClientProtocolClient.java:onNext(255)) - client-6EDD19400D46->06a4573b-67a1-41e3-a350-f896363bc636: receive RaftClientReply:client-6EDD19400D46->06a4573b-67a1-41e3-a350-f896363bc636@group-757E3781CD2A, cid=2822, SUCCESS, logIndex=4205, commits[06a4573b-67a1-41e3-a350-f896363bc636:c4206, 0b725bbf-683b-4664-9a2e-3c9dd6e38bc1:c4203, 9193e3b7-ae04-484d-a740-c65c11559486:c4202]
2019-08-24 07:08:42,873 [grpc-default-executor-1] INFO  client.GrpcClientProtocolClient (GrpcClientProtocolClient.java:onNext(255)) - client-6EDD19400D46->06a4573b-67a1-41e3-a350-f896363bc636: receive RaftClientReply:client-6EDD19400D46->06a4573b-67a1-41e3-a350-f896363bc636@group-757E3781CD2A, cid=2823, SUCCESS, logIndex=4206, commits[06a4573b-67a1-41e3-a350-f896363bc636:c4207, 0b725bbf-683b-4664-9a2e-3c9dd6e38bc1:c4203, 9193e3b7-ae04-484d-a740-c65c11559486:c4202]
2019-08-24 07:08:42,874 | INFO  | DNAudit | user=null | ip=null | op=WRITE_CHUNK {blockData=conID: 3 locID: 102670697944580721 bcsId: 0} | ret=SUCCESS |  
2019-08-24 07:08:42,874 | INFO  | DNAudit | user=null | ip=null | op=PUT_BLOCK {blockData=[blockId=conID: 3 locID: 102670697944580721 bcsId: 0,size=1048576]} | ret=SUCCESS |  
2019-08-24 07:08:42,885 | INFO  | DNAudit | user=null | ip=null | op=PUT_BLOCK {blockData=[blockId=conID: 3 locID: 102670697944580721 bcsId: 0,size=1048576]} | ret=SUCCESS |  
2019-08-24 07:08:42,885 | INFO  | DNAudit | user=null | ip=null | op=WRITE_CHUNK {blockData=conID: 3 locID: 102670697944580721 bcsId: 0} | ret=SUCCESS |  
2019-08-24 07:08:42,885 | INFO  | DNAudit | user=null | ip=null | op=WRITE_CHUNK {blockData=conID: 3 locID: 102670697944580721 bcsId: 0} | ret=SUCCESS |  
2019-08-24 07:08:42,885 | INFO  | DNAudit | user=null | ip=null | op=PUT_BLOCK {blockData=[blockId=conID: 3 locID: 102670697944580721 bcsId: 0,size=2097152]} | ret=SUCCESS |  
2019-08-24 07:08:42,885 | INFO  | DNAudit | user=null | ip=null | op=PUT_BLOCK {blockData=[blockId=conID: 3 locID: 102670697944580721 bcsId: 0,size=2097152]} | ret=SUCCESS |  
2019-08-24 07:08:42,885 [grpc-default-executor-1] INFO  client.GrpcClientProtocolClient (GrpcClientProtocolClient.java:onNext(255)) - client-6EDD19400D46->06a4573b-67a1-41e3-a350-f896363bc636: receive RaftClientReply:client-6EDD19400D46->06a4573b-67a1-41e3-a350-f896363bc636@group-757E3781CD2A, cid=2824, SUCCESS, logIndex=0, commits[06a4573b-67a1-41e3-a350-f896363bc636:c4208, 0b725bbf-683b-4664-9a2e-3c9dd6e38bc1:c4204, 9193e3b7-ae04-484d-a740-c65c11559486:c4204]
2019-08-24 07:08:42,895 | INFO  | DNAudit | user=null | ip=null | op=WRITE_CHUNK {blockData=conID: 3 locID: 102670697944580721 bcsId: 4206} | ret=SUCCESS |  
2019-08-24 07:08:42,898 | INFO  | DNAudit | user=null | ip=null | op=WRITE_CHUNK {blockData=conID: 3 locID: 102670697944580721 bcsId: 4206} | ret=SUCCESS |  
2019-08-24 07:08:42,898 | INFO  | DNAudit | user=null | ip=null | op=WRITE_CHUNK {blockData=conID: 3 locID: 102670697944580721 bcsId: 4206} | ret=SUCCESS |  
2019-08-24 07:08:42,907 | INFO  | DNAudit | user=null | ip=null | op=WRITE_CHUNK {blockData=conID: 3 locID: 102670697944580721 bcsId: 4206} | ret=SUCCESS |  
2019-08-24 07:08:42,908 | INFO  | DNAudit | user=null | ip=null | op=PUT_BLOCK {blockData=[blockId=conID: 3 locID: 102670697944580721 bcsId: 0,size=3145728]} | ret=SUCCESS |  
2019-08-24 07:08:42,908 [grpc-default-executor-0] INFO  client.GrpcClientProtocolClient (GrpcClientProtocolClient.java:onNext(255)) - client-6EDD19400D46->06a4573b-67a1-41e3-a350-f896363bc636: receive RaftClientReply:client-6EDD19400D46->06a4573b-67a1-41e3-a350-f896363bc636@group-757E3781CD2A, cid=2825, SUCCESS, logIndex=4210, commits[06a4573b-67a1-41e3-a350-f896363bc636:c4211, 0b725bbf-683b-4664-9a2e-3c9dd6e38bc1:c4209, 9193e3b7-ae04-484d-a740-c65c11559486:c4209]
2019-08-24 07:08:42,908 [grpc-default-executor-0] INFO  client.GrpcClientProtocolClient (GrpcClientProtocolClient.java:onNext(255)) - client-6EDD19400D46->06a4573b-67a1-41e3-a350-f896363bc636: receive RaftClientReply:client-6EDD19400D46->06a4573b-67a1-41e3-a350-f896363bc636@group-757E3781CD2A, cid=2826, SUCCESS, logIndex=4211, commits[06a4573b-67a1-41e3-a350-f896363bc636:c4211, 0b725bbf-683b-4664-9a2e-3c9dd6e38bc1:c4209, 9193e3b7-ae04-484d-a740-c65c11559486:c4209]
2019-08-24 07:08:42,917 | INFO  | DNAudit | user=null | ip=null | op=WRITE_CHUNK {blockData=conID: 3 locID: 102670697944580721 bcsId: 4211} | ret=SUCCESS |  
2019-08-24 07:08:42,919 | INFO  | DNAudit | user=null | ip=null | op=WRITE_CHUNK {blockData=conID: 3 locID: 102670697944580721 bcsId: 4206} | ret=SUCCESS |  
2019-08-24 07:08:42,920 | INFO  | DNAudit | user=null | ip=null | op=WRITE_CHUNK {blockData=conID: 3 locID: 102670697944580721 bcsId: 4206} | ret=SUCCESS |  
2019-08-24 07:08:42,921 | INFO  | DNAudit | user=null | ip=null | op=WRITE_CHUNK {blockData=conID: 3 locID: 102670697944580721 bcsId: 4211} | ret=SUCCESS |  
2019-08-24 07:08:42,921 | INFO  | DNAudit | user=null | ip=null | op=WRITE_CHUNK {blockData=conID: 3 locID: 102670697944580721 bcsId: 4211} | ret=SUCCESS |  
2019-08-24 07:08:42,932 | INFO  | DNAudit | user=null | ip=null | op=PUT_BLOCK {blockData=[blockId=conID: 3 locID: 102670697944580721 bcsId: 0,size=3145728]} | ret=SUCCESS |  
2019-08-24 07:08:42,932 | INFO  | DNAudit | user=null | ip=null | op=WRITE_CHUNK {blockData=conID: 3 locID: 102670697944580721 bcsId: 4211} | ret=SUCCESS |  
2019-08-24 07:08:42,933 | INFO  | DNAudit | user=null | ip=null | op=PUT_BLOCK {blockData=[blockId=conID: 3 locID: 102670697944580721 bcsId: 0,size=3145728]} | ret=SUCCESS |  
2019-08-24 07:08:42,933 | INFO  | DNAudit | user=null | ip=null | op=PUT_BLOCK {blockData=[blockId=conID: 3 locID: 102670697944580721 bcsId: 0,size=4194304]} | ret=SUCCESS |  
2019-08-24 07:08:42,933 [grpc-default-executor-5] INFO  client.GrpcClientProtocolClient (GrpcClientProtocolClient.java:onNext(255)) - client-6EDD19400D46->06a4573b-67a1-41e3-a350-f896363bc636: receive RaftClientReply:client-6EDD19400D46->06a4573b-67a1-41e3-a350-f896363bc636@group-757E3781CD2A, cid=2827, SUCCESS, logIndex=4214, commits[06a4573b-67a1-41e3-a350-f896363bc636:c4214, 0b725bbf-683b-4664-9a2e-3c9dd6e38bc1:c4211, 9193e3b7-ae04-484d-a740-c65c11559486:c4211]
2019-08-24 07:08:42,934 [grpc-default-executor-5] INFO  client.GrpcClientProtocolClient (GrpcClientProtocolClient.java:onNext(255)) - client-6EDD19400D46->06a4573b-67a1-41e3-a350-f896363bc636: receive RaftClientReply:client-6EDD19400D46->06a4573b-67a1-41e3-a350-f896363bc636@group-757E3781CD2A, cid=2828, SUCCESS, logIndex=4215, commits[06a4573b-67a1-41e3-a350-f896363bc636:c4215, 0b725bbf-683b-4664-9a2e-3c9dd6e38bc1:c4211, 9193e3b7-ae04-484d-a740-c65c11559486:c4211]
2019-08-24 07:08:42,935 | INFO  | DNAudit | user=null | ip=null | op=WRITE_CHUNK {blockData=conID: 3 locID: 102670697944580721 bcsId: 4211} | ret=SUCCESS |  
2019-08-24 07:08:42,935 | INFO  | DNAudit | user=null | ip=null | op=WRITE_CHUNK {blockData=conID: 3 locID: 102670697944580721 bcsId: 4211} | ret=SUCCESS |  
2019-08-24 07:08:42,935 | INFO  | DNAudit | user=null | ip=null | op=PUT_BLOCK {blockData=[blockId=conID: 3 locID: 102670697944580721 bcsId: 0,size=4194304]} | ret=SUCCESS |  
2019-08-24 07:08:42,935 | INFO  | DNAudit | user=null | ip=null | op=PUT_BLOCK {blockData=[blockId=conID: 3 locID: 102670697944580721 bcsId: 0,size=4194304]} | ret=SUCCESS |  
2019-08-24 07:08:42,936 [grpc-default-executor-5] INFO  client.GrpcClientProtocolClient (GrpcClientProtocolClient.java:onNext(255)) - client-6EDD19400D46->06a4573b-67a1-41e3-a350-f896363bc636: receive RaftClientReply:client-6EDD19400D46->06a4573b-67a1-41e3-a350-f896363bc636@group-757E3781CD2A, cid=2829, SUCCESS, logIndex=0, commits[06a4573b-67a1-41e3-a350-f896363bc636:c4216, 0b725bbf-683b-4664-9a2e-3c9dd6e38bc1:c4215, 9193e3b7-ae04-484d-a740-c65c11559486:c4215]
2019-08-24 07:08:42,942 | INFO  | SCMAudit | user=jenkins1000 | ip=192.168.69.125 | op=ALLOCATE_BLOCK {owner=61bacca8-15b6-4a50-8962-5e9786b18b0d, size=4194304, type=RATIS, factor=THREE} | ret=SUCCESS |  
2019-08-24 07:08:42,946 | INFO  | OMAudit | user=jenkins1000 | ip=127.0.0.1 | op=ALLOCATE_BLOCK {volume=vol-0-26988, bucket=bucket-0-20739, key=key-0-27353, dataSize=0, replicationType=null, replicationFactor=null, keyLocationInfo=null, clientID=102670695851229586} | ret=SUCCESS |  
2019-08-24 07:08:42,955 | INFO  | DNAudit | user=null | ip=null | op=WRITE_CHUNK {blockData=conID: 1 locID: 102670697951527538 bcsId: 0} | ret=SUCCESS |  
2019-08-24 07:08:42,958 | INFO  | DNAudit | user=null | ip=null | op=WRITE_CHUNK {blockData=conID: 1 locID: 102670697951527538 bcsId: 0} | ret=SUCCESS |  
2019-08-24 07:08:42,959 | INFO  | DNAudit | user=null | ip=null | op=WRITE_CHUNK {blockData=conID: 1 locID: 102670697951527538 bcsId: 0} | ret=SUCCESS |  
2019-08-24 07:08:42,959 | INFO  | DNAudit | user=null | ip=null | op=WRITE_CHUNK {blockData=conID: 1 locID: 102670697951527538 bcsId: 0} | ret=SUCCESS |  
2019-08-24 07:08:42,961 | INFO  | DNAudit | user=null | ip=null | op=WRITE_CHUNK {blockData=conID: 1 locID: 102670697951527538 bcsId: 0} | ret=SUCCESS |  
2019-08-24 07:08:42,961 | INFO  | DNAudit | user=null | ip=null | op=WRITE_CHUNK {blockData=conID: 1 locID: 102670697951527538 bcsId: 0} | ret=SUCCESS |  
2019-08-24 07:08:42,969 | INFO  | DNAudit | user=null | ip=null | op=WRITE_CHUNK {blockData=conID: 1 locID: 102670697951527538 bcsId: 0} | ret=SUCCESS |  
2019-08-24 07:08:42,970 | INFO  | DNAudit | user=null | ip=null | op=PUT_BLOCK {blockData=[blockId=conID: 1 locID: 102670697951527538 bcsId: 0,size=1048576]} | ret=SUCCESS |  
2019-08-24 07:08:42,970 [grpc-default-executor-5] INFO  client.GrpcClientProtocolClient (GrpcClientProtocolClient.java:onNext(255)) - client-6EDD19400D46->06a4573b-67a1-41e3-a350-f896363bc636: receive RaftClientReply:client-6EDD19400D46->06a4573b-67a1-41e3-a350-f896363bc636@group-757E3781CD2A, cid=2830, SUCCESS, logIndex=4218, commits[06a4573b-67a1-41e3-a350-f896363bc636:c4219, 0b725bbf-683b-4664-9a2e-3c9dd6e38bc1:c4217, 9193e3b7-ae04-484d-a740-c65c11559486:c4217]
2019-08-24 07:08:42,971 [grpc-default-executor-5] INFO  client.GrpcClientProtocolClient (GrpcClientProtocolClient.java:onNext(255)) - client-6EDD19400D46->06a4573b-67a1-41e3-a350-f896363bc636: receive RaftClientReply:client-6EDD19400D46->06a4573b-67a1-41e3-a350-f896363bc636@group-757E3781CD2A, cid=2831, SUCCESS, logIndex=4219, commits[06a4573b-67a1-41e3-a350-f896363bc636:c4219, 0b725bbf-683b-4664-9a2e-3c9dd6e38bc1:c4217, 9193e3b7-ae04-484d-a740-c65c11559486:c4217]
2019-08-24 07:08:42,979 | INFO  | DNAudit | user=null | ip=null | op=WRITE_CHUNK {blockData=conID: 1 locID: 102670697951527538 bcsId: 0} | ret=SUCCESS |  
2019-08-24 07:08:42,980 | INFO  | DNAudit | user=null | ip=null | op=PUT_BLOCK {blockData=[blockId=conID: 1 locID: 102670697951527538 bcsId: 0,size=2097152]} | ret=SUCCESS |  
2019-08-24 07:08:42,980 | INFO  | DNAudit | user=null | ip=null | op=WRITE_CHUNK {blockData=conID: 1 locID: 102670697951527538 bcsId: 0} | ret=SUCCESS |  
2019-08-24 07:08:42,980 | INFO  | DNAudit | user=null | ip=null | op=WRITE_CHUNK {blockData=conID: 1 locID: 102670697951527538 bcsId: 0} | ret=SUCCESS |  
2019-08-24 07:08:42,980 [grpc-default-executor-5] INFO  client.GrpcClientProtocolClient (GrpcClientProtocolClient.java:onNext(255)) - client-6EDD19400D46->06a4573b-67a1-41e3-a350-f896363bc636: receive RaftClientReply:client-6EDD19400D46->06a4573b-67a1-41e3-a350-f896363bc636@group-757E3781CD2A, cid=2832, SUCCESS, logIndex=4220, commits[06a4573b-67a1-41e3-a350-f896363bc636:c4221, 0b725bbf-683b-4664-9a2e-3c9dd6e38bc1:c4217, 9193e3b7-ae04-484d-a740-c65c11559486:c4217]
2019-08-24 07:08:42,980 | INFO  | DNAudit | user=null | ip=null | op=PUT_BLOCK {blockData=[blockId=conID: 1 locID: 102670697951527538 bcsId: 0,size=1048576]} | ret=SUCCESS |  
2019-08-24 07:08:42,981 | INFO  | DNAudit | user=null | ip=null | op=PUT_BLOCK {blockData=[blockId=conID: 1 locID: 102670697951527538 bcsId: 0,size=1048576]} | ret=SUCCESS |  
2019-08-24 07:08:42,981 [grpc-default-executor-1] INFO  client.GrpcClientProtocolClient (GrpcClientProtocolClient.java:onNext(255)) - client-6EDD19400D46->06a4573b-67a1-41e3-a350-f896363bc636: receive RaftClientReply:client-6EDD19400D46->06a4573b-67a1-41e3-a350-f896363bc636@group-757E3781CD2A, cid=2833, SUCCESS, logIndex=4221, commits[06a4573b-67a1-41e3-a350-f896363bc636:c4221, 0b725bbf-683b-4664-9a2e-3c9dd6e38bc1:c4217, 9193e3b7-ae04-484d-a740-c65c11559486:c4217]
2019-08-24 07:08:42,982 [grpc-default-executor-5] INFO  client.GrpcClientProtocolClient (GrpcClientProtocolClient.java:onNext(255)) - client-6EDD19400D46->06a4573b-67a1-41e3-a350-f896363bc636: receive RaftClientReply:client-6EDD19400D46->06a4573b-67a1-41e3-a350-f896363bc636@group-757E3781CD2A, cid=2834, SUCCESS, logIndex=0, commits[06a4573b-67a1-41e3-a350-f896363bc636:c4225, 0b725bbf-683b-4664-9a2e-3c9dd6e38bc1:c4219, 9193e3b7-ae04-484d-a740-c65c11559486:c4219]
2019-08-24 07:08:42,990 | INFO  | DNAudit | user=null | ip=null | op=WRITE_CHUNK {blockData=conID: 1 locID: 102670697951527538 bcsId: 4221} | ret=SUCCESS |  
2019-08-24 07:08:42,993 | INFO  | DNAudit | user=null | ip=null | op=WRITE_CHUNK {blockData=conID: 1 locID: 102670697951527538 bcsId: 4221} | ret=SUCCESS |  
2019-08-24 07:08:42,994 | INFO  | DNAudit | user=null | ip=null | op=WRITE_CHUNK {blockData=conID: 1 locID: 102670697951527538 bcsId: 4221} | ret=SUCCESS |  
2019-08-24 07:08:43,002 | INFO  | DNAudit | user=null | ip=null | op=WRITE_CHUNK {blockData=conID: 1 locID: 102670697951527538 bcsId: 0} | ret=SUCCESS |  
2019-08-24 07:08:43,002 | INFO  | DNAudit | user=null | ip=null | op=WRITE_CHUNK {blockData=conID: 1 locID: 102670697951527538 bcsId: 0} | ret=SUCCESS |  
2019-08-24 07:08:43,002 | INFO  | DNAudit | user=null | ip=null | op=PUT_BLOCK {blockData=[blockId=conID: 1 locID: 102670697951527538 bcsId: 0,size=2097152]} | ret=SUCCESS |  
2019-08-24 07:08:43,002 | INFO  | DNAudit | user=null | ip=null | op=PUT_BLOCK {blockData=[blockId=conID: 1 locID: 102670697951527538 bcsId: 0,size=2097152]} | ret=SUCCESS |  
2019-08-24 07:08:43,002 | INFO  | DNAudit | user=null | ip=null | op=WRITE_CHUNK {blockData=conID: 1 locID: 102670697951527538 bcsId: 4221} | ret=SUCCESS |  
2019-08-24 07:08:43,003 | INFO  | DNAudit | user=null | ip=null | op=PUT_BLOCK {blockData=[blockId=conID: 1 locID: 102670697951527538 bcsId: 0,size=3145728]} | ret=SUCCESS |  
2019-08-24 07:08:43,003 [grpc-default-executor-1] INFO  client.GrpcClientProtocolClient (GrpcClientProtocolClient.java:onNext(255)) - client-6EDD19400D46->06a4573b-67a1-41e3-a350-f896363bc636: receive RaftClientReply:client-6EDD19400D46->06a4573b-67a1-41e3-a350-f896363bc636@group-757E3781CD2A, cid=2835, SUCCESS, logIndex=4226, commits[06a4573b-67a1-41e3-a350-f896363bc636:c4227, 0b725bbf-683b-4664-9a2e-3c9dd6e38bc1:c4225, 9193e3b7-ae04-484d-a740-c65c11559486:c4225]
2019-08-24 07:08:43,004 [grpc-default-executor-1] INFO  client.GrpcClientProtocolClient (GrpcClientProtocolClient.java:onNext(255)) - client-6EDD19400D46->06a4573b-67a1-41e3-a350-f896363bc636: receive RaftClientReply:client-6EDD19400D46->06a4573b-67a1-41e3-a350-f896363bc636@group-757E3781CD2A, cid=2836, SUCCESS, logIndex=4227, commits[06a4573b-67a1-41e3-a350-f896363bc636:c4227, 0b725bbf-683b-4664-9a2e-3c9dd6e38bc1:c4225, 9193e3b7-ae04-484d-a740-c65c11559486:c4225]
2019-08-24 07:08:43,010 | INFO  | DNAudit | user=null | ip=null | op=WRITE_CHUNK {blockData=conID: 1 locID: 102670697951527538 bcsId: 4227} | ret=SUCCESS |  
2019-08-24 07:08:43,014 | INFO  | DNAudit | user=null | ip=null | op=WRITE_CHUNK {blockData=conID: 1 locID: 102670697951527538 bcsId: 4227} | ret=SUCCESS |  
2019-08-24 07:08:43,014 | INFO  | DNAudit | user=null | ip=null | op=WRITE_CHUNK {blockData=conID: 1 locID: 102670697951527538 bcsId: 4227} | ret=SUCCESS |  
2019-08-24 07:08:43,016 | INFO  | DNAudit | user=null | ip=null | op=WRITE_CHUNK {blockData=conID: 1 locID: 102670697951527538 bcsId: 4221} | ret=SUCCESS |  
2019-08-24 07:08:43,016 | INFO  | DNAudit | user=null | ip=null | op=WRITE_CHUNK {blockData=conID: 1 locID: 102670697951527538 bcsId: 4221} | ret=SUCCESS |  
2019-08-24 07:08:43,029 | INFO  | DNAudit | user=null | ip=null | op=PUT_BLOCK {blockData=[blockId=conID: 1 locID: 102670697951527538 bcsId: 0,size=3145728]} | ret=SUCCESS |  
2019-08-24 07:08:43,029 | INFO  | DNAudit | user=null | ip=null | op=PUT_BLOCK {blockData=[blockId=conID: 1 locID: 102670697951527538 bcsId: 0,size=3145728]} | ret=SUCCESS |  
2019-08-24 07:08:43,030 | INFO  | DNAudit | user=null | ip=null | op=WRITE_CHUNK {blockData=conID: 1 locID: 102670697951527538 bcsId: 4227} | ret=SUCCESS |  
2019-08-24 07:08:43,030 | INFO  | DNAudit | user=null | ip=null | op=PUT_BLOCK {blockData=[blockId=conID: 1 locID: 102670697951527538 bcsId: 0,size=4194304]} | ret=SUCCESS |  
2019-08-24 07:08:43,030 [grpc-default-executor-5] INFO  client.GrpcClientProtocolClient (GrpcClientProtocolClient.java:onNext(255)) - client-6EDD19400D46->06a4573b-67a1-41e3-a350-f896363bc636: receive RaftClientReply:client-6EDD19400D46->06a4573b-67a1-41e3-a350-f896363bc636@group-757E3781CD2A, cid=2837, SUCCESS, logIndex=4230, commits[06a4573b-67a1-41e3-a350-f896363bc636:c4230, 0b725bbf-683b-4664-9a2e-3c9dd6e38bc1:c4227, 9193e3b7-ae04-484d-a740-c65c11559486:c4227]
2019-08-24 07:08:43,031 [grpc-default-executor-5] INFO  client.GrpcClientProtocolClient (GrpcClientProtocolClient.java:onNext(255)) - client-6EDD19400D46->06a4573b-67a1-41e3-a350-f896363bc636: receive RaftClientReply:client-6EDD19400D46->06a4573b-67a1-41e3-a350-f896363bc636@group-757E3781CD2A, cid=2838, SUCCESS, logIndex=4231, commits[06a4573b-67a1-41e3-a350-f896363bc636:c4231, 0b725bbf-683b-4664-9a2e-3c9dd6e38bc1:c4227, 9193e3b7-ae04-484d-a740-c65c11559486:c4227]
2019-08-24 07:08:43,043 | INFO  | DNAudit | user=null | ip=null | op=WRITE_CHUNK {blockData=conID: 1 locID: 102670697951527538 bcsId: 4227} | ret=SUCCESS |  
2019-08-24 07:08:43,043 | INFO  | DNAudit | user=null | ip=null | op=WRITE_CHUNK {blockData=conID: 1 locID: 102670697951527538 bcsId: 4227} | ret=SUCCESS |  
2019-08-24 07:08:43,056 | INFO  | DNAudit | user=null | ip=null | op=PUT_BLOCK {blockData=[blockId=conID: 1 locID: 102670697951527538 bcsId: 0,size=4194304]} | ret=SUCCESS |  
2019-08-24 07:08:43,057 | INFO  | DNAudit | user=null | ip=null | op=PUT_BLOCK {blockData=[blockId=conID: 1 locID: 102670697951527538 bcsId: 0,size=4194304]} | ret=SUCCESS |  
2019-08-24 07:08:43,057 [grpc-default-executor-5] INFO  client.GrpcClientProtocolClient (GrpcClientProtocolClient.java:onNext(255)) - client-6EDD19400D46->06a4573b-67a1-41e3-a350-f896363bc636: receive RaftClientReply:client-6EDD19400D46->06a4573b-67a1-41e3-a350-f896363bc636@group-757E3781CD2A, cid=2839, SUCCESS, logIndex=0, commits[06a4573b-67a1-41e3-a350-f896363bc636:c4233, 0b725bbf-683b-4664-9a2e-3c9dd6e38bc1:c4231, 9193e3b7-ae04-484d-a740-c65c11559486:c4231]
2019-08-24 07:08:43,066 | INFO  | SCMAudit | user=jenkins1000 | ip=192.168.69.125 | op=ALLOCATE_BLOCK {owner=61bacca8-15b6-4a50-8962-5e9786b18b0d, size=4194304, type=RATIS, factor=THREE} | ret=SUCCESS |  
2019-08-24 07:08:43,072 | INFO  | OMAudit | user=jenkins1000 | ip=127.0.0.1 | op=ALLOCATE_BLOCK {volume=vol-0-26988, bucket=bucket-0-20739, key=key-0-27353, dataSize=0, replicationType=null, replicationFactor=null, keyLocationInfo=null, clientID=102670695851229586} | ret=SUCCESS |  
2019-08-24 07:08:43,082 | INFO  | DNAudit | user=null | ip=null | op=WRITE_CHUNK {blockData=conID: 2 locID: 102670697959654003 bcsId: 0} | ret=SUCCESS |  
2019-08-24 07:08:43,085 | INFO  | DNAudit | user=null | ip=null | op=WRITE_CHUNK {blockData=conID: 2 locID: 102670697959654003 bcsId: 0} | ret=SUCCESS |  
2019-08-24 07:08:43,085 | INFO  | DNAudit | user=null | ip=null | op=WRITE_CHUNK {blockData=conID: 2 locID: 102670697959654003 bcsId: 0} | ret=SUCCESS |  
2019-08-24 07:08:43,086 | INFO  | DNAudit | user=null | ip=null | op=WRITE_CHUNK {blockData=conID: 2 locID: 102670697959654003 bcsId: 0} | ret=SUCCESS |  
2019-08-24 07:08:43,086 | INFO  | DNAudit | user=null | ip=null | op=WRITE_CHUNK {blockData=conID: 2 locID: 102670697959654003 bcsId: 0} | ret=SUCCESS |  
2019-08-24 07:08:43,088 | INFO  | DNAudit | user=null | ip=null | op=WRITE_CHUNK {blockData=conID: 2 locID: 102670697959654003 bcsId: 0} | ret=SUCCESS |  
2019-08-24 07:08:43,097 | INFO  | DNAudit | user=null | ip=null | op=WRITE_CHUNK {blockData=conID: 2 locID: 102670697959654003 bcsId: 0} | ret=SUCCESS |  
2019-08-24 07:08:43,098 | INFO  | DNAudit | user=null | ip=null | op=PUT_BLOCK {blockData=[blockId=conID: 2 locID: 102670697959654003 bcsId: 0,size=1048576]} | ret=SUCCESS |  
2019-08-24 07:08:43,098 [grpc-default-executor-5] INFO  client.GrpcClientProtocolClient (GrpcClientProtocolClient.java:onNext(255)) - client-6EDD19400D46->06a4573b-67a1-41e3-a350-f896363bc636: receive RaftClientReply:client-6EDD19400D46->06a4573b-67a1-41e3-a350-f896363bc636@group-757E3781CD2A, cid=2840, SUCCESS, logIndex=4234, commits[06a4573b-67a1-41e3-a350-f896363bc636:c4235, 0b725bbf-683b-4664-9a2e-3c9dd6e38bc1:c4233, 9193e3b7-ae04-484d-a740-c65c11559486:c4233]
2019-08-24 07:08:43,099 [grpc-default-executor-5] INFO  client.GrpcClientProtocolClient (GrpcClientProtocolClient.java:onNext(255)) - client-6EDD19400D46->06a4573b-67a1-41e3-a350-f896363bc636: receive RaftClientReply:client-6EDD19400D46->06a4573b-67a1-41e3-a350-f896363bc636@group-757E3781CD2A, cid=2841, SUCCESS, logIndex=4235, commits[06a4573b-67a1-41e3-a350-f896363bc636:c4235, 0b725bbf-683b-4664-9a2e-3c9dd6e38bc1:c4233, 9193e3b7-ae04-484d-a740-c65c11559486:c4233]
2019-08-24 07:08:43,107 | INFO  | DNAudit | user=null | ip=null | op=WRITE_CHUNK {blockData=conID: 2 locID: 102670697959654003 bcsId: 0} | ret=SUCCESS |  
2019-08-24 07:08:43,107 | INFO  | DNAudit | user=null | ip=null | op=PUT_BLOCK {blockData=[blockId=conID: 2 locID: 102670697959654003 bcsId: 0,size=2097152]} | ret=SUCCESS |  
2019-08-24 07:08:43,107 [grpc-default-executor-5] INFO  client.GrpcClientProtocolClient (GrpcClientProtocolClient.java:onNext(255)) - client-6EDD19400D46->06a4573b-67a1-41e3-a350-f896363bc636: receive RaftClientReply:client-6EDD19400D46->06a4573b-67a1-41e3-a350-f896363bc636@group-757E3781CD2A, cid=2842, SUCCESS, logIndex=4236, commits[06a4573b-67a1-41e3-a350-f896363bc636:c4237, 0b725bbf-683b-4664-9a2e-3c9dd6e38bc1:c4233, 9193e3b7-ae04-484d-a740-c65c11559486:c4233]
2019-08-24 07:08:43,108 [grpc-default-executor-5] INFO  client.GrpcClientProtocolClient (GrpcClientProtocolClient.java:onNext(255)) - client-6EDD19400D46->06a4573b-67a1-41e3-a350-f896363bc636: receive RaftClientReply:client-6EDD19400D46->06a4573b-67a1-41e3-a350-f896363bc636@group-757E3781CD2A, cid=2843, SUCCESS, logIndex=4237, commits[06a4573b-67a1-41e3-a350-f896363bc636:c4237, 0b725bbf-683b-4664-9a2e-3c9dd6e38bc1:c4233, 9193e3b7-ae04-484d-a740-c65c11559486:c4233]
2019-08-24 07:08:43,109 | INFO  | DNAudit | user=null | ip=null | op=WRITE_CHUNK {blockData=conID: 2 locID: 102670697959654003 bcsId: 0} | ret=SUCCESS |  
2019-08-24 07:08:43,109 | INFO  | DNAudit | user=null | ip=null | op=WRITE_CHUNK {blockData=conID: 2 locID: 102670697959654003 bcsId: 0} | ret=SUCCESS |  
2019-08-24 07:08:43,109 | INFO  | DNAudit | user=null | ip=null | op=PUT_BLOCK {blockData=[blockId=conID: 2 locID: 102670697959654003 bcsId: 0,size=1048576]} | ret=SUCCESS |  
2019-08-24 07:08:43,121 | INFO  | DNAudit | user=null | ip=null | op=PUT_BLOCK {blockData=[blockId=conID: 2 locID: 102670697959654003 bcsId: 0,size=1048576]} | ret=SUCCESS |  
2019-08-24 07:08:43,122 [grpc-default-executor-5] INFO  client.GrpcClientProtocolClient (GrpcClientProtocolClient.java:onNext(255)) - client-6EDD19400D46->06a4573b-67a1-41e3-a350-f896363bc636: receive RaftClientReply:client-6EDD19400D46->06a4573b-67a1-41e3-a350-f896363bc636@group-757E3781CD2A, cid=2844, SUCCESS, logIndex=0, commits[06a4573b-67a1-41e3-a350-f896363bc636:c4241, 0b725bbf-683b-4664-9a2e-3c9dd6e38bc1:c4235, 9193e3b7-ae04-484d-a740-c65c11559486:c4235]
2019-08-24 07:08:43,130 | INFO  | DNAudit | user=null | ip=null | op=WRITE_CHUNK {blockData=conID: 2 locID: 102670697959654003 bcsId: 4237} | ret=SUCCESS |  
2019-08-24 07:08:43,133 | INFO  | DNAudit | user=null | ip=null | op=WRITE_CHUNK {blockData=conID: 2 locID: 102670697959654003 bcsId: 4237} | ret=SUCCESS |  
2019-08-24 07:08:43,134 | INFO  | DNAudit | user=null | ip=null | op=WRITE_CHUNK {blockData=conID: 2 locID: 102670697959654003 bcsId: 4237} | ret=SUCCESS |  
2019-08-24 07:08:43,143 | INFO  | DNAudit | user=null | ip=null | op=WRITE_CHUNK {blockData=conID: 2 locID: 102670697959654003 bcsId: 0} | ret=SUCCESS |  
2019-08-24 07:08:43,143 | INFO  | DNAudit | user=null | ip=null | op=WRITE_CHUNK {blockData=conID: 2 locID: 102670697959654003 bcsId: 0} | ret=SUCCESS |  
2019-08-24 07:08:43,143 | INFO  | DNAudit | user=null | ip=null | op=PUT_BLOCK {blockData=[blockId=conID: 2 locID: 102670697959654003 bcsId: 0,size=2097152]} | ret=SUCCESS |  
2019-08-24 07:08:43,143 | INFO  | DNAudit | user=null | ip=null | op=PUT_BLOCK {blockData=[blockId=conID: 2 locID: 102670697959654003 bcsId: 0,size=2097152]} | ret=SUCCESS |  
2019-08-24 07:08:43,143 | INFO  | DNAudit | user=null | ip=null | op=WRITE_CHUNK {blockData=conID: 2 locID: 102670697959654003 bcsId: 4237} | ret=SUCCESS |  
2019-08-24 07:08:43,144 | INFO  | DNAudit | user=null | ip=null | op=PUT_BLOCK {blockData=[blockId=conID: 2 locID: 102670697959654003 bcsId: 0,size=3145728]} | ret=SUCCESS |  
2019-08-24 07:08:43,144 [grpc-default-executor-1] INFO  client.GrpcClientProtocolClient (GrpcClientProtocolClient.java:onNext(255)) - client-6EDD19400D46->06a4573b-67a1-41e3-a350-f896363bc636: receive RaftClientReply:client-6EDD19400D46->06a4573b-67a1-41e3-a350-f896363bc636@group-757E3781CD2A, cid=2845, SUCCESS, logIndex=4242, commits[06a4573b-67a1-41e3-a350-f896363bc636:c4243, 0b725bbf-683b-4664-9a2e-3c9dd6e38bc1:c4241, 9193e3b7-ae04-484d-a740-c65c11559486:c4241]
2019-08-24 07:08:43,144 [grpc-default-executor-1] INFO  client.GrpcClientProtocolClient (GrpcClientProtocolClient.java:onNext(255)) - client-6EDD19400D46->06a4573b-67a1-41e3-a350-f896363bc636: receive RaftClientReply:client-6EDD19400D46->06a4573b-67a1-41e3-a350-f896363bc636@group-757E3781CD2A, cid=2846, SUCCESS, logIndex=4243, commits[06a4573b-67a1-41e3-a350-f896363bc636:c4243, 0b725bbf-683b-4664-9a2e-3c9dd6e38bc1:c4241, 9193e3b7-ae04-484d-a740-c65c11559486:c4241]
2019-08-24 07:08:43,152 | INFO  | DNAudit | user=null | ip=null | op=WRITE_CHUNK {blockData=conID: 2 locID: 102670697959654003 bcsId: 4243} | ret=SUCCESS |  
2019-08-24 07:08:43,155 | INFO  | DNAudit | user=null | ip=null | op=WRITE_CHUNK {blockData=conID: 2 locID: 102670697959654003 bcsId: 4237} | ret=SUCCESS |  
2019-08-24 07:08:43,155 | INFO  | DNAudit | user=null | ip=null | op=WRITE_CHUNK {blockData=conID: 2 locID: 102670697959654003 bcsId: 4237} | ret=SUCCESS |  
2019-08-24 07:08:43,155 | INFO  | DNAudit | user=null | ip=null | op=WRITE_CHUNK {blockData=conID: 2 locID: 102670697959654003 bcsId: 4243} | ret=SUCCESS |  
2019-08-24 07:08:43,156 | INFO  | DNAudit | user=null | ip=null | op=WRITE_CHUNK {blockData=conID: 2 locID: 102670697959654003 bcsId: 4243} | ret=SUCCESS |  
2019-08-24 07:08:43,167 | INFO  | DNAudit | user=null | ip=null | op=PUT_BLOCK {blockData=[blockId=conID: 2 locID: 102670697959654003 bcsId: 0,size=3145728]} | ret=SUCCESS |  
2019-08-24 07:08:43,167 | INFO  | DNAudit | user=null | ip=null | op=PUT_BLOCK {blockData=[blockId=conID: 2 locID: 102670697959654003 bcsId: 0,size=3145728]} | ret=SUCCESS |  
2019-08-24 07:08:43,167 | INFO  | DNAudit | user=null | ip=null | op=WRITE_CHUNK {blockData=conID: 2 locID: 102670697959654003 bcsId: 4243} | ret=SUCCESS |  
2019-08-24 07:08:43,168 | INFO  | DNAudit | user=null | ip=null | op=PUT_BLOCK {blockData=[blockId=conID: 2 locID: 102670697959654003 bcsId: 0,size=4194304]} | ret=SUCCESS |  
2019-08-24 07:08:43,168 [grpc-default-executor-0] INFO  client.GrpcClientProtocolClient (GrpcClientProtocolClient.java:onNext(255)) - client-6EDD19400D46->06a4573b-67a1-41e3-a350-f896363bc636: receive RaftClientReply:client-6EDD19400D46->06a4573b-67a1-41e3-a350-f896363bc636@group-757E3781CD2A, cid=2847, SUCCESS, logIndex=4246, commits[06a4573b-67a1-41e3-a350-f896363bc636:c4247, 0b725bbf-683b-4664-9a2e-3c9dd6e38bc1:c4243, 9193e3b7-ae04-484d-a740-c65c11559486:c4243]
2019-08-24 07:08:43,169 [grpc-default-executor-0] INFO  client.GrpcClientProtocolClient (GrpcClientProtocolClient.java:onNext(255)) - client-6EDD19400D46->06a4573b-67a1-41e3-a350-f896363bc636: receive RaftClientReply:client-6EDD19400D46->06a4573b-67a1-41e3-a350-f896363bc636@group-757E3781CD2A, cid=2848, SUCCESS, logIndex=4247, commits[06a4573b-67a1-41e3-a350-f896363bc636:c4247, 0b725bbf-683b-4664-9a2e-3c9dd6e38bc1:c4243, 9193e3b7-ae04-484d-a740-c65c11559486:c4243]
2019-08-24 07:08:43,169 | INFO  | DNAudit | user=null | ip=null | op=WRITE_CHUNK {blockData=conID: 2 locID: 102670697959654003 bcsId: 4243} | ret=SUCCESS |  
2019-08-24 07:08:43,169 | INFO  | DNAudit | user=null | ip=null | op=WRITE_CHUNK {blockData=conID: 2 locID: 102670697959654003 bcsId: 4243} | ret=SUCCESS |  
2019-08-24 07:08:43,171 | INFO  | DNAudit | user=null | ip=null | op=PUT_BLOCK {blockData=[blockId=conID: 2 locID: 102670697959654003 bcsId: 0,size=4194304]} | ret=SUCCESS |  
2019-08-24 07:08:43,172 | INFO  | DNAudit | user=null | ip=null | op=PUT_BLOCK {blockData=[blockId=conID: 2 locID: 102670697959654003 bcsId: 0,size=4194304]} | ret=SUCCESS |  
2019-08-24 07:08:43,172 [grpc-default-executor-0] INFO  client.GrpcClientProtocolClient (GrpcClientProtocolClient.java:onNext(255)) - client-6EDD19400D46->06a4573b-67a1-41e3-a350-f896363bc636: receive RaftClientReply:client-6EDD19400D46->06a4573b-67a1-41e3-a350-f896363bc636@group-757E3781CD2A, cid=2849, SUCCESS, logIndex=0, commits[06a4573b-67a1-41e3-a350-f896363bc636:c4249, 0b725bbf-683b-4664-9a2e-3c9dd6e38bc1:c4247, 9193e3b7-ae04-484d-a740-c65c11559486:c4247]
2019-08-24 07:08:43,181 | INFO  | SCMAudit | user=jenkins1000 | ip=192.168.69.125 | op=ALLOCATE_BLOCK {owner=61bacca8-15b6-4a50-8962-5e9786b18b0d, size=4194304, type=RATIS, factor=THREE} | ret=SUCCESS |  
2019-08-24 07:08:43,186 | INFO  | OMAudit | user=jenkins1000 | ip=127.0.0.1 | op=ALLOCATE_BLOCK {volume=vol-0-26988, bucket=bucket-0-20739, key=key-0-27353, dataSize=0, replicationType=null, replicationFactor=null, keyLocationInfo=null, clientID=102670695851229586} | ret=SUCCESS |  
2019-08-24 07:08:43,196 | INFO  | DNAudit | user=null | ip=null | op=WRITE_CHUNK {blockData=conID: 3 locID: 102670697967190644 bcsId: 0} | ret=SUCCESS |  
2019-08-24 07:08:43,197 | INFO  | DNAudit | user=null | ip=null | op=WRITE_CHUNK {blockData=conID: 3 locID: 102670697967190644 bcsId: 0} | ret=SUCCESS |  
2019-08-24 07:08:43,200 | INFO  | DNAudit | user=null | ip=null | op=WRITE_CHUNK {blockData=conID: 3 locID: 102670697967190644 bcsId: 0} | ret=SUCCESS |  
2019-08-24 07:08:43,201 | INFO  | DNAudit | user=null | ip=null | op=WRITE_CHUNK {blockData=conID: 3 locID: 102670697967190644 bcsId: 0} | ret=SUCCESS |  
2019-08-24 07:08:43,202 | INFO  | DNAudit | user=null | ip=null | op=WRITE_CHUNK {blockData=conID: 3 locID: 102670697967190644 bcsId: 0} | ret=SUCCESS |  
2019-08-24 07:08:43,203 | INFO  | DNAudit | user=null | ip=null | op=WRITE_CHUNK {blockData=conID: 3 locID: 102670697967190644 bcsId: 0} | ret=SUCCESS |  
2019-08-24 07:08:43,213 | INFO  | DNAudit | user=null | ip=null | op=WRITE_CHUNK {blockData=conID: 3 locID: 102670697967190644 bcsId: 0} | ret=SUCCESS |  
2019-08-24 07:08:43,213 | INFO  | DNAudit | user=null | ip=null | op=PUT_BLOCK {blockData=[blockId=conID: 3 locID: 102670697967190644 bcsId: 0,size=1048576]} | ret=SUCCESS |  
2019-08-24 07:08:43,214 | INFO  | DNAudit | user=null | ip=null | op=WRITE_CHUNK {blockData=conID: 3 locID: 102670697967190644 bcsId: 0} | ret=SUCCESS |  
2019-08-24 07:08:43,214 | INFO  | DNAudit | user=null | ip=null | op=PUT_BLOCK {blockData=[blockId=conID: 3 locID: 102670697967190644 bcsId: 0,size=2097152]} | ret=SUCCESS |  
2019-08-24 07:08:43,214 [grpc-default-executor-2] INFO  client.GrpcClientProtocolClient (GrpcClientProtocolClient.java:onNext(255)) - client-6EDD19400D46->06a4573b-67a1-41e3-a350-f896363bc636: receive RaftClientReply:client-6EDD19400D46->06a4573b-67a1-41e3-a350-f896363bc636@group-757E3781CD2A, cid=2850, SUCCESS, logIndex=4250, commits[06a4573b-67a1-41e3-a350-f896363bc636:c4251, 0b725bbf-683b-4664-9a2e-3c9dd6e38bc1:c4249, 9193e3b7-ae04-484d-a740-c65c11559486:c4249]
2019-08-24 07:08:43,215 [grpc-default-executor-2] INFO  client.GrpcClientProtocolClient (GrpcClientProtocolClient.java:onNext(255)) - client-6EDD19400D46->06a4573b-67a1-41e3-a350-f896363bc636: receive RaftClientReply:client-6EDD19400D46->06a4573b-67a1-41e3-a350-f896363bc636@group-757E3781CD2A, cid=2851, SUCCESS, logIndex=4251, commits[06a4573b-67a1-41e3-a350-f896363bc636:c4253, 0b725bbf-683b-4664-9a2e-3c9dd6e38bc1:c4249, 9193e3b7-ae04-484d-a740-c65c11559486:c4249]
2019-08-24 07:08:43,215 [grpc-default-executor-2] INFO  client.GrpcClientProtocolClient (GrpcClientProtocolClient.java:onNext(255)) - client-6EDD19400D46->06a4573b-67a1-41e3-a350-f896363bc636: receive RaftClientReply:client-6EDD19400D46->06a4573b-67a1-41e3-a350-f896363bc636@group-757E3781CD2A, cid=2852, SUCCESS, logIndex=4252, commits[06a4573b-67a1-41e3-a350-f896363bc636:c4253, 0b725bbf-683b-4664-9a2e-3c9dd6e38bc1:c4249, 9193e3b7-ae04-484d-a740-c65c11559486:c4249]
2019-08-24 07:08:43,215 [grpc-default-executor-2] INFO  client.GrpcClientProtocolClient (GrpcClientProtocolClient.java:onNext(255)) - client-6EDD19400D46->06a4573b-67a1-41e3-a350-f896363bc636: receive RaftClientReply:client-6EDD19400D46->06a4573b-67a1-41e3-a350-f896363bc636@group-757E3781CD2A, cid=2853, SUCCESS, logIndex=4253, commits[06a4573b-67a1-41e3-a350-f896363bc636:c4253, 0b725bbf-683b-4664-9a2e-3c9dd6e38bc1:c4249, 9193e3b7-ae04-484d-a740-c65c11559486:c4249]
2019-08-24 07:08:43,226 | INFO  | DNAudit | user=null | ip=null | op=WRITE_CHUNK {blockData=conID: 3 locID: 102670697967190644 bcsId: 0} | ret=SUCCESS |  
2019-08-24 07:08:43,227 | INFO  | DNAudit | user=null | ip=null | op=WRITE_CHUNK {blockData=conID: 3 locID: 102670697967190644 bcsId: 0} | ret=SUCCESS |  
2019-08-24 07:08:43,239 | INFO  | DNAudit | user=null | ip=null | op=PUT_BLOCK {blockData=[blockId=conID: 3 locID: 102670697967190644 bcsId: 0,size=1048576]} | ret=SUCCESS |  
2019-08-24 07:08:43,239 | INFO  | DNAudit | user=null | ip=null | op=PUT_BLOCK {blockData=[blockId=conID: 3 locID: 102670697967190644 bcsId: 0,size=1048576]} | ret=SUCCESS |  
2019-08-24 07:08:43,240 | INFO  | DNAudit | user=null | ip=null | op=WRITE_CHUNK {blockData=conID: 3 locID: 102670697967190644 bcsId: 0} | ret=SUCCESS |  
2019-08-24 07:08:43,240 | INFO  | DNAudit | user=null | ip=null | op=PUT_BLOCK {blockData=[blockId=conID: 3 locID: 102670697967190644 bcsId: 0,size=2097152]} | ret=SUCCESS |  
2019-08-24 07:08:43,240 | INFO  | DNAudit | user=null | ip=null | op=WRITE_CHUNK {blockData=conID: 3 locID: 102670697967190644 bcsId: 0} | ret=SUCCESS |  
2019-08-24 07:08:43,240 | INFO  | DNAudit | user=null | ip=null | op=PUT_BLOCK {blockData=[blockId=conID: 3 locID: 102670697967190644 bcsId: 0,size=2097152]} | ret=SUCCESS |  
2019-08-24 07:08:43,240 [grpc-default-executor-2] INFO  client.GrpcClientProtocolClient (GrpcClientProtocolClient.java:onNext(255)) - client-6EDD19400D46->06a4573b-67a1-41e3-a350-f896363bc636: receive RaftClientReply:client-6EDD19400D46->06a4573b-67a1-41e3-a350-f896363bc636@group-757E3781CD2A, cid=2854, SUCCESS, logIndex=0, commits[06a4573b-67a1-41e3-a350-f896363bc636:c4255, 0b725bbf-683b-4664-9a2e-3c9dd6e38bc1:c4251, 9193e3b7-ae04-484d-a740-c65c11559486:c4251]
2019-08-24 07:08:43,248 | INFO  | DNAudit | user=null | ip=null | op=WRITE_CHUNK {blockData=conID: 3 locID: 102670697967190644 bcsId: 4253} | ret=SUCCESS |  
2019-08-24 07:08:43,251 | INFO  | DNAudit | user=null | ip=null | op=WRITE_CHUNK {blockData=conID: 3 locID: 102670697967190644 bcsId: 4253} | ret=SUCCESS |  
2019-08-24 07:08:43,251 | INFO  | DNAudit | user=null | ip=null | op=WRITE_CHUNK {blockData=conID: 3 locID: 102670697967190644 bcsId: 4253} | ret=SUCCESS |  
2019-08-24 07:08:43,263 | INFO  | DNAudit | user=null | ip=null | op=WRITE_CHUNK {blockData=conID: 3 locID: 102670697967190644 bcsId: 4253} | ret=SUCCESS |  
2019-08-24 07:08:43,263 | INFO  | DNAudit | user=null | ip=null | op=PUT_BLOCK {blockData=[blockId=conID: 3 locID: 102670697967190644 bcsId: 0,size=3145728]} | ret=SUCCESS |  
2019-08-24 07:08:43,263 [grpc-default-executor-1] INFO  client.GrpcClientProtocolClient (GrpcClientProtocolClient.java:onNext(255)) - client-6EDD19400D46->06a4573b-67a1-41e3-a350-f896363bc636: receive RaftClientReply:client-6EDD19400D46->06a4573b-67a1-41e3-a350-f896363bc636@group-757E3781CD2A, cid=2855, SUCCESS, logIndex=4258, commits[06a4573b-67a1-41e3-a350-f896363bc636:c4259, 0b725bbf-683b-4664-9a2e-3c9dd6e38bc1:c4257, 9193e3b7-ae04-484d-a740-c65c11559486:c4257]
2019-08-24 07:08:43,264 [grpc-default-executor-1] INFO  client.GrpcClientProtocolClient (GrpcClientProtocolClient.java:onNext(255)) - client-6EDD19400D46->06a4573b-67a1-41e3-a350-f896363bc636: receive RaftClientReply:client-6EDD19400D46->06a4573b-67a1-41e3-a350-f896363bc636@group-757E3781CD2A, cid=2856, SUCCESS, logIndex=4259, commits[06a4573b-67a1-41e3-a350-f896363bc636:c4259, 0b725bbf-683b-4664-9a2e-3c9dd6e38bc1:c4257, 9193e3b7-ae04-484d-a740-c65c11559486:c4257]
2019-08-24 07:08:43,271 | INFO  | DNAudit | user=null | ip=null | op=WRITE_CHUNK {blockData=conID: 3 locID: 102670697967190644 bcsId: 4259} | ret=SUCCESS |  
2019-08-24 07:08:43,275 | INFO  | DNAudit | user=null | ip=null | op=WRITE_CHUNK {blockData=conID: 3 locID: 102670697967190644 bcsId: 4259} | ret=SUCCESS |  
2019-08-24 07:08:43,275 | INFO  | DNAudit | user=null | ip=null | op=WRITE_CHUNK {blockData=conID: 3 locID: 102670697967190644 bcsId: 4259} | ret=SUCCESS |  
2019-08-24 07:08:43,276 | INFO  | DNAudit | user=null | ip=null | op=WRITE_CHUNK {blockData=conID: 3 locID: 102670697967190644 bcsId: 4253} | ret=SUCCESS |  
2019-08-24 07:08:43,276 | INFO  | DNAudit | user=null | ip=null | op=WRITE_CHUNK {blockData=conID: 3 locID: 102670697967190644 bcsId: 4253} | ret=SUCCESS |  
2019-08-24 07:08:43,289 | INFO  | DNAudit | user=null | ip=null | op=PUT_BLOCK {blockData=[blockId=conID: 3 locID: 102670697967190644 bcsId: 0,size=3145728]} | ret=SUCCESS |  
2019-08-24 07:08:43,289 | INFO  | DNAudit | user=null | ip=null | op=PUT_BLOCK {blockData=[blockId=conID: 3 locID: 102670697967190644 bcsId: 0,size=3145728]} | ret=SUCCESS |  
2019-08-24 07:08:43,289 | INFO  | DNAudit | user=null | ip=null | op=WRITE_CHUNK {blockData=conID: 3 locID: 102670697967190644 bcsId: 4259} | ret=SUCCESS |  
2019-08-24 07:08:43,290 | INFO  | DNAudit | user=null | ip=null | op=PUT_BLOCK {blockData=[blockId=conID: 3 locID: 102670697967190644 bcsId: 0,size=4194304]} | ret=SUCCESS |  
2019-08-24 07:08:43,290 [grpc-default-executor-0] INFO  client.GrpcClientProtocolClient (GrpcClientProtocolClient.java:onNext(255)) - client-6EDD19400D46->06a4573b-67a1-41e3-a350-f896363bc636: receive RaftClientReply:client-6EDD19400D46->06a4573b-67a1-41e3-a350-f896363bc636@group-757E3781CD2A, cid=2857, SUCCESS, logIndex=4262, commits[06a4573b-67a1-41e3-a350-f896363bc636:c4263, 0b725bbf-683b-4664-9a2e-3c9dd6e38bc1:c4259, 9193e3b7-ae04-484d-a740-c65c11559486:c4259]
2019-08-24 07:08:43,290 [grpc-default-executor-0] INFO  client.GrpcClientProtocolClient (GrpcClientProtocolClient.java:onNext(255)) - client-6EDD19400D46->06a4573b-67a1-41e3-a350-f896363bc636: receive RaftClientReply:client-6EDD19400D46->06a4573b-67a1-41e3-a350-f896363bc636@group-757E3781CD2A, cid=2858, SUCCESS, logIndex=4263, commits[06a4573b-67a1-41e3-a350-f896363bc636:c4263, 0b725bbf-683b-4664-9a2e-3c9dd6e38bc1:c4259, 9193e3b7-ae04-484d-a740-c65c11559486:c4259]
2019-08-24 07:08:43,302 | INFO  | DNAudit | user=null | ip=null | op=WRITE_CHUNK {blockData=conID: 3 locID: 102670697967190644 bcsId: 4259} | ret=SUCCESS |  
2019-08-24 07:08:43,302 | INFO  | DNAudit | user=null | ip=null | op=WRITE_CHUNK {blockData=conID: 3 locID: 102670697967190644 bcsId: 4259} | ret=SUCCESS |  
2019-08-24 07:08:43,303 | INFO  | DNAudit | user=null | ip=null | op=PUT_BLOCK {blockData=[blockId=conID: 3 locID: 102670697967190644 bcsId: 0,size=4194304]} | ret=SUCCESS |  
2019-08-24 07:08:43,303 | INFO  | DNAudit | user=null | ip=null | op=PUT_BLOCK {blockData=[blockId=conID: 3 locID: 102670697967190644 bcsId: 0,size=4194304]} | ret=SUCCESS |  
2019-08-24 07:08:43,303 [grpc-default-executor-0] INFO  client.GrpcClientProtocolClient (GrpcClientProtocolClient.java:onNext(255)) - client-6EDD19400D46->06a4573b-67a1-41e3-a350-f896363bc636: receive RaftClientReply:client-6EDD19400D46->06a4573b-67a1-41e3-a350-f896363bc636@group-757E3781CD2A, cid=2859, SUCCESS, logIndex=0, commits[06a4573b-67a1-41e3-a350-f896363bc636:c4264, 0b725bbf-683b-4664-9a2e-3c9dd6e38bc1:c4263, 9193e3b7-ae04-484d-a740-c65c11559486:c4263]
2019-08-24 07:08:43,311 | INFO  | SCMAudit | user=jenkins1000 | ip=192.168.69.125 | op=ALLOCATE_BLOCK {owner=61bacca8-15b6-4a50-8962-5e9786b18b0d, size=4194304, type=RATIS, factor=THREE} | ret=SUCCESS |  
2019-08-24 07:08:43,317 | INFO  | OMAudit | user=jenkins1000 | ip=127.0.0.1 | op=ALLOCATE_BLOCK {volume=vol-0-26988, bucket=bucket-0-20739, key=key-0-27353, dataSize=0, replicationType=null, replicationFactor=null, keyLocationInfo=null, clientID=102670695851229586} | ret=SUCCESS |  
2019-08-24 07:08:43,325 | INFO  | DNAudit | user=null | ip=null | op=WRITE_CHUNK {blockData=conID: 1 locID: 102670697975710325 bcsId: 0} | ret=SUCCESS |  
2019-08-24 07:08:43,328 | INFO  | DNAudit | user=null | ip=null | op=WRITE_CHUNK {blockData=conID: 1 locID: 102670697975710325 bcsId: 0} | ret=SUCCESS |  
2019-08-24 07:08:43,329 | INFO  | DNAudit | user=null | ip=null | op=WRITE_CHUNK {blockData=conID: 1 locID: 102670697975710325 bcsId: 0} | ret=SUCCESS |  
2019-08-24 07:08:43,329 | INFO  | DNAudit | user=null | ip=null | op=WRITE_CHUNK {blockData=conID: 1 locID: 102670697975710325 bcsId: 0} | ret=SUCCESS |  
2019-08-24 07:08:43,332 | INFO  | DNAudit | user=null | ip=null | op=WRITE_CHUNK {blockData=conID: 1 locID: 102670697975710325 bcsId: 0} | ret=SUCCESS |  
2019-08-24 07:08:43,332 | INFO  | DNAudit | user=null | ip=null | op=WRITE_CHUNK {blockData=conID: 1 locID: 102670697975710325 bcsId: 0} | ret=SUCCESS |  
2019-08-24 07:08:43,337 | INFO  | DNAudit | user=null | ip=null | op=WRITE_CHUNK {blockData=conID: 1 locID: 102670697975710325 bcsId: 0} | ret=SUCCESS |  
2019-08-24 07:08:43,337 | INFO  | DNAudit | user=null | ip=null | op=PUT_BLOCK {blockData=[blockId=conID: 1 locID: 102670697975710325 bcsId: 0,size=1048576]} | ret=SUCCESS |  
2019-08-24 07:08:43,338 | INFO  | DNAudit | user=null | ip=null | op=WRITE_CHUNK {blockData=conID: 1 locID: 102670697975710325 bcsId: 0} | ret=SUCCESS |  
2019-08-24 07:08:43,338 [grpc-default-executor-0] INFO  client.GrpcClientProtocolClient (GrpcClientProtocolClient.java:onNext(255)) - client-6EDD19400D46->06a4573b-67a1-41e3-a350-f896363bc636: receive RaftClientReply:client-6EDD19400D46->06a4573b-67a1-41e3-a350-f896363bc636@group-757E3781CD2A, cid=2860, SUCCESS, logIndex=4266, commits[06a4573b-67a1-41e3-a350-f896363bc636:c4267, 0b725bbf-683b-4664-9a2e-3c9dd6e38bc1:c4265, 9193e3b7-ae04-484d-a740-c65c11559486:c4265]
2019-08-24 07:08:43,338 | INFO  | DNAudit | user=null | ip=null | op=PUT_BLOCK {blockData=[blockId=conID: 1 locID: 102670697975710325 bcsId: 0,size=2097152]} | ret=SUCCESS |  
2019-08-24 07:08:43,338 [grpc-default-executor-0] INFO  client.GrpcClientProtocolClient (GrpcClientProtocolClient.java:onNext(255)) - client-6EDD19400D46->06a4573b-67a1-41e3-a350-f896363bc636: receive RaftClientReply:client-6EDD19400D46->06a4573b-67a1-41e3-a350-f896363bc636@group-757E3781CD2A, cid=2861, SUCCESS, logIndex=4267, commits[06a4573b-67a1-41e3-a350-f896363bc636:c4269, 0b725bbf-683b-4664-9a2e-3c9dd6e38bc1:c4265, 9193e3b7-ae04-484d-a740-c65c11559486:c4265]
2019-08-24 07:08:43,339 [grpc-default-executor-0] INFO  client.GrpcClientProtocolClient (GrpcClientProtocolClient.java:onNext(255)) - client-6EDD19400D46->06a4573b-67a1-41e3-a350-f896363bc636: receive RaftClientReply:client-6EDD19400D46->06a4573b-67a1-41e3-a350-f896363bc636@group-757E3781CD2A, cid=2862, SUCCESS, logIndex=4268, commits[06a4573b-67a1-41e3-a350-f896363bc636:c4269, 0b725bbf-683b-4664-9a2e-3c9dd6e38bc1:c4265, 9193e3b7-ae04-484d-a740-c65c11559486:c4265]
2019-08-24 07:08:43,339 [grpc-default-executor-0] INFO  client.GrpcClientProtocolClient (GrpcClientProtocolClient.java:onNext(255)) - client-6EDD19400D46->06a4573b-67a1-41e3-a350-f896363bc636: receive RaftClientReply:client-6EDD19400D46->06a4573b-67a1-41e3-a350-f896363bc636@group-757E3781CD2A, cid=2863, SUCCESS, logIndex=4269, commits[06a4573b-67a1-41e3-a350-f896363bc636:c4269, 0b725bbf-683b-4664-9a2e-3c9dd6e38bc1:c4265, 9193e3b7-ae04-484d-a740-c65c11559486:c4265]
2019-08-24 07:08:43,340 | INFO  | DNAudit | user=null | ip=null | op=WRITE_CHUNK {blockData=conID: 1 locID: 102670697975710325 bcsId: 0} | ret=SUCCESS |  
2019-08-24 07:08:43,340 | INFO  | DNAudit | user=null | ip=null | op=WRITE_CHUNK {blockData=conID: 1 locID: 102670697975710325 bcsId: 0} | ret=SUCCESS |  
2019-08-24 07:08:43,340 | INFO  | DNAudit | user=null | ip=null | op=PUT_BLOCK {blockData=[blockId=conID: 1 locID: 102670697975710325 bcsId: 0,size=1048576]} | ret=SUCCESS |  
2019-08-24 07:08:43,340 | INFO  | DNAudit | user=null | ip=null | op=PUT_BLOCK {blockData=[blockId=conID: 1 locID: 102670697975710325 bcsId: 0,size=1048576]} | ret=SUCCESS |  
2019-08-24 07:08:43,340 [grpc-default-executor-0] INFO  client.GrpcClientProtocolClient (GrpcClientProtocolClient.java:onNext(255)) - client-6EDD19400D46->06a4573b-67a1-41e3-a350-f896363bc636: receive RaftClientReply:client-6EDD19400D46->06a4573b-67a1-41e3-a350-f896363bc636@group-757E3781CD2A, cid=2864, SUCCESS, logIndex=0, commits[06a4573b-67a1-41e3-a350-f896363bc636:c4270, 0b725bbf-683b-4664-9a2e-3c9dd6e38bc1:c4267, 9193e3b7-ae04-484d-a740-c65c11559486:c4267]
2019-08-24 07:08:43,349 | INFO  | DNAudit | user=null | ip=null | op=WRITE_CHUNK {blockData=conID: 1 locID: 102670697975710325 bcsId: 4269} | ret=SUCCESS |  
2019-08-24 07:08:43,354 | INFO  | DNAudit | user=null | ip=null | op=WRITE_CHUNK {blockData=conID: 1 locID: 102670697975710325 bcsId: 4269} | ret=SUCCESS |  
2019-08-24 07:08:43,355 | INFO  | DNAudit | user=null | ip=null | op=WRITE_CHUNK {blockData=conID: 1 locID: 102670697975710325 bcsId: 4269} | ret=SUCCESS |  
2019-08-24 07:08:43,356 | INFO  | DNAudit | user=null | ip=null | op=WRITE_CHUNK {blockData=conID: 1 locID: 102670697975710325 bcsId: 0} | ret=SUCCESS |  
2019-08-24 07:08:43,356 | INFO  | DNAudit | user=null | ip=null | op=WRITE_CHUNK {blockData=conID: 1 locID: 102670697975710325 bcsId: 0} | ret=SUCCESS |  
2019-08-24 07:08:43,356 | INFO  | DNAudit | user=null | ip=null | op=PUT_BLOCK {blockData=[blockId=conID: 1 locID: 102670697975710325 bcsId: 0,size=2097152]} | ret=SUCCESS |  
2019-08-24 07:08:43,356 | INFO  | DNAudit | user=null | ip=null | op=PUT_BLOCK {blockData=[blockId=conID: 1 locID: 102670697975710325 bcsId: 0,size=2097152]} | ret=SUCCESS |  
2019-08-24 07:08:43,363 | INFO  | DNAudit | user=null | ip=null | op=WRITE_CHUNK {blockData=conID: 1 locID: 102670697975710325 bcsId: 4269} | ret=SUCCESS |  
2019-08-24 07:08:43,364 | INFO  | DNAudit | user=null | ip=null | op=PUT_BLOCK {blockData=[blockId=conID: 1 locID: 102670697975710325 bcsId: 0,size=3145728]} | ret=SUCCESS |  
2019-08-24 07:08:43,364 [grpc-default-executor-0] INFO  client.GrpcClientProtocolClient (GrpcClientProtocolClient.java:onNext(255)) - client-6EDD19400D46->06a4573b-67a1-41e3-a350-f896363bc636: receive RaftClientReply:client-6EDD19400D46->06a4573b-67a1-41e3-a350-f896363bc636@group-757E3781CD2A, cid=2865, SUCCESS, logIndex=4274, commits[06a4573b-67a1-41e3-a350-f896363bc636:c4275, 0b725bbf-683b-4664-9a2e-3c9dd6e38bc1:c4270, 9193e3b7-ae04-484d-a740-c65c11559486:c4270]
2019-08-24 07:08:43,364 [grpc-default-executor-0] INFO  client.GrpcClientProtocolClient (GrpcClientProtocolClient.java:onNext(255)) - client-6EDD19400D46->06a4573b-67a1-41e3-a350-f896363bc636: receive RaftClientReply:client-6EDD19400D46->06a4573b-67a1-41e3-a350-f896363bc636@group-757E3781CD2A, cid=2866, SUCCESS, logIndex=4275, commits[06a4573b-67a1-41e3-a350-f896363bc636:c4275, 0b725bbf-683b-4664-9a2e-3c9dd6e38bc1:c4270, 9193e3b7-ae04-484d-a740-c65c11559486:c4270]
2019-08-24 07:08:43,371 | INFO  | DNAudit | user=null | ip=null | op=WRITE_CHUNK {blockData=conID: 1 locID: 102670697975710325 bcsId: 4275} | ret=SUCCESS |  
2019-08-24 07:08:43,375 | INFO  | DNAudit | user=null | ip=null | op=WRITE_CHUNK {blockData=conID: 1 locID: 102670697975710325 bcsId: 4275} | ret=SUCCESS |  
2019-08-24 07:08:43,375 | INFO  | DNAudit | user=null | ip=null | op=WRITE_CHUNK {blockData=conID: 1 locID: 102670697975710325 bcsId: 4275} | ret=SUCCESS |  
2019-08-24 07:08:43,377 | INFO  | DNAudit | user=null | ip=null | op=WRITE_CHUNK {blockData=conID: 1 locID: 102670697975710325 bcsId: 4269} | ret=SUCCESS |  
2019-08-24 07:08:43,377 | INFO  | DNAudit | user=null | ip=null | op=PUT_BLOCK {blockData=[blockId=conID: 1 locID: 102670697975710325 bcsId: 0,size=3145728]} | ret=SUCCESS |  
2019-08-24 07:08:43,378 | INFO  | DNAudit | user=null | ip=null | op=WRITE_CHUNK {blockData=conID: 1 locID: 102670697975710325 bcsId: 4269} | ret=SUCCESS |  
2019-08-24 07:08:43,378 | INFO  | DNAudit | user=null | ip=null | op=PUT_BLOCK {blockData=[blockId=conID: 1 locID: 102670697975710325 bcsId: 0,size=3145728]} | ret=SUCCESS |  
2019-08-24 07:08:43,379 | INFO  | DNAudit | user=null | ip=null | op=WRITE_CHUNK {blockData=conID: 1 locID: 102670697975710325 bcsId: 4275} | ret=SUCCESS |  
2019-08-24 07:08:43,379 | INFO  | DNAudit | user=null | ip=null | op=PUT_BLOCK {blockData=[blockId=conID: 1 locID: 102670697975710325 bcsId: 0,size=4194304]} | ret=SUCCESS |  
2019-08-24 07:08:43,379 [grpc-default-executor-0] INFO  client.GrpcClientProtocolClient (GrpcClientProtocolClient.java:onNext(255)) - client-6EDD19400D46->06a4573b-67a1-41e3-a350-f896363bc636: receive RaftClientReply:client-6EDD19400D46->06a4573b-67a1-41e3-a350-f896363bc636@group-757E3781CD2A, cid=2867, SUCCESS, logIndex=4278, commits[06a4573b-67a1-41e3-a350-f896363bc636:c4279, 0b725bbf-683b-4664-9a2e-3c9dd6e38bc1:c4275, 9193e3b7-ae04-484d-a740-c65c11559486:c4275]
2019-08-24 07:08:43,380 [grpc-default-executor-0] INFO  client.GrpcClientProtocolClient (GrpcClientProtocolClient.java:onNext(255)) - client-6EDD19400D46->06a4573b-67a1-41e3-a350-f896363bc636: receive RaftClientReply:client-6EDD19400D46->06a4573b-67a1-41e3-a350-f896363bc636@group-757E3781CD2A, cid=2868, SUCCESS, logIndex=4279, commits[06a4573b-67a1-41e3-a350-f896363bc636:c4279, 0b725bbf-683b-4664-9a2e-3c9dd6e38bc1:c4275, 9193e3b7-ae04-484d-a740-c65c11559486:c4275]
2019-08-24 07:08:43,381 | INFO  | DNAudit | user=null | ip=null | op=WRITE_CHUNK {blockData=conID: 1 locID: 102670697975710325 bcsId: 4275} | ret=SUCCESS |  
2019-08-24 07:08:43,382 | INFO  | DNAudit | user=null | ip=null | op=WRITE_CHUNK {blockData=conID: 1 locID: 102670697975710325 bcsId: 4275} | ret=SUCCESS |  
2019-08-24 07:08:43,393 | INFO  | DNAudit | user=null | ip=null | op=PUT_BLOCK {blockData=[blockId=conID: 1 locID: 102670697975710325 bcsId: 0,size=4194304]} | ret=SUCCESS |  
2019-08-24 07:08:43,393 | INFO  | DNAudit | user=null | ip=null | op=PUT_BLOCK {blockData=[blockId=conID: 1 locID: 102670697975710325 bcsId: 0,size=4194304]} | ret=SUCCESS |  
2019-08-24 07:08:43,393 [grpc-default-executor-0] INFO  client.GrpcClientProtocolClient (GrpcClientProtocolClient.java:onNext(255)) - client-6EDD19400D46->06a4573b-67a1-41e3-a350-f896363bc636: receive RaftClientReply:client-6EDD19400D46->06a4573b-67a1-41e3-a350-f896363bc636@group-757E3781CD2A, cid=2869, SUCCESS, logIndex=0, commits[06a4573b-67a1-41e3-a350-f896363bc636:c4281, 0b725bbf-683b-4664-9a2e-3c9dd6e38bc1:c4279, 9193e3b7-ae04-484d-a740-c65c11559486:c4279]
2019-08-24 07:08:43,399 | INFO  | SCMAudit | user=jenkins1000 | ip=192.168.69.125 | op=ALLOCATE_BLOCK {owner=61bacca8-15b6-4a50-8962-5e9786b18b0d, size=4194304, type=RATIS, factor=THREE} | ret=SUCCESS |  
2019-08-24 07:08:43,402 | INFO  | OMAudit | user=jenkins1000 | ip=127.0.0.1 | op=ALLOCATE_BLOCK {volume=vol-0-26988, bucket=bucket-0-20739, key=key-0-27353, dataSize=0, replicationType=null, replicationFactor=null, keyLocationInfo=null, clientID=102670695851229586} | ret=SUCCESS |  
2019-08-24 07:08:43,410 | INFO  | DNAudit | user=null | ip=null | op=WRITE_CHUNK {blockData=conID: 2 locID: 102670697981477494 bcsId: 0} | ret=SUCCESS |  
2019-08-24 07:08:43,413 | INFO  | DNAudit | user=null | ip=null | op=WRITE_CHUNK {blockData=conID: 2 locID: 102670697981477494 bcsId: 0} | ret=SUCCESS |  
2019-08-24 07:08:43,413 | INFO  | DNAudit | user=null | ip=null | op=WRITE_CHUNK {blockData=conID: 2 locID: 102670697981477494 bcsId: 0} | ret=SUCCESS |  
2019-08-24 07:08:43,413 | INFO  | DNAudit | user=null | ip=null | op=WRITE_CHUNK {blockData=conID: 2 locID: 102670697981477494 bcsId: 0} | ret=SUCCESS |  
2019-08-24 07:08:43,415 | INFO  | DNAudit | user=null | ip=null | op=WRITE_CHUNK {blockData=conID: 2 locID: 102670697981477494 bcsId: 0} | ret=SUCCESS |  
2019-08-24 07:08:43,416 | INFO  | DNAudit | user=null | ip=null | op=WRITE_CHUNK {blockData=conID: 2 locID: 102670697981477494 bcsId: 0} | ret=SUCCESS |  
2019-08-24 07:08:43,423 | INFO  | DNAudit | user=null | ip=null | op=WRITE_CHUNK {blockData=conID: 2 locID: 102670697981477494 bcsId: 0} | ret=SUCCESS |  
2019-08-24 07:08:43,423 | INFO  | DNAudit | user=null | ip=null | op=PUT_BLOCK {blockData=[blockId=conID: 2 locID: 102670697981477494 bcsId: 0,size=1048576]} | ret=SUCCESS |  
2019-08-24 07:08:43,424 | INFO  | DNAudit | user=null | ip=null | op=WRITE_CHUNK {blockData=conID: 2 locID: 102670697981477494 bcsId: 0} | ret=SUCCESS |  
2019-08-24 07:08:43,424 [grpc-default-executor-1] INFO  client.GrpcClientProtocolClient (GrpcClientProtocolClient.java:onNext(255)) - client-6EDD19400D46->06a4573b-67a1-41e3-a350-f896363bc636: receive RaftClientReply:client-6EDD19400D46->06a4573b-67a1-41e3-a350-f896363bc636@group-757E3781CD2A, cid=2870, SUCCESS, logIndex=4282, commits[06a4573b-67a1-41e3-a350-f896363bc636:c4284, 0b725bbf-683b-4664-9a2e-3c9dd6e38bc1:c4281, 9193e3b7-ae04-484d-a740-c65c11559486:c4281]
2019-08-24 07:08:43,424 | INFO  | DNAudit | user=null | ip=null | op=WRITE_CHUNK {blockData=conID: 2 locID: 102670697981477494 bcsId: 0} | ret=SUCCESS |  
2019-08-24 07:08:43,424 | INFO  | DNAudit | user=null | ip=null | op=PUT_BLOCK {blockData=[blockId=conID: 2 locID: 102670697981477494 bcsId: 0,size=2097152]} | ret=SUCCESS |  
2019-08-24 07:08:43,424 [grpc-default-executor-1] INFO  client.GrpcClientProtocolClient (GrpcClientProtocolClient.java:onNext(255)) - client-6EDD19400D46->06a4573b-67a1-41e3-a350-f896363bc636: receive RaftClientReply:client-6EDD19400D46->06a4573b-67a1-41e3-a350-f896363bc636@group-757E3781CD2A, cid=2871, SUCCESS, logIndex=4283, commits[06a4573b-67a1-41e3-a350-f896363bc636:c4285, 0b725bbf-683b-4664-9a2e-3c9dd6e38bc1:c4281, 9193e3b7-ae04-484d-a740-c65c11559486:c4281]
2019-08-24 07:08:43,424 [grpc-default-executor-1] INFO  client.GrpcClientProtocolClient (GrpcClientProtocolClient.java:onNext(255)) - client-6EDD19400D46->06a4573b-67a1-41e3-a350-f896363bc636: receive RaftClientReply:client-6EDD19400D46->06a4573b-67a1-41e3-a350-f896363bc636@group-757E3781CD2A, cid=2872, SUCCESS, logIndex=4284, commits[06a4573b-67a1-41e3-a350-f896363bc636:c4285, 0b725bbf-683b-4664-9a2e-3c9dd6e38bc1:c4281, 9193e3b7-ae04-484d-a740-c65c11559486:c4281]
2019-08-24 07:08:43,425 [grpc-default-executor-1] INFO  client.GrpcClientProtocolClient (GrpcClientProtocolClient.java:onNext(255)) - client-6EDD19400D46->06a4573b-67a1-41e3-a350-f896363bc636: receive RaftClientReply:client-6EDD19400D46->06a4573b-67a1-41e3-a350-f896363bc636@group-757E3781CD2A, cid=2873, SUCCESS, logIndex=4285, commits[06a4573b-67a1-41e3-a350-f896363bc636:c4286, 0b725bbf-683b-4664-9a2e-3c9dd6e38bc1:c4281, 9193e3b7-ae04-484d-a740-c65c11559486:c4282]
2019-08-24 07:08:43,426 | INFO  | DNAudit | user=null | ip=null | op=WRITE_CHUNK {blockData=conID: 2 locID: 102670697981477494 bcsId: 0} | ret=SUCCESS |  
2019-08-24 07:08:43,427 | INFO  | DNAudit | user=null | ip=null | op=PUT_BLOCK {blockData=[blockId=conID: 2 locID: 102670697981477494 bcsId: 0,size=1048576]} | ret=SUCCESS |  
2019-08-24 07:08:43,437 | INFO  | DNAudit | user=null | ip=null | op=PUT_BLOCK {blockData=[blockId=conID: 2 locID: 102670697981477494 bcsId: 0,size=1048576]} | ret=SUCCESS |  
2019-08-24 07:08:43,437 | INFO  | DNAudit | user=null | ip=null | op=WRITE_CHUNK {blockData=conID: 2 locID: 102670697981477494 bcsId: 0} | ret=SUCCESS |  
2019-08-24 07:08:43,438 | INFO  | DNAudit | user=null | ip=null | op=PUT_BLOCK {blockData=[blockId=conID: 2 locID: 102670697981477494 bcsId: 0,size=2097152]} | ret=SUCCESS |  
2019-08-24 07:08:43,438 [grpc-default-executor-1] INFO  client.GrpcClientProtocolClient (GrpcClientProtocolClient.java:onNext(255)) - client-6EDD19400D46->06a4573b-67a1-41e3-a350-f896363bc636: receive RaftClientReply:client-6EDD19400D46->06a4573b-67a1-41e3-a350-f896363bc636@group-757E3781CD2A, cid=2874, SUCCESS, logIndex=0, commits[06a4573b-67a1-41e3-a350-f896363bc636:c4287, 0b725bbf-683b-4664-9a2e-3c9dd6e38bc1:c4283, 9193e3b7-ae04-484d-a740-c65c11559486:c4283]
2019-08-24 07:08:43,438 | INFO  | DNAudit | user=null | ip=null | op=WRITE_CHUNK {blockData=conID: 2 locID: 102670697981477494 bcsId: 0} | ret=SUCCESS |  
2019-08-24 07:08:43,438 | INFO  | DNAudit | user=null | ip=null | op=PUT_BLOCK {blockData=[blockId=conID: 2 locID: 102670697981477494 bcsId: 0,size=2097152]} | ret=SUCCESS |  
2019-08-24 07:08:43,444 | INFO  | DNAudit | user=null | ip=null | op=WRITE_CHUNK {blockData=conID: 2 locID: 102670697981477494 bcsId: 4285} | ret=SUCCESS |  
2019-08-24 07:08:43,447 | INFO  | DNAudit | user=null | ip=null | op=WRITE_CHUNK {blockData=conID: 2 locID: 102670697981477494 bcsId: 4285} | ret=SUCCESS |  
2019-08-24 07:08:43,450 | INFO  | DNAudit | user=null | ip=null | op=WRITE_CHUNK {blockData=conID: 2 locID: 102670697981477494 bcsId: 4285} | ret=SUCCESS |  
2019-08-24 07:08:43,457 | INFO  | DNAudit | user=null | ip=null | op=WRITE_CHUNK {blockData=conID: 2 locID: 102670697981477494 bcsId: 4285} | ret=SUCCESS |  
2019-08-24 07:08:43,457 | INFO  | DNAudit | user=null | ip=null | op=PUT_BLOCK {blockData=[blockId=conID: 2 locID: 102670697981477494 bcsId: 0,size=3145728]} | ret=SUCCESS |  
2019-08-24 07:08:43,458 [grpc-default-executor-0] INFO  client.GrpcClientProtocolClient (GrpcClientProtocolClient.java:onNext(255)) - client-6EDD19400D46->06a4573b-67a1-41e3-a350-f896363bc636: receive RaftClientReply:client-6EDD19400D46->06a4573b-67a1-41e3-a350-f896363bc636@group-757E3781CD2A, cid=2875, SUCCESS, logIndex=4290, commits[06a4573b-67a1-41e3-a350-f896363bc636:c4291, 0b725bbf-683b-4664-9a2e-3c9dd6e38bc1:c4289, 9193e3b7-ae04-484d-a740-c65c11559486:c4289]
2019-08-24 07:08:43,458 [grpc-default-executor-0] INFO  client.GrpcClientProtocolClient (GrpcClientProtocolClient.java:onNext(255)) - client-6EDD19400D46->06a4573b-67a1-41e3-a350-f896363bc636: receive RaftClientReply:client-6EDD19400D46->06a4573b-67a1-41e3-a350-f896363bc636@group-757E3781CD2A, cid=2876, SUCCESS, logIndex=4291, commits[06a4573b-67a1-41e3-a350-f896363bc636:c4291, 0b725bbf-683b-4664-9a2e-3c9dd6e38bc1:c4289, 9193e3b7-ae04-484d-a740-c65c11559486:c4289]
2019-08-24 07:08:43,463 | INFO  | DNAudit | user=null | ip=null | op=WRITE_CHUNK {blockData=conID: 2 locID: 102670697981477494 bcsId: 4291} | ret=SUCCESS |  
2019-08-24 07:08:43,466 | INFO  | DNAudit | user=null | ip=null | op=WRITE_CHUNK {blockData=conID: 2 locID: 102670697981477494 bcsId: 4291} | ret=SUCCESS |  
2019-08-24 07:08:43,466 | INFO  | DNAudit | user=null | ip=null | op=WRITE_CHUNK {blockData=conID: 2 locID: 102670697981477494 bcsId: 4291} | ret=SUCCESS |  
2019-08-24 07:08:43,470 | INFO  | DNAudit | user=null | ip=null | op=WRITE_CHUNK {blockData=conID: 2 locID: 102670697981477494 bcsId: 4285} | ret=SUCCESS |  
2019-08-24 07:08:43,473 | INFO  | DNAudit | user=null | ip=null | op=WRITE_CHUNK {blockData=conID: 2 locID: 102670697981477494 bcsId: 4285} | ret=SUCCESS |  
2019-08-24 07:08:43,484 | INFO  | DNAudit | user=null | ip=null | op=PUT_BLOCK {blockData=[blockId=conID: 2 locID: 102670697981477494 bcsId: 0,size=3145728]} | ret=SUCCESS |  
2019-08-24 07:08:43,484 | INFO  | DNAudit | user=null | ip=null | op=PUT_BLOCK {blockData=[blockId=conID: 2 locID: 102670697981477494 bcsId: 0,size=3145728]} | ret=SUCCESS |  
2019-08-24 07:08:43,484 | INFO  | DNAudit | user=null | ip=null | op=WRITE_CHUNK {blockData=conID: 2 locID: 102670697981477494 bcsId: 4291} | ret=SUCCESS |  
2019-08-24 07:08:43,485 | INFO  | DNAudit | user=null | ip=null | op=PUT_BLOCK {blockData=[blockId=conID: 2 locID: 102670697981477494 bcsId: 0,size=4194304]} | ret=SUCCESS |  
2019-08-24 07:08:43,485 [grpc-default-executor-0] INFO  client.GrpcClientProtocolClient (GrpcClientProtocolClient.java:onNext(255)) - client-6EDD19400D46->06a4573b-67a1-41e3-a350-f896363bc636: receive RaftClientReply:client-6EDD19400D46->06a4573b-67a1-41e3-a350-f896363bc636@group-757E3781CD2A, cid=2877, SUCCESS, logIndex=4294, commits[06a4573b-67a1-41e3-a350-f896363bc636:c4295, 0b725bbf-683b-4664-9a2e-3c9dd6e38bc1:c4291, 9193e3b7-ae04-484d-a740-c65c11559486:c4291]
2019-08-24 07:08:43,485 | INFO  | DNAudit | user=null | ip=null | op=WRITE_CHUNK {blockData=conID: 2 locID: 102670697981477494 bcsId: 4291} | ret=SUCCESS |  
2019-08-24 07:08:43,485 [grpc-default-executor-0] INFO  client.GrpcClientProtocolClient (GrpcClientProtocolClient.java:onNext(255)) - client-6EDD19400D46->06a4573b-67a1-41e3-a350-f896363bc636: receive RaftClientReply:client-6EDD19400D46->06a4573b-67a1-41e3-a350-f896363bc636@group-757E3781CD2A, cid=2878, SUCCESS, logIndex=4295, commits[06a4573b-67a1-41e3-a350-f896363bc636:c4295, 0b725bbf-683b-4664-9a2e-3c9dd6e38bc1:c4291, 9193e3b7-ae04-484d-a740-c65c11559486:c4291]
2019-08-24 07:08:43,486 | INFO  | DNAudit | user=null | ip=null | op=WRITE_CHUNK {blockData=conID: 2 locID: 102670697981477494 bcsId: 4291} | ret=SUCCESS |  
2019-08-24 07:08:43,488 | INFO  | DNAudit | user=null | ip=null | op=PUT_BLOCK {blockData=[blockId=conID: 2 locID: 102670697981477494 bcsId: 0,size=4194304]} | ret=SUCCESS |  
2019-08-24 07:08:43,488 | INFO  | DNAudit | user=null | ip=null | op=PUT_BLOCK {blockData=[blockId=conID: 2 locID: 102670697981477494 bcsId: 0,size=4194304]} | ret=SUCCESS |  
2019-08-24 07:08:43,489 [grpc-default-executor-2] INFO  client.GrpcClientProtocolClient (GrpcClientProtocolClient.java:onNext(255)) - client-6EDD19400D46->06a4573b-67a1-41e3-a350-f896363bc636: receive RaftClientReply:client-6EDD19400D46->06a4573b-67a1-41e3-a350-f896363bc636@group-757E3781CD2A, cid=2879, SUCCESS, logIndex=0, commits[06a4573b-67a1-41e3-a350-f896363bc636:c4297, 0b725bbf-683b-4664-9a2e-3c9dd6e38bc1:c4295, 9193e3b7-ae04-484d-a740-c65c11559486:c4295]
2019-08-24 07:08:43,494 | INFO  | SCMAudit | user=jenkins1000 | ip=192.168.69.125 | op=ALLOCATE_BLOCK {owner=61bacca8-15b6-4a50-8962-5e9786b18b0d, size=4194304, type=RATIS, factor=THREE} | ret=SUCCESS |  
2019-08-24 07:08:43,497 | INFO  | OMAudit | user=jenkins1000 | ip=127.0.0.1 | op=ALLOCATE_BLOCK {volume=vol-0-26988, bucket=bucket-0-20739, key=key-0-27353, dataSize=0, replicationType=null, replicationFactor=null, keyLocationInfo=null, clientID=102670695851229586} | ret=SUCCESS |  
2019-08-24 07:08:43,505 | INFO  | DNAudit | user=null | ip=null | op=WRITE_CHUNK {blockData=conID: 3 locID: 102670697987703415 bcsId: 0} | ret=SUCCESS |  
2019-08-24 07:08:43,506 | INFO  | DNAudit | user=null | ip=null | op=WRITE_CHUNK {blockData=conID: 3 locID: 102670697987703415 bcsId: 0} | ret=SUCCESS |  
2019-08-24 07:08:43,507 | INFO  | DNAudit | user=null | ip=null | op=WRITE_CHUNK {blockData=conID: 3 locID: 102670697987703415 bcsId: 0} | ret=SUCCESS |  
2019-08-24 07:08:43,508 | INFO  | DNAudit | user=null | ip=null | op=WRITE_CHUNK {blockData=conID: 3 locID: 102670697987703415 bcsId: 0} | ret=SUCCESS |  
2019-08-24 07:08:43,509 | INFO  | DNAudit | user=null | ip=null | op=WRITE_CHUNK {blockData=conID: 3 locID: 102670697987703415 bcsId: 0} | ret=SUCCESS |  
2019-08-24 07:08:43,509 | INFO  | DNAudit | user=null | ip=null | op=WRITE_CHUNK {blockData=conID: 3 locID: 102670697987703415 bcsId: 0} | ret=SUCCESS |  
2019-08-24 07:08:43,521 | INFO  | DNAudit | user=null | ip=null | op=WRITE_CHUNK {blockData=conID: 3 locID: 102670697987703415 bcsId: 0} | ret=SUCCESS |  
2019-08-24 07:08:43,521 | INFO  | DNAudit | user=null | ip=null | op=PUT_BLOCK {blockData=[blockId=conID: 3 locID: 102670697987703415 bcsId: 0,size=1048576]} | ret=SUCCESS |  
2019-08-24 07:08:43,521 | INFO  | DNAudit | user=null | ip=null | op=WRITE_CHUNK {blockData=conID: 3 locID: 102670697987703415 bcsId: 0} | ret=SUCCESS |  
2019-08-24 07:08:43,521 [grpc-default-executor-2] INFO  client.GrpcClientProtocolClient (GrpcClientProtocolClient.java:onNext(255)) - client-6EDD19400D46->06a4573b-67a1-41e3-a350-f896363bc636: receive RaftClientReply:client-6EDD19400D46->06a4573b-67a1-41e3-a350-f896363bc636@group-757E3781CD2A, cid=2880, SUCCESS, logIndex=4298, commits[06a4573b-67a1-41e3-a350-f896363bc636:c4300, 0b725bbf-683b-4664-9a2e-3c9dd6e38bc1:c4297, 9193e3b7-ae04-484d-a740-c65c11559486:c4297]
2019-08-24 07:08:43,522 | INFO  | DNAudit | user=null | ip=null | op=PUT_BLOCK {blockData=[blockId=conID: 3 locID: 102670697987703415 bcsId: 0,size=2097152]} | ret=SUCCESS |  
2019-08-24 07:08:43,522 [grpc-default-executor-2] INFO  client.GrpcClientProtocolClient (GrpcClientProtocolClient.java:onNext(255)) - client-6EDD19400D46->06a4573b-67a1-41e3-a350-f896363bc636: receive RaftClientReply:client-6EDD19400D46->06a4573b-67a1-41e3-a350-f896363bc636@group-757E3781CD2A, cid=2881, SUCCESS, logIndex=4299, commits[06a4573b-67a1-41e3-a350-f896363bc636:c4301, 0b725bbf-683b-4664-9a2e-3c9dd6e38bc1:c4297, 9193e3b7-ae04-484d-a740-c65c11559486:c4297]
2019-08-24 07:08:43,522 [grpc-default-executor-2] INFO  client.GrpcClientProtocolClient (GrpcClientProtocolClient.java:onNext(255)) - client-6EDD19400D46->06a4573b-67a1-41e3-a350-f896363bc636: receive RaftClientReply:client-6EDD19400D46->06a4573b-67a1-41e3-a350-f896363bc636@group-757E3781CD2A, cid=2882, SUCCESS, logIndex=4300, commits[06a4573b-67a1-41e3-a350-f896363bc636:c4301, 0b725bbf-683b-4664-9a2e-3c9dd6e38bc1:c4297, 9193e3b7-ae04-484d-a740-c65c11559486:c4297]
2019-08-24 07:08:43,522 [grpc-default-executor-2] INFO  client.GrpcClientProtocolClient (GrpcClientProtocolClient.java:onNext(255)) - client-6EDD19400D46->06a4573b-67a1-41e3-a350-f896363bc636: receive RaftClientReply:client-6EDD19400D46->06a4573b-67a1-41e3-a350-f896363bc636@group-757E3781CD2A, cid=2883, SUCCESS, logIndex=4301, commits[06a4573b-67a1-41e3-a350-f896363bc636:c4301, 0b725bbf-683b-4664-9a2e-3c9dd6e38bc1:c4297, 9193e3b7-ae04-484d-a740-c65c11559486:c4297]
2019-08-24 07:08:43,534 | INFO  | DNAudit | user=null | ip=null | op=WRITE_CHUNK {blockData=conID: 3 locID: 102670697987703415 bcsId: 0} | ret=SUCCESS |  
2019-08-24 07:08:43,534 | INFO  | DNAudit | user=null | ip=null | op=WRITE_CHUNK {blockData=conID: 3 locID: 102670697987703415 bcsId: 0} | ret=SUCCESS |  
2019-08-24 07:08:43,534 | INFO  | DNAudit | user=null | ip=null | op=PUT_BLOCK {blockData=[blockId=conID: 3 locID: 102670697987703415 bcsId: 0,size=1048576]} | ret=SUCCESS |  
2019-08-24 07:08:43,547 | INFO  | DNAudit | user=null | ip=null | op=WRITE_CHUNK {blockData=conID: 3 locID: 102670697987703415 bcsId: 0} | ret=SUCCESS |  
2019-08-24 07:08:43,547 | INFO  | DNAudit | user=null | ip=null | op=PUT_BLOCK {blockData=[blockId=conID: 3 locID: 102670697987703415 bcsId: 0,size=2097152]} | ret=SUCCESS |  
2019-08-24 07:08:43,547 | INFO  | DNAudit | user=null | ip=null | op=PUT_BLOCK {blockData=[blockId=conID: 3 locID: 102670697987703415 bcsId: 0,size=1048576]} | ret=SUCCESS |  
2019-08-24 07:08:43,547 | INFO  | DNAudit | user=null | ip=null | op=WRITE_CHUNK {blockData=conID: 3 locID: 102670697987703415 bcsId: 0} | ret=SUCCESS |  
2019-08-24 07:08:43,548 | INFO  | DNAudit | user=null | ip=null | op=PUT_BLOCK {blockData=[blockId=conID: 3 locID: 102670697987703415 bcsId: 0,size=2097152]} | ret=SUCCESS |  
2019-08-24 07:08:43,548 [grpc-default-executor-2] INFO  client.GrpcClientProtocolClient (GrpcClientProtocolClient.java:onNext(255)) - client-6EDD19400D46->06a4573b-67a1-41e3-a350-f896363bc636: receive RaftClientReply:client-6EDD19400D46->06a4573b-67a1-41e3-a350-f896363bc636@group-757E3781CD2A, cid=2884, SUCCESS, logIndex=0, commits[06a4573b-67a1-41e3-a350-f896363bc636:c4304, 0b725bbf-683b-4664-9a2e-3c9dd6e38bc1:c4299, 9193e3b7-ae04-484d-a740-c65c11559486:c4300]
2019-08-24 07:08:43,555 | INFO  | DNAudit | user=null | ip=null | op=WRITE_CHUNK {blockData=conID: 3 locID: 102670697987703415 bcsId: 4301} | ret=SUCCESS |  
2019-08-24 07:08:43,556 | INFO  | DNAudit | user=null | ip=null | op=WRITE_CHUNK {blockData=conID: 3 locID: 102670697987703415 bcsId: 4301} | ret=SUCCESS |  
2019-08-24 07:08:43,556 | INFO  | DNAudit | user=null | ip=null | op=WRITE_CHUNK {blockData=conID: 3 locID: 102670697987703415 bcsId: 4301} | ret=SUCCESS |  
2019-08-24 07:08:43,569 | INFO  | DNAudit | user=null | ip=null | op=WRITE_CHUNK {blockData=conID: 3 locID: 102670697987703415 bcsId: 4301} | ret=SUCCESS |  
2019-08-24 07:08:43,570 | INFO  | DNAudit | user=null | ip=null | op=PUT_BLOCK {blockData=[blockId=conID: 3 locID: 102670697987703415 bcsId: 0,size=3145728]} | ret=SUCCESS |  
2019-08-24 07:08:43,570 [grpc-default-executor-1] INFO  client.GrpcClientProtocolClient (GrpcClientProtocolClient.java:onNext(255)) - client-6EDD19400D46->06a4573b-67a1-41e3-a350-f896363bc636: receive RaftClientReply:client-6EDD19400D46->06a4573b-67a1-41e3-a350-f896363bc636@group-757E3781CD2A, cid=2885, SUCCESS, logIndex=4306, commits[06a4573b-67a1-41e3-a350-f896363bc636:c4307, 0b725bbf-683b-4664-9a2e-3c9dd6e38bc1:c4305, 9193e3b7-ae04-484d-a740-c65c11559486:c4305]
2019-08-24 07:08:43,570 [grpc-default-executor-1] INFO  client.GrpcClientProtocolClient (GrpcClientProtocolClient.java:onNext(255)) - client-6EDD19400D46->06a4573b-67a1-41e3-a350-f896363bc636: receive RaftClientReply:client-6EDD19400D46->06a4573b-67a1-41e3-a350-f896363bc636@group-757E3781CD2A, cid=2886, SUCCESS, logIndex=4307, commits[06a4573b-67a1-41e3-a350-f896363bc636:c4307, 0b725bbf-683b-4664-9a2e-3c9dd6e38bc1:c4305, 9193e3b7-ae04-484d-a740-c65c11559486:c4305]
2019-08-24 07:08:43,577 | INFO  | DNAudit | user=null | ip=null | op=WRITE_CHUNK {blockData=conID: 3 locID: 102670697987703415 bcsId: 4307} | ret=SUCCESS |  
2019-08-24 07:08:43,579 | INFO  | DNAudit | user=null | ip=null | op=WRITE_CHUNK {blockData=conID: 3 locID: 102670697987703415 bcsId: 4307} | ret=SUCCESS |  
2019-08-24 07:08:43,579 | INFO  | DNAudit | user=null | ip=null | op=WRITE_CHUNK {blockData=conID: 3 locID: 102670697987703415 bcsId: 4307} | ret=SUCCESS |  
2019-08-24 07:08:43,586 | INFO  | DNAudit | user=null | ip=null | op=WRITE_CHUNK {blockData=conID: 3 locID: 102670697987703415 bcsId: 4301} | ret=SUCCESS |  
2019-08-24 07:08:43,587 | INFO  | DNAudit | user=null | ip=null | op=WRITE_CHUNK {blockData=conID: 3 locID: 102670697987703415 bcsId: 4301} | ret=SUCCESS |  
2019-08-24 07:08:43,587 | INFO  | DNAudit | user=null | ip=null | op=PUT_BLOCK {blockData=[blockId=conID: 3 locID: 102670697987703415 bcsId: 0,size=3145728]} | ret=SUCCESS |  
2019-08-24 07:08:43,587 | INFO  | DNAudit | user=null | ip=null | op=PUT_BLOCK {blockData=[blockId=conID: 3 locID: 102670697987703415 bcsId: 0,size=3145728]} | ret=SUCCESS |  
2019-08-24 07:08:43,590 | INFO  | DNAudit | user=null | ip=null | op=WRITE_CHUNK {blockData=conID: 3 locID: 102670697987703415 bcsId: 4307} | ret=SUCCESS |  
2019-08-24 07:08:43,590 | INFO  | DNAudit | user=null | ip=null | op=PUT_BLOCK {blockData=[blockId=conID: 3 locID: 102670697987703415 bcsId: 0,size=4194304]} | ret=SUCCESS |  
2019-08-24 07:08:43,591 [grpc-default-executor-2] INFO  client.GrpcClientProtocolClient (GrpcClientProtocolClient.java:onNext(255)) - client-6EDD19400D46->06a4573b-67a1-41e3-a350-f896363bc636: receive RaftClientReply:client-6EDD19400D46->06a4573b-67a1-41e3-a350-f896363bc636@group-757E3781CD2A, cid=2887, SUCCESS, logIndex=4310, commits[06a4573b-67a1-41e3-a350-f896363bc636:c4311, 0b725bbf-683b-4664-9a2e-3c9dd6e38bc1:c4307, 9193e3b7-ae04-484d-a740-c65c11559486:c4307]
2019-08-24 07:08:43,591 [grpc-default-executor-2] INFO  client.GrpcClientProtocolClient (GrpcClientProtocolClient.java:onNext(255)) - client-6EDD19400D46->06a4573b-67a1-41e3-a350-f896363bc636: receive RaftClientReply:client-6EDD19400D46->06a4573b-67a1-41e3-a350-f896363bc636@group-757E3781CD2A, cid=2888, SUCCESS, logIndex=4311, commits[06a4573b-67a1-41e3-a350-f896363bc636:c4311, 0b725bbf-683b-4664-9a2e-3c9dd6e38bc1:c4307, 9193e3b7-ae04-484d-a740-c65c11559486:c4307]
2019-08-24 07:08:43,601 | INFO  | DNAudit | user=null | ip=null | op=WRITE_CHUNK {blockData=conID: 3 locID: 102670697987703415 bcsId: 4307} | ret=SUCCESS |  
2019-08-24 07:08:43,602 | INFO  | DNAudit | user=null | ip=null | op=PUT_BLOCK {blockData=[blockId=conID: 3 locID: 102670697987703415 bcsId: 0,size=4194304]} | ret=SUCCESS |  
2019-08-24 07:08:43,604 | INFO  | DNAudit | user=null | ip=null | op=WRITE_CHUNK {blockData=conID: 3 locID: 102670697987703415 bcsId: 4307} | ret=SUCCESS |  
2019-08-24 07:08:43,604 | INFO  | DNAudit | user=null | ip=null | op=PUT_BLOCK {blockData=[blockId=conID: 3 locID: 102670697987703415 bcsId: 0,size=4194304]} | ret=SUCCESS |  
2019-08-24 07:08:43,604 [grpc-default-executor-2] INFO  client.GrpcClientProtocolClient (GrpcClientProtocolClient.java:onNext(255)) - client-6EDD19400D46->06a4573b-67a1-41e3-a350-f896363bc636: receive RaftClientReply:client-6EDD19400D46->06a4573b-67a1-41e3-a350-f896363bc636@group-757E3781CD2A, cid=2889, SUCCESS, logIndex=0, commits[06a4573b-67a1-41e3-a350-f896363bc636:c4312, 0b725bbf-683b-4664-9a2e-3c9dd6e38bc1:c4311, 9193e3b7-ae04-484d-a740-c65c11559486:c4311]
2019-08-24 07:08:43,612 | INFO  | SCMAudit | user=jenkins1000 | ip=192.168.69.125 | op=ALLOCATE_BLOCK {owner=61bacca8-15b6-4a50-8962-5e9786b18b0d, size=4194304, type=RATIS, factor=THREE} | ret=SUCCESS |  
2019-08-24 07:08:43,616 | INFO  | OMAudit | user=jenkins1000 | ip=127.0.0.1 | op=ALLOCATE_BLOCK {volume=vol-0-26988, bucket=bucket-0-20739, key=key-0-27353, dataSize=0, replicationType=null, replicationFactor=null, keyLocationInfo=null, clientID=102670695851229586} | ret=SUCCESS |  
2019-08-24 07:08:43,621 | INFO  | DNAudit | user=null | ip=null | op=WRITE_CHUNK {blockData=conID: 1 locID: 102670697995436664 bcsId: 0} | ret=SUCCESS |  
2019-08-24 07:08:43,624 | INFO  | DNAudit | user=null | ip=null | op=WRITE_CHUNK {blockData=conID: 1 locID: 102670697995436664 bcsId: 0} | ret=SUCCESS |  
2019-08-24 07:08:43,625 | INFO  | DNAudit | user=null | ip=null | op=WRITE_CHUNK {blockData=conID: 1 locID: 102670697995436664 bcsId: 0} | ret=SUCCESS |  
2019-08-24 07:08:43,625 | INFO  | DNAudit | user=null | ip=null | op=WRITE_CHUNK {blockData=conID: 1 locID: 102670697995436664 bcsId: 0} | ret=SUCCESS |  
2019-08-24 07:08:43,626 | INFO  | DNAudit | user=null | ip=null | op=WRITE_CHUNK {blockData=conID: 1 locID: 102670697995436664 bcsId: 0} | ret=SUCCESS |  
2019-08-24 07:08:43,626 | INFO  | DNAudit | user=null | ip=null | op=WRITE_CHUNK {blockData=conID: 1 locID: 102670697995436664 bcsId: 0} | ret=SUCCESS |  
2019-08-24 07:08:43,634 | INFO  | DNAudit | user=null | ip=null | op=WRITE_CHUNK {blockData=conID: 1 locID: 102670697995436664 bcsId: 0} | ret=SUCCESS |  
2019-08-24 07:08:43,634 | INFO  | DNAudit | user=null | ip=null | op=PUT_BLOCK {blockData=[blockId=conID: 1 locID: 102670697995436664 bcsId: 0,size=1048576]} | ret=SUCCESS |  
2019-08-24 07:08:43,635 | INFO  | DNAudit | user=null | ip=null | op=WRITE_CHUNK {blockData=conID: 1 locID: 102670697995436664 bcsId: 0} | ret=SUCCESS |  
2019-08-24 07:08:43,635 [grpc-default-executor-5] INFO  client.GrpcClientProtocolClient (GrpcClientProtocolClient.java:onNext(255)) - client-6EDD19400D46->06a4573b-67a1-41e3-a350-f896363bc636: receive RaftClientReply:client-6EDD19400D46->06a4573b-67a1-41e3-a350-f896363bc636@group-757E3781CD2A, cid=2890, SUCCESS, logIndex=4314, commits[06a4573b-67a1-41e3-a350-f896363bc636:c4316, 0b725bbf-683b-4664-9a2e-3c9dd6e38bc1:c4313, 9193e3b7-ae04-484d-a740-c65c11559486:c4313]
2019-08-24 07:08:43,635 | INFO  | DNAudit | user=null | ip=null | op=PUT_BLOCK {blockData=[blockId=conID: 1 locID: 102670697995436664 bcsId: 0,size=2097152]} | ret=SUCCESS |  
2019-08-24 07:08:43,635 [grpc-default-executor-5] INFO  client.GrpcClientProtocolClient (GrpcClientProtocolClient.java:onNext(255)) - client-6EDD19400D46->06a4573b-67a1-41e3-a350-f896363bc636: receive RaftClientReply:client-6EDD19400D46->06a4573b-67a1-41e3-a350-f896363bc636@group-757E3781CD2A, cid=2891, SUCCESS, logIndex=4315, commits[06a4573b-67a1-41e3-a350-f896363bc636:c4317, 0b725bbf-683b-4664-9a2e-3c9dd6e38bc1:c4313, 9193e3b7-ae04-484d-a740-c65c11559486:c4313]
2019-08-24 07:08:43,635 [grpc-default-executor-5] INFO  client.GrpcClientProtocolClient (GrpcClientProtocolClient.java:onNext(255)) - client-6EDD19400D46->06a4573b-67a1-41e3-a350-f896363bc636: receive RaftClientReply:client-6EDD19400D46->06a4573b-67a1-41e3-a350-f896363bc636@group-757E3781CD2A, cid=2892, SUCCESS, logIndex=4316, commits[06a4573b-67a1-41e3-a350-f896363bc636:c4317, 0b725bbf-683b-4664-9a2e-3c9dd6e38bc1:c4313, 9193e3b7-ae04-484d-a740-c65c11559486:c4313]
2019-08-24 07:08:43,636 [grpc-default-executor-5] INFO  client.GrpcClientProtocolClient (GrpcClientProtocolClient.java:onNext(255)) - client-6EDD19400D46->06a4573b-67a1-41e3-a350-f896363bc636: receive RaftClientReply:client-6EDD19400D46->06a4573b-67a1-41e3-a350-f896363bc636@group-757E3781CD2A, cid=2893, SUCCESS, logIndex=4317, commits[06a4573b-67a1-41e3-a350-f896363bc636:c4317, 0b725bbf-683b-4664-9a2e-3c9dd6e38bc1:c4313, 9193e3b7-ae04-484d-a740-c65c11559486:c4313]
2019-08-24 07:08:43,645 | INFO  | DNAudit | user=null | ip=null | op=WRITE_CHUNK {blockData=conID: 1 locID: 102670697995436664 bcsId: 0} | ret=SUCCESS |  
2019-08-24 07:08:43,645 | INFO  | DNAudit | user=null | ip=null | op=WRITE_CHUNK {blockData=conID: 1 locID: 102670697995436664 bcsId: 0} | ret=SUCCESS |  
2019-08-24 07:08:43,645 | INFO  | DNAudit | user=null | ip=null | op=PUT_BLOCK {blockData=[blockId=conID: 1 locID: 102670697995436664 bcsId: 0,size=1048576]} | ret=SUCCESS |  
2019-08-24 07:08:43,657 | INFO  | DNAudit | user=null | ip=null | op=PUT_BLOCK {blockData=[blockId=conID: 1 locID: 102670697995436664 bcsId: 0,size=1048576]} | ret=SUCCESS |  
2019-08-24 07:08:43,657 | INFO  | DNAudit | user=null | ip=null | op=WRITE_CHUNK {blockData=conID: 1 locID: 102670697995436664 bcsId: 0} | ret=SUCCESS |  
2019-08-24 07:08:43,657 | INFO  | DNAudit | user=null | ip=null | op=PUT_BLOCK {blockData=[blockId=conID: 1 locID: 102670697995436664 bcsId: 0,size=2097152]} | ret=SUCCESS |  
2019-08-24 07:08:43,657 | INFO  | DNAudit | user=null | ip=null | op=WRITE_CHUNK {blockData=conID: 1 locID: 102670697995436664 bcsId: 0} | ret=SUCCESS |  
2019-08-24 07:08:43,657 | INFO  | DNAudit | user=null | ip=null | op=PUT_BLOCK {blockData=[blockId=conID: 1 locID: 102670697995436664 bcsId: 0,size=2097152]} | ret=SUCCESS |  
2019-08-24 07:08:43,657 [grpc-default-executor-5] INFO  client.GrpcClientProtocolClient (GrpcClientProtocolClient.java:onNext(255)) - client-6EDD19400D46->06a4573b-67a1-41e3-a350-f896363bc636: receive RaftClientReply:client-6EDD19400D46->06a4573b-67a1-41e3-a350-f896363bc636@group-757E3781CD2A, cid=2894, SUCCESS, logIndex=0, commits[06a4573b-67a1-41e3-a350-f896363bc636:c4320, 0b725bbf-683b-4664-9a2e-3c9dd6e38bc1:c4315, 9193e3b7-ae04-484d-a740-c65c11559486:c4316]
2019-08-24 07:08:43,663 | INFO  | DNAudit | user=null | ip=null | op=WRITE_CHUNK {blockData=conID: 1 locID: 102670697995436664 bcsId: 4317} | ret=SUCCESS |  
2019-08-24 07:08:43,666 | INFO  | DNAudit | user=null | ip=null | op=WRITE_CHUNK {blockData=conID: 1 locID: 102670697995436664 bcsId: 4317} | ret=SUCCESS |  
2019-08-24 07:08:43,666 | INFO  | DNAudit | user=null | ip=null | op=WRITE_CHUNK {blockData=conID: 1 locID: 102670697995436664 bcsId: 4317} | ret=SUCCESS |  
2019-08-24 07:08:43,675 | INFO  | DNAudit | user=null | ip=null | op=WRITE_CHUNK {blockData=conID: 1 locID: 102670697995436664 bcsId: 4317} | ret=SUCCESS |  
2019-08-24 07:08:43,676 | INFO  | DNAudit | user=null | ip=null | op=PUT_BLOCK {blockData=[blockId=conID: 1 locID: 102670697995436664 bcsId: 0,size=3145728]} | ret=SUCCESS |  
2019-08-24 07:08:43,676 [grpc-default-executor-5] INFO  client.GrpcClientProtocolClient (GrpcClientProtocolClient.java:onNext(255)) - client-6EDD19400D46->06a4573b-67a1-41e3-a350-f896363bc636: receive RaftClientReply:client-6EDD19400D46->06a4573b-67a1-41e3-a350-f896363bc636@group-757E3781CD2A, cid=2895, SUCCESS, logIndex=4322, commits[06a4573b-67a1-41e3-a350-f896363bc636:c4323, 0b725bbf-683b-4664-9a2e-3c9dd6e38bc1:c4321, 9193e3b7-ae04-484d-a740-c65c11559486:c4321]
2019-08-24 07:08:43,676 [grpc-default-executor-5] INFO  client.GrpcClientProtocolClient (GrpcClientProtocolClient.java:onNext(255)) - client-6EDD19400D46->06a4573b-67a1-41e3-a350-f896363bc636: receive RaftClientReply:client-6EDD19400D46->06a4573b-67a1-41e3-a350-f896363bc636@group-757E3781CD2A, cid=2896, SUCCESS, logIndex=4323, commits[06a4573b-67a1-41e3-a350-f896363bc636:c4323, 0b725bbf-683b-4664-9a2e-3c9dd6e38bc1:c4321, 9193e3b7-ae04-484d-a740-c65c11559486:c4321]
2019-08-24 07:08:43,682 | INFO  | DNAudit | user=null | ip=null | op=WRITE_CHUNK {blockData=conID: 1 locID: 102670697995436664 bcsId: 4323} | ret=SUCCESS |  
2019-08-24 07:08:43,685 | INFO  | DNAudit | user=null | ip=null | op=WRITE_CHUNK {blockData=conID: 1 locID: 102670697995436664 bcsId: 4323} | ret=SUCCESS |  
2019-08-24 07:08:43,685 | INFO  | DNAudit | user=null | ip=null | op=WRITE_CHUNK {blockData=conID: 1 locID: 102670697995436664 bcsId: 4323} | ret=SUCCESS |  
2019-08-24 07:08:43,687 | INFO  | DNAudit | user=null | ip=null | op=WRITE_CHUNK {blockData=conID: 1 locID: 102670697995436664 bcsId: 4317} | ret=SUCCESS |  
2019-08-24 07:08:43,687 | INFO  | DNAudit | user=null | ip=null | op=WRITE_CHUNK {blockData=conID: 1 locID: 102670697995436664 bcsId: 4317} | ret=SUCCESS |  
2019-08-24 07:08:43,690 | INFO  | DNAudit | user=null | ip=null | op=PUT_BLOCK {blockData=[blockId=conID: 1 locID: 102670697995436664 bcsId: 0,size=3145728]} | ret=SUCCESS |  
2019-08-24 07:08:43,690 | INFO  | DNAudit | user=null | ip=null | op=PUT_BLOCK {blockData=[blockId=conID: 1 locID: 102670697995436664 bcsId: 0,size=3145728]} | ret=SUCCESS |  
2019-08-24 07:08:43,690 | INFO  | DNAudit | user=null | ip=null | op=WRITE_CHUNK {blockData=conID: 1 locID: 102670697995436664 bcsId: 4323} | ret=SUCCESS |  
2019-08-24 07:08:43,691 | INFO  | DNAudit | user=null | ip=null | op=PUT_BLOCK {blockData=[blockId=conID: 1 locID: 102670697995436664 bcsId: 0,size=4194304]} | ret=SUCCESS |  
2019-08-24 07:08:43,691 [grpc-default-executor-2] INFO  client.GrpcClientProtocolClient (GrpcClientProtocolClient.java:onNext(255)) - client-6EDD19400D46->06a4573b-67a1-41e3-a350-f896363bc636: receive RaftClientReply:client-6EDD19400D46->06a4573b-67a1-41e3-a350-f896363bc636@group-757E3781CD2A, cid=2897, SUCCESS, logIndex=4326, commits[06a4573b-67a1-41e3-a350-f896363bc636:c4327, 0b725bbf-683b-4664-9a2e-3c9dd6e38bc1:c4323, 9193e3b7-ae04-484d-a740-c65c11559486:c4323]
2019-08-24 07:08:43,691 [grpc-default-executor-2] INFO  client.GrpcClientProtocolClient (GrpcClientProtocolClient.java:onNext(255)) - client-6EDD19400D46->06a4573b-67a1-41e3-a350-f896363bc636: receive RaftClientReply:client-6EDD19400D46->06a4573b-67a1-41e3-a350-f896363bc636@group-757E3781CD2A, cid=2898, SUCCESS, logIndex=4327, commits[06a4573b-67a1-41e3-a350-f896363bc636:c4327, 0b725bbf-683b-4664-9a2e-3c9dd6e38bc1:c4323, 9193e3b7-ae04-484d-a740-c65c11559486:c4323]
 0.00% |█                                                                                                    |  0/1 Time: 0:00:322019-08-24 07:08:43,849 | INFO  | SCMAudit | user=jenkins1000 | ip=192.168.69.125 | op=SEND_HEARTBEAT {datanodeUUID=0b725bbf-683b-4664-9a2e-3c9dd6e38bc1, command=[]} | ret=SUCCESS |  
2019-08-24 07:08:43,849 | INFO  | SCMAudit | user=jenkins1000 | ip=192.168.69.125 | op=SEND_HEARTBEAT {datanodeUUID=9193e3b7-ae04-484d-a740-c65c11559486, command=[]} | ret=SUCCESS |  
2019-08-24 07:08:43,850 | INFO  | SCMAudit | user=jenkins1000 | ip=192.168.69.125 | op=SEND_HEARTBEAT {datanodeUUID=b8548da6-9cc6-46be-8dd4-5219531f5960, command=[]} | ret=SUCCESS |  
2019-08-24 07:08:43,849 | INFO  | SCMAudit | user=jenkins1000 | ip=192.168.69.125 | op=SEND_HEARTBEAT {datanodeUUID=25ce0803-6f34-4c69-82c0-892f08679042, command=[]} | ret=SUCCESS |  
2019-08-24 07:08:43,850 | INFO  | SCMAudit | user=jenkins1000 | ip=192.168.69.125 | op=SEND_HEARTBEAT {datanodeUUID=06a4573b-67a1-41e3-a350-f896363bc636, command=[]} | ret=SUCCESS |  
2019-08-24 07:08:43,850 | INFO  | DNAudit | user=null | ip=null | op=WRITE_CHUNK {blockData=conID: 1 locID: 102670697995436664 bcsId: 4323} | ret=SUCCESS |  
2019-08-24 07:08:43,850 | INFO  | DNAudit | user=null | ip=null | op=WRITE_CHUNK {blockData=conID: 1 locID: 102670697995436664 bcsId: 4323} | ret=SUCCESS |  
2019-08-24 07:08:43,851 | INFO  | DNAudit | user=null | ip=null | op=PUT_BLOCK {blockData=[blockId=conID: 1 locID: 102670697995436664 bcsId: 0,size=4194304]} | ret=SUCCESS |  
2019-08-24 07:08:43,851 | INFO  | DNAudit | user=null | ip=null | op=PUT_BLOCK {blockData=[blockId=conID: 1 locID: 102670697995436664 bcsId: 0,size=4194304]} | ret=SUCCESS |  
2019-08-24 07:08:43,851 [grpc-default-executor-2] INFO  client.GrpcClientProtocolClient (GrpcClientProtocolClient.java:onNext(255)) - client-6EDD19400D46->06a4573b-67a1-41e3-a350-f896363bc636: receive RaftClientReply:client-6EDD19400D46->06a4573b-67a1-41e3-a350-f896363bc636@group-757E3781CD2A, cid=2899, SUCCESS, logIndex=0, commits[06a4573b-67a1-41e3-a350-f896363bc636:c4329, 0b725bbf-683b-4664-9a2e-3c9dd6e38bc1:c4327, 9193e3b7-ae04-484d-a740-c65c11559486:c4327]
2019-08-24 07:08:43,858 | INFO  | SCMAudit | user=jenkins1000 | ip=192.168.69.125 | op=ALLOCATE_BLOCK {owner=61bacca8-15b6-4a50-8962-5e9786b18b0d, size=4194304, type=RATIS, factor=THREE} | ret=SUCCESS |  
2019-08-24 07:08:43,863 | INFO  | OMAudit | user=jenkins1000 | ip=127.0.0.1 | op=ALLOCATE_BLOCK {volume=vol-0-26988, bucket=bucket-0-20739, key=key-0-27353, dataSize=0, replicationType=null, replicationFactor=null, keyLocationInfo=null, clientID=102670695851229586} | ret=SUCCESS |  
2019-08-24 07:08:43,872 | INFO  | DNAudit | user=null | ip=null | op=WRITE_CHUNK {blockData=conID: 2 locID: 102670698011558521 bcsId: 0} | ret=SUCCESS |  
2019-08-24 07:08:43,875 | INFO  | DNAudit | user=null | ip=null | op=WRITE_CHUNK {blockData=conID: 2 locID: 102670698011558521 bcsId: 0} | ret=SUCCESS |  
2019-08-24 07:08:43,877 | INFO  | DNAudit | user=null | ip=null | op=WRITE_CHUNK {blockData=conID: 2 locID: 102670698011558521 bcsId: 0} | ret=SUCCESS |  
2019-08-24 07:08:43,877 | INFO  | DNAudit | user=null | ip=null | op=WRITE_CHUNK {blockData=conID: 2 locID: 102670698011558521 bcsId: 0} | ret=SUCCESS |  
2019-08-24 07:08:43,879 | INFO  | DNAudit | user=null | ip=null | op=WRITE_CHUNK {blockData=conID: 2 locID: 102670698011558521 bcsId: 0} | ret=SUCCESS |  
2019-08-24 07:08:43,879 | INFO  | DNAudit | user=null | ip=null | op=WRITE_CHUNK {blockData=conID: 2 locID: 102670698011558521 bcsId: 0} | ret=SUCCESS |  
2019-08-24 07:08:43,887 | INFO  | DNAudit | user=null | ip=null | op=WRITE_CHUNK {blockData=conID: 2 locID: 102670698011558521 bcsId: 0} | ret=SUCCESS |  
2019-08-24 07:08:43,888 | INFO  | DNAudit | user=null | ip=null | op=PUT_BLOCK {blockData=[blockId=conID: 2 locID: 102670698011558521 bcsId: 0,size=1048576]} | ret=SUCCESS |  
2019-08-24 07:08:43,888 [grpc-default-executor-1] INFO  client.GrpcClientProtocolClient (GrpcClientProtocolClient.java:onNext(255)) - client-6EDD19400D46->06a4573b-67a1-41e3-a350-f896363bc636: receive RaftClientReply:client-6EDD19400D46->06a4573b-67a1-41e3-a350-f896363bc636@group-757E3781CD2A, cid=2900, SUCCESS, logIndex=4330, commits[06a4573b-67a1-41e3-a350-f896363bc636:c4331, 0b725bbf-683b-4664-9a2e-3c9dd6e38bc1:c4329, 9193e3b7-ae04-484d-a740-c65c11559486:c4329]
2019-08-24 07:08:43,888 [grpc-default-executor-1] INFO  client.GrpcClientProtocolClient (GrpcClientProtocolClient.java:onNext(255)) - client-6EDD19400D46->06a4573b-67a1-41e3-a350-f896363bc636: receive RaftClientReply:client-6EDD19400D46->06a4573b-67a1-41e3-a350-f896363bc636@group-757E3781CD2A, cid=2901, SUCCESS, logIndex=4331, commits[06a4573b-67a1-41e3-a350-f896363bc636:c4331, 0b725bbf-683b-4664-9a2e-3c9dd6e38bc1:c4329, 9193e3b7-ae04-484d-a740-c65c11559486:c4329]
2019-08-24 07:08:43,898 | INFO  | DNAudit | user=null | ip=null | op=WRITE_CHUNK {blockData=conID: 2 locID: 102670698011558521 bcsId: 0} | ret=SUCCESS |  
2019-08-24 07:08:43,899 | INFO  | DNAudit | user=null | ip=null | op=WRITE_CHUNK {blockData=conID: 2 locID: 102670698011558521 bcsId: 0} | ret=SUCCESS |  
2019-08-24 07:08:43,899 | INFO  | DNAudit | user=null | ip=null | op=PUT_BLOCK {blockData=[blockId=conID: 2 locID: 102670698011558521 bcsId: 0,size=2097152]} | ret=SUCCESS |  
2019-08-24 07:08:43,899 [grpc-default-executor-1] INFO  client.GrpcClientProtocolClient (GrpcClientProtocolClient.java:onNext(255)) - client-6EDD19400D46->06a4573b-67a1-41e3-a350-f896363bc636: receive RaftClientReply:client-6EDD19400D46->06a4573b-67a1-41e3-a350-f896363bc636@group-757E3781CD2A, cid=2902, SUCCESS, logIndex=4332, commits[06a4573b-67a1-41e3-a350-f896363bc636:c4333, 0b725bbf-683b-4664-9a2e-3c9dd6e38bc1:c4329, 9193e3b7-ae04-484d-a740-c65c11559486:c4329]
2019-08-24 07:08:43,900 [grpc-default-executor-1] INFO  client.GrpcClientProtocolClient (GrpcClientProtocolClient.java:onNext(255)) - client-6EDD19400D46->06a4573b-67a1-41e3-a350-f896363bc636: receive RaftClientReply:client-6EDD19400D46->06a4573b-67a1-41e3-a350-f896363bc636@group-757E3781CD2A, cid=2903, SUCCESS, logIndex=4333, commits[06a4573b-67a1-41e3-a350-f896363bc636:c4334, 0b725bbf-683b-4664-9a2e-3c9dd6e38bc1:c4329, 9193e3b7-ae04-484d-a740-c65c11559486:c4330]
2019-08-24 07:08:43,900 | INFO  | DNAudit | user=null | ip=null | op=PUT_BLOCK {blockData=[blockId=conID: 2 locID: 102670698011558521 bcsId: 0,size=1048576]} | ret=SUCCESS |  
2019-08-24 07:08:43,901 | INFO  | DNAudit | user=null | ip=null | op=WRITE_CHUNK {blockData=conID: 2 locID: 102670698011558521 bcsId: 0} | ret=SUCCESS |  
2019-08-24 07:08:43,901 | INFO  | DNAudit | user=null | ip=null | op=PUT_BLOCK {blockData=[blockId=conID: 2 locID: 102670698011558521 bcsId: 0,size=2097152]} | ret=SUCCESS |  
2019-08-24 07:08:43,910 | INFO  | DNAudit | user=null | ip=null | op=WRITE_CHUNK {blockData=conID: 2 locID: 102670698011558521 bcsId: 0} | ret=SUCCESS |  
2019-08-24 07:08:43,910 | INFO  | DNAudit | user=null | ip=null | op=PUT_BLOCK {blockData=[blockId=conID: 2 locID: 102670698011558521 bcsId: 0,size=1048576]} | ret=SUCCESS |  
2019-08-24 07:08:43,910 | INFO  | DNAudit | user=null | ip=null | op=WRITE_CHUNK {blockData=conID: 2 locID: 102670698011558521 bcsId: 0} | ret=SUCCESS |  
2019-08-24 07:08:43,910 | INFO  | DNAudit | user=null | ip=null | op=PUT_BLOCK {blockData=[blockId=conID: 2 locID: 102670698011558521 bcsId: 0,size=2097152]} | ret=SUCCESS |  
2019-08-24 07:08:43,910 [grpc-default-executor-1] INFO  client.GrpcClientProtocolClient (GrpcClientProtocolClient.java:onNext(255)) - client-6EDD19400D46->06a4573b-67a1-41e3-a350-f896363bc636: receive RaftClientReply:client-6EDD19400D46->06a4573b-67a1-41e3-a350-f896363bc636@group-757E3781CD2A, cid=2904, SUCCESS, logIndex=0, commits[06a4573b-67a1-41e3-a350-f896363bc636:c4336, 0b725bbf-683b-4664-9a2e-3c9dd6e38bc1:c4331, 9193e3b7-ae04-484d-a740-c65c11559486:c4333]
2019-08-24 07:08:43,918 | INFO  | DNAudit | user=null | ip=null | op=WRITE_CHUNK {blockData=conID: 2 locID: 102670698011558521 bcsId: 4333} | ret=SUCCESS |  
2019-08-24 07:08:43,922 | INFO  | DNAudit | user=null | ip=null | op=WRITE_CHUNK {blockData=conID: 2 locID: 102670698011558521 bcsId: 4333} | ret=SUCCESS |  
2019-08-24 07:08:43,922 | INFO  | DNAudit | user=null | ip=null | op=WRITE_CHUNK {blockData=conID: 2 locID: 102670698011558521 bcsId: 4333} | ret=SUCCESS |  
2019-08-24 07:08:43,931 | INFO  | DNAudit | user=null | ip=null | op=WRITE_CHUNK {blockData=conID: 2 locID: 102670698011558521 bcsId: 4333} | ret=SUCCESS |  
2019-08-24 07:08:43,932 | INFO  | DNAudit | user=null | ip=null | op=PUT_BLOCK {blockData=[blockId=conID: 2 locID: 102670698011558521 bcsId: 0,size=3145728]} | ret=SUCCESS |  
2019-08-24 07:08:43,932 [grpc-default-executor-0] INFO  client.GrpcClientProtocolClient (GrpcClientProtocolClient.java:onNext(255)) - client-6EDD19400D46->06a4573b-67a1-41e3-a350-f896363bc636: receive RaftClientReply:client-6EDD19400D46->06a4573b-67a1-41e3-a350-f896363bc636@group-757E3781CD2A, cid=2905, SUCCESS, logIndex=4337, commits[06a4573b-67a1-41e3-a350-f896363bc636:c4338, 0b725bbf-683b-4664-9a2e-3c9dd6e38bc1:c4336, 9193e3b7-ae04-484d-a740-c65c11559486:c4336]
2019-08-24 07:08:43,932 [grpc-default-executor-0] INFO  client.GrpcClientProtocolClient (GrpcClientProtocolClient.java:onNext(255)) - client-6EDD19400D46->06a4573b-67a1-41e3-a350-f896363bc636: receive RaftClientReply:client-6EDD19400D46->06a4573b-67a1-41e3-a350-f896363bc636@group-757E3781CD2A, cid=2906, SUCCESS, logIndex=4338, commits[06a4573b-67a1-41e3-a350-f896363bc636:c4338, 0b725bbf-683b-4664-9a2e-3c9dd6e38bc1:c4336, 9193e3b7-ae04-484d-a740-c65c11559486:c4336]
2019-08-24 07:08:43,943 | INFO  | DNAudit | user=null | ip=null | op=WRITE_CHUNK {blockData=conID: 2 locID: 102670698011558521 bcsId: 4333} | ret=SUCCESS |  
2019-08-24 07:08:43,943 | INFO  | DNAudit | user=null | ip=null | op=WRITE_CHUNK {blockData=conID: 2 locID: 102670698011558521 bcsId: 4333} | ret=SUCCESS |  
2019-08-24 07:08:43,943 | INFO  | DNAudit | user=null | ip=null | op=PUT_BLOCK {blockData=[blockId=conID: 2 locID: 102670698011558521 bcsId: 0,size=3145728]} | ret=SUCCESS |  
2019-08-24 07:08:43,943 | INFO  | DNAudit | user=null | ip=null | op=PUT_BLOCK {blockData=[blockId=conID: 2 locID: 102670698011558521 bcsId: 0,size=3145728]} | ret=SUCCESS |  
2019-08-24 07:08:43,945 | INFO  | DNAudit | user=null | ip=null | op=WRITE_CHUNK {blockData=conID: 2 locID: 102670698011558521 bcsId: 4338} | ret=SUCCESS |  
2019-08-24 07:08:43,949 | INFO  | DNAudit | user=null | ip=null | op=WRITE_CHUNK {blockData=conID: 2 locID: 102670698011558521 bcsId: 4338} | ret=SUCCESS |  
2019-08-24 07:08:43,949 | INFO  | DNAudit | user=null | ip=null | op=WRITE_CHUNK {blockData=conID: 2 locID: 102670698011558521 bcsId: 4338} | ret=SUCCESS |  
2019-08-24 07:08:43,958 | INFO  | DNAudit | user=null | ip=null | op=WRITE_CHUNK {blockData=conID: 2 locID: 102670698011558521 bcsId: 4338} | ret=SUCCESS |  
2019-08-24 07:08:43,958 | INFO  | DNAudit | user=null | ip=null | op=PUT_BLOCK {blockData=[blockId=conID: 2 locID: 102670698011558521 bcsId: 0,size=4194304]} | ret=SUCCESS |  
2019-08-24 07:08:43,958 [grpc-default-executor-2] INFO  client.GrpcClientProtocolClient (GrpcClientProtocolClient.java:onNext(255)) - client-6EDD19400D46->06a4573b-67a1-41e3-a350-f896363bc636: receive RaftClientReply:client-6EDD19400D46->06a4573b-67a1-41e3-a350-f896363bc636@group-757E3781CD2A, cid=2907, SUCCESS, logIndex=4341, commits[06a4573b-67a1-41e3-a350-f896363bc636:c4342, 0b725bbf-683b-4664-9a2e-3c9dd6e38bc1:c4339, 9193e3b7-ae04-484d-a740-c65c11559486:c4338]
2019-08-24 07:08:43,959 [grpc-default-executor-2] INFO  client.GrpcClientProtocolClient (GrpcClientProtocolClient.java:onNext(255)) - client-6EDD19400D46->06a4573b-67a1-41e3-a350-f896363bc636: receive RaftClientReply:client-6EDD19400D46->06a4573b-67a1-41e3-a350-f896363bc636@group-757E3781CD2A, cid=2908, SUCCESS, logIndex=4342, commits[06a4573b-67a1-41e3-a350-f896363bc636:c4342, 0b725bbf-683b-4664-9a2e-3c9dd6e38bc1:c4339, 9193e3b7-ae04-484d-a740-c65c11559486:c4339]
2019-08-24 07:08:43,972 | INFO  | DNAudit | user=null | ip=null | op=WRITE_CHUNK {blockData=conID: 2 locID: 102670698011558521 bcsId: 4338} | ret=SUCCESS |  
2019-08-24 07:08:43,972 | INFO  | DNAudit | user=null | ip=null | op=WRITE_CHUNK {blockData=conID: 2 locID: 102670698011558521 bcsId: 4338} | ret=SUCCESS |  
2019-08-24 07:08:43,974 | INFO  | DNAudit | user=null | ip=null | op=PUT_BLOCK {blockData=[blockId=conID: 2 locID: 102670698011558521 bcsId: 0,size=4194304]} | ret=SUCCESS |  
2019-08-24 07:08:43,975 | INFO  | DNAudit | user=null | ip=null | op=PUT_BLOCK {blockData=[blockId=conID: 2 locID: 102670698011558521 bcsId: 0,size=4194304]} | ret=SUCCESS |  
2019-08-24 07:08:43,975 [grpc-default-executor-2] INFO  client.GrpcClientProtocolClient (GrpcClientProtocolClient.java:onNext(255)) - client-6EDD19400D46->06a4573b-67a1-41e3-a350-f896363bc636: receive RaftClientReply:client-6EDD19400D46->06a4573b-67a1-41e3-a350-f896363bc636@group-757E3781CD2A, cid=2909, SUCCESS, logIndex=0, commits[06a4573b-67a1-41e3-a350-f896363bc636:c4344, 0b725bbf-683b-4664-9a2e-3c9dd6e38bc1:c4342, 9193e3b7-ae04-484d-a740-c65c11559486:c4342]
2019-08-24 07:08:43,982 | INFO  | SCMAudit | user=jenkins1000 | ip=192.168.69.125 | op=ALLOCATE_BLOCK {owner=61bacca8-15b6-4a50-8962-5e9786b18b0d, size=4194304, type=RATIS, factor=THREE} | ret=SUCCESS |  
2019-08-24 07:08:43,986 | INFO  | OMAudit | user=jenkins1000 | ip=127.0.0.1 | op=ALLOCATE_BLOCK {volume=vol-0-26988, bucket=bucket-0-20739, key=key-0-27353, dataSize=0, replicationType=null, replicationFactor=null, keyLocationInfo=null, clientID=102670695851229586} | ret=SUCCESS |  
2019-08-24 07:08:43,995 | INFO  | DNAudit | user=null | ip=null | op=WRITE_CHUNK {blockData=conID: 3 locID: 102670698019684986 bcsId: 0} | ret=SUCCESS |  
2019-08-24 07:08:43,998 | INFO  | DNAudit | user=null | ip=null | op=WRITE_CHUNK {blockData=conID: 3 locID: 102670698019684986 bcsId: 0} | ret=SUCCESS |  
2019-08-24 07:08:43,999 | INFO  | DNAudit | user=null | ip=null | op=WRITE_CHUNK {blockData=conID: 3 locID: 102670698019684986 bcsId: 0} | ret=SUCCESS |  
2019-08-24 07:08:43,999 | INFO  | DNAudit | user=null | ip=null | op=WRITE_CHUNK {blockData=conID: 3 locID: 102670698019684986 bcsId: 0} | ret=SUCCESS |  
2019-08-24 07:08:44,001 | INFO  | DNAudit | user=null | ip=null | op=WRITE_CHUNK {blockData=conID: 3 locID: 102670698019684986 bcsId: 0} | ret=SUCCESS |  
2019-08-24 07:08:44,001 | INFO  | DNAudit | user=null | ip=null | op=WRITE_CHUNK {blockData=conID: 3 locID: 102670698019684986 bcsId: 0} | ret=SUCCESS |  
2019-08-24 07:08:44,007 | INFO  | DNAudit | user=null | ip=null | op=WRITE_CHUNK {blockData=conID: 3 locID: 102670698019684986 bcsId: 0} | ret=SUCCESS |  
2019-08-24 07:08:44,008 | INFO  | DNAudit | user=null | ip=null | op=PUT_BLOCK {blockData=[blockId=conID: 3 locID: 102670698019684986 bcsId: 0,size=1048576]} | ret=SUCCESS |  
2019-08-24 07:08:44,008 | INFO  | DNAudit | user=null | ip=null | op=WRITE_CHUNK {blockData=conID: 3 locID: 102670698019684986 bcsId: 0} | ret=SUCCESS |  
2019-08-24 07:08:44,008 [grpc-default-executor-0] INFO  client.GrpcClientProtocolClient (GrpcClientProtocolClient.java:onNext(255)) - client-6EDD19400D46->06a4573b-67a1-41e3-a350-f896363bc636: receive RaftClientReply:client-6EDD19400D46->06a4573b-67a1-41e3-a350-f896363bc636@group-757E3781CD2A, cid=2910, SUCCESS, logIndex=4345, commits[06a4573b-67a1-41e3-a350-f896363bc636:c4346, 0b725bbf-683b-4664-9a2e-3c9dd6e38bc1:c4344, 9193e3b7-ae04-484d-a740-c65c11559486:c4344]
2019-08-24 07:08:44,009 | INFO  | DNAudit | user=null | ip=null | op=PUT_BLOCK {blockData=[blockId=conID: 3 locID: 102670698019684986 bcsId: 0,size=2097152]} | ret=SUCCESS |  
2019-08-24 07:08:44,009 [grpc-default-executor-0] INFO  client.GrpcClientProtocolClient (GrpcClientProtocolClient.java:onNext(255)) - client-6EDD19400D46->06a4573b-67a1-41e3-a350-f896363bc636: receive RaftClientReply:client-6EDD19400D46->06a4573b-67a1-41e3-a350-f896363bc636@group-757E3781CD2A, cid=2911, SUCCESS, logIndex=4346, commits[06a4573b-67a1-41e3-a350-f896363bc636:c4346, 0b725bbf-683b-4664-9a2e-3c9dd6e38bc1:c4344, 9193e3b7-ae04-484d-a740-c65c11559486:c4344]
2019-08-24 07:08:44,009 [grpc-default-executor-0] INFO  client.GrpcClientProtocolClient (GrpcClientProtocolClient.java:onNext(255)) - client-6EDD19400D46->06a4573b-67a1-41e3-a350-f896363bc636: receive RaftClientReply:client-6EDD19400D46->06a4573b-67a1-41e3-a350-f896363bc636@group-757E3781CD2A, cid=2912, SUCCESS, logIndex=4347, commits[06a4573b-67a1-41e3-a350-f896363bc636:c4348, 0b725bbf-683b-4664-9a2e-3c9dd6e38bc1:c4344, 9193e3b7-ae04-484d-a740-c65c11559486:c4344]
2019-08-24 07:08:44,010 [grpc-default-executor-0] INFO  client.GrpcClientProtocolClient (GrpcClientProtocolClient.java:onNext(255)) - client-6EDD19400D46->06a4573b-67a1-41e3-a350-f896363bc636: receive RaftClientReply:client-6EDD19400D46->06a4573b-67a1-41e3-a350-f896363bc636@group-757E3781CD2A, cid=2913, SUCCESS, logIndex=4348, commits[06a4573b-67a1-41e3-a350-f896363bc636:c4348, 0b725bbf-683b-4664-9a2e-3c9dd6e38bc1:c4344, 9193e3b7-ae04-484d-a740-c65c11559486:c4344]
2019-08-24 07:08:44,021 | INFO  | DNAudit | user=null | ip=null | op=WRITE_CHUNK {blockData=conID: 3 locID: 102670698019684986 bcsId: 0} | ret=SUCCESS |  
2019-08-24 07:08:44,022 | INFO  | DNAudit | user=null | ip=null | op=PUT_BLOCK {blockData=[blockId=conID: 3 locID: 102670698019684986 bcsId: 0,size=1048576]} | ret=SUCCESS |  
2019-08-24 07:08:44,022 | INFO  | DNAudit | user=null | ip=null | op=WRITE_CHUNK {blockData=conID: 3 locID: 102670698019684986 bcsId: 0} | ret=SUCCESS |  
2019-08-24 07:08:44,022 | INFO  | DNAudit | user=null | ip=null | op=PUT_BLOCK {blockData=[blockId=conID: 3 locID: 102670698019684986 bcsId: 0,size=1048576]} | ret=SUCCESS |  
2019-08-24 07:08:44,022 | INFO  | DNAudit | user=null | ip=null | op=WRITE_CHUNK {blockData=conID: 3 locID: 102670698019684986 bcsId: 0} | ret=SUCCESS |  
2019-08-24 07:08:44,022 | INFO  | DNAudit | user=null | ip=null | op=WRITE_CHUNK {blockData=conID: 3 locID: 102670698019684986 bcsId: 0} | ret=SUCCESS |  
2019-08-24 07:08:44,023 | INFO  | DNAudit | user=null | ip=null | op=PUT_BLOCK {blockData=[blockId=conID: 3 locID: 102670698019684986 bcsId: 0,size=2097152]} | ret=SUCCESS |  
2019-08-24 07:08:44,023 | INFO  | DNAudit | user=null | ip=null | op=PUT_BLOCK {blockData=[blockId=conID: 3 locID: 102670698019684986 bcsId: 0,size=2097152]} | ret=SUCCESS |  
2019-08-24 07:08:44,023 [grpc-default-executor-0] INFO  client.GrpcClientProtocolClient (GrpcClientProtocolClient.java:onNext(255)) - client-6EDD19400D46->06a4573b-67a1-41e3-a350-f896363bc636: receive RaftClientReply:client-6EDD19400D46->06a4573b-67a1-41e3-a350-f896363bc636@group-757E3781CD2A, cid=2914, SUCCESS, logIndex=0, commits[06a4573b-67a1-41e3-a350-f896363bc636:c4350, 0b725bbf-683b-4664-9a2e-3c9dd6e38bc1:c4346, 9193e3b7-ae04-484d-a740-c65c11559486:c4346]
2019-08-24 07:08:44,030 | INFO  | DNAudit | user=null | ip=null | op=WRITE_CHUNK {blockData=conID: 3 locID: 102670698019684986 bcsId: 4348} | ret=SUCCESS |  
2019-08-24 07:08:44,033 | INFO  | DNAudit | user=null | ip=null | op=WRITE_CHUNK {blockData=conID: 3 locID: 102670698019684986 bcsId: 4348} | ret=SUCCESS |  
2019-08-24 07:08:44,034 | INFO  | DNAudit | user=null | ip=null | op=WRITE_CHUNK {blockData=conID: 3 locID: 102670698019684986 bcsId: 4348} | ret=SUCCESS |  
2019-08-24 07:08:44,044 | INFO  | DNAudit | user=null | ip=null | op=WRITE_CHUNK {blockData=conID: 3 locID: 102670698019684986 bcsId: 4348} | ret=SUCCESS |  
2019-08-24 07:08:44,044 | INFO  | DNAudit | user=null | ip=null | op=PUT_BLOCK {blockData=[blockId=conID: 3 locID: 102670698019684986 bcsId: 0,size=3145728]} | ret=SUCCESS |  
2019-08-24 07:08:44,044 [grpc-default-executor-5] INFO  client.GrpcClientProtocolClient (GrpcClientProtocolClient.java:onNext(255)) - client-6EDD19400D46->06a4573b-67a1-41e3-a350-f896363bc636: receive RaftClientReply:client-6EDD19400D46->06a4573b-67a1-41e3-a350-f896363bc636@group-757E3781CD2A, cid=2915, SUCCESS, logIndex=4353, commits[06a4573b-67a1-41e3-a350-f896363bc636:c4354, 0b725bbf-683b-4664-9a2e-3c9dd6e38bc1:c4352, 9193e3b7-ae04-484d-a740-c65c11559486:c4352]
2019-08-24 07:08:44,045 [grpc-default-executor-5] INFO  client.GrpcClientProtocolClient (GrpcClientProtocolClient.java:onNext(255)) - client-6EDD19400D46->06a4573b-67a1-41e3-a350-f896363bc636: receive RaftClientReply:client-6EDD19400D46->06a4573b-67a1-41e3-a350-f896363bc636@group-757E3781CD2A, cid=2916, SUCCESS, logIndex=4354, commits[06a4573b-67a1-41e3-a350-f896363bc636:c4354, 0b725bbf-683b-4664-9a2e-3c9dd6e38bc1:c4352, 9193e3b7-ae04-484d-a740-c65c11559486:c4352]
2019-08-24 07:08:44,052 | INFO  | DNAudit | user=null | ip=null | op=WRITE_CHUNK {blockData=conID: 3 locID: 102670698019684986 bcsId: 4354} | ret=SUCCESS |  
2019-08-24 07:08:44,055 | INFO  | DNAudit | user=null | ip=null | op=WRITE_CHUNK {blockData=conID: 3 locID: 102670698019684986 bcsId: 4348} | ret=SUCCESS |  
2019-08-24 07:08:44,055 | INFO  | DNAudit | user=null | ip=null | op=WRITE_CHUNK {blockData=conID: 3 locID: 102670698019684986 bcsId: 4348} | ret=SUCCESS |  
2019-08-24 07:08:44,058 | INFO  | DNAudit | user=null | ip=null | op=PUT_BLOCK {blockData=[blockId=conID: 3 locID: 102670698019684986 bcsId: 0,size=3145728]} | ret=SUCCESS |  
2019-08-24 07:08:44,058 | INFO  | DNAudit | user=null | ip=null | op=PUT_BLOCK {blockData=[blockId=conID: 3 locID: 102670698019684986 bcsId: 0,size=3145728]} | ret=SUCCESS |  
2019-08-24 07:08:44,058 | INFO  | DNAudit | user=null | ip=null | op=WRITE_CHUNK {blockData=conID: 3 locID: 102670698019684986 bcsId: 4354} | ret=SUCCESS |  
2019-08-24 07:08:44,059 | INFO  | DNAudit | user=null | ip=null | op=WRITE_CHUNK {blockData=conID: 3 locID: 102670698019684986 bcsId: 4354} | ret=SUCCESS |  
2019-08-24 07:08:44,070 | INFO  | DNAudit | user=null | ip=null | op=WRITE_CHUNK {blockData=conID: 3 locID: 102670698019684986 bcsId: 4354} | ret=SUCCESS |  
2019-08-24 07:08:44,070 | INFO  | DNAudit | user=null | ip=null | op=PUT_BLOCK {blockData=[blockId=conID: 3 locID: 102670698019684986 bcsId: 0,size=4194304]} | ret=SUCCESS |  
2019-08-24 07:08:44,071 [grpc-default-executor-2] INFO  client.GrpcClientProtocolClient (GrpcClientProtocolClient.java:onNext(255)) - client-6EDD19400D46->06a4573b-67a1-41e3-a350-f896363bc636: receive RaftClientReply:client-6EDD19400D46->06a4573b-67a1-41e3-a350-f896363bc636@group-757E3781CD2A, cid=2917, SUCCESS, logIndex=4357, commits[06a4573b-67a1-41e3-a350-f896363bc636:c4358, 0b725bbf-683b-4664-9a2e-3c9dd6e38bc1:c4354, 9193e3b7-ae04-484d-a740-c65c11559486:c4354]
2019-08-24 07:08:44,071 | INFO  | DNAudit | user=null | ip=null | op=WRITE_CHUNK {blockData=conID: 3 locID: 102670698019684986 bcsId: 4354} | ret=SUCCESS |  
2019-08-24 07:08:44,071 [grpc-default-executor-2] INFO  client.GrpcClientProtocolClient (GrpcClientProtocolClient.java:onNext(255)) - client-6EDD19400D46->06a4573b-67a1-41e3-a350-f896363bc636: receive RaftClientReply:client-6EDD19400D46->06a4573b-67a1-41e3-a350-f896363bc636@group-757E3781CD2A, cid=2918, SUCCESS, logIndex=4358, commits[06a4573b-67a1-41e3-a350-f896363bc636:c4358, 0b725bbf-683b-4664-9a2e-3c9dd6e38bc1:c4354, 9193e3b7-ae04-484d-a740-c65c11559486:c4354]
2019-08-24 07:08:44,071 | INFO  | DNAudit | user=null | ip=null | op=WRITE_CHUNK {blockData=conID: 3 locID: 102670698019684986 bcsId: 4354} | ret=SUCCESS |  
2019-08-24 07:08:44,071 | INFO  | DNAudit | user=null | ip=null | op=PUT_BLOCK {blockData=[blockId=conID: 3 locID: 102670698019684986 bcsId: 0,size=4194304]} | ret=SUCCESS |  
2019-08-24 07:08:44,072 | INFO  | DNAudit | user=null | ip=null | op=PUT_BLOCK {blockData=[blockId=conID: 3 locID: 102670698019684986 bcsId: 0,size=4194304]} | ret=SUCCESS |  
2019-08-24 07:08:44,072 [grpc-default-executor-2] INFO  client.GrpcClientProtocolClient (GrpcClientProtocolClient.java:onNext(255)) - client-6EDD19400D46->06a4573b-67a1-41e3-a350-f896363bc636: receive RaftClientReply:client-6EDD19400D46->06a4573b-67a1-41e3-a350-f896363bc636@group-757E3781CD2A, cid=2919, SUCCESS, logIndex=0, commits[06a4573b-67a1-41e3-a350-f896363bc636:c4359, 0b725bbf-683b-4664-9a2e-3c9dd6e38bc1:c4358, 9193e3b7-ae04-484d-a740-c65c11559486:c4358]
2019-08-24 07:08:44,081 | INFO  | SCMAudit | user=jenkins1000 | ip=192.168.69.125 | op=ALLOCATE_BLOCK {owner=61bacca8-15b6-4a50-8962-5e9786b18b0d, size=4194304, type=RATIS, factor=THREE} | ret=SUCCESS |  
2019-08-24 07:08:44,086 | INFO  | OMAudit | user=jenkins1000 | ip=127.0.0.1 | op=ALLOCATE_BLOCK {volume=vol-0-26988, bucket=bucket-0-20739, key=key-0-27353, dataSize=0, replicationType=null, replicationFactor=null, keyLocationInfo=null, clientID=102670695851229586} | ret=SUCCESS |  
2019-08-24 07:08:44,093 | INFO  | DNAudit | user=null | ip=null | op=WRITE_CHUNK {blockData=conID: 1 locID: 102670698026173051 bcsId: 0} | ret=SUCCESS |  
2019-08-24 07:08:44,095 | INFO  | DNAudit | user=null | ip=null | op=WRITE_CHUNK {blockData=conID: 1 locID: 102670698026173051 bcsId: 0} | ret=SUCCESS |  
2019-08-24 07:08:44,096 | INFO  | DNAudit | user=null | ip=null | op=WRITE_CHUNK {blockData=conID: 1 locID: 102670698026173051 bcsId: 0} | ret=SUCCESS |  
2019-08-24 07:08:44,097 | INFO  | DNAudit | user=null | ip=null | op=WRITE_CHUNK {blockData=conID: 1 locID: 102670698026173051 bcsId: 0} | ret=SUCCESS |  
2019-08-24 07:08:44,099 | INFO  | DNAudit | user=null | ip=null | op=WRITE_CHUNK {blockData=conID: 1 locID: 102670698026173051 bcsId: 0} | ret=SUCCESS |  
2019-08-24 07:08:44,099 | INFO  | DNAudit | user=null | ip=null | op=WRITE_CHUNK {blockData=conID: 1 locID: 102670698026173051 bcsId: 0} | ret=SUCCESS |  
2019-08-24 07:08:44,109 | INFO  | DNAudit | user=null | ip=null | op=WRITE_CHUNK {blockData=conID: 1 locID: 102670698026173051 bcsId: 0} | ret=SUCCESS |  
2019-08-24 07:08:44,109 | INFO  | DNAudit | user=null | ip=null | op=PUT_BLOCK {blockData=[blockId=conID: 1 locID: 102670698026173051 bcsId: 0,size=1048576]} | ret=SUCCESS |  
2019-08-24 07:08:44,109 | INFO  | DNAudit | user=null | ip=null | op=WRITE_CHUNK {blockData=conID: 1 locID: 102670698026173051 bcsId: 0} | ret=SUCCESS |  
2019-08-24 07:08:44,109 [grpc-default-executor-0] INFO  client.GrpcClientProtocolClient (GrpcClientProtocolClient.java:onNext(255)) - client-6EDD19400D46->06a4573b-67a1-41e3-a350-f896363bc636: receive RaftClientReply:client-6EDD19400D46->06a4573b-67a1-41e3-a350-f896363bc636@group-757E3781CD2A, cid=2920, SUCCESS, logIndex=4361, commits[06a4573b-67a1-41e3-a350-f896363bc636:c4362, 0b725bbf-683b-4664-9a2e-3c9dd6e38bc1:c4360, 9193e3b7-ae04-484d-a740-c65c11559486:c4360]
2019-08-24 07:08:44,110 | INFO  | DNAudit | user=null | ip=null | op=PUT_BLOCK {blockData=[blockId=conID: 1 locID: 102670698026173051 bcsId: 0,size=2097152]} | ret=SUCCESS |  
2019-08-24 07:08:44,110 | INFO  | DNAudit | user=null | ip=null | op=WRITE_CHUNK {blockData=conID: 1 locID: 102670698026173051 bcsId: 0} | ret=SUCCESS |  
2019-08-24 07:08:44,110 [grpc-default-executor-2] INFO  client.GrpcClientProtocolClient (GrpcClientProtocolClient.java:onNext(255)) - client-6EDD19400D46->06a4573b-67a1-41e3-a350-f896363bc636: receive RaftClientReply:client-6EDD19400D46->06a4573b-67a1-41e3-a350-f896363bc636@group-757E3781CD2A, cid=2921, SUCCESS, logIndex=4362, commits[06a4573b-67a1-41e3-a350-f896363bc636:c4363, 0b725bbf-683b-4664-9a2e-3c9dd6e38bc1:c4360, 9193e3b7-ae04-484d-a740-c65c11559486:c4360]
2019-08-24 07:08:44,110 [grpc-default-executor-2] INFO  client.GrpcClientProtocolClient (GrpcClientProtocolClient.java:onNext(255)) - client-6EDD19400D46->06a4573b-67a1-41e3-a350-f896363bc636: receive RaftClientReply:client-6EDD19400D46->06a4573b-67a1-41e3-a350-f896363bc636@group-757E3781CD2A, cid=2922, SUCCESS, logIndex=4363, commits[06a4573b-67a1-41e3-a350-f896363bc636:c4364, 0b725bbf-683b-4664-9a2e-3c9dd6e38bc1:c4360, 9193e3b7-ae04-484d-a740-c65c11559486:c4360]
2019-08-24 07:08:44,111 | INFO  | DNAudit | user=null | ip=null | op=PUT_BLOCK {blockData=[blockId=conID: 1 locID: 102670698026173051 bcsId: 0,size=1048576]} | ret=SUCCESS |  
2019-08-24 07:08:44,111 [grpc-default-executor-2] INFO  client.GrpcClientProtocolClient (GrpcClientProtocolClient.java:onNext(255)) - client-6EDD19400D46->06a4573b-67a1-41e3-a350-f896363bc636: receive RaftClientReply:client-6EDD19400D46->06a4573b-67a1-41e3-a350-f896363bc636@group-757E3781CD2A, cid=2923, SUCCESS, logIndex=4364, commits[06a4573b-67a1-41e3-a350-f896363bc636:c4364, 0b725bbf-683b-4664-9a2e-3c9dd6e38bc1:c4360, 9193e3b7-ae04-484d-a740-c65c11559486:c4360]
2019-08-24 07:08:44,111 | INFO  | DNAudit | user=null | ip=null | op=WRITE_CHUNK {blockData=conID: 1 locID: 102670698026173051 bcsId: 0} | ret=SUCCESS |  
2019-08-24 07:08:44,111 | INFO  | DNAudit | user=null | ip=null | op=PUT_BLOCK {blockData=[blockId=conID: 1 locID: 102670698026173051 bcsId: 0,size=1048576]} | ret=SUCCESS |  
2019-08-24 07:08:44,111 [grpc-default-executor-2] INFO  client.GrpcClientProtocolClient (GrpcClientProtocolClient.java:onNext(255)) - client-6EDD19400D46->06a4573b-67a1-41e3-a350-f896363bc636: receive RaftClientReply:client-6EDD19400D46->06a4573b-67a1-41e3-a350-f896363bc636@group-757E3781CD2A, cid=2924, SUCCESS, logIndex=0, commits[06a4573b-67a1-41e3-a350-f896363bc636:c4366, 0b725bbf-683b-4664-9a2e-3c9dd6e38bc1:c4362, 9193e3b7-ae04-484d-a740-c65c11559486:c4362]
2019-08-24 07:08:44,117 | INFO  | DNAudit | user=null | ip=null | op=WRITE_CHUNK {blockData=conID: 1 locID: 102670698026173051 bcsId: 4364} | ret=SUCCESS |  
2019-08-24 07:08:44,120 | INFO  | DNAudit | user=null | ip=null | op=WRITE_CHUNK {blockData=conID: 1 locID: 102670698026173051 bcsId: 4364} | ret=SUCCESS |  
2019-08-24 07:08:44,120 | INFO  | DNAudit | user=null | ip=null | op=WRITE_CHUNK {blockData=conID: 1 locID: 102670698026173051 bcsId: 4364} | ret=SUCCESS |  
2019-08-24 07:08:44,122 | INFO  | DNAudit | user=null | ip=null | op=WRITE_CHUNK {blockData=conID: 1 locID: 102670698026173051 bcsId: 0} | ret=SUCCESS |  
2019-08-24 07:08:44,123 | INFO  | DNAudit | user=null | ip=null | op=PUT_BLOCK {blockData=[blockId=conID: 1 locID: 102670698026173051 bcsId: 0,size=2097152]} | ret=SUCCESS |  
2019-08-24 07:08:44,124 | INFO  | DNAudit | user=null | ip=null | op=WRITE_CHUNK {blockData=conID: 1 locID: 102670698026173051 bcsId: 0} | ret=SUCCESS |  
2019-08-24 07:08:44,124 | INFO  | DNAudit | user=null | ip=null | op=PUT_BLOCK {blockData=[blockId=conID: 1 locID: 102670698026173051 bcsId: 0,size=2097152]} | ret=SUCCESS |  
2019-08-24 07:08:44,137 | INFO  | DNAudit | user=null | ip=null | op=WRITE_CHUNK {blockData=conID: 1 locID: 102670698026173051 bcsId: 4364} | ret=SUCCESS |  
2019-08-24 07:08:44,137 | INFO  | DNAudit | user=null | ip=null | op=PUT_BLOCK {blockData=[blockId=conID: 1 locID: 102670698026173051 bcsId: 0,size=3145728]} | ret=SUCCESS |  
2019-08-24 07:08:44,138 [grpc-default-executor-2] INFO  client.GrpcClientProtocolClient (GrpcClientProtocolClient.java:onNext(255)) - client-6EDD19400D46->06a4573b-67a1-41e3-a350-f896363bc636: receive RaftClientReply:client-6EDD19400D46->06a4573b-67a1-41e3-a350-f896363bc636@group-757E3781CD2A, cid=2925, SUCCESS, logIndex=4369, commits[06a4573b-67a1-41e3-a350-f896363bc636:c4370, 0b725bbf-683b-4664-9a2e-3c9dd6e38bc1:c4364, 9193e3b7-ae04-484d-a740-c65c11559486:c4366]
2019-08-24 07:08:44,138 [grpc-default-executor-2] INFO  client.GrpcClientProtocolClient (GrpcClientProtocolClient.java:onNext(255)) - client-6EDD19400D46->06a4573b-67a1-41e3-a350-f896363bc636: receive RaftClientReply:client-6EDD19400D46->06a4573b-67a1-41e3-a350-f896363bc636@group-757E3781CD2A, cid=2926, SUCCESS, logIndex=4370, commits[06a4573b-67a1-41e3-a350-f896363bc636:c4370, 0b725bbf-683b-4664-9a2e-3c9dd6e38bc1:c4366, 9193e3b7-ae04-484d-a740-c65c11559486:c4366]
2019-08-24 07:08:44,139 | INFO  | DNAudit | user=null | ip=null | op=WRITE_CHUNK {blockData=conID: 1 locID: 102670698026173051 bcsId: 4364} | ret=SUCCESS |  
2019-08-24 07:08:44,139 | INFO  | DNAudit | user=null | ip=null | op=WRITE_CHUNK {blockData=conID: 1 locID: 102670698026173051 bcsId: 4364} | ret=SUCCESS |  
2019-08-24 07:08:44,139 | INFO  | DNAudit | user=null | ip=null | op=PUT_BLOCK {blockData=[blockId=conID: 1 locID: 102670698026173051 bcsId: 0,size=3145728]} | ret=SUCCESS |  
2019-08-24 07:08:44,139 | INFO  | DNAudit | user=null | ip=null | op=PUT_BLOCK {blockData=[blockId=conID: 1 locID: 102670698026173051 bcsId: 0,size=3145728]} | ret=SUCCESS |  
2019-08-24 07:08:44,143 | INFO  | DNAudit | user=null | ip=null | op=WRITE_CHUNK {blockData=conID: 1 locID: 102670698026173051 bcsId: 4370} | ret=SUCCESS |  
2019-08-24 07:08:44,146 | INFO  | DNAudit | user=null | ip=null | op=WRITE_CHUNK {blockData=conID: 1 locID: 102670698026173051 bcsId: 4370} | ret=SUCCESS |  
2019-08-24 07:08:44,146 | INFO  | DNAudit | user=null | ip=null | op=WRITE_CHUNK {blockData=conID: 1 locID: 102670698026173051 bcsId: 4370} | ret=SUCCESS |  
2019-08-24 07:08:44,169 | INFO  | DNAudit | user=null | ip=null | op=WRITE_CHUNK {blockData=conID: 1 locID: 102670698026173051 bcsId: 4370} | ret=SUCCESS |  
2019-08-24 07:08:44,170 | INFO  | DNAudit | user=null | ip=null | op=PUT_BLOCK {blockData=[blockId=conID: 1 locID: 102670698026173051 bcsId: 0,size=4194304]} | ret=SUCCESS |  
2019-08-24 07:08:44,170 [grpc-default-executor-2] INFO  client.GrpcClientProtocolClient (GrpcClientProtocolClient.java:onNext(255)) - client-6EDD19400D46->06a4573b-67a1-41e3-a350-f896363bc636: receive RaftClientReply:client-6EDD19400D46->06a4573b-67a1-41e3-a350-f896363bc636@group-757E3781CD2A, cid=2927, SUCCESS, logIndex=4372, commits[06a4573b-67a1-41e3-a350-f896363bc636:c4373, 0b725bbf-683b-4664-9a2e-3c9dd6e38bc1:c4371, 9193e3b7-ae04-484d-a740-c65c11559486:c4371]
2019-08-24 07:08:44,170 [grpc-default-executor-2] INFO  client.GrpcClientProtocolClient (GrpcClientProtocolClient.java:onNext(255)) - client-6EDD19400D46->06a4573b-67a1-41e3-a350-f896363bc636: receive RaftClientReply:client-6EDD19400D46->06a4573b-67a1-41e3-a350-f896363bc636@group-757E3781CD2A, cid=2928, SUCCESS, logIndex=4373, commits[06a4573b-67a1-41e3-a350-f896363bc636:c4373, 0b725bbf-683b-4664-9a2e-3c9dd6e38bc1:c4371, 9193e3b7-ae04-484d-a740-c65c11559486:c4371]
2019-08-24 07:08:44,181 | INFO  | DNAudit | user=null | ip=null | op=WRITE_CHUNK {blockData=conID: 1 locID: 102670698026173051 bcsId: 4370} | ret=SUCCESS |  
2019-08-24 07:08:44,181 | INFO  | DNAudit | user=null | ip=null | op=WRITE_CHUNK {blockData=conID: 1 locID: 102670698026173051 bcsId: 4370} | ret=SUCCESS |  
2019-08-24 07:08:44,181 | INFO  | DNAudit | user=null | ip=null | op=PUT_BLOCK {blockData=[blockId=conID: 1 locID: 102670698026173051 bcsId: 0,size=4194304]} | ret=SUCCESS |  
2019-08-24 07:08:44,182 | INFO  | DNAudit | user=null | ip=null | op=PUT_BLOCK {blockData=[blockId=conID: 1 locID: 102670698026173051 bcsId: 0,size=4194304]} | ret=SUCCESS |  
2019-08-24 07:08:44,182 [grpc-default-executor-2] INFO  client.GrpcClientProtocolClient (GrpcClientProtocolClient.java:onNext(255)) - client-6EDD19400D46->06a4573b-67a1-41e3-a350-f896363bc636: receive RaftClientReply:client-6EDD19400D46->06a4573b-67a1-41e3-a350-f896363bc636@group-757E3781CD2A, cid=2929, SUCCESS, logIndex=0, commits[06a4573b-67a1-41e3-a350-f896363bc636:c4374, 0b725bbf-683b-4664-9a2e-3c9dd6e38bc1:c4373, 9193e3b7-ae04-484d-a740-c65c11559486:c4373]
2019-08-24 07:08:44,189 | INFO  | SCMAudit | user=jenkins1000 | ip=192.168.69.125 | op=ALLOCATE_BLOCK {owner=61bacca8-15b6-4a50-8962-5e9786b18b0d, size=4194304, type=RATIS, factor=THREE} | ret=SUCCESS |  
2019-08-24 07:08:44,194 | INFO  | OMAudit | user=jenkins1000 | ip=127.0.0.1 | op=ALLOCATE_BLOCK {volume=vol-0-26988, bucket=bucket-0-20739, key=key-0-27353, dataSize=0, replicationType=null, replicationFactor=null, keyLocationInfo=null, clientID=102670695851229586} | ret=SUCCESS |  
2019-08-24 07:08:44,201 | INFO  | DNAudit | user=null | ip=null | op=WRITE_CHUNK {blockData=conID: 2 locID: 102670698033250940 bcsId: 0} | ret=SUCCESS |  
2019-08-24 07:08:44,204 | INFO  | DNAudit | user=null | ip=null | op=WRITE_CHUNK {blockData=conID: 2 locID: 102670698033250940 bcsId: 0} | ret=SUCCESS |  
2019-08-24 07:08:44,204 | INFO  | DNAudit | user=null | ip=null | op=WRITE_CHUNK {blockData=conID: 2 locID: 102670698033250940 bcsId: 0} | ret=SUCCESS |  
2019-08-24 07:08:44,205 | INFO  | DNAudit | user=null | ip=null | op=WRITE_CHUNK {blockData=conID: 2 locID: 102670698033250940 bcsId: 0} | ret=SUCCESS |  
2019-08-24 07:08:44,207 | INFO  | DNAudit | user=null | ip=null | op=WRITE_CHUNK {blockData=conID: 2 locID: 102670698033250940 bcsId: 0} | ret=SUCCESS |  
2019-08-24 07:08:44,208 | INFO  | DNAudit | user=null | ip=null | op=WRITE_CHUNK {blockData=conID: 2 locID: 102670698033250940 bcsId: 0} | ret=SUCCESS |  
2019-08-24 07:08:44,214 | INFO  | DNAudit | user=null | ip=null | op=WRITE_CHUNK {blockData=conID: 2 locID: 102670698033250940 bcsId: 0} | ret=SUCCESS |  
2019-08-24 07:08:44,215 | INFO  | DNAudit | user=null | ip=null | op=PUT_BLOCK {blockData=[blockId=conID: 2 locID: 102670698033250940 bcsId: 0,size=1048576]} | ret=SUCCESS |  
2019-08-24 07:08:44,215 [grpc-default-executor-2] INFO  client.GrpcClientProtocolClient (GrpcClientProtocolClient.java:onNext(255)) - client-6EDD19400D46->06a4573b-67a1-41e3-a350-f896363bc636: receive RaftClientReply:client-6EDD19400D46->06a4573b-67a1-41e3-a350-f896363bc636@group-757E3781CD2A, cid=2930, SUCCESS, logIndex=4376, commits[06a4573b-67a1-41e3-a350-f896363bc636:c4377, 0b725bbf-683b-4664-9a2e-3c9dd6e38bc1:c4375, 9193e3b7-ae04-484d-a740-c65c11559486:c4375]
2019-08-24 07:08:44,216 [grpc-default-executor-2] INFO  client.GrpcClientProtocolClient (GrpcClientProtocolClient.java:onNext(255)) - client-6EDD19400D46->06a4573b-67a1-41e3-a350-f896363bc636: receive RaftClientReply:client-6EDD19400D46->06a4573b-67a1-41e3-a350-f896363bc636@group-757E3781CD2A, cid=2931, SUCCESS, logIndex=4377, commits[06a4573b-67a1-41e3-a350-f896363bc636:c4377, 0b725bbf-683b-4664-9a2e-3c9dd6e38bc1:c4375, 9193e3b7-ae04-484d-a740-c65c11559486:c4375]
2019-08-24 07:08:44,226 | INFO  | DNAudit | user=null | ip=null | op=WRITE_CHUNK {blockData=conID: 2 locID: 102670698033250940 bcsId: 0} | ret=SUCCESS |  
2019-08-24 07:08:44,226 | INFO  | DNAudit | user=null | ip=null | op=PUT_BLOCK {blockData=[blockId=conID: 2 locID: 102670698033250940 bcsId: 0,size=2097152]} | ret=SUCCESS |  
2019-08-24 07:08:44,226 | INFO  | DNAudit | user=null | ip=null | op=WRITE_CHUNK {blockData=conID: 2 locID: 102670698033250940 bcsId: 0} | ret=SUCCESS |  
2019-08-24 07:08:44,227 | INFO  | DNAudit | user=null | ip=null | op=PUT_BLOCK {blockData=[blockId=conID: 2 locID: 102670698033250940 bcsId: 0,size=1048576]} | ret=SUCCESS |  
2019-08-24 07:08:44,227 | INFO  | DNAudit | user=null | ip=null | op=WRITE_CHUNK {blockData=conID: 2 locID: 102670698033250940 bcsId: 0} | ret=SUCCESS |  
2019-08-24 07:08:44,227 | INFO  | DNAudit | user=null | ip=null | op=PUT_BLOCK {blockData=[blockId=conID: 2 locID: 102670698033250940 bcsId: 0,size=1048576]} | ret=SUCCESS |  
2019-08-24 07:08:44,227 [grpc-default-executor-2] INFO  client.GrpcClientProtocolClient (GrpcClientProtocolClient.java:onNext(255)) - client-6EDD19400D46->06a4573b-67a1-41e3-a350-f896363bc636: receive RaftClientReply:client-6EDD19400D46->06a4573b-67a1-41e3-a350-f896363bc636@group-757E3781CD2A, cid=2932, SUCCESS, logIndex=4378, commits[06a4573b-67a1-41e3-a350-f896363bc636:c4379, 0b725bbf-683b-4664-9a2e-3c9dd6e38bc1:c4375, 9193e3b7-ae04-484d-a740-c65c11559486:c4375]
2019-08-24 07:08:44,228 | INFO  | DNAudit | user=null | ip=null | op=WRITE_CHUNK {blockData=conID: 2 locID: 102670698033250940 bcsId: 0} | ret=SUCCESS |  
2019-08-24 07:08:44,228 | INFO  | DNAudit | user=null | ip=null | op=PUT_BLOCK {blockData=[blockId=conID: 2 locID: 102670698033250940 bcsId: 0,size=2097152]} | ret=SUCCESS |  
2019-08-24 07:08:44,228 [grpc-default-executor-2] INFO  client.GrpcClientProtocolClient (GrpcClientProtocolClient.java:onNext(255)) - client-6EDD19400D46->06a4573b-67a1-41e3-a350-f896363bc636: receive RaftClientReply:client-6EDD19400D46->06a4573b-67a1-41e3-a350-f896363bc636@group-757E3781CD2A, cid=2933, SUCCESS, logIndex=4379, commits[06a4573b-67a1-41e3-a350-f896363bc636:c4379, 0b725bbf-683b-4664-9a2e-3c9dd6e38bc1:c4376, 9193e3b7-ae04-484d-a740-c65c11559486:c4375]
2019-08-24 07:08:44,229 [grpc-default-executor-2] INFO  client.GrpcClientProtocolClient (GrpcClientProtocolClient.java:onNext(255)) - client-6EDD19400D46->06a4573b-67a1-41e3-a350-f896363bc636: receive RaftClientReply:client-6EDD19400D46->06a4573b-67a1-41e3-a350-f896363bc636@group-757E3781CD2A, cid=2934, SUCCESS, logIndex=0, commits[06a4573b-67a1-41e3-a350-f896363bc636:c4381, 0b725bbf-683b-4664-9a2e-3c9dd6e38bc1:c4379, 9193e3b7-ae04-484d-a740-c65c11559486:c4377]
2019-08-24 07:08:44,230 | INFO  | DNAudit | user=null | ip=null | op=WRITE_CHUNK {blockData=conID: 2 locID: 102670698033250940 bcsId: 0} | ret=SUCCESS |  
2019-08-24 07:08:44,230 | INFO  | DNAudit | user=null | ip=null | op=PUT_BLOCK {blockData=[blockId=conID: 2 locID: 102670698033250940 bcsId: 0,size=2097152]} | ret=SUCCESS |  
2019-08-24 07:08:44,238 | INFO  | DNAudit | user=null | ip=null | op=WRITE_CHUNK {blockData=conID: 2 locID: 102670698033250940 bcsId: 4379} | ret=SUCCESS |  
2019-08-24 07:08:44,241 | INFO  | DNAudit | user=null | ip=null | op=WRITE_CHUNK {blockData=conID: 2 locID: 102670698033250940 bcsId: 4379} | ret=SUCCESS |  
2019-08-24 07:08:44,241 | INFO  | DNAudit | user=null | ip=null | op=WRITE_CHUNK {blockData=conID: 2 locID: 102670698033250940 bcsId: 4379} | ret=SUCCESS |  
2019-08-24 07:08:44,250 | INFO  | DNAudit | user=null | ip=null | op=WRITE_CHUNK {blockData=conID: 2 locID: 102670698033250940 bcsId: 4379} | ret=SUCCESS |  
2019-08-24 07:08:44,251 | INFO  | DNAudit | user=null | ip=null | op=PUT_BLOCK {blockData=[blockId=conID: 2 locID: 102670698033250940 bcsId: 0,size=3145728]} | ret=SUCCESS |  
2019-08-24 07:08:44,251 [grpc-default-executor-0] INFO  client.GrpcClientProtocolClient (GrpcClientProtocolClient.java:onNext(255)) - client-6EDD19400D46->06a4573b-67a1-41e3-a350-f896363bc636: receive RaftClientReply:client-6EDD19400D46->06a4573b-67a1-41e3-a350-f896363bc636@group-757E3781CD2A, cid=2935, SUCCESS, logIndex=4384, commits[06a4573b-67a1-41e3-a350-f896363bc636:c4385, 0b725bbf-683b-4664-9a2e-3c9dd6e38bc1:c4383, 9193e3b7-ae04-484d-a740-c65c11559486:c4383]
2019-08-24 07:08:44,252 [grpc-default-executor-0] INFO  client.GrpcClientProtocolClient (GrpcClientProtocolClient.java:onNext(255)) - client-6EDD19400D46->06a4573b-67a1-41e3-a350-f896363bc636: receive RaftClientReply:client-6EDD19400D46->06a4573b-67a1-41e3-a350-f896363bc636@group-757E3781CD2A, cid=2936, SUCCESS, logIndex=4385, commits[06a4573b-67a1-41e3-a350-f896363bc636:c4385, 0b725bbf-683b-4664-9a2e-3c9dd6e38bc1:c4383, 9193e3b7-ae04-484d-a740-c65c11559486:c4383]
2019-08-24 07:08:44,259 | INFO  | DNAudit | user=null | ip=null | op=WRITE_CHUNK {blockData=conID: 2 locID: 102670698033250940 bcsId: 4385} | ret=SUCCESS |  
2019-08-24 07:08:44,262 | INFO  | DNAudit | user=null | ip=null | op=WRITE_CHUNK {blockData=conID: 2 locID: 102670698033250940 bcsId: 4385} | ret=SUCCESS |  
2019-08-24 07:08:44,263 | INFO  | DNAudit | user=null | ip=null | op=WRITE_CHUNK {blockData=conID: 2 locID: 102670698033250940 bcsId: 4385} | ret=SUCCESS |  
2019-08-24 07:08:44,264 | INFO  | DNAudit | user=null | ip=null | op=WRITE_CHUNK {blockData=conID: 2 locID: 102670698033250940 bcsId: 4379} | ret=SUCCESS |  
2019-08-24 07:08:44,264 | INFO  | DNAudit | user=null | ip=null | op=WRITE_CHUNK {blockData=conID: 2 locID: 102670698033250940 bcsId: 4379} | ret=SUCCESS |  
2019-08-24 07:08:44,264 | INFO  | DNAudit | user=null | ip=null | op=PUT_BLOCK {blockData=[blockId=conID: 2 locID: 102670698033250940 bcsId: 0,size=3145728]} | ret=SUCCESS |  
2019-08-24 07:08:44,275 | INFO  | DNAudit | user=null | ip=null | op=PUT_BLOCK {blockData=[blockId=conID: 2 locID: 102670698033250940 bcsId: 0,size=3145728]} | ret=SUCCESS |  
2019-08-24 07:08:44,276 | INFO  | DNAudit | user=null | ip=null | op=WRITE_CHUNK {blockData=conID: 2 locID: 102670698033250940 bcsId: 4385} | ret=SUCCESS |  
2019-08-24 07:08:44,277 | INFO  | DNAudit | user=null | ip=null | op=PUT_BLOCK {blockData=[blockId=conID: 2 locID: 102670698033250940 bcsId: 0,size=4194304]} | ret=SUCCESS |  
2019-08-24 07:08:44,277 [grpc-default-executor-0] INFO  client.GrpcClientProtocolClient (GrpcClientProtocolClient.java:onNext(255)) - client-6EDD19400D46->06a4573b-67a1-41e3-a350-f896363bc636: receive RaftClientReply:client-6EDD19400D46->06a4573b-67a1-41e3-a350-f896363bc636@group-757E3781CD2A, cid=2937, SUCCESS, logIndex=4388, commits[06a4573b-67a1-41e3-a350-f896363bc636:c4389, 0b725bbf-683b-4664-9a2e-3c9dd6e38bc1:c4385, 9193e3b7-ae04-484d-a740-c65c11559486:c4385]
2019-08-24 07:08:44,277 [grpc-default-executor-0] INFO  client.GrpcClientProtocolClient (GrpcClientProtocolClient.java:onNext(255)) - client-6EDD19400D46->06a4573b-67a1-41e3-a350-f896363bc636: receive RaftClientReply:client-6EDD19400D46->06a4573b-67a1-41e3-a350-f896363bc636@group-757E3781CD2A, cid=2938, SUCCESS, logIndex=4389, commits[06a4573b-67a1-41e3-a350-f896363bc636:c4389, 0b725bbf-683b-4664-9a2e-3c9dd6e38bc1:c4385, 9193e3b7-ae04-484d-a740-c65c11559486:c4385]
2019-08-24 07:08:44,287 | INFO  | DNAudit | user=null | ip=null | op=WRITE_CHUNK {blockData=conID: 2 locID: 102670698033250940 bcsId: 4385} | ret=SUCCESS |  
2019-08-24 07:08:44,288 | INFO  | DNAudit | user=null | ip=null | op=WRITE_CHUNK {blockData=conID: 2 locID: 102670698033250940 bcsId: 4385} | ret=SUCCESS |  
2019-08-24 07:08:44,290 | INFO  | DNAudit | user=null | ip=null | op=PUT_BLOCK {blockData=[blockId=conID: 2 locID: 102670698033250940 bcsId: 0,size=4194304]} | ret=SUCCESS |  
2019-08-24 07:08:44,290 | INFO  | DNAudit | user=null | ip=null | op=PUT_BLOCK {blockData=[blockId=conID: 2 locID: 102670698033250940 bcsId: 0,size=4194304]} | ret=SUCCESS |  
2019-08-24 07:08:44,291 [grpc-default-executor-0] INFO  client.GrpcClientProtocolClient (GrpcClientProtocolClient.java:onNext(255)) - client-6EDD19400D46->06a4573b-67a1-41e3-a350-f896363bc636: receive RaftClientReply:client-6EDD19400D46->06a4573b-67a1-41e3-a350-f896363bc636@group-757E3781CD2A, cid=2939, SUCCESS, logIndex=0, commits[06a4573b-67a1-41e3-a350-f896363bc636:c4391, 0b725bbf-683b-4664-9a2e-3c9dd6e38bc1:c4389, 9193e3b7-ae04-484d-a740-c65c11559486:c4389]
2019-08-24 07:08:44,299 | INFO  | SCMAudit | user=jenkins1000 | ip=192.168.69.125 | op=ALLOCATE_BLOCK {owner=61bacca8-15b6-4a50-8962-5e9786b18b0d, size=4194304, type=RATIS, factor=THREE} | ret=SUCCESS |  
2019-08-24 07:08:44,305 | INFO  | OMAudit | user=jenkins1000 | ip=127.0.0.1 | op=ALLOCATE_BLOCK {volume=vol-0-26988, bucket=bucket-0-20739, key=key-0-27353, dataSize=0, replicationType=null, replicationFactor=null, keyLocationInfo=null, clientID=102670695851229586} | ret=SUCCESS |  
2019-08-24 07:08:44,315 | INFO  | DNAudit | user=null | ip=null | op=WRITE_CHUNK {blockData=conID: 3 locID: 102670698040459901 bcsId: 0} | ret=SUCCESS |  
2019-08-24 07:08:44,316 | INFO  | DNAudit | user=null | ip=null | op=WRITE_CHUNK {blockData=conID: 3 locID: 102670698040459901 bcsId: 0} | ret=SUCCESS |  
2019-08-24 07:08:44,317 | INFO  | DNAudit | user=null | ip=null | op=WRITE_CHUNK {blockData=conID: 3 locID: 102670698040459901 bcsId: 0} | ret=SUCCESS |  
2019-08-24 07:08:44,318 | INFO  | DNAudit | user=null | ip=null | op=WRITE_CHUNK {blockData=conID: 3 locID: 102670698040459901 bcsId: 0} | ret=SUCCESS |  
2019-08-24 07:08:44,318 | INFO  | DNAudit | user=null | ip=null | op=WRITE_CHUNK {blockData=conID: 3 locID: 102670698040459901 bcsId: 0} | ret=SUCCESS |  
2019-08-24 07:08:44,319 | INFO  | DNAudit | user=null | ip=null | op=WRITE_CHUNK {blockData=conID: 3 locID: 102670698040459901 bcsId: 0} | ret=SUCCESS |  
2019-08-24 07:08:44,329 | INFO  | DNAudit | user=null | ip=null | op=WRITE_CHUNK {blockData=conID: 3 locID: 102670698040459901 bcsId: 0} | ret=SUCCESS |  
2019-08-24 07:08:44,330 | INFO  | DNAudit | user=null | ip=null | op=PUT_BLOCK {blockData=[blockId=conID: 3 locID: 102670698040459901 bcsId: 0,size=1048576]} | ret=SUCCESS |  
2019-08-24 07:08:44,330 | INFO  | DNAudit | user=null | ip=null | op=WRITE_CHUNK {blockData=conID: 3 locID: 102670698040459901 bcsId: 0} | ret=SUCCESS |  
2019-08-24 07:08:44,330 [grpc-default-executor-0] INFO  client.GrpcClientProtocolClient (GrpcClientProtocolClient.java:onNext(255)) - client-6EDD19400D46->06a4573b-67a1-41e3-a350-f896363bc636: receive RaftClientReply:client-6EDD19400D46->06a4573b-67a1-41e3-a350-f896363bc636@group-757E3781CD2A, cid=2940, SUCCESS, logIndex=4392, commits[06a4573b-67a1-41e3-a350-f896363bc636:c4395, 0b725bbf-683b-4664-9a2e-3c9dd6e38bc1:c4391, 9193e3b7-ae04-484d-a740-c65c11559486:c4391]
2019-08-24 07:08:44,331 | INFO  | DNAudit | user=null | ip=null | op=PUT_BLOCK {blockData=[blockId=conID: 3 locID: 102670698040459901 bcsId: 0,size=2097152]} | ret=SUCCESS |  
2019-08-24 07:08:44,331 [grpc-default-executor-0] INFO  client.GrpcClientProtocolClient (GrpcClientProtocolClient.java:onNext(255)) - client-6EDD19400D46->06a4573b-67a1-41e3-a350-f896363bc636: receive RaftClientReply:client-6EDD19400D46->06a4573b-67a1-41e3-a350-f896363bc636@group-757E3781CD2A, cid=2941, SUCCESS, logIndex=4393, commits[06a4573b-67a1-41e3-a350-f896363bc636:c4395, 0b725bbf-683b-4664-9a2e-3c9dd6e38bc1:c4391, 9193e3b7-ae04-484d-a740-c65c11559486:c4391]
2019-08-24 07:08:44,331 [grpc-default-executor-0] INFO  client.GrpcClientProtocolClient (GrpcClientProtocolClient.java:onNext(255)) - client-6EDD19400D46->06a4573b-67a1-41e3-a350-f896363bc636: receive RaftClientReply:client-6EDD19400D46->06a4573b-67a1-41e3-a350-f896363bc636@group-757E3781CD2A, cid=2942, SUCCESS, logIndex=4394, commits[06a4573b-67a1-41e3-a350-f896363bc636:c4395, 0b725bbf-683b-4664-9a2e-3c9dd6e38bc1:c4391, 9193e3b7-ae04-484d-a740-c65c11559486:c4391]
2019-08-24 07:08:44,331 [grpc-default-executor-0] INFO  client.GrpcClientProtocolClient (GrpcClientProtocolClient.java:onNext(255)) - client-6EDD19400D46->06a4573b-67a1-41e3-a350-f896363bc636: receive RaftClientReply:client-6EDD19400D46->06a4573b-67a1-41e3-a350-f896363bc636@group-757E3781CD2A, cid=2943, SUCCESS, logIndex=4395, commits[06a4573b-67a1-41e3-a350-f896363bc636:c4395, 0b725bbf-683b-4664-9a2e-3c9dd6e38bc1:c4391, 9193e3b7-ae04-484d-a740-c65c11559486:c4391]
2019-08-24 07:08:44,340 | INFO  | DNAudit | user=null | ip=null | op=WRITE_CHUNK {blockData=conID: 3 locID: 102670698040459901 bcsId: 0} | ret=SUCCESS |  
2019-08-24 07:08:44,341 | INFO  | DNAudit | user=null | ip=null | op=WRITE_CHUNK {blockData=conID: 3 locID: 102670698040459901 bcsId: 0} | ret=SUCCESS |  
2019-08-24 07:08:44,341 | INFO  | DNAudit | user=null | ip=null | op=PUT_BLOCK {blockData=[blockId=conID: 3 locID: 102670698040459901 bcsId: 0,size=1048576]} | ret=SUCCESS |  
2019-08-24 07:08:44,341 | INFO  | DNAudit | user=null | ip=null | op=WRITE_CHUNK {blockData=conID: 3 locID: 102670698040459901 bcsId: 0} | ret=SUCCESS |  
2019-08-24 07:08:44,342 | INFO  | DNAudit | user=null | ip=null | op=PUT_BLOCK {blockData=[blockId=conID: 3 locID: 102670698040459901 bcsId: 0,size=2097152]} | ret=SUCCESS |  
2019-08-24 07:08:44,343 | INFO  | DNAudit | user=null | ip=null | op=PUT_BLOCK {blockData=[blockId=conID: 3 locID: 102670698040459901 bcsId: 0,size=1048576]} | ret=SUCCESS |  
2019-08-24 07:08:44,343 | INFO  | DNAudit | user=null | ip=null | op=WRITE_CHUNK {blockData=conID: 3 locID: 102670698040459901 bcsId: 0} | ret=SUCCESS |  
2019-08-24 07:08:44,343 | INFO  | DNAudit | user=null | ip=null | op=PUT_BLOCK {blockData=[blockId=conID: 3 locID: 102670698040459901 bcsId: 0,size=2097152]} | ret=SUCCESS |  
2019-08-24 07:08:44,344 [grpc-default-executor-0] INFO  client.GrpcClientProtocolClient (GrpcClientProtocolClient.java:onNext(255)) - client-6EDD19400D46->06a4573b-67a1-41e3-a350-f896363bc636: receive RaftClientReply:client-6EDD19400D46->06a4573b-67a1-41e3-a350-f896363bc636@group-757E3781CD2A, cid=2944, SUCCESS, logIndex=0, commits[06a4573b-67a1-41e3-a350-f896363bc636:c4399, 0b725bbf-683b-4664-9a2e-3c9dd6e38bc1:c4395, 9193e3b7-ae04-484d-a740-c65c11559486:c4394]
2019-08-24 07:08:44,353 | INFO  | DNAudit | user=null | ip=null | op=WRITE_CHUNK {blockData=conID: 3 locID: 102670698040459901 bcsId: 4395} | ret=SUCCESS |  
2019-08-24 07:08:44,355 | INFO  | DNAudit | user=null | ip=null | op=WRITE_CHUNK {blockData=conID: 3 locID: 102670698040459901 bcsId: 4395} | ret=SUCCESS |  
2019-08-24 07:08:44,355 | INFO  | DNAudit | user=null | ip=null | op=WRITE_CHUNK {blockData=conID: 3 locID: 102670698040459901 bcsId: 4395} | ret=SUCCESS |  
2019-08-24 07:08:44,365 | INFO  | DNAudit | user=null | ip=null | op=WRITE_CHUNK {blockData=conID: 3 locID: 102670698040459901 bcsId: 4395} | ret=SUCCESS |  
2019-08-24 07:08:44,365 | INFO  | DNAudit | user=null | ip=null | op=PUT_BLOCK {blockData=[blockId=conID: 3 locID: 102670698040459901 bcsId: 0,size=3145728]} | ret=SUCCESS |  
2019-08-24 07:08:44,366 [grpc-default-executor-5] INFO  client.GrpcClientProtocolClient (GrpcClientProtocolClient.java:onNext(255)) - client-6EDD19400D46->06a4573b-67a1-41e3-a350-f896363bc636: receive RaftClientReply:client-6EDD19400D46->06a4573b-67a1-41e3-a350-f896363bc636@group-757E3781CD2A, cid=2945, SUCCESS, logIndex=4400, commits[06a4573b-67a1-41e3-a350-f896363bc636:c4401, 0b725bbf-683b-4664-9a2e-3c9dd6e38bc1:c4399, 9193e3b7-ae04-484d-a740-c65c11559486:c4399]
2019-08-24 07:08:44,366 [grpc-default-executor-5] INFO  client.GrpcClientProtocolClient (GrpcClientProtocolClient.java:onNext(255)) - client-6EDD19400D46->06a4573b-67a1-41e3-a350-f896363bc636: receive RaftClientReply:client-6EDD19400D46->06a4573b-67a1-41e3-a350-f896363bc636@group-757E3781CD2A, cid=2946, SUCCESS, logIndex=4401, commits[06a4573b-67a1-41e3-a350-f896363bc636:c4401, 0b725bbf-683b-4664-9a2e-3c9dd6e38bc1:c4399, 9193e3b7-ae04-484d-a740-c65c11559486:c4399]
2019-08-24 07:08:44,373 | INFO  | DNAudit | user=null | ip=null | op=WRITE_CHUNK {blockData=conID: 3 locID: 102670698040459901 bcsId: 4401} | ret=SUCCESS |  
2019-08-24 07:08:44,375 | INFO  | DNAudit | user=null | ip=null | op=WRITE_CHUNK {blockData=conID: 3 locID: 102670698040459901 bcsId: 4401} | ret=SUCCESS |  
2019-08-24 07:08:44,375 | INFO  | DNAudit | user=null | ip=null | op=WRITE_CHUNK {blockData=conID: 3 locID: 102670698040459901 bcsId: 4401} | ret=SUCCESS |  
2019-08-24 07:08:44,378 | INFO  | DNAudit | user=null | ip=null | op=WRITE_CHUNK {blockData=conID: 3 locID: 102670698040459901 bcsId: 4395} | ret=SUCCESS |  
2019-08-24 07:08:44,379 | INFO  | DNAudit | user=null | ip=null | op=WRITE_CHUNK {blockData=conID: 3 locID: 102670698040459901 bcsId: 4395} | ret=SUCCESS |  
2019-08-24 07:08:44,391 | INFO  | DNAudit | user=null | ip=null | op=PUT_BLOCK {blockData=[blockId=conID: 3 locID: 102670698040459901 bcsId: 0,size=3145728]} | ret=SUCCESS |  
2019-08-24 07:08:44,391 | INFO  | DNAudit | user=null | ip=null | op=PUT_BLOCK {blockData=[blockId=conID: 3 locID: 102670698040459901 bcsId: 0,size=3145728]} | ret=SUCCESS |  
2019-08-24 07:08:44,391 | INFO  | DNAudit | user=null | ip=null | op=WRITE_CHUNK {blockData=conID: 3 locID: 102670698040459901 bcsId: 4401} | ret=SUCCESS |  
2019-08-24 07:08:44,392 | INFO  | DNAudit | user=null | ip=null | op=PUT_BLOCK {blockData=[blockId=conID: 3 locID: 102670698040459901 bcsId: 0,size=4194304]} | ret=SUCCESS |  
2019-08-24 07:08:44,392 [grpc-default-executor-5] INFO  client.GrpcClientProtocolClient (GrpcClientProtocolClient.java:onNext(255)) - client-6EDD19400D46->06a4573b-67a1-41e3-a350-f896363bc636: receive RaftClientReply:client-6EDD19400D46->06a4573b-67a1-41e3-a350-f896363bc636@group-757E3781CD2A, cid=2947, SUCCESS, logIndex=4404, commits[06a4573b-67a1-41e3-a350-f896363bc636:c4404, 0b725bbf-683b-4664-9a2e-3c9dd6e38bc1:c4401, 9193e3b7-ae04-484d-a740-c65c11559486:c4401]
2019-08-24 07:08:44,392 [grpc-default-executor-5] INFO  client.GrpcClientProtocolClient (GrpcClientProtocolClient.java:onNext(255)) - client-6EDD19400D46->06a4573b-67a1-41e3-a350-f896363bc636: receive RaftClientReply:client-6EDD19400D46->06a4573b-67a1-41e3-a350-f896363bc636@group-757E3781CD2A, cid=2948, SUCCESS, logIndex=4405, commits[06a4573b-67a1-41e3-a350-f896363bc636:c4405, 0b725bbf-683b-4664-9a2e-3c9dd6e38bc1:c4401, 9193e3b7-ae04-484d-a740-c65c11559486:c4401]
2019-08-24 07:08:44,412 | INFO  | DNAudit | user=null | ip=null | op=WRITE_CHUNK {blockData=conID: 3 locID: 102670698040459901 bcsId: 4401} | ret=SUCCESS |  
2019-08-24 07:08:44,412 | INFO  | DNAudit | user=null | ip=null | op=WRITE_CHUNK {blockData=conID: 3 locID: 102670698040459901 bcsId: 4401} | ret=SUCCESS |  
2019-08-24 07:08:44,425 | INFO  | DNAudit | user=null | ip=null | op=PUT_BLOCK {blockData=[blockId=conID: 3 locID: 102670698040459901 bcsId: 0,size=4194304]} | ret=SUCCESS |  
2019-08-24 07:08:44,425 | INFO  | DNAudit | user=null | ip=null | op=PUT_BLOCK {blockData=[blockId=conID: 3 locID: 102670698040459901 bcsId: 0,size=4194304]} | ret=SUCCESS |  
2019-08-24 07:08:44,426 [grpc-default-executor-5] INFO  client.GrpcClientProtocolClient (GrpcClientProtocolClient.java:onNext(255)) - client-6EDD19400D46->06a4573b-67a1-41e3-a350-f896363bc636: receive RaftClientReply:client-6EDD19400D46->06a4573b-67a1-41e3-a350-f896363bc636@group-757E3781CD2A, cid=2949, SUCCESS, logIndex=0, commits[06a4573b-67a1-41e3-a350-f896363bc636:c4407, 0b725bbf-683b-4664-9a2e-3c9dd6e38bc1:c4405, 9193e3b7-ae04-484d-a740-c65c11559486:c4405]
2019-08-24 07:08:44,437 | INFO  | SCMAudit | user=jenkins1000 | ip=192.168.69.125 | op=ALLOCATE_BLOCK {owner=61bacca8-15b6-4a50-8962-5e9786b18b0d, size=4194304, type=RATIS, factor=THREE} | ret=SUCCESS |  
2019-08-24 07:08:44,443 | INFO  | OMAudit | user=jenkins1000 | ip=127.0.0.1 | op=ALLOCATE_BLOCK {volume=vol-0-26988, bucket=bucket-0-20739, key=key-0-27353, dataSize=0, replicationType=null, replicationFactor=null, keyLocationInfo=null, clientID=102670695851229586} | ret=SUCCESS |  
2019-08-24 07:08:44,452 | INFO  | DNAudit | user=null | ip=null | op=WRITE_CHUNK {blockData=conID: 1 locID: 102670698049503870 bcsId: 0} | ret=SUCCESS |  
2019-08-24 07:08:44,457 | INFO  | DNAudit | user=null | ip=null | op=WRITE_CHUNK {blockData=conID: 1 locID: 102670698049503870 bcsId: 0} | ret=SUCCESS |  
2019-08-24 07:08:44,458 | INFO  | DNAudit | user=null | ip=null | op=WRITE_CHUNK {blockData=conID: 1 locID: 102670698049503870 bcsId: 0} | ret=SUCCESS |  
2019-08-24 07:08:44,458 | INFO  | DNAudit | user=null | ip=null | op=WRITE_CHUNK {blockData=conID: 1 locID: 102670698049503870 bcsId: 0} | ret=SUCCESS |  
2019-08-24 07:08:44,460 | INFO  | DNAudit | user=null | ip=null | op=WRITE_CHUNK {blockData=conID: 1 locID: 102670698049503870 bcsId: 0} | ret=SUCCESS |  
2019-08-24 07:08:44,460 | INFO  | DNAudit | user=null | ip=null | op=WRITE_CHUNK {blockData=conID: 1 locID: 102670698049503870 bcsId: 0} | ret=SUCCESS |  
2019-08-24 07:08:44,466 | INFO  | DNAudit | user=null | ip=null | op=WRITE_CHUNK {blockData=conID: 1 locID: 102670698049503870 bcsId: 0} | ret=SUCCESS |  
2019-08-24 07:08:44,467 | INFO  | DNAudit | user=null | ip=null | op=PUT_BLOCK {blockData=[blockId=conID: 1 locID: 102670698049503870 bcsId: 0,size=1048576]} | ret=SUCCESS |  
2019-08-24 07:08:44,467 | INFO  | DNAudit | user=null | ip=null | op=WRITE_CHUNK {blockData=conID: 1 locID: 102670698049503870 bcsId: 0} | ret=SUCCESS |  
2019-08-24 07:08:44,467 [grpc-default-executor-2] INFO  client.GrpcClientProtocolClient (GrpcClientProtocolClient.java:onNext(255)) - client-6EDD19400D46->06a4573b-67a1-41e3-a350-f896363bc636: receive RaftClientReply:client-6EDD19400D46->06a4573b-67a1-41e3-a350-f896363bc636@group-757E3781CD2A, cid=2950, SUCCESS, logIndex=4408, commits[06a4573b-67a1-41e3-a350-f896363bc636:c4409, 0b725bbf-683b-4664-9a2e-3c9dd6e38bc1:c4407, 9193e3b7-ae04-484d-a740-c65c11559486:c4407]
2019-08-24 07:08:44,468 | INFO  | DNAudit | user=null | ip=null | op=WRITE_CHUNK {blockData=conID: 1 locID: 102670698049503870 bcsId: 0} | ret=SUCCESS |  
2019-08-24 07:08:44,468 | INFO  | DNAudit | user=null | ip=null | op=PUT_BLOCK {blockData=[blockId=conID: 1 locID: 102670698049503870 bcsId: 0,size=2097152]} | ret=SUCCESS |  
2019-08-24 07:08:44,468 | INFO  | DNAudit | user=null | ip=null | op=PUT_BLOCK {blockData=[blockId=conID: 1 locID: 102670698049503870 bcsId: 0,size=1048576]} | ret=SUCCESS |  
2019-08-24 07:08:44,468 [grpc-default-executor-2] INFO  client.GrpcClientProtocolClient (GrpcClientProtocolClient.java:onNext(255)) - client-6EDD19400D46->06a4573b-67a1-41e3-a350-f896363bc636: receive RaftClientReply:client-6EDD19400D46->06a4573b-67a1-41e3-a350-f896363bc636@group-757E3781CD2A, cid=2951, SUCCESS, logIndex=4409, commits[06a4573b-67a1-41e3-a350-f896363bc636:c4409, 0b725bbf-683b-4664-9a2e-3c9dd6e38bc1:c4407, 9193e3b7-ae04-484d-a740-c65c11559486:c4407]
2019-08-24 07:08:44,468 [grpc-default-executor-2] INFO  client.GrpcClientProtocolClient (GrpcClientProtocolClient.java:onNext(255)) - client-6EDD19400D46->06a4573b-67a1-41e3-a350-f896363bc636: receive RaftClientReply:client-6EDD19400D46->06a4573b-67a1-41e3-a350-f896363bc636@group-757E3781CD2A, cid=2952, SUCCESS, logIndex=4410, commits[06a4573b-67a1-41e3-a350-f896363bc636:c4411, 0b725bbf-683b-4664-9a2e-3c9dd6e38bc1:c4407, 9193e3b7-ae04-484d-a740-c65c11559486:c4407]
2019-08-24 07:08:44,469 [grpc-default-executor-2] INFO  client.GrpcClientProtocolClient (GrpcClientProtocolClient.java:onNext(255)) - client-6EDD19400D46->06a4573b-67a1-41e3-a350-f896363bc636: receive RaftClientReply:client-6EDD19400D46->06a4573b-67a1-41e3-a350-f896363bc636@group-757E3781CD2A, cid=2953, SUCCESS, logIndex=4411, commits[06a4573b-67a1-41e3-a350-f896363bc636:c4411, 0b725bbf-683b-4664-9a2e-3c9dd6e38bc1:c4407, 9193e3b7-ae04-484d-a740-c65c11559486:c4407]
2019-08-24 07:08:44,470 | INFO  | DNAudit | user=null | ip=null | op=WRITE_CHUNK {blockData=conID: 1 locID: 102670698049503870 bcsId: 0} | ret=SUCCESS |  
2019-08-24 07:08:44,470 | INFO  | DNAudit | user=null | ip=null | op=PUT_BLOCK {blockData=[blockId=conID: 1 locID: 102670698049503870 bcsId: 0,size=1048576]} | ret=SUCCESS |  
2019-08-24 07:08:44,470 [grpc-default-executor-2] INFO  client.GrpcClientProtocolClient (GrpcClientProtocolClient.java:onNext(255)) - client-6EDD19400D46->06a4573b-67a1-41e3-a350-f896363bc636: receive RaftClientReply:client-6EDD19400D46->06a4573b-67a1-41e3-a350-f896363bc636@group-757E3781CD2A, cid=2954, SUCCESS, logIndex=0, commits[06a4573b-67a1-41e3-a350-f896363bc636:c4412, 0b725bbf-683b-4664-9a2e-3c9dd6e38bc1:c4409, 9193e3b7-ae04-484d-a740-c65c11559486:c4409]
2019-08-24 07:08:44,479 | INFO  | DNAudit | user=null | ip=null | op=WRITE_CHUNK {blockData=conID: 1 locID: 102670698049503870 bcsId: 4411} | ret=SUCCESS |  
2019-08-24 07:08:44,481 | INFO  | DNAudit | user=null | ip=null | op=WRITE_CHUNK {blockData=conID: 1 locID: 102670698049503870 bcsId: 0} | ret=SUCCESS |  
2019-08-24 07:08:44,481 | INFO  | DNAudit | user=null | ip=null | op=PUT_BLOCK {blockData=[blockId=conID: 1 locID: 102670698049503870 bcsId: 0,size=2097152]} | ret=SUCCESS |  
2019-08-24 07:08:44,482 | INFO  | DNAudit | user=null | ip=null | op=WRITE_CHUNK {blockData=conID: 1 locID: 102670698049503870 bcsId: 0} | ret=SUCCESS |  
2019-08-24 07:08:44,482 | INFO  | DNAudit | user=null | ip=null | op=PUT_BLOCK {blockData=[blockId=conID: 1 locID: 102670698049503870 bcsId: 0,size=2097152]} | ret=SUCCESS |  
2019-08-24 07:08:44,484 | INFO  | DNAudit | user=null | ip=null | op=WRITE_CHUNK {blockData=conID: 1 locID: 102670698049503870 bcsId: 4411} | ret=SUCCESS |  
2019-08-24 07:08:44,484 | INFO  | DNAudit | user=null | ip=null | op=WRITE_CHUNK {blockData=conID: 1 locID: 102670698049503870 bcsId: 4411} | ret=SUCCESS |  
2019-08-24 07:08:44,497 | INFO  | DNAudit | user=null | ip=null | op=WRITE_CHUNK {blockData=conID: 1 locID: 102670698049503870 bcsId: 4411} | ret=SUCCESS |  
2019-08-24 07:08:44,497 | INFO  | DNAudit | user=null | ip=null | op=PUT_BLOCK {blockData=[blockId=conID: 1 locID: 102670698049503870 bcsId: 0,size=3145728]} | ret=SUCCESS |  
2019-08-24 07:08:44,497 [grpc-default-executor-0] INFO  client.GrpcClientProtocolClient (GrpcClientProtocolClient.java:onNext(255)) - client-6EDD19400D46->06a4573b-67a1-41e3-a350-f896363bc636: receive RaftClientReply:client-6EDD19400D46->06a4573b-67a1-41e3-a350-f896363bc636@group-757E3781CD2A, cid=2955, SUCCESS, logIndex=4415, commits[06a4573b-67a1-41e3-a350-f896363bc636:c4416, 0b725bbf-683b-4664-9a2e-3c9dd6e38bc1:c4413, 9193e3b7-ae04-484d-a740-c65c11559486:c4413]
2019-08-24 07:08:44,498 [grpc-default-executor-0] INFO  client.GrpcClientProtocolClient (GrpcClientProtocolClient.java:onNext(255)) - client-6EDD19400D46->06a4573b-67a1-41e3-a350-f896363bc636: receive RaftClientReply:client-6EDD19400D46->06a4573b-67a1-41e3-a350-f896363bc636@group-757E3781CD2A, cid=2956, SUCCESS, logIndex=4416, commits[06a4573b-67a1-41e3-a350-f896363bc636:c4416, 0b725bbf-683b-4664-9a2e-3c9dd6e38bc1:c4413, 9193e3b7-ae04-484d-a740-c65c11559486:c4413]
2019-08-24 07:08:44,507 | INFO  | DNAudit | user=null | ip=null | op=WRITE_CHUNK {blockData=conID: 1 locID: 102670698049503870 bcsId: 4416} | ret=SUCCESS |  
2019-08-24 07:08:44,508 | INFO  | DNAudit | user=null | ip=null | op=WRITE_CHUNK {blockData=conID: 1 locID: 102670698049503870 bcsId: 4411} | ret=SUCCESS |  
2019-08-24 07:08:44,508 | INFO  | DNAudit | user=null | ip=null | op=WRITE_CHUNK {blockData=conID: 1 locID: 102670698049503870 bcsId: 4411} | ret=SUCCESS |  
2019-08-24 07:08:44,508 | INFO  | DNAudit | user=null | ip=null | op=PUT_BLOCK {blockData=[blockId=conID: 1 locID: 102670698049503870 bcsId: 0,size=3145728]} | ret=SUCCESS |  
2019-08-24 07:08:44,508 | INFO  | DNAudit | user=null | ip=null | op=PUT_BLOCK {blockData=[blockId=conID: 1 locID: 102670698049503870 bcsId: 0,size=3145728]} | ret=SUCCESS |  
2019-08-24 07:08:44,511 | INFO  | DNAudit | user=null | ip=null | op=WRITE_CHUNK {blockData=conID: 1 locID: 102670698049503870 bcsId: 4416} | ret=SUCCESS |  
2019-08-24 07:08:44,511 | INFO  | DNAudit | user=null | ip=null | op=WRITE_CHUNK {blockData=conID: 1 locID: 102670698049503870 bcsId: 4416} | ret=SUCCESS |  
2019-08-24 07:08:44,523 | INFO  | DNAudit | user=null | ip=null | op=WRITE_CHUNK {blockData=conID: 1 locID: 102670698049503870 bcsId: 4416} | ret=SUCCESS |  
2019-08-24 07:08:44,524 | INFO  | DNAudit | user=null | ip=null | op=PUT_BLOCK {blockData=[blockId=conID: 1 locID: 102670698049503870 bcsId: 0,size=4194304]} | ret=SUCCESS |  
2019-08-24 07:08:44,524 [grpc-default-executor-0] INFO  client.GrpcClientProtocolClient (GrpcClientProtocolClient.java:onNext(255)) - client-6EDD19400D46->06a4573b-67a1-41e3-a350-f896363bc636: receive RaftClientReply:client-6EDD19400D46->06a4573b-67a1-41e3-a350-f896363bc636@group-757E3781CD2A, cid=2957, SUCCESS, logIndex=4419, commits[06a4573b-67a1-41e3-a350-f896363bc636:c4420, 0b725bbf-683b-4664-9a2e-3c9dd6e38bc1:c4416, 9193e3b7-ae04-484d-a740-c65c11559486:c4416]
2019-08-24 07:08:44,524 [grpc-default-executor-0] INFO  client.GrpcClientProtocolClient (GrpcClientProtocolClient.java:onNext(255)) - client-6EDD19400D46->06a4573b-67a1-41e3-a350-f896363bc636: receive RaftClientReply:client-6EDD19400D46->06a4573b-67a1-41e3-a350-f896363bc636@group-757E3781CD2A, cid=2958, SUCCESS, logIndex=4420, commits[06a4573b-67a1-41e3-a350-f896363bc636:c4420, 0b725bbf-683b-4664-9a2e-3c9dd6e38bc1:c4416, 9193e3b7-ae04-484d-a740-c65c11559486:c4416]
2019-08-24 07:08:44,540 | INFO  | DNAudit | user=null | ip=null | op=WRITE_CHUNK {blockData=conID: 1 locID: 102670698049503870 bcsId: 4416} | ret=SUCCESS |  
2019-08-24 07:08:44,540 | INFO  | DNAudit | user=null | ip=null | op=WRITE_CHUNK {blockData=conID: 1 locID: 102670698049503870 bcsId: 4416} | ret=SUCCESS |  
2019-08-24 07:08:44,540 | INFO  | DNAudit | user=null | ip=null | op=PUT_BLOCK {blockData=[blockId=conID: 1 locID: 102670698049503870 bcsId: 0,size=4194304]} | ret=SUCCESS |  
2019-08-24 07:08:44,540 | INFO  | DNAudit | user=null | ip=null | op=PUT_BLOCK {blockData=[blockId=conID: 1 locID: 102670698049503870 bcsId: 0,size=4194304]} | ret=SUCCESS |  
2019-08-24 07:08:44,541 [grpc-default-executor-0] INFO  client.GrpcClientProtocolClient (GrpcClientProtocolClient.java:onNext(255)) - client-6EDD19400D46->06a4573b-67a1-41e3-a350-f896363bc636: receive RaftClientReply:client-6EDD19400D46->06a4573b-67a1-41e3-a350-f896363bc636@group-757E3781CD2A, cid=2959, SUCCESS, logIndex=0, commits[06a4573b-67a1-41e3-a350-f896363bc636:c4421, 0b725bbf-683b-4664-9a2e-3c9dd6e38bc1:c4420, 9193e3b7-ae04-484d-a740-c65c11559486:c4420]
2019-08-24 07:08:44,554 | INFO  | SCMAudit | user=jenkins1000 | ip=192.168.69.125 | op=ALLOCATE_BLOCK {owner=61bacca8-15b6-4a50-8962-5e9786b18b0d, size=4194304, type=RATIS, factor=THREE} | ret=SUCCESS |  
2019-08-24 07:08:44,561 | INFO  | OMAudit | user=jenkins1000 | ip=127.0.0.1 | op=ALLOCATE_BLOCK {volume=vol-0-26988, bucket=bucket-0-20739, key=key-0-27353, dataSize=0, replicationType=null, replicationFactor=null, keyLocationInfo=null, clientID=102670695851229586} | ret=SUCCESS |  
2019-08-24 07:08:44,570 | INFO  | DNAudit | user=null | ip=null | op=WRITE_CHUNK {blockData=conID: 2 locID: 102670698057171583 bcsId: 0} | ret=SUCCESS |  
2019-08-24 07:08:44,574 | INFO  | DNAudit | user=null | ip=null | op=WRITE_CHUNK {blockData=conID: 2 locID: 102670698057171583 bcsId: 0} | ret=SUCCESS |  
2019-08-24 07:08:44,574 | INFO  | DNAudit | user=null | ip=null | op=WRITE_CHUNK {blockData=conID: 2 locID: 102670698057171583 bcsId: 0} | ret=SUCCESS |  
2019-08-24 07:08:44,574 | INFO  | DNAudit | user=null | ip=null | op=WRITE_CHUNK {blockData=conID: 2 locID: 102670698057171583 bcsId: 0} | ret=SUCCESS |  
2019-08-24 07:08:44,578 | INFO  | DNAudit | user=null | ip=null | op=WRITE_CHUNK {blockData=conID: 2 locID: 102670698057171583 bcsId: 0} | ret=SUCCESS |  
2019-08-24 07:08:44,578 | INFO  | DNAudit | user=null | ip=null | op=WRITE_CHUNK {blockData=conID: 2 locID: 102670698057171583 bcsId: 0} | ret=SUCCESS |  
2019-08-24 07:08:44,584 | INFO  | DNAudit | user=null | ip=null | op=WRITE_CHUNK {blockData=conID: 2 locID: 102670698057171583 bcsId: 0} | ret=SUCCESS |  
2019-08-24 07:08:44,584 | INFO  | DNAudit | user=null | ip=null | op=PUT_BLOCK {blockData=[blockId=conID: 2 locID: 102670698057171583 bcsId: 0,size=1048576]} | ret=SUCCESS |  
2019-08-24 07:08:44,585 | INFO  | DNAudit | user=null | ip=null | op=WRITE_CHUNK {blockData=conID: 2 locID: 102670698057171583 bcsId: 0} | ret=SUCCESS |  
2019-08-24 07:08:44,585 | INFO  | DNAudit | user=null | ip=null | op=PUT_BLOCK {blockData=[blockId=conID: 2 locID: 102670698057171583 bcsId: 0,size=2097152]} | ret=SUCCESS |  
2019-08-24 07:08:44,585 [grpc-default-executor-2] INFO  client.GrpcClientProtocolClient (GrpcClientProtocolClient.java:onNext(255)) - client-6EDD19400D46->06a4573b-67a1-41e3-a350-f896363bc636: receive RaftClientReply:client-6EDD19400D46->06a4573b-67a1-41e3-a350-f896363bc636@group-757E3781CD2A, cid=2960, SUCCESS, logIndex=4423, commits[06a4573b-67a1-41e3-a350-f896363bc636:c4424, 0b725bbf-683b-4664-9a2e-3c9dd6e38bc1:c4422, 9193e3b7-ae04-484d-a740-c65c11559486:c4422]
2019-08-24 07:08:44,586 [grpc-default-executor-2] INFO  client.GrpcClientProtocolClient (GrpcClientProtocolClient.java:onNext(255)) - client-6EDD19400D46->06a4573b-67a1-41e3-a350-f896363bc636: receive RaftClientReply:client-6EDD19400D46->06a4573b-67a1-41e3-a350-f896363bc636@group-757E3781CD2A, cid=2961, SUCCESS, logIndex=4424, commits[06a4573b-67a1-41e3-a350-f896363bc636:c4426, 0b725bbf-683b-4664-9a2e-3c9dd6e38bc1:c4422, 9193e3b7-ae04-484d-a740-c65c11559486:c4422]
2019-08-24 07:08:44,587 | INFO  | DNAudit | user=null | ip=null | op=WRITE_CHUNK {blockData=conID: 2 locID: 102670698057171583 bcsId: 0} | ret=SUCCESS |  
2019-08-24 07:08:44,587 | INFO  | DNAudit | user=null | ip=null | op=PUT_BLOCK {blockData=[blockId=conID: 2 locID: 102670698057171583 bcsId: 0,size=1048576]} | ret=SUCCESS |  
2019-08-24 07:08:44,587 [grpc-default-executor-2] INFO  client.GrpcClientProtocolClient (GrpcClientProtocolClient.java:onNext(255)) - client-6EDD19400D46->06a4573b-67a1-41e3-a350-f896363bc636: receive RaftClientReply:client-6EDD19400D46->06a4573b-67a1-41e3-a350-f896363bc636@group-757E3781CD2A, cid=2962, SUCCESS, logIndex=4425, commits[06a4573b-67a1-41e3-a350-f896363bc636:c4426, 0b725bbf-683b-4664-9a2e-3c9dd6e38bc1:c4422, 9193e3b7-ae04-484d-a740-c65c11559486:c4422]
2019-08-24 07:08:44,587 [grpc-default-executor-2] INFO  client.GrpcClientProtocolClient (GrpcClientProtocolClient.java:onNext(255)) - client-6EDD19400D46->06a4573b-67a1-41e3-a350-f896363bc636: receive RaftClientReply:client-6EDD19400D46->06a4573b-67a1-41e3-a350-f896363bc636@group-757E3781CD2A, cid=2963, SUCCESS, logIndex=4426, commits[06a4573b-67a1-41e3-a350-f896363bc636:c4426, 0b725bbf-683b-4664-9a2e-3c9dd6e38bc1:c4422, 9193e3b7-ae04-484d-a740-c65c11559486:c4422]
2019-08-24 07:08:44,598 | INFO  | DNAudit | user=null | ip=null | op=WRITE_CHUNK {blockData=conID: 2 locID: 102670698057171583 bcsId: 0} | ret=SUCCESS |  
2019-08-24 07:08:44,598 | INFO  | DNAudit | user=null | ip=null | op=PUT_BLOCK {blockData=[blockId=conID: 2 locID: 102670698057171583 bcsId: 0,size=1048576]} | ret=SUCCESS |  
2019-08-24 07:08:44,598 | INFO  | DNAudit | user=null | ip=null | op=WRITE_CHUNK {blockData=conID: 2 locID: 102670698057171583 bcsId: 0} | ret=SUCCESS |  
2019-08-24 07:08:44,599 | INFO  | DNAudit | user=null | ip=null | op=WRITE_CHUNK {blockData=conID: 2 locID: 102670698057171583 bcsId: 0} | ret=SUCCESS |  
2019-08-24 07:08:44,599 | INFO  | DNAudit | user=null | ip=null | op=PUT_BLOCK {blockData=[blockId=conID: 2 locID: 102670698057171583 bcsId: 0,size=2097152]} | ret=SUCCESS |  
2019-08-24 07:08:44,599 | INFO  | DNAudit | user=null | ip=null | op=PUT_BLOCK {blockData=[blockId=conID: 2 locID: 102670698057171583 bcsId: 0,size=2097152]} | ret=SUCCESS |  
2019-08-24 07:08:44,599 [grpc-default-executor-2] INFO  client.GrpcClientProtocolClient (GrpcClientProtocolClient.java:onNext(255)) - client-6EDD19400D46->06a4573b-67a1-41e3-a350-f896363bc636: receive RaftClientReply:client-6EDD19400D46->06a4573b-67a1-41e3-a350-f896363bc636@group-757E3781CD2A, cid=2964, SUCCESS, logIndex=0, commits[06a4573b-67a1-41e3-a350-f896363bc636:c4427, 0b725bbf-683b-4664-9a2e-3c9dd6e38bc1:c4424, 9193e3b7-ae04-484d-a740-c65c11559486:c4424]
2019-08-24 07:08:44,607 | INFO  | DNAudit | user=null | ip=null | op=WRITE_CHUNK {blockData=conID: 2 locID: 102670698057171583 bcsId: 4426} | ret=SUCCESS |  
2019-08-24 07:08:44,609 | INFO  | DNAudit | user=null | ip=null | op=WRITE_CHUNK {blockData=conID: 2 locID: 102670698057171583 bcsId: 4426} | ret=SUCCESS |  
2019-08-24 07:08:44,610 | INFO  | DNAudit | user=null | ip=null | op=WRITE_CHUNK {blockData=conID: 2 locID: 102670698057171583 bcsId: 4426} | ret=SUCCESS |  
2019-08-24 07:08:44,621 | INFO  | DNAudit | user=null | ip=null | op=WRITE_CHUNK {blockData=conID: 2 locID: 102670698057171583 bcsId: 4426} | ret=SUCCESS |  
2019-08-24 07:08:44,622 | INFO  | DNAudit | user=null | ip=null | op=PUT_BLOCK {blockData=[blockId=conID: 2 locID: 102670698057171583 bcsId: 0,size=3145728]} | ret=SUCCESS |  
2019-08-24 07:08:44,622 [grpc-default-executor-0] INFO  client.GrpcClientProtocolClient (GrpcClientProtocolClient.java:onNext(255)) - client-6EDD19400D46->06a4573b-67a1-41e3-a350-f896363bc636: receive RaftClientReply:client-6EDD19400D46->06a4573b-67a1-41e3-a350-f896363bc636@group-757E3781CD2A, cid=2965, SUCCESS, logIndex=4431, commits[06a4573b-67a1-41e3-a350-f896363bc636:c4432, 0b725bbf-683b-4664-9a2e-3c9dd6e38bc1:c4430, 9193e3b7-ae04-484d-a740-c65c11559486:c4430]
2019-08-24 07:08:44,623 [grpc-default-executor-0] INFO  client.GrpcClientProtocolClient (GrpcClientProtocolClient.java:onNext(255)) - client-6EDD19400D46->06a4573b-67a1-41e3-a350-f896363bc636: receive RaftClientReply:client-6EDD19400D46->06a4573b-67a1-41e3-a350-f896363bc636@group-757E3781CD2A, cid=2966, SUCCESS, logIndex=4432, commits[06a4573b-67a1-41e3-a350-f896363bc636:c4432, 0b725bbf-683b-4664-9a2e-3c9dd6e38bc1:c4430, 9193e3b7-ae04-484d-a740-c65c11559486:c4430]
2019-08-24 07:08:44,631 | INFO  | DNAudit | user=null | ip=null | op=WRITE_CHUNK {blockData=conID: 2 locID: 102670698057171583 bcsId: 4432} | ret=SUCCESS |  
2019-08-24 07:08:44,635 | INFO  | DNAudit | user=null | ip=null | op=WRITE_CHUNK {blockData=conID: 2 locID: 102670698057171583 bcsId: 4432} | ret=SUCCESS |  
2019-08-24 07:08:44,635 | INFO  | DNAudit | user=null | ip=null | op=WRITE_CHUNK {blockData=conID: 2 locID: 102670698057171583 bcsId: 4432} | ret=SUCCESS |  
2019-08-24 07:08:44,658 | INFO  | DNAudit | user=null | ip=null | op=WRITE_CHUNK {blockData=conID: 2 locID: 102670698057171583 bcsId: 4426} | ret=SUCCESS |  
2019-08-24 07:08:44,659 | INFO  | DNAudit | user=null | ip=null | op=WRITE_CHUNK {blockData=conID: 2 locID: 102670698057171583 bcsId: 4426} | ret=SUCCESS |  
2019-08-24 07:08:44,660 | INFO  | DNAudit | user=null | ip=null | op=PUT_BLOCK {blockData=[blockId=conID: 2 locID: 102670698057171583 bcsId: 0,size=3145728]} | ret=SUCCESS |  
2019-08-24 07:08:44,660 | INFO  | DNAudit | user=null | ip=null | op=PUT_BLOCK {blockData=[blockId=conID: 2 locID: 102670698057171583 bcsId: 0,size=3145728]} | ret=SUCCESS |  
2019-08-24 07:08:44,661 | INFO  | DNAudit | user=null | ip=null | op=WRITE_CHUNK {blockData=conID: 2 locID: 102670698057171583 bcsId: 4432} | ret=SUCCESS |  
2019-08-24 07:08:44,661 | INFO  | DNAudit | user=null | ip=null | op=PUT_BLOCK {blockData=[blockId=conID: 2 locID: 102670698057171583 bcsId: 0,size=4194304]} | ret=SUCCESS |  
2019-08-24 07:08:44,662 [grpc-default-executor-2] INFO  client.GrpcClientProtocolClient (GrpcClientProtocolClient.java:onNext(255)) - client-6EDD19400D46->06a4573b-67a1-41e3-a350-f896363bc636: receive RaftClientReply:client-6EDD19400D46->06a4573b-67a1-41e3-a350-f896363bc636@group-757E3781CD2A, cid=2967, SUCCESS, logIndex=4435, commits[06a4573b-67a1-41e3-a350-f896363bc636:c4436, 0b725bbf-683b-4664-9a2e-3c9dd6e38bc1:c4432, 9193e3b7-ae04-484d-a740-c65c11559486:c4432]
2019-08-24 07:08:44,663 [grpc-default-executor-2] INFO  client.GrpcClientProtocolClient (GrpcClientProtocolClient.java:onNext(255)) - client-6EDD19400D46->06a4573b-67a1-41e3-a350-f896363bc636: receive RaftClientReply:client-6EDD19400D46->06a4573b-67a1-41e3-a350-f896363bc636@group-757E3781CD2A, cid=2968, SUCCESS, logIndex=4436, commits[06a4573b-67a1-41e3-a350-f896363bc636:c4436, 0b725bbf-683b-4664-9a2e-3c9dd6e38bc1:c4432, 9193e3b7-ae04-484d-a740-c65c11559486:c4432]
2019-08-24 07:08:44,673 | INFO  | DNAudit | user=null | ip=null | op=WRITE_CHUNK {blockData=conID: 2 locID: 102670698057171583 bcsId: 4432} | ret=SUCCESS |  
2019-08-24 07:08:44,673 | INFO  | DNAudit | user=null | ip=null | op=WRITE_CHUNK {blockData=conID: 2 locID: 102670698057171583 bcsId: 4432} | ret=SUCCESS |  
2019-08-24 07:08:44,676 | INFO  | DNAudit | user=null | ip=null | op=PUT_BLOCK {blockData=[blockId=conID: 2 locID: 102670698057171583 bcsId: 0,size=4194304]} | ret=SUCCESS |  
2019-08-24 07:08:44,676 | INFO  | DNAudit | user=null | ip=null | op=PUT_BLOCK {blockData=[blockId=conID: 2 locID: 102670698057171583 bcsId: 0,size=4194304]} | ret=SUCCESS |  
2019-08-24 07:08:44,677 [grpc-default-executor-2] INFO  client.GrpcClientProtocolClient (GrpcClientProtocolClient.java:onNext(255)) - client-6EDD19400D46->06a4573b-67a1-41e3-a350-f896363bc636: receive RaftClientReply:client-6EDD19400D46->06a4573b-67a1-41e3-a350-f896363bc636@group-757E3781CD2A, cid=2969, SUCCESS, logIndex=0, commits[06a4573b-67a1-41e3-a350-f896363bc636:c4438, 0b725bbf-683b-4664-9a2e-3c9dd6e38bc1:c4436, 9193e3b7-ae04-484d-a740-c65c11559486:c4436]
2019-08-24 07:08:44,687 | INFO  | SCMAudit | user=jenkins1000 | ip=192.168.69.125 | op=ALLOCATE_BLOCK {owner=61bacca8-15b6-4a50-8962-5e9786b18b0d, size=4194304, type=RATIS, factor=THREE} | ret=SUCCESS |  
2019-08-24 07:08:44,692 | INFO  | OMAudit | user=jenkins1000 | ip=127.0.0.1 | op=ALLOCATE_BLOCK {volume=vol-0-26988, bucket=bucket-0-20739, key=key-0-27353, dataSize=0, replicationType=null, replicationFactor=null, keyLocationInfo=null, clientID=102670695851229586} | ret=SUCCESS |  
2019-08-24 07:08:44,702 | INFO  | DNAudit | user=null | ip=null | op=WRITE_CHUNK {blockData=conID: 3 locID: 102670698065887872 bcsId: 0} | ret=SUCCESS |  
2019-08-24 07:08:44,705 | INFO  | DNAudit | user=null | ip=null | op=WRITE_CHUNK {blockData=conID: 3 locID: 102670698065887872 bcsId: 0} | ret=SUCCESS |  
2019-08-24 07:08:44,706 | INFO  | DNAudit | user=null | ip=null | op=WRITE_CHUNK {blockData=conID: 3 locID: 102670698065887872 bcsId: 0} | ret=SUCCESS |  
2019-08-24 07:08:44,707 | INFO  | DNAudit | user=null | ip=null | op=WRITE_CHUNK {blockData=conID: 3 locID: 102670698065887872 bcsId: 0} | ret=SUCCESS |  
2019-08-24 07:08:44,708 | INFO  | DNAudit | user=null | ip=null | op=WRITE_CHUNK {blockData=conID: 3 locID: 102670698065887872 bcsId: 0} | ret=SUCCESS |  
2019-08-24 07:08:44,709 | INFO  | DNAudit | user=null | ip=null | op=WRITE_CHUNK {blockData=conID: 3 locID: 102670698065887872 bcsId: 0} | ret=SUCCESS |  
2019-08-24 07:08:44,715 | INFO  | DNAudit | user=null | ip=null | op=WRITE_CHUNK {blockData=conID: 3 locID: 102670698065887872 bcsId: 0} | ret=SUCCESS |  
2019-08-24 07:08:44,716 | INFO  | DNAudit | user=null | ip=null | op=PUT_BLOCK {blockData=[blockId=conID: 3 locID: 102670698065887872 bcsId: 0,size=1048576]} | ret=SUCCESS |  
2019-08-24 07:08:44,717 | INFO  | DNAudit | user=null | ip=null | op=WRITE_CHUNK {blockData=conID: 3 locID: 102670698065887872 bcsId: 0} | ret=SUCCESS |  
2019-08-24 07:08:44,717 [grpc-default-executor-2] INFO  client.GrpcClientProtocolClient (GrpcClientProtocolClient.java:onNext(255)) - client-6EDD19400D46->06a4573b-67a1-41e3-a350-f896363bc636: receive RaftClientReply:client-6EDD19400D46->06a4573b-67a1-41e3-a350-f896363bc636@group-757E3781CD2A, cid=2970, SUCCESS, logIndex=4439, commits[06a4573b-67a1-41e3-a350-f896363bc636:c4440, 0b725bbf-683b-4664-9a2e-3c9dd6e38bc1:c4436, 9193e3b7-ae04-484d-a740-c65c11559486:c4438]
2019-08-24 07:08:44,717 | INFO  | DNAudit | user=null | ip=null | op=PUT_BLOCK {blockData=[blockId=conID: 3 locID: 102670698065887872 bcsId: 0,size=2097152]} | ret=SUCCESS |  
2019-08-24 07:08:44,718 | INFO  | DNAudit | user=null | ip=null | op=WRITE_CHUNK {blockData=conID: 3 locID: 102670698065887872 bcsId: 0} | ret=SUCCESS |  
2019-08-24 07:08:44,718 | INFO  | DNAudit | user=null | ip=null | op=WRITE_CHUNK {blockData=conID: 3 locID: 102670698065887872 bcsId: 0} | ret=SUCCESS |  
2019-08-24 07:08:44,718 [grpc-default-executor-2] INFO  client.GrpcClientProtocolClient (GrpcClientProtocolClient.java:onNext(255)) - client-6EDD19400D46->06a4573b-67a1-41e3-a350-f896363bc636: receive RaftClientReply:client-6EDD19400D46->06a4573b-67a1-41e3-a350-f896363bc636@group-757E3781CD2A, cid=2971, SUCCESS, logIndex=4440, commits[06a4573b-67a1-41e3-a350-f896363bc636:c4440, 0b725bbf-683b-4664-9a2e-3c9dd6e38bc1:c4436, 9193e3b7-ae04-484d-a740-c65c11559486:c4438]
2019-08-24 07:08:44,718 | INFO  | DNAudit | user=null | ip=null | op=PUT_BLOCK {blockData=[blockId=conID: 3 locID: 102670698065887872 bcsId: 0,size=1048576]} | ret=SUCCESS |  
2019-08-24 07:08:44,718 | INFO  | DNAudit | user=null | ip=null | op=PUT_BLOCK {blockData=[blockId=conID: 3 locID: 102670698065887872 bcsId: 0,size=1048576]} | ret=SUCCESS |  
2019-08-24 07:08:44,719 [grpc-default-executor-2] INFO  client.GrpcClientProtocolClient (GrpcClientProtocolClient.java:onNext(255)) - client-6EDD19400D46->06a4573b-67a1-41e3-a350-f896363bc636: receive RaftClientReply:client-6EDD19400D46->06a4573b-67a1-41e3-a350-f896363bc636@group-757E3781CD2A, cid=2972, SUCCESS, logIndex=4441, commits[06a4573b-67a1-41e3-a350-f896363bc636:c4442, 0b725bbf-683b-4664-9a2e-3c9dd6e38bc1:c4438, 9193e3b7-ae04-484d-a740-c65c11559486:c4438]
2019-08-24 07:08:44,719 [grpc-default-executor-2] INFO  client.GrpcClientProtocolClient (GrpcClientProtocolClient.java:onNext(255)) - client-6EDD19400D46->06a4573b-67a1-41e3-a350-f896363bc636: receive RaftClientReply:client-6EDD19400D46->06a4573b-67a1-41e3-a350-f896363bc636@group-757E3781CD2A, cid=2973, SUCCESS, logIndex=4442, commits[06a4573b-67a1-41e3-a350-f896363bc636:c4442, 0b725bbf-683b-4664-9a2e-3c9dd6e38bc1:c4438, 9193e3b7-ae04-484d-a740-c65c11559486:c4438]
2019-08-24 07:08:44,720 [grpc-default-executor-2] INFO  client.GrpcClientProtocolClient (GrpcClientProtocolClient.java:onNext(255)) - client-6EDD19400D46->06a4573b-67a1-41e3-a350-f896363bc636: receive RaftClientReply:client-6EDD19400D46->06a4573b-67a1-41e3-a350-f896363bc636@group-757E3781CD2A, cid=2974, SUCCESS, logIndex=0, commits[06a4573b-67a1-41e3-a350-f896363bc636:c4443, 0b725bbf-683b-4664-9a2e-3c9dd6e38bc1:c4440, 9193e3b7-ae04-484d-a740-c65c11559486:c4440]
2019-08-24 07:08:44,730 | INFO  | DNAudit | user=null | ip=null | op=WRITE_CHUNK {blockData=conID: 3 locID: 102670698065887872 bcsId: 0} | ret=SUCCESS |  
2019-08-24 07:08:44,730 | INFO  | DNAudit | user=null | ip=null | op=WRITE_CHUNK {blockData=conID: 3 locID: 102670698065887872 bcsId: 0} | ret=SUCCESS |  
2019-08-24 07:08:44,730 | INFO  | DNAudit | user=null | ip=null | op=WRITE_CHUNK {blockData=conID: 3 locID: 102670698065887872 bcsId: 4442} | ret=SUCCESS |  
2019-08-24 07:08:44,730 | INFO  | DNAudit | user=null | ip=null | op=PUT_BLOCK {blockData=[blockId=conID: 3 locID: 102670698065887872 bcsId: 0,size=2097152]} | ret=SUCCESS |  
2019-08-24 07:08:44,730 | INFO  | DNAudit | user=null | ip=null | op=PUT_BLOCK {blockData=[blockId=conID: 3 locID: 102670698065887872 bcsId: 0,size=2097152]} | ret=SUCCESS |  
2019-08-24 07:08:44,734 | INFO  | DNAudit | user=null | ip=null | op=WRITE_CHUNK {blockData=conID: 3 locID: 102670698065887872 bcsId: 4442} | ret=SUCCESS |  
2019-08-24 07:08:44,735 | INFO  | DNAudit | user=null | ip=null | op=WRITE_CHUNK {blockData=conID: 3 locID: 102670698065887872 bcsId: 4442} | ret=SUCCESS |  
2019-08-24 07:08:44,742 | INFO  | DNAudit | user=null | ip=null | op=WRITE_CHUNK {blockData=conID: 3 locID: 102670698065887872 bcsId: 4442} | ret=SUCCESS |  
2019-08-24 07:08:44,743 | INFO  | DNAudit | user=null | ip=null | op=PUT_BLOCK {blockData=[blockId=conID: 3 locID: 102670698065887872 bcsId: 0,size=3145728]} | ret=SUCCESS |  
2019-08-24 07:08:44,743 [grpc-default-executor-5] INFO  client.GrpcClientProtocolClient (GrpcClientProtocolClient.java:onNext(255)) - client-6EDD19400D46->06a4573b-67a1-41e3-a350-f896363bc636: receive RaftClientReply:client-6EDD19400D46->06a4573b-67a1-41e3-a350-f896363bc636@group-757E3781CD2A, cid=2975, SUCCESS, logIndex=4446, commits[06a4573b-67a1-41e3-a350-f896363bc636:c4447, 0b725bbf-683b-4664-9a2e-3c9dd6e38bc1:c4443, 9193e3b7-ae04-484d-a740-c65c11559486:c4443]
2019-08-24 07:08:44,743 [grpc-default-executor-5] INFO  client.GrpcClientProtocolClient (GrpcClientProtocolClient.java:onNext(255)) - client-6EDD19400D46->06a4573b-67a1-41e3-a350-f896363bc636: receive RaftClientReply:client-6EDD19400D46->06a4573b-67a1-41e3-a350-f896363bc636@group-757E3781CD2A, cid=2976, SUCCESS, logIndex=4447, commits[06a4573b-67a1-41e3-a350-f896363bc636:c4447, 0b725bbf-683b-4664-9a2e-3c9dd6e38bc1:c4443, 9193e3b7-ae04-484d-a740-c65c11559486:c4443]
2019-08-24 07:08:44,751 | INFO  | DNAudit | user=null | ip=null | op=WRITE_CHUNK {blockData=conID: 3 locID: 102670698065887872 bcsId: 4447} | ret=SUCCESS |  
2019-08-24 07:08:44,754 | INFO  | DNAudit | user=null | ip=null | op=WRITE_CHUNK {blockData=conID: 3 locID: 102670698065887872 bcsId: 4447} | ret=SUCCESS |  
2019-08-24 07:08:44,755 | INFO  | DNAudit | user=null | ip=null | op=WRITE_CHUNK {blockData=conID: 3 locID: 102670698065887872 bcsId: 4447} | ret=SUCCESS |  
2019-08-24 07:08:44,756 | INFO  | DNAudit | user=null | ip=null | op=WRITE_CHUNK {blockData=conID: 3 locID: 102670698065887872 bcsId: 4442} | ret=SUCCESS |  
2019-08-24 07:08:44,756 | INFO  | DNAudit | user=null | ip=null | op=WRITE_CHUNK {blockData=conID: 3 locID: 102670698065887872 bcsId: 4442} | ret=SUCCESS |  
2019-08-24 07:08:44,767 | INFO  | DNAudit | user=null | ip=null | op=PUT_BLOCK {blockData=[blockId=conID: 3 locID: 102670698065887872 bcsId: 0,size=3145728]} | ret=SUCCESS |  
2019-08-24 07:08:44,768 | INFO  | DNAudit | user=null | ip=null | op=PUT_BLOCK {blockData=[blockId=conID: 3 locID: 102670698065887872 bcsId: 0,size=3145728]} | ret=SUCCESS |  
2019-08-24 07:08:44,769 | INFO  | DNAudit | user=null | ip=null | op=WRITE_CHUNK {blockData=conID: 3 locID: 102670698065887872 bcsId: 4447} | ret=SUCCESS |  
2019-08-24 07:08:44,769 | INFO  | DNAudit | user=null | ip=null | op=PUT_BLOCK {blockData=[blockId=conID: 3 locID: 102670698065887872 bcsId: 0,size=4194304]} | ret=SUCCESS |  
2019-08-24 07:08:44,770 [grpc-default-executor-2] INFO  client.GrpcClientProtocolClient (GrpcClientProtocolClient.java:onNext(255)) - client-6EDD19400D46->06a4573b-67a1-41e3-a350-f896363bc636: receive RaftClientReply:client-6EDD19400D46->06a4573b-67a1-41e3-a350-f896363bc636@group-757E3781CD2A, cid=2977, SUCCESS, logIndex=4450, commits[06a4573b-67a1-41e3-a350-f896363bc636:c4451, 0b725bbf-683b-4664-9a2e-3c9dd6e38bc1:c4446, 9193e3b7-ae04-484d-a740-c65c11559486:c4447]
2019-08-24 07:08:44,770 [grpc-default-executor-2] INFO  client.GrpcClientProtocolClient (GrpcClientProtocolClient.java:onNext(255)) - client-6EDD19400D46->06a4573b-67a1-41e3-a350-f896363bc636: receive RaftClientReply:client-6EDD19400D46->06a4573b-67a1-41e3-a350-f896363bc636@group-757E3781CD2A, cid=2978, SUCCESS, logIndex=4451, commits[06a4573b-67a1-41e3-a350-f896363bc636:c4451, 0b725bbf-683b-4664-9a2e-3c9dd6e38bc1:c4447, 9193e3b7-ae04-484d-a740-c65c11559486:c4447]
2019-08-24 07:08:44,780 | INFO  | DNAudit | user=null | ip=null | op=WRITE_CHUNK {blockData=conID: 3 locID: 102670698065887872 bcsId: 4447} | ret=SUCCESS |  
2019-08-24 07:08:44,780 | INFO  | DNAudit | user=null | ip=null | op=WRITE_CHUNK {blockData=conID: 3 locID: 102670698065887872 bcsId: 4447} | ret=SUCCESS |  
2019-08-24 07:08:44,782 | INFO  | DNAudit | user=null | ip=null | op=PUT_BLOCK {blockData=[blockId=conID: 3 locID: 102670698065887872 bcsId: 0,size=4194304]} | ret=SUCCESS |  
2019-08-24 07:08:44,782 | INFO  | DNAudit | user=null | ip=null | op=PUT_BLOCK {blockData=[blockId=conID: 3 locID: 102670698065887872 bcsId: 0,size=4194304]} | ret=SUCCESS |  
2019-08-24 07:08:44,784 [grpc-default-executor-2] INFO  client.GrpcClientProtocolClient (GrpcClientProtocolClient.java:onNext(255)) - client-6EDD19400D46->06a4573b-67a1-41e3-a350-f896363bc636: receive RaftClientReply:client-6EDD19400D46->06a4573b-67a1-41e3-a350-f896363bc636@group-757E3781CD2A, cid=2979, SUCCESS, logIndex=0, commits[06a4573b-67a1-41e3-a350-f896363bc636:c4453, 0b725bbf-683b-4664-9a2e-3c9dd6e38bc1:c4451, 9193e3b7-ae04-484d-a740-c65c11559486:c4451]
2019-08-24 07:08:44,794 | INFO  | SCMAudit | user=jenkins1000 | ip=192.168.69.125 | op=ALLOCATE_BLOCK {owner=61bacca8-15b6-4a50-8962-5e9786b18b0d, size=4194304, type=RATIS, factor=THREE} | ret=SUCCESS |  
2019-08-24 07:08:44,800 | INFO  | OMAudit | user=jenkins1000 | ip=127.0.0.1 | op=ALLOCATE_BLOCK {volume=vol-0-26988, bucket=bucket-0-20739, key=key-0-27353, dataSize=0, replicationType=null, replicationFactor=null, keyLocationInfo=null, clientID=102670695851229586} | ret=SUCCESS |  
2019-08-24 07:08:44,809 | INFO  | DNAudit | user=null | ip=null | op=WRITE_CHUNK {blockData=conID: 1 locID: 102670698072900225 bcsId: 0} | ret=SUCCESS |  
2019-08-24 07:08:44,813 | INFO  | DNAudit | user=null | ip=null | op=WRITE_CHUNK {blockData=conID: 1 locID: 102670698072900225 bcsId: 0} | ret=SUCCESS |  
2019-08-24 07:08:44,813 | INFO  | DNAudit | user=null | ip=null | op=WRITE_CHUNK {blockData=conID: 1 locID: 102670698072900225 bcsId: 0} | ret=SUCCESS |  
2019-08-24 07:08:44,813 | INFO  | DNAudit | user=null | ip=null | op=WRITE_CHUNK {blockData=conID: 1 locID: 102670698072900225 bcsId: 0} | ret=SUCCESS |  
2019-08-24 07:08:44,816 | INFO  | DNAudit | user=null | ip=null | op=WRITE_CHUNK {blockData=conID: 1 locID: 102670698072900225 bcsId: 0} | ret=SUCCESS |  
2019-08-24 07:08:44,817 | INFO  | DNAudit | user=null | ip=null | op=WRITE_CHUNK {blockData=conID: 1 locID: 102670698072900225 bcsId: 0} | ret=SUCCESS |  
2019-08-24 07:08:44,822 | INFO  | DNAudit | user=null | ip=null | op=WRITE_CHUNK {blockData=conID: 1 locID: 102670698072900225 bcsId: 0} | ret=SUCCESS |  
2019-08-24 07:08:44,823 | INFO  | DNAudit | user=null | ip=null | op=PUT_BLOCK {blockData=[blockId=conID: 1 locID: 102670698072900225 bcsId: 0,size=1048576]} | ret=SUCCESS |  
2019-08-24 07:08:44,824 | INFO  | DNAudit | user=null | ip=null | op=WRITE_CHUNK {blockData=conID: 1 locID: 102670698072900225 bcsId: 0} | ret=SUCCESS |  
2019-08-24 07:08:44,824 [grpc-default-executor-0] INFO  client.GrpcClientProtocolClient (GrpcClientProtocolClient.java:onNext(255)) - client-6EDD19400D46->06a4573b-67a1-41e3-a350-f896363bc636: receive RaftClientReply:client-6EDD19400D46->06a4573b-67a1-41e3-a350-f896363bc636@group-757E3781CD2A, cid=2980, SUCCESS, logIndex=4454, commits[06a4573b-67a1-41e3-a350-f896363bc636:c4455, 0b725bbf-683b-4664-9a2e-3c9dd6e38bc1:c4453, 9193e3b7-ae04-484d-a740-c65c11559486:c4453]
2019-08-24 07:08:44,824 | INFO  | DNAudit | user=null | ip=null | op=PUT_BLOCK {blockData=[blockId=conID: 1 locID: 102670698072900225 bcsId: 0,size=2097152]} | ret=SUCCESS |  
2019-08-24 07:08:44,824 | INFO  | DNAudit | user=null | ip=null | op=WRITE_CHUNK {blockData=conID: 1 locID: 102670698072900225 bcsId: 0} | ret=SUCCESS |  
2019-08-24 07:08:44,825 | INFO  | DNAudit | user=null | ip=null | op=WRITE_CHUNK {blockData=conID: 1 locID: 102670698072900225 bcsId: 0} | ret=SUCCESS |  
2019-08-24 07:08:44,825 | INFO  | DNAudit | user=null | ip=null | op=PUT_BLOCK {blockData=[blockId=conID: 1 locID: 102670698072900225 bcsId: 0,size=1048576]} | ret=SUCCESS |  
2019-08-24 07:08:44,825 | INFO  | DNAudit | user=null | ip=null | op=PUT_BLOCK {blockData=[blockId=conID: 1 locID: 102670698072900225 bcsId: 0,size=1048576]} | ret=SUCCESS |  
2019-08-24 07:08:44,826 [grpc-default-executor-5] INFO  client.GrpcClientProtocolClient (GrpcClientProtocolClient.java:onNext(255)) - client-6EDD19400D46->06a4573b-67a1-41e3-a350-f896363bc636: receive RaftClientReply:client-6EDD19400D46->06a4573b-67a1-41e3-a350-f896363bc636@group-757E3781CD2A, cid=2981, SUCCESS, logIndex=4455, commits[06a4573b-67a1-41e3-a350-f896363bc636:c4455, 0b725bbf-683b-4664-9a2e-3c9dd6e38bc1:c4453, 9193e3b7-ae04-484d-a740-c65c11559486:c4453]
2019-08-24 07:08:44,827 [grpc-default-executor-5] INFO  client.GrpcClientProtocolClient (GrpcClientProtocolClient.java:onNext(255)) - client-6EDD19400D46->06a4573b-67a1-41e3-a350-f896363bc636: receive RaftClientReply:client-6EDD19400D46->06a4573b-67a1-41e3-a350-f896363bc636@group-757E3781CD2A, cid=2982, SUCCESS, logIndex=4456, commits[06a4573b-67a1-41e3-a350-f896363bc636:c4457, 0b725bbf-683b-4664-9a2e-3c9dd6e38bc1:c4453, 9193e3b7-ae04-484d-a740-c65c11559486:c4453]
2019-08-24 07:08:44,827 | INFO  | DNAudit | user=null | ip=null | op=WRITE_CHUNK {blockData=conID: 1 locID: 102670698072900225 bcsId: 0} | ret=SUCCESS |  
2019-08-24 07:08:44,827 [grpc-default-executor-5] INFO  client.GrpcClientProtocolClient (GrpcClientProtocolClient.java:onNext(255)) - client-6EDD19400D46->06a4573b-67a1-41e3-a350-f896363bc636: receive RaftClientReply:client-6EDD19400D46->06a4573b-67a1-41e3-a350-f896363bc636@group-757E3781CD2A, cid=2983, SUCCESS, logIndex=4457, commits[06a4573b-67a1-41e3-a350-f896363bc636:c4457, 0b725bbf-683b-4664-9a2e-3c9dd6e38bc1:c4453, 9193e3b7-ae04-484d-a740-c65c11559486:c4453]
2019-08-24 07:08:44,827 | INFO  | DNAudit | user=null | ip=null | op=WRITE_CHUNK {blockData=conID: 1 locID: 102670698072900225 bcsId: 0} | ret=SUCCESS |  
2019-08-24 07:08:44,827 | INFO  | DNAudit | user=null | ip=null | op=PUT_BLOCK {blockData=[blockId=conID: 1 locID: 102670698072900225 bcsId: 0,size=2097152]} | ret=SUCCESS |  
2019-08-24 07:08:44,827 | INFO  | DNAudit | user=null | ip=null | op=PUT_BLOCK {blockData=[blockId=conID: 1 locID: 102670698072900225 bcsId: 0,size=2097152]} | ret=SUCCESS |  
2019-08-24 07:08:44,828 [grpc-default-executor-5] INFO  client.GrpcClientProtocolClient (GrpcClientProtocolClient.java:onNext(255)) - client-6EDD19400D46->06a4573b-67a1-41e3-a350-f896363bc636: receive RaftClientReply:client-6EDD19400D46->06a4573b-67a1-41e3-a350-f896363bc636@group-757E3781CD2A, cid=2984, SUCCESS, logIndex=0, commits[06a4573b-67a1-41e3-a350-f896363bc636:c4460, 0b725bbf-683b-4664-9a2e-3c9dd6e38bc1:c4457, 9193e3b7-ae04-484d-a740-c65c11559486:c4457]
2019-08-24 07:08:44,836 | INFO  | DNAudit | user=null | ip=null | op=WRITE_CHUNK {blockData=conID: 1 locID: 102670698072900225 bcsId: 4457} | ret=SUCCESS |  
2019-08-24 07:08:44,840 | INFO  | DNAudit | user=null | ip=null | op=WRITE_CHUNK {blockData=conID: 1 locID: 102670698072900225 bcsId: 4457} | ret=SUCCESS |  
2019-08-24 07:08:44,841 | INFO  | DNAudit | user=null | ip=null | op=WRITE_CHUNK {blockData=conID: 1 locID: 102670698072900225 bcsId: 4457} | ret=SUCCESS |  
 0.00% |█                                                                                                    |  0/1 Time: 0:00:332019-08-24 07:08:44,855 | INFO  | SCMAudit | user=jenkins1000 | ip=192.168.69.125 | op=SEND_HEARTBEAT {datanodeUUID=25ce0803-6f34-4c69-82c0-892f08679042, command=[]} | ret=SUCCESS |  
2019-08-24 07:08:44,855 | INFO  | SCMAudit | user=jenkins1000 | ip=192.168.69.125 | op=SEND_HEARTBEAT {datanodeUUID=0b725bbf-683b-4664-9a2e-3c9dd6e38bc1, command=[]} | ret=SUCCESS |  
2019-08-24 07:08:44,855 | INFO  | SCMAudit | user=jenkins1000 | ip=192.168.69.125 | op=SEND_HEARTBEAT {datanodeUUID=9193e3b7-ae04-484d-a740-c65c11559486, command=[]} | ret=SUCCESS |  
2019-08-24 07:08:44,855 | INFO  | DNAudit | user=null | ip=null | op=WRITE_CHUNK {blockData=conID: 1 locID: 102670698072900225 bcsId: 4457} | ret=SUCCESS |  
2019-08-24 07:08:44,855 | INFO  | SCMAudit | user=jenkins1000 | ip=192.168.69.125 | op=SEND_HEARTBEAT {datanodeUUID=06a4573b-67a1-41e3-a350-f896363bc636, command=[]} | ret=SUCCESS |  
2019-08-24 07:08:44,855 | INFO  | SCMAudit | user=jenkins1000 | ip=192.168.69.125 | op=SEND_HEARTBEAT {datanodeUUID=b8548da6-9cc6-46be-8dd4-5219531f5960, command=[]} | ret=SUCCESS |  
2019-08-24 07:08:44,856 | INFO  | DNAudit | user=null | ip=null | op=PUT_BLOCK {blockData=[blockId=conID: 1 locID: 102670698072900225 bcsId: 0,size=3145728]} | ret=SUCCESS |  
2019-08-24 07:08:44,856 [grpc-default-executor-5] INFO  client.GrpcClientProtocolClient (GrpcClientProtocolClient.java:onNext(255)) - client-6EDD19400D46->06a4573b-67a1-41e3-a350-f896363bc636: receive RaftClientReply:client-6EDD19400D46->06a4573b-67a1-41e3-a350-f896363bc636@group-757E3781CD2A, cid=2985, SUCCESS, logIndex=4461, commits[06a4573b-67a1-41e3-a350-f896363bc636:c4462, 0b725bbf-683b-4664-9a2e-3c9dd6e38bc1:c4460, 9193e3b7-ae04-484d-a740-c65c11559486:c4460]
2019-08-24 07:08:44,856 [grpc-default-executor-5] INFO  client.GrpcClientProtocolClient (GrpcClientProtocolClient.java:onNext(255)) - client-6EDD19400D46->06a4573b-67a1-41e3-a350-f896363bc636: receive RaftClientReply:client-6EDD19400D46->06a4573b-67a1-41e3-a350-f896363bc636@group-757E3781CD2A, cid=2986, SUCCESS, logIndex=4462, commits[06a4573b-67a1-41e3-a350-f896363bc636:c4462, 0b725bbf-683b-4664-9a2e-3c9dd6e38bc1:c4460, 9193e3b7-ae04-484d-a740-c65c11559486:c4460]
2019-08-24 07:08:44,866 | INFO  | DNAudit | user=null | ip=null | op=WRITE_CHUNK {blockData=conID: 1 locID: 102670698072900225 bcsId: 4462} | ret=SUCCESS |  
2019-08-24 07:08:44,868 | INFO  | DNAudit | user=null | ip=null | op=WRITE_CHUNK {blockData=conID: 1 locID: 102670698072900225 bcsId: 4457} | ret=SUCCESS |  
2019-08-24 07:08:44,868 | INFO  | DNAudit | user=null | ip=null | op=WRITE_CHUNK {blockData=conID: 1 locID: 102670698072900225 bcsId: 4457} | ret=SUCCESS |  
2019-08-24 07:08:44,869 | INFO  | DNAudit | user=null | ip=null | op=PUT_BLOCK {blockData=[blockId=conID: 1 locID: 102670698072900225 bcsId: 0,size=3145728]} | ret=SUCCESS |  
2019-08-24 07:08:44,869 | INFO  | DNAudit | user=null | ip=null | op=PUT_BLOCK {blockData=[blockId=conID: 1 locID: 102670698072900225 bcsId: 0,size=3145728]} | ret=SUCCESS |  
2019-08-24 07:08:44,870 | INFO  | DNAudit | user=null | ip=null | op=WRITE_CHUNK {blockData=conID: 1 locID: 102670698072900225 bcsId: 4462} | ret=SUCCESS |  
2019-08-24 07:08:44,870 | INFO  | DNAudit | user=null | ip=null | op=WRITE_CHUNK {blockData=conID: 1 locID: 102670698072900225 bcsId: 4462} | ret=SUCCESS |  
2019-08-24 07:08:44,882 | INFO  | DNAudit | user=null | ip=null | op=WRITE_CHUNK {blockData=conID: 1 locID: 102670698072900225 bcsId: 4462} | ret=SUCCESS |  
2019-08-24 07:08:44,882 | INFO  | DNAudit | user=null | ip=null | op=PUT_BLOCK {blockData=[blockId=conID: 1 locID: 102670698072900225 bcsId: 0,size=4194304]} | ret=SUCCESS |  
2019-08-24 07:08:44,883 [grpc-default-executor-5] INFO  client.GrpcClientProtocolClient (GrpcClientProtocolClient.java:onNext(255)) - client-6EDD19400D46->06a4573b-67a1-41e3-a350-f896363bc636: receive RaftClientReply:client-6EDD19400D46->06a4573b-67a1-41e3-a350-f896363bc636@group-757E3781CD2A, cid=2987, SUCCESS, logIndex=4464, commits[06a4573b-67a1-41e3-a350-f896363bc636:c4465, 0b725bbf-683b-4664-9a2e-3c9dd6e38bc1:c4462, 9193e3b7-ae04-484d-a740-c65c11559486:c4462]
2019-08-24 07:08:44,883 [grpc-default-executor-5] INFO  client.GrpcClientProtocolClient (GrpcClientProtocolClient.java:onNext(255)) - client-6EDD19400D46->06a4573b-67a1-41e3-a350-f896363bc636: receive RaftClientReply:client-6EDD19400D46->06a4573b-67a1-41e3-a350-f896363bc636@group-757E3781CD2A, cid=2988, SUCCESS, logIndex=4465, commits[06a4573b-67a1-41e3-a350-f896363bc636:c4465, 0b725bbf-683b-4664-9a2e-3c9dd6e38bc1:c4462, 9193e3b7-ae04-484d-a740-c65c11559486:c4462]
2019-08-24 07:08:44,912 | INFO  | DNAudit | user=null | ip=null | op=WRITE_CHUNK {blockData=conID: 1 locID: 102670698072900225 bcsId: 4462} | ret=SUCCESS |  
2019-08-24 07:08:44,912 | INFO  | DNAudit | user=null | ip=null | op=WRITE_CHUNK {blockData=conID: 1 locID: 102670698072900225 bcsId: 4462} | ret=SUCCESS |  
2019-08-24 07:08:44,914 | INFO  | DNAudit | user=null | ip=null | op=PUT_BLOCK {blockData=[blockId=conID: 1 locID: 102670698072900225 bcsId: 0,size=4194304]} | ret=SUCCESS |  
2019-08-24 07:08:44,914 | INFO  | DNAudit | user=null | ip=null | op=PUT_BLOCK {blockData=[blockId=conID: 1 locID: 102670698072900225 bcsId: 0,size=4194304]} | ret=SUCCESS |  
2019-08-24 07:08:44,915 [grpc-default-executor-5] INFO  client.GrpcClientProtocolClient (GrpcClientProtocolClient.java:onNext(255)) - client-6EDD19400D46->06a4573b-67a1-41e3-a350-f896363bc636: receive RaftClientReply:client-6EDD19400D46->06a4573b-67a1-41e3-a350-f896363bc636@group-757E3781CD2A, cid=2989, SUCCESS, logIndex=0, commits[06a4573b-67a1-41e3-a350-f896363bc636:c4467, 0b725bbf-683b-4664-9a2e-3c9dd6e38bc1:c4465, 9193e3b7-ae04-484d-a740-c65c11559486:c4465]
2019-08-24 07:08:44,925 | INFO  | SCMAudit | user=jenkins1000 | ip=192.168.69.125 | op=ALLOCATE_BLOCK {owner=61bacca8-15b6-4a50-8962-5e9786b18b0d, size=4194304, type=RATIS, factor=THREE} | ret=SUCCESS |  
2019-08-24 07:08:44,932 | INFO  | OMAudit | user=jenkins1000 | ip=127.0.0.1 | op=ALLOCATE_BLOCK {volume=vol-0-26988, bucket=bucket-0-20739, key=key-0-27353, dataSize=0, replicationType=null, replicationFactor=null, keyLocationInfo=null, clientID=102670695851229586} | ret=SUCCESS |  
2019-08-24 07:08:45,150 | INFO  | DNAudit | user=null | ip=null | op=WRITE_CHUNK {blockData=conID: 2 locID: 102670698081485442 bcsId: 0} | ret=SUCCESS |  
2019-08-24 07:08:45,154 | INFO  | DNAudit | user=null | ip=null | op=WRITE_CHUNK {blockData=conID: 2 locID: 102670698081485442 bcsId: 0} | ret=SUCCESS |  
2019-08-24 07:08:45,154 | INFO  | DNAudit | user=null | ip=null | op=WRITE_CHUNK {blockData=conID: 2 locID: 102670698081485442 bcsId: 0} | ret=SUCCESS |  
2019-08-24 07:08:45,155 | INFO  | DNAudit | user=null | ip=null | op=WRITE_CHUNK {blockData=conID: 2 locID: 102670698081485442 bcsId: 0} | ret=SUCCESS |  
2019-08-24 07:08:45,157 | INFO  | DNAudit | user=null | ip=null | op=WRITE_CHUNK {blockData=conID: 2 locID: 102670698081485442 bcsId: 0} | ret=SUCCESS |  
2019-08-24 07:08:45,158 | INFO  | DNAudit | user=null | ip=null | op=WRITE_CHUNK {blockData=conID: 2 locID: 102670698081485442 bcsId: 0} | ret=SUCCESS |  
2019-08-24 07:08:45,179 | INFO  | DNAudit | user=null | ip=null | op=WRITE_CHUNK {blockData=conID: 2 locID: 102670698081485442 bcsId: 0} | ret=SUCCESS |  
2019-08-24 07:08:45,180 | INFO  | DNAudit | user=null | ip=null | op=PUT_BLOCK {blockData=[blockId=conID: 2 locID: 102670698081485442 bcsId: 0,size=1048576]} | ret=SUCCESS |  
2019-08-24 07:08:45,180 [grpc-default-executor-0] INFO  client.GrpcClientProtocolClient (GrpcClientProtocolClient.java:onNext(255)) - client-6EDD19400D46->06a4573b-67a1-41e3-a350-f896363bc636: receive RaftClientReply:client-6EDD19400D46->06a4573b-67a1-41e3-a350-f896363bc636@group-757E3781CD2A, cid=2990, SUCCESS, logIndex=4468, commits[06a4573b-67a1-41e3-a350-f896363bc636:c4468, 0b725bbf-683b-4664-9a2e-3c9dd6e38bc1:c4467, 9193e3b7-ae04-484d-a740-c65c11559486:c4465]
2019-08-24 07:08:45,181 [grpc-default-executor-0] INFO  client.GrpcClientProtocolClient (GrpcClientProtocolClient.java:onNext(255)) - client-6EDD19400D46->06a4573b-67a1-41e3-a350-f896363bc636: receive RaftClientReply:client-6EDD19400D46->06a4573b-67a1-41e3-a350-f896363bc636@group-757E3781CD2A, cid=2991, SUCCESS, logIndex=4469, commits[06a4573b-67a1-41e3-a350-f896363bc636:c4469, 0b725bbf-683b-4664-9a2e-3c9dd6e38bc1:c4467, 9193e3b7-ae04-484d-a740-c65c11559486:c4467]
2019-08-24 07:08:45,186 | INFO  | DNAudit | user=null | ip=null | op=WRITE_CHUNK {blockData=conID: 2 locID: 102670698081485442 bcsId: 0} | ret=SUCCESS |  
2019-08-24 07:08:45,187 | INFO  | DNAudit | user=null | ip=null | op=PUT_BLOCK {blockData=[blockId=conID: 2 locID: 102670698081485442 bcsId: 0,size=2097152]} | ret=SUCCESS |  
2019-08-24 07:08:45,187 [grpc-default-executor-2] INFO  client.GrpcClientProtocolClient (GrpcClientProtocolClient.java:onNext(255)) - client-6EDD19400D46->06a4573b-67a1-41e3-a350-f896363bc636: receive RaftClientReply:client-6EDD19400D46->06a4573b-67a1-41e3-a350-f896363bc636@group-757E3781CD2A, cid=2992, SUCCESS, logIndex=4470, commits[06a4573b-67a1-41e3-a350-f896363bc636:c4471, 0b725bbf-683b-4664-9a2e-3c9dd6e38bc1:c4467, 9193e3b7-ae04-484d-a740-c65c11559486:c4467]
2019-08-24 07:08:45,188 | INFO  | DNAudit | user=null | ip=null | op=WRITE_CHUNK {blockData=conID: 2 locID: 102670698081485442 bcsId: 0} | ret=SUCCESS |  
2019-08-24 07:08:45,188 [grpc-default-executor-0] INFO  client.GrpcClientProtocolClient (GrpcClientProtocolClient.java:onNext(255)) - client-6EDD19400D46->06a4573b-67a1-41e3-a350-f896363bc636: receive RaftClientReply:client-6EDD19400D46->06a4573b-67a1-41e3-a350-f896363bc636@group-757E3781CD2A, cid=2993, SUCCESS, logIndex=4471, commits[06a4573b-67a1-41e3-a350-f896363bc636:c4471, 0b725bbf-683b-4664-9a2e-3c9dd6e38bc1:c4467, 9193e3b7-ae04-484d-a740-c65c11559486:c4467]
2019-08-24 07:08:45,189 | INFO  | DNAudit | user=null | ip=null | op=PUT_BLOCK {blockData=[blockId=conID: 2 locID: 102670698081485442 bcsId: 0,size=1048576]} | ret=SUCCESS |  
2019-08-24 07:08:45,189 | INFO  | DNAudit | user=null | ip=null | op=WRITE_CHUNK {blockData=conID: 2 locID: 102670698081485442 bcsId: 0} | ret=SUCCESS |  
2019-08-24 07:08:45,189 | INFO  | DNAudit | user=null | ip=null | op=PUT_BLOCK {blockData=[blockId=conID: 2 locID: 102670698081485442 bcsId: 0,size=2097152]} | ret=SUCCESS |  
2019-08-24 07:08:45,190 | INFO  | DNAudit | user=null | ip=null | op=WRITE_CHUNK {blockData=conID: 2 locID: 102670698081485442 bcsId: 0} | ret=SUCCESS |  
2019-08-24 07:08:45,190 | INFO  | DNAudit | user=null | ip=null | op=PUT_BLOCK {blockData=[blockId=conID: 2 locID: 102670698081485442 bcsId: 0,size=1048576]} | ret=SUCCESS |  
2019-08-24 07:08:45,191 | INFO  | DNAudit | user=null | ip=null | op=WRITE_CHUNK {blockData=conID: 2 locID: 102670698081485442 bcsId: 0} | ret=SUCCESS |  
2019-08-24 07:08:45,191 | INFO  | DNAudit | user=null | ip=null | op=PUT_BLOCK {blockData=[blockId=conID: 2 locID: 102670698081485442 bcsId: 0,size=2097152]} | ret=SUCCESS |  
2019-08-24 07:08:45,191 [grpc-default-executor-0] INFO  client.GrpcClientProtocolClient (GrpcClientProtocolClient.java:onNext(255)) - client-6EDD19400D46->06a4573b-67a1-41e3-a350-f896363bc636: receive RaftClientReply:client-6EDD19400D46->06a4573b-67a1-41e3-a350-f896363bc636@group-757E3781CD2A, cid=2994, SUCCESS, logIndex=0, commits[06a4573b-67a1-41e3-a350-f896363bc636:c4474, 0b725bbf-683b-4664-9a2e-3c9dd6e38bc1:c4469, 9193e3b7-ae04-484d-a740-c65c11559486:c4471]
2019-08-24 07:08:45,202 | INFO  | DNAudit | user=null | ip=null | op=WRITE_CHUNK {blockData=conID: 2 locID: 102670698081485442 bcsId: 4471} | ret=SUCCESS |  
2019-08-24 07:08:45,205 | INFO  | DNAudit | user=null | ip=null | op=WRITE_CHUNK {blockData=conID: 2 locID: 102670698081485442 bcsId: 4471} | ret=SUCCESS |  
2019-08-24 07:08:45,205 | INFO  | DNAudit | user=null | ip=null | op=WRITE_CHUNK {blockData=conID: 2 locID: 102670698081485442 bcsId: 4471} | ret=SUCCESS |  
2019-08-24 07:08:45,215 | INFO  | DNAudit | user=null | ip=null | op=WRITE_CHUNK {blockData=conID: 2 locID: 102670698081485442 bcsId: 4471} | ret=SUCCESS |  
2019-08-24 07:08:45,215 | INFO  | DNAudit | user=null | ip=null | op=PUT_BLOCK {blockData=[blockId=conID: 2 locID: 102670698081485442 bcsId: 0,size=3145728]} | ret=SUCCESS |  
2019-08-24 07:08:45,216 [grpc-default-executor-5] INFO  client.GrpcClientProtocolClient (GrpcClientProtocolClient.java:onNext(255)) - client-6EDD19400D46->06a4573b-67a1-41e3-a350-f896363bc636: receive RaftClientReply:client-6EDD19400D46->06a4573b-67a1-41e3-a350-f896363bc636@group-757E3781CD2A, cid=2995, SUCCESS, logIndex=4475, commits[06a4573b-67a1-41e3-a350-f896363bc636:c4476, 0b725bbf-683b-4664-9a2e-3c9dd6e38bc1:c4474, 9193e3b7-ae04-484d-a740-c65c11559486:c4474]
2019-08-24 07:08:45,216 [grpc-default-executor-5] INFO  client.GrpcClientProtocolClient (GrpcClientProtocolClient.java:onNext(255)) - client-6EDD19400D46->06a4573b-67a1-41e3-a350-f896363bc636: receive RaftClientReply:client-6EDD19400D46->06a4573b-67a1-41e3-a350-f896363bc636@group-757E3781CD2A, cid=2996, SUCCESS, logIndex=4476, commits[06a4573b-67a1-41e3-a350-f896363bc636:c4476, 0b725bbf-683b-4664-9a2e-3c9dd6e38bc1:c4474, 9193e3b7-ae04-484d-a740-c65c11559486:c4474]
2019-08-24 07:08:45,225 | INFO  | DNAudit | user=null | ip=null | op=WRITE_CHUNK {blockData=conID: 2 locID: 102670698081485442 bcsId: 4476} | ret=SUCCESS |  
2019-08-24 07:08:45,227 | INFO  | DNAudit | user=null | ip=null | op=WRITE_CHUNK {blockData=conID: 2 locID: 102670698081485442 bcsId: 4471} | ret=SUCCESS |  
2019-08-24 07:08:45,227 | INFO  | DNAudit | user=null | ip=null | op=WRITE_CHUNK {blockData=conID: 2 locID: 102670698081485442 bcsId: 4471} | ret=SUCCESS |  
2019-08-24 07:08:45,228 | INFO  | DNAudit | user=null | ip=null | op=PUT_BLOCK {blockData=[blockId=conID: 2 locID: 102670698081485442 bcsId: 0,size=3145728]} | ret=SUCCESS |  
2019-08-24 07:08:45,229 | INFO  | DNAudit | user=null | ip=null | op=WRITE_CHUNK {blockData=conID: 2 locID: 102670698081485442 bcsId: 4476} | ret=SUCCESS |  
2019-08-24 07:08:45,230 | INFO  | DNAudit | user=null | ip=null | op=WRITE_CHUNK {blockData=conID: 2 locID: 102670698081485442 bcsId: 4476} | ret=SUCCESS |  
2019-08-24 07:08:45,241 | INFO  | DNAudit | user=null | ip=null | op=PUT_BLOCK {blockData=[blockId=conID: 2 locID: 102670698081485442 bcsId: 0,size=3145728]} | ret=SUCCESS |  
2019-08-24 07:08:45,242 | INFO  | DNAudit | user=null | ip=null | op=WRITE_CHUNK {blockData=conID: 2 locID: 102670698081485442 bcsId: 4476} | ret=SUCCESS |  
2019-08-24 07:08:45,242 | INFO  | DNAudit | user=null | ip=null | op=PUT_BLOCK {blockData=[blockId=conID: 2 locID: 102670698081485442 bcsId: 0,size=4194304]} | ret=SUCCESS |  
2019-08-24 07:08:45,242 [grpc-default-executor-2] INFO  client.GrpcClientProtocolClient (GrpcClientProtocolClient.java:onNext(255)) - client-6EDD19400D46->06a4573b-67a1-41e3-a350-f896363bc636: receive RaftClientReply:client-6EDD19400D46->06a4573b-67a1-41e3-a350-f896363bc636@group-757E3781CD2A, cid=2997, SUCCESS, logIndex=4479, commits[06a4573b-67a1-41e3-a350-f896363bc636:c4480, 0b725bbf-683b-4664-9a2e-3c9dd6e38bc1:c4476, 9193e3b7-ae04-484d-a740-c65c11559486:c4476]
2019-08-24 07:08:45,243 [grpc-default-executor-2] INFO  client.GrpcClientProtocolClient (GrpcClientProtocolClient.java:onNext(255)) - client-6EDD19400D46->06a4573b-67a1-41e3-a350-f896363bc636: receive RaftClientReply:client-6EDD19400D46->06a4573b-67a1-41e3-a350-f896363bc636@group-757E3781CD2A, cid=2998, SUCCESS, logIndex=4480, commits[06a4573b-67a1-41e3-a350-f896363bc636:c4480, 0b725bbf-683b-4664-9a2e-3c9dd6e38bc1:c4476, 9193e3b7-ae04-484d-a740-c65c11559486:c4476]
2019-08-24 07:08:45,253 | INFO  | DNAudit | user=null | ip=null | op=WRITE_CHUNK {blockData=conID: 2 locID: 102670698081485442 bcsId: 4476} | ret=SUCCESS |  
2019-08-24 07:08:45,253 | INFO  | DNAudit | user=null | ip=null | op=WRITE_CHUNK {blockData=conID: 2 locID: 102670698081485442 bcsId: 4476} | ret=SUCCESS |  
2019-08-24 07:08:45,253 | INFO  | DNAudit | user=null | ip=null | op=PUT_BLOCK {blockData=[blockId=conID: 2 locID: 102670698081485442 bcsId: 0,size=4194304]} | ret=SUCCESS |  
2019-08-24 07:08:45,256 | INFO  | DNAudit | user=null | ip=null | op=PUT_BLOCK {blockData=[blockId=conID: 2 locID: 102670698081485442 bcsId: 0,size=4194304]} | ret=SUCCESS |  
2019-08-24 07:08:45,256 [grpc-default-executor-5] INFO  client.GrpcClientProtocolClient (GrpcClientProtocolClient.java:onNext(255)) - client-6EDD19400D46->06a4573b-67a1-41e3-a350-f896363bc636: receive RaftClientReply:client-6EDD19400D46->06a4573b-67a1-41e3-a350-f896363bc636@group-757E3781CD2A, cid=2999, SUCCESS, logIndex=0, commits[06a4573b-67a1-41e3-a350-f896363bc636:c4482, 0b725bbf-683b-4664-9a2e-3c9dd6e38bc1:c4480, 9193e3b7-ae04-484d-a740-c65c11559486:c4480]
2019-08-24 07:08:45,267 | INFO  | SCMAudit | user=jenkins1000 | ip=192.168.69.125 | op=ALLOCATE_BLOCK {owner=61bacca8-15b6-4a50-8962-5e9786b18b0d, size=4194304, type=RATIS, factor=THREE} | ret=SUCCESS |  
2019-08-24 07:08:45,275 | INFO  | OMAudit | user=jenkins1000 | ip=127.0.0.1 | op=ALLOCATE_BLOCK {volume=vol-0-26988, bucket=bucket-0-20739, key=key-0-27353, dataSize=0, replicationType=null, replicationFactor=null, keyLocationInfo=null, clientID=102670695851229586} | ret=SUCCESS |  
2019-08-24 07:08:45,286 | INFO  | DNAudit | user=null | ip=null | op=WRITE_CHUNK {blockData=conID: 3 locID: 102670698103898755 bcsId: 0} | ret=SUCCESS |  
2019-08-24 07:08:45,288 | INFO  | DNAudit | user=null | ip=null | op=WRITE_CHUNK {blockData=conID: 3 locID: 102670698103898755 bcsId: 0} | ret=SUCCESS |  
2019-08-24 07:08:45,289 | INFO  | DNAudit | user=null | ip=null | op=WRITE_CHUNK {blockData=conID: 3 locID: 102670698103898755 bcsId: 0} | ret=SUCCESS |  
2019-08-24 07:08:45,290 | INFO  | DNAudit | user=null | ip=null | op=WRITE_CHUNK {blockData=conID: 3 locID: 102670698103898755 bcsId: 0} | ret=SUCCESS |  
2019-08-24 07:08:45,291 | INFO  | DNAudit | user=null | ip=null | op=WRITE_CHUNK {blockData=conID: 3 locID: 102670698103898755 bcsId: 0} | ret=SUCCESS |  
2019-08-24 07:08:45,292 | INFO  | DNAudit | user=null | ip=null | op=WRITE_CHUNK {blockData=conID: 3 locID: 102670698103898755 bcsId: 0} | ret=SUCCESS |  
2019-08-24 07:08:45,301 | INFO  | DNAudit | user=null | ip=null | op=WRITE_CHUNK {blockData=conID: 3 locID: 102670698103898755 bcsId: 0} | ret=SUCCESS |  
2019-08-24 07:08:45,302 | INFO  | DNAudit | user=null | ip=null | op=PUT_BLOCK {blockData=[blockId=conID: 3 locID: 102670698103898755 bcsId: 0,size=1048576]} | ret=SUCCESS |  
2019-08-24 07:08:45,302 [grpc-default-executor-0] INFO  client.GrpcClientProtocolClient (GrpcClientProtocolClient.java:onNext(255)) - client-6EDD19400D46->06a4573b-67a1-41e3-a350-f896363bc636: receive RaftClientReply:client-6EDD19400D46->06a4573b-67a1-41e3-a350-f896363bc636@group-757E3781CD2A, cid=3000, SUCCESS, logIndex=4483, commits[06a4573b-67a1-41e3-a350-f896363bc636:c4484, 0b725bbf-683b-4664-9a2e-3c9dd6e38bc1:c4482, 9193e3b7-ae04-484d-a740-c65c11559486:c4482]
2019-08-24 07:08:45,303 | INFO  | DNAudit | user=null | ip=null | op=WRITE_CHUNK {blockData=conID: 3 locID: 102670698103898755 bcsId: 0} | ret=SUCCESS |  
2019-08-24 07:08:45,303 [grpc-default-executor-0] INFO  client.GrpcClientProtocolClient (GrpcClientProtocolClient.java:onNext(255)) - client-6EDD19400D46->06a4573b-67a1-41e3-a350-f896363bc636: receive RaftClientReply:client-6EDD19400D46->06a4573b-67a1-41e3-a350-f896363bc636@group-757E3781CD2A, cid=3001, SUCCESS, logIndex=4484, commits[06a4573b-67a1-41e3-a350-f896363bc636:c4485, 0b725bbf-683b-4664-9a2e-3c9dd6e38bc1:c4482, 9193e3b7-ae04-484d-a740-c65c11559486:c4482]
2019-08-24 07:08:45,303 | INFO  | DNAudit | user=null | ip=null | op=PUT_BLOCK {blockData=[blockId=conID: 3 locID: 102670698103898755 bcsId: 0,size=2097152]} | ret=SUCCESS |  
2019-08-24 07:08:45,303 [grpc-default-executor-0] INFO  client.GrpcClientProtocolClient (GrpcClientProtocolClient.java:onNext(255)) - client-6EDD19400D46->06a4573b-67a1-41e3-a350-f896363bc636: receive RaftClientReply:client-6EDD19400D46->06a4573b-67a1-41e3-a350-f896363bc636@group-757E3781CD2A, cid=3002, SUCCESS, logIndex=4485, commits[06a4573b-67a1-41e3-a350-f896363bc636:c4486, 0b725bbf-683b-4664-9a2e-3c9dd6e38bc1:c4482, 9193e3b7-ae04-484d-a740-c65c11559486:c4482]
2019-08-24 07:08:45,304 [grpc-default-executor-0] INFO  client.GrpcClientProtocolClient (GrpcClientProtocolClient.java:onNext(255)) - client-6EDD19400D46->06a4573b-67a1-41e3-a350-f896363bc636: receive RaftClientReply:client-6EDD19400D46->06a4573b-67a1-41e3-a350-f896363bc636@group-757E3781CD2A, cid=3003, SUCCESS, logIndex=4486, commits[06a4573b-67a1-41e3-a350-f896363bc636:c4486, 0b725bbf-683b-4664-9a2e-3c9dd6e38bc1:c4482, 9193e3b7-ae04-484d-a740-c65c11559486:c4482]
2019-08-24 07:08:45,313 | INFO  | DNAudit | user=null | ip=null | op=WRITE_CHUNK {blockData=conID: 3 locID: 102670698103898755 bcsId: 0} | ret=SUCCESS |  
2019-08-24 07:08:45,313 | INFO  | DNAudit | user=null | ip=null | op=WRITE_CHUNK {blockData=conID: 3 locID: 102670698103898755 bcsId: 0} | ret=SUCCESS |  
2019-08-24 07:08:45,316 | INFO  | DNAudit | user=null | ip=null | op=PUT_BLOCK {blockData=[blockId=conID: 3 locID: 102670698103898755 bcsId: 0,size=1048576]} | ret=SUCCESS |  
2019-08-24 07:08:45,316 | INFO  | DNAudit | user=null | ip=null | op=PUT_BLOCK {blockData=[blockId=conID: 3 locID: 102670698103898755 bcsId: 0,size=1048576]} | ret=SUCCESS |  
2019-08-24 07:08:45,317 | INFO  | DNAudit | user=null | ip=null | op=WRITE_CHUNK {blockData=conID: 3 locID: 102670698103898755 bcsId: 0} | ret=SUCCESS |  
2019-08-24 07:08:45,317 | INFO  | DNAudit | user=null | ip=null | op=WRITE_CHUNK {blockData=conID: 3 locID: 102670698103898755 bcsId: 0} | ret=SUCCESS |  
2019-08-24 07:08:45,317 | INFO  | DNAudit | user=null | ip=null | op=PUT_BLOCK {blockData=[blockId=conID: 3 locID: 102670698103898755 bcsId: 0,size=2097152]} | ret=SUCCESS |  
2019-08-24 07:08:45,317 | INFO  | DNAudit | user=null | ip=null | op=PUT_BLOCK {blockData=[blockId=conID: 3 locID: 102670698103898755 bcsId: 0,size=2097152]} | ret=SUCCESS |  
2019-08-24 07:08:45,318 [grpc-default-executor-0] INFO  client.GrpcClientProtocolClient (GrpcClientProtocolClient.java:onNext(255)) - client-6EDD19400D46->06a4573b-67a1-41e3-a350-f896363bc636: receive RaftClientReply:client-6EDD19400D46->06a4573b-67a1-41e3-a350-f896363bc636@group-757E3781CD2A, cid=3004, SUCCESS, logIndex=0, commits[06a4573b-67a1-41e3-a350-f896363bc636:c4489, 0b725bbf-683b-4664-9a2e-3c9dd6e38bc1:c4484, 9193e3b7-ae04-484d-a740-c65c11559486:c4486]
2019-08-24 07:08:45,329 | INFO  | DNAudit | user=null | ip=null | op=WRITE_CHUNK {blockData=conID: 3 locID: 102670698103898755 bcsId: 4486} | ret=SUCCESS |  
2019-08-24 07:08:45,333 | INFO  | DNAudit | user=null | ip=null | op=WRITE_CHUNK {blockData=conID: 3 locID: 102670698103898755 bcsId: 4486} | ret=SUCCESS |  
2019-08-24 07:08:45,333 | INFO  | DNAudit | user=null | ip=null | op=WRITE_CHUNK {blockData=conID: 3 locID: 102670698103898755 bcsId: 4486} | ret=SUCCESS |  
2019-08-24 07:08:45,342 | INFO  | DNAudit | user=null | ip=null | op=WRITE_CHUNK {blockData=conID: 3 locID: 102670698103898755 bcsId: 4486} | ret=SUCCESS |  
2019-08-24 07:08:45,342 | INFO  | DNAudit | user=null | ip=null | op=PUT_BLOCK {blockData=[blockId=conID: 3 locID: 102670698103898755 bcsId: 0,size=3145728]} | ret=SUCCESS |  
2019-08-24 07:08:45,343 [grpc-default-executor-5] INFO  client.GrpcClientProtocolClient (GrpcClientProtocolClient.java:onNext(255)) - client-6EDD19400D46->06a4573b-67a1-41e3-a350-f896363bc636: receive RaftClientReply:client-6EDD19400D46->06a4573b-67a1-41e3-a350-f896363bc636@group-757E3781CD2A, cid=3005, SUCCESS, logIndex=4491, commits[06a4573b-67a1-41e3-a350-f896363bc636:c4492, 0b725bbf-683b-4664-9a2e-3c9dd6e38bc1:c4490, 9193e3b7-ae04-484d-a740-c65c11559486:c4490]
2019-08-24 07:08:45,343 [grpc-default-executor-5] INFO  client.GrpcClientProtocolClient (GrpcClientProtocolClient.java:onNext(255)) - client-6EDD19400D46->06a4573b-67a1-41e3-a350-f896363bc636: receive RaftClientReply:client-6EDD19400D46->06a4573b-67a1-41e3-a350-f896363bc636@group-757E3781CD2A, cid=3006, SUCCESS, logIndex=4492, commits[06a4573b-67a1-41e3-a350-f896363bc636:c4492, 0b725bbf-683b-4664-9a2e-3c9dd6e38bc1:c4490, 9193e3b7-ae04-484d-a740-c65c11559486:c4490]
2019-08-24 07:08:45,352 | INFO  | DNAudit | user=null | ip=null | op=WRITE_CHUNK {blockData=conID: 3 locID: 102670698103898755 bcsId: 4492} | ret=SUCCESS |  
2019-08-24 07:08:45,354 | INFO  | DNAudit | user=null | ip=null | op=WRITE_CHUNK {blockData=conID: 3 locID: 102670698103898755 bcsId: 4486} | ret=SUCCESS |  
2019-08-24 07:08:45,354 | INFO  | DNAudit | user=null | ip=null | op=WRITE_CHUNK {blockData=conID: 3 locID: 102670698103898755 bcsId: 4486} | ret=SUCCESS |  
2019-08-24 07:08:45,355 | INFO  | DNAudit | user=null | ip=null | op=PUT_BLOCK {blockData=[blockId=conID: 3 locID: 102670698103898755 bcsId: 0,size=3145728]} | ret=SUCCESS |  
2019-08-24 07:08:45,355 | INFO  | DNAudit | user=null | ip=null | op=PUT_BLOCK {blockData=[blockId=conID: 3 locID: 102670698103898755 bcsId: 0,size=3145728]} | ret=SUCCESS |  
2019-08-24 07:08:45,356 | INFO  | DNAudit | user=null | ip=null | op=WRITE_CHUNK {blockData=conID: 3 locID: 102670698103898755 bcsId: 4492} | ret=SUCCESS |  
2019-08-24 07:08:45,358 | INFO  | DNAudit | user=null | ip=null | op=WRITE_CHUNK {blockData=conID: 3 locID: 102670698103898755 bcsId: 4492} | ret=SUCCESS |  
2019-08-24 07:08:45,369 | INFO  | DNAudit | user=null | ip=null | op=WRITE_CHUNK {blockData=conID: 3 locID: 102670698103898755 bcsId: 4492} | ret=SUCCESS |  
2019-08-24 07:08:45,369 | INFO  | DNAudit | user=null | ip=null | op=PUT_BLOCK {blockData=[blockId=conID: 3 locID: 102670698103898755 bcsId: 0,size=4194304]} | ret=SUCCESS |  
2019-08-24 07:08:45,370 [grpc-default-executor-5] INFO  client.GrpcClientProtocolClient (GrpcClientProtocolClient.java:onNext(255)) - client-6EDD19400D46->06a4573b-67a1-41e3-a350-f896363bc636: receive RaftClientReply:client-6EDD19400D46->06a4573b-67a1-41e3-a350-f896363bc636@group-757E3781CD2A, cid=3007, SUCCESS, logIndex=4495, commits[06a4573b-67a1-41e3-a350-f896363bc636:c4496, 0b725bbf-683b-4664-9a2e-3c9dd6e38bc1:c4492, 9193e3b7-ae04-484d-a740-c65c11559486:c4492]
2019-08-24 07:08:45,370 [grpc-default-executor-5] INFO  client.GrpcClientProtocolClient (GrpcClientProtocolClient.java:onNext(255)) - client-6EDD19400D46->06a4573b-67a1-41e3-a350-f896363bc636: receive RaftClientReply:client-6EDD19400D46->06a4573b-67a1-41e3-a350-f896363bc636@group-757E3781CD2A, cid=3008, SUCCESS, logIndex=4496, commits[06a4573b-67a1-41e3-a350-f896363bc636:c4496, 0b725bbf-683b-4664-9a2e-3c9dd6e38bc1:c4492, 9193e3b7-ae04-484d-a740-c65c11559486:c4492]
2019-08-24 07:08:45,380 | INFO  | DNAudit | user=null | ip=null | op=WRITE_CHUNK {blockData=conID: 3 locID: 102670698103898755 bcsId: 4492} | ret=SUCCESS |  
2019-08-24 07:08:45,380 | INFO  | DNAudit | user=null | ip=null | op=WRITE_CHUNK {blockData=conID: 3 locID: 102670698103898755 bcsId: 4492} | ret=SUCCESS |  
2019-08-24 07:08:45,383 | INFO  | DNAudit | user=null | ip=null | op=PUT_BLOCK {blockData=[blockId=conID: 3 locID: 102670698103898755 bcsId: 0,size=4194304]} | ret=SUCCESS |  
2019-08-24 07:08:45,383 | INFO  | DNAudit | user=null | ip=null | op=PUT_BLOCK {blockData=[blockId=conID: 3 locID: 102670698103898755 bcsId: 0,size=4194304]} | ret=SUCCESS |  
2019-08-24 07:08:45,384 [grpc-default-executor-5] INFO  client.GrpcClientProtocolClient (GrpcClientProtocolClient.java:onNext(255)) - client-6EDD19400D46->06a4573b-67a1-41e3-a350-f896363bc636: receive RaftClientReply:client-6EDD19400D46->06a4573b-67a1-41e3-a350-f896363bc636@group-757E3781CD2A, cid=3009, SUCCESS, logIndex=0, commits[06a4573b-67a1-41e3-a350-f896363bc636:c4498, 0b725bbf-683b-4664-9a2e-3c9dd6e38bc1:c4496, 9193e3b7-ae04-484d-a740-c65c11559486:c4496]
2019-08-24 07:08:45,392 | INFO  | SCMAudit | user=jenkins1000 | ip=192.168.69.125 | op=ALLOCATE_BLOCK {owner=61bacca8-15b6-4a50-8962-5e9786b18b0d, size=4194304, type=RATIS, factor=THREE} | ret=SUCCESS |  
2019-08-24 07:08:45,401 | INFO  | OMAudit | user=jenkins1000 | ip=127.0.0.1 | op=ALLOCATE_BLOCK {volume=vol-0-26988, bucket=bucket-0-20739, key=key-0-27353, dataSize=0, replicationType=null, replicationFactor=null, keyLocationInfo=null, clientID=102670695851229586} | ret=SUCCESS |  
2019-08-24 07:08:45,411 | INFO  | DNAudit | user=null | ip=null | op=WRITE_CHUNK {blockData=conID: 1 locID: 102670698112090756 bcsId: 0} | ret=SUCCESS |  
2019-08-24 07:08:45,415 | INFO  | DNAudit | user=null | ip=null | op=WRITE_CHUNK {blockData=conID: 1 locID: 102670698112090756 bcsId: 0} | ret=SUCCESS |  
2019-08-24 07:08:45,415 | INFO  | DNAudit | user=null | ip=null | op=WRITE_CHUNK {blockData=conID: 1 locID: 102670698112090756 bcsId: 0} | ret=SUCCESS |  
2019-08-24 07:08:45,416 | INFO  | DNAudit | user=null | ip=null | op=WRITE_CHUNK {blockData=conID: 1 locID: 102670698112090756 bcsId: 0} | ret=SUCCESS |  
2019-08-24 07:08:45,419 | INFO  | DNAudit | user=null | ip=null | op=WRITE_CHUNK {blockData=conID: 1 locID: 102670698112090756 bcsId: 0} | ret=SUCCESS |  
2019-08-24 07:08:45,419 | INFO  | DNAudit | user=null | ip=null | op=WRITE_CHUNK {blockData=conID: 1 locID: 102670698112090756 bcsId: 0} | ret=SUCCESS |  
2019-08-24 07:08:45,425 | INFO  | DNAudit | user=null | ip=null | op=WRITE_CHUNK {blockData=conID: 1 locID: 102670698112090756 bcsId: 0} | ret=SUCCESS |  
2019-08-24 07:08:45,426 | INFO  | DNAudit | user=null | ip=null | op=PUT_BLOCK {blockData=[blockId=conID: 1 locID: 102670698112090756 bcsId: 0,size=1048576]} | ret=SUCCESS |  
2019-08-24 07:08:45,426 | INFO  | DNAudit | user=null | ip=null | op=WRITE_CHUNK {blockData=conID: 1 locID: 102670698112090756 bcsId: 0} | ret=SUCCESS |  
2019-08-24 07:08:45,426 [grpc-default-executor-2] INFO  client.GrpcClientProtocolClient (GrpcClientProtocolClient.java:onNext(255)) - client-6EDD19400D46->06a4573b-67a1-41e3-a350-f896363bc636: receive RaftClientReply:client-6EDD19400D46->06a4573b-67a1-41e3-a350-f896363bc636@group-757E3781CD2A, cid=3010, SUCCESS, logIndex=4499, commits[06a4573b-67a1-41e3-a350-f896363bc636:c4500, 0b725bbf-683b-4664-9a2e-3c9dd6e38bc1:c4496, 9193e3b7-ae04-484d-a740-c65c11559486:c4498]
2019-08-24 07:08:45,426 | INFO  | DNAudit | user=null | ip=null | op=PUT_BLOCK {blockData=[blockId=conID: 1 locID: 102670698112090756 bcsId: 0,size=2097152]} | ret=SUCCESS |  
2019-08-24 07:08:45,427 [grpc-default-executor-2] INFO  client.GrpcClientProtocolClient (GrpcClientProtocolClient.java:onNext(255)) - client-6EDD19400D46->06a4573b-67a1-41e3-a350-f896363bc636: receive RaftClientReply:client-6EDD19400D46->06a4573b-67a1-41e3-a350-f896363bc636@group-757E3781CD2A, cid=3011, SUCCESS, logIndex=4500, commits[06a4573b-67a1-41e3-a350-f896363bc636:c4501, 0b725bbf-683b-4664-9a2e-3c9dd6e38bc1:c4498, 9193e3b7-ae04-484d-a740-c65c11559486:c4498]
2019-08-24 07:08:45,427 [grpc-default-executor-2] INFO  client.GrpcClientProtocolClient (GrpcClientProtocolClient.java:onNext(255)) - client-6EDD19400D46->06a4573b-67a1-41e3-a350-f896363bc636: receive RaftClientReply:client-6EDD19400D46->06a4573b-67a1-41e3-a350-f896363bc636@group-757E3781CD2A, cid=3012, SUCCESS, logIndex=4501, commits[06a4573b-67a1-41e3-a350-f896363bc636:c4502, 0b725bbf-683b-4664-9a2e-3c9dd6e38bc1:c4498, 9193e3b7-ae04-484d-a740-c65c11559486:c4498]
2019-08-24 07:08:45,427 [grpc-default-executor-2] INFO  client.GrpcClientProtocolClient (GrpcClientProtocolClient.java:onNext(255)) - client-6EDD19400D46->06a4573b-67a1-41e3-a350-f896363bc636: receive RaftClientReply:client-6EDD19400D46->06a4573b-67a1-41e3-a350-f896363bc636@group-757E3781CD2A, cid=3013, SUCCESS, logIndex=4502, commits[06a4573b-67a1-41e3-a350-f896363bc636:c4502, 0b725bbf-683b-4664-9a2e-3c9dd6e38bc1:c4498, 9193e3b7-ae04-484d-a740-c65c11559486:c4498]
2019-08-24 07:08:45,428 | INFO  | DNAudit | user=null | ip=null | op=WRITE_CHUNK {blockData=conID: 1 locID: 102670698112090756 bcsId: 0} | ret=SUCCESS |  
2019-08-24 07:08:45,428 | INFO  | DNAudit | user=null | ip=null | op=WRITE_CHUNK {blockData=conID: 1 locID: 102670698112090756 bcsId: 0} | ret=SUCCESS |  
2019-08-24 07:08:45,428 | INFO  | DNAudit | user=null | ip=null | op=PUT_BLOCK {blockData=[blockId=conID: 1 locID: 102670698112090756 bcsId: 0,size=1048576]} | ret=SUCCESS |  
2019-08-24 07:08:45,439 | INFO  | DNAudit | user=null | ip=null | op=PUT_BLOCK {blockData=[blockId=conID: 1 locID: 102670698112090756 bcsId: 0,size=1048576]} | ret=SUCCESS |  
2019-08-24 07:08:45,439 | INFO  | DNAudit | user=null | ip=null | op=WRITE_CHUNK {blockData=conID: 1 locID: 102670698112090756 bcsId: 0} | ret=SUCCESS |  
2019-08-24 07:08:45,439 | INFO  | DNAudit | user=null | ip=null | op=WRITE_CHUNK {blockData=conID: 1 locID: 102670698112090756 bcsId: 0} | ret=SUCCESS |  
2019-08-24 07:08:45,440 | INFO  | DNAudit | user=null | ip=null | op=PUT_BLOCK {blockData=[blockId=conID: 1 locID: 102670698112090756 bcsId: 0,size=2097152]} | ret=SUCCESS |  
2019-08-24 07:08:45,440 | INFO  | DNAudit | user=null | ip=null | op=PUT_BLOCK {blockData=[blockId=conID: 1 locID: 102670698112090756 bcsId: 0,size=2097152]} | ret=SUCCESS |  
2019-08-24 07:08:45,440 [grpc-default-executor-2] INFO  client.GrpcClientProtocolClient (GrpcClientProtocolClient.java:onNext(255)) - client-6EDD19400D46->06a4573b-67a1-41e3-a350-f896363bc636: receive RaftClientReply:client-6EDD19400D46->06a4573b-67a1-41e3-a350-f896363bc636@group-757E3781CD2A, cid=3014, SUCCESS, logIndex=0, commits[06a4573b-67a1-41e3-a350-f896363bc636:c4503, 0b725bbf-683b-4664-9a2e-3c9dd6e38bc1:c4500, 9193e3b7-ae04-484d-a740-c65c11559486:c4500]
2019-08-24 07:08:45,448 | INFO  | DNAudit | user=null | ip=null | op=WRITE_CHUNK {blockData=conID: 1 locID: 102670698112090756 bcsId: 4502} | ret=SUCCESS |  
2019-08-24 07:08:45,452 | INFO  | DNAudit | user=null | ip=null | op=WRITE_CHUNK {blockData=conID: 1 locID: 102670698112090756 bcsId: 4502} | ret=SUCCESS |  
2019-08-24 07:08:45,452 | INFO  | DNAudit | user=null | ip=null | op=WRITE_CHUNK {blockData=conID: 1 locID: 102670698112090756 bcsId: 4502} | ret=SUCCESS |  
2019-08-24 07:08:45,461 | INFO  | DNAudit | user=null | ip=null | op=WRITE_CHUNK {blockData=conID: 1 locID: 102670698112090756 bcsId: 4502} | ret=SUCCESS |  
2019-08-24 07:08:45,462 | INFO  | DNAudit | user=null | ip=null | op=PUT_BLOCK {blockData=[blockId=conID: 1 locID: 102670698112090756 bcsId: 0,size=3145728]} | ret=SUCCESS |  
2019-08-24 07:08:45,462 [grpc-default-executor-2] INFO  client.GrpcClientProtocolClient (GrpcClientProtocolClient.java:onNext(255)) - client-6EDD19400D46->06a4573b-67a1-41e3-a350-f896363bc636: receive RaftClientReply:client-6EDD19400D46->06a4573b-67a1-41e3-a350-f896363bc636@group-757E3781CD2A, cid=3015, SUCCESS, logIndex=4507, commits[06a4573b-67a1-41e3-a350-f896363bc636:c4508, 0b725bbf-683b-4664-9a2e-3c9dd6e38bc1:c4506, 9193e3b7-ae04-484d-a740-c65c11559486:c4506]
2019-08-24 07:08:45,463 [grpc-default-executor-2] INFO  client.GrpcClientProtocolClient (GrpcClientProtocolClient.java:onNext(255)) - client-6EDD19400D46->06a4573b-67a1-41e3-a350-f896363bc636: receive RaftClientReply:client-6EDD19400D46->06a4573b-67a1-41e3-a350-f896363bc636@group-757E3781CD2A, cid=3016, SUCCESS, logIndex=4508, commits[06a4573b-67a1-41e3-a350-f896363bc636:c4508, 0b725bbf-683b-4664-9a2e-3c9dd6e38bc1:c4506, 9193e3b7-ae04-484d-a740-c65c11559486:c4506]
2019-08-24 07:08:45,471 | INFO  | DNAudit | user=null | ip=null | op=WRITE_CHUNK {blockData=conID: 1 locID: 102670698112090756 bcsId: 4508} | ret=SUCCESS |  
2019-08-24 07:08:45,475 | INFO  | DNAudit | user=null | ip=null | op=WRITE_CHUNK {blockData=conID: 1 locID: 102670698112090756 bcsId: 4508} | ret=SUCCESS |  
2019-08-24 07:08:45,475 | INFO  | DNAudit | user=null | ip=null | op=WRITE_CHUNK {blockData=conID: 1 locID: 102670698112090756 bcsId: 4508} | ret=SUCCESS |  
2019-08-24 07:08:45,479 | INFO  | DNAudit | user=null | ip=null | op=WRITE_CHUNK {blockData=conID: 1 locID: 102670698112090756 bcsId: 4502} | ret=SUCCESS |  
2019-08-24 07:08:45,479 | INFO  | DNAudit | user=null | ip=null | op=WRITE_CHUNK {blockData=conID: 1 locID: 102670698112090756 bcsId: 4502} | ret=SUCCESS |  
2019-08-24 07:08:45,480 | INFO  | DNAudit | user=null | ip=null | op=PUT_BLOCK {blockData=[blockId=conID: 1 locID: 102670698112090756 bcsId: 0,size=3145728]} | ret=SUCCESS |  
2019-08-24 07:08:45,481 | INFO  | DNAudit | user=null | ip=null | op=PUT_BLOCK {blockData=[blockId=conID: 1 locID: 102670698112090756 bcsId: 0,size=3145728]} | ret=SUCCESS |  
2019-08-24 07:08:45,482 | INFO  | DNAudit | user=null | ip=null | op=WRITE_CHUNK {blockData=conID: 1 locID: 102670698112090756 bcsId: 4508} | ret=SUCCESS |  
2019-08-24 07:08:45,483 | INFO  | DNAudit | user=null | ip=null | op=PUT_BLOCK {blockData=[blockId=conID: 1 locID: 102670698112090756 bcsId: 0,size=4194304]} | ret=SUCCESS |  
2019-08-24 07:08:45,483 [grpc-default-executor-0] INFO  client.GrpcClientProtocolClient (GrpcClientProtocolClient.java:onNext(255)) - client-6EDD19400D46->06a4573b-67a1-41e3-a350-f896363bc636: receive RaftClientReply:client-6EDD19400D46->06a4573b-67a1-41e3-a350-f896363bc636@group-757E3781CD2A, cid=3017, SUCCESS, logIndex=4511, commits[06a4573b-67a1-41e3-a350-f896363bc636:c4512, 0b725bbf-683b-4664-9a2e-3c9dd6e38bc1:c4507, 9193e3b7-ae04-484d-a740-c65c11559486:c4508]
2019-08-24 07:08:45,484 [grpc-default-executor-0] INFO  client.GrpcClientProtocolClient (GrpcClientProtocolClient.java:onNext(255)) - client-6EDD19400D46->06a4573b-67a1-41e3-a350-f896363bc636: receive RaftClientReply:client-6EDD19400D46->06a4573b-67a1-41e3-a350-f896363bc636@group-757E3781CD2A, cid=3018, SUCCESS, logIndex=4512, commits[06a4573b-67a1-41e3-a350-f896363bc636:c4512, 0b725bbf-683b-4664-9a2e-3c9dd6e38bc1:c4508, 9193e3b7-ae04-484d-a740-c65c11559486:c4508]
2019-08-24 07:08:45,494 | INFO  | DNAudit | user=null | ip=null | op=WRITE_CHUNK {blockData=conID: 1 locID: 102670698112090756 bcsId: 4508} | ret=SUCCESS |  
2019-08-24 07:08:45,494 | INFO  | DNAudit | user=null | ip=null | op=WRITE_CHUNK {blockData=conID: 1 locID: 102670698112090756 bcsId: 4508} | ret=SUCCESS |  
2019-08-24 07:08:45,494 | INFO  | DNAudit | user=null | ip=null | op=PUT_BLOCK {blockData=[blockId=conID: 1 locID: 102670698112090756 bcsId: 0,size=4194304]} | ret=SUCCESS |  
2019-08-24 07:08:45,494 | INFO  | DNAudit | user=null | ip=null | op=PUT_BLOCK {blockData=[blockId=conID: 1 locID: 102670698112090756 bcsId: 0,size=4194304]} | ret=SUCCESS |  
2019-08-24 07:08:45,495 [grpc-default-executor-2] INFO  client.GrpcClientProtocolClient (GrpcClientProtocolClient.java:onNext(255)) - client-6EDD19400D46->06a4573b-67a1-41e3-a350-f896363bc636: receive RaftClientReply:client-6EDD19400D46->06a4573b-67a1-41e3-a350-f896363bc636@group-757E3781CD2A, cid=3019, SUCCESS, logIndex=0, commits[06a4573b-67a1-41e3-a350-f896363bc636:c4514, 0b725bbf-683b-4664-9a2e-3c9dd6e38bc1:c4512, 9193e3b7-ae04-484d-a740-c65c11559486:c4512]
2019-08-24 07:08:45,501 | INFO  | SCMAudit | user=jenkins1000 | ip=192.168.69.125 | op=ALLOCATE_BLOCK {owner=61bacca8-15b6-4a50-8962-5e9786b18b0d, size=4194304, type=RATIS, factor=THREE} | ret=SUCCESS |  
2019-08-24 07:08:45,507 | INFO  | OMAudit | user=jenkins1000 | ip=127.0.0.1 | op=ALLOCATE_BLOCK {volume=vol-0-26988, bucket=bucket-0-20739, key=key-0-27353, dataSize=0, replicationType=null, replicationFactor=null, keyLocationInfo=null, clientID=102670695851229586} | ret=SUCCESS |  
2019-08-24 07:08:45,516 | INFO  | DNAudit | user=null | ip=null | op=WRITE_CHUNK {blockData=conID: 2 locID: 102670698119234181 bcsId: 0} | ret=SUCCESS |  
2019-08-24 07:08:45,519 | INFO  | DNAudit | user=null | ip=null | op=WRITE_CHUNK {blockData=conID: 2 locID: 102670698119234181 bcsId: 0} | ret=SUCCESS |  
2019-08-24 07:08:45,519 | INFO  | DNAudit | user=null | ip=null | op=WRITE_CHUNK {blockData=conID: 2 locID: 102670698119234181 bcsId: 0} | ret=SUCCESS |  
2019-08-24 07:08:45,519 | INFO  | DNAudit | user=null | ip=null | op=WRITE_CHUNK {blockData=conID: 2 locID: 102670698119234181 bcsId: 0} | ret=SUCCESS |  
2019-08-24 07:08:45,521 | INFO  | DNAudit | user=null | ip=null | op=WRITE_CHUNK {blockData=conID: 2 locID: 102670698119234181 bcsId: 0} | ret=SUCCESS |  
2019-08-24 07:08:45,521 | INFO  | DNAudit | user=null | ip=null | op=WRITE_CHUNK {blockData=conID: 2 locID: 102670698119234181 bcsId: 0} | ret=SUCCESS |  
2019-08-24 07:08:45,528 | INFO  | DNAudit | user=null | ip=null | op=WRITE_CHUNK {blockData=conID: 2 locID: 102670698119234181 bcsId: 0} | ret=SUCCESS |  
2019-08-24 07:08:45,529 | INFO  | DNAudit | user=null | ip=null | op=PUT_BLOCK {blockData=[blockId=conID: 2 locID: 102670698119234181 bcsId: 0,size=1048576]} | ret=SUCCESS |  
2019-08-24 07:08:45,529 | INFO  | DNAudit | user=null | ip=null | op=WRITE_CHUNK {blockData=conID: 2 locID: 102670698119234181 bcsId: 0} | ret=SUCCESS |  
2019-08-24 07:08:45,529 [grpc-default-executor-5] INFO  client.GrpcClientProtocolClient (GrpcClientProtocolClient.java:onNext(255)) - client-6EDD19400D46->06a4573b-67a1-41e3-a350-f896363bc636: receive RaftClientReply:client-6EDD19400D46->06a4573b-67a1-41e3-a350-f896363bc636@group-757E3781CD2A, cid=3020, SUCCESS, logIndex=4515, commits[06a4573b-67a1-41e3-a350-f896363bc636:c4516, 0b725bbf-683b-4664-9a2e-3c9dd6e38bc1:c4514, 9193e3b7-ae04-484d-a740-c65c11559486:c4514]
2019-08-24 07:08:45,529 | INFO  | DNAudit | user=null | ip=null | op=PUT_BLOCK {blockData=[blockId=conID: 2 locID: 102670698119234181 bcsId: 0,size=2097152]} | ret=SUCCESS |  
2019-08-24 07:08:45,530 [grpc-default-executor-5] INFO  client.GrpcClientProtocolClient (GrpcClientProtocolClient.java:onNext(255)) - client-6EDD19400D46->06a4573b-67a1-41e3-a350-f896363bc636: receive RaftClientReply:client-6EDD19400D46->06a4573b-67a1-41e3-a350-f896363bc636@group-757E3781CD2A, cid=3021, SUCCESS, logIndex=4516, commits[06a4573b-67a1-41e3-a350-f896363bc636:c4518, 0b725bbf-683b-4664-9a2e-3c9dd6e38bc1:c4514, 9193e3b7-ae04-484d-a740-c65c11559486:c4514]
2019-08-24 07:08:45,530 [grpc-default-executor-5] INFO  client.GrpcClientProtocolClient (GrpcClientProtocolClient.java:onNext(255)) - client-6EDD19400D46->06a4573b-67a1-41e3-a350-f896363bc636: receive RaftClientReply:client-6EDD19400D46->06a4573b-67a1-41e3-a350-f896363bc636@group-757E3781CD2A, cid=3022, SUCCESS, logIndex=4517, commits[06a4573b-67a1-41e3-a350-f896363bc636:c4518, 0b725bbf-683b-4664-9a2e-3c9dd6e38bc1:c4514, 9193e3b7-ae04-484d-a740-c65c11559486:c4514]
2019-08-24 07:08:45,530 [grpc-default-executor-5] INFO  client.GrpcClientProtocolClient (GrpcClientProtocolClient.java:onNext(255)) - client-6EDD19400D46->06a4573b-67a1-41e3-a350-f896363bc636: receive RaftClientReply:client-6EDD19400D46->06a4573b-67a1-41e3-a350-f896363bc636@group-757E3781CD2A, cid=3023, SUCCESS, logIndex=4518, commits[06a4573b-67a1-41e3-a350-f896363bc636:c4518, 0b725bbf-683b-4664-9a2e-3c9dd6e38bc1:c4514, 9193e3b7-ae04-484d-a740-c65c11559486:c4514]
2019-08-24 07:08:45,530 | INFO  | DNAudit | user=null | ip=null | op=WRITE_CHUNK {blockData=conID: 2 locID: 102670698119234181 bcsId: 0} | ret=SUCCESS |  
2019-08-24 07:08:45,531 | INFO  | DNAudit | user=null | ip=null | op=WRITE_CHUNK {blockData=conID: 2 locID: 102670698119234181 bcsId: 0} | ret=SUCCESS |  
2019-08-24 07:08:45,531 | INFO  | DNAudit | user=null | ip=null | op=PUT_BLOCK {blockData=[blockId=conID: 2 locID: 102670698119234181 bcsId: 0,size=1048576]} | ret=SUCCESS |  
2019-08-24 07:08:45,532 | INFO  | DNAudit | user=null | ip=null | op=WRITE_CHUNK {blockData=conID: 2 locID: 102670698119234181 bcsId: 0} | ret=SUCCESS |  
2019-08-24 07:08:45,532 | INFO  | DNAudit | user=null | ip=null | op=PUT_BLOCK {blockData=[blockId=conID: 2 locID: 102670698119234181 bcsId: 0,size=1048576]} | ret=SUCCESS |  
2019-08-24 07:08:45,532 | INFO  | DNAudit | user=null | ip=null | op=PUT_BLOCK {blockData=[blockId=conID: 2 locID: 102670698119234181 bcsId: 0,size=2097152]} | ret=SUCCESS |  
2019-08-24 07:08:45,532 | INFO  | DNAudit | user=null | ip=null | op=WRITE_CHUNK {blockData=conID: 2 locID: 102670698119234181 bcsId: 0} | ret=SUCCESS |  
2019-08-24 07:08:45,532 | INFO  | DNAudit | user=null | ip=null | op=PUT_BLOCK {blockData=[blockId=conID: 2 locID: 102670698119234181 bcsId: 0,size=2097152]} | ret=SUCCESS |  
2019-08-24 07:08:45,533 [grpc-default-executor-0] INFO  client.GrpcClientProtocolClient (GrpcClientProtocolClient.java:onNext(255)) - client-6EDD19400D46->06a4573b-67a1-41e3-a350-f896363bc636: receive RaftClientReply:client-6EDD19400D46->06a4573b-67a1-41e3-a350-f896363bc636@group-757E3781CD2A, cid=3024, SUCCESS, logIndex=0, commits[06a4573b-67a1-41e3-a350-f896363bc636:c4522, 0b725bbf-683b-4664-9a2e-3c9dd6e38bc1:c4516, 9193e3b7-ae04-484d-a740-c65c11559486:c4518]
2019-08-24 07:08:45,539 | INFO  | DNAudit | user=null | ip=null | op=WRITE_CHUNK {blockData=conID: 2 locID: 102670698119234181 bcsId: 4518} | ret=SUCCESS |  
2019-08-24 07:08:45,542 | INFO  | DNAudit | user=null | ip=null | op=WRITE_CHUNK {blockData=conID: 2 locID: 102670698119234181 bcsId: 4518} | ret=SUCCESS |  
2019-08-24 07:08:45,542 | INFO  | DNAudit | user=null | ip=null | op=WRITE_CHUNK {blockData=conID: 2 locID: 102670698119234181 bcsId: 4518} | ret=SUCCESS |  
2019-08-24 07:08:45,552 | INFO  | DNAudit | user=null | ip=null | op=WRITE_CHUNK {blockData=conID: 2 locID: 102670698119234181 bcsId: 4518} | ret=SUCCESS |  
2019-08-24 07:08:45,552 | INFO  | DNAudit | user=null | ip=null | op=PUT_BLOCK {blockData=[blockId=conID: 2 locID: 102670698119234181 bcsId: 0,size=3145728]} | ret=SUCCESS |  
2019-08-24 07:08:45,552 [grpc-default-executor-5] INFO  client.GrpcClientProtocolClient (GrpcClientProtocolClient.java:onNext(255)) - client-6EDD19400D46->06a4573b-67a1-41e3-a350-f896363bc636: receive RaftClientReply:client-6EDD19400D46->06a4573b-67a1-41e3-a350-f896363bc636@group-757E3781CD2A, cid=3025, SUCCESS, logIndex=4523, commits[06a4573b-67a1-41e3-a350-f896363bc636:c4524, 0b725bbf-683b-4664-9a2e-3c9dd6e38bc1:c4522, 9193e3b7-ae04-484d-a740-c65c11559486:c4522]
2019-08-24 07:08:45,553 [grpc-default-executor-5] INFO  client.GrpcClientProtocolClient (GrpcClientProtocolClient.java:onNext(255)) - client-6EDD19400D46->06a4573b-67a1-41e3-a350-f896363bc636: receive RaftClientReply:client-6EDD19400D46->06a4573b-67a1-41e3-a350-f896363bc636@group-757E3781CD2A, cid=3026, SUCCESS, logIndex=4524, commits[06a4573b-67a1-41e3-a350-f896363bc636:c4524, 0b725bbf-683b-4664-9a2e-3c9dd6e38bc1:c4522, 9193e3b7-ae04-484d-a740-c65c11559486:c4522]
2019-08-24 07:08:45,560 | INFO  | DNAudit | user=null | ip=null | op=WRITE_CHUNK {blockData=conID: 2 locID: 102670698119234181 bcsId: 4524} | ret=SUCCESS |  
2019-08-24 07:08:45,562 | INFO  | DNAudit | user=null | ip=null | op=WRITE_CHUNK {blockData=conID: 2 locID: 102670698119234181 bcsId: 4524} | ret=SUCCESS |  
2019-08-24 07:08:45,562 | INFO  | DNAudit | user=null | ip=null | op=WRITE_CHUNK {blockData=conID: 2 locID: 102670698119234181 bcsId: 4524} | ret=SUCCESS |  
2019-08-24 07:08:45,563 | INFO  | DNAudit | user=null | ip=null | op=WRITE_CHUNK {blockData=conID: 2 locID: 102670698119234181 bcsId: 4518} | ret=SUCCESS |  
2019-08-24 07:08:45,563 | INFO  | DNAudit | user=null | ip=null | op=WRITE_CHUNK {blockData=conID: 2 locID: 102670698119234181 bcsId: 4518} | ret=SUCCESS |  
2019-08-24 07:08:45,564 | INFO  | DNAudit | user=null | ip=null | op=PUT_BLOCK {blockData=[blockId=conID: 2 locID: 102670698119234181 bcsId: 0,size=3145728]} | ret=SUCCESS |  
2019-08-24 07:08:45,564 | INFO  | DNAudit | user=null | ip=null | op=PUT_BLOCK {blockData=[blockId=conID: 2 locID: 102670698119234181 bcsId: 0,size=3145728]} | ret=SUCCESS |  
2019-08-24 07:08:45,567 | INFO  | DNAudit | user=null | ip=null | op=WRITE_CHUNK {blockData=conID: 2 locID: 102670698119234181 bcsId: 4524} | ret=SUCCESS |  
2019-08-24 07:08:45,567 | INFO  | DNAudit | user=null | ip=null | op=PUT_BLOCK {blockData=[blockId=conID: 2 locID: 102670698119234181 bcsId: 0,size=4194304]} | ret=SUCCESS |  
2019-08-24 07:08:45,568 [grpc-default-executor-0] INFO  client.GrpcClientProtocolClient (GrpcClientProtocolClient.java:onNext(255)) - client-6EDD19400D46->06a4573b-67a1-41e3-a350-f896363bc636: receive RaftClientReply:client-6EDD19400D46->06a4573b-67a1-41e3-a350-f896363bc636@group-757E3781CD2A, cid=3027, SUCCESS, logIndex=4527, commits[06a4573b-67a1-41e3-a350-f896363bc636:c4527, 0b725bbf-683b-4664-9a2e-3c9dd6e38bc1:c4524, 9193e3b7-ae04-484d-a740-c65c11559486:c4524]
2019-08-24 07:08:45,568 [grpc-default-executor-0] INFO  client.GrpcClientProtocolClient (GrpcClientProtocolClient.java:onNext(255)) - client-6EDD19400D46->06a4573b-67a1-41e3-a350-f896363bc636: receive RaftClientReply:client-6EDD19400D46->06a4573b-67a1-41e3-a350-f896363bc636@group-757E3781CD2A, cid=3028, SUCCESS, logIndex=4528, commits[06a4573b-67a1-41e3-a350-f896363bc636:c4528, 0b725bbf-683b-4664-9a2e-3c9dd6e38bc1:c4524, 9193e3b7-ae04-484d-a740-c65c11559486:c4524]
2019-08-24 07:08:45,579 | INFO  | DNAudit | user=null | ip=null | op=WRITE_CHUNK {blockData=conID: 2 locID: 102670698119234181 bcsId: 4524} | ret=SUCCESS |  
2019-08-24 07:08:45,579 | INFO  | DNAudit | user=null | ip=null | op=WRITE_CHUNK {blockData=conID: 2 locID: 102670698119234181 bcsId: 4524} | ret=SUCCESS |  
2019-08-24 07:08:45,582 | INFO  | DNAudit | user=null | ip=null | op=PUT_BLOCK {blockData=[blockId=conID: 2 locID: 102670698119234181 bcsId: 0,size=4194304]} | ret=SUCCESS |  
2019-08-24 07:08:45,582 | INFO  | DNAudit | user=null | ip=null | op=PUT_BLOCK {blockData=[blockId=conID: 2 locID: 102670698119234181 bcsId: 0,size=4194304]} | ret=SUCCESS |  
2019-08-24 07:08:45,583 [grpc-default-executor-0] INFO  client.GrpcClientProtocolClient (GrpcClientProtocolClient.java:onNext(255)) - client-6EDD19400D46->06a4573b-67a1-41e3-a350-f896363bc636: receive RaftClientReply:client-6EDD19400D46->06a4573b-67a1-41e3-a350-f896363bc636@group-757E3781CD2A, cid=3029, SUCCESS, logIndex=0, commits[06a4573b-67a1-41e3-a350-f896363bc636:c4530, 0b725bbf-683b-4664-9a2e-3c9dd6e38bc1:c4528, 9193e3b7-ae04-484d-a740-c65c11559486:c4528]
2019-08-24 07:08:45,588 | INFO  | SCMAudit | user=jenkins1000 | ip=192.168.69.125 | op=ALLOCATE_BLOCK {owner=61bacca8-15b6-4a50-8962-5e9786b18b0d, size=4194304, type=RATIS, factor=THREE} | ret=SUCCESS |  
2019-08-24 07:08:45,592 | INFO  | OMAudit | user=jenkins1000 | ip=127.0.0.1 | op=ALLOCATE_BLOCK {volume=vol-0-26988, bucket=bucket-0-20739, key=key-0-27353, dataSize=0, replicationType=null, replicationFactor=null, keyLocationInfo=null, clientID=102670695851229586} | ret=SUCCESS |  
2019-08-24 07:08:45,600 | INFO  | DNAudit | user=null | ip=null | op=WRITE_CHUNK {blockData=conID: 3 locID: 102670698124935814 bcsId: 0} | ret=SUCCESS |  
2019-08-24 07:08:45,603 | INFO  | DNAudit | user=null | ip=null | op=WRITE_CHUNK {blockData=conID: 3 locID: 102670698124935814 bcsId: 0} | ret=SUCCESS |  
2019-08-24 07:08:45,603 | INFO  | DNAudit | user=null | ip=null | op=WRITE_CHUNK {blockData=conID: 3 locID: 102670698124935814 bcsId: 0} | ret=SUCCESS |  
2019-08-24 07:08:45,603 | INFO  | DNAudit | user=null | ip=null | op=WRITE_CHUNK {blockData=conID: 3 locID: 102670698124935814 bcsId: 0} | ret=SUCCESS |  
2019-08-24 07:08:45,606 | INFO  | DNAudit | user=null | ip=null | op=WRITE_CHUNK {blockData=conID: 3 locID: 102670698124935814 bcsId: 0} | ret=SUCCESS |  
2019-08-24 07:08:45,606 | INFO  | DNAudit | user=null | ip=null | op=WRITE_CHUNK {blockData=conID: 3 locID: 102670698124935814 bcsId: 0} | ret=SUCCESS |  
2019-08-24 07:08:45,616 | INFO  | DNAudit | user=null | ip=null | op=WRITE_CHUNK {blockData=conID: 3 locID: 102670698124935814 bcsId: 0} | ret=SUCCESS |  
2019-08-24 07:08:45,617 | INFO  | DNAudit | user=null | ip=null | op=PUT_BLOCK {blockData=[blockId=conID: 3 locID: 102670698124935814 bcsId: 0,size=1048576]} | ret=SUCCESS |  
2019-08-24 07:08:45,617 | INFO  | DNAudit | user=null | ip=null | op=WRITE_CHUNK {blockData=conID: 3 locID: 102670698124935814 bcsId: 0} | ret=SUCCESS |  
2019-08-24 07:08:45,617 [grpc-default-executor-0] INFO  client.GrpcClientProtocolClient (GrpcClientProtocolClient.java:onNext(255)) - client-6EDD19400D46->06a4573b-67a1-41e3-a350-f896363bc636: receive RaftClientReply:client-6EDD19400D46->06a4573b-67a1-41e3-a350-f896363bc636@group-757E3781CD2A, cid=3030, SUCCESS, logIndex=4531, commits[06a4573b-67a1-41e3-a350-f896363bc636:c4532, 0b725bbf-683b-4664-9a2e-3c9dd6e38bc1:c4530, 9193e3b7-ae04-484d-a740-c65c11559486:c4530]
2019-08-24 07:08:45,617 | INFO  | DNAudit | user=null | ip=null | op=PUT_BLOCK {blockData=[blockId=conID: 3 locID: 102670698124935814 bcsId: 0,size=2097152]} | ret=SUCCESS |  
2019-08-24 07:08:45,618 [grpc-default-executor-0] INFO  client.GrpcClientProtocolClient (GrpcClientProtocolClient.java:onNext(255)) - client-6EDD19400D46->06a4573b-67a1-41e3-a350-f896363bc636: receive RaftClientReply:client-6EDD19400D46->06a4573b-67a1-41e3-a350-f896363bc636@group-757E3781CD2A, cid=3031, SUCCESS, logIndex=4532, commits[06a4573b-67a1-41e3-a350-f896363bc636:c4534, 0b725bbf-683b-4664-9a2e-3c9dd6e38bc1:c4530, 9193e3b7-ae04-484d-a740-c65c11559486:c4530]
2019-08-24 07:08:45,618 [grpc-default-executor-0] INFO  client.GrpcClientProtocolClient (GrpcClientProtocolClient.java:onNext(255)) - client-6EDD19400D46->06a4573b-67a1-41e3-a350-f896363bc636: receive RaftClientReply:client-6EDD19400D46->06a4573b-67a1-41e3-a350-f896363bc636@group-757E3781CD2A, cid=3032, SUCCESS, logIndex=4533, commits[06a4573b-67a1-41e3-a350-f896363bc636:c4534, 0b725bbf-683b-4664-9a2e-3c9dd6e38bc1:c4530, 9193e3b7-ae04-484d-a740-c65c11559486:c4530]
2019-08-24 07:08:45,618 [grpc-default-executor-0] INFO  client.GrpcClientProtocolClient (GrpcClientProtocolClient.java:onNext(255)) - client-6EDD19400D46->06a4573b-67a1-41e3-a350-f896363bc636: receive RaftClientReply:client-6EDD19400D46->06a4573b-67a1-41e3-a350-f896363bc636@group-757E3781CD2A, cid=3033, SUCCESS, logIndex=4534, commits[06a4573b-67a1-41e3-a350-f896363bc636:c4534, 0b725bbf-683b-4664-9a2e-3c9dd6e38bc1:c4530, 9193e3b7-ae04-484d-a740-c65c11559486:c4530]
2019-08-24 07:08:45,627 | INFO  | DNAudit | user=null | ip=null | op=WRITE_CHUNK {blockData=conID: 3 locID: 102670698124935814 bcsId: 0} | ret=SUCCESS |  
2019-08-24 07:08:45,628 | INFO  | DNAudit | user=null | ip=null | op=WRITE_CHUNK {blockData=conID: 3 locID: 102670698124935814 bcsId: 0} | ret=SUCCESS |  
2019-08-24 07:08:45,628 | INFO  | DNAudit | user=null | ip=null | op=PUT_BLOCK {blockData=[blockId=conID: 3 locID: 102670698124935814 bcsId: 0,size=1048576]} | ret=SUCCESS |  
2019-08-24 07:08:45,629 | INFO  | DNAudit | user=null | ip=null | op=PUT_BLOCK {blockData=[blockId=conID: 3 locID: 102670698124935814 bcsId: 0,size=1048576]} | ret=SUCCESS |  
2019-08-24 07:08:45,629 | INFO  | DNAudit | user=null | ip=null | op=WRITE_CHUNK {blockData=conID: 3 locID: 102670698124935814 bcsId: 0} | ret=SUCCESS |  
2019-08-24 07:08:45,629 | INFO  | DNAudit | user=null | ip=null | op=WRITE_CHUNK {blockData=conID: 3 locID: 102670698124935814 bcsId: 0} | ret=SUCCESS |  
2019-08-24 07:08:45,629 | INFO  | DNAudit | user=null | ip=null | op=PUT_BLOCK {blockData=[blockId=conID: 3 locID: 102670698124935814 bcsId: 0,size=2097152]} | ret=SUCCESS |  
2019-08-24 07:08:45,629 | INFO  | DNAudit | user=null | ip=null | op=PUT_BLOCK {blockData=[blockId=conID: 3 locID: 102670698124935814 bcsId: 0,size=2097152]} | ret=SUCCESS |  
2019-08-24 07:08:45,629 [grpc-default-executor-0] INFO  client.GrpcClientProtocolClient (GrpcClientProtocolClient.java:onNext(255)) - client-6EDD19400D46->06a4573b-67a1-41e3-a350-f896363bc636: receive RaftClientReply:client-6EDD19400D46->06a4573b-67a1-41e3-a350-f896363bc636@group-757E3781CD2A, cid=3034, SUCCESS, logIndex=0, commits[06a4573b-67a1-41e3-a350-f896363bc636:c4536, 0b725bbf-683b-4664-9a2e-3c9dd6e38bc1:c4532, 9193e3b7-ae04-484d-a740-c65c11559486:c4532]
2019-08-24 07:08:45,637 | INFO  | DNAudit | user=null | ip=null | op=WRITE_CHUNK {blockData=conID: 3 locID: 102670698124935814 bcsId: 4534} | ret=SUCCESS |  
2019-08-24 07:08:45,640 | INFO  | DNAudit | user=null | ip=null | op=WRITE_CHUNK {blockData=conID: 3 locID: 102670698124935814 bcsId: 4534} | ret=SUCCESS |  
2019-08-24 07:08:45,641 | INFO  | DNAudit | user=null | ip=null | op=WRITE_CHUNK {blockData=conID: 3 locID: 102670698124935814 bcsId: 4534} | ret=SUCCESS |  
2019-08-24 07:08:45,650 | INFO  | DNAudit | user=null | ip=null | op=WRITE_CHUNK {blockData=conID: 3 locID: 102670698124935814 bcsId: 4534} | ret=SUCCESS |  
2019-08-24 07:08:45,651 | INFO  | DNAudit | user=null | ip=null | op=PUT_BLOCK {blockData=[blockId=conID: 3 locID: 102670698124935814 bcsId: 0,size=3145728]} | ret=SUCCESS |  
2019-08-24 07:08:45,651 [grpc-default-executor-2] INFO  client.GrpcClientProtocolClient (GrpcClientProtocolClient.java:onNext(255)) - client-6EDD19400D46->06a4573b-67a1-41e3-a350-f896363bc636: receive RaftClientReply:client-6EDD19400D46->06a4573b-67a1-41e3-a350-f896363bc636@group-757E3781CD2A, cid=3035, SUCCESS, logIndex=4538, commits[06a4573b-67a1-41e3-a350-f896363bc636:c4539, 0b725bbf-683b-4664-9a2e-3c9dd6e38bc1:c4537, 9193e3b7-ae04-484d-a740-c65c11559486:c4537]
2019-08-24 07:08:45,651 [grpc-default-executor-2] INFO  client.GrpcClientProtocolClient (GrpcClientProtocolClient.java:onNext(255)) - client-6EDD19400D46->06a4573b-67a1-41e3-a350-f896363bc636: receive RaftClientReply:client-6EDD19400D46->06a4573b-67a1-41e3-a350-f896363bc636@group-757E3781CD2A, cid=3036, SUCCESS, logIndex=4539, commits[06a4573b-67a1-41e3-a350-f896363bc636:c4539, 0b725bbf-683b-4664-9a2e-3c9dd6e38bc1:c4537, 9193e3b7-ae04-484d-a740-c65c11559486:c4537]
2019-08-24 07:08:45,658 | INFO  | DNAudit | user=null | ip=null | op=WRITE_CHUNK {blockData=conID: 3 locID: 102670698124935814 bcsId: 4539} | ret=SUCCESS |  
2019-08-24 07:08:45,662 | INFO  | DNAudit | user=null | ip=null | op=WRITE_CHUNK {blockData=conID: 3 locID: 102670698124935814 bcsId: 4539} | ret=SUCCESS |  
2019-08-24 07:08:45,662 | INFO  | DNAudit | user=null | ip=null | op=WRITE_CHUNK {blockData=conID: 3 locID: 102670698124935814 bcsId: 4539} | ret=SUCCESS |  
2019-08-24 07:08:45,662 | INFO  | DNAudit | user=null | ip=null | op=WRITE_CHUNK {blockData=conID: 3 locID: 102670698124935814 bcsId: 4534} | ret=SUCCESS |  
2019-08-24 07:08:45,662 | INFO  | DNAudit | user=null | ip=null | op=WRITE_CHUNK {blockData=conID: 3 locID: 102670698124935814 bcsId: 4534} | ret=SUCCESS |  
2019-08-24 07:08:45,663 | INFO  | DNAudit | user=null | ip=null | op=PUT_BLOCK {blockData=[blockId=conID: 3 locID: 102670698124935814 bcsId: 0,size=3145728]} | ret=SUCCESS |  
2019-08-24 07:08:45,663 | INFO  | DNAudit | user=null | ip=null | op=PUT_BLOCK {blockData=[blockId=conID: 3 locID: 102670698124935814 bcsId: 0,size=3145728]} | ret=SUCCESS |  
2019-08-24 07:08:45,666 | INFO  | DNAudit | user=null | ip=null | op=WRITE_CHUNK {blockData=conID: 3 locID: 102670698124935814 bcsId: 4539} | ret=SUCCESS |  
2019-08-24 07:08:45,666 | INFO  | DNAudit | user=null | ip=null | op=PUT_BLOCK {blockData=[blockId=conID: 3 locID: 102670698124935814 bcsId: 0,size=4194304]} | ret=SUCCESS |  
2019-08-24 07:08:45,667 [grpc-default-executor-0] INFO  client.GrpcClientProtocolClient (GrpcClientProtocolClient.java:onNext(255)) - client-6EDD19400D46->06a4573b-67a1-41e3-a350-f896363bc636: receive RaftClientReply:client-6EDD19400D46->06a4573b-67a1-41e3-a350-f896363bc636@group-757E3781CD2A, cid=3037, SUCCESS, logIndex=4542, commits[06a4573b-67a1-41e3-a350-f896363bc636:c4543, 0b725bbf-683b-4664-9a2e-3c9dd6e38bc1:c4539, 9193e3b7-ae04-484d-a740-c65c11559486:c4539]
2019-08-24 07:08:45,667 [grpc-default-executor-0] INFO  client.GrpcClientProtocolClient (GrpcClientProtocolClient.java:onNext(255)) - client-6EDD19400D46->06a4573b-67a1-41e3-a350-f896363bc636: receive RaftClientReply:client-6EDD19400D46->06a4573b-67a1-41e3-a350-f896363bc636@group-757E3781CD2A, cid=3038, SUCCESS, logIndex=4543, commits[06a4573b-67a1-41e3-a350-f896363bc636:c4543, 0b725bbf-683b-4664-9a2e-3c9dd6e38bc1:c4539, 9193e3b7-ae04-484d-a740-c65c11559486:c4539]
2019-08-24 07:08:45,686 | INFO  | DNAudit | user=null | ip=null | op=WRITE_CHUNK {blockData=conID: 3 locID: 102670698124935814 bcsId: 4539} | ret=SUCCESS |  
2019-08-24 07:08:45,686 | INFO  | DNAudit | user=null | ip=null | op=WRITE_CHUNK {blockData=conID: 3 locID: 102670698124935814 bcsId: 4539} | ret=SUCCESS |  
2019-08-24 07:08:45,689 | INFO  | DNAudit | user=null | ip=null | op=PUT_BLOCK {blockData=[blockId=conID: 3 locID: 102670698124935814 bcsId: 0,size=4194304]} | ret=SUCCESS |  
2019-08-24 07:08:45,689 | INFO  | DNAudit | user=null | ip=null | op=PUT_BLOCK {blockData=[blockId=conID: 3 locID: 102670698124935814 bcsId: 0,size=4194304]} | ret=SUCCESS |  
2019-08-24 07:08:45,690 [grpc-default-executor-0] INFO  client.GrpcClientProtocolClient (GrpcClientProtocolClient.java:onNext(255)) - client-6EDD19400D46->06a4573b-67a1-41e3-a350-f896363bc636: receive RaftClientReply:client-6EDD19400D46->06a4573b-67a1-41e3-a350-f896363bc636@group-757E3781CD2A, cid=3039, SUCCESS, logIndex=0, commits[06a4573b-67a1-41e3-a350-f896363bc636:c4545, 0b725bbf-683b-4664-9a2e-3c9dd6e38bc1:c4543, 9193e3b7-ae04-484d-a740-c65c11559486:c4543]
2019-08-24 07:08:45,697 | INFO  | SCMAudit | user=jenkins1000 | ip=192.168.69.125 | op=ALLOCATE_BLOCK {owner=61bacca8-15b6-4a50-8962-5e9786b18b0d, size=4194304, type=RATIS, factor=THREE} | ret=SUCCESS |  
2019-08-24 07:08:45,700 | INFO  | OMAudit | user=jenkins1000 | ip=127.0.0.1 | op=ALLOCATE_BLOCK {volume=vol-0-26988, bucket=bucket-0-20739, key=key-0-27353, dataSize=0, replicationType=null, replicationFactor=null, keyLocationInfo=null, clientID=102670695851229586} | ret=SUCCESS |  
2019-08-24 07:08:45,709 | INFO  | DNAudit | user=null | ip=null | op=WRITE_CHUNK {blockData=conID: 1 locID: 102670698132079239 bcsId: 0} | ret=SUCCESS |  
2019-08-24 07:08:45,712 | INFO  | DNAudit | user=null | ip=null | op=WRITE_CHUNK {blockData=conID: 1 locID: 102670698132079239 bcsId: 0} | ret=SUCCESS |  
2019-08-24 07:08:45,713 | INFO  | DNAudit | user=null | ip=null | op=WRITE_CHUNK {blockData=conID: 1 locID: 102670698132079239 bcsId: 0} | ret=SUCCESS |  
2019-08-24 07:08:45,714 | INFO  | DNAudit | user=null | ip=null | op=WRITE_CHUNK {blockData=conID: 1 locID: 102670698132079239 bcsId: 0} | ret=SUCCESS |  
2019-08-24 07:08:45,715 | INFO  | DNAudit | user=null | ip=null | op=WRITE_CHUNK {blockData=conID: 1 locID: 102670698132079239 bcsId: 0} | ret=SUCCESS |  
2019-08-24 07:08:45,716 | INFO  | DNAudit | user=null | ip=null | op=WRITE_CHUNK {blockData=conID: 1 locID: 102670698132079239 bcsId: 0} | ret=SUCCESS |  
2019-08-24 07:08:45,722 | INFO  | DNAudit | user=null | ip=null | op=WRITE_CHUNK {blockData=conID: 1 locID: 102670698132079239 bcsId: 0} | ret=SUCCESS |  
2019-08-24 07:08:45,723 | INFO  | DNAudit | user=null | ip=null | op=PUT_BLOCK {blockData=[blockId=conID: 1 locID: 102670698132079239 bcsId: 0,size=1048576]} | ret=SUCCESS |  
2019-08-24 07:08:45,723 | INFO  | DNAudit | user=null | ip=null | op=WRITE_CHUNK {blockData=conID: 1 locID: 102670698132079239 bcsId: 0} | ret=SUCCESS |  
2019-08-24 07:08:45,723 [grpc-default-executor-5] INFO  client.GrpcClientProtocolClient (GrpcClientProtocolClient.java:onNext(255)) - client-6EDD19400D46->06a4573b-67a1-41e3-a350-f896363bc636: receive RaftClientReply:client-6EDD19400D46->06a4573b-67a1-41e3-a350-f896363bc636@group-757E3781CD2A, cid=3040, SUCCESS, logIndex=4546, commits[06a4573b-67a1-41e3-a350-f896363bc636:c4547, 0b725bbf-683b-4664-9a2e-3c9dd6e38bc1:c4545, 9193e3b7-ae04-484d-a740-c65c11559486:c4545]
2019-08-24 07:08:45,724 | INFO  | DNAudit | user=null | ip=null | op=WRITE_CHUNK {blockData=conID: 1 locID: 102670698132079239 bcsId: 0} | ret=SUCCESS |  
2019-08-24 07:08:45,724 | INFO  | DNAudit | user=null | ip=null | op=PUT_BLOCK {blockData=[blockId=conID: 1 locID: 102670698132079239 bcsId: 0,size=2097152]} | ret=SUCCESS |  
2019-08-24 07:08:45,724 | INFO  | DNAudit | user=null | ip=null | op=WRITE_CHUNK {blockData=conID: 1 locID: 102670698132079239 bcsId: 0} | ret=SUCCESS |  
2019-08-24 07:08:45,724 [grpc-default-executor-2] INFO  client.GrpcClientProtocolClient (GrpcClientProtocolClient.java:onNext(255)) - client-6EDD19400D46->06a4573b-67a1-41e3-a350-f896363bc636: receive RaftClientReply:client-6EDD19400D46->06a4573b-67a1-41e3-a350-f896363bc636@group-757E3781CD2A, cid=3041, SUCCESS, logIndex=4547, commits[06a4573b-67a1-41e3-a350-f896363bc636:c4549, 0b725bbf-683b-4664-9a2e-3c9dd6e38bc1:c4545, 9193e3b7-ae04-484d-a740-c65c11559486:c4545]
2019-08-24 07:08:45,724 | INFO  | DNAudit | user=null | ip=null | op=PUT_BLOCK {blockData=[blockId=conID: 1 locID: 102670698132079239 bcsId: 0,size=1048576]} | ret=SUCCESS |  
2019-08-24 07:08:45,724 [grpc-default-executor-2] INFO  client.GrpcClientProtocolClient (GrpcClientProtocolClient.java:onNext(255)) - client-6EDD19400D46->06a4573b-67a1-41e3-a350-f896363bc636: receive RaftClientReply:client-6EDD19400D46->06a4573b-67a1-41e3-a350-f896363bc636@group-757E3781CD2A, cid=3042, SUCCESS, logIndex=4548, commits[06a4573b-67a1-41e3-a350-f896363bc636:c4549, 0b725bbf-683b-4664-9a2e-3c9dd6e38bc1:c4545, 9193e3b7-ae04-484d-a740-c65c11559486:c4545]
2019-08-24 07:08:45,724 [grpc-default-executor-2] INFO  client.GrpcClientProtocolClient (GrpcClientProtocolClient.java:onNext(255)) - client-6EDD19400D46->06a4573b-67a1-41e3-a350-f896363bc636: receive RaftClientReply:client-6EDD19400D46->06a4573b-67a1-41e3-a350-f896363bc636@group-757E3781CD2A, cid=3043, SUCCESS, logIndex=4549, commits[06a4573b-67a1-41e3-a350-f896363bc636:c4550, 0b725bbf-683b-4664-9a2e-3c9dd6e38bc1:c4546, 9193e3b7-ae04-484d-a740-c65c11559486:c4546]
2019-08-24 07:08:45,725 | INFO  | DNAudit | user=null | ip=null | op=PUT_BLOCK {blockData=[blockId=conID: 1 locID: 102670698132079239 bcsId: 0,size=1048576]} | ret=SUCCESS |  
2019-08-24 07:08:45,725 | INFO  | DNAudit | user=null | ip=null | op=WRITE_CHUNK {blockData=conID: 1 locID: 102670698132079239 bcsId: 0} | ret=SUCCESS |  
2019-08-24 07:08:45,725 | INFO  | DNAudit | user=null | ip=null | op=PUT_BLOCK {blockData=[blockId=conID: 1 locID: 102670698132079239 bcsId: 0,size=2097152]} | ret=SUCCESS |  
2019-08-24 07:08:45,725 | INFO  | DNAudit | user=null | ip=null | op=WRITE_CHUNK {blockData=conID: 1 locID: 102670698132079239 bcsId: 0} | ret=SUCCESS |  
2019-08-24 07:08:45,725 [grpc-default-executor-5] INFO  client.GrpcClientProtocolClient (GrpcClientProtocolClient.java:onNext(255)) - client-6EDD19400D46->06a4573b-67a1-41e3-a350-f896363bc636: receive RaftClientReply:client-6EDD19400D46->06a4573b-67a1-41e3-a350-f896363bc636@group-757E3781CD2A, cid=3044, SUCCESS, logIndex=0, commits[06a4573b-67a1-41e3-a350-f896363bc636:c4551, 0b725bbf-683b-4664-9a2e-3c9dd6e38bc1:c4547, 9193e3b7-ae04-484d-a740-c65c11559486:c4547]
2019-08-24 07:08:45,726 | INFO  | DNAudit | user=null | ip=null | op=PUT_BLOCK {blockData=[blockId=conID: 1 locID: 102670698132079239 bcsId: 0,size=2097152]} | ret=SUCCESS |  
2019-08-24 07:08:45,734 | INFO  | DNAudit | user=null | ip=null | op=WRITE_CHUNK {blockData=conID: 1 locID: 102670698132079239 bcsId: 4549} | ret=SUCCESS |  
2019-08-24 07:08:45,737 | INFO  | DNAudit | user=null | ip=null | op=WRITE_CHUNK {blockData=conID: 1 locID: 102670698132079239 bcsId: 4549} | ret=SUCCESS |  
2019-08-24 07:08:45,738 | INFO  | DNAudit | user=null | ip=null | op=WRITE_CHUNK {blockData=conID: 1 locID: 102670698132079239 bcsId: 4549} | ret=SUCCESS |  
2019-08-24 07:08:45,747 | INFO  | DNAudit | user=null | ip=null | op=WRITE_CHUNK {blockData=conID: 1 locID: 102670698132079239 bcsId: 4549} | ret=SUCCESS |  
2019-08-24 07:08:45,747 | INFO  | DNAudit | user=null | ip=null | op=PUT_BLOCK {blockData=[blockId=conID: 1 locID: 102670698132079239 bcsId: 0,size=3145728]} | ret=SUCCESS |  
2019-08-24 07:08:45,748 [grpc-default-executor-5] INFO  client.GrpcClientProtocolClient (GrpcClientProtocolClient.java:onNext(255)) - client-6EDD19400D46->06a4573b-67a1-41e3-a350-f896363bc636: receive RaftClientReply:client-6EDD19400D46->06a4573b-67a1-41e3-a350-f896363bc636@group-757E3781CD2A, cid=3045, SUCCESS, logIndex=4553, commits[06a4573b-67a1-41e3-a350-f896363bc636:c4554, 0b725bbf-683b-4664-9a2e-3c9dd6e38bc1:c4552, 9193e3b7-ae04-484d-a740-c65c11559486:c4552]
2019-08-24 07:08:45,748 [grpc-default-executor-5] INFO  client.GrpcClientProtocolClient (GrpcClientProtocolClient.java:onNext(255)) - client-6EDD19400D46->06a4573b-67a1-41e3-a350-f896363bc636: receive RaftClientReply:client-6EDD19400D46->06a4573b-67a1-41e3-a350-f896363bc636@group-757E3781CD2A, cid=3046, SUCCESS, logIndex=4554, commits[06a4573b-67a1-41e3-a350-f896363bc636:c4554, 0b725bbf-683b-4664-9a2e-3c9dd6e38bc1:c4552, 9193e3b7-ae04-484d-a740-c65c11559486:c4552]
2019-08-24 07:08:45,757 | INFO  | DNAudit | user=null | ip=null | op=WRITE_CHUNK {blockData=conID: 1 locID: 102670698132079239 bcsId: 4554} | ret=SUCCESS |  
2019-08-24 07:08:45,759 | INFO  | DNAudit | user=null | ip=null | op=WRITE_CHUNK {blockData=conID: 1 locID: 102670698132079239 bcsId: 4549} | ret=SUCCESS |  
2019-08-24 07:08:45,759 | INFO  | DNAudit | user=null | ip=null | op=WRITE_CHUNK {blockData=conID: 1 locID: 102670698132079239 bcsId: 4549} | ret=SUCCESS |  
2019-08-24 07:08:45,759 | INFO  | DNAudit | user=null | ip=null | op=PUT_BLOCK {blockData=[blockId=conID: 1 locID: 102670698132079239 bcsId: 0,size=3145728]} | ret=SUCCESS |  
2019-08-24 07:08:45,760 | INFO  | DNAudit | user=null | ip=null | op=WRITE_CHUNK {blockData=conID: 1 locID: 102670698132079239 bcsId: 4554} | ret=SUCCESS |  
2019-08-24 07:08:45,761 | INFO  | DNAudit | user=null | ip=null | op=WRITE_CHUNK {blockData=conID: 1 locID: 102670698132079239 bcsId: 4554} | ret=SUCCESS |  
2019-08-24 07:08:45,772 | INFO  | DNAudit | user=null | ip=null | op=PUT_BLOCK {blockData=[blockId=conID: 1 locID: 102670698132079239 bcsId: 0,size=3145728]} | ret=SUCCESS |  
2019-08-24 07:08:45,772 | INFO  | DNAudit | user=null | ip=null | op=WRITE_CHUNK {blockData=conID: 1 locID: 102670698132079239 bcsId: 4554} | ret=SUCCESS |  
2019-08-24 07:08:45,773 | INFO  | DNAudit | user=null | ip=null | op=PUT_BLOCK {blockData=[blockId=conID: 1 locID: 102670698132079239 bcsId: 0,size=4194304]} | ret=SUCCESS |  
2019-08-24 07:08:45,773 [grpc-default-executor-2] INFO  client.GrpcClientProtocolClient (GrpcClientProtocolClient.java:onNext(255)) - client-6EDD19400D46->06a4573b-67a1-41e3-a350-f896363bc636: receive RaftClientReply:client-6EDD19400D46->06a4573b-67a1-41e3-a350-f896363bc636@group-757E3781CD2A, cid=3047, SUCCESS, logIndex=4557, commits[06a4573b-67a1-41e3-a350-f896363bc636:c4558, 0b725bbf-683b-4664-9a2e-3c9dd6e38bc1:c4554, 9193e3b7-ae04-484d-a740-c65c11559486:c4554]
2019-08-24 07:08:45,774 [grpc-default-executor-2] INFO  client.GrpcClientProtocolClient (GrpcClientProtocolClient.java:onNext(255)) - client-6EDD19400D46->06a4573b-67a1-41e3-a350-f896363bc636: receive RaftClientReply:client-6EDD19400D46->06a4573b-67a1-41e3-a350-f896363bc636@group-757E3781CD2A, cid=3048, SUCCESS, logIndex=4558, commits[06a4573b-67a1-41e3-a350-f896363bc636:c4558, 0b725bbf-683b-4664-9a2e-3c9dd6e38bc1:c4554, 9193e3b7-ae04-484d-a740-c65c11559486:c4554]
2019-08-24 07:08:45,775 | INFO  | DNAudit | user=null | ip=null | op=WRITE_CHUNK {blockData=conID: 1 locID: 102670698132079239 bcsId: 4554} | ret=SUCCESS |  
2019-08-24 07:08:45,775 | INFO  | DNAudit | user=null | ip=null | op=WRITE_CHUNK {blockData=conID: 1 locID: 102670698132079239 bcsId: 4554} | ret=SUCCESS |  
2019-08-24 07:08:45,787 | INFO  | DNAudit | user=null | ip=null | op=PUT_BLOCK {blockData=[blockId=conID: 1 locID: 102670698132079239 bcsId: 0,size=4194304]} | ret=SUCCESS |  
2019-08-24 07:08:45,787 | INFO  | DNAudit | user=null | ip=null | op=PUT_BLOCK {blockData=[blockId=conID: 1 locID: 102670698132079239 bcsId: 0,size=4194304]} | ret=SUCCESS |  
2019-08-24 07:08:45,787 [grpc-default-executor-2] INFO  client.GrpcClientProtocolClient (GrpcClientProtocolClient.java:onNext(255)) - client-6EDD19400D46->06a4573b-67a1-41e3-a350-f896363bc636: receive RaftClientReply:client-6EDD19400D46->06a4573b-67a1-41e3-a350-f896363bc636@group-757E3781CD2A, cid=3049, SUCCESS, logIndex=0, commits[06a4573b-67a1-41e3-a350-f896363bc636:c4560, 0b725bbf-683b-4664-9a2e-3c9dd6e38bc1:c4558, 9193e3b7-ae04-484d-a740-c65c11559486:c4558]
2019-08-24 07:08:45,796 | INFO  | SCMAudit | user=jenkins1000 | ip=192.168.69.125 | op=ALLOCATE_BLOCK {owner=61bacca8-15b6-4a50-8962-5e9786b18b0d, size=4194304, type=RATIS, factor=THREE} | ret=SUCCESS |  
2019-08-24 07:08:45,801 | INFO  | OMAudit | user=jenkins1000 | ip=127.0.0.1 | op=ALLOCATE_BLOCK {volume=vol-0-26988, bucket=bucket-0-20739, key=key-0-27353, dataSize=0, replicationType=null, replicationFactor=null, keyLocationInfo=null, clientID=102670695851229586} | ret=SUCCESS |  
2019-08-24 07:08:45,810 | INFO  | DNAudit | user=null | ip=null | op=WRITE_CHUNK {blockData=conID: 2 locID: 102670698138567304 bcsId: 0} | ret=SUCCESS |  
2019-08-24 07:08:45,814 | INFO  | DNAudit | user=null | ip=null | op=WRITE_CHUNK {blockData=conID: 2 locID: 102670698138567304 bcsId: 0} | ret=SUCCESS |  
2019-08-24 07:08:45,815 | INFO  | DNAudit | user=null | ip=null | op=WRITE_CHUNK {blockData=conID: 2 locID: 102670698138567304 bcsId: 0} | ret=SUCCESS |  
2019-08-24 07:08:45,815 | INFO  | DNAudit | user=null | ip=null | op=WRITE_CHUNK {blockData=conID: 2 locID: 102670698138567304 bcsId: 0} | ret=SUCCESS |  
2019-08-24 07:08:45,817 | INFO  | DNAudit | user=null | ip=null | op=WRITE_CHUNK {blockData=conID: 2 locID: 102670698138567304 bcsId: 0} | ret=SUCCESS |  
2019-08-24 07:08:45,817 | INFO  | DNAudit | user=null | ip=null | op=WRITE_CHUNK {blockData=conID: 2 locID: 102670698138567304 bcsId: 0} | ret=SUCCESS |  
2019-08-24 07:08:45,823 | INFO  | DNAudit | user=null | ip=null | op=WRITE_CHUNK {blockData=conID: 2 locID: 102670698138567304 bcsId: 0} | ret=SUCCESS |  
2019-08-24 07:08:45,823 | INFO  | DNAudit | user=null | ip=null | op=PUT_BLOCK {blockData=[blockId=conID: 2 locID: 102670698138567304 bcsId: 0,size=1048576]} | ret=SUCCESS |  
2019-08-24 07:08:45,824 | INFO  | DNAudit | user=null | ip=null | op=WRITE_CHUNK {blockData=conID: 2 locID: 102670698138567304 bcsId: 0} | ret=SUCCESS |  
2019-08-24 07:08:45,824 [grpc-default-executor-0] INFO  client.GrpcClientProtocolClient (GrpcClientProtocolClient.java:onNext(255)) - client-6EDD19400D46->06a4573b-67a1-41e3-a350-f896363bc636: receive RaftClientReply:client-6EDD19400D46->06a4573b-67a1-41e3-a350-f896363bc636@group-757E3781CD2A, cid=3050, SUCCESS, logIndex=4561, commits[06a4573b-67a1-41e3-a350-f896363bc636:c4562, 0b725bbf-683b-4664-9a2e-3c9dd6e38bc1:c4560, 9193e3b7-ae04-484d-a740-c65c11559486:c4560]
2019-08-24 07:08:45,824 | INFO  | DNAudit | user=null | ip=null | op=PUT_BLOCK {blockData=[blockId=conID: 2 locID: 102670698138567304 bcsId: 0,size=2097152]} | ret=SUCCESS |  
2019-08-24 07:08:45,824 [grpc-default-executor-0] INFO  client.GrpcClientProtocolClient (GrpcClientProtocolClient.java:onNext(255)) - client-6EDD19400D46->06a4573b-67a1-41e3-a350-f896363bc636: receive RaftClientReply:client-6EDD19400D46->06a4573b-67a1-41e3-a350-f896363bc636@group-757E3781CD2A, cid=3051, SUCCESS, logIndex=4562, commits[06a4573b-67a1-41e3-a350-f896363bc636:c4564, 0b725bbf-683b-4664-9a2e-3c9dd6e38bc1:c4560, 9193e3b7-ae04-484d-a740-c65c11559486:c4560]
2019-08-24 07:08:45,825 [grpc-default-executor-0] INFO  client.GrpcClientProtocolClient (GrpcClientProtocolClient.java:onNext(255)) - client-6EDD19400D46->06a4573b-67a1-41e3-a350-f896363bc636: receive RaftClientReply:client-6EDD19400D46->06a4573b-67a1-41e3-a350-f896363bc636@group-757E3781CD2A, cid=3052, SUCCESS, logIndex=4563, commits[06a4573b-67a1-41e3-a350-f896363bc636:c4564, 0b725bbf-683b-4664-9a2e-3c9dd6e38bc1:c4560, 9193e3b7-ae04-484d-a740-c65c11559486:c4560]
2019-08-24 07:08:45,825 [grpc-default-executor-0] INFO  client.GrpcClientProtocolClient (GrpcClientProtocolClient.java:onNext(255)) - client-6EDD19400D46->06a4573b-67a1-41e3-a350-f896363bc636: receive RaftClientReply:client-6EDD19400D46->06a4573b-67a1-41e3-a350-f896363bc636@group-757E3781CD2A, cid=3053, SUCCESS, logIndex=4564, commits[06a4573b-67a1-41e3-a350-f896363bc636:c4564, 0b725bbf-683b-4664-9a2e-3c9dd6e38bc1:c4560, 9193e3b7-ae04-484d-a740-c65c11559486:c4560]
2019-08-24 07:08:45,826 | INFO  | DNAudit | user=null | ip=null | op=WRITE_CHUNK {blockData=conID: 2 locID: 102670698138567304 bcsId: 0} | ret=SUCCESS |  
2019-08-24 07:08:45,826 | INFO  | DNAudit | user=null | ip=null | op=WRITE_CHUNK {blockData=conID: 2 locID: 102670698138567304 bcsId: 0} | ret=SUCCESS |  
2019-08-24 07:08:45,826 | INFO  | DNAudit | user=null | ip=null | op=PUT_BLOCK {blockData=[blockId=conID: 2 locID: 102670698138567304 bcsId: 0,size=1048576]} | ret=SUCCESS |  
2019-08-24 07:08:45,837 | INFO  | DNAudit | user=null | ip=null | op=WRITE_CHUNK {blockData=conID: 2 locID: 102670698138567304 bcsId: 0} | ret=SUCCESS |  
2019-08-24 07:08:45,837 | INFO  | DNAudit | user=null | ip=null | op=PUT_BLOCK {blockData=[blockId=conID: 2 locID: 102670698138567304 bcsId: 0,size=1048576]} | ret=SUCCESS |  
2019-08-24 07:08:45,838 | INFO  | DNAudit | user=null | ip=null | op=PUT_BLOCK {blockData=[blockId=conID: 2 locID: 102670698138567304 bcsId: 0,size=2097152]} | ret=SUCCESS |  
2019-08-24 07:08:45,838 | INFO  | DNAudit | user=null | ip=null | op=WRITE_CHUNK {blockData=conID: 2 locID: 102670698138567304 bcsId: 0} | ret=SUCCESS |  
2019-08-24 07:08:45,838 | INFO  | DNAudit | user=null | ip=null | op=PUT_BLOCK {blockData=[blockId=conID: 2 locID: 102670698138567304 bcsId: 0,size=2097152]} | ret=SUCCESS |  
2019-08-24 07:08:45,838 [grpc-default-executor-0] INFO  client.GrpcClientProtocolClient (GrpcClientProtocolClient.java:onNext(255)) - client-6EDD19400D46->06a4573b-67a1-41e3-a350-f896363bc636: receive RaftClientReply:client-6EDD19400D46->06a4573b-67a1-41e3-a350-f896363bc636@group-757E3781CD2A, cid=3054, SUCCESS, logIndex=0, commits[06a4573b-67a1-41e3-a350-f896363bc636:c4567, 0b725bbf-683b-4664-9a2e-3c9dd6e38bc1:c4562, 9193e3b7-ae04-484d-a740-c65c11559486:c4564]
2019-08-24 07:08:45,847 | INFO  | DNAudit | user=null | ip=null | op=WRITE_CHUNK {blockData=conID: 2 locID: 102670698138567304 bcsId: 4564} | ret=SUCCESS |  
2019-08-24 07:08:45,850 | INFO  | DNAudit | user=null | ip=null | op=WRITE_CHUNK {blockData=conID: 2 locID: 102670698138567304 bcsId: 4564} | ret=SUCCESS |  
2019-08-24 07:08:45,850 | INFO  | DNAudit | user=null | ip=null | op=WRITE_CHUNK {blockData=conID: 2 locID: 102670698138567304 bcsId: 4564} | ret=SUCCESS |  
 0.00% |█                                                                                                    |  0/1 Time: 0:00:342019-08-24 07:08:45,854 | INFO  | SCMAudit | user=jenkins1000 | ip=192.168.69.125 | op=SEND_HEARTBEAT {datanodeUUID=25ce0803-6f34-4c69-82c0-892f08679042, command=[]} | ret=SUCCESS |  
2019-08-24 07:08:45,854 | INFO  | SCMAudit | user=jenkins1000 | ip=192.168.69.125 | op=SEND_HEARTBEAT {datanodeUUID=0b725bbf-683b-4664-9a2e-3c9dd6e38bc1, command=[]} | ret=SUCCESS |  
2019-08-24 07:08:45,855 | INFO  | SCMAudit | user=jenkins1000 | ip=192.168.69.125 | op=SEND_HEARTBEAT {datanodeUUID=9193e3b7-ae04-484d-a740-c65c11559486, command=[]} | ret=SUCCESS |  
2019-08-24 07:08:45,855 | INFO  | SCMAudit | user=jenkins1000 | ip=192.168.69.125 | op=SEND_HEARTBEAT {datanodeUUID=b8548da6-9cc6-46be-8dd4-5219531f5960, command=[]} | ret=SUCCESS |  
2019-08-24 07:08:45,855 | INFO  | SCMAudit | user=jenkins1000 | ip=192.168.69.125 | op=SEND_HEARTBEAT {datanodeUUID=06a4573b-67a1-41e3-a350-f896363bc636, command=[]} | ret=SUCCESS |  
2019-08-24 07:08:45,860 | INFO  | DNAudit | user=null | ip=null | op=WRITE_CHUNK {blockData=conID: 2 locID: 102670698138567304 bcsId: 4564} | ret=SUCCESS |  
2019-08-24 07:08:45,860 | INFO  | DNAudit | user=null | ip=null | op=PUT_BLOCK {blockData=[blockId=conID: 2 locID: 102670698138567304 bcsId: 0,size=3145728]} | ret=SUCCESS |  
2019-08-24 07:08:45,860 [grpc-default-executor-0] INFO  client.GrpcClientProtocolClient (GrpcClientProtocolClient.java:onNext(255)) - client-6EDD19400D46->06a4573b-67a1-41e3-a350-f896363bc636: receive RaftClientReply:client-6EDD19400D46->06a4573b-67a1-41e3-a350-f896363bc636@group-757E3781CD2A, cid=3055, SUCCESS, logIndex=4568, commits[06a4573b-67a1-41e3-a350-f896363bc636:c4569, 0b725bbf-683b-4664-9a2e-3c9dd6e38bc1:c4567, 9193e3b7-ae04-484d-a740-c65c11559486:c4567]
2019-08-24 07:08:45,861 [grpc-default-executor-0] INFO  client.GrpcClientProtocolClient (GrpcClientProtocolClient.java:onNext(255)) - client-6EDD19400D46->06a4573b-67a1-41e3-a350-f896363bc636: receive RaftClientReply:client-6EDD19400D46->06a4573b-67a1-41e3-a350-f896363bc636@group-757E3781CD2A, cid=3056, SUCCESS, logIndex=4569, commits[06a4573b-67a1-41e3-a350-f896363bc636:c4569, 0b725bbf-683b-4664-9a2e-3c9dd6e38bc1:c4567, 9193e3b7-ae04-484d-a740-c65c11559486:c4567]
2019-08-24 07:08:45,869 | INFO  | DNAudit | user=null | ip=null | op=WRITE_CHUNK {blockData=conID: 2 locID: 102670698138567304 bcsId: 4569} | ret=SUCCESS |  
2019-08-24 07:08:45,871 | INFO  | DNAudit | user=null | ip=null | op=WRITE_CHUNK {blockData=conID: 2 locID: 102670698138567304 bcsId: 4564} | ret=SUCCESS |  
2019-08-24 07:08:45,872 | INFO  | DNAudit | user=null | ip=null | op=WRITE_CHUNK {blockData=conID: 2 locID: 102670698138567304 bcsId: 4564} | ret=SUCCESS |  
2019-08-24 07:08:45,872 | INFO  | DNAudit | user=null | ip=null | op=WRITE_CHUNK {blockData=conID: 2 locID: 102670698138567304 bcsId: 4569} | ret=SUCCESS |  
2019-08-24 07:08:45,873 | INFO  | DNAudit | user=null | ip=null | op=WRITE_CHUNK {blockData=conID: 2 locID: 102670698138567304 bcsId: 4569} | ret=SUCCESS |  
2019-08-24 07:08:45,884 | INFO  | DNAudit | user=null | ip=null | op=PUT_BLOCK {blockData=[blockId=conID: 2 locID: 102670698138567304 bcsId: 0,size=3145728]} | ret=SUCCESS |  
2019-08-24 07:08:45,884 | INFO  | DNAudit | user=null | ip=null | op=WRITE_CHUNK {blockData=conID: 2 locID: 102670698138567304 bcsId: 4569} | ret=SUCCESS |  
2019-08-24 07:08:45,884 | INFO  | DNAudit | user=null | ip=null | op=PUT_BLOCK {blockData=[blockId=conID: 2 locID: 102670698138567304 bcsId: 0,size=3145728]} | ret=SUCCESS |  
2019-08-24 07:08:45,885 | INFO  | DNAudit | user=null | ip=null | op=PUT_BLOCK {blockData=[blockId=conID: 2 locID: 102670698138567304 bcsId: 0,size=4194304]} | ret=SUCCESS |  
2019-08-24 07:08:45,885 [grpc-default-executor-5] INFO  client.GrpcClientProtocolClient (GrpcClientProtocolClient.java:onNext(255)) - client-6EDD19400D46->06a4573b-67a1-41e3-a350-f896363bc636: receive RaftClientReply:client-6EDD19400D46->06a4573b-67a1-41e3-a350-f896363bc636@group-757E3781CD2A, cid=3057, SUCCESS, logIndex=4572, commits[06a4573b-67a1-41e3-a350-f896363bc636:c4573, 0b725bbf-683b-4664-9a2e-3c9dd6e38bc1:c4568, 9193e3b7-ae04-484d-a740-c65c11559486:c4569]
2019-08-24 07:08:45,885 | INFO  | DNAudit | user=null | ip=null | op=WRITE_CHUNK {blockData=conID: 2 locID: 102670698138567304 bcsId: 4569} | ret=SUCCESS |  
2019-08-24 07:08:45,886 [grpc-default-executor-1] INFO  client.GrpcClientProtocolClient (GrpcClientProtocolClient.java:onNext(255)) - client-6EDD19400D46->06a4573b-67a1-41e3-a350-f896363bc636: receive RaftClientReply:client-6EDD19400D46->06a4573b-67a1-41e3-a350-f896363bc636@group-757E3781CD2A, cid=3058, SUCCESS, logIndex=4573, commits[06a4573b-67a1-41e3-a350-f896363bc636:c4573, 0b725bbf-683b-4664-9a2e-3c9dd6e38bc1:c4569, 9193e3b7-ae04-484d-a740-c65c11559486:c4569]
2019-08-24 07:08:45,886 | INFO  | DNAudit | user=null | ip=null | op=WRITE_CHUNK {blockData=conID: 2 locID: 102670698138567304 bcsId: 4569} | ret=SUCCESS |  
2019-08-24 07:08:45,887 | INFO  | DNAudit | user=null | ip=null | op=PUT_BLOCK {blockData=[blockId=conID: 2 locID: 102670698138567304 bcsId: 0,size=4194304]} | ret=SUCCESS |  
2019-08-24 07:08:45,887 | INFO  | DNAudit | user=null | ip=null | op=PUT_BLOCK {blockData=[blockId=conID: 2 locID: 102670698138567304 bcsId: 0,size=4194304]} | ret=SUCCESS |  
2019-08-24 07:08:45,888 [grpc-default-executor-1] INFO  client.GrpcClientProtocolClient (GrpcClientProtocolClient.java:onNext(255)) - client-6EDD19400D46->06a4573b-67a1-41e3-a350-f896363bc636: receive RaftClientReply:client-6EDD19400D46->06a4573b-67a1-41e3-a350-f896363bc636@group-757E3781CD2A, cid=3059, SUCCESS, logIndex=0, commits[06a4573b-67a1-41e3-a350-f896363bc636:c4575, 0b725bbf-683b-4664-9a2e-3c9dd6e38bc1:c4573, 9193e3b7-ae04-484d-a740-c65c11559486:c4573]
2019-08-24 07:08:45,894 | INFO  | SCMAudit | user=jenkins1000 | ip=192.168.69.125 | op=ALLOCATE_BLOCK {owner=61bacca8-15b6-4a50-8962-5e9786b18b0d, size=4194304, type=RATIS, factor=THREE} | ret=SUCCESS |  
2019-08-24 07:08:45,899 | INFO  | OMAudit | user=jenkins1000 | ip=127.0.0.1 | op=ALLOCATE_BLOCK {volume=vol-0-26988, bucket=bucket-0-20739, key=key-0-27353, dataSize=0, replicationType=null, replicationFactor=null, keyLocationInfo=null, clientID=102670695851229586} | ret=SUCCESS |  
2019-08-24 07:08:45,907 | INFO  | DNAudit | user=null | ip=null | op=WRITE_CHUNK {blockData=conID: 3 locID: 102670698144989833 bcsId: 0} | ret=SUCCESS |  
2019-08-24 07:08:45,910 | INFO  | DNAudit | user=null | ip=null | op=WRITE_CHUNK {blockData=conID: 3 locID: 102670698144989833 bcsId: 0} | ret=SUCCESS |  
2019-08-24 07:08:45,911 | INFO  | DNAudit | user=null | ip=null | op=WRITE_CHUNK {blockData=conID: 3 locID: 102670698144989833 bcsId: 0} | ret=SUCCESS |  
2019-08-24 07:08:45,912 | INFO  | DNAudit | user=null | ip=null | op=WRITE_CHUNK {blockData=conID: 3 locID: 102670698144989833 bcsId: 0} | ret=SUCCESS |  
2019-08-24 07:08:45,913 | INFO  | DNAudit | user=null | ip=null | op=WRITE_CHUNK {blockData=conID: 3 locID: 102670698144989833 bcsId: 0} | ret=SUCCESS |  
2019-08-24 07:08:45,913 | INFO  | DNAudit | user=null | ip=null | op=WRITE_CHUNK {blockData=conID: 3 locID: 102670698144989833 bcsId: 0} | ret=SUCCESS |  
2019-08-24 07:08:45,923 | INFO  | DNAudit | user=null | ip=null | op=WRITE_CHUNK {blockData=conID: 3 locID: 102670698144989833 bcsId: 0} | ret=SUCCESS |  
2019-08-24 07:08:45,924 | INFO  | DNAudit | user=null | ip=null | op=PUT_BLOCK {blockData=[blockId=conID: 3 locID: 102670698144989833 bcsId: 0,size=1048576]} | ret=SUCCESS |  
2019-08-24 07:08:45,924 | INFO  | DNAudit | user=null | ip=null | op=WRITE_CHUNK {blockData=conID: 3 locID: 102670698144989833 bcsId: 0} | ret=SUCCESS |  
2019-08-24 07:08:45,924 [grpc-default-executor-5] INFO  client.GrpcClientProtocolClient (GrpcClientProtocolClient.java:onNext(255)) - client-6EDD19400D46->06a4573b-67a1-41e3-a350-f896363bc636: receive RaftClientReply:client-6EDD19400D46->06a4573b-67a1-41e3-a350-f896363bc636@group-757E3781CD2A, cid=3060, SUCCESS, logIndex=4576, commits[06a4573b-67a1-41e3-a350-f896363bc636:c4578, 0b725bbf-683b-4664-9a2e-3c9dd6e38bc1:c4575, 9193e3b7-ae04-484d-a740-c65c11559486:c4575]
2019-08-24 07:08:45,925 | INFO  | DNAudit | user=null | ip=null | op=PUT_BLOCK {blockData=[blockId=conID: 3 locID: 102670698144989833 bcsId: 0,size=2097152]} | ret=SUCCESS |  
2019-08-24 07:08:45,925 [grpc-default-executor-5] INFO  client.GrpcClientProtocolClient (GrpcClientProtocolClient.java:onNext(255)) - client-6EDD19400D46->06a4573b-67a1-41e3-a350-f896363bc636: receive RaftClientReply:client-6EDD19400D46->06a4573b-67a1-41e3-a350-f896363bc636@group-757E3781CD2A, cid=3061, SUCCESS, logIndex=4577, commits[06a4573b-67a1-41e3-a350-f896363bc636:c4579, 0b725bbf-683b-4664-9a2e-3c9dd6e38bc1:c4575, 9193e3b7-ae04-484d-a740-c65c11559486:c4575]
2019-08-24 07:08:45,925 [grpc-default-executor-5] INFO  client.GrpcClientProtocolClient (GrpcClientProtocolClient.java:onNext(255)) - client-6EDD19400D46->06a4573b-67a1-41e3-a350-f896363bc636: receive RaftClientReply:client-6EDD19400D46->06a4573b-67a1-41e3-a350-f896363bc636@group-757E3781CD2A, cid=3062, SUCCESS, logIndex=4578, commits[06a4573b-67a1-41e3-a350-f896363bc636:c4579, 0b725bbf-683b-4664-9a2e-3c9dd6e38bc1:c4575, 9193e3b7-ae04-484d-a740-c65c11559486:c4575]
2019-08-24 07:08:45,925 [grpc-default-executor-5] INFO  client.GrpcClientProtocolClient (GrpcClientProtocolClient.java:onNext(255)) - client-6EDD19400D46->06a4573b-67a1-41e3-a350-f896363bc636: receive RaftClientReply:client-6EDD19400D46->06a4573b-67a1-41e3-a350-f896363bc636@group-757E3781CD2A, cid=3063, SUCCESS, logIndex=4579, commits[06a4573b-67a1-41e3-a350-f896363bc636:c4579, 0b725bbf-683b-4664-9a2e-3c9dd6e38bc1:c4575, 9193e3b7-ae04-484d-a740-c65c11559486:c4575]
2019-08-24 07:08:45,944 | INFO  | DNAudit | user=null | ip=null | op=WRITE_CHUNK {blockData=conID: 3 locID: 102670698144989833 bcsId: 0} | ret=SUCCESS |  
2019-08-24 07:08:45,945 | INFO  | DNAudit | user=null | ip=null | op=PUT_BLOCK {blockData=[blockId=conID: 3 locID: 102670698144989833 bcsId: 0,size=1048576]} | ret=SUCCESS |  
2019-08-24 07:08:45,945 | INFO  | DNAudit | user=null | ip=null | op=WRITE_CHUNK {blockData=conID: 3 locID: 102670698144989833 bcsId: 0} | ret=SUCCESS |  
2019-08-24 07:08:45,945 | INFO  | DNAudit | user=null | ip=null | op=WRITE_CHUNK {blockData=conID: 3 locID: 102670698144989833 bcsId: 0} | ret=SUCCESS |  
2019-08-24 07:08:45,945 | INFO  | DNAudit | user=null | ip=null | op=PUT_BLOCK {blockData=[blockId=conID: 3 locID: 102670698144989833 bcsId: 0,size=1048576]} | ret=SUCCESS |  
2019-08-24 07:08:45,945 | INFO  | DNAudit | user=null | ip=null | op=WRITE_CHUNK {blockData=conID: 3 locID: 102670698144989833 bcsId: 0} | ret=SUCCESS |  
2019-08-24 07:08:45,945 [grpc-default-executor-5] INFO  client.GrpcClientProtocolClient (GrpcClientProtocolClient.java:onNext(255)) - client-6EDD19400D46->06a4573b-67a1-41e3-a350-f896363bc636: receive RaftClientReply:client-6EDD19400D46->06a4573b-67a1-41e3-a350-f896363bc636@group-757E3781CD2A, cid=3064, SUCCESS, logIndex=0, commits[06a4573b-67a1-41e3-a350-f896363bc636:c4580, 0b725bbf-683b-4664-9a2e-3c9dd6e38bc1:c4578, 9193e3b7-ae04-484d-a740-c65c11559486:c4578]
2019-08-24 07:08:45,947 | INFO  | DNAudit | user=null | ip=null | op=PUT_BLOCK {blockData=[blockId=conID: 3 locID: 102670698144989833 bcsId: 0,size=2097152]} | ret=SUCCESS |  
2019-08-24 07:08:45,948 | INFO  | DNAudit | user=null | ip=null | op=PUT_BLOCK {blockData=[blockId=conID: 3 locID: 102670698144989833 bcsId: 0,size=2097152]} | ret=SUCCESS |  
2019-08-24 07:08:45,954 | INFO  | DNAudit | user=null | ip=null | op=WRITE_CHUNK {blockData=conID: 3 locID: 102670698144989833 bcsId: 4579} | ret=SUCCESS |  
2019-08-24 07:08:45,956 | INFO  | DNAudit | user=null | ip=null | op=WRITE_CHUNK {blockData=conID: 3 locID: 102670698144989833 bcsId: 4579} | ret=SUCCESS |  
2019-08-24 07:08:45,957 | INFO  | DNAudit | user=null | ip=null | op=WRITE_CHUNK {blockData=conID: 3 locID: 102670698144989833 bcsId: 4579} | ret=SUCCESS |  
2019-08-24 07:08:45,966 | INFO  | DNAudit | user=null | ip=null | op=WRITE_CHUNK {blockData=conID: 3 locID: 102670698144989833 bcsId: 4579} | ret=SUCCESS |  
2019-08-24 07:08:45,967 | INFO  | DNAudit | user=null | ip=null | op=PUT_BLOCK {blockData=[blockId=conID: 3 locID: 102670698144989833 bcsId: 0,size=3145728]} | ret=SUCCESS |  
2019-08-24 07:08:45,967 [grpc-default-executor-5] INFO  client.GrpcClientProtocolClient (GrpcClientProtocolClient.java:onNext(255)) - client-6EDD19400D46->06a4573b-67a1-41e3-a350-f896363bc636: receive RaftClientReply:client-6EDD19400D46->06a4573b-67a1-41e3-a350-f896363bc636@group-757E3781CD2A, cid=3065, SUCCESS, logIndex=4583, commits[06a4573b-67a1-41e3-a350-f896363bc636:c4584, 0b725bbf-683b-4664-9a2e-3c9dd6e38bc1:c4582, 9193e3b7-ae04-484d-a740-c65c11559486:c4582]
2019-08-24 07:08:45,967 [grpc-default-executor-5] INFO  client.GrpcClientProtocolClient (GrpcClientProtocolClient.java:onNext(255)) - client-6EDD19400D46->06a4573b-67a1-41e3-a350-f896363bc636: receive RaftClientReply:client-6EDD19400D46->06a4573b-67a1-41e3-a350-f896363bc636@group-757E3781CD2A, cid=3066, SUCCESS, logIndex=4584, commits[06a4573b-67a1-41e3-a350-f896363bc636:c4584, 0b725bbf-683b-4664-9a2e-3c9dd6e38bc1:c4582, 9193e3b7-ae04-484d-a740-c65c11559486:c4582]
2019-08-24 07:08:45,975 | INFO  | DNAudit | user=null | ip=null | op=WRITE_CHUNK {blockData=conID: 3 locID: 102670698144989833 bcsId: 4584} | ret=SUCCESS |  
2019-08-24 07:08:45,978 | INFO  | DNAudit | user=null | ip=null | op=WRITE_CHUNK {blockData=conID: 3 locID: 102670698144989833 bcsId: 4584} | ret=SUCCESS |  
2019-08-24 07:08:45,978 | INFO  | DNAudit | user=null | ip=null | op=WRITE_CHUNK {blockData=conID: 3 locID: 102670698144989833 bcsId: 4579} | ret=SUCCESS |  
2019-08-24 07:08:45,978 | INFO  | DNAudit | user=null | ip=null | op=WRITE_CHUNK {blockData=conID: 3 locID: 102670698144989833 bcsId: 4579} | ret=SUCCESS |  
2019-08-24 07:08:45,979 | INFO  | DNAudit | user=null | ip=null | op=WRITE_CHUNK {blockData=conID: 3 locID: 102670698144989833 bcsId: 4584} | ret=SUCCESS |  
2019-08-24 07:08:45,980 | INFO  | DNAudit | user=null | ip=null | op=PUT_BLOCK {blockData=[blockId=conID: 3 locID: 102670698144989833 bcsId: 0,size=3145728]} | ret=SUCCESS |  
2019-08-24 07:08:45,981 | INFO  | DNAudit | user=null | ip=null | op=WRITE_CHUNK {blockData=conID: 3 locID: 102670698144989833 bcsId: 4584} | ret=SUCCESS |  
2019-08-24 07:08:45,981 | INFO  | DNAudit | user=null | ip=null | op=PUT_BLOCK {blockData=[blockId=conID: 3 locID: 102670698144989833 bcsId: 0,size=3145728]} | ret=SUCCESS |  
2019-08-24 07:08:45,981 | INFO  | DNAudit | user=null | ip=null | op=PUT_BLOCK {blockData=[blockId=conID: 3 locID: 102670698144989833 bcsId: 0,size=4194304]} | ret=SUCCESS |  
2019-08-24 07:08:45,981 [grpc-default-executor-5] INFO  client.GrpcClientProtocolClient (GrpcClientProtocolClient.java:onNext(255)) - client-6EDD19400D46->06a4573b-67a1-41e3-a350-f896363bc636: receive RaftClientReply:client-6EDD19400D46->06a4573b-67a1-41e3-a350-f896363bc636@group-757E3781CD2A, cid=3067, SUCCESS, logIndex=4587, commits[06a4573b-67a1-41e3-a350-f896363bc636:c4588, 0b725bbf-683b-4664-9a2e-3c9dd6e38bc1:c4583, 9193e3b7-ae04-484d-a740-c65c11559486:c4584]
2019-08-24 07:08:45,982 [grpc-default-executor-5] INFO  client.GrpcClientProtocolClient (GrpcClientProtocolClient.java:onNext(255)) - client-6EDD19400D46->06a4573b-67a1-41e3-a350-f896363bc636: receive RaftClientReply:client-6EDD19400D46->06a4573b-67a1-41e3-a350-f896363bc636@group-757E3781CD2A, cid=3068, SUCCESS, logIndex=4588, commits[06a4573b-67a1-41e3-a350-f896363bc636:c4588, 0b725bbf-683b-4664-9a2e-3c9dd6e38bc1:c4584, 9193e3b7-ae04-484d-a740-c65c11559486:c4584]
2019-08-24 07:08:45,982 | INFO  | DNAudit | user=null | ip=null | op=WRITE_CHUNK {blockData=conID: 3 locID: 102670698144989833 bcsId: 4584} | ret=SUCCESS |  
2019-08-24 07:08:45,982 | INFO  | DNAudit | user=null | ip=null | op=WRITE_CHUNK {blockData=conID: 3 locID: 102670698144989833 bcsId: 4584} | ret=SUCCESS |  
2019-08-24 07:08:45,983 | INFO  | DNAudit | user=null | ip=null | op=PUT_BLOCK {blockData=[blockId=conID: 3 locID: 102670698144989833 bcsId: 0,size=4194304]} | ret=SUCCESS |  
2019-08-24 07:08:45,983 | INFO  | DNAudit | user=null | ip=null | op=PUT_BLOCK {blockData=[blockId=conID: 3 locID: 102670698144989833 bcsId: 0,size=4194304]} | ret=SUCCESS |  
2019-08-24 07:08:45,984 [grpc-default-executor-5] INFO  client.GrpcClientProtocolClient (GrpcClientProtocolClient.java:onNext(255)) - client-6EDD19400D46->06a4573b-67a1-41e3-a350-f896363bc636: receive RaftClientReply:client-6EDD19400D46->06a4573b-67a1-41e3-a350-f896363bc636@group-757E3781CD2A, cid=3069, SUCCESS, logIndex=0, commits[06a4573b-67a1-41e3-a350-f896363bc636:c4590, 0b725bbf-683b-4664-9a2e-3c9dd6e38bc1:c4588, 9193e3b7-ae04-484d-a740-c65c11559486:c4588]
2019-08-24 07:08:45,992 | INFO  | SCMAudit | user=jenkins1000 | ip=192.168.69.125 | op=ALLOCATE_BLOCK {owner=61bacca8-15b6-4a50-8962-5e9786b18b0d, size=4194304, type=RATIS, factor=THREE} | ret=SUCCESS |  
2019-08-24 07:08:45,998 | INFO  | OMAudit | user=jenkins1000 | ip=127.0.0.1 | op=ALLOCATE_BLOCK {volume=vol-0-26988, bucket=bucket-0-20739, key=key-0-27353, dataSize=0, replicationType=null, replicationFactor=null, keyLocationInfo=null, clientID=102670695851229586} | ret=SUCCESS |  
2019-08-24 07:08:46,007 | INFO  | DNAudit | user=null | ip=null | op=WRITE_CHUNK {blockData=conID: 1 locID: 102670698151412362 bcsId: 0} | ret=SUCCESS |  
2019-08-24 07:08:46,008 | INFO  | DNAudit | user=null | ip=null | op=WRITE_CHUNK {blockData=conID: 1 locID: 102670698151412362 bcsId: 0} | ret=SUCCESS |  
2019-08-24 07:08:46,009 | INFO  | DNAudit | user=null | ip=null | op=WRITE_CHUNK {blockData=conID: 1 locID: 102670698151412362 bcsId: 0} | ret=SUCCESS |  
2019-08-24 07:08:46,010 | INFO  | DNAudit | user=null | ip=null | op=WRITE_CHUNK {blockData=conID: 1 locID: 102670698151412362 bcsId: 0} | ret=SUCCESS |  
2019-08-24 07:08:46,011 | INFO  | DNAudit | user=null | ip=null | op=WRITE_CHUNK {blockData=conID: 1 locID: 102670698151412362 bcsId: 0} | ret=SUCCESS |  
2019-08-24 07:08:46,012 | INFO  | DNAudit | user=null | ip=null | op=WRITE_CHUNK {blockData=conID: 1 locID: 102670698151412362 bcsId: 0} | ret=SUCCESS |  
2019-08-24 07:08:46,022 | INFO  | DNAudit | user=null | ip=null | op=WRITE_CHUNK {blockData=conID: 1 locID: 102670698151412362 bcsId: 0} | ret=SUCCESS |  
2019-08-24 07:08:46,022 | INFO  | DNAudit | user=null | ip=null | op=PUT_BLOCK {blockData=[blockId=conID: 1 locID: 102670698151412362 bcsId: 0,size=1048576]} | ret=SUCCESS |  
2019-08-24 07:08:46,023 | INFO  | DNAudit | user=null | ip=null | op=WRITE_CHUNK {blockData=conID: 1 locID: 102670698151412362 bcsId: 0} | ret=SUCCESS |  
2019-08-24 07:08:46,023 [grpc-default-executor-5] INFO  client.GrpcClientProtocolClient (GrpcClientProtocolClient.java:onNext(255)) - client-6EDD19400D46->06a4573b-67a1-41e3-a350-f896363bc636: receive RaftClientReply:client-6EDD19400D46->06a4573b-67a1-41e3-a350-f896363bc636@group-757E3781CD2A, cid=3070, SUCCESS, logIndex=4591, commits[06a4573b-67a1-41e3-a350-f896363bc636:c4593, 0b725bbf-683b-4664-9a2e-3c9dd6e38bc1:c4590, 9193e3b7-ae04-484d-a740-c65c11559486:c4590]
2019-08-24 07:08:46,024 | INFO  | DNAudit | user=null | ip=null | op=PUT_BLOCK {blockData=[blockId=conID: 1 locID: 102670698151412362 bcsId: 0,size=2097152]} | ret=SUCCESS |  
2019-08-24 07:08:46,024 [grpc-default-executor-5] INFO  client.GrpcClientProtocolClient (GrpcClientProtocolClient.java:onNext(255)) - client-6EDD19400D46->06a4573b-67a1-41e3-a350-f896363bc636: receive RaftClientReply:client-6EDD19400D46->06a4573b-67a1-41e3-a350-f896363bc636@group-757E3781CD2A, cid=3071, SUCCESS, logIndex=4592, commits[06a4573b-67a1-41e3-a350-f896363bc636:c4594, 0b725bbf-683b-4664-9a2e-3c9dd6e38bc1:c4590, 9193e3b7-ae04-484d-a740-c65c11559486:c4590]
2019-08-24 07:08:46,024 [grpc-default-executor-5] INFO  client.GrpcClientProtocolClient (GrpcClientProtocolClient.java:onNext(255)) - client-6EDD19400D46->06a4573b-67a1-41e3-a350-f896363bc636: receive RaftClientReply:client-6EDD19400D46->06a4573b-67a1-41e3-a350-f896363bc636@group-757E3781CD2A, cid=3072, SUCCESS, logIndex=4593, commits[06a4573b-67a1-41e3-a350-f896363bc636:c4594, 0b725bbf-683b-4664-9a2e-3c9dd6e38bc1:c4590, 9193e3b7-ae04-484d-a740-c65c11559486:c4590]
2019-08-24 07:08:46,024 [grpc-default-executor-5] INFO  client.GrpcClientProtocolClient (GrpcClientProtocolClient.java:onNext(255)) - client-6EDD19400D46->06a4573b-67a1-41e3-a350-f896363bc636: receive RaftClientReply:client-6EDD19400D46->06a4573b-67a1-41e3-a350-f896363bc636@group-757E3781CD2A, cid=3073, SUCCESS, logIndex=4594, commits[06a4573b-67a1-41e3-a350-f896363bc636:c4594, 0b725bbf-683b-4664-9a2e-3c9dd6e38bc1:c4590, 9193e3b7-ae04-484d-a740-c65c11559486:c4590]
2019-08-24 07:08:46,034 | INFO  | DNAudit | user=null | ip=null | op=WRITE_CHUNK {blockData=conID: 1 locID: 102670698151412362 bcsId: 0} | ret=SUCCESS |  
2019-08-24 07:08:46,034 | INFO  | DNAudit | user=null | ip=null | op=WRITE_CHUNK {blockData=conID: 1 locID: 102670698151412362 bcsId: 0} | ret=SUCCESS |  
2019-08-24 07:08:46,034 | INFO  | DNAudit | user=null | ip=null | op=PUT_BLOCK {blockData=[blockId=conID: 1 locID: 102670698151412362 bcsId: 0,size=1048576]} | ret=SUCCESS |  
2019-08-24 07:08:46,034 | INFO  | DNAudit | user=null | ip=null | op=PUT_BLOCK {blockData=[blockId=conID: 1 locID: 102670698151412362 bcsId: 0,size=1048576]} | ret=SUCCESS |  
2019-08-24 07:08:46,034 [grpc-default-executor-5] INFO  client.GrpcClientProtocolClient (GrpcClientProtocolClient.java:onNext(255)) - client-6EDD19400D46->06a4573b-67a1-41e3-a350-f896363bc636: receive RaftClientReply:client-6EDD19400D46->06a4573b-67a1-41e3-a350-f896363bc636@group-757E3781CD2A, cid=3074, SUCCESS, logIndex=0, commits[06a4573b-67a1-41e3-a350-f896363bc636:c4595, 0b725bbf-683b-4664-9a2e-3c9dd6e38bc1:c4592, 9193e3b7-ae04-484d-a740-c65c11559486:c4592]
2019-08-24 07:08:46,037 | INFO  | DNAudit | user=null | ip=null | op=WRITE_CHUNK {blockData=conID: 1 locID: 102670698151412362 bcsId: 0} | ret=SUCCESS |  
2019-08-24 07:08:46,037 | INFO  | DNAudit | user=null | ip=null | op=WRITE_CHUNK {blockData=conID: 1 locID: 102670698151412362 bcsId: 0} | ret=SUCCESS |  
2019-08-24 07:08:46,037 | INFO  | DNAudit | user=null | ip=null | op=PUT_BLOCK {blockData=[blockId=conID: 1 locID: 102670698151412362 bcsId: 0,size=2097152]} | ret=SUCCESS |  
2019-08-24 07:08:46,037 | INFO  | DNAudit | user=null | ip=null | op=PUT_BLOCK {blockData=[blockId=conID: 1 locID: 102670698151412362 bcsId: 0,size=2097152]} | ret=SUCCESS |  
2019-08-24 07:08:46,041 | INFO  | DNAudit | user=null | ip=null | op=WRITE_CHUNK {blockData=conID: 1 locID: 102670698151412362 bcsId: 4594} | ret=SUCCESS |  
2019-08-24 07:08:46,045 | INFO  | DNAudit | user=null | ip=null | op=WRITE_CHUNK {blockData=conID: 1 locID: 102670698151412362 bcsId: 4594} | ret=SUCCESS |  
2019-08-24 07:08:46,045 | INFO  | DNAudit | user=null | ip=null | op=WRITE_CHUNK {blockData=conID: 1 locID: 102670698151412362 bcsId: 4594} | ret=SUCCESS |  
2019-08-24 07:08:46,054 | INFO  | DNAudit | user=null | ip=null | op=WRITE_CHUNK {blockData=conID: 1 locID: 102670698151412362 bcsId: 4594} | ret=SUCCESS |  
2019-08-24 07:08:46,054 | INFO  | DNAudit | user=null | ip=null | op=PUT_BLOCK {blockData=[blockId=conID: 1 locID: 102670698151412362 bcsId: 0,size=3145728]} | ret=SUCCESS |  
2019-08-24 07:08:46,055 [grpc-default-executor-1] INFO  client.GrpcClientProtocolClient (GrpcClientProtocolClient.java:onNext(255)) - client-6EDD19400D46->06a4573b-67a1-41e3-a350-f896363bc636: receive RaftClientReply:client-6EDD19400D46->06a4573b-67a1-41e3-a350-f896363bc636@group-757E3781CD2A, cid=3075, SUCCESS, logIndex=4599, commits[06a4573b-67a1-41e3-a350-f896363bc636:c4600, 0b725bbf-683b-4664-9a2e-3c9dd6e38bc1:c4598, 9193e3b7-ae04-484d-a740-c65c11559486:c4598]
2019-08-24 07:08:46,055 [grpc-default-executor-1] INFO  client.GrpcClientProtocolClient (GrpcClientProtocolClient.java:onNext(255)) - client-6EDD19400D46->06a4573b-67a1-41e3-a350-f896363bc636: receive RaftClientReply:client-6EDD19400D46->06a4573b-67a1-41e3-a350-f896363bc636@group-757E3781CD2A, cid=3076, SUCCESS, logIndex=4600, commits[06a4573b-67a1-41e3-a350-f896363bc636:c4600, 0b725bbf-683b-4664-9a2e-3c9dd6e38bc1:c4598, 9193e3b7-ae04-484d-a740-c65c11559486:c4598]
2019-08-24 07:08:46,061 | INFO  | DNAudit | user=null | ip=null | op=WRITE_CHUNK {blockData=conID: 1 locID: 102670698151412362 bcsId: 4600} | ret=SUCCESS |  
2019-08-24 07:08:46,065 | INFO  | DNAudit | user=null | ip=null | op=WRITE_CHUNK {blockData=conID: 1 locID: 102670698151412362 bcsId: 4600} | ret=SUCCESS |  
2019-08-24 07:08:46,065 | INFO  | DNAudit | user=null | ip=null | op=WRITE_CHUNK {blockData=conID: 1 locID: 102670698151412362 bcsId: 4600} | ret=SUCCESS |  
2019-08-24 07:08:46,066 | INFO  | DNAudit | user=null | ip=null | op=WRITE_CHUNK {blockData=conID: 1 locID: 102670698151412362 bcsId: 4594} | ret=SUCCESS |  
2019-08-24 07:08:46,066 | INFO  | DNAudit | user=null | ip=null | op=WRITE_CHUNK {blockData=conID: 1 locID: 102670698151412362 bcsId: 4594} | ret=SUCCESS |  
2019-08-24 07:08:46,066 | INFO  | DNAudit | user=null | ip=null | op=PUT_BLOCK {blockData=[blockId=conID: 1 locID: 102670698151412362 bcsId: 0,size=3145728]} | ret=SUCCESS |  
2019-08-24 07:08:46,066 | INFO  | DNAudit | user=null | ip=null | op=PUT_BLOCK {blockData=[blockId=conID: 1 locID: 102670698151412362 bcsId: 0,size=3145728]} | ret=SUCCESS |  
2019-08-24 07:08:46,067 | INFO  | DNAudit | user=null | ip=null | op=WRITE_CHUNK {blockData=conID: 1 locID: 102670698151412362 bcsId: 4600} | ret=SUCCESS |  
2019-08-24 07:08:46,068 | INFO  | DNAudit | user=null | ip=null | op=PUT_BLOCK {blockData=[blockId=conID: 1 locID: 102670698151412362 bcsId: 0,size=4194304]} | ret=SUCCESS |  
2019-08-24 07:08:46,068 [grpc-default-executor-1] INFO  client.GrpcClientProtocolClient (GrpcClientProtocolClient.java:onNext(255)) - client-6EDD19400D46->06a4573b-67a1-41e3-a350-f896363bc636: receive RaftClientReply:client-6EDD19400D46->06a4573b-67a1-41e3-a350-f896363bc636@group-757E3781CD2A, cid=3077, SUCCESS, logIndex=4603, commits[06a4573b-67a1-41e3-a350-f896363bc636:c4603, 0b725bbf-683b-4664-9a2e-3c9dd6e38bc1:c4600, 9193e3b7-ae04-484d-a740-c65c11559486:c4600]
2019-08-24 07:08:46,069 [grpc-default-executor-1] INFO  client.GrpcClientProtocolClient (GrpcClientProtocolClient.java:onNext(255)) - client-6EDD19400D46->06a4573b-67a1-41e3-a350-f896363bc636: receive RaftClientReply:client-6EDD19400D46->06a4573b-67a1-41e3-a350-f896363bc636@group-757E3781CD2A, cid=3078, SUCCESS, logIndex=4604, commits[06a4573b-67a1-41e3-a350-f896363bc636:c4604, 0b725bbf-683b-4664-9a2e-3c9dd6e38bc1:c4600, 9193e3b7-ae04-484d-a740-c65c11559486:c4600]
2019-08-24 07:08:46,069 | INFO  | DNAudit | user=null | ip=null | op=WRITE_CHUNK {blockData=conID: 1 locID: 102670698151412362 bcsId: 4600} | ret=SUCCESS |  
2019-08-24 07:08:46,070 | INFO  | DNAudit | user=null | ip=null | op=PUT_BLOCK {blockData=[blockId=conID: 1 locID: 102670698151412362 bcsId: 0,size=4194304]} | ret=SUCCESS |  
2019-08-24 07:08:46,070 | INFO  | DNAudit | user=null | ip=null | op=WRITE_CHUNK {blockData=conID: 1 locID: 102670698151412362 bcsId: 4600} | ret=SUCCESS |  
2019-08-24 07:08:46,070 | INFO  | DNAudit | user=null | ip=null | op=PUT_BLOCK {blockData=[blockId=conID: 1 locID: 102670698151412362 bcsId: 0,size=4194304]} | ret=SUCCESS |  
2019-08-24 07:08:46,070 [grpc-default-executor-0] INFO  client.GrpcClientProtocolClient (GrpcClientProtocolClient.java:onNext(255)) - client-6EDD19400D46->06a4573b-67a1-41e3-a350-f896363bc636: receive RaftClientReply:client-6EDD19400D46->06a4573b-67a1-41e3-a350-f896363bc636@group-757E3781CD2A, cid=3079, SUCCESS, logIndex=0, commits[06a4573b-67a1-41e3-a350-f896363bc636:c4605, 0b725bbf-683b-4664-9a2e-3c9dd6e38bc1:c4604, 9193e3b7-ae04-484d-a740-c65c11559486:c4604]
2019-08-24 07:08:46,238 | INFO  | SCMAudit | user=jenkins1000 | ip=192.168.69.125 | op=ALLOCATE_BLOCK {owner=61bacca8-15b6-4a50-8962-5e9786b18b0d, size=4194304, type=RATIS, factor=THREE} | ret=SUCCESS |  
2019-08-24 07:08:46,244 | INFO  | OMAudit | user=jenkins1000 | ip=127.0.0.1 | op=ALLOCATE_BLOCK {volume=vol-0-26988, bucket=bucket-0-20739, key=key-0-27353, dataSize=0, replicationType=null, replicationFactor=null, keyLocationInfo=null, clientID=102670695851229586} | ret=SUCCESS |  
2019-08-24 07:08:46,252 | INFO  | DNAudit | user=null | ip=null | op=WRITE_CHUNK {blockData=conID: 2 locID: 102670698167534219 bcsId: 0} | ret=SUCCESS |  
2019-08-24 07:08:46,256 | INFO  | DNAudit | user=null | ip=null | op=WRITE_CHUNK {blockData=conID: 2 locID: 102670698167534219 bcsId: 0} | ret=SUCCESS |  
2019-08-24 07:08:46,256 | INFO  | DNAudit | user=null | ip=null | op=WRITE_CHUNK {blockData=conID: 2 locID: 102670698167534219 bcsId: 0} | ret=SUCCESS |  
2019-08-24 07:08:46,257 | INFO  | DNAudit | user=null | ip=null | op=WRITE_CHUNK {blockData=conID: 2 locID: 102670698167534219 bcsId: 0} | ret=SUCCESS |  
2019-08-24 07:08:46,261 | INFO  | DNAudit | user=null | ip=null | op=WRITE_CHUNK {blockData=conID: 2 locID: 102670698167534219 bcsId: 0} | ret=SUCCESS |  
2019-08-24 07:08:46,261 | INFO  | DNAudit | user=null | ip=null | op=WRITE_CHUNK {blockData=conID: 2 locID: 102670698167534219 bcsId: 0} | ret=SUCCESS |  
2019-08-24 07:08:46,265 | INFO  | DNAudit | user=null | ip=null | op=WRITE_CHUNK {blockData=conID: 2 locID: 102670698167534219 bcsId: 0} | ret=SUCCESS |  
2019-08-24 07:08:46,266 | INFO  | DNAudit | user=null | ip=null | op=PUT_BLOCK {blockData=[blockId=conID: 2 locID: 102670698167534219 bcsId: 0,size=1048576]} | ret=SUCCESS |  
2019-08-24 07:08:46,266 [grpc-default-executor-1] INFO  client.GrpcClientProtocolClient (GrpcClientProtocolClient.java:onNext(255)) - client-6EDD19400D46->06a4573b-67a1-41e3-a350-f896363bc636: receive RaftClientReply:client-6EDD19400D46->06a4573b-67a1-41e3-a350-f896363bc636@group-757E3781CD2A, cid=3080, SUCCESS, logIndex=4607, commits[06a4573b-67a1-41e3-a350-f896363bc636:c4608, 0b725bbf-683b-4664-9a2e-3c9dd6e38bc1:c4606, 9193e3b7-ae04-484d-a740-c65c11559486:c4606]
2019-08-24 07:08:46,267 [grpc-default-executor-1] INFO  client.GrpcClientProtocolClient (GrpcClientProtocolClient.java:onNext(255)) - client-6EDD19400D46->06a4573b-67a1-41e3-a350-f896363bc636: receive RaftClientReply:client-6EDD19400D46->06a4573b-67a1-41e3-a350-f896363bc636@group-757E3781CD2A, cid=3081, SUCCESS, logIndex=4608, commits[06a4573b-67a1-41e3-a350-f896363bc636:c4608, 0b725bbf-683b-4664-9a2e-3c9dd6e38bc1:c4606, 9193e3b7-ae04-484d-a740-c65c11559486:c4606]
2019-08-24 07:08:46,268 | INFO  | DNAudit | user=null | ip=null | op=WRITE_CHUNK {blockData=conID: 2 locID: 102670698167534219 bcsId: 0} | ret=SUCCESS |  
2019-08-24 07:08:46,269 | INFO  | DNAudit | user=null | ip=null | op=PUT_BLOCK {blockData=[blockId=conID: 2 locID: 102670698167534219 bcsId: 0,size=2097152]} | ret=SUCCESS |  
2019-08-24 07:08:46,269 [grpc-default-executor-1] INFO  client.GrpcClientProtocolClient (GrpcClientProtocolClient.java:onNext(255)) - client-6EDD19400D46->06a4573b-67a1-41e3-a350-f896363bc636: receive RaftClientReply:client-6EDD19400D46->06a4573b-67a1-41e3-a350-f896363bc636@group-757E3781CD2A, cid=3082, SUCCESS, logIndex=4609, commits[06a4573b-67a1-41e3-a350-f896363bc636:c4610, 0b725bbf-683b-4664-9a2e-3c9dd6e38bc1:c4606, 9193e3b7-ae04-484d-a740-c65c11559486:c4606]
2019-08-24 07:08:46,269 [grpc-default-executor-1] INFO  client.GrpcClientProtocolClient (GrpcClientProtocolClient.java:onNext(255)) - client-6EDD19400D46->06a4573b-67a1-41e3-a350-f896363bc636: receive RaftClientReply:client-6EDD19400D46->06a4573b-67a1-41e3-a350-f896363bc636@group-757E3781CD2A, cid=3083, SUCCESS, logIndex=4610, commits[06a4573b-67a1-41e3-a350-f896363bc636:c4610, 0b725bbf-683b-4664-9a2e-3c9dd6e38bc1:c4606, 9193e3b7-ae04-484d-a740-c65c11559486:c4606]
2019-08-24 07:08:46,280 | INFO  | DNAudit | user=null | ip=null | op=WRITE_CHUNK {blockData=conID: 2 locID: 102670698167534219 bcsId: 0} | ret=SUCCESS |  
2019-08-24 07:08:46,280 | INFO  | DNAudit | user=null | ip=null | op=PUT_BLOCK {blockData=[blockId=conID: 2 locID: 102670698167534219 bcsId: 0,size=1048576]} | ret=SUCCESS |  
2019-08-24 07:08:46,280 | INFO  | DNAudit | user=null | ip=null | op=WRITE_CHUNK {blockData=conID: 2 locID: 102670698167534219 bcsId: 0} | ret=SUCCESS |  
2019-08-24 07:08:46,281 | INFO  | DNAudit | user=null | ip=null | op=PUT_BLOCK {blockData=[blockId=conID: 2 locID: 102670698167534219 bcsId: 0,size=1048576]} | ret=SUCCESS |  
2019-08-24 07:08:46,281 [grpc-default-executor-1] INFO  client.GrpcClientProtocolClient (GrpcClientProtocolClient.java:onNext(255)) - client-6EDD19400D46->06a4573b-67a1-41e3-a350-f896363bc636: receive RaftClientReply:client-6EDD19400D46->06a4573b-67a1-41e3-a350-f896363bc636@group-757E3781CD2A, cid=3084, SUCCESS, logIndex=0, commits[06a4573b-67a1-41e3-a350-f896363bc636:c4612, 0b725bbf-683b-4664-9a2e-3c9dd6e38bc1:c4608, 9193e3b7-ae04-484d-a740-c65c11559486:c4608]
2019-08-24 07:08:46,281 | INFO  | DNAudit | user=null | ip=null | op=WRITE_CHUNK {blockData=conID: 2 locID: 102670698167534219 bcsId: 0} | ret=SUCCESS |  
2019-08-24 07:08:46,282 | INFO  | DNAudit | user=null | ip=null | op=PUT_BLOCK {blockData=[blockId=conID: 2 locID: 102670698167534219 bcsId: 0,size=2097152]} | ret=SUCCESS |  
2019-08-24 07:08:46,282 | INFO  | DNAudit | user=null | ip=null | op=WRITE_CHUNK {blockData=conID: 2 locID: 102670698167534219 bcsId: 0} | ret=SUCCESS |  
2019-08-24 07:08:46,282 | INFO  | DNAudit | user=null | ip=null | op=PUT_BLOCK {blockData=[blockId=conID: 2 locID: 102670698167534219 bcsId: 0,size=2097152]} | ret=SUCCESS |  
2019-08-24 07:08:46,289 | INFO  | DNAudit | user=null | ip=null | op=WRITE_CHUNK {blockData=conID: 2 locID: 102670698167534219 bcsId: 4610} | ret=SUCCESS |  
2019-08-24 07:08:46,292 | INFO  | DNAudit | user=null | ip=null | op=WRITE_CHUNK {blockData=conID: 2 locID: 102670698167534219 bcsId: 4610} | ret=SUCCESS |  
2019-08-24 07:08:46,293 | INFO  | DNAudit | user=null | ip=null | op=WRITE_CHUNK {blockData=conID: 2 locID: 102670698167534219 bcsId: 4610} | ret=SUCCESS |  
2019-08-24 07:08:46,302 | INFO  | DNAudit | user=null | ip=null | op=WRITE_CHUNK {blockData=conID: 2 locID: 102670698167534219 bcsId: 4610} | ret=SUCCESS |  
2019-08-24 07:08:46,302 | INFO  | DNAudit | user=null | ip=null | op=PUT_BLOCK {blockData=[blockId=conID: 2 locID: 102670698167534219 bcsId: 0,size=3145728]} | ret=SUCCESS |  
2019-08-24 07:08:46,302 [grpc-default-executor-5] INFO  client.GrpcClientProtocolClient (GrpcClientProtocolClient.java:onNext(255)) - client-6EDD19400D46->06a4573b-67a1-41e3-a350-f896363bc636: receive RaftClientReply:client-6EDD19400D46->06a4573b-67a1-41e3-a350-f896363bc636@group-757E3781CD2A, cid=3085, SUCCESS, logIndex=4615, commits[06a4573b-67a1-41e3-a350-f896363bc636:c4616, 0b725bbf-683b-4664-9a2e-3c9dd6e38bc1:c4614, 9193e3b7-ae04-484d-a740-c65c11559486:c4614]
2019-08-24 07:08:46,303 [grpc-default-executor-5] INFO  client.GrpcClientProtocolClient (GrpcClientProtocolClient.java:onNext(255)) - client-6EDD19400D46->06a4573b-67a1-41e3-a350-f896363bc636: receive RaftClientReply:client-6EDD19400D46->06a4573b-67a1-41e3-a350-f896363bc636@group-757E3781CD2A, cid=3086, SUCCESS, logIndex=4616, commits[06a4573b-67a1-41e3-a350-f896363bc636:c4616, 0b725bbf-683b-4664-9a2e-3c9dd6e38bc1:c4614, 9193e3b7-ae04-484d-a740-c65c11559486:c4614]
2019-08-24 07:08:46,311 | INFO  | DNAudit | user=null | ip=null | op=WRITE_CHUNK {blockData=conID: 2 locID: 102670698167534219 bcsId: 4616} | ret=SUCCESS |  
2019-08-24 07:08:46,314 | INFO  | DNAudit | user=null | ip=null | op=WRITE_CHUNK {blockData=conID: 2 locID: 102670698167534219 bcsId: 4616} | ret=SUCCESS |  
2019-08-24 07:08:46,314 | INFO  | DNAudit | user=null | ip=null | op=WRITE_CHUNK {blockData=conID: 2 locID: 102670698167534219 bcsId: 4616} | ret=SUCCESS |  
2019-08-24 07:08:46,314 | INFO  | DNAudit | user=null | ip=null | op=WRITE_CHUNK {blockData=conID: 2 locID: 102670698167534219 bcsId: 4610} | ret=SUCCESS |  
2019-08-24 07:08:46,314 | INFO  | DNAudit | user=null | ip=null | op=WRITE_CHUNK {blockData=conID: 2 locID: 102670698167534219 bcsId: 4610} | ret=SUCCESS |  
2019-08-24 07:08:46,315 | INFO  | DNAudit | user=null | ip=null | op=PUT_BLOCK {blockData=[blockId=conID: 2 locID: 102670698167534219 bcsId: 0,size=3145728]} | ret=SUCCESS |  
2019-08-24 07:08:46,316 | INFO  | DNAudit | user=null | ip=null | op=WRITE_CHUNK {blockData=conID: 2 locID: 102670698167534219 bcsId: 4616} | ret=SUCCESS |  
2019-08-24 07:08:46,316 | INFO  | DNAudit | user=null | ip=null | op=PUT_BLOCK {blockData=[blockId=conID: 2 locID: 102670698167534219 bcsId: 0,size=3145728]} | ret=SUCCESS |  
2019-08-24 07:08:46,316 | INFO  | DNAudit | user=null | ip=null | op=PUT_BLOCK {blockData=[blockId=conID: 2 locID: 102670698167534219 bcsId: 0,size=4194304]} | ret=SUCCESS |  
2019-08-24 07:08:46,317 [grpc-default-executor-5] INFO  client.GrpcClientProtocolClient (GrpcClientProtocolClient.java:onNext(255)) - client-6EDD19400D46->06a4573b-67a1-41e3-a350-f896363bc636: receive RaftClientReply:client-6EDD19400D46->06a4573b-67a1-41e3-a350-f896363bc636@group-757E3781CD2A, cid=3087, SUCCESS, logIndex=4619, commits[06a4573b-67a1-41e3-a350-f896363bc636:c4620, 0b725bbf-683b-4664-9a2e-3c9dd6e38bc1:c4616, 9193e3b7-ae04-484d-a740-c65c11559486:c4616]
2019-08-24 07:08:46,317 [grpc-default-executor-5] INFO  client.GrpcClientProtocolClient (GrpcClientProtocolClient.java:onNext(255)) - client-6EDD19400D46->06a4573b-67a1-41e3-a350-f896363bc636: receive RaftClientReply:client-6EDD19400D46->06a4573b-67a1-41e3-a350-f896363bc636@group-757E3781CD2A, cid=3088, SUCCESS, logIndex=4620, commits[06a4573b-67a1-41e3-a350-f896363bc636:c4620, 0b725bbf-683b-4664-9a2e-3c9dd6e38bc1:c4616, 9193e3b7-ae04-484d-a740-c65c11559486:c4616]
2019-08-24 07:08:46,317 | INFO  | DNAudit | user=null | ip=null | op=WRITE_CHUNK {blockData=conID: 2 locID: 102670698167534219 bcsId: 4616} | ret=SUCCESS |  
2019-08-24 07:08:46,317 | INFO  | DNAudit | user=null | ip=null | op=WRITE_CHUNK {blockData=conID: 2 locID: 102670698167534219 bcsId: 4616} | ret=SUCCESS |  
2019-08-24 07:08:46,317 | INFO  | DNAudit | user=null | ip=null | op=PUT_BLOCK {blockData=[blockId=conID: 2 locID: 102670698167534219 bcsId: 0,size=4194304]} | ret=SUCCESS |  
2019-08-24 07:08:46,318 | INFO  | DNAudit | user=null | ip=null | op=PUT_BLOCK {blockData=[blockId=conID: 2 locID: 102670698167534219 bcsId: 0,size=4194304]} | ret=SUCCESS |  
2019-08-24 07:08:46,318 [grpc-default-executor-5] INFO  client.GrpcClientProtocolClient (GrpcClientProtocolClient.java:onNext(255)) - client-6EDD19400D46->06a4573b-67a1-41e3-a350-f896363bc636: receive RaftClientReply:client-6EDD19400D46->06a4573b-67a1-41e3-a350-f896363bc636@group-757E3781CD2A, cid=3089, SUCCESS, logIndex=0, commits[06a4573b-67a1-41e3-a350-f896363bc636:c4621, 0b725bbf-683b-4664-9a2e-3c9dd6e38bc1:c4620, 9193e3b7-ae04-484d-a740-c65c11559486:c4620]
2019-08-24 07:08:46,325 | INFO  | SCMAudit | user=jenkins1000 | ip=192.168.69.125 | op=ALLOCATE_BLOCK {owner=61bacca8-15b6-4a50-8962-5e9786b18b0d, size=4194304, type=RATIS, factor=THREE} | ret=SUCCESS |  
2019-08-24 07:08:46,330 | INFO  | OMAudit | user=jenkins1000 | ip=127.0.0.1 | op=ALLOCATE_BLOCK {volume=vol-0-26988, bucket=bucket-0-20739, key=key-0-27353, dataSize=0, replicationType=null, replicationFactor=null, keyLocationInfo=null, clientID=102670695851229586} | ret=SUCCESS |  
2019-08-24 07:08:46,338 | INFO  | DNAudit | user=null | ip=null | op=WRITE_CHUNK {blockData=conID: 3 locID: 102670698173235852 bcsId: 0} | ret=SUCCESS |  
2019-08-24 07:08:46,341 | INFO  | DNAudit | user=null | ip=null | op=WRITE_CHUNK {blockData=conID: 3 locID: 102670698173235852 bcsId: 0} | ret=SUCCESS |  
2019-08-24 07:08:46,341 | INFO  | DNAudit | user=null | ip=null | op=WRITE_CHUNK {blockData=conID: 3 locID: 102670698173235852 bcsId: 0} | ret=SUCCESS |  
2019-08-24 07:08:46,342 | INFO  | DNAudit | user=null | ip=null | op=WRITE_CHUNK {blockData=conID: 3 locID: 102670698173235852 bcsId: 0} | ret=SUCCESS |  
2019-08-24 07:08:46,345 | INFO  | DNAudit | user=null | ip=null | op=WRITE_CHUNK {blockData=conID: 3 locID: 102670698173235852 bcsId: 0} | ret=SUCCESS |  
2019-08-24 07:08:46,345 | INFO  | DNAudit | user=null | ip=null | op=WRITE_CHUNK {blockData=conID: 3 locID: 102670698173235852 bcsId: 0} | ret=SUCCESS |  
2019-08-24 07:08:46,351 | INFO  | DNAudit | user=null | ip=null | op=WRITE_CHUNK {blockData=conID: 3 locID: 102670698173235852 bcsId: 0} | ret=SUCCESS |  
2019-08-24 07:08:46,351 | INFO  | DNAudit | user=null | ip=null | op=PUT_BLOCK {blockData=[blockId=conID: 3 locID: 102670698173235852 bcsId: 0,size=1048576]} | ret=SUCCESS |  
2019-08-24 07:08:46,351 [grpc-default-executor-1] INFO  client.GrpcClientProtocolClient (GrpcClientProtocolClient.java:onNext(255)) - client-6EDD19400D46->06a4573b-67a1-41e3-a350-f896363bc636: receive RaftClientReply:client-6EDD19400D46->06a4573b-67a1-41e3-a350-f896363bc636@group-757E3781CD2A, cid=3090, SUCCESS, logIndex=4623, commits[06a4573b-67a1-41e3-a350-f896363bc636:c4624, 0b725bbf-683b-4664-9a2e-3c9dd6e38bc1:c4622, 9193e3b7-ae04-484d-a740-c65c11559486:c4622]
2019-08-24 07:08:46,352 [grpc-default-executor-1] INFO  client.GrpcClientProtocolClient (GrpcClientProtocolClient.java:onNext(255)) - client-6EDD19400D46->06a4573b-67a1-41e3-a350-f896363bc636: receive RaftClientReply:client-6EDD19400D46->06a4573b-67a1-41e3-a350-f896363bc636@group-757E3781CD2A, cid=3091, SUCCESS, logIndex=4624, commits[06a4573b-67a1-41e3-a350-f896363bc636:c4624, 0b725bbf-683b-4664-9a2e-3c9dd6e38bc1:c4622, 9193e3b7-ae04-484d-a740-c65c11559486:c4622]
2019-08-24 07:08:46,362 | INFO  | DNAudit | user=null | ip=null | op=WRITE_CHUNK {blockData=conID: 3 locID: 102670698173235852 bcsId: 0} | ret=SUCCESS |  
2019-08-24 07:08:46,362 | INFO  | DNAudit | user=null | ip=null | op=PUT_BLOCK {blockData=[blockId=conID: 3 locID: 102670698173235852 bcsId: 0,size=2097152]} | ret=SUCCESS |  
2019-08-24 07:08:46,362 [grpc-default-executor-1] INFO  client.GrpcClientProtocolClient (GrpcClientProtocolClient.java:onNext(255)) - client-6EDD19400D46->06a4573b-67a1-41e3-a350-f896363bc636: receive RaftClientReply:client-6EDD19400D46->06a4573b-67a1-41e3-a350-f896363bc636@group-757E3781CD2A, cid=3092, SUCCESS, logIndex=4625, commits[06a4573b-67a1-41e3-a350-f896363bc636:c4626, 0b725bbf-683b-4664-9a2e-3c9dd6e38bc1:c4622, 9193e3b7-ae04-484d-a740-c65c11559486:c4622]
2019-08-24 07:08:46,362 [grpc-default-executor-1] INFO  client.GrpcClientProtocolClient (GrpcClientProtocolClient.java:onNext(255)) - client-6EDD19400D46->06a4573b-67a1-41e3-a350-f896363bc636: receive RaftClientReply:client-6EDD19400D46->06a4573b-67a1-41e3-a350-f896363bc636@group-757E3781CD2A, cid=3093, SUCCESS, logIndex=4626, commits[06a4573b-67a1-41e3-a350-f896363bc636:c4626, 0b725bbf-683b-4664-9a2e-3c9dd6e38bc1:c4622, 9193e3b7-ae04-484d-a740-c65c11559486:c4622]
2019-08-24 07:08:46,363 | INFO  | DNAudit | user=null | ip=null | op=WRITE_CHUNK {blockData=conID: 3 locID: 102670698173235852 bcsId: 0} | ret=SUCCESS |  
2019-08-24 07:08:46,363 | INFO  | DNAudit | user=null | ip=null | op=PUT_BLOCK {blockData=[blockId=conID: 3 locID: 102670698173235852 bcsId: 0,size=1048576]} | ret=SUCCESS |  
2019-08-24 07:08:46,363 | INFO  | DNAudit | user=null | ip=null | op=WRITE_CHUNK {blockData=conID: 3 locID: 102670698173235852 bcsId: 0} | ret=SUCCESS |  
2019-08-24 07:08:46,364 | INFO  | DNAudit | user=null | ip=null | op=PUT_BLOCK {blockData=[blockId=conID: 3 locID: 102670698173235852 bcsId: 0,size=1048576]} | ret=SUCCESS |  
2019-08-24 07:08:46,364 | INFO  | DNAudit | user=null | ip=null | op=WRITE_CHUNK {blockData=conID: 3 locID: 102670698173235852 bcsId: 0} | ret=SUCCESS |  
2019-08-24 07:08:46,364 | INFO  | DNAudit | user=null | ip=null | op=PUT_BLOCK {blockData=[blockId=conID: 3 locID: 102670698173235852 bcsId: 0,size=2097152]} | ret=SUCCESS |  
2019-08-24 07:08:46,364 [grpc-default-executor-0] INFO  client.GrpcClientProtocolClient (GrpcClientProtocolClient.java:onNext(255)) - client-6EDD19400D46->06a4573b-67a1-41e3-a350-f896363bc636: receive RaftClientReply:client-6EDD19400D46->06a4573b-67a1-41e3-a350-f896363bc636@group-757E3781CD2A, cid=3094, SUCCESS, logIndex=0, commits[06a4573b-67a1-41e3-a350-f896363bc636:c4628, 0b725bbf-683b-4664-9a2e-3c9dd6e38bc1:c4624, 9193e3b7-ae04-484d-a740-c65c11559486:c4624]
2019-08-24 07:08:46,372 | INFO  | DNAudit | user=null | ip=null | op=WRITE_CHUNK {blockData=conID: 3 locID: 102670698173235852 bcsId: 4626} | ret=SUCCESS |  
2019-08-24 07:08:46,373 | INFO  | DNAudit | user=null | ip=null | op=WRITE_CHUNK {blockData=conID: 3 locID: 102670698173235852 bcsId: 0} | ret=SUCCESS |  
2019-08-24 07:08:46,374 | INFO  | DNAudit | user=null | ip=null | op=PUT_BLOCK {blockData=[blockId=conID: 3 locID: 102670698173235852 bcsId: 0,size=2097152]} | ret=SUCCESS |  
2019-08-24 07:08:46,375 | INFO  | DNAudit | user=null | ip=null | op=WRITE_CHUNK {blockData=conID: 3 locID: 102670698173235852 bcsId: 4626} | ret=SUCCESS |  
2019-08-24 07:08:46,375 | INFO  | DNAudit | user=null | ip=null | op=WRITE_CHUNK {blockData=conID: 3 locID: 102670698173235852 bcsId: 4626} | ret=SUCCESS |  
2019-08-24 07:08:46,385 | INFO  | DNAudit | user=null | ip=null | op=WRITE_CHUNK {blockData=conID: 3 locID: 102670698173235852 bcsId: 4626} | ret=SUCCESS |  
2019-08-24 07:08:46,385 | INFO  | DNAudit | user=null | ip=null | op=PUT_BLOCK {blockData=[blockId=conID: 3 locID: 102670698173235852 bcsId: 0,size=3145728]} | ret=SUCCESS |  
2019-08-24 07:08:46,386 [grpc-default-executor-5] INFO  client.GrpcClientProtocolClient (GrpcClientProtocolClient.java:onNext(255)) - client-6EDD19400D46->06a4573b-67a1-41e3-a350-f896363bc636: receive RaftClientReply:client-6EDD19400D46->06a4573b-67a1-41e3-a350-f896363bc636@group-757E3781CD2A, cid=3095, SUCCESS, logIndex=4631, commits[06a4573b-67a1-41e3-a350-f896363bc636:c4632, 0b725bbf-683b-4664-9a2e-3c9dd6e38bc1:c4628, 9193e3b7-ae04-484d-a740-c65c11559486:c4628]
2019-08-24 07:08:46,386 [grpc-default-executor-5] INFO  client.GrpcClientProtocolClient (GrpcClientProtocolClient.java:onNext(255)) - client-6EDD19400D46->06a4573b-67a1-41e3-a350-f896363bc636: receive RaftClientReply:client-6EDD19400D46->06a4573b-67a1-41e3-a350-f896363bc636@group-757E3781CD2A, cid=3096, SUCCESS, logIndex=4632, commits[06a4573b-67a1-41e3-a350-f896363bc636:c4632, 0b725bbf-683b-4664-9a2e-3c9dd6e38bc1:c4628, 9193e3b7-ae04-484d-a740-c65c11559486:c4628]
2019-08-24 07:08:46,393 | INFO  | DNAudit | user=null | ip=null | op=WRITE_CHUNK {blockData=conID: 3 locID: 102670698173235852 bcsId: 4632} | ret=SUCCESS |  
2019-08-24 07:08:46,396 | INFO  | DNAudit | user=null | ip=null | op=WRITE_CHUNK {blockData=conID: 3 locID: 102670698173235852 bcsId: 4632} | ret=SUCCESS |  
2019-08-24 07:08:46,397 | INFO  | DNAudit | user=null | ip=null | op=WRITE_CHUNK {blockData=conID: 3 locID: 102670698173235852 bcsId: 4632} | ret=SUCCESS |  
2019-08-24 07:08:46,397 | INFO  | DNAudit | user=null | ip=null | op=WRITE_CHUNK {blockData=conID: 3 locID: 102670698173235852 bcsId: 4626} | ret=SUCCESS |  
2019-08-24 07:08:46,397 | INFO  | DNAudit | user=null | ip=null | op=WRITE_CHUNK {blockData=conID: 3 locID: 102670698173235852 bcsId: 4626} | ret=SUCCESS |  
2019-08-24 07:08:46,398 | INFO  | DNAudit | user=null | ip=null | op=PUT_BLOCK {blockData=[blockId=conID: 3 locID: 102670698173235852 bcsId: 0,size=3145728]} | ret=SUCCESS |  
2019-08-24 07:08:46,399 | INFO  | DNAudit | user=null | ip=null | op=PUT_BLOCK {blockData=[blockId=conID: 3 locID: 102670698173235852 bcsId: 0,size=3145728]} | ret=SUCCESS |  
2019-08-24 07:08:46,399 | INFO  | DNAudit | user=null | ip=null | op=WRITE_CHUNK {blockData=conID: 3 locID: 102670698173235852 bcsId: 4632} | ret=SUCCESS |  
2019-08-24 07:08:46,399 | INFO  | DNAudit | user=null | ip=null | op=PUT_BLOCK {blockData=[blockId=conID: 3 locID: 102670698173235852 bcsId: 0,size=4194304]} | ret=SUCCESS |  
2019-08-24 07:08:46,399 [grpc-default-executor-1] INFO  client.GrpcClientProtocolClient (GrpcClientProtocolClient.java:onNext(255)) - client-6EDD19400D46->06a4573b-67a1-41e3-a350-f896363bc636: receive RaftClientReply:client-6EDD19400D46->06a4573b-67a1-41e3-a350-f896363bc636@group-757E3781CD2A, cid=3097, SUCCESS, logIndex=4635, commits[06a4573b-67a1-41e3-a350-f896363bc636:c4636, 0b725bbf-683b-4664-9a2e-3c9dd6e38bc1:c4632, 9193e3b7-ae04-484d-a740-c65c11559486:c4632]
2019-08-24 07:08:46,400 [grpc-default-executor-1] INFO  client.GrpcClientProtocolClient (GrpcClientProtocolClient.java:onNext(255)) - client-6EDD19400D46->06a4573b-67a1-41e3-a350-f896363bc636: receive RaftClientReply:client-6EDD19400D46->06a4573b-67a1-41e3-a350-f896363bc636@group-757E3781CD2A, cid=3098, SUCCESS, logIndex=4636, commits[06a4573b-67a1-41e3-a350-f896363bc636:c4636, 0b725bbf-683b-4664-9a2e-3c9dd6e38bc1:c4632, 9193e3b7-ae04-484d-a740-c65c11559486:c4632]
2019-08-24 07:08:46,402 | INFO  | DNAudit | user=null | ip=null | op=WRITE_CHUNK {blockData=conID: 3 locID: 102670698173235852 bcsId: 4632} | ret=SUCCESS |  
2019-08-24 07:08:46,402 | INFO  | DNAudit | user=null | ip=null | op=WRITE_CHUNK {blockData=conID: 3 locID: 102670698173235852 bcsId: 4632} | ret=SUCCESS |  
2019-08-24 07:08:46,402 | INFO  | DNAudit | user=null | ip=null | op=PUT_BLOCK {blockData=[blockId=conID: 3 locID: 102670698173235852 bcsId: 0,size=4194304]} | ret=SUCCESS |  
2019-08-24 07:08:46,413 | INFO  | DNAudit | user=null | ip=null | op=PUT_BLOCK {blockData=[blockId=conID: 3 locID: 102670698173235852 bcsId: 0,size=4194304]} | ret=SUCCESS |  
2019-08-24 07:08:46,414 [grpc-default-executor-1] INFO  client.GrpcClientProtocolClient (GrpcClientProtocolClient.java:onNext(255)) - client-6EDD19400D46->06a4573b-67a1-41e3-a350-f896363bc636: receive RaftClientReply:client-6EDD19400D46->06a4573b-67a1-41e3-a350-f896363bc636@group-757E3781CD2A, cid=3099, SUCCESS, logIndex=0, commits[06a4573b-67a1-41e3-a350-f896363bc636:c4638, 0b725bbf-683b-4664-9a2e-3c9dd6e38bc1:c4636, 9193e3b7-ae04-484d-a740-c65c11559486:c4636]
2019-08-24 07:08:46,419 | INFO  | SCMAudit | user=jenkins1000 | ip=192.168.69.125 | op=ALLOCATE_BLOCK {owner=61bacca8-15b6-4a50-8962-5e9786b18b0d, size=4194304, type=RATIS, factor=THREE} | ret=SUCCESS |  
2019-08-24 07:08:46,422 | INFO  | OMAudit | user=jenkins1000 | ip=127.0.0.1 | op=ALLOCATE_BLOCK {volume=vol-0-26988, bucket=bucket-0-20739, key=key-0-27353, dataSize=0, replicationType=null, replicationFactor=null, keyLocationInfo=null, clientID=102670695851229586} | ret=SUCCESS |  
2019-08-24 07:08:46,430 | INFO  | DNAudit | user=null | ip=null | op=WRITE_CHUNK {blockData=conID: 1 locID: 102670698179396237 bcsId: 0} | ret=SUCCESS |  
2019-08-24 07:08:46,434 | INFO  | DNAudit | user=null | ip=null | op=WRITE_CHUNK {blockData=conID: 1 locID: 102670698179396237 bcsId: 0} | ret=SUCCESS |  
2019-08-24 07:08:46,434 | INFO  | DNAudit | user=null | ip=null | op=WRITE_CHUNK {blockData=conID: 1 locID: 102670698179396237 bcsId: 0} | ret=SUCCESS |  
2019-08-24 07:08:46,434 | INFO  | DNAudit | user=null | ip=null | op=WRITE_CHUNK {blockData=conID: 1 locID: 102670698179396237 bcsId: 0} | ret=SUCCESS |  
2019-08-24 07:08:46,437 | INFO  | DNAudit | user=null | ip=null | op=WRITE_CHUNK {blockData=conID: 1 locID: 102670698179396237 bcsId: 0} | ret=SUCCESS |  
2019-08-24 07:08:46,437 | INFO  | DNAudit | user=null | ip=null | op=WRITE_CHUNK {blockData=conID: 1 locID: 102670698179396237 bcsId: 0} | ret=SUCCESS |  
2019-08-24 07:08:46,443 | INFO  | DNAudit | user=null | ip=null | op=WRITE_CHUNK {blockData=conID: 1 locID: 102670698179396237 bcsId: 0} | ret=SUCCESS |  
2019-08-24 07:08:46,443 | INFO  | DNAudit | user=null | ip=null | op=PUT_BLOCK {blockData=[blockId=conID: 1 locID: 102670698179396237 bcsId: 0,size=1048576]} | ret=SUCCESS |  
2019-08-24 07:08:46,443 [grpc-default-executor-5] INFO  client.GrpcClientProtocolClient (GrpcClientProtocolClient.java:onNext(255)) - client-6EDD19400D46->06a4573b-67a1-41e3-a350-f896363bc636: receive RaftClientReply:client-6EDD19400D46->06a4573b-67a1-41e3-a350-f896363bc636@group-757E3781CD2A, cid=3100, SUCCESS, logIndex=4639, commits[06a4573b-67a1-41e3-a350-f896363bc636:c4640, 0b725bbf-683b-4664-9a2e-3c9dd6e38bc1:c4638, 9193e3b7-ae04-484d-a740-c65c11559486:c4638]
2019-08-24 07:08:46,444 | INFO  | DNAudit | user=null | ip=null | op=WRITE_CHUNK {blockData=conID: 1 locID: 102670698179396237 bcsId: 0} | ret=SUCCESS |  
2019-08-24 07:08:46,444 [grpc-default-executor-5] INFO  client.GrpcClientProtocolClient (GrpcClientProtocolClient.java:onNext(255)) - client-6EDD19400D46->06a4573b-67a1-41e3-a350-f896363bc636: receive RaftClientReply:client-6EDD19400D46->06a4573b-67a1-41e3-a350-f896363bc636@group-757E3781CD2A, cid=3101, SUCCESS, logIndex=4640, commits[06a4573b-67a1-41e3-a350-f896363bc636:c4640, 0b725bbf-683b-4664-9a2e-3c9dd6e38bc1:c4638, 9193e3b7-ae04-484d-a740-c65c11559486:c4638]
2019-08-24 07:08:46,444 | INFO  | DNAudit | user=null | ip=null | op=PUT_BLOCK {blockData=[blockId=conID: 1 locID: 102670698179396237 bcsId: 0,size=2097152]} | ret=SUCCESS |  
2019-08-24 07:08:46,444 [grpc-default-executor-5] INFO  client.GrpcClientProtocolClient (GrpcClientProtocolClient.java:onNext(255)) - client-6EDD19400D46->06a4573b-67a1-41e3-a350-f896363bc636: receive RaftClientReply:client-6EDD19400D46->06a4573b-67a1-41e3-a350-f896363bc636@group-757E3781CD2A, cid=3102, SUCCESS, logIndex=4641, commits[06a4573b-67a1-41e3-a350-f896363bc636:c4642, 0b725bbf-683b-4664-9a2e-3c9dd6e38bc1:c4638, 9193e3b7-ae04-484d-a740-c65c11559486:c4638]
2019-08-24 07:08:46,444 [grpc-default-executor-5] INFO  client.GrpcClientProtocolClient (GrpcClientProtocolClient.java:onNext(255)) - client-6EDD19400D46->06a4573b-67a1-41e3-a350-f896363bc636: receive RaftClientReply:client-6EDD19400D46->06a4573b-67a1-41e3-a350-f896363bc636@group-757E3781CD2A, cid=3103, SUCCESS, logIndex=4642, commits[06a4573b-67a1-41e3-a350-f896363bc636:c4642, 0b725bbf-683b-4664-9a2e-3c9dd6e38bc1:c4638, 9193e3b7-ae04-484d-a740-c65c11559486:c4638]
2019-08-24 07:08:46,456 | INFO  | DNAudit | user=null | ip=null | op=WRITE_CHUNK {blockData=conID: 1 locID: 102670698179396237 bcsId: 0} | ret=SUCCESS |  
2019-08-24 07:08:46,456 | INFO  | DNAudit | user=null | ip=null | op=PUT_BLOCK {blockData=[blockId=conID: 1 locID: 102670698179396237 bcsId: 0,size=1048576]} | ret=SUCCESS |  
2019-08-24 07:08:46,457 | INFO  | DNAudit | user=null | ip=null | op=WRITE_CHUNK {blockData=conID: 1 locID: 102670698179396237 bcsId: 0} | ret=SUCCESS |  
2019-08-24 07:08:46,457 | INFO  | DNAudit | user=null | ip=null | op=PUT_BLOCK {blockData=[blockId=conID: 1 locID: 102670698179396237 bcsId: 0,size=1048576]} | ret=SUCCESS |  
2019-08-24 07:08:46,457 | INFO  | DNAudit | user=null | ip=null | op=WRITE_CHUNK {blockData=conID: 1 locID: 102670698179396237 bcsId: 0} | ret=SUCCESS |  
2019-08-24 07:08:46,457 | INFO  | DNAudit | user=null | ip=null | op=WRITE_CHUNK {blockData=conID: 1 locID: 102670698179396237 bcsId: 0} | ret=SUCCESS |  
2019-08-24 07:08:46,457 | INFO  | DNAudit | user=null | ip=null | op=PUT_BLOCK {blockData=[blockId=conID: 1 locID: 102670698179396237 bcsId: 0,size=2097152]} | ret=SUCCESS |  
2019-08-24 07:08:46,457 | INFO  | DNAudit | user=null | ip=null | op=PUT_BLOCK {blockData=[blockId=conID: 1 locID: 102670698179396237 bcsId: 0,size=2097152]} | ret=SUCCESS |  
2019-08-24 07:08:46,458 [grpc-default-executor-5] INFO  client.GrpcClientProtocolClient (GrpcClientProtocolClient.java:onNext(255)) - client-6EDD19400D46->06a4573b-67a1-41e3-a350-f896363bc636: receive RaftClientReply:client-6EDD19400D46->06a4573b-67a1-41e3-a350-f896363bc636@group-757E3781CD2A, cid=3104, SUCCESS, logIndex=0, commits[06a4573b-67a1-41e3-a350-f896363bc636:c4644, 0b725bbf-683b-4664-9a2e-3c9dd6e38bc1:c4640, 9193e3b7-ae04-484d-a740-c65c11559486:c4640]
2019-08-24 07:08:46,465 | INFO  | DNAudit | user=null | ip=null | op=WRITE_CHUNK {blockData=conID: 1 locID: 102670698179396237 bcsId: 4642} | ret=SUCCESS |  
2019-08-24 07:08:46,468 | INFO  | DNAudit | user=null | ip=null | op=WRITE_CHUNK {blockData=conID: 1 locID: 102670698179396237 bcsId: 4642} | ret=SUCCESS |  
2019-08-24 07:08:46,468 | INFO  | DNAudit | user=null | ip=null | op=WRITE_CHUNK {blockData=conID: 1 locID: 102670698179396237 bcsId: 4642} | ret=SUCCESS |  
2019-08-24 07:08:46,486 | INFO  | DNAudit | user=null | ip=null | op=WRITE_CHUNK {blockData=conID: 1 locID: 102670698179396237 bcsId: 4642} | ret=SUCCESS |  
2019-08-24 07:08:46,487 | INFO  | DNAudit | user=null | ip=null | op=PUT_BLOCK {blockData=[blockId=conID: 1 locID: 102670698179396237 bcsId: 0,size=3145728]} | ret=SUCCESS |  
2019-08-24 07:08:46,487 [grpc-default-executor-0] INFO  client.GrpcClientProtocolClient (GrpcClientProtocolClient.java:onNext(255)) - client-6EDD19400D46->06a4573b-67a1-41e3-a350-f896363bc636: receive RaftClientReply:client-6EDD19400D46->06a4573b-67a1-41e3-a350-f896363bc636@group-757E3781CD2A, cid=3105, SUCCESS, logIndex=4647, commits[06a4573b-67a1-41e3-a350-f896363bc636:c4648, 0b725bbf-683b-4664-9a2e-3c9dd6e38bc1:c4646, 9193e3b7-ae04-484d-a740-c65c11559486:c4646]
2019-08-24 07:08:46,487 [grpc-default-executor-0] INFO  client.GrpcClientProtocolClient (GrpcClientProtocolClient.java:onNext(255)) - client-6EDD19400D46->06a4573b-67a1-41e3-a350-f896363bc636: receive RaftClientReply:client-6EDD19400D46->06a4573b-67a1-41e3-a350-f896363bc636@group-757E3781CD2A, cid=3106, SUCCESS, logIndex=4648, commits[06a4573b-67a1-41e3-a350-f896363bc636:c4648, 0b725bbf-683b-4664-9a2e-3c9dd6e38bc1:c4646, 9193e3b7-ae04-484d-a740-c65c11559486:c4646]
2019-08-24 07:08:46,489 | INFO  | DNAudit | user=null | ip=null | op=WRITE_CHUNK {blockData=conID: 1 locID: 102670698179396237 bcsId: 4642} | ret=SUCCESS |  
2019-08-24 07:08:46,489 | INFO  | DNAudit | user=null | ip=null | op=WRITE_CHUNK {blockData=conID: 1 locID: 102670698179396237 bcsId: 4642} | ret=SUCCESS |  
2019-08-24 07:08:46,490 | INFO  | DNAudit | user=null | ip=null | op=PUT_BLOCK {blockData=[blockId=conID: 1 locID: 102670698179396237 bcsId: 0,size=3145728]} | ret=SUCCESS |  
2019-08-24 07:08:46,490 | INFO  | DNAudit | user=null | ip=null | op=PUT_BLOCK {blockData=[blockId=conID: 1 locID: 102670698179396237 bcsId: 0,size=3145728]} | ret=SUCCESS |  
2019-08-24 07:08:46,495 | INFO  | DNAudit | user=null | ip=null | op=WRITE_CHUNK {blockData=conID: 1 locID: 102670698179396237 bcsId: 4648} | ret=SUCCESS |  
2019-08-24 07:08:46,497 | INFO  | DNAudit | user=null | ip=null | op=WRITE_CHUNK {blockData=conID: 1 locID: 102670698179396237 bcsId: 4648} | ret=SUCCESS |  
2019-08-24 07:08:46,497 | INFO  | DNAudit | user=null | ip=null | op=WRITE_CHUNK {blockData=conID: 1 locID: 102670698179396237 bcsId: 4648} | ret=SUCCESS |  
2019-08-24 07:08:46,504 | INFO  | DNAudit | user=null | ip=null | op=WRITE_CHUNK {blockData=conID: 1 locID: 102670698179396237 bcsId: 4648} | ret=SUCCESS |  
2019-08-24 07:08:46,504 | INFO  | DNAudit | user=null | ip=null | op=PUT_BLOCK {blockData=[blockId=conID: 1 locID: 102670698179396237 bcsId: 0,size=4194304]} | ret=SUCCESS |  
2019-08-24 07:08:46,504 [grpc-default-executor-0] INFO  client.GrpcClientProtocolClient (GrpcClientProtocolClient.java:onNext(255)) - client-6EDD19400D46->06a4573b-67a1-41e3-a350-f896363bc636: receive RaftClientReply:client-6EDD19400D46->06a4573b-67a1-41e3-a350-f896363bc636@group-757E3781CD2A, cid=3107, SUCCESS, logIndex=4651, commits[06a4573b-67a1-41e3-a350-f896363bc636:c4651, 0b725bbf-683b-4664-9a2e-3c9dd6e38bc1:c4649, 9193e3b7-ae04-484d-a740-c65c11559486:c4649]
2019-08-24 07:08:46,505 [grpc-default-executor-0] INFO  client.GrpcClientProtocolClient (GrpcClientProtocolClient.java:onNext(255)) - client-6EDD19400D46->06a4573b-67a1-41e3-a350-f896363bc636: receive RaftClientReply:client-6EDD19400D46->06a4573b-67a1-41e3-a350-f896363bc636@group-757E3781CD2A, cid=3108, SUCCESS, logIndex=4652, commits[06a4573b-67a1-41e3-a350-f896363bc636:c4652, 0b725bbf-683b-4664-9a2e-3c9dd6e38bc1:c4649, 9193e3b7-ae04-484d-a740-c65c11559486:c4649]
2019-08-24 07:08:46,515 | INFO  | DNAudit | user=null | ip=null | op=WRITE_CHUNK {blockData=conID: 1 locID: 102670698179396237 bcsId: 4648} | ret=SUCCESS |  
2019-08-24 07:08:46,515 | INFO  | DNAudit | user=null | ip=null | op=WRITE_CHUNK {blockData=conID: 1 locID: 102670698179396237 bcsId: 4648} | ret=SUCCESS |  
2019-08-24 07:08:46,518 | INFO  | DNAudit | user=null | ip=null | op=PUT_BLOCK {blockData=[blockId=conID: 1 locID: 102670698179396237 bcsId: 0,size=4194304]} | ret=SUCCESS |  
2019-08-24 07:08:46,518 | INFO  | DNAudit | user=null | ip=null | op=PUT_BLOCK {blockData=[blockId=conID: 1 locID: 102670698179396237 bcsId: 0,size=4194304]} | ret=SUCCESS |  
2019-08-24 07:08:46,519 [grpc-default-executor-0] INFO  client.GrpcClientProtocolClient (GrpcClientProtocolClient.java:onNext(255)) - client-6EDD19400D46->06a4573b-67a1-41e3-a350-f896363bc636: receive RaftClientReply:client-6EDD19400D46->06a4573b-67a1-41e3-a350-f896363bc636@group-757E3781CD2A, cid=3109, SUCCESS, logIndex=0, commits[06a4573b-67a1-41e3-a350-f896363bc636:c4654, 0b725bbf-683b-4664-9a2e-3c9dd6e38bc1:c4652, 9193e3b7-ae04-484d-a740-c65c11559486:c4652]
2019-08-24 07:08:46,526 | INFO  | SCMAudit | user=jenkins1000 | ip=192.168.69.125 | op=ALLOCATE_BLOCK {owner=61bacca8-15b6-4a50-8962-5e9786b18b0d, size=4194304, type=RATIS, factor=THREE} | ret=SUCCESS |  
2019-08-24 07:08:46,530 | INFO  | OMAudit | user=jenkins1000 | ip=127.0.0.1 | op=ALLOCATE_BLOCK {volume=vol-0-26988, bucket=bucket-0-20739, key=key-0-27353, dataSize=0, replicationType=null, replicationFactor=null, keyLocationInfo=null, clientID=102670695851229586} | ret=SUCCESS |  
2019-08-24 07:08:46,539 | INFO  | DNAudit | user=null | ip=null | op=WRITE_CHUNK {blockData=conID: 2 locID: 102670698186408590 bcsId: 0} | ret=SUCCESS |  
2019-08-24 07:08:46,543 | INFO  | DNAudit | user=null | ip=null | op=WRITE_CHUNK {blockData=conID: 2 locID: 102670698186408590 bcsId: 0} | ret=SUCCESS |  
2019-08-24 07:08:46,543 | INFO  | DNAudit | user=null | ip=null | op=WRITE_CHUNK {blockData=conID: 2 locID: 102670698186408590 bcsId: 0} | ret=SUCCESS |  
2019-08-24 07:08:46,543 | INFO  | DNAudit | user=null | ip=null | op=WRITE_CHUNK {blockData=conID: 2 locID: 102670698186408590 bcsId: 0} | ret=SUCCESS |  
2019-08-24 07:08:46,546 | INFO  | DNAudit | user=null | ip=null | op=WRITE_CHUNK {blockData=conID: 2 locID: 102670698186408590 bcsId: 0} | ret=SUCCESS |  
2019-08-24 07:08:46,546 | INFO  | DNAudit | user=null | ip=null | op=WRITE_CHUNK {blockData=conID: 2 locID: 102670698186408590 bcsId: 0} | ret=SUCCESS |  
2019-08-24 07:08:46,553 | INFO  | DNAudit | user=null | ip=null | op=WRITE_CHUNK {blockData=conID: 2 locID: 102670698186408590 bcsId: 0} | ret=SUCCESS |  
2019-08-24 07:08:46,553 | INFO  | DNAudit | user=null | ip=null | op=PUT_BLOCK {blockData=[blockId=conID: 2 locID: 102670698186408590 bcsId: 0,size=1048576]} | ret=SUCCESS |  
2019-08-24 07:08:46,554 [grpc-default-executor-0] INFO  client.GrpcClientProtocolClient (GrpcClientProtocolClient.java:onNext(255)) - client-6EDD19400D46->06a4573b-67a1-41e3-a350-f896363bc636: receive RaftClientReply:client-6EDD19400D46->06a4573b-67a1-41e3-a350-f896363bc636@group-757E3781CD2A, cid=3110, SUCCESS, logIndex=4655, commits[06a4573b-67a1-41e3-a350-f896363bc636:c4656, 0b725bbf-683b-4664-9a2e-3c9dd6e38bc1:c4654, 9193e3b7-ae04-484d-a740-c65c11559486:c4654]
2019-08-24 07:08:46,554 | INFO  | DNAudit | user=null | ip=null | op=WRITE_CHUNK {blockData=conID: 2 locID: 102670698186408590 bcsId: 0} | ret=SUCCESS |  
2019-08-24 07:08:46,554 [grpc-default-executor-0] INFO  client.GrpcClientProtocolClient (GrpcClientProtocolClient.java:onNext(255)) - client-6EDD19400D46->06a4573b-67a1-41e3-a350-f896363bc636: receive RaftClientReply:client-6EDD19400D46->06a4573b-67a1-41e3-a350-f896363bc636@group-757E3781CD2A, cid=3111, SUCCESS, logIndex=4656, commits[06a4573b-67a1-41e3-a350-f896363bc636:c4656, 0b725bbf-683b-4664-9a2e-3c9dd6e38bc1:c4654, 9193e3b7-ae04-484d-a740-c65c11559486:c4654]
2019-08-24 07:08:46,554 | INFO  | DNAudit | user=null | ip=null | op=PUT_BLOCK {blockData=[blockId=conID: 2 locID: 102670698186408590 bcsId: 0,size=2097152]} | ret=SUCCESS |  
2019-08-24 07:08:46,555 [grpc-default-executor-0] INFO  client.GrpcClientProtocolClient (GrpcClientProtocolClient.java:onNext(255)) - client-6EDD19400D46->06a4573b-67a1-41e3-a350-f896363bc636: receive RaftClientReply:client-6EDD19400D46->06a4573b-67a1-41e3-a350-f896363bc636@group-757E3781CD2A, cid=3112, SUCCESS, logIndex=4657, commits[06a4573b-67a1-41e3-a350-f896363bc636:c4658, 0b725bbf-683b-4664-9a2e-3c9dd6e38bc1:c4654, 9193e3b7-ae04-484d-a740-c65c11559486:c4654]
2019-08-24 07:08:46,555 [grpc-default-executor-0] INFO  client.GrpcClientProtocolClient (GrpcClientProtocolClient.java:onNext(255)) - client-6EDD19400D46->06a4573b-67a1-41e3-a350-f896363bc636: receive RaftClientReply:client-6EDD19400D46->06a4573b-67a1-41e3-a350-f896363bc636@group-757E3781CD2A, cid=3113, SUCCESS, logIndex=4658, commits[06a4573b-67a1-41e3-a350-f896363bc636:c4658, 0b725bbf-683b-4664-9a2e-3c9dd6e38bc1:c4654, 9193e3b7-ae04-484d-a740-c65c11559486:c4654]
2019-08-24 07:08:46,567 | INFO  | DNAudit | user=null | ip=null | op=WRITE_CHUNK {blockData=conID: 2 locID: 102670698186408590 bcsId: 0} | ret=SUCCESS |  
2019-08-24 07:08:46,567 | INFO  | DNAudit | user=null | ip=null | op=PUT_BLOCK {blockData=[blockId=conID: 2 locID: 102670698186408590 bcsId: 0,size=1048576]} | ret=SUCCESS |  
2019-08-24 07:08:46,567 | INFO  | DNAudit | user=null | ip=null | op=WRITE_CHUNK {blockData=conID: 2 locID: 102670698186408590 bcsId: 0} | ret=SUCCESS |  
2019-08-24 07:08:46,567 | INFO  | DNAudit | user=null | ip=null | op=PUT_BLOCK {blockData=[blockId=conID: 2 locID: 102670698186408590 bcsId: 0,size=1048576]} | ret=SUCCESS |  
2019-08-24 07:08:46,568 | INFO  | DNAudit | user=null | ip=null | op=WRITE_CHUNK {blockData=conID: 2 locID: 102670698186408590 bcsId: 0} | ret=SUCCESS |  
2019-08-24 07:08:46,568 | INFO  | DNAudit | user=null | ip=null | op=WRITE_CHUNK {blockData=conID: 2 locID: 102670698186408590 bcsId: 0} | ret=SUCCESS |  
2019-08-24 07:08:46,568 | INFO  | DNAudit | user=null | ip=null | op=PUT_BLOCK {blockData=[blockId=conID: 2 locID: 102670698186408590 bcsId: 0,size=2097152]} | ret=SUCCESS |  
2019-08-24 07:08:46,568 | INFO  | DNAudit | user=null | ip=null | op=PUT_BLOCK {blockData=[blockId=conID: 2 locID: 102670698186408590 bcsId: 0,size=2097152]} | ret=SUCCESS |  
2019-08-24 07:08:46,568 [grpc-default-executor-0] INFO  client.GrpcClientProtocolClient (GrpcClientProtocolClient.java:onNext(255)) - client-6EDD19400D46->06a4573b-67a1-41e3-a350-f896363bc636: receive RaftClientReply:client-6EDD19400D46->06a4573b-67a1-41e3-a350-f896363bc636@group-757E3781CD2A, cid=3114, SUCCESS, logIndex=0, commits[06a4573b-67a1-41e3-a350-f896363bc636:c4660, 0b725bbf-683b-4664-9a2e-3c9dd6e38bc1:c4656, 9193e3b7-ae04-484d-a740-c65c11559486:c4656]
2019-08-24 07:08:46,577 | INFO  | DNAudit | user=null | ip=null | op=WRITE_CHUNK {blockData=conID: 2 locID: 102670698186408590 bcsId: 4658} | ret=SUCCESS |  
2019-08-24 07:08:46,580 | INFO  | DNAudit | user=null | ip=null | op=WRITE_CHUNK {blockData=conID: 2 locID: 102670698186408590 bcsId: 4658} | ret=SUCCESS |  
2019-08-24 07:08:46,581 | INFO  | DNAudit | user=null | ip=null | op=WRITE_CHUNK {blockData=conID: 2 locID: 102670698186408590 bcsId: 4658} | ret=SUCCESS |  
2019-08-24 07:08:46,590 | INFO  | DNAudit | user=null | ip=null | op=WRITE_CHUNK {blockData=conID: 2 locID: 102670698186408590 bcsId: 4658} | ret=SUCCESS |  
2019-08-24 07:08:46,590 | INFO  | DNAudit | user=null | ip=null | op=PUT_BLOCK {blockData=[blockId=conID: 2 locID: 102670698186408590 bcsId: 0,size=3145728]} | ret=SUCCESS |  
2019-08-24 07:08:46,591 [grpc-default-executor-0] INFO  client.GrpcClientProtocolClient (GrpcClientProtocolClient.java:onNext(255)) - client-6EDD19400D46->06a4573b-67a1-41e3-a350-f896363bc636: receive RaftClientReply:client-6EDD19400D46->06a4573b-67a1-41e3-a350-f896363bc636@group-757E3781CD2A, cid=3115, SUCCESS, logIndex=4663, commits[06a4573b-67a1-41e3-a350-f896363bc636:c4664, 0b725bbf-683b-4664-9a2e-3c9dd6e38bc1:c4662, 9193e3b7-ae04-484d-a740-c65c11559486:c4662]
2019-08-24 07:08:46,591 [grpc-default-executor-0] INFO  client.GrpcClientProtocolClient (GrpcClientProtocolClient.java:onNext(255)) - client-6EDD19400D46->06a4573b-67a1-41e3-a350-f896363bc636: receive RaftClientReply:client-6EDD19400D46->06a4573b-67a1-41e3-a350-f896363bc636@group-757E3781CD2A, cid=3116, SUCCESS, logIndex=4664, commits[06a4573b-67a1-41e3-a350-f896363bc636:c4664, 0b725bbf-683b-4664-9a2e-3c9dd6e38bc1:c4662, 9193e3b7-ae04-484d-a740-c65c11559486:c4662]
2019-08-24 07:08:46,600 | INFO  | DNAudit | user=null | ip=null | op=WRITE_CHUNK {blockData=conID: 2 locID: 102670698186408590 bcsId: 4664} | ret=SUCCESS |  
2019-08-24 07:08:46,605 | INFO  | DNAudit | user=null | ip=null | op=WRITE_CHUNK {blockData=conID: 2 locID: 102670698186408590 bcsId: 4658} | ret=SUCCESS |  
2019-08-24 07:08:46,605 | INFO  | DNAudit | user=null | ip=null | op=WRITE_CHUNK {blockData=conID: 2 locID: 102670698186408590 bcsId: 4658} | ret=SUCCESS |  
2019-08-24 07:08:46,608 | INFO  | DNAudit | user=null | ip=null | op=WRITE_CHUNK {blockData=conID: 2 locID: 102670698186408590 bcsId: 4664} | ret=SUCCESS |  
2019-08-24 07:08:46,608 | INFO  | DNAudit | user=null | ip=null | op=WRITE_CHUNK {blockData=conID: 2 locID: 102670698186408590 bcsId: 4664} | ret=SUCCESS |  
2019-08-24 07:08:46,616 | INFO  | DNAudit | user=null | ip=null | op=PUT_BLOCK {blockData=[blockId=conID: 2 locID: 102670698186408590 bcsId: 0,size=3145728]} | ret=SUCCESS |  
2019-08-24 07:08:46,616 | INFO  | DNAudit | user=null | ip=null | op=PUT_BLOCK {blockData=[blockId=conID: 2 locID: 102670698186408590 bcsId: 0,size=3145728]} | ret=SUCCESS |  
2019-08-24 07:08:46,617 | INFO  | DNAudit | user=null | ip=null | op=WRITE_CHUNK {blockData=conID: 2 locID: 102670698186408590 bcsId: 4664} | ret=SUCCESS |  
2019-08-24 07:08:46,618 | INFO  | DNAudit | user=null | ip=null | op=PUT_BLOCK {blockData=[blockId=conID: 2 locID: 102670698186408590 bcsId: 0,size=4194304]} | ret=SUCCESS |  
2019-08-24 07:08:46,618 [grpc-default-executor-5] INFO  client.GrpcClientProtocolClient (GrpcClientProtocolClient.java:onNext(255)) - client-6EDD19400D46->06a4573b-67a1-41e3-a350-f896363bc636: receive RaftClientReply:client-6EDD19400D46->06a4573b-67a1-41e3-a350-f896363bc636@group-757E3781CD2A, cid=3117, SUCCESS, logIndex=4667, commits[06a4573b-67a1-41e3-a350-f896363bc636:c4668, 0b725bbf-683b-4664-9a2e-3c9dd6e38bc1:c4664, 9193e3b7-ae04-484d-a740-c65c11559486:c4664]
2019-08-24 07:08:46,619 | INFO  | DNAudit | user=null | ip=null | op=WRITE_CHUNK {blockData=conID: 2 locID: 102670698186408590 bcsId: 4664} | ret=SUCCESS |  
2019-08-24 07:08:46,618 [grpc-default-executor-5] INFO  client.GrpcClientProtocolClient (GrpcClientProtocolClient.java:onNext(255)) - client-6EDD19400D46->06a4573b-67a1-41e3-a350-f896363bc636: receive RaftClientReply:client-6EDD19400D46->06a4573b-67a1-41e3-a350-f896363bc636@group-757E3781CD2A, cid=3118, SUCCESS, logIndex=4668, commits[06a4573b-67a1-41e3-a350-f896363bc636:c4668, 0b725bbf-683b-4664-9a2e-3c9dd6e38bc1:c4664, 9193e3b7-ae04-484d-a740-c65c11559486:c4664]
2019-08-24 07:08:46,619 | INFO  | DNAudit | user=null | ip=null | op=WRITE_CHUNK {blockData=conID: 2 locID: 102670698186408590 bcsId: 4664} | ret=SUCCESS |  
2019-08-24 07:08:46,619 | INFO  | DNAudit | user=null | ip=null | op=PUT_BLOCK {blockData=[blockId=conID: 2 locID: 102670698186408590 bcsId: 0,size=4194304]} | ret=SUCCESS |  
2019-08-24 07:08:46,620 | INFO  | DNAudit | user=null | ip=null | op=PUT_BLOCK {blockData=[blockId=conID: 2 locID: 102670698186408590 bcsId: 0,size=4194304]} | ret=SUCCESS |  
2019-08-24 07:08:46,620 [grpc-default-executor-5] INFO  client.GrpcClientProtocolClient (GrpcClientProtocolClient.java:onNext(255)) - client-6EDD19400D46->06a4573b-67a1-41e3-a350-f896363bc636: receive RaftClientReply:client-6EDD19400D46->06a4573b-67a1-41e3-a350-f896363bc636@group-757E3781CD2A, cid=3119, SUCCESS, logIndex=0, commits[06a4573b-67a1-41e3-a350-f896363bc636:c4669, 0b725bbf-683b-4664-9a2e-3c9dd6e38bc1:c4668, 9193e3b7-ae04-484d-a740-c65c11559486:c4668]
2019-08-24 07:08:46,627 | INFO  | SCMAudit | user=jenkins1000 | ip=192.168.69.125 | op=ALLOCATE_BLOCK {owner=61bacca8-15b6-4a50-8962-5e9786b18b0d, size=4194304, type=RATIS, factor=THREE} | ret=SUCCESS |  
2019-08-24 07:08:46,632 | INFO  | OMAudit | user=jenkins1000 | ip=127.0.0.1 | op=ALLOCATE_BLOCK {volume=vol-0-26988, bucket=bucket-0-20739, key=key-0-27353, dataSize=0, replicationType=null, replicationFactor=null, keyLocationInfo=null, clientID=102670695851229586} | ret=SUCCESS |  
2019-08-24 07:08:46,641 | INFO  | DNAudit | user=null | ip=null | op=WRITE_CHUNK {blockData=conID: 3 locID: 102670698193027727 bcsId: 0} | ret=SUCCESS |  
2019-08-24 07:08:46,644 | INFO  | DNAudit | user=null | ip=null | op=WRITE_CHUNK {blockData=conID: 3 locID: 102670698193027727 bcsId: 0} | ret=SUCCESS |  
2019-08-24 07:08:46,645 | INFO  | DNAudit | user=null | ip=null | op=WRITE_CHUNK {blockData=conID: 3 locID: 102670698193027727 bcsId: 0} | ret=SUCCESS |  
2019-08-24 07:08:46,645 | INFO  | DNAudit | user=null | ip=null | op=WRITE_CHUNK {blockData=conID: 3 locID: 102670698193027727 bcsId: 0} | ret=SUCCESS |  
2019-08-24 07:08:46,647 | INFO  | DNAudit | user=null | ip=null | op=WRITE_CHUNK {blockData=conID: 3 locID: 102670698193027727 bcsId: 0} | ret=SUCCESS |  
2019-08-24 07:08:46,647 | INFO  | DNAudit | user=null | ip=null | op=WRITE_CHUNK {blockData=conID: 3 locID: 102670698193027727 bcsId: 0} | ret=SUCCESS |  
2019-08-24 07:08:46,653 | INFO  | DNAudit | user=null | ip=null | op=WRITE_CHUNK {blockData=conID: 3 locID: 102670698193027727 bcsId: 0} | ret=SUCCESS |  
2019-08-24 07:08:46,654 | INFO  | DNAudit | user=null | ip=null | op=PUT_BLOCK {blockData=[blockId=conID: 3 locID: 102670698193027727 bcsId: 0,size=1048576]} | ret=SUCCESS |  
2019-08-24 07:08:46,654 | INFO  | DNAudit | user=null | ip=null | op=WRITE_CHUNK {blockData=conID: 3 locID: 102670698193027727 bcsId: 0} | ret=SUCCESS |  
2019-08-24 07:08:46,654 [grpc-default-executor-2] INFO  client.GrpcClientProtocolClient (GrpcClientProtocolClient.java:onNext(255)) - client-6EDD19400D46->06a4573b-67a1-41e3-a350-f896363bc636: receive RaftClientReply:client-6EDD19400D46->06a4573b-67a1-41e3-a350-f896363bc636@group-757E3781CD2A, cid=3120, SUCCESS, logIndex=4671, commits[06a4573b-67a1-41e3-a350-f896363bc636:c4672, 0b725bbf-683b-4664-9a2e-3c9dd6e38bc1:c4670, 9193e3b7-ae04-484d-a740-c65c11559486:c4670]
2019-08-24 07:08:46,655 | INFO  | DNAudit | user=null | ip=null | op=PUT_BLOCK {blockData=[blockId=conID: 3 locID: 102670698193027727 bcsId: 0,size=2097152]} | ret=SUCCESS |  
2019-08-24 07:08:46,655 | INFO  | DNAudit | user=null | ip=null | op=WRITE_CHUNK {blockData=conID: 3 locID: 102670698193027727 bcsId: 0} | ret=SUCCESS |  
2019-08-24 07:08:46,655 [grpc-default-executor-2] INFO  client.GrpcClientProtocolClient (GrpcClientProtocolClient.java:onNext(255)) - client-6EDD19400D46->06a4573b-67a1-41e3-a350-f896363bc636: receive RaftClientReply:client-6EDD19400D46->06a4573b-67a1-41e3-a350-f896363bc636@group-757E3781CD2A, cid=3121, SUCCESS, logIndex=4672, commits[06a4573b-67a1-41e3-a350-f896363bc636:c4673, 0b725bbf-683b-4664-9a2e-3c9dd6e38bc1:c4670, 9193e3b7-ae04-484d-a740-c65c11559486:c4670]
2019-08-24 07:08:46,655 | INFO  | DNAudit | user=null | ip=null | op=PUT_BLOCK {blockData=[blockId=conID: 3 locID: 102670698193027727 bcsId: 0,size=1048576]} | ret=SUCCESS |  
2019-08-24 07:08:46,655 [grpc-default-executor-2] INFO  client.GrpcClientProtocolClient (GrpcClientProtocolClient.java:onNext(255)) - client-6EDD19400D46->06a4573b-67a1-41e3-a350-f896363bc636: receive RaftClientReply:client-6EDD19400D46->06a4573b-67a1-41e3-a350-f896363bc636@group-757E3781CD2A, cid=3122, SUCCESS, logIndex=4673, commits[06a4573b-67a1-41e3-a350-f896363bc636:c4674, 0b725bbf-683b-4664-9a2e-3c9dd6e38bc1:c4670, 9193e3b7-ae04-484d-a740-c65c11559486:c4670]
2019-08-24 07:08:46,656 [grpc-default-executor-2] INFO  client.GrpcClientProtocolClient (GrpcClientProtocolClient.java:onNext(255)) - client-6EDD19400D46->06a4573b-67a1-41e3-a350-f896363bc636: receive RaftClientReply:client-6EDD19400D46->06a4573b-67a1-41e3-a350-f896363bc636@group-757E3781CD2A, cid=3123, SUCCESS, logIndex=4674, commits[06a4573b-67a1-41e3-a350-f896363bc636:c4674, 0b725bbf-683b-4664-9a2e-3c9dd6e38bc1:c4670, 9193e3b7-ae04-484d-a740-c65c11559486:c4671]
2019-08-24 07:08:46,657 | INFO  | DNAudit | user=null | ip=null | op=WRITE_CHUNK {blockData=conID: 3 locID: 102670698193027727 bcsId: 0} | ret=SUCCESS |  
2019-08-24 07:08:46,657 | INFO  | DNAudit | user=null | ip=null | op=PUT_BLOCK {blockData=[blockId=conID: 3 locID: 102670698193027727 bcsId: 0,size=1048576]} | ret=SUCCESS |  
2019-08-24 07:08:46,658 [grpc-default-executor-2] INFO  client.GrpcClientProtocolClient (GrpcClientProtocolClient.java:onNext(255)) - client-6EDD19400D46->06a4573b-67a1-41e3-a350-f896363bc636: receive RaftClientReply:client-6EDD19400D46->06a4573b-67a1-41e3-a350-f896363bc636@group-757E3781CD2A, cid=3124, SUCCESS, logIndex=0, commits[06a4573b-67a1-41e3-a350-f896363bc636:c4676, 0b725bbf-683b-4664-9a2e-3c9dd6e38bc1:c4672, 9193e3b7-ae04-484d-a740-c65c11559486:c4672]
2019-08-24 07:08:46,666 | INFO  | DNAudit | user=null | ip=null | op=WRITE_CHUNK {blockData=conID: 3 locID: 102670698193027727 bcsId: 4674} | ret=SUCCESS |  
2019-08-24 07:08:46,668 | INFO  | DNAudit | user=null | ip=null | op=WRITE_CHUNK {blockData=conID: 3 locID: 102670698193027727 bcsId: 0} | ret=SUCCESS |  
2019-08-24 07:08:46,669 | INFO  | DNAudit | user=null | ip=null | op=PUT_BLOCK {blockData=[blockId=conID: 3 locID: 102670698193027727 bcsId: 0,size=2097152]} | ret=SUCCESS |  
2019-08-24 07:08:46,669 | INFO  | DNAudit | user=null | ip=null | op=WRITE_CHUNK {blockData=conID: 3 locID: 102670698193027727 bcsId: 4674} | ret=SUCCESS |  
2019-08-24 07:08:46,669 | INFO  | DNAudit | user=null | ip=null | op=WRITE_CHUNK {blockData=conID: 3 locID: 102670698193027727 bcsId: 0} | ret=SUCCESS |  
2019-08-24 07:08:46,669 | INFO  | DNAudit | user=null | ip=null | op=WRITE_CHUNK {blockData=conID: 3 locID: 102670698193027727 bcsId: 4674} | ret=SUCCESS |  
2019-08-24 07:08:46,669 | INFO  | DNAudit | user=null | ip=null | op=PUT_BLOCK {blockData=[blockId=conID: 3 locID: 102670698193027727 bcsId: 0,size=2097152]} | ret=SUCCESS |  
2019-08-24 07:08:46,671 | INFO  | DNAudit | user=null | ip=null | op=WRITE_CHUNK {blockData=conID: 3 locID: 102670698193027727 bcsId: 4674} | ret=SUCCESS |  
2019-08-24 07:08:46,671 | INFO  | DNAudit | user=null | ip=null | op=PUT_BLOCK {blockData=[blockId=conID: 3 locID: 102670698193027727 bcsId: 0,size=3145728]} | ret=SUCCESS |  
2019-08-24 07:08:46,671 [grpc-default-executor-0] INFO  client.GrpcClientProtocolClient (GrpcClientProtocolClient.java:onNext(255)) - client-6EDD19400D46->06a4573b-67a1-41e3-a350-f896363bc636: receive RaftClientReply:client-6EDD19400D46->06a4573b-67a1-41e3-a350-f896363bc636@group-757E3781CD2A, cid=3125, SUCCESS, logIndex=4679, commits[06a4573b-67a1-41e3-a350-f896363bc636:c4680, 0b725bbf-683b-4664-9a2e-3c9dd6e38bc1:c4676, 9193e3b7-ae04-484d-a740-c65c11559486:c4676]
2019-08-24 07:08:46,672 [grpc-default-executor-0] INFO  client.GrpcClientProtocolClient (GrpcClientProtocolClient.java:onNext(255)) - client-6EDD19400D46->06a4573b-67a1-41e3-a350-f896363bc636: receive RaftClientReply:client-6EDD19400D46->06a4573b-67a1-41e3-a350-f896363bc636@group-757E3781CD2A, cid=3126, SUCCESS, logIndex=4680, commits[06a4573b-67a1-41e3-a350-f896363bc636:c4680, 0b725bbf-683b-4664-9a2e-3c9dd6e38bc1:c4676, 9193e3b7-ae04-484d-a740-c65c11559486:c4676]
2019-08-24 07:08:46,673 | INFO  | DNAudit | user=null | ip=null | op=WRITE_CHUNK {blockData=conID: 3 locID: 102670698193027727 bcsId: 4674} | ret=SUCCESS |  
2019-08-24 07:08:46,674 | INFO  | DNAudit | user=null | ip=null | op=WRITE_CHUNK {blockData=conID: 3 locID: 102670698193027727 bcsId: 4674} | ret=SUCCESS |  
2019-08-24 07:08:46,674 | INFO  | DNAudit | user=null | ip=null | op=PUT_BLOCK {blockData=[blockId=conID: 3 locID: 102670698193027727 bcsId: 0,size=3145728]} | ret=SUCCESS |  
2019-08-24 07:08:46,674 | INFO  | DNAudit | user=null | ip=null | op=PUT_BLOCK {blockData=[blockId=conID: 3 locID: 102670698193027727 bcsId: 0,size=3145728]} | ret=SUCCESS |  
2019-08-24 07:08:46,679 | INFO  | DNAudit | user=null | ip=null | op=WRITE_CHUNK {blockData=conID: 3 locID: 102670698193027727 bcsId: 4680} | ret=SUCCESS |  
2019-08-24 07:08:46,683 | INFO  | DNAudit | user=null | ip=null | op=WRITE_CHUNK {blockData=conID: 3 locID: 102670698193027727 bcsId: 4680} | ret=SUCCESS |  
2019-08-24 07:08:46,683 | INFO  | DNAudit | user=null | ip=null | op=WRITE_CHUNK {blockData=conID: 3 locID: 102670698193027727 bcsId: 4680} | ret=SUCCESS |  
2019-08-24 07:08:46,688 | INFO  | DNAudit | user=null | ip=null | op=WRITE_CHUNK {blockData=conID: 3 locID: 102670698193027727 bcsId: 4680} | ret=SUCCESS |  
2019-08-24 07:08:46,688 | INFO  | DNAudit | user=null | ip=null | op=PUT_BLOCK {blockData=[blockId=conID: 3 locID: 102670698193027727 bcsId: 0,size=4194304]} | ret=SUCCESS |  
2019-08-24 07:08:46,689 [grpc-default-executor-0] INFO  client.GrpcClientProtocolClient (GrpcClientProtocolClient.java:onNext(255)) - client-6EDD19400D46->06a4573b-67a1-41e3-a350-f896363bc636: receive RaftClientReply:client-6EDD19400D46->06a4573b-67a1-41e3-a350-f896363bc636@group-757E3781CD2A, cid=3127, SUCCESS, logIndex=4683, commits[06a4573b-67a1-41e3-a350-f896363bc636:c4684, 0b725bbf-683b-4664-9a2e-3c9dd6e38bc1:c4681, 9193e3b7-ae04-484d-a740-c65c11559486:c4681]
2019-08-24 07:08:46,689 [grpc-default-executor-0] INFO  client.GrpcClientProtocolClient (GrpcClientProtocolClient.java:onNext(255)) - client-6EDD19400D46->06a4573b-67a1-41e3-a350-f896363bc636: receive RaftClientReply:client-6EDD19400D46->06a4573b-67a1-41e3-a350-f896363bc636@group-757E3781CD2A, cid=3128, SUCCESS, logIndex=4684, commits[06a4573b-67a1-41e3-a350-f896363bc636:c4684, 0b725bbf-683b-4664-9a2e-3c9dd6e38bc1:c4681, 9193e3b7-ae04-484d-a740-c65c11559486:c4681]
2019-08-24 07:08:46,700 | INFO  | DNAudit | user=null | ip=null | op=WRITE_CHUNK {blockData=conID: 3 locID: 102670698193027727 bcsId: 4680} | ret=SUCCESS |  
2019-08-24 07:08:46,700 | INFO  | DNAudit | user=null | ip=null | op=WRITE_CHUNK {blockData=conID: 3 locID: 102670698193027727 bcsId: 4680} | ret=SUCCESS |  
2019-08-24 07:08:46,702 | INFO  | DNAudit | user=null | ip=null | op=PUT_BLOCK {blockData=[blockId=conID: 3 locID: 102670698193027727 bcsId: 0,size=4194304]} | ret=SUCCESS |  
2019-08-24 07:08:46,702 | INFO  | DNAudit | user=null | ip=null | op=PUT_BLOCK {blockData=[blockId=conID: 3 locID: 102670698193027727 bcsId: 0,size=4194304]} | ret=SUCCESS |  
2019-08-24 07:08:46,703 [grpc-default-executor-0] INFO  client.GrpcClientProtocolClient (GrpcClientProtocolClient.java:onNext(255)) - client-6EDD19400D46->06a4573b-67a1-41e3-a350-f896363bc636: receive RaftClientReply:client-6EDD19400D46->06a4573b-67a1-41e3-a350-f896363bc636@group-757E3781CD2A, cid=3129, SUCCESS, logIndex=0, commits[06a4573b-67a1-41e3-a350-f896363bc636:c4686, 0b725bbf-683b-4664-9a2e-3c9dd6e38bc1:c4684, 9193e3b7-ae04-484d-a740-c65c11559486:c4684]
2019-08-24 07:08:46,709 | INFO  | SCMAudit | user=jenkins1000 | ip=192.168.69.125 | op=ALLOCATE_BLOCK {owner=61bacca8-15b6-4a50-8962-5e9786b18b0d, size=4194304, type=RATIS, factor=THREE} | ret=SUCCESS |  
2019-08-24 07:08:46,714 | INFO  | OMAudit | user=jenkins1000 | ip=127.0.0.1 | op=ALLOCATE_BLOCK {volume=vol-0-26988, bucket=bucket-0-20739, key=key-0-27353, dataSize=0, replicationType=null, replicationFactor=null, keyLocationInfo=null, clientID=102670695851229586} | ret=SUCCESS |  
2019-08-24 07:08:46,722 | INFO  | DNAudit | user=null | ip=null | op=WRITE_CHUNK {blockData=conID: 1 locID: 102670698198401680 bcsId: 0} | ret=SUCCESS |  
2019-08-24 07:08:46,725 | INFO  | DNAudit | user=null | ip=null | op=WRITE_CHUNK {blockData=conID: 1 locID: 102670698198401680 bcsId: 0} | ret=SUCCESS |  
2019-08-24 07:08:46,726 | INFO  | DNAudit | user=null | ip=null | op=WRITE_CHUNK {blockData=conID: 1 locID: 102670698198401680 bcsId: 0} | ret=SUCCESS |  
2019-08-24 07:08:46,726 | INFO  | DNAudit | user=null | ip=null | op=WRITE_CHUNK {blockData=conID: 1 locID: 102670698198401680 bcsId: 0} | ret=SUCCESS |  
2019-08-24 07:08:46,728 | INFO  | DNAudit | user=null | ip=null | op=WRITE_CHUNK {blockData=conID: 1 locID: 102670698198401680 bcsId: 0} | ret=SUCCESS |  
2019-08-24 07:08:46,729 | INFO  | DNAudit | user=null | ip=null | op=WRITE_CHUNK {blockData=conID: 1 locID: 102670698198401680 bcsId: 0} | ret=SUCCESS |  
2019-08-24 07:08:46,740 | INFO  | DNAudit | user=null | ip=null | op=WRITE_CHUNK {blockData=conID: 1 locID: 102670698198401680 bcsId: 0} | ret=SUCCESS |  
2019-08-24 07:08:46,741 | INFO  | DNAudit | user=null | ip=null | op=PUT_BLOCK {blockData=[blockId=conID: 1 locID: 102670698198401680 bcsId: 0,size=1048576]} | ret=SUCCESS |  
2019-08-24 07:08:46,741 [grpc-default-executor-0] INFO  client.GrpcClientProtocolClient (GrpcClientProtocolClient.java:onNext(255)) - client-6EDD19400D46->06a4573b-67a1-41e3-a350-f896363bc636: receive RaftClientReply:client-6EDD19400D46->06a4573b-67a1-41e3-a350-f896363bc636@group-757E3781CD2A, cid=3130, SUCCESS, logIndex=4687, commits[06a4573b-67a1-41e3-a350-f896363bc636:c4688, 0b725bbf-683b-4664-9a2e-3c9dd6e38bc1:c4686, 9193e3b7-ae04-484d-a740-c65c11559486:c4684]
2019-08-24 07:08:46,742 [grpc-default-executor-0] INFO  client.GrpcClientProtocolClient (GrpcClientProtocolClient.java:onNext(255)) - client-6EDD19400D46->06a4573b-67a1-41e3-a350-f896363bc636: receive RaftClientReply:client-6EDD19400D46->06a4573b-67a1-41e3-a350-f896363bc636@group-757E3781CD2A, cid=3131, SUCCESS, logIndex=4688, commits[06a4573b-67a1-41e3-a350-f896363bc636:c4688, 0b725bbf-683b-4664-9a2e-3c9dd6e38bc1:c4686, 9193e3b7-ae04-484d-a740-c65c11559486:c4684]
2019-08-24 07:08:46,742 | INFO  | DNAudit | user=null | ip=null | op=WRITE_CHUNK {blockData=conID: 1 locID: 102670698198401680 bcsId: 0} | ret=SUCCESS |  
2019-08-24 07:08:46,742 | INFO  | DNAudit | user=null | ip=null | op=PUT_BLOCK {blockData=[blockId=conID: 1 locID: 102670698198401680 bcsId: 0,size=2097152]} | ret=SUCCESS |  
2019-08-24 07:08:46,743 [grpc-default-executor-2] INFO  client.GrpcClientProtocolClient (GrpcClientProtocolClient.java:onNext(255)) - client-6EDD19400D46->06a4573b-67a1-41e3-a350-f896363bc636: receive RaftClientReply:client-6EDD19400D46->06a4573b-67a1-41e3-a350-f896363bc636@group-757E3781CD2A, cid=3132, SUCCESS, logIndex=4689, commits[06a4573b-67a1-41e3-a350-f896363bc636:c4690, 0b725bbf-683b-4664-9a2e-3c9dd6e38bc1:c4686, 9193e3b7-ae04-484d-a740-c65c11559486:c4686]
2019-08-24 07:08:46,743 [grpc-default-executor-2] INFO  client.GrpcClientProtocolClient (GrpcClientProtocolClient.java:onNext(255)) - client-6EDD19400D46->06a4573b-67a1-41e3-a350-f896363bc636: receive RaftClientReply:client-6EDD19400D46->06a4573b-67a1-41e3-a350-f896363bc636@group-757E3781CD2A, cid=3133, SUCCESS, logIndex=4690, commits[06a4573b-67a1-41e3-a350-f896363bc636:c4690, 0b725bbf-683b-4664-9a2e-3c9dd6e38bc1:c4686, 9193e3b7-ae04-484d-a740-c65c11559486:c4686]
2019-08-24 07:08:46,756 | INFO  | DNAudit | user=null | ip=null | op=WRITE_CHUNK {blockData=conID: 1 locID: 102670698198401680 bcsId: 0} | ret=SUCCESS |  
2019-08-24 07:08:46,756 | INFO  | DNAudit | user=null | ip=null | op=PUT_BLOCK {blockData=[blockId=conID: 1 locID: 102670698198401680 bcsId: 0,size=1048576]} | ret=SUCCESS |  
2019-08-24 07:08:46,756 | INFO  | DNAudit | user=null | ip=null | op=WRITE_CHUNK {blockData=conID: 1 locID: 102670698198401680 bcsId: 0} | ret=SUCCESS |  
2019-08-24 07:08:46,756 | INFO  | DNAudit | user=null | ip=null | op=PUT_BLOCK {blockData=[blockId=conID: 1 locID: 102670698198401680 bcsId: 0,size=1048576]} | ret=SUCCESS |  
2019-08-24 07:08:46,756 [grpc-default-executor-2] INFO  client.GrpcClientProtocolClient (GrpcClientProtocolClient.java:onNext(255)) - client-6EDD19400D46->06a4573b-67a1-41e3-a350-f896363bc636: receive RaftClientReply:client-6EDD19400D46->06a4573b-67a1-41e3-a350-f896363bc636@group-757E3781CD2A, cid=3134, SUCCESS, logIndex=0, commits[06a4573b-67a1-41e3-a350-f896363bc636:c4692, 0b725bbf-683b-4664-9a2e-3c9dd6e38bc1:c4688, 9193e3b7-ae04-484d-a740-c65c11559486:c4688]
2019-08-24 07:08:46,757 | INFO  | DNAudit | user=null | ip=null | op=WRITE_CHUNK {blockData=conID: 1 locID: 102670698198401680 bcsId: 0} | ret=SUCCESS |  
2019-08-24 07:08:46,757 | INFO  | DNAudit | user=null | ip=null | op=PUT_BLOCK {blockData=[blockId=conID: 1 locID: 102670698198401680 bcsId: 0,size=2097152]} | ret=SUCCESS |  
2019-08-24 07:08:46,757 | INFO  | DNAudit | user=null | ip=null | op=WRITE_CHUNK {blockData=conID: 1 locID: 102670698198401680 bcsId: 0} | ret=SUCCESS |  
2019-08-24 07:08:46,758 | INFO  | DNAudit | user=null | ip=null | op=PUT_BLOCK {blockData=[blockId=conID: 1 locID: 102670698198401680 bcsId: 0,size=2097152]} | ret=SUCCESS |  
2019-08-24 07:08:46,765 | INFO  | DNAudit | user=null | ip=null | op=WRITE_CHUNK {blockData=conID: 1 locID: 102670698198401680 bcsId: 4690} | ret=SUCCESS |  
2019-08-24 07:08:46,768 | INFO  | DNAudit | user=null | ip=null | op=WRITE_CHUNK {blockData=conID: 1 locID: 102670698198401680 bcsId: 4690} | ret=SUCCESS |  
2019-08-24 07:08:46,768 | INFO  | DNAudit | user=null | ip=null | op=WRITE_CHUNK {blockData=conID: 1 locID: 102670698198401680 bcsId: 4690} | ret=SUCCESS |  
2019-08-24 07:08:46,777 | INFO  | DNAudit | user=null | ip=null | op=WRITE_CHUNK {blockData=conID: 1 locID: 102670698198401680 bcsId: 4690} | ret=SUCCESS |  
2019-08-24 07:08:46,777 | INFO  | DNAudit | user=null | ip=null | op=PUT_BLOCK {blockData=[blockId=conID: 1 locID: 102670698198401680 bcsId: 0,size=3145728]} | ret=SUCCESS |  
2019-08-24 07:08:46,778 [grpc-default-executor-5] INFO  client.GrpcClientProtocolClient (GrpcClientProtocolClient.java:onNext(255)) - client-6EDD19400D46->06a4573b-67a1-41e3-a350-f896363bc636: receive RaftClientReply:client-6EDD19400D46->06a4573b-67a1-41e3-a350-f896363bc636@group-757E3781CD2A, cid=3135, SUCCESS, logIndex=4695, commits[06a4573b-67a1-41e3-a350-f896363bc636:c4696, 0b725bbf-683b-4664-9a2e-3c9dd6e38bc1:c4694, 9193e3b7-ae04-484d-a740-c65c11559486:c4694]
2019-08-24 07:08:46,778 [grpc-default-executor-5] INFO  client.GrpcClientProtocolClient (GrpcClientProtocolClient.java:onNext(255)) - client-6EDD19400D46->06a4573b-67a1-41e3-a350-f896363bc636: receive RaftClientReply:client-6EDD19400D46->06a4573b-67a1-41e3-a350-f896363bc636@group-757E3781CD2A, cid=3136, SUCCESS, logIndex=4696, commits[06a4573b-67a1-41e3-a350-f896363bc636:c4696, 0b725bbf-683b-4664-9a2e-3c9dd6e38bc1:c4694, 9193e3b7-ae04-484d-a740-c65c11559486:c4694]
2019-08-24 07:08:46,786 | INFO  | DNAudit | user=null | ip=null | op=WRITE_CHUNK {blockData=conID: 1 locID: 102670698198401680 bcsId: 4696} | ret=SUCCESS |  
2019-08-24 07:08:46,789 | INFO  | DNAudit | user=null | ip=null | op=WRITE_CHUNK {blockData=conID: 1 locID: 102670698198401680 bcsId: 4696} | ret=SUCCESS |  
2019-08-24 07:08:46,790 | INFO  | DNAudit | user=null | ip=null | op=WRITE_CHUNK {blockData=conID: 1 locID: 102670698198401680 bcsId: 4690} | ret=SUCCESS |  
2019-08-24 07:08:46,790 | INFO  | DNAudit | user=null | ip=null | op=WRITE_CHUNK {blockData=conID: 1 locID: 102670698198401680 bcsId: 4690} | ret=SUCCESS |  
2019-08-24 07:08:46,790 | INFO  | DNAudit | user=null | ip=null | op=WRITE_CHUNK {blockData=conID: 1 locID: 102670698198401680 bcsId: 4696} | ret=SUCCESS |  
2019-08-24 07:08:46,791 | INFO  | DNAudit | user=null | ip=null | op=PUT_BLOCK {blockData=[blockId=conID: 1 locID: 102670698198401680 bcsId: 0,size=3145728]} | ret=SUCCESS |  
2019-08-24 07:08:46,791 | INFO  | DNAudit | user=null | ip=null | op=WRITE_CHUNK {blockData=conID: 1 locID: 102670698198401680 bcsId: 4696} | ret=SUCCESS |  
2019-08-24 07:08:46,792 | INFO  | DNAudit | user=null | ip=null | op=PUT_BLOCK {blockData=[blockId=conID: 1 locID: 102670698198401680 bcsId: 0,size=3145728]} | ret=SUCCESS |  
2019-08-24 07:08:46,792 | INFO  | DNAudit | user=null | ip=null | op=PUT_BLOCK {blockData=[blockId=conID: 1 locID: 102670698198401680 bcsId: 0,size=4194304]} | ret=SUCCESS |  
2019-08-24 07:08:46,792 [grpc-default-executor-2] INFO  client.GrpcClientProtocolClient (GrpcClientProtocolClient.java:onNext(255)) - client-6EDD19400D46->06a4573b-67a1-41e3-a350-f896363bc636: receive RaftClientReply:client-6EDD19400D46->06a4573b-67a1-41e3-a350-f896363bc636@group-757E3781CD2A, cid=3137, SUCCESS, logIndex=4699, commits[06a4573b-67a1-41e3-a350-f896363bc636:c4700, 0b725bbf-683b-4664-9a2e-3c9dd6e38bc1:c4695, 9193e3b7-ae04-484d-a740-c65c11559486:c4696]
2019-08-24 07:08:46,792 [grpc-default-executor-2] INFO  client.GrpcClientProtocolClient (GrpcClientProtocolClient.java:onNext(255)) - client-6EDD19400D46->06a4573b-67a1-41e3-a350-f896363bc636: receive RaftClientReply:client-6EDD19400D46->06a4573b-67a1-41e3-a350-f896363bc636@group-757E3781CD2A, cid=3138, SUCCESS, logIndex=4700, commits[06a4573b-67a1-41e3-a350-f896363bc636:c4700, 0b725bbf-683b-4664-9a2e-3c9dd6e38bc1:c4696, 9193e3b7-ae04-484d-a740-c65c11559486:c4696]
2019-08-24 07:08:46,793 | INFO  | DNAudit | user=null | ip=null | op=WRITE_CHUNK {blockData=conID: 1 locID: 102670698198401680 bcsId: 4696} | ret=SUCCESS |  
2019-08-24 07:08:46,794 | INFO  | DNAudit | user=null | ip=null | op=WRITE_CHUNK {blockData=conID: 1 locID: 102670698198401680 bcsId: 4696} | ret=SUCCESS |  
2019-08-24 07:08:46,794 | INFO  | DNAudit | user=null | ip=null | op=PUT_BLOCK {blockData=[blockId=conID: 1 locID: 102670698198401680 bcsId: 0,size=4194304]} | ret=SUCCESS |  
2019-08-24 07:08:46,794 | INFO  | DNAudit | user=null | ip=null | op=PUT_BLOCK {blockData=[blockId=conID: 1 locID: 102670698198401680 bcsId: 0,size=4194304]} | ret=SUCCESS |  
2019-08-24 07:08:46,795 [grpc-default-executor-2] INFO  client.GrpcClientProtocolClient (GrpcClientProtocolClient.java:onNext(255)) - client-6EDD19400D46->06a4573b-67a1-41e3-a350-f896363bc636: receive RaftClientReply:client-6EDD19400D46->06a4573b-67a1-41e3-a350-f896363bc636@group-757E3781CD2A, cid=3139, SUCCESS, logIndex=0, commits[06a4573b-67a1-41e3-a350-f896363bc636:c4702, 0b725bbf-683b-4664-9a2e-3c9dd6e38bc1:c4700, 9193e3b7-ae04-484d-a740-c65c11559486:c4700]
2019-08-24 07:08:46,802 | INFO  | SCMAudit | user=jenkins1000 | ip=192.168.69.125 | op=ALLOCATE_BLOCK {owner=61bacca8-15b6-4a50-8962-5e9786b18b0d, size=4194304, type=RATIS, factor=THREE} | ret=SUCCESS |  
2019-08-24 07:08:46,807 | INFO  | OMAudit | user=jenkins1000 | ip=127.0.0.1 | op=ALLOCATE_BLOCK {volume=vol-0-26988, bucket=bucket-0-20739, key=key-0-27353, dataSize=0, replicationType=null, replicationFactor=null, keyLocationInfo=null, clientID=102670695851229586} | ret=SUCCESS |  
2019-08-24 07:08:46,817 | INFO  | DNAudit | user=null | ip=null | op=WRITE_CHUNK {blockData=conID: 2 locID: 102670698204496529 bcsId: 0} | ret=SUCCESS |  
2019-08-24 07:08:46,820 | INFO  | DNAudit | user=null | ip=null | op=WRITE_CHUNK {blockData=conID: 2 locID: 102670698204496529 bcsId: 0} | ret=SUCCESS |  
2019-08-24 07:08:46,820 | INFO  | DNAudit | user=null | ip=null | op=WRITE_CHUNK {blockData=conID: 2 locID: 102670698204496529 bcsId: 0} | ret=SUCCESS |  
2019-08-24 07:08:46,821 | INFO  | DNAudit | user=null | ip=null | op=WRITE_CHUNK {blockData=conID: 2 locID: 102670698204496529 bcsId: 0} | ret=SUCCESS |  
2019-08-24 07:08:46,823 | INFO  | DNAudit | user=null | ip=null | op=WRITE_CHUNK {blockData=conID: 2 locID: 102670698204496529 bcsId: 0} | ret=SUCCESS |  
2019-08-24 07:08:46,823 | INFO  | DNAudit | user=null | ip=null | op=WRITE_CHUNK {blockData=conID: 2 locID: 102670698204496529 bcsId: 0} | ret=SUCCESS |  
2019-08-24 07:08:46,829 | INFO  | DNAudit | user=null | ip=null | op=WRITE_CHUNK {blockData=conID: 2 locID: 102670698204496529 bcsId: 0} | ret=SUCCESS |  
2019-08-24 07:08:46,830 | INFO  | DNAudit | user=null | ip=null | op=PUT_BLOCK {blockData=[blockId=conID: 2 locID: 102670698204496529 bcsId: 0,size=1048576]} | ret=SUCCESS |  
2019-08-24 07:08:46,830 [grpc-default-executor-0] INFO  client.GrpcClientProtocolClient (GrpcClientProtocolClient.java:onNext(255)) - client-6EDD19400D46->06a4573b-67a1-41e3-a350-f896363bc636: receive RaftClientReply:client-6EDD19400D46->06a4573b-67a1-41e3-a350-f896363bc636@group-757E3781CD2A, cid=3140, SUCCESS, logIndex=4703, commits[06a4573b-67a1-41e3-a350-f896363bc636:c4704, 0b725bbf-683b-4664-9a2e-3c9dd6e38bc1:c4702, 9193e3b7-ae04-484d-a740-c65c11559486:c4702]
2019-08-24 07:08:46,831 | INFO  | DNAudit | user=null | ip=null | op=WRITE_CHUNK {blockData=conID: 2 locID: 102670698204496529 bcsId: 0} | ret=SUCCESS |  
2019-08-24 07:08:46,831 [grpc-default-executor-5] INFO  client.GrpcClientProtocolClient (GrpcClientProtocolClient.java:onNext(255)) - client-6EDD19400D46->06a4573b-67a1-41e3-a350-f896363bc636: receive RaftClientReply:client-6EDD19400D46->06a4573b-67a1-41e3-a350-f896363bc636@group-757E3781CD2A, cid=3141, SUCCESS, logIndex=4704, commits[06a4573b-67a1-41e3-a350-f896363bc636:c4704, 0b725bbf-683b-4664-9a2e-3c9dd6e38bc1:c4702, 9193e3b7-ae04-484d-a740-c65c11559486:c4702]
2019-08-24 07:08:46,831 | INFO  | DNAudit | user=null | ip=null | op=PUT_BLOCK {blockData=[blockId=conID: 2 locID: 102670698204496529 bcsId: 0,size=2097152]} | ret=SUCCESS |  
2019-08-24 07:08:46,831 [grpc-default-executor-5] INFO  client.GrpcClientProtocolClient (GrpcClientProtocolClient.java:onNext(255)) - client-6EDD19400D46->06a4573b-67a1-41e3-a350-f896363bc636: receive RaftClientReply:client-6EDD19400D46->06a4573b-67a1-41e3-a350-f896363bc636@group-757E3781CD2A, cid=3142, SUCCESS, logIndex=4705, commits[06a4573b-67a1-41e3-a350-f896363bc636:c4706, 0b725bbf-683b-4664-9a2e-3c9dd6e38bc1:c4702, 9193e3b7-ae04-484d-a740-c65c11559486:c4702]
2019-08-24 07:08:46,832 [grpc-default-executor-5] INFO  client.GrpcClientProtocolClient (GrpcClientProtocolClient.java:onNext(255)) - client-6EDD19400D46->06a4573b-67a1-41e3-a350-f896363bc636: receive RaftClientReply:client-6EDD19400D46->06a4573b-67a1-41e3-a350-f896363bc636@group-757E3781CD2A, cid=3143, SUCCESS, logIndex=4706, commits[06a4573b-67a1-41e3-a350-f896363bc636:c4706, 0b725bbf-683b-4664-9a2e-3c9dd6e38bc1:c4702, 9193e3b7-ae04-484d-a740-c65c11559486:c4702]
2019-08-24 07:08:46,850 | INFO  | DNAudit | user=null | ip=null | op=WRITE_CHUNK {blockData=conID: 2 locID: 102670698204496529 bcsId: 0} | ret=SUCCESS |  
2019-08-24 07:08:46,851 | INFO  | DNAudit | user=null | ip=null | op=PUT_BLOCK {blockData=[blockId=conID: 2 locID: 102670698204496529 bcsId: 0,size=1048576]} | ret=SUCCESS |  
2019-08-24 07:08:46,851 | INFO  | DNAudit | user=null | ip=null | op=WRITE_CHUNK {blockData=conID: 2 locID: 102670698204496529 bcsId: 0} | ret=SUCCESS |  
2019-08-24 07:08:46,851 | INFO  | DNAudit | user=null | ip=null | op=PUT_BLOCK {blockData=[blockId=conID: 2 locID: 102670698204496529 bcsId: 0,size=1048576]} | ret=SUCCESS |  
2019-08-24 07:08:46,851 | INFO  | DNAudit | user=null | ip=null | op=WRITE_CHUNK {blockData=conID: 2 locID: 102670698204496529 bcsId: 0} | ret=SUCCESS |  
2019-08-24 07:08:46,851 | INFO  | DNAudit | user=null | ip=null | op=WRITE_CHUNK {blockData=conID: 2 locID: 102670698204496529 bcsId: 0} | ret=SUCCESS |  
2019-08-24 07:08:46,852 | INFO  | DNAudit | user=null | ip=null | op=PUT_BLOCK {blockData=[blockId=conID: 2 locID: 102670698204496529 bcsId: 0,size=2097152]} | ret=SUCCESS |  
2019-08-24 07:08:46,852 | INFO  | DNAudit | user=null | ip=null | op=PUT_BLOCK {blockData=[blockId=conID: 2 locID: 102670698204496529 bcsId: 0,size=2097152]} | ret=SUCCESS |  
2019-08-24 07:08:46,852 [grpc-default-executor-5] INFO  client.GrpcClientProtocolClient (GrpcClientProtocolClient.java:onNext(255)) - client-6EDD19400D46->06a4573b-67a1-41e3-a350-f896363bc636: receive RaftClientReply:client-6EDD19400D46->06a4573b-67a1-41e3-a350-f896363bc636@group-757E3781CD2A, cid=3144, SUCCESS, logIndex=0, commits[06a4573b-67a1-41e3-a350-f896363bc636:c4708, 0b725bbf-683b-4664-9a2e-3c9dd6e38bc1:c4704, 9193e3b7-ae04-484d-a740-c65c11559486:c4704]
 0.00% |█                                                                                                    |  0/1 Time: 0:00:352019-08-24 07:08:46,854 | INFO  | SCMAudit | user=jenkins1000 | ip=192.168.69.125 | op=SEND_HEARTBEAT {datanodeUUID=25ce0803-6f34-4c69-82c0-892f08679042, command=[]} | ret=SUCCESS |  
2019-08-24 07:08:46,855 | INFO  | SCMAudit | user=jenkins1000 | ip=192.168.69.125 | op=SEND_HEARTBEAT {datanodeUUID=0b725bbf-683b-4664-9a2e-3c9dd6e38bc1, command=[]} | ret=SUCCESS |  
2019-08-24 07:08:46,855 | INFO  | SCMAudit | user=jenkins1000 | ip=192.168.69.125 | op=SEND_HEARTBEAT {datanodeUUID=9193e3b7-ae04-484d-a740-c65c11559486, command=[]} | ret=SUCCESS |  
2019-08-24 07:08:46,855 | INFO  | SCMAudit | user=jenkins1000 | ip=192.168.69.125 | op=SEND_HEARTBEAT {datanodeUUID=b8548da6-9cc6-46be-8dd4-5219531f5960, command=[]} | ret=SUCCESS |  
2019-08-24 07:08:46,855 | INFO  | SCMAudit | user=jenkins1000 | ip=192.168.69.125 | op=SEND_HEARTBEAT {datanodeUUID=06a4573b-67a1-41e3-a350-f896363bc636, command=[]} | ret=SUCCESS |  
2019-08-24 07:08:46,860 | INFO  | DNAudit | user=null | ip=null | op=WRITE_CHUNK {blockData=conID: 2 locID: 102670698204496529 bcsId: 4706} | ret=SUCCESS |  
2019-08-24 07:08:46,863 | INFO  | DNAudit | user=null | ip=null | op=WRITE_CHUNK {blockData=conID: 2 locID: 102670698204496529 bcsId: 4706} | ret=SUCCESS |  
2019-08-24 07:08:46,864 | INFO  | DNAudit | user=null | ip=null | op=WRITE_CHUNK {blockData=conID: 2 locID: 102670698204496529 bcsId: 4706} | ret=SUCCESS |  
2019-08-24 07:08:46,873 | INFO  | DNAudit | user=null | ip=null | op=WRITE_CHUNK {blockData=conID: 2 locID: 102670698204496529 bcsId: 4706} | ret=SUCCESS |  
2019-08-24 07:08:46,873 | INFO  | DNAudit | user=null | ip=null | op=PUT_BLOCK {blockData=[blockId=conID: 2 locID: 102670698204496529 bcsId: 0,size=3145728]} | ret=SUCCESS |  
2019-08-24 07:08:46,874 [grpc-default-executor-2] INFO  client.GrpcClientProtocolClient (GrpcClientProtocolClient.java:onNext(255)) - client-6EDD19400D46->06a4573b-67a1-41e3-a350-f896363bc636: receive RaftClientReply:client-6EDD19400D46->06a4573b-67a1-41e3-a350-f896363bc636@group-757E3781CD2A, cid=3145, SUCCESS, logIndex=4711, commits[06a4573b-67a1-41e3-a350-f896363bc636:c4712, 0b725bbf-683b-4664-9a2e-3c9dd6e38bc1:c4710, 9193e3b7-ae04-484d-a740-c65c11559486:c4710]
2019-08-24 07:08:46,874 [grpc-default-executor-2] INFO  client.GrpcClientProtocolClient (GrpcClientProtocolClient.java:onNext(255)) - client-6EDD19400D46->06a4573b-67a1-41e3-a350-f896363bc636: receive RaftClientReply:client-6EDD19400D46->06a4573b-67a1-41e3-a350-f896363bc636@group-757E3781CD2A, cid=3146, SUCCESS, logIndex=4712, commits[06a4573b-67a1-41e3-a350-f896363bc636:c4712, 0b725bbf-683b-4664-9a2e-3c9dd6e38bc1:c4710, 9193e3b7-ae04-484d-a740-c65c11559486:c4710]
2019-08-24 07:08:46,882 | INFO  | DNAudit | user=null | ip=null | op=WRITE_CHUNK {blockData=conID: 2 locID: 102670698204496529 bcsId: 4712} | ret=SUCCESS |  
2019-08-24 07:08:46,886 | INFO  | DNAudit | user=null | ip=null | op=WRITE_CHUNK {blockData=conID: 2 locID: 102670698204496529 bcsId: 4712} | ret=SUCCESS |  
2019-08-24 07:08:46,886 | INFO  | DNAudit | user=null | ip=null | op=WRITE_CHUNK {blockData=conID: 2 locID: 102670698204496529 bcsId: 4712} | ret=SUCCESS |  
2019-08-24 07:08:46,886 | INFO  | DNAudit | user=null | ip=null | op=WRITE_CHUNK {blockData=conID: 2 locID: 102670698204496529 bcsId: 4706} | ret=SUCCESS |  
2019-08-24 07:08:46,886 | INFO  | DNAudit | user=null | ip=null | op=WRITE_CHUNK {blockData=conID: 2 locID: 102670698204496529 bcsId: 4706} | ret=SUCCESS |  
2019-08-24 07:08:46,897 | INFO  | DNAudit | user=null | ip=null | op=PUT_BLOCK {blockData=[blockId=conID: 2 locID: 102670698204496529 bcsId: 0,size=3145728]} | ret=SUCCESS |  
2019-08-24 07:08:46,897 | INFO  | DNAudit | user=null | ip=null | op=PUT_BLOCK {blockData=[blockId=conID: 2 locID: 102670698204496529 bcsId: 0,size=3145728]} | ret=SUCCESS |  
2019-08-24 07:08:46,898 | INFO  | DNAudit | user=null | ip=null | op=WRITE_CHUNK {blockData=conID: 2 locID: 102670698204496529 bcsId: 4712} | ret=SUCCESS |  
2019-08-24 07:08:46,899 | INFO  | DNAudit | user=null | ip=null | op=PUT_BLOCK {blockData=[blockId=conID: 2 locID: 102670698204496529 bcsId: 0,size=4194304]} | ret=SUCCESS |  
2019-08-24 07:08:46,899 [grpc-default-executor-2] INFO  client.GrpcClientProtocolClient (GrpcClientProtocolClient.java:onNext(255)) - client-6EDD19400D46->06a4573b-67a1-41e3-a350-f896363bc636: receive RaftClientReply:client-6EDD19400D46->06a4573b-67a1-41e3-a350-f896363bc636@group-757E3781CD2A, cid=3147, SUCCESS, logIndex=4715, commits[06a4573b-67a1-41e3-a350-f896363bc636:c4716, 0b725bbf-683b-4664-9a2e-3c9dd6e38bc1:c4712, 9193e3b7-ae04-484d-a740-c65c11559486:c4712]
2019-08-24 07:08:46,899 [grpc-default-executor-2] INFO  client.GrpcClientProtocolClient (GrpcClientProtocolClient.java:onNext(255)) - client-6EDD19400D46->06a4573b-67a1-41e3-a350-f896363bc636: receive RaftClientReply:client-6EDD19400D46->06a4573b-67a1-41e3-a350-f896363bc636@group-757E3781CD2A, cid=3148, SUCCESS, logIndex=4716, commits[06a4573b-67a1-41e3-a350-f896363bc636:c4716, 0b725bbf-683b-4664-9a2e-3c9dd6e38bc1:c4712, 9193e3b7-ae04-484d-a740-c65c11559486:c4712]
2019-08-24 07:08:46,909 | INFO  | DNAudit | user=null | ip=null | op=WRITE_CHUNK {blockData=conID: 2 locID: 102670698204496529 bcsId: 4712} | ret=SUCCESS |  
2019-08-24 07:08:46,910 | INFO  | DNAudit | user=null | ip=null | op=WRITE_CHUNK {blockData=conID: 2 locID: 102670698204496529 bcsId: 4712} | ret=SUCCESS |  
2019-08-24 07:08:46,910 | INFO  | DNAudit | user=null | ip=null | op=PUT_BLOCK {blockData=[blockId=conID: 2 locID: 102670698204496529 bcsId: 0,size=4194304]} | ret=SUCCESS |  
2019-08-24 07:08:46,910 | INFO  | DNAudit | user=null | ip=null | op=PUT_BLOCK {blockData=[blockId=conID: 2 locID: 102670698204496529 bcsId: 0,size=4194304]} | ret=SUCCESS |  
2019-08-24 07:08:46,910 [grpc-default-executor-2] INFO  client.GrpcClientProtocolClient (GrpcClientProtocolClient.java:onNext(255)) - client-6EDD19400D46->06a4573b-67a1-41e3-a350-f896363bc636: receive RaftClientReply:client-6EDD19400D46->06a4573b-67a1-41e3-a350-f896363bc636@group-757E3781CD2A, cid=3149, SUCCESS, logIndex=0, commits[06a4573b-67a1-41e3-a350-f896363bc636:c4717, 0b725bbf-683b-4664-9a2e-3c9dd6e38bc1:c4716, 9193e3b7-ae04-484d-a740-c65c11559486:c4716]
2019-08-24 07:08:46,918 | INFO  | SCMAudit | user=jenkins1000 | ip=192.168.69.125 | op=ALLOCATE_BLOCK {owner=61bacca8-15b6-4a50-8962-5e9786b18b0d, size=4194304, type=RATIS, factor=THREE} | ret=SUCCESS |  
2019-08-24 07:08:46,923 | INFO  | OMAudit | user=jenkins1000 | ip=127.0.0.1 | op=ALLOCATE_BLOCK {volume=vol-0-26988, bucket=bucket-0-20739, key=key-0-27353, dataSize=0, replicationType=null, replicationFactor=null, keyLocationInfo=null, clientID=102670695851229586} | ret=SUCCESS |  
2019-08-24 07:08:46,932 | INFO  | DNAudit | user=null | ip=null | op=WRITE_CHUNK {blockData=conID: 3 locID: 102670698212098706 bcsId: 0} | ret=SUCCESS |  
2019-08-24 07:08:46,934 | INFO  | DNAudit | user=null | ip=null | op=WRITE_CHUNK {blockData=conID: 3 locID: 102670698212098706 bcsId: 0} | ret=SUCCESS |  
2019-08-24 07:08:46,935 | INFO  | DNAudit | user=null | ip=null | op=WRITE_CHUNK {blockData=conID: 3 locID: 102670698212098706 bcsId: 0} | ret=SUCCESS |  
2019-08-24 07:08:46,935 | INFO  | DNAudit | user=null | ip=null | op=WRITE_CHUNK {blockData=conID: 3 locID: 102670698212098706 bcsId: 0} | ret=SUCCESS |  
2019-08-24 07:08:46,936 | INFO  | DNAudit | user=null | ip=null | op=WRITE_CHUNK {blockData=conID: 3 locID: 102670698212098706 bcsId: 0} | ret=SUCCESS |  
2019-08-24 07:08:46,937 | INFO  | DNAudit | user=null | ip=null | op=WRITE_CHUNK {blockData=conID: 3 locID: 102670698212098706 bcsId: 0} | ret=SUCCESS |  
2019-08-24 07:08:46,947 | INFO  | DNAudit | user=null | ip=null | op=WRITE_CHUNK {blockData=conID: 3 locID: 102670698212098706 bcsId: 0} | ret=SUCCESS |  
2019-08-24 07:08:46,948 | INFO  | DNAudit | user=null | ip=null | op=PUT_BLOCK {blockData=[blockId=conID: 3 locID: 102670698212098706 bcsId: 0,size=1048576]} | ret=SUCCESS |  
2019-08-24 07:08:46,948 | INFO  | DNAudit | user=null | ip=null | op=WRITE_CHUNK {blockData=conID: 3 locID: 102670698212098706 bcsId: 0} | ret=SUCCESS |  
2019-08-24 07:08:46,948 [grpc-default-executor-5] INFO  client.GrpcClientProtocolClient (GrpcClientProtocolClient.java:onNext(255)) - client-6EDD19400D46->06a4573b-67a1-41e3-a350-f896363bc636: receive RaftClientReply:client-6EDD19400D46->06a4573b-67a1-41e3-a350-f896363bc636@group-757E3781CD2A, cid=3150, SUCCESS, logIndex=4719, commits[06a4573b-67a1-41e3-a350-f896363bc636:c4721, 0b725bbf-683b-4664-9a2e-3c9dd6e38bc1:c4718, 9193e3b7-ae04-484d-a740-c65c11559486:c4718]
2019-08-24 07:08:46,949 | INFO  | DNAudit | user=null | ip=null | op=PUT_BLOCK {blockData=[blockId=conID: 3 locID: 102670698212098706 bcsId: 0,size=2097152]} | ret=SUCCESS |  
2019-08-24 07:08:46,949 [grpc-default-executor-5] INFO  client.GrpcClientProtocolClient (GrpcClientProtocolClient.java:onNext(255)) - client-6EDD19400D46->06a4573b-67a1-41e3-a350-f896363bc636: receive RaftClientReply:client-6EDD19400D46->06a4573b-67a1-41e3-a350-f896363bc636@group-757E3781CD2A, cid=3151, SUCCESS, logIndex=4720, commits[06a4573b-67a1-41e3-a350-f896363bc636:c4722, 0b725bbf-683b-4664-9a2e-3c9dd6e38bc1:c4718, 9193e3b7-ae04-484d-a740-c65c11559486:c4718]
2019-08-24 07:08:46,949 [grpc-default-executor-5] INFO  client.GrpcClientProtocolClient (GrpcClientProtocolClient.java:onNext(255)) - client-6EDD19400D46->06a4573b-67a1-41e3-a350-f896363bc636: receive RaftClientReply:client-6EDD19400D46->06a4573b-67a1-41e3-a350-f896363bc636@group-757E3781CD2A, cid=3152, SUCCESS, logIndex=4721, commits[06a4573b-67a1-41e3-a350-f896363bc636:c4722, 0b725bbf-683b-4664-9a2e-3c9dd6e38bc1:c4718, 9193e3b7-ae04-484d-a740-c65c11559486:c4718]
2019-08-24 07:08:46,949 [grpc-default-executor-5] INFO  client.GrpcClientProtocolClient (GrpcClientProtocolClient.java:onNext(255)) - client-6EDD19400D46->06a4573b-67a1-41e3-a350-f896363bc636: receive RaftClientReply:client-6EDD19400D46->06a4573b-67a1-41e3-a350-f896363bc636@group-757E3781CD2A, cid=3153, SUCCESS, logIndex=4722, commits[06a4573b-67a1-41e3-a350-f896363bc636:c4722, 0b725bbf-683b-4664-9a2e-3c9dd6e38bc1:c4718, 9193e3b7-ae04-484d-a740-c65c11559486:c4718]
2019-08-24 07:08:46,958 | INFO  | DNAudit | user=null | ip=null | op=WRITE_CHUNK {blockData=conID: 3 locID: 102670698212098706 bcsId: 0} | ret=SUCCESS |  
2019-08-24 07:08:46,959 | INFO  | DNAudit | user=null | ip=null | op=WRITE_CHUNK {blockData=conID: 3 locID: 102670698212098706 bcsId: 0} | ret=SUCCESS |  
2019-08-24 07:08:46,959 | INFO  | DNAudit | user=null | ip=null | op=PUT_BLOCK {blockData=[blockId=conID: 3 locID: 102670698212098706 bcsId: 0,size=1048576]} | ret=SUCCESS |  
2019-08-24 07:08:46,959 | INFO  | DNAudit | user=null | ip=null | op=PUT_BLOCK {blockData=[blockId=conID: 3 locID: 102670698212098706 bcsId: 0,size=1048576]} | ret=SUCCESS |  
2019-08-24 07:08:46,959 | INFO  | DNAudit | user=null | ip=null | op=WRITE_CHUNK {blockData=conID: 3 locID: 102670698212098706 bcsId: 0} | ret=SUCCESS |  
2019-08-24 07:08:46,959 | INFO  | DNAudit | user=null | ip=null | op=WRITE_CHUNK {blockData=conID: 3 locID: 102670698212098706 bcsId: 0} | ret=SUCCESS |  
2019-08-24 07:08:46,960 | INFO  | DNAudit | user=null | ip=null | op=PUT_BLOCK {blockData=[blockId=conID: 3 locID: 102670698212098706 bcsId: 0,size=2097152]} | ret=SUCCESS |  
2019-08-24 07:08:46,960 [grpc-default-executor-2] INFO  client.GrpcClientProtocolClient (GrpcClientProtocolClient.java:onNext(255)) - client-6EDD19400D46->06a4573b-67a1-41e3-a350-f896363bc636: receive RaftClientReply:client-6EDD19400D46->06a4573b-67a1-41e3-a350-f896363bc636@group-757E3781CD2A, cid=3154, SUCCESS, logIndex=0, commits[06a4573b-67a1-41e3-a350-f896363bc636:c4724, 0b725bbf-683b-4664-9a2e-3c9dd6e38bc1:c4721, 9193e3b7-ae04-484d-a740-c65c11559486:c4720]
2019-08-24 07:08:46,960 | INFO  | DNAudit | user=null | ip=null | op=PUT_BLOCK {blockData=[blockId=conID: 3 locID: 102670698212098706 bcsId: 0,size=2097152]} | ret=SUCCESS |  
2019-08-24 07:08:46,967 | INFO  | DNAudit | user=null | ip=null | op=WRITE_CHUNK {blockData=conID: 3 locID: 102670698212098706 bcsId: 4722} | ret=SUCCESS |  
2019-08-24 07:08:46,971 | INFO  | DNAudit | user=null | ip=null | op=WRITE_CHUNK {blockData=conID: 3 locID: 102670698212098706 bcsId: 4722} | ret=SUCCESS |  
2019-08-24 07:08:46,971 | INFO  | DNAudit | user=null | ip=null | op=WRITE_CHUNK {blockData=conID: 3 locID: 102670698212098706 bcsId: 4722} | ret=SUCCESS |  
2019-08-24 07:08:46,984 | INFO  | DNAudit | user=null | ip=null | op=WRITE_CHUNK {blockData=conID: 3 locID: 102670698212098706 bcsId: 4722} | ret=SUCCESS |  
2019-08-24 07:08:46,985 | INFO  | DNAudit | user=null | ip=null | op=PUT_BLOCK {blockData=[blockId=conID: 3 locID: 102670698212098706 bcsId: 0,size=3145728]} | ret=SUCCESS |  
2019-08-24 07:08:46,985 [grpc-default-executor-5] INFO  client.GrpcClientProtocolClient (GrpcClientProtocolClient.java:onNext(255)) - client-6EDD19400D46->06a4573b-67a1-41e3-a350-f896363bc636: receive RaftClientReply:client-6EDD19400D46->06a4573b-67a1-41e3-a350-f896363bc636@group-757E3781CD2A, cid=3155, SUCCESS, logIndex=4727, commits[06a4573b-67a1-41e3-a350-f896363bc636:c4728, 0b725bbf-683b-4664-9a2e-3c9dd6e38bc1:c4726, 9193e3b7-ae04-484d-a740-c65c11559486:c4726]
2019-08-24 07:08:46,985 [grpc-default-executor-5] INFO  client.GrpcClientProtocolClient (GrpcClientProtocolClient.java:onNext(255)) - client-6EDD19400D46->06a4573b-67a1-41e3-a350-f896363bc636: receive RaftClientReply:client-6EDD19400D46->06a4573b-67a1-41e3-a350-f896363bc636@group-757E3781CD2A, cid=3156, SUCCESS, logIndex=4728, commits[06a4573b-67a1-41e3-a350-f896363bc636:c4728, 0b725bbf-683b-4664-9a2e-3c9dd6e38bc1:c4726, 9193e3b7-ae04-484d-a740-c65c11559486:c4726]
2019-08-24 07:08:46,993 | INFO  | DNAudit | user=null | ip=null | op=WRITE_CHUNK {blockData=conID: 3 locID: 102670698212098706 bcsId: 4728} | ret=SUCCESS |  
2019-08-24 07:08:46,995 | INFO  | DNAudit | user=null | ip=null | op=WRITE_CHUNK {blockData=conID: 3 locID: 102670698212098706 bcsId: 4722} | ret=SUCCESS |  
2019-08-24 07:08:46,995 | INFO  | DNAudit | user=null | ip=null | op=WRITE_CHUNK {blockData=conID: 3 locID: 102670698212098706 bcsId: 4722} | ret=SUCCESS |  
2019-08-24 07:08:46,996 | INFO  | DNAudit | user=null | ip=null | op=WRITE_CHUNK {blockData=conID: 3 locID: 102670698212098706 bcsId: 4728} | ret=SUCCESS |  
2019-08-24 07:08:46,996 | INFO  | DNAudit | user=null | ip=null | op=WRITE_CHUNK {blockData=conID: 3 locID: 102670698212098706 bcsId: 4728} | ret=SUCCESS |  
2019-08-24 07:08:47,008 | INFO  | DNAudit | user=null | ip=null | op=PUT_BLOCK {blockData=[blockId=conID: 3 locID: 102670698212098706 bcsId: 0,size=3145728]} | ret=SUCCESS |  
2019-08-24 07:08:47,008 | INFO  | DNAudit | user=null | ip=null | op=PUT_BLOCK {blockData=[blockId=conID: 3 locID: 102670698212098706 bcsId: 0,size=3145728]} | ret=SUCCESS |  
2019-08-24 07:08:47,008 | INFO  | DNAudit | user=null | ip=null | op=WRITE_CHUNK {blockData=conID: 3 locID: 102670698212098706 bcsId: 4728} | ret=SUCCESS |  
2019-08-24 07:08:47,009 | INFO  | DNAudit | user=null | ip=null | op=PUT_BLOCK {blockData=[blockId=conID: 3 locID: 102670698212098706 bcsId: 0,size=4194304]} | ret=SUCCESS |  
2019-08-24 07:08:47,009 [grpc-default-executor-2] INFO  client.GrpcClientProtocolClient (GrpcClientProtocolClient.java:onNext(255)) - client-6EDD19400D46->06a4573b-67a1-41e3-a350-f896363bc636: receive RaftClientReply:client-6EDD19400D46->06a4573b-67a1-41e3-a350-f896363bc636@group-757E3781CD2A, cid=3157, SUCCESS, logIndex=4731, commits[06a4573b-67a1-41e3-a350-f896363bc636:c4732, 0b725bbf-683b-4664-9a2e-3c9dd6e38bc1:c4728, 9193e3b7-ae04-484d-a740-c65c11559486:c4728]
2019-08-24 07:08:47,009 [grpc-default-executor-2] INFO  client.GrpcClientProtocolClient (GrpcClientProtocolClient.java:onNext(255)) - client-6EDD19400D46->06a4573b-67a1-41e3-a350-f896363bc636: receive RaftClientReply:client-6EDD19400D46->06a4573b-67a1-41e3-a350-f896363bc636@group-757E3781CD2A, cid=3158, SUCCESS, logIndex=4732, commits[06a4573b-67a1-41e3-a350-f896363bc636:c4732, 0b725bbf-683b-4664-9a2e-3c9dd6e38bc1:c4728, 9193e3b7-ae04-484d-a740-c65c11559486:c4728]
2019-08-24 07:08:47,010 | INFO  | DNAudit | user=null | ip=null | op=WRITE_CHUNK {blockData=conID: 3 locID: 102670698212098706 bcsId: 4728} | ret=SUCCESS |  
2019-08-24 07:08:47,010 | INFO  | DNAudit | user=null | ip=null | op=WRITE_CHUNK {blockData=conID: 3 locID: 102670698212098706 bcsId: 4728} | ret=SUCCESS |  
2019-08-24 07:08:47,011 | INFO  | DNAudit | user=null | ip=null | op=PUT_BLOCK {blockData=[blockId=conID: 3 locID: 102670698212098706 bcsId: 0,size=4194304]} | ret=SUCCESS |  
2019-08-24 07:08:47,011 | INFO  | DNAudit | user=null | ip=null | op=PUT_BLOCK {blockData=[blockId=conID: 3 locID: 102670698212098706 bcsId: 0,size=4194304]} | ret=SUCCESS |  
2019-08-24 07:08:47,012 [grpc-default-executor-2] INFO  client.GrpcClientProtocolClient (GrpcClientProtocolClient.java:onNext(255)) - client-6EDD19400D46->06a4573b-67a1-41e3-a350-f896363bc636: receive RaftClientReply:client-6EDD19400D46->06a4573b-67a1-41e3-a350-f896363bc636@group-757E3781CD2A, cid=3159, SUCCESS, logIndex=0, commits[06a4573b-67a1-41e3-a350-f896363bc636:c4734, 0b725bbf-683b-4664-9a2e-3c9dd6e38bc1:c4732, 9193e3b7-ae04-484d-a740-c65c11559486:c4732]
2019-08-24 07:08:47,021 | INFO  | SCMAudit | user=jenkins1000 | ip=192.168.69.125 | op=ALLOCATE_BLOCK {owner=61bacca8-15b6-4a50-8962-5e9786b18b0d, size=4194304, type=RATIS, factor=THREE} | ret=SUCCESS |  
2019-08-24 07:08:47,027 | INFO  | OMAudit | user=jenkins1000 | ip=127.0.0.1 | op=ALLOCATE_BLOCK {volume=vol-0-26988, bucket=bucket-0-20739, key=key-0-27353, dataSize=0, replicationType=null, replicationFactor=null, keyLocationInfo=null, clientID=102670695851229586} | ret=SUCCESS |  
2019-08-24 07:08:47,036 | INFO  | DNAudit | user=null | ip=null | op=WRITE_CHUNK {blockData=conID: 1 locID: 102670698218848915 bcsId: 0} | ret=SUCCESS |  
2019-08-24 07:08:47,037 | INFO  | DNAudit | user=null | ip=null | op=WRITE_CHUNK {blockData=conID: 1 locID: 102670698218848915 bcsId: 0} | ret=SUCCESS |  
2019-08-24 07:08:47,039 | INFO  | DNAudit | user=null | ip=null | op=WRITE_CHUNK {blockData=conID: 1 locID: 102670698218848915 bcsId: 0} | ret=SUCCESS |  
2019-08-24 07:08:47,039 | INFO  | DNAudit | user=null | ip=null | op=WRITE_CHUNK {blockData=conID: 1 locID: 102670698218848915 bcsId: 0} | ret=SUCCESS |  
2019-08-24 07:08:47,040 | INFO  | DNAudit | user=null | ip=null | op=WRITE_CHUNK {blockData=conID: 1 locID: 102670698218848915 bcsId: 0} | ret=SUCCESS |  
2019-08-24 07:08:47,040 | INFO  | DNAudit | user=null | ip=null | op=WRITE_CHUNK {blockData=conID: 1 locID: 102670698218848915 bcsId: 0} | ret=SUCCESS |  
2019-08-24 07:08:47,050 | INFO  | DNAudit | user=null | ip=null | op=WRITE_CHUNK {blockData=conID: 1 locID: 102670698218848915 bcsId: 0} | ret=SUCCESS |  
2019-08-24 07:08:47,051 | INFO  | DNAudit | user=null | ip=null | op=PUT_BLOCK {blockData=[blockId=conID: 1 locID: 102670698218848915 bcsId: 0,size=1048576]} | ret=SUCCESS |  
2019-08-24 07:08:47,051 | INFO  | DNAudit | user=null | ip=null | op=WRITE_CHUNK {blockData=conID: 1 locID: 102670698218848915 bcsId: 0} | ret=SUCCESS |  
2019-08-24 07:08:47,051 [grpc-default-executor-1] INFO  client.GrpcClientProtocolClient (GrpcClientProtocolClient.java:onNext(255)) - client-6EDD19400D46->06a4573b-67a1-41e3-a350-f896363bc636: receive RaftClientReply:client-6EDD19400D46->06a4573b-67a1-41e3-a350-f896363bc636@group-757E3781CD2A, cid=3160, SUCCESS, logIndex=4735, commits[06a4573b-67a1-41e3-a350-f896363bc636:c4736, 0b725bbf-683b-4664-9a2e-3c9dd6e38bc1:c4734, 9193e3b7-ae04-484d-a740-c65c11559486:c4734]
2019-08-24 07:08:47,051 | INFO  | DNAudit | user=null | ip=null | op=PUT_BLOCK {blockData=[blockId=conID: 1 locID: 102670698218848915 bcsId: 0,size=2097152]} | ret=SUCCESS |  
2019-08-24 07:08:47,052 [grpc-default-executor-1] INFO  client.GrpcClientProtocolClient (GrpcClientProtocolClient.java:onNext(255)) - client-6EDD19400D46->06a4573b-67a1-41e3-a350-f896363bc636: receive RaftClientReply:client-6EDD19400D46->06a4573b-67a1-41e3-a350-f896363bc636@group-757E3781CD2A, cid=3161, SUCCESS, logIndex=4736, commits[06a4573b-67a1-41e3-a350-f896363bc636:c4738, 0b725bbf-683b-4664-9a2e-3c9dd6e38bc1:c4734, 9193e3b7-ae04-484d-a740-c65c11559486:c4734]
2019-08-24 07:08:47,052 [grpc-default-executor-1] INFO  client.GrpcClientProtocolClient (GrpcClientProtocolClient.java:onNext(255)) - client-6EDD19400D46->06a4573b-67a1-41e3-a350-f896363bc636: receive RaftClientReply:client-6EDD19400D46->06a4573b-67a1-41e3-a350-f896363bc636@group-757E3781CD2A, cid=3162, SUCCESS, logIndex=4737, commits[06a4573b-67a1-41e3-a350-f896363bc636:c4738, 0b725bbf-683b-4664-9a2e-3c9dd6e38bc1:c4734, 9193e3b7-ae04-484d-a740-c65c11559486:c4734]
2019-08-24 07:08:47,052 [grpc-default-executor-1] INFO  client.GrpcClientProtocolClient (GrpcClientProtocolClient.java:onNext(255)) - client-6EDD19400D46->06a4573b-67a1-41e3-a350-f896363bc636: receive RaftClientReply:client-6EDD19400D46->06a4573b-67a1-41e3-a350-f896363bc636@group-757E3781CD2A, cid=3163, SUCCESS, logIndex=4738, commits[06a4573b-67a1-41e3-a350-f896363bc636:c4738, 0b725bbf-683b-4664-9a2e-3c9dd6e38bc1:c4734, 9193e3b7-ae04-484d-a740-c65c11559486:c4734]
2019-08-24 07:08:47,062 | INFO  | DNAudit | user=null | ip=null | op=WRITE_CHUNK {blockData=conID: 1 locID: 102670698218848915 bcsId: 0} | ret=SUCCESS |  
2019-08-24 07:08:47,062 | INFO  | DNAudit | user=null | ip=null | op=WRITE_CHUNK {blockData=conID: 1 locID: 102670698218848915 bcsId: 0} | ret=SUCCESS |  
2019-08-24 07:08:47,062 | INFO  | DNAudit | user=null | ip=null | op=PUT_BLOCK {blockData=[blockId=conID: 1 locID: 102670698218848915 bcsId: 0,size=1048576]} | ret=SUCCESS |  
2019-08-24 07:08:47,063 | INFO  | DNAudit | user=null | ip=null | op=PUT_BLOCK {blockData=[blockId=conID: 1 locID: 102670698218848915 bcsId: 0,size=1048576]} | ret=SUCCESS |  
2019-08-24 07:08:47,063 | INFO  | DNAudit | user=null | ip=null | op=WRITE_CHUNK {blockData=conID: 1 locID: 102670698218848915 bcsId: 0} | ret=SUCCESS |  
2019-08-24 07:08:47,064 | INFO  | DNAudit | user=null | ip=null | op=PUT_BLOCK {blockData=[blockId=conID: 1 locID: 102670698218848915 bcsId: 0,size=2097152]} | ret=SUCCESS |  
2019-08-24 07:08:47,064 | INFO  | DNAudit | user=null | ip=null | op=WRITE_CHUNK {blockData=conID: 1 locID: 102670698218848915 bcsId: 0} | ret=SUCCESS |  
2019-08-24 07:08:47,064 | INFO  | DNAudit | user=null | ip=null | op=PUT_BLOCK {blockData=[blockId=conID: 1 locID: 102670698218848915 bcsId: 0,size=2097152]} | ret=SUCCESS |  
2019-08-24 07:08:47,064 [grpc-default-executor-1] INFO  client.GrpcClientProtocolClient (GrpcClientProtocolClient.java:onNext(255)) - client-6EDD19400D46->06a4573b-67a1-41e3-a350-f896363bc636: receive RaftClientReply:client-6EDD19400D46->06a4573b-67a1-41e3-a350-f896363bc636@group-757E3781CD2A, cid=3164, SUCCESS, logIndex=0, commits[06a4573b-67a1-41e3-a350-f896363bc636:c4740, 0b725bbf-683b-4664-9a2e-3c9dd6e38bc1:c4736, 9193e3b7-ae04-484d-a740-c65c11559486:c4736]
2019-08-24 07:08:47,071 | INFO  | DNAudit | user=null | ip=null | op=WRITE_CHUNK {blockData=conID: 1 locID: 102670698218848915 bcsId: 4738} | ret=SUCCESS |  
2019-08-24 07:08:47,074 | INFO  | DNAudit | user=null | ip=null | op=WRITE_CHUNK {blockData=conID: 1 locID: 102670698218848915 bcsId: 4738} | ret=SUCCESS |  
2019-08-24 07:08:47,075 | INFO  | DNAudit | user=null | ip=null | op=WRITE_CHUNK {blockData=conID: 1 locID: 102670698218848915 bcsId: 4738} | ret=SUCCESS |  
2019-08-24 07:08:47,084 | INFO  | DNAudit | user=null | ip=null | op=WRITE_CHUNK {blockData=conID: 1 locID: 102670698218848915 bcsId: 4738} | ret=SUCCESS |  
2019-08-24 07:08:47,084 | INFO  | DNAudit | user=null | ip=null | op=PUT_BLOCK {blockData=[blockId=conID: 1 locID: 102670698218848915 bcsId: 0,size=3145728]} | ret=SUCCESS |  
2019-08-24 07:08:47,085 [grpc-default-executor-2] INFO  client.GrpcClientProtocolClient (GrpcClientProtocolClient.java:onNext(255)) - client-6EDD19400D46->06a4573b-67a1-41e3-a350-f896363bc636: receive RaftClientReply:client-6EDD19400D46->06a4573b-67a1-41e3-a350-f896363bc636@group-757E3781CD2A, cid=3165, SUCCESS, logIndex=4742, commits[06a4573b-67a1-41e3-a350-f896363bc636:c4743, 0b725bbf-683b-4664-9a2e-3c9dd6e38bc1:c4741, 9193e3b7-ae04-484d-a740-c65c11559486:c4741]
2019-08-24 07:08:47,085 [grpc-default-executor-2] INFO  client.GrpcClientProtocolClient (GrpcClientProtocolClient.java:onNext(255)) - client-6EDD19400D46->06a4573b-67a1-41e3-a350-f896363bc636: receive RaftClientReply:client-6EDD19400D46->06a4573b-67a1-41e3-a350-f896363bc636@group-757E3781CD2A, cid=3166, SUCCESS, logIndex=4743, commits[06a4573b-67a1-41e3-a350-f896363bc636:c4743, 0b725bbf-683b-4664-9a2e-3c9dd6e38bc1:c4741, 9193e3b7-ae04-484d-a740-c65c11559486:c4741]
2019-08-24 07:08:47,092 | INFO  | DNAudit | user=null | ip=null | op=WRITE_CHUNK {blockData=conID: 1 locID: 102670698218848915 bcsId: 4743} | ret=SUCCESS |  
2019-08-24 07:08:47,096 | INFO  | DNAudit | user=null | ip=null | op=WRITE_CHUNK {blockData=conID: 1 locID: 102670698218848915 bcsId: 4738} | ret=SUCCESS |  
2019-08-24 07:08:47,096 | INFO  | DNAudit | user=null | ip=null | op=WRITE_CHUNK {blockData=conID: 1 locID: 102670698218848915 bcsId: 4738} | ret=SUCCESS |  
2019-08-24 07:08:47,097 | INFO  | DNAudit | user=null | ip=null | op=WRITE_CHUNK {blockData=conID: 1 locID: 102670698218848915 bcsId: 4743} | ret=SUCCESS |  
2019-08-24 07:08:47,097 | INFO  | DNAudit | user=null | ip=null | op=WRITE_CHUNK {blockData=conID: 1 locID: 102670698218848915 bcsId: 4743} | ret=SUCCESS |  
2019-08-24 07:08:47,109 | INFO  | DNAudit | user=null | ip=null | op=PUT_BLOCK {blockData=[blockId=conID: 1 locID: 102670698218848915 bcsId: 0,size=3145728]} | ret=SUCCESS |  
2019-08-24 07:08:47,109 | INFO  | DNAudit | user=null | ip=null | op=WRITE_CHUNK {blockData=conID: 1 locID: 102670698218848915 bcsId: 4743} | ret=SUCCESS |  
2019-08-24 07:08:47,109 | INFO  | DNAudit | user=null | ip=null | op=PUT_BLOCK {blockData=[blockId=conID: 1 locID: 102670698218848915 bcsId: 0,size=3145728]} | ret=SUCCESS |  
2019-08-24 07:08:47,110 | INFO  | DNAudit | user=null | ip=null | op=PUT_BLOCK {blockData=[blockId=conID: 1 locID: 102670698218848915 bcsId: 0,size=4194304]} | ret=SUCCESS |  
2019-08-24 07:08:47,110 [grpc-default-executor-2] INFO  client.GrpcClientProtocolClient (GrpcClientProtocolClient.java:onNext(255)) - client-6EDD19400D46->06a4573b-67a1-41e3-a350-f896363bc636: receive RaftClientReply:client-6EDD19400D46->06a4573b-67a1-41e3-a350-f896363bc636@group-757E3781CD2A, cid=3167, SUCCESS, logIndex=4746, commits[06a4573b-67a1-41e3-a350-f896363bc636:c4747, 0b725bbf-683b-4664-9a2e-3c9dd6e38bc1:c4743, 9193e3b7-ae04-484d-a740-c65c11559486:c4742]
2019-08-24 07:08:47,110 [grpc-default-executor-2] INFO  client.GrpcClientProtocolClient (GrpcClientProtocolClient.java:onNext(255)) - client-6EDD19400D46->06a4573b-67a1-41e3-a350-f896363bc636: receive RaftClientReply:client-6EDD19400D46->06a4573b-67a1-41e3-a350-f896363bc636@group-757E3781CD2A, cid=3168, SUCCESS, logIndex=4747, commits[06a4573b-67a1-41e3-a350-f896363bc636:c4747, 0b725bbf-683b-4664-9a2e-3c9dd6e38bc1:c4743, 9193e3b7-ae04-484d-a740-c65c11559486:c4743]
2019-08-24 07:08:47,111 | INFO  | DNAudit | user=null | ip=null | op=WRITE_CHUNK {blockData=conID: 1 locID: 102670698218848915 bcsId: 4743} | ret=SUCCESS |  
2019-08-24 07:08:47,111 | INFO  | DNAudit | user=null | ip=null | op=WRITE_CHUNK {blockData=conID: 1 locID: 102670698218848915 bcsId: 4743} | ret=SUCCESS |  
2019-08-24 07:08:47,113 | INFO  | DNAudit | user=null | ip=null | op=PUT_BLOCK {blockData=[blockId=conID: 1 locID: 102670698218848915 bcsId: 0,size=4194304]} | ret=SUCCESS |  
2019-08-24 07:08:47,113 | INFO  | DNAudit | user=null | ip=null | op=PUT_BLOCK {blockData=[blockId=conID: 1 locID: 102670698218848915 bcsId: 0,size=4194304]} | ret=SUCCESS |  
2019-08-24 07:08:47,113 [grpc-default-executor-1] INFO  client.GrpcClientProtocolClient (GrpcClientProtocolClient.java:onNext(255)) - client-6EDD19400D46->06a4573b-67a1-41e3-a350-f896363bc636: receive RaftClientReply:client-6EDD19400D46->06a4573b-67a1-41e3-a350-f896363bc636@group-757E3781CD2A, cid=3169, SUCCESS, logIndex=0, commits[06a4573b-67a1-41e3-a350-f896363bc636:c4749, 0b725bbf-683b-4664-9a2e-3c9dd6e38bc1:c4747, 9193e3b7-ae04-484d-a740-c65c11559486:c4747]
2019-08-24 07:08:47,119 | INFO  | SCMAudit | user=jenkins1000 | ip=192.168.69.125 | op=ALLOCATE_BLOCK {owner=61bacca8-15b6-4a50-8962-5e9786b18b0d, size=4194304, type=RATIS, factor=THREE} | ret=SUCCESS |  
2019-08-24 07:08:47,281 | INFO  | OMAudit | user=jenkins1000 | ip=127.0.0.1 | op=ALLOCATE_BLOCK {volume=vol-0-26988, bucket=bucket-0-20739, key=key-0-27353, dataSize=0, replicationType=null, replicationFactor=null, keyLocationInfo=null, clientID=102670695851229586} | ret=SUCCESS |  
2019-08-24 07:08:47,292 | INFO  | DNAudit | user=null | ip=null | op=WRITE_CHUNK {blockData=conID: 2 locID: 102670698225271444 bcsId: 0} | ret=SUCCESS |  
2019-08-24 07:08:47,295 | INFO  | DNAudit | user=null | ip=null | op=WRITE_CHUNK {blockData=conID: 2 locID: 102670698225271444 bcsId: 0} | ret=SUCCESS |  
2019-08-24 07:08:47,296 | INFO  | DNAudit | user=null | ip=null | op=WRITE_CHUNK {blockData=conID: 2 locID: 102670698225271444 bcsId: 0} | ret=SUCCESS |  
2019-08-24 07:08:47,297 | INFO  | DNAudit | user=null | ip=null | op=WRITE_CHUNK {blockData=conID: 2 locID: 102670698225271444 bcsId: 0} | ret=SUCCESS |  
2019-08-24 07:08:47,298 | INFO  | DNAudit | user=null | ip=null | op=WRITE_CHUNK {blockData=conID: 2 locID: 102670698225271444 bcsId: 0} | ret=SUCCESS |  
2019-08-24 07:08:47,299 | INFO  | DNAudit | user=null | ip=null | op=WRITE_CHUNK {blockData=conID: 2 locID: 102670698225271444 bcsId: 0} | ret=SUCCESS |  
2019-08-24 07:08:47,305 | INFO  | DNAudit | user=null | ip=null | op=WRITE_CHUNK {blockData=conID: 2 locID: 102670698225271444 bcsId: 0} | ret=SUCCESS |  
2019-08-24 07:08:47,305 | INFO  | DNAudit | user=null | ip=null | op=PUT_BLOCK {blockData=[blockId=conID: 2 locID: 102670698225271444 bcsId: 0,size=1048576]} | ret=SUCCESS |  
2019-08-24 07:08:47,306 [grpc-default-executor-2] INFO  client.GrpcClientProtocolClient (GrpcClientProtocolClient.java:onNext(255)) - client-6EDD19400D46->06a4573b-67a1-41e3-a350-f896363bc636: receive RaftClientReply:client-6EDD19400D46->06a4573b-67a1-41e3-a350-f896363bc636@group-757E3781CD2A, cid=3170, SUCCESS, logIndex=4750, commits[06a4573b-67a1-41e3-a350-f896363bc636:c4751, 0b725bbf-683b-4664-9a2e-3c9dd6e38bc1:c4749, 9193e3b7-ae04-484d-a740-c65c11559486:c4749]
2019-08-24 07:08:47,306 | INFO  | DNAudit | user=null | ip=null | op=WRITE_CHUNK {blockData=conID: 2 locID: 102670698225271444 bcsId: 0} | ret=SUCCESS |  
2019-08-24 07:08:47,306 [grpc-default-executor-2] INFO  client.GrpcClientProtocolClient (GrpcClientProtocolClient.java:onNext(255)) - client-6EDD19400D46->06a4573b-67a1-41e3-a350-f896363bc636: receive RaftClientReply:client-6EDD19400D46->06a4573b-67a1-41e3-a350-f896363bc636@group-757E3781CD2A, cid=3171, SUCCESS, logIndex=4751, commits[06a4573b-67a1-41e3-a350-f896363bc636:c4753, 0b725bbf-683b-4664-9a2e-3c9dd6e38bc1:c4749, 9193e3b7-ae04-484d-a740-c65c11559486:c4749]
2019-08-24 07:08:47,306 | INFO  | DNAudit | user=null | ip=null | op=PUT_BLOCK {blockData=[blockId=conID: 2 locID: 102670698225271444 bcsId: 0,size=2097152]} | ret=SUCCESS |  
2019-08-24 07:08:47,306 | INFO  | DNAudit | user=null | ip=null | op=WRITE_CHUNK {blockData=conID: 2 locID: 102670698225271444 bcsId: 0} | ret=SUCCESS |  
2019-08-24 07:08:47,307 [grpc-default-executor-2] INFO  client.GrpcClientProtocolClient (GrpcClientProtocolClient.java:onNext(255)) - client-6EDD19400D46->06a4573b-67a1-41e3-a350-f896363bc636: receive RaftClientReply:client-6EDD19400D46->06a4573b-67a1-41e3-a350-f896363bc636@group-757E3781CD2A, cid=3172, SUCCESS, logIndex=4752, commits[06a4573b-67a1-41e3-a350-f896363bc636:c4753, 0b725bbf-683b-4664-9a2e-3c9dd6e38bc1:c4749, 9193e3b7-ae04-484d-a740-c65c11559486:c4749]
2019-08-24 07:08:47,307 | INFO  | DNAudit | user=null | ip=null | op=PUT_BLOCK {blockData=[blockId=conID: 2 locID: 102670698225271444 bcsId: 0,size=1048576]} | ret=SUCCESS |  
2019-08-24 07:08:47,307 | INFO  | DNAudit | user=null | ip=null | op=WRITE_CHUNK {blockData=conID: 2 locID: 102670698225271444 bcsId: 0} | ret=SUCCESS |  
2019-08-24 07:08:47,307 | INFO  | DNAudit | user=null | ip=null | op=PUT_BLOCK {blockData=[blockId=conID: 2 locID: 102670698225271444 bcsId: 0,size=1048576]} | ret=SUCCESS |  
2019-08-24 07:08:47,307 | INFO  | DNAudit | user=null | ip=null | op=WRITE_CHUNK {blockData=conID: 2 locID: 102670698225271444 bcsId: 0} | ret=SUCCESS |  
2019-08-24 07:08:47,307 [grpc-default-executor-2] INFO  client.GrpcClientProtocolClient (GrpcClientProtocolClient.java:onNext(255)) - client-6EDD19400D46->06a4573b-67a1-41e3-a350-f896363bc636: receive RaftClientReply:client-6EDD19400D46->06a4573b-67a1-41e3-a350-f896363bc636@group-757E3781CD2A, cid=3173, SUCCESS, logIndex=4753, commits[06a4573b-67a1-41e3-a350-f896363bc636:c4754, 0b725bbf-683b-4664-9a2e-3c9dd6e38bc1:c4749, 9193e3b7-ae04-484d-a740-c65c11559486:c4750]
2019-08-24 07:08:47,308 | INFO  | DNAudit | user=null | ip=null | op=PUT_BLOCK {blockData=[blockId=conID: 2 locID: 102670698225271444 bcsId: 0,size=2097152]} | ret=SUCCESS |  
2019-08-24 07:08:47,308 | INFO  | DNAudit | user=null | ip=null | op=WRITE_CHUNK {blockData=conID: 2 locID: 102670698225271444 bcsId: 0} | ret=SUCCESS |  
2019-08-24 07:08:47,308 | INFO  | DNAudit | user=null | ip=null | op=PUT_BLOCK {blockData=[blockId=conID: 2 locID: 102670698225271444 bcsId: 0,size=2097152]} | ret=SUCCESS |  
2019-08-24 07:08:47,309 [grpc-default-executor-2] INFO  client.GrpcClientProtocolClient (GrpcClientProtocolClient.java:onNext(255)) - client-6EDD19400D46->06a4573b-67a1-41e3-a350-f896363bc636: receive RaftClientReply:client-6EDD19400D46->06a4573b-67a1-41e3-a350-f896363bc636@group-757E3781CD2A, cid=3174, SUCCESS, logIndex=0, commits[06a4573b-67a1-41e3-a350-f896363bc636:c4757, 0b725bbf-683b-4664-9a2e-3c9dd6e38bc1:c4752, 9193e3b7-ae04-484d-a740-c65c11559486:c4753]
2019-08-24 07:08:47,316 | INFO  | DNAudit | user=null | ip=null | op=WRITE_CHUNK {blockData=conID: 2 locID: 102670698225271444 bcsId: 4753} | ret=SUCCESS |  
2019-08-24 07:08:47,319 | INFO  | DNAudit | user=null | ip=null | op=WRITE_CHUNK {blockData=conID: 2 locID: 102670698225271444 bcsId: 4753} | ret=SUCCESS |  
2019-08-24 07:08:47,320 | INFO  | DNAudit | user=null | ip=null | op=WRITE_CHUNK {blockData=conID: 2 locID: 102670698225271444 bcsId: 4753} | ret=SUCCESS |  
2019-08-24 07:08:47,329 | INFO  | DNAudit | user=null | ip=null | op=WRITE_CHUNK {blockData=conID: 2 locID: 102670698225271444 bcsId: 4753} | ret=SUCCESS |  
2019-08-24 07:08:47,330 | INFO  | DNAudit | user=null | ip=null | op=PUT_BLOCK {blockData=[blockId=conID: 2 locID: 102670698225271444 bcsId: 0,size=3145728]} | ret=SUCCESS |  
2019-08-24 07:08:47,330 [grpc-default-executor-1] INFO  client.GrpcClientProtocolClient (GrpcClientProtocolClient.java:onNext(255)) - client-6EDD19400D46->06a4573b-67a1-41e3-a350-f896363bc636: receive RaftClientReply:client-6EDD19400D46->06a4573b-67a1-41e3-a350-f896363bc636@group-757E3781CD2A, cid=3175, SUCCESS, logIndex=4758, commits[06a4573b-67a1-41e3-a350-f896363bc636:c4759, 0b725bbf-683b-4664-9a2e-3c9dd6e38bc1:c4757, 9193e3b7-ae04-484d-a740-c65c11559486:c4757]
2019-08-24 07:08:47,330 [grpc-default-executor-1] INFO  client.GrpcClientProtocolClient (GrpcClientProtocolClient.java:onNext(255)) - client-6EDD19400D46->06a4573b-67a1-41e3-a350-f896363bc636: receive RaftClientReply:client-6EDD19400D46->06a4573b-67a1-41e3-a350-f896363bc636@group-757E3781CD2A, cid=3176, SUCCESS, logIndex=4759, commits[06a4573b-67a1-41e3-a350-f896363bc636:c4759, 0b725bbf-683b-4664-9a2e-3c9dd6e38bc1:c4757, 9193e3b7-ae04-484d-a740-c65c11559486:c4757]
2019-08-24 07:08:47,338 | INFO  | DNAudit | user=null | ip=null | op=WRITE_CHUNK {blockData=conID: 2 locID: 102670698225271444 bcsId: 4759} | ret=SUCCESS |  
2019-08-24 07:08:47,341 | INFO  | DNAudit | user=null | ip=null | op=WRITE_CHUNK {blockData=conID: 2 locID: 102670698225271444 bcsId: 4753} | ret=SUCCESS |  
2019-08-24 07:08:47,341 | INFO  | DNAudit | user=null | ip=null | op=WRITE_CHUNK {blockData=conID: 2 locID: 102670698225271444 bcsId: 4753} | ret=SUCCESS |  
2019-08-24 07:08:47,342 | INFO  | DNAudit | user=null | ip=null | op=WRITE_CHUNK {blockData=conID: 2 locID: 102670698225271444 bcsId: 4759} | ret=SUCCESS |  
2019-08-24 07:08:47,342 | INFO  | DNAudit | user=null | ip=null | op=WRITE_CHUNK {blockData=conID: 2 locID: 102670698225271444 bcsId: 4759} | ret=SUCCESS |  
2019-08-24 07:08:47,354 | INFO  | DNAudit | user=null | ip=null | op=PUT_BLOCK {blockData=[blockId=conID: 2 locID: 102670698225271444 bcsId: 0,size=3145728]} | ret=SUCCESS |  
2019-08-24 07:08:47,354 | INFO  | DNAudit | user=null | ip=null | op=PUT_BLOCK {blockData=[blockId=conID: 2 locID: 102670698225271444 bcsId: 0,size=3145728]} | ret=SUCCESS |  
2019-08-24 07:08:47,354 | INFO  | DNAudit | user=null | ip=null | op=WRITE_CHUNK {blockData=conID: 2 locID: 102670698225271444 bcsId: 4759} | ret=SUCCESS |  
2019-08-24 07:08:47,355 | INFO  | DNAudit | user=null | ip=null | op=PUT_BLOCK {blockData=[blockId=conID: 2 locID: 102670698225271444 bcsId: 0,size=4194304]} | ret=SUCCESS |  
2019-08-24 07:08:47,355 [grpc-default-executor-5] INFO  client.GrpcClientProtocolClient (GrpcClientProtocolClient.java:onNext(255)) - client-6EDD19400D46->06a4573b-67a1-41e3-a350-f896363bc636: receive RaftClientReply:client-6EDD19400D46->06a4573b-67a1-41e3-a350-f896363bc636@group-757E3781CD2A, cid=3177, SUCCESS, logIndex=4762, commits[06a4573b-67a1-41e3-a350-f896363bc636:c4763, 0b725bbf-683b-4664-9a2e-3c9dd6e38bc1:c4759, 9193e3b7-ae04-484d-a740-c65c11559486:c4759]
2019-08-24 07:08:47,355 [grpc-default-executor-5] INFO  client.GrpcClientProtocolClient (GrpcClientProtocolClient.java:onNext(255)) - client-6EDD19400D46->06a4573b-67a1-41e3-a350-f896363bc636: receive RaftClientReply:client-6EDD19400D46->06a4573b-67a1-41e3-a350-f896363bc636@group-757E3781CD2A, cid=3178, SUCCESS, logIndex=4763, commits[06a4573b-67a1-41e3-a350-f896363bc636:c4763, 0b725bbf-683b-4664-9a2e-3c9dd6e38bc1:c4759, 9193e3b7-ae04-484d-a740-c65c11559486:c4759]
2019-08-24 07:08:47,358 | INFO  | DNAudit | user=null | ip=null | op=WRITE_CHUNK {blockData=conID: 2 locID: 102670698225271444 bcsId: 4759} | ret=SUCCESS |  
2019-08-24 07:08:47,358 | INFO  | DNAudit | user=null | ip=null | op=WRITE_CHUNK {blockData=conID: 2 locID: 102670698225271444 bcsId: 4759} | ret=SUCCESS |  
2019-08-24 07:08:47,792 | INFO  | DNAudit | user=null | ip=null | op=PUT_BLOCK {blockData=[blockId=conID: 2 locID: 102670698225271444 bcsId: 0,size=4194304]} | ret=SUCCESS |  
2019-08-24 07:08:47,805 | INFO  | DNAudit | user=null | ip=null | op=PUT_BLOCK {blockData=[blockId=conID: 2 locID: 102670698225271444 bcsId: 0,size=4194304]} | ret=SUCCESS |  
2019-08-24 07:08:47,805 [grpc-default-executor-5] INFO  client.GrpcClientProtocolClient (GrpcClientProtocolClient.java:onNext(255)) - client-6EDD19400D46->06a4573b-67a1-41e3-a350-f896363bc636: receive RaftClientReply:client-6EDD19400D46->06a4573b-67a1-41e3-a350-f896363bc636@group-757E3781CD2A, cid=3179, SUCCESS, logIndex=0, commits[06a4573b-67a1-41e3-a350-f896363bc636:c4765, 0b725bbf-683b-4664-9a2e-3c9dd6e38bc1:c4763, 9193e3b7-ae04-484d-a740-c65c11559486:c4763]
2019-08-24 07:08:47,814 | INFO  | SCMAudit | user=jenkins1000 | ip=192.168.69.125 | op=ALLOCATE_BLOCK {owner=61bacca8-15b6-4a50-8962-5e9786b18b0d, size=4194304, type=RATIS, factor=THREE} | ret=SUCCESS |  
2019-08-24 07:08:47,820 | INFO  | OMAudit | user=jenkins1000 | ip=127.0.0.1 | op=ALLOCATE_BLOCK {volume=vol-0-26988, bucket=bucket-0-20739, key=key-0-27353, dataSize=0, replicationType=null, replicationFactor=null, keyLocationInfo=null, clientID=102670695851229586} | ret=SUCCESS |  
2019-08-24 07:08:47,829 | INFO  | DNAudit | user=null | ip=null | op=WRITE_CHUNK {blockData=conID: 3 locID: 102670698270818965 bcsId: 0} | ret=SUCCESS |  
2019-08-24 07:08:47,832 | INFO  | DNAudit | user=null | ip=null | op=WRITE_CHUNK {blockData=conID: 3 locID: 102670698270818965 bcsId: 0} | ret=SUCCESS |  
2019-08-24 07:08:47,832 | INFO  | DNAudit | user=null | ip=null | op=WRITE_CHUNK {blockData=conID: 3 locID: 102670698270818965 bcsId: 0} | ret=SUCCESS |  
2019-08-24 07:08:47,832 | INFO  | DNAudit | user=null | ip=null | op=WRITE_CHUNK {blockData=conID: 3 locID: 102670698270818965 bcsId: 0} | ret=SUCCESS |  
2019-08-24 07:08:47,834 | INFO  | DNAudit | user=null | ip=null | op=WRITE_CHUNK {blockData=conID: 3 locID: 102670698270818965 bcsId: 0} | ret=SUCCESS |  
2019-08-24 07:08:47,834 | INFO  | DNAudit | user=null | ip=null | op=WRITE_CHUNK {blockData=conID: 3 locID: 102670698270818965 bcsId: 0} | ret=SUCCESS |  
2019-08-24 07:08:47,854 | INFO  | SCMAudit | user=jenkins1000 | ip=192.168.69.125 | op=SEND_HEARTBEAT {datanodeUUID=25ce0803-6f34-4c69-82c0-892f08679042, command=[]} | ret=SUCCESS |  
2019-08-24 07:08:47,854 | INFO  | SCMAudit | user=jenkins1000 | ip=192.168.69.125 | op=SEND_HEARTBEAT {datanodeUUID=0b725bbf-683b-4664-9a2e-3c9dd6e38bc1, command=[]} | ret=SUCCESS |  
 0.00% |█                                                                                                    |  0/1 Time: 0:00:362019-08-24 07:08:47,855 | INFO  | SCMAudit | user=jenkins1000 | ip=192.168.69.125 | op=SEND_HEARTBEAT {datanodeUUID=9193e3b7-ae04-484d-a740-c65c11559486, command=[]} | ret=SUCCESS |  
2019-08-24 07:08:47,855 | INFO  | SCMAudit | user=jenkins1000 | ip=192.168.69.125 | op=SEND_HEARTBEAT {datanodeUUID=b8548da6-9cc6-46be-8dd4-5219531f5960, command=[]} | ret=SUCCESS |  
2019-08-24 07:08:47,855 | INFO  | SCMAudit | user=jenkins1000 | ip=192.168.69.125 | op=SEND_HEARTBEAT {datanodeUUID=06a4573b-67a1-41e3-a350-f896363bc636, command=[]} | ret=SUCCESS |  
 0.00% |█                                                                                                    |  0/1 Time: 0:00:372019-08-24 07:08:48,854 | INFO  | SCMAudit | user=jenkins1000 | ip=192.168.69.125 | op=SEND_HEARTBEAT {datanodeUUID=25ce0803-6f34-4c69-82c0-892f08679042, command=[]} | ret=SUCCESS |  
2019-08-24 07:08:48,854 | INFO  | SCMAudit | user=jenkins1000 | ip=192.168.69.125 | op=SEND_HEARTBEAT {datanodeUUID=0b725bbf-683b-4664-9a2e-3c9dd6e38bc1, command=[]} | ret=SUCCESS |  
2019-08-24 07:08:48,855 | INFO  | SCMAudit | user=jenkins1000 | ip=192.168.69.125 | op=SEND_HEARTBEAT {datanodeUUID=06a4573b-67a1-41e3-a350-f896363bc636, command=[]} | ret=SUCCESS |  
2019-08-24 07:08:48,855 | INFO  | SCMAudit | user=jenkins1000 | ip=192.168.69.125 | op=SEND_HEARTBEAT {datanodeUUID=b8548da6-9cc6-46be-8dd4-5219531f5960, command=[]} | ret=SUCCESS |  
2019-08-24 07:08:48,856 | INFO  | SCMAudit | user=jenkins1000 | ip=192.168.69.125 | op=SEND_HEARTBEAT {datanodeUUID=9193e3b7-ae04-484d-a740-c65c11559486, command=[]} | ret=SUCCESS |  
2019-08-24 07:08:49,854 | INFO  | SCMAudit | user=jenkins1000 | ip=192.168.69.125 | op=SEND_HEARTBEAT {datanodeUUID=0b725bbf-683b-4664-9a2e-3c9dd6e38bc1, command=[]} | ret=SUCCESS |  
2019-08-24 07:08:49,854 | INFO  | SCMAudit | user=jenkins1000 | ip=192.168.69.125 | op=SEND_HEARTBEAT {datanodeUUID=25ce0803-6f34-4c69-82c0-892f08679042, command=[]} | ret=SUCCESS |  
2019-08-24 07:08:49,855 | INFO  | SCMAudit | user=jenkins1000 | ip=192.168.69.125 | op=SEND_HEARTBEAT {datanodeUUID=06a4573b-67a1-41e3-a350-f896363bc636, command=[]} | ret=SUCCESS |  
 0.00% |█                                                                                                    |  0/1 Time: 0:00:382019-08-24 07:08:49,856 | INFO  | SCMAudit | user=jenkins1000 | ip=192.168.69.125 | op=SEND_HEARTBEAT {datanodeUUID=9193e3b7-ae04-484d-a740-c65c11559486, command=[]} | ret=SUCCESS |  
2019-08-24 07:08:49,857 | INFO  | SCMAudit | user=jenkins1000 | ip=192.168.69.125 | op=SEND_HEARTBEAT {datanodeUUID=b8548da6-9cc6-46be-8dd4-5219531f5960, command=[]} | ret=SUCCESS |  
2019-08-24 07:08:50,828 [java.util.concurrent.ThreadPoolExecutor$Worker@e9476d[State = -1, empty queue]] WARN  server.GrpcLogAppender (GrpcLogAppender.java:timeoutAppendRequest(200)) - GrpcLogAppender(06a4573b-67a1-41e3-a350-f896363bc636->9193e3b7-ae04-484d-a740-c65c11559486): appendEntries Timeout, request=06a4573b-67a1-41e3-a350-f896363bc636->9193e3b7-ae04-484d-a740-c65c11559486#4772-t1, previous=(t:1, i:4765), leaderCommit=4765, initializing? false, entries: size=1, first=(t:1, i:4766), STATEMACHINELOGENTRY, client-6EDD19400D46, cid=3180
2019-08-24 07:08:50,828 [java.util.concurrent.ThreadPoolExecutor$Worker@24818183[State = -1, empty queue]] WARN  server.GrpcLogAppender (GrpcLogAppender.java:timeoutAppendRequest(200)) - GrpcLogAppender(06a4573b-67a1-41e3-a350-f896363bc636->0b725bbf-683b-4664-9a2e-3c9dd6e38bc1): appendEntries Timeout, request=06a4573b-67a1-41e3-a350-f896363bc636->0b725bbf-683b-4664-9a2e-3c9dd6e38bc1#4772-t1, previous=(t:1, i:4765), leaderCommit=4765, initializing? false, entries: size=1, first=(t:1, i:4766), STATEMACHINELOGENTRY, client-6EDD19400D46, cid=3180
2019-08-24 07:08:50,830 [java.util.concurrent.ThreadPoolExecutor$Worker@e9476d[State = -1, empty queue]] WARN  server.GrpcLogAppender (GrpcLogAppender.java:timeoutAppendRequest(200)) - GrpcLogAppender(06a4573b-67a1-41e3-a350-f896363bc636->9193e3b7-ae04-484d-a740-c65c11559486): appendEntries Timeout, request=06a4573b-67a1-41e3-a350-f896363bc636->9193e3b7-ae04-484d-a740-c65c11559486#4773-t1, previous=(t:1, i:4766), leaderCommit=4765, initializing? false, entries: size=1, first=(t:1, i:4767), STATEMACHINELOGENTRY, client-6EDD19400D46, cid=3181
2019-08-24 07:08:50,832 [java.util.concurrent.ThreadPoolExecutor$Worker@24818183[State = -1, empty queue]] WARN  server.GrpcLogAppender (GrpcLogAppender.java:timeoutAppendRequest(200)) - GrpcLogAppender(06a4573b-67a1-41e3-a350-f896363bc636->0b725bbf-683b-4664-9a2e-3c9dd6e38bc1): appendEntries Timeout, request=06a4573b-67a1-41e3-a350-f896363bc636->0b725bbf-683b-4664-9a2e-3c9dd6e38bc1#4773-t1, previous=(t:1, i:4766), leaderCommit=4765, initializing? false, entries: size=1, first=(t:1, i:4767), STATEMACHINELOGENTRY, client-6EDD19400D46, cid=3181
2019-08-24 07:08:50,834 [java.util.concurrent.ThreadPoolExecutor$Worker@e9476d[State = -1, empty queue]] WARN  server.GrpcLogAppender (GrpcLogAppender.java:timeoutAppendRequest(200)) - GrpcLogAppender(06a4573b-67a1-41e3-a350-f896363bc636->9193e3b7-ae04-484d-a740-c65c11559486): appendEntries Timeout, request=06a4573b-67a1-41e3-a350-f896363bc636->9193e3b7-ae04-484d-a740-c65c11559486#4774-t1, previous=(t:1, i:4767), leaderCommit=4765, initializing? false, entries: size=1, first=(t:1, i:4768), STATEMACHINELOGENTRY, client-6EDD19400D46, cid=3182
2019-08-24 07:08:50,836 [java.util.concurrent.ThreadPoolExecutor$Worker@24818183[State = -1, empty queue]] WARN  server.GrpcLogAppender (GrpcLogAppender.java:timeoutAppendRequest(200)) - GrpcLogAppender(06a4573b-67a1-41e3-a350-f896363bc636->0b725bbf-683b-4664-9a2e-3c9dd6e38bc1): appendEntries Timeout, request=06a4573b-67a1-41e3-a350-f896363bc636->0b725bbf-683b-4664-9a2e-3c9dd6e38bc1#4774-t1, previous=(t:1, i:4767), leaderCommit=4765, initializing? false, entries: size=1, first=(t:1, i:4768), STATEMACHINELOGENTRY, client-6EDD19400D46, cid=3182
2019-08-24 07:08:50,838 [java.util.concurrent.ThreadPoolExecutor$Worker@e9476d[State = -1, empty queue]] WARN  server.GrpcLogAppender (GrpcLogAppender.java:timeoutAppendRequest(200)) - GrpcLogAppender(06a4573b-67a1-41e3-a350-f896363bc636->9193e3b7-ae04-484d-a740-c65c11559486): appendEntries Timeout, request=06a4573b-67a1-41e3-a350-f896363bc636->9193e3b7-ae04-484d-a740-c65c11559486#4775-t1, previous=(t:1, i:4768), leaderCommit=4765, initializing? false, entries: size=1, first=(t:1, i:4769), STATEMACHINELOGENTRY, client-6EDD19400D46, cid=3183
2019-08-24 07:08:50,840 [java.util.concurrent.ThreadPoolExecutor$Worker@24818183[State = -1, empty queue]] WARN  server.GrpcLogAppender (GrpcLogAppender.java:timeoutAppendRequest(200)) - GrpcLogAppender(06a4573b-67a1-41e3-a350-f896363bc636->0b725bbf-683b-4664-9a2e-3c9dd6e38bc1): appendEntries Timeout, request=06a4573b-67a1-41e3-a350-f896363bc636->0b725bbf-683b-4664-9a2e-3c9dd6e38bc1#4775-t1, previous=(t:1, i:4768), leaderCommit=4765, initializing? false, entries: size=1, first=(t:1, i:4769), STATEMACHINELOGENTRY, client-6EDD19400D46, cid=3183
2019-08-24 07:08:50,855 | INFO  | SCMAudit | user=jenkins1000 | ip=192.168.69.125 | op=SEND_HEARTBEAT {datanodeUUID=0b725bbf-683b-4664-9a2e-3c9dd6e38bc1, command=[]} | ret=SUCCESS |  
2019-08-24 07:08:50,855 | INFO  | SCMAudit | user=jenkins1000 | ip=192.168.69.125 | op=SEND_HEARTBEAT {datanodeUUID=06a4573b-67a1-41e3-a350-f896363bc636, command=[]} | ret=SUCCESS |  
 0.00% |█                                                                                                    |  0/1 Time: 0:00:392019-08-24 07:08:50,855 | INFO  | SCMAudit | user=jenkins1000 | ip=192.168.69.125 | op=SEND_HEARTBEAT {datanodeUUID=25ce0803-6f34-4c69-82c0-892f08679042, command=[]} | ret=SUCCESS |  
2019-08-24 07:08:50,856 | INFO  | SCMAudit | user=jenkins1000 | ip=192.168.69.125 | op=SEND_HEARTBEAT {datanodeUUID=9193e3b7-ae04-484d-a740-c65c11559486, command=[]} | ret=SUCCESS |  
2019-08-24 07:08:50,856 | INFO  | SCMAudit | user=jenkins1000 | ip=192.168.69.125 | op=SEND_HEARTBEAT {datanodeUUID=b8548da6-9cc6-46be-8dd4-5219531f5960, command=[]} | ret=SUCCESS |  
2019-08-24 07:08:51,784 [grpc-default-executor-0] WARN  server.GrpcLogAppender (GrpcLogAppender.java:onNextImpl(250)) - org.apache.ratis.grpc.server.GrpcLogAppender$AppendLogResponseHandler@9cc03a4: Request not found, ignoring reply: 06a4573b-67a1-41e3-a350-f896363bc636<-9193e3b7-ae04-484d-a740-c65c11559486#4772:OK,SUCCESS,nextIndex:4767,term:1,followerCommit:4765
2019-08-24 07:08:51,787 [grpc-default-executor-0] WARN  server.GrpcLogAppender (GrpcLogAppender.java:onNextImpl(250)) - org.apache.ratis.grpc.server.GrpcLogAppender$AppendLogResponseHandler@9cc03a4: Request not found, ignoring reply: 06a4573b-67a1-41e3-a350-f896363bc636<-9193e3b7-ae04-484d-a740-c65c11559486#4773:OK,SUCCESS,nextIndex:4768,term:1,followerCommit:4765
2019-08-24 07:08:51,854 | INFO  | SCMAudit | user=jenkins1000 | ip=192.168.69.125 | op=SEND_HEARTBEAT {datanodeUUID=0b725bbf-683b-4664-9a2e-3c9dd6e38bc1, command=[]} | ret=SUCCESS |  
2019-08-24 07:08:51,855 | INFO  | SCMAudit | user=jenkins1000 | ip=192.168.69.125 | op=SEND_HEARTBEAT {datanodeUUID=06a4573b-67a1-41e3-a350-f896363bc636, command=[]} | ret=SUCCESS |  
2019-08-24 07:08:51,855 | INFO  | SCMAudit | user=jenkins1000 | ip=192.168.69.125 | op=SEND_HEARTBEAT {datanodeUUID=25ce0803-6f34-4c69-82c0-892f08679042, command=[]} | ret=SUCCESS |  
 0.00% |█                                                                                                    |  0/1 Time: 0:00:402019-08-24 07:08:51,856 | INFO  | SCMAudit | user=jenkins1000 | ip=192.168.69.125 | op=SEND_HEARTBEAT {datanodeUUID=9193e3b7-ae04-484d-a740-c65c11559486, command=[]} | ret=SUCCESS |  
2019-08-24 07:08:51,858 | INFO  | SCMAudit | user=jenkins1000 | ip=192.168.69.125 | op=SEND_HEARTBEAT {datanodeUUID=b8548da6-9cc6-46be-8dd4-5219531f5960, command=[]} | ret=SUCCESS |  
2019-08-24 07:08:52,011 [grpc-default-executor-0] WARN  server.GrpcLogAppender (GrpcLogAppender.java:onNextImpl(250)) - org.apache.ratis.grpc.server.GrpcLogAppender$AppendLogResponseHandler@3188edfc: Request not found, ignoring reply: 06a4573b-67a1-41e3-a350-f896363bc636<-0b725bbf-683b-4664-9a2e-3c9dd6e38bc1#4772:OK,SUCCESS,nextIndex:4767,term:1,followerCommit:4765
2019-08-24 07:08:52,012 [grpc-default-executor-0] WARN  server.GrpcLogAppender (GrpcLogAppender.java:onNextImpl(250)) - org.apache.ratis.grpc.server.GrpcLogAppender$AppendLogResponseHandler@3188edfc: Request not found, ignoring reply: 06a4573b-67a1-41e3-a350-f896363bc636<-0b725bbf-683b-4664-9a2e-3c9dd6e38bc1#4773:OK,SUCCESS,nextIndex:4768,term:1,followerCommit:4765
2019-08-24 07:08:52,012 [grpc-default-executor-0] WARN  server.GrpcLogAppender (GrpcLogAppender.java:onNextImpl(250)) - org.apache.ratis.grpc.server.GrpcLogAppender$AppendLogResponseHandler@3188edfc: Request not found, ignoring reply: 06a4573b-67a1-41e3-a350-f896363bc636<-0b725bbf-683b-4664-9a2e-3c9dd6e38bc1#4774:OK,SUCCESS,nextIndex:4769,term:1,followerCommit:4765
2019-08-24 07:08:52,012 [grpc-default-executor-0] WARN  server.GrpcLogAppender (GrpcLogAppender.java:onNextImpl(250)) - org.apache.ratis.grpc.server.GrpcLogAppender$AppendLogResponseHandler@3188edfc: Request not found, ignoring reply: 06a4573b-67a1-41e3-a350-f896363bc636<-0b725bbf-683b-4664-9a2e-3c9dd6e38bc1#4775:OK,SUCCESS,nextIndex:4770,term:1,followerCommit:4765
2019-08-24 07:08:52,328 [grpc-default-executor-0] WARN  server.GrpcLogAppender (GrpcLogAppender.java:onNextImpl(250)) - org.apache.ratis.grpc.server.GrpcLogAppender$AppendLogResponseHandler@9cc03a4: Request not found, ignoring reply: 06a4573b-67a1-41e3-a350-f896363bc636<-9193e3b7-ae04-484d-a740-c65c11559486#4774:OK,SUCCESS,nextIndex:4769,term:1,followerCommit:4765
2019-08-24 07:08:52,328 [grpc-default-executor-0] WARN  server.GrpcLogAppender (GrpcLogAppender.java:onNextImpl(250)) - org.apache.ratis.grpc.server.GrpcLogAppender$AppendLogResponseHandler@9cc03a4: Request not found, ignoring reply: 06a4573b-67a1-41e3-a350-f896363bc636<-9193e3b7-ae04-484d-a740-c65c11559486#4775:OK,SUCCESS,nextIndex:4770,term:1,followerCommit:4765
2019-08-24 07:08:52,331 | INFO  | DNAudit | user=null | ip=null | op=WRITE_CHUNK {blockData=conID: 3 locID: 102670698270818965 bcsId: 0} | ret=SUCCESS |  
2019-08-24 07:08:52,332 | INFO  | DNAudit | user=null | ip=null | op=WRITE_CHUNK {blockData=conID: 3 locID: 102670698270818965 bcsId: 0} | ret=SUCCESS |  
2019-08-24 07:08:52,332 | INFO  | DNAudit | user=null | ip=null | op=PUT_BLOCK {blockData=[blockId=conID: 3 locID: 102670698270818965 bcsId: 0,size=1048576]} | ret=SUCCESS |  
2019-08-24 07:08:52,332 | INFO  | DNAudit | user=null | ip=null | op=PUT_BLOCK {blockData=[blockId=conID: 3 locID: 102670698270818965 bcsId: 0,size=1048576]} | ret=SUCCESS |  
2019-08-24 07:08:52,333 | INFO  | DNAudit | user=null | ip=null | op=WRITE_CHUNK {blockData=conID: 3 locID: 102670698270818965 bcsId: 0} | ret=SUCCESS |  
2019-08-24 07:08:52,333 | INFO  | DNAudit | user=null | ip=null | op=WRITE_CHUNK {blockData=conID: 3 locID: 102670698270818965 bcsId: 0} | ret=SUCCESS |  
2019-08-24 07:08:52,333 | INFO  | DNAudit | user=null | ip=null | op=PUT_BLOCK {blockData=[blockId=conID: 3 locID: 102670698270818965 bcsId: 0,size=1048576]} | ret=SUCCESS |  
2019-08-24 07:08:52,334 | INFO  | DNAudit | user=null | ip=null | op=PUT_BLOCK {blockData=[blockId=conID: 3 locID: 102670698270818965 bcsId: 0,size=2097152]} | ret=SUCCESS |  
2019-08-24 07:08:52,855 | INFO  | SCMAudit | user=jenkins1000 | ip=192.168.69.125 | op=SEND_HEARTBEAT {datanodeUUID=0b725bbf-683b-4664-9a2e-3c9dd6e38bc1, command=[]} | ret=SUCCESS |  
2019-08-24 07:08:52,855 | INFO  | SCMAudit | user=jenkins1000 | ip=192.168.69.125 | op=SEND_HEARTBEAT {datanodeUUID=06a4573b-67a1-41e3-a350-f896363bc636, command=[]} | ret=SUCCESS |  
2019-08-24 07:08:52,855 | INFO  | SCMAudit | user=jenkins1000 | ip=192.168.69.125 | op=SEND_HEARTBEAT {datanodeUUID=25ce0803-6f34-4c69-82c0-892f08679042, command=[]} | ret=SUCCESS |  
 0.00% |█                                                                                                    |  0/1 Time: 0:00:412019-08-24 07:08:52,856 | INFO  | SCMAudit | user=jenkins1000 | ip=192.168.69.125 | op=SEND_HEARTBEAT {datanodeUUID=9193e3b7-ae04-484d-a740-c65c11559486, command=[]} | ret=SUCCESS |  
2019-08-24 07:08:52,859 | INFO  | SCMAudit | user=jenkins1000 | ip=192.168.69.125 | op=SEND_HEARTBEAT {datanodeUUID=b8548da6-9cc6-46be-8dd4-5219531f5960, command=[]} | ret=SUCCESS |  
2019-08-24 07:08:52,908 [grpc-default-executor-5] INFO  client.GrpcClientProtocolClient (GrpcClientProtocolClient.java:onNext(255)) - client-6EDD19400D46->9193e3b7-ae04-484d-a740-c65c11559486: receive RaftClientReply:client-6EDD19400D46->9193e3b7-ae04-484d-a740-c65c11559486@group-757E3781CD2A, cid=3180, FAILED org.apache.ratis.protocol.NotLeaderException: Server 9193e3b7-ae04-484d-a740-c65c11559486 is not the leader (06a4573b-67a1-41e3-a350-f896363bc636:192.168.69.125:37456). Request must be sent to leader., logIndex=0, commits[9193e3b7-ae04-484d-a740-c65c11559486:c4767, 0b725bbf-683b-4664-9a2e-3c9dd6e38bc1:c4765, 06a4573b-67a1-41e3-a350-f896363bc636:c4767]
2019-08-24 07:08:52,934 [grpc-default-executor-5] INFO  client.GrpcClientProtocolClient (GrpcClientProtocolClient.java:onNext(255)) - client-6EDD19400D46->06a4573b-67a1-41e3-a350-f896363bc636: receive RaftClientReply:client-6EDD19400D46->06a4573b-67a1-41e3-a350-f896363bc636@group-757E3781CD2A, cid=3180, SUCCESS, logIndex=4766, commits[06a4573b-67a1-41e3-a350-f896363bc636:c4769, 0b725bbf-683b-4664-9a2e-3c9dd6e38bc1:c4765, 9193e3b7-ae04-484d-a740-c65c11559486:c4765]
2019-08-24 07:08:52,950 [grpc-default-executor-5] INFO  client.GrpcClientProtocolClient (GrpcClientProtocolClient.java:onNext(255)) - client-6EDD19400D46->06a4573b-67a1-41e3-a350-f896363bc636: receive RaftClientReply:client-6EDD19400D46->06a4573b-67a1-41e3-a350-f896363bc636@group-757E3781CD2A, cid=3181, SUCCESS, logIndex=4767, commits[06a4573b-67a1-41e3-a350-f896363bc636:c4769, 0b725bbf-683b-4664-9a2e-3c9dd6e38bc1:c4767, 9193e3b7-ae04-484d-a740-c65c11559486:c4765]
2019-08-24 07:08:52,952 [grpc-default-executor-0] INFO  client.GrpcClientProtocolClient (GrpcClientProtocolClient.java:onNext(255)) - client-6EDD19400D46->06a4573b-67a1-41e3-a350-f896363bc636: receive RaftClientReply:client-6EDD19400D46->06a4573b-67a1-41e3-a350-f896363bc636@group-757E3781CD2A, cid=3182, SUCCESS, logIndex=4768, commits[06a4573b-67a1-41e3-a350-f896363bc636:c4769, 0b725bbf-683b-4664-9a2e-3c9dd6e38bc1:c4767, 9193e3b7-ae04-484d-a740-c65c11559486:c4767]
2019-08-24 07:08:52,954 [grpc-default-executor-0] INFO  client.GrpcClientProtocolClient (GrpcClientProtocolClient.java:onNext(255)) - client-6EDD19400D46->06a4573b-67a1-41e3-a350-f896363bc636: receive RaftClientReply:client-6EDD19400D46->06a4573b-67a1-41e3-a350-f896363bc636@group-757E3781CD2A, cid=3183, SUCCESS, logIndex=4769, commits[06a4573b-67a1-41e3-a350-f896363bc636:c4770, 0b725bbf-683b-4664-9a2e-3c9dd6e38bc1:c4767, 9193e3b7-ae04-484d-a740-c65c11559486:c4767]
2019-08-24 07:08:52,966 | INFO  | DNAudit | user=null | ip=null | op=WRITE_CHUNK {blockData=conID: 3 locID: 102670698270818965 bcsId: 4769} | ret=SUCCESS |  
2019-08-24 07:08:52,970 | INFO  | DNAudit | user=null | ip=null | op=WRITE_CHUNK {blockData=conID: 3 locID: 102670698270818965 bcsId: 4769} | ret=SUCCESS |  
2019-08-24 07:08:52,970 | INFO  | DNAudit | user=null | ip=null | op=WRITE_CHUNK {blockData=conID: 3 locID: 102670698270818965 bcsId: 4769} | ret=SUCCESS |  
2019-08-24 07:08:52,978 | INFO  | DNAudit | user=null | ip=null | op=WRITE_CHUNK {blockData=conID: 3 locID: 102670698270818965 bcsId: 0} | ret=SUCCESS |  
2019-08-24 07:08:52,979 | INFO  | DNAudit | user=null | ip=null | op=WRITE_CHUNK {blockData=conID: 3 locID: 102670698270818965 bcsId: 0} | ret=SUCCESS |  
2019-08-24 07:08:52,979 | INFO  | DNAudit | user=null | ip=null | op=PUT_BLOCK {blockData=[blockId=conID: 3 locID: 102670698270818965 bcsId: 0,size=2097152]} | ret=SUCCESS |  
2019-08-24 07:08:52,979 | INFO  | DNAudit | user=null | ip=null | op=PUT_BLOCK {blockData=[blockId=conID: 3 locID: 102670698270818965 bcsId: 0,size=2097152]} | ret=SUCCESS |  
2019-08-24 07:08:52,979 | INFO  | DNAudit | user=null | ip=null | op=WRITE_CHUNK {blockData=conID: 3 locID: 102670698270818965 bcsId: 4769} | ret=SUCCESS |  
2019-08-24 07:08:52,979 | INFO  | DNAudit | user=null | ip=null | op=PUT_BLOCK {blockData=[blockId=conID: 3 locID: 102670698270818965 bcsId: 0,size=3145728]} | ret=SUCCESS |  
2019-08-24 07:08:52,980 [grpc-default-executor-5] INFO  client.GrpcClientProtocolClient (GrpcClientProtocolClient.java:onNext(255)) - client-6EDD19400D46->06a4573b-67a1-41e3-a350-f896363bc636: receive RaftClientReply:client-6EDD19400D46->06a4573b-67a1-41e3-a350-f896363bc636@group-757E3781CD2A, cid=3184, SUCCESS, logIndex=4772, commits[06a4573b-67a1-41e3-a350-f896363bc636:c4773, 0b725bbf-683b-4664-9a2e-3c9dd6e38bc1:c4771, 9193e3b7-ae04-484d-a740-c65c11559486:c4771]
2019-08-24 07:08:52,980 [grpc-default-executor-5] INFO  client.GrpcClientProtocolClient (GrpcClientProtocolClient.java:onNext(255)) - client-6EDD19400D46->06a4573b-67a1-41e3-a350-f896363bc636: receive RaftClientReply:client-6EDD19400D46->06a4573b-67a1-41e3-a350-f896363bc636@group-757E3781CD2A, cid=3185, SUCCESS, logIndex=4773, commits[06a4573b-67a1-41e3-a350-f896363bc636:c4773, 0b725bbf-683b-4664-9a2e-3c9dd6e38bc1:c4771, 9193e3b7-ae04-484d-a740-c65c11559486:c4771]
2019-08-24 07:08:52,988 | INFO  | DNAudit | user=null | ip=null | op=WRITE_CHUNK {blockData=conID: 3 locID: 102670698270818965 bcsId: 4773} | ret=SUCCESS |  
2019-08-24 07:08:52,991 | INFO  | DNAudit | user=null | ip=null | op=WRITE_CHUNK {blockData=conID: 3 locID: 102670698270818965 bcsId: 4769} | ret=SUCCESS |  
2019-08-24 07:08:52,991 | INFO  | DNAudit | user=null | ip=null | op=WRITE_CHUNK {blockData=conID: 3 locID: 102670698270818965 bcsId: 4769} | ret=SUCCESS |  
2019-08-24 07:08:52,991 | INFO  | DNAudit | user=null | ip=null | op=WRITE_CHUNK {blockData=conID: 3 locID: 102670698270818965 bcsId: 4773} | ret=SUCCESS |  
2019-08-24 07:08:52,991 | INFO  | DNAudit | user=null | ip=null | op=WRITE_CHUNK {blockData=conID: 3 locID: 102670698270818965 bcsId: 4773} | ret=SUCCESS |  
2019-08-24 07:08:53,002 | INFO  | DNAudit | user=null | ip=null | op=PUT_BLOCK {blockData=[blockId=conID: 3 locID: 102670698270818965 bcsId: 0,size=3145728]} | ret=SUCCESS |  
2019-08-24 07:08:53,003 | INFO  | DNAudit | user=null | ip=null | op=WRITE_CHUNK {blockData=conID: 3 locID: 102670698270818965 bcsId: 4773} | ret=SUCCESS |  
2019-08-24 07:08:53,003 | INFO  | DNAudit | user=null | ip=null | op=PUT_BLOCK {blockData=[blockId=conID: 3 locID: 102670698270818965 bcsId: 0,size=3145728]} | ret=SUCCESS |  
2019-08-24 07:08:53,003 | INFO  | DNAudit | user=null | ip=null | op=PUT_BLOCK {blockData=[blockId=conID: 3 locID: 102670698270818965 bcsId: 0,size=4194304]} | ret=SUCCESS |  
2019-08-24 07:08:53,004 [grpc-default-executor-1] INFO  client.GrpcClientProtocolClient (GrpcClientProtocolClient.java:onNext(255)) - client-6EDD19400D46->06a4573b-67a1-41e3-a350-f896363bc636: receive RaftClientReply:client-6EDD19400D46->06a4573b-67a1-41e3-a350-f896363bc636@group-757E3781CD2A, cid=3186, SUCCESS, logIndex=4776, commits[06a4573b-67a1-41e3-a350-f896363bc636:c4777, 0b725bbf-683b-4664-9a2e-3c9dd6e38bc1:c4773, 9193e3b7-ae04-484d-a740-c65c11559486:c4773]
2019-08-24 07:08:53,004 [grpc-default-executor-1] INFO  client.GrpcClientProtocolClient (GrpcClientProtocolClient.java:onNext(255)) - client-6EDD19400D46->06a4573b-67a1-41e3-a350-f896363bc636: receive RaftClientReply:client-6EDD19400D46->06a4573b-67a1-41e3-a350-f896363bc636@group-757E3781CD2A, cid=3187, SUCCESS, logIndex=4777, commits[06a4573b-67a1-41e3-a350-f896363bc636:c4777, 0b725bbf-683b-4664-9a2e-3c9dd6e38bc1:c4773, 9193e3b7-ae04-484d-a740-c65c11559486:c4773]
2019-08-24 07:08:53,015 | INFO  | DNAudit | user=null | ip=null | op=WRITE_CHUNK {blockData=conID: 3 locID: 102670698270818965 bcsId: 4773} | ret=SUCCESS |  
2019-08-24 07:08:53,015 | INFO  | DNAudit | user=null | ip=null | op=WRITE_CHUNK {blockData=conID: 3 locID: 102670698270818965 bcsId: 4773} | ret=SUCCESS |  
2019-08-24 07:08:53,015 | INFO  | DNAudit | user=null | ip=null | op=PUT_BLOCK {blockData=[blockId=conID: 3 locID: 102670698270818965 bcsId: 0,size=4194304]} | ret=SUCCESS |  
2019-08-24 07:08:53,015 | INFO  | DNAudit | user=null | ip=null | op=PUT_BLOCK {blockData=[blockId=conID: 3 locID: 102670698270818965 bcsId: 0,size=4194304]} | ret=SUCCESS |  
2019-08-24 07:08:53,019 [grpc-default-executor-1] INFO  client.GrpcClientProtocolClient (GrpcClientProtocolClient.java:onNext(255)) - client-6EDD19400D46->06a4573b-67a1-41e3-a350-f896363bc636: receive RaftClientReply:client-6EDD19400D46->06a4573b-67a1-41e3-a350-f896363bc636@group-757E3781CD2A, cid=3188, SUCCESS, logIndex=0, commits[06a4573b-67a1-41e3-a350-f896363bc636:c4778, 0b725bbf-683b-4664-9a2e-3c9dd6e38bc1:c4777, 9193e3b7-ae04-484d-a740-c65c11559486:c4777]
2019-08-24 07:08:53,028 | INFO  | SCMAudit | user=jenkins1000 | ip=192.168.69.125 | op=ALLOCATE_BLOCK {owner=61bacca8-15b6-4a50-8962-5e9786b18b0d, size=4194304, type=RATIS, factor=THREE} | ret=SUCCESS |  
2019-08-24 07:08:53,035 | INFO  | OMAudit | user=jenkins1000 | ip=127.0.0.1 | op=ALLOCATE_BLOCK {volume=vol-0-26988, bucket=bucket-0-20739, key=key-0-27353, dataSize=0, replicationType=null, replicationFactor=null, keyLocationInfo=null, clientID=102670695851229586} | ret=SUCCESS |  
2019-08-24 07:08:53,043 | INFO  | DNAudit | user=null | ip=null | op=WRITE_CHUNK {blockData=conID: 1 locID: 102670698612523670 bcsId: 0} | ret=SUCCESS |  
2019-08-24 07:08:53,047 | INFO  | DNAudit | user=null | ip=null | op=WRITE_CHUNK {blockData=conID: 1 locID: 102670698612523670 bcsId: 0} | ret=SUCCESS |  
2019-08-24 07:08:53,047 | INFO  | DNAudit | user=null | ip=null | op=WRITE_CHUNK {blockData=conID: 1 locID: 102670698612523670 bcsId: 0} | ret=SUCCESS |  
2019-08-24 07:08:53,047 | INFO  | DNAudit | user=null | ip=null | op=WRITE_CHUNK {blockData=conID: 1 locID: 102670698612523670 bcsId: 0} | ret=SUCCESS |  
2019-08-24 07:08:53,050 | INFO  | DNAudit | user=null | ip=null | op=WRITE_CHUNK {blockData=conID: 1 locID: 102670698612523670 bcsId: 0} | ret=SUCCESS |  
2019-08-24 07:08:53,050 | INFO  | DNAudit | user=null | ip=null | op=WRITE_CHUNK {blockData=conID: 1 locID: 102670698612523670 bcsId: 0} | ret=SUCCESS |  
2019-08-24 07:08:53,056 | INFO  | DNAudit | user=null | ip=null | op=WRITE_CHUNK {blockData=conID: 1 locID: 102670698612523670 bcsId: 0} | ret=SUCCESS |  
2019-08-24 07:08:53,056 | INFO  | DNAudit | user=null | ip=null | op=PUT_BLOCK {blockData=[blockId=conID: 1 locID: 102670698612523670 bcsId: 0,size=1048576]} | ret=SUCCESS |  
2019-08-24 07:08:53,057 | INFO  | DNAudit | user=null | ip=null | op=WRITE_CHUNK {blockData=conID: 1 locID: 102670698612523670 bcsId: 0} | ret=SUCCESS |  
2019-08-24 07:08:53,057 [grpc-default-executor-5] INFO  client.GrpcClientProtocolClient (GrpcClientProtocolClient.java:onNext(255)) - client-6EDD19400D46->06a4573b-67a1-41e3-a350-f896363bc636: receive RaftClientReply:client-6EDD19400D46->06a4573b-67a1-41e3-a350-f896363bc636@group-757E3781CD2A, cid=3189, SUCCESS, logIndex=4780, commits[06a4573b-67a1-41e3-a350-f896363bc636:c4781, 0b725bbf-683b-4664-9a2e-3c9dd6e38bc1:c4779, 9193e3b7-ae04-484d-a740-c65c11559486:c4779]
2019-08-24 07:08:53,057 | INFO  | DNAudit | user=null | ip=null | op=PUT_BLOCK {blockData=[blockId=conID: 1 locID: 102670698612523670 bcsId: 0,size=2097152]} | ret=SUCCESS |  
2019-08-24 07:08:53,058 [grpc-default-executor-5] INFO  client.GrpcClientProtocolClient (GrpcClientProtocolClient.java:onNext(255)) - client-6EDD19400D46->06a4573b-67a1-41e3-a350-f896363bc636: receive RaftClientReply:client-6EDD19400D46->06a4573b-67a1-41e3-a350-f896363bc636@group-757E3781CD2A, cid=3190, SUCCESS, logIndex=4781, commits[06a4573b-67a1-41e3-a350-f896363bc636:c4782, 0b725bbf-683b-4664-9a2e-3c9dd6e38bc1:c4779, 9193e3b7-ae04-484d-a740-c65c11559486:c4779]
2019-08-24 07:08:53,058 [grpc-default-executor-5] INFO  client.GrpcClientProtocolClient (GrpcClientProtocolClient.java:onNext(255)) - client-6EDD19400D46->06a4573b-67a1-41e3-a350-f896363bc636: receive RaftClientReply:client-6EDD19400D46->06a4573b-67a1-41e3-a350-f896363bc636@group-757E3781CD2A, cid=3191, SUCCESS, logIndex=4782, commits[06a4573b-67a1-41e3-a350-f896363bc636:c4783, 0b725bbf-683b-4664-9a2e-3c9dd6e38bc1:c4779, 9193e3b7-ae04-484d-a740-c65c11559486:c4779]
2019-08-24 07:08:53,058 [grpc-default-executor-5] INFO  client.GrpcClientProtocolClient (GrpcClientProtocolClient.java:onNext(255)) - client-6EDD19400D46->06a4573b-67a1-41e3-a350-f896363bc636: receive RaftClientReply:client-6EDD19400D46->06a4573b-67a1-41e3-a350-f896363bc636@group-757E3781CD2A, cid=3192, SUCCESS, logIndex=4783, commits[06a4573b-67a1-41e3-a350-f896363bc636:c4783, 0b725bbf-683b-4664-9a2e-3c9dd6e38bc1:c4779, 9193e3b7-ae04-484d-a740-c65c11559486:c4779]
2019-08-24 07:08:53,070 | INFO  | DNAudit | user=null | ip=null | op=WRITE_CHUNK {blockData=conID: 1 locID: 102670698612523670 bcsId: 0} | ret=SUCCESS |  
2019-08-24 07:08:53,070 | INFO  | DNAudit | user=null | ip=null | op=PUT_BLOCK {blockData=[blockId=conID: 1 locID: 102670698612523670 bcsId: 0,size=1048576]} | ret=SUCCESS |  
2019-08-24 07:08:53,070 | INFO  | DNAudit | user=null | ip=null | op=WRITE_CHUNK {blockData=conID: 1 locID: 102670698612523670 bcsId: 0} | ret=SUCCESS |  
2019-08-24 07:08:53,071 | INFO  | DNAudit | user=null | ip=null | op=PUT_BLOCK {blockData=[blockId=conID: 1 locID: 102670698612523670 bcsId: 0,size=1048576]} | ret=SUCCESS |  
2019-08-24 07:08:53,071 | INFO  | DNAudit | user=null | ip=null | op=WRITE_CHUNK {blockData=conID: 1 locID: 102670698612523670 bcsId: 0} | ret=SUCCESS |  
2019-08-24 07:08:53,071 | INFO  | DNAudit | user=null | ip=null | op=WRITE_CHUNK {blockData=conID: 1 locID: 102670698612523670 bcsId: 0} | ret=SUCCESS |  
2019-08-24 07:08:53,071 | INFO  | DNAudit | user=null | ip=null | op=PUT_BLOCK {blockData=[blockId=conID: 1 locID: 102670698612523670 bcsId: 0,size=2097152]} | ret=SUCCESS |  
2019-08-24 07:08:53,071 | INFO  | DNAudit | user=null | ip=null | op=PUT_BLOCK {blockData=[blockId=conID: 1 locID: 102670698612523670 bcsId: 0,size=2097152]} | ret=SUCCESS |  
2019-08-24 07:08:53,071 [grpc-default-executor-1] INFO  client.GrpcClientProtocolClient (GrpcClientProtocolClient.java:onNext(255)) - client-6EDD19400D46->06a4573b-67a1-41e3-a350-f896363bc636: receive RaftClientReply:client-6EDD19400D46->06a4573b-67a1-41e3-a350-f896363bc636@group-757E3781CD2A, cid=3193, SUCCESS, logIndex=0, commits[06a4573b-67a1-41e3-a350-f896363bc636:c4785, 0b725bbf-683b-4664-9a2e-3c9dd6e38bc1:c4781, 9193e3b7-ae04-484d-a740-c65c11559486:c4781]
2019-08-24 07:08:53,079 | INFO  | DNAudit | user=null | ip=null | op=WRITE_CHUNK {blockData=conID: 1 locID: 102670698612523670 bcsId: 4783} | ret=SUCCESS |  
2019-08-24 07:08:53,081 | INFO  | DNAudit | user=null | ip=null | op=WRITE_CHUNK {blockData=conID: 1 locID: 102670698612523670 bcsId: 4783} | ret=SUCCESS |  
2019-08-24 07:08:53,081 | INFO  | DNAudit | user=null | ip=null | op=WRITE_CHUNK {blockData=conID: 1 locID: 102670698612523670 bcsId: 4783} | ret=SUCCESS |  
2019-08-24 07:08:53,091 | INFO  | DNAudit | user=null | ip=null | op=WRITE_CHUNK {blockData=conID: 1 locID: 102670698612523670 bcsId: 4783} | ret=SUCCESS |  
2019-08-24 07:08:53,092 | INFO  | DNAudit | user=null | ip=null | op=PUT_BLOCK {blockData=[blockId=conID: 1 locID: 102670698612523670 bcsId: 0,size=3145728]} | ret=SUCCESS |  
2019-08-24 07:08:53,092 [grpc-default-executor-0] INFO  client.GrpcClientProtocolClient (GrpcClientProtocolClient.java:onNext(255)) - client-6EDD19400D46->06a4573b-67a1-41e3-a350-f896363bc636: receive RaftClientReply:client-6EDD19400D46->06a4573b-67a1-41e3-a350-f896363bc636@group-757E3781CD2A, cid=3194, SUCCESS, logIndex=4788, commits[06a4573b-67a1-41e3-a350-f896363bc636:c4789, 0b725bbf-683b-4664-9a2e-3c9dd6e38bc1:c4787, 9193e3b7-ae04-484d-a740-c65c11559486:c4787]
2019-08-24 07:08:53,093 [grpc-default-executor-0] INFO  client.GrpcClientProtocolClient (GrpcClientProtocolClient.java:onNext(255)) - client-6EDD19400D46->06a4573b-67a1-41e3-a350-f896363bc636: receive RaftClientReply:client-6EDD19400D46->06a4573b-67a1-41e3-a350-f896363bc636@group-757E3781CD2A, cid=3195, SUCCESS, logIndex=4789, commits[06a4573b-67a1-41e3-a350-f896363bc636:c4789, 0b725bbf-683b-4664-9a2e-3c9dd6e38bc1:c4787, 9193e3b7-ae04-484d-a740-c65c11559486:c4787]
2019-08-24 07:08:53,101 | INFO  | DNAudit | user=null | ip=null | op=WRITE_CHUNK {blockData=conID: 1 locID: 102670698612523670 bcsId: 4789} | ret=SUCCESS |  
2019-08-24 07:08:53,103 | INFO  | DNAudit | user=null | ip=null | op=WRITE_CHUNK {blockData=conID: 1 locID: 102670698612523670 bcsId: 4783} | ret=SUCCESS |  
2019-08-24 07:08:53,103 | INFO  | DNAudit | user=null | ip=null | op=WRITE_CHUNK {blockData=conID: 1 locID: 102670698612523670 bcsId: 4783} | ret=SUCCESS |  
2019-08-24 07:08:53,103 | INFO  | DNAudit | user=null | ip=null | op=PUT_BLOCK {blockData=[blockId=conID: 1 locID: 102670698612523670 bcsId: 0,size=3145728]} | ret=SUCCESS |  
2019-08-24 07:08:53,103 | INFO  | DNAudit | user=null | ip=null | op=WRITE_CHUNK {blockData=conID: 1 locID: 102670698612523670 bcsId: 4789} | ret=SUCCESS |  
2019-08-24 07:08:53,104 | INFO  | DNAudit | user=null | ip=null | op=WRITE_CHUNK {blockData=conID: 1 locID: 102670698612523670 bcsId: 4789} | ret=SUCCESS |  
2019-08-24 07:08:53,104 | INFO  | DNAudit | user=null | ip=null | op=PUT_BLOCK {blockData=[blockId=conID: 1 locID: 102670698612523670 bcsId: 0,size=3145728]} | ret=SUCCESS |  
2019-08-24 07:08:53,115 | INFO  | DNAudit | user=null | ip=null | op=WRITE_CHUNK {blockData=conID: 1 locID: 102670698612523670 bcsId: 4789} | ret=SUCCESS |  
2019-08-24 07:08:53,116 | INFO  | DNAudit | user=null | ip=null | op=PUT_BLOCK {blockData=[blockId=conID: 1 locID: 102670698612523670 bcsId: 0,size=4194304]} | ret=SUCCESS |  
2019-08-24 07:08:53,117 [grpc-default-executor-1] INFO  client.GrpcClientProtocolClient (GrpcClientProtocolClient.java:onNext(255)) - client-6EDD19400D46->06a4573b-67a1-41e3-a350-f896363bc636: receive RaftClientReply:client-6EDD19400D46->06a4573b-67a1-41e3-a350-f896363bc636@group-757E3781CD2A, cid=3196, SUCCESS, logIndex=4792, commits[06a4573b-67a1-41e3-a350-f896363bc636:c4793, 0b725bbf-683b-4664-9a2e-3c9dd6e38bc1:c4789, 9193e3b7-ae04-484d-a740-c65c11559486:c4789]
2019-08-24 07:08:53,117 | INFO  | DNAudit | user=null | ip=null | op=WRITE_CHUNK {blockData=conID: 1 locID: 102670698612523670 bcsId: 4789} | ret=SUCCESS |  
2019-08-24 07:08:53,117 [grpc-default-executor-0] INFO  client.GrpcClientProtocolClient (GrpcClientProtocolClient.java:onNext(255)) - client-6EDD19400D46->06a4573b-67a1-41e3-a350-f896363bc636: receive RaftClientReply:client-6EDD19400D46->06a4573b-67a1-41e3-a350-f896363bc636@group-757E3781CD2A, cid=3197, SUCCESS, logIndex=4793, commits[06a4573b-67a1-41e3-a350-f896363bc636:c4793, 0b725bbf-683b-4664-9a2e-3c9dd6e38bc1:c4789, 9193e3b7-ae04-484d-a740-c65c11559486:c4789]
2019-08-24 07:08:53,119 | INFO  | DNAudit | user=null | ip=null | op=WRITE_CHUNK {blockData=conID: 1 locID: 102670698612523670 bcsId: 4789} | ret=SUCCESS |  
2019-08-24 07:08:53,119 | INFO  | DNAudit | user=null | ip=null | op=PUT_BLOCK {blockData=[blockId=conID: 1 locID: 102670698612523670 bcsId: 0,size=4194304]} | ret=SUCCESS |  
2019-08-24 07:08:53,130 | INFO  | DNAudit | user=null | ip=null | op=PUT_BLOCK {blockData=[blockId=conID: 1 locID: 102670698612523670 bcsId: 0,size=4194304]} | ret=SUCCESS |  
2019-08-24 07:08:53,131 [grpc-default-executor-0] INFO  client.GrpcClientProtocolClient (GrpcClientProtocolClient.java:onNext(255)) - client-6EDD19400D46->06a4573b-67a1-41e3-a350-f896363bc636: receive RaftClientReply:client-6EDD19400D46->06a4573b-67a1-41e3-a350-f896363bc636@group-757E3781CD2A, cid=3198, SUCCESS, logIndex=0, commits[06a4573b-67a1-41e3-a350-f896363bc636:c4795, 0b725bbf-683b-4664-9a2e-3c9dd6e38bc1:c4793, 9193e3b7-ae04-484d-a740-c65c11559486:c4793]
2019-08-24 07:08:53,138 | INFO  | SCMAudit | user=jenkins1000 | ip=192.168.69.125 | op=ALLOCATE_BLOCK {owner=61bacca8-15b6-4a50-8962-5e9786b18b0d, size=4194304, type=RATIS, factor=THREE} | ret=SUCCESS |  
2019-08-24 07:08:53,144 | INFO  | OMAudit | user=jenkins1000 | ip=127.0.0.1 | op=ALLOCATE_BLOCK {volume=vol-0-26988, bucket=bucket-0-20739, key=key-0-27353, dataSize=0, replicationType=null, replicationFactor=null, keyLocationInfo=null, clientID=102670695851229586} | ret=SUCCESS |  
2019-08-24 07:08:53,152 | INFO  | DNAudit | user=null | ip=null | op=WRITE_CHUNK {blockData=conID: 2 locID: 102670698619732631 bcsId: 0} | ret=SUCCESS |  
2019-08-24 07:08:53,156 | INFO  | DNAudit | user=null | ip=null | op=WRITE_CHUNK {blockData=conID: 2 locID: 102670698619732631 bcsId: 0} | ret=SUCCESS |  
2019-08-24 07:08:53,156 | INFO  | DNAudit | user=null | ip=null | op=WRITE_CHUNK {blockData=conID: 2 locID: 102670698619732631 bcsId: 0} | ret=SUCCESS |  
2019-08-24 07:08:53,157 | INFO  | DNAudit | user=null | ip=null | op=WRITE_CHUNK {blockData=conID: 2 locID: 102670698619732631 bcsId: 0} | ret=SUCCESS |  
2019-08-24 07:08:53,159 | INFO  | DNAudit | user=null | ip=null | op=WRITE_CHUNK {blockData=conID: 2 locID: 102670698619732631 bcsId: 0} | ret=SUCCESS |  
2019-08-24 07:08:53,159 | INFO  | DNAudit | user=null | ip=null | op=WRITE_CHUNK {blockData=conID: 2 locID: 102670698619732631 bcsId: 0} | ret=SUCCESS |  
2019-08-24 07:08:53,166 | INFO  | DNAudit | user=null | ip=null | op=WRITE_CHUNK {blockData=conID: 2 locID: 102670698619732631 bcsId: 0} | ret=SUCCESS |  
2019-08-24 07:08:53,167 | INFO  | DNAudit | user=null | ip=null | op=PUT_BLOCK {blockData=[blockId=conID: 2 locID: 102670698619732631 bcsId: 0,size=1048576]} | ret=SUCCESS |  
2019-08-24 07:08:53,167 [grpc-default-executor-5] INFO  client.GrpcClientProtocolClient (GrpcClientProtocolClient.java:onNext(255)) - client-6EDD19400D46->06a4573b-67a1-41e3-a350-f896363bc636: receive RaftClientReply:client-6EDD19400D46->06a4573b-67a1-41e3-a350-f896363bc636@group-757E3781CD2A, cid=3199, SUCCESS, logIndex=4796, commits[06a4573b-67a1-41e3-a350-f896363bc636:c4797, 0b725bbf-683b-4664-9a2e-3c9dd6e38bc1:c4795, 9193e3b7-ae04-484d-a740-c65c11559486:c4795]
2019-08-24 07:08:53,168 [grpc-default-executor-5] INFO  client.GrpcClientProtocolClient (GrpcClientProtocolClient.java:onNext(255)) - client-6EDD19400D46->06a4573b-67a1-41e3-a350-f896363bc636: receive RaftClientReply:client-6EDD19400D46->06a4573b-67a1-41e3-a350-f896363bc636@group-757E3781CD2A, cid=3200, SUCCESS, logIndex=4797, commits[06a4573b-67a1-41e3-a350-f896363bc636:c4797, 0b725bbf-683b-4664-9a2e-3c9dd6e38bc1:c4795, 9193e3b7-ae04-484d-a740-c65c11559486:c4795]
2019-08-24 07:08:53,177 | INFO  | DNAudit | user=null | ip=null | op=WRITE_CHUNK {blockData=conID: 2 locID: 102670698619732631 bcsId: 0} | ret=SUCCESS |  
2019-08-24 07:08:53,178 | INFO  | DNAudit | user=null | ip=null | op=PUT_BLOCK {blockData=[blockId=conID: 2 locID: 102670698619732631 bcsId: 0,size=2097152]} | ret=SUCCESS |  
2019-08-24 07:08:53,178 [grpc-default-executor-1] INFO  client.GrpcClientProtocolClient (GrpcClientProtocolClient.java:onNext(255)) - client-6EDD19400D46->06a4573b-67a1-41e3-a350-f896363bc636: receive RaftClientReply:client-6EDD19400D46->06a4573b-67a1-41e3-a350-f896363bc636@group-757E3781CD2A, cid=3201, SUCCESS, logIndex=4798, commits[06a4573b-67a1-41e3-a350-f896363bc636:c4799, 0b725bbf-683b-4664-9a2e-3c9dd6e38bc1:c4795, 9193e3b7-ae04-484d-a740-c65c11559486:c4795]
2019-08-24 07:08:53,178 [grpc-default-executor-1] INFO  client.GrpcClientProtocolClient (GrpcClientProtocolClient.java:onNext(255)) - client-6EDD19400D46->06a4573b-67a1-41e3-a350-f896363bc636: receive RaftClientReply:client-6EDD19400D46->06a4573b-67a1-41e3-a350-f896363bc636@group-757E3781CD2A, cid=3202, SUCCESS, logIndex=4799, commits[06a4573b-67a1-41e3-a350-f896363bc636:c4799, 0b725bbf-683b-4664-9a2e-3c9dd6e38bc1:c4795, 9193e3b7-ae04-484d-a740-c65c11559486:c4795]
2019-08-24 07:08:53,189 | INFO  | DNAudit | user=null | ip=null | op=WRITE_CHUNK {blockData=conID: 2 locID: 102670698619732631 bcsId: 0} | ret=SUCCESS |  
2019-08-24 07:08:53,189 | INFO  | DNAudit | user=null | ip=null | op=PUT_BLOCK {blockData=[blockId=conID: 2 locID: 102670698619732631 bcsId: 0,size=1048576]} | ret=SUCCESS |  
2019-08-24 07:08:53,190 | INFO  | DNAudit | user=null | ip=null | op=WRITE_CHUNK {blockData=conID: 2 locID: 102670698619732631 bcsId: 0} | ret=SUCCESS |  
2019-08-24 07:08:53,190 | INFO  | DNAudit | user=null | ip=null | op=PUT_BLOCK {blockData=[blockId=conID: 2 locID: 102670698619732631 bcsId: 0,size=1048576]} | ret=SUCCESS |  
2019-08-24 07:08:53,190 | INFO  | DNAudit | user=null | ip=null | op=WRITE_CHUNK {blockData=conID: 2 locID: 102670698619732631 bcsId: 0} | ret=SUCCESS |  
2019-08-24 07:08:53,190 | INFO  | DNAudit | user=null | ip=null | op=WRITE_CHUNK {blockData=conID: 2 locID: 102670698619732631 bcsId: 0} | ret=SUCCESS |  
2019-08-24 07:08:53,190 | INFO  | DNAudit | user=null | ip=null | op=PUT_BLOCK {blockData=[blockId=conID: 2 locID: 102670698619732631 bcsId: 0,size=2097152]} | ret=SUCCESS |  
2019-08-24 07:08:53,191 | INFO  | DNAudit | user=null | ip=null | op=PUT_BLOCK {blockData=[blockId=conID: 2 locID: 102670698619732631 bcsId: 0,size=2097152]} | ret=SUCCESS |  
2019-08-24 07:08:53,191 [grpc-default-executor-1] INFO  client.GrpcClientProtocolClient (GrpcClientProtocolClient.java:onNext(255)) - client-6EDD19400D46->06a4573b-67a1-41e3-a350-f896363bc636: receive RaftClientReply:client-6EDD19400D46->06a4573b-67a1-41e3-a350-f896363bc636@group-757E3781CD2A, cid=3203, SUCCESS, logIndex=0, commits[06a4573b-67a1-41e3-a350-f896363bc636:c4801, 0b725bbf-683b-4664-9a2e-3c9dd6e38bc1:c4797, 9193e3b7-ae04-484d-a740-c65c11559486:c4797]
2019-08-24 07:08:53,198 | INFO  | DNAudit | user=null | ip=null | op=WRITE_CHUNK {blockData=conID: 2 locID: 102670698619732631 bcsId: 4799} | ret=SUCCESS |  
2019-08-24 07:08:53,201 | INFO  | DNAudit | user=null | ip=null | op=WRITE_CHUNK {blockData=conID: 2 locID: 102670698619732631 bcsId: 4799} | ret=SUCCESS |  
2019-08-24 07:08:53,202 | INFO  | DNAudit | user=null | ip=null | op=WRITE_CHUNK {blockData=conID: 2 locID: 102670698619732631 bcsId: 4799} | ret=SUCCESS |  
2019-08-24 07:08:53,209 | INFO  | DNAudit | user=null | ip=null | op=WRITE_CHUNK {blockData=conID: 2 locID: 102670698619732631 bcsId: 4799} | ret=SUCCESS |  
2019-08-24 07:08:53,210 | INFO  | DNAudit | user=null | ip=null | op=PUT_BLOCK {blockData=[blockId=conID: 2 locID: 102670698619732631 bcsId: 0,size=3145728]} | ret=SUCCESS |  
2019-08-24 07:08:53,210 [grpc-default-executor-0] INFO  client.GrpcClientProtocolClient (GrpcClientProtocolClient.java:onNext(255)) - client-6EDD19400D46->06a4573b-67a1-41e3-a350-f896363bc636: receive RaftClientReply:client-6EDD19400D46->06a4573b-67a1-41e3-a350-f896363bc636@group-757E3781CD2A, cid=3204, SUCCESS, logIndex=4804, commits[06a4573b-67a1-41e3-a350-f896363bc636:c4805, 0b725bbf-683b-4664-9a2e-3c9dd6e38bc1:c4803, 9193e3b7-ae04-484d-a740-c65c11559486:c4803]
2019-08-24 07:08:53,210 [grpc-default-executor-0] INFO  client.GrpcClientProtocolClient (GrpcClientProtocolClient.java:onNext(255)) - client-6EDD19400D46->06a4573b-67a1-41e3-a350-f896363bc636: receive RaftClientReply:client-6EDD19400D46->06a4573b-67a1-41e3-a350-f896363bc636@group-757E3781CD2A, cid=3205, SUCCESS, logIndex=4805, commits[06a4573b-67a1-41e3-a350-f896363bc636:c4805, 0b725bbf-683b-4664-9a2e-3c9dd6e38bc1:c4803, 9193e3b7-ae04-484d-a740-c65c11559486:c4803]
2019-08-24 07:08:53,217 | INFO  | DNAudit | user=null | ip=null | op=WRITE_CHUNK {blockData=conID: 2 locID: 102670698619732631 bcsId: 4805} | ret=SUCCESS |  
2019-08-24 07:08:53,220 | INFO  | DNAudit | user=null | ip=null | op=WRITE_CHUNK {blockData=conID: 2 locID: 102670698619732631 bcsId: 4799} | ret=SUCCESS |  
2019-08-24 07:08:53,220 | INFO  | DNAudit | user=null | ip=null | op=WRITE_CHUNK {blockData=conID: 2 locID: 102670698619732631 bcsId: 4799} | ret=SUCCESS |  
2019-08-24 07:08:53,221 | INFO  | DNAudit | user=null | ip=null | op=WRITE_CHUNK {blockData=conID: 2 locID: 102670698619732631 bcsId: 4805} | ret=SUCCESS |  
2019-08-24 07:08:53,221 | INFO  | DNAudit | user=null | ip=null | op=WRITE_CHUNK {blockData=conID: 2 locID: 102670698619732631 bcsId: 4805} | ret=SUCCESS |  
2019-08-24 07:08:53,233 | INFO  | DNAudit | user=null | ip=null | op=PUT_BLOCK {blockData=[blockId=conID: 2 locID: 102670698619732631 bcsId: 0,size=3145728]} | ret=SUCCESS |  
2019-08-24 07:08:53,233 | INFO  | DNAudit | user=null | ip=null | op=PUT_BLOCK {blockData=[blockId=conID: 2 locID: 102670698619732631 bcsId: 0,size=3145728]} | ret=SUCCESS |  
2019-08-24 07:08:53,233 | INFO  | DNAudit | user=null | ip=null | op=WRITE_CHUNK {blockData=conID: 2 locID: 102670698619732631 bcsId: 4805} | ret=SUCCESS |  
2019-08-24 07:08:53,234 | INFO  | DNAudit | user=null | ip=null | op=PUT_BLOCK {blockData=[blockId=conID: 2 locID: 102670698619732631 bcsId: 0,size=4194304]} | ret=SUCCESS |  
2019-08-24 07:08:53,234 [grpc-default-executor-0] INFO  client.GrpcClientProtocolClient (GrpcClientProtocolClient.java:onNext(255)) - client-6EDD19400D46->06a4573b-67a1-41e3-a350-f896363bc636: receive RaftClientReply:client-6EDD19400D46->06a4573b-67a1-41e3-a350-f896363bc636@group-757E3781CD2A, cid=3206, SUCCESS, logIndex=4808, commits[06a4573b-67a1-41e3-a350-f896363bc636:c4809, 0b725bbf-683b-4664-9a2e-3c9dd6e38bc1:c4805, 9193e3b7-ae04-484d-a740-c65c11559486:c4805]
2019-08-24 07:08:53,235 [grpc-default-executor-0] INFO  client.GrpcClientProtocolClient (GrpcClientProtocolClient.java:onNext(255)) - client-6EDD19400D46->06a4573b-67a1-41e3-a350-f896363bc636: receive RaftClientReply:client-6EDD19400D46->06a4573b-67a1-41e3-a350-f896363bc636@group-757E3781CD2A, cid=3207, SUCCESS, logIndex=4809, commits[06a4573b-67a1-41e3-a350-f896363bc636:c4809, 0b725bbf-683b-4664-9a2e-3c9dd6e38bc1:c4805, 9193e3b7-ae04-484d-a740-c65c11559486:c4805]
2019-08-24 07:08:53,245 | INFO  | DNAudit | user=null | ip=null | op=WRITE_CHUNK {blockData=conID: 2 locID: 102670698619732631 bcsId: 4805} | ret=SUCCESS |  
2019-08-24 07:08:53,245 | INFO  | DNAudit | user=null | ip=null | op=WRITE_CHUNK {blockData=conID: 2 locID: 102670698619732631 bcsId: 4805} | ret=SUCCESS |  
2019-08-24 07:08:53,247 | INFO  | DNAudit | user=null | ip=null | op=PUT_BLOCK {blockData=[blockId=conID: 2 locID: 102670698619732631 bcsId: 0,size=4194304]} | ret=SUCCESS |  
2019-08-24 07:08:53,247 | INFO  | DNAudit | user=null | ip=null | op=PUT_BLOCK {blockData=[blockId=conID: 2 locID: 102670698619732631 bcsId: 0,size=4194304]} | ret=SUCCESS |  
2019-08-24 07:08:53,248 [grpc-default-executor-0] INFO  client.GrpcClientProtocolClient (GrpcClientProtocolClient.java:onNext(255)) - client-6EDD19400D46->06a4573b-67a1-41e3-a350-f896363bc636: receive RaftClientReply:client-6EDD19400D46->06a4573b-67a1-41e3-a350-f896363bc636@group-757E3781CD2A, cid=3208, SUCCESS, logIndex=0, commits[06a4573b-67a1-41e3-a350-f896363bc636:c4811, 0b725bbf-683b-4664-9a2e-3c9dd6e38bc1:c4809, 9193e3b7-ae04-484d-a740-c65c11559486:c4809]
2019-08-24 07:08:53,257 | INFO  | SCMAudit | user=jenkins1000 | ip=192.168.69.125 | op=ALLOCATE_BLOCK {owner=61bacca8-15b6-4a50-8962-5e9786b18b0d, size=4194304, type=RATIS, factor=THREE} | ret=SUCCESS |  
2019-08-24 07:08:53,264 | INFO  | OMAudit | user=jenkins1000 | ip=127.0.0.1 | op=ALLOCATE_BLOCK {volume=vol-0-26988, bucket=bucket-0-20739, key=key-0-27353, dataSize=0, replicationType=null, replicationFactor=null, keyLocationInfo=null, clientID=102670695851229586} | ret=SUCCESS |  
2019-08-24 07:08:53,271 | INFO  | DNAudit | user=null | ip=null | op=WRITE_CHUNK {blockData=conID: 3 locID: 102670698627531416 bcsId: 0} | ret=SUCCESS |  
2019-08-24 07:08:53,276 | INFO  | DNAudit | user=null | ip=null | op=WRITE_CHUNK {blockData=conID: 3 locID: 102670698627531416 bcsId: 0} | ret=SUCCESS |  
2019-08-24 07:08:53,277 | INFO  | DNAudit | user=null | ip=null | op=WRITE_CHUNK {blockData=conID: 3 locID: 102670698627531416 bcsId: 0} | ret=SUCCESS |  
2019-08-24 07:08:53,277 | INFO  | DNAudit | user=null | ip=null | op=WRITE_CHUNK {blockData=conID: 3 locID: 102670698627531416 bcsId: 0} | ret=SUCCESS |  
2019-08-24 07:08:53,279 | INFO  | DNAudit | user=null | ip=null | op=WRITE_CHUNK {blockData=conID: 3 locID: 102670698627531416 bcsId: 0} | ret=SUCCESS |  
2019-08-24 07:08:53,280 | INFO  | DNAudit | user=null | ip=null | op=WRITE_CHUNK {blockData=conID: 3 locID: 102670698627531416 bcsId: 0} | ret=SUCCESS |  
2019-08-24 07:08:53,284 | INFO  | DNAudit | user=null | ip=null | op=WRITE_CHUNK {blockData=conID: 3 locID: 102670698627531416 bcsId: 0} | ret=SUCCESS |  
2019-08-24 07:08:53,285 | INFO  | DNAudit | user=null | ip=null | op=PUT_BLOCK {blockData=[blockId=conID: 3 locID: 102670698627531416 bcsId: 0,size=1048576]} | ret=SUCCESS |  
2019-08-24 07:08:53,285 | INFO  | DNAudit | user=null | ip=null | op=WRITE_CHUNK {blockData=conID: 3 locID: 102670698627531416 bcsId: 0} | ret=SUCCESS |  
2019-08-24 07:08:53,285 | INFO  | DNAudit | user=null | ip=null | op=PUT_BLOCK {blockData=[blockId=conID: 3 locID: 102670698627531416 bcsId: 0,size=2097152]} | ret=SUCCESS |  
2019-08-24 07:08:53,285 [grpc-default-executor-1] INFO  client.GrpcClientProtocolClient (GrpcClientProtocolClient.java:onNext(255)) - client-6EDD19400D46->06a4573b-67a1-41e3-a350-f896363bc636: receive RaftClientReply:client-6EDD19400D46->06a4573b-67a1-41e3-a350-f896363bc636@group-757E3781CD2A, cid=3209, SUCCESS, logIndex=4812, commits[06a4573b-67a1-41e3-a350-f896363bc636:c4813, 0b725bbf-683b-4664-9a2e-3c9dd6e38bc1:c4811, 9193e3b7-ae04-484d-a740-c65c11559486:c4811]
2019-08-24 07:08:53,286 [grpc-default-executor-1] INFO  client.GrpcClientProtocolClient (GrpcClientProtocolClient.java:onNext(255)) - client-6EDD19400D46->06a4573b-67a1-41e3-a350-f896363bc636: receive RaftClientReply:client-6EDD19400D46->06a4573b-67a1-41e3-a350-f896363bc636@group-757E3781CD2A, cid=3210, SUCCESS, logIndex=4813, commits[06a4573b-67a1-41e3-a350-f896363bc636:c4813, 0b725bbf-683b-4664-9a2e-3c9dd6e38bc1:c4811, 9193e3b7-ae04-484d-a740-c65c11559486:c4811]
2019-08-24 07:08:53,286 [grpc-default-executor-1] INFO  client.GrpcClientProtocolClient (GrpcClientProtocolClient.java:onNext(255)) - client-6EDD19400D46->06a4573b-67a1-41e3-a350-f896363bc636: receive RaftClientReply:client-6EDD19400D46->06a4573b-67a1-41e3-a350-f896363bc636@group-757E3781CD2A, cid=3211, SUCCESS, logIndex=4814, commits[06a4573b-67a1-41e3-a350-f896363bc636:c4815, 0b725bbf-683b-4664-9a2e-3c9dd6e38bc1:c4811, 9193e3b7-ae04-484d-a740-c65c11559486:c4811]
2019-08-24 07:08:53,286 [grpc-default-executor-1] INFO  client.GrpcClientProtocolClient (GrpcClientProtocolClient.java:onNext(255)) - client-6EDD19400D46->06a4573b-67a1-41e3-a350-f896363bc636: receive RaftClientReply:client-6EDD19400D46->06a4573b-67a1-41e3-a350-f896363bc636@group-757E3781CD2A, cid=3212, SUCCESS, logIndex=4815, commits[06a4573b-67a1-41e3-a350-f896363bc636:c4815, 0b725bbf-683b-4664-9a2e-3c9dd6e38bc1:c4811, 9193e3b7-ae04-484d-a740-c65c11559486:c4811]
2019-08-24 07:08:53,298 | INFO  | DNAudit | user=null | ip=null | op=WRITE_CHUNK {blockData=conID: 3 locID: 102670698627531416 bcsId: 0} | ret=SUCCESS |  
2019-08-24 07:08:53,298 | INFO  | DNAudit | user=null | ip=null | op=PUT_BLOCK {blockData=[blockId=conID: 3 locID: 102670698627531416 bcsId: 0,size=1048576]} | ret=SUCCESS |  
2019-08-24 07:08:53,298 | INFO  | DNAudit | user=null | ip=null | op=WRITE_CHUNK {blockData=conID: 3 locID: 102670698627531416 bcsId: 0} | ret=SUCCESS |  
2019-08-24 07:08:53,299 | INFO  | DNAudit | user=null | ip=null | op=PUT_BLOCK {blockData=[blockId=conID: 3 locID: 102670698627531416 bcsId: 0,size=1048576]} | ret=SUCCESS |  
2019-08-24 07:08:53,299 | INFO  | DNAudit | user=null | ip=null | op=WRITE_CHUNK {blockData=conID: 3 locID: 102670698627531416 bcsId: 0} | ret=SUCCESS |  
2019-08-24 07:08:53,299 | INFO  | DNAudit | user=null | ip=null | op=WRITE_CHUNK {blockData=conID: 3 locID: 102670698627531416 bcsId: 0} | ret=SUCCESS |  
2019-08-24 07:08:53,299 | INFO  | DNAudit | user=null | ip=null | op=PUT_BLOCK {blockData=[blockId=conID: 3 locID: 102670698627531416 bcsId: 0,size=2097152]} | ret=SUCCESS |  
2019-08-24 07:08:53,299 | INFO  | DNAudit | user=null | ip=null | op=PUT_BLOCK {blockData=[blockId=conID: 3 locID: 102670698627531416 bcsId: 0,size=2097152]} | ret=SUCCESS |  
2019-08-24 07:08:53,300 [grpc-default-executor-0] INFO  client.GrpcClientProtocolClient (GrpcClientProtocolClient.java:onNext(255)) - client-6EDD19400D46->06a4573b-67a1-41e3-a350-f896363bc636: receive RaftClientReply:client-6EDD19400D46->06a4573b-67a1-41e3-a350-f896363bc636@group-757E3781CD2A, cid=3213, SUCCESS, logIndex=0, commits[06a4573b-67a1-41e3-a350-f896363bc636:c4819, 0b725bbf-683b-4664-9a2e-3c9dd6e38bc1:c4813, 9193e3b7-ae04-484d-a740-c65c11559486:c4815]
2019-08-24 07:08:53,308 | INFO  | DNAudit | user=null | ip=null | op=WRITE_CHUNK {blockData=conID: 3 locID: 102670698627531416 bcsId: 4815} | ret=SUCCESS |  
2019-08-24 07:08:53,311 | INFO  | DNAudit | user=null | ip=null | op=WRITE_CHUNK {blockData=conID: 3 locID: 102670698627531416 bcsId: 4815} | ret=SUCCESS |  
2019-08-24 07:08:53,312 | INFO  | DNAudit | user=null | ip=null | op=WRITE_CHUNK {blockData=conID: 3 locID: 102670698627531416 bcsId: 4815} | ret=SUCCESS |  
2019-08-24 07:08:53,320 | INFO  | DNAudit | user=null | ip=null | op=WRITE_CHUNK {blockData=conID: 3 locID: 102670698627531416 bcsId: 4815} | ret=SUCCESS |  
2019-08-24 07:08:53,321 | INFO  | DNAudit | user=null | ip=null | op=PUT_BLOCK {blockData=[blockId=conID: 3 locID: 102670698627531416 bcsId: 0,size=3145728]} | ret=SUCCESS |  
2019-08-24 07:08:53,321 [grpc-default-executor-5] INFO  client.GrpcClientProtocolClient (GrpcClientProtocolClient.java:onNext(255)) - client-6EDD19400D46->06a4573b-67a1-41e3-a350-f896363bc636: receive RaftClientReply:client-6EDD19400D46->06a4573b-67a1-41e3-a350-f896363bc636@group-757E3781CD2A, cid=3214, SUCCESS, logIndex=4820, commits[06a4573b-67a1-41e3-a350-f896363bc636:c4821, 0b725bbf-683b-4664-9a2e-3c9dd6e38bc1:c4819, 9193e3b7-ae04-484d-a740-c65c11559486:c4819]
2019-08-24 07:08:53,322 [grpc-default-executor-5] INFO  client.GrpcClientProtocolClient (GrpcClientProtocolClient.java:onNext(255)) - client-6EDD19400D46->06a4573b-67a1-41e3-a350-f896363bc636: receive RaftClientReply:client-6EDD19400D46->06a4573b-67a1-41e3-a350-f896363bc636@group-757E3781CD2A, cid=3215, SUCCESS, logIndex=4821, commits[06a4573b-67a1-41e3-a350-f896363bc636:c4821, 0b725bbf-683b-4664-9a2e-3c9dd6e38bc1:c4819, 9193e3b7-ae04-484d-a740-c65c11559486:c4819]
2019-08-24 07:08:53,330 | INFO  | DNAudit | user=null | ip=null | op=WRITE_CHUNK {blockData=conID: 3 locID: 102670698627531416 bcsId: 4821} | ret=SUCCESS |  
2019-08-24 07:08:53,332 | INFO  | DNAudit | user=null | ip=null | op=WRITE_CHUNK {blockData=conID: 3 locID: 102670698627531416 bcsId: 4815} | ret=SUCCESS |  
2019-08-24 07:08:53,332 | INFO  | DNAudit | user=null | ip=null | op=WRITE_CHUNK {blockData=conID: 3 locID: 102670698627531416 bcsId: 4815} | ret=SUCCESS |  
2019-08-24 07:08:53,332 | INFO  | DNAudit | user=null | ip=null | op=WRITE_CHUNK {blockData=conID: 3 locID: 102670698627531416 bcsId: 4821} | ret=SUCCESS |  
2019-08-24 07:08:53,333 | INFO  | DNAudit | user=null | ip=null | op=WRITE_CHUNK {blockData=conID: 3 locID: 102670698627531416 bcsId: 4821} | ret=SUCCESS |  
2019-08-24 07:08:53,344 | INFO  | DNAudit | user=null | ip=null | op=PUT_BLOCK {blockData=[blockId=conID: 3 locID: 102670698627531416 bcsId: 0,size=3145728]} | ret=SUCCESS |  
2019-08-24 07:08:53,345 | INFO  | DNAudit | user=null | ip=null | op=PUT_BLOCK {blockData=[blockId=conID: 3 locID: 102670698627531416 bcsId: 0,size=3145728]} | ret=SUCCESS |  
2019-08-24 07:08:53,345 | INFO  | DNAudit | user=null | ip=null | op=WRITE_CHUNK {blockData=conID: 3 locID: 102670698627531416 bcsId: 4821} | ret=SUCCESS |  
2019-08-24 07:08:53,345 | INFO  | DNAudit | user=null | ip=null | op=PUT_BLOCK {blockData=[blockId=conID: 3 locID: 102670698627531416 bcsId: 0,size=4194304]} | ret=SUCCESS |  
2019-08-24 07:08:53,346 [grpc-default-executor-0] INFO  client.GrpcClientProtocolClient (GrpcClientProtocolClient.java:onNext(255)) - client-6EDD19400D46->06a4573b-67a1-41e3-a350-f896363bc636: receive RaftClientReply:client-6EDD19400D46->06a4573b-67a1-41e3-a350-f896363bc636@group-757E3781CD2A, cid=3216, SUCCESS, logIndex=4824, commits[06a4573b-67a1-41e3-a350-f896363bc636:c4825, 0b725bbf-683b-4664-9a2e-3c9dd6e38bc1:c4821, 9193e3b7-ae04-484d-a740-c65c11559486:c4821]
2019-08-24 07:08:53,346 [grpc-default-executor-0] INFO  client.GrpcClientProtocolClient (GrpcClientProtocolClient.java:onNext(255)) - client-6EDD19400D46->06a4573b-67a1-41e3-a350-f896363bc636: receive RaftClientReply:client-6EDD19400D46->06a4573b-67a1-41e3-a350-f896363bc636@group-757E3781CD2A, cid=3217, SUCCESS, logIndex=4825, commits[06a4573b-67a1-41e3-a350-f896363bc636:c4825, 0b725bbf-683b-4664-9a2e-3c9dd6e38bc1:c4821, 9193e3b7-ae04-484d-a740-c65c11559486:c4821]
2019-08-24 07:08:53,356 | INFO  | DNAudit | user=null | ip=null | op=WRITE_CHUNK {blockData=conID: 3 locID: 102670698627531416 bcsId: 4821} | ret=SUCCESS |  
2019-08-24 07:08:53,356 | INFO  | DNAudit | user=null | ip=null | op=WRITE_CHUNK {blockData=conID: 3 locID: 102670698627531416 bcsId: 4821} | ret=SUCCESS |  
2019-08-24 07:08:53,359 | INFO  | DNAudit | user=null | ip=null | op=PUT_BLOCK {blockData=[blockId=conID: 3 locID: 102670698627531416 bcsId: 0,size=4194304]} | ret=SUCCESS |  
2019-08-24 07:08:53,359 | INFO  | DNAudit | user=null | ip=null | op=PUT_BLOCK {blockData=[blockId=conID: 3 locID: 102670698627531416 bcsId: 0,size=4194304]} | ret=SUCCESS |  
2019-08-24 07:08:53,360 [grpc-default-executor-0] INFO  client.GrpcClientProtocolClient (GrpcClientProtocolClient.java:onNext(255)) - client-6EDD19400D46->06a4573b-67a1-41e3-a350-f896363bc636: receive RaftClientReply:client-6EDD19400D46->06a4573b-67a1-41e3-a350-f896363bc636@group-757E3781CD2A, cid=3218, SUCCESS, logIndex=0, commits[06a4573b-67a1-41e3-a350-f896363bc636:c4827, 0b725bbf-683b-4664-9a2e-3c9dd6e38bc1:c4825, 9193e3b7-ae04-484d-a740-c65c11559486:c4825]
2019-08-24 07:08:53,368 | INFO  | SCMAudit | user=jenkins1000 | ip=192.168.69.125 | op=ALLOCATE_BLOCK {owner=61bacca8-15b6-4a50-8962-5e9786b18b0d, size=4194304, type=RATIS, factor=THREE} | ret=SUCCESS |  
2019-08-24 07:08:53,374 | INFO  | OMAudit | user=jenkins1000 | ip=127.0.0.1 | op=ALLOCATE_BLOCK {volume=vol-0-26988, bucket=bucket-0-20739, key=key-0-27353, dataSize=0, replicationType=null, replicationFactor=null, keyLocationInfo=null, clientID=102670695851229586} | ret=SUCCESS |  
2019-08-24 07:08:53,383 | INFO  | DNAudit | user=null | ip=null | op=WRITE_CHUNK {blockData=conID: 1 locID: 102670698634805913 bcsId: 0} | ret=SUCCESS |  
2019-08-24 07:08:53,386 | INFO  | DNAudit | user=null | ip=null | op=WRITE_CHUNK {blockData=conID: 1 locID: 102670698634805913 bcsId: 0} | ret=SUCCESS |  
2019-08-24 07:08:53,387 | INFO  | DNAudit | user=null | ip=null | op=WRITE_CHUNK {blockData=conID: 1 locID: 102670698634805913 bcsId: 0} | ret=SUCCESS |  
2019-08-24 07:08:53,388 | INFO  | DNAudit | user=null | ip=null | op=WRITE_CHUNK {blockData=conID: 1 locID: 102670698634805913 bcsId: 0} | ret=SUCCESS |  
2019-08-24 07:08:53,389 | INFO  | DNAudit | user=null | ip=null | op=WRITE_CHUNK {blockData=conID: 1 locID: 102670698634805913 bcsId: 0} | ret=SUCCESS |  
2019-08-24 07:08:53,389 | INFO  | DNAudit | user=null | ip=null | op=WRITE_CHUNK {blockData=conID: 1 locID: 102670698634805913 bcsId: 0} | ret=SUCCESS |  
2019-08-24 07:08:53,396 | INFO  | DNAudit | user=null | ip=null | op=WRITE_CHUNK {blockData=conID: 1 locID: 102670698634805913 bcsId: 0} | ret=SUCCESS |  
2019-08-24 07:08:53,396 | INFO  | DNAudit | user=null | ip=null | op=PUT_BLOCK {blockData=[blockId=conID: 1 locID: 102670698634805913 bcsId: 0,size=1048576]} | ret=SUCCESS |  
2019-08-24 07:08:53,397 | INFO  | DNAudit | user=null | ip=null | op=WRITE_CHUNK {blockData=conID: 1 locID: 102670698634805913 bcsId: 0} | ret=SUCCESS |  
2019-08-24 07:08:53,397 [grpc-default-executor-5] INFO  client.GrpcClientProtocolClient (GrpcClientProtocolClient.java:onNext(255)) - client-6EDD19400D46->06a4573b-67a1-41e3-a350-f896363bc636: receive RaftClientReply:client-6EDD19400D46->06a4573b-67a1-41e3-a350-f896363bc636@group-757E3781CD2A, cid=3219, SUCCESS, logIndex=4828, commits[06a4573b-67a1-41e3-a350-f896363bc636:c4829, 0b725bbf-683b-4664-9a2e-3c9dd6e38bc1:c4827, 9193e3b7-ae04-484d-a740-c65c11559486:c4827]
2019-08-24 07:08:53,397 | INFO  | DNAudit | user=null | ip=null | op=PUT_BLOCK {blockData=[blockId=conID: 1 locID: 102670698634805913 bcsId: 0,size=2097152]} | ret=SUCCESS |  
2019-08-24 07:08:53,397 | INFO  | DNAudit | user=null | ip=null | op=WRITE_CHUNK {blockData=conID: 1 locID: 102670698634805913 bcsId: 0} | ret=SUCCESS |  
2019-08-24 07:08:53,397 [grpc-default-executor-5] INFO  client.GrpcClientProtocolClient (GrpcClientProtocolClient.java:onNext(255)) - client-6EDD19400D46->06a4573b-67a1-41e3-a350-f896363bc636: receive RaftClientReply:client-6EDD19400D46->06a4573b-67a1-41e3-a350-f896363bc636@group-757E3781CD2A, cid=3220, SUCCESS, logIndex=4829, commits[06a4573b-67a1-41e3-a350-f896363bc636:c4831, 0b725bbf-683b-4664-9a2e-3c9dd6e38bc1:c4827, 9193e3b7-ae04-484d-a740-c65c11559486:c4827]
2019-08-24 07:08:53,398 [grpc-default-executor-5] INFO  client.GrpcClientProtocolClient (GrpcClientProtocolClient.java:onNext(255)) - client-6EDD19400D46->06a4573b-67a1-41e3-a350-f896363bc636: receive RaftClientReply:client-6EDD19400D46->06a4573b-67a1-41e3-a350-f896363bc636@group-757E3781CD2A, cid=3221, SUCCESS, logIndex=4830, commits[06a4573b-67a1-41e3-a350-f896363bc636:c4831, 0b725bbf-683b-4664-9a2e-3c9dd6e38bc1:c4827, 9193e3b7-ae04-484d-a740-c65c11559486:c4827]
2019-08-24 07:08:53,398 [grpc-default-executor-5] INFO  client.GrpcClientProtocolClient (GrpcClientProtocolClient.java:onNext(255)) - client-6EDD19400D46->06a4573b-67a1-41e3-a350-f896363bc636: receive RaftClientReply:client-6EDD19400D46->06a4573b-67a1-41e3-a350-f896363bc636@group-757E3781CD2A, cid=3222, SUCCESS, logIndex=4831, commits[06a4573b-67a1-41e3-a350-f896363bc636:c4831, 0b725bbf-683b-4664-9a2e-3c9dd6e38bc1:c4827, 9193e3b7-ae04-484d-a740-c65c11559486:c4827]
2019-08-24 07:08:53,399 | INFO  | DNAudit | user=null | ip=null | op=PUT_BLOCK {blockData=[blockId=conID: 1 locID: 102670698634805913 bcsId: 0,size=1048576]} | ret=SUCCESS |  
2019-08-24 07:08:53,399 | INFO  | DNAudit | user=null | ip=null | op=WRITE_CHUNK {blockData=conID: 1 locID: 102670698634805913 bcsId: 0} | ret=SUCCESS |  
2019-08-24 07:08:53,399 | INFO  | DNAudit | user=null | ip=null | op=PUT_BLOCK {blockData=[blockId=conID: 1 locID: 102670698634805913 bcsId: 0,size=2097152]} | ret=SUCCESS |  
2019-08-24 07:08:53,400 | INFO  | DNAudit | user=null | ip=null | op=WRITE_CHUNK {blockData=conID: 1 locID: 102670698634805913 bcsId: 0} | ret=SUCCESS |  
2019-08-24 07:08:53,411 | INFO  | DNAudit | user=null | ip=null | op=PUT_BLOCK {blockData=[blockId=conID: 1 locID: 102670698634805913 bcsId: 0,size=1048576]} | ret=SUCCESS |  
2019-08-24 07:08:53,411 | INFO  | DNAudit | user=null | ip=null | op=WRITE_CHUNK {blockData=conID: 1 locID: 102670698634805913 bcsId: 0} | ret=SUCCESS |  
2019-08-24 07:08:53,411 | INFO  | DNAudit | user=null | ip=null | op=PUT_BLOCK {blockData=[blockId=conID: 1 locID: 102670698634805913 bcsId: 0,size=2097152]} | ret=SUCCESS |  
2019-08-24 07:08:53,411 [grpc-default-executor-0] INFO  client.GrpcClientProtocolClient (GrpcClientProtocolClient.java:onNext(255)) - client-6EDD19400D46->06a4573b-67a1-41e3-a350-f896363bc636: receive RaftClientReply:client-6EDD19400D46->06a4573b-67a1-41e3-a350-f896363bc636@group-757E3781CD2A, cid=3223, SUCCESS, logIndex=0, commits[06a4573b-67a1-41e3-a350-f896363bc636:c4834, 0b725bbf-683b-4664-9a2e-3c9dd6e38bc1:c4831, 9193e3b7-ae04-484d-a740-c65c11559486:c4829]
2019-08-24 07:08:53,419 | INFO  | DNAudit | user=null | ip=null | op=WRITE_CHUNK {blockData=conID: 1 locID: 102670698634805913 bcsId: 4831} | ret=SUCCESS |  
2019-08-24 07:08:53,421 | INFO  | DNAudit | user=null | ip=null | op=WRITE_CHUNK {blockData=conID: 1 locID: 102670698634805913 bcsId: 4831} | ret=SUCCESS |  
2019-08-24 07:08:53,422 | INFO  | DNAudit | user=null | ip=null | op=WRITE_CHUNK {blockData=conID: 1 locID: 102670698634805913 bcsId: 4831} | ret=SUCCESS |  
2019-08-24 07:08:53,429 | INFO  | DNAudit | user=null | ip=null | op=WRITE_CHUNK {blockData=conID: 1 locID: 102670698634805913 bcsId: 4831} | ret=SUCCESS |  
2019-08-24 07:08:53,429 | INFO  | DNAudit | user=null | ip=null | op=PUT_BLOCK {blockData=[blockId=conID: 1 locID: 102670698634805913 bcsId: 0,size=3145728]} | ret=SUCCESS |  
2019-08-24 07:08:53,429 [grpc-default-executor-1] INFO  client.GrpcClientProtocolClient (GrpcClientProtocolClient.java:onNext(255)) - client-6EDD19400D46->06a4573b-67a1-41e3-a350-f896363bc636: receive RaftClientReply:client-6EDD19400D46->06a4573b-67a1-41e3-a350-f896363bc636@group-757E3781CD2A, cid=3224, SUCCESS, logIndex=4835, commits[06a4573b-67a1-41e3-a350-f896363bc636:c4836, 0b725bbf-683b-4664-9a2e-3c9dd6e38bc1:c4834, 9193e3b7-ae04-484d-a740-c65c11559486:c4834]
2019-08-24 07:08:53,430 [grpc-default-executor-1] INFO  client.GrpcClientProtocolClient (GrpcClientProtocolClient.java:onNext(255)) - client-6EDD19400D46->06a4573b-67a1-41e3-a350-f896363bc636: receive RaftClientReply:client-6EDD19400D46->06a4573b-67a1-41e3-a350-f896363bc636@group-757E3781CD2A, cid=3225, SUCCESS, logIndex=4836, commits[06a4573b-67a1-41e3-a350-f896363bc636:c4836, 0b725bbf-683b-4664-9a2e-3c9dd6e38bc1:c4834, 9193e3b7-ae04-484d-a740-c65c11559486:c4834]
2019-08-24 07:08:53,436 | INFO  | DNAudit | user=null | ip=null | op=WRITE_CHUNK {blockData=conID: 1 locID: 102670698634805913 bcsId: 4836} | ret=SUCCESS |  
2019-08-24 07:08:53,439 | INFO  | DNAudit | user=null | ip=null | op=WRITE_CHUNK {blockData=conID: 1 locID: 102670698634805913 bcsId: 4836} | ret=SUCCESS |  
2019-08-24 07:08:53,439 | INFO  | DNAudit | user=null | ip=null | op=WRITE_CHUNK {blockData=conID: 1 locID: 102670698634805913 bcsId: 4836} | ret=SUCCESS |  
2019-08-24 07:08:53,440 | INFO  | DNAudit | user=null | ip=null | op=WRITE_CHUNK {blockData=conID: 1 locID: 102670698634805913 bcsId: 4831} | ret=SUCCESS |  
2019-08-24 07:08:53,440 | INFO  | DNAudit | user=null | ip=null | op=WRITE_CHUNK {blockData=conID: 1 locID: 102670698634805913 bcsId: 4831} | ret=SUCCESS |  
2019-08-24 07:08:53,443 | INFO  | DNAudit | user=null | ip=null | op=PUT_BLOCK {blockData=[blockId=conID: 1 locID: 102670698634805913 bcsId: 0,size=3145728]} | ret=SUCCESS |  
2019-08-24 07:08:53,443 | INFO  | DNAudit | user=null | ip=null | op=PUT_BLOCK {blockData=[blockId=conID: 1 locID: 102670698634805913 bcsId: 0,size=3145728]} | ret=SUCCESS |  
2019-08-24 07:08:53,444 | INFO  | DNAudit | user=null | ip=null | op=WRITE_CHUNK {blockData=conID: 1 locID: 102670698634805913 bcsId: 4836} | ret=SUCCESS |  
2019-08-24 07:08:53,444 | INFO  | DNAudit | user=null | ip=null | op=PUT_BLOCK {blockData=[blockId=conID: 1 locID: 102670698634805913 bcsId: 0,size=4194304]} | ret=SUCCESS |  
2019-08-24 07:08:53,444 [grpc-default-executor-5] INFO  client.GrpcClientProtocolClient (GrpcClientProtocolClient.java:onNext(255)) - client-6EDD19400D46->06a4573b-67a1-41e3-a350-f896363bc636: receive RaftClientReply:client-6EDD19400D46->06a4573b-67a1-41e3-a350-f896363bc636@group-757E3781CD2A, cid=3226, SUCCESS, logIndex=4839, commits[06a4573b-67a1-41e3-a350-f896363bc636:c4839, 0b725bbf-683b-4664-9a2e-3c9dd6e38bc1:c4836, 9193e3b7-ae04-484d-a740-c65c11559486:c4836]
2019-08-24 07:08:53,445 [grpc-default-executor-5] INFO  client.GrpcClientProtocolClient (GrpcClientProtocolClient.java:onNext(255)) - client-6EDD19400D46->06a4573b-67a1-41e3-a350-f896363bc636: receive RaftClientReply:client-6EDD19400D46->06a4573b-67a1-41e3-a350-f896363bc636@group-757E3781CD2A, cid=3227, SUCCESS, logIndex=4840, commits[06a4573b-67a1-41e3-a350-f896363bc636:c4840, 0b725bbf-683b-4664-9a2e-3c9dd6e38bc1:c4836, 9193e3b7-ae04-484d-a740-c65c11559486:c4836]
2019-08-24 07:08:53,459 | INFO  | DNAudit | user=null | ip=null | op=WRITE_CHUNK {blockData=conID: 1 locID: 102670698634805913 bcsId: 4836} | ret=SUCCESS |  
2019-08-24 07:08:53,459 | INFO  | DNAudit | user=null | ip=null | op=WRITE_CHUNK {blockData=conID: 1 locID: 102670698634805913 bcsId: 4836} | ret=SUCCESS |  
2019-08-24 07:08:53,460 | INFO  | DNAudit | user=null | ip=null | op=PUT_BLOCK {blockData=[blockId=conID: 1 locID: 102670698634805913 bcsId: 0,size=4194304]} | ret=SUCCESS |  
2019-08-24 07:08:53,460 | INFO  | DNAudit | user=null | ip=null | op=PUT_BLOCK {blockData=[blockId=conID: 1 locID: 102670698634805913 bcsId: 0,size=4194304]} | ret=SUCCESS |  
2019-08-24 07:08:53,461 [grpc-default-executor-5] INFO  client.GrpcClientProtocolClient (GrpcClientProtocolClient.java:onNext(255)) - client-6EDD19400D46->06a4573b-67a1-41e3-a350-f896363bc636: receive RaftClientReply:client-6EDD19400D46->06a4573b-67a1-41e3-a350-f896363bc636@group-757E3781CD2A, cid=3228, SUCCESS, logIndex=0, commits[06a4573b-67a1-41e3-a350-f896363bc636:c4842, 0b725bbf-683b-4664-9a2e-3c9dd6e38bc1:c4840, 9193e3b7-ae04-484d-a740-c65c11559486:c4840]
2019-08-24 07:08:53,466 | INFO  | SCMAudit | user=jenkins1000 | ip=192.168.69.125 | op=ALLOCATE_BLOCK {owner=61bacca8-15b6-4a50-8962-5e9786b18b0d, size=4194304, type=RATIS, factor=THREE} | ret=SUCCESS |  
2019-08-24 07:08:53,470 | INFO  | OMAudit | user=jenkins1000 | ip=127.0.0.1 | op=ALLOCATE_BLOCK {volume=vol-0-26988, bucket=bucket-0-20739, key=key-0-27353, dataSize=0, replicationType=null, replicationFactor=null, keyLocationInfo=null, clientID=102670695851229586} | ret=SUCCESS |  
2019-08-24 07:08:53,477 | INFO  | DNAudit | user=null | ip=null | op=WRITE_CHUNK {blockData=conID: 2 locID: 102670698641228442 bcsId: 0} | ret=SUCCESS |  
2019-08-24 07:08:53,480 | INFO  | DNAudit | user=null | ip=null | op=WRITE_CHUNK {blockData=conID: 2 locID: 102670698641228442 bcsId: 0} | ret=SUCCESS |  
2019-08-24 07:08:53,480 | INFO  | DNAudit | user=null | ip=null | op=WRITE_CHUNK {blockData=conID: 2 locID: 102670698641228442 bcsId: 0} | ret=SUCCESS |  
2019-08-24 07:08:53,481 | INFO  | DNAudit | user=null | ip=null | op=WRITE_CHUNK {blockData=conID: 2 locID: 102670698641228442 bcsId: 0} | ret=SUCCESS |  
2019-08-24 07:08:53,483 | INFO  | DNAudit | user=null | ip=null | op=WRITE_CHUNK {blockData=conID: 2 locID: 102670698641228442 bcsId: 0} | ret=SUCCESS |  
2019-08-24 07:08:53,483 | INFO  | DNAudit | user=null | ip=null | op=WRITE_CHUNK {blockData=conID: 2 locID: 102670698641228442 bcsId: 0} | ret=SUCCESS |  
2019-08-24 07:08:53,489 | INFO  | DNAudit | user=null | ip=null | op=WRITE_CHUNK {blockData=conID: 2 locID: 102670698641228442 bcsId: 0} | ret=SUCCESS |  
2019-08-24 07:08:53,490 | INFO  | DNAudit | user=null | ip=null | op=PUT_BLOCK {blockData=[blockId=conID: 2 locID: 102670698641228442 bcsId: 0,size=1048576]} | ret=SUCCESS |  
2019-08-24 07:08:53,490 [grpc-default-executor-0] INFO  client.GrpcClientProtocolClient (GrpcClientProtocolClient.java:onNext(255)) - client-6EDD19400D46->06a4573b-67a1-41e3-a350-f896363bc636: receive RaftClientReply:client-6EDD19400D46->06a4573b-67a1-41e3-a350-f896363bc636@group-757E3781CD2A, cid=3229, SUCCESS, logIndex=4843, commits[06a4573b-67a1-41e3-a350-f896363bc636:c4844, 0b725bbf-683b-4664-9a2e-3c9dd6e38bc1:c4842, 9193e3b7-ae04-484d-a740-c65c11559486:c4842]
2019-08-24 07:08:53,491 | INFO  | DNAudit | user=null | ip=null | op=WRITE_CHUNK {blockData=conID: 2 locID: 102670698641228442 bcsId: 0} | ret=SUCCESS |  
2019-08-24 07:08:53,491 [grpc-default-executor-5] INFO  client.GrpcClientProtocolClient (GrpcClientProtocolClient.java:onNext(255)) - client-6EDD19400D46->06a4573b-67a1-41e3-a350-f896363bc636: receive RaftClientReply:client-6EDD19400D46->06a4573b-67a1-41e3-a350-f896363bc636@group-757E3781CD2A, cid=3230, SUCCESS, logIndex=4844, commits[06a4573b-67a1-41e3-a350-f896363bc636:c4844, 0b725bbf-683b-4664-9a2e-3c9dd6e38bc1:c4842, 9193e3b7-ae04-484d-a740-c65c11559486:c4842]
2019-08-24 07:08:53,491 | INFO  | DNAudit | user=null | ip=null | op=PUT_BLOCK {blockData=[blockId=conID: 2 locID: 102670698641228442 bcsId: 0,size=2097152]} | ret=SUCCESS |  
2019-08-24 07:08:53,491 [grpc-default-executor-5] INFO  client.GrpcClientProtocolClient (GrpcClientProtocolClient.java:onNext(255)) - client-6EDD19400D46->06a4573b-67a1-41e3-a350-f896363bc636: receive RaftClientReply:client-6EDD19400D46->06a4573b-67a1-41e3-a350-f896363bc636@group-757E3781CD2A, cid=3231, SUCCESS, logIndex=4845, commits[06a4573b-67a1-41e3-a350-f896363bc636:c4846, 0b725bbf-683b-4664-9a2e-3c9dd6e38bc1:c4842, 9193e3b7-ae04-484d-a740-c65c11559486:c4842]
2019-08-24 07:08:53,491 [grpc-default-executor-5] INFO  client.GrpcClientProtocolClient (GrpcClientProtocolClient.java:onNext(255)) - client-6EDD19400D46->06a4573b-67a1-41e3-a350-f896363bc636: receive RaftClientReply:client-6EDD19400D46->06a4573b-67a1-41e3-a350-f896363bc636@group-757E3781CD2A, cid=3232, SUCCESS, logIndex=4846, commits[06a4573b-67a1-41e3-a350-f896363bc636:c4846, 0b725bbf-683b-4664-9a2e-3c9dd6e38bc1:c4842, 9193e3b7-ae04-484d-a740-c65c11559486:c4842]
2019-08-24 07:08:53,504 | INFO  | DNAudit | user=null | ip=null | op=WRITE_CHUNK {blockData=conID: 2 locID: 102670698641228442 bcsId: 0} | ret=SUCCESS |  
2019-08-24 07:08:53,504 | INFO  | DNAudit | user=null | ip=null | op=PUT_BLOCK {blockData=[blockId=conID: 2 locID: 102670698641228442 bcsId: 0,size=1048576]} | ret=SUCCESS |  
2019-08-24 07:08:53,504 | INFO  | DNAudit | user=null | ip=null | op=WRITE_CHUNK {blockData=conID: 2 locID: 102670698641228442 bcsId: 0} | ret=SUCCESS |  
2019-08-24 07:08:53,505 | INFO  | DNAudit | user=null | ip=null | op=PUT_BLOCK {blockData=[blockId=conID: 2 locID: 102670698641228442 bcsId: 0,size=1048576]} | ret=SUCCESS |  
2019-08-24 07:08:53,505 | INFO  | DNAudit | user=null | ip=null | op=WRITE_CHUNK {blockData=conID: 2 locID: 102670698641228442 bcsId: 0} | ret=SUCCESS |  
2019-08-24 07:08:53,505 | INFO  | DNAudit | user=null | ip=null | op=PUT_BLOCK {blockData=[blockId=conID: 2 locID: 102670698641228442 bcsId: 0,size=2097152]} | ret=SUCCESS |  
2019-08-24 07:08:53,505 [grpc-default-executor-1] INFO  client.GrpcClientProtocolClient (GrpcClientProtocolClient.java:onNext(255)) - client-6EDD19400D46->06a4573b-67a1-41e3-a350-f896363bc636: receive RaftClientReply:client-6EDD19400D46->06a4573b-67a1-41e3-a350-f896363bc636@group-757E3781CD2A, cid=3233, SUCCESS, logIndex=0, commits[06a4573b-67a1-41e3-a350-f896363bc636:c4848, 0b725bbf-683b-4664-9a2e-3c9dd6e38bc1:c4844, 9193e3b7-ae04-484d-a740-c65c11559486:c4844]
2019-08-24 07:08:53,505 | INFO  | DNAudit | user=null | ip=null | op=WRITE_CHUNK {blockData=conID: 2 locID: 102670698641228442 bcsId: 0} | ret=SUCCESS |  
2019-08-24 07:08:53,505 | INFO  | DNAudit | user=null | ip=null | op=PUT_BLOCK {blockData=[blockId=conID: 2 locID: 102670698641228442 bcsId: 0,size=2097152]} | ret=SUCCESS |  
2019-08-24 07:08:53,511 | INFO  | DNAudit | user=null | ip=null | op=WRITE_CHUNK {blockData=conID: 2 locID: 102670698641228442 bcsId: 4846} | ret=SUCCESS |  
2019-08-24 07:08:53,514 | INFO  | DNAudit | user=null | ip=null | op=WRITE_CHUNK {blockData=conID: 2 locID: 102670698641228442 bcsId: 4846} | ret=SUCCESS |  
2019-08-24 07:08:53,515 | INFO  | DNAudit | user=null | ip=null | op=WRITE_CHUNK {blockData=conID: 2 locID: 102670698641228442 bcsId: 4846} | ret=SUCCESS |  
2019-08-24 07:08:53,524 | INFO  | DNAudit | user=null | ip=null | op=WRITE_CHUNK {blockData=conID: 2 locID: 102670698641228442 bcsId: 4846} | ret=SUCCESS |  
2019-08-24 07:08:53,524 | INFO  | DNAudit | user=null | ip=null | op=PUT_BLOCK {blockData=[blockId=conID: 2 locID: 102670698641228442 bcsId: 0,size=3145728]} | ret=SUCCESS |  
2019-08-24 07:08:53,524 [grpc-default-executor-0] INFO  client.GrpcClientProtocolClient (GrpcClientProtocolClient.java:onNext(255)) - client-6EDD19400D46->06a4573b-67a1-41e3-a350-f896363bc636: receive RaftClientReply:client-6EDD19400D46->06a4573b-67a1-41e3-a350-f896363bc636@group-757E3781CD2A, cid=3234, SUCCESS, logIndex=4851, commits[06a4573b-67a1-41e3-a350-f896363bc636:c4852, 0b725bbf-683b-4664-9a2e-3c9dd6e38bc1:c4850, 9193e3b7-ae04-484d-a740-c65c11559486:c4850]
2019-08-24 07:08:53,525 [grpc-default-executor-0] INFO  client.GrpcClientProtocolClient (GrpcClientProtocolClient.java:onNext(255)) - client-6EDD19400D46->06a4573b-67a1-41e3-a350-f896363bc636: receive RaftClientReply:client-6EDD19400D46->06a4573b-67a1-41e3-a350-f896363bc636@group-757E3781CD2A, cid=3235, SUCCESS, logIndex=4852, commits[06a4573b-67a1-41e3-a350-f896363bc636:c4852, 0b725bbf-683b-4664-9a2e-3c9dd6e38bc1:c4850, 9193e3b7-ae04-484d-a740-c65c11559486:c4850]
2019-08-24 07:08:53,531 | INFO  | DNAudit | user=null | ip=null | op=WRITE_CHUNK {blockData=conID: 2 locID: 102670698641228442 bcsId: 4852} | ret=SUCCESS |  
2019-08-24 07:08:53,534 | INFO  | DNAudit | user=null | ip=null | op=WRITE_CHUNK {blockData=conID: 2 locID: 102670698641228442 bcsId: 4852} | ret=SUCCESS |  
2019-08-24 07:08:53,535 | INFO  | DNAudit | user=null | ip=null | op=WRITE_CHUNK {blockData=conID: 2 locID: 102670698641228442 bcsId: 4852} | ret=SUCCESS |  
2019-08-24 07:08:53,535 | INFO  | DNAudit | user=null | ip=null | op=WRITE_CHUNK {blockData=conID: 2 locID: 102670698641228442 bcsId: 4846} | ret=SUCCESS |  
2019-08-24 07:08:53,536 | INFO  | DNAudit | user=null | ip=null | op=WRITE_CHUNK {blockData=conID: 2 locID: 102670698641228442 bcsId: 4846} | ret=SUCCESS |  
2019-08-24 07:08:53,537 | INFO  | DNAudit | user=null | ip=null | op=PUT_BLOCK {blockData=[blockId=conID: 2 locID: 102670698641228442 bcsId: 0,size=3145728]} | ret=SUCCESS |  
2019-08-24 07:08:53,537 | INFO  | DNAudit | user=null | ip=null | op=PUT_BLOCK {blockData=[blockId=conID: 2 locID: 102670698641228442 bcsId: 0,size=3145728]} | ret=SUCCESS |  
2019-08-24 07:08:53,537 | INFO  | DNAudit | user=null | ip=null | op=WRITE_CHUNK {blockData=conID: 2 locID: 102670698641228442 bcsId: 4852} | ret=SUCCESS |  
2019-08-24 07:08:53,538 | INFO  | DNAudit | user=null | ip=null | op=PUT_BLOCK {blockData=[blockId=conID: 2 locID: 102670698641228442 bcsId: 0,size=4194304]} | ret=SUCCESS |  
2019-08-24 07:08:53,538 [grpc-default-executor-1] INFO  client.GrpcClientProtocolClient (GrpcClientProtocolClient.java:onNext(255)) - client-6EDD19400D46->06a4573b-67a1-41e3-a350-f896363bc636: receive RaftClientReply:client-6EDD19400D46->06a4573b-67a1-41e3-a350-f896363bc636@group-757E3781CD2A, cid=3236, SUCCESS, logIndex=4855, commits[06a4573b-67a1-41e3-a350-f896363bc636:c4856, 0b725bbf-683b-4664-9a2e-3c9dd6e38bc1:c4852, 9193e3b7-ae04-484d-a740-c65c11559486:c4852]
2019-08-24 07:08:53,539 [grpc-default-executor-1] INFO  client.GrpcClientProtocolClient (GrpcClientProtocolClient.java:onNext(255)) - client-6EDD19400D46->06a4573b-67a1-41e3-a350-f896363bc636: receive RaftClientReply:client-6EDD19400D46->06a4573b-67a1-41e3-a350-f896363bc636@group-757E3781CD2A, cid=3237, SUCCESS, logIndex=4856, commits[06a4573b-67a1-41e3-a350-f896363bc636:c4856, 0b725bbf-683b-4664-9a2e-3c9dd6e38bc1:c4852, 9193e3b7-ae04-484d-a740-c65c11559486:c4852]
2019-08-24 07:08:53,549 | INFO  | DNAudit | user=null | ip=null | op=WRITE_CHUNK {blockData=conID: 2 locID: 102670698641228442 bcsId: 4852} | ret=SUCCESS |  
2019-08-24 07:08:53,549 | INFO  | DNAudit | user=null | ip=null | op=WRITE_CHUNK {blockData=conID: 2 locID: 102670698641228442 bcsId: 4852} | ret=SUCCESS |  
2019-08-24 07:08:53,552 | INFO  | DNAudit | user=null | ip=null | op=PUT_BLOCK {blockData=[blockId=conID: 2 locID: 102670698641228442 bcsId: 0,size=4194304]} | ret=SUCCESS |  
2019-08-24 07:08:53,552 | INFO  | DNAudit | user=null | ip=null | op=PUT_BLOCK {blockData=[blockId=conID: 2 locID: 102670698641228442 bcsId: 0,size=4194304]} | ret=SUCCESS |  
2019-08-24 07:08:53,552 [grpc-default-executor-5] INFO  client.GrpcClientProtocolClient (GrpcClientProtocolClient.java:onNext(255)) - client-6EDD19400D46->06a4573b-67a1-41e3-a350-f896363bc636: receive RaftClientReply:client-6EDD19400D46->06a4573b-67a1-41e3-a350-f896363bc636@group-757E3781CD2A, cid=3238, SUCCESS, logIndex=0, commits[06a4573b-67a1-41e3-a350-f896363bc636:c4858, 0b725bbf-683b-4664-9a2e-3c9dd6e38bc1:c4856, 9193e3b7-ae04-484d-a740-c65c11559486:c4856]
2019-08-24 07:08:53,558 | INFO  | SCMAudit | user=jenkins1000 | ip=192.168.69.125 | op=ALLOCATE_BLOCK {owner=61bacca8-15b6-4a50-8962-5e9786b18b0d, size=4194304, type=RATIS, factor=THREE} | ret=SUCCESS |  
2019-08-24 07:08:53,562 | INFO  | OMAudit | user=jenkins1000 | ip=127.0.0.1 | op=ALLOCATE_BLOCK {volume=vol-0-26988, bucket=bucket-0-20739, key=key-0-27353, dataSize=0, replicationType=null, replicationFactor=null, keyLocationInfo=null, clientID=102670695851229586} | ret=SUCCESS |  
2019-08-24 07:08:53,568 | INFO  | DNAudit | user=null | ip=null | op=WRITE_CHUNK {blockData=conID: 3 locID: 102670698647257755 bcsId: 0} | ret=SUCCESS |  
2019-08-24 07:08:53,571 | INFO  | DNAudit | user=null | ip=null | op=WRITE_CHUNK {blockData=conID: 3 locID: 102670698647257755 bcsId: 0} | ret=SUCCESS |  
2019-08-24 07:08:53,571 | INFO  | DNAudit | user=null | ip=null | op=WRITE_CHUNK {blockData=conID: 3 locID: 102670698647257755 bcsId: 0} | ret=SUCCESS |  
2019-08-24 07:08:53,571 | INFO  | DNAudit | user=null | ip=null | op=WRITE_CHUNK {blockData=conID: 3 locID: 102670698647257755 bcsId: 0} | ret=SUCCESS |  
2019-08-24 07:08:53,572 | INFO  | DNAudit | user=null | ip=null | op=WRITE_CHUNK {blockData=conID: 3 locID: 102670698647257755 bcsId: 0} | ret=SUCCESS |  
2019-08-24 07:08:53,573 | INFO  | DNAudit | user=null | ip=null | op=WRITE_CHUNK {blockData=conID: 3 locID: 102670698647257755 bcsId: 0} | ret=SUCCESS |  
2019-08-24 07:08:53,580 | INFO  | DNAudit | user=null | ip=null | op=WRITE_CHUNK {blockData=conID: 3 locID: 102670698647257755 bcsId: 0} | ret=SUCCESS |  
2019-08-24 07:08:53,581 | INFO  | DNAudit | user=null | ip=null | op=PUT_BLOCK {blockData=[blockId=conID: 3 locID: 102670698647257755 bcsId: 0,size=1048576]} | ret=SUCCESS |  
2019-08-24 07:08:53,581 [grpc-default-executor-5] INFO  client.GrpcClientProtocolClient (GrpcClientProtocolClient.java:onNext(255)) - client-6EDD19400D46->06a4573b-67a1-41e3-a350-f896363bc636: receive RaftClientReply:client-6EDD19400D46->06a4573b-67a1-41e3-a350-f896363bc636@group-757E3781CD2A, cid=3239, SUCCESS, logIndex=4859, commits[06a4573b-67a1-41e3-a350-f896363bc636:c4860, 0b725bbf-683b-4664-9a2e-3c9dd6e38bc1:c4858, 9193e3b7-ae04-484d-a740-c65c11559486:c4858]
2019-08-24 07:08:53,581 | INFO  | DNAudit | user=null | ip=null | op=WRITE_CHUNK {blockData=conID: 3 locID: 102670698647257755 bcsId: 0} | ret=SUCCESS |  
2019-08-24 07:08:53,582 [grpc-default-executor-5] INFO  client.GrpcClientProtocolClient (GrpcClientProtocolClient.java:onNext(255)) - client-6EDD19400D46->06a4573b-67a1-41e3-a350-f896363bc636: receive RaftClientReply:client-6EDD19400D46->06a4573b-67a1-41e3-a350-f896363bc636@group-757E3781CD2A, cid=3240, SUCCESS, logIndex=4860, commits[06a4573b-67a1-41e3-a350-f896363bc636:c4862, 0b725bbf-683b-4664-9a2e-3c9dd6e38bc1:c4858, 9193e3b7-ae04-484d-a740-c65c11559486:c4858]
2019-08-24 07:08:53,582 | INFO  | DNAudit | user=null | ip=null | op=WRITE_CHUNK {blockData=conID: 3 locID: 102670698647257755 bcsId: 0} | ret=SUCCESS |  
2019-08-24 07:08:53,582 | INFO  | DNAudit | user=null | ip=null | op=PUT_BLOCK {blockData=[blockId=conID: 3 locID: 102670698647257755 bcsId: 0,size=2097152]} | ret=SUCCESS |  
2019-08-24 07:08:53,582 [grpc-default-executor-5] INFO  client.GrpcClientProtocolClient (GrpcClientProtocolClient.java:onNext(255)) - client-6EDD19400D46->06a4573b-67a1-41e3-a350-f896363bc636: receive RaftClientReply:client-6EDD19400D46->06a4573b-67a1-41e3-a350-f896363bc636@group-757E3781CD2A, cid=3241, SUCCESS, logIndex=4861, commits[06a4573b-67a1-41e3-a350-f896363bc636:c4862, 0b725bbf-683b-4664-9a2e-3c9dd6e38bc1:c4858, 9193e3b7-ae04-484d-a740-c65c11559486:c4858]
2019-08-24 07:08:53,582 | INFO  | DNAudit | user=null | ip=null | op=WRITE_CHUNK {blockData=conID: 3 locID: 102670698647257755 bcsId: 0} | ret=SUCCESS |  
2019-08-24 07:08:53,582 | INFO  | DNAudit | user=null | ip=null | op=PUT_BLOCK {blockData=[blockId=conID: 3 locID: 102670698647257755 bcsId: 0,size=1048576]} | ret=SUCCESS |  
2019-08-24 07:08:53,582 [grpc-default-executor-5] INFO  client.GrpcClientProtocolClient (GrpcClientProtocolClient.java:onNext(255)) - client-6EDD19400D46->06a4573b-67a1-41e3-a350-f896363bc636: receive RaftClientReply:client-6EDD19400D46->06a4573b-67a1-41e3-a350-f896363bc636@group-757E3781CD2A, cid=3242, SUCCESS, logIndex=4862, commits[06a4573b-67a1-41e3-a350-f896363bc636:c4863, 0b725bbf-683b-4664-9a2e-3c9dd6e38bc1:c4858, 9193e3b7-ae04-484d-a740-c65c11559486:c4859]
2019-08-24 07:08:53,583 | INFO  | DNAudit | user=null | ip=null | op=PUT_BLOCK {blockData=[blockId=conID: 3 locID: 102670698647257755 bcsId: 0,size=1048576]} | ret=SUCCESS |  
2019-08-24 07:08:53,583 | INFO  | DNAudit | user=null | ip=null | op=WRITE_CHUNK {blockData=conID: 3 locID: 102670698647257755 bcsId: 0} | ret=SUCCESS |  
2019-08-24 07:08:53,583 | INFO  | DNAudit | user=null | ip=null | op=PUT_BLOCK {blockData=[blockId=conID: 3 locID: 102670698647257755 bcsId: 0,size=2097152]} | ret=SUCCESS |  
2019-08-24 07:08:53,583 | INFO  | DNAudit | user=null | ip=null | op=WRITE_CHUNK {blockData=conID: 3 locID: 102670698647257755 bcsId: 0} | ret=SUCCESS |  
2019-08-24 07:08:53,583 [grpc-default-executor-5] INFO  client.GrpcClientProtocolClient (GrpcClientProtocolClient.java:onNext(255)) - client-6EDD19400D46->06a4573b-67a1-41e3-a350-f896363bc636: receive RaftClientReply:client-6EDD19400D46->06a4573b-67a1-41e3-a350-f896363bc636@group-757E3781CD2A, cid=3243, SUCCESS, logIndex=0, commits[06a4573b-67a1-41e3-a350-f896363bc636:c4865, 0b725bbf-683b-4664-9a2e-3c9dd6e38bc1:c4860, 9193e3b7-ae04-484d-a740-c65c11559486:c4861]
2019-08-24 07:08:53,584 | INFO  | DNAudit | user=null | ip=null | op=PUT_BLOCK {blockData=[blockId=conID: 3 locID: 102670698647257755 bcsId: 0,size=2097152]} | ret=SUCCESS |  
2019-08-24 07:08:53,589 | INFO  | DNAudit | user=null | ip=null | op=WRITE_CHUNK {blockData=conID: 3 locID: 102670698647257755 bcsId: 4862} | ret=SUCCESS |  
2019-08-24 07:08:53,591 | INFO  | DNAudit | user=null | ip=null | op=WRITE_CHUNK {blockData=conID: 3 locID: 102670698647257755 bcsId: 4862} | ret=SUCCESS |  
2019-08-24 07:08:53,592 | INFO  | DNAudit | user=null | ip=null | op=WRITE_CHUNK {blockData=conID: 3 locID: 102670698647257755 bcsId: 4862} | ret=SUCCESS |  
2019-08-24 07:08:53,601 | INFO  | DNAudit | user=null | ip=null | op=WRITE_CHUNK {blockData=conID: 3 locID: 102670698647257755 bcsId: 4862} | ret=SUCCESS |  
2019-08-24 07:08:53,602 | INFO  | DNAudit | user=null | ip=null | op=PUT_BLOCK {blockData=[blockId=conID: 3 locID: 102670698647257755 bcsId: 0,size=3145728]} | ret=SUCCESS |  
2019-08-24 07:08:53,602 [grpc-default-executor-0] INFO  client.GrpcClientProtocolClient (GrpcClientProtocolClient.java:onNext(255)) - client-6EDD19400D46->06a4573b-67a1-41e3-a350-f896363bc636: receive RaftClientReply:client-6EDD19400D46->06a4573b-67a1-41e3-a350-f896363bc636@group-757E3781CD2A, cid=3244, SUCCESS, logIndex=4867, commits[06a4573b-67a1-41e3-a350-f896363bc636:c4868, 0b725bbf-683b-4664-9a2e-3c9dd6e38bc1:c4866, 9193e3b7-ae04-484d-a740-c65c11559486:c4866]
2019-08-24 07:08:53,602 [grpc-default-executor-0] INFO  client.GrpcClientProtocolClient (GrpcClientProtocolClient.java:onNext(255)) - client-6EDD19400D46->06a4573b-67a1-41e3-a350-f896363bc636: receive RaftClientReply:client-6EDD19400D46->06a4573b-67a1-41e3-a350-f896363bc636@group-757E3781CD2A, cid=3245, SUCCESS, logIndex=4868, commits[06a4573b-67a1-41e3-a350-f896363bc636:c4868, 0b725bbf-683b-4664-9a2e-3c9dd6e38bc1:c4866, 9193e3b7-ae04-484d-a740-c65c11559486:c4866]
2019-08-24 07:08:53,608 | INFO  | DNAudit | user=null | ip=null | op=WRITE_CHUNK {blockData=conID: 3 locID: 102670698647257755 bcsId: 4868} | ret=SUCCESS |  
2019-08-24 07:08:53,610 | INFO  | DNAudit | user=null | ip=null | op=WRITE_CHUNK {blockData=conID: 3 locID: 102670698647257755 bcsId: 4868} | ret=SUCCESS |  
2019-08-24 07:08:53,611 | INFO  | DNAudit | user=null | ip=null | op=WRITE_CHUNK {blockData=conID: 3 locID: 102670698647257755 bcsId: 4868} | ret=SUCCESS |  
2019-08-24 07:08:53,613 | INFO  | DNAudit | user=null | ip=null | op=WRITE_CHUNK {blockData=conID: 3 locID: 102670698647257755 bcsId: 4862} | ret=SUCCESS |  
2019-08-24 07:08:53,613 | INFO  | DNAudit | user=null | ip=null | op=WRITE_CHUNK {blockData=conID: 3 locID: 102670698647257755 bcsId: 4862} | ret=SUCCESS |  
2019-08-24 07:08:53,616 | INFO  | DNAudit | user=null | ip=null | op=PUT_BLOCK {blockData=[blockId=conID: 3 locID: 102670698647257755 bcsId: 0,size=3145728]} | ret=SUCCESS |  
2019-08-24 07:08:53,616 | INFO  | DNAudit | user=null | ip=null | op=PUT_BLOCK {blockData=[blockId=conID: 3 locID: 102670698647257755 bcsId: 0,size=3145728]} | ret=SUCCESS |  
2019-08-24 07:08:53,616 | INFO  | DNAudit | user=null | ip=null | op=WRITE_CHUNK {blockData=conID: 3 locID: 102670698647257755 bcsId: 4868} | ret=SUCCESS |  
2019-08-24 07:08:53,617 | INFO  | DNAudit | user=null | ip=null | op=PUT_BLOCK {blockData=[blockId=conID: 3 locID: 102670698647257755 bcsId: 0,size=4194304]} | ret=SUCCESS |  
2019-08-24 07:08:53,617 [grpc-default-executor-2] INFO  client.GrpcClientProtocolClient (GrpcClientProtocolClient.java:onNext(255)) - client-6EDD19400D46->06a4573b-67a1-41e3-a350-f896363bc636: receive RaftClientReply:client-6EDD19400D46->06a4573b-67a1-41e3-a350-f896363bc636@group-757E3781CD2A, cid=3246, SUCCESS, logIndex=4871, commits[06a4573b-67a1-41e3-a350-f896363bc636:c4872, 0b725bbf-683b-4664-9a2e-3c9dd6e38bc1:c4868, 9193e3b7-ae04-484d-a740-c65c11559486:c4868]
2019-08-24 07:08:53,617 [grpc-default-executor-2] INFO  client.GrpcClientProtocolClient (GrpcClientProtocolClient.java:onNext(255)) - client-6EDD19400D46->06a4573b-67a1-41e3-a350-f896363bc636: receive RaftClientReply:client-6EDD19400D46->06a4573b-67a1-41e3-a350-f896363bc636@group-757E3781CD2A, cid=3247, SUCCESS, logIndex=4872, commits[06a4573b-67a1-41e3-a350-f896363bc636:c4872, 0b725bbf-683b-4664-9a2e-3c9dd6e38bc1:c4868, 9193e3b7-ae04-484d-a740-c65c11559486:c4868]
2019-08-24 07:08:53,628 | INFO  | DNAudit | user=null | ip=null | op=WRITE_CHUNK {blockData=conID: 3 locID: 102670698647257755 bcsId: 4868} | ret=SUCCESS |  
2019-08-24 07:08:53,628 | INFO  | DNAudit | user=null | ip=null | op=WRITE_CHUNK {blockData=conID: 3 locID: 102670698647257755 bcsId: 4868} | ret=SUCCESS |  
2019-08-24 07:08:53,631 | INFO  | DNAudit | user=null | ip=null | op=PUT_BLOCK {blockData=[blockId=conID: 3 locID: 102670698647257755 bcsId: 0,size=4194304]} | ret=SUCCESS |  
2019-08-24 07:08:53,631 | INFO  | DNAudit | user=null | ip=null | op=PUT_BLOCK {blockData=[blockId=conID: 3 locID: 102670698647257755 bcsId: 0,size=4194304]} | ret=SUCCESS |  
2019-08-24 07:08:53,631 [grpc-default-executor-1] INFO  client.GrpcClientProtocolClient (GrpcClientProtocolClient.java:onNext(255)) - client-6EDD19400D46->06a4573b-67a1-41e3-a350-f896363bc636: receive RaftClientReply:client-6EDD19400D46->06a4573b-67a1-41e3-a350-f896363bc636@group-757E3781CD2A, cid=3248, SUCCESS, logIndex=0, commits[06a4573b-67a1-41e3-a350-f896363bc636:c4874, 0b725bbf-683b-4664-9a2e-3c9dd6e38bc1:c4872, 9193e3b7-ae04-484d-a740-c65c11559486:c4872]
2019-08-24 07:08:53,638 | INFO  | SCMAudit | user=jenkins1000 | ip=192.168.69.125 | op=ALLOCATE_BLOCK {owner=61bacca8-15b6-4a50-8962-5e9786b18b0d, size=4194304, type=RATIS, factor=THREE} | ret=SUCCESS |  
2019-08-24 07:08:53,644 | INFO  | OMAudit | user=jenkins1000 | ip=127.0.0.1 | op=ALLOCATE_BLOCK {volume=vol-0-26988, bucket=bucket-0-20739, key=key-0-27353, dataSize=0, replicationType=null, replicationFactor=null, keyLocationInfo=null, clientID=102670695851229586} | ret=SUCCESS |  
2019-08-24 07:08:53,650 | INFO  | DNAudit | user=null | ip=null | op=WRITE_CHUNK {blockData=conID: 1 locID: 102670698652500636 bcsId: 0} | ret=SUCCESS |  
2019-08-24 07:08:53,652 | INFO  | DNAudit | user=null | ip=null | op=WRITE_CHUNK {blockData=conID: 1 locID: 102670698652500636 bcsId: 0} | ret=SUCCESS |  
2019-08-24 07:08:53,653 | INFO  | DNAudit | user=null | ip=null | op=WRITE_CHUNK {blockData=conID: 1 locID: 102670698652500636 bcsId: 0} | ret=SUCCESS |  
2019-08-24 07:08:53,654 | INFO  | DNAudit | user=null | ip=null | op=WRITE_CHUNK {blockData=conID: 1 locID: 102670698652500636 bcsId: 0} | ret=SUCCESS |  
2019-08-24 07:08:53,656 | INFO  | DNAudit | user=null | ip=null | op=WRITE_CHUNK {blockData=conID: 1 locID: 102670698652500636 bcsId: 0} | ret=SUCCESS |  
2019-08-24 07:08:53,656 | INFO  | DNAudit | user=null | ip=null | op=WRITE_CHUNK {blockData=conID: 1 locID: 102670698652500636 bcsId: 0} | ret=SUCCESS |  
2019-08-24 07:08:53,663 | INFO  | DNAudit | user=null | ip=null | op=WRITE_CHUNK {blockData=conID: 1 locID: 102670698652500636 bcsId: 0} | ret=SUCCESS |  
2019-08-24 07:08:53,663 | INFO  | DNAudit | user=null | ip=null | op=PUT_BLOCK {blockData=[blockId=conID: 1 locID: 102670698652500636 bcsId: 0,size=1048576]} | ret=SUCCESS |  
2019-08-24 07:08:53,663 [grpc-default-executor-1] INFO  client.GrpcClientProtocolClient (GrpcClientProtocolClient.java:onNext(255)) - client-6EDD19400D46->06a4573b-67a1-41e3-a350-f896363bc636: receive RaftClientReply:client-6EDD19400D46->06a4573b-67a1-41e3-a350-f896363bc636@group-757E3781CD2A, cid=3249, SUCCESS, logIndex=4875, commits[06a4573b-67a1-41e3-a350-f896363bc636:c4876, 0b725bbf-683b-4664-9a2e-3c9dd6e38bc1:c4874, 9193e3b7-ae04-484d-a740-c65c11559486:c4874]
2019-08-24 07:08:53,664 | INFO  | DNAudit | user=null | ip=null | op=WRITE_CHUNK {blockData=conID: 1 locID: 102670698652500636 bcsId: 0} | ret=SUCCESS |  
2019-08-24 07:08:53,664 [grpc-default-executor-1] INFO  client.GrpcClientProtocolClient (GrpcClientProtocolClient.java:onNext(255)) - client-6EDD19400D46->06a4573b-67a1-41e3-a350-f896363bc636: receive RaftClientReply:client-6EDD19400D46->06a4573b-67a1-41e3-a350-f896363bc636@group-757E3781CD2A, cid=3250, SUCCESS, logIndex=4876, commits[06a4573b-67a1-41e3-a350-f896363bc636:c4876, 0b725bbf-683b-4664-9a2e-3c9dd6e38bc1:c4874, 9193e3b7-ae04-484d-a740-c65c11559486:c4874]
2019-08-24 07:08:53,664 | INFO  | DNAudit | user=null | ip=null | op=PUT_BLOCK {blockData=[blockId=conID: 1 locID: 102670698652500636 bcsId: 0,size=2097152]} | ret=SUCCESS |  
2019-08-24 07:08:53,664 [grpc-default-executor-1] INFO  client.GrpcClientProtocolClient (GrpcClientProtocolClient.java:onNext(255)) - client-6EDD19400D46->06a4573b-67a1-41e3-a350-f896363bc636: receive RaftClientReply:client-6EDD19400D46->06a4573b-67a1-41e3-a350-f896363bc636@group-757E3781CD2A, cid=3251, SUCCESS, logIndex=4877, commits[06a4573b-67a1-41e3-a350-f896363bc636:c4878, 0b725bbf-683b-4664-9a2e-3c9dd6e38bc1:c4874, 9193e3b7-ae04-484d-a740-c65c11559486:c4874]
2019-08-24 07:08:53,664 [grpc-default-executor-1] INFO  client.GrpcClientProtocolClient (GrpcClientProtocolClient.java:onNext(255)) - client-6EDD19400D46->06a4573b-67a1-41e3-a350-f896363bc636: receive RaftClientReply:client-6EDD19400D46->06a4573b-67a1-41e3-a350-f896363bc636@group-757E3781CD2A, cid=3252, SUCCESS, logIndex=4878, commits[06a4573b-67a1-41e3-a350-f896363bc636:c4878, 0b725bbf-683b-4664-9a2e-3c9dd6e38bc1:c4874, 9193e3b7-ae04-484d-a740-c65c11559486:c4874]
2019-08-24 07:08:53,677 | INFO  | DNAudit | user=null | ip=null | op=WRITE_CHUNK {blockData=conID: 1 locID: 102670698652500636 bcsId: 0} | ret=SUCCESS |  
2019-08-24 07:08:53,677 | INFO  | DNAudit | user=null | ip=null | op=PUT_BLOCK {blockData=[blockId=conID: 1 locID: 102670698652500636 bcsId: 0,size=1048576]} | ret=SUCCESS |  
2019-08-24 07:08:53,677 | INFO  | DNAudit | user=null | ip=null | op=WRITE_CHUNK {blockData=conID: 1 locID: 102670698652500636 bcsId: 0} | ret=SUCCESS |  
2019-08-24 07:08:53,677 | INFO  | DNAudit | user=null | ip=null | op=PUT_BLOCK {blockData=[blockId=conID: 1 locID: 102670698652500636 bcsId: 0,size=1048576]} | ret=SUCCESS |  
2019-08-24 07:08:53,678 | INFO  | DNAudit | user=null | ip=null | op=WRITE_CHUNK {blockData=conID: 1 locID: 102670698652500636 bcsId: 0} | ret=SUCCESS |  
2019-08-24 07:08:53,678 [grpc-default-executor-1] INFO  client.GrpcClientProtocolClient (GrpcClientProtocolClient.java:onNext(255)) - client-6EDD19400D46->06a4573b-67a1-41e3-a350-f896363bc636: receive RaftClientReply:client-6EDD19400D46->06a4573b-67a1-41e3-a350-f896363bc636@group-757E3781CD2A, cid=3253, SUCCESS, logIndex=0, commits[06a4573b-67a1-41e3-a350-f896363bc636:c4880, 0b725bbf-683b-4664-9a2e-3c9dd6e38bc1:c4876, 9193e3b7-ae04-484d-a740-c65c11559486:c4876]
2019-08-24 07:08:53,678 | INFO  | DNAudit | user=null | ip=null | op=WRITE_CHUNK {blockData=conID: 1 locID: 102670698652500636 bcsId: 0} | ret=SUCCESS |  
2019-08-24 07:08:53,678 | INFO  | DNAudit | user=null | ip=null | op=PUT_BLOCK {blockData=[blockId=conID: 1 locID: 102670698652500636 bcsId: 0,size=2097152]} | ret=SUCCESS |  
2019-08-24 07:08:53,678 | INFO  | DNAudit | user=null | ip=null | op=PUT_BLOCK {blockData=[blockId=conID: 1 locID: 102670698652500636 bcsId: 0,size=2097152]} | ret=SUCCESS |  
2019-08-24 07:08:53,684 | INFO  | DNAudit | user=null | ip=null | op=WRITE_CHUNK {blockData=conID: 1 locID: 102670698652500636 bcsId: 4878} | ret=SUCCESS |  
2019-08-24 07:08:53,686 | INFO  | DNAudit | user=null | ip=null | op=WRITE_CHUNK {blockData=conID: 1 locID: 102670698652500636 bcsId: 4878} | ret=SUCCESS |  
2019-08-24 07:08:53,686 | INFO  | DNAudit | user=null | ip=null | op=WRITE_CHUNK {blockData=conID: 1 locID: 102670698652500636 bcsId: 4878} | ret=SUCCESS |  
2019-08-24 07:08:53,705 | INFO  | DNAudit | user=null | ip=null | op=WRITE_CHUNK {blockData=conID: 1 locID: 102670698652500636 bcsId: 4878} | ret=SUCCESS |  
2019-08-24 07:08:53,705 | INFO  | DNAudit | user=null | ip=null | op=PUT_BLOCK {blockData=[blockId=conID: 1 locID: 102670698652500636 bcsId: 0,size=3145728]} | ret=SUCCESS |  
2019-08-24 07:08:53,706 [grpc-default-executor-0] INFO  client.GrpcClientProtocolClient (GrpcClientProtocolClient.java:onNext(255)) - client-6EDD19400D46->06a4573b-67a1-41e3-a350-f896363bc636: receive RaftClientReply:client-6EDD19400D46->06a4573b-67a1-41e3-a350-f896363bc636@group-757E3781CD2A, cid=3254, SUCCESS, logIndex=4883, commits[06a4573b-67a1-41e3-a350-f896363bc636:c4883, 0b725bbf-683b-4664-9a2e-3c9dd6e38bc1:c4882, 9193e3b7-ae04-484d-a740-c65c11559486:c4882]
2019-08-24 07:08:53,706 [grpc-default-executor-0] INFO  client.GrpcClientProtocolClient (GrpcClientProtocolClient.java:onNext(255)) - client-6EDD19400D46->06a4573b-67a1-41e3-a350-f896363bc636: receive RaftClientReply:client-6EDD19400D46->06a4573b-67a1-41e3-a350-f896363bc636@group-757E3781CD2A, cid=3255, SUCCESS, logIndex=4884, commits[06a4573b-67a1-41e3-a350-f896363bc636:c4884, 0b725bbf-683b-4664-9a2e-3c9dd6e38bc1:c4882, 9193e3b7-ae04-484d-a740-c65c11559486:c4882]
2019-08-24 07:08:53,706 | INFO  | DNAudit | user=null | ip=null | op=WRITE_CHUNK {blockData=conID: 1 locID: 102670698652500636 bcsId: 4878} | ret=SUCCESS |  
2019-08-24 07:08:53,707 | INFO  | DNAudit | user=null | ip=null | op=WRITE_CHUNK {blockData=conID: 1 locID: 102670698652500636 bcsId: 4878} | ret=SUCCESS |  
2019-08-24 07:08:53,707 | INFO  | DNAudit | user=null | ip=null | op=PUT_BLOCK {blockData=[blockId=conID: 1 locID: 102670698652500636 bcsId: 0,size=3145728]} | ret=SUCCESS |  
2019-08-24 07:08:53,708 | INFO  | DNAudit | user=null | ip=null | op=PUT_BLOCK {blockData=[blockId=conID: 1 locID: 102670698652500636 bcsId: 0,size=3145728]} | ret=SUCCESS |  
2019-08-24 07:08:53,827 | INFO  | DNAudit | user=null | ip=null | op=WRITE_CHUNK {blockData=conID: 1 locID: 102670698652500636 bcsId: 4884} | ret=SUCCESS |  
2019-08-24 07:08:53,830 | INFO  | DNAudit | user=null | ip=null | op=WRITE_CHUNK {blockData=conID: 1 locID: 102670698652500636 bcsId: 4884} | ret=SUCCESS |  
2019-08-24 07:08:53,830 | INFO  | DNAudit | user=null | ip=null | op=WRITE_CHUNK {blockData=conID: 1 locID: 102670698652500636 bcsId: 4884} | ret=SUCCESS |  
2019-08-24 07:08:53,839 | INFO  | DNAudit | user=null | ip=null | op=WRITE_CHUNK {blockData=conID: 1 locID: 102670698652500636 bcsId: 4884} | ret=SUCCESS |  
2019-08-24 07:08:53,840 | INFO  | DNAudit | user=null | ip=null | op=PUT_BLOCK {blockData=[blockId=conID: 1 locID: 102670698652500636 bcsId: 0,size=4194304]} | ret=SUCCESS |  
2019-08-24 07:08:53,840 [grpc-default-executor-0] INFO  client.GrpcClientProtocolClient (GrpcClientProtocolClient.java:onNext(255)) - client-6EDD19400D46->06a4573b-67a1-41e3-a350-f896363bc636: receive RaftClientReply:client-6EDD19400D46->06a4573b-67a1-41e3-a350-f896363bc636@group-757E3781CD2A, cid=3256, SUCCESS, logIndex=4887, commits[06a4573b-67a1-41e3-a350-f896363bc636:c4888, 0b725bbf-683b-4664-9a2e-3c9dd6e38bc1:c4886, 9193e3b7-ae04-484d-a740-c65c11559486:c4886]
2019-08-24 07:08:53,840 [grpc-default-executor-0] INFO  client.GrpcClientProtocolClient (GrpcClientProtocolClient.java:onNext(255)) - client-6EDD19400D46->06a4573b-67a1-41e3-a350-f896363bc636: receive RaftClientReply:client-6EDD19400D46->06a4573b-67a1-41e3-a350-f896363bc636@group-757E3781CD2A, cid=3257, SUCCESS, logIndex=4888, commits[06a4573b-67a1-41e3-a350-f896363bc636:c4888, 0b725bbf-683b-4664-9a2e-3c9dd6e38bc1:c4886, 9193e3b7-ae04-484d-a740-c65c11559486:c4886]
2019-08-24 07:08:53,850 | INFO  | DNAudit | user=null | ip=null | op=WRITE_CHUNK {blockData=conID: 1 locID: 102670698652500636 bcsId: 4884} | ret=SUCCESS |  
2019-08-24 07:08:53,851 | INFO  | DNAudit | user=null | ip=null | op=WRITE_CHUNK {blockData=conID: 1 locID: 102670698652500636 bcsId: 4884} | ret=SUCCESS |  
2019-08-24 07:08:53,853 | INFO  | DNAudit | user=null | ip=null | op=PUT_BLOCK {blockData=[blockId=conID: 1 locID: 102670698652500636 bcsId: 0,size=4194304]} | ret=SUCCESS |  
2019-08-24 07:08:53,853 | INFO  | DNAudit | user=null | ip=null | op=PUT_BLOCK {blockData=[blockId=conID: 1 locID: 102670698652500636 bcsId: 0,size=4194304]} | ret=SUCCESS |  
2019-08-24 07:08:53,854 [grpc-default-executor-0] INFO  client.GrpcClientProtocolClient (GrpcClientProtocolClient.java:onNext(255)) - client-6EDD19400D46->06a4573b-67a1-41e3-a350-f896363bc636: receive RaftClientReply:client-6EDD19400D46->06a4573b-67a1-41e3-a350-f896363bc636@group-757E3781CD2A, cid=3258, SUCCESS, logIndex=0, commits[06a4573b-67a1-41e3-a350-f896363bc636:c4890, 0b725bbf-683b-4664-9a2e-3c9dd6e38bc1:c4888, 9193e3b7-ae04-484d-a740-c65c11559486:c4888]
2019-08-24 07:08:53,854 | INFO  | SCMAudit | user=jenkins1000 | ip=192.168.69.125 | op=SEND_HEARTBEAT {datanodeUUID=0b725bbf-683b-4664-9a2e-3c9dd6e38bc1, command=[]} | ret=SUCCESS |  
2019-08-24 07:08:53,855 | INFO  | SCMAudit | user=jenkins1000 | ip=192.168.69.125 | op=SEND_HEARTBEAT {datanodeUUID=25ce0803-6f34-4c69-82c0-892f08679042, command=[]} | ret=SUCCESS |  
2019-08-24 07:08:53,855 | INFO  | SCMAudit | user=jenkins1000 | ip=192.168.69.125 | op=SEND_HEARTBEAT {datanodeUUID=06a4573b-67a1-41e3-a350-f896363bc636, command=[]} | ret=SUCCESS |  
2019-08-24 07:08:53,856 | INFO  | SCMAudit | user=jenkins1000 | ip=192.168.69.125 | op=SEND_HEARTBEAT {datanodeUUID=9193e3b7-ae04-484d-a740-c65c11559486, command=[]} | ret=SUCCESS |  
 0.00% |█                                                                                                    |  0/1 Time: 0:00:422019-08-24 07:08:53,859 | INFO  | SCMAudit | user=jenkins1000 | ip=192.168.69.125 | op=SEND_HEARTBEAT {datanodeUUID=b8548da6-9cc6-46be-8dd4-5219531f5960, command=[]} | ret=SUCCESS |  
2019-08-24 07:08:53,863 | INFO  | SCMAudit | user=jenkins1000 | ip=192.168.69.125 | op=ALLOCATE_BLOCK {owner=61bacca8-15b6-4a50-8962-5e9786b18b0d, size=4194304, type=RATIS, factor=THREE} | ret=SUCCESS |  
2019-08-24 07:08:53,869 | INFO  | OMAudit | user=jenkins1000 | ip=127.0.0.1 | op=ALLOCATE_BLOCK {volume=vol-0-26988, bucket=bucket-0-20739, key=key-0-27353, dataSize=0, replicationType=null, replicationFactor=null, keyLocationInfo=null, clientID=102670695851229586} | ret=SUCCESS |  
2019-08-24 07:08:53,877 | INFO  | DNAudit | user=null | ip=null | op=WRITE_CHUNK {blockData=conID: 2 locID: 102670698667180701 bcsId: 0} | ret=SUCCESS |  
2019-08-24 07:08:53,881 | INFO  | DNAudit | user=null | ip=null | op=WRITE_CHUNK {blockData=conID: 2 locID: 102670698667180701 bcsId: 0} | ret=SUCCESS |  
2019-08-24 07:08:53,881 | INFO  | DNAudit | user=null | ip=null | op=WRITE_CHUNK {blockData=conID: 2 locID: 102670698667180701 bcsId: 0} | ret=SUCCESS |  
2019-08-24 07:08:53,881 | INFO  | DNAudit | user=null | ip=null | op=WRITE_CHUNK {blockData=conID: 2 locID: 102670698667180701 bcsId: 0} | ret=SUCCESS |  
2019-08-24 07:08:53,884 | INFO  | DNAudit | user=null | ip=null | op=WRITE_CHUNK {blockData=conID: 2 locID: 102670698667180701 bcsId: 0} | ret=SUCCESS |  
2019-08-24 07:08:53,884 | INFO  | DNAudit | user=null | ip=null | op=WRITE_CHUNK {blockData=conID: 2 locID: 102670698667180701 bcsId: 0} | ret=SUCCESS |  
2019-08-24 07:08:53,889 | INFO  | DNAudit | user=null | ip=null | op=WRITE_CHUNK {blockData=conID: 2 locID: 102670698667180701 bcsId: 0} | ret=SUCCESS |  
2019-08-24 07:08:53,890 | INFO  | DNAudit | user=null | ip=null | op=PUT_BLOCK {blockData=[blockId=conID: 2 locID: 102670698667180701 bcsId: 0,size=1048576]} | ret=SUCCESS |  
2019-08-24 07:08:53,890 [grpc-default-executor-1] INFO  client.GrpcClientProtocolClient (GrpcClientProtocolClient.java:onNext(255)) - client-6EDD19400D46->06a4573b-67a1-41e3-a350-f896363bc636: receive RaftClientReply:client-6EDD19400D46->06a4573b-67a1-41e3-a350-f896363bc636@group-757E3781CD2A, cid=3259, SUCCESS, logIndex=4891, commits[06a4573b-67a1-41e3-a350-f896363bc636:c4892, 0b725bbf-683b-4664-9a2e-3c9dd6e38bc1:c4890, 9193e3b7-ae04-484d-a740-c65c11559486:c4890]
2019-08-24 07:08:53,890 | INFO  | DNAudit | user=null | ip=null | op=WRITE_CHUNK {blockData=conID: 2 locID: 102670698667180701 bcsId: 0} | ret=SUCCESS |  
2019-08-24 07:08:53,891 [grpc-default-executor-1] INFO  client.GrpcClientProtocolClient (GrpcClientProtocolClient.java:onNext(255)) - client-6EDD19400D46->06a4573b-67a1-41e3-a350-f896363bc636: receive RaftClientReply:client-6EDD19400D46->06a4573b-67a1-41e3-a350-f896363bc636@group-757E3781CD2A, cid=3260, SUCCESS, logIndex=4892, commits[06a4573b-67a1-41e3-a350-f896363bc636:c4893, 0b725bbf-683b-4664-9a2e-3c9dd6e38bc1:c4890, 9193e3b7-ae04-484d-a740-c65c11559486:c4890]
2019-08-24 07:08:53,891 | INFO  | DNAudit | user=null | ip=null | op=PUT_BLOCK {blockData=[blockId=conID: 2 locID: 102670698667180701 bcsId: 0,size=2097152]} | ret=SUCCESS |  
2019-08-24 07:08:53,891 [grpc-default-executor-1] INFO  client.GrpcClientProtocolClient (GrpcClientProtocolClient.java:onNext(255)) - client-6EDD19400D46->06a4573b-67a1-41e3-a350-f896363bc636: receive RaftClientReply:client-6EDD19400D46->06a4573b-67a1-41e3-a350-f896363bc636@group-757E3781CD2A, cid=3261, SUCCESS, logIndex=4893, commits[06a4573b-67a1-41e3-a350-f896363bc636:c4894, 0b725bbf-683b-4664-9a2e-3c9dd6e38bc1:c4890, 9193e3b7-ae04-484d-a740-c65c11559486:c4890]
2019-08-24 07:08:53,892 [grpc-default-executor-1] INFO  client.GrpcClientProtocolClient (GrpcClientProtocolClient.java:onNext(255)) - client-6EDD19400D46->06a4573b-67a1-41e3-a350-f896363bc636: receive RaftClientReply:client-6EDD19400D46->06a4573b-67a1-41e3-a350-f896363bc636@group-757E3781CD2A, cid=3262, SUCCESS, logIndex=4894, commits[06a4573b-67a1-41e3-a350-f896363bc636:c4894, 0b725bbf-683b-4664-9a2e-3c9dd6e38bc1:c4890, 9193e3b7-ae04-484d-a740-c65c11559486:c4890]
2019-08-24 07:08:53,903 | INFO  | DNAudit | user=null | ip=null | op=WRITE_CHUNK {blockData=conID: 2 locID: 102670698667180701 bcsId: 0} | ret=SUCCESS |  
2019-08-24 07:08:53,904 | INFO  | DNAudit | user=null | ip=null | op=PUT_BLOCK {blockData=[blockId=conID: 2 locID: 102670698667180701 bcsId: 0,size=1048576]} | ret=SUCCESS |  
2019-08-24 07:08:53,904 | INFO  | DNAudit | user=null | ip=null | op=WRITE_CHUNK {blockData=conID: 2 locID: 102670698667180701 bcsId: 0} | ret=SUCCESS |  
2019-08-24 07:08:53,904 | INFO  | DNAudit | user=null | ip=null | op=PUT_BLOCK {blockData=[blockId=conID: 2 locID: 102670698667180701 bcsId: 0,size=1048576]} | ret=SUCCESS |  
2019-08-24 07:08:53,904 | INFO  | DNAudit | user=null | ip=null | op=WRITE_CHUNK {blockData=conID: 2 locID: 102670698667180701 bcsId: 0} | ret=SUCCESS |  
2019-08-24 07:08:53,904 | INFO  | DNAudit | user=null | ip=null | op=WRITE_CHUNK {blockData=conID: 2 locID: 102670698667180701 bcsId: 0} | ret=SUCCESS |  
2019-08-24 07:08:53,904 | INFO  | DNAudit | user=null | ip=null | op=PUT_BLOCK {blockData=[blockId=conID: 2 locID: 102670698667180701 bcsId: 0,size=2097152]} | ret=SUCCESS |  
2019-08-24 07:08:53,905 | INFO  | DNAudit | user=null | ip=null | op=PUT_BLOCK {blockData=[blockId=conID: 2 locID: 102670698667180701 bcsId: 0,size=2097152]} | ret=SUCCESS |  
2019-08-24 07:08:53,905 [grpc-default-executor-2] INFO  client.GrpcClientProtocolClient (GrpcClientProtocolClient.java:onNext(255)) - client-6EDD19400D46->06a4573b-67a1-41e3-a350-f896363bc636: receive RaftClientReply:client-6EDD19400D46->06a4573b-67a1-41e3-a350-f896363bc636@group-757E3781CD2A, cid=3263, SUCCESS, logIndex=0, commits[06a4573b-67a1-41e3-a350-f896363bc636:c4896, 0b725bbf-683b-4664-9a2e-3c9dd6e38bc1:c4892, 9193e3b7-ae04-484d-a740-c65c11559486:c4892]
2019-08-24 07:08:53,912 | INFO  | DNAudit | user=null | ip=null | op=WRITE_CHUNK {blockData=conID: 2 locID: 102670698667180701 bcsId: 4894} | ret=SUCCESS |  
2019-08-24 07:08:53,915 | INFO  | DNAudit | user=null | ip=null | op=WRITE_CHUNK {blockData=conID: 2 locID: 102670698667180701 bcsId: 4894} | ret=SUCCESS |  
2019-08-24 07:08:53,916 | INFO  | DNAudit | user=null | ip=null | op=WRITE_CHUNK {blockData=conID: 2 locID: 102670698667180701 bcsId: 4894} | ret=SUCCESS |  
2019-08-24 07:08:53,925 | INFO  | DNAudit | user=null | ip=null | op=WRITE_CHUNK {blockData=conID: 2 locID: 102670698667180701 bcsId: 4894} | ret=SUCCESS |  
2019-08-24 07:08:53,925 | INFO  | DNAudit | user=null | ip=null | op=PUT_BLOCK {blockData=[blockId=conID: 2 locID: 102670698667180701 bcsId: 0,size=3145728]} | ret=SUCCESS |  
2019-08-24 07:08:53,925 [grpc-default-executor-1] INFO  client.GrpcClientProtocolClient (GrpcClientProtocolClient.java:onNext(255)) - client-6EDD19400D46->06a4573b-67a1-41e3-a350-f896363bc636: receive RaftClientReply:client-6EDD19400D46->06a4573b-67a1-41e3-a350-f896363bc636@group-757E3781CD2A, cid=3264, SUCCESS, logIndex=4899, commits[06a4573b-67a1-41e3-a350-f896363bc636:c4900, 0b725bbf-683b-4664-9a2e-3c9dd6e38bc1:c4898, 9193e3b7-ae04-484d-a740-c65c11559486:c4898]
2019-08-24 07:08:53,926 [grpc-default-executor-1] INFO  client.GrpcClientProtocolClient (GrpcClientProtocolClient.java:onNext(255)) - client-6EDD19400D46->06a4573b-67a1-41e3-a350-f896363bc636: receive RaftClientReply:client-6EDD19400D46->06a4573b-67a1-41e3-a350-f896363bc636@group-757E3781CD2A, cid=3265, SUCCESS, logIndex=4900, commits[06a4573b-67a1-41e3-a350-f896363bc636:c4900, 0b725bbf-683b-4664-9a2e-3c9dd6e38bc1:c4898, 9193e3b7-ae04-484d-a740-c65c11559486:c4898]
2019-08-24 07:08:53,932 | INFO  | DNAudit | user=null | ip=null | op=WRITE_CHUNK {blockData=conID: 2 locID: 102670698667180701 bcsId: 4900} | ret=SUCCESS |  
2019-08-24 07:08:53,936 | INFO  | DNAudit | user=null | ip=null | op=WRITE_CHUNK {blockData=conID: 2 locID: 102670698667180701 bcsId: 4900} | ret=SUCCESS |  
2019-08-24 07:08:53,936 | INFO  | DNAudit | user=null | ip=null | op=WRITE_CHUNK {blockData=conID: 2 locID: 102670698667180701 bcsId: 4900} | ret=SUCCESS |  
2019-08-24 07:08:53,948 | INFO  | DNAudit | user=null | ip=null | op=WRITE_CHUNK {blockData=conID: 2 locID: 102670698667180701 bcsId: 4894} | ret=SUCCESS |  
2019-08-24 07:08:53,948 | INFO  | DNAudit | user=null | ip=null | op=WRITE_CHUNK {blockData=conID: 2 locID: 102670698667180701 bcsId: 4894} | ret=SUCCESS |  
2019-08-24 07:08:53,951 | INFO  | DNAudit | user=null | ip=null | op=PUT_BLOCK {blockData=[blockId=conID: 2 locID: 102670698667180701 bcsId: 0,size=3145728]} | ret=SUCCESS |  
2019-08-24 07:08:53,951 | INFO  | DNAudit | user=null | ip=null | op=PUT_BLOCK {blockData=[blockId=conID: 2 locID: 102670698667180701 bcsId: 0,size=3145728]} | ret=SUCCESS |  
2019-08-24 07:08:53,951 | INFO  | DNAudit | user=null | ip=null | op=WRITE_CHUNK {blockData=conID: 2 locID: 102670698667180701 bcsId: 4900} | ret=SUCCESS |  
2019-08-24 07:08:53,952 | INFO  | DNAudit | user=null | ip=null | op=PUT_BLOCK {blockData=[blockId=conID: 2 locID: 102670698667180701 bcsId: 0,size=4194304]} | ret=SUCCESS |  
2019-08-24 07:08:53,952 [grpc-default-executor-0] INFO  client.GrpcClientProtocolClient (GrpcClientProtocolClient.java:onNext(255)) - client-6EDD19400D46->06a4573b-67a1-41e3-a350-f896363bc636: receive RaftClientReply:client-6EDD19400D46->06a4573b-67a1-41e3-a350-f896363bc636@group-757E3781CD2A, cid=3266, SUCCESS, logIndex=4903, commits[06a4573b-67a1-41e3-a350-f896363bc636:c4903, 0b725bbf-683b-4664-9a2e-3c9dd6e38bc1:c4900, 9193e3b7-ae04-484d-a740-c65c11559486:c4900]
2019-08-24 07:08:53,952 [grpc-default-executor-0] INFO  client.GrpcClientProtocolClient (GrpcClientProtocolClient.java:onNext(255)) - client-6EDD19400D46->06a4573b-67a1-41e3-a350-f896363bc636: receive RaftClientReply:client-6EDD19400D46->06a4573b-67a1-41e3-a350-f896363bc636@group-757E3781CD2A, cid=3267, SUCCESS, logIndex=4904, commits[06a4573b-67a1-41e3-a350-f896363bc636:c4904, 0b725bbf-683b-4664-9a2e-3c9dd6e38bc1:c4900, 9193e3b7-ae04-484d-a740-c65c11559486:c4900]
2019-08-24 07:08:53,970 | INFO  | DNAudit | user=null | ip=null | op=WRITE_CHUNK {blockData=conID: 2 locID: 102670698667180701 bcsId: 4900} | ret=SUCCESS |  
2019-08-24 07:08:53,970 | INFO  | DNAudit | user=null | ip=null | op=WRITE_CHUNK {blockData=conID: 2 locID: 102670698667180701 bcsId: 4900} | ret=SUCCESS |  
2019-08-24 07:08:53,973 | INFO  | DNAudit | user=null | ip=null | op=PUT_BLOCK {blockData=[blockId=conID: 2 locID: 102670698667180701 bcsId: 0,size=4194304]} | ret=SUCCESS |  
2019-08-24 07:08:53,973 | INFO  | DNAudit | user=null | ip=null | op=PUT_BLOCK {blockData=[blockId=conID: 2 locID: 102670698667180701 bcsId: 0,size=4194304]} | ret=SUCCESS |  
2019-08-24 07:08:53,973 [grpc-default-executor-0] INFO  client.GrpcClientProtocolClient (GrpcClientProtocolClient.java:onNext(255)) - client-6EDD19400D46->06a4573b-67a1-41e3-a350-f896363bc636: receive RaftClientReply:client-6EDD19400D46->06a4573b-67a1-41e3-a350-f896363bc636@group-757E3781CD2A, cid=3268, SUCCESS, logIndex=0, commits[06a4573b-67a1-41e3-a350-f896363bc636:c4906, 0b725bbf-683b-4664-9a2e-3c9dd6e38bc1:c4904, 9193e3b7-ae04-484d-a740-c65c11559486:c4904]
2019-08-24 07:08:53,980 | INFO  | SCMAudit | user=jenkins1000 | ip=192.168.69.125 | op=ALLOCATE_BLOCK {owner=61bacca8-15b6-4a50-8962-5e9786b18b0d, size=4194304, type=RATIS, factor=THREE} | ret=SUCCESS |  
2019-08-24 07:08:53,986 | INFO  | OMAudit | user=jenkins1000 | ip=127.0.0.1 | op=ALLOCATE_BLOCK {volume=vol-0-26988, bucket=bucket-0-20739, key=key-0-27353, dataSize=0, replicationType=null, replicationFactor=null, keyLocationInfo=null, clientID=102670695851229586} | ret=SUCCESS |  
2019-08-24 07:08:53,993 | INFO  | DNAudit | user=null | ip=null | op=WRITE_CHUNK {blockData=conID: 3 locID: 102670698674913950 bcsId: 0} | ret=SUCCESS |  
2019-08-24 07:08:53,998 | INFO  | DNAudit | user=null | ip=null | op=WRITE_CHUNK {blockData=conID: 3 locID: 102670698674913950 bcsId: 0} | ret=SUCCESS |  
2019-08-24 07:08:53,999 | INFO  | DNAudit | user=null | ip=null | op=WRITE_CHUNK {blockData=conID: 3 locID: 102670698674913950 bcsId: 0} | ret=SUCCESS |  
2019-08-24 07:08:53,999 | INFO  | DNAudit | user=null | ip=null | op=WRITE_CHUNK {blockData=conID: 3 locID: 102670698674913950 bcsId: 0} | ret=SUCCESS |  
2019-08-24 07:08:54,002 | INFO  | DNAudit | user=null | ip=null | op=WRITE_CHUNK {blockData=conID: 3 locID: 102670698674913950 bcsId: 0} | ret=SUCCESS |  
2019-08-24 07:08:54,002 | INFO  | DNAudit | user=null | ip=null | op=WRITE_CHUNK {blockData=conID: 3 locID: 102670698674913950 bcsId: 0} | ret=SUCCESS |  
2019-08-24 07:08:54,009 | INFO  | DNAudit | user=null | ip=null | op=WRITE_CHUNK {blockData=conID: 3 locID: 102670698674913950 bcsId: 0} | ret=SUCCESS |  
2019-08-24 07:08:54,009 | INFO  | DNAudit | user=null | ip=null | op=PUT_BLOCK {blockData=[blockId=conID: 3 locID: 102670698674913950 bcsId: 0,size=1048576]} | ret=SUCCESS |  
2019-08-24 07:08:54,009 [grpc-default-executor-5] INFO  client.GrpcClientProtocolClient (GrpcClientProtocolClient.java:onNext(255)) - client-6EDD19400D46->06a4573b-67a1-41e3-a350-f896363bc636: receive RaftClientReply:client-6EDD19400D46->06a4573b-67a1-41e3-a350-f896363bc636@group-757E3781CD2A, cid=3269, SUCCESS, logIndex=4907, commits[06a4573b-67a1-41e3-a350-f896363bc636:c4908, 0b725bbf-683b-4664-9a2e-3c9dd6e38bc1:c4906, 9193e3b7-ae04-484d-a740-c65c11559486:c4906]
2019-08-24 07:08:54,010 [grpc-default-executor-2] INFO  client.GrpcClientProtocolClient (GrpcClientProtocolClient.java:onNext(255)) - client-6EDD19400D46->06a4573b-67a1-41e3-a350-f896363bc636: receive RaftClientReply:client-6EDD19400D46->06a4573b-67a1-41e3-a350-f896363bc636@group-757E3781CD2A, cid=3270, SUCCESS, logIndex=4908, commits[06a4573b-67a1-41e3-a350-f896363bc636:c4908, 0b725bbf-683b-4664-9a2e-3c9dd6e38bc1:c4906, 9193e3b7-ae04-484d-a740-c65c11559486:c4906]
2019-08-24 07:08:54,011 | INFO  | DNAudit | user=null | ip=null | op=WRITE_CHUNK {blockData=conID: 3 locID: 102670698674913950 bcsId: 0} | ret=SUCCESS |  
2019-08-24 07:08:54,011 | INFO  | DNAudit | user=null | ip=null | op=WRITE_CHUNK {blockData=conID: 3 locID: 102670698674913950 bcsId: 0} | ret=SUCCESS |  
2019-08-24 07:08:54,012 | INFO  | DNAudit | user=null | ip=null | op=PUT_BLOCK {blockData=[blockId=conID: 3 locID: 102670698674913950 bcsId: 0,size=1048576]} | ret=SUCCESS |  
2019-08-24 07:08:54,012 | INFO  | DNAudit | user=null | ip=null | op=PUT_BLOCK {blockData=[blockId=conID: 3 locID: 102670698674913950 bcsId: 0,size=2097152]} | ret=SUCCESS |  
2019-08-24 07:08:54,012 [grpc-default-executor-2] INFO  client.GrpcClientProtocolClient (GrpcClientProtocolClient.java:onNext(255)) - client-6EDD19400D46->06a4573b-67a1-41e3-a350-f896363bc636: receive RaftClientReply:client-6EDD19400D46->06a4573b-67a1-41e3-a350-f896363bc636@group-757E3781CD2A, cid=3271, SUCCESS, logIndex=4909, commits[06a4573b-67a1-41e3-a350-f896363bc636:c4912, 0b725bbf-683b-4664-9a2e-3c9dd6e38bc1:c4906, 9193e3b7-ae04-484d-a740-c65c11559486:c4908]
2019-08-24 07:08:54,012 [grpc-default-executor-2] INFO  client.GrpcClientProtocolClient (GrpcClientProtocolClient.java:onNext(255)) - client-6EDD19400D46->06a4573b-67a1-41e3-a350-f896363bc636: receive RaftClientReply:client-6EDD19400D46->06a4573b-67a1-41e3-a350-f896363bc636@group-757E3781CD2A, cid=3272, SUCCESS, logIndex=4910, commits[06a4573b-67a1-41e3-a350-f896363bc636:c4912, 0b725bbf-683b-4664-9a2e-3c9dd6e38bc1:c4906, 9193e3b7-ae04-484d-a740-c65c11559486:c4908]
2019-08-24 07:08:54,013 | INFO  | DNAudit | user=null | ip=null | op=WRITE_CHUNK {blockData=conID: 3 locID: 102670698674913950 bcsId: 0} | ret=SUCCESS |  
2019-08-24 07:08:54,013 | INFO  | DNAudit | user=null | ip=null | op=PUT_BLOCK {blockData=[blockId=conID: 3 locID: 102670698674913950 bcsId: 0,size=2097152]} | ret=SUCCESS |  
2019-08-24 07:08:54,014 | INFO  | DNAudit | user=null | ip=null | op=WRITE_CHUNK {blockData=conID: 3 locID: 102670698674913950 bcsId: 0} | ret=SUCCESS |  
2019-08-24 07:08:54,014 | INFO  | DNAudit | user=null | ip=null | op=PUT_BLOCK {blockData=[blockId=conID: 3 locID: 102670698674913950 bcsId: 0,size=1048576]} | ret=SUCCESS |  
2019-08-24 07:08:54,014 [grpc-default-executor-2] INFO  client.GrpcClientProtocolClient (GrpcClientProtocolClient.java:onNext(255)) - client-6EDD19400D46->06a4573b-67a1-41e3-a350-f896363bc636: receive RaftClientReply:client-6EDD19400D46->06a4573b-67a1-41e3-a350-f896363bc636@group-757E3781CD2A, cid=3273, SUCCESS, logIndex=0, commits[06a4573b-67a1-41e3-a350-f896363bc636:c4914, 0b725bbf-683b-4664-9a2e-3c9dd6e38bc1:c4908, 9193e3b7-ae04-484d-a740-c65c11559486:c4910]
2019-08-24 07:08:54,022 | INFO  | DNAudit | user=null | ip=null | op=WRITE_CHUNK {blockData=conID: 3 locID: 102670698674913950 bcsId: 4910} | ret=SUCCESS |  
2019-08-24 07:08:54,025 | INFO  | DNAudit | user=null | ip=null | op=WRITE_CHUNK {blockData=conID: 3 locID: 102670698674913950 bcsId: 4910} | ret=SUCCESS |  
2019-08-24 07:08:54,025 | INFO  | DNAudit | user=null | ip=null | op=WRITE_CHUNK {blockData=conID: 3 locID: 102670698674913950 bcsId: 0} | ret=SUCCESS |  
2019-08-24 07:08:54,025 | INFO  | DNAudit | user=null | ip=null | op=WRITE_CHUNK {blockData=conID: 3 locID: 102670698674913950 bcsId: 4910} | ret=SUCCESS |  
2019-08-24 07:08:54,025 | INFO  | DNAudit | user=null | ip=null | op=PUT_BLOCK {blockData=[blockId=conID: 3 locID: 102670698674913950 bcsId: 0,size=2097152]} | ret=SUCCESS |  
2019-08-24 07:08:54,027 | INFO  | DNAudit | user=null | ip=null | op=WRITE_CHUNK {blockData=conID: 3 locID: 102670698674913950 bcsId: 4910} | ret=SUCCESS |  
2019-08-24 07:08:54,027 | INFO  | DNAudit | user=null | ip=null | op=PUT_BLOCK {blockData=[blockId=conID: 3 locID: 102670698674913950 bcsId: 0,size=3145728]} | ret=SUCCESS |  
2019-08-24 07:08:54,027 [grpc-default-executor-5] INFO  client.GrpcClientProtocolClient (GrpcClientProtocolClient.java:onNext(255)) - client-6EDD19400D46->06a4573b-67a1-41e3-a350-f896363bc636: receive RaftClientReply:client-6EDD19400D46->06a4573b-67a1-41e3-a350-f896363bc636@group-757E3781CD2A, cid=3274, SUCCESS, logIndex=4915, commits[06a4573b-67a1-41e3-a350-f896363bc636:c4916, 0b725bbf-683b-4664-9a2e-3c9dd6e38bc1:c4910, 9193e3b7-ae04-484d-a740-c65c11559486:c4914]
2019-08-24 07:08:54,028 [grpc-default-executor-5] INFO  client.GrpcClientProtocolClient (GrpcClientProtocolClient.java:onNext(255)) - client-6EDD19400D46->06a4573b-67a1-41e3-a350-f896363bc636: receive RaftClientReply:client-6EDD19400D46->06a4573b-67a1-41e3-a350-f896363bc636@group-757E3781CD2A, cid=3275, SUCCESS, logIndex=4916, commits[06a4573b-67a1-41e3-a350-f896363bc636:c4916, 0b725bbf-683b-4664-9a2e-3c9dd6e38bc1:c4914, 9193e3b7-ae04-484d-a740-c65c11559486:c4914]
2019-08-24 07:08:54,028 | INFO  | DNAudit | user=null | ip=null | op=WRITE_CHUNK {blockData=conID: 3 locID: 102670698674913950 bcsId: 4910} | ret=SUCCESS |  
2019-08-24 07:08:54,028 | INFO  | DNAudit | user=null | ip=null | op=PUT_BLOCK {blockData=[blockId=conID: 3 locID: 102670698674913950 bcsId: 0,size=3145728]} | ret=SUCCESS |  
2019-08-24 07:08:54,029 | INFO  | DNAudit | user=null | ip=null | op=WRITE_CHUNK {blockData=conID: 3 locID: 102670698674913950 bcsId: 4910} | ret=SUCCESS |  
2019-08-24 07:08:54,029 | INFO  | DNAudit | user=null | ip=null | op=PUT_BLOCK {blockData=[blockId=conID: 3 locID: 102670698674913950 bcsId: 0,size=3145728]} | ret=SUCCESS |  
2019-08-24 07:08:54,035 | INFO  | DNAudit | user=null | ip=null | op=WRITE_CHUNK {blockData=conID: 3 locID: 102670698674913950 bcsId: 4916} | ret=SUCCESS |  
2019-08-24 07:08:54,039 | INFO  | DNAudit | user=null | ip=null | op=WRITE_CHUNK {blockData=conID: 3 locID: 102670698674913950 bcsId: 4916} | ret=SUCCESS |  
2019-08-24 07:08:54,040 | INFO  | DNAudit | user=null | ip=null | op=WRITE_CHUNK {blockData=conID: 3 locID: 102670698674913950 bcsId: 4916} | ret=SUCCESS |  
2019-08-24 07:08:54,048 | INFO  | DNAudit | user=null | ip=null | op=WRITE_CHUNK {blockData=conID: 3 locID: 102670698674913950 bcsId: 4916} | ret=SUCCESS |  
2019-08-24 07:08:54,048 | INFO  | DNAudit | user=null | ip=null | op=PUT_BLOCK {blockData=[blockId=conID: 3 locID: 102670698674913950 bcsId: 0,size=4194304]} | ret=SUCCESS |  
2019-08-24 07:08:54,048 [grpc-default-executor-2] INFO  client.GrpcClientProtocolClient (GrpcClientProtocolClient.java:onNext(255)) - client-6EDD19400D46->06a4573b-67a1-41e3-a350-f896363bc636: receive RaftClientReply:client-6EDD19400D46->06a4573b-67a1-41e3-a350-f896363bc636@group-757E3781CD2A, cid=3276, SUCCESS, logIndex=4919, commits[06a4573b-67a1-41e3-a350-f896363bc636:c4919, 0b725bbf-683b-4664-9a2e-3c9dd6e38bc1:c4918, 9193e3b7-ae04-484d-a740-c65c11559486:c4918]
2019-08-24 07:08:54,049 [grpc-default-executor-2] INFO  client.GrpcClientProtocolClient (GrpcClientProtocolClient.java:onNext(255)) - client-6EDD19400D46->06a4573b-67a1-41e3-a350-f896363bc636: receive RaftClientReply:client-6EDD19400D46->06a4573b-67a1-41e3-a350-f896363bc636@group-757E3781CD2A, cid=3277, SUCCESS, logIndex=4920, commits[06a4573b-67a1-41e3-a350-f896363bc636:c4920, 0b725bbf-683b-4664-9a2e-3c9dd6e38bc1:c4918, 9193e3b7-ae04-484d-a740-c65c11559486:c4918]
2019-08-24 07:08:54,060 | INFO  | DNAudit | user=null | ip=null | op=WRITE_CHUNK {blockData=conID: 3 locID: 102670698674913950 bcsId: 4916} | ret=SUCCESS |  
2019-08-24 07:08:54,060 | INFO  | DNAudit | user=null | ip=null | op=WRITE_CHUNK {blockData=conID: 3 locID: 102670698674913950 bcsId: 4916} | ret=SUCCESS |  
2019-08-24 07:08:54,061 | INFO  | DNAudit | user=null | ip=null | op=PUT_BLOCK {blockData=[blockId=conID: 3 locID: 102670698674913950 bcsId: 0,size=4194304]} | ret=SUCCESS |  
2019-08-24 07:08:54,061 | INFO  | DNAudit | user=null | ip=null | op=PUT_BLOCK {blockData=[blockId=conID: 3 locID: 102670698674913950 bcsId: 0,size=4194304]} | ret=SUCCESS |  
2019-08-24 07:08:54,062 [grpc-default-executor-2] INFO  client.GrpcClientProtocolClient (GrpcClientProtocolClient.java:onNext(255)) - client-6EDD19400D46->06a4573b-67a1-41e3-a350-f896363bc636: receive RaftClientReply:client-6EDD19400D46->06a4573b-67a1-41e3-a350-f896363bc636@group-757E3781CD2A, cid=3278, SUCCESS, logIndex=0, commits[06a4573b-67a1-41e3-a350-f896363bc636:c4922, 0b725bbf-683b-4664-9a2e-3c9dd6e38bc1:c4920, 9193e3b7-ae04-484d-a740-c65c11559486:c4920]
2019-08-24 07:08:54,070 | INFO  | SCMAudit | user=jenkins1000 | ip=192.168.69.125 | op=ALLOCATE_BLOCK {owner=61bacca8-15b6-4a50-8962-5e9786b18b0d, size=4194304, type=RATIS, factor=THREE} | ret=SUCCESS |  
2019-08-24 07:08:54,077 | INFO  | OMAudit | user=jenkins1000 | ip=127.0.0.1 | op=ALLOCATE_BLOCK {volume=vol-0-26988, bucket=bucket-0-20739, key=key-0-27353, dataSize=0, replicationType=null, replicationFactor=null, keyLocationInfo=null, clientID=102670695851229586} | ret=SUCCESS |  
2019-08-24 07:08:54,086 | INFO  | DNAudit | user=null | ip=null | op=WRITE_CHUNK {blockData=conID: 1 locID: 102670698680812191 bcsId: 0} | ret=SUCCESS |  
2019-08-24 07:08:54,090 | INFO  | DNAudit | user=null | ip=null | op=WRITE_CHUNK {blockData=conID: 1 locID: 102670698680812191 bcsId: 0} | ret=SUCCESS |  
2019-08-24 07:08:54,091 | INFO  | DNAudit | user=null | ip=null | op=WRITE_CHUNK {blockData=conID: 1 locID: 102670698680812191 bcsId: 0} | ret=SUCCESS |  
2019-08-24 07:08:54,091 | INFO  | DNAudit | user=null | ip=null | op=WRITE_CHUNK {blockData=conID: 1 locID: 102670698680812191 bcsId: 0} | ret=SUCCESS |  
2019-08-24 07:08:54,094 | INFO  | DNAudit | user=null | ip=null | op=WRITE_CHUNK {blockData=conID: 1 locID: 102670698680812191 bcsId: 0} | ret=SUCCESS |  
2019-08-24 07:08:54,095 | INFO  | DNAudit | user=null | ip=null | op=WRITE_CHUNK {blockData=conID: 1 locID: 102670698680812191 bcsId: 0} | ret=SUCCESS |  
2019-08-24 07:08:54,098 | INFO  | DNAudit | user=null | ip=null | op=WRITE_CHUNK {blockData=conID: 1 locID: 102670698680812191 bcsId: 0} | ret=SUCCESS |  
2019-08-24 07:08:54,099 | INFO  | DNAudit | user=null | ip=null | op=PUT_BLOCK {blockData=[blockId=conID: 1 locID: 102670698680812191 bcsId: 0,size=1048576]} | ret=SUCCESS |  
2019-08-24 07:08:54,099 | INFO  | DNAudit | user=null | ip=null | op=WRITE_CHUNK {blockData=conID: 1 locID: 102670698680812191 bcsId: 0} | ret=SUCCESS |  
2019-08-24 07:08:54,099 [grpc-default-executor-0] INFO  client.GrpcClientProtocolClient (GrpcClientProtocolClient.java:onNext(255)) - client-6EDD19400D46->06a4573b-67a1-41e3-a350-f896363bc636: receive RaftClientReply:client-6EDD19400D46->06a4573b-67a1-41e3-a350-f896363bc636@group-757E3781CD2A, cid=3279, SUCCESS, logIndex=4923, commits[06a4573b-67a1-41e3-a350-f896363bc636:c4924, 0b725bbf-683b-4664-9a2e-3c9dd6e38bc1:c4922, 9193e3b7-ae04-484d-a740-c65c11559486:c4922]
2019-08-24 07:08:54,100 | INFO  | DNAudit | user=null | ip=null | op=PUT_BLOCK {blockData=[blockId=conID: 1 locID: 102670698680812191 bcsId: 0,size=2097152]} | ret=SUCCESS |  
2019-08-24 07:08:54,100 [grpc-default-executor-0] INFO  client.GrpcClientProtocolClient (GrpcClientProtocolClient.java:onNext(255)) - client-6EDD19400D46->06a4573b-67a1-41e3-a350-f896363bc636: receive RaftClientReply:client-6EDD19400D46->06a4573b-67a1-41e3-a350-f896363bc636@group-757E3781CD2A, cid=3280, SUCCESS, logIndex=4924, commits[06a4573b-67a1-41e3-a350-f896363bc636:c4924, 0b725bbf-683b-4664-9a2e-3c9dd6e38bc1:c4922, 9193e3b7-ae04-484d-a740-c65c11559486:c4922]
2019-08-24 07:08:54,101 [grpc-default-executor-0] INFO  client.GrpcClientProtocolClient (GrpcClientProtocolClient.java:onNext(255)) - client-6EDD19400D46->06a4573b-67a1-41e3-a350-f896363bc636: receive RaftClientReply:client-6EDD19400D46->06a4573b-67a1-41e3-a350-f896363bc636@group-757E3781CD2A, cid=3281, SUCCESS, logIndex=4925, commits[06a4573b-67a1-41e3-a350-f896363bc636:c4926, 0b725bbf-683b-4664-9a2e-3c9dd6e38bc1:c4922, 9193e3b7-ae04-484d-a740-c65c11559486:c4922]
2019-08-24 07:08:54,101 [grpc-default-executor-0] INFO  client.GrpcClientProtocolClient (GrpcClientProtocolClient.java:onNext(255)) - client-6EDD19400D46->06a4573b-67a1-41e3-a350-f896363bc636: receive RaftClientReply:client-6EDD19400D46->06a4573b-67a1-41e3-a350-f896363bc636@group-757E3781CD2A, cid=3282, SUCCESS, logIndex=4926, commits[06a4573b-67a1-41e3-a350-f896363bc636:c4926, 0b725bbf-683b-4664-9a2e-3c9dd6e38bc1:c4922, 9193e3b7-ae04-484d-a740-c65c11559486:c4922]
2019-08-24 07:08:54,112 | INFO  | DNAudit | user=null | ip=null | op=WRITE_CHUNK {blockData=conID: 1 locID: 102670698680812191 bcsId: 0} | ret=SUCCESS |  
2019-08-24 07:08:54,112 | INFO  | DNAudit | user=null | ip=null | op=PUT_BLOCK {blockData=[blockId=conID: 1 locID: 102670698680812191 bcsId: 0,size=1048576]} | ret=SUCCESS |  
2019-08-24 07:08:54,112 | INFO  | DNAudit | user=null | ip=null | op=WRITE_CHUNK {blockData=conID: 1 locID: 102670698680812191 bcsId: 0} | ret=SUCCESS |  
2019-08-24 07:08:54,113 | INFO  | DNAudit | user=null | ip=null | op=PUT_BLOCK {blockData=[blockId=conID: 1 locID: 102670698680812191 bcsId: 0,size=1048576]} | ret=SUCCESS |  
2019-08-24 07:08:54,113 | INFO  | DNAudit | user=null | ip=null | op=WRITE_CHUNK {blockData=conID: 1 locID: 102670698680812191 bcsId: 0} | ret=SUCCESS |  
2019-08-24 07:08:54,113 | INFO  | DNAudit | user=null | ip=null | op=WRITE_CHUNK {blockData=conID: 1 locID: 102670698680812191 bcsId: 0} | ret=SUCCESS |  
2019-08-24 07:08:54,113 | INFO  | DNAudit | user=null | ip=null | op=PUT_BLOCK {blockData=[blockId=conID: 1 locID: 102670698680812191 bcsId: 0,size=2097152]} | ret=SUCCESS |  
2019-08-24 07:08:54,113 | INFO  | DNAudit | user=null | ip=null | op=PUT_BLOCK {blockData=[blockId=conID: 1 locID: 102670698680812191 bcsId: 0,size=2097152]} | ret=SUCCESS |  
2019-08-24 07:08:54,113 [grpc-default-executor-2] INFO  client.GrpcClientProtocolClient (GrpcClientProtocolClient.java:onNext(255)) - client-6EDD19400D46->06a4573b-67a1-41e3-a350-f896363bc636: receive RaftClientReply:client-6EDD19400D46->06a4573b-67a1-41e3-a350-f896363bc636@group-757E3781CD2A, cid=3283, SUCCESS, logIndex=0, commits[06a4573b-67a1-41e3-a350-f896363bc636:c4928, 0b725bbf-683b-4664-9a2e-3c9dd6e38bc1:c4924, 9193e3b7-ae04-484d-a740-c65c11559486:c4924]
2019-08-24 07:08:54,121 | INFO  | DNAudit | user=null | ip=null | op=WRITE_CHUNK {blockData=conID: 1 locID: 102670698680812191 bcsId: 4926} | ret=SUCCESS |  
2019-08-24 07:08:54,126 | INFO  | DNAudit | user=null | ip=null | op=WRITE_CHUNK {blockData=conID: 1 locID: 102670698680812191 bcsId: 4926} | ret=SUCCESS |  
2019-08-24 07:08:54,126 | INFO  | DNAudit | user=null | ip=null | op=WRITE_CHUNK {blockData=conID: 1 locID: 102670698680812191 bcsId: 4926} | ret=SUCCESS |  
2019-08-24 07:08:54,134 | INFO  | DNAudit | user=null | ip=null | op=WRITE_CHUNK {blockData=conID: 1 locID: 102670698680812191 bcsId: 4926} | ret=SUCCESS |  
2019-08-24 07:08:54,135 | INFO  | DNAudit | user=null | ip=null | op=PUT_BLOCK {blockData=[blockId=conID: 1 locID: 102670698680812191 bcsId: 0,size=3145728]} | ret=SUCCESS |  
2019-08-24 07:08:54,135 [grpc-default-executor-0] INFO  client.GrpcClientProtocolClient (GrpcClientProtocolClient.java:onNext(255)) - client-6EDD19400D46->06a4573b-67a1-41e3-a350-f896363bc636: receive RaftClientReply:client-6EDD19400D46->06a4573b-67a1-41e3-a350-f896363bc636@group-757E3781CD2A, cid=3284, SUCCESS, logIndex=4931, commits[06a4573b-67a1-41e3-a350-f896363bc636:c4932, 0b725bbf-683b-4664-9a2e-3c9dd6e38bc1:c4930, 9193e3b7-ae04-484d-a740-c65c11559486:c4930]
2019-08-24 07:08:54,135 [grpc-default-executor-0] INFO  client.GrpcClientProtocolClient (GrpcClientProtocolClient.java:onNext(255)) - client-6EDD19400D46->06a4573b-67a1-41e3-a350-f896363bc636: receive RaftClientReply:client-6EDD19400D46->06a4573b-67a1-41e3-a350-f896363bc636@group-757E3781CD2A, cid=3285, SUCCESS, logIndex=4932, commits[06a4573b-67a1-41e3-a350-f896363bc636:c4932, 0b725bbf-683b-4664-9a2e-3c9dd6e38bc1:c4930, 9193e3b7-ae04-484d-a740-c65c11559486:c4930]
2019-08-24 07:08:54,143 | INFO  | DNAudit | user=null | ip=null | op=WRITE_CHUNK {blockData=conID: 1 locID: 102670698680812191 bcsId: 4932} | ret=SUCCESS |  
2019-08-24 07:08:54,146 | INFO  | DNAudit | user=null | ip=null | op=WRITE_CHUNK {blockData=conID: 1 locID: 102670698680812191 bcsId: 4926} | ret=SUCCESS |  
2019-08-24 07:08:54,146 | INFO  | DNAudit | user=null | ip=null | op=WRITE_CHUNK {blockData=conID: 1 locID: 102670698680812191 bcsId: 4926} | ret=SUCCESS |  
2019-08-24 07:08:54,147 | INFO  | DNAudit | user=null | ip=null | op=WRITE_CHUNK {blockData=conID: 1 locID: 102670698680812191 bcsId: 4932} | ret=SUCCESS |  
2019-08-24 07:08:54,147 | INFO  | DNAudit | user=null | ip=null | op=WRITE_CHUNK {blockData=conID: 1 locID: 102670698680812191 bcsId: 4932} | ret=SUCCESS |  
2019-08-24 07:08:54,159 | INFO  | DNAudit | user=null | ip=null | op=PUT_BLOCK {blockData=[blockId=conID: 1 locID: 102670698680812191 bcsId: 0,size=3145728]} | ret=SUCCESS |  
2019-08-24 07:08:54,159 | INFO  | DNAudit | user=null | ip=null | op=PUT_BLOCK {blockData=[blockId=conID: 1 locID: 102670698680812191 bcsId: 0,size=3145728]} | ret=SUCCESS |  
2019-08-24 07:08:54,159 | INFO  | DNAudit | user=null | ip=null | op=WRITE_CHUNK {blockData=conID: 1 locID: 102670698680812191 bcsId: 4932} | ret=SUCCESS |  
2019-08-24 07:08:54,160 | INFO  | DNAudit | user=null | ip=null | op=PUT_BLOCK {blockData=[blockId=conID: 1 locID: 102670698680812191 bcsId: 0,size=4194304]} | ret=SUCCESS |  
2019-08-24 07:08:54,160 [grpc-default-executor-0] INFO  client.GrpcClientProtocolClient (GrpcClientProtocolClient.java:onNext(255)) - client-6EDD19400D46->06a4573b-67a1-41e3-a350-f896363bc636: receive RaftClientReply:client-6EDD19400D46->06a4573b-67a1-41e3-a350-f896363bc636@group-757E3781CD2A, cid=3286, SUCCESS, logIndex=4935, commits[06a4573b-67a1-41e3-a350-f896363bc636:c4936, 0b725bbf-683b-4664-9a2e-3c9dd6e38bc1:c4932, 9193e3b7-ae04-484d-a740-c65c11559486:c4932]
2019-08-24 07:08:54,160 [grpc-default-executor-0] INFO  client.GrpcClientProtocolClient (GrpcClientProtocolClient.java:onNext(255)) - client-6EDD19400D46->06a4573b-67a1-41e3-a350-f896363bc636: receive RaftClientReply:client-6EDD19400D46->06a4573b-67a1-41e3-a350-f896363bc636@group-757E3781CD2A, cid=3287, SUCCESS, logIndex=4936, commits[06a4573b-67a1-41e3-a350-f896363bc636:c4936, 0b725bbf-683b-4664-9a2e-3c9dd6e38bc1:c4932, 9193e3b7-ae04-484d-a740-c65c11559486:c4932]
2019-08-24 07:08:54,171 | INFO  | DNAudit | user=null | ip=null | op=WRITE_CHUNK {blockData=conID: 1 locID: 102670698680812191 bcsId: 4932} | ret=SUCCESS |  
2019-08-24 07:08:54,171 | INFO  | DNAudit | user=null | ip=null | op=WRITE_CHUNK {blockData=conID: 1 locID: 102670698680812191 bcsId: 4932} | ret=SUCCESS |  
2019-08-24 07:08:54,173 | INFO  | DNAudit | user=null | ip=null | op=PUT_BLOCK {blockData=[blockId=conID: 1 locID: 102670698680812191 bcsId: 0,size=4194304]} | ret=SUCCESS |  
2019-08-24 07:08:54,173 | INFO  | DNAudit | user=null | ip=null | op=PUT_BLOCK {blockData=[blockId=conID: 1 locID: 102670698680812191 bcsId: 0,size=4194304]} | ret=SUCCESS |  
2019-08-24 07:08:54,174 [grpc-default-executor-0] INFO  client.GrpcClientProtocolClient (GrpcClientProtocolClient.java:onNext(255)) - client-6EDD19400D46->06a4573b-67a1-41e3-a350-f896363bc636: receive RaftClientReply:client-6EDD19400D46->06a4573b-67a1-41e3-a350-f896363bc636@group-757E3781CD2A, cid=3288, SUCCESS, logIndex=0, commits[06a4573b-67a1-41e3-a350-f896363bc636:c4938, 0b725bbf-683b-4664-9a2e-3c9dd6e38bc1:c4936, 9193e3b7-ae04-484d-a740-c65c11559486:c4936]
2019-08-24 07:08:54,182 | INFO  | SCMAudit | user=jenkins1000 | ip=192.168.69.125 | op=ALLOCATE_BLOCK {owner=61bacca8-15b6-4a50-8962-5e9786b18b0d, size=4194304, type=RATIS, factor=THREE} | ret=SUCCESS |  
2019-08-24 07:08:54,188 | INFO  | OMAudit | user=jenkins1000 | ip=127.0.0.1 | op=ALLOCATE_BLOCK {volume=vol-0-26988, bucket=bucket-0-20739, key=key-0-27353, dataSize=0, replicationType=null, replicationFactor=null, keyLocationInfo=null, clientID=102670695851229586} | ret=SUCCESS |  
2019-08-24 07:08:54,197 | INFO  | DNAudit | user=null | ip=null | op=WRITE_CHUNK {blockData=conID: 2 locID: 102670698688152224 bcsId: 0} | ret=SUCCESS |  
2019-08-24 07:08:54,200 | INFO  | DNAudit | user=null | ip=null | op=WRITE_CHUNK {blockData=conID: 2 locID: 102670698688152224 bcsId: 0} | ret=SUCCESS |  
2019-08-24 07:08:54,201 | INFO  | DNAudit | user=null | ip=null | op=WRITE_CHUNK {blockData=conID: 2 locID: 102670698688152224 bcsId: 0} | ret=SUCCESS |  
2019-08-24 07:08:54,201 | INFO  | DNAudit | user=null | ip=null | op=WRITE_CHUNK {blockData=conID: 2 locID: 102670698688152224 bcsId: 0} | ret=SUCCESS |  
2019-08-24 07:08:54,204 | INFO  | DNAudit | user=null | ip=null | op=WRITE_CHUNK {blockData=conID: 2 locID: 102670698688152224 bcsId: 0} | ret=SUCCESS |  
2019-08-24 07:08:54,205 | INFO  | DNAudit | user=null | ip=null | op=WRITE_CHUNK {blockData=conID: 2 locID: 102670698688152224 bcsId: 0} | ret=SUCCESS |  
2019-08-24 07:08:54,216 | INFO  | DNAudit | user=null | ip=null | op=WRITE_CHUNK {blockData=conID: 2 locID: 102670698688152224 bcsId: 0} | ret=SUCCESS |  
2019-08-24 07:08:54,216 | INFO  | DNAudit | user=null | ip=null | op=PUT_BLOCK {blockData=[blockId=conID: 2 locID: 102670698688152224 bcsId: 0,size=1048576]} | ret=SUCCESS |  
2019-08-24 07:08:54,216 [grpc-default-executor-0] INFO  client.GrpcClientProtocolClient (GrpcClientProtocolClient.java:onNext(255)) - client-6EDD19400D46->06a4573b-67a1-41e3-a350-f896363bc636: receive RaftClientReply:client-6EDD19400D46->06a4573b-67a1-41e3-a350-f896363bc636@group-757E3781CD2A, cid=3289, SUCCESS, logIndex=4939, commits[06a4573b-67a1-41e3-a350-f896363bc636:c4940, 0b725bbf-683b-4664-9a2e-3c9dd6e38bc1:c4938, 9193e3b7-ae04-484d-a740-c65c11559486:c4938]
2019-08-24 07:08:54,217 | INFO  | DNAudit | user=null | ip=null | op=WRITE_CHUNK {blockData=conID: 2 locID: 102670698688152224 bcsId: 0} | ret=SUCCESS |  
2019-08-24 07:08:54,217 | INFO  | DNAudit | user=null | ip=null | op=WRITE_CHUNK {blockData=conID: 2 locID: 102670698688152224 bcsId: 0} | ret=SUCCESS |  
2019-08-24 07:08:54,217 [grpc-default-executor-0] INFO  client.GrpcClientProtocolClient (GrpcClientProtocolClient.java:onNext(255)) - client-6EDD19400D46->06a4573b-67a1-41e3-a350-f896363bc636: receive RaftClientReply:client-6EDD19400D46->06a4573b-67a1-41e3-a350-f896363bc636@group-757E3781CD2A, cid=3290, SUCCESS, logIndex=4940, commits[06a4573b-67a1-41e3-a350-f896363bc636:c4941, 0b725bbf-683b-4664-9a2e-3c9dd6e38bc1:c4938, 9193e3b7-ae04-484d-a740-c65c11559486:c4938]
2019-08-24 07:08:54,218 | INFO  | DNAudit | user=null | ip=null | op=PUT_BLOCK {blockData=[blockId=conID: 2 locID: 102670698688152224 bcsId: 0,size=1048576]} | ret=SUCCESS |  
2019-08-24 07:08:54,218 | INFO  | DNAudit | user=null | ip=null | op=PUT_BLOCK {blockData=[blockId=conID: 2 locID: 102670698688152224 bcsId: 0,size=2097152]} | ret=SUCCESS |  
2019-08-24 07:08:54,218 [grpc-default-executor-0] INFO  client.GrpcClientProtocolClient (GrpcClientProtocolClient.java:onNext(255)) - client-6EDD19400D46->06a4573b-67a1-41e3-a350-f896363bc636: receive RaftClientReply:client-6EDD19400D46->06a4573b-67a1-41e3-a350-f896363bc636@group-757E3781CD2A, cid=3291, SUCCESS, logIndex=4941, commits[06a4573b-67a1-41e3-a350-f896363bc636:c4942, 0b725bbf-683b-4664-9a2e-3c9dd6e38bc1:c4938, 9193e3b7-ae04-484d-a740-c65c11559486:c4938]
2019-08-24 07:08:54,218 [grpc-default-executor-0] INFO  client.GrpcClientProtocolClient (GrpcClientProtocolClient.java:onNext(255)) - client-6EDD19400D46->06a4573b-67a1-41e3-a350-f896363bc636: receive RaftClientReply:client-6EDD19400D46->06a4573b-67a1-41e3-a350-f896363bc636@group-757E3781CD2A, cid=3292, SUCCESS, logIndex=4942, commits[06a4573b-67a1-41e3-a350-f896363bc636:c4944, 0b725bbf-683b-4664-9a2e-3c9dd6e38bc1:c4938, 9193e3b7-ae04-484d-a740-c65c11559486:c4940]
2019-08-24 07:08:54,218 | INFO  | DNAudit | user=null | ip=null | op=WRITE_CHUNK {blockData=conID: 2 locID: 102670698688152224 bcsId: 0} | ret=SUCCESS |  
2019-08-24 07:08:54,219 | INFO  | DNAudit | user=null | ip=null | op=WRITE_CHUNK {blockData=conID: 2 locID: 102670698688152224 bcsId: 0} | ret=SUCCESS |  
2019-08-24 07:08:54,219 | INFO  | DNAudit | user=null | ip=null | op=PUT_BLOCK {blockData=[blockId=conID: 2 locID: 102670698688152224 bcsId: 0,size=2097152]} | ret=SUCCESS |  
2019-08-24 07:08:54,219 | INFO  | DNAudit | user=null | ip=null | op=PUT_BLOCK {blockData=[blockId=conID: 2 locID: 102670698688152224 bcsId: 0,size=1048576]} | ret=SUCCESS |  
2019-08-24 07:08:54,219 | INFO  | DNAudit | user=null | ip=null | op=WRITE_CHUNK {blockData=conID: 2 locID: 102670698688152224 bcsId: 0} | ret=SUCCESS |  
2019-08-24 07:08:54,219 [grpc-default-executor-0] INFO  client.GrpcClientProtocolClient (GrpcClientProtocolClient.java:onNext(255)) - client-6EDD19400D46->06a4573b-67a1-41e3-a350-f896363bc636: receive RaftClientReply:client-6EDD19400D46->06a4573b-67a1-41e3-a350-f896363bc636@group-757E3781CD2A, cid=3293, SUCCESS, logIndex=0, commits[06a4573b-67a1-41e3-a350-f896363bc636:c4945, 0b725bbf-683b-4664-9a2e-3c9dd6e38bc1:c4940, 9193e3b7-ae04-484d-a740-c65c11559486:c4941]
2019-08-24 07:08:54,220 | INFO  | DNAudit | user=null | ip=null | op=PUT_BLOCK {blockData=[blockId=conID: 2 locID: 102670698688152224 bcsId: 0,size=2097152]} | ret=SUCCESS |  
2019-08-24 07:08:54,228 | INFO  | DNAudit | user=null | ip=null | op=WRITE_CHUNK {blockData=conID: 2 locID: 102670698688152224 bcsId: 4942} | ret=SUCCESS |  
2019-08-24 07:08:54,231 | INFO  | DNAudit | user=null | ip=null | op=WRITE_CHUNK {blockData=conID: 2 locID: 102670698688152224 bcsId: 4942} | ret=SUCCESS |  
2019-08-24 07:08:54,231 | INFO  | DNAudit | user=null | ip=null | op=WRITE_CHUNK {blockData=conID: 2 locID: 102670698688152224 bcsId: 4942} | ret=SUCCESS |  
2019-08-24 07:08:54,234 | INFO  | DNAudit | user=null | ip=null | op=WRITE_CHUNK {blockData=conID: 2 locID: 102670698688152224 bcsId: 4942} | ret=SUCCESS |  
2019-08-24 07:08:54,235 | INFO  | DNAudit | user=null | ip=null | op=PUT_BLOCK {blockData=[blockId=conID: 2 locID: 102670698688152224 bcsId: 0,size=3145728]} | ret=SUCCESS |  
2019-08-24 07:08:54,235 [grpc-default-executor-1] INFO  client.GrpcClientProtocolClient (GrpcClientProtocolClient.java:onNext(255)) - client-6EDD19400D46->06a4573b-67a1-41e3-a350-f896363bc636: receive RaftClientReply:client-6EDD19400D46->06a4573b-67a1-41e3-a350-f896363bc636@group-757E3781CD2A, cid=3294, SUCCESS, logIndex=4947, commits[06a4573b-67a1-41e3-a350-f896363bc636:c4948, 0b725bbf-683b-4664-9a2e-3c9dd6e38bc1:c4946, 9193e3b7-ae04-484d-a740-c65c11559486:c4946]
2019-08-24 07:08:54,235 [grpc-default-executor-1] INFO  client.GrpcClientProtocolClient (GrpcClientProtocolClient.java:onNext(255)) - client-6EDD19400D46->06a4573b-67a1-41e3-a350-f896363bc636: receive RaftClientReply:client-6EDD19400D46->06a4573b-67a1-41e3-a350-f896363bc636@group-757E3781CD2A, cid=3295, SUCCESS, logIndex=4948, commits[06a4573b-67a1-41e3-a350-f896363bc636:c4948, 0b725bbf-683b-4664-9a2e-3c9dd6e38bc1:c4946, 9193e3b7-ae04-484d-a740-c65c11559486:c4946]
2019-08-24 07:08:54,243 | INFO  | DNAudit | user=null | ip=null | op=WRITE_CHUNK {blockData=conID: 2 locID: 102670698688152224 bcsId: 4948} | ret=SUCCESS |  
2019-08-24 07:08:54,246 | INFO  | DNAudit | user=null | ip=null | op=WRITE_CHUNK {blockData=conID: 2 locID: 102670698688152224 bcsId: 4948} | ret=SUCCESS |  
2019-08-24 07:08:54,246 | INFO  | DNAudit | user=null | ip=null | op=WRITE_CHUNK {blockData=conID: 2 locID: 102670698688152224 bcsId: 4948} | ret=SUCCESS |  
2019-08-24 07:08:54,246 | INFO  | DNAudit | user=null | ip=null | op=WRITE_CHUNK {blockData=conID: 2 locID: 102670698688152224 bcsId: 4942} | ret=SUCCESS |  
2019-08-24 07:08:54,246 | INFO  | DNAudit | user=null | ip=null | op=WRITE_CHUNK {blockData=conID: 2 locID: 102670698688152224 bcsId: 4942} | ret=SUCCESS |  
2019-08-24 07:08:54,247 | INFO  | DNAudit | user=null | ip=null | op=PUT_BLOCK {blockData=[blockId=conID: 2 locID: 102670698688152224 bcsId: 0,size=3145728]} | ret=SUCCESS |  
2019-08-24 07:08:54,248 | INFO  | DNAudit | user=null | ip=null | op=WRITE_CHUNK {blockData=conID: 2 locID: 102670698688152224 bcsId: 4948} | ret=SUCCESS |  
2019-08-24 07:08:54,248 | INFO  | DNAudit | user=null | ip=null | op=PUT_BLOCK {blockData=[blockId=conID: 2 locID: 102670698688152224 bcsId: 0,size=3145728]} | ret=SUCCESS |  
2019-08-24 07:08:54,248 | INFO  | DNAudit | user=null | ip=null | op=PUT_BLOCK {blockData=[blockId=conID: 2 locID: 102670698688152224 bcsId: 0,size=4194304]} | ret=SUCCESS |  
2019-08-24 07:08:54,249 [grpc-default-executor-1] INFO  client.GrpcClientProtocolClient (GrpcClientProtocolClient.java:onNext(255)) - client-6EDD19400D46->06a4573b-67a1-41e3-a350-f896363bc636: receive RaftClientReply:client-6EDD19400D46->06a4573b-67a1-41e3-a350-f896363bc636@group-757E3781CD2A, cid=3296, SUCCESS, logIndex=4951, commits[06a4573b-67a1-41e3-a350-f896363bc636:c4952, 0b725bbf-683b-4664-9a2e-3c9dd6e38bc1:c4947, 9193e3b7-ae04-484d-a740-c65c11559486:c4948]
2019-08-24 07:08:54,249 [grpc-default-executor-1] INFO  client.GrpcClientProtocolClient (GrpcClientProtocolClient.java:onNext(255)) - client-6EDD19400D46->06a4573b-67a1-41e3-a350-f896363bc636: receive RaftClientReply:client-6EDD19400D46->06a4573b-67a1-41e3-a350-f896363bc636@group-757E3781CD2A, cid=3297, SUCCESS, logIndex=4952, commits[06a4573b-67a1-41e3-a350-f896363bc636:c4952, 0b725bbf-683b-4664-9a2e-3c9dd6e38bc1:c4948, 9193e3b7-ae04-484d-a740-c65c11559486:c4948]
2019-08-24 07:08:54,249 | INFO  | DNAudit | user=null | ip=null | op=WRITE_CHUNK {blockData=conID: 2 locID: 102670698688152224 bcsId: 4948} | ret=SUCCESS |  
2019-08-24 07:08:54,250 | INFO  | DNAudit | user=null | ip=null | op=PUT_BLOCK {blockData=[blockId=conID: 2 locID: 102670698688152224 bcsId: 0,size=4194304]} | ret=SUCCESS |  
2019-08-24 07:08:54,250 | INFO  | DNAudit | user=null | ip=null | op=WRITE_CHUNK {blockData=conID: 2 locID: 102670698688152224 bcsId: 4948} | ret=SUCCESS |  
2019-08-24 07:08:54,250 | INFO  | DNAudit | user=null | ip=null | op=PUT_BLOCK {blockData=[blockId=conID: 2 locID: 102670698688152224 bcsId: 0,size=4194304]} | ret=SUCCESS |  
2019-08-24 07:08:54,251 [grpc-default-executor-1] INFO  client.GrpcClientProtocolClient (GrpcClientProtocolClient.java:onNext(255)) - client-6EDD19400D46->06a4573b-67a1-41e3-a350-f896363bc636: receive RaftClientReply:client-6EDD19400D46->06a4573b-67a1-41e3-a350-f896363bc636@group-757E3781CD2A, cid=3298, SUCCESS, logIndex=0, commits[06a4573b-67a1-41e3-a350-f896363bc636:c4953, 0b725bbf-683b-4664-9a2e-3c9dd6e38bc1:c4952, 9193e3b7-ae04-484d-a740-c65c11559486:c4952]
2019-08-24 07:08:54,259 | INFO  | SCMAudit | user=jenkins1000 | ip=192.168.69.125 | op=ALLOCATE_BLOCK {owner=61bacca8-15b6-4a50-8962-5e9786b18b0d, size=4194304, type=RATIS, factor=THREE} | ret=SUCCESS |  
2019-08-24 07:08:54,264 | INFO  | OMAudit | user=jenkins1000 | ip=127.0.0.1 | op=ALLOCATE_BLOCK {volume=vol-0-26988, bucket=bucket-0-20739, key=key-0-27353, dataSize=0, replicationType=null, replicationFactor=null, keyLocationInfo=null, clientID=102670695851229586} | ret=SUCCESS |  
2019-08-24 07:08:54,271 | INFO  | DNAudit | user=null | ip=null | op=WRITE_CHUNK {blockData=conID: 3 locID: 102670698693198497 bcsId: 0} | ret=SUCCESS |  
2019-08-24 07:08:54,275 | INFO  | DNAudit | user=null | ip=null | op=WRITE_CHUNK {blockData=conID: 3 locID: 102670698693198497 bcsId: 0} | ret=SUCCESS |  
2019-08-24 07:08:54,276 | INFO  | DNAudit | user=null | ip=null | op=WRITE_CHUNK {blockData=conID: 3 locID: 102670698693198497 bcsId: 0} | ret=SUCCESS |  
2019-08-24 07:08:54,276 | INFO  | DNAudit | user=null | ip=null | op=WRITE_CHUNK {blockData=conID: 3 locID: 102670698693198497 bcsId: 0} | ret=SUCCESS |  
2019-08-24 07:08:54,278 | INFO  | DNAudit | user=null | ip=null | op=WRITE_CHUNK {blockData=conID: 3 locID: 102670698693198497 bcsId: 0} | ret=SUCCESS |  
2019-08-24 07:08:54,278 | INFO  | DNAudit | user=null | ip=null | op=WRITE_CHUNK {blockData=conID: 3 locID: 102670698693198497 bcsId: 0} | ret=SUCCESS |  
2019-08-24 07:08:54,284 | INFO  | DNAudit | user=null | ip=null | op=WRITE_CHUNK {blockData=conID: 3 locID: 102670698693198497 bcsId: 0} | ret=SUCCESS |  
2019-08-24 07:08:54,285 | INFO  | DNAudit | user=null | ip=null | op=PUT_BLOCK {blockData=[blockId=conID: 3 locID: 102670698693198497 bcsId: 0,size=1048576]} | ret=SUCCESS |  
2019-08-24 07:08:54,285 [grpc-default-executor-0] INFO  client.GrpcClientProtocolClient (GrpcClientProtocolClient.java:onNext(255)) - client-6EDD19400D46->06a4573b-67a1-41e3-a350-f896363bc636: receive RaftClientReply:client-6EDD19400D46->06a4573b-67a1-41e3-a350-f896363bc636@group-757E3781CD2A, cid=3299, SUCCESS, logIndex=4955, commits[06a4573b-67a1-41e3-a350-f896363bc636:c4956, 0b725bbf-683b-4664-9a2e-3c9dd6e38bc1:c4954, 9193e3b7-ae04-484d-a740-c65c11559486:c4954]
2019-08-24 07:08:54,285 | INFO  | DNAudit | user=null | ip=null | op=WRITE_CHUNK {blockData=conID: 3 locID: 102670698693198497 bcsId: 0} | ret=SUCCESS |  
2019-08-24 07:08:54,285 | INFO  | DNAudit | user=null | ip=null | op=WRITE_CHUNK {blockData=conID: 3 locID: 102670698693198497 bcsId: 0} | ret=SUCCESS |  
2019-08-24 07:08:54,285 [grpc-default-executor-0] INFO  client.GrpcClientProtocolClient (GrpcClientProtocolClient.java:onNext(255)) - client-6EDD19400D46->06a4573b-67a1-41e3-a350-f896363bc636: receive RaftClientReply:client-6EDD19400D46->06a4573b-67a1-41e3-a350-f896363bc636@group-757E3781CD2A, cid=3300, SUCCESS, logIndex=4956, commits[06a4573b-67a1-41e3-a350-f896363bc636:c4958, 0b725bbf-683b-4664-9a2e-3c9dd6e38bc1:c4954, 9193e3b7-ae04-484d-a740-c65c11559486:c4954]
2019-08-24 07:08:54,285 | INFO  | DNAudit | user=null | ip=null | op=PUT_BLOCK {blockData=[blockId=conID: 3 locID: 102670698693198497 bcsId: 0,size=2097152]} | ret=SUCCESS |  
2019-08-24 07:08:54,286 [grpc-default-executor-0] INFO  client.GrpcClientProtocolClient (GrpcClientProtocolClient.java:onNext(255)) - client-6EDD19400D46->06a4573b-67a1-41e3-a350-f896363bc636: receive RaftClientReply:client-6EDD19400D46->06a4573b-67a1-41e3-a350-f896363bc636@group-757E3781CD2A, cid=3301, SUCCESS, logIndex=4957, commits[06a4573b-67a1-41e3-a350-f896363bc636:c4959, 0b725bbf-683b-4664-9a2e-3c9dd6e38bc1:c4954, 9193e3b7-ae04-484d-a740-c65c11559486:c4955]
2019-08-24 07:08:54,286 | INFO  | DNAudit | user=null | ip=null | op=WRITE_CHUNK {blockData=conID: 3 locID: 102670698693198497 bcsId: 0} | ret=SUCCESS |  
2019-08-24 07:08:54,286 | INFO  | DNAudit | user=null | ip=null | op=PUT_BLOCK {blockData=[blockId=conID: 3 locID: 102670698693198497 bcsId: 0,size=1048576]} | ret=SUCCESS |  
2019-08-24 07:08:54,286 [grpc-default-executor-0] INFO  client.GrpcClientProtocolClient (GrpcClientProtocolClient.java:onNext(255)) - client-6EDD19400D46->06a4573b-67a1-41e3-a350-f896363bc636: receive RaftClientReply:client-6EDD19400D46->06a4573b-67a1-41e3-a350-f896363bc636@group-757E3781CD2A, cid=3302, SUCCESS, logIndex=4958, commits[06a4573b-67a1-41e3-a350-f896363bc636:c4959, 0b725bbf-683b-4664-9a2e-3c9dd6e38bc1:c4954, 9193e3b7-ae04-484d-a740-c65c11559486:c4955]
2019-08-24 07:08:54,286 | INFO  | DNAudit | user=null | ip=null | op=PUT_BLOCK {blockData=[blockId=conID: 3 locID: 102670698693198497 bcsId: 0,size=1048576]} | ret=SUCCESS |  
2019-08-24 07:08:54,286 | INFO  | DNAudit | user=null | ip=null | op=WRITE_CHUNK {blockData=conID: 3 locID: 102670698693198497 bcsId: 0} | ret=SUCCESS |  
2019-08-24 07:08:54,287 | INFO  | DNAudit | user=null | ip=null | op=PUT_BLOCK {blockData=[blockId=conID: 3 locID: 102670698693198497 bcsId: 0,size=2097152]} | ret=SUCCESS |  
2019-08-24 07:08:54,287 | INFO  | DNAudit | user=null | ip=null | op=WRITE_CHUNK {blockData=conID: 3 locID: 102670698693198497 bcsId: 0} | ret=SUCCESS |  
2019-08-24 07:08:54,287 [grpc-default-executor-0] INFO  client.GrpcClientProtocolClient (GrpcClientProtocolClient.java:onNext(255)) - client-6EDD19400D46->06a4573b-67a1-41e3-a350-f896363bc636: receive RaftClientReply:client-6EDD19400D46->06a4573b-67a1-41e3-a350-f896363bc636@group-757E3781CD2A, cid=3303, SUCCESS, logIndex=0, commits[06a4573b-67a1-41e3-a350-f896363bc636:c4961, 0b725bbf-683b-4664-9a2e-3c9dd6e38bc1:c4956, 9193e3b7-ae04-484d-a740-c65c11559486:c4958]
2019-08-24 07:08:54,287 | INFO  | DNAudit | user=null | ip=null | op=PUT_BLOCK {blockData=[blockId=conID: 3 locID: 102670698693198497 bcsId: 0,size=2097152]} | ret=SUCCESS |  
2019-08-24 07:08:54,294 | INFO  | DNAudit | user=null | ip=null | op=WRITE_CHUNK {blockData=conID: 3 locID: 102670698693198497 bcsId: 4958} | ret=SUCCESS |  
2019-08-24 07:08:54,297 | INFO  | DNAudit | user=null | ip=null | op=WRITE_CHUNK {blockData=conID: 3 locID: 102670698693198497 bcsId: 4958} | ret=SUCCESS |  
2019-08-24 07:08:54,297 | INFO  | DNAudit | user=null | ip=null | op=WRITE_CHUNK {blockData=conID: 3 locID: 102670698693198497 bcsId: 4958} | ret=SUCCESS |  
2019-08-24 07:08:54,306 | INFO  | DNAudit | user=null | ip=null | op=WRITE_CHUNK {blockData=conID: 3 locID: 102670698693198497 bcsId: 4958} | ret=SUCCESS |  
2019-08-24 07:08:54,307 | INFO  | DNAudit | user=null | ip=null | op=PUT_BLOCK {blockData=[blockId=conID: 3 locID: 102670698693198497 bcsId: 0,size=3145728]} | ret=SUCCESS |  
2019-08-24 07:08:54,307 [grpc-default-executor-0] INFO  client.GrpcClientProtocolClient (GrpcClientProtocolClient.java:onNext(255)) - client-6EDD19400D46->06a4573b-67a1-41e3-a350-f896363bc636: receive RaftClientReply:client-6EDD19400D46->06a4573b-67a1-41e3-a350-f896363bc636@group-757E3781CD2A, cid=3304, SUCCESS, logIndex=4962, commits[06a4573b-67a1-41e3-a350-f896363bc636:c4963, 0b725bbf-683b-4664-9a2e-3c9dd6e38bc1:c4961, 9193e3b7-ae04-484d-a740-c65c11559486:c4961]
2019-08-24 07:08:54,307 [grpc-default-executor-0] INFO  client.GrpcClientProtocolClient (GrpcClientProtocolClient.java:onNext(255)) - client-6EDD19400D46->06a4573b-67a1-41e3-a350-f896363bc636: receive RaftClientReply:client-6EDD19400D46->06a4573b-67a1-41e3-a350-f896363bc636@group-757E3781CD2A, cid=3305, SUCCESS, logIndex=4963, commits[06a4573b-67a1-41e3-a350-f896363bc636:c4963, 0b725bbf-683b-4664-9a2e-3c9dd6e38bc1:c4961, 9193e3b7-ae04-484d-a740-c65c11559486:c4961]
2019-08-24 07:08:54,314 | INFO  | DNAudit | user=null | ip=null | op=WRITE_CHUNK {blockData=conID: 3 locID: 102670698693198497 bcsId: 4963} | ret=SUCCESS |  
2019-08-24 07:08:54,316 | INFO  | DNAudit | user=null | ip=null | op=WRITE_CHUNK {blockData=conID: 3 locID: 102670698693198497 bcsId: 4963} | ret=SUCCESS |  
2019-08-24 07:08:54,317 | INFO  | DNAudit | user=null | ip=null | op=WRITE_CHUNK {blockData=conID: 3 locID: 102670698693198497 bcsId: 4963} | ret=SUCCESS |  
2019-08-24 07:08:54,318 | INFO  | DNAudit | user=null | ip=null | op=WRITE_CHUNK {blockData=conID: 3 locID: 102670698693198497 bcsId: 4958} | ret=SUCCESS |  
2019-08-24 07:08:54,318 | INFO  | DNAudit | user=null | ip=null | op=WRITE_CHUNK {blockData=conID: 3 locID: 102670698693198497 bcsId: 4958} | ret=SUCCESS |  
2019-08-24 07:08:54,319 | INFO  | DNAudit | user=null | ip=null | op=PUT_BLOCK {blockData=[blockId=conID: 3 locID: 102670698693198497 bcsId: 0,size=3145728]} | ret=SUCCESS |  
2019-08-24 07:08:54,319 | INFO  | DNAudit | user=null | ip=null | op=PUT_BLOCK {blockData=[blockId=conID: 3 locID: 102670698693198497 bcsId: 0,size=3145728]} | ret=SUCCESS |  
2019-08-24 07:08:54,319 | INFO  | DNAudit | user=null | ip=null | op=WRITE_CHUNK {blockData=conID: 3 locID: 102670698693198497 bcsId: 4963} | ret=SUCCESS |  
2019-08-24 07:08:54,320 | INFO  | DNAudit | user=null | ip=null | op=PUT_BLOCK {blockData=[blockId=conID: 3 locID: 102670698693198497 bcsId: 0,size=4194304]} | ret=SUCCESS |  
2019-08-24 07:08:54,320 [grpc-default-executor-5] INFO  client.GrpcClientProtocolClient (GrpcClientProtocolClient.java:onNext(255)) - client-6EDD19400D46->06a4573b-67a1-41e3-a350-f896363bc636: receive RaftClientReply:client-6EDD19400D46->06a4573b-67a1-41e3-a350-f896363bc636@group-757E3781CD2A, cid=3306, SUCCESS, logIndex=4966, commits[06a4573b-67a1-41e3-a350-f896363bc636:c4967, 0b725bbf-683b-4664-9a2e-3c9dd6e38bc1:c4963, 9193e3b7-ae04-484d-a740-c65c11559486:c4963]
2019-08-24 07:08:54,320 [grpc-default-executor-5] INFO  client.GrpcClientProtocolClient (GrpcClientProtocolClient.java:onNext(255)) - client-6EDD19400D46->06a4573b-67a1-41e3-a350-f896363bc636: receive RaftClientReply:client-6EDD19400D46->06a4573b-67a1-41e3-a350-f896363bc636@group-757E3781CD2A, cid=3307, SUCCESS, logIndex=4967, commits[06a4573b-67a1-41e3-a350-f896363bc636:c4967, 0b725bbf-683b-4664-9a2e-3c9dd6e38bc1:c4963, 9193e3b7-ae04-484d-a740-c65c11559486:c4963]
2019-08-24 07:08:54,331 | INFO  | DNAudit | user=null | ip=null | op=WRITE_CHUNK {blockData=conID: 3 locID: 102670698693198497 bcsId: 4963} | ret=SUCCESS |  
2019-08-24 07:08:54,331 | INFO  | DNAudit | user=null | ip=null | op=WRITE_CHUNK {blockData=conID: 3 locID: 102670698693198497 bcsId: 4963} | ret=SUCCESS |  
2019-08-24 07:08:54,333 | INFO  | DNAudit | user=null | ip=null | op=PUT_BLOCK {blockData=[blockId=conID: 3 locID: 102670698693198497 bcsId: 0,size=4194304]} | ret=SUCCESS |  
2019-08-24 07:08:54,333 | INFO  | DNAudit | user=null | ip=null | op=PUT_BLOCK {blockData=[blockId=conID: 3 locID: 102670698693198497 bcsId: 0,size=4194304]} | ret=SUCCESS |  
2019-08-24 07:08:54,334 [grpc-default-executor-2] INFO  client.GrpcClientProtocolClient (GrpcClientProtocolClient.java:onNext(255)) - client-6EDD19400D46->06a4573b-67a1-41e3-a350-f896363bc636: receive RaftClientReply:client-6EDD19400D46->06a4573b-67a1-41e3-a350-f896363bc636@group-757E3781CD2A, cid=3308, SUCCESS, logIndex=0, commits[06a4573b-67a1-41e3-a350-f896363bc636:c4968, 0b725bbf-683b-4664-9a2e-3c9dd6e38bc1:c4967, 9193e3b7-ae04-484d-a740-c65c11559486:c4967]
2019-08-24 07:08:54,341 | INFO  | SCMAudit | user=jenkins1000 | ip=192.168.69.125 | op=ALLOCATE_BLOCK {owner=61bacca8-15b6-4a50-8962-5e9786b18b0d, size=4194304, type=RATIS, factor=THREE} | ret=SUCCESS |  
2019-08-24 07:08:54,346 | INFO  | OMAudit | user=jenkins1000 | ip=127.0.0.1 | op=ALLOCATE_BLOCK {volume=vol-0-26988, bucket=bucket-0-20739, key=key-0-27353, dataSize=0, replicationType=null, replicationFactor=null, keyLocationInfo=null, clientID=102670695851229586} | ret=SUCCESS |  
2019-08-24 07:08:54,353 | INFO  | DNAudit | user=null | ip=null | op=WRITE_CHUNK {blockData=conID: 1 locID: 102670698698572450 bcsId: 0} | ret=SUCCESS |  
2019-08-24 07:08:54,356 | INFO  | DNAudit | user=null | ip=null | op=WRITE_CHUNK {blockData=conID: 1 locID: 102670698698572450 bcsId: 0} | ret=SUCCESS |  
2019-08-24 07:08:54,357 | INFO  | DNAudit | user=null | ip=null | op=WRITE_CHUNK {blockData=conID: 1 locID: 102670698698572450 bcsId: 0} | ret=SUCCESS |  
2019-08-24 07:08:54,357 | INFO  | DNAudit | user=null | ip=null | op=WRITE_CHUNK {blockData=conID: 1 locID: 102670698698572450 bcsId: 0} | ret=SUCCESS |  
2019-08-24 07:08:54,361 | INFO  | DNAudit | user=null | ip=null | op=WRITE_CHUNK {blockData=conID: 1 locID: 102670698698572450 bcsId: 0} | ret=SUCCESS |  
2019-08-24 07:08:54,361 | INFO  | DNAudit | user=null | ip=null | op=WRITE_CHUNK {blockData=conID: 1 locID: 102670698698572450 bcsId: 0} | ret=SUCCESS |  
2019-08-24 07:08:54,365 | INFO  | DNAudit | user=null | ip=null | op=WRITE_CHUNK {blockData=conID: 1 locID: 102670698698572450 bcsId: 0} | ret=SUCCESS |  
2019-08-24 07:08:54,366 | INFO  | DNAudit | user=null | ip=null | op=PUT_BLOCK {blockData=[blockId=conID: 1 locID: 102670698698572450 bcsId: 0,size=1048576]} | ret=SUCCESS |  
2019-08-24 07:08:54,366 [grpc-default-executor-5] INFO  client.GrpcClientProtocolClient (GrpcClientProtocolClient.java:onNext(255)) - client-6EDD19400D46->06a4573b-67a1-41e3-a350-f896363bc636: receive RaftClientReply:client-6EDD19400D46->06a4573b-67a1-41e3-a350-f896363bc636@group-757E3781CD2A, cid=3309, SUCCESS, logIndex=4970, commits[06a4573b-67a1-41e3-a350-f896363bc636:c4971, 0b725bbf-683b-4664-9a2e-3c9dd6e38bc1:c4969, 9193e3b7-ae04-484d-a740-c65c11559486:c4969]
2019-08-24 07:08:54,366 | INFO  | DNAudit | user=null | ip=null | op=WRITE_CHUNK {blockData=conID: 1 locID: 102670698698572450 bcsId: 0} | ret=SUCCESS |  
2019-08-24 07:08:54,367 | INFO  | DNAudit | user=null | ip=null | op=PUT_BLOCK {blockData=[blockId=conID: 1 locID: 102670698698572450 bcsId: 0,size=2097152]} | ret=SUCCESS |  
2019-08-24 07:08:54,367 [grpc-default-executor-0] INFO  client.GrpcClientProtocolClient (GrpcClientProtocolClient.java:onNext(255)) - client-6EDD19400D46->06a4573b-67a1-41e3-a350-f896363bc636: receive RaftClientReply:client-6EDD19400D46->06a4573b-67a1-41e3-a350-f896363bc636@group-757E3781CD2A, cid=3310, SUCCESS, logIndex=4971, commits[06a4573b-67a1-41e3-a350-f896363bc636:c4971, 0b725bbf-683b-4664-9a2e-3c9dd6e38bc1:c4969, 9193e3b7-ae04-484d-a740-c65c11559486:c4969]
2019-08-24 07:08:54,367 [grpc-default-executor-0] INFO  client.GrpcClientProtocolClient (GrpcClientProtocolClient.java:onNext(255)) - client-6EDD19400D46->06a4573b-67a1-41e3-a350-f896363bc636: receive RaftClientReply:client-6EDD19400D46->06a4573b-67a1-41e3-a350-f896363bc636@group-757E3781CD2A, cid=3311, SUCCESS, logIndex=4972, commits[06a4573b-67a1-41e3-a350-f896363bc636:c4973, 0b725bbf-683b-4664-9a2e-3c9dd6e38bc1:c4969, 9193e3b7-ae04-484d-a740-c65c11559486:c4969]
2019-08-24 07:08:54,367 [grpc-default-executor-0] INFO  client.GrpcClientProtocolClient (GrpcClientProtocolClient.java:onNext(255)) - client-6EDD19400D46->06a4573b-67a1-41e3-a350-f896363bc636: receive RaftClientReply:client-6EDD19400D46->06a4573b-67a1-41e3-a350-f896363bc636@group-757E3781CD2A, cid=3312, SUCCESS, logIndex=4973, commits[06a4573b-67a1-41e3-a350-f896363bc636:c4973, 0b725bbf-683b-4664-9a2e-3c9dd6e38bc1:c4969, 9193e3b7-ae04-484d-a740-c65c11559486:c4969]
2019-08-24 07:08:54,379 | INFO  | DNAudit | user=null | ip=null | op=WRITE_CHUNK {blockData=conID: 1 locID: 102670698698572450 bcsId: 0} | ret=SUCCESS |  
2019-08-24 07:08:54,380 | INFO  | DNAudit | user=null | ip=null | op=PUT_BLOCK {blockData=[blockId=conID: 1 locID: 102670698698572450 bcsId: 0,size=1048576]} | ret=SUCCESS |  
2019-08-24 07:08:54,380 | INFO  | DNAudit | user=null | ip=null | op=WRITE_CHUNK {blockData=conID: 1 locID: 102670698698572450 bcsId: 0} | ret=SUCCESS |  
2019-08-24 07:08:54,380 | INFO  | DNAudit | user=null | ip=null | op=PUT_BLOCK {blockData=[blockId=conID: 1 locID: 102670698698572450 bcsId: 0,size=1048576]} | ret=SUCCESS |  
2019-08-24 07:08:54,380 | INFO  | DNAudit | user=null | ip=null | op=WRITE_CHUNK {blockData=conID: 1 locID: 102670698698572450 bcsId: 0} | ret=SUCCESS |  
2019-08-24 07:08:54,380 | INFO  | DNAudit | user=null | ip=null | op=WRITE_CHUNK {blockData=conID: 1 locID: 102670698698572450 bcsId: 0} | ret=SUCCESS |  
2019-08-24 07:08:54,380 [grpc-default-executor-0] INFO  client.GrpcClientProtocolClient (GrpcClientProtocolClient.java:onNext(255)) - client-6EDD19400D46->06a4573b-67a1-41e3-a350-f896363bc636: receive RaftClientReply:client-6EDD19400D46->06a4573b-67a1-41e3-a350-f896363bc636@group-757E3781CD2A, cid=3313, SUCCESS, logIndex=0, commits[06a4573b-67a1-41e3-a350-f896363bc636:c4975, 0b725bbf-683b-4664-9a2e-3c9dd6e38bc1:c4971, 9193e3b7-ae04-484d-a740-c65c11559486:c4971]
2019-08-24 07:08:54,381 | INFO  | DNAudit | user=null | ip=null | op=PUT_BLOCK {blockData=[blockId=conID: 1 locID: 102670698698572450 bcsId: 0,size=2097152]} | ret=SUCCESS |  
2019-08-24 07:08:54,381 | INFO  | DNAudit | user=null | ip=null | op=PUT_BLOCK {blockData=[blockId=conID: 1 locID: 102670698698572450 bcsId: 0,size=2097152]} | ret=SUCCESS |  
2019-08-24 07:08:54,387 | INFO  | DNAudit | user=null | ip=null | op=WRITE_CHUNK {blockData=conID: 1 locID: 102670698698572450 bcsId: 4973} | ret=SUCCESS |  
2019-08-24 07:08:54,389 | INFO  | DNAudit | user=null | ip=null | op=WRITE_CHUNK {blockData=conID: 1 locID: 102670698698572450 bcsId: 4973} | ret=SUCCESS |  
2019-08-24 07:08:54,390 | INFO  | DNAudit | user=null | ip=null | op=WRITE_CHUNK {blockData=conID: 1 locID: 102670698698572450 bcsId: 4973} | ret=SUCCESS |  
2019-08-24 07:08:54,400 | INFO  | DNAudit | user=null | ip=null | op=WRITE_CHUNK {blockData=conID: 1 locID: 102670698698572450 bcsId: 4973} | ret=SUCCESS |  
2019-08-24 07:08:54,400 | INFO  | DNAudit | user=null | ip=null | op=PUT_BLOCK {blockData=[blockId=conID: 1 locID: 102670698698572450 bcsId: 0,size=3145728]} | ret=SUCCESS |  
2019-08-24 07:08:54,400 [grpc-default-executor-2] INFO  client.GrpcClientProtocolClient (GrpcClientProtocolClient.java:onNext(255)) - client-6EDD19400D46->06a4573b-67a1-41e3-a350-f896363bc636: receive RaftClientReply:client-6EDD19400D46->06a4573b-67a1-41e3-a350-f896363bc636@group-757E3781CD2A, cid=3314, SUCCESS, logIndex=4978, commits[06a4573b-67a1-41e3-a350-f896363bc636:c4978, 0b725bbf-683b-4664-9a2e-3c9dd6e38bc1:c4977, 9193e3b7-ae04-484d-a740-c65c11559486:c4977]
2019-08-24 07:08:54,401 [grpc-default-executor-2] INFO  client.GrpcClientProtocolClient (GrpcClientProtocolClient.java:onNext(255)) - client-6EDD19400D46->06a4573b-67a1-41e3-a350-f896363bc636: receive RaftClientReply:client-6EDD19400D46->06a4573b-67a1-41e3-a350-f896363bc636@group-757E3781CD2A, cid=3315, SUCCESS, logIndex=4979, commits[06a4573b-67a1-41e3-a350-f896363bc636:c4979, 0b725bbf-683b-4664-9a2e-3c9dd6e38bc1:c4977, 9193e3b7-ae04-484d-a740-c65c11559486:c4977]
2019-08-24 07:08:54,407 | INFO  | DNAudit | user=null | ip=null | op=WRITE_CHUNK {blockData=conID: 1 locID: 102670698698572450 bcsId: 4979} | ret=SUCCESS |  
2019-08-24 07:08:54,410 | INFO  | DNAudit | user=null | ip=null | op=WRITE_CHUNK {blockData=conID: 1 locID: 102670698698572450 bcsId: 4979} | ret=SUCCESS |  
2019-08-24 07:08:54,410 | INFO  | DNAudit | user=null | ip=null | op=WRITE_CHUNK {blockData=conID: 1 locID: 102670698698572450 bcsId: 4979} | ret=SUCCESS |  
2019-08-24 07:08:54,412 | INFO  | DNAudit | user=null | ip=null | op=WRITE_CHUNK {blockData=conID: 1 locID: 102670698698572450 bcsId: 4973} | ret=SUCCESS |  
2019-08-24 07:08:54,412 | INFO  | DNAudit | user=null | ip=null | op=WRITE_CHUNK {blockData=conID: 1 locID: 102670698698572450 bcsId: 4973} | ret=SUCCESS |  
2019-08-24 07:08:54,413 | INFO  | DNAudit | user=null | ip=null | op=PUT_BLOCK {blockData=[blockId=conID: 1 locID: 102670698698572450 bcsId: 0,size=3145728]} | ret=SUCCESS |  
2019-08-24 07:08:54,413 | INFO  | DNAudit | user=null | ip=null | op=PUT_BLOCK {blockData=[blockId=conID: 1 locID: 102670698698572450 bcsId: 0,size=3145728]} | ret=SUCCESS |  
2019-08-24 07:08:54,413 | INFO  | DNAudit | user=null | ip=null | op=WRITE_CHUNK {blockData=conID: 1 locID: 102670698698572450 bcsId: 4979} | ret=SUCCESS |  
2019-08-24 07:08:54,413 | INFO  | DNAudit | user=null | ip=null | op=PUT_BLOCK {blockData=[blockId=conID: 1 locID: 102670698698572450 bcsId: 0,size=4194304]} | ret=SUCCESS |  
2019-08-24 07:08:54,414 [grpc-default-executor-0] INFO  client.GrpcClientProtocolClient (GrpcClientProtocolClient.java:onNext(255)) - client-6EDD19400D46->06a4573b-67a1-41e3-a350-f896363bc636: receive RaftClientReply:client-6EDD19400D46->06a4573b-67a1-41e3-a350-f896363bc636@group-757E3781CD2A, cid=3316, SUCCESS, logIndex=4982, commits[06a4573b-67a1-41e3-a350-f896363bc636:c4983, 0b725bbf-683b-4664-9a2e-3c9dd6e38bc1:c4979, 9193e3b7-ae04-484d-a740-c65c11559486:c4979]
2019-08-24 07:08:54,414 [grpc-default-executor-0] INFO  client.GrpcClientProtocolClient (GrpcClientProtocolClient.java:onNext(255)) - client-6EDD19400D46->06a4573b-67a1-41e3-a350-f896363bc636: receive RaftClientReply:client-6EDD19400D46->06a4573b-67a1-41e3-a350-f896363bc636@group-757E3781CD2A, cid=3317, SUCCESS, logIndex=4983, commits[06a4573b-67a1-41e3-a350-f896363bc636:c4983, 0b725bbf-683b-4664-9a2e-3c9dd6e38bc1:c4979, 9193e3b7-ae04-484d-a740-c65c11559486:c4979]
2019-08-24 07:08:54,425 | INFO  | DNAudit | user=null | ip=null | op=WRITE_CHUNK {blockData=conID: 1 locID: 102670698698572450 bcsId: 4979} | ret=SUCCESS |  
2019-08-24 07:08:54,425 | INFO  | DNAudit | user=null | ip=null | op=WRITE_CHUNK {blockData=conID: 1 locID: 102670698698572450 bcsId: 4979} | ret=SUCCESS |  
2019-08-24 07:08:54,426 | INFO  | DNAudit | user=null | ip=null | op=PUT_BLOCK {blockData=[blockId=conID: 1 locID: 102670698698572450 bcsId: 0,size=4194304]} | ret=SUCCESS |  
2019-08-24 07:08:54,426 | INFO  | DNAudit | user=null | ip=null | op=PUT_BLOCK {blockData=[blockId=conID: 1 locID: 102670698698572450 bcsId: 0,size=4194304]} | ret=SUCCESS |  
2019-08-24 07:08:54,426 [grpc-default-executor-0] INFO  client.GrpcClientProtocolClient (GrpcClientProtocolClient.java:onNext(255)) - client-6EDD19400D46->06a4573b-67a1-41e3-a350-f896363bc636: receive RaftClientReply:client-6EDD19400D46->06a4573b-67a1-41e3-a350-f896363bc636@group-757E3781CD2A, cid=3318, SUCCESS, logIndex=0, commits[06a4573b-67a1-41e3-a350-f896363bc636:c4985, 0b725bbf-683b-4664-9a2e-3c9dd6e38bc1:c4983, 9193e3b7-ae04-484d-a740-c65c11559486:c4983]
2019-08-24 07:08:54,432 | INFO  | SCMAudit | user=jenkins1000 | ip=192.168.69.125 | op=ALLOCATE_BLOCK {owner=61bacca8-15b6-4a50-8962-5e9786b18b0d, size=4194304, type=RATIS, factor=THREE} | ret=SUCCESS |  
2019-08-24 07:08:54,435 | INFO  | OMAudit | user=jenkins1000 | ip=127.0.0.1 | op=ALLOCATE_BLOCK {volume=vol-0-26988, bucket=bucket-0-20739, key=key-0-27353, dataSize=0, replicationType=null, replicationFactor=null, keyLocationInfo=null, clientID=102670695851229586} | ret=SUCCESS |  
2019-08-24 07:08:54,441 | INFO  | DNAudit | user=null | ip=null | op=WRITE_CHUNK {blockData=conID: 2 locID: 102670698704470691 bcsId: 0} | ret=SUCCESS |  
2019-08-24 07:08:54,444 | INFO  | DNAudit | user=null | ip=null | op=WRITE_CHUNK {blockData=conID: 2 locID: 102670698704470691 bcsId: 0} | ret=SUCCESS |  
2019-08-24 07:08:54,445 | INFO  | DNAudit | user=null | ip=null | op=WRITE_CHUNK {blockData=conID: 2 locID: 102670698704470691 bcsId: 0} | ret=SUCCESS |  
2019-08-24 07:08:54,445 | INFO  | DNAudit | user=null | ip=null | op=WRITE_CHUNK {blockData=conID: 2 locID: 102670698704470691 bcsId: 0} | ret=SUCCESS |  
2019-08-24 07:08:54,447 | INFO  | DNAudit | user=null | ip=null | op=WRITE_CHUNK {blockData=conID: 2 locID: 102670698704470691 bcsId: 0} | ret=SUCCESS |  
2019-08-24 07:08:54,447 | INFO  | DNAudit | user=null | ip=null | op=WRITE_CHUNK {blockData=conID: 2 locID: 102670698704470691 bcsId: 0} | ret=SUCCESS |  
2019-08-24 07:08:54,454 | INFO  | DNAudit | user=null | ip=null | op=WRITE_CHUNK {blockData=conID: 2 locID: 102670698704470691 bcsId: 0} | ret=SUCCESS |  
2019-08-24 07:08:54,454 | INFO  | DNAudit | user=null | ip=null | op=PUT_BLOCK {blockData=[blockId=conID: 2 locID: 102670698704470691 bcsId: 0,size=1048576]} | ret=SUCCESS |  
2019-08-24 07:08:54,454 [grpc-default-executor-5] INFO  client.GrpcClientProtocolClient (GrpcClientProtocolClient.java:onNext(255)) - client-6EDD19400D46->06a4573b-67a1-41e3-a350-f896363bc636: receive RaftClientReply:client-6EDD19400D46->06a4573b-67a1-41e3-a350-f896363bc636@group-757E3781CD2A, cid=3319, SUCCESS, logIndex=4986, commits[06a4573b-67a1-41e3-a350-f896363bc636:c4987, 0b725bbf-683b-4664-9a2e-3c9dd6e38bc1:c4985, 9193e3b7-ae04-484d-a740-c65c11559486:c4985]
2019-08-24 07:08:54,455 | INFO  | DNAudit | user=null | ip=null | op=WRITE_CHUNK {blockData=conID: 2 locID: 102670698704470691 bcsId: 0} | ret=SUCCESS |  
2019-08-24 07:08:54,455 [grpc-default-executor-5] INFO  client.GrpcClientProtocolClient (GrpcClientProtocolClient.java:onNext(255)) - client-6EDD19400D46->06a4573b-67a1-41e3-a350-f896363bc636: receive RaftClientReply:client-6EDD19400D46->06a4573b-67a1-41e3-a350-f896363bc636@group-757E3781CD2A, cid=3320, SUCCESS, logIndex=4987, commits[06a4573b-67a1-41e3-a350-f896363bc636:c4987, 0b725bbf-683b-4664-9a2e-3c9dd6e38bc1:c4985, 9193e3b7-ae04-484d-a740-c65c11559486:c4985]
2019-08-24 07:08:54,455 | INFO  | DNAudit | user=null | ip=null | op=PUT_BLOCK {blockData=[blockId=conID: 2 locID: 102670698704470691 bcsId: 0,size=2097152]} | ret=SUCCESS |  
2019-08-24 07:08:54,455 [grpc-default-executor-5] INFO  client.GrpcClientProtocolClient (GrpcClientProtocolClient.java:onNext(255)) - client-6EDD19400D46->06a4573b-67a1-41e3-a350-f896363bc636: receive RaftClientReply:client-6EDD19400D46->06a4573b-67a1-41e3-a350-f896363bc636@group-757E3781CD2A, cid=3321, SUCCESS, logIndex=4988, commits[06a4573b-67a1-41e3-a350-f896363bc636:c4989, 0b725bbf-683b-4664-9a2e-3c9dd6e38bc1:c4985, 9193e3b7-ae04-484d-a740-c65c11559486:c4985]
2019-08-24 07:08:54,456 [grpc-default-executor-2] INFO  client.GrpcClientProtocolClient (GrpcClientProtocolClient.java:onNext(255)) - client-6EDD19400D46->06a4573b-67a1-41e3-a350-f896363bc636: receive RaftClientReply:client-6EDD19400D46->06a4573b-67a1-41e3-a350-f896363bc636@group-757E3781CD2A, cid=3322, SUCCESS, logIndex=4989, commits[06a4573b-67a1-41e3-a350-f896363bc636:c4989, 0b725bbf-683b-4664-9a2e-3c9dd6e38bc1:c4985, 9193e3b7-ae04-484d-a740-c65c11559486:c4985]
2019-08-24 07:08:54,456 | INFO  | DNAudit | user=null | ip=null | op=WRITE_CHUNK {blockData=conID: 2 locID: 102670698704470691 bcsId: 0} | ret=SUCCESS |  
2019-08-24 07:08:54,456 | INFO  | DNAudit | user=null | ip=null | op=PUT_BLOCK {blockData=[blockId=conID: 2 locID: 102670698704470691 bcsId: 0,size=1048576]} | ret=SUCCESS |  
2019-08-24 07:08:54,457 | INFO  | DNAudit | user=null | ip=null | op=WRITE_CHUNK {blockData=conID: 2 locID: 102670698704470691 bcsId: 0} | ret=SUCCESS |  
2019-08-24 07:08:54,457 | INFO  | DNAudit | user=null | ip=null | op=WRITE_CHUNK {blockData=conID: 2 locID: 102670698704470691 bcsId: 0} | ret=SUCCESS |  
2019-08-24 07:08:54,457 | INFO  | DNAudit | user=null | ip=null | op=PUT_BLOCK {blockData=[blockId=conID: 2 locID: 102670698704470691 bcsId: 0,size=2097152]} | ret=SUCCESS |  
2019-08-24 07:08:54,457 | INFO  | DNAudit | user=null | ip=null | op=PUT_BLOCK {blockData=[blockId=conID: 2 locID: 102670698704470691 bcsId: 0,size=1048576]} | ret=SUCCESS |  
2019-08-24 07:08:54,458 | INFO  | DNAudit | user=null | ip=null | op=WRITE_CHUNK {blockData=conID: 2 locID: 102670698704470691 bcsId: 0} | ret=SUCCESS |  
2019-08-24 07:08:54,458 | INFO  | DNAudit | user=null | ip=null | op=PUT_BLOCK {blockData=[blockId=conID: 2 locID: 102670698704470691 bcsId: 0,size=2097152]} | ret=SUCCESS |  
2019-08-24 07:08:54,458 [grpc-default-executor-2] INFO  client.GrpcClientProtocolClient (GrpcClientProtocolClient.java:onNext(255)) - client-6EDD19400D46->06a4573b-67a1-41e3-a350-f896363bc636: receive RaftClientReply:client-6EDD19400D46->06a4573b-67a1-41e3-a350-f896363bc636@group-757E3781CD2A, cid=3323, SUCCESS, logIndex=0, commits[06a4573b-67a1-41e3-a350-f896363bc636:c4993, 0b725bbf-683b-4664-9a2e-3c9dd6e38bc1:c4987, 9193e3b7-ae04-484d-a740-c65c11559486:c4989]
2019-08-24 07:08:54,463 | INFO  | DNAudit | user=null | ip=null | op=WRITE_CHUNK {blockData=conID: 2 locID: 102670698704470691 bcsId: 4989} | ret=SUCCESS |  
2019-08-24 07:08:54,466 | INFO  | DNAudit | user=null | ip=null | op=WRITE_CHUNK {blockData=conID: 2 locID: 102670698704470691 bcsId: 4989} | ret=SUCCESS |  
2019-08-24 07:08:54,467 | INFO  | DNAudit | user=null | ip=null | op=WRITE_CHUNK {blockData=conID: 2 locID: 102670698704470691 bcsId: 4989} | ret=SUCCESS |  
2019-08-24 07:08:54,480 | INFO  | DNAudit | user=null | ip=null | op=WRITE_CHUNK {blockData=conID: 2 locID: 102670698704470691 bcsId: 4989} | ret=SUCCESS |  
2019-08-24 07:08:54,480 | INFO  | DNAudit | user=null | ip=null | op=PUT_BLOCK {blockData=[blockId=conID: 2 locID: 102670698704470691 bcsId: 0,size=3145728]} | ret=SUCCESS |  
2019-08-24 07:08:54,480 [grpc-default-executor-0] INFO  client.GrpcClientProtocolClient (GrpcClientProtocolClient.java:onNext(255)) - client-6EDD19400D46->06a4573b-67a1-41e3-a350-f896363bc636: receive RaftClientReply:client-6EDD19400D46->06a4573b-67a1-41e3-a350-f896363bc636@group-757E3781CD2A, cid=3324, SUCCESS, logIndex=4994, commits[06a4573b-67a1-41e3-a350-f896363bc636:c4995, 0b725bbf-683b-4664-9a2e-3c9dd6e38bc1:c4993, 9193e3b7-ae04-484d-a740-c65c11559486:c4993]
2019-08-24 07:08:54,481 [grpc-default-executor-0] INFO  client.GrpcClientProtocolClient (GrpcClientProtocolClient.java:onNext(255)) - client-6EDD19400D46->06a4573b-67a1-41e3-a350-f896363bc636: receive RaftClientReply:client-6EDD19400D46->06a4573b-67a1-41e3-a350-f896363bc636@group-757E3781CD2A, cid=3325, SUCCESS, logIndex=4995, commits[06a4573b-67a1-41e3-a350-f896363bc636:c4995, 0b725bbf-683b-4664-9a2e-3c9dd6e38bc1:c4993, 9193e3b7-ae04-484d-a740-c65c11559486:c4993]
2019-08-24 07:08:54,487 | INFO  | DNAudit | user=null | ip=null | op=WRITE_CHUNK {blockData=conID: 2 locID: 102670698704470691 bcsId: 4995} | ret=SUCCESS |  
2019-08-24 07:08:54,490 | INFO  | DNAudit | user=null | ip=null | op=WRITE_CHUNK {blockData=conID: 2 locID: 102670698704470691 bcsId: 4995} | ret=SUCCESS |  
2019-08-24 07:08:54,491 | INFO  | DNAudit | user=null | ip=null | op=WRITE_CHUNK {blockData=conID: 2 locID: 102670698704470691 bcsId: 4995} | ret=SUCCESS |  
2019-08-24 07:08:54,491 | INFO  | DNAudit | user=null | ip=null | op=WRITE_CHUNK {blockData=conID: 2 locID: 102670698704470691 bcsId: 4989} | ret=SUCCESS |  
2019-08-24 07:08:54,492 | INFO  | DNAudit | user=null | ip=null | op=WRITE_CHUNK {blockData=conID: 2 locID: 102670698704470691 bcsId: 4989} | ret=SUCCESS |  
2019-08-24 07:08:54,493 | INFO  | DNAudit | user=null | ip=null | op=PUT_BLOCK {blockData=[blockId=conID: 2 locID: 102670698704470691 bcsId: 0,size=3145728]} | ret=SUCCESS |  
2019-08-24 07:08:54,493 | INFO  | DNAudit | user=null | ip=null | op=PUT_BLOCK {blockData=[blockId=conID: 2 locID: 102670698704470691 bcsId: 0,size=3145728]} | ret=SUCCESS |  
2019-08-24 07:08:54,493 | INFO  | DNAudit | user=null | ip=null | op=WRITE_CHUNK {blockData=conID: 2 locID: 102670698704470691 bcsId: 4995} | ret=SUCCESS |  
2019-08-24 07:08:54,494 | INFO  | DNAudit | user=null | ip=null | op=PUT_BLOCK {blockData=[blockId=conID: 2 locID: 102670698704470691 bcsId: 0,size=4194304]} | ret=SUCCESS |  
2019-08-24 07:08:54,494 [grpc-default-executor-2] INFO  client.GrpcClientProtocolClient (GrpcClientProtocolClient.java:onNext(255)) - client-6EDD19400D46->06a4573b-67a1-41e3-a350-f896363bc636: receive RaftClientReply:client-6EDD19400D46->06a4573b-67a1-41e3-a350-f896363bc636@group-757E3781CD2A, cid=3326, SUCCESS, logIndex=4998, commits[06a4573b-67a1-41e3-a350-f896363bc636:c4999, 0b725bbf-683b-4664-9a2e-3c9dd6e38bc1:c4995, 9193e3b7-ae04-484d-a740-c65c11559486:c4995]
2019-08-24 07:08:54,494 [grpc-default-executor-2] INFO  client.GrpcClientProtocolClient (GrpcClientProtocolClient.java:onNext(255)) - client-6EDD19400D46->06a4573b-67a1-41e3-a350-f896363bc636: receive RaftClientReply:client-6EDD19400D46->06a4573b-67a1-41e3-a350-f896363bc636@group-757E3781CD2A, cid=3327, SUCCESS, logIndex=4999, commits[06a4573b-67a1-41e3-a350-f896363bc636:c4999, 0b725bbf-683b-4664-9a2e-3c9dd6e38bc1:c4995, 9193e3b7-ae04-484d-a740-c65c11559486:c4995]
2019-08-24 07:08:54,505 | INFO  | DNAudit | user=null | ip=null | op=WRITE_CHUNK {blockData=conID: 2 locID: 102670698704470691 bcsId: 4995} | ret=SUCCESS |  
2019-08-24 07:08:54,505 | INFO  | DNAudit | user=null | ip=null | op=WRITE_CHUNK {blockData=conID: 2 locID: 102670698704470691 bcsId: 4995} | ret=SUCCESS |  
2019-08-24 07:08:54,506 | INFO  | DNAudit | user=null | ip=null | op=PUT_BLOCK {blockData=[blockId=conID: 2 locID: 102670698704470691 bcsId: 0,size=4194304]} | ret=SUCCESS |  
2019-08-24 07:08:54,506 | INFO  | DNAudit | user=null | ip=null | op=PUT_BLOCK {blockData=[blockId=conID: 2 locID: 102670698704470691 bcsId: 0,size=4194304]} | ret=SUCCESS |  
2019-08-24 07:08:54,507 [grpc-default-executor-2] INFO  client.GrpcClientProtocolClient (GrpcClientProtocolClient.java:onNext(255)) - client-6EDD19400D46->06a4573b-67a1-41e3-a350-f896363bc636: receive RaftClientReply:client-6EDD19400D46->06a4573b-67a1-41e3-a350-f896363bc636@group-757E3781CD2A, cid=3328, SUCCESS, logIndex=0, commits[06a4573b-67a1-41e3-a350-f896363bc636:c5001, 0b725bbf-683b-4664-9a2e-3c9dd6e38bc1:c4999, 9193e3b7-ae04-484d-a740-c65c11559486:c4999]
2019-08-24 07:08:54,513 | INFO  | SCMAudit | user=jenkins1000 | ip=192.168.69.125 | op=ALLOCATE_BLOCK {owner=61bacca8-15b6-4a50-8962-5e9786b18b0d, size=4194304, type=RATIS, factor=THREE} | ret=SUCCESS |  
2019-08-24 07:08:54,518 | INFO  | OMAudit | user=jenkins1000 | ip=127.0.0.1 | op=ALLOCATE_BLOCK {volume=vol-0-26988, bucket=bucket-0-20739, key=key-0-27353, dataSize=0, replicationType=null, replicationFactor=null, keyLocationInfo=null, clientID=102670695851229586} | ret=SUCCESS |  
2019-08-24 07:08:54,525 | INFO  | DNAudit | user=null | ip=null | op=WRITE_CHUNK {blockData=conID: 3 locID: 102670698709844644 bcsId: 0} | ret=SUCCESS |  
2019-08-24 07:08:54,528 | INFO  | DNAudit | user=null | ip=null | op=WRITE_CHUNK {blockData=conID: 3 locID: 102670698709844644 bcsId: 0} | ret=SUCCESS |  
2019-08-24 07:08:54,529 | INFO  | DNAudit | user=null | ip=null | op=WRITE_CHUNK {blockData=conID: 3 locID: 102670698709844644 bcsId: 0} | ret=SUCCESS |  
2019-08-24 07:08:54,529 | INFO  | DNAudit | user=null | ip=null | op=WRITE_CHUNK {blockData=conID: 3 locID: 102670698709844644 bcsId: 0} | ret=SUCCESS |  
2019-08-24 07:08:54,531 | INFO  | DNAudit | user=null | ip=null | op=WRITE_CHUNK {blockData=conID: 3 locID: 102670698709844644 bcsId: 0} | ret=SUCCESS |  
2019-08-24 07:08:54,532 | INFO  | DNAudit | user=null | ip=null | op=WRITE_CHUNK {blockData=conID: 3 locID: 102670698709844644 bcsId: 0} | ret=SUCCESS |  
2019-08-24 07:08:54,538 | INFO  | DNAudit | user=null | ip=null | op=WRITE_CHUNK {blockData=conID: 3 locID: 102670698709844644 bcsId: 0} | ret=SUCCESS |  
2019-08-24 07:08:54,538 | INFO  | DNAudit | user=null | ip=null | op=PUT_BLOCK {blockData=[blockId=conID: 3 locID: 102670698709844644 bcsId: 0,size=1048576]} | ret=SUCCESS |  
2019-08-24 07:08:54,539 [grpc-default-executor-5] INFO  client.GrpcClientProtocolClient (GrpcClientProtocolClient.java:onNext(255)) - client-6EDD19400D46->06a4573b-67a1-41e3-a350-f896363bc636: receive RaftClientReply:client-6EDD19400D46->06a4573b-67a1-41e3-a350-f896363bc636@group-757E3781CD2A, cid=3329, SUCCESS, logIndex=5002, commits[06a4573b-67a1-41e3-a350-f896363bc636:c5003, 0b725bbf-683b-4664-9a2e-3c9dd6e38bc1:c5001, 9193e3b7-ae04-484d-a740-c65c11559486:c5001]
2019-08-24 07:08:54,539 | INFO  | DNAudit | user=null | ip=null | op=WRITE_CHUNK {blockData=conID: 3 locID: 102670698709844644 bcsId: 0} | ret=SUCCESS |  
2019-08-24 07:08:54,539 [grpc-default-executor-5] INFO  client.GrpcClientProtocolClient (GrpcClientProtocolClient.java:onNext(255)) - client-6EDD19400D46->06a4573b-67a1-41e3-a350-f896363bc636: receive RaftClientReply:client-6EDD19400D46->06a4573b-67a1-41e3-a350-f896363bc636@group-757E3781CD2A, cid=3330, SUCCESS, logIndex=5003, commits[06a4573b-67a1-41e3-a350-f896363bc636:c5003, 0b725bbf-683b-4664-9a2e-3c9dd6e38bc1:c5001, 9193e3b7-ae04-484d-a740-c65c11559486:c5001]
2019-08-24 07:08:54,539 | INFO  | DNAudit | user=null | ip=null | op=PUT_BLOCK {blockData=[blockId=conID: 3 locID: 102670698709844644 bcsId: 0,size=2097152]} | ret=SUCCESS |  
2019-08-24 07:08:54,540 [grpc-default-executor-0] INFO  client.GrpcClientProtocolClient (GrpcClientProtocolClient.java:onNext(255)) - client-6EDD19400D46->06a4573b-67a1-41e3-a350-f896363bc636: receive RaftClientReply:client-6EDD19400D46->06a4573b-67a1-41e3-a350-f896363bc636@group-757E3781CD2A, cid=3331, SUCCESS, logIndex=5004, commits[06a4573b-67a1-41e3-a350-f896363bc636:c5005, 0b725bbf-683b-4664-9a2e-3c9dd6e38bc1:c5001, 9193e3b7-ae04-484d-a740-c65c11559486:c5001]
2019-08-24 07:08:54,540 | INFO  | DNAudit | user=null | ip=null | op=WRITE_CHUNK {blockData=conID: 3 locID: 102670698709844644 bcsId: 0} | ret=SUCCESS |  
2019-08-24 07:08:54,540 | INFO  | DNAudit | user=null | ip=null | op=PUT_BLOCK {blockData=[blockId=conID: 3 locID: 102670698709844644 bcsId: 0,size=1048576]} | ret=SUCCESS |  
2019-08-24 07:08:54,540 [grpc-default-executor-5] INFO  client.GrpcClientProtocolClient (GrpcClientProtocolClient.java:onNext(255)) - client-6EDD19400D46->06a4573b-67a1-41e3-a350-f896363bc636: receive RaftClientReply:client-6EDD19400D46->06a4573b-67a1-41e3-a350-f896363bc636@group-757E3781CD2A, cid=3332, SUCCESS, logIndex=5005, commits[06a4573b-67a1-41e3-a350-f896363bc636:c5005, 0b725bbf-683b-4664-9a2e-3c9dd6e38bc1:c5001, 9193e3b7-ae04-484d-a740-c65c11559486:c5001]
2019-08-24 07:08:54,541 | INFO  | DNAudit | user=null | ip=null | op=WRITE_CHUNK {blockData=conID: 3 locID: 102670698709844644 bcsId: 0} | ret=SUCCESS |  
2019-08-24 07:08:54,541 | INFO  | DNAudit | user=null | ip=null | op=PUT_BLOCK {blockData=[blockId=conID: 3 locID: 102670698709844644 bcsId: 0,size=2097152]} | ret=SUCCESS |  
2019-08-24 07:08:54,541 | INFO  | DNAudit | user=null | ip=null | op=WRITE_CHUNK {blockData=conID: 3 locID: 102670698709844644 bcsId: 0} | ret=SUCCESS |  
2019-08-24 07:08:54,541 | INFO  | DNAudit | user=null | ip=null | op=PUT_BLOCK {blockData=[blockId=conID: 3 locID: 102670698709844644 bcsId: 0,size=1048576]} | ret=SUCCESS |  
2019-08-24 07:08:54,542 | INFO  | DNAudit | user=null | ip=null | op=WRITE_CHUNK {blockData=conID: 3 locID: 102670698709844644 bcsId: 0} | ret=SUCCESS |  
2019-08-24 07:08:54,542 | INFO  | DNAudit | user=null | ip=null | op=PUT_BLOCK {blockData=[blockId=conID: 3 locID: 102670698709844644 bcsId: 0,size=2097152]} | ret=SUCCESS |  
2019-08-24 07:08:54,542 [grpc-default-executor-5] INFO  client.GrpcClientProtocolClient (GrpcClientProtocolClient.java:onNext(255)) - client-6EDD19400D46->06a4573b-67a1-41e3-a350-f896363bc636: receive RaftClientReply:client-6EDD19400D46->06a4573b-67a1-41e3-a350-f896363bc636@group-757E3781CD2A, cid=3333, SUCCESS, logIndex=0, commits[06a4573b-67a1-41e3-a350-f896363bc636:c5009, 0b725bbf-683b-4664-9a2e-3c9dd6e38bc1:c5003, 9193e3b7-ae04-484d-a740-c65c11559486:c5005]
2019-08-24 07:08:54,547 | INFO  | DNAudit | user=null | ip=null | op=WRITE_CHUNK {blockData=conID: 3 locID: 102670698709844644 bcsId: 5005} | ret=SUCCESS |  
2019-08-24 07:08:54,551 | INFO  | DNAudit | user=null | ip=null | op=WRITE_CHUNK {blockData=conID: 3 locID: 102670698709844644 bcsId: 5005} | ret=SUCCESS |  
2019-08-24 07:08:54,551 | INFO  | DNAudit | user=null | ip=null | op=WRITE_CHUNK {blockData=conID: 3 locID: 102670698709844644 bcsId: 5005} | ret=SUCCESS |  
2019-08-24 07:08:54,560 | INFO  | DNAudit | user=null | ip=null | op=WRITE_CHUNK {blockData=conID: 3 locID: 102670698709844644 bcsId: 5005} | ret=SUCCESS |  
2019-08-24 07:08:54,560 | INFO  | DNAudit | user=null | ip=null | op=PUT_BLOCK {blockData=[blockId=conID: 3 locID: 102670698709844644 bcsId: 0,size=3145728]} | ret=SUCCESS |  
2019-08-24 07:08:54,560 [grpc-default-executor-0] INFO  client.GrpcClientProtocolClient (GrpcClientProtocolClient.java:onNext(255)) - client-6EDD19400D46->06a4573b-67a1-41e3-a350-f896363bc636: receive RaftClientReply:client-6EDD19400D46->06a4573b-67a1-41e3-a350-f896363bc636@group-757E3781CD2A, cid=3334, SUCCESS, logIndex=5010, commits[06a4573b-67a1-41e3-a350-f896363bc636:c5011, 0b725bbf-683b-4664-9a2e-3c9dd6e38bc1:c5009, 9193e3b7-ae04-484d-a740-c65c11559486:c5009]
2019-08-24 07:08:54,561 [grpc-default-executor-0] INFO  client.GrpcClientProtocolClient (GrpcClientProtocolClient.java:onNext(255)) - client-6EDD19400D46->06a4573b-67a1-41e3-a350-f896363bc636: receive RaftClientReply:client-6EDD19400D46->06a4573b-67a1-41e3-a350-f896363bc636@group-757E3781CD2A, cid=3335, SUCCESS, logIndex=5011, commits[06a4573b-67a1-41e3-a350-f896363bc636:c5011, 0b725bbf-683b-4664-9a2e-3c9dd6e38bc1:c5009, 9193e3b7-ae04-484d-a740-c65c11559486:c5009]
2019-08-24 07:08:54,566 | INFO  | DNAudit | user=null | ip=null | op=WRITE_CHUNK {blockData=conID: 3 locID: 102670698709844644 bcsId: 5011} | ret=SUCCESS |  
2019-08-24 07:08:54,570 | INFO  | DNAudit | user=null | ip=null | op=WRITE_CHUNK {blockData=conID: 3 locID: 102670698709844644 bcsId: 5011} | ret=SUCCESS |  
2019-08-24 07:08:54,570 | INFO  | DNAudit | user=null | ip=null | op=WRITE_CHUNK {blockData=conID: 3 locID: 102670698709844644 bcsId: 5011} | ret=SUCCESS |  
2019-08-24 07:08:54,571 | INFO  | DNAudit | user=null | ip=null | op=WRITE_CHUNK {blockData=conID: 3 locID: 102670698709844644 bcsId: 5005} | ret=SUCCESS |  
2019-08-24 07:08:54,571 | INFO  | DNAudit | user=null | ip=null | op=WRITE_CHUNK {blockData=conID: 3 locID: 102670698709844644 bcsId: 5005} | ret=SUCCESS |  
2019-08-24 07:08:54,572 | INFO  | DNAudit | user=null | ip=null | op=PUT_BLOCK {blockData=[blockId=conID: 3 locID: 102670698709844644 bcsId: 0,size=3145728]} | ret=SUCCESS |  
2019-08-24 07:08:54,572 | INFO  | DNAudit | user=null | ip=null | op=PUT_BLOCK {blockData=[blockId=conID: 3 locID: 102670698709844644 bcsId: 0,size=3145728]} | ret=SUCCESS |  
2019-08-24 07:08:54,573 | INFO  | DNAudit | user=null | ip=null | op=WRITE_CHUNK {blockData=conID: 3 locID: 102670698709844644 bcsId: 5011} | ret=SUCCESS |  
2019-08-24 07:08:54,573 | INFO  | DNAudit | user=null | ip=null | op=PUT_BLOCK {blockData=[blockId=conID: 3 locID: 102670698709844644 bcsId: 0,size=4194304]} | ret=SUCCESS |  
2019-08-24 07:08:54,574 [grpc-default-executor-2] INFO  client.GrpcClientProtocolClient (GrpcClientProtocolClient.java:onNext(255)) - client-6EDD19400D46->06a4573b-67a1-41e3-a350-f896363bc636: receive RaftClientReply:client-6EDD19400D46->06a4573b-67a1-41e3-a350-f896363bc636@group-757E3781CD2A, cid=3336, SUCCESS, logIndex=5014, commits[06a4573b-67a1-41e3-a350-f896363bc636:c5015, 0b725bbf-683b-4664-9a2e-3c9dd6e38bc1:c5011, 9193e3b7-ae04-484d-a740-c65c11559486:c5011]
2019-08-24 07:08:54,574 [grpc-default-executor-2] INFO  client.GrpcClientProtocolClient (GrpcClientProtocolClient.java:onNext(255)) - client-6EDD19400D46->06a4573b-67a1-41e3-a350-f896363bc636: receive RaftClientReply:client-6EDD19400D46->06a4573b-67a1-41e3-a350-f896363bc636@group-757E3781CD2A, cid=3337, SUCCESS, logIndex=5015, commits[06a4573b-67a1-41e3-a350-f896363bc636:c5015, 0b725bbf-683b-4664-9a2e-3c9dd6e38bc1:c5011, 9193e3b7-ae04-484d-a740-c65c11559486:c5011]
2019-08-24 07:08:54,585 | INFO  | DNAudit | user=null | ip=null | op=WRITE_CHUNK {blockData=conID: 3 locID: 102670698709844644 bcsId: 5011} | ret=SUCCESS |  
2019-08-24 07:08:54,585 | INFO  | DNAudit | user=null | ip=null | op=WRITE_CHUNK {blockData=conID: 3 locID: 102670698709844644 bcsId: 5011} | ret=SUCCESS |  
2019-08-24 07:08:54,585 | INFO  | DNAudit | user=null | ip=null | op=PUT_BLOCK {blockData=[blockId=conID: 3 locID: 102670698709844644 bcsId: 0,size=4194304]} | ret=SUCCESS |  
2019-08-24 07:08:54,586 | INFO  | DNAudit | user=null | ip=null | op=PUT_BLOCK {blockData=[blockId=conID: 3 locID: 102670698709844644 bcsId: 0,size=4194304]} | ret=SUCCESS |  
2019-08-24 07:08:54,587 [grpc-default-executor-2] INFO  client.GrpcClientProtocolClient (GrpcClientProtocolClient.java:onNext(255)) - client-6EDD19400D46->06a4573b-67a1-41e3-a350-f896363bc636: receive RaftClientReply:client-6EDD19400D46->06a4573b-67a1-41e3-a350-f896363bc636@group-757E3781CD2A, cid=3338, SUCCESS, logIndex=0, commits[06a4573b-67a1-41e3-a350-f896363bc636:c5017, 0b725bbf-683b-4664-9a2e-3c9dd6e38bc1:c5015, 9193e3b7-ae04-484d-a740-c65c11559486:c5015]
2019-08-24 07:08:54,594 | INFO  | SCMAudit | user=jenkins1000 | ip=192.168.69.125 | op=ALLOCATE_BLOCK {owner=61bacca8-15b6-4a50-8962-5e9786b18b0d, size=4194304, type=RATIS, factor=THREE} | ret=SUCCESS |  
2019-08-24 07:08:54,600 | INFO  | OMAudit | user=jenkins1000 | ip=127.0.0.1 | op=ALLOCATE_BLOCK {volume=vol-0-26988, bucket=bucket-0-20739, key=key-0-27353, dataSize=0, replicationType=null, replicationFactor=null, keyLocationInfo=null, clientID=102670695851229586} | ret=SUCCESS |  
2019-08-24 07:08:54,607 | INFO  | DNAudit | user=null | ip=null | op=WRITE_CHUNK {blockData=conID: 1 locID: 102670698715153061 bcsId: 0} | ret=SUCCESS |  
2019-08-24 07:08:54,610 | INFO  | DNAudit | user=null | ip=null | op=WRITE_CHUNK {blockData=conID: 1 locID: 102670698715153061 bcsId: 0} | ret=SUCCESS |  
2019-08-24 07:08:54,611 | INFO  | DNAudit | user=null | ip=null | op=WRITE_CHUNK {blockData=conID: 1 locID: 102670698715153061 bcsId: 0} | ret=SUCCESS |  
2019-08-24 07:08:54,611 | INFO  | DNAudit | user=null | ip=null | op=WRITE_CHUNK {blockData=conID: 1 locID: 102670698715153061 bcsId: 0} | ret=SUCCESS |  
2019-08-24 07:08:54,613 | INFO  | DNAudit | user=null | ip=null | op=WRITE_CHUNK {blockData=conID: 1 locID: 102670698715153061 bcsId: 0} | ret=SUCCESS |  
2019-08-24 07:08:54,614 | INFO  | DNAudit | user=null | ip=null | op=WRITE_CHUNK {blockData=conID: 1 locID: 102670698715153061 bcsId: 0} | ret=SUCCESS |  
2019-08-24 07:08:54,622 | INFO  | DNAudit | user=null | ip=null | op=WRITE_CHUNK {blockData=conID: 1 locID: 102670698715153061 bcsId: 0} | ret=SUCCESS |  
2019-08-24 07:08:54,622 | INFO  | DNAudit | user=null | ip=null | op=PUT_BLOCK {blockData=[blockId=conID: 1 locID: 102670698715153061 bcsId: 0,size=1048576]} | ret=SUCCESS |  
2019-08-24 07:08:54,623 [grpc-default-executor-2] INFO  client.GrpcClientProtocolClient (GrpcClientProtocolClient.java:onNext(255)) - client-6EDD19400D46->06a4573b-67a1-41e3-a350-f896363bc636: receive RaftClientReply:client-6EDD19400D46->06a4573b-67a1-41e3-a350-f896363bc636@group-757E3781CD2A, cid=3339, SUCCESS, logIndex=5018, commits[06a4573b-67a1-41e3-a350-f896363bc636:c5019, 0b725bbf-683b-4664-9a2e-3c9dd6e38bc1:c5017, 9193e3b7-ae04-484d-a740-c65c11559486:c5017]
2019-08-24 07:08:54,623 [grpc-default-executor-0] INFO  client.GrpcClientProtocolClient (GrpcClientProtocolClient.java:onNext(255)) - client-6EDD19400D46->06a4573b-67a1-41e3-a350-f896363bc636: receive RaftClientReply:client-6EDD19400D46->06a4573b-67a1-41e3-a350-f896363bc636@group-757E3781CD2A, cid=3340, SUCCESS, logIndex=5019, commits[06a4573b-67a1-41e3-a350-f896363bc636:c5019, 0b725bbf-683b-4664-9a2e-3c9dd6e38bc1:c5017, 9193e3b7-ae04-484d-a740-c65c11559486:c5017]
2019-08-24 07:08:54,624 | INFO  | DNAudit | user=null | ip=null | op=WRITE_CHUNK {blockData=conID: 1 locID: 102670698715153061 bcsId: 0} | ret=SUCCESS |  
2019-08-24 07:08:54,624 | INFO  | DNAudit | user=null | ip=null | op=PUT_BLOCK {blockData=[blockId=conID: 1 locID: 102670698715153061 bcsId: 0,size=2097152]} | ret=SUCCESS |  
2019-08-24 07:08:54,624 [grpc-default-executor-2] INFO  client.GrpcClientProtocolClient (GrpcClientProtocolClient.java:onNext(255)) - client-6EDD19400D46->06a4573b-67a1-41e3-a350-f896363bc636: receive RaftClientReply:client-6EDD19400D46->06a4573b-67a1-41e3-a350-f896363bc636@group-757E3781CD2A, cid=3341, SUCCESS, logIndex=5020, commits[06a4573b-67a1-41e3-a350-f896363bc636:c5021, 0b725bbf-683b-4664-9a2e-3c9dd6e38bc1:c5017, 9193e3b7-ae04-484d-a740-c65c11559486:c5017]
2019-08-24 07:08:54,625 [grpc-default-executor-2] INFO  client.GrpcClientProtocolClient (GrpcClientProtocolClient.java:onNext(255)) - client-6EDD19400D46->06a4573b-67a1-41e3-a350-f896363bc636: receive RaftClientReply:client-6EDD19400D46->06a4573b-67a1-41e3-a350-f896363bc636@group-757E3781CD2A, cid=3342, SUCCESS, logIndex=5021, commits[06a4573b-67a1-41e3-a350-f896363bc636:c5021, 0b725bbf-683b-4664-9a2e-3c9dd6e38bc1:c5017, 9193e3b7-ae04-484d-a740-c65c11559486:c5017]
2019-08-24 07:08:54,625 | INFO  | DNAudit | user=null | ip=null | op=WRITE_CHUNK {blockData=conID: 1 locID: 102670698715153061 bcsId: 0} | ret=SUCCESS |  
2019-08-24 07:08:54,626 | INFO  | DNAudit | user=null | ip=null | op=PUT_BLOCK {blockData=[blockId=conID: 1 locID: 102670698715153061 bcsId: 0,size=1048576]} | ret=SUCCESS |  
2019-08-24 07:08:54,626 | INFO  | DNAudit | user=null | ip=null | op=WRITE_CHUNK {blockData=conID: 1 locID: 102670698715153061 bcsId: 0} | ret=SUCCESS |  
2019-08-24 07:08:54,627 | INFO  | DNAudit | user=null | ip=null | op=PUT_BLOCK {blockData=[blockId=conID: 1 locID: 102670698715153061 bcsId: 0,size=1048576]} | ret=SUCCESS |  
2019-08-24 07:08:54,627 | INFO  | DNAudit | user=null | ip=null | op=WRITE_CHUNK {blockData=conID: 1 locID: 102670698715153061 bcsId: 0} | ret=SUCCESS |  
2019-08-24 07:08:54,627 | INFO  | DNAudit | user=null | ip=null | op=WRITE_CHUNK {blockData=conID: 1 locID: 102670698715153061 bcsId: 0} | ret=SUCCESS |  
2019-08-24 07:08:54,627 [grpc-default-executor-2] INFO  client.GrpcClientProtocolClient (GrpcClientProtocolClient.java:onNext(255)) - client-6EDD19400D46->06a4573b-67a1-41e3-a350-f896363bc636: receive RaftClientReply:client-6EDD19400D46->06a4573b-67a1-41e3-a350-f896363bc636@group-757E3781CD2A, cid=3343, SUCCESS, logIndex=0, commits[06a4573b-67a1-41e3-a350-f896363bc636:c5023, 0b725bbf-683b-4664-9a2e-3c9dd6e38bc1:c5019, 9193e3b7-ae04-484d-a740-c65c11559486:c5019]
2019-08-24 07:08:54,627 | INFO  | DNAudit | user=null | ip=null | op=PUT_BLOCK {blockData=[blockId=conID: 1 locID: 102670698715153061 bcsId: 0,size=2097152]} | ret=SUCCESS |  
2019-08-24 07:08:54,627 | INFO  | DNAudit | user=null | ip=null | op=PUT_BLOCK {blockData=[blockId=conID: 1 locID: 102670698715153061 bcsId: 0,size=2097152]} | ret=SUCCESS |  
2019-08-24 07:08:54,634 | INFO  | DNAudit | user=null | ip=null | op=WRITE_CHUNK {blockData=conID: 1 locID: 102670698715153061 bcsId: 5021} | ret=SUCCESS |  
2019-08-24 07:08:54,637 | INFO  | DNAudit | user=null | ip=null | op=WRITE_CHUNK {blockData=conID: 1 locID: 102670698715153061 bcsId: 5021} | ret=SUCCESS |  
2019-08-24 07:08:54,637 | INFO  | DNAudit | user=null | ip=null | op=WRITE_CHUNK {blockData=conID: 1 locID: 102670698715153061 bcsId: 5021} | ret=SUCCESS |  
2019-08-24 07:08:54,647 | INFO  | DNAudit | user=null | ip=null | op=WRITE_CHUNK {blockData=conID: 1 locID: 102670698715153061 bcsId: 5021} | ret=SUCCESS |  
2019-08-24 07:08:54,647 | INFO  | DNAudit | user=null | ip=null | op=PUT_BLOCK {blockData=[blockId=conID: 1 locID: 102670698715153061 bcsId: 0,size=3145728]} | ret=SUCCESS |  
2019-08-24 07:08:54,647 [grpc-default-executor-0] INFO  client.GrpcClientProtocolClient (GrpcClientProtocolClient.java:onNext(255)) - client-6EDD19400D46->06a4573b-67a1-41e3-a350-f896363bc636: receive RaftClientReply:client-6EDD19400D46->06a4573b-67a1-41e3-a350-f896363bc636@group-757E3781CD2A, cid=3344, SUCCESS, logIndex=5026, commits[06a4573b-67a1-41e3-a350-f896363bc636:c5027, 0b725bbf-683b-4664-9a2e-3c9dd6e38bc1:c5025, 9193e3b7-ae04-484d-a740-c65c11559486:c5025]
2019-08-24 07:08:54,648 [grpc-default-executor-0] INFO  client.GrpcClientProtocolClient (GrpcClientProtocolClient.java:onNext(255)) - client-6EDD19400D46->06a4573b-67a1-41e3-a350-f896363bc636: receive RaftClientReply:client-6EDD19400D46->06a4573b-67a1-41e3-a350-f896363bc636@group-757E3781CD2A, cid=3345, SUCCESS, logIndex=5027, commits[06a4573b-67a1-41e3-a350-f896363bc636:c5027, 0b725bbf-683b-4664-9a2e-3c9dd6e38bc1:c5025, 9193e3b7-ae04-484d-a740-c65c11559486:c5025]
2019-08-24 07:08:54,654 | INFO  | DNAudit | user=null | ip=null | op=WRITE_CHUNK {blockData=conID: 1 locID: 102670698715153061 bcsId: 5027} | ret=SUCCESS |  
2019-08-24 07:08:54,657 | INFO  | DNAudit | user=null | ip=null | op=WRITE_CHUNK {blockData=conID: 1 locID: 102670698715153061 bcsId: 5027} | ret=SUCCESS |  
2019-08-24 07:08:54,658 | INFO  | DNAudit | user=null | ip=null | op=WRITE_CHUNK {blockData=conID: 1 locID: 102670698715153061 bcsId: 5027} | ret=SUCCESS |  
2019-08-24 07:08:54,658 | INFO  | DNAudit | user=null | ip=null | op=WRITE_CHUNK {blockData=conID: 1 locID: 102670698715153061 bcsId: 5021} | ret=SUCCESS |  
2019-08-24 07:08:54,658 | INFO  | DNAudit | user=null | ip=null | op=WRITE_CHUNK {blockData=conID: 1 locID: 102670698715153061 bcsId: 5021} | ret=SUCCESS |  
2019-08-24 07:08:54,659 | INFO  | DNAudit | user=null | ip=null | op=PUT_BLOCK {blockData=[blockId=conID: 1 locID: 102670698715153061 bcsId: 0,size=3145728]} | ret=SUCCESS |  
2019-08-24 07:08:54,660 | INFO  | DNAudit | user=null | ip=null | op=PUT_BLOCK {blockData=[blockId=conID: 1 locID: 102670698715153061 bcsId: 0,size=3145728]} | ret=SUCCESS |  
2019-08-24 07:08:54,660 | INFO  | DNAudit | user=null | ip=null | op=WRITE_CHUNK {blockData=conID: 1 locID: 102670698715153061 bcsId: 5027} | ret=SUCCESS |  
2019-08-24 07:08:54,661 | INFO  | DNAudit | user=null | ip=null | op=PUT_BLOCK {blockData=[blockId=conID: 1 locID: 102670698715153061 bcsId: 0,size=4194304]} | ret=SUCCESS |  
2019-08-24 07:08:54,661 [grpc-default-executor-2] INFO  client.GrpcClientProtocolClient (GrpcClientProtocolClient.java:onNext(255)) - client-6EDD19400D46->06a4573b-67a1-41e3-a350-f896363bc636: receive RaftClientReply:client-6EDD19400D46->06a4573b-67a1-41e3-a350-f896363bc636@group-757E3781CD2A, cid=3346, SUCCESS, logIndex=5030, commits[06a4573b-67a1-41e3-a350-f896363bc636:c5030, 0b725bbf-683b-4664-9a2e-3c9dd6e38bc1:c5027, 9193e3b7-ae04-484d-a740-c65c11559486:c5027]
2019-08-24 07:08:54,661 [grpc-default-executor-2] INFO  client.GrpcClientProtocolClient (GrpcClientProtocolClient.java:onNext(255)) - client-6EDD19400D46->06a4573b-67a1-41e3-a350-f896363bc636: receive RaftClientReply:client-6EDD19400D46->06a4573b-67a1-41e3-a350-f896363bc636@group-757E3781CD2A, cid=3347, SUCCESS, logIndex=5031, commits[06a4573b-67a1-41e3-a350-f896363bc636:c5031, 0b725bbf-683b-4664-9a2e-3c9dd6e38bc1:c5027, 9193e3b7-ae04-484d-a740-c65c11559486:c5027]
2019-08-24 07:08:54,672 | INFO  | DNAudit | user=null | ip=null | op=WRITE_CHUNK {blockData=conID: 1 locID: 102670698715153061 bcsId: 5027} | ret=SUCCESS |  
2019-08-24 07:08:54,672 | INFO  | DNAudit | user=null | ip=null | op=WRITE_CHUNK {blockData=conID: 1 locID: 102670698715153061 bcsId: 5027} | ret=SUCCESS |  
2019-08-24 07:08:54,673 | INFO  | DNAudit | user=null | ip=null | op=PUT_BLOCK {blockData=[blockId=conID: 1 locID: 102670698715153061 bcsId: 0,size=4194304]} | ret=SUCCESS |  
2019-08-24 07:08:54,673 | INFO  | DNAudit | user=null | ip=null | op=PUT_BLOCK {blockData=[blockId=conID: 1 locID: 102670698715153061 bcsId: 0,size=4194304]} | ret=SUCCESS |  
2019-08-24 07:08:54,674 [grpc-default-executor-2] INFO  client.GrpcClientProtocolClient (GrpcClientProtocolClient.java:onNext(255)) - client-6EDD19400D46->06a4573b-67a1-41e3-a350-f896363bc636: receive RaftClientReply:client-6EDD19400D46->06a4573b-67a1-41e3-a350-f896363bc636@group-757E3781CD2A, cid=3348, SUCCESS, logIndex=0, commits[06a4573b-67a1-41e3-a350-f896363bc636:c5033, 0b725bbf-683b-4664-9a2e-3c9dd6e38bc1:c5031, 9193e3b7-ae04-484d-a740-c65c11559486:c5031]
2019-08-24 07:08:54,844 | INFO  | SCMAudit | user=jenkins1000 | ip=192.168.69.125 | op=ALLOCATE_BLOCK {owner=61bacca8-15b6-4a50-8962-5e9786b18b0d, size=4194304, type=RATIS, factor=THREE} | ret=SUCCESS |  
2019-08-24 07:08:54,850 | INFO  | OMAudit | user=jenkins1000 | ip=127.0.0.1 | op=ALLOCATE_BLOCK {volume=vol-0-26988, bucket=bucket-0-20739, key=key-0-27353, dataSize=0, replicationType=null, replicationFactor=null, keyLocationInfo=null, clientID=102670695851229586} | ret=SUCCESS |  
2019-08-24 07:08:54,855 | INFO  | SCMAudit | user=jenkins1000 | ip=192.168.69.125 | op=SEND_HEARTBEAT {datanodeUUID=0b725bbf-683b-4664-9a2e-3c9dd6e38bc1, command=[]} | ret=SUCCESS |  
 0.00% |█                                                                                                    |  0/1 Time: 0:00:432019-08-24 07:08:54,857 | INFO  | SCMAudit | user=jenkins1000 | ip=192.168.69.125 | op=SEND_HEARTBEAT {datanodeUUID=9193e3b7-ae04-484d-a740-c65c11559486, command=[]} | ret=SUCCESS |  
2019-08-24 07:08:54,857 | INFO  | SCMAudit | user=jenkins1000 | ip=192.168.69.125 | op=SEND_HEARTBEAT {datanodeUUID=25ce0803-6f34-4c69-82c0-892f08679042, command=[]} | ret=SUCCESS |  
2019-08-24 07:08:54,858 | INFO  | SCMAudit | user=jenkins1000 | ip=192.168.69.125 | op=SEND_HEARTBEAT {datanodeUUID=06a4573b-67a1-41e3-a350-f896363bc636, command=[]} | ret=SUCCESS |  
2019-08-24 07:08:54,866 | INFO  | SCMAudit | user=jenkins1000 | ip=192.168.69.125 | op=SEND_HEARTBEAT {datanodeUUID=b8548da6-9cc6-46be-8dd4-5219531f5960, command=[]} | ret=SUCCESS |  
2019-08-24 07:08:54,868 | INFO  | DNAudit | user=null | ip=null | op=WRITE_CHUNK {blockData=conID: 2 locID: 102670698731537062 bcsId: 0} | ret=SUCCESS |  
2019-08-24 07:08:54,873 | INFO  | DNAudit | user=null | ip=null | op=WRITE_CHUNK {blockData=conID: 2 locID: 102670698731537062 bcsId: 0} | ret=SUCCESS |  
2019-08-24 07:08:54,873 | INFO  | DNAudit | user=null | ip=null | op=WRITE_CHUNK {blockData=conID: 2 locID: 102670698731537062 bcsId: 0} | ret=SUCCESS |  
2019-08-24 07:08:54,873 | INFO  | DNAudit | user=null | ip=null | op=WRITE_CHUNK {blockData=conID: 2 locID: 102670698731537062 bcsId: 0} | ret=SUCCESS |  
2019-08-24 07:08:54,877 | INFO  | DNAudit | user=null | ip=null | op=WRITE_CHUNK {blockData=conID: 2 locID: 102670698731537062 bcsId: 0} | ret=SUCCESS |  
2019-08-24 07:08:54,877 | INFO  | DNAudit | user=null | ip=null | op=WRITE_CHUNK {blockData=conID: 2 locID: 102670698731537062 bcsId: 0} | ret=SUCCESS |  
2019-08-24 07:08:54,881 | INFO  | DNAudit | user=null | ip=null | op=WRITE_CHUNK {blockData=conID: 2 locID: 102670698731537062 bcsId: 0} | ret=SUCCESS |  
2019-08-24 07:08:54,882 | INFO  | DNAudit | user=null | ip=null | op=PUT_BLOCK {blockData=[blockId=conID: 2 locID: 102670698731537062 bcsId: 0,size=1048576]} | ret=SUCCESS |  
2019-08-24 07:08:54,882 | INFO  | DNAudit | user=null | ip=null | op=WRITE_CHUNK {blockData=conID: 2 locID: 102670698731537062 bcsId: 0} | ret=SUCCESS |  
2019-08-24 07:08:54,882 [grpc-default-executor-5] INFO  client.GrpcClientProtocolClient (GrpcClientProtocolClient.java:onNext(255)) - client-6EDD19400D46->06a4573b-67a1-41e3-a350-f896363bc636: receive RaftClientReply:client-6EDD19400D46->06a4573b-67a1-41e3-a350-f896363bc636@group-757E3781CD2A, cid=3349, SUCCESS, logIndex=5034, commits[06a4573b-67a1-41e3-a350-f896363bc636:c5035, 0b725bbf-683b-4664-9a2e-3c9dd6e38bc1:c5033, 9193e3b7-ae04-484d-a740-c65c11559486:c5033]
2019-08-24 07:08:54,882 | INFO  | DNAudit | user=null | ip=null | op=PUT_BLOCK {blockData=[blockId=conID: 2 locID: 102670698731537062 bcsId: 0,size=2097152]} | ret=SUCCESS |  
2019-08-24 07:08:54,883 | INFO  | DNAudit | user=null | ip=null | op=WRITE_CHUNK {blockData=conID: 2 locID: 102670698731537062 bcsId: 0} | ret=SUCCESS |  
2019-08-24 07:08:54,883 [grpc-default-executor-0] INFO  client.GrpcClientProtocolClient (GrpcClientProtocolClient.java:onNext(255)) - client-6EDD19400D46->06a4573b-67a1-41e3-a350-f896363bc636: receive RaftClientReply:client-6EDD19400D46->06a4573b-67a1-41e3-a350-f896363bc636@group-757E3781CD2A, cid=3350, SUCCESS, logIndex=5035, commits[06a4573b-67a1-41e3-a350-f896363bc636:c5037, 0b725bbf-683b-4664-9a2e-3c9dd6e38bc1:c5033, 9193e3b7-ae04-484d-a740-c65c11559486:c5033]
2019-08-24 07:08:54,884 | INFO  | DNAudit | user=null | ip=null | op=WRITE_CHUNK {blockData=conID: 2 locID: 102670698731537062 bcsId: 0} | ret=SUCCESS |  
2019-08-24 07:08:54,883 [grpc-default-executor-5] INFO  client.GrpcClientProtocolClient (GrpcClientProtocolClient.java:onNext(255)) - client-6EDD19400D46->06a4573b-67a1-41e3-a350-f896363bc636: receive RaftClientReply:client-6EDD19400D46->06a4573b-67a1-41e3-a350-f896363bc636@group-757E3781CD2A, cid=3351, SUCCESS, logIndex=5036, commits[06a4573b-67a1-41e3-a350-f896363bc636:c5037, 0b725bbf-683b-4664-9a2e-3c9dd6e38bc1:c5033, 9193e3b7-ae04-484d-a740-c65c11559486:c5033]
2019-08-24 07:08:54,884 | INFO  | DNAudit | user=null | ip=null | op=PUT_BLOCK {blockData=[blockId=conID: 2 locID: 102670698731537062 bcsId: 0,size=1048576]} | ret=SUCCESS |  
2019-08-24 07:08:54,884 [grpc-default-executor-5] INFO  client.GrpcClientProtocolClient (GrpcClientProtocolClient.java:onNext(255)) - client-6EDD19400D46->06a4573b-67a1-41e3-a350-f896363bc636: receive RaftClientReply:client-6EDD19400D46->06a4573b-67a1-41e3-a350-f896363bc636@group-757E3781CD2A, cid=3352, SUCCESS, logIndex=5037, commits[06a4573b-67a1-41e3-a350-f896363bc636:c5037, 0b725bbf-683b-4664-9a2e-3c9dd6e38bc1:c5033, 9193e3b7-ae04-484d-a740-c65c11559486:c5033]
2019-08-24 07:08:54,884 | INFO  | DNAudit | user=null | ip=null | op=WRITE_CHUNK {blockData=conID: 2 locID: 102670698731537062 bcsId: 0} | ret=SUCCESS |  
2019-08-24 07:08:54,884 | INFO  | DNAudit | user=null | ip=null | op=PUT_BLOCK {blockData=[blockId=conID: 2 locID: 102670698731537062 bcsId: 0,size=2097152]} | ret=SUCCESS |  
2019-08-24 07:08:54,884 | INFO  | DNAudit | user=null | ip=null | op=PUT_BLOCK {blockData=[blockId=conID: 2 locID: 102670698731537062 bcsId: 0,size=1048576]} | ret=SUCCESS |  
2019-08-24 07:08:54,885 | INFO  | DNAudit | user=null | ip=null | op=WRITE_CHUNK {blockData=conID: 2 locID: 102670698731537062 bcsId: 0} | ret=SUCCESS |  
2019-08-24 07:08:54,885 | INFO  | DNAudit | user=null | ip=null | op=PUT_BLOCK {blockData=[blockId=conID: 2 locID: 102670698731537062 bcsId: 0,size=2097152]} | ret=SUCCESS |  
2019-08-24 07:08:54,885 [grpc-default-executor-2] INFO  client.GrpcClientProtocolClient (GrpcClientProtocolClient.java:onNext(255)) - client-6EDD19400D46->06a4573b-67a1-41e3-a350-f896363bc636: receive RaftClientReply:client-6EDD19400D46->06a4573b-67a1-41e3-a350-f896363bc636@group-757E3781CD2A, cid=3353, SUCCESS, logIndex=0, commits[06a4573b-67a1-41e3-a350-f896363bc636:c5041, 0b725bbf-683b-4664-9a2e-3c9dd6e38bc1:c5037, 9193e3b7-ae04-484d-a740-c65c11559486:c5035]
2019-08-24 07:08:54,893 | INFO  | DNAudit | user=null | ip=null | op=WRITE_CHUNK {blockData=conID: 2 locID: 102670698731537062 bcsId: 5037} | ret=SUCCESS |  
2019-08-24 07:08:54,897 | INFO  | DNAudit | user=null | ip=null | op=WRITE_CHUNK {blockData=conID: 2 locID: 102670698731537062 bcsId: 5037} | ret=SUCCESS |  
2019-08-24 07:08:54,897 | INFO  | DNAudit | user=null | ip=null | op=WRITE_CHUNK {blockData=conID: 2 locID: 102670698731537062 bcsId: 5037} | ret=SUCCESS |  
2019-08-24 07:08:54,905 | INFO  | DNAudit | user=null | ip=null | op=WRITE_CHUNK {blockData=conID: 2 locID: 102670698731537062 bcsId: 5037} | ret=SUCCESS |  
2019-08-24 07:08:54,906 | INFO  | DNAudit | user=null | ip=null | op=PUT_BLOCK {blockData=[blockId=conID: 2 locID: 102670698731537062 bcsId: 0,size=3145728]} | ret=SUCCESS |  
2019-08-24 07:08:54,906 [grpc-default-executor-2] INFO  client.GrpcClientProtocolClient (GrpcClientProtocolClient.java:onNext(255)) - client-6EDD19400D46->06a4573b-67a1-41e3-a350-f896363bc636: receive RaftClientReply:client-6EDD19400D46->06a4573b-67a1-41e3-a350-f896363bc636@group-757E3781CD2A, cid=3354, SUCCESS, logIndex=5042, commits[06a4573b-67a1-41e3-a350-f896363bc636:c5043, 0b725bbf-683b-4664-9a2e-3c9dd6e38bc1:c5041, 9193e3b7-ae04-484d-a740-c65c11559486:c5041]
2019-08-24 07:08:54,906 [grpc-default-executor-2] INFO  client.GrpcClientProtocolClient (GrpcClientProtocolClient.java:onNext(255)) - client-6EDD19400D46->06a4573b-67a1-41e3-a350-f896363bc636: receive RaftClientReply:client-6EDD19400D46->06a4573b-67a1-41e3-a350-f896363bc636@group-757E3781CD2A, cid=3355, SUCCESS, logIndex=5043, commits[06a4573b-67a1-41e3-a350-f896363bc636:c5043, 0b725bbf-683b-4664-9a2e-3c9dd6e38bc1:c5041, 9193e3b7-ae04-484d-a740-c65c11559486:c5041]
2019-08-24 07:08:54,914 | INFO  | DNAudit | user=null | ip=null | op=WRITE_CHUNK {blockData=conID: 2 locID: 102670698731537062 bcsId: 5043} | ret=SUCCESS |  
2019-08-24 07:08:54,916 | INFO  | DNAudit | user=null | ip=null | op=WRITE_CHUNK {blockData=conID: 2 locID: 102670698731537062 bcsId: 5037} | ret=SUCCESS |  
2019-08-24 07:08:54,916 | INFO  | DNAudit | user=null | ip=null | op=WRITE_CHUNK {blockData=conID: 2 locID: 102670698731537062 bcsId: 5037} | ret=SUCCESS |  
2019-08-24 07:08:54,917 | INFO  | DNAudit | user=null | ip=null | op=WRITE_CHUNK {blockData=conID: 2 locID: 102670698731537062 bcsId: 5043} | ret=SUCCESS |  
2019-08-24 07:08:54,918 | INFO  | DNAudit | user=null | ip=null | op=WRITE_CHUNK {blockData=conID: 2 locID: 102670698731537062 bcsId: 5043} | ret=SUCCESS |  
2019-08-24 07:08:54,929 | INFO  | DNAudit | user=null | ip=null | op=PUT_BLOCK {blockData=[blockId=conID: 2 locID: 102670698731537062 bcsId: 0,size=3145728]} | ret=SUCCESS |  
2019-08-24 07:08:54,929 | INFO  | DNAudit | user=null | ip=null | op=WRITE_CHUNK {blockData=conID: 2 locID: 102670698731537062 bcsId: 5043} | ret=SUCCESS |  
2019-08-24 07:08:54,929 | INFO  | DNAudit | user=null | ip=null | op=PUT_BLOCK {blockData=[blockId=conID: 2 locID: 102670698731537062 bcsId: 0,size=3145728]} | ret=SUCCESS |  
2019-08-24 07:08:54,930 | INFO  | DNAudit | user=null | ip=null | op=PUT_BLOCK {blockData=[blockId=conID: 2 locID: 102670698731537062 bcsId: 0,size=4194304]} | ret=SUCCESS |  
2019-08-24 07:08:54,930 [grpc-default-executor-2] INFO  client.GrpcClientProtocolClient (GrpcClientProtocolClient.java:onNext(255)) - client-6EDD19400D46->06a4573b-67a1-41e3-a350-f896363bc636: receive RaftClientReply:client-6EDD19400D46->06a4573b-67a1-41e3-a350-f896363bc636@group-757E3781CD2A, cid=3356, SUCCESS, logIndex=5046, commits[06a4573b-67a1-41e3-a350-f896363bc636:c5047, 0b725bbf-683b-4664-9a2e-3c9dd6e38bc1:c5042, 9193e3b7-ae04-484d-a740-c65c11559486:c5043]
2019-08-24 07:08:54,930 [grpc-default-executor-2] INFO  client.GrpcClientProtocolClient (GrpcClientProtocolClient.java:onNext(255)) - client-6EDD19400D46->06a4573b-67a1-41e3-a350-f896363bc636: receive RaftClientReply:client-6EDD19400D46->06a4573b-67a1-41e3-a350-f896363bc636@group-757E3781CD2A, cid=3357, SUCCESS, logIndex=5047, commits[06a4573b-67a1-41e3-a350-f896363bc636:c5047, 0b725bbf-683b-4664-9a2e-3c9dd6e38bc1:c5043, 9193e3b7-ae04-484d-a740-c65c11559486:c5043]
2019-08-24 07:08:54,931 | INFO  | DNAudit | user=null | ip=null | op=WRITE_CHUNK {blockData=conID: 2 locID: 102670698731537062 bcsId: 5043} | ret=SUCCESS |  
2019-08-24 07:08:54,931 | INFO  | DNAudit | user=null | ip=null | op=WRITE_CHUNK {blockData=conID: 2 locID: 102670698731537062 bcsId: 5043} | ret=SUCCESS |  
2019-08-24 07:08:54,932 | INFO  | DNAudit | user=null | ip=null | op=PUT_BLOCK {blockData=[blockId=conID: 2 locID: 102670698731537062 bcsId: 0,size=4194304]} | ret=SUCCESS |  
2019-08-24 07:08:54,932 | INFO  | DNAudit | user=null | ip=null | op=PUT_BLOCK {blockData=[blockId=conID: 2 locID: 102670698731537062 bcsId: 0,size=4194304]} | ret=SUCCESS |  
2019-08-24 07:08:54,932 [grpc-default-executor-0] INFO  client.GrpcClientProtocolClient (GrpcClientProtocolClient.java:onNext(255)) - client-6EDD19400D46->06a4573b-67a1-41e3-a350-f896363bc636: receive RaftClientReply:client-6EDD19400D46->06a4573b-67a1-41e3-a350-f896363bc636@group-757E3781CD2A, cid=3358, SUCCESS, logIndex=0, commits[06a4573b-67a1-41e3-a350-f896363bc636:c5049, 0b725bbf-683b-4664-9a2e-3c9dd6e38bc1:c5047, 9193e3b7-ae04-484d-a740-c65c11559486:c5047]
2019-08-24 07:08:54,939 | INFO  | SCMAudit | user=jenkins1000 | ip=192.168.69.125 | op=ALLOCATE_BLOCK {owner=61bacca8-15b6-4a50-8962-5e9786b18b0d, size=4194304, type=RATIS, factor=THREE} | ret=SUCCESS |  
2019-08-24 07:08:54,943 | INFO  | OMAudit | user=jenkins1000 | ip=127.0.0.1 | op=ALLOCATE_BLOCK {volume=vol-0-26988, bucket=bucket-0-20739, key=key-0-27353, dataSize=0, replicationType=null, replicationFactor=null, keyLocationInfo=null, clientID=102670695851229586} | ret=SUCCESS |  
2019-08-24 07:08:54,950 | INFO  | DNAudit | user=null | ip=null | op=WRITE_CHUNK {blockData=conID: 3 locID: 102670698737762983 bcsId: 0} | ret=SUCCESS |  
2019-08-24 07:08:54,953 | INFO  | DNAudit | user=null | ip=null | op=WRITE_CHUNK {blockData=conID: 3 locID: 102670698737762983 bcsId: 0} | ret=SUCCESS |  
2019-08-24 07:08:54,954 | INFO  | DNAudit | user=null | ip=null | op=WRITE_CHUNK {blockData=conID: 3 locID: 102670698737762983 bcsId: 0} | ret=SUCCESS |  
2019-08-24 07:08:54,954 | INFO  | DNAudit | user=null | ip=null | op=WRITE_CHUNK {blockData=conID: 3 locID: 102670698737762983 bcsId: 0} | ret=SUCCESS |  
2019-08-24 07:08:54,956 | INFO  | DNAudit | user=null | ip=null | op=WRITE_CHUNK {blockData=conID: 3 locID: 102670698737762983 bcsId: 0} | ret=SUCCESS |  
2019-08-24 07:08:54,956 | INFO  | DNAudit | user=null | ip=null | op=WRITE_CHUNK {blockData=conID: 3 locID: 102670698737762983 bcsId: 0} | ret=SUCCESS |  
2019-08-24 07:08:54,962 | INFO  | DNAudit | user=null | ip=null | op=WRITE_CHUNK {blockData=conID: 3 locID: 102670698737762983 bcsId: 0} | ret=SUCCESS |  
2019-08-24 07:08:54,963 | INFO  | DNAudit | user=null | ip=null | op=PUT_BLOCK {blockData=[blockId=conID: 3 locID: 102670698737762983 bcsId: 0,size=1048576]} | ret=SUCCESS |  
2019-08-24 07:08:54,963 | INFO  | DNAudit | user=null | ip=null | op=WRITE_CHUNK {blockData=conID: 3 locID: 102670698737762983 bcsId: 0} | ret=SUCCESS |  
2019-08-24 07:08:54,963 [grpc-default-executor-5] INFO  client.GrpcClientProtocolClient (GrpcClientProtocolClient.java:onNext(255)) - client-6EDD19400D46->06a4573b-67a1-41e3-a350-f896363bc636: receive RaftClientReply:client-6EDD19400D46->06a4573b-67a1-41e3-a350-f896363bc636@group-757E3781CD2A, cid=3359, SUCCESS, logIndex=5050, commits[06a4573b-67a1-41e3-a350-f896363bc636:c5050, 0b725bbf-683b-4664-9a2e-3c9dd6e38bc1:c5049, 9193e3b7-ae04-484d-a740-c65c11559486:c5049]
2019-08-24 07:08:54,964 | INFO  | DNAudit | user=null | ip=null | op=PUT_BLOCK {blockData=[blockId=conID: 3 locID: 102670698737762983 bcsId: 0,size=2097152]} | ret=SUCCESS |  
2019-08-24 07:08:54,964 [grpc-default-executor-5] INFO  client.GrpcClientProtocolClient (GrpcClientProtocolClient.java:onNext(255)) - client-6EDD19400D46->06a4573b-67a1-41e3-a350-f896363bc636: receive RaftClientReply:client-6EDD19400D46->06a4573b-67a1-41e3-a350-f896363bc636@group-757E3781CD2A, cid=3360, SUCCESS, logIndex=5051, commits[06a4573b-67a1-41e3-a350-f896363bc636:c5053, 0b725bbf-683b-4664-9a2e-3c9dd6e38bc1:c5049, 9193e3b7-ae04-484d-a740-c65c11559486:c5049]
2019-08-24 07:08:54,964 | INFO  | DNAudit | user=null | ip=null | op=WRITE_CHUNK {blockData=conID: 3 locID: 102670698737762983 bcsId: 0} | ret=SUCCESS |  
2019-08-24 07:08:54,964 [grpc-default-executor-5] INFO  client.GrpcClientProtocolClient (GrpcClientProtocolClient.java:onNext(255)) - client-6EDD19400D46->06a4573b-67a1-41e3-a350-f896363bc636: receive RaftClientReply:client-6EDD19400D46->06a4573b-67a1-41e3-a350-f896363bc636@group-757E3781CD2A, cid=3361, SUCCESS, logIndex=5052, commits[06a4573b-67a1-41e3-a350-f896363bc636:c5053, 0b725bbf-683b-4664-9a2e-3c9dd6e38bc1:c5049, 9193e3b7-ae04-484d-a740-c65c11559486:c5049]
2019-08-24 07:08:54,964 | INFO  | DNAudit | user=null | ip=null | op=PUT_BLOCK {blockData=[blockId=conID: 3 locID: 102670698737762983 bcsId: 0,size=1048576]} | ret=SUCCESS |  
2019-08-24 07:08:54,964 [grpc-default-executor-0] INFO  client.GrpcClientProtocolClient (GrpcClientProtocolClient.java:onNext(255)) - client-6EDD19400D46->06a4573b-67a1-41e3-a350-f896363bc636: receive RaftClientReply:client-6EDD19400D46->06a4573b-67a1-41e3-a350-f896363bc636@group-757E3781CD2A, cid=3362, SUCCESS, logIndex=5053, commits[06a4573b-67a1-41e3-a350-f896363bc636:c5053, 0b725bbf-683b-4664-9a2e-3c9dd6e38bc1:c5049, 9193e3b7-ae04-484d-a740-c65c11559486:c5049]
2019-08-24 07:08:54,965 | INFO  | DNAudit | user=null | ip=null | op=WRITE_CHUNK {blockData=conID: 3 locID: 102670698737762983 bcsId: 0} | ret=SUCCESS |  
2019-08-24 07:08:54,965 | INFO  | DNAudit | user=null | ip=null | op=PUT_BLOCK {blockData=[blockId=conID: 3 locID: 102670698737762983 bcsId: 0,size=1048576]} | ret=SUCCESS |  
2019-08-24 07:08:54,965 | INFO  | DNAudit | user=null | ip=null | op=WRITE_CHUNK {blockData=conID: 3 locID: 102670698737762983 bcsId: 0} | ret=SUCCESS |  
2019-08-24 07:08:54,965 | INFO  | DNAudit | user=null | ip=null | op=WRITE_CHUNK {blockData=conID: 3 locID: 102670698737762983 bcsId: 0} | ret=SUCCESS |  
2019-08-24 07:08:54,966 | INFO  | DNAudit | user=null | ip=null | op=PUT_BLOCK {blockData=[blockId=conID: 3 locID: 102670698737762983 bcsId: 0,size=2097152]} | ret=SUCCESS |  
2019-08-24 07:08:54,966 [grpc-default-executor-5] INFO  client.GrpcClientProtocolClient (GrpcClientProtocolClient.java:onNext(255)) - client-6EDD19400D46->06a4573b-67a1-41e3-a350-f896363bc636: receive RaftClientReply:client-6EDD19400D46->06a4573b-67a1-41e3-a350-f896363bc636@group-757E3781CD2A, cid=3363, SUCCESS, logIndex=0, commits[06a4573b-67a1-41e3-a350-f896363bc636:c5055, 0b725bbf-683b-4664-9a2e-3c9dd6e38bc1:c5051, 9193e3b7-ae04-484d-a740-c65c11559486:c5051]
2019-08-24 07:08:54,966 | INFO  | DNAudit | user=null | ip=null | op=PUT_BLOCK {blockData=[blockId=conID: 3 locID: 102670698737762983 bcsId: 0,size=2097152]} | ret=SUCCESS |  
2019-08-24 07:08:54,972 | INFO  | DNAudit | user=null | ip=null | op=WRITE_CHUNK {blockData=conID: 3 locID: 102670698737762983 bcsId: 5053} | ret=SUCCESS |  
2019-08-24 07:08:54,976 | INFO  | DNAudit | user=null | ip=null | op=WRITE_CHUNK {blockData=conID: 3 locID: 102670698737762983 bcsId: 5053} | ret=SUCCESS |  
2019-08-24 07:08:54,976 | INFO  | DNAudit | user=null | ip=null | op=WRITE_CHUNK {blockData=conID: 3 locID: 102670698737762983 bcsId: 5053} | ret=SUCCESS |  
2019-08-24 07:08:54,984 | INFO  | DNAudit | user=null | ip=null | op=WRITE_CHUNK {blockData=conID: 3 locID: 102670698737762983 bcsId: 5053} | ret=SUCCESS |  
2019-08-24 07:08:54,985 | INFO  | DNAudit | user=null | ip=null | op=PUT_BLOCK {blockData=[blockId=conID: 3 locID: 102670698737762983 bcsId: 0,size=3145728]} | ret=SUCCESS |  
2019-08-24 07:08:54,985 [grpc-default-executor-5] INFO  client.GrpcClientProtocolClient (GrpcClientProtocolClient.java:onNext(255)) - client-6EDD19400D46->06a4573b-67a1-41e3-a350-f896363bc636: receive RaftClientReply:client-6EDD19400D46->06a4573b-67a1-41e3-a350-f896363bc636@group-757E3781CD2A, cid=3364, SUCCESS, logIndex=5058, commits[06a4573b-67a1-41e3-a350-f896363bc636:c5059, 0b725bbf-683b-4664-9a2e-3c9dd6e38bc1:c5057, 9193e3b7-ae04-484d-a740-c65c11559486:c5057]
2019-08-24 07:08:54,985 [grpc-default-executor-5] INFO  client.GrpcClientProtocolClient (GrpcClientProtocolClient.java:onNext(255)) - client-6EDD19400D46->06a4573b-67a1-41e3-a350-f896363bc636: receive RaftClientReply:client-6EDD19400D46->06a4573b-67a1-41e3-a350-f896363bc636@group-757E3781CD2A, cid=3365, SUCCESS, logIndex=5059, commits[06a4573b-67a1-41e3-a350-f896363bc636:c5059, 0b725bbf-683b-4664-9a2e-3c9dd6e38bc1:c5057, 9193e3b7-ae04-484d-a740-c65c11559486:c5057]
2019-08-24 07:08:54,991 | INFO  | DNAudit | user=null | ip=null | op=WRITE_CHUNK {blockData=conID: 3 locID: 102670698737762983 bcsId: 5059} | ret=SUCCESS |  
2019-08-24 07:08:54,994 | INFO  | DNAudit | user=null | ip=null | op=WRITE_CHUNK {blockData=conID: 3 locID: 102670698737762983 bcsId: 5059} | ret=SUCCESS |  
2019-08-24 07:08:54,994 | INFO  | DNAudit | user=null | ip=null | op=WRITE_CHUNK {blockData=conID: 3 locID: 102670698737762983 bcsId: 5059} | ret=SUCCESS |  
2019-08-24 07:08:54,996 | INFO  | DNAudit | user=null | ip=null | op=WRITE_CHUNK {blockData=conID: 3 locID: 102670698737762983 bcsId: 5053} | ret=SUCCESS |  
2019-08-24 07:08:54,996 | INFO  | DNAudit | user=null | ip=null | op=WRITE_CHUNK {blockData=conID: 3 locID: 102670698737762983 bcsId: 5053} | ret=SUCCESS |  
2019-08-24 07:08:54,996 | INFO  | DNAudit | user=null | ip=null | op=PUT_BLOCK {blockData=[blockId=conID: 3 locID: 102670698737762983 bcsId: 0,size=3145728]} | ret=SUCCESS |  
2019-08-24 07:08:54,996 | INFO  | DNAudit | user=null | ip=null | op=PUT_BLOCK {blockData=[blockId=conID: 3 locID: 102670698737762983 bcsId: 0,size=3145728]} | ret=SUCCESS |  
2019-08-24 07:08:54,997 | INFO  | DNAudit | user=null | ip=null | op=WRITE_CHUNK {blockData=conID: 3 locID: 102670698737762983 bcsId: 5059} | ret=SUCCESS |  
2019-08-24 07:08:54,998 | INFO  | DNAudit | user=null | ip=null | op=PUT_BLOCK {blockData=[blockId=conID: 3 locID: 102670698737762983 bcsId: 0,size=4194304]} | ret=SUCCESS |  
2019-08-24 07:08:54,998 [grpc-default-executor-2] INFO  client.GrpcClientProtocolClient (GrpcClientProtocolClient.java:onNext(255)) - client-6EDD19400D46->06a4573b-67a1-41e3-a350-f896363bc636: receive RaftClientReply:client-6EDD19400D46->06a4573b-67a1-41e3-a350-f896363bc636@group-757E3781CD2A, cid=3366, SUCCESS, logIndex=5062, commits[06a4573b-67a1-41e3-a350-f896363bc636:c5063, 0b725bbf-683b-4664-9a2e-3c9dd6e38bc1:c5059, 9193e3b7-ae04-484d-a740-c65c11559486:c5059]
2019-08-24 07:08:54,998 [grpc-default-executor-2] INFO  client.GrpcClientProtocolClient (GrpcClientProtocolClient.java:onNext(255)) - client-6EDD19400D46->06a4573b-67a1-41e3-a350-f896363bc636: receive RaftClientReply:client-6EDD19400D46->06a4573b-67a1-41e3-a350-f896363bc636@group-757E3781CD2A, cid=3367, SUCCESS, logIndex=5063, commits[06a4573b-67a1-41e3-a350-f896363bc636:c5063, 0b725bbf-683b-4664-9a2e-3c9dd6e38bc1:c5059, 9193e3b7-ae04-484d-a740-c65c11559486:c5059]
2019-08-24 07:08:55,009 | INFO  | DNAudit | user=null | ip=null | op=WRITE_CHUNK {blockData=conID: 3 locID: 102670698737762983 bcsId: 5059} | ret=SUCCESS |  
2019-08-24 07:08:55,009 | INFO  | DNAudit | user=null | ip=null | op=WRITE_CHUNK {blockData=conID: 3 locID: 102670698737762983 bcsId: 5059} | ret=SUCCESS |  
2019-08-24 07:08:55,010 | INFO  | DNAudit | user=null | ip=null | op=PUT_BLOCK {blockData=[blockId=conID: 3 locID: 102670698737762983 bcsId: 0,size=4194304]} | ret=SUCCESS |  
2019-08-24 07:08:55,010 | INFO  | DNAudit | user=null | ip=null | op=PUT_BLOCK {blockData=[blockId=conID: 3 locID: 102670698737762983 bcsId: 0,size=4194304]} | ret=SUCCESS |  
2019-08-24 07:08:55,011 [grpc-default-executor-2] INFO  client.GrpcClientProtocolClient (GrpcClientProtocolClient.java:onNext(255)) - client-6EDD19400D46->06a4573b-67a1-41e3-a350-f896363bc636: receive RaftClientReply:client-6EDD19400D46->06a4573b-67a1-41e3-a350-f896363bc636@group-757E3781CD2A, cid=3368, SUCCESS, logIndex=0, commits[06a4573b-67a1-41e3-a350-f896363bc636:c5065, 0b725bbf-683b-4664-9a2e-3c9dd6e38bc1:c5063, 9193e3b7-ae04-484d-a740-c65c11559486:c5063]
2019-08-24 07:08:55,017 | INFO  | SCMAudit | user=jenkins1000 | ip=192.168.69.125 | op=ALLOCATE_BLOCK {owner=61bacca8-15b6-4a50-8962-5e9786b18b0d, size=4194304, type=RATIS, factor=THREE} | ret=SUCCESS |  
2019-08-24 07:08:55,021 | INFO  | OMAudit | user=jenkins1000 | ip=127.0.0.1 | op=ALLOCATE_BLOCK {volume=vol-0-26988, bucket=bucket-0-20739, key=key-0-27353, dataSize=0, replicationType=null, replicationFactor=null, keyLocationInfo=null, clientID=102670695851229586} | ret=SUCCESS |  
2019-08-24 07:08:55,027 | INFO  | DNAudit | user=null | ip=null | op=WRITE_CHUNK {blockData=conID: 1 locID: 102670698742874792 bcsId: 0} | ret=SUCCESS |  
2019-08-24 07:08:55,030 | INFO  | DNAudit | user=null | ip=null | op=WRITE_CHUNK {blockData=conID: 1 locID: 102670698742874792 bcsId: 0} | ret=SUCCESS |  
2019-08-24 07:08:55,031 | INFO  | DNAudit | user=null | ip=null | op=WRITE_CHUNK {blockData=conID: 1 locID: 102670698742874792 bcsId: 0} | ret=SUCCESS |  
2019-08-24 07:08:55,031 | INFO  | DNAudit | user=null | ip=null | op=WRITE_CHUNK {blockData=conID: 1 locID: 102670698742874792 bcsId: 0} | ret=SUCCESS |  
2019-08-24 07:08:55,033 | INFO  | DNAudit | user=null | ip=null | op=WRITE_CHUNK {blockData=conID: 1 locID: 102670698742874792 bcsId: 0} | ret=SUCCESS |  
2019-08-24 07:08:55,033 | INFO  | DNAudit | user=null | ip=null | op=WRITE_CHUNK {blockData=conID: 1 locID: 102670698742874792 bcsId: 0} | ret=SUCCESS |  
2019-08-24 07:08:55,045 | INFO  | DNAudit | user=null | ip=null | op=WRITE_CHUNK {blockData=conID: 1 locID: 102670698742874792 bcsId: 0} | ret=SUCCESS |  
2019-08-24 07:08:55,046 | INFO  | DNAudit | user=null | ip=null | op=PUT_BLOCK {blockData=[blockId=conID: 1 locID: 102670698742874792 bcsId: 0,size=1048576]} | ret=SUCCESS |  
2019-08-24 07:08:55,046 [grpc-default-executor-2] INFO  client.GrpcClientProtocolClient (GrpcClientProtocolClient.java:onNext(255)) - client-6EDD19400D46->06a4573b-67a1-41e3-a350-f896363bc636: receive RaftClientReply:client-6EDD19400D46->06a4573b-67a1-41e3-a350-f896363bc636@group-757E3781CD2A, cid=3369, SUCCESS, logIndex=5066, commits[06a4573b-67a1-41e3-a350-f896363bc636:c5067, 0b725bbf-683b-4664-9a2e-3c9dd6e38bc1:c5063, 9193e3b7-ae04-484d-a740-c65c11559486:c5065]
2019-08-24 07:08:55,047 | INFO  | DNAudit | user=null | ip=null | op=WRITE_CHUNK {blockData=conID: 1 locID: 102670698742874792 bcsId: 0} | ret=SUCCESS |  
2019-08-24 07:08:55,047 [grpc-default-executor-0] INFO  client.GrpcClientProtocolClient (GrpcClientProtocolClient.java:onNext(255)) - client-6EDD19400D46->06a4573b-67a1-41e3-a350-f896363bc636: receive RaftClientReply:client-6EDD19400D46->06a4573b-67a1-41e3-a350-f896363bc636@group-757E3781CD2A, cid=3370, SUCCESS, logIndex=5067, commits[06a4573b-67a1-41e3-a350-f896363bc636:c5067, 0b725bbf-683b-4664-9a2e-3c9dd6e38bc1:c5065, 9193e3b7-ae04-484d-a740-c65c11559486:c5065]
2019-08-24 07:08:55,047 | INFO  | DNAudit | user=null | ip=null | op=PUT_BLOCK {blockData=[blockId=conID: 1 locID: 102670698742874792 bcsId: 0,size=2097152]} | ret=SUCCESS |  
2019-08-24 07:08:55,047 [grpc-default-executor-0] INFO  client.GrpcClientProtocolClient (GrpcClientProtocolClient.java:onNext(255)) - client-6EDD19400D46->06a4573b-67a1-41e3-a350-f896363bc636: receive RaftClientReply:client-6EDD19400D46->06a4573b-67a1-41e3-a350-f896363bc636@group-757E3781CD2A, cid=3371, SUCCESS, logIndex=5068, commits[06a4573b-67a1-41e3-a350-f896363bc636:c5069, 0b725bbf-683b-4664-9a2e-3c9dd6e38bc1:c5065, 9193e3b7-ae04-484d-a740-c65c11559486:c5065]
2019-08-24 07:08:55,047 [grpc-default-executor-0] INFO  client.GrpcClientProtocolClient (GrpcClientProtocolClient.java:onNext(255)) - client-6EDD19400D46->06a4573b-67a1-41e3-a350-f896363bc636: receive RaftClientReply:client-6EDD19400D46->06a4573b-67a1-41e3-a350-f896363bc636@group-757E3781CD2A, cid=3372, SUCCESS, logIndex=5069, commits[06a4573b-67a1-41e3-a350-f896363bc636:c5069, 0b725bbf-683b-4664-9a2e-3c9dd6e38bc1:c5065, 9193e3b7-ae04-484d-a740-c65c11559486:c5065]
2019-08-24 07:08:55,047 | INFO  | DNAudit | user=null | ip=null | op=WRITE_CHUNK {blockData=conID: 1 locID: 102670698742874792 bcsId: 0} | ret=SUCCESS |  
2019-08-24 07:08:55,048 | INFO  | DNAudit | user=null | ip=null | op=PUT_BLOCK {blockData=[blockId=conID: 1 locID: 102670698742874792 bcsId: 0,size=1048576]} | ret=SUCCESS |  
2019-08-24 07:08:55,048 | INFO  | DNAudit | user=null | ip=null | op=WRITE_CHUNK {blockData=conID: 1 locID: 102670698742874792 bcsId: 0} | ret=SUCCESS |  
2019-08-24 07:08:55,048 | INFO  | DNAudit | user=null | ip=null | op=PUT_BLOCK {blockData=[blockId=conID: 1 locID: 102670698742874792 bcsId: 0,size=1048576]} | ret=SUCCESS |  
2019-08-24 07:08:55,048 [grpc-default-executor-0] INFO  client.GrpcClientProtocolClient (GrpcClientProtocolClient.java:onNext(255)) - client-6EDD19400D46->06a4573b-67a1-41e3-a350-f896363bc636: receive RaftClientReply:client-6EDD19400D46->06a4573b-67a1-41e3-a350-f896363bc636@group-757E3781CD2A, cid=3373, SUCCESS, logIndex=0, commits[06a4573b-67a1-41e3-a350-f896363bc636:c5071, 0b725bbf-683b-4664-9a2e-3c9dd6e38bc1:c5067, 9193e3b7-ae04-484d-a740-c65c11559486:c5067]
2019-08-24 07:08:55,049 | INFO  | DNAudit | user=null | ip=null | op=WRITE_CHUNK {blockData=conID: 1 locID: 102670698742874792 bcsId: 0} | ret=SUCCESS |  
2019-08-24 07:08:55,049 | INFO  | DNAudit | user=null | ip=null | op=WRITE_CHUNK {blockData=conID: 1 locID: 102670698742874792 bcsId: 0} | ret=SUCCESS |  
2019-08-24 07:08:55,049 | INFO  | DNAudit | user=null | ip=null | op=PUT_BLOCK {blockData=[blockId=conID: 1 locID: 102670698742874792 bcsId: 0,size=2097152]} | ret=SUCCESS |  
2019-08-24 07:08:55,049 | INFO  | DNAudit | user=null | ip=null | op=PUT_BLOCK {blockData=[blockId=conID: 1 locID: 102670698742874792 bcsId: 0,size=2097152]} | ret=SUCCESS |  
2019-08-24 07:08:55,054 | INFO  | DNAudit | user=null | ip=null | op=WRITE_CHUNK {blockData=conID: 1 locID: 102670698742874792 bcsId: 5069} | ret=SUCCESS |  
2019-08-24 07:08:55,056 | INFO  | DNAudit | user=null | ip=null | op=WRITE_CHUNK {blockData=conID: 1 locID: 102670698742874792 bcsId: 5069} | ret=SUCCESS |  
2019-08-24 07:08:55,056 | INFO  | DNAudit | user=null | ip=null | op=WRITE_CHUNK {blockData=conID: 1 locID: 102670698742874792 bcsId: 5069} | ret=SUCCESS |  
2019-08-24 07:08:55,066 | INFO  | DNAudit | user=null | ip=null | op=WRITE_CHUNK {blockData=conID: 1 locID: 102670698742874792 bcsId: 5069} | ret=SUCCESS |  
2019-08-24 07:08:55,066 | INFO  | DNAudit | user=null | ip=null | op=PUT_BLOCK {blockData=[blockId=conID: 1 locID: 102670698742874792 bcsId: 0,size=3145728]} | ret=SUCCESS |  
2019-08-24 07:08:55,067 [grpc-default-executor-2] INFO  client.GrpcClientProtocolClient (GrpcClientProtocolClient.java:onNext(255)) - client-6EDD19400D46->06a4573b-67a1-41e3-a350-f896363bc636: receive RaftClientReply:client-6EDD19400D46->06a4573b-67a1-41e3-a350-f896363bc636@group-757E3781CD2A, cid=3374, SUCCESS, logIndex=5073, commits[06a4573b-67a1-41e3-a350-f896363bc636:c5074, 0b725bbf-683b-4664-9a2e-3c9dd6e38bc1:c5072, 9193e3b7-ae04-484d-a740-c65c11559486:c5072]
2019-08-24 07:08:55,067 [grpc-default-executor-2] INFO  client.GrpcClientProtocolClient (GrpcClientProtocolClient.java:onNext(255)) - client-6EDD19400D46->06a4573b-67a1-41e3-a350-f896363bc636: receive RaftClientReply:client-6EDD19400D46->06a4573b-67a1-41e3-a350-f896363bc636@group-757E3781CD2A, cid=3375, SUCCESS, logIndex=5074, commits[06a4573b-67a1-41e3-a350-f896363bc636:c5074, 0b725bbf-683b-4664-9a2e-3c9dd6e38bc1:c5072, 9193e3b7-ae04-484d-a740-c65c11559486:c5072]
2019-08-24 07:08:55,072 | INFO  | DNAudit | user=null | ip=null | op=WRITE_CHUNK {blockData=conID: 1 locID: 102670698742874792 bcsId: 5074} | ret=SUCCESS |  
2019-08-24 07:08:55,075 | INFO  | DNAudit | user=null | ip=null | op=WRITE_CHUNK {blockData=conID: 1 locID: 102670698742874792 bcsId: 5074} | ret=SUCCESS |  
2019-08-24 07:08:55,075 | INFO  | DNAudit | user=null | ip=null | op=WRITE_CHUNK {blockData=conID: 1 locID: 102670698742874792 bcsId: 5074} | ret=SUCCESS |  
2019-08-24 07:08:55,078 | INFO  | DNAudit | user=null | ip=null | op=WRITE_CHUNK {blockData=conID: 1 locID: 102670698742874792 bcsId: 5069} | ret=SUCCESS |  
2019-08-24 07:08:55,078 | INFO  | DNAudit | user=null | ip=null | op=WRITE_CHUNK {blockData=conID: 1 locID: 102670698742874792 bcsId: 5069} | ret=SUCCESS |  
2019-08-24 07:08:55,079 | INFO  | DNAudit | user=null | ip=null | op=PUT_BLOCK {blockData=[blockId=conID: 1 locID: 102670698742874792 bcsId: 0,size=3145728]} | ret=SUCCESS |  
2019-08-24 07:08:55,079 | INFO  | DNAudit | user=null | ip=null | op=PUT_BLOCK {blockData=[blockId=conID: 1 locID: 102670698742874792 bcsId: 0,size=3145728]} | ret=SUCCESS |  
2019-08-24 07:08:55,079 | INFO  | DNAudit | user=null | ip=null | op=WRITE_CHUNK {blockData=conID: 1 locID: 102670698742874792 bcsId: 5074} | ret=SUCCESS |  
2019-08-24 07:08:55,080 | INFO  | DNAudit | user=null | ip=null | op=PUT_BLOCK {blockData=[blockId=conID: 1 locID: 102670698742874792 bcsId: 0,size=4194304]} | ret=SUCCESS |  
2019-08-24 07:08:55,080 [grpc-default-executor-5] INFO  client.GrpcClientProtocolClient (GrpcClientProtocolClient.java:onNext(255)) - client-6EDD19400D46->06a4573b-67a1-41e3-a350-f896363bc636: receive RaftClientReply:client-6EDD19400D46->06a4573b-67a1-41e3-a350-f896363bc636@group-757E3781CD2A, cid=3376, SUCCESS, logIndex=5077, commits[06a4573b-67a1-41e3-a350-f896363bc636:c5077, 0b725bbf-683b-4664-9a2e-3c9dd6e38bc1:c5074, 9193e3b7-ae04-484d-a740-c65c11559486:c5074]
2019-08-24 07:08:55,080 [grpc-default-executor-5] INFO  client.GrpcClientProtocolClient (GrpcClientProtocolClient.java:onNext(255)) - client-6EDD19400D46->06a4573b-67a1-41e3-a350-f896363bc636: receive RaftClientReply:client-6EDD19400D46->06a4573b-67a1-41e3-a350-f896363bc636@group-757E3781CD2A, cid=3377, SUCCESS, logIndex=5078, commits[06a4573b-67a1-41e3-a350-f896363bc636:c5078, 0b725bbf-683b-4664-9a2e-3c9dd6e38bc1:c5074, 9193e3b7-ae04-484d-a740-c65c11559486:c5074]
2019-08-24 07:08:55,081 | INFO  | DNAudit | user=null | ip=null | op=WRITE_CHUNK {blockData=conID: 1 locID: 102670698742874792 bcsId: 5074} | ret=SUCCESS |  
2019-08-24 07:08:55,081 | INFO  | DNAudit | user=null | ip=null | op=WRITE_CHUNK {blockData=conID: 1 locID: 102670698742874792 bcsId: 5074} | ret=SUCCESS |  
2019-08-24 07:08:55,082 | INFO  | DNAudit | user=null | ip=null | op=PUT_BLOCK {blockData=[blockId=conID: 1 locID: 102670698742874792 bcsId: 0,size=4194304]} | ret=SUCCESS |  
2019-08-24 07:08:55,083 | INFO  | DNAudit | user=null | ip=null | op=PUT_BLOCK {blockData=[blockId=conID: 1 locID: 102670698742874792 bcsId: 0,size=4194304]} | ret=SUCCESS |  
2019-08-24 07:08:55,083 [grpc-default-executor-2] INFO  client.GrpcClientProtocolClient (GrpcClientProtocolClient.java:onNext(255)) - client-6EDD19400D46->06a4573b-67a1-41e3-a350-f896363bc636: receive RaftClientReply:client-6EDD19400D46->06a4573b-67a1-41e3-a350-f896363bc636@group-757E3781CD2A, cid=3378, SUCCESS, logIndex=0, commits[06a4573b-67a1-41e3-a350-f896363bc636:c5080, 0b725bbf-683b-4664-9a2e-3c9dd6e38bc1:c5078, 9193e3b7-ae04-484d-a740-c65c11559486:c5078]
2019-08-24 07:08:55,088 | INFO  | SCMAudit | user=jenkins1000 | ip=192.168.69.125 | op=ALLOCATE_BLOCK {owner=61bacca8-15b6-4a50-8962-5e9786b18b0d, size=4194304, type=RATIS, factor=THREE} | ret=SUCCESS |  
2019-08-24 07:08:55,091 | INFO  | OMAudit | user=jenkins1000 | ip=127.0.0.1 | op=ALLOCATE_BLOCK {volume=vol-0-26988, bucket=bucket-0-20739, key=key-0-27353, dataSize=0, replicationType=null, replicationFactor=null, keyLocationInfo=null, clientID=102670695851229586} | ret=SUCCESS |  
2019-08-24 07:08:55,097 | INFO  | DNAudit | user=null | ip=null | op=WRITE_CHUNK {blockData=conID: 2 locID: 102670698747527849 bcsId: 0} | ret=SUCCESS |  
2019-08-24 07:08:55,100 | INFO  | DNAudit | user=null | ip=null | op=WRITE_CHUNK {blockData=conID: 2 locID: 102670698747527849 bcsId: 0} | ret=SUCCESS |  
2019-08-24 07:08:55,100 | INFO  | DNAudit | user=null | ip=null | op=WRITE_CHUNK {blockData=conID: 2 locID: 102670698747527849 bcsId: 0} | ret=SUCCESS |  
2019-08-24 07:08:55,100 | INFO  | DNAudit | user=null | ip=null | op=WRITE_CHUNK {blockData=conID: 2 locID: 102670698747527849 bcsId: 0} | ret=SUCCESS |  
2019-08-24 07:08:55,103 | INFO  | DNAudit | user=null | ip=null | op=WRITE_CHUNK {blockData=conID: 2 locID: 102670698747527849 bcsId: 0} | ret=SUCCESS |  
2019-08-24 07:08:55,103 | INFO  | DNAudit | user=null | ip=null | op=WRITE_CHUNK {blockData=conID: 2 locID: 102670698747527849 bcsId: 0} | ret=SUCCESS |  
2019-08-24 07:08:55,110 | INFO  | DNAudit | user=null | ip=null | op=WRITE_CHUNK {blockData=conID: 2 locID: 102670698747527849 bcsId: 0} | ret=SUCCESS |  
2019-08-24 07:08:55,110 | INFO  | DNAudit | user=null | ip=null | op=PUT_BLOCK {blockData=[blockId=conID: 2 locID: 102670698747527849 bcsId: 0,size=1048576]} | ret=SUCCESS |  
2019-08-24 07:08:55,110 [grpc-default-executor-5] INFO  client.GrpcClientProtocolClient (GrpcClientProtocolClient.java:onNext(255)) - client-6EDD19400D46->06a4573b-67a1-41e3-a350-f896363bc636: receive RaftClientReply:client-6EDD19400D46->06a4573b-67a1-41e3-a350-f896363bc636@group-757E3781CD2A, cid=3379, SUCCESS, logIndex=5081, commits[06a4573b-67a1-41e3-a350-f896363bc636:c5082, 0b725bbf-683b-4664-9a2e-3c9dd6e38bc1:c5080, 9193e3b7-ae04-484d-a740-c65c11559486:c5080]
2019-08-24 07:08:55,111 [grpc-default-executor-5] INFO  client.GrpcClientProtocolClient (GrpcClientProtocolClient.java:onNext(255)) - client-6EDD19400D46->06a4573b-67a1-41e3-a350-f896363bc636: receive RaftClientReply:client-6EDD19400D46->06a4573b-67a1-41e3-a350-f896363bc636@group-757E3781CD2A, cid=3380, SUCCESS, logIndex=5082, commits[06a4573b-67a1-41e3-a350-f896363bc636:c5082, 0b725bbf-683b-4664-9a2e-3c9dd6e38bc1:c5080, 9193e3b7-ae04-484d-a740-c65c11559486:c5080]
2019-08-24 07:08:55,121 | INFO  | DNAudit | user=null | ip=null | op=WRITE_CHUNK {blockData=conID: 2 locID: 102670698747527849 bcsId: 0} | ret=SUCCESS |  
2019-08-24 07:08:55,121 | INFO  | DNAudit | user=null | ip=null | op=PUT_BLOCK {blockData=[blockId=conID: 2 locID: 102670698747527849 bcsId: 0,size=2097152]} | ret=SUCCESS |  
2019-08-24 07:08:55,122 [grpc-default-executor-5] INFO  client.GrpcClientProtocolClient (GrpcClientProtocolClient.java:onNext(255)) - client-6EDD19400D46->06a4573b-67a1-41e3-a350-f896363bc636: receive RaftClientReply:client-6EDD19400D46->06a4573b-67a1-41e3-a350-f896363bc636@group-757E3781CD2A, cid=3381, SUCCESS, logIndex=5083, commits[06a4573b-67a1-41e3-a350-f896363bc636:c5084, 0b725bbf-683b-4664-9a2e-3c9dd6e38bc1:c5080, 9193e3b7-ae04-484d-a740-c65c11559486:c5080]
2019-08-24 07:08:55,122 | INFO  | DNAudit | user=null | ip=null | op=WRITE_CHUNK {blockData=conID: 2 locID: 102670698747527849 bcsId: 0} | ret=SUCCESS |  
2019-08-24 07:08:55,122 [grpc-default-executor-5] INFO  client.GrpcClientProtocolClient (GrpcClientProtocolClient.java:onNext(255)) - client-6EDD19400D46->06a4573b-67a1-41e3-a350-f896363bc636: receive RaftClientReply:client-6EDD19400D46->06a4573b-67a1-41e3-a350-f896363bc636@group-757E3781CD2A, cid=3382, SUCCESS, logIndex=5084, commits[06a4573b-67a1-41e3-a350-f896363bc636:c5084, 0b725bbf-683b-4664-9a2e-3c9dd6e38bc1:c5080, 9193e3b7-ae04-484d-a740-c65c11559486:c5080]
2019-08-24 07:08:55,122 | INFO  | DNAudit | user=null | ip=null | op=PUT_BLOCK {blockData=[blockId=conID: 2 locID: 102670698747527849 bcsId: 0,size=1048576]} | ret=SUCCESS |  
2019-08-24 07:08:55,122 | INFO  | DNAudit | user=null | ip=null | op=WRITE_CHUNK {blockData=conID: 2 locID: 102670698747527849 bcsId: 0} | ret=SUCCESS |  
2019-08-24 07:08:55,123 | INFO  | DNAudit | user=null | ip=null | op=PUT_BLOCK {blockData=[blockId=conID: 2 locID: 102670698747527849 bcsId: 0,size=1048576]} | ret=SUCCESS |  
2019-08-24 07:08:55,123 | INFO  | DNAudit | user=null | ip=null | op=WRITE_CHUNK {blockData=conID: 2 locID: 102670698747527849 bcsId: 0} | ret=SUCCESS |  
2019-08-24 07:08:55,123 [grpc-default-executor-5] INFO  client.GrpcClientProtocolClient (GrpcClientProtocolClient.java:onNext(255)) - client-6EDD19400D46->06a4573b-67a1-41e3-a350-f896363bc636: receive RaftClientReply:client-6EDD19400D46->06a4573b-67a1-41e3-a350-f896363bc636@group-757E3781CD2A, cid=3383, SUCCESS, logIndex=0, commits[06a4573b-67a1-41e3-a350-f896363bc636:c5086, 0b725bbf-683b-4664-9a2e-3c9dd6e38bc1:c5082, 9193e3b7-ae04-484d-a740-c65c11559486:c5082]
2019-08-24 07:08:55,123 | INFO  | DNAudit | user=null | ip=null | op=PUT_BLOCK {blockData=[blockId=conID: 2 locID: 102670698747527849 bcsId: 0,size=2097152]} | ret=SUCCESS |  
2019-08-24 07:08:55,124 | INFO  | DNAudit | user=null | ip=null | op=WRITE_CHUNK {blockData=conID: 2 locID: 102670698747527849 bcsId: 0} | ret=SUCCESS |  
2019-08-24 07:08:55,124 | INFO  | DNAudit | user=null | ip=null | op=PUT_BLOCK {blockData=[blockId=conID: 2 locID: 102670698747527849 bcsId: 0,size=2097152]} | ret=SUCCESS |  
2019-08-24 07:08:55,129 | INFO  | DNAudit | user=null | ip=null | op=WRITE_CHUNK {blockData=conID: 2 locID: 102670698747527849 bcsId: 5084} | ret=SUCCESS |  
2019-08-24 07:08:55,131 | INFO  | DNAudit | user=null | ip=null | op=WRITE_CHUNK {blockData=conID: 2 locID: 102670698747527849 bcsId: 5084} | ret=SUCCESS |  
2019-08-24 07:08:55,131 | INFO  | DNAudit | user=null | ip=null | op=WRITE_CHUNK {blockData=conID: 2 locID: 102670698747527849 bcsId: 5084} | ret=SUCCESS |  
2019-08-24 07:08:55,140 | INFO  | DNAudit | user=null | ip=null | op=WRITE_CHUNK {blockData=conID: 2 locID: 102670698747527849 bcsId: 5084} | ret=SUCCESS |  
2019-08-24 07:08:55,141 | INFO  | DNAudit | user=null | ip=null | op=PUT_BLOCK {blockData=[blockId=conID: 2 locID: 102670698747527849 bcsId: 0,size=3145728]} | ret=SUCCESS |  
2019-08-24 07:08:55,141 [grpc-default-executor-2] INFO  client.GrpcClientProtocolClient (GrpcClientProtocolClient.java:onNext(255)) - client-6EDD19400D46->06a4573b-67a1-41e3-a350-f896363bc636: receive RaftClientReply:client-6EDD19400D46->06a4573b-67a1-41e3-a350-f896363bc636@group-757E3781CD2A, cid=3384, SUCCESS, logIndex=5089, commits[06a4573b-67a1-41e3-a350-f896363bc636:c5090, 0b725bbf-683b-4664-9a2e-3c9dd6e38bc1:c5088, 9193e3b7-ae04-484d-a740-c65c11559486:c5088]
2019-08-24 07:08:55,141 [grpc-default-executor-2] INFO  client.GrpcClientProtocolClient (GrpcClientProtocolClient.java:onNext(255)) - client-6EDD19400D46->06a4573b-67a1-41e3-a350-f896363bc636: receive RaftClientReply:client-6EDD19400D46->06a4573b-67a1-41e3-a350-f896363bc636@group-757E3781CD2A, cid=3385, SUCCESS, logIndex=5090, commits[06a4573b-67a1-41e3-a350-f896363bc636:c5090, 0b725bbf-683b-4664-9a2e-3c9dd6e38bc1:c5088, 9193e3b7-ae04-484d-a740-c65c11559486:c5088]
2019-08-24 07:08:55,147 | INFO  | DNAudit | user=null | ip=null | op=WRITE_CHUNK {blockData=conID: 2 locID: 102670698747527849 bcsId: 5090} | ret=SUCCESS |  
2019-08-24 07:08:55,149 | INFO  | DNAudit | user=null | ip=null | op=WRITE_CHUNK {blockData=conID: 2 locID: 102670698747527849 bcsId: 5090} | ret=SUCCESS |  
2019-08-24 07:08:55,149 | INFO  | DNAudit | user=null | ip=null | op=WRITE_CHUNK {blockData=conID: 2 locID: 102670698747527849 bcsId: 5090} | ret=SUCCESS |  
2019-08-24 07:08:55,152 | INFO  | DNAudit | user=null | ip=null | op=WRITE_CHUNK {blockData=conID: 2 locID: 102670698747527849 bcsId: 5084} | ret=SUCCESS |  
2019-08-24 07:08:55,152 | INFO  | DNAudit | user=null | ip=null | op=WRITE_CHUNK {blockData=conID: 2 locID: 102670698747527849 bcsId: 5084} | ret=SUCCESS |  
2019-08-24 07:08:55,153 | INFO  | DNAudit | user=null | ip=null | op=PUT_BLOCK {blockData=[blockId=conID: 2 locID: 102670698747527849 bcsId: 0,size=3145728]} | ret=SUCCESS |  
2019-08-24 07:08:55,153 | INFO  | DNAudit | user=null | ip=null | op=PUT_BLOCK {blockData=[blockId=conID: 2 locID: 102670698747527849 bcsId: 0,size=3145728]} | ret=SUCCESS |  
2019-08-24 07:08:55,154 | INFO  | DNAudit | user=null | ip=null | op=WRITE_CHUNK {blockData=conID: 2 locID: 102670698747527849 bcsId: 5090} | ret=SUCCESS |  
2019-08-24 07:08:55,154 | INFO  | DNAudit | user=null | ip=null | op=PUT_BLOCK {blockData=[blockId=conID: 2 locID: 102670698747527849 bcsId: 0,size=4194304]} | ret=SUCCESS |  
2019-08-24 07:08:55,154 [grpc-default-executor-2] INFO  client.GrpcClientProtocolClient (GrpcClientProtocolClient.java:onNext(255)) - client-6EDD19400D46->06a4573b-67a1-41e3-a350-f896363bc636: receive RaftClientReply:client-6EDD19400D46->06a4573b-67a1-41e3-a350-f896363bc636@group-757E3781CD2A, cid=3386, SUCCESS, logIndex=5093, commits[06a4573b-67a1-41e3-a350-f896363bc636:c5094, 0b725bbf-683b-4664-9a2e-3c9dd6e38bc1:c5090, 9193e3b7-ae04-484d-a740-c65c11559486:c5090]
2019-08-24 07:08:55,154 [grpc-default-executor-2] INFO  client.GrpcClientProtocolClient (GrpcClientProtocolClient.java:onNext(255)) - client-6EDD19400D46->06a4573b-67a1-41e3-a350-f896363bc636: receive RaftClientReply:client-6EDD19400D46->06a4573b-67a1-41e3-a350-f896363bc636@group-757E3781CD2A, cid=3387, SUCCESS, logIndex=5094, commits[06a4573b-67a1-41e3-a350-f896363bc636:c5094, 0b725bbf-683b-4664-9a2e-3c9dd6e38bc1:c5090, 9193e3b7-ae04-484d-a740-c65c11559486:c5090]
2019-08-24 07:08:55,165 | INFO  | DNAudit | user=null | ip=null | op=WRITE_CHUNK {blockData=conID: 2 locID: 102670698747527849 bcsId: 5090} | ret=SUCCESS |  
2019-08-24 07:08:55,166 | INFO  | DNAudit | user=null | ip=null | op=WRITE_CHUNK {blockData=conID: 2 locID: 102670698747527849 bcsId: 5090} | ret=SUCCESS |  
2019-08-24 07:08:55,167 | INFO  | DNAudit | user=null | ip=null | op=PUT_BLOCK {blockData=[blockId=conID: 2 locID: 102670698747527849 bcsId: 0,size=4194304]} | ret=SUCCESS |  
2019-08-24 07:08:55,167 | INFO  | DNAudit | user=null | ip=null | op=PUT_BLOCK {blockData=[blockId=conID: 2 locID: 102670698747527849 bcsId: 0,size=4194304]} | ret=SUCCESS |  
2019-08-24 07:08:55,167 [grpc-default-executor-2] INFO  client.GrpcClientProtocolClient (GrpcClientProtocolClient.java:onNext(255)) - client-6EDD19400D46->06a4573b-67a1-41e3-a350-f896363bc636: receive RaftClientReply:client-6EDD19400D46->06a4573b-67a1-41e3-a350-f896363bc636@group-757E3781CD2A, cid=3388, SUCCESS, logIndex=0, commits[06a4573b-67a1-41e3-a350-f896363bc636:c5096, 0b725bbf-683b-4664-9a2e-3c9dd6e38bc1:c5094, 9193e3b7-ae04-484d-a740-c65c11559486:c5094]
2019-08-24 07:08:55,173 | INFO  | SCMAudit | user=jenkins1000 | ip=192.168.69.125 | op=ALLOCATE_BLOCK {owner=61bacca8-15b6-4a50-8962-5e9786b18b0d, size=4194304, type=RATIS, factor=THREE} | ret=SUCCESS |  
2019-08-24 07:08:55,177 | INFO  | OMAudit | user=jenkins1000 | ip=127.0.0.1 | op=ALLOCATE_BLOCK {volume=vol-0-26988, bucket=bucket-0-20739, key=key-0-27353, dataSize=0, replicationType=null, replicationFactor=null, keyLocationInfo=null, clientID=102670695851229586} | ret=SUCCESS |  
2019-08-24 07:08:55,182 | INFO  | DNAudit | user=null | ip=null | op=WRITE_CHUNK {blockData=conID: 3 locID: 102670698753098410 bcsId: 0} | ret=SUCCESS |  
2019-08-24 07:08:55,185 | INFO  | DNAudit | user=null | ip=null | op=WRITE_CHUNK {blockData=conID: 3 locID: 102670698753098410 bcsId: 0} | ret=SUCCESS |  
2019-08-24 07:08:55,185 | INFO  | DNAudit | user=null | ip=null | op=WRITE_CHUNK {blockData=conID: 3 locID: 102670698753098410 bcsId: 0} | ret=SUCCESS |  
2019-08-24 07:08:55,185 | INFO  | DNAudit | user=null | ip=null | op=WRITE_CHUNK {blockData=conID: 3 locID: 102670698753098410 bcsId: 0} | ret=SUCCESS |  
2019-08-24 07:08:55,187 | INFO  | DNAudit | user=null | ip=null | op=WRITE_CHUNK {blockData=conID: 3 locID: 102670698753098410 bcsId: 0} | ret=SUCCESS |  
2019-08-24 07:08:55,188 | INFO  | DNAudit | user=null | ip=null | op=WRITE_CHUNK {blockData=conID: 3 locID: 102670698753098410 bcsId: 0} | ret=SUCCESS |  
2019-08-24 07:08:55,195 | INFO  | DNAudit | user=null | ip=null | op=WRITE_CHUNK {blockData=conID: 3 locID: 102670698753098410 bcsId: 0} | ret=SUCCESS |  
2019-08-24 07:08:55,195 | INFO  | DNAudit | user=null | ip=null | op=PUT_BLOCK {blockData=[blockId=conID: 3 locID: 102670698753098410 bcsId: 0,size=1048576]} | ret=SUCCESS |  
2019-08-24 07:08:55,196 | INFO  | DNAudit | user=null | ip=null | op=WRITE_CHUNK {blockData=conID: 3 locID: 102670698753098410 bcsId: 0} | ret=SUCCESS |  
2019-08-24 07:08:55,196 [grpc-default-executor-0] INFO  client.GrpcClientProtocolClient (GrpcClientProtocolClient.java:onNext(255)) - client-6EDD19400D46->06a4573b-67a1-41e3-a350-f896363bc636: receive RaftClientReply:client-6EDD19400D46->06a4573b-67a1-41e3-a350-f896363bc636@group-757E3781CD2A, cid=3389, SUCCESS, logIndex=5097, commits[06a4573b-67a1-41e3-a350-f896363bc636:c5098, 0b725bbf-683b-4664-9a2e-3c9dd6e38bc1:c5096, 9193e3b7-ae04-484d-a740-c65c11559486:c5096]
2019-08-24 07:08:55,196 | INFO  | DNAudit | user=null | ip=null | op=PUT_BLOCK {blockData=[blockId=conID: 3 locID: 102670698753098410 bcsId: 0,size=2097152]} | ret=SUCCESS |  
2019-08-24 07:08:55,196 [grpc-default-executor-2] INFO  client.GrpcClientProtocolClient (GrpcClientProtocolClient.java:onNext(255)) - client-6EDD19400D46->06a4573b-67a1-41e3-a350-f896363bc636: receive RaftClientReply:client-6EDD19400D46->06a4573b-67a1-41e3-a350-f896363bc636@group-757E3781CD2A, cid=3390, SUCCESS, logIndex=5098, commits[06a4573b-67a1-41e3-a350-f896363bc636:c5098, 0b725bbf-683b-4664-9a2e-3c9dd6e38bc1:c5096, 9193e3b7-ae04-484d-a740-c65c11559486:c5096]
2019-08-24 07:08:55,196 [grpc-default-executor-5] INFO  client.GrpcClientProtocolClient (GrpcClientProtocolClient.java:onNext(255)) - client-6EDD19400D46->06a4573b-67a1-41e3-a350-f896363bc636: receive RaftClientReply:client-6EDD19400D46->06a4573b-67a1-41e3-a350-f896363bc636@group-757E3781CD2A, cid=3391, SUCCESS, logIndex=5099, commits[06a4573b-67a1-41e3-a350-f896363bc636:c5099, 0b725bbf-683b-4664-9a2e-3c9dd6e38bc1:c5096, 9193e3b7-ae04-484d-a740-c65c11559486:c5096]
2019-08-24 07:08:55,197 [grpc-default-executor-5] INFO  client.GrpcClientProtocolClient (GrpcClientProtocolClient.java:onNext(255)) - client-6EDD19400D46->06a4573b-67a1-41e3-a350-f896363bc636: receive RaftClientReply:client-6EDD19400D46->06a4573b-67a1-41e3-a350-f896363bc636@group-757E3781CD2A, cid=3392, SUCCESS, logIndex=5100, commits[06a4573b-67a1-41e3-a350-f896363bc636:c5100, 0b725bbf-683b-4664-9a2e-3c9dd6e38bc1:c5096, 9193e3b7-ae04-484d-a740-c65c11559486:c5096]
2019-08-24 07:08:55,197 | INFO  | DNAudit | user=null | ip=null | op=WRITE_CHUNK {blockData=conID: 3 locID: 102670698753098410 bcsId: 0} | ret=SUCCESS |  
2019-08-24 07:08:55,197 | INFO  | DNAudit | user=null | ip=null | op=PUT_BLOCK {blockData=[blockId=conID: 3 locID: 102670698753098410 bcsId: 0,size=1048576]} | ret=SUCCESS |  
2019-08-24 07:08:55,197 | INFO  | DNAudit | user=null | ip=null | op=WRITE_CHUNK {blockData=conID: 3 locID: 102670698753098410 bcsId: 0} | ret=SUCCESS |  
2019-08-24 07:08:55,198 | INFO  | DNAudit | user=null | ip=null | op=PUT_BLOCK {blockData=[blockId=conID: 3 locID: 102670698753098410 bcsId: 0,size=1048576]} | ret=SUCCESS |  
2019-08-24 07:08:55,198 | INFO  | DNAudit | user=null | ip=null | op=WRITE_CHUNK {blockData=conID: 3 locID: 102670698753098410 bcsId: 0} | ret=SUCCESS |  
2019-08-24 07:08:55,198 | INFO  | DNAudit | user=null | ip=null | op=PUT_BLOCK {blockData=[blockId=conID: 3 locID: 102670698753098410 bcsId: 0,size=2097152]} | ret=SUCCESS |  
2019-08-24 07:08:55,198 | INFO  | DNAudit | user=null | ip=null | op=WRITE_CHUNK {blockData=conID: 3 locID: 102670698753098410 bcsId: 0} | ret=SUCCESS |  
2019-08-24 07:08:55,198 [grpc-default-executor-5] INFO  client.GrpcClientProtocolClient (GrpcClientProtocolClient.java:onNext(255)) - client-6EDD19400D46->06a4573b-67a1-41e3-a350-f896363bc636: receive RaftClientReply:client-6EDD19400D46->06a4573b-67a1-41e3-a350-f896363bc636@group-757E3781CD2A, cid=3393, SUCCESS, logIndex=0, commits[06a4573b-67a1-41e3-a350-f896363bc636:c5102, 0b725bbf-683b-4664-9a2e-3c9dd6e38bc1:c5098, 9193e3b7-ae04-484d-a740-c65c11559486:c5098]
2019-08-24 07:08:55,198 | INFO  | DNAudit | user=null | ip=null | op=PUT_BLOCK {blockData=[blockId=conID: 3 locID: 102670698753098410 bcsId: 0,size=2097152]} | ret=SUCCESS |  
2019-08-24 07:08:55,206 | INFO  | DNAudit | user=null | ip=null | op=WRITE_CHUNK {blockData=conID: 3 locID: 102670698753098410 bcsId: 5100} | ret=SUCCESS |  
2019-08-24 07:08:55,207 | INFO  | DNAudit | user=null | ip=null | op=WRITE_CHUNK {blockData=conID: 3 locID: 102670698753098410 bcsId: 5100} | ret=SUCCESS |  
2019-08-24 07:08:55,208 | INFO  | DNAudit | user=null | ip=null | op=WRITE_CHUNK {blockData=conID: 3 locID: 102670698753098410 bcsId: 5100} | ret=SUCCESS |  
2019-08-24 07:08:55,218 | INFO  | DNAudit | user=null | ip=null | op=WRITE_CHUNK {blockData=conID: 3 locID: 102670698753098410 bcsId: 5100} | ret=SUCCESS |  
2019-08-24 07:08:55,218 | INFO  | DNAudit | user=null | ip=null | op=PUT_BLOCK {blockData=[blockId=conID: 3 locID: 102670698753098410 bcsId: 0,size=3145728]} | ret=SUCCESS |  
2019-08-24 07:08:55,218 [grpc-default-executor-5] INFO  client.GrpcClientProtocolClient (GrpcClientProtocolClient.java:onNext(255)) - client-6EDD19400D46->06a4573b-67a1-41e3-a350-f896363bc636: receive RaftClientReply:client-6EDD19400D46->06a4573b-67a1-41e3-a350-f896363bc636@group-757E3781CD2A, cid=3394, SUCCESS, logIndex=5105, commits[06a4573b-67a1-41e3-a350-f896363bc636:c5106, 0b725bbf-683b-4664-9a2e-3c9dd6e38bc1:c5104, 9193e3b7-ae04-484d-a740-c65c11559486:c5104]
2019-08-24 07:08:55,218 [grpc-default-executor-5] INFO  client.GrpcClientProtocolClient (GrpcClientProtocolClient.java:onNext(255)) - client-6EDD19400D46->06a4573b-67a1-41e3-a350-f896363bc636: receive RaftClientReply:client-6EDD19400D46->06a4573b-67a1-41e3-a350-f896363bc636@group-757E3781CD2A, cid=3395, SUCCESS, logIndex=5106, commits[06a4573b-67a1-41e3-a350-f896363bc636:c5106, 0b725bbf-683b-4664-9a2e-3c9dd6e38bc1:c5104, 9193e3b7-ae04-484d-a740-c65c11559486:c5104]
2019-08-24 07:08:55,225 | INFO  | DNAudit | user=null | ip=null | op=WRITE_CHUNK {blockData=conID: 3 locID: 102670698753098410 bcsId: 5106} | ret=SUCCESS |  
2019-08-24 07:08:55,227 | INFO  | DNAudit | user=null | ip=null | op=WRITE_CHUNK {blockData=conID: 3 locID: 102670698753098410 bcsId: 5106} | ret=SUCCESS |  
2019-08-24 07:08:55,227 | INFO  | DNAudit | user=null | ip=null | op=WRITE_CHUNK {blockData=conID: 3 locID: 102670698753098410 bcsId: 5106} | ret=SUCCESS |  
2019-08-24 07:08:55,229 | INFO  | DNAudit | user=null | ip=null | op=WRITE_CHUNK {blockData=conID: 3 locID: 102670698753098410 bcsId: 5100} | ret=SUCCESS |  
2019-08-24 07:08:55,229 | INFO  | DNAudit | user=null | ip=null | op=WRITE_CHUNK {blockData=conID: 3 locID: 102670698753098410 bcsId: 5100} | ret=SUCCESS |  
2019-08-24 07:08:55,231 | INFO  | DNAudit | user=null | ip=null | op=PUT_BLOCK {blockData=[blockId=conID: 3 locID: 102670698753098410 bcsId: 0,size=3145728]} | ret=SUCCESS |  
2019-08-24 07:08:55,231 | INFO  | DNAudit | user=null | ip=null | op=PUT_BLOCK {blockData=[blockId=conID: 3 locID: 102670698753098410 bcsId: 0,size=3145728]} | ret=SUCCESS |  
2019-08-24 07:08:55,231 | INFO  | DNAudit | user=null | ip=null | op=WRITE_CHUNK {blockData=conID: 3 locID: 102670698753098410 bcsId: 5106} | ret=SUCCESS |  
2019-08-24 07:08:55,232 | INFO  | DNAudit | user=null | ip=null | op=PUT_BLOCK {blockData=[blockId=conID: 3 locID: 102670698753098410 bcsId: 0,size=4194304]} | ret=SUCCESS |  
2019-08-24 07:08:55,232 [grpc-default-executor-2] INFO  client.GrpcClientProtocolClient (GrpcClientProtocolClient.java:onNext(255)) - client-6EDD19400D46->06a4573b-67a1-41e3-a350-f896363bc636: receive RaftClientReply:client-6EDD19400D46->06a4573b-67a1-41e3-a350-f896363bc636@group-757E3781CD2A, cid=3396, SUCCESS, logIndex=5109, commits[06a4573b-67a1-41e3-a350-f896363bc636:c5110, 0b725bbf-683b-4664-9a2e-3c9dd6e38bc1:c5106, 9193e3b7-ae04-484d-a740-c65c11559486:c5106]
2019-08-24 07:08:55,232 [grpc-default-executor-2] INFO  client.GrpcClientProtocolClient (GrpcClientProtocolClient.java:onNext(255)) - client-6EDD19400D46->06a4573b-67a1-41e3-a350-f896363bc636: receive RaftClientReply:client-6EDD19400D46->06a4573b-67a1-41e3-a350-f896363bc636@group-757E3781CD2A, cid=3397, SUCCESS, logIndex=5110, commits[06a4573b-67a1-41e3-a350-f896363bc636:c5110, 0b725bbf-683b-4664-9a2e-3c9dd6e38bc1:c5106, 9193e3b7-ae04-484d-a740-c65c11559486:c5106]
2019-08-24 07:08:55,242 | INFO  | DNAudit | user=null | ip=null | op=WRITE_CHUNK {blockData=conID: 3 locID: 102670698753098410 bcsId: 5106} | ret=SUCCESS |  
2019-08-24 07:08:55,242 | INFO  | DNAudit | user=null | ip=null | op=WRITE_CHUNK {blockData=conID: 3 locID: 102670698753098410 bcsId: 5106} | ret=SUCCESS |  
2019-08-24 07:08:55,244 | INFO  | DNAudit | user=null | ip=null | op=PUT_BLOCK {blockData=[blockId=conID: 3 locID: 102670698753098410 bcsId: 0,size=4194304]} | ret=SUCCESS |  
2019-08-24 07:08:55,244 | INFO  | DNAudit | user=null | ip=null | op=PUT_BLOCK {blockData=[blockId=conID: 3 locID: 102670698753098410 bcsId: 0,size=4194304]} | ret=SUCCESS |  
2019-08-24 07:08:55,244 [grpc-default-executor-0] INFO  client.GrpcClientProtocolClient (GrpcClientProtocolClient.java:onNext(255)) - client-6EDD19400D46->06a4573b-67a1-41e3-a350-f896363bc636: receive RaftClientReply:client-6EDD19400D46->06a4573b-67a1-41e3-a350-f896363bc636@group-757E3781CD2A, cid=3398, SUCCESS, logIndex=0, commits[06a4573b-67a1-41e3-a350-f896363bc636:c5112, 0b725bbf-683b-4664-9a2e-3c9dd6e38bc1:c5110, 9193e3b7-ae04-484d-a740-c65c11559486:c5110]
2019-08-24 07:08:55,250 | INFO  | SCMAudit | user=jenkins1000 | ip=192.168.69.125 | op=ALLOCATE_BLOCK {owner=61bacca8-15b6-4a50-8962-5e9786b18b0d, size=4194304, type=RATIS, factor=THREE} | ret=SUCCESS |  
2019-08-24 07:08:55,253 | INFO  | OMAudit | user=jenkins1000 | ip=127.0.0.1 | op=ALLOCATE_BLOCK {volume=vol-0-26988, bucket=bucket-0-20739, key=key-0-27353, dataSize=0, replicationType=null, replicationFactor=null, keyLocationInfo=null, clientID=102670695851229586} | ret=SUCCESS |  
2019-08-24 07:08:55,261 | INFO  | DNAudit | user=null | ip=null | op=WRITE_CHUNK {blockData=conID: 1 locID: 102670698758144683 bcsId: 0} | ret=SUCCESS |  
2019-08-24 07:08:55,263 | INFO  | DNAudit | user=null | ip=null | op=WRITE_CHUNK {blockData=conID: 1 locID: 102670698758144683 bcsId: 0} | ret=SUCCESS |  
2019-08-24 07:08:55,264 | INFO  | DNAudit | user=null | ip=null | op=WRITE_CHUNK {blockData=conID: 1 locID: 102670698758144683 bcsId: 0} | ret=SUCCESS |  
2019-08-24 07:08:55,265 | INFO  | DNAudit | user=null | ip=null | op=WRITE_CHUNK {blockData=conID: 1 locID: 102670698758144683 bcsId: 0} | ret=SUCCESS |  
2019-08-24 07:08:55,267 | INFO  | DNAudit | user=null | ip=null | op=WRITE_CHUNK {blockData=conID: 1 locID: 102670698758144683 bcsId: 0} | ret=SUCCESS |  
2019-08-24 07:08:55,267 | INFO  | DNAudit | user=null | ip=null | op=WRITE_CHUNK {blockData=conID: 1 locID: 102670698758144683 bcsId: 0} | ret=SUCCESS |  
2019-08-24 07:08:55,270 | INFO  | DNAudit | user=null | ip=null | op=WRITE_CHUNK {blockData=conID: 1 locID: 102670698758144683 bcsId: 0} | ret=SUCCESS |  
2019-08-24 07:08:55,270 | INFO  | DNAudit | user=null | ip=null | op=PUT_BLOCK {blockData=[blockId=conID: 1 locID: 102670698758144683 bcsId: 0,size=1048576]} | ret=SUCCESS |  
2019-08-24 07:08:55,270 [grpc-default-executor-2] INFO  client.GrpcClientProtocolClient (GrpcClientProtocolClient.java:onNext(255)) - client-6EDD19400D46->06a4573b-67a1-41e3-a350-f896363bc636: receive RaftClientReply:client-6EDD19400D46->06a4573b-67a1-41e3-a350-f896363bc636@group-757E3781CD2A, cid=3399, SUCCESS, logIndex=5113, commits[06a4573b-67a1-41e3-a350-f896363bc636:c5114, 0b725bbf-683b-4664-9a2e-3c9dd6e38bc1:c5112, 9193e3b7-ae04-484d-a740-c65c11559486:c5112]
2019-08-24 07:08:55,271 | INFO  | DNAudit | user=null | ip=null | op=WRITE_CHUNK {blockData=conID: 1 locID: 102670698758144683 bcsId: 0} | ret=SUCCESS |  
2019-08-24 07:08:55,271 [grpc-default-executor-2] INFO  client.GrpcClientProtocolClient (GrpcClientProtocolClient.java:onNext(255)) - client-6EDD19400D46->06a4573b-67a1-41e3-a350-f896363bc636: receive RaftClientReply:client-6EDD19400D46->06a4573b-67a1-41e3-a350-f896363bc636@group-757E3781CD2A, cid=3400, SUCCESS, logIndex=5114, commits[06a4573b-67a1-41e3-a350-f896363bc636:c5114, 0b725bbf-683b-4664-9a2e-3c9dd6e38bc1:c5112, 9193e3b7-ae04-484d-a740-c65c11559486:c5112]
2019-08-24 07:08:55,271 | INFO  | DNAudit | user=null | ip=null | op=PUT_BLOCK {blockData=[blockId=conID: 1 locID: 102670698758144683 bcsId: 0,size=2097152]} | ret=SUCCESS |  
2019-08-24 07:08:55,271 [grpc-default-executor-2] INFO  client.GrpcClientProtocolClient (GrpcClientProtocolClient.java:onNext(255)) - client-6EDD19400D46->06a4573b-67a1-41e3-a350-f896363bc636: receive RaftClientReply:client-6EDD19400D46->06a4573b-67a1-41e3-a350-f896363bc636@group-757E3781CD2A, cid=3401, SUCCESS, logIndex=5115, commits[06a4573b-67a1-41e3-a350-f896363bc636:c5116, 0b725bbf-683b-4664-9a2e-3c9dd6e38bc1:c5112, 9193e3b7-ae04-484d-a740-c65c11559486:c5112]
2019-08-24 07:08:55,271 | INFO  | DNAudit | user=null | ip=null | op=WRITE_CHUNK {blockData=conID: 1 locID: 102670698758144683 bcsId: 0} | ret=SUCCESS |  
2019-08-24 07:08:55,272 | INFO  | DNAudit | user=null | ip=null | op=PUT_BLOCK {blockData=[blockId=conID: 1 locID: 102670698758144683 bcsId: 0,size=1048576]} | ret=SUCCESS |  
2019-08-24 07:08:55,271 [grpc-default-executor-2] INFO  client.GrpcClientProtocolClient (GrpcClientProtocolClient.java:onNext(255)) - client-6EDD19400D46->06a4573b-67a1-41e3-a350-f896363bc636: receive RaftClientReply:client-6EDD19400D46->06a4573b-67a1-41e3-a350-f896363bc636@group-757E3781CD2A, cid=3402, SUCCESS, logIndex=5116, commits[06a4573b-67a1-41e3-a350-f896363bc636:c5116, 0b725bbf-683b-4664-9a2e-3c9dd6e38bc1:c5112, 9193e3b7-ae04-484d-a740-c65c11559486:c5112]
2019-08-24 07:08:55,272 | INFO  | DNAudit | user=null | ip=null | op=WRITE_CHUNK {blockData=conID: 1 locID: 102670698758144683 bcsId: 0} | ret=SUCCESS |  
2019-08-24 07:08:55,272 | INFO  | DNAudit | user=null | ip=null | op=PUT_BLOCK {blockData=[blockId=conID: 1 locID: 102670698758144683 bcsId: 0,size=1048576]} | ret=SUCCESS |  
2019-08-24 07:08:55,272 [grpc-default-executor-2] INFO  client.GrpcClientProtocolClient (GrpcClientProtocolClient.java:onNext(255)) - client-6EDD19400D46->06a4573b-67a1-41e3-a350-f896363bc636: receive RaftClientReply:client-6EDD19400D46->06a4573b-67a1-41e3-a350-f896363bc636@group-757E3781CD2A, cid=3403, SUCCESS, logIndex=0, commits[06a4573b-67a1-41e3-a350-f896363bc636:c5118, 0b725bbf-683b-4664-9a2e-3c9dd6e38bc1:c5114, 9193e3b7-ae04-484d-a740-c65c11559486:c5114]
2019-08-24 07:08:55,273 | INFO  | DNAudit | user=null | ip=null | op=WRITE_CHUNK {blockData=conID: 1 locID: 102670698758144683 bcsId: 0} | ret=SUCCESS |  
2019-08-24 07:08:55,273 | INFO  | DNAudit | user=null | ip=null | op=PUT_BLOCK {blockData=[blockId=conID: 1 locID: 102670698758144683 bcsId: 0,size=2097152]} | ret=SUCCESS |  
2019-08-24 07:08:55,273 | INFO  | DNAudit | user=null | ip=null | op=WRITE_CHUNK {blockData=conID: 1 locID: 102670698758144683 bcsId: 0} | ret=SUCCESS |  
2019-08-24 07:08:55,273 | INFO  | DNAudit | user=null | ip=null | op=PUT_BLOCK {blockData=[blockId=conID: 1 locID: 102670698758144683 bcsId: 0,size=2097152]} | ret=SUCCESS |  
2019-08-24 07:08:55,278 | INFO  | DNAudit | user=null | ip=null | op=WRITE_CHUNK {blockData=conID: 1 locID: 102670698758144683 bcsId: 5116} | ret=SUCCESS |  
2019-08-24 07:08:55,281 | INFO  | DNAudit | user=null | ip=null | op=WRITE_CHUNK {blockData=conID: 1 locID: 102670698758144683 bcsId: 5116} | ret=SUCCESS |  
2019-08-24 07:08:55,281 | INFO  | DNAudit | user=null | ip=null | op=WRITE_CHUNK {blockData=conID: 1 locID: 102670698758144683 bcsId: 5116} | ret=SUCCESS |  
2019-08-24 07:08:55,291 | INFO  | DNAudit | user=null | ip=null | op=WRITE_CHUNK {blockData=conID: 1 locID: 102670698758144683 bcsId: 5116} | ret=SUCCESS |  
2019-08-24 07:08:55,292 | INFO  | DNAudit | user=null | ip=null | op=PUT_BLOCK {blockData=[blockId=conID: 1 locID: 102670698758144683 bcsId: 0,size=3145728]} | ret=SUCCESS |  
2019-08-24 07:08:55,292 [grpc-default-executor-0] INFO  client.GrpcClientProtocolClient (GrpcClientProtocolClient.java:onNext(255)) - client-6EDD19400D46->06a4573b-67a1-41e3-a350-f896363bc636: receive RaftClientReply:client-6EDD19400D46->06a4573b-67a1-41e3-a350-f896363bc636@group-757E3781CD2A, cid=3404, SUCCESS, logIndex=5120, commits[06a4573b-67a1-41e3-a350-f896363bc636:c5121, 0b725bbf-683b-4664-9a2e-3c9dd6e38bc1:c5119, 9193e3b7-ae04-484d-a740-c65c11559486:c5119]
2019-08-24 07:08:55,292 [grpc-default-executor-0] INFO  client.GrpcClientProtocolClient (GrpcClientProtocolClient.java:onNext(255)) - client-6EDD19400D46->06a4573b-67a1-41e3-a350-f896363bc636: receive RaftClientReply:client-6EDD19400D46->06a4573b-67a1-41e3-a350-f896363bc636@group-757E3781CD2A, cid=3405, SUCCESS, logIndex=5121, commits[06a4573b-67a1-41e3-a350-f896363bc636:c5121, 0b725bbf-683b-4664-9a2e-3c9dd6e38bc1:c5119, 9193e3b7-ae04-484d-a740-c65c11559486:c5119]
2019-08-24 07:08:55,299 | INFO  | DNAudit | user=null | ip=null | op=WRITE_CHUNK {blockData=conID: 1 locID: 102670698758144683 bcsId: 5121} | ret=SUCCESS |  
2019-08-24 07:08:55,301 | INFO  | DNAudit | user=null | ip=null | op=WRITE_CHUNK {blockData=conID: 1 locID: 102670698758144683 bcsId: 5121} | ret=SUCCESS |  
2019-08-24 07:08:55,301 | INFO  | DNAudit | user=null | ip=null | op=WRITE_CHUNK {blockData=conID: 1 locID: 102670698758144683 bcsId: 5121} | ret=SUCCESS |  
2019-08-24 07:08:55,303 | INFO  | DNAudit | user=null | ip=null | op=WRITE_CHUNK {blockData=conID: 1 locID: 102670698758144683 bcsId: 5116} | ret=SUCCESS |  
2019-08-24 07:08:55,303 | INFO  | DNAudit | user=null | ip=null | op=PUT_BLOCK {blockData=[blockId=conID: 1 locID: 102670698758144683 bcsId: 0,size=3145728]} | ret=SUCCESS |  
2019-08-24 07:08:55,304 | INFO  | DNAudit | user=null | ip=null | op=WRITE_CHUNK {blockData=conID: 1 locID: 102670698758144683 bcsId: 5116} | ret=SUCCESS |  
2019-08-24 07:08:55,304 | INFO  | DNAudit | user=null | ip=null | op=PUT_BLOCK {blockData=[blockId=conID: 1 locID: 102670698758144683 bcsId: 0,size=3145728]} | ret=SUCCESS |  
2019-08-24 07:08:55,305 | INFO  | DNAudit | user=null | ip=null | op=WRITE_CHUNK {blockData=conID: 1 locID: 102670698758144683 bcsId: 5121} | ret=SUCCESS |  
2019-08-24 07:08:55,305 | INFO  | DNAudit | user=null | ip=null | op=PUT_BLOCK {blockData=[blockId=conID: 1 locID: 102670698758144683 bcsId: 0,size=4194304]} | ret=SUCCESS |  
2019-08-24 07:08:55,305 [grpc-default-executor-5] INFO  client.GrpcClientProtocolClient (GrpcClientProtocolClient.java:onNext(255)) - client-6EDD19400D46->06a4573b-67a1-41e3-a350-f896363bc636: receive RaftClientReply:client-6EDD19400D46->06a4573b-67a1-41e3-a350-f896363bc636@group-757E3781CD2A, cid=3406, SUCCESS, logIndex=5124, commits[06a4573b-67a1-41e3-a350-f896363bc636:c5125, 0b725bbf-683b-4664-9a2e-3c9dd6e38bc1:c5121, 9193e3b7-ae04-484d-a740-c65c11559486:c5121]
2019-08-24 07:08:55,306 [grpc-default-executor-5] INFO  client.GrpcClientProtocolClient (GrpcClientProtocolClient.java:onNext(255)) - client-6EDD19400D46->06a4573b-67a1-41e3-a350-f896363bc636: receive RaftClientReply:client-6EDD19400D46->06a4573b-67a1-41e3-a350-f896363bc636@group-757E3781CD2A, cid=3407, SUCCESS, logIndex=5125, commits[06a4573b-67a1-41e3-a350-f896363bc636:c5125, 0b725bbf-683b-4664-9a2e-3c9dd6e38bc1:c5121, 9193e3b7-ae04-484d-a740-c65c11559486:c5121]
2019-08-24 07:08:55,306 | INFO  | DNAudit | user=null | ip=null | op=WRITE_CHUNK {blockData=conID: 1 locID: 102670698758144683 bcsId: 5121} | ret=SUCCESS |  
2019-08-24 07:08:55,306 | INFO  | DNAudit | user=null | ip=null | op=PUT_BLOCK {blockData=[blockId=conID: 1 locID: 102670698758144683 bcsId: 0,size=4194304]} | ret=SUCCESS |  
2019-08-24 07:08:55,306 | INFO  | DNAudit | user=null | ip=null | op=WRITE_CHUNK {blockData=conID: 1 locID: 102670698758144683 bcsId: 5121} | ret=SUCCESS |  
2019-08-24 07:08:55,307 | INFO  | DNAudit | user=null | ip=null | op=PUT_BLOCK {blockData=[blockId=conID: 1 locID: 102670698758144683 bcsId: 0,size=4194304]} | ret=SUCCESS |  
2019-08-24 07:08:55,307 [grpc-default-executor-5] INFO  client.GrpcClientProtocolClient (GrpcClientProtocolClient.java:onNext(255)) - client-6EDD19400D46->06a4573b-67a1-41e3-a350-f896363bc636: receive RaftClientReply:client-6EDD19400D46->06a4573b-67a1-41e3-a350-f896363bc636@group-757E3781CD2A, cid=3408, SUCCESS, logIndex=0, commits[06a4573b-67a1-41e3-a350-f896363bc636:c5126, 0b725bbf-683b-4664-9a2e-3c9dd6e38bc1:c5125, 9193e3b7-ae04-484d-a740-c65c11559486:c5125]
2019-08-24 07:08:55,314 | INFO  | SCMAudit | user=jenkins1000 | ip=192.168.69.125 | op=ALLOCATE_BLOCK {owner=61bacca8-15b6-4a50-8962-5e9786b18b0d, size=4194304, type=RATIS, factor=THREE} | ret=SUCCESS |  
2019-08-24 07:08:55,318 | INFO  | OMAudit | user=jenkins1000 | ip=127.0.0.1 | op=ALLOCATE_BLOCK {volume=vol-0-26988, bucket=bucket-0-20739, key=key-0-27353, dataSize=0, replicationType=null, replicationFactor=null, keyLocationInfo=null, clientID=102670695851229586} | ret=SUCCESS |  
2019-08-24 07:08:55,324 | INFO  | DNAudit | user=null | ip=null | op=WRITE_CHUNK {blockData=conID: 2 locID: 102670698762273452 bcsId: 0} | ret=SUCCESS |  
2019-08-24 07:08:55,327 | INFO  | DNAudit | user=null | ip=null | op=WRITE_CHUNK {blockData=conID: 2 locID: 102670698762273452 bcsId: 0} | ret=SUCCESS |  
2019-08-24 07:08:55,327 | INFO  | DNAudit | user=null | ip=null | op=WRITE_CHUNK {blockData=conID: 2 locID: 102670698762273452 bcsId: 0} | ret=SUCCESS |  
2019-08-24 07:08:55,327 | INFO  | DNAudit | user=null | ip=null | op=WRITE_CHUNK {blockData=conID: 2 locID: 102670698762273452 bcsId: 0} | ret=SUCCESS |  
2019-08-24 07:08:55,328 | INFO  | DNAudit | user=null | ip=null | op=WRITE_CHUNK {blockData=conID: 2 locID: 102670698762273452 bcsId: 0} | ret=SUCCESS |  
2019-08-24 07:08:55,328 | INFO  | DNAudit | user=null | ip=null | op=WRITE_CHUNK {blockData=conID: 2 locID: 102670698762273452 bcsId: 0} | ret=SUCCESS |  
2019-08-24 07:08:55,343 | INFO  | DNAudit | user=null | ip=null | op=WRITE_CHUNK {blockData=conID: 2 locID: 102670698762273452 bcsId: 0} | ret=SUCCESS |  
2019-08-24 07:08:55,344 | INFO  | DNAudit | user=null | ip=null | op=PUT_BLOCK {blockData=[blockId=conID: 2 locID: 102670698762273452 bcsId: 0,size=1048576]} | ret=SUCCESS |  
2019-08-24 07:08:55,345 [grpc-default-executor-5] INFO  client.GrpcClientProtocolClient (GrpcClientProtocolClient.java:onNext(255)) - client-6EDD19400D46->06a4573b-67a1-41e3-a350-f896363bc636: receive RaftClientReply:client-6EDD19400D46->06a4573b-67a1-41e3-a350-f896363bc636@group-757E3781CD2A, cid=3409, SUCCESS, logIndex=5128, commits[06a4573b-67a1-41e3-a350-f896363bc636:c5130, 0b725bbf-683b-4664-9a2e-3c9dd6e38bc1:c5127, 9193e3b7-ae04-484d-a740-c65c11559486:c5127]
2019-08-24 07:08:55,345 | INFO  | DNAudit | user=null | ip=null | op=WRITE_CHUNK {blockData=conID: 2 locID: 102670698762273452 bcsId: 0} | ret=SUCCESS |  
2019-08-24 07:08:55,345 | INFO  | DNAudit | user=null | ip=null | op=PUT_BLOCK {blockData=[blockId=conID: 2 locID: 102670698762273452 bcsId: 0,size=2097152]} | ret=SUCCESS |  
2019-08-24 07:08:55,345 [grpc-default-executor-5] INFO  client.GrpcClientProtocolClient (GrpcClientProtocolClient.java:onNext(255)) - client-6EDD19400D46->06a4573b-67a1-41e3-a350-f896363bc636: receive RaftClientReply:client-6EDD19400D46->06a4573b-67a1-41e3-a350-f896363bc636@group-757E3781CD2A, cid=3410, SUCCESS, logIndex=5129, commits[06a4573b-67a1-41e3-a350-f896363bc636:c5131, 0b725bbf-683b-4664-9a2e-3c9dd6e38bc1:c5127, 9193e3b7-ae04-484d-a740-c65c11559486:c5127]
2019-08-24 07:08:55,345 [grpc-default-executor-5] INFO  client.GrpcClientProtocolClient (GrpcClientProtocolClient.java:onNext(255)) - client-6EDD19400D46->06a4573b-67a1-41e3-a350-f896363bc636: receive RaftClientReply:client-6EDD19400D46->06a4573b-67a1-41e3-a350-f896363bc636@group-757E3781CD2A, cid=3411, SUCCESS, logIndex=5130, commits[06a4573b-67a1-41e3-a350-f896363bc636:c5131, 0b725bbf-683b-4664-9a2e-3c9dd6e38bc1:c5127, 9193e3b7-ae04-484d-a740-c65c11559486:c5127]
2019-08-24 07:08:55,346 [grpc-default-executor-5] INFO  client.GrpcClientProtocolClient (GrpcClientProtocolClient.java:onNext(255)) - client-6EDD19400D46->06a4573b-67a1-41e3-a350-f896363bc636: receive RaftClientReply:client-6EDD19400D46->06a4573b-67a1-41e3-a350-f896363bc636@group-757E3781CD2A, cid=3412, SUCCESS, logIndex=5131, commits[06a4573b-67a1-41e3-a350-f896363bc636:c5131, 0b725bbf-683b-4664-9a2e-3c9dd6e38bc1:c5127, 9193e3b7-ae04-484d-a740-c65c11559486:c5127]
2019-08-24 07:08:55,355 | INFO  | DNAudit | user=null | ip=null | op=WRITE_CHUNK {blockData=conID: 2 locID: 102670698762273452 bcsId: 0} | ret=SUCCESS |  
2019-08-24 07:08:55,355 | INFO  | DNAudit | user=null | ip=null | op=WRITE_CHUNK {blockData=conID: 2 locID: 102670698762273452 bcsId: 0} | ret=SUCCESS |  
2019-08-24 07:08:55,355 | INFO  | DNAudit | user=null | ip=null | op=PUT_BLOCK {blockData=[blockId=conID: 2 locID: 102670698762273452 bcsId: 0,size=1048576]} | ret=SUCCESS |  
2019-08-24 07:08:55,355 | INFO  | DNAudit | user=null | ip=null | op=PUT_BLOCK {blockData=[blockId=conID: 2 locID: 102670698762273452 bcsId: 0,size=1048576]} | ret=SUCCESS |  
2019-08-24 07:08:55,355 | INFO  | DNAudit | user=null | ip=null | op=WRITE_CHUNK {blockData=conID: 2 locID: 102670698762273452 bcsId: 0} | ret=SUCCESS |  
2019-08-24 07:08:55,355 | INFO  | DNAudit | user=null | ip=null | op=WRITE_CHUNK {blockData=conID: 2 locID: 102670698762273452 bcsId: 0} | ret=SUCCESS |  
2019-08-24 07:08:55,355 [grpc-default-executor-5] INFO  client.GrpcClientProtocolClient (GrpcClientProtocolClient.java:onNext(255)) - client-6EDD19400D46->06a4573b-67a1-41e3-a350-f896363bc636: receive RaftClientReply:client-6EDD19400D46->06a4573b-67a1-41e3-a350-f896363bc636@group-757E3781CD2A, cid=3413, SUCCESS, logIndex=0, commits[06a4573b-67a1-41e3-a350-f896363bc636:c5133, 0b725bbf-683b-4664-9a2e-3c9dd6e38bc1:c5129, 9193e3b7-ae04-484d-a740-c65c11559486:c5129]
2019-08-24 07:08:55,356 | INFO  | DNAudit | user=null | ip=null | op=PUT_BLOCK {blockData=[blockId=conID: 2 locID: 102670698762273452 bcsId: 0,size=2097152]} | ret=SUCCESS |  
2019-08-24 07:08:55,356 | INFO  | DNAudit | user=null | ip=null | op=PUT_BLOCK {blockData=[blockId=conID: 2 locID: 102670698762273452 bcsId: 0,size=2097152]} | ret=SUCCESS |  
2019-08-24 07:08:55,361 | INFO  | DNAudit | user=null | ip=null | op=WRITE_CHUNK {blockData=conID: 2 locID: 102670698762273452 bcsId: 5131} | ret=SUCCESS |  
2019-08-24 07:08:55,364 | INFO  | DNAudit | user=null | ip=null | op=WRITE_CHUNK {blockData=conID: 2 locID: 102670698762273452 bcsId: 5131} | ret=SUCCESS |  
2019-08-24 07:08:55,364 | INFO  | DNAudit | user=null | ip=null | op=WRITE_CHUNK {blockData=conID: 2 locID: 102670698762273452 bcsId: 5131} | ret=SUCCESS |  
2019-08-24 07:08:55,374 | INFO  | DNAudit | user=null | ip=null | op=WRITE_CHUNK {blockData=conID: 2 locID: 102670698762273452 bcsId: 5131} | ret=SUCCESS |  
2019-08-24 07:08:55,374 | INFO  | DNAudit | user=null | ip=null | op=PUT_BLOCK {blockData=[blockId=conID: 2 locID: 102670698762273452 bcsId: 0,size=3145728]} | ret=SUCCESS |  
2019-08-24 07:08:55,374 [grpc-default-executor-5] INFO  client.GrpcClientProtocolClient (GrpcClientProtocolClient.java:onNext(255)) - client-6EDD19400D46->06a4573b-67a1-41e3-a350-f896363bc636: receive RaftClientReply:client-6EDD19400D46->06a4573b-67a1-41e3-a350-f896363bc636@group-757E3781CD2A, cid=3414, SUCCESS, logIndex=5136, commits[06a4573b-67a1-41e3-a350-f896363bc636:c5137, 0b725bbf-683b-4664-9a2e-3c9dd6e38bc1:c5135, 9193e3b7-ae04-484d-a740-c65c11559486:c5135]
2019-08-24 07:08:55,375 [grpc-default-executor-5] INFO  client.GrpcClientProtocolClient (GrpcClientProtocolClient.java:onNext(255)) - client-6EDD19400D46->06a4573b-67a1-41e3-a350-f896363bc636: receive RaftClientReply:client-6EDD19400D46->06a4573b-67a1-41e3-a350-f896363bc636@group-757E3781CD2A, cid=3415, SUCCESS, logIndex=5137, commits[06a4573b-67a1-41e3-a350-f896363bc636:c5137, 0b725bbf-683b-4664-9a2e-3c9dd6e38bc1:c5135, 9193e3b7-ae04-484d-a740-c65c11559486:c5135]
2019-08-24 07:08:55,381 | INFO  | DNAudit | user=null | ip=null | op=WRITE_CHUNK {blockData=conID: 2 locID: 102670698762273452 bcsId: 5137} | ret=SUCCESS |  
2019-08-24 07:08:55,384 | INFO  | DNAudit | user=null | ip=null | op=WRITE_CHUNK {blockData=conID: 2 locID: 102670698762273452 bcsId: 5137} | ret=SUCCESS |  
2019-08-24 07:08:55,384 | INFO  | DNAudit | user=null | ip=null | op=WRITE_CHUNK {blockData=conID: 2 locID: 102670698762273452 bcsId: 5137} | ret=SUCCESS |  
2019-08-24 07:08:55,386 | INFO  | DNAudit | user=null | ip=null | op=WRITE_CHUNK {blockData=conID: 2 locID: 102670698762273452 bcsId: 5131} | ret=SUCCESS |  
2019-08-24 07:08:55,386 | INFO  | DNAudit | user=null | ip=null | op=WRITE_CHUNK {blockData=conID: 2 locID: 102670698762273452 bcsId: 5131} | ret=SUCCESS |  
2019-08-24 07:08:55,387 | INFO  | DNAudit | user=null | ip=null | op=PUT_BLOCK {blockData=[blockId=conID: 2 locID: 102670698762273452 bcsId: 0,size=3145728]} | ret=SUCCESS |  
2019-08-24 07:08:55,387 | INFO  | DNAudit | user=null | ip=null | op=PUT_BLOCK {blockData=[blockId=conID: 2 locID: 102670698762273452 bcsId: 0,size=3145728]} | ret=SUCCESS |  
2019-08-24 07:08:55,388 | INFO  | DNAudit | user=null | ip=null | op=WRITE_CHUNK {blockData=conID: 2 locID: 102670698762273452 bcsId: 5137} | ret=SUCCESS |  
2019-08-24 07:08:55,388 | INFO  | DNAudit | user=null | ip=null | op=PUT_BLOCK {blockData=[blockId=conID: 2 locID: 102670698762273452 bcsId: 0,size=4194304]} | ret=SUCCESS |  
2019-08-24 07:08:55,389 [grpc-default-executor-1] INFO  client.GrpcClientProtocolClient (GrpcClientProtocolClient.java:onNext(255)) - client-6EDD19400D46->06a4573b-67a1-41e3-a350-f896363bc636: receive RaftClientReply:client-6EDD19400D46->06a4573b-67a1-41e3-a350-f896363bc636@group-757E3781CD2A, cid=3416, SUCCESS, logIndex=5140, commits[06a4573b-67a1-41e3-a350-f896363bc636:c5141, 0b725bbf-683b-4664-9a2e-3c9dd6e38bc1:c5137, 9193e3b7-ae04-484d-a740-c65c11559486:c5137]
2019-08-24 07:08:55,389 [grpc-default-executor-1] INFO  client.GrpcClientProtocolClient (GrpcClientProtocolClient.java:onNext(255)) - client-6EDD19400D46->06a4573b-67a1-41e3-a350-f896363bc636: receive RaftClientReply:client-6EDD19400D46->06a4573b-67a1-41e3-a350-f896363bc636@group-757E3781CD2A, cid=3417, SUCCESS, logIndex=5141, commits[06a4573b-67a1-41e3-a350-f896363bc636:c5141, 0b725bbf-683b-4664-9a2e-3c9dd6e38bc1:c5137, 9193e3b7-ae04-484d-a740-c65c11559486:c5137]
2019-08-24 07:08:55,399 | INFO  | DNAudit | user=null | ip=null | op=WRITE_CHUNK {blockData=conID: 2 locID: 102670698762273452 bcsId: 5137} | ret=SUCCESS |  
2019-08-24 07:08:55,399 | INFO  | DNAudit | user=null | ip=null | op=WRITE_CHUNK {blockData=conID: 2 locID: 102670698762273452 bcsId: 5137} | ret=SUCCESS |  
2019-08-24 07:08:55,400 | INFO  | DNAudit | user=null | ip=null | op=PUT_BLOCK {blockData=[blockId=conID: 2 locID: 102670698762273452 bcsId: 0,size=4194304]} | ret=SUCCESS |  
2019-08-24 07:08:55,400 | INFO  | DNAudit | user=null | ip=null | op=PUT_BLOCK {blockData=[blockId=conID: 2 locID: 102670698762273452 bcsId: 0,size=4194304]} | ret=SUCCESS |  
2019-08-24 07:08:55,400 [grpc-default-executor-2] INFO  client.GrpcClientProtocolClient (GrpcClientProtocolClient.java:onNext(255)) - client-6EDD19400D46->06a4573b-67a1-41e3-a350-f896363bc636: receive RaftClientReply:client-6EDD19400D46->06a4573b-67a1-41e3-a350-f896363bc636@group-757E3781CD2A, cid=3418, SUCCESS, logIndex=0, commits[06a4573b-67a1-41e3-a350-f896363bc636:c5142, 0b725bbf-683b-4664-9a2e-3c9dd6e38bc1:c5141, 9193e3b7-ae04-484d-a740-c65c11559486:c5141]
2019-08-24 07:08:55,408 | INFO  | SCMAudit | user=jenkins1000 | ip=192.168.69.125 | op=ALLOCATE_BLOCK {owner=61bacca8-15b6-4a50-8962-5e9786b18b0d, size=4194304, type=RATIS, factor=THREE} | ret=SUCCESS |  
2019-08-24 07:08:55,414 | INFO  | OMAudit | user=jenkins1000 | ip=127.0.0.1 | op=ALLOCATE_BLOCK {volume=vol-0-26988, bucket=bucket-0-20739, key=key-0-27353, dataSize=0, replicationType=null, replicationFactor=null, keyLocationInfo=null, clientID=102670695851229586} | ret=SUCCESS |  
2019-08-24 07:08:55,421 | INFO  | DNAudit | user=null | ip=null | op=WRITE_CHUNK {blockData=conID: 3 locID: 102670698768499373 bcsId: 0} | ret=SUCCESS |  
2019-08-24 07:08:55,424 | INFO  | DNAudit | user=null | ip=null | op=WRITE_CHUNK {blockData=conID: 3 locID: 102670698768499373 bcsId: 0} | ret=SUCCESS |  
2019-08-24 07:08:55,424 | INFO  | DNAudit | user=null | ip=null | op=WRITE_CHUNK {blockData=conID: 3 locID: 102670698768499373 bcsId: 0} | ret=SUCCESS |  
2019-08-24 07:08:55,424 | INFO  | DNAudit | user=null | ip=null | op=WRITE_CHUNK {blockData=conID: 3 locID: 102670698768499373 bcsId: 0} | ret=SUCCESS |  
2019-08-24 07:08:55,425 | INFO  | DNAudit | user=null | ip=null | op=WRITE_CHUNK {blockData=conID: 3 locID: 102670698768499373 bcsId: 0} | ret=SUCCESS |  
2019-08-24 07:08:55,425 | INFO  | DNAudit | user=null | ip=null | op=WRITE_CHUNK {blockData=conID: 3 locID: 102670698768499373 bcsId: 0} | ret=SUCCESS |  
2019-08-24 07:08:55,433 | INFO  | DNAudit | user=null | ip=null | op=WRITE_CHUNK {blockData=conID: 3 locID: 102670698768499373 bcsId: 0} | ret=SUCCESS |  
2019-08-24 07:08:55,434 | INFO  | DNAudit | user=null | ip=null | op=PUT_BLOCK {blockData=[blockId=conID: 3 locID: 102670698768499373 bcsId: 0,size=1048576]} | ret=SUCCESS |  
2019-08-24 07:08:55,434 [grpc-default-executor-1] INFO  client.GrpcClientProtocolClient (GrpcClientProtocolClient.java:onNext(255)) - client-6EDD19400D46->06a4573b-67a1-41e3-a350-f896363bc636: receive RaftClientReply:client-6EDD19400D46->06a4573b-67a1-41e3-a350-f896363bc636@group-757E3781CD2A, cid=3419, SUCCESS, logIndex=5144, commits[06a4573b-67a1-41e3-a350-f896363bc636:c5145, 0b725bbf-683b-4664-9a2e-3c9dd6e38bc1:c5143, 9193e3b7-ae04-484d-a740-c65c11559486:c5143]
2019-08-24 07:08:55,434 | INFO  | DNAudit | user=null | ip=null | op=WRITE_CHUNK {blockData=conID: 3 locID: 102670698768499373 bcsId: 0} | ret=SUCCESS |  
2019-08-24 07:08:55,435 [grpc-default-executor-1] INFO  client.GrpcClientProtocolClient (GrpcClientProtocolClient.java:onNext(255)) - client-6EDD19400D46->06a4573b-67a1-41e3-a350-f896363bc636: receive RaftClientReply:client-6EDD19400D46->06a4573b-67a1-41e3-a350-f896363bc636@group-757E3781CD2A, cid=3420, SUCCESS, logIndex=5145, commits[06a4573b-67a1-41e3-a350-f896363bc636:c5147, 0b725bbf-683b-4664-9a2e-3c9dd6e38bc1:c5143, 9193e3b7-ae04-484d-a740-c65c11559486:c5143]
2019-08-24 07:08:55,435 | INFO  | DNAudit | user=null | ip=null | op=WRITE_CHUNK {blockData=conID: 3 locID: 102670698768499373 bcsId: 0} | ret=SUCCESS |  
2019-08-24 07:08:55,435 | INFO  | DNAudit | user=null | ip=null | op=PUT_BLOCK {blockData=[blockId=conID: 3 locID: 102670698768499373 bcsId: 0,size=2097152]} | ret=SUCCESS |  
2019-08-24 07:08:55,435 | INFO  | DNAudit | user=null | ip=null | op=WRITE_CHUNK {blockData=conID: 3 locID: 102670698768499373 bcsId: 0} | ret=SUCCESS |  
2019-08-24 07:08:55,435 | INFO  | DNAudit | user=null | ip=null | op=PUT_BLOCK {blockData=[blockId=conID: 3 locID: 102670698768499373 bcsId: 0,size=1048576]} | ret=SUCCESS |  
2019-08-24 07:08:55,435 [grpc-default-executor-1] INFO  client.GrpcClientProtocolClient (GrpcClientProtocolClient.java:onNext(255)) - client-6EDD19400D46->06a4573b-67a1-41e3-a350-f896363bc636: receive RaftClientReply:client-6EDD19400D46->06a4573b-67a1-41e3-a350-f896363bc636@group-757E3781CD2A, cid=3421, SUCCESS, logIndex=5146, commits[06a4573b-67a1-41e3-a350-f896363bc636:c5147, 0b725bbf-683b-4664-9a2e-3c9dd6e38bc1:c5143, 9193e3b7-ae04-484d-a740-c65c11559486:c5143]
2019-08-24 07:08:55,436 | INFO  | DNAudit | user=null | ip=null | op=PUT_BLOCK {blockData=[blockId=conID: 3 locID: 102670698768499373 bcsId: 0,size=1048576]} | ret=SUCCESS |  
2019-08-24 07:08:55,436 [grpc-default-executor-1] INFO  client.GrpcClientProtocolClient (GrpcClientProtocolClient.java:onNext(255)) - client-6EDD19400D46->06a4573b-67a1-41e3-a350-f896363bc636: receive RaftClientReply:client-6EDD19400D46->06a4573b-67a1-41e3-a350-f896363bc636@group-757E3781CD2A, cid=3422, SUCCESS, logIndex=5147, commits[06a4573b-67a1-41e3-a350-f896363bc636:c5148, 0b725bbf-683b-4664-9a2e-3c9dd6e38bc1:c5144, 9193e3b7-ae04-484d-a740-c65c11559486:c5144]
2019-08-24 07:08:55,436 | INFO  | DNAudit | user=null | ip=null | op=WRITE_CHUNK {blockData=conID: 3 locID: 102670698768499373 bcsId: 0} | ret=SUCCESS |  
2019-08-24 07:08:55,436 | INFO  | DNAudit | user=null | ip=null | op=PUT_BLOCK {blockData=[blockId=conID: 3 locID: 102670698768499373 bcsId: 0,size=2097152]} | ret=SUCCESS |  
2019-08-24 07:08:55,436 [grpc-default-executor-1] INFO  client.GrpcClientProtocolClient (GrpcClientProtocolClient.java:onNext(255)) - client-6EDD19400D46->06a4573b-67a1-41e3-a350-f896363bc636: receive RaftClientReply:client-6EDD19400D46->06a4573b-67a1-41e3-a350-f896363bc636@group-757E3781CD2A, cid=3423, SUCCESS, logIndex=0, commits[06a4573b-67a1-41e3-a350-f896363bc636:c5150, 0b725bbf-683b-4664-9a2e-3c9dd6e38bc1:c5145, 9193e3b7-ae04-484d-a740-c65c11559486:c5147]
2019-08-24 07:08:55,437 | INFO  | DNAudit | user=null | ip=null | op=WRITE_CHUNK {blockData=conID: 3 locID: 102670698768499373 bcsId: 0} | ret=SUCCESS |  
2019-08-24 07:08:55,437 | INFO  | DNAudit | user=null | ip=null | op=PUT_BLOCK {blockData=[blockId=conID: 3 locID: 102670698768499373 bcsId: 0,size=2097152]} | ret=SUCCESS |  
2019-08-24 07:08:55,442 | INFO  | DNAudit | user=null | ip=null | op=WRITE_CHUNK {blockData=conID: 3 locID: 102670698768499373 bcsId: 5147} | ret=SUCCESS |  
2019-08-24 07:08:55,445 | INFO  | DNAudit | user=null | ip=null | op=WRITE_CHUNK {blockData=conID: 3 locID: 102670698768499373 bcsId: 5147} | ret=SUCCESS |  
2019-08-24 07:08:55,445 | INFO  | DNAudit | user=null | ip=null | op=WRITE_CHUNK {blockData=conID: 3 locID: 102670698768499373 bcsId: 5147} | ret=SUCCESS |  
2019-08-24 07:08:55,455 | INFO  | DNAudit | user=null | ip=null | op=WRITE_CHUNK {blockData=conID: 3 locID: 102670698768499373 bcsId: 5147} | ret=SUCCESS |  
2019-08-24 07:08:55,455 | INFO  | DNAudit | user=null | ip=null | op=PUT_BLOCK {blockData=[blockId=conID: 3 locID: 102670698768499373 bcsId: 0,size=3145728]} | ret=SUCCESS |  
2019-08-24 07:08:55,456 [grpc-default-executor-1] INFO  client.GrpcClientProtocolClient (GrpcClientProtocolClient.java:onNext(255)) - client-6EDD19400D46->06a4573b-67a1-41e3-a350-f896363bc636: receive RaftClientReply:client-6EDD19400D46->06a4573b-67a1-41e3-a350-f896363bc636@group-757E3781CD2A, cid=3424, SUCCESS, logIndex=5152, commits[06a4573b-67a1-41e3-a350-f896363bc636:c5153, 0b725bbf-683b-4664-9a2e-3c9dd6e38bc1:c5151, 9193e3b7-ae04-484d-a740-c65c11559486:c5151]
2019-08-24 07:08:55,456 [grpc-default-executor-1] INFO  client.GrpcClientProtocolClient (GrpcClientProtocolClient.java:onNext(255)) - client-6EDD19400D46->06a4573b-67a1-41e3-a350-f896363bc636: receive RaftClientReply:client-6EDD19400D46->06a4573b-67a1-41e3-a350-f896363bc636@group-757E3781CD2A, cid=3425, SUCCESS, logIndex=5153, commits[06a4573b-67a1-41e3-a350-f896363bc636:c5153, 0b725bbf-683b-4664-9a2e-3c9dd6e38bc1:c5151, 9193e3b7-ae04-484d-a740-c65c11559486:c5151]
2019-08-24 07:08:55,462 | INFO  | DNAudit | user=null | ip=null | op=WRITE_CHUNK {blockData=conID: 3 locID: 102670698768499373 bcsId: 5153} | ret=SUCCESS |  
2019-08-24 07:08:55,465 | INFO  | DNAudit | user=null | ip=null | op=WRITE_CHUNK {blockData=conID: 3 locID: 102670698768499373 bcsId: 5153} | ret=SUCCESS |  
2019-08-24 07:08:55,465 | INFO  | DNAudit | user=null | ip=null | op=WRITE_CHUNK {blockData=conID: 3 locID: 102670698768499373 bcsId: 5153} | ret=SUCCESS |  
2019-08-24 07:08:55,467 | INFO  | DNAudit | user=null | ip=null | op=WRITE_CHUNK {blockData=conID: 3 locID: 102670698768499373 bcsId: 5147} | ret=SUCCESS |  
2019-08-24 07:08:55,467 | INFO  | DNAudit | user=null | ip=null | op=WRITE_CHUNK {blockData=conID: 3 locID: 102670698768499373 bcsId: 5147} | ret=SUCCESS |  
2019-08-24 07:08:55,468 | INFO  | DNAudit | user=null | ip=null | op=PUT_BLOCK {blockData=[blockId=conID: 3 locID: 102670698768499373 bcsId: 0,size=3145728]} | ret=SUCCESS |  
2019-08-24 07:08:55,468 | INFO  | DNAudit | user=null | ip=null | op=PUT_BLOCK {blockData=[blockId=conID: 3 locID: 102670698768499373 bcsId: 0,size=3145728]} | ret=SUCCESS |  
2019-08-24 07:08:55,469 | INFO  | DNAudit | user=null | ip=null | op=WRITE_CHUNK {blockData=conID: 3 locID: 102670698768499373 bcsId: 5153} | ret=SUCCESS |  
2019-08-24 07:08:55,469 | INFO  | DNAudit | user=null | ip=null | op=PUT_BLOCK {blockData=[blockId=conID: 3 locID: 102670698768499373 bcsId: 0,size=4194304]} | ret=SUCCESS |  
2019-08-24 07:08:55,470 [grpc-default-executor-1] INFO  client.GrpcClientProtocolClient (GrpcClientProtocolClient.java:onNext(255)) - client-6EDD19400D46->06a4573b-67a1-41e3-a350-f896363bc636: receive RaftClientReply:client-6EDD19400D46->06a4573b-67a1-41e3-a350-f896363bc636@group-757E3781CD2A, cid=3426, SUCCESS, logIndex=5156, commits[06a4573b-67a1-41e3-a350-f896363bc636:c5157, 0b725bbf-683b-4664-9a2e-3c9dd6e38bc1:c5153, 9193e3b7-ae04-484d-a740-c65c11559486:c5153]
2019-08-24 07:08:55,470 [grpc-default-executor-1] INFO  client.GrpcClientProtocolClient (GrpcClientProtocolClient.java:onNext(255)) - client-6EDD19400D46->06a4573b-67a1-41e3-a350-f896363bc636: receive RaftClientReply:client-6EDD19400D46->06a4573b-67a1-41e3-a350-f896363bc636@group-757E3781CD2A, cid=3427, SUCCESS, logIndex=5157, commits[06a4573b-67a1-41e3-a350-f896363bc636:c5157, 0b725bbf-683b-4664-9a2e-3c9dd6e38bc1:c5153, 9193e3b7-ae04-484d-a740-c65c11559486:c5153]
2019-08-24 07:08:55,481 | INFO  | DNAudit | user=null | ip=null | op=WRITE_CHUNK {blockData=conID: 3 locID: 102670698768499373 bcsId: 5153} | ret=SUCCESS |  
2019-08-24 07:08:55,481 | INFO  | DNAudit | user=null | ip=null | op=WRITE_CHUNK {blockData=conID: 3 locID: 102670698768499373 bcsId: 5153} | ret=SUCCESS |  
2019-08-24 07:08:55,482 | INFO  | DNAudit | user=null | ip=null | op=PUT_BLOCK {blockData=[blockId=conID: 3 locID: 102670698768499373 bcsId: 0,size=4194304]} | ret=SUCCESS |  
2019-08-24 07:08:55,482 | INFO  | DNAudit | user=null | ip=null | op=PUT_BLOCK {blockData=[blockId=conID: 3 locID: 102670698768499373 bcsId: 0,size=4194304]} | ret=SUCCESS |  
2019-08-24 07:08:55,482 [grpc-default-executor-5] INFO  client.GrpcClientProtocolClient (GrpcClientProtocolClient.java:onNext(255)) - client-6EDD19400D46->06a4573b-67a1-41e3-a350-f896363bc636: receive RaftClientReply:client-6EDD19400D46->06a4573b-67a1-41e3-a350-f896363bc636@group-757E3781CD2A, cid=3428, SUCCESS, logIndex=0, commits[06a4573b-67a1-41e3-a350-f896363bc636:c5159, 0b725bbf-683b-4664-9a2e-3c9dd6e38bc1:c5157, 9193e3b7-ae04-484d-a740-c65c11559486:c5157]
2019-08-24 07:08:55,488 | INFO  | SCMAudit | user=jenkins1000 | ip=192.168.69.125 | op=ALLOCATE_BLOCK {owner=61bacca8-15b6-4a50-8962-5e9786b18b0d, size=4194304, type=RATIS, factor=THREE} | ret=SUCCESS |  
2019-08-24 07:08:55,492 | INFO  | OMAudit | user=jenkins1000 | ip=127.0.0.1 | op=ALLOCATE_BLOCK {volume=vol-0-26988, bucket=bucket-0-20739, key=key-0-27353, dataSize=0, replicationType=null, replicationFactor=null, keyLocationInfo=null, clientID=102670695851229586} | ret=SUCCESS |  
2019-08-24 07:08:55,499 | INFO  | DNAudit | user=null | ip=null | op=WRITE_CHUNK {blockData=conID: 1 locID: 102670698773742254 bcsId: 0} | ret=SUCCESS |  
2019-08-24 07:08:55,502 | INFO  | DNAudit | user=null | ip=null | op=WRITE_CHUNK {blockData=conID: 1 locID: 102670698773742254 bcsId: 0} | ret=SUCCESS |  
2019-08-24 07:08:55,502 | INFO  | DNAudit | user=null | ip=null | op=WRITE_CHUNK {blockData=conID: 1 locID: 102670698773742254 bcsId: 0} | ret=SUCCESS |  
2019-08-24 07:08:55,503 | INFO  | DNAudit | user=null | ip=null | op=WRITE_CHUNK {blockData=conID: 1 locID: 102670698773742254 bcsId: 0} | ret=SUCCESS |  
2019-08-24 07:08:55,504 | INFO  | DNAudit | user=null | ip=null | op=WRITE_CHUNK {blockData=conID: 1 locID: 102670698773742254 bcsId: 0} | ret=SUCCESS |  
2019-08-24 07:08:55,504 | INFO  | DNAudit | user=null | ip=null | op=WRITE_CHUNK {blockData=conID: 1 locID: 102670698773742254 bcsId: 0} | ret=SUCCESS |  
2019-08-24 07:08:55,511 | INFO  | DNAudit | user=null | ip=null | op=WRITE_CHUNK {blockData=conID: 1 locID: 102670698773742254 bcsId: 0} | ret=SUCCESS |  
2019-08-24 07:08:55,512 | INFO  | DNAudit | user=null | ip=null | op=PUT_BLOCK {blockData=[blockId=conID: 1 locID: 102670698773742254 bcsId: 0,size=1048576]} | ret=SUCCESS |  
2019-08-24 07:08:55,512 [grpc-default-executor-1] INFO  client.GrpcClientProtocolClient (GrpcClientProtocolClient.java:onNext(255)) - client-6EDD19400D46->06a4573b-67a1-41e3-a350-f896363bc636: receive RaftClientReply:client-6EDD19400D46->06a4573b-67a1-41e3-a350-f896363bc636@group-757E3781CD2A, cid=3429, SUCCESS, logIndex=5160, commits[06a4573b-67a1-41e3-a350-f896363bc636:c5160, 0b725bbf-683b-4664-9a2e-3c9dd6e38bc1:c5159, 9193e3b7-ae04-484d-a740-c65c11559486:c5159]
2019-08-24 07:08:55,512 | INFO  | DNAudit | user=null | ip=null | op=WRITE_CHUNK {blockData=conID: 1 locID: 102670698773742254 bcsId: 0} | ret=SUCCESS |  
2019-08-24 07:08:55,513 | INFO  | DNAudit | user=null | ip=null | op=WRITE_CHUNK {blockData=conID: 1 locID: 102670698773742254 bcsId: 0} | ret=SUCCESS |  
2019-08-24 07:08:55,513 [grpc-default-executor-1] INFO  client.GrpcClientProtocolClient (GrpcClientProtocolClient.java:onNext(255)) - client-6EDD19400D46->06a4573b-67a1-41e3-a350-f896363bc636: receive RaftClientReply:client-6EDD19400D46->06a4573b-67a1-41e3-a350-f896363bc636@group-757E3781CD2A, cid=3430, SUCCESS, logIndex=5161, commits[06a4573b-67a1-41e3-a350-f896363bc636:c5163, 0b725bbf-683b-4664-9a2e-3c9dd6e38bc1:c5159, 9193e3b7-ae04-484d-a740-c65c11559486:c5159]
2019-08-24 07:08:55,513 | INFO  | DNAudit | user=null | ip=null | op=WRITE_CHUNK {blockData=conID: 1 locID: 102670698773742254 bcsId: 0} | ret=SUCCESS |  
2019-08-24 07:08:55,513 | INFO  | DNAudit | user=null | ip=null | op=PUT_BLOCK {blockData=[blockId=conID: 1 locID: 102670698773742254 bcsId: 0,size=2097152]} | ret=SUCCESS |  
2019-08-24 07:08:55,513 [grpc-default-executor-1] INFO  client.GrpcClientProtocolClient (GrpcClientProtocolClient.java:onNext(255)) - client-6EDD19400D46->06a4573b-67a1-41e3-a350-f896363bc636: receive RaftClientReply:client-6EDD19400D46->06a4573b-67a1-41e3-a350-f896363bc636@group-757E3781CD2A, cid=3431, SUCCESS, logIndex=5162, commits[06a4573b-67a1-41e3-a350-f896363bc636:c5163, 0b725bbf-683b-4664-9a2e-3c9dd6e38bc1:c5159, 9193e3b7-ae04-484d-a740-c65c11559486:c5159]
2019-08-24 07:08:55,513 [grpc-default-executor-1] INFO  client.GrpcClientProtocolClient (GrpcClientProtocolClient.java:onNext(255)) - client-6EDD19400D46->06a4573b-67a1-41e3-a350-f896363bc636: receive RaftClientReply:client-6EDD19400D46->06a4573b-67a1-41e3-a350-f896363bc636@group-757E3781CD2A, cid=3432, SUCCESS, logIndex=5163, commits[06a4573b-67a1-41e3-a350-f896363bc636:c5164, 0b725bbf-683b-4664-9a2e-3c9dd6e38bc1:c5160, 9193e3b7-ae04-484d-a740-c65c11559486:c5160]
2019-08-24 07:08:55,514 | INFO  | DNAudit | user=null | ip=null | op=PUT_BLOCK {blockData=[blockId=conID: 1 locID: 102670698773742254 bcsId: 0,size=1048576]} | ret=SUCCESS |  
2019-08-24 07:08:55,514 | INFO  | DNAudit | user=null | ip=null | op=PUT_BLOCK {blockData=[blockId=conID: 1 locID: 102670698773742254 bcsId: 0,size=1048576]} | ret=SUCCESS |  
2019-08-24 07:08:55,514 | INFO  | DNAudit | user=null | ip=null | op=WRITE_CHUNK {blockData=conID: 1 locID: 102670698773742254 bcsId: 0} | ret=SUCCESS |  
2019-08-24 07:08:55,514 | INFO  | DNAudit | user=null | ip=null | op=WRITE_CHUNK {blockData=conID: 1 locID: 102670698773742254 bcsId: 0} | ret=SUCCESS |  
2019-08-24 07:08:55,514 | INFO  | DNAudit | user=null | ip=null | op=PUT_BLOCK {blockData=[blockId=conID: 1 locID: 102670698773742254 bcsId: 0,size=2097152]} | ret=SUCCESS |  
2019-08-24 07:08:55,514 | INFO  | DNAudit | user=null | ip=null | op=PUT_BLOCK {blockData=[blockId=conID: 1 locID: 102670698773742254 bcsId: 0,size=2097152]} | ret=SUCCESS |  
2019-08-24 07:08:55,514 [grpc-default-executor-1] INFO  client.GrpcClientProtocolClient (GrpcClientProtocolClient.java:onNext(255)) - client-6EDD19400D46->06a4573b-67a1-41e3-a350-f896363bc636: receive RaftClientReply:client-6EDD19400D46->06a4573b-67a1-41e3-a350-f896363bc636@group-757E3781CD2A, cid=3433, SUCCESS, logIndex=0, commits[06a4573b-67a1-41e3-a350-f896363bc636:c5165, 0b725bbf-683b-4664-9a2e-3c9dd6e38bc1:c5163, 9193e3b7-ae04-484d-a740-c65c11559486:c5163]
2019-08-24 07:08:55,521 | INFO  | DNAudit | user=null | ip=null | op=WRITE_CHUNK {blockData=conID: 1 locID: 102670698773742254 bcsId: 5163} | ret=SUCCESS |  
2019-08-24 07:08:55,525 | INFO  | DNAudit | user=null | ip=null | op=WRITE_CHUNK {blockData=conID: 1 locID: 102670698773742254 bcsId: 5163} | ret=SUCCESS |  
2019-08-24 07:08:55,525 | INFO  | DNAudit | user=null | ip=null | op=WRITE_CHUNK {blockData=conID: 1 locID: 102670698773742254 bcsId: 5163} | ret=SUCCESS |  
2019-08-24 07:08:55,538 | INFO  | DNAudit | user=null | ip=null | op=WRITE_CHUNK {blockData=conID: 1 locID: 102670698773742254 bcsId: 5163} | ret=SUCCESS |  
2019-08-24 07:08:55,538 | INFO  | DNAudit | user=null | ip=null | op=PUT_BLOCK {blockData=[blockId=conID: 1 locID: 102670698773742254 bcsId: 0,size=3145728]} | ret=SUCCESS |  
2019-08-24 07:08:55,538 [grpc-default-executor-5] INFO  client.GrpcClientProtocolClient (GrpcClientProtocolClient.java:onNext(255)) - client-6EDD19400D46->06a4573b-67a1-41e3-a350-f896363bc636: receive RaftClientReply:client-6EDD19400D46->06a4573b-67a1-41e3-a350-f896363bc636@group-757E3781CD2A, cid=3434, SUCCESS, logIndex=5166, commits[06a4573b-67a1-41e3-a350-f896363bc636:c5167, 0b725bbf-683b-4664-9a2e-3c9dd6e38bc1:c5165, 9193e3b7-ae04-484d-a740-c65c11559486:c5165]
2019-08-24 07:08:55,539 [grpc-default-executor-5] INFO  client.GrpcClientProtocolClient (GrpcClientProtocolClient.java:onNext(255)) - client-6EDD19400D46->06a4573b-67a1-41e3-a350-f896363bc636: receive RaftClientReply:client-6EDD19400D46->06a4573b-67a1-41e3-a350-f896363bc636@group-757E3781CD2A, cid=3435, SUCCESS, logIndex=5167, commits[06a4573b-67a1-41e3-a350-f896363bc636:c5167, 0b725bbf-683b-4664-9a2e-3c9dd6e38bc1:c5165, 9193e3b7-ae04-484d-a740-c65c11559486:c5165]
2019-08-24 07:08:55,546 | INFO  | DNAudit | user=null | ip=null | op=WRITE_CHUNK {blockData=conID: 1 locID: 102670698773742254 bcsId: 5167} | ret=SUCCESS |  
2019-08-24 07:08:55,550 | INFO  | DNAudit | user=null | ip=null | op=WRITE_CHUNK {blockData=conID: 1 locID: 102670698773742254 bcsId: 5167} | ret=SUCCESS |  
2019-08-24 07:08:55,550 | INFO  | DNAudit | user=null | ip=null | op=WRITE_CHUNK {blockData=conID: 1 locID: 102670698773742254 bcsId: 5167} | ret=SUCCESS |  
2019-08-24 07:08:55,551 | INFO  | DNAudit | user=null | ip=null | op=WRITE_CHUNK {blockData=conID: 1 locID: 102670698773742254 bcsId: 5163} | ret=SUCCESS |  
2019-08-24 07:08:55,551 | INFO  | DNAudit | user=null | ip=null | op=WRITE_CHUNK {blockData=conID: 1 locID: 102670698773742254 bcsId: 5163} | ret=SUCCESS |  
2019-08-24 07:08:55,552 | INFO  | DNAudit | user=null | ip=null | op=PUT_BLOCK {blockData=[blockId=conID: 1 locID: 102670698773742254 bcsId: 0,size=3145728]} | ret=SUCCESS |  
2019-08-24 07:08:55,552 | INFO  | DNAudit | user=null | ip=null | op=PUT_BLOCK {blockData=[blockId=conID: 1 locID: 102670698773742254 bcsId: 0,size=3145728]} | ret=SUCCESS |  
2019-08-24 07:08:55,553 | INFO  | DNAudit | user=null | ip=null | op=WRITE_CHUNK {blockData=conID: 1 locID: 102670698773742254 bcsId: 5167} | ret=SUCCESS |  
2019-08-24 07:08:55,553 | INFO  | DNAudit | user=null | ip=null | op=PUT_BLOCK {blockData=[blockId=conID: 1 locID: 102670698773742254 bcsId: 0,size=4194304]} | ret=SUCCESS |  
2019-08-24 07:08:55,553 [grpc-default-executor-5] INFO  client.GrpcClientProtocolClient (GrpcClientProtocolClient.java:onNext(255)) - client-6EDD19400D46->06a4573b-67a1-41e3-a350-f896363bc636: receive RaftClientReply:client-6EDD19400D46->06a4573b-67a1-41e3-a350-f896363bc636@group-757E3781CD2A, cid=3436, SUCCESS, logIndex=5170, commits[06a4573b-67a1-41e3-a350-f896363bc636:c5171, 0b725bbf-683b-4664-9a2e-3c9dd6e38bc1:c5167, 9193e3b7-ae04-484d-a740-c65c11559486:c5167]
2019-08-24 07:08:55,554 [grpc-default-executor-5] INFO  client.GrpcClientProtocolClient (GrpcClientProtocolClient.java:onNext(255)) - client-6EDD19400D46->06a4573b-67a1-41e3-a350-f896363bc636: receive RaftClientReply:client-6EDD19400D46->06a4573b-67a1-41e3-a350-f896363bc636@group-757E3781CD2A, cid=3437, SUCCESS, logIndex=5171, commits[06a4573b-67a1-41e3-a350-f896363bc636:c5171, 0b725bbf-683b-4664-9a2e-3c9dd6e38bc1:c5167, 9193e3b7-ae04-484d-a740-c65c11559486:c5167]
2019-08-24 07:08:55,564 | INFO  | DNAudit | user=null | ip=null | op=WRITE_CHUNK {blockData=conID: 1 locID: 102670698773742254 bcsId: 5167} | ret=SUCCESS |  
2019-08-24 07:08:55,565 | INFO  | DNAudit | user=null | ip=null | op=WRITE_CHUNK {blockData=conID: 1 locID: 102670698773742254 bcsId: 5167} | ret=SUCCESS |  
2019-08-24 07:08:55,566 | INFO  | DNAudit | user=null | ip=null | op=PUT_BLOCK {blockData=[blockId=conID: 1 locID: 102670698773742254 bcsId: 0,size=4194304]} | ret=SUCCESS |  
2019-08-24 07:08:55,566 | INFO  | DNAudit | user=null | ip=null | op=PUT_BLOCK {blockData=[blockId=conID: 1 locID: 102670698773742254 bcsId: 0,size=4194304]} | ret=SUCCESS |  
2019-08-24 07:08:55,566 [grpc-default-executor-5] INFO  client.GrpcClientProtocolClient (GrpcClientProtocolClient.java:onNext(255)) - client-6EDD19400D46->06a4573b-67a1-41e3-a350-f896363bc636: receive RaftClientReply:client-6EDD19400D46->06a4573b-67a1-41e3-a350-f896363bc636@group-757E3781CD2A, cid=3438, SUCCESS, logIndex=0, commits[06a4573b-67a1-41e3-a350-f896363bc636:c5173, 0b725bbf-683b-4664-9a2e-3c9dd6e38bc1:c5171, 9193e3b7-ae04-484d-a740-c65c11559486:c5171]
2019-08-24 07:08:55,572 | INFO  | SCMAudit | user=jenkins1000 | ip=192.168.69.125 | op=ALLOCATE_BLOCK {owner=61bacca8-15b6-4a50-8962-5e9786b18b0d, size=4194304, type=RATIS, factor=THREE} | ret=SUCCESS |  
2019-08-24 07:08:55,576 | INFO  | OMAudit | user=jenkins1000 | ip=127.0.0.1 | op=ALLOCATE_BLOCK {volume=vol-0-26988, bucket=bucket-0-20739, key=key-0-27353, dataSize=0, replicationType=null, replicationFactor=null, keyLocationInfo=null, clientID=102670695851229586} | ret=SUCCESS |  
2019-08-24 07:08:55,585 | INFO  | DNAudit | user=null | ip=null | op=WRITE_CHUNK {blockData=conID: 2 locID: 102670698779247279 bcsId: 0} | ret=SUCCESS |  
 0.00% |█                                                                                                    |  0/1 Time: 0:00:452019-08-24 07:08:56,248 | INFO  | DNAudit | user=null | ip=null | op=WRITE_CHUNK {blockData=conID: 2 locID: 102670698779247279 bcsId: 0} | ret=SUCCESS |  
2019-08-24 07:08:56,249 | INFO  | SCMAudit | user=jenkins1000 | ip=192.168.69.125 | op=SEND_HEARTBEAT {datanodeUUID=9193e3b7-ae04-484d-a740-c65c11559486, command=[]} | ret=SUCCESS |  
2019-08-24 07:08:56,249 | INFO  | SCMAudit | user=jenkins1000 | ip=192.168.69.125 | op=SEND_HEARTBEAT {datanodeUUID=06a4573b-67a1-41e3-a350-f896363bc636, command=[]} | ret=SUCCESS |  
2019-08-24 07:08:56,249 | INFO  | SCMAudit | user=jenkins1000 | ip=192.168.69.125 | op=SEND_HEARTBEAT {datanodeUUID=0b725bbf-683b-4664-9a2e-3c9dd6e38bc1, command=[]} | ret=SUCCESS |  
2019-08-24 07:08:56,249 | INFO  | SCMAudit | user=jenkins1000 | ip=192.168.69.125 | op=SEND_HEARTBEAT {datanodeUUID=25ce0803-6f34-4c69-82c0-892f08679042, command=[]} | ret=SUCCESS |  
2019-08-24 07:08:56,249 | INFO  | SCMAudit | user=jenkins1000 | ip=192.168.69.125 | op=SEND_HEARTBEAT {datanodeUUID=b8548da6-9cc6-46be-8dd4-5219531f5960, command=[]} | ret=SUCCESS |  
2019-08-24 07:08:56,253 | INFO  | DNAudit | user=null | ip=null | op=WRITE_CHUNK {blockData=conID: 2 locID: 102670698779247279 bcsId: 0} | ret=SUCCESS |  
2019-08-24 07:08:56,253 | INFO  | DNAudit | user=null | ip=null | op=WRITE_CHUNK {blockData=conID: 2 locID: 102670698779247279 bcsId: 0} | ret=SUCCESS |  
2019-08-24 07:08:56,255 | INFO  | DNAudit | user=null | ip=null | op=WRITE_CHUNK {blockData=conID: 2 locID: 102670698779247279 bcsId: 0} | ret=SUCCESS |  
2019-08-24 07:08:56,256 | INFO  | DNAudit | user=null | ip=null | op=WRITE_CHUNK {blockData=conID: 2 locID: 102670698779247279 bcsId: 0} | ret=SUCCESS |  
2019-08-24 07:08:56,262 | INFO  | DNAudit | user=null | ip=null | op=WRITE_CHUNK {blockData=conID: 2 locID: 102670698779247279 bcsId: 0} | ret=SUCCESS |  
2019-08-24 07:08:56,263 | INFO  | DNAudit | user=null | ip=null | op=PUT_BLOCK {blockData=[blockId=conID: 2 locID: 102670698779247279 bcsId: 0,size=1048576]} | ret=SUCCESS |  
2019-08-24 07:08:56,264 | INFO  | DNAudit | user=null | ip=null | op=WRITE_CHUNK {blockData=conID: 2 locID: 102670698779247279 bcsId: 0} | ret=SUCCESS |  
2019-08-24 07:08:56,264 | INFO  | DNAudit | user=null | ip=null | op=WRITE_CHUNK {blockData=conID: 2 locID: 102670698779247279 bcsId: 0} | ret=SUCCESS |  
2019-08-24 07:08:56,264 | INFO  | DNAudit | user=null | ip=null | op=PUT_BLOCK {blockData=[blockId=conID: 2 locID: 102670698779247279 bcsId: 0,size=2097152]} | ret=SUCCESS |  
2019-08-24 07:08:56,264 | INFO  | DNAudit | user=null | ip=null | op=WRITE_CHUNK {blockData=conID: 2 locID: 102670698779247279 bcsId: 0} | ret=SUCCESS |  
2019-08-24 07:08:56,264 [grpc-default-executor-1] INFO  client.GrpcClientProtocolClient (GrpcClientProtocolClient.java:onNext(255)) - client-6EDD19400D46->06a4573b-67a1-41e3-a350-f896363bc636: receive RaftClientReply:client-6EDD19400D46->06a4573b-67a1-41e3-a350-f896363bc636@group-757E3781CD2A, cid=3439, SUCCESS, logIndex=5174, commits[06a4573b-67a1-41e3-a350-f896363bc636:c5177, 0b725bbf-683b-4664-9a2e-3c9dd6e38bc1:c5173, 9193e3b7-ae04-484d-a740-c65c11559486:c5173]
2019-08-24 07:08:56,264 | INFO  | DNAudit | user=null | ip=null | op=PUT_BLOCK {blockData=[blockId=conID: 2 locID: 102670698779247279 bcsId: 0,size=1048576]} | ret=SUCCESS |  
2019-08-24 07:08:56,264 | INFO  | DNAudit | user=null | ip=null | op=PUT_BLOCK {blockData=[blockId=conID: 2 locID: 102670698779247279 bcsId: 0,size=1048576]} | ret=SUCCESS |  
2019-08-24 07:08:56,265 [grpc-default-executor-1] INFO  client.GrpcClientProtocolClient (GrpcClientProtocolClient.java:onNext(255)) - client-6EDD19400D46->06a4573b-67a1-41e3-a350-f896363bc636: receive RaftClientReply:client-6EDD19400D46->06a4573b-67a1-41e3-a350-f896363bc636@group-757E3781CD2A, cid=3440, SUCCESS, logIndex=5175, commits[06a4573b-67a1-41e3-a350-f896363bc636:c5177, 0b725bbf-683b-4664-9a2e-3c9dd6e38bc1:c5173, 9193e3b7-ae04-484d-a740-c65c11559486:c5173]
2019-08-24 07:08:56,265 [grpc-default-executor-1] INFO  client.GrpcClientProtocolClient (GrpcClientProtocolClient.java:onNext(255)) - client-6EDD19400D46->06a4573b-67a1-41e3-a350-f896363bc636: receive RaftClientReply:client-6EDD19400D46->06a4573b-67a1-41e3-a350-f896363bc636@group-757E3781CD2A, cid=3441, SUCCESS, logIndex=5176, commits[06a4573b-67a1-41e3-a350-f896363bc636:c5177, 0b725bbf-683b-4664-9a2e-3c9dd6e38bc1:c5173, 9193e3b7-ae04-484d-a740-c65c11559486:c5173]
2019-08-24 07:08:56,265 [grpc-default-executor-1] INFO  client.GrpcClientProtocolClient (GrpcClientProtocolClient.java:onNext(255)) - client-6EDD19400D46->06a4573b-67a1-41e3-a350-f896363bc636: receive RaftClientReply:client-6EDD19400D46->06a4573b-67a1-41e3-a350-f896363bc636@group-757E3781CD2A, cid=3442, SUCCESS, logIndex=5177, commits[06a4573b-67a1-41e3-a350-f896363bc636:c5178, 0b725bbf-683b-4664-9a2e-3c9dd6e38bc1:c5175, 9193e3b7-ae04-484d-a740-c65c11559486:c5175]
2019-08-24 07:08:56,265 | INFO  | DNAudit | user=null | ip=null | op=WRITE_CHUNK {blockData=conID: 2 locID: 102670698779247279 bcsId: 0} | ret=SUCCESS |  
2019-08-24 07:08:56,266 | INFO  | DNAudit | user=null | ip=null | op=PUT_BLOCK {blockData=[blockId=conID: 2 locID: 102670698779247279 bcsId: 0,size=2097152]} | ret=SUCCESS |  
2019-08-24 07:08:56,266 | INFO  | DNAudit | user=null | ip=null | op=WRITE_CHUNK {blockData=conID: 2 locID: 102670698779247279 bcsId: 0} | ret=SUCCESS |  
2019-08-24 07:08:56,266 | INFO  | DNAudit | user=null | ip=null | op=PUT_BLOCK {blockData=[blockId=conID: 2 locID: 102670698779247279 bcsId: 0,size=2097152]} | ret=SUCCESS |  
2019-08-24 07:08:56,273 | INFO  | DNAudit | user=null | ip=null | op=WRITE_CHUNK {blockData=conID: 2 locID: 102670698779247279 bcsId: 5177} | ret=SUCCESS |  
2019-08-24 07:08:56,276 | INFO  | DNAudit | user=null | ip=null | op=WRITE_CHUNK {blockData=conID: 2 locID: 102670698779247279 bcsId: 5177} | ret=SUCCESS |  
2019-08-24 07:08:56,277 | INFO  | DNAudit | user=null | ip=null | op=WRITE_CHUNK {blockData=conID: 2 locID: 102670698779247279 bcsId: 5177} | ret=SUCCESS |  
2019-08-24 07:08:56,286 | INFO  | DNAudit | user=null | ip=null | op=WRITE_CHUNK {blockData=conID: 2 locID: 102670698779247279 bcsId: 5177} | ret=SUCCESS |  
2019-08-24 07:08:56,287 | INFO  | DNAudit | user=null | ip=null | op=PUT_BLOCK {blockData=[blockId=conID: 2 locID: 102670698779247279 bcsId: 0,size=3145728]} | ret=SUCCESS |  
2019-08-24 07:08:56,287 [grpc-default-executor-2] INFO  client.GrpcClientProtocolClient (GrpcClientProtocolClient.java:onNext(255)) - client-6EDD19400D46->06a4573b-67a1-41e3-a350-f896363bc636: receive RaftClientReply:client-6EDD19400D46->06a4573b-67a1-41e3-a350-f896363bc636@group-757E3781CD2A, cid=3443, SUCCESS, logIndex=5182, commits[06a4573b-67a1-41e3-a350-f896363bc636:c5183, 0b725bbf-683b-4664-9a2e-3c9dd6e38bc1:c5181, 9193e3b7-ae04-484d-a740-c65c11559486:c5181]
2019-08-24 07:08:56,287 [grpc-default-executor-2] INFO  client.GrpcClientProtocolClient (GrpcClientProtocolClient.java:onNext(255)) - client-6EDD19400D46->06a4573b-67a1-41e3-a350-f896363bc636: receive RaftClientReply:client-6EDD19400D46->06a4573b-67a1-41e3-a350-f896363bc636@group-757E3781CD2A, cid=3444, SUCCESS, logIndex=5183, commits[06a4573b-67a1-41e3-a350-f896363bc636:c5183, 0b725bbf-683b-4664-9a2e-3c9dd6e38bc1:c5181, 9193e3b7-ae04-484d-a740-c65c11559486:c5181]
2019-08-24 07:08:56,294 | INFO  | DNAudit | user=null | ip=null | op=WRITE_CHUNK {blockData=conID: 2 locID: 102670698779247279 bcsId: 5183} | ret=SUCCESS |  
2019-08-24 07:08:56,298 | INFO  | DNAudit | user=null | ip=null | op=WRITE_CHUNK {blockData=conID: 2 locID: 102670698779247279 bcsId: 5177} | ret=SUCCESS |  
2019-08-24 07:08:56,298 | INFO  | DNAudit | user=null | ip=null | op=WRITE_CHUNK {blockData=conID: 2 locID: 102670698779247279 bcsId: 5177} | ret=SUCCESS |  
2019-08-24 07:08:56,298 | INFO  | DNAudit | user=null | ip=null | op=WRITE_CHUNK {blockData=conID: 2 locID: 102670698779247279 bcsId: 5183} | ret=SUCCESS |  
2019-08-24 07:08:56,298 | INFO  | DNAudit | user=null | ip=null | op=WRITE_CHUNK {blockData=conID: 2 locID: 102670698779247279 bcsId: 5183} | ret=SUCCESS |  
2019-08-24 07:08:56,299 | INFO  | DNAudit | user=null | ip=null | op=PUT_BLOCK {blockData=[blockId=conID: 2 locID: 102670698779247279 bcsId: 0,size=3145728]} | ret=SUCCESS |  
2019-08-24 07:08:56,300 | INFO  | DNAudit | user=null | ip=null | op=WRITE_CHUNK {blockData=conID: 2 locID: 102670698779247279 bcsId: 5183} | ret=SUCCESS |  
2019-08-24 07:08:56,300 | INFO  | DNAudit | user=null | ip=null | op=PUT_BLOCK {blockData=[blockId=conID: 2 locID: 102670698779247279 bcsId: 0,size=3145728]} | ret=SUCCESS |  
2019-08-24 07:08:56,300 | INFO  | DNAudit | user=null | ip=null | op=PUT_BLOCK {blockData=[blockId=conID: 2 locID: 102670698779247279 bcsId: 0,size=4194304]} | ret=SUCCESS |  
2019-08-24 07:08:56,300 [grpc-default-executor-2] INFO  client.GrpcClientProtocolClient (GrpcClientProtocolClient.java:onNext(255)) - client-6EDD19400D46->06a4573b-67a1-41e3-a350-f896363bc636: receive RaftClientReply:client-6EDD19400D46->06a4573b-67a1-41e3-a350-f896363bc636@group-757E3781CD2A, cid=3445, SUCCESS, logIndex=5186, commits[06a4573b-67a1-41e3-a350-f896363bc636:c5187, 0b725bbf-683b-4664-9a2e-3c9dd6e38bc1:c5183, 9193e3b7-ae04-484d-a740-c65c11559486:c5182]
2019-08-24 07:08:56,301 [grpc-default-executor-2] INFO  client.GrpcClientProtocolClient (GrpcClientProtocolClient.java:onNext(255)) - client-6EDD19400D46->06a4573b-67a1-41e3-a350-f896363bc636: receive RaftClientReply:client-6EDD19400D46->06a4573b-67a1-41e3-a350-f896363bc636@group-757E3781CD2A, cid=3446, SUCCESS, logIndex=5187, commits[06a4573b-67a1-41e3-a350-f896363bc636:c5187, 0b725bbf-683b-4664-9a2e-3c9dd6e38bc1:c5183, 9193e3b7-ae04-484d-a740-c65c11559486:c5183]
2019-08-24 07:08:56,301 | INFO  | DNAudit | user=null | ip=null | op=WRITE_CHUNK {blockData=conID: 2 locID: 102670698779247279 bcsId: 5183} | ret=SUCCESS |  
2019-08-24 07:08:56,302 | INFO  | DNAudit | user=null | ip=null | op=WRITE_CHUNK {blockData=conID: 2 locID: 102670698779247279 bcsId: 5183} | ret=SUCCESS |  
2019-08-24 07:08:56,303 | INFO  | DNAudit | user=null | ip=null | op=PUT_BLOCK {blockData=[blockId=conID: 2 locID: 102670698779247279 bcsId: 0,size=4194304]} | ret=SUCCESS |  
2019-08-24 07:08:56,303 | INFO  | DNAudit | user=null | ip=null | op=PUT_BLOCK {blockData=[blockId=conID: 2 locID: 102670698779247279 bcsId: 0,size=4194304]} | ret=SUCCESS |  
2019-08-24 07:08:56,303 [grpc-default-executor-0] INFO  client.GrpcClientProtocolClient (GrpcClientProtocolClient.java:onNext(255)) - client-6EDD19400D46->06a4573b-67a1-41e3-a350-f896363bc636: receive RaftClientReply:client-6EDD19400D46->06a4573b-67a1-41e3-a350-f896363bc636@group-757E3781CD2A, cid=3447, SUCCESS, logIndex=0, commits[06a4573b-67a1-41e3-a350-f896363bc636:c5189, 0b725bbf-683b-4664-9a2e-3c9dd6e38bc1:c5187, 9193e3b7-ae04-484d-a740-c65c11559486:c5187]
2019-08-24 07:08:56,309 | INFO  | SCMAudit | user=jenkins1000 | ip=192.168.69.125 | op=ALLOCATE_BLOCK {owner=61bacca8-15b6-4a50-8962-5e9786b18b0d, size=4194304, type=RATIS, factor=THREE} | ret=SUCCESS |  
2019-08-24 07:08:56,313 | INFO  | OMAudit | user=jenkins1000 | ip=127.0.0.1 | op=ALLOCATE_BLOCK {volume=vol-0-26988, bucket=bucket-0-20739, key=key-0-27353, dataSize=0, replicationType=null, replicationFactor=null, keyLocationInfo=null, clientID=102670695851229586} | ret=SUCCESS |  
2019-08-24 07:08:56,320 | INFO  | DNAudit | user=null | ip=null | op=WRITE_CHUNK {blockData=conID: 3 locID: 102670698827547312 bcsId: 0} | ret=SUCCESS |  
2019-08-24 07:08:56,324 | INFO  | DNAudit | user=null | ip=null | op=WRITE_CHUNK {blockData=conID: 3 locID: 102670698827547312 bcsId: 0} | ret=SUCCESS |  
2019-08-24 07:08:56,324 | INFO  | DNAudit | user=null | ip=null | op=WRITE_CHUNK {blockData=conID: 3 locID: 102670698827547312 bcsId: 0} | ret=SUCCESS |  
2019-08-24 07:08:56,324 | INFO  | DNAudit | user=null | ip=null | op=WRITE_CHUNK {blockData=conID: 3 locID: 102670698827547312 bcsId: 0} | ret=SUCCESS |  
2019-08-24 07:08:56,327 | INFO  | DNAudit | user=null | ip=null | op=WRITE_CHUNK {blockData=conID: 3 locID: 102670698827547312 bcsId: 0} | ret=SUCCESS |  
2019-08-24 07:08:56,327 | INFO  | DNAudit | user=null | ip=null | op=WRITE_CHUNK {blockData=conID: 3 locID: 102670698827547312 bcsId: 0} | ret=SUCCESS |  
2019-08-24 07:08:56,333 | INFO  | DNAudit | user=null | ip=null | op=WRITE_CHUNK {blockData=conID: 3 locID: 102670698827547312 bcsId: 0} | ret=SUCCESS |  
2019-08-24 07:08:56,333 | INFO  | DNAudit | user=null | ip=null | op=PUT_BLOCK {blockData=[blockId=conID: 3 locID: 102670698827547312 bcsId: 0,size=1048576]} | ret=SUCCESS |  
2019-08-24 07:08:56,333 [grpc-default-executor-1] INFO  client.GrpcClientProtocolClient (GrpcClientProtocolClient.java:onNext(255)) - client-6EDD19400D46->06a4573b-67a1-41e3-a350-f896363bc636: receive RaftClientReply:client-6EDD19400D46->06a4573b-67a1-41e3-a350-f896363bc636@group-757E3781CD2A, cid=3448, SUCCESS, logIndex=5190, commits[06a4573b-67a1-41e3-a350-f896363bc636:c5191, 0b725bbf-683b-4664-9a2e-3c9dd6e38bc1:c5189, 9193e3b7-ae04-484d-a740-c65c11559486:c5189]
2019-08-24 07:08:56,334 | INFO  | DNAudit | user=null | ip=null | op=WRITE_CHUNK {blockData=conID: 3 locID: 102670698827547312 bcsId: 0} | ret=SUCCESS |  
2019-08-24 07:08:56,334 | INFO  | DNAudit | user=null | ip=null | op=PUT_BLOCK {blockData=[blockId=conID: 3 locID: 102670698827547312 bcsId: 0,size=2097152]} | ret=SUCCESS |  
2019-08-24 07:08:56,334 [grpc-default-executor-5] INFO  client.GrpcClientProtocolClient (GrpcClientProtocolClient.java:onNext(255)) - client-6EDD19400D46->06a4573b-67a1-41e3-a350-f896363bc636: receive RaftClientReply:client-6EDD19400D46->06a4573b-67a1-41e3-a350-f896363bc636@group-757E3781CD2A, cid=3449, SUCCESS, logIndex=5191, commits[06a4573b-67a1-41e3-a350-f896363bc636:c5191, 0b725bbf-683b-4664-9a2e-3c9dd6e38bc1:c5189, 9193e3b7-ae04-484d-a740-c65c11559486:c5189]
2019-08-24 07:08:56,334 [grpc-default-executor-5] INFO  client.GrpcClientProtocolClient (GrpcClientProtocolClient.java:onNext(255)) - client-6EDD19400D46->06a4573b-67a1-41e3-a350-f896363bc636: receive RaftClientReply:client-6EDD19400D46->06a4573b-67a1-41e3-a350-f896363bc636@group-757E3781CD2A, cid=3450, SUCCESS, logIndex=5192, commits[06a4573b-67a1-41e3-a350-f896363bc636:c5193, 0b725bbf-683b-4664-9a2e-3c9dd6e38bc1:c5189, 9193e3b7-ae04-484d-a740-c65c11559486:c5189]
2019-08-24 07:08:56,335 | INFO  | DNAudit | user=null | ip=null | op=WRITE_CHUNK {blockData=conID: 3 locID: 102670698827547312 bcsId: 0} | ret=SUCCESS |  
2019-08-24 07:08:56,335 [grpc-default-executor-5] INFO  client.GrpcClientProtocolClient (GrpcClientProtocolClient.java:onNext(255)) - client-6EDD19400D46->06a4573b-67a1-41e3-a350-f896363bc636: receive RaftClientReply:client-6EDD19400D46->06a4573b-67a1-41e3-a350-f896363bc636@group-757E3781CD2A, cid=3451, SUCCESS, logIndex=5193, commits[06a4573b-67a1-41e3-a350-f896363bc636:c5193, 0b725bbf-683b-4664-9a2e-3c9dd6e38bc1:c5189, 9193e3b7-ae04-484d-a740-c65c11559486:c5189]
2019-08-24 07:08:56,335 | INFO  | DNAudit | user=null | ip=null | op=PUT_BLOCK {blockData=[blockId=conID: 3 locID: 102670698827547312 bcsId: 0,size=1048576]} | ret=SUCCESS |  
2019-08-24 07:08:56,335 | INFO  | DNAudit | user=null | ip=null | op=WRITE_CHUNK {blockData=conID: 3 locID: 102670698827547312 bcsId: 0} | ret=SUCCESS |  
2019-08-24 07:08:56,336 | INFO  | DNAudit | user=null | ip=null | op=PUT_BLOCK {blockData=[blockId=conID: 3 locID: 102670698827547312 bcsId: 0,size=1048576]} | ret=SUCCESS |  
2019-08-24 07:08:56,336 | INFO  | DNAudit | user=null | ip=null | op=WRITE_CHUNK {blockData=conID: 3 locID: 102670698827547312 bcsId: 0} | ret=SUCCESS |  
2019-08-24 07:08:56,336 | INFO  | DNAudit | user=null | ip=null | op=WRITE_CHUNK {blockData=conID: 3 locID: 102670698827547312 bcsId: 0} | ret=SUCCESS |  
2019-08-24 07:08:56,336 | INFO  | DNAudit | user=null | ip=null | op=PUT_BLOCK {blockData=[blockId=conID: 3 locID: 102670698827547312 bcsId: 0,size=2097152]} | ret=SUCCESS |  
2019-08-24 07:08:56,336 [grpc-default-executor-5] INFO  client.GrpcClientProtocolClient (GrpcClientProtocolClient.java:onNext(255)) - client-6EDD19400D46->06a4573b-67a1-41e3-a350-f896363bc636: receive RaftClientReply:client-6EDD19400D46->06a4573b-67a1-41e3-a350-f896363bc636@group-757E3781CD2A, cid=3452, SUCCESS, logIndex=0, commits[06a4573b-67a1-41e3-a350-f896363bc636:c5195, 0b725bbf-683b-4664-9a2e-3c9dd6e38bc1:c5191, 9193e3b7-ae04-484d-a740-c65c11559486:c5191]
2019-08-24 07:08:56,336 | INFO  | DNAudit | user=null | ip=null | op=PUT_BLOCK {blockData=[blockId=conID: 3 locID: 102670698827547312 bcsId: 0,size=2097152]} | ret=SUCCESS |  
2019-08-24 07:08:56,343 | INFO  | DNAudit | user=null | ip=null | op=WRITE_CHUNK {blockData=conID: 3 locID: 102670698827547312 bcsId: 5193} | ret=SUCCESS |  
2019-08-24 07:08:56,346 | INFO  | DNAudit | user=null | ip=null | op=WRITE_CHUNK {blockData=conID: 3 locID: 102670698827547312 bcsId: 5193} | ret=SUCCESS |  
2019-08-24 07:08:56,347 | INFO  | DNAudit | user=null | ip=null | op=WRITE_CHUNK {blockData=conID: 3 locID: 102670698827547312 bcsId: 5193} | ret=SUCCESS |  
2019-08-24 07:08:56,355 | INFO  | DNAudit | user=null | ip=null | op=WRITE_CHUNK {blockData=conID: 3 locID: 102670698827547312 bcsId: 5193} | ret=SUCCESS |  
2019-08-24 07:08:56,355 | INFO  | DNAudit | user=null | ip=null | op=PUT_BLOCK {blockData=[blockId=conID: 3 locID: 102670698827547312 bcsId: 0,size=3145728]} | ret=SUCCESS |  
2019-08-24 07:08:56,356 [grpc-default-executor-2] INFO  client.GrpcClientProtocolClient (GrpcClientProtocolClient.java:onNext(255)) - client-6EDD19400D46->06a4573b-67a1-41e3-a350-f896363bc636: receive RaftClientReply:client-6EDD19400D46->06a4573b-67a1-41e3-a350-f896363bc636@group-757E3781CD2A, cid=3453, SUCCESS, logIndex=5198, commits[06a4573b-67a1-41e3-a350-f896363bc636:c5199, 0b725bbf-683b-4664-9a2e-3c9dd6e38bc1:c5197, 9193e3b7-ae04-484d-a740-c65c11559486:c5197]
2019-08-24 07:08:56,356 [grpc-default-executor-2] INFO  client.GrpcClientProtocolClient (GrpcClientProtocolClient.java:onNext(255)) - client-6EDD19400D46->06a4573b-67a1-41e3-a350-f896363bc636: receive RaftClientReply:client-6EDD19400D46->06a4573b-67a1-41e3-a350-f896363bc636@group-757E3781CD2A, cid=3454, SUCCESS, logIndex=5199, commits[06a4573b-67a1-41e3-a350-f896363bc636:c5199, 0b725bbf-683b-4664-9a2e-3c9dd6e38bc1:c5197, 9193e3b7-ae04-484d-a740-c65c11559486:c5197]
2019-08-24 07:08:56,362 | INFO  | DNAudit | user=null | ip=null | op=WRITE_CHUNK {blockData=conID: 3 locID: 102670698827547312 bcsId: 5199} | ret=SUCCESS |  
2019-08-24 07:08:56,365 | INFO  | DNAudit | user=null | ip=null | op=WRITE_CHUNK {blockData=conID: 3 locID: 102670698827547312 bcsId: 5199} | ret=SUCCESS |  
2019-08-24 07:08:56,366 | INFO  | DNAudit | user=null | ip=null | op=WRITE_CHUNK {blockData=conID: 3 locID: 102670698827547312 bcsId: 5199} | ret=SUCCESS |  
2019-08-24 07:08:56,366 | INFO  | DNAudit | user=null | ip=null | op=WRITE_CHUNK {blockData=conID: 3 locID: 102670698827547312 bcsId: 5193} | ret=SUCCESS |  
2019-08-24 07:08:56,367 | INFO  | DNAudit | user=null | ip=null | op=WRITE_CHUNK {blockData=conID: 3 locID: 102670698827547312 bcsId: 5193} | ret=SUCCESS |  
2019-08-24 07:08:56,368 | INFO  | DNAudit | user=null | ip=null | op=PUT_BLOCK {blockData=[blockId=conID: 3 locID: 102670698827547312 bcsId: 0,size=3145728]} | ret=SUCCESS |  
2019-08-24 07:08:56,368 | INFO  | DNAudit | user=null | ip=null | op=PUT_BLOCK {blockData=[blockId=conID: 3 locID: 102670698827547312 bcsId: 0,size=3145728]} | ret=SUCCESS |  
2019-08-24 07:08:56,368 | INFO  | DNAudit | user=null | ip=null | op=WRITE_CHUNK {blockData=conID: 3 locID: 102670698827547312 bcsId: 5199} | ret=SUCCESS |  
2019-08-24 07:08:56,369 | INFO  | DNAudit | user=null | ip=null | op=PUT_BLOCK {blockData=[blockId=conID: 3 locID: 102670698827547312 bcsId: 0,size=4194304]} | ret=SUCCESS |  
2019-08-24 07:08:56,369 [grpc-default-executor-2] INFO  client.GrpcClientProtocolClient (GrpcClientProtocolClient.java:onNext(255)) - client-6EDD19400D46->06a4573b-67a1-41e3-a350-f896363bc636: receive RaftClientReply:client-6EDD19400D46->06a4573b-67a1-41e3-a350-f896363bc636@group-757E3781CD2A, cid=3455, SUCCESS, logIndex=5202, commits[06a4573b-67a1-41e3-a350-f896363bc636:c5202, 0b725bbf-683b-4664-9a2e-3c9dd6e38bc1:c5199, 9193e3b7-ae04-484d-a740-c65c11559486:c5199]
2019-08-24 07:08:56,369 [grpc-default-executor-2] INFO  client.GrpcClientProtocolClient (GrpcClientProtocolClient.java:onNext(255)) - client-6EDD19400D46->06a4573b-67a1-41e3-a350-f896363bc636: receive RaftClientReply:client-6EDD19400D46->06a4573b-67a1-41e3-a350-f896363bc636@group-757E3781CD2A, cid=3456, SUCCESS, logIndex=5203, commits[06a4573b-67a1-41e3-a350-f896363bc636:c5203, 0b725bbf-683b-4664-9a2e-3c9dd6e38bc1:c5199, 9193e3b7-ae04-484d-a740-c65c11559486:c5199]
2019-08-24 07:08:56,379 | INFO  | DNAudit | user=null | ip=null | op=WRITE_CHUNK {blockData=conID: 3 locID: 102670698827547312 bcsId: 5199} | ret=SUCCESS |  
2019-08-24 07:08:56,380 | INFO  | DNAudit | user=null | ip=null | op=WRITE_CHUNK {blockData=conID: 3 locID: 102670698827547312 bcsId: 5199} | ret=SUCCESS |  
2019-08-24 07:08:56,381 | INFO  | DNAudit | user=null | ip=null | op=PUT_BLOCK {blockData=[blockId=conID: 3 locID: 102670698827547312 bcsId: 0,size=4194304]} | ret=SUCCESS |  
2019-08-24 07:08:56,381 | INFO  | DNAudit | user=null | ip=null | op=PUT_BLOCK {blockData=[blockId=conID: 3 locID: 102670698827547312 bcsId: 0,size=4194304]} | ret=SUCCESS |  
2019-08-24 07:08:56,381 [grpc-default-executor-2] INFO  client.GrpcClientProtocolClient (GrpcClientProtocolClient.java:onNext(255)) - client-6EDD19400D46->06a4573b-67a1-41e3-a350-f896363bc636: receive RaftClientReply:client-6EDD19400D46->06a4573b-67a1-41e3-a350-f896363bc636@group-757E3781CD2A, cid=3457, SUCCESS, logIndex=0, commits[06a4573b-67a1-41e3-a350-f896363bc636:c5205, 0b725bbf-683b-4664-9a2e-3c9dd6e38bc1:c5203, 9193e3b7-ae04-484d-a740-c65c11559486:c5203]
2019-08-24 07:08:56,390 | INFO  | SCMAudit | user=jenkins1000 | ip=192.168.69.125 | op=ALLOCATE_BLOCK {owner=61bacca8-15b6-4a50-8962-5e9786b18b0d, size=4194304, type=RATIS, factor=THREE} | ret=SUCCESS |  
2019-08-24 07:08:56,395 | INFO  | OMAudit | user=jenkins1000 | ip=127.0.0.1 | op=ALLOCATE_BLOCK {volume=vol-0-26988, bucket=bucket-0-20739, key=key-0-27353, dataSize=0, replicationType=null, replicationFactor=null, keyLocationInfo=null, clientID=102670695851229586} | ret=SUCCESS |  
2019-08-24 07:08:56,402 | INFO  | DNAudit | user=null | ip=null | op=WRITE_CHUNK {blockData=conID: 1 locID: 102670698832855729 bcsId: 0} | ret=SUCCESS |  
2019-08-24 07:08:56,405 | INFO  | DNAudit | user=null | ip=null | op=WRITE_CHUNK {blockData=conID: 1 locID: 102670698832855729 bcsId: 0} | ret=SUCCESS |  
2019-08-24 07:08:56,405 | INFO  | DNAudit | user=null | ip=null | op=WRITE_CHUNK {blockData=conID: 1 locID: 102670698832855729 bcsId: 0} | ret=SUCCESS |  
2019-08-24 07:08:56,406 | INFO  | DNAudit | user=null | ip=null | op=WRITE_CHUNK {blockData=conID: 1 locID: 102670698832855729 bcsId: 0} | ret=SUCCESS |  
2019-08-24 07:08:56,407 | INFO  | DNAudit | user=null | ip=null | op=WRITE_CHUNK {blockData=conID: 1 locID: 102670698832855729 bcsId: 0} | ret=SUCCESS |  
2019-08-24 07:08:56,407 | INFO  | DNAudit | user=null | ip=null | op=WRITE_CHUNK {blockData=conID: 1 locID: 102670698832855729 bcsId: 0} | ret=SUCCESS |  
2019-08-24 07:08:56,414 | INFO  | DNAudit | user=null | ip=null | op=WRITE_CHUNK {blockData=conID: 1 locID: 102670698832855729 bcsId: 0} | ret=SUCCESS |  
2019-08-24 07:08:56,415 | INFO  | DNAudit | user=null | ip=null | op=PUT_BLOCK {blockData=[blockId=conID: 1 locID: 102670698832855729 bcsId: 0,size=1048576]} | ret=SUCCESS |  
2019-08-24 07:08:56,415 | INFO  | DNAudit | user=null | ip=null | op=WRITE_CHUNK {blockData=conID: 1 locID: 102670698832855729 bcsId: 0} | ret=SUCCESS |  
2019-08-24 07:08:56,415 [grpc-default-executor-2] INFO  client.GrpcClientProtocolClient (GrpcClientProtocolClient.java:onNext(255)) - client-6EDD19400D46->06a4573b-67a1-41e3-a350-f896363bc636: receive RaftClientReply:client-6EDD19400D46->06a4573b-67a1-41e3-a350-f896363bc636@group-757E3781CD2A, cid=3458, SUCCESS, logIndex=5206, commits[06a4573b-67a1-41e3-a350-f896363bc636:c5208, 0b725bbf-683b-4664-9a2e-3c9dd6e38bc1:c5205, 9193e3b7-ae04-484d-a740-c65c11559486:c5205]
2019-08-24 07:08:56,416 | INFO  | DNAudit | user=null | ip=null | op=WRITE_CHUNK {blockData=conID: 1 locID: 102670698832855729 bcsId: 0} | ret=SUCCESS |  
2019-08-24 07:08:56,416 | INFO  | DNAudit | user=null | ip=null | op=PUT_BLOCK {blockData=[blockId=conID: 1 locID: 102670698832855729 bcsId: 0,size=2097152]} | ret=SUCCESS |  
2019-08-24 07:08:56,416 [grpc-default-executor-2] INFO  client.GrpcClientProtocolClient (GrpcClientProtocolClient.java:onNext(255)) - client-6EDD19400D46->06a4573b-67a1-41e3-a350-f896363bc636: receive RaftClientReply:client-6EDD19400D46->06a4573b-67a1-41e3-a350-f896363bc636@group-757E3781CD2A, cid=3459, SUCCESS, logIndex=5207, commits[06a4573b-67a1-41e3-a350-f896363bc636:c5209, 0b725bbf-683b-4664-9a2e-3c9dd6e38bc1:c5205, 9193e3b7-ae04-484d-a740-c65c11559486:c5205]
2019-08-24 07:08:56,416 [grpc-default-executor-2] INFO  client.GrpcClientProtocolClient (GrpcClientProtocolClient.java:onNext(255)) - client-6EDD19400D46->06a4573b-67a1-41e3-a350-f896363bc636: receive RaftClientReply:client-6EDD19400D46->06a4573b-67a1-41e3-a350-f896363bc636@group-757E3781CD2A, cid=3460, SUCCESS, logIndex=5208, commits[06a4573b-67a1-41e3-a350-f896363bc636:c5209, 0b725bbf-683b-4664-9a2e-3c9dd6e38bc1:c5205, 9193e3b7-ae04-484d-a740-c65c11559486:c5205]
2019-08-24 07:08:56,416 [grpc-default-executor-2] INFO  client.GrpcClientProtocolClient (GrpcClientProtocolClient.java:onNext(255)) - client-6EDD19400D46->06a4573b-67a1-41e3-a350-f896363bc636: receive RaftClientReply:client-6EDD19400D46->06a4573b-67a1-41e3-a350-f896363bc636@group-757E3781CD2A, cid=3461, SUCCESS, logIndex=5209, commits[06a4573b-67a1-41e3-a350-f896363bc636:c5210, 0b725bbf-683b-4664-9a2e-3c9dd6e38bc1:c5206, 9193e3b7-ae04-484d-a740-c65c11559486:c5205]
2019-08-24 07:08:56,417 | INFO  | DNAudit | user=null | ip=null | op=WRITE_CHUNK {blockData=conID: 1 locID: 102670698832855729 bcsId: 0} | ret=SUCCESS |  
2019-08-24 07:08:56,417 | INFO  | DNAudit | user=null | ip=null | op=PUT_BLOCK {blockData=[blockId=conID: 1 locID: 102670698832855729 bcsId: 0,size=1048576]} | ret=SUCCESS |  
2019-08-24 07:08:56,417 | INFO  | DNAudit | user=null | ip=null | op=PUT_BLOCK {blockData=[blockId=conID: 1 locID: 102670698832855729 bcsId: 0,size=1048576]} | ret=SUCCESS |  
2019-08-24 07:08:56,417 | INFO  | DNAudit | user=null | ip=null | op=WRITE_CHUNK {blockData=conID: 1 locID: 102670698832855729 bcsId: 0} | ret=SUCCESS |  
2019-08-24 07:08:56,417 | INFO  | DNAudit | user=null | ip=null | op=PUT_BLOCK {blockData=[blockId=conID: 1 locID: 102670698832855729 bcsId: 0,size=2097152]} | ret=SUCCESS |  
2019-08-24 07:08:56,417 | INFO  | DNAudit | user=null | ip=null | op=WRITE_CHUNK {blockData=conID: 1 locID: 102670698832855729 bcsId: 0} | ret=SUCCESS |  
2019-08-24 07:08:56,418 | INFO  | DNAudit | user=null | ip=null | op=PUT_BLOCK {blockData=[blockId=conID: 1 locID: 102670698832855729 bcsId: 0,size=2097152]} | ret=SUCCESS |  
2019-08-24 07:08:56,418 [grpc-default-executor-2] INFO  client.GrpcClientProtocolClient (GrpcClientProtocolClient.java:onNext(255)) - client-6EDD19400D46->06a4573b-67a1-41e3-a350-f896363bc636: receive RaftClientReply:client-6EDD19400D46->06a4573b-67a1-41e3-a350-f896363bc636@group-757E3781CD2A, cid=3462, SUCCESS, logIndex=0, commits[06a4573b-67a1-41e3-a350-f896363bc636:c5211, 0b725bbf-683b-4664-9a2e-3c9dd6e38bc1:c5207, 9193e3b7-ae04-484d-a740-c65c11559486:c5208]
2019-08-24 07:08:56,423 | INFO  | DNAudit | user=null | ip=null | op=WRITE_CHUNK {blockData=conID: 1 locID: 102670698832855729 bcsId: 5209} | ret=SUCCESS |  
2019-08-24 07:08:56,427 | INFO  | DNAudit | user=null | ip=null | op=WRITE_CHUNK {blockData=conID: 1 locID: 102670698832855729 bcsId: 5209} | ret=SUCCESS |  
2019-08-24 07:08:56,427 | INFO  | DNAudit | user=null | ip=null | op=WRITE_CHUNK {blockData=conID: 1 locID: 102670698832855729 bcsId: 5209} | ret=SUCCESS |  
2019-08-24 07:08:56,436 | INFO  | DNAudit | user=null | ip=null | op=WRITE_CHUNK {blockData=conID: 1 locID: 102670698832855729 bcsId: 5209} | ret=SUCCESS |  
2019-08-24 07:08:56,436 | INFO  | DNAudit | user=null | ip=null | op=PUT_BLOCK {blockData=[blockId=conID: 1 locID: 102670698832855729 bcsId: 0,size=3145728]} | ret=SUCCESS |  
2019-08-24 07:08:56,436 [grpc-default-executor-5] INFO  client.GrpcClientProtocolClient (GrpcClientProtocolClient.java:onNext(255)) - client-6EDD19400D46->06a4573b-67a1-41e3-a350-f896363bc636: receive RaftClientReply:client-6EDD19400D46->06a4573b-67a1-41e3-a350-f896363bc636@group-757E3781CD2A, cid=3463, SUCCESS, logIndex=5214, commits[06a4573b-67a1-41e3-a350-f896363bc636:c5215, 0b725bbf-683b-4664-9a2e-3c9dd6e38bc1:c5213, 9193e3b7-ae04-484d-a740-c65c11559486:c5213]
2019-08-24 07:08:56,437 [grpc-default-executor-5] INFO  client.GrpcClientProtocolClient (GrpcClientProtocolClient.java:onNext(255)) - client-6EDD19400D46->06a4573b-67a1-41e3-a350-f896363bc636: receive RaftClientReply:client-6EDD19400D46->06a4573b-67a1-41e3-a350-f896363bc636@group-757E3781CD2A, cid=3464, SUCCESS, logIndex=5215, commits[06a4573b-67a1-41e3-a350-f896363bc636:c5215, 0b725bbf-683b-4664-9a2e-3c9dd6e38bc1:c5213, 9193e3b7-ae04-484d-a740-c65c11559486:c5213]
2019-08-24 07:08:56,443 | INFO  | DNAudit | user=null | ip=null | op=WRITE_CHUNK {blockData=conID: 1 locID: 102670698832855729 bcsId: 5215} | ret=SUCCESS |  
2019-08-24 07:08:56,447 | INFO  | DNAudit | user=null | ip=null | op=WRITE_CHUNK {blockData=conID: 1 locID: 102670698832855729 bcsId: 5209} | ret=SUCCESS |  
2019-08-24 07:08:56,447 | INFO  | DNAudit | user=null | ip=null | op=WRITE_CHUNK {blockData=conID: 1 locID: 102670698832855729 bcsId: 5209} | ret=SUCCESS |  
2019-08-24 07:08:56,448 | INFO  | DNAudit | user=null | ip=null | op=WRITE_CHUNK {blockData=conID: 1 locID: 102670698832855729 bcsId: 5215} | ret=SUCCESS |  
2019-08-24 07:08:56,448 | INFO  | DNAudit | user=null | ip=null | op=WRITE_CHUNK {blockData=conID: 1 locID: 102670698832855729 bcsId: 5215} | ret=SUCCESS |  
2019-08-24 07:08:56,459 | INFO  | DNAudit | user=null | ip=null | op=PUT_BLOCK {blockData=[blockId=conID: 1 locID: 102670698832855729 bcsId: 0,size=3145728]} | ret=SUCCESS |  
2019-08-24 07:08:56,459 | INFO  | DNAudit | user=null | ip=null | op=PUT_BLOCK {blockData=[blockId=conID: 1 locID: 102670698832855729 bcsId: 0,size=3145728]} | ret=SUCCESS |  
2019-08-24 07:08:56,459 | INFO  | DNAudit | user=null | ip=null | op=WRITE_CHUNK {blockData=conID: 1 locID: 102670698832855729 bcsId: 5215} | ret=SUCCESS |  
2019-08-24 07:08:56,460 | INFO  | DNAudit | user=null | ip=null | op=PUT_BLOCK {blockData=[blockId=conID: 1 locID: 102670698832855729 bcsId: 0,size=4194304]} | ret=SUCCESS |  
2019-08-24 07:08:56,460 [grpc-default-executor-1] INFO  client.GrpcClientProtocolClient (GrpcClientProtocolClient.java:onNext(255)) - client-6EDD19400D46->06a4573b-67a1-41e3-a350-f896363bc636: receive RaftClientReply:client-6EDD19400D46->06a4573b-67a1-41e3-a350-f896363bc636@group-757E3781CD2A, cid=3465, SUCCESS, logIndex=5218, commits[06a4573b-67a1-41e3-a350-f896363bc636:c5219, 0b725bbf-683b-4664-9a2e-3c9dd6e38bc1:c5215, 9193e3b7-ae04-484d-a740-c65c11559486:c5215]
2019-08-24 07:08:56,460 [grpc-default-executor-1] INFO  client.GrpcClientProtocolClient (GrpcClientProtocolClient.java:onNext(255)) - client-6EDD19400D46->06a4573b-67a1-41e3-a350-f896363bc636: receive RaftClientReply:client-6EDD19400D46->06a4573b-67a1-41e3-a350-f896363bc636@group-757E3781CD2A, cid=3466, SUCCESS, logIndex=5219, commits[06a4573b-67a1-41e3-a350-f896363bc636:c5219, 0b725bbf-683b-4664-9a2e-3c9dd6e38bc1:c5215, 9193e3b7-ae04-484d-a740-c65c11559486:c5215]
2019-08-24 07:08:56,461 | INFO  | DNAudit | user=null | ip=null | op=WRITE_CHUNK {blockData=conID: 1 locID: 102670698832855729 bcsId: 5215} | ret=SUCCESS |  
2019-08-24 07:08:56,461 | INFO  | DNAudit | user=null | ip=null | op=WRITE_CHUNK {blockData=conID: 1 locID: 102670698832855729 bcsId: 5215} | ret=SUCCESS |  
2019-08-24 07:08:56,462 | INFO  | DNAudit | user=null | ip=null | op=PUT_BLOCK {blockData=[blockId=conID: 1 locID: 102670698832855729 bcsId: 0,size=4194304]} | ret=SUCCESS |  
2019-08-24 07:08:56,462 | INFO  | DNAudit | user=null | ip=null | op=PUT_BLOCK {blockData=[blockId=conID: 1 locID: 102670698832855729 bcsId: 0,size=4194304]} | ret=SUCCESS |  
2019-08-24 07:08:56,463 [grpc-default-executor-5] INFO  client.GrpcClientProtocolClient (GrpcClientProtocolClient.java:onNext(255)) - client-6EDD19400D46->06a4573b-67a1-41e3-a350-f896363bc636: receive RaftClientReply:client-6EDD19400D46->06a4573b-67a1-41e3-a350-f896363bc636@group-757E3781CD2A, cid=3467, SUCCESS, logIndex=0, commits[06a4573b-67a1-41e3-a350-f896363bc636:c5221, 0b725bbf-683b-4664-9a2e-3c9dd6e38bc1:c5219, 9193e3b7-ae04-484d-a740-c65c11559486:c5219]
2019-08-24 07:08:56,470 | INFO  | SCMAudit | user=jenkins1000 | ip=192.168.69.125 | op=ALLOCATE_BLOCK {owner=61bacca8-15b6-4a50-8962-5e9786b18b0d, size=4194304, type=RATIS, factor=THREE} | ret=SUCCESS |  
2019-08-24 07:08:56,476 | INFO  | OMAudit | user=jenkins1000 | ip=127.0.0.1 | op=ALLOCATE_BLOCK {volume=vol-0-26988, bucket=bucket-0-20739, key=key-0-27353, dataSize=0, replicationType=null, replicationFactor=null, keyLocationInfo=null, clientID=102670695851229586} | ret=SUCCESS |  
2019-08-24 07:08:56,482 | INFO  | DNAudit | user=null | ip=null | op=WRITE_CHUNK {blockData=conID: 2 locID: 102670698838098610 bcsId: 0} | ret=SUCCESS |  
2019-08-24 07:08:56,485 | INFO  | DNAudit | user=null | ip=null | op=WRITE_CHUNK {blockData=conID: 2 locID: 102670698838098610 bcsId: 0} | ret=SUCCESS |  
2019-08-24 07:08:56,486 | INFO  | DNAudit | user=null | ip=null | op=WRITE_CHUNK {blockData=conID: 2 locID: 102670698838098610 bcsId: 0} | ret=SUCCESS |  
2019-08-24 07:08:56,486 | INFO  | DNAudit | user=null | ip=null | op=WRITE_CHUNK {blockData=conID: 2 locID: 102670698838098610 bcsId: 0} | ret=SUCCESS |  
2019-08-24 07:08:56,488 | INFO  | DNAudit | user=null | ip=null | op=WRITE_CHUNK {blockData=conID: 2 locID: 102670698838098610 bcsId: 0} | ret=SUCCESS |  
2019-08-24 07:08:56,489 | INFO  | DNAudit | user=null | ip=null | op=WRITE_CHUNK {blockData=conID: 2 locID: 102670698838098610 bcsId: 0} | ret=SUCCESS |  
2019-08-24 07:08:56,494 | INFO  | DNAudit | user=null | ip=null | op=WRITE_CHUNK {blockData=conID: 2 locID: 102670698838098610 bcsId: 0} | ret=SUCCESS |  
2019-08-24 07:08:56,494 | INFO  | DNAudit | user=null | ip=null | op=PUT_BLOCK {blockData=[blockId=conID: 2 locID: 102670698838098610 bcsId: 0,size=1048576]} | ret=SUCCESS |  
2019-08-24 07:08:56,494 [grpc-default-executor-5] INFO  client.GrpcClientProtocolClient (GrpcClientProtocolClient.java:onNext(255)) - client-6EDD19400D46->06a4573b-67a1-41e3-a350-f896363bc636: receive RaftClientReply:client-6EDD19400D46->06a4573b-67a1-41e3-a350-f896363bc636@group-757E3781CD2A, cid=3468, SUCCESS, logIndex=5222, commits[06a4573b-67a1-41e3-a350-f896363bc636:c5223, 0b725bbf-683b-4664-9a2e-3c9dd6e38bc1:c5221, 9193e3b7-ae04-484d-a740-c65c11559486:c5221]
2019-08-24 07:08:56,495 | INFO  | DNAudit | user=null | ip=null | op=WRITE_CHUNK {blockData=conID: 2 locID: 102670698838098610 bcsId: 0} | ret=SUCCESS |  
2019-08-24 07:08:56,495 [grpc-default-executor-0] INFO  client.GrpcClientProtocolClient (GrpcClientProtocolClient.java:onNext(255)) - client-6EDD19400D46->06a4573b-67a1-41e3-a350-f896363bc636: receive RaftClientReply:client-6EDD19400D46->06a4573b-67a1-41e3-a350-f896363bc636@group-757E3781CD2A, cid=3469, SUCCESS, logIndex=5223, commits[06a4573b-67a1-41e3-a350-f896363bc636:c5223, 0b725bbf-683b-4664-9a2e-3c9dd6e38bc1:c5221, 9193e3b7-ae04-484d-a740-c65c11559486:c5221]
2019-08-24 07:08:56,495 | INFO  | DNAudit | user=null | ip=null | op=PUT_BLOCK {blockData=[blockId=conID: 2 locID: 102670698838098610 bcsId: 0,size=2097152]} | ret=SUCCESS |  
2019-08-24 07:08:56,496 [grpc-default-executor-0] INFO  client.GrpcClientProtocolClient (GrpcClientProtocolClient.java:onNext(255)) - client-6EDD19400D46->06a4573b-67a1-41e3-a350-f896363bc636: receive RaftClientReply:client-6EDD19400D46->06a4573b-67a1-41e3-a350-f896363bc636@group-757E3781CD2A, cid=3470, SUCCESS, logIndex=5224, commits[06a4573b-67a1-41e3-a350-f896363bc636:c5225, 0b725bbf-683b-4664-9a2e-3c9dd6e38bc1:c5221, 9193e3b7-ae04-484d-a740-c65c11559486:c5221]
2019-08-24 07:08:56,496 | INFO  | DNAudit | user=null | ip=null | op=WRITE_CHUNK {blockData=conID: 2 locID: 102670698838098610 bcsId: 0} | ret=SUCCESS |  
2019-08-24 07:08:56,496 [grpc-default-executor-5] INFO  client.GrpcClientProtocolClient (GrpcClientProtocolClient.java:onNext(255)) - client-6EDD19400D46->06a4573b-67a1-41e3-a350-f896363bc636: receive RaftClientReply:client-6EDD19400D46->06a4573b-67a1-41e3-a350-f896363bc636@group-757E3781CD2A, cid=3471, SUCCESS, logIndex=5225, commits[06a4573b-67a1-41e3-a350-f896363bc636:c5225, 0b725bbf-683b-4664-9a2e-3c9dd6e38bc1:c5221, 9193e3b7-ae04-484d-a740-c65c11559486:c5221]
2019-08-24 07:08:56,496 | INFO  | DNAudit | user=null | ip=null | op=PUT_BLOCK {blockData=[blockId=conID: 2 locID: 102670698838098610 bcsId: 0,size=1048576]} | ret=SUCCESS |  
2019-08-24 07:08:56,497 | INFO  | DNAudit | user=null | ip=null | op=WRITE_CHUNK {blockData=conID: 2 locID: 102670698838098610 bcsId: 0} | ret=SUCCESS |  
2019-08-24 07:08:56,497 | INFO  | DNAudit | user=null | ip=null | op=PUT_BLOCK {blockData=[blockId=conID: 2 locID: 102670698838098610 bcsId: 0,size=1048576]} | ret=SUCCESS |  
2019-08-24 07:08:56,497 | INFO  | DNAudit | user=null | ip=null | op=WRITE_CHUNK {blockData=conID: 2 locID: 102670698838098610 bcsId: 0} | ret=SUCCESS |  
2019-08-24 07:08:56,498 | INFO  | DNAudit | user=null | ip=null | op=PUT_BLOCK {blockData=[blockId=conID: 2 locID: 102670698838098610 bcsId: 0,size=2097152]} | ret=SUCCESS |  
2019-08-24 07:08:56,498 | INFO  | DNAudit | user=null | ip=null | op=WRITE_CHUNK {blockData=conID: 2 locID: 102670698838098610 bcsId: 0} | ret=SUCCESS |  
2019-08-24 07:08:56,498 [grpc-default-executor-5] INFO  client.GrpcClientProtocolClient (GrpcClientProtocolClient.java:onNext(255)) - client-6EDD19400D46->06a4573b-67a1-41e3-a350-f896363bc636: receive RaftClientReply:client-6EDD19400D46->06a4573b-67a1-41e3-a350-f896363bc636@group-757E3781CD2A, cid=3472, SUCCESS, logIndex=0, commits[06a4573b-67a1-41e3-a350-f896363bc636:c5227, 0b725bbf-683b-4664-9a2e-3c9dd6e38bc1:c5223, 9193e3b7-ae04-484d-a740-c65c11559486:c5223]
2019-08-24 07:08:56,498 | INFO  | DNAudit | user=null | ip=null | op=PUT_BLOCK {blockData=[blockId=conID: 2 locID: 102670698838098610 bcsId: 0,size=2097152]} | ret=SUCCESS |  
2019-08-24 07:08:56,503 | INFO  | DNAudit | user=null | ip=null | op=WRITE_CHUNK {blockData=conID: 2 locID: 102670698838098610 bcsId: 5225} | ret=SUCCESS |  
2019-08-24 07:08:56,505 | INFO  | DNAudit | user=null | ip=null | op=WRITE_CHUNK {blockData=conID: 2 locID: 102670698838098610 bcsId: 5225} | ret=SUCCESS |  
2019-08-24 07:08:56,506 | INFO  | DNAudit | user=null | ip=null | op=WRITE_CHUNK {blockData=conID: 2 locID: 102670698838098610 bcsId: 5225} | ret=SUCCESS |  
2019-08-24 07:08:56,515 | INFO  | DNAudit | user=null | ip=null | op=WRITE_CHUNK {blockData=conID: 2 locID: 102670698838098610 bcsId: 5225} | ret=SUCCESS |  
2019-08-24 07:08:56,516 | INFO  | DNAudit | user=null | ip=null | op=PUT_BLOCK {blockData=[blockId=conID: 2 locID: 102670698838098610 bcsId: 0,size=3145728]} | ret=SUCCESS |  
2019-08-24 07:08:56,516 [grpc-default-executor-5] INFO  client.GrpcClientProtocolClient (GrpcClientProtocolClient.java:onNext(255)) - client-6EDD19400D46->06a4573b-67a1-41e3-a350-f896363bc636: receive RaftClientReply:client-6EDD19400D46->06a4573b-67a1-41e3-a350-f896363bc636@group-757E3781CD2A, cid=3473, SUCCESS, logIndex=5230, commits[06a4573b-67a1-41e3-a350-f896363bc636:c5231, 0b725bbf-683b-4664-9a2e-3c9dd6e38bc1:c5229, 9193e3b7-ae04-484d-a740-c65c11559486:c5229]
2019-08-24 07:08:56,516 [grpc-default-executor-5] INFO  client.GrpcClientProtocolClient (GrpcClientProtocolClient.java:onNext(255)) - client-6EDD19400D46->06a4573b-67a1-41e3-a350-f896363bc636: receive RaftClientReply:client-6EDD19400D46->06a4573b-67a1-41e3-a350-f896363bc636@group-757E3781CD2A, cid=3474, SUCCESS, logIndex=5231, commits[06a4573b-67a1-41e3-a350-f896363bc636:c5231, 0b725bbf-683b-4664-9a2e-3c9dd6e38bc1:c5229, 9193e3b7-ae04-484d-a740-c65c11559486:c5229]
2019-08-24 07:08:56,521 | INFO  | DNAudit | user=null | ip=null | op=WRITE_CHUNK {blockData=conID: 2 locID: 102670698838098610 bcsId: 5231} | ret=SUCCESS |  
2019-08-24 07:08:56,523 | INFO  | DNAudit | user=null | ip=null | op=WRITE_CHUNK {blockData=conID: 2 locID: 102670698838098610 bcsId: 5231} | ret=SUCCESS |  
2019-08-24 07:08:56,524 | INFO  | DNAudit | user=null | ip=null | op=WRITE_CHUNK {blockData=conID: 2 locID: 102670698838098610 bcsId: 5231} | ret=SUCCESS |  
2019-08-24 07:08:56,527 | INFO  | DNAudit | user=null | ip=null | op=WRITE_CHUNK {blockData=conID: 2 locID: 102670698838098610 bcsId: 5225} | ret=SUCCESS |  
2019-08-24 07:08:56,527 | INFO  | DNAudit | user=null | ip=null | op=WRITE_CHUNK {blockData=conID: 2 locID: 102670698838098610 bcsId: 5225} | ret=SUCCESS |  
2019-08-24 07:08:56,528 | INFO  | DNAudit | user=null | ip=null | op=PUT_BLOCK {blockData=[blockId=conID: 2 locID: 102670698838098610 bcsId: 0,size=3145728]} | ret=SUCCESS |  
2019-08-24 07:08:56,528 | INFO  | DNAudit | user=null | ip=null | op=PUT_BLOCK {blockData=[blockId=conID: 2 locID: 102670698838098610 bcsId: 0,size=3145728]} | ret=SUCCESS |  
2019-08-24 07:08:56,528 | INFO  | DNAudit | user=null | ip=null | op=WRITE_CHUNK {blockData=conID: 2 locID: 102670698838098610 bcsId: 5231} | ret=SUCCESS |  
2019-08-24 07:08:56,529 | INFO  | DNAudit | user=null | ip=null | op=PUT_BLOCK {blockData=[blockId=conID: 2 locID: 102670698838098610 bcsId: 0,size=4194304]} | ret=SUCCESS |  
2019-08-24 07:08:56,529 [grpc-default-executor-0] INFO  client.GrpcClientProtocolClient (GrpcClientProtocolClient.java:onNext(255)) - client-6EDD19400D46->06a4573b-67a1-41e3-a350-f896363bc636: receive RaftClientReply:client-6EDD19400D46->06a4573b-67a1-41e3-a350-f896363bc636@group-757E3781CD2A, cid=3475, SUCCESS, logIndex=5234, commits[06a4573b-67a1-41e3-a350-f896363bc636:c5235, 0b725bbf-683b-4664-9a2e-3c9dd6e38bc1:c5231, 9193e3b7-ae04-484d-a740-c65c11559486:c5231]
2019-08-24 07:08:56,529 [grpc-default-executor-0] INFO  client.GrpcClientProtocolClient (GrpcClientProtocolClient.java:onNext(255)) - client-6EDD19400D46->06a4573b-67a1-41e3-a350-f896363bc636: receive RaftClientReply:client-6EDD19400D46->06a4573b-67a1-41e3-a350-f896363bc636@group-757E3781CD2A, cid=3476, SUCCESS, logIndex=5235, commits[06a4573b-67a1-41e3-a350-f896363bc636:c5235, 0b725bbf-683b-4664-9a2e-3c9dd6e38bc1:c5231, 9193e3b7-ae04-484d-a740-c65c11559486:c5231]
2019-08-24 07:08:56,530 | INFO  | DNAudit | user=null | ip=null | op=WRITE_CHUNK {blockData=conID: 2 locID: 102670698838098610 bcsId: 5231} | ret=SUCCESS |  
2019-08-24 07:08:56,530 | INFO  | DNAudit | user=null | ip=null | op=WRITE_CHUNK {blockData=conID: 2 locID: 102670698838098610 bcsId: 5231} | ret=SUCCESS |  
2019-08-24 07:08:56,531 | INFO  | DNAudit | user=null | ip=null | op=PUT_BLOCK {blockData=[blockId=conID: 2 locID: 102670698838098610 bcsId: 0,size=4194304]} | ret=SUCCESS |  
2019-08-24 07:08:56,531 | INFO  | DNAudit | user=null | ip=null | op=PUT_BLOCK {blockData=[blockId=conID: 2 locID: 102670698838098610 bcsId: 0,size=4194304]} | ret=SUCCESS |  
2019-08-24 07:08:56,532 [grpc-default-executor-2] INFO  client.GrpcClientProtocolClient (GrpcClientProtocolClient.java:onNext(255)) - client-6EDD19400D46->06a4573b-67a1-41e3-a350-f896363bc636: receive RaftClientReply:client-6EDD19400D46->06a4573b-67a1-41e3-a350-f896363bc636@group-757E3781CD2A, cid=3477, SUCCESS, logIndex=0, commits[06a4573b-67a1-41e3-a350-f896363bc636:c5237, 0b725bbf-683b-4664-9a2e-3c9dd6e38bc1:c5235, 9193e3b7-ae04-484d-a740-c65c11559486:c5235]
2019-08-24 07:08:56,537 | INFO  | SCMAudit | user=jenkins1000 | ip=192.168.69.125 | op=ALLOCATE_BLOCK {owner=61bacca8-15b6-4a50-8962-5e9786b18b0d, size=4194304, type=RATIS, factor=THREE} | ret=SUCCESS |  
2019-08-24 07:08:56,541 | INFO  | OMAudit | user=jenkins1000 | ip=127.0.0.1 | op=ALLOCATE_BLOCK {volume=vol-0-26988, bucket=bucket-0-20739, key=key-0-27353, dataSize=0, replicationType=null, replicationFactor=null, keyLocationInfo=null, clientID=102670695851229586} | ret=SUCCESS |  
2019-08-24 07:08:56,546 | INFO  | DNAudit | user=null | ip=null | op=WRITE_CHUNK {blockData=conID: 3 locID: 102670698842489523 bcsId: 0} | ret=SUCCESS |  
2019-08-24 07:08:56,549 | INFO  | DNAudit | user=null | ip=null | op=WRITE_CHUNK {blockData=conID: 3 locID: 102670698842489523 bcsId: 0} | ret=SUCCESS |  
2019-08-24 07:08:56,550 | INFO  | DNAudit | user=null | ip=null | op=WRITE_CHUNK {blockData=conID: 3 locID: 102670698842489523 bcsId: 0} | ret=SUCCESS |  
2019-08-24 07:08:56,550 | INFO  | DNAudit | user=null | ip=null | op=WRITE_CHUNK {blockData=conID: 3 locID: 102670698842489523 bcsId: 0} | ret=SUCCESS |  
2019-08-24 07:08:56,552 | INFO  | DNAudit | user=null | ip=null | op=WRITE_CHUNK {blockData=conID: 3 locID: 102670698842489523 bcsId: 0} | ret=SUCCESS |  
2019-08-24 07:08:56,552 | INFO  | DNAudit | user=null | ip=null | op=WRITE_CHUNK {blockData=conID: 3 locID: 102670698842489523 bcsId: 0} | ret=SUCCESS |  
2019-08-24 07:08:56,562 | INFO  | DNAudit | user=null | ip=null | op=WRITE_CHUNK {blockData=conID: 3 locID: 102670698842489523 bcsId: 0} | ret=SUCCESS |  
2019-08-24 07:08:56,563 | INFO  | DNAudit | user=null | ip=null | op=PUT_BLOCK {blockData=[blockId=conID: 3 locID: 102670698842489523 bcsId: 0,size=1048576]} | ret=SUCCESS |  
2019-08-24 07:08:56,563 [grpc-default-executor-0] INFO  client.GrpcClientProtocolClient (GrpcClientProtocolClient.java:onNext(255)) - client-6EDD19400D46->06a4573b-67a1-41e3-a350-f896363bc636: receive RaftClientReply:client-6EDD19400D46->06a4573b-67a1-41e3-a350-f896363bc636@group-757E3781CD2A, cid=3478, SUCCESS, logIndex=5238, commits[06a4573b-67a1-41e3-a350-f896363bc636:c5239, 0b725bbf-683b-4664-9a2e-3c9dd6e38bc1:c5237, 9193e3b7-ae04-484d-a740-c65c11559486:c5237]
2019-08-24 07:08:56,564 | INFO  | DNAudit | user=null | ip=null | op=WRITE_CHUNK {blockData=conID: 3 locID: 102670698842489523 bcsId: 0} | ret=SUCCESS |  
2019-08-24 07:08:56,564 [grpc-default-executor-0] INFO  client.GrpcClientProtocolClient (GrpcClientProtocolClient.java:onNext(255)) - client-6EDD19400D46->06a4573b-67a1-41e3-a350-f896363bc636: receive RaftClientReply:client-6EDD19400D46->06a4573b-67a1-41e3-a350-f896363bc636@group-757E3781CD2A, cid=3479, SUCCESS, logIndex=5239, commits[06a4573b-67a1-41e3-a350-f896363bc636:c5239, 0b725bbf-683b-4664-9a2e-3c9dd6e38bc1:c5237, 9193e3b7-ae04-484d-a740-c65c11559486:c5237]
2019-08-24 07:08:56,564 | INFO  | DNAudit | user=null | ip=null | op=PUT_BLOCK {blockData=[blockId=conID: 3 locID: 102670698842489523 bcsId: 0,size=2097152]} | ret=SUCCESS |  
2019-08-24 07:08:56,564 [grpc-default-executor-0] INFO  client.GrpcClientProtocolClient (GrpcClientProtocolClient.java:onNext(255)) - client-6EDD19400D46->06a4573b-67a1-41e3-a350-f896363bc636: receive RaftClientReply:client-6EDD19400D46->06a4573b-67a1-41e3-a350-f896363bc636@group-757E3781CD2A, cid=3480, SUCCESS, logIndex=5240, commits[06a4573b-67a1-41e3-a350-f896363bc636:c5241, 0b725bbf-683b-4664-9a2e-3c9dd6e38bc1:c5237, 9193e3b7-ae04-484d-a740-c65c11559486:c5237]
2019-08-24 07:08:56,564 | INFO  | DNAudit | user=null | ip=null | op=WRITE_CHUNK {blockData=conID: 3 locID: 102670698842489523 bcsId: 0} | ret=SUCCESS |  
2019-08-24 07:08:56,565 | INFO  | DNAudit | user=null | ip=null | op=PUT_BLOCK {blockData=[blockId=conID: 3 locID: 102670698842489523 bcsId: 0,size=1048576]} | ret=SUCCESS |  
2019-08-24 07:08:56,565 [grpc-default-executor-5] INFO  client.GrpcClientProtocolClient (GrpcClientProtocolClient.java:onNext(255)) - client-6EDD19400D46->06a4573b-67a1-41e3-a350-f896363bc636: receive RaftClientReply:client-6EDD19400D46->06a4573b-67a1-41e3-a350-f896363bc636@group-757E3781CD2A, cid=3481, SUCCESS, logIndex=5241, commits[06a4573b-67a1-41e3-a350-f896363bc636:c5241, 0b725bbf-683b-4664-9a2e-3c9dd6e38bc1:c5237, 9193e3b7-ae04-484d-a740-c65c11559486:c5237]
2019-08-24 07:08:56,565 | INFO  | DNAudit | user=null | ip=null | op=WRITE_CHUNK {blockData=conID: 3 locID: 102670698842489523 bcsId: 0} | ret=SUCCESS |  
2019-08-24 07:08:56,565 | INFO  | DNAudit | user=null | ip=null | op=PUT_BLOCK {blockData=[blockId=conID: 3 locID: 102670698842489523 bcsId: 0,size=1048576]} | ret=SUCCESS |  
2019-08-24 07:08:56,566 | INFO  | DNAudit | user=null | ip=null | op=WRITE_CHUNK {blockData=conID: 3 locID: 102670698842489523 bcsId: 0} | ret=SUCCESS |  
2019-08-24 07:08:56,566 [grpc-default-executor-0] INFO  client.GrpcClientProtocolClient (GrpcClientProtocolClient.java:onNext(255)) - client-6EDD19400D46->06a4573b-67a1-41e3-a350-f896363bc636: receive RaftClientReply:client-6EDD19400D46->06a4573b-67a1-41e3-a350-f896363bc636@group-757E3781CD2A, cid=3482, SUCCESS, logIndex=0, commits[06a4573b-67a1-41e3-a350-f896363bc636:c5243, 0b725bbf-683b-4664-9a2e-3c9dd6e38bc1:c5239, 9193e3b7-ae04-484d-a740-c65c11559486:c5239]
2019-08-24 07:08:56,566 | INFO  | DNAudit | user=null | ip=null | op=PUT_BLOCK {blockData=[blockId=conID: 3 locID: 102670698842489523 bcsId: 0,size=2097152]} | ret=SUCCESS |  
2019-08-24 07:08:56,566 | INFO  | DNAudit | user=null | ip=null | op=WRITE_CHUNK {blockData=conID: 3 locID: 102670698842489523 bcsId: 0} | ret=SUCCESS |  
2019-08-24 07:08:56,566 | INFO  | DNAudit | user=null | ip=null | op=PUT_BLOCK {blockData=[blockId=conID: 3 locID: 102670698842489523 bcsId: 0,size=2097152]} | ret=SUCCESS |  
2019-08-24 07:08:56,571 | INFO  | DNAudit | user=null | ip=null | op=WRITE_CHUNK {blockData=conID: 3 locID: 102670698842489523 bcsId: 5241} | ret=SUCCESS |  
2019-08-24 07:08:56,574 | INFO  | DNAudit | user=null | ip=null | op=WRITE_CHUNK {blockData=conID: 3 locID: 102670698842489523 bcsId: 5241} | ret=SUCCESS |  
2019-08-24 07:08:56,574 | INFO  | DNAudit | user=null | ip=null | op=WRITE_CHUNK {blockData=conID: 3 locID: 102670698842489523 bcsId: 5241} | ret=SUCCESS |  
2019-08-24 07:08:56,588 | INFO  | DNAudit | user=null | ip=null | op=WRITE_CHUNK {blockData=conID: 3 locID: 102670698842489523 bcsId: 5241} | ret=SUCCESS |  
2019-08-24 07:08:56,589 | INFO  | DNAudit | user=null | ip=null | op=PUT_BLOCK {blockData=[blockId=conID: 3 locID: 102670698842489523 bcsId: 0,size=3145728]} | ret=SUCCESS |  
2019-08-24 07:08:56,589 [grpc-default-executor-0] INFO  client.GrpcClientProtocolClient (GrpcClientProtocolClient.java:onNext(255)) - client-6EDD19400D46->06a4573b-67a1-41e3-a350-f896363bc636: receive RaftClientReply:client-6EDD19400D46->06a4573b-67a1-41e3-a350-f896363bc636@group-757E3781CD2A, cid=3483, SUCCESS, logIndex=5245, commits[06a4573b-67a1-41e3-a350-f896363bc636:c5246, 0b725bbf-683b-4664-9a2e-3c9dd6e38bc1:c5244, 9193e3b7-ae04-484d-a740-c65c11559486:c5244]
2019-08-24 07:08:56,589 [grpc-default-executor-0] INFO  client.GrpcClientProtocolClient (GrpcClientProtocolClient.java:onNext(255)) - client-6EDD19400D46->06a4573b-67a1-41e3-a350-f896363bc636: receive RaftClientReply:client-6EDD19400D46->06a4573b-67a1-41e3-a350-f896363bc636@group-757E3781CD2A, cid=3484, SUCCESS, logIndex=5246, commits[06a4573b-67a1-41e3-a350-f896363bc636:c5246, 0b725bbf-683b-4664-9a2e-3c9dd6e38bc1:c5244, 9193e3b7-ae04-484d-a740-c65c11559486:c5244]
2019-08-24 07:08:56,595 | INFO  | DNAudit | user=null | ip=null | op=WRITE_CHUNK {blockData=conID: 3 locID: 102670698842489523 bcsId: 5246} | ret=SUCCESS |  
2019-08-24 07:08:56,598 | INFO  | DNAudit | user=null | ip=null | op=WRITE_CHUNK {blockData=conID: 3 locID: 102670698842489523 bcsId: 5246} | ret=SUCCESS |  
2019-08-24 07:08:56,598 | INFO  | DNAudit | user=null | ip=null | op=WRITE_CHUNK {blockData=conID: 3 locID: 102670698842489523 bcsId: 5246} | ret=SUCCESS |  
2019-08-24 07:08:56,600 | INFO  | DNAudit | user=null | ip=null | op=WRITE_CHUNK {blockData=conID: 3 locID: 102670698842489523 bcsId: 5241} | ret=SUCCESS |  
2019-08-24 07:08:56,600 | INFO  | DNAudit | user=null | ip=null | op=WRITE_CHUNK {blockData=conID: 3 locID: 102670698842489523 bcsId: 5241} | ret=SUCCESS |  
2019-08-24 07:08:56,600 | INFO  | DNAudit | user=null | ip=null | op=PUT_BLOCK {blockData=[blockId=conID: 3 locID: 102670698842489523 bcsId: 0,size=3145728]} | ret=SUCCESS |  
2019-08-24 07:08:56,600 | INFO  | DNAudit | user=null | ip=null | op=PUT_BLOCK {blockData=[blockId=conID: 3 locID: 102670698842489523 bcsId: 0,size=3145728]} | ret=SUCCESS |  
2019-08-24 07:08:56,601 | INFO  | DNAudit | user=null | ip=null | op=WRITE_CHUNK {blockData=conID: 3 locID: 102670698842489523 bcsId: 5246} | ret=SUCCESS |  
2019-08-24 07:08:56,602 | INFO  | DNAudit | user=null | ip=null | op=PUT_BLOCK {blockData=[blockId=conID: 3 locID: 102670698842489523 bcsId: 0,size=4194304]} | ret=SUCCESS |  
2019-08-24 07:08:56,602 [grpc-default-executor-2] INFO  client.GrpcClientProtocolClient (GrpcClientProtocolClient.java:onNext(255)) - client-6EDD19400D46->06a4573b-67a1-41e3-a350-f896363bc636: receive RaftClientReply:client-6EDD19400D46->06a4573b-67a1-41e3-a350-f896363bc636@group-757E3781CD2A, cid=3485, SUCCESS, logIndex=5249, commits[06a4573b-67a1-41e3-a350-f896363bc636:c5249, 0b725bbf-683b-4664-9a2e-3c9dd6e38bc1:c5246, 9193e3b7-ae04-484d-a740-c65c11559486:c5246]
2019-08-24 07:08:56,602 [grpc-default-executor-2] INFO  client.GrpcClientProtocolClient (GrpcClientProtocolClient.java:onNext(255)) - client-6EDD19400D46->06a4573b-67a1-41e3-a350-f896363bc636: receive RaftClientReply:client-6EDD19400D46->06a4573b-67a1-41e3-a350-f896363bc636@group-757E3781CD2A, cid=3486, SUCCESS, logIndex=5250, commits[06a4573b-67a1-41e3-a350-f896363bc636:c5250, 0b725bbf-683b-4664-9a2e-3c9dd6e38bc1:c5246, 9193e3b7-ae04-484d-a740-c65c11559486:c5246]
2019-08-24 07:08:56,613 | INFO  | DNAudit | user=null | ip=null | op=WRITE_CHUNK {blockData=conID: 3 locID: 102670698842489523 bcsId: 5246} | ret=SUCCESS |  
2019-08-24 07:08:56,613 | INFO  | DNAudit | user=null | ip=null | op=WRITE_CHUNK {blockData=conID: 3 locID: 102670698842489523 bcsId: 5246} | ret=SUCCESS |  
2019-08-24 07:08:56,614 | INFO  | DNAudit | user=null | ip=null | op=PUT_BLOCK {blockData=[blockId=conID: 3 locID: 102670698842489523 bcsId: 0,size=4194304]} | ret=SUCCESS |  
2019-08-24 07:08:56,614 | INFO  | DNAudit | user=null | ip=null | op=PUT_BLOCK {blockData=[blockId=conID: 3 locID: 102670698842489523 bcsId: 0,size=4194304]} | ret=SUCCESS |  
2019-08-24 07:08:56,615 [grpc-default-executor-5] INFO  client.GrpcClientProtocolClient (GrpcClientProtocolClient.java:onNext(255)) - client-6EDD19400D46->06a4573b-67a1-41e3-a350-f896363bc636: receive RaftClientReply:client-6EDD19400D46->06a4573b-67a1-41e3-a350-f896363bc636@group-757E3781CD2A, cid=3487, SUCCESS, logIndex=0, commits[06a4573b-67a1-41e3-a350-f896363bc636:c5252, 0b725bbf-683b-4664-9a2e-3c9dd6e38bc1:c5250, 9193e3b7-ae04-484d-a740-c65c11559486:c5250]
2019-08-24 07:08:56,622 | INFO  | SCMAudit | user=jenkins1000 | ip=192.168.69.125 | op=ALLOCATE_BLOCK {owner=61bacca8-15b6-4a50-8962-5e9786b18b0d, size=4194304, type=RATIS, factor=THREE} | ret=SUCCESS |  
2019-08-24 07:08:56,627 | INFO  | OMAudit | user=jenkins1000 | ip=127.0.0.1 | op=ALLOCATE_BLOCK {volume=vol-0-26988, bucket=bucket-0-20739, key=key-0-27353, dataSize=0, replicationType=null, replicationFactor=null, keyLocationInfo=null, clientID=102670695851229586} | ret=SUCCESS |  
2019-08-24 07:08:56,634 | INFO  | DNAudit | user=null | ip=null | op=WRITE_CHUNK {blockData=conID: 1 locID: 102670698848060084 bcsId: 0} | ret=SUCCESS |  
2019-08-24 07:08:56,636 | INFO  | DNAudit | user=null | ip=null | op=WRITE_CHUNK {blockData=conID: 1 locID: 102670698848060084 bcsId: 0} | ret=SUCCESS |  
2019-08-24 07:08:56,637 | INFO  | DNAudit | user=null | ip=null | op=WRITE_CHUNK {blockData=conID: 1 locID: 102670698848060084 bcsId: 0} | ret=SUCCESS |  
2019-08-24 07:08:56,637 | INFO  | DNAudit | user=null | ip=null | op=WRITE_CHUNK {blockData=conID: 1 locID: 102670698848060084 bcsId: 0} | ret=SUCCESS |  
2019-08-24 07:08:56,639 | INFO  | DNAudit | user=null | ip=null | op=WRITE_CHUNK {blockData=conID: 1 locID: 102670698848060084 bcsId: 0} | ret=SUCCESS |  
2019-08-24 07:08:56,639 | INFO  | DNAudit | user=null | ip=null | op=WRITE_CHUNK {blockData=conID: 1 locID: 102670698848060084 bcsId: 0} | ret=SUCCESS |  
2019-08-24 07:08:56,646 | INFO  | DNAudit | user=null | ip=null | op=WRITE_CHUNK {blockData=conID: 1 locID: 102670698848060084 bcsId: 0} | ret=SUCCESS |  
2019-08-24 07:08:56,646 | INFO  | DNAudit | user=null | ip=null | op=PUT_BLOCK {blockData=[blockId=conID: 1 locID: 102670698848060084 bcsId: 0,size=1048576]} | ret=SUCCESS |  
2019-08-24 07:08:56,647 | INFO  | DNAudit | user=null | ip=null | op=WRITE_CHUNK {blockData=conID: 1 locID: 102670698848060084 bcsId: 0} | ret=SUCCESS |  
2019-08-24 07:08:56,647 [grpc-default-executor-0] INFO  client.GrpcClientProtocolClient (GrpcClientProtocolClient.java:onNext(255)) - client-6EDD19400D46->06a4573b-67a1-41e3-a350-f896363bc636: receive RaftClientReply:client-6EDD19400D46->06a4573b-67a1-41e3-a350-f896363bc636@group-757E3781CD2A, cid=3488, SUCCESS, logIndex=5253, commits[06a4573b-67a1-41e3-a350-f896363bc636:c5254, 0b725bbf-683b-4664-9a2e-3c9dd6e38bc1:c5252, 9193e3b7-ae04-484d-a740-c65c11559486:c5252]
2019-08-24 07:08:56,647 | INFO  | DNAudit | user=null | ip=null | op=PUT_BLOCK {blockData=[blockId=conID: 1 locID: 102670698848060084 bcsId: 0,size=2097152]} | ret=SUCCESS |  
2019-08-24 07:08:56,647 [grpc-default-executor-0] INFO  client.GrpcClientProtocolClient (GrpcClientProtocolClient.java:onNext(255)) - client-6EDD19400D46->06a4573b-67a1-41e3-a350-f896363bc636: receive RaftClientReply:client-6EDD19400D46->06a4573b-67a1-41e3-a350-f896363bc636@group-757E3781CD2A, cid=3489, SUCCESS, logIndex=5254, commits[06a4573b-67a1-41e3-a350-f896363bc636:c5254, 0b725bbf-683b-4664-9a2e-3c9dd6e38bc1:c5252, 9193e3b7-ae04-484d-a740-c65c11559486:c5252]
2019-08-24 07:08:56,647 [grpc-default-executor-0] INFO  client.GrpcClientProtocolClient (GrpcClientProtocolClient.java:onNext(255)) - client-6EDD19400D46->06a4573b-67a1-41e3-a350-f896363bc636: receive RaftClientReply:client-6EDD19400D46->06a4573b-67a1-41e3-a350-f896363bc636@group-757E3781CD2A, cid=3490, SUCCESS, logIndex=5255, commits[06a4573b-67a1-41e3-a350-f896363bc636:c5256, 0b725bbf-683b-4664-9a2e-3c9dd6e38bc1:c5252, 9193e3b7-ae04-484d-a740-c65c11559486:c5252]
2019-08-24 07:08:56,648 [grpc-default-executor-0] INFO  client.GrpcClientProtocolClient (GrpcClientProtocolClient.java:onNext(255)) - client-6EDD19400D46->06a4573b-67a1-41e3-a350-f896363bc636: receive RaftClientReply:client-6EDD19400D46->06a4573b-67a1-41e3-a350-f896363bc636@group-757E3781CD2A, cid=3491, SUCCESS, logIndex=5256, commits[06a4573b-67a1-41e3-a350-f896363bc636:c5256, 0b725bbf-683b-4664-9a2e-3c9dd6e38bc1:c5252, 9193e3b7-ae04-484d-a740-c65c11559486:c5252]
2019-08-24 07:08:56,648 | INFO  | DNAudit | user=null | ip=null | op=WRITE_CHUNK {blockData=conID: 1 locID: 102670698848060084 bcsId: 0} | ret=SUCCESS |  
2019-08-24 07:08:56,648 | INFO  | DNAudit | user=null | ip=null | op=PUT_BLOCK {blockData=[blockId=conID: 1 locID: 102670698848060084 bcsId: 0,size=1048576]} | ret=SUCCESS |  
2019-08-24 07:08:56,649 | INFO  | DNAudit | user=null | ip=null | op=WRITE_CHUNK {blockData=conID: 1 locID: 102670698848060084 bcsId: 0} | ret=SUCCESS |  
2019-08-24 07:08:56,649 | INFO  | DNAudit | user=null | ip=null | op=PUT_BLOCK {blockData=[blockId=conID: 1 locID: 102670698848060084 bcsId: 0,size=2097152]} | ret=SUCCESS |  
2019-08-24 07:08:56,649 | INFO  | DNAudit | user=null | ip=null | op=WRITE_CHUNK {blockData=conID: 1 locID: 102670698848060084 bcsId: 0} | ret=SUCCESS |  
2019-08-24 07:08:56,649 | INFO  | DNAudit | user=null | ip=null | op=PUT_BLOCK {blockData=[blockId=conID: 1 locID: 102670698848060084 bcsId: 0,size=1048576]} | ret=SUCCESS |  
2019-08-24 07:08:56,650 | INFO  | DNAudit | user=null | ip=null | op=WRITE_CHUNK {blockData=conID: 1 locID: 102670698848060084 bcsId: 0} | ret=SUCCESS |  
2019-08-24 07:08:56,650 [grpc-default-executor-2] INFO  client.GrpcClientProtocolClient (GrpcClientProtocolClient.java:onNext(255)) - client-6EDD19400D46->06a4573b-67a1-41e3-a350-f896363bc636: receive RaftClientReply:client-6EDD19400D46->06a4573b-67a1-41e3-a350-f896363bc636@group-757E3781CD2A, cid=3492, SUCCESS, logIndex=0, commits[06a4573b-67a1-41e3-a350-f896363bc636:c5260, 0b725bbf-683b-4664-9a2e-3c9dd6e38bc1:c5254, 9193e3b7-ae04-484d-a740-c65c11559486:c5256]
2019-08-24 07:08:56,650 | INFO  | DNAudit | user=null | ip=null | op=PUT_BLOCK {blockData=[blockId=conID: 1 locID: 102670698848060084 bcsId: 0,size=2097152]} | ret=SUCCESS |  
2019-08-24 07:08:56,656 | INFO  | DNAudit | user=null | ip=null | op=WRITE_CHUNK {blockData=conID: 1 locID: 102670698848060084 bcsId: 5256} | ret=SUCCESS |  
2019-08-24 07:08:56,658 | INFO  | DNAudit | user=null | ip=null | op=WRITE_CHUNK {blockData=conID: 1 locID: 102670698848060084 bcsId: 5256} | ret=SUCCESS |  
2019-08-24 07:08:56,658 | INFO  | DNAudit | user=null | ip=null | op=WRITE_CHUNK {blockData=conID: 1 locID: 102670698848060084 bcsId: 5256} | ret=SUCCESS |  
2019-08-24 07:08:56,669 | INFO  | DNAudit | user=null | ip=null | op=WRITE_CHUNK {blockData=conID: 1 locID: 102670698848060084 bcsId: 5256} | ret=SUCCESS |  
2019-08-24 07:08:56,669 | INFO  | DNAudit | user=null | ip=null | op=PUT_BLOCK {blockData=[blockId=conID: 1 locID: 102670698848060084 bcsId: 0,size=3145728]} | ret=SUCCESS |  
2019-08-24 07:08:56,669 [grpc-default-executor-2] INFO  client.GrpcClientProtocolClient (GrpcClientProtocolClient.java:onNext(255)) - client-6EDD19400D46->06a4573b-67a1-41e3-a350-f896363bc636: receive RaftClientReply:client-6EDD19400D46->06a4573b-67a1-41e3-a350-f896363bc636@group-757E3781CD2A, cid=3493, SUCCESS, logIndex=5261, commits[06a4573b-67a1-41e3-a350-f896363bc636:c5262, 0b725bbf-683b-4664-9a2e-3c9dd6e38bc1:c5260, 9193e3b7-ae04-484d-a740-c65c11559486:c5260]
2019-08-24 07:08:56,669 [grpc-default-executor-2] INFO  client.GrpcClientProtocolClient (GrpcClientProtocolClient.java:onNext(255)) - client-6EDD19400D46->06a4573b-67a1-41e3-a350-f896363bc636: receive RaftClientReply:client-6EDD19400D46->06a4573b-67a1-41e3-a350-f896363bc636@group-757E3781CD2A, cid=3494, SUCCESS, logIndex=5262, commits[06a4573b-67a1-41e3-a350-f896363bc636:c5262, 0b725bbf-683b-4664-9a2e-3c9dd6e38bc1:c5260, 9193e3b7-ae04-484d-a740-c65c11559486:c5260]
2019-08-24 07:08:56,676 | INFO  | DNAudit | user=null | ip=null | op=WRITE_CHUNK {blockData=conID: 1 locID: 102670698848060084 bcsId: 5262} | ret=SUCCESS |  
2019-08-24 07:08:56,678 | INFO  | DNAudit | user=null | ip=null | op=WRITE_CHUNK {blockData=conID: 1 locID: 102670698848060084 bcsId: 5262} | ret=SUCCESS |  
2019-08-24 07:08:56,678 | INFO  | DNAudit | user=null | ip=null | op=WRITE_CHUNK {blockData=conID: 1 locID: 102670698848060084 bcsId: 5262} | ret=SUCCESS |  
2019-08-24 07:08:56,680 | INFO  | DNAudit | user=null | ip=null | op=WRITE_CHUNK {blockData=conID: 1 locID: 102670698848060084 bcsId: 5256} | ret=SUCCESS |  
2019-08-24 07:08:56,681 | INFO  | DNAudit | user=null | ip=null | op=PUT_BLOCK {blockData=[blockId=conID: 1 locID: 102670698848060084 bcsId: 0,size=3145728]} | ret=SUCCESS |  
2019-08-24 07:08:56,681 | INFO  | DNAudit | user=null | ip=null | op=WRITE_CHUNK {blockData=conID: 1 locID: 102670698848060084 bcsId: 5256} | ret=SUCCESS |  
2019-08-24 07:08:56,681 | INFO  | DNAudit | user=null | ip=null | op=PUT_BLOCK {blockData=[blockId=conID: 1 locID: 102670698848060084 bcsId: 0,size=3145728]} | ret=SUCCESS |  
2019-08-24 07:08:56,682 | INFO  | DNAudit | user=null | ip=null | op=WRITE_CHUNK {blockData=conID: 1 locID: 102670698848060084 bcsId: 5262} | ret=SUCCESS |  
2019-08-24 07:08:56,682 | INFO  | DNAudit | user=null | ip=null | op=PUT_BLOCK {blockData=[blockId=conID: 1 locID: 102670698848060084 bcsId: 0,size=4194304]} | ret=SUCCESS |  
2019-08-24 07:08:56,682 [grpc-default-executor-2] INFO  client.GrpcClientProtocolClient (GrpcClientProtocolClient.java:onNext(255)) - client-6EDD19400D46->06a4573b-67a1-41e3-a350-f896363bc636: receive RaftClientReply:client-6EDD19400D46->06a4573b-67a1-41e3-a350-f896363bc636@group-757E3781CD2A, cid=3495, SUCCESS, logIndex=5264, commits[06a4573b-67a1-41e3-a350-f896363bc636:c5265, 0b725bbf-683b-4664-9a2e-3c9dd6e38bc1:c5262, 9193e3b7-ae04-484d-a740-c65c11559486:c5262]
2019-08-24 07:08:56,683 [grpc-default-executor-2] INFO  client.GrpcClientProtocolClient (GrpcClientProtocolClient.java:onNext(255)) - client-6EDD19400D46->06a4573b-67a1-41e3-a350-f896363bc636: receive RaftClientReply:client-6EDD19400D46->06a4573b-67a1-41e3-a350-f896363bc636@group-757E3781CD2A, cid=3496, SUCCESS, logIndex=5265, commits[06a4573b-67a1-41e3-a350-f896363bc636:c5265, 0b725bbf-683b-4664-9a2e-3c9dd6e38bc1:c5262, 9193e3b7-ae04-484d-a740-c65c11559486:c5262]
2019-08-24 07:08:56,683 | INFO  | DNAudit | user=null | ip=null | op=WRITE_CHUNK {blockData=conID: 1 locID: 102670698848060084 bcsId: 5262} | ret=SUCCESS |  
2019-08-24 07:08:56,683 | INFO  | DNAudit | user=null | ip=null | op=WRITE_CHUNK {blockData=conID: 1 locID: 102670698848060084 bcsId: 5262} | ret=SUCCESS |  
2019-08-24 07:08:56,684 | INFO  | DNAudit | user=null | ip=null | op=PUT_BLOCK {blockData=[blockId=conID: 1 locID: 102670698848060084 bcsId: 0,size=4194304]} | ret=SUCCESS |  
2019-08-24 07:08:56,685 | INFO  | DNAudit | user=null | ip=null | op=PUT_BLOCK {blockData=[blockId=conID: 1 locID: 102670698848060084 bcsId: 0,size=4194304]} | ret=SUCCESS |  
2019-08-24 07:08:56,685 [grpc-default-executor-2] INFO  client.GrpcClientProtocolClient (GrpcClientProtocolClient.java:onNext(255)) - client-6EDD19400D46->06a4573b-67a1-41e3-a350-f896363bc636: receive RaftClientReply:client-6EDD19400D46->06a4573b-67a1-41e3-a350-f896363bc636@group-757E3781CD2A, cid=3497, SUCCESS, logIndex=0, commits[06a4573b-67a1-41e3-a350-f896363bc636:c5267, 0b725bbf-683b-4664-9a2e-3c9dd6e38bc1:c5265, 9193e3b7-ae04-484d-a740-c65c11559486:c5265]
2019-08-24 07:08:56,693 | INFO  | SCMAudit | user=jenkins1000 | ip=192.168.69.125 | op=ALLOCATE_BLOCK {owner=61bacca8-15b6-4a50-8962-5e9786b18b0d, size=4194304, type=RATIS, factor=THREE} | ret=SUCCESS |  
2019-08-24 07:08:56,699 | INFO  | OMAudit | user=jenkins1000 | ip=127.0.0.1 | op=ALLOCATE_BLOCK {volume=vol-0-26988, bucket=bucket-0-20739, key=key-0-27353, dataSize=0, replicationType=null, replicationFactor=null, keyLocationInfo=null, clientID=102670695851229586} | ret=SUCCESS |  
2019-08-24 07:08:56,705 | INFO  | DNAudit | user=null | ip=null | op=WRITE_CHUNK {blockData=conID: 2 locID: 102670698852713141 bcsId: 0} | ret=SUCCESS |  
2019-08-24 07:08:56,707 | INFO  | DNAudit | user=null | ip=null | op=WRITE_CHUNK {blockData=conID: 2 locID: 102670698852713141 bcsId: 0} | ret=SUCCESS |  
2019-08-24 07:08:56,708 | INFO  | DNAudit | user=null | ip=null | op=WRITE_CHUNK {blockData=conID: 2 locID: 102670698852713141 bcsId: 0} | ret=SUCCESS |  
2019-08-24 07:08:56,709 | INFO  | DNAudit | user=null | ip=null | op=WRITE_CHUNK {blockData=conID: 2 locID: 102670698852713141 bcsId: 0} | ret=SUCCESS |  
2019-08-24 07:08:56,710 | INFO  | DNAudit | user=null | ip=null | op=WRITE_CHUNK {blockData=conID: 2 locID: 102670698852713141 bcsId: 0} | ret=SUCCESS |  
2019-08-24 07:08:56,711 | INFO  | DNAudit | user=null | ip=null | op=WRITE_CHUNK {blockData=conID: 2 locID: 102670698852713141 bcsId: 0} | ret=SUCCESS |  
2019-08-24 07:08:56,718 | INFO  | DNAudit | user=null | ip=null | op=WRITE_CHUNK {blockData=conID: 2 locID: 102670698852713141 bcsId: 0} | ret=SUCCESS |  
2019-08-24 07:08:56,718 | INFO  | DNAudit | user=null | ip=null | op=PUT_BLOCK {blockData=[blockId=conID: 2 locID: 102670698852713141 bcsId: 0,size=1048576]} | ret=SUCCESS |  
2019-08-24 07:08:56,719 | INFO  | DNAudit | user=null | ip=null | op=WRITE_CHUNK {blockData=conID: 2 locID: 102670698852713141 bcsId: 0} | ret=SUCCESS |  
2019-08-24 07:08:56,718 [grpc-default-executor-1] INFO  client.GrpcClientProtocolClient (GrpcClientProtocolClient.java:onNext(255)) - client-6EDD19400D46->06a4573b-67a1-41e3-a350-f896363bc636: receive RaftClientReply:client-6EDD19400D46->06a4573b-67a1-41e3-a350-f896363bc636@group-757E3781CD2A, cid=3498, SUCCESS, logIndex=5268, commits[06a4573b-67a1-41e3-a350-f896363bc636:c5269, 0b725bbf-683b-4664-9a2e-3c9dd6e38bc1:c5267, 9193e3b7-ae04-484d-a740-c65c11559486:c5267]
2019-08-24 07:08:56,719 | INFO  | DNAudit | user=null | ip=null | op=PUT_BLOCK {blockData=[blockId=conID: 2 locID: 102670698852713141 bcsId: 0,size=2097152]} | ret=SUCCESS |  
2019-08-24 07:08:56,719 | INFO  | DNAudit | user=null | ip=null | op=WRITE_CHUNK {blockData=conID: 2 locID: 102670698852713141 bcsId: 0} | ret=SUCCESS |  
2019-08-24 07:08:56,719 [grpc-default-executor-1] INFO  client.GrpcClientProtocolClient (GrpcClientProtocolClient.java:onNext(255)) - client-6EDD19400D46->06a4573b-67a1-41e3-a350-f896363bc636: receive RaftClientReply:client-6EDD19400D46->06a4573b-67a1-41e3-a350-f896363bc636@group-757E3781CD2A, cid=3499, SUCCESS, logIndex=5269, commits[06a4573b-67a1-41e3-a350-f896363bc636:c5271, 0b725bbf-683b-4664-9a2e-3c9dd6e38bc1:c5267, 9193e3b7-ae04-484d-a740-c65c11559486:c5267]
2019-08-24 07:08:56,719 [grpc-default-executor-1] INFO  client.GrpcClientProtocolClient (GrpcClientProtocolClient.java:onNext(255)) - client-6EDD19400D46->06a4573b-67a1-41e3-a350-f896363bc636: receive RaftClientReply:client-6EDD19400D46->06a4573b-67a1-41e3-a350-f896363bc636@group-757E3781CD2A, cid=3500, SUCCESS, logIndex=5270, commits[06a4573b-67a1-41e3-a350-f896363bc636:c5271, 0b725bbf-683b-4664-9a2e-3c9dd6e38bc1:c5267, 9193e3b7-ae04-484d-a740-c65c11559486:c5267]
2019-08-24 07:08:56,719 | INFO  | DNAudit | user=null | ip=null | op=WRITE_CHUNK {blockData=conID: 2 locID: 102670698852713141 bcsId: 0} | ret=SUCCESS |  
2019-08-24 07:08:56,720 | INFO  | DNAudit | user=null | ip=null | op=PUT_BLOCK {blockData=[blockId=conID: 2 locID: 102670698852713141 bcsId: 0,size=1048576]} | ret=SUCCESS |  
2019-08-24 07:08:56,720 [grpc-default-executor-2] INFO  client.GrpcClientProtocolClient (GrpcClientProtocolClient.java:onNext(255)) - client-6EDD19400D46->06a4573b-67a1-41e3-a350-f896363bc636: receive RaftClientReply:client-6EDD19400D46->06a4573b-67a1-41e3-a350-f896363bc636@group-757E3781CD2A, cid=3501, SUCCESS, logIndex=5271, commits[06a4573b-67a1-41e3-a350-f896363bc636:c5271, 0b725bbf-683b-4664-9a2e-3c9dd6e38bc1:c5267, 9193e3b7-ae04-484d-a740-c65c11559486:c5267]
2019-08-24 07:08:56,720 | INFO  | DNAudit | user=null | ip=null | op=WRITE_CHUNK {blockData=conID: 2 locID: 102670698852713141 bcsId: 0} | ret=SUCCESS |  
2019-08-24 07:08:56,720 | INFO  | DNAudit | user=null | ip=null | op=PUT_BLOCK {blockData=[blockId=conID: 2 locID: 102670698852713141 bcsId: 0,size=1048576]} | ret=SUCCESS |  
2019-08-24 07:08:56,720 | INFO  | DNAudit | user=null | ip=null | op=WRITE_CHUNK {blockData=conID: 2 locID: 102670698852713141 bcsId: 0} | ret=SUCCESS |  
2019-08-24 07:08:56,720 | INFO  | DNAudit | user=null | ip=null | op=PUT_BLOCK {blockData=[blockId=conID: 2 locID: 102670698852713141 bcsId: 0,size=2097152]} | ret=SUCCESS |  
2019-08-24 07:08:56,721 | INFO  | DNAudit | user=null | ip=null | op=PUT_BLOCK {blockData=[blockId=conID: 2 locID: 102670698852713141 bcsId: 0,size=2097152]} | ret=SUCCESS |  
2019-08-24 07:08:56,721 [grpc-default-executor-2] INFO  client.GrpcClientProtocolClient (GrpcClientProtocolClient.java:onNext(255)) - client-6EDD19400D46->06a4573b-67a1-41e3-a350-f896363bc636: receive RaftClientReply:client-6EDD19400D46->06a4573b-67a1-41e3-a350-f896363bc636@group-757E3781CD2A, cid=3502, SUCCESS, logIndex=0, commits[06a4573b-67a1-41e3-a350-f896363bc636:c5274, 0b725bbf-683b-4664-9a2e-3c9dd6e38bc1:c5269, 9193e3b7-ae04-484d-a740-c65c11559486:c5270]
2019-08-24 07:08:56,726 | INFO  | DNAudit | user=null | ip=null | op=WRITE_CHUNK {blockData=conID: 2 locID: 102670698852713141 bcsId: 5271} | ret=SUCCESS |  
2019-08-24 07:08:56,729 | INFO  | DNAudit | user=null | ip=null | op=WRITE_CHUNK {blockData=conID: 2 locID: 102670698852713141 bcsId: 5271} | ret=SUCCESS |  
2019-08-24 07:08:56,730 | INFO  | DNAudit | user=null | ip=null | op=WRITE_CHUNK {blockData=conID: 2 locID: 102670698852713141 bcsId: 5271} | ret=SUCCESS |  
2019-08-24 07:08:56,739 | INFO  | DNAudit | user=null | ip=null | op=WRITE_CHUNK {blockData=conID: 2 locID: 102670698852713141 bcsId: 5271} | ret=SUCCESS |  
2019-08-24 07:08:56,739 | INFO  | DNAudit | user=null | ip=null | op=PUT_BLOCK {blockData=[blockId=conID: 2 locID: 102670698852713141 bcsId: 0,size=3145728]} | ret=SUCCESS |  
2019-08-24 07:08:56,739 [grpc-default-executor-0] INFO  client.GrpcClientProtocolClient (GrpcClientProtocolClient.java:onNext(255)) - client-6EDD19400D46->06a4573b-67a1-41e3-a350-f896363bc636: receive RaftClientReply:client-6EDD19400D46->06a4573b-67a1-41e3-a350-f896363bc636@group-757E3781CD2A, cid=3503, SUCCESS, logIndex=5276, commits[06a4573b-67a1-41e3-a350-f896363bc636:c5277, 0b725bbf-683b-4664-9a2e-3c9dd6e38bc1:c5275, 9193e3b7-ae04-484d-a740-c65c11559486:c5275]
2019-08-24 07:08:56,740 [grpc-default-executor-0] INFO  client.GrpcClientProtocolClient (GrpcClientProtocolClient.java:onNext(255)) - client-6EDD19400D46->06a4573b-67a1-41e3-a350-f896363bc636: receive RaftClientReply:client-6EDD19400D46->06a4573b-67a1-41e3-a350-f896363bc636@group-757E3781CD2A, cid=3504, SUCCESS, logIndex=5277, commits[06a4573b-67a1-41e3-a350-f896363bc636:c5277, 0b725bbf-683b-4664-9a2e-3c9dd6e38bc1:c5275, 9193e3b7-ae04-484d-a740-c65c11559486:c5275]
2019-08-24 07:08:56,745 | INFO  | DNAudit | user=null | ip=null | op=WRITE_CHUNK {blockData=conID: 2 locID: 102670698852713141 bcsId: 5277} | ret=SUCCESS |  
2019-08-24 07:08:56,748 | INFO  | DNAudit | user=null | ip=null | op=WRITE_CHUNK {blockData=conID: 2 locID: 102670698852713141 bcsId: 5277} | ret=SUCCESS |  
2019-08-24 07:08:56,749 | INFO  | DNAudit | user=null | ip=null | op=WRITE_CHUNK {blockData=conID: 2 locID: 102670698852713141 bcsId: 5277} | ret=SUCCESS |  
2019-08-24 07:08:56,750 | INFO  | DNAudit | user=null | ip=null | op=WRITE_CHUNK {blockData=conID: 2 locID: 102670698852713141 bcsId: 5271} | ret=SUCCESS |  
2019-08-24 07:08:56,751 | INFO  | DNAudit | user=null | ip=null | op=WRITE_CHUNK {blockData=conID: 2 locID: 102670698852713141 bcsId: 5271} | ret=SUCCESS |  
2019-08-24 07:08:56,751 | INFO  | DNAudit | user=null | ip=null | op=PUT_BLOCK {blockData=[blockId=conID: 2 locID: 102670698852713141 bcsId: 0,size=3145728]} | ret=SUCCESS |  
2019-08-24 07:08:56,752 | INFO  | DNAudit | user=null | ip=null | op=PUT_BLOCK {blockData=[blockId=conID: 2 locID: 102670698852713141 bcsId: 0,size=3145728]} | ret=SUCCESS |  
2019-08-24 07:08:56,752 | INFO  | DNAudit | user=null | ip=null | op=WRITE_CHUNK {blockData=conID: 2 locID: 102670698852713141 bcsId: 5277} | ret=SUCCESS |  
2019-08-24 07:08:56,752 | INFO  | DNAudit | user=null | ip=null | op=PUT_BLOCK {blockData=[blockId=conID: 2 locID: 102670698852713141 bcsId: 0,size=4194304]} | ret=SUCCESS |  
2019-08-24 07:08:56,752 [grpc-default-executor-0] INFO  client.GrpcClientProtocolClient (GrpcClientProtocolClient.java:onNext(255)) - client-6EDD19400D46->06a4573b-67a1-41e3-a350-f896363bc636: receive RaftClientReply:client-6EDD19400D46->06a4573b-67a1-41e3-a350-f896363bc636@group-757E3781CD2A, cid=3505, SUCCESS, logIndex=5280, commits[06a4573b-67a1-41e3-a350-f896363bc636:c5281, 0b725bbf-683b-4664-9a2e-3c9dd6e38bc1:c5277, 9193e3b7-ae04-484d-a740-c65c11559486:c5277]
2019-08-24 07:08:56,753 [grpc-default-executor-0] INFO  client.GrpcClientProtocolClient (GrpcClientProtocolClient.java:onNext(255)) - client-6EDD19400D46->06a4573b-67a1-41e3-a350-f896363bc636: receive RaftClientReply:client-6EDD19400D46->06a4573b-67a1-41e3-a350-f896363bc636@group-757E3781CD2A, cid=3506, SUCCESS, logIndex=5281, commits[06a4573b-67a1-41e3-a350-f896363bc636:c5281, 0b725bbf-683b-4664-9a2e-3c9dd6e38bc1:c5277, 9193e3b7-ae04-484d-a740-c65c11559486:c5277]
2019-08-24 07:08:56,763 | INFO  | DNAudit | user=null | ip=null | op=WRITE_CHUNK {blockData=conID: 2 locID: 102670698852713141 bcsId: 5277} | ret=SUCCESS |  
2019-08-24 07:08:56,764 | INFO  | DNAudit | user=null | ip=null | op=WRITE_CHUNK {blockData=conID: 2 locID: 102670698852713141 bcsId: 5277} | ret=SUCCESS |  
2019-08-24 07:08:56,764 | INFO  | DNAudit | user=null | ip=null | op=PUT_BLOCK {blockData=[blockId=conID: 2 locID: 102670698852713141 bcsId: 0,size=4194304]} | ret=SUCCESS |  
2019-08-24 07:08:56,765 | INFO  | DNAudit | user=null | ip=null | op=PUT_BLOCK {blockData=[blockId=conID: 2 locID: 102670698852713141 bcsId: 0,size=4194304]} | ret=SUCCESS |  
2019-08-24 07:08:56,765 [grpc-default-executor-2] INFO  client.GrpcClientProtocolClient (GrpcClientProtocolClient.java:onNext(255)) - client-6EDD19400D46->06a4573b-67a1-41e3-a350-f896363bc636: receive RaftClientReply:client-6EDD19400D46->06a4573b-67a1-41e3-a350-f896363bc636@group-757E3781CD2A, cid=3507, SUCCESS, logIndex=0, commits[06a4573b-67a1-41e3-a350-f896363bc636:c5282, 0b725bbf-683b-4664-9a2e-3c9dd6e38bc1:c5281, 9193e3b7-ae04-484d-a740-c65c11559486:c5281]
2019-08-24 07:08:56,771 | INFO  | SCMAudit | user=jenkins1000 | ip=192.168.69.125 | op=ALLOCATE_BLOCK {owner=61bacca8-15b6-4a50-8962-5e9786b18b0d, size=4194304, type=RATIS, factor=THREE} | ret=SUCCESS |  
2019-08-24 07:08:56,775 | INFO  | OMAudit | user=jenkins1000 | ip=127.0.0.1 | op=ALLOCATE_BLOCK {volume=vol-0-26988, bucket=bucket-0-20739, key=key-0-27353, dataSize=0, replicationType=null, replicationFactor=null, keyLocationInfo=null, clientID=102670695851229586} | ret=SUCCESS |  
2019-08-24 07:08:56,782 | INFO  | DNAudit | user=null | ip=null | op=WRITE_CHUNK {blockData=conID: 3 locID: 102670698857824950 bcsId: 0} | ret=SUCCESS |  
2019-08-24 07:08:56,784 | INFO  | DNAudit | user=null | ip=null | op=WRITE_CHUNK {blockData=conID: 3 locID: 102670698857824950 bcsId: 0} | ret=SUCCESS |  
2019-08-24 07:08:56,785 | INFO  | DNAudit | user=null | ip=null | op=WRITE_CHUNK {blockData=conID: 3 locID: 102670698857824950 bcsId: 0} | ret=SUCCESS |  
2019-08-24 07:08:56,785 | INFO  | DNAudit | user=null | ip=null | op=WRITE_CHUNK {blockData=conID: 3 locID: 102670698857824950 bcsId: 0} | ret=SUCCESS |  
2019-08-24 07:08:56,787 | INFO  | DNAudit | user=null | ip=null | op=WRITE_CHUNK {blockData=conID: 3 locID: 102670698857824950 bcsId: 0} | ret=SUCCESS |  
2019-08-24 07:08:56,788 | INFO  | DNAudit | user=null | ip=null | op=WRITE_CHUNK {blockData=conID: 3 locID: 102670698857824950 bcsId: 0} | ret=SUCCESS |  
2019-08-24 07:08:56,797 | INFO  | DNAudit | user=null | ip=null | op=WRITE_CHUNK {blockData=conID: 3 locID: 102670698857824950 bcsId: 0} | ret=SUCCESS |  
2019-08-24 07:08:56,798 | INFO  | DNAudit | user=null | ip=null | op=PUT_BLOCK {blockData=[blockId=conID: 3 locID: 102670698857824950 bcsId: 0,size=1048576]} | ret=SUCCESS |  
2019-08-24 07:08:56,798 [grpc-default-executor-1] INFO  client.GrpcClientProtocolClient (GrpcClientProtocolClient.java:onNext(255)) - client-6EDD19400D46->06a4573b-67a1-41e3-a350-f896363bc636: receive RaftClientReply:client-6EDD19400D46->06a4573b-67a1-41e3-a350-f896363bc636@group-757E3781CD2A, cid=3508, SUCCESS, logIndex=5284, commits[06a4573b-67a1-41e3-a350-f896363bc636:c5286, 0b725bbf-683b-4664-9a2e-3c9dd6e38bc1:c5283, 9193e3b7-ae04-484d-a740-c65c11559486:c5283]
2019-08-24 07:08:56,798 | INFO  | DNAudit | user=null | ip=null | op=WRITE_CHUNK {blockData=conID: 3 locID: 102670698857824950 bcsId: 0} | ret=SUCCESS |  
2019-08-24 07:08:56,798 [grpc-default-executor-1] INFO  client.GrpcClientProtocolClient (GrpcClientProtocolClient.java:onNext(255)) - client-6EDD19400D46->06a4573b-67a1-41e3-a350-f896363bc636: receive RaftClientReply:client-6EDD19400D46->06a4573b-67a1-41e3-a350-f896363bc636@group-757E3781CD2A, cid=3509, SUCCESS, logIndex=5285, commits[06a4573b-67a1-41e3-a350-f896363bc636:c5287, 0b725bbf-683b-4664-9a2e-3c9dd6e38bc1:c5283, 9193e3b7-ae04-484d-a740-c65c11559486:c5283]
2019-08-24 07:08:56,798 | INFO  | DNAudit | user=null | ip=null | op=PUT_BLOCK {blockData=[blockId=conID: 3 locID: 102670698857824950 bcsId: 0,size=2097152]} | ret=SUCCESS |  
2019-08-24 07:08:56,799 [grpc-default-executor-1] INFO  client.GrpcClientProtocolClient (GrpcClientProtocolClient.java:onNext(255)) - client-6EDD19400D46->06a4573b-67a1-41e3-a350-f896363bc636: receive RaftClientReply:client-6EDD19400D46->06a4573b-67a1-41e3-a350-f896363bc636@group-757E3781CD2A, cid=3510, SUCCESS, logIndex=5286, commits[06a4573b-67a1-41e3-a350-f896363bc636:c5287, 0b725bbf-683b-4664-9a2e-3c9dd6e38bc1:c5283, 9193e3b7-ae04-484d-a740-c65c11559486:c5283]
2019-08-24 07:08:56,799 [grpc-default-executor-1] INFO  client.GrpcClientProtocolClient (GrpcClientProtocolClient.java:onNext(255)) - client-6EDD19400D46->06a4573b-67a1-41e3-a350-f896363bc636: receive RaftClientReply:client-6EDD19400D46->06a4573b-67a1-41e3-a350-f896363bc636@group-757E3781CD2A, cid=3511, SUCCESS, logIndex=5287, commits[06a4573b-67a1-41e3-a350-f896363bc636:c5287, 0b725bbf-683b-4664-9a2e-3c9dd6e38bc1:c5283, 9193e3b7-ae04-484d-a740-c65c11559486:c5283]
2019-08-24 07:08:56,809 | INFO  | DNAudit | user=null | ip=null | op=WRITE_CHUNK {blockData=conID: 3 locID: 102670698857824950 bcsId: 0} | ret=SUCCESS |  
2019-08-24 07:08:56,809 | INFO  | DNAudit | user=null | ip=null | op=WRITE_CHUNK {blockData=conID: 3 locID: 102670698857824950 bcsId: 0} | ret=SUCCESS |  
2019-08-24 07:08:56,809 | INFO  | DNAudit | user=null | ip=null | op=PUT_BLOCK {blockData=[blockId=conID: 3 locID: 102670698857824950 bcsId: 0,size=1048576]} | ret=SUCCESS |  
2019-08-24 07:08:56,810 | INFO  | DNAudit | user=null | ip=null | op=PUT_BLOCK {blockData=[blockId=conID: 3 locID: 102670698857824950 bcsId: 0,size=1048576]} | ret=SUCCESS |  
2019-08-24 07:08:56,810 | INFO  | DNAudit | user=null | ip=null | op=WRITE_CHUNK {blockData=conID: 3 locID: 102670698857824950 bcsId: 0} | ret=SUCCESS |  
2019-08-24 07:08:56,810 | INFO  | DNAudit | user=null | ip=null | op=PUT_BLOCK {blockData=[blockId=conID: 3 locID: 102670698857824950 bcsId: 0,size=2097152]} | ret=SUCCESS |  
2019-08-24 07:08:56,810 | INFO  | DNAudit | user=null | ip=null | op=WRITE_CHUNK {blockData=conID: 3 locID: 102670698857824950 bcsId: 0} | ret=SUCCESS |  
2019-08-24 07:08:56,810 | INFO  | DNAudit | user=null | ip=null | op=PUT_BLOCK {blockData=[blockId=conID: 3 locID: 102670698857824950 bcsId: 0,size=2097152]} | ret=SUCCESS |  
2019-08-24 07:08:56,811 [grpc-default-executor-1] INFO  client.GrpcClientProtocolClient (GrpcClientProtocolClient.java:onNext(255)) - client-6EDD19400D46->06a4573b-67a1-41e3-a350-f896363bc636: receive RaftClientReply:client-6EDD19400D46->06a4573b-67a1-41e3-a350-f896363bc636@group-757E3781CD2A, cid=3512, SUCCESS, logIndex=0, commits[06a4573b-67a1-41e3-a350-f896363bc636:c5289, 0b725bbf-683b-4664-9a2e-3c9dd6e38bc1:c5285, 9193e3b7-ae04-484d-a740-c65c11559486:c5285]
2019-08-24 07:08:56,816 | INFO  | DNAudit | user=null | ip=null | op=WRITE_CHUNK {blockData=conID: 3 locID: 102670698857824950 bcsId: 5287} | ret=SUCCESS |  
2019-08-24 07:08:56,819 | INFO  | DNAudit | user=null | ip=null | op=WRITE_CHUNK {blockData=conID: 3 locID: 102670698857824950 bcsId: 5287} | ret=SUCCESS |  
2019-08-24 07:08:56,819 | INFO  | DNAudit | user=null | ip=null | op=WRITE_CHUNK {blockData=conID: 3 locID: 102670698857824950 bcsId: 5287} | ret=SUCCESS |  
2019-08-24 07:08:56,829 | INFO  | DNAudit | user=null | ip=null | op=WRITE_CHUNK {blockData=conID: 3 locID: 102670698857824950 bcsId: 5287} | ret=SUCCESS |  
2019-08-24 07:08:56,830 | INFO  | DNAudit | user=null | ip=null | op=PUT_BLOCK {blockData=[blockId=conID: 3 locID: 102670698857824950 bcsId: 0,size=3145728]} | ret=SUCCESS |  
2019-08-24 07:08:56,830 [grpc-default-executor-2] INFO  client.GrpcClientProtocolClient (GrpcClientProtocolClient.java:onNext(255)) - client-6EDD19400D46->06a4573b-67a1-41e3-a350-f896363bc636: receive RaftClientReply:client-6EDD19400D46->06a4573b-67a1-41e3-a350-f896363bc636@group-757E3781CD2A, cid=3513, SUCCESS, logIndex=5292, commits[06a4573b-67a1-41e3-a350-f896363bc636:c5293, 0b725bbf-683b-4664-9a2e-3c9dd6e38bc1:c5291, 9193e3b7-ae04-484d-a740-c65c11559486:c5291]
2019-08-24 07:08:56,830 [grpc-default-executor-2] INFO  client.GrpcClientProtocolClient (GrpcClientProtocolClient.java:onNext(255)) - client-6EDD19400D46->06a4573b-67a1-41e3-a350-f896363bc636: receive RaftClientReply:client-6EDD19400D46->06a4573b-67a1-41e3-a350-f896363bc636@group-757E3781CD2A, cid=3514, SUCCESS, logIndex=5293, commits[06a4573b-67a1-41e3-a350-f896363bc636:c5293, 0b725bbf-683b-4664-9a2e-3c9dd6e38bc1:c5291, 9193e3b7-ae04-484d-a740-c65c11559486:c5291]
2019-08-24 07:08:56,836 | INFO  | DNAudit | user=null | ip=null | op=WRITE_CHUNK {blockData=conID: 3 locID: 102670698857824950 bcsId: 5293} | ret=SUCCESS |  
2019-08-24 07:08:56,839 | INFO  | DNAudit | user=null | ip=null | op=WRITE_CHUNK {blockData=conID: 3 locID: 102670698857824950 bcsId: 5293} | ret=SUCCESS |  
2019-08-24 07:08:56,839 | INFO  | DNAudit | user=null | ip=null | op=WRITE_CHUNK {blockData=conID: 3 locID: 102670698857824950 bcsId: 5293} | ret=SUCCESS |  
2019-08-24 07:08:56,841 | INFO  | DNAudit | user=null | ip=null | op=WRITE_CHUNK {blockData=conID: 3 locID: 102670698857824950 bcsId: 5287} | ret=SUCCESS |  
2019-08-24 07:08:56,841 | INFO  | DNAudit | user=null | ip=null | op=WRITE_CHUNK {blockData=conID: 3 locID: 102670698857824950 bcsId: 5287} | ret=SUCCESS |  
2019-08-24 07:08:56,842 | INFO  | DNAudit | user=null | ip=null | op=PUT_BLOCK {blockData=[blockId=conID: 3 locID: 102670698857824950 bcsId: 0,size=3145728]} | ret=SUCCESS |  
2019-08-24 07:08:56,842 | INFO  | DNAudit | user=null | ip=null | op=PUT_BLOCK {blockData=[blockId=conID: 3 locID: 102670698857824950 bcsId: 0,size=3145728]} | ret=SUCCESS |  
2019-08-24 07:08:56,843 | INFO  | DNAudit | user=null | ip=null | op=WRITE_CHUNK {blockData=conID: 3 locID: 102670698857824950 bcsId: 5293} | ret=SUCCESS |  
2019-08-24 07:08:56,843 | INFO  | DNAudit | user=null | ip=null | op=PUT_BLOCK {blockData=[blockId=conID: 3 locID: 102670698857824950 bcsId: 0,size=4194304]} | ret=SUCCESS |  
2019-08-24 07:08:56,843 [grpc-default-executor-0] INFO  client.GrpcClientProtocolClient (GrpcClientProtocolClient.java:onNext(255)) - client-6EDD19400D46->06a4573b-67a1-41e3-a350-f896363bc636: receive RaftClientReply:client-6EDD19400D46->06a4573b-67a1-41e3-a350-f896363bc636@group-757E3781CD2A, cid=3515, SUCCESS, logIndex=5296, commits[06a4573b-67a1-41e3-a350-f896363bc636:c5297, 0b725bbf-683b-4664-9a2e-3c9dd6e38bc1:c5293, 9193e3b7-ae04-484d-a740-c65c11559486:c5293]
2019-08-24 07:08:56,844 [grpc-default-executor-0] INFO  client.GrpcClientProtocolClient (GrpcClientProtocolClient.java:onNext(255)) - client-6EDD19400D46->06a4573b-67a1-41e3-a350-f896363bc636: receive RaftClientReply:client-6EDD19400D46->06a4573b-67a1-41e3-a350-f896363bc636@group-757E3781CD2A, cid=3516, SUCCESS, logIndex=5297, commits[06a4573b-67a1-41e3-a350-f896363bc636:c5297, 0b725bbf-683b-4664-9a2e-3c9dd6e38bc1:c5293, 9193e3b7-ae04-484d-a740-c65c11559486:c5293]
2019-08-24 07:08:56,854 | INFO  | DNAudit | user=null | ip=null | op=WRITE_CHUNK {blockData=conID: 3 locID: 102670698857824950 bcsId: 5293} | ret=SUCCESS |  
2019-08-24 07:08:56,854 | INFO  | DNAudit | user=null | ip=null | op=WRITE_CHUNK {blockData=conID: 3 locID: 102670698857824950 bcsId: 5293} | ret=SUCCESS |  
2019-08-24 07:08:56,855 | INFO  | DNAudit | user=null | ip=null | op=PUT_BLOCK {blockData=[blockId=conID: 3 locID: 102670698857824950 bcsId: 0,size=4194304]} | ret=SUCCESS |  
2019-08-24 07:08:56,855 | INFO  | DNAudit | user=null | ip=null | op=PUT_BLOCK {blockData=[blockId=conID: 3 locID: 102670698857824950 bcsId: 0,size=4194304]} | ret=SUCCESS |  
2019-08-24 07:08:56,856 [grpc-default-executor-0] INFO  client.GrpcClientProtocolClient (GrpcClientProtocolClient.java:onNext(255)) - client-6EDD19400D46->06a4573b-67a1-41e3-a350-f896363bc636: receive RaftClientReply:client-6EDD19400D46->06a4573b-67a1-41e3-a350-f896363bc636@group-757E3781CD2A, cid=3517, SUCCESS, logIndex=0, commits[06a4573b-67a1-41e3-a350-f896363bc636:c5299, 0b725bbf-683b-4664-9a2e-3c9dd6e38bc1:c5297, 9193e3b7-ae04-484d-a740-c65c11559486:c5297]
2019-08-24 07:08:56,864 | INFO  | SCMAudit | user=jenkins1000 | ip=192.168.69.125 | op=ALLOCATE_BLOCK {owner=61bacca8-15b6-4a50-8962-5e9786b18b0d, size=4194304, type=RATIS, factor=THREE} | ret=SUCCESS |  
2019-08-24 07:08:56,870 | INFO  | OMAudit | user=jenkins1000 | ip=127.0.0.1 | op=ALLOCATE_BLOCK {volume=vol-0-26988, bucket=bucket-0-20739, key=key-0-27353, dataSize=0, replicationType=null, replicationFactor=null, keyLocationInfo=null, clientID=102670695851229586} | ret=SUCCESS |  
2019-08-24 07:08:56,876 | INFO  | DNAudit | user=null | ip=null | op=WRITE_CHUNK {blockData=conID: 1 locID: 102670698863919799 bcsId: 0} | ret=SUCCESS |  
2019-08-24 07:08:56,879 | INFO  | DNAudit | user=null | ip=null | op=WRITE_CHUNK {blockData=conID: 1 locID: 102670698863919799 bcsId: 0} | ret=SUCCESS |  
2019-08-24 07:08:56,879 | INFO  | DNAudit | user=null | ip=null | op=WRITE_CHUNK {blockData=conID: 1 locID: 102670698863919799 bcsId: 0} | ret=SUCCESS |  
2019-08-24 07:08:56,880 | INFO  | DNAudit | user=null | ip=null | op=WRITE_CHUNK {blockData=conID: 1 locID: 102670698863919799 bcsId: 0} | ret=SUCCESS |  
2019-08-24 07:08:56,881 | INFO  | DNAudit | user=null | ip=null | op=WRITE_CHUNK {blockData=conID: 1 locID: 102670698863919799 bcsId: 0} | ret=SUCCESS |  
2019-08-24 07:08:56,881 | INFO  | DNAudit | user=null | ip=null | op=WRITE_CHUNK {blockData=conID: 1 locID: 102670698863919799 bcsId: 0} | ret=SUCCESS |  
2019-08-24 07:08:56,889 | INFO  | DNAudit | user=null | ip=null | op=WRITE_CHUNK {blockData=conID: 1 locID: 102670698863919799 bcsId: 0} | ret=SUCCESS |  
2019-08-24 07:08:56,889 | INFO  | DNAudit | user=null | ip=null | op=PUT_BLOCK {blockData=[blockId=conID: 1 locID: 102670698863919799 bcsId: 0,size=1048576]} | ret=SUCCESS |  
2019-08-24 07:08:56,890 | INFO  | DNAudit | user=null | ip=null | op=WRITE_CHUNK {blockData=conID: 1 locID: 102670698863919799 bcsId: 0} | ret=SUCCESS |  
2019-08-24 07:08:56,890 [grpc-default-executor-0] INFO  client.GrpcClientProtocolClient (GrpcClientProtocolClient.java:onNext(255)) - client-6EDD19400D46->06a4573b-67a1-41e3-a350-f896363bc636: receive RaftClientReply:client-6EDD19400D46->06a4573b-67a1-41e3-a350-f896363bc636@group-757E3781CD2A, cid=3518, SUCCESS, logIndex=5300, commits[06a4573b-67a1-41e3-a350-f896363bc636:c5302, 0b725bbf-683b-4664-9a2e-3c9dd6e38bc1:c5299, 9193e3b7-ae04-484d-a740-c65c11559486:c5299]
2019-08-24 07:08:56,890 | INFO  | DNAudit | user=null | ip=null | op=PUT_BLOCK {blockData=[blockId=conID: 1 locID: 102670698863919799 bcsId: 0,size=2097152]} | ret=SUCCESS |  
2019-08-24 07:08:56,890 [grpc-default-executor-0] INFO  client.GrpcClientProtocolClient (GrpcClientProtocolClient.java:onNext(255)) - client-6EDD19400D46->06a4573b-67a1-41e3-a350-f896363bc636: receive RaftClientReply:client-6EDD19400D46->06a4573b-67a1-41e3-a350-f896363bc636@group-757E3781CD2A, cid=3519, SUCCESS, logIndex=5301, commits[06a4573b-67a1-41e3-a350-f896363bc636:c5303, 0b725bbf-683b-4664-9a2e-3c9dd6e38bc1:c5299, 9193e3b7-ae04-484d-a740-c65c11559486:c5299]
2019-08-24 07:08:56,891 | INFO  | DNAudit | user=null | ip=null | op=WRITE_CHUNK {blockData=conID: 1 locID: 102670698863919799 bcsId: 0} | ret=SUCCESS |  
2019-08-24 07:08:56,891 [grpc-default-executor-2] INFO  client.GrpcClientProtocolClient (GrpcClientProtocolClient.java:onNext(255)) - client-6EDD19400D46->06a4573b-67a1-41e3-a350-f896363bc636: receive RaftClientReply:client-6EDD19400D46->06a4573b-67a1-41e3-a350-f896363bc636@group-757E3781CD2A, cid=3520, SUCCESS, logIndex=5302, commits[06a4573b-67a1-41e3-a350-f896363bc636:c5303, 0b725bbf-683b-4664-9a2e-3c9dd6e38bc1:c5299, 9193e3b7-ae04-484d-a740-c65c11559486:c5299]
2019-08-24 07:08:56,891 | INFO  | DNAudit | user=null | ip=null | op=PUT_BLOCK {blockData=[blockId=conID: 1 locID: 102670698863919799 bcsId: 0,size=1048576]} | ret=SUCCESS |  
2019-08-24 07:08:56,891 | INFO  | DNAudit | user=null | ip=null | op=WRITE_CHUNK {blockData=conID: 1 locID: 102670698863919799 bcsId: 0} | ret=SUCCESS |  
2019-08-24 07:08:56,891 [grpc-default-executor-2] INFO  client.GrpcClientProtocolClient (GrpcClientProtocolClient.java:onNext(255)) - client-6EDD19400D46->06a4573b-67a1-41e3-a350-f896363bc636: receive RaftClientReply:client-6EDD19400D46->06a4573b-67a1-41e3-a350-f896363bc636@group-757E3781CD2A, cid=3521, SUCCESS, logIndex=5303, commits[06a4573b-67a1-41e3-a350-f896363bc636:c5303, 0b725bbf-683b-4664-9a2e-3c9dd6e38bc1:c5299, 9193e3b7-ae04-484d-a740-c65c11559486:c5299]
2019-08-24 07:08:56,891 | INFO  | DNAudit | user=null | ip=null | op=PUT_BLOCK {blockData=[blockId=conID: 1 locID: 102670698863919799 bcsId: 0,size=1048576]} | ret=SUCCESS |  
2019-08-24 07:08:56,892 [grpc-default-executor-2] INFO  client.GrpcClientProtocolClient (GrpcClientProtocolClient.java:onNext(255)) - client-6EDD19400D46->06a4573b-67a1-41e3-a350-f896363bc636: receive RaftClientReply:client-6EDD19400D46->06a4573b-67a1-41e3-a350-f896363bc636@group-757E3781CD2A, cid=3522, SUCCESS, logIndex=0, commits[06a4573b-67a1-41e3-a350-f896363bc636:c5304, 0b725bbf-683b-4664-9a2e-3c9dd6e38bc1:c5301, 9193e3b7-ae04-484d-a740-c65c11559486:c5301]
2019-08-24 07:08:56,892 | INFO  | DNAudit | user=null | ip=null | op=WRITE_CHUNK {blockData=conID: 1 locID: 102670698863919799 bcsId: 0} | ret=SUCCESS |  
2019-08-24 07:08:56,892 | INFO  | DNAudit | user=null | ip=null | op=WRITE_CHUNK {blockData=conID: 1 locID: 102670698863919799 bcsId: 0} | ret=SUCCESS |  
2019-08-24 07:08:56,893 | INFO  | DNAudit | user=null | ip=null | op=PUT_BLOCK {blockData=[blockId=conID: 1 locID: 102670698863919799 bcsId: 0,size=2097152]} | ret=SUCCESS |  
2019-08-24 07:08:56,893 | INFO  | DNAudit | user=null | ip=null | op=PUT_BLOCK {blockData=[blockId=conID: 1 locID: 102670698863919799 bcsId: 0,size=2097152]} | ret=SUCCESS |  
2019-08-24 07:08:56,898 | INFO  | DNAudit | user=null | ip=null | op=WRITE_CHUNK {blockData=conID: 1 locID: 102670698863919799 bcsId: 5303} | ret=SUCCESS |  
2019-08-24 07:08:56,900 | INFO  | DNAudit | user=null | ip=null | op=WRITE_CHUNK {blockData=conID: 1 locID: 102670698863919799 bcsId: 5303} | ret=SUCCESS |  
2019-08-24 07:08:56,900 | INFO  | DNAudit | user=null | ip=null | op=WRITE_CHUNK {blockData=conID: 1 locID: 102670698863919799 bcsId: 5303} | ret=SUCCESS |  
2019-08-24 07:08:56,910 | INFO  | DNAudit | user=null | ip=null | op=WRITE_CHUNK {blockData=conID: 1 locID: 102670698863919799 bcsId: 5303} | ret=SUCCESS |  
2019-08-24 07:08:56,910 | INFO  | DNAudit | user=null | ip=null | op=PUT_BLOCK {blockData=[blockId=conID: 1 locID: 102670698863919799 bcsId: 0,size=3145728]} | ret=SUCCESS |  
2019-08-24 07:08:56,911 [grpc-default-executor-2] INFO  client.GrpcClientProtocolClient (GrpcClientProtocolClient.java:onNext(255)) - client-6EDD19400D46->06a4573b-67a1-41e3-a350-f896363bc636: receive RaftClientReply:client-6EDD19400D46->06a4573b-67a1-41e3-a350-f896363bc636@group-757E3781CD2A, cid=3523, SUCCESS, logIndex=5308, commits[06a4573b-67a1-41e3-a350-f896363bc636:c5309, 0b725bbf-683b-4664-9a2e-3c9dd6e38bc1:c5307, 9193e3b7-ae04-484d-a740-c65c11559486:c5307]
2019-08-24 07:08:56,911 [grpc-default-executor-2] INFO  client.GrpcClientProtocolClient (GrpcClientProtocolClient.java:onNext(255)) - client-6EDD19400D46->06a4573b-67a1-41e3-a350-f896363bc636: receive RaftClientReply:client-6EDD19400D46->06a4573b-67a1-41e3-a350-f896363bc636@group-757E3781CD2A, cid=3524, SUCCESS, logIndex=5309, commits[06a4573b-67a1-41e3-a350-f896363bc636:c5309, 0b725bbf-683b-4664-9a2e-3c9dd6e38bc1:c5307, 9193e3b7-ae04-484d-a740-c65c11559486:c5307]
2019-08-24 07:08:56,917 | INFO  | DNAudit | user=null | ip=null | op=WRITE_CHUNK {blockData=conID: 1 locID: 102670698863919799 bcsId: 5309} | ret=SUCCESS |  
2019-08-24 07:08:56,919 | INFO  | DNAudit | user=null | ip=null | op=WRITE_CHUNK {blockData=conID: 1 locID: 102670698863919799 bcsId: 5309} | ret=SUCCESS |  
2019-08-24 07:08:56,919 | INFO  | DNAudit | user=null | ip=null | op=WRITE_CHUNK {blockData=conID: 1 locID: 102670698863919799 bcsId: 5309} | ret=SUCCESS |  
2019-08-24 07:08:56,922 | INFO  | DNAudit | user=null | ip=null | op=WRITE_CHUNK {blockData=conID: 1 locID: 102670698863919799 bcsId: 5303} | ret=SUCCESS |  
2019-08-24 07:08:56,922 | INFO  | DNAudit | user=null | ip=null | op=WRITE_CHUNK {blockData=conID: 1 locID: 102670698863919799 bcsId: 5303} | ret=SUCCESS |  
2019-08-24 07:08:56,923 | INFO  | DNAudit | user=null | ip=null | op=PUT_BLOCK {blockData=[blockId=conID: 1 locID: 102670698863919799 bcsId: 0,size=3145728]} | ret=SUCCESS |  
2019-08-24 07:08:56,923 | INFO  | DNAudit | user=null | ip=null | op=PUT_BLOCK {blockData=[blockId=conID: 1 locID: 102670698863919799 bcsId: 0,size=3145728]} | ret=SUCCESS |  
2019-08-24 07:08:56,923 | INFO  | DNAudit | user=null | ip=null | op=WRITE_CHUNK {blockData=conID: 1 locID: 102670698863919799 bcsId: 5309} | ret=SUCCESS |  
2019-08-24 07:08:56,924 | INFO  | DNAudit | user=null | ip=null | op=PUT_BLOCK {blockData=[blockId=conID: 1 locID: 102670698863919799 bcsId: 0,size=4194304]} | ret=SUCCESS |  
2019-08-24 07:08:56,924 [grpc-default-executor-0] INFO  client.GrpcClientProtocolClient (GrpcClientProtocolClient.java:onNext(255)) - client-6EDD19400D46->06a4573b-67a1-41e3-a350-f896363bc636: receive RaftClientReply:client-6EDD19400D46->06a4573b-67a1-41e3-a350-f896363bc636@group-757E3781CD2A, cid=3525, SUCCESS, logIndex=5312, commits[06a4573b-67a1-41e3-a350-f896363bc636:c5313, 0b725bbf-683b-4664-9a2e-3c9dd6e38bc1:c5309, 9193e3b7-ae04-484d-a740-c65c11559486:c5309]
2019-08-24 07:08:56,924 [grpc-default-executor-0] INFO  client.GrpcClientProtocolClient (GrpcClientProtocolClient.java:onNext(255)) - client-6EDD19400D46->06a4573b-67a1-41e3-a350-f896363bc636: receive RaftClientReply:client-6EDD19400D46->06a4573b-67a1-41e3-a350-f896363bc636@group-757E3781CD2A, cid=3526, SUCCESS, logIndex=5313, commits[06a4573b-67a1-41e3-a350-f896363bc636:c5313, 0b725bbf-683b-4664-9a2e-3c9dd6e38bc1:c5309, 9193e3b7-ae04-484d-a740-c65c11559486:c5309]
2019-08-24 07:08:56,935 | INFO  | DNAudit | user=null | ip=null | op=WRITE_CHUNK {blockData=conID: 1 locID: 102670698863919799 bcsId: 5309} | ret=SUCCESS |  
2019-08-24 07:08:56,935 | INFO  | DNAudit | user=null | ip=null | op=WRITE_CHUNK {blockData=conID: 1 locID: 102670698863919799 bcsId: 5309} | ret=SUCCESS |  
2019-08-24 07:08:56,935 | INFO  | DNAudit | user=null | ip=null | op=PUT_BLOCK {blockData=[blockId=conID: 1 locID: 102670698863919799 bcsId: 0,size=4194304]} | ret=SUCCESS |  
2019-08-24 07:08:56,935 | INFO  | DNAudit | user=null | ip=null | op=PUT_BLOCK {blockData=[blockId=conID: 1 locID: 102670698863919799 bcsId: 0,size=4194304]} | ret=SUCCESS |  
2019-08-24 07:08:56,936 [grpc-default-executor-0] INFO  client.GrpcClientProtocolClient (GrpcClientProtocolClient.java:onNext(255)) - client-6EDD19400D46->06a4573b-67a1-41e3-a350-f896363bc636: receive RaftClientReply:client-6EDD19400D46->06a4573b-67a1-41e3-a350-f896363bc636@group-757E3781CD2A, cid=3527, SUCCESS, logIndex=0, commits[06a4573b-67a1-41e3-a350-f896363bc636:c5314, 0b725bbf-683b-4664-9a2e-3c9dd6e38bc1:c5313, 9193e3b7-ae04-484d-a740-c65c11559486:c5313]
2019-08-24 07:08:56,943 | INFO  | SCMAudit | user=jenkins1000 | ip=192.168.69.125 | op=ALLOCATE_BLOCK {owner=61bacca8-15b6-4a50-8962-5e9786b18b0d, size=4194304, type=RATIS, factor=THREE} | ret=SUCCESS |  
2019-08-24 07:08:56,949 | INFO  | OMAudit | user=jenkins1000 | ip=127.0.0.1 | op=ALLOCATE_BLOCK {volume=vol-0-26988, bucket=bucket-0-20739, key=key-0-27353, dataSize=0, replicationType=null, replicationFactor=null, keyLocationInfo=null, clientID=102670695851229586} | ret=SUCCESS |  
2019-08-24 07:08:57,033 | INFO  | DNAudit | user=null | ip=null | op=WRITE_CHUNK {blockData=conID: 2 locID: 102670698869097144 bcsId: 0} | ret=SUCCESS |  
2019-08-24 07:08:57,038 | INFO  | DNAudit | user=null | ip=null | op=WRITE_CHUNK {blockData=conID: 2 locID: 102670698869097144 bcsId: 0} | ret=SUCCESS |  
2019-08-24 07:08:57,038 | INFO  | DNAudit | user=null | ip=null | op=WRITE_CHUNK {blockData=conID: 2 locID: 102670698869097144 bcsId: 0} | ret=SUCCESS |  
2019-08-24 07:08:57,038 | INFO  | DNAudit | user=null | ip=null | op=WRITE_CHUNK {blockData=conID: 2 locID: 102670698869097144 bcsId: 0} | ret=SUCCESS |  
2019-08-24 07:08:57,042 | INFO  | DNAudit | user=null | ip=null | op=WRITE_CHUNK {blockData=conID: 2 locID: 102670698869097144 bcsId: 0} | ret=SUCCESS |  
2019-08-24 07:08:57,042 | INFO  | DNAudit | user=null | ip=null | op=WRITE_CHUNK {blockData=conID: 2 locID: 102670698869097144 bcsId: 0} | ret=SUCCESS |  
 0.00% |█                                                                                                    |  0/1 Time: 0:00:462019-08-24 07:08:57,249 | INFO  | SCMAudit | user=jenkins1000 | ip=192.168.69.125 | op=SEND_HEARTBEAT {datanodeUUID=b8548da6-9cc6-46be-8dd4-5219531f5960, command=[]} | ret=SUCCESS |  
2019-08-24 07:08:57,249 | INFO  | SCMAudit | user=jenkins1000 | ip=192.168.69.125 | op=SEND_HEARTBEAT {datanodeUUID=25ce0803-6f34-4c69-82c0-892f08679042, command=[]} | ret=SUCCESS |  
2019-08-24 07:08:57,249 | INFO  | SCMAudit | user=jenkins1000 | ip=192.168.69.125 | op=SEND_HEARTBEAT {datanodeUUID=9193e3b7-ae04-484d-a740-c65c11559486, command=[]} | ret=SUCCESS |  
2019-08-24 07:08:57,249 | INFO  | SCMAudit | user=jenkins1000 | ip=192.168.69.125 | op=SEND_HEARTBEAT {datanodeUUID=0b725bbf-683b-4664-9a2e-3c9dd6e38bc1, command=[]} | ret=SUCCESS |  
2019-08-24 07:08:57,249 | INFO  | SCMAudit | user=jenkins1000 | ip=192.168.69.125 | op=SEND_HEARTBEAT {datanodeUUID=06a4573b-67a1-41e3-a350-f896363bc636, command=[]} | ret=SUCCESS |  
2019-08-24 07:08:57,597 | INFO  | DNAudit | user=null | ip=null | op=WRITE_CHUNK {blockData=conID: 2 locID: 102670698869097144 bcsId: 0} | ret=SUCCESS |  
2019-08-24 07:08:57,598 | INFO  | DNAudit | user=null | ip=null | op=PUT_BLOCK {blockData=[blockId=conID: 2 locID: 102670698869097144 bcsId: 0,size=1048576]} | ret=SUCCESS |  
2019-08-24 07:08:57,598 [grpc-default-executor-1] INFO  client.GrpcClientProtocolClient (GrpcClientProtocolClient.java:onNext(255)) - client-6EDD19400D46->06a4573b-67a1-41e3-a350-f896363bc636: receive RaftClientReply:client-6EDD19400D46->06a4573b-67a1-41e3-a350-f896363bc636@group-757E3781CD2A, cid=3528, SUCCESS, logIndex=5316, commits[06a4573b-67a1-41e3-a350-f896363bc636:c5317, 0b725bbf-683b-4664-9a2e-3c9dd6e38bc1:c5315, 9193e3b7-ae04-484d-a740-c65c11559486:c5315]
2019-08-24 07:08:57,599 [grpc-default-executor-1] INFO  client.GrpcClientProtocolClient (GrpcClientProtocolClient.java:onNext(255)) - client-6EDD19400D46->06a4573b-67a1-41e3-a350-f896363bc636: receive RaftClientReply:client-6EDD19400D46->06a4573b-67a1-41e3-a350-f896363bc636@group-757E3781CD2A, cid=3529, SUCCESS, logIndex=5317, commits[06a4573b-67a1-41e3-a350-f896363bc636:c5317, 0b725bbf-683b-4664-9a2e-3c9dd6e38bc1:c5315, 9193e3b7-ae04-484d-a740-c65c11559486:c5315]
2019-08-24 07:08:58,248 | INFO  | SCMAudit | user=jenkins1000 | ip=192.168.69.125 | op=SEND_HEARTBEAT {datanodeUUID=9193e3b7-ae04-484d-a740-c65c11559486, command=[]} | ret=SUCCESS |  
2019-08-24 07:08:58,248 | INFO  | SCMAudit | user=jenkins1000 | ip=192.168.69.125 | op=SEND_HEARTBEAT {datanodeUUID=25ce0803-6f34-4c69-82c0-892f08679042, command=[]} | ret=SUCCESS |  
 0.00% |█                                                                                                    |  0/1 Time: 0:00:472019-08-24 07:08:58,248 | INFO  | SCMAudit | user=jenkins1000 | ip=192.168.69.125 | op=SEND_HEARTBEAT {datanodeUUID=b8548da6-9cc6-46be-8dd4-5219531f5960, command=[]} | ret=SUCCESS |  
2019-08-24 07:08:58,249 | INFO  | SCMAudit | user=jenkins1000 | ip=192.168.69.125 | op=SEND_HEARTBEAT {datanodeUUID=06a4573b-67a1-41e3-a350-f896363bc636, command=[]} | ret=SUCCESS |  
2019-08-24 07:08:58,249 | INFO  | SCMAudit | user=jenkins1000 | ip=192.168.69.125 | op=SEND_HEARTBEAT {datanodeUUID=0b725bbf-683b-4664-9a2e-3c9dd6e38bc1, command=[]} | ret=SUCCESS |  
2019-08-24 07:08:58,937 | INFO  | DNAudit | user=null | ip=null | op=WRITE_CHUNK {blockData=conID: 2 locID: 102670698869097144 bcsId: 0} | ret=SUCCESS |  
2019-08-24 07:08:58,938 | INFO  | DNAudit | user=null | ip=null | op=PUT_BLOCK {blockData=[blockId=conID: 2 locID: 102670698869097144 bcsId: 0,size=2097152]} | ret=SUCCESS |  
2019-08-24 07:08:58,938 [grpc-default-executor-0] INFO  client.GrpcClientProtocolClient (GrpcClientProtocolClient.java:onNext(255)) - client-6EDD19400D46->06a4573b-67a1-41e3-a350-f896363bc636: receive RaftClientReply:client-6EDD19400D46->06a4573b-67a1-41e3-a350-f896363bc636@group-757E3781CD2A, cid=3530, SUCCESS, logIndex=5318, commits[06a4573b-67a1-41e3-a350-f896363bc636:c5319, 0b725bbf-683b-4664-9a2e-3c9dd6e38bc1:c5315, 9193e3b7-ae04-484d-a740-c65c11559486:c5315]
2019-08-24 07:08:58,939 [grpc-default-executor-0] INFO  client.GrpcClientProtocolClient (GrpcClientProtocolClient.java:onNext(255)) - client-6EDD19400D46->06a4573b-67a1-41e3-a350-f896363bc636: receive RaftClientReply:client-6EDD19400D46->06a4573b-67a1-41e3-a350-f896363bc636@group-757E3781CD2A, cid=3531, SUCCESS, logIndex=5319, commits[06a4573b-67a1-41e3-a350-f896363bc636:c5319, 0b725bbf-683b-4664-9a2e-3c9dd6e38bc1:c5315, 9193e3b7-ae04-484d-a740-c65c11559486:c5315]
 0.00% |█                                                                                                    |  0/1 Time: 0:00:482019-08-24 07:08:59,249 | INFO  | SCMAudit | user=jenkins1000 | ip=192.168.69.125 | op=SEND_HEARTBEAT {datanodeUUID=25ce0803-6f34-4c69-82c0-892f08679042, command=[]} | ret=SUCCESS |  
2019-08-24 07:08:59,249 | INFO  | SCMAudit | user=jenkins1000 | ip=192.168.69.125 | op=SEND_HEARTBEAT {datanodeUUID=9193e3b7-ae04-484d-a740-c65c11559486, command=[]} | ret=SUCCESS |  
2019-08-24 07:08:59,249 | INFO  | SCMAudit | user=jenkins1000 | ip=192.168.69.125 | op=SEND_HEARTBEAT {datanodeUUID=b8548da6-9cc6-46be-8dd4-5219531f5960, command=[]} | ret=SUCCESS |  
2019-08-24 07:08:59,249 | INFO  | SCMAudit | user=jenkins1000 | ip=192.168.69.125 | op=SEND_HEARTBEAT {datanodeUUID=0b725bbf-683b-4664-9a2e-3c9dd6e38bc1, command=[]} | ret=SUCCESS |  
2019-08-24 07:08:59,249 | INFO  | SCMAudit | user=jenkins1000 | ip=192.168.69.125 | op=SEND_HEARTBEAT {datanodeUUID=06a4573b-67a1-41e3-a350-f896363bc636, command=[]} | ret=SUCCESS |  
 0.00% |█                                                                                                    |  0/1 Time: 0:00:492019-08-24 07:09:00,249 | INFO  | SCMAudit | user=jenkins1000 | ip=192.168.69.125 | op=SEND_HEARTBEAT {datanodeUUID=9193e3b7-ae04-484d-a740-c65c11559486, command=[]} | ret=SUCCESS |  
2019-08-24 07:09:00,249 | INFO  | SCMAudit | user=jenkins1000 | ip=192.168.69.125 | op=SEND_HEARTBEAT {datanodeUUID=0b725bbf-683b-4664-9a2e-3c9dd6e38bc1, command=[]} | ret=SUCCESS |  
2019-08-24 07:09:00,249 | INFO  | SCMAudit | user=jenkins1000 | ip=192.168.69.125 | op=SEND_HEARTBEAT {datanodeUUID=06a4573b-67a1-41e3-a350-f896363bc636, command=[]} | ret=SUCCESS |  
2019-08-24 07:09:00,249 | INFO  | SCMAudit | user=jenkins1000 | ip=192.168.69.125 | op=SEND_HEARTBEAT {datanodeUUID=25ce0803-6f34-4c69-82c0-892f08679042, command=[]} | ret=SUCCESS |  
2019-08-24 07:09:00,249 | INFO  | SCMAudit | user=jenkins1000 | ip=192.168.69.125 | op=SEND_HEARTBEAT {datanodeUUID=b8548da6-9cc6-46be-8dd4-5219531f5960, command=[]} | ret=SUCCESS |  
2019-08-24 07:09:00,597 [java.util.concurrent.ThreadPoolExecutor$Worker@e9476d[State = -1, empty queue]] WARN  server.GrpcLogAppender (GrpcLogAppender.java:timeoutAppendRequest(200)) - GrpcLogAppender(06a4573b-67a1-41e3-a350-f896363bc636->9193e3b7-ae04-484d-a740-c65c11559486): appendEntries Timeout, request=06a4573b-67a1-41e3-a350-f896363bc636->9193e3b7-ae04-484d-a740-c65c11559486#5327-t1, previous=(t:1, i:5319), leaderCommit=5317, initializing? false, entries: size=1, first=(t:1, i:5320), METADATAENTRY(c5317)
2019-08-24 07:09:00,597 [java.util.concurrent.ThreadPoolExecutor$Worker@24818183[State = -1, empty queue]] WARN  server.GrpcLogAppender (GrpcLogAppender.java:timeoutAppendRequest(200)) - GrpcLogAppender(06a4573b-67a1-41e3-a350-f896363bc636->0b725bbf-683b-4664-9a2e-3c9dd6e38bc1): appendEntries Timeout, request=06a4573b-67a1-41e3-a350-f896363bc636->0b725bbf-683b-4664-9a2e-3c9dd6e38bc1#5327-t1, previous=(t:1, i:5319), leaderCommit=5317, initializing? false, entries: size=1, first=(t:1, i:5320), METADATAENTRY(c5317)
 0.00% |█                                                                                                    |  0/1 Time: 0:00:502019-08-24 07:09:01,249 | INFO  | SCMAudit | user=jenkins1000 | ip=192.168.69.125 | op=SEND_HEARTBEAT {datanodeUUID=25ce0803-6f34-4c69-82c0-892f08679042, command=[]} | ret=SUCCESS |  
2019-08-24 07:09:01,249 | INFO  | SCMAudit | user=jenkins1000 | ip=192.168.69.125 | op=SEND_HEARTBEAT {datanodeUUID=9193e3b7-ae04-484d-a740-c65c11559486, command=[]} | ret=SUCCESS |  
2019-08-24 07:09:01,249 | INFO  | SCMAudit | user=jenkins1000 | ip=192.168.69.125 | op=SEND_HEARTBEAT {datanodeUUID=0b725bbf-683b-4664-9a2e-3c9dd6e38bc1, command=[]} | ret=SUCCESS |  
2019-08-24 07:09:01,250 | INFO  | SCMAudit | user=jenkins1000 | ip=192.168.69.125 | op=SEND_HEARTBEAT {datanodeUUID=b8548da6-9cc6-46be-8dd4-5219531f5960, command=[]} | ret=SUCCESS |  
2019-08-24 07:09:01,250 | INFO  | SCMAudit | user=jenkins1000 | ip=192.168.69.125 | op=SEND_HEARTBEAT {datanodeUUID=06a4573b-67a1-41e3-a350-f896363bc636, command=[]} | ret=SUCCESS |  
2019-08-24 07:09:01,439 | INFO  | DNAudit | user=null | ip=null | op=WRITE_CHUNK {blockData=conID: 2 locID: 102670698869097144 bcsId: 0} | ret=SUCCESS |  
2019-08-24 07:09:01,439 | INFO  | DNAudit | user=null | ip=null | op=WRITE_CHUNK {blockData=conID: 2 locID: 102670698869097144 bcsId: 0} | ret=SUCCESS |  
2019-08-24 07:09:01,439 | INFO  | DNAudit | user=null | ip=null | op=PUT_BLOCK {blockData=[blockId=conID: 2 locID: 102670698869097144 bcsId: 0,size=1048576]} | ret=SUCCESS |  
2019-08-24 07:09:01,439 | INFO  | DNAudit | user=null | ip=null | op=PUT_BLOCK {blockData=[blockId=conID: 2 locID: 102670698869097144 bcsId: 0,size=1048576]} | ret=SUCCESS |  
2019-08-24 07:09:01,439 | INFO  | DNAudit | user=null | ip=null | op=WRITE_CHUNK {blockData=conID: 2 locID: 102670698869097144 bcsId: 0} | ret=SUCCESS |  
2019-08-24 07:09:01,439 | INFO  | DNAudit | user=null | ip=null | op=WRITE_CHUNK {blockData=conID: 2 locID: 102670698869097144 bcsId: 0} | ret=SUCCESS |  
2019-08-24 07:09:01,439 | INFO  | DNAudit | user=null | ip=null | op=PUT_BLOCK {blockData=[blockId=conID: 2 locID: 102670698869097144 bcsId: 0,size=2097152]} | ret=SUCCESS |  
2019-08-24 07:09:01,440 | INFO  | DNAudit | user=null | ip=null | op=PUT_BLOCK {blockData=[blockId=conID: 2 locID: 102670698869097144 bcsId: 0,size=2097152]} | ret=SUCCESS |  
2019-08-24 07:09:01,937 [java.util.concurrent.ThreadPoolExecutor$Worker@e9476d[State = -1, empty queue]] WARN  server.GrpcLogAppender (GrpcLogAppender.java:timeoutAppendRequest(200)) - GrpcLogAppender(06a4573b-67a1-41e3-a350-f896363bc636->9193e3b7-ae04-484d-a740-c65c11559486): appendEntries Timeout, request=06a4573b-67a1-41e3-a350-f896363bc636->9193e3b7-ae04-484d-a740-c65c11559486#5328-t1, previous=(t:1, i:5320), leaderCommit=5319, initializing? false, entries: size=1, first=(t:1, i:5321), METADATAENTRY(c5318)
2019-08-24 07:09:01,937 [java.util.concurrent.ThreadPoolExecutor$Worker@24818183[State = -1, empty queue]] WARN  server.GrpcLogAppender (GrpcLogAppender.java:timeoutAppendRequest(200)) - GrpcLogAppender(06a4573b-67a1-41e3-a350-f896363bc636->0b725bbf-683b-4664-9a2e-3c9dd6e38bc1): appendEntries Timeout, request=06a4573b-67a1-41e3-a350-f896363bc636->0b725bbf-683b-4664-9a2e-3c9dd6e38bc1#5328-t1, previous=(t:1, i:5320), leaderCommit=5319, initializing? false, entries: size=1, first=(t:1, i:5321), METADATAENTRY(c5318)
2019-08-24 07:09:01,942 [java.util.concurrent.ThreadPoolExecutor$Worker@e9476d[State = -1, empty queue]] WARN  server.GrpcLogAppender (GrpcLogAppender.java:timeoutAppendRequest(200)) - GrpcLogAppender(06a4573b-67a1-41e3-a350-f896363bc636->9193e3b7-ae04-484d-a740-c65c11559486): appendEntries Timeout, request=06a4573b-67a1-41e3-a350-f896363bc636->9193e3b7-ae04-484d-a740-c65c11559486#5329-t1, previous=(t:1, i:5321), leaderCommit=5319, initializing? false, entries: size=1, first=(t:1, i:5322), METADATAENTRY(c5319)
2019-08-24 07:09:01,943 [java.util.concurrent.ThreadPoolExecutor$Worker@24818183[State = -1, empty queue]] WARN  server.GrpcLogAppender (GrpcLogAppender.java:timeoutAppendRequest(200)) - GrpcLogAppender(06a4573b-67a1-41e3-a350-f896363bc636->0b725bbf-683b-4664-9a2e-3c9dd6e38bc1): appendEntries Timeout, request=06a4573b-67a1-41e3-a350-f896363bc636->0b725bbf-683b-4664-9a2e-3c9dd6e38bc1#5329-t1, previous=(t:1, i:5321), leaderCommit=5319, initializing? false, entries: size=1, first=(t:1, i:5322), METADATAENTRY(c5319)
2019-08-24 07:09:02,249 | INFO  | SCMAudit | user=jenkins1000 | ip=192.168.69.125 | op=SEND_HEARTBEAT {datanodeUUID=b8548da6-9cc6-46be-8dd4-5219531f5960, command=[]} | ret=SUCCESS |  
2019-08-24 07:09:02,249 | INFO  | SCMAudit | user=jenkins1000 | ip=192.168.69.125 | op=SEND_HEARTBEAT {datanodeUUID=25ce0803-6f34-4c69-82c0-892f08679042, command=[]} | ret=SUCCESS |  
2019-08-24 07:09:02,249 | INFO  | SCMAudit | user=jenkins1000 | ip=192.168.69.125 | op=SEND_HEARTBEAT {datanodeUUID=06a4573b-67a1-41e3-a350-f896363bc636, command=[]} | ret=SUCCESS |  
2019-08-24 07:09:02,249 | INFO  | SCMAudit | user=jenkins1000 | ip=192.168.69.125 | op=SEND_HEARTBEAT {datanodeUUID=0b725bbf-683b-4664-9a2e-3c9dd6e38bc1, command=[]} | ret=SUCCESS |  
2019-08-24 07:09:02,249 | INFO  | SCMAudit | user=jenkins1000 | ip=192.168.69.125 | op=SEND_HEARTBEAT {datanodeUUID=9193e3b7-ae04-484d-a740-c65c11559486, command=[]} | ret=SUCCESS |  
 0.00% |█                                                                                                    |  0/1 Time: 0:00:512019-08-24 07:09:03,248 | INFO  | SCMAudit | user=jenkins1000 | ip=192.168.69.125 | op=SEND_HEARTBEAT {datanodeUUID=25ce0803-6f34-4c69-82c0-892f08679042, command=[]} | ret=SUCCESS |  
2019-08-24 07:09:03,249 | INFO  | SCMAudit | user=jenkins1000 | ip=192.168.69.125 | op=SEND_HEARTBEAT {datanodeUUID=b8548da6-9cc6-46be-8dd4-5219531f5960, command=[]} | ret=SUCCESS |  
2019-08-24 07:09:03,249 | INFO  | SCMAudit | user=jenkins1000 | ip=192.168.69.125 | op=SEND_HEARTBEAT {datanodeUUID=0b725bbf-683b-4664-9a2e-3c9dd6e38bc1, command=[]} | ret=SUCCESS |  
2019-08-24 07:09:03,249 | INFO  | SCMAudit | user=jenkins1000 | ip=192.168.69.125 | op=SEND_HEARTBEAT {datanodeUUID=9193e3b7-ae04-484d-a740-c65c11559486, command=[]} | ret=SUCCESS |  
2019-08-24 07:09:03,250 | INFO  | SCMAudit | user=jenkins1000 | ip=192.168.69.125 | op=SEND_HEARTBEAT {datanodeUUID=06a4573b-67a1-41e3-a350-f896363bc636, command=[]} | ret=SUCCESS |  
 0.00% |█                                                                                                    |  0/1 Time: 0:00:522019-08-24 07:09:03,942 [pool-282-thread-1] WARN  scm.XceiverClientRatis (XceiverClientRatis.java:watchForCommit(262)) - 3 way commit failed on pipeline Pipeline[ Id: 3a53ee41-ddb5-453c-92e8-757e3781cd2a, Nodes: 9193e3b7-ae04-484d-a740-c65c11559486{ip: 192.168.69.125, host: trunk-nightly-zrmx2-3366312861, networkLocation: /default-rack, certSerialId: null}0b725bbf-683b-4664-9a2e-3c9dd6e38bc1{ip: 192.168.69.125, host: trunk-nightly-zrmx2-3366312861, networkLocation: /default-rack, certSerialId: null}06a4573b-67a1-41e3-a350-f896363bc636{ip: 192.168.69.125, host: trunk-nightly-zrmx2-3366312861, networkLocation: /default-rack, certSerialId: null}, Type:RATIS, Factor:THREE, State:OPEN]
java.util.concurrent.TimeoutException
	at java.util.concurrent.CompletableFuture.timedGet(CompletableFuture.java:1771)
	at java.util.concurrent.CompletableFuture.get(CompletableFuture.java:1915)
	at org.apache.hadoop.hdds.scm.XceiverClientRatis.watchForCommit(XceiverClientRatis.java:259)
	at org.apache.hadoop.hdds.scm.storage.CommitWatcher.watchForCommit(CommitWatcher.java:194)
	at org.apache.hadoop.hdds.scm.storage.CommitWatcher.watchOnFirstIndex(CommitWatcher.java:135)
	at org.apache.hadoop.hdds.scm.storage.BlockOutputStream.watchForCommit(BlockOutputStream.java:347)
	at org.apache.hadoop.hdds.scm.storage.BlockOutputStream.handleFullBuffer(BlockOutputStream.java:324)
	at org.apache.hadoop.hdds.scm.storage.BlockOutputStream.write(BlockOutputStream.java:251)
	at org.apache.hadoop.ozone.client.io.BlockOutputStreamEntry.write(BlockOutputStreamEntry.java:129)
	at org.apache.hadoop.ozone.client.io.KeyOutputStream.handleWrite(KeyOutputStream.java:211)
	at org.apache.hadoop.ozone.client.io.KeyOutputStream.write(KeyOutputStream.java:193)
	at org.apache.hadoop.ozone.client.io.OzoneOutputStream.write(OzoneOutputStream.java:49)
	at org.apache.hadoop.ozone.freon.RandomKeyGenerator.createKey(RandomKeyGenerator.java:699)
	at org.apache.hadoop.ozone.freon.RandomKeyGenerator.access$1100(RandomKeyGenerator.java:87)
	at org.apache.hadoop.ozone.freon.RandomKeyGenerator$ObjectCreator.run(RandomKeyGenerator.java:606)
	at java.util.concurrent.Executors$RunnableAdapter.call(Executors.java:511)
	at java.util.concurrent.FutureTask.run(FutureTask.java:266)
	at java.util.concurrent.ThreadPoolExecutor.runWorker(ThreadPoolExecutor.java:1149)
	at java.util.concurrent.ThreadPoolExecutor$Worker.run(ThreadPoolExecutor.java:624)
	at java.lang.Thread.run(Thread.java:748)
2019-08-24 07:09:04,128 [grpc-default-executor-0] WARN  server.GrpcLogAppender (GrpcLogAppender.java:onNextImpl(250)) - org.apache.ratis.grpc.server.GrpcLogAppender$AppendLogResponseHandler@3188edfc: Request not found, ignoring reply: 06a4573b-67a1-41e3-a350-f896363bc636<-0b725bbf-683b-4664-9a2e-3c9dd6e38bc1#5327:OK,SUCCESS,nextIndex:5321,term:1,followerCommit:5319
2019-08-24 07:09:04,133 [grpc-default-executor-0] WARN  server.GrpcLogAppender (GrpcLogAppender.java:onNextImpl(250)) - org.apache.ratis.grpc.server.GrpcLogAppender$AppendLogResponseHandler@9cc03a4: Request not found, ignoring reply: 06a4573b-67a1-41e3-a350-f896363bc636<-9193e3b7-ae04-484d-a740-c65c11559486#5327:OK,SUCCESS,nextIndex:5321,term:1,followerCommit:5319
2019-08-24 07:09:04,248 | INFO  | SCMAudit | user=jenkins1000 | ip=192.168.69.125 | op=SEND_HEARTBEAT {datanodeUUID=25ce0803-6f34-4c69-82c0-892f08679042, command=[]} | ret=SUCCESS |  
2019-08-24 07:09:04,249 | INFO  | SCMAudit | user=jenkins1000 | ip=192.168.69.125 | op=SEND_HEARTBEAT {datanodeUUID=0b725bbf-683b-4664-9a2e-3c9dd6e38bc1, command=[]} | ret=SUCCESS |  
2019-08-24 07:09:04,249 | INFO  | SCMAudit | user=jenkins1000 | ip=192.168.69.125 | op=SEND_HEARTBEAT {datanodeUUID=b8548da6-9cc6-46be-8dd4-5219531f5960, command=[]} | ret=SUCCESS |  
2019-08-24 07:09:04,249 | INFO  | SCMAudit | user=jenkins1000 | ip=192.168.69.125 | op=SEND_HEARTBEAT {datanodeUUID=9193e3b7-ae04-484d-a740-c65c11559486, command=[]} | ret=SUCCESS |  
2019-08-24 07:09:04,250 | INFO  | SCMAudit | user=jenkins1000 | ip=192.168.69.125 | op=SEND_HEARTBEAT {datanodeUUID=06a4573b-67a1-41e3-a350-f896363bc636, command=[]} | ret=SUCCESS |  
 0.00% |█                                                                                                    |  0/1 Time: 0:00:532019-08-24 07:09:04,438 [java.util.concurrent.ThreadPoolExecutor$Worker@e9476d[State = -1, empty queue]] WARN  server.GrpcLogAppender (GrpcLogAppender.java:timeoutAppendRequest(200)) - GrpcLogAppender(06a4573b-67a1-41e3-a350-f896363bc636->9193e3b7-ae04-484d-a740-c65c11559486): appendEntries Timeout, request=06a4573b-67a1-41e3-a350-f896363bc636->9193e3b7-ae04-484d-a740-c65c11559486#5330-t1, previous=(t:1, i:5322), leaderCommit=5319, initializing? false, entries: <empty>
2019-08-24 07:09:04,438 [java.util.concurrent.ThreadPoolExecutor$Worker@24818183[State = -1, empty queue]] WARN  server.GrpcLogAppender (GrpcLogAppender.java:timeoutAppendRequest(200)) - GrpcLogAppender(06a4573b-67a1-41e3-a350-f896363bc636->0b725bbf-683b-4664-9a2e-3c9dd6e38bc1): appendEntries Timeout, request=06a4573b-67a1-41e3-a350-f896363bc636->0b725bbf-683b-4664-9a2e-3c9dd6e38bc1#5330-t1, previous=(t:1, i:5322), leaderCommit=5319, initializing? false, entries: <empty>
2019-08-24 07:09:05,248 | INFO  | SCMAudit | user=jenkins1000 | ip=192.168.69.125 | op=SEND_HEARTBEAT {datanodeUUID=25ce0803-6f34-4c69-82c0-892f08679042, command=[]} | ret=SUCCESS |  
2019-08-24 07:09:05,249 | INFO  | SCMAudit | user=jenkins1000 | ip=192.168.69.125 | op=SEND_HEARTBEAT {datanodeUUID=0b725bbf-683b-4664-9a2e-3c9dd6e38bc1, command=[]} | ret=SUCCESS |  
2019-08-24 07:09:05,249 | INFO  | SCMAudit | user=jenkins1000 | ip=192.168.69.125 | op=SEND_HEARTBEAT {datanodeUUID=b8548da6-9cc6-46be-8dd4-5219531f5960, command=[]} | ret=SUCCESS |  
2019-08-24 07:09:05,250 | INFO  | SCMAudit | user=jenkins1000 | ip=192.168.69.125 | op=SEND_HEARTBEAT {datanodeUUID=9193e3b7-ae04-484d-a740-c65c11559486, command=[]} | ret=SUCCESS |  
 0.00% |█                                                                                                    |  0/1 Time: 0:00:542019-08-24 07:09:05,251 | INFO  | SCMAudit | user=jenkins1000 | ip=192.168.69.125 | op=SEND_HEARTBEAT {datanodeUUID=06a4573b-67a1-41e3-a350-f896363bc636, command=[]} | ret=SUCCESS |  
2019-08-24 07:09:05,560 [grpc-default-executor-0] WARN  server.GrpcLogAppender (GrpcLogAppender.java:onNextImpl(250)) - org.apache.ratis.grpc.server.GrpcLogAppender$AppendLogResponseHandler@3188edfc: Request not found, ignoring reply: 06a4573b-67a1-41e3-a350-f896363bc636<-0b725bbf-683b-4664-9a2e-3c9dd6e38bc1#5328:OK,SUCCESS,nextIndex:5322,term:1,followerCommit:5319
2019-08-24 07:09:05,560 [grpc-default-executor-1] WARN  server.GrpcLogAppender (GrpcLogAppender.java:onNextImpl(250)) - org.apache.ratis.grpc.server.GrpcLogAppender$AppendLogResponseHandler@9cc03a4: Request not found, ignoring reply: 06a4573b-67a1-41e3-a350-f896363bc636<-9193e3b7-ae04-484d-a740-c65c11559486#5328:OK,SUCCESS,nextIndex:5322,term:1,followerCommit:5319
2019-08-24 07:09:05,561 [grpc-default-executor-0] WARN  server.GrpcLogAppender (GrpcLogAppender.java:onNextImpl(250)) - org.apache.ratis.grpc.server.GrpcLogAppender$AppendLogResponseHandler@3188edfc: Request not found, ignoring reply: 06a4573b-67a1-41e3-a350-f896363bc636<-0b725bbf-683b-4664-9a2e-3c9dd6e38bc1#5329:OK,SUCCESS,nextIndex:5323,term:1,followerCommit:5319
2019-08-24 07:09:05,561 [grpc-default-executor-1] WARN  server.GrpcLogAppender (GrpcLogAppender.java:onNextImpl(250)) - org.apache.ratis.grpc.server.GrpcLogAppender$AppendLogResponseHandler@9cc03a4: Request not found, ignoring reply: 06a4573b-67a1-41e3-a350-f896363bc636<-9193e3b7-ae04-484d-a740-c65c11559486#5329:OK,SUCCESS,nextIndex:5323,term:1,followerCommit:5319
2019-08-24 07:09:05,561 [grpc-default-executor-0] WARN  server.GrpcLogAppender (GrpcLogAppender.java:onNextImpl(250)) - org.apache.ratis.grpc.server.GrpcLogAppender$AppendLogResponseHandler@3188edfc: Request not found, ignoring reply: 06a4573b-67a1-41e3-a350-f896363bc636<-0b725bbf-683b-4664-9a2e-3c9dd6e38bc1#5330:OK,SUCCESS,nextIndex:5323,term:1,followerCommit:5319
2019-08-24 07:09:05,561 [grpc-default-executor-1] WARN  server.GrpcLogAppender (GrpcLogAppender.java:onNextImpl(250)) - org.apache.ratis.grpc.server.GrpcLogAppender$AppendLogResponseHandler@9cc03a4: Request not found, ignoring reply: 06a4573b-67a1-41e3-a350-f896363bc636<-9193e3b7-ae04-484d-a740-c65c11559486#5330:OK,SUCCESS,nextIndex:5323,term:1,followerCommit:5319
2019-08-24 07:09:05,562 [grpc-default-executor-0] INFO  client.GrpcClientProtocolClient (GrpcClientProtocolClient.java:onNext(255)) - client-6EDD19400D46->06a4573b-67a1-41e3-a350-f896363bc636: receive RaftClientReply:client-6EDD19400D46->06a4573b-67a1-41e3-a350-f896363bc636@group-757E3781CD2A, cid=3533, SUCCESS, logIndex=0, commits[06a4573b-67a1-41e3-a350-f896363bc636:c5319, 0b725bbf-683b-4664-9a2e-3c9dd6e38bc1:c5319, 9193e3b7-ae04-484d-a740-c65c11559486:c5315]
2019-08-24 07:09:05,563 [grpc-default-executor-0] INFO  client.GrpcClientProtocolClient (GrpcClientProtocolClient.java:onNext(255)) - client-6EDD19400D46->06a4573b-67a1-41e3-a350-f896363bc636: receive RaftClientReply:client-6EDD19400D46->06a4573b-67a1-41e3-a350-f896363bc636@group-757E3781CD2A, cid=3532, SUCCESS, logIndex=0, commits[06a4573b-67a1-41e3-a350-f896363bc636:c5319, 0b725bbf-683b-4664-9a2e-3c9dd6e38bc1:c5319, 9193e3b7-ae04-484d-a740-c65c11559486:c5319]
2019-08-24 07:09:05,563 [grpc-default-executor-0] INFO  client.GrpcClientProtocolClient (GrpcClientProtocolClient.java:onNext(255)) - client-6EDD19400D46->06a4573b-67a1-41e3-a350-f896363bc636: receive RaftClientReply:client-6EDD19400D46->06a4573b-67a1-41e3-a350-f896363bc636@group-757E3781CD2A, cid=3532, SUCCESS, logIndex=0, commits[06a4573b-67a1-41e3-a350-f896363bc636:c5322, 0b725bbf-683b-4664-9a2e-3c9dd6e38bc1:c5319, 9193e3b7-ae04-484d-a740-c65c11559486:c5319]
2019-08-24 07:09:05,565 [pool-282-thread-1] INFO  scm.XceiverClientRatis (XceiverClientRatis.java:lambda$watchForCommit$7(280)) - Could not commit index 5317 on pipeline Pipeline[ Id: 3a53ee41-ddb5-453c-92e8-757e3781cd2a, Nodes: 9193e3b7-ae04-484d-a740-c65c11559486{ip: 192.168.69.125, host: trunk-nightly-zrmx2-3366312861, networkLocation: /default-rack, certSerialId: null}0b725bbf-683b-4664-9a2e-3c9dd6e38bc1{ip: 192.168.69.125, host: trunk-nightly-zrmx2-3366312861, networkLocation: /default-rack, certSerialId: null}06a4573b-67a1-41e3-a350-f896363bc636{ip: 192.168.69.125, host: trunk-nightly-zrmx2-3366312861, networkLocation: /default-rack, certSerialId: null}, Type:RATIS, Factor:THREE, State:OPEN] to all the nodes. Server 9193e3b7-ae04-484d-a740-c65c11559486 has failed. Committed by majority.
2019-08-24 07:09:05,565 [pool-282-thread-1] WARN  storage.BlockOutputStream (BlockOutputStream.java:watchForCommit(353)) - Failed to commit BlockId conID: 2 locID: 102670698869097144 bcsId: 5319 on Pipeline[ Id: 3a53ee41-ddb5-453c-92e8-757e3781cd2a, Nodes: 9193e3b7-ae04-484d-a740-c65c11559486{ip: 192.168.69.125, host: trunk-nightly-zrmx2-3366312861, networkLocation: /default-rack, certSerialId: null}0b725bbf-683b-4664-9a2e-3c9dd6e38bc1{ip: 192.168.69.125, host: trunk-nightly-zrmx2-3366312861, networkLocation: /default-rack, certSerialId: null}06a4573b-67a1-41e3-a350-f896363bc636{ip: 192.168.69.125, host: trunk-nightly-zrmx2-3366312861, networkLocation: /default-rack, certSerialId: null}, Type:RATIS, Factor:THREE, State:OPEN]. Failed nodes: [9193e3b7-ae04-484d-a740-c65c11559486{ip: null, host: null, networkLocation: /default-rack, certSerialId: null}]
2019-08-24 07:09:05,573 | INFO  | DNAudit | user=null | ip=null | op=WRITE_CHUNK {blockData=conID: 2 locID: 102670698869097144 bcsId: 5319} | ret=SUCCESS |  
2019-08-24 07:09:05,575 | INFO  | DNAudit | user=null | ip=null | op=WRITE_CHUNK {blockData=conID: 2 locID: 102670698869097144 bcsId: 5319} | ret=SUCCESS |  
2019-08-24 07:09:05,576 | INFO  | DNAudit | user=null | ip=null | op=WRITE_CHUNK {blockData=conID: 2 locID: 102670698869097144 bcsId: 5319} | ret=SUCCESS |  
2019-08-24 07:09:06,249 | INFO  | SCMAudit | user=jenkins1000 | ip=192.168.69.125 | op=SEND_HEARTBEAT {datanodeUUID=25ce0803-6f34-4c69-82c0-892f08679042, command=[]} | ret=SUCCESS |  
2019-08-24 07:09:06,249 | INFO  | SCMAudit | user=jenkins1000 | ip=192.168.69.125 | op=SEND_HEARTBEAT {datanodeUUID=0b725bbf-683b-4664-9a2e-3c9dd6e38bc1, command=[]} | ret=SUCCESS |  
2019-08-24 07:09:06,249 | INFO  | SCMAudit | user=jenkins1000 | ip=192.168.69.125 | op=SEND_HEARTBEAT {datanodeUUID=b8548da6-9cc6-46be-8dd4-5219531f5960, command=[]} | ret=SUCCESS |  
2019-08-24 07:09:06,250 | INFO  | SCMAudit | user=jenkins1000 | ip=192.168.69.125 | op=SEND_HEARTBEAT {datanodeUUID=9193e3b7-ae04-484d-a740-c65c11559486, command=[]} | ret=SUCCESS |  
2019-08-24 07:09:06,251 | INFO  | SCMAudit | user=jenkins1000 | ip=192.168.69.125 | op=SEND_HEARTBEAT {datanodeUUID=06a4573b-67a1-41e3-a350-f896363bc636, command=[]} | ret=SUCCESS |  
 0.00% |█                                                                                                    |  0/1 Time: 0:00:552019-08-24 07:09:07,249 | INFO  | SCMAudit | user=jenkins1000 | ip=192.168.69.125 | op=SEND_HEARTBEAT {datanodeUUID=25ce0803-6f34-4c69-82c0-892f08679042, command=[]} | ret=SUCCESS |  
2019-08-24 07:09:07,249 | INFO  | SCMAudit | user=jenkins1000 | ip=192.168.69.125 | op=SEND_HEARTBEAT {datanodeUUID=b8548da6-9cc6-46be-8dd4-5219531f5960, command=[]} | ret=SUCCESS |  
2019-08-24 07:09:07,250 | INFO  | SCMAudit | user=jenkins1000 | ip=192.168.69.125 | op=SEND_HEARTBEAT {datanodeUUID=0b725bbf-683b-4664-9a2e-3c9dd6e38bc1, command=[]} | ret=SUCCESS |  
2019-08-24 07:09:07,250 | INFO  | SCMAudit | user=jenkins1000 | ip=192.168.69.125 | op=SEND_HEARTBEAT {datanodeUUID=9193e3b7-ae04-484d-a740-c65c11559486, command=[]} | ret=SUCCESS |  
2019-08-24 07:09:07,250 | INFO  | SCMAudit | user=jenkins1000 | ip=192.168.69.125 | op=SEND_HEARTBEAT {datanodeUUID=06a4573b-67a1-41e3-a350-f896363bc636, command=[]} | ret=SUCCESS |  
 0.00% |█                                                                                                    |  0/1 Time: 0:00:562019-08-24 07:09:08,250 | INFO  | SCMAudit | user=jenkins1000 | ip=192.168.69.125 | op=SEND_HEARTBEAT {datanodeUUID=0b725bbf-683b-4664-9a2e-3c9dd6e38bc1, command=[]} | ret=SUCCESS |  
2019-08-24 07:09:08,250 | INFO  | SCMAudit | user=jenkins1000 | ip=192.168.69.125 | op=SEND_HEARTBEAT {datanodeUUID=9193e3b7-ae04-484d-a740-c65c11559486, command=[]} | ret=SUCCESS |  
2019-08-24 07:09:08,250 | INFO  | SCMAudit | user=jenkins1000 | ip=192.168.69.125 | op=SEND_HEARTBEAT {datanodeUUID=25ce0803-6f34-4c69-82c0-892f08679042, command=[]} | ret=SUCCESS |  
 0.00% |█                                                                                                    |  0/1 Time: 0:00:572019-08-24 07:09:08,253 | INFO  | SCMAudit | user=jenkins1000 | ip=192.168.69.125 | op=SEND_HEARTBEAT {datanodeUUID=b8548da6-9cc6-46be-8dd4-5219531f5960, command=[]} | ret=SUCCESS |  
2019-08-24 07:09:08,253 | INFO  | SCMAudit | user=jenkins1000 | ip=192.168.69.125 | op=SEND_HEARTBEAT {datanodeUUID=06a4573b-67a1-41e3-a350-f896363bc636, command=[]} | ret=SUCCESS |  
2019-08-24 07:09:08,571 [java.util.concurrent.ThreadPoolExecutor$Worker@e9476d[State = -1, empty queue]] WARN  server.GrpcLogAppender (GrpcLogAppender.java:timeoutAppendRequest(200)) - GrpcLogAppender(06a4573b-67a1-41e3-a350-f896363bc636->9193e3b7-ae04-484d-a740-c65c11559486): appendEntries Timeout, request=06a4573b-67a1-41e3-a350-f896363bc636->9193e3b7-ae04-484d-a740-c65c11559486#5332-t1, previous=(t:1, i:5322), leaderCommit=5322, initializing? false, entries: size=1, first=(t:1, i:5323), STATEMACHINELOGENTRY, client-6EDD19400D46, cid=3534
2019-08-24 07:09:08,574 [java.util.concurrent.ThreadPoolExecutor$Worker@24818183[State = -1, empty queue]] WARN  server.GrpcLogAppender (GrpcLogAppender.java:timeoutAppendRequest(200)) - GrpcLogAppender(06a4573b-67a1-41e3-a350-f896363bc636->0b725bbf-683b-4664-9a2e-3c9dd6e38bc1): appendEntries Timeout, request=06a4573b-67a1-41e3-a350-f896363bc636->0b725bbf-683b-4664-9a2e-3c9dd6e38bc1#5332-t1, previous=(t:1, i:5322), leaderCommit=5322, initializing? false, entries: size=1, first=(t:1, i:5323), STATEMACHINELOGENTRY, client-6EDD19400D46, cid=3534
2019-08-24 07:09:08,576 [java.util.concurrent.ThreadPoolExecutor$Worker@e9476d[State = -1, empty queue]] WARN  server.GrpcLogAppender (GrpcLogAppender.java:timeoutAppendRequest(200)) - GrpcLogAppender(06a4573b-67a1-41e3-a350-f896363bc636->9193e3b7-ae04-484d-a740-c65c11559486): appendEntries Timeout, request=06a4573b-67a1-41e3-a350-f896363bc636->9193e3b7-ae04-484d-a740-c65c11559486#5333-t1, previous=(t:1, i:5323), leaderCommit=5322, initializing? false, entries: size=1, first=(t:1, i:5324), STATEMACHINELOGENTRY, client-6EDD19400D46, cid=3535
2019-08-24 07:09:08,578 [java.util.concurrent.ThreadPoolExecutor$Worker@24818183[State = -1, empty queue]] WARN  server.GrpcLogAppender (GrpcLogAppender.java:timeoutAppendRequest(200)) - GrpcLogAppender(06a4573b-67a1-41e3-a350-f896363bc636->0b725bbf-683b-4664-9a2e-3c9dd6e38bc1): appendEntries Timeout, request=06a4573b-67a1-41e3-a350-f896363bc636->0b725bbf-683b-4664-9a2e-3c9dd6e38bc1#5333-t1, previous=(t:1, i:5323), leaderCommit=5322, initializing? false, entries: size=1, first=(t:1, i:5324), STATEMACHINELOGENTRY, client-6EDD19400D46, cid=3535
2019-08-24 07:09:09,250 | INFO  | SCMAudit | user=jenkins1000 | ip=192.168.69.125 | op=SEND_HEARTBEAT {datanodeUUID=9193e3b7-ae04-484d-a740-c65c11559486, command=[]} | ret=SUCCESS |  
2019-08-24 07:09:09,250 | INFO  | SCMAudit | user=jenkins1000 | ip=192.168.69.125 | op=SEND_HEARTBEAT {datanodeUUID=0b725bbf-683b-4664-9a2e-3c9dd6e38bc1, command=[]} | ret=SUCCESS |  
2019-08-24 07:09:09,250 | INFO  | SCMAudit | user=jenkins1000 | ip=192.168.69.125 | op=SEND_HEARTBEAT {datanodeUUID=25ce0803-6f34-4c69-82c0-892f08679042, command=[]} | ret=SUCCESS |  
2019-08-24 07:09:09,251 | INFO  | SCMAudit | user=jenkins1000 | ip=192.168.69.125 | op=SEND_HEARTBEAT {datanodeUUID=b8548da6-9cc6-46be-8dd4-5219531f5960, command=[]} | ret=SUCCESS |  
 0.00% |█                                                                                                    |  0/1 Time: 0:00:582019-08-24 07:09:09,253 | INFO  | SCMAudit | user=jenkins1000 | ip=192.168.69.125 | op=SEND_HEARTBEAT {datanodeUUID=06a4573b-67a1-41e3-a350-f896363bc636, command=[]} | ret=SUCCESS |  
2019-08-24 07:09:10,250 | INFO  | SCMAudit | user=jenkins1000 | ip=192.168.69.125 | op=SEND_HEARTBEAT {datanodeUUID=9193e3b7-ae04-484d-a740-c65c11559486, command=[]} | ret=SUCCESS |  
2019-08-24 07:09:10,250 | INFO  | SCMAudit | user=jenkins1000 | ip=192.168.69.125 | op=SEND_HEARTBEAT {datanodeUUID=25ce0803-6f34-4c69-82c0-892f08679042, command=[]} | ret=SUCCESS |  
2019-08-24 07:09:10,250 | INFO  | SCMAudit | user=jenkins1000 | ip=192.168.69.125 | op=SEND_HEARTBEAT {datanodeUUID=0b725bbf-683b-4664-9a2e-3c9dd6e38bc1, command=[]} | ret=SUCCESS |  
2019-08-24 07:09:10,251 | INFO  | SCMAudit | user=jenkins1000 | ip=192.168.69.125 | op=SEND_HEARTBEAT {datanodeUUID=b8548da6-9cc6-46be-8dd4-5219531f5960, command=[]} | ret=SUCCESS |  
 0.00% |█                                                                                                    |  0/1 Time: 0:00:592019-08-24 07:09:10,254 | INFO  | SCMAudit | user=jenkins1000 | ip=192.168.69.125 | op=SEND_HEARTBEAT {datanodeUUID=06a4573b-67a1-41e3-a350-f896363bc636, command=[]} | ret=SUCCESS |  
2019-08-24 07:09:10,603 [grpc-default-executor-1] INFO  client.GrpcClientProtocolClient (GrpcClientProtocolClient.java:onNext(255)) - client-6EDD19400D46->9193e3b7-ae04-484d-a740-c65c11559486: receive RaftClientReply:client-6EDD19400D46->9193e3b7-ae04-484d-a740-c65c11559486@group-757E3781CD2A, cid=3534, FAILED org.apache.ratis.protocol.NotLeaderException: Server 9193e3b7-ae04-484d-a740-c65c11559486 is not the leader (06a4573b-67a1-41e3-a350-f896363bc636:192.168.69.125:37456). Request must be sent to leader., logIndex=0, commits[9193e3b7-ae04-484d-a740-c65c11559486:c5322, 0b725bbf-683b-4664-9a2e-3c9dd6e38bc1:c5319, 06a4573b-67a1-41e3-a350-f896363bc636:c5322]
2019-08-24 07:09:11,072 [java.util.concurrent.ThreadPoolExecutor$Worker@24818183[State = -1, empty queue]] WARN  server.GrpcLogAppender (GrpcLogAppender.java:timeoutAppendRequest(200)) - GrpcLogAppender(06a4573b-67a1-41e3-a350-f896363bc636->0b725bbf-683b-4664-9a2e-3c9dd6e38bc1): appendEntries Timeout, request=06a4573b-67a1-41e3-a350-f896363bc636->0b725bbf-683b-4664-9a2e-3c9dd6e38bc1#5334-t1, previous=(t:1, i:5324), leaderCommit=5322, initializing? false, entries: <empty>
2019-08-24 07:09:11,072 [java.util.concurrent.ThreadPoolExecutor$Worker@e9476d[State = -1, empty queue]] WARN  server.GrpcLogAppender (GrpcLogAppender.java:timeoutAppendRequest(200)) - GrpcLogAppender(06a4573b-67a1-41e3-a350-f896363bc636->9193e3b7-ae04-484d-a740-c65c11559486): appendEntries Timeout, request=06a4573b-67a1-41e3-a350-f896363bc636->9193e3b7-ae04-484d-a740-c65c11559486#5334-t1, previous=(t:1, i:5324), leaderCommit=5322, initializing? false, entries: <empty>
2019-08-24 07:09:11,250 | INFO  | SCMAudit | user=jenkins1000 | ip=192.168.69.125 | op=SEND_HEARTBEAT {datanodeUUID=25ce0803-6f34-4c69-82c0-892f08679042, command=[]} | ret=SUCCESS |  
2019-08-24 07:09:11,250 | INFO  | SCMAudit | user=jenkins1000 | ip=192.168.69.125 | op=SEND_HEARTBEAT {datanodeUUID=0b725bbf-683b-4664-9a2e-3c9dd6e38bc1, command=[]} | ret=SUCCESS |  
2019-08-24 07:09:11,251 | INFO  | SCMAudit | user=jenkins1000 | ip=192.168.69.125 | op=SEND_HEARTBEAT {datanodeUUID=9193e3b7-ae04-484d-a740-c65c11559486, command=[]} | ret=SUCCESS |  
2019-08-24 07:09:11,251 | INFO  | SCMAudit | user=jenkins1000 | ip=192.168.69.125 | op=SEND_HEARTBEAT {datanodeUUID=b8548da6-9cc6-46be-8dd4-5219531f5960, command=[]} | ret=SUCCESS |  
 0.00% |█                                                                                                    |  0/1 Time: 0:01:002019-08-24 07:09:11,254 | INFO  | SCMAudit | user=jenkins1000 | ip=192.168.69.125 | op=SEND_HEARTBEAT {datanodeUUID=06a4573b-67a1-41e3-a350-f896363bc636, command=[]} | ret=SUCCESS |  
2019-08-24 07:09:11,937 [grpc-default-executor-0] WARN  server.GrpcLogAppender (GrpcLogAppender.java:onNextImpl(250)) - org.apache.ratis.grpc.server.GrpcLogAppender$AppendLogResponseHandler@3188edfc: Request not found, ignoring reply: 06a4573b-67a1-41e3-a350-f896363bc636<-0b725bbf-683b-4664-9a2e-3c9dd6e38bc1#5332:OK,SUCCESS,nextIndex:5324,term:1,followerCommit:5322
2019-08-24 07:09:11,938 [grpc-default-executor-1] WARN  server.GrpcLogAppender (GrpcLogAppender.java:onNextImpl(250)) - org.apache.ratis.grpc.server.GrpcLogAppender$AppendLogResponseHandler@9cc03a4: Request not found, ignoring reply: 06a4573b-67a1-41e3-a350-f896363bc636<-9193e3b7-ae04-484d-a740-c65c11559486#5332:OK,SUCCESS,nextIndex:5324,term:1,followerCommit:5322
2019-08-24 07:09:11,938 [grpc-default-executor-0] WARN  server.GrpcLogAppender (GrpcLogAppender.java:onNextImpl(250)) - org.apache.ratis.grpc.server.GrpcLogAppender$AppendLogResponseHandler@3188edfc: Request not found, ignoring reply: 06a4573b-67a1-41e3-a350-f896363bc636<-0b725bbf-683b-4664-9a2e-3c9dd6e38bc1#5333:OK,SUCCESS,nextIndex:5325,term:1,followerCommit:5322
2019-08-24 07:09:11,938 [grpc-default-executor-1] WARN  server.GrpcLogAppender (GrpcLogAppender.java:onNextImpl(250)) - org.apache.ratis.grpc.server.GrpcLogAppender$AppendLogResponseHandler@9cc03a4: Request not found, ignoring reply: 06a4573b-67a1-41e3-a350-f896363bc636<-9193e3b7-ae04-484d-a740-c65c11559486#5333:OK,SUCCESS,nextIndex:5325,term:1,followerCommit:5322
2019-08-24 07:09:11,938 [grpc-default-executor-0] WARN  server.GrpcLogAppender (GrpcLogAppender.java:onNextImpl(250)) - org.apache.ratis.grpc.server.GrpcLogAppender$AppendLogResponseHandler@3188edfc: Request not found, ignoring reply: 06a4573b-67a1-41e3-a350-f896363bc636<-0b725bbf-683b-4664-9a2e-3c9dd6e38bc1#5334:OK,SUCCESS,nextIndex:5325,term:1,followerCommit:5322
2019-08-24 07:09:11,939 [grpc-default-executor-1] WARN  server.GrpcLogAppender (GrpcLogAppender.java:onNextImpl(250)) - org.apache.ratis.grpc.server.GrpcLogAppender$AppendLogResponseHandler@9cc03a4: Request not found, ignoring reply: 06a4573b-67a1-41e3-a350-f896363bc636<-9193e3b7-ae04-484d-a740-c65c11559486#5334:OK,SUCCESS,nextIndex:5325,term:1,followerCommit:5322
2019-08-24 07:09:11,939 | INFO  | DNAudit | user=null | ip=null | op=WRITE_CHUNK {blockData=conID: 2 locID: 102670698869097144 bcsId: 5319} | ret=SUCCESS |  
2019-08-24 07:09:11,943 | INFO  | DNAudit | user=null | ip=null | op=PUT_BLOCK {blockData=[blockId=conID: 2 locID: 102670698869097144 bcsId: 0,size=3145728]} | ret=SUCCESS |  
2019-08-24 07:09:11,944 [grpc-default-executor-0] INFO  client.GrpcClientProtocolClient (GrpcClientProtocolClient.java:onNext(255)) - client-6EDD19400D46->06a4573b-67a1-41e3-a350-f896363bc636: receive RaftClientReply:client-6EDD19400D46->06a4573b-67a1-41e3-a350-f896363bc636@group-757E3781CD2A, cid=3534, SUCCESS, logIndex=5323, commits[06a4573b-67a1-41e3-a350-f896363bc636:c5324, 0b725bbf-683b-4664-9a2e-3c9dd6e38bc1:c5322, 9193e3b7-ae04-484d-a740-c65c11559486:c5322]
2019-08-24 07:09:11,953 [grpc-default-executor-1] INFO  client.GrpcClientProtocolClient (GrpcClientProtocolClient.java:onNext(255)) - client-6EDD19400D46->06a4573b-67a1-41e3-a350-f896363bc636: receive RaftClientReply:client-6EDD19400D46->06a4573b-67a1-41e3-a350-f896363bc636@group-757E3781CD2A, cid=3535, SUCCESS, logIndex=5324, commits[06a4573b-67a1-41e3-a350-f896363bc636:c5324, 0b725bbf-683b-4664-9a2e-3c9dd6e38bc1:c5322, 9193e3b7-ae04-484d-a740-c65c11559486:c5322]
2019-08-24 07:09:11,962 | INFO  | DNAudit | user=null | ip=null | op=WRITE_CHUNK {blockData=conID: 2 locID: 102670698869097144 bcsId: 5324} | ret=SUCCESS |  
2019-08-24 07:09:11,966 | INFO  | DNAudit | user=null | ip=null | op=WRITE_CHUNK {blockData=conID: 2 locID: 102670698869097144 bcsId: 5324} | ret=SUCCESS |  
2019-08-24 07:09:11,966 | INFO  | DNAudit | user=null | ip=null | op=WRITE_CHUNK {blockData=conID: 2 locID: 102670698869097144 bcsId: 5324} | ret=SUCCESS |  
2019-08-24 07:09:12,250 | INFO  | SCMAudit | user=jenkins1000 | ip=192.168.69.125 | op=SEND_HEARTBEAT {datanodeUUID=25ce0803-6f34-4c69-82c0-892f08679042, command=[]} | ret=SUCCESS |  
2019-08-24 07:09:12,250 | INFO  | SCMAudit | user=jenkins1000 | ip=192.168.69.125 | op=SEND_HEARTBEAT {datanodeUUID=9193e3b7-ae04-484d-a740-c65c11559486, command=[]} | ret=SUCCESS |  
2019-08-24 07:09:12,251 | INFO  | SCMAudit | user=jenkins1000 | ip=192.168.69.125 | op=SEND_HEARTBEAT {datanodeUUID=b8548da6-9cc6-46be-8dd4-5219531f5960, command=[]} | ret=SUCCESS |  
2019-08-24 07:09:12,252 | INFO  | SCMAudit | user=jenkins1000 | ip=192.168.69.125 | op=SEND_HEARTBEAT {datanodeUUID=0b725bbf-683b-4664-9a2e-3c9dd6e38bc1, command=[]} | ret=SUCCESS |  
 0.00% |█                                                                                                    |  0/1 Time: 0:01:012019-08-24 07:09:12,254 | INFO  | SCMAudit | user=jenkins1000 | ip=192.168.69.125 | op=SEND_HEARTBEAT {datanodeUUID=06a4573b-67a1-41e3-a350-f896363bc636, command=[]} | ret=SUCCESS |  
2019-08-24 07:09:13,250 | INFO  | SCMAudit | user=jenkins1000 | ip=192.168.69.125 | op=SEND_HEARTBEAT {datanodeUUID=25ce0803-6f34-4c69-82c0-892f08679042, command=[]} | ret=SUCCESS |  
2019-08-24 07:09:13,251 | INFO  | SCMAudit | user=jenkins1000 | ip=192.168.69.125 | op=SEND_HEARTBEAT {datanodeUUID=0b725bbf-683b-4664-9a2e-3c9dd6e38bc1, command=[]} | ret=SUCCESS |  
2019-08-24 07:09:13,252 | INFO  | SCMAudit | user=jenkins1000 | ip=192.168.69.125 | op=SEND_HEARTBEAT {datanodeUUID=9193e3b7-ae04-484d-a740-c65c11559486, command=[]} | ret=SUCCESS |  
2019-08-24 07:09:13,252 | INFO  | SCMAudit | user=jenkins1000 | ip=192.168.69.125 | op=SEND_HEARTBEAT {datanodeUUID=b8548da6-9cc6-46be-8dd4-5219531f5960, command=[]} | ret=SUCCESS |  
2019-08-24 07:09:13,254 | INFO  | SCMAudit | user=jenkins1000 | ip=192.168.69.125 | op=SEND_HEARTBEAT {datanodeUUID=06a4573b-67a1-41e3-a350-f896363bc636, command=[]} | ret=SUCCESS |  
 0.00% |█                                                                                                    |  0/1 Time: 0:01:022019-08-24 07:09:14,250 | INFO  | SCMAudit | user=jenkins1000 | ip=192.168.69.125 | op=SEND_HEARTBEAT {datanodeUUID=25ce0803-6f34-4c69-82c0-892f08679042, command=[]} | ret=SUCCESS |  
2019-08-24 07:09:14,252 | INFO  | SCMAudit | user=jenkins1000 | ip=192.168.69.125 | op=SEND_HEARTBEAT {datanodeUUID=9193e3b7-ae04-484d-a740-c65c11559486, command=[]} | ret=SUCCESS |  
2019-08-24 07:09:14,252 | INFO  | SCMAudit | user=jenkins1000 | ip=192.168.69.125 | op=SEND_HEARTBEAT {datanodeUUID=b8548da6-9cc6-46be-8dd4-5219531f5960, command=[]} | ret=SUCCESS |  
2019-08-24 07:09:14,252 | INFO  | SCMAudit | user=jenkins1000 | ip=192.168.69.125 | op=SEND_HEARTBEAT {datanodeUUID=0b725bbf-683b-4664-9a2e-3c9dd6e38bc1, command=[]} | ret=SUCCESS |  
2019-08-24 07:09:14,254 | INFO  | SCMAudit | user=jenkins1000 | ip=192.168.69.125 | op=SEND_HEARTBEAT {datanodeUUID=06a4573b-67a1-41e3-a350-f896363bc636, command=[]} | ret=SUCCESS |  
 0.00% |█                                                                                                    |  0/1 Time: 0:01:032019-08-24 07:09:14,462 | INFO  | DNAudit | user=null | ip=null | op=WRITE_CHUNK {blockData=conID: 2 locID: 102670698869097144 bcsId: 5319} | ret=SUCCESS |  
2019-08-24 07:09:14,463 | INFO  | DNAudit | user=null | ip=null | op=WRITE_CHUNK {blockData=conID: 2 locID: 102670698869097144 bcsId: 5319} | ret=SUCCESS |  
2019-08-24 07:09:14,463 | INFO  | DNAudit | user=null | ip=null | op=PUT_BLOCK {blockData=[blockId=conID: 2 locID: 102670698869097144 bcsId: 0,size=3145728]} | ret=SUCCESS |  
2019-08-24 07:09:14,463 | INFO  | DNAudit | user=null | ip=null | op=PUT_BLOCK {blockData=[blockId=conID: 2 locID: 102670698869097144 bcsId: 0,size=3145728]} | ret=SUCCESS |  
2019-08-24 07:09:14,961 [java.util.concurrent.ThreadPoolExecutor$Worker@24818183[State = -1, empty queue]] WARN  server.GrpcLogAppender (GrpcLogAppender.java:timeoutAppendRequest(200)) - GrpcLogAppender(06a4573b-67a1-41e3-a350-f896363bc636->0b725bbf-683b-4664-9a2e-3c9dd6e38bc1): appendEntries Timeout, request=06a4573b-67a1-41e3-a350-f896363bc636->0b725bbf-683b-4664-9a2e-3c9dd6e38bc1#5337-t1, previous=(t:1, i:5325), leaderCommit=5324, initializing? false, entries: size=1, first=(t:1, i:5326), STATEMACHINELOGENTRY, client-6EDD19400D46, cid=3536
2019-08-24 07:09:14,961 [java.util.concurrent.ThreadPoolExecutor$Worker@e9476d[State = -1, empty queue]] WARN  server.GrpcLogAppender (GrpcLogAppender.java:timeoutAppendRequest(200)) - GrpcLogAppender(06a4573b-67a1-41e3-a350-f896363bc636->9193e3b7-ae04-484d-a740-c65c11559486): appendEntries Timeout, request=06a4573b-67a1-41e3-a350-f896363bc636->9193e3b7-ae04-484d-a740-c65c11559486#5337-t1, previous=(t:1, i:5325), leaderCommit=5324, initializing? false, entries: size=1, first=(t:1, i:5326), STATEMACHINELOGENTRY, client-6EDD19400D46, cid=3536
2019-08-24 07:09:14,961 [java.util.concurrent.ThreadPoolExecutor$Worker@24818183[State = -1, empty queue]] WARN  server.GrpcLogAppender (GrpcLogAppender.java:timeoutAppendRequest(200)) - GrpcLogAppender(06a4573b-67a1-41e3-a350-f896363bc636->0b725bbf-683b-4664-9a2e-3c9dd6e38bc1): appendEntries Timeout, request=06a4573b-67a1-41e3-a350-f896363bc636->0b725bbf-683b-4664-9a2e-3c9dd6e38bc1#5338-t1, previous=(t:1, i:5326), leaderCommit=5324, initializing? false, entries: size=1, first=(t:1, i:5327), STATEMACHINELOGENTRY, client-6EDD19400D46, cid=3537
2019-08-24 07:09:14,961 [java.util.concurrent.ThreadPoolExecutor$Worker@e9476d[State = -1, empty queue]] WARN  server.GrpcLogAppender (GrpcLogAppender.java:timeoutAppendRequest(200)) - GrpcLogAppender(06a4573b-67a1-41e3-a350-f896363bc636->9193e3b7-ae04-484d-a740-c65c11559486): appendEntries Timeout, request=06a4573b-67a1-41e3-a350-f896363bc636->9193e3b7-ae04-484d-a740-c65c11559486#5338-t1, previous=(t:1, i:5326), leaderCommit=5324, initializing? false, entries: size=1, first=(t:1, i:5327), STATEMACHINELOGENTRY, client-6EDD19400D46, cid=3537
2019-08-24 07:09:15,251 | INFO  | SCMAudit | user=jenkins1000 | ip=192.168.69.125 | op=SEND_HEARTBEAT {datanodeUUID=25ce0803-6f34-4c69-82c0-892f08679042, command=[]} | ret=SUCCESS |  
2019-08-24 07:09:15,252 | INFO  | SCMAudit | user=jenkins1000 | ip=192.168.69.125 | op=SEND_HEARTBEAT {datanodeUUID=9193e3b7-ae04-484d-a740-c65c11559486, command=[]} | ret=SUCCESS |  
2019-08-24 07:09:15,252 | INFO  | SCMAudit | user=jenkins1000 | ip=192.168.69.125 | op=SEND_HEARTBEAT {datanodeUUID=b8548da6-9cc6-46be-8dd4-5219531f5960, command=[]} | ret=SUCCESS |  
2019-08-24 07:09:15,254 | INFO  | SCMAudit | user=jenkins1000 | ip=192.168.69.125 | op=SEND_HEARTBEAT {datanodeUUID=0b725bbf-683b-4664-9a2e-3c9dd6e38bc1, command=[]} | ret=SUCCESS |  
2019-08-24 07:09:15,254 | INFO  | SCMAudit | user=jenkins1000 | ip=192.168.69.125 | op=SEND_HEARTBEAT {datanodeUUID=06a4573b-67a1-41e3-a350-f896363bc636, command=[]} | ret=SUCCESS |  
 0.00% |█                                                                                                    |  0/1 Time: 0:01:042019-08-24 07:09:15,473 [grpc-default-executor-1] WARN  server.GrpcLogAppender (GrpcLogAppender.java:onNextImpl(250)) - org.apache.ratis.grpc.server.GrpcLogAppender$AppendLogResponseHandler@9cc03a4: Request not found, ignoring reply: 06a4573b-67a1-41e3-a350-f896363bc636<-9193e3b7-ae04-484d-a740-c65c11559486#5337:OK,SUCCESS,nextIndex:5327,term:1,followerCommit:5324
2019-08-24 07:09:15,476 [grpc-default-executor-0] WARN  server.GrpcLogAppender (GrpcLogAppender.java:onNextImpl(250)) - org.apache.ratis.grpc.server.GrpcLogAppender$AppendLogResponseHandler@3188edfc: Request not found, ignoring reply: 06a4573b-67a1-41e3-a350-f896363bc636<-0b725bbf-683b-4664-9a2e-3c9dd6e38bc1#5337:OK,SUCCESS,nextIndex:5327,term:1,followerCommit:5324
2019-08-24 07:09:15,478 [grpc-default-executor-1] WARN  server.GrpcLogAppender (GrpcLogAppender.java:onNextImpl(250)) - org.apache.ratis.grpc.server.GrpcLogAppender$AppendLogResponseHandler@9cc03a4: Request not found, ignoring reply: 06a4573b-67a1-41e3-a350-f896363bc636<-9193e3b7-ae04-484d-a740-c65c11559486#5338:OK,SUCCESS,nextIndex:5328,term:1,followerCommit:5324
2019-08-24 07:09:15,478 [grpc-default-executor-0] WARN  server.GrpcLogAppender (GrpcLogAppender.java:onNextImpl(250)) - org.apache.ratis.grpc.server.GrpcLogAppender$AppendLogResponseHandler@3188edfc: Request not found, ignoring reply: 06a4573b-67a1-41e3-a350-f896363bc636<-0b725bbf-683b-4664-9a2e-3c9dd6e38bc1#5338:OK,SUCCESS,nextIndex:5328,term:1,followerCommit:5324
2019-08-24 07:09:15,479 | INFO  | DNAudit | user=null | ip=null | op=WRITE_CHUNK {blockData=conID: 2 locID: 102670698869097144 bcsId: 5324} | ret=SUCCESS |  
2019-08-24 07:09:15,480 | INFO  | DNAudit | user=null | ip=null | op=PUT_BLOCK {blockData=[blockId=conID: 2 locID: 102670698869097144 bcsId: 0,size=4194304]} | ret=SUCCESS |  
2019-08-24 07:09:15,480 [grpc-default-executor-1] INFO  client.GrpcClientProtocolClient (GrpcClientProtocolClient.java:onNext(255)) - client-6EDD19400D46->06a4573b-67a1-41e3-a350-f896363bc636: receive RaftClientReply:client-6EDD19400D46->06a4573b-67a1-41e3-a350-f896363bc636@group-757E3781CD2A, cid=3536, SUCCESS, logIndex=5326, commits[06a4573b-67a1-41e3-a350-f896363bc636:c5327, 0b725bbf-683b-4664-9a2e-3c9dd6e38bc1:c5324, 9193e3b7-ae04-484d-a740-c65c11559486:c5324]
2019-08-24 07:09:15,481 [grpc-default-executor-1] INFO  client.GrpcClientProtocolClient (GrpcClientProtocolClient.java:onNext(255)) - client-6EDD19400D46->06a4573b-67a1-41e3-a350-f896363bc636: receive RaftClientReply:client-6EDD19400D46->06a4573b-67a1-41e3-a350-f896363bc636@group-757E3781CD2A, cid=3537, SUCCESS, logIndex=5327, commits[06a4573b-67a1-41e3-a350-f896363bc636:c5327, 0b725bbf-683b-4664-9a2e-3c9dd6e38bc1:c5324, 9193e3b7-ae04-484d-a740-c65c11559486:c5324]
2019-08-24 07:09:16,250 | INFO  | SCMAudit | user=jenkins1000 | ip=192.168.69.125 | op=SEND_HEARTBEAT {datanodeUUID=25ce0803-6f34-4c69-82c0-892f08679042, command=[]} | ret=SUCCESS |  
2019-08-24 07:09:16,252 | INFO  | SCMAudit | user=jenkins1000 | ip=192.168.69.125 | op=SEND_HEARTBEAT {datanodeUUID=9193e3b7-ae04-484d-a740-c65c11559486, command=[]} | ret=SUCCESS |  
2019-08-24 07:09:16,253 | INFO  | SCMAudit | user=jenkins1000 | ip=192.168.69.125 | op=SEND_HEARTBEAT {datanodeUUID=0b725bbf-683b-4664-9a2e-3c9dd6e38bc1, command=[]} | ret=SUCCESS |  
2019-08-24 07:09:16,253 | INFO  | SCMAudit | user=jenkins1000 | ip=192.168.69.125 | op=SEND_HEARTBEAT {datanodeUUID=b8548da6-9cc6-46be-8dd4-5219531f5960, command=[]} | ret=SUCCESS |  
2019-08-24 07:09:16,254 | INFO  | SCMAudit | user=jenkins1000 | ip=192.168.69.125 | op=SEND_HEARTBEAT {datanodeUUID=06a4573b-67a1-41e3-a350-f896363bc636, command=[]} | ret=SUCCESS |  
 0.00% |█                                                                                                    |  0/1 Time: 0:01:052019-08-24 07:09:16,688 | INFO  | DNAudit | user=null | ip=null | op=WRITE_CHUNK {blockData=conID: 2 locID: 102670698869097144 bcsId: 5324} | ret=SUCCESS |  
2019-08-24 07:09:16,688 | INFO  | DNAudit | user=null | ip=null | op=WRITE_CHUNK {blockData=conID: 2 locID: 102670698869097144 bcsId: 5324} | ret=SUCCESS |  
2019-08-24 07:09:16,689 | INFO  | DNAudit | user=null | ip=null | op=PUT_BLOCK {blockData=[blockId=conID: 2 locID: 102670698869097144 bcsId: 0,size=4194304]} | ret=SUCCESS |  
2019-08-24 07:09:16,689 | INFO  | DNAudit | user=null | ip=null | op=PUT_BLOCK {blockData=[blockId=conID: 2 locID: 102670698869097144 bcsId: 0,size=4194304]} | ret=SUCCESS |  
2019-08-24 07:09:17,251 | INFO  | SCMAudit | user=jenkins1000 | ip=192.168.69.125 | op=SEND_HEARTBEAT {datanodeUUID=25ce0803-6f34-4c69-82c0-892f08679042, command=[]} | ret=SUCCESS |  
2019-08-24 07:09:17,252 | INFO  | SCMAudit | user=jenkins1000 | ip=192.168.69.125 | op=SEND_HEARTBEAT {datanodeUUID=b8548da6-9cc6-46be-8dd4-5219531f5960, command=[]} | ret=SUCCESS |  
2019-08-24 07:09:17,252 | INFO  | SCMAudit | user=jenkins1000 | ip=192.168.69.125 | op=SEND_HEARTBEAT {datanodeUUID=9193e3b7-ae04-484d-a740-c65c11559486, command=[]} | ret=SUCCESS |  
2019-08-24 07:09:17,253 | INFO  | SCMAudit | user=jenkins1000 | ip=192.168.69.125 | op=SEND_HEARTBEAT {datanodeUUID=0b725bbf-683b-4664-9a2e-3c9dd6e38bc1, command=[]} | ret=SUCCESS |  
2019-08-24 07:09:17,254 | INFO  | SCMAudit | user=jenkins1000 | ip=192.168.69.125 | op=SEND_HEARTBEAT {datanodeUUID=06a4573b-67a1-41e3-a350-f896363bc636, command=[]} | ret=SUCCESS |  
 0.00% |█                                                                                                    |  0/1 Time: 0:01:062019-08-24 07:09:18,251 | INFO  | SCMAudit | user=jenkins1000 | ip=192.168.69.125 | op=SEND_HEARTBEAT {datanodeUUID=25ce0803-6f34-4c69-82c0-892f08679042, command=[]} | ret=SUCCESS |  
2019-08-24 07:09:18,252 | INFO  | SCMAudit | user=jenkins1000 | ip=192.168.69.125 | op=SEND_HEARTBEAT {datanodeUUID=9193e3b7-ae04-484d-a740-c65c11559486, command=[]} | ret=SUCCESS |  
2019-08-24 07:09:18,252 | INFO  | SCMAudit | user=jenkins1000 | ip=192.168.69.125 | op=SEND_HEARTBEAT {datanodeUUID=b8548da6-9cc6-46be-8dd4-5219531f5960, command=[]} | ret=SUCCESS |  
2019-08-24 07:09:18,253 | INFO  | SCMAudit | user=jenkins1000 | ip=192.168.69.125 | op=SEND_HEARTBEAT {datanodeUUID=0b725bbf-683b-4664-9a2e-3c9dd6e38bc1, command=[]} | ret=SUCCESS |  
2019-08-24 07:09:18,254 | INFO  | SCMAudit | user=jenkins1000 | ip=192.168.69.125 | op=SEND_HEARTBEAT {datanodeUUID=06a4573b-67a1-41e3-a350-f896363bc636, command=[]} | ret=SUCCESS |  
 0.00% |█                                                                                                    |  0/1 Time: 0:01:072019-08-24 07:09:19,250 | INFO  | SCMAudit | user=jenkins1000 | ip=192.168.69.125 | op=SEND_HEARTBEAT {datanodeUUID=25ce0803-6f34-4c69-82c0-892f08679042, command=[]} | ret=SUCCESS |  
2019-08-24 07:09:19,252 | INFO  | SCMAudit | user=jenkins1000 | ip=192.168.69.125 | op=SEND_HEARTBEAT {datanodeUUID=9193e3b7-ae04-484d-a740-c65c11559486, command=[]} | ret=SUCCESS |  
2019-08-24 07:09:19,252 | INFO  | SCMAudit | user=jenkins1000 | ip=192.168.69.125 | op=SEND_HEARTBEAT {datanodeUUID=b8548da6-9cc6-46be-8dd4-5219531f5960, command=[]} | ret=SUCCESS |  
2019-08-24 07:09:19,253 | INFO  | SCMAudit | user=jenkins1000 | ip=192.168.69.125 | op=SEND_HEARTBEAT {datanodeUUID=0b725bbf-683b-4664-9a2e-3c9dd6e38bc1, command=[]} | ret=SUCCESS |  
2019-08-24 07:09:19,254 | INFO  | SCMAudit | user=jenkins1000 | ip=192.168.69.125 | op=SEND_HEARTBEAT {datanodeUUID=06a4573b-67a1-41e3-a350-f896363bc636, command=[]} | ret=SUCCESS |  
 0.00% |█                                                                                                    |  0/1 Time: 0:01:082019-08-24 07:09:20,251 | INFO  | SCMAudit | user=jenkins1000 | ip=192.168.69.125 | op=SEND_HEARTBEAT {datanodeUUID=25ce0803-6f34-4c69-82c0-892f08679042, command=[]} | ret=SUCCESS |  
2019-08-24 07:09:20,252 | INFO  | SCMAudit | user=jenkins1000 | ip=192.168.69.125 | op=SEND_HEARTBEAT {datanodeUUID=9193e3b7-ae04-484d-a740-c65c11559486, command=[]} | ret=SUCCESS |  
2019-08-24 07:09:20,253 | INFO  | SCMAudit | user=jenkins1000 | ip=192.168.69.125 | op=SEND_HEARTBEAT {datanodeUUID=b8548da6-9cc6-46be-8dd4-5219531f5960, command=[]} | ret=SUCCESS |  
2019-08-24 07:09:20,253 | INFO  | SCMAudit | user=jenkins1000 | ip=192.168.69.125 | op=SEND_HEARTBEAT {datanodeUUID=0b725bbf-683b-4664-9a2e-3c9dd6e38bc1, command=[]} | ret=SUCCESS |  
2019-08-24 07:09:20,254 | INFO  | SCMAudit | user=jenkins1000 | ip=192.168.69.125 | op=SEND_HEARTBEAT {datanodeUUID=06a4573b-67a1-41e3-a350-f896363bc636, command=[]} | ret=SUCCESS |  
 0.00% |█                                                                                                    |  0/1 Time: 0:01:092019-08-24 07:09:20,994 [grpc-default-executor-0] INFO  client.GrpcClientProtocolClient (GrpcClientProtocolClient.java:onNext(255)) - client-6EDD19400D46->0b725bbf-683b-4664-9a2e-3c9dd6e38bc1: receive RaftClientReply:client-6EDD19400D46->0b725bbf-683b-4664-9a2e-3c9dd6e38bc1@group-757E3781CD2A, cid=3536, FAILED org.apache.ratis.protocol.NotLeaderException: Server 0b725bbf-683b-4664-9a2e-3c9dd6e38bc1 is not the leader (06a4573b-67a1-41e3-a350-f896363bc636:192.168.69.125:37456). Request must be sent to leader., logIndex=0, commits[0b725bbf-683b-4664-9a2e-3c9dd6e38bc1:c5328, 06a4573b-67a1-41e3-a350-f896363bc636:c5328, 9193e3b7-ae04-484d-a740-c65c11559486:c5327]
2019-08-24 07:09:21,020 [grpc-default-executor-1] INFO  client.GrpcClientProtocolClient (GrpcClientProtocolClient.java:onNext(255)) - client-6EDD19400D46->06a4573b-67a1-41e3-a350-f896363bc636: receive RaftClientReply:client-6EDD19400D46->06a4573b-67a1-41e3-a350-f896363bc636@group-757E3781CD2A, cid=3536, SUCCESS, logIndex=5326, commits[06a4573b-67a1-41e3-a350-f896363bc636:c5327, 0b725bbf-683b-4664-9a2e-3c9dd6e38bc1:c5324, 9193e3b7-ae04-484d-a740-c65c11559486:c5324]
2019-08-24 07:09:21,028 [grpc-default-executor-0] INFO  client.GrpcClientProtocolClient (GrpcClientProtocolClient.java:onNext(255)) - client-6EDD19400D46->06a4573b-67a1-41e3-a350-f896363bc636: receive RaftClientReply:client-6EDD19400D46->06a4573b-67a1-41e3-a350-f896363bc636@group-757E3781CD2A, cid=3537, SUCCESS, logIndex=5327, commits[06a4573b-67a1-41e3-a350-f896363bc636:c5327, 0b725bbf-683b-4664-9a2e-3c9dd6e38bc1:c5324, 9193e3b7-ae04-484d-a740-c65c11559486:c5324]
2019-08-24 07:09:21,035 [grpc-default-executor-0] INFO  client.GrpcClientProtocolClient (GrpcClientProtocolClient.java:onNext(255)) - client-6EDD19400D46->06a4573b-67a1-41e3-a350-f896363bc636: receive RaftClientReply:client-6EDD19400D46->06a4573b-67a1-41e3-a350-f896363bc636@group-757E3781CD2A, cid=3538, SUCCESS, logIndex=0, commits[06a4573b-67a1-41e3-a350-f896363bc636:c5328, 0b725bbf-683b-4664-9a2e-3c9dd6e38bc1:c5328, 9193e3b7-ae04-484d-a740-c65c11559486:c5328]
2019-08-24 07:09:21,072 [IPC Server handler 6 on 40164] WARN  block.BlockManagerImpl (BlockManagerImpl.java:allocateBlock(192)) - Pipeline creation failed for type:RATIS factor:THREE. Retrying get pipelines call once.
org.apache.hadoop.hdds.scm.pipeline.InsufficientDatanodesException: Cannot create pipeline of factor 3 using 2 nodes.
	at org.apache.hadoop.hdds.scm.pipeline.RatisPipelineProvider.create(RatisPipelineProvider.java:151)
	at org.apache.hadoop.hdds.scm.pipeline.PipelineFactory.create(PipelineFactory.java:57)
	at org.apache.hadoop.hdds.scm.pipeline.SCMPipelineManager.createPipeline(SCMPipelineManager.java:149)
	at org.apache.hadoop.hdds.scm.block.BlockManagerImpl.allocateBlock(BlockManagerImpl.java:190)
	at org.apache.hadoop.hdds.scm.server.SCMBlockProtocolServer.allocateBlock(SCMBlockProtocolServer.java:175)
	at org.apache.hadoop.ozone.protocolPB.ScmBlockLocationProtocolServerSideTranslatorPB.allocateScmBlock(ScmBlockLocationProtocolServerSideTranslatorPB.java:153)
	at org.apache.hadoop.ozone.protocolPB.ScmBlockLocationProtocolServerSideTranslatorPB.send(ScmBlockLocationProtocolServerSideTranslatorPB.java:112)
	at org.apache.hadoop.hdds.protocol.proto.ScmBlockLocationProtocolProtos$ScmBlockLocationProtocolService$2.callBlockingMethod(ScmBlockLocationProtocolProtos.java:13157)
	at org.apache.hadoop.ipc.ProtobufRpcEngine$Server$ProtoBufRpcInvoker.call(ProtobufRpcEngine.java:524)
	at org.apache.hadoop.ipc.RPC$Server.call(RPC.java:1025)
	at org.apache.hadoop.ipc.Server$RpcCall.run(Server.java:876)
	at org.apache.hadoop.ipc.Server$RpcCall.run(Server.java:822)
	at java.security.AccessController.doPrivileged(Native Method)
	at javax.security.auth.Subject.doAs(Subject.java:422)
	at org.apache.hadoop.security.UserGroupInformation.doAs(UserGroupInformation.java:1730)
	at org.apache.hadoop.ipc.Server$Handler.run(Server.java:2682)
2019-08-24 07:09:21,073 [IPC Server handler 6 on 40164] INFO  block.BlockManagerImpl (BlockManagerImpl.java:allocateBlock(198)) - Could not find available pipeline of type:RATIS and factor:THREE even after retrying
2019-08-24 07:09:21,073 [IPC Server handler 6 on 40164] ERROR block.BlockManagerImpl (BlockManagerImpl.java:allocateBlock(222)) - Unable to allocate a block for the size: 4194304, type: RATIS, factor: THREE
2019-08-24 07:09:21,074 | INFO  | SCMAudit | user=jenkins1000 | ip=192.168.69.125 | op=ALLOCATE_BLOCK {owner=61bacca8-15b6-4a50-8962-5e9786b18b0d, size=4194304, type=RATIS, factor=THREE} | ret=SUCCESS |  
2019-08-24 07:09:21,077 | ERROR | OMAudit | user=jenkins1000 | ip=127.0.0.1 | op=ALLOCATE_BLOCK {volume=vol-0-26988, bucket=bucket-0-20739, key=key-0-27353, dataSize=0, replicationType=null, replicationFactor=null, keyLocationInfo=null, clientID=102670695851229586} | ret=FAILURE | org.apache.hadoop.hdds.scm.exceptions.SCMException: Allocated 0 blocks. Requested 1 blocks
	at org.apache.hadoop.hdds.scm.protocolPB.ScmBlockLocationProtocolClientSideTranslatorPB.handleError(ScmBlockLocationProtocolClientSideTranslatorPB.java:118)
	at org.apache.hadoop.hdds.scm.protocolPB.ScmBlockLocationProtocolClientSideTranslatorPB.allocateBlock(ScmBlockLocationProtocolClientSideTranslatorPB.java:156) 
2019-08-24 07:09:21,082 [pool-282-thread-1] ERROR io.BlockOutputStreamEntryPool (BlockOutputStreamEntryPool.java:allocateBlockIfNeeded(299)) - Try to allocate more blocks for write failed, already allocated 0 blocks for this write.
INTERNAL_ERROR org.apache.hadoop.ozone.om.exceptions.OMException: Allocated 0 blocks. Requested 1 blocks
	at org.apache.hadoop.ozone.om.protocolPB.OzoneManagerProtocolClientSideTranslatorPB.handleError(OzoneManagerProtocolClientSideTranslatorPB.java:725)
	at org.apache.hadoop.ozone.om.protocolPB.OzoneManagerProtocolClientSideTranslatorPB.allocateBlock(OzoneManagerProtocolClientSideTranslatorPB.java:757)
	at org.apache.hadoop.ozone.client.io.BlockOutputStreamEntryPool.allocateNewBlock(BlockOutputStreamEntryPool.java:248)
	at org.apache.hadoop.ozone.client.io.BlockOutputStreamEntryPool.allocateBlockIfNeeded(BlockOutputStreamEntryPool.java:296)
	at org.apache.hadoop.ozone.client.io.KeyOutputStream.handleWrite(KeyOutputStream.java:201)
	at org.apache.hadoop.ozone.client.io.KeyOutputStream.write(KeyOutputStream.java:193)
	at org.apache.hadoop.ozone.client.io.OzoneOutputStream.write(OzoneOutputStream.java:49)
	at org.apache.hadoop.ozone.freon.RandomKeyGenerator.createKey(RandomKeyGenerator.java:699)
	at org.apache.hadoop.ozone.freon.RandomKeyGenerator.access$1100(RandomKeyGenerator.java:87)
	at org.apache.hadoop.ozone.freon.RandomKeyGenerator$ObjectCreator.run(RandomKeyGenerator.java:606)
	at java.util.concurrent.Executors$RunnableAdapter.call(Executors.java:511)
	at java.util.concurrent.FutureTask.run(FutureTask.java:266)
	at java.util.concurrent.ThreadPoolExecutor.runWorker(ThreadPoolExecutor.java:1149)
	at java.util.concurrent.ThreadPoolExecutor$Worker.run(ThreadPoolExecutor.java:624)
	at java.lang.Thread.run(Thread.java:748)
2019-08-24 07:09:21,083 [pool-282-thread-1] ERROR freon.RandomKeyGenerator (RandomKeyGenerator.java:createKey(724)) - Exception while adding key: key-0-27353 in bucket: bucket-0-20739 of volume: vol-0-26988.
INTERNAL_ERROR org.apache.hadoop.ozone.om.exceptions.OMException: Allocated 0 blocks. Requested 1 blocks
	at org.apache.hadoop.ozone.om.protocolPB.OzoneManagerProtocolClientSideTranslatorPB.handleError(OzoneManagerProtocolClientSideTranslatorPB.java:725)
	at org.apache.hadoop.ozone.om.protocolPB.OzoneManagerProtocolClientSideTranslatorPB.allocateBlock(OzoneManagerProtocolClientSideTranslatorPB.java:757)
	at org.apache.hadoop.ozone.client.io.BlockOutputStreamEntryPool.allocateNewBlock(BlockOutputStreamEntryPool.java:248)
	at org.apache.hadoop.ozone.client.io.BlockOutputStreamEntryPool.allocateBlockIfNeeded(BlockOutputStreamEntryPool.java:296)
	at org.apache.hadoop.ozone.client.io.KeyOutputStream.handleWrite(KeyOutputStream.java:201)
	at org.apache.hadoop.ozone.client.io.KeyOutputStream.write(KeyOutputStream.java:193)
	at org.apache.hadoop.ozone.client.io.OzoneOutputStream.write(OzoneOutputStream.java:49)
	at org.apache.hadoop.ozone.freon.RandomKeyGenerator.createKey(RandomKeyGenerator.java:699)
	at org.apache.hadoop.ozone.freon.RandomKeyGenerator.access$1100(RandomKeyGenerator.java:87)
	at org.apache.hadoop.ozone.freon.RandomKeyGenerator$ObjectCreator.run(RandomKeyGenerator.java:606)
	at java.util.concurrent.Executors$RunnableAdapter.call(Executors.java:511)
	at java.util.concurrent.FutureTask.run(FutureTask.java:266)
	at java.util.concurrent.ThreadPoolExecutor.runWorker(ThreadPoolExecutor.java:1149)
	at java.util.concurrent.ThreadPoolExecutor$Worker.run(ThreadPoolExecutor.java:624)
	at java.lang.Thread.run(Thread.java:748)
2019-08-24 07:09:21,251 | INFO  | SCMAudit | user=jenkins1000 | ip=192.168.69.125 | op=SEND_HEARTBEAT {datanodeUUID=25ce0803-6f34-4c69-82c0-892f08679042, command=[]} | ret=SUCCESS |  
2019-08-24 07:09:21,252 | INFO  | SCMAudit | user=jenkins1000 | ip=192.168.69.125 | op=SEND_HEARTBEAT {datanodeUUID=b8548da6-9cc6-46be-8dd4-5219531f5960, command=[]} | ret=SUCCESS |  
2019-08-24 07:09:21,253 | INFO  | SCMAudit | user=jenkins1000 | ip=192.168.69.125 | op=SEND_HEARTBEAT {datanodeUUID=9193e3b7-ae04-484d-a740-c65c11559486, command=[]} | ret=SUCCESS |  
2019-08-24 07:09:21,253 | INFO  | SCMAudit | user=jenkins1000 | ip=192.168.69.125 | op=SEND_HEARTBEAT {datanodeUUID=0b725bbf-683b-4664-9a2e-3c9dd6e38bc1, command=[]} | ret=SUCCESS |  
2019-08-24 07:09:21,255 | INFO  | SCMAudit | user=jenkins1000 | ip=192.168.69.125 | op=SEND_HEARTBEAT {datanodeUUID=06a4573b-67a1-41e3-a350-f896363bc636, command=[]} | ret=SUCCESS |  
 100.00% |█████████████████████████████████████████████████████████████████████████████████████████████████████|  1/1 Time: 0:01:10
2019-08-24 07:09:22,251 | INFO  | SCMAudit | user=jenkins1000 | ip=192.168.69.125 | op=SEND_HEARTBEAT {datanodeUUID=25ce0803-6f34-4c69-82c0-892f08679042, command=[]} | ret=SUCCESS |  
2019-08-24 07:09:22,252 | INFO  | SCMAudit | user=jenkins1000 | ip=192.168.69.125 | op=SEND_HEARTBEAT {datanodeUUID=b8548da6-9cc6-46be-8dd4-5219531f5960, command=[]} | ret=SUCCESS |  
2019-08-24 07:09:22,253 | INFO  | SCMAudit | user=jenkins1000 | ip=192.168.69.125 | op=SEND_HEARTBEAT {datanodeUUID=9193e3b7-ae04-484d-a740-c65c11559486, command=[]} | ret=SUCCESS |  
2019-08-24 07:09:22,254 | INFO  | SCMAudit | user=jenkins1000 | ip=192.168.69.125 | op=SEND_HEARTBEAT {datanodeUUID=0b725bbf-683b-4664-9a2e-3c9dd6e38bc1, command=[]} | ret=SUCCESS |  
2019-08-24 07:09:22,254 | INFO  | SCMAudit | user=jenkins1000 | ip=192.168.69.125 | op=SEND_HEARTBEAT {datanodeUUID=06a4573b-67a1-41e3-a350-f896363bc636, command=[]} | ret=SUCCESS |  
2019-08-24 07:09:23,250 | INFO  | SCMAudit | user=jenkins1000 | ip=192.168.69.125 | op=SEND_HEARTBEAT {datanodeUUID=25ce0803-6f34-4c69-82c0-892f08679042, command=[]} | ret=SUCCESS |  
2019-08-24 07:09:23,252 | INFO  | SCMAudit | user=jenkins1000 | ip=192.168.69.125 | op=SEND_HEARTBEAT {datanodeUUID=b8548da6-9cc6-46be-8dd4-5219531f5960, command=[]} | ret=SUCCESS |  
2019-08-24 07:09:23,253 | INFO  | SCMAudit | user=jenkins1000 | ip=192.168.69.125 | op=SEND_HEARTBEAT {datanodeUUID=9193e3b7-ae04-484d-a740-c65c11559486, command=[]} | ret=SUCCESS |  
2019-08-24 07:09:23,254 | INFO  | SCMAudit | user=jenkins1000 | ip=192.168.69.125 | op=SEND_HEARTBEAT {datanodeUUID=06a4573b-67a1-41e3-a350-f896363bc636, command=[]} | ret=SUCCESS |  
2019-08-24 07:09:23,254 | INFO  | SCMAudit | user=jenkins1000 | ip=192.168.69.125 | op=SEND_HEARTBEAT {datanodeUUID=0b725bbf-683b-4664-9a2e-3c9dd6e38bc1, command=[]} | ret=SUCCESS |  
2019-08-24 07:09:24,251 | INFO  | SCMAudit | user=jenkins1000 | ip=192.168.69.125 | op=SEND_HEARTBEAT {datanodeUUID=25ce0803-6f34-4c69-82c0-892f08679042, command=[]} | ret=SUCCESS |  
2019-08-24 07:09:24,252 | INFO  | SCMAudit | user=jenkins1000 | ip=192.168.69.125 | op=SEND_HEARTBEAT {datanodeUUID=b8548da6-9cc6-46be-8dd4-5219531f5960, command=[]} | ret=SUCCESS |  
2019-08-24 07:09:24,253 | INFO  | SCMAudit | user=jenkins1000 | ip=192.168.69.125 | op=SEND_HEARTBEAT {datanodeUUID=9193e3b7-ae04-484d-a740-c65c11559486, command=[]} | ret=SUCCESS |  
2019-08-24 07:09:24,254 | INFO  | SCMAudit | user=jenkins1000 | ip=192.168.69.125 | op=SEND_HEARTBEAT {datanodeUUID=06a4573b-67a1-41e3-a350-f896363bc636, command=[]} | ret=SUCCESS |  
2019-08-24 07:09:24,254 | INFO  | SCMAudit | user=jenkins1000 | ip=192.168.69.125 | op=SEND_HEARTBEAT {datanodeUUID=0b725bbf-683b-4664-9a2e-3c9dd6e38bc1, command=[]} | ret=SUCCESS |  
2019-08-24 07:09:25,250 | INFO  | SCMAudit | user=jenkins1000 | ip=192.168.69.125 | op=SEND_HEARTBEAT {datanodeUUID=25ce0803-6f34-4c69-82c0-892f08679042, command=[]} | ret=SUCCESS |  
2019-08-24 07:09:25,252 | INFO  | SCMAudit | user=jenkins1000 | ip=192.168.69.125 | op=SEND_HEARTBEAT {datanodeUUID=b8548da6-9cc6-46be-8dd4-5219531f5960, command=[]} | ret=SUCCESS |  
2019-08-24 07:09:25,254 | INFO  | SCMAudit | user=jenkins1000 | ip=192.168.69.125 | op=SEND_HEARTBEAT {datanodeUUID=9193e3b7-ae04-484d-a740-c65c11559486, command=[]} | ret=SUCCESS |  
2019-08-24 07:09:25,254 | INFO  | SCMAudit | user=jenkins1000 | ip=192.168.69.125 | op=SEND_HEARTBEAT {datanodeUUID=06a4573b-67a1-41e3-a350-f896363bc636, command=[]} | ret=SUCCESS |  
2019-08-24 07:09:25,254 | INFO  | SCMAudit | user=jenkins1000 | ip=192.168.69.125 | op=SEND_HEARTBEAT {datanodeUUID=0b725bbf-683b-4664-9a2e-3c9dd6e38bc1, command=[]} | ret=SUCCESS |  
2019-08-24 07:09:26,260 | INFO  | SCMAudit | user=jenkins1000 | ip=192.168.69.125 | op=SEND_HEARTBEAT {datanodeUUID=9193e3b7-ae04-484d-a740-c65c11559486, command=[]} | ret=SUCCESS |  
2019-08-24 07:09:26,260 | INFO  | SCMAudit | user=jenkins1000 | ip=192.168.69.125 | op=SEND_HEARTBEAT {datanodeUUID=0b725bbf-683b-4664-9a2e-3c9dd6e38bc1, command=[]} | ret=SUCCESS |  
2019-08-24 07:09:26,260 | INFO  | SCMAudit | user=jenkins1000 | ip=192.168.69.125 | op=SEND_HEARTBEAT {datanodeUUID=06a4573b-67a1-41e3-a350-f896363bc636, command=[]} | ret=SUCCESS |  
2019-08-24 07:09:26,260 | INFO  | SCMAudit | user=jenkins1000 | ip=192.168.69.125 | op=SEND_HEARTBEAT {datanodeUUID=25ce0803-6f34-4c69-82c0-892f08679042, command=[]} | ret=SUCCESS |  
2019-08-24 07:09:26,260 | INFO  | SCMAudit | user=jenkins1000 | ip=192.168.69.125 | op=SEND_HEARTBEAT {datanodeUUID=b8548da6-9cc6-46be-8dd4-5219531f5960, command=[]} | ret=SUCCESS |  
]]></system-out>
  </testcase>
  <testcase name="fileWithSizeZero" classname="org.apache.hadoop.ozone.freon.TestRandomKeyGenerator" time="8.238"/>
  <testcase name="multiThread" classname="org.apache.hadoop.ozone.freon.TestRandomKeyGenerator" time="5.035"/>
</testsuite>