<?xml version="1.0" encoding="UTF-8"?>
<testsuite xmlns:xsi="http://www.w3.org/2001/XMLSchema-instance" xsi:noNamespaceSchemaLocation="https://maven.apache.org/surefire/maven-surefire-plugin/xsd/surefire-test-report.xsd" name="org.apache.hadoop.ozone.client.rpc.TestBlockOutputStreamWithFailures" time="762.788" tests="8" errors="0" skipped="0" failures="1">
  <properties>
    <property name="awt.toolkit" value="sun.awt.X11.XToolkit"/>
    <property name="file.encoding.pkg" value="sun.io"/>
    <property name="java.specification.version" value="1.8"/>
    <property name="sun.cpu.isalist" value=""/>
    <property name="sun.jnu.encoding" value="UTF-8"/>
    <property name="java.class.path" value="/workdir/hadoop-ozone/integration-test/target/test-classes:/workdir/hadoop-ozone/integration-test/target/classes:/home/user/.m2/repository/org/apache/hadoop/hadoop-ozone-common/0.5.0-SNAPSHOT/hadoop-ozone-common-0.5.0-SNAPSHOT.jar:/home/user/.m2/repository/org/apache/commons/commons-compress/1.4.1/commons-compress-1.4.1.jar:/home/user/.m2/repository/org/tukaani/xz/1.0/xz-1.0.jar:/home/user/.m2/repository/org/apache/hadoop/hadoop-common/3.2.0/hadoop-common-3.2.0.jar:/home/user/.m2/repository/org/apache/hadoop/hadoop-hdfs/3.2.0/hadoop-hdfs-3.2.0.jar:/home/user/.m2/repository/org/apache/hadoop/hadoop-hdfs-client/3.2.0/hadoop-hdfs-client-3.2.0.jar:/home/user/.m2/repository/com/fasterxml/jackson/core/jackson-annotations/2.9.5/jackson-annotations-2.9.5.jar:/home/user/.m2/repository/org/apache/hadoop/hadoop-hdds-common/0.5.0-SNAPSHOT/hadoop-hdds-common-0.5.0-SNAPSHOT.jar:/home/user/.m2/repository/javax/annotation/javax.annotation-api/1.2/javax.annotation-api-1.2.jar:/home/user/.m2/repository/org/apache/ratis/ratis-server/0.4.0-2337318-SNAPSHOT/ratis-server-0.4.0-2337318-SNAPSHOT.jar:/home/user/.m2/repository/org/apache/ratis/ratis-thirdparty-misc/0.2.0/ratis-thirdparty-misc-0.2.0.jar:/home/user/.m2/repository/org/apache/ratis/ratis-proto/0.4.0-2337318-SNAPSHOT/ratis-proto-0.4.0-2337318-SNAPSHOT.jar:/home/user/.m2/repository/org/apache/ratis/ratis-common/0.4.0-2337318-SNAPSHOT/ratis-common-0.4.0-2337318-SNAPSHOT.jar:/home/user/.m2/repository/org/apache/ratis/ratis-client/0.4.0-2337318-SNAPSHOT/ratis-client-0.4.0-2337318-SNAPSHOT.jar:/home/user/.m2/repository/org/apache/ratis/ratis-metrics/0.4.0-2337318-SNAPSHOT/ratis-metrics-0.4.0-2337318-SNAPSHOT.jar:/home/user/.m2/repository/org/apache/ratis/ratis-netty/0.4.0-2337318-SNAPSHOT/ratis-netty-0.4.0-2337318-SNAPSHOT.jar:/home/user/.m2/repository/org/apache/ratis/ratis-grpc/0.4.0-2337318-SNAPSHOT/ratis-grpc-0.4.0-2337318-SNAPSHOT.jar:/home/user/.m2/repository/org/rocksdb/rocksdbjni/6.0.1/rocksdbjni-6.0.1.jar:/home/user/.m2/repository/org/apache/logging/log4j/log4j-api/2.11.0/log4j-api-2.11.0.jar:/home/user/.m2/repository/org/apache/logging/log4j/log4j-core/2.11.0/log4j-core-2.11.0.jar:/home/user/.m2/repository/com/lmax/disruptor/3.4.2/disruptor-3.4.2.jar:/home/user/.m2/repository/org/apache/commons/commons-pool2/2.6.0/commons-pool2-2.6.0.jar:/home/user/.m2/repository/org/bouncycastle/bcpkix-jdk15on/1.60/bcpkix-jdk15on-1.60.jar:/home/user/.m2/repository/commons-validator/commons-validator/1.6/commons-validator-1.6.jar:/home/user/.m2/repository/commons-digester/commons-digester/1.8.1/commons-digester-1.8.1.jar:/home/user/.m2/repository/io/jaegertracing/jaeger-client/0.33.1/jaeger-client-0.33.1.jar:/home/user/.m2/repository/io/jaegertracing/jaeger-thrift/0.33.1/jaeger-thrift-0.33.1.jar:/home/user/.m2/repository/org/apache/thrift/libthrift/0.11.0/libthrift-0.11.0.jar:/home/user/.m2/repository/com/squareup/okhttp3/okhttp/3.9.0/okhttp-3.9.0.jar:/home/user/.m2/repository/com/squareup/okio/okio/1.13.0/okio-1.13.0.jar:/home/user/.m2/repository/io/jaegertracing/jaeger-core/0.33.1/jaeger-core-0.33.1.jar:/home/user/.m2/repository/io/jaegertracing/jaeger-tracerresolver/0.33.1/jaeger-tracerresolver-0.33.1.jar:/home/user/.m2/repository/io/opentracing/contrib/opentracing-tracerresolver/0.1.5/opentracing-tracerresolver-0.1.5.jar:/home/user/.m2/repository/io/opentracing/opentracing-util/0.31.0/opentracing-util-0.31.0.jar:/home/user/.m2/repository/io/opentracing/opentracing-api/0.31.0/opentracing-api-0.31.0.jar:/home/user/.m2/repository/io/opentracing/opentracing-noop/0.31.0/opentracing-noop-0.31.0.jar:/home/user/.m2/repository/org/apache/hadoop/hadoop-hdds-server-framework/0.5.0-SNAPSHOT/hadoop-hdds-server-framework-0.5.0-SNAPSHOT.jar:/home/user/.m2/repository/org/apache/hadoop/hadoop-hdds-container-service/0.5.0-SNAPSHOT/hadoop-hdds-container-service-0.5.0-SNAPSHOT.jar:/home/user/.m2/repository/org/apache/hadoop/hadoop-hdds-client/0.5.0-SNAPSHOT/hadoop-hdds-client-0.5.0-SNAPSHOT.jar:/home/user/.m2/repository/org/apache/hadoop/hadoop-hdds-tools/0.5.0-SNAPSHOT/hadoop-hdds-tools-0.5.0-SNAPSHOT.jar:/home/user/.m2/repository/org/apache/hadoop/hadoop-hdds-server-scm/0.5.0-SNAPSHOT/hadoop-hdds-server-scm-0.5.0-SNAPSHOT.jar:/home/user/.m2/repository/org/apache/hadoop/hadoop-hdds-docs/0.5.0-SNAPSHOT/hadoop-hdds-docs-0.5.0-SNAPSHOT.jar:/home/user/.m2/repository/io/dropwizard/metrics/metrics-core/3.2.4/metrics-core-3.2.4.jar:/home/user/.m2/repository/org/hamcrest/hamcrest-all/1.3/hamcrest-all-1.3.jar:/home/user/.m2/repository/org/bouncycastle/bcprov-jdk15on/1.60/bcprov-jdk15on-1.60.jar:/home/user/.m2/repository/info/picocli/picocli/3.9.6/picocli-3.9.6.jar:/home/user/.m2/repository/com/google/protobuf/protobuf-java/2.5.0/protobuf-java-2.5.0.jar:/home/user/.m2/repository/com/google/guava/guava/11.0.2/guava-11.0.2.jar:/home/user/.m2/repository/org/apache/hadoop/hadoop-ozone-ozone-manager/0.5.0-SNAPSHOT/hadoop-ozone-ozone-manager-0.5.0-SNAPSHOT.jar:/home/user/.m2/repository/org/apache/hadoop/hadoop-minikdc/3.2.0/hadoop-minikdc-3.2.0.jar:/home/user/.m2/repository/commons-io/commons-io/2.5/commons-io-2.5.jar:/home/user/.m2/repository/org/apache/kerby/kerb-simplekdc/1.0.1/kerb-simplekdc-1.0.1.jar:/home/user/.m2/repository/org/apache/kerby/kerb-client/1.0.1/kerb-client-1.0.1.jar:/home/user/.m2/repository/org/apache/kerby/kerby-config/1.0.1/kerby-config-1.0.1.jar:/home/user/.m2/repository/org/apache/kerby/kerb-core/1.0.1/kerb-core-1.0.1.jar:/home/user/.m2/repository/org/apache/kerby/kerby-pkix/1.0.1/kerby-pkix-1.0.1.jar:/home/user/.m2/repository/org/apache/kerby/kerby-asn1/1.0.1/kerby-asn1-1.0.1.jar:/home/user/.m2/repository/org/apache/kerby/kerby-util/1.0.1/kerby-util-1.0.1.jar:/home/user/.m2/repository/org/apache/kerby/kerb-common/1.0.1/kerb-common-1.0.1.jar:/home/user/.m2/repository/org/apache/kerby/kerb-crypto/1.0.1/kerb-crypto-1.0.1.jar:/home/user/.m2/repository/org/apache/kerby/kerb-util/1.0.1/kerb-util-1.0.1.jar:/home/user/.m2/repository/org/apache/kerby/token-provider/1.0.1/token-provider-1.0.1.jar:/home/user/.m2/repository/org/apache/kerby/kerb-admin/1.0.1/kerb-admin-1.0.1.jar:/home/user/.m2/repository/org/apache/kerby/kerb-server/1.0.1/kerb-server-1.0.1.jar:/home/user/.m2/repository/org/apache/kerby/kerb-identity/1.0.1/kerb-identity-1.0.1.jar:/home/user/.m2/repository/org/apache/kerby/kerby-xdr/1.0.1/kerby-xdr-1.0.1.jar:/home/user/.m2/repository/org/slf4j/slf4j-log4j12/1.7.25/slf4j-log4j12-1.7.25.jar:/home/user/.m2/repository/org/apache/hadoop/hadoop-ozone-objectstore-service/0.5.0-SNAPSHOT/hadoop-ozone-objectstore-service-0.5.0-SNAPSHOT.jar:/home/user/.m2/repository/org/apache/hadoop/hadoop-ozone-s3gateway/0.5.0-SNAPSHOT/hadoop-ozone-s3gateway-0.5.0-SNAPSHOT.jar:/home/user/.m2/repository/org/jboss/weld/servlet/weld-servlet/2.4.7.Final/weld-servlet-2.4.7.Final.jar:/home/user/.m2/repository/org/glassfish/jersey/containers/jersey-container-servlet-core/2.27/jersey-container-servlet-core-2.27.jar:/home/user/.m2/repository/org/glassfish/hk2/external/javax.inject/2.5.0-b42/javax.inject-2.5.0-b42.jar:/home/user/.m2/repository/org/glassfish/jersey/core/jersey-common/2.27/jersey-common-2.27.jar:/home/user/.m2/repository/org/glassfish/hk2/osgi-resource-locator/1.0.1/osgi-resource-locator-1.0.1.jar:/home/user/.m2/repository/javax/ws/rs/javax.ws.rs-api/2.1/javax.ws.rs-api-2.1.jar:/home/user/.m2/repository/org/glassfish/jersey/ext/cdi/jersey-cdi1x/2.27/jersey-cdi1x-2.27.jar:/home/user/.m2/repository/org/glassfish/jersey/inject/jersey-hk2/2.27/jersey-hk2-2.27.jar:/home/user/.m2/repository/org/glassfish/hk2/hk2-locator/2.5.0-b42/hk2-locator-2.5.0-b42.jar:/home/user/.m2/repository/org/javassist/javassist/3.22.0-CR2/javassist-3.22.0-CR2.jar:/home/user/.m2/repository/org/glassfish/hk2/hk2-api/2.5.0/hk2-api-2.5.0.jar:/home/user/.m2/repository/org/glassfish/hk2/external/jakarta.inject/2.5.0/jakarta.inject-2.5.0.jar:/home/user/.m2/repository/org/glassfish/hk2/hk2-utils/2.5.0/hk2-utils-2.5.0.jar:/home/user/.m2/repository/jakarta/annotation/jakarta.annotation-api/1.3.4/jakarta.annotation-api-1.3.4.jar:/home/user/.m2/repository/org/glassfish/hk2/external/aopalliance-repackaged/2.5.0/aopalliance-repackaged-2.5.0.jar:/home/user/.m2/repository/com/fasterxml/jackson/dataformat/jackson-dataformat-xml/2.9.0/jackson-dataformat-xml-2.9.0.jar:/home/user/.m2/repository/com/fasterxml/jackson/core/jackson-core/2.9.5/jackson-core-2.9.5.jar:/home/user/.m2/repository/com/fasterxml/jackson/module/jackson-module-jaxb-annotations/2.9.5/jackson-module-jaxb-annotations-2.9.5.jar:/home/user/.m2/repository/javax/enterprise/cdi-api/1.2/cdi-api-1.2.jar:/home/user/.m2/repository/javax/el/javax.el-api/3.0.0/javax.el-api-3.0.0.jar:/home/user/.m2/repository/javax/interceptor/javax.interceptor-api/1.2/javax.interceptor-api-1.2.jar:/home/user/.m2/repository/javax/inject/javax.inject/1/javax.inject-1.jar:/home/user/.m2/repository/com/sun/xml/bind/jaxb-impl/2.3.0.1/jaxb-impl-2.3.0.1.jar:/home/user/.m2/repository/com/sun/xml/bind/jaxb-core/2.3.0.1/jaxb-core-2.3.0.1.jar:/home/user/.m2/repository/javax/xml/bind/jaxb-api/2.3.0/jaxb-api-2.3.0.jar:/home/user/.m2/repository/javax/activation/activation/1.1.1/activation-1.1.1.jar:/home/user/.m2/repository/org/apache/hadoop/hadoop-ozone-csi/0.5.0-SNAPSHOT/hadoop-ozone-csi-0.5.0-SNAPSHOT.jar:/home/user/.m2/repository/com/google/protobuf/protobuf-java-util/3.5.1/protobuf-java-util-3.5.1.jar:/home/user/.m2/repository/org/apache/hadoop/hadoop-hdds-config/0.5.0-SNAPSHOT/hadoop-hdds-config-0.5.0-SNAPSHOT.jar:/home/user/.m2/repository/io/grpc/grpc-netty/1.17.1/grpc-netty-1.17.1.jar:/home/user/.m2/repository/io/grpc/grpc-core/1.17.1/grpc-core-1.17.1.jar:/home/user/.m2/repository/io/grpc/grpc-context/1.17.1/grpc-context-1.17.1.jar:/home/user/.m2/repository/com/google/errorprone/error_prone_annotations/2.2.0/error_prone_annotations-2.2.0.jar:/home/user/.m2/repository/org/codehaus/mojo/animal-sniffer-annotations/1.17/animal-sniffer-annotations-1.17.jar:/home/user/.m2/repository/io/opencensus/opencensus-api/0.17.0/opencensus-api-0.17.0.jar:/home/user/.m2/repository/io/opencensus/opencensus-contrib-grpc-metrics/0.17.0/opencensus-contrib-grpc-metrics-0.17.0.jar:/home/user/.m2/repository/io/netty/netty-codec-http2/4.1.30.Final/netty-codec-http2-4.1.30.Final.jar:/home/user/.m2/repository/io/netty/netty-codec-http/4.1.30.Final/netty-codec-http-4.1.30.Final.jar:/home/user/.m2/repository/io/netty/netty-codec/4.1.30.Final/netty-codec-4.1.30.Final.jar:/home/user/.m2/repository/io/netty/netty-handler/4.1.30.Final/netty-handler-4.1.30.Final.jar:/home/user/.m2/repository/io/netty/netty-handler-proxy/4.1.30.Final/netty-handler-proxy-4.1.30.Final.jar:/home/user/.m2/repository/io/netty/netty-codec-socks/4.1.30.Final/netty-codec-socks-4.1.30.Final.jar:/home/user/.m2/repository/io/netty/netty-transport-native-epoll/4.1.30.Final/netty-transport-native-epoll-4.1.30.Final.jar:/home/user/.m2/repository/io/netty/netty-common/4.1.30.Final/netty-common-4.1.30.Final.jar:/home/user/.m2/repository/io/netty/netty-buffer/4.1.30.Final/netty-buffer-4.1.30.Final.jar:/home/user/.m2/repository/io/netty/netty-transport/4.1.30.Final/netty-transport-4.1.30.Final.jar:/home/user/.m2/repository/io/netty/netty-resolver/4.1.30.Final/netty-resolver-4.1.30.Final.jar:/home/user/.m2/repository/io/netty/netty-transport-native-unix-common/4.1.30.Final/netty-transport-native-unix-common-4.1.30.Final.jar:/home/user/.m2/repository/io/grpc/grpc-protobuf/1.17.1/grpc-protobuf-1.17.1.jar:/home/user/.m2/repository/com/google/api/grpc/proto-google-common-protos/1.0.0/proto-google-common-protos-1.0.0.jar:/home/user/.m2/repository/io/grpc/grpc-protobuf-lite/1.17.1/grpc-protobuf-lite-1.17.1.jar:/home/user/.m2/repository/io/grpc/grpc-stub/1.17.1/grpc-stub-1.17.1.jar:/home/user/.m2/repository/org/apache/hadoop/hadoop-ozone-recon/0.5.0-SNAPSHOT/hadoop-ozone-recon-0.5.0-SNAPSHOT.jar:/home/user/.m2/repository/org/apache/hadoop/hadoop-ozone-reconcodegen/0.5.0-SNAPSHOT/hadoop-ozone-reconcodegen-0.5.0-SNAPSHOT.jar:/home/user/.m2/repository/com/google/inject/extensions/guice-multibindings/4.0/guice-multibindings-4.0.jar:/home/user/.m2/repository/com/google/inject/guice/4.0/guice-4.0.jar:/home/user/.m2/repository/aopalliance/aopalliance/1.0/aopalliance-1.0.jar:/home/user/.m2/repository/com/google/inject/extensions/guice-servlet/4.0/guice-servlet-4.0.jar:/home/user/.m2/repository/org/glassfish/jersey/containers/jersey-container-servlet/2.27/jersey-container-servlet-2.27.jar:/home/user/.m2/repository/org/glassfish/hk2/guice-bridge/2.5.0/guice-bridge-2.5.0.jar:/home/user/.m2/repository/org/glassfish/jersey/core/jersey-server/2.27/jersey-server-2.27.jar:/home/user/.m2/repository/org/glassfish/jersey/core/jersey-client/2.27/jersey-client-2.27.jar:/home/user/.m2/repository/org/glassfish/jersey/media/jersey-media-jaxb/2.27/jersey-media-jaxb-2.27.jar:/home/user/.m2/repository/javax/validation/validation-api/1.1.0.Final/validation-api-1.1.0.Final.jar:/home/user/.m2/repository/org/glassfish/jersey/media/jersey-media-json-jackson/2.27/jersey-media-json-jackson-2.27.jar:/home/user/.m2/repository/org/glassfish/jersey/ext/jersey-entity-filtering/2.27/jersey-entity-filtering-2.27.jar:/home/user/.m2/repository/com/google/inject/extensions/guice-assistedinject/4.0/guice-assistedinject-4.0.jar:/home/user/.m2/repository/org/jooq/jooq/3.11.10/jooq-3.11.10.jar:/home/user/.m2/repository/org/jooq/jooq-meta/3.11.10/jooq-meta-3.11.10.jar:/home/user/.m2/repository/org/jooq/jooq-codegen/3.11.10/jooq-codegen-3.11.10.jar:/home/user/.m2/repository/com/jolbox/bonecp/0.8.0.RELEASE/bonecp-0.8.0.RELEASE.jar:/home/user/.m2/repository/org/xerial/sqlite-jdbc/3.25.2/sqlite-jdbc-3.25.2.jar:/home/user/.m2/repository/org/springframework/spring-jdbc/5.1.3.RELEASE/spring-jdbc-5.1.3.RELEASE.jar:/home/user/.m2/repository/org/springframework/spring-beans/5.1.3.RELEASE/spring-beans-5.1.3.RELEASE.jar:/home/user/.m2/repository/org/springframework/spring-core/5.1.3.RELEASE/spring-core-5.1.3.RELEASE.jar:/home/user/.m2/repository/org/springframework/spring-jcl/5.1.3.RELEASE/spring-jcl-5.1.3.RELEASE.jar:/home/user/.m2/repository/org/springframework/spring-tx/5.1.3.RELEASE/spring-tx-5.1.3.RELEASE.jar:/home/user/.m2/repository/org/apache/hadoop/hadoop-ozone-client/0.5.0-SNAPSHOT/hadoop-ozone-client-0.5.0-SNAPSHOT.jar:/home/user/.m2/repository/commons-lang/commons-lang/2.6/commons-lang-2.6.jar:/home/user/.m2/repository/org/apache/hadoop/hadoop-ozone-ozone-manager/0.5.0-SNAPSHOT/hadoop-ozone-ozone-manager-0.5.0-SNAPSHOT-tests.jar:/home/user/.m2/repository/junit/junit/4.11/junit-4.11.jar:/home/user/.m2/repository/org/hamcrest/hamcrest-core/1.3/hamcrest-core-1.3.jar:/home/user/.m2/repository/org/openjdk/jmh/jmh-core/1.19/jmh-core-1.19.jar:/home/user/.m2/repository/net/sf/jopt-simple/jopt-simple/4.6/jopt-simple-4.6.jar:/home/user/.m2/repository/org/apache/commons/commons-math3/3.1.1/commons-math3-3.1.1.jar:/home/user/.m2/repository/org/openjdk/jmh/jmh-generator-annprocess/1.19/jmh-generator-annprocess-1.19.jar:/home/user/.m2/repository/org/mockito/mockito-all/1.8.5/mockito-all-1.8.5.jar:/home/user/.m2/repository/org/apache/hadoop/hadoop-kms/3.2.0/hadoop-kms-3.2.0.jar:/home/user/.m2/repository/org/apache/hadoop/hadoop-auth/3.2.0/hadoop-auth-3.2.0.jar:/home/user/.m2/repository/com/nimbusds/nimbus-jose-jwt/4.41.1/nimbus-jose-jwt-4.41.1.jar:/home/user/.m2/repository/com/github/stephenc/jcip/jcip-annotations/1.0-1/jcip-annotations-1.0-1.jar:/home/user/.m2/repository/net/minidev/json-smart/2.3/json-smart-2.3.jar:/home/user/.m2/repository/net/minidev/accessors-smart/1.2/accessors-smart-1.2.jar:/home/user/.m2/repository/org/ow2/asm/asm/5.0.4/asm-5.0.4.jar:/home/user/.m2/repository/org/apache/curator/curator-framework/2.12.0/curator-framework-2.12.0.jar:/home/user/.m2/repository/com/sun/jersey/jersey-core/1.19/jersey-core-1.19.jar:/home/user/.m2/repository/javax/ws/rs/jsr311-api/1.1.1/jsr311-api-1.1.1.jar:/home/user/.m2/repository/com/sun/jersey/jersey-server/1.19/jersey-server-1.19.jar:/home/user/.m2/repository/javax/servlet/javax.servlet-api/3.1.0/javax.servlet-api-3.1.0.jar:/home/user/.m2/repository/org/eclipse/jetty/jetty-server/9.3.24.v20180605/jetty-server-9.3.24.v20180605.jar:/home/user/.m2/repository/org/eclipse/jetty/jetty-http/9.3.24.v20180605/jetty-http-9.3.24.v20180605.jar:/home/user/.m2/repository/org/eclipse/jetty/jetty-io/9.3.24.v20180605/jetty-io-9.3.24.v20180605.jar:/home/user/.m2/repository/org/eclipse/jetty/jetty-webapp/9.3.24.v20180605/jetty-webapp-9.3.24.v20180605.jar:/home/user/.m2/repository/org/eclipse/jetty/jetty-xml/9.3.24.v20180605/jetty-xml-9.3.24.v20180605.jar:/home/user/.m2/repository/log4j/log4j/1.2.17/log4j-1.2.17.jar:/home/user/.m2/repository/org/slf4j/slf4j-api/1.7.25/slf4j-api-1.7.25.jar:/home/user/.m2/repository/org/slf4j/jul-to-slf4j/1.7.25/jul-to-slf4j-1.7.25.jar:/home/user/.m2/repository/org/eclipse/jetty/jetty-util/9.3.24.v20180605/jetty-util-9.3.24.v20180605.jar:/home/user/.m2/repository/com/fasterxml/jackson/core/jackson-databind/2.9.5/jackson-databind-2.9.5.jar:/home/user/.m2/repository/org/apache/hadoop/hadoop-kms/3.2.0/hadoop-kms-3.2.0-tests.jar:/home/user/.m2/repository/org/apache/hadoop/hadoop-hdds-server-scm/0.5.0-SNAPSHOT/hadoop-hdds-server-scm-0.5.0-SNAPSHOT-tests.jar:/home/user/.m2/repository/org/apache/hadoop/hadoop-hdds-container-service/0.5.0-SNAPSHOT/hadoop-hdds-container-service-0.5.0-SNAPSHOT-tests.jar:/home/user/.m2/repository/org/yaml/snakeyaml/1.16/snakeyaml-1.16.jar:/home/user/.m2/repository/org/apache/hadoop/hadoop-common/3.2.0/hadoop-common-3.2.0-tests.jar:/home/user/.m2/repository/org/apache/hadoop/hadoop-annotations/3.2.0/hadoop-annotations-3.2.0.jar:/usr/lib/jvm/java-1.8-openjdk/jre/../lib/tools.jar:/home/user/.m2/repository/commons-cli/commons-cli/1.2/commons-cli-1.2.jar:/home/user/.m2/repository/org/apache/httpcomponents/httpclient/4.5.2/httpclient-4.5.2.jar:/home/user/.m2/repository/org/apache/httpcomponents/httpcore/4.4.4/httpcore-4.4.4.jar:/home/user/.m2/repository/commons-codec/commons-codec/1.11/commons-codec-1.11.jar:/home/user/.m2/repository/commons-net/commons-net/3.6/commons-net-3.6.jar:/home/user/.m2/repository/commons-collections/commons-collections/3.2.2/commons-collections-3.2.2.jar:/home/user/.m2/repository/org/eclipse/jetty/jetty-servlet/9.3.24.v20180605/jetty-servlet-9.3.24.v20180605.jar:/home/user/.m2/repository/org/eclipse/jetty/jetty-security/9.3.24.v20180605/jetty-security-9.3.24.v20180605.jar:/home/user/.m2/repository/javax/servlet/jsp/jsp-api/2.1/jsp-api-2.1.jar:/home/user/.m2/repository/com/sun/jersey/jersey-servlet/1.19/jersey-servlet-1.19.jar:/home/user/.m2/repository/com/sun/jersey/jersey-json/1.19/jersey-json-1.19.jar:/home/user/.m2/repository/org/codehaus/jettison/jettison/1.1/jettison-1.1.jar:/home/user/.m2/repository/org/codehaus/jackson/jackson-core-asl/1.9.13/jackson-core-asl-1.9.13.jar:/home/user/.m2/repository/org/codehaus/jackson/jackson-mapper-asl/1.9.13/jackson-mapper-asl-1.9.13.jar:/home/user/.m2/repository/org/codehaus/jackson/jackson-jaxrs/1.9.13/jackson-jaxrs-1.9.13.jar:/home/user/.m2/repository/org/codehaus/jackson/jackson-xc/1.9.13/jackson-xc-1.9.13.jar:/home/user/.m2/repository/commons-logging/commons-logging/1.1.3/commons-logging-1.1.3.jar:/home/user/.m2/repository/commons-beanutils/commons-beanutils/1.9.3/commons-beanutils-1.9.3.jar:/home/user/.m2/repository/org/apache/commons/commons-configuration2/2.1.1/commons-configuration2-2.1.1.jar:/home/user/.m2/repository/org/apache/commons/commons-lang3/3.7/commons-lang3-3.7.jar:/home/user/.m2/repository/org/apache/commons/commons-text/1.4/commons-text-1.4.jar:/home/user/.m2/repository/org/apache/avro/avro/1.7.7/avro-1.7.7.jar:/home/user/.m2/repository/com/thoughtworks/paranamer/paranamer/2.3/paranamer-2.3.jar:/home/user/.m2/repository/org/xerial/snappy/snappy-java/1.0.5/snappy-java-1.0.5.jar:/home/user/.m2/repository/com/google/re2j/re2j/1.1/re2j-1.1.jar:/home/user/.m2/repository/com/google/code/gson/gson/2.2.4/gson-2.2.4.jar:/home/user/.m2/repository/com/jcraft/jsch/0.1.54/jsch-0.1.54.jar:/home/user/.m2/repository/org/apache/curator/curator-client/2.12.0/curator-client-2.12.0.jar:/home/user/.m2/repository/org/apache/curator/curator-recipes/2.12.0/curator-recipes-2.12.0.jar:/home/user/.m2/repository/com/google/code/findbugs/jsr305/3.0.0/jsr305-3.0.0.jar:/home/user/.m2/repository/org/apache/htrace/htrace-core4/4.1.0-incubating/htrace-core4-4.1.0-incubating.jar:/home/user/.m2/repository/org/apache/zookeeper/zookeeper/3.4.13/zookeeper-3.4.13.jar:/home/user/.m2/repository/org/apache/yetus/audience-annotations/0.5.0/audience-annotations-0.5.0.jar:/home/user/.m2/repository/org/codehaus/woodstox/stax2-api/3.1.4/stax2-api-3.1.4.jar:/home/user/.m2/repository/com/fasterxml/woodstox/woodstox-core/5.0.3/woodstox-core-5.0.3.jar:/home/user/.m2/repository/dnsjava/dnsjava/2.1.7/dnsjava-2.1.7.jar:/home/user/.m2/repository/org/apache/hadoop/hadoop-hdfs/3.2.0/hadoop-hdfs-3.2.0-tests.jar:/home/user/.m2/repository/org/eclipse/jetty/jetty-util-ajax/9.3.24.v20180605/jetty-util-ajax-9.3.24.v20180605.jar:/home/user/.m2/repository/commons-daemon/commons-daemon/1.0.13/commons-daemon-1.0.13.jar:/home/user/.m2/repository/io/netty/netty/3.10.5.Final/netty-3.10.5.Final.jar:/home/user/.m2/repository/io/netty/netty-all/4.0.52.Final/netty-all-4.0.52.Final.jar:/home/user/.m2/repository/org/fusesource/leveldbjni/leveldbjni-all/1.8/leveldbjni-all-1.8.jar:"/>
    <property name="java.vm.vendor" value="IcedTea"/>
    <property name="sun.arch.data.model" value="64"/>
    <property name="test.build.dir" value="/workdir/hadoop-ozone/integration-test/target/test-dir"/>
    <property name="test.cache.data" value=""/>
    <property name="java.vendor.url" value="https://icedtea.classpath.org"/>
    <property name="user.timezone" value=""/>
    <property name="java.vm.specification.version" value="1.8"/>
    <property name="os.name" value="Linux"/>
    <property name="test.build.data" value="/workdir/hadoop-ozone/integration-test/target/test-dir"/>
    <property name="user.country" value="US"/>
    <property name="sun.java.launcher" value="SUN_STANDARD"/>
    <property name="sun.boot.library.path" value="/usr/lib/jvm/java-1.8-openjdk/jre/lib/amd64"/>
    <property name="sun.java.command" value="/workdir/hadoop-ozone/integration-test/target/surefire/surefirebooter3988874072103124025.jar /workdir/hadoop-ozone/integration-test/target/surefire 2019-08-28T12-46-49_387-jvmRun1 surefire6569561566249417268tmp surefire_207808339227822654531tmp"/>
    <property name="test" value="!TestMiniChaosOzoneCluster"/>
    <property name="surefire.test.class.path" value="/workdir/hadoop-ozone/integration-test/target/test-classes:/workdir/hadoop-ozone/integration-test/target/classes:/home/user/.m2/repository/org/apache/hadoop/hadoop-ozone-common/0.5.0-SNAPSHOT/hadoop-ozone-common-0.5.0-SNAPSHOT.jar:/home/user/.m2/repository/org/apache/commons/commons-compress/1.4.1/commons-compress-1.4.1.jar:/home/user/.m2/repository/org/tukaani/xz/1.0/xz-1.0.jar:/home/user/.m2/repository/org/apache/hadoop/hadoop-common/3.2.0/hadoop-common-3.2.0.jar:/home/user/.m2/repository/org/apache/hadoop/hadoop-hdfs/3.2.0/hadoop-hdfs-3.2.0.jar:/home/user/.m2/repository/org/apache/hadoop/hadoop-hdfs-client/3.2.0/hadoop-hdfs-client-3.2.0.jar:/home/user/.m2/repository/com/fasterxml/jackson/core/jackson-annotations/2.9.5/jackson-annotations-2.9.5.jar:/home/user/.m2/repository/org/apache/hadoop/hadoop-hdds-common/0.5.0-SNAPSHOT/hadoop-hdds-common-0.5.0-SNAPSHOT.jar:/home/user/.m2/repository/javax/annotation/javax.annotation-api/1.2/javax.annotation-api-1.2.jar:/home/user/.m2/repository/org/apache/ratis/ratis-server/0.4.0-2337318-SNAPSHOT/ratis-server-0.4.0-2337318-SNAPSHOT.jar:/home/user/.m2/repository/org/apache/ratis/ratis-thirdparty-misc/0.2.0/ratis-thirdparty-misc-0.2.0.jar:/home/user/.m2/repository/org/apache/ratis/ratis-proto/0.4.0-2337318-SNAPSHOT/ratis-proto-0.4.0-2337318-SNAPSHOT.jar:/home/user/.m2/repository/org/apache/ratis/ratis-common/0.4.0-2337318-SNAPSHOT/ratis-common-0.4.0-2337318-SNAPSHOT.jar:/home/user/.m2/repository/org/apache/ratis/ratis-client/0.4.0-2337318-SNAPSHOT/ratis-client-0.4.0-2337318-SNAPSHOT.jar:/home/user/.m2/repository/org/apache/ratis/ratis-metrics/0.4.0-2337318-SNAPSHOT/ratis-metrics-0.4.0-2337318-SNAPSHOT.jar:/home/user/.m2/repository/org/apache/ratis/ratis-netty/0.4.0-2337318-SNAPSHOT/ratis-netty-0.4.0-2337318-SNAPSHOT.jar:/home/user/.m2/repository/org/apache/ratis/ratis-grpc/0.4.0-2337318-SNAPSHOT/ratis-grpc-0.4.0-2337318-SNAPSHOT.jar:/home/user/.m2/repository/org/rocksdb/rocksdbjni/6.0.1/rocksdbjni-6.0.1.jar:/home/user/.m2/repository/org/apache/logging/log4j/log4j-api/2.11.0/log4j-api-2.11.0.jar:/home/user/.m2/repository/org/apache/logging/log4j/log4j-core/2.11.0/log4j-core-2.11.0.jar:/home/user/.m2/repository/com/lmax/disruptor/3.4.2/disruptor-3.4.2.jar:/home/user/.m2/repository/org/apache/commons/commons-pool2/2.6.0/commons-pool2-2.6.0.jar:/home/user/.m2/repository/org/bouncycastle/bcpkix-jdk15on/1.60/bcpkix-jdk15on-1.60.jar:/home/user/.m2/repository/commons-validator/commons-validator/1.6/commons-validator-1.6.jar:/home/user/.m2/repository/commons-digester/commons-digester/1.8.1/commons-digester-1.8.1.jar:/home/user/.m2/repository/io/jaegertracing/jaeger-client/0.33.1/jaeger-client-0.33.1.jar:/home/user/.m2/repository/io/jaegertracing/jaeger-thrift/0.33.1/jaeger-thrift-0.33.1.jar:/home/user/.m2/repository/org/apache/thrift/libthrift/0.11.0/libthrift-0.11.0.jar:/home/user/.m2/repository/com/squareup/okhttp3/okhttp/3.9.0/okhttp-3.9.0.jar:/home/user/.m2/repository/com/squareup/okio/okio/1.13.0/okio-1.13.0.jar:/home/user/.m2/repository/io/jaegertracing/jaeger-core/0.33.1/jaeger-core-0.33.1.jar:/home/user/.m2/repository/io/jaegertracing/jaeger-tracerresolver/0.33.1/jaeger-tracerresolver-0.33.1.jar:/home/user/.m2/repository/io/opentracing/contrib/opentracing-tracerresolver/0.1.5/opentracing-tracerresolver-0.1.5.jar:/home/user/.m2/repository/io/opentracing/opentracing-util/0.31.0/opentracing-util-0.31.0.jar:/home/user/.m2/repository/io/opentracing/opentracing-api/0.31.0/opentracing-api-0.31.0.jar:/home/user/.m2/repository/io/opentracing/opentracing-noop/0.31.0/opentracing-noop-0.31.0.jar:/home/user/.m2/repository/org/apache/hadoop/hadoop-hdds-server-framework/0.5.0-SNAPSHOT/hadoop-hdds-server-framework-0.5.0-SNAPSHOT.jar:/home/user/.m2/repository/org/apache/hadoop/hadoop-hdds-container-service/0.5.0-SNAPSHOT/hadoop-hdds-container-service-0.5.0-SNAPSHOT.jar:/home/user/.m2/repository/org/apache/hadoop/hadoop-hdds-client/0.5.0-SNAPSHOT/hadoop-hdds-client-0.5.0-SNAPSHOT.jar:/home/user/.m2/repository/org/apache/hadoop/hadoop-hdds-tools/0.5.0-SNAPSHOT/hadoop-hdds-tools-0.5.0-SNAPSHOT.jar:/home/user/.m2/repository/org/apache/hadoop/hadoop-hdds-server-scm/0.5.0-SNAPSHOT/hadoop-hdds-server-scm-0.5.0-SNAPSHOT.jar:/home/user/.m2/repository/org/apache/hadoop/hadoop-hdds-docs/0.5.0-SNAPSHOT/hadoop-hdds-docs-0.5.0-SNAPSHOT.jar:/home/user/.m2/repository/io/dropwizard/metrics/metrics-core/3.2.4/metrics-core-3.2.4.jar:/home/user/.m2/repository/org/hamcrest/hamcrest-all/1.3/hamcrest-all-1.3.jar:/home/user/.m2/repository/org/bouncycastle/bcprov-jdk15on/1.60/bcprov-jdk15on-1.60.jar:/home/user/.m2/repository/info/picocli/picocli/3.9.6/picocli-3.9.6.jar:/home/user/.m2/repository/com/google/protobuf/protobuf-java/2.5.0/protobuf-java-2.5.0.jar:/home/user/.m2/repository/com/google/guava/guava/11.0.2/guava-11.0.2.jar:/home/user/.m2/repository/org/apache/hadoop/hadoop-ozone-ozone-manager/0.5.0-SNAPSHOT/hadoop-ozone-ozone-manager-0.5.0-SNAPSHOT.jar:/home/user/.m2/repository/org/apache/hadoop/hadoop-minikdc/3.2.0/hadoop-minikdc-3.2.0.jar:/home/user/.m2/repository/commons-io/commons-io/2.5/commons-io-2.5.jar:/home/user/.m2/repository/org/apache/kerby/kerb-simplekdc/1.0.1/kerb-simplekdc-1.0.1.jar:/home/user/.m2/repository/org/apache/kerby/kerb-client/1.0.1/kerb-client-1.0.1.jar:/home/user/.m2/repository/org/apache/kerby/kerby-config/1.0.1/kerby-config-1.0.1.jar:/home/user/.m2/repository/org/apache/kerby/kerb-core/1.0.1/kerb-core-1.0.1.jar:/home/user/.m2/repository/org/apache/kerby/kerby-pkix/1.0.1/kerby-pkix-1.0.1.jar:/home/user/.m2/repository/org/apache/kerby/kerby-asn1/1.0.1/kerby-asn1-1.0.1.jar:/home/user/.m2/repository/org/apache/kerby/kerby-util/1.0.1/kerby-util-1.0.1.jar:/home/user/.m2/repository/org/apache/kerby/kerb-common/1.0.1/kerb-common-1.0.1.jar:/home/user/.m2/repository/org/apache/kerby/kerb-crypto/1.0.1/kerb-crypto-1.0.1.jar:/home/user/.m2/repository/org/apache/kerby/kerb-util/1.0.1/kerb-util-1.0.1.jar:/home/user/.m2/repository/org/apache/kerby/token-provider/1.0.1/token-provider-1.0.1.jar:/home/user/.m2/repository/org/apache/kerby/kerb-admin/1.0.1/kerb-admin-1.0.1.jar:/home/user/.m2/repository/org/apache/kerby/kerb-server/1.0.1/kerb-server-1.0.1.jar:/home/user/.m2/repository/org/apache/kerby/kerb-identity/1.0.1/kerb-identity-1.0.1.jar:/home/user/.m2/repository/org/apache/kerby/kerby-xdr/1.0.1/kerby-xdr-1.0.1.jar:/home/user/.m2/repository/org/slf4j/slf4j-log4j12/1.7.25/slf4j-log4j12-1.7.25.jar:/home/user/.m2/repository/org/apache/hadoop/hadoop-ozone-objectstore-service/0.5.0-SNAPSHOT/hadoop-ozone-objectstore-service-0.5.0-SNAPSHOT.jar:/home/user/.m2/repository/org/apache/hadoop/hadoop-ozone-s3gateway/0.5.0-SNAPSHOT/hadoop-ozone-s3gateway-0.5.0-SNAPSHOT.jar:/home/user/.m2/repository/org/jboss/weld/servlet/weld-servlet/2.4.7.Final/weld-servlet-2.4.7.Final.jar:/home/user/.m2/repository/org/glassfish/jersey/containers/jersey-container-servlet-core/2.27/jersey-container-servlet-core-2.27.jar:/home/user/.m2/repository/org/glassfish/hk2/external/javax.inject/2.5.0-b42/javax.inject-2.5.0-b42.jar:/home/user/.m2/repository/org/glassfish/jersey/core/jersey-common/2.27/jersey-common-2.27.jar:/home/user/.m2/repository/org/glassfish/hk2/osgi-resource-locator/1.0.1/osgi-resource-locator-1.0.1.jar:/home/user/.m2/repository/javax/ws/rs/javax.ws.rs-api/2.1/javax.ws.rs-api-2.1.jar:/home/user/.m2/repository/org/glassfish/jersey/ext/cdi/jersey-cdi1x/2.27/jersey-cdi1x-2.27.jar:/home/user/.m2/repository/org/glassfish/jersey/inject/jersey-hk2/2.27/jersey-hk2-2.27.jar:/home/user/.m2/repository/org/glassfish/hk2/hk2-locator/2.5.0-b42/hk2-locator-2.5.0-b42.jar:/home/user/.m2/repository/org/javassist/javassist/3.22.0-CR2/javassist-3.22.0-CR2.jar:/home/user/.m2/repository/org/glassfish/hk2/hk2-api/2.5.0/hk2-api-2.5.0.jar:/home/user/.m2/repository/org/glassfish/hk2/external/jakarta.inject/2.5.0/jakarta.inject-2.5.0.jar:/home/user/.m2/repository/org/glassfish/hk2/hk2-utils/2.5.0/hk2-utils-2.5.0.jar:/home/user/.m2/repository/jakarta/annotation/jakarta.annotation-api/1.3.4/jakarta.annotation-api-1.3.4.jar:/home/user/.m2/repository/org/glassfish/hk2/external/aopalliance-repackaged/2.5.0/aopalliance-repackaged-2.5.0.jar:/home/user/.m2/repository/com/fasterxml/jackson/dataformat/jackson-dataformat-xml/2.9.0/jackson-dataformat-xml-2.9.0.jar:/home/user/.m2/repository/com/fasterxml/jackson/core/jackson-core/2.9.5/jackson-core-2.9.5.jar:/home/user/.m2/repository/com/fasterxml/jackson/module/jackson-module-jaxb-annotations/2.9.5/jackson-module-jaxb-annotations-2.9.5.jar:/home/user/.m2/repository/javax/enterprise/cdi-api/1.2/cdi-api-1.2.jar:/home/user/.m2/repository/javax/el/javax.el-api/3.0.0/javax.el-api-3.0.0.jar:/home/user/.m2/repository/javax/interceptor/javax.interceptor-api/1.2/javax.interceptor-api-1.2.jar:/home/user/.m2/repository/javax/inject/javax.inject/1/javax.inject-1.jar:/home/user/.m2/repository/com/sun/xml/bind/jaxb-impl/2.3.0.1/jaxb-impl-2.3.0.1.jar:/home/user/.m2/repository/com/sun/xml/bind/jaxb-core/2.3.0.1/jaxb-core-2.3.0.1.jar:/home/user/.m2/repository/javax/xml/bind/jaxb-api/2.3.0/jaxb-api-2.3.0.jar:/home/user/.m2/repository/javax/activation/activation/1.1.1/activation-1.1.1.jar:/home/user/.m2/repository/org/apache/hadoop/hadoop-ozone-csi/0.5.0-SNAPSHOT/hadoop-ozone-csi-0.5.0-SNAPSHOT.jar:/home/user/.m2/repository/com/google/protobuf/protobuf-java-util/3.5.1/protobuf-java-util-3.5.1.jar:/home/user/.m2/repository/org/apache/hadoop/hadoop-hdds-config/0.5.0-SNAPSHOT/hadoop-hdds-config-0.5.0-SNAPSHOT.jar:/home/user/.m2/repository/io/grpc/grpc-netty/1.17.1/grpc-netty-1.17.1.jar:/home/user/.m2/repository/io/grpc/grpc-core/1.17.1/grpc-core-1.17.1.jar:/home/user/.m2/repository/io/grpc/grpc-context/1.17.1/grpc-context-1.17.1.jar:/home/user/.m2/repository/com/google/errorprone/error_prone_annotations/2.2.0/error_prone_annotations-2.2.0.jar:/home/user/.m2/repository/org/codehaus/mojo/animal-sniffer-annotations/1.17/animal-sniffer-annotations-1.17.jar:/home/user/.m2/repository/io/opencensus/opencensus-api/0.17.0/opencensus-api-0.17.0.jar:/home/user/.m2/repository/io/opencensus/opencensus-contrib-grpc-metrics/0.17.0/opencensus-contrib-grpc-metrics-0.17.0.jar:/home/user/.m2/repository/io/netty/netty-codec-http2/4.1.30.Final/netty-codec-http2-4.1.30.Final.jar:/home/user/.m2/repository/io/netty/netty-codec-http/4.1.30.Final/netty-codec-http-4.1.30.Final.jar:/home/user/.m2/repository/io/netty/netty-codec/4.1.30.Final/netty-codec-4.1.30.Final.jar:/home/user/.m2/repository/io/netty/netty-handler/4.1.30.Final/netty-handler-4.1.30.Final.jar:/home/user/.m2/repository/io/netty/netty-handler-proxy/4.1.30.Final/netty-handler-proxy-4.1.30.Final.jar:/home/user/.m2/repository/io/netty/netty-codec-socks/4.1.30.Final/netty-codec-socks-4.1.30.Final.jar:/home/user/.m2/repository/io/netty/netty-transport-native-epoll/4.1.30.Final/netty-transport-native-epoll-4.1.30.Final.jar:/home/user/.m2/repository/io/netty/netty-common/4.1.30.Final/netty-common-4.1.30.Final.jar:/home/user/.m2/repository/io/netty/netty-buffer/4.1.30.Final/netty-buffer-4.1.30.Final.jar:/home/user/.m2/repository/io/netty/netty-transport/4.1.30.Final/netty-transport-4.1.30.Final.jar:/home/user/.m2/repository/io/netty/netty-resolver/4.1.30.Final/netty-resolver-4.1.30.Final.jar:/home/user/.m2/repository/io/netty/netty-transport-native-unix-common/4.1.30.Final/netty-transport-native-unix-common-4.1.30.Final.jar:/home/user/.m2/repository/io/grpc/grpc-protobuf/1.17.1/grpc-protobuf-1.17.1.jar:/home/user/.m2/repository/com/google/api/grpc/proto-google-common-protos/1.0.0/proto-google-common-protos-1.0.0.jar:/home/user/.m2/repository/io/grpc/grpc-protobuf-lite/1.17.1/grpc-protobuf-lite-1.17.1.jar:/home/user/.m2/repository/io/grpc/grpc-stub/1.17.1/grpc-stub-1.17.1.jar:/home/user/.m2/repository/org/apache/hadoop/hadoop-ozone-recon/0.5.0-SNAPSHOT/hadoop-ozone-recon-0.5.0-SNAPSHOT.jar:/home/user/.m2/repository/org/apache/hadoop/hadoop-ozone-reconcodegen/0.5.0-SNAPSHOT/hadoop-ozone-reconcodegen-0.5.0-SNAPSHOT.jar:/home/user/.m2/repository/com/google/inject/extensions/guice-multibindings/4.0/guice-multibindings-4.0.jar:/home/user/.m2/repository/com/google/inject/guice/4.0/guice-4.0.jar:/home/user/.m2/repository/aopalliance/aopalliance/1.0/aopalliance-1.0.jar:/home/user/.m2/repository/com/google/inject/extensions/guice-servlet/4.0/guice-servlet-4.0.jar:/home/user/.m2/repository/org/glassfish/jersey/containers/jersey-container-servlet/2.27/jersey-container-servlet-2.27.jar:/home/user/.m2/repository/org/glassfish/hk2/guice-bridge/2.5.0/guice-bridge-2.5.0.jar:/home/user/.m2/repository/org/glassfish/jersey/core/jersey-server/2.27/jersey-server-2.27.jar:/home/user/.m2/repository/org/glassfish/jersey/core/jersey-client/2.27/jersey-client-2.27.jar:/home/user/.m2/repository/org/glassfish/jersey/media/jersey-media-jaxb/2.27/jersey-media-jaxb-2.27.jar:/home/user/.m2/repository/javax/validation/validation-api/1.1.0.Final/validation-api-1.1.0.Final.jar:/home/user/.m2/repository/org/glassfish/jersey/media/jersey-media-json-jackson/2.27/jersey-media-json-jackson-2.27.jar:/home/user/.m2/repository/org/glassfish/jersey/ext/jersey-entity-filtering/2.27/jersey-entity-filtering-2.27.jar:/home/user/.m2/repository/com/google/inject/extensions/guice-assistedinject/4.0/guice-assistedinject-4.0.jar:/home/user/.m2/repository/org/jooq/jooq/3.11.10/jooq-3.11.10.jar:/home/user/.m2/repository/org/jooq/jooq-meta/3.11.10/jooq-meta-3.11.10.jar:/home/user/.m2/repository/org/jooq/jooq-codegen/3.11.10/jooq-codegen-3.11.10.jar:/home/user/.m2/repository/com/jolbox/bonecp/0.8.0.RELEASE/bonecp-0.8.0.RELEASE.jar:/home/user/.m2/repository/org/xerial/sqlite-jdbc/3.25.2/sqlite-jdbc-3.25.2.jar:/home/user/.m2/repository/org/springframework/spring-jdbc/5.1.3.RELEASE/spring-jdbc-5.1.3.RELEASE.jar:/home/user/.m2/repository/org/springframework/spring-beans/5.1.3.RELEASE/spring-beans-5.1.3.RELEASE.jar:/home/user/.m2/repository/org/springframework/spring-core/5.1.3.RELEASE/spring-core-5.1.3.RELEASE.jar:/home/user/.m2/repository/org/springframework/spring-jcl/5.1.3.RELEASE/spring-jcl-5.1.3.RELEASE.jar:/home/user/.m2/repository/org/springframework/spring-tx/5.1.3.RELEASE/spring-tx-5.1.3.RELEASE.jar:/home/user/.m2/repository/org/apache/hadoop/hadoop-ozone-client/0.5.0-SNAPSHOT/hadoop-ozone-client-0.5.0-SNAPSHOT.jar:/home/user/.m2/repository/commons-lang/commons-lang/2.6/commons-lang-2.6.jar:/home/user/.m2/repository/org/apache/hadoop/hadoop-ozone-ozone-manager/0.5.0-SNAPSHOT/hadoop-ozone-ozone-manager-0.5.0-SNAPSHOT-tests.jar:/home/user/.m2/repository/junit/junit/4.11/junit-4.11.jar:/home/user/.m2/repository/org/hamcrest/hamcrest-core/1.3/hamcrest-core-1.3.jar:/home/user/.m2/repository/org/openjdk/jmh/jmh-core/1.19/jmh-core-1.19.jar:/home/user/.m2/repository/net/sf/jopt-simple/jopt-simple/4.6/jopt-simple-4.6.jar:/home/user/.m2/repository/org/apache/commons/commons-math3/3.1.1/commons-math3-3.1.1.jar:/home/user/.m2/repository/org/openjdk/jmh/jmh-generator-annprocess/1.19/jmh-generator-annprocess-1.19.jar:/home/user/.m2/repository/org/mockito/mockito-all/1.8.5/mockito-all-1.8.5.jar:/home/user/.m2/repository/org/apache/hadoop/hadoop-kms/3.2.0/hadoop-kms-3.2.0.jar:/home/user/.m2/repository/org/apache/hadoop/hadoop-auth/3.2.0/hadoop-auth-3.2.0.jar:/home/user/.m2/repository/com/nimbusds/nimbus-jose-jwt/4.41.1/nimbus-jose-jwt-4.41.1.jar:/home/user/.m2/repository/com/github/stephenc/jcip/jcip-annotations/1.0-1/jcip-annotations-1.0-1.jar:/home/user/.m2/repository/net/minidev/json-smart/2.3/json-smart-2.3.jar:/home/user/.m2/repository/net/minidev/accessors-smart/1.2/accessors-smart-1.2.jar:/home/user/.m2/repository/org/ow2/asm/asm/5.0.4/asm-5.0.4.jar:/home/user/.m2/repository/org/apache/curator/curator-framework/2.12.0/curator-framework-2.12.0.jar:/home/user/.m2/repository/com/sun/jersey/jersey-core/1.19/jersey-core-1.19.jar:/home/user/.m2/repository/javax/ws/rs/jsr311-api/1.1.1/jsr311-api-1.1.1.jar:/home/user/.m2/repository/com/sun/jersey/jersey-server/1.19/jersey-server-1.19.jar:/home/user/.m2/repository/javax/servlet/javax.servlet-api/3.1.0/javax.servlet-api-3.1.0.jar:/home/user/.m2/repository/org/eclipse/jetty/jetty-server/9.3.24.v20180605/jetty-server-9.3.24.v20180605.jar:/home/user/.m2/repository/org/eclipse/jetty/jetty-http/9.3.24.v20180605/jetty-http-9.3.24.v20180605.jar:/home/user/.m2/repository/org/eclipse/jetty/jetty-io/9.3.24.v20180605/jetty-io-9.3.24.v20180605.jar:/home/user/.m2/repository/org/eclipse/jetty/jetty-webapp/9.3.24.v20180605/jetty-webapp-9.3.24.v20180605.jar:/home/user/.m2/repository/org/eclipse/jetty/jetty-xml/9.3.24.v20180605/jetty-xml-9.3.24.v20180605.jar:/home/user/.m2/repository/log4j/log4j/1.2.17/log4j-1.2.17.jar:/home/user/.m2/repository/org/slf4j/slf4j-api/1.7.25/slf4j-api-1.7.25.jar:/home/user/.m2/repository/org/slf4j/jul-to-slf4j/1.7.25/jul-to-slf4j-1.7.25.jar:/home/user/.m2/repository/org/eclipse/jetty/jetty-util/9.3.24.v20180605/jetty-util-9.3.24.v20180605.jar:/home/user/.m2/repository/com/fasterxml/jackson/core/jackson-databind/2.9.5/jackson-databind-2.9.5.jar:/home/user/.m2/repository/org/apache/hadoop/hadoop-kms/3.2.0/hadoop-kms-3.2.0-tests.jar:/home/user/.m2/repository/org/apache/hadoop/hadoop-hdds-server-scm/0.5.0-SNAPSHOT/hadoop-hdds-server-scm-0.5.0-SNAPSHOT-tests.jar:/home/user/.m2/repository/org/apache/hadoop/hadoop-hdds-container-service/0.5.0-SNAPSHOT/hadoop-hdds-container-service-0.5.0-SNAPSHOT-tests.jar:/home/user/.m2/repository/org/yaml/snakeyaml/1.16/snakeyaml-1.16.jar:/home/user/.m2/repository/org/apache/hadoop/hadoop-common/3.2.0/hadoop-common-3.2.0-tests.jar:/home/user/.m2/repository/org/apache/hadoop/hadoop-annotations/3.2.0/hadoop-annotations-3.2.0.jar:/usr/lib/jvm/java-1.8-openjdk/jre/../lib/tools.jar:/home/user/.m2/repository/commons-cli/commons-cli/1.2/commons-cli-1.2.jar:/home/user/.m2/repository/org/apache/httpcomponents/httpclient/4.5.2/httpclient-4.5.2.jar:/home/user/.m2/repository/org/apache/httpcomponents/httpcore/4.4.4/httpcore-4.4.4.jar:/home/user/.m2/repository/commons-codec/commons-codec/1.11/commons-codec-1.11.jar:/home/user/.m2/repository/commons-net/commons-net/3.6/commons-net-3.6.jar:/home/user/.m2/repository/commons-collections/commons-collections/3.2.2/commons-collections-3.2.2.jar:/home/user/.m2/repository/org/eclipse/jetty/jetty-servlet/9.3.24.v20180605/jetty-servlet-9.3.24.v20180605.jar:/home/user/.m2/repository/org/eclipse/jetty/jetty-security/9.3.24.v20180605/jetty-security-9.3.24.v20180605.jar:/home/user/.m2/repository/javax/servlet/jsp/jsp-api/2.1/jsp-api-2.1.jar:/home/user/.m2/repository/com/sun/jersey/jersey-servlet/1.19/jersey-servlet-1.19.jar:/home/user/.m2/repository/com/sun/jersey/jersey-json/1.19/jersey-json-1.19.jar:/home/user/.m2/repository/org/codehaus/jettison/jettison/1.1/jettison-1.1.jar:/home/user/.m2/repository/org/codehaus/jackson/jackson-core-asl/1.9.13/jackson-core-asl-1.9.13.jar:/home/user/.m2/repository/org/codehaus/jackson/jackson-mapper-asl/1.9.13/jackson-mapper-asl-1.9.13.jar:/home/user/.m2/repository/org/codehaus/jackson/jackson-jaxrs/1.9.13/jackson-jaxrs-1.9.13.jar:/home/user/.m2/repository/org/codehaus/jackson/jackson-xc/1.9.13/jackson-xc-1.9.13.jar:/home/user/.m2/repository/commons-logging/commons-logging/1.1.3/commons-logging-1.1.3.jar:/home/user/.m2/repository/commons-beanutils/commons-beanutils/1.9.3/commons-beanutils-1.9.3.jar:/home/user/.m2/repository/org/apache/commons/commons-configuration2/2.1.1/commons-configuration2-2.1.1.jar:/home/user/.m2/repository/org/apache/commons/commons-lang3/3.7/commons-lang3-3.7.jar:/home/user/.m2/repository/org/apache/commons/commons-text/1.4/commons-text-1.4.jar:/home/user/.m2/repository/org/apache/avro/avro/1.7.7/avro-1.7.7.jar:/home/user/.m2/repository/com/thoughtworks/paranamer/paranamer/2.3/paranamer-2.3.jar:/home/user/.m2/repository/org/xerial/snappy/snappy-java/1.0.5/snappy-java-1.0.5.jar:/home/user/.m2/repository/com/google/re2j/re2j/1.1/re2j-1.1.jar:/home/user/.m2/repository/com/google/code/gson/gson/2.2.4/gson-2.2.4.jar:/home/user/.m2/repository/com/jcraft/jsch/0.1.54/jsch-0.1.54.jar:/home/user/.m2/repository/org/apache/curator/curator-client/2.12.0/curator-client-2.12.0.jar:/home/user/.m2/repository/org/apache/curator/curator-recipes/2.12.0/curator-recipes-2.12.0.jar:/home/user/.m2/repository/com/google/code/findbugs/jsr305/3.0.0/jsr305-3.0.0.jar:/home/user/.m2/repository/org/apache/htrace/htrace-core4/4.1.0-incubating/htrace-core4-4.1.0-incubating.jar:/home/user/.m2/repository/org/apache/zookeeper/zookeeper/3.4.13/zookeeper-3.4.13.jar:/home/user/.m2/repository/org/apache/yetus/audience-annotations/0.5.0/audience-annotations-0.5.0.jar:/home/user/.m2/repository/org/codehaus/woodstox/stax2-api/3.1.4/stax2-api-3.1.4.jar:/home/user/.m2/repository/com/fasterxml/woodstox/woodstox-core/5.0.3/woodstox-core-5.0.3.jar:/home/user/.m2/repository/dnsjava/dnsjava/2.1.7/dnsjava-2.1.7.jar:/home/user/.m2/repository/org/apache/hadoop/hadoop-hdfs/3.2.0/hadoop-hdfs-3.2.0-tests.jar:/home/user/.m2/repository/org/eclipse/jetty/jetty-util-ajax/9.3.24.v20180605/jetty-util-ajax-9.3.24.v20180605.jar:/home/user/.m2/repository/commons-daemon/commons-daemon/1.0.13/commons-daemon-1.0.13.jar:/home/user/.m2/repository/io/netty/netty/3.10.5.Final/netty-3.10.5.Final.jar:/home/user/.m2/repository/io/netty/netty-all/4.0.52.Final/netty-all-4.0.52.Final.jar:/home/user/.m2/repository/org/fusesource/leveldbjni/leveldbjni-all/1.8/leveldbjni-all-1.8.jar:"/>
    <property name="sun.cpu.endian" value="little"/>
    <property name="user.home" value="/home/user"/>
    <property name="user.language" value="en"/>
    <property name="java.specification.vendor" value="Oracle Corporation"/>
    <property name="java.home" value="/usr/lib/jvm/java-1.8-openjdk/jre"/>
    <property name="java.security.krb5.conf" value="/workdir/hadoop-ozone/integration-test/target/test-classes/krb5.conf"/>
    <property name="basedir" value="/workdir/hadoop-ozone/integration-test"/>
    <property name="file.separator" value="/"/>
    <property name="line.separator" value="&#10;"/>
    <property name="java.vm.specification.vendor" value="Oracle Corporation"/>
    <property name="java.specification.name" value="Java Platform API Specification"/>
    <property name="java.awt.graphicsenv" value="sun.awt.X11GraphicsEnvironment"/>
    <property name="surefire.real.class.path" value="/workdir/hadoop-ozone/integration-test/target/surefire/surefirebooter3988874072103124025.jar"/>
    <property name="hadoop.log.dir" value="/workdir/hadoop-ozone/integration-test/target/log"/>
    <property name="sun.boot.class.path" value="/usr/lib/jvm/java-1.8-openjdk/jre/lib/resources.jar:/usr/lib/jvm/java-1.8-openjdk/jre/lib/rt.jar:/usr/lib/jvm/java-1.8-openjdk/jre/lib/sunrsasign.jar:/usr/lib/jvm/java-1.8-openjdk/jre/lib/jsse.jar:/usr/lib/jvm/java-1.8-openjdk/jre/lib/jce.jar:/usr/lib/jvm/java-1.8-openjdk/jre/lib/charsets.jar:/usr/lib/jvm/java-1.8-openjdk/jre/lib/jfr.jar:/usr/lib/jvm/java-1.8-openjdk/jre/classes"/>
    <property name="sun.management.compiler" value="HotSpot 64-Bit Tiered Compilers"/>
    <property name="java.runtime.version" value="1.8.0_212-b04"/>
    <property name="java.net.preferIPv4Stack" value="true"/>
    <property name="user.name" value="jenkins1000"/>
    <property name="path.separator" value=":"/>
    <property name="java.security.egd" value="file:///dev/urandom"/>
    <property name="os.version" value="3.10.0-957.12.2.el7.x86_64"/>
    <property name="java.endorsed.dirs" value="/usr/lib/jvm/java-1.8-openjdk/jre/lib/endorsed"/>
    <property name="java.runtime.name" value="OpenJDK Runtime Environment"/>
    <property name="file.encoding" value="UTF-8"/>
    <property name="java.vm.name" value="OpenJDK 64-Bit Server VM"/>
    <property name="test.build.webapps" value=""/>
    <property name="localRepository" value="/home/user/.m2/repository"/>
    <property name="java.vendor.url.bug" value="https://icedtea.classpath.org/bugzilla"/>
    <property name="java.io.tmpdir" value="/tmp"/>
    <property name="require.test.libhadoop" value=""/>
    <property name="java.version" value="1.8.0_212"/>
    <property name="user.dir" value="/workdir/hadoop-ozone/integration-test"/>
    <property name="os.arch" value="amd64"/>
    <property name="java.vm.specification.name" value="Java Virtual Machine Specification"/>
    <property name="test.build.classes" value="/workdir/hadoop-ozone/integration-test/target/test-classes"/>
    <property name="java.awt.printerjob" value="sun.print.PSPrinterJob"/>
    <property name="sun.os.patch.level" value="unknown"/>
    <property name="hadoop.tmp.dir" value="/workdir/hadoop-ozone/integration-test/target/tmp"/>
    <property name="java.library.path" value="/usr/lib/jvm/java-1.8-openjdk/jre/lib/amd64/server:/usr/lib/jvm/java-1.8-openjdk/jre/lib/amd64:/usr/lib/jvm/java-1.8-openjdk/jre/../lib/amd64:/workdir/hadoop-ozone/integration-test/target/native/target/usr/local/lib:/workdir/hadoop-ozone/integration-test/../../hadoop-common-project/hadoop-common/target/native/target/usr/local/lib:/usr/java/packages/lib/amd64:/usr/lib64:/lib64:/lib:/usr/lib"/>
    <property name="java.vm.info" value="mixed mode"/>
    <property name="java.vendor" value="IcedTea"/>
    <property name="java.vm.version" value="25.212-b04"/>
    <property name="java.ext.dirs" value="/usr/lib/jvm/java-1.8-openjdk/jre/lib/ext:/usr/java/packages/lib/ext"/>
    <property name="sun.io.unicode.encoding" value="UnicodeLittle"/>
    <property name="java.class.version" value="52.0"/>
  </properties>
  <testcase name="test2DatanodesFailure" classname="org.apache.hadoop.ozone.client.rpc.TestBlockOutputStreamWithFailures" time="106.663"/>
  <testcase name="testDatanodeFailureWithPreAllocation" classname="org.apache.hadoop.ozone.client.rpc.TestBlockOutputStreamWithFailures" time="225.042"/>
  <testcase name="testDatanodeFailureWithSingleNodeRatis" classname="org.apache.hadoop.ozone.client.rpc.TestBlockOutputStreamWithFailures" time="225.523"/>
  <testcase name="testWatchForCommitWithSingleNodeRatis" classname="org.apache.hadoop.ozone.client.rpc.TestBlockOutputStreamWithFailures" time="35.024"/>
  <testcase name="testWatchForCommitDatanodeFailure" classname="org.apache.hadoop.ozone.client.rpc.TestBlockOutputStreamWithFailures" time="55.913">
    <failure message="expected:&lt;2&gt; but was:&lt;3&gt;" type="java.lang.AssertionError"><![CDATA[java.lang.AssertionError: expected:<2> but was:<3>
	at org.junit.Assert.fail(Assert.java:88)
	at org.junit.Assert.failNotEquals(Assert.java:743)
	at org.junit.Assert.assertEquals(Assert.java:118)
	at org.junit.Assert.assertEquals(Assert.java:555)
	at org.junit.Assert.assertEquals(Assert.java:542)
	at org.apache.hadoop.ozone.client.rpc.TestBlockOutputStreamWithFailures.testWatchForCommitDatanodeFailure(TestBlockOutputStreamWithFailures.java:366)
	at sun.reflect.NativeMethodAccessorImpl.invoke0(Native Method)
	at sun.reflect.NativeMethodAccessorImpl.invoke(NativeMethodAccessorImpl.java:62)
	at sun.reflect.DelegatingMethodAccessorImpl.invoke(DelegatingMethodAccessorImpl.java:43)
	at java.lang.reflect.Method.invoke(Method.java:498)
	at org.junit.runners.model.FrameworkMethod$1.runReflectiveCall(FrameworkMethod.java:47)
	at org.junit.internal.runners.model.ReflectiveCallable.run(ReflectiveCallable.java:12)
	at org.junit.runners.model.FrameworkMethod.invokeExplosively(FrameworkMethod.java:44)
	at org.junit.internal.runners.statements.InvokeMethod.evaluate(InvokeMethod.java:17)
	at org.junit.internal.runners.statements.RunBefores.evaluate(RunBefores.java:26)
	at org.junit.internal.runners.statements.RunAfters.evaluate(RunAfters.java:27)
	at org.junit.runners.ParentRunner.runLeaf(ParentRunner.java:271)
	at org.junit.runners.BlockJUnit4ClassRunner.runChild(BlockJUnit4ClassRunner.java:70)
	at org.junit.runners.BlockJUnit4ClassRunner.runChild(BlockJUnit4ClassRunner.java:50)
	at org.junit.runners.ParentRunner$3.run(ParentRunner.java:238)
	at org.junit.runners.ParentRunner$1.schedule(ParentRunner.java:63)
	at org.junit.runners.ParentRunner.runChildren(ParentRunner.java:236)
	at org.junit.runners.ParentRunner.access$000(ParentRunner.java:53)
	at org.junit.runners.ParentRunner$2.evaluate(ParentRunner.java:229)
	at org.junit.runners.ParentRunner.run(ParentRunner.java:309)
	at org.apache.maven.surefire.junit4.JUnit4Provider.execute(JUnit4Provider.java:365)
	at org.apache.maven.surefire.junit4.JUnit4Provider.executeWithRerun(JUnit4Provider.java:273)
	at org.apache.maven.surefire.junit4.JUnit4Provider.executeTestSet(JUnit4Provider.java:238)
	at org.apache.maven.surefire.junit4.JUnit4Provider.invoke(JUnit4Provider.java:159)
	at org.apache.maven.surefire.booter.ForkedBooter.invokeProviderInSameClassLoader(ForkedBooter.java:384)
	at org.apache.maven.surefire.booter.ForkedBooter.runSuitesInProcess(ForkedBooter.java:345)
	at org.apache.maven.surefire.booter.ForkedBooter.execute(ForkedBooter.java:126)
	at org.apache.maven.surefire.booter.ForkedBooter.main(ForkedBooter.java:418)
]]></failure>
    <system-out><![CDATA[2019-08-28 13:05:20,084 [main] WARN  server.ServerUtils (ServerUtils.java:getScmDbDir(145)) - ozone.scm.db.dirs is not configured. We recommend adding this setting. Falling back to ozone.metadata.dirs instead.
2019-08-28 13:05:20,110 [main] WARN  server.ServerUtils (ServerUtils.java:getScmDbDir(145)) - ozone.scm.db.dirs is not configured. We recommend adding this setting. Falling back to ozone.metadata.dirs instead.
2019-08-28 13:05:20,110 [main] WARN  server.ServerUtils (ServerUtils.java:getScmDbDir(145)) - ozone.scm.db.dirs is not configured. We recommend adding this setting. Falling back to ozone.metadata.dirs instead.
2019-08-28 13:05:20,111 [main] INFO  db.DBStoreBuilder (DBStoreBuilder.java:addTable(110)) - using custom profile for table: deletedBlocks
2019-08-28 13:05:20,111 [main] INFO  db.DBStoreBuilder (DBStoreBuilder.java:processTables(161)) - Using default column profile:DBProfile.DISK for Table:deletedBlocks
2019-08-28 13:05:20,111 [main] INFO  db.DBStoreBuilder (DBStoreBuilder.java:addTable(110)) - using custom profile for table: validCerts
2019-08-28 13:05:20,111 [main] INFO  db.DBStoreBuilder (DBStoreBuilder.java:processTables(161)) - Using default column profile:DBProfile.DISK for Table:validCerts
2019-08-28 13:05:20,111 [main] INFO  db.DBStoreBuilder (DBStoreBuilder.java:addTable(110)) - using custom profile for table: revokedCerts
2019-08-28 13:05:20,111 [main] INFO  db.DBStoreBuilder (DBStoreBuilder.java:processTables(161)) - Using default column profile:DBProfile.DISK for Table:revokedCerts
2019-08-28 13:05:20,112 [main] INFO  db.DBStoreBuilder (DBStoreBuilder.java:addTable(110)) - using custom profile for table: default
2019-08-28 13:05:20,112 [main] INFO  db.DBStoreBuilder (DBStoreBuilder.java:processTables(167)) - Using default column profile:DBProfile.DISK for Table:default
2019-08-28 13:05:20,112 [main] INFO  db.DBStoreBuilder (DBStoreBuilder.java:getDbProfile(198)) - Using default options. DBProfile.DISK
2019-08-28 13:05:20,326 [main] INFO  net.NodeSchemaLoader (NodeSchemaLoader.java:loadSchemaFromFile(125)) - Loading file from sun.misc.CompoundEnumeration@484b187c
2019-08-28 13:05:20,327 [main] INFO  net.NodeSchemaLoader (NodeSchemaLoader.java:loadSchema(171)) - Loading network topology layer schema file
2019-08-28 13:05:20,333 [main] INFO  node.SCMNodeManager (SCMNodeManager.java:<init>(121)) - Entering startup safe mode.
2019-08-28 13:05:20,334 [main] INFO  algorithms.ContainerPlacementPolicyFactory (ContainerPlacementPolicyFactory.java:getPolicy(55)) - Create container placement policy of type org.apache.hadoop.hdds.scm.container.placement.algorithms.SCMContainerPlacementRandom
2019-08-28 13:05:20,334 [main] WARN  server.ServerUtils (ServerUtils.java:getScmDbDir(145)) - ozone.scm.db.dirs is not configured. We recommend adding this setting. Falling back to ozone.metadata.dirs instead.
2019-08-28 13:05:20,417 [main] INFO  pipeline.SCMPipelineManager (SCMPipelineManager.java:initializePipelineState(126)) - No pipeline exists in current db
2019-08-28 13:05:20,418 [main] WARN  server.ServerUtils (ServerUtils.java:getScmDbDir(145)) - ozone.scm.db.dirs is not configured. We recommend adding this setting. Falling back to ozone.metadata.dirs instead.
2019-08-28 13:05:20,505 [main] WARN  events.EventQueue (EventQueue.java:fireEvent(175)) - No event handler registered for event TypedEvent{payloadType=SafeModeStatus, name='SafeModeStatus'}
2019-08-28 13:05:20,506 [main] INFO  ipc.CallQueueManager (CallQueueManager.java:<init>(84)) - Using callQueue: class java.util.concurrent.LinkedBlockingQueue, queueCapacity: 2000, scheduler: class org.apache.hadoop.ipc.DefaultRpcScheduler, ipcBackoff: false.
2019-08-28 13:05:20,507 [Socket Reader #1 for port 40773] INFO  ipc.Server (Server.java:run(1074)) - Starting Socket Reader #1 for port 40773
2019-08-28 13:05:20,509 [main] INFO  ipc.CallQueueManager (CallQueueManager.java:<init>(84)) - Using callQueue: class java.util.concurrent.LinkedBlockingQueue, queueCapacity: 2000, scheduler: class org.apache.hadoop.ipc.DefaultRpcScheduler, ipcBackoff: false.
2019-08-28 13:05:20,510 [Socket Reader #1 for port 42103] INFO  ipc.Server (Server.java:run(1074)) - Starting Socket Reader #1 for port 42103
2019-08-28 13:05:20,512 [main] INFO  ipc.CallQueueManager (CallQueueManager.java:<init>(84)) - Using callQueue: class java.util.concurrent.LinkedBlockingQueue, queueCapacity: 2000, scheduler: class org.apache.hadoop.ipc.DefaultRpcScheduler, ipcBackoff: false.
2019-08-28 13:05:20,513 [Socket Reader #1 for port 34190] INFO  ipc.Server (Server.java:run(1074)) - Starting Socket Reader #1 for port 34190
2019-08-28 13:05:20,515 [main] INFO  hdfs.DFSUtil (DFSUtil.java:httpServerTemplateForNNAndJN(1641)) - Starting Web-server for scm at: http://0.0.0.0:0
2019-08-28 13:05:20,518 [main] INFO  server.AuthenticationFilter (AuthenticationFilter.java:constructSecretProvider(240)) - Unable to initialize FileSignerSecretProvider, falling back to use random secrets.
2019-08-28 13:05:20,521 [main] WARN  http.HttpRequestLog (HttpRequestLog.java:getRequestLog(97)) - Jetty request log can only be enabled using Log4j
2019-08-28 13:05:20,523 [main] INFO  http.HttpServer2 (HttpServer2.java:addGlobalFilter(975)) - Added global filter 'safety' (class=org.apache.hadoop.http.HttpServer2$QuotingInputFilter)
2019-08-28 13:05:20,524 [main] INFO  http.HttpServer2 (HttpServer2.java:addFilter(948)) - Added filter static_user_filter (class=org.apache.hadoop.http.lib.StaticUserWebFilter$StaticUserFilter) to context scm
2019-08-28 13:05:20,524 [main] INFO  http.HttpServer2 (HttpServer2.java:addFilter(958)) - Added filter static_user_filter (class=org.apache.hadoop.http.lib.StaticUserWebFilter$StaticUserFilter) to context static
2019-08-28 13:05:20,524 [main] INFO  http.HttpServer2 (HttpServer2.java:addFilter(958)) - Added filter static_user_filter (class=org.apache.hadoop.http.lib.StaticUserWebFilter$StaticUserFilter) to context logs
2019-08-28 13:05:20,527 [main] INFO  server.StorageContainerManager (StorageContainerManager.java:start(759)) - StorageContainerLocationProtocol RPC server is listening at /0.0.0.0:34190
2019-08-28 13:05:20,530 [main] WARN  impl.MetricsConfig (MetricsConfig.java:loadFirst(134)) - Cannot locate configuration: tried hadoop-metrics2-storagecontainermanager.properties,hadoop-metrics2.properties
2019-08-28 13:05:20,531 [main] INFO  impl.MetricsSystemImpl (MetricsSystemImpl.java:startTimer(374)) - Scheduled Metric snapshot period at 10 second(s).
2019-08-28 13:05:20,531 [main] INFO  impl.MetricsSystemImpl (MetricsSystemImpl.java:start(191)) - StorageContainerManager metrics system started
2019-08-28 13:05:20,608 [main] INFO  server.SCMClientProtocolServer (SCMClientProtocolServer.java:start(151)) - RPC server for Client  is listening at /0.0.0.0:34190
2019-08-28 13:05:20,609 [IPC Server Responder] INFO  ipc.Server (Server.java:run(1314)) - IPC Server Responder: starting
2019-08-28 13:05:20,609 [IPC Server listener on 34190] INFO  ipc.Server (Server.java:run(1153)) - IPC Server listener on 34190: starting
2019-08-28 13:05:20,613 [main] INFO  server.StorageContainerManager (StorageContainerManager.java:start(769)) - ScmBlockLocationProtocol RPC server is listening at /0.0.0.0:42103
2019-08-28 13:05:20,613 [main] INFO  server.SCMBlockProtocolServer (SCMBlockProtocolServer.java:start(140)) - RPC server for Block Protocol is listening at /0.0.0.0:42103
2019-08-28 13:05:20,613 [IPC Server Responder] INFO  ipc.Server (Server.java:run(1314)) - IPC Server Responder: starting
2019-08-28 13:05:20,614 [IPC Server listener on 42103] INFO  ipc.Server (Server.java:run(1153)) - IPC Server listener on 42103: starting
2019-08-28 13:05:20,617 [main] INFO  server.StorageContainerManager (StorageContainerManager.java:start(773)) - ScmDatanodeProtocl RPC server is listening at /0.0.0.0:40773
2019-08-28 13:05:20,617 [main] INFO  server.SCMDatanodeProtocolServer (SCMDatanodeProtocolServer.java:start(191)) - RPC server for DataNodes is listening at /0.0.0.0:40773
2019-08-28 13:05:20,618 [IPC Server Responder] INFO  ipc.Server (Server.java:run(1314)) - IPC Server Responder: starting
2019-08-28 13:05:20,618 [IPC Server listener on 40773] INFO  ipc.Server (Server.java:run(1153)) - IPC Server listener on 40773: starting
2019-08-28 13:05:20,622 [main] INFO  http.HttpServer2 (HttpServer2.java:bindListener(1191)) - Jetty bound to port 46544
2019-08-28 13:05:20,622 [main] INFO  server.Server (Server.java:doStart(351)) - jetty-9.3.24.v20180605, build timestamp: 2018-06-05T17:11:56Z, git hash: 84205aa28f11a4f31f2a3b86d1bba2cc8ab69827
2019-08-28 13:05:20,624 [main] INFO  handler.ContextHandler (ContextHandler.java:doStart(781)) - Started o.e.j.s.ServletContextHandler@57f9f387{/logs,file:///workdir/hadoop-ozone/integration-test/target/log,AVAILABLE}
2019-08-28 13:05:20,624 [main] INFO  handler.ContextHandler (ContextHandler.java:doStart(781)) - Started o.e.j.s.ServletContextHandler@622c658d{/static,file:///workdir/hadoop-ozone/integration-test/target/test-classes/webapps/static,AVAILABLE}
2019-08-28 13:05:20,628 [main] INFO  handler.ContextHandler (ContextHandler.java:doStart(781)) - Started o.e.j.w.WebAppContext@74727e41{/,file:///workdir/hadoop-ozone/integration-test/target/test-classes/webapps/scm/,AVAILABLE}{/scm}
2019-08-28 13:05:20,629 [main] INFO  server.AbstractConnector (AbstractConnector.java:doStart(278)) - Started ServerConnector@16117d9{HTTP/1.1,[http/1.1]}{0.0.0.0:46544}
2019-08-28 13:05:20,629 [main] INFO  server.Server (Server.java:doStart(419)) - Started @593425ms
2019-08-28 13:05:20,630 [main] INFO  server.BaseHttpServer (BaseHttpServer.java:updateConnectorAddress(213)) - HTTP server of SCM is listening at http://0.0.0.0:46544
2019-08-28 13:05:20,631 [main] WARN  server.ServerUtils (ServerUtils.java:getDBPath(222)) - ozone.om.db.dirs is not configured. We recommend adding this setting. Falling back to ozone.metadata.dirs instead.
2019-08-28 13:05:20,632 [org.apache.hadoop.util.JvmPauseMonitor$Monitor@4bf6bc2d] INFO  util.JvmPauseMonitor (JvmPauseMonitor.java:run(188)) - Starting JVM pause monitor
2019-08-28 13:05:20,645 [main] WARN  server.ServerUtils (ServerUtils.java:getDBPath(222)) - ozone.om.db.dirs is not configured. We recommend adding this setting. Falling back to ozone.metadata.dirs instead.
2019-08-28 13:05:20,646 [main] WARN  server.ServerUtils (ServerUtils.java:getDBPath(222)) - ozone.om.db.dirs is not configured. We recommend adding this setting. Falling back to ozone.metadata.dirs instead.
2019-08-28 13:05:20,646 [main] INFO  om.OzoneManager (OzoneManager.java:setOMNodeDetails(648)) - OM Service ID is not set. Setting it to the default ID: omServiceIdDefault
2019-08-28 13:05:20,646 [main] INFO  om.OzoneManager (OzoneManager.java:setOMNodeDetails(654)) - OM Node ID is not set. Setting it to the OmStorage's OmID: 1b571cf0-5912-4db0-8c8b-a2fd5a5ba15c
2019-08-28 13:05:20,646 [main] INFO  om.OzoneManager (OzoneManager.java:loadOMHAConfigs(605)) - Found matching OM address with OMServiceId: null, OMNodeId: null, RPC Address: localhost:0 and Ratis port: 9872
2019-08-28 13:05:20,650 | INFO  | SCMAudit | user=jenkins1000 | ip=192.168.69.80 | op=GET_SCM_INFO null | ret=SUCCESS |  
2019-08-28 13:05:20,651 [main] WARN  server.ServerUtils (ServerUtils.java:getDBPath(222)) - ozone.om.db.dirs is not configured. We recommend adding this setting. Falling back to ozone.metadata.dirs instead.
2019-08-28 13:05:20,652 [main] INFO  db.DBStoreBuilder (DBStoreBuilder.java:addTable(110)) - using custom profile for table: userTable
2019-08-28 13:05:20,652 [main] INFO  db.DBStoreBuilder (DBStoreBuilder.java:processTables(161)) - Using default column profile:DBProfile.DISK for Table:userTable
2019-08-28 13:05:20,652 [main] INFO  db.DBStoreBuilder (DBStoreBuilder.java:addTable(110)) - using custom profile for table: volumeTable
2019-08-28 13:05:20,652 [main] INFO  db.DBStoreBuilder (DBStoreBuilder.java:processTables(161)) - Using default column profile:DBProfile.DISK for Table:volumeTable
2019-08-28 13:05:20,652 [main] INFO  db.DBStoreBuilder (DBStoreBuilder.java:addTable(110)) - using custom profile for table: bucketTable
2019-08-28 13:05:20,652 [main] INFO  db.DBStoreBuilder (DBStoreBuilder.java:processTables(161)) - Using default column profile:DBProfile.DISK for Table:bucketTable
2019-08-28 13:05:20,653 [main] INFO  db.DBStoreBuilder (DBStoreBuilder.java:addTable(110)) - using custom profile for table: keyTable
2019-08-28 13:05:20,653 [main] INFO  db.DBStoreBuilder (DBStoreBuilder.java:processTables(161)) - Using default column profile:DBProfile.DISK for Table:keyTable
2019-08-28 13:05:20,653 [main] INFO  db.DBStoreBuilder (DBStoreBuilder.java:addTable(110)) - using custom profile for table: deletedTable
2019-08-28 13:05:20,653 [main] INFO  db.DBStoreBuilder (DBStoreBuilder.java:processTables(161)) - Using default column profile:DBProfile.DISK for Table:deletedTable
2019-08-28 13:05:20,653 [main] INFO  db.DBStoreBuilder (DBStoreBuilder.java:addTable(110)) - using custom profile for table: openKeyTable
2019-08-28 13:05:20,653 [main] INFO  db.DBStoreBuilder (DBStoreBuilder.java:processTables(161)) - Using default column profile:DBProfile.DISK for Table:openKeyTable
2019-08-28 13:05:20,654 [main] INFO  db.DBStoreBuilder (DBStoreBuilder.java:addTable(110)) - using custom profile for table: s3Table
2019-08-28 13:05:20,654 [main] INFO  db.DBStoreBuilder (DBStoreBuilder.java:processTables(161)) - Using default column profile:DBProfile.DISK for Table:s3Table
2019-08-28 13:05:20,654 [main] INFO  db.DBStoreBuilder (DBStoreBuilder.java:addTable(110)) - using custom profile for table: multipartInfoTable
2019-08-28 13:05:20,654 [main] INFO  db.DBStoreBuilder (DBStoreBuilder.java:processTables(161)) - Using default column profile:DBProfile.DISK for Table:multipartInfoTable
2019-08-28 13:05:20,654 [main] INFO  db.DBStoreBuilder (DBStoreBuilder.java:addTable(110)) - using custom profile for table: dTokenTable
2019-08-28 13:05:20,654 [main] INFO  db.DBStoreBuilder (DBStoreBuilder.java:processTables(161)) - Using default column profile:DBProfile.DISK for Table:dTokenTable
2019-08-28 13:05:20,655 [main] INFO  db.DBStoreBuilder (DBStoreBuilder.java:addTable(110)) - using custom profile for table: s3SecretTable
2019-08-28 13:05:20,655 [main] INFO  db.DBStoreBuilder (DBStoreBuilder.java:processTables(161)) - Using default column profile:DBProfile.DISK for Table:s3SecretTable
2019-08-28 13:05:20,655 [main] INFO  db.DBStoreBuilder (DBStoreBuilder.java:addTable(110)) - using custom profile for table: prefixTable
2019-08-28 13:05:20,655 [main] INFO  db.DBStoreBuilder (DBStoreBuilder.java:processTables(161)) - Using default column profile:DBProfile.DISK for Table:prefixTable
2019-08-28 13:05:20,655 [main] INFO  db.DBStoreBuilder (DBStoreBuilder.java:addTable(110)) - using custom profile for table: default
2019-08-28 13:05:20,655 [main] INFO  db.DBStoreBuilder (DBStoreBuilder.java:processTables(167)) - Using default column profile:DBProfile.DISK for Table:default
2019-08-28 13:05:20,656 [main] INFO  db.DBStoreBuilder (DBStoreBuilder.java:getDbProfile(198)) - Using default options. DBProfile.DISK
2019-08-28 13:05:21,280 [main] INFO  ipc.CallQueueManager (CallQueueManager.java:<init>(84)) - Using callQueue: class java.util.concurrent.LinkedBlockingQueue, queueCapacity: 2000, scheduler: class org.apache.hadoop.ipc.DefaultRpcScheduler, ipcBackoff: false.
2019-08-28 13:05:21,281 [Socket Reader #1 for port 46107] INFO  ipc.Server (Server.java:run(1074)) - Starting Socket Reader #1 for port 46107
2019-08-28 13:05:21,296 [main] INFO  om.OzoneManager (OzoneManager.java:start(1259)) - OzoneManager RPC server is listening at localhost/127.0.0.1:46107
2019-08-28 13:05:21,296 [main] INFO  impl.MetricsSystemImpl (MetricsSystemImpl.java:init(158)) - OzoneManager metrics system started (again)
2019-08-28 13:05:21,297 [IPC Server Responder] INFO  ipc.Server (Server.java:run(1314)) - IPC Server Responder: starting
2019-08-28 13:05:21,297 [IPC Server listener on 46107] INFO  ipc.Server (Server.java:run(1153)) - IPC Server listener on 46107: starting
2019-08-28 13:05:21,303 [main] INFO  hdfs.DFSUtil (DFSUtil.java:httpServerTemplateForNNAndJN(1641)) - Starting Web-server for ozoneManager at: http://0.0.0.0:0
2019-08-28 13:05:21,305 [main] INFO  server.AuthenticationFilter (AuthenticationFilter.java:constructSecretProvider(240)) - Unable to initialize FileSignerSecretProvider, falling back to use random secrets.
2019-08-28 13:05:21,306 [main] WARN  http.HttpRequestLog (HttpRequestLog.java:getRequestLog(97)) - Jetty request log can only be enabled using Log4j
2019-08-28 13:05:21,308 [main] INFO  http.HttpServer2 (HttpServer2.java:addGlobalFilter(975)) - Added global filter 'safety' (class=org.apache.hadoop.http.HttpServer2$QuotingInputFilter)
2019-08-28 13:05:21,308 [main] INFO  http.HttpServer2 (HttpServer2.java:addFilter(948)) - Added filter static_user_filter (class=org.apache.hadoop.http.lib.StaticUserWebFilter$StaticUserFilter) to context ozoneManager
2019-08-28 13:05:21,309 [main] INFO  http.HttpServer2 (HttpServer2.java:addFilter(958)) - Added filter static_user_filter (class=org.apache.hadoop.http.lib.StaticUserWebFilter$StaticUserFilter) to context static
2019-08-28 13:05:21,309 [main] INFO  http.HttpServer2 (HttpServer2.java:addFilter(958)) - Added filter static_user_filter (class=org.apache.hadoop.http.lib.StaticUserWebFilter$StaticUserFilter) to context logs
2019-08-28 13:05:21,310 [main] INFO  http.HttpServer2 (HttpServer2.java:bindListener(1191)) - Jetty bound to port 42708
2019-08-28 13:05:21,310 [main] INFO  server.Server (Server.java:doStart(351)) - jetty-9.3.24.v20180605, build timestamp: 2018-06-05T17:11:56Z, git hash: 84205aa28f11a4f31f2a3b86d1bba2cc8ab69827
2019-08-28 13:05:21,312 [main] INFO  handler.ContextHandler (ContextHandler.java:doStart(781)) - Started o.e.j.s.ServletContextHandler@3dfe520{/logs,file:///workdir/hadoop-ozone/integration-test/target/log,AVAILABLE}
2019-08-28 13:05:21,313 [main] INFO  handler.ContextHandler (ContextHandler.java:doStart(781)) - Started o.e.j.s.ServletContextHandler@74e111a8{/static,file:///workdir/hadoop-ozone/integration-test/target/test-classes/webapps/static,AVAILABLE}
2019-08-28 13:05:21,318 [main] INFO  handler.ContextHandler (ContextHandler.java:doStart(781)) - Started o.e.j.w.WebAppContext@470fc16c{/,file:///workdir/hadoop-ozone/integration-test/target/test-classes/webapps/ozoneManager/,AVAILABLE}{/ozoneManager}
2019-08-28 13:05:21,319 [main] INFO  server.AbstractConnector (AbstractConnector.java:doStart(278)) - Started ServerConnector@6d0cc47d{HTTP/1.1,[http/1.1]}{0.0.0.0:42708}
2019-08-28 13:05:21,320 [main] INFO  server.Server (Server.java:doStart(419)) - Started @594115ms
2019-08-28 13:05:21,321 [main] INFO  server.BaseHttpServer (BaseHttpServer.java:updateConnectorAddress(213)) - HTTP server of OZONEMANAGER is listening at http://0.0.0.0:42708
2019-08-28 13:05:21,339 [main] INFO  impl.MetricsSystemImpl (MetricsSystemImpl.java:init(158)) - HddsDatanode metrics system started (again)
2019-08-28 13:05:21,342 [main] INFO  ozone.HddsDatanodeService (HddsDatanodeService.java:start(184)) - HddsDatanodeService host:pr-hdds-2030-bfh46-3754461772 ip:192.168.69.80
2019-08-28 13:05:21,352 [main] INFO  volume.HddsVolume (HddsVolume.java:<init>(176)) - Creating Volume: /workdir/hadoop-ozone/integration-test/target/test-dir/MiniOzoneClusterImpl-b4ee2db5-7e6f-4740-8562-f15ac3dbe928/datanode-0/data/containers/hdds of  storage type : DISK and capacity : 1482555576320
2019-08-28 13:05:21,353 [main] INFO  volume.VolumeSet (VolumeSet.java:initializeVolumeSet(170)) - Added Volume : /workdir/hadoop-ozone/integration-test/target/test-dir/MiniOzoneClusterImpl-b4ee2db5-7e6f-4740-8562-f15ac3dbe928/datanode-0/data/containers/hdds to VolumeSet
2019-08-28 13:05:21,353 [main] INFO  volume.ThrottledAsyncChecker (ThrottledAsyncChecker.java:schedule(140)) - Scheduling a check for org.apache.hadoop.ozone.container.common.volume.HddsVolume@326489c4
2019-08-28 13:05:21,353 [main] INFO  volume.HddsVolumeChecker (HddsVolumeChecker.java:checkAllVolumes(203)) - Scheduled health check for volume org.apache.hadoop.ozone.container.common.volume.HddsVolume@326489c4
2019-08-28 13:05:21,370 [main] INFO  impl.RaftServerProxy (ConfUtils.java:logGet(43)) - raft.rpc.type = GRPC (default)
2019-08-28 13:05:21,370 [main] INFO  grpc.GrpcFactory (GrpcFactory.java:checkPooledByteBufAllocatorUseCacheForAllThreads(45)) - PERFORMANCE WARNING: useCacheForAllThreads is true that may cause Netty to create a lot garbage objects and, as a result, trigger GC.
	It is recommended to disable useCacheForAllThreads by setting -Dorg.apache.ratis.thirdparty.io.netty.allocator.useCacheForAllThreads=false in command line.
2019-08-28 13:05:21,370 [main] INFO  grpc.GrpcConfigKeys$Server (ConfUtils.java:logGet(43)) - raft.grpc.server.port = 0 (default)
2019-08-28 13:05:21,371 [main] INFO  server.GrpcService (ConfUtils.java:logGet(43)) - raft.grpc.message.size.max = 33570816 (custom)
2019-08-28 13:05:21,371 [main] INFO  server.RaftServerConfigKeys (ConfUtils.java:logGet(43)) - raft.server.log.appender.buffer.byte-limit = 33554432 (custom)
2019-08-28 13:05:21,371 [main] INFO  server.GrpcService (ConfUtils.java:logGet(43)) - raft.grpc.flow.control.window = 1MB (=1048576) (default)
2019-08-28 13:05:21,371 [main] INFO  server.RaftServerConfigKeys (ConfUtils.java:logGet(43)) - raft.server.rpc.request.timeout = 3000ms (default)
2019-08-28 13:05:21,372 [main] INFO  server.RaftServerConfigKeys (ConfUtils.java:logGet(43)) - raft.server.storage.dir = [/workdir/hadoop-ozone/integration-test/target/test-dir/MiniOzoneClusterImpl-b4ee2db5-7e6f-4740-8562-f15ac3dbe928/datanode-0/data/ratis] (custom)
2019-08-28 13:05:21,372 [main] INFO  replication.SimpleContainerDownloader (SimpleContainerDownloader.java:<init>(72)) - Starting container downloader service to copy containers to replicate.
2019-08-28 13:05:21,374 [main] INFO  hdfs.DFSUtil (DFSUtil.java:httpServerTemplateForNNAndJN(1641)) - Starting Web-server for hddsDatanode at: http://0.0.0.0:0
2019-08-28 13:05:21,375 [main] INFO  server.AuthenticationFilter (AuthenticationFilter.java:constructSecretProvider(240)) - Unable to initialize FileSignerSecretProvider, falling back to use random secrets.
2019-08-28 13:05:21,376 [main] WARN  http.HttpRequestLog (HttpRequestLog.java:getRequestLog(97)) - Jetty request log can only be enabled using Log4j
2019-08-28 13:05:21,377 [main] INFO  http.HttpServer2 (HttpServer2.java:addGlobalFilter(975)) - Added global filter 'safety' (class=org.apache.hadoop.http.HttpServer2$QuotingInputFilter)
2019-08-28 13:05:21,378 [main] INFO  http.HttpServer2 (HttpServer2.java:addFilter(948)) - Added filter static_user_filter (class=org.apache.hadoop.http.lib.StaticUserWebFilter$StaticUserFilter) to context hddsDatanode
2019-08-28 13:05:21,378 [main] INFO  http.HttpServer2 (HttpServer2.java:addFilter(958)) - Added filter static_user_filter (class=org.apache.hadoop.http.lib.StaticUserWebFilter$StaticUserFilter) to context logs
2019-08-28 13:05:21,378 [main] INFO  http.HttpServer2 (HttpServer2.java:addFilter(958)) - Added filter static_user_filter (class=org.apache.hadoop.http.lib.StaticUserWebFilter$StaticUserFilter) to context static
2019-08-28 13:05:21,379 [main] INFO  http.HttpServer2 (HttpServer2.java:bindListener(1191)) - Jetty bound to port 44061
2019-08-28 13:05:21,379 [main] INFO  server.Server (Server.java:doStart(351)) - jetty-9.3.24.v20180605, build timestamp: 2018-06-05T17:11:56Z, git hash: 84205aa28f11a4f31f2a3b86d1bba2cc8ab69827
2019-08-28 13:05:21,380 [main] INFO  handler.ContextHandler (ContextHandler.java:doStart(781)) - Started o.e.j.s.ServletContextHandler@5dc218e2{/logs,file:///workdir/hadoop-ozone/integration-test/target/log,AVAILABLE}
2019-08-28 13:05:21,381 [main] INFO  handler.ContextHandler (ContextHandler.java:doStart(781)) - Started o.e.j.s.ServletContextHandler@4be6531a{/static,jar:file:/home/user/.m2/repository/org/apache/hadoop/hadoop-hdds-container-service/0.5.0-SNAPSHOT/hadoop-hdds-container-service-0.5.0-SNAPSHOT.jar!/webapps/static,AVAILABLE}
2019-08-28 13:05:21,416 [main] INFO  handler.ContextHandler (ContextHandler.java:doStart(781)) - Started o.e.j.w.WebAppContext@504a9352{/,file:///tmp/jetty-0.0.0.0-44061-hddsDatanode-_-any-3738150232490596593.dir/webapp/,AVAILABLE}{/hddsDatanode}
2019-08-28 13:05:21,417 [main] INFO  server.AbstractConnector (AbstractConnector.java:doStart(278)) - Started ServerConnector@48e1e18a{HTTP/1.1,[http/1.1]}{0.0.0.0:44061}
2019-08-28 13:05:21,418 [main] INFO  server.Server (Server.java:doStart(419)) - Started @594214ms
2019-08-28 13:05:21,419 [main] INFO  server.BaseHttpServer (BaseHttpServer.java:updateConnectorAddress(213)) - HTTP server of HDDSDATANODE is listening at http://0.0.0.0:44061
2019-08-28 13:05:21,536 | INFO  | ObjectStoreRestHttpServer | Listening HDDS REST traffic on /0.0.0.0:42511 |  
2019-08-28 13:05:21,536 [main] INFO  ozone.HddsDatanodeService (HddsDatanodeService.java:startPlugins(395)) - Started plug-in org.apache.hadoop.ozone.web.OzoneHddsDatanodeService@2df0a4c3
2019-08-28 13:05:21,536 [main] INFO  impl.MetricsSystemImpl (MetricsSystemImpl.java:init(158)) - HddsDatanode metrics system started (again)
2019-08-28 13:05:21,539 [org.apache.hadoop.util.JvmPauseMonitor$Monitor@57466ff4] INFO  util.JvmPauseMonitor (JvmPauseMonitor.java:run(188)) - Starting JVM pause monitor
2019-08-28 13:05:21,540 [main] INFO  ozone.HddsDatanodeService (HddsDatanodeService.java:start(184)) - HddsDatanodeService host:pr-hdds-2030-bfh46-3754461772 ip:192.168.69.80
2019-08-28 13:05:21,541 [Datanode State Machine Thread - 0] INFO  datanode.InitDatanodeState (InitDatanodeState.java:persistContainerDatanodeDetails(140)) - DatanodeDetails is persisted to /workdir/hadoop-ozone/integration-test/target/test-dir/MiniOzoneClusterImpl-b4ee2db5-7e6f-4740-8562-f15ac3dbe928/datanode-0/meta/datanode.id
2019-08-28 13:05:21,549 [main] INFO  volume.HddsVolume (HddsVolume.java:<init>(176)) - Creating Volume: /workdir/hadoop-ozone/integration-test/target/test-dir/MiniOzoneClusterImpl-b4ee2db5-7e6f-4740-8562-f15ac3dbe928/datanode-1/data/containers/hdds of  storage type : DISK and capacity : 1482555576320
2019-08-28 13:05:21,549 [main] INFO  volume.VolumeSet (VolumeSet.java:initializeVolumeSet(170)) - Added Volume : /workdir/hadoop-ozone/integration-test/target/test-dir/MiniOzoneClusterImpl-b4ee2db5-7e6f-4740-8562-f15ac3dbe928/datanode-1/data/containers/hdds to VolumeSet
2019-08-28 13:05:21,549 [main] INFO  volume.ThrottledAsyncChecker (ThrottledAsyncChecker.java:schedule(140)) - Scheduling a check for org.apache.hadoop.ozone.container.common.volume.HddsVolume@2fb9695a
2019-08-28 13:05:21,550 [main] INFO  volume.HddsVolumeChecker (HddsVolumeChecker.java:checkAllVolumes(203)) - Scheduled health check for volume org.apache.hadoop.ozone.container.common.volume.HddsVolume@2fb9695a
2019-08-28 13:05:21,578 [main] INFO  impl.RaftServerProxy (ConfUtils.java:logGet(43)) - raft.rpc.type = GRPC (default)
2019-08-28 13:05:21,578 [main] INFO  grpc.GrpcFactory (GrpcFactory.java:checkPooledByteBufAllocatorUseCacheForAllThreads(45)) - PERFORMANCE WARNING: useCacheForAllThreads is true that may cause Netty to create a lot garbage objects and, as a result, trigger GC.
	It is recommended to disable useCacheForAllThreads by setting -Dorg.apache.ratis.thirdparty.io.netty.allocator.useCacheForAllThreads=false in command line.
2019-08-28 13:05:21,578 [main] INFO  grpc.GrpcConfigKeys$Server (ConfUtils.java:logGet(43)) - raft.grpc.server.port = 0 (default)
2019-08-28 13:05:21,579 [main] INFO  server.GrpcService (ConfUtils.java:logGet(43)) - raft.grpc.message.size.max = 33570816 (custom)
2019-08-28 13:05:21,579 [main] INFO  server.RaftServerConfigKeys (ConfUtils.java:logGet(43)) - raft.server.log.appender.buffer.byte-limit = 33554432 (custom)
2019-08-28 13:05:21,580 [main] INFO  server.GrpcService (ConfUtils.java:logGet(43)) - raft.grpc.flow.control.window = 1MB (=1048576) (default)
2019-08-28 13:05:21,580 [main] INFO  server.RaftServerConfigKeys (ConfUtils.java:logGet(43)) - raft.server.rpc.request.timeout = 3000ms (default)
2019-08-28 13:05:21,581 [main] INFO  server.RaftServerConfigKeys (ConfUtils.java:logGet(43)) - raft.server.storage.dir = [/workdir/hadoop-ozone/integration-test/target/test-dir/MiniOzoneClusterImpl-b4ee2db5-7e6f-4740-8562-f15ac3dbe928/datanode-1/data/ratis] (custom)
2019-08-28 13:05:21,581 [main] INFO  replication.SimpleContainerDownloader (SimpleContainerDownloader.java:<init>(72)) - Starting container downloader service to copy containers to replicate.
2019-08-28 13:05:21,583 [main] INFO  hdfs.DFSUtil (DFSUtil.java:httpServerTemplateForNNAndJN(1641)) - Starting Web-server for hddsDatanode at: http://0.0.0.0:0
2019-08-28 13:05:21,584 [main] INFO  server.AuthenticationFilter (AuthenticationFilter.java:constructSecretProvider(240)) - Unable to initialize FileSignerSecretProvider, falling back to use random secrets.
2019-08-28 13:05:21,585 [main] WARN  http.HttpRequestLog (HttpRequestLog.java:getRequestLog(97)) - Jetty request log can only be enabled using Log4j
2019-08-28 13:05:21,586 [main] INFO  http.HttpServer2 (HttpServer2.java:addGlobalFilter(975)) - Added global filter 'safety' (class=org.apache.hadoop.http.HttpServer2$QuotingInputFilter)
2019-08-28 13:05:21,586 [main] INFO  http.HttpServer2 (HttpServer2.java:addFilter(948)) - Added filter static_user_filter (class=org.apache.hadoop.http.lib.StaticUserWebFilter$StaticUserFilter) to context hddsDatanode
2019-08-28 13:05:21,587 [main] INFO  http.HttpServer2 (HttpServer2.java:addFilter(958)) - Added filter static_user_filter (class=org.apache.hadoop.http.lib.StaticUserWebFilter$StaticUserFilter) to context logs
2019-08-28 13:05:21,587 [main] INFO  http.HttpServer2 (HttpServer2.java:addFilter(958)) - Added filter static_user_filter (class=org.apache.hadoop.http.lib.StaticUserWebFilter$StaticUserFilter) to context static
2019-08-28 13:05:21,587 [main] INFO  http.HttpServer2 (HttpServer2.java:bindListener(1191)) - Jetty bound to port 46497
2019-08-28 13:05:21,587 [main] INFO  server.Server (Server.java:doStart(351)) - jetty-9.3.24.v20180605, build timestamp: 2018-06-05T17:11:56Z, git hash: 84205aa28f11a4f31f2a3b86d1bba2cc8ab69827
2019-08-28 13:05:21,589 [main] INFO  handler.ContextHandler (ContextHandler.java:doStart(781)) - Started o.e.j.s.ServletContextHandler@25fb43a9{/logs,file:///workdir/hadoop-ozone/integration-test/target/log,AVAILABLE}
2019-08-28 13:05:21,589 [main] INFO  handler.ContextHandler (ContextHandler.java:doStart(781)) - Started o.e.j.s.ServletContextHandler@6dccdc50{/static,jar:file:/home/user/.m2/repository/org/apache/hadoop/hadoop-hdds-container-service/0.5.0-SNAPSHOT/hadoop-hdds-container-service-0.5.0-SNAPSHOT.jar!/webapps/static,AVAILABLE}
2019-08-28 13:05:21,617 [main] INFO  handler.ContextHandler (ContextHandler.java:doStart(781)) - Started o.e.j.w.WebAppContext@1ced1fb9{/,file:///tmp/jetty-0.0.0.0-46497-hddsDatanode-_-any-1518997395319070400.dir/webapp/,AVAILABLE}{/hddsDatanode}
2019-08-28 13:05:21,617 [main] INFO  server.AbstractConnector (AbstractConnector.java:doStart(278)) - Started ServerConnector@5d28e108{HTTP/1.1,[http/1.1]}{0.0.0.0:46497}
2019-08-28 13:05:21,619 [main] INFO  server.Server (Server.java:doStart(419)) - Started @594414ms
2019-08-28 13:05:21,620 [main] INFO  server.BaseHttpServer (BaseHttpServer.java:updateConnectorAddress(213)) - HTTP server of HDDSDATANODE is listening at http://0.0.0.0:46497
2019-08-28 13:05:22,013 | INFO  | ObjectStoreRestHttpServer | Listening HDDS REST traffic on /0.0.0.0:40197 |  
2019-08-28 13:05:22,014 [main] INFO  ozone.HddsDatanodeService (HddsDatanodeService.java:startPlugins(395)) - Started plug-in org.apache.hadoop.ozone.web.OzoneHddsDatanodeService@26864891
2019-08-28 13:05:22,015 [main] INFO  impl.MetricsSystemImpl (MetricsSystemImpl.java:init(158)) - HddsDatanode metrics system started (again)
2019-08-28 13:05:22,019 [main] INFO  ozone.HddsDatanodeService (HddsDatanodeService.java:start(184)) - HddsDatanodeService host:pr-hdds-2030-bfh46-3754461772 ip:192.168.69.80
2019-08-28 13:05:22,019 [org.apache.hadoop.util.JvmPauseMonitor$Monitor@cbf12bf] INFO  util.JvmPauseMonitor (JvmPauseMonitor.java:run(188)) - Starting JVM pause monitor
2019-08-28 13:05:22,021 [Datanode State Machine Thread - 0] INFO  datanode.InitDatanodeState (InitDatanodeState.java:persistContainerDatanodeDetails(140)) - DatanodeDetails is persisted to /workdir/hadoop-ozone/integration-test/target/test-dir/MiniOzoneClusterImpl-b4ee2db5-7e6f-4740-8562-f15ac3dbe928/datanode-1/meta/datanode.id
2019-08-28 13:05:22,028 [main] INFO  volume.HddsVolume (HddsVolume.java:<init>(176)) - Creating Volume: /workdir/hadoop-ozone/integration-test/target/test-dir/MiniOzoneClusterImpl-b4ee2db5-7e6f-4740-8562-f15ac3dbe928/datanode-2/data/containers/hdds of  storage type : DISK and capacity : 1482555576320
2019-08-28 13:05:22,028 [main] INFO  volume.VolumeSet (VolumeSet.java:initializeVolumeSet(170)) - Added Volume : /workdir/hadoop-ozone/integration-test/target/test-dir/MiniOzoneClusterImpl-b4ee2db5-7e6f-4740-8562-f15ac3dbe928/datanode-2/data/containers/hdds to VolumeSet
2019-08-28 13:05:22,028 [main] INFO  volume.ThrottledAsyncChecker (ThrottledAsyncChecker.java:schedule(140)) - Scheduling a check for org.apache.hadoop.ozone.container.common.volume.HddsVolume@8788194
2019-08-28 13:05:22,029 [main] INFO  volume.HddsVolumeChecker (HddsVolumeChecker.java:checkAllVolumes(203)) - Scheduled health check for volume org.apache.hadoop.ozone.container.common.volume.HddsVolume@8788194
2019-08-28 13:05:22,041 [main] INFO  impl.RaftServerProxy (ConfUtils.java:logGet(43)) - raft.rpc.type = GRPC (default)
2019-08-28 13:05:22,041 [main] INFO  grpc.GrpcFactory (GrpcFactory.java:checkPooledByteBufAllocatorUseCacheForAllThreads(45)) - PERFORMANCE WARNING: useCacheForAllThreads is true that may cause Netty to create a lot garbage objects and, as a result, trigger GC.
	It is recommended to disable useCacheForAllThreads by setting -Dorg.apache.ratis.thirdparty.io.netty.allocator.useCacheForAllThreads=false in command line.
2019-08-28 13:05:22,041 [main] INFO  grpc.GrpcConfigKeys$Server (ConfUtils.java:logGet(43)) - raft.grpc.server.port = 0 (default)
2019-08-28 13:05:22,041 [main] INFO  server.GrpcService (ConfUtils.java:logGet(43)) - raft.grpc.message.size.max = 33570816 (custom)
2019-08-28 13:05:22,042 [main] INFO  server.RaftServerConfigKeys (ConfUtils.java:logGet(43)) - raft.server.log.appender.buffer.byte-limit = 33554432 (custom)
2019-08-28 13:05:22,042 [main] INFO  server.GrpcService (ConfUtils.java:logGet(43)) - raft.grpc.flow.control.window = 1MB (=1048576) (default)
2019-08-28 13:05:22,042 [main] INFO  server.RaftServerConfigKeys (ConfUtils.java:logGet(43)) - raft.server.rpc.request.timeout = 3000ms (default)
2019-08-28 13:05:22,042 [main] INFO  server.RaftServerConfigKeys (ConfUtils.java:logGet(43)) - raft.server.storage.dir = [/workdir/hadoop-ozone/integration-test/target/test-dir/MiniOzoneClusterImpl-b4ee2db5-7e6f-4740-8562-f15ac3dbe928/datanode-2/data/ratis] (custom)
2019-08-28 13:05:22,043 [main] INFO  replication.SimpleContainerDownloader (SimpleContainerDownloader.java:<init>(72)) - Starting container downloader service to copy containers to replicate.
2019-08-28 13:05:22,044 [main] INFO  hdfs.DFSUtil (DFSUtil.java:httpServerTemplateForNNAndJN(1641)) - Starting Web-server for hddsDatanode at: http://0.0.0.0:0
2019-08-28 13:05:22,045 [main] INFO  server.AuthenticationFilter (AuthenticationFilter.java:constructSecretProvider(240)) - Unable to initialize FileSignerSecretProvider, falling back to use random secrets.
2019-08-28 13:05:22,045 [main] WARN  http.HttpRequestLog (HttpRequestLog.java:getRequestLog(97)) - Jetty request log can only be enabled using Log4j
2019-08-28 13:05:22,046 [main] INFO  http.HttpServer2 (HttpServer2.java:addGlobalFilter(975)) - Added global filter 'safety' (class=org.apache.hadoop.http.HttpServer2$QuotingInputFilter)
2019-08-28 13:05:22,047 [main] INFO  http.HttpServer2 (HttpServer2.java:addFilter(948)) - Added filter static_user_filter (class=org.apache.hadoop.http.lib.StaticUserWebFilter$StaticUserFilter) to context hddsDatanode
2019-08-28 13:05:22,047 [main] INFO  http.HttpServer2 (HttpServer2.java:addFilter(958)) - Added filter static_user_filter (class=org.apache.hadoop.http.lib.StaticUserWebFilter$StaticUserFilter) to context logs
2019-08-28 13:05:22,047 [main] INFO  http.HttpServer2 (HttpServer2.java:addFilter(958)) - Added filter static_user_filter (class=org.apache.hadoop.http.lib.StaticUserWebFilter$StaticUserFilter) to context static
2019-08-28 13:05:22,048 [main] INFO  http.HttpServer2 (HttpServer2.java:bindListener(1191)) - Jetty bound to port 45900
2019-08-28 13:05:22,048 [main] INFO  server.Server (Server.java:doStart(351)) - jetty-9.3.24.v20180605, build timestamp: 2018-06-05T17:11:56Z, git hash: 84205aa28f11a4f31f2a3b86d1bba2cc8ab69827
2019-08-28 13:05:22,049 [main] INFO  handler.ContextHandler (ContextHandler.java:doStart(781)) - Started o.e.j.s.ServletContextHandler@50177966{/logs,file:///workdir/hadoop-ozone/integration-test/target/log,AVAILABLE}
2019-08-28 13:05:22,050 [main] INFO  handler.ContextHandler (ContextHandler.java:doStart(781)) - Started o.e.j.s.ServletContextHandler@1c63b39a{/static,jar:file:/home/user/.m2/repository/org/apache/hadoop/hadoop-hdds-container-service/0.5.0-SNAPSHOT/hadoop-hdds-container-service-0.5.0-SNAPSHOT.jar!/webapps/static,AVAILABLE}
2019-08-28 13:05:22,077 [main] INFO  handler.ContextHandler (ContextHandler.java:doStart(781)) - Started o.e.j.w.WebAppContext@13a35d3b{/,file:///tmp/jetty-0.0.0.0-45900-hddsDatanode-_-any-2805306200773881447.dir/webapp/,AVAILABLE}{/hddsDatanode}
2019-08-28 13:05:22,077 [main] INFO  server.AbstractConnector (AbstractConnector.java:doStart(278)) - Started ServerConnector@1cd93693{HTTP/1.1,[http/1.1]}{0.0.0.0:45900}
2019-08-28 13:05:22,078 [main] INFO  server.Server (Server.java:doStart(419)) - Started @594874ms
2019-08-28 13:05:22,079 [main] INFO  server.BaseHttpServer (BaseHttpServer.java:updateConnectorAddress(213)) - HTTP server of HDDSDATANODE is listening at http://0.0.0.0:45900
2019-08-28 13:05:22,193 | INFO  | ObjectStoreRestHttpServer | Listening HDDS REST traffic on /0.0.0.0:41526 |  
2019-08-28 13:05:22,193 [main] INFO  ozone.HddsDatanodeService (HddsDatanodeService.java:startPlugins(395)) - Started plug-in org.apache.hadoop.ozone.web.OzoneHddsDatanodeService@5a004dd4
2019-08-28 13:05:22,194 [main] INFO  impl.MetricsSystemImpl (MetricsSystemImpl.java:init(158)) - HddsDatanode metrics system started (again)
2019-08-28 13:05:22,196 [org.apache.hadoop.util.JvmPauseMonitor$Monitor@a7f7f29] INFO  util.JvmPauseMonitor (JvmPauseMonitor.java:run(188)) - Starting JVM pause monitor
2019-08-28 13:05:22,197 [main] INFO  ozone.HddsDatanodeService (HddsDatanodeService.java:start(184)) - HddsDatanodeService host:pr-hdds-2030-bfh46-3754461772 ip:192.168.69.80
2019-08-28 13:05:22,197 [Datanode State Machine Thread - 0] INFO  datanode.InitDatanodeState (InitDatanodeState.java:persistContainerDatanodeDetails(140)) - DatanodeDetails is persisted to /workdir/hadoop-ozone/integration-test/target/test-dir/MiniOzoneClusterImpl-b4ee2db5-7e6f-4740-8562-f15ac3dbe928/datanode-2/meta/datanode.id
2019-08-28 13:05:22,204 [main] INFO  volume.HddsVolume (HddsVolume.java:<init>(176)) - Creating Volume: /workdir/hadoop-ozone/integration-test/target/test-dir/MiniOzoneClusterImpl-b4ee2db5-7e6f-4740-8562-f15ac3dbe928/datanode-3/data/containers/hdds of  storage type : DISK and capacity : 1482555576320
2019-08-28 13:05:22,205 [main] INFO  volume.VolumeSet (VolumeSet.java:initializeVolumeSet(170)) - Added Volume : /workdir/hadoop-ozone/integration-test/target/test-dir/MiniOzoneClusterImpl-b4ee2db5-7e6f-4740-8562-f15ac3dbe928/datanode-3/data/containers/hdds to VolumeSet
2019-08-28 13:05:22,205 [main] INFO  volume.ThrottledAsyncChecker (ThrottledAsyncChecker.java:schedule(140)) - Scheduling a check for org.apache.hadoop.ozone.container.common.volume.HddsVolume@6ea4b4b2
2019-08-28 13:05:22,205 [main] INFO  volume.HddsVolumeChecker (HddsVolumeChecker.java:checkAllVolumes(203)) - Scheduled health check for volume org.apache.hadoop.ozone.container.common.volume.HddsVolume@6ea4b4b2
2019-08-28 13:05:22,217 [main] INFO  impl.RaftServerProxy (ConfUtils.java:logGet(43)) - raft.rpc.type = GRPC (default)
2019-08-28 13:05:22,217 [main] INFO  grpc.GrpcFactory (GrpcFactory.java:checkPooledByteBufAllocatorUseCacheForAllThreads(45)) - PERFORMANCE WARNING: useCacheForAllThreads is true that may cause Netty to create a lot garbage objects and, as a result, trigger GC.
	It is recommended to disable useCacheForAllThreads by setting -Dorg.apache.ratis.thirdparty.io.netty.allocator.useCacheForAllThreads=false in command line.
2019-08-28 13:05:22,218 [main] INFO  grpc.GrpcConfigKeys$Server (ConfUtils.java:logGet(43)) - raft.grpc.server.port = 0 (default)
2019-08-28 13:05:22,218 [main] INFO  server.GrpcService (ConfUtils.java:logGet(43)) - raft.grpc.message.size.max = 33570816 (custom)
2019-08-28 13:05:22,218 [main] INFO  server.RaftServerConfigKeys (ConfUtils.java:logGet(43)) - raft.server.log.appender.buffer.byte-limit = 33554432 (custom)
2019-08-28 13:05:22,218 [main] INFO  server.GrpcService (ConfUtils.java:logGet(43)) - raft.grpc.flow.control.window = 1MB (=1048576) (default)
2019-08-28 13:05:22,218 [main] INFO  server.RaftServerConfigKeys (ConfUtils.java:logGet(43)) - raft.server.rpc.request.timeout = 3000ms (default)
2019-08-28 13:05:22,219 [main] INFO  server.RaftServerConfigKeys (ConfUtils.java:logGet(43)) - raft.server.storage.dir = [/workdir/hadoop-ozone/integration-test/target/test-dir/MiniOzoneClusterImpl-b4ee2db5-7e6f-4740-8562-f15ac3dbe928/datanode-3/data/ratis] (custom)
2019-08-28 13:05:22,219 [main] INFO  replication.SimpleContainerDownloader (SimpleContainerDownloader.java:<init>(72)) - Starting container downloader service to copy containers to replicate.
2019-08-28 13:05:22,220 [main] INFO  hdfs.DFSUtil (DFSUtil.java:httpServerTemplateForNNAndJN(1641)) - Starting Web-server for hddsDatanode at: http://0.0.0.0:0
2019-08-28 13:05:22,221 [main] INFO  server.AuthenticationFilter (AuthenticationFilter.java:constructSecretProvider(240)) - Unable to initialize FileSignerSecretProvider, falling back to use random secrets.
2019-08-28 13:05:22,222 [main] WARN  http.HttpRequestLog (HttpRequestLog.java:getRequestLog(97)) - Jetty request log can only be enabled using Log4j
2019-08-28 13:05:22,223 [main] INFO  http.HttpServer2 (HttpServer2.java:addGlobalFilter(975)) - Added global filter 'safety' (class=org.apache.hadoop.http.HttpServer2$QuotingInputFilter)
2019-08-28 13:05:22,223 [main] INFO  http.HttpServer2 (HttpServer2.java:addFilter(948)) - Added filter static_user_filter (class=org.apache.hadoop.http.lib.StaticUserWebFilter$StaticUserFilter) to context hddsDatanode
2019-08-28 13:05:22,223 [main] INFO  http.HttpServer2 (HttpServer2.java:addFilter(958)) - Added filter static_user_filter (class=org.apache.hadoop.http.lib.StaticUserWebFilter$StaticUserFilter) to context static
2019-08-28 13:05:22,223 [main] INFO  http.HttpServer2 (HttpServer2.java:addFilter(958)) - Added filter static_user_filter (class=org.apache.hadoop.http.lib.StaticUserWebFilter$StaticUserFilter) to context logs
2019-08-28 13:05:22,224 [main] INFO  http.HttpServer2 (HttpServer2.java:bindListener(1191)) - Jetty bound to port 36211
2019-08-28 13:05:22,224 [main] INFO  server.Server (Server.java:doStart(351)) - jetty-9.3.24.v20180605, build timestamp: 2018-06-05T17:11:56Z, git hash: 84205aa28f11a4f31f2a3b86d1bba2cc8ab69827
2019-08-28 13:05:22,225 [main] INFO  handler.ContextHandler (ContextHandler.java:doStart(781)) - Started o.e.j.s.ServletContextHandler@3c48bbf3{/logs,file:///workdir/hadoop-ozone/integration-test/target/log,AVAILABLE}
2019-08-28 13:05:22,226 [main] INFO  handler.ContextHandler (ContextHandler.java:doStart(781)) - Started o.e.j.s.ServletContextHandler@25bfc558{/static,jar:file:/home/user/.m2/repository/org/apache/hadoop/hadoop-hdds-container-service/0.5.0-SNAPSHOT/hadoop-hdds-container-service-0.5.0-SNAPSHOT.jar!/webapps/static,AVAILABLE}
2019-08-28 13:05:22,252 [main] INFO  handler.ContextHandler (ContextHandler.java:doStart(781)) - Started o.e.j.w.WebAppContext@3217e970{/,file:///tmp/jetty-0.0.0.0-36211-hddsDatanode-_-any-4936202545849759800.dir/webapp/,AVAILABLE}{/hddsDatanode}
2019-08-28 13:05:22,253 [main] INFO  server.AbstractConnector (AbstractConnector.java:doStart(278)) - Started ServerConnector@6d0d5147{HTTP/1.1,[http/1.1]}{0.0.0.0:36211}
2019-08-28 13:05:22,254 [main] INFO  server.Server (Server.java:doStart(419)) - Started @595050ms
2019-08-28 13:05:22,255 [main] INFO  server.BaseHttpServer (BaseHttpServer.java:updateConnectorAddress(213)) - HTTP server of HDDSDATANODE is listening at http://0.0.0.0:36211
2019-08-28 13:05:22,380 | INFO  | ObjectStoreRestHttpServer | Listening HDDS REST traffic on /0.0.0.0:45887 |  
2019-08-28 13:05:22,380 [main] INFO  ozone.HddsDatanodeService (HddsDatanodeService.java:startPlugins(395)) - Started plug-in org.apache.hadoop.ozone.web.OzoneHddsDatanodeService@62a89e92
2019-08-28 13:05:22,380 [main] INFO  impl.MetricsSystemImpl (MetricsSystemImpl.java:init(158)) - HddsDatanode metrics system started (again)
2019-08-28 13:05:22,384 [org.apache.hadoop.util.JvmPauseMonitor$Monitor@43ed3fac] INFO  util.JvmPauseMonitor (JvmPauseMonitor.java:run(188)) - Starting JVM pause monitor
2019-08-28 13:05:22,384 [main] INFO  ozone.HddsDatanodeService (HddsDatanodeService.java:start(184)) - HddsDatanodeService host:pr-hdds-2030-bfh46-3754461772 ip:192.168.69.80
2019-08-28 13:05:22,385 [Datanode State Machine Thread - 0] INFO  datanode.InitDatanodeState (InitDatanodeState.java:persistContainerDatanodeDetails(140)) - DatanodeDetails is persisted to /workdir/hadoop-ozone/integration-test/target/test-dir/MiniOzoneClusterImpl-b4ee2db5-7e6f-4740-8562-f15ac3dbe928/datanode-3/meta/datanode.id
2019-08-28 13:05:22,394 [main] INFO  volume.HddsVolume (HddsVolume.java:<init>(176)) - Creating Volume: /workdir/hadoop-ozone/integration-test/target/test-dir/MiniOzoneClusterImpl-b4ee2db5-7e6f-4740-8562-f15ac3dbe928/datanode-4/data/containers/hdds of  storage type : DISK and capacity : 1482555576320
2019-08-28 13:05:22,394 [main] INFO  volume.VolumeSet (VolumeSet.java:initializeVolumeSet(170)) - Added Volume : /workdir/hadoop-ozone/integration-test/target/test-dir/MiniOzoneClusterImpl-b4ee2db5-7e6f-4740-8562-f15ac3dbe928/datanode-4/data/containers/hdds to VolumeSet
2019-08-28 13:05:22,394 [main] INFO  volume.ThrottledAsyncChecker (ThrottledAsyncChecker.java:schedule(140)) - Scheduling a check for org.apache.hadoop.ozone.container.common.volume.HddsVolume@1bc80978
2019-08-28 13:05:22,395 [main] INFO  volume.HddsVolumeChecker (HddsVolumeChecker.java:checkAllVolumes(203)) - Scheduled health check for volume org.apache.hadoop.ozone.container.common.volume.HddsVolume@1bc80978
2019-08-28 13:05:22,409 [main] INFO  impl.RaftServerProxy (ConfUtils.java:logGet(43)) - raft.rpc.type = GRPC (default)
2019-08-28 13:05:22,409 [main] INFO  grpc.GrpcFactory (GrpcFactory.java:checkPooledByteBufAllocatorUseCacheForAllThreads(45)) - PERFORMANCE WARNING: useCacheForAllThreads is true that may cause Netty to create a lot garbage objects and, as a result, trigger GC.
	It is recommended to disable useCacheForAllThreads by setting -Dorg.apache.ratis.thirdparty.io.netty.allocator.useCacheForAllThreads=false in command line.
2019-08-28 13:05:22,409 [main] INFO  grpc.GrpcConfigKeys$Server (ConfUtils.java:logGet(43)) - raft.grpc.server.port = 0 (default)
2019-08-28 13:05:22,409 [main] INFO  server.GrpcService (ConfUtils.java:logGet(43)) - raft.grpc.message.size.max = 33570816 (custom)
2019-08-28 13:05:22,410 [main] INFO  server.RaftServerConfigKeys (ConfUtils.java:logGet(43)) - raft.server.log.appender.buffer.byte-limit = 33554432 (custom)
2019-08-28 13:05:22,410 [main] INFO  server.GrpcService (ConfUtils.java:logGet(43)) - raft.grpc.flow.control.window = 1MB (=1048576) (default)
2019-08-28 13:05:22,410 [main] INFO  server.RaftServerConfigKeys (ConfUtils.java:logGet(43)) - raft.server.rpc.request.timeout = 3000ms (default)
2019-08-28 13:05:22,410 [main] INFO  server.RaftServerConfigKeys (ConfUtils.java:logGet(43)) - raft.server.storage.dir = [/workdir/hadoop-ozone/integration-test/target/test-dir/MiniOzoneClusterImpl-b4ee2db5-7e6f-4740-8562-f15ac3dbe928/datanode-4/data/ratis] (custom)
2019-08-28 13:05:22,411 [main] INFO  replication.SimpleContainerDownloader (SimpleContainerDownloader.java:<init>(72)) - Starting container downloader service to copy containers to replicate.
2019-08-28 13:05:22,412 [main] INFO  hdfs.DFSUtil (DFSUtil.java:httpServerTemplateForNNAndJN(1641)) - Starting Web-server for hddsDatanode at: http://0.0.0.0:0
2019-08-28 13:05:22,413 [main] INFO  server.AuthenticationFilter (AuthenticationFilter.java:constructSecretProvider(240)) - Unable to initialize FileSignerSecretProvider, falling back to use random secrets.
2019-08-28 13:05:22,413 [main] WARN  http.HttpRequestLog (HttpRequestLog.java:getRequestLog(97)) - Jetty request log can only be enabled using Log4j
2019-08-28 13:05:22,415 [main] INFO  http.HttpServer2 (HttpServer2.java:addGlobalFilter(975)) - Added global filter 'safety' (class=org.apache.hadoop.http.HttpServer2$QuotingInputFilter)
2019-08-28 13:05:22,415 [main] INFO  http.HttpServer2 (HttpServer2.java:addFilter(948)) - Added filter static_user_filter (class=org.apache.hadoop.http.lib.StaticUserWebFilter$StaticUserFilter) to context hddsDatanode
2019-08-28 13:05:22,415 [main] INFO  http.HttpServer2 (HttpServer2.java:addFilter(958)) - Added filter static_user_filter (class=org.apache.hadoop.http.lib.StaticUserWebFilter$StaticUserFilter) to context logs
2019-08-28 13:05:22,415 [main] INFO  http.HttpServer2 (HttpServer2.java:addFilter(958)) - Added filter static_user_filter (class=org.apache.hadoop.http.lib.StaticUserWebFilter$StaticUserFilter) to context static
2019-08-28 13:05:22,416 [main] INFO  http.HttpServer2 (HttpServer2.java:bindListener(1191)) - Jetty bound to port 44171
2019-08-28 13:05:22,416 [main] INFO  server.Server (Server.java:doStart(351)) - jetty-9.3.24.v20180605, build timestamp: 2018-06-05T17:11:56Z, git hash: 84205aa28f11a4f31f2a3b86d1bba2cc8ab69827
2019-08-28 13:05:22,418 [main] INFO  handler.ContextHandler (ContextHandler.java:doStart(781)) - Started o.e.j.s.ServletContextHandler@67e7fe73{/logs,file:///workdir/hadoop-ozone/integration-test/target/log,AVAILABLE}
2019-08-28 13:05:22,418 [main] INFO  handler.ContextHandler (ContextHandler.java:doStart(781)) - Started o.e.j.s.ServletContextHandler@4d7a4317{/static,jar:file:/home/user/.m2/repository/org/apache/hadoop/hadoop-hdds-container-service/0.5.0-SNAPSHOT/hadoop-hdds-container-service-0.5.0-SNAPSHOT.jar!/webapps/static,AVAILABLE}
2019-08-28 13:05:22,447 [main] INFO  handler.ContextHandler (ContextHandler.java:doStart(781)) - Started o.e.j.w.WebAppContext@54b88247{/,file:///tmp/jetty-0.0.0.0-44171-hddsDatanode-_-any-1665381984842940642.dir/webapp/,AVAILABLE}{/hddsDatanode}
2019-08-28 13:05:22,447 [main] INFO  server.AbstractConnector (AbstractConnector.java:doStart(278)) - Started ServerConnector@54eea16c{HTTP/1.1,[http/1.1]}{0.0.0.0:44171}
2019-08-28 13:05:22,449 [main] INFO  server.Server (Server.java:doStart(419)) - Started @595244ms
2019-08-28 13:05:22,450 [main] INFO  server.BaseHttpServer (BaseHttpServer.java:updateConnectorAddress(213)) - HTTP server of HDDSDATANODE is listening at http://0.0.0.0:44171
2019-08-28 13:05:22,572 | INFO  | ObjectStoreRestHttpServer | Listening HDDS REST traffic on /0.0.0.0:43956 |  
2019-08-28 13:05:22,572 [main] INFO  ozone.HddsDatanodeService (HddsDatanodeService.java:startPlugins(395)) - Started plug-in org.apache.hadoop.ozone.web.OzoneHddsDatanodeService@15311af2
2019-08-28 13:05:22,572 [main] INFO  impl.MetricsSystemImpl (MetricsSystemImpl.java:init(158)) - HddsDatanode metrics system started (again)
2019-08-28 13:05:22,576 [org.apache.hadoop.util.JvmPauseMonitor$Monitor@fdde7d0] INFO  util.JvmPauseMonitor (JvmPauseMonitor.java:run(188)) - Starting JVM pause monitor
2019-08-28 13:05:22,577 [main] INFO  ozone.HddsDatanodeService (HddsDatanodeService.java:start(184)) - HddsDatanodeService host:pr-hdds-2030-bfh46-3754461772 ip:192.168.69.80
2019-08-28 13:05:22,577 [Datanode State Machine Thread - 0] INFO  datanode.InitDatanodeState (InitDatanodeState.java:persistContainerDatanodeDetails(140)) - DatanodeDetails is persisted to /workdir/hadoop-ozone/integration-test/target/test-dir/MiniOzoneClusterImpl-b4ee2db5-7e6f-4740-8562-f15ac3dbe928/datanode-4/meta/datanode.id
2019-08-28 13:05:22,587 [main] INFO  volume.HddsVolume (HddsVolume.java:<init>(176)) - Creating Volume: /workdir/hadoop-ozone/integration-test/target/test-dir/MiniOzoneClusterImpl-b4ee2db5-7e6f-4740-8562-f15ac3dbe928/datanode-5/data/containers/hdds of  storage type : DISK and capacity : 1482555576320
2019-08-28 13:05:22,587 [main] INFO  volume.VolumeSet (VolumeSet.java:initializeVolumeSet(170)) - Added Volume : /workdir/hadoop-ozone/integration-test/target/test-dir/MiniOzoneClusterImpl-b4ee2db5-7e6f-4740-8562-f15ac3dbe928/datanode-5/data/containers/hdds to VolumeSet
2019-08-28 13:05:22,587 [main] INFO  volume.ThrottledAsyncChecker (ThrottledAsyncChecker.java:schedule(140)) - Scheduling a check for org.apache.hadoop.ozone.container.common.volume.HddsVolume@b45e264
2019-08-28 13:05:22,588 [main] INFO  volume.HddsVolumeChecker (HddsVolumeChecker.java:checkAllVolumes(203)) - Scheduled health check for volume org.apache.hadoop.ozone.container.common.volume.HddsVolume@b45e264
2019-08-28 13:05:22,608 [main] INFO  impl.RaftServerProxy (ConfUtils.java:logGet(43)) - raft.rpc.type = GRPC (default)
2019-08-28 13:05:22,608 [main] INFO  grpc.GrpcFactory (GrpcFactory.java:checkPooledByteBufAllocatorUseCacheForAllThreads(45)) - PERFORMANCE WARNING: useCacheForAllThreads is true that may cause Netty to create a lot garbage objects and, as a result, trigger GC.
	It is recommended to disable useCacheForAllThreads by setting -Dorg.apache.ratis.thirdparty.io.netty.allocator.useCacheForAllThreads=false in command line.
2019-08-28 13:05:22,608 [main] INFO  grpc.GrpcConfigKeys$Server (ConfUtils.java:logGet(43)) - raft.grpc.server.port = 0 (default)
2019-08-28 13:05:22,609 [main] INFO  server.GrpcService (ConfUtils.java:logGet(43)) - raft.grpc.message.size.max = 33570816 (custom)
2019-08-28 13:05:22,609 [main] INFO  server.RaftServerConfigKeys (ConfUtils.java:logGet(43)) - raft.server.log.appender.buffer.byte-limit = 33554432 (custom)
2019-08-28 13:05:22,609 [main] INFO  server.GrpcService (ConfUtils.java:logGet(43)) - raft.grpc.flow.control.window = 1MB (=1048576) (default)
2019-08-28 13:05:22,609 [main] INFO  server.RaftServerConfigKeys (ConfUtils.java:logGet(43)) - raft.server.rpc.request.timeout = 3000ms (default)
2019-08-28 13:05:22,610 [main] INFO  server.RaftServerConfigKeys (ConfUtils.java:logGet(43)) - raft.server.storage.dir = [/workdir/hadoop-ozone/integration-test/target/test-dir/MiniOzoneClusterImpl-b4ee2db5-7e6f-4740-8562-f15ac3dbe928/datanode-5/data/ratis] (custom)
2019-08-28 13:05:22,610 [main] INFO  replication.SimpleContainerDownloader (SimpleContainerDownloader.java:<init>(72)) - Starting container downloader service to copy containers to replicate.
2019-08-28 13:05:22,612 [main] INFO  hdfs.DFSUtil (DFSUtil.java:httpServerTemplateForNNAndJN(1641)) - Starting Web-server for hddsDatanode at: http://0.0.0.0:0
2019-08-28 13:05:22,614 [main] INFO  server.AuthenticationFilter (AuthenticationFilter.java:constructSecretProvider(240)) - Unable to initialize FileSignerSecretProvider, falling back to use random secrets.
2019-08-28 13:05:22,615 [main] WARN  http.HttpRequestLog (HttpRequestLog.java:getRequestLog(97)) - Jetty request log can only be enabled using Log4j
2019-08-28 13:05:22,617 [main] INFO  http.HttpServer2 (HttpServer2.java:addGlobalFilter(975)) - Added global filter 'safety' (class=org.apache.hadoop.http.HttpServer2$QuotingInputFilter)
2019-08-28 13:05:22,618 [main] INFO  http.HttpServer2 (HttpServer2.java:addFilter(948)) - Added filter static_user_filter (class=org.apache.hadoop.http.lib.StaticUserWebFilter$StaticUserFilter) to context hddsDatanode
2019-08-28 13:05:22,618 [main] INFO  http.HttpServer2 (HttpServer2.java:addFilter(958)) - Added filter static_user_filter (class=org.apache.hadoop.http.lib.StaticUserWebFilter$StaticUserFilter) to context logs
2019-08-28 13:05:22,618 [main] INFO  http.HttpServer2 (HttpServer2.java:addFilter(958)) - Added filter static_user_filter (class=org.apache.hadoop.http.lib.StaticUserWebFilter$StaticUserFilter) to context static
2019-08-28 13:05:22,619 [main] INFO  http.HttpServer2 (HttpServer2.java:bindListener(1191)) - Jetty bound to port 34867
2019-08-28 13:05:22,620 [main] INFO  server.Server (Server.java:doStart(351)) - jetty-9.3.24.v20180605, build timestamp: 2018-06-05T17:11:56Z, git hash: 84205aa28f11a4f31f2a3b86d1bba2cc8ab69827
2019-08-28 13:05:22,622 [main] INFO  handler.ContextHandler (ContextHandler.java:doStart(781)) - Started o.e.j.s.ServletContextHandler@4821e1a3{/logs,file:///workdir/hadoop-ozone/integration-test/target/log,AVAILABLE}
2019-08-28 13:05:22,622 [main] INFO  handler.ContextHandler (ContextHandler.java:doStart(781)) - Started o.e.j.s.ServletContextHandler@70b437bb{/static,jar:file:/home/user/.m2/repository/org/apache/hadoop/hadoop-hdds-container-service/0.5.0-SNAPSHOT/hadoop-hdds-container-service-0.5.0-SNAPSHOT.jar!/webapps/static,AVAILABLE}
2019-08-28 13:05:22,663 [main] INFO  handler.ContextHandler (ContextHandler.java:doStart(781)) - Started o.e.j.w.WebAppContext@6e1d939e{/,file:///tmp/jetty-0.0.0.0-34867-hddsDatanode-_-any-1684308070856502685.dir/webapp/,AVAILABLE}{/hddsDatanode}
2019-08-28 13:05:22,664 [main] INFO  server.AbstractConnector (AbstractConnector.java:doStart(278)) - Started ServerConnector@56929ce{HTTP/1.1,[http/1.1]}{0.0.0.0:34867}
2019-08-28 13:05:22,667 [main] INFO  server.Server (Server.java:doStart(419)) - Started @595463ms
2019-08-28 13:05:22,668 [main] INFO  server.BaseHttpServer (BaseHttpServer.java:updateConnectorAddress(213)) - HTTP server of HDDSDATANODE is listening at http://0.0.0.0:34867
2019-08-28 13:05:22,815 | INFO  | ObjectStoreRestHttpServer | Listening HDDS REST traffic on /0.0.0.0:34835 |  
2019-08-28 13:05:22,815 [main] INFO  ozone.HddsDatanodeService (HddsDatanodeService.java:startPlugins(395)) - Started plug-in org.apache.hadoop.ozone.web.OzoneHddsDatanodeService@68330024
2019-08-28 13:05:22,815 [main] INFO  impl.MetricsSystemImpl (MetricsSystemImpl.java:init(158)) - HddsDatanode metrics system started (again)
2019-08-28 13:05:22,820 [org.apache.hadoop.util.JvmPauseMonitor$Monitor@7f55d0c7] INFO  util.JvmPauseMonitor (JvmPauseMonitor.java:run(188)) - Starting JVM pause monitor
2019-08-28 13:05:22,820 [main] INFO  ozone.HddsDatanodeService (HddsDatanodeService.java:start(184)) - HddsDatanodeService host:pr-hdds-2030-bfh46-3754461772 ip:192.168.69.80
2019-08-28 13:05:22,822 [Datanode State Machine Thread - 0] INFO  datanode.InitDatanodeState (InitDatanodeState.java:persistContainerDatanodeDetails(140)) - DatanodeDetails is persisted to /workdir/hadoop-ozone/integration-test/target/test-dir/MiniOzoneClusterImpl-b4ee2db5-7e6f-4740-8562-f15ac3dbe928/datanode-5/meta/datanode.id
2019-08-28 13:05:22,832 [main] INFO  volume.HddsVolume (HddsVolume.java:<init>(176)) - Creating Volume: /workdir/hadoop-ozone/integration-test/target/test-dir/MiniOzoneClusterImpl-b4ee2db5-7e6f-4740-8562-f15ac3dbe928/datanode-6/data/containers/hdds of  storage type : DISK and capacity : 1482555576320
2019-08-28 13:05:22,833 [main] INFO  volume.VolumeSet (VolumeSet.java:initializeVolumeSet(170)) - Added Volume : /workdir/hadoop-ozone/integration-test/target/test-dir/MiniOzoneClusterImpl-b4ee2db5-7e6f-4740-8562-f15ac3dbe928/datanode-6/data/containers/hdds to VolumeSet
2019-08-28 13:05:22,834 [main] INFO  volume.ThrottledAsyncChecker (ThrottledAsyncChecker.java:schedule(140)) - Scheduling a check for org.apache.hadoop.ozone.container.common.volume.HddsVolume@68ad030d
2019-08-28 13:05:22,835 [main] INFO  volume.HddsVolumeChecker (HddsVolumeChecker.java:checkAllVolumes(203)) - Scheduled health check for volume org.apache.hadoop.ozone.container.common.volume.HddsVolume@68ad030d
2019-08-28 13:05:22,852 [main] INFO  impl.RaftServerProxy (ConfUtils.java:logGet(43)) - raft.rpc.type = GRPC (default)
2019-08-28 13:05:22,852 [main] INFO  grpc.GrpcFactory (GrpcFactory.java:checkPooledByteBufAllocatorUseCacheForAllThreads(45)) - PERFORMANCE WARNING: useCacheForAllThreads is true that may cause Netty to create a lot garbage objects and, as a result, trigger GC.
	It is recommended to disable useCacheForAllThreads by setting -Dorg.apache.ratis.thirdparty.io.netty.allocator.useCacheForAllThreads=false in command line.
2019-08-28 13:05:22,853 [main] INFO  grpc.GrpcConfigKeys$Server (ConfUtils.java:logGet(43)) - raft.grpc.server.port = 0 (default)
2019-08-28 13:05:22,853 [main] INFO  server.GrpcService (ConfUtils.java:logGet(43)) - raft.grpc.message.size.max = 33570816 (custom)
2019-08-28 13:05:22,853 [main] INFO  server.RaftServerConfigKeys (ConfUtils.java:logGet(43)) - raft.server.log.appender.buffer.byte-limit = 33554432 (custom)
2019-08-28 13:05:22,853 [main] INFO  server.GrpcService (ConfUtils.java:logGet(43)) - raft.grpc.flow.control.window = 1MB (=1048576) (default)
2019-08-28 13:05:22,853 [main] INFO  server.RaftServerConfigKeys (ConfUtils.java:logGet(43)) - raft.server.rpc.request.timeout = 3000ms (default)
2019-08-28 13:05:22,854 [main] INFO  server.RaftServerConfigKeys (ConfUtils.java:logGet(43)) - raft.server.storage.dir = [/workdir/hadoop-ozone/integration-test/target/test-dir/MiniOzoneClusterImpl-b4ee2db5-7e6f-4740-8562-f15ac3dbe928/datanode-6/data/ratis] (custom)
2019-08-28 13:05:22,855 [main] INFO  replication.SimpleContainerDownloader (SimpleContainerDownloader.java:<init>(72)) - Starting container downloader service to copy containers to replicate.
2019-08-28 13:05:22,856 [main] INFO  hdfs.DFSUtil (DFSUtil.java:httpServerTemplateForNNAndJN(1641)) - Starting Web-server for hddsDatanode at: http://0.0.0.0:0
2019-08-28 13:05:22,857 [main] INFO  server.AuthenticationFilter (AuthenticationFilter.java:constructSecretProvider(240)) - Unable to initialize FileSignerSecretProvider, falling back to use random secrets.
2019-08-28 13:05:22,857 [main] WARN  http.HttpRequestLog (HttpRequestLog.java:getRequestLog(97)) - Jetty request log can only be enabled using Log4j
2019-08-28 13:05:22,859 [main] INFO  http.HttpServer2 (HttpServer2.java:addGlobalFilter(975)) - Added global filter 'safety' (class=org.apache.hadoop.http.HttpServer2$QuotingInputFilter)
2019-08-28 13:05:22,859 [main] INFO  http.HttpServer2 (HttpServer2.java:addFilter(948)) - Added filter static_user_filter (class=org.apache.hadoop.http.lib.StaticUserWebFilter$StaticUserFilter) to context hddsDatanode
2019-08-28 13:05:22,860 [main] INFO  http.HttpServer2 (HttpServer2.java:addFilter(958)) - Added filter static_user_filter (class=org.apache.hadoop.http.lib.StaticUserWebFilter$StaticUserFilter) to context logs
2019-08-28 13:05:22,860 [main] INFO  http.HttpServer2 (HttpServer2.java:addFilter(958)) - Added filter static_user_filter (class=org.apache.hadoop.http.lib.StaticUserWebFilter$StaticUserFilter) to context static
2019-08-28 13:05:22,860 [main] INFO  http.HttpServer2 (HttpServer2.java:bindListener(1191)) - Jetty bound to port 38638
2019-08-28 13:05:22,860 [main] INFO  server.Server (Server.java:doStart(351)) - jetty-9.3.24.v20180605, build timestamp: 2018-06-05T17:11:56Z, git hash: 84205aa28f11a4f31f2a3b86d1bba2cc8ab69827
2019-08-28 13:05:22,862 [main] INFO  handler.ContextHandler (ContextHandler.java:doStart(781)) - Started o.e.j.s.ServletContextHandler@415cb259{/logs,file:///workdir/hadoop-ozone/integration-test/target/log,AVAILABLE}
2019-08-28 13:05:22,862 [main] INFO  handler.ContextHandler (ContextHandler.java:doStart(781)) - Started o.e.j.s.ServletContextHandler@69497a36{/static,jar:file:/home/user/.m2/repository/org/apache/hadoop/hadoop-hdds-container-service/0.5.0-SNAPSHOT/hadoop-hdds-container-service-0.5.0-SNAPSHOT.jar!/webapps/static,AVAILABLE}
2019-08-28 13:05:22,890 [main] INFO  handler.ContextHandler (ContextHandler.java:doStart(781)) - Started o.e.j.w.WebAppContext@4cc9d672{/,file:///tmp/jetty-0.0.0.0-38638-hddsDatanode-_-any-4232467048200786085.dir/webapp/,AVAILABLE}{/hddsDatanode}
2019-08-28 13:05:22,890 [main] INFO  server.AbstractConnector (AbstractConnector.java:doStart(278)) - Started ServerConnector@7bd4f212{HTTP/1.1,[http/1.1]}{0.0.0.0:38638}
2019-08-28 13:05:22,897 [main] INFO  server.Server (Server.java:doStart(419)) - Started @595693ms
2019-08-28 13:05:22,898 [main] INFO  server.BaseHttpServer (BaseHttpServer.java:updateConnectorAddress(213)) - HTTP server of HDDSDATANODE is listening at http://0.0.0.0:38638
2019-08-28 13:05:23,045 | INFO  | ObjectStoreRestHttpServer | Listening HDDS REST traffic on /0.0.0.0:33986 |  
2019-08-28 13:05:23,046 [main] INFO  ozone.HddsDatanodeService (HddsDatanodeService.java:startPlugins(395)) - Started plug-in org.apache.hadoop.ozone.web.OzoneHddsDatanodeService@1a8042a5
2019-08-28 13:05:23,047 [main] INFO  ozone.MiniOzoneClusterImpl (MiniOzoneClusterImpl.java:lambda$waitForClusterToBeReady$0(142)) - Waiting for cluster to be ready. Got 0 of 7 DN Heartbeats.
2019-08-28 13:05:23,048 [org.apache.hadoop.util.JvmPauseMonitor$Monitor@4adef3aa] INFO  util.JvmPauseMonitor (JvmPauseMonitor.java:run(188)) - Starting JVM pause monitor
2019-08-28 13:05:23,052 [Datanode State Machine Thread - 0] INFO  datanode.InitDatanodeState (InitDatanodeState.java:persistContainerDatanodeDetails(140)) - DatanodeDetails is persisted to /workdir/hadoop-ozone/integration-test/target/test-dir/MiniOzoneClusterImpl-b4ee2db5-7e6f-4740-8562-f15ac3dbe928/datanode-6/meta/datanode.id
2019-08-28 13:05:23,547 | INFO  | SCMAudit | user=jenkins1000 | ip=192.168.69.80 | op=GET_VERSION null | ret=SUCCESS |  
2019-08-28 13:05:23,582 [Datanode State Machine Thread - 0] INFO  ozoneimpl.OzoneContainer (OzoneContainer.java:start(186)) - Attempting to start container services.
2019-08-28 13:05:23,583 [Datanode State Machine Thread - 0] INFO  ozoneimpl.OzoneContainer (OzoneContainer.java:startContainerScrub(160)) - Background container scrubber has been disabled by hdds.containerscrub.enabled
2019-08-28 13:05:23,583 [Datanode State Machine Thread - 0] INFO  ratis.XceiverServerRatis (XceiverServerRatis.java:start(404)) - Starting XceiverServerRatis 59fb5bc9-2d90-422e-bf68-b67547f31f06 at port 0
2019-08-28 13:05:23,591 [Datanode State Machine Thread - 0] INFO  impl.RaftServerProxy (RaftServerProxy.java:lambda$start$3(299)) - 59fb5bc9-2d90-422e-bf68-b67547f31f06: start RPC server
2019-08-28 13:05:23,594 [Datanode State Machine Thread - 0] INFO  server.GrpcService (GrpcService.java:startImpl(149)) - 59fb5bc9-2d90-422e-bf68-b67547f31f06: GrpcService started, listening on 0.0.0.0/0.0.0.0:43968
2019-08-28 13:05:23,594 [Datanode State Machine Thread - 0] INFO  ratis.XceiverServerRatis (XceiverServerRatis.java:start(414)) - XceiverServerRatis 59fb5bc9-2d90-422e-bf68-b67547f31f06 is started using port 43968
2019-08-28 13:05:23,594 [Datanode State Machine Thread - 0] INFO  server.XceiverServerGrpc (XceiverServerGrpc.java:start(161)) - XceiverServerGrpc 59fb5bc9-2d90-422e-bf68-b67547f31f06 is started using port 35900
2019-08-28 13:05:24,020 | INFO  | SCMAudit | user=jenkins1000 | ip=192.168.69.80 | op=GET_VERSION null | ret=SUCCESS |  
2019-08-28 13:05:24,034 [Datanode State Machine Thread - 0] INFO  ozoneimpl.OzoneContainer (OzoneContainer.java:start(186)) - Attempting to start container services.
2019-08-28 13:05:24,035 [Datanode State Machine Thread - 0] INFO  ozoneimpl.OzoneContainer (OzoneContainer.java:startContainerScrub(160)) - Background container scrubber has been disabled by hdds.containerscrub.enabled
2019-08-28 13:05:24,035 [Datanode State Machine Thread - 0] INFO  ratis.XceiverServerRatis (XceiverServerRatis.java:start(404)) - Starting XceiverServerRatis 824628d9-e5f8-4fcc-92ac-3dee9636940c at port 0
2019-08-28 13:05:24,045 [Datanode State Machine Thread - 0] INFO  impl.RaftServerProxy (RaftServerProxy.java:lambda$start$3(299)) - 824628d9-e5f8-4fcc-92ac-3dee9636940c: start RPC server
2019-08-28 13:05:24,046 [Datanode State Machine Thread - 0] INFO  server.GrpcService (GrpcService.java:startImpl(149)) - 824628d9-e5f8-4fcc-92ac-3dee9636940c: GrpcService started, listening on 0.0.0.0/0.0.0.0:38364
2019-08-28 13:05:24,046 [Datanode State Machine Thread - 0] INFO  ratis.XceiverServerRatis (XceiverServerRatis.java:start(414)) - XceiverServerRatis 824628d9-e5f8-4fcc-92ac-3dee9636940c is started using port 38364
2019-08-28 13:05:24,046 [Datanode State Machine Thread - 0] INFO  server.XceiverServerGrpc (XceiverServerGrpc.java:start(161)) - XceiverServerGrpc 824628d9-e5f8-4fcc-92ac-3dee9636940c is started using port 42893
2019-08-28 13:05:24,047 [main] INFO  ozone.MiniOzoneClusterImpl (MiniOzoneClusterImpl.java:lambda$waitForClusterToBeReady$0(142)) - Waiting for cluster to be ready. Got 0 of 7 DN Heartbeats.
2019-08-28 13:05:24,197 | INFO  | SCMAudit | user=jenkins1000 | ip=192.168.69.80 | op=GET_VERSION null | ret=SUCCESS |  
2019-08-28 13:05:24,213 [Datanode State Machine Thread - 0] INFO  ozoneimpl.OzoneContainer (OzoneContainer.java:start(186)) - Attempting to start container services.
2019-08-28 13:05:24,213 [Datanode State Machine Thread - 0] INFO  ozoneimpl.OzoneContainer (OzoneContainer.java:startContainerScrub(160)) - Background container scrubber has been disabled by hdds.containerscrub.enabled
2019-08-28 13:05:24,213 [Datanode State Machine Thread - 0] INFO  ratis.XceiverServerRatis (XceiverServerRatis.java:start(404)) - Starting XceiverServerRatis 616243d7-d102-41c9-b140-524e964f60c9 at port 0
2019-08-28 13:05:24,220 [Datanode State Machine Thread - 0] INFO  impl.RaftServerProxy (RaftServerProxy.java:lambda$start$3(299)) - 616243d7-d102-41c9-b140-524e964f60c9: start RPC server
2019-08-28 13:05:24,221 [Datanode State Machine Thread - 0] INFO  server.GrpcService (GrpcService.java:startImpl(149)) - 616243d7-d102-41c9-b140-524e964f60c9: GrpcService started, listening on 0.0.0.0/0.0.0.0:42317
2019-08-28 13:05:24,221 [Datanode State Machine Thread - 0] INFO  ratis.XceiverServerRatis (XceiverServerRatis.java:start(414)) - XceiverServerRatis 616243d7-d102-41c9-b140-524e964f60c9 is started using port 42317
2019-08-28 13:05:24,222 [Datanode State Machine Thread - 0] INFO  server.XceiverServerGrpc (XceiverServerGrpc.java:start(161)) - XceiverServerGrpc 616243d7-d102-41c9-b140-524e964f60c9 is started using port 42610
2019-08-28 13:05:24,385 | INFO  | SCMAudit | user=jenkins1000 | ip=192.168.69.80 | op=GET_VERSION null | ret=SUCCESS |  
2019-08-28 13:05:24,399 [Datanode State Machine Thread - 0] INFO  ozoneimpl.OzoneContainer (OzoneContainer.java:start(186)) - Attempting to start container services.
2019-08-28 13:05:24,399 [Datanode State Machine Thread - 0] INFO  ozoneimpl.OzoneContainer (OzoneContainer.java:startContainerScrub(160)) - Background container scrubber has been disabled by hdds.containerscrub.enabled
2019-08-28 13:05:24,399 [Datanode State Machine Thread - 0] INFO  ratis.XceiverServerRatis (XceiverServerRatis.java:start(404)) - Starting XceiverServerRatis 32f88ad7-b496-4276-ae36-0c1df3bcd831 at port 0
2019-08-28 13:05:24,409 [Datanode State Machine Thread - 0] INFO  impl.RaftServerProxy (RaftServerProxy.java:lambda$start$3(299)) - 32f88ad7-b496-4276-ae36-0c1df3bcd831: start RPC server
2019-08-28 13:05:24,410 [Datanode State Machine Thread - 0] INFO  server.GrpcService (GrpcService.java:startImpl(149)) - 32f88ad7-b496-4276-ae36-0c1df3bcd831: GrpcService started, listening on 0.0.0.0/0.0.0.0:34128
2019-08-28 13:05:24,410 [Datanode State Machine Thread - 0] INFO  ratis.XceiverServerRatis (XceiverServerRatis.java:start(414)) - XceiverServerRatis 32f88ad7-b496-4276-ae36-0c1df3bcd831 is started using port 34128
2019-08-28 13:05:24,411 [Datanode State Machine Thread - 0] INFO  server.XceiverServerGrpc (XceiverServerGrpc.java:start(161)) - XceiverServerGrpc 32f88ad7-b496-4276-ae36-0c1df3bcd831 is started using port 33738
2019-08-28 13:05:24,577 | INFO  | SCMAudit | user=jenkins1000 | ip=192.168.69.80 | op=GET_VERSION null | ret=SUCCESS |  
2019-08-28 13:05:24,591 [Datanode State Machine Thread - 0] INFO  ozoneimpl.OzoneContainer (OzoneContainer.java:start(186)) - Attempting to start container services.
2019-08-28 13:05:24,591 [Datanode State Machine Thread - 0] INFO  ozoneimpl.OzoneContainer (OzoneContainer.java:startContainerScrub(160)) - Background container scrubber has been disabled by hdds.containerscrub.enabled
2019-08-28 13:05:24,592 [Datanode State Machine Thread - 0] INFO  ratis.XceiverServerRatis (XceiverServerRatis.java:start(404)) - Starting XceiverServerRatis 905064f4-24d2-4290-aeb9-f7b810d5a354 at port 0
2019-08-28 13:05:24,600 [Datanode State Machine Thread - 0] INFO  impl.RaftServerProxy (RaftServerProxy.java:lambda$start$3(299)) - 905064f4-24d2-4290-aeb9-f7b810d5a354: start RPC server
2019-08-28 13:05:24,601 [Datanode State Machine Thread - 0] INFO  server.GrpcService (GrpcService.java:startImpl(149)) - 905064f4-24d2-4290-aeb9-f7b810d5a354: GrpcService started, listening on 0.0.0.0/0.0.0.0:45248
2019-08-28 13:05:24,601 [Datanode State Machine Thread - 0] INFO  ratis.XceiverServerRatis (XceiverServerRatis.java:start(414)) - XceiverServerRatis 905064f4-24d2-4290-aeb9-f7b810d5a354 is started using port 45248
2019-08-28 13:05:24,602 [Datanode State Machine Thread - 0] INFO  server.XceiverServerGrpc (XceiverServerGrpc.java:start(161)) - XceiverServerGrpc 905064f4-24d2-4290-aeb9-f7b810d5a354 is started using port 38536
2019-08-28 13:05:24,821 | INFO  | SCMAudit | user=jenkins1000 | ip=192.168.69.80 | op=GET_VERSION null | ret=SUCCESS |  
2019-08-28 13:05:24,838 [Datanode State Machine Thread - 0] INFO  ozoneimpl.OzoneContainer (OzoneContainer.java:start(186)) - Attempting to start container services.
2019-08-28 13:05:24,838 [Datanode State Machine Thread - 0] INFO  ozoneimpl.OzoneContainer (OzoneContainer.java:startContainerScrub(160)) - Background container scrubber has been disabled by hdds.containerscrub.enabled
2019-08-28 13:05:24,839 [Datanode State Machine Thread - 0] INFO  ratis.XceiverServerRatis (XceiverServerRatis.java:start(404)) - Starting XceiverServerRatis ce9c1f14-8030-466e-9ac8-42fad73b72bd at port 0
2019-08-28 13:05:24,846 [Datanode State Machine Thread - 0] INFO  impl.RaftServerProxy (RaftServerProxy.java:lambda$start$3(299)) - ce9c1f14-8030-466e-9ac8-42fad73b72bd: start RPC server
2019-08-28 13:05:24,846 [Datanode State Machine Thread - 0] INFO  server.GrpcService (GrpcService.java:startImpl(149)) - ce9c1f14-8030-466e-9ac8-42fad73b72bd: GrpcService started, listening on 0.0.0.0/0.0.0.0:38237
2019-08-28 13:05:24,847 [Datanode State Machine Thread - 0] INFO  ratis.XceiverServerRatis (XceiverServerRatis.java:start(414)) - XceiverServerRatis ce9c1f14-8030-466e-9ac8-42fad73b72bd is started using port 38237
2019-08-28 13:05:24,850 [Datanode State Machine Thread - 0] INFO  server.XceiverServerGrpc (XceiverServerGrpc.java:start(161)) - XceiverServerGrpc ce9c1f14-8030-466e-9ac8-42fad73b72bd is started using port 33777
2019-08-28 13:05:25,047 [main] INFO  ozone.MiniOzoneClusterImpl (MiniOzoneClusterImpl.java:lambda$waitForClusterToBeReady$0(142)) - Waiting for cluster to be ready. Got 0 of 7 DN Heartbeats.
2019-08-28 13:05:25,049 | INFO  | SCMAudit | user=jenkins1000 | ip=192.168.69.80 | op=GET_VERSION null | ret=SUCCESS |  
2019-08-28 13:05:25,062 [Datanode State Machine Thread - 0] INFO  ozoneimpl.OzoneContainer (OzoneContainer.java:start(186)) - Attempting to start container services.
2019-08-28 13:05:25,062 [Datanode State Machine Thread - 0] INFO  ozoneimpl.OzoneContainer (OzoneContainer.java:startContainerScrub(160)) - Background container scrubber has been disabled by hdds.containerscrub.enabled
2019-08-28 13:05:25,063 [Datanode State Machine Thread - 0] INFO  ratis.XceiverServerRatis (XceiverServerRatis.java:start(404)) - Starting XceiverServerRatis 6473d7a6-d5fa-4090-bf30-ee1350d7f475 at port 0
2019-08-28 13:05:25,071 [Datanode State Machine Thread - 0] INFO  impl.RaftServerProxy (RaftServerProxy.java:lambda$start$3(299)) - 6473d7a6-d5fa-4090-bf30-ee1350d7f475: start RPC server
2019-08-28 13:05:25,074 [Datanode State Machine Thread - 0] INFO  server.GrpcService (GrpcService.java:startImpl(149)) - 6473d7a6-d5fa-4090-bf30-ee1350d7f475: GrpcService started, listening on 0.0.0.0/0.0.0.0:45078
2019-08-28 13:05:25,074 [Datanode State Machine Thread - 0] INFO  ratis.XceiverServerRatis (XceiverServerRatis.java:start(414)) - XceiverServerRatis 6473d7a6-d5fa-4090-bf30-ee1350d7f475 is started using port 45078
2019-08-28 13:05:25,085 [Datanode State Machine Thread - 0] INFO  server.XceiverServerGrpc (XceiverServerGrpc.java:start(161)) - XceiverServerGrpc 6473d7a6-d5fa-4090-bf30-ee1350d7f475 is started using port 45508
2019-08-28 13:05:25,545 [IPC Server handler 2 on 40773] INFO  net.NetworkTopology (NetworkTopologyImpl.java:add(110)) - Added a new node: /default-rack/59fb5bc9-2d90-422e-bf68-b67547f31f06
2019-08-28 13:05:25,548 [IPC Server handler 2 on 40773] INFO  node.SCMNodeManager (SCMNodeManager.java:register(273)) - Registered Data node : 59fb5bc9-2d90-422e-bf68-b67547f31f06{ip: 192.168.69.80, host: pr-hdds-2030-bfh46-3754461772, networkLocation: /default-rack, certSerialId: null}
2019-08-28 13:05:25,549 [EventQueue-NodeRegistrationContainerReportForDataNodeSafeModeRule] INFO  safemode.SCMSafeModeManager (DataNodeSafeModeRule.java:process(71)) - SCM in safe mode. 1 DataNodes registered, 1 required.
2019-08-28 13:05:25,549 | INFO  | SCMAudit | user=jenkins1000 | ip=192.168.69.80 | op=REGISTER {datanodeDetails=59fb5bc9-2d90-422e-bf68-b67547f31f06{ip: 192.168.69.80, host: pr-hdds-2030-bfh46-3754461772, networkLocation: /default-rack, certSerialId: null}} | ret=SUCCESS |  
2019-08-28 13:05:25,552 [EventQueue-NodeRegistrationContainerReportForDataNodeSafeModeRule] INFO  safemode.SCMSafeModeManager (SCMSafeModeManager.java:validateSafeModeExitRules(177)) - ScmSafeModeManager, all rules are successfully validated
2019-08-28 13:05:25,552 [EventQueue-NodeRegistrationContainerReportForDataNodeSafeModeRule] INFO  safemode.SCMSafeModeManager (SCMSafeModeManager.java:exitSafeMode(193)) - SCM exiting safe mode.
2019-08-28 13:05:25,595 [grpc-default-executor-0] INFO  impl.RaftServerProxy (RaftServerProxy.java:addNew(89)) - 59fb5bc9-2d90-422e-bf68-b67547f31f06: addNew group-44D7CE82A5D9:[59fb5bc9-2d90-422e-bf68-b67547f31f06:192.168.69.80:43968] returns group-44D7CE82A5D9:java.util.concurrent.CompletableFuture@325d4844[Not completed]
2019-08-28 13:05:25,596 [pool-439-thread-1] INFO  impl.RaftServerImpl (RaftServerImpl.java:<init>(93)) - 59fb5bc9-2d90-422e-bf68-b67547f31f06: new RaftServerImpl for group-44D7CE82A5D9:[59fb5bc9-2d90-422e-bf68-b67547f31f06:192.168.69.80:43968] with ContainerStateMachine:uninitialized
2019-08-28 13:05:25,597 [pool-439-thread-1] INFO  server.RaftServerConfigKeys (ConfUtils.java:logGet(43)) - raft.server.rpc.timeout.min = 5s (custom)
2019-08-28 13:05:25,597 [pool-439-thread-1] INFO  server.RaftServerConfigKeys (ConfUtils.java:logGet(43)) - raft.server.rpc.timeout.max = 5200ms (custom)
2019-08-28 13:05:25,597 [pool-439-thread-1] INFO  server.RaftServerConfigKeys (ConfUtils.java:logGet(43)) - raft.server.rpcslowness.timeout = 120s (custom)
2019-08-28 13:05:25,597 [pool-439-thread-1] INFO  server.RaftServerConfigKeys (ConfUtils.java:logGet(43)) - raft.server.sleep.deviation.threshold = 300 (default)
2019-08-28 13:05:25,597 [pool-439-thread-1] INFO  server.RaftServerConfigKeys (ConfUtils.java:logGet(43)) - raft.server.log.appender.install.snapshot.enabled = false (custom)
2019-08-28 13:05:25,597 [pool-439-thread-1] INFO  impl.RaftServerImpl (ServerState.java:<init>(105)) - 59fb5bc9-2d90-422e-bf68-b67547f31f06:group-44D7CE82A5D9 ConfigurationManager, init=-1: [59fb5bc9-2d90-422e-bf68-b67547f31f06:192.168.69.80:43968], old=null, confs=<EMPTY_MAP>
2019-08-28 13:05:25,598 [pool-439-thread-1] INFO  server.RaftServerConfigKeys (ConfUtils.java:logGet(43)) - raft.server.storage.dir = [/workdir/hadoop-ozone/integration-test/target/test-dir/MiniOzoneClusterImpl-b4ee2db5-7e6f-4740-8562-f15ac3dbe928/datanode-0/data/ratis] (custom)
2019-08-28 13:05:25,598 [pool-439-thread-1] INFO  storage.RaftStorageDirectory (RaftStorageDirectory.java:analyzeStorage(246)) - The storage directory /workdir/hadoop-ozone/integration-test/target/test-dir/MiniOzoneClusterImpl-b4ee2db5-7e6f-4740-8562-f15ac3dbe928/datanode-0/data/ratis/9cac31d3-ece6-4740-ab7b-44d7ce82a5d9 does not exist. Creating ...
2019-08-28 13:05:25,612 [pool-439-thread-1] INFO  storage.RaftStorageDirectory (RaftStorageDirectory.java:tryLock(328)) - Lock on /workdir/hadoop-ozone/integration-test/target/test-dir/MiniOzoneClusterImpl-b4ee2db5-7e6f-4740-8562-f15ac3dbe928/datanode-0/data/ratis/9cac31d3-ece6-4740-ab7b-44d7ce82a5d9/in_use.lock acquired by nodename 16557@pr-hdds-2030-bfh46-3754461772
2019-08-28 13:05:25,626 [pool-439-thread-1] INFO  storage.RaftStorage (RaftStorage.java:format(72)) - Storage directory /workdir/hadoop-ozone/integration-test/target/test-dir/MiniOzoneClusterImpl-b4ee2db5-7e6f-4740-8562-f15ac3dbe928/datanode-0/data/ratis/9cac31d3-ece6-4740-ab7b-44d7ce82a5d9 has been successfully formatted.
2019-08-28 13:05:25,626 [pool-439-thread-1] INFO  ratis.ContainerStateMachine (ContainerStateMachine.java:loadSnapshot(226)) - group-44D7CE82A5D9: The snapshot info is null. Setting the last applied indexto:(t:0, i:~)
2019-08-28 13:05:25,626 [pool-439-thread-1] INFO  server.RaftServerConfigKeys (ConfUtils.java:logGet(43)) - raft.server.leader.election.timeout = 120s (custom)
2019-08-28 13:05:25,626 [pool-439-thread-1] INFO  server.RaftServerConfigKeys (ConfUtils.java:logGet(43)) - raft.server.log.use.memory = false (default)
2019-08-28 13:05:25,626 [pool-439-thread-1] INFO  server.RaftServerConfigKeys (ConfUtils.java:logGet(43)) - raft.server.log.purge.gap = 1000000 (custom)
2019-08-28 13:05:25,627 [pool-439-thread-1] INFO  server.RaftServerConfigKeys (ConfUtils.java:logGet(43)) - raft.server.log.appender.buffer.byte-limit = 33554432 (custom)
2019-08-28 13:05:25,627 [pool-439-thread-1] INFO  server.RaftServerConfigKeys (ConfUtils.java:logGet(43)) - raft.server.log.segment.size.max = 1048576 (custom)
2019-08-28 13:05:25,627 [pool-439-thread-1] INFO  server.RaftServerConfigKeys (ConfUtils.java:logGet(43)) - raft.server.log.segment.cache.num.max = 2 (custom)
2019-08-28 13:05:25,627 [pool-439-thread-1] INFO  segmented.SegmentedRaftLogWorker (SegmentedRaftLogWorker.java:<init>(172)) - new 59fb5bc9-2d90-422e-bf68-b67547f31f06-SegmentedRaftLogWorker:Storage Directory /workdir/hadoop-ozone/integration-test/target/test-dir/MiniOzoneClusterImpl-b4ee2db5-7e6f-4740-8562-f15ac3dbe928/datanode-0/data/ratis/9cac31d3-ece6-4740-ab7b-44d7ce82a5d9 for RaftStorage:Storage Directory /workdir/hadoop-ozone/integration-test/target/test-dir/MiniOzoneClusterImpl-b4ee2db5-7e6f-4740-8562-f15ac3dbe928/datanode-0/data/ratis/9cac31d3-ece6-4740-ab7b-44d7ce82a5d9
2019-08-28 13:05:25,627 [pool-439-thread-1] INFO  server.RaftServerConfigKeys (ConfUtils.java:logGet(43)) - raft.server.log.queue.byte-limit = 2147483647 (custom)
2019-08-28 13:05:25,628 [pool-439-thread-1] INFO  server.RaftServerConfigKeys (ConfUtils.java:logGet(43)) - raft.server.log.queue.element-limit = 1024 (custom)
2019-08-28 13:05:25,628 [pool-439-thread-1] INFO  server.RaftServerConfigKeys (ConfUtils.java:logGet(43)) - raft.server.log.segment.size.max = 1048576 (custom)
2019-08-28 13:05:25,628 [pool-439-thread-1] INFO  server.RaftServerConfigKeys (ConfUtils.java:logGet(43)) - raft.server.log.preallocated.size = 16384 (custom)
2019-08-28 13:05:25,628 [pool-439-thread-1] INFO  server.RaftServerConfigKeys (ConfUtils.java:logGet(43)) - raft.server.log.write.buffer.size = 33554432 (custom)
2019-08-28 13:05:25,628 [pool-439-thread-1] INFO  server.RaftServerConfigKeys (ConfUtils.java:logGet(43)) - raft.server.log.force.sync.num = 128 (default)
2019-08-28 13:05:25,628 [pool-439-thread-1] INFO  server.RaftServerConfigKeys (ConfUtils.java:logGet(43)) - raft.server.log.statemachine.data.sync = true (default)
2019-08-28 13:05:25,629 [pool-439-thread-1] INFO  server.RaftServerConfigKeys (ConfUtils.java:logGet(43)) - raft.server.log.statemachine.data.sync.timeout = 10s (default)
2019-08-28 13:05:25,629 [pool-439-thread-1] INFO  server.RaftServerConfigKeys (ConfUtils.java:logGet(43)) - raft.server.log.statemachine.data.sync.timeout.retry = -1 (default)
2019-08-28 13:05:25,629 [pool-439-thread-1] INFO  server.RaftServerConfigKeys (ConfUtils.java:logGet(43)) - raft.server.log.statemachine.data.caching.enabled = true (custom)
2019-08-28 13:05:25,630 [pool-439-thread-1] INFO  segmented.SegmentedRaftLogWorker (SegmentedRaftLogWorker.java:lambda$new$0(132)) - 59fb5bc9-2d90-422e-bf68-b67547f31f06-SegmentedRaftLogWorker:Storage Directory /workdir/hadoop-ozone/integration-test/target/test-dir/MiniOzoneClusterImpl-b4ee2db5-7e6f-4740-8562-f15ac3dbe928/datanode-0/data/ratis/9cac31d3-ece6-4740-ab7b-44d7ce82a5d9: flushIndex: setUnconditionally 0 -> -1
2019-08-28 13:05:25,630 [pool-439-thread-1] INFO  server.RaftServerConfigKeys (ConfUtils.java:logGet(43)) - raft.server.snapshot.auto.trigger.enabled = true (custom)
2019-08-28 13:05:25,630 [pool-439-thread-1] INFO  server.RaftServerConfigKeys (ConfUtils.java:logGet(43)) - raft.server.snapshot.auto.trigger.threshold = 10000 (custom)
2019-08-28 13:05:25,630 [pool-439-thread-1] INFO  server.RaftServerConfigKeys (ConfUtils.java:logGet(43)) - raft.server.retrycache.expirytime = 600000ms (custom)
2019-08-28 13:05:25,631 [pool-439-thread-1] INFO  impl.RaftServerImpl (RaftServerImpl.java:start(180)) - 59fb5bc9-2d90-422e-bf68-b67547f31f06: start group-44D7CE82A5D9
2019-08-28 13:05:25,631 [pool-439-thread-1] INFO  impl.RaftServerImpl (RaftServerImpl.java:setRole(171)) - 59fb5bc9-2d90-422e-bf68-b67547f31f06:group-44D7CE82A5D9 changes role from null to FOLLOWER at term 0 for startAsFollower
2019-08-28 13:05:25,631 [pool-439-thread-1] INFO  impl.RoleInfo (RoleInfo.java:updateAndGet(143)) - 59fb5bc9-2d90-422e-bf68-b67547f31f06: start FollowerState
2019-08-28 13:05:25,632 [pool-439-thread-1] INFO  util.JmxRegister (JmxRegister.java:tryRegister(44)) - Successfully registered JMX Bean with object name Ratis:service=RaftServer,group=group-44D7CE82A5D9,id=59fb5bc9-2d90-422e-bf68-b67547f31f06
2019-08-28 13:05:25,639 [RatisPipelineUtilsThread] INFO  pipeline.PipelineStateManager (PipelineStateManager.java:addPipeline(56)) - Created pipeline Pipeline[ Id: 9cac31d3-ece6-4740-ab7b-44d7ce82a5d9, Nodes: 59fb5bc9-2d90-422e-bf68-b67547f31f06{ip: 192.168.69.80, host: pr-hdds-2030-bfh46-3754461772, networkLocation: /default-rack, certSerialId: null}, Type:RATIS, Factor:ONE, State:OPEN]
2019-08-28 13:05:26,021 [IPC Server handler 1 on 40773] INFO  net.NetworkTopology (NetworkTopologyImpl.java:add(110)) - Added a new node: /default-rack/824628d9-e5f8-4fcc-92ac-3dee9636940c
2019-08-28 13:05:26,021 [IPC Server handler 1 on 40773] INFO  node.SCMNodeManager (SCMNodeManager.java:register(273)) - Registered Data node : 824628d9-e5f8-4fcc-92ac-3dee9636940c{ip: 192.168.69.80, host: pr-hdds-2030-bfh46-3754461772, networkLocation: /default-rack, certSerialId: null}
2019-08-28 13:05:26,021 | INFO  | SCMAudit | user=jenkins1000 | ip=192.168.69.80 | op=REGISTER {datanodeDetails=824628d9-e5f8-4fcc-92ac-3dee9636940c{ip: 192.168.69.80, host: pr-hdds-2030-bfh46-3754461772, networkLocation: /default-rack, certSerialId: null}} | ret=SUCCESS |  
2019-08-28 13:05:26,031 [grpc-default-executor-0] INFO  impl.RaftServerProxy (RaftServerProxy.java:addNew(89)) - 824628d9-e5f8-4fcc-92ac-3dee9636940c: addNew group-E5306F4A7E2A:[824628d9-e5f8-4fcc-92ac-3dee9636940c:192.168.69.80:38364] returns group-E5306F4A7E2A:java.util.concurrent.CompletableFuture@32a8d764[Not completed]
2019-08-28 13:05:26,032 [pool-450-thread-1] INFO  impl.RaftServerImpl (RaftServerImpl.java:<init>(93)) - 824628d9-e5f8-4fcc-92ac-3dee9636940c: new RaftServerImpl for group-E5306F4A7E2A:[824628d9-e5f8-4fcc-92ac-3dee9636940c:192.168.69.80:38364] with ContainerStateMachine:uninitialized
2019-08-28 13:05:26,033 [pool-450-thread-1] INFO  server.RaftServerConfigKeys (ConfUtils.java:logGet(43)) - raft.server.rpc.timeout.min = 5s (custom)
2019-08-28 13:05:26,033 [pool-450-thread-1] INFO  server.RaftServerConfigKeys (ConfUtils.java:logGet(43)) - raft.server.rpc.timeout.max = 5200ms (custom)
2019-08-28 13:05:26,033 [pool-450-thread-1] INFO  server.RaftServerConfigKeys (ConfUtils.java:logGet(43)) - raft.server.rpcslowness.timeout = 120s (custom)
2019-08-28 13:05:26,033 [pool-450-thread-1] INFO  server.RaftServerConfigKeys (ConfUtils.java:logGet(43)) - raft.server.sleep.deviation.threshold = 300 (default)
2019-08-28 13:05:26,033 [pool-450-thread-1] INFO  server.RaftServerConfigKeys (ConfUtils.java:logGet(43)) - raft.server.log.appender.install.snapshot.enabled = false (custom)
2019-08-28 13:05:26,033 [pool-450-thread-1] INFO  impl.RaftServerImpl (ServerState.java:<init>(105)) - 824628d9-e5f8-4fcc-92ac-3dee9636940c:group-E5306F4A7E2A ConfigurationManager, init=-1: [824628d9-e5f8-4fcc-92ac-3dee9636940c:192.168.69.80:38364], old=null, confs=<EMPTY_MAP>
2019-08-28 13:05:26,033 [pool-450-thread-1] INFO  server.RaftServerConfigKeys (ConfUtils.java:logGet(43)) - raft.server.storage.dir = [/workdir/hadoop-ozone/integration-test/target/test-dir/MiniOzoneClusterImpl-b4ee2db5-7e6f-4740-8562-f15ac3dbe928/datanode-1/data/ratis] (custom)
2019-08-28 13:05:26,034 [pool-450-thread-1] INFO  storage.RaftStorageDirectory (RaftStorageDirectory.java:analyzeStorage(246)) - The storage directory /workdir/hadoop-ozone/integration-test/target/test-dir/MiniOzoneClusterImpl-b4ee2db5-7e6f-4740-8562-f15ac3dbe928/datanode-1/data/ratis/7c73f1f9-c354-4ed2-b413-e5306f4a7e2a does not exist. Creating ...
2019-08-28 13:05:26,048 [main] INFO  ozone.MiniOzoneClusterImpl (MiniOzoneClusterImpl.java:lambda$waitForClusterToBeReady$0(142)) - Waiting for cluster to be ready. Got 2 of 7 DN Heartbeats.
2019-08-28 13:05:26,048 [pool-450-thread-1] INFO  storage.RaftStorageDirectory (RaftStorageDirectory.java:tryLock(328)) - Lock on /workdir/hadoop-ozone/integration-test/target/test-dir/MiniOzoneClusterImpl-b4ee2db5-7e6f-4740-8562-f15ac3dbe928/datanode-1/data/ratis/7c73f1f9-c354-4ed2-b413-e5306f4a7e2a/in_use.lock acquired by nodename 16557@pr-hdds-2030-bfh46-3754461772
2019-08-28 13:05:26,067 [pool-450-thread-1] INFO  storage.RaftStorage (RaftStorage.java:format(72)) - Storage directory /workdir/hadoop-ozone/integration-test/target/test-dir/MiniOzoneClusterImpl-b4ee2db5-7e6f-4740-8562-f15ac3dbe928/datanode-1/data/ratis/7c73f1f9-c354-4ed2-b413-e5306f4a7e2a has been successfully formatted.
2019-08-28 13:05:26,067 [pool-450-thread-1] INFO  ratis.ContainerStateMachine (ContainerStateMachine.java:loadSnapshot(226)) - group-E5306F4A7E2A: The snapshot info is null. Setting the last applied indexto:(t:0, i:~)
2019-08-28 13:05:26,067 [pool-450-thread-1] INFO  server.RaftServerConfigKeys (ConfUtils.java:logGet(43)) - raft.server.leader.election.timeout = 120s (custom)
2019-08-28 13:05:26,067 [pool-450-thread-1] INFO  server.RaftServerConfigKeys (ConfUtils.java:logGet(43)) - raft.server.log.use.memory = false (default)
2019-08-28 13:05:26,068 [pool-450-thread-1] INFO  server.RaftServerConfigKeys (ConfUtils.java:logGet(43)) - raft.server.log.purge.gap = 1000000 (custom)
2019-08-28 13:05:26,068 [pool-450-thread-1] INFO  server.RaftServerConfigKeys (ConfUtils.java:logGet(43)) - raft.server.log.appender.buffer.byte-limit = 33554432 (custom)
2019-08-28 13:05:26,068 [pool-450-thread-1] INFO  server.RaftServerConfigKeys (ConfUtils.java:logGet(43)) - raft.server.log.segment.size.max = 1048576 (custom)
2019-08-28 13:05:26,068 [pool-450-thread-1] INFO  server.RaftServerConfigKeys (ConfUtils.java:logGet(43)) - raft.server.log.segment.cache.num.max = 2 (custom)
2019-08-28 13:05:26,068 [pool-450-thread-1] INFO  segmented.SegmentedRaftLogWorker (SegmentedRaftLogWorker.java:<init>(172)) - new 824628d9-e5f8-4fcc-92ac-3dee9636940c-SegmentedRaftLogWorker:Storage Directory /workdir/hadoop-ozone/integration-test/target/test-dir/MiniOzoneClusterImpl-b4ee2db5-7e6f-4740-8562-f15ac3dbe928/datanode-1/data/ratis/7c73f1f9-c354-4ed2-b413-e5306f4a7e2a for RaftStorage:Storage Directory /workdir/hadoop-ozone/integration-test/target/test-dir/MiniOzoneClusterImpl-b4ee2db5-7e6f-4740-8562-f15ac3dbe928/datanode-1/data/ratis/7c73f1f9-c354-4ed2-b413-e5306f4a7e2a
2019-08-28 13:05:26,068 [pool-450-thread-1] INFO  server.RaftServerConfigKeys (ConfUtils.java:logGet(43)) - raft.server.log.queue.byte-limit = 2147483647 (custom)
2019-08-28 13:05:26,069 [pool-450-thread-1] INFO  server.RaftServerConfigKeys (ConfUtils.java:logGet(43)) - raft.server.log.queue.element-limit = 1024 (custom)
2019-08-28 13:05:26,069 [pool-450-thread-1] INFO  server.RaftServerConfigKeys (ConfUtils.java:logGet(43)) - raft.server.log.segment.size.max = 1048576 (custom)
2019-08-28 13:05:26,069 [pool-450-thread-1] INFO  server.RaftServerConfigKeys (ConfUtils.java:logGet(43)) - raft.server.log.preallocated.size = 16384 (custom)
2019-08-28 13:05:26,069 [pool-450-thread-1] INFO  server.RaftServerConfigKeys (ConfUtils.java:logGet(43)) - raft.server.log.write.buffer.size = 33554432 (custom)
2019-08-28 13:05:26,069 [pool-450-thread-1] INFO  server.RaftServerConfigKeys (ConfUtils.java:logGet(43)) - raft.server.log.force.sync.num = 128 (default)
2019-08-28 13:05:26,069 [pool-450-thread-1] INFO  server.RaftServerConfigKeys (ConfUtils.java:logGet(43)) - raft.server.log.statemachine.data.sync = true (default)
2019-08-28 13:05:26,070 [pool-450-thread-1] INFO  server.RaftServerConfigKeys (ConfUtils.java:logGet(43)) - raft.server.log.statemachine.data.sync.timeout = 10s (default)
2019-08-28 13:05:26,070 [pool-450-thread-1] INFO  server.RaftServerConfigKeys (ConfUtils.java:logGet(43)) - raft.server.log.statemachine.data.sync.timeout.retry = -1 (default)
2019-08-28 13:05:26,070 [pool-450-thread-1] INFO  server.RaftServerConfigKeys (ConfUtils.java:logGet(43)) - raft.server.log.statemachine.data.caching.enabled = true (custom)
2019-08-28 13:05:26,070 [pool-450-thread-1] INFO  segmented.SegmentedRaftLogWorker (SegmentedRaftLogWorker.java:lambda$new$0(132)) - 824628d9-e5f8-4fcc-92ac-3dee9636940c-SegmentedRaftLogWorker:Storage Directory /workdir/hadoop-ozone/integration-test/target/test-dir/MiniOzoneClusterImpl-b4ee2db5-7e6f-4740-8562-f15ac3dbe928/datanode-1/data/ratis/7c73f1f9-c354-4ed2-b413-e5306f4a7e2a: flushIndex: setUnconditionally 0 -> -1
2019-08-28 13:05:26,071 [pool-450-thread-1] INFO  server.RaftServerConfigKeys (ConfUtils.java:logGet(43)) - raft.server.snapshot.auto.trigger.enabled = true (custom)
2019-08-28 13:05:26,071 [pool-450-thread-1] INFO  server.RaftServerConfigKeys (ConfUtils.java:logGet(43)) - raft.server.snapshot.auto.trigger.threshold = 10000 (custom)
2019-08-28 13:05:26,071 [pool-450-thread-1] INFO  server.RaftServerConfigKeys (ConfUtils.java:logGet(43)) - raft.server.retrycache.expirytime = 600000ms (custom)
2019-08-28 13:05:26,071 [pool-450-thread-1] INFO  impl.RaftServerImpl (RaftServerImpl.java:start(180)) - 824628d9-e5f8-4fcc-92ac-3dee9636940c: start group-E5306F4A7E2A
2019-08-28 13:05:26,071 [pool-450-thread-1] INFO  impl.RaftServerImpl (RaftServerImpl.java:setRole(171)) - 824628d9-e5f8-4fcc-92ac-3dee9636940c:group-E5306F4A7E2A changes role from null to FOLLOWER at term 0 for startAsFollower
2019-08-28 13:05:26,072 [pool-450-thread-1] INFO  impl.RoleInfo (RoleInfo.java:updateAndGet(143)) - 824628d9-e5f8-4fcc-92ac-3dee9636940c: start FollowerState
2019-08-28 13:05:26,072 [pool-450-thread-1] INFO  util.JmxRegister (JmxRegister.java:tryRegister(44)) - Successfully registered JMX Bean with object name Ratis:service=RaftServer,group=group-E5306F4A7E2A,id=824628d9-e5f8-4fcc-92ac-3dee9636940c
2019-08-28 13:05:26,077 [RatisPipelineUtilsThread] INFO  pipeline.PipelineStateManager (PipelineStateManager.java:addPipeline(56)) - Created pipeline Pipeline[ Id: 7c73f1f9-c354-4ed2-b413-e5306f4a7e2a, Nodes: 824628d9-e5f8-4fcc-92ac-3dee9636940c{ip: 192.168.69.80, host: pr-hdds-2030-bfh46-3754461772, networkLocation: /default-rack, certSerialId: null}, Type:RATIS, Factor:ONE, State:OPEN]
2019-08-28 13:05:26,198 [IPC Server handler 0 on 40773] INFO  net.NetworkTopology (NetworkTopologyImpl.java:add(110)) - Added a new node: /default-rack/616243d7-d102-41c9-b140-524e964f60c9
2019-08-28 13:05:26,198 [IPC Server handler 0 on 40773] INFO  node.SCMNodeManager (SCMNodeManager.java:register(273)) - Registered Data node : 616243d7-d102-41c9-b140-524e964f60c9{ip: 192.168.69.80, host: pr-hdds-2030-bfh46-3754461772, networkLocation: /default-rack, certSerialId: null}
2019-08-28 13:05:26,201 | INFO  | SCMAudit | user=jenkins1000 | ip=192.168.69.80 | op=REGISTER {datanodeDetails=616243d7-d102-41c9-b140-524e964f60c9{ip: 192.168.69.80, host: pr-hdds-2030-bfh46-3754461772, networkLocation: /default-rack, certSerialId: null}} | ret=SUCCESS |  
2019-08-28 13:05:26,210 [grpc-default-executor-0] INFO  impl.RaftServerProxy (RaftServerProxy.java:addNew(89)) - 616243d7-d102-41c9-b140-524e964f60c9: addNew group-C71B8805176D:[616243d7-d102-41c9-b140-524e964f60c9:192.168.69.80:42317] returns group-C71B8805176D:java.util.concurrent.CompletableFuture@5e285b8f[Not completed]
2019-08-28 13:05:26,212 [pool-461-thread-1] INFO  impl.RaftServerImpl (RaftServerImpl.java:<init>(93)) - 616243d7-d102-41c9-b140-524e964f60c9: new RaftServerImpl for group-C71B8805176D:[616243d7-d102-41c9-b140-524e964f60c9:192.168.69.80:42317] with ContainerStateMachine:uninitialized
2019-08-28 13:05:26,212 [pool-461-thread-1] INFO  server.RaftServerConfigKeys (ConfUtils.java:logGet(43)) - raft.server.rpc.timeout.min = 5s (custom)
2019-08-28 13:05:26,212 [pool-461-thread-1] INFO  server.RaftServerConfigKeys (ConfUtils.java:logGet(43)) - raft.server.rpc.timeout.max = 5200ms (custom)
2019-08-28 13:05:26,212 [pool-461-thread-1] INFO  server.RaftServerConfigKeys (ConfUtils.java:logGet(43)) - raft.server.rpcslowness.timeout = 120s (custom)
2019-08-28 13:05:26,212 [pool-461-thread-1] INFO  server.RaftServerConfigKeys (ConfUtils.java:logGet(43)) - raft.server.sleep.deviation.threshold = 300 (default)
2019-08-28 13:05:26,212 [pool-461-thread-1] INFO  server.RaftServerConfigKeys (ConfUtils.java:logGet(43)) - raft.server.log.appender.install.snapshot.enabled = false (custom)
2019-08-28 13:05:26,212 [pool-461-thread-1] INFO  impl.RaftServerImpl (ServerState.java:<init>(105)) - 616243d7-d102-41c9-b140-524e964f60c9:group-C71B8805176D ConfigurationManager, init=-1: [616243d7-d102-41c9-b140-524e964f60c9:192.168.69.80:42317], old=null, confs=<EMPTY_MAP>
2019-08-28 13:05:26,213 [pool-461-thread-1] INFO  server.RaftServerConfigKeys (ConfUtils.java:logGet(43)) - raft.server.storage.dir = [/workdir/hadoop-ozone/integration-test/target/test-dir/MiniOzoneClusterImpl-b4ee2db5-7e6f-4740-8562-f15ac3dbe928/datanode-2/data/ratis] (custom)
2019-08-28 13:05:26,213 [pool-461-thread-1] INFO  storage.RaftStorageDirectory (RaftStorageDirectory.java:analyzeStorage(246)) - The storage directory /workdir/hadoop-ozone/integration-test/target/test-dir/MiniOzoneClusterImpl-b4ee2db5-7e6f-4740-8562-f15ac3dbe928/datanode-2/data/ratis/1e691dc2-0c06-44a4-8f9a-c71b8805176d does not exist. Creating ...
2019-08-28 13:05:26,227 [pool-461-thread-1] INFO  storage.RaftStorageDirectory (RaftStorageDirectory.java:tryLock(328)) - Lock on /workdir/hadoop-ozone/integration-test/target/test-dir/MiniOzoneClusterImpl-b4ee2db5-7e6f-4740-8562-f15ac3dbe928/datanode-2/data/ratis/1e691dc2-0c06-44a4-8f9a-c71b8805176d/in_use.lock acquired by nodename 16557@pr-hdds-2030-bfh46-3754461772
2019-08-28 13:05:26,240 [pool-461-thread-1] INFO  storage.RaftStorage (RaftStorage.java:format(72)) - Storage directory /workdir/hadoop-ozone/integration-test/target/test-dir/MiniOzoneClusterImpl-b4ee2db5-7e6f-4740-8562-f15ac3dbe928/datanode-2/data/ratis/1e691dc2-0c06-44a4-8f9a-c71b8805176d has been successfully formatted.
2019-08-28 13:05:26,241 [pool-461-thread-1] INFO  ratis.ContainerStateMachine (ContainerStateMachine.java:loadSnapshot(226)) - group-C71B8805176D: The snapshot info is null. Setting the last applied indexto:(t:0, i:~)
2019-08-28 13:05:26,241 [pool-461-thread-1] INFO  server.RaftServerConfigKeys (ConfUtils.java:logGet(43)) - raft.server.leader.election.timeout = 120s (custom)
2019-08-28 13:05:26,241 [pool-461-thread-1] INFO  server.RaftServerConfigKeys (ConfUtils.java:logGet(43)) - raft.server.log.use.memory = false (default)
2019-08-28 13:05:26,241 [pool-461-thread-1] INFO  server.RaftServerConfigKeys (ConfUtils.java:logGet(43)) - raft.server.log.purge.gap = 1000000 (custom)
2019-08-28 13:05:26,241 [pool-461-thread-1] INFO  server.RaftServerConfigKeys (ConfUtils.java:logGet(43)) - raft.server.log.appender.buffer.byte-limit = 33554432 (custom)
2019-08-28 13:05:26,241 [pool-461-thread-1] INFO  server.RaftServerConfigKeys (ConfUtils.java:logGet(43)) - raft.server.log.segment.size.max = 1048576 (custom)
2019-08-28 13:05:26,241 [pool-461-thread-1] INFO  server.RaftServerConfigKeys (ConfUtils.java:logGet(43)) - raft.server.log.segment.cache.num.max = 2 (custom)
2019-08-28 13:05:26,242 [pool-461-thread-1] INFO  segmented.SegmentedRaftLogWorker (SegmentedRaftLogWorker.java:<init>(172)) - new 616243d7-d102-41c9-b140-524e964f60c9-SegmentedRaftLogWorker:Storage Directory /workdir/hadoop-ozone/integration-test/target/test-dir/MiniOzoneClusterImpl-b4ee2db5-7e6f-4740-8562-f15ac3dbe928/datanode-2/data/ratis/1e691dc2-0c06-44a4-8f9a-c71b8805176d for RaftStorage:Storage Directory /workdir/hadoop-ozone/integration-test/target/test-dir/MiniOzoneClusterImpl-b4ee2db5-7e6f-4740-8562-f15ac3dbe928/datanode-2/data/ratis/1e691dc2-0c06-44a4-8f9a-c71b8805176d
2019-08-28 13:05:26,242 [pool-461-thread-1] INFO  server.RaftServerConfigKeys (ConfUtils.java:logGet(43)) - raft.server.log.queue.byte-limit = 2147483647 (custom)
2019-08-28 13:05:26,242 [pool-461-thread-1] INFO  server.RaftServerConfigKeys (ConfUtils.java:logGet(43)) - raft.server.log.queue.element-limit = 1024 (custom)
2019-08-28 13:05:26,242 [pool-461-thread-1] INFO  server.RaftServerConfigKeys (ConfUtils.java:logGet(43)) - raft.server.log.segment.size.max = 1048576 (custom)
2019-08-28 13:05:26,242 [pool-461-thread-1] INFO  server.RaftServerConfigKeys (ConfUtils.java:logGet(43)) - raft.server.log.preallocated.size = 16384 (custom)
2019-08-28 13:05:26,242 [pool-461-thread-1] INFO  server.RaftServerConfigKeys (ConfUtils.java:logGet(43)) - raft.server.log.write.buffer.size = 33554432 (custom)
2019-08-28 13:05:26,243 [pool-461-thread-1] INFO  server.RaftServerConfigKeys (ConfUtils.java:logGet(43)) - raft.server.log.force.sync.num = 128 (default)
2019-08-28 13:05:26,243 [pool-461-thread-1] INFO  server.RaftServerConfigKeys (ConfUtils.java:logGet(43)) - raft.server.log.statemachine.data.sync = true (default)
2019-08-28 13:05:26,243 [pool-461-thread-1] INFO  server.RaftServerConfigKeys (ConfUtils.java:logGet(43)) - raft.server.log.statemachine.data.sync.timeout = 10s (default)
2019-08-28 13:05:26,243 [pool-461-thread-1] INFO  server.RaftServerConfigKeys (ConfUtils.java:logGet(43)) - raft.server.log.statemachine.data.sync.timeout.retry = -1 (default)
2019-08-28 13:05:26,243 [pool-461-thread-1] INFO  server.RaftServerConfigKeys (ConfUtils.java:logGet(43)) - raft.server.log.statemachine.data.caching.enabled = true (custom)
2019-08-28 13:05:26,244 [pool-461-thread-1] INFO  segmented.SegmentedRaftLogWorker (SegmentedRaftLogWorker.java:lambda$new$0(132)) - 616243d7-d102-41c9-b140-524e964f60c9-SegmentedRaftLogWorker:Storage Directory /workdir/hadoop-ozone/integration-test/target/test-dir/MiniOzoneClusterImpl-b4ee2db5-7e6f-4740-8562-f15ac3dbe928/datanode-2/data/ratis/1e691dc2-0c06-44a4-8f9a-c71b8805176d: flushIndex: setUnconditionally 0 -> -1
2019-08-28 13:05:26,244 [pool-461-thread-1] INFO  server.RaftServerConfigKeys (ConfUtils.java:logGet(43)) - raft.server.snapshot.auto.trigger.enabled = true (custom)
2019-08-28 13:05:26,245 [pool-461-thread-1] INFO  server.RaftServerConfigKeys (ConfUtils.java:logGet(43)) - raft.server.snapshot.auto.trigger.threshold = 10000 (custom)
2019-08-28 13:05:26,245 [pool-461-thread-1] INFO  server.RaftServerConfigKeys (ConfUtils.java:logGet(43)) - raft.server.retrycache.expirytime = 600000ms (custom)
2019-08-28 13:05:26,245 [pool-461-thread-1] INFO  impl.RaftServerImpl (RaftServerImpl.java:start(180)) - 616243d7-d102-41c9-b140-524e964f60c9: start group-C71B8805176D
2019-08-28 13:05:26,245 [pool-461-thread-1] INFO  impl.RaftServerImpl (RaftServerImpl.java:setRole(171)) - 616243d7-d102-41c9-b140-524e964f60c9:group-C71B8805176D changes role from null to FOLLOWER at term 0 for startAsFollower
2019-08-28 13:05:26,245 [pool-461-thread-1] INFO  impl.RoleInfo (RoleInfo.java:updateAndGet(143)) - 616243d7-d102-41c9-b140-524e964f60c9: start FollowerState
2019-08-28 13:05:26,246 [pool-461-thread-1] INFO  util.JmxRegister (JmxRegister.java:tryRegister(44)) - Successfully registered JMX Bean with object name Ratis:service=RaftServer,group=group-C71B8805176D,id=616243d7-d102-41c9-b140-524e964f60c9
2019-08-28 13:05:26,250 [RatisPipelineUtilsThread] INFO  pipeline.PipelineStateManager (PipelineStateManager.java:addPipeline(56)) - Created pipeline Pipeline[ Id: 1e691dc2-0c06-44a4-8f9a-c71b8805176d, Nodes: 616243d7-d102-41c9-b140-524e964f60c9{ip: 192.168.69.80, host: pr-hdds-2030-bfh46-3754461772, networkLocation: /default-rack, certSerialId: null}, Type:RATIS, Factor:ONE, State:OPEN]
2019-08-28 13:05:26,267 [grpc-default-executor-7] INFO  impl.RaftServerProxy (RaftServerProxy.java:addNew(89)) - 824628d9-e5f8-4fcc-92ac-3dee9636940c: addNew group-9005F0D065FA:[59fb5bc9-2d90-422e-bf68-b67547f31f06:192.168.69.80:43968, 616243d7-d102-41c9-b140-524e964f60c9:192.168.69.80:42317, 824628d9-e5f8-4fcc-92ac-3dee9636940c:192.168.69.80:38364] returns group-9005F0D065FA:java.util.concurrent.CompletableFuture@6bd398d2[Not completed]
2019-08-28 13:05:26,267 [grpc-default-executor-0] INFO  impl.RaftServerProxy (RaftServerProxy.java:addNew(89)) - 59fb5bc9-2d90-422e-bf68-b67547f31f06: addNew group-9005F0D065FA:[59fb5bc9-2d90-422e-bf68-b67547f31f06:192.168.69.80:43968, 616243d7-d102-41c9-b140-524e964f60c9:192.168.69.80:42317, 824628d9-e5f8-4fcc-92ac-3dee9636940c:192.168.69.80:38364] returns group-9005F0D065FA:java.util.concurrent.CompletableFuture@3d07a0c3[Not completed]
2019-08-28 13:05:26,267 [grpc-default-executor-6] INFO  impl.RaftServerProxy (RaftServerProxy.java:addNew(89)) - 616243d7-d102-41c9-b140-524e964f60c9: addNew group-9005F0D065FA:[59fb5bc9-2d90-422e-bf68-b67547f31f06:192.168.69.80:43968, 616243d7-d102-41c9-b140-524e964f60c9:192.168.69.80:42317, 824628d9-e5f8-4fcc-92ac-3dee9636940c:192.168.69.80:38364] returns group-9005F0D065FA:java.util.concurrent.CompletableFuture@41641335[Not completed]
2019-08-28 13:05:26,268 [pool-450-thread-1] INFO  impl.RaftServerImpl (RaftServerImpl.java:<init>(93)) - 824628d9-e5f8-4fcc-92ac-3dee9636940c: new RaftServerImpl for group-9005F0D065FA:[59fb5bc9-2d90-422e-bf68-b67547f31f06:192.168.69.80:43968, 616243d7-d102-41c9-b140-524e964f60c9:192.168.69.80:42317, 824628d9-e5f8-4fcc-92ac-3dee9636940c:192.168.69.80:38364] with ContainerStateMachine:uninitialized
2019-08-28 13:05:26,268 [pool-450-thread-1] INFO  server.RaftServerConfigKeys (ConfUtils.java:logGet(43)) - raft.server.rpc.timeout.min = 5s (custom)
2019-08-28 13:05:26,268 [pool-450-thread-1] INFO  server.RaftServerConfigKeys (ConfUtils.java:logGet(43)) - raft.server.rpc.timeout.max = 5200ms (custom)
2019-08-28 13:05:26,268 [pool-450-thread-1] INFO  server.RaftServerConfigKeys (ConfUtils.java:logGet(43)) - raft.server.rpcslowness.timeout = 120s (custom)
2019-08-28 13:05:26,268 [pool-450-thread-1] INFO  server.RaftServerConfigKeys (ConfUtils.java:logGet(43)) - raft.server.sleep.deviation.threshold = 300 (default)
2019-08-28 13:05:26,269 [pool-450-thread-1] INFO  server.RaftServerConfigKeys (ConfUtils.java:logGet(43)) - raft.server.log.appender.install.snapshot.enabled = false (custom)
2019-08-28 13:05:26,269 [pool-439-thread-1] INFO  impl.RaftServerImpl (RaftServerImpl.java:<init>(93)) - 59fb5bc9-2d90-422e-bf68-b67547f31f06: new RaftServerImpl for group-9005F0D065FA:[59fb5bc9-2d90-422e-bf68-b67547f31f06:192.168.69.80:43968, 616243d7-d102-41c9-b140-524e964f60c9:192.168.69.80:42317, 824628d9-e5f8-4fcc-92ac-3dee9636940c:192.168.69.80:38364] with ContainerStateMachine:uninitialized
2019-08-28 13:05:26,269 [pool-450-thread-1] INFO  impl.RaftServerImpl (ServerState.java:<init>(105)) - 824628d9-e5f8-4fcc-92ac-3dee9636940c:group-9005F0D065FA ConfigurationManager, init=-1: [59fb5bc9-2d90-422e-bf68-b67547f31f06:192.168.69.80:43968, 616243d7-d102-41c9-b140-524e964f60c9:192.168.69.80:42317, 824628d9-e5f8-4fcc-92ac-3dee9636940c:192.168.69.80:38364], old=null, confs=<EMPTY_MAP>
2019-08-28 13:05:26,269 [pool-439-thread-1] INFO  server.RaftServerConfigKeys (ConfUtils.java:logGet(43)) - raft.server.rpc.timeout.min = 5s (custom)
2019-08-28 13:05:26,269 [pool-450-thread-1] INFO  server.RaftServerConfigKeys (ConfUtils.java:logGet(43)) - raft.server.storage.dir = [/workdir/hadoop-ozone/integration-test/target/test-dir/MiniOzoneClusterImpl-b4ee2db5-7e6f-4740-8562-f15ac3dbe928/datanode-1/data/ratis] (custom)
2019-08-28 13:05:26,269 [pool-461-thread-1] INFO  impl.RaftServerImpl (RaftServerImpl.java:<init>(93)) - 616243d7-d102-41c9-b140-524e964f60c9: new RaftServerImpl for group-9005F0D065FA:[59fb5bc9-2d90-422e-bf68-b67547f31f06:192.168.69.80:43968, 616243d7-d102-41c9-b140-524e964f60c9:192.168.69.80:42317, 824628d9-e5f8-4fcc-92ac-3dee9636940c:192.168.69.80:38364] with ContainerStateMachine:uninitialized
2019-08-28 13:05:26,269 [pool-439-thread-1] INFO  server.RaftServerConfigKeys (ConfUtils.java:logGet(43)) - raft.server.rpc.timeout.max = 5200ms (custom)
2019-08-28 13:05:26,269 [pool-450-thread-1] INFO  storage.RaftStorageDirectory (RaftStorageDirectory.java:analyzeStorage(246)) - The storage directory /workdir/hadoop-ozone/integration-test/target/test-dir/MiniOzoneClusterImpl-b4ee2db5-7e6f-4740-8562-f15ac3dbe928/datanode-1/data/ratis/29ae7ed1-1c86-446d-9f35-9005f0d065fa does not exist. Creating ...
2019-08-28 13:05:26,269 [pool-461-thread-1] INFO  server.RaftServerConfigKeys (ConfUtils.java:logGet(43)) - raft.server.rpc.timeout.min = 5s (custom)
2019-08-28 13:05:26,269 [pool-439-thread-1] INFO  server.RaftServerConfigKeys (ConfUtils.java:logGet(43)) - raft.server.rpcslowness.timeout = 120s (custom)
2019-08-28 13:05:26,270 [pool-461-thread-1] INFO  server.RaftServerConfigKeys (ConfUtils.java:logGet(43)) - raft.server.rpc.timeout.max = 5200ms (custom)
2019-08-28 13:05:26,270 [pool-439-thread-1] INFO  server.RaftServerConfigKeys (ConfUtils.java:logGet(43)) - raft.server.sleep.deviation.threshold = 300 (default)
2019-08-28 13:05:26,270 [pool-461-thread-1] INFO  server.RaftServerConfigKeys (ConfUtils.java:logGet(43)) - raft.server.rpcslowness.timeout = 120s (custom)
2019-08-28 13:05:26,270 [pool-439-thread-1] INFO  server.RaftServerConfigKeys (ConfUtils.java:logGet(43)) - raft.server.log.appender.install.snapshot.enabled = false (custom)
2019-08-28 13:05:26,270 [pool-461-thread-1] INFO  server.RaftServerConfigKeys (ConfUtils.java:logGet(43)) - raft.server.sleep.deviation.threshold = 300 (default)
2019-08-28 13:05:26,270 [pool-439-thread-1] INFO  impl.RaftServerImpl (ServerState.java:<init>(105)) - 59fb5bc9-2d90-422e-bf68-b67547f31f06:group-9005F0D065FA ConfigurationManager, init=-1: [59fb5bc9-2d90-422e-bf68-b67547f31f06:192.168.69.80:43968, 616243d7-d102-41c9-b140-524e964f60c9:192.168.69.80:42317, 824628d9-e5f8-4fcc-92ac-3dee9636940c:192.168.69.80:38364], old=null, confs=<EMPTY_MAP>
2019-08-28 13:05:26,270 [pool-461-thread-1] INFO  server.RaftServerConfigKeys (ConfUtils.java:logGet(43)) - raft.server.log.appender.install.snapshot.enabled = false (custom)
2019-08-28 13:05:26,271 [pool-439-thread-1] INFO  server.RaftServerConfigKeys (ConfUtils.java:logGet(43)) - raft.server.storage.dir = [/workdir/hadoop-ozone/integration-test/target/test-dir/MiniOzoneClusterImpl-b4ee2db5-7e6f-4740-8562-f15ac3dbe928/datanode-0/data/ratis] (custom)
2019-08-28 13:05:26,271 [pool-461-thread-1] INFO  impl.RaftServerImpl (ServerState.java:<init>(105)) - 616243d7-d102-41c9-b140-524e964f60c9:group-9005F0D065FA ConfigurationManager, init=-1: [59fb5bc9-2d90-422e-bf68-b67547f31f06:192.168.69.80:43968, 616243d7-d102-41c9-b140-524e964f60c9:192.168.69.80:42317, 824628d9-e5f8-4fcc-92ac-3dee9636940c:192.168.69.80:38364], old=null, confs=<EMPTY_MAP>
2019-08-28 13:05:26,271 [pool-461-thread-1] INFO  server.RaftServerConfigKeys (ConfUtils.java:logGet(43)) - raft.server.storage.dir = [/workdir/hadoop-ozone/integration-test/target/test-dir/MiniOzoneClusterImpl-b4ee2db5-7e6f-4740-8562-f15ac3dbe928/datanode-2/data/ratis] (custom)
2019-08-28 13:05:26,271 [pool-439-thread-1] INFO  storage.RaftStorageDirectory (RaftStorageDirectory.java:analyzeStorage(246)) - The storage directory /workdir/hadoop-ozone/integration-test/target/test-dir/MiniOzoneClusterImpl-b4ee2db5-7e6f-4740-8562-f15ac3dbe928/datanode-0/data/ratis/29ae7ed1-1c86-446d-9f35-9005f0d065fa does not exist. Creating ...
2019-08-28 13:05:26,271 [pool-461-thread-1] INFO  storage.RaftStorageDirectory (RaftStorageDirectory.java:analyzeStorage(246)) - The storage directory /workdir/hadoop-ozone/integration-test/target/test-dir/MiniOzoneClusterImpl-b4ee2db5-7e6f-4740-8562-f15ac3dbe928/datanode-2/data/ratis/29ae7ed1-1c86-446d-9f35-9005f0d065fa does not exist. Creating ...
2019-08-28 13:05:26,284 [pool-439-thread-1] INFO  storage.RaftStorageDirectory (RaftStorageDirectory.java:tryLock(328)) - Lock on /workdir/hadoop-ozone/integration-test/target/test-dir/MiniOzoneClusterImpl-b4ee2db5-7e6f-4740-8562-f15ac3dbe928/datanode-0/data/ratis/29ae7ed1-1c86-446d-9f35-9005f0d065fa/in_use.lock acquired by nodename 16557@pr-hdds-2030-bfh46-3754461772
2019-08-28 13:05:26,284 [pool-461-thread-1] INFO  storage.RaftStorageDirectory (RaftStorageDirectory.java:tryLock(328)) - Lock on /workdir/hadoop-ozone/integration-test/target/test-dir/MiniOzoneClusterImpl-b4ee2db5-7e6f-4740-8562-f15ac3dbe928/datanode-2/data/ratis/29ae7ed1-1c86-446d-9f35-9005f0d065fa/in_use.lock acquired by nodename 16557@pr-hdds-2030-bfh46-3754461772
2019-08-28 13:05:26,284 [pool-450-thread-1] INFO  storage.RaftStorageDirectory (RaftStorageDirectory.java:tryLock(328)) - Lock on /workdir/hadoop-ozone/integration-test/target/test-dir/MiniOzoneClusterImpl-b4ee2db5-7e6f-4740-8562-f15ac3dbe928/datanode-1/data/ratis/29ae7ed1-1c86-446d-9f35-9005f0d065fa/in_use.lock acquired by nodename 16557@pr-hdds-2030-bfh46-3754461772
2019-08-28 13:05:26,298 [pool-450-thread-1] INFO  storage.RaftStorage (RaftStorage.java:format(72)) - Storage directory /workdir/hadoop-ozone/integration-test/target/test-dir/MiniOzoneClusterImpl-b4ee2db5-7e6f-4740-8562-f15ac3dbe928/datanode-1/data/ratis/29ae7ed1-1c86-446d-9f35-9005f0d065fa has been successfully formatted.
2019-08-28 13:05:26,299 [pool-461-thread-1] INFO  storage.RaftStorage (RaftStorage.java:format(72)) - Storage directory /workdir/hadoop-ozone/integration-test/target/test-dir/MiniOzoneClusterImpl-b4ee2db5-7e6f-4740-8562-f15ac3dbe928/datanode-2/data/ratis/29ae7ed1-1c86-446d-9f35-9005f0d065fa has been successfully formatted.
2019-08-28 13:05:26,298 [pool-439-thread-1] INFO  storage.RaftStorage (RaftStorage.java:format(72)) - Storage directory /workdir/hadoop-ozone/integration-test/target/test-dir/MiniOzoneClusterImpl-b4ee2db5-7e6f-4740-8562-f15ac3dbe928/datanode-0/data/ratis/29ae7ed1-1c86-446d-9f35-9005f0d065fa has been successfully formatted.
2019-08-28 13:05:26,299 [pool-450-thread-1] INFO  ratis.ContainerStateMachine (ContainerStateMachine.java:loadSnapshot(226)) - group-9005F0D065FA: The snapshot info is null. Setting the last applied indexto:(t:0, i:~)
2019-08-28 13:05:26,299 [pool-439-thread-1] INFO  ratis.ContainerStateMachine (ContainerStateMachine.java:loadSnapshot(226)) - group-9005F0D065FA: The snapshot info is null. Setting the last applied indexto:(t:0, i:~)
2019-08-28 13:05:26,299 [pool-461-thread-1] INFO  ratis.ContainerStateMachine (ContainerStateMachine.java:loadSnapshot(226)) - group-9005F0D065FA: The snapshot info is null. Setting the last applied indexto:(t:0, i:~)
2019-08-28 13:05:26,299 [pool-439-thread-1] INFO  server.RaftServerConfigKeys (ConfUtils.java:logGet(43)) - raft.server.leader.election.timeout = 120s (custom)
2019-08-28 13:05:26,299 [pool-450-thread-1] INFO  server.RaftServerConfigKeys (ConfUtils.java:logGet(43)) - raft.server.leader.election.timeout = 120s (custom)
2019-08-28 13:05:26,299 [pool-439-thread-1] INFO  server.RaftServerConfigKeys (ConfUtils.java:logGet(43)) - raft.server.log.use.memory = false (default)
2019-08-28 13:05:26,299 [pool-461-thread-1] INFO  server.RaftServerConfigKeys (ConfUtils.java:logGet(43)) - raft.server.leader.election.timeout = 120s (custom)
2019-08-28 13:05:26,300 [pool-439-thread-1] INFO  server.RaftServerConfigKeys (ConfUtils.java:logGet(43)) - raft.server.log.purge.gap = 1000000 (custom)
2019-08-28 13:05:26,300 [pool-450-thread-1] INFO  server.RaftServerConfigKeys (ConfUtils.java:logGet(43)) - raft.server.log.use.memory = false (default)
2019-08-28 13:05:26,300 [pool-439-thread-1] INFO  server.RaftServerConfigKeys (ConfUtils.java:logGet(43)) - raft.server.log.appender.buffer.byte-limit = 33554432 (custom)
2019-08-28 13:05:26,300 [pool-461-thread-1] INFO  server.RaftServerConfigKeys (ConfUtils.java:logGet(43)) - raft.server.log.use.memory = false (default)
2019-08-28 13:05:26,300 [pool-439-thread-1] INFO  server.RaftServerConfigKeys (ConfUtils.java:logGet(43)) - raft.server.log.segment.size.max = 1048576 (custom)
2019-08-28 13:05:26,300 [pool-450-thread-1] INFO  server.RaftServerConfigKeys (ConfUtils.java:logGet(43)) - raft.server.log.purge.gap = 1000000 (custom)
2019-08-28 13:05:26,300 [pool-439-thread-1] INFO  server.RaftServerConfigKeys (ConfUtils.java:logGet(43)) - raft.server.log.segment.cache.num.max = 2 (custom)
2019-08-28 13:05:26,300 [pool-461-thread-1] INFO  server.RaftServerConfigKeys (ConfUtils.java:logGet(43)) - raft.server.log.purge.gap = 1000000 (custom)
2019-08-28 13:05:26,301 [pool-439-thread-1] INFO  segmented.SegmentedRaftLogWorker (SegmentedRaftLogWorker.java:<init>(172)) - new 59fb5bc9-2d90-422e-bf68-b67547f31f06-SegmentedRaftLogWorker:Storage Directory /workdir/hadoop-ozone/integration-test/target/test-dir/MiniOzoneClusterImpl-b4ee2db5-7e6f-4740-8562-f15ac3dbe928/datanode-0/data/ratis/29ae7ed1-1c86-446d-9f35-9005f0d065fa for RaftStorage:Storage Directory /workdir/hadoop-ozone/integration-test/target/test-dir/MiniOzoneClusterImpl-b4ee2db5-7e6f-4740-8562-f15ac3dbe928/datanode-0/data/ratis/29ae7ed1-1c86-446d-9f35-9005f0d065fa
2019-08-28 13:05:26,301 [pool-450-thread-1] INFO  server.RaftServerConfigKeys (ConfUtils.java:logGet(43)) - raft.server.log.appender.buffer.byte-limit = 33554432 (custom)
2019-08-28 13:05:26,301 [pool-439-thread-1] INFO  server.RaftServerConfigKeys (ConfUtils.java:logGet(43)) - raft.server.log.queue.byte-limit = 2147483647 (custom)
2019-08-28 13:05:26,301 [pool-461-thread-1] INFO  server.RaftServerConfigKeys (ConfUtils.java:logGet(43)) - raft.server.log.appender.buffer.byte-limit = 33554432 (custom)
2019-08-28 13:05:26,301 [pool-439-thread-1] INFO  server.RaftServerConfigKeys (ConfUtils.java:logGet(43)) - raft.server.log.queue.element-limit = 1024 (custom)
2019-08-28 13:05:26,301 [pool-450-thread-1] INFO  server.RaftServerConfigKeys (ConfUtils.java:logGet(43)) - raft.server.log.segment.size.max = 1048576 (custom)
2019-08-28 13:05:26,302 [pool-439-thread-1] INFO  server.RaftServerConfigKeys (ConfUtils.java:logGet(43)) - raft.server.log.segment.size.max = 1048576 (custom)
2019-08-28 13:05:26,302 [pool-439-thread-1] INFO  server.RaftServerConfigKeys (ConfUtils.java:logGet(43)) - raft.server.log.preallocated.size = 16384 (custom)
2019-08-28 13:05:26,301 [pool-461-thread-1] INFO  server.RaftServerConfigKeys (ConfUtils.java:logGet(43)) - raft.server.log.segment.size.max = 1048576 (custom)
2019-08-28 13:05:26,302 [pool-439-thread-1] INFO  server.RaftServerConfigKeys (ConfUtils.java:logGet(43)) - raft.server.log.write.buffer.size = 33554432 (custom)
2019-08-28 13:05:26,302 [pool-450-thread-1] INFO  server.RaftServerConfigKeys (ConfUtils.java:logGet(43)) - raft.server.log.segment.cache.num.max = 2 (custom)
2019-08-28 13:05:26,302 [pool-439-thread-1] INFO  server.RaftServerConfigKeys (ConfUtils.java:logGet(43)) - raft.server.log.force.sync.num = 128 (default)
2019-08-28 13:05:26,302 [pool-461-thread-1] INFO  server.RaftServerConfigKeys (ConfUtils.java:logGet(43)) - raft.server.log.segment.cache.num.max = 2 (custom)
2019-08-28 13:05:26,302 [pool-439-thread-1] INFO  server.RaftServerConfigKeys (ConfUtils.java:logGet(43)) - raft.server.log.statemachine.data.sync = true (default)
2019-08-28 13:05:26,302 [pool-450-thread-1] INFO  segmented.SegmentedRaftLogWorker (SegmentedRaftLogWorker.java:<init>(172)) - new 824628d9-e5f8-4fcc-92ac-3dee9636940c-SegmentedRaftLogWorker:Storage Directory /workdir/hadoop-ozone/integration-test/target/test-dir/MiniOzoneClusterImpl-b4ee2db5-7e6f-4740-8562-f15ac3dbe928/datanode-1/data/ratis/29ae7ed1-1c86-446d-9f35-9005f0d065fa for RaftStorage:Storage Directory /workdir/hadoop-ozone/integration-test/target/test-dir/MiniOzoneClusterImpl-b4ee2db5-7e6f-4740-8562-f15ac3dbe928/datanode-1/data/ratis/29ae7ed1-1c86-446d-9f35-9005f0d065fa
2019-08-28 13:05:26,303 [pool-439-thread-1] INFO  server.RaftServerConfigKeys (ConfUtils.java:logGet(43)) - raft.server.log.statemachine.data.sync.timeout = 10s (default)
2019-08-28 13:05:26,303 [pool-461-thread-1] INFO  segmented.SegmentedRaftLogWorker (SegmentedRaftLogWorker.java:<init>(172)) - new 616243d7-d102-41c9-b140-524e964f60c9-SegmentedRaftLogWorker:Storage Directory /workdir/hadoop-ozone/integration-test/target/test-dir/MiniOzoneClusterImpl-b4ee2db5-7e6f-4740-8562-f15ac3dbe928/datanode-2/data/ratis/29ae7ed1-1c86-446d-9f35-9005f0d065fa for RaftStorage:Storage Directory /workdir/hadoop-ozone/integration-test/target/test-dir/MiniOzoneClusterImpl-b4ee2db5-7e6f-4740-8562-f15ac3dbe928/datanode-2/data/ratis/29ae7ed1-1c86-446d-9f35-9005f0d065fa
2019-08-28 13:05:26,303 [pool-439-thread-1] INFO  server.RaftServerConfigKeys (ConfUtils.java:logGet(43)) - raft.server.log.statemachine.data.sync.timeout.retry = -1 (default)
2019-08-28 13:05:26,303 [pool-450-thread-1] INFO  server.RaftServerConfigKeys (ConfUtils.java:logGet(43)) - raft.server.log.queue.byte-limit = 2147483647 (custom)
2019-08-28 13:05:26,303 [pool-439-thread-1] INFO  server.RaftServerConfigKeys (ConfUtils.java:logGet(43)) - raft.server.log.statemachine.data.caching.enabled = true (custom)
2019-08-28 13:05:26,303 [pool-461-thread-1] INFO  server.RaftServerConfigKeys (ConfUtils.java:logGet(43)) - raft.server.log.queue.byte-limit = 2147483647 (custom)
2019-08-28 13:05:26,303 [pool-450-thread-1] INFO  server.RaftServerConfigKeys (ConfUtils.java:logGet(43)) - raft.server.log.queue.element-limit = 1024 (custom)
2019-08-28 13:05:26,304 [pool-461-thread-1] INFO  server.RaftServerConfigKeys (ConfUtils.java:logGet(43)) - raft.server.log.queue.element-limit = 1024 (custom)
2019-08-28 13:05:26,304 [pool-439-thread-1] INFO  segmented.SegmentedRaftLogWorker (SegmentedRaftLogWorker.java:lambda$new$0(132)) - 59fb5bc9-2d90-422e-bf68-b67547f31f06-SegmentedRaftLogWorker:Storage Directory /workdir/hadoop-ozone/integration-test/target/test-dir/MiniOzoneClusterImpl-b4ee2db5-7e6f-4740-8562-f15ac3dbe928/datanode-0/data/ratis/29ae7ed1-1c86-446d-9f35-9005f0d065fa: flushIndex: setUnconditionally 0 -> -1
2019-08-28 13:05:26,304 [pool-461-thread-1] INFO  server.RaftServerConfigKeys (ConfUtils.java:logGet(43)) - raft.server.log.segment.size.max = 1048576 (custom)
2019-08-28 13:05:26,304 [pool-450-thread-1] INFO  server.RaftServerConfigKeys (ConfUtils.java:logGet(43)) - raft.server.log.segment.size.max = 1048576 (custom)
2019-08-28 13:05:26,304 [pool-439-thread-1] INFO  server.RaftServerConfigKeys (ConfUtils.java:logGet(43)) - raft.server.snapshot.auto.trigger.enabled = true (custom)
2019-08-28 13:05:26,304 [pool-461-thread-1] INFO  server.RaftServerConfigKeys (ConfUtils.java:logGet(43)) - raft.server.log.preallocated.size = 16384 (custom)
2019-08-28 13:05:26,304 [pool-439-thread-1] INFO  server.RaftServerConfigKeys (ConfUtils.java:logGet(43)) - raft.server.snapshot.auto.trigger.threshold = 10000 (custom)
2019-08-28 13:05:26,304 [pool-450-thread-1] INFO  server.RaftServerConfigKeys (ConfUtils.java:logGet(43)) - raft.server.log.preallocated.size = 16384 (custom)
2019-08-28 13:05:26,305 [pool-439-thread-1] INFO  server.RaftServerConfigKeys (ConfUtils.java:logGet(43)) - raft.server.retrycache.expirytime = 600000ms (custom)
2019-08-28 13:05:26,304 [pool-461-thread-1] INFO  server.RaftServerConfigKeys (ConfUtils.java:logGet(43)) - raft.server.log.write.buffer.size = 33554432 (custom)
2019-08-28 13:05:26,305 [pool-439-thread-1] INFO  impl.RaftServerImpl (RaftServerImpl.java:start(180)) - 59fb5bc9-2d90-422e-bf68-b67547f31f06: start group-9005F0D065FA
2019-08-28 13:05:26,305 [pool-450-thread-1] INFO  server.RaftServerConfigKeys (ConfUtils.java:logGet(43)) - raft.server.log.write.buffer.size = 33554432 (custom)
2019-08-28 13:05:26,305 [pool-439-thread-1] INFO  impl.RaftServerImpl (RaftServerImpl.java:setRole(171)) - 59fb5bc9-2d90-422e-bf68-b67547f31f06:group-9005F0D065FA changes role from null to FOLLOWER at term 0 for startAsFollower
2019-08-28 13:05:26,305 [pool-461-thread-1] INFO  server.RaftServerConfigKeys (ConfUtils.java:logGet(43)) - raft.server.log.force.sync.num = 128 (default)
2019-08-28 13:05:26,305 [pool-439-thread-1] INFO  impl.RoleInfo (RoleInfo.java:updateAndGet(143)) - 59fb5bc9-2d90-422e-bf68-b67547f31f06: start FollowerState
2019-08-28 13:05:26,305 [pool-450-thread-1] INFO  server.RaftServerConfigKeys (ConfUtils.java:logGet(43)) - raft.server.log.force.sync.num = 128 (default)
2019-08-28 13:05:26,305 [pool-461-thread-1] INFO  server.RaftServerConfigKeys (ConfUtils.java:logGet(43)) - raft.server.log.statemachine.data.sync = true (default)
2019-08-28 13:05:26,306 [pool-450-thread-1] INFO  server.RaftServerConfigKeys (ConfUtils.java:logGet(43)) - raft.server.log.statemachine.data.sync = true (default)
2019-08-28 13:05:26,306 [pool-461-thread-1] INFO  server.RaftServerConfigKeys (ConfUtils.java:logGet(43)) - raft.server.log.statemachine.data.sync.timeout = 10s (default)
2019-08-28 13:05:26,306 [pool-439-thread-1] INFO  util.JmxRegister (JmxRegister.java:tryRegister(44)) - Successfully registered JMX Bean with object name Ratis:service=RaftServer,group=group-9005F0D065FA,id=59fb5bc9-2d90-422e-bf68-b67547f31f06
2019-08-28 13:05:26,306 [pool-461-thread-1] INFO  server.RaftServerConfigKeys (ConfUtils.java:logGet(43)) - raft.server.log.statemachine.data.sync.timeout.retry = -1 (default)
2019-08-28 13:05:26,306 [pool-450-thread-1] INFO  server.RaftServerConfigKeys (ConfUtils.java:logGet(43)) - raft.server.log.statemachine.data.sync.timeout = 10s (default)
2019-08-28 13:05:26,306 [pool-461-thread-1] INFO  server.RaftServerConfigKeys (ConfUtils.java:logGet(43)) - raft.server.log.statemachine.data.caching.enabled = true (custom)
2019-08-28 13:05:26,307 [pool-450-thread-1] INFO  server.RaftServerConfigKeys (ConfUtils.java:logGet(43)) - raft.server.log.statemachine.data.sync.timeout.retry = -1 (default)
2019-08-28 13:05:26,307 [pool-461-thread-1] INFO  segmented.SegmentedRaftLogWorker (SegmentedRaftLogWorker.java:lambda$new$0(132)) - 616243d7-d102-41c9-b140-524e964f60c9-SegmentedRaftLogWorker:Storage Directory /workdir/hadoop-ozone/integration-test/target/test-dir/MiniOzoneClusterImpl-b4ee2db5-7e6f-4740-8562-f15ac3dbe928/datanode-2/data/ratis/29ae7ed1-1c86-446d-9f35-9005f0d065fa: flushIndex: setUnconditionally 0 -> -1
2019-08-28 13:05:26,307 [pool-450-thread-1] INFO  server.RaftServerConfigKeys (ConfUtils.java:logGet(43)) - raft.server.log.statemachine.data.caching.enabled = true (custom)
2019-08-28 13:05:26,307 [pool-461-thread-1] INFO  server.RaftServerConfigKeys (ConfUtils.java:logGet(43)) - raft.server.snapshot.auto.trigger.enabled = true (custom)
2019-08-28 13:05:26,307 [pool-450-thread-1] INFO  segmented.SegmentedRaftLogWorker (SegmentedRaftLogWorker.java:lambda$new$0(132)) - 824628d9-e5f8-4fcc-92ac-3dee9636940c-SegmentedRaftLogWorker:Storage Directory /workdir/hadoop-ozone/integration-test/target/test-dir/MiniOzoneClusterImpl-b4ee2db5-7e6f-4740-8562-f15ac3dbe928/datanode-1/data/ratis/29ae7ed1-1c86-446d-9f35-9005f0d065fa: flushIndex: setUnconditionally 0 -> -1
2019-08-28 13:05:26,309 [pool-461-thread-1] INFO  server.RaftServerConfigKeys (ConfUtils.java:logGet(43)) - raft.server.snapshot.auto.trigger.threshold = 10000 (custom)
2019-08-28 13:05:26,309 [pool-450-thread-1] INFO  server.RaftServerConfigKeys (ConfUtils.java:logGet(43)) - raft.server.snapshot.auto.trigger.enabled = true (custom)
2019-08-28 13:05:26,309 [pool-461-thread-1] INFO  server.RaftServerConfigKeys (ConfUtils.java:logGet(43)) - raft.server.retrycache.expirytime = 600000ms (custom)
2019-08-28 13:05:26,309 [pool-450-thread-1] INFO  server.RaftServerConfigKeys (ConfUtils.java:logGet(43)) - raft.server.snapshot.auto.trigger.threshold = 10000 (custom)
2019-08-28 13:05:26,310 [pool-461-thread-1] INFO  impl.RaftServerImpl (RaftServerImpl.java:start(180)) - 616243d7-d102-41c9-b140-524e964f60c9: start group-9005F0D065FA
2019-08-28 13:05:26,310 [pool-450-thread-1] INFO  server.RaftServerConfigKeys (ConfUtils.java:logGet(43)) - raft.server.retrycache.expirytime = 600000ms (custom)
2019-08-28 13:05:26,310 [pool-461-thread-1] INFO  impl.RaftServerImpl (RaftServerImpl.java:setRole(171)) - 616243d7-d102-41c9-b140-524e964f60c9:group-9005F0D065FA changes role from null to FOLLOWER at term 0 for startAsFollower
2019-08-28 13:05:26,310 [pool-450-thread-1] INFO  impl.RaftServerImpl (RaftServerImpl.java:start(180)) - 824628d9-e5f8-4fcc-92ac-3dee9636940c: start group-9005F0D065FA
2019-08-28 13:05:26,310 [pool-461-thread-1] INFO  impl.RoleInfo (RoleInfo.java:updateAndGet(143)) - 616243d7-d102-41c9-b140-524e964f60c9: start FollowerState
2019-08-28 13:05:26,310 [pool-450-thread-1] INFO  impl.RaftServerImpl (RaftServerImpl.java:setRole(171)) - 824628d9-e5f8-4fcc-92ac-3dee9636940c:group-9005F0D065FA changes role from null to FOLLOWER at term 0 for startAsFollower
2019-08-28 13:05:26,310 [pool-450-thread-1] INFO  impl.RoleInfo (RoleInfo.java:updateAndGet(143)) - 824628d9-e5f8-4fcc-92ac-3dee9636940c: start FollowerState
2019-08-28 13:05:26,317 [pool-461-thread-1] INFO  util.JmxRegister (JmxRegister.java:tryRegister(44)) - Successfully registered JMX Bean with object name Ratis:service=RaftServer,group=group-9005F0D065FA,id=616243d7-d102-41c9-b140-524e964f60c9
2019-08-28 13:05:26,317 [pool-450-thread-1] INFO  util.JmxRegister (JmxRegister.java:tryRegister(44)) - Successfully registered JMX Bean with object name Ratis:service=RaftServer,group=group-9005F0D065FA,id=824628d9-e5f8-4fcc-92ac-3dee9636940c
2019-08-28 13:05:26,325 [RatisPipelineUtilsThread] INFO  pipeline.PipelineStateManager (PipelineStateManager.java:addPipeline(56)) - Created pipeline Pipeline[ Id: 29ae7ed1-1c86-446d-9f35-9005f0d065fa, Nodes: 824628d9-e5f8-4fcc-92ac-3dee9636940c{ip: 192.168.69.80, host: pr-hdds-2030-bfh46-3754461772, networkLocation: /default-rack, certSerialId: null}59fb5bc9-2d90-422e-bf68-b67547f31f06{ip: 192.168.69.80, host: pr-hdds-2030-bfh46-3754461772, networkLocation: /default-rack, certSerialId: null}616243d7-d102-41c9-b140-524e964f60c9{ip: 192.168.69.80, host: pr-hdds-2030-bfh46-3754461772, networkLocation: /default-rack, certSerialId: null}, Type:RATIS, Factor:THREE, State:OPEN]
2019-08-28 13:05:26,385 [IPC Server handler 2 on 40773] INFO  net.NetworkTopology (NetworkTopologyImpl.java:add(110)) - Added a new node: /default-rack/32f88ad7-b496-4276-ae36-0c1df3bcd831
2019-08-28 13:05:26,385 [IPC Server handler 2 on 40773] INFO  node.SCMNodeManager (SCMNodeManager.java:register(273)) - Registered Data node : 32f88ad7-b496-4276-ae36-0c1df3bcd831{ip: 192.168.69.80, host: pr-hdds-2030-bfh46-3754461772, networkLocation: /default-rack, certSerialId: null}
2019-08-28 13:05:26,388 | INFO  | SCMAudit | user=jenkins1000 | ip=192.168.69.80 | op=REGISTER {datanodeDetails=32f88ad7-b496-4276-ae36-0c1df3bcd831{ip: 192.168.69.80, host: pr-hdds-2030-bfh46-3754461772, networkLocation: /default-rack, certSerialId: null}} | ret=SUCCESS |  
2019-08-28 13:05:26,396 [grpc-default-executor-6] INFO  impl.RaftServerProxy (RaftServerProxy.java:addNew(89)) - 32f88ad7-b496-4276-ae36-0c1df3bcd831: addNew group-20D3D094F949:[32f88ad7-b496-4276-ae36-0c1df3bcd831:192.168.69.80:34128] returns group-20D3D094F949:java.util.concurrent.CompletableFuture@7a7b47b9[Not completed]
2019-08-28 13:05:26,398 [pool-472-thread-1] INFO  impl.RaftServerImpl (RaftServerImpl.java:<init>(93)) - 32f88ad7-b496-4276-ae36-0c1df3bcd831: new RaftServerImpl for group-20D3D094F949:[32f88ad7-b496-4276-ae36-0c1df3bcd831:192.168.69.80:34128] with ContainerStateMachine:uninitialized
2019-08-28 13:05:26,398 [pool-472-thread-1] INFO  server.RaftServerConfigKeys (ConfUtils.java:logGet(43)) - raft.server.rpc.timeout.min = 5s (custom)
2019-08-28 13:05:26,398 [pool-472-thread-1] INFO  server.RaftServerConfigKeys (ConfUtils.java:logGet(43)) - raft.server.rpc.timeout.max = 5200ms (custom)
2019-08-28 13:05:26,398 [pool-472-thread-1] INFO  server.RaftServerConfigKeys (ConfUtils.java:logGet(43)) - raft.server.rpcslowness.timeout = 120s (custom)
2019-08-28 13:05:26,398 [pool-472-thread-1] INFO  server.RaftServerConfigKeys (ConfUtils.java:logGet(43)) - raft.server.sleep.deviation.threshold = 300 (default)
2019-08-28 13:05:26,398 [pool-472-thread-1] INFO  server.RaftServerConfigKeys (ConfUtils.java:logGet(43)) - raft.server.log.appender.install.snapshot.enabled = false (custom)
2019-08-28 13:05:26,398 [pool-472-thread-1] INFO  impl.RaftServerImpl (ServerState.java:<init>(105)) - 32f88ad7-b496-4276-ae36-0c1df3bcd831:group-20D3D094F949 ConfigurationManager, init=-1: [32f88ad7-b496-4276-ae36-0c1df3bcd831:192.168.69.80:34128], old=null, confs=<EMPTY_MAP>
2019-08-28 13:05:26,399 [pool-472-thread-1] INFO  server.RaftServerConfigKeys (ConfUtils.java:logGet(43)) - raft.server.storage.dir = [/workdir/hadoop-ozone/integration-test/target/test-dir/MiniOzoneClusterImpl-b4ee2db5-7e6f-4740-8562-f15ac3dbe928/datanode-3/data/ratis] (custom)
2019-08-28 13:05:26,399 [pool-472-thread-1] INFO  storage.RaftStorageDirectory (RaftStorageDirectory.java:analyzeStorage(246)) - The storage directory /workdir/hadoop-ozone/integration-test/target/test-dir/MiniOzoneClusterImpl-b4ee2db5-7e6f-4740-8562-f15ac3dbe928/datanode-3/data/ratis/c321b955-3e0b-4553-81d7-20d3d094f949 does not exist. Creating ...
2019-08-28 13:05:26,412 [pool-472-thread-1] INFO  storage.RaftStorageDirectory (RaftStorageDirectory.java:tryLock(328)) - Lock on /workdir/hadoop-ozone/integration-test/target/test-dir/MiniOzoneClusterImpl-b4ee2db5-7e6f-4740-8562-f15ac3dbe928/datanode-3/data/ratis/c321b955-3e0b-4553-81d7-20d3d094f949/in_use.lock acquired by nodename 16557@pr-hdds-2030-bfh46-3754461772
2019-08-28 13:05:26,425 [pool-472-thread-1] INFO  storage.RaftStorage (RaftStorage.java:format(72)) - Storage directory /workdir/hadoop-ozone/integration-test/target/test-dir/MiniOzoneClusterImpl-b4ee2db5-7e6f-4740-8562-f15ac3dbe928/datanode-3/data/ratis/c321b955-3e0b-4553-81d7-20d3d094f949 has been successfully formatted.
2019-08-28 13:05:26,425 [pool-472-thread-1] INFO  ratis.ContainerStateMachine (ContainerStateMachine.java:loadSnapshot(226)) - group-20D3D094F949: The snapshot info is null. Setting the last applied indexto:(t:0, i:~)
2019-08-28 13:05:26,425 [pool-472-thread-1] INFO  server.RaftServerConfigKeys (ConfUtils.java:logGet(43)) - raft.server.leader.election.timeout = 120s (custom)
2019-08-28 13:05:26,425 [pool-472-thread-1] INFO  server.RaftServerConfigKeys (ConfUtils.java:logGet(43)) - raft.server.log.use.memory = false (default)
2019-08-28 13:05:26,425 [pool-472-thread-1] INFO  server.RaftServerConfigKeys (ConfUtils.java:logGet(43)) - raft.server.log.purge.gap = 1000000 (custom)
2019-08-28 13:05:26,426 [pool-472-thread-1] INFO  server.RaftServerConfigKeys (ConfUtils.java:logGet(43)) - raft.server.log.appender.buffer.byte-limit = 33554432 (custom)
2019-08-28 13:05:26,426 [pool-472-thread-1] INFO  server.RaftServerConfigKeys (ConfUtils.java:logGet(43)) - raft.server.log.segment.size.max = 1048576 (custom)
2019-08-28 13:05:26,426 [pool-472-thread-1] INFO  server.RaftServerConfigKeys (ConfUtils.java:logGet(43)) - raft.server.log.segment.cache.num.max = 2 (custom)
2019-08-28 13:05:26,426 [pool-472-thread-1] INFO  segmented.SegmentedRaftLogWorker (SegmentedRaftLogWorker.java:<init>(172)) - new 32f88ad7-b496-4276-ae36-0c1df3bcd831-SegmentedRaftLogWorker:Storage Directory /workdir/hadoop-ozone/integration-test/target/test-dir/MiniOzoneClusterImpl-b4ee2db5-7e6f-4740-8562-f15ac3dbe928/datanode-3/data/ratis/c321b955-3e0b-4553-81d7-20d3d094f949 for RaftStorage:Storage Directory /workdir/hadoop-ozone/integration-test/target/test-dir/MiniOzoneClusterImpl-b4ee2db5-7e6f-4740-8562-f15ac3dbe928/datanode-3/data/ratis/c321b955-3e0b-4553-81d7-20d3d094f949
2019-08-28 13:05:26,426 [pool-472-thread-1] INFO  server.RaftServerConfigKeys (ConfUtils.java:logGet(43)) - raft.server.log.queue.byte-limit = 2147483647 (custom)
2019-08-28 13:05:26,426 [pool-472-thread-1] INFO  server.RaftServerConfigKeys (ConfUtils.java:logGet(43)) - raft.server.log.queue.element-limit = 1024 (custom)
2019-08-28 13:05:26,426 [pool-472-thread-1] INFO  server.RaftServerConfigKeys (ConfUtils.java:logGet(43)) - raft.server.log.segment.size.max = 1048576 (custom)
2019-08-28 13:05:26,427 [pool-472-thread-1] INFO  server.RaftServerConfigKeys (ConfUtils.java:logGet(43)) - raft.server.log.preallocated.size = 16384 (custom)
2019-08-28 13:05:26,427 [pool-472-thread-1] INFO  server.RaftServerConfigKeys (ConfUtils.java:logGet(43)) - raft.server.log.write.buffer.size = 33554432 (custom)
2019-08-28 13:05:26,427 [pool-472-thread-1] INFO  server.RaftServerConfigKeys (ConfUtils.java:logGet(43)) - raft.server.log.force.sync.num = 128 (default)
2019-08-28 13:05:26,427 [pool-472-thread-1] INFO  server.RaftServerConfigKeys (ConfUtils.java:logGet(43)) - raft.server.log.statemachine.data.sync = true (default)
2019-08-28 13:05:26,427 [pool-472-thread-1] INFO  server.RaftServerConfigKeys (ConfUtils.java:logGet(43)) - raft.server.log.statemachine.data.sync.timeout = 10s (default)
2019-08-28 13:05:26,427 [pool-472-thread-1] INFO  server.RaftServerConfigKeys (ConfUtils.java:logGet(43)) - raft.server.log.statemachine.data.sync.timeout.retry = -1 (default)
2019-08-28 13:05:26,427 [pool-472-thread-1] INFO  server.RaftServerConfigKeys (ConfUtils.java:logGet(43)) - raft.server.log.statemachine.data.caching.enabled = true (custom)
2019-08-28 13:05:26,428 [pool-472-thread-1] INFO  segmented.SegmentedRaftLogWorker (SegmentedRaftLogWorker.java:lambda$new$0(132)) - 32f88ad7-b496-4276-ae36-0c1df3bcd831-SegmentedRaftLogWorker:Storage Directory /workdir/hadoop-ozone/integration-test/target/test-dir/MiniOzoneClusterImpl-b4ee2db5-7e6f-4740-8562-f15ac3dbe928/datanode-3/data/ratis/c321b955-3e0b-4553-81d7-20d3d094f949: flushIndex: setUnconditionally 0 -> -1
2019-08-28 13:05:26,428 [pool-472-thread-1] INFO  server.RaftServerConfigKeys (ConfUtils.java:logGet(43)) - raft.server.snapshot.auto.trigger.enabled = true (custom)
2019-08-28 13:05:26,428 [pool-472-thread-1] INFO  server.RaftServerConfigKeys (ConfUtils.java:logGet(43)) - raft.server.snapshot.auto.trigger.threshold = 10000 (custom)
2019-08-28 13:05:26,428 [pool-472-thread-1] INFO  server.RaftServerConfigKeys (ConfUtils.java:logGet(43)) - raft.server.retrycache.expirytime = 600000ms (custom)
2019-08-28 13:05:26,428 [pool-472-thread-1] INFO  impl.RaftServerImpl (RaftServerImpl.java:start(180)) - 32f88ad7-b496-4276-ae36-0c1df3bcd831: start group-20D3D094F949
2019-08-28 13:05:26,428 [pool-472-thread-1] INFO  impl.RaftServerImpl (RaftServerImpl.java:setRole(171)) - 32f88ad7-b496-4276-ae36-0c1df3bcd831:group-20D3D094F949 changes role from null to FOLLOWER at term 0 for startAsFollower
2019-08-28 13:05:26,428 [pool-472-thread-1] INFO  impl.RoleInfo (RoleInfo.java:updateAndGet(143)) - 32f88ad7-b496-4276-ae36-0c1df3bcd831: start FollowerState
2019-08-28 13:05:26,429 [pool-472-thread-1] INFO  util.JmxRegister (JmxRegister.java:tryRegister(44)) - Successfully registered JMX Bean with object name Ratis:service=RaftServer,group=group-20D3D094F949,id=32f88ad7-b496-4276-ae36-0c1df3bcd831
2019-08-28 13:05:26,433 [RatisPipelineUtilsThread] INFO  pipeline.PipelineStateManager (PipelineStateManager.java:addPipeline(56)) - Created pipeline Pipeline[ Id: c321b955-3e0b-4553-81d7-20d3d094f949, Nodes: 32f88ad7-b496-4276-ae36-0c1df3bcd831{ip: 192.168.69.80, host: pr-hdds-2030-bfh46-3754461772, networkLocation: /default-rack, certSerialId: null}, Type:RATIS, Factor:ONE, State:OPEN]
2019-08-28 13:05:26,578 [IPC Server handler 4 on 40773] INFO  net.NetworkTopology (NetworkTopologyImpl.java:add(110)) - Added a new node: /default-rack/905064f4-24d2-4290-aeb9-f7b810d5a354
2019-08-28 13:05:26,578 [IPC Server handler 4 on 40773] INFO  node.SCMNodeManager (SCMNodeManager.java:register(273)) - Registered Data node : 905064f4-24d2-4290-aeb9-f7b810d5a354{ip: 192.168.69.80, host: pr-hdds-2030-bfh46-3754461772, networkLocation: /default-rack, certSerialId: null}
2019-08-28 13:05:26,581 | INFO  | SCMAudit | user=jenkins1000 | ip=192.168.69.80 | op=REGISTER {datanodeDetails=905064f4-24d2-4290-aeb9-f7b810d5a354{ip: 192.168.69.80, host: pr-hdds-2030-bfh46-3754461772, networkLocation: /default-rack, certSerialId: null}} | ret=SUCCESS |  
2019-08-28 13:05:26,590 [grpc-default-executor-6] INFO  impl.RaftServerProxy (RaftServerProxy.java:addNew(89)) - 905064f4-24d2-4290-aeb9-f7b810d5a354: addNew group-39B499B195F0:[905064f4-24d2-4290-aeb9-f7b810d5a354:192.168.69.80:45248] returns group-39B499B195F0:java.util.concurrent.CompletableFuture@22452dd0[Not completed]
2019-08-28 13:05:26,591 [pool-483-thread-1] INFO  impl.RaftServerImpl (RaftServerImpl.java:<init>(93)) - 905064f4-24d2-4290-aeb9-f7b810d5a354: new RaftServerImpl for group-39B499B195F0:[905064f4-24d2-4290-aeb9-f7b810d5a354:192.168.69.80:45248] with ContainerStateMachine:uninitialized
2019-08-28 13:05:26,592 [pool-483-thread-1] INFO  server.RaftServerConfigKeys (ConfUtils.java:logGet(43)) - raft.server.rpc.timeout.min = 5s (custom)
2019-08-28 13:05:26,592 [pool-483-thread-1] INFO  server.RaftServerConfigKeys (ConfUtils.java:logGet(43)) - raft.server.rpc.timeout.max = 5200ms (custom)
2019-08-28 13:05:26,592 [pool-483-thread-1] INFO  server.RaftServerConfigKeys (ConfUtils.java:logGet(43)) - raft.server.rpcslowness.timeout = 120s (custom)
2019-08-28 13:05:26,592 [pool-483-thread-1] INFO  server.RaftServerConfigKeys (ConfUtils.java:logGet(43)) - raft.server.sleep.deviation.threshold = 300 (default)
2019-08-28 13:05:26,592 [pool-483-thread-1] INFO  server.RaftServerConfigKeys (ConfUtils.java:logGet(43)) - raft.server.log.appender.install.snapshot.enabled = false (custom)
2019-08-28 13:05:26,592 [pool-483-thread-1] INFO  impl.RaftServerImpl (ServerState.java:<init>(105)) - 905064f4-24d2-4290-aeb9-f7b810d5a354:group-39B499B195F0 ConfigurationManager, init=-1: [905064f4-24d2-4290-aeb9-f7b810d5a354:192.168.69.80:45248], old=null, confs=<EMPTY_MAP>
2019-08-28 13:05:26,593 [pool-483-thread-1] INFO  server.RaftServerConfigKeys (ConfUtils.java:logGet(43)) - raft.server.storage.dir = [/workdir/hadoop-ozone/integration-test/target/test-dir/MiniOzoneClusterImpl-b4ee2db5-7e6f-4740-8562-f15ac3dbe928/datanode-4/data/ratis] (custom)
2019-08-28 13:05:26,593 [pool-483-thread-1] INFO  storage.RaftStorageDirectory (RaftStorageDirectory.java:analyzeStorage(246)) - The storage directory /workdir/hadoop-ozone/integration-test/target/test-dir/MiniOzoneClusterImpl-b4ee2db5-7e6f-4740-8562-f15ac3dbe928/datanode-4/data/ratis/de251482-6352-4180-8c60-39b499b195f0 does not exist. Creating ...
2019-08-28 13:05:26,617 [pool-483-thread-1] INFO  storage.RaftStorageDirectory (RaftStorageDirectory.java:tryLock(328)) - Lock on /workdir/hadoop-ozone/integration-test/target/test-dir/MiniOzoneClusterImpl-b4ee2db5-7e6f-4740-8562-f15ac3dbe928/datanode-4/data/ratis/de251482-6352-4180-8c60-39b499b195f0/in_use.lock acquired by nodename 16557@pr-hdds-2030-bfh46-3754461772
2019-08-28 13:05:26,641 [pool-483-thread-1] INFO  storage.RaftStorage (RaftStorage.java:format(72)) - Storage directory /workdir/hadoop-ozone/integration-test/target/test-dir/MiniOzoneClusterImpl-b4ee2db5-7e6f-4740-8562-f15ac3dbe928/datanode-4/data/ratis/de251482-6352-4180-8c60-39b499b195f0 has been successfully formatted.
2019-08-28 13:05:26,641 [pool-483-thread-1] INFO  ratis.ContainerStateMachine (ContainerStateMachine.java:loadSnapshot(226)) - group-39B499B195F0: The snapshot info is null. Setting the last applied indexto:(t:0, i:~)
2019-08-28 13:05:26,641 [pool-483-thread-1] INFO  server.RaftServerConfigKeys (ConfUtils.java:logGet(43)) - raft.server.leader.election.timeout = 120s (custom)
2019-08-28 13:05:26,641 [pool-483-thread-1] INFO  server.RaftServerConfigKeys (ConfUtils.java:logGet(43)) - raft.server.log.use.memory = false (default)
2019-08-28 13:05:26,642 [pool-483-thread-1] INFO  server.RaftServerConfigKeys (ConfUtils.java:logGet(43)) - raft.server.log.purge.gap = 1000000 (custom)
2019-08-28 13:05:26,642 [pool-483-thread-1] INFO  server.RaftServerConfigKeys (ConfUtils.java:logGet(43)) - raft.server.log.appender.buffer.byte-limit = 33554432 (custom)
2019-08-28 13:05:26,642 [pool-483-thread-1] INFO  server.RaftServerConfigKeys (ConfUtils.java:logGet(43)) - raft.server.log.segment.size.max = 1048576 (custom)
2019-08-28 13:05:26,642 [pool-483-thread-1] INFO  server.RaftServerConfigKeys (ConfUtils.java:logGet(43)) - raft.server.log.segment.cache.num.max = 2 (custom)
2019-08-28 13:05:26,642 [pool-483-thread-1] INFO  segmented.SegmentedRaftLogWorker (SegmentedRaftLogWorker.java:<init>(172)) - new 905064f4-24d2-4290-aeb9-f7b810d5a354-SegmentedRaftLogWorker:Storage Directory /workdir/hadoop-ozone/integration-test/target/test-dir/MiniOzoneClusterImpl-b4ee2db5-7e6f-4740-8562-f15ac3dbe928/datanode-4/data/ratis/de251482-6352-4180-8c60-39b499b195f0 for RaftStorage:Storage Directory /workdir/hadoop-ozone/integration-test/target/test-dir/MiniOzoneClusterImpl-b4ee2db5-7e6f-4740-8562-f15ac3dbe928/datanode-4/data/ratis/de251482-6352-4180-8c60-39b499b195f0
2019-08-28 13:05:26,642 [pool-483-thread-1] INFO  server.RaftServerConfigKeys (ConfUtils.java:logGet(43)) - raft.server.log.queue.byte-limit = 2147483647 (custom)
2019-08-28 13:05:26,643 [pool-483-thread-1] INFO  server.RaftServerConfigKeys (ConfUtils.java:logGet(43)) - raft.server.log.queue.element-limit = 1024 (custom)
2019-08-28 13:05:26,643 [pool-483-thread-1] INFO  server.RaftServerConfigKeys (ConfUtils.java:logGet(43)) - raft.server.log.segment.size.max = 1048576 (custom)
2019-08-28 13:05:26,643 [pool-483-thread-1] INFO  server.RaftServerConfigKeys (ConfUtils.java:logGet(43)) - raft.server.log.preallocated.size = 16384 (custom)
2019-08-28 13:05:26,643 [pool-483-thread-1] INFO  server.RaftServerConfigKeys (ConfUtils.java:logGet(43)) - raft.server.log.write.buffer.size = 33554432 (custom)
2019-08-28 13:05:26,643 [pool-483-thread-1] INFO  server.RaftServerConfigKeys (ConfUtils.java:logGet(43)) - raft.server.log.force.sync.num = 128 (default)
2019-08-28 13:05:26,643 [pool-483-thread-1] INFO  server.RaftServerConfigKeys (ConfUtils.java:logGet(43)) - raft.server.log.statemachine.data.sync = true (default)
2019-08-28 13:05:26,644 [pool-483-thread-1] INFO  server.RaftServerConfigKeys (ConfUtils.java:logGet(43)) - raft.server.log.statemachine.data.sync.timeout = 10s (default)
2019-08-28 13:05:26,644 [pool-483-thread-1] INFO  server.RaftServerConfigKeys (ConfUtils.java:logGet(43)) - raft.server.log.statemachine.data.sync.timeout.retry = -1 (default)
2019-08-28 13:05:26,644 [pool-483-thread-1] INFO  server.RaftServerConfigKeys (ConfUtils.java:logGet(43)) - raft.server.log.statemachine.data.caching.enabled = true (custom)
2019-08-28 13:05:26,644 [pool-483-thread-1] INFO  segmented.SegmentedRaftLogWorker (SegmentedRaftLogWorker.java:lambda$new$0(132)) - 905064f4-24d2-4290-aeb9-f7b810d5a354-SegmentedRaftLogWorker:Storage Directory /workdir/hadoop-ozone/integration-test/target/test-dir/MiniOzoneClusterImpl-b4ee2db5-7e6f-4740-8562-f15ac3dbe928/datanode-4/data/ratis/de251482-6352-4180-8c60-39b499b195f0: flushIndex: setUnconditionally 0 -> -1
2019-08-28 13:05:26,645 [pool-483-thread-1] INFO  server.RaftServerConfigKeys (ConfUtils.java:logGet(43)) - raft.server.snapshot.auto.trigger.enabled = true (custom)
2019-08-28 13:05:26,645 [pool-483-thread-1] INFO  server.RaftServerConfigKeys (ConfUtils.java:logGet(43)) - raft.server.snapshot.auto.trigger.threshold = 10000 (custom)
2019-08-28 13:05:26,645 [pool-483-thread-1] INFO  server.RaftServerConfigKeys (ConfUtils.java:logGet(43)) - raft.server.retrycache.expirytime = 600000ms (custom)
2019-08-28 13:05:26,645 [pool-483-thread-1] INFO  impl.RaftServerImpl (RaftServerImpl.java:start(180)) - 905064f4-24d2-4290-aeb9-f7b810d5a354: start group-39B499B195F0
2019-08-28 13:05:26,646 [pool-483-thread-1] INFO  impl.RaftServerImpl (RaftServerImpl.java:setRole(171)) - 905064f4-24d2-4290-aeb9-f7b810d5a354:group-39B499B195F0 changes role from null to FOLLOWER at term 0 for startAsFollower
2019-08-28 13:05:26,646 [pool-483-thread-1] INFO  impl.RoleInfo (RoleInfo.java:updateAndGet(143)) - 905064f4-24d2-4290-aeb9-f7b810d5a354: start FollowerState
2019-08-28 13:05:26,646 [pool-483-thread-1] INFO  util.JmxRegister (JmxRegister.java:tryRegister(44)) - Successfully registered JMX Bean with object name Ratis:service=RaftServer,group=group-39B499B195F0,id=905064f4-24d2-4290-aeb9-f7b810d5a354
2019-08-28 13:05:26,651 [RatisPipelineUtilsThread] INFO  pipeline.PipelineStateManager (PipelineStateManager.java:addPipeline(56)) - Created pipeline Pipeline[ Id: de251482-6352-4180-8c60-39b499b195f0, Nodes: 905064f4-24d2-4290-aeb9-f7b810d5a354{ip: 192.168.69.80, host: pr-hdds-2030-bfh46-3754461772, networkLocation: /default-rack, certSerialId: null}, Type:RATIS, Factor:ONE, State:OPEN]
2019-08-28 13:05:26,821 [IPC Server handler 3 on 40773] INFO  net.NetworkTopology (NetworkTopologyImpl.java:add(110)) - Added a new node: /default-rack/ce9c1f14-8030-466e-9ac8-42fad73b72bd
2019-08-28 13:05:26,821 [IPC Server handler 3 on 40773] INFO  node.SCMNodeManager (SCMNodeManager.java:register(273)) - Registered Data node : ce9c1f14-8030-466e-9ac8-42fad73b72bd{ip: 192.168.69.80, host: pr-hdds-2030-bfh46-3754461772, networkLocation: /default-rack, certSerialId: null}
2019-08-28 13:05:26,821 | INFO  | SCMAudit | user=jenkins1000 | ip=192.168.69.80 | op=REGISTER {datanodeDetails=ce9c1f14-8030-466e-9ac8-42fad73b72bd{ip: 192.168.69.80, host: pr-hdds-2030-bfh46-3754461772, networkLocation: /default-rack, certSerialId: null}} | ret=SUCCESS |  
2019-08-28 13:05:26,831 [grpc-default-executor-6] INFO  impl.RaftServerProxy (RaftServerProxy.java:addNew(89)) - ce9c1f14-8030-466e-9ac8-42fad73b72bd: addNew group-167BC65480D0:[ce9c1f14-8030-466e-9ac8-42fad73b72bd:192.168.69.80:38237] returns group-167BC65480D0:java.util.concurrent.CompletableFuture@5a6bcadc[Not completed]
2019-08-28 13:05:26,832 [pool-494-thread-1] INFO  impl.RaftServerImpl (RaftServerImpl.java:<init>(93)) - ce9c1f14-8030-466e-9ac8-42fad73b72bd: new RaftServerImpl for group-167BC65480D0:[ce9c1f14-8030-466e-9ac8-42fad73b72bd:192.168.69.80:38237] with ContainerStateMachine:uninitialized
2019-08-28 13:05:26,833 [pool-494-thread-1] INFO  server.RaftServerConfigKeys (ConfUtils.java:logGet(43)) - raft.server.rpc.timeout.min = 5s (custom)
2019-08-28 13:05:26,833 [pool-494-thread-1] INFO  server.RaftServerConfigKeys (ConfUtils.java:logGet(43)) - raft.server.rpc.timeout.max = 5200ms (custom)
2019-08-28 13:05:26,833 [pool-494-thread-1] INFO  server.RaftServerConfigKeys (ConfUtils.java:logGet(43)) - raft.server.rpcslowness.timeout = 120s (custom)
2019-08-28 13:05:26,833 [pool-494-thread-1] INFO  server.RaftServerConfigKeys (ConfUtils.java:logGet(43)) - raft.server.sleep.deviation.threshold = 300 (default)
2019-08-28 13:05:26,833 [pool-494-thread-1] INFO  server.RaftServerConfigKeys (ConfUtils.java:logGet(43)) - raft.server.log.appender.install.snapshot.enabled = false (custom)
2019-08-28 13:05:26,833 [pool-494-thread-1] INFO  impl.RaftServerImpl (ServerState.java:<init>(105)) - ce9c1f14-8030-466e-9ac8-42fad73b72bd:group-167BC65480D0 ConfigurationManager, init=-1: [ce9c1f14-8030-466e-9ac8-42fad73b72bd:192.168.69.80:38237], old=null, confs=<EMPTY_MAP>
2019-08-28 13:05:26,833 [pool-494-thread-1] INFO  server.RaftServerConfigKeys (ConfUtils.java:logGet(43)) - raft.server.storage.dir = [/workdir/hadoop-ozone/integration-test/target/test-dir/MiniOzoneClusterImpl-b4ee2db5-7e6f-4740-8562-f15ac3dbe928/datanode-5/data/ratis] (custom)
2019-08-28 13:05:26,834 [pool-494-thread-1] INFO  storage.RaftStorageDirectory (RaftStorageDirectory.java:analyzeStorage(246)) - The storage directory /workdir/hadoop-ozone/integration-test/target/test-dir/MiniOzoneClusterImpl-b4ee2db5-7e6f-4740-8562-f15ac3dbe928/datanode-5/data/ratis/64064f59-a155-4a3b-a4b0-167bc65480d0 does not exist. Creating ...
2019-08-28 13:05:26,847 [pool-494-thread-1] INFO  storage.RaftStorageDirectory (RaftStorageDirectory.java:tryLock(328)) - Lock on /workdir/hadoop-ozone/integration-test/target/test-dir/MiniOzoneClusterImpl-b4ee2db5-7e6f-4740-8562-f15ac3dbe928/datanode-5/data/ratis/64064f59-a155-4a3b-a4b0-167bc65480d0/in_use.lock acquired by nodename 16557@pr-hdds-2030-bfh46-3754461772
2019-08-28 13:05:26,860 [pool-494-thread-1] INFO  storage.RaftStorage (RaftStorage.java:format(72)) - Storage directory /workdir/hadoop-ozone/integration-test/target/test-dir/MiniOzoneClusterImpl-b4ee2db5-7e6f-4740-8562-f15ac3dbe928/datanode-5/data/ratis/64064f59-a155-4a3b-a4b0-167bc65480d0 has been successfully formatted.
2019-08-28 13:05:26,861 [pool-494-thread-1] INFO  ratis.ContainerStateMachine (ContainerStateMachine.java:loadSnapshot(226)) - group-167BC65480D0: The snapshot info is null. Setting the last applied indexto:(t:0, i:~)
2019-08-28 13:05:26,861 [pool-494-thread-1] INFO  server.RaftServerConfigKeys (ConfUtils.java:logGet(43)) - raft.server.leader.election.timeout = 120s (custom)
2019-08-28 13:05:26,861 [pool-494-thread-1] INFO  server.RaftServerConfigKeys (ConfUtils.java:logGet(43)) - raft.server.log.use.memory = false (default)
2019-08-28 13:05:26,861 [pool-494-thread-1] INFO  server.RaftServerConfigKeys (ConfUtils.java:logGet(43)) - raft.server.log.purge.gap = 1000000 (custom)
2019-08-28 13:05:26,861 [pool-494-thread-1] INFO  server.RaftServerConfigKeys (ConfUtils.java:logGet(43)) - raft.server.log.appender.buffer.byte-limit = 33554432 (custom)
2019-08-28 13:05:26,862 [pool-494-thread-1] INFO  server.RaftServerConfigKeys (ConfUtils.java:logGet(43)) - raft.server.log.segment.size.max = 1048576 (custom)
2019-08-28 13:05:26,862 [pool-494-thread-1] INFO  server.RaftServerConfigKeys (ConfUtils.java:logGet(43)) - raft.server.log.segment.cache.num.max = 2 (custom)
2019-08-28 13:05:26,862 [pool-494-thread-1] INFO  segmented.SegmentedRaftLogWorker (SegmentedRaftLogWorker.java:<init>(172)) - new ce9c1f14-8030-466e-9ac8-42fad73b72bd-SegmentedRaftLogWorker:Storage Directory /workdir/hadoop-ozone/integration-test/target/test-dir/MiniOzoneClusterImpl-b4ee2db5-7e6f-4740-8562-f15ac3dbe928/datanode-5/data/ratis/64064f59-a155-4a3b-a4b0-167bc65480d0 for RaftStorage:Storage Directory /workdir/hadoop-ozone/integration-test/target/test-dir/MiniOzoneClusterImpl-b4ee2db5-7e6f-4740-8562-f15ac3dbe928/datanode-5/data/ratis/64064f59-a155-4a3b-a4b0-167bc65480d0
2019-08-28 13:05:26,862 [pool-494-thread-1] INFO  server.RaftServerConfigKeys (ConfUtils.java:logGet(43)) - raft.server.log.queue.byte-limit = 2147483647 (custom)
2019-08-28 13:05:26,862 [pool-494-thread-1] INFO  server.RaftServerConfigKeys (ConfUtils.java:logGet(43)) - raft.server.log.queue.element-limit = 1024 (custom)
2019-08-28 13:05:26,863 [pool-494-thread-1] INFO  server.RaftServerConfigKeys (ConfUtils.java:logGet(43)) - raft.server.log.segment.size.max = 1048576 (custom)
2019-08-28 13:05:26,863 [pool-494-thread-1] INFO  server.RaftServerConfigKeys (ConfUtils.java:logGet(43)) - raft.server.log.preallocated.size = 16384 (custom)
2019-08-28 13:05:26,863 [pool-494-thread-1] INFO  server.RaftServerConfigKeys (ConfUtils.java:logGet(43)) - raft.server.log.write.buffer.size = 33554432 (custom)
2019-08-28 13:05:26,863 [pool-494-thread-1] INFO  server.RaftServerConfigKeys (ConfUtils.java:logGet(43)) - raft.server.log.force.sync.num = 128 (default)
2019-08-28 13:05:26,863 [pool-494-thread-1] INFO  server.RaftServerConfigKeys (ConfUtils.java:logGet(43)) - raft.server.log.statemachine.data.sync = true (default)
2019-08-28 13:05:26,863 [pool-494-thread-1] INFO  server.RaftServerConfigKeys (ConfUtils.java:logGet(43)) - raft.server.log.statemachine.data.sync.timeout = 10s (default)
2019-08-28 13:05:26,864 [pool-494-thread-1] INFO  server.RaftServerConfigKeys (ConfUtils.java:logGet(43)) - raft.server.log.statemachine.data.sync.timeout.retry = -1 (default)
2019-08-28 13:05:26,864 [pool-494-thread-1] INFO  server.RaftServerConfigKeys (ConfUtils.java:logGet(43)) - raft.server.log.statemachine.data.caching.enabled = true (custom)
2019-08-28 13:05:26,864 [pool-494-thread-1] INFO  segmented.SegmentedRaftLogWorker (SegmentedRaftLogWorker.java:lambda$new$0(132)) - ce9c1f14-8030-466e-9ac8-42fad73b72bd-SegmentedRaftLogWorker:Storage Directory /workdir/hadoop-ozone/integration-test/target/test-dir/MiniOzoneClusterImpl-b4ee2db5-7e6f-4740-8562-f15ac3dbe928/datanode-5/data/ratis/64064f59-a155-4a3b-a4b0-167bc65480d0: flushIndex: setUnconditionally 0 -> -1
2019-08-28 13:05:26,865 [pool-494-thread-1] INFO  server.RaftServerConfigKeys (ConfUtils.java:logGet(43)) - raft.server.snapshot.auto.trigger.enabled = true (custom)
2019-08-28 13:05:26,865 [pool-494-thread-1] INFO  server.RaftServerConfigKeys (ConfUtils.java:logGet(43)) - raft.server.snapshot.auto.trigger.threshold = 10000 (custom)
2019-08-28 13:05:26,865 [pool-494-thread-1] INFO  server.RaftServerConfigKeys (ConfUtils.java:logGet(43)) - raft.server.retrycache.expirytime = 600000ms (custom)
2019-08-28 13:05:26,865 [pool-494-thread-1] INFO  impl.RaftServerImpl (RaftServerImpl.java:start(180)) - ce9c1f14-8030-466e-9ac8-42fad73b72bd: start group-167BC65480D0
2019-08-28 13:05:26,865 [pool-494-thread-1] INFO  impl.RaftServerImpl (RaftServerImpl.java:setRole(171)) - ce9c1f14-8030-466e-9ac8-42fad73b72bd:group-167BC65480D0 changes role from null to FOLLOWER at term 0 for startAsFollower
2019-08-28 13:05:26,866 [pool-494-thread-1] INFO  impl.RoleInfo (RoleInfo.java:updateAndGet(143)) - ce9c1f14-8030-466e-9ac8-42fad73b72bd: start FollowerState
2019-08-28 13:05:26,866 [pool-494-thread-1] INFO  util.JmxRegister (JmxRegister.java:tryRegister(44)) - Successfully registered JMX Bean with object name Ratis:service=RaftServer,group=group-167BC65480D0,id=ce9c1f14-8030-466e-9ac8-42fad73b72bd
2019-08-28 13:05:26,871 [RatisPipelineUtilsThread] INFO  pipeline.PipelineStateManager (PipelineStateManager.java:addPipeline(56)) - Created pipeline Pipeline[ Id: 64064f59-a155-4a3b-a4b0-167bc65480d0, Nodes: ce9c1f14-8030-466e-9ac8-42fad73b72bd{ip: 192.168.69.80, host: pr-hdds-2030-bfh46-3754461772, networkLocation: /default-rack, certSerialId: null}, Type:RATIS, Factor:ONE, State:OPEN]
2019-08-28 13:05:26,889 [grpc-default-executor-7] INFO  impl.RaftServerProxy (RaftServerProxy.java:addNew(89)) - 32f88ad7-b496-4276-ae36-0c1df3bcd831: addNew group-39FDF2C5AA13:[905064f4-24d2-4290-aeb9-f7b810d5a354:192.168.69.80:45248, 32f88ad7-b496-4276-ae36-0c1df3bcd831:192.168.69.80:34128, ce9c1f14-8030-466e-9ac8-42fad73b72bd:192.168.69.80:38237] returns group-39FDF2C5AA13:java.util.concurrent.CompletableFuture@578f4a39[Not completed]
2019-08-28 13:05:26,889 [grpc-default-executor-6] INFO  impl.RaftServerProxy (RaftServerProxy.java:addNew(89)) - ce9c1f14-8030-466e-9ac8-42fad73b72bd: addNew group-39FDF2C5AA13:[905064f4-24d2-4290-aeb9-f7b810d5a354:192.168.69.80:45248, 32f88ad7-b496-4276-ae36-0c1df3bcd831:192.168.69.80:34128, ce9c1f14-8030-466e-9ac8-42fad73b72bd:192.168.69.80:38237] returns group-39FDF2C5AA13:java.util.concurrent.CompletableFuture@4c70fbfb[Not completed]
2019-08-28 13:05:26,889 [grpc-default-executor-0] INFO  impl.RaftServerProxy (RaftServerProxy.java:addNew(89)) - 905064f4-24d2-4290-aeb9-f7b810d5a354: addNew group-39FDF2C5AA13:[905064f4-24d2-4290-aeb9-f7b810d5a354:192.168.69.80:45248, 32f88ad7-b496-4276-ae36-0c1df3bcd831:192.168.69.80:34128, ce9c1f14-8030-466e-9ac8-42fad73b72bd:192.168.69.80:38237] returns group-39FDF2C5AA13:java.util.concurrent.CompletableFuture@32e0ba94[Not completed]
2019-08-28 13:05:26,891 [pool-483-thread-1] INFO  impl.RaftServerImpl (RaftServerImpl.java:<init>(93)) - 905064f4-24d2-4290-aeb9-f7b810d5a354: new RaftServerImpl for group-39FDF2C5AA13:[905064f4-24d2-4290-aeb9-f7b810d5a354:192.168.69.80:45248, 32f88ad7-b496-4276-ae36-0c1df3bcd831:192.168.69.80:34128, ce9c1f14-8030-466e-9ac8-42fad73b72bd:192.168.69.80:38237] with ContainerStateMachine:uninitialized
2019-08-28 13:05:26,891 [pool-483-thread-1] INFO  server.RaftServerConfigKeys (ConfUtils.java:logGet(43)) - raft.server.rpc.timeout.min = 5s (custom)
2019-08-28 13:05:26,891 [pool-494-thread-1] INFO  impl.RaftServerImpl (RaftServerImpl.java:<init>(93)) - ce9c1f14-8030-466e-9ac8-42fad73b72bd: new RaftServerImpl for group-39FDF2C5AA13:[905064f4-24d2-4290-aeb9-f7b810d5a354:192.168.69.80:45248, 32f88ad7-b496-4276-ae36-0c1df3bcd831:192.168.69.80:34128, ce9c1f14-8030-466e-9ac8-42fad73b72bd:192.168.69.80:38237] with ContainerStateMachine:uninitialized
2019-08-28 13:05:26,891 [pool-483-thread-1] INFO  server.RaftServerConfigKeys (ConfUtils.java:logGet(43)) - raft.server.rpc.timeout.max = 5200ms (custom)
2019-08-28 13:05:26,891 [pool-494-thread-1] INFO  server.RaftServerConfigKeys (ConfUtils.java:logGet(43)) - raft.server.rpc.timeout.min = 5s (custom)
2019-08-28 13:05:26,891 [pool-483-thread-1] INFO  server.RaftServerConfigKeys (ConfUtils.java:logGet(43)) - raft.server.rpcslowness.timeout = 120s (custom)
2019-08-28 13:05:26,891 [pool-472-thread-1] INFO  impl.RaftServerImpl (RaftServerImpl.java:<init>(93)) - 32f88ad7-b496-4276-ae36-0c1df3bcd831: new RaftServerImpl for group-39FDF2C5AA13:[905064f4-24d2-4290-aeb9-f7b810d5a354:192.168.69.80:45248, 32f88ad7-b496-4276-ae36-0c1df3bcd831:192.168.69.80:34128, ce9c1f14-8030-466e-9ac8-42fad73b72bd:192.168.69.80:38237] with ContainerStateMachine:uninitialized
2019-08-28 13:05:26,891 [pool-494-thread-1] INFO  server.RaftServerConfigKeys (ConfUtils.java:logGet(43)) - raft.server.rpc.timeout.max = 5200ms (custom)
2019-08-28 13:05:26,891 [pool-472-thread-1] INFO  server.RaftServerConfigKeys (ConfUtils.java:logGet(43)) - raft.server.rpc.timeout.min = 5s (custom)
2019-08-28 13:05:26,892 [pool-472-thread-1] INFO  server.RaftServerConfigKeys (ConfUtils.java:logGet(43)) - raft.server.rpc.timeout.max = 5200ms (custom)
2019-08-28 13:05:26,891 [pool-483-thread-1] INFO  server.RaftServerConfigKeys (ConfUtils.java:logGet(43)) - raft.server.sleep.deviation.threshold = 300 (default)
2019-08-28 13:05:26,892 [pool-472-thread-1] INFO  server.RaftServerConfigKeys (ConfUtils.java:logGet(43)) - raft.server.rpcslowness.timeout = 120s (custom)
2019-08-28 13:05:26,891 [pool-494-thread-1] INFO  server.RaftServerConfigKeys (ConfUtils.java:logGet(43)) - raft.server.rpcslowness.timeout = 120s (custom)
2019-08-28 13:05:26,892 [pool-472-thread-1] INFO  server.RaftServerConfigKeys (ConfUtils.java:logGet(43)) - raft.server.sleep.deviation.threshold = 300 (default)
2019-08-28 13:05:26,892 [pool-483-thread-1] INFO  server.RaftServerConfigKeys (ConfUtils.java:logGet(43)) - raft.server.log.appender.install.snapshot.enabled = false (custom)
2019-08-28 13:05:26,892 [pool-472-thread-1] INFO  server.RaftServerConfigKeys (ConfUtils.java:logGet(43)) - raft.server.log.appender.install.snapshot.enabled = false (custom)
2019-08-28 13:05:26,892 [pool-494-thread-1] INFO  server.RaftServerConfigKeys (ConfUtils.java:logGet(43)) - raft.server.sleep.deviation.threshold = 300 (default)
2019-08-28 13:05:26,892 [pool-472-thread-1] INFO  impl.RaftServerImpl (ServerState.java:<init>(105)) - 32f88ad7-b496-4276-ae36-0c1df3bcd831:group-39FDF2C5AA13 ConfigurationManager, init=-1: [905064f4-24d2-4290-aeb9-f7b810d5a354:192.168.69.80:45248, 32f88ad7-b496-4276-ae36-0c1df3bcd831:192.168.69.80:34128, ce9c1f14-8030-466e-9ac8-42fad73b72bd:192.168.69.80:38237], old=null, confs=<EMPTY_MAP>
2019-08-28 13:05:26,892 [pool-494-thread-1] INFO  server.RaftServerConfigKeys (ConfUtils.java:logGet(43)) - raft.server.log.appender.install.snapshot.enabled = false (custom)
2019-08-28 13:05:26,892 [pool-483-thread-1] INFO  impl.RaftServerImpl (ServerState.java:<init>(105)) - 905064f4-24d2-4290-aeb9-f7b810d5a354:group-39FDF2C5AA13 ConfigurationManager, init=-1: [905064f4-24d2-4290-aeb9-f7b810d5a354:192.168.69.80:45248, 32f88ad7-b496-4276-ae36-0c1df3bcd831:192.168.69.80:34128, ce9c1f14-8030-466e-9ac8-42fad73b72bd:192.168.69.80:38237], old=null, confs=<EMPTY_MAP>
2019-08-28 13:05:26,893 [pool-494-thread-1] INFO  impl.RaftServerImpl (ServerState.java:<init>(105)) - ce9c1f14-8030-466e-9ac8-42fad73b72bd:group-39FDF2C5AA13 ConfigurationManager, init=-1: [905064f4-24d2-4290-aeb9-f7b810d5a354:192.168.69.80:45248, 32f88ad7-b496-4276-ae36-0c1df3bcd831:192.168.69.80:34128, ce9c1f14-8030-466e-9ac8-42fad73b72bd:192.168.69.80:38237], old=null, confs=<EMPTY_MAP>
2019-08-28 13:05:26,893 [pool-472-thread-1] INFO  server.RaftServerConfigKeys (ConfUtils.java:logGet(43)) - raft.server.storage.dir = [/workdir/hadoop-ozone/integration-test/target/test-dir/MiniOzoneClusterImpl-b4ee2db5-7e6f-4740-8562-f15ac3dbe928/datanode-3/data/ratis] (custom)
2019-08-28 13:05:26,893 [pool-494-thread-1] INFO  server.RaftServerConfigKeys (ConfUtils.java:logGet(43)) - raft.server.storage.dir = [/workdir/hadoop-ozone/integration-test/target/test-dir/MiniOzoneClusterImpl-b4ee2db5-7e6f-4740-8562-f15ac3dbe928/datanode-5/data/ratis] (custom)
2019-08-28 13:05:26,893 [pool-483-thread-1] INFO  server.RaftServerConfigKeys (ConfUtils.java:logGet(43)) - raft.server.storage.dir = [/workdir/hadoop-ozone/integration-test/target/test-dir/MiniOzoneClusterImpl-b4ee2db5-7e6f-4740-8562-f15ac3dbe928/datanode-4/data/ratis] (custom)
2019-08-28 13:05:26,893 [pool-472-thread-1] INFO  storage.RaftStorageDirectory (RaftStorageDirectory.java:analyzeStorage(246)) - The storage directory /workdir/hadoop-ozone/integration-test/target/test-dir/MiniOzoneClusterImpl-b4ee2db5-7e6f-4740-8562-f15ac3dbe928/datanode-3/data/ratis/403ff206-adec-4fb5-a852-39fdf2c5aa13 does not exist. Creating ...
2019-08-28 13:05:26,893 [pool-494-thread-1] INFO  storage.RaftStorageDirectory (RaftStorageDirectory.java:analyzeStorage(246)) - The storage directory /workdir/hadoop-ozone/integration-test/target/test-dir/MiniOzoneClusterImpl-b4ee2db5-7e6f-4740-8562-f15ac3dbe928/datanode-5/data/ratis/403ff206-adec-4fb5-a852-39fdf2c5aa13 does not exist. Creating ...
2019-08-28 13:05:26,893 [pool-483-thread-1] INFO  storage.RaftStorageDirectory (RaftStorageDirectory.java:analyzeStorage(246)) - The storage directory /workdir/hadoop-ozone/integration-test/target/test-dir/MiniOzoneClusterImpl-b4ee2db5-7e6f-4740-8562-f15ac3dbe928/datanode-4/data/ratis/403ff206-adec-4fb5-a852-39fdf2c5aa13 does not exist. Creating ...
2019-08-28 13:05:26,907 [pool-472-thread-1] INFO  storage.RaftStorageDirectory (RaftStorageDirectory.java:tryLock(328)) - Lock on /workdir/hadoop-ozone/integration-test/target/test-dir/MiniOzoneClusterImpl-b4ee2db5-7e6f-4740-8562-f15ac3dbe928/datanode-3/data/ratis/403ff206-adec-4fb5-a852-39fdf2c5aa13/in_use.lock acquired by nodename 16557@pr-hdds-2030-bfh46-3754461772
2019-08-28 13:05:26,907 [pool-494-thread-1] INFO  storage.RaftStorageDirectory (RaftStorageDirectory.java:tryLock(328)) - Lock on /workdir/hadoop-ozone/integration-test/target/test-dir/MiniOzoneClusterImpl-b4ee2db5-7e6f-4740-8562-f15ac3dbe928/datanode-5/data/ratis/403ff206-adec-4fb5-a852-39fdf2c5aa13/in_use.lock acquired by nodename 16557@pr-hdds-2030-bfh46-3754461772
2019-08-28 13:05:26,907 [pool-483-thread-1] INFO  storage.RaftStorageDirectory (RaftStorageDirectory.java:tryLock(328)) - Lock on /workdir/hadoop-ozone/integration-test/target/test-dir/MiniOzoneClusterImpl-b4ee2db5-7e6f-4740-8562-f15ac3dbe928/datanode-4/data/ratis/403ff206-adec-4fb5-a852-39fdf2c5aa13/in_use.lock acquired by nodename 16557@pr-hdds-2030-bfh46-3754461772
2019-08-28 13:05:26,920 [pool-472-thread-1] INFO  storage.RaftStorage (RaftStorage.java:format(72)) - Storage directory /workdir/hadoop-ozone/integration-test/target/test-dir/MiniOzoneClusterImpl-b4ee2db5-7e6f-4740-8562-f15ac3dbe928/datanode-3/data/ratis/403ff206-adec-4fb5-a852-39fdf2c5aa13 has been successfully formatted.
2019-08-28 13:05:26,920 [pool-483-thread-1] INFO  storage.RaftStorage (RaftStorage.java:format(72)) - Storage directory /workdir/hadoop-ozone/integration-test/target/test-dir/MiniOzoneClusterImpl-b4ee2db5-7e6f-4740-8562-f15ac3dbe928/datanode-4/data/ratis/403ff206-adec-4fb5-a852-39fdf2c5aa13 has been successfully formatted.
2019-08-28 13:05:26,920 [pool-494-thread-1] INFO  storage.RaftStorage (RaftStorage.java:format(72)) - Storage directory /workdir/hadoop-ozone/integration-test/target/test-dir/MiniOzoneClusterImpl-b4ee2db5-7e6f-4740-8562-f15ac3dbe928/datanode-5/data/ratis/403ff206-adec-4fb5-a852-39fdf2c5aa13 has been successfully formatted.
2019-08-28 13:05:26,921 [pool-483-thread-1] INFO  ratis.ContainerStateMachine (ContainerStateMachine.java:loadSnapshot(226)) - group-39FDF2C5AA13: The snapshot info is null. Setting the last applied indexto:(t:0, i:~)
2019-08-28 13:05:26,920 [pool-472-thread-1] INFO  ratis.ContainerStateMachine (ContainerStateMachine.java:loadSnapshot(226)) - group-39FDF2C5AA13: The snapshot info is null. Setting the last applied indexto:(t:0, i:~)
2019-08-28 13:05:26,921 [pool-483-thread-1] INFO  server.RaftServerConfigKeys (ConfUtils.java:logGet(43)) - raft.server.leader.election.timeout = 120s (custom)
2019-08-28 13:05:26,921 [pool-494-thread-1] INFO  ratis.ContainerStateMachine (ContainerStateMachine.java:loadSnapshot(226)) - group-39FDF2C5AA13: The snapshot info is null. Setting the last applied indexto:(t:0, i:~)
2019-08-28 13:05:26,921 [pool-483-thread-1] INFO  server.RaftServerConfigKeys (ConfUtils.java:logGet(43)) - raft.server.log.use.memory = false (default)
2019-08-28 13:05:26,921 [pool-472-thread-1] INFO  server.RaftServerConfigKeys (ConfUtils.java:logGet(43)) - raft.server.leader.election.timeout = 120s (custom)
2019-08-28 13:05:26,921 [pool-483-thread-1] INFO  server.RaftServerConfigKeys (ConfUtils.java:logGet(43)) - raft.server.log.purge.gap = 1000000 (custom)
2019-08-28 13:05:26,921 [pool-494-thread-1] INFO  server.RaftServerConfigKeys (ConfUtils.java:logGet(43)) - raft.server.leader.election.timeout = 120s (custom)
2019-08-28 13:05:26,921 [pool-472-thread-1] INFO  server.RaftServerConfigKeys (ConfUtils.java:logGet(43)) - raft.server.log.use.memory = false (default)
2019-08-28 13:05:26,922 [pool-483-thread-1] INFO  server.RaftServerConfigKeys (ConfUtils.java:logGet(43)) - raft.server.log.appender.buffer.byte-limit = 33554432 (custom)
2019-08-28 13:05:26,922 [pool-494-thread-1] INFO  server.RaftServerConfigKeys (ConfUtils.java:logGet(43)) - raft.server.log.use.memory = false (default)
2019-08-28 13:05:26,922 [pool-483-thread-1] INFO  server.RaftServerConfigKeys (ConfUtils.java:logGet(43)) - raft.server.log.segment.size.max = 1048576 (custom)
2019-08-28 13:05:26,922 [pool-472-thread-1] INFO  server.RaftServerConfigKeys (ConfUtils.java:logGet(43)) - raft.server.log.purge.gap = 1000000 (custom)
2019-08-28 13:05:26,922 [pool-483-thread-1] INFO  server.RaftServerConfigKeys (ConfUtils.java:logGet(43)) - raft.server.log.segment.cache.num.max = 2 (custom)
2019-08-28 13:05:26,922 [pool-494-thread-1] INFO  server.RaftServerConfigKeys (ConfUtils.java:logGet(43)) - raft.server.log.purge.gap = 1000000 (custom)
2019-08-28 13:05:26,922 [pool-483-thread-1] INFO  segmented.SegmentedRaftLogWorker (SegmentedRaftLogWorker.java:<init>(172)) - new 905064f4-24d2-4290-aeb9-f7b810d5a354-SegmentedRaftLogWorker:Storage Directory /workdir/hadoop-ozone/integration-test/target/test-dir/MiniOzoneClusterImpl-b4ee2db5-7e6f-4740-8562-f15ac3dbe928/datanode-4/data/ratis/403ff206-adec-4fb5-a852-39fdf2c5aa13 for RaftStorage:Storage Directory /workdir/hadoop-ozone/integration-test/target/test-dir/MiniOzoneClusterImpl-b4ee2db5-7e6f-4740-8562-f15ac3dbe928/datanode-4/data/ratis/403ff206-adec-4fb5-a852-39fdf2c5aa13
2019-08-28 13:05:26,922 [pool-472-thread-1] INFO  server.RaftServerConfigKeys (ConfUtils.java:logGet(43)) - raft.server.log.appender.buffer.byte-limit = 33554432 (custom)
2019-08-28 13:05:26,922 [pool-483-thread-1] INFO  server.RaftServerConfigKeys (ConfUtils.java:logGet(43)) - raft.server.log.queue.byte-limit = 2147483647 (custom)
2019-08-28 13:05:26,922 [pool-494-thread-1] INFO  server.RaftServerConfigKeys (ConfUtils.java:logGet(43)) - raft.server.log.appender.buffer.byte-limit = 33554432 (custom)
2019-08-28 13:05:26,923 [pool-483-thread-1] INFO  server.RaftServerConfigKeys (ConfUtils.java:logGet(43)) - raft.server.log.queue.element-limit = 1024 (custom)
2019-08-28 13:05:26,923 [pool-472-thread-1] INFO  server.RaftServerConfigKeys (ConfUtils.java:logGet(43)) - raft.server.log.segment.size.max = 1048576 (custom)
2019-08-28 13:05:26,923 [pool-483-thread-1] INFO  server.RaftServerConfigKeys (ConfUtils.java:logGet(43)) - raft.server.log.segment.size.max = 1048576 (custom)
2019-08-28 13:05:26,923 [pool-494-thread-1] INFO  server.RaftServerConfigKeys (ConfUtils.java:logGet(43)) - raft.server.log.segment.size.max = 1048576 (custom)
2019-08-28 13:05:26,923 [pool-483-thread-1] INFO  server.RaftServerConfigKeys (ConfUtils.java:logGet(43)) - raft.server.log.preallocated.size = 16384 (custom)
2019-08-28 13:05:26,923 [pool-472-thread-1] INFO  server.RaftServerConfigKeys (ConfUtils.java:logGet(43)) - raft.server.log.segment.cache.num.max = 2 (custom)
2019-08-28 13:05:26,923 [pool-483-thread-1] INFO  server.RaftServerConfigKeys (ConfUtils.java:logGet(43)) - raft.server.log.write.buffer.size = 33554432 (custom)
2019-08-28 13:05:26,924 [pool-483-thread-1] INFO  server.RaftServerConfigKeys (ConfUtils.java:logGet(43)) - raft.server.log.force.sync.num = 128 (default)
2019-08-28 13:05:26,923 [pool-494-thread-1] INFO  server.RaftServerConfigKeys (ConfUtils.java:logGet(43)) - raft.server.log.segment.cache.num.max = 2 (custom)
2019-08-28 13:05:26,924 [pool-483-thread-1] INFO  server.RaftServerConfigKeys (ConfUtils.java:logGet(43)) - raft.server.log.statemachine.data.sync = true (default)
2019-08-28 13:05:26,923 [pool-472-thread-1] INFO  segmented.SegmentedRaftLogWorker (SegmentedRaftLogWorker.java:<init>(172)) - new 32f88ad7-b496-4276-ae36-0c1df3bcd831-SegmentedRaftLogWorker:Storage Directory /workdir/hadoop-ozone/integration-test/target/test-dir/MiniOzoneClusterImpl-b4ee2db5-7e6f-4740-8562-f15ac3dbe928/datanode-3/data/ratis/403ff206-adec-4fb5-a852-39fdf2c5aa13 for RaftStorage:Storage Directory /workdir/hadoop-ozone/integration-test/target/test-dir/MiniOzoneClusterImpl-b4ee2db5-7e6f-4740-8562-f15ac3dbe928/datanode-3/data/ratis/403ff206-adec-4fb5-a852-39fdf2c5aa13
2019-08-28 13:05:26,924 [pool-483-thread-1] INFO  server.RaftServerConfigKeys (ConfUtils.java:logGet(43)) - raft.server.log.statemachine.data.sync.timeout = 10s (default)
2019-08-28 13:05:26,924 [pool-483-thread-1] INFO  server.RaftServerConfigKeys (ConfUtils.java:logGet(43)) - raft.server.log.statemachine.data.sync.timeout.retry = -1 (default)
2019-08-28 13:05:26,924 [pool-494-thread-1] INFO  segmented.SegmentedRaftLogWorker (SegmentedRaftLogWorker.java:<init>(172)) - new ce9c1f14-8030-466e-9ac8-42fad73b72bd-SegmentedRaftLogWorker:Storage Directory /workdir/hadoop-ozone/integration-test/target/test-dir/MiniOzoneClusterImpl-b4ee2db5-7e6f-4740-8562-f15ac3dbe928/datanode-5/data/ratis/403ff206-adec-4fb5-a852-39fdf2c5aa13 for RaftStorage:Storage Directory /workdir/hadoop-ozone/integration-test/target/test-dir/MiniOzoneClusterImpl-b4ee2db5-7e6f-4740-8562-f15ac3dbe928/datanode-5/data/ratis/403ff206-adec-4fb5-a852-39fdf2c5aa13
2019-08-28 13:05:26,924 [pool-483-thread-1] INFO  server.RaftServerConfigKeys (ConfUtils.java:logGet(43)) - raft.server.log.statemachine.data.caching.enabled = true (custom)
2019-08-28 13:05:26,924 [pool-472-thread-1] INFO  server.RaftServerConfigKeys (ConfUtils.java:logGet(43)) - raft.server.log.queue.byte-limit = 2147483647 (custom)
2019-08-28 13:05:26,924 [pool-494-thread-1] INFO  server.RaftServerConfigKeys (ConfUtils.java:logGet(43)) - raft.server.log.queue.byte-limit = 2147483647 (custom)
2019-08-28 13:05:26,925 [pool-483-thread-1] INFO  segmented.SegmentedRaftLogWorker (SegmentedRaftLogWorker.java:lambda$new$0(132)) - 905064f4-24d2-4290-aeb9-f7b810d5a354-SegmentedRaftLogWorker:Storage Directory /workdir/hadoop-ozone/integration-test/target/test-dir/MiniOzoneClusterImpl-b4ee2db5-7e6f-4740-8562-f15ac3dbe928/datanode-4/data/ratis/403ff206-adec-4fb5-a852-39fdf2c5aa13: flushIndex: setUnconditionally 0 -> -1
2019-08-28 13:05:26,925 [pool-472-thread-1] INFO  server.RaftServerConfigKeys (ConfUtils.java:logGet(43)) - raft.server.log.queue.element-limit = 1024 (custom)
2019-08-28 13:05:26,925 [pool-494-thread-1] INFO  server.RaftServerConfigKeys (ConfUtils.java:logGet(43)) - raft.server.log.queue.element-limit = 1024 (custom)
2019-08-28 13:05:26,925 [pool-483-thread-1] INFO  server.RaftServerConfigKeys (ConfUtils.java:logGet(43)) - raft.server.snapshot.auto.trigger.enabled = true (custom)
2019-08-28 13:05:26,925 [pool-472-thread-1] INFO  server.RaftServerConfigKeys (ConfUtils.java:logGet(43)) - raft.server.log.segment.size.max = 1048576 (custom)
2019-08-28 13:05:26,925 [pool-483-thread-1] INFO  server.RaftServerConfigKeys (ConfUtils.java:logGet(43)) - raft.server.snapshot.auto.trigger.threshold = 10000 (custom)
2019-08-28 13:05:26,925 [pool-494-thread-1] INFO  server.RaftServerConfigKeys (ConfUtils.java:logGet(43)) - raft.server.log.segment.size.max = 1048576 (custom)
2019-08-28 13:05:26,926 [pool-483-thread-1] INFO  server.RaftServerConfigKeys (ConfUtils.java:logGet(43)) - raft.server.retrycache.expirytime = 600000ms (custom)
2019-08-28 13:05:26,925 [pool-472-thread-1] INFO  server.RaftServerConfigKeys (ConfUtils.java:logGet(43)) - raft.server.log.preallocated.size = 16384 (custom)
2019-08-28 13:05:26,926 [pool-483-thread-1] INFO  impl.RaftServerImpl (RaftServerImpl.java:start(180)) - 905064f4-24d2-4290-aeb9-f7b810d5a354: start group-39FDF2C5AA13
2019-08-28 13:05:26,926 [pool-483-thread-1] INFO  impl.RaftServerImpl (RaftServerImpl.java:setRole(171)) - 905064f4-24d2-4290-aeb9-f7b810d5a354:group-39FDF2C5AA13 changes role from null to FOLLOWER at term 0 for startAsFollower
2019-08-28 13:05:26,926 [pool-494-thread-1] INFO  server.RaftServerConfigKeys (ConfUtils.java:logGet(43)) - raft.server.log.preallocated.size = 16384 (custom)
2019-08-28 13:05:26,926 [pool-483-thread-1] INFO  impl.RoleInfo (RoleInfo.java:updateAndGet(143)) - 905064f4-24d2-4290-aeb9-f7b810d5a354: start FollowerState
2019-08-28 13:05:26,926 [pool-472-thread-1] INFO  server.RaftServerConfigKeys (ConfUtils.java:logGet(43)) - raft.server.log.write.buffer.size = 33554432 (custom)
2019-08-28 13:05:26,926 [pool-494-thread-1] INFO  server.RaftServerConfigKeys (ConfUtils.java:logGet(43)) - raft.server.log.write.buffer.size = 33554432 (custom)
2019-08-28 13:05:26,926 [pool-472-thread-1] INFO  server.RaftServerConfigKeys (ConfUtils.java:logGet(43)) - raft.server.log.force.sync.num = 128 (default)
2019-08-28 13:05:26,926 [pool-494-thread-1] INFO  server.RaftServerConfigKeys (ConfUtils.java:logGet(43)) - raft.server.log.force.sync.num = 128 (default)
2019-08-28 13:05:26,927 [pool-483-thread-1] INFO  util.JmxRegister (JmxRegister.java:tryRegister(44)) - Successfully registered JMX Bean with object name Ratis:service=RaftServer,group=group-39FDF2C5AA13,id=905064f4-24d2-4290-aeb9-f7b810d5a354
2019-08-28 13:05:26,927 [pool-472-thread-1] INFO  server.RaftServerConfigKeys (ConfUtils.java:logGet(43)) - raft.server.log.statemachine.data.sync = true (default)
2019-08-28 13:05:26,927 [pool-472-thread-1] INFO  server.RaftServerConfigKeys (ConfUtils.java:logGet(43)) - raft.server.log.statemachine.data.sync.timeout = 10s (default)
2019-08-28 13:05:26,927 [pool-494-thread-1] INFO  server.RaftServerConfigKeys (ConfUtils.java:logGet(43)) - raft.server.log.statemachine.data.sync = true (default)
2019-08-28 13:05:26,927 [pool-472-thread-1] INFO  server.RaftServerConfigKeys (ConfUtils.java:logGet(43)) - raft.server.log.statemachine.data.sync.timeout.retry = -1 (default)
2019-08-28 13:05:26,927 [pool-494-thread-1] INFO  server.RaftServerConfigKeys (ConfUtils.java:logGet(43)) - raft.server.log.statemachine.data.sync.timeout = 10s (default)
2019-08-28 13:05:26,927 [pool-472-thread-1] INFO  server.RaftServerConfigKeys (ConfUtils.java:logGet(43)) - raft.server.log.statemachine.data.caching.enabled = true (custom)
2019-08-28 13:05:26,928 [pool-494-thread-1] INFO  server.RaftServerConfigKeys (ConfUtils.java:logGet(43)) - raft.server.log.statemachine.data.sync.timeout.retry = -1 (default)
2019-08-28 13:05:26,928 [pool-472-thread-1] INFO  segmented.SegmentedRaftLogWorker (SegmentedRaftLogWorker.java:lambda$new$0(132)) - 32f88ad7-b496-4276-ae36-0c1df3bcd831-SegmentedRaftLogWorker:Storage Directory /workdir/hadoop-ozone/integration-test/target/test-dir/MiniOzoneClusterImpl-b4ee2db5-7e6f-4740-8562-f15ac3dbe928/datanode-3/data/ratis/403ff206-adec-4fb5-a852-39fdf2c5aa13: flushIndex: setUnconditionally 0 -> -1
2019-08-28 13:05:26,930 [pool-494-thread-1] INFO  server.RaftServerConfigKeys (ConfUtils.java:logGet(43)) - raft.server.log.statemachine.data.caching.enabled = true (custom)
2019-08-28 13:05:26,930 [pool-472-thread-1] INFO  server.RaftServerConfigKeys (ConfUtils.java:logGet(43)) - raft.server.snapshot.auto.trigger.enabled = true (custom)
2019-08-28 13:05:26,930 [pool-472-thread-1] INFO  server.RaftServerConfigKeys (ConfUtils.java:logGet(43)) - raft.server.snapshot.auto.trigger.threshold = 10000 (custom)
2019-08-28 13:05:26,930 [pool-494-thread-1] INFO  segmented.SegmentedRaftLogWorker (SegmentedRaftLogWorker.java:lambda$new$0(132)) - ce9c1f14-8030-466e-9ac8-42fad73b72bd-SegmentedRaftLogWorker:Storage Directory /workdir/hadoop-ozone/integration-test/target/test-dir/MiniOzoneClusterImpl-b4ee2db5-7e6f-4740-8562-f15ac3dbe928/datanode-5/data/ratis/403ff206-adec-4fb5-a852-39fdf2c5aa13: flushIndex: setUnconditionally 0 -> -1
2019-08-28 13:05:26,930 [pool-472-thread-1] INFO  server.RaftServerConfigKeys (ConfUtils.java:logGet(43)) - raft.server.retrycache.expirytime = 600000ms (custom)
2019-08-28 13:05:26,931 [pool-472-thread-1] INFO  impl.RaftServerImpl (RaftServerImpl.java:start(180)) - 32f88ad7-b496-4276-ae36-0c1df3bcd831: start group-39FDF2C5AA13
2019-08-28 13:05:26,931 [pool-494-thread-1] INFO  server.RaftServerConfigKeys (ConfUtils.java:logGet(43)) - raft.server.snapshot.auto.trigger.enabled = true (custom)
2019-08-28 13:05:26,931 [pool-472-thread-1] INFO  impl.RaftServerImpl (RaftServerImpl.java:setRole(171)) - 32f88ad7-b496-4276-ae36-0c1df3bcd831:group-39FDF2C5AA13 changes role from null to FOLLOWER at term 0 for startAsFollower
2019-08-28 13:05:26,931 [pool-494-thread-1] INFO  server.RaftServerConfigKeys (ConfUtils.java:logGet(43)) - raft.server.snapshot.auto.trigger.threshold = 10000 (custom)
2019-08-28 13:05:26,931 [pool-472-thread-1] INFO  impl.RoleInfo (RoleInfo.java:updateAndGet(143)) - 32f88ad7-b496-4276-ae36-0c1df3bcd831: start FollowerState
2019-08-28 13:05:26,931 [pool-494-thread-1] INFO  server.RaftServerConfigKeys (ConfUtils.java:logGet(43)) - raft.server.retrycache.expirytime = 600000ms (custom)
2019-08-28 13:05:26,931 [pool-472-thread-1] INFO  util.JmxRegister (JmxRegister.java:tryRegister(44)) - Successfully registered JMX Bean with object name Ratis:service=RaftServer,group=group-39FDF2C5AA13,id=32f88ad7-b496-4276-ae36-0c1df3bcd831
2019-08-28 13:05:26,931 [pool-494-thread-1] INFO  impl.RaftServerImpl (RaftServerImpl.java:start(180)) - ce9c1f14-8030-466e-9ac8-42fad73b72bd: start group-39FDF2C5AA13
2019-08-28 13:05:26,932 [pool-494-thread-1] INFO  impl.RaftServerImpl (RaftServerImpl.java:setRole(171)) - ce9c1f14-8030-466e-9ac8-42fad73b72bd:group-39FDF2C5AA13 changes role from null to FOLLOWER at term 0 for startAsFollower
2019-08-28 13:05:26,932 [pool-494-thread-1] INFO  impl.RoleInfo (RoleInfo.java:updateAndGet(143)) - ce9c1f14-8030-466e-9ac8-42fad73b72bd: start FollowerState
2019-08-28 13:05:26,932 [pool-494-thread-1] INFO  util.JmxRegister (JmxRegister.java:tryRegister(44)) - Successfully registered JMX Bean with object name Ratis:service=RaftServer,group=group-39FDF2C5AA13,id=ce9c1f14-8030-466e-9ac8-42fad73b72bd
2019-08-28 13:05:26,937 [RatisPipelineUtilsThread] INFO  pipeline.PipelineStateManager (PipelineStateManager.java:addPipeline(56)) - Created pipeline Pipeline[ Id: 403ff206-adec-4fb5-a852-39fdf2c5aa13, Nodes: ce9c1f14-8030-466e-9ac8-42fad73b72bd{ip: 192.168.69.80, host: pr-hdds-2030-bfh46-3754461772, networkLocation: /default-rack, certSerialId: null}905064f4-24d2-4290-aeb9-f7b810d5a354{ip: 192.168.69.80, host: pr-hdds-2030-bfh46-3754461772, networkLocation: /default-rack, certSerialId: null}32f88ad7-b496-4276-ae36-0c1df3bcd831{ip: 192.168.69.80, host: pr-hdds-2030-bfh46-3754461772, networkLocation: /default-rack, certSerialId: null}, Type:RATIS, Factor:THREE, State:OPEN]
2019-08-28 13:05:27,048 [main] INFO  ozone.MiniOzoneClusterImpl (MiniOzoneClusterImpl.java:lambda$waitForClusterToBeReady$0(142)) - Waiting for cluster to be ready. Got 6 of 7 DN Heartbeats.
2019-08-28 13:05:27,049 [IPC Server handler 0 on 40773] INFO  net.NetworkTopology (NetworkTopologyImpl.java:add(110)) - Added a new node: /default-rack/6473d7a6-d5fa-4090-bf30-ee1350d7f475
2019-08-28 13:05:27,050 [IPC Server handler 0 on 40773] INFO  node.SCMNodeManager (SCMNodeManager.java:register(273)) - Registered Data node : 6473d7a6-d5fa-4090-bf30-ee1350d7f475{ip: 192.168.69.80, host: pr-hdds-2030-bfh46-3754461772, networkLocation: /default-rack, certSerialId: null}
2019-08-28 13:05:27,050 | INFO  | SCMAudit | user=jenkins1000 | ip=192.168.69.80 | op=REGISTER {datanodeDetails=6473d7a6-d5fa-4090-bf30-ee1350d7f475{ip: 192.168.69.80, host: pr-hdds-2030-bfh46-3754461772, networkLocation: /default-rack, certSerialId: null}} | ret=SUCCESS |  
2019-08-28 13:05:27,070 [grpc-default-executor-0] INFO  impl.RaftServerProxy (RaftServerProxy.java:addNew(89)) - 6473d7a6-d5fa-4090-bf30-ee1350d7f475: addNew group-6C0DB0D3BB6D:[6473d7a6-d5fa-4090-bf30-ee1350d7f475:192.168.69.80:45078] returns group-6C0DB0D3BB6D:java.util.concurrent.CompletableFuture@87dff4f[Not completed]
2019-08-28 13:05:27,071 [pool-505-thread-1] INFO  impl.RaftServerImpl (RaftServerImpl.java:<init>(93)) - 6473d7a6-d5fa-4090-bf30-ee1350d7f475: new RaftServerImpl for group-6C0DB0D3BB6D:[6473d7a6-d5fa-4090-bf30-ee1350d7f475:192.168.69.80:45078] with ContainerStateMachine:uninitialized
2019-08-28 13:05:27,072 [pool-505-thread-1] INFO  server.RaftServerConfigKeys (ConfUtils.java:logGet(43)) - raft.server.rpc.timeout.min = 5s (custom)
2019-08-28 13:05:27,072 [pool-505-thread-1] INFO  server.RaftServerConfigKeys (ConfUtils.java:logGet(43)) - raft.server.rpc.timeout.max = 5200ms (custom)
2019-08-28 13:05:27,072 [pool-505-thread-1] INFO  server.RaftServerConfigKeys (ConfUtils.java:logGet(43)) - raft.server.rpcslowness.timeout = 120s (custom)
2019-08-28 13:05:27,072 [pool-505-thread-1] INFO  server.RaftServerConfigKeys (ConfUtils.java:logGet(43)) - raft.server.sleep.deviation.threshold = 300 (default)
2019-08-28 13:05:27,072 [pool-505-thread-1] INFO  server.RaftServerConfigKeys (ConfUtils.java:logGet(43)) - raft.server.log.appender.install.snapshot.enabled = false (custom)
2019-08-28 13:05:27,073 [pool-505-thread-1] INFO  impl.RaftServerImpl (ServerState.java:<init>(105)) - 6473d7a6-d5fa-4090-bf30-ee1350d7f475:group-6C0DB0D3BB6D ConfigurationManager, init=-1: [6473d7a6-d5fa-4090-bf30-ee1350d7f475:192.168.69.80:45078], old=null, confs=<EMPTY_MAP>
2019-08-28 13:05:27,073 [pool-505-thread-1] INFO  server.RaftServerConfigKeys (ConfUtils.java:logGet(43)) - raft.server.storage.dir = [/workdir/hadoop-ozone/integration-test/target/test-dir/MiniOzoneClusterImpl-b4ee2db5-7e6f-4740-8562-f15ac3dbe928/datanode-6/data/ratis] (custom)
2019-08-28 13:05:27,073 [pool-505-thread-1] INFO  storage.RaftStorageDirectory (RaftStorageDirectory.java:analyzeStorage(246)) - The storage directory /workdir/hadoop-ozone/integration-test/target/test-dir/MiniOzoneClusterImpl-b4ee2db5-7e6f-4740-8562-f15ac3dbe928/datanode-6/data/ratis/fbdec8b6-e1df-48e0-8779-6c0db0d3bb6d does not exist. Creating ...
2019-08-28 13:05:27,087 [pool-505-thread-1] INFO  storage.RaftStorageDirectory (RaftStorageDirectory.java:tryLock(328)) - Lock on /workdir/hadoop-ozone/integration-test/target/test-dir/MiniOzoneClusterImpl-b4ee2db5-7e6f-4740-8562-f15ac3dbe928/datanode-6/data/ratis/fbdec8b6-e1df-48e0-8779-6c0db0d3bb6d/in_use.lock acquired by nodename 16557@pr-hdds-2030-bfh46-3754461772
2019-08-28 13:05:27,100 [pool-505-thread-1] INFO  storage.RaftStorage (RaftStorage.java:format(72)) - Storage directory /workdir/hadoop-ozone/integration-test/target/test-dir/MiniOzoneClusterImpl-b4ee2db5-7e6f-4740-8562-f15ac3dbe928/datanode-6/data/ratis/fbdec8b6-e1df-48e0-8779-6c0db0d3bb6d has been successfully formatted.
2019-08-28 13:05:27,101 [pool-505-thread-1] INFO  ratis.ContainerStateMachine (ContainerStateMachine.java:loadSnapshot(226)) - group-6C0DB0D3BB6D: The snapshot info is null. Setting the last applied indexto:(t:0, i:~)
2019-08-28 13:05:27,101 [pool-505-thread-1] INFO  server.RaftServerConfigKeys (ConfUtils.java:logGet(43)) - raft.server.leader.election.timeout = 120s (custom)
2019-08-28 13:05:27,101 [pool-505-thread-1] INFO  server.RaftServerConfigKeys (ConfUtils.java:logGet(43)) - raft.server.log.use.memory = false (default)
2019-08-28 13:05:27,101 [pool-505-thread-1] INFO  server.RaftServerConfigKeys (ConfUtils.java:logGet(43)) - raft.server.log.purge.gap = 1000000 (custom)
2019-08-28 13:05:27,101 [pool-505-thread-1] INFO  server.RaftServerConfigKeys (ConfUtils.java:logGet(43)) - raft.server.log.appender.buffer.byte-limit = 33554432 (custom)
2019-08-28 13:05:27,102 [pool-505-thread-1] INFO  server.RaftServerConfigKeys (ConfUtils.java:logGet(43)) - raft.server.log.segment.size.max = 1048576 (custom)
2019-08-28 13:05:27,102 [pool-505-thread-1] INFO  server.RaftServerConfigKeys (ConfUtils.java:logGet(43)) - raft.server.log.segment.cache.num.max = 2 (custom)
2019-08-28 13:05:27,102 [pool-505-thread-1] INFO  segmented.SegmentedRaftLogWorker (SegmentedRaftLogWorker.java:<init>(172)) - new 6473d7a6-d5fa-4090-bf30-ee1350d7f475-SegmentedRaftLogWorker:Storage Directory /workdir/hadoop-ozone/integration-test/target/test-dir/MiniOzoneClusterImpl-b4ee2db5-7e6f-4740-8562-f15ac3dbe928/datanode-6/data/ratis/fbdec8b6-e1df-48e0-8779-6c0db0d3bb6d for RaftStorage:Storage Directory /workdir/hadoop-ozone/integration-test/target/test-dir/MiniOzoneClusterImpl-b4ee2db5-7e6f-4740-8562-f15ac3dbe928/datanode-6/data/ratis/fbdec8b6-e1df-48e0-8779-6c0db0d3bb6d
2019-08-28 13:05:27,102 [pool-505-thread-1] INFO  server.RaftServerConfigKeys (ConfUtils.java:logGet(43)) - raft.server.log.queue.byte-limit = 2147483647 (custom)
2019-08-28 13:05:27,102 [pool-505-thread-1] INFO  server.RaftServerConfigKeys (ConfUtils.java:logGet(43)) - raft.server.log.queue.element-limit = 1024 (custom)
2019-08-28 13:05:27,103 [pool-505-thread-1] INFO  server.RaftServerConfigKeys (ConfUtils.java:logGet(43)) - raft.server.log.segment.size.max = 1048576 (custom)
2019-08-28 13:05:27,103 [pool-505-thread-1] INFO  server.RaftServerConfigKeys (ConfUtils.java:logGet(43)) - raft.server.log.preallocated.size = 16384 (custom)
2019-08-28 13:05:27,103 [pool-505-thread-1] INFO  server.RaftServerConfigKeys (ConfUtils.java:logGet(43)) - raft.server.log.write.buffer.size = 33554432 (custom)
2019-08-28 13:05:27,103 [pool-505-thread-1] INFO  server.RaftServerConfigKeys (ConfUtils.java:logGet(43)) - raft.server.log.force.sync.num = 128 (default)
2019-08-28 13:05:27,103 [pool-505-thread-1] INFO  server.RaftServerConfigKeys (ConfUtils.java:logGet(43)) - raft.server.log.statemachine.data.sync = true (default)
2019-08-28 13:05:27,103 [pool-505-thread-1] INFO  server.RaftServerConfigKeys (ConfUtils.java:logGet(43)) - raft.server.log.statemachine.data.sync.timeout = 10s (default)
2019-08-28 13:05:27,103 [pool-505-thread-1] INFO  server.RaftServerConfigKeys (ConfUtils.java:logGet(43)) - raft.server.log.statemachine.data.sync.timeout.retry = -1 (default)
2019-08-28 13:05:27,104 [pool-505-thread-1] INFO  server.RaftServerConfigKeys (ConfUtils.java:logGet(43)) - raft.server.log.statemachine.data.caching.enabled = true (custom)
2019-08-28 13:05:27,104 [pool-505-thread-1] INFO  segmented.SegmentedRaftLogWorker (SegmentedRaftLogWorker.java:lambda$new$0(132)) - 6473d7a6-d5fa-4090-bf30-ee1350d7f475-SegmentedRaftLogWorker:Storage Directory /workdir/hadoop-ozone/integration-test/target/test-dir/MiniOzoneClusterImpl-b4ee2db5-7e6f-4740-8562-f15ac3dbe928/datanode-6/data/ratis/fbdec8b6-e1df-48e0-8779-6c0db0d3bb6d: flushIndex: setUnconditionally 0 -> -1
2019-08-28 13:05:27,104 [pool-505-thread-1] INFO  server.RaftServerConfigKeys (ConfUtils.java:logGet(43)) - raft.server.snapshot.auto.trigger.enabled = true (custom)
2019-08-28 13:05:27,105 [pool-505-thread-1] INFO  server.RaftServerConfigKeys (ConfUtils.java:logGet(43)) - raft.server.snapshot.auto.trigger.threshold = 10000 (custom)
2019-08-28 13:05:27,105 [pool-505-thread-1] INFO  server.RaftServerConfigKeys (ConfUtils.java:logGet(43)) - raft.server.retrycache.expirytime = 600000ms (custom)
2019-08-28 13:05:27,105 [pool-505-thread-1] INFO  impl.RaftServerImpl (RaftServerImpl.java:start(180)) - 6473d7a6-d5fa-4090-bf30-ee1350d7f475: start group-6C0DB0D3BB6D
2019-08-28 13:05:27,105 [pool-505-thread-1] INFO  impl.RaftServerImpl (RaftServerImpl.java:setRole(171)) - 6473d7a6-d5fa-4090-bf30-ee1350d7f475:group-6C0DB0D3BB6D changes role from null to FOLLOWER at term 0 for startAsFollower
2019-08-28 13:05:27,105 [pool-505-thread-1] INFO  impl.RoleInfo (RoleInfo.java:updateAndGet(143)) - 6473d7a6-d5fa-4090-bf30-ee1350d7f475: start FollowerState
2019-08-28 13:05:27,106 [pool-505-thread-1] INFO  util.JmxRegister (JmxRegister.java:tryRegister(44)) - Successfully registered JMX Bean with object name Ratis:service=RaftServer,group=group-6C0DB0D3BB6D,id=6473d7a6-d5fa-4090-bf30-ee1350d7f475
2019-08-28 13:05:27,110 [RatisPipelineUtilsThread] INFO  pipeline.PipelineStateManager (PipelineStateManager.java:addPipeline(56)) - Created pipeline Pipeline[ Id: fbdec8b6-e1df-48e0-8779-6c0db0d3bb6d, Nodes: 6473d7a6-d5fa-4090-bf30-ee1350d7f475{ip: 192.168.69.80, host: pr-hdds-2030-bfh46-3754461772, networkLocation: /default-rack, certSerialId: null}, Type:RATIS, Factor:ONE, State:OPEN]
2019-08-28 13:05:27,540 | INFO  | SCMAudit | user=jenkins1000 | ip=192.168.69.80 | op=SEND_HEARTBEAT {datanodeUUID=59fb5bc9-2d90-422e-bf68-b67547f31f06, command=[]} | ret=SUCCESS |  
2019-08-28 13:05:28,021 | INFO  | SCMAudit | user=jenkins1000 | ip=192.168.69.80 | op=SEND_HEARTBEAT {datanodeUUID=824628d9-e5f8-4fcc-92ac-3dee9636940c, command=[]} | ret=SUCCESS |  
2019-08-28 13:05:28,049 [main] INFO  ozone.MiniOzoneClusterImpl (MiniOzoneClusterImpl.java:lambda$waitForClusterToBeReady$0(142)) - Cluster is ready. Got 7 of 7 DN Heartbeats.
2019-08-28 13:05:28,082 [main] INFO  rpc.RpcClient (RpcClient.java:createVolume(293)) - Creating Volume: testblockoutputstream, with jenkins1000 as owner.
2019-08-28 13:05:28,085 | INFO  | OMAudit | user=jenkins1000 | ip=127.0.0.1 | op=CREATE_VOLUME {admin=jenkins1000, owner=jenkins1000, volume=testblockoutputstream, creationTime=1566997528084, quotaInBytes=1152921504606846976} | ret=SUCCESS |  
2019-08-28 13:05:28,097 | INFO  | OMAudit | user=jenkins1000 | ip=127.0.0.1 | op=READ_VOLUME {volume=testblockoutputstream} | ret=SUCCESS |  
2019-08-28 13:05:28,097 [main] INFO  rpc.RpcClient (RpcClient.java:createBucket(432)) - Creating Bucket: testblockoutputstream/testblockoutputstream, with Versioning false and Storage Type set to DISK and Encryption set to false 
2019-08-28 13:05:28,101 | INFO  | OMAudit | user=jenkins1000 | ip=127.0.0.1 | op=CREATE_BUCKET {volume=testblockoutputstream, bucket=testblockoutputstream, acls=[user:jenkins1000:a[ACCESS], group:default:a[ACCESS]], isVersionEnabled=false, storageType=DISK, creationTime=0} | ret=SUCCESS |  
2019-08-28 13:05:28,103 | INFO  | OMAudit | user=jenkins1000 | ip=127.0.0.1 | op=READ_VOLUME {volume=testblockoutputstream} | ret=SUCCESS |  
2019-08-28 13:05:28,104 | INFO  | OMAudit | user=jenkins1000 | ip=127.0.0.1 | op=READ_BUCKET {volume=testblockoutputstream, bucket=testblockoutputstream} | ret=SUCCESS |  
2019-08-28 13:05:28,109 | INFO  | SCMAudit | user=jenkins1000 | ip=192.168.69.80 | op=ALLOCATE_BLOCK {owner=1b571cf0-5912-4db0-8c8b-a2fd5a5ba15c, size=800, type=RATIS, factor=THREE} | ret=SUCCESS |  
2019-08-28 13:05:28,112 | INFO  | OMAudit | user=jenkins1000 | ip=127.0.0.1 | op=ALLOCATE_KEY {volume=testblockoutputstream, bucket=testblockoutputstream, key=20f39ead-9c96-4ad8-bdd5-ca8dd7757221, dataSize=0, replicationType=RATIS, replicationFactor=THREE, keyLocationInfo=null} | ret=SUCCESS |  
2019-08-28 13:05:28,131 [grpc-default-executor-0] INFO  client.GrpcClientProtocolClient (GrpcClientProtocolClient.java:onNext(255)) - client-DE8B1881BA14->ce9c1f14-8030-466e-9ac8-42fad73b72bd: receive RaftClientReply:client-DE8B1881BA14->ce9c1f14-8030-466e-9ac8-42fad73b72bd@group-39FDF2C5AA13, cid=182, FAILED org.apache.ratis.protocol.NotLeaderException: Server ce9c1f14-8030-466e-9ac8-42fad73b72bd is not the leader (null). Request must be sent to leader., logIndex=0, commits[ce9c1f14-8030-466e-9ac8-42fad73b72bd:c-1]
2019-08-28 13:05:28,198 | INFO  | SCMAudit | user=jenkins1000 | ip=192.168.69.80 | op=SEND_HEARTBEAT {datanodeUUID=616243d7-d102-41c9-b140-524e964f60c9, command=[]} | ret=SUCCESS |  
2019-08-28 13:05:28,385 | INFO  | SCMAudit | user=jenkins1000 | ip=192.168.69.80 | op=SEND_HEARTBEAT {datanodeUUID=32f88ad7-b496-4276-ae36-0c1df3bcd831, command=[]} | ret=SUCCESS |  
2019-08-28 13:05:28,540 | INFO  | SCMAudit | user=jenkins1000 | ip=192.168.69.80 | op=SEND_HEARTBEAT {datanodeUUID=59fb5bc9-2d90-422e-bf68-b67547f31f06, command=[]} | ret=SUCCESS |  
2019-08-28 13:05:28,561 [Thread-3522] INFO  container.ReplicationManager (ReplicationManager.java:start(152)) - Starting Replication Monitor Thread.
2019-08-28 13:05:28,565 [ReplicationMonitor] INFO  container.ReplicationManager (ReplicationManager.java:run(215)) - Replication Monitor Thread took 0 milliseconds for processing 1 containers.
2019-08-28 13:05:28,577 | INFO  | SCMAudit | user=jenkins1000 | ip=192.168.69.80 | op=SEND_HEARTBEAT {datanodeUUID=905064f4-24d2-4290-aeb9-f7b810d5a354, command=[]} | ret=SUCCESS |  
2019-08-28 13:05:28,821 | INFO  | SCMAudit | user=jenkins1000 | ip=192.168.69.80 | op=SEND_HEARTBEAT {datanodeUUID=ce9c1f14-8030-466e-9ac8-42fad73b72bd, command=[]} | ret=SUCCESS |  
2019-08-28 13:05:29,020 | INFO  | SCMAudit | user=jenkins1000 | ip=192.168.69.80 | op=SEND_HEARTBEAT {datanodeUUID=824628d9-e5f8-4fcc-92ac-3dee9636940c, command=[]} | ret=SUCCESS |  
2019-08-28 13:05:29,049 | INFO  | SCMAudit | user=jenkins1000 | ip=192.168.69.80 | op=SEND_HEARTBEAT {datanodeUUID=6473d7a6-d5fa-4090-bf30-ee1350d7f475, command=[]} | ret=SUCCESS |  
2019-08-28 13:05:29,146 [grpc-default-executor-6] INFO  client.GrpcClientProtocolClient (GrpcClientProtocolClient.java:onNext(255)) - client-DE8B1881BA14->905064f4-24d2-4290-aeb9-f7b810d5a354: receive RaftClientReply:client-DE8B1881BA14->905064f4-24d2-4290-aeb9-f7b810d5a354@group-39FDF2C5AA13, cid=182, FAILED org.apache.ratis.protocol.NotLeaderException: Server 905064f4-24d2-4290-aeb9-f7b810d5a354 is not the leader (null). Request must be sent to leader., logIndex=0, commits[905064f4-24d2-4290-aeb9-f7b810d5a354:c-1]
2019-08-28 13:05:29,197 | INFO  | SCMAudit | user=jenkins1000 | ip=192.168.69.80 | op=SEND_HEARTBEAT {datanodeUUID=616243d7-d102-41c9-b140-524e964f60c9, command=[]} | ret=SUCCESS |  
2019-08-28 13:05:29,386 | INFO  | SCMAudit | user=jenkins1000 | ip=192.168.69.80 | op=SEND_HEARTBEAT {datanodeUUID=32f88ad7-b496-4276-ae36-0c1df3bcd831, command=[]} | ret=SUCCESS |  
2019-08-28 13:05:29,541 | INFO  | SCMAudit | user=jenkins1000 | ip=192.168.69.80 | op=SEND_HEARTBEAT {datanodeUUID=59fb5bc9-2d90-422e-bf68-b67547f31f06, command=[]} | ret=SUCCESS |  
2019-08-28 13:05:29,577 | INFO  | SCMAudit | user=jenkins1000 | ip=192.168.69.80 | op=SEND_HEARTBEAT {datanodeUUID=905064f4-24d2-4290-aeb9-f7b810d5a354, command=[]} | ret=SUCCESS |  
2019-08-28 13:05:29,820 | INFO  | SCMAudit | user=jenkins1000 | ip=192.168.69.80 | op=SEND_HEARTBEAT {datanodeUUID=ce9c1f14-8030-466e-9ac8-42fad73b72bd, command=[]} | ret=SUCCESS |  
2019-08-28 13:05:30,020 | INFO  | SCMAudit | user=jenkins1000 | ip=192.168.69.80 | op=SEND_HEARTBEAT {datanodeUUID=824628d9-e5f8-4fcc-92ac-3dee9636940c, command=[]} | ret=SUCCESS |  
2019-08-28 13:05:30,049 | INFO  | SCMAudit | user=jenkins1000 | ip=192.168.69.80 | op=SEND_HEARTBEAT {datanodeUUID=6473d7a6-d5fa-4090-bf30-ee1350d7f475, command=[]} | ret=SUCCESS |  
2019-08-28 13:05:30,160 [grpc-default-executor-6] INFO  client.GrpcClientProtocolClient (GrpcClientProtocolClient.java:onNext(255)) - client-DE8B1881BA14->32f88ad7-b496-4276-ae36-0c1df3bcd831: receive RaftClientReply:client-DE8B1881BA14->32f88ad7-b496-4276-ae36-0c1df3bcd831@group-39FDF2C5AA13, cid=182, FAILED org.apache.ratis.protocol.NotLeaderException: Server 32f88ad7-b496-4276-ae36-0c1df3bcd831 is not the leader (null). Request must be sent to leader., logIndex=0, commits[32f88ad7-b496-4276-ae36-0c1df3bcd831:c-1]
2019-08-28 13:05:30,197 | INFO  | SCMAudit | user=jenkins1000 | ip=192.168.69.80 | op=SEND_HEARTBEAT {datanodeUUID=616243d7-d102-41c9-b140-524e964f60c9, command=[]} | ret=SUCCESS |  
2019-08-28 13:05:30,385 | INFO  | SCMAudit | user=jenkins1000 | ip=192.168.69.80 | op=SEND_HEARTBEAT {datanodeUUID=32f88ad7-b496-4276-ae36-0c1df3bcd831, command=[]} | ret=SUCCESS |  
2019-08-28 13:05:30,541 | INFO  | SCMAudit | user=jenkins1000 | ip=192.168.69.80 | op=SEND_HEARTBEAT {datanodeUUID=59fb5bc9-2d90-422e-bf68-b67547f31f06, command=[]} | ret=SUCCESS |  
2019-08-28 13:05:30,578 | INFO  | SCMAudit | user=jenkins1000 | ip=192.168.69.80 | op=SEND_HEARTBEAT {datanodeUUID=905064f4-24d2-4290-aeb9-f7b810d5a354, command=[]} | ret=SUCCESS |  
2019-08-28 13:05:30,792 [Thread-3524] INFO  impl.FollowerState (FollowerState.java:run(106)) - 59fb5bc9-2d90-422e-bf68-b67547f31f06:group-44D7CE82A5D9 changes to CANDIDATE, lastRpcTime:5160, electionTimeout:5160ms
2019-08-28 13:05:30,792 [Thread-3524] INFO  impl.RoleInfo (RoleInfo.java:shutdownFollowerState(121)) - 59fb5bc9-2d90-422e-bf68-b67547f31f06: shutdown FollowerState
2019-08-28 13:05:30,792 [Thread-3524] INFO  impl.RaftServerImpl (RaftServerImpl.java:setRole(171)) - 59fb5bc9-2d90-422e-bf68-b67547f31f06:group-44D7CE82A5D9 changes role from FOLLOWER to CANDIDATE at term 0 for changeToCandidate
2019-08-28 13:05:30,792 [Thread-3524] INFO  impl.RoleInfo (RoleInfo.java:updateAndGet(143)) - 59fb5bc9-2d90-422e-bf68-b67547f31f06: start LeaderElection
2019-08-28 13:05:30,820 | INFO  | SCMAudit | user=jenkins1000 | ip=192.168.69.80 | op=SEND_HEARTBEAT {datanodeUUID=ce9c1f14-8030-466e-9ac8-42fad73b72bd, command=[]} | ret=SUCCESS |  
2019-08-28 13:05:30,834 [59fb5bc9-2d90-422e-bf68-b67547f31f06:group-44D7CE82A5D9:LeaderElection71] INFO  impl.LeaderElection (LeaderElection.java:askForVotes(181)) - 59fb5bc9-2d90-422e-bf68-b67547f31f06:group-44D7CE82A5D9:LeaderElection71: begin an election at term 1 for -1: [59fb5bc9-2d90-422e-bf68-b67547f31f06:192.168.69.80:43968], old=null
2019-08-28 13:05:30,835 [59fb5bc9-2d90-422e-bf68-b67547f31f06:group-44D7CE82A5D9:LeaderElection71] INFO  impl.RoleInfo (RoleInfo.java:shutdownLeaderElection(134)) - 59fb5bc9-2d90-422e-bf68-b67547f31f06: shutdown LeaderElection
2019-08-28 13:05:30,835 [59fb5bc9-2d90-422e-bf68-b67547f31f06:group-44D7CE82A5D9:LeaderElection71] INFO  impl.RaftServerImpl (RaftServerImpl.java:setRole(171)) - 59fb5bc9-2d90-422e-bf68-b67547f31f06:group-44D7CE82A5D9 changes role from CANDIDATE to LEADER at term 1 for changeToLeader
2019-08-28 13:05:30,835 [59fb5bc9-2d90-422e-bf68-b67547f31f06:group-44D7CE82A5D9:LeaderElection71] INFO  impl.RaftServerImpl (ServerState.java:setLeader(263)) - 59fb5bc9-2d90-422e-bf68-b67547f31f06:group-44D7CE82A5D9 change Leader from null to 59fb5bc9-2d90-422e-bf68-b67547f31f06 at term 1 for becomeLeader, leader elected after 5208ms
2019-08-28 13:05:30,835 [59fb5bc9-2d90-422e-bf68-b67547f31f06:group-44D7CE82A5D9:LeaderElection71] INFO  server.RaftServerConfigKeys (ConfUtils.java:logGet(43)) - raft.server.staging.catchup.gap = 1000 (default)
2019-08-28 13:05:30,835 [59fb5bc9-2d90-422e-bf68-b67547f31f06:group-44D7CE82A5D9:LeaderElection71] INFO  server.RaftServerConfigKeys (ConfUtils.java:logGet(43)) - raft.server.rpc.sleep.time = 25ms (default)
2019-08-28 13:05:30,836 [59fb5bc9-2d90-422e-bf68-b67547f31f06:group-44D7CE82A5D9:LeaderElection71] INFO  server.RaftServerConfigKeys (ConfUtils.java:logGet(43)) - raft.server.write.element-limit = 4096 (default)
2019-08-28 13:05:30,836 [59fb5bc9-2d90-422e-bf68-b67547f31f06:group-44D7CE82A5D9:LeaderElection71] INFO  server.RaftServerConfigKeys (ConfUtils.java:logGet(43)) - raft.server.watch.timeout = 10s (default)
2019-08-28 13:05:30,836 [59fb5bc9-2d90-422e-bf68-b67547f31f06:group-44D7CE82A5D9:LeaderElection71] INFO  server.RaftServerConfigKeys (ConfUtils.java:logGet(43)) - raft.server.watch.timeout.denomination = 1s (default)
2019-08-28 13:05:30,836 [59fb5bc9-2d90-422e-bf68-b67547f31f06:group-44D7CE82A5D9:LeaderElection71] INFO  server.RaftServerConfigKeys (ConfUtils.java:logGet(43)) - raft.server.watch.element-limit = 65536 (default)
2019-08-28 13:05:30,836 [59fb5bc9-2d90-422e-bf68-b67547f31f06:group-44D7CE82A5D9:LeaderElection71] INFO  impl.RoleInfo (RoleInfo.java:updateAndGet(143)) - 59fb5bc9-2d90-422e-bf68-b67547f31f06: start LeaderState
2019-08-28 13:05:30,837 [59fb5bc9-2d90-422e-bf68-b67547f31f06:group-44D7CE82A5D9:LeaderElection71] INFO  segmented.SegmentedRaftLogWorker (SegmentedRaftLogWorker.java:startLogSegment(380)) - 59fb5bc9-2d90-422e-bf68-b67547f31f06-SegmentedRaftLogWorker:Storage Directory /workdir/hadoop-ozone/integration-test/target/test-dir/MiniOzoneClusterImpl-b4ee2db5-7e6f-4740-8562-f15ac3dbe928/datanode-0/data/ratis/9cac31d3-ece6-4740-ab7b-44d7ce82a5d9: Starting segment from index:0
2019-08-28 13:05:30,838 [59fb5bc9-2d90-422e-bf68-b67547f31f06:group-44D7CE82A5D9:LeaderElection71] INFO  impl.RaftServerImpl (ServerState.java:setRaftConf(361)) - 59fb5bc9-2d90-422e-bf68-b67547f31f06:group-44D7CE82A5D9 set configuration 0: [59fb5bc9-2d90-422e-bf68-b67547f31f06:192.168.69.80:43968], old=null at 0
2019-08-28 13:05:30,894 [59fb5bc9-2d90-422e-bf68-b67547f31f06-SegmentedRaftLogWorker:Storage Directory /workdir/hadoop-ozone/integration-test/target/test-dir/MiniOzoneClusterImpl-b4ee2db5-7e6f-4740-8562-f15ac3dbe928/datanode-0/data/ratis/9cac31d3-ece6-4740-ab7b-44d7ce82a5d9] INFO  segmented.SegmentedRaftLogWorker (SegmentedRaftLogWorker.java:execute(569)) - 59fb5bc9-2d90-422e-bf68-b67547f31f06-SegmentedRaftLogWorker:Storage Directory /workdir/hadoop-ozone/integration-test/target/test-dir/MiniOzoneClusterImpl-b4ee2db5-7e6f-4740-8562-f15ac3dbe928/datanode-0/data/ratis/9cac31d3-ece6-4740-ab7b-44d7ce82a5d9: created new log segment /workdir/hadoop-ozone/integration-test/target/test-dir/MiniOzoneClusterImpl-b4ee2db5-7e6f-4740-8562-f15ac3dbe928/datanode-0/data/ratis/9cac31d3-ece6-4740-ab7b-44d7ce82a5d9/current/log_inprogress_0
2019-08-28 13:05:31,020 | INFO  | SCMAudit | user=jenkins1000 | ip=192.168.69.80 | op=SEND_HEARTBEAT {datanodeUUID=824628d9-e5f8-4fcc-92ac-3dee9636940c, command=[]} | ret=SUCCESS |  
2019-08-28 13:05:31,049 | INFO  | SCMAudit | user=jenkins1000 | ip=192.168.69.80 | op=SEND_HEARTBEAT {datanodeUUID=6473d7a6-d5fa-4090-bf30-ee1350d7f475, command=[]} | ret=SUCCESS |  
2019-08-28 13:05:31,173 [grpc-default-executor-0] INFO  client.GrpcClientProtocolClient (GrpcClientProtocolClient.java:onNext(255)) - client-DE8B1881BA14->ce9c1f14-8030-466e-9ac8-42fad73b72bd: receive RaftClientReply:client-DE8B1881BA14->ce9c1f14-8030-466e-9ac8-42fad73b72bd@group-39FDF2C5AA13, cid=182, FAILED org.apache.ratis.protocol.NotLeaderException: Server ce9c1f14-8030-466e-9ac8-42fad73b72bd is not the leader (null). Request must be sent to leader., logIndex=0, commits[ce9c1f14-8030-466e-9ac8-42fad73b72bd:c-1]
2019-08-28 13:05:31,197 | INFO  | SCMAudit | user=jenkins1000 | ip=192.168.69.80 | op=SEND_HEARTBEAT {datanodeUUID=616243d7-d102-41c9-b140-524e964f60c9, command=[]} | ret=SUCCESS |  
2019-08-28 13:05:31,230 [Thread-3527] INFO  impl.FollowerState (FollowerState.java:run(106)) - 824628d9-e5f8-4fcc-92ac-3dee9636940c:group-E5306F4A7E2A changes to CANDIDATE, lastRpcTime:5158, electionTimeout:5158ms
2019-08-28 13:05:31,230 [Thread-3527] INFO  impl.RoleInfo (RoleInfo.java:shutdownFollowerState(121)) - 824628d9-e5f8-4fcc-92ac-3dee9636940c: shutdown FollowerState
2019-08-28 13:05:31,230 [Thread-3527] INFO  impl.RaftServerImpl (RaftServerImpl.java:setRole(171)) - 824628d9-e5f8-4fcc-92ac-3dee9636940c:group-E5306F4A7E2A changes role from FOLLOWER to CANDIDATE at term 0 for changeToCandidate
2019-08-28 13:05:31,231 [Thread-3527] INFO  impl.RoleInfo (RoleInfo.java:updateAndGet(143)) - 824628d9-e5f8-4fcc-92ac-3dee9636940c: start LeaderElection
2019-08-28 13:05:31,253 [Thread-3530] INFO  impl.FollowerState (FollowerState.java:run(106)) - 616243d7-d102-41c9-b140-524e964f60c9:group-C71B8805176D changes to CANDIDATE, lastRpcTime:5007, electionTimeout:5007ms
2019-08-28 13:05:31,253 [Thread-3530] INFO  impl.RoleInfo (RoleInfo.java:shutdownFollowerState(121)) - 616243d7-d102-41c9-b140-524e964f60c9: shutdown FollowerState
2019-08-28 13:05:31,253 [Thread-3530] INFO  impl.RaftServerImpl (RaftServerImpl.java:setRole(171)) - 616243d7-d102-41c9-b140-524e964f60c9:group-C71B8805176D changes role from FOLLOWER to CANDIDATE at term 0 for changeToCandidate
2019-08-28 13:05:31,253 [Thread-3530] INFO  impl.RoleInfo (RoleInfo.java:updateAndGet(143)) - 616243d7-d102-41c9-b140-524e964f60c9: start LeaderElection
2019-08-28 13:05:31,262 [824628d9-e5f8-4fcc-92ac-3dee9636940c:group-E5306F4A7E2A:LeaderElection72] INFO  impl.LeaderElection (LeaderElection.java:askForVotes(181)) - 824628d9-e5f8-4fcc-92ac-3dee9636940c:group-E5306F4A7E2A:LeaderElection72: begin an election at term 1 for -1: [824628d9-e5f8-4fcc-92ac-3dee9636940c:192.168.69.80:38364], old=null
2019-08-28 13:05:31,262 [616243d7-d102-41c9-b140-524e964f60c9:group-C71B8805176D:LeaderElection73] INFO  impl.LeaderElection (LeaderElection.java:askForVotes(181)) - 616243d7-d102-41c9-b140-524e964f60c9:group-C71B8805176D:LeaderElection73: begin an election at term 1 for -1: [616243d7-d102-41c9-b140-524e964f60c9:192.168.69.80:42317], old=null
2019-08-28 13:05:31,262 [824628d9-e5f8-4fcc-92ac-3dee9636940c:group-E5306F4A7E2A:LeaderElection72] INFO  impl.RoleInfo (RoleInfo.java:shutdownLeaderElection(134)) - 824628d9-e5f8-4fcc-92ac-3dee9636940c: shutdown LeaderElection
2019-08-28 13:05:31,262 [616243d7-d102-41c9-b140-524e964f60c9:group-C71B8805176D:LeaderElection73] INFO  impl.RoleInfo (RoleInfo.java:shutdownLeaderElection(134)) - 616243d7-d102-41c9-b140-524e964f60c9: shutdown LeaderElection
2019-08-28 13:05:31,263 [824628d9-e5f8-4fcc-92ac-3dee9636940c:group-E5306F4A7E2A:LeaderElection72] INFO  impl.RaftServerImpl (RaftServerImpl.java:setRole(171)) - 824628d9-e5f8-4fcc-92ac-3dee9636940c:group-E5306F4A7E2A changes role from CANDIDATE to LEADER at term 1 for changeToLeader
2019-08-28 13:05:31,263 [616243d7-d102-41c9-b140-524e964f60c9:group-C71B8805176D:LeaderElection73] INFO  impl.RaftServerImpl (RaftServerImpl.java:setRole(171)) - 616243d7-d102-41c9-b140-524e964f60c9:group-C71B8805176D changes role from CANDIDATE to LEADER at term 1 for changeToLeader
2019-08-28 13:05:31,263 [824628d9-e5f8-4fcc-92ac-3dee9636940c:group-E5306F4A7E2A:LeaderElection72] INFO  impl.RaftServerImpl (ServerState.java:setLeader(263)) - 824628d9-e5f8-4fcc-92ac-3dee9636940c:group-E5306F4A7E2A change Leader from null to 824628d9-e5f8-4fcc-92ac-3dee9636940c at term 1 for becomeLeader, leader elected after 5195ms
2019-08-28 13:05:31,263 [616243d7-d102-41c9-b140-524e964f60c9:group-C71B8805176D:LeaderElection73] INFO  impl.RaftServerImpl (ServerState.java:setLeader(263)) - 616243d7-d102-41c9-b140-524e964f60c9:group-C71B8805176D change Leader from null to 616243d7-d102-41c9-b140-524e964f60c9 at term 1 for becomeLeader, leader elected after 5022ms
2019-08-28 13:05:31,263 [824628d9-e5f8-4fcc-92ac-3dee9636940c:group-E5306F4A7E2A:LeaderElection72] INFO  server.RaftServerConfigKeys (ConfUtils.java:logGet(43)) - raft.server.staging.catchup.gap = 1000 (default)
2019-08-28 13:05:31,263 [616243d7-d102-41c9-b140-524e964f60c9:group-C71B8805176D:LeaderElection73] INFO  server.RaftServerConfigKeys (ConfUtils.java:logGet(43)) - raft.server.staging.catchup.gap = 1000 (default)
2019-08-28 13:05:31,263 [824628d9-e5f8-4fcc-92ac-3dee9636940c:group-E5306F4A7E2A:LeaderElection72] INFO  server.RaftServerConfigKeys (ConfUtils.java:logGet(43)) - raft.server.rpc.sleep.time = 25ms (default)
2019-08-28 13:05:31,263 [616243d7-d102-41c9-b140-524e964f60c9:group-C71B8805176D:LeaderElection73] INFO  server.RaftServerConfigKeys (ConfUtils.java:logGet(43)) - raft.server.rpc.sleep.time = 25ms (default)
2019-08-28 13:05:31,264 [824628d9-e5f8-4fcc-92ac-3dee9636940c:group-E5306F4A7E2A:LeaderElection72] INFO  server.RaftServerConfigKeys (ConfUtils.java:logGet(43)) - raft.server.write.element-limit = 4096 (default)
2019-08-28 13:05:31,264 [616243d7-d102-41c9-b140-524e964f60c9:group-C71B8805176D:LeaderElection73] INFO  server.RaftServerConfigKeys (ConfUtils.java:logGet(43)) - raft.server.write.element-limit = 4096 (default)
2019-08-28 13:05:31,264 [824628d9-e5f8-4fcc-92ac-3dee9636940c:group-E5306F4A7E2A:LeaderElection72] INFO  server.RaftServerConfigKeys (ConfUtils.java:logGet(43)) - raft.server.watch.timeout = 10s (default)
2019-08-28 13:05:31,264 [616243d7-d102-41c9-b140-524e964f60c9:group-C71B8805176D:LeaderElection73] INFO  server.RaftServerConfigKeys (ConfUtils.java:logGet(43)) - raft.server.watch.timeout = 10s (default)
2019-08-28 13:05:31,264 [824628d9-e5f8-4fcc-92ac-3dee9636940c:group-E5306F4A7E2A:LeaderElection72] INFO  server.RaftServerConfigKeys (ConfUtils.java:logGet(43)) - raft.server.watch.timeout.denomination = 1s (default)
2019-08-28 13:05:31,264 [616243d7-d102-41c9-b140-524e964f60c9:group-C71B8805176D:LeaderElection73] INFO  server.RaftServerConfigKeys (ConfUtils.java:logGet(43)) - raft.server.watch.timeout.denomination = 1s (default)
2019-08-28 13:05:31,264 [824628d9-e5f8-4fcc-92ac-3dee9636940c:group-E5306F4A7E2A:LeaderElection72] INFO  server.RaftServerConfigKeys (ConfUtils.java:logGet(43)) - raft.server.watch.element-limit = 65536 (default)
2019-08-28 13:05:31,264 [616243d7-d102-41c9-b140-524e964f60c9:group-C71B8805176D:LeaderElection73] INFO  server.RaftServerConfigKeys (ConfUtils.java:logGet(43)) - raft.server.watch.element-limit = 65536 (default)
2019-08-28 13:05:31,265 [824628d9-e5f8-4fcc-92ac-3dee9636940c:group-E5306F4A7E2A:LeaderElection72] INFO  impl.RoleInfo (RoleInfo.java:updateAndGet(143)) - 824628d9-e5f8-4fcc-92ac-3dee9636940c: start LeaderState
2019-08-28 13:05:31,265 [616243d7-d102-41c9-b140-524e964f60c9:group-C71B8805176D:LeaderElection73] INFO  impl.RoleInfo (RoleInfo.java:updateAndGet(143)) - 616243d7-d102-41c9-b140-524e964f60c9: start LeaderState
2019-08-28 13:05:31,265 [824628d9-e5f8-4fcc-92ac-3dee9636940c:group-E5306F4A7E2A:LeaderElection72] INFO  segmented.SegmentedRaftLogWorker (SegmentedRaftLogWorker.java:startLogSegment(380)) - 824628d9-e5f8-4fcc-92ac-3dee9636940c-SegmentedRaftLogWorker:Storage Directory /workdir/hadoop-ozone/integration-test/target/test-dir/MiniOzoneClusterImpl-b4ee2db5-7e6f-4740-8562-f15ac3dbe928/datanode-1/data/ratis/7c73f1f9-c354-4ed2-b413-e5306f4a7e2a: Starting segment from index:0
2019-08-28 13:05:31,265 [616243d7-d102-41c9-b140-524e964f60c9:group-C71B8805176D:LeaderElection73] INFO  segmented.SegmentedRaftLogWorker (SegmentedRaftLogWorker.java:startLogSegment(380)) - 616243d7-d102-41c9-b140-524e964f60c9-SegmentedRaftLogWorker:Storage Directory /workdir/hadoop-ozone/integration-test/target/test-dir/MiniOzoneClusterImpl-b4ee2db5-7e6f-4740-8562-f15ac3dbe928/datanode-2/data/ratis/1e691dc2-0c06-44a4-8f9a-c71b8805176d: Starting segment from index:0
2019-08-28 13:05:31,266 [824628d9-e5f8-4fcc-92ac-3dee9636940c:group-E5306F4A7E2A:LeaderElection72] INFO  impl.RaftServerImpl (ServerState.java:setRaftConf(361)) - 824628d9-e5f8-4fcc-92ac-3dee9636940c:group-E5306F4A7E2A set configuration 0: [824628d9-e5f8-4fcc-92ac-3dee9636940c:192.168.69.80:38364], old=null at 0
2019-08-28 13:05:31,266 [616243d7-d102-41c9-b140-524e964f60c9:group-C71B8805176D:LeaderElection73] INFO  impl.RaftServerImpl (ServerState.java:setRaftConf(361)) - 616243d7-d102-41c9-b140-524e964f60c9:group-C71B8805176D set configuration 0: [616243d7-d102-41c9-b140-524e964f60c9:192.168.69.80:42317], old=null at 0
2019-08-28 13:05:31,322 [616243d7-d102-41c9-b140-524e964f60c9-SegmentedRaftLogWorker:Storage Directory /workdir/hadoop-ozone/integration-test/target/test-dir/MiniOzoneClusterImpl-b4ee2db5-7e6f-4740-8562-f15ac3dbe928/datanode-2/data/ratis/1e691dc2-0c06-44a4-8f9a-c71b8805176d] INFO  segmented.SegmentedRaftLogWorker (SegmentedRaftLogWorker.java:execute(569)) - 616243d7-d102-41c9-b140-524e964f60c9-SegmentedRaftLogWorker:Storage Directory /workdir/hadoop-ozone/integration-test/target/test-dir/MiniOzoneClusterImpl-b4ee2db5-7e6f-4740-8562-f15ac3dbe928/datanode-2/data/ratis/1e691dc2-0c06-44a4-8f9a-c71b8805176d: created new log segment /workdir/hadoop-ozone/integration-test/target/test-dir/MiniOzoneClusterImpl-b4ee2db5-7e6f-4740-8562-f15ac3dbe928/datanode-2/data/ratis/1e691dc2-0c06-44a4-8f9a-c71b8805176d/current/log_inprogress_0
2019-08-28 13:05:31,322 [824628d9-e5f8-4fcc-92ac-3dee9636940c-SegmentedRaftLogWorker:Storage Directory /workdir/hadoop-ozone/integration-test/target/test-dir/MiniOzoneClusterImpl-b4ee2db5-7e6f-4740-8562-f15ac3dbe928/datanode-1/data/ratis/7c73f1f9-c354-4ed2-b413-e5306f4a7e2a] INFO  segmented.SegmentedRaftLogWorker (SegmentedRaftLogWorker.java:execute(569)) - 824628d9-e5f8-4fcc-92ac-3dee9636940c-SegmentedRaftLogWorker:Storage Directory /workdir/hadoop-ozone/integration-test/target/test-dir/MiniOzoneClusterImpl-b4ee2db5-7e6f-4740-8562-f15ac3dbe928/datanode-1/data/ratis/7c73f1f9-c354-4ed2-b413-e5306f4a7e2a: created new log segment /workdir/hadoop-ozone/integration-test/target/test-dir/MiniOzoneClusterImpl-b4ee2db5-7e6f-4740-8562-f15ac3dbe928/datanode-1/data/ratis/7c73f1f9-c354-4ed2-b413-e5306f4a7e2a/current/log_inprogress_0
2019-08-28 13:05:31,337 [Thread-3538] INFO  impl.FollowerState (FollowerState.java:run(106)) - 824628d9-e5f8-4fcc-92ac-3dee9636940c:group-9005F0D065FA changes to CANDIDATE, lastRpcTime:5026, electionTimeout:5020ms
2019-08-28 13:05:31,337 [Thread-3538] INFO  impl.RoleInfo (RoleInfo.java:shutdownFollowerState(121)) - 824628d9-e5f8-4fcc-92ac-3dee9636940c: shutdown FollowerState
2019-08-28 13:05:31,337 [Thread-3538] INFO  impl.RaftServerImpl (RaftServerImpl.java:setRole(171)) - 824628d9-e5f8-4fcc-92ac-3dee9636940c:group-9005F0D065FA changes role from FOLLOWER to CANDIDATE at term 0 for changeToCandidate
2019-08-28 13:05:31,337 [Thread-3538] INFO  impl.RoleInfo (RoleInfo.java:updateAndGet(143)) - 824628d9-e5f8-4fcc-92ac-3dee9636940c: start LeaderElection
2019-08-28 13:05:31,354 [824628d9-e5f8-4fcc-92ac-3dee9636940c:group-9005F0D065FA:LeaderElection74] INFO  impl.LeaderElection (LeaderElection.java:askForVotes(181)) - 824628d9-e5f8-4fcc-92ac-3dee9636940c:group-9005F0D065FA:LeaderElection74: begin an election at term 1 for -1: [59fb5bc9-2d90-422e-bf68-b67547f31f06:192.168.69.80:43968, 616243d7-d102-41c9-b140-524e964f60c9:192.168.69.80:42317, 824628d9-e5f8-4fcc-92ac-3dee9636940c:192.168.69.80:38364], old=null
2019-08-28 13:05:31,362 [grpc-default-executor-0] INFO  impl.RaftServerImpl (RaftServerImpl.java:setRole(171)) - 59fb5bc9-2d90-422e-bf68-b67547f31f06:group-9005F0D065FA changes role from FOLLOWER to FOLLOWER at term 1 for recognizeCandidate:824628d9-e5f8-4fcc-92ac-3dee9636940c
2019-08-28 13:05:31,362 [grpc-default-executor-6] INFO  impl.RaftServerImpl (RaftServerImpl.java:setRole(171)) - 616243d7-d102-41c9-b140-524e964f60c9:group-9005F0D065FA changes role from FOLLOWER to FOLLOWER at term 1 for recognizeCandidate:824628d9-e5f8-4fcc-92ac-3dee9636940c
2019-08-28 13:05:31,362 [grpc-default-executor-0] INFO  impl.RoleInfo (RoleInfo.java:shutdownFollowerState(121)) - 59fb5bc9-2d90-422e-bf68-b67547f31f06: shutdown FollowerState
2019-08-28 13:05:31,362 [grpc-default-executor-6] INFO  impl.RoleInfo (RoleInfo.java:shutdownFollowerState(121)) - 616243d7-d102-41c9-b140-524e964f60c9: shutdown FollowerState
2019-08-28 13:05:31,363 [Thread-3533] INFO  impl.FollowerState (FollowerState.java:run(114)) - 59fb5bc9-2d90-422e-bf68-b67547f31f06: FollowerState was interrupted: java.lang.InterruptedException: sleep interrupted
2019-08-28 13:05:31,363 [grpc-default-executor-0] INFO  impl.RoleInfo (RoleInfo.java:updateAndGet(143)) - 59fb5bc9-2d90-422e-bf68-b67547f31f06: start FollowerState
2019-08-28 13:05:31,363 [Thread-3537] INFO  impl.FollowerState (FollowerState.java:run(114)) - 616243d7-d102-41c9-b140-524e964f60c9: FollowerState was interrupted: java.lang.InterruptedException: sleep interrupted
2019-08-28 13:05:31,363 [grpc-default-executor-6] INFO  impl.RoleInfo (RoleInfo.java:updateAndGet(143)) - 616243d7-d102-41c9-b140-524e964f60c9: start FollowerState
2019-08-28 13:05:31,387 [824628d9-e5f8-4fcc-92ac-3dee9636940c:group-9005F0D065FA:LeaderElection74] INFO  impl.LeaderElection (LeaderElection.java:logAndReturn(56)) - 824628d9-e5f8-4fcc-92ac-3dee9636940c:group-9005F0D065FA:LeaderElection74: Election PASSED; received 1 response(s) [824628d9-e5f8-4fcc-92ac-3dee9636940c<-616243d7-d102-41c9-b140-524e964f60c9#0:OK-t1] and 0 exception(s); 824628d9-e5f8-4fcc-92ac-3dee9636940c:t1, leader=null, voted=824628d9-e5f8-4fcc-92ac-3dee9636940c, raftlog=824628d9-e5f8-4fcc-92ac-3dee9636940c-SegmentedRaftLog:OPENED:c-1,f-1,i0, conf=-1: [59fb5bc9-2d90-422e-bf68-b67547f31f06:192.168.69.80:43968, 616243d7-d102-41c9-b140-524e964f60c9:192.168.69.80:42317, 824628d9-e5f8-4fcc-92ac-3dee9636940c:192.168.69.80:38364], old=null
2019-08-28 13:05:31,388 | INFO  | SCMAudit | user=jenkins1000 | ip=192.168.69.80 | op=SEND_HEARTBEAT {datanodeUUID=32f88ad7-b496-4276-ae36-0c1df3bcd831, command=[]} | ret=SUCCESS |  
2019-08-28 13:05:31,387 [824628d9-e5f8-4fcc-92ac-3dee9636940c:group-9005F0D065FA:LeaderElection74] INFO  impl.RoleInfo (RoleInfo.java:shutdownLeaderElection(134)) - 824628d9-e5f8-4fcc-92ac-3dee9636940c: shutdown LeaderElection
2019-08-28 13:05:31,388 [824628d9-e5f8-4fcc-92ac-3dee9636940c:group-9005F0D065FA:LeaderElection74] INFO  impl.RaftServerImpl (RaftServerImpl.java:setRole(171)) - 824628d9-e5f8-4fcc-92ac-3dee9636940c:group-9005F0D065FA changes role from CANDIDATE to LEADER at term 1 for changeToLeader
2019-08-28 13:05:31,388 [824628d9-e5f8-4fcc-92ac-3dee9636940c:group-9005F0D065FA:LeaderElection74] INFO  impl.RaftServerImpl (ServerState.java:setLeader(263)) - 824628d9-e5f8-4fcc-92ac-3dee9636940c:group-9005F0D065FA change Leader from null to 824628d9-e5f8-4fcc-92ac-3dee9636940c at term 1 for becomeLeader, leader elected after 5088ms
2019-08-28 13:05:31,388 [824628d9-e5f8-4fcc-92ac-3dee9636940c:group-9005F0D065FA:LeaderElection74] INFO  server.RaftServerConfigKeys (ConfUtils.java:logGet(43)) - raft.server.staging.catchup.gap = 1000 (default)
2019-08-28 13:05:31,388 [824628d9-e5f8-4fcc-92ac-3dee9636940c:group-9005F0D065FA:LeaderElection74] INFO  server.RaftServerConfigKeys (ConfUtils.java:logGet(43)) - raft.server.rpc.sleep.time = 25ms (default)
2019-08-28 13:05:31,389 [824628d9-e5f8-4fcc-92ac-3dee9636940c:group-9005F0D065FA:LeaderElection74] INFO  server.RaftServerConfigKeys (ConfUtils.java:logGet(43)) - raft.server.write.element-limit = 4096 (default)
2019-08-28 13:05:31,389 [824628d9-e5f8-4fcc-92ac-3dee9636940c:group-9005F0D065FA:LeaderElection74] INFO  server.RaftServerConfigKeys (ConfUtils.java:logGet(43)) - raft.server.watch.timeout = 10s (default)
2019-08-28 13:05:31,389 [824628d9-e5f8-4fcc-92ac-3dee9636940c:group-9005F0D065FA:LeaderElection74] INFO  server.RaftServerConfigKeys (ConfUtils.java:logGet(43)) - raft.server.watch.timeout.denomination = 1s (default)
2019-08-28 13:05:31,389 [824628d9-e5f8-4fcc-92ac-3dee9636940c:group-9005F0D065FA:LeaderElection74] INFO  server.RaftServerConfigKeys (ConfUtils.java:logGet(43)) - raft.server.watch.element-limit = 65536 (default)
2019-08-28 13:05:31,390 [824628d9-e5f8-4fcc-92ac-3dee9636940c:group-9005F0D065FA:LeaderElection74] INFO  server.RaftServerConfigKeys (ConfUtils.java:logGet(43)) - raft.server.log.appender.snapshot.chunk.size.max = 16MB (=16777216) (default)
2019-08-28 13:05:31,390 [824628d9-e5f8-4fcc-92ac-3dee9636940c:group-9005F0D065FA:LeaderElection74] INFO  server.RaftServerConfigKeys (ConfUtils.java:logGet(43)) - raft.server.log.appender.buffer.byte-limit = 33554432 (custom)
2019-08-28 13:05:31,390 [824628d9-e5f8-4fcc-92ac-3dee9636940c:group-9005F0D065FA:LeaderElection74] INFO  server.RaftServerConfigKeys (ConfUtils.java:logGet(43)) - raft.server.log.appender.buffer.element-limit = 1 (custom)
2019-08-28 13:05:31,391 [824628d9-e5f8-4fcc-92ac-3dee9636940c:group-9005F0D065FA:LeaderElection74] INFO  grpc.GrpcConfigKeys$Server (ConfUtils.java:logGet(43)) - raft.grpc.server.leader.outstanding.appends.max = 128 (default)
2019-08-28 13:05:31,391 [824628d9-e5f8-4fcc-92ac-3dee9636940c:group-9005F0D065FA:LeaderElection74] INFO  server.RaftServerConfigKeys (ConfUtils.java:logGet(43)) - raft.server.rpc.request.timeout = 3000ms (default)
2019-08-28 13:05:31,391 [824628d9-e5f8-4fcc-92ac-3dee9636940c:group-9005F0D065FA:LeaderElection74] INFO  server.RaftServerConfigKeys (ConfUtils.java:logGet(43)) - raft.server.log.appender.install.snapshot.enabled = false (custom)
2019-08-28 13:05:31,391 [824628d9-e5f8-4fcc-92ac-3dee9636940c:group-9005F0D065FA:LeaderElection74] INFO  server.RaftServerConfigKeys (ConfUtils.java:logGet(43)) - raft.server.log.appender.snapshot.chunk.size.max = 16MB (=16777216) (default)
2019-08-28 13:05:31,391 [824628d9-e5f8-4fcc-92ac-3dee9636940c:group-9005F0D065FA:LeaderElection74] INFO  server.RaftServerConfigKeys (ConfUtils.java:logGet(43)) - raft.server.log.appender.buffer.byte-limit = 33554432 (custom)
2019-08-28 13:05:31,392 [824628d9-e5f8-4fcc-92ac-3dee9636940c:group-9005F0D065FA:LeaderElection74] INFO  server.RaftServerConfigKeys (ConfUtils.java:logGet(43)) - raft.server.log.appender.buffer.element-limit = 1 (custom)
2019-08-28 13:05:31,392 [824628d9-e5f8-4fcc-92ac-3dee9636940c:group-9005F0D065FA:LeaderElection74] INFO  grpc.GrpcConfigKeys$Server (ConfUtils.java:logGet(43)) - raft.grpc.server.leader.outstanding.appends.max = 128 (default)
2019-08-28 13:05:31,392 [824628d9-e5f8-4fcc-92ac-3dee9636940c:group-9005F0D065FA:LeaderElection74] INFO  server.RaftServerConfigKeys (ConfUtils.java:logGet(43)) - raft.server.rpc.request.timeout = 3000ms (default)
2019-08-28 13:05:31,392 [824628d9-e5f8-4fcc-92ac-3dee9636940c:group-9005F0D065FA:LeaderElection74] INFO  server.RaftServerConfigKeys (ConfUtils.java:logGet(43)) - raft.server.log.appender.install.snapshot.enabled = false (custom)
2019-08-28 13:05:31,393 [824628d9-e5f8-4fcc-92ac-3dee9636940c:group-9005F0D065FA:LeaderElection74] INFO  impl.RoleInfo (RoleInfo.java:updateAndGet(143)) - 824628d9-e5f8-4fcc-92ac-3dee9636940c: start LeaderState
2019-08-28 13:05:31,393 [824628d9-e5f8-4fcc-92ac-3dee9636940c:group-9005F0D065FA:LeaderElection74] INFO  segmented.SegmentedRaftLogWorker (SegmentedRaftLogWorker.java:startLogSegment(380)) - 824628d9-e5f8-4fcc-92ac-3dee9636940c-SegmentedRaftLogWorker:Storage Directory /workdir/hadoop-ozone/integration-test/target/test-dir/MiniOzoneClusterImpl-b4ee2db5-7e6f-4740-8562-f15ac3dbe928/datanode-1/data/ratis/29ae7ed1-1c86-446d-9f35-9005f0d065fa: Starting segment from index:0
2019-08-28 13:05:31,394 [824628d9-e5f8-4fcc-92ac-3dee9636940c:group-9005F0D065FA:LeaderElection74] INFO  impl.RaftServerImpl (ServerState.java:setRaftConf(361)) - 824628d9-e5f8-4fcc-92ac-3dee9636940c:group-9005F0D065FA set configuration 0: [59fb5bc9-2d90-422e-bf68-b67547f31f06:192.168.69.80:43968, 616243d7-d102-41c9-b140-524e964f60c9:192.168.69.80:42317, 824628d9-e5f8-4fcc-92ac-3dee9636940c:192.168.69.80:38364], old=null at 0
2019-08-28 13:05:31,425 [grpc-default-executor-6] INFO  impl.RaftServerImpl (ServerState.java:setLeader(263)) - 59fb5bc9-2d90-422e-bf68-b67547f31f06:group-9005F0D065FA change Leader from null to 824628d9-e5f8-4fcc-92ac-3dee9636940c at term 1 for appendEntries, leader elected after 5126ms
2019-08-28 13:05:31,425 [grpc-default-executor-0] INFO  impl.RaftServerImpl (ServerState.java:setLeader(263)) - 616243d7-d102-41c9-b140-524e964f60c9:group-9005F0D065FA change Leader from null to 824628d9-e5f8-4fcc-92ac-3dee9636940c at term 1 for appendEntries, leader elected after 5126ms
2019-08-28 13:05:31,428 [grpc-default-executor-0] INFO  impl.RaftServerImpl (ServerState.java:setRaftConf(361)) - 59fb5bc9-2d90-422e-bf68-b67547f31f06:group-9005F0D065FA set configuration 0: [59fb5bc9-2d90-422e-bf68-b67547f31f06:192.168.69.80:43968, 616243d7-d102-41c9-b140-524e964f60c9:192.168.69.80:42317, 824628d9-e5f8-4fcc-92ac-3dee9636940c:192.168.69.80:38364], old=null at 0
2019-08-28 13:05:31,428 [grpc-default-executor-6] INFO  impl.RaftServerImpl (ServerState.java:setRaftConf(361)) - 616243d7-d102-41c9-b140-524e964f60c9:group-9005F0D065FA set configuration 0: [59fb5bc9-2d90-422e-bf68-b67547f31f06:192.168.69.80:43968, 616243d7-d102-41c9-b140-524e964f60c9:192.168.69.80:42317, 824628d9-e5f8-4fcc-92ac-3dee9636940c:192.168.69.80:38364], old=null at 0
2019-08-28 13:05:31,428 [grpc-default-executor-0] INFO  segmented.SegmentedRaftLogWorker (SegmentedRaftLogWorker.java:startLogSegment(380)) - 59fb5bc9-2d90-422e-bf68-b67547f31f06-SegmentedRaftLogWorker:Storage Directory /workdir/hadoop-ozone/integration-test/target/test-dir/MiniOzoneClusterImpl-b4ee2db5-7e6f-4740-8562-f15ac3dbe928/datanode-0/data/ratis/29ae7ed1-1c86-446d-9f35-9005f0d065fa: Starting segment from index:0
2019-08-28 13:05:31,428 [grpc-default-executor-6] INFO  segmented.SegmentedRaftLogWorker (SegmentedRaftLogWorker.java:startLogSegment(380)) - 616243d7-d102-41c9-b140-524e964f60c9-SegmentedRaftLogWorker:Storage Directory /workdir/hadoop-ozone/integration-test/target/test-dir/MiniOzoneClusterImpl-b4ee2db5-7e6f-4740-8562-f15ac3dbe928/datanode-2/data/ratis/29ae7ed1-1c86-446d-9f35-9005f0d065fa: Starting segment from index:0
2019-08-28 13:05:31,434 [824628d9-e5f8-4fcc-92ac-3dee9636940c-SegmentedRaftLogWorker:Storage Directory /workdir/hadoop-ozone/integration-test/target/test-dir/MiniOzoneClusterImpl-b4ee2db5-7e6f-4740-8562-f15ac3dbe928/datanode-1/data/ratis/29ae7ed1-1c86-446d-9f35-9005f0d065fa] INFO  segmented.SegmentedRaftLogWorker (SegmentedRaftLogWorker.java:execute(569)) - 824628d9-e5f8-4fcc-92ac-3dee9636940c-SegmentedRaftLogWorker:Storage Directory /workdir/hadoop-ozone/integration-test/target/test-dir/MiniOzoneClusterImpl-b4ee2db5-7e6f-4740-8562-f15ac3dbe928/datanode-1/data/ratis/29ae7ed1-1c86-446d-9f35-9005f0d065fa: created new log segment /workdir/hadoop-ozone/integration-test/target/test-dir/MiniOzoneClusterImpl-b4ee2db5-7e6f-4740-8562-f15ac3dbe928/datanode-1/data/ratis/29ae7ed1-1c86-446d-9f35-9005f0d065fa/current/log_inprogress_0
2019-08-28 13:05:31,467 [59fb5bc9-2d90-422e-bf68-b67547f31f06-SegmentedRaftLogWorker:Storage Directory /workdir/hadoop-ozone/integration-test/target/test-dir/MiniOzoneClusterImpl-b4ee2db5-7e6f-4740-8562-f15ac3dbe928/datanode-0/data/ratis/29ae7ed1-1c86-446d-9f35-9005f0d065fa] INFO  segmented.SegmentedRaftLogWorker (SegmentedRaftLogWorker.java:execute(569)) - 59fb5bc9-2d90-422e-bf68-b67547f31f06-SegmentedRaftLogWorker:Storage Directory /workdir/hadoop-ozone/integration-test/target/test-dir/MiniOzoneClusterImpl-b4ee2db5-7e6f-4740-8562-f15ac3dbe928/datanode-0/data/ratis/29ae7ed1-1c86-446d-9f35-9005f0d065fa: created new log segment /workdir/hadoop-ozone/integration-test/target/test-dir/MiniOzoneClusterImpl-b4ee2db5-7e6f-4740-8562-f15ac3dbe928/datanode-0/data/ratis/29ae7ed1-1c86-446d-9f35-9005f0d065fa/current/log_inprogress_0
2019-08-28 13:05:31,467 [616243d7-d102-41c9-b140-524e964f60c9-SegmentedRaftLogWorker:Storage Directory /workdir/hadoop-ozone/integration-test/target/test-dir/MiniOzoneClusterImpl-b4ee2db5-7e6f-4740-8562-f15ac3dbe928/datanode-2/data/ratis/29ae7ed1-1c86-446d-9f35-9005f0d065fa] INFO  segmented.SegmentedRaftLogWorker (SegmentedRaftLogWorker.java:execute(569)) - 616243d7-d102-41c9-b140-524e964f60c9-SegmentedRaftLogWorker:Storage Directory /workdir/hadoop-ozone/integration-test/target/test-dir/MiniOzoneClusterImpl-b4ee2db5-7e6f-4740-8562-f15ac3dbe928/datanode-2/data/ratis/29ae7ed1-1c86-446d-9f35-9005f0d065fa: created new log segment /workdir/hadoop-ozone/integration-test/target/test-dir/MiniOzoneClusterImpl-b4ee2db5-7e6f-4740-8562-f15ac3dbe928/datanode-2/data/ratis/29ae7ed1-1c86-446d-9f35-9005f0d065fa/current/log_inprogress_0
2019-08-28 13:05:31,541 | INFO  | SCMAudit | user=jenkins1000 | ip=192.168.69.80 | op=SEND_HEARTBEAT {datanodeUUID=59fb5bc9-2d90-422e-bf68-b67547f31f06, command=[]} | ret=SUCCESS |  
2019-08-28 13:05:31,578 | INFO  | SCMAudit | user=jenkins1000 | ip=192.168.69.80 | op=SEND_HEARTBEAT {datanodeUUID=905064f4-24d2-4290-aeb9-f7b810d5a354, command=[]} | ret=SUCCESS |  
2019-08-28 13:05:31,603 [Thread-3542] INFO  impl.FollowerState (FollowerState.java:run(106)) - 32f88ad7-b496-4276-ae36-0c1df3bcd831:group-20D3D094F949 changes to CANDIDATE, lastRpcTime:5174, electionTimeout:5174ms
2019-08-28 13:05:31,603 [Thread-3542] INFO  impl.RoleInfo (RoleInfo.java:shutdownFollowerState(121)) - 32f88ad7-b496-4276-ae36-0c1df3bcd831: shutdown FollowerState
2019-08-28 13:05:31,603 [Thread-3542] INFO  impl.RaftServerImpl (RaftServerImpl.java:setRole(171)) - 32f88ad7-b496-4276-ae36-0c1df3bcd831:group-20D3D094F949 changes role from FOLLOWER to CANDIDATE at term 0 for changeToCandidate
2019-08-28 13:05:31,603 [Thread-3542] INFO  impl.RoleInfo (RoleInfo.java:updateAndGet(143)) - 32f88ad7-b496-4276-ae36-0c1df3bcd831: start LeaderElection
2019-08-28 13:05:31,626 [32f88ad7-b496-4276-ae36-0c1df3bcd831:group-20D3D094F949:LeaderElection75] INFO  impl.LeaderElection (LeaderElection.java:askForVotes(181)) - 32f88ad7-b496-4276-ae36-0c1df3bcd831:group-20D3D094F949:LeaderElection75: begin an election at term 1 for -1: [32f88ad7-b496-4276-ae36-0c1df3bcd831:192.168.69.80:34128], old=null
2019-08-28 13:05:31,626 [32f88ad7-b496-4276-ae36-0c1df3bcd831:group-20D3D094F949:LeaderElection75] INFO  impl.RoleInfo (RoleInfo.java:shutdownLeaderElection(134)) - 32f88ad7-b496-4276-ae36-0c1df3bcd831: shutdown LeaderElection
2019-08-28 13:05:31,626 [32f88ad7-b496-4276-ae36-0c1df3bcd831:group-20D3D094F949:LeaderElection75] INFO  impl.RaftServerImpl (RaftServerImpl.java:setRole(171)) - 32f88ad7-b496-4276-ae36-0c1df3bcd831:group-20D3D094F949 changes role from CANDIDATE to LEADER at term 1 for changeToLeader
2019-08-28 13:05:31,626 [32f88ad7-b496-4276-ae36-0c1df3bcd831:group-20D3D094F949:LeaderElection75] INFO  impl.RaftServerImpl (ServerState.java:setLeader(263)) - 32f88ad7-b496-4276-ae36-0c1df3bcd831:group-20D3D094F949 change Leader from null to 32f88ad7-b496-4276-ae36-0c1df3bcd831 at term 1 for becomeLeader, leader elected after 5200ms
2019-08-28 13:05:31,626 [32f88ad7-b496-4276-ae36-0c1df3bcd831:group-20D3D094F949:LeaderElection75] INFO  server.RaftServerConfigKeys (ConfUtils.java:logGet(43)) - raft.server.staging.catchup.gap = 1000 (default)
2019-08-28 13:05:31,626 [32f88ad7-b496-4276-ae36-0c1df3bcd831:group-20D3D094F949:LeaderElection75] INFO  server.RaftServerConfigKeys (ConfUtils.java:logGet(43)) - raft.server.rpc.sleep.time = 25ms (default)
2019-08-28 13:05:31,626 [32f88ad7-b496-4276-ae36-0c1df3bcd831:group-20D3D094F949:LeaderElection75] INFO  server.RaftServerConfigKeys (ConfUtils.java:logGet(43)) - raft.server.write.element-limit = 4096 (default)
2019-08-28 13:05:31,626 [32f88ad7-b496-4276-ae36-0c1df3bcd831:group-20D3D094F949:LeaderElection75] INFO  server.RaftServerConfigKeys (ConfUtils.java:logGet(43)) - raft.server.watch.timeout = 10s (default)
2019-08-28 13:05:31,627 [32f88ad7-b496-4276-ae36-0c1df3bcd831:group-20D3D094F949:LeaderElection75] INFO  server.RaftServerConfigKeys (ConfUtils.java:logGet(43)) - raft.server.watch.timeout.denomination = 1s (default)
2019-08-28 13:05:31,627 [32f88ad7-b496-4276-ae36-0c1df3bcd831:group-20D3D094F949:LeaderElection75] INFO  server.RaftServerConfigKeys (ConfUtils.java:logGet(43)) - raft.server.watch.element-limit = 65536 (default)
2019-08-28 13:05:31,627 [32f88ad7-b496-4276-ae36-0c1df3bcd831:group-20D3D094F949:LeaderElection75] INFO  impl.RoleInfo (RoleInfo.java:updateAndGet(143)) - 32f88ad7-b496-4276-ae36-0c1df3bcd831: start LeaderState
2019-08-28 13:05:31,627 [32f88ad7-b496-4276-ae36-0c1df3bcd831:group-20D3D094F949:LeaderElection75] INFO  segmented.SegmentedRaftLogWorker (SegmentedRaftLogWorker.java:startLogSegment(380)) - 32f88ad7-b496-4276-ae36-0c1df3bcd831-SegmentedRaftLogWorker:Storage Directory /workdir/hadoop-ozone/integration-test/target/test-dir/MiniOzoneClusterImpl-b4ee2db5-7e6f-4740-8562-f15ac3dbe928/datanode-3/data/ratis/c321b955-3e0b-4553-81d7-20d3d094f949: Starting segment from index:0
2019-08-28 13:05:31,627 [32f88ad7-b496-4276-ae36-0c1df3bcd831:group-20D3D094F949:LeaderElection75] INFO  impl.RaftServerImpl (ServerState.java:setRaftConf(361)) - 32f88ad7-b496-4276-ae36-0c1df3bcd831:group-20D3D094F949 set configuration 0: [32f88ad7-b496-4276-ae36-0c1df3bcd831:192.168.69.80:34128], old=null at 0
2019-08-28 13:05:31,677 [32f88ad7-b496-4276-ae36-0c1df3bcd831-SegmentedRaftLogWorker:Storage Directory /workdir/hadoop-ozone/integration-test/target/test-dir/MiniOzoneClusterImpl-b4ee2db5-7e6f-4740-8562-f15ac3dbe928/datanode-3/data/ratis/c321b955-3e0b-4553-81d7-20d3d094f949] INFO  segmented.SegmentedRaftLogWorker (SegmentedRaftLogWorker.java:execute(569)) - 32f88ad7-b496-4276-ae36-0c1df3bcd831-SegmentedRaftLogWorker:Storage Directory /workdir/hadoop-ozone/integration-test/target/test-dir/MiniOzoneClusterImpl-b4ee2db5-7e6f-4740-8562-f15ac3dbe928/datanode-3/data/ratis/c321b955-3e0b-4553-81d7-20d3d094f949: created new log segment /workdir/hadoop-ozone/integration-test/target/test-dir/MiniOzoneClusterImpl-b4ee2db5-7e6f-4740-8562-f15ac3dbe928/datanode-3/data/ratis/c321b955-3e0b-4553-81d7-20d3d094f949/current/log_inprogress_0
2019-08-28 13:05:31,680 [Thread-3545] INFO  impl.FollowerState (FollowerState.java:run(106)) - 905064f4-24d2-4290-aeb9-f7b810d5a354:group-39B499B195F0 changes to CANDIDATE, lastRpcTime:5034, electionTimeout:5034ms
2019-08-28 13:05:31,680 [Thread-3545] INFO  impl.RoleInfo (RoleInfo.java:shutdownFollowerState(121)) - 905064f4-24d2-4290-aeb9-f7b810d5a354: shutdown FollowerState
2019-08-28 13:05:31,681 [Thread-3545] INFO  impl.RaftServerImpl (RaftServerImpl.java:setRole(171)) - 905064f4-24d2-4290-aeb9-f7b810d5a354:group-39B499B195F0 changes role from FOLLOWER to CANDIDATE at term 0 for changeToCandidate
2019-08-28 13:05:31,681 [Thread-3545] INFO  impl.RoleInfo (RoleInfo.java:updateAndGet(143)) - 905064f4-24d2-4290-aeb9-f7b810d5a354: start LeaderElection
2019-08-28 13:05:31,698 [905064f4-24d2-4290-aeb9-f7b810d5a354:group-39B499B195F0:LeaderElection76] INFO  impl.LeaderElection (LeaderElection.java:askForVotes(181)) - 905064f4-24d2-4290-aeb9-f7b810d5a354:group-39B499B195F0:LeaderElection76: begin an election at term 1 for -1: [905064f4-24d2-4290-aeb9-f7b810d5a354:192.168.69.80:45248], old=null
2019-08-28 13:05:31,698 [905064f4-24d2-4290-aeb9-f7b810d5a354:group-39B499B195F0:LeaderElection76] INFO  impl.RoleInfo (RoleInfo.java:shutdownLeaderElection(134)) - 905064f4-24d2-4290-aeb9-f7b810d5a354: shutdown LeaderElection
2019-08-28 13:05:31,699 [905064f4-24d2-4290-aeb9-f7b810d5a354:group-39B499B195F0:LeaderElection76] INFO  impl.RaftServerImpl (RaftServerImpl.java:setRole(171)) - 905064f4-24d2-4290-aeb9-f7b810d5a354:group-39B499B195F0 changes role from CANDIDATE to LEADER at term 1 for changeToLeader
2019-08-28 13:05:31,699 [905064f4-24d2-4290-aeb9-f7b810d5a354:group-39B499B195F0:LeaderElection76] INFO  impl.RaftServerImpl (ServerState.java:setLeader(263)) - 905064f4-24d2-4290-aeb9-f7b810d5a354:group-39B499B195F0 change Leader from null to 905064f4-24d2-4290-aeb9-f7b810d5a354 at term 1 for becomeLeader, leader elected after 5057ms
2019-08-28 13:05:31,699 [905064f4-24d2-4290-aeb9-f7b810d5a354:group-39B499B195F0:LeaderElection76] INFO  server.RaftServerConfigKeys (ConfUtils.java:logGet(43)) - raft.server.staging.catchup.gap = 1000 (default)
2019-08-28 13:05:31,699 [905064f4-24d2-4290-aeb9-f7b810d5a354:group-39B499B195F0:LeaderElection76] INFO  server.RaftServerConfigKeys (ConfUtils.java:logGet(43)) - raft.server.rpc.sleep.time = 25ms (default)
2019-08-28 13:05:31,699 [905064f4-24d2-4290-aeb9-f7b810d5a354:group-39B499B195F0:LeaderElection76] INFO  server.RaftServerConfigKeys (ConfUtils.java:logGet(43)) - raft.server.write.element-limit = 4096 (default)
2019-08-28 13:05:31,699 [905064f4-24d2-4290-aeb9-f7b810d5a354:group-39B499B195F0:LeaderElection76] INFO  server.RaftServerConfigKeys (ConfUtils.java:logGet(43)) - raft.server.watch.timeout = 10s (default)
2019-08-28 13:05:31,699 [905064f4-24d2-4290-aeb9-f7b810d5a354:group-39B499B195F0:LeaderElection76] INFO  server.RaftServerConfigKeys (ConfUtils.java:logGet(43)) - raft.server.watch.timeout.denomination = 1s (default)
2019-08-28 13:05:31,699 [905064f4-24d2-4290-aeb9-f7b810d5a354:group-39B499B195F0:LeaderElection76] INFO  server.RaftServerConfigKeys (ConfUtils.java:logGet(43)) - raft.server.watch.element-limit = 65536 (default)
2019-08-28 13:05:31,700 [905064f4-24d2-4290-aeb9-f7b810d5a354:group-39B499B195F0:LeaderElection76] INFO  impl.RoleInfo (RoleInfo.java:updateAndGet(143)) - 905064f4-24d2-4290-aeb9-f7b810d5a354: start LeaderState
2019-08-28 13:05:31,700 [905064f4-24d2-4290-aeb9-f7b810d5a354:group-39B499B195F0:LeaderElection76] INFO  segmented.SegmentedRaftLogWorker (SegmentedRaftLogWorker.java:startLogSegment(380)) - 905064f4-24d2-4290-aeb9-f7b810d5a354-SegmentedRaftLogWorker:Storage Directory /workdir/hadoop-ozone/integration-test/target/test-dir/MiniOzoneClusterImpl-b4ee2db5-7e6f-4740-8562-f15ac3dbe928/datanode-4/data/ratis/de251482-6352-4180-8c60-39b499b195f0: Starting segment from index:0
2019-08-28 13:05:31,700 [905064f4-24d2-4290-aeb9-f7b810d5a354:group-39B499B195F0:LeaderElection76] INFO  impl.RaftServerImpl (ServerState.java:setRaftConf(361)) - 905064f4-24d2-4290-aeb9-f7b810d5a354:group-39B499B195F0 set configuration 0: [905064f4-24d2-4290-aeb9-f7b810d5a354:192.168.69.80:45248], old=null at 0
2019-08-28 13:05:31,749 [905064f4-24d2-4290-aeb9-f7b810d5a354-SegmentedRaftLogWorker:Storage Directory /workdir/hadoop-ozone/integration-test/target/test-dir/MiniOzoneClusterImpl-b4ee2db5-7e6f-4740-8562-f15ac3dbe928/datanode-4/data/ratis/de251482-6352-4180-8c60-39b499b195f0] INFO  segmented.SegmentedRaftLogWorker (SegmentedRaftLogWorker.java:execute(569)) - 905064f4-24d2-4290-aeb9-f7b810d5a354-SegmentedRaftLogWorker:Storage Directory /workdir/hadoop-ozone/integration-test/target/test-dir/MiniOzoneClusterImpl-b4ee2db5-7e6f-4740-8562-f15ac3dbe928/datanode-4/data/ratis/de251482-6352-4180-8c60-39b499b195f0: created new log segment /workdir/hadoop-ozone/integration-test/target/test-dir/MiniOzoneClusterImpl-b4ee2db5-7e6f-4740-8562-f15ac3dbe928/datanode-4/data/ratis/de251482-6352-4180-8c60-39b499b195f0/current/log_inprogress_0
2019-08-28 13:05:31,820 | INFO  | SCMAudit | user=jenkins1000 | ip=192.168.69.80 | op=SEND_HEARTBEAT {datanodeUUID=ce9c1f14-8030-466e-9ac8-42fad73b72bd, command=[]} | ret=SUCCESS |  
2019-08-28 13:05:31,933 [Thread-3548] INFO  impl.FollowerState (FollowerState.java:run(106)) - ce9c1f14-8030-466e-9ac8-42fad73b72bd:group-167BC65480D0 changes to CANDIDATE, lastRpcTime:5067, electionTimeout:5067ms
2019-08-28 13:05:31,933 [Thread-3548] INFO  impl.RoleInfo (RoleInfo.java:shutdownFollowerState(121)) - ce9c1f14-8030-466e-9ac8-42fad73b72bd: shutdown FollowerState
2019-08-28 13:05:31,933 [Thread-3548] INFO  impl.RaftServerImpl (RaftServerImpl.java:setRole(171)) - ce9c1f14-8030-466e-9ac8-42fad73b72bd:group-167BC65480D0 changes role from FOLLOWER to CANDIDATE at term 0 for changeToCandidate
2019-08-28 13:05:31,934 [Thread-3548] INFO  impl.RoleInfo (RoleInfo.java:updateAndGet(143)) - ce9c1f14-8030-466e-9ac8-42fad73b72bd: start LeaderElection
2019-08-28 13:05:31,948 [ce9c1f14-8030-466e-9ac8-42fad73b72bd:group-167BC65480D0:LeaderElection77] INFO  impl.LeaderElection (LeaderElection.java:askForVotes(181)) - ce9c1f14-8030-466e-9ac8-42fad73b72bd:group-167BC65480D0:LeaderElection77: begin an election at term 1 for -1: [ce9c1f14-8030-466e-9ac8-42fad73b72bd:192.168.69.80:38237], old=null
2019-08-28 13:05:31,949 [ce9c1f14-8030-466e-9ac8-42fad73b72bd:group-167BC65480D0:LeaderElection77] INFO  impl.RoleInfo (RoleInfo.java:shutdownLeaderElection(134)) - ce9c1f14-8030-466e-9ac8-42fad73b72bd: shutdown LeaderElection
2019-08-28 13:05:31,949 [ce9c1f14-8030-466e-9ac8-42fad73b72bd:group-167BC65480D0:LeaderElection77] INFO  impl.RaftServerImpl (RaftServerImpl.java:setRole(171)) - ce9c1f14-8030-466e-9ac8-42fad73b72bd:group-167BC65480D0 changes role from CANDIDATE to LEADER at term 1 for changeToLeader
2019-08-28 13:05:31,949 [ce9c1f14-8030-466e-9ac8-42fad73b72bd:group-167BC65480D0:LeaderElection77] INFO  impl.RaftServerImpl (ServerState.java:setLeader(263)) - ce9c1f14-8030-466e-9ac8-42fad73b72bd:group-167BC65480D0 change Leader from null to ce9c1f14-8030-466e-9ac8-42fad73b72bd at term 1 for becomeLeader, leader elected after 5088ms
2019-08-28 13:05:31,949 [ce9c1f14-8030-466e-9ac8-42fad73b72bd:group-167BC65480D0:LeaderElection77] INFO  server.RaftServerConfigKeys (ConfUtils.java:logGet(43)) - raft.server.staging.catchup.gap = 1000 (default)
2019-08-28 13:05:31,949 [ce9c1f14-8030-466e-9ac8-42fad73b72bd:group-167BC65480D0:LeaderElection77] INFO  server.RaftServerConfigKeys (ConfUtils.java:logGet(43)) - raft.server.rpc.sleep.time = 25ms (default)
2019-08-28 13:05:31,950 [ce9c1f14-8030-466e-9ac8-42fad73b72bd:group-167BC65480D0:LeaderElection77] INFO  server.RaftServerConfigKeys (ConfUtils.java:logGet(43)) - raft.server.write.element-limit = 4096 (default)
2019-08-28 13:05:31,950 [ce9c1f14-8030-466e-9ac8-42fad73b72bd:group-167BC65480D0:LeaderElection77] INFO  server.RaftServerConfigKeys (ConfUtils.java:logGet(43)) - raft.server.watch.timeout = 10s (default)
2019-08-28 13:05:31,950 [ce9c1f14-8030-466e-9ac8-42fad73b72bd:group-167BC65480D0:LeaderElection77] INFO  server.RaftServerConfigKeys (ConfUtils.java:logGet(43)) - raft.server.watch.timeout.denomination = 1s (default)
2019-08-28 13:05:31,950 [ce9c1f14-8030-466e-9ac8-42fad73b72bd:group-167BC65480D0:LeaderElection77] INFO  server.RaftServerConfigKeys (ConfUtils.java:logGet(43)) - raft.server.watch.element-limit = 65536 (default)
2019-08-28 13:05:31,950 [ce9c1f14-8030-466e-9ac8-42fad73b72bd:group-167BC65480D0:LeaderElection77] INFO  impl.RoleInfo (RoleInfo.java:updateAndGet(143)) - ce9c1f14-8030-466e-9ac8-42fad73b72bd: start LeaderState
2019-08-28 13:05:31,951 [ce9c1f14-8030-466e-9ac8-42fad73b72bd:group-167BC65480D0:LeaderElection77] INFO  segmented.SegmentedRaftLogWorker (SegmentedRaftLogWorker.java:startLogSegment(380)) - ce9c1f14-8030-466e-9ac8-42fad73b72bd-SegmentedRaftLogWorker:Storage Directory /workdir/hadoop-ozone/integration-test/target/test-dir/MiniOzoneClusterImpl-b4ee2db5-7e6f-4740-8562-f15ac3dbe928/datanode-5/data/ratis/64064f59-a155-4a3b-a4b0-167bc65480d0: Starting segment from index:0
2019-08-28 13:05:31,951 [ce9c1f14-8030-466e-9ac8-42fad73b72bd:group-167BC65480D0:LeaderElection77] INFO  impl.RaftServerImpl (ServerState.java:setRaftConf(361)) - ce9c1f14-8030-466e-9ac8-42fad73b72bd:group-167BC65480D0 set configuration 0: [ce9c1f14-8030-466e-9ac8-42fad73b72bd:192.168.69.80:38237], old=null at 0
2019-08-28 13:05:31,989 [Thread-3554] INFO  impl.FollowerState (FollowerState.java:run(106)) - 32f88ad7-b496-4276-ae36-0c1df3bcd831:group-39FDF2C5AA13 changes to CANDIDATE, lastRpcTime:5057, electionTimeout:5020ms
2019-08-28 13:05:31,989 [Thread-3554] INFO  impl.RoleInfo (RoleInfo.java:shutdownFollowerState(121)) - 32f88ad7-b496-4276-ae36-0c1df3bcd831: shutdown FollowerState
2019-08-28 13:05:31,989 [Thread-3554] INFO  impl.RaftServerImpl (RaftServerImpl.java:setRole(171)) - 32f88ad7-b496-4276-ae36-0c1df3bcd831:group-39FDF2C5AA13 changes role from FOLLOWER to CANDIDATE at term 0 for changeToCandidate
2019-08-28 13:05:31,989 [Thread-3554] INFO  impl.RoleInfo (RoleInfo.java:updateAndGet(143)) - 32f88ad7-b496-4276-ae36-0c1df3bcd831: start LeaderElection
2019-08-28 13:05:32,007 [ce9c1f14-8030-466e-9ac8-42fad73b72bd-SegmentedRaftLogWorker:Storage Directory /workdir/hadoop-ozone/integration-test/target/test-dir/MiniOzoneClusterImpl-b4ee2db5-7e6f-4740-8562-f15ac3dbe928/datanode-5/data/ratis/64064f59-a155-4a3b-a4b0-167bc65480d0] INFO  segmented.SegmentedRaftLogWorker (SegmentedRaftLogWorker.java:execute(569)) - ce9c1f14-8030-466e-9ac8-42fad73b72bd-SegmentedRaftLogWorker:Storage Directory /workdir/hadoop-ozone/integration-test/target/test-dir/MiniOzoneClusterImpl-b4ee2db5-7e6f-4740-8562-f15ac3dbe928/datanode-5/data/ratis/64064f59-a155-4a3b-a4b0-167bc65480d0: created new log segment /workdir/hadoop-ozone/integration-test/target/test-dir/MiniOzoneClusterImpl-b4ee2db5-7e6f-4740-8562-f15ac3dbe928/datanode-5/data/ratis/64064f59-a155-4a3b-a4b0-167bc65480d0/current/log_inprogress_0
2019-08-28 13:05:32,008 [32f88ad7-b496-4276-ae36-0c1df3bcd831:group-39FDF2C5AA13:LeaderElection78] INFO  impl.LeaderElection (LeaderElection.java:askForVotes(181)) - 32f88ad7-b496-4276-ae36-0c1df3bcd831:group-39FDF2C5AA13:LeaderElection78: begin an election at term 1 for -1: [905064f4-24d2-4290-aeb9-f7b810d5a354:192.168.69.80:45248, 32f88ad7-b496-4276-ae36-0c1df3bcd831:192.168.69.80:34128, ce9c1f14-8030-466e-9ac8-42fad73b72bd:192.168.69.80:38237], old=null
2019-08-28 13:05:32,020 [Thread-3551] INFO  impl.FollowerState (FollowerState.java:run(106)) - 905064f4-24d2-4290-aeb9-f7b810d5a354:group-39FDF2C5AA13 changes to CANDIDATE, lastRpcTime:5093, electionTimeout:5091ms
2019-08-28 13:05:32,020 [grpc-default-executor-0] INFO  impl.RaftServerImpl (RaftServerImpl.java:setRole(171)) - ce9c1f14-8030-466e-9ac8-42fad73b72bd:group-39FDF2C5AA13 changes role from FOLLOWER to FOLLOWER at term 1 for recognizeCandidate:32f88ad7-b496-4276-ae36-0c1df3bcd831
2019-08-28 13:05:32,022 [Thread-3551] INFO  impl.RoleInfo (RoleInfo.java:shutdownFollowerState(121)) - 905064f4-24d2-4290-aeb9-f7b810d5a354: shutdown FollowerState
2019-08-28 13:05:32,023 | INFO  | SCMAudit | user=jenkins1000 | ip=192.168.69.80 | op=SEND_HEARTBEAT {datanodeUUID=824628d9-e5f8-4fcc-92ac-3dee9636940c, command=[]} | ret=SUCCESS |  
2019-08-28 13:05:32,022 [grpc-default-executor-0] INFO  impl.RoleInfo (RoleInfo.java:shutdownFollowerState(121)) - ce9c1f14-8030-466e-9ac8-42fad73b72bd: shutdown FollowerState
2019-08-28 13:05:32,023 [Thread-3551] INFO  impl.RaftServerImpl (RaftServerImpl.java:setRole(171)) - 905064f4-24d2-4290-aeb9-f7b810d5a354:group-39FDF2C5AA13 changes role from FOLLOWER to CANDIDATE at term 0 for changeToCandidate
2019-08-28 13:05:32,023 [grpc-default-executor-0] INFO  impl.RoleInfo (RoleInfo.java:updateAndGet(143)) - ce9c1f14-8030-466e-9ac8-42fad73b72bd: start FollowerState
2019-08-28 13:05:32,023 [Thread-3557] INFO  impl.FollowerState (FollowerState.java:run(114)) - ce9c1f14-8030-466e-9ac8-42fad73b72bd: FollowerState was interrupted: java.lang.InterruptedException: sleep interrupted
2019-08-28 13:05:32,023 [Thread-3551] INFO  impl.RoleInfo (RoleInfo.java:updateAndGet(143)) - 905064f4-24d2-4290-aeb9-f7b810d5a354: start LeaderElection
2019-08-28 13:05:32,027 [grpc-default-executor-6] INFO  impl.RaftServerImpl (RaftServerImpl.java:setRole(171)) - 905064f4-24d2-4290-aeb9-f7b810d5a354:group-39FDF2C5AA13 changes role from CANDIDATE to FOLLOWER at term 1 for recognizeCandidate:32f88ad7-b496-4276-ae36-0c1df3bcd831
2019-08-28 13:05:32,028 [grpc-default-executor-6] INFO  impl.RoleInfo (RoleInfo.java:shutdownLeaderElection(134)) - 905064f4-24d2-4290-aeb9-f7b810d5a354: shutdown LeaderElection
2019-08-28 13:05:32,028 [grpc-default-executor-6] INFO  impl.RoleInfo (RoleInfo.java:updateAndGet(143)) - 905064f4-24d2-4290-aeb9-f7b810d5a354: start FollowerState
2019-08-28 13:05:32,049 | INFO  | SCMAudit | user=jenkins1000 | ip=192.168.69.80 | op=SEND_HEARTBEAT {datanodeUUID=6473d7a6-d5fa-4090-bf30-ee1350d7f475, command=[]} | ret=SUCCESS |  
2019-08-28 13:05:32,049 [32f88ad7-b496-4276-ae36-0c1df3bcd831:group-39FDF2C5AA13:LeaderElection78] INFO  impl.LeaderElection (LeaderElection.java:logAndReturn(56)) - 32f88ad7-b496-4276-ae36-0c1df3bcd831:group-39FDF2C5AA13:LeaderElection78: Election PASSED; received 2 response(s) [32f88ad7-b496-4276-ae36-0c1df3bcd831<-905064f4-24d2-4290-aeb9-f7b810d5a354#0:FAIL-t1, 32f88ad7-b496-4276-ae36-0c1df3bcd831<-ce9c1f14-8030-466e-9ac8-42fad73b72bd#0:OK-t1] and 0 exception(s); 32f88ad7-b496-4276-ae36-0c1df3bcd831:t1, leader=null, voted=32f88ad7-b496-4276-ae36-0c1df3bcd831, raftlog=32f88ad7-b496-4276-ae36-0c1df3bcd831-SegmentedRaftLog:OPENED:c-1,f-1,i0, conf=-1: [905064f4-24d2-4290-aeb9-f7b810d5a354:192.168.69.80:45248, 32f88ad7-b496-4276-ae36-0c1df3bcd831:192.168.69.80:34128, ce9c1f14-8030-466e-9ac8-42fad73b72bd:192.168.69.80:38237], old=null
2019-08-28 13:05:32,049 [32f88ad7-b496-4276-ae36-0c1df3bcd831:group-39FDF2C5AA13:LeaderElection78] INFO  impl.RoleInfo (RoleInfo.java:shutdownLeaderElection(134)) - 32f88ad7-b496-4276-ae36-0c1df3bcd831: shutdown LeaderElection
2019-08-28 13:05:32,050 [32f88ad7-b496-4276-ae36-0c1df3bcd831:group-39FDF2C5AA13:LeaderElection78] INFO  impl.RaftServerImpl (RaftServerImpl.java:setRole(171)) - 32f88ad7-b496-4276-ae36-0c1df3bcd831:group-39FDF2C5AA13 changes role from CANDIDATE to LEADER at term 1 for changeToLeader
2019-08-28 13:05:32,050 [32f88ad7-b496-4276-ae36-0c1df3bcd831:group-39FDF2C5AA13:LeaderElection78] INFO  impl.RaftServerImpl (ServerState.java:setLeader(263)) - 32f88ad7-b496-4276-ae36-0c1df3bcd831:group-39FDF2C5AA13 change Leader from null to 32f88ad7-b496-4276-ae36-0c1df3bcd831 at term 1 for becomeLeader, leader elected after 5128ms
2019-08-28 13:05:32,050 [32f88ad7-b496-4276-ae36-0c1df3bcd831:group-39FDF2C5AA13:LeaderElection78] INFO  server.RaftServerConfigKeys (ConfUtils.java:logGet(43)) - raft.server.staging.catchup.gap = 1000 (default)
2019-08-28 13:05:32,050 [32f88ad7-b496-4276-ae36-0c1df3bcd831:group-39FDF2C5AA13:LeaderElection78] INFO  server.RaftServerConfigKeys (ConfUtils.java:logGet(43)) - raft.server.rpc.sleep.time = 25ms (default)
2019-08-28 13:05:32,050 [32f88ad7-b496-4276-ae36-0c1df3bcd831:group-39FDF2C5AA13:LeaderElection78] INFO  server.RaftServerConfigKeys (ConfUtils.java:logGet(43)) - raft.server.write.element-limit = 4096 (default)
2019-08-28 13:05:32,050 [32f88ad7-b496-4276-ae36-0c1df3bcd831:group-39FDF2C5AA13:LeaderElection78] INFO  server.RaftServerConfigKeys (ConfUtils.java:logGet(43)) - raft.server.watch.timeout = 10s (default)
2019-08-28 13:05:32,051 [32f88ad7-b496-4276-ae36-0c1df3bcd831:group-39FDF2C5AA13:LeaderElection78] INFO  server.RaftServerConfigKeys (ConfUtils.java:logGet(43)) - raft.server.watch.timeout.denomination = 1s (default)
2019-08-28 13:05:32,051 [32f88ad7-b496-4276-ae36-0c1df3bcd831:group-39FDF2C5AA13:LeaderElection78] INFO  server.RaftServerConfigKeys (ConfUtils.java:logGet(43)) - raft.server.watch.element-limit = 65536 (default)
2019-08-28 13:05:32,051 [32f88ad7-b496-4276-ae36-0c1df3bcd831:group-39FDF2C5AA13:LeaderElection78] INFO  server.RaftServerConfigKeys (ConfUtils.java:logGet(43)) - raft.server.log.appender.snapshot.chunk.size.max = 16MB (=16777216) (default)
2019-08-28 13:05:32,051 [32f88ad7-b496-4276-ae36-0c1df3bcd831:group-39FDF2C5AA13:LeaderElection78] INFO  server.RaftServerConfigKeys (ConfUtils.java:logGet(43)) - raft.server.log.appender.buffer.byte-limit = 33554432 (custom)
2019-08-28 13:05:32,051 [32f88ad7-b496-4276-ae36-0c1df3bcd831:group-39FDF2C5AA13:LeaderElection78] INFO  server.RaftServerConfigKeys (ConfUtils.java:logGet(43)) - raft.server.log.appender.buffer.element-limit = 1 (custom)
2019-08-28 13:05:32,051 [32f88ad7-b496-4276-ae36-0c1df3bcd831:group-39FDF2C5AA13:LeaderElection78] INFO  grpc.GrpcConfigKeys$Server (ConfUtils.java:logGet(43)) - raft.grpc.server.leader.outstanding.appends.max = 128 (default)
2019-08-28 13:05:32,052 [32f88ad7-b496-4276-ae36-0c1df3bcd831:group-39FDF2C5AA13:LeaderElection78] INFO  server.RaftServerConfigKeys (ConfUtils.java:logGet(43)) - raft.server.rpc.request.timeout = 3000ms (default)
2019-08-28 13:05:32,052 [32f88ad7-b496-4276-ae36-0c1df3bcd831:group-39FDF2C5AA13:LeaderElection78] INFO  server.RaftServerConfigKeys (ConfUtils.java:logGet(43)) - raft.server.log.appender.install.snapshot.enabled = false (custom)
2019-08-28 13:05:32,052 [32f88ad7-b496-4276-ae36-0c1df3bcd831:group-39FDF2C5AA13:LeaderElection78] INFO  server.RaftServerConfigKeys (ConfUtils.java:logGet(43)) - raft.server.log.appender.snapshot.chunk.size.max = 16MB (=16777216) (default)
2019-08-28 13:05:32,052 [32f88ad7-b496-4276-ae36-0c1df3bcd831:group-39FDF2C5AA13:LeaderElection78] INFO  server.RaftServerConfigKeys (ConfUtils.java:logGet(43)) - raft.server.log.appender.buffer.byte-limit = 33554432 (custom)
2019-08-28 13:05:32,052 [32f88ad7-b496-4276-ae36-0c1df3bcd831:group-39FDF2C5AA13:LeaderElection78] INFO  server.RaftServerConfigKeys (ConfUtils.java:logGet(43)) - raft.server.log.appender.buffer.element-limit = 1 (custom)
2019-08-28 13:05:32,053 [32f88ad7-b496-4276-ae36-0c1df3bcd831:group-39FDF2C5AA13:LeaderElection78] INFO  grpc.GrpcConfigKeys$Server (ConfUtils.java:logGet(43)) - raft.grpc.server.leader.outstanding.appends.max = 128 (default)
2019-08-28 13:05:32,053 [32f88ad7-b496-4276-ae36-0c1df3bcd831:group-39FDF2C5AA13:LeaderElection78] INFO  server.RaftServerConfigKeys (ConfUtils.java:logGet(43)) - raft.server.rpc.request.timeout = 3000ms (default)
2019-08-28 13:05:32,053 [32f88ad7-b496-4276-ae36-0c1df3bcd831:group-39FDF2C5AA13:LeaderElection78] INFO  server.RaftServerConfigKeys (ConfUtils.java:logGet(43)) - raft.server.log.appender.install.snapshot.enabled = false (custom)
2019-08-28 13:05:32,053 [32f88ad7-b496-4276-ae36-0c1df3bcd831:group-39FDF2C5AA13:LeaderElection78] INFO  impl.RoleInfo (RoleInfo.java:updateAndGet(143)) - 32f88ad7-b496-4276-ae36-0c1df3bcd831: start LeaderState
2019-08-28 13:05:32,053 [32f88ad7-b496-4276-ae36-0c1df3bcd831:group-39FDF2C5AA13:LeaderElection78] INFO  segmented.SegmentedRaftLogWorker (SegmentedRaftLogWorker.java:startLogSegment(380)) - 32f88ad7-b496-4276-ae36-0c1df3bcd831-SegmentedRaftLogWorker:Storage Directory /workdir/hadoop-ozone/integration-test/target/test-dir/MiniOzoneClusterImpl-b4ee2db5-7e6f-4740-8562-f15ac3dbe928/datanode-3/data/ratis/403ff206-adec-4fb5-a852-39fdf2c5aa13: Starting segment from index:0
2019-08-28 13:05:32,054 [32f88ad7-b496-4276-ae36-0c1df3bcd831:group-39FDF2C5AA13:LeaderElection78] INFO  impl.RaftServerImpl (ServerState.java:setRaftConf(361)) - 32f88ad7-b496-4276-ae36-0c1df3bcd831:group-39FDF2C5AA13 set configuration 0: [905064f4-24d2-4290-aeb9-f7b810d5a354:192.168.69.80:45248, 32f88ad7-b496-4276-ae36-0c1df3bcd831:192.168.69.80:34128, ce9c1f14-8030-466e-9ac8-42fad73b72bd:192.168.69.80:38237], old=null at 0
2019-08-28 13:05:32,090 [grpc-default-executor-6] INFO  impl.RaftServerImpl (ServerState.java:setLeader(263)) - ce9c1f14-8030-466e-9ac8-42fad73b72bd:group-39FDF2C5AA13 change Leader from null to 32f88ad7-b496-4276-ae36-0c1df3bcd831 at term 1 for appendEntries, leader elected after 5169ms
2019-08-28 13:05:32,091 [905064f4-24d2-4290-aeb9-f7b810d5a354:group-39FDF2C5AA13:LeaderElection79] INFO  impl.LeaderElection (LeaderElection.java:askForVotes(181)) - 905064f4-24d2-4290-aeb9-f7b810d5a354:group-39FDF2C5AA13:LeaderElection79: begin an election at term 2 for -1: [905064f4-24d2-4290-aeb9-f7b810d5a354:192.168.69.80:45248, 32f88ad7-b496-4276-ae36-0c1df3bcd831:192.168.69.80:34128, ce9c1f14-8030-466e-9ac8-42fad73b72bd:192.168.69.80:38237], old=null
2019-08-28 13:05:32,092 [905064f4-24d2-4290-aeb9-f7b810d5a354:group-39FDF2C5AA13:LeaderElection79] INFO  impl.LeaderElection (LeaderElection.java:logAndReturn(56)) - 905064f4-24d2-4290-aeb9-f7b810d5a354:group-39FDF2C5AA13:LeaderElection79: Election REJECTED; received 0 response(s) [] and 0 exception(s); 905064f4-24d2-4290-aeb9-f7b810d5a354:t2, leader=null, voted=905064f4-24d2-4290-aeb9-f7b810d5a354, raftlog=905064f4-24d2-4290-aeb9-f7b810d5a354-SegmentedRaftLog:OPENED:c-1,f-1,i0, conf=-1: [905064f4-24d2-4290-aeb9-f7b810d5a354:192.168.69.80:45248, 32f88ad7-b496-4276-ae36-0c1df3bcd831:192.168.69.80:34128, ce9c1f14-8030-466e-9ac8-42fad73b72bd:192.168.69.80:38237], old=null
2019-08-28 13:05:32,093 [grpc-default-executor-8] INFO  impl.RaftServerImpl (ServerState.java:setRaftConf(361)) - ce9c1f14-8030-466e-9ac8-42fad73b72bd:group-39FDF2C5AA13 set configuration 0: [905064f4-24d2-4290-aeb9-f7b810d5a354:192.168.69.80:45248, 32f88ad7-b496-4276-ae36-0c1df3bcd831:192.168.69.80:34128, ce9c1f14-8030-466e-9ac8-42fad73b72bd:192.168.69.80:38237], old=null at 0
2019-08-28 13:05:32,093 [grpc-default-executor-8] INFO  segmented.SegmentedRaftLogWorker (SegmentedRaftLogWorker.java:startLogSegment(380)) - ce9c1f14-8030-466e-9ac8-42fad73b72bd-SegmentedRaftLogWorker:Storage Directory /workdir/hadoop-ozone/integration-test/target/test-dir/MiniOzoneClusterImpl-b4ee2db5-7e6f-4740-8562-f15ac3dbe928/datanode-5/data/ratis/403ff206-adec-4fb5-a852-39fdf2c5aa13: Starting segment from index:0
2019-08-28 13:05:32,097 [Thread-3609] INFO  impl.RaftServerImpl (ServerState.java:setLeader(263)) - 32f88ad7-b496-4276-ae36-0c1df3bcd831:group-39FDF2C5AA13 change Leader from 32f88ad7-b496-4276-ae36-0c1df3bcd831 to null at term 2 for updateCurrentTerm
2019-08-28 13:05:32,097 [Thread-3609] INFO  impl.RaftServerImpl (RaftServerImpl.java:setRole(171)) - 32f88ad7-b496-4276-ae36-0c1df3bcd831:group-39FDF2C5AA13 changes role from LEADER to FOLLOWER at term 2 for stepDown
2019-08-28 13:05:32,098 [Thread-3609] INFO  impl.RoleInfo (RoleInfo.java:shutdownLeaderState(104)) - 32f88ad7-b496-4276-ae36-0c1df3bcd831: shutdown LeaderState
2019-08-28 13:05:32,130 [Thread-3609] INFO  impl.PendingRequests (PendingRequests.java:sendNotLeaderResponses(202)) - 32f88ad7-b496-4276-ae36-0c1df3bcd831-PendingRequests: sendNotLeaderResponses
2019-08-28 13:05:32,130 [org.apache.ratis.server.impl.LogAppender$AppenderDaemon$$Lambda$498/814480674@56fc6d15] WARN  server.GrpcLogAppender (GrpcLogAppender.java:mayWait(143)) - GrpcLogAppender(32f88ad7-b496-4276-ae36-0c1df3bcd831->ce9c1f14-8030-466e-9ac8-42fad73b72bd): Wait interrupted by java.lang.InterruptedException
2019-08-28 13:05:32,130 [Thread-3609] INFO  impl.RoleInfo (RoleInfo.java:updateAndGet(143)) - 32f88ad7-b496-4276-ae36-0c1df3bcd831: start FollowerState
2019-08-28 13:05:32,130 [32f88ad7-b496-4276-ae36-0c1df3bcd831-SegmentedRaftLogWorker:Storage Directory /workdir/hadoop-ozone/integration-test/target/test-dir/MiniOzoneClusterImpl-b4ee2db5-7e6f-4740-8562-f15ac3dbe928/datanode-3/data/ratis/403ff206-adec-4fb5-a852-39fdf2c5aa13] INFO  segmented.SegmentedRaftLogWorker (SegmentedRaftLogWorker.java:execute(569)) - 32f88ad7-b496-4276-ae36-0c1df3bcd831-SegmentedRaftLogWorker:Storage Directory /workdir/hadoop-ozone/integration-test/target/test-dir/MiniOzoneClusterImpl-b4ee2db5-7e6f-4740-8562-f15ac3dbe928/datanode-3/data/ratis/403ff206-adec-4fb5-a852-39fdf2c5aa13: created new log segment /workdir/hadoop-ozone/integration-test/target/test-dir/MiniOzoneClusterImpl-b4ee2db5-7e6f-4740-8562-f15ac3dbe928/datanode-3/data/ratis/403ff206-adec-4fb5-a852-39fdf2c5aa13/current/log_inprogress_0
2019-08-28 13:05:32,130 [org.apache.ratis.server.impl.LogAppender$AppenderDaemon$$Lambda$498/814480674@13fef10e] WARN  server.GrpcLogAppender (GrpcLogAppender.java:mayWait(143)) - GrpcLogAppender(32f88ad7-b496-4276-ae36-0c1df3bcd831->905064f4-24d2-4290-aeb9-f7b810d5a354): Wait interrupted by java.lang.InterruptedException
2019-08-28 13:05:32,134 [grpc-default-executor-8] INFO  server.GrpcServerProtocolService (GrpcServerProtocolService.java:onCompleted(104)) - ce9c1f14-8030-466e-9ac8-42fad73b72bd: appendEntries completed
2019-08-28 13:05:32,134 [grpc-default-executor-7] INFO  server.GrpcServerProtocolService (GrpcServerProtocolService.java:onCompleted(104)) - 905064f4-24d2-4290-aeb9-f7b810d5a354: appendEntries completed
2019-08-28 13:05:32,139 [grpc-default-executor-7] INFO  server.GrpcLogAppender (GrpcLogAppender.java:onCompleted(292)) - 32f88ad7-b496-4276-ae36-0c1df3bcd831->905064f4-24d2-4290-aeb9-f7b810d5a354: follower responses appendEntries COMPLETED
2019-08-28 13:05:32,139 [grpc-default-executor-6] INFO  server.GrpcLogAppender (GrpcLogAppender.java:onCompleted(292)) - 32f88ad7-b496-4276-ae36-0c1df3bcd831->ce9c1f14-8030-466e-9ac8-42fad73b72bd: follower responses appendEntries COMPLETED
2019-08-28 13:05:32,140 [grpc-default-executor-7] INFO  impl.FollowerInfo (FollowerInfo.java:lambda$new$0(50)) - 32f88ad7-b496-4276-ae36-0c1df3bcd831->905064f4-24d2-4290-aeb9-f7b810d5a354: nextIndex: updateUnconditionally 0 -> 0
2019-08-28 13:05:32,140 [grpc-default-executor-8] INFO  impl.RaftServerImpl (ServerState.java:setLeader(263)) - ce9c1f14-8030-466e-9ac8-42fad73b72bd:group-39FDF2C5AA13 change Leader from 32f88ad7-b496-4276-ae36-0c1df3bcd831 to null at term 2 for updateCurrentTerm
2019-08-28 13:05:32,140 [grpc-default-executor-8] INFO  impl.RaftServerImpl (RaftServerImpl.java:setRole(171)) - ce9c1f14-8030-466e-9ac8-42fad73b72bd:group-39FDF2C5AA13 changes role from FOLLOWER to FOLLOWER at term 2 for recognizeCandidate:905064f4-24d2-4290-aeb9-f7b810d5a354
2019-08-28 13:05:32,140 [grpc-default-executor-6] INFO  impl.FollowerInfo (FollowerInfo.java:lambda$new$0(50)) - 32f88ad7-b496-4276-ae36-0c1df3bcd831->ce9c1f14-8030-466e-9ac8-42fad73b72bd: nextIndex: updateUnconditionally 1 -> 0
2019-08-28 13:05:32,140 [grpc-default-executor-8] INFO  impl.RoleInfo (RoleInfo.java:shutdownFollowerState(121)) - ce9c1f14-8030-466e-9ac8-42fad73b72bd: shutdown FollowerState
2019-08-28 13:05:32,140 [grpc-default-executor-8] INFO  impl.RoleInfo (RoleInfo.java:updateAndGet(143)) - ce9c1f14-8030-466e-9ac8-42fad73b72bd: start FollowerState
2019-08-28 13:05:32,140 [Thread-3606] INFO  impl.FollowerState (FollowerState.java:run(114)) - ce9c1f14-8030-466e-9ac8-42fad73b72bd: FollowerState was interrupted: java.lang.InterruptedException: sleep interrupted
2019-08-28 13:05:32,146 [ce9c1f14-8030-466e-9ac8-42fad73b72bd-SegmentedRaftLogWorker:Storage Directory /workdir/hadoop-ozone/integration-test/target/test-dir/MiniOzoneClusterImpl-b4ee2db5-7e6f-4740-8562-f15ac3dbe928/datanode-5/data/ratis/403ff206-adec-4fb5-a852-39fdf2c5aa13] INFO  segmented.SegmentedRaftLogWorker (SegmentedRaftLogWorker.java:execute(569)) - ce9c1f14-8030-466e-9ac8-42fad73b72bd-SegmentedRaftLogWorker:Storage Directory /workdir/hadoop-ozone/integration-test/target/test-dir/MiniOzoneClusterImpl-b4ee2db5-7e6f-4740-8562-f15ac3dbe928/datanode-5/data/ratis/403ff206-adec-4fb5-a852-39fdf2c5aa13: created new log segment /workdir/hadoop-ozone/integration-test/target/test-dir/MiniOzoneClusterImpl-b4ee2db5-7e6f-4740-8562-f15ac3dbe928/datanode-5/data/ratis/403ff206-adec-4fb5-a852-39fdf2c5aa13/current/log_inprogress_0
2019-08-28 13:05:32,148 [grpc-default-executor-0] INFO  impl.RaftServerImpl (RaftServerImpl.java:setRole(171)) - 32f88ad7-b496-4276-ae36-0c1df3bcd831:group-39FDF2C5AA13 changes role from FOLLOWER to FOLLOWER at term 2 for recognizeCandidate:905064f4-24d2-4290-aeb9-f7b810d5a354
2019-08-28 13:05:32,149 [grpc-default-executor-0] INFO  impl.RoleInfo (RoleInfo.java:shutdownFollowerState(121)) - 32f88ad7-b496-4276-ae36-0c1df3bcd831: shutdown FollowerState
2019-08-28 13:05:32,149 [grpc-default-executor-0] INFO  impl.RoleInfo (RoleInfo.java:updateAndGet(143)) - 32f88ad7-b496-4276-ae36-0c1df3bcd831: start FollowerState
2019-08-28 13:05:32,149 [Thread-3617] INFO  impl.FollowerState (FollowerState.java:run(114)) - 32f88ad7-b496-4276-ae36-0c1df3bcd831: FollowerState was interrupted: java.lang.InterruptedException: sleep interrupted
2019-08-28 13:05:32,172 [Thread-3560] INFO  impl.FollowerState (FollowerState.java:run(106)) - 6473d7a6-d5fa-4090-bf30-ee1350d7f475:group-6C0DB0D3BB6D changes to CANDIDATE, lastRpcTime:5066, electionTimeout:5064ms
2019-08-28 13:05:32,173 [Thread-3560] INFO  impl.RoleInfo (RoleInfo.java:shutdownFollowerState(121)) - 6473d7a6-d5fa-4090-bf30-ee1350d7f475: shutdown FollowerState
2019-08-28 13:05:32,173 [Thread-3560] INFO  impl.RaftServerImpl (RaftServerImpl.java:setRole(171)) - 6473d7a6-d5fa-4090-bf30-ee1350d7f475:group-6C0DB0D3BB6D changes role from FOLLOWER to CANDIDATE at term 0 for changeToCandidate
2019-08-28 13:05:32,173 [Thread-3560] INFO  impl.RoleInfo (RoleInfo.java:updateAndGet(143)) - 6473d7a6-d5fa-4090-bf30-ee1350d7f475: start LeaderElection
2019-08-28 13:05:32,188 [grpc-default-executor-8] INFO  client.GrpcClientProtocolClient (GrpcClientProtocolClient.java:onNext(255)) - client-DE8B1881BA14->905064f4-24d2-4290-aeb9-f7b810d5a354: receive RaftClientReply:client-DE8B1881BA14->905064f4-24d2-4290-aeb9-f7b810d5a354@group-39FDF2C5AA13, cid=182, FAILED org.apache.ratis.protocol.NotLeaderException: Server 905064f4-24d2-4290-aeb9-f7b810d5a354 is not the leader (null). Request must be sent to leader., logIndex=0, commits[905064f4-24d2-4290-aeb9-f7b810d5a354:c-1]
2019-08-28 13:05:32,193 [6473d7a6-d5fa-4090-bf30-ee1350d7f475:group-6C0DB0D3BB6D:LeaderElection80] INFO  impl.LeaderElection (LeaderElection.java:askForVotes(181)) - 6473d7a6-d5fa-4090-bf30-ee1350d7f475:group-6C0DB0D3BB6D:LeaderElection80: begin an election at term 1 for -1: [6473d7a6-d5fa-4090-bf30-ee1350d7f475:192.168.69.80:45078], old=null
2019-08-28 13:05:32,193 [6473d7a6-d5fa-4090-bf30-ee1350d7f475:group-6C0DB0D3BB6D:LeaderElection80] INFO  impl.RoleInfo (RoleInfo.java:shutdownLeaderElection(134)) - 6473d7a6-d5fa-4090-bf30-ee1350d7f475: shutdown LeaderElection
2019-08-28 13:05:32,193 [6473d7a6-d5fa-4090-bf30-ee1350d7f475:group-6C0DB0D3BB6D:LeaderElection80] INFO  impl.RaftServerImpl (RaftServerImpl.java:setRole(171)) - 6473d7a6-d5fa-4090-bf30-ee1350d7f475:group-6C0DB0D3BB6D changes role from CANDIDATE to LEADER at term 1 for changeToLeader
2019-08-28 13:05:32,193 [6473d7a6-d5fa-4090-bf30-ee1350d7f475:group-6C0DB0D3BB6D:LeaderElection80] INFO  impl.RaftServerImpl (ServerState.java:setLeader(263)) - 6473d7a6-d5fa-4090-bf30-ee1350d7f475:group-6C0DB0D3BB6D change Leader from null to 6473d7a6-d5fa-4090-bf30-ee1350d7f475 at term 1 for becomeLeader, leader elected after 5091ms
2019-08-28 13:05:32,193 [6473d7a6-d5fa-4090-bf30-ee1350d7f475:group-6C0DB0D3BB6D:LeaderElection80] INFO  server.RaftServerConfigKeys (ConfUtils.java:logGet(43)) - raft.server.staging.catchup.gap = 1000 (default)
2019-08-28 13:05:32,193 [6473d7a6-d5fa-4090-bf30-ee1350d7f475:group-6C0DB0D3BB6D:LeaderElection80] INFO  server.RaftServerConfigKeys (ConfUtils.java:logGet(43)) - raft.server.rpc.sleep.time = 25ms (default)
2019-08-28 13:05:32,193 [6473d7a6-d5fa-4090-bf30-ee1350d7f475:group-6C0DB0D3BB6D:LeaderElection80] INFO  server.RaftServerConfigKeys (ConfUtils.java:logGet(43)) - raft.server.write.element-limit = 4096 (default)
2019-08-28 13:05:32,193 [6473d7a6-d5fa-4090-bf30-ee1350d7f475:group-6C0DB0D3BB6D:LeaderElection80] INFO  server.RaftServerConfigKeys (ConfUtils.java:logGet(43)) - raft.server.watch.timeout = 10s (default)
2019-08-28 13:05:32,194 [6473d7a6-d5fa-4090-bf30-ee1350d7f475:group-6C0DB0D3BB6D:LeaderElection80] INFO  server.RaftServerConfigKeys (ConfUtils.java:logGet(43)) - raft.server.watch.timeout.denomination = 1s (default)
2019-08-28 13:05:32,194 [6473d7a6-d5fa-4090-bf30-ee1350d7f475:group-6C0DB0D3BB6D:LeaderElection80] INFO  server.RaftServerConfigKeys (ConfUtils.java:logGet(43)) - raft.server.watch.element-limit = 65536 (default)
2019-08-28 13:05:32,194 [6473d7a6-d5fa-4090-bf30-ee1350d7f475:group-6C0DB0D3BB6D:LeaderElection80] INFO  impl.RoleInfo (RoleInfo.java:updateAndGet(143)) - 6473d7a6-d5fa-4090-bf30-ee1350d7f475: start LeaderState
2019-08-28 13:05:32,194 [6473d7a6-d5fa-4090-bf30-ee1350d7f475:group-6C0DB0D3BB6D:LeaderElection80] INFO  segmented.SegmentedRaftLogWorker (SegmentedRaftLogWorker.java:startLogSegment(380)) - 6473d7a6-d5fa-4090-bf30-ee1350d7f475-SegmentedRaftLogWorker:Storage Directory /workdir/hadoop-ozone/integration-test/target/test-dir/MiniOzoneClusterImpl-b4ee2db5-7e6f-4740-8562-f15ac3dbe928/datanode-6/data/ratis/fbdec8b6-e1df-48e0-8779-6c0db0d3bb6d: Starting segment from index:0
2019-08-28 13:05:32,195 [6473d7a6-d5fa-4090-bf30-ee1350d7f475:group-6C0DB0D3BB6D:LeaderElection80] INFO  impl.RaftServerImpl (ServerState.java:setRaftConf(361)) - 6473d7a6-d5fa-4090-bf30-ee1350d7f475:group-6C0DB0D3BB6D set configuration 0: [6473d7a6-d5fa-4090-bf30-ee1350d7f475:192.168.69.80:45078], old=null at 0
2019-08-28 13:05:32,221 | INFO  | SCMAudit | user=jenkins1000 | ip=192.168.69.80 | op=SEND_HEARTBEAT {datanodeUUID=616243d7-d102-41c9-b140-524e964f60c9, command=[]} | ret=SUCCESS |  
2019-08-28 13:05:32,233 [6473d7a6-d5fa-4090-bf30-ee1350d7f475-SegmentedRaftLogWorker:Storage Directory /workdir/hadoop-ozone/integration-test/target/test-dir/MiniOzoneClusterImpl-b4ee2db5-7e6f-4740-8562-f15ac3dbe928/datanode-6/data/ratis/fbdec8b6-e1df-48e0-8779-6c0db0d3bb6d] INFO  segmented.SegmentedRaftLogWorker (SegmentedRaftLogWorker.java:execute(569)) - 6473d7a6-d5fa-4090-bf30-ee1350d7f475-SegmentedRaftLogWorker:Storage Directory /workdir/hadoop-ozone/integration-test/target/test-dir/MiniOzoneClusterImpl-b4ee2db5-7e6f-4740-8562-f15ac3dbe928/datanode-6/data/ratis/fbdec8b6-e1df-48e0-8779-6c0db0d3bb6d: created new log segment /workdir/hadoop-ozone/integration-test/target/test-dir/MiniOzoneClusterImpl-b4ee2db5-7e6f-4740-8562-f15ac3dbe928/datanode-6/data/ratis/fbdec8b6-e1df-48e0-8779-6c0db0d3bb6d/current/log_inprogress_0
2019-08-28 13:05:32,386 | INFO  | SCMAudit | user=jenkins1000 | ip=192.168.69.80 | op=SEND_HEARTBEAT {datanodeUUID=32f88ad7-b496-4276-ae36-0c1df3bcd831, command=[]} | ret=SUCCESS |  
2019-08-28 13:05:32,541 | INFO  | SCMAudit | user=jenkins1000 | ip=192.168.69.80 | op=SEND_HEARTBEAT {datanodeUUID=59fb5bc9-2d90-422e-bf68-b67547f31f06, command=[]} | ret=SUCCESS |  
2019-08-28 13:05:32,578 | INFO  | SCMAudit | user=jenkins1000 | ip=192.168.69.80 | op=SEND_HEARTBEAT {datanodeUUID=905064f4-24d2-4290-aeb9-f7b810d5a354, command=[]} | ret=SUCCESS |  
2019-08-28 13:05:32,820 | INFO  | SCMAudit | user=jenkins1000 | ip=192.168.69.80 | op=SEND_HEARTBEAT {datanodeUUID=ce9c1f14-8030-466e-9ac8-42fad73b72bd, command=[]} | ret=SUCCESS |  
2019-08-28 13:05:33,020 | INFO  | SCMAudit | user=jenkins1000 | ip=192.168.69.80 | op=SEND_HEARTBEAT {datanodeUUID=824628d9-e5f8-4fcc-92ac-3dee9636940c, command=[]} | ret=SUCCESS |  
2019-08-28 13:05:33,049 | INFO  | SCMAudit | user=jenkins1000 | ip=192.168.69.80 | op=SEND_HEARTBEAT {datanodeUUID=6473d7a6-d5fa-4090-bf30-ee1350d7f475, command=[]} | ret=SUCCESS |  
2019-08-28 13:05:33,207 [grpc-default-executor-0] INFO  client.GrpcClientProtocolClient (GrpcClientProtocolClient.java:onNext(255)) - client-DE8B1881BA14->ce9c1f14-8030-466e-9ac8-42fad73b72bd: receive RaftClientReply:client-DE8B1881BA14->ce9c1f14-8030-466e-9ac8-42fad73b72bd@group-39FDF2C5AA13, cid=182, FAILED org.apache.ratis.protocol.NotLeaderException: Server ce9c1f14-8030-466e-9ac8-42fad73b72bd is not the leader (null). Request must be sent to leader., logIndex=0, commits[ce9c1f14-8030-466e-9ac8-42fad73b72bd:c-1, 905064f4-24d2-4290-aeb9-f7b810d5a354:c-1, 32f88ad7-b496-4276-ae36-0c1df3bcd831:c-1]
2019-08-28 13:05:33,221 | INFO  | SCMAudit | user=jenkins1000 | ip=192.168.69.80 | op=SEND_HEARTBEAT {datanodeUUID=616243d7-d102-41c9-b140-524e964f60c9, command=[]} | ret=SUCCESS |  
2019-08-28 13:05:33,386 | INFO  | SCMAudit | user=jenkins1000 | ip=192.168.69.80 | op=SEND_HEARTBEAT {datanodeUUID=32f88ad7-b496-4276-ae36-0c1df3bcd831, command=[]} | ret=SUCCESS |  
2019-08-28 13:05:33,542 | INFO  | SCMAudit | user=jenkins1000 | ip=192.168.69.80 | op=SEND_HEARTBEAT {datanodeUUID=59fb5bc9-2d90-422e-bf68-b67547f31f06, command=[]} | ret=SUCCESS |  
2019-08-28 13:05:33,578 | INFO  | SCMAudit | user=jenkins1000 | ip=192.168.69.80 | op=SEND_HEARTBEAT {datanodeUUID=905064f4-24d2-4290-aeb9-f7b810d5a354, command=[]} | ret=SUCCESS |  
2019-08-28 13:05:33,821 | INFO  | SCMAudit | user=jenkins1000 | ip=192.168.69.80 | op=SEND_HEARTBEAT {datanodeUUID=ce9c1f14-8030-466e-9ac8-42fad73b72bd, command=[]} | ret=SUCCESS |  
2019-08-28 13:05:34,020 | INFO  | SCMAudit | user=jenkins1000 | ip=192.168.69.80 | op=SEND_HEARTBEAT {datanodeUUID=824628d9-e5f8-4fcc-92ac-3dee9636940c, command=[]} | ret=SUCCESS |  
2019-08-28 13:05:34,049 | INFO  | SCMAudit | user=jenkins1000 | ip=192.168.69.80 | op=SEND_HEARTBEAT {datanodeUUID=6473d7a6-d5fa-4090-bf30-ee1350d7f475, command=[]} | ret=SUCCESS |  
2019-08-28 13:05:34,219 [grpc-default-executor-8] INFO  client.GrpcClientProtocolClient (GrpcClientProtocolClient.java:onNext(255)) - client-DE8B1881BA14->32f88ad7-b496-4276-ae36-0c1df3bcd831: receive RaftClientReply:client-DE8B1881BA14->32f88ad7-b496-4276-ae36-0c1df3bcd831@group-39FDF2C5AA13, cid=182, FAILED org.apache.ratis.protocol.NotLeaderException: Server 32f88ad7-b496-4276-ae36-0c1df3bcd831 is not the leader (null). Request must be sent to leader., logIndex=0, commits[32f88ad7-b496-4276-ae36-0c1df3bcd831:c-1, 905064f4-24d2-4290-aeb9-f7b810d5a354:c-1, ce9c1f14-8030-466e-9ac8-42fad73b72bd:c-1]
2019-08-28 13:05:34,225 | INFO  | SCMAudit | user=jenkins1000 | ip=192.168.69.80 | op=SEND_HEARTBEAT {datanodeUUID=616243d7-d102-41c9-b140-524e964f60c9, command=[]} | ret=SUCCESS |  
2019-08-28 13:05:34,386 | INFO  | SCMAudit | user=jenkins1000 | ip=192.168.69.80 | op=SEND_HEARTBEAT {datanodeUUID=32f88ad7-b496-4276-ae36-0c1df3bcd831, command=[]} | ret=SUCCESS |  
2019-08-28 13:05:34,541 | INFO  | SCMAudit | user=jenkins1000 | ip=192.168.69.80 | op=SEND_HEARTBEAT {datanodeUUID=59fb5bc9-2d90-422e-bf68-b67547f31f06, command=[]} | ret=SUCCESS |  
2019-08-28 13:05:34,579 | INFO  | SCMAudit | user=jenkins1000 | ip=192.168.69.80 | op=SEND_HEARTBEAT {datanodeUUID=905064f4-24d2-4290-aeb9-f7b810d5a354, command=[]} | ret=SUCCESS |  
2019-08-28 13:05:34,821 | INFO  | SCMAudit | user=jenkins1000 | ip=192.168.69.80 | op=SEND_HEARTBEAT {datanodeUUID=ce9c1f14-8030-466e-9ac8-42fad73b72bd, command=[]} | ret=SUCCESS |  
2019-08-28 13:05:35,021 | INFO  | SCMAudit | user=jenkins1000 | ip=192.168.69.80 | op=SEND_HEARTBEAT {datanodeUUID=824628d9-e5f8-4fcc-92ac-3dee9636940c, command=[]} | ret=SUCCESS |  
2019-08-28 13:05:35,049 | INFO  | SCMAudit | user=jenkins1000 | ip=192.168.69.80 | op=SEND_HEARTBEAT {datanodeUUID=6473d7a6-d5fa-4090-bf30-ee1350d7f475, command=[]} | ret=SUCCESS |  
2019-08-28 13:05:35,223 | INFO  | SCMAudit | user=jenkins1000 | ip=192.168.69.80 | op=SEND_HEARTBEAT {datanodeUUID=616243d7-d102-41c9-b140-524e964f60c9, command=[]} | ret=SUCCESS |  
2019-08-28 13:05:35,230 [grpc-default-executor-0] INFO  client.GrpcClientProtocolClient (GrpcClientProtocolClient.java:onNext(255)) - client-DE8B1881BA14->ce9c1f14-8030-466e-9ac8-42fad73b72bd: receive RaftClientReply:client-DE8B1881BA14->ce9c1f14-8030-466e-9ac8-42fad73b72bd@group-39FDF2C5AA13, cid=182, FAILED org.apache.ratis.protocol.NotLeaderException: Server ce9c1f14-8030-466e-9ac8-42fad73b72bd is not the leader (null). Request must be sent to leader., logIndex=0, commits[ce9c1f14-8030-466e-9ac8-42fad73b72bd:c-1, 905064f4-24d2-4290-aeb9-f7b810d5a354:c-1, 32f88ad7-b496-4276-ae36-0c1df3bcd831:c-1]
2019-08-28 13:05:35,387 | INFO  | SCMAudit | user=jenkins1000 | ip=192.168.69.80 | op=SEND_HEARTBEAT {datanodeUUID=32f88ad7-b496-4276-ae36-0c1df3bcd831, command=[]} | ret=SUCCESS |  
2019-08-28 13:05:35,541 | INFO  | SCMAudit | user=jenkins1000 | ip=192.168.69.80 | op=SEND_HEARTBEAT {datanodeUUID=59fb5bc9-2d90-422e-bf68-b67547f31f06, command=[]} | ret=SUCCESS |  
2019-08-28 13:05:35,578 | INFO  | SCMAudit | user=jenkins1000 | ip=192.168.69.80 | op=SEND_HEARTBEAT {datanodeUUID=905064f4-24d2-4290-aeb9-f7b810d5a354, command=[]} | ret=SUCCESS |  
2019-08-28 13:05:35,821 | INFO  | SCMAudit | user=jenkins1000 | ip=192.168.69.80 | op=SEND_HEARTBEAT {datanodeUUID=ce9c1f14-8030-466e-9ac8-42fad73b72bd, command=[]} | ret=SUCCESS |  
2019-08-28 13:05:36,021 | INFO  | SCMAudit | user=jenkins1000 | ip=192.168.69.80 | op=SEND_HEARTBEAT {datanodeUUID=824628d9-e5f8-4fcc-92ac-3dee9636940c, command=[]} | ret=SUCCESS |  
2019-08-28 13:05:36,049 | INFO  | SCMAudit | user=jenkins1000 | ip=192.168.69.80 | op=SEND_HEARTBEAT {datanodeUUID=6473d7a6-d5fa-4090-bf30-ee1350d7f475, command=[]} | ret=SUCCESS |  
2019-08-28 13:05:36,223 | INFO  | SCMAudit | user=jenkins1000 | ip=192.168.69.80 | op=SEND_HEARTBEAT {datanodeUUID=616243d7-d102-41c9-b140-524e964f60c9, command=[]} | ret=SUCCESS |  
2019-08-28 13:05:36,241 [grpc-default-executor-8] INFO  client.GrpcClientProtocolClient (GrpcClientProtocolClient.java:onNext(255)) - client-DE8B1881BA14->32f88ad7-b496-4276-ae36-0c1df3bcd831: receive RaftClientReply:client-DE8B1881BA14->32f88ad7-b496-4276-ae36-0c1df3bcd831@group-39FDF2C5AA13, cid=182, FAILED org.apache.ratis.protocol.NotLeaderException: Server 32f88ad7-b496-4276-ae36-0c1df3bcd831 is not the leader (null). Request must be sent to leader., logIndex=0, commits[32f88ad7-b496-4276-ae36-0c1df3bcd831:c-1, 905064f4-24d2-4290-aeb9-f7b810d5a354:c-1, ce9c1f14-8030-466e-9ac8-42fad73b72bd:c-1]
2019-08-28 13:05:36,387 | INFO  | SCMAudit | user=jenkins1000 | ip=192.168.69.80 | op=SEND_HEARTBEAT {datanodeUUID=32f88ad7-b496-4276-ae36-0c1df3bcd831, command=[]} | ret=SUCCESS |  
2019-08-28 13:05:36,541 | INFO  | SCMAudit | user=jenkins1000 | ip=192.168.69.80 | op=SEND_HEARTBEAT {datanodeUUID=59fb5bc9-2d90-422e-bf68-b67547f31f06, command=[]} | ret=SUCCESS |  
2019-08-28 13:05:36,578 | INFO  | SCMAudit | user=jenkins1000 | ip=192.168.69.80 | op=SEND_HEARTBEAT {datanodeUUID=905064f4-24d2-4290-aeb9-f7b810d5a354, command=[]} | ret=SUCCESS |  
2019-08-28 13:05:36,822 | INFO  | SCMAudit | user=jenkins1000 | ip=192.168.69.80 | op=SEND_HEARTBEAT {datanodeUUID=ce9c1f14-8030-466e-9ac8-42fad73b72bd, command=[]} | ret=SUCCESS |  
2019-08-28 13:05:37,021 | INFO  | SCMAudit | user=jenkins1000 | ip=192.168.69.80 | op=SEND_HEARTBEAT {datanodeUUID=824628d9-e5f8-4fcc-92ac-3dee9636940c, command=[]} | ret=SUCCESS |  
2019-08-28 13:05:37,046 [Thread-3608] INFO  impl.FollowerState (FollowerState.java:run(106)) - 905064f4-24d2-4290-aeb9-f7b810d5a354:group-39FDF2C5AA13 changes to CANDIDATE, lastRpcTime:5018, electionTimeout:5018ms
2019-08-28 13:05:37,047 [Thread-3608] INFO  impl.RoleInfo (RoleInfo.java:shutdownFollowerState(121)) - 905064f4-24d2-4290-aeb9-f7b810d5a354: shutdown FollowerState
2019-08-28 13:05:37,047 [Thread-3608] INFO  impl.RaftServerImpl (RaftServerImpl.java:setRole(171)) - 905064f4-24d2-4290-aeb9-f7b810d5a354:group-39FDF2C5AA13 changes role from FOLLOWER to CANDIDATE at term 2 for changeToCandidate
2019-08-28 13:05:37,047 [Thread-3608] INFO  impl.RoleInfo (RoleInfo.java:updateAndGet(143)) - 905064f4-24d2-4290-aeb9-f7b810d5a354: start LeaderElection
2019-08-28 13:05:37,052 | INFO  | SCMAudit | user=jenkins1000 | ip=192.168.69.80 | op=SEND_HEARTBEAT {datanodeUUID=6473d7a6-d5fa-4090-bf30-ee1350d7f475, command=[]} | ret=SUCCESS |  
2019-08-28 13:05:37,072 [905064f4-24d2-4290-aeb9-f7b810d5a354:group-39FDF2C5AA13:LeaderElection81] INFO  impl.LeaderElection (LeaderElection.java:askForVotes(181)) - 905064f4-24d2-4290-aeb9-f7b810d5a354:group-39FDF2C5AA13:LeaderElection81: begin an election at term 3 for -1: [905064f4-24d2-4290-aeb9-f7b810d5a354:192.168.69.80:45248, 32f88ad7-b496-4276-ae36-0c1df3bcd831:192.168.69.80:34128, ce9c1f14-8030-466e-9ac8-42fad73b72bd:192.168.69.80:38237], old=null
2019-08-28 13:05:37,079 [grpc-default-executor-8] INFO  impl.RaftServerImpl (RaftServerImpl.java:setRole(171)) - 32f88ad7-b496-4276-ae36-0c1df3bcd831:group-39FDF2C5AA13 changes role from FOLLOWER to FOLLOWER at term 3 for recognizeCandidate:905064f4-24d2-4290-aeb9-f7b810d5a354
2019-08-28 13:05:37,079 [grpc-default-executor-8] INFO  impl.RoleInfo (RoleInfo.java:shutdownFollowerState(121)) - 32f88ad7-b496-4276-ae36-0c1df3bcd831: shutdown FollowerState
2019-08-28 13:05:37,082 [grpc-default-executor-0] INFO  impl.RaftServerImpl (RaftServerImpl.java:setRole(171)) - ce9c1f14-8030-466e-9ac8-42fad73b72bd:group-39FDF2C5AA13 changes role from FOLLOWER to FOLLOWER at term 3 for recognizeCandidate:905064f4-24d2-4290-aeb9-f7b810d5a354
2019-08-28 13:05:37,082 [grpc-default-executor-8] INFO  impl.RoleInfo (RoleInfo.java:updateAndGet(143)) - 32f88ad7-b496-4276-ae36-0c1df3bcd831: start FollowerState
2019-08-28 13:05:37,082 [grpc-default-executor-0] INFO  impl.RoleInfo (RoleInfo.java:shutdownFollowerState(121)) - ce9c1f14-8030-466e-9ac8-42fad73b72bd: shutdown FollowerState
2019-08-28 13:05:37,083 [grpc-default-executor-0] INFO  impl.RoleInfo (RoleInfo.java:updateAndGet(143)) - ce9c1f14-8030-466e-9ac8-42fad73b72bd: start FollowerState
2019-08-28 13:05:37,083 [Thread-3619] INFO  impl.FollowerState (FollowerState.java:run(114)) - ce9c1f14-8030-466e-9ac8-42fad73b72bd: FollowerState was interrupted: java.lang.InterruptedException: sleep interrupted
2019-08-28 13:05:37,086 [Thread-3620] INFO  impl.FollowerState (FollowerState.java:run(114)) - 32f88ad7-b496-4276-ae36-0c1df3bcd831: FollowerState was interrupted: java.lang.InterruptedException: sleep interrupted
2019-08-28 13:05:37,110 [905064f4-24d2-4290-aeb9-f7b810d5a354:group-39FDF2C5AA13:LeaderElection81] INFO  impl.LeaderElection (LeaderElection.java:logAndReturn(56)) - 905064f4-24d2-4290-aeb9-f7b810d5a354:group-39FDF2C5AA13:LeaderElection81: Election REJECTED; received 2 response(s) [905064f4-24d2-4290-aeb9-f7b810d5a354<-32f88ad7-b496-4276-ae36-0c1df3bcd831#0:FAIL-t3, 905064f4-24d2-4290-aeb9-f7b810d5a354<-ce9c1f14-8030-466e-9ac8-42fad73b72bd#0:FAIL-t3] and 0 exception(s); 905064f4-24d2-4290-aeb9-f7b810d5a354:t3, leader=null, voted=905064f4-24d2-4290-aeb9-f7b810d5a354, raftlog=905064f4-24d2-4290-aeb9-f7b810d5a354-SegmentedRaftLog:OPENED:c-1,f-1,i0, conf=-1: [905064f4-24d2-4290-aeb9-f7b810d5a354:192.168.69.80:45248, 32f88ad7-b496-4276-ae36-0c1df3bcd831:192.168.69.80:34128, ce9c1f14-8030-466e-9ac8-42fad73b72bd:192.168.69.80:38237], old=null
2019-08-28 13:05:37,110 [905064f4-24d2-4290-aeb9-f7b810d5a354:group-39FDF2C5AA13:LeaderElection81] INFO  impl.RaftServerImpl (RaftServerImpl.java:setRole(171)) - 905064f4-24d2-4290-aeb9-f7b810d5a354:group-39FDF2C5AA13 changes role from CANDIDATE to FOLLOWER at term 3 for DISCOVERED_A_NEW_TERM
2019-08-28 13:05:37,110 [905064f4-24d2-4290-aeb9-f7b810d5a354:group-39FDF2C5AA13:LeaderElection81] INFO  impl.RoleInfo (RoleInfo.java:shutdownLeaderElection(134)) - 905064f4-24d2-4290-aeb9-f7b810d5a354: shutdown LeaderElection
2019-08-28 13:05:37,110 [905064f4-24d2-4290-aeb9-f7b810d5a354:group-39FDF2C5AA13:LeaderElection81] INFO  impl.RoleInfo (RoleInfo.java:updateAndGet(143)) - 905064f4-24d2-4290-aeb9-f7b810d5a354: start FollowerState
2019-08-28 13:05:37,223 | INFO  | SCMAudit | user=jenkins1000 | ip=192.168.69.80 | op=SEND_HEARTBEAT {datanodeUUID=616243d7-d102-41c9-b140-524e964f60c9, command=[]} | ret=SUCCESS |  
2019-08-28 13:05:37,252 [grpc-default-executor-0] INFO  client.GrpcClientProtocolClient (GrpcClientProtocolClient.java:onNext(255)) - client-DE8B1881BA14->905064f4-24d2-4290-aeb9-f7b810d5a354: receive RaftClientReply:client-DE8B1881BA14->905064f4-24d2-4290-aeb9-f7b810d5a354@group-39FDF2C5AA13, cid=182, FAILED org.apache.ratis.protocol.NotLeaderException: Server 905064f4-24d2-4290-aeb9-f7b810d5a354 is not the leader (null). Request must be sent to leader., logIndex=0, commits[905064f4-24d2-4290-aeb9-f7b810d5a354:c-1]
2019-08-28 13:05:37,387 | INFO  | SCMAudit | user=jenkins1000 | ip=192.168.69.80 | op=SEND_HEARTBEAT {datanodeUUID=32f88ad7-b496-4276-ae36-0c1df3bcd831, command=[]} | ret=SUCCESS |  
2019-08-28 13:05:37,542 | INFO  | SCMAudit | user=jenkins1000 | ip=192.168.69.80 | op=SEND_HEARTBEAT {datanodeUUID=59fb5bc9-2d90-422e-bf68-b67547f31f06, command=[]} | ret=SUCCESS |  
2019-08-28 13:05:37,578 | INFO  | SCMAudit | user=jenkins1000 | ip=192.168.69.80 | op=SEND_HEARTBEAT {datanodeUUID=905064f4-24d2-4290-aeb9-f7b810d5a354, command=[]} | ret=SUCCESS |  
2019-08-28 13:05:37,821 | INFO  | SCMAudit | user=jenkins1000 | ip=192.168.69.80 | op=SEND_HEARTBEAT {datanodeUUID=ce9c1f14-8030-466e-9ac8-42fad73b72bd, command=[]} | ret=SUCCESS |  
2019-08-28 13:05:38,021 | INFO  | SCMAudit | user=jenkins1000 | ip=192.168.69.80 | op=SEND_HEARTBEAT {datanodeUUID=824628d9-e5f8-4fcc-92ac-3dee9636940c, command=[]} | ret=SUCCESS |  
2019-08-28 13:05:38,052 | INFO  | SCMAudit | user=jenkins1000 | ip=192.168.69.80 | op=SEND_HEARTBEAT {datanodeUUID=6473d7a6-d5fa-4090-bf30-ee1350d7f475, command=[]} | ret=SUCCESS |  
2019-08-28 13:05:38,223 | INFO  | SCMAudit | user=jenkins1000 | ip=192.168.69.80 | op=SEND_HEARTBEAT {datanodeUUID=616243d7-d102-41c9-b140-524e964f60c9, command=[]} | ret=SUCCESS |  
2019-08-28 13:05:38,263 [grpc-default-executor-8] INFO  client.GrpcClientProtocolClient (GrpcClientProtocolClient.java:onNext(255)) - client-DE8B1881BA14->32f88ad7-b496-4276-ae36-0c1df3bcd831: receive RaftClientReply:client-DE8B1881BA14->32f88ad7-b496-4276-ae36-0c1df3bcd831@group-39FDF2C5AA13, cid=182, FAILED org.apache.ratis.protocol.NotLeaderException: Server 32f88ad7-b496-4276-ae36-0c1df3bcd831 is not the leader (null). Request must be sent to leader., logIndex=0, commits[32f88ad7-b496-4276-ae36-0c1df3bcd831:c-1, 905064f4-24d2-4290-aeb9-f7b810d5a354:c-1, ce9c1f14-8030-466e-9ac8-42fad73b72bd:c-1]
2019-08-28 13:05:38,387 | INFO  | SCMAudit | user=jenkins1000 | ip=192.168.69.80 | op=SEND_HEARTBEAT {datanodeUUID=32f88ad7-b496-4276-ae36-0c1df3bcd831, command=[]} | ret=SUCCESS |  
2019-08-28 13:05:38,542 | INFO  | SCMAudit | user=jenkins1000 | ip=192.168.69.80 | op=SEND_HEARTBEAT {datanodeUUID=59fb5bc9-2d90-422e-bf68-b67547f31f06, command=[]} | ret=SUCCESS |  
2019-08-28 13:05:38,578 | INFO  | SCMAudit | user=jenkins1000 | ip=192.168.69.80 | op=SEND_HEARTBEAT {datanodeUUID=905064f4-24d2-4290-aeb9-f7b810d5a354, command=[]} | ret=SUCCESS |  
2019-08-28 13:05:38,821 | INFO  | SCMAudit | user=jenkins1000 | ip=192.168.69.80 | op=SEND_HEARTBEAT {datanodeUUID=ce9c1f14-8030-466e-9ac8-42fad73b72bd, command=[]} | ret=SUCCESS |  
2019-08-28 13:05:39,021 | INFO  | SCMAudit | user=jenkins1000 | ip=192.168.69.80 | op=SEND_HEARTBEAT {datanodeUUID=824628d9-e5f8-4fcc-92ac-3dee9636940c, command=[]} | ret=SUCCESS |  
2019-08-28 13:05:39,052 | INFO  | SCMAudit | user=jenkins1000 | ip=192.168.69.80 | op=SEND_HEARTBEAT {datanodeUUID=6473d7a6-d5fa-4090-bf30-ee1350d7f475, command=[]} | ret=SUCCESS |  
2019-08-28 13:05:39,224 | INFO  | SCMAudit | user=jenkins1000 | ip=192.168.69.80 | op=SEND_HEARTBEAT {datanodeUUID=616243d7-d102-41c9-b140-524e964f60c9, command=[]} | ret=SUCCESS |  
2019-08-28 13:05:39,275 [grpc-default-executor-0] INFO  client.GrpcClientProtocolClient (GrpcClientProtocolClient.java:onNext(255)) - client-DE8B1881BA14->ce9c1f14-8030-466e-9ac8-42fad73b72bd: receive RaftClientReply:client-DE8B1881BA14->ce9c1f14-8030-466e-9ac8-42fad73b72bd@group-39FDF2C5AA13, cid=182, FAILED org.apache.ratis.protocol.NotLeaderException: Server ce9c1f14-8030-466e-9ac8-42fad73b72bd is not the leader (null). Request must be sent to leader., logIndex=0, commits[ce9c1f14-8030-466e-9ac8-42fad73b72bd:c-1, 905064f4-24d2-4290-aeb9-f7b810d5a354:c-1, 32f88ad7-b496-4276-ae36-0c1df3bcd831:c-1]
2019-08-28 13:05:39,387 | INFO  | SCMAudit | user=jenkins1000 | ip=192.168.69.80 | op=SEND_HEARTBEAT {datanodeUUID=32f88ad7-b496-4276-ae36-0c1df3bcd831, command=[]} | ret=SUCCESS |  
2019-08-28 13:05:39,542 | INFO  | SCMAudit | user=jenkins1000 | ip=192.168.69.80 | op=SEND_HEARTBEAT {datanodeUUID=59fb5bc9-2d90-422e-bf68-b67547f31f06, command=[]} | ret=SUCCESS |  
2019-08-28 13:05:39,578 | INFO  | SCMAudit | user=jenkins1000 | ip=192.168.69.80 | op=SEND_HEARTBEAT {datanodeUUID=905064f4-24d2-4290-aeb9-f7b810d5a354, command=[]} | ret=SUCCESS |  
2019-08-28 13:05:39,821 | INFO  | SCMAudit | user=jenkins1000 | ip=192.168.69.80 | op=SEND_HEARTBEAT {datanodeUUID=ce9c1f14-8030-466e-9ac8-42fad73b72bd, command=[]} | ret=SUCCESS |  
2019-08-28 13:05:40,022 | INFO  | SCMAudit | user=jenkins1000 | ip=192.168.69.80 | op=SEND_HEARTBEAT {datanodeUUID=824628d9-e5f8-4fcc-92ac-3dee9636940c, command=[]} | ret=SUCCESS |  
2019-08-28 13:05:40,052 | INFO  | SCMAudit | user=jenkins1000 | ip=192.168.69.80 | op=SEND_HEARTBEAT {datanodeUUID=6473d7a6-d5fa-4090-bf30-ee1350d7f475, command=[]} | ret=SUCCESS |  
2019-08-28 13:05:40,224 | INFO  | SCMAudit | user=jenkins1000 | ip=192.168.69.80 | op=SEND_HEARTBEAT {datanodeUUID=616243d7-d102-41c9-b140-524e964f60c9, command=[]} | ret=SUCCESS |  
2019-08-28 13:05:40,285 [grpc-default-executor-0] INFO  client.GrpcClientProtocolClient (GrpcClientProtocolClient.java:onNext(255)) - client-DE8B1881BA14->32f88ad7-b496-4276-ae36-0c1df3bcd831: receive RaftClientReply:client-DE8B1881BA14->32f88ad7-b496-4276-ae36-0c1df3bcd831@group-39FDF2C5AA13, cid=182, FAILED org.apache.ratis.protocol.NotLeaderException: Server 32f88ad7-b496-4276-ae36-0c1df3bcd831 is not the leader (null). Request must be sent to leader., logIndex=0, commits[32f88ad7-b496-4276-ae36-0c1df3bcd831:c-1, 905064f4-24d2-4290-aeb9-f7b810d5a354:c-1, ce9c1f14-8030-466e-9ac8-42fad73b72bd:c-1]
2019-08-28 13:05:40,388 | INFO  | SCMAudit | user=jenkins1000 | ip=192.168.69.80 | op=SEND_HEARTBEAT {datanodeUUID=32f88ad7-b496-4276-ae36-0c1df3bcd831, command=[]} | ret=SUCCESS |  
2019-08-28 13:05:40,543 | INFO  | SCMAudit | user=jenkins1000 | ip=192.168.69.80 | op=SEND_HEARTBEAT {datanodeUUID=59fb5bc9-2d90-422e-bf68-b67547f31f06, command=[]} | ret=SUCCESS |  
2019-08-28 13:05:40,578 | INFO  | SCMAudit | user=jenkins1000 | ip=192.168.69.80 | op=SEND_HEARTBEAT {datanodeUUID=905064f4-24d2-4290-aeb9-f7b810d5a354, command=[]} | ret=SUCCESS |  
2019-08-28 13:05:40,822 | INFO  | SCMAudit | user=jenkins1000 | ip=192.168.69.80 | op=SEND_HEARTBEAT {datanodeUUID=ce9c1f14-8030-466e-9ac8-42fad73b72bd, command=[]} | ret=SUCCESS |  
2019-08-28 13:05:41,022 | INFO  | SCMAudit | user=jenkins1000 | ip=192.168.69.80 | op=SEND_HEARTBEAT {datanodeUUID=824628d9-e5f8-4fcc-92ac-3dee9636940c, command=[]} | ret=SUCCESS |  
2019-08-28 13:05:41,052 | INFO  | SCMAudit | user=jenkins1000 | ip=192.168.69.80 | op=SEND_HEARTBEAT {datanodeUUID=6473d7a6-d5fa-4090-bf30-ee1350d7f475, command=[]} | ret=SUCCESS |  
2019-08-28 13:05:41,224 | INFO  | SCMAudit | user=jenkins1000 | ip=192.168.69.80 | op=SEND_HEARTBEAT {datanodeUUID=616243d7-d102-41c9-b140-524e964f60c9, command=[]} | ret=SUCCESS |  
2019-08-28 13:05:41,294 [grpc-default-executor-8] INFO  client.GrpcClientProtocolClient (GrpcClientProtocolClient.java:onNext(255)) - client-DE8B1881BA14->ce9c1f14-8030-466e-9ac8-42fad73b72bd: receive RaftClientReply:client-DE8B1881BA14->ce9c1f14-8030-466e-9ac8-42fad73b72bd@group-39FDF2C5AA13, cid=182, FAILED org.apache.ratis.protocol.NotLeaderException: Server ce9c1f14-8030-466e-9ac8-42fad73b72bd is not the leader (null). Request must be sent to leader., logIndex=0, commits[ce9c1f14-8030-466e-9ac8-42fad73b72bd:c-1, 905064f4-24d2-4290-aeb9-f7b810d5a354:c-1, 32f88ad7-b496-4276-ae36-0c1df3bcd831:c-1]
2019-08-28 13:05:41,388 | INFO  | SCMAudit | user=jenkins1000 | ip=192.168.69.80 | op=SEND_HEARTBEAT {datanodeUUID=32f88ad7-b496-4276-ae36-0c1df3bcd831, command=[]} | ret=SUCCESS |  
2019-08-28 13:05:41,543 | INFO  | SCMAudit | user=jenkins1000 | ip=192.168.69.80 | op=SEND_HEARTBEAT {datanodeUUID=59fb5bc9-2d90-422e-bf68-b67547f31f06, command=[]} | ret=SUCCESS |  
2019-08-28 13:05:41,578 | INFO  | SCMAudit | user=jenkins1000 | ip=192.168.69.80 | op=SEND_HEARTBEAT {datanodeUUID=905064f4-24d2-4290-aeb9-f7b810d5a354, command=[]} | ret=SUCCESS |  
2019-08-28 13:05:41,821 | INFO  | SCMAudit | user=jenkins1000 | ip=192.168.69.80 | op=SEND_HEARTBEAT {datanodeUUID=ce9c1f14-8030-466e-9ac8-42fad73b72bd, command=[]} | ret=SUCCESS |  
2019-08-28 13:05:42,022 | INFO  | SCMAudit | user=jenkins1000 | ip=192.168.69.80 | op=SEND_HEARTBEAT {datanodeUUID=824628d9-e5f8-4fcc-92ac-3dee9636940c, command=[]} | ret=SUCCESS |  
2019-08-28 13:05:42,052 | INFO  | SCMAudit | user=jenkins1000 | ip=192.168.69.80 | op=SEND_HEARTBEAT {datanodeUUID=6473d7a6-d5fa-4090-bf30-ee1350d7f475, command=[]} | ret=SUCCESS |  
2019-08-28 13:05:42,224 | INFO  | SCMAudit | user=jenkins1000 | ip=192.168.69.80 | op=SEND_HEARTBEAT {datanodeUUID=616243d7-d102-41c9-b140-524e964f60c9, command=[]} | ret=SUCCESS |  
2019-08-28 13:05:42,227 [Thread-3646] INFO  impl.FollowerState (FollowerState.java:run(106)) - ce9c1f14-8030-466e-9ac8-42fad73b72bd:group-39FDF2C5AA13 changes to CANDIDATE, lastRpcTime:5144, electionTimeout:5141ms
2019-08-28 13:05:42,228 [Thread-3646] INFO  impl.RoleInfo (RoleInfo.java:shutdownFollowerState(121)) - ce9c1f14-8030-466e-9ac8-42fad73b72bd: shutdown FollowerState
2019-08-28 13:05:42,228 [Thread-3646] INFO  impl.RaftServerImpl (RaftServerImpl.java:setRole(171)) - ce9c1f14-8030-466e-9ac8-42fad73b72bd:group-39FDF2C5AA13 changes role from FOLLOWER to CANDIDATE at term 3 for changeToCandidate
2019-08-28 13:05:42,228 [Thread-3646] INFO  impl.RoleInfo (RoleInfo.java:updateAndGet(143)) - ce9c1f14-8030-466e-9ac8-42fad73b72bd: start LeaderElection
2019-08-28 13:05:42,247 [ce9c1f14-8030-466e-9ac8-42fad73b72bd:group-39FDF2C5AA13:LeaderElection82] INFO  impl.LeaderElection (LeaderElection.java:askForVotes(181)) - ce9c1f14-8030-466e-9ac8-42fad73b72bd:group-39FDF2C5AA13:LeaderElection82: begin an election at term 4 for 0: [905064f4-24d2-4290-aeb9-f7b810d5a354:192.168.69.80:45248, 32f88ad7-b496-4276-ae36-0c1df3bcd831:192.168.69.80:34128, ce9c1f14-8030-466e-9ac8-42fad73b72bd:192.168.69.80:38237], old=null
2019-08-28 13:05:42,254 [grpc-default-executor-8] INFO  impl.RaftServerImpl (RaftServerImpl.java:setRole(171)) - 905064f4-24d2-4290-aeb9-f7b810d5a354:group-39FDF2C5AA13 changes role from FOLLOWER to FOLLOWER at term 4 for recognizeCandidate:ce9c1f14-8030-466e-9ac8-42fad73b72bd
2019-08-28 13:05:42,255 [Thread-3645] INFO  impl.FollowerState (FollowerState.java:run(106)) - 32f88ad7-b496-4276-ae36-0c1df3bcd831:group-39FDF2C5AA13 changes to CANDIDATE, lastRpcTime:5172, electionTimeout:5172ms
2019-08-28 13:05:42,255 [grpc-default-executor-8] INFO  impl.RoleInfo (RoleInfo.java:shutdownFollowerState(121)) - 905064f4-24d2-4290-aeb9-f7b810d5a354: shutdown FollowerState
2019-08-28 13:05:42,255 [Thread-3645] INFO  impl.RoleInfo (RoleInfo.java:shutdownFollowerState(121)) - 32f88ad7-b496-4276-ae36-0c1df3bcd831: shutdown FollowerState
2019-08-28 13:05:42,256 [grpc-default-executor-8] INFO  impl.RoleInfo (RoleInfo.java:updateAndGet(143)) - 905064f4-24d2-4290-aeb9-f7b810d5a354: start FollowerState
2019-08-28 13:05:42,256 [Thread-3647] INFO  impl.FollowerState (FollowerState.java:run(114)) - 905064f4-24d2-4290-aeb9-f7b810d5a354: FollowerState was interrupted: java.lang.InterruptedException: sleep interrupted
2019-08-28 13:05:42,256 [Thread-3645] INFO  impl.RaftServerImpl (RaftServerImpl.java:setRole(171)) - 32f88ad7-b496-4276-ae36-0c1df3bcd831:group-39FDF2C5AA13 changes role from FOLLOWER to CANDIDATE at term 3 for changeToCandidate
2019-08-28 13:05:42,266 [Thread-3645] INFO  impl.RoleInfo (RoleInfo.java:updateAndGet(143)) - 32f88ad7-b496-4276-ae36-0c1df3bcd831: start LeaderElection
2019-08-28 13:05:42,267 [grpc-default-executor-0] INFO  impl.RaftServerImpl (RaftServerImpl.java:setRole(171)) - 32f88ad7-b496-4276-ae36-0c1df3bcd831:group-39FDF2C5AA13 changes role from CANDIDATE to FOLLOWER at term 4 for recognizeCandidate:ce9c1f14-8030-466e-9ac8-42fad73b72bd
2019-08-28 13:05:42,267 [grpc-default-executor-0] INFO  impl.RoleInfo (RoleInfo.java:shutdownLeaderElection(134)) - 32f88ad7-b496-4276-ae36-0c1df3bcd831: shutdown LeaderElection
2019-08-28 13:05:42,267 [grpc-default-executor-0] INFO  impl.RoleInfo (RoleInfo.java:updateAndGet(143)) - 32f88ad7-b496-4276-ae36-0c1df3bcd831: start FollowerState
2019-08-28 13:05:42,284 [ce9c1f14-8030-466e-9ac8-42fad73b72bd:group-39FDF2C5AA13:LeaderElection82] INFO  impl.LeaderElection (LeaderElection.java:logAndReturn(56)) - ce9c1f14-8030-466e-9ac8-42fad73b72bd:group-39FDF2C5AA13:LeaderElection82: Election PASSED; received 1 response(s) [ce9c1f14-8030-466e-9ac8-42fad73b72bd<-905064f4-24d2-4290-aeb9-f7b810d5a354#0:OK-t4] and 0 exception(s); ce9c1f14-8030-466e-9ac8-42fad73b72bd:t4, leader=null, voted=ce9c1f14-8030-466e-9ac8-42fad73b72bd, raftlog=ce9c1f14-8030-466e-9ac8-42fad73b72bd-SegmentedRaftLog:OPENED:c-1,f0,i0, conf=0: [905064f4-24d2-4290-aeb9-f7b810d5a354:192.168.69.80:45248, 32f88ad7-b496-4276-ae36-0c1df3bcd831:192.168.69.80:34128, ce9c1f14-8030-466e-9ac8-42fad73b72bd:192.168.69.80:38237], old=null
2019-08-28 13:05:42,285 [ce9c1f14-8030-466e-9ac8-42fad73b72bd:group-39FDF2C5AA13:LeaderElection82] INFO  impl.RoleInfo (RoleInfo.java:shutdownLeaderElection(134)) - ce9c1f14-8030-466e-9ac8-42fad73b72bd: shutdown LeaderElection
2019-08-28 13:05:42,285 [ce9c1f14-8030-466e-9ac8-42fad73b72bd:group-39FDF2C5AA13:LeaderElection82] INFO  impl.RaftServerImpl (RaftServerImpl.java:setRole(171)) - ce9c1f14-8030-466e-9ac8-42fad73b72bd:group-39FDF2C5AA13 changes role from CANDIDATE to LEADER at term 4 for changeToLeader
2019-08-28 13:05:42,285 [ce9c1f14-8030-466e-9ac8-42fad73b72bd:group-39FDF2C5AA13:LeaderElection82] INFO  impl.RaftServerImpl (ServerState.java:setLeader(263)) - ce9c1f14-8030-466e-9ac8-42fad73b72bd:group-39FDF2C5AA13 change Leader from null to ce9c1f14-8030-466e-9ac8-42fad73b72bd at term 4 for becomeLeader, leader elected after 10145ms
2019-08-28 13:05:42,285 [ce9c1f14-8030-466e-9ac8-42fad73b72bd:group-39FDF2C5AA13:LeaderElection82] INFO  server.RaftServerConfigKeys (ConfUtils.java:logGet(43)) - raft.server.staging.catchup.gap = 1000 (default)
2019-08-28 13:05:42,285 [ce9c1f14-8030-466e-9ac8-42fad73b72bd:group-39FDF2C5AA13:LeaderElection82] INFO  server.RaftServerConfigKeys (ConfUtils.java:logGet(43)) - raft.server.rpc.sleep.time = 25ms (default)
2019-08-28 13:05:42,285 [ce9c1f14-8030-466e-9ac8-42fad73b72bd:group-39FDF2C5AA13:LeaderElection82] INFO  server.RaftServerConfigKeys (ConfUtils.java:logGet(43)) - raft.server.write.element-limit = 4096 (default)
2019-08-28 13:05:42,286 [ce9c1f14-8030-466e-9ac8-42fad73b72bd:group-39FDF2C5AA13:LeaderElection82] INFO  server.RaftServerConfigKeys (ConfUtils.java:logGet(43)) - raft.server.watch.timeout = 10s (default)
2019-08-28 13:05:42,286 [ce9c1f14-8030-466e-9ac8-42fad73b72bd:group-39FDF2C5AA13:LeaderElection82] INFO  server.RaftServerConfigKeys (ConfUtils.java:logGet(43)) - raft.server.watch.timeout.denomination = 1s (default)
2019-08-28 13:05:42,286 [ce9c1f14-8030-466e-9ac8-42fad73b72bd:group-39FDF2C5AA13:LeaderElection82] INFO  server.RaftServerConfigKeys (ConfUtils.java:logGet(43)) - raft.server.watch.element-limit = 65536 (default)
2019-08-28 13:05:42,286 [ce9c1f14-8030-466e-9ac8-42fad73b72bd:group-39FDF2C5AA13:LeaderElection82] INFO  server.RaftServerConfigKeys (ConfUtils.java:logGet(43)) - raft.server.log.appender.snapshot.chunk.size.max = 16MB (=16777216) (default)
2019-08-28 13:05:42,287 [ce9c1f14-8030-466e-9ac8-42fad73b72bd:group-39FDF2C5AA13:LeaderElection82] INFO  server.RaftServerConfigKeys (ConfUtils.java:logGet(43)) - raft.server.log.appender.buffer.byte-limit = 33554432 (custom)
2019-08-28 13:05:42,287 [ce9c1f14-8030-466e-9ac8-42fad73b72bd:group-39FDF2C5AA13:LeaderElection82] INFO  server.RaftServerConfigKeys (ConfUtils.java:logGet(43)) - raft.server.log.appender.buffer.element-limit = 1 (custom)
2019-08-28 13:05:42,287 [ce9c1f14-8030-466e-9ac8-42fad73b72bd:group-39FDF2C5AA13:LeaderElection82] INFO  grpc.GrpcConfigKeys$Server (ConfUtils.java:logGet(43)) - raft.grpc.server.leader.outstanding.appends.max = 128 (default)
2019-08-28 13:05:42,287 [ce9c1f14-8030-466e-9ac8-42fad73b72bd:group-39FDF2C5AA13:LeaderElection82] INFO  server.RaftServerConfigKeys (ConfUtils.java:logGet(43)) - raft.server.rpc.request.timeout = 3000ms (default)
2019-08-28 13:05:42,287 [ce9c1f14-8030-466e-9ac8-42fad73b72bd:group-39FDF2C5AA13:LeaderElection82] INFO  server.RaftServerConfigKeys (ConfUtils.java:logGet(43)) - raft.server.log.appender.install.snapshot.enabled = false (custom)
2019-08-28 13:05:42,288 [ce9c1f14-8030-466e-9ac8-42fad73b72bd:group-39FDF2C5AA13:LeaderElection82] INFO  server.RaftServerConfigKeys (ConfUtils.java:logGet(43)) - raft.server.log.appender.snapshot.chunk.size.max = 16MB (=16777216) (default)
2019-08-28 13:05:42,288 [ce9c1f14-8030-466e-9ac8-42fad73b72bd:group-39FDF2C5AA13:LeaderElection82] INFO  server.RaftServerConfigKeys (ConfUtils.java:logGet(43)) - raft.server.log.appender.buffer.byte-limit = 33554432 (custom)
2019-08-28 13:05:42,288 [ce9c1f14-8030-466e-9ac8-42fad73b72bd:group-39FDF2C5AA13:LeaderElection82] INFO  server.RaftServerConfigKeys (ConfUtils.java:logGet(43)) - raft.server.log.appender.buffer.element-limit = 1 (custom)
2019-08-28 13:05:42,288 [ce9c1f14-8030-466e-9ac8-42fad73b72bd:group-39FDF2C5AA13:LeaderElection82] INFO  grpc.GrpcConfigKeys$Server (ConfUtils.java:logGet(43)) - raft.grpc.server.leader.outstanding.appends.max = 128 (default)
2019-08-28 13:05:42,288 [ce9c1f14-8030-466e-9ac8-42fad73b72bd:group-39FDF2C5AA13:LeaderElection82] INFO  server.RaftServerConfigKeys (ConfUtils.java:logGet(43)) - raft.server.rpc.request.timeout = 3000ms (default)
2019-08-28 13:05:42,289 [ce9c1f14-8030-466e-9ac8-42fad73b72bd:group-39FDF2C5AA13:LeaderElection82] INFO  server.RaftServerConfigKeys (ConfUtils.java:logGet(43)) - raft.server.log.appender.install.snapshot.enabled = false (custom)
2019-08-28 13:05:42,289 [ce9c1f14-8030-466e-9ac8-42fad73b72bd:group-39FDF2C5AA13:LeaderElection82] INFO  impl.RoleInfo (RoleInfo.java:updateAndGet(143)) - ce9c1f14-8030-466e-9ac8-42fad73b72bd: start LeaderState
2019-08-28 13:05:42,289 [ce9c1f14-8030-466e-9ac8-42fad73b72bd:group-39FDF2C5AA13:LeaderElection82] INFO  segmented.SegmentedRaftLogWorker (SegmentedRaftLogWorker.java:rollLogSegment(385)) - ce9c1f14-8030-466e-9ac8-42fad73b72bd-SegmentedRaftLogWorker:Storage Directory /workdir/hadoop-ozone/integration-test/target/test-dir/MiniOzoneClusterImpl-b4ee2db5-7e6f-4740-8562-f15ac3dbe928/datanode-5/data/ratis/403ff206-adec-4fb5-a852-39fdf2c5aa13: Rolling segment log-0_0 to index:0
2019-08-28 13:05:42,292 [ce9c1f14-8030-466e-9ac8-42fad73b72bd-SegmentedRaftLogWorker:Storage Directory /workdir/hadoop-ozone/integration-test/target/test-dir/MiniOzoneClusterImpl-b4ee2db5-7e6f-4740-8562-f15ac3dbe928/datanode-5/data/ratis/403ff206-adec-4fb5-a852-39fdf2c5aa13] INFO  segmented.SegmentedRaftLogWorker (SegmentedRaftLogWorker.java:execute(526)) - ce9c1f14-8030-466e-9ac8-42fad73b72bd-SegmentedRaftLogWorker:Storage Directory /workdir/hadoop-ozone/integration-test/target/test-dir/MiniOzoneClusterImpl-b4ee2db5-7e6f-4740-8562-f15ac3dbe928/datanode-5/data/ratis/403ff206-adec-4fb5-a852-39fdf2c5aa13: Rolled log segment from /workdir/hadoop-ozone/integration-test/target/test-dir/MiniOzoneClusterImpl-b4ee2db5-7e6f-4740-8562-f15ac3dbe928/datanode-5/data/ratis/403ff206-adec-4fb5-a852-39fdf2c5aa13/current/log_inprogress_0 to /workdir/hadoop-ozone/integration-test/target/test-dir/MiniOzoneClusterImpl-b4ee2db5-7e6f-4740-8562-f15ac3dbe928/datanode-5/data/ratis/403ff206-adec-4fb5-a852-39fdf2c5aa13/current/log_0-0
2019-08-28 13:05:42,292 [ce9c1f14-8030-466e-9ac8-42fad73b72bd:group-39FDF2C5AA13:LeaderElection82] INFO  impl.RaftServerImpl (ServerState.java:setRaftConf(361)) - ce9c1f14-8030-466e-9ac8-42fad73b72bd:group-39FDF2C5AA13 set configuration 1: [905064f4-24d2-4290-aeb9-f7b810d5a354:192.168.69.80:45248, 32f88ad7-b496-4276-ae36-0c1df3bcd831:192.168.69.80:34128, ce9c1f14-8030-466e-9ac8-42fad73b72bd:192.168.69.80:38237], old=null at 1
2019-08-28 13:05:42,294 [grpc-default-executor-0] INFO  impl.RaftServerImpl (ServerState.java:setLeader(263)) - 905064f4-24d2-4290-aeb9-f7b810d5a354:group-39FDF2C5AA13 change Leader from null to ce9c1f14-8030-466e-9ac8-42fad73b72bd at term 4 for appendEntries, leader elected after 15373ms
2019-08-28 13:05:42,295 [grpc-default-executor-0] INFO  impl.RaftServerImpl (RaftServerImpl.java:checkInconsistentAppendEntries(999)) - 905064f4-24d2-4290-aeb9-f7b810d5a354: Failed appendEntries as previous log entry ((t:1, i:0)) is not found
2019-08-28 13:05:42,295 [grpc-default-executor-0] INFO  impl.RaftServerImpl (RaftServerImpl.java:checkInconsistentAppendEntries(972)) - 905064f4-24d2-4290-aeb9-f7b810d5a354: inconsistency entries. Reply:ce9c1f14-8030-466e-9ac8-42fad73b72bd<-905064f4-24d2-4290-aeb9-f7b810d5a354#0:FAIL,INCONSISTENCY,nextIndex:0,term:4,followerCommit:-1
2019-08-28 13:05:42,297 [grpc-default-executor-0] INFO  impl.FollowerInfo (FollowerInfo.java:lambda$new$0(50)) - ce9c1f14-8030-466e-9ac8-42fad73b72bd->905064f4-24d2-4290-aeb9-f7b810d5a354: nextIndex: updateUnconditionally 1 -> 0
2019-08-28 13:05:42,298 [grpc-default-executor-6] INFO  impl.RaftServerImpl (ServerState.java:setRaftConf(361)) - 905064f4-24d2-4290-aeb9-f7b810d5a354:group-39FDF2C5AA13 set configuration 0: [905064f4-24d2-4290-aeb9-f7b810d5a354:192.168.69.80:45248, 32f88ad7-b496-4276-ae36-0c1df3bcd831:192.168.69.80:34128, ce9c1f14-8030-466e-9ac8-42fad73b72bd:192.168.69.80:38237], old=null at 0
2019-08-28 13:05:42,298 [grpc-default-executor-6] INFO  segmented.SegmentedRaftLogWorker (SegmentedRaftLogWorker.java:startLogSegment(380)) - 905064f4-24d2-4290-aeb9-f7b810d5a354-SegmentedRaftLogWorker:Storage Directory /workdir/hadoop-ozone/integration-test/target/test-dir/MiniOzoneClusterImpl-b4ee2db5-7e6f-4740-8562-f15ac3dbe928/datanode-4/data/ratis/403ff206-adec-4fb5-a852-39fdf2c5aa13: Starting segment from index:0
2019-08-28 13:05:42,322 [32f88ad7-b496-4276-ae36-0c1df3bcd831:group-39FDF2C5AA13:LeaderElection83] INFO  impl.LeaderElection (LeaderElection.java:askForVotes(181)) - 32f88ad7-b496-4276-ae36-0c1df3bcd831:group-39FDF2C5AA13:LeaderElection83: begin an election at term 5 for 0: [905064f4-24d2-4290-aeb9-f7b810d5a354:192.168.69.80:45248, 32f88ad7-b496-4276-ae36-0c1df3bcd831:192.168.69.80:34128, ce9c1f14-8030-466e-9ac8-42fad73b72bd:192.168.69.80:38237], old=null
2019-08-28 13:05:42,350 [ce9c1f14-8030-466e-9ac8-42fad73b72bd-SegmentedRaftLogWorker:Storage Directory /workdir/hadoop-ozone/integration-test/target/test-dir/MiniOzoneClusterImpl-b4ee2db5-7e6f-4740-8562-f15ac3dbe928/datanode-5/data/ratis/403ff206-adec-4fb5-a852-39fdf2c5aa13] INFO  segmented.SegmentedRaftLogWorker (SegmentedRaftLogWorker.java:execute(569)) - ce9c1f14-8030-466e-9ac8-42fad73b72bd-SegmentedRaftLogWorker:Storage Directory /workdir/hadoop-ozone/integration-test/target/test-dir/MiniOzoneClusterImpl-b4ee2db5-7e6f-4740-8562-f15ac3dbe928/datanode-5/data/ratis/403ff206-adec-4fb5-a852-39fdf2c5aa13: created new log segment /workdir/hadoop-ozone/integration-test/target/test-dir/MiniOzoneClusterImpl-b4ee2db5-7e6f-4740-8562-f15ac3dbe928/datanode-5/data/ratis/403ff206-adec-4fb5-a852-39fdf2c5aa13/current/log_inprogress_1
2019-08-28 13:05:42,350 [grpc-default-executor-8] INFO  impl.RaftServerImpl (ServerState.java:setRaftConf(361)) - 905064f4-24d2-4290-aeb9-f7b810d5a354:group-39FDF2C5AA13 set configuration 1: [905064f4-24d2-4290-aeb9-f7b810d5a354:192.168.69.80:45248, 32f88ad7-b496-4276-ae36-0c1df3bcd831:192.168.69.80:34128, ce9c1f14-8030-466e-9ac8-42fad73b72bd:192.168.69.80:38237], old=null at 1
2019-08-28 13:05:42,351 [Thread-3674] INFO  impl.RaftServerImpl (ServerState.java:setLeader(263)) - ce9c1f14-8030-466e-9ac8-42fad73b72bd:group-39FDF2C5AA13 change Leader from ce9c1f14-8030-466e-9ac8-42fad73b72bd to null at term 5 for updateCurrentTerm
2019-08-28 13:05:42,351 [grpc-default-executor-8] INFO  segmented.SegmentedRaftLogWorker (SegmentedRaftLogWorker.java:rollLogSegment(385)) - 905064f4-24d2-4290-aeb9-f7b810d5a354-SegmentedRaftLogWorker:Storage Directory /workdir/hadoop-ozone/integration-test/target/test-dir/MiniOzoneClusterImpl-b4ee2db5-7e6f-4740-8562-f15ac3dbe928/datanode-4/data/ratis/403ff206-adec-4fb5-a852-39fdf2c5aa13: Rolling segment log-0_0 to index:0
2019-08-28 13:05:42,351 [32f88ad7-b496-4276-ae36-0c1df3bcd831:group-39FDF2C5AA13:LeaderElection83] INFO  impl.LeaderElection (LeaderElection.java:logAndReturn(56)) - 32f88ad7-b496-4276-ae36-0c1df3bcd831:group-39FDF2C5AA13:LeaderElection83: Election REJECTED; received 0 response(s) [] and 0 exception(s); 32f88ad7-b496-4276-ae36-0c1df3bcd831:t5, leader=null, voted=32f88ad7-b496-4276-ae36-0c1df3bcd831, raftlog=32f88ad7-b496-4276-ae36-0c1df3bcd831-SegmentedRaftLog:OPENED:c-1,f0,i0, conf=0: [905064f4-24d2-4290-aeb9-f7b810d5a354:192.168.69.80:45248, 32f88ad7-b496-4276-ae36-0c1df3bcd831:192.168.69.80:34128, ce9c1f14-8030-466e-9ac8-42fad73b72bd:192.168.69.80:38237], old=null
2019-08-28 13:05:42,351 [Thread-3674] INFO  impl.RaftServerImpl (RaftServerImpl.java:setRole(171)) - ce9c1f14-8030-466e-9ac8-42fad73b72bd:group-39FDF2C5AA13 changes role from LEADER to FOLLOWER at term 5 for stepDown
2019-08-28 13:05:42,351 [grpc-default-executor-0] INFO  client.GrpcClientProtocolClient (GrpcClientProtocolClient.java:onNext(255)) - client-DE8B1881BA14->905064f4-24d2-4290-aeb9-f7b810d5a354: receive RaftClientReply:client-DE8B1881BA14->905064f4-24d2-4290-aeb9-f7b810d5a354@group-39FDF2C5AA13, cid=182, FAILED org.apache.ratis.protocol.NotLeaderException: Server 905064f4-24d2-4290-aeb9-f7b810d5a354 is not the leader (ce9c1f14-8030-466e-9ac8-42fad73b72bd:192.168.69.80:38237). Request must be sent to leader., logIndex=0, commits[905064f4-24d2-4290-aeb9-f7b810d5a354:c-1]
2019-08-28 13:05:42,351 [Thread-3674] INFO  impl.RoleInfo (RoleInfo.java:shutdownLeaderState(104)) - ce9c1f14-8030-466e-9ac8-42fad73b72bd: shutdown LeaderState
2019-08-28 13:05:42,356 [Thread-3674] INFO  impl.PendingRequests (PendingRequests.java:sendNotLeaderResponses(202)) - ce9c1f14-8030-466e-9ac8-42fad73b72bd-PendingRequests: sendNotLeaderResponses
2019-08-28 13:05:42,356 [org.apache.ratis.server.impl.LogAppender$AppenderDaemon$$Lambda$498/814480674@597b9cc0] WARN  server.GrpcLogAppender (GrpcLogAppender.java:mayWait(143)) - GrpcLogAppender(ce9c1f14-8030-466e-9ac8-42fad73b72bd->32f88ad7-b496-4276-ae36-0c1df3bcd831): Wait interrupted by java.lang.InterruptedException
2019-08-28 13:05:42,356 [Thread-3674] INFO  impl.RoleInfo (RoleInfo.java:updateAndGet(143)) - ce9c1f14-8030-466e-9ac8-42fad73b72bd: start FollowerState
2019-08-28 13:05:42,356 [org.apache.ratis.server.impl.LogAppender$AppenderDaemon$$Lambda$498/814480674@1c79012b] WARN  server.GrpcLogAppender (GrpcLogAppender.java:mayWait(143)) - GrpcLogAppender(ce9c1f14-8030-466e-9ac8-42fad73b72bd->905064f4-24d2-4290-aeb9-f7b810d5a354): Wait interrupted by java.lang.InterruptedException
2019-08-28 13:05:42,361 [grpc-default-executor-0] INFO  server.GrpcServerProtocolService (GrpcServerProtocolService.java:onCompleted(104)) - 905064f4-24d2-4290-aeb9-f7b810d5a354: appendEntries completed
2019-08-28 13:05:42,361 [grpc-default-executor-7] INFO  server.GrpcServerProtocolService (GrpcServerProtocolService.java:onCompleted(104)) - 32f88ad7-b496-4276-ae36-0c1df3bcd831: appendEntries completed
2019-08-28 13:05:42,363 [905064f4-24d2-4290-aeb9-f7b810d5a354-SegmentedRaftLogWorker:Storage Directory /workdir/hadoop-ozone/integration-test/target/test-dir/MiniOzoneClusterImpl-b4ee2db5-7e6f-4740-8562-f15ac3dbe928/datanode-4/data/ratis/403ff206-adec-4fb5-a852-39fdf2c5aa13] INFO  segmented.SegmentedRaftLogWorker (SegmentedRaftLogWorker.java:execute(569)) - 905064f4-24d2-4290-aeb9-f7b810d5a354-SegmentedRaftLogWorker:Storage Directory /workdir/hadoop-ozone/integration-test/target/test-dir/MiniOzoneClusterImpl-b4ee2db5-7e6f-4740-8562-f15ac3dbe928/datanode-4/data/ratis/403ff206-adec-4fb5-a852-39fdf2c5aa13: created new log segment /workdir/hadoop-ozone/integration-test/target/test-dir/MiniOzoneClusterImpl-b4ee2db5-7e6f-4740-8562-f15ac3dbe928/datanode-4/data/ratis/403ff206-adec-4fb5-a852-39fdf2c5aa13/current/log_inprogress_0
2019-08-28 13:05:42,371 [grpc-default-executor-7] INFO  server.GrpcLogAppender (GrpcLogAppender.java:onCompleted(292)) - ce9c1f14-8030-466e-9ac8-42fad73b72bd->905064f4-24d2-4290-aeb9-f7b810d5a354: follower responses appendEntries COMPLETED
2019-08-28 13:05:42,371 [grpc-default-executor-6] INFO  server.GrpcLogAppender (GrpcLogAppender.java:onCompleted(292)) - ce9c1f14-8030-466e-9ac8-42fad73b72bd->32f88ad7-b496-4276-ae36-0c1df3bcd831: follower responses appendEntries COMPLETED
2019-08-28 13:05:42,371 [grpc-default-executor-7] INFO  impl.FollowerInfo (FollowerInfo.java:lambda$new$0(50)) - ce9c1f14-8030-466e-9ac8-42fad73b72bd->905064f4-24d2-4290-aeb9-f7b810d5a354: nextIndex: updateUnconditionally 2 -> 1
2019-08-28 13:05:42,372 [grpc-default-executor-6] INFO  impl.FollowerInfo (FollowerInfo.java:lambda$new$0(50)) - ce9c1f14-8030-466e-9ac8-42fad73b72bd->32f88ad7-b496-4276-ae36-0c1df3bcd831: nextIndex: updateUnconditionally 1 -> 0
2019-08-28 13:05:42,374 [grpc-default-executor-7] INFO  impl.RaftServerImpl (RaftServerImpl.java:setRole(171)) - ce9c1f14-8030-466e-9ac8-42fad73b72bd:group-39FDF2C5AA13 changes role from FOLLOWER to FOLLOWER at term 5 for recognizeCandidate:32f88ad7-b496-4276-ae36-0c1df3bcd831
2019-08-28 13:05:42,374 [grpc-default-executor-7] INFO  impl.RoleInfo (RoleInfo.java:shutdownFollowerState(121)) - ce9c1f14-8030-466e-9ac8-42fad73b72bd: shutdown FollowerState
2019-08-28 13:05:42,374 [grpc-default-executor-7] INFO  impl.RoleInfo (RoleInfo.java:updateAndGet(143)) - ce9c1f14-8030-466e-9ac8-42fad73b72bd: start FollowerState
2019-08-28 13:05:42,374 [Thread-3683] INFO  impl.FollowerState (FollowerState.java:run(114)) - ce9c1f14-8030-466e-9ac8-42fad73b72bd: FollowerState was interrupted: java.lang.InterruptedException: sleep interrupted
2019-08-28 13:05:42,385 [grpc-default-executor-7] INFO  impl.RaftServerImpl (ServerState.java:setLeader(263)) - 905064f4-24d2-4290-aeb9-f7b810d5a354:group-39FDF2C5AA13 change Leader from ce9c1f14-8030-466e-9ac8-42fad73b72bd to null at term 5 for updateCurrentTerm
2019-08-28 13:05:42,385 [grpc-default-executor-7] INFO  impl.RaftServerImpl (RaftServerImpl.java:setRole(171)) - 905064f4-24d2-4290-aeb9-f7b810d5a354:group-39FDF2C5AA13 changes role from FOLLOWER to FOLLOWER at term 5 for recognizeCandidate:32f88ad7-b496-4276-ae36-0c1df3bcd831
2019-08-28 13:05:42,387 [grpc-default-executor-7] INFO  impl.RoleInfo (RoleInfo.java:shutdownFollowerState(121)) - 905064f4-24d2-4290-aeb9-f7b810d5a354: shutdown FollowerState
2019-08-28 13:05:42,387 [905064f4-24d2-4290-aeb9-f7b810d5a354-SegmentedRaftLogWorker:Storage Directory /workdir/hadoop-ozone/integration-test/target/test-dir/MiniOzoneClusterImpl-b4ee2db5-7e6f-4740-8562-f15ac3dbe928/datanode-4/data/ratis/403ff206-adec-4fb5-a852-39fdf2c5aa13] INFO  segmented.SegmentedRaftLogWorker (SegmentedRaftLogWorker.java:execute(526)) - 905064f4-24d2-4290-aeb9-f7b810d5a354-SegmentedRaftLogWorker:Storage Directory /workdir/hadoop-ozone/integration-test/target/test-dir/MiniOzoneClusterImpl-b4ee2db5-7e6f-4740-8562-f15ac3dbe928/datanode-4/data/ratis/403ff206-adec-4fb5-a852-39fdf2c5aa13: Rolled log segment from /workdir/hadoop-ozone/integration-test/target/test-dir/MiniOzoneClusterImpl-b4ee2db5-7e6f-4740-8562-f15ac3dbe928/datanode-4/data/ratis/403ff206-adec-4fb5-a852-39fdf2c5aa13/current/log_inprogress_0 to /workdir/hadoop-ozone/integration-test/target/test-dir/MiniOzoneClusterImpl-b4ee2db5-7e6f-4740-8562-f15ac3dbe928/datanode-4/data/ratis/403ff206-adec-4fb5-a852-39fdf2c5aa13/current/log_0-0
2019-08-28 13:05:42,387 [grpc-default-executor-7] INFO  impl.RoleInfo (RoleInfo.java:updateAndGet(143)) - 905064f4-24d2-4290-aeb9-f7b810d5a354: start FollowerState
2019-08-28 13:05:42,387 [Thread-3670] INFO  impl.FollowerState (FollowerState.java:run(114)) - 905064f4-24d2-4290-aeb9-f7b810d5a354: FollowerState was interrupted: java.lang.InterruptedException: sleep interrupted
2019-08-28 13:05:42,415 | INFO  | SCMAudit | user=jenkins1000 | ip=192.168.69.80 | op=SEND_HEARTBEAT {datanodeUUID=32f88ad7-b496-4276-ae36-0c1df3bcd831, command=[]} | ret=SUCCESS |  
2019-08-28 13:05:42,415 [grpc-default-executor-6] INFO  client.GrpcClientProtocolClient (GrpcClientProtocolClient.java:onNext(255)) - client-DE8B1881BA14->ce9c1f14-8030-466e-9ac8-42fad73b72bd: receive RaftClientReply:client-DE8B1881BA14->ce9c1f14-8030-466e-9ac8-42fad73b72bd@group-39FDF2C5AA13, cid=182, FAILED org.apache.ratis.protocol.NotLeaderException: Server ce9c1f14-8030-466e-9ac8-42fad73b72bd is not the leader (null). Request must be sent to leader., logIndex=0, commits[ce9c1f14-8030-466e-9ac8-42fad73b72bd:c-1, 905064f4-24d2-4290-aeb9-f7b810d5a354:c-1, 32f88ad7-b496-4276-ae36-0c1df3bcd831:c-1]
2019-08-28 13:05:42,427 [905064f4-24d2-4290-aeb9-f7b810d5a354-SegmentedRaftLogWorker:Storage Directory /workdir/hadoop-ozone/integration-test/target/test-dir/MiniOzoneClusterImpl-b4ee2db5-7e6f-4740-8562-f15ac3dbe928/datanode-4/data/ratis/403ff206-adec-4fb5-a852-39fdf2c5aa13] INFO  segmented.SegmentedRaftLogWorker (SegmentedRaftLogWorker.java:execute(569)) - 905064f4-24d2-4290-aeb9-f7b810d5a354-SegmentedRaftLogWorker:Storage Directory /workdir/hadoop-ozone/integration-test/target/test-dir/MiniOzoneClusterImpl-b4ee2db5-7e6f-4740-8562-f15ac3dbe928/datanode-4/data/ratis/403ff206-adec-4fb5-a852-39fdf2c5aa13: created new log segment /workdir/hadoop-ozone/integration-test/target/test-dir/MiniOzoneClusterImpl-b4ee2db5-7e6f-4740-8562-f15ac3dbe928/datanode-4/data/ratis/403ff206-adec-4fb5-a852-39fdf2c5aa13/current/log_inprogress_1
2019-08-28 13:05:42,543 | INFO  | SCMAudit | user=jenkins1000 | ip=192.168.69.80 | op=SEND_HEARTBEAT {datanodeUUID=59fb5bc9-2d90-422e-bf68-b67547f31f06, command=[]} | ret=SUCCESS |  
2019-08-28 13:05:42,578 | INFO  | SCMAudit | user=jenkins1000 | ip=192.168.69.80 | op=SEND_HEARTBEAT {datanodeUUID=905064f4-24d2-4290-aeb9-f7b810d5a354, command=[]} | ret=SUCCESS |  
2019-08-28 13:05:42,821 | INFO  | SCMAudit | user=jenkins1000 | ip=192.168.69.80 | op=SEND_HEARTBEAT {datanodeUUID=ce9c1f14-8030-466e-9ac8-42fad73b72bd, command=[]} | ret=SUCCESS |  
2019-08-28 13:05:43,023 | INFO  | SCMAudit | user=jenkins1000 | ip=192.168.69.80 | op=SEND_HEARTBEAT {datanodeUUID=824628d9-e5f8-4fcc-92ac-3dee9636940c, command=[]} | ret=SUCCESS |  
2019-08-28 13:05:43,052 | INFO  | SCMAudit | user=jenkins1000 | ip=192.168.69.80 | op=SEND_HEARTBEAT {datanodeUUID=6473d7a6-d5fa-4090-bf30-ee1350d7f475, command=[]} | ret=SUCCESS |  
2019-08-28 13:05:43,225 | INFO  | SCMAudit | user=jenkins1000 | ip=192.168.69.80 | op=SEND_HEARTBEAT {datanodeUUID=616243d7-d102-41c9-b140-524e964f60c9, command=[]} | ret=SUCCESS |  
2019-08-28 13:05:43,416 | INFO  | SCMAudit | user=jenkins1000 | ip=192.168.69.80 | op=SEND_HEARTBEAT {datanodeUUID=32f88ad7-b496-4276-ae36-0c1df3bcd831, command=[]} | ret=SUCCESS |  
2019-08-28 13:05:43,446 [grpc-default-executor-7] INFO  client.GrpcClientProtocolClient (GrpcClientProtocolClient.java:onNext(255)) - client-DE8B1881BA14->32f88ad7-b496-4276-ae36-0c1df3bcd831: receive RaftClientReply:client-DE8B1881BA14->32f88ad7-b496-4276-ae36-0c1df3bcd831@group-39FDF2C5AA13, cid=182, FAILED org.apache.ratis.protocol.NotLeaderException: Server 32f88ad7-b496-4276-ae36-0c1df3bcd831 is not the leader (null). Request must be sent to leader., logIndex=0, commits[32f88ad7-b496-4276-ae36-0c1df3bcd831:c-1, 905064f4-24d2-4290-aeb9-f7b810d5a354:c-1, ce9c1f14-8030-466e-9ac8-42fad73b72bd:c-1]
2019-08-28 13:05:43,453 [grpc-default-worker-ELG-3-4] WARN  nio.NioEventLoop (NioEventLoop.java:select(786)) - Selector.select() returned prematurely {} times in a row; rebuilding Selector {}.
2019-08-28 13:05:43,454 [grpc-default-worker-ELG-3-4] INFO  nio.NioEventLoop (NioEventLoop.java:rebuildSelector0(396)) - Migrated 3 channel(s) to the new Selector.
2019-08-28 13:05:43,543 | INFO  | SCMAudit | user=jenkins1000 | ip=192.168.69.80 | op=SEND_HEARTBEAT {datanodeUUID=59fb5bc9-2d90-422e-bf68-b67547f31f06, command=[]} | ret=SUCCESS |  
2019-08-28 13:05:43,579 | INFO  | SCMAudit | user=jenkins1000 | ip=192.168.69.80 | op=SEND_HEARTBEAT {datanodeUUID=905064f4-24d2-4290-aeb9-f7b810d5a354, command=[]} | ret=SUCCESS |  
2019-08-28 13:05:43,821 | INFO  | SCMAudit | user=jenkins1000 | ip=192.168.69.80 | op=SEND_HEARTBEAT {datanodeUUID=ce9c1f14-8030-466e-9ac8-42fad73b72bd, command=[]} | ret=SUCCESS |  
2019-08-28 13:05:44,022 | INFO  | SCMAudit | user=jenkins1000 | ip=192.168.69.80 | op=SEND_HEARTBEAT {datanodeUUID=824628d9-e5f8-4fcc-92ac-3dee9636940c, command=[]} | ret=SUCCESS |  
2019-08-28 13:05:44,052 | INFO  | SCMAudit | user=jenkins1000 | ip=192.168.69.80 | op=SEND_HEARTBEAT {datanodeUUID=6473d7a6-d5fa-4090-bf30-ee1350d7f475, command=[]} | ret=SUCCESS |  
2019-08-28 13:05:44,224 | INFO  | SCMAudit | user=jenkins1000 | ip=192.168.69.80 | op=SEND_HEARTBEAT {datanodeUUID=616243d7-d102-41c9-b140-524e964f60c9, command=[]} | ret=SUCCESS |  
2019-08-28 13:05:44,416 | INFO  | SCMAudit | user=jenkins1000 | ip=192.168.69.80 | op=SEND_HEARTBEAT {datanodeUUID=32f88ad7-b496-4276-ae36-0c1df3bcd831, command=[]} | ret=SUCCESS |  
2019-08-28 13:05:44,461 [grpc-default-executor-0] INFO  client.GrpcClientProtocolClient (GrpcClientProtocolClient.java:onNext(255)) - client-DE8B1881BA14->ce9c1f14-8030-466e-9ac8-42fad73b72bd: receive RaftClientReply:client-DE8B1881BA14->ce9c1f14-8030-466e-9ac8-42fad73b72bd@group-39FDF2C5AA13, cid=182, FAILED org.apache.ratis.protocol.NotLeaderException: Server ce9c1f14-8030-466e-9ac8-42fad73b72bd is not the leader (null). Request must be sent to leader., logIndex=0, commits[ce9c1f14-8030-466e-9ac8-42fad73b72bd:c-1, 905064f4-24d2-4290-aeb9-f7b810d5a354:c-1, 32f88ad7-b496-4276-ae36-0c1df3bcd831:c-1]
2019-08-28 13:05:44,544 | INFO  | SCMAudit | user=jenkins1000 | ip=192.168.69.80 | op=SEND_HEARTBEAT {datanodeUUID=59fb5bc9-2d90-422e-bf68-b67547f31f06, command=[]} | ret=SUCCESS |  
2019-08-28 13:05:44,579 | INFO  | SCMAudit | user=jenkins1000 | ip=192.168.69.80 | op=SEND_HEARTBEAT {datanodeUUID=905064f4-24d2-4290-aeb9-f7b810d5a354, command=[]} | ret=SUCCESS |  
2019-08-28 13:05:44,821 | INFO  | SCMAudit | user=jenkins1000 | ip=192.168.69.80 | op=SEND_HEARTBEAT {datanodeUUID=ce9c1f14-8030-466e-9ac8-42fad73b72bd, command=[]} | ret=SUCCESS |  
2019-08-28 13:05:45,023 | INFO  | SCMAudit | user=jenkins1000 | ip=192.168.69.80 | op=SEND_HEARTBEAT {datanodeUUID=824628d9-e5f8-4fcc-92ac-3dee9636940c, command=[]} | ret=SUCCESS |  
2019-08-28 13:05:45,053 | INFO  | SCMAudit | user=jenkins1000 | ip=192.168.69.80 | op=SEND_HEARTBEAT {datanodeUUID=6473d7a6-d5fa-4090-bf30-ee1350d7f475, command=[]} | ret=SUCCESS |  
2019-08-28 13:05:45,224 | INFO  | SCMAudit | user=jenkins1000 | ip=192.168.69.80 | op=SEND_HEARTBEAT {datanodeUUID=616243d7-d102-41c9-b140-524e964f60c9, command=[]} | ret=SUCCESS |  
2019-08-28 13:05:45,416 | INFO  | SCMAudit | user=jenkins1000 | ip=192.168.69.80 | op=SEND_HEARTBEAT {datanodeUUID=32f88ad7-b496-4276-ae36-0c1df3bcd831, command=[]} | ret=SUCCESS |  
2019-08-28 13:05:45,473 [grpc-default-executor-0] INFO  client.GrpcClientProtocolClient (GrpcClientProtocolClient.java:onNext(255)) - client-DE8B1881BA14->905064f4-24d2-4290-aeb9-f7b810d5a354: receive RaftClientReply:client-DE8B1881BA14->905064f4-24d2-4290-aeb9-f7b810d5a354@group-39FDF2C5AA13, cid=182, FAILED org.apache.ratis.protocol.NotLeaderException: Server 905064f4-24d2-4290-aeb9-f7b810d5a354 is not the leader (null). Request must be sent to leader., logIndex=0, commits[905064f4-24d2-4290-aeb9-f7b810d5a354:c-1, 32f88ad7-b496-4276-ae36-0c1df3bcd831:c-1, ce9c1f14-8030-466e-9ac8-42fad73b72bd:c-1]
2019-08-28 13:05:45,543 | INFO  | SCMAudit | user=jenkins1000 | ip=192.168.69.80 | op=SEND_HEARTBEAT {datanodeUUID=59fb5bc9-2d90-422e-bf68-b67547f31f06, command=[]} | ret=SUCCESS |  
2019-08-28 13:05:45,579 | INFO  | SCMAudit | user=jenkins1000 | ip=192.168.69.80 | op=SEND_HEARTBEAT {datanodeUUID=905064f4-24d2-4290-aeb9-f7b810d5a354, command=[]} | ret=SUCCESS |  
2019-08-28 13:05:45,822 | INFO  | SCMAudit | user=jenkins1000 | ip=192.168.69.80 | op=SEND_HEARTBEAT {datanodeUUID=ce9c1f14-8030-466e-9ac8-42fad73b72bd, command=[]} | ret=SUCCESS |  
2019-08-28 13:05:46,023 | INFO  | SCMAudit | user=jenkins1000 | ip=192.168.69.80 | op=SEND_HEARTBEAT {datanodeUUID=824628d9-e5f8-4fcc-92ac-3dee9636940c, command=[]} | ret=SUCCESS |  
2019-08-28 13:05:46,053 | INFO  | SCMAudit | user=jenkins1000 | ip=192.168.69.80 | op=SEND_HEARTBEAT {datanodeUUID=6473d7a6-d5fa-4090-bf30-ee1350d7f475, command=[]} | ret=SUCCESS |  
2019-08-28 13:05:46,225 | INFO  | SCMAudit | user=jenkins1000 | ip=192.168.69.80 | op=SEND_HEARTBEAT {datanodeUUID=616243d7-d102-41c9-b140-524e964f60c9, command=[]} | ret=SUCCESS |  
2019-08-28 13:05:46,416 | INFO  | SCMAudit | user=jenkins1000 | ip=192.168.69.80 | op=SEND_HEARTBEAT {datanodeUUID=32f88ad7-b496-4276-ae36-0c1df3bcd831, command=[]} | ret=SUCCESS |  
2019-08-28 13:05:46,486 [grpc-default-executor-0] INFO  client.GrpcClientProtocolClient (GrpcClientProtocolClient.java:onNext(255)) - client-DE8B1881BA14->ce9c1f14-8030-466e-9ac8-42fad73b72bd: receive RaftClientReply:client-DE8B1881BA14->ce9c1f14-8030-466e-9ac8-42fad73b72bd@group-39FDF2C5AA13, cid=182, FAILED org.apache.ratis.protocol.NotLeaderException: Server ce9c1f14-8030-466e-9ac8-42fad73b72bd is not the leader (null). Request must be sent to leader., logIndex=0, commits[ce9c1f14-8030-466e-9ac8-42fad73b72bd:c-1, 905064f4-24d2-4290-aeb9-f7b810d5a354:c-1, 32f88ad7-b496-4276-ae36-0c1df3bcd831:c-1]
2019-08-28 13:05:46,543 | INFO  | SCMAudit | user=jenkins1000 | ip=192.168.69.80 | op=SEND_HEARTBEAT {datanodeUUID=59fb5bc9-2d90-422e-bf68-b67547f31f06, command=[]} | ret=SUCCESS |  
2019-08-28 13:05:46,579 | INFO  | SCMAudit | user=jenkins1000 | ip=192.168.69.80 | op=SEND_HEARTBEAT {datanodeUUID=905064f4-24d2-4290-aeb9-f7b810d5a354, command=[]} | ret=SUCCESS |  
2019-08-28 13:05:46,821 | INFO  | SCMAudit | user=jenkins1000 | ip=192.168.69.80 | op=SEND_HEARTBEAT {datanodeUUID=ce9c1f14-8030-466e-9ac8-42fad73b72bd, command=[]} | ret=SUCCESS |  
2019-08-28 13:05:47,023 | INFO  | SCMAudit | user=jenkins1000 | ip=192.168.69.80 | op=SEND_HEARTBEAT {datanodeUUID=824628d9-e5f8-4fcc-92ac-3dee9636940c, command=[]} | ret=SUCCESS |  
2019-08-28 13:05:47,055 | INFO  | SCMAudit | user=jenkins1000 | ip=192.168.69.80 | op=SEND_HEARTBEAT {datanodeUUID=6473d7a6-d5fa-4090-bf30-ee1350d7f475, command=[]} | ret=SUCCESS |  
2019-08-28 13:05:47,224 | INFO  | SCMAudit | user=jenkins1000 | ip=192.168.69.80 | op=SEND_HEARTBEAT {datanodeUUID=616243d7-d102-41c9-b140-524e964f60c9, command=[]} | ret=SUCCESS |  
2019-08-28 13:05:47,329 [Thread-3673] INFO  impl.FollowerState (FollowerState.java:run(106)) - 32f88ad7-b496-4276-ae36-0c1df3bcd831:group-39FDF2C5AA13 changes to CANDIDATE, lastRpcTime:5061, electionTimeout:5061ms
2019-08-28 13:05:47,329 [Thread-3673] INFO  impl.RoleInfo (RoleInfo.java:shutdownFollowerState(121)) - 32f88ad7-b496-4276-ae36-0c1df3bcd831: shutdown FollowerState
2019-08-28 13:05:47,329 [Thread-3673] INFO  impl.RaftServerImpl (RaftServerImpl.java:setRole(171)) - 32f88ad7-b496-4276-ae36-0c1df3bcd831:group-39FDF2C5AA13 changes role from FOLLOWER to CANDIDATE at term 5 for changeToCandidate
2019-08-28 13:05:47,329 [Thread-3673] INFO  impl.RoleInfo (RoleInfo.java:updateAndGet(143)) - 32f88ad7-b496-4276-ae36-0c1df3bcd831: start LeaderElection
2019-08-28 13:05:47,347 [32f88ad7-b496-4276-ae36-0c1df3bcd831:group-39FDF2C5AA13:LeaderElection84] INFO  impl.LeaderElection (LeaderElection.java:askForVotes(181)) - 32f88ad7-b496-4276-ae36-0c1df3bcd831:group-39FDF2C5AA13:LeaderElection84: begin an election at term 6 for 0: [905064f4-24d2-4290-aeb9-f7b810d5a354:192.168.69.80:45248, 32f88ad7-b496-4276-ae36-0c1df3bcd831:192.168.69.80:34128, ce9c1f14-8030-466e-9ac8-42fad73b72bd:192.168.69.80:38237], old=null
2019-08-28 13:05:47,351 [grpc-default-executor-0] INFO  impl.RaftServerImpl (RaftServerImpl.java:setRole(171)) - 905064f4-24d2-4290-aeb9-f7b810d5a354:group-39FDF2C5AA13 changes role from FOLLOWER to FOLLOWER at term 6 for recognizeCandidate:32f88ad7-b496-4276-ae36-0c1df3bcd831
2019-08-28 13:05:47,351 [grpc-default-executor-0] INFO  impl.RoleInfo (RoleInfo.java:shutdownFollowerState(121)) - 905064f4-24d2-4290-aeb9-f7b810d5a354: shutdown FollowerState
2019-08-28 13:05:47,351 [grpc-default-executor-7] INFO  impl.RaftServerImpl (RaftServerImpl.java:setRole(171)) - ce9c1f14-8030-466e-9ac8-42fad73b72bd:group-39FDF2C5AA13 changes role from FOLLOWER to FOLLOWER at term 6 for recognizeCandidate:32f88ad7-b496-4276-ae36-0c1df3bcd831
2019-08-28 13:05:47,351 [Thread-3688] INFO  impl.FollowerState (FollowerState.java:run(114)) - 905064f4-24d2-4290-aeb9-f7b810d5a354: FollowerState was interrupted: java.lang.InterruptedException: sleep interrupted
2019-08-28 13:05:47,351 [grpc-default-executor-0] INFO  impl.RoleInfo (RoleInfo.java:updateAndGet(143)) - 905064f4-24d2-4290-aeb9-f7b810d5a354: start FollowerState
2019-08-28 13:05:47,351 [grpc-default-executor-7] INFO  impl.RoleInfo (RoleInfo.java:shutdownFollowerState(121)) - ce9c1f14-8030-466e-9ac8-42fad73b72bd: shutdown FollowerState
2019-08-28 13:05:47,354 [grpc-default-executor-7] INFO  impl.RoleInfo (RoleInfo.java:updateAndGet(143)) - ce9c1f14-8030-466e-9ac8-42fad73b72bd: start FollowerState
2019-08-28 13:05:47,355 [Thread-3686] INFO  impl.FollowerState (FollowerState.java:run(114)) - ce9c1f14-8030-466e-9ac8-42fad73b72bd: FollowerState was interrupted: java.lang.InterruptedException: sleep interrupted
2019-08-28 13:05:47,371 [32f88ad7-b496-4276-ae36-0c1df3bcd831:group-39FDF2C5AA13:LeaderElection84] INFO  impl.LeaderElection (LeaderElection.java:logAndReturn(56)) - 32f88ad7-b496-4276-ae36-0c1df3bcd831:group-39FDF2C5AA13:LeaderElection84: Election REJECTED; received 2 response(s) [32f88ad7-b496-4276-ae36-0c1df3bcd831<-905064f4-24d2-4290-aeb9-f7b810d5a354#0:FAIL-t6, 32f88ad7-b496-4276-ae36-0c1df3bcd831<-ce9c1f14-8030-466e-9ac8-42fad73b72bd#0:FAIL-t6] and 0 exception(s); 32f88ad7-b496-4276-ae36-0c1df3bcd831:t6, leader=null, voted=32f88ad7-b496-4276-ae36-0c1df3bcd831, raftlog=32f88ad7-b496-4276-ae36-0c1df3bcd831-SegmentedRaftLog:OPENED:c-1,f0,i0, conf=0: [905064f4-24d2-4290-aeb9-f7b810d5a354:192.168.69.80:45248, 32f88ad7-b496-4276-ae36-0c1df3bcd831:192.168.69.80:34128, ce9c1f14-8030-466e-9ac8-42fad73b72bd:192.168.69.80:38237], old=null
2019-08-28 13:05:47,371 [32f88ad7-b496-4276-ae36-0c1df3bcd831:group-39FDF2C5AA13:LeaderElection84] INFO  impl.RaftServerImpl (RaftServerImpl.java:setRole(171)) - 32f88ad7-b496-4276-ae36-0c1df3bcd831:group-39FDF2C5AA13 changes role from CANDIDATE to FOLLOWER at term 6 for DISCOVERED_A_NEW_TERM
2019-08-28 13:05:47,372 [32f88ad7-b496-4276-ae36-0c1df3bcd831:group-39FDF2C5AA13:LeaderElection84] INFO  impl.RoleInfo (RoleInfo.java:shutdownLeaderElection(134)) - 32f88ad7-b496-4276-ae36-0c1df3bcd831: shutdown LeaderElection
2019-08-28 13:05:47,372 [32f88ad7-b496-4276-ae36-0c1df3bcd831:group-39FDF2C5AA13:LeaderElection84] INFO  impl.RoleInfo (RoleInfo.java:updateAndGet(143)) - 32f88ad7-b496-4276-ae36-0c1df3bcd831: start FollowerState
2019-08-28 13:05:47,416 | INFO  | SCMAudit | user=jenkins1000 | ip=192.168.69.80 | op=SEND_HEARTBEAT {datanodeUUID=32f88ad7-b496-4276-ae36-0c1df3bcd831, command=[]} | ret=SUCCESS |  
2019-08-28 13:05:47,500 [grpc-default-executor-0] INFO  client.GrpcClientProtocolClient (GrpcClientProtocolClient.java:onNext(255)) - client-DE8B1881BA14->905064f4-24d2-4290-aeb9-f7b810d5a354: receive RaftClientReply:client-DE8B1881BA14->905064f4-24d2-4290-aeb9-f7b810d5a354@group-39FDF2C5AA13, cid=182, FAILED org.apache.ratis.protocol.NotLeaderException: Server 905064f4-24d2-4290-aeb9-f7b810d5a354 is not the leader (null). Request must be sent to leader., logIndex=0, commits[905064f4-24d2-4290-aeb9-f7b810d5a354:c-1, 32f88ad7-b496-4276-ae36-0c1df3bcd831:c-1, ce9c1f14-8030-466e-9ac8-42fad73b72bd:c-1]
2019-08-28 13:05:47,543 | INFO  | SCMAudit | user=jenkins1000 | ip=192.168.69.80 | op=SEND_HEARTBEAT {datanodeUUID=59fb5bc9-2d90-422e-bf68-b67547f31f06, command=[]} | ret=SUCCESS |  
2019-08-28 13:05:47,579 | INFO  | SCMAudit | user=jenkins1000 | ip=192.168.69.80 | op=SEND_HEARTBEAT {datanodeUUID=905064f4-24d2-4290-aeb9-f7b810d5a354, command=[]} | ret=SUCCESS |  
2019-08-28 13:05:47,821 | INFO  | SCMAudit | user=jenkins1000 | ip=192.168.69.80 | op=SEND_HEARTBEAT {datanodeUUID=ce9c1f14-8030-466e-9ac8-42fad73b72bd, command=[]} | ret=SUCCESS |  
2019-08-28 13:05:48,023 | INFO  | SCMAudit | user=jenkins1000 | ip=192.168.69.80 | op=SEND_HEARTBEAT {datanodeUUID=824628d9-e5f8-4fcc-92ac-3dee9636940c, command=[]} | ret=SUCCESS |  
2019-08-28 13:05:48,054 | INFO  | SCMAudit | user=jenkins1000 | ip=192.168.69.80 | op=SEND_HEARTBEAT {datanodeUUID=6473d7a6-d5fa-4090-bf30-ee1350d7f475, command=[]} | ret=SUCCESS |  
2019-08-28 13:05:48,224 | INFO  | SCMAudit | user=jenkins1000 | ip=192.168.69.80 | op=SEND_HEARTBEAT {datanodeUUID=616243d7-d102-41c9-b140-524e964f60c9, command=[]} | ret=SUCCESS |  
2019-08-28 13:05:48,416 | INFO  | SCMAudit | user=jenkins1000 | ip=192.168.69.80 | op=SEND_HEARTBEAT {datanodeUUID=32f88ad7-b496-4276-ae36-0c1df3bcd831, command=[]} | ret=SUCCESS |  
2019-08-28 13:05:48,508 [grpc-default-executor-7] INFO  client.GrpcClientProtocolClient (GrpcClientProtocolClient.java:onNext(255)) - client-DE8B1881BA14->ce9c1f14-8030-466e-9ac8-42fad73b72bd: receive RaftClientReply:client-DE8B1881BA14->ce9c1f14-8030-466e-9ac8-42fad73b72bd@group-39FDF2C5AA13, cid=182, FAILED org.apache.ratis.protocol.NotLeaderException: Server ce9c1f14-8030-466e-9ac8-42fad73b72bd is not the leader (null). Request must be sent to leader., logIndex=0, commits[ce9c1f14-8030-466e-9ac8-42fad73b72bd:c-1, 905064f4-24d2-4290-aeb9-f7b810d5a354:c-1, 32f88ad7-b496-4276-ae36-0c1df3bcd831:c-1]
2019-08-28 13:05:48,544 | INFO  | SCMAudit | user=jenkins1000 | ip=192.168.69.80 | op=SEND_HEARTBEAT {datanodeUUID=59fb5bc9-2d90-422e-bf68-b67547f31f06, command=[]} | ret=SUCCESS |  
2019-08-28 13:05:48,579 | INFO  | SCMAudit | user=jenkins1000 | ip=192.168.69.80 | op=SEND_HEARTBEAT {datanodeUUID=905064f4-24d2-4290-aeb9-f7b810d5a354, command=[]} | ret=SUCCESS |  
2019-08-28 13:05:48,821 | INFO  | SCMAudit | user=jenkins1000 | ip=192.168.69.80 | op=SEND_HEARTBEAT {datanodeUUID=ce9c1f14-8030-466e-9ac8-42fad73b72bd, command=[]} | ret=SUCCESS |  
2019-08-28 13:05:49,023 | INFO  | SCMAudit | user=jenkins1000 | ip=192.168.69.80 | op=SEND_HEARTBEAT {datanodeUUID=824628d9-e5f8-4fcc-92ac-3dee9636940c, command=[]} | ret=SUCCESS |  
2019-08-28 13:05:49,054 | INFO  | SCMAudit | user=jenkins1000 | ip=192.168.69.80 | op=SEND_HEARTBEAT {datanodeUUID=6473d7a6-d5fa-4090-bf30-ee1350d7f475, command=[]} | ret=SUCCESS |  
2019-08-28 13:05:49,224 | INFO  | SCMAudit | user=jenkins1000 | ip=192.168.69.80 | op=SEND_HEARTBEAT {datanodeUUID=616243d7-d102-41c9-b140-524e964f60c9, command=[]} | ret=SUCCESS |  
2019-08-28 13:05:49,416 | INFO  | SCMAudit | user=jenkins1000 | ip=192.168.69.80 | op=SEND_HEARTBEAT {datanodeUUID=32f88ad7-b496-4276-ae36-0c1df3bcd831, command=[]} | ret=SUCCESS |  
2019-08-28 13:05:49,519 [grpc-default-executor-7] INFO  client.GrpcClientProtocolClient (GrpcClientProtocolClient.java:onNext(255)) - client-DE8B1881BA14->905064f4-24d2-4290-aeb9-f7b810d5a354: receive RaftClientReply:client-DE8B1881BA14->905064f4-24d2-4290-aeb9-f7b810d5a354@group-39FDF2C5AA13, cid=182, FAILED org.apache.ratis.protocol.NotLeaderException: Server 905064f4-24d2-4290-aeb9-f7b810d5a354 is not the leader (null). Request must be sent to leader., logIndex=0, commits[905064f4-24d2-4290-aeb9-f7b810d5a354:c-1, 32f88ad7-b496-4276-ae36-0c1df3bcd831:c-1, ce9c1f14-8030-466e-9ac8-42fad73b72bd:c-1]
2019-08-28 13:05:49,543 | INFO  | SCMAudit | user=jenkins1000 | ip=192.168.69.80 | op=SEND_HEARTBEAT {datanodeUUID=59fb5bc9-2d90-422e-bf68-b67547f31f06, command=[]} | ret=SUCCESS |  
2019-08-28 13:05:49,579 | INFO  | SCMAudit | user=jenkins1000 | ip=192.168.69.80 | op=SEND_HEARTBEAT {datanodeUUID=905064f4-24d2-4290-aeb9-f7b810d5a354, command=[]} | ret=SUCCESS |  
2019-08-28 13:05:49,821 | INFO  | SCMAudit | user=jenkins1000 | ip=192.168.69.80 | op=SEND_HEARTBEAT {datanodeUUID=ce9c1f14-8030-466e-9ac8-42fad73b72bd, command=[]} | ret=SUCCESS |  
2019-08-28 13:05:50,025 | INFO  | SCMAudit | user=jenkins1000 | ip=192.168.69.80 | op=SEND_HEARTBEAT {datanodeUUID=824628d9-e5f8-4fcc-92ac-3dee9636940c, command=[]} | ret=SUCCESS |  
2019-08-28 13:05:50,054 | INFO  | SCMAudit | user=jenkins1000 | ip=192.168.69.80 | op=SEND_HEARTBEAT {datanodeUUID=6473d7a6-d5fa-4090-bf30-ee1350d7f475, command=[]} | ret=SUCCESS |  
2019-08-28 13:05:50,224 | INFO  | SCMAudit | user=jenkins1000 | ip=192.168.69.80 | op=SEND_HEARTBEAT {datanodeUUID=616243d7-d102-41c9-b140-524e964f60c9, command=[]} | ret=SUCCESS |  
2019-08-28 13:05:50,416 | INFO  | SCMAudit | user=jenkins1000 | ip=192.168.69.80 | op=SEND_HEARTBEAT {datanodeUUID=32f88ad7-b496-4276-ae36-0c1df3bcd831, command=[]} | ret=SUCCESS |  
2019-08-28 13:05:50,533 [grpc-default-executor-0] INFO  client.GrpcClientProtocolClient (GrpcClientProtocolClient.java:onNext(255)) - client-DE8B1881BA14->ce9c1f14-8030-466e-9ac8-42fad73b72bd: receive RaftClientReply:client-DE8B1881BA14->ce9c1f14-8030-466e-9ac8-42fad73b72bd@group-39FDF2C5AA13, cid=182, FAILED org.apache.ratis.protocol.NotLeaderException: Server ce9c1f14-8030-466e-9ac8-42fad73b72bd is not the leader (null). Request must be sent to leader., logIndex=0, commits[ce9c1f14-8030-466e-9ac8-42fad73b72bd:c-1, 905064f4-24d2-4290-aeb9-f7b810d5a354:c-1, 32f88ad7-b496-4276-ae36-0c1df3bcd831:c-1]
2019-08-28 13:05:50,543 | INFO  | SCMAudit | user=jenkins1000 | ip=192.168.69.80 | op=SEND_HEARTBEAT {datanodeUUID=59fb5bc9-2d90-422e-bf68-b67547f31f06, command=[]} | ret=SUCCESS |  
2019-08-28 13:05:50,579 | INFO  | SCMAudit | user=jenkins1000 | ip=192.168.69.80 | op=SEND_HEARTBEAT {datanodeUUID=905064f4-24d2-4290-aeb9-f7b810d5a354, command=[]} | ret=SUCCESS |  
2019-08-28 13:05:50,821 | INFO  | SCMAudit | user=jenkins1000 | ip=192.168.69.80 | op=SEND_HEARTBEAT {datanodeUUID=ce9c1f14-8030-466e-9ac8-42fad73b72bd, command=[]} | ret=SUCCESS |  
2019-08-28 13:05:51,025 | INFO  | SCMAudit | user=jenkins1000 | ip=192.168.69.80 | op=SEND_HEARTBEAT {datanodeUUID=824628d9-e5f8-4fcc-92ac-3dee9636940c, command=[]} | ret=SUCCESS |  
2019-08-28 13:05:51,054 | INFO  | SCMAudit | user=jenkins1000 | ip=192.168.69.80 | op=SEND_HEARTBEAT {datanodeUUID=6473d7a6-d5fa-4090-bf30-ee1350d7f475, command=[]} | ret=SUCCESS |  
2019-08-28 13:05:51,224 | INFO  | SCMAudit | user=jenkins1000 | ip=192.168.69.80 | op=SEND_HEARTBEAT {datanodeUUID=616243d7-d102-41c9-b140-524e964f60c9, command=[]} | ret=SUCCESS |  
2019-08-28 13:05:51,417 | INFO  | SCMAudit | user=jenkins1000 | ip=192.168.69.80 | op=SEND_HEARTBEAT {datanodeUUID=32f88ad7-b496-4276-ae36-0c1df3bcd831, command=[]} | ret=SUCCESS |  
2019-08-28 13:05:51,555 | INFO  | SCMAudit | user=jenkins1000 | ip=192.168.69.80 | op=SEND_HEARTBEAT {datanodeUUID=59fb5bc9-2d90-422e-bf68-b67547f31f06, command=[]} | ret=SUCCESS |  
2019-08-28 13:05:51,555 [grpc-default-executor-7] INFO  client.GrpcClientProtocolClient (GrpcClientProtocolClient.java:onNext(255)) - client-DE8B1881BA14->905064f4-24d2-4290-aeb9-f7b810d5a354: receive RaftClientReply:client-DE8B1881BA14->905064f4-24d2-4290-aeb9-f7b810d5a354@group-39FDF2C5AA13, cid=182, FAILED org.apache.ratis.protocol.NotLeaderException: Server 905064f4-24d2-4290-aeb9-f7b810d5a354 is not the leader (null). Request must be sent to leader., logIndex=0, commits[905064f4-24d2-4290-aeb9-f7b810d5a354:c-1, 32f88ad7-b496-4276-ae36-0c1df3bcd831:c-1, ce9c1f14-8030-466e-9ac8-42fad73b72bd:c-1]
2019-08-28 13:05:51,579 | INFO  | SCMAudit | user=jenkins1000 | ip=192.168.69.80 | op=SEND_HEARTBEAT {datanodeUUID=905064f4-24d2-4290-aeb9-f7b810d5a354, command=[]} | ret=SUCCESS |  
2019-08-28 13:05:51,822 | INFO  | SCMAudit | user=jenkins1000 | ip=192.168.69.80 | op=SEND_HEARTBEAT {datanodeUUID=ce9c1f14-8030-466e-9ac8-42fad73b72bd, command=[]} | ret=SUCCESS |  
2019-08-28 13:05:52,025 | INFO  | SCMAudit | user=jenkins1000 | ip=192.168.69.80 | op=SEND_HEARTBEAT {datanodeUUID=824628d9-e5f8-4fcc-92ac-3dee9636940c, command=[]} | ret=SUCCESS |  
2019-08-28 13:05:52,055 | INFO  | SCMAudit | user=jenkins1000 | ip=192.168.69.80 | op=SEND_HEARTBEAT {datanodeUUID=6473d7a6-d5fa-4090-bf30-ee1350d7f475, command=[]} | ret=SUCCESS |  
2019-08-28 13:05:52,224 | INFO  | SCMAudit | user=jenkins1000 | ip=192.168.69.80 | op=SEND_HEARTBEAT {datanodeUUID=616243d7-d102-41c9-b140-524e964f60c9, command=[]} | ret=SUCCESS |  
2019-08-28 13:05:52,391 [Thread-3712] INFO  impl.FollowerState (FollowerState.java:run(106)) - 32f88ad7-b496-4276-ae36-0c1df3bcd831:group-39FDF2C5AA13 changes to CANDIDATE, lastRpcTime:5019, electionTimeout:5019ms
2019-08-28 13:05:52,392 [Thread-3712] INFO  impl.RoleInfo (RoleInfo.java:shutdownFollowerState(121)) - 32f88ad7-b496-4276-ae36-0c1df3bcd831: shutdown FollowerState
2019-08-28 13:05:52,392 [Thread-3712] INFO  impl.RaftServerImpl (RaftServerImpl.java:setRole(171)) - 32f88ad7-b496-4276-ae36-0c1df3bcd831:group-39FDF2C5AA13 changes role from FOLLOWER to CANDIDATE at term 6 for changeToCandidate
2019-08-28 13:05:52,392 [Thread-3712] INFO  impl.RoleInfo (RoleInfo.java:updateAndGet(143)) - 32f88ad7-b496-4276-ae36-0c1df3bcd831: start LeaderElection
2019-08-28 13:05:52,399 [Thread-3710] INFO  impl.FollowerState (FollowerState.java:run(106)) - 905064f4-24d2-4290-aeb9-f7b810d5a354:group-39FDF2C5AA13 changes to CANDIDATE, lastRpcTime:5047, electionTimeout:5044ms
2019-08-28 13:05:52,399 [Thread-3710] INFO  impl.RoleInfo (RoleInfo.java:shutdownFollowerState(121)) - 905064f4-24d2-4290-aeb9-f7b810d5a354: shutdown FollowerState
2019-08-28 13:05:52,399 [Thread-3710] INFO  impl.RaftServerImpl (RaftServerImpl.java:setRole(171)) - 905064f4-24d2-4290-aeb9-f7b810d5a354:group-39FDF2C5AA13 changes role from FOLLOWER to CANDIDATE at term 6 for changeToCandidate
2019-08-28 13:05:52,399 [Thread-3710] INFO  impl.RoleInfo (RoleInfo.java:updateAndGet(143)) - 905064f4-24d2-4290-aeb9-f7b810d5a354: start LeaderElection
2019-08-28 13:05:52,417 | INFO  | SCMAudit | user=jenkins1000 | ip=192.168.69.80 | op=SEND_HEARTBEAT {datanodeUUID=32f88ad7-b496-4276-ae36-0c1df3bcd831, command=[]} | ret=SUCCESS |  
2019-08-28 13:05:52,423 [905064f4-24d2-4290-aeb9-f7b810d5a354:group-39FDF2C5AA13:LeaderElection86] INFO  impl.LeaderElection (LeaderElection.java:askForVotes(181)) - 905064f4-24d2-4290-aeb9-f7b810d5a354:group-39FDF2C5AA13:LeaderElection86: begin an election at term 7 for 1: [905064f4-24d2-4290-aeb9-f7b810d5a354:192.168.69.80:45248, 32f88ad7-b496-4276-ae36-0c1df3bcd831:192.168.69.80:34128, ce9c1f14-8030-466e-9ac8-42fad73b72bd:192.168.69.80:38237], old=null
2019-08-28 13:05:52,423 [32f88ad7-b496-4276-ae36-0c1df3bcd831:group-39FDF2C5AA13:LeaderElection85] INFO  impl.LeaderElection (LeaderElection.java:askForVotes(181)) - 32f88ad7-b496-4276-ae36-0c1df3bcd831:group-39FDF2C5AA13:LeaderElection85: begin an election at term 7 for 0: [905064f4-24d2-4290-aeb9-f7b810d5a354:192.168.69.80:45248, 32f88ad7-b496-4276-ae36-0c1df3bcd831:192.168.69.80:34128, ce9c1f14-8030-466e-9ac8-42fad73b72bd:192.168.69.80:38237], old=null
2019-08-28 13:05:52,427 [grpc-default-executor-0] INFO  impl.RaftServerImpl (RaftServerImpl.java:setRole(171)) - ce9c1f14-8030-466e-9ac8-42fad73b72bd:group-39FDF2C5AA13 changes role from FOLLOWER to FOLLOWER at term 7 for recognizeCandidate:905064f4-24d2-4290-aeb9-f7b810d5a354
2019-08-28 13:05:52,427 [grpc-default-executor-0] INFO  impl.RoleInfo (RoleInfo.java:shutdownFollowerState(121)) - ce9c1f14-8030-466e-9ac8-42fad73b72bd: shutdown FollowerState
2019-08-28 13:05:52,428 [grpc-default-executor-0] INFO  impl.RoleInfo (RoleInfo.java:updateAndGet(143)) - ce9c1f14-8030-466e-9ac8-42fad73b72bd: start FollowerState
2019-08-28 13:05:52,428 [Thread-3711] INFO  impl.FollowerState (FollowerState.java:run(114)) - ce9c1f14-8030-466e-9ac8-42fad73b72bd: FollowerState was interrupted: java.lang.InterruptedException: sleep interrupted
2019-08-28 13:05:52,449 [32f88ad7-b496-4276-ae36-0c1df3bcd831:group-39FDF2C5AA13:LeaderElection85] INFO  impl.LeaderElection (LeaderElection.java:logAndReturn(56)) - 32f88ad7-b496-4276-ae36-0c1df3bcd831:group-39FDF2C5AA13:LeaderElection85: Election REJECTED; received 2 response(s) [32f88ad7-b496-4276-ae36-0c1df3bcd831<-905064f4-24d2-4290-aeb9-f7b810d5a354#0:FAIL-t7, 32f88ad7-b496-4276-ae36-0c1df3bcd831<-ce9c1f14-8030-466e-9ac8-42fad73b72bd#0:FAIL-t7] and 0 exception(s); 32f88ad7-b496-4276-ae36-0c1df3bcd831:t7, leader=null, voted=32f88ad7-b496-4276-ae36-0c1df3bcd831, raftlog=32f88ad7-b496-4276-ae36-0c1df3bcd831-SegmentedRaftLog:OPENED:c-1,f0,i0, conf=0: [905064f4-24d2-4290-aeb9-f7b810d5a354:192.168.69.80:45248, 32f88ad7-b496-4276-ae36-0c1df3bcd831:192.168.69.80:34128, ce9c1f14-8030-466e-9ac8-42fad73b72bd:192.168.69.80:38237], old=null
2019-08-28 13:05:52,449 [905064f4-24d2-4290-aeb9-f7b810d5a354:group-39FDF2C5AA13:LeaderElection86] INFO  impl.LeaderElection (LeaderElection.java:logAndReturn(56)) - 905064f4-24d2-4290-aeb9-f7b810d5a354:group-39FDF2C5AA13:LeaderElection86: Election PASSED; received 2 response(s) [905064f4-24d2-4290-aeb9-f7b810d5a354<-32f88ad7-b496-4276-ae36-0c1df3bcd831#0:FAIL-t7, 905064f4-24d2-4290-aeb9-f7b810d5a354<-ce9c1f14-8030-466e-9ac8-42fad73b72bd#0:OK-t7] and 0 exception(s); 905064f4-24d2-4290-aeb9-f7b810d5a354:t7, leader=null, voted=905064f4-24d2-4290-aeb9-f7b810d5a354, raftlog=905064f4-24d2-4290-aeb9-f7b810d5a354-SegmentedRaftLog:OPENED:c-1,f1,i1, conf=1: [905064f4-24d2-4290-aeb9-f7b810d5a354:192.168.69.80:45248, 32f88ad7-b496-4276-ae36-0c1df3bcd831:192.168.69.80:34128, ce9c1f14-8030-466e-9ac8-42fad73b72bd:192.168.69.80:38237], old=null
2019-08-28 13:05:52,449 [32f88ad7-b496-4276-ae36-0c1df3bcd831:group-39FDF2C5AA13:LeaderElection85] INFO  impl.RaftServerImpl (RaftServerImpl.java:setRole(171)) - 32f88ad7-b496-4276-ae36-0c1df3bcd831:group-39FDF2C5AA13 changes role from CANDIDATE to FOLLOWER at term 7 for DISCOVERED_A_NEW_TERM
2019-08-28 13:05:52,450 [905064f4-24d2-4290-aeb9-f7b810d5a354:group-39FDF2C5AA13:LeaderElection86] INFO  impl.RoleInfo (RoleInfo.java:shutdownLeaderElection(134)) - 905064f4-24d2-4290-aeb9-f7b810d5a354: shutdown LeaderElection
2019-08-28 13:05:52,450 [32f88ad7-b496-4276-ae36-0c1df3bcd831:group-39FDF2C5AA13:LeaderElection85] INFO  impl.RoleInfo (RoleInfo.java:shutdownLeaderElection(134)) - 32f88ad7-b496-4276-ae36-0c1df3bcd831: shutdown LeaderElection
2019-08-28 13:05:52,450 [905064f4-24d2-4290-aeb9-f7b810d5a354:group-39FDF2C5AA13:LeaderElection86] INFO  impl.RaftServerImpl (RaftServerImpl.java:setRole(171)) - 905064f4-24d2-4290-aeb9-f7b810d5a354:group-39FDF2C5AA13 changes role from CANDIDATE to LEADER at term 7 for changeToLeader
2019-08-28 13:05:52,450 [32f88ad7-b496-4276-ae36-0c1df3bcd831:group-39FDF2C5AA13:LeaderElection85] INFO  impl.RoleInfo (RoleInfo.java:updateAndGet(143)) - 32f88ad7-b496-4276-ae36-0c1df3bcd831: start FollowerState
2019-08-28 13:05:52,450 [905064f4-24d2-4290-aeb9-f7b810d5a354:group-39FDF2C5AA13:LeaderElection86] INFO  impl.RaftServerImpl (ServerState.java:setLeader(263)) - 905064f4-24d2-4290-aeb9-f7b810d5a354:group-39FDF2C5AA13 change Leader from null to 905064f4-24d2-4290-aeb9-f7b810d5a354 at term 7 for becomeLeader, leader elected after 10065ms
2019-08-28 13:05:52,451 [905064f4-24d2-4290-aeb9-f7b810d5a354:group-39FDF2C5AA13:LeaderElection86] INFO  server.RaftServerConfigKeys (ConfUtils.java:logGet(43)) - raft.server.staging.catchup.gap = 1000 (default)
2019-08-28 13:05:52,451 [905064f4-24d2-4290-aeb9-f7b810d5a354:group-39FDF2C5AA13:LeaderElection86] INFO  server.RaftServerConfigKeys (ConfUtils.java:logGet(43)) - raft.server.rpc.sleep.time = 25ms (default)
2019-08-28 13:05:52,451 [905064f4-24d2-4290-aeb9-f7b810d5a354:group-39FDF2C5AA13:LeaderElection86] INFO  server.RaftServerConfigKeys (ConfUtils.java:logGet(43)) - raft.server.write.element-limit = 4096 (default)
2019-08-28 13:05:52,452 [905064f4-24d2-4290-aeb9-f7b810d5a354:group-39FDF2C5AA13:LeaderElection86] INFO  server.RaftServerConfigKeys (ConfUtils.java:logGet(43)) - raft.server.watch.timeout = 10s (default)
2019-08-28 13:05:52,452 [905064f4-24d2-4290-aeb9-f7b810d5a354:group-39FDF2C5AA13:LeaderElection86] INFO  server.RaftServerConfigKeys (ConfUtils.java:logGet(43)) - raft.server.watch.timeout.denomination = 1s (default)
2019-08-28 13:05:52,452 [905064f4-24d2-4290-aeb9-f7b810d5a354:group-39FDF2C5AA13:LeaderElection86] INFO  server.RaftServerConfigKeys (ConfUtils.java:logGet(43)) - raft.server.watch.element-limit = 65536 (default)
2019-08-28 13:05:52,452 [905064f4-24d2-4290-aeb9-f7b810d5a354:group-39FDF2C5AA13:LeaderElection86] INFO  server.RaftServerConfigKeys (ConfUtils.java:logGet(43)) - raft.server.log.appender.snapshot.chunk.size.max = 16MB (=16777216) (default)
2019-08-28 13:05:52,453 [905064f4-24d2-4290-aeb9-f7b810d5a354:group-39FDF2C5AA13:LeaderElection86] INFO  server.RaftServerConfigKeys (ConfUtils.java:logGet(43)) - raft.server.log.appender.buffer.byte-limit = 33554432 (custom)
2019-08-28 13:05:52,453 [905064f4-24d2-4290-aeb9-f7b810d5a354:group-39FDF2C5AA13:LeaderElection86] INFO  server.RaftServerConfigKeys (ConfUtils.java:logGet(43)) - raft.server.log.appender.buffer.element-limit = 1 (custom)
2019-08-28 13:05:52,453 [905064f4-24d2-4290-aeb9-f7b810d5a354:group-39FDF2C5AA13:LeaderElection86] INFO  grpc.GrpcConfigKeys$Server (ConfUtils.java:logGet(43)) - raft.grpc.server.leader.outstanding.appends.max = 128 (default)
2019-08-28 13:05:52,453 [905064f4-24d2-4290-aeb9-f7b810d5a354:group-39FDF2C5AA13:LeaderElection86] INFO  server.RaftServerConfigKeys (ConfUtils.java:logGet(43)) - raft.server.rpc.request.timeout = 3000ms (default)
2019-08-28 13:05:52,454 [905064f4-24d2-4290-aeb9-f7b810d5a354:group-39FDF2C5AA13:LeaderElection86] INFO  server.RaftServerConfigKeys (ConfUtils.java:logGet(43)) - raft.server.log.appender.install.snapshot.enabled = false (custom)
2019-08-28 13:05:52,454 [905064f4-24d2-4290-aeb9-f7b810d5a354:group-39FDF2C5AA13:LeaderElection86] INFO  server.RaftServerConfigKeys (ConfUtils.java:logGet(43)) - raft.server.log.appender.snapshot.chunk.size.max = 16MB (=16777216) (default)
2019-08-28 13:05:52,454 [905064f4-24d2-4290-aeb9-f7b810d5a354:group-39FDF2C5AA13:LeaderElection86] INFO  server.RaftServerConfigKeys (ConfUtils.java:logGet(43)) - raft.server.log.appender.buffer.byte-limit = 33554432 (custom)
2019-08-28 13:05:52,454 [905064f4-24d2-4290-aeb9-f7b810d5a354:group-39FDF2C5AA13:LeaderElection86] INFO  server.RaftServerConfigKeys (ConfUtils.java:logGet(43)) - raft.server.log.appender.buffer.element-limit = 1 (custom)
2019-08-28 13:05:52,455 [905064f4-24d2-4290-aeb9-f7b810d5a354:group-39FDF2C5AA13:LeaderElection86] INFO  grpc.GrpcConfigKeys$Server (ConfUtils.java:logGet(43)) - raft.grpc.server.leader.outstanding.appends.max = 128 (default)
2019-08-28 13:05:52,455 [905064f4-24d2-4290-aeb9-f7b810d5a354:group-39FDF2C5AA13:LeaderElection86] INFO  server.RaftServerConfigKeys (ConfUtils.java:logGet(43)) - raft.server.rpc.request.timeout = 3000ms (default)
2019-08-28 13:05:52,455 [905064f4-24d2-4290-aeb9-f7b810d5a354:group-39FDF2C5AA13:LeaderElection86] INFO  server.RaftServerConfigKeys (ConfUtils.java:logGet(43)) - raft.server.log.appender.install.snapshot.enabled = false (custom)
2019-08-28 13:05:52,455 [905064f4-24d2-4290-aeb9-f7b810d5a354:group-39FDF2C5AA13:LeaderElection86] INFO  impl.RoleInfo (RoleInfo.java:updateAndGet(143)) - 905064f4-24d2-4290-aeb9-f7b810d5a354: start LeaderState
2019-08-28 13:05:52,455 [905064f4-24d2-4290-aeb9-f7b810d5a354:group-39FDF2C5AA13:LeaderElection86] INFO  segmented.SegmentedRaftLogWorker (SegmentedRaftLogWorker.java:rollLogSegment(385)) - 905064f4-24d2-4290-aeb9-f7b810d5a354-SegmentedRaftLogWorker:Storage Directory /workdir/hadoop-ozone/integration-test/target/test-dir/MiniOzoneClusterImpl-b4ee2db5-7e6f-4740-8562-f15ac3dbe928/datanode-4/data/ratis/403ff206-adec-4fb5-a852-39fdf2c5aa13: Rolling segment log-1_1 to index:1
2019-08-28 13:05:52,456 [905064f4-24d2-4290-aeb9-f7b810d5a354-SegmentedRaftLogWorker:Storage Directory /workdir/hadoop-ozone/integration-test/target/test-dir/MiniOzoneClusterImpl-b4ee2db5-7e6f-4740-8562-f15ac3dbe928/datanode-4/data/ratis/403ff206-adec-4fb5-a852-39fdf2c5aa13] INFO  segmented.SegmentedRaftLogWorker (SegmentedRaftLogWorker.java:execute(526)) - 905064f4-24d2-4290-aeb9-f7b810d5a354-SegmentedRaftLogWorker:Storage Directory /workdir/hadoop-ozone/integration-test/target/test-dir/MiniOzoneClusterImpl-b4ee2db5-7e6f-4740-8562-f15ac3dbe928/datanode-4/data/ratis/403ff206-adec-4fb5-a852-39fdf2c5aa13: Rolled log segment from /workdir/hadoop-ozone/integration-test/target/test-dir/MiniOzoneClusterImpl-b4ee2db5-7e6f-4740-8562-f15ac3dbe928/datanode-4/data/ratis/403ff206-adec-4fb5-a852-39fdf2c5aa13/current/log_inprogress_1 to /workdir/hadoop-ozone/integration-test/target/test-dir/MiniOzoneClusterImpl-b4ee2db5-7e6f-4740-8562-f15ac3dbe928/datanode-4/data/ratis/403ff206-adec-4fb5-a852-39fdf2c5aa13/current/log_1-1
2019-08-28 13:05:52,456 [905064f4-24d2-4290-aeb9-f7b810d5a354:group-39FDF2C5AA13:LeaderElection86] INFO  impl.RaftServerImpl (ServerState.java:setRaftConf(361)) - 905064f4-24d2-4290-aeb9-f7b810d5a354:group-39FDF2C5AA13 set configuration 2: [905064f4-24d2-4290-aeb9-f7b810d5a354:192.168.69.80:45248, 32f88ad7-b496-4276-ae36-0c1df3bcd831:192.168.69.80:34128, ce9c1f14-8030-466e-9ac8-42fad73b72bd:192.168.69.80:38237], old=null at 2
2019-08-28 13:05:52,458 [grpc-default-executor-0] INFO  impl.RaftServerImpl (ServerState.java:setLeader(263)) - 32f88ad7-b496-4276-ae36-0c1df3bcd831:group-39FDF2C5AA13 change Leader from null to 905064f4-24d2-4290-aeb9-f7b810d5a354 at term 7 for appendEntries, leader elected after 20360ms
2019-08-28 13:05:52,458 [grpc-default-executor-0] INFO  impl.RaftServerImpl (RaftServerImpl.java:checkInconsistentAppendEntries(999)) - 32f88ad7-b496-4276-ae36-0c1df3bcd831: Failed appendEntries as previous log entry ((t:4, i:1)) is not found
2019-08-28 13:05:52,459 [grpc-default-executor-0] INFO  impl.RaftServerImpl (RaftServerImpl.java:checkInconsistentAppendEntries(972)) - 32f88ad7-b496-4276-ae36-0c1df3bcd831: inconsistency entries. Reply:905064f4-24d2-4290-aeb9-f7b810d5a354<-32f88ad7-b496-4276-ae36-0c1df3bcd831#0:FAIL,INCONSISTENCY,nextIndex:1,term:7,followerCommit:-1
2019-08-28 13:05:52,458 [grpc-default-executor-6] INFO  impl.RaftServerImpl (ServerState.java:setLeader(263)) - ce9c1f14-8030-466e-9ac8-42fad73b72bd:group-39FDF2C5AA13 change Leader from null to 905064f4-24d2-4290-aeb9-f7b810d5a354 at term 7 for appendEntries, leader elected after 10107ms
2019-08-28 13:05:52,459 [grpc-default-executor-0] INFO  impl.FollowerInfo (FollowerInfo.java:lambda$new$0(50)) - 905064f4-24d2-4290-aeb9-f7b810d5a354->32f88ad7-b496-4276-ae36-0c1df3bcd831: nextIndex: updateUnconditionally 2 -> 1
2019-08-28 13:05:52,460 [grpc-default-executor-6] INFO  impl.RaftServerImpl (ServerState.java:setRaftConf(361)) - 32f88ad7-b496-4276-ae36-0c1df3bcd831:group-39FDF2C5AA13 set configuration 1: [905064f4-24d2-4290-aeb9-f7b810d5a354:192.168.69.80:45248, 32f88ad7-b496-4276-ae36-0c1df3bcd831:192.168.69.80:34128, ce9c1f14-8030-466e-9ac8-42fad73b72bd:192.168.69.80:38237], old=null at 1
2019-08-28 13:05:52,461 [grpc-default-executor-6] INFO  segmented.SegmentedRaftLogWorker (SegmentedRaftLogWorker.java:rollLogSegment(385)) - 32f88ad7-b496-4276-ae36-0c1df3bcd831-SegmentedRaftLogWorker:Storage Directory /workdir/hadoop-ozone/integration-test/target/test-dir/MiniOzoneClusterImpl-b4ee2db5-7e6f-4740-8562-f15ac3dbe928/datanode-3/data/ratis/403ff206-adec-4fb5-a852-39fdf2c5aa13: Rolling segment log-0_0 to index:0
2019-08-28 13:05:52,461 [grpc-default-executor-0] INFO  impl.RaftServerImpl (ServerState.java:setRaftConf(361)) - ce9c1f14-8030-466e-9ac8-42fad73b72bd:group-39FDF2C5AA13 set configuration 2: [905064f4-24d2-4290-aeb9-f7b810d5a354:192.168.69.80:45248, 32f88ad7-b496-4276-ae36-0c1df3bcd831:192.168.69.80:34128, ce9c1f14-8030-466e-9ac8-42fad73b72bd:192.168.69.80:38237], old=null at 2
2019-08-28 13:05:52,461 [grpc-default-executor-6] INFO  impl.RaftServerImpl (ServerState.java:setRaftConf(361)) - 32f88ad7-b496-4276-ae36-0c1df3bcd831:group-39FDF2C5AA13 set configuration 2: [905064f4-24d2-4290-aeb9-f7b810d5a354:192.168.69.80:45248, 32f88ad7-b496-4276-ae36-0c1df3bcd831:192.168.69.80:34128, ce9c1f14-8030-466e-9ac8-42fad73b72bd:192.168.69.80:38237], old=null at 2
2019-08-28 13:05:52,461 [32f88ad7-b496-4276-ae36-0c1df3bcd831-SegmentedRaftLogWorker:Storage Directory /workdir/hadoop-ozone/integration-test/target/test-dir/MiniOzoneClusterImpl-b4ee2db5-7e6f-4740-8562-f15ac3dbe928/datanode-3/data/ratis/403ff206-adec-4fb5-a852-39fdf2c5aa13] INFO  segmented.SegmentedRaftLogWorker (SegmentedRaftLogWorker.java:execute(526)) - 32f88ad7-b496-4276-ae36-0c1df3bcd831-SegmentedRaftLogWorker:Storage Directory /workdir/hadoop-ozone/integration-test/target/test-dir/MiniOzoneClusterImpl-b4ee2db5-7e6f-4740-8562-f15ac3dbe928/datanode-3/data/ratis/403ff206-adec-4fb5-a852-39fdf2c5aa13: Rolled log segment from /workdir/hadoop-ozone/integration-test/target/test-dir/MiniOzoneClusterImpl-b4ee2db5-7e6f-4740-8562-f15ac3dbe928/datanode-3/data/ratis/403ff206-adec-4fb5-a852-39fdf2c5aa13/current/log_inprogress_0 to /workdir/hadoop-ozone/integration-test/target/test-dir/MiniOzoneClusterImpl-b4ee2db5-7e6f-4740-8562-f15ac3dbe928/datanode-3/data/ratis/403ff206-adec-4fb5-a852-39fdf2c5aa13/current/log_0-0
2019-08-28 13:05:52,461 [grpc-default-executor-0] INFO  segmented.SegmentedRaftLogWorker (SegmentedRaftLogWorker.java:rollLogSegment(385)) - ce9c1f14-8030-466e-9ac8-42fad73b72bd-SegmentedRaftLogWorker:Storage Directory /workdir/hadoop-ozone/integration-test/target/test-dir/MiniOzoneClusterImpl-b4ee2db5-7e6f-4740-8562-f15ac3dbe928/datanode-5/data/ratis/403ff206-adec-4fb5-a852-39fdf2c5aa13: Rolling segment log-1_1 to index:1
2019-08-28 13:05:52,462 [grpc-default-executor-6] INFO  segmented.SegmentedRaftLogWorker (SegmentedRaftLogWorker.java:rollLogSegment(385)) - 32f88ad7-b496-4276-ae36-0c1df3bcd831-SegmentedRaftLogWorker:Storage Directory /workdir/hadoop-ozone/integration-test/target/test-dir/MiniOzoneClusterImpl-b4ee2db5-7e6f-4740-8562-f15ac3dbe928/datanode-3/data/ratis/403ff206-adec-4fb5-a852-39fdf2c5aa13: Rolling segment log-1_1 to index:1
2019-08-28 13:05:52,463 [ce9c1f14-8030-466e-9ac8-42fad73b72bd-SegmentedRaftLogWorker:Storage Directory /workdir/hadoop-ozone/integration-test/target/test-dir/MiniOzoneClusterImpl-b4ee2db5-7e6f-4740-8562-f15ac3dbe928/datanode-5/data/ratis/403ff206-adec-4fb5-a852-39fdf2c5aa13] INFO  segmented.SegmentedRaftLogWorker (SegmentedRaftLogWorker.java:execute(526)) - ce9c1f14-8030-466e-9ac8-42fad73b72bd-SegmentedRaftLogWorker:Storage Directory /workdir/hadoop-ozone/integration-test/target/test-dir/MiniOzoneClusterImpl-b4ee2db5-7e6f-4740-8562-f15ac3dbe928/datanode-5/data/ratis/403ff206-adec-4fb5-a852-39fdf2c5aa13: Rolled log segment from /workdir/hadoop-ozone/integration-test/target/test-dir/MiniOzoneClusterImpl-b4ee2db5-7e6f-4740-8562-f15ac3dbe928/datanode-5/data/ratis/403ff206-adec-4fb5-a852-39fdf2c5aa13/current/log_inprogress_1 to /workdir/hadoop-ozone/integration-test/target/test-dir/MiniOzoneClusterImpl-b4ee2db5-7e6f-4740-8562-f15ac3dbe928/datanode-5/data/ratis/403ff206-adec-4fb5-a852-39fdf2c5aa13/current/log_1-1
2019-08-28 13:05:52,514 [905064f4-24d2-4290-aeb9-f7b810d5a354-SegmentedRaftLogWorker:Storage Directory /workdir/hadoop-ozone/integration-test/target/test-dir/MiniOzoneClusterImpl-b4ee2db5-7e6f-4740-8562-f15ac3dbe928/datanode-4/data/ratis/403ff206-adec-4fb5-a852-39fdf2c5aa13] INFO  segmented.SegmentedRaftLogWorker (SegmentedRaftLogWorker.java:execute(569)) - 905064f4-24d2-4290-aeb9-f7b810d5a354-SegmentedRaftLogWorker:Storage Directory /workdir/hadoop-ozone/integration-test/target/test-dir/MiniOzoneClusterImpl-b4ee2db5-7e6f-4740-8562-f15ac3dbe928/datanode-4/data/ratis/403ff206-adec-4fb5-a852-39fdf2c5aa13: created new log segment /workdir/hadoop-ozone/integration-test/target/test-dir/MiniOzoneClusterImpl-b4ee2db5-7e6f-4740-8562-f15ac3dbe928/datanode-4/data/ratis/403ff206-adec-4fb5-a852-39fdf2c5aa13/current/log_inprogress_2
2019-08-28 13:05:52,529 [ce9c1f14-8030-466e-9ac8-42fad73b72bd-SegmentedRaftLogWorker:Storage Directory /workdir/hadoop-ozone/integration-test/target/test-dir/MiniOzoneClusterImpl-b4ee2db5-7e6f-4740-8562-f15ac3dbe928/datanode-5/data/ratis/403ff206-adec-4fb5-a852-39fdf2c5aa13] INFO  segmented.SegmentedRaftLogWorker (SegmentedRaftLogWorker.java:execute(569)) - ce9c1f14-8030-466e-9ac8-42fad73b72bd-SegmentedRaftLogWorker:Storage Directory /workdir/hadoop-ozone/integration-test/target/test-dir/MiniOzoneClusterImpl-b4ee2db5-7e6f-4740-8562-f15ac3dbe928/datanode-5/data/ratis/403ff206-adec-4fb5-a852-39fdf2c5aa13: created new log segment /workdir/hadoop-ozone/integration-test/target/test-dir/MiniOzoneClusterImpl-b4ee2db5-7e6f-4740-8562-f15ac3dbe928/datanode-5/data/ratis/403ff206-adec-4fb5-a852-39fdf2c5aa13/current/log_inprogress_2
2019-08-28 13:05:52,529 [32f88ad7-b496-4276-ae36-0c1df3bcd831-SegmentedRaftLogWorker:Storage Directory /workdir/hadoop-ozone/integration-test/target/test-dir/MiniOzoneClusterImpl-b4ee2db5-7e6f-4740-8562-f15ac3dbe928/datanode-3/data/ratis/403ff206-adec-4fb5-a852-39fdf2c5aa13] INFO  segmented.SegmentedRaftLogWorker (SegmentedRaftLogWorker.java:execute(569)) - 32f88ad7-b496-4276-ae36-0c1df3bcd831-SegmentedRaftLogWorker:Storage Directory /workdir/hadoop-ozone/integration-test/target/test-dir/MiniOzoneClusterImpl-b4ee2db5-7e6f-4740-8562-f15ac3dbe928/datanode-3/data/ratis/403ff206-adec-4fb5-a852-39fdf2c5aa13: created new log segment /workdir/hadoop-ozone/integration-test/target/test-dir/MiniOzoneClusterImpl-b4ee2db5-7e6f-4740-8562-f15ac3dbe928/datanode-3/data/ratis/403ff206-adec-4fb5-a852-39fdf2c5aa13/current/log_inprogress_1
2019-08-28 13:05:52,532 [32f88ad7-b496-4276-ae36-0c1df3bcd831-SegmentedRaftLogWorker:Storage Directory /workdir/hadoop-ozone/integration-test/target/test-dir/MiniOzoneClusterImpl-b4ee2db5-7e6f-4740-8562-f15ac3dbe928/datanode-3/data/ratis/403ff206-adec-4fb5-a852-39fdf2c5aa13] INFO  segmented.SegmentedRaftLogWorker (SegmentedRaftLogWorker.java:execute(526)) - 32f88ad7-b496-4276-ae36-0c1df3bcd831-SegmentedRaftLogWorker:Storage Directory /workdir/hadoop-ozone/integration-test/target/test-dir/MiniOzoneClusterImpl-b4ee2db5-7e6f-4740-8562-f15ac3dbe928/datanode-3/data/ratis/403ff206-adec-4fb5-a852-39fdf2c5aa13: Rolled log segment from /workdir/hadoop-ozone/integration-test/target/test-dir/MiniOzoneClusterImpl-b4ee2db5-7e6f-4740-8562-f15ac3dbe928/datanode-3/data/ratis/403ff206-adec-4fb5-a852-39fdf2c5aa13/current/log_inprogress_1 to /workdir/hadoop-ozone/integration-test/target/test-dir/MiniOzoneClusterImpl-b4ee2db5-7e6f-4740-8562-f15ac3dbe928/datanode-3/data/ratis/403ff206-adec-4fb5-a852-39fdf2c5aa13/current/log_1-1
2019-08-28 13:05:52,553 | INFO  | SCMAudit | user=jenkins1000 | ip=192.168.69.80 | op=SEND_HEARTBEAT {datanodeUUID=59fb5bc9-2d90-422e-bf68-b67547f31f06, command=[]} | ret=SUCCESS |  
2019-08-28 13:05:52,570 [grpc-default-executor-0] INFO  client.GrpcClientProtocolClient (GrpcClientProtocolClient.java:onNext(255)) - client-DE8B1881BA14->32f88ad7-b496-4276-ae36-0c1df3bcd831: receive RaftClientReply:client-DE8B1881BA14->32f88ad7-b496-4276-ae36-0c1df3bcd831@group-39FDF2C5AA13, cid=182, FAILED org.apache.ratis.protocol.NotLeaderException: Server 32f88ad7-b496-4276-ae36-0c1df3bcd831 is not the leader (905064f4-24d2-4290-aeb9-f7b810d5a354:192.168.69.80:45248). Request must be sent to leader., logIndex=0, commits[32f88ad7-b496-4276-ae36-0c1df3bcd831:c-1, 905064f4-24d2-4290-aeb9-f7b810d5a354:c2, ce9c1f14-8030-466e-9ac8-42fad73b72bd:c-1]
2019-08-28 13:05:52,581 | INFO  | SCMAudit | user=jenkins1000 | ip=192.168.69.80 | op=SEND_HEARTBEAT {datanodeUUID=905064f4-24d2-4290-aeb9-f7b810d5a354, command=[]} | ret=SUCCESS |  
2019-08-28 13:05:52,581 [32f88ad7-b496-4276-ae36-0c1df3bcd831-SegmentedRaftLogWorker:Storage Directory /workdir/hadoop-ozone/integration-test/target/test-dir/MiniOzoneClusterImpl-b4ee2db5-7e6f-4740-8562-f15ac3dbe928/datanode-3/data/ratis/403ff206-adec-4fb5-a852-39fdf2c5aa13] INFO  segmented.SegmentedRaftLogWorker (SegmentedRaftLogWorker.java:execute(569)) - 32f88ad7-b496-4276-ae36-0c1df3bcd831-SegmentedRaftLogWorker:Storage Directory /workdir/hadoop-ozone/integration-test/target/test-dir/MiniOzoneClusterImpl-b4ee2db5-7e6f-4740-8562-f15ac3dbe928/datanode-3/data/ratis/403ff206-adec-4fb5-a852-39fdf2c5aa13: created new log segment /workdir/hadoop-ozone/integration-test/target/test-dir/MiniOzoneClusterImpl-b4ee2db5-7e6f-4740-8562-f15ac3dbe928/datanode-3/data/ratis/403ff206-adec-4fb5-a852-39fdf2c5aa13/current/log_inprogress_2
2019-08-28 13:05:52,585 [grpc-default-worker-ELG-3-2] WARN  nio.NioEventLoop (NioEventLoop.java:select(786)) - Selector.select() returned prematurely {} times in a row; rebuilding Selector {}.
2019-08-28 13:05:52,588 [grpc-default-worker-ELG-3-2] INFO  nio.NioEventLoop (NioEventLoop.java:rebuildSelector0(396)) - Migrated 4 channel(s) to the new Selector.
2019-08-28 13:05:52,716 | INFO  | SCMAudit | user=jenkins1000 | ip=192.168.69.80 | op=SEND_HEARTBEAT {datanodeUUID=32f88ad7-b496-4276-ae36-0c1df3bcd831, command=[]} | ret=SUCCESS |  
2019-08-28 13:05:52,716 | INFO  | DNAudit | user=null | ip=null | op=WRITE_CHUNK {blockData=conID: 1 locID: 102694750002151438 bcsId: 0} | ret=SUCCESS |  
2019-08-28 13:05:52,716 | INFO  | DNAudit | user=null | ip=null | op=WRITE_CHUNK {blockData=conID: 1 locID: 102694750002151438 bcsId: 0} | ret=SUCCESS |  
2019-08-28 13:05:52,716 | INFO  | SCMAudit | user=jenkins1000 | ip=192.168.69.80 | op=SEND_HEARTBEAT {datanodeUUID=905064f4-24d2-4290-aeb9-f7b810d5a354, command=[]} | ret=SUCCESS |  
2019-08-28 13:05:52,732 | INFO  | DNAudit | user=null | ip=null | op=WRITE_CHUNK {blockData=conID: 1 locID: 102694750002151438 bcsId: 0} | ret=SUCCESS |  
2019-08-28 13:05:52,738 | INFO  | DNAudit | user=null | ip=null | op=WRITE_CHUNK {blockData=conID: 1 locID: 102694750002151438 bcsId: 0} | ret=SUCCESS |  
2019-08-28 13:05:52,738 | INFO  | SCMAudit | user=jenkins1000 | ip=192.168.69.80 | op=SEND_HEARTBEAT {datanodeUUID=ce9c1f14-8030-466e-9ac8-42fad73b72bd, command=[]} | ret=SUCCESS |  
2019-08-28 13:05:52,738 [grpc-default-executor-6] INFO  client.GrpcClientProtocolClient (GrpcClientProtocolClient.java:onNext(255)) - client-DE8B1881BA14->905064f4-24d2-4290-aeb9-f7b810d5a354: receive RaftClientReply:client-DE8B1881BA14->905064f4-24d2-4290-aeb9-f7b810d5a354@group-39FDF2C5AA13, cid=182, SUCCESS, logIndex=4, commits[905064f4-24d2-4290-aeb9-f7b810d5a354:c4, 32f88ad7-b496-4276-ae36-0c1df3bcd831:c3, ce9c1f14-8030-466e-9ac8-42fad73b72bd:c2]
2019-08-28 13:05:52,745 | INFO  | DNAudit | user=null | ip=null | op=WRITE_CHUNK {blockData=conID: 1 locID: 102694750002151438 bcsId: 0} | ret=SUCCESS |  
2019-08-28 13:05:52,746 | INFO  | DNAudit | user=null | ip=null | op=WRITE_CHUNK {blockData=conID: 1 locID: 102694750002151438 bcsId: 0} | ret=SUCCESS |  
2019-08-28 13:05:52,746 | INFO  | DNAudit | user=null | ip=null | op=WRITE_CHUNK {blockData=conID: 1 locID: 102694750002151438 bcsId: 0} | ret=SUCCESS |  
2019-08-28 13:05:52,747 | INFO  | DNAudit | user=null | ip=null | op=WRITE_CHUNK {blockData=conID: 1 locID: 102694750002151438 bcsId: 0} | ret=SUCCESS |  
2019-08-28 13:05:52,748 | INFO  | DNAudit | user=null | ip=null | op=WRITE_CHUNK {blockData=conID: 1 locID: 102694750002151438 bcsId: 0} | ret=SUCCESS |  
2019-08-28 13:05:52,748 | INFO  | DNAudit | user=null | ip=null | op=WRITE_CHUNK {blockData=conID: 1 locID: 102694750002151438 bcsId: 0} | ret=SUCCESS |  
2019-08-28 13:05:52,749 | INFO  | DNAudit | user=null | ip=null | op=WRITE_CHUNK {blockData=conID: 1 locID: 102694750002151438 bcsId: 0} | ret=SUCCESS |  
2019-08-28 13:05:52,749 | INFO  | DNAudit | user=null | ip=null | op=WRITE_CHUNK {blockData=conID: 1 locID: 102694750002151438 bcsId: 0} | ret=SUCCESS |  
2019-08-28 13:05:52,755 | INFO  | DNAudit | user=null | ip=null | op=WRITE_CHUNK {blockData=conID: 1 locID: 102694750002151438 bcsId: 0} | ret=SUCCESS |  
2019-08-28 13:05:52,755 | INFO  | DNAudit | user=null | ip=null | op=WRITE_CHUNK {blockData=conID: 1 locID: 102694750002151438 bcsId: 0} | ret=SUCCESS |  
2019-08-28 13:05:52,756 | INFO  | DNAudit | user=null | ip=null | op=WRITE_CHUNK {blockData=conID: 1 locID: 102694750002151438 bcsId: 0} | ret=SUCCESS |  
2019-08-28 13:05:52,759 | INFO  | DNAudit | user=null | ip=null | op=WRITE_CHUNK {blockData=conID: 1 locID: 102694750002151438 bcsId: 0} | ret=SUCCESS |  
2019-08-28 13:05:52,761 [grpc-default-executor-7] INFO  client.GrpcClientProtocolClient (GrpcClientProtocolClient.java:onNext(255)) - client-DE8B1881BA14->905064f4-24d2-4290-aeb9-f7b810d5a354: receive RaftClientReply:client-DE8B1881BA14->905064f4-24d2-4290-aeb9-f7b810d5a354@group-39FDF2C5AA13, cid=183, SUCCESS, logIndex=6, commits[905064f4-24d2-4290-aeb9-f7b810d5a354:c8, 32f88ad7-b496-4276-ae36-0c1df3bcd831:c5, ce9c1f14-8030-466e-9ac8-42fad73b72bd:c4]
2019-08-28 13:05:52,781 | INFO  | DNAudit | user=null | ip=null | op=WRITE_CHUNK {blockData=conID: 1 locID: 102694750002151438 bcsId: 0} | ret=SUCCESS |  
2019-08-28 13:05:52,781 | INFO  | DNAudit | user=null | ip=null | op=WRITE_CHUNK {blockData=conID: 1 locID: 102694750002151438 bcsId: 0} | ret=SUCCESS |  
2019-08-28 13:05:52,813 | INFO  | DNAudit | user=null | ip=null | op=PUT_BLOCK {blockData=[blockId=conID: 1 locID: 102694750002151438 bcsId: 0,size=200]} | ret=SUCCESS |  
2019-08-28 13:05:52,814 | INFO  | DNAudit | user=null | ip=null | op=WRITE_CHUNK {blockData=conID: 1 locID: 102694750002151438 bcsId: 0} | ret=SUCCESS |  
2019-08-28 13:05:52,814 | INFO  | DNAudit | user=null | ip=null | op=WRITE_CHUNK {blockData=conID: 1 locID: 102694750002151438 bcsId: 0} | ret=SUCCESS |  
2019-08-28 13:05:52,814 [grpc-default-executor-7] INFO  client.GrpcClientProtocolClient (GrpcClientProtocolClient.java:onNext(255)) - client-DE8B1881BA14->905064f4-24d2-4290-aeb9-f7b810d5a354: receive RaftClientReply:client-DE8B1881BA14->905064f4-24d2-4290-aeb9-f7b810d5a354@group-39FDF2C5AA13, cid=184, SUCCESS, logIndex=7, commits[905064f4-24d2-4290-aeb9-f7b810d5a354:c15, 32f88ad7-b496-4276-ae36-0c1df3bcd831:c10, ce9c1f14-8030-466e-9ac8-42fad73b72bd:c10]
2019-08-28 13:05:52,815 [grpc-default-executor-7] INFO  client.GrpcClientProtocolClient (GrpcClientProtocolClient.java:onNext(255)) - client-DE8B1881BA14->905064f4-24d2-4290-aeb9-f7b810d5a354: receive RaftClientReply:client-DE8B1881BA14->905064f4-24d2-4290-aeb9-f7b810d5a354@group-39FDF2C5AA13, cid=185, SUCCESS, logIndex=8, commits[905064f4-24d2-4290-aeb9-f7b810d5a354:c15, 32f88ad7-b496-4276-ae36-0c1df3bcd831:c10, ce9c1f14-8030-466e-9ac8-42fad73b72bd:c10]
2019-08-28 13:05:52,816 [grpc-default-executor-7] INFO  client.GrpcClientProtocolClient (GrpcClientProtocolClient.java:onNext(255)) - client-DE8B1881BA14->905064f4-24d2-4290-aeb9-f7b810d5a354: receive RaftClientReply:client-DE8B1881BA14->905064f4-24d2-4290-aeb9-f7b810d5a354@group-39FDF2C5AA13, cid=186, SUCCESS, logIndex=9, commits[905064f4-24d2-4290-aeb9-f7b810d5a354:c15, 32f88ad7-b496-4276-ae36-0c1df3bcd831:c10, ce9c1f14-8030-466e-9ac8-42fad73b72bd:c10]
2019-08-28 13:05:52,892 | INFO  | DNAudit | user=null | ip=null | op=PUT_BLOCK {blockData=[blockId=conID: 1 locID: 102694750002151438 bcsId: 0,size=200]} | ret=SUCCESS |  
2019-08-28 13:05:52,892 | INFO  | DNAudit | user=null | ip=null | op=WRITE_CHUNK {blockData=conID: 1 locID: 102694750002151438 bcsId: 0} | ret=SUCCESS |  
2019-08-28 13:05:52,893 | INFO  | DNAudit | user=null | ip=null | op=WRITE_CHUNK {blockData=conID: 1 locID: 102694750002151438 bcsId: 0} | ret=SUCCESS |  
2019-08-28 13:05:52,977 | INFO  | DNAudit | user=null | ip=null | op=PUT_BLOCK {blockData=[blockId=conID: 1 locID: 102694750002151438 bcsId: 0,size=400]} | ret=SUCCESS |  
2019-08-28 13:05:52,977 | INFO  | DNAudit | user=null | ip=null | op=PUT_BLOCK {blockData=[blockId=conID: 1 locID: 102694750002151438 bcsId: 0,size=400]} | ret=SUCCESS |  
2019-08-28 13:05:52,977 | INFO  | DNAudit | user=null | ip=null | op=PUT_BLOCK {blockData=[blockId=conID: 1 locID: 102694750002151438 bcsId: 0,size=200]} | ret=SUCCESS |  
2019-08-28 13:05:52,978 | INFO  | DNAudit | user=null | ip=null | op=WRITE_CHUNK {blockData=conID: 1 locID: 102694750002151438 bcsId: 0} | ret=SUCCESS |  
2019-08-28 13:05:52,978 | INFO  | DNAudit | user=null | ip=null | op=WRITE_CHUNK {blockData=conID: 1 locID: 102694750002151438 bcsId: 0} | ret=SUCCESS |  
2019-08-28 13:05:52,979 | INFO  | DNAudit | user=null | ip=null | op=PUT_BLOCK {blockData=[blockId=conID: 1 locID: 102694750002151438 bcsId: 0,size=400]} | ret=SUCCESS |  
2019-08-28 13:05:52,979 [grpc-default-executor-7] INFO  client.GrpcClientProtocolClient (GrpcClientProtocolClient.java:onNext(255)) - client-DE8B1881BA14->905064f4-24d2-4290-aeb9-f7b810d5a354: receive RaftClientReply:client-DE8B1881BA14->905064f4-24d2-4290-aeb9-f7b810d5a354@group-39FDF2C5AA13, cid=187, SUCCESS, logIndex=10, commits[905064f4-24d2-4290-aeb9-f7b810d5a354:c15, 32f88ad7-b496-4276-ae36-0c1df3bcd831:c10, ce9c1f14-8030-466e-9ac8-42fad73b72bd:c10]
2019-08-28 13:05:52,982 | INFO  | DNAudit | user=null | ip=null | op=WRITE_CHUNK {blockData=conID: 1 locID: 102694750002151438 bcsId: 10} | ret=SUCCESS |  
2019-08-28 13:05:52,984 | INFO  | DNAudit | user=null | ip=null | op=WRITE_CHUNK {blockData=conID: 1 locID: 102694750002151438 bcsId: 10} | ret=SUCCESS |  
2019-08-28 13:05:52,984 | INFO  | DNAudit | user=null | ip=null | op=WRITE_CHUNK {blockData=conID: 1 locID: 102694750002151438 bcsId: 10} | ret=SUCCESS |  
2019-08-28 13:05:52,998 | INFO  | DNAudit | user=null | ip=null | op=WRITE_CHUNK {blockData=conID: 1 locID: 102694750002151438 bcsId: 10} | ret=SUCCESS |  
2019-08-28 13:05:52,999 | INFO  | DNAudit | user=null | ip=null | op=PUT_BLOCK {blockData=[blockId=conID: 1 locID: 102694750002151438 bcsId: 0,size=450]} | ret=SUCCESS |  
2019-08-28 13:05:53,000 [grpc-default-executor-8] INFO  client.GrpcClientProtocolClient (GrpcClientProtocolClient.java:onNext(255)) - client-DE8B1881BA14->905064f4-24d2-4290-aeb9-f7b810d5a354: receive RaftClientReply:client-DE8B1881BA14->905064f4-24d2-4290-aeb9-f7b810d5a354@group-39FDF2C5AA13, cid=188, SUCCESS, logIndex=16, commits[905064f4-24d2-4290-aeb9-f7b810d5a354:c17, 32f88ad7-b496-4276-ae36-0c1df3bcd831:c10, ce9c1f14-8030-466e-9ac8-42fad73b72bd:c15]
2019-08-28 13:05:53,001 [grpc-default-executor-8] INFO  client.GrpcClientProtocolClient (GrpcClientProtocolClient.java:onNext(255)) - client-DE8B1881BA14->905064f4-24d2-4290-aeb9-f7b810d5a354: receive RaftClientReply:client-DE8B1881BA14->905064f4-24d2-4290-aeb9-f7b810d5a354@group-39FDF2C5AA13, cid=189, SUCCESS, logIndex=17, commits[905064f4-24d2-4290-aeb9-f7b810d5a354:c17, 32f88ad7-b496-4276-ae36-0c1df3bcd831:c15, ce9c1f14-8030-466e-9ac8-42fad73b72bd:c15]
2019-08-28 13:05:53,001 | INFO  | DNAudit | user=null | ip=null | op=WRITE_CHUNK {blockData=conID: 1 locID: 102694750002151438 bcsId: 10} | ret=SUCCESS |  
2019-08-28 13:05:53,001 | INFO  | DNAudit | user=null | ip=null | op=WRITE_CHUNK {blockData=conID: 1 locID: 102694750002151438 bcsId: 10} | ret=SUCCESS |  
2019-08-28 13:05:53,002 | INFO  | DNAudit | user=null | ip=null | op=PUT_BLOCK {blockData=[blockId=conID: 1 locID: 102694750002151438 bcsId: 0,size=450]} | ret=SUCCESS |  
2019-08-28 13:05:53,002 | INFO  | DNAudit | user=null | ip=null | op=PUT_BLOCK {blockData=[blockId=conID: 1 locID: 102694750002151438 bcsId: 0,size=450]} | ret=SUCCESS |  
2019-08-28 13:05:53,006 [grpc-default-executor-7] INFO  client.GrpcClientProtocolClient (GrpcClientProtocolClient.java:onNext(255)) - client-DE8B1881BA14->905064f4-24d2-4290-aeb9-f7b810d5a354: receive RaftClientReply:client-DE8B1881BA14->905064f4-24d2-4290-aeb9-f7b810d5a354@group-39FDF2C5AA13, cid=190, SUCCESS, logIndex=0, commits[905064f4-24d2-4290-aeb9-f7b810d5a354:c18, 32f88ad7-b496-4276-ae36-0c1df3bcd831:c17, ce9c1f14-8030-466e-9ac8-42fad73b72bd:c17]
2019-08-28 13:05:53,007 [main] INFO  datanode.ObjectStoreHandler (ObjectStoreHandler.java:close(155)) - Closing ObjectStoreHandler.
2019-08-28 13:05:53,008 [main] INFO  ozone.HddsDatanodeService (HddsDatanodeService.java:stop(451)) - Stopped plug-in org.apache.hadoop.ozone.web.OzoneHddsDatanodeService@68330024
2019-08-28 13:05:53,025 | INFO  | SCMAudit | user=jenkins1000 | ip=192.168.69.80 | op=SEND_HEARTBEAT {datanodeUUID=824628d9-e5f8-4fcc-92ac-3dee9636940c, command=[]} | ret=SUCCESS |  
2019-08-28 13:05:53,055 | INFO  | SCMAudit | user=jenkins1000 | ip=192.168.69.80 | op=SEND_HEARTBEAT {datanodeUUID=6473d7a6-d5fa-4090-bf30-ee1350d7f475, command=[]} | ret=SUCCESS |  
2019-08-28 13:05:53,224 | INFO  | SCMAudit | user=jenkins1000 | ip=192.168.69.80 | op=SEND_HEARTBEAT {datanodeUUID=616243d7-d102-41c9-b140-524e964f60c9, command=[]} | ret=SUCCESS |  
2019-08-28 13:05:53,553 | INFO  | SCMAudit | user=jenkins1000 | ip=192.168.69.80 | op=SEND_HEARTBEAT {datanodeUUID=59fb5bc9-2d90-422e-bf68-b67547f31f06, command=[]} | ret=SUCCESS |  
2019-08-28 13:05:53,716 | INFO  | SCMAudit | user=jenkins1000 | ip=192.168.69.80 | op=SEND_HEARTBEAT {datanodeUUID=32f88ad7-b496-4276-ae36-0c1df3bcd831, command=[]} | ret=SUCCESS |  
2019-08-28 13:05:53,717 | INFO  | SCMAudit | user=jenkins1000 | ip=192.168.69.80 | op=SEND_HEARTBEAT {datanodeUUID=905064f4-24d2-4290-aeb9-f7b810d5a354, command=[]} | ret=SUCCESS |  
2019-08-28 13:05:53,736 [Datanode State Machine Thread - 0] INFO  statemachine.DatanodeStateMachine (DatanodeStateMachine.java:lambda$startDaemon$0(350)) - Ozone container server started.
2019-08-28 13:05:54,025 | INFO  | SCMAudit | user=jenkins1000 | ip=192.168.69.80 | op=SEND_HEARTBEAT {datanodeUUID=824628d9-e5f8-4fcc-92ac-3dee9636940c, command=[]} | ret=SUCCESS |  
2019-08-28 13:05:54,055 | INFO  | SCMAudit | user=jenkins1000 | ip=192.168.69.80 | op=SEND_HEARTBEAT {datanodeUUID=6473d7a6-d5fa-4090-bf30-ee1350d7f475, command=[]} | ret=SUCCESS |  
2019-08-28 13:05:54,225 | INFO  | SCMAudit | user=jenkins1000 | ip=192.168.69.80 | op=SEND_HEARTBEAT {datanodeUUID=616243d7-d102-41c9-b140-524e964f60c9, command=[]} | ret=SUCCESS |  
2019-08-28 13:05:54,554 | INFO  | SCMAudit | user=jenkins1000 | ip=192.168.69.80 | op=SEND_HEARTBEAT {datanodeUUID=59fb5bc9-2d90-422e-bf68-b67547f31f06, command=[]} | ret=SUCCESS |  
2019-08-28 13:05:54,717 | INFO  | SCMAudit | user=jenkins1000 | ip=192.168.69.80 | op=SEND_HEARTBEAT {datanodeUUID=32f88ad7-b496-4276-ae36-0c1df3bcd831, command=[]} | ret=SUCCESS |  
2019-08-28 13:05:54,717 | INFO  | SCMAudit | user=jenkins1000 | ip=192.168.69.80 | op=SEND_HEARTBEAT {datanodeUUID=905064f4-24d2-4290-aeb9-f7b810d5a354, command=[]} | ret=SUCCESS |  
2019-08-28 13:05:55,025 | INFO  | SCMAudit | user=jenkins1000 | ip=192.168.69.80 | op=SEND_HEARTBEAT {datanodeUUID=824628d9-e5f8-4fcc-92ac-3dee9636940c, command=[]} | ret=SUCCESS |  
2019-08-28 13:05:55,055 | INFO  | SCMAudit | user=jenkins1000 | ip=192.168.69.80 | op=SEND_HEARTBEAT {datanodeUUID=6473d7a6-d5fa-4090-bf30-ee1350d7f475, command=[]} | ret=SUCCESS |  
2019-08-28 13:05:55,225 | INFO  | SCMAudit | user=jenkins1000 | ip=192.168.69.80 | op=SEND_HEARTBEAT {datanodeUUID=616243d7-d102-41c9-b140-524e964f60c9, command=[]} | ret=SUCCESS |  
2019-08-28 13:05:55,555 | INFO  | SCMAudit | user=jenkins1000 | ip=192.168.69.80 | op=SEND_HEARTBEAT {datanodeUUID=59fb5bc9-2d90-422e-bf68-b67547f31f06, command=[]} | ret=SUCCESS |  
2019-08-28 13:05:55,717 | INFO  | SCMAudit | user=jenkins1000 | ip=192.168.69.80 | op=SEND_HEARTBEAT {datanodeUUID=32f88ad7-b496-4276-ae36-0c1df3bcd831, command=[]} | ret=SUCCESS |  
2019-08-28 13:05:55,717 | INFO  | SCMAudit | user=jenkins1000 | ip=192.168.69.80 | op=SEND_HEARTBEAT {datanodeUUID=905064f4-24d2-4290-aeb9-f7b810d5a354, command=[]} | ret=SUCCESS |  
2019-08-28 13:05:56,025 | INFO  | SCMAudit | user=jenkins1000 | ip=192.168.69.80 | op=SEND_HEARTBEAT {datanodeUUID=824628d9-e5f8-4fcc-92ac-3dee9636940c, command=[]} | ret=SUCCESS |  
2019-08-28 13:05:56,055 | INFO  | SCMAudit | user=jenkins1000 | ip=192.168.69.80 | op=SEND_HEARTBEAT {datanodeUUID=6473d7a6-d5fa-4090-bf30-ee1350d7f475, command=[]} | ret=SUCCESS |  
2019-08-28 13:05:56,225 | INFO  | SCMAudit | user=jenkins1000 | ip=192.168.69.80 | op=SEND_HEARTBEAT {datanodeUUID=616243d7-d102-41c9-b140-524e964f60c9, command=[]} | ret=SUCCESS |  
2019-08-28 13:05:56,555 | INFO  | SCMAudit | user=jenkins1000 | ip=192.168.69.80 | op=SEND_HEARTBEAT {datanodeUUID=59fb5bc9-2d90-422e-bf68-b67547f31f06, command=[]} | ret=SUCCESS |  
2019-08-28 13:05:56,717 | INFO  | SCMAudit | user=jenkins1000 | ip=192.168.69.80 | op=SEND_HEARTBEAT {datanodeUUID=905064f4-24d2-4290-aeb9-f7b810d5a354, command=[]} | ret=SUCCESS |  
2019-08-28 13:05:56,717 | INFO  | SCMAudit | user=jenkins1000 | ip=192.168.69.80 | op=SEND_HEARTBEAT {datanodeUUID=32f88ad7-b496-4276-ae36-0c1df3bcd831, command=[]} | ret=SUCCESS |  
2019-08-28 13:05:57,025 | INFO  | SCMAudit | user=jenkins1000 | ip=192.168.69.80 | op=SEND_HEARTBEAT {datanodeUUID=824628d9-e5f8-4fcc-92ac-3dee9636940c, command=[]} | ret=SUCCESS |  
2019-08-28 13:05:57,055 | INFO  | SCMAudit | user=jenkins1000 | ip=192.168.69.80 | op=SEND_HEARTBEAT {datanodeUUID=6473d7a6-d5fa-4090-bf30-ee1350d7f475, command=[]} | ret=SUCCESS |  
2019-08-28 13:05:57,225 | INFO  | SCMAudit | user=jenkins1000 | ip=192.168.69.80 | op=SEND_HEARTBEAT {datanodeUUID=616243d7-d102-41c9-b140-524e964f60c9, command=[]} | ret=SUCCESS |  
2019-08-28 13:05:57,555 | INFO  | SCMAudit | user=jenkins1000 | ip=192.168.69.80 | op=SEND_HEARTBEAT {datanodeUUID=59fb5bc9-2d90-422e-bf68-b67547f31f06, command=[]} | ret=SUCCESS |  
2019-08-28 13:05:57,717 | INFO  | SCMAudit | user=jenkins1000 | ip=192.168.69.80 | op=SEND_HEARTBEAT {datanodeUUID=905064f4-24d2-4290-aeb9-f7b810d5a354, command=[]} | ret=SUCCESS |  
2019-08-28 13:05:57,717 | INFO  | SCMAudit | user=jenkins1000 | ip=192.168.69.80 | op=SEND_HEARTBEAT {datanodeUUID=32f88ad7-b496-4276-ae36-0c1df3bcd831, command=[]} | ret=SUCCESS |  
2019-08-28 13:05:57,777 [EventQueue-StaleNodeForStaleNodeHandler] INFO  node.StaleNodeHandler (StaleNodeHandler.java:onMessage(58)) - Datanode ce9c1f14-8030-466e-9ac8-42fad73b72bd{ip: 192.168.69.80, host: pr-hdds-2030-bfh46-3754461772, networkLocation: /default-rack, certSerialId: null} moved to stale state. Finalizing its pipelines [PipelineID=403ff206-adec-4fb5-a852-39fdf2c5aa13, PipelineID=64064f59-a155-4a3b-a4b0-167bc65480d0]
2019-08-28 13:05:57,777 [EventQueue-StaleNodeForStaleNodeHandler] INFO  pipeline.SCMPipelineManager (SCMPipelineManager.java:finalizeAndDestroyPipeline(309)) - destroying pipeline:Pipeline[ Id: 403ff206-adec-4fb5-a852-39fdf2c5aa13, Nodes: ce9c1f14-8030-466e-9ac8-42fad73b72bd{ip: 192.168.69.80, host: pr-hdds-2030-bfh46-3754461772, networkLocation: /default-rack, certSerialId: null}905064f4-24d2-4290-aeb9-f7b810d5a354{ip: 192.168.69.80, host: pr-hdds-2030-bfh46-3754461772, networkLocation: /default-rack, certSerialId: null}32f88ad7-b496-4276-ae36-0c1df3bcd831{ip: 192.168.69.80, host: pr-hdds-2030-bfh46-3754461772, networkLocation: /default-rack, certSerialId: null}, Type:RATIS, Factor:THREE, State:OPEN]
2019-08-28 13:05:57,777 [EventQueue-StaleNodeForStaleNodeHandler] INFO  pipeline.PipelineStateManager (PipelineStateManager.java:finalizePipeline(123)) - Pipeline Pipeline[ Id: 403ff206-adec-4fb5-a852-39fdf2c5aa13, Nodes: ce9c1f14-8030-466e-9ac8-42fad73b72bd{ip: 192.168.69.80, host: pr-hdds-2030-bfh46-3754461772, networkLocation: /default-rack, certSerialId: null}905064f4-24d2-4290-aeb9-f7b810d5a354{ip: 192.168.69.80, host: pr-hdds-2030-bfh46-3754461772, networkLocation: /default-rack, certSerialId: null}32f88ad7-b496-4276-ae36-0c1df3bcd831{ip: 192.168.69.80, host: pr-hdds-2030-bfh46-3754461772, networkLocation: /default-rack, certSerialId: null}, Type:RATIS, Factor:THREE, State:CLOSED] moved to CLOSED state
2019-08-28 13:05:57,778 [EventQueue-CloseContainerForCloseContainerEventHandler] INFO  container.CloseContainerEventHandler (CloseContainerEventHandler.java:onMessage(61)) - Close container Event triggered for container : #1
2019-08-28 13:05:57,778 [EventQueue-StaleNodeForStaleNodeHandler] INFO  pipeline.SCMPipelineManager (SCMPipelineManager.java:finalizeAndDestroyPipeline(309)) - destroying pipeline:Pipeline[ Id: 64064f59-a155-4a3b-a4b0-167bc65480d0, Nodes: ce9c1f14-8030-466e-9ac8-42fad73b72bd{ip: 192.168.69.80, host: pr-hdds-2030-bfh46-3754461772, networkLocation: /default-rack, certSerialId: null}, Type:RATIS, Factor:ONE, State:OPEN]
2019-08-28 13:05:57,778 [EventQueue-StaleNodeForStaleNodeHandler] INFO  pipeline.PipelineStateManager (PipelineStateManager.java:finalizePipeline(123)) - Pipeline Pipeline[ Id: 64064f59-a155-4a3b-a4b0-167bc65480d0, Nodes: ce9c1f14-8030-466e-9ac8-42fad73b72bd{ip: 192.168.69.80, host: pr-hdds-2030-bfh46-3754461772, networkLocation: /default-rack, certSerialId: null}, Type:RATIS, Factor:ONE, State:CLOSED] moved to CLOSED state
2019-08-28 13:05:58,009 [main] INFO  ozoneimpl.OzoneContainer (OzoneContainer.java:stop(199)) - Attempting to stop container services.
2019-08-28 13:05:58,009 [main] INFO  impl.RaftServerProxy (RaftServerProxy.java:lambda$close$4(314)) - ce9c1f14-8030-466e-9ac8-42fad73b72bd: close
2019-08-28 13:05:58,010 [main] INFO  impl.RaftServerImpl (RaftServerImpl.java:lambda$shutdown$3(245)) - ce9c1f14-8030-466e-9ac8-42fad73b72bd: shutdown group-39FDF2C5AA13
2019-08-28 13:05:58,011 [main] INFO  util.JmxRegister (JmxRegister.java:unregister(73)) - Successfully un-registered JMX Bean with object name Ratis:service=RaftServer,group=group-39FDF2C5AA13,id=ce9c1f14-8030-466e-9ac8-42fad73b72bd
2019-08-28 13:05:58,011 [main] INFO  impl.RoleInfo (RoleInfo.java:shutdownFollowerState(121)) - ce9c1f14-8030-466e-9ac8-42fad73b72bd: shutdown FollowerState
2019-08-28 13:05:58,012 [main] INFO  impl.StateMachineUpdater (StateMachineUpdater.java:stopAndJoin(115)) - StateMachineUpdater:ce9c1f14-8030-466e-9ac8-42fad73b72bd:group-39FDF2C5AA13: set stopIndex = 19
2019-08-28 13:05:58,012 [StateMachineUpdater:ce9c1f14-8030-466e-9ac8-42fad73b72bd:group-39FDF2C5AA13] INFO  ratis.ContainerStateMachine (ContainerStateMachine.java:takeSnapshot(283)) - group-39FDF2C5AA13: Taking a snapshot at:(t:7, i:17) file /workdir/hadoop-ozone/integration-test/target/test-dir/MiniOzoneClusterImpl-b4ee2db5-7e6f-4740-8562-f15ac3dbe928/datanode-5/data/ratis/403ff206-adec-4fb5-a852-39fdf2c5aa13/sm/snapshot.7_17
2019-08-28 13:05:58,012 [Thread-3738] INFO  impl.FollowerState (FollowerState.java:run(114)) - ce9c1f14-8030-466e-9ac8-42fad73b72bd: FollowerState was interrupted: java.lang.InterruptedException: sleep interrupted
2019-08-28 13:05:58,025 | INFO  | SCMAudit | user=jenkins1000 | ip=192.168.69.80 | op=SEND_HEARTBEAT {datanodeUUID=824628d9-e5f8-4fcc-92ac-3dee9636940c, command=[]} | ret=SUCCESS |  
2019-08-28 13:05:58,027 [StateMachineUpdater:ce9c1f14-8030-466e-9ac8-42fad73b72bd:group-39FDF2C5AA13] INFO  ratis.ContainerStateMachine (ContainerStateMachine.java:takeSnapshot(294)) - group-39FDF2C5AA13: Finished taking a snapshot at:(t:7, i:17) file:/workdir/hadoop-ozone/integration-test/target/test-dir/MiniOzoneClusterImpl-b4ee2db5-7e6f-4740-8562-f15ac3dbe928/datanode-5/data/ratis/403ff206-adec-4fb5-a852-39fdf2c5aa13/sm/snapshot.7_17 time:15
2019-08-28 13:05:58,027 [StateMachineUpdater:ce9c1f14-8030-466e-9ac8-42fad73b72bd:group-39FDF2C5AA13] INFO  impl.StateMachineUpdater (StateMachineUpdater.java:takeSnapshot(242)) - StateMachineUpdater:ce9c1f14-8030-466e-9ac8-42fad73b72bd:group-39FDF2C5AA13: Took a snapshot at index 17
2019-08-28 13:05:58,027 [StateMachineUpdater:ce9c1f14-8030-466e-9ac8-42fad73b72bd:group-39FDF2C5AA13] INFO  impl.StateMachineUpdater (StateMachineUpdater.java:lambda$new$0(80)) - StateMachineUpdater:ce9c1f14-8030-466e-9ac8-42fad73b72bd:group-39FDF2C5AA13: snapshotIndex: updateIncreasingly -1 -> 17
2019-08-28 13:05:58,027 [main] INFO  impl.RaftServerImpl (ServerState.java:close(394)) - ce9c1f14-8030-466e-9ac8-42fad73b72bd:group-39FDF2C5AA13 closes. The last applied log index is 19
2019-08-28 13:05:58,028 [ce9c1f14-8030-466e-9ac8-42fad73b72bd-SegmentedRaftLogWorker:Storage Directory /workdir/hadoop-ozone/integration-test/target/test-dir/MiniOzoneClusterImpl-b4ee2db5-7e6f-4740-8562-f15ac3dbe928/datanode-5/data/ratis/403ff206-adec-4fb5-a852-39fdf2c5aa13] INFO  segmented.SegmentedRaftLogWorker (SegmentedRaftLogWorker.java:run(313)) - ce9c1f14-8030-466e-9ac8-42fad73b72bd-SegmentedRaftLogWorker:Storage Directory /workdir/hadoop-ozone/integration-test/target/test-dir/MiniOzoneClusterImpl-b4ee2db5-7e6f-4740-8562-f15ac3dbe928/datanode-5/data/ratis/403ff206-adec-4fb5-a852-39fdf2c5aa13 was interrupted, exiting. There are 0 tasks remaining in the queue.
2019-08-28 13:05:58,031 [main] INFO  segmented.SegmentedRaftLogWorker (SegmentedRaftLogWorker.java:close(228)) - ce9c1f14-8030-466e-9ac8-42fad73b72bd-SegmentedRaftLogWorker:Storage Directory /workdir/hadoop-ozone/integration-test/target/test-dir/MiniOzoneClusterImpl-b4ee2db5-7e6f-4740-8562-f15ac3dbe928/datanode-5/data/ratis/403ff206-adec-4fb5-a852-39fdf2c5aa13 close()
2019-08-28 13:05:58,036 [main] INFO  impl.RaftServerImpl (RaftServerImpl.java:lambda$shutdown$3(245)) - ce9c1f14-8030-466e-9ac8-42fad73b72bd: shutdown group-167BC65480D0
2019-08-28 13:05:58,036 [main] INFO  util.JmxRegister (JmxRegister.java:unregister(73)) - Successfully un-registered JMX Bean with object name Ratis:service=RaftServer,group=group-167BC65480D0,id=ce9c1f14-8030-466e-9ac8-42fad73b72bd
2019-08-28 13:05:58,036 [main] INFO  impl.RoleInfo (RoleInfo.java:shutdownLeaderState(104)) - ce9c1f14-8030-466e-9ac8-42fad73b72bd: shutdown LeaderState
2019-08-28 13:05:58,037 [main] INFO  impl.PendingRequests (PendingRequests.java:sendNotLeaderResponses(202)) - ce9c1f14-8030-466e-9ac8-42fad73b72bd-PendingRequests: sendNotLeaderResponses
2019-08-28 13:05:58,037 [main] INFO  impl.StateMachineUpdater (StateMachineUpdater.java:stopAndJoin(115)) - StateMachineUpdater:ce9c1f14-8030-466e-9ac8-42fad73b72bd:group-167BC65480D0: set stopIndex = 0
2019-08-28 13:05:58,037 [main] INFO  impl.RaftServerImpl (ServerState.java:close(394)) - ce9c1f14-8030-466e-9ac8-42fad73b72bd:group-167BC65480D0 closes. The last applied log index is 0
2019-08-28 13:05:58,038 [ce9c1f14-8030-466e-9ac8-42fad73b72bd-SegmentedRaftLogWorker:Storage Directory /workdir/hadoop-ozone/integration-test/target/test-dir/MiniOzoneClusterImpl-b4ee2db5-7e6f-4740-8562-f15ac3dbe928/datanode-5/data/ratis/64064f59-a155-4a3b-a4b0-167bc65480d0] INFO  segmented.SegmentedRaftLogWorker (SegmentedRaftLogWorker.java:run(313)) - ce9c1f14-8030-466e-9ac8-42fad73b72bd-SegmentedRaftLogWorker:Storage Directory /workdir/hadoop-ozone/integration-test/target/test-dir/MiniOzoneClusterImpl-b4ee2db5-7e6f-4740-8562-f15ac3dbe928/datanode-5/data/ratis/64064f59-a155-4a3b-a4b0-167bc65480d0 was interrupted, exiting. There are 0 tasks remaining in the queue.
2019-08-28 13:05:58,040 [main] INFO  segmented.SegmentedRaftLogWorker (SegmentedRaftLogWorker.java:close(228)) - ce9c1f14-8030-466e-9ac8-42fad73b72bd-SegmentedRaftLogWorker:Storage Directory /workdir/hadoop-ozone/integration-test/target/test-dir/MiniOzoneClusterImpl-b4ee2db5-7e6f-4740-8562-f15ac3dbe928/datanode-5/data/ratis/64064f59-a155-4a3b-a4b0-167bc65480d0 close()
2019-08-28 13:05:58,045 [main] INFO  server.GrpcService (GrpcService.java:closeImpl(155)) - ce9c1f14-8030-466e-9ac8-42fad73b72bd: shutdown server with port 38237 now
2019-08-28 13:05:58,046 [grpc-default-executor-7] WARN  server.GrpcServerProtocolService (LogUtils.java:warn(134)) - ce9c1f14-8030-466e-9ac8-42fad73b72bd: appendEntries onError: org.apache.ratis.thirdparty.io.grpc.StatusRuntimeException: CANCELLED: cancelled before receiving half close
2019-08-28 13:05:58,046 [main] INFO  server.GrpcService (GrpcService.java:closeImpl(163)) - ce9c1f14-8030-466e-9ac8-42fad73b72bd: shutdown server with port 38237 successfully
2019-08-28 13:05:58,046 [grpc-default-executor-8] WARN  server.GrpcLogAppender (LogUtils.java:warn(134)) - 905064f4-24d2-4290-aeb9-f7b810d5a354->ce9c1f14-8030-466e-9ac8-42fad73b72bd: Failed appendEntries: org.apache.ratis.thirdparty.io.grpc.StatusRuntimeException: CANCELLED: HTTP/2 error code: CANCEL
Received Rst Stream
2019-08-28 13:05:58,046 [grpc-default-executor-8] INFO  impl.FollowerInfo (FollowerInfo.java:lambda$new$0(50)) - 905064f4-24d2-4290-aeb9-f7b810d5a354->ce9c1f14-8030-466e-9ac8-42fad73b72bd: nextIndex: updateUnconditionally 20 -> 19
2019-08-28 13:05:58,051 [main] INFO  utils.BackgroundService (BackgroundService.java:shutdown(148)) - Shutting down service BlockDeletingService
2019-08-28 13:05:58,054 [refreshUsed-/workdir/hadoop-ozone/integration-test/target/test-dir/MiniOzoneClusterImpl-b4ee2db5-7e6f-4740-8562-f15ac3dbe928/datanode-5/data/containers] WARN  fs.CachingGetSpaceUsed (CachingGetSpaceUsed.java:run(183)) - Thread Interrupted waiting to refresh disk information: sleep interrupted
2019-08-28 13:05:58,055 | INFO  | SCMAudit | user=jenkins1000 | ip=192.168.69.80 | op=SEND_HEARTBEAT {datanodeUUID=6473d7a6-d5fa-4090-bf30-ee1350d7f475, command=[]} | ret=SUCCESS |  
2019-08-28 13:05:58,080 [main] INFO  statemachine.DatanodeStateMachine (DatanodeStateMachine.java:stopDaemon(395)) - Ozone container server stopped.
2019-08-28 13:05:58,082 [main] INFO  handler.ContextHandler (ContextHandler.java:doStop(910)) - Stopped o.e.j.w.WebAppContext@6e1d939e{/,null,UNAVAILABLE}{/hddsDatanode}
2019-08-28 13:05:58,083 [main] INFO  server.AbstractConnector (AbstractConnector.java:doStop(318)) - Stopped ServerConnector@56929ce{HTTP/1.1,[http/1.1]}{0.0.0.0:0}
2019-08-28 13:05:58,083 [main] INFO  handler.ContextHandler (ContextHandler.java:doStop(910)) - Stopped o.e.j.s.ServletContextHandler@70b437bb{/static,jar:file:/home/user/.m2/repository/org/apache/hadoop/hadoop-hdds-container-service/0.5.0-SNAPSHOT/hadoop-hdds-container-service-0.5.0-SNAPSHOT.jar!/webapps/static,UNAVAILABLE}
2019-08-28 13:05:58,084 [main] INFO  handler.ContextHandler (ContextHandler.java:doStop(910)) - Stopped o.e.j.s.ServletContextHandler@4821e1a3{/logs,file:///workdir/hadoop-ozone/integration-test/target/log,UNAVAILABLE}
2019-08-28 13:05:58,088 | INFO  | DNAudit | user=null | ip=null | op=WRITE_CHUNK {blockData=conID: 1 locID: 102694750002151438 bcsId: 17} | ret=SUCCESS |  
2019-08-28 13:05:58,089 | INFO  | DNAudit | user=null | ip=null | op=WRITE_CHUNK {blockData=conID: 1 locID: 102694750002151438 bcsId: 17} | ret=SUCCESS |  
2019-08-28 13:05:58,089 | INFO  | DNAudit | user=null | ip=null | op=WRITE_CHUNK {blockData=conID: 1 locID: 102694750002151438 bcsId: 17} | ret=SUCCESS |  
2019-08-28 13:05:58,089 | INFO  | DNAudit | user=null | ip=null | op=WRITE_CHUNK {blockData=conID: 1 locID: 102694750002151438 bcsId: 17} | ret=SUCCESS |  
2019-08-28 13:05:58,089 [grpc-default-executor-0] WARN  server.GrpcLogAppender (LogUtils.java:warn(134)) - 905064f4-24d2-4290-aeb9-f7b810d5a354->ce9c1f14-8030-466e-9ac8-42fad73b72bd: Failed appendEntries: org.apache.ratis.thirdparty.io.grpc.StatusRuntimeException: UNAVAILABLE: io exception
2019-08-28 13:05:58,090 | INFO  | DNAudit | user=null | ip=null | op=WRITE_CHUNK {blockData=conID: 1 locID: 102694750002151438 bcsId: 17} | ret=SUCCESS |  
2019-08-28 13:05:58,090 [grpc-default-executor-0] INFO  impl.FollowerInfo (FollowerInfo.java:lambda$new$0(50)) - 905064f4-24d2-4290-aeb9-f7b810d5a354->ce9c1f14-8030-466e-9ac8-42fad73b72bd: nextIndex: updateUnconditionally 20 -> 19
2019-08-28 13:05:58,090 | INFO  | DNAudit | user=null | ip=null | op=WRITE_CHUNK {blockData=conID: 1 locID: 102694750002151438 bcsId: 17} | ret=SUCCESS |  
2019-08-28 13:05:58,090 | INFO  | DNAudit | user=null | ip=null | op=WRITE_CHUNK {blockData=conID: 1 locID: 102694750002151438 bcsId: 17} | ret=SUCCESS |  
2019-08-28 13:05:58,091 | INFO  | DNAudit | user=null | ip=null | op=WRITE_CHUNK {blockData=conID: 1 locID: 102694750002151438 bcsId: 17} | ret=SUCCESS |  
2019-08-28 13:05:58,091 [grpc-default-executor-8] WARN  server.GrpcLogAppender (LogUtils.java:warn(134)) - 905064f4-24d2-4290-aeb9-f7b810d5a354->ce9c1f14-8030-466e-9ac8-42fad73b72bd: Failed appendEntries: org.apache.ratis.thirdparty.io.grpc.StatusRuntimeException: UNAVAILABLE: io exception
2019-08-28 13:05:58,092 [grpc-default-executor-8] INFO  impl.FollowerInfo (FollowerInfo.java:lambda$new$0(50)) - 905064f4-24d2-4290-aeb9-f7b810d5a354->ce9c1f14-8030-466e-9ac8-42fad73b72bd: nextIndex: updateUnconditionally 20 -> 19
2019-08-28 13:05:58,101 | INFO  | DNAudit | user=null | ip=null | op=WRITE_CHUNK {blockData=conID: 1 locID: 102694750002151438 bcsId: 17} | ret=SUCCESS |  
2019-08-28 13:05:58,102 | INFO  | DNAudit | user=null | ip=null | op=WRITE_CHUNK {blockData=conID: 1 locID: 102694750002151438 bcsId: 17} | ret=SUCCESS |  
2019-08-28 13:05:58,103 [grpc-default-executor-7] WARN  server.GrpcLogAppender (LogUtils.java:warn(134)) - 905064f4-24d2-4290-aeb9-f7b810d5a354->ce9c1f14-8030-466e-9ac8-42fad73b72bd: Failed appendEntries: org.apache.ratis.thirdparty.io.grpc.StatusRuntimeException: UNAVAILABLE: io exception
2019-08-28 13:05:58,103 [grpc-default-executor-7] INFO  impl.FollowerInfo (FollowerInfo.java:lambda$new$0(50)) - 905064f4-24d2-4290-aeb9-f7b810d5a354->ce9c1f14-8030-466e-9ac8-42fad73b72bd: nextIndex: updateUnconditionally 20 -> 19
2019-08-28 13:05:58,103 | INFO  | DNAudit | user=null | ip=null | op=PUT_BLOCK {blockData=[blockId=conID: 1 locID: 102694750002151438 bcsId: 0,size=650]} | ret=SUCCESS |  
2019-08-28 13:05:58,103 [grpc-default-executor-0] INFO  client.GrpcClientProtocolClient (GrpcClientProtocolClient.java:onNext(255)) - client-DE8B1881BA14->905064f4-24d2-4290-aeb9-f7b810d5a354: receive RaftClientReply:client-DE8B1881BA14->905064f4-24d2-4290-aeb9-f7b810d5a354@group-39FDF2C5AA13, cid=191, SUCCESS, logIndex=20, commits[905064f4-24d2-4290-aeb9-f7b810d5a354:c22, 32f88ad7-b496-4276-ae36-0c1df3bcd831:c19, ce9c1f14-8030-466e-9ac8-42fad73b72bd:c19]
2019-08-28 13:05:58,104 | INFO  | DNAudit | user=null | ip=null | op=WRITE_CHUNK {blockData=conID: 1 locID: 102694750002151438 bcsId: 17} | ret=SUCCESS |  
2019-08-28 13:05:58,104 [grpc-default-executor-8] INFO  client.GrpcClientProtocolClient (GrpcClientProtocolClient.java:onNext(255)) - client-DE8B1881BA14->905064f4-24d2-4290-aeb9-f7b810d5a354: receive RaftClientReply:client-DE8B1881BA14->905064f4-24d2-4290-aeb9-f7b810d5a354@group-39FDF2C5AA13, cid=192, SUCCESS, logIndex=21, commits[905064f4-24d2-4290-aeb9-f7b810d5a354:c22, 32f88ad7-b496-4276-ae36-0c1df3bcd831:c19, ce9c1f14-8030-466e-9ac8-42fad73b72bd:c19]
2019-08-28 13:05:58,105 | INFO  | DNAudit | user=null | ip=null | op=WRITE_CHUNK {blockData=conID: 1 locID: 102694750002151438 bcsId: 17} | ret=SUCCESS |  
2019-08-28 13:05:58,105 | INFO  | DNAudit | user=null | ip=null | op=WRITE_CHUNK {blockData=conID: 1 locID: 102694750002151438 bcsId: 17} | ret=SUCCESS |  
2019-08-28 13:05:58,105 | INFO  | DNAudit | user=null | ip=null | op=WRITE_CHUNK {blockData=conID: 1 locID: 102694750002151438 bcsId: 17} | ret=SUCCESS |  
2019-08-28 13:05:58,105 [grpc-default-executor-8] WARN  server.GrpcLogAppender (LogUtils.java:warn(134)) - 905064f4-24d2-4290-aeb9-f7b810d5a354->ce9c1f14-8030-466e-9ac8-42fad73b72bd: Failed appendEntries: org.apache.ratis.thirdparty.io.grpc.StatusRuntimeException: UNAVAILABLE: io exception
2019-08-28 13:05:58,105 [grpc-default-executor-7] INFO  client.GrpcClientProtocolClient (GrpcClientProtocolClient.java:onNext(255)) - client-DE8B1881BA14->905064f4-24d2-4290-aeb9-f7b810d5a354: receive RaftClientReply:client-DE8B1881BA14->905064f4-24d2-4290-aeb9-f7b810d5a354@group-39FDF2C5AA13, cid=193, SUCCESS, logIndex=22, commits[905064f4-24d2-4290-aeb9-f7b810d5a354:c22, 32f88ad7-b496-4276-ae36-0c1df3bcd831:c19, ce9c1f14-8030-466e-9ac8-42fad73b72bd:c19]
2019-08-28 13:05:58,106 | INFO  | DNAudit | user=null | ip=null | op=PUT_BLOCK {blockData=[blockId=conID: 1 locID: 102694750002151438 bcsId: 0,size=800]} | ret=SUCCESS |  
2019-08-28 13:05:58,105 [grpc-default-executor-8] INFO  impl.FollowerInfo (FollowerInfo.java:lambda$new$0(50)) - 905064f4-24d2-4290-aeb9-f7b810d5a354->ce9c1f14-8030-466e-9ac8-42fad73b72bd: nextIndex: updateUnconditionally 20 -> 19
2019-08-28 13:05:58,106 [grpc-default-executor-7] INFO  client.GrpcClientProtocolClient (GrpcClientProtocolClient.java:onNext(255)) - client-DE8B1881BA14->905064f4-24d2-4290-aeb9-f7b810d5a354: receive RaftClientReply:client-DE8B1881BA14->905064f4-24d2-4290-aeb9-f7b810d5a354@group-39FDF2C5AA13, cid=194, SUCCESS, logIndex=23, commits[905064f4-24d2-4290-aeb9-f7b810d5a354:c24, 32f88ad7-b496-4276-ae36-0c1df3bcd831:c19, ce9c1f14-8030-466e-9ac8-42fad73b72bd:c19]
2019-08-28 13:05:58,106 | INFO  | DNAudit | user=null | ip=null | op=PUT_BLOCK {blockData=[blockId=conID: 1 locID: 102694750002151438 bcsId: 0,size=650]} | ret=SUCCESS |  
2019-08-28 13:05:58,106 [grpc-default-executor-7] INFO  client.GrpcClientProtocolClient (GrpcClientProtocolClient.java:onNext(255)) - client-DE8B1881BA14->905064f4-24d2-4290-aeb9-f7b810d5a354: receive RaftClientReply:client-DE8B1881BA14->905064f4-24d2-4290-aeb9-f7b810d5a354@group-39FDF2C5AA13, cid=195, SUCCESS, logIndex=24, commits[905064f4-24d2-4290-aeb9-f7b810d5a354:c27, 32f88ad7-b496-4276-ae36-0c1df3bcd831:c22, ce9c1f14-8030-466e-9ac8-42fad73b72bd:c19]
2019-08-28 13:05:58,107 [grpc-default-executor-7] INFO  client.GrpcClientProtocolClient (GrpcClientProtocolClient.java:onNext(255)) - client-DE8B1881BA14->905064f4-24d2-4290-aeb9-f7b810d5a354: receive RaftClientReply:client-DE8B1881BA14->905064f4-24d2-4290-aeb9-f7b810d5a354@group-39FDF2C5AA13, cid=196, SUCCESS, logIndex=25, commits[905064f4-24d2-4290-aeb9-f7b810d5a354:c27, 32f88ad7-b496-4276-ae36-0c1df3bcd831:c22, ce9c1f14-8030-466e-9ac8-42fad73b72bd:c19]
2019-08-28 13:05:58,107 | INFO  | DNAudit | user=null | ip=null | op=WRITE_CHUNK {blockData=conID: 1 locID: 102694750002151438 bcsId: 17} | ret=SUCCESS |  
2019-08-28 13:05:58,108 | INFO  | DNAudit | user=null | ip=null | op=WRITE_CHUNK {blockData=conID: 1 locID: 102694750002151438 bcsId: 17} | ret=SUCCESS |  
2019-08-28 13:05:58,108 [grpc-default-executor-7] WARN  server.GrpcLogAppender (LogUtils.java:warn(134)) - 905064f4-24d2-4290-aeb9-f7b810d5a354->ce9c1f14-8030-466e-9ac8-42fad73b72bd: Failed appendEntries: org.apache.ratis.thirdparty.io.grpc.StatusRuntimeException: UNAVAILABLE: io exception
2019-08-28 13:05:58,109 [grpc-default-executor-7] INFO  impl.FollowerInfo (FollowerInfo.java:lambda$new$0(50)) - 905064f4-24d2-4290-aeb9-f7b810d5a354->ce9c1f14-8030-466e-9ac8-42fad73b72bd: nextIndex: updateUnconditionally 20 -> 19
2019-08-28 13:05:58,110 [grpc-default-executor-6] WARN  server.GrpcLogAppender (LogUtils.java:warn(134)) - 905064f4-24d2-4290-aeb9-f7b810d5a354->ce9c1f14-8030-466e-9ac8-42fad73b72bd: Failed appendEntries: org.apache.ratis.thirdparty.io.grpc.StatusRuntimeException: UNAVAILABLE: io exception
2019-08-28 13:05:58,110 [grpc-default-executor-6] INFO  impl.FollowerInfo (FollowerInfo.java:lambda$new$0(50)) - 905064f4-24d2-4290-aeb9-f7b810d5a354->ce9c1f14-8030-466e-9ac8-42fad73b72bd: nextIndex: updateUnconditionally 20 -> 19
2019-08-28 13:05:58,225 | INFO  | SCMAudit | user=jenkins1000 | ip=192.168.69.80 | op=SEND_HEARTBEAT {datanodeUUID=616243d7-d102-41c9-b140-524e964f60c9, command=[]} | ret=SUCCESS |  
2019-08-28 13:05:58,555 | INFO  | SCMAudit | user=jenkins1000 | ip=192.168.69.80 | op=SEND_HEARTBEAT {datanodeUUID=59fb5bc9-2d90-422e-bf68-b67547f31f06, command=[]} | ret=SUCCESS |  
2019-08-28 13:05:58,718 | INFO  | SCMAudit | user=jenkins1000 | ip=192.168.69.80 | op=SEND_HEARTBEAT {datanodeUUID=32f88ad7-b496-4276-ae36-0c1df3bcd831, command=[commandType: closeContainerCommand closeContainerCommandProto { containerID: 1 pipelineID { id: "403ff206-adec-4fb5-a852-39fdf2c5aa13" } cmdId: 1 force: false } ]} | ret=SUCCESS |  
2019-08-28 13:05:58,718 | INFO  | SCMAudit | user=jenkins1000 | ip=192.168.69.80 | op=SEND_HEARTBEAT {datanodeUUID=905064f4-24d2-4290-aeb9-f7b810d5a354, command=[commandType: closeContainerCommand closeContainerCommandProto { containerID: 1 pipelineID { id: "403ff206-adec-4fb5-a852-39fdf2c5aa13" } cmdId: 1 force: false } ]} | ret=SUCCESS |  
2019-08-28 13:05:59,025 | INFO  | SCMAudit | user=jenkins1000 | ip=192.168.69.80 | op=SEND_HEARTBEAT {datanodeUUID=824628d9-e5f8-4fcc-92ac-3dee9636940c, command=[]} | ret=SUCCESS |  
2019-08-28 13:05:59,055 | INFO  | SCMAudit | user=jenkins1000 | ip=192.168.69.80 | op=SEND_HEARTBEAT {datanodeUUID=6473d7a6-d5fa-4090-bf30-ee1350d7f475, command=[]} | ret=SUCCESS |  
2019-08-28 13:05:59,108 [main] WARN  scm.XceiverClientRatis (XceiverClientRatis.java:watchForCommit(262)) - 3 way commit failed on pipeline Pipeline[ Id: 403ff206-adec-4fb5-a852-39fdf2c5aa13, Nodes: ce9c1f14-8030-466e-9ac8-42fad73b72bd{ip: 192.168.69.80, host: pr-hdds-2030-bfh46-3754461772, networkLocation: /default-rack, certSerialId: null}905064f4-24d2-4290-aeb9-f7b810d5a354{ip: 192.168.69.80, host: pr-hdds-2030-bfh46-3754461772, networkLocation: /default-rack, certSerialId: null}32f88ad7-b496-4276-ae36-0c1df3bcd831{ip: 192.168.69.80, host: pr-hdds-2030-bfh46-3754461772, networkLocation: /default-rack, certSerialId: null}, Type:RATIS, Factor:THREE, State:OPEN]
java.util.concurrent.TimeoutException
	at java.util.concurrent.CompletableFuture.timedGet(CompletableFuture.java:1771)
	at java.util.concurrent.CompletableFuture.get(CompletableFuture.java:1915)
	at org.apache.hadoop.hdds.scm.XceiverClientRatis.watchForCommit(XceiverClientRatis.java:259)
	at org.apache.hadoop.hdds.scm.storage.CommitWatcher.watchForCommit(CommitWatcher.java:194)
	at org.apache.hadoop.hdds.scm.storage.CommitWatcher.watchOnLastIndex(CommitWatcher.java:157)
	at org.apache.hadoop.hdds.scm.storage.BlockOutputStream.watchForCommit(BlockOutputStream.java:347)
	at org.apache.hadoop.hdds.scm.storage.BlockOutputStream.handleFlush(BlockOutputStream.java:479)
	at org.apache.hadoop.hdds.scm.storage.BlockOutputStream.close(BlockOutputStream.java:493)
	at org.apache.hadoop.ozone.client.io.BlockOutputStreamEntry.close(BlockOutputStreamEntry.java:143)
	at org.apache.hadoop.ozone.client.io.KeyOutputStream.handleFlushOrClose(KeyOutputStream.java:438)
	at org.apache.hadoop.ozone.client.io.KeyOutputStream.handleWrite(KeyOutputStream.java:235)
	at org.apache.hadoop.ozone.client.io.KeyOutputStream.write(KeyOutputStream.java:193)
	at org.apache.hadoop.ozone.client.io.OzoneOutputStream.write(OzoneOutputStream.java:49)
	at java.io.OutputStream.write(OutputStream.java:75)
	at org.apache.hadoop.ozone.client.rpc.TestBlockOutputStreamWithFailures.testWatchForCommitDatanodeFailure(TestBlockOutputStreamWithFailures.java:363)
	at sun.reflect.NativeMethodAccessorImpl.invoke0(Native Method)
	at sun.reflect.NativeMethodAccessorImpl.invoke(NativeMethodAccessorImpl.java:62)
	at sun.reflect.DelegatingMethodAccessorImpl.invoke(DelegatingMethodAccessorImpl.java:43)
	at java.lang.reflect.Method.invoke(Method.java:498)
	at org.junit.runners.model.FrameworkMethod$1.runReflectiveCall(FrameworkMethod.java:47)
	at org.junit.internal.runners.model.ReflectiveCallable.run(ReflectiveCallable.java:12)
	at org.junit.runners.model.FrameworkMethod.invokeExplosively(FrameworkMethod.java:44)
	at org.junit.internal.runners.statements.InvokeMethod.evaluate(InvokeMethod.java:17)
	at org.junit.internal.runners.statements.RunBefores.evaluate(RunBefores.java:26)
	at org.junit.internal.runners.statements.RunAfters.evaluate(RunAfters.java:27)
	at org.junit.runners.ParentRunner.runLeaf(ParentRunner.java:271)
	at org.junit.runners.BlockJUnit4ClassRunner.runChild(BlockJUnit4ClassRunner.java:70)
	at org.junit.runners.BlockJUnit4ClassRunner.runChild(BlockJUnit4ClassRunner.java:50)
	at org.junit.runners.ParentRunner$3.run(ParentRunner.java:238)
	at org.junit.runners.ParentRunner$1.schedule(ParentRunner.java:63)
	at org.junit.runners.ParentRunner.runChildren(ParentRunner.java:236)
	at org.junit.runners.ParentRunner.access$000(ParentRunner.java:53)
	at org.junit.runners.ParentRunner$2.evaluate(ParentRunner.java:229)
	at org.junit.runners.ParentRunner.run(ParentRunner.java:309)
	at org.apache.maven.surefire.junit4.JUnit4Provider.execute(JUnit4Provider.java:365)
	at org.apache.maven.surefire.junit4.JUnit4Provider.executeWithRerun(JUnit4Provider.java:273)
	at org.apache.maven.surefire.junit4.JUnit4Provider.executeTestSet(JUnit4Provider.java:238)
	at org.apache.maven.surefire.junit4.JUnit4Provider.invoke(JUnit4Provider.java:159)
	at org.apache.maven.surefire.booter.ForkedBooter.invokeProviderInSameClassLoader(ForkedBooter.java:384)
	at org.apache.maven.surefire.booter.ForkedBooter.runSuitesInProcess(ForkedBooter.java:345)
	at org.apache.maven.surefire.booter.ForkedBooter.execute(ForkedBooter.java:126)
	at org.apache.maven.surefire.booter.ForkedBooter.main(ForkedBooter.java:418)
2019-08-28 13:05:59,225 | INFO  | SCMAudit | user=jenkins1000 | ip=192.168.69.80 | op=SEND_HEARTBEAT {datanodeUUID=616243d7-d102-41c9-b140-524e964f60c9, command=[]} | ret=SUCCESS |  
2019-08-28 13:05:59,556 | INFO  | SCMAudit | user=jenkins1000 | ip=192.168.69.80 | op=SEND_HEARTBEAT {datanodeUUID=59fb5bc9-2d90-422e-bf68-b67547f31f06, command=[]} | ret=SUCCESS |  
2019-08-28 13:05:59,717 | INFO  | SCMAudit | user=jenkins1000 | ip=192.168.69.80 | op=SEND_HEARTBEAT {datanodeUUID=905064f4-24d2-4290-aeb9-f7b810d5a354, command=[]} | ret=SUCCESS |  
2019-08-28 13:05:59,717 | INFO  | SCMAudit | user=jenkins1000 | ip=192.168.69.80 | op=SEND_HEARTBEAT {datanodeUUID=32f88ad7-b496-4276-ae36-0c1df3bcd831, command=[]} | ret=SUCCESS |  
2019-08-28 13:06:00,025 | INFO  | SCMAudit | user=jenkins1000 | ip=192.168.69.80 | op=SEND_HEARTBEAT {datanodeUUID=824628d9-e5f8-4fcc-92ac-3dee9636940c, command=[]} | ret=SUCCESS |  
2019-08-28 13:06:00,055 | INFO  | SCMAudit | user=jenkins1000 | ip=192.168.69.80 | op=SEND_HEARTBEAT {datanodeUUID=6473d7a6-d5fa-4090-bf30-ee1350d7f475, command=[]} | ret=SUCCESS |  
2019-08-28 13:06:00,111 [main] WARN  storage.CommitWatcher (CommitWatcher.java:watchForCommit(203)) - watchForCommit failed for index 25
java.util.concurrent.TimeoutException
	at java.util.concurrent.CompletableFuture.timedGet(CompletableFuture.java:1771)
	at java.util.concurrent.CompletableFuture.get(CompletableFuture.java:1915)
	at org.apache.hadoop.hdds.scm.XceiverClientRatis.watchForCommit(XceiverClientRatis.java:268)
	at org.apache.hadoop.hdds.scm.storage.CommitWatcher.watchForCommit(CommitWatcher.java:194)
	at org.apache.hadoop.hdds.scm.storage.CommitWatcher.watchOnLastIndex(CommitWatcher.java:157)
	at org.apache.hadoop.hdds.scm.storage.BlockOutputStream.watchForCommit(BlockOutputStream.java:347)
	at org.apache.hadoop.hdds.scm.storage.BlockOutputStream.handleFlush(BlockOutputStream.java:479)
	at org.apache.hadoop.hdds.scm.storage.BlockOutputStream.close(BlockOutputStream.java:493)
	at org.apache.hadoop.ozone.client.io.BlockOutputStreamEntry.close(BlockOutputStreamEntry.java:143)
	at org.apache.hadoop.ozone.client.io.KeyOutputStream.handleFlushOrClose(KeyOutputStream.java:438)
	at org.apache.hadoop.ozone.client.io.KeyOutputStream.handleWrite(KeyOutputStream.java:235)
	at org.apache.hadoop.ozone.client.io.KeyOutputStream.write(KeyOutputStream.java:193)
	at org.apache.hadoop.ozone.client.io.OzoneOutputStream.write(OzoneOutputStream.java:49)
	at java.io.OutputStream.write(OutputStream.java:75)
	at org.apache.hadoop.ozone.client.rpc.TestBlockOutputStreamWithFailures.testWatchForCommitDatanodeFailure(TestBlockOutputStreamWithFailures.java:363)
	at sun.reflect.NativeMethodAccessorImpl.invoke0(Native Method)
	at sun.reflect.NativeMethodAccessorImpl.invoke(NativeMethodAccessorImpl.java:62)
	at sun.reflect.DelegatingMethodAccessorImpl.invoke(DelegatingMethodAccessorImpl.java:43)
	at java.lang.reflect.Method.invoke(Method.java:498)
	at org.junit.runners.model.FrameworkMethod$1.runReflectiveCall(FrameworkMethod.java:47)
	at org.junit.internal.runners.model.ReflectiveCallable.run(ReflectiveCallable.java:12)
	at org.junit.runners.model.FrameworkMethod.invokeExplosively(FrameworkMethod.java:44)
	at org.junit.internal.runners.statements.InvokeMethod.evaluate(InvokeMethod.java:17)
	at org.junit.internal.runners.statements.RunBefores.evaluate(RunBefores.java:26)
	at org.junit.internal.runners.statements.RunAfters.evaluate(RunAfters.java:27)
	at org.junit.runners.ParentRunner.runLeaf(ParentRunner.java:271)
	at org.junit.runners.BlockJUnit4ClassRunner.runChild(BlockJUnit4ClassRunner.java:70)
	at org.junit.runners.BlockJUnit4ClassRunner.runChild(BlockJUnit4ClassRunner.java:50)
	at org.junit.runners.ParentRunner$3.run(ParentRunner.java:238)
	at org.junit.runners.ParentRunner$1.schedule(ParentRunner.java:63)
	at org.junit.runners.ParentRunner.runChildren(ParentRunner.java:236)
	at org.junit.runners.ParentRunner.access$000(ParentRunner.java:53)
	at org.junit.runners.ParentRunner$2.evaluate(ParentRunner.java:229)
	at org.junit.runners.ParentRunner.run(ParentRunner.java:309)
	at org.apache.maven.surefire.junit4.JUnit4Provider.execute(JUnit4Provider.java:365)
	at org.apache.maven.surefire.junit4.JUnit4Provider.executeWithRerun(JUnit4Provider.java:273)
	at org.apache.maven.surefire.junit4.JUnit4Provider.executeTestSet(JUnit4Provider.java:238)
	at org.apache.maven.surefire.junit4.JUnit4Provider.invoke(JUnit4Provider.java:159)
	at org.apache.maven.surefire.booter.ForkedBooter.invokeProviderInSameClassLoader(ForkedBooter.java:384)
	at org.apache.maven.surefire.booter.ForkedBooter.runSuitesInProcess(ForkedBooter.java:345)
	at org.apache.maven.surefire.booter.ForkedBooter.execute(ForkedBooter.java:126)
	at org.apache.maven.surefire.booter.ForkedBooter.main(ForkedBooter.java:418)
2019-08-28 13:06:00,112 [main] WARN  io.KeyOutputStream (KeyOutputStream.java:handleException(276)) - Encountered exception java.io.IOException: Unexpected Storage Container Exception: java.io.IOException: Unexpected Storage Container Exception: java.util.concurrent.TimeoutException on the pipeline Pipeline[ Id: 403ff206-adec-4fb5-a852-39fdf2c5aa13, Nodes: ce9c1f14-8030-466e-9ac8-42fad73b72bd{ip: 192.168.69.80, host: pr-hdds-2030-bfh46-3754461772, networkLocation: /default-rack, certSerialId: null}905064f4-24d2-4290-aeb9-f7b810d5a354{ip: 192.168.69.80, host: pr-hdds-2030-bfh46-3754461772, networkLocation: /default-rack, certSerialId: null}32f88ad7-b496-4276-ae36-0c1df3bcd831{ip: 192.168.69.80, host: pr-hdds-2030-bfh46-3754461772, networkLocation: /default-rack, certSerialId: null}, Type:RATIS, Factor:THREE, State:OPEN]. The last committed block length is 450, uncommitted data length is 350 retry count 0
2019-08-28 13:06:00,143 | INFO  | SCMAudit | user=jenkins1000 | ip=192.168.69.80 | op=ALLOCATE_BLOCK {owner=1b571cf0-5912-4db0-8c8b-a2fd5a5ba15c, size=800, type=RATIS, factor=THREE} | ret=SUCCESS |  
2019-08-28 13:06:00,145 | INFO  | OMAudit | user=jenkins1000 | ip=127.0.0.1 | op=ALLOCATE_BLOCK {volume=testblockoutputstream, bucket=testblockoutputstream, key=20f39ead-9c96-4ad8-bdd5-ca8dd7757221, dataSize=0, replicationType=null, replicationFactor=null, keyLocationInfo=null, clientID=102694750002020365} | ret=SUCCESS |  
2019-08-28 13:06:00,226 | INFO  | SCMAudit | user=jenkins1000 | ip=192.168.69.80 | op=SEND_HEARTBEAT {datanodeUUID=616243d7-d102-41c9-b140-524e964f60c9, command=[]} | ret=SUCCESS |  
2019-08-28 13:06:00,333 | INFO  | SCMAudit | user=jenkins1000 | ip=192.168.69.80 | op=SEND_HEARTBEAT {datanodeUUID=59fb5bc9-2d90-422e-bf68-b67547f31f06, command=[]} | ret=SUCCESS |  
2019-08-28 13:06:00,333 | INFO  | DNAudit | user=null | ip=null | op=WRITE_CHUNK {blockData=conID: 2 locID: 102694752101466127 bcsId: 0} | ret=SUCCESS |  
2019-08-28 13:06:00,333 | INFO  | SCMAudit | user=jenkins1000 | ip=192.168.69.80 | op=SEND_HEARTBEAT {datanodeUUID=616243d7-d102-41c9-b140-524e964f60c9, command=[]} | ret=SUCCESS |  
2019-08-28 13:06:00,333 | INFO  | SCMAudit | user=jenkins1000 | ip=192.168.69.80 | op=SEND_HEARTBEAT {datanodeUUID=824628d9-e5f8-4fcc-92ac-3dee9636940c, command=[]} | ret=SUCCESS |  
2019-08-28 13:06:00,333 | INFO  | DNAudit | user=null | ip=null | op=WRITE_CHUNK {blockData=conID: 2 locID: 102694752101466127 bcsId: 0} | ret=SUCCESS |  
2019-08-28 13:06:00,333 | INFO  | DNAudit | user=null | ip=null | op=WRITE_CHUNK {blockData=conID: 2 locID: 102694752101466127 bcsId: 0} | ret=SUCCESS |  
2019-08-28 13:06:00,347 | INFO  | DNAudit | user=null | ip=null | op=WRITE_CHUNK {blockData=conID: 2 locID: 102694752101466127 bcsId: 0} | ret=SUCCESS |  
2019-08-28 13:06:00,351 [grpc-default-executor-6] INFO  client.GrpcClientProtocolClient (GrpcClientProtocolClient.java:onNext(255)) - client-0336F512045A->824628d9-e5f8-4fcc-92ac-3dee9636940c: receive RaftClientReply:client-0336F512045A->824628d9-e5f8-4fcc-92ac-3dee9636940c@group-9005F0D065FA, cid=199, SUCCESS, logIndex=1, commits[824628d9-e5f8-4fcc-92ac-3dee9636940c:c1, 59fb5bc9-2d90-422e-bf68-b67547f31f06:c0, 616243d7-d102-41c9-b140-524e964f60c9:c0]
2019-08-28 13:06:00,353 | INFO  | DNAudit | user=null | ip=null | op=WRITE_CHUNK {blockData=conID: 2 locID: 102694752101466127 bcsId: 0} | ret=SUCCESS |  
2019-08-28 13:06:00,354 | INFO  | DNAudit | user=null | ip=null | op=WRITE_CHUNK {blockData=conID: 2 locID: 102694752101466127 bcsId: 0} | ret=SUCCESS |  
2019-08-28 13:06:00,357 | INFO  | DNAudit | user=null | ip=null | op=WRITE_CHUNK {blockData=conID: 2 locID: 102694752101466127 bcsId: 0} | ret=SUCCESS |  
2019-08-28 13:06:00,359 | INFO  | DNAudit | user=null | ip=null | op=WRITE_CHUNK {blockData=conID: 2 locID: 102694752101466127 bcsId: 0} | ret=SUCCESS |  
2019-08-28 13:06:00,359 | INFO  | DNAudit | user=null | ip=null | op=WRITE_CHUNK {blockData=conID: 2 locID: 102694752101466127 bcsId: 0} | ret=SUCCESS |  
2019-08-28 13:06:00,359 | INFO  | DNAudit | user=null | ip=null | op=WRITE_CHUNK {blockData=conID: 2 locID: 102694752101466127 bcsId: 0} | ret=SUCCESS |  
2019-08-28 13:06:00,360 | INFO  | DNAudit | user=null | ip=null | op=WRITE_CHUNK {blockData=conID: 2 locID: 102694752101466127 bcsId: 0} | ret=SUCCESS |  
2019-08-28 13:06:00,360 | INFO  | DNAudit | user=null | ip=null | op=WRITE_CHUNK {blockData=conID: 2 locID: 102694752101466127 bcsId: 0} | ret=SUCCESS |  
2019-08-28 13:06:00,360 | INFO  | DNAudit | user=null | ip=null | op=WRITE_CHUNK {blockData=conID: 2 locID: 102694752101466127 bcsId: 0} | ret=SUCCESS |  
2019-08-28 13:06:00,362 | INFO  | DNAudit | user=null | ip=null | op=WRITE_CHUNK {blockData=conID: 2 locID: 102694752101466127 bcsId: 0} | ret=SUCCESS |  
2019-08-28 13:06:00,362 | INFO  | DNAudit | user=null | ip=null | op=WRITE_CHUNK {blockData=conID: 2 locID: 102694752101466127 bcsId: 0} | ret=SUCCESS |  
2019-08-28 13:06:00,366 | INFO  | DNAudit | user=null | ip=null | op=WRITE_CHUNK {blockData=conID: 2 locID: 102694752101466127 bcsId: 0} | ret=SUCCESS |  
2019-08-28 13:06:00,368 [grpc-default-executor-7] INFO  client.GrpcClientProtocolClient (GrpcClientProtocolClient.java:onNext(255)) - client-0336F512045A->824628d9-e5f8-4fcc-92ac-3dee9636940c: receive RaftClientReply:client-0336F512045A->824628d9-e5f8-4fcc-92ac-3dee9636940c@group-9005F0D065FA, cid=200, SUCCESS, logIndex=3, commits[824628d9-e5f8-4fcc-92ac-3dee9636940c:c4, 59fb5bc9-2d90-422e-bf68-b67547f31f06:c2, 616243d7-d102-41c9-b140-524e964f60c9:c2]
2019-08-28 13:06:00,377 | INFO  | DNAudit | user=null | ip=null | op=WRITE_CHUNK {blockData=conID: 2 locID: 102694752101466127 bcsId: 0} | ret=SUCCESS |  
2019-08-28 13:06:00,378 | INFO  | DNAudit | user=null | ip=null | op=WRITE_CHUNK {blockData=conID: 2 locID: 102694752101466127 bcsId: 0} | ret=SUCCESS |  
2019-08-28 13:06:00,406 | INFO  | DNAudit | user=null | ip=null | op=PUT_BLOCK {blockData=[blockId=conID: 2 locID: 102694752101466127 bcsId: 0,size=200]} | ret=SUCCESS |  
2019-08-28 13:06:00,407 | INFO  | DNAudit | user=null | ip=null | op=WRITE_CHUNK {blockData=conID: 2 locID: 102694752101466127 bcsId: 0} | ret=SUCCESS |  
2019-08-28 13:06:00,408 [grpc-default-executor-8] INFO  client.GrpcClientProtocolClient (GrpcClientProtocolClient.java:onNext(255)) - client-0336F512045A->824628d9-e5f8-4fcc-92ac-3dee9636940c: receive RaftClientReply:client-0336F512045A->824628d9-e5f8-4fcc-92ac-3dee9636940c@group-9005F0D065FA, cid=201, SUCCESS, logIndex=4, commits[824628d9-e5f8-4fcc-92ac-3dee9636940c:c12, 59fb5bc9-2d90-422e-bf68-b67547f31f06:c7, 616243d7-d102-41c9-b140-524e964f60c9:c7]
2019-08-28 13:06:00,408 | INFO  | DNAudit | user=null | ip=null | op=WRITE_CHUNK {blockData=conID: 2 locID: 102694752101466127 bcsId: 0} | ret=SUCCESS |  
2019-08-28 13:06:00,409 [grpc-default-executor-8] INFO  client.GrpcClientProtocolClient (GrpcClientProtocolClient.java:onNext(255)) - client-0336F512045A->824628d9-e5f8-4fcc-92ac-3dee9636940c: receive RaftClientReply:client-0336F512045A->824628d9-e5f8-4fcc-92ac-3dee9636940c@group-9005F0D065FA, cid=202, SUCCESS, logIndex=5, commits[824628d9-e5f8-4fcc-92ac-3dee9636940c:c12, 59fb5bc9-2d90-422e-bf68-b67547f31f06:c7, 616243d7-d102-41c9-b140-524e964f60c9:c7]
2019-08-28 13:06:00,410 [grpc-default-executor-8] INFO  client.GrpcClientProtocolClient (GrpcClientProtocolClient.java:onNext(255)) - client-0336F512045A->824628d9-e5f8-4fcc-92ac-3dee9636940c: receive RaftClientReply:client-0336F512045A->824628d9-e5f8-4fcc-92ac-3dee9636940c@group-9005F0D065FA, cid=203, SUCCESS, logIndex=6, commits[824628d9-e5f8-4fcc-92ac-3dee9636940c:c12, 59fb5bc9-2d90-422e-bf68-b67547f31f06:c7, 616243d7-d102-41c9-b140-524e964f60c9:c7]
2019-08-28 13:06:00,470 | INFO  | DNAudit | user=null | ip=null | op=PUT_BLOCK {blockData=[blockId=conID: 2 locID: 102694752101466127 bcsId: 0,size=200]} | ret=SUCCESS |  
2019-08-28 13:06:00,470 | INFO  | DNAudit | user=null | ip=null | op=WRITE_CHUNK {blockData=conID: 2 locID: 102694752101466127 bcsId: 0} | ret=SUCCESS |  
2019-08-28 13:06:00,471 | INFO  | DNAudit | user=null | ip=null | op=WRITE_CHUNK {blockData=conID: 2 locID: 102694752101466127 bcsId: 0} | ret=SUCCESS |  
2019-08-28 13:06:00,520 | INFO  | DNAudit | user=null | ip=null | op=PUT_BLOCK {blockData=[blockId=conID: 2 locID: 102694752101466127 bcsId: 0,size=400]} | ret=SUCCESS |  
2019-08-28 13:06:00,520 | INFO  | DNAudit | user=null | ip=null | op=PUT_BLOCK {blockData=[blockId=conID: 2 locID: 102694752101466127 bcsId: 0,size=400]} | ret=SUCCESS |  
2019-08-28 13:06:00,520 | INFO  | DNAudit | user=null | ip=null | op=PUT_BLOCK {blockData=[blockId=conID: 2 locID: 102694752101466127 bcsId: 0,size=200]} | ret=SUCCESS |  
2019-08-28 13:06:00,521 | INFO  | DNAudit | user=null | ip=null | op=WRITE_CHUNK {blockData=conID: 2 locID: 102694752101466127 bcsId: 0} | ret=SUCCESS |  
2019-08-28 13:06:00,521 | INFO  | DNAudit | user=null | ip=null | op=WRITE_CHUNK {blockData=conID: 2 locID: 102694752101466127 bcsId: 0} | ret=SUCCESS |  
2019-08-28 13:06:00,522 [grpc-default-executor-8] INFO  client.GrpcClientProtocolClient (GrpcClientProtocolClient.java:onNext(255)) - client-0336F512045A->824628d9-e5f8-4fcc-92ac-3dee9636940c: receive RaftClientReply:client-0336F512045A->824628d9-e5f8-4fcc-92ac-3dee9636940c@group-9005F0D065FA, cid=204, SUCCESS, logIndex=7, commits[824628d9-e5f8-4fcc-92ac-3dee9636940c:c12, 59fb5bc9-2d90-422e-bf68-b67547f31f06:c7, 616243d7-d102-41c9-b140-524e964f60c9:c7]
2019-08-28 13:06:00,522 | INFO  | DNAudit | user=null | ip=null | op=PUT_BLOCK {blockData=[blockId=conID: 2 locID: 102694752101466127 bcsId: 0,size=400]} | ret=SUCCESS |  
2019-08-28 13:06:00,529 | INFO  | DNAudit | user=null | ip=null | op=WRITE_CHUNK {blockData=conID: 2 locID: 102694752101466127 bcsId: 7} | ret=SUCCESS |  
2019-08-28 13:06:00,531 | INFO  | DNAudit | user=null | ip=null | op=WRITE_CHUNK {blockData=conID: 2 locID: 102694752101466127 bcsId: 7} | ret=SUCCESS |  
2019-08-28 13:06:00,531 | INFO  | DNAudit | user=null | ip=null | op=WRITE_CHUNK {blockData=conID: 2 locID: 102694752101466127 bcsId: 7} | ret=SUCCESS |  
2019-08-28 13:06:00,544 | INFO  | DNAudit | user=null | ip=null | op=WRITE_CHUNK {blockData=conID: 2 locID: 102694752101466127 bcsId: 7} | ret=SUCCESS |  
2019-08-28 13:06:00,546 | INFO  | DNAudit | user=null | ip=null | op=PUT_BLOCK {blockData=[blockId=conID: 2 locID: 102694752101466127 bcsId: 0,size=450]} | ret=SUCCESS |  
2019-08-28 13:06:00,546 [grpc-default-executor-6] INFO  client.GrpcClientProtocolClient (GrpcClientProtocolClient.java:onNext(255)) - client-0336F512045A->824628d9-e5f8-4fcc-92ac-3dee9636940c: receive RaftClientReply:client-0336F512045A->824628d9-e5f8-4fcc-92ac-3dee9636940c@group-9005F0D065FA, cid=205, SUCCESS, logIndex=13, commits[824628d9-e5f8-4fcc-92ac-3dee9636940c:c14, 59fb5bc9-2d90-422e-bf68-b67547f31f06:c12, 616243d7-d102-41c9-b140-524e964f60c9:c12]
2019-08-28 13:06:00,547 [grpc-default-executor-6] INFO  client.GrpcClientProtocolClient (GrpcClientProtocolClient.java:onNext(255)) - client-0336F512045A->824628d9-e5f8-4fcc-92ac-3dee9636940c: receive RaftClientReply:client-0336F512045A->824628d9-e5f8-4fcc-92ac-3dee9636940c@group-9005F0D065FA, cid=206, SUCCESS, logIndex=14, commits[824628d9-e5f8-4fcc-92ac-3dee9636940c:c14, 59fb5bc9-2d90-422e-bf68-b67547f31f06:c12, 616243d7-d102-41c9-b140-524e964f60c9:c12]
2019-08-28 13:06:00,557 | INFO  | DNAudit | user=null | ip=null | op=WRITE_CHUNK {blockData=conID: 2 locID: 102694752101466127 bcsId: 7} | ret=SUCCESS |  
2019-08-28 13:06:00,557 | INFO  | DNAudit | user=null | ip=null | op=WRITE_CHUNK {blockData=conID: 2 locID: 102694752101466127 bcsId: 7} | ret=SUCCESS |  
2019-08-28 13:06:00,561 | INFO  | DNAudit | user=null | ip=null | op=PUT_BLOCK {blockData=[blockId=conID: 2 locID: 102694752101466127 bcsId: 0,size=450]} | ret=SUCCESS |  
2019-08-28 13:06:00,563 | INFO  | DNAudit | user=null | ip=null | op=PUT_BLOCK {blockData=[blockId=conID: 2 locID: 102694752101466127 bcsId: 0,size=450]} | ret=SUCCESS |  
2019-08-28 13:06:00,570 [grpc-default-executor-6] INFO  client.GrpcClientProtocolClient (GrpcClientProtocolClient.java:onNext(255)) - client-0336F512045A->824628d9-e5f8-4fcc-92ac-3dee9636940c: receive RaftClientReply:client-0336F512045A->824628d9-e5f8-4fcc-92ac-3dee9636940c@group-9005F0D065FA, cid=207, SUCCESS, logIndex=0, commits[824628d9-e5f8-4fcc-92ac-3dee9636940c:c15, 59fb5bc9-2d90-422e-bf68-b67547f31f06:c14, 616243d7-d102-41c9-b140-524e964f60c9:c14]
2019-08-28 13:06:00,572 [main] INFO  ozone.MiniOzoneClusterImpl (MiniOzoneClusterImpl.java:shutdown(321)) - Shutting down the Mini Ozone Cluster
2019-08-28 13:06:00,572 | INFO  | SCMAudit | user=null | ip=null | op=GET_SCM_INFO null | ret=SUCCESS |  
2019-08-28 13:06:00,572 [main] INFO  ozone.MiniOzoneClusterImpl (MiniOzoneClusterImpl.java:stop(336)) - Stopping the Mini Ozone Cluster
2019-08-28 13:06:00,572 [main] INFO  ozone.MiniOzoneClusterImpl (MiniOzoneClusterImpl.java:stop(338)) - Stopping the OzoneManager
2019-08-28 13:06:00,573 [main] INFO  ipc.Server (Server.java:stop(3082)) - Stopping server on 46107
2019-08-28 13:06:00,592 [IPC Server listener on 46107] INFO  ipc.Server (Server.java:run(1185)) - Stopping IPC Server listener on 46107
2019-08-28 13:06:00,592 [main] INFO  ratis.OzoneManagerDoubleBuffer (OzoneManagerDoubleBuffer.java:stop(248)) - Stopping OMDoubleBuffer flush thread
2019-08-28 13:06:00,592 [IPC Server Responder] INFO  ipc.Server (Server.java:run(1319)) - Stopping IPC Server Responder
2019-08-28 13:06:00,594 [OMDoubleBufferFlushThread] INFO  ratis.OzoneManagerDoubleBuffer (OzoneManagerDoubleBuffer.java:flushTransactions(191)) - OMDoubleBuffer flush thread OMDoubleBufferFlushThread is interrupted and will exit. OMDoubleBufferFlushThread
2019-08-28 13:06:00,595 [main] INFO  utils.BackgroundService (BackgroundService.java:shutdown(148)) - Shutting down service KeyDeletingService
2019-08-28 13:06:00,596 [main] INFO  handler.ContextHandler (ContextHandler.java:doStop(910)) - Stopped o.e.j.w.WebAppContext@470fc16c{/,null,UNAVAILABLE}{/ozoneManager}
2019-08-28 13:06:00,597 [main] INFO  server.AbstractConnector (AbstractConnector.java:doStop(318)) - Stopped ServerConnector@6d0cc47d{HTTP/1.1,[http/1.1]}{0.0.0.0:0}
2019-08-28 13:06:00,598 [main] INFO  handler.ContextHandler (ContextHandler.java:doStop(910)) - Stopped o.e.j.s.ServletContextHandler@74e111a8{/static,file:///workdir/hadoop-ozone/integration-test/target/test-classes/webapps/static,UNAVAILABLE}
2019-08-28 13:06:00,598 [main] INFO  handler.ContextHandler (ContextHandler.java:doStop(910)) - Stopped o.e.j.s.ServletContextHandler@3dfe520{/logs,file:///workdir/hadoop-ozone/integration-test/target/log,UNAVAILABLE}
2019-08-28 13:06:00,601 [main] INFO  ozone.MiniOzoneClusterImpl (MiniOzoneClusterImpl.java:stop(344)) - Shutting the HddsDatanodes
2019-08-28 13:06:00,601 [main] INFO  datanode.ObjectStoreHandler (ObjectStoreHandler.java:close(155)) - Closing ObjectStoreHandler.
2019-08-28 13:06:00,601 [ForkJoinPool.commonPool-worker-1] INFO  datanode.ObjectStoreHandler (ObjectStoreHandler.java:close(155)) - Closing ObjectStoreHandler.
2019-08-28 13:06:00,602 [ForkJoinPool.commonPool-worker-1] INFO  ozone.HddsDatanodeService (HddsDatanodeService.java:stop(451)) - Stopped plug-in org.apache.hadoop.ozone.web.OzoneHddsDatanodeService@26864891
2019-08-28 13:06:00,602 [main] INFO  ozone.HddsDatanodeService (HddsDatanodeService.java:stop(451)) - Stopped plug-in org.apache.hadoop.ozone.web.OzoneHddsDatanodeService@15311af2
2019-08-28 13:06:00,611 | INFO  | DNAudit | user=null | ip=null | op=PUT_BLOCK {blockData=[blockId=conID: 1 locID: 102694750002151438 bcsId: 0,size=800]} | ret=SUCCESS |  
2019-08-28 13:06:00,611 [grpc-default-executor-6] WARN  server.GrpcLogAppender (LogUtils.java:warn(134)) - 905064f4-24d2-4290-aeb9-f7b810d5a354->ce9c1f14-8030-466e-9ac8-42fad73b72bd: Failed appendEntries: org.apache.ratis.thirdparty.io.grpc.StatusRuntimeException: UNAVAILABLE: io exception
2019-08-28 13:06:00,611 [grpc-default-executor-6] INFO  impl.FollowerInfo (FollowerInfo.java:lambda$new$0(50)) - 905064f4-24d2-4290-aeb9-f7b810d5a354->ce9c1f14-8030-466e-9ac8-42fad73b72bd: nextIndex: updateUnconditionally 19 -> 18
2019-08-28 13:06:00,612 [grpc-default-executor-8] INFO  client.GrpcClientProtocolClient (GrpcClientProtocolClient.java:onNext(255)) - client-DE8B1881BA14->905064f4-24d2-4290-aeb9-f7b810d5a354: receive RaftClientReply:client-DE8B1881BA14->905064f4-24d2-4290-aeb9-f7b810d5a354@group-39FDF2C5AA13, cid=198, SUCCESS, logIndex=0, commits[905064f4-24d2-4290-aeb9-f7b810d5a354:c29, 32f88ad7-b496-4276-ae36-0c1df3bcd831:c29, ce9c1f14-8030-466e-9ac8-42fad73b72bd:c19]
2019-08-28 13:06:00,717 | INFO  | SCMAudit | user=jenkins1000 | ip=192.168.69.80 | op=SEND_HEARTBEAT {datanodeUUID=32f88ad7-b496-4276-ae36-0c1df3bcd831, command=[]} | ret=SUCCESS |  
2019-08-28 13:06:00,717 [Datanode State Machine Thread - 0] INFO  statemachine.DatanodeStateMachine (DatanodeStateMachine.java:lambda$startDaemon$0(350)) - Ozone container server started.
2019-08-28 13:06:00,751 | INFO  | SCMAudit | user=jenkins1000 | ip=192.168.69.80 | op=SEND_HEARTBEAT {datanodeUUID=32f88ad7-b496-4276-ae36-0c1df3bcd831, command=[]} | ret=SUCCESS |  
2019-08-28 13:06:01,055 | INFO  | SCMAudit | user=jenkins1000 | ip=192.168.69.80 | op=SEND_HEARTBEAT {datanodeUUID=6473d7a6-d5fa-4090-bf30-ee1350d7f475, command=[]} | ret=SUCCESS |  
2019-08-28 13:06:01,331 [Datanode State Machine Thread - 0] INFO  statemachine.DatanodeStateMachine (DatanodeStateMachine.java:lambda$startDaemon$0(350)) - Ozone container server started.
2019-08-28 13:06:01,331 | INFO  | SCMAudit | user=jenkins1000 | ip=192.168.69.80 | op=SEND_HEARTBEAT {datanodeUUID=59fb5bc9-2d90-422e-bf68-b67547f31f06, command=[]} | ret=SUCCESS |  
2019-08-28 13:06:01,332 | INFO  | SCMAudit | user=jenkins1000 | ip=192.168.69.80 | op=SEND_HEARTBEAT {datanodeUUID=616243d7-d102-41c9-b140-524e964f60c9, command=[]} | ret=SUCCESS |  
2019-08-28 13:06:01,748 | INFO  | SCMAudit | user=jenkins1000 | ip=192.168.69.80 | op=SEND_HEARTBEAT {datanodeUUID=32f88ad7-b496-4276-ae36-0c1df3bcd831, command=[]} | ret=SUCCESS |  
2019-08-28 13:06:02,055 | INFO  | SCMAudit | user=jenkins1000 | ip=192.168.69.80 | op=SEND_HEARTBEAT {datanodeUUID=6473d7a6-d5fa-4090-bf30-ee1350d7f475, command=[]} | ret=SUCCESS |  
2019-08-28 13:06:02,331 | INFO  | SCMAudit | user=jenkins1000 | ip=192.168.69.80 | op=SEND_HEARTBEAT {datanodeUUID=59fb5bc9-2d90-422e-bf68-b67547f31f06, command=[]} | ret=SUCCESS |  
2019-08-28 13:06:02,331 | INFO  | SCMAudit | user=jenkins1000 | ip=192.168.69.80 | op=SEND_HEARTBEAT {datanodeUUID=616243d7-d102-41c9-b140-524e964f60c9, command=[]} | ret=SUCCESS |  
2019-08-28 13:06:02,748 | INFO  | SCMAudit | user=jenkins1000 | ip=192.168.69.80 | op=SEND_HEARTBEAT {datanodeUUID=32f88ad7-b496-4276-ae36-0c1df3bcd831, command=[]} | ret=SUCCESS |  
2019-08-28 13:06:03,055 | INFO  | SCMAudit | user=jenkins1000 | ip=192.168.69.80 | op=SEND_HEARTBEAT {datanodeUUID=6473d7a6-d5fa-4090-bf30-ee1350d7f475, command=[]} | ret=SUCCESS |  
2019-08-28 13:06:03,115 [grpc-default-executor-8] WARN  server.GrpcLogAppender (LogUtils.java:warn(134)) - 905064f4-24d2-4290-aeb9-f7b810d5a354->ce9c1f14-8030-466e-9ac8-42fad73b72bd: Failed appendEntries: org.apache.ratis.thirdparty.io.grpc.StatusRuntimeException: UNAVAILABLE: io exception
2019-08-28 13:06:03,116 [grpc-default-executor-8] INFO  impl.FollowerInfo (FollowerInfo.java:lambda$new$0(50)) - 905064f4-24d2-4290-aeb9-f7b810d5a354->ce9c1f14-8030-466e-9ac8-42fad73b72bd: nextIndex: updateUnconditionally 18 -> 17
2019-08-28 13:06:03,331 | INFO  | SCMAudit | user=jenkins1000 | ip=192.168.69.80 | op=SEND_HEARTBEAT {datanodeUUID=59fb5bc9-2d90-422e-bf68-b67547f31f06, command=[]} | ret=SUCCESS |  
2019-08-28 13:06:03,331 | INFO  | SCMAudit | user=jenkins1000 | ip=192.168.69.80 | op=SEND_HEARTBEAT {datanodeUUID=616243d7-d102-41c9-b140-524e964f60c9, command=[]} | ret=SUCCESS |  
2019-08-28 13:06:03,748 | INFO  | SCMAudit | user=jenkins1000 | ip=192.168.69.80 | op=SEND_HEARTBEAT {datanodeUUID=32f88ad7-b496-4276-ae36-0c1df3bcd831, command=[]} | ret=SUCCESS |  
2019-08-28 13:06:04,055 | INFO  | SCMAudit | user=jenkins1000 | ip=192.168.69.80 | op=SEND_HEARTBEAT {datanodeUUID=6473d7a6-d5fa-4090-bf30-ee1350d7f475, command=[]} | ret=SUCCESS |  
2019-08-28 13:06:04,332 | INFO  | SCMAudit | user=jenkins1000 | ip=192.168.69.80 | op=SEND_HEARTBEAT {datanodeUUID=616243d7-d102-41c9-b140-524e964f60c9, command=[]} | ret=SUCCESS |  
2019-08-28 13:06:04,332 | INFO  | SCMAudit | user=jenkins1000 | ip=192.168.69.80 | op=SEND_HEARTBEAT {datanodeUUID=59fb5bc9-2d90-422e-bf68-b67547f31f06, command=[]} | ret=SUCCESS |  
2019-08-28 13:06:04,748 | INFO  | SCMAudit | user=jenkins1000 | ip=192.168.69.80 | op=SEND_HEARTBEAT {datanodeUUID=32f88ad7-b496-4276-ae36-0c1df3bcd831, command=[]} | ret=SUCCESS |  
2019-08-28 13:06:04,797 [EventQueue-StaleNodeForStaleNodeHandler] INFO  node.StaleNodeHandler (StaleNodeHandler.java:onMessage(58)) - Datanode 905064f4-24d2-4290-aeb9-f7b810d5a354{ip: 192.168.69.80, host: pr-hdds-2030-bfh46-3754461772, networkLocation: /default-rack, certSerialId: null} moved to stale state. Finalizing its pipelines [PipelineID=de251482-6352-4180-8c60-39b499b195f0, PipelineID=403ff206-adec-4fb5-a852-39fdf2c5aa13]
2019-08-28 13:06:04,797 [EventQueue-StaleNodeForStaleNodeHandler] INFO  pipeline.SCMPipelineManager (SCMPipelineManager.java:finalizeAndDestroyPipeline(309)) - destroying pipeline:Pipeline[ Id: de251482-6352-4180-8c60-39b499b195f0, Nodes: 905064f4-24d2-4290-aeb9-f7b810d5a354{ip: 192.168.69.80, host: pr-hdds-2030-bfh46-3754461772, networkLocation: /default-rack, certSerialId: null}, Type:RATIS, Factor:ONE, State:OPEN]
2019-08-28 13:06:04,797 [EventQueue-StaleNodeForStaleNodeHandler] INFO  pipeline.PipelineStateManager (PipelineStateManager.java:finalizePipeline(123)) - Pipeline Pipeline[ Id: de251482-6352-4180-8c60-39b499b195f0, Nodes: 905064f4-24d2-4290-aeb9-f7b810d5a354{ip: 192.168.69.80, host: pr-hdds-2030-bfh46-3754461772, networkLocation: /default-rack, certSerialId: null}, Type:RATIS, Factor:ONE, State:CLOSED] moved to CLOSED state
2019-08-28 13:06:04,797 [EventQueue-StaleNodeForStaleNodeHandler] INFO  pipeline.SCMPipelineManager (SCMPipelineManager.java:finalizeAndDestroyPipeline(309)) - destroying pipeline:Pipeline[ Id: 403ff206-adec-4fb5-a852-39fdf2c5aa13, Nodes: ce9c1f14-8030-466e-9ac8-42fad73b72bd{ip: 192.168.69.80, host: pr-hdds-2030-bfh46-3754461772, networkLocation: /default-rack, certSerialId: null}905064f4-24d2-4290-aeb9-f7b810d5a354{ip: 192.168.69.80, host: pr-hdds-2030-bfh46-3754461772, networkLocation: /default-rack, certSerialId: null}32f88ad7-b496-4276-ae36-0c1df3bcd831{ip: 192.168.69.80, host: pr-hdds-2030-bfh46-3754461772, networkLocation: /default-rack, certSerialId: null}, Type:RATIS, Factor:THREE, State:CLOSED]
2019-08-28 13:06:05,056 | INFO  | SCMAudit | user=jenkins1000 | ip=192.168.69.80 | op=SEND_HEARTBEAT {datanodeUUID=6473d7a6-d5fa-4090-bf30-ee1350d7f475, command=[]} | ret=SUCCESS |  
2019-08-28 13:06:05,333 | INFO  | SCMAudit | user=jenkins1000 | ip=192.168.69.80 | op=SEND_HEARTBEAT {datanodeUUID=59fb5bc9-2d90-422e-bf68-b67547f31f06, command=[]} | ret=SUCCESS |  
2019-08-28 13:06:05,333 | INFO  | SCMAudit | user=jenkins1000 | ip=192.168.69.80 | op=SEND_HEARTBEAT {datanodeUUID=616243d7-d102-41c9-b140-524e964f60c9, command=[]} | ret=SUCCESS |  
2019-08-28 13:06:05,397 [EventQueue-StaleNodeForStaleNodeHandler] INFO  node.StaleNodeHandler (StaleNodeHandler.java:onMessage(58)) - Datanode 824628d9-e5f8-4fcc-92ac-3dee9636940c{ip: 192.168.69.80, host: pr-hdds-2030-bfh46-3754461772, networkLocation: /default-rack, certSerialId: null} moved to stale state. Finalizing its pipelines [PipelineID=29ae7ed1-1c86-446d-9f35-9005f0d065fa, PipelineID=7c73f1f9-c354-4ed2-b413-e5306f4a7e2a]
2019-08-28 13:06:05,398 [EventQueue-StaleNodeForStaleNodeHandler] INFO  pipeline.SCMPipelineManager (SCMPipelineManager.java:finalizeAndDestroyPipeline(309)) - destroying pipeline:Pipeline[ Id: 29ae7ed1-1c86-446d-9f35-9005f0d065fa, Nodes: 824628d9-e5f8-4fcc-92ac-3dee9636940c{ip: 192.168.69.80, host: pr-hdds-2030-bfh46-3754461772, networkLocation: /default-rack, certSerialId: null}59fb5bc9-2d90-422e-bf68-b67547f31f06{ip: 192.168.69.80, host: pr-hdds-2030-bfh46-3754461772, networkLocation: /default-rack, certSerialId: null}616243d7-d102-41c9-b140-524e964f60c9{ip: 192.168.69.80, host: pr-hdds-2030-bfh46-3754461772, networkLocation: /default-rack, certSerialId: null}, Type:RATIS, Factor:THREE, State:OPEN]
2019-08-28 13:06:05,398 [EventQueue-StaleNodeForStaleNodeHandler] INFO  pipeline.PipelineStateManager (PipelineStateManager.java:finalizePipeline(123)) - Pipeline Pipeline[ Id: 29ae7ed1-1c86-446d-9f35-9005f0d065fa, Nodes: 824628d9-e5f8-4fcc-92ac-3dee9636940c{ip: 192.168.69.80, host: pr-hdds-2030-bfh46-3754461772, networkLocation: /default-rack, certSerialId: null}59fb5bc9-2d90-422e-bf68-b67547f31f06{ip: 192.168.69.80, host: pr-hdds-2030-bfh46-3754461772, networkLocation: /default-rack, certSerialId: null}616243d7-d102-41c9-b140-524e964f60c9{ip: 192.168.69.80, host: pr-hdds-2030-bfh46-3754461772, networkLocation: /default-rack, certSerialId: null}, Type:RATIS, Factor:THREE, State:CLOSED] moved to CLOSED state
2019-08-28 13:06:05,398 [EventQueue-CloseContainerForCloseContainerEventHandler] INFO  container.CloseContainerEventHandler (CloseContainerEventHandler.java:onMessage(61)) - Close container Event triggered for container : #2
2019-08-28 13:06:05,398 [EventQueue-StaleNodeForStaleNodeHandler] INFO  pipeline.SCMPipelineManager (SCMPipelineManager.java:finalizeAndDestroyPipeline(309)) - destroying pipeline:Pipeline[ Id: 7c73f1f9-c354-4ed2-b413-e5306f4a7e2a, Nodes: 824628d9-e5f8-4fcc-92ac-3dee9636940c{ip: 192.168.69.80, host: pr-hdds-2030-bfh46-3754461772, networkLocation: /default-rack, certSerialId: null}, Type:RATIS, Factor:ONE, State:OPEN]
2019-08-28 13:06:05,399 [EventQueue-StaleNodeForStaleNodeHandler] INFO  pipeline.PipelineStateManager (PipelineStateManager.java:finalizePipeline(123)) - Pipeline Pipeline[ Id: 7c73f1f9-c354-4ed2-b413-e5306f4a7e2a, Nodes: 824628d9-e5f8-4fcc-92ac-3dee9636940c{ip: 192.168.69.80, host: pr-hdds-2030-bfh46-3754461772, networkLocation: /default-rack, certSerialId: null}, Type:RATIS, Factor:ONE, State:CLOSED] moved to CLOSED state
2019-08-28 13:06:05,603 [ForkJoinPool.commonPool-worker-1] INFO  ozoneimpl.OzoneContainer (OzoneContainer.java:stop(199)) - Attempting to stop container services.
2019-08-28 13:06:05,603 [main] INFO  ozoneimpl.OzoneContainer (OzoneContainer.java:stop(199)) - Attempting to stop container services.
2019-08-28 13:06:05,603 [ForkJoinPool.commonPool-worker-1] INFO  impl.RaftServerProxy (RaftServerProxy.java:lambda$close$4(314)) - 824628d9-e5f8-4fcc-92ac-3dee9636940c: close
2019-08-28 13:06:05,603 [main] INFO  impl.RaftServerProxy (RaftServerProxy.java:lambda$close$4(314)) - 905064f4-24d2-4290-aeb9-f7b810d5a354: close
2019-08-28 13:06:05,604 [ForkJoinPool.commonPool-worker-1] INFO  impl.RaftServerImpl (RaftServerImpl.java:lambda$shutdown$3(245)) - 824628d9-e5f8-4fcc-92ac-3dee9636940c: shutdown group-9005F0D065FA
2019-08-28 13:06:05,604 [main] INFO  impl.RaftServerImpl (RaftServerImpl.java:lambda$shutdown$3(245)) - 905064f4-24d2-4290-aeb9-f7b810d5a354: shutdown group-39B499B195F0
2019-08-28 13:06:05,604 [ForkJoinPool.commonPool-worker-1] INFO  util.JmxRegister (JmxRegister.java:unregister(73)) - Successfully un-registered JMX Bean with object name Ratis:service=RaftServer,group=group-9005F0D065FA,id=824628d9-e5f8-4fcc-92ac-3dee9636940c
2019-08-28 13:06:05,604 [main] INFO  util.JmxRegister (JmxRegister.java:unregister(73)) - Successfully un-registered JMX Bean with object name Ratis:service=RaftServer,group=group-39B499B195F0,id=905064f4-24d2-4290-aeb9-f7b810d5a354
2019-08-28 13:06:05,604 [ForkJoinPool.commonPool-worker-1] INFO  impl.RoleInfo (RoleInfo.java:shutdownLeaderState(104)) - 824628d9-e5f8-4fcc-92ac-3dee9636940c: shutdown LeaderState
2019-08-28 13:06:05,605 [main] INFO  impl.RoleInfo (RoleInfo.java:shutdownLeaderState(104)) - 905064f4-24d2-4290-aeb9-f7b810d5a354: shutdown LeaderState
2019-08-28 13:06:05,611 [org.apache.ratis.server.impl.LogAppender$AppenderDaemon$$Lambda$498/814480674@8f7e764] WARN  server.GrpcLogAppender (GrpcLogAppender.java:mayWait(143)) - GrpcLogAppender(824628d9-e5f8-4fcc-92ac-3dee9636940c->616243d7-d102-41c9-b140-524e964f60c9): Wait interrupted by java.lang.InterruptedException
2019-08-28 13:06:05,611 [org.apache.ratis.server.impl.LogAppender$AppenderDaemon$$Lambda$498/814480674@4df560be] WARN  server.GrpcLogAppender (GrpcLogAppender.java:mayWait(143)) - GrpcLogAppender(824628d9-e5f8-4fcc-92ac-3dee9636940c->59fb5bc9-2d90-422e-bf68-b67547f31f06): Wait interrupted by java.lang.InterruptedException
2019-08-28 13:06:05,611 [ForkJoinPool.commonPool-worker-1] INFO  impl.PendingRequests (PendingRequests.java:sendNotLeaderResponses(202)) - 824628d9-e5f8-4fcc-92ac-3dee9636940c-PendingRequests: sendNotLeaderResponses
2019-08-28 13:06:05,611 [main] INFO  impl.PendingRequests (PendingRequests.java:sendNotLeaderResponses(202)) - 905064f4-24d2-4290-aeb9-f7b810d5a354-PendingRequests: sendNotLeaderResponses
2019-08-28 13:06:05,612 [grpc-default-executor-7] INFO  server.GrpcServerProtocolService (GrpcServerProtocolService.java:onCompleted(104)) - 59fb5bc9-2d90-422e-bf68-b67547f31f06: appendEntries completed
2019-08-28 13:06:05,611 [grpc-default-executor-6] INFO  server.GrpcServerProtocolService (GrpcServerProtocolService.java:onCompleted(104)) - 616243d7-d102-41c9-b140-524e964f60c9: appendEntries completed
2019-08-28 13:06:05,616 [ForkJoinPool.commonPool-worker-1] INFO  impl.StateMachineUpdater (StateMachineUpdater.java:stopAndJoin(115)) - StateMachineUpdater:824628d9-e5f8-4fcc-92ac-3dee9636940c:group-9005F0D065FA: set stopIndex = 16
2019-08-28 13:06:05,616 [StateMachineUpdater:824628d9-e5f8-4fcc-92ac-3dee9636940c:group-9005F0D065FA] INFO  ratis.ContainerStateMachine (ContainerStateMachine.java:takeSnapshot(283)) - group-9005F0D065FA: Taking a snapshot at:(t:1, i:14) file /workdir/hadoop-ozone/integration-test/target/test-dir/MiniOzoneClusterImpl-b4ee2db5-7e6f-4740-8562-f15ac3dbe928/datanode-1/data/ratis/29ae7ed1-1c86-446d-9f35-9005f0d065fa/sm/snapshot.1_14
2019-08-28 13:06:05,616 [main] INFO  impl.StateMachineUpdater (StateMachineUpdater.java:stopAndJoin(115)) - StateMachineUpdater:905064f4-24d2-4290-aeb9-f7b810d5a354:group-39B499B195F0: set stopIndex = 0
2019-08-28 13:06:05,617 [grpc-default-executor-6] INFO  server.GrpcLogAppender (GrpcLogAppender.java:onCompleted(292)) - 824628d9-e5f8-4fcc-92ac-3dee9636940c->616243d7-d102-41c9-b140-524e964f60c9: follower responses appendEntries COMPLETED
2019-08-28 13:06:05,617 [grpc-default-executor-7] WARN  server.GrpcLogAppender (LogUtils.java:warn(134)) - 905064f4-24d2-4290-aeb9-f7b810d5a354->ce9c1f14-8030-466e-9ac8-42fad73b72bd: Failed appendEntries: org.apache.ratis.thirdparty.io.grpc.StatusRuntimeException: UNAVAILABLE: io exception
2019-08-28 13:06:05,617 [grpc-default-executor-8] INFO  server.GrpcLogAppender (GrpcLogAppender.java:onCompleted(292)) - 824628d9-e5f8-4fcc-92ac-3dee9636940c->59fb5bc9-2d90-422e-bf68-b67547f31f06: follower responses appendEntries COMPLETED
2019-08-28 13:06:05,618 [grpc-default-executor-6] INFO  impl.FollowerInfo (FollowerInfo.java:lambda$new$0(50)) - 824628d9-e5f8-4fcc-92ac-3dee9636940c->616243d7-d102-41c9-b140-524e964f60c9: nextIndex: updateUnconditionally 17 -> 16
2019-08-28 13:06:05,617 [main] INFO  impl.RaftServerImpl (ServerState.java:close(394)) - 905064f4-24d2-4290-aeb9-f7b810d5a354:group-39B499B195F0 closes. The last applied log index is 0
2019-08-28 13:06:05,618 [grpc-default-executor-8] INFO  impl.FollowerInfo (FollowerInfo.java:lambda$new$0(50)) - 824628d9-e5f8-4fcc-92ac-3dee9636940c->59fb5bc9-2d90-422e-bf68-b67547f31f06: nextIndex: updateUnconditionally 17 -> 16
2019-08-28 13:06:05,619 [905064f4-24d2-4290-aeb9-f7b810d5a354-SegmentedRaftLogWorker:Storage Directory /workdir/hadoop-ozone/integration-test/target/test-dir/MiniOzoneClusterImpl-b4ee2db5-7e6f-4740-8562-f15ac3dbe928/datanode-4/data/ratis/de251482-6352-4180-8c60-39b499b195f0] INFO  segmented.SegmentedRaftLogWorker (SegmentedRaftLogWorker.java:run(313)) - 905064f4-24d2-4290-aeb9-f7b810d5a354-SegmentedRaftLogWorker:Storage Directory /workdir/hadoop-ozone/integration-test/target/test-dir/MiniOzoneClusterImpl-b4ee2db5-7e6f-4740-8562-f15ac3dbe928/datanode-4/data/ratis/de251482-6352-4180-8c60-39b499b195f0 was interrupted, exiting. There are 0 tasks remaining in the queue.
2019-08-28 13:06:05,618 [grpc-default-executor-7] INFO  impl.FollowerInfo (FollowerInfo.java:lambda$new$0(50)) - 905064f4-24d2-4290-aeb9-f7b810d5a354->ce9c1f14-8030-466e-9ac8-42fad73b72bd: nextIndex: updateUnconditionally 17 -> 16
2019-08-28 13:06:05,621 [main] INFO  segmented.SegmentedRaftLogWorker (SegmentedRaftLogWorker.java:close(228)) - 905064f4-24d2-4290-aeb9-f7b810d5a354-SegmentedRaftLogWorker:Storage Directory /workdir/hadoop-ozone/integration-test/target/test-dir/MiniOzoneClusterImpl-b4ee2db5-7e6f-4740-8562-f15ac3dbe928/datanode-4/data/ratis/de251482-6352-4180-8c60-39b499b195f0 close()
2019-08-28 13:06:05,626 [main] INFO  impl.RaftServerImpl (RaftServerImpl.java:lambda$shutdown$3(245)) - 905064f4-24d2-4290-aeb9-f7b810d5a354: shutdown group-39FDF2C5AA13
2019-08-28 13:06:05,626 [main] INFO  util.JmxRegister (JmxRegister.java:unregister(73)) - Successfully un-registered JMX Bean with object name Ratis:service=RaftServer,group=group-39FDF2C5AA13,id=905064f4-24d2-4290-aeb9-f7b810d5a354
2019-08-28 13:06:05,626 [main] INFO  impl.RoleInfo (RoleInfo.java:shutdownLeaderState(104)) - 905064f4-24d2-4290-aeb9-f7b810d5a354: shutdown LeaderState
2019-08-28 13:06:05,631 [org.apache.ratis.server.impl.LogAppender$AppenderDaemon$$Lambda$498/814480674@16597fc9] WARN  server.GrpcLogAppender (GrpcLogAppender.java:mayWait(143)) - GrpcLogAppender(905064f4-24d2-4290-aeb9-f7b810d5a354->32f88ad7-b496-4276-ae36-0c1df3bcd831): Wait interrupted by java.lang.InterruptedException
2019-08-28 13:06:05,631 [org.apache.ratis.server.impl.LogAppender$AppenderDaemon$$Lambda$498/814480674@535be366] WARN  server.GrpcLogAppender (GrpcLogAppender.java:mayWait(143)) - GrpcLogAppender(905064f4-24d2-4290-aeb9-f7b810d5a354->ce9c1f14-8030-466e-9ac8-42fad73b72bd): Wait interrupted by java.lang.InterruptedException
2019-08-28 13:06:05,631 [grpc-default-executor-7] INFO  server.GrpcServerProtocolService (GrpcServerProtocolService.java:onCompleted(104)) - 32f88ad7-b496-4276-ae36-0c1df3bcd831: appendEntries completed
2019-08-28 13:06:05,631 [main] INFO  impl.PendingRequests (PendingRequests.java:sendNotLeaderResponses(202)) - 905064f4-24d2-4290-aeb9-f7b810d5a354-PendingRequests: sendNotLeaderResponses
2019-08-28 13:06:05,631 [grpc-default-executor-8] INFO  server.GrpcLogAppender (GrpcLogAppender.java:onCompleted(292)) - 905064f4-24d2-4290-aeb9-f7b810d5a354->32f88ad7-b496-4276-ae36-0c1df3bcd831: follower responses appendEntries COMPLETED
2019-08-28 13:06:05,647 [grpc-default-executor-8] INFO  impl.FollowerInfo (FollowerInfo.java:lambda$new$0(50)) - 905064f4-24d2-4290-aeb9-f7b810d5a354->32f88ad7-b496-4276-ae36-0c1df3bcd831: nextIndex: updateUnconditionally 30 -> 29
2019-08-28 13:06:05,647 [main] INFO  impl.StateMachineUpdater (StateMachineUpdater.java:stopAndJoin(115)) - StateMachineUpdater:905064f4-24d2-4290-aeb9-f7b810d5a354:group-39FDF2C5AA13: set stopIndex = 29
2019-08-28 13:06:05,648 [Thread-3898] INFO  client.GrpcClientProtocolService (GrpcClientProtocolService.java:lambda$processClientRequest$0(278)) - Failed RaftClientRequest:client-DE8B1881BA14->905064f4-24d2-4290-aeb9-f7b810d5a354@group-39FDF2C5AA13, cid=197, seq=0, Watch-ALL_COMMITTED(25), Message:<EMPTY>, reply=RaftClientReply:client-DE8B1881BA14->905064f4-24d2-4290-aeb9-f7b810d5a354@group-39FDF2C5AA13, cid=197, FAILED org.apache.ratis.protocol.NotLeaderException: Server 905064f4-24d2-4290-aeb9-f7b810d5a354 is not the leader (null). Request must be sent to leader., logIndex=0, commits[905064f4-24d2-4290-aeb9-f7b810d5a354:c29]
2019-08-28 13:06:05,648 [Thread-3899] INFO  client.GrpcClientProtocolService (GrpcClientProtocolService.java:lambda$processClientRequest$0(278)) - Failed RaftClientRequest:client-DE8B1881BA14->905064f4-24d2-4290-aeb9-f7b810d5a354@group-39FDF2C5AA13, cid=197, seq=0, Watch-ALL_COMMITTED(25), Message:<EMPTY>, reply=RaftClientReply:client-DE8B1881BA14->905064f4-24d2-4290-aeb9-f7b810d5a354@group-39FDF2C5AA13, cid=197, FAILED org.apache.ratis.protocol.NotLeaderException: Server 905064f4-24d2-4290-aeb9-f7b810d5a354 is not the leader (null). Request must be sent to leader., logIndex=0, commits[905064f4-24d2-4290-aeb9-f7b810d5a354:c29]
2019-08-28 13:06:05,648 [StateMachineUpdater:905064f4-24d2-4290-aeb9-f7b810d5a354:group-39FDF2C5AA13] INFO  ratis.ContainerStateMachine (ContainerStateMachine.java:takeSnapshot(283)) - group-39FDF2C5AA13: Taking a snapshot at:(t:7, i:27) file /workdir/hadoop-ozone/integration-test/target/test-dir/MiniOzoneClusterImpl-b4ee2db5-7e6f-4740-8562-f15ac3dbe928/datanode-4/data/ratis/403ff206-adec-4fb5-a852-39fdf2c5aa13/sm/snapshot.7_27
2019-08-28 13:06:05,650 [StateMachineUpdater:824628d9-e5f8-4fcc-92ac-3dee9636940c:group-9005F0D065FA] INFO  ratis.ContainerStateMachine (ContainerStateMachine.java:takeSnapshot(294)) - group-9005F0D065FA: Finished taking a snapshot at:(t:1, i:14) file:/workdir/hadoop-ozone/integration-test/target/test-dir/MiniOzoneClusterImpl-b4ee2db5-7e6f-4740-8562-f15ac3dbe928/datanode-1/data/ratis/29ae7ed1-1c86-446d-9f35-9005f0d065fa/sm/snapshot.1_14 time:34
2019-08-28 13:06:05,650 [StateMachineUpdater:824628d9-e5f8-4fcc-92ac-3dee9636940c:group-9005F0D065FA] INFO  impl.StateMachineUpdater (StateMachineUpdater.java:takeSnapshot(242)) - StateMachineUpdater:824628d9-e5f8-4fcc-92ac-3dee9636940c:group-9005F0D065FA: Took a snapshot at index 14
2019-08-28 13:06:05,651 [StateMachineUpdater:824628d9-e5f8-4fcc-92ac-3dee9636940c:group-9005F0D065FA] INFO  impl.StateMachineUpdater (StateMachineUpdater.java:lambda$new$0(80)) - StateMachineUpdater:824628d9-e5f8-4fcc-92ac-3dee9636940c:group-9005F0D065FA: snapshotIndex: updateIncreasingly -1 -> 14
2019-08-28 13:06:05,651 [ForkJoinPool.commonPool-worker-1] INFO  impl.RaftServerImpl (ServerState.java:close(394)) - 824628d9-e5f8-4fcc-92ac-3dee9636940c:group-9005F0D065FA closes. The last applied log index is 16
2019-08-28 13:06:05,651 [grpc-default-executor-8] INFO  client.GrpcClientProtocolClient (GrpcClientProtocolClient.java:onNext(255)) - client-DE8B1881BA14->905064f4-24d2-4290-aeb9-f7b810d5a354: receive RaftClientReply:client-DE8B1881BA14->905064f4-24d2-4290-aeb9-f7b810d5a354@group-39FDF2C5AA13, cid=197, FAILED org.apache.ratis.protocol.NotLeaderException: Server 905064f4-24d2-4290-aeb9-f7b810d5a354 is not the leader (null). Request must be sent to leader., logIndex=0, commits[905064f4-24d2-4290-aeb9-f7b810d5a354:c29]
2019-08-28 13:06:05,652 [824628d9-e5f8-4fcc-92ac-3dee9636940c-SegmentedRaftLogWorker:Storage Directory /workdir/hadoop-ozone/integration-test/target/test-dir/MiniOzoneClusterImpl-b4ee2db5-7e6f-4740-8562-f15ac3dbe928/datanode-1/data/ratis/29ae7ed1-1c86-446d-9f35-9005f0d065fa] INFO  segmented.SegmentedRaftLogWorker (SegmentedRaftLogWorker.java:run(313)) - 824628d9-e5f8-4fcc-92ac-3dee9636940c-SegmentedRaftLogWorker:Storage Directory /workdir/hadoop-ozone/integration-test/target/test-dir/MiniOzoneClusterImpl-b4ee2db5-7e6f-4740-8562-f15ac3dbe928/datanode-1/data/ratis/29ae7ed1-1c86-446d-9f35-9005f0d065fa was interrupted, exiting. There are 0 tasks remaining in the queue.
2019-08-28 13:06:05,654 [ForkJoinPool.commonPool-worker-1] INFO  segmented.SegmentedRaftLogWorker (SegmentedRaftLogWorker.java:close(228)) - 824628d9-e5f8-4fcc-92ac-3dee9636940c-SegmentedRaftLogWorker:Storage Directory /workdir/hadoop-ozone/integration-test/target/test-dir/MiniOzoneClusterImpl-b4ee2db5-7e6f-4740-8562-f15ac3dbe928/datanode-1/data/ratis/29ae7ed1-1c86-446d-9f35-9005f0d065fa close()
2019-08-28 13:06:05,654 [grpc-default-executor-8] INFO  client.GrpcClientProtocolClient (GrpcClientProtocolClient.java:onNext(255)) - client-DE8B1881BA14->905064f4-24d2-4290-aeb9-f7b810d5a354: receive RaftClientReply:client-DE8B1881BA14->905064f4-24d2-4290-aeb9-f7b810d5a354@group-39FDF2C5AA13, cid=197, FAILED org.apache.ratis.protocol.NotLeaderException: Server 905064f4-24d2-4290-aeb9-f7b810d5a354 is not the leader (null). Request must be sent to leader., logIndex=0, commits[905064f4-24d2-4290-aeb9-f7b810d5a354:c29]
2019-08-28 13:06:05,657 [ForkJoinPool.commonPool-worker-1] INFO  impl.RaftServerImpl (RaftServerImpl.java:lambda$shutdown$3(245)) - 824628d9-e5f8-4fcc-92ac-3dee9636940c: shutdown group-E5306F4A7E2A
2019-08-28 13:06:05,657 [ForkJoinPool.commonPool-worker-1] INFO  util.JmxRegister (JmxRegister.java:unregister(73)) - Successfully un-registered JMX Bean with object name Ratis:service=RaftServer,group=group-E5306F4A7E2A,id=824628d9-e5f8-4fcc-92ac-3dee9636940c
2019-08-28 13:06:05,658 [ForkJoinPool.commonPool-worker-1] INFO  impl.RoleInfo (RoleInfo.java:shutdownLeaderState(104)) - 824628d9-e5f8-4fcc-92ac-3dee9636940c: shutdown LeaderState
2019-08-28 13:06:05,658 [ForkJoinPool.commonPool-worker-1] INFO  impl.PendingRequests (PendingRequests.java:sendNotLeaderResponses(202)) - 824628d9-e5f8-4fcc-92ac-3dee9636940c-PendingRequests: sendNotLeaderResponses
2019-08-28 13:06:05,658 [ForkJoinPool.commonPool-worker-1] INFO  impl.StateMachineUpdater (StateMachineUpdater.java:stopAndJoin(115)) - StateMachineUpdater:824628d9-e5f8-4fcc-92ac-3dee9636940c:group-E5306F4A7E2A: set stopIndex = 0
2019-08-28 13:06:05,658 [ForkJoinPool.commonPool-worker-1] INFO  impl.RaftServerImpl (ServerState.java:close(394)) - 824628d9-e5f8-4fcc-92ac-3dee9636940c:group-E5306F4A7E2A closes. The last applied log index is 0
2019-08-28 13:06:05,659 [824628d9-e5f8-4fcc-92ac-3dee9636940c-SegmentedRaftLogWorker:Storage Directory /workdir/hadoop-ozone/integration-test/target/test-dir/MiniOzoneClusterImpl-b4ee2db5-7e6f-4740-8562-f15ac3dbe928/datanode-1/data/ratis/7c73f1f9-c354-4ed2-b413-e5306f4a7e2a] INFO  segmented.SegmentedRaftLogWorker (SegmentedRaftLogWorker.java:run(313)) - 824628d9-e5f8-4fcc-92ac-3dee9636940c-SegmentedRaftLogWorker:Storage Directory /workdir/hadoop-ozone/integration-test/target/test-dir/MiniOzoneClusterImpl-b4ee2db5-7e6f-4740-8562-f15ac3dbe928/datanode-1/data/ratis/7c73f1f9-c354-4ed2-b413-e5306f4a7e2a was interrupted, exiting. There are 0 tasks remaining in the queue.
2019-08-28 13:06:05,660 [ForkJoinPool.commonPool-worker-1] INFO  segmented.SegmentedRaftLogWorker (SegmentedRaftLogWorker.java:close(228)) - 824628d9-e5f8-4fcc-92ac-3dee9636940c-SegmentedRaftLogWorker:Storage Directory /workdir/hadoop-ozone/integration-test/target/test-dir/MiniOzoneClusterImpl-b4ee2db5-7e6f-4740-8562-f15ac3dbe928/datanode-1/data/ratis/7c73f1f9-c354-4ed2-b413-e5306f4a7e2a close()
2019-08-28 13:06:05,664 [ForkJoinPool.commonPool-worker-1] INFO  server.GrpcService (GrpcService.java:closeImpl(155)) - 824628d9-e5f8-4fcc-92ac-3dee9636940c: shutdown server with port 38364 now
2019-08-28 13:06:05,665 [grpc-default-executor-7] WARN  client.GrpcClientProtocolService (LogUtils.java:warn(134)) - 1-UnorderedRequestStreamObserver1: onError: org.apache.ratis.thirdparty.io.grpc.StatusRuntimeException: CANCELLED: cancelled before receiving half close
2019-08-28 13:06:05,665 [ForkJoinPool.commonPool-worker-1] INFO  server.GrpcService (GrpcService.java:closeImpl(163)) - 824628d9-e5f8-4fcc-92ac-3dee9636940c: shutdown server with port 38364 successfully
2019-08-28 13:06:05,669 [ForkJoinPool.commonPool-worker-1] INFO  utils.BackgroundService (BackgroundService.java:shutdown(148)) - Shutting down service BlockDeletingService
2019-08-28 13:06:05,673 [refreshUsed-/workdir/hadoop-ozone/integration-test/target/test-dir/MiniOzoneClusterImpl-b4ee2db5-7e6f-4740-8562-f15ac3dbe928/datanode-1/data/containers] WARN  fs.CachingGetSpaceUsed (CachingGetSpaceUsed.java:run(183)) - Thread Interrupted waiting to refresh disk information: sleep interrupted
2019-08-28 13:06:05,673 [StateMachineUpdater:905064f4-24d2-4290-aeb9-f7b810d5a354:group-39FDF2C5AA13] INFO  ratis.ContainerStateMachine (ContainerStateMachine.java:takeSnapshot(294)) - group-39FDF2C5AA13: Finished taking a snapshot at:(t:7, i:27) file:/workdir/hadoop-ozone/integration-test/target/test-dir/MiniOzoneClusterImpl-b4ee2db5-7e6f-4740-8562-f15ac3dbe928/datanode-4/data/ratis/403ff206-adec-4fb5-a852-39fdf2c5aa13/sm/snapshot.7_27 time:26
2019-08-28 13:06:05,673 [StateMachineUpdater:905064f4-24d2-4290-aeb9-f7b810d5a354:group-39FDF2C5AA13] INFO  impl.StateMachineUpdater (StateMachineUpdater.java:takeSnapshot(242)) - StateMachineUpdater:905064f4-24d2-4290-aeb9-f7b810d5a354:group-39FDF2C5AA13: Took a snapshot at index 27
2019-08-28 13:06:05,674 [StateMachineUpdater:905064f4-24d2-4290-aeb9-f7b810d5a354:group-39FDF2C5AA13] INFO  impl.StateMachineUpdater (StateMachineUpdater.java:lambda$new$0(80)) - StateMachineUpdater:905064f4-24d2-4290-aeb9-f7b810d5a354:group-39FDF2C5AA13: snapshotIndex: updateIncreasingly -1 -> 27
2019-08-28 13:06:05,674 [main] INFO  impl.RaftServerImpl (ServerState.java:close(394)) - 905064f4-24d2-4290-aeb9-f7b810d5a354:group-39FDF2C5AA13 closes. The last applied log index is 29
2019-08-28 13:06:05,674 [905064f4-24d2-4290-aeb9-f7b810d5a354-SegmentedRaftLogWorker:Storage Directory /workdir/hadoop-ozone/integration-test/target/test-dir/MiniOzoneClusterImpl-b4ee2db5-7e6f-4740-8562-f15ac3dbe928/datanode-4/data/ratis/403ff206-adec-4fb5-a852-39fdf2c5aa13] INFO  segmented.SegmentedRaftLogWorker (SegmentedRaftLogWorker.java:run(313)) - 905064f4-24d2-4290-aeb9-f7b810d5a354-SegmentedRaftLogWorker:Storage Directory /workdir/hadoop-ozone/integration-test/target/test-dir/MiniOzoneClusterImpl-b4ee2db5-7e6f-4740-8562-f15ac3dbe928/datanode-4/data/ratis/403ff206-adec-4fb5-a852-39fdf2c5aa13 was interrupted, exiting. There are 0 tasks remaining in the queue.
2019-08-28 13:06:05,676 [main] INFO  segmented.SegmentedRaftLogWorker (SegmentedRaftLogWorker.java:close(228)) - 905064f4-24d2-4290-aeb9-f7b810d5a354-SegmentedRaftLogWorker:Storage Directory /workdir/hadoop-ozone/integration-test/target/test-dir/MiniOzoneClusterImpl-b4ee2db5-7e6f-4740-8562-f15ac3dbe928/datanode-4/data/ratis/403ff206-adec-4fb5-a852-39fdf2c5aa13 close()
2019-08-28 13:06:05,679 [main] INFO  server.GrpcService (GrpcService.java:closeImpl(155)) - 905064f4-24d2-4290-aeb9-f7b810d5a354: shutdown server with port 45248 now
2019-08-28 13:06:05,679 [grpc-default-executor-8] WARN  client.GrpcClientProtocolService (LogUtils.java:warn(134)) - 9-UnorderedRequestStreamObserver9: onError: org.apache.ratis.thirdparty.io.grpc.StatusRuntimeException: CANCELLED: cancelled before receiving half close
2019-08-28 13:06:05,680 [main] INFO  server.GrpcService (GrpcService.java:closeImpl(163)) - 905064f4-24d2-4290-aeb9-f7b810d5a354: shutdown server with port 45248 successfully
2019-08-28 13:06:05,681 [main] INFO  utils.BackgroundService (BackgroundService.java:shutdown(148)) - Shutting down service BlockDeletingService
2019-08-28 13:06:05,683 [refreshUsed-/workdir/hadoop-ozone/integration-test/target/test-dir/MiniOzoneClusterImpl-b4ee2db5-7e6f-4740-8562-f15ac3dbe928/datanode-4/data/containers] WARN  fs.CachingGetSpaceUsed (CachingGetSpaceUsed.java:run(183)) - Thread Interrupted waiting to refresh disk information: sleep interrupted
2019-08-28 13:06:05,694 [ForkJoinPool.commonPool-worker-1] INFO  statemachine.DatanodeStateMachine (DatanodeStateMachine.java:stopDaemon(395)) - Ozone container server stopped.
2019-08-28 13:06:05,698 [ForkJoinPool.commonPool-worker-1] INFO  handler.ContextHandler (ContextHandler.java:doStop(910)) - Stopped o.e.j.w.WebAppContext@1ced1fb9{/,null,UNAVAILABLE}{/hddsDatanode}
2019-08-28 13:06:05,698 [ForkJoinPool.commonPool-worker-1] INFO  server.AbstractConnector (AbstractConnector.java:doStop(318)) - Stopped ServerConnector@5d28e108{HTTP/1.1,[http/1.1]}{0.0.0.0:0}
2019-08-28 13:06:05,699 [ForkJoinPool.commonPool-worker-1] INFO  handler.ContextHandler (ContextHandler.java:doStop(910)) - Stopped o.e.j.s.ServletContextHandler@6dccdc50{/static,jar:file:/home/user/.m2/repository/org/apache/hadoop/hadoop-hdds-container-service/0.5.0-SNAPSHOT/hadoop-hdds-container-service-0.5.0-SNAPSHOT.jar!/webapps/static,UNAVAILABLE}
2019-08-28 13:06:05,701 [ForkJoinPool.commonPool-worker-1] INFO  handler.ContextHandler (ContextHandler.java:doStop(910)) - Stopped o.e.j.s.ServletContextHandler@25fb43a9{/logs,file:///workdir/hadoop-ozone/integration-test/target/log,UNAVAILABLE}
2019-08-28 13:06:05,701 [ForkJoinPool.commonPool-worker-1] INFO  datanode.ObjectStoreHandler (ObjectStoreHandler.java:close(155)) - Closing ObjectStoreHandler.
2019-08-28 13:06:05,702 [ForkJoinPool.commonPool-worker-1] INFO  ozone.HddsDatanodeService (HddsDatanodeService.java:stop(451)) - Stopped plug-in org.apache.hadoop.ozone.web.OzoneHddsDatanodeService@5a004dd4
2019-08-28 13:06:05,707 [main] INFO  statemachine.DatanodeStateMachine (DatanodeStateMachine.java:stopDaemon(395)) - Ozone container server stopped.
2019-08-28 13:06:05,708 [main] INFO  handler.ContextHandler (ContextHandler.java:doStop(910)) - Stopped o.e.j.w.WebAppContext@54b88247{/,null,UNAVAILABLE}{/hddsDatanode}
2019-08-28 13:06:05,709 [main] INFO  server.AbstractConnector (AbstractConnector.java:doStop(318)) - Stopped ServerConnector@54eea16c{HTTP/1.1,[http/1.1]}{0.0.0.0:0}
2019-08-28 13:06:05,709 [main] INFO  handler.ContextHandler (ContextHandler.java:doStop(910)) - Stopped o.e.j.s.ServletContextHandler@4d7a4317{/static,jar:file:/home/user/.m2/repository/org/apache/hadoop/hadoop-hdds-container-service/0.5.0-SNAPSHOT/hadoop-hdds-container-service-0.5.0-SNAPSHOT.jar!/webapps/static,UNAVAILABLE}
2019-08-28 13:06:05,709 [main] INFO  handler.ContextHandler (ContextHandler.java:doStop(910)) - Stopped o.e.j.s.ServletContextHandler@67e7fe73{/logs,file:///workdir/hadoop-ozone/integration-test/target/log,UNAVAILABLE}
2019-08-28 13:06:05,710 [main] INFO  datanode.ObjectStoreHandler (ObjectStoreHandler.java:close(155)) - Closing ObjectStoreHandler.
2019-08-28 13:06:05,710 [main] INFO  ozone.HddsDatanodeService (HddsDatanodeService.java:stop(451)) - Stopped plug-in org.apache.hadoop.ozone.web.OzoneHddsDatanodeService@62a89e92
2019-08-28 13:06:05,748 [Datanode State Machine Thread - 0] INFO  statemachine.DatanodeStateMachine (DatanodeStateMachine.java:lambda$startDaemon$0(350)) - Ozone container server started.
2019-08-28 13:06:06,056 | INFO  | SCMAudit | user=jenkins1000 | ip=192.168.69.80 | op=SEND_HEARTBEAT {datanodeUUID=6473d7a6-d5fa-4090-bf30-ee1350d7f475, command=[]} | ret=SUCCESS |  
2019-08-28 13:06:06,332 [Datanode State Machine Thread - 0] INFO  statemachine.DatanodeStateMachine (DatanodeStateMachine.java:lambda$startDaemon$0(350)) - Ozone container server started.
2019-08-28 13:06:06,333 | INFO  | SCMAudit | user=jenkins1000 | ip=192.168.69.80 | op=SEND_HEARTBEAT {datanodeUUID=59fb5bc9-2d90-422e-bf68-b67547f31f06, command=[commandType: closeContainerCommand closeContainerCommandProto { containerID: 2 pipelineID { id: "29ae7ed1-1c86-446d-9f35-9005f0d065fa" } cmdId: 2 force: false } ]} | ret=SUCCESS |  
2019-08-28 13:06:07,056 | INFO  | SCMAudit | user=jenkins1000 | ip=192.168.69.80 | op=SEND_HEARTBEAT {datanodeUUID=6473d7a6-d5fa-4090-bf30-ee1350d7f475, command=[]} | ret=SUCCESS |  
2019-08-28 13:06:07,333 | INFO  | SCMAudit | user=jenkins1000 | ip=192.168.69.80 | op=SEND_HEARTBEAT {datanodeUUID=59fb5bc9-2d90-422e-bf68-b67547f31f06, command=[]} | ret=SUCCESS |  
2019-08-28 13:06:07,359 | INFO  | SCMAudit | user=jenkins1000 | ip=192.168.69.80 | op=SEND_HEARTBEAT {datanodeUUID=59fb5bc9-2d90-422e-bf68-b67547f31f06, command=[]} | ret=SUCCESS |  
2019-08-28 13:06:08,056 | INFO  | SCMAudit | user=jenkins1000 | ip=192.168.69.80 | op=SEND_HEARTBEAT {datanodeUUID=6473d7a6-d5fa-4090-bf30-ee1350d7f475, command=[]} | ret=SUCCESS |  
2019-08-28 13:06:08,130 [Thread-3904] INFO  client.GrpcClientProtocolService (GrpcClientProtocolService.java:lambda$processClientRequest$0(278)) - Failed RaftClientRequest:client-DE8B1881BA14->32f88ad7-b496-4276-ae36-0c1df3bcd831@group-39FDF2C5AA13, cid=197, seq=0, Watch-ALL_COMMITTED(25), Message:<EMPTY>, reply=RaftClientReply:client-DE8B1881BA14->32f88ad7-b496-4276-ae36-0c1df3bcd831@group-39FDF2C5AA13, cid=197, FAILED org.apache.ratis.protocol.NotLeaderException: Server 32f88ad7-b496-4276-ae36-0c1df3bcd831 is not the leader (905064f4-24d2-4290-aeb9-f7b810d5a354:192.168.69.80:45248). Request must be sent to leader., logIndex=0, commits[32f88ad7-b496-4276-ae36-0c1df3bcd831:c29, 905064f4-24d2-4290-aeb9-f7b810d5a354:c29, ce9c1f14-8030-466e-9ac8-42fad73b72bd:c19]
2019-08-28 13:06:08,134 [grpc-default-executor-8] INFO  client.GrpcClientProtocolClient (GrpcClientProtocolClient.java:onNext(255)) - client-DE8B1881BA14->32f88ad7-b496-4276-ae36-0c1df3bcd831: receive RaftClientReply:client-DE8B1881BA14->32f88ad7-b496-4276-ae36-0c1df3bcd831@group-39FDF2C5AA13, cid=197, FAILED org.apache.ratis.protocol.NotLeaderException: Server 32f88ad7-b496-4276-ae36-0c1df3bcd831 is not the leader (905064f4-24d2-4290-aeb9-f7b810d5a354:192.168.69.80:45248). Request must be sent to leader., logIndex=0, commits[32f88ad7-b496-4276-ae36-0c1df3bcd831:c29, 905064f4-24d2-4290-aeb9-f7b810d5a354:c29, ce9c1f14-8030-466e-9ac8-42fad73b72bd:c19]
2019-08-28 13:06:08,359 | INFO  | SCMAudit | user=jenkins1000 | ip=192.168.69.80 | op=SEND_HEARTBEAT {datanodeUUID=59fb5bc9-2d90-422e-bf68-b67547f31f06, command=[]} | ret=SUCCESS |  
2019-08-28 13:06:09,056 | INFO  | SCMAudit | user=jenkins1000 | ip=192.168.69.80 | op=SEND_HEARTBEAT {datanodeUUID=6473d7a6-d5fa-4090-bf30-ee1350d7f475, command=[]} | ret=SUCCESS |  
2019-08-28 13:06:09,141 [Thread-3909] INFO  client.GrpcClientProtocolService (GrpcClientProtocolService.java:lambda$processClientRequest$0(278)) - Failed RaftClientRequest:client-DE8B1881BA14->32f88ad7-b496-4276-ae36-0c1df3bcd831@group-39FDF2C5AA13, cid=197, seq=0, Watch-ALL_COMMITTED(25), Message:<EMPTY>, reply=RaftClientReply:client-DE8B1881BA14->32f88ad7-b496-4276-ae36-0c1df3bcd831@group-39FDF2C5AA13, cid=197, FAILED org.apache.ratis.protocol.NotLeaderException: Server 32f88ad7-b496-4276-ae36-0c1df3bcd831 is not the leader (905064f4-24d2-4290-aeb9-f7b810d5a354:192.168.69.80:45248). Request must be sent to leader., logIndex=0, commits[32f88ad7-b496-4276-ae36-0c1df3bcd831:c29, 905064f4-24d2-4290-aeb9-f7b810d5a354:c29, ce9c1f14-8030-466e-9ac8-42fad73b72bd:c19]
2019-08-28 13:06:09,147 [grpc-default-executor-6] INFO  client.GrpcClientProtocolClient (GrpcClientProtocolClient.java:onNext(255)) - client-DE8B1881BA14->32f88ad7-b496-4276-ae36-0c1df3bcd831: receive RaftClientReply:client-DE8B1881BA14->32f88ad7-b496-4276-ae36-0c1df3bcd831@group-39FDF2C5AA13, cid=197, FAILED org.apache.ratis.protocol.NotLeaderException: Server 32f88ad7-b496-4276-ae36-0c1df3bcd831 is not the leader (905064f4-24d2-4290-aeb9-f7b810d5a354:192.168.69.80:45248). Request must be sent to leader., logIndex=0, commits[32f88ad7-b496-4276-ae36-0c1df3bcd831:c29, 905064f4-24d2-4290-aeb9-f7b810d5a354:c29, ce9c1f14-8030-466e-9ac8-42fad73b72bd:c19]
2019-08-28 13:06:09,359 | INFO  | SCMAudit | user=jenkins1000 | ip=192.168.69.80 | op=SEND_HEARTBEAT {datanodeUUID=59fb5bc9-2d90-422e-bf68-b67547f31f06, command=[]} | ret=SUCCESS |  
2019-08-28 13:06:09,804 [EventQueue-StaleNodeForStaleNodeHandler] INFO  node.StaleNodeHandler (StaleNodeHandler.java:onMessage(58)) - Datanode 32f88ad7-b496-4276-ae36-0c1df3bcd831{ip: 192.168.69.80, host: pr-hdds-2030-bfh46-3754461772, networkLocation: /default-rack, certSerialId: null} moved to stale state. Finalizing its pipelines [PipelineID=c321b955-3e0b-4553-81d7-20d3d094f949, PipelineID=403ff206-adec-4fb5-a852-39fdf2c5aa13]
2019-08-28 13:06:09,804 [EventQueue-StaleNodeForStaleNodeHandler] INFO  pipeline.SCMPipelineManager (SCMPipelineManager.java:finalizeAndDestroyPipeline(309)) - destroying pipeline:Pipeline[ Id: c321b955-3e0b-4553-81d7-20d3d094f949, Nodes: 32f88ad7-b496-4276-ae36-0c1df3bcd831{ip: 192.168.69.80, host: pr-hdds-2030-bfh46-3754461772, networkLocation: /default-rack, certSerialId: null}, Type:RATIS, Factor:ONE, State:OPEN]
2019-08-28 13:06:09,804 [EventQueue-StaleNodeForStaleNodeHandler] INFO  pipeline.PipelineStateManager (PipelineStateManager.java:finalizePipeline(123)) - Pipeline Pipeline[ Id: c321b955-3e0b-4553-81d7-20d3d094f949, Nodes: 32f88ad7-b496-4276-ae36-0c1df3bcd831{ip: 192.168.69.80, host: pr-hdds-2030-bfh46-3754461772, networkLocation: /default-rack, certSerialId: null}, Type:RATIS, Factor:ONE, State:CLOSED] moved to CLOSED state
2019-08-28 13:06:09,804 [EventQueue-StaleNodeForStaleNodeHandler] INFO  pipeline.SCMPipelineManager (SCMPipelineManager.java:finalizeAndDestroyPipeline(309)) - destroying pipeline:Pipeline[ Id: 403ff206-adec-4fb5-a852-39fdf2c5aa13, Nodes: ce9c1f14-8030-466e-9ac8-42fad73b72bd{ip: 192.168.69.80, host: pr-hdds-2030-bfh46-3754461772, networkLocation: /default-rack, certSerialId: null}905064f4-24d2-4290-aeb9-f7b810d5a354{ip: 192.168.69.80, host: pr-hdds-2030-bfh46-3754461772, networkLocation: /default-rack, certSerialId: null}32f88ad7-b496-4276-ae36-0c1df3bcd831{ip: 192.168.69.80, host: pr-hdds-2030-bfh46-3754461772, networkLocation: /default-rack, certSerialId: null}, Type:RATIS, Factor:THREE, State:CLOSED]
2019-08-28 13:06:10,057 | INFO  | SCMAudit | user=jenkins1000 | ip=192.168.69.80 | op=SEND_HEARTBEAT {datanodeUUID=6473d7a6-d5fa-4090-bf30-ee1350d7f475, command=[]} | ret=SUCCESS |  
2019-08-28 13:06:10,154 [Thread-3915] INFO  client.GrpcClientProtocolService (GrpcClientProtocolService.java:lambda$processClientRequest$0(278)) - Failed RaftClientRequest:client-DE8B1881BA14->32f88ad7-b496-4276-ae36-0c1df3bcd831@group-39FDF2C5AA13, cid=197, seq=0, Watch-ALL_COMMITTED(25), Message:<EMPTY>, reply=RaftClientReply:client-DE8B1881BA14->32f88ad7-b496-4276-ae36-0c1df3bcd831@group-39FDF2C5AA13, cid=197, FAILED org.apache.ratis.protocol.NotLeaderException: Server 32f88ad7-b496-4276-ae36-0c1df3bcd831 is not the leader (905064f4-24d2-4290-aeb9-f7b810d5a354:192.168.69.80:45248). Request must be sent to leader., logIndex=0, commits[32f88ad7-b496-4276-ae36-0c1df3bcd831:c29, 905064f4-24d2-4290-aeb9-f7b810d5a354:c29, ce9c1f14-8030-466e-9ac8-42fad73b72bd:c19]
2019-08-28 13:06:10,160 [grpc-default-executor-7] INFO  client.GrpcClientProtocolClient (GrpcClientProtocolClient.java:onNext(255)) - client-DE8B1881BA14->32f88ad7-b496-4276-ae36-0c1df3bcd831: receive RaftClientReply:client-DE8B1881BA14->32f88ad7-b496-4276-ae36-0c1df3bcd831@group-39FDF2C5AA13, cid=197, FAILED org.apache.ratis.protocol.NotLeaderException: Server 32f88ad7-b496-4276-ae36-0c1df3bcd831 is not the leader (905064f4-24d2-4290-aeb9-f7b810d5a354:192.168.69.80:45248). Request must be sent to leader., logIndex=0, commits[32f88ad7-b496-4276-ae36-0c1df3bcd831:c29, 905064f4-24d2-4290-aeb9-f7b810d5a354:c29, ce9c1f14-8030-466e-9ac8-42fad73b72bd:c19]
2019-08-28 13:06:10,360 | INFO  | SCMAudit | user=jenkins1000 | ip=192.168.69.80 | op=SEND_HEARTBEAT {datanodeUUID=59fb5bc9-2d90-422e-bf68-b67547f31f06, command=[]} | ret=SUCCESS |  
2019-08-28 13:06:10,404 [EventQueue-StaleNodeForStaleNodeHandler] INFO  node.StaleNodeHandler (StaleNodeHandler.java:onMessage(58)) - Datanode 616243d7-d102-41c9-b140-524e964f60c9{ip: 192.168.69.80, host: pr-hdds-2030-bfh46-3754461772, networkLocation: /default-rack, certSerialId: null} moved to stale state. Finalizing its pipelines [PipelineID=1e691dc2-0c06-44a4-8f9a-c71b8805176d, PipelineID=29ae7ed1-1c86-446d-9f35-9005f0d065fa]
2019-08-28 13:06:10,405 [EventQueue-StaleNodeForStaleNodeHandler] INFO  pipeline.SCMPipelineManager (SCMPipelineManager.java:finalizeAndDestroyPipeline(309)) - destroying pipeline:Pipeline[ Id: 1e691dc2-0c06-44a4-8f9a-c71b8805176d, Nodes: 616243d7-d102-41c9-b140-524e964f60c9{ip: 192.168.69.80, host: pr-hdds-2030-bfh46-3754461772, networkLocation: /default-rack, certSerialId: null}, Type:RATIS, Factor:ONE, State:OPEN]
2019-08-28 13:06:10,405 [EventQueue-StaleNodeForStaleNodeHandler] INFO  pipeline.PipelineStateManager (PipelineStateManager.java:finalizePipeline(123)) - Pipeline Pipeline[ Id: 1e691dc2-0c06-44a4-8f9a-c71b8805176d, Nodes: 616243d7-d102-41c9-b140-524e964f60c9{ip: 192.168.69.80, host: pr-hdds-2030-bfh46-3754461772, networkLocation: /default-rack, certSerialId: null}, Type:RATIS, Factor:ONE, State:CLOSED] moved to CLOSED state
2019-08-28 13:06:10,405 [EventQueue-StaleNodeForStaleNodeHandler] INFO  pipeline.SCMPipelineManager (SCMPipelineManager.java:finalizeAndDestroyPipeline(309)) - destroying pipeline:Pipeline[ Id: 29ae7ed1-1c86-446d-9f35-9005f0d065fa, Nodes: 824628d9-e5f8-4fcc-92ac-3dee9636940c{ip: 192.168.69.80, host: pr-hdds-2030-bfh46-3754461772, networkLocation: /default-rack, certSerialId: null}59fb5bc9-2d90-422e-bf68-b67547f31f06{ip: 192.168.69.80, host: pr-hdds-2030-bfh46-3754461772, networkLocation: /default-rack, certSerialId: null}616243d7-d102-41c9-b140-524e964f60c9{ip: 192.168.69.80, host: pr-hdds-2030-bfh46-3754461772, networkLocation: /default-rack, certSerialId: null}, Type:RATIS, Factor:THREE, State:CLOSED]
2019-08-28 13:06:10,702 [ForkJoinPool.commonPool-worker-1] INFO  ozoneimpl.OzoneContainer (OzoneContainer.java:stop(199)) - Attempting to stop container services.
2019-08-28 13:06:10,703 [ForkJoinPool.commonPool-worker-1] INFO  impl.RaftServerProxy (RaftServerProxy.java:lambda$close$4(314)) - 616243d7-d102-41c9-b140-524e964f60c9: close
2019-08-28 13:06:10,703 [ForkJoinPool.commonPool-worker-1] INFO  impl.RaftServerImpl (RaftServerImpl.java:lambda$shutdown$3(245)) - 616243d7-d102-41c9-b140-524e964f60c9: shutdown group-C71B8805176D
2019-08-28 13:06:10,703 [ForkJoinPool.commonPool-worker-1] INFO  util.JmxRegister (JmxRegister.java:unregister(73)) - Successfully un-registered JMX Bean with object name Ratis:service=RaftServer,group=group-C71B8805176D,id=616243d7-d102-41c9-b140-524e964f60c9
2019-08-28 13:06:10,704 [ForkJoinPool.commonPool-worker-1] INFO  impl.RoleInfo (RoleInfo.java:shutdownLeaderState(104)) - 616243d7-d102-41c9-b140-524e964f60c9: shutdown LeaderState
2019-08-28 13:06:10,704 [ForkJoinPool.commonPool-worker-1] INFO  impl.PendingRequests (PendingRequests.java:sendNotLeaderResponses(202)) - 616243d7-d102-41c9-b140-524e964f60c9-PendingRequests: sendNotLeaderResponses
2019-08-28 13:06:10,704 [ForkJoinPool.commonPool-worker-1] INFO  impl.StateMachineUpdater (StateMachineUpdater.java:stopAndJoin(115)) - StateMachineUpdater:616243d7-d102-41c9-b140-524e964f60c9:group-C71B8805176D: set stopIndex = 0
2019-08-28 13:06:10,705 [ForkJoinPool.commonPool-worker-1] INFO  impl.RaftServerImpl (ServerState.java:close(394)) - 616243d7-d102-41c9-b140-524e964f60c9:group-C71B8805176D closes. The last applied log index is 0
2019-08-28 13:06:10,705 [616243d7-d102-41c9-b140-524e964f60c9-SegmentedRaftLogWorker:Storage Directory /workdir/hadoop-ozone/integration-test/target/test-dir/MiniOzoneClusterImpl-b4ee2db5-7e6f-4740-8562-f15ac3dbe928/datanode-2/data/ratis/1e691dc2-0c06-44a4-8f9a-c71b8805176d] INFO  segmented.SegmentedRaftLogWorker (SegmentedRaftLogWorker.java:run(313)) - 616243d7-d102-41c9-b140-524e964f60c9-SegmentedRaftLogWorker:Storage Directory /workdir/hadoop-ozone/integration-test/target/test-dir/MiniOzoneClusterImpl-b4ee2db5-7e6f-4740-8562-f15ac3dbe928/datanode-2/data/ratis/1e691dc2-0c06-44a4-8f9a-c71b8805176d was interrupted, exiting. There are 0 tasks remaining in the queue.
2019-08-28 13:06:10,708 [ForkJoinPool.commonPool-worker-1] INFO  segmented.SegmentedRaftLogWorker (SegmentedRaftLogWorker.java:close(228)) - 616243d7-d102-41c9-b140-524e964f60c9-SegmentedRaftLogWorker:Storage Directory /workdir/hadoop-ozone/integration-test/target/test-dir/MiniOzoneClusterImpl-b4ee2db5-7e6f-4740-8562-f15ac3dbe928/datanode-2/data/ratis/1e691dc2-0c06-44a4-8f9a-c71b8805176d close()
2019-08-28 13:06:10,711 [ForkJoinPool.commonPool-worker-1] INFO  impl.RaftServerImpl (RaftServerImpl.java:lambda$shutdown$3(245)) - 616243d7-d102-41c9-b140-524e964f60c9: shutdown group-9005F0D065FA
2019-08-28 13:06:10,711 [main] INFO  ozoneimpl.OzoneContainer (OzoneContainer.java:stop(199)) - Attempting to stop container services.
2019-08-28 13:06:10,711 [ForkJoinPool.commonPool-worker-1] INFO  util.JmxRegister (JmxRegister.java:unregister(73)) - Successfully un-registered JMX Bean with object name Ratis:service=RaftServer,group=group-9005F0D065FA,id=616243d7-d102-41c9-b140-524e964f60c9
2019-08-28 13:06:10,712 [main] INFO  impl.RaftServerProxy (RaftServerProxy.java:lambda$close$4(314)) - 32f88ad7-b496-4276-ae36-0c1df3bcd831: close
2019-08-28 13:06:10,712 [ForkJoinPool.commonPool-worker-1] INFO  impl.RoleInfo (RoleInfo.java:shutdownFollowerState(121)) - 616243d7-d102-41c9-b140-524e964f60c9: shutdown FollowerState
2019-08-28 13:06:10,712 [main] INFO  impl.RaftServerImpl (RaftServerImpl.java:lambda$shutdown$3(245)) - 32f88ad7-b496-4276-ae36-0c1df3bcd831: shutdown group-20D3D094F949
2019-08-28 13:06:10,713 [Thread-3587] INFO  impl.FollowerState (FollowerState.java:run(114)) - 616243d7-d102-41c9-b140-524e964f60c9: FollowerState was interrupted: java.lang.InterruptedException: sleep interrupted
2019-08-28 13:06:10,712 [StateMachineUpdater:616243d7-d102-41c9-b140-524e964f60c9:group-9005F0D065FA] INFO  ratis.ContainerStateMachine (ContainerStateMachine.java:takeSnapshot(283)) - group-9005F0D065FA: Taking a snapshot at:(t:1, i:14) file /workdir/hadoop-ozone/integration-test/target/test-dir/MiniOzoneClusterImpl-b4ee2db5-7e6f-4740-8562-f15ac3dbe928/datanode-2/data/ratis/29ae7ed1-1c86-446d-9f35-9005f0d065fa/sm/snapshot.1_14
2019-08-28 13:06:10,712 [ForkJoinPool.commonPool-worker-1] INFO  impl.StateMachineUpdater (StateMachineUpdater.java:stopAndJoin(115)) - StateMachineUpdater:616243d7-d102-41c9-b140-524e964f60c9:group-9005F0D065FA: set stopIndex = 16
2019-08-28 13:06:10,713 [main] INFO  util.JmxRegister (JmxRegister.java:unregister(73)) - Successfully un-registered JMX Bean with object name Ratis:service=RaftServer,group=group-20D3D094F949,id=32f88ad7-b496-4276-ae36-0c1df3bcd831
2019-08-28 13:06:10,714 [main] INFO  impl.RoleInfo (RoleInfo.java:shutdownLeaderState(104)) - 32f88ad7-b496-4276-ae36-0c1df3bcd831: shutdown LeaderState
2019-08-28 13:06:10,714 [main] INFO  impl.PendingRequests (PendingRequests.java:sendNotLeaderResponses(202)) - 32f88ad7-b496-4276-ae36-0c1df3bcd831-PendingRequests: sendNotLeaderResponses
2019-08-28 13:06:10,714 [main] INFO  impl.StateMachineUpdater (StateMachineUpdater.java:stopAndJoin(115)) - StateMachineUpdater:32f88ad7-b496-4276-ae36-0c1df3bcd831:group-20D3D094F949: set stopIndex = 0
2019-08-28 13:06:10,715 [main] INFO  impl.RaftServerImpl (ServerState.java:close(394)) - 32f88ad7-b496-4276-ae36-0c1df3bcd831:group-20D3D094F949 closes. The last applied log index is 0
2019-08-28 13:06:10,715 [32f88ad7-b496-4276-ae36-0c1df3bcd831-SegmentedRaftLogWorker:Storage Directory /workdir/hadoop-ozone/integration-test/target/test-dir/MiniOzoneClusterImpl-b4ee2db5-7e6f-4740-8562-f15ac3dbe928/datanode-3/data/ratis/c321b955-3e0b-4553-81d7-20d3d094f949] INFO  segmented.SegmentedRaftLogWorker (SegmentedRaftLogWorker.java:run(313)) - 32f88ad7-b496-4276-ae36-0c1df3bcd831-SegmentedRaftLogWorker:Storage Directory /workdir/hadoop-ozone/integration-test/target/test-dir/MiniOzoneClusterImpl-b4ee2db5-7e6f-4740-8562-f15ac3dbe928/datanode-3/data/ratis/c321b955-3e0b-4553-81d7-20d3d094f949 was interrupted, exiting. There are 0 tasks remaining in the queue.
2019-08-28 13:06:10,728 [main] INFO  segmented.SegmentedRaftLogWorker (SegmentedRaftLogWorker.java:close(228)) - 32f88ad7-b496-4276-ae36-0c1df3bcd831-SegmentedRaftLogWorker:Storage Directory /workdir/hadoop-ozone/integration-test/target/test-dir/MiniOzoneClusterImpl-b4ee2db5-7e6f-4740-8562-f15ac3dbe928/datanode-3/data/ratis/c321b955-3e0b-4553-81d7-20d3d094f949 close()
2019-08-28 13:06:10,731 [StateMachineUpdater:616243d7-d102-41c9-b140-524e964f60c9:group-9005F0D065FA] INFO  ratis.ContainerStateMachine (ContainerStateMachine.java:takeSnapshot(294)) - group-9005F0D065FA: Finished taking a snapshot at:(t:1, i:14) file:/workdir/hadoop-ozone/integration-test/target/test-dir/MiniOzoneClusterImpl-b4ee2db5-7e6f-4740-8562-f15ac3dbe928/datanode-2/data/ratis/29ae7ed1-1c86-446d-9f35-9005f0d065fa/sm/snapshot.1_14 time:16
2019-08-28 13:06:10,732 [main] INFO  impl.RaftServerImpl (RaftServerImpl.java:lambda$shutdown$3(245)) - 32f88ad7-b496-4276-ae36-0c1df3bcd831: shutdown group-39FDF2C5AA13
2019-08-28 13:06:10,732 [StateMachineUpdater:616243d7-d102-41c9-b140-524e964f60c9:group-9005F0D065FA] INFO  impl.StateMachineUpdater (StateMachineUpdater.java:takeSnapshot(242)) - StateMachineUpdater:616243d7-d102-41c9-b140-524e964f60c9:group-9005F0D065FA: Took a snapshot at index 14
2019-08-28 13:06:10,733 [main] INFO  util.JmxRegister (JmxRegister.java:unregister(73)) - Successfully un-registered JMX Bean with object name Ratis:service=RaftServer,group=group-39FDF2C5AA13,id=32f88ad7-b496-4276-ae36-0c1df3bcd831
2019-08-28 13:06:10,733 [StateMachineUpdater:616243d7-d102-41c9-b140-524e964f60c9:group-9005F0D065FA] INFO  impl.StateMachineUpdater (StateMachineUpdater.java:lambda$new$0(80)) - StateMachineUpdater:616243d7-d102-41c9-b140-524e964f60c9:group-9005F0D065FA: snapshotIndex: updateIncreasingly -1 -> 14
2019-08-28 13:06:10,733 [main] INFO  impl.RoleInfo (RoleInfo.java:shutdownFollowerState(121)) - 32f88ad7-b496-4276-ae36-0c1df3bcd831: shutdown FollowerState
2019-08-28 13:06:10,733 [ForkJoinPool.commonPool-worker-1] INFO  impl.RaftServerImpl (ServerState.java:close(394)) - 616243d7-d102-41c9-b140-524e964f60c9:group-9005F0D065FA closes. The last applied log index is 16
2019-08-28 13:06:10,733 [StateMachineUpdater:32f88ad7-b496-4276-ae36-0c1df3bcd831:group-39FDF2C5AA13] INFO  ratis.ContainerStateMachine (ContainerStateMachine.java:takeSnapshot(283)) - group-39FDF2C5AA13: Taking a snapshot at:(t:7, i:29) file /workdir/hadoop-ozone/integration-test/target/test-dir/MiniOzoneClusterImpl-b4ee2db5-7e6f-4740-8562-f15ac3dbe928/datanode-3/data/ratis/403ff206-adec-4fb5-a852-39fdf2c5aa13/sm/snapshot.7_29
2019-08-28 13:06:10,733 [main] INFO  impl.StateMachineUpdater (StateMachineUpdater.java:stopAndJoin(115)) - StateMachineUpdater:32f88ad7-b496-4276-ae36-0c1df3bcd831:group-39FDF2C5AA13: set stopIndex = 29
2019-08-28 13:06:10,734 [616243d7-d102-41c9-b140-524e964f60c9-SegmentedRaftLogWorker:Storage Directory /workdir/hadoop-ozone/integration-test/target/test-dir/MiniOzoneClusterImpl-b4ee2db5-7e6f-4740-8562-f15ac3dbe928/datanode-2/data/ratis/29ae7ed1-1c86-446d-9f35-9005f0d065fa] INFO  segmented.SegmentedRaftLogWorker (SegmentedRaftLogWorker.java:run(313)) - 616243d7-d102-41c9-b140-524e964f60c9-SegmentedRaftLogWorker:Storage Directory /workdir/hadoop-ozone/integration-test/target/test-dir/MiniOzoneClusterImpl-b4ee2db5-7e6f-4740-8562-f15ac3dbe928/datanode-2/data/ratis/29ae7ed1-1c86-446d-9f35-9005f0d065fa was interrupted, exiting. There are 0 tasks remaining in the queue.
2019-08-28 13:06:10,734 [Thread-3739] INFO  impl.FollowerState (FollowerState.java:run(114)) - 32f88ad7-b496-4276-ae36-0c1df3bcd831: FollowerState was interrupted: java.lang.InterruptedException: sleep interrupted
2019-08-28 13:06:10,737 [ForkJoinPool.commonPool-worker-1] INFO  segmented.SegmentedRaftLogWorker (SegmentedRaftLogWorker.java:close(228)) - 616243d7-d102-41c9-b140-524e964f60c9-SegmentedRaftLogWorker:Storage Directory /workdir/hadoop-ozone/integration-test/target/test-dir/MiniOzoneClusterImpl-b4ee2db5-7e6f-4740-8562-f15ac3dbe928/datanode-2/data/ratis/29ae7ed1-1c86-446d-9f35-9005f0d065fa close()
2019-08-28 13:06:10,740 [ForkJoinPool.commonPool-worker-1] INFO  server.GrpcService (GrpcService.java:closeImpl(155)) - 616243d7-d102-41c9-b140-524e964f60c9: shutdown server with port 42317 now
2019-08-28 13:06:10,740 [ForkJoinPool.commonPool-worker-1] INFO  server.GrpcService (GrpcService.java:closeImpl(163)) - 616243d7-d102-41c9-b140-524e964f60c9: shutdown server with port 42317 successfully
2019-08-28 13:06:10,742 [ForkJoinPool.commonPool-worker-1] INFO  utils.BackgroundService (BackgroundService.java:shutdown(148)) - Shutting down service BlockDeletingService
2019-08-28 13:06:10,743 [refreshUsed-/workdir/hadoop-ozone/integration-test/target/test-dir/MiniOzoneClusterImpl-b4ee2db5-7e6f-4740-8562-f15ac3dbe928/datanode-2/data/containers] WARN  fs.CachingGetSpaceUsed (CachingGetSpaceUsed.java:run(183)) - Thread Interrupted waiting to refresh disk information: sleep interrupted
2019-08-28 13:06:10,762 [ForkJoinPool.commonPool-worker-1] INFO  statemachine.DatanodeStateMachine (DatanodeStateMachine.java:stopDaemon(395)) - Ozone container server stopped.
2019-08-28 13:06:10,762 [StateMachineUpdater:32f88ad7-b496-4276-ae36-0c1df3bcd831:group-39FDF2C5AA13] INFO  ratis.ContainerStateMachine (ContainerStateMachine.java:takeSnapshot(294)) - group-39FDF2C5AA13: Finished taking a snapshot at:(t:7, i:29) file:/workdir/hadoop-ozone/integration-test/target/test-dir/MiniOzoneClusterImpl-b4ee2db5-7e6f-4740-8562-f15ac3dbe928/datanode-3/data/ratis/403ff206-adec-4fb5-a852-39fdf2c5aa13/sm/snapshot.7_29 time:28
2019-08-28 13:06:10,764 [StateMachineUpdater:32f88ad7-b496-4276-ae36-0c1df3bcd831:group-39FDF2C5AA13] INFO  impl.StateMachineUpdater (StateMachineUpdater.java:takeSnapshot(242)) - StateMachineUpdater:32f88ad7-b496-4276-ae36-0c1df3bcd831:group-39FDF2C5AA13: Took a snapshot at index 29
2019-08-28 13:06:10,764 [StateMachineUpdater:32f88ad7-b496-4276-ae36-0c1df3bcd831:group-39FDF2C5AA13] INFO  impl.StateMachineUpdater (StateMachineUpdater.java:lambda$new$0(80)) - StateMachineUpdater:32f88ad7-b496-4276-ae36-0c1df3bcd831:group-39FDF2C5AA13: snapshotIndex: updateIncreasingly -1 -> 29
2019-08-28 13:06:10,765 [main] INFO  impl.RaftServerImpl (ServerState.java:close(394)) - 32f88ad7-b496-4276-ae36-0c1df3bcd831:group-39FDF2C5AA13 closes. The last applied log index is 29
2019-08-28 13:06:10,767 [ForkJoinPool.commonPool-worker-1] INFO  handler.ContextHandler (ContextHandler.java:doStop(910)) - Stopped o.e.j.w.WebAppContext@13a35d3b{/,null,UNAVAILABLE}{/hddsDatanode}
2019-08-28 13:06:10,767 [32f88ad7-b496-4276-ae36-0c1df3bcd831-SegmentedRaftLogWorker:Storage Directory /workdir/hadoop-ozone/integration-test/target/test-dir/MiniOzoneClusterImpl-b4ee2db5-7e6f-4740-8562-f15ac3dbe928/datanode-3/data/ratis/403ff206-adec-4fb5-a852-39fdf2c5aa13] INFO  segmented.SegmentedRaftLogWorker (SegmentedRaftLogWorker.java:run(313)) - 32f88ad7-b496-4276-ae36-0c1df3bcd831-SegmentedRaftLogWorker:Storage Directory /workdir/hadoop-ozone/integration-test/target/test-dir/MiniOzoneClusterImpl-b4ee2db5-7e6f-4740-8562-f15ac3dbe928/datanode-3/data/ratis/403ff206-adec-4fb5-a852-39fdf2c5aa13 was interrupted, exiting. There are 0 tasks remaining in the queue.
2019-08-28 13:06:10,769 [main] INFO  segmented.SegmentedRaftLogWorker (SegmentedRaftLogWorker.java:close(228)) - 32f88ad7-b496-4276-ae36-0c1df3bcd831-SegmentedRaftLogWorker:Storage Directory /workdir/hadoop-ozone/integration-test/target/test-dir/MiniOzoneClusterImpl-b4ee2db5-7e6f-4740-8562-f15ac3dbe928/datanode-3/data/ratis/403ff206-adec-4fb5-a852-39fdf2c5aa13 close()
2019-08-28 13:06:10,769 [ForkJoinPool.commonPool-worker-1] INFO  server.AbstractConnector (AbstractConnector.java:doStop(318)) - Stopped ServerConnector@1cd93693{HTTP/1.1,[http/1.1]}{0.0.0.0:0}
2019-08-28 13:06:10,775 [main] INFO  server.GrpcService (GrpcService.java:closeImpl(155)) - 32f88ad7-b496-4276-ae36-0c1df3bcd831: shutdown server with port 34128 now
2019-08-28 13:06:10,776 [ForkJoinPool.commonPool-worker-1] INFO  handler.ContextHandler (ContextHandler.java:doStop(910)) - Stopped o.e.j.s.ServletContextHandler@1c63b39a{/static,jar:file:/home/user/.m2/repository/org/apache/hadoop/hadoop-hdds-container-service/0.5.0-SNAPSHOT/hadoop-hdds-container-service-0.5.0-SNAPSHOT.jar!/webapps/static,UNAVAILABLE}
2019-08-28 13:06:10,777 [main] INFO  server.GrpcService (GrpcService.java:closeImpl(163)) - 32f88ad7-b496-4276-ae36-0c1df3bcd831: shutdown server with port 34128 successfully
2019-08-28 13:06:10,778 [ForkJoinPool.commonPool-worker-1] INFO  handler.ContextHandler (ContextHandler.java:doStop(910)) - Stopped o.e.j.s.ServletContextHandler@50177966{/logs,file:///workdir/hadoop-ozone/integration-test/target/log,UNAVAILABLE}
2019-08-28 13:06:10,780 [main] INFO  utils.BackgroundService (BackgroundService.java:shutdown(148)) - Shutting down service BlockDeletingService
2019-08-28 13:06:10,781 [ForkJoinPool.commonPool-worker-1] INFO  datanode.ObjectStoreHandler (ObjectStoreHandler.java:close(155)) - Closing ObjectStoreHandler.
2019-08-28 13:06:10,781 [ForkJoinPool.commonPool-worker-1] INFO  ozone.HddsDatanodeService (HddsDatanodeService.java:stop(451)) - Stopped plug-in org.apache.hadoop.ozone.web.OzoneHddsDatanodeService@2df0a4c3
2019-08-28 13:06:10,781 [refreshUsed-/workdir/hadoop-ozone/integration-test/target/test-dir/MiniOzoneClusterImpl-b4ee2db5-7e6f-4740-8562-f15ac3dbe928/datanode-3/data/containers] WARN  fs.CachingGetSpaceUsed (CachingGetSpaceUsed.java:run(183)) - Thread Interrupted waiting to refresh disk information: sleep interrupted
2019-08-28 13:06:10,804 [main] INFO  statemachine.DatanodeStateMachine (DatanodeStateMachine.java:stopDaemon(395)) - Ozone container server stopped.
2019-08-28 13:06:10,805 [main] INFO  handler.ContextHandler (ContextHandler.java:doStop(910)) - Stopped o.e.j.w.WebAppContext@3217e970{/,null,UNAVAILABLE}{/hddsDatanode}
2019-08-28 13:06:10,806 [main] INFO  server.AbstractConnector (AbstractConnector.java:doStop(318)) - Stopped ServerConnector@6d0d5147{HTTP/1.1,[http/1.1]}{0.0.0.0:0}
2019-08-28 13:06:10,806 [main] INFO  handler.ContextHandler (ContextHandler.java:doStop(910)) - Stopped o.e.j.s.ServletContextHandler@25bfc558{/static,jar:file:/home/user/.m2/repository/org/apache/hadoop/hadoop-hdds-container-service/0.5.0-SNAPSHOT/hadoop-hdds-container-service-0.5.0-SNAPSHOT.jar!/webapps/static,UNAVAILABLE}
2019-08-28 13:06:10,807 [main] INFO  handler.ContextHandler (ContextHandler.java:doStop(910)) - Stopped o.e.j.s.ServletContextHandler@3c48bbf3{/logs,file:///workdir/hadoop-ozone/integration-test/target/log,UNAVAILABLE}
2019-08-28 13:06:10,808 [main] INFO  datanode.ObjectStoreHandler (ObjectStoreHandler.java:close(155)) - Closing ObjectStoreHandler.
2019-08-28 13:06:10,808 [main] INFO  ozone.HddsDatanodeService (HddsDatanodeService.java:stop(451)) - Stopped plug-in org.apache.hadoop.ozone.web.OzoneHddsDatanodeService@1a8042a5
2019-08-28 13:06:11,056 [Datanode State Machine Thread - 0] INFO  statemachine.DatanodeStateMachine (DatanodeStateMachine.java:lambda$startDaemon$0(350)) - Ozone container server started.
2019-08-28 13:06:11,359 [Datanode State Machine Thread - 0] INFO  statemachine.DatanodeStateMachine (DatanodeStateMachine.java:lambda$startDaemon$0(350)) - Ozone container server started.
2019-08-28 13:06:12,121 [Thread-3586] INFO  impl.FollowerState (FollowerState.java:run(106)) - 59fb5bc9-2d90-422e-bf68-b67547f31f06:group-9005F0D065FA changes to CANDIDATE, lastRpcTime:6553, electionTimeout:5101ms
2019-08-28 13:06:12,122 [Thread-3586] INFO  impl.RoleInfo (RoleInfo.java:shutdownFollowerState(121)) - 59fb5bc9-2d90-422e-bf68-b67547f31f06: shutdown FollowerState
2019-08-28 13:06:12,122 [Thread-3586] INFO  impl.RaftServerImpl (RaftServerImpl.java:setRole(171)) - 59fb5bc9-2d90-422e-bf68-b67547f31f06:group-9005F0D065FA changes role from FOLLOWER to CANDIDATE at term 1 for changeToCandidate
2019-08-28 13:06:12,122 [Thread-3586] INFO  impl.RoleInfo (RoleInfo.java:updateAndGet(143)) - 59fb5bc9-2d90-422e-bf68-b67547f31f06: start LeaderElection
2019-08-28 13:06:12,122 [59fb5bc9-2d90-422e-bf68-b67547f31f06:group-9005F0D065FA:LeaderElection87] INFO  impl.RaftServerImpl (ServerState.java:setLeader(263)) - 59fb5bc9-2d90-422e-bf68-b67547f31f06:group-9005F0D065FA change Leader from 824628d9-e5f8-4fcc-92ac-3dee9636940c to null at term 1 for initElection
2019-08-28 13:06:12,146 [59fb5bc9-2d90-422e-bf68-b67547f31f06:group-9005F0D065FA:LeaderElection87] INFO  impl.LeaderElection (LeaderElection.java:askForVotes(181)) - 59fb5bc9-2d90-422e-bf68-b67547f31f06:group-9005F0D065FA:LeaderElection87: begin an election at term 2 for 0: [59fb5bc9-2d90-422e-bf68-b67547f31f06:192.168.69.80:43968, 616243d7-d102-41c9-b140-524e964f60c9:192.168.69.80:42317, 824628d9-e5f8-4fcc-92ac-3dee9636940c:192.168.69.80:38364], old=null
2019-08-28 13:06:12,148 [59fb5bc9-2d90-422e-bf68-b67547f31f06:group-9005F0D065FA:LeaderElection87] INFO  impl.LeaderElection (LogUtils.java:infoOrTrace(149)) - 59fb5bc9-2d90-422e-bf68-b67547f31f06:group-9005F0D065FA:LeaderElection87 got exception when requesting votes: {}
java.util.concurrent.ExecutionException: org.apache.ratis.thirdparty.io.grpc.StatusRuntimeException: UNAVAILABLE: io exception
	at java.util.concurrent.FutureTask.report(FutureTask.java:122)
	at java.util.concurrent.FutureTask.get(FutureTask.java:192)
	at org.apache.ratis.server.impl.LeaderElection.waitForResults(LeaderElection.java:262)
	at org.apache.ratis.server.impl.LeaderElection.askForVotes(LeaderElection.java:200)
	at org.apache.ratis.server.impl.LeaderElection.run(LeaderElection.java:130)
	at java.lang.Thread.run(Thread.java:748)
Caused by: org.apache.ratis.thirdparty.io.grpc.StatusRuntimeException: UNAVAILABLE: io exception
	at org.apache.ratis.thirdparty.io.grpc.stub.ClientCalls.toStatusRuntimeException(ClientCalls.java:233)
	at org.apache.ratis.thirdparty.io.grpc.stub.ClientCalls.getUnchecked(ClientCalls.java:214)
	at org.apache.ratis.thirdparty.io.grpc.stub.ClientCalls.blockingUnaryCall(ClientCalls.java:139)
	at org.apache.ratis.proto.grpc.RaftServerProtocolServiceGrpc$RaftServerProtocolServiceBlockingStub.requestVote(RaftServerProtocolServiceGrpc.java:265)
	at org.apache.ratis.grpc.server.GrpcServerProtocolClient.requestVote(GrpcServerProtocolClient.java:83)
	at org.apache.ratis.grpc.server.GrpcService.requestVote(GrpcService.java:195)
	at org.apache.ratis.server.impl.LeaderElection.lambda$submitRequests$1(LeaderElection.java:237)
	at java.util.concurrent.FutureTask.run(FutureTask.java:266)
	at java.util.concurrent.Executors$RunnableAdapter.call(Executors.java:511)
	at java.util.concurrent.FutureTask.run(FutureTask.java:266)
	at java.util.concurrent.ThreadPoolExecutor.runWorker(ThreadPoolExecutor.java:1149)
	at java.util.concurrent.ThreadPoolExecutor$Worker.run(ThreadPoolExecutor.java:624)
	... 1 more
Caused by: org.apache.ratis.thirdparty.io.netty.channel.AbstractChannel$AnnotatedConnectException: Connection refused: /192.168.69.80:42317
	at sun.nio.ch.SocketChannelImpl.checkConnect(Native Method)
	at sun.nio.ch.SocketChannelImpl.finishConnect(SocketChannelImpl.java:717)
	at org.apache.ratis.thirdparty.io.netty.channel.socket.nio.NioSocketChannel.doFinishConnect(NioSocketChannel.java:327)
	at org.apache.ratis.thirdparty.io.netty.channel.nio.AbstractNioChannel$AbstractNioUnsafe.finishConnect(AbstractNioChannel.java:340)
	at org.apache.ratis.thirdparty.io.netty.channel.nio.NioEventLoop.processSelectedKey(NioEventLoop.java:632)
	at org.apache.ratis.thirdparty.io.netty.channel.nio.NioEventLoop.processSelectedKeysOptimized(NioEventLoop.java:579)
	at org.apache.ratis.thirdparty.io.netty.channel.nio.NioEventLoop.processSelectedKeys(NioEventLoop.java:496)
	at org.apache.ratis.thirdparty.io.netty.channel.nio.NioEventLoop.run(NioEventLoop.java:458)
	at org.apache.ratis.thirdparty.io.netty.util.concurrent.SingleThreadEventExecutor$5.run(SingleThreadEventExecutor.java:897)
	at org.apache.ratis.thirdparty.io.netty.util.concurrent.FastThreadLocalRunnable.run(FastThreadLocalRunnable.java:30)
	... 1 more
Caused by: java.net.ConnectException: Connection refused
	... 11 more
2019-08-28 13:06:12,151 [59fb5bc9-2d90-422e-bf68-b67547f31f06:group-9005F0D065FA:LeaderElection87] INFO  impl.LeaderElection (LogUtils.java:infoOrTrace(149)) - 59fb5bc9-2d90-422e-bf68-b67547f31f06:group-9005F0D065FA:LeaderElection87 got exception when requesting votes: {}
java.util.concurrent.ExecutionException: org.apache.ratis.thirdparty.io.grpc.StatusRuntimeException: UNAVAILABLE: io exception
	at java.util.concurrent.FutureTask.report(FutureTask.java:122)
	at java.util.concurrent.FutureTask.get(FutureTask.java:192)
	at org.apache.ratis.server.impl.LeaderElection.waitForResults(LeaderElection.java:262)
	at org.apache.ratis.server.impl.LeaderElection.askForVotes(LeaderElection.java:200)
	at org.apache.ratis.server.impl.LeaderElection.run(LeaderElection.java:130)
	at java.lang.Thread.run(Thread.java:748)
Caused by: org.apache.ratis.thirdparty.io.grpc.StatusRuntimeException: UNAVAILABLE: io exception
	at org.apache.ratis.thirdparty.io.grpc.stub.ClientCalls.toStatusRuntimeException(ClientCalls.java:233)
	at org.apache.ratis.thirdparty.io.grpc.stub.ClientCalls.getUnchecked(ClientCalls.java:214)
	at org.apache.ratis.thirdparty.io.grpc.stub.ClientCalls.blockingUnaryCall(ClientCalls.java:139)
	at org.apache.ratis.proto.grpc.RaftServerProtocolServiceGrpc$RaftServerProtocolServiceBlockingStub.requestVote(RaftServerProtocolServiceGrpc.java:265)
	at org.apache.ratis.grpc.server.GrpcServerProtocolClient.requestVote(GrpcServerProtocolClient.java:83)
	at org.apache.ratis.grpc.server.GrpcService.requestVote(GrpcService.java:195)
	at org.apache.ratis.server.impl.LeaderElection.lambda$submitRequests$1(LeaderElection.java:237)
	at java.util.concurrent.FutureTask.run(FutureTask.java:266)
	at java.util.concurrent.Executors$RunnableAdapter.call(Executors.java:511)
	at java.util.concurrent.FutureTask.run(FutureTask.java:266)
	at java.util.concurrent.ThreadPoolExecutor.runWorker(ThreadPoolExecutor.java:1149)
	at java.util.concurrent.ThreadPoolExecutor$Worker.run(ThreadPoolExecutor.java:624)
	... 1 more
Caused by: org.apache.ratis.thirdparty.io.netty.channel.AbstractChannel$AnnotatedConnectException: Connection refused: /192.168.69.80:38364
	at sun.nio.ch.SocketChannelImpl.checkConnect(Native Method)
	at sun.nio.ch.SocketChannelImpl.finishConnect(SocketChannelImpl.java:717)
	at org.apache.ratis.thirdparty.io.netty.channel.socket.nio.NioSocketChannel.doFinishConnect(NioSocketChannel.java:327)
	at org.apache.ratis.thirdparty.io.netty.channel.nio.AbstractNioChannel$AbstractNioUnsafe.finishConnect(AbstractNioChannel.java:340)
	at org.apache.ratis.thirdparty.io.netty.channel.nio.NioEventLoop.processSelectedKey(NioEventLoop.java:632)
	at org.apache.ratis.thirdparty.io.netty.channel.nio.NioEventLoop.processSelectedKeysOptimized(NioEventLoop.java:579)
	at org.apache.ratis.thirdparty.io.netty.channel.nio.NioEventLoop.processSelectedKeys(NioEventLoop.java:496)
	at org.apache.ratis.thirdparty.io.netty.channel.nio.NioEventLoop.run(NioEventLoop.java:458)
	at org.apache.ratis.thirdparty.io.netty.util.concurrent.SingleThreadEventExecutor$5.run(SingleThreadEventExecutor.java:897)
	at org.apache.ratis.thirdparty.io.netty.util.concurrent.FastThreadLocalRunnable.run(FastThreadLocalRunnable.java:30)
	... 1 more
Caused by: java.net.ConnectException: Connection refused
	... 11 more
2019-08-28 13:06:12,152 [59fb5bc9-2d90-422e-bf68-b67547f31f06:group-9005F0D065FA:LeaderElection87] INFO  impl.LeaderElection (LeaderElection.java:logAndReturn(56)) - 59fb5bc9-2d90-422e-bf68-b67547f31f06:group-9005F0D065FA:LeaderElection87: Election REJECTED; received 0 response(s) [] and 2 exception(s); 59fb5bc9-2d90-422e-bf68-b67547f31f06:t2, leader=null, voted=59fb5bc9-2d90-422e-bf68-b67547f31f06, raftlog=59fb5bc9-2d90-422e-bf68-b67547f31f06-SegmentedRaftLog:OPENED:c16,f16,i16, conf=0: [59fb5bc9-2d90-422e-bf68-b67547f31f06:192.168.69.80:43968, 616243d7-d102-41c9-b140-524e964f60c9:192.168.69.80:42317, 824628d9-e5f8-4fcc-92ac-3dee9636940c:192.168.69.80:38364], old=null
2019-08-28 13:06:12,153 [59fb5bc9-2d90-422e-bf68-b67547f31f06:group-9005F0D065FA:LeaderElection87] INFO  impl.LeaderElection (LogUtils.java:infoOrTrace(149)) -   Exception 0: {}
java.util.concurrent.ExecutionException: org.apache.ratis.thirdparty.io.grpc.StatusRuntimeException: UNAVAILABLE: io exception
	at java.util.concurrent.FutureTask.report(FutureTask.java:122)
	at java.util.concurrent.FutureTask.get(FutureTask.java:192)
	at org.apache.ratis.server.impl.LeaderElection.waitForResults(LeaderElection.java:262)
	at org.apache.ratis.server.impl.LeaderElection.askForVotes(LeaderElection.java:200)
	at org.apache.ratis.server.impl.LeaderElection.run(LeaderElection.java:130)
	at java.lang.Thread.run(Thread.java:748)
Caused by: org.apache.ratis.thirdparty.io.grpc.StatusRuntimeException: UNAVAILABLE: io exception
	at org.apache.ratis.thirdparty.io.grpc.stub.ClientCalls.toStatusRuntimeException(ClientCalls.java:233)
	at org.apache.ratis.thirdparty.io.grpc.stub.ClientCalls.getUnchecked(ClientCalls.java:214)
	at org.apache.ratis.thirdparty.io.grpc.stub.ClientCalls.blockingUnaryCall(ClientCalls.java:139)
	at org.apache.ratis.proto.grpc.RaftServerProtocolServiceGrpc$RaftServerProtocolServiceBlockingStub.requestVote(RaftServerProtocolServiceGrpc.java:265)
	at org.apache.ratis.grpc.server.GrpcServerProtocolClient.requestVote(GrpcServerProtocolClient.java:83)
	at org.apache.ratis.grpc.server.GrpcService.requestVote(GrpcService.java:195)
	at org.apache.ratis.server.impl.LeaderElection.lambda$submitRequests$1(LeaderElection.java:237)
	at java.util.concurrent.FutureTask.run(FutureTask.java:266)
	at java.util.concurrent.Executors$RunnableAdapter.call(Executors.java:511)
	at java.util.concurrent.FutureTask.run(FutureTask.java:266)
	at java.util.concurrent.ThreadPoolExecutor.runWorker(ThreadPoolExecutor.java:1149)
	at java.util.concurrent.ThreadPoolExecutor$Worker.run(ThreadPoolExecutor.java:624)
	... 1 more
Caused by: org.apache.ratis.thirdparty.io.netty.channel.AbstractChannel$AnnotatedConnectException: Connection refused: /192.168.69.80:42317
	at sun.nio.ch.SocketChannelImpl.checkConnect(Native Method)
	at sun.nio.ch.SocketChannelImpl.finishConnect(SocketChannelImpl.java:717)
	at org.apache.ratis.thirdparty.io.netty.channel.socket.nio.NioSocketChannel.doFinishConnect(NioSocketChannel.java:327)
	at org.apache.ratis.thirdparty.io.netty.channel.nio.AbstractNioChannel$AbstractNioUnsafe.finishConnect(AbstractNioChannel.java:340)
	at org.apache.ratis.thirdparty.io.netty.channel.nio.NioEventLoop.processSelectedKey(NioEventLoop.java:632)
	at org.apache.ratis.thirdparty.io.netty.channel.nio.NioEventLoop.processSelectedKeysOptimized(NioEventLoop.java:579)
	at org.apache.ratis.thirdparty.io.netty.channel.nio.NioEventLoop.processSelectedKeys(NioEventLoop.java:496)
	at org.apache.ratis.thirdparty.io.netty.channel.nio.NioEventLoop.run(NioEventLoop.java:458)
	at org.apache.ratis.thirdparty.io.netty.util.concurrent.SingleThreadEventExecutor$5.run(SingleThreadEventExecutor.java:897)
	at org.apache.ratis.thirdparty.io.netty.util.concurrent.FastThreadLocalRunnable.run(FastThreadLocalRunnable.java:30)
	... 1 more
Caused by: java.net.ConnectException: Connection refused
	... 11 more
2019-08-28 13:06:12,153 [59fb5bc9-2d90-422e-bf68-b67547f31f06:group-9005F0D065FA:LeaderElection87] INFO  impl.LeaderElection (LogUtils.java:infoOrTrace(149)) -   Exception 1: {}
java.util.concurrent.ExecutionException: org.apache.ratis.thirdparty.io.grpc.StatusRuntimeException: UNAVAILABLE: io exception
	at java.util.concurrent.FutureTask.report(FutureTask.java:122)
	at java.util.concurrent.FutureTask.get(FutureTask.java:192)
	at org.apache.ratis.server.impl.LeaderElection.waitForResults(LeaderElection.java:262)
	at org.apache.ratis.server.impl.LeaderElection.askForVotes(LeaderElection.java:200)
	at org.apache.ratis.server.impl.LeaderElection.run(LeaderElection.java:130)
	at java.lang.Thread.run(Thread.java:748)
Caused by: org.apache.ratis.thirdparty.io.grpc.StatusRuntimeException: UNAVAILABLE: io exception
	at org.apache.ratis.thirdparty.io.grpc.stub.ClientCalls.toStatusRuntimeException(ClientCalls.java:233)
	at org.apache.ratis.thirdparty.io.grpc.stub.ClientCalls.getUnchecked(ClientCalls.java:214)
	at org.apache.ratis.thirdparty.io.grpc.stub.ClientCalls.blockingUnaryCall(ClientCalls.java:139)
	at org.apache.ratis.proto.grpc.RaftServerProtocolServiceGrpc$RaftServerProtocolServiceBlockingStub.requestVote(RaftServerProtocolServiceGrpc.java:265)
	at org.apache.ratis.grpc.server.GrpcServerProtocolClient.requestVote(GrpcServerProtocolClient.java:83)
	at org.apache.ratis.grpc.server.GrpcService.requestVote(GrpcService.java:195)
	at org.apache.ratis.server.impl.LeaderElection.lambda$submitRequests$1(LeaderElection.java:237)
	at java.util.concurrent.FutureTask.run(FutureTask.java:266)
	at java.util.concurrent.Executors$RunnableAdapter.call(Executors.java:511)
	at java.util.concurrent.FutureTask.run(FutureTask.java:266)
	at java.util.concurrent.ThreadPoolExecutor.runWorker(ThreadPoolExecutor.java:1149)
	at java.util.concurrent.ThreadPoolExecutor$Worker.run(ThreadPoolExecutor.java:624)
	... 1 more
Caused by: org.apache.ratis.thirdparty.io.netty.channel.AbstractChannel$AnnotatedConnectException: Connection refused: /192.168.69.80:38364
	at sun.nio.ch.SocketChannelImpl.checkConnect(Native Method)
	at sun.nio.ch.SocketChannelImpl.finishConnect(SocketChannelImpl.java:717)
	at org.apache.ratis.thirdparty.io.netty.channel.socket.nio.NioSocketChannel.doFinishConnect(NioSocketChannel.java:327)
	at org.apache.ratis.thirdparty.io.netty.channel.nio.AbstractNioChannel$AbstractNioUnsafe.finishConnect(AbstractNioChannel.java:340)
	at org.apache.ratis.thirdparty.io.netty.channel.nio.NioEventLoop.processSelectedKey(NioEventLoop.java:632)
	at org.apache.ratis.thirdparty.io.netty.channel.nio.NioEventLoop.processSelectedKeysOptimized(NioEventLoop.java:579)
	at org.apache.ratis.thirdparty.io.netty.channel.nio.NioEventLoop.processSelectedKeys(NioEventLoop.java:496)
	at org.apache.ratis.thirdparty.io.netty.channel.nio.NioEventLoop.run(NioEventLoop.java:458)
	at org.apache.ratis.thirdparty.io.netty.util.concurrent.SingleThreadEventExecutor$5.run(SingleThreadEventExecutor.java:897)
	at org.apache.ratis.thirdparty.io.netty.util.concurrent.FastThreadLocalRunnable.run(FastThreadLocalRunnable.java:30)
	... 1 more
Caused by: java.net.ConnectException: Connection refused
	... 11 more
2019-08-28 13:06:12,153 [59fb5bc9-2d90-422e-bf68-b67547f31f06:group-9005F0D065FA:LeaderElection87] INFO  impl.RaftServerImpl (RaftServerImpl.java:setRole(171)) - 59fb5bc9-2d90-422e-bf68-b67547f31f06:group-9005F0D065FA changes role from CANDIDATE to FOLLOWER at term 2 for DISCOVERED_A_NEW_TERM
2019-08-28 13:06:12,153 [59fb5bc9-2d90-422e-bf68-b67547f31f06:group-9005F0D065FA:LeaderElection87] INFO  impl.RoleInfo (RoleInfo.java:shutdownLeaderElection(134)) - 59fb5bc9-2d90-422e-bf68-b67547f31f06: shutdown LeaderElection
2019-08-28 13:06:12,153 [59fb5bc9-2d90-422e-bf68-b67547f31f06:group-9005F0D065FA:LeaderElection87] INFO  impl.RoleInfo (RoleInfo.java:updateAndGet(143)) - 59fb5bc9-2d90-422e-bf68-b67547f31f06: start FollowerState
2019-08-28 13:06:15,111 [EventQueue-StaleNodeForStaleNodeHandler] INFO  node.StaleNodeHandler (StaleNodeHandler.java:onMessage(58)) - Datanode 6473d7a6-d5fa-4090-bf30-ee1350d7f475{ip: 192.168.69.80, host: pr-hdds-2030-bfh46-3754461772, networkLocation: /default-rack, certSerialId: null} moved to stale state. Finalizing its pipelines [PipelineID=fbdec8b6-e1df-48e0-8779-6c0db0d3bb6d]
2019-08-28 13:06:15,111 [EventQueue-StaleNodeForStaleNodeHandler] INFO  pipeline.SCMPipelineManager (SCMPipelineManager.java:finalizeAndDestroyPipeline(309)) - destroying pipeline:Pipeline[ Id: fbdec8b6-e1df-48e0-8779-6c0db0d3bb6d, Nodes: 6473d7a6-d5fa-4090-bf30-ee1350d7f475{ip: 192.168.69.80, host: pr-hdds-2030-bfh46-3754461772, networkLocation: /default-rack, certSerialId: null}, Type:RATIS, Factor:ONE, State:OPEN]
2019-08-28 13:06:15,111 [EventQueue-StaleNodeForStaleNodeHandler] INFO  pipeline.PipelineStateManager (PipelineStateManager.java:finalizePipeline(123)) - Pipeline Pipeline[ Id: fbdec8b6-e1df-48e0-8779-6c0db0d3bb6d, Nodes: 6473d7a6-d5fa-4090-bf30-ee1350d7f475{ip: 192.168.69.80, host: pr-hdds-2030-bfh46-3754461772, networkLocation: /default-rack, certSerialId: null}, Type:RATIS, Factor:ONE, State:CLOSED] moved to CLOSED state
2019-08-28 13:06:15,411 [EventQueue-StaleNodeForStaleNodeHandler] INFO  node.StaleNodeHandler (StaleNodeHandler.java:onMessage(58)) - Datanode 59fb5bc9-2d90-422e-bf68-b67547f31f06{ip: 192.168.69.80, host: pr-hdds-2030-bfh46-3754461772, networkLocation: /default-rack, certSerialId: null} moved to stale state. Finalizing its pipelines [PipelineID=9cac31d3-ece6-4740-ab7b-44d7ce82a5d9, PipelineID=29ae7ed1-1c86-446d-9f35-9005f0d065fa]
2019-08-28 13:06:15,411 [EventQueue-StaleNodeForStaleNodeHandler] INFO  pipeline.SCMPipelineManager (SCMPipelineManager.java:finalizeAndDestroyPipeline(309)) - destroying pipeline:Pipeline[ Id: 9cac31d3-ece6-4740-ab7b-44d7ce82a5d9, Nodes: 59fb5bc9-2d90-422e-bf68-b67547f31f06{ip: 192.168.69.80, host: pr-hdds-2030-bfh46-3754461772, networkLocation: /default-rack, certSerialId: null}, Type:RATIS, Factor:ONE, State:OPEN]
2019-08-28 13:06:15,412 [EventQueue-StaleNodeForStaleNodeHandler] INFO  pipeline.PipelineStateManager (PipelineStateManager.java:finalizePipeline(123)) - Pipeline Pipeline[ Id: 9cac31d3-ece6-4740-ab7b-44d7ce82a5d9, Nodes: 59fb5bc9-2d90-422e-bf68-b67547f31f06{ip: 192.168.69.80, host: pr-hdds-2030-bfh46-3754461772, networkLocation: /default-rack, certSerialId: null}, Type:RATIS, Factor:ONE, State:CLOSED] moved to CLOSED state
2019-08-28 13:06:15,412 [EventQueue-StaleNodeForStaleNodeHandler] INFO  pipeline.SCMPipelineManager (SCMPipelineManager.java:finalizeAndDestroyPipeline(309)) - destroying pipeline:Pipeline[ Id: 29ae7ed1-1c86-446d-9f35-9005f0d065fa, Nodes: 824628d9-e5f8-4fcc-92ac-3dee9636940c{ip: 192.168.69.80, host: pr-hdds-2030-bfh46-3754461772, networkLocation: /default-rack, certSerialId: null}59fb5bc9-2d90-422e-bf68-b67547f31f06{ip: 192.168.69.80, host: pr-hdds-2030-bfh46-3754461772, networkLocation: /default-rack, certSerialId: null}616243d7-d102-41c9-b140-524e964f60c9{ip: 192.168.69.80, host: pr-hdds-2030-bfh46-3754461772, networkLocation: /default-rack, certSerialId: null}, Type:RATIS, Factor:THREE, State:CLOSED]
2019-08-28 13:06:15,782 [ForkJoinPool.commonPool-worker-1] INFO  ozoneimpl.OzoneContainer (OzoneContainer.java:stop(199)) - Attempting to stop container services.
2019-08-28 13:06:15,783 [ForkJoinPool.commonPool-worker-1] INFO  impl.RaftServerProxy (RaftServerProxy.java:lambda$close$4(314)) - 59fb5bc9-2d90-422e-bf68-b67547f31f06: close
2019-08-28 13:06:15,783 [ForkJoinPool.commonPool-worker-1] INFO  impl.RaftServerImpl (RaftServerImpl.java:lambda$shutdown$3(245)) - 59fb5bc9-2d90-422e-bf68-b67547f31f06: shutdown group-44D7CE82A5D9
2019-08-28 13:06:15,783 [ForkJoinPool.commonPool-worker-1] INFO  util.JmxRegister (JmxRegister.java:unregister(73)) - Successfully un-registered JMX Bean with object name Ratis:service=RaftServer,group=group-44D7CE82A5D9,id=59fb5bc9-2d90-422e-bf68-b67547f31f06
2019-08-28 13:06:15,784 [ForkJoinPool.commonPool-worker-1] INFO  impl.RoleInfo (RoleInfo.java:shutdownLeaderState(104)) - 59fb5bc9-2d90-422e-bf68-b67547f31f06: shutdown LeaderState
2019-08-28 13:06:15,784 [ForkJoinPool.commonPool-worker-1] INFO  impl.PendingRequests (PendingRequests.java:sendNotLeaderResponses(202)) - 59fb5bc9-2d90-422e-bf68-b67547f31f06-PendingRequests: sendNotLeaderResponses
2019-08-28 13:06:15,785 [ForkJoinPool.commonPool-worker-1] INFO  impl.StateMachineUpdater (StateMachineUpdater.java:stopAndJoin(115)) - StateMachineUpdater:59fb5bc9-2d90-422e-bf68-b67547f31f06:group-44D7CE82A5D9: set stopIndex = 0
2019-08-28 13:06:15,785 [ForkJoinPool.commonPool-worker-1] INFO  impl.RaftServerImpl (ServerState.java:close(394)) - 59fb5bc9-2d90-422e-bf68-b67547f31f06:group-44D7CE82A5D9 closes. The last applied log index is 0
2019-08-28 13:06:15,785 [59fb5bc9-2d90-422e-bf68-b67547f31f06-SegmentedRaftLogWorker:Storage Directory /workdir/hadoop-ozone/integration-test/target/test-dir/MiniOzoneClusterImpl-b4ee2db5-7e6f-4740-8562-f15ac3dbe928/datanode-0/data/ratis/9cac31d3-ece6-4740-ab7b-44d7ce82a5d9] INFO  segmented.SegmentedRaftLogWorker (SegmentedRaftLogWorker.java:run(313)) - 59fb5bc9-2d90-422e-bf68-b67547f31f06-SegmentedRaftLogWorker:Storage Directory /workdir/hadoop-ozone/integration-test/target/test-dir/MiniOzoneClusterImpl-b4ee2db5-7e6f-4740-8562-f15ac3dbe928/datanode-0/data/ratis/9cac31d3-ece6-4740-ab7b-44d7ce82a5d9 was interrupted, exiting. There are 0 tasks remaining in the queue.
2019-08-28 13:06:15,786 [ForkJoinPool.commonPool-worker-1] INFO  segmented.SegmentedRaftLogWorker (SegmentedRaftLogWorker.java:close(228)) - 59fb5bc9-2d90-422e-bf68-b67547f31f06-SegmentedRaftLogWorker:Storage Directory /workdir/hadoop-ozone/integration-test/target/test-dir/MiniOzoneClusterImpl-b4ee2db5-7e6f-4740-8562-f15ac3dbe928/datanode-0/data/ratis/9cac31d3-ece6-4740-ab7b-44d7ce82a5d9 close()
2019-08-28 13:06:15,788 [ForkJoinPool.commonPool-worker-1] INFO  impl.RaftServerImpl (RaftServerImpl.java:lambda$shutdown$3(245)) - 59fb5bc9-2d90-422e-bf68-b67547f31f06: shutdown group-9005F0D065FA
2019-08-28 13:06:15,788 [ForkJoinPool.commonPool-worker-1] INFO  util.JmxRegister (JmxRegister.java:unregister(73)) - Successfully un-registered JMX Bean with object name Ratis:service=RaftServer,group=group-9005F0D065FA,id=59fb5bc9-2d90-422e-bf68-b67547f31f06
2019-08-28 13:06:15,789 [ForkJoinPool.commonPool-worker-1] INFO  impl.RoleInfo (RoleInfo.java:shutdownFollowerState(121)) - 59fb5bc9-2d90-422e-bf68-b67547f31f06: shutdown FollowerState
2019-08-28 13:06:15,789 [ForkJoinPool.commonPool-worker-1] INFO  impl.StateMachineUpdater (StateMachineUpdater.java:stopAndJoin(115)) - StateMachineUpdater:59fb5bc9-2d90-422e-bf68-b67547f31f06:group-9005F0D065FA: set stopIndex = 16
2019-08-28 13:06:15,789 [StateMachineUpdater:59fb5bc9-2d90-422e-bf68-b67547f31f06:group-9005F0D065FA] INFO  ratis.ContainerStateMachine (ContainerStateMachine.java:takeSnapshot(283)) - group-9005F0D065FA: Taking a snapshot at:(t:1, i:14) file /workdir/hadoop-ozone/integration-test/target/test-dir/MiniOzoneClusterImpl-b4ee2db5-7e6f-4740-8562-f15ac3dbe928/datanode-0/data/ratis/29ae7ed1-1c86-446d-9f35-9005f0d065fa/sm/snapshot.1_14
2019-08-28 13:06:15,789 [Thread-3929] INFO  impl.FollowerState (FollowerState.java:run(114)) - 59fb5bc9-2d90-422e-bf68-b67547f31f06: FollowerState was interrupted: java.lang.InterruptedException: sleep interrupted
2019-08-28 13:06:15,809 [main] INFO  ozoneimpl.OzoneContainer (OzoneContainer.java:stop(199)) - Attempting to stop container services.
2019-08-28 13:06:15,810 [main] INFO  impl.RaftServerProxy (RaftServerProxy.java:lambda$close$4(314)) - 6473d7a6-d5fa-4090-bf30-ee1350d7f475: close
2019-08-28 13:06:15,810 [main] INFO  impl.RaftServerImpl (RaftServerImpl.java:lambda$shutdown$3(245)) - 6473d7a6-d5fa-4090-bf30-ee1350d7f475: shutdown group-6C0DB0D3BB6D
2019-08-28 13:06:15,811 [main] INFO  util.JmxRegister (JmxRegister.java:unregister(73)) - Successfully un-registered JMX Bean with object name Ratis:service=RaftServer,group=group-6C0DB0D3BB6D,id=6473d7a6-d5fa-4090-bf30-ee1350d7f475
2019-08-28 13:06:15,811 [main] INFO  impl.RoleInfo (RoleInfo.java:shutdownLeaderState(104)) - 6473d7a6-d5fa-4090-bf30-ee1350d7f475: shutdown LeaderState
2019-08-28 13:06:15,812 [main] INFO  impl.PendingRequests (PendingRequests.java:sendNotLeaderResponses(202)) - 6473d7a6-d5fa-4090-bf30-ee1350d7f475-PendingRequests: sendNotLeaderResponses
2019-08-28 13:06:15,812 [main] INFO  impl.StateMachineUpdater (StateMachineUpdater.java:stopAndJoin(115)) - StateMachineUpdater:6473d7a6-d5fa-4090-bf30-ee1350d7f475:group-6C0DB0D3BB6D: set stopIndex = 0
2019-08-28 13:06:15,813 [main] INFO  impl.RaftServerImpl (ServerState.java:close(394)) - 6473d7a6-d5fa-4090-bf30-ee1350d7f475:group-6C0DB0D3BB6D closes. The last applied log index is 0
2019-08-28 13:06:15,813 [6473d7a6-d5fa-4090-bf30-ee1350d7f475-SegmentedRaftLogWorker:Storage Directory /workdir/hadoop-ozone/integration-test/target/test-dir/MiniOzoneClusterImpl-b4ee2db5-7e6f-4740-8562-f15ac3dbe928/datanode-6/data/ratis/fbdec8b6-e1df-48e0-8779-6c0db0d3bb6d] INFO  segmented.SegmentedRaftLogWorker (SegmentedRaftLogWorker.java:run(313)) - 6473d7a6-d5fa-4090-bf30-ee1350d7f475-SegmentedRaftLogWorker:Storage Directory /workdir/hadoop-ozone/integration-test/target/test-dir/MiniOzoneClusterImpl-b4ee2db5-7e6f-4740-8562-f15ac3dbe928/datanode-6/data/ratis/fbdec8b6-e1df-48e0-8779-6c0db0d3bb6d was interrupted, exiting. There are 0 tasks remaining in the queue.
2019-08-28 13:06:15,814 [main] INFO  segmented.SegmentedRaftLogWorker (SegmentedRaftLogWorker.java:close(228)) - 6473d7a6-d5fa-4090-bf30-ee1350d7f475-SegmentedRaftLogWorker:Storage Directory /workdir/hadoop-ozone/integration-test/target/test-dir/MiniOzoneClusterImpl-b4ee2db5-7e6f-4740-8562-f15ac3dbe928/datanode-6/data/ratis/fbdec8b6-e1df-48e0-8779-6c0db0d3bb6d close()
2019-08-28 13:06:15,816 [StateMachineUpdater:59fb5bc9-2d90-422e-bf68-b67547f31f06:group-9005F0D065FA] INFO  ratis.ContainerStateMachine (ContainerStateMachine.java:takeSnapshot(294)) - group-9005F0D065FA: Finished taking a snapshot at:(t:1, i:14) file:/workdir/hadoop-ozone/integration-test/target/test-dir/MiniOzoneClusterImpl-b4ee2db5-7e6f-4740-8562-f15ac3dbe928/datanode-0/data/ratis/29ae7ed1-1c86-446d-9f35-9005f0d065fa/sm/snapshot.1_14 time:26
2019-08-28 13:06:15,816 [main] INFO  server.GrpcService (GrpcService.java:closeImpl(155)) - 6473d7a6-d5fa-4090-bf30-ee1350d7f475: shutdown server with port 45078 now
2019-08-28 13:06:15,816 [StateMachineUpdater:59fb5bc9-2d90-422e-bf68-b67547f31f06:group-9005F0D065FA] INFO  impl.StateMachineUpdater (StateMachineUpdater.java:takeSnapshot(242)) - StateMachineUpdater:59fb5bc9-2d90-422e-bf68-b67547f31f06:group-9005F0D065FA: Took a snapshot at index 14
2019-08-28 13:06:15,816 [StateMachineUpdater:59fb5bc9-2d90-422e-bf68-b67547f31f06:group-9005F0D065FA] INFO  impl.StateMachineUpdater (StateMachineUpdater.java:lambda$new$0(80)) - StateMachineUpdater:59fb5bc9-2d90-422e-bf68-b67547f31f06:group-9005F0D065FA: snapshotIndex: updateIncreasingly -1 -> 14
2019-08-28 13:06:15,822 [main] INFO  server.GrpcService (GrpcService.java:closeImpl(163)) - 6473d7a6-d5fa-4090-bf30-ee1350d7f475: shutdown server with port 45078 successfully
2019-08-28 13:06:15,822 [ForkJoinPool.commonPool-worker-1] INFO  impl.RaftServerImpl (ServerState.java:close(394)) - 59fb5bc9-2d90-422e-bf68-b67547f31f06:group-9005F0D065FA closes. The last applied log index is 16
2019-08-28 13:06:15,823 [59fb5bc9-2d90-422e-bf68-b67547f31f06-SegmentedRaftLogWorker:Storage Directory /workdir/hadoop-ozone/integration-test/target/test-dir/MiniOzoneClusterImpl-b4ee2db5-7e6f-4740-8562-f15ac3dbe928/datanode-0/data/ratis/29ae7ed1-1c86-446d-9f35-9005f0d065fa] INFO  segmented.SegmentedRaftLogWorker (SegmentedRaftLogWorker.java:run(313)) - 59fb5bc9-2d90-422e-bf68-b67547f31f06-SegmentedRaftLogWorker:Storage Directory /workdir/hadoop-ozone/integration-test/target/test-dir/MiniOzoneClusterImpl-b4ee2db5-7e6f-4740-8562-f15ac3dbe928/datanode-0/data/ratis/29ae7ed1-1c86-446d-9f35-9005f0d065fa was interrupted, exiting. There are 0 tasks remaining in the queue.
2019-08-28 13:06:15,823 [ForkJoinPool.commonPool-worker-1] INFO  segmented.SegmentedRaftLogWorker (SegmentedRaftLogWorker.java:close(228)) - 59fb5bc9-2d90-422e-bf68-b67547f31f06-SegmentedRaftLogWorker:Storage Directory /workdir/hadoop-ozone/integration-test/target/test-dir/MiniOzoneClusterImpl-b4ee2db5-7e6f-4740-8562-f15ac3dbe928/datanode-0/data/ratis/29ae7ed1-1c86-446d-9f35-9005f0d065fa close()
2019-08-28 13:06:15,826 [ForkJoinPool.commonPool-worker-1] INFO  server.GrpcService (GrpcService.java:closeImpl(155)) - 59fb5bc9-2d90-422e-bf68-b67547f31f06: shutdown server with port 43968 now
2019-08-28 13:06:15,826 [ForkJoinPool.commonPool-worker-1] INFO  server.GrpcService (GrpcService.java:closeImpl(163)) - 59fb5bc9-2d90-422e-bf68-b67547f31f06: shutdown server with port 43968 successfully
2019-08-28 13:06:15,826 [main] INFO  utils.BackgroundService (BackgroundService.java:shutdown(148)) - Shutting down service BlockDeletingService
2019-08-28 13:06:15,830 [refreshUsed-/workdir/hadoop-ozone/integration-test/target/test-dir/MiniOzoneClusterImpl-b4ee2db5-7e6f-4740-8562-f15ac3dbe928/datanode-6/data/containers] WARN  fs.CachingGetSpaceUsed (CachingGetSpaceUsed.java:run(183)) - Thread Interrupted waiting to refresh disk information: sleep interrupted
2019-08-28 13:06:15,833 [ForkJoinPool.commonPool-worker-1] INFO  utils.BackgroundService (BackgroundService.java:shutdown(148)) - Shutting down service BlockDeletingService
2019-08-28 13:06:15,835 [refreshUsed-/workdir/hadoop-ozone/integration-test/target/test-dir/MiniOzoneClusterImpl-b4ee2db5-7e6f-4740-8562-f15ac3dbe928/datanode-0/data/containers] WARN  fs.CachingGetSpaceUsed (CachingGetSpaceUsed.java:run(183)) - Thread Interrupted waiting to refresh disk information: sleep interrupted
2019-08-28 13:06:15,851 [main] INFO  statemachine.DatanodeStateMachine (DatanodeStateMachine.java:stopDaemon(395)) - Ozone container server stopped.
2019-08-28 13:06:15,852 [main] INFO  handler.ContextHandler (ContextHandler.java:doStop(910)) - Stopped o.e.j.w.WebAppContext@4cc9d672{/,null,UNAVAILABLE}{/hddsDatanode}
2019-08-28 13:06:15,855 [ForkJoinPool.commonPool-worker-1] INFO  statemachine.DatanodeStateMachine (DatanodeStateMachine.java:stopDaemon(395)) - Ozone container server stopped.
2019-08-28 13:06:15,856 [main] INFO  server.AbstractConnector (AbstractConnector.java:doStop(318)) - Stopped ServerConnector@7bd4f212{HTTP/1.1,[http/1.1]}{0.0.0.0:0}
2019-08-28 13:06:15,858 [main] INFO  handler.ContextHandler (ContextHandler.java:doStop(910)) - Stopped o.e.j.s.ServletContextHandler@69497a36{/static,jar:file:/home/user/.m2/repository/org/apache/hadoop/hadoop-hdds-container-service/0.5.0-SNAPSHOT/hadoop-hdds-container-service-0.5.0-SNAPSHOT.jar!/webapps/static,UNAVAILABLE}
2019-08-28 13:06:15,859 [ForkJoinPool.commonPool-worker-1] INFO  handler.ContextHandler (ContextHandler.java:doStop(910)) - Stopped o.e.j.w.WebAppContext@504a9352{/,null,UNAVAILABLE}{/hddsDatanode}
2019-08-28 13:06:15,859 [main] INFO  handler.ContextHandler (ContextHandler.java:doStop(910)) - Stopped o.e.j.s.ServletContextHandler@415cb259{/logs,file:///workdir/hadoop-ozone/integration-test/target/log,UNAVAILABLE}
2019-08-28 13:06:15,860 [ForkJoinPool.commonPool-worker-1] INFO  server.AbstractConnector (AbstractConnector.java:doStop(318)) - Stopped ServerConnector@48e1e18a{HTTP/1.1,[http/1.1]}{0.0.0.0:0}
2019-08-28 13:06:15,861 [ForkJoinPool.commonPool-worker-1] INFO  handler.ContextHandler (ContextHandler.java:doStop(910)) - Stopped o.e.j.s.ServletContextHandler@4be6531a{/static,jar:file:/home/user/.m2/repository/org/apache/hadoop/hadoop-hdds-container-service/0.5.0-SNAPSHOT/hadoop-hdds-container-service-0.5.0-SNAPSHOT.jar!/webapps/static,UNAVAILABLE}
2019-08-28 13:06:15,862 [ForkJoinPool.commonPool-worker-1] INFO  handler.ContextHandler (ContextHandler.java:doStop(910)) - Stopped o.e.j.s.ServletContextHandler@5dc218e2{/logs,file:///workdir/hadoop-ozone/integration-test/target/log,UNAVAILABLE}
2019-08-28 13:06:15,863 [main] INFO  ozone.MiniOzoneClusterImpl (MiniOzoneClusterImpl.java:stop(353)) - Stopping the StorageContainerManager
2019-08-28 13:06:15,863 [main] INFO  server.StorageContainerManager (StorageContainerManager.java:stop(797)) - Stopping Replication Manager Service.
2019-08-28 13:06:15,863 [main] INFO  container.ReplicationManager (ReplicationManager.java:stop(193)) - Stopping Replication Monitor Thread.
2019-08-28 13:06:15,863 [main] INFO  server.StorageContainerManager (StorageContainerManager.java:stop(804)) - Stopping Lease Manager of the command watchers
2019-08-28 13:06:15,863 [main] INFO  server.StorageContainerManager (StorageContainerManager.java:stop(811)) - Stopping datanode service RPC server
2019-08-28 13:06:15,863 [main] INFO  server.SCMDatanodeProtocolServer (SCMDatanodeProtocolServer.java:stop(367)) - Stopping the RPC server for DataNodes
2019-08-28 13:06:15,864 [main] INFO  ipc.Server (Server.java:stop(3082)) - Stopping server on 40773
2019-08-28 13:06:15,866 [IPC Server listener on 40773] INFO  ipc.Server (Server.java:run(1185)) - Stopping IPC Server listener on 40773
2019-08-28 13:06:15,867 [IPC Server Responder] INFO  ipc.Server (Server.java:run(1319)) - Stopping IPC Server Responder
2019-08-28 13:06:15,912 [SCM Heartbeat Processing Thread - 0] WARN  node.NodeStateManager (NodeStateManager.java:scheduleNextHealthCheck(646)) - Current Thread is interrupted, shutting down HB processing thread for Node Manager.
2019-08-28 13:06:15,912 [main] INFO  server.StorageContainerManager (StorageContainerManager.java:stop(819)) - Stopping block service RPC server
2019-08-28 13:06:15,912 [main] INFO  server.SCMBlockProtocolServer (SCMBlockProtocolServer.java:stop(148)) - Stopping the RPC server for Block Protocol
2019-08-28 13:06:15,912 [main] INFO  ipc.Server (Server.java:stop(3082)) - Stopping server on 42103
2019-08-28 13:06:15,914 [IPC Server listener on 42103] INFO  ipc.Server (Server.java:run(1185)) - Stopping IPC Server listener on 42103
2019-08-28 13:06:15,914 [main] INFO  server.StorageContainerManager (StorageContainerManager.java:stop(826)) - Stopping the StorageContainerLocationProtocol RPC server
2019-08-28 13:06:15,916 [main] INFO  server.SCMClientProtocolServer (SCMClientProtocolServer.java:stop(159)) - Stopping the RPC server for Client Protocol
2019-08-28 13:06:15,916 [main] INFO  ipc.Server (Server.java:stop(3082)) - Stopping server on 34190
2019-08-28 13:06:15,916 [IPC Server Responder] INFO  ipc.Server (Server.java:run(1319)) - Stopping IPC Server Responder
2019-08-28 13:06:15,918 [IPC Server listener on 34190] INFO  ipc.Server (Server.java:run(1185)) - Stopping IPC Server listener on 34190
2019-08-28 13:06:15,918 [main] INFO  server.StorageContainerManager (StorageContainerManager.java:stop(833)) - Stopping Storage Container Manager HTTP server.
2019-08-28 13:06:15,920 [IPC Server Responder] INFO  ipc.Server (Server.java:run(1319)) - Stopping IPC Server Responder
2019-08-28 13:06:15,920 [main] INFO  handler.ContextHandler (ContextHandler.java:doStop(910)) - Stopped o.e.j.w.WebAppContext@74727e41{/,null,UNAVAILABLE}{/scm}
2019-08-28 13:06:15,921 [main] INFO  server.AbstractConnector (AbstractConnector.java:doStop(318)) - Stopped ServerConnector@16117d9{HTTP/1.1,[http/1.1]}{0.0.0.0:0}
2019-08-28 13:06:15,922 [main] INFO  handler.ContextHandler (ContextHandler.java:doStop(910)) - Stopped o.e.j.s.ServletContextHandler@622c658d{/static,file:///workdir/hadoop-ozone/integration-test/target/test-classes/webapps/static,UNAVAILABLE}
2019-08-28 13:06:15,922 [main] INFO  handler.ContextHandler (ContextHandler.java:doStop(910)) - Stopped o.e.j.s.ServletContextHandler@57f9f387{/logs,file:///workdir/hadoop-ozone/integration-test/target/log,UNAVAILABLE}
2019-08-28 13:06:15,923 [main] INFO  server.StorageContainerManager (StorageContainerManager.java:stop(844)) - Stopping Block Manager Service.
2019-08-28 13:06:15,923 [main] INFO  utils.BackgroundService (BackgroundService.java:shutdown(148)) - Shutting down service SCMBlockDeletingService
2019-08-28 13:06:15,924 [main] INFO  utils.BackgroundService (BackgroundService.java:shutdown(148)) - Shutting down service SCMBlockDeletingService
2019-08-28 13:06:15,924 [main] INFO  server.StorageContainerManager (StorageContainerManager.java:stop(866)) - Stopping SCM Event Queue.
2019-08-28 13:06:15,929 [main] INFO  impl.MetricsSystemImpl (MetricsSystemImpl.java:stop(210)) - Stopping HddsDatanode metrics system...
2019-08-28 13:06:15,941 [main] INFO  impl.MetricsSystemImpl (MetricsSystemImpl.java:stop(216)) - HddsDatanode metrics system stopped.
]]></system-out>
    <system-err><![CDATA[Aug 28, 2019 1:05:21 PM com.sun.jersey.server.impl.application.WebApplicationImpl _initiate
INFO: Initiating Jersey application, version 'Jersey: 1.19 02/11/2015 03:25 AM'
Aug 28, 2019 1:05:21 PM com.sun.jersey.server.impl.application.WebApplicationImpl _initiate
INFO: Initiating Jersey application, version 'Jersey: 1.19 02/11/2015 03:25 AM'
Aug 28, 2019 1:05:22 PM com.sun.jersey.server.impl.application.WebApplicationImpl _initiate
INFO: Initiating Jersey application, version 'Jersey: 1.19 02/11/2015 03:25 AM'
Aug 28, 2019 1:05:22 PM com.sun.jersey.server.impl.application.WebApplicationImpl _initiate
INFO: Initiating Jersey application, version 'Jersey: 1.19 02/11/2015 03:25 AM'
Aug 28, 2019 1:05:22 PM com.sun.jersey.server.impl.application.WebApplicationImpl _initiate
INFO: Initiating Jersey application, version 'Jersey: 1.19 02/11/2015 03:25 AM'
Aug 28, 2019 1:05:22 PM com.sun.jersey.server.impl.application.WebApplicationImpl _initiate
INFO: Initiating Jersey application, version 'Jersey: 1.19 02/11/2015 03:25 AM'
Aug 28, 2019 1:05:22 PM com.sun.jersey.server.impl.application.WebApplicationImpl _initiate
INFO: Initiating Jersey application, version 'Jersey: 1.19 02/11/2015 03:25 AM'
Aug 28, 2019 1:05:25 PM org.apache.ratis.thirdparty.io.grpc.internal.ManagedChannelOrphanWrapper$ManagedChannelReference cleanQueue
SEVERE: *~*~*~ Channel ManagedChannelImpl{logId=2948, target=192.168.69.80:40130} was not shutdown properly!!! ~*~*~*
    Make sure to call shutdown()/shutdownNow() and wait until awaitTermination() returns true.
java.lang.RuntimeException: ManagedChannel allocation site
	at org.apache.ratis.thirdparty.io.grpc.internal.ManagedChannelOrphanWrapper$ManagedChannelReference.<init>(ManagedChannelOrphanWrapper.java:103)
	at org.apache.ratis.thirdparty.io.grpc.internal.ManagedChannelOrphanWrapper.<init>(ManagedChannelOrphanWrapper.java:53)
	at org.apache.ratis.thirdparty.io.grpc.internal.ManagedChannelOrphanWrapper.<init>(ManagedChannelOrphanWrapper.java:44)
	at org.apache.ratis.thirdparty.io.grpc.internal.AbstractManagedChannelImplBuilder.build(AbstractManagedChannelImplBuilder.java:411)
	at org.apache.ratis.grpc.client.GrpcClientProtocolClient.<init>(GrpcClientProtocolClient.java:119)
	at org.apache.ratis.grpc.client.GrpcClientRpc.lambda$new$0(GrpcClientRpc.java:55)
	at org.apache.ratis.util.PeerProxyMap$PeerAndProxy.lambda$getProxy$0(PeerProxyMap.java:61)
	at org.apache.ratis.util.LifeCycle.startAndTransition(LifeCycle.java:202)
	at org.apache.ratis.util.PeerProxyMap$PeerAndProxy.getProxy(PeerProxyMap.java:60)
	at org.apache.ratis.util.PeerProxyMap.getProxy(PeerProxyMap.java:107)
	at org.apache.ratis.grpc.client.GrpcClientRpc.sendRequestAsync(GrpcClientRpc.java:66)
	at org.apache.ratis.client.impl.OrderedAsync.sendRequest(OrderedAsync.java:208)
	at org.apache.ratis.client.impl.OrderedAsync.sendRequestWithRetry(OrderedAsync.java:169)
	at org.apache.ratis.util.SlidingWindow$Client.sendOrDelayRequest(SlidingWindow.java:278)
	at org.apache.ratis.util.SlidingWindow$Client.retry(SlidingWindow.java:294)
	at org.apache.ratis.client.impl.OrderedAsync.lambda$scheduleWithTimeout$7(OrderedAsync.java:195)
	at org.apache.ratis.util.TimeoutScheduler.lambda$onTimeout$0(TimeoutScheduler.java:85)
	at org.apache.ratis.util.TimeoutScheduler.lambda$onTimeout$1(TimeoutScheduler.java:104)
	at org.apache.ratis.util.LogUtils.runAndLog(LogUtils.java:50)
	at org.apache.ratis.util.LogUtils$1.run(LogUtils.java:91)
	at java.util.concurrent.Executors$RunnableAdapter.call(Executors.java:511)
	at java.util.concurrent.FutureTask.run(FutureTask.java:266)
	at java.util.concurrent.ScheduledThreadPoolExecutor$ScheduledFutureTask.access$201(ScheduledThreadPoolExecutor.java:180)
	at java.util.concurrent.ScheduledThreadPoolExecutor$ScheduledFutureTask.run(ScheduledThreadPoolExecutor.java:293)
	at java.util.concurrent.ThreadPoolExecutor.runWorker(ThreadPoolExecutor.java:1149)
	at java.util.concurrent.ThreadPoolExecutor$Worker.run(ThreadPoolExecutor.java:624)
	at java.lang.Thread.run(Thread.java:748)

Aug 28, 2019 1:05:25 PM org.apache.ratis.thirdparty.io.grpc.internal.ManagedChannelOrphanWrapper$ManagedChannelReference cleanQueue
SEVERE: *~*~*~ Channel ManagedChannelImpl{logId=2958, target=192.168.69.80:38299} was not shutdown properly!!! ~*~*~*
    Make sure to call shutdown()/shutdownNow() and wait until awaitTermination() returns true.
java.lang.RuntimeException: ManagedChannel allocation site
	at org.apache.ratis.thirdparty.io.grpc.internal.ManagedChannelOrphanWrapper$ManagedChannelReference.<init>(ManagedChannelOrphanWrapper.java:103)
	at org.apache.ratis.thirdparty.io.grpc.internal.ManagedChannelOrphanWrapper.<init>(ManagedChannelOrphanWrapper.java:53)
	at org.apache.ratis.thirdparty.io.grpc.internal.ManagedChannelOrphanWrapper.<init>(ManagedChannelOrphanWrapper.java:44)
	at org.apache.ratis.thirdparty.io.grpc.internal.AbstractManagedChannelImplBuilder.build(AbstractManagedChannelImplBuilder.java:411)
	at org.apache.hadoop.hdds.scm.XceiverClientGrpc.connectToDatanode(XceiverClientGrpc.java:174)
	at org.apache.hadoop.hdds.scm.XceiverClientGrpc.reconnect(XceiverClientGrpc.java:422)
	at org.apache.hadoop.hdds.scm.XceiverClientGrpc.sendCommandAsync(XceiverClientGrpc.java:371)
	at org.apache.hadoop.hdds.scm.XceiverClientGrpc.sendCommandWithRetry(XceiverClientGrpc.java:284)
	at org.apache.hadoop.hdds.scm.XceiverClientGrpc.sendCommandWithTraceIDAndRetry(XceiverClientGrpc.java:250)
	at org.apache.hadoop.hdds.scm.XceiverClientGrpc.sendCommand(XceiverClientGrpc.java:233)
	at org.apache.hadoop.hdds.scm.storage.ContainerProtocolCalls.getBlock(ContainerProtocolCalls.java:118)
	at org.apache.hadoop.hdds.scm.storage.BlockInputStream.getChunkInfos(BlockInputStream.java:167)
	at org.apache.hadoop.hdds.scm.storage.BlockInputStream.initialize(BlockInputStream.java:118)
	at org.apache.hadoop.hdds.scm.storage.BlockInputStream.read(BlockInputStream.java:222)
	at org.apache.hadoop.ozone.client.io.KeyInputStream.read(KeyInputStream.java:171)
	at org.apache.hadoop.ozone.client.io.OzoneInputStream.read(OzoneInputStream.java:47)
	at java.io.InputStream.read(InputStream.java:101)
	at org.apache.hadoop.ozone.container.ContainerTestHelper.validateData(ContainerTestHelper.java:713)
	at org.apache.hadoop.ozone.client.rpc.TestBlockOutputStreamWithFailures.validateData(TestBlockOutputStreamWithFailures.java:1216)
	at org.apache.hadoop.ozone.client.rpc.TestBlockOutputStreamWithFailures.testWatchForCommitWithSingleNodeRatis(TestBlockOutputStreamWithFailures.java:918)
	at sun.reflect.NativeMethodAccessorImpl.invoke0(Native Method)
	at sun.reflect.NativeMethodAccessorImpl.invoke(NativeMethodAccessorImpl.java:62)
	at sun.reflect.DelegatingMethodAccessorImpl.invoke(DelegatingMethodAccessorImpl.java:43)
	at java.lang.reflect.Method.invoke(Method.java:498)
	at org.junit.runners.model.FrameworkMethod$1.runReflectiveCall(FrameworkMethod.java:47)
	at org.junit.internal.runners.model.ReflectiveCallable.run(ReflectiveCallable.java:12)
	at org.junit.runners.model.FrameworkMethod.invokeExplosively(FrameworkMethod.java:44)
	at org.junit.internal.runners.statements.InvokeMethod.evaluate(InvokeMethod.java:17)
	at org.junit.internal.runners.statements.RunBefores.evaluate(RunBefores.java:26)
	at org.junit.internal.runners.statements.RunAfters.evaluate(RunAfters.java:27)
	at org.junit.runners.ParentRunner.runLeaf(ParentRunner.java:271)
	at org.junit.runners.BlockJUnit4ClassRunner.runChild(BlockJUnit4ClassRunner.java:70)
	at org.junit.runners.BlockJUnit4ClassRunner.runChild(BlockJUnit4ClassRunner.java:50)
	at org.junit.runners.ParentRunner$3.run(ParentRunner.java:238)
	at org.junit.runners.ParentRunner$1.schedule(ParentRunner.java:63)
	at org.junit.runners.ParentRunner.runChildren(ParentRunner.java:236)
	at org.junit.runners.ParentRunner.access$000(ParentRunner.java:53)
	at org.junit.runners.ParentRunner$2.evaluate(ParentRunner.java:229)
	at org.junit.runners.ParentRunner.run(ParentRunner.java:309)
	at org.apache.maven.surefire.junit4.JUnit4Provider.execute(JUnit4Provider.java:365)
	at org.apache.maven.surefire.junit4.JUnit4Provider.executeWithRerun(JUnit4Provider.java:273)
	at org.apache.maven.surefire.junit4.JUnit4Provider.executeTestSet(JUnit4Provider.java:238)
	at org.apache.maven.surefire.junit4.JUnit4Provider.invoke(JUnit4Provider.java:159)
	at org.apache.maven.surefire.booter.ForkedBooter.invokeProviderInSameClassLoader(ForkedBooter.java:384)
	at org.apache.maven.surefire.booter.ForkedBooter.runSuitesInProcess(ForkedBooter.java:345)
	at org.apache.maven.surefire.booter.ForkedBooter.execute(ForkedBooter.java:126)
	at org.apache.maven.surefire.booter.ForkedBooter.main(ForkedBooter.java:418)

Aug 28, 2019 1:05:25 PM org.apache.ratis.thirdparty.io.grpc.internal.ManagedChannelOrphanWrapper$ManagedChannelReference cleanQueue
SEVERE: *~*~*~ Channel ManagedChannelImpl{logId=2953, target=192.168.69.80:37415} was not shutdown properly!!! ~*~*~*
    Make sure to call shutdown()/shutdownNow() and wait until awaitTermination() returns true.
java.lang.RuntimeException: ManagedChannel allocation site
	at org.apache.ratis.thirdparty.io.grpc.internal.ManagedChannelOrphanWrapper$ManagedChannelReference.<init>(ManagedChannelOrphanWrapper.java:103)
	at org.apache.ratis.thirdparty.io.grpc.internal.ManagedChannelOrphanWrapper.<init>(ManagedChannelOrphanWrapper.java:53)
	at org.apache.ratis.thirdparty.io.grpc.internal.ManagedChannelOrphanWrapper.<init>(ManagedChannelOrphanWrapper.java:44)
	at org.apache.ratis.thirdparty.io.grpc.internal.AbstractManagedChannelImplBuilder.build(AbstractManagedChannelImplBuilder.java:411)
	at org.apache.ratis.grpc.client.GrpcClientProtocolClient.<init>(GrpcClientProtocolClient.java:119)
	at org.apache.ratis.grpc.client.GrpcClientRpc.lambda$new$0(GrpcClientRpc.java:55)
	at org.apache.ratis.util.PeerProxyMap$PeerAndProxy.lambda$getProxy$0(PeerProxyMap.java:61)
	at org.apache.ratis.util.LifeCycle.startAndTransition(LifeCycle.java:202)
	at org.apache.ratis.util.PeerProxyMap$PeerAndProxy.getProxy(PeerProxyMap.java:60)
	at org.apache.ratis.util.PeerProxyMap.getProxy(PeerProxyMap.java:107)
	at org.apache.ratis.grpc.client.GrpcClientRpc.sendRequestAsync(GrpcClientRpc.java:66)
	at org.apache.ratis.client.impl.OrderedAsync.sendRequest(OrderedAsync.java:208)
	at org.apache.ratis.client.impl.OrderedAsync.sendRequestWithRetry(OrderedAsync.java:169)
	at org.apache.ratis.util.SlidingWindow$Client.sendOrDelayRequest(SlidingWindow.java:278)
	at org.apache.ratis.util.SlidingWindow$Client.submitNewRequest(SlidingWindow.java:257)
	at org.apache.ratis.client.impl.OrderedAsync.send(OrderedAsync.java:155)
	at org.apache.ratis.client.impl.RaftClientImpl.sendAsync(RaftClientImpl.java:145)
	at org.apache.ratis.client.impl.RaftClientImpl.sendAsync(RaftClientImpl.java:125)
	at org.apache.hadoop.hdds.scm.XceiverClientRatis.sendRequestAsync(XceiverClientRatis.java:224)
	at org.apache.hadoop.hdds.scm.XceiverClientRatis.sendCommandAsync(XceiverClientRatis.java:302)
	at org.apache.hadoop.hdds.scm.storage.ContainerProtocolCalls.writeChunkAsync(ContainerProtocolCalls.java:310)
	at org.apache.hadoop.hdds.scm.storage.BlockOutputStream.writeChunkToContainer(BlockOutputStream.java:601)
	at org.apache.hadoop.hdds.scm.storage.BlockOutputStream.writeChunk(BlockOutputStream.java:459)
	at org.apache.hadoop.hdds.scm.storage.BlockOutputStream.writeOnRetry(BlockOutputStream.java:285)
	at org.apache.hadoop.ozone.client.io.BlockOutputStreamEntry.writeOnRetry(BlockOutputStreamEntry.java:200)
	at org.apache.hadoop.ozone.client.io.KeyOutputStream.handleWrite(KeyOutputStream.java:209)
	at org.apache.hadoop.ozone.client.io.KeyOutputStream.handleRetry(KeyOutputStream.java:376)
	at org.apache.hadoop.ozone.client.io.KeyOutputStream.handleException(KeyOutputStream.java:325)
	at org.apache.hadoop.ozone.client.io.KeyOutputStream.handleFlushOrClose(KeyOutputStream.java:448)
	at org.apache.hadoop.ozone.client.io.KeyOutputStream.handleWrite(KeyOutputStream.java:235)
	at org.apache.hadoop.ozone.client.io.KeyOutputStream.write(KeyOutputStream.java:193)
	at org.apache.hadoop.ozone.client.io.OzoneOutputStream.write(OzoneOutputStream.java:49)
	at java.io.OutputStream.write(OutputStream.java:75)
	at org.apache.hadoop.ozone.client.rpc.TestBlockOutputStreamWithFailures.testWatchForCommitWithSingleNodeRatis(TestBlockOutputStreamWithFailures.java:885)
	at sun.reflect.NativeMethodAccessorImpl.invoke0(Native Method)
	at sun.reflect.NativeMethodAccessorImpl.invoke(NativeMethodAccessorImpl.java:62)
	at sun.reflect.DelegatingMethodAccessorImpl.invoke(DelegatingMethodAccessorImpl.java:43)
	at java.lang.reflect.Method.invoke(Method.java:498)
	at org.junit.runners.model.FrameworkMethod$1.runReflectiveCall(FrameworkMethod.java:47)
	at org.junit.internal.runners.model.ReflectiveCallable.run(ReflectiveCallable.java:12)
	at org.junit.runners.model.FrameworkMethod.invokeExplosively(FrameworkMethod.java:44)
	at org.junit.internal.runners.statements.InvokeMethod.evaluate(InvokeMethod.java:17)
	at org.junit.internal.runners.statements.RunBefores.evaluate(RunBefores.java:26)
	at org.junit.internal.runners.statements.RunAfters.evaluate(RunAfters.java:27)
	at org.junit.runners.ParentRunner.runLeaf(ParentRunner.java:271)
	at org.junit.runners.BlockJUnit4ClassRunner.runChild(BlockJUnit4ClassRunner.java:70)
	at org.junit.runners.BlockJUnit4ClassRunner.runChild(BlockJUnit4ClassRunner.java:50)
	at org.junit.runners.ParentRunner$3.run(ParentRunner.java:238)
	at org.junit.runners.ParentRunner$1.schedule(ParentRunner.java:63)
	at org.junit.runners.ParentRunner.runChildren(ParentRunner.java:236)
	at org.junit.runners.ParentRunner.access$000(ParentRunner.java:53)
	at org.junit.runners.ParentRunner$2.evaluate(ParentRunner.java:229)
	at org.junit.runners.ParentRunner.run(ParentRunner.java:309)
	at org.apache.maven.surefire.junit4.JUnit4Provider.execute(JUnit4Provider.java:365)
	at org.apache.maven.surefire.junit4.JUnit4Provider.executeWithRerun(JUnit4Provider.java:273)
	at org.apache.maven.surefire.junit4.JUnit4Provider.executeTestSet(JUnit4Provider.java:238)
	at org.apache.maven.surefire.junit4.JUnit4Provider.invoke(JUnit4Provider.java:159)
	at org.apache.maven.surefire.booter.ForkedBooter.invokeProviderInSameClassLoader(ForkedBooter.java:384)
	at org.apache.maven.surefire.booter.ForkedBooter.runSuitesInProcess(ForkedBooter.java:345)
	at org.apache.maven.surefire.booter.ForkedBooter.execute(ForkedBooter.java:126)
	at org.apache.maven.surefire.booter.ForkedBooter.main(ForkedBooter.java:418)

Aug 28, 2019 1:05:25 PM org.apache.ratis.thirdparty.io.grpc.internal.ManagedChannelOrphanWrapper$ManagedChannelReference cleanQueue
SEVERE: *~*~*~ Channel ManagedChannelImpl{logId=2963, target=192.168.69.80:45119} was not shutdown properly!!! ~*~*~*
    Make sure to call shutdown()/shutdownNow() and wait until awaitTermination() returns true.
java.lang.RuntimeException: ManagedChannel allocation site
	at org.apache.ratis.thirdparty.io.grpc.internal.ManagedChannelOrphanWrapper$ManagedChannelReference.<init>(ManagedChannelOrphanWrapper.java:103)
	at org.apache.ratis.thirdparty.io.grpc.internal.ManagedChannelOrphanWrapper.<init>(ManagedChannelOrphanWrapper.java:53)
	at org.apache.ratis.thirdparty.io.grpc.internal.ManagedChannelOrphanWrapper.<init>(ManagedChannelOrphanWrapper.java:44)
	at org.apache.ratis.thirdparty.io.grpc.internal.AbstractManagedChannelImplBuilder.build(AbstractManagedChannelImplBuilder.java:411)
	at org.apache.hadoop.hdds.scm.XceiverClientGrpc.connectToDatanode(XceiverClientGrpc.java:174)
	at org.apache.hadoop.hdds.scm.XceiverClientGrpc.reconnect(XceiverClientGrpc.java:422)
	at org.apache.hadoop.hdds.scm.XceiverClientGrpc.sendCommandAsync(XceiverClientGrpc.java:371)
	at org.apache.hadoop.hdds.scm.XceiverClientGrpc.sendCommandWithRetry(XceiverClientGrpc.java:284)
	at org.apache.hadoop.hdds.scm.XceiverClientGrpc.sendCommandWithTraceIDAndRetry(XceiverClientGrpc.java:250)
	at org.apache.hadoop.hdds.scm.XceiverClientGrpc.sendCommand(XceiverClientGrpc.java:233)
	at org.apache.hadoop.hdds.scm.storage.ContainerProtocolCalls.getBlock(ContainerProtocolCalls.java:118)
	at org.apache.hadoop.hdds.scm.storage.BlockInputStream.getChunkInfos(BlockInputStream.java:167)
	at org.apache.hadoop.hdds.scm.storage.BlockInputStream.initialize(BlockInputStream.java:118)
	at org.apache.hadoop.hdds.scm.storage.BlockInputStream.read(BlockInputStream.java:222)
	at org.apache.hadoop.ozone.client.io.KeyInputStream.read(KeyInputStream.java:171)
	at org.apache.hadoop.ozone.client.io.OzoneInputStream.read(OzoneInputStream.java:47)
	at java.io.InputStream.read(InputStream.java:101)
	at org.apache.hadoop.ozone.container.ContainerTestHelper.validateData(ContainerTestHelper.java:713)
	at org.apache.hadoop.ozone.client.rpc.TestBlockOutputStreamWithFailures.validateData(TestBlockOutputStreamWithFailures.java:1216)
	at org.apache.hadoop.ozone.client.rpc.TestBlockOutputStreamWithFailures.testWatchForCommitWithSingleNodeRatis(TestBlockOutputStreamWithFailures.java:918)
	at sun.reflect.NativeMethodAccessorImpl.invoke0(Native Method)
	at sun.reflect.NativeMethodAccessorImpl.invoke(NativeMethodAccessorImpl.java:62)
	at sun.reflect.DelegatingMethodAccessorImpl.invoke(DelegatingMethodAccessorImpl.java:43)
	at java.lang.reflect.Method.invoke(Method.java:498)
	at org.junit.runners.model.FrameworkMethod$1.runReflectiveCall(FrameworkMethod.java:47)
	at org.junit.internal.runners.model.ReflectiveCallable.run(ReflectiveCallable.java:12)
	at org.junit.runners.model.FrameworkMethod.invokeExplosively(FrameworkMethod.java:44)
	at org.junit.internal.runners.statements.InvokeMethod.evaluate(InvokeMethod.java:17)
	at org.junit.internal.runners.statements.RunBefores.evaluate(RunBefores.java:26)
	at org.junit.internal.runners.statements.RunAfters.evaluate(RunAfters.java:27)
	at org.junit.runners.ParentRunner.runLeaf(ParentRunner.java:271)
	at org.junit.runners.BlockJUnit4ClassRunner.runChild(BlockJUnit4ClassRunner.java:70)
	at org.junit.runners.BlockJUnit4ClassRunner.runChild(BlockJUnit4ClassRunner.java:50)
	at org.junit.runners.ParentRunner$3.run(ParentRunner.java:238)
	at org.junit.runners.ParentRunner$1.schedule(ParentRunner.java:63)
	at org.junit.runners.ParentRunner.runChildren(ParentRunner.java:236)
	at org.junit.runners.ParentRunner.access$000(ParentRunner.java:53)
	at org.junit.runners.ParentRunner$2.evaluate(ParentRunner.java:229)
	at org.junit.runners.ParentRunner.run(ParentRunner.java:309)
	at org.apache.maven.surefire.junit4.JUnit4Provider.execute(JUnit4Provider.java:365)
	at org.apache.maven.surefire.junit4.JUnit4Provider.executeWithRerun(JUnit4Provider.java:273)
	at org.apache.maven.surefire.junit4.JUnit4Provider.executeTestSet(JUnit4Provider.java:238)
	at org.apache.maven.surefire.junit4.JUnit4Provider.invoke(JUnit4Provider.java:159)
	at org.apache.maven.surefire.booter.ForkedBooter.invokeProviderInSameClassLoader(ForkedBooter.java:384)
	at org.apache.maven.surefire.booter.ForkedBooter.runSuitesInProcess(ForkedBooter.java:345)
	at org.apache.maven.surefire.booter.ForkedBooter.execute(ForkedBooter.java:126)
	at org.apache.maven.surefire.booter.ForkedBooter.main(ForkedBooter.java:418)

Aug 28, 2019 1:05:25 PM org.apache.ratis.thirdparty.io.grpc.internal.ManagedChannelOrphanWrapper$ManagedChannelReference cleanQueue
SEVERE: *~*~*~ Channel ManagedChannelImpl{logId=2739, target=192.168.69.80:37174} was not shutdown properly!!! ~*~*~*
    Make sure to call shutdown()/shutdownNow() and wait until awaitTermination() returns true.
java.lang.RuntimeException: ManagedChannel allocation site
	at org.apache.ratis.thirdparty.io.grpc.internal.ManagedChannelOrphanWrapper$ManagedChannelReference.<init>(ManagedChannelOrphanWrapper.java:103)
	at org.apache.ratis.thirdparty.io.grpc.internal.ManagedChannelOrphanWrapper.<init>(ManagedChannelOrphanWrapper.java:53)
	at org.apache.ratis.thirdparty.io.grpc.internal.ManagedChannelOrphanWrapper.<init>(ManagedChannelOrphanWrapper.java:44)
	at org.apache.ratis.thirdparty.io.grpc.internal.AbstractManagedChannelImplBuilder.build(AbstractManagedChannelImplBuilder.java:411)
	at org.apache.hadoop.hdds.scm.XceiverClientGrpc.connectToDatanode(XceiverClientGrpc.java:174)
	at org.apache.hadoop.hdds.scm.XceiverClientGrpc.reconnect(XceiverClientGrpc.java:422)
	at org.apache.hadoop.hdds.scm.XceiverClientGrpc.sendCommandAsync(XceiverClientGrpc.java:371)
	at org.apache.hadoop.hdds.scm.XceiverClientGrpc.sendCommandWithRetry(XceiverClientGrpc.java:284)
	at org.apache.hadoop.hdds.scm.XceiverClientGrpc.sendCommandWithTraceIDAndRetry(XceiverClientGrpc.java:250)
	at org.apache.hadoop.hdds.scm.XceiverClientGrpc.sendCommand(XceiverClientGrpc.java:233)
	at org.apache.hadoop.hdds.scm.storage.ContainerProtocolCalls.getBlock(ContainerProtocolCalls.java:118)
	at org.apache.hadoop.hdds.scm.storage.BlockInputStream.getChunkInfos(BlockInputStream.java:167)
	at org.apache.hadoop.hdds.scm.storage.BlockInputStream.initialize(BlockInputStream.java:118)
	at org.apache.hadoop.hdds.scm.storage.BlockInputStream.read(BlockInputStream.java:222)
	at org.apache.hadoop.ozone.client.io.KeyInputStream.read(KeyInputStream.java:171)
	at org.apache.hadoop.ozone.client.io.OzoneInputStream.read(OzoneInputStream.java:47)
	at java.io.InputStream.read(InputStream.java:101)
	at org.apache.hadoop.ozone.container.ContainerTestHelper.validateData(ContainerTestHelper.java:713)
	at org.apache.hadoop.ozone.client.rpc.TestBlockOutputStreamWithFailures.validateData(TestBlockOutputStreamWithFailures.java:1216)
	at org.apache.hadoop.ozone.client.rpc.TestBlockOutputStreamWithFailures.testDatanodeFailureWithSingleNodeRatis(TestBlockOutputStreamWithFailures.java:1058)
	at sun.reflect.NativeMethodAccessorImpl.invoke0(Native Method)
	at sun.reflect.NativeMethodAccessorImpl.invoke(NativeMethodAccessorImpl.java:62)
	at sun.reflect.DelegatingMethodAccessorImpl.invoke(DelegatingMethodAccessorImpl.java:43)
	at java.lang.reflect.Method.invoke(Method.java:498)
	at org.junit.runners.model.FrameworkMethod$1.runReflectiveCall(FrameworkMethod.java:47)
	at org.junit.internal.runners.model.ReflectiveCallable.run(ReflectiveCallable.java:12)
	at org.junit.runners.model.FrameworkMethod.invokeExplosively(FrameworkMethod.java:44)
	at org.junit.internal.runners.statements.InvokeMethod.evaluate(InvokeMethod.java:17)
	at org.junit.internal.runners.statements.RunBefores.evaluate(RunBefores.java:26)
	at org.junit.internal.runners.statements.RunAfters.evaluate(RunAfters.java:27)
	at org.junit.runners.ParentRunner.runLeaf(ParentRunner.java:271)
	at org.junit.runners.BlockJUnit4ClassRunner.runChild(BlockJUnit4ClassRunner.java:70)
	at org.junit.runners.BlockJUnit4ClassRunner.runChild(BlockJUnit4ClassRunner.java:50)
	at org.junit.runners.ParentRunner$3.run(ParentRunner.java:238)
	at org.junit.runners.ParentRunner$1.schedule(ParentRunner.java:63)
	at org.junit.runners.ParentRunner.runChildren(ParentRunner.java:236)
	at org.junit.runners.ParentRunner.access$000(ParentRunner.java:53)
	at org.junit.runners.ParentRunner$2.evaluate(ParentRunner.java:229)
	at org.junit.runners.ParentRunner.run(ParentRunner.java:309)
	at org.apache.maven.surefire.junit4.JUnit4Provider.execute(JUnit4Provider.java:365)
	at org.apache.maven.surefire.junit4.JUnit4Provider.executeWithRerun(JUnit4Provider.java:273)
	at org.apache.maven.surefire.junit4.JUnit4Provider.executeTestSet(JUnit4Provider.java:238)
	at org.apache.maven.surefire.junit4.JUnit4Provider.invoke(JUnit4Provider.java:159)
	at org.apache.maven.surefire.booter.ForkedBooter.invokeProviderInSameClassLoader(ForkedBooter.java:384)
	at org.apache.maven.surefire.booter.ForkedBooter.runSuitesInProcess(ForkedBooter.java:345)
	at org.apache.maven.surefire.booter.ForkedBooter.execute(ForkedBooter.java:126)
	at org.apache.maven.surefire.booter.ForkedBooter.main(ForkedBooter.java:418)

Aug 28, 2019 1:05:25 PM org.apache.ratis.thirdparty.io.grpc.internal.ManagedChannelOrphanWrapper$ManagedChannelReference cleanQueue
SEVERE: *~*~*~ Channel ManagedChannelImpl{logId=2700, target=192.168.69.80:43058} was not shutdown properly!!! ~*~*~*
    Make sure to call shutdown()/shutdownNow() and wait until awaitTermination() returns true.
java.lang.RuntimeException: ManagedChannel allocation site
	at org.apache.ratis.thirdparty.io.grpc.internal.ManagedChannelOrphanWrapper$ManagedChannelReference.<init>(ManagedChannelOrphanWrapper.java:103)
	at org.apache.ratis.thirdparty.io.grpc.internal.ManagedChannelOrphanWrapper.<init>(ManagedChannelOrphanWrapper.java:53)
	at org.apache.ratis.thirdparty.io.grpc.internal.ManagedChannelOrphanWrapper.<init>(ManagedChannelOrphanWrapper.java:44)
	at org.apache.ratis.thirdparty.io.grpc.internal.AbstractManagedChannelImplBuilder.build(AbstractManagedChannelImplBuilder.java:411)
	at org.apache.ratis.grpc.client.GrpcClientProtocolClient.<init>(GrpcClientProtocolClient.java:119)
	at org.apache.ratis.grpc.client.GrpcClientRpc.lambda$new$0(GrpcClientRpc.java:55)
	at org.apache.ratis.util.PeerProxyMap$PeerAndProxy.lambda$getProxy$0(PeerProxyMap.java:61)
	at org.apache.ratis.util.LifeCycle.startAndTransition(LifeCycle.java:202)
	at org.apache.ratis.util.PeerProxyMap$PeerAndProxy.getProxy(PeerProxyMap.java:60)
	at org.apache.ratis.util.PeerProxyMap.getProxy(PeerProxyMap.java:107)
	at org.apache.ratis.grpc.client.GrpcClientRpc.sendRequestAsync(GrpcClientRpc.java:66)
	at org.apache.ratis.client.impl.OrderedAsync.sendRequest(OrderedAsync.java:208)
	at org.apache.ratis.client.impl.OrderedAsync.sendRequestWithRetry(OrderedAsync.java:169)
	at org.apache.ratis.util.SlidingWindow$Client.sendOrDelayRequest(SlidingWindow.java:278)
	at org.apache.ratis.util.SlidingWindow$Client.retry(SlidingWindow.java:294)
	at org.apache.ratis.client.impl.OrderedAsync.lambda$scheduleWithTimeout$7(OrderedAsync.java:195)
	at org.apache.ratis.util.TimeoutScheduler.lambda$onTimeout$0(TimeoutScheduler.java:85)
	at org.apache.ratis.util.TimeoutScheduler.lambda$onTimeout$1(TimeoutScheduler.java:104)
	at org.apache.ratis.util.LogUtils.runAndLog(LogUtils.java:50)
	at org.apache.ratis.util.LogUtils$1.run(LogUtils.java:91)
	at java.util.concurrent.Executors$RunnableAdapter.call(Executors.java:511)
	at java.util.concurrent.FutureTask.run(FutureTask.java:266)
	at java.util.concurrent.ScheduledThreadPoolExecutor$ScheduledFutureTask.access$201(ScheduledThreadPoolExecutor.java:180)
	at java.util.concurrent.ScheduledThreadPoolExecutor$ScheduledFutureTask.run(ScheduledThreadPoolExecutor.java:293)
	at java.util.concurrent.ThreadPoolExecutor.runWorker(ThreadPoolExecutor.java:1149)
	at java.util.concurrent.ThreadPoolExecutor$Worker.run(ThreadPoolExecutor.java:624)
	at java.lang.Thread.run(Thread.java:748)

Aug 28, 2019 1:05:25 PM org.apache.ratis.thirdparty.io.grpc.internal.ManagedChannelOrphanWrapper$ManagedChannelReference cleanQueue
SEVERE: *~*~*~ Channel ManagedChannelImpl{logId=2734, target=192.168.69.80:46342} was not shutdown properly!!! ~*~*~*
    Make sure to call shutdown()/shutdownNow() and wait until awaitTermination() returns true.
java.lang.RuntimeException: ManagedChannel allocation site
	at org.apache.ratis.thirdparty.io.grpc.internal.ManagedChannelOrphanWrapper$ManagedChannelReference.<init>(ManagedChannelOrphanWrapper.java:103)
	at org.apache.ratis.thirdparty.io.grpc.internal.ManagedChannelOrphanWrapper.<init>(ManagedChannelOrphanWrapper.java:53)
	at org.apache.ratis.thirdparty.io.grpc.internal.ManagedChannelOrphanWrapper.<init>(ManagedChannelOrphanWrapper.java:44)
	at org.apache.ratis.thirdparty.io.grpc.internal.AbstractManagedChannelImplBuilder.build(AbstractManagedChannelImplBuilder.java:411)
	at org.apache.hadoop.hdds.scm.XceiverClientGrpc.connectToDatanode(XceiverClientGrpc.java:174)
	at org.apache.hadoop.hdds.scm.XceiverClientGrpc.reconnect(XceiverClientGrpc.java:422)
	at org.apache.hadoop.hdds.scm.XceiverClientGrpc.sendCommandAsync(XceiverClientGrpc.java:371)
	at org.apache.hadoop.hdds.scm.XceiverClientGrpc.sendCommandWithRetry(XceiverClientGrpc.java:284)
	at org.apache.hadoop.hdds.scm.XceiverClientGrpc.sendCommandWithTraceIDAndRetry(XceiverClientGrpc.java:250)
	at org.apache.hadoop.hdds.scm.XceiverClientGrpc.sendCommand(XceiverClientGrpc.java:233)
	at org.apache.hadoop.hdds.scm.storage.ContainerProtocolCalls.getBlock(ContainerProtocolCalls.java:118)
	at org.apache.hadoop.hdds.scm.storage.BlockInputStream.getChunkInfos(BlockInputStream.java:167)
	at org.apache.hadoop.hdds.scm.storage.BlockInputStream.initialize(BlockInputStream.java:118)
	at org.apache.hadoop.hdds.scm.storage.BlockInputStream.read(BlockInputStream.java:222)
	at org.apache.hadoop.ozone.client.io.KeyInputStream.read(KeyInputStream.java:171)
	at org.apache.hadoop.ozone.client.io.OzoneInputStream.read(OzoneInputStream.java:47)
	at java.io.InputStream.read(InputStream.java:101)
	at org.apache.hadoop.ozone.container.ContainerTestHelper.validateData(ContainerTestHelper.java:713)
	at org.apache.hadoop.ozone.client.rpc.TestBlockOutputStreamWithFailures.validateData(TestBlockOutputStreamWithFailures.java:1216)
	at org.apache.hadoop.ozone.client.rpc.TestBlockOutputStreamWithFailures.testDatanodeFailureWithSingleNodeRatis(TestBlockOutputStreamWithFailures.java:1058)
	at sun.reflect.NativeMethodAccessorImpl.invoke0(Native Method)
	at sun.reflect.NativeMethodAccessorImpl.invoke(NativeMethodAccessorImpl.java:62)
	at sun.reflect.DelegatingMethodAccessorImpl.invoke(DelegatingMethodAccessorImpl.java:43)
	at java.lang.reflect.Method.invoke(Method.java:498)
	at org.junit.runners.model.FrameworkMethod$1.runReflectiveCall(FrameworkMethod.java:47)
	at org.junit.internal.runners.model.ReflectiveCallable.run(ReflectiveCallable.java:12)
	at org.junit.runners.model.FrameworkMethod.invokeExplosively(FrameworkMethod.java:44)
	at org.junit.internal.runners.statements.InvokeMethod.evaluate(InvokeMethod.java:17)
	at org.junit.internal.runners.statements.RunBefores.evaluate(RunBefores.java:26)
	at org.junit.internal.runners.statements.RunAfters.evaluate(RunAfters.java:27)
	at org.junit.runners.ParentRunner.runLeaf(ParentRunner.java:271)
	at org.junit.runners.BlockJUnit4ClassRunner.runChild(BlockJUnit4ClassRunner.java:70)
	at org.junit.runners.BlockJUnit4ClassRunner.runChild(BlockJUnit4ClassRunner.java:50)
	at org.junit.runners.ParentRunner$3.run(ParentRunner.java:238)
	at org.junit.runners.ParentRunner$1.schedule(ParentRunner.java:63)
	at org.junit.runners.ParentRunner.runChildren(ParentRunner.java:236)
	at org.junit.runners.ParentRunner.access$000(ParentRunner.java:53)
	at org.junit.runners.ParentRunner$2.evaluate(ParentRunner.java:229)
	at org.junit.runners.ParentRunner.run(ParentRunner.java:309)
	at org.apache.maven.surefire.junit4.JUnit4Provider.execute(JUnit4Provider.java:365)
	at org.apache.maven.surefire.junit4.JUnit4Provider.executeWithRerun(JUnit4Provider.java:273)
	at org.apache.maven.surefire.junit4.JUnit4Provider.executeTestSet(JUnit4Provider.java:238)
	at org.apache.maven.surefire.junit4.JUnit4Provider.invoke(JUnit4Provider.java:159)
	at org.apache.maven.surefire.booter.ForkedBooter.invokeProviderInSameClassLoader(ForkedBooter.java:384)
	at org.apache.maven.surefire.booter.ForkedBooter.runSuitesInProcess(ForkedBooter.java:345)
	at org.apache.maven.surefire.booter.ForkedBooter.execute(ForkedBooter.java:126)
	at org.apache.maven.surefire.booter.ForkedBooter.main(ForkedBooter.java:418)

Aug 28, 2019 1:05:25 PM org.apache.ratis.thirdparty.io.grpc.internal.ManagedChannelOrphanWrapper$ManagedChannelReference cleanQueue
SEVERE: *~*~*~ Channel ManagedChannelImpl{logId=2704, target=192.168.69.80:36674} was not shutdown properly!!! ~*~*~*
    Make sure to call shutdown()/shutdownNow() and wait until awaitTermination() returns true.
java.lang.RuntimeException: ManagedChannel allocation site
	at org.apache.ratis.thirdparty.io.grpc.internal.ManagedChannelOrphanWrapper$ManagedChannelReference.<init>(ManagedChannelOrphanWrapper.java:103)
	at org.apache.ratis.thirdparty.io.grpc.internal.ManagedChannelOrphanWrapper.<init>(ManagedChannelOrphanWrapper.java:53)
	at org.apache.ratis.thirdparty.io.grpc.internal.ManagedChannelOrphanWrapper.<init>(ManagedChannelOrphanWrapper.java:44)
	at org.apache.ratis.thirdparty.io.grpc.internal.AbstractManagedChannelImplBuilder.build(AbstractManagedChannelImplBuilder.java:411)
	at org.apache.ratis.grpc.client.GrpcClientProtocolClient.<init>(GrpcClientProtocolClient.java:119)
	at org.apache.ratis.grpc.client.GrpcClientRpc.lambda$new$0(GrpcClientRpc.java:55)
	at org.apache.ratis.util.PeerProxyMap$PeerAndProxy.lambda$getProxy$0(PeerProxyMap.java:61)
	at org.apache.ratis.util.LifeCycle.startAndTransition(LifeCycle.java:202)
	at org.apache.ratis.util.PeerProxyMap$PeerAndProxy.getProxy(PeerProxyMap.java:60)
	at org.apache.ratis.util.PeerProxyMap.getProxy(PeerProxyMap.java:107)
	at org.apache.ratis.grpc.client.GrpcClientRpc.sendRequestAsync(GrpcClientRpc.java:66)
	at org.apache.ratis.client.impl.OrderedAsync.sendRequest(OrderedAsync.java:208)
	at org.apache.ratis.client.impl.OrderedAsync.sendRequestWithRetry(OrderedAsync.java:169)
	at org.apache.ratis.util.SlidingWindow$Client.sendOrDelayRequest(SlidingWindow.java:278)
	at org.apache.ratis.util.SlidingWindow$Client.submitNewRequest(SlidingWindow.java:257)
	at org.apache.ratis.client.impl.OrderedAsync.send(OrderedAsync.java:155)
	at org.apache.ratis.client.impl.RaftClientImpl.sendAsync(RaftClientImpl.java:145)
	at org.apache.ratis.client.impl.RaftClientImpl.sendAsync(RaftClientImpl.java:125)
	at org.apache.hadoop.hdds.scm.XceiverClientRatis.sendRequestAsync(XceiverClientRatis.java:224)
	at org.apache.hadoop.hdds.scm.XceiverClientRatis.sendCommandAsync(XceiverClientRatis.java:302)
	at org.apache.hadoop.hdds.scm.storage.ContainerProtocolCalls.writeChunkAsync(ContainerProtocolCalls.java:310)
	at org.apache.hadoop.hdds.scm.storage.BlockOutputStream.writeChunkToContainer(BlockOutputStream.java:601)
	at org.apache.hadoop.hdds.scm.storage.BlockOutputStream.writeChunk(BlockOutputStream.java:459)
	at org.apache.hadoop.hdds.scm.storage.BlockOutputStream.writeOnRetry(BlockOutputStream.java:285)
	at org.apache.hadoop.ozone.client.io.BlockOutputStreamEntry.writeOnRetry(BlockOutputStreamEntry.java:200)
	at org.apache.hadoop.ozone.client.io.KeyOutputStream.handleWrite(KeyOutputStream.java:209)
	at org.apache.hadoop.ozone.client.io.KeyOutputStream.handleRetry(KeyOutputStream.java:376)
	at org.apache.hadoop.ozone.client.io.KeyOutputStream.handleException(KeyOutputStream.java:325)
	at org.apache.hadoop.ozone.client.io.KeyOutputStream.handleFlushOrClose(KeyOutputStream.java:448)
	at org.apache.hadoop.ozone.client.io.KeyOutputStream.handleWrite(KeyOutputStream.java:235)
	at org.apache.hadoop.ozone.client.io.KeyOutputStream.write(KeyOutputStream.java:193)
	at org.apache.hadoop.ozone.client.io.OzoneOutputStream.write(OzoneOutputStream.java:49)
	at java.io.OutputStream.write(OutputStream.java:75)
	at org.apache.hadoop.ozone.client.rpc.TestBlockOutputStreamWithFailures.testDatanodeFailureWithSingleNodeRatis(TestBlockOutputStreamWithFailures.java:1021)
	at sun.reflect.NativeMethodAccessorImpl.invoke0(Native Method)
	at sun.reflect.NativeMethodAccessorImpl.invoke(NativeMethodAccessorImpl.java:62)
	at sun.reflect.DelegatingMethodAccessorImpl.invoke(DelegatingMethodAccessorImpl.java:43)
	at java.lang.reflect.Method.invoke(Method.java:498)
	at org.junit.runners.model.FrameworkMethod$1.runReflectiveCall(FrameworkMethod.java:47)
	at org.junit.internal.runners.model.ReflectiveCallable.run(ReflectiveCallable.java:12)
	at org.junit.runners.model.FrameworkMethod.invokeExplosively(FrameworkMethod.java:44)
	at org.junit.internal.runners.statements.InvokeMethod.evaluate(InvokeMethod.java:17)
	at org.junit.internal.runners.statements.RunBefores.evaluate(RunBefores.java:26)
	at org.junit.internal.runners.statements.RunAfters.evaluate(RunAfters.java:27)
	at org.junit.runners.ParentRunner.runLeaf(ParentRunner.java:271)
	at org.junit.runners.BlockJUnit4ClassRunner.runChild(BlockJUnit4ClassRunner.java:70)
	at org.junit.runners.BlockJUnit4ClassRunner.runChild(BlockJUnit4ClassRunner.java:50)
	at org.junit.runners.ParentRunner$3.run(ParentRunner.java:238)
	at org.junit.runners.ParentRunner$1.schedule(ParentRunner.java:63)
	at org.junit.runners.ParentRunner.runChildren(ParentRunner.java:236)
	at org.junit.runners.ParentRunner.access$000(ParentRunner.java:53)
	at org.junit.runners.ParentRunner$2.evaluate(ParentRunner.java:229)
	at org.junit.runners.ParentRunner.run(ParentRunner.java:309)
	at org.apache.maven.surefire.junit4.JUnit4Provider.execute(JUnit4Provider.java:365)
	at org.apache.maven.surefire.junit4.JUnit4Provider.executeWithRerun(JUnit4Provider.java:273)
	at org.apache.maven.surefire.junit4.JUnit4Provider.executeTestSet(JUnit4Provider.java:238)
	at org.apache.maven.surefire.junit4.JUnit4Provider.invoke(JUnit4Provider.java:159)
	at org.apache.maven.surefire.booter.ForkedBooter.invokeProviderInSameClassLoader(ForkedBooter.java:384)
	at org.apache.maven.surefire.booter.ForkedBooter.runSuitesInProcess(ForkedBooter.java:345)
	at org.apache.maven.surefire.booter.ForkedBooter.execute(ForkedBooter.java:126)
	at org.apache.maven.surefire.booter.ForkedBooter.main(ForkedBooter.java:418)

]]></system-err>
  </testcase>
  <testcase name="testFailureWithPrimeSizedData" classname="org.apache.hadoop.ozone.client.rpc.TestBlockOutputStreamWithFailures" time="35.229"/>
  <testcase name="testWatchForCommitWithCloseContainerException" classname="org.apache.hadoop.ozone.client.rpc.TestBlockOutputStreamWithFailures" time="43.245"/>
  <testcase name="testExceptionDuringClose" classname="org.apache.hadoop.ozone.client.rpc.TestBlockOutputStreamWithFailures" time="35.905"/>
</testsuite>