<?xml version="1.0" encoding="UTF-8"?>
<testsuite xmlns:xsi="http://www.w3.org/2001/XMLSchema-instance" xsi:noNamespaceSchemaLocation="https://maven.apache.org/surefire/maven-surefire-plugin/xsd/surefire-test-report.xsd" name="org.apache.hadoop.ozone.client.rpc.TestWatchForCommit" time="263.033" tests="5" errors="1" skipped="0" failures="0">
  <properties>
    <property name="awt.toolkit" value="sun.awt.X11.XToolkit"/>
    <property name="file.encoding.pkg" value="sun.io"/>
    <property name="java.specification.version" value="1.8"/>
    <property name="sun.cpu.isalist" value=""/>
    <property name="sun.jnu.encoding" value="UTF-8"/>
    <property name="java.class.path" value="/workdir/hadoop-ozone/integration-test/target/test-classes:/workdir/hadoop-ozone/integration-test/target/classes:/home/user/.m2/repository/org/apache/hadoop/hadoop-ozone-common/0.5.0-SNAPSHOT/hadoop-ozone-common-0.5.0-SNAPSHOT.jar:/home/user/.m2/repository/org/apache/commons/commons-compress/1.4.1/commons-compress-1.4.1.jar:/home/user/.m2/repository/org/tukaani/xz/1.0/xz-1.0.jar:/home/user/.m2/repository/org/apache/hadoop/hadoop-common/3.2.0/hadoop-common-3.2.0.jar:/home/user/.m2/repository/org/apache/hadoop/hadoop-hdfs/3.2.0/hadoop-hdfs-3.2.0.jar:/home/user/.m2/repository/org/apache/hadoop/hadoop-hdfs-client/3.2.0/hadoop-hdfs-client-3.2.0.jar:/home/user/.m2/repository/com/fasterxml/jackson/core/jackson-annotations/2.9.5/jackson-annotations-2.9.5.jar:/home/user/.m2/repository/org/apache/hadoop/hadoop-hdds-common/0.5.0-SNAPSHOT/hadoop-hdds-common-0.5.0-SNAPSHOT.jar:/home/user/.m2/repository/javax/annotation/javax.annotation-api/1.2/javax.annotation-api-1.2.jar:/home/user/.m2/repository/org/apache/ratis/ratis-server/0.4.0-2337318-SNAPSHOT/ratis-server-0.4.0-2337318-SNAPSHOT.jar:/home/user/.m2/repository/org/apache/ratis/ratis-thirdparty-misc/0.2.0/ratis-thirdparty-misc-0.2.0.jar:/home/user/.m2/repository/org/apache/ratis/ratis-proto/0.4.0-2337318-SNAPSHOT/ratis-proto-0.4.0-2337318-SNAPSHOT.jar:/home/user/.m2/repository/org/apache/ratis/ratis-common/0.4.0-2337318-SNAPSHOT/ratis-common-0.4.0-2337318-SNAPSHOT.jar:/home/user/.m2/repository/org/apache/ratis/ratis-client/0.4.0-2337318-SNAPSHOT/ratis-client-0.4.0-2337318-SNAPSHOT.jar:/home/user/.m2/repository/org/apache/ratis/ratis-metrics/0.4.0-2337318-SNAPSHOT/ratis-metrics-0.4.0-2337318-SNAPSHOT.jar:/home/user/.m2/repository/org/apache/ratis/ratis-netty/0.4.0-2337318-SNAPSHOT/ratis-netty-0.4.0-2337318-SNAPSHOT.jar:/home/user/.m2/repository/org/apache/ratis/ratis-grpc/0.4.0-2337318-SNAPSHOT/ratis-grpc-0.4.0-2337318-SNAPSHOT.jar:/home/user/.m2/repository/org/rocksdb/rocksdbjni/6.0.1/rocksdbjni-6.0.1.jar:/home/user/.m2/repository/org/apache/logging/log4j/log4j-api/2.11.0/log4j-api-2.11.0.jar:/home/user/.m2/repository/org/apache/logging/log4j/log4j-core/2.11.0/log4j-core-2.11.0.jar:/home/user/.m2/repository/com/lmax/disruptor/3.4.2/disruptor-3.4.2.jar:/home/user/.m2/repository/org/apache/commons/commons-pool2/2.6.0/commons-pool2-2.6.0.jar:/home/user/.m2/repository/org/bouncycastle/bcpkix-jdk15on/1.60/bcpkix-jdk15on-1.60.jar:/home/user/.m2/repository/commons-validator/commons-validator/1.6/commons-validator-1.6.jar:/home/user/.m2/repository/commons-digester/commons-digester/1.8.1/commons-digester-1.8.1.jar:/home/user/.m2/repository/io/jaegertracing/jaeger-client/0.33.1/jaeger-client-0.33.1.jar:/home/user/.m2/repository/io/jaegertracing/jaeger-thrift/0.33.1/jaeger-thrift-0.33.1.jar:/home/user/.m2/repository/org/apache/thrift/libthrift/0.11.0/libthrift-0.11.0.jar:/home/user/.m2/repository/com/squareup/okhttp3/okhttp/3.9.0/okhttp-3.9.0.jar:/home/user/.m2/repository/com/squareup/okio/okio/1.13.0/okio-1.13.0.jar:/home/user/.m2/repository/io/jaegertracing/jaeger-core/0.33.1/jaeger-core-0.33.1.jar:/home/user/.m2/repository/io/jaegertracing/jaeger-tracerresolver/0.33.1/jaeger-tracerresolver-0.33.1.jar:/home/user/.m2/repository/io/opentracing/contrib/opentracing-tracerresolver/0.1.5/opentracing-tracerresolver-0.1.5.jar:/home/user/.m2/repository/io/opentracing/opentracing-util/0.31.0/opentracing-util-0.31.0.jar:/home/user/.m2/repository/io/opentracing/opentracing-api/0.31.0/opentracing-api-0.31.0.jar:/home/user/.m2/repository/io/opentracing/opentracing-noop/0.31.0/opentracing-noop-0.31.0.jar:/home/user/.m2/repository/org/apache/hadoop/hadoop-hdds-server-framework/0.5.0-SNAPSHOT/hadoop-hdds-server-framework-0.5.0-SNAPSHOT.jar:/home/user/.m2/repository/org/apache/hadoop/hadoop-hdds-container-service/0.5.0-SNAPSHOT/hadoop-hdds-container-service-0.5.0-SNAPSHOT.jar:/home/user/.m2/repository/org/apache/hadoop/hadoop-hdds-client/0.5.0-SNAPSHOT/hadoop-hdds-client-0.5.0-SNAPSHOT.jar:/home/user/.m2/repository/org/apache/hadoop/hadoop-hdds-tools/0.5.0-SNAPSHOT/hadoop-hdds-tools-0.5.0-SNAPSHOT.jar:/home/user/.m2/repository/org/apache/hadoop/hadoop-hdds-server-scm/0.5.0-SNAPSHOT/hadoop-hdds-server-scm-0.5.0-SNAPSHOT.jar:/home/user/.m2/repository/org/apache/hadoop/hadoop-hdds-docs/0.5.0-SNAPSHOT/hadoop-hdds-docs-0.5.0-SNAPSHOT.jar:/home/user/.m2/repository/io/dropwizard/metrics/metrics-core/3.2.4/metrics-core-3.2.4.jar:/home/user/.m2/repository/org/hamcrest/hamcrest-all/1.3/hamcrest-all-1.3.jar:/home/user/.m2/repository/org/bouncycastle/bcprov-jdk15on/1.60/bcprov-jdk15on-1.60.jar:/home/user/.m2/repository/info/picocli/picocli/3.9.6/picocli-3.9.6.jar:/home/user/.m2/repository/com/google/protobuf/protobuf-java/2.5.0/protobuf-java-2.5.0.jar:/home/user/.m2/repository/com/google/guava/guava/11.0.2/guava-11.0.2.jar:/home/user/.m2/repository/org/apache/hadoop/hadoop-ozone-ozone-manager/0.5.0-SNAPSHOT/hadoop-ozone-ozone-manager-0.5.0-SNAPSHOT.jar:/home/user/.m2/repository/org/apache/hadoop/hadoop-minikdc/3.2.0/hadoop-minikdc-3.2.0.jar:/home/user/.m2/repository/commons-io/commons-io/2.5/commons-io-2.5.jar:/home/user/.m2/repository/org/apache/kerby/kerb-simplekdc/1.0.1/kerb-simplekdc-1.0.1.jar:/home/user/.m2/repository/org/apache/kerby/kerb-client/1.0.1/kerb-client-1.0.1.jar:/home/user/.m2/repository/org/apache/kerby/kerby-config/1.0.1/kerby-config-1.0.1.jar:/home/user/.m2/repository/org/apache/kerby/kerb-core/1.0.1/kerb-core-1.0.1.jar:/home/user/.m2/repository/org/apache/kerby/kerby-pkix/1.0.1/kerby-pkix-1.0.1.jar:/home/user/.m2/repository/org/apache/kerby/kerby-asn1/1.0.1/kerby-asn1-1.0.1.jar:/home/user/.m2/repository/org/apache/kerby/kerby-util/1.0.1/kerby-util-1.0.1.jar:/home/user/.m2/repository/org/apache/kerby/kerb-common/1.0.1/kerb-common-1.0.1.jar:/home/user/.m2/repository/org/apache/kerby/kerb-crypto/1.0.1/kerb-crypto-1.0.1.jar:/home/user/.m2/repository/org/apache/kerby/kerb-util/1.0.1/kerb-util-1.0.1.jar:/home/user/.m2/repository/org/apache/kerby/token-provider/1.0.1/token-provider-1.0.1.jar:/home/user/.m2/repository/org/apache/kerby/kerb-admin/1.0.1/kerb-admin-1.0.1.jar:/home/user/.m2/repository/org/apache/kerby/kerb-server/1.0.1/kerb-server-1.0.1.jar:/home/user/.m2/repository/org/apache/kerby/kerb-identity/1.0.1/kerb-identity-1.0.1.jar:/home/user/.m2/repository/org/apache/kerby/kerby-xdr/1.0.1/kerby-xdr-1.0.1.jar:/home/user/.m2/repository/org/slf4j/slf4j-log4j12/1.7.25/slf4j-log4j12-1.7.25.jar:/home/user/.m2/repository/org/apache/hadoop/hadoop-ozone-objectstore-service/0.5.0-SNAPSHOT/hadoop-ozone-objectstore-service-0.5.0-SNAPSHOT.jar:/home/user/.m2/repository/org/apache/hadoop/hadoop-ozone-s3gateway/0.5.0-SNAPSHOT/hadoop-ozone-s3gateway-0.5.0-SNAPSHOT.jar:/home/user/.m2/repository/org/jboss/weld/servlet/weld-servlet/2.4.7.Final/weld-servlet-2.4.7.Final.jar:/home/user/.m2/repository/org/glassfish/jersey/containers/jersey-container-servlet-core/2.27/jersey-container-servlet-core-2.27.jar:/home/user/.m2/repository/org/glassfish/hk2/external/javax.inject/2.5.0-b42/javax.inject-2.5.0-b42.jar:/home/user/.m2/repository/org/glassfish/jersey/core/jersey-common/2.27/jersey-common-2.27.jar:/home/user/.m2/repository/org/glassfish/hk2/osgi-resource-locator/1.0.1/osgi-resource-locator-1.0.1.jar:/home/user/.m2/repository/javax/ws/rs/javax.ws.rs-api/2.1/javax.ws.rs-api-2.1.jar:/home/user/.m2/repository/org/glassfish/jersey/ext/cdi/jersey-cdi1x/2.27/jersey-cdi1x-2.27.jar:/home/user/.m2/repository/org/glassfish/jersey/inject/jersey-hk2/2.27/jersey-hk2-2.27.jar:/home/user/.m2/repository/org/glassfish/hk2/hk2-locator/2.5.0-b42/hk2-locator-2.5.0-b42.jar:/home/user/.m2/repository/org/javassist/javassist/3.22.0-CR2/javassist-3.22.0-CR2.jar:/home/user/.m2/repository/org/glassfish/hk2/hk2-api/2.5.0/hk2-api-2.5.0.jar:/home/user/.m2/repository/org/glassfish/hk2/external/jakarta.inject/2.5.0/jakarta.inject-2.5.0.jar:/home/user/.m2/repository/org/glassfish/hk2/hk2-utils/2.5.0/hk2-utils-2.5.0.jar:/home/user/.m2/repository/jakarta/annotation/jakarta.annotation-api/1.3.4/jakarta.annotation-api-1.3.4.jar:/home/user/.m2/repository/org/glassfish/hk2/external/aopalliance-repackaged/2.5.0/aopalliance-repackaged-2.5.0.jar:/home/user/.m2/repository/com/fasterxml/jackson/dataformat/jackson-dataformat-xml/2.9.0/jackson-dataformat-xml-2.9.0.jar:/home/user/.m2/repository/com/fasterxml/jackson/core/jackson-core/2.9.5/jackson-core-2.9.5.jar:/home/user/.m2/repository/com/fasterxml/jackson/module/jackson-module-jaxb-annotations/2.9.5/jackson-module-jaxb-annotations-2.9.5.jar:/home/user/.m2/repository/javax/enterprise/cdi-api/1.2/cdi-api-1.2.jar:/home/user/.m2/repository/javax/el/javax.el-api/3.0.0/javax.el-api-3.0.0.jar:/home/user/.m2/repository/javax/interceptor/javax.interceptor-api/1.2/javax.interceptor-api-1.2.jar:/home/user/.m2/repository/javax/inject/javax.inject/1/javax.inject-1.jar:/home/user/.m2/repository/com/sun/xml/bind/jaxb-impl/2.3.0.1/jaxb-impl-2.3.0.1.jar:/home/user/.m2/repository/com/sun/xml/bind/jaxb-core/2.3.0.1/jaxb-core-2.3.0.1.jar:/home/user/.m2/repository/javax/xml/bind/jaxb-api/2.3.0/jaxb-api-2.3.0.jar:/home/user/.m2/repository/javax/activation/activation/1.1.1/activation-1.1.1.jar:/home/user/.m2/repository/org/apache/hadoop/hadoop-ozone-csi/0.5.0-SNAPSHOT/hadoop-ozone-csi-0.5.0-SNAPSHOT.jar:/home/user/.m2/repository/com/google/protobuf/protobuf-java-util/3.5.1/protobuf-java-util-3.5.1.jar:/home/user/.m2/repository/org/apache/hadoop/hadoop-hdds-config/0.5.0-SNAPSHOT/hadoop-hdds-config-0.5.0-SNAPSHOT.jar:/home/user/.m2/repository/io/grpc/grpc-netty/1.17.1/grpc-netty-1.17.1.jar:/home/user/.m2/repository/io/grpc/grpc-core/1.17.1/grpc-core-1.17.1.jar:/home/user/.m2/repository/io/grpc/grpc-context/1.17.1/grpc-context-1.17.1.jar:/home/user/.m2/repository/com/google/errorprone/error_prone_annotations/2.2.0/error_prone_annotations-2.2.0.jar:/home/user/.m2/repository/org/codehaus/mojo/animal-sniffer-annotations/1.17/animal-sniffer-annotations-1.17.jar:/home/user/.m2/repository/io/opencensus/opencensus-api/0.17.0/opencensus-api-0.17.0.jar:/home/user/.m2/repository/io/opencensus/opencensus-contrib-grpc-metrics/0.17.0/opencensus-contrib-grpc-metrics-0.17.0.jar:/home/user/.m2/repository/io/netty/netty-codec-http2/4.1.30.Final/netty-codec-http2-4.1.30.Final.jar:/home/user/.m2/repository/io/netty/netty-codec-http/4.1.30.Final/netty-codec-http-4.1.30.Final.jar:/home/user/.m2/repository/io/netty/netty-codec/4.1.30.Final/netty-codec-4.1.30.Final.jar:/home/user/.m2/repository/io/netty/netty-handler/4.1.30.Final/netty-handler-4.1.30.Final.jar:/home/user/.m2/repository/io/netty/netty-handler-proxy/4.1.30.Final/netty-handler-proxy-4.1.30.Final.jar:/home/user/.m2/repository/io/netty/netty-codec-socks/4.1.30.Final/netty-codec-socks-4.1.30.Final.jar:/home/user/.m2/repository/io/netty/netty-transport-native-epoll/4.1.30.Final/netty-transport-native-epoll-4.1.30.Final.jar:/home/user/.m2/repository/io/netty/netty-common/4.1.30.Final/netty-common-4.1.30.Final.jar:/home/user/.m2/repository/io/netty/netty-buffer/4.1.30.Final/netty-buffer-4.1.30.Final.jar:/home/user/.m2/repository/io/netty/netty-transport/4.1.30.Final/netty-transport-4.1.30.Final.jar:/home/user/.m2/repository/io/netty/netty-resolver/4.1.30.Final/netty-resolver-4.1.30.Final.jar:/home/user/.m2/repository/io/netty/netty-transport-native-unix-common/4.1.30.Final/netty-transport-native-unix-common-4.1.30.Final.jar:/home/user/.m2/repository/io/grpc/grpc-protobuf/1.17.1/grpc-protobuf-1.17.1.jar:/home/user/.m2/repository/com/google/api/grpc/proto-google-common-protos/1.0.0/proto-google-common-protos-1.0.0.jar:/home/user/.m2/repository/io/grpc/grpc-protobuf-lite/1.17.1/grpc-protobuf-lite-1.17.1.jar:/home/user/.m2/repository/io/grpc/grpc-stub/1.17.1/grpc-stub-1.17.1.jar:/home/user/.m2/repository/org/apache/hadoop/hadoop-ozone-recon/0.5.0-SNAPSHOT/hadoop-ozone-recon-0.5.0-SNAPSHOT.jar:/home/user/.m2/repository/org/apache/hadoop/hadoop-ozone-reconcodegen/0.5.0-SNAPSHOT/hadoop-ozone-reconcodegen-0.5.0-SNAPSHOT.jar:/home/user/.m2/repository/com/google/inject/extensions/guice-multibindings/4.0/guice-multibindings-4.0.jar:/home/user/.m2/repository/com/google/inject/guice/4.0/guice-4.0.jar:/home/user/.m2/repository/aopalliance/aopalliance/1.0/aopalliance-1.0.jar:/home/user/.m2/repository/com/google/inject/extensions/guice-servlet/4.0/guice-servlet-4.0.jar:/home/user/.m2/repository/org/glassfish/jersey/containers/jersey-container-servlet/2.27/jersey-container-servlet-2.27.jar:/home/user/.m2/repository/org/glassfish/hk2/guice-bridge/2.5.0/guice-bridge-2.5.0.jar:/home/user/.m2/repository/org/glassfish/jersey/core/jersey-server/2.27/jersey-server-2.27.jar:/home/user/.m2/repository/org/glassfish/jersey/core/jersey-client/2.27/jersey-client-2.27.jar:/home/user/.m2/repository/org/glassfish/jersey/media/jersey-media-jaxb/2.27/jersey-media-jaxb-2.27.jar:/home/user/.m2/repository/javax/validation/validation-api/1.1.0.Final/validation-api-1.1.0.Final.jar:/home/user/.m2/repository/org/glassfish/jersey/media/jersey-media-json-jackson/2.27/jersey-media-json-jackson-2.27.jar:/home/user/.m2/repository/org/glassfish/jersey/ext/jersey-entity-filtering/2.27/jersey-entity-filtering-2.27.jar:/home/user/.m2/repository/com/google/inject/extensions/guice-assistedinject/4.0/guice-assistedinject-4.0.jar:/home/user/.m2/repository/org/jooq/jooq/3.11.10/jooq-3.11.10.jar:/home/user/.m2/repository/org/jooq/jooq-meta/3.11.10/jooq-meta-3.11.10.jar:/home/user/.m2/repository/org/jooq/jooq-codegen/3.11.10/jooq-codegen-3.11.10.jar:/home/user/.m2/repository/com/jolbox/bonecp/0.8.0.RELEASE/bonecp-0.8.0.RELEASE.jar:/home/user/.m2/repository/org/xerial/sqlite-jdbc/3.25.2/sqlite-jdbc-3.25.2.jar:/home/user/.m2/repository/org/springframework/spring-jdbc/5.1.3.RELEASE/spring-jdbc-5.1.3.RELEASE.jar:/home/user/.m2/repository/org/springframework/spring-beans/5.1.3.RELEASE/spring-beans-5.1.3.RELEASE.jar:/home/user/.m2/repository/org/springframework/spring-core/5.1.3.RELEASE/spring-core-5.1.3.RELEASE.jar:/home/user/.m2/repository/org/springframework/spring-jcl/5.1.3.RELEASE/spring-jcl-5.1.3.RELEASE.jar:/home/user/.m2/repository/org/springframework/spring-tx/5.1.3.RELEASE/spring-tx-5.1.3.RELEASE.jar:/home/user/.m2/repository/org/apache/hadoop/hadoop-ozone-client/0.5.0-SNAPSHOT/hadoop-ozone-client-0.5.0-SNAPSHOT.jar:/home/user/.m2/repository/commons-lang/commons-lang/2.6/commons-lang-2.6.jar:/home/user/.m2/repository/org/apache/hadoop/hadoop-ozone-ozone-manager/0.5.0-SNAPSHOT/hadoop-ozone-ozone-manager-0.5.0-SNAPSHOT-tests.jar:/home/user/.m2/repository/junit/junit/4.11/junit-4.11.jar:/home/user/.m2/repository/org/hamcrest/hamcrest-core/1.3/hamcrest-core-1.3.jar:/home/user/.m2/repository/org/openjdk/jmh/jmh-core/1.19/jmh-core-1.19.jar:/home/user/.m2/repository/net/sf/jopt-simple/jopt-simple/4.6/jopt-simple-4.6.jar:/home/user/.m2/repository/org/apache/commons/commons-math3/3.1.1/commons-math3-3.1.1.jar:/home/user/.m2/repository/org/openjdk/jmh/jmh-generator-annprocess/1.19/jmh-generator-annprocess-1.19.jar:/home/user/.m2/repository/org/mockito/mockito-all/1.8.5/mockito-all-1.8.5.jar:/home/user/.m2/repository/org/apache/hadoop/hadoop-kms/3.2.0/hadoop-kms-3.2.0.jar:/home/user/.m2/repository/org/apache/hadoop/hadoop-auth/3.2.0/hadoop-auth-3.2.0.jar:/home/user/.m2/repository/com/nimbusds/nimbus-jose-jwt/4.41.1/nimbus-jose-jwt-4.41.1.jar:/home/user/.m2/repository/com/github/stephenc/jcip/jcip-annotations/1.0-1/jcip-annotations-1.0-1.jar:/home/user/.m2/repository/net/minidev/json-smart/2.3/json-smart-2.3.jar:/home/user/.m2/repository/net/minidev/accessors-smart/1.2/accessors-smart-1.2.jar:/home/user/.m2/repository/org/ow2/asm/asm/5.0.4/asm-5.0.4.jar:/home/user/.m2/repository/org/apache/curator/curator-framework/2.12.0/curator-framework-2.12.0.jar:/home/user/.m2/repository/com/sun/jersey/jersey-core/1.19/jersey-core-1.19.jar:/home/user/.m2/repository/javax/ws/rs/jsr311-api/1.1.1/jsr311-api-1.1.1.jar:/home/user/.m2/repository/com/sun/jersey/jersey-server/1.19/jersey-server-1.19.jar:/home/user/.m2/repository/javax/servlet/javax.servlet-api/3.1.0/javax.servlet-api-3.1.0.jar:/home/user/.m2/repository/org/eclipse/jetty/jetty-server/9.3.24.v20180605/jetty-server-9.3.24.v20180605.jar:/home/user/.m2/repository/org/eclipse/jetty/jetty-http/9.3.24.v20180605/jetty-http-9.3.24.v20180605.jar:/home/user/.m2/repository/org/eclipse/jetty/jetty-io/9.3.24.v20180605/jetty-io-9.3.24.v20180605.jar:/home/user/.m2/repository/org/eclipse/jetty/jetty-webapp/9.3.24.v20180605/jetty-webapp-9.3.24.v20180605.jar:/home/user/.m2/repository/org/eclipse/jetty/jetty-xml/9.3.24.v20180605/jetty-xml-9.3.24.v20180605.jar:/home/user/.m2/repository/log4j/log4j/1.2.17/log4j-1.2.17.jar:/home/user/.m2/repository/org/slf4j/slf4j-api/1.7.25/slf4j-api-1.7.25.jar:/home/user/.m2/repository/org/slf4j/jul-to-slf4j/1.7.25/jul-to-slf4j-1.7.25.jar:/home/user/.m2/repository/org/eclipse/jetty/jetty-util/9.3.24.v20180605/jetty-util-9.3.24.v20180605.jar:/home/user/.m2/repository/com/fasterxml/jackson/core/jackson-databind/2.9.5/jackson-databind-2.9.5.jar:/home/user/.m2/repository/org/apache/hadoop/hadoop-kms/3.2.0/hadoop-kms-3.2.0-tests.jar:/home/user/.m2/repository/org/apache/hadoop/hadoop-hdds-server-scm/0.5.0-SNAPSHOT/hadoop-hdds-server-scm-0.5.0-SNAPSHOT-tests.jar:/home/user/.m2/repository/org/apache/hadoop/hadoop-hdds-container-service/0.5.0-SNAPSHOT/hadoop-hdds-container-service-0.5.0-SNAPSHOT-tests.jar:/home/user/.m2/repository/org/yaml/snakeyaml/1.16/snakeyaml-1.16.jar:/home/user/.m2/repository/org/apache/hadoop/hadoop-common/3.2.0/hadoop-common-3.2.0-tests.jar:/home/user/.m2/repository/org/apache/hadoop/hadoop-annotations/3.2.0/hadoop-annotations-3.2.0.jar:/usr/lib/jvm/java-1.8-openjdk/jre/../lib/tools.jar:/home/user/.m2/repository/commons-cli/commons-cli/1.2/commons-cli-1.2.jar:/home/user/.m2/repository/org/apache/httpcomponents/httpclient/4.5.2/httpclient-4.5.2.jar:/home/user/.m2/repository/org/apache/httpcomponents/httpcore/4.4.4/httpcore-4.4.4.jar:/home/user/.m2/repository/commons-codec/commons-codec/1.11/commons-codec-1.11.jar:/home/user/.m2/repository/commons-net/commons-net/3.6/commons-net-3.6.jar:/home/user/.m2/repository/commons-collections/commons-collections/3.2.2/commons-collections-3.2.2.jar:/home/user/.m2/repository/org/eclipse/jetty/jetty-servlet/9.3.24.v20180605/jetty-servlet-9.3.24.v20180605.jar:/home/user/.m2/repository/org/eclipse/jetty/jetty-security/9.3.24.v20180605/jetty-security-9.3.24.v20180605.jar:/home/user/.m2/repository/javax/servlet/jsp/jsp-api/2.1/jsp-api-2.1.jar:/home/user/.m2/repository/com/sun/jersey/jersey-servlet/1.19/jersey-servlet-1.19.jar:/home/user/.m2/repository/com/sun/jersey/jersey-json/1.19/jersey-json-1.19.jar:/home/user/.m2/repository/org/codehaus/jettison/jettison/1.1/jettison-1.1.jar:/home/user/.m2/repository/org/codehaus/jackson/jackson-core-asl/1.9.13/jackson-core-asl-1.9.13.jar:/home/user/.m2/repository/org/codehaus/jackson/jackson-mapper-asl/1.9.13/jackson-mapper-asl-1.9.13.jar:/home/user/.m2/repository/org/codehaus/jackson/jackson-jaxrs/1.9.13/jackson-jaxrs-1.9.13.jar:/home/user/.m2/repository/org/codehaus/jackson/jackson-xc/1.9.13/jackson-xc-1.9.13.jar:/home/user/.m2/repository/commons-logging/commons-logging/1.1.3/commons-logging-1.1.3.jar:/home/user/.m2/repository/commons-beanutils/commons-beanutils/1.9.3/commons-beanutils-1.9.3.jar:/home/user/.m2/repository/org/apache/commons/commons-configuration2/2.1.1/commons-configuration2-2.1.1.jar:/home/user/.m2/repository/org/apache/commons/commons-lang3/3.7/commons-lang3-3.7.jar:/home/user/.m2/repository/org/apache/commons/commons-text/1.4/commons-text-1.4.jar:/home/user/.m2/repository/org/apache/avro/avro/1.7.7/avro-1.7.7.jar:/home/user/.m2/repository/com/thoughtworks/paranamer/paranamer/2.3/paranamer-2.3.jar:/home/user/.m2/repository/org/xerial/snappy/snappy-java/1.0.5/snappy-java-1.0.5.jar:/home/user/.m2/repository/com/google/re2j/re2j/1.1/re2j-1.1.jar:/home/user/.m2/repository/com/google/code/gson/gson/2.2.4/gson-2.2.4.jar:/home/user/.m2/repository/com/jcraft/jsch/0.1.54/jsch-0.1.54.jar:/home/user/.m2/repository/org/apache/curator/curator-client/2.12.0/curator-client-2.12.0.jar:/home/user/.m2/repository/org/apache/curator/curator-recipes/2.12.0/curator-recipes-2.12.0.jar:/home/user/.m2/repository/com/google/code/findbugs/jsr305/3.0.0/jsr305-3.0.0.jar:/home/user/.m2/repository/org/apache/htrace/htrace-core4/4.1.0-incubating/htrace-core4-4.1.0-incubating.jar:/home/user/.m2/repository/org/apache/zookeeper/zookeeper/3.4.13/zookeeper-3.4.13.jar:/home/user/.m2/repository/org/apache/yetus/audience-annotations/0.5.0/audience-annotations-0.5.0.jar:/home/user/.m2/repository/org/codehaus/woodstox/stax2-api/3.1.4/stax2-api-3.1.4.jar:/home/user/.m2/repository/com/fasterxml/woodstox/woodstox-core/5.0.3/woodstox-core-5.0.3.jar:/home/user/.m2/repository/dnsjava/dnsjava/2.1.7/dnsjava-2.1.7.jar:/home/user/.m2/repository/org/apache/hadoop/hadoop-hdfs/3.2.0/hadoop-hdfs-3.2.0-tests.jar:/home/user/.m2/repository/org/eclipse/jetty/jetty-util-ajax/9.3.24.v20180605/jetty-util-ajax-9.3.24.v20180605.jar:/home/user/.m2/repository/commons-daemon/commons-daemon/1.0.13/commons-daemon-1.0.13.jar:/home/user/.m2/repository/io/netty/netty/3.10.5.Final/netty-3.10.5.Final.jar:/home/user/.m2/repository/io/netty/netty-all/4.0.52.Final/netty-all-4.0.52.Final.jar:/home/user/.m2/repository/org/fusesource/leveldbjni/leveldbjni-all/1.8/leveldbjni-all-1.8.jar:"/>
    <property name="java.vm.vendor" value="IcedTea"/>
    <property name="sun.arch.data.model" value="64"/>
    <property name="test.build.dir" value="/workdir/hadoop-ozone/integration-test/target/test-dir"/>
    <property name="test.cache.data" value=""/>
    <property name="java.vendor.url" value="https://icedtea.classpath.org"/>
    <property name="user.timezone" value=""/>
    <property name="java.vm.specification.version" value="1.8"/>
    <property name="os.name" value="Linux"/>
    <property name="test.build.data" value="/workdir/hadoop-ozone/integration-test/target/test-dir"/>
    <property name="user.country" value="US"/>
    <property name="sun.java.launcher" value="SUN_STANDARD"/>
    <property name="sun.boot.library.path" value="/usr/lib/jvm/java-1.8-openjdk/jre/lib/amd64"/>
    <property name="sun.java.command" value="/workdir/hadoop-ozone/integration-test/target/surefire/surefirebooter5248893756045331785.jar /workdir/hadoop-ozone/integration-test/target/surefire 2019-08-28T12-46-49_387-jvmRun1 surefire4477321258816921380tmp surefire_233869178149935357240tmp"/>
    <property name="test" value="!TestMiniChaosOzoneCluster"/>
    <property name="surefire.test.class.path" value="/workdir/hadoop-ozone/integration-test/target/test-classes:/workdir/hadoop-ozone/integration-test/target/classes:/home/user/.m2/repository/org/apache/hadoop/hadoop-ozone-common/0.5.0-SNAPSHOT/hadoop-ozone-common-0.5.0-SNAPSHOT.jar:/home/user/.m2/repository/org/apache/commons/commons-compress/1.4.1/commons-compress-1.4.1.jar:/home/user/.m2/repository/org/tukaani/xz/1.0/xz-1.0.jar:/home/user/.m2/repository/org/apache/hadoop/hadoop-common/3.2.0/hadoop-common-3.2.0.jar:/home/user/.m2/repository/org/apache/hadoop/hadoop-hdfs/3.2.0/hadoop-hdfs-3.2.0.jar:/home/user/.m2/repository/org/apache/hadoop/hadoop-hdfs-client/3.2.0/hadoop-hdfs-client-3.2.0.jar:/home/user/.m2/repository/com/fasterxml/jackson/core/jackson-annotations/2.9.5/jackson-annotations-2.9.5.jar:/home/user/.m2/repository/org/apache/hadoop/hadoop-hdds-common/0.5.0-SNAPSHOT/hadoop-hdds-common-0.5.0-SNAPSHOT.jar:/home/user/.m2/repository/javax/annotation/javax.annotation-api/1.2/javax.annotation-api-1.2.jar:/home/user/.m2/repository/org/apache/ratis/ratis-server/0.4.0-2337318-SNAPSHOT/ratis-server-0.4.0-2337318-SNAPSHOT.jar:/home/user/.m2/repository/org/apache/ratis/ratis-thirdparty-misc/0.2.0/ratis-thirdparty-misc-0.2.0.jar:/home/user/.m2/repository/org/apache/ratis/ratis-proto/0.4.0-2337318-SNAPSHOT/ratis-proto-0.4.0-2337318-SNAPSHOT.jar:/home/user/.m2/repository/org/apache/ratis/ratis-common/0.4.0-2337318-SNAPSHOT/ratis-common-0.4.0-2337318-SNAPSHOT.jar:/home/user/.m2/repository/org/apache/ratis/ratis-client/0.4.0-2337318-SNAPSHOT/ratis-client-0.4.0-2337318-SNAPSHOT.jar:/home/user/.m2/repository/org/apache/ratis/ratis-metrics/0.4.0-2337318-SNAPSHOT/ratis-metrics-0.4.0-2337318-SNAPSHOT.jar:/home/user/.m2/repository/org/apache/ratis/ratis-netty/0.4.0-2337318-SNAPSHOT/ratis-netty-0.4.0-2337318-SNAPSHOT.jar:/home/user/.m2/repository/org/apache/ratis/ratis-grpc/0.4.0-2337318-SNAPSHOT/ratis-grpc-0.4.0-2337318-SNAPSHOT.jar:/home/user/.m2/repository/org/rocksdb/rocksdbjni/6.0.1/rocksdbjni-6.0.1.jar:/home/user/.m2/repository/org/apache/logging/log4j/log4j-api/2.11.0/log4j-api-2.11.0.jar:/home/user/.m2/repository/org/apache/logging/log4j/log4j-core/2.11.0/log4j-core-2.11.0.jar:/home/user/.m2/repository/com/lmax/disruptor/3.4.2/disruptor-3.4.2.jar:/home/user/.m2/repository/org/apache/commons/commons-pool2/2.6.0/commons-pool2-2.6.0.jar:/home/user/.m2/repository/org/bouncycastle/bcpkix-jdk15on/1.60/bcpkix-jdk15on-1.60.jar:/home/user/.m2/repository/commons-validator/commons-validator/1.6/commons-validator-1.6.jar:/home/user/.m2/repository/commons-digester/commons-digester/1.8.1/commons-digester-1.8.1.jar:/home/user/.m2/repository/io/jaegertracing/jaeger-client/0.33.1/jaeger-client-0.33.1.jar:/home/user/.m2/repository/io/jaegertracing/jaeger-thrift/0.33.1/jaeger-thrift-0.33.1.jar:/home/user/.m2/repository/org/apache/thrift/libthrift/0.11.0/libthrift-0.11.0.jar:/home/user/.m2/repository/com/squareup/okhttp3/okhttp/3.9.0/okhttp-3.9.0.jar:/home/user/.m2/repository/com/squareup/okio/okio/1.13.0/okio-1.13.0.jar:/home/user/.m2/repository/io/jaegertracing/jaeger-core/0.33.1/jaeger-core-0.33.1.jar:/home/user/.m2/repository/io/jaegertracing/jaeger-tracerresolver/0.33.1/jaeger-tracerresolver-0.33.1.jar:/home/user/.m2/repository/io/opentracing/contrib/opentracing-tracerresolver/0.1.5/opentracing-tracerresolver-0.1.5.jar:/home/user/.m2/repository/io/opentracing/opentracing-util/0.31.0/opentracing-util-0.31.0.jar:/home/user/.m2/repository/io/opentracing/opentracing-api/0.31.0/opentracing-api-0.31.0.jar:/home/user/.m2/repository/io/opentracing/opentracing-noop/0.31.0/opentracing-noop-0.31.0.jar:/home/user/.m2/repository/org/apache/hadoop/hadoop-hdds-server-framework/0.5.0-SNAPSHOT/hadoop-hdds-server-framework-0.5.0-SNAPSHOT.jar:/home/user/.m2/repository/org/apache/hadoop/hadoop-hdds-container-service/0.5.0-SNAPSHOT/hadoop-hdds-container-service-0.5.0-SNAPSHOT.jar:/home/user/.m2/repository/org/apache/hadoop/hadoop-hdds-client/0.5.0-SNAPSHOT/hadoop-hdds-client-0.5.0-SNAPSHOT.jar:/home/user/.m2/repository/org/apache/hadoop/hadoop-hdds-tools/0.5.0-SNAPSHOT/hadoop-hdds-tools-0.5.0-SNAPSHOT.jar:/home/user/.m2/repository/org/apache/hadoop/hadoop-hdds-server-scm/0.5.0-SNAPSHOT/hadoop-hdds-server-scm-0.5.0-SNAPSHOT.jar:/home/user/.m2/repository/org/apache/hadoop/hadoop-hdds-docs/0.5.0-SNAPSHOT/hadoop-hdds-docs-0.5.0-SNAPSHOT.jar:/home/user/.m2/repository/io/dropwizard/metrics/metrics-core/3.2.4/metrics-core-3.2.4.jar:/home/user/.m2/repository/org/hamcrest/hamcrest-all/1.3/hamcrest-all-1.3.jar:/home/user/.m2/repository/org/bouncycastle/bcprov-jdk15on/1.60/bcprov-jdk15on-1.60.jar:/home/user/.m2/repository/info/picocli/picocli/3.9.6/picocli-3.9.6.jar:/home/user/.m2/repository/com/google/protobuf/protobuf-java/2.5.0/protobuf-java-2.5.0.jar:/home/user/.m2/repository/com/google/guava/guava/11.0.2/guava-11.0.2.jar:/home/user/.m2/repository/org/apache/hadoop/hadoop-ozone-ozone-manager/0.5.0-SNAPSHOT/hadoop-ozone-ozone-manager-0.5.0-SNAPSHOT.jar:/home/user/.m2/repository/org/apache/hadoop/hadoop-minikdc/3.2.0/hadoop-minikdc-3.2.0.jar:/home/user/.m2/repository/commons-io/commons-io/2.5/commons-io-2.5.jar:/home/user/.m2/repository/org/apache/kerby/kerb-simplekdc/1.0.1/kerb-simplekdc-1.0.1.jar:/home/user/.m2/repository/org/apache/kerby/kerb-client/1.0.1/kerb-client-1.0.1.jar:/home/user/.m2/repository/org/apache/kerby/kerby-config/1.0.1/kerby-config-1.0.1.jar:/home/user/.m2/repository/org/apache/kerby/kerb-core/1.0.1/kerb-core-1.0.1.jar:/home/user/.m2/repository/org/apache/kerby/kerby-pkix/1.0.1/kerby-pkix-1.0.1.jar:/home/user/.m2/repository/org/apache/kerby/kerby-asn1/1.0.1/kerby-asn1-1.0.1.jar:/home/user/.m2/repository/org/apache/kerby/kerby-util/1.0.1/kerby-util-1.0.1.jar:/home/user/.m2/repository/org/apache/kerby/kerb-common/1.0.1/kerb-common-1.0.1.jar:/home/user/.m2/repository/org/apache/kerby/kerb-crypto/1.0.1/kerb-crypto-1.0.1.jar:/home/user/.m2/repository/org/apache/kerby/kerb-util/1.0.1/kerb-util-1.0.1.jar:/home/user/.m2/repository/org/apache/kerby/token-provider/1.0.1/token-provider-1.0.1.jar:/home/user/.m2/repository/org/apache/kerby/kerb-admin/1.0.1/kerb-admin-1.0.1.jar:/home/user/.m2/repository/org/apache/kerby/kerb-server/1.0.1/kerb-server-1.0.1.jar:/home/user/.m2/repository/org/apache/kerby/kerb-identity/1.0.1/kerb-identity-1.0.1.jar:/home/user/.m2/repository/org/apache/kerby/kerby-xdr/1.0.1/kerby-xdr-1.0.1.jar:/home/user/.m2/repository/org/slf4j/slf4j-log4j12/1.7.25/slf4j-log4j12-1.7.25.jar:/home/user/.m2/repository/org/apache/hadoop/hadoop-ozone-objectstore-service/0.5.0-SNAPSHOT/hadoop-ozone-objectstore-service-0.5.0-SNAPSHOT.jar:/home/user/.m2/repository/org/apache/hadoop/hadoop-ozone-s3gateway/0.5.0-SNAPSHOT/hadoop-ozone-s3gateway-0.5.0-SNAPSHOT.jar:/home/user/.m2/repository/org/jboss/weld/servlet/weld-servlet/2.4.7.Final/weld-servlet-2.4.7.Final.jar:/home/user/.m2/repository/org/glassfish/jersey/containers/jersey-container-servlet-core/2.27/jersey-container-servlet-core-2.27.jar:/home/user/.m2/repository/org/glassfish/hk2/external/javax.inject/2.5.0-b42/javax.inject-2.5.0-b42.jar:/home/user/.m2/repository/org/glassfish/jersey/core/jersey-common/2.27/jersey-common-2.27.jar:/home/user/.m2/repository/org/glassfish/hk2/osgi-resource-locator/1.0.1/osgi-resource-locator-1.0.1.jar:/home/user/.m2/repository/javax/ws/rs/javax.ws.rs-api/2.1/javax.ws.rs-api-2.1.jar:/home/user/.m2/repository/org/glassfish/jersey/ext/cdi/jersey-cdi1x/2.27/jersey-cdi1x-2.27.jar:/home/user/.m2/repository/org/glassfish/jersey/inject/jersey-hk2/2.27/jersey-hk2-2.27.jar:/home/user/.m2/repository/org/glassfish/hk2/hk2-locator/2.5.0-b42/hk2-locator-2.5.0-b42.jar:/home/user/.m2/repository/org/javassist/javassist/3.22.0-CR2/javassist-3.22.0-CR2.jar:/home/user/.m2/repository/org/glassfish/hk2/hk2-api/2.5.0/hk2-api-2.5.0.jar:/home/user/.m2/repository/org/glassfish/hk2/external/jakarta.inject/2.5.0/jakarta.inject-2.5.0.jar:/home/user/.m2/repository/org/glassfish/hk2/hk2-utils/2.5.0/hk2-utils-2.5.0.jar:/home/user/.m2/repository/jakarta/annotation/jakarta.annotation-api/1.3.4/jakarta.annotation-api-1.3.4.jar:/home/user/.m2/repository/org/glassfish/hk2/external/aopalliance-repackaged/2.5.0/aopalliance-repackaged-2.5.0.jar:/home/user/.m2/repository/com/fasterxml/jackson/dataformat/jackson-dataformat-xml/2.9.0/jackson-dataformat-xml-2.9.0.jar:/home/user/.m2/repository/com/fasterxml/jackson/core/jackson-core/2.9.5/jackson-core-2.9.5.jar:/home/user/.m2/repository/com/fasterxml/jackson/module/jackson-module-jaxb-annotations/2.9.5/jackson-module-jaxb-annotations-2.9.5.jar:/home/user/.m2/repository/javax/enterprise/cdi-api/1.2/cdi-api-1.2.jar:/home/user/.m2/repository/javax/el/javax.el-api/3.0.0/javax.el-api-3.0.0.jar:/home/user/.m2/repository/javax/interceptor/javax.interceptor-api/1.2/javax.interceptor-api-1.2.jar:/home/user/.m2/repository/javax/inject/javax.inject/1/javax.inject-1.jar:/home/user/.m2/repository/com/sun/xml/bind/jaxb-impl/2.3.0.1/jaxb-impl-2.3.0.1.jar:/home/user/.m2/repository/com/sun/xml/bind/jaxb-core/2.3.0.1/jaxb-core-2.3.0.1.jar:/home/user/.m2/repository/javax/xml/bind/jaxb-api/2.3.0/jaxb-api-2.3.0.jar:/home/user/.m2/repository/javax/activation/activation/1.1.1/activation-1.1.1.jar:/home/user/.m2/repository/org/apache/hadoop/hadoop-ozone-csi/0.5.0-SNAPSHOT/hadoop-ozone-csi-0.5.0-SNAPSHOT.jar:/home/user/.m2/repository/com/google/protobuf/protobuf-java-util/3.5.1/protobuf-java-util-3.5.1.jar:/home/user/.m2/repository/org/apache/hadoop/hadoop-hdds-config/0.5.0-SNAPSHOT/hadoop-hdds-config-0.5.0-SNAPSHOT.jar:/home/user/.m2/repository/io/grpc/grpc-netty/1.17.1/grpc-netty-1.17.1.jar:/home/user/.m2/repository/io/grpc/grpc-core/1.17.1/grpc-core-1.17.1.jar:/home/user/.m2/repository/io/grpc/grpc-context/1.17.1/grpc-context-1.17.1.jar:/home/user/.m2/repository/com/google/errorprone/error_prone_annotations/2.2.0/error_prone_annotations-2.2.0.jar:/home/user/.m2/repository/org/codehaus/mojo/animal-sniffer-annotations/1.17/animal-sniffer-annotations-1.17.jar:/home/user/.m2/repository/io/opencensus/opencensus-api/0.17.0/opencensus-api-0.17.0.jar:/home/user/.m2/repository/io/opencensus/opencensus-contrib-grpc-metrics/0.17.0/opencensus-contrib-grpc-metrics-0.17.0.jar:/home/user/.m2/repository/io/netty/netty-codec-http2/4.1.30.Final/netty-codec-http2-4.1.30.Final.jar:/home/user/.m2/repository/io/netty/netty-codec-http/4.1.30.Final/netty-codec-http-4.1.30.Final.jar:/home/user/.m2/repository/io/netty/netty-codec/4.1.30.Final/netty-codec-4.1.30.Final.jar:/home/user/.m2/repository/io/netty/netty-handler/4.1.30.Final/netty-handler-4.1.30.Final.jar:/home/user/.m2/repository/io/netty/netty-handler-proxy/4.1.30.Final/netty-handler-proxy-4.1.30.Final.jar:/home/user/.m2/repository/io/netty/netty-codec-socks/4.1.30.Final/netty-codec-socks-4.1.30.Final.jar:/home/user/.m2/repository/io/netty/netty-transport-native-epoll/4.1.30.Final/netty-transport-native-epoll-4.1.30.Final.jar:/home/user/.m2/repository/io/netty/netty-common/4.1.30.Final/netty-common-4.1.30.Final.jar:/home/user/.m2/repository/io/netty/netty-buffer/4.1.30.Final/netty-buffer-4.1.30.Final.jar:/home/user/.m2/repository/io/netty/netty-transport/4.1.30.Final/netty-transport-4.1.30.Final.jar:/home/user/.m2/repository/io/netty/netty-resolver/4.1.30.Final/netty-resolver-4.1.30.Final.jar:/home/user/.m2/repository/io/netty/netty-transport-native-unix-common/4.1.30.Final/netty-transport-native-unix-common-4.1.30.Final.jar:/home/user/.m2/repository/io/grpc/grpc-protobuf/1.17.1/grpc-protobuf-1.17.1.jar:/home/user/.m2/repository/com/google/api/grpc/proto-google-common-protos/1.0.0/proto-google-common-protos-1.0.0.jar:/home/user/.m2/repository/io/grpc/grpc-protobuf-lite/1.17.1/grpc-protobuf-lite-1.17.1.jar:/home/user/.m2/repository/io/grpc/grpc-stub/1.17.1/grpc-stub-1.17.1.jar:/home/user/.m2/repository/org/apache/hadoop/hadoop-ozone-recon/0.5.0-SNAPSHOT/hadoop-ozone-recon-0.5.0-SNAPSHOT.jar:/home/user/.m2/repository/org/apache/hadoop/hadoop-ozone-reconcodegen/0.5.0-SNAPSHOT/hadoop-ozone-reconcodegen-0.5.0-SNAPSHOT.jar:/home/user/.m2/repository/com/google/inject/extensions/guice-multibindings/4.0/guice-multibindings-4.0.jar:/home/user/.m2/repository/com/google/inject/guice/4.0/guice-4.0.jar:/home/user/.m2/repository/aopalliance/aopalliance/1.0/aopalliance-1.0.jar:/home/user/.m2/repository/com/google/inject/extensions/guice-servlet/4.0/guice-servlet-4.0.jar:/home/user/.m2/repository/org/glassfish/jersey/containers/jersey-container-servlet/2.27/jersey-container-servlet-2.27.jar:/home/user/.m2/repository/org/glassfish/hk2/guice-bridge/2.5.0/guice-bridge-2.5.0.jar:/home/user/.m2/repository/org/glassfish/jersey/core/jersey-server/2.27/jersey-server-2.27.jar:/home/user/.m2/repository/org/glassfish/jersey/core/jersey-client/2.27/jersey-client-2.27.jar:/home/user/.m2/repository/org/glassfish/jersey/media/jersey-media-jaxb/2.27/jersey-media-jaxb-2.27.jar:/home/user/.m2/repository/javax/validation/validation-api/1.1.0.Final/validation-api-1.1.0.Final.jar:/home/user/.m2/repository/org/glassfish/jersey/media/jersey-media-json-jackson/2.27/jersey-media-json-jackson-2.27.jar:/home/user/.m2/repository/org/glassfish/jersey/ext/jersey-entity-filtering/2.27/jersey-entity-filtering-2.27.jar:/home/user/.m2/repository/com/google/inject/extensions/guice-assistedinject/4.0/guice-assistedinject-4.0.jar:/home/user/.m2/repository/org/jooq/jooq/3.11.10/jooq-3.11.10.jar:/home/user/.m2/repository/org/jooq/jooq-meta/3.11.10/jooq-meta-3.11.10.jar:/home/user/.m2/repository/org/jooq/jooq-codegen/3.11.10/jooq-codegen-3.11.10.jar:/home/user/.m2/repository/com/jolbox/bonecp/0.8.0.RELEASE/bonecp-0.8.0.RELEASE.jar:/home/user/.m2/repository/org/xerial/sqlite-jdbc/3.25.2/sqlite-jdbc-3.25.2.jar:/home/user/.m2/repository/org/springframework/spring-jdbc/5.1.3.RELEASE/spring-jdbc-5.1.3.RELEASE.jar:/home/user/.m2/repository/org/springframework/spring-beans/5.1.3.RELEASE/spring-beans-5.1.3.RELEASE.jar:/home/user/.m2/repository/org/springframework/spring-core/5.1.3.RELEASE/spring-core-5.1.3.RELEASE.jar:/home/user/.m2/repository/org/springframework/spring-jcl/5.1.3.RELEASE/spring-jcl-5.1.3.RELEASE.jar:/home/user/.m2/repository/org/springframework/spring-tx/5.1.3.RELEASE/spring-tx-5.1.3.RELEASE.jar:/home/user/.m2/repository/org/apache/hadoop/hadoop-ozone-client/0.5.0-SNAPSHOT/hadoop-ozone-client-0.5.0-SNAPSHOT.jar:/home/user/.m2/repository/commons-lang/commons-lang/2.6/commons-lang-2.6.jar:/home/user/.m2/repository/org/apache/hadoop/hadoop-ozone-ozone-manager/0.5.0-SNAPSHOT/hadoop-ozone-ozone-manager-0.5.0-SNAPSHOT-tests.jar:/home/user/.m2/repository/junit/junit/4.11/junit-4.11.jar:/home/user/.m2/repository/org/hamcrest/hamcrest-core/1.3/hamcrest-core-1.3.jar:/home/user/.m2/repository/org/openjdk/jmh/jmh-core/1.19/jmh-core-1.19.jar:/home/user/.m2/repository/net/sf/jopt-simple/jopt-simple/4.6/jopt-simple-4.6.jar:/home/user/.m2/repository/org/apache/commons/commons-math3/3.1.1/commons-math3-3.1.1.jar:/home/user/.m2/repository/org/openjdk/jmh/jmh-generator-annprocess/1.19/jmh-generator-annprocess-1.19.jar:/home/user/.m2/repository/org/mockito/mockito-all/1.8.5/mockito-all-1.8.5.jar:/home/user/.m2/repository/org/apache/hadoop/hadoop-kms/3.2.0/hadoop-kms-3.2.0.jar:/home/user/.m2/repository/org/apache/hadoop/hadoop-auth/3.2.0/hadoop-auth-3.2.0.jar:/home/user/.m2/repository/com/nimbusds/nimbus-jose-jwt/4.41.1/nimbus-jose-jwt-4.41.1.jar:/home/user/.m2/repository/com/github/stephenc/jcip/jcip-annotations/1.0-1/jcip-annotations-1.0-1.jar:/home/user/.m2/repository/net/minidev/json-smart/2.3/json-smart-2.3.jar:/home/user/.m2/repository/net/minidev/accessors-smart/1.2/accessors-smart-1.2.jar:/home/user/.m2/repository/org/ow2/asm/asm/5.0.4/asm-5.0.4.jar:/home/user/.m2/repository/org/apache/curator/curator-framework/2.12.0/curator-framework-2.12.0.jar:/home/user/.m2/repository/com/sun/jersey/jersey-core/1.19/jersey-core-1.19.jar:/home/user/.m2/repository/javax/ws/rs/jsr311-api/1.1.1/jsr311-api-1.1.1.jar:/home/user/.m2/repository/com/sun/jersey/jersey-server/1.19/jersey-server-1.19.jar:/home/user/.m2/repository/javax/servlet/javax.servlet-api/3.1.0/javax.servlet-api-3.1.0.jar:/home/user/.m2/repository/org/eclipse/jetty/jetty-server/9.3.24.v20180605/jetty-server-9.3.24.v20180605.jar:/home/user/.m2/repository/org/eclipse/jetty/jetty-http/9.3.24.v20180605/jetty-http-9.3.24.v20180605.jar:/home/user/.m2/repository/org/eclipse/jetty/jetty-io/9.3.24.v20180605/jetty-io-9.3.24.v20180605.jar:/home/user/.m2/repository/org/eclipse/jetty/jetty-webapp/9.3.24.v20180605/jetty-webapp-9.3.24.v20180605.jar:/home/user/.m2/repository/org/eclipse/jetty/jetty-xml/9.3.24.v20180605/jetty-xml-9.3.24.v20180605.jar:/home/user/.m2/repository/log4j/log4j/1.2.17/log4j-1.2.17.jar:/home/user/.m2/repository/org/slf4j/slf4j-api/1.7.25/slf4j-api-1.7.25.jar:/home/user/.m2/repository/org/slf4j/jul-to-slf4j/1.7.25/jul-to-slf4j-1.7.25.jar:/home/user/.m2/repository/org/eclipse/jetty/jetty-util/9.3.24.v20180605/jetty-util-9.3.24.v20180605.jar:/home/user/.m2/repository/com/fasterxml/jackson/core/jackson-databind/2.9.5/jackson-databind-2.9.5.jar:/home/user/.m2/repository/org/apache/hadoop/hadoop-kms/3.2.0/hadoop-kms-3.2.0-tests.jar:/home/user/.m2/repository/org/apache/hadoop/hadoop-hdds-server-scm/0.5.0-SNAPSHOT/hadoop-hdds-server-scm-0.5.0-SNAPSHOT-tests.jar:/home/user/.m2/repository/org/apache/hadoop/hadoop-hdds-container-service/0.5.0-SNAPSHOT/hadoop-hdds-container-service-0.5.0-SNAPSHOT-tests.jar:/home/user/.m2/repository/org/yaml/snakeyaml/1.16/snakeyaml-1.16.jar:/home/user/.m2/repository/org/apache/hadoop/hadoop-common/3.2.0/hadoop-common-3.2.0-tests.jar:/home/user/.m2/repository/org/apache/hadoop/hadoop-annotations/3.2.0/hadoop-annotations-3.2.0.jar:/usr/lib/jvm/java-1.8-openjdk/jre/../lib/tools.jar:/home/user/.m2/repository/commons-cli/commons-cli/1.2/commons-cli-1.2.jar:/home/user/.m2/repository/org/apache/httpcomponents/httpclient/4.5.2/httpclient-4.5.2.jar:/home/user/.m2/repository/org/apache/httpcomponents/httpcore/4.4.4/httpcore-4.4.4.jar:/home/user/.m2/repository/commons-codec/commons-codec/1.11/commons-codec-1.11.jar:/home/user/.m2/repository/commons-net/commons-net/3.6/commons-net-3.6.jar:/home/user/.m2/repository/commons-collections/commons-collections/3.2.2/commons-collections-3.2.2.jar:/home/user/.m2/repository/org/eclipse/jetty/jetty-servlet/9.3.24.v20180605/jetty-servlet-9.3.24.v20180605.jar:/home/user/.m2/repository/org/eclipse/jetty/jetty-security/9.3.24.v20180605/jetty-security-9.3.24.v20180605.jar:/home/user/.m2/repository/javax/servlet/jsp/jsp-api/2.1/jsp-api-2.1.jar:/home/user/.m2/repository/com/sun/jersey/jersey-servlet/1.19/jersey-servlet-1.19.jar:/home/user/.m2/repository/com/sun/jersey/jersey-json/1.19/jersey-json-1.19.jar:/home/user/.m2/repository/org/codehaus/jettison/jettison/1.1/jettison-1.1.jar:/home/user/.m2/repository/org/codehaus/jackson/jackson-core-asl/1.9.13/jackson-core-asl-1.9.13.jar:/home/user/.m2/repository/org/codehaus/jackson/jackson-mapper-asl/1.9.13/jackson-mapper-asl-1.9.13.jar:/home/user/.m2/repository/org/codehaus/jackson/jackson-jaxrs/1.9.13/jackson-jaxrs-1.9.13.jar:/home/user/.m2/repository/org/codehaus/jackson/jackson-xc/1.9.13/jackson-xc-1.9.13.jar:/home/user/.m2/repository/commons-logging/commons-logging/1.1.3/commons-logging-1.1.3.jar:/home/user/.m2/repository/commons-beanutils/commons-beanutils/1.9.3/commons-beanutils-1.9.3.jar:/home/user/.m2/repository/org/apache/commons/commons-configuration2/2.1.1/commons-configuration2-2.1.1.jar:/home/user/.m2/repository/org/apache/commons/commons-lang3/3.7/commons-lang3-3.7.jar:/home/user/.m2/repository/org/apache/commons/commons-text/1.4/commons-text-1.4.jar:/home/user/.m2/repository/org/apache/avro/avro/1.7.7/avro-1.7.7.jar:/home/user/.m2/repository/com/thoughtworks/paranamer/paranamer/2.3/paranamer-2.3.jar:/home/user/.m2/repository/org/xerial/snappy/snappy-java/1.0.5/snappy-java-1.0.5.jar:/home/user/.m2/repository/com/google/re2j/re2j/1.1/re2j-1.1.jar:/home/user/.m2/repository/com/google/code/gson/gson/2.2.4/gson-2.2.4.jar:/home/user/.m2/repository/com/jcraft/jsch/0.1.54/jsch-0.1.54.jar:/home/user/.m2/repository/org/apache/curator/curator-client/2.12.0/curator-client-2.12.0.jar:/home/user/.m2/repository/org/apache/curator/curator-recipes/2.12.0/curator-recipes-2.12.0.jar:/home/user/.m2/repository/com/google/code/findbugs/jsr305/3.0.0/jsr305-3.0.0.jar:/home/user/.m2/repository/org/apache/htrace/htrace-core4/4.1.0-incubating/htrace-core4-4.1.0-incubating.jar:/home/user/.m2/repository/org/apache/zookeeper/zookeeper/3.4.13/zookeeper-3.4.13.jar:/home/user/.m2/repository/org/apache/yetus/audience-annotations/0.5.0/audience-annotations-0.5.0.jar:/home/user/.m2/repository/org/codehaus/woodstox/stax2-api/3.1.4/stax2-api-3.1.4.jar:/home/user/.m2/repository/com/fasterxml/woodstox/woodstox-core/5.0.3/woodstox-core-5.0.3.jar:/home/user/.m2/repository/dnsjava/dnsjava/2.1.7/dnsjava-2.1.7.jar:/home/user/.m2/repository/org/apache/hadoop/hadoop-hdfs/3.2.0/hadoop-hdfs-3.2.0-tests.jar:/home/user/.m2/repository/org/eclipse/jetty/jetty-util-ajax/9.3.24.v20180605/jetty-util-ajax-9.3.24.v20180605.jar:/home/user/.m2/repository/commons-daemon/commons-daemon/1.0.13/commons-daemon-1.0.13.jar:/home/user/.m2/repository/io/netty/netty/3.10.5.Final/netty-3.10.5.Final.jar:/home/user/.m2/repository/io/netty/netty-all/4.0.52.Final/netty-all-4.0.52.Final.jar:/home/user/.m2/repository/org/fusesource/leveldbjni/leveldbjni-all/1.8/leveldbjni-all-1.8.jar:"/>
    <property name="sun.cpu.endian" value="little"/>
    <property name="user.home" value="/home/user"/>
    <property name="user.language" value="en"/>
    <property name="java.specification.vendor" value="Oracle Corporation"/>
    <property name="java.home" value="/usr/lib/jvm/java-1.8-openjdk/jre"/>
    <property name="java.security.krb5.conf" value="/workdir/hadoop-ozone/integration-test/target/test-classes/krb5.conf"/>
    <property name="basedir" value="/workdir/hadoop-ozone/integration-test"/>
    <property name="file.separator" value="/"/>
    <property name="line.separator" value="&#10;"/>
    <property name="java.vm.specification.vendor" value="Oracle Corporation"/>
    <property name="java.specification.name" value="Java Platform API Specification"/>
    <property name="java.awt.graphicsenv" value="sun.awt.X11GraphicsEnvironment"/>
    <property name="surefire.real.class.path" value="/workdir/hadoop-ozone/integration-test/target/surefire/surefirebooter5248893756045331785.jar"/>
    <property name="hadoop.log.dir" value="/workdir/hadoop-ozone/integration-test/target/log"/>
    <property name="sun.boot.class.path" value="/usr/lib/jvm/java-1.8-openjdk/jre/lib/resources.jar:/usr/lib/jvm/java-1.8-openjdk/jre/lib/rt.jar:/usr/lib/jvm/java-1.8-openjdk/jre/lib/sunrsasign.jar:/usr/lib/jvm/java-1.8-openjdk/jre/lib/jsse.jar:/usr/lib/jvm/java-1.8-openjdk/jre/lib/jce.jar:/usr/lib/jvm/java-1.8-openjdk/jre/lib/charsets.jar:/usr/lib/jvm/java-1.8-openjdk/jre/lib/jfr.jar:/usr/lib/jvm/java-1.8-openjdk/jre/classes"/>
    <property name="sun.management.compiler" value="HotSpot 64-Bit Tiered Compilers"/>
    <property name="java.runtime.version" value="1.8.0_212-b04"/>
    <property name="java.net.preferIPv4Stack" value="true"/>
    <property name="user.name" value="jenkins1000"/>
    <property name="path.separator" value=":"/>
    <property name="java.security.egd" value="file:///dev/urandom"/>
    <property name="os.version" value="3.10.0-957.12.2.el7.x86_64"/>
    <property name="java.endorsed.dirs" value="/usr/lib/jvm/java-1.8-openjdk/jre/lib/endorsed"/>
    <property name="java.runtime.name" value="OpenJDK Runtime Environment"/>
    <property name="file.encoding" value="UTF-8"/>
    <property name="java.vm.name" value="OpenJDK 64-Bit Server VM"/>
    <property name="test.build.webapps" value=""/>
    <property name="localRepository" value="/home/user/.m2/repository"/>
    <property name="java.vendor.url.bug" value="https://icedtea.classpath.org/bugzilla"/>
    <property name="java.io.tmpdir" value="/tmp"/>
    <property name="require.test.libhadoop" value=""/>
    <property name="java.version" value="1.8.0_212"/>
    <property name="user.dir" value="/workdir/hadoop-ozone/integration-test"/>
    <property name="os.arch" value="amd64"/>
    <property name="java.vm.specification.name" value="Java Virtual Machine Specification"/>
    <property name="test.build.classes" value="/workdir/hadoop-ozone/integration-test/target/test-classes"/>
    <property name="java.awt.printerjob" value="sun.print.PSPrinterJob"/>
    <property name="sun.os.patch.level" value="unknown"/>
    <property name="hadoop.tmp.dir" value="/workdir/hadoop-ozone/integration-test/target/tmp"/>
    <property name="java.library.path" value="/usr/lib/jvm/java-1.8-openjdk/jre/lib/amd64/server:/usr/lib/jvm/java-1.8-openjdk/jre/lib/amd64:/usr/lib/jvm/java-1.8-openjdk/jre/../lib/amd64:/workdir/hadoop-ozone/integration-test/target/native/target/usr/local/lib:/workdir/hadoop-ozone/integration-test/../../hadoop-common-project/hadoop-common/target/native/target/usr/local/lib:/usr/java/packages/lib/amd64:/usr/lib64:/lib64:/lib:/usr/lib"/>
    <property name="java.vm.info" value="mixed mode"/>
    <property name="java.vendor" value="IcedTea"/>
    <property name="java.vm.version" value="25.212-b04"/>
    <property name="java.ext.dirs" value="/usr/lib/jvm/java-1.8-openjdk/jre/lib/ext:/usr/java/packages/lib/ext"/>
    <property name="sun.io.unicode.encoding" value="UnicodeLittle"/>
    <property name="java.class.version" value="52.0"/>
  </properties>
  <testcase name="testWatchForCommitWithKeyWrite" classname="org.apache.hadoop.ozone.client.rpc.TestWatchForCommit" time="73.556"/>
  <testcase name="testWatchForCommitWithSmallerTimeoutValue" classname="org.apache.hadoop.ozone.client.rpc.TestWatchForCommit" time="43.559"/>
  <testcase name="testWatchForCommitForRetryfailure" classname="org.apache.hadoop.ozone.client.rpc.TestWatchForCommit" time="84.947"/>
  <testcase name="testWatchForCommitForGroupMismatchException" classname="org.apache.hadoop.ozone.client.rpc.TestWatchForCommit" time="32.544"/>
  <testcase name="test2WayCommitForTimeoutException" classname="org.apache.hadoop.ozone.client.rpc.TestWatchForCommit" time="28.361">
    <error message="org.apache.ratis.protocol.RaftRetryFailureException: Failed RaftClientRequest:client-098E2ECE98EA-&gt;b0c0a05c-f880-453d-9fb5-b5b957d6ee89@group-B39C92501AA1, cid=101, seq=2*, RW, org.apache.hadoop.hdds.scm.XceiverClientRatis$$Lambda$350/1762522689@7748e87 for 20 attempts with RetryLimited(maxAttempts=20, sleepTime=1000ms)" type="java.util.concurrent.ExecutionException">java.util.concurrent.ExecutionException: org.apache.ratis.protocol.RaftRetryFailureException: Failed RaftClientRequest:client-098E2ECE98EA->b0c0a05c-f880-453d-9fb5-b5b957d6ee89@group-B39C92501AA1, cid=101, seq=2*, RW, org.apache.hadoop.hdds.scm.XceiverClientRatis$$Lambda$350/1762522689@7748e87 for 20 attempts with RetryLimited(maxAttempts=20, sleepTime=1000ms)
	at java.util.concurrent.CompletableFuture.reportGet(CompletableFuture.java:357)
	at java.util.concurrent.CompletableFuture.get(CompletableFuture.java:1895)
	at org.apache.hadoop.ozone.client.rpc.TestWatchForCommit.test2WayCommitForTimeoutException(TestWatchForCommit.java:390)
	at sun.reflect.NativeMethodAccessorImpl.invoke0(Native Method)
	at sun.reflect.NativeMethodAccessorImpl.invoke(NativeMethodAccessorImpl.java:62)
	at sun.reflect.DelegatingMethodAccessorImpl.invoke(DelegatingMethodAccessorImpl.java:43)
	at java.lang.reflect.Method.invoke(Method.java:498)
	at org.junit.runners.model.FrameworkMethod$1.runReflectiveCall(FrameworkMethod.java:47)
	at org.junit.internal.runners.model.ReflectiveCallable.run(ReflectiveCallable.java:12)
	at org.junit.runners.model.FrameworkMethod.invokeExplosively(FrameworkMethod.java:44)
	at org.junit.internal.runners.statements.InvokeMethod.evaluate(InvokeMethod.java:17)
	at org.junit.runners.ParentRunner.runLeaf(ParentRunner.java:271)
	at org.junit.runners.BlockJUnit4ClassRunner.runChild(BlockJUnit4ClassRunner.java:70)
	at org.junit.runners.BlockJUnit4ClassRunner.runChild(BlockJUnit4ClassRunner.java:50)
	at org.junit.runners.ParentRunner$3.run(ParentRunner.java:238)
	at org.junit.runners.ParentRunner$1.schedule(ParentRunner.java:63)
	at org.junit.runners.ParentRunner.runChildren(ParentRunner.java:236)
	at org.junit.runners.ParentRunner.access$000(ParentRunner.java:53)
	at org.junit.runners.ParentRunner$2.evaluate(ParentRunner.java:229)
	at org.junit.runners.ParentRunner.run(ParentRunner.java:309)
	at org.apache.maven.surefire.junit4.JUnit4Provider.execute(JUnit4Provider.java:365)
	at org.apache.maven.surefire.junit4.JUnit4Provider.executeWithRerun(JUnit4Provider.java:273)
	at org.apache.maven.surefire.junit4.JUnit4Provider.executeTestSet(JUnit4Provider.java:238)
	at org.apache.maven.surefire.junit4.JUnit4Provider.invoke(JUnit4Provider.java:159)
	at org.apache.maven.surefire.booter.ForkedBooter.invokeProviderInSameClassLoader(ForkedBooter.java:384)
	at org.apache.maven.surefire.booter.ForkedBooter.runSuitesInProcess(ForkedBooter.java:345)
	at org.apache.maven.surefire.booter.ForkedBooter.execute(ForkedBooter.java:126)
	at org.apache.maven.surefire.booter.ForkedBooter.main(ForkedBooter.java:418)
Caused by: org.apache.ratis.protocol.RaftRetryFailureException: Failed RaftClientRequest:client-098E2ECE98EA->b0c0a05c-f880-453d-9fb5-b5b957d6ee89@group-B39C92501AA1, cid=101, seq=2*, RW, org.apache.hadoop.hdds.scm.XceiverClientRatis$$Lambda$350/1762522689@7748e87 for 20 attempts with RetryLimited(maxAttempts=20, sleepTime=1000ms)
	at org.apache.ratis.client.impl.RaftClientImpl.noMoreRetries(RaftClientImpl.java:272)
	at org.apache.ratis.client.impl.OrderedAsync.handleAsyncRetryFailure(OrderedAsync.java:138)
	at org.apache.ratis.client.impl.OrderedAsync.lambda$sendRequest$10(OrderedAsync.java:230)
	at java.util.concurrent.CompletableFuture.uniExceptionally(CompletableFuture.java:870)
	at java.util.concurrent.CompletableFuture$UniExceptionally.tryFire(CompletableFuture.java:852)
	at java.util.concurrent.CompletableFuture.postComplete(CompletableFuture.java:474)
	at java.util.concurrent.CompletableFuture.completeExceptionally(CompletableFuture.java:1977)
	at org.apache.ratis.grpc.client.GrpcClientProtocolClient$AsyncStreamObservers.completeReplyExceptionally(GrpcClientProtocolClient.java:330)
	at org.apache.ratis.grpc.client.GrpcClientProtocolClient$AsyncStreamObservers.access$000(GrpcClientProtocolClient.java:246)
	at org.apache.ratis.grpc.client.GrpcClientProtocolClient$AsyncStreamObservers$1.onError(GrpcClientProtocolClient.java:275)
	at org.apache.ratis.thirdparty.io.grpc.stub.ClientCalls$StreamObserverToCallListenerAdapter.onClose(ClientCalls.java:434)
	at org.apache.ratis.thirdparty.io.grpc.PartialForwardingClientCallListener.onClose(PartialForwardingClientCallListener.java:39)
	at org.apache.ratis.thirdparty.io.grpc.ForwardingClientCallListener.onClose(ForwardingClientCallListener.java:23)
	at org.apache.ratis.thirdparty.io.grpc.ForwardingClientCallListener$SimpleForwardingClientCallListener.onClose(ForwardingClientCallListener.java:40)
	at org.apache.ratis.thirdparty.io.grpc.internal.CensusStatsModule$StatsClientInterceptor$1$1.onClose(CensusStatsModule.java:678)
	at org.apache.ratis.thirdparty.io.grpc.PartialForwardingClientCallListener.onClose(PartialForwardingClientCallListener.java:39)
	at org.apache.ratis.thirdparty.io.grpc.ForwardingClientCallListener.onClose(ForwardingClientCallListener.java:23)
	at org.apache.ratis.thirdparty.io.grpc.ForwardingClientCallListener$SimpleForwardingClientCallListener.onClose(ForwardingClientCallListener.java:40)
	at org.apache.ratis.thirdparty.io.grpc.internal.CensusTracingModule$TracingClientInterceptor$1$1.onClose(CensusTracingModule.java:397)
	at org.apache.ratis.thirdparty.io.grpc.internal.ClientCallImpl.closeObserver(ClientCallImpl.java:459)
	at org.apache.ratis.thirdparty.io.grpc.internal.ClientCallImpl.access$300(ClientCallImpl.java:63)
	at org.apache.ratis.thirdparty.io.grpc.internal.ClientCallImpl$ClientStreamListenerImpl.close(ClientCallImpl.java:546)
	at org.apache.ratis.thirdparty.io.grpc.internal.ClientCallImpl$ClientStreamListenerImpl.access$600(ClientCallImpl.java:467)
	at org.apache.ratis.thirdparty.io.grpc.internal.ClientCallImpl$ClientStreamListenerImpl$1StreamClosed.runInContext(ClientCallImpl.java:584)
	at org.apache.ratis.thirdparty.io.grpc.internal.ContextRunnable.run(ContextRunnable.java:37)
	at org.apache.ratis.thirdparty.io.grpc.internal.SerializingExecutor.run(SerializingExecutor.java:123)
	at java.util.concurrent.ThreadPoolExecutor.runWorker(ThreadPoolExecutor.java:1149)
	at java.util.concurrent.ThreadPoolExecutor$Worker.run(ThreadPoolExecutor.java:624)
	at java.lang.Thread.run(Thread.java:748)
Caused by: java.io.IOException: org.apache.ratis.thirdparty.io.grpc.StatusRuntimeException: UNAVAILABLE: io exception
	at org.apache.ratis.grpc.GrpcUtil.unwrapException(GrpcUtil.java:76)
	at org.apache.ratis.grpc.GrpcUtil.unwrapIOException(GrpcUtil.java:128)
	at org.apache.ratis.grpc.client.GrpcClientProtocolClient$AsyncStreamObservers$1.onError(GrpcClientProtocolClient.java:274)
	... 19 more
Caused by: org.apache.ratis.thirdparty.io.grpc.StatusRuntimeException: UNAVAILABLE: io exception
	at org.apache.ratis.thirdparty.io.grpc.Status.asRuntimeException(Status.java:526)
	... 19 more
Caused by: org.apache.ratis.thirdparty.io.netty.channel.AbstractChannel$AnnotatedConnectException: Connection refused: /192.168.69.80:36997
	at sun.nio.ch.SocketChannelImpl.checkConnect(Native Method)
	at sun.nio.ch.SocketChannelImpl.finishConnect(SocketChannelImpl.java:717)
	at org.apache.ratis.thirdparty.io.netty.channel.socket.nio.NioSocketChannel.doFinishConnect(NioSocketChannel.java:327)
	at org.apache.ratis.thirdparty.io.netty.channel.nio.AbstractNioChannel$AbstractNioUnsafe.finishConnect(AbstractNioChannel.java:340)
	at org.apache.ratis.thirdparty.io.netty.channel.nio.NioEventLoop.processSelectedKey(NioEventLoop.java:632)
	at org.apache.ratis.thirdparty.io.netty.channel.nio.NioEventLoop.processSelectedKeysOptimized(NioEventLoop.java:579)
	at org.apache.ratis.thirdparty.io.netty.channel.nio.NioEventLoop.processSelectedKeys(NioEventLoop.java:496)
	at org.apache.ratis.thirdparty.io.netty.channel.nio.NioEventLoop.run(NioEventLoop.java:458)
	at org.apache.ratis.thirdparty.io.netty.util.concurrent.SingleThreadEventExecutor$5.run(SingleThreadEventExecutor.java:897)
	at org.apache.ratis.thirdparty.io.netty.util.concurrent.FastThreadLocalRunnable.run(FastThreadLocalRunnable.java:30)
	... 1 more
Caused by: java.net.ConnectException: Connection refused
	... 11 more
</error>
    <system-out><![CDATA[2019-08-28 13:14:26,202 [main] WARN  server.ServerUtils (ServerUtils.java:getScmDbDir(145)) - ozone.scm.db.dirs is not configured. We recommend adding this setting. Falling back to ozone.metadata.dirs instead.
2019-08-28 13:14:26,272 [main] WARN  server.ServerUtils (ServerUtils.java:getScmDbDir(145)) - ozone.scm.db.dirs is not configured. We recommend adding this setting. Falling back to ozone.metadata.dirs instead.
2019-08-28 13:14:26,273 [main] WARN  server.ServerUtils (ServerUtils.java:getScmDbDir(145)) - ozone.scm.db.dirs is not configured. We recommend adding this setting. Falling back to ozone.metadata.dirs instead.
2019-08-28 13:14:26,274 [main] INFO  db.DBStoreBuilder (DBStoreBuilder.java:addTable(110)) - using custom profile for table: deletedBlocks
2019-08-28 13:14:26,274 [main] INFO  db.DBStoreBuilder (DBStoreBuilder.java:processTables(161)) - Using default column profile:DBProfile.DISK for Table:deletedBlocks
2019-08-28 13:14:26,274 [main] INFO  db.DBStoreBuilder (DBStoreBuilder.java:addTable(110)) - using custom profile for table: validCerts
2019-08-28 13:14:26,274 [main] INFO  db.DBStoreBuilder (DBStoreBuilder.java:processTables(161)) - Using default column profile:DBProfile.DISK for Table:validCerts
2019-08-28 13:14:26,275 [main] INFO  db.DBStoreBuilder (DBStoreBuilder.java:addTable(110)) - using custom profile for table: revokedCerts
2019-08-28 13:14:26,275 [main] INFO  db.DBStoreBuilder (DBStoreBuilder.java:processTables(161)) - Using default column profile:DBProfile.DISK for Table:revokedCerts
2019-08-28 13:14:26,275 [main] INFO  db.DBStoreBuilder (DBStoreBuilder.java:addTable(110)) - using custom profile for table: default
2019-08-28 13:14:26,275 [main] INFO  db.DBStoreBuilder (DBStoreBuilder.java:processTables(167)) - Using default column profile:DBProfile.DISK for Table:default
2019-08-28 13:14:26,275 [main] INFO  db.DBStoreBuilder (DBStoreBuilder.java:getDbProfile(198)) - Using default options. DBProfile.DISK
2019-08-28 13:14:26,467 [main] INFO  net.NodeSchemaLoader (NodeSchemaLoader.java:loadSchemaFromFile(125)) - Loading file from sun.misc.CompoundEnumeration@686ace1f
2019-08-28 13:14:26,467 [main] INFO  net.NodeSchemaLoader (NodeSchemaLoader.java:loadSchema(171)) - Loading network topology layer schema file
2019-08-28 13:14:26,472 [main] WARN  server.ServerUtils (ServerUtils.java:sanitizeUserArgs(70)) - ozone.scm.stale.node.interval value = 300000 is larger than max = 100000 based on the key value of ozone.scm.heartbeat.thread.interval, reset to the max value 100000.
2019-08-28 13:14:26,472 [main] WARN  server.ServerUtils (ServerUtils.java:sanitizeUserArgs(70)) - ozone.scm.stale.node.interval value = 300000 is larger than max = 100000 based on the key value of ozone.scm.heartbeat.thread.interval, reset to the max value 100000.
2019-08-28 13:14:26,473 [main] INFO  node.SCMNodeManager (SCMNodeManager.java:<init>(121)) - Entering startup safe mode.
2019-08-28 13:14:26,474 [main] INFO  algorithms.ContainerPlacementPolicyFactory (ContainerPlacementPolicyFactory.java:getPolicy(55)) - Create container placement policy of type org.apache.hadoop.hdds.scm.container.placement.algorithms.SCMContainerPlacementRandom
2019-08-28 13:14:26,474 [main] WARN  server.ServerUtils (ServerUtils.java:getScmDbDir(145)) - ozone.scm.db.dirs is not configured. We recommend adding this setting. Falling back to ozone.metadata.dirs instead.
2019-08-28 13:14:26,557 [main] INFO  pipeline.SCMPipelineManager (SCMPipelineManager.java:initializePipelineState(126)) - No pipeline exists in current db
2019-08-28 13:14:26,558 [main] WARN  server.ServerUtils (ServerUtils.java:getScmDbDir(145)) - ozone.scm.db.dirs is not configured. We recommend adding this setting. Falling back to ozone.metadata.dirs instead.
2019-08-28 13:14:26,667 [main] WARN  events.EventQueue (EventQueue.java:fireEvent(175)) - No event handler registered for event TypedEvent{payloadType=SafeModeStatus, name='SafeModeStatus'}
2019-08-28 13:14:26,668 [main] INFO  ipc.CallQueueManager (CallQueueManager.java:<init>(84)) - Using callQueue: class java.util.concurrent.LinkedBlockingQueue, queueCapacity: 2000, scheduler: class org.apache.hadoop.ipc.DefaultRpcScheduler, ipcBackoff: false.
2019-08-28 13:14:26,669 [Socket Reader #1 for port 37829] INFO  ipc.Server (Server.java:run(1074)) - Starting Socket Reader #1 for port 37829
2019-08-28 13:14:26,670 [main] INFO  ipc.CallQueueManager (CallQueueManager.java:<init>(84)) - Using callQueue: class java.util.concurrent.LinkedBlockingQueue, queueCapacity: 2000, scheduler: class org.apache.hadoop.ipc.DefaultRpcScheduler, ipcBackoff: false.
2019-08-28 13:14:26,671 [Socket Reader #1 for port 46629] INFO  ipc.Server (Server.java:run(1074)) - Starting Socket Reader #1 for port 46629
2019-08-28 13:14:26,672 [main] INFO  ipc.CallQueueManager (CallQueueManager.java:<init>(84)) - Using callQueue: class java.util.concurrent.LinkedBlockingQueue, queueCapacity: 2000, scheduler: class org.apache.hadoop.ipc.DefaultRpcScheduler, ipcBackoff: false.
2019-08-28 13:14:26,673 [Socket Reader #1 for port 35716] INFO  ipc.Server (Server.java:run(1074)) - Starting Socket Reader #1 for port 35716
2019-08-28 13:14:26,675 [main] INFO  hdfs.DFSUtil (DFSUtil.java:httpServerTemplateForNNAndJN(1641)) - Starting Web-server for scm at: http://0.0.0.0:0
2019-08-28 13:14:26,676 [main] INFO  server.AuthenticationFilter (AuthenticationFilter.java:constructSecretProvider(240)) - Unable to initialize FileSignerSecretProvider, falling back to use random secrets.
2019-08-28 13:14:26,677 [main] WARN  http.HttpRequestLog (HttpRequestLog.java:getRequestLog(97)) - Jetty request log can only be enabled using Log4j
2019-08-28 13:14:26,678 [main] INFO  http.HttpServer2 (HttpServer2.java:addGlobalFilter(975)) - Added global filter 'safety' (class=org.apache.hadoop.http.HttpServer2$QuotingInputFilter)
2019-08-28 13:14:26,679 [main] INFO  http.HttpServer2 (HttpServer2.java:addFilter(948)) - Added filter static_user_filter (class=org.apache.hadoop.http.lib.StaticUserWebFilter$StaticUserFilter) to context scm
2019-08-28 13:14:26,679 [main] INFO  http.HttpServer2 (HttpServer2.java:addFilter(958)) - Added filter static_user_filter (class=org.apache.hadoop.http.lib.StaticUserWebFilter$StaticUserFilter) to context static
2019-08-28 13:14:26,679 [main] INFO  http.HttpServer2 (HttpServer2.java:addFilter(958)) - Added filter static_user_filter (class=org.apache.hadoop.http.lib.StaticUserWebFilter$StaticUserFilter) to context logs
2019-08-28 13:14:26,681 [main] INFO  server.StorageContainerManager (StorageContainerManager.java:start(759)) - StorageContainerLocationProtocol RPC server is listening at /0.0.0.0:35716
2019-08-28 13:14:26,682 [main] WARN  impl.MetricsConfig (MetricsConfig.java:loadFirst(134)) - Cannot locate configuration: tried hadoop-metrics2-storagecontainermanager.properties,hadoop-metrics2.properties
2019-08-28 13:14:26,683 [main] INFO  impl.MetricsSystemImpl (MetricsSystemImpl.java:startTimer(374)) - Scheduled Metric snapshot period at 10 second(s).
2019-08-28 13:14:26,683 [main] INFO  impl.MetricsSystemImpl (MetricsSystemImpl.java:start(191)) - StorageContainerManager metrics system started
2019-08-28 13:14:26,771 [main] INFO  server.SCMClientProtocolServer (SCMClientProtocolServer.java:start(151)) - RPC server for Client  is listening at /0.0.0.0:35716
2019-08-28 13:14:26,771 [IPC Server Responder] INFO  ipc.Server (Server.java:run(1314)) - IPC Server Responder: starting
2019-08-28 13:14:26,772 [IPC Server listener on 35716] INFO  ipc.Server (Server.java:run(1153)) - IPC Server listener on 35716: starting
2019-08-28 13:14:26,776 [main] INFO  server.StorageContainerManager (StorageContainerManager.java:start(769)) - ScmBlockLocationProtocol RPC server is listening at /0.0.0.0:46629
2019-08-28 13:14:26,777 [main] INFO  server.SCMBlockProtocolServer (SCMBlockProtocolServer.java:start(140)) - RPC server for Block Protocol is listening at /0.0.0.0:46629
2019-08-28 13:14:26,777 [IPC Server Responder] INFO  ipc.Server (Server.java:run(1314)) - IPC Server Responder: starting
2019-08-28 13:14:26,777 [IPC Server listener on 46629] INFO  ipc.Server (Server.java:run(1153)) - IPC Server listener on 46629: starting
2019-08-28 13:14:26,779 [main] INFO  server.StorageContainerManager (StorageContainerManager.java:start(773)) - ScmDatanodeProtocl RPC server is listening at /0.0.0.0:37829
2019-08-28 13:14:26,779 [main] INFO  server.SCMDatanodeProtocolServer (SCMDatanodeProtocolServer.java:start(191)) - RPC server for DataNodes is listening at /0.0.0.0:37829
2019-08-28 13:14:26,780 [IPC Server Responder] INFO  ipc.Server (Server.java:run(1314)) - IPC Server Responder: starting
2019-08-28 13:14:26,780 [IPC Server listener on 37829] INFO  ipc.Server (Server.java:run(1153)) - IPC Server listener on 37829: starting
2019-08-28 13:14:26,782 [main] INFO  http.HttpServer2 (HttpServer2.java:bindListener(1191)) - Jetty bound to port 42963
2019-08-28 13:14:26,783 [main] INFO  server.Server (Server.java:doStart(351)) - jetty-9.3.24.v20180605, build timestamp: 2018-06-05T17:11:56Z, git hash: 84205aa28f11a4f31f2a3b86d1bba2cc8ab69827
2019-08-28 13:14:26,784 [main] INFO  handler.ContextHandler (ContextHandler.java:doStart(781)) - Started o.e.j.s.ServletContextHandler@77e24d3c{/logs,file:///workdir/hadoop-ozone/integration-test/target/log,AVAILABLE}
2019-08-28 13:14:26,784 [main] INFO  handler.ContextHandler (ContextHandler.java:doStart(781)) - Started o.e.j.s.ServletContextHandler@4f1ea463{/static,file:///workdir/hadoop-ozone/integration-test/target/test-classes/webapps/static,AVAILABLE}
2019-08-28 13:14:26,788 [main] INFO  handler.ContextHandler (ContextHandler.java:doStart(781)) - Started o.e.j.w.WebAppContext@52dc71b2{/,file:///workdir/hadoop-ozone/integration-test/target/test-classes/webapps/scm/,AVAILABLE}{/scm}
2019-08-28 13:14:26,788 [main] INFO  server.AbstractConnector (AbstractConnector.java:doStart(278)) - Started ServerConnector@e1d2781{HTTP/1.1,[http/1.1]}{0.0.0.0:42963}
2019-08-28 13:14:26,789 [main] INFO  server.Server (Server.java:doStart(419)) - Started @235607ms
2019-08-28 13:14:26,790 [main] INFO  server.BaseHttpServer (BaseHttpServer.java:updateConnectorAddress(213)) - HTTP server of SCM is listening at http://0.0.0.0:42963
2019-08-28 13:14:26,791 [main] WARN  server.ServerUtils (ServerUtils.java:getDBPath(222)) - ozone.om.db.dirs is not configured. We recommend adding this setting. Falling back to ozone.metadata.dirs instead.
2019-08-28 13:14:26,791 [org.apache.hadoop.util.JvmPauseMonitor$Monitor@430dbcb0] INFO  util.JvmPauseMonitor (JvmPauseMonitor.java:run(188)) - Starting JVM pause monitor
2019-08-28 13:14:26,814 [main] WARN  server.ServerUtils (ServerUtils.java:getDBPath(222)) - ozone.om.db.dirs is not configured. We recommend adding this setting. Falling back to ozone.metadata.dirs instead.
2019-08-28 13:14:26,815 [main] WARN  server.ServerUtils (ServerUtils.java:getDBPath(222)) - ozone.om.db.dirs is not configured. We recommend adding this setting. Falling back to ozone.metadata.dirs instead.
2019-08-28 13:14:26,815 [main] INFO  om.OzoneManager (OzoneManager.java:setOMNodeDetails(648)) - OM Service ID is not set. Setting it to the default ID: omServiceIdDefault
2019-08-28 13:14:26,815 [main] INFO  om.OzoneManager (OzoneManager.java:setOMNodeDetails(654)) - OM Node ID is not set. Setting it to the OmStorage's OmID: 36f346a9-8ef3-4ef2-980a-eb00bd9eacde
2019-08-28 13:14:26,815 [main] INFO  om.OzoneManager (OzoneManager.java:loadOMHAConfigs(605)) - Found matching OM address with OMServiceId: null, OMNodeId: null, RPC Address: localhost:0 and Ratis port: 9872
2019-08-28 13:14:26,820 | INFO  | SCMAudit | user=jenkins1000 | ip=192.168.69.80 | op=GET_SCM_INFO null | ret=SUCCESS |  
2019-08-28 13:14:26,822 [main] WARN  server.ServerUtils (ServerUtils.java:getDBPath(222)) - ozone.om.db.dirs is not configured. We recommend adding this setting. Falling back to ozone.metadata.dirs instead.
2019-08-28 13:14:26,823 [main] INFO  db.DBStoreBuilder (DBStoreBuilder.java:addTable(110)) - using custom profile for table: userTable
2019-08-28 13:14:26,823 [main] INFO  db.DBStoreBuilder (DBStoreBuilder.java:processTables(161)) - Using default column profile:DBProfile.DISK for Table:userTable
2019-08-28 13:14:26,823 [main] INFO  db.DBStoreBuilder (DBStoreBuilder.java:addTable(110)) - using custom profile for table: volumeTable
2019-08-28 13:14:26,823 [main] INFO  db.DBStoreBuilder (DBStoreBuilder.java:processTables(161)) - Using default column profile:DBProfile.DISK for Table:volumeTable
2019-08-28 13:14:26,824 [main] INFO  db.DBStoreBuilder (DBStoreBuilder.java:addTable(110)) - using custom profile for table: bucketTable
2019-08-28 13:14:26,824 [main] INFO  db.DBStoreBuilder (DBStoreBuilder.java:processTables(161)) - Using default column profile:DBProfile.DISK for Table:bucketTable
2019-08-28 13:14:26,824 [main] INFO  db.DBStoreBuilder (DBStoreBuilder.java:addTable(110)) - using custom profile for table: keyTable
2019-08-28 13:14:26,824 [main] INFO  db.DBStoreBuilder (DBStoreBuilder.java:processTables(161)) - Using default column profile:DBProfile.DISK for Table:keyTable
2019-08-28 13:14:26,824 [main] INFO  db.DBStoreBuilder (DBStoreBuilder.java:addTable(110)) - using custom profile for table: deletedTable
2019-08-28 13:14:26,824 [main] INFO  db.DBStoreBuilder (DBStoreBuilder.java:processTables(161)) - Using default column profile:DBProfile.DISK for Table:deletedTable
2019-08-28 13:14:26,825 [main] INFO  db.DBStoreBuilder (DBStoreBuilder.java:addTable(110)) - using custom profile for table: openKeyTable
2019-08-28 13:14:26,825 [main] INFO  db.DBStoreBuilder (DBStoreBuilder.java:processTables(161)) - Using default column profile:DBProfile.DISK for Table:openKeyTable
2019-08-28 13:14:26,825 [main] INFO  db.DBStoreBuilder (DBStoreBuilder.java:addTable(110)) - using custom profile for table: s3Table
2019-08-28 13:14:26,825 [main] INFO  db.DBStoreBuilder (DBStoreBuilder.java:processTables(161)) - Using default column profile:DBProfile.DISK for Table:s3Table
2019-08-28 13:14:26,825 [main] INFO  db.DBStoreBuilder (DBStoreBuilder.java:addTable(110)) - using custom profile for table: multipartInfoTable
2019-08-28 13:14:26,825 [main] INFO  db.DBStoreBuilder (DBStoreBuilder.java:processTables(161)) - Using default column profile:DBProfile.DISK for Table:multipartInfoTable
2019-08-28 13:14:26,826 [main] INFO  db.DBStoreBuilder (DBStoreBuilder.java:addTable(110)) - using custom profile for table: dTokenTable
2019-08-28 13:14:26,826 [main] INFO  db.DBStoreBuilder (DBStoreBuilder.java:processTables(161)) - Using default column profile:DBProfile.DISK for Table:dTokenTable
2019-08-28 13:14:26,826 [main] INFO  db.DBStoreBuilder (DBStoreBuilder.java:addTable(110)) - using custom profile for table: s3SecretTable
2019-08-28 13:14:26,826 [main] INFO  db.DBStoreBuilder (DBStoreBuilder.java:processTables(161)) - Using default column profile:DBProfile.DISK for Table:s3SecretTable
2019-08-28 13:14:26,826 [main] INFO  db.DBStoreBuilder (DBStoreBuilder.java:addTable(110)) - using custom profile for table: prefixTable
2019-08-28 13:14:26,827 [main] INFO  db.DBStoreBuilder (DBStoreBuilder.java:processTables(161)) - Using default column profile:DBProfile.DISK for Table:prefixTable
2019-08-28 13:14:26,827 [main] INFO  db.DBStoreBuilder (DBStoreBuilder.java:addTable(110)) - using custom profile for table: default
2019-08-28 13:14:26,827 [main] INFO  db.DBStoreBuilder (DBStoreBuilder.java:processTables(167)) - Using default column profile:DBProfile.DISK for Table:default
2019-08-28 13:14:26,827 [main] INFO  db.DBStoreBuilder (DBStoreBuilder.java:getDbProfile(198)) - Using default options. DBProfile.DISK
2019-08-28 13:14:27,593 [main] INFO  ipc.CallQueueManager (CallQueueManager.java:<init>(84)) - Using callQueue: class java.util.concurrent.LinkedBlockingQueue, queueCapacity: 2000, scheduler: class org.apache.hadoop.ipc.DefaultRpcScheduler, ipcBackoff: false.
2019-08-28 13:14:27,594 [Socket Reader #1 for port 46153] INFO  ipc.Server (Server.java:run(1074)) - Starting Socket Reader #1 for port 46153
2019-08-28 13:14:27,605 [main] INFO  om.OzoneManager (OzoneManager.java:start(1259)) - OzoneManager RPC server is listening at localhost/127.0.0.1:46153
2019-08-28 13:14:27,605 [main] INFO  impl.MetricsSystemImpl (MetricsSystemImpl.java:init(158)) - OzoneManager metrics system started (again)
2019-08-28 13:14:27,606 [IPC Server Responder] INFO  ipc.Server (Server.java:run(1314)) - IPC Server Responder: starting
2019-08-28 13:14:27,606 [IPC Server listener on 46153] INFO  ipc.Server (Server.java:run(1153)) - IPC Server listener on 46153: starting
2019-08-28 13:14:27,612 [main] INFO  hdfs.DFSUtil (DFSUtil.java:httpServerTemplateForNNAndJN(1641)) - Starting Web-server for ozoneManager at: http://0.0.0.0:0
2019-08-28 13:14:27,613 [main] INFO  server.AuthenticationFilter (AuthenticationFilter.java:constructSecretProvider(240)) - Unable to initialize FileSignerSecretProvider, falling back to use random secrets.
2019-08-28 13:14:27,613 [main] WARN  http.HttpRequestLog (HttpRequestLog.java:getRequestLog(97)) - Jetty request log can only be enabled using Log4j
2019-08-28 13:14:27,615 [main] INFO  http.HttpServer2 (HttpServer2.java:addGlobalFilter(975)) - Added global filter 'safety' (class=org.apache.hadoop.http.HttpServer2$QuotingInputFilter)
2019-08-28 13:14:27,615 [main] INFO  http.HttpServer2 (HttpServer2.java:addFilter(948)) - Added filter static_user_filter (class=org.apache.hadoop.http.lib.StaticUserWebFilter$StaticUserFilter) to context ozoneManager
2019-08-28 13:14:27,615 [main] INFO  http.HttpServer2 (HttpServer2.java:addFilter(958)) - Added filter static_user_filter (class=org.apache.hadoop.http.lib.StaticUserWebFilter$StaticUserFilter) to context static
2019-08-28 13:14:27,615 [main] INFO  http.HttpServer2 (HttpServer2.java:addFilter(958)) - Added filter static_user_filter (class=org.apache.hadoop.http.lib.StaticUserWebFilter$StaticUserFilter) to context logs
2019-08-28 13:14:27,616 [main] INFO  http.HttpServer2 (HttpServer2.java:bindListener(1191)) - Jetty bound to port 36816
2019-08-28 13:14:27,616 [main] INFO  server.Server (Server.java:doStart(351)) - jetty-9.3.24.v20180605, build timestamp: 2018-06-05T17:11:56Z, git hash: 84205aa28f11a4f31f2a3b86d1bba2cc8ab69827
2019-08-28 13:14:27,618 [main] INFO  handler.ContextHandler (ContextHandler.java:doStart(781)) - Started o.e.j.s.ServletContextHandler@4fd70118{/logs,file:///workdir/hadoop-ozone/integration-test/target/log,AVAILABLE}
2019-08-28 13:14:27,618 [main] INFO  handler.ContextHandler (ContextHandler.java:doStart(781)) - Started o.e.j.s.ServletContextHandler@516370c1{/static,file:///workdir/hadoop-ozone/integration-test/target/test-classes/webapps/static,AVAILABLE}
2019-08-28 13:14:27,621 [main] INFO  handler.ContextHandler (ContextHandler.java:doStart(781)) - Started o.e.j.w.WebAppContext@2d7df55{/,file:///workdir/hadoop-ozone/integration-test/target/test-classes/webapps/ozoneManager/,AVAILABLE}{/ozoneManager}
2019-08-28 13:14:27,622 [main] INFO  server.AbstractConnector (AbstractConnector.java:doStart(278)) - Started ServerConnector@674c01ce{HTTP/1.1,[http/1.1]}{0.0.0.0:36816}
2019-08-28 13:14:27,622 [main] INFO  server.Server (Server.java:doStart(419)) - Started @236440ms
2019-08-28 13:14:27,623 [main] INFO  server.BaseHttpServer (BaseHttpServer.java:updateConnectorAddress(213)) - HTTP server of OZONEMANAGER is listening at http://0.0.0.0:36816
2019-08-28 13:14:27,635 [main] INFO  impl.MetricsSystemImpl (MetricsSystemImpl.java:init(158)) - HddsDatanode metrics system started (again)
2019-08-28 13:14:27,637 [main] INFO  ozone.HddsDatanodeService (HddsDatanodeService.java:start(184)) - HddsDatanodeService host:pr-hdds-2030-bfh46-3754461772 ip:192.168.69.80
2019-08-28 13:14:27,647 [main] INFO  volume.HddsVolume (HddsVolume.java:<init>(176)) - Creating Volume: /workdir/hadoop-ozone/integration-test/target/test-dir/MiniOzoneClusterImpl-f3eae3db-a82f-4595-954c-af2e0fd8f57a/datanode-0/data/containers/hdds of  storage type : DISK and capacity : 1482555576320
2019-08-28 13:14:27,648 [main] INFO  volume.VolumeSet (VolumeSet.java:initializeVolumeSet(170)) - Added Volume : /workdir/hadoop-ozone/integration-test/target/test-dir/MiniOzoneClusterImpl-f3eae3db-a82f-4595-954c-af2e0fd8f57a/datanode-0/data/containers/hdds to VolumeSet
2019-08-28 13:14:27,648 [main] INFO  volume.ThrottledAsyncChecker (ThrottledAsyncChecker.java:schedule(140)) - Scheduling a check for org.apache.hadoop.ozone.container.common.volume.HddsVolume@28901fe7
2019-08-28 13:14:27,648 [main] INFO  volume.HddsVolumeChecker (HddsVolumeChecker.java:checkAllVolumes(203)) - Scheduled health check for volume org.apache.hadoop.ozone.container.common.volume.HddsVolume@28901fe7
2019-08-28 13:14:27,662 [main] INFO  impl.RaftServerProxy (ConfUtils.java:logGet(43)) - raft.rpc.type = GRPC (default)
2019-08-28 13:14:27,662 [main] INFO  grpc.GrpcFactory (GrpcFactory.java:checkPooledByteBufAllocatorUseCacheForAllThreads(45)) - PERFORMANCE WARNING: useCacheForAllThreads is true that may cause Netty to create a lot garbage objects and, as a result, trigger GC.
	It is recommended to disable useCacheForAllThreads by setting -Dorg.apache.ratis.thirdparty.io.netty.allocator.useCacheForAllThreads=false in command line.
2019-08-28 13:14:27,663 [main] INFO  grpc.GrpcConfigKeys$Server (ConfUtils.java:logGet(43)) - raft.grpc.server.port = 0 (default)
2019-08-28 13:14:27,663 [main] INFO  server.GrpcService (ConfUtils.java:logGet(43)) - raft.grpc.message.size.max = 33570816 (custom)
2019-08-28 13:14:27,663 [main] INFO  server.RaftServerConfigKeys (ConfUtils.java:logGet(43)) - raft.server.log.appender.buffer.byte-limit = 33554432 (custom)
2019-08-28 13:14:27,663 [main] INFO  server.GrpcService (ConfUtils.java:logGet(43)) - raft.grpc.flow.control.window = 1MB (=1048576) (default)
2019-08-28 13:14:27,663 [main] INFO  server.RaftServerConfigKeys (ConfUtils.java:logGet(43)) - raft.server.rpc.request.timeout = 3000ms (default)
2019-08-28 13:14:27,664 [main] INFO  server.RaftServerConfigKeys (ConfUtils.java:logGet(43)) - raft.server.storage.dir = [/workdir/hadoop-ozone/integration-test/target/test-dir/MiniOzoneClusterImpl-f3eae3db-a82f-4595-954c-af2e0fd8f57a/datanode-0/data/ratis] (custom)
2019-08-28 13:14:27,664 [main] INFO  replication.SimpleContainerDownloader (SimpleContainerDownloader.java:<init>(72)) - Starting container downloader service to copy containers to replicate.
2019-08-28 13:14:27,666 [main] INFO  hdfs.DFSUtil (DFSUtil.java:httpServerTemplateForNNAndJN(1641)) - Starting Web-server for hddsDatanode at: http://0.0.0.0:0
2019-08-28 13:14:27,667 [main] INFO  server.AuthenticationFilter (AuthenticationFilter.java:constructSecretProvider(240)) - Unable to initialize FileSignerSecretProvider, falling back to use random secrets.
2019-08-28 13:14:27,667 [main] WARN  http.HttpRequestLog (HttpRequestLog.java:getRequestLog(97)) - Jetty request log can only be enabled using Log4j
2019-08-28 13:14:27,669 [main] INFO  http.HttpServer2 (HttpServer2.java:addGlobalFilter(975)) - Added global filter 'safety' (class=org.apache.hadoop.http.HttpServer2$QuotingInputFilter)
2019-08-28 13:14:27,669 [main] INFO  http.HttpServer2 (HttpServer2.java:addFilter(948)) - Added filter static_user_filter (class=org.apache.hadoop.http.lib.StaticUserWebFilter$StaticUserFilter) to context hddsDatanode
2019-08-28 13:14:27,669 [main] INFO  http.HttpServer2 (HttpServer2.java:addFilter(958)) - Added filter static_user_filter (class=org.apache.hadoop.http.lib.StaticUserWebFilter$StaticUserFilter) to context logs
2019-08-28 13:14:27,669 [main] INFO  http.HttpServer2 (HttpServer2.java:addFilter(958)) - Added filter static_user_filter (class=org.apache.hadoop.http.lib.StaticUserWebFilter$StaticUserFilter) to context static
2019-08-28 13:14:27,670 [main] INFO  http.HttpServer2 (HttpServer2.java:bindListener(1191)) - Jetty bound to port 44106
2019-08-28 13:14:27,670 [main] INFO  server.Server (Server.java:doStart(351)) - jetty-9.3.24.v20180605, build timestamp: 2018-06-05T17:11:56Z, git hash: 84205aa28f11a4f31f2a3b86d1bba2cc8ab69827
2019-08-28 13:14:27,672 [main] INFO  handler.ContextHandler (ContextHandler.java:doStart(781)) - Started o.e.j.s.ServletContextHandler@106c3e0a{/logs,file:///workdir/hadoop-ozone/integration-test/target/log,AVAILABLE}
2019-08-28 13:14:27,672 [main] INFO  handler.ContextHandler (ContextHandler.java:doStart(781)) - Started o.e.j.s.ServletContextHandler@154cbb46{/static,jar:file:/home/user/.m2/repository/org/apache/hadoop/hadoop-hdds-container-service/0.5.0-SNAPSHOT/hadoop-hdds-container-service-0.5.0-SNAPSHOT.jar!/webapps/static,AVAILABLE}
2019-08-28 13:14:27,699 [main] INFO  handler.ContextHandler (ContextHandler.java:doStart(781)) - Started o.e.j.w.WebAppContext@c3e5e3c{/,file:///tmp/jetty-0.0.0.0-44106-hddsDatanode-_-any-8949362740146604720.dir/webapp/,AVAILABLE}{/hddsDatanode}
2019-08-28 13:14:27,699 [main] INFO  server.AbstractConnector (AbstractConnector.java:doStart(278)) - Started ServerConnector@11f752d1{HTTP/1.1,[http/1.1]}{0.0.0.0:44106}
2019-08-28 13:14:27,700 [main] INFO  server.Server (Server.java:doStart(419)) - Started @236518ms
2019-08-28 13:14:27,701 [main] INFO  server.BaseHttpServer (BaseHttpServer.java:updateConnectorAddress(213)) - HTTP server of HDDSDATANODE is listening at http://0.0.0.0:44106
2019-08-28 13:14:27,819 | INFO  | ObjectStoreRestHttpServer | Listening HDDS REST traffic on /0.0.0.0:44074 |  
2019-08-28 13:14:27,820 [main] INFO  ozone.HddsDatanodeService (HddsDatanodeService.java:startPlugins(395)) - Started plug-in org.apache.hadoop.ozone.web.OzoneHddsDatanodeService@3dfe2797
2019-08-28 13:14:27,820 [main] INFO  impl.MetricsSystemImpl (MetricsSystemImpl.java:init(158)) - HddsDatanode metrics system started (again)
2019-08-28 13:14:27,822 [org.apache.hadoop.util.JvmPauseMonitor$Monitor@25e08fb0] INFO  util.JvmPauseMonitor (JvmPauseMonitor.java:run(188)) - Starting JVM pause monitor
2019-08-28 13:14:27,822 [main] INFO  ozone.HddsDatanodeService (HddsDatanodeService.java:start(184)) - HddsDatanodeService host:pr-hdds-2030-bfh46-3754461772 ip:192.168.69.80
2019-08-28 13:14:27,824 [Datanode State Machine Thread - 0] INFO  datanode.InitDatanodeState (InitDatanodeState.java:persistContainerDatanodeDetails(140)) - DatanodeDetails is persisted to /workdir/hadoop-ozone/integration-test/target/test-dir/MiniOzoneClusterImpl-f3eae3db-a82f-4595-954c-af2e0fd8f57a/datanode-0/meta/datanode.id
2019-08-28 13:14:27,832 [main] INFO  volume.HddsVolume (HddsVolume.java:<init>(176)) - Creating Volume: /workdir/hadoop-ozone/integration-test/target/test-dir/MiniOzoneClusterImpl-f3eae3db-a82f-4595-954c-af2e0fd8f57a/datanode-1/data/containers/hdds of  storage type : DISK and capacity : 1482555576320
2019-08-28 13:14:27,833 [main] INFO  volume.VolumeSet (VolumeSet.java:initializeVolumeSet(170)) - Added Volume : /workdir/hadoop-ozone/integration-test/target/test-dir/MiniOzoneClusterImpl-f3eae3db-a82f-4595-954c-af2e0fd8f57a/datanode-1/data/containers/hdds to VolumeSet
2019-08-28 13:14:27,833 [main] INFO  volume.ThrottledAsyncChecker (ThrottledAsyncChecker.java:schedule(140)) - Scheduling a check for org.apache.hadoop.ozone.container.common.volume.HddsVolume@786de0a3
2019-08-28 13:14:27,833 [main] INFO  volume.HddsVolumeChecker (HddsVolumeChecker.java:checkAllVolumes(203)) - Scheduled health check for volume org.apache.hadoop.ozone.container.common.volume.HddsVolume@786de0a3
2019-08-28 13:14:27,846 [main] INFO  impl.RaftServerProxy (ConfUtils.java:logGet(43)) - raft.rpc.type = GRPC (default)
2019-08-28 13:14:27,846 [main] INFO  grpc.GrpcFactory (GrpcFactory.java:checkPooledByteBufAllocatorUseCacheForAllThreads(45)) - PERFORMANCE WARNING: useCacheForAllThreads is true that may cause Netty to create a lot garbage objects and, as a result, trigger GC.
	It is recommended to disable useCacheForAllThreads by setting -Dorg.apache.ratis.thirdparty.io.netty.allocator.useCacheForAllThreads=false in command line.
2019-08-28 13:14:27,846 [main] INFO  grpc.GrpcConfigKeys$Server (ConfUtils.java:logGet(43)) - raft.grpc.server.port = 0 (default)
2019-08-28 13:14:27,846 [main] INFO  server.GrpcService (ConfUtils.java:logGet(43)) - raft.grpc.message.size.max = 33570816 (custom)
2019-08-28 13:14:27,847 [main] INFO  server.RaftServerConfigKeys (ConfUtils.java:logGet(43)) - raft.server.log.appender.buffer.byte-limit = 33554432 (custom)
2019-08-28 13:14:27,847 [main] INFO  server.GrpcService (ConfUtils.java:logGet(43)) - raft.grpc.flow.control.window = 1MB (=1048576) (default)
2019-08-28 13:14:27,847 [main] INFO  server.RaftServerConfigKeys (ConfUtils.java:logGet(43)) - raft.server.rpc.request.timeout = 3000ms (default)
2019-08-28 13:14:27,847 [main] INFO  server.RaftServerConfigKeys (ConfUtils.java:logGet(43)) - raft.server.storage.dir = [/workdir/hadoop-ozone/integration-test/target/test-dir/MiniOzoneClusterImpl-f3eae3db-a82f-4595-954c-af2e0fd8f57a/datanode-1/data/ratis] (custom)
2019-08-28 13:14:27,848 [main] INFO  replication.SimpleContainerDownloader (SimpleContainerDownloader.java:<init>(72)) - Starting container downloader service to copy containers to replicate.
2019-08-28 13:14:27,849 [main] INFO  hdfs.DFSUtil (DFSUtil.java:httpServerTemplateForNNAndJN(1641)) - Starting Web-server for hddsDatanode at: http://0.0.0.0:0
2019-08-28 13:14:27,850 [main] INFO  server.AuthenticationFilter (AuthenticationFilter.java:constructSecretProvider(240)) - Unable to initialize FileSignerSecretProvider, falling back to use random secrets.
2019-08-28 13:14:27,850 [main] WARN  http.HttpRequestLog (HttpRequestLog.java:getRequestLog(97)) - Jetty request log can only be enabled using Log4j
2019-08-28 13:14:27,852 [main] INFO  http.HttpServer2 (HttpServer2.java:addGlobalFilter(975)) - Added global filter 'safety' (class=org.apache.hadoop.http.HttpServer2$QuotingInputFilter)
2019-08-28 13:14:27,852 [main] INFO  http.HttpServer2 (HttpServer2.java:addFilter(948)) - Added filter static_user_filter (class=org.apache.hadoop.http.lib.StaticUserWebFilter$StaticUserFilter) to context hddsDatanode
2019-08-28 13:14:27,852 [main] INFO  http.HttpServer2 (HttpServer2.java:addFilter(958)) - Added filter static_user_filter (class=org.apache.hadoop.http.lib.StaticUserWebFilter$StaticUserFilter) to context logs
2019-08-28 13:14:27,852 [main] INFO  http.HttpServer2 (HttpServer2.java:addFilter(958)) - Added filter static_user_filter (class=org.apache.hadoop.http.lib.StaticUserWebFilter$StaticUserFilter) to context static
2019-08-28 13:14:27,853 [main] INFO  http.HttpServer2 (HttpServer2.java:bindListener(1191)) - Jetty bound to port 41385
2019-08-28 13:14:27,853 [main] INFO  server.Server (Server.java:doStart(351)) - jetty-9.3.24.v20180605, build timestamp: 2018-06-05T17:11:56Z, git hash: 84205aa28f11a4f31f2a3b86d1bba2cc8ab69827
2019-08-28 13:14:27,854 [main] INFO  handler.ContextHandler (ContextHandler.java:doStart(781)) - Started o.e.j.s.ServletContextHandler@1e3c4c12{/logs,file:///workdir/hadoop-ozone/integration-test/target/log,AVAILABLE}
2019-08-28 13:14:27,855 [main] INFO  handler.ContextHandler (ContextHandler.java:doStart(781)) - Started o.e.j.s.ServletContextHandler@e74300b{/static,jar:file:/home/user/.m2/repository/org/apache/hadoop/hadoop-hdds-container-service/0.5.0-SNAPSHOT/hadoop-hdds-container-service-0.5.0-SNAPSHOT.jar!/webapps/static,AVAILABLE}
2019-08-28 13:14:27,882 [main] INFO  handler.ContextHandler (ContextHandler.java:doStart(781)) - Started o.e.j.w.WebAppContext@3304362e{/,file:///tmp/jetty-0.0.0.0-41385-hddsDatanode-_-any-1456647941855301240.dir/webapp/,AVAILABLE}{/hddsDatanode}
2019-08-28 13:14:27,882 [main] INFO  server.AbstractConnector (AbstractConnector.java:doStart(278)) - Started ServerConnector@78b293a{HTTP/1.1,[http/1.1]}{0.0.0.0:41385}
2019-08-28 13:14:27,882 [main] INFO  server.Server (Server.java:doStart(419)) - Started @236700ms
2019-08-28 13:14:27,884 [main] INFO  server.BaseHttpServer (BaseHttpServer.java:updateConnectorAddress(213)) - HTTP server of HDDSDATANODE is listening at http://0.0.0.0:41385
2019-08-28 13:14:28,003 | INFO  | ObjectStoreRestHttpServer | Listening HDDS REST traffic on /0.0.0.0:44962 |  
2019-08-28 13:14:28,003 [main] INFO  ozone.HddsDatanodeService (HddsDatanodeService.java:startPlugins(395)) - Started plug-in org.apache.hadoop.ozone.web.OzoneHddsDatanodeService@7d44e3c7
2019-08-28 13:14:28,003 [main] INFO  impl.MetricsSystemImpl (MetricsSystemImpl.java:init(158)) - HddsDatanode metrics system started (again)
2019-08-28 13:14:28,006 [org.apache.hadoop.util.JvmPauseMonitor$Monitor@3eb14875] INFO  util.JvmPauseMonitor (JvmPauseMonitor.java:run(188)) - Starting JVM pause monitor
2019-08-28 13:14:28,006 [main] INFO  ozone.HddsDatanodeService (HddsDatanodeService.java:start(184)) - HddsDatanodeService host:pr-hdds-2030-bfh46-3754461772 ip:192.168.69.80
2019-08-28 13:14:28,007 [Datanode State Machine Thread - 0] INFO  datanode.InitDatanodeState (InitDatanodeState.java:persistContainerDatanodeDetails(140)) - DatanodeDetails is persisted to /workdir/hadoop-ozone/integration-test/target/test-dir/MiniOzoneClusterImpl-f3eae3db-a82f-4595-954c-af2e0fd8f57a/datanode-1/meta/datanode.id
2019-08-28 13:14:28,016 [main] INFO  volume.HddsVolume (HddsVolume.java:<init>(176)) - Creating Volume: /workdir/hadoop-ozone/integration-test/target/test-dir/MiniOzoneClusterImpl-f3eae3db-a82f-4595-954c-af2e0fd8f57a/datanode-2/data/containers/hdds of  storage type : DISK and capacity : 1482555576320
2019-08-28 13:14:28,016 [main] INFO  volume.VolumeSet (VolumeSet.java:initializeVolumeSet(170)) - Added Volume : /workdir/hadoop-ozone/integration-test/target/test-dir/MiniOzoneClusterImpl-f3eae3db-a82f-4595-954c-af2e0fd8f57a/datanode-2/data/containers/hdds to VolumeSet
2019-08-28 13:14:28,016 [main] INFO  volume.ThrottledAsyncChecker (ThrottledAsyncChecker.java:schedule(140)) - Scheduling a check for org.apache.hadoop.ozone.container.common.volume.HddsVolume@3c8c5513
2019-08-28 13:14:28,017 [main] INFO  volume.HddsVolumeChecker (HddsVolumeChecker.java:checkAllVolumes(203)) - Scheduled health check for volume org.apache.hadoop.ozone.container.common.volume.HddsVolume@3c8c5513
2019-08-28 13:14:28,029 [main] INFO  impl.RaftServerProxy (ConfUtils.java:logGet(43)) - raft.rpc.type = GRPC (default)
2019-08-28 13:14:28,029 [main] INFO  grpc.GrpcFactory (GrpcFactory.java:checkPooledByteBufAllocatorUseCacheForAllThreads(45)) - PERFORMANCE WARNING: useCacheForAllThreads is true that may cause Netty to create a lot garbage objects and, as a result, trigger GC.
	It is recommended to disable useCacheForAllThreads by setting -Dorg.apache.ratis.thirdparty.io.netty.allocator.useCacheForAllThreads=false in command line.
2019-08-28 13:14:28,030 [main] INFO  grpc.GrpcConfigKeys$Server (ConfUtils.java:logGet(43)) - raft.grpc.server.port = 0 (default)
2019-08-28 13:14:28,030 [main] INFO  server.GrpcService (ConfUtils.java:logGet(43)) - raft.grpc.message.size.max = 33570816 (custom)
2019-08-28 13:14:28,030 [main] INFO  server.RaftServerConfigKeys (ConfUtils.java:logGet(43)) - raft.server.log.appender.buffer.byte-limit = 33554432 (custom)
2019-08-28 13:14:28,030 [main] INFO  server.GrpcService (ConfUtils.java:logGet(43)) - raft.grpc.flow.control.window = 1MB (=1048576) (default)
2019-08-28 13:14:28,030 [main] INFO  server.RaftServerConfigKeys (ConfUtils.java:logGet(43)) - raft.server.rpc.request.timeout = 3000ms (default)
2019-08-28 13:14:28,031 [main] INFO  server.RaftServerConfigKeys (ConfUtils.java:logGet(43)) - raft.server.storage.dir = [/workdir/hadoop-ozone/integration-test/target/test-dir/MiniOzoneClusterImpl-f3eae3db-a82f-4595-954c-af2e0fd8f57a/datanode-2/data/ratis] (custom)
2019-08-28 13:14:28,031 [main] INFO  replication.SimpleContainerDownloader (SimpleContainerDownloader.java:<init>(72)) - Starting container downloader service to copy containers to replicate.
2019-08-28 13:14:28,032 [main] INFO  hdfs.DFSUtil (DFSUtil.java:httpServerTemplateForNNAndJN(1641)) - Starting Web-server for hddsDatanode at: http://0.0.0.0:0
2019-08-28 13:14:28,033 [main] INFO  server.AuthenticationFilter (AuthenticationFilter.java:constructSecretProvider(240)) - Unable to initialize FileSignerSecretProvider, falling back to use random secrets.
2019-08-28 13:14:28,034 [main] WARN  http.HttpRequestLog (HttpRequestLog.java:getRequestLog(97)) - Jetty request log can only be enabled using Log4j
2019-08-28 13:14:28,035 [main] INFO  http.HttpServer2 (HttpServer2.java:addGlobalFilter(975)) - Added global filter 'safety' (class=org.apache.hadoop.http.HttpServer2$QuotingInputFilter)
2019-08-28 13:14:28,035 [main] INFO  http.HttpServer2 (HttpServer2.java:addFilter(948)) - Added filter static_user_filter (class=org.apache.hadoop.http.lib.StaticUserWebFilter$StaticUserFilter) to context hddsDatanode
2019-08-28 13:14:28,036 [main] INFO  http.HttpServer2 (HttpServer2.java:addFilter(958)) - Added filter static_user_filter (class=org.apache.hadoop.http.lib.StaticUserWebFilter$StaticUserFilter) to context static
2019-08-28 13:14:28,036 [main] INFO  http.HttpServer2 (HttpServer2.java:addFilter(958)) - Added filter static_user_filter (class=org.apache.hadoop.http.lib.StaticUserWebFilter$StaticUserFilter) to context logs
2019-08-28 13:14:28,036 [main] INFO  http.HttpServer2 (HttpServer2.java:bindListener(1191)) - Jetty bound to port 40933
2019-08-28 13:14:28,037 [main] INFO  server.Server (Server.java:doStart(351)) - jetty-9.3.24.v20180605, build timestamp: 2018-06-05T17:11:56Z, git hash: 84205aa28f11a4f31f2a3b86d1bba2cc8ab69827
2019-08-28 13:14:28,038 [main] INFO  handler.ContextHandler (ContextHandler.java:doStart(781)) - Started o.e.j.s.ServletContextHandler@7d41aefd{/logs,file:///workdir/hadoop-ozone/integration-test/target/log,AVAILABLE}
2019-08-28 13:14:28,038 [main] INFO  handler.ContextHandler (ContextHandler.java:doStart(781)) - Started o.e.j.s.ServletContextHandler@7893b8c{/static,jar:file:/home/user/.m2/repository/org/apache/hadoop/hadoop-hdds-container-service/0.5.0-SNAPSHOT/hadoop-hdds-container-service-0.5.0-SNAPSHOT.jar!/webapps/static,AVAILABLE}
2019-08-28 13:14:28,065 [main] INFO  handler.ContextHandler (ContextHandler.java:doStart(781)) - Started o.e.j.w.WebAppContext@5f1bd673{/,file:///tmp/jetty-0.0.0.0-40933-hddsDatanode-_-any-3445799439488073776.dir/webapp/,AVAILABLE}{/hddsDatanode}
2019-08-28 13:14:28,066 [main] INFO  server.AbstractConnector (AbstractConnector.java:doStart(278)) - Started ServerConnector@54351197{HTTP/1.1,[http/1.1]}{0.0.0.0:40933}
2019-08-28 13:14:28,067 [main] INFO  server.Server (Server.java:doStart(419)) - Started @236885ms
2019-08-28 13:14:28,068 [main] INFO  server.BaseHttpServer (BaseHttpServer.java:updateConnectorAddress(213)) - HTTP server of HDDSDATANODE is listening at http://0.0.0.0:40933
2019-08-28 13:14:28,203 | INFO  | ObjectStoreRestHttpServer | Listening HDDS REST traffic on /0.0.0.0:46216 |  
2019-08-28 13:14:28,203 [main] INFO  ozone.HddsDatanodeService (HddsDatanodeService.java:startPlugins(395)) - Started plug-in org.apache.hadoop.ozone.web.OzoneHddsDatanodeService@79a12552
2019-08-28 13:14:28,204 [main] INFO  impl.MetricsSystemImpl (MetricsSystemImpl.java:init(158)) - HddsDatanode metrics system started (again)
2019-08-28 13:14:28,206 [org.apache.hadoop.util.JvmPauseMonitor$Monitor@65f25263] INFO  util.JvmPauseMonitor (JvmPauseMonitor.java:run(188)) - Starting JVM pause monitor
2019-08-28 13:14:28,207 [main] INFO  ozone.HddsDatanodeService (HddsDatanodeService.java:start(184)) - HddsDatanodeService host:pr-hdds-2030-bfh46-3754461772 ip:192.168.69.80
2019-08-28 13:14:28,207 [Datanode State Machine Thread - 0] INFO  datanode.InitDatanodeState (InitDatanodeState.java:persistContainerDatanodeDetails(140)) - DatanodeDetails is persisted to /workdir/hadoop-ozone/integration-test/target/test-dir/MiniOzoneClusterImpl-f3eae3db-a82f-4595-954c-af2e0fd8f57a/datanode-2/meta/datanode.id
2019-08-28 13:14:28,216 [main] INFO  volume.HddsVolume (HddsVolume.java:<init>(176)) - Creating Volume: /workdir/hadoop-ozone/integration-test/target/test-dir/MiniOzoneClusterImpl-f3eae3db-a82f-4595-954c-af2e0fd8f57a/datanode-3/data/containers/hdds of  storage type : DISK and capacity : 1482555576320
2019-08-28 13:14:28,216 [main] INFO  volume.VolumeSet (VolumeSet.java:initializeVolumeSet(170)) - Added Volume : /workdir/hadoop-ozone/integration-test/target/test-dir/MiniOzoneClusterImpl-f3eae3db-a82f-4595-954c-af2e0fd8f57a/datanode-3/data/containers/hdds to VolumeSet
2019-08-28 13:14:28,216 [main] INFO  volume.ThrottledAsyncChecker (ThrottledAsyncChecker.java:schedule(140)) - Scheduling a check for org.apache.hadoop.ozone.container.common.volume.HddsVolume@6f915016
2019-08-28 13:14:28,217 [main] INFO  volume.HddsVolumeChecker (HddsVolumeChecker.java:checkAllVolumes(203)) - Scheduled health check for volume org.apache.hadoop.ozone.container.common.volume.HddsVolume@6f915016
2019-08-28 13:14:28,231 [main] INFO  impl.RaftServerProxy (ConfUtils.java:logGet(43)) - raft.rpc.type = GRPC (default)
2019-08-28 13:14:28,231 [main] INFO  grpc.GrpcFactory (GrpcFactory.java:checkPooledByteBufAllocatorUseCacheForAllThreads(45)) - PERFORMANCE WARNING: useCacheForAllThreads is true that may cause Netty to create a lot garbage objects and, as a result, trigger GC.
	It is recommended to disable useCacheForAllThreads by setting -Dorg.apache.ratis.thirdparty.io.netty.allocator.useCacheForAllThreads=false in command line.
2019-08-28 13:14:28,231 [main] INFO  grpc.GrpcConfigKeys$Server (ConfUtils.java:logGet(43)) - raft.grpc.server.port = 0 (default)
2019-08-28 13:14:28,231 [main] INFO  server.GrpcService (ConfUtils.java:logGet(43)) - raft.grpc.message.size.max = 33570816 (custom)
2019-08-28 13:14:28,232 [main] INFO  server.RaftServerConfigKeys (ConfUtils.java:logGet(43)) - raft.server.log.appender.buffer.byte-limit = 33554432 (custom)
2019-08-28 13:14:28,232 [main] INFO  server.GrpcService (ConfUtils.java:logGet(43)) - raft.grpc.flow.control.window = 1MB (=1048576) (default)
2019-08-28 13:14:28,232 [main] INFO  server.RaftServerConfigKeys (ConfUtils.java:logGet(43)) - raft.server.rpc.request.timeout = 3000ms (default)
2019-08-28 13:14:28,232 [main] INFO  server.RaftServerConfigKeys (ConfUtils.java:logGet(43)) - raft.server.storage.dir = [/workdir/hadoop-ozone/integration-test/target/test-dir/MiniOzoneClusterImpl-f3eae3db-a82f-4595-954c-af2e0fd8f57a/datanode-3/data/ratis] (custom)
2019-08-28 13:14:28,233 [main] INFO  replication.SimpleContainerDownloader (SimpleContainerDownloader.java:<init>(72)) - Starting container downloader service to copy containers to replicate.
2019-08-28 13:14:28,234 [main] INFO  hdfs.DFSUtil (DFSUtil.java:httpServerTemplateForNNAndJN(1641)) - Starting Web-server for hddsDatanode at: http://0.0.0.0:0
2019-08-28 13:14:28,235 [main] INFO  server.AuthenticationFilter (AuthenticationFilter.java:constructSecretProvider(240)) - Unable to initialize FileSignerSecretProvider, falling back to use random secrets.
2019-08-28 13:14:28,235 [main] WARN  http.HttpRequestLog (HttpRequestLog.java:getRequestLog(97)) - Jetty request log can only be enabled using Log4j
2019-08-28 13:14:28,236 [main] INFO  http.HttpServer2 (HttpServer2.java:addGlobalFilter(975)) - Added global filter 'safety' (class=org.apache.hadoop.http.HttpServer2$QuotingInputFilter)
2019-08-28 13:14:28,237 [main] INFO  http.HttpServer2 (HttpServer2.java:addFilter(948)) - Added filter static_user_filter (class=org.apache.hadoop.http.lib.StaticUserWebFilter$StaticUserFilter) to context hddsDatanode
2019-08-28 13:14:28,237 [main] INFO  http.HttpServer2 (HttpServer2.java:addFilter(958)) - Added filter static_user_filter (class=org.apache.hadoop.http.lib.StaticUserWebFilter$StaticUserFilter) to context static
2019-08-28 13:14:28,237 [main] INFO  http.HttpServer2 (HttpServer2.java:addFilter(958)) - Added filter static_user_filter (class=org.apache.hadoop.http.lib.StaticUserWebFilter$StaticUserFilter) to context logs
2019-08-28 13:14:28,238 [main] INFO  http.HttpServer2 (HttpServer2.java:bindListener(1191)) - Jetty bound to port 42602
2019-08-28 13:14:28,238 [main] INFO  server.Server (Server.java:doStart(351)) - jetty-9.3.24.v20180605, build timestamp: 2018-06-05T17:11:56Z, git hash: 84205aa28f11a4f31f2a3b86d1bba2cc8ab69827
2019-08-28 13:14:28,239 [main] INFO  handler.ContextHandler (ContextHandler.java:doStart(781)) - Started o.e.j.s.ServletContextHandler@693c7741{/logs,file:///workdir/hadoop-ozone/integration-test/target/log,AVAILABLE}
2019-08-28 13:14:28,240 [main] INFO  handler.ContextHandler (ContextHandler.java:doStart(781)) - Started o.e.j.s.ServletContextHandler@175c4ae5{/static,jar:file:/home/user/.m2/repository/org/apache/hadoop/hadoop-hdds-container-service/0.5.0-SNAPSHOT/hadoop-hdds-container-service-0.5.0-SNAPSHOT.jar!/webapps/static,AVAILABLE}
2019-08-28 13:14:28,266 [main] INFO  handler.ContextHandler (ContextHandler.java:doStart(781)) - Started o.e.j.w.WebAppContext@11564455{/,file:///tmp/jetty-0.0.0.0-42602-hddsDatanode-_-any-2002081420604702876.dir/webapp/,AVAILABLE}{/hddsDatanode}
2019-08-28 13:14:28,267 [main] INFO  server.AbstractConnector (AbstractConnector.java:doStart(278)) - Started ServerConnector@173c0722{HTTP/1.1,[http/1.1]}{0.0.0.0:42602}
2019-08-28 13:14:28,268 [main] INFO  server.Server (Server.java:doStart(419)) - Started @237086ms
2019-08-28 13:14:28,268 [main] INFO  server.BaseHttpServer (BaseHttpServer.java:updateConnectorAddress(213)) - HTTP server of HDDSDATANODE is listening at http://0.0.0.0:42602
2019-08-28 13:14:28,389 | INFO  | ObjectStoreRestHttpServer | Listening HDDS REST traffic on /0.0.0.0:39250 |  
2019-08-28 13:14:28,389 [main] INFO  ozone.HddsDatanodeService (HddsDatanodeService.java:startPlugins(395)) - Started plug-in org.apache.hadoop.ozone.web.OzoneHddsDatanodeService@22858c21
2019-08-28 13:14:28,389 [main] INFO  impl.MetricsSystemImpl (MetricsSystemImpl.java:init(158)) - HddsDatanode metrics system started (again)
2019-08-28 13:14:28,393 [org.apache.hadoop.util.JvmPauseMonitor$Monitor@6a2d1fe0] INFO  util.JvmPauseMonitor (JvmPauseMonitor.java:run(188)) - Starting JVM pause monitor
2019-08-28 13:14:28,393 [main] INFO  ozone.HddsDatanodeService (HddsDatanodeService.java:start(184)) - HddsDatanodeService host:pr-hdds-2030-bfh46-3754461772 ip:192.168.69.80
2019-08-28 13:14:28,395 [Datanode State Machine Thread - 0] INFO  datanode.InitDatanodeState (InitDatanodeState.java:persistContainerDatanodeDetails(140)) - DatanodeDetails is persisted to /workdir/hadoop-ozone/integration-test/target/test-dir/MiniOzoneClusterImpl-f3eae3db-a82f-4595-954c-af2e0fd8f57a/datanode-3/meta/datanode.id
2019-08-28 13:14:28,404 [main] INFO  volume.HddsVolume (HddsVolume.java:<init>(176)) - Creating Volume: /workdir/hadoop-ozone/integration-test/target/test-dir/MiniOzoneClusterImpl-f3eae3db-a82f-4595-954c-af2e0fd8f57a/datanode-4/data/containers/hdds of  storage type : DISK and capacity : 1482555576320
2019-08-28 13:14:28,404 [main] INFO  volume.VolumeSet (VolumeSet.java:initializeVolumeSet(170)) - Added Volume : /workdir/hadoop-ozone/integration-test/target/test-dir/MiniOzoneClusterImpl-f3eae3db-a82f-4595-954c-af2e0fd8f57a/datanode-4/data/containers/hdds to VolumeSet
2019-08-28 13:14:28,404 [main] INFO  volume.ThrottledAsyncChecker (ThrottledAsyncChecker.java:schedule(140)) - Scheduling a check for org.apache.hadoop.ozone.container.common.volume.HddsVolume@47fb30ca
2019-08-28 13:14:28,405 [main] INFO  volume.HddsVolumeChecker (HddsVolumeChecker.java:checkAllVolumes(203)) - Scheduled health check for volume org.apache.hadoop.ozone.container.common.volume.HddsVolume@47fb30ca
2019-08-28 13:14:28,418 [main] INFO  impl.RaftServerProxy (ConfUtils.java:logGet(43)) - raft.rpc.type = GRPC (default)
2019-08-28 13:14:28,418 [main] INFO  grpc.GrpcFactory (GrpcFactory.java:checkPooledByteBufAllocatorUseCacheForAllThreads(45)) - PERFORMANCE WARNING: useCacheForAllThreads is true that may cause Netty to create a lot garbage objects and, as a result, trigger GC.
	It is recommended to disable useCacheForAllThreads by setting -Dorg.apache.ratis.thirdparty.io.netty.allocator.useCacheForAllThreads=false in command line.
2019-08-28 13:14:28,418 [main] INFO  grpc.GrpcConfigKeys$Server (ConfUtils.java:logGet(43)) - raft.grpc.server.port = 0 (default)
2019-08-28 13:14:28,418 [main] INFO  server.GrpcService (ConfUtils.java:logGet(43)) - raft.grpc.message.size.max = 33570816 (custom)
2019-08-28 13:14:28,419 [main] INFO  server.RaftServerConfigKeys (ConfUtils.java:logGet(43)) - raft.server.log.appender.buffer.byte-limit = 33554432 (custom)
2019-08-28 13:14:28,419 [main] INFO  server.GrpcService (ConfUtils.java:logGet(43)) - raft.grpc.flow.control.window = 1MB (=1048576) (default)
2019-08-28 13:14:28,419 [main] INFO  server.RaftServerConfigKeys (ConfUtils.java:logGet(43)) - raft.server.rpc.request.timeout = 3000ms (default)
2019-08-28 13:14:28,419 [main] INFO  server.RaftServerConfigKeys (ConfUtils.java:logGet(43)) - raft.server.storage.dir = [/workdir/hadoop-ozone/integration-test/target/test-dir/MiniOzoneClusterImpl-f3eae3db-a82f-4595-954c-af2e0fd8f57a/datanode-4/data/ratis] (custom)
2019-08-28 13:14:28,420 [main] INFO  replication.SimpleContainerDownloader (SimpleContainerDownloader.java:<init>(72)) - Starting container downloader service to copy containers to replicate.
2019-08-28 13:14:28,421 [main] INFO  hdfs.DFSUtil (DFSUtil.java:httpServerTemplateForNNAndJN(1641)) - Starting Web-server for hddsDatanode at: http://0.0.0.0:0
2019-08-28 13:14:28,422 [main] INFO  server.AuthenticationFilter (AuthenticationFilter.java:constructSecretProvider(240)) - Unable to initialize FileSignerSecretProvider, falling back to use random secrets.
2019-08-28 13:14:28,422 [main] WARN  http.HttpRequestLog (HttpRequestLog.java:getRequestLog(97)) - Jetty request log can only be enabled using Log4j
2019-08-28 13:14:28,424 [main] INFO  http.HttpServer2 (HttpServer2.java:addGlobalFilter(975)) - Added global filter 'safety' (class=org.apache.hadoop.http.HttpServer2$QuotingInputFilter)
2019-08-28 13:14:28,424 [main] INFO  http.HttpServer2 (HttpServer2.java:addFilter(948)) - Added filter static_user_filter (class=org.apache.hadoop.http.lib.StaticUserWebFilter$StaticUserFilter) to context hddsDatanode
2019-08-28 13:14:28,424 [main] INFO  http.HttpServer2 (HttpServer2.java:addFilter(958)) - Added filter static_user_filter (class=org.apache.hadoop.http.lib.StaticUserWebFilter$StaticUserFilter) to context static
2019-08-28 13:14:28,424 [main] INFO  http.HttpServer2 (HttpServer2.java:addFilter(958)) - Added filter static_user_filter (class=org.apache.hadoop.http.lib.StaticUserWebFilter$StaticUserFilter) to context logs
2019-08-28 13:14:28,425 [main] INFO  http.HttpServer2 (HttpServer2.java:bindListener(1191)) - Jetty bound to port 36617
2019-08-28 13:14:28,425 [main] INFO  server.Server (Server.java:doStart(351)) - jetty-9.3.24.v20180605, build timestamp: 2018-06-05T17:11:56Z, git hash: 84205aa28f11a4f31f2a3b86d1bba2cc8ab69827
2019-08-28 13:14:28,427 [main] INFO  handler.ContextHandler (ContextHandler.java:doStart(781)) - Started o.e.j.s.ServletContextHandler@359b4846{/logs,file:///workdir/hadoop-ozone/integration-test/target/log,AVAILABLE}
2019-08-28 13:14:28,427 [main] INFO  handler.ContextHandler (ContextHandler.java:doStart(781)) - Started o.e.j.s.ServletContextHandler@5f59b6c5{/static,jar:file:/home/user/.m2/repository/org/apache/hadoop/hadoop-hdds-container-service/0.5.0-SNAPSHOT/hadoop-hdds-container-service-0.5.0-SNAPSHOT.jar!/webapps/static,AVAILABLE}
2019-08-28 13:14:28,457 [main] INFO  handler.ContextHandler (ContextHandler.java:doStart(781)) - Started o.e.j.w.WebAppContext@2b0483f2{/,file:///tmp/jetty-0.0.0.0-36617-hddsDatanode-_-any-4128664466303725636.dir/webapp/,AVAILABLE}{/hddsDatanode}
2019-08-28 13:14:28,458 [main] INFO  server.AbstractConnector (AbstractConnector.java:doStart(278)) - Started ServerConnector@b8e6981{HTTP/1.1,[http/1.1]}{0.0.0.0:36617}
2019-08-28 13:14:28,459 [main] INFO  server.Server (Server.java:doStart(419)) - Started @237277ms
2019-08-28 13:14:28,460 [main] INFO  server.BaseHttpServer (BaseHttpServer.java:updateConnectorAddress(213)) - HTTP server of HDDSDATANODE is listening at http://0.0.0.0:36617
2019-08-28 13:14:28,584 | INFO  | ObjectStoreRestHttpServer | Listening HDDS REST traffic on /0.0.0.0:40893 |  
2019-08-28 13:14:28,584 [main] INFO  ozone.HddsDatanodeService (HddsDatanodeService.java:startPlugins(395)) - Started plug-in org.apache.hadoop.ozone.web.OzoneHddsDatanodeService@769d0ef2
2019-08-28 13:14:28,585 [main] INFO  impl.MetricsSystemImpl (MetricsSystemImpl.java:init(158)) - HddsDatanode metrics system started (again)
2019-08-28 13:14:28,588 [org.apache.hadoop.util.JvmPauseMonitor$Monitor@7dbc4899] INFO  util.JvmPauseMonitor (JvmPauseMonitor.java:run(188)) - Starting JVM pause monitor
2019-08-28 13:14:28,589 [main] INFO  ozone.HddsDatanodeService (HddsDatanodeService.java:start(184)) - HddsDatanodeService host:pr-hdds-2030-bfh46-3754461772 ip:192.168.69.80
2019-08-28 13:14:28,590 [Datanode State Machine Thread - 0] INFO  datanode.InitDatanodeState (InitDatanodeState.java:persistContainerDatanodeDetails(140)) - DatanodeDetails is persisted to /workdir/hadoop-ozone/integration-test/target/test-dir/MiniOzoneClusterImpl-f3eae3db-a82f-4595-954c-af2e0fd8f57a/datanode-4/meta/datanode.id
2019-08-28 13:14:28,598 [main] INFO  volume.HddsVolume (HddsVolume.java:<init>(176)) - Creating Volume: /workdir/hadoop-ozone/integration-test/target/test-dir/MiniOzoneClusterImpl-f3eae3db-a82f-4595-954c-af2e0fd8f57a/datanode-5/data/containers/hdds of  storage type : DISK and capacity : 1482555576320
2019-08-28 13:14:28,598 [main] INFO  volume.VolumeSet (VolumeSet.java:initializeVolumeSet(170)) - Added Volume : /workdir/hadoop-ozone/integration-test/target/test-dir/MiniOzoneClusterImpl-f3eae3db-a82f-4595-954c-af2e0fd8f57a/datanode-5/data/containers/hdds to VolumeSet
2019-08-28 13:14:28,598 [main] INFO  volume.ThrottledAsyncChecker (ThrottledAsyncChecker.java:schedule(140)) - Scheduling a check for org.apache.hadoop.ozone.container.common.volume.HddsVolume@6da14f7f
2019-08-28 13:14:28,599 [main] INFO  volume.HddsVolumeChecker (HddsVolumeChecker.java:checkAllVolumes(203)) - Scheduled health check for volume org.apache.hadoop.ozone.container.common.volume.HddsVolume@6da14f7f
2019-08-28 13:14:28,614 [main] INFO  impl.RaftServerProxy (ConfUtils.java:logGet(43)) - raft.rpc.type = GRPC (default)
2019-08-28 13:14:28,614 [main] INFO  grpc.GrpcFactory (GrpcFactory.java:checkPooledByteBufAllocatorUseCacheForAllThreads(45)) - PERFORMANCE WARNING: useCacheForAllThreads is true that may cause Netty to create a lot garbage objects and, as a result, trigger GC.
	It is recommended to disable useCacheForAllThreads by setting -Dorg.apache.ratis.thirdparty.io.netty.allocator.useCacheForAllThreads=false in command line.
2019-08-28 13:14:28,615 [main] INFO  grpc.GrpcConfigKeys$Server (ConfUtils.java:logGet(43)) - raft.grpc.server.port = 0 (default)
2019-08-28 13:14:28,615 [main] INFO  server.GrpcService (ConfUtils.java:logGet(43)) - raft.grpc.message.size.max = 33570816 (custom)
2019-08-28 13:14:28,615 [main] INFO  server.RaftServerConfigKeys (ConfUtils.java:logGet(43)) - raft.server.log.appender.buffer.byte-limit = 33554432 (custom)
2019-08-28 13:14:28,615 [main] INFO  server.GrpcService (ConfUtils.java:logGet(43)) - raft.grpc.flow.control.window = 1MB (=1048576) (default)
2019-08-28 13:14:28,615 [main] INFO  server.RaftServerConfigKeys (ConfUtils.java:logGet(43)) - raft.server.rpc.request.timeout = 3000ms (default)
2019-08-28 13:14:28,616 [main] INFO  server.RaftServerConfigKeys (ConfUtils.java:logGet(43)) - raft.server.storage.dir = [/workdir/hadoop-ozone/integration-test/target/test-dir/MiniOzoneClusterImpl-f3eae3db-a82f-4595-954c-af2e0fd8f57a/datanode-5/data/ratis] (custom)
2019-08-28 13:14:28,616 [main] INFO  replication.SimpleContainerDownloader (SimpleContainerDownloader.java:<init>(72)) - Starting container downloader service to copy containers to replicate.
2019-08-28 13:14:28,617 [main] INFO  hdfs.DFSUtil (DFSUtil.java:httpServerTemplateForNNAndJN(1641)) - Starting Web-server for hddsDatanode at: http://0.0.0.0:0
2019-08-28 13:14:28,619 [main] INFO  server.AuthenticationFilter (AuthenticationFilter.java:constructSecretProvider(240)) - Unable to initialize FileSignerSecretProvider, falling back to use random secrets.
2019-08-28 13:14:28,619 [main] WARN  http.HttpRequestLog (HttpRequestLog.java:getRequestLog(97)) - Jetty request log can only be enabled using Log4j
2019-08-28 13:14:28,620 [main] INFO  http.HttpServer2 (HttpServer2.java:addGlobalFilter(975)) - Added global filter 'safety' (class=org.apache.hadoop.http.HttpServer2$QuotingInputFilter)
2019-08-28 13:14:28,621 [main] INFO  http.HttpServer2 (HttpServer2.java:addFilter(948)) - Added filter static_user_filter (class=org.apache.hadoop.http.lib.StaticUserWebFilter$StaticUserFilter) to context hddsDatanode
2019-08-28 13:14:28,621 [main] INFO  http.HttpServer2 (HttpServer2.java:addFilter(958)) - Added filter static_user_filter (class=org.apache.hadoop.http.lib.StaticUserWebFilter$StaticUserFilter) to context static
2019-08-28 13:14:28,621 [main] INFO  http.HttpServer2 (HttpServer2.java:addFilter(958)) - Added filter static_user_filter (class=org.apache.hadoop.http.lib.StaticUserWebFilter$StaticUserFilter) to context logs
2019-08-28 13:14:28,622 [main] INFO  http.HttpServer2 (HttpServer2.java:bindListener(1191)) - Jetty bound to port 38753
2019-08-28 13:14:28,622 [main] INFO  server.Server (Server.java:doStart(351)) - jetty-9.3.24.v20180605, build timestamp: 2018-06-05T17:11:56Z, git hash: 84205aa28f11a4f31f2a3b86d1bba2cc8ab69827
2019-08-28 13:14:28,624 [main] INFO  handler.ContextHandler (ContextHandler.java:doStart(781)) - Started o.e.j.s.ServletContextHandler@39240aa3{/logs,file:///workdir/hadoop-ozone/integration-test/target/log,AVAILABLE}
2019-08-28 13:14:28,624 [main] INFO  handler.ContextHandler (ContextHandler.java:doStart(781)) - Started o.e.j.s.ServletContextHandler@7e93e396{/static,jar:file:/home/user/.m2/repository/org/apache/hadoop/hadoop-hdds-container-service/0.5.0-SNAPSHOT/hadoop-hdds-container-service-0.5.0-SNAPSHOT.jar!/webapps/static,AVAILABLE}
2019-08-28 13:14:28,657 [main] INFO  handler.ContextHandler (ContextHandler.java:doStart(781)) - Started o.e.j.w.WebAppContext@5275d709{/,file:///tmp/jetty-0.0.0.0-38753-hddsDatanode-_-any-6656793250760910898.dir/webapp/,AVAILABLE}{/hddsDatanode}
2019-08-28 13:14:28,658 [main] INFO  server.AbstractConnector (AbstractConnector.java:doStart(278)) - Started ServerConnector@21523e1b{HTTP/1.1,[http/1.1]}{0.0.0.0:38753}
2019-08-28 13:14:28,661 [main] INFO  server.Server (Server.java:doStart(419)) - Started @237476ms
2019-08-28 13:14:28,662 [main] INFO  server.BaseHttpServer (BaseHttpServer.java:updateConnectorAddress(213)) - HTTP server of HDDSDATANODE is listening at http://0.0.0.0:38753
2019-08-28 13:14:28,802 | INFO  | ObjectStoreRestHttpServer | Listening HDDS REST traffic on /0.0.0.0:34168 |  
2019-08-28 13:14:28,803 [main] INFO  ozone.HddsDatanodeService (HddsDatanodeService.java:startPlugins(395)) - Started plug-in org.apache.hadoop.ozone.web.OzoneHddsDatanodeService@1d8230cd
2019-08-28 13:14:28,803 [main] INFO  impl.MetricsSystemImpl (MetricsSystemImpl.java:init(158)) - HddsDatanode metrics system started (again)
2019-08-28 13:14:28,807 [org.apache.hadoop.util.JvmPauseMonitor$Monitor@11dfa884] INFO  util.JvmPauseMonitor (JvmPauseMonitor.java:run(188)) - Starting JVM pause monitor
2019-08-28 13:14:28,808 [main] INFO  ozone.HddsDatanodeService (HddsDatanodeService.java:start(184)) - HddsDatanodeService host:pr-hdds-2030-bfh46-3754461772 ip:192.168.69.80
2019-08-28 13:14:28,808 [Datanode State Machine Thread - 0] INFO  datanode.InitDatanodeState (InitDatanodeState.java:persistContainerDatanodeDetails(140)) - DatanodeDetails is persisted to /workdir/hadoop-ozone/integration-test/target/test-dir/MiniOzoneClusterImpl-f3eae3db-a82f-4595-954c-af2e0fd8f57a/datanode-5/meta/datanode.id
2019-08-28 13:14:28,817 [main] INFO  volume.HddsVolume (HddsVolume.java:<init>(176)) - Creating Volume: /workdir/hadoop-ozone/integration-test/target/test-dir/MiniOzoneClusterImpl-f3eae3db-a82f-4595-954c-af2e0fd8f57a/datanode-6/data/containers/hdds of  storage type : DISK and capacity : 1482555576320
2019-08-28 13:14:28,817 [main] INFO  volume.VolumeSet (VolumeSet.java:initializeVolumeSet(170)) - Added Volume : /workdir/hadoop-ozone/integration-test/target/test-dir/MiniOzoneClusterImpl-f3eae3db-a82f-4595-954c-af2e0fd8f57a/datanode-6/data/containers/hdds to VolumeSet
2019-08-28 13:14:28,817 [main] INFO  volume.ThrottledAsyncChecker (ThrottledAsyncChecker.java:schedule(140)) - Scheduling a check for org.apache.hadoop.ozone.container.common.volume.HddsVolume@70b037ac
2019-08-28 13:14:28,818 [main] INFO  volume.HddsVolumeChecker (HddsVolumeChecker.java:checkAllVolumes(203)) - Scheduled health check for volume org.apache.hadoop.ozone.container.common.volume.HddsVolume@70b037ac
2019-08-28 13:14:28,832 [main] INFO  impl.RaftServerProxy (ConfUtils.java:logGet(43)) - raft.rpc.type = GRPC (default)
2019-08-28 13:14:28,832 [main] INFO  grpc.GrpcFactory (GrpcFactory.java:checkPooledByteBufAllocatorUseCacheForAllThreads(45)) - PERFORMANCE WARNING: useCacheForAllThreads is true that may cause Netty to create a lot garbage objects and, as a result, trigger GC.
	It is recommended to disable useCacheForAllThreads by setting -Dorg.apache.ratis.thirdparty.io.netty.allocator.useCacheForAllThreads=false in command line.
2019-08-28 13:14:28,832 [main] INFO  grpc.GrpcConfigKeys$Server (ConfUtils.java:logGet(43)) - raft.grpc.server.port = 0 (default)
2019-08-28 13:14:28,833 [main] INFO  server.GrpcService (ConfUtils.java:logGet(43)) - raft.grpc.message.size.max = 33570816 (custom)
2019-08-28 13:14:28,833 [main] INFO  server.RaftServerConfigKeys (ConfUtils.java:logGet(43)) - raft.server.log.appender.buffer.byte-limit = 33554432 (custom)
2019-08-28 13:14:28,833 [main] INFO  server.GrpcService (ConfUtils.java:logGet(43)) - raft.grpc.flow.control.window = 1MB (=1048576) (default)
2019-08-28 13:14:28,833 [main] INFO  server.RaftServerConfigKeys (ConfUtils.java:logGet(43)) - raft.server.rpc.request.timeout = 3000ms (default)
2019-08-28 13:14:28,834 [main] INFO  server.RaftServerConfigKeys (ConfUtils.java:logGet(43)) - raft.server.storage.dir = [/workdir/hadoop-ozone/integration-test/target/test-dir/MiniOzoneClusterImpl-f3eae3db-a82f-4595-954c-af2e0fd8f57a/datanode-6/data/ratis] (custom)
2019-08-28 13:14:28,834 [main] INFO  replication.SimpleContainerDownloader (SimpleContainerDownloader.java:<init>(72)) - Starting container downloader service to copy containers to replicate.
2019-08-28 13:14:28,835 [main] INFO  hdfs.DFSUtil (DFSUtil.java:httpServerTemplateForNNAndJN(1641)) - Starting Web-server for hddsDatanode at: http://0.0.0.0:0
2019-08-28 13:14:28,836 [main] INFO  server.AuthenticationFilter (AuthenticationFilter.java:constructSecretProvider(240)) - Unable to initialize FileSignerSecretProvider, falling back to use random secrets.
2019-08-28 13:14:28,837 [main] WARN  http.HttpRequestLog (HttpRequestLog.java:getRequestLog(97)) - Jetty request log can only be enabled using Log4j
2019-08-28 13:14:28,838 [main] INFO  http.HttpServer2 (HttpServer2.java:addGlobalFilter(975)) - Added global filter 'safety' (class=org.apache.hadoop.http.HttpServer2$QuotingInputFilter)
2019-08-28 13:14:28,839 [main] INFO  http.HttpServer2 (HttpServer2.java:addFilter(948)) - Added filter static_user_filter (class=org.apache.hadoop.http.lib.StaticUserWebFilter$StaticUserFilter) to context hddsDatanode
2019-08-28 13:14:28,839 [main] INFO  http.HttpServer2 (HttpServer2.java:addFilter(958)) - Added filter static_user_filter (class=org.apache.hadoop.http.lib.StaticUserWebFilter$StaticUserFilter) to context static
2019-08-28 13:14:28,839 [main] INFO  http.HttpServer2 (HttpServer2.java:addFilter(958)) - Added filter static_user_filter (class=org.apache.hadoop.http.lib.StaticUserWebFilter$StaticUserFilter) to context logs
2019-08-28 13:14:28,839 [main] INFO  http.HttpServer2 (HttpServer2.java:bindListener(1191)) - Jetty bound to port 42104
2019-08-28 13:14:28,840 [main] INFO  server.Server (Server.java:doStart(351)) - jetty-9.3.24.v20180605, build timestamp: 2018-06-05T17:11:56Z, git hash: 84205aa28f11a4f31f2a3b86d1bba2cc8ab69827
2019-08-28 13:14:28,841 [main] INFO  handler.ContextHandler (ContextHandler.java:doStart(781)) - Started o.e.j.s.ServletContextHandler@63236968{/logs,file:///workdir/hadoop-ozone/integration-test/target/log,AVAILABLE}
2019-08-28 13:14:28,841 [main] INFO  handler.ContextHandler (ContextHandler.java:doStart(781)) - Started o.e.j.s.ServletContextHandler@6ed78a5e{/static,jar:file:/home/user/.m2/repository/org/apache/hadoop/hadoop-hdds-container-service/0.5.0-SNAPSHOT/hadoop-hdds-container-service-0.5.0-SNAPSHOT.jar!/webapps/static,AVAILABLE}
2019-08-28 13:14:28,869 [main] INFO  handler.ContextHandler (ContextHandler.java:doStart(781)) - Started o.e.j.w.WebAppContext@7b842e79{/,file:///tmp/jetty-0.0.0.0-42104-hddsDatanode-_-any-6705838204820830111.dir/webapp/,AVAILABLE}{/hddsDatanode}
2019-08-28 13:14:28,870 [main] INFO  server.AbstractConnector (AbstractConnector.java:doStart(278)) - Started ServerConnector@6e620fa9{HTTP/1.1,[http/1.1]}{0.0.0.0:42104}
2019-08-28 13:14:28,871 [main] INFO  server.Server (Server.java:doStart(419)) - Started @237689ms
2019-08-28 13:14:28,872 [main] INFO  server.BaseHttpServer (BaseHttpServer.java:updateConnectorAddress(213)) - HTTP server of HDDSDATANODE is listening at http://0.0.0.0:42104
2019-08-28 13:14:29,006 | INFO  | ObjectStoreRestHttpServer | Listening HDDS REST traffic on /0.0.0.0:40914 |  
2019-08-28 13:14:29,006 [main] INFO  ozone.HddsDatanodeService (HddsDatanodeService.java:startPlugins(395)) - Started plug-in org.apache.hadoop.ozone.web.OzoneHddsDatanodeService@3a8ae302
2019-08-28 13:14:29,007 [main] INFO  ozone.MiniOzoneClusterImpl (MiniOzoneClusterImpl.java:lambda$waitForClusterToBeReady$0(142)) - Waiting for cluster to be ready. Got 0 of 7 DN Heartbeats.
2019-08-28 13:14:29,008 [org.apache.hadoop.util.JvmPauseMonitor$Monitor@69b71a60] INFO  util.JvmPauseMonitor (JvmPauseMonitor.java:run(188)) - Starting JVM pause monitor
2019-08-28 13:14:29,010 [Datanode State Machine Thread - 0] INFO  datanode.InitDatanodeState (InitDatanodeState.java:persistContainerDatanodeDetails(140)) - DatanodeDetails is persisted to /workdir/hadoop-ozone/integration-test/target/test-dir/MiniOzoneClusterImpl-f3eae3db-a82f-4595-954c-af2e0fd8f57a/datanode-6/meta/datanode.id
2019-08-28 13:14:29,848 | INFO  | SCMAudit | user=jenkins1000 | ip=192.168.69.80 | op=GET_VERSION null | ret=SUCCESS |  
2019-08-28 13:14:29,891 [Datanode State Machine Thread - 0] INFO  ozoneimpl.OzoneContainer (OzoneContainer.java:start(186)) - Attempting to start container services.
2019-08-28 13:14:29,891 [Datanode State Machine Thread - 0] INFO  ozoneimpl.OzoneContainer (OzoneContainer.java:startContainerScrub(160)) - Background container scrubber has been disabled by hdds.containerscrub.enabled
2019-08-28 13:14:29,891 [Datanode State Machine Thread - 0] INFO  ratis.XceiverServerRatis (XceiverServerRatis.java:start(404)) - Starting XceiverServerRatis a02c2287-4371-470d-af9d-9173eadd0e2d at port 0
2019-08-28 13:14:29,898 [Datanode State Machine Thread - 0] INFO  impl.RaftServerProxy (RaftServerProxy.java:lambda$start$3(299)) - a02c2287-4371-470d-af9d-9173eadd0e2d: start RPC server
2019-08-28 13:14:29,900 [Datanode State Machine Thread - 0] INFO  server.GrpcService (GrpcService.java:startImpl(149)) - a02c2287-4371-470d-af9d-9173eadd0e2d: GrpcService started, listening on 0.0.0.0/0.0.0.0:37708
2019-08-28 13:14:29,900 [Datanode State Machine Thread - 0] INFO  ratis.XceiverServerRatis (XceiverServerRatis.java:start(414)) - XceiverServerRatis a02c2287-4371-470d-af9d-9173eadd0e2d is started using port 37708
2019-08-28 13:14:29,902 [Datanode State Machine Thread - 0] INFO  server.XceiverServerGrpc (XceiverServerGrpc.java:start(161)) - XceiverServerGrpc a02c2287-4371-470d-af9d-9173eadd0e2d is started using port 46193
2019-08-28 13:14:30,008 [main] INFO  ozone.MiniOzoneClusterImpl (MiniOzoneClusterImpl.java:lambda$waitForClusterToBeReady$0(142)) - Waiting for cluster to be ready. Got 0 of 7 DN Heartbeats.
2019-08-28 13:14:30,008 | INFO  | SCMAudit | user=jenkins1000 | ip=192.168.69.80 | op=GET_VERSION null | ret=SUCCESS |  
2019-08-28 13:14:30,025 [Datanode State Machine Thread - 0] INFO  ozoneimpl.OzoneContainer (OzoneContainer.java:start(186)) - Attempting to start container services.
2019-08-28 13:14:30,025 [Datanode State Machine Thread - 0] INFO  ozoneimpl.OzoneContainer (OzoneContainer.java:startContainerScrub(160)) - Background container scrubber has been disabled by hdds.containerscrub.enabled
2019-08-28 13:14:30,025 [Datanode State Machine Thread - 0] INFO  ratis.XceiverServerRatis (XceiverServerRatis.java:start(404)) - Starting XceiverServerRatis b0c0a05c-f880-453d-9fb5-b5b957d6ee89 at port 0
2019-08-28 13:14:30,034 [Datanode State Machine Thread - 0] INFO  impl.RaftServerProxy (RaftServerProxy.java:lambda$start$3(299)) - b0c0a05c-f880-453d-9fb5-b5b957d6ee89: start RPC server
2019-08-28 13:14:30,035 [Datanode State Machine Thread - 0] INFO  server.GrpcService (GrpcService.java:startImpl(149)) - b0c0a05c-f880-453d-9fb5-b5b957d6ee89: GrpcService started, listening on 0.0.0.0/0.0.0.0:36997
2019-08-28 13:14:30,035 [Datanode State Machine Thread - 0] INFO  ratis.XceiverServerRatis (XceiverServerRatis.java:start(414)) - XceiverServerRatis b0c0a05c-f880-453d-9fb5-b5b957d6ee89 is started using port 36997
2019-08-28 13:14:30,035 [Datanode State Machine Thread - 0] INFO  server.XceiverServerGrpc (XceiverServerGrpc.java:start(161)) - XceiverServerGrpc b0c0a05c-f880-453d-9fb5-b5b957d6ee89 is started using port 33373
2019-08-28 13:14:30,208 | INFO  | SCMAudit | user=jenkins1000 | ip=192.168.69.80 | op=GET_VERSION null | ret=SUCCESS |  
2019-08-28 13:14:30,222 [Datanode State Machine Thread - 0] INFO  ozoneimpl.OzoneContainer (OzoneContainer.java:start(186)) - Attempting to start container services.
2019-08-28 13:14:30,222 [Datanode State Machine Thread - 0] INFO  ozoneimpl.OzoneContainer (OzoneContainer.java:startContainerScrub(160)) - Background container scrubber has been disabled by hdds.containerscrub.enabled
2019-08-28 13:14:30,222 [Datanode State Machine Thread - 0] INFO  ratis.XceiverServerRatis (XceiverServerRatis.java:start(404)) - Starting XceiverServerRatis e4138a83-3237-49cf-bd95-e4d1f4bc0f26 at port 0
2019-08-28 13:14:30,231 [Datanode State Machine Thread - 0] INFO  impl.RaftServerProxy (RaftServerProxy.java:lambda$start$3(299)) - e4138a83-3237-49cf-bd95-e4d1f4bc0f26: start RPC server
2019-08-28 13:14:30,232 [Datanode State Machine Thread - 0] INFO  server.GrpcService (GrpcService.java:startImpl(149)) - e4138a83-3237-49cf-bd95-e4d1f4bc0f26: GrpcService started, listening on 0.0.0.0/0.0.0.0:34056
2019-08-28 13:14:30,232 [Datanode State Machine Thread - 0] INFO  ratis.XceiverServerRatis (XceiverServerRatis.java:start(414)) - XceiverServerRatis e4138a83-3237-49cf-bd95-e4d1f4bc0f26 is started using port 34056
2019-08-28 13:14:30,232 [Datanode State Machine Thread - 0] INFO  server.XceiverServerGrpc (XceiverServerGrpc.java:start(161)) - XceiverServerGrpc e4138a83-3237-49cf-bd95-e4d1f4bc0f26 is started using port 37195
2019-08-28 13:14:30,393 | INFO  | SCMAudit | user=jenkins1000 | ip=192.168.69.80 | op=GET_VERSION null | ret=SUCCESS |  
2019-08-28 13:14:30,418 [Datanode State Machine Thread - 0] INFO  ozoneimpl.OzoneContainer (OzoneContainer.java:start(186)) - Attempting to start container services.
2019-08-28 13:14:30,418 [Datanode State Machine Thread - 0] INFO  ozoneimpl.OzoneContainer (OzoneContainer.java:startContainerScrub(160)) - Background container scrubber has been disabled by hdds.containerscrub.enabled
2019-08-28 13:14:30,418 [Datanode State Machine Thread - 0] INFO  ratis.XceiverServerRatis (XceiverServerRatis.java:start(404)) - Starting XceiverServerRatis 2c13e896-096e-4874-9cbd-af1a318ff0cd at port 0
2019-08-28 13:14:30,426 [Datanode State Machine Thread - 0] INFO  impl.RaftServerProxy (RaftServerProxy.java:lambda$start$3(299)) - 2c13e896-096e-4874-9cbd-af1a318ff0cd: start RPC server
2019-08-28 13:14:30,427 [Datanode State Machine Thread - 0] INFO  server.GrpcService (GrpcService.java:startImpl(149)) - 2c13e896-096e-4874-9cbd-af1a318ff0cd: GrpcService started, listening on 0.0.0.0/0.0.0.0:43517
2019-08-28 13:14:30,427 [Datanode State Machine Thread - 0] INFO  ratis.XceiverServerRatis (XceiverServerRatis.java:start(414)) - XceiverServerRatis 2c13e896-096e-4874-9cbd-af1a318ff0cd is started using port 43517
2019-08-28 13:14:30,428 [Datanode State Machine Thread - 0] INFO  server.XceiverServerGrpc (XceiverServerGrpc.java:start(161)) - XceiverServerGrpc 2c13e896-096e-4874-9cbd-af1a318ff0cd is started using port 39048
2019-08-28 13:14:30,589 | INFO  | SCMAudit | user=jenkins1000 | ip=192.168.69.80 | op=GET_VERSION null | ret=SUCCESS |  
2019-08-28 13:14:30,613 [Datanode State Machine Thread - 0] INFO  ozoneimpl.OzoneContainer (OzoneContainer.java:start(186)) - Attempting to start container services.
2019-08-28 13:14:30,613 [Datanode State Machine Thread - 0] INFO  ozoneimpl.OzoneContainer (OzoneContainer.java:startContainerScrub(160)) - Background container scrubber has been disabled by hdds.containerscrub.enabled
2019-08-28 13:14:30,613 [Datanode State Machine Thread - 0] INFO  ratis.XceiverServerRatis (XceiverServerRatis.java:start(404)) - Starting XceiverServerRatis 45e76979-f027-49c0-8770-9a0fdb9d3028 at port 0
2019-08-28 13:14:30,621 [Datanode State Machine Thread - 0] INFO  impl.RaftServerProxy (RaftServerProxy.java:lambda$start$3(299)) - 45e76979-f027-49c0-8770-9a0fdb9d3028: start RPC server
2019-08-28 13:14:30,622 [Datanode State Machine Thread - 0] INFO  server.GrpcService (GrpcService.java:startImpl(149)) - 45e76979-f027-49c0-8770-9a0fdb9d3028: GrpcService started, listening on 0.0.0.0/0.0.0.0:44827
2019-08-28 13:14:30,622 [Datanode State Machine Thread - 0] INFO  ratis.XceiverServerRatis (XceiverServerRatis.java:start(414)) - XceiverServerRatis 45e76979-f027-49c0-8770-9a0fdb9d3028 is started using port 44827
2019-08-28 13:14:30,623 [Datanode State Machine Thread - 0] INFO  server.XceiverServerGrpc (XceiverServerGrpc.java:start(161)) - XceiverServerGrpc 45e76979-f027-49c0-8770-9a0fdb9d3028 is started using port 44416
2019-08-28 13:14:30,809 | INFO  | SCMAudit | user=jenkins1000 | ip=192.168.69.80 | op=GET_VERSION null | ret=SUCCESS |  
2019-08-28 13:14:30,833 [Datanode State Machine Thread - 0] INFO  ozoneimpl.OzoneContainer (OzoneContainer.java:start(186)) - Attempting to start container services.
2019-08-28 13:14:30,833 [Datanode State Machine Thread - 0] INFO  ozoneimpl.OzoneContainer (OzoneContainer.java:startContainerScrub(160)) - Background container scrubber has been disabled by hdds.containerscrub.enabled
2019-08-28 13:14:30,833 [Datanode State Machine Thread - 0] INFO  ratis.XceiverServerRatis (XceiverServerRatis.java:start(404)) - Starting XceiverServerRatis a9749916-bffa-47e1-9722-b32b9535ac16 at port 0
2019-08-28 13:14:30,840 [Datanode State Machine Thread - 0] INFO  impl.RaftServerProxy (RaftServerProxy.java:lambda$start$3(299)) - a9749916-bffa-47e1-9722-b32b9535ac16: start RPC server
2019-08-28 13:14:30,844 [Datanode State Machine Thread - 0] INFO  server.GrpcService (GrpcService.java:startImpl(149)) - a9749916-bffa-47e1-9722-b32b9535ac16: GrpcService started, listening on 0.0.0.0/0.0.0.0:41249
2019-08-28 13:14:30,845 [Datanode State Machine Thread - 0] INFO  ratis.XceiverServerRatis (XceiverServerRatis.java:start(414)) - XceiverServerRatis a9749916-bffa-47e1-9722-b32b9535ac16 is started using port 41249
2019-08-28 13:14:30,847 [Datanode State Machine Thread - 0] INFO  server.XceiverServerGrpc (XceiverServerGrpc.java:start(161)) - XceiverServerGrpc a9749916-bffa-47e1-9722-b32b9535ac16 is started using port 36229
2019-08-28 13:14:31,008 [main] INFO  ozone.MiniOzoneClusterImpl (MiniOzoneClusterImpl.java:lambda$waitForClusterToBeReady$0(142)) - Waiting for cluster to be ready. Got 0 of 7 DN Heartbeats.
2019-08-28 13:14:31,009 | INFO  | SCMAudit | user=jenkins1000 | ip=192.168.69.80 | op=GET_VERSION null | ret=SUCCESS |  
2019-08-28 13:14:31,028 [Datanode State Machine Thread - 0] INFO  ozoneimpl.OzoneContainer (OzoneContainer.java:start(186)) - Attempting to start container services.
2019-08-28 13:14:31,029 [Datanode State Machine Thread - 0] INFO  ozoneimpl.OzoneContainer (OzoneContainer.java:startContainerScrub(160)) - Background container scrubber has been disabled by hdds.containerscrub.enabled
2019-08-28 13:14:31,029 [Datanode State Machine Thread - 0] INFO  ratis.XceiverServerRatis (XceiverServerRatis.java:start(404)) - Starting XceiverServerRatis 95284c31-b056-4479-beeb-a4c373ff570a at port 0
2019-08-28 13:14:31,035 [Datanode State Machine Thread - 0] INFO  impl.RaftServerProxy (RaftServerProxy.java:lambda$start$3(299)) - 95284c31-b056-4479-beeb-a4c373ff570a: start RPC server
2019-08-28 13:14:31,044 [Datanode State Machine Thread - 0] INFO  server.GrpcService (GrpcService.java:startImpl(149)) - 95284c31-b056-4479-beeb-a4c373ff570a: GrpcService started, listening on 0.0.0.0/0.0.0.0:46310
2019-08-28 13:14:31,044 [Datanode State Machine Thread - 0] INFO  ratis.XceiverServerRatis (XceiverServerRatis.java:start(414)) - XceiverServerRatis 95284c31-b056-4479-beeb-a4c373ff570a is started using port 46310
2019-08-28 13:14:31,045 [Datanode State Machine Thread - 0] INFO  server.XceiverServerGrpc (XceiverServerGrpc.java:start(161)) - XceiverServerGrpc 95284c31-b056-4479-beeb-a4c373ff570a is started using port 41902
2019-08-28 13:14:31,828 [IPC Server handler 2 on 37829] INFO  net.NetworkTopology (NetworkTopologyImpl.java:add(110)) - Added a new node: /default-rack/a02c2287-4371-470d-af9d-9173eadd0e2d
2019-08-28 13:14:31,830 [IPC Server handler 2 on 37829] INFO  node.SCMNodeManager (SCMNodeManager.java:register(273)) - Registered Data node : a02c2287-4371-470d-af9d-9173eadd0e2d{ip: 192.168.69.80, host: pr-hdds-2030-bfh46-3754461772, networkLocation: /default-rack, certSerialId: null}
2019-08-28 13:14:31,831 [EventQueue-NodeRegistrationContainerReportForDataNodeSafeModeRule] INFO  safemode.SCMSafeModeManager (DataNodeSafeModeRule.java:process(71)) - SCM in safe mode. 1 DataNodes registered, 1 required.
2019-08-28 13:14:31,833 | INFO  | SCMAudit | user=jenkins1000 | ip=192.168.69.80 | op=REGISTER {datanodeDetails=a02c2287-4371-470d-af9d-9173eadd0e2d{ip: 192.168.69.80, host: pr-hdds-2030-bfh46-3754461772, networkLocation: /default-rack, certSerialId: null}} | ret=SUCCESS |  
2019-08-28 13:14:31,833 [EventQueue-NodeRegistrationContainerReportForDataNodeSafeModeRule] INFO  safemode.SCMSafeModeManager (SCMSafeModeManager.java:validateSafeModeExitRules(177)) - ScmSafeModeManager, all rules are successfully validated
2019-08-28 13:14:31,833 [EventQueue-NodeRegistrationContainerReportForDataNodeSafeModeRule] INFO  safemode.SCMSafeModeManager (SCMSafeModeManager.java:exitSafeMode(193)) - SCM exiting safe mode.
2019-08-28 13:14:31,848 [grpc-default-executor-10] INFO  impl.RaftServerProxy (RaftServerProxy.java:addNew(89)) - a02c2287-4371-470d-af9d-9173eadd0e2d: addNew group-BBC66F0BDA87:[a02c2287-4371-470d-af9d-9173eadd0e2d:192.168.69.80:37708] returns group-BBC66F0BDA87:java.util.concurrent.CompletableFuture@1373caca[Not completed]
2019-08-28 13:14:31,850 [pool-411-thread-1] INFO  impl.RaftServerImpl (RaftServerImpl.java:<init>(93)) - a02c2287-4371-470d-af9d-9173eadd0e2d: new RaftServerImpl for group-BBC66F0BDA87:[a02c2287-4371-470d-af9d-9173eadd0e2d:192.168.69.80:37708] with ContainerStateMachine:uninitialized
2019-08-28 13:14:31,850 [pool-411-thread-1] INFO  server.RaftServerConfigKeys (ConfUtils.java:logGet(43)) - raft.server.rpc.timeout.min = 5s (custom)
2019-08-28 13:14:31,851 [pool-411-thread-1] INFO  server.RaftServerConfigKeys (ConfUtils.java:logGet(43)) - raft.server.rpc.timeout.max = 5200ms (custom)
2019-08-28 13:14:31,851 [pool-411-thread-1] INFO  server.RaftServerConfigKeys (ConfUtils.java:logGet(43)) - raft.server.rpcslowness.timeout = 120s (custom)
2019-08-28 13:14:31,851 [pool-411-thread-1] INFO  server.RaftServerConfigKeys (ConfUtils.java:logGet(43)) - raft.server.sleep.deviation.threshold = 300 (default)
2019-08-28 13:14:31,851 [pool-411-thread-1] INFO  server.RaftServerConfigKeys (ConfUtils.java:logGet(43)) - raft.server.log.appender.install.snapshot.enabled = false (custom)
2019-08-28 13:14:31,851 [pool-411-thread-1] INFO  impl.RaftServerImpl (ServerState.java:<init>(105)) - a02c2287-4371-470d-af9d-9173eadd0e2d:group-BBC66F0BDA87 ConfigurationManager, init=-1: [a02c2287-4371-470d-af9d-9173eadd0e2d:192.168.69.80:37708], old=null, confs=<EMPTY_MAP>
2019-08-28 13:14:31,851 [pool-411-thread-1] INFO  server.RaftServerConfigKeys (ConfUtils.java:logGet(43)) - raft.server.storage.dir = [/workdir/hadoop-ozone/integration-test/target/test-dir/MiniOzoneClusterImpl-f3eae3db-a82f-4595-954c-af2e0fd8f57a/datanode-0/data/ratis] (custom)
2019-08-28 13:14:31,852 [pool-411-thread-1] INFO  storage.RaftStorageDirectory (RaftStorageDirectory.java:analyzeStorage(246)) - The storage directory /workdir/hadoop-ozone/integration-test/target/test-dir/MiniOzoneClusterImpl-f3eae3db-a82f-4595-954c-af2e0fd8f57a/datanode-0/data/ratis/0afbb53f-a6e8-4296-8448-bbc66f0bda87 does not exist. Creating ...
2019-08-28 13:14:31,866 [pool-411-thread-1] INFO  storage.RaftStorageDirectory (RaftStorageDirectory.java:tryLock(328)) - Lock on /workdir/hadoop-ozone/integration-test/target/test-dir/MiniOzoneClusterImpl-f3eae3db-a82f-4595-954c-af2e0fd8f57a/datanode-0/data/ratis/0afbb53f-a6e8-4296-8448-bbc66f0bda87/in_use.lock acquired by nodename 31531@pr-hdds-2030-bfh46-3754461772
2019-08-28 13:14:31,880 [pool-411-thread-1] INFO  storage.RaftStorage (RaftStorage.java:format(72)) - Storage directory /workdir/hadoop-ozone/integration-test/target/test-dir/MiniOzoneClusterImpl-f3eae3db-a82f-4595-954c-af2e0fd8f57a/datanode-0/data/ratis/0afbb53f-a6e8-4296-8448-bbc66f0bda87 has been successfully formatted.
2019-08-28 13:14:31,880 [pool-411-thread-1] INFO  ratis.ContainerStateMachine (ContainerStateMachine.java:loadSnapshot(226)) - group-BBC66F0BDA87: The snapshot info is null. Setting the last applied indexto:(t:0, i:~)
2019-08-28 13:14:31,881 [pool-411-thread-1] INFO  server.RaftServerConfigKeys (ConfUtils.java:logGet(43)) - raft.server.leader.election.timeout = 120s (custom)
2019-08-28 13:14:31,881 [pool-411-thread-1] INFO  server.RaftServerConfigKeys (ConfUtils.java:logGet(43)) - raft.server.log.use.memory = false (default)
2019-08-28 13:14:31,881 [pool-411-thread-1] INFO  server.RaftServerConfigKeys (ConfUtils.java:logGet(43)) - raft.server.log.purge.gap = 1000000 (custom)
2019-08-28 13:14:31,881 [pool-411-thread-1] INFO  server.RaftServerConfigKeys (ConfUtils.java:logGet(43)) - raft.server.log.appender.buffer.byte-limit = 33554432 (custom)
2019-08-28 13:14:31,882 [pool-411-thread-1] INFO  server.RaftServerConfigKeys (ConfUtils.java:logGet(43)) - raft.server.log.segment.size.max = 1048576 (custom)
2019-08-28 13:14:31,882 [pool-411-thread-1] INFO  server.RaftServerConfigKeys (ConfUtils.java:logGet(43)) - raft.server.log.segment.cache.num.max = 2 (custom)
2019-08-28 13:14:31,882 [pool-411-thread-1] INFO  segmented.SegmentedRaftLogWorker (SegmentedRaftLogWorker.java:<init>(172)) - new a02c2287-4371-470d-af9d-9173eadd0e2d-SegmentedRaftLogWorker:Storage Directory /workdir/hadoop-ozone/integration-test/target/test-dir/MiniOzoneClusterImpl-f3eae3db-a82f-4595-954c-af2e0fd8f57a/datanode-0/data/ratis/0afbb53f-a6e8-4296-8448-bbc66f0bda87 for RaftStorage:Storage Directory /workdir/hadoop-ozone/integration-test/target/test-dir/MiniOzoneClusterImpl-f3eae3db-a82f-4595-954c-af2e0fd8f57a/datanode-0/data/ratis/0afbb53f-a6e8-4296-8448-bbc66f0bda87
2019-08-28 13:14:31,882 [pool-411-thread-1] INFO  server.RaftServerConfigKeys (ConfUtils.java:logGet(43)) - raft.server.log.queue.byte-limit = 2147483647 (custom)
2019-08-28 13:14:31,883 [pool-411-thread-1] INFO  server.RaftServerConfigKeys (ConfUtils.java:logGet(43)) - raft.server.log.queue.element-limit = 1024 (custom)
2019-08-28 13:14:31,883 [pool-411-thread-1] INFO  server.RaftServerConfigKeys (ConfUtils.java:logGet(43)) - raft.server.log.segment.size.max = 1048576 (custom)
2019-08-28 13:14:31,883 [pool-411-thread-1] INFO  server.RaftServerConfigKeys (ConfUtils.java:logGet(43)) - raft.server.log.preallocated.size = 16384 (custom)
2019-08-28 13:14:31,884 [pool-411-thread-1] INFO  server.RaftServerConfigKeys (ConfUtils.java:logGet(43)) - raft.server.log.write.buffer.size = 33554432 (custom)
2019-08-28 13:14:31,884 [pool-411-thread-1] INFO  server.RaftServerConfigKeys (ConfUtils.java:logGet(43)) - raft.server.log.force.sync.num = 128 (default)
2019-08-28 13:14:31,884 [pool-411-thread-1] INFO  server.RaftServerConfigKeys (ConfUtils.java:logGet(43)) - raft.server.log.statemachine.data.sync = true (default)
2019-08-28 13:14:31,884 [pool-411-thread-1] INFO  server.RaftServerConfigKeys (ConfUtils.java:logGet(43)) - raft.server.log.statemachine.data.sync.timeout = 10s (default)
2019-08-28 13:14:31,884 [pool-411-thread-1] INFO  server.RaftServerConfigKeys (ConfUtils.java:logGet(43)) - raft.server.log.statemachine.data.sync.timeout.retry = -1 (default)
2019-08-28 13:14:31,885 [pool-411-thread-1] INFO  server.RaftServerConfigKeys (ConfUtils.java:logGet(43)) - raft.server.log.statemachine.data.caching.enabled = true (custom)
2019-08-28 13:14:31,885 [pool-411-thread-1] INFO  segmented.SegmentedRaftLogWorker (SegmentedRaftLogWorker.java:lambda$new$0(132)) - a02c2287-4371-470d-af9d-9173eadd0e2d-SegmentedRaftLogWorker:Storage Directory /workdir/hadoop-ozone/integration-test/target/test-dir/MiniOzoneClusterImpl-f3eae3db-a82f-4595-954c-af2e0fd8f57a/datanode-0/data/ratis/0afbb53f-a6e8-4296-8448-bbc66f0bda87: flushIndex: setUnconditionally 0 -> -1
2019-08-28 13:14:31,886 [pool-411-thread-1] INFO  server.RaftServerConfigKeys (ConfUtils.java:logGet(43)) - raft.server.snapshot.auto.trigger.enabled = true (custom)
2019-08-28 13:14:31,886 [pool-411-thread-1] INFO  server.RaftServerConfigKeys (ConfUtils.java:logGet(43)) - raft.server.snapshot.auto.trigger.threshold = 10000 (custom)
2019-08-28 13:14:31,886 [pool-411-thread-1] INFO  server.RaftServerConfigKeys (ConfUtils.java:logGet(43)) - raft.server.retrycache.expirytime = 600000ms (custom)
2019-08-28 13:14:31,886 [pool-411-thread-1] INFO  impl.RaftServerImpl (RaftServerImpl.java:start(180)) - a02c2287-4371-470d-af9d-9173eadd0e2d: start group-BBC66F0BDA87
2019-08-28 13:14:31,887 [pool-411-thread-1] INFO  impl.RaftServerImpl (RaftServerImpl.java:setRole(171)) - a02c2287-4371-470d-af9d-9173eadd0e2d:group-BBC66F0BDA87 changes role from null to FOLLOWER at term 0 for startAsFollower
2019-08-28 13:14:31,887 [pool-411-thread-1] INFO  impl.RoleInfo (RoleInfo.java:updateAndGet(143)) - a02c2287-4371-470d-af9d-9173eadd0e2d: start FollowerState
2019-08-28 13:14:31,887 [pool-411-thread-1] INFO  util.JmxRegister (JmxRegister.java:tryRegister(44)) - Successfully registered JMX Bean with object name Ratis:service=RaftServer,group=group-BBC66F0BDA87,id=a02c2287-4371-470d-af9d-9173eadd0e2d
2019-08-28 13:14:31,891 [RatisPipelineUtilsThread] INFO  pipeline.PipelineStateManager (PipelineStateManager.java:addPipeline(56)) - Created pipeline Pipeline[ Id: 0afbb53f-a6e8-4296-8448-bbc66f0bda87, Nodes: a02c2287-4371-470d-af9d-9173eadd0e2d{ip: 192.168.69.80, host: pr-hdds-2030-bfh46-3754461772, networkLocation: /default-rack, certSerialId: null}, Type:RATIS, Factor:ONE, State:OPEN]
2019-08-28 13:14:32,006 [IPC Server handler 3 on 37829] INFO  net.NetworkTopology (NetworkTopologyImpl.java:add(110)) - Added a new node: /default-rack/b0c0a05c-f880-453d-9fb5-b5b957d6ee89
2019-08-28 13:14:32,007 [IPC Server handler 3 on 37829] INFO  node.SCMNodeManager (SCMNodeManager.java:register(273)) - Registered Data node : b0c0a05c-f880-453d-9fb5-b5b957d6ee89{ip: 192.168.69.80, host: pr-hdds-2030-bfh46-3754461772, networkLocation: /default-rack, certSerialId: null}
2019-08-28 13:14:32,007 | INFO  | SCMAudit | user=jenkins1000 | ip=192.168.69.80 | op=REGISTER {datanodeDetails=b0c0a05c-f880-453d-9fb5-b5b957d6ee89{ip: 192.168.69.80, host: pr-hdds-2030-bfh46-3754461772, networkLocation: /default-rack, certSerialId: null}} | ret=SUCCESS |  
2019-08-28 13:14:32,009 [main] INFO  ozone.MiniOzoneClusterImpl (MiniOzoneClusterImpl.java:lambda$waitForClusterToBeReady$0(142)) - Waiting for cluster to be ready. Got 2 of 7 DN Heartbeats.
2019-08-28 13:14:32,014 [grpc-default-executor-10] INFO  impl.RaftServerProxy (RaftServerProxy.java:addNew(89)) - b0c0a05c-f880-453d-9fb5-b5b957d6ee89: addNew group-49000B0FFDDE:[b0c0a05c-f880-453d-9fb5-b5b957d6ee89:192.168.69.80:36997] returns group-49000B0FFDDE:java.util.concurrent.CompletableFuture@7e74851b[Not completed]
2019-08-28 13:14:32,015 [pool-422-thread-1] INFO  impl.RaftServerImpl (RaftServerImpl.java:<init>(93)) - b0c0a05c-f880-453d-9fb5-b5b957d6ee89: new RaftServerImpl for group-49000B0FFDDE:[b0c0a05c-f880-453d-9fb5-b5b957d6ee89:192.168.69.80:36997] with ContainerStateMachine:uninitialized
2019-08-28 13:14:32,015 [pool-422-thread-1] INFO  server.RaftServerConfigKeys (ConfUtils.java:logGet(43)) - raft.server.rpc.timeout.min = 5s (custom)
2019-08-28 13:14:32,015 [pool-422-thread-1] INFO  server.RaftServerConfigKeys (ConfUtils.java:logGet(43)) - raft.server.rpc.timeout.max = 5200ms (custom)
2019-08-28 13:14:32,015 [pool-422-thread-1] INFO  server.RaftServerConfigKeys (ConfUtils.java:logGet(43)) - raft.server.rpcslowness.timeout = 120s (custom)
2019-08-28 13:14:32,015 [pool-422-thread-1] INFO  server.RaftServerConfigKeys (ConfUtils.java:logGet(43)) - raft.server.sleep.deviation.threshold = 300 (default)
2019-08-28 13:14:32,015 [pool-422-thread-1] INFO  server.RaftServerConfigKeys (ConfUtils.java:logGet(43)) - raft.server.log.appender.install.snapshot.enabled = false (custom)
2019-08-28 13:14:32,016 [pool-422-thread-1] INFO  impl.RaftServerImpl (ServerState.java:<init>(105)) - b0c0a05c-f880-453d-9fb5-b5b957d6ee89:group-49000B0FFDDE ConfigurationManager, init=-1: [b0c0a05c-f880-453d-9fb5-b5b957d6ee89:192.168.69.80:36997], old=null, confs=<EMPTY_MAP>
2019-08-28 13:14:32,016 [pool-422-thread-1] INFO  server.RaftServerConfigKeys (ConfUtils.java:logGet(43)) - raft.server.storage.dir = [/workdir/hadoop-ozone/integration-test/target/test-dir/MiniOzoneClusterImpl-f3eae3db-a82f-4595-954c-af2e0fd8f57a/datanode-1/data/ratis] (custom)
2019-08-28 13:14:32,016 [pool-422-thread-1] INFO  storage.RaftStorageDirectory (RaftStorageDirectory.java:analyzeStorage(246)) - The storage directory /workdir/hadoop-ozone/integration-test/target/test-dir/MiniOzoneClusterImpl-f3eae3db-a82f-4595-954c-af2e0fd8f57a/datanode-1/data/ratis/a532ae6c-d411-4bb1-92fe-49000b0ffdde does not exist. Creating ...
2019-08-28 13:14:32,029 [pool-422-thread-1] INFO  storage.RaftStorageDirectory (RaftStorageDirectory.java:tryLock(328)) - Lock on /workdir/hadoop-ozone/integration-test/target/test-dir/MiniOzoneClusterImpl-f3eae3db-a82f-4595-954c-af2e0fd8f57a/datanode-1/data/ratis/a532ae6c-d411-4bb1-92fe-49000b0ffdde/in_use.lock acquired by nodename 31531@pr-hdds-2030-bfh46-3754461772
2019-08-28 13:14:32,043 [pool-422-thread-1] INFO  storage.RaftStorage (RaftStorage.java:format(72)) - Storage directory /workdir/hadoop-ozone/integration-test/target/test-dir/MiniOzoneClusterImpl-f3eae3db-a82f-4595-954c-af2e0fd8f57a/datanode-1/data/ratis/a532ae6c-d411-4bb1-92fe-49000b0ffdde has been successfully formatted.
2019-08-28 13:14:32,043 [pool-422-thread-1] INFO  ratis.ContainerStateMachine (ContainerStateMachine.java:loadSnapshot(226)) - group-49000B0FFDDE: The snapshot info is null. Setting the last applied indexto:(t:0, i:~)
2019-08-28 13:14:32,043 [pool-422-thread-1] INFO  server.RaftServerConfigKeys (ConfUtils.java:logGet(43)) - raft.server.leader.election.timeout = 120s (custom)
2019-08-28 13:14:32,044 [pool-422-thread-1] INFO  server.RaftServerConfigKeys (ConfUtils.java:logGet(43)) - raft.server.log.use.memory = false (default)
2019-08-28 13:14:32,044 [pool-422-thread-1] INFO  server.RaftServerConfigKeys (ConfUtils.java:logGet(43)) - raft.server.log.purge.gap = 1000000 (custom)
2019-08-28 13:14:32,044 [pool-422-thread-1] INFO  server.RaftServerConfigKeys (ConfUtils.java:logGet(43)) - raft.server.log.appender.buffer.byte-limit = 33554432 (custom)
2019-08-28 13:14:32,044 [pool-422-thread-1] INFO  server.RaftServerConfigKeys (ConfUtils.java:logGet(43)) - raft.server.log.segment.size.max = 1048576 (custom)
2019-08-28 13:14:32,044 [pool-422-thread-1] INFO  server.RaftServerConfigKeys (ConfUtils.java:logGet(43)) - raft.server.log.segment.cache.num.max = 2 (custom)
2019-08-28 13:14:32,044 [pool-422-thread-1] INFO  segmented.SegmentedRaftLogWorker (SegmentedRaftLogWorker.java:<init>(172)) - new b0c0a05c-f880-453d-9fb5-b5b957d6ee89-SegmentedRaftLogWorker:Storage Directory /workdir/hadoop-ozone/integration-test/target/test-dir/MiniOzoneClusterImpl-f3eae3db-a82f-4595-954c-af2e0fd8f57a/datanode-1/data/ratis/a532ae6c-d411-4bb1-92fe-49000b0ffdde for RaftStorage:Storage Directory /workdir/hadoop-ozone/integration-test/target/test-dir/MiniOzoneClusterImpl-f3eae3db-a82f-4595-954c-af2e0fd8f57a/datanode-1/data/ratis/a532ae6c-d411-4bb1-92fe-49000b0ffdde
2019-08-28 13:14:32,045 [pool-422-thread-1] INFO  server.RaftServerConfigKeys (ConfUtils.java:logGet(43)) - raft.server.log.queue.byte-limit = 2147483647 (custom)
2019-08-28 13:14:32,045 [pool-422-thread-1] INFO  server.RaftServerConfigKeys (ConfUtils.java:logGet(43)) - raft.server.log.queue.element-limit = 1024 (custom)
2019-08-28 13:14:32,045 [pool-422-thread-1] INFO  server.RaftServerConfigKeys (ConfUtils.java:logGet(43)) - raft.server.log.segment.size.max = 1048576 (custom)
2019-08-28 13:14:32,045 [pool-422-thread-1] INFO  server.RaftServerConfigKeys (ConfUtils.java:logGet(43)) - raft.server.log.preallocated.size = 16384 (custom)
2019-08-28 13:14:32,045 [pool-422-thread-1] INFO  server.RaftServerConfigKeys (ConfUtils.java:logGet(43)) - raft.server.log.write.buffer.size = 33554432 (custom)
2019-08-28 13:14:32,046 [pool-422-thread-1] INFO  server.RaftServerConfigKeys (ConfUtils.java:logGet(43)) - raft.server.log.force.sync.num = 128 (default)
2019-08-28 13:14:32,046 [pool-422-thread-1] INFO  server.RaftServerConfigKeys (ConfUtils.java:logGet(43)) - raft.server.log.statemachine.data.sync = true (default)
2019-08-28 13:14:32,046 [pool-422-thread-1] INFO  server.RaftServerConfigKeys (ConfUtils.java:logGet(43)) - raft.server.log.statemachine.data.sync.timeout = 10s (default)
2019-08-28 13:14:32,046 [pool-422-thread-1] INFO  server.RaftServerConfigKeys (ConfUtils.java:logGet(43)) - raft.server.log.statemachine.data.sync.timeout.retry = -1 (default)
2019-08-28 13:14:32,046 [pool-422-thread-1] INFO  server.RaftServerConfigKeys (ConfUtils.java:logGet(43)) - raft.server.log.statemachine.data.caching.enabled = true (custom)
2019-08-28 13:14:32,047 [pool-422-thread-1] INFO  segmented.SegmentedRaftLogWorker (SegmentedRaftLogWorker.java:lambda$new$0(132)) - b0c0a05c-f880-453d-9fb5-b5b957d6ee89-SegmentedRaftLogWorker:Storage Directory /workdir/hadoop-ozone/integration-test/target/test-dir/MiniOzoneClusterImpl-f3eae3db-a82f-4595-954c-af2e0fd8f57a/datanode-1/data/ratis/a532ae6c-d411-4bb1-92fe-49000b0ffdde: flushIndex: setUnconditionally 0 -> -1
2019-08-28 13:14:32,047 [pool-422-thread-1] INFO  server.RaftServerConfigKeys (ConfUtils.java:logGet(43)) - raft.server.snapshot.auto.trigger.enabled = true (custom)
2019-08-28 13:14:32,047 [pool-422-thread-1] INFO  server.RaftServerConfigKeys (ConfUtils.java:logGet(43)) - raft.server.snapshot.auto.trigger.threshold = 10000 (custom)
2019-08-28 13:14:32,047 [pool-422-thread-1] INFO  server.RaftServerConfigKeys (ConfUtils.java:logGet(43)) - raft.server.retrycache.expirytime = 600000ms (custom)
2019-08-28 13:14:32,048 [pool-422-thread-1] INFO  impl.RaftServerImpl (RaftServerImpl.java:start(180)) - b0c0a05c-f880-453d-9fb5-b5b957d6ee89: start group-49000B0FFDDE
2019-08-28 13:14:32,048 [pool-422-thread-1] INFO  impl.RaftServerImpl (RaftServerImpl.java:setRole(171)) - b0c0a05c-f880-453d-9fb5-b5b957d6ee89:group-49000B0FFDDE changes role from null to FOLLOWER at term 0 for startAsFollower
2019-08-28 13:14:32,048 [pool-422-thread-1] INFO  impl.RoleInfo (RoleInfo.java:updateAndGet(143)) - b0c0a05c-f880-453d-9fb5-b5b957d6ee89: start FollowerState
2019-08-28 13:14:32,049 [pool-422-thread-1] INFO  util.JmxRegister (JmxRegister.java:tryRegister(44)) - Successfully registered JMX Bean with object name Ratis:service=RaftServer,group=group-49000B0FFDDE,id=b0c0a05c-f880-453d-9fb5-b5b957d6ee89
2019-08-28 13:14:32,051 [RatisPipelineUtilsThread] INFO  pipeline.PipelineStateManager (PipelineStateManager.java:addPipeline(56)) - Created pipeline Pipeline[ Id: a532ae6c-d411-4bb1-92fe-49000b0ffdde, Nodes: b0c0a05c-f880-453d-9fb5-b5b957d6ee89{ip: 192.168.69.80, host: pr-hdds-2030-bfh46-3754461772, networkLocation: /default-rack, certSerialId: null}, Type:RATIS, Factor:ONE, State:OPEN]
2019-08-28 13:14:32,208 [IPC Server handler 1 on 37829] INFO  net.NetworkTopology (NetworkTopologyImpl.java:add(110)) - Added a new node: /default-rack/e4138a83-3237-49cf-bd95-e4d1f4bc0f26
2019-08-28 13:14:32,208 [IPC Server handler 1 on 37829] INFO  node.SCMNodeManager (SCMNodeManager.java:register(273)) - Registered Data node : e4138a83-3237-49cf-bd95-e4d1f4bc0f26{ip: 192.168.69.80, host: pr-hdds-2030-bfh46-3754461772, networkLocation: /default-rack, certSerialId: null}
2019-08-28 13:14:32,208 | INFO  | SCMAudit | user=jenkins1000 | ip=192.168.69.80 | op=REGISTER {datanodeDetails=e4138a83-3237-49cf-bd95-e4d1f4bc0f26{ip: 192.168.69.80, host: pr-hdds-2030-bfh46-3754461772, networkLocation: /default-rack, certSerialId: null}} | ret=SUCCESS |  
2019-08-28 13:14:32,214 [grpc-default-executor-10] INFO  impl.RaftServerProxy (RaftServerProxy.java:addNew(89)) - e4138a83-3237-49cf-bd95-e4d1f4bc0f26: addNew group-9248CBB1E16B:[e4138a83-3237-49cf-bd95-e4d1f4bc0f26:192.168.69.80:34056] returns group-9248CBB1E16B:java.util.concurrent.CompletableFuture@3ff6ddfe[Not completed]
2019-08-28 13:14:32,216 [pool-433-thread-1] INFO  impl.RaftServerImpl (RaftServerImpl.java:<init>(93)) - e4138a83-3237-49cf-bd95-e4d1f4bc0f26: new RaftServerImpl for group-9248CBB1E16B:[e4138a83-3237-49cf-bd95-e4d1f4bc0f26:192.168.69.80:34056] with ContainerStateMachine:uninitialized
2019-08-28 13:14:32,216 [pool-433-thread-1] INFO  server.RaftServerConfigKeys (ConfUtils.java:logGet(43)) - raft.server.rpc.timeout.min = 5s (custom)
2019-08-28 13:14:32,217 [pool-433-thread-1] INFO  server.RaftServerConfigKeys (ConfUtils.java:logGet(43)) - raft.server.rpc.timeout.max = 5200ms (custom)
2019-08-28 13:14:32,217 [pool-433-thread-1] INFO  server.RaftServerConfigKeys (ConfUtils.java:logGet(43)) - raft.server.rpcslowness.timeout = 120s (custom)
2019-08-28 13:14:32,217 [pool-433-thread-1] INFO  server.RaftServerConfigKeys (ConfUtils.java:logGet(43)) - raft.server.sleep.deviation.threshold = 300 (default)
2019-08-28 13:14:32,217 [pool-433-thread-1] INFO  server.RaftServerConfigKeys (ConfUtils.java:logGet(43)) - raft.server.log.appender.install.snapshot.enabled = false (custom)
2019-08-28 13:14:32,217 [pool-433-thread-1] INFO  impl.RaftServerImpl (ServerState.java:<init>(105)) - e4138a83-3237-49cf-bd95-e4d1f4bc0f26:group-9248CBB1E16B ConfigurationManager, init=-1: [e4138a83-3237-49cf-bd95-e4d1f4bc0f26:192.168.69.80:34056], old=null, confs=<EMPTY_MAP>
2019-08-28 13:14:32,217 [pool-433-thread-1] INFO  server.RaftServerConfigKeys (ConfUtils.java:logGet(43)) - raft.server.storage.dir = [/workdir/hadoop-ozone/integration-test/target/test-dir/MiniOzoneClusterImpl-f3eae3db-a82f-4595-954c-af2e0fd8f57a/datanode-2/data/ratis] (custom)
2019-08-28 13:14:32,218 [pool-433-thread-1] INFO  storage.RaftStorageDirectory (RaftStorageDirectory.java:analyzeStorage(246)) - The storage directory /workdir/hadoop-ozone/integration-test/target/test-dir/MiniOzoneClusterImpl-f3eae3db-a82f-4595-954c-af2e0fd8f57a/datanode-2/data/ratis/b3938901-59c0-4232-b3c8-9248cbb1e16b does not exist. Creating ...
2019-08-28 13:14:32,232 [pool-433-thread-1] INFO  storage.RaftStorageDirectory (RaftStorageDirectory.java:tryLock(328)) - Lock on /workdir/hadoop-ozone/integration-test/target/test-dir/MiniOzoneClusterImpl-f3eae3db-a82f-4595-954c-af2e0fd8f57a/datanode-2/data/ratis/b3938901-59c0-4232-b3c8-9248cbb1e16b/in_use.lock acquired by nodename 31531@pr-hdds-2030-bfh46-3754461772
2019-08-28 13:14:32,245 [pool-433-thread-1] INFO  storage.RaftStorage (RaftStorage.java:format(72)) - Storage directory /workdir/hadoop-ozone/integration-test/target/test-dir/MiniOzoneClusterImpl-f3eae3db-a82f-4595-954c-af2e0fd8f57a/datanode-2/data/ratis/b3938901-59c0-4232-b3c8-9248cbb1e16b has been successfully formatted.
2019-08-28 13:14:32,245 [pool-433-thread-1] INFO  ratis.ContainerStateMachine (ContainerStateMachine.java:loadSnapshot(226)) - group-9248CBB1E16B: The snapshot info is null. Setting the last applied indexto:(t:0, i:~)
2019-08-28 13:14:32,245 [pool-433-thread-1] INFO  server.RaftServerConfigKeys (ConfUtils.java:logGet(43)) - raft.server.leader.election.timeout = 120s (custom)
2019-08-28 13:14:32,245 [pool-433-thread-1] INFO  server.RaftServerConfigKeys (ConfUtils.java:logGet(43)) - raft.server.log.use.memory = false (default)
2019-08-28 13:14:32,246 [pool-433-thread-1] INFO  server.RaftServerConfigKeys (ConfUtils.java:logGet(43)) - raft.server.log.purge.gap = 1000000 (custom)
2019-08-28 13:14:32,246 [pool-433-thread-1] INFO  server.RaftServerConfigKeys (ConfUtils.java:logGet(43)) - raft.server.log.appender.buffer.byte-limit = 33554432 (custom)
2019-08-28 13:14:32,246 [pool-433-thread-1] INFO  server.RaftServerConfigKeys (ConfUtils.java:logGet(43)) - raft.server.log.segment.size.max = 1048576 (custom)
2019-08-28 13:14:32,246 [pool-433-thread-1] INFO  server.RaftServerConfigKeys (ConfUtils.java:logGet(43)) - raft.server.log.segment.cache.num.max = 2 (custom)
2019-08-28 13:14:32,246 [pool-433-thread-1] INFO  segmented.SegmentedRaftLogWorker (SegmentedRaftLogWorker.java:<init>(172)) - new e4138a83-3237-49cf-bd95-e4d1f4bc0f26-SegmentedRaftLogWorker:Storage Directory /workdir/hadoop-ozone/integration-test/target/test-dir/MiniOzoneClusterImpl-f3eae3db-a82f-4595-954c-af2e0fd8f57a/datanode-2/data/ratis/b3938901-59c0-4232-b3c8-9248cbb1e16b for RaftStorage:Storage Directory /workdir/hadoop-ozone/integration-test/target/test-dir/MiniOzoneClusterImpl-f3eae3db-a82f-4595-954c-af2e0fd8f57a/datanode-2/data/ratis/b3938901-59c0-4232-b3c8-9248cbb1e16b
2019-08-28 13:14:32,246 [pool-433-thread-1] INFO  server.RaftServerConfigKeys (ConfUtils.java:logGet(43)) - raft.server.log.queue.byte-limit = 2147483647 (custom)
2019-08-28 13:14:32,246 [pool-433-thread-1] INFO  server.RaftServerConfigKeys (ConfUtils.java:logGet(43)) - raft.server.log.queue.element-limit = 1024 (custom)
2019-08-28 13:14:32,247 [pool-433-thread-1] INFO  server.RaftServerConfigKeys (ConfUtils.java:logGet(43)) - raft.server.log.segment.size.max = 1048576 (custom)
2019-08-28 13:14:32,247 [pool-433-thread-1] INFO  server.RaftServerConfigKeys (ConfUtils.java:logGet(43)) - raft.server.log.preallocated.size = 16384 (custom)
2019-08-28 13:14:32,247 [pool-433-thread-1] INFO  server.RaftServerConfigKeys (ConfUtils.java:logGet(43)) - raft.server.log.write.buffer.size = 33554432 (custom)
2019-08-28 13:14:32,247 [pool-433-thread-1] INFO  server.RaftServerConfigKeys (ConfUtils.java:logGet(43)) - raft.server.log.force.sync.num = 128 (default)
2019-08-28 13:14:32,247 [pool-433-thread-1] INFO  server.RaftServerConfigKeys (ConfUtils.java:logGet(43)) - raft.server.log.statemachine.data.sync = true (default)
2019-08-28 13:14:32,247 [pool-433-thread-1] INFO  server.RaftServerConfigKeys (ConfUtils.java:logGet(43)) - raft.server.log.statemachine.data.sync.timeout = 10s (default)
2019-08-28 13:14:32,247 [pool-433-thread-1] INFO  server.RaftServerConfigKeys (ConfUtils.java:logGet(43)) - raft.server.log.statemachine.data.sync.timeout.retry = -1 (default)
2019-08-28 13:14:32,247 [pool-433-thread-1] INFO  server.RaftServerConfigKeys (ConfUtils.java:logGet(43)) - raft.server.log.statemachine.data.caching.enabled = true (custom)
2019-08-28 13:14:32,248 [pool-433-thread-1] INFO  segmented.SegmentedRaftLogWorker (SegmentedRaftLogWorker.java:lambda$new$0(132)) - e4138a83-3237-49cf-bd95-e4d1f4bc0f26-SegmentedRaftLogWorker:Storage Directory /workdir/hadoop-ozone/integration-test/target/test-dir/MiniOzoneClusterImpl-f3eae3db-a82f-4595-954c-af2e0fd8f57a/datanode-2/data/ratis/b3938901-59c0-4232-b3c8-9248cbb1e16b: flushIndex: setUnconditionally 0 -> -1
2019-08-28 13:14:32,248 [pool-433-thread-1] INFO  server.RaftServerConfigKeys (ConfUtils.java:logGet(43)) - raft.server.snapshot.auto.trigger.enabled = true (custom)
2019-08-28 13:14:32,248 [pool-433-thread-1] INFO  server.RaftServerConfigKeys (ConfUtils.java:logGet(43)) - raft.server.snapshot.auto.trigger.threshold = 10000 (custom)
2019-08-28 13:14:32,248 [pool-433-thread-1] INFO  server.RaftServerConfigKeys (ConfUtils.java:logGet(43)) - raft.server.retrycache.expirytime = 600000ms (custom)
2019-08-28 13:14:32,248 [pool-433-thread-1] INFO  impl.RaftServerImpl (RaftServerImpl.java:start(180)) - e4138a83-3237-49cf-bd95-e4d1f4bc0f26: start group-9248CBB1E16B
2019-08-28 13:14:32,248 [pool-433-thread-1] INFO  impl.RaftServerImpl (RaftServerImpl.java:setRole(171)) - e4138a83-3237-49cf-bd95-e4d1f4bc0f26:group-9248CBB1E16B changes role from null to FOLLOWER at term 0 for startAsFollower
2019-08-28 13:14:32,249 [pool-433-thread-1] INFO  impl.RoleInfo (RoleInfo.java:updateAndGet(143)) - e4138a83-3237-49cf-bd95-e4d1f4bc0f26: start FollowerState
2019-08-28 13:14:32,249 [pool-433-thread-1] INFO  util.JmxRegister (JmxRegister.java:tryRegister(44)) - Successfully registered JMX Bean with object name Ratis:service=RaftServer,group=group-9248CBB1E16B,id=e4138a83-3237-49cf-bd95-e4d1f4bc0f26
2019-08-28 13:14:32,251 [RatisPipelineUtilsThread] INFO  pipeline.PipelineStateManager (PipelineStateManager.java:addPipeline(56)) - Created pipeline Pipeline[ Id: b3938901-59c0-4232-b3c8-9248cbb1e16b, Nodes: e4138a83-3237-49cf-bd95-e4d1f4bc0f26{ip: 192.168.69.80, host: pr-hdds-2030-bfh46-3754461772, networkLocation: /default-rack, certSerialId: null}, Type:RATIS, Factor:ONE, State:OPEN]
2019-08-28 13:14:32,264 [grpc-default-executor-0] INFO  impl.RaftServerProxy (RaftServerProxy.java:addNew(89)) - e4138a83-3237-49cf-bd95-e4d1f4bc0f26: addNew group-B39C92501AA1:[a02c2287-4371-470d-af9d-9173eadd0e2d:192.168.69.80:37708, b0c0a05c-f880-453d-9fb5-b5b957d6ee89:192.168.69.80:36997, e4138a83-3237-49cf-bd95-e4d1f4bc0f26:192.168.69.80:34056] returns group-B39C92501AA1:java.util.concurrent.CompletableFuture@4910091a[Not completed]
2019-08-28 13:14:32,264 [grpc-default-executor-9] INFO  impl.RaftServerProxy (RaftServerProxy.java:addNew(89)) - b0c0a05c-f880-453d-9fb5-b5b957d6ee89: addNew group-B39C92501AA1:[a02c2287-4371-470d-af9d-9173eadd0e2d:192.168.69.80:37708, b0c0a05c-f880-453d-9fb5-b5b957d6ee89:192.168.69.80:36997, e4138a83-3237-49cf-bd95-e4d1f4bc0f26:192.168.69.80:34056] returns group-B39C92501AA1:java.util.concurrent.CompletableFuture@1686fdf5[Not completed]
2019-08-28 13:14:32,264 [grpc-default-executor-0] INFO  impl.RaftServerProxy (RaftServerProxy.java:addNew(89)) - a02c2287-4371-470d-af9d-9173eadd0e2d: addNew group-B39C92501AA1:[a02c2287-4371-470d-af9d-9173eadd0e2d:192.168.69.80:37708, b0c0a05c-f880-453d-9fb5-b5b957d6ee89:192.168.69.80:36997, e4138a83-3237-49cf-bd95-e4d1f4bc0f26:192.168.69.80:34056] returns group-B39C92501AA1:java.util.concurrent.CompletableFuture@586f1bd2[Not completed]
2019-08-28 13:14:32,265 [pool-433-thread-1] INFO  impl.RaftServerImpl (RaftServerImpl.java:<init>(93)) - e4138a83-3237-49cf-bd95-e4d1f4bc0f26: new RaftServerImpl for group-B39C92501AA1:[a02c2287-4371-470d-af9d-9173eadd0e2d:192.168.69.80:37708, b0c0a05c-f880-453d-9fb5-b5b957d6ee89:192.168.69.80:36997, e4138a83-3237-49cf-bd95-e4d1f4bc0f26:192.168.69.80:34056] with ContainerStateMachine:uninitialized
2019-08-28 13:14:32,265 [pool-433-thread-1] INFO  server.RaftServerConfigKeys (ConfUtils.java:logGet(43)) - raft.server.rpc.timeout.min = 5s (custom)
2019-08-28 13:14:32,265 [pool-433-thread-1] INFO  server.RaftServerConfigKeys (ConfUtils.java:logGet(43)) - raft.server.rpc.timeout.max = 5200ms (custom)
2019-08-28 13:14:32,265 [pool-433-thread-1] INFO  server.RaftServerConfigKeys (ConfUtils.java:logGet(43)) - raft.server.rpcslowness.timeout = 120s (custom)
2019-08-28 13:14:32,265 [pool-433-thread-1] INFO  server.RaftServerConfigKeys (ConfUtils.java:logGet(43)) - raft.server.sleep.deviation.threshold = 300 (default)
2019-08-28 13:14:32,265 [pool-433-thread-1] INFO  server.RaftServerConfigKeys (ConfUtils.java:logGet(43)) - raft.server.log.appender.install.snapshot.enabled = false (custom)
2019-08-28 13:14:32,265 [pool-422-thread-1] INFO  impl.RaftServerImpl (RaftServerImpl.java:<init>(93)) - b0c0a05c-f880-453d-9fb5-b5b957d6ee89: new RaftServerImpl for group-B39C92501AA1:[a02c2287-4371-470d-af9d-9173eadd0e2d:192.168.69.80:37708, b0c0a05c-f880-453d-9fb5-b5b957d6ee89:192.168.69.80:36997, e4138a83-3237-49cf-bd95-e4d1f4bc0f26:192.168.69.80:34056] with ContainerStateMachine:uninitialized
2019-08-28 13:14:32,265 [pool-433-thread-1] INFO  impl.RaftServerImpl (ServerState.java:<init>(105)) - e4138a83-3237-49cf-bd95-e4d1f4bc0f26:group-B39C92501AA1 ConfigurationManager, init=-1: [a02c2287-4371-470d-af9d-9173eadd0e2d:192.168.69.80:37708, b0c0a05c-f880-453d-9fb5-b5b957d6ee89:192.168.69.80:36997, e4138a83-3237-49cf-bd95-e4d1f4bc0f26:192.168.69.80:34056], old=null, confs=<EMPTY_MAP>
2019-08-28 13:14:32,265 [pool-422-thread-1] INFO  server.RaftServerConfigKeys (ConfUtils.java:logGet(43)) - raft.server.rpc.timeout.min = 5s (custom)
2019-08-28 13:14:32,265 [pool-433-thread-1] INFO  server.RaftServerConfigKeys (ConfUtils.java:logGet(43)) - raft.server.storage.dir = [/workdir/hadoop-ozone/integration-test/target/test-dir/MiniOzoneClusterImpl-f3eae3db-a82f-4595-954c-af2e0fd8f57a/datanode-2/data/ratis] (custom)
2019-08-28 13:14:32,266 [pool-422-thread-1] INFO  server.RaftServerConfigKeys (ConfUtils.java:logGet(43)) - raft.server.rpc.timeout.max = 5200ms (custom)
2019-08-28 13:14:32,266 [pool-422-thread-1] INFO  server.RaftServerConfigKeys (ConfUtils.java:logGet(43)) - raft.server.rpcslowness.timeout = 120s (custom)
2019-08-28 13:14:32,266 [pool-433-thread-1] INFO  storage.RaftStorageDirectory (RaftStorageDirectory.java:analyzeStorage(246)) - The storage directory /workdir/hadoop-ozone/integration-test/target/test-dir/MiniOzoneClusterImpl-f3eae3db-a82f-4595-954c-af2e0fd8f57a/datanode-2/data/ratis/16d4a21a-e457-4605-95f7-b39c92501aa1 does not exist. Creating ...
2019-08-28 13:14:32,266 [pool-411-thread-1] INFO  impl.RaftServerImpl (RaftServerImpl.java:<init>(93)) - a02c2287-4371-470d-af9d-9173eadd0e2d: new RaftServerImpl for group-B39C92501AA1:[a02c2287-4371-470d-af9d-9173eadd0e2d:192.168.69.80:37708, b0c0a05c-f880-453d-9fb5-b5b957d6ee89:192.168.69.80:36997, e4138a83-3237-49cf-bd95-e4d1f4bc0f26:192.168.69.80:34056] with ContainerStateMachine:uninitialized
2019-08-28 13:14:32,266 [pool-422-thread-1] INFO  server.RaftServerConfigKeys (ConfUtils.java:logGet(43)) - raft.server.sleep.deviation.threshold = 300 (default)
2019-08-28 13:14:32,266 [pool-411-thread-1] INFO  server.RaftServerConfigKeys (ConfUtils.java:logGet(43)) - raft.server.rpc.timeout.min = 5s (custom)
2019-08-28 13:14:32,266 [pool-422-thread-1] INFO  server.RaftServerConfigKeys (ConfUtils.java:logGet(43)) - raft.server.log.appender.install.snapshot.enabled = false (custom)
2019-08-28 13:14:32,266 [pool-411-thread-1] INFO  server.RaftServerConfigKeys (ConfUtils.java:logGet(43)) - raft.server.rpc.timeout.max = 5200ms (custom)
2019-08-28 13:14:32,266 [pool-422-thread-1] INFO  impl.RaftServerImpl (ServerState.java:<init>(105)) - b0c0a05c-f880-453d-9fb5-b5b957d6ee89:group-B39C92501AA1 ConfigurationManager, init=-1: [a02c2287-4371-470d-af9d-9173eadd0e2d:192.168.69.80:37708, b0c0a05c-f880-453d-9fb5-b5b957d6ee89:192.168.69.80:36997, e4138a83-3237-49cf-bd95-e4d1f4bc0f26:192.168.69.80:34056], old=null, confs=<EMPTY_MAP>
2019-08-28 13:14:32,267 [pool-411-thread-1] INFO  server.RaftServerConfigKeys (ConfUtils.java:logGet(43)) - raft.server.rpcslowness.timeout = 120s (custom)
2019-08-28 13:14:32,267 [pool-422-thread-1] INFO  server.RaftServerConfigKeys (ConfUtils.java:logGet(43)) - raft.server.storage.dir = [/workdir/hadoop-ozone/integration-test/target/test-dir/MiniOzoneClusterImpl-f3eae3db-a82f-4595-954c-af2e0fd8f57a/datanode-1/data/ratis] (custom)
2019-08-28 13:14:32,267 [pool-411-thread-1] INFO  server.RaftServerConfigKeys (ConfUtils.java:logGet(43)) - raft.server.sleep.deviation.threshold = 300 (default)
2019-08-28 13:14:32,267 [pool-411-thread-1] INFO  server.RaftServerConfigKeys (ConfUtils.java:logGet(43)) - raft.server.log.appender.install.snapshot.enabled = false (custom)
2019-08-28 13:14:32,267 [pool-422-thread-1] INFO  storage.RaftStorageDirectory (RaftStorageDirectory.java:analyzeStorage(246)) - The storage directory /workdir/hadoop-ozone/integration-test/target/test-dir/MiniOzoneClusterImpl-f3eae3db-a82f-4595-954c-af2e0fd8f57a/datanode-1/data/ratis/16d4a21a-e457-4605-95f7-b39c92501aa1 does not exist. Creating ...
2019-08-28 13:14:32,267 [pool-411-thread-1] INFO  impl.RaftServerImpl (ServerState.java:<init>(105)) - a02c2287-4371-470d-af9d-9173eadd0e2d:group-B39C92501AA1 ConfigurationManager, init=-1: [a02c2287-4371-470d-af9d-9173eadd0e2d:192.168.69.80:37708, b0c0a05c-f880-453d-9fb5-b5b957d6ee89:192.168.69.80:36997, e4138a83-3237-49cf-bd95-e4d1f4bc0f26:192.168.69.80:34056], old=null, confs=<EMPTY_MAP>
2019-08-28 13:14:32,267 [pool-411-thread-1] INFO  server.RaftServerConfigKeys (ConfUtils.java:logGet(43)) - raft.server.storage.dir = [/workdir/hadoop-ozone/integration-test/target/test-dir/MiniOzoneClusterImpl-f3eae3db-a82f-4595-954c-af2e0fd8f57a/datanode-0/data/ratis] (custom)
2019-08-28 13:14:32,268 [pool-411-thread-1] INFO  storage.RaftStorageDirectory (RaftStorageDirectory.java:analyzeStorage(246)) - The storage directory /workdir/hadoop-ozone/integration-test/target/test-dir/MiniOzoneClusterImpl-f3eae3db-a82f-4595-954c-af2e0fd8f57a/datanode-0/data/ratis/16d4a21a-e457-4605-95f7-b39c92501aa1 does not exist. Creating ...
2019-08-28 13:14:32,394 [IPC Server handler 4 on 37829] INFO  net.NetworkTopology (NetworkTopologyImpl.java:add(110)) - Added a new node: /default-rack/2c13e896-096e-4874-9cbd-af1a318ff0cd
2019-08-28 13:14:32,394 [IPC Server handler 4 on 37829] INFO  node.SCMNodeManager (SCMNodeManager.java:register(273)) - Registered Data node : 2c13e896-096e-4874-9cbd-af1a318ff0cd{ip: 192.168.69.80, host: pr-hdds-2030-bfh46-3754461772, networkLocation: /default-rack, certSerialId: null}
2019-08-28 13:14:32,394 | INFO  | SCMAudit | user=jenkins1000 | ip=192.168.69.80 | op=REGISTER {datanodeDetails=2c13e896-096e-4874-9cbd-af1a318ff0cd{ip: 192.168.69.80, host: pr-hdds-2030-bfh46-3754461772, networkLocation: /default-rack, certSerialId: null}} | ret=SUCCESS |  
2019-08-28 13:14:32,590 [IPC Server handler 5 on 37829] INFO  net.NetworkTopology (NetworkTopologyImpl.java:add(110)) - Added a new node: /default-rack/45e76979-f027-49c0-8770-9a0fdb9d3028
2019-08-28 13:14:32,590 [IPC Server handler 5 on 37829] INFO  node.SCMNodeManager (SCMNodeManager.java:register(273)) - Registered Data node : 45e76979-f027-49c0-8770-9a0fdb9d3028{ip: 192.168.69.80, host: pr-hdds-2030-bfh46-3754461772, networkLocation: /default-rack, certSerialId: null}
2019-08-28 13:14:32,590 | INFO  | SCMAudit | user=jenkins1000 | ip=192.168.69.80 | op=REGISTER {datanodeDetails=45e76979-f027-49c0-8770-9a0fdb9d3028{ip: 192.168.69.80, host: pr-hdds-2030-bfh46-3754461772, networkLocation: /default-rack, certSerialId: null}} | ret=SUCCESS |  
2019-08-28 13:14:32,602 [pool-411-thread-1] INFO  storage.RaftStorageDirectory (RaftStorageDirectory.java:tryLock(328)) - Lock on /workdir/hadoop-ozone/integration-test/target/test-dir/MiniOzoneClusterImpl-f3eae3db-a82f-4595-954c-af2e0fd8f57a/datanode-0/data/ratis/16d4a21a-e457-4605-95f7-b39c92501aa1/in_use.lock acquired by nodename 31531@pr-hdds-2030-bfh46-3754461772
2019-08-28 13:14:32,602 [pool-433-thread-1] INFO  storage.RaftStorageDirectory (RaftStorageDirectory.java:tryLock(328)) - Lock on /workdir/hadoop-ozone/integration-test/target/test-dir/MiniOzoneClusterImpl-f3eae3db-a82f-4595-954c-af2e0fd8f57a/datanode-2/data/ratis/16d4a21a-e457-4605-95f7-b39c92501aa1/in_use.lock acquired by nodename 31531@pr-hdds-2030-bfh46-3754461772
2019-08-28 13:14:32,602 [pool-422-thread-1] INFO  storage.RaftStorageDirectory (RaftStorageDirectory.java:tryLock(328)) - Lock on /workdir/hadoop-ozone/integration-test/target/test-dir/MiniOzoneClusterImpl-f3eae3db-a82f-4595-954c-af2e0fd8f57a/datanode-1/data/ratis/16d4a21a-e457-4605-95f7-b39c92501aa1/in_use.lock acquired by nodename 31531@pr-hdds-2030-bfh46-3754461772
2019-08-28 13:14:32,617 [pool-411-thread-1] INFO  storage.RaftStorage (RaftStorage.java:format(72)) - Storage directory /workdir/hadoop-ozone/integration-test/target/test-dir/MiniOzoneClusterImpl-f3eae3db-a82f-4595-954c-af2e0fd8f57a/datanode-0/data/ratis/16d4a21a-e457-4605-95f7-b39c92501aa1 has been successfully formatted.
2019-08-28 13:14:32,617 [pool-433-thread-1] INFO  storage.RaftStorage (RaftStorage.java:format(72)) - Storage directory /workdir/hadoop-ozone/integration-test/target/test-dir/MiniOzoneClusterImpl-f3eae3db-a82f-4595-954c-af2e0fd8f57a/datanode-2/data/ratis/16d4a21a-e457-4605-95f7-b39c92501aa1 has been successfully formatted.
2019-08-28 13:14:32,617 [pool-422-thread-1] INFO  storage.RaftStorage (RaftStorage.java:format(72)) - Storage directory /workdir/hadoop-ozone/integration-test/target/test-dir/MiniOzoneClusterImpl-f3eae3db-a82f-4595-954c-af2e0fd8f57a/datanode-1/data/ratis/16d4a21a-e457-4605-95f7-b39c92501aa1 has been successfully formatted.
2019-08-28 13:14:32,617 [pool-411-thread-1] INFO  ratis.ContainerStateMachine (ContainerStateMachine.java:loadSnapshot(226)) - group-B39C92501AA1: The snapshot info is null. Setting the last applied indexto:(t:0, i:~)
2019-08-28 13:14:32,617 [pool-433-thread-1] INFO  ratis.ContainerStateMachine (ContainerStateMachine.java:loadSnapshot(226)) - group-B39C92501AA1: The snapshot info is null. Setting the last applied indexto:(t:0, i:~)
2019-08-28 13:14:32,618 [pool-422-thread-1] INFO  ratis.ContainerStateMachine (ContainerStateMachine.java:loadSnapshot(226)) - group-B39C92501AA1: The snapshot info is null. Setting the last applied indexto:(t:0, i:~)
2019-08-28 13:14:32,617 [pool-411-thread-1] INFO  server.RaftServerConfigKeys (ConfUtils.java:logGet(43)) - raft.server.leader.election.timeout = 120s (custom)
2019-08-28 13:14:32,618 [pool-422-thread-1] INFO  server.RaftServerConfigKeys (ConfUtils.java:logGet(43)) - raft.server.leader.election.timeout = 120s (custom)
2019-08-28 13:14:32,618 [pool-433-thread-1] INFO  server.RaftServerConfigKeys (ConfUtils.java:logGet(43)) - raft.server.leader.election.timeout = 120s (custom)
2019-08-28 13:14:32,618 [pool-422-thread-1] INFO  server.RaftServerConfigKeys (ConfUtils.java:logGet(43)) - raft.server.log.use.memory = false (default)
2019-08-28 13:14:32,618 [pool-411-thread-1] INFO  server.RaftServerConfigKeys (ConfUtils.java:logGet(43)) - raft.server.log.use.memory = false (default)
2019-08-28 13:14:32,618 [pool-422-thread-1] INFO  server.RaftServerConfigKeys (ConfUtils.java:logGet(43)) - raft.server.log.purge.gap = 1000000 (custom)
2019-08-28 13:14:32,618 [pool-433-thread-1] INFO  server.RaftServerConfigKeys (ConfUtils.java:logGet(43)) - raft.server.log.use.memory = false (default)
2019-08-28 13:14:32,619 [pool-422-thread-1] INFO  server.RaftServerConfigKeys (ConfUtils.java:logGet(43)) - raft.server.log.appender.buffer.byte-limit = 33554432 (custom)
2019-08-28 13:14:32,619 [pool-411-thread-1] INFO  server.RaftServerConfigKeys (ConfUtils.java:logGet(43)) - raft.server.log.purge.gap = 1000000 (custom)
2019-08-28 13:14:32,619 [pool-422-thread-1] INFO  server.RaftServerConfigKeys (ConfUtils.java:logGet(43)) - raft.server.log.segment.size.max = 1048576 (custom)
2019-08-28 13:14:32,619 [pool-433-thread-1] INFO  server.RaftServerConfigKeys (ConfUtils.java:logGet(43)) - raft.server.log.purge.gap = 1000000 (custom)
2019-08-28 13:14:32,619 [pool-433-thread-1] INFO  server.RaftServerConfigKeys (ConfUtils.java:logGet(43)) - raft.server.log.appender.buffer.byte-limit = 33554432 (custom)
2019-08-28 13:14:32,620 [pool-433-thread-1] INFO  server.RaftServerConfigKeys (ConfUtils.java:logGet(43)) - raft.server.log.segment.size.max = 1048576 (custom)
2019-08-28 13:14:32,620 [pool-433-thread-1] INFO  server.RaftServerConfigKeys (ConfUtils.java:logGet(43)) - raft.server.log.segment.cache.num.max = 2 (custom)
2019-08-28 13:14:32,620 [pool-433-thread-1] INFO  segmented.SegmentedRaftLogWorker (SegmentedRaftLogWorker.java:<init>(172)) - new e4138a83-3237-49cf-bd95-e4d1f4bc0f26-SegmentedRaftLogWorker:Storage Directory /workdir/hadoop-ozone/integration-test/target/test-dir/MiniOzoneClusterImpl-f3eae3db-a82f-4595-954c-af2e0fd8f57a/datanode-2/data/ratis/16d4a21a-e457-4605-95f7-b39c92501aa1 for RaftStorage:Storage Directory /workdir/hadoop-ozone/integration-test/target/test-dir/MiniOzoneClusterImpl-f3eae3db-a82f-4595-954c-af2e0fd8f57a/datanode-2/data/ratis/16d4a21a-e457-4605-95f7-b39c92501aa1
2019-08-28 13:14:32,619 [pool-422-thread-1] INFO  server.RaftServerConfigKeys (ConfUtils.java:logGet(43)) - raft.server.log.segment.cache.num.max = 2 (custom)
2019-08-28 13:14:32,619 [pool-411-thread-1] INFO  server.RaftServerConfigKeys (ConfUtils.java:logGet(43)) - raft.server.log.appender.buffer.byte-limit = 33554432 (custom)
2019-08-28 13:14:32,621 [pool-422-thread-1] INFO  segmented.SegmentedRaftLogWorker (SegmentedRaftLogWorker.java:<init>(172)) - new b0c0a05c-f880-453d-9fb5-b5b957d6ee89-SegmentedRaftLogWorker:Storage Directory /workdir/hadoop-ozone/integration-test/target/test-dir/MiniOzoneClusterImpl-f3eae3db-a82f-4595-954c-af2e0fd8f57a/datanode-1/data/ratis/16d4a21a-e457-4605-95f7-b39c92501aa1 for RaftStorage:Storage Directory /workdir/hadoop-ozone/integration-test/target/test-dir/MiniOzoneClusterImpl-f3eae3db-a82f-4595-954c-af2e0fd8f57a/datanode-1/data/ratis/16d4a21a-e457-4605-95f7-b39c92501aa1
2019-08-28 13:14:32,620 [pool-433-thread-1] INFO  server.RaftServerConfigKeys (ConfUtils.java:logGet(43)) - raft.server.log.queue.byte-limit = 2147483647 (custom)
2019-08-28 13:14:32,621 [pool-422-thread-1] INFO  server.RaftServerConfigKeys (ConfUtils.java:logGet(43)) - raft.server.log.queue.byte-limit = 2147483647 (custom)
2019-08-28 13:14:32,621 [pool-411-thread-1] INFO  server.RaftServerConfigKeys (ConfUtils.java:logGet(43)) - raft.server.log.segment.size.max = 1048576 (custom)
2019-08-28 13:14:32,621 [pool-422-thread-1] INFO  server.RaftServerConfigKeys (ConfUtils.java:logGet(43)) - raft.server.log.queue.element-limit = 1024 (custom)
2019-08-28 13:14:32,621 [pool-433-thread-1] INFO  server.RaftServerConfigKeys (ConfUtils.java:logGet(43)) - raft.server.log.queue.element-limit = 1024 (custom)
2019-08-28 13:14:32,622 [pool-422-thread-1] INFO  server.RaftServerConfigKeys (ConfUtils.java:logGet(43)) - raft.server.log.segment.size.max = 1048576 (custom)
2019-08-28 13:14:32,621 [pool-411-thread-1] INFO  server.RaftServerConfigKeys (ConfUtils.java:logGet(43)) - raft.server.log.segment.cache.num.max = 2 (custom)
2019-08-28 13:14:32,622 [pool-422-thread-1] INFO  server.RaftServerConfigKeys (ConfUtils.java:logGet(43)) - raft.server.log.preallocated.size = 16384 (custom)
2019-08-28 13:14:32,622 [pool-433-thread-1] INFO  server.RaftServerConfigKeys (ConfUtils.java:logGet(43)) - raft.server.log.segment.size.max = 1048576 (custom)
2019-08-28 13:14:32,622 [pool-422-thread-1] INFO  server.RaftServerConfigKeys (ConfUtils.java:logGet(43)) - raft.server.log.write.buffer.size = 33554432 (custom)
2019-08-28 13:14:32,622 [pool-411-thread-1] INFO  segmented.SegmentedRaftLogWorker (SegmentedRaftLogWorker.java:<init>(172)) - new a02c2287-4371-470d-af9d-9173eadd0e2d-SegmentedRaftLogWorker:Storage Directory /workdir/hadoop-ozone/integration-test/target/test-dir/MiniOzoneClusterImpl-f3eae3db-a82f-4595-954c-af2e0fd8f57a/datanode-0/data/ratis/16d4a21a-e457-4605-95f7-b39c92501aa1 for RaftStorage:Storage Directory /workdir/hadoop-ozone/integration-test/target/test-dir/MiniOzoneClusterImpl-f3eae3db-a82f-4595-954c-af2e0fd8f57a/datanode-0/data/ratis/16d4a21a-e457-4605-95f7-b39c92501aa1
2019-08-28 13:14:32,623 [pool-422-thread-1] INFO  server.RaftServerConfigKeys (ConfUtils.java:logGet(43)) - raft.server.log.force.sync.num = 128 (default)
2019-08-28 13:14:32,622 [pool-433-thread-1] INFO  server.RaftServerConfigKeys (ConfUtils.java:logGet(43)) - raft.server.log.preallocated.size = 16384 (custom)
2019-08-28 13:14:32,623 [pool-422-thread-1] INFO  server.RaftServerConfigKeys (ConfUtils.java:logGet(43)) - raft.server.log.statemachine.data.sync = true (default)
2019-08-28 13:14:32,623 [pool-411-thread-1] INFO  server.RaftServerConfigKeys (ConfUtils.java:logGet(43)) - raft.server.log.queue.byte-limit = 2147483647 (custom)
2019-08-28 13:14:32,623 [pool-422-thread-1] INFO  server.RaftServerConfigKeys (ConfUtils.java:logGet(43)) - raft.server.log.statemachine.data.sync.timeout = 10s (default)
2019-08-28 13:14:32,623 [pool-433-thread-1] INFO  server.RaftServerConfigKeys (ConfUtils.java:logGet(43)) - raft.server.log.write.buffer.size = 33554432 (custom)
2019-08-28 13:14:32,623 [pool-422-thread-1] INFO  server.RaftServerConfigKeys (ConfUtils.java:logGet(43)) - raft.server.log.statemachine.data.sync.timeout.retry = -1 (default)
2019-08-28 13:14:32,623 [pool-411-thread-1] INFO  server.RaftServerConfigKeys (ConfUtils.java:logGet(43)) - raft.server.log.queue.element-limit = 1024 (custom)
2019-08-28 13:14:32,624 [pool-422-thread-1] INFO  server.RaftServerConfigKeys (ConfUtils.java:logGet(43)) - raft.server.log.statemachine.data.caching.enabled = true (custom)
2019-08-28 13:14:32,624 [pool-433-thread-1] INFO  server.RaftServerConfigKeys (ConfUtils.java:logGet(43)) - raft.server.log.force.sync.num = 128 (default)
2019-08-28 13:14:32,624 [pool-411-thread-1] INFO  server.RaftServerConfigKeys (ConfUtils.java:logGet(43)) - raft.server.log.segment.size.max = 1048576 (custom)
2019-08-28 13:14:32,624 [pool-433-thread-1] INFO  server.RaftServerConfigKeys (ConfUtils.java:logGet(43)) - raft.server.log.statemachine.data.sync = true (default)
2019-08-28 13:14:32,624 [pool-411-thread-1] INFO  server.RaftServerConfigKeys (ConfUtils.java:logGet(43)) - raft.server.log.preallocated.size = 16384 (custom)
2019-08-28 13:14:32,624 [pool-411-thread-1] INFO  server.RaftServerConfigKeys (ConfUtils.java:logGet(43)) - raft.server.log.write.buffer.size = 33554432 (custom)
2019-08-28 13:14:32,624 [pool-433-thread-1] INFO  server.RaftServerConfigKeys (ConfUtils.java:logGet(43)) - raft.server.log.statemachine.data.sync.timeout = 10s (default)
2019-08-28 13:14:32,624 [pool-422-thread-1] INFO  segmented.SegmentedRaftLogWorker (SegmentedRaftLogWorker.java:lambda$new$0(132)) - b0c0a05c-f880-453d-9fb5-b5b957d6ee89-SegmentedRaftLogWorker:Storage Directory /workdir/hadoop-ozone/integration-test/target/test-dir/MiniOzoneClusterImpl-f3eae3db-a82f-4595-954c-af2e0fd8f57a/datanode-1/data/ratis/16d4a21a-e457-4605-95f7-b39c92501aa1: flushIndex: setUnconditionally 0 -> -1
2019-08-28 13:14:32,625 [pool-433-thread-1] INFO  server.RaftServerConfigKeys (ConfUtils.java:logGet(43)) - raft.server.log.statemachine.data.sync.timeout.retry = -1 (default)
2019-08-28 13:14:32,625 [pool-411-thread-1] INFO  server.RaftServerConfigKeys (ConfUtils.java:logGet(43)) - raft.server.log.force.sync.num = 128 (default)
2019-08-28 13:14:32,625 [pool-433-thread-1] INFO  server.RaftServerConfigKeys (ConfUtils.java:logGet(43)) - raft.server.log.statemachine.data.caching.enabled = true (custom)
2019-08-28 13:14:32,625 [pool-422-thread-1] INFO  server.RaftServerConfigKeys (ConfUtils.java:logGet(43)) - raft.server.snapshot.auto.trigger.enabled = true (custom)
2019-08-28 13:14:32,625 [pool-411-thread-1] INFO  server.RaftServerConfigKeys (ConfUtils.java:logGet(43)) - raft.server.log.statemachine.data.sync = true (default)
2019-08-28 13:14:32,625 [pool-422-thread-1] INFO  server.RaftServerConfigKeys (ConfUtils.java:logGet(43)) - raft.server.snapshot.auto.trigger.threshold = 10000 (custom)
2019-08-28 13:14:32,625 [pool-433-thread-1] INFO  segmented.SegmentedRaftLogWorker (SegmentedRaftLogWorker.java:lambda$new$0(132)) - e4138a83-3237-49cf-bd95-e4d1f4bc0f26-SegmentedRaftLogWorker:Storage Directory /workdir/hadoop-ozone/integration-test/target/test-dir/MiniOzoneClusterImpl-f3eae3db-a82f-4595-954c-af2e0fd8f57a/datanode-2/data/ratis/16d4a21a-e457-4605-95f7-b39c92501aa1: flushIndex: setUnconditionally 0 -> -1
2019-08-28 13:14:32,626 [pool-422-thread-1] INFO  server.RaftServerConfigKeys (ConfUtils.java:logGet(43)) - raft.server.retrycache.expirytime = 600000ms (custom)
2019-08-28 13:14:32,625 [pool-411-thread-1] INFO  server.RaftServerConfigKeys (ConfUtils.java:logGet(43)) - raft.server.log.statemachine.data.sync.timeout = 10s (default)
2019-08-28 13:14:32,626 [pool-433-thread-1] INFO  server.RaftServerConfigKeys (ConfUtils.java:logGet(43)) - raft.server.snapshot.auto.trigger.enabled = true (custom)
2019-08-28 13:14:32,626 [pool-422-thread-1] INFO  impl.RaftServerImpl (RaftServerImpl.java:start(180)) - b0c0a05c-f880-453d-9fb5-b5b957d6ee89: start group-B39C92501AA1
2019-08-28 13:14:32,626 [pool-411-thread-1] INFO  server.RaftServerConfigKeys (ConfUtils.java:logGet(43)) - raft.server.log.statemachine.data.sync.timeout.retry = -1 (default)
2019-08-28 13:14:32,626 [pool-422-thread-1] INFO  impl.RaftServerImpl (RaftServerImpl.java:setRole(171)) - b0c0a05c-f880-453d-9fb5-b5b957d6ee89:group-B39C92501AA1 changes role from null to FOLLOWER at term 0 for startAsFollower
2019-08-28 13:14:32,626 [pool-433-thread-1] INFO  server.RaftServerConfigKeys (ConfUtils.java:logGet(43)) - raft.server.snapshot.auto.trigger.threshold = 10000 (custom)
2019-08-28 13:14:32,627 [pool-422-thread-1] INFO  impl.RoleInfo (RoleInfo.java:updateAndGet(143)) - b0c0a05c-f880-453d-9fb5-b5b957d6ee89: start FollowerState
2019-08-28 13:14:32,626 [pool-411-thread-1] INFO  server.RaftServerConfigKeys (ConfUtils.java:logGet(43)) - raft.server.log.statemachine.data.caching.enabled = true (custom)
2019-08-28 13:14:32,627 [pool-433-thread-1] INFO  server.RaftServerConfigKeys (ConfUtils.java:logGet(43)) - raft.server.retrycache.expirytime = 600000ms (custom)
2019-08-28 13:14:32,627 [pool-411-thread-1] INFO  segmented.SegmentedRaftLogWorker (SegmentedRaftLogWorker.java:lambda$new$0(132)) - a02c2287-4371-470d-af9d-9173eadd0e2d-SegmentedRaftLogWorker:Storage Directory /workdir/hadoop-ozone/integration-test/target/test-dir/MiniOzoneClusterImpl-f3eae3db-a82f-4595-954c-af2e0fd8f57a/datanode-0/data/ratis/16d4a21a-e457-4605-95f7-b39c92501aa1: flushIndex: setUnconditionally 0 -> -1
2019-08-28 13:14:32,627 [pool-433-thread-1] INFO  impl.RaftServerImpl (RaftServerImpl.java:start(180)) - e4138a83-3237-49cf-bd95-e4d1f4bc0f26: start group-B39C92501AA1
2019-08-28 13:14:32,627 [pool-411-thread-1] INFO  server.RaftServerConfigKeys (ConfUtils.java:logGet(43)) - raft.server.snapshot.auto.trigger.enabled = true (custom)
2019-08-28 13:14:32,627 [pool-422-thread-1] INFO  util.JmxRegister (JmxRegister.java:tryRegister(44)) - Successfully registered JMX Bean with object name Ratis:service=RaftServer,group=group-B39C92501AA1,id=b0c0a05c-f880-453d-9fb5-b5b957d6ee89
2019-08-28 13:14:32,627 [pool-411-thread-1] INFO  server.RaftServerConfigKeys (ConfUtils.java:logGet(43)) - raft.server.snapshot.auto.trigger.threshold = 10000 (custom)
2019-08-28 13:14:32,627 [pool-433-thread-1] INFO  impl.RaftServerImpl (RaftServerImpl.java:setRole(171)) - e4138a83-3237-49cf-bd95-e4d1f4bc0f26:group-B39C92501AA1 changes role from null to FOLLOWER at term 0 for startAsFollower
2019-08-28 13:14:32,628 [pool-411-thread-1] INFO  server.RaftServerConfigKeys (ConfUtils.java:logGet(43)) - raft.server.retrycache.expirytime = 600000ms (custom)
2019-08-28 13:14:32,628 [pool-433-thread-1] INFO  impl.RoleInfo (RoleInfo.java:updateAndGet(143)) - e4138a83-3237-49cf-bd95-e4d1f4bc0f26: start FollowerState
2019-08-28 13:14:32,628 [pool-411-thread-1] INFO  impl.RaftServerImpl (RaftServerImpl.java:start(180)) - a02c2287-4371-470d-af9d-9173eadd0e2d: start group-B39C92501AA1
2019-08-28 13:14:32,628 [pool-411-thread-1] INFO  impl.RaftServerImpl (RaftServerImpl.java:setRole(171)) - a02c2287-4371-470d-af9d-9173eadd0e2d:group-B39C92501AA1 changes role from null to FOLLOWER at term 0 for startAsFollower
2019-08-28 13:14:32,628 [pool-411-thread-1] INFO  impl.RoleInfo (RoleInfo.java:updateAndGet(143)) - a02c2287-4371-470d-af9d-9173eadd0e2d: start FollowerState
2019-08-28 13:14:32,628 [pool-433-thread-1] INFO  util.JmxRegister (JmxRegister.java:tryRegister(44)) - Successfully registered JMX Bean with object name Ratis:service=RaftServer,group=group-B39C92501AA1,id=e4138a83-3237-49cf-bd95-e4d1f4bc0f26
2019-08-28 13:14:32,628 [pool-411-thread-1] INFO  util.JmxRegister (JmxRegister.java:tryRegister(44)) - Successfully registered JMX Bean with object name Ratis:service=RaftServer,group=group-B39C92501AA1,id=a02c2287-4371-470d-af9d-9173eadd0e2d
2019-08-28 13:14:32,631 [RatisPipelineUtilsThread] INFO  pipeline.PipelineStateManager (PipelineStateManager.java:addPipeline(56)) - Created pipeline Pipeline[ Id: 16d4a21a-e457-4605-95f7-b39c92501aa1, Nodes: b0c0a05c-f880-453d-9fb5-b5b957d6ee89{ip: 192.168.69.80, host: pr-hdds-2030-bfh46-3754461772, networkLocation: /default-rack, certSerialId: null}e4138a83-3237-49cf-bd95-e4d1f4bc0f26{ip: 192.168.69.80, host: pr-hdds-2030-bfh46-3754461772, networkLocation: /default-rack, certSerialId: null}a02c2287-4371-470d-af9d-9173eadd0e2d{ip: 192.168.69.80, host: pr-hdds-2030-bfh46-3754461772, networkLocation: /default-rack, certSerialId: null}, Type:RATIS, Factor:THREE, State:OPEN]
2019-08-28 13:14:32,809 [IPC Server handler 0 on 37829] INFO  net.NetworkTopology (NetworkTopologyImpl.java:add(110)) - Added a new node: /default-rack/a9749916-bffa-47e1-9722-b32b9535ac16
2019-08-28 13:14:32,809 [IPC Server handler 0 on 37829] INFO  node.SCMNodeManager (SCMNodeManager.java:register(273)) - Registered Data node : a9749916-bffa-47e1-9722-b32b9535ac16{ip: 192.168.69.80, host: pr-hdds-2030-bfh46-3754461772, networkLocation: /default-rack, certSerialId: null}
2019-08-28 13:14:32,810 | INFO  | SCMAudit | user=jenkins1000 | ip=192.168.69.80 | op=REGISTER {datanodeDetails=a9749916-bffa-47e1-9722-b32b9535ac16{ip: 192.168.69.80, host: pr-hdds-2030-bfh46-3754461772, networkLocation: /default-rack, certSerialId: null}} | ret=SUCCESS |  
2019-08-28 13:14:32,818 [grpc-default-executor-0] INFO  impl.RaftServerProxy (RaftServerProxy.java:addNew(89)) - 45e76979-f027-49c0-8770-9a0fdb9d3028: addNew group-049D749D81E9:[45e76979-f027-49c0-8770-9a0fdb9d3028:192.168.69.80:44827] returns group-049D749D81E9:java.util.concurrent.CompletableFuture@74188175[Not completed]
2019-08-28 13:14:32,819 [pool-455-thread-1] INFO  impl.RaftServerImpl (RaftServerImpl.java:<init>(93)) - 45e76979-f027-49c0-8770-9a0fdb9d3028: new RaftServerImpl for group-049D749D81E9:[45e76979-f027-49c0-8770-9a0fdb9d3028:192.168.69.80:44827] with ContainerStateMachine:uninitialized
2019-08-28 13:14:32,819 [pool-455-thread-1] INFO  server.RaftServerConfigKeys (ConfUtils.java:logGet(43)) - raft.server.rpc.timeout.min = 5s (custom)
2019-08-28 13:14:32,819 [pool-455-thread-1] INFO  server.RaftServerConfigKeys (ConfUtils.java:logGet(43)) - raft.server.rpc.timeout.max = 5200ms (custom)
2019-08-28 13:14:32,819 [pool-455-thread-1] INFO  server.RaftServerConfigKeys (ConfUtils.java:logGet(43)) - raft.server.rpcslowness.timeout = 120s (custom)
2019-08-28 13:14:32,819 [pool-455-thread-1] INFO  server.RaftServerConfigKeys (ConfUtils.java:logGet(43)) - raft.server.sleep.deviation.threshold = 300 (default)
2019-08-28 13:14:32,819 [pool-455-thread-1] INFO  server.RaftServerConfigKeys (ConfUtils.java:logGet(43)) - raft.server.log.appender.install.snapshot.enabled = false (custom)
2019-08-28 13:14:32,819 [pool-455-thread-1] INFO  impl.RaftServerImpl (ServerState.java:<init>(105)) - 45e76979-f027-49c0-8770-9a0fdb9d3028:group-049D749D81E9 ConfigurationManager, init=-1: [45e76979-f027-49c0-8770-9a0fdb9d3028:192.168.69.80:44827], old=null, confs=<EMPTY_MAP>
2019-08-28 13:14:32,819 [pool-455-thread-1] INFO  server.RaftServerConfigKeys (ConfUtils.java:logGet(43)) - raft.server.storage.dir = [/workdir/hadoop-ozone/integration-test/target/test-dir/MiniOzoneClusterImpl-f3eae3db-a82f-4595-954c-af2e0fd8f57a/datanode-4/data/ratis] (custom)
2019-08-28 13:14:32,820 [pool-455-thread-1] INFO  storage.RaftStorageDirectory (RaftStorageDirectory.java:analyzeStorage(246)) - The storage directory /workdir/hadoop-ozone/integration-test/target/test-dir/MiniOzoneClusterImpl-f3eae3db-a82f-4595-954c-af2e0fd8f57a/datanode-4/data/ratis/711134db-60a9-49b8-9694-049d749d81e9 does not exist. Creating ...
2019-08-28 13:14:32,834 [pool-455-thread-1] INFO  storage.RaftStorageDirectory (RaftStorageDirectory.java:tryLock(328)) - Lock on /workdir/hadoop-ozone/integration-test/target/test-dir/MiniOzoneClusterImpl-f3eae3db-a82f-4595-954c-af2e0fd8f57a/datanode-4/data/ratis/711134db-60a9-49b8-9694-049d749d81e9/in_use.lock acquired by nodename 31531@pr-hdds-2030-bfh46-3754461772
2019-08-28 13:14:32,847 [pool-455-thread-1] INFO  storage.RaftStorage (RaftStorage.java:format(72)) - Storage directory /workdir/hadoop-ozone/integration-test/target/test-dir/MiniOzoneClusterImpl-f3eae3db-a82f-4595-954c-af2e0fd8f57a/datanode-4/data/ratis/711134db-60a9-49b8-9694-049d749d81e9 has been successfully formatted.
2019-08-28 13:14:32,847 [pool-455-thread-1] INFO  ratis.ContainerStateMachine (ContainerStateMachine.java:loadSnapshot(226)) - group-049D749D81E9: The snapshot info is null. Setting the last applied indexto:(t:0, i:~)
2019-08-28 13:14:32,847 [pool-455-thread-1] INFO  server.RaftServerConfigKeys (ConfUtils.java:logGet(43)) - raft.server.leader.election.timeout = 120s (custom)
2019-08-28 13:14:32,847 [pool-455-thread-1] INFO  server.RaftServerConfigKeys (ConfUtils.java:logGet(43)) - raft.server.log.use.memory = false (default)
2019-08-28 13:14:32,847 [pool-455-thread-1] INFO  server.RaftServerConfigKeys (ConfUtils.java:logGet(43)) - raft.server.log.purge.gap = 1000000 (custom)
2019-08-28 13:14:32,848 [pool-455-thread-1] INFO  server.RaftServerConfigKeys (ConfUtils.java:logGet(43)) - raft.server.log.appender.buffer.byte-limit = 33554432 (custom)
2019-08-28 13:14:32,848 [pool-455-thread-1] INFO  server.RaftServerConfigKeys (ConfUtils.java:logGet(43)) - raft.server.log.segment.size.max = 1048576 (custom)
2019-08-28 13:14:32,848 [pool-455-thread-1] INFO  server.RaftServerConfigKeys (ConfUtils.java:logGet(43)) - raft.server.log.segment.cache.num.max = 2 (custom)
2019-08-28 13:14:32,848 [pool-455-thread-1] INFO  segmented.SegmentedRaftLogWorker (SegmentedRaftLogWorker.java:<init>(172)) - new 45e76979-f027-49c0-8770-9a0fdb9d3028-SegmentedRaftLogWorker:Storage Directory /workdir/hadoop-ozone/integration-test/target/test-dir/MiniOzoneClusterImpl-f3eae3db-a82f-4595-954c-af2e0fd8f57a/datanode-4/data/ratis/711134db-60a9-49b8-9694-049d749d81e9 for RaftStorage:Storage Directory /workdir/hadoop-ozone/integration-test/target/test-dir/MiniOzoneClusterImpl-f3eae3db-a82f-4595-954c-af2e0fd8f57a/datanode-4/data/ratis/711134db-60a9-49b8-9694-049d749d81e9
2019-08-28 13:14:32,848 [pool-455-thread-1] INFO  server.RaftServerConfigKeys (ConfUtils.java:logGet(43)) - raft.server.log.queue.byte-limit = 2147483647 (custom)
2019-08-28 13:14:32,848 [pool-455-thread-1] INFO  server.RaftServerConfigKeys (ConfUtils.java:logGet(43)) - raft.server.log.queue.element-limit = 1024 (custom)
2019-08-28 13:14:32,848 [pool-455-thread-1] INFO  server.RaftServerConfigKeys (ConfUtils.java:logGet(43)) - raft.server.log.segment.size.max = 1048576 (custom)
2019-08-28 13:14:32,848 [pool-455-thread-1] INFO  server.RaftServerConfigKeys (ConfUtils.java:logGet(43)) - raft.server.log.preallocated.size = 16384 (custom)
2019-08-28 13:14:32,849 [pool-455-thread-1] INFO  server.RaftServerConfigKeys (ConfUtils.java:logGet(43)) - raft.server.log.write.buffer.size = 33554432 (custom)
2019-08-28 13:14:32,849 [pool-455-thread-1] INFO  server.RaftServerConfigKeys (ConfUtils.java:logGet(43)) - raft.server.log.force.sync.num = 128 (default)
2019-08-28 13:14:32,849 [pool-455-thread-1] INFO  server.RaftServerConfigKeys (ConfUtils.java:logGet(43)) - raft.server.log.statemachine.data.sync = true (default)
2019-08-28 13:14:32,849 [pool-455-thread-1] INFO  server.RaftServerConfigKeys (ConfUtils.java:logGet(43)) - raft.server.log.statemachine.data.sync.timeout = 10s (default)
2019-08-28 13:14:32,849 [pool-455-thread-1] INFO  server.RaftServerConfigKeys (ConfUtils.java:logGet(43)) - raft.server.log.statemachine.data.sync.timeout.retry = -1 (default)
2019-08-28 13:14:32,849 [pool-455-thread-1] INFO  server.RaftServerConfigKeys (ConfUtils.java:logGet(43)) - raft.server.log.statemachine.data.caching.enabled = true (custom)
2019-08-28 13:14:32,850 [pool-455-thread-1] INFO  segmented.SegmentedRaftLogWorker (SegmentedRaftLogWorker.java:lambda$new$0(132)) - 45e76979-f027-49c0-8770-9a0fdb9d3028-SegmentedRaftLogWorker:Storage Directory /workdir/hadoop-ozone/integration-test/target/test-dir/MiniOzoneClusterImpl-f3eae3db-a82f-4595-954c-af2e0fd8f57a/datanode-4/data/ratis/711134db-60a9-49b8-9694-049d749d81e9: flushIndex: setUnconditionally 0 -> -1
2019-08-28 13:14:32,850 [pool-455-thread-1] INFO  server.RaftServerConfigKeys (ConfUtils.java:logGet(43)) - raft.server.snapshot.auto.trigger.enabled = true (custom)
2019-08-28 13:14:32,850 [pool-455-thread-1] INFO  server.RaftServerConfigKeys (ConfUtils.java:logGet(43)) - raft.server.snapshot.auto.trigger.threshold = 10000 (custom)
2019-08-28 13:14:32,850 [pool-455-thread-1] INFO  server.RaftServerConfigKeys (ConfUtils.java:logGet(43)) - raft.server.retrycache.expirytime = 600000ms (custom)
2019-08-28 13:14:32,850 [pool-455-thread-1] INFO  impl.RaftServerImpl (RaftServerImpl.java:start(180)) - 45e76979-f027-49c0-8770-9a0fdb9d3028: start group-049D749D81E9
2019-08-28 13:14:32,850 [pool-455-thread-1] INFO  impl.RaftServerImpl (RaftServerImpl.java:setRole(171)) - 45e76979-f027-49c0-8770-9a0fdb9d3028:group-049D749D81E9 changes role from null to FOLLOWER at term 0 for startAsFollower
2019-08-28 13:14:32,850 [pool-455-thread-1] INFO  impl.RoleInfo (RoleInfo.java:updateAndGet(143)) - 45e76979-f027-49c0-8770-9a0fdb9d3028: start FollowerState
2019-08-28 13:14:32,851 [pool-455-thread-1] INFO  util.JmxRegister (JmxRegister.java:tryRegister(44)) - Successfully registered JMX Bean with object name Ratis:service=RaftServer,group=group-049D749D81E9,id=45e76979-f027-49c0-8770-9a0fdb9d3028
2019-08-28 13:14:32,853 [RatisPipelineUtilsThread] INFO  pipeline.PipelineStateManager (PipelineStateManager.java:addPipeline(56)) - Created pipeline Pipeline[ Id: 711134db-60a9-49b8-9694-049d749d81e9, Nodes: 45e76979-f027-49c0-8770-9a0fdb9d3028{ip: 192.168.69.80, host: pr-hdds-2030-bfh46-3754461772, networkLocation: /default-rack, certSerialId: null}, Type:RATIS, Factor:ONE, State:OPEN]
2019-08-28 13:14:32,862 [grpc-default-executor-0] INFO  impl.RaftServerProxy (RaftServerProxy.java:addNew(89)) - a9749916-bffa-47e1-9722-b32b9535ac16: addNew group-DF4A8844C579:[a9749916-bffa-47e1-9722-b32b9535ac16:192.168.69.80:41249] returns group-DF4A8844C579:java.util.concurrent.CompletableFuture@f8a4e08[Not completed]
2019-08-28 13:14:32,863 [pool-466-thread-1] INFO  impl.RaftServerImpl (RaftServerImpl.java:<init>(93)) - a9749916-bffa-47e1-9722-b32b9535ac16: new RaftServerImpl for group-DF4A8844C579:[a9749916-bffa-47e1-9722-b32b9535ac16:192.168.69.80:41249] with ContainerStateMachine:uninitialized
2019-08-28 13:14:32,863 [pool-466-thread-1] INFO  server.RaftServerConfigKeys (ConfUtils.java:logGet(43)) - raft.server.rpc.timeout.min = 5s (custom)
2019-08-28 13:14:32,863 [pool-466-thread-1] INFO  server.RaftServerConfigKeys (ConfUtils.java:logGet(43)) - raft.server.rpc.timeout.max = 5200ms (custom)
2019-08-28 13:14:32,863 [pool-466-thread-1] INFO  server.RaftServerConfigKeys (ConfUtils.java:logGet(43)) - raft.server.rpcslowness.timeout = 120s (custom)
2019-08-28 13:14:32,863 [pool-466-thread-1] INFO  server.RaftServerConfigKeys (ConfUtils.java:logGet(43)) - raft.server.sleep.deviation.threshold = 300 (default)
2019-08-28 13:14:32,863 [pool-466-thread-1] INFO  server.RaftServerConfigKeys (ConfUtils.java:logGet(43)) - raft.server.log.appender.install.snapshot.enabled = false (custom)
2019-08-28 13:14:32,863 [pool-466-thread-1] INFO  impl.RaftServerImpl (ServerState.java:<init>(105)) - a9749916-bffa-47e1-9722-b32b9535ac16:group-DF4A8844C579 ConfigurationManager, init=-1: [a9749916-bffa-47e1-9722-b32b9535ac16:192.168.69.80:41249], old=null, confs=<EMPTY_MAP>
2019-08-28 13:14:32,864 [pool-466-thread-1] INFO  server.RaftServerConfigKeys (ConfUtils.java:logGet(43)) - raft.server.storage.dir = [/workdir/hadoop-ozone/integration-test/target/test-dir/MiniOzoneClusterImpl-f3eae3db-a82f-4595-954c-af2e0fd8f57a/datanode-5/data/ratis] (custom)
2019-08-28 13:14:32,864 [pool-466-thread-1] INFO  storage.RaftStorageDirectory (RaftStorageDirectory.java:analyzeStorage(246)) - The storage directory /workdir/hadoop-ozone/integration-test/target/test-dir/MiniOzoneClusterImpl-f3eae3db-a82f-4595-954c-af2e0fd8f57a/datanode-5/data/ratis/a029b4cd-13fc-4525-80a5-df4a8844c579 does not exist. Creating ...
2019-08-28 13:14:32,877 [pool-466-thread-1] INFO  storage.RaftStorageDirectory (RaftStorageDirectory.java:tryLock(328)) - Lock on /workdir/hadoop-ozone/integration-test/target/test-dir/MiniOzoneClusterImpl-f3eae3db-a82f-4595-954c-af2e0fd8f57a/datanode-5/data/ratis/a029b4cd-13fc-4525-80a5-df4a8844c579/in_use.lock acquired by nodename 31531@pr-hdds-2030-bfh46-3754461772
2019-08-28 13:14:32,890 [pool-466-thread-1] INFO  storage.RaftStorage (RaftStorage.java:format(72)) - Storage directory /workdir/hadoop-ozone/integration-test/target/test-dir/MiniOzoneClusterImpl-f3eae3db-a82f-4595-954c-af2e0fd8f57a/datanode-5/data/ratis/a029b4cd-13fc-4525-80a5-df4a8844c579 has been successfully formatted.
2019-08-28 13:14:32,890 [pool-466-thread-1] INFO  ratis.ContainerStateMachine (ContainerStateMachine.java:loadSnapshot(226)) - group-DF4A8844C579: The snapshot info is null. Setting the last applied indexto:(t:0, i:~)
2019-08-28 13:14:32,890 [pool-466-thread-1] INFO  server.RaftServerConfigKeys (ConfUtils.java:logGet(43)) - raft.server.leader.election.timeout = 120s (custom)
2019-08-28 13:14:32,890 [pool-466-thread-1] INFO  server.RaftServerConfigKeys (ConfUtils.java:logGet(43)) - raft.server.log.use.memory = false (default)
2019-08-28 13:14:32,890 [pool-466-thread-1] INFO  server.RaftServerConfigKeys (ConfUtils.java:logGet(43)) - raft.server.log.purge.gap = 1000000 (custom)
2019-08-28 13:14:32,890 [pool-466-thread-1] INFO  server.RaftServerConfigKeys (ConfUtils.java:logGet(43)) - raft.server.log.appender.buffer.byte-limit = 33554432 (custom)
2019-08-28 13:14:32,890 [pool-466-thread-1] INFO  server.RaftServerConfigKeys (ConfUtils.java:logGet(43)) - raft.server.log.segment.size.max = 1048576 (custom)
2019-08-28 13:14:32,890 [pool-466-thread-1] INFO  server.RaftServerConfigKeys (ConfUtils.java:logGet(43)) - raft.server.log.segment.cache.num.max = 2 (custom)
2019-08-28 13:14:32,891 [pool-466-thread-1] INFO  segmented.SegmentedRaftLogWorker (SegmentedRaftLogWorker.java:<init>(172)) - new a9749916-bffa-47e1-9722-b32b9535ac16-SegmentedRaftLogWorker:Storage Directory /workdir/hadoop-ozone/integration-test/target/test-dir/MiniOzoneClusterImpl-f3eae3db-a82f-4595-954c-af2e0fd8f57a/datanode-5/data/ratis/a029b4cd-13fc-4525-80a5-df4a8844c579 for RaftStorage:Storage Directory /workdir/hadoop-ozone/integration-test/target/test-dir/MiniOzoneClusterImpl-f3eae3db-a82f-4595-954c-af2e0fd8f57a/datanode-5/data/ratis/a029b4cd-13fc-4525-80a5-df4a8844c579
2019-08-28 13:14:32,891 [pool-466-thread-1] INFO  server.RaftServerConfigKeys (ConfUtils.java:logGet(43)) - raft.server.log.queue.byte-limit = 2147483647 (custom)
2019-08-28 13:14:32,891 [pool-466-thread-1] INFO  server.RaftServerConfigKeys (ConfUtils.java:logGet(43)) - raft.server.log.queue.element-limit = 1024 (custom)
2019-08-28 13:14:32,891 [pool-466-thread-1] INFO  server.RaftServerConfigKeys (ConfUtils.java:logGet(43)) - raft.server.log.segment.size.max = 1048576 (custom)
2019-08-28 13:14:32,891 [pool-466-thread-1] INFO  server.RaftServerConfigKeys (ConfUtils.java:logGet(43)) - raft.server.log.preallocated.size = 16384 (custom)
2019-08-28 13:14:32,891 [pool-466-thread-1] INFO  server.RaftServerConfigKeys (ConfUtils.java:logGet(43)) - raft.server.log.write.buffer.size = 33554432 (custom)
2019-08-28 13:14:32,891 [pool-466-thread-1] INFO  server.RaftServerConfigKeys (ConfUtils.java:logGet(43)) - raft.server.log.force.sync.num = 128 (default)
2019-08-28 13:14:32,891 [pool-466-thread-1] INFO  server.RaftServerConfigKeys (ConfUtils.java:logGet(43)) - raft.server.log.statemachine.data.sync = true (default)
2019-08-28 13:14:32,892 [pool-466-thread-1] INFO  server.RaftServerConfigKeys (ConfUtils.java:logGet(43)) - raft.server.log.statemachine.data.sync.timeout = 10s (default)
2019-08-28 13:14:32,892 [pool-466-thread-1] INFO  server.RaftServerConfigKeys (ConfUtils.java:logGet(43)) - raft.server.log.statemachine.data.sync.timeout.retry = -1 (default)
2019-08-28 13:14:32,892 [pool-466-thread-1] INFO  server.RaftServerConfigKeys (ConfUtils.java:logGet(43)) - raft.server.log.statemachine.data.caching.enabled = true (custom)
2019-08-28 13:14:32,892 [pool-466-thread-1] INFO  segmented.SegmentedRaftLogWorker (SegmentedRaftLogWorker.java:lambda$new$0(132)) - a9749916-bffa-47e1-9722-b32b9535ac16-SegmentedRaftLogWorker:Storage Directory /workdir/hadoop-ozone/integration-test/target/test-dir/MiniOzoneClusterImpl-f3eae3db-a82f-4595-954c-af2e0fd8f57a/datanode-5/data/ratis/a029b4cd-13fc-4525-80a5-df4a8844c579: flushIndex: setUnconditionally 0 -> -1
2019-08-28 13:14:32,892 [pool-466-thread-1] INFO  server.RaftServerConfigKeys (ConfUtils.java:logGet(43)) - raft.server.snapshot.auto.trigger.enabled = true (custom)
2019-08-28 13:14:32,893 [pool-466-thread-1] INFO  server.RaftServerConfigKeys (ConfUtils.java:logGet(43)) - raft.server.snapshot.auto.trigger.threshold = 10000 (custom)
2019-08-28 13:14:32,893 [pool-466-thread-1] INFO  server.RaftServerConfigKeys (ConfUtils.java:logGet(43)) - raft.server.retrycache.expirytime = 600000ms (custom)
2019-08-28 13:14:32,893 [pool-466-thread-1] INFO  impl.RaftServerImpl (RaftServerImpl.java:start(180)) - a9749916-bffa-47e1-9722-b32b9535ac16: start group-DF4A8844C579
2019-08-28 13:14:32,893 [pool-466-thread-1] INFO  impl.RaftServerImpl (RaftServerImpl.java:setRole(171)) - a9749916-bffa-47e1-9722-b32b9535ac16:group-DF4A8844C579 changes role from null to FOLLOWER at term 0 for startAsFollower
2019-08-28 13:14:32,893 [pool-466-thread-1] INFO  impl.RoleInfo (RoleInfo.java:updateAndGet(143)) - a9749916-bffa-47e1-9722-b32b9535ac16: start FollowerState
2019-08-28 13:14:32,893 [pool-466-thread-1] INFO  util.JmxRegister (JmxRegister.java:tryRegister(44)) - Successfully registered JMX Bean with object name Ratis:service=RaftServer,group=group-DF4A8844C579,id=a9749916-bffa-47e1-9722-b32b9535ac16
2019-08-28 13:14:32,896 [RatisPipelineUtilsThread] INFO  pipeline.PipelineStateManager (PipelineStateManager.java:addPipeline(56)) - Created pipeline Pipeline[ Id: a029b4cd-13fc-4525-80a5-df4a8844c579, Nodes: a9749916-bffa-47e1-9722-b32b9535ac16{ip: 192.168.69.80, host: pr-hdds-2030-bfh46-3754461772, networkLocation: /default-rack, certSerialId: null}, Type:RATIS, Factor:ONE, State:OPEN]
2019-08-28 13:14:32,904 [grpc-default-executor-0] INFO  impl.RaftServerProxy (RaftServerProxy.java:addNew(89)) - 2c13e896-096e-4874-9cbd-af1a318ff0cd: addNew group-6223AF28DC1B:[2c13e896-096e-4874-9cbd-af1a318ff0cd:192.168.69.80:43517] returns group-6223AF28DC1B:java.util.concurrent.CompletableFuture@2aad3d9e[Not completed]
2019-08-28 13:14:32,905 [pool-444-thread-1] INFO  impl.RaftServerImpl (RaftServerImpl.java:<init>(93)) - 2c13e896-096e-4874-9cbd-af1a318ff0cd: new RaftServerImpl for group-6223AF28DC1B:[2c13e896-096e-4874-9cbd-af1a318ff0cd:192.168.69.80:43517] with ContainerStateMachine:uninitialized
2019-08-28 13:14:32,906 [pool-444-thread-1] INFO  server.RaftServerConfigKeys (ConfUtils.java:logGet(43)) - raft.server.rpc.timeout.min = 5s (custom)
2019-08-28 13:14:32,906 [pool-444-thread-1] INFO  server.RaftServerConfigKeys (ConfUtils.java:logGet(43)) - raft.server.rpc.timeout.max = 5200ms (custom)
2019-08-28 13:14:32,906 [pool-444-thread-1] INFO  server.RaftServerConfigKeys (ConfUtils.java:logGet(43)) - raft.server.rpcslowness.timeout = 120s (custom)
2019-08-28 13:14:32,906 [pool-444-thread-1] INFO  server.RaftServerConfigKeys (ConfUtils.java:logGet(43)) - raft.server.sleep.deviation.threshold = 300 (default)
2019-08-28 13:14:32,906 [pool-444-thread-1] INFO  server.RaftServerConfigKeys (ConfUtils.java:logGet(43)) - raft.server.log.appender.install.snapshot.enabled = false (custom)
2019-08-28 13:14:32,907 [pool-444-thread-1] INFO  impl.RaftServerImpl (ServerState.java:<init>(105)) - 2c13e896-096e-4874-9cbd-af1a318ff0cd:group-6223AF28DC1B ConfigurationManager, init=-1: [2c13e896-096e-4874-9cbd-af1a318ff0cd:192.168.69.80:43517], old=null, confs=<EMPTY_MAP>
2019-08-28 13:14:32,907 [pool-444-thread-1] INFO  server.RaftServerConfigKeys (ConfUtils.java:logGet(43)) - raft.server.storage.dir = [/workdir/hadoop-ozone/integration-test/target/test-dir/MiniOzoneClusterImpl-f3eae3db-a82f-4595-954c-af2e0fd8f57a/datanode-3/data/ratis] (custom)
2019-08-28 13:14:32,907 [pool-444-thread-1] INFO  storage.RaftStorageDirectory (RaftStorageDirectory.java:analyzeStorage(246)) - The storage directory /workdir/hadoop-ozone/integration-test/target/test-dir/MiniOzoneClusterImpl-f3eae3db-a82f-4595-954c-af2e0fd8f57a/datanode-3/data/ratis/dc93e71c-5df5-4254-831e-6223af28dc1b does not exist. Creating ...
2019-08-28 13:14:32,921 [pool-444-thread-1] INFO  storage.RaftStorageDirectory (RaftStorageDirectory.java:tryLock(328)) - Lock on /workdir/hadoop-ozone/integration-test/target/test-dir/MiniOzoneClusterImpl-f3eae3db-a82f-4595-954c-af2e0fd8f57a/datanode-3/data/ratis/dc93e71c-5df5-4254-831e-6223af28dc1b/in_use.lock acquired by nodename 31531@pr-hdds-2030-bfh46-3754461772
2019-08-28 13:14:32,945 [pool-444-thread-1] INFO  storage.RaftStorage (RaftStorage.java:format(72)) - Storage directory /workdir/hadoop-ozone/integration-test/target/test-dir/MiniOzoneClusterImpl-f3eae3db-a82f-4595-954c-af2e0fd8f57a/datanode-3/data/ratis/dc93e71c-5df5-4254-831e-6223af28dc1b has been successfully formatted.
2019-08-28 13:14:32,945 [pool-444-thread-1] INFO  ratis.ContainerStateMachine (ContainerStateMachine.java:loadSnapshot(226)) - group-6223AF28DC1B: The snapshot info is null. Setting the last applied indexto:(t:0, i:~)
2019-08-28 13:14:32,945 [pool-444-thread-1] INFO  server.RaftServerConfigKeys (ConfUtils.java:logGet(43)) - raft.server.leader.election.timeout = 120s (custom)
2019-08-28 13:14:32,946 [pool-444-thread-1] INFO  server.RaftServerConfigKeys (ConfUtils.java:logGet(43)) - raft.server.log.use.memory = false (default)
2019-08-28 13:14:32,946 [pool-444-thread-1] INFO  server.RaftServerConfigKeys (ConfUtils.java:logGet(43)) - raft.server.log.purge.gap = 1000000 (custom)
2019-08-28 13:14:32,946 [pool-444-thread-1] INFO  server.RaftServerConfigKeys (ConfUtils.java:logGet(43)) - raft.server.log.appender.buffer.byte-limit = 33554432 (custom)
2019-08-28 13:14:32,946 [pool-444-thread-1] INFO  server.RaftServerConfigKeys (ConfUtils.java:logGet(43)) - raft.server.log.segment.size.max = 1048576 (custom)
2019-08-28 13:14:32,946 [pool-444-thread-1] INFO  server.RaftServerConfigKeys (ConfUtils.java:logGet(43)) - raft.server.log.segment.cache.num.max = 2 (custom)
2019-08-28 13:14:32,946 [pool-444-thread-1] INFO  segmented.SegmentedRaftLogWorker (SegmentedRaftLogWorker.java:<init>(172)) - new 2c13e896-096e-4874-9cbd-af1a318ff0cd-SegmentedRaftLogWorker:Storage Directory /workdir/hadoop-ozone/integration-test/target/test-dir/MiniOzoneClusterImpl-f3eae3db-a82f-4595-954c-af2e0fd8f57a/datanode-3/data/ratis/dc93e71c-5df5-4254-831e-6223af28dc1b for RaftStorage:Storage Directory /workdir/hadoop-ozone/integration-test/target/test-dir/MiniOzoneClusterImpl-f3eae3db-a82f-4595-954c-af2e0fd8f57a/datanode-3/data/ratis/dc93e71c-5df5-4254-831e-6223af28dc1b
2019-08-28 13:14:32,946 [pool-444-thread-1] INFO  server.RaftServerConfigKeys (ConfUtils.java:logGet(43)) - raft.server.log.queue.byte-limit = 2147483647 (custom)
2019-08-28 13:14:32,946 [pool-444-thread-1] INFO  server.RaftServerConfigKeys (ConfUtils.java:logGet(43)) - raft.server.log.queue.element-limit = 1024 (custom)
2019-08-28 13:14:32,947 [pool-444-thread-1] INFO  server.RaftServerConfigKeys (ConfUtils.java:logGet(43)) - raft.server.log.segment.size.max = 1048576 (custom)
2019-08-28 13:14:32,947 [pool-444-thread-1] INFO  server.RaftServerConfigKeys (ConfUtils.java:logGet(43)) - raft.server.log.preallocated.size = 16384 (custom)
2019-08-28 13:14:32,947 [pool-444-thread-1] INFO  server.RaftServerConfigKeys (ConfUtils.java:logGet(43)) - raft.server.log.write.buffer.size = 33554432 (custom)
2019-08-28 13:14:32,947 [pool-444-thread-1] INFO  server.RaftServerConfigKeys (ConfUtils.java:logGet(43)) - raft.server.log.force.sync.num = 128 (default)
2019-08-28 13:14:32,947 [pool-444-thread-1] INFO  server.RaftServerConfigKeys (ConfUtils.java:logGet(43)) - raft.server.log.statemachine.data.sync = true (default)
2019-08-28 13:14:32,948 [pool-444-thread-1] INFO  server.RaftServerConfigKeys (ConfUtils.java:logGet(43)) - raft.server.log.statemachine.data.sync.timeout = 10s (default)
2019-08-28 13:14:32,948 [pool-444-thread-1] INFO  server.RaftServerConfigKeys (ConfUtils.java:logGet(43)) - raft.server.log.statemachine.data.sync.timeout.retry = -1 (default)
2019-08-28 13:14:32,948 [pool-444-thread-1] INFO  server.RaftServerConfigKeys (ConfUtils.java:logGet(43)) - raft.server.log.statemachine.data.caching.enabled = true (custom)
2019-08-28 13:14:32,948 [pool-444-thread-1] INFO  segmented.SegmentedRaftLogWorker (SegmentedRaftLogWorker.java:lambda$new$0(132)) - 2c13e896-096e-4874-9cbd-af1a318ff0cd-SegmentedRaftLogWorker:Storage Directory /workdir/hadoop-ozone/integration-test/target/test-dir/MiniOzoneClusterImpl-f3eae3db-a82f-4595-954c-af2e0fd8f57a/datanode-3/data/ratis/dc93e71c-5df5-4254-831e-6223af28dc1b: flushIndex: setUnconditionally 0 -> -1
2019-08-28 13:14:32,949 [pool-444-thread-1] INFO  server.RaftServerConfigKeys (ConfUtils.java:logGet(43)) - raft.server.snapshot.auto.trigger.enabled = true (custom)
2019-08-28 13:14:32,949 [pool-444-thread-1] INFO  server.RaftServerConfigKeys (ConfUtils.java:logGet(43)) - raft.server.snapshot.auto.trigger.threshold = 10000 (custom)
2019-08-28 13:14:32,949 [pool-444-thread-1] INFO  server.RaftServerConfigKeys (ConfUtils.java:logGet(43)) - raft.server.retrycache.expirytime = 600000ms (custom)
2019-08-28 13:14:32,949 [pool-444-thread-1] INFO  impl.RaftServerImpl (RaftServerImpl.java:start(180)) - 2c13e896-096e-4874-9cbd-af1a318ff0cd: start group-6223AF28DC1B
2019-08-28 13:14:32,949 [pool-444-thread-1] INFO  impl.RaftServerImpl (RaftServerImpl.java:setRole(171)) - 2c13e896-096e-4874-9cbd-af1a318ff0cd:group-6223AF28DC1B changes role from null to FOLLOWER at term 0 for startAsFollower
2019-08-28 13:14:32,949 [pool-444-thread-1] INFO  impl.RoleInfo (RoleInfo.java:updateAndGet(143)) - 2c13e896-096e-4874-9cbd-af1a318ff0cd: start FollowerState
2019-08-28 13:14:32,950 [pool-444-thread-1] INFO  util.JmxRegister (JmxRegister.java:tryRegister(44)) - Successfully registered JMX Bean with object name Ratis:service=RaftServer,group=group-6223AF28DC1B,id=2c13e896-096e-4874-9cbd-af1a318ff0cd
2019-08-28 13:14:32,953 [RatisPipelineUtilsThread] INFO  pipeline.PipelineStateManager (PipelineStateManager.java:addPipeline(56)) - Created pipeline Pipeline[ Id: dc93e71c-5df5-4254-831e-6223af28dc1b, Nodes: 2c13e896-096e-4874-9cbd-af1a318ff0cd{ip: 192.168.69.80, host: pr-hdds-2030-bfh46-3754461772, networkLocation: /default-rack, certSerialId: null}, Type:RATIS, Factor:ONE, State:OPEN]
2019-08-28 13:14:32,964 [grpc-default-executor-10] INFO  impl.RaftServerProxy (RaftServerProxy.java:addNew(89)) - 45e76979-f027-49c0-8770-9a0fdb9d3028: addNew group-015F82A74CE0:[2c13e896-096e-4874-9cbd-af1a318ff0cd:192.168.69.80:43517, a9749916-bffa-47e1-9722-b32b9535ac16:192.168.69.80:41249, 45e76979-f027-49c0-8770-9a0fdb9d3028:192.168.69.80:44827] returns group-015F82A74CE0:java.util.concurrent.CompletableFuture@2e53639[Not completed]
2019-08-28 13:14:32,964 [grpc-default-executor-0] INFO  impl.RaftServerProxy (RaftServerProxy.java:addNew(89)) - 2c13e896-096e-4874-9cbd-af1a318ff0cd: addNew group-015F82A74CE0:[2c13e896-096e-4874-9cbd-af1a318ff0cd:192.168.69.80:43517, a9749916-bffa-47e1-9722-b32b9535ac16:192.168.69.80:41249, 45e76979-f027-49c0-8770-9a0fdb9d3028:192.168.69.80:44827] returns group-015F82A74CE0:java.util.concurrent.CompletableFuture@3fa1bd4[Not completed]
2019-08-28 13:14:32,964 [grpc-default-executor-9] INFO  impl.RaftServerProxy (RaftServerProxy.java:addNew(89)) - a9749916-bffa-47e1-9722-b32b9535ac16: addNew group-015F82A74CE0:[2c13e896-096e-4874-9cbd-af1a318ff0cd:192.168.69.80:43517, a9749916-bffa-47e1-9722-b32b9535ac16:192.168.69.80:41249, 45e76979-f027-49c0-8770-9a0fdb9d3028:192.168.69.80:44827] returns group-015F82A74CE0:java.util.concurrent.CompletableFuture@611a836f[Not completed]
2019-08-28 13:14:32,966 [pool-455-thread-1] INFO  impl.RaftServerImpl (RaftServerImpl.java:<init>(93)) - 45e76979-f027-49c0-8770-9a0fdb9d3028: new RaftServerImpl for group-015F82A74CE0:[2c13e896-096e-4874-9cbd-af1a318ff0cd:192.168.69.80:43517, a9749916-bffa-47e1-9722-b32b9535ac16:192.168.69.80:41249, 45e76979-f027-49c0-8770-9a0fdb9d3028:192.168.69.80:44827] with ContainerStateMachine:uninitialized
2019-08-28 13:14:32,966 [pool-455-thread-1] INFO  server.RaftServerConfigKeys (ConfUtils.java:logGet(43)) - raft.server.rpc.timeout.min = 5s (custom)
2019-08-28 13:14:32,966 [pool-455-thread-1] INFO  server.RaftServerConfigKeys (ConfUtils.java:logGet(43)) - raft.server.rpc.timeout.max = 5200ms (custom)
2019-08-28 13:14:32,966 [pool-466-thread-1] INFO  impl.RaftServerImpl (RaftServerImpl.java:<init>(93)) - a9749916-bffa-47e1-9722-b32b9535ac16: new RaftServerImpl for group-015F82A74CE0:[2c13e896-096e-4874-9cbd-af1a318ff0cd:192.168.69.80:43517, a9749916-bffa-47e1-9722-b32b9535ac16:192.168.69.80:41249, 45e76979-f027-49c0-8770-9a0fdb9d3028:192.168.69.80:44827] with ContainerStateMachine:uninitialized
2019-08-28 13:14:32,966 [pool-455-thread-1] INFO  server.RaftServerConfigKeys (ConfUtils.java:logGet(43)) - raft.server.rpcslowness.timeout = 120s (custom)
2019-08-28 13:14:32,966 [pool-466-thread-1] INFO  server.RaftServerConfigKeys (ConfUtils.java:logGet(43)) - raft.server.rpc.timeout.min = 5s (custom)
2019-08-28 13:14:32,967 [pool-455-thread-1] INFO  server.RaftServerConfigKeys (ConfUtils.java:logGet(43)) - raft.server.sleep.deviation.threshold = 300 (default)
2019-08-28 13:14:32,967 [pool-444-thread-1] INFO  impl.RaftServerImpl (RaftServerImpl.java:<init>(93)) - 2c13e896-096e-4874-9cbd-af1a318ff0cd: new RaftServerImpl for group-015F82A74CE0:[2c13e896-096e-4874-9cbd-af1a318ff0cd:192.168.69.80:43517, a9749916-bffa-47e1-9722-b32b9535ac16:192.168.69.80:41249, 45e76979-f027-49c0-8770-9a0fdb9d3028:192.168.69.80:44827] with ContainerStateMachine:uninitialized
2019-08-28 13:14:32,967 [pool-466-thread-1] INFO  server.RaftServerConfigKeys (ConfUtils.java:logGet(43)) - raft.server.rpc.timeout.max = 5200ms (custom)
2019-08-28 13:14:32,967 [pool-444-thread-1] INFO  server.RaftServerConfigKeys (ConfUtils.java:logGet(43)) - raft.server.rpc.timeout.min = 5s (custom)
2019-08-28 13:14:32,967 [pool-455-thread-1] INFO  server.RaftServerConfigKeys (ConfUtils.java:logGet(43)) - raft.server.log.appender.install.snapshot.enabled = false (custom)
2019-08-28 13:14:32,967 [pool-444-thread-1] INFO  server.RaftServerConfigKeys (ConfUtils.java:logGet(43)) - raft.server.rpc.timeout.max = 5200ms (custom)
2019-08-28 13:14:32,968 [pool-444-thread-1] INFO  server.RaftServerConfigKeys (ConfUtils.java:logGet(43)) - raft.server.rpcslowness.timeout = 120s (custom)
2019-08-28 13:14:32,967 [pool-466-thread-1] INFO  server.RaftServerConfigKeys (ConfUtils.java:logGet(43)) - raft.server.rpcslowness.timeout = 120s (custom)
2019-08-28 13:14:32,968 [pool-444-thread-1] INFO  server.RaftServerConfigKeys (ConfUtils.java:logGet(43)) - raft.server.sleep.deviation.threshold = 300 (default)
2019-08-28 13:14:32,968 [pool-455-thread-1] INFO  impl.RaftServerImpl (ServerState.java:<init>(105)) - 45e76979-f027-49c0-8770-9a0fdb9d3028:group-015F82A74CE0 ConfigurationManager, init=-1: [2c13e896-096e-4874-9cbd-af1a318ff0cd:192.168.69.80:43517, a9749916-bffa-47e1-9722-b32b9535ac16:192.168.69.80:41249, 45e76979-f027-49c0-8770-9a0fdb9d3028:192.168.69.80:44827], old=null, confs=<EMPTY_MAP>
2019-08-28 13:14:32,968 [pool-444-thread-1] INFO  server.RaftServerConfigKeys (ConfUtils.java:logGet(43)) - raft.server.log.appender.install.snapshot.enabled = false (custom)
2019-08-28 13:14:32,968 [pool-455-thread-1] INFO  server.RaftServerConfigKeys (ConfUtils.java:logGet(43)) - raft.server.storage.dir = [/workdir/hadoop-ozone/integration-test/target/test-dir/MiniOzoneClusterImpl-f3eae3db-a82f-4595-954c-af2e0fd8f57a/datanode-4/data/ratis] (custom)
2019-08-28 13:14:32,968 [pool-466-thread-1] INFO  server.RaftServerConfigKeys (ConfUtils.java:logGet(43)) - raft.server.sleep.deviation.threshold = 300 (default)
2019-08-28 13:14:32,968 [pool-444-thread-1] INFO  impl.RaftServerImpl (ServerState.java:<init>(105)) - 2c13e896-096e-4874-9cbd-af1a318ff0cd:group-015F82A74CE0 ConfigurationManager, init=-1: [2c13e896-096e-4874-9cbd-af1a318ff0cd:192.168.69.80:43517, a9749916-bffa-47e1-9722-b32b9535ac16:192.168.69.80:41249, 45e76979-f027-49c0-8770-9a0fdb9d3028:192.168.69.80:44827], old=null, confs=<EMPTY_MAP>
2019-08-28 13:14:32,969 [pool-466-thread-1] INFO  server.RaftServerConfigKeys (ConfUtils.java:logGet(43)) - raft.server.log.appender.install.snapshot.enabled = false (custom)
2019-08-28 13:14:32,969 [pool-444-thread-1] INFO  server.RaftServerConfigKeys (ConfUtils.java:logGet(43)) - raft.server.storage.dir = [/workdir/hadoop-ozone/integration-test/target/test-dir/MiniOzoneClusterImpl-f3eae3db-a82f-4595-954c-af2e0fd8f57a/datanode-3/data/ratis] (custom)
2019-08-28 13:14:32,969 [pool-455-thread-1] INFO  storage.RaftStorageDirectory (RaftStorageDirectory.java:analyzeStorage(246)) - The storage directory /workdir/hadoop-ozone/integration-test/target/test-dir/MiniOzoneClusterImpl-f3eae3db-a82f-4595-954c-af2e0fd8f57a/datanode-4/data/ratis/f0a45190-58c8-4afe-80d7-015f82a74ce0 does not exist. Creating ...
2019-08-28 13:14:32,969 [pool-466-thread-1] INFO  impl.RaftServerImpl (ServerState.java:<init>(105)) - a9749916-bffa-47e1-9722-b32b9535ac16:group-015F82A74CE0 ConfigurationManager, init=-1: [2c13e896-096e-4874-9cbd-af1a318ff0cd:192.168.69.80:43517, a9749916-bffa-47e1-9722-b32b9535ac16:192.168.69.80:41249, 45e76979-f027-49c0-8770-9a0fdb9d3028:192.168.69.80:44827], old=null, confs=<EMPTY_MAP>
2019-08-28 13:14:32,969 [pool-444-thread-1] INFO  storage.RaftStorageDirectory (RaftStorageDirectory.java:analyzeStorage(246)) - The storage directory /workdir/hadoop-ozone/integration-test/target/test-dir/MiniOzoneClusterImpl-f3eae3db-a82f-4595-954c-af2e0fd8f57a/datanode-3/data/ratis/f0a45190-58c8-4afe-80d7-015f82a74ce0 does not exist. Creating ...
2019-08-28 13:14:32,969 [pool-466-thread-1] INFO  server.RaftServerConfigKeys (ConfUtils.java:logGet(43)) - raft.server.storage.dir = [/workdir/hadoop-ozone/integration-test/target/test-dir/MiniOzoneClusterImpl-f3eae3db-a82f-4595-954c-af2e0fd8f57a/datanode-5/data/ratis] (custom)
2019-08-28 13:14:32,970 [pool-466-thread-1] INFO  storage.RaftStorageDirectory (RaftStorageDirectory.java:analyzeStorage(246)) - The storage directory /workdir/hadoop-ozone/integration-test/target/test-dir/MiniOzoneClusterImpl-f3eae3db-a82f-4595-954c-af2e0fd8f57a/datanode-5/data/ratis/f0a45190-58c8-4afe-80d7-015f82a74ce0 does not exist. Creating ...
2019-08-28 13:14:32,982 [pool-444-thread-1] INFO  storage.RaftStorageDirectory (RaftStorageDirectory.java:tryLock(328)) - Lock on /workdir/hadoop-ozone/integration-test/target/test-dir/MiniOzoneClusterImpl-f3eae3db-a82f-4595-954c-af2e0fd8f57a/datanode-3/data/ratis/f0a45190-58c8-4afe-80d7-015f82a74ce0/in_use.lock acquired by nodename 31531@pr-hdds-2030-bfh46-3754461772
2019-08-28 13:14:32,982 [pool-466-thread-1] INFO  storage.RaftStorageDirectory (RaftStorageDirectory.java:tryLock(328)) - Lock on /workdir/hadoop-ozone/integration-test/target/test-dir/MiniOzoneClusterImpl-f3eae3db-a82f-4595-954c-af2e0fd8f57a/datanode-5/data/ratis/f0a45190-58c8-4afe-80d7-015f82a74ce0/in_use.lock acquired by nodename 31531@pr-hdds-2030-bfh46-3754461772
2019-08-28 13:14:32,982 [pool-455-thread-1] INFO  storage.RaftStorageDirectory (RaftStorageDirectory.java:tryLock(328)) - Lock on /workdir/hadoop-ozone/integration-test/target/test-dir/MiniOzoneClusterImpl-f3eae3db-a82f-4595-954c-af2e0fd8f57a/datanode-4/data/ratis/f0a45190-58c8-4afe-80d7-015f82a74ce0/in_use.lock acquired by nodename 31531@pr-hdds-2030-bfh46-3754461772
2019-08-28 13:14:33,001 [pool-444-thread-1] INFO  storage.RaftStorage (RaftStorage.java:format(72)) - Storage directory /workdir/hadoop-ozone/integration-test/target/test-dir/MiniOzoneClusterImpl-f3eae3db-a82f-4595-954c-af2e0fd8f57a/datanode-3/data/ratis/f0a45190-58c8-4afe-80d7-015f82a74ce0 has been successfully formatted.
2019-08-28 13:14:33,001 [pool-455-thread-1] INFO  storage.RaftStorage (RaftStorage.java:format(72)) - Storage directory /workdir/hadoop-ozone/integration-test/target/test-dir/MiniOzoneClusterImpl-f3eae3db-a82f-4595-954c-af2e0fd8f57a/datanode-4/data/ratis/f0a45190-58c8-4afe-80d7-015f82a74ce0 has been successfully formatted.
2019-08-28 13:14:33,001 [pool-466-thread-1] INFO  storage.RaftStorage (RaftStorage.java:format(72)) - Storage directory /workdir/hadoop-ozone/integration-test/target/test-dir/MiniOzoneClusterImpl-f3eae3db-a82f-4595-954c-af2e0fd8f57a/datanode-5/data/ratis/f0a45190-58c8-4afe-80d7-015f82a74ce0 has been successfully formatted.
2019-08-28 13:14:33,002 [pool-455-thread-1] INFO  ratis.ContainerStateMachine (ContainerStateMachine.java:loadSnapshot(226)) - group-015F82A74CE0: The snapshot info is null. Setting the last applied indexto:(t:0, i:~)
2019-08-28 13:14:33,002 [pool-444-thread-1] INFO  ratis.ContainerStateMachine (ContainerStateMachine.java:loadSnapshot(226)) - group-015F82A74CE0: The snapshot info is null. Setting the last applied indexto:(t:0, i:~)
2019-08-28 13:14:33,002 [pool-466-thread-1] INFO  ratis.ContainerStateMachine (ContainerStateMachine.java:loadSnapshot(226)) - group-015F82A74CE0: The snapshot info is null. Setting the last applied indexto:(t:0, i:~)
2019-08-28 13:14:33,002 [pool-455-thread-1] INFO  server.RaftServerConfigKeys (ConfUtils.java:logGet(43)) - raft.server.leader.election.timeout = 120s (custom)
2019-08-28 13:14:33,002 [pool-466-thread-1] INFO  server.RaftServerConfigKeys (ConfUtils.java:logGet(43)) - raft.server.leader.election.timeout = 120s (custom)
2019-08-28 13:14:33,002 [pool-444-thread-1] INFO  server.RaftServerConfigKeys (ConfUtils.java:logGet(43)) - raft.server.leader.election.timeout = 120s (custom)
2019-08-28 13:14:33,003 [pool-466-thread-1] INFO  server.RaftServerConfigKeys (ConfUtils.java:logGet(43)) - raft.server.log.use.memory = false (default)
2019-08-28 13:14:33,003 [pool-455-thread-1] INFO  server.RaftServerConfigKeys (ConfUtils.java:logGet(43)) - raft.server.log.use.memory = false (default)
2019-08-28 13:14:33,003 [pool-466-thread-1] INFO  server.RaftServerConfigKeys (ConfUtils.java:logGet(43)) - raft.server.log.purge.gap = 1000000 (custom)
2019-08-28 13:14:33,003 [pool-444-thread-1] INFO  server.RaftServerConfigKeys (ConfUtils.java:logGet(43)) - raft.server.log.use.memory = false (default)
2019-08-28 13:14:33,003 [pool-466-thread-1] INFO  server.RaftServerConfigKeys (ConfUtils.java:logGet(43)) - raft.server.log.appender.buffer.byte-limit = 33554432 (custom)
2019-08-28 13:14:33,003 [pool-455-thread-1] INFO  server.RaftServerConfigKeys (ConfUtils.java:logGet(43)) - raft.server.log.purge.gap = 1000000 (custom)
2019-08-28 13:14:33,004 [pool-466-thread-1] INFO  server.RaftServerConfigKeys (ConfUtils.java:logGet(43)) - raft.server.log.segment.size.max = 1048576 (custom)
2019-08-28 13:14:33,003 [pool-444-thread-1] INFO  server.RaftServerConfigKeys (ConfUtils.java:logGet(43)) - raft.server.log.purge.gap = 1000000 (custom)
2019-08-28 13:14:33,004 [pool-466-thread-1] INFO  server.RaftServerConfigKeys (ConfUtils.java:logGet(43)) - raft.server.log.segment.cache.num.max = 2 (custom)
2019-08-28 13:14:33,004 [pool-455-thread-1] INFO  server.RaftServerConfigKeys (ConfUtils.java:logGet(43)) - raft.server.log.appender.buffer.byte-limit = 33554432 (custom)
2019-08-28 13:14:33,004 [pool-466-thread-1] INFO  segmented.SegmentedRaftLogWorker (SegmentedRaftLogWorker.java:<init>(172)) - new a9749916-bffa-47e1-9722-b32b9535ac16-SegmentedRaftLogWorker:Storage Directory /workdir/hadoop-ozone/integration-test/target/test-dir/MiniOzoneClusterImpl-f3eae3db-a82f-4595-954c-af2e0fd8f57a/datanode-5/data/ratis/f0a45190-58c8-4afe-80d7-015f82a74ce0 for RaftStorage:Storage Directory /workdir/hadoop-ozone/integration-test/target/test-dir/MiniOzoneClusterImpl-f3eae3db-a82f-4595-954c-af2e0fd8f57a/datanode-5/data/ratis/f0a45190-58c8-4afe-80d7-015f82a74ce0
2019-08-28 13:14:33,004 [pool-444-thread-1] INFO  server.RaftServerConfigKeys (ConfUtils.java:logGet(43)) - raft.server.log.appender.buffer.byte-limit = 33554432 (custom)
2019-08-28 13:14:33,005 [pool-466-thread-1] INFO  server.RaftServerConfigKeys (ConfUtils.java:logGet(43)) - raft.server.log.queue.byte-limit = 2147483647 (custom)
2019-08-28 13:14:33,004 [pool-455-thread-1] INFO  server.RaftServerConfigKeys (ConfUtils.java:logGet(43)) - raft.server.log.segment.size.max = 1048576 (custom)
2019-08-28 13:14:33,005 [pool-466-thread-1] INFO  server.RaftServerConfigKeys (ConfUtils.java:logGet(43)) - raft.server.log.queue.element-limit = 1024 (custom)
2019-08-28 13:14:33,005 [pool-444-thread-1] INFO  server.RaftServerConfigKeys (ConfUtils.java:logGet(43)) - raft.server.log.segment.size.max = 1048576 (custom)
2019-08-28 13:14:33,005 [pool-466-thread-1] INFO  server.RaftServerConfigKeys (ConfUtils.java:logGet(43)) - raft.server.log.segment.size.max = 1048576 (custom)
2019-08-28 13:14:33,005 [pool-455-thread-1] INFO  server.RaftServerConfigKeys (ConfUtils.java:logGet(43)) - raft.server.log.segment.cache.num.max = 2 (custom)
2019-08-28 13:14:33,006 [pool-466-thread-1] INFO  server.RaftServerConfigKeys (ConfUtils.java:logGet(43)) - raft.server.log.preallocated.size = 16384 (custom)
2019-08-28 13:14:33,005 [pool-444-thread-1] INFO  server.RaftServerConfigKeys (ConfUtils.java:logGet(43)) - raft.server.log.segment.cache.num.max = 2 (custom)
2019-08-28 13:14:33,006 [pool-466-thread-1] INFO  server.RaftServerConfigKeys (ConfUtils.java:logGet(43)) - raft.server.log.write.buffer.size = 33554432 (custom)
2019-08-28 13:14:33,006 [pool-466-thread-1] INFO  server.RaftServerConfigKeys (ConfUtils.java:logGet(43)) - raft.server.log.force.sync.num = 128 (default)
2019-08-28 13:14:33,006 [pool-455-thread-1] INFO  segmented.SegmentedRaftLogWorker (SegmentedRaftLogWorker.java:<init>(172)) - new 45e76979-f027-49c0-8770-9a0fdb9d3028-SegmentedRaftLogWorker:Storage Directory /workdir/hadoop-ozone/integration-test/target/test-dir/MiniOzoneClusterImpl-f3eae3db-a82f-4595-954c-af2e0fd8f57a/datanode-4/data/ratis/f0a45190-58c8-4afe-80d7-015f82a74ce0 for RaftStorage:Storage Directory /workdir/hadoop-ozone/integration-test/target/test-dir/MiniOzoneClusterImpl-f3eae3db-a82f-4595-954c-af2e0fd8f57a/datanode-4/data/ratis/f0a45190-58c8-4afe-80d7-015f82a74ce0
2019-08-28 13:14:33,006 [pool-466-thread-1] INFO  server.RaftServerConfigKeys (ConfUtils.java:logGet(43)) - raft.server.log.statemachine.data.sync = true (default)
2019-08-28 13:14:33,006 [pool-444-thread-1] INFO  segmented.SegmentedRaftLogWorker (SegmentedRaftLogWorker.java:<init>(172)) - new 2c13e896-096e-4874-9cbd-af1a318ff0cd-SegmentedRaftLogWorker:Storage Directory /workdir/hadoop-ozone/integration-test/target/test-dir/MiniOzoneClusterImpl-f3eae3db-a82f-4595-954c-af2e0fd8f57a/datanode-3/data/ratis/f0a45190-58c8-4afe-80d7-015f82a74ce0 for RaftStorage:Storage Directory /workdir/hadoop-ozone/integration-test/target/test-dir/MiniOzoneClusterImpl-f3eae3db-a82f-4595-954c-af2e0fd8f57a/datanode-3/data/ratis/f0a45190-58c8-4afe-80d7-015f82a74ce0
2019-08-28 13:14:33,007 [pool-466-thread-1] INFO  server.RaftServerConfigKeys (ConfUtils.java:logGet(43)) - raft.server.log.statemachine.data.sync.timeout = 10s (default)
2019-08-28 13:14:33,007 [pool-455-thread-1] INFO  server.RaftServerConfigKeys (ConfUtils.java:logGet(43)) - raft.server.log.queue.byte-limit = 2147483647 (custom)
2019-08-28 13:14:33,007 [pool-466-thread-1] INFO  server.RaftServerConfigKeys (ConfUtils.java:logGet(43)) - raft.server.log.statemachine.data.sync.timeout.retry = -1 (default)
2019-08-28 13:14:33,007 [pool-444-thread-1] INFO  server.RaftServerConfigKeys (ConfUtils.java:logGet(43)) - raft.server.log.queue.byte-limit = 2147483647 (custom)
2019-08-28 13:14:33,007 [pool-466-thread-1] INFO  server.RaftServerConfigKeys (ConfUtils.java:logGet(43)) - raft.server.log.statemachine.data.caching.enabled = true (custom)
2019-08-28 13:14:33,007 [pool-455-thread-1] INFO  server.RaftServerConfigKeys (ConfUtils.java:logGet(43)) - raft.server.log.queue.element-limit = 1024 (custom)
2019-08-28 13:14:33,007 [pool-444-thread-1] INFO  server.RaftServerConfigKeys (ConfUtils.java:logGet(43)) - raft.server.log.queue.element-limit = 1024 (custom)
2019-08-28 13:14:33,008 [pool-455-thread-1] INFO  server.RaftServerConfigKeys (ConfUtils.java:logGet(43)) - raft.server.log.segment.size.max = 1048576 (custom)
2019-08-28 13:14:33,008 [pool-466-thread-1] INFO  segmented.SegmentedRaftLogWorker (SegmentedRaftLogWorker.java:lambda$new$0(132)) - a9749916-bffa-47e1-9722-b32b9535ac16-SegmentedRaftLogWorker:Storage Directory /workdir/hadoop-ozone/integration-test/target/test-dir/MiniOzoneClusterImpl-f3eae3db-a82f-4595-954c-af2e0fd8f57a/datanode-5/data/ratis/f0a45190-58c8-4afe-80d7-015f82a74ce0: flushIndex: setUnconditionally 0 -> -1
2019-08-28 13:14:33,008 [pool-455-thread-1] INFO  server.RaftServerConfigKeys (ConfUtils.java:logGet(43)) - raft.server.log.preallocated.size = 16384 (custom)
2019-08-28 13:14:33,008 [pool-444-thread-1] INFO  server.RaftServerConfigKeys (ConfUtils.java:logGet(43)) - raft.server.log.segment.size.max = 1048576 (custom)
2019-08-28 13:14:33,008 [pool-466-thread-1] INFO  server.RaftServerConfigKeys (ConfUtils.java:logGet(43)) - raft.server.snapshot.auto.trigger.enabled = true (custom)
2019-08-28 13:14:33,008 [pool-455-thread-1] INFO  server.RaftServerConfigKeys (ConfUtils.java:logGet(43)) - raft.server.log.write.buffer.size = 33554432 (custom)
2019-08-28 13:14:33,009 [pool-466-thread-1] INFO  server.RaftServerConfigKeys (ConfUtils.java:logGet(43)) - raft.server.snapshot.auto.trigger.threshold = 10000 (custom)
2019-08-28 13:14:33,008 [pool-444-thread-1] INFO  server.RaftServerConfigKeys (ConfUtils.java:logGet(43)) - raft.server.log.preallocated.size = 16384 (custom)
2019-08-28 13:14:33,009 [pool-466-thread-1] INFO  server.RaftServerConfigKeys (ConfUtils.java:logGet(43)) - raft.server.retrycache.expirytime = 600000ms (custom)
2019-08-28 13:14:33,009 [pool-455-thread-1] INFO  server.RaftServerConfigKeys (ConfUtils.java:logGet(43)) - raft.server.log.force.sync.num = 128 (default)
2019-08-28 13:14:33,009 [pool-466-thread-1] INFO  impl.RaftServerImpl (RaftServerImpl.java:start(180)) - a9749916-bffa-47e1-9722-b32b9535ac16: start group-015F82A74CE0
2019-08-28 13:14:33,009 [main] INFO  ozone.MiniOzoneClusterImpl (MiniOzoneClusterImpl.java:lambda$waitForClusterToBeReady$0(142)) - Cluster is ready. Got 7 of 7 DN Heartbeats.
2019-08-28 13:14:33,009 [IPC Server handler 1 on 37829] INFO  net.NetworkTopology (NetworkTopologyImpl.java:add(110)) - Added a new node: /default-rack/95284c31-b056-4479-beeb-a4c373ff570a
2019-08-28 13:14:33,009 [pool-444-thread-1] INFO  server.RaftServerConfigKeys (ConfUtils.java:logGet(43)) - raft.server.log.write.buffer.size = 33554432 (custom)
2019-08-28 13:14:33,010 [IPC Server handler 1 on 37829] INFO  node.SCMNodeManager (SCMNodeManager.java:register(273)) - Registered Data node : 95284c31-b056-4479-beeb-a4c373ff570a{ip: 192.168.69.80, host: pr-hdds-2030-bfh46-3754461772, networkLocation: /default-rack, certSerialId: null}
2019-08-28 13:14:33,009 [pool-466-thread-1] INFO  impl.RaftServerImpl (RaftServerImpl.java:setRole(171)) - a9749916-bffa-47e1-9722-b32b9535ac16:group-015F82A74CE0 changes role from null to FOLLOWER at term 0 for startAsFollower
2019-08-28 13:14:33,010 | INFO  | SCMAudit | user=jenkins1000 | ip=192.168.69.80 | op=REGISTER {datanodeDetails=95284c31-b056-4479-beeb-a4c373ff570a{ip: 192.168.69.80, host: pr-hdds-2030-bfh46-3754461772, networkLocation: /default-rack, certSerialId: null}} | ret=SUCCESS |  
2019-08-28 13:14:33,009 [pool-455-thread-1] INFO  server.RaftServerConfigKeys (ConfUtils.java:logGet(43)) - raft.server.log.statemachine.data.sync = true (default)
2019-08-28 13:14:33,010 [pool-466-thread-1] INFO  impl.RoleInfo (RoleInfo.java:updateAndGet(143)) - a9749916-bffa-47e1-9722-b32b9535ac16: start FollowerState
2019-08-28 13:14:33,010 [pool-444-thread-1] INFO  server.RaftServerConfigKeys (ConfUtils.java:logGet(43)) - raft.server.log.force.sync.num = 128 (default)
2019-08-28 13:14:33,011 [pool-455-thread-1] INFO  server.RaftServerConfigKeys (ConfUtils.java:logGet(43)) - raft.server.log.statemachine.data.sync.timeout = 10s (default)
2019-08-28 13:14:33,011 [pool-444-thread-1] INFO  server.RaftServerConfigKeys (ConfUtils.java:logGet(43)) - raft.server.log.statemachine.data.sync = true (default)
2019-08-28 13:14:33,011 [pool-455-thread-1] INFO  server.RaftServerConfigKeys (ConfUtils.java:logGet(43)) - raft.server.log.statemachine.data.sync.timeout.retry = -1 (default)
2019-08-28 13:14:33,011 [pool-466-thread-1] INFO  util.JmxRegister (JmxRegister.java:tryRegister(44)) - Successfully registered JMX Bean with object name Ratis:service=RaftServer,group=group-015F82A74CE0,id=a9749916-bffa-47e1-9722-b32b9535ac16
2019-08-28 13:14:33,012 [pool-455-thread-1] INFO  server.RaftServerConfigKeys (ConfUtils.java:logGet(43)) - raft.server.log.statemachine.data.caching.enabled = true (custom)
2019-08-28 13:14:33,011 [pool-444-thread-1] INFO  server.RaftServerConfigKeys (ConfUtils.java:logGet(43)) - raft.server.log.statemachine.data.sync.timeout = 10s (default)
2019-08-28 13:14:33,012 [pool-444-thread-1] INFO  server.RaftServerConfigKeys (ConfUtils.java:logGet(43)) - raft.server.log.statemachine.data.sync.timeout.retry = -1 (default)
2019-08-28 13:14:33,012 [pool-455-thread-1] INFO  segmented.SegmentedRaftLogWorker (SegmentedRaftLogWorker.java:lambda$new$0(132)) - 45e76979-f027-49c0-8770-9a0fdb9d3028-SegmentedRaftLogWorker:Storage Directory /workdir/hadoop-ozone/integration-test/target/test-dir/MiniOzoneClusterImpl-f3eae3db-a82f-4595-954c-af2e0fd8f57a/datanode-4/data/ratis/f0a45190-58c8-4afe-80d7-015f82a74ce0: flushIndex: setUnconditionally 0 -> -1
2019-08-28 13:14:33,012 [pool-444-thread-1] INFO  server.RaftServerConfigKeys (ConfUtils.java:logGet(43)) - raft.server.log.statemachine.data.caching.enabled = true (custom)
2019-08-28 13:14:33,017 [pool-455-thread-1] INFO  server.RaftServerConfigKeys (ConfUtils.java:logGet(43)) - raft.server.snapshot.auto.trigger.enabled = true (custom)
2019-08-28 13:14:33,019 [pool-444-thread-1] INFO  segmented.SegmentedRaftLogWorker (SegmentedRaftLogWorker.java:lambda$new$0(132)) - 2c13e896-096e-4874-9cbd-af1a318ff0cd-SegmentedRaftLogWorker:Storage Directory /workdir/hadoop-ozone/integration-test/target/test-dir/MiniOzoneClusterImpl-f3eae3db-a82f-4595-954c-af2e0fd8f57a/datanode-3/data/ratis/f0a45190-58c8-4afe-80d7-015f82a74ce0: flushIndex: setUnconditionally 0 -> -1
2019-08-28 13:14:33,019 [pool-455-thread-1] INFO  server.RaftServerConfigKeys (ConfUtils.java:logGet(43)) - raft.server.snapshot.auto.trigger.threshold = 10000 (custom)
2019-08-28 13:14:33,020 [pool-455-thread-1] INFO  server.RaftServerConfigKeys (ConfUtils.java:logGet(43)) - raft.server.retrycache.expirytime = 600000ms (custom)
2019-08-28 13:14:33,020 [pool-444-thread-1] INFO  server.RaftServerConfigKeys (ConfUtils.java:logGet(43)) - raft.server.snapshot.auto.trigger.enabled = true (custom)
2019-08-28 13:14:33,020 [pool-455-thread-1] INFO  impl.RaftServerImpl (RaftServerImpl.java:start(180)) - 45e76979-f027-49c0-8770-9a0fdb9d3028: start group-015F82A74CE0
2019-08-28 13:14:33,020 [pool-444-thread-1] INFO  server.RaftServerConfigKeys (ConfUtils.java:logGet(43)) - raft.server.snapshot.auto.trigger.threshold = 10000 (custom)
2019-08-28 13:14:33,020 [pool-455-thread-1] INFO  impl.RaftServerImpl (RaftServerImpl.java:setRole(171)) - 45e76979-f027-49c0-8770-9a0fdb9d3028:group-015F82A74CE0 changes role from null to FOLLOWER at term 0 for startAsFollower
2019-08-28 13:14:33,020 [pool-444-thread-1] INFO  server.RaftServerConfigKeys (ConfUtils.java:logGet(43)) - raft.server.retrycache.expirytime = 600000ms (custom)
2019-08-28 13:14:33,020 [pool-455-thread-1] INFO  impl.RoleInfo (RoleInfo.java:updateAndGet(143)) - 45e76979-f027-49c0-8770-9a0fdb9d3028: start FollowerState
2019-08-28 13:14:33,021 [pool-444-thread-1] INFO  impl.RaftServerImpl (RaftServerImpl.java:start(180)) - 2c13e896-096e-4874-9cbd-af1a318ff0cd: start group-015F82A74CE0
2019-08-28 13:14:33,021 [pool-444-thread-1] INFO  impl.RaftServerImpl (RaftServerImpl.java:setRole(171)) - 2c13e896-096e-4874-9cbd-af1a318ff0cd:group-015F82A74CE0 changes role from null to FOLLOWER at term 0 for startAsFollower
2019-08-28 13:14:33,021 [pool-444-thread-1] INFO  impl.RoleInfo (RoleInfo.java:updateAndGet(143)) - 2c13e896-096e-4874-9cbd-af1a318ff0cd: start FollowerState
2019-08-28 13:14:33,021 [pool-455-thread-1] INFO  util.JmxRegister (JmxRegister.java:tryRegister(44)) - Successfully registered JMX Bean with object name Ratis:service=RaftServer,group=group-015F82A74CE0,id=45e76979-f027-49c0-8770-9a0fdb9d3028
2019-08-28 13:14:33,021 [pool-444-thread-1] INFO  util.JmxRegister (JmxRegister.java:tryRegister(44)) - Successfully registered JMX Bean with object name Ratis:service=RaftServer,group=group-015F82A74CE0,id=2c13e896-096e-4874-9cbd-af1a318ff0cd
2019-08-28 13:14:33,040 [RatisPipelineUtilsThread] INFO  pipeline.PipelineStateManager (PipelineStateManager.java:addPipeline(56)) - Created pipeline Pipeline[ Id: f0a45190-58c8-4afe-80d7-015f82a74ce0, Nodes: 45e76979-f027-49c0-8770-9a0fdb9d3028{ip: 192.168.69.80, host: pr-hdds-2030-bfh46-3754461772, networkLocation: /default-rack, certSerialId: null}a9749916-bffa-47e1-9722-b32b9535ac16{ip: 192.168.69.80, host: pr-hdds-2030-bfh46-3754461772, networkLocation: /default-rack, certSerialId: null}2c13e896-096e-4874-9cbd-af1a318ff0cd{ip: 192.168.69.80, host: pr-hdds-2030-bfh46-3754461772, networkLocation: /default-rack, certSerialId: null}, Type:RATIS, Factor:THREE, State:OPEN]
2019-08-28 13:14:33,041 [main] INFO  rpc.RpcClient (RpcClient.java:createVolume(293)) - Creating Volume: watchforcommithandlingtest, with jenkins1000 as owner.
2019-08-28 13:14:33,043 | INFO  | OMAudit | user=jenkins1000 | ip=127.0.0.1 | op=CREATE_VOLUME {admin=jenkins1000, owner=jenkins1000, volume=watchforcommithandlingtest, creationTime=1566998073043, quotaInBytes=1152921504606846976} | ret=SUCCESS |  
2019-08-28 13:14:33,052 | INFO  | OMAudit | user=jenkins1000 | ip=127.0.0.1 | op=READ_VOLUME {volume=watchforcommithandlingtest} | ret=SUCCESS |  
2019-08-28 13:14:33,053 [main] INFO  rpc.RpcClient (RpcClient.java:createBucket(432)) - Creating Bucket: watchforcommithandlingtest/watchforcommithandlingtest, with Versioning false and Storage Type set to DISK and Encryption set to false 
2019-08-28 13:14:33,055 | INFO  | OMAudit | user=jenkins1000 | ip=127.0.0.1 | op=CREATE_BUCKET {volume=watchforcommithandlingtest, bucket=watchforcommithandlingtest, acls=[user:jenkins1000:a[ACCESS], group:default:a[ACCESS]], isVersionEnabled=false, storageType=DISK, creationTime=0} | ret=SUCCESS |  
2019-08-28 13:14:33,056 [main] INFO  ozone.MiniOzoneClusterImpl (MiniOzoneClusterImpl.java:getStorageContainerLocationClient(241)) - Creating StorageContainerLocationProtocol RPC client with address /0.0.0.0:35716
2019-08-28 13:14:33,067 [grpc-default-executor-0] INFO  client.GrpcClientProtocolClient (GrpcClientProtocolClient.java:onNext(255)) - client-098E2ECE98EA->b0c0a05c-f880-453d-9fb5-b5b957d6ee89: receive RaftClientReply:client-098E2ECE98EA->b0c0a05c-f880-453d-9fb5-b5b957d6ee89@group-B39C92501AA1, cid=100, FAILED org.apache.ratis.protocol.NotLeaderException: Server b0c0a05c-f880-453d-9fb5-b5b957d6ee89 is not the leader (null). Request must be sent to leader., logIndex=0, commits[b0c0a05c-f880-453d-9fb5-b5b957d6ee89:c-1]
2019-08-28 13:14:33,824 | INFO  | SCMAudit | user=jenkins1000 | ip=192.168.69.80 | op=SEND_HEARTBEAT {datanodeUUID=a02c2287-4371-470d-af9d-9173eadd0e2d, command=[]} | ret=SUCCESS |  
2019-08-28 13:14:34,006 | INFO  | SCMAudit | user=jenkins1000 | ip=192.168.69.80 | op=SEND_HEARTBEAT {datanodeUUID=b0c0a05c-f880-453d-9fb5-b5b957d6ee89, command=[]} | ret=SUCCESS |  
2019-08-28 13:14:34,081 [grpc-default-executor-9] INFO  client.GrpcClientProtocolClient (GrpcClientProtocolClient.java:onNext(255)) - client-098E2ECE98EA->a02c2287-4371-470d-af9d-9173eadd0e2d: receive RaftClientReply:client-098E2ECE98EA->a02c2287-4371-470d-af9d-9173eadd0e2d@group-B39C92501AA1, cid=100, FAILED org.apache.ratis.protocol.NotLeaderException: Server a02c2287-4371-470d-af9d-9173eadd0e2d is not the leader (null). Request must be sent to leader., logIndex=0, commits[a02c2287-4371-470d-af9d-9173eadd0e2d:c-1]
2019-08-28 13:14:34,208 | INFO  | SCMAudit | user=jenkins1000 | ip=192.168.69.80 | op=SEND_HEARTBEAT {datanodeUUID=e4138a83-3237-49cf-bd95-e4d1f4bc0f26, command=[]} | ret=SUCCESS |  
2019-08-28 13:14:34,394 | INFO  | SCMAudit | user=jenkins1000 | ip=192.168.69.80 | op=SEND_HEARTBEAT {datanodeUUID=2c13e896-096e-4874-9cbd-af1a318ff0cd, command=[]} | ret=SUCCESS |  
2019-08-28 13:14:34,590 | INFO  | SCMAudit | user=jenkins1000 | ip=192.168.69.80 | op=SEND_HEARTBEAT {datanodeUUID=45e76979-f027-49c0-8770-9a0fdb9d3028, command=[]} | ret=SUCCESS |  
2019-08-28 13:14:34,808 | INFO  | SCMAudit | user=jenkins1000 | ip=192.168.69.80 | op=SEND_HEARTBEAT {datanodeUUID=a9749916-bffa-47e1-9722-b32b9535ac16, command=[]} | ret=SUCCESS |  
2019-08-28 13:14:34,824 | INFO  | SCMAudit | user=jenkins1000 | ip=192.168.69.80 | op=SEND_HEARTBEAT {datanodeUUID=a02c2287-4371-470d-af9d-9173eadd0e2d, command=[]} | ret=SUCCESS |  
2019-08-28 13:14:34,834 [Thread-2511] INFO  container.ReplicationManager (ReplicationManager.java:start(152)) - Starting Replication Monitor Thread.
2019-08-28 13:14:34,837 [ReplicationMonitor] INFO  container.ReplicationManager (ReplicationManager.java:run(215)) - Replication Monitor Thread took 0 milliseconds for processing 1 containers.
2019-08-28 13:14:35,007 | INFO  | SCMAudit | user=jenkins1000 | ip=192.168.69.80 | op=SEND_HEARTBEAT {datanodeUUID=b0c0a05c-f880-453d-9fb5-b5b957d6ee89, command=[]} | ret=SUCCESS |  
2019-08-28 13:14:35,010 | INFO  | SCMAudit | user=jenkins1000 | ip=192.168.69.80 | op=SEND_HEARTBEAT {datanodeUUID=95284c31-b056-4479-beeb-a4c373ff570a, command=[]} | ret=SUCCESS |  
2019-08-28 13:14:35,091 [grpc-default-executor-9] INFO  client.GrpcClientProtocolClient (GrpcClientProtocolClient.java:onNext(255)) - client-098E2ECE98EA->b0c0a05c-f880-453d-9fb5-b5b957d6ee89: receive RaftClientReply:client-098E2ECE98EA->b0c0a05c-f880-453d-9fb5-b5b957d6ee89@group-B39C92501AA1, cid=100, FAILED org.apache.ratis.protocol.NotLeaderException: Server b0c0a05c-f880-453d-9fb5-b5b957d6ee89 is not the leader (null). Request must be sent to leader., logIndex=0, commits[b0c0a05c-f880-453d-9fb5-b5b957d6ee89:c-1]
2019-08-28 13:14:35,208 | INFO  | SCMAudit | user=jenkins1000 | ip=192.168.69.80 | op=SEND_HEARTBEAT {datanodeUUID=e4138a83-3237-49cf-bd95-e4d1f4bc0f26, command=[]} | ret=SUCCESS |  
2019-08-28 13:14:35,393 | INFO  | SCMAudit | user=jenkins1000 | ip=192.168.69.80 | op=SEND_HEARTBEAT {datanodeUUID=2c13e896-096e-4874-9cbd-af1a318ff0cd, command=[]} | ret=SUCCESS |  
2019-08-28 13:14:35,590 | INFO  | SCMAudit | user=jenkins1000 | ip=192.168.69.80 | op=SEND_HEARTBEAT {datanodeUUID=45e76979-f027-49c0-8770-9a0fdb9d3028, command=[]} | ret=SUCCESS |  
2019-08-28 13:14:35,808 | INFO  | SCMAudit | user=jenkins1000 | ip=192.168.69.80 | op=SEND_HEARTBEAT {datanodeUUID=a9749916-bffa-47e1-9722-b32b9535ac16, command=[]} | ret=SUCCESS |  
2019-08-28 13:14:35,824 | INFO  | SCMAudit | user=jenkins1000 | ip=192.168.69.80 | op=SEND_HEARTBEAT {datanodeUUID=a02c2287-4371-470d-af9d-9173eadd0e2d, command=[]} | ret=SUCCESS |  
2019-08-28 13:14:36,007 | INFO  | SCMAudit | user=jenkins1000 | ip=192.168.69.80 | op=SEND_HEARTBEAT {datanodeUUID=b0c0a05c-f880-453d-9fb5-b5b957d6ee89, command=[]} | ret=SUCCESS |  
2019-08-28 13:14:36,011 | INFO  | SCMAudit | user=jenkins1000 | ip=192.168.69.80 | op=SEND_HEARTBEAT {datanodeUUID=95284c31-b056-4479-beeb-a4c373ff570a, command=[]} | ret=SUCCESS |  
2019-08-28 13:14:36,104 [grpc-default-executor-9] INFO  client.GrpcClientProtocolClient (GrpcClientProtocolClient.java:onNext(255)) - client-098E2ECE98EA->a02c2287-4371-470d-af9d-9173eadd0e2d: receive RaftClientReply:client-098E2ECE98EA->a02c2287-4371-470d-af9d-9173eadd0e2d@group-B39C92501AA1, cid=100, FAILED org.apache.ratis.protocol.NotLeaderException: Server a02c2287-4371-470d-af9d-9173eadd0e2d is not the leader (null). Request must be sent to leader., logIndex=0, commits[a02c2287-4371-470d-af9d-9173eadd0e2d:c-1]
2019-08-28 13:14:36,208 | INFO  | SCMAudit | user=jenkins1000 | ip=192.168.69.80 | op=SEND_HEARTBEAT {datanodeUUID=e4138a83-3237-49cf-bd95-e4d1f4bc0f26, command=[]} | ret=SUCCESS |  
2019-08-28 13:14:36,393 | INFO  | SCMAudit | user=jenkins1000 | ip=192.168.69.80 | op=SEND_HEARTBEAT {datanodeUUID=2c13e896-096e-4874-9cbd-af1a318ff0cd, command=[]} | ret=SUCCESS |  
2019-08-28 13:14:36,590 | INFO  | SCMAudit | user=jenkins1000 | ip=192.168.69.80 | op=SEND_HEARTBEAT {datanodeUUID=45e76979-f027-49c0-8770-9a0fdb9d3028, command=[]} | ret=SUCCESS |  
2019-08-28 13:14:36,808 | INFO  | SCMAudit | user=jenkins1000 | ip=192.168.69.80 | op=SEND_HEARTBEAT {datanodeUUID=a9749916-bffa-47e1-9722-b32b9535ac16, command=[]} | ret=SUCCESS |  
2019-08-28 13:14:36,824 | INFO  | SCMAudit | user=jenkins1000 | ip=192.168.69.80 | op=SEND_HEARTBEAT {datanodeUUID=a02c2287-4371-470d-af9d-9173eadd0e2d, command=[]} | ret=SUCCESS |  
2019-08-28 13:14:36,959 [Thread-2513] INFO  impl.FollowerState (FollowerState.java:run(106)) - a02c2287-4371-470d-af9d-9173eadd0e2d:group-BBC66F0BDA87 changes to CANDIDATE, lastRpcTime:5072, electionTimeout:5072ms
2019-08-28 13:14:36,959 [Thread-2513] INFO  impl.RoleInfo (RoleInfo.java:shutdownFollowerState(121)) - a02c2287-4371-470d-af9d-9173eadd0e2d: shutdown FollowerState
2019-08-28 13:14:36,960 [Thread-2513] INFO  impl.RaftServerImpl (RaftServerImpl.java:setRole(171)) - a02c2287-4371-470d-af9d-9173eadd0e2d:group-BBC66F0BDA87 changes role from FOLLOWER to CANDIDATE at term 0 for changeToCandidate
2019-08-28 13:14:36,960 [Thread-2513] INFO  impl.RoleInfo (RoleInfo.java:updateAndGet(143)) - a02c2287-4371-470d-af9d-9173eadd0e2d: start LeaderElection
2019-08-28 13:14:36,981 [a02c2287-4371-470d-af9d-9173eadd0e2d:group-BBC66F0BDA87:LeaderElection75] INFO  impl.LeaderElection (LeaderElection.java:askForVotes(181)) - a02c2287-4371-470d-af9d-9173eadd0e2d:group-BBC66F0BDA87:LeaderElection75: begin an election at term 1 for -1: [a02c2287-4371-470d-af9d-9173eadd0e2d:192.168.69.80:37708], old=null
2019-08-28 13:14:36,981 [a02c2287-4371-470d-af9d-9173eadd0e2d:group-BBC66F0BDA87:LeaderElection75] INFO  impl.RoleInfo (RoleInfo.java:shutdownLeaderElection(134)) - a02c2287-4371-470d-af9d-9173eadd0e2d: shutdown LeaderElection
2019-08-28 13:14:36,981 [a02c2287-4371-470d-af9d-9173eadd0e2d:group-BBC66F0BDA87:LeaderElection75] INFO  impl.RaftServerImpl (RaftServerImpl.java:setRole(171)) - a02c2287-4371-470d-af9d-9173eadd0e2d:group-BBC66F0BDA87 changes role from CANDIDATE to LEADER at term 1 for changeToLeader
2019-08-28 13:14:36,981 [a02c2287-4371-470d-af9d-9173eadd0e2d:group-BBC66F0BDA87:LeaderElection75] INFO  impl.RaftServerImpl (ServerState.java:setLeader(263)) - a02c2287-4371-470d-af9d-9173eadd0e2d:group-BBC66F0BDA87 change Leader from null to a02c2287-4371-470d-af9d-9173eadd0e2d at term 1 for becomeLeader, leader elected after 5100ms
2019-08-28 13:14:36,981 [a02c2287-4371-470d-af9d-9173eadd0e2d:group-BBC66F0BDA87:LeaderElection75] INFO  server.RaftServerConfigKeys (ConfUtils.java:logGet(43)) - raft.server.staging.catchup.gap = 1000 (default)
2019-08-28 13:14:36,982 [a02c2287-4371-470d-af9d-9173eadd0e2d:group-BBC66F0BDA87:LeaderElection75] INFO  server.RaftServerConfigKeys (ConfUtils.java:logGet(43)) - raft.server.rpc.sleep.time = 25ms (default)
2019-08-28 13:14:36,982 [a02c2287-4371-470d-af9d-9173eadd0e2d:group-BBC66F0BDA87:LeaderElection75] INFO  server.RaftServerConfigKeys (ConfUtils.java:logGet(43)) - raft.server.write.element-limit = 4096 (default)
2019-08-28 13:14:36,982 [a02c2287-4371-470d-af9d-9173eadd0e2d:group-BBC66F0BDA87:LeaderElection75] INFO  server.RaftServerConfigKeys (ConfUtils.java:logGet(43)) - raft.server.watch.timeout = 10s (default)
2019-08-28 13:14:36,982 [a02c2287-4371-470d-af9d-9173eadd0e2d:group-BBC66F0BDA87:LeaderElection75] INFO  server.RaftServerConfigKeys (ConfUtils.java:logGet(43)) - raft.server.watch.timeout.denomination = 1s (default)
2019-08-28 13:14:36,982 [a02c2287-4371-470d-af9d-9173eadd0e2d:group-BBC66F0BDA87:LeaderElection75] INFO  server.RaftServerConfigKeys (ConfUtils.java:logGet(43)) - raft.server.watch.element-limit = 65536 (default)
2019-08-28 13:14:36,983 [a02c2287-4371-470d-af9d-9173eadd0e2d:group-BBC66F0BDA87:LeaderElection75] INFO  impl.RoleInfo (RoleInfo.java:updateAndGet(143)) - a02c2287-4371-470d-af9d-9173eadd0e2d: start LeaderState
2019-08-28 13:14:36,983 [a02c2287-4371-470d-af9d-9173eadd0e2d:group-BBC66F0BDA87:LeaderElection75] INFO  segmented.SegmentedRaftLogWorker (SegmentedRaftLogWorker.java:startLogSegment(380)) - a02c2287-4371-470d-af9d-9173eadd0e2d-SegmentedRaftLogWorker:Storage Directory /workdir/hadoop-ozone/integration-test/target/test-dir/MiniOzoneClusterImpl-f3eae3db-a82f-4595-954c-af2e0fd8f57a/datanode-0/data/ratis/0afbb53f-a6e8-4296-8448-bbc66f0bda87: Starting segment from index:0
2019-08-28 13:14:36,984 [a02c2287-4371-470d-af9d-9173eadd0e2d:group-BBC66F0BDA87:LeaderElection75] INFO  impl.RaftServerImpl (ServerState.java:setRaftConf(361)) - a02c2287-4371-470d-af9d-9173eadd0e2d:group-BBC66F0BDA87 set configuration 0: [a02c2287-4371-470d-af9d-9173eadd0e2d:192.168.69.80:37708], old=null at 0
2019-08-28 13:14:37,007 | INFO  | SCMAudit | user=jenkins1000 | ip=192.168.69.80 | op=SEND_HEARTBEAT {datanodeUUID=b0c0a05c-f880-453d-9fb5-b5b957d6ee89, command=[]} | ret=SUCCESS |  
2019-08-28 13:14:37,011 | INFO  | SCMAudit | user=jenkins1000 | ip=192.168.69.80 | op=SEND_HEARTBEAT {datanodeUUID=95284c31-b056-4479-beeb-a4c373ff570a, command=[]} | ret=SUCCESS |  
2019-08-28 13:14:37,023 [a02c2287-4371-470d-af9d-9173eadd0e2d-SegmentedRaftLogWorker:Storage Directory /workdir/hadoop-ozone/integration-test/target/test-dir/MiniOzoneClusterImpl-f3eae3db-a82f-4595-954c-af2e0fd8f57a/datanode-0/data/ratis/0afbb53f-a6e8-4296-8448-bbc66f0bda87] INFO  segmented.SegmentedRaftLogWorker (SegmentedRaftLogWorker.java:execute(569)) - a02c2287-4371-470d-af9d-9173eadd0e2d-SegmentedRaftLogWorker:Storage Directory /workdir/hadoop-ozone/integration-test/target/test-dir/MiniOzoneClusterImpl-f3eae3db-a82f-4595-954c-af2e0fd8f57a/datanode-0/data/ratis/0afbb53f-a6e8-4296-8448-bbc66f0bda87: created new log segment /workdir/hadoop-ozone/integration-test/target/test-dir/MiniOzoneClusterImpl-f3eae3db-a82f-4595-954c-af2e0fd8f57a/datanode-0/data/ratis/0afbb53f-a6e8-4296-8448-bbc66f0bda87/current/log_inprogress_0
2019-08-28 13:14:37,079 [Thread-2516] INFO  impl.FollowerState (FollowerState.java:run(106)) - b0c0a05c-f880-453d-9fb5-b5b957d6ee89:group-49000B0FFDDE changes to CANDIDATE, lastRpcTime:5031, electionTimeout:5031ms
2019-08-28 13:14:37,080 [Thread-2516] INFO  impl.RoleInfo (RoleInfo.java:shutdownFollowerState(121)) - b0c0a05c-f880-453d-9fb5-b5b957d6ee89: shutdown FollowerState
2019-08-28 13:14:37,080 [Thread-2516] INFO  impl.RaftServerImpl (RaftServerImpl.java:setRole(171)) - b0c0a05c-f880-453d-9fb5-b5b957d6ee89:group-49000B0FFDDE changes role from FOLLOWER to CANDIDATE at term 0 for changeToCandidate
2019-08-28 13:14:37,080 [Thread-2516] INFO  impl.RoleInfo (RoleInfo.java:updateAndGet(143)) - b0c0a05c-f880-453d-9fb5-b5b957d6ee89: start LeaderElection
2019-08-28 13:14:37,100 [b0c0a05c-f880-453d-9fb5-b5b957d6ee89:group-49000B0FFDDE:LeaderElection76] INFO  impl.LeaderElection (LeaderElection.java:askForVotes(181)) - b0c0a05c-f880-453d-9fb5-b5b957d6ee89:group-49000B0FFDDE:LeaderElection76: begin an election at term 1 for -1: [b0c0a05c-f880-453d-9fb5-b5b957d6ee89:192.168.69.80:36997], old=null
2019-08-28 13:14:37,101 [b0c0a05c-f880-453d-9fb5-b5b957d6ee89:group-49000B0FFDDE:LeaderElection76] INFO  impl.RoleInfo (RoleInfo.java:shutdownLeaderElection(134)) - b0c0a05c-f880-453d-9fb5-b5b957d6ee89: shutdown LeaderElection
2019-08-28 13:14:37,101 [b0c0a05c-f880-453d-9fb5-b5b957d6ee89:group-49000B0FFDDE:LeaderElection76] INFO  impl.RaftServerImpl (RaftServerImpl.java:setRole(171)) - b0c0a05c-f880-453d-9fb5-b5b957d6ee89:group-49000B0FFDDE changes role from CANDIDATE to LEADER at term 1 for changeToLeader
2019-08-28 13:14:37,101 [b0c0a05c-f880-453d-9fb5-b5b957d6ee89:group-49000B0FFDDE:LeaderElection76] INFO  impl.RaftServerImpl (ServerState.java:setLeader(263)) - b0c0a05c-f880-453d-9fb5-b5b957d6ee89:group-49000B0FFDDE change Leader from null to b0c0a05c-f880-453d-9fb5-b5b957d6ee89 at term 1 for becomeLeader, leader elected after 5057ms
2019-08-28 13:14:37,101 [b0c0a05c-f880-453d-9fb5-b5b957d6ee89:group-49000B0FFDDE:LeaderElection76] INFO  server.RaftServerConfigKeys (ConfUtils.java:logGet(43)) - raft.server.staging.catchup.gap = 1000 (default)
2019-08-28 13:14:37,101 [b0c0a05c-f880-453d-9fb5-b5b957d6ee89:group-49000B0FFDDE:LeaderElection76] INFO  server.RaftServerConfigKeys (ConfUtils.java:logGet(43)) - raft.server.rpc.sleep.time = 25ms (default)
2019-08-28 13:14:37,101 [b0c0a05c-f880-453d-9fb5-b5b957d6ee89:group-49000B0FFDDE:LeaderElection76] INFO  server.RaftServerConfigKeys (ConfUtils.java:logGet(43)) - raft.server.write.element-limit = 4096 (default)
2019-08-28 13:14:37,101 [b0c0a05c-f880-453d-9fb5-b5b957d6ee89:group-49000B0FFDDE:LeaderElection76] INFO  server.RaftServerConfigKeys (ConfUtils.java:logGet(43)) - raft.server.watch.timeout = 10s (default)
2019-08-28 13:14:37,102 [b0c0a05c-f880-453d-9fb5-b5b957d6ee89:group-49000B0FFDDE:LeaderElection76] INFO  server.RaftServerConfigKeys (ConfUtils.java:logGet(43)) - raft.server.watch.timeout.denomination = 1s (default)
2019-08-28 13:14:37,102 [b0c0a05c-f880-453d-9fb5-b5b957d6ee89:group-49000B0FFDDE:LeaderElection76] INFO  server.RaftServerConfigKeys (ConfUtils.java:logGet(43)) - raft.server.watch.element-limit = 65536 (default)
2019-08-28 13:14:37,102 [b0c0a05c-f880-453d-9fb5-b5b957d6ee89:group-49000B0FFDDE:LeaderElection76] INFO  impl.RoleInfo (RoleInfo.java:updateAndGet(143)) - b0c0a05c-f880-453d-9fb5-b5b957d6ee89: start LeaderState
2019-08-28 13:14:37,102 [b0c0a05c-f880-453d-9fb5-b5b957d6ee89:group-49000B0FFDDE:LeaderElection76] INFO  segmented.SegmentedRaftLogWorker (SegmentedRaftLogWorker.java:startLogSegment(380)) - b0c0a05c-f880-453d-9fb5-b5b957d6ee89-SegmentedRaftLogWorker:Storage Directory /workdir/hadoop-ozone/integration-test/target/test-dir/MiniOzoneClusterImpl-f3eae3db-a82f-4595-954c-af2e0fd8f57a/datanode-1/data/ratis/a532ae6c-d411-4bb1-92fe-49000b0ffdde: Starting segment from index:0
2019-08-28 13:14:37,103 [b0c0a05c-f880-453d-9fb5-b5b957d6ee89:group-49000B0FFDDE:LeaderElection76] INFO  impl.RaftServerImpl (ServerState.java:setRaftConf(361)) - b0c0a05c-f880-453d-9fb5-b5b957d6ee89:group-49000B0FFDDE set configuration 0: [b0c0a05c-f880-453d-9fb5-b5b957d6ee89:192.168.69.80:36997], old=null at 0
2019-08-28 13:14:37,134 [grpc-default-executor-0] INFO  client.GrpcClientProtocolClient (GrpcClientProtocolClient.java:onNext(255)) - client-098E2ECE98EA->e4138a83-3237-49cf-bd95-e4d1f4bc0f26: receive RaftClientReply:client-098E2ECE98EA->e4138a83-3237-49cf-bd95-e4d1f4bc0f26@group-B39C92501AA1, cid=100, FAILED org.apache.ratis.protocol.NotLeaderException: Server e4138a83-3237-49cf-bd95-e4d1f4bc0f26 is not the leader (null). Request must be sent to leader., logIndex=0, commits[e4138a83-3237-49cf-bd95-e4d1f4bc0f26:c-1]
2019-08-28 13:14:37,143 [b0c0a05c-f880-453d-9fb5-b5b957d6ee89-SegmentedRaftLogWorker:Storage Directory /workdir/hadoop-ozone/integration-test/target/test-dir/MiniOzoneClusterImpl-f3eae3db-a82f-4595-954c-af2e0fd8f57a/datanode-1/data/ratis/a532ae6c-d411-4bb1-92fe-49000b0ffdde] INFO  segmented.SegmentedRaftLogWorker (SegmentedRaftLogWorker.java:execute(569)) - b0c0a05c-f880-453d-9fb5-b5b957d6ee89-SegmentedRaftLogWorker:Storage Directory /workdir/hadoop-ozone/integration-test/target/test-dir/MiniOzoneClusterImpl-f3eae3db-a82f-4595-954c-af2e0fd8f57a/datanode-1/data/ratis/a532ae6c-d411-4bb1-92fe-49000b0ffdde: created new log segment /workdir/hadoop-ozone/integration-test/target/test-dir/MiniOzoneClusterImpl-f3eae3db-a82f-4595-954c-af2e0fd8f57a/datanode-1/data/ratis/a532ae6c-d411-4bb1-92fe-49000b0ffdde/current/log_inprogress_0
2019-08-28 13:14:37,208 | INFO  | SCMAudit | user=jenkins1000 | ip=192.168.69.80 | op=SEND_HEARTBEAT {datanodeUUID=e4138a83-3237-49cf-bd95-e4d1f4bc0f26, command=[]} | ret=SUCCESS |  
2019-08-28 13:14:37,393 | INFO  | SCMAudit | user=jenkins1000 | ip=192.168.69.80 | op=SEND_HEARTBEAT {datanodeUUID=2c13e896-096e-4874-9cbd-af1a318ff0cd, command=[]} | ret=SUCCESS |  
2019-08-28 13:14:37,416 [Thread-2519] INFO  impl.FollowerState (FollowerState.java:run(106)) - e4138a83-3237-49cf-bd95-e4d1f4bc0f26:group-9248CBB1E16B changes to CANDIDATE, lastRpcTime:5167, electionTimeout:5167ms
2019-08-28 13:14:37,416 [Thread-2519] INFO  impl.RoleInfo (RoleInfo.java:shutdownFollowerState(121)) - e4138a83-3237-49cf-bd95-e4d1f4bc0f26: shutdown FollowerState
2019-08-28 13:14:37,416 [Thread-2519] INFO  impl.RaftServerImpl (RaftServerImpl.java:setRole(171)) - e4138a83-3237-49cf-bd95-e4d1f4bc0f26:group-9248CBB1E16B changes role from FOLLOWER to CANDIDATE at term 0 for changeToCandidate
2019-08-28 13:14:37,417 [Thread-2519] INFO  impl.RoleInfo (RoleInfo.java:updateAndGet(143)) - e4138a83-3237-49cf-bd95-e4d1f4bc0f26: start LeaderElection
2019-08-28 13:14:37,471 [e4138a83-3237-49cf-bd95-e4d1f4bc0f26:group-9248CBB1E16B:LeaderElection77] INFO  impl.LeaderElection (LeaderElection.java:askForVotes(181)) - e4138a83-3237-49cf-bd95-e4d1f4bc0f26:group-9248CBB1E16B:LeaderElection77: begin an election at term 1 for -1: [e4138a83-3237-49cf-bd95-e4d1f4bc0f26:192.168.69.80:34056], old=null
2019-08-28 13:14:37,472 [e4138a83-3237-49cf-bd95-e4d1f4bc0f26:group-9248CBB1E16B:LeaderElection77] INFO  impl.RoleInfo (RoleInfo.java:shutdownLeaderElection(134)) - e4138a83-3237-49cf-bd95-e4d1f4bc0f26: shutdown LeaderElection
2019-08-28 13:14:37,472 [e4138a83-3237-49cf-bd95-e4d1f4bc0f26:group-9248CBB1E16B:LeaderElection77] INFO  impl.RaftServerImpl (RaftServerImpl.java:setRole(171)) - e4138a83-3237-49cf-bd95-e4d1f4bc0f26:group-9248CBB1E16B changes role from CANDIDATE to LEADER at term 1 for changeToLeader
2019-08-28 13:14:37,472 [e4138a83-3237-49cf-bd95-e4d1f4bc0f26:group-9248CBB1E16B:LeaderElection77] INFO  impl.RaftServerImpl (ServerState.java:setLeader(263)) - e4138a83-3237-49cf-bd95-e4d1f4bc0f26:group-9248CBB1E16B change Leader from null to e4138a83-3237-49cf-bd95-e4d1f4bc0f26 at term 1 for becomeLeader, leader elected after 5226ms
2019-08-28 13:14:37,472 [e4138a83-3237-49cf-bd95-e4d1f4bc0f26:group-9248CBB1E16B:LeaderElection77] INFO  server.RaftServerConfigKeys (ConfUtils.java:logGet(43)) - raft.server.staging.catchup.gap = 1000 (default)
2019-08-28 13:14:37,472 [e4138a83-3237-49cf-bd95-e4d1f4bc0f26:group-9248CBB1E16B:LeaderElection77] INFO  server.RaftServerConfigKeys (ConfUtils.java:logGet(43)) - raft.server.rpc.sleep.time = 25ms (default)
2019-08-28 13:14:37,472 [e4138a83-3237-49cf-bd95-e4d1f4bc0f26:group-9248CBB1E16B:LeaderElection77] INFO  server.RaftServerConfigKeys (ConfUtils.java:logGet(43)) - raft.server.write.element-limit = 4096 (default)
2019-08-28 13:14:37,473 [e4138a83-3237-49cf-bd95-e4d1f4bc0f26:group-9248CBB1E16B:LeaderElection77] INFO  server.RaftServerConfigKeys (ConfUtils.java:logGet(43)) - raft.server.watch.timeout = 10s (default)
2019-08-28 13:14:37,473 [e4138a83-3237-49cf-bd95-e4d1f4bc0f26:group-9248CBB1E16B:LeaderElection77] INFO  server.RaftServerConfigKeys (ConfUtils.java:logGet(43)) - raft.server.watch.timeout.denomination = 1s (default)
2019-08-28 13:14:37,473 [e4138a83-3237-49cf-bd95-e4d1f4bc0f26:group-9248CBB1E16B:LeaderElection77] INFO  server.RaftServerConfigKeys (ConfUtils.java:logGet(43)) - raft.server.watch.element-limit = 65536 (default)
2019-08-28 13:14:37,473 [e4138a83-3237-49cf-bd95-e4d1f4bc0f26:group-9248CBB1E16B:LeaderElection77] INFO  impl.RoleInfo (RoleInfo.java:updateAndGet(143)) - e4138a83-3237-49cf-bd95-e4d1f4bc0f26: start LeaderState
2019-08-28 13:14:37,473 [e4138a83-3237-49cf-bd95-e4d1f4bc0f26:group-9248CBB1E16B:LeaderElection77] INFO  segmented.SegmentedRaftLogWorker (SegmentedRaftLogWorker.java:startLogSegment(380)) - e4138a83-3237-49cf-bd95-e4d1f4bc0f26-SegmentedRaftLogWorker:Storage Directory /workdir/hadoop-ozone/integration-test/target/test-dir/MiniOzoneClusterImpl-f3eae3db-a82f-4595-954c-af2e0fd8f57a/datanode-2/data/ratis/b3938901-59c0-4232-b3c8-9248cbb1e16b: Starting segment from index:0
2019-08-28 13:14:37,474 [e4138a83-3237-49cf-bd95-e4d1f4bc0f26:group-9248CBB1E16B:LeaderElection77] INFO  impl.RaftServerImpl (ServerState.java:setRaftConf(361)) - e4138a83-3237-49cf-bd95-e4d1f4bc0f26:group-9248CBB1E16B set configuration 0: [e4138a83-3237-49cf-bd95-e4d1f4bc0f26:192.168.69.80:34056], old=null at 0
2019-08-28 13:14:37,511 [e4138a83-3237-49cf-bd95-e4d1f4bc0f26-SegmentedRaftLogWorker:Storage Directory /workdir/hadoop-ozone/integration-test/target/test-dir/MiniOzoneClusterImpl-f3eae3db-a82f-4595-954c-af2e0fd8f57a/datanode-2/data/ratis/b3938901-59c0-4232-b3c8-9248cbb1e16b] INFO  segmented.SegmentedRaftLogWorker (SegmentedRaftLogWorker.java:execute(569)) - e4138a83-3237-49cf-bd95-e4d1f4bc0f26-SegmentedRaftLogWorker:Storage Directory /workdir/hadoop-ozone/integration-test/target/test-dir/MiniOzoneClusterImpl-f3eae3db-a82f-4595-954c-af2e0fd8f57a/datanode-2/data/ratis/b3938901-59c0-4232-b3c8-9248cbb1e16b: created new log segment /workdir/hadoop-ozone/integration-test/target/test-dir/MiniOzoneClusterImpl-f3eae3db-a82f-4595-954c-af2e0fd8f57a/datanode-2/data/ratis/b3938901-59c0-4232-b3c8-9248cbb1e16b/current/log_inprogress_0
2019-08-28 13:14:37,591 | INFO  | SCMAudit | user=jenkins1000 | ip=192.168.69.80 | op=SEND_HEARTBEAT {datanodeUUID=45e76979-f027-49c0-8770-9a0fdb9d3028, command=[]} | ret=SUCCESS |  
2019-08-28 13:14:37,657 [Thread-2522] INFO  impl.FollowerState (FollowerState.java:run(106)) - b0c0a05c-f880-453d-9fb5-b5b957d6ee89:group-B39C92501AA1 changes to CANDIDATE, lastRpcTime:5030, electionTimeout:5030ms
2019-08-28 13:14:37,657 [Thread-2522] INFO  impl.RoleInfo (RoleInfo.java:shutdownFollowerState(121)) - b0c0a05c-f880-453d-9fb5-b5b957d6ee89: shutdown FollowerState
2019-08-28 13:14:37,657 [Thread-2522] INFO  impl.RaftServerImpl (RaftServerImpl.java:setRole(171)) - b0c0a05c-f880-453d-9fb5-b5b957d6ee89:group-B39C92501AA1 changes role from FOLLOWER to CANDIDATE at term 0 for changeToCandidate
2019-08-28 13:14:37,658 [Thread-2522] INFO  impl.RoleInfo (RoleInfo.java:updateAndGet(143)) - b0c0a05c-f880-453d-9fb5-b5b957d6ee89: start LeaderElection
2019-08-28 13:14:37,687 [b0c0a05c-f880-453d-9fb5-b5b957d6ee89:group-B39C92501AA1:LeaderElection78] INFO  impl.LeaderElection (LeaderElection.java:askForVotes(181)) - b0c0a05c-f880-453d-9fb5-b5b957d6ee89:group-B39C92501AA1:LeaderElection78: begin an election at term 1 for -1: [a02c2287-4371-470d-af9d-9173eadd0e2d:192.168.69.80:37708, b0c0a05c-f880-453d-9fb5-b5b957d6ee89:192.168.69.80:36997, e4138a83-3237-49cf-bd95-e4d1f4bc0f26:192.168.69.80:34056], old=null
2019-08-28 13:14:37,691 [grpc-default-executor-0] INFO  impl.RaftServerImpl (RaftServerImpl.java:setRole(171)) - a02c2287-4371-470d-af9d-9173eadd0e2d:group-B39C92501AA1 changes role from FOLLOWER to FOLLOWER at term 1 for recognizeCandidate:b0c0a05c-f880-453d-9fb5-b5b957d6ee89
2019-08-28 13:14:37,691 [grpc-default-executor-9] INFO  impl.RaftServerImpl (RaftServerImpl.java:setRole(171)) - e4138a83-3237-49cf-bd95-e4d1f4bc0f26:group-B39C92501AA1 changes role from FOLLOWER to FOLLOWER at term 1 for recognizeCandidate:b0c0a05c-f880-453d-9fb5-b5b957d6ee89
2019-08-28 13:14:37,692 [grpc-default-executor-0] INFO  impl.RoleInfo (RoleInfo.java:shutdownFollowerState(121)) - a02c2287-4371-470d-af9d-9173eadd0e2d: shutdown FollowerState
2019-08-28 13:14:37,692 [grpc-default-executor-9] INFO  impl.RoleInfo (RoleInfo.java:shutdownFollowerState(121)) - e4138a83-3237-49cf-bd95-e4d1f4bc0f26: shutdown FollowerState
2019-08-28 13:14:37,692 [grpc-default-executor-0] INFO  impl.RoleInfo (RoleInfo.java:updateAndGet(143)) - a02c2287-4371-470d-af9d-9173eadd0e2d: start FollowerState
2019-08-28 13:14:37,692 [Thread-2525] INFO  impl.FollowerState (FollowerState.java:run(114)) - e4138a83-3237-49cf-bd95-e4d1f4bc0f26: FollowerState was interrupted: java.lang.InterruptedException: sleep interrupted
2019-08-28 13:14:37,692 [grpc-default-executor-9] INFO  impl.RoleInfo (RoleInfo.java:updateAndGet(143)) - e4138a83-3237-49cf-bd95-e4d1f4bc0f26: start FollowerState
2019-08-28 13:14:37,692 [Thread-2527] INFO  impl.FollowerState (FollowerState.java:run(114)) - a02c2287-4371-470d-af9d-9173eadd0e2d: FollowerState was interrupted: java.lang.InterruptedException: sleep interrupted
2019-08-28 13:14:37,722 [b0c0a05c-f880-453d-9fb5-b5b957d6ee89:group-B39C92501AA1:LeaderElection78] INFO  impl.LeaderElection (LeaderElection.java:logAndReturn(56)) - b0c0a05c-f880-453d-9fb5-b5b957d6ee89:group-B39C92501AA1:LeaderElection78: Election PASSED; received 1 response(s) [b0c0a05c-f880-453d-9fb5-b5b957d6ee89<-a02c2287-4371-470d-af9d-9173eadd0e2d#0:OK-t1] and 0 exception(s); b0c0a05c-f880-453d-9fb5-b5b957d6ee89:t1, leader=null, voted=b0c0a05c-f880-453d-9fb5-b5b957d6ee89, raftlog=b0c0a05c-f880-453d-9fb5-b5b957d6ee89-SegmentedRaftLog:OPENED:c-1,f-1,i0, conf=-1: [a02c2287-4371-470d-af9d-9173eadd0e2d:192.168.69.80:37708, b0c0a05c-f880-453d-9fb5-b5b957d6ee89:192.168.69.80:36997, e4138a83-3237-49cf-bd95-e4d1f4bc0f26:192.168.69.80:34056], old=null
2019-08-28 13:14:37,722 [b0c0a05c-f880-453d-9fb5-b5b957d6ee89:group-B39C92501AA1:LeaderElection78] INFO  impl.RoleInfo (RoleInfo.java:shutdownLeaderElection(134)) - b0c0a05c-f880-453d-9fb5-b5b957d6ee89: shutdown LeaderElection
2019-08-28 13:14:37,723 [b0c0a05c-f880-453d-9fb5-b5b957d6ee89:group-B39C92501AA1:LeaderElection78] INFO  impl.RaftServerImpl (RaftServerImpl.java:setRole(171)) - b0c0a05c-f880-453d-9fb5-b5b957d6ee89:group-B39C92501AA1 changes role from CANDIDATE to LEADER at term 1 for changeToLeader
2019-08-28 13:14:37,723 [b0c0a05c-f880-453d-9fb5-b5b957d6ee89:group-B39C92501AA1:LeaderElection78] INFO  impl.RaftServerImpl (ServerState.java:setLeader(263)) - b0c0a05c-f880-453d-9fb5-b5b957d6ee89:group-B39C92501AA1 change Leader from null to b0c0a05c-f880-453d-9fb5-b5b957d6ee89 at term 1 for becomeLeader, leader elected after 5104ms
2019-08-28 13:14:37,723 [b0c0a05c-f880-453d-9fb5-b5b957d6ee89:group-B39C92501AA1:LeaderElection78] INFO  server.RaftServerConfigKeys (ConfUtils.java:logGet(43)) - raft.server.staging.catchup.gap = 1000 (default)
2019-08-28 13:14:37,723 [b0c0a05c-f880-453d-9fb5-b5b957d6ee89:group-B39C92501AA1:LeaderElection78] INFO  server.RaftServerConfigKeys (ConfUtils.java:logGet(43)) - raft.server.rpc.sleep.time = 25ms (default)
2019-08-28 13:14:37,723 [b0c0a05c-f880-453d-9fb5-b5b957d6ee89:group-B39C92501AA1:LeaderElection78] INFO  server.RaftServerConfigKeys (ConfUtils.java:logGet(43)) - raft.server.write.element-limit = 4096 (default)
2019-08-28 13:14:37,723 [b0c0a05c-f880-453d-9fb5-b5b957d6ee89:group-B39C92501AA1:LeaderElection78] INFO  server.RaftServerConfigKeys (ConfUtils.java:logGet(43)) - raft.server.watch.timeout = 10s (default)
2019-08-28 13:14:37,723 [b0c0a05c-f880-453d-9fb5-b5b957d6ee89:group-B39C92501AA1:LeaderElection78] INFO  server.RaftServerConfigKeys (ConfUtils.java:logGet(43)) - raft.server.watch.timeout.denomination = 1s (default)
2019-08-28 13:14:37,724 [b0c0a05c-f880-453d-9fb5-b5b957d6ee89:group-B39C92501AA1:LeaderElection78] INFO  server.RaftServerConfigKeys (ConfUtils.java:logGet(43)) - raft.server.watch.element-limit = 65536 (default)
2019-08-28 13:14:37,724 [b0c0a05c-f880-453d-9fb5-b5b957d6ee89:group-B39C92501AA1:LeaderElection78] INFO  server.RaftServerConfigKeys (ConfUtils.java:logGet(43)) - raft.server.log.appender.snapshot.chunk.size.max = 16MB (=16777216) (default)
2019-08-28 13:14:37,724 [b0c0a05c-f880-453d-9fb5-b5b957d6ee89:group-B39C92501AA1:LeaderElection78] INFO  server.RaftServerConfigKeys (ConfUtils.java:logGet(43)) - raft.server.log.appender.buffer.byte-limit = 33554432 (custom)
2019-08-28 13:14:37,725 [b0c0a05c-f880-453d-9fb5-b5b957d6ee89:group-B39C92501AA1:LeaderElection78] INFO  server.RaftServerConfigKeys (ConfUtils.java:logGet(43)) - raft.server.log.appender.buffer.element-limit = 1 (custom)
2019-08-28 13:14:37,725 [b0c0a05c-f880-453d-9fb5-b5b957d6ee89:group-B39C92501AA1:LeaderElection78] INFO  grpc.GrpcConfigKeys$Server (ConfUtils.java:logGet(43)) - raft.grpc.server.leader.outstanding.appends.max = 128 (default)
2019-08-28 13:14:37,725 [b0c0a05c-f880-453d-9fb5-b5b957d6ee89:group-B39C92501AA1:LeaderElection78] INFO  server.RaftServerConfigKeys (ConfUtils.java:logGet(43)) - raft.server.rpc.request.timeout = 3000ms (default)
2019-08-28 13:14:37,725 [b0c0a05c-f880-453d-9fb5-b5b957d6ee89:group-B39C92501AA1:LeaderElection78] INFO  server.RaftServerConfigKeys (ConfUtils.java:logGet(43)) - raft.server.log.appender.install.snapshot.enabled = false (custom)
2019-08-28 13:14:37,725 [b0c0a05c-f880-453d-9fb5-b5b957d6ee89:group-B39C92501AA1:LeaderElection78] INFO  server.RaftServerConfigKeys (ConfUtils.java:logGet(43)) - raft.server.log.appender.snapshot.chunk.size.max = 16MB (=16777216) (default)
2019-08-28 13:14:37,726 [b0c0a05c-f880-453d-9fb5-b5b957d6ee89:group-B39C92501AA1:LeaderElection78] INFO  server.RaftServerConfigKeys (ConfUtils.java:logGet(43)) - raft.server.log.appender.buffer.byte-limit = 33554432 (custom)
2019-08-28 13:14:37,726 [b0c0a05c-f880-453d-9fb5-b5b957d6ee89:group-B39C92501AA1:LeaderElection78] INFO  server.RaftServerConfigKeys (ConfUtils.java:logGet(43)) - raft.server.log.appender.buffer.element-limit = 1 (custom)
2019-08-28 13:14:37,726 [b0c0a05c-f880-453d-9fb5-b5b957d6ee89:group-B39C92501AA1:LeaderElection78] INFO  grpc.GrpcConfigKeys$Server (ConfUtils.java:logGet(43)) - raft.grpc.server.leader.outstanding.appends.max = 128 (default)
2019-08-28 13:14:37,726 [b0c0a05c-f880-453d-9fb5-b5b957d6ee89:group-B39C92501AA1:LeaderElection78] INFO  server.RaftServerConfigKeys (ConfUtils.java:logGet(43)) - raft.server.rpc.request.timeout = 3000ms (default)
2019-08-28 13:14:37,726 [b0c0a05c-f880-453d-9fb5-b5b957d6ee89:group-B39C92501AA1:LeaderElection78] INFO  server.RaftServerConfigKeys (ConfUtils.java:logGet(43)) - raft.server.log.appender.install.snapshot.enabled = false (custom)
2019-08-28 13:14:37,727 [b0c0a05c-f880-453d-9fb5-b5b957d6ee89:group-B39C92501AA1:LeaderElection78] INFO  impl.RoleInfo (RoleInfo.java:updateAndGet(143)) - b0c0a05c-f880-453d-9fb5-b5b957d6ee89: start LeaderState
2019-08-28 13:14:37,727 [b0c0a05c-f880-453d-9fb5-b5b957d6ee89:group-B39C92501AA1:LeaderElection78] INFO  segmented.SegmentedRaftLogWorker (SegmentedRaftLogWorker.java:startLogSegment(380)) - b0c0a05c-f880-453d-9fb5-b5b957d6ee89-SegmentedRaftLogWorker:Storage Directory /workdir/hadoop-ozone/integration-test/target/test-dir/MiniOzoneClusterImpl-f3eae3db-a82f-4595-954c-af2e0fd8f57a/datanode-1/data/ratis/16d4a21a-e457-4605-95f7-b39c92501aa1: Starting segment from index:0
2019-08-28 13:14:37,728 [b0c0a05c-f880-453d-9fb5-b5b957d6ee89:group-B39C92501AA1:LeaderElection78] INFO  impl.RaftServerImpl (ServerState.java:setRaftConf(361)) - b0c0a05c-f880-453d-9fb5-b5b957d6ee89:group-B39C92501AA1 set configuration 0: [a02c2287-4371-470d-af9d-9173eadd0e2d:192.168.69.80:37708, b0c0a05c-f880-453d-9fb5-b5b957d6ee89:192.168.69.80:36997, e4138a83-3237-49cf-bd95-e4d1f4bc0f26:192.168.69.80:34056], old=null at 0
2019-08-28 13:14:37,763 [grpc-default-executor-9] INFO  impl.RaftServerImpl (ServerState.java:setLeader(263)) - a02c2287-4371-470d-af9d-9173eadd0e2d:group-B39C92501AA1 change Leader from null to b0c0a05c-f880-453d-9fb5-b5b957d6ee89 at term 1 for appendEntries, leader elected after 5145ms
2019-08-28 13:14:37,765 [grpc-default-executor-0] INFO  impl.RaftServerImpl (ServerState.java:setLeader(263)) - e4138a83-3237-49cf-bd95-e4d1f4bc0f26:group-B39C92501AA1 change Leader from null to b0c0a05c-f880-453d-9fb5-b5b957d6ee89 at term 1 for appendEntries, leader elected after 5147ms
2019-08-28 13:14:37,768 [grpc-default-executor-0] INFO  impl.RaftServerImpl (ServerState.java:setRaftConf(361)) - e4138a83-3237-49cf-bd95-e4d1f4bc0f26:group-B39C92501AA1 set configuration 0: [a02c2287-4371-470d-af9d-9173eadd0e2d:192.168.69.80:37708, b0c0a05c-f880-453d-9fb5-b5b957d6ee89:192.168.69.80:36997, e4138a83-3237-49cf-bd95-e4d1f4bc0f26:192.168.69.80:34056], old=null at 0
2019-08-28 13:14:37,768 [grpc-default-executor-9] INFO  impl.RaftServerImpl (ServerState.java:setRaftConf(361)) - a02c2287-4371-470d-af9d-9173eadd0e2d:group-B39C92501AA1 set configuration 0: [a02c2287-4371-470d-af9d-9173eadd0e2d:192.168.69.80:37708, b0c0a05c-f880-453d-9fb5-b5b957d6ee89:192.168.69.80:36997, e4138a83-3237-49cf-bd95-e4d1f4bc0f26:192.168.69.80:34056], old=null at 0
2019-08-28 13:14:37,768 [grpc-default-executor-0] INFO  segmented.SegmentedRaftLogWorker (SegmentedRaftLogWorker.java:startLogSegment(380)) - e4138a83-3237-49cf-bd95-e4d1f4bc0f26-SegmentedRaftLogWorker:Storage Directory /workdir/hadoop-ozone/integration-test/target/test-dir/MiniOzoneClusterImpl-f3eae3db-a82f-4595-954c-af2e0fd8f57a/datanode-2/data/ratis/16d4a21a-e457-4605-95f7-b39c92501aa1: Starting segment from index:0
2019-08-28 13:14:37,768 [grpc-default-executor-9] INFO  segmented.SegmentedRaftLogWorker (SegmentedRaftLogWorker.java:startLogSegment(380)) - a02c2287-4371-470d-af9d-9173eadd0e2d-SegmentedRaftLogWorker:Storage Directory /workdir/hadoop-ozone/integration-test/target/test-dir/MiniOzoneClusterImpl-f3eae3db-a82f-4595-954c-af2e0fd8f57a/datanode-0/data/ratis/16d4a21a-e457-4605-95f7-b39c92501aa1: Starting segment from index:0
2019-08-28 13:14:37,786 [b0c0a05c-f880-453d-9fb5-b5b957d6ee89-SegmentedRaftLogWorker:Storage Directory /workdir/hadoop-ozone/integration-test/target/test-dir/MiniOzoneClusterImpl-f3eae3db-a82f-4595-954c-af2e0fd8f57a/datanode-1/data/ratis/16d4a21a-e457-4605-95f7-b39c92501aa1] INFO  segmented.SegmentedRaftLogWorker (SegmentedRaftLogWorker.java:execute(569)) - b0c0a05c-f880-453d-9fb5-b5b957d6ee89-SegmentedRaftLogWorker:Storage Directory /workdir/hadoop-ozone/integration-test/target/test-dir/MiniOzoneClusterImpl-f3eae3db-a82f-4595-954c-af2e0fd8f57a/datanode-1/data/ratis/16d4a21a-e457-4605-95f7-b39c92501aa1: created new log segment /workdir/hadoop-ozone/integration-test/target/test-dir/MiniOzoneClusterImpl-f3eae3db-a82f-4595-954c-af2e0fd8f57a/datanode-1/data/ratis/16d4a21a-e457-4605-95f7-b39c92501aa1/current/log_inprogress_0
2019-08-28 13:14:37,808 | INFO  | SCMAudit | user=jenkins1000 | ip=192.168.69.80 | op=SEND_HEARTBEAT {datanodeUUID=a9749916-bffa-47e1-9722-b32b9535ac16, command=[]} | ret=SUCCESS |  
2019-08-28 13:14:37,821 [a02c2287-4371-470d-af9d-9173eadd0e2d-SegmentedRaftLogWorker:Storage Directory /workdir/hadoop-ozone/integration-test/target/test-dir/MiniOzoneClusterImpl-f3eae3db-a82f-4595-954c-af2e0fd8f57a/datanode-0/data/ratis/16d4a21a-e457-4605-95f7-b39c92501aa1] INFO  segmented.SegmentedRaftLogWorker (SegmentedRaftLogWorker.java:execute(569)) - a02c2287-4371-470d-af9d-9173eadd0e2d-SegmentedRaftLogWorker:Storage Directory /workdir/hadoop-ozone/integration-test/target/test-dir/MiniOzoneClusterImpl-f3eae3db-a82f-4595-954c-af2e0fd8f57a/datanode-0/data/ratis/16d4a21a-e457-4605-95f7-b39c92501aa1: created new log segment /workdir/hadoop-ozone/integration-test/target/test-dir/MiniOzoneClusterImpl-f3eae3db-a82f-4595-954c-af2e0fd8f57a/datanode-0/data/ratis/16d4a21a-e457-4605-95f7-b39c92501aa1/current/log_inprogress_0
2019-08-28 13:14:37,821 [e4138a83-3237-49cf-bd95-e4d1f4bc0f26-SegmentedRaftLogWorker:Storage Directory /workdir/hadoop-ozone/integration-test/target/test-dir/MiniOzoneClusterImpl-f3eae3db-a82f-4595-954c-af2e0fd8f57a/datanode-2/data/ratis/16d4a21a-e457-4605-95f7-b39c92501aa1] INFO  segmented.SegmentedRaftLogWorker (SegmentedRaftLogWorker.java:execute(569)) - e4138a83-3237-49cf-bd95-e4d1f4bc0f26-SegmentedRaftLogWorker:Storage Directory /workdir/hadoop-ozone/integration-test/target/test-dir/MiniOzoneClusterImpl-f3eae3db-a82f-4595-954c-af2e0fd8f57a/datanode-2/data/ratis/16d4a21a-e457-4605-95f7-b39c92501aa1: created new log segment /workdir/hadoop-ozone/integration-test/target/test-dir/MiniOzoneClusterImpl-f3eae3db-a82f-4595-954c-af2e0fd8f57a/datanode-2/data/ratis/16d4a21a-e457-4605-95f7-b39c92501aa1/current/log_inprogress_0
2019-08-28 13:14:37,824 | INFO  | SCMAudit | user=jenkins1000 | ip=192.168.69.80 | op=SEND_HEARTBEAT {datanodeUUID=a02c2287-4371-470d-af9d-9173eadd0e2d, command=[]} | ret=SUCCESS |  
2019-08-28 13:14:38,008 | INFO  | SCMAudit | user=jenkins1000 | ip=192.168.69.80 | op=SEND_HEARTBEAT {datanodeUUID=b0c0a05c-f880-453d-9fb5-b5b957d6ee89, command=[]} | ret=SUCCESS |  
2019-08-28 13:14:38,012 | INFO  | SCMAudit | user=jenkins1000 | ip=192.168.69.80 | op=SEND_HEARTBEAT {datanodeUUID=95284c31-b056-4479-beeb-a4c373ff570a, command=[]} | ret=SUCCESS |  
2019-08-28 13:14:38,012 [Thread-2540] INFO  impl.FollowerState (FollowerState.java:run(106)) - a9749916-bffa-47e1-9722-b32b9535ac16:group-015F82A74CE0 changes to CANDIDATE, lastRpcTime:5001, electionTimeout:5001ms
2019-08-28 13:14:38,013 [Thread-2540] INFO  impl.RoleInfo (RoleInfo.java:shutdownFollowerState(121)) - a9749916-bffa-47e1-9722-b32b9535ac16: shutdown FollowerState
2019-08-28 13:14:38,013 [Thread-2540] INFO  impl.RaftServerImpl (RaftServerImpl.java:setRole(171)) - a9749916-bffa-47e1-9722-b32b9535ac16:group-015F82A74CE0 changes role from FOLLOWER to CANDIDATE at term 0 for changeToCandidate
2019-08-28 13:14:38,013 [Thread-2540] INFO  impl.RoleInfo (RoleInfo.java:updateAndGet(143)) - a9749916-bffa-47e1-9722-b32b9535ac16: start LeaderElection
2019-08-28 13:14:38,026 [Thread-2531] INFO  impl.FollowerState (FollowerState.java:run(106)) - 45e76979-f027-49c0-8770-9a0fdb9d3028:group-049D749D81E9 changes to CANDIDATE, lastRpcTime:5175, electionTimeout:5175ms
2019-08-28 13:14:38,026 [Thread-2531] INFO  impl.RoleInfo (RoleInfo.java:shutdownFollowerState(121)) - 45e76979-f027-49c0-8770-9a0fdb9d3028: shutdown FollowerState
2019-08-28 13:14:38,026 [Thread-2531] INFO  impl.RaftServerImpl (RaftServerImpl.java:setRole(171)) - 45e76979-f027-49c0-8770-9a0fdb9d3028:group-049D749D81E9 changes role from FOLLOWER to CANDIDATE at term 0 for changeToCandidate
2019-08-28 13:14:38,026 [Thread-2531] INFO  impl.RoleInfo (RoleInfo.java:updateAndGet(143)) - 45e76979-f027-49c0-8770-9a0fdb9d3028: start LeaderElection
2019-08-28 13:14:38,044 [a9749916-bffa-47e1-9722-b32b9535ac16:group-015F82A74CE0:LeaderElection79] INFO  impl.LeaderElection (LeaderElection.java:askForVotes(181)) - a9749916-bffa-47e1-9722-b32b9535ac16:group-015F82A74CE0:LeaderElection79: begin an election at term 1 for -1: [2c13e896-096e-4874-9cbd-af1a318ff0cd:192.168.69.80:43517, a9749916-bffa-47e1-9722-b32b9535ac16:192.168.69.80:41249, 45e76979-f027-49c0-8770-9a0fdb9d3028:192.168.69.80:44827], old=null
2019-08-28 13:14:38,050 [grpc-default-executor-9] INFO  impl.RaftServerImpl (RaftServerImpl.java:setRole(171)) - 2c13e896-096e-4874-9cbd-af1a318ff0cd:group-015F82A74CE0 changes role from FOLLOWER to FOLLOWER at term 1 for recognizeCandidate:a9749916-bffa-47e1-9722-b32b9535ac16
2019-08-28 13:14:38,050 [grpc-default-executor-0] INFO  impl.RaftServerImpl (RaftServerImpl.java:setRole(171)) - 45e76979-f027-49c0-8770-9a0fdb9d3028:group-015F82A74CE0 changes role from FOLLOWER to FOLLOWER at term 1 for recognizeCandidate:a9749916-bffa-47e1-9722-b32b9535ac16
2019-08-28 13:14:38,051 [grpc-default-executor-9] INFO  impl.RoleInfo (RoleInfo.java:shutdownFollowerState(121)) - 2c13e896-096e-4874-9cbd-af1a318ff0cd: shutdown FollowerState
2019-08-28 13:14:38,051 [grpc-default-executor-0] INFO  impl.RoleInfo (RoleInfo.java:shutdownFollowerState(121)) - 45e76979-f027-49c0-8770-9a0fdb9d3028: shutdown FollowerState
2019-08-28 13:14:38,051 [grpc-default-executor-9] INFO  impl.RoleInfo (RoleInfo.java:updateAndGet(143)) - 2c13e896-096e-4874-9cbd-af1a318ff0cd: start FollowerState
2019-08-28 13:14:38,051 [grpc-default-executor-0] INFO  impl.RoleInfo (RoleInfo.java:updateAndGet(143)) - 45e76979-f027-49c0-8770-9a0fdb9d3028: start FollowerState
2019-08-28 13:14:38,051 [Thread-2546] INFO  impl.FollowerState (FollowerState.java:run(114)) - 2c13e896-096e-4874-9cbd-af1a318ff0cd: FollowerState was interrupted: java.lang.InterruptedException: sleep interrupted
2019-08-28 13:14:38,051 [Thread-2545] INFO  impl.FollowerState (FollowerState.java:run(114)) - 45e76979-f027-49c0-8770-9a0fdb9d3028: FollowerState was interrupted: java.lang.InterruptedException: sleep interrupted
2019-08-28 13:14:38,062 [45e76979-f027-49c0-8770-9a0fdb9d3028:group-049D749D81E9:LeaderElection80] INFO  impl.LeaderElection (LeaderElection.java:askForVotes(181)) - 45e76979-f027-49c0-8770-9a0fdb9d3028:group-049D749D81E9:LeaderElection80: begin an election at term 1 for -1: [45e76979-f027-49c0-8770-9a0fdb9d3028:192.168.69.80:44827], old=null
2019-08-28 13:14:38,062 [45e76979-f027-49c0-8770-9a0fdb9d3028:group-049D749D81E9:LeaderElection80] INFO  impl.RoleInfo (RoleInfo.java:shutdownLeaderElection(134)) - 45e76979-f027-49c0-8770-9a0fdb9d3028: shutdown LeaderElection
2019-08-28 13:14:38,062 [45e76979-f027-49c0-8770-9a0fdb9d3028:group-049D749D81E9:LeaderElection80] INFO  impl.RaftServerImpl (RaftServerImpl.java:setRole(171)) - 45e76979-f027-49c0-8770-9a0fdb9d3028:group-049D749D81E9 changes role from CANDIDATE to LEADER at term 1 for changeToLeader
2019-08-28 13:14:38,062 [45e76979-f027-49c0-8770-9a0fdb9d3028:group-049D749D81E9:LeaderElection80] INFO  impl.RaftServerImpl (ServerState.java:setLeader(263)) - 45e76979-f027-49c0-8770-9a0fdb9d3028:group-049D749D81E9 change Leader from null to 45e76979-f027-49c0-8770-9a0fdb9d3028 at term 1 for becomeLeader, leader elected after 5214ms
2019-08-28 13:14:38,062 [45e76979-f027-49c0-8770-9a0fdb9d3028:group-049D749D81E9:LeaderElection80] INFO  server.RaftServerConfigKeys (ConfUtils.java:logGet(43)) - raft.server.staging.catchup.gap = 1000 (default)
2019-08-28 13:14:38,062 [45e76979-f027-49c0-8770-9a0fdb9d3028:group-049D749D81E9:LeaderElection80] INFO  server.RaftServerConfigKeys (ConfUtils.java:logGet(43)) - raft.server.rpc.sleep.time = 25ms (default)
2019-08-28 13:14:38,062 [45e76979-f027-49c0-8770-9a0fdb9d3028:group-049D749D81E9:LeaderElection80] INFO  server.RaftServerConfigKeys (ConfUtils.java:logGet(43)) - raft.server.write.element-limit = 4096 (default)
2019-08-28 13:14:38,063 [45e76979-f027-49c0-8770-9a0fdb9d3028:group-049D749D81E9:LeaderElection80] INFO  server.RaftServerConfigKeys (ConfUtils.java:logGet(43)) - raft.server.watch.timeout = 10s (default)
2019-08-28 13:14:38,063 [45e76979-f027-49c0-8770-9a0fdb9d3028:group-049D749D81E9:LeaderElection80] INFO  server.RaftServerConfigKeys (ConfUtils.java:logGet(43)) - raft.server.watch.timeout.denomination = 1s (default)
2019-08-28 13:14:38,063 [45e76979-f027-49c0-8770-9a0fdb9d3028:group-049D749D81E9:LeaderElection80] INFO  server.RaftServerConfigKeys (ConfUtils.java:logGet(43)) - raft.server.watch.element-limit = 65536 (default)
2019-08-28 13:14:38,063 [45e76979-f027-49c0-8770-9a0fdb9d3028:group-049D749D81E9:LeaderElection80] INFO  impl.RoleInfo (RoleInfo.java:updateAndGet(143)) - 45e76979-f027-49c0-8770-9a0fdb9d3028: start LeaderState
2019-08-28 13:14:38,063 [45e76979-f027-49c0-8770-9a0fdb9d3028:group-049D749D81E9:LeaderElection80] INFO  segmented.SegmentedRaftLogWorker (SegmentedRaftLogWorker.java:startLogSegment(380)) - 45e76979-f027-49c0-8770-9a0fdb9d3028-SegmentedRaftLogWorker:Storage Directory /workdir/hadoop-ozone/integration-test/target/test-dir/MiniOzoneClusterImpl-f3eae3db-a82f-4595-954c-af2e0fd8f57a/datanode-4/data/ratis/711134db-60a9-49b8-9694-049d749d81e9: Starting segment from index:0
2019-08-28 13:14:38,064 [45e76979-f027-49c0-8770-9a0fdb9d3028:group-049D749D81E9:LeaderElection80] INFO  impl.RaftServerImpl (ServerState.java:setRaftConf(361)) - 45e76979-f027-49c0-8770-9a0fdb9d3028:group-049D749D81E9 set configuration 0: [45e76979-f027-49c0-8770-9a0fdb9d3028:192.168.69.80:44827], old=null at 0
2019-08-28 13:14:38,071 [Thread-2537] INFO  impl.FollowerState (FollowerState.java:run(106)) - 2c13e896-096e-4874-9cbd-af1a318ff0cd:group-6223AF28DC1B changes to CANDIDATE, lastRpcTime:5121, electionTimeout:5121ms
2019-08-28 13:14:38,071 [Thread-2537] INFO  impl.RoleInfo (RoleInfo.java:shutdownFollowerState(121)) - 2c13e896-096e-4874-9cbd-af1a318ff0cd: shutdown FollowerState
2019-08-28 13:14:38,071 [Thread-2537] INFO  impl.RaftServerImpl (RaftServerImpl.java:setRole(171)) - 2c13e896-096e-4874-9cbd-af1a318ff0cd:group-6223AF28DC1B changes role from FOLLOWER to CANDIDATE at term 0 for changeToCandidate
2019-08-28 13:14:38,071 [Thread-2537] INFO  impl.RoleInfo (RoleInfo.java:updateAndGet(143)) - 2c13e896-096e-4874-9cbd-af1a318ff0cd: start LeaderElection
2019-08-28 13:14:38,100 [Thread-2534] INFO  impl.FollowerState (FollowerState.java:run(106)) - a9749916-bffa-47e1-9722-b32b9535ac16:group-DF4A8844C579 changes to CANDIDATE, lastRpcTime:5207, electionTimeout:5183ms
2019-08-28 13:14:38,100 [Thread-2534] INFO  impl.RoleInfo (RoleInfo.java:shutdownFollowerState(121)) - a9749916-bffa-47e1-9722-b32b9535ac16: shutdown FollowerState
2019-08-28 13:14:38,104 [Thread-2534] INFO  impl.RaftServerImpl (RaftServerImpl.java:setRole(171)) - a9749916-bffa-47e1-9722-b32b9535ac16:group-DF4A8844C579 changes role from FOLLOWER to CANDIDATE at term 0 for changeToCandidate
2019-08-28 13:14:38,104 [Thread-2534] INFO  impl.RoleInfo (RoleInfo.java:updateAndGet(143)) - a9749916-bffa-47e1-9722-b32b9535ac16: start LeaderElection
2019-08-28 13:14:38,110 [a9749916-bffa-47e1-9722-b32b9535ac16:group-015F82A74CE0:LeaderElection79] INFO  impl.LeaderElection (LeaderElection.java:logAndReturn(56)) - a9749916-bffa-47e1-9722-b32b9535ac16:group-015F82A74CE0:LeaderElection79: Election PASSED; received 1 response(s) [a9749916-bffa-47e1-9722-b32b9535ac16<-2c13e896-096e-4874-9cbd-af1a318ff0cd#0:OK-t1] and 0 exception(s); a9749916-bffa-47e1-9722-b32b9535ac16:t1, leader=null, voted=a9749916-bffa-47e1-9722-b32b9535ac16, raftlog=a9749916-bffa-47e1-9722-b32b9535ac16-SegmentedRaftLog:OPENED:c-1,f-1,i0, conf=-1: [2c13e896-096e-4874-9cbd-af1a318ff0cd:192.168.69.80:43517, a9749916-bffa-47e1-9722-b32b9535ac16:192.168.69.80:41249, 45e76979-f027-49c0-8770-9a0fdb9d3028:192.168.69.80:44827], old=null
2019-08-28 13:14:38,110 [a9749916-bffa-47e1-9722-b32b9535ac16:group-015F82A74CE0:LeaderElection79] INFO  impl.RoleInfo (RoleInfo.java:shutdownLeaderElection(134)) - a9749916-bffa-47e1-9722-b32b9535ac16: shutdown LeaderElection
2019-08-28 13:14:38,110 [a9749916-bffa-47e1-9722-b32b9535ac16:group-015F82A74CE0:LeaderElection79] INFO  impl.RaftServerImpl (RaftServerImpl.java:setRole(171)) - a9749916-bffa-47e1-9722-b32b9535ac16:group-015F82A74CE0 changes role from CANDIDATE to LEADER at term 1 for changeToLeader
2019-08-28 13:14:38,111 [a9749916-bffa-47e1-9722-b32b9535ac16:group-015F82A74CE0:LeaderElection79] INFO  impl.RaftServerImpl (ServerState.java:setLeader(263)) - a9749916-bffa-47e1-9722-b32b9535ac16:group-015F82A74CE0 change Leader from null to a9749916-bffa-47e1-9722-b32b9535ac16 at term 1 for becomeLeader, leader elected after 5108ms
2019-08-28 13:14:38,111 [a9749916-bffa-47e1-9722-b32b9535ac16:group-015F82A74CE0:LeaderElection79] INFO  server.RaftServerConfigKeys (ConfUtils.java:logGet(43)) - raft.server.staging.catchup.gap = 1000 (default)
2019-08-28 13:14:38,111 [a9749916-bffa-47e1-9722-b32b9535ac16:group-015F82A74CE0:LeaderElection79] INFO  server.RaftServerConfigKeys (ConfUtils.java:logGet(43)) - raft.server.rpc.sleep.time = 25ms (default)
2019-08-28 13:14:38,111 [a9749916-bffa-47e1-9722-b32b9535ac16:group-015F82A74CE0:LeaderElection79] INFO  server.RaftServerConfigKeys (ConfUtils.java:logGet(43)) - raft.server.write.element-limit = 4096 (default)
2019-08-28 13:14:38,111 [a9749916-bffa-47e1-9722-b32b9535ac16:group-015F82A74CE0:LeaderElection79] INFO  server.RaftServerConfigKeys (ConfUtils.java:logGet(43)) - raft.server.watch.timeout = 10s (default)
2019-08-28 13:14:38,111 [a9749916-bffa-47e1-9722-b32b9535ac16:group-015F82A74CE0:LeaderElection79] INFO  server.RaftServerConfigKeys (ConfUtils.java:logGet(43)) - raft.server.watch.timeout.denomination = 1s (default)
2019-08-28 13:14:38,111 [a9749916-bffa-47e1-9722-b32b9535ac16:group-015F82A74CE0:LeaderElection79] INFO  server.RaftServerConfigKeys (ConfUtils.java:logGet(43)) - raft.server.watch.element-limit = 65536 (default)
2019-08-28 13:14:38,112 [a9749916-bffa-47e1-9722-b32b9535ac16:group-015F82A74CE0:LeaderElection79] INFO  server.RaftServerConfigKeys (ConfUtils.java:logGet(43)) - raft.server.log.appender.snapshot.chunk.size.max = 16MB (=16777216) (default)
2019-08-28 13:14:38,112 [a9749916-bffa-47e1-9722-b32b9535ac16:group-015F82A74CE0:LeaderElection79] INFO  server.RaftServerConfigKeys (ConfUtils.java:logGet(43)) - raft.server.log.appender.buffer.byte-limit = 33554432 (custom)
2019-08-28 13:14:38,112 [a9749916-bffa-47e1-9722-b32b9535ac16:group-015F82A74CE0:LeaderElection79] INFO  server.RaftServerConfigKeys (ConfUtils.java:logGet(43)) - raft.server.log.appender.buffer.element-limit = 1 (custom)
2019-08-28 13:14:38,112 [a9749916-bffa-47e1-9722-b32b9535ac16:group-015F82A74CE0:LeaderElection79] INFO  grpc.GrpcConfigKeys$Server (ConfUtils.java:logGet(43)) - raft.grpc.server.leader.outstanding.appends.max = 128 (default)
2019-08-28 13:14:38,112 [a9749916-bffa-47e1-9722-b32b9535ac16:group-015F82A74CE0:LeaderElection79] INFO  server.RaftServerConfigKeys (ConfUtils.java:logGet(43)) - raft.server.rpc.request.timeout = 3000ms (default)
2019-08-28 13:14:38,112 [a9749916-bffa-47e1-9722-b32b9535ac16:group-015F82A74CE0:LeaderElection79] INFO  server.RaftServerConfigKeys (ConfUtils.java:logGet(43)) - raft.server.log.appender.install.snapshot.enabled = false (custom)
2019-08-28 13:14:38,112 [a9749916-bffa-47e1-9722-b32b9535ac16:group-015F82A74CE0:LeaderElection79] INFO  server.RaftServerConfigKeys (ConfUtils.java:logGet(43)) - raft.server.log.appender.snapshot.chunk.size.max = 16MB (=16777216) (default)
2019-08-28 13:14:38,113 [a9749916-bffa-47e1-9722-b32b9535ac16:group-015F82A74CE0:LeaderElection79] INFO  server.RaftServerConfigKeys (ConfUtils.java:logGet(43)) - raft.server.log.appender.buffer.byte-limit = 33554432 (custom)
2019-08-28 13:14:38,113 [a9749916-bffa-47e1-9722-b32b9535ac16:group-015F82A74CE0:LeaderElection79] INFO  server.RaftServerConfigKeys (ConfUtils.java:logGet(43)) - raft.server.log.appender.buffer.element-limit = 1 (custom)
2019-08-28 13:14:38,113 [a9749916-bffa-47e1-9722-b32b9535ac16:group-015F82A74CE0:LeaderElection79] INFO  grpc.GrpcConfigKeys$Server (ConfUtils.java:logGet(43)) - raft.grpc.server.leader.outstanding.appends.max = 128 (default)
2019-08-28 13:14:38,113 [a9749916-bffa-47e1-9722-b32b9535ac16:group-015F82A74CE0:LeaderElection79] INFO  server.RaftServerConfigKeys (ConfUtils.java:logGet(43)) - raft.server.rpc.request.timeout = 3000ms (default)
2019-08-28 13:14:38,113 [a9749916-bffa-47e1-9722-b32b9535ac16:group-015F82A74CE0:LeaderElection79] INFO  server.RaftServerConfigKeys (ConfUtils.java:logGet(43)) - raft.server.log.appender.install.snapshot.enabled = false (custom)
2019-08-28 13:14:38,113 [a9749916-bffa-47e1-9722-b32b9535ac16:group-015F82A74CE0:LeaderElection79] INFO  impl.RoleInfo (RoleInfo.java:updateAndGet(143)) - a9749916-bffa-47e1-9722-b32b9535ac16: start LeaderState
2019-08-28 13:14:38,114 [a9749916-bffa-47e1-9722-b32b9535ac16:group-015F82A74CE0:LeaderElection79] INFO  segmented.SegmentedRaftLogWorker (SegmentedRaftLogWorker.java:startLogSegment(380)) - a9749916-bffa-47e1-9722-b32b9535ac16-SegmentedRaftLogWorker:Storage Directory /workdir/hadoop-ozone/integration-test/target/test-dir/MiniOzoneClusterImpl-f3eae3db-a82f-4595-954c-af2e0fd8f57a/datanode-5/data/ratis/f0a45190-58c8-4afe-80d7-015f82a74ce0: Starting segment from index:0
2019-08-28 13:14:38,114 [a9749916-bffa-47e1-9722-b32b9535ac16:group-015F82A74CE0:LeaderElection79] INFO  impl.RaftServerImpl (ServerState.java:setRaftConf(361)) - a9749916-bffa-47e1-9722-b32b9535ac16:group-015F82A74CE0 set configuration 0: [2c13e896-096e-4874-9cbd-af1a318ff0cd:192.168.69.80:43517, a9749916-bffa-47e1-9722-b32b9535ac16:192.168.69.80:41249, 45e76979-f027-49c0-8770-9a0fdb9d3028:192.168.69.80:44827], old=null at 0
2019-08-28 13:14:38,117 [grpc-default-executor-0] INFO  impl.RaftServerImpl (ServerState.java:setLeader(263)) - 2c13e896-096e-4874-9cbd-af1a318ff0cd:group-015F82A74CE0 change Leader from null to a9749916-bffa-47e1-9722-b32b9535ac16 at term 1 for appendEntries, leader elected after 5114ms
2019-08-28 13:14:38,117 [grpc-default-executor-9] INFO  impl.RaftServerImpl (ServerState.java:setLeader(263)) - 45e76979-f027-49c0-8770-9a0fdb9d3028:group-015F82A74CE0 change Leader from null to a9749916-bffa-47e1-9722-b32b9535ac16 at term 1 for appendEntries, leader elected after 5115ms
2019-08-28 13:14:38,119 [grpc-default-executor-9] INFO  impl.RaftServerImpl (ServerState.java:setRaftConf(361)) - 2c13e896-096e-4874-9cbd-af1a318ff0cd:group-015F82A74CE0 set configuration 0: [2c13e896-096e-4874-9cbd-af1a318ff0cd:192.168.69.80:43517, a9749916-bffa-47e1-9722-b32b9535ac16:192.168.69.80:41249, 45e76979-f027-49c0-8770-9a0fdb9d3028:192.168.69.80:44827], old=null at 0
2019-08-28 13:14:38,119 [grpc-default-executor-0] INFO  impl.RaftServerImpl (ServerState.java:setRaftConf(361)) - 45e76979-f027-49c0-8770-9a0fdb9d3028:group-015F82A74CE0 set configuration 0: [2c13e896-096e-4874-9cbd-af1a318ff0cd:192.168.69.80:43517, a9749916-bffa-47e1-9722-b32b9535ac16:192.168.69.80:41249, 45e76979-f027-49c0-8770-9a0fdb9d3028:192.168.69.80:44827], old=null at 0
2019-08-28 13:14:38,120 [grpc-default-executor-9] INFO  segmented.SegmentedRaftLogWorker (SegmentedRaftLogWorker.java:startLogSegment(380)) - 2c13e896-096e-4874-9cbd-af1a318ff0cd-SegmentedRaftLogWorker:Storage Directory /workdir/hadoop-ozone/integration-test/target/test-dir/MiniOzoneClusterImpl-f3eae3db-a82f-4595-954c-af2e0fd8f57a/datanode-3/data/ratis/f0a45190-58c8-4afe-80d7-015f82a74ce0: Starting segment from index:0
2019-08-28 13:14:38,120 [grpc-default-executor-0] INFO  segmented.SegmentedRaftLogWorker (SegmentedRaftLogWorker.java:startLogSegment(380)) - 45e76979-f027-49c0-8770-9a0fdb9d3028-SegmentedRaftLogWorker:Storage Directory /workdir/hadoop-ozone/integration-test/target/test-dir/MiniOzoneClusterImpl-f3eae3db-a82f-4595-954c-af2e0fd8f57a/datanode-4/data/ratis/f0a45190-58c8-4afe-80d7-015f82a74ce0: Starting segment from index:0
2019-08-28 13:14:38,130 [45e76979-f027-49c0-8770-9a0fdb9d3028-SegmentedRaftLogWorker:Storage Directory /workdir/hadoop-ozone/integration-test/target/test-dir/MiniOzoneClusterImpl-f3eae3db-a82f-4595-954c-af2e0fd8f57a/datanode-4/data/ratis/711134db-60a9-49b8-9694-049d749d81e9] INFO  segmented.SegmentedRaftLogWorker (SegmentedRaftLogWorker.java:execute(569)) - 45e76979-f027-49c0-8770-9a0fdb9d3028-SegmentedRaftLogWorker:Storage Directory /workdir/hadoop-ozone/integration-test/target/test-dir/MiniOzoneClusterImpl-f3eae3db-a82f-4595-954c-af2e0fd8f57a/datanode-4/data/ratis/711134db-60a9-49b8-9694-049d749d81e9: created new log segment /workdir/hadoop-ozone/integration-test/target/test-dir/MiniOzoneClusterImpl-f3eae3db-a82f-4595-954c-af2e0fd8f57a/datanode-4/data/ratis/711134db-60a9-49b8-9694-049d749d81e9/current/log_inprogress_0
2019-08-28 13:14:38,143 [a9749916-bffa-47e1-9722-b32b9535ac16:group-DF4A8844C579:LeaderElection82] INFO  impl.LeaderElection (LeaderElection.java:askForVotes(181)) - a9749916-bffa-47e1-9722-b32b9535ac16:group-DF4A8844C579:LeaderElection82: begin an election at term 1 for -1: [a9749916-bffa-47e1-9722-b32b9535ac16:192.168.69.80:41249], old=null
2019-08-28 13:14:38,143 [2c13e896-096e-4874-9cbd-af1a318ff0cd:group-6223AF28DC1B:LeaderElection81] INFO  impl.LeaderElection (LeaderElection.java:askForVotes(181)) - 2c13e896-096e-4874-9cbd-af1a318ff0cd:group-6223AF28DC1B:LeaderElection81: begin an election at term 1 for -1: [2c13e896-096e-4874-9cbd-af1a318ff0cd:192.168.69.80:43517], old=null
2019-08-28 13:14:38,143 [a9749916-bffa-47e1-9722-b32b9535ac16:group-DF4A8844C579:LeaderElection82] INFO  impl.RoleInfo (RoleInfo.java:shutdownLeaderElection(134)) - a9749916-bffa-47e1-9722-b32b9535ac16: shutdown LeaderElection
2019-08-28 13:14:38,143 [2c13e896-096e-4874-9cbd-af1a318ff0cd:group-6223AF28DC1B:LeaderElection81] INFO  impl.RoleInfo (RoleInfo.java:shutdownLeaderElection(134)) - 2c13e896-096e-4874-9cbd-af1a318ff0cd: shutdown LeaderElection
2019-08-28 13:14:38,143 [a9749916-bffa-47e1-9722-b32b9535ac16:group-DF4A8844C579:LeaderElection82] INFO  impl.RaftServerImpl (RaftServerImpl.java:setRole(171)) - a9749916-bffa-47e1-9722-b32b9535ac16:group-DF4A8844C579 changes role from CANDIDATE to LEADER at term 1 for changeToLeader
2019-08-28 13:14:38,143 [2c13e896-096e-4874-9cbd-af1a318ff0cd:group-6223AF28DC1B:LeaderElection81] INFO  impl.RaftServerImpl (RaftServerImpl.java:setRole(171)) - 2c13e896-096e-4874-9cbd-af1a318ff0cd:group-6223AF28DC1B changes role from CANDIDATE to LEADER at term 1 for changeToLeader
2019-08-28 13:14:38,144 [a9749916-bffa-47e1-9722-b32b9535ac16:group-DF4A8844C579:LeaderElection82] INFO  impl.RaftServerImpl (ServerState.java:setLeader(263)) - a9749916-bffa-47e1-9722-b32b9535ac16:group-DF4A8844C579 change Leader from null to a9749916-bffa-47e1-9722-b32b9535ac16 at term 1 for becomeLeader, leader elected after 5253ms
2019-08-28 13:14:38,144 [2c13e896-096e-4874-9cbd-af1a318ff0cd:group-6223AF28DC1B:LeaderElection81] INFO  impl.RaftServerImpl (ServerState.java:setLeader(263)) - 2c13e896-096e-4874-9cbd-af1a318ff0cd:group-6223AF28DC1B change Leader from null to 2c13e896-096e-4874-9cbd-af1a318ff0cd at term 1 for becomeLeader, leader elected after 5198ms
2019-08-28 13:14:38,144 [a9749916-bffa-47e1-9722-b32b9535ac16:group-DF4A8844C579:LeaderElection82] INFO  server.RaftServerConfigKeys (ConfUtils.java:logGet(43)) - raft.server.staging.catchup.gap = 1000 (default)
2019-08-28 13:14:38,144 [2c13e896-096e-4874-9cbd-af1a318ff0cd:group-6223AF28DC1B:LeaderElection81] INFO  server.RaftServerConfigKeys (ConfUtils.java:logGet(43)) - raft.server.staging.catchup.gap = 1000 (default)
2019-08-28 13:14:38,144 [a9749916-bffa-47e1-9722-b32b9535ac16:group-DF4A8844C579:LeaderElection82] INFO  server.RaftServerConfigKeys (ConfUtils.java:logGet(43)) - raft.server.rpc.sleep.time = 25ms (default)
2019-08-28 13:14:38,144 [2c13e896-096e-4874-9cbd-af1a318ff0cd:group-6223AF28DC1B:LeaderElection81] INFO  server.RaftServerConfigKeys (ConfUtils.java:logGet(43)) - raft.server.rpc.sleep.time = 25ms (default)
2019-08-28 13:14:38,145 [a9749916-bffa-47e1-9722-b32b9535ac16:group-DF4A8844C579:LeaderElection82] INFO  server.RaftServerConfigKeys (ConfUtils.java:logGet(43)) - raft.server.write.element-limit = 4096 (default)
2019-08-28 13:14:38,145 [2c13e896-096e-4874-9cbd-af1a318ff0cd:group-6223AF28DC1B:LeaderElection81] INFO  server.RaftServerConfigKeys (ConfUtils.java:logGet(43)) - raft.server.write.element-limit = 4096 (default)
2019-08-28 13:14:38,145 [a9749916-bffa-47e1-9722-b32b9535ac16:group-DF4A8844C579:LeaderElection82] INFO  server.RaftServerConfigKeys (ConfUtils.java:logGet(43)) - raft.server.watch.timeout = 10s (default)
2019-08-28 13:14:38,145 [2c13e896-096e-4874-9cbd-af1a318ff0cd:group-6223AF28DC1B:LeaderElection81] INFO  server.RaftServerConfigKeys (ConfUtils.java:logGet(43)) - raft.server.watch.timeout = 10s (default)
2019-08-28 13:14:38,145 [a9749916-bffa-47e1-9722-b32b9535ac16:group-DF4A8844C579:LeaderElection82] INFO  server.RaftServerConfigKeys (ConfUtils.java:logGet(43)) - raft.server.watch.timeout.denomination = 1s (default)
2019-08-28 13:14:38,145 [2c13e896-096e-4874-9cbd-af1a318ff0cd:group-6223AF28DC1B:LeaderElection81] INFO  server.RaftServerConfigKeys (ConfUtils.java:logGet(43)) - raft.server.watch.timeout.denomination = 1s (default)
2019-08-28 13:14:38,145 [a9749916-bffa-47e1-9722-b32b9535ac16:group-DF4A8844C579:LeaderElection82] INFO  server.RaftServerConfigKeys (ConfUtils.java:logGet(43)) - raft.server.watch.element-limit = 65536 (default)
2019-08-28 13:14:38,146 [2c13e896-096e-4874-9cbd-af1a318ff0cd:group-6223AF28DC1B:LeaderElection81] INFO  server.RaftServerConfigKeys (ConfUtils.java:logGet(43)) - raft.server.watch.element-limit = 65536 (default)
2019-08-28 13:14:38,146 [a9749916-bffa-47e1-9722-b32b9535ac16:group-DF4A8844C579:LeaderElection82] INFO  impl.RoleInfo (RoleInfo.java:updateAndGet(143)) - a9749916-bffa-47e1-9722-b32b9535ac16: start LeaderState
2019-08-28 13:14:38,146 [a9749916-bffa-47e1-9722-b32b9535ac16:group-DF4A8844C579:LeaderElection82] INFO  segmented.SegmentedRaftLogWorker (SegmentedRaftLogWorker.java:startLogSegment(380)) - a9749916-bffa-47e1-9722-b32b9535ac16-SegmentedRaftLogWorker:Storage Directory /workdir/hadoop-ozone/integration-test/target/test-dir/MiniOzoneClusterImpl-f3eae3db-a82f-4595-954c-af2e0fd8f57a/datanode-5/data/ratis/a029b4cd-13fc-4525-80a5-df4a8844c579: Starting segment from index:0
2019-08-28 13:14:38,146 [2c13e896-096e-4874-9cbd-af1a318ff0cd:group-6223AF28DC1B:LeaderElection81] INFO  impl.RoleInfo (RoleInfo.java:updateAndGet(143)) - 2c13e896-096e-4874-9cbd-af1a318ff0cd: start LeaderState
2019-08-28 13:14:38,146 [2c13e896-096e-4874-9cbd-af1a318ff0cd:group-6223AF28DC1B:LeaderElection81] INFO  segmented.SegmentedRaftLogWorker (SegmentedRaftLogWorker.java:startLogSegment(380)) - 2c13e896-096e-4874-9cbd-af1a318ff0cd-SegmentedRaftLogWorker:Storage Directory /workdir/hadoop-ozone/integration-test/target/test-dir/MiniOzoneClusterImpl-f3eae3db-a82f-4595-954c-af2e0fd8f57a/datanode-3/data/ratis/dc93e71c-5df5-4254-831e-6223af28dc1b: Starting segment from index:0
2019-08-28 13:14:38,147 [a9749916-bffa-47e1-9722-b32b9535ac16:group-DF4A8844C579:LeaderElection82] INFO  impl.RaftServerImpl (ServerState.java:setRaftConf(361)) - a9749916-bffa-47e1-9722-b32b9535ac16:group-DF4A8844C579 set configuration 0: [a9749916-bffa-47e1-9722-b32b9535ac16:192.168.69.80:41249], old=null at 0
2019-08-28 13:14:38,147 [2c13e896-096e-4874-9cbd-af1a318ff0cd:group-6223AF28DC1B:LeaderElection81] INFO  impl.RaftServerImpl (ServerState.java:setRaftConf(361)) - 2c13e896-096e-4874-9cbd-af1a318ff0cd:group-6223AF28DC1B set configuration 0: [2c13e896-096e-4874-9cbd-af1a318ff0cd:192.168.69.80:43517], old=null at 0
2019-08-28 13:14:38,162 [2c13e896-096e-4874-9cbd-af1a318ff0cd-SegmentedRaftLogWorker:Storage Directory /workdir/hadoop-ozone/integration-test/target/test-dir/MiniOzoneClusterImpl-f3eae3db-a82f-4595-954c-af2e0fd8f57a/datanode-3/data/ratis/f0a45190-58c8-4afe-80d7-015f82a74ce0] INFO  segmented.SegmentedRaftLogWorker (SegmentedRaftLogWorker.java:execute(569)) - 2c13e896-096e-4874-9cbd-af1a318ff0cd-SegmentedRaftLogWorker:Storage Directory /workdir/hadoop-ozone/integration-test/target/test-dir/MiniOzoneClusterImpl-f3eae3db-a82f-4595-954c-af2e0fd8f57a/datanode-3/data/ratis/f0a45190-58c8-4afe-80d7-015f82a74ce0: created new log segment /workdir/hadoop-ozone/integration-test/target/test-dir/MiniOzoneClusterImpl-f3eae3db-a82f-4595-954c-af2e0fd8f57a/datanode-3/data/ratis/f0a45190-58c8-4afe-80d7-015f82a74ce0/current/log_inprogress_0
2019-08-28 13:14:38,162 [a9749916-bffa-47e1-9722-b32b9535ac16-SegmentedRaftLogWorker:Storage Directory /workdir/hadoop-ozone/integration-test/target/test-dir/MiniOzoneClusterImpl-f3eae3db-a82f-4595-954c-af2e0fd8f57a/datanode-5/data/ratis/f0a45190-58c8-4afe-80d7-015f82a74ce0] INFO  segmented.SegmentedRaftLogWorker (SegmentedRaftLogWorker.java:execute(569)) - a9749916-bffa-47e1-9722-b32b9535ac16-SegmentedRaftLogWorker:Storage Directory /workdir/hadoop-ozone/integration-test/target/test-dir/MiniOzoneClusterImpl-f3eae3db-a82f-4595-954c-af2e0fd8f57a/datanode-5/data/ratis/f0a45190-58c8-4afe-80d7-015f82a74ce0: created new log segment /workdir/hadoop-ozone/integration-test/target/test-dir/MiniOzoneClusterImpl-f3eae3db-a82f-4595-954c-af2e0fd8f57a/datanode-5/data/ratis/f0a45190-58c8-4afe-80d7-015f82a74ce0/current/log_inprogress_0
2019-08-28 13:14:38,164 [45e76979-f027-49c0-8770-9a0fdb9d3028-SegmentedRaftLogWorker:Storage Directory /workdir/hadoop-ozone/integration-test/target/test-dir/MiniOzoneClusterImpl-f3eae3db-a82f-4595-954c-af2e0fd8f57a/datanode-4/data/ratis/f0a45190-58c8-4afe-80d7-015f82a74ce0] INFO  segmented.SegmentedRaftLogWorker (SegmentedRaftLogWorker.java:execute(569)) - 45e76979-f027-49c0-8770-9a0fdb9d3028-SegmentedRaftLogWorker:Storage Directory /workdir/hadoop-ozone/integration-test/target/test-dir/MiniOzoneClusterImpl-f3eae3db-a82f-4595-954c-af2e0fd8f57a/datanode-4/data/ratis/f0a45190-58c8-4afe-80d7-015f82a74ce0: created new log segment /workdir/hadoop-ozone/integration-test/target/test-dir/MiniOzoneClusterImpl-f3eae3db-a82f-4595-954c-af2e0fd8f57a/datanode-4/data/ratis/f0a45190-58c8-4afe-80d7-015f82a74ce0/current/log_inprogress_0
2019-08-28 13:14:38,195 [2c13e896-096e-4874-9cbd-af1a318ff0cd-SegmentedRaftLogWorker:Storage Directory /workdir/hadoop-ozone/integration-test/target/test-dir/MiniOzoneClusterImpl-f3eae3db-a82f-4595-954c-af2e0fd8f57a/datanode-3/data/ratis/dc93e71c-5df5-4254-831e-6223af28dc1b] INFO  segmented.SegmentedRaftLogWorker (SegmentedRaftLogWorker.java:execute(569)) - 2c13e896-096e-4874-9cbd-af1a318ff0cd-SegmentedRaftLogWorker:Storage Directory /workdir/hadoop-ozone/integration-test/target/test-dir/MiniOzoneClusterImpl-f3eae3db-a82f-4595-954c-af2e0fd8f57a/datanode-3/data/ratis/dc93e71c-5df5-4254-831e-6223af28dc1b: created new log segment /workdir/hadoop-ozone/integration-test/target/test-dir/MiniOzoneClusterImpl-f3eae3db-a82f-4595-954c-af2e0fd8f57a/datanode-3/data/ratis/dc93e71c-5df5-4254-831e-6223af28dc1b/current/log_inprogress_0
2019-08-28 13:14:38,195 [a9749916-bffa-47e1-9722-b32b9535ac16-SegmentedRaftLogWorker:Storage Directory /workdir/hadoop-ozone/integration-test/target/test-dir/MiniOzoneClusterImpl-f3eae3db-a82f-4595-954c-af2e0fd8f57a/datanode-5/data/ratis/a029b4cd-13fc-4525-80a5-df4a8844c579] INFO  segmented.SegmentedRaftLogWorker (SegmentedRaftLogWorker.java:execute(569)) - a9749916-bffa-47e1-9722-b32b9535ac16-SegmentedRaftLogWorker:Storage Directory /workdir/hadoop-ozone/integration-test/target/test-dir/MiniOzoneClusterImpl-f3eae3db-a82f-4595-954c-af2e0fd8f57a/datanode-5/data/ratis/a029b4cd-13fc-4525-80a5-df4a8844c579: created new log segment /workdir/hadoop-ozone/integration-test/target/test-dir/MiniOzoneClusterImpl-f3eae3db-a82f-4595-954c-af2e0fd8f57a/datanode-5/data/ratis/a029b4cd-13fc-4525-80a5-df4a8844c579/current/log_inprogress_0
2019-08-28 13:14:38,209 | INFO  | SCMAudit | user=jenkins1000 | ip=192.168.69.80 | op=SEND_HEARTBEAT {datanodeUUID=e4138a83-3237-49cf-bd95-e4d1f4bc0f26, command=[]} | ret=SUCCESS |  
2019-08-28 13:14:38,246 | INFO  | DNAudit | user=null | ip=null | op=CREATE_CONTAINER {containerID=1, containerType=KeyValueContainer} | ret=SUCCESS |  
2019-08-28 13:14:38,254 | INFO  | SCMAudit | user=jenkins1000 | ip=192.168.69.80 | op=SEND_HEARTBEAT {datanodeUUID=b0c0a05c-f880-453d-9fb5-b5b957d6ee89, command=[]} | ret=SUCCESS |  
2019-08-28 13:14:38,254 [grpc-default-executor-0] INFO  client.GrpcClientProtocolClient (GrpcClientProtocolClient.java:onNext(255)) - client-098E2ECE98EA->b0c0a05c-f880-453d-9fb5-b5b957d6ee89: receive RaftClientReply:client-098E2ECE98EA->b0c0a05c-f880-453d-9fb5-b5b957d6ee89@group-B39C92501AA1, cid=100, SUCCESS, logIndex=1, commits[b0c0a05c-f880-453d-9fb5-b5b957d6ee89:c2, a02c2287-4371-470d-af9d-9173eadd0e2d:c1, e4138a83-3237-49cf-bd95-e4d1f4bc0f26:c1]
2019-08-28 13:14:38,255 [main] INFO  datanode.ObjectStoreHandler (ObjectStoreHandler.java:close(155)) - Closing ObjectStoreHandler.
2019-08-28 13:14:38,256 [main] INFO  ozone.HddsDatanodeService (HddsDatanodeService.java:stop(451)) - Stopped plug-in org.apache.hadoop.ozone.web.OzoneHddsDatanodeService@7d44e3c7
2019-08-28 13:14:38,267 | INFO  | DNAudit | user=null | ip=null | op=CREATE_CONTAINER {containerID=1, containerType=KeyValueContainer} | ret=SUCCESS |  
2019-08-28 13:14:38,267 | INFO  | DNAudit | user=null | ip=null | op=CREATE_CONTAINER {containerID=1, containerType=KeyValueContainer} | ret=SUCCESS |  
2019-08-28 13:14:38,267 | INFO  | SCMAudit | user=jenkins1000 | ip=192.168.69.80 | op=SEND_HEARTBEAT {datanodeUUID=a02c2287-4371-470d-af9d-9173eadd0e2d, command=[]} | ret=SUCCESS |  
2019-08-28 13:14:38,267 | INFO  | SCMAudit | user=jenkins1000 | ip=192.168.69.80 | op=SEND_HEARTBEAT {datanodeUUID=e4138a83-3237-49cf-bd95-e4d1f4bc0f26, command=[]} | ret=SUCCESS |  
2019-08-28 13:14:38,394 | INFO  | SCMAudit | user=jenkins1000 | ip=192.168.69.80 | op=SEND_HEARTBEAT {datanodeUUID=2c13e896-096e-4874-9cbd-af1a318ff0cd, command=[]} | ret=SUCCESS |  
2019-08-28 13:14:38,591 | INFO  | SCMAudit | user=jenkins1000 | ip=192.168.69.80 | op=SEND_HEARTBEAT {datanodeUUID=45e76979-f027-49c0-8770-9a0fdb9d3028, command=[]} | ret=SUCCESS |  
2019-08-28 13:14:38,808 | INFO  | SCMAudit | user=jenkins1000 | ip=192.168.69.80 | op=SEND_HEARTBEAT {datanodeUUID=a9749916-bffa-47e1-9722-b32b9535ac16, command=[]} | ret=SUCCESS |  
2019-08-28 13:14:39,012 | INFO  | SCMAudit | user=jenkins1000 | ip=192.168.69.80 | op=SEND_HEARTBEAT {datanodeUUID=95284c31-b056-4479-beeb-a4c373ff570a, command=[]} | ret=SUCCESS |  
2019-08-28 13:14:39,243 [Datanode State Machine Thread - 0] INFO  statemachine.DatanodeStateMachine (DatanodeStateMachine.java:lambda$startDaemon$0(350)) - Ozone container server started.
2019-08-28 13:14:39,267 | INFO  | SCMAudit | user=jenkins1000 | ip=192.168.69.80 | op=SEND_HEARTBEAT {datanodeUUID=e4138a83-3237-49cf-bd95-e4d1f4bc0f26, command=[]} | ret=SUCCESS |  
2019-08-28 13:14:39,267 | INFO  | SCMAudit | user=jenkins1000 | ip=192.168.69.80 | op=SEND_HEARTBEAT {datanodeUUID=a02c2287-4371-470d-af9d-9173eadd0e2d, command=[]} | ret=SUCCESS |  
2019-08-28 13:14:39,393 | INFO  | SCMAudit | user=jenkins1000 | ip=192.168.69.80 | op=SEND_HEARTBEAT {datanodeUUID=2c13e896-096e-4874-9cbd-af1a318ff0cd, command=[]} | ret=SUCCESS |  
2019-08-28 13:14:39,591 | INFO  | SCMAudit | user=jenkins1000 | ip=192.168.69.80 | op=SEND_HEARTBEAT {datanodeUUID=45e76979-f027-49c0-8770-9a0fdb9d3028, command=[]} | ret=SUCCESS |  
2019-08-28 13:14:39,809 | INFO  | SCMAudit | user=jenkins1000 | ip=192.168.69.80 | op=SEND_HEARTBEAT {datanodeUUID=a9749916-bffa-47e1-9722-b32b9535ac16, command=[]} | ret=SUCCESS |  
2019-08-28 13:14:40,012 | INFO  | SCMAudit | user=jenkins1000 | ip=192.168.69.80 | op=SEND_HEARTBEAT {datanodeUUID=95284c31-b056-4479-beeb-a4c373ff570a, command=[]} | ret=SUCCESS |  
2019-08-28 13:14:40,268 | INFO  | SCMAudit | user=jenkins1000 | ip=192.168.69.80 | op=SEND_HEARTBEAT {datanodeUUID=e4138a83-3237-49cf-bd95-e4d1f4bc0f26, command=[]} | ret=SUCCESS |  
2019-08-28 13:14:40,268 | INFO  | SCMAudit | user=jenkins1000 | ip=192.168.69.80 | op=SEND_HEARTBEAT {datanodeUUID=a02c2287-4371-470d-af9d-9173eadd0e2d, command=[]} | ret=SUCCESS |  
2019-08-28 13:14:40,393 | INFO  | SCMAudit | user=jenkins1000 | ip=192.168.69.80 | op=SEND_HEARTBEAT {datanodeUUID=2c13e896-096e-4874-9cbd-af1a318ff0cd, command=[]} | ret=SUCCESS |  
2019-08-28 13:14:40,592 | INFO  | SCMAudit | user=jenkins1000 | ip=192.168.69.80 | op=SEND_HEARTBEAT {datanodeUUID=45e76979-f027-49c0-8770-9a0fdb9d3028, command=[]} | ret=SUCCESS |  
2019-08-28 13:14:40,808 | INFO  | SCMAudit | user=jenkins1000 | ip=192.168.69.80 | op=SEND_HEARTBEAT {datanodeUUID=a9749916-bffa-47e1-9722-b32b9535ac16, command=[]} | ret=SUCCESS |  
2019-08-28 13:14:41,012 | INFO  | SCMAudit | user=jenkins1000 | ip=192.168.69.80 | op=SEND_HEARTBEAT {datanodeUUID=95284c31-b056-4479-beeb-a4c373ff570a, command=[]} | ret=SUCCESS |  
2019-08-28 13:14:41,267 | INFO  | SCMAudit | user=jenkins1000 | ip=192.168.69.80 | op=SEND_HEARTBEAT {datanodeUUID=e4138a83-3237-49cf-bd95-e4d1f4bc0f26, command=[]} | ret=SUCCESS |  
2019-08-28 13:14:41,267 | INFO  | SCMAudit | user=jenkins1000 | ip=192.168.69.80 | op=SEND_HEARTBEAT {datanodeUUID=a02c2287-4371-470d-af9d-9173eadd0e2d, command=[]} | ret=SUCCESS |  
2019-08-28 13:14:41,393 | INFO  | SCMAudit | user=jenkins1000 | ip=192.168.69.80 | op=SEND_HEARTBEAT {datanodeUUID=2c13e896-096e-4874-9cbd-af1a318ff0cd, command=[]} | ret=SUCCESS |  
2019-08-28 13:14:41,591 | INFO  | SCMAudit | user=jenkins1000 | ip=192.168.69.80 | op=SEND_HEARTBEAT {datanodeUUID=45e76979-f027-49c0-8770-9a0fdb9d3028, command=[]} | ret=SUCCESS |  
2019-08-28 13:14:41,808 | INFO  | SCMAudit | user=jenkins1000 | ip=192.168.69.80 | op=SEND_HEARTBEAT {datanodeUUID=a9749916-bffa-47e1-9722-b32b9535ac16, command=[]} | ret=SUCCESS |  
2019-08-28 13:14:42,013 | INFO  | SCMAudit | user=jenkins1000 | ip=192.168.69.80 | op=SEND_HEARTBEAT {datanodeUUID=95284c31-b056-4479-beeb-a4c373ff570a, command=[]} | ret=SUCCESS |  
2019-08-28 13:14:42,267 | INFO  | SCMAudit | user=jenkins1000 | ip=192.168.69.80 | op=SEND_HEARTBEAT {datanodeUUID=e4138a83-3237-49cf-bd95-e4d1f4bc0f26, command=[]} | ret=SUCCESS |  
2019-08-28 13:14:42,267 | INFO  | SCMAudit | user=jenkins1000 | ip=192.168.69.80 | op=SEND_HEARTBEAT {datanodeUUID=a02c2287-4371-470d-af9d-9173eadd0e2d, command=[]} | ret=SUCCESS |  
2019-08-28 13:14:42,393 | INFO  | SCMAudit | user=jenkins1000 | ip=192.168.69.80 | op=SEND_HEARTBEAT {datanodeUUID=2c13e896-096e-4874-9cbd-af1a318ff0cd, command=[]} | ret=SUCCESS |  
2019-08-28 13:14:42,591 | INFO  | SCMAudit | user=jenkins1000 | ip=192.168.69.80 | op=SEND_HEARTBEAT {datanodeUUID=45e76979-f027-49c0-8770-9a0fdb9d3028, command=[]} | ret=SUCCESS |  
2019-08-28 13:14:42,808 | INFO  | SCMAudit | user=jenkins1000 | ip=192.168.69.80 | op=SEND_HEARTBEAT {datanodeUUID=a9749916-bffa-47e1-9722-b32b9535ac16, command=[]} | ret=SUCCESS |  
2019-08-28 13:14:43,013 | INFO  | SCMAudit | user=jenkins1000 | ip=192.168.69.80 | op=SEND_HEARTBEAT {datanodeUUID=95284c31-b056-4479-beeb-a4c373ff570a, command=[]} | ret=SUCCESS |  
2019-08-28 13:14:43,256 [main] INFO  ozoneimpl.OzoneContainer (OzoneContainer.java:stop(199)) - Attempting to stop container services.
2019-08-28 13:14:43,257 [main] INFO  impl.RaftServerProxy (RaftServerProxy.java:lambda$close$4(314)) - b0c0a05c-f880-453d-9fb5-b5b957d6ee89: close
2019-08-28 13:14:43,258 [main] INFO  impl.RaftServerImpl (RaftServerImpl.java:lambda$shutdown$3(245)) - b0c0a05c-f880-453d-9fb5-b5b957d6ee89: shutdown group-49000B0FFDDE
2019-08-28 13:14:43,258 [main] INFO  util.JmxRegister (JmxRegister.java:unregister(73)) - Successfully un-registered JMX Bean with object name Ratis:service=RaftServer,group=group-49000B0FFDDE,id=b0c0a05c-f880-453d-9fb5-b5b957d6ee89
2019-08-28 13:14:43,259 [main] INFO  impl.RoleInfo (RoleInfo.java:shutdownLeaderState(104)) - b0c0a05c-f880-453d-9fb5-b5b957d6ee89: shutdown LeaderState
2019-08-28 13:14:43,259 [main] INFO  impl.PendingRequests (PendingRequests.java:sendNotLeaderResponses(202)) - b0c0a05c-f880-453d-9fb5-b5b957d6ee89-PendingRequests: sendNotLeaderResponses
2019-08-28 13:14:43,260 [main] INFO  impl.StateMachineUpdater (StateMachineUpdater.java:stopAndJoin(115)) - StateMachineUpdater:b0c0a05c-f880-453d-9fb5-b5b957d6ee89:group-49000B0FFDDE: set stopIndex = 0
2019-08-28 13:14:43,260 [main] INFO  impl.RaftServerImpl (ServerState.java:close(394)) - b0c0a05c-f880-453d-9fb5-b5b957d6ee89:group-49000B0FFDDE closes. The last applied log index is 0
2019-08-28 13:14:43,261 [b0c0a05c-f880-453d-9fb5-b5b957d6ee89-SegmentedRaftLogWorker:Storage Directory /workdir/hadoop-ozone/integration-test/target/test-dir/MiniOzoneClusterImpl-f3eae3db-a82f-4595-954c-af2e0fd8f57a/datanode-1/data/ratis/a532ae6c-d411-4bb1-92fe-49000b0ffdde] INFO  segmented.SegmentedRaftLogWorker (SegmentedRaftLogWorker.java:run(313)) - b0c0a05c-f880-453d-9fb5-b5b957d6ee89-SegmentedRaftLogWorker:Storage Directory /workdir/hadoop-ozone/integration-test/target/test-dir/MiniOzoneClusterImpl-f3eae3db-a82f-4595-954c-af2e0fd8f57a/datanode-1/data/ratis/a532ae6c-d411-4bb1-92fe-49000b0ffdde was interrupted, exiting. There are 0 tasks remaining in the queue.
2019-08-28 13:14:43,267 | INFO  | SCMAudit | user=jenkins1000 | ip=192.168.69.80 | op=SEND_HEARTBEAT {datanodeUUID=a02c2287-4371-470d-af9d-9173eadd0e2d, command=[]} | ret=SUCCESS |  
2019-08-28 13:14:43,267 | INFO  | SCMAudit | user=jenkins1000 | ip=192.168.69.80 | op=SEND_HEARTBEAT {datanodeUUID=e4138a83-3237-49cf-bd95-e4d1f4bc0f26, command=[]} | ret=SUCCESS |  
2019-08-28 13:14:43,276 [main] INFO  segmented.SegmentedRaftLogWorker (SegmentedRaftLogWorker.java:close(228)) - b0c0a05c-f880-453d-9fb5-b5b957d6ee89-SegmentedRaftLogWorker:Storage Directory /workdir/hadoop-ozone/integration-test/target/test-dir/MiniOzoneClusterImpl-f3eae3db-a82f-4595-954c-af2e0fd8f57a/datanode-1/data/ratis/a532ae6c-d411-4bb1-92fe-49000b0ffdde close()
2019-08-28 13:14:43,281 [main] INFO  impl.RaftServerImpl (RaftServerImpl.java:lambda$shutdown$3(245)) - b0c0a05c-f880-453d-9fb5-b5b957d6ee89: shutdown group-B39C92501AA1
2019-08-28 13:14:43,281 [main] INFO  util.JmxRegister (JmxRegister.java:unregister(73)) - Successfully un-registered JMX Bean with object name Ratis:service=RaftServer,group=group-B39C92501AA1,id=b0c0a05c-f880-453d-9fb5-b5b957d6ee89
2019-08-28 13:14:43,281 [main] INFO  impl.RoleInfo (RoleInfo.java:shutdownLeaderState(104)) - b0c0a05c-f880-453d-9fb5-b5b957d6ee89: shutdown LeaderState
2019-08-28 13:14:43,286 [main] INFO  impl.PendingRequests (PendingRequests.java:sendNotLeaderResponses(202)) - b0c0a05c-f880-453d-9fb5-b5b957d6ee89-PendingRequests: sendNotLeaderResponses
2019-08-28 13:14:43,286 [org.apache.ratis.server.impl.LogAppender$AppenderDaemon$$Lambda$483/1426794058@1f8dee3e] WARN  server.GrpcLogAppender (GrpcLogAppender.java:mayWait(143)) - GrpcLogAppender(b0c0a05c-f880-453d-9fb5-b5b957d6ee89->a02c2287-4371-470d-af9d-9173eadd0e2d): Wait interrupted by java.lang.InterruptedException
2019-08-28 13:14:43,286 [org.apache.ratis.server.impl.LogAppender$AppenderDaemon$$Lambda$483/1426794058@5a8f63ab] WARN  server.GrpcLogAppender (GrpcLogAppender.java:mayWait(143)) - GrpcLogAppender(b0c0a05c-f880-453d-9fb5-b5b957d6ee89->e4138a83-3237-49cf-bd95-e4d1f4bc0f26): Wait interrupted by java.lang.InterruptedException
2019-08-28 13:14:43,299 [main] INFO  impl.StateMachineUpdater (StateMachineUpdater.java:stopAndJoin(115)) - StateMachineUpdater:b0c0a05c-f880-453d-9fb5-b5b957d6ee89:group-B39C92501AA1: set stopIndex = 2
2019-08-28 13:14:43,299 [StateMachineUpdater:b0c0a05c-f880-453d-9fb5-b5b957d6ee89:group-B39C92501AA1] INFO  ratis.ContainerStateMachine (ContainerStateMachine.java:takeSnapshot(283)) - group-B39C92501AA1: Taking a snapshot at:(t:1, i:2) file /workdir/hadoop-ozone/integration-test/target/test-dir/MiniOzoneClusterImpl-f3eae3db-a82f-4595-954c-af2e0fd8f57a/datanode-1/data/ratis/16d4a21a-e457-4605-95f7-b39c92501aa1/sm/snapshot.1_2
2019-08-28 13:14:43,299 [grpc-default-executor-10] INFO  server.GrpcServerProtocolService (GrpcServerProtocolService.java:onCompleted(104)) - a02c2287-4371-470d-af9d-9173eadd0e2d: appendEntries completed
2019-08-28 13:14:43,299 [grpc-default-executor-9] INFO  server.GrpcServerProtocolService (GrpcServerProtocolService.java:onCompleted(104)) - e4138a83-3237-49cf-bd95-e4d1f4bc0f26: appendEntries completed
2019-08-28 13:14:43,300 [grpc-default-executor-10] INFO  server.GrpcLogAppender (GrpcLogAppender.java:onCompleted(292)) - b0c0a05c-f880-453d-9fb5-b5b957d6ee89->a02c2287-4371-470d-af9d-9173eadd0e2d: follower responses appendEntries COMPLETED
2019-08-28 13:14:43,300 [grpc-default-executor-8] INFO  server.GrpcLogAppender (GrpcLogAppender.java:onCompleted(292)) - b0c0a05c-f880-453d-9fb5-b5b957d6ee89->e4138a83-3237-49cf-bd95-e4d1f4bc0f26: follower responses appendEntries COMPLETED
2019-08-28 13:14:43,300 [grpc-default-executor-10] INFO  impl.FollowerInfo (FollowerInfo.java:lambda$new$0(50)) - b0c0a05c-f880-453d-9fb5-b5b957d6ee89->a02c2287-4371-470d-af9d-9173eadd0e2d: nextIndex: updateUnconditionally 3 -> 2
2019-08-28 13:14:43,300 [grpc-default-executor-8] INFO  impl.FollowerInfo (FollowerInfo.java:lambda$new$0(50)) - b0c0a05c-f880-453d-9fb5-b5b957d6ee89->e4138a83-3237-49cf-bd95-e4d1f4bc0f26: nextIndex: updateUnconditionally 3 -> 2
2019-08-28 13:14:43,312 [StateMachineUpdater:b0c0a05c-f880-453d-9fb5-b5b957d6ee89:group-B39C92501AA1] INFO  ratis.ContainerStateMachine (ContainerStateMachine.java:takeSnapshot(294)) - group-B39C92501AA1: Finished taking a snapshot at:(t:1, i:2) file:/workdir/hadoop-ozone/integration-test/target/test-dir/MiniOzoneClusterImpl-f3eae3db-a82f-4595-954c-af2e0fd8f57a/datanode-1/data/ratis/16d4a21a-e457-4605-95f7-b39c92501aa1/sm/snapshot.1_2 time:13
2019-08-28 13:14:43,312 [StateMachineUpdater:b0c0a05c-f880-453d-9fb5-b5b957d6ee89:group-B39C92501AA1] INFO  impl.StateMachineUpdater (StateMachineUpdater.java:takeSnapshot(242)) - StateMachineUpdater:b0c0a05c-f880-453d-9fb5-b5b957d6ee89:group-B39C92501AA1: Took a snapshot at index 2
2019-08-28 13:14:43,312 [StateMachineUpdater:b0c0a05c-f880-453d-9fb5-b5b957d6ee89:group-B39C92501AA1] INFO  impl.StateMachineUpdater (StateMachineUpdater.java:lambda$new$0(80)) - StateMachineUpdater:b0c0a05c-f880-453d-9fb5-b5b957d6ee89:group-B39C92501AA1: snapshotIndex: updateIncreasingly -1 -> 2
2019-08-28 13:14:43,312 [main] INFO  impl.RaftServerImpl (ServerState.java:close(394)) - b0c0a05c-f880-453d-9fb5-b5b957d6ee89:group-B39C92501AA1 closes. The last applied log index is 2
2019-08-28 13:14:43,313 [b0c0a05c-f880-453d-9fb5-b5b957d6ee89-SegmentedRaftLogWorker:Storage Directory /workdir/hadoop-ozone/integration-test/target/test-dir/MiniOzoneClusterImpl-f3eae3db-a82f-4595-954c-af2e0fd8f57a/datanode-1/data/ratis/16d4a21a-e457-4605-95f7-b39c92501aa1] INFO  segmented.SegmentedRaftLogWorker (SegmentedRaftLogWorker.java:run(313)) - b0c0a05c-f880-453d-9fb5-b5b957d6ee89-SegmentedRaftLogWorker:Storage Directory /workdir/hadoop-ozone/integration-test/target/test-dir/MiniOzoneClusterImpl-f3eae3db-a82f-4595-954c-af2e0fd8f57a/datanode-1/data/ratis/16d4a21a-e457-4605-95f7-b39c92501aa1 was interrupted, exiting. There are 0 tasks remaining in the queue.
2019-08-28 13:14:43,315 [main] INFO  segmented.SegmentedRaftLogWorker (SegmentedRaftLogWorker.java:close(228)) - b0c0a05c-f880-453d-9fb5-b5b957d6ee89-SegmentedRaftLogWorker:Storage Directory /workdir/hadoop-ozone/integration-test/target/test-dir/MiniOzoneClusterImpl-f3eae3db-a82f-4595-954c-af2e0fd8f57a/datanode-1/data/ratis/16d4a21a-e457-4605-95f7-b39c92501aa1 close()
2019-08-28 13:14:43,327 [main] INFO  server.GrpcService (GrpcService.java:closeImpl(155)) - b0c0a05c-f880-453d-9fb5-b5b957d6ee89: shutdown server with port 36997 now
2019-08-28 13:14:43,328 [main] INFO  server.GrpcService (GrpcService.java:closeImpl(163)) - b0c0a05c-f880-453d-9fb5-b5b957d6ee89: shutdown server with port 36997 successfully
2019-08-28 13:14:43,329 [main] INFO  utils.BackgroundService (BackgroundService.java:shutdown(148)) - Shutting down service BlockDeletingService
2019-08-28 13:14:43,331 [refreshUsed-/workdir/hadoop-ozone/integration-test/target/test-dir/MiniOzoneClusterImpl-f3eae3db-a82f-4595-954c-af2e0fd8f57a/datanode-1/data/containers] WARN  fs.CachingGetSpaceUsed (CachingGetSpaceUsed.java:run(183)) - Thread Interrupted waiting to refresh disk information: sleep interrupted
2019-08-28 13:14:43,349 [main] INFO  statemachine.DatanodeStateMachine (DatanodeStateMachine.java:stopDaemon(395)) - Ozone container server stopped.
2019-08-28 13:14:43,353 [main] INFO  handler.ContextHandler (ContextHandler.java:doStop(910)) - Stopped o.e.j.w.WebAppContext@3304362e{/,null,UNAVAILABLE}{/hddsDatanode}
2019-08-28 13:14:43,354 [main] INFO  server.AbstractConnector (AbstractConnector.java:doStop(318)) - Stopped ServerConnector@78b293a{HTTP/1.1,[http/1.1]}{0.0.0.0:0}
2019-08-28 13:14:43,355 [main] INFO  handler.ContextHandler (ContextHandler.java:doStop(910)) - Stopped o.e.j.s.ServletContextHandler@e74300b{/static,jar:file:/home/user/.m2/repository/org/apache/hadoop/hadoop-hdds-container-service/0.5.0-SNAPSHOT/hadoop-hdds-container-service-0.5.0-SNAPSHOT.jar!/webapps/static,UNAVAILABLE}
2019-08-28 13:14:43,355 [main] INFO  handler.ContextHandler (ContextHandler.java:doStop(910)) - Stopped o.e.j.s.ServletContextHandler@1e3c4c12{/logs,file:///workdir/hadoop-ozone/integration-test/target/log,UNAVAILABLE}
2019-08-28 13:14:43,393 | INFO  | SCMAudit | user=jenkins1000 | ip=192.168.69.80 | op=SEND_HEARTBEAT {datanodeUUID=2c13e896-096e-4874-9cbd-af1a318ff0cd, command=[]} | ret=SUCCESS |  
2019-08-28 13:14:43,591 | INFO  | SCMAudit | user=jenkins1000 | ip=192.168.69.80 | op=SEND_HEARTBEAT {datanodeUUID=45e76979-f027-49c0-8770-9a0fdb9d3028, command=[]} | ret=SUCCESS |  
2019-08-28 13:14:43,809 | INFO  | SCMAudit | user=jenkins1000 | ip=192.168.69.80 | op=SEND_HEARTBEAT {datanodeUUID=a9749916-bffa-47e1-9722-b32b9535ac16, command=[]} | ret=SUCCESS |  
2019-08-28 13:14:44,013 | INFO  | SCMAudit | user=jenkins1000 | ip=192.168.69.80 | op=SEND_HEARTBEAT {datanodeUUID=95284c31-b056-4479-beeb-a4c373ff570a, command=[]} | ret=SUCCESS |  
2019-08-28 13:14:44,267 | INFO  | SCMAudit | user=jenkins1000 | ip=192.168.69.80 | op=SEND_HEARTBEAT {datanodeUUID=a02c2287-4371-470d-af9d-9173eadd0e2d, command=[]} | ret=SUCCESS |  
2019-08-28 13:14:44,267 | INFO  | SCMAudit | user=jenkins1000 | ip=192.168.69.80 | op=SEND_HEARTBEAT {datanodeUUID=e4138a83-3237-49cf-bd95-e4d1f4bc0f26, command=[]} | ret=SUCCESS |  
2019-08-28 13:14:44,393 | INFO  | SCMAudit | user=jenkins1000 | ip=192.168.69.80 | op=SEND_HEARTBEAT {datanodeUUID=2c13e896-096e-4874-9cbd-af1a318ff0cd, command=[]} | ret=SUCCESS |  
2019-08-28 13:14:44,591 | INFO  | SCMAudit | user=jenkins1000 | ip=192.168.69.80 | op=SEND_HEARTBEAT {datanodeUUID=45e76979-f027-49c0-8770-9a0fdb9d3028, command=[]} | ret=SUCCESS |  
2019-08-28 13:14:44,809 | INFO  | SCMAudit | user=jenkins1000 | ip=192.168.69.80 | op=SEND_HEARTBEAT {datanodeUUID=a9749916-bffa-47e1-9722-b32b9535ac16, command=[]} | ret=SUCCESS |  
2019-08-28 13:14:45,013 | INFO  | SCMAudit | user=jenkins1000 | ip=192.168.69.80 | op=SEND_HEARTBEAT {datanodeUUID=95284c31-b056-4479-beeb-a4c373ff570a, command=[]} | ret=SUCCESS |  
2019-08-28 13:14:45,268 | INFO  | SCMAudit | user=jenkins1000 | ip=192.168.69.80 | op=SEND_HEARTBEAT {datanodeUUID=e4138a83-3237-49cf-bd95-e4d1f4bc0f26, command=[]} | ret=SUCCESS |  
2019-08-28 13:14:45,268 | INFO  | SCMAudit | user=jenkins1000 | ip=192.168.69.80 | op=SEND_HEARTBEAT {datanodeUUID=a02c2287-4371-470d-af9d-9173eadd0e2d, command=[]} | ret=SUCCESS |  
2019-08-28 13:14:45,372 [grpc-default-executor-9] INFO  client.GrpcClientProtocolClient (GrpcClientProtocolClient.java:onNext(255)) - client-098E2ECE98EA->a02c2287-4371-470d-af9d-9173eadd0e2d: receive RaftClientReply:client-098E2ECE98EA->a02c2287-4371-470d-af9d-9173eadd0e2d@group-B39C92501AA1, cid=101, FAILED org.apache.ratis.protocol.NotLeaderException: Server a02c2287-4371-470d-af9d-9173eadd0e2d is not the leader (b0c0a05c-f880-453d-9fb5-b5b957d6ee89:192.168.69.80:36997). Request must be sent to leader., logIndex=0, commits[a02c2287-4371-470d-af9d-9173eadd0e2d:c2, b0c0a05c-f880-453d-9fb5-b5b957d6ee89:c2, e4138a83-3237-49cf-bd95-e4d1f4bc0f26:c2]
2019-08-28 13:14:45,393 | INFO  | SCMAudit | user=jenkins1000 | ip=192.168.69.80 | op=SEND_HEARTBEAT {datanodeUUID=2c13e896-096e-4874-9cbd-af1a318ff0cd, command=[]} | ret=SUCCESS |  
2019-08-28 13:14:45,592 | INFO  | SCMAudit | user=jenkins1000 | ip=192.168.69.80 | op=SEND_HEARTBEAT {datanodeUUID=45e76979-f027-49c0-8770-9a0fdb9d3028, command=[]} | ret=SUCCESS |  
2019-08-28 13:14:45,810 | INFO  | SCMAudit | user=jenkins1000 | ip=192.168.69.80 | op=SEND_HEARTBEAT {datanodeUUID=a9749916-bffa-47e1-9722-b32b9535ac16, command=[]} | ret=SUCCESS |  
2019-08-28 13:14:46,013 | INFO  | SCMAudit | user=jenkins1000 | ip=192.168.69.80 | op=SEND_HEARTBEAT {datanodeUUID=95284c31-b056-4479-beeb-a4c373ff570a, command=[]} | ret=SUCCESS |  
2019-08-28 13:14:46,267 | INFO  | SCMAudit | user=jenkins1000 | ip=192.168.69.80 | op=SEND_HEARTBEAT {datanodeUUID=e4138a83-3237-49cf-bd95-e4d1f4bc0f26, command=[]} | ret=SUCCESS |  
2019-08-28 13:14:46,267 | INFO  | SCMAudit | user=jenkins1000 | ip=192.168.69.80 | op=SEND_HEARTBEAT {datanodeUUID=a02c2287-4371-470d-af9d-9173eadd0e2d, command=[]} | ret=SUCCESS |  
2019-08-28 13:14:46,385 [grpc-default-executor-9] INFO  client.GrpcClientProtocolClient (GrpcClientProtocolClient.java:onNext(255)) - client-098E2ECE98EA->e4138a83-3237-49cf-bd95-e4d1f4bc0f26: receive RaftClientReply:client-098E2ECE98EA->e4138a83-3237-49cf-bd95-e4d1f4bc0f26@group-B39C92501AA1, cid=101, FAILED org.apache.ratis.protocol.NotLeaderException: Server e4138a83-3237-49cf-bd95-e4d1f4bc0f26 is not the leader (b0c0a05c-f880-453d-9fb5-b5b957d6ee89:192.168.69.80:36997). Request must be sent to leader., logIndex=0, commits[e4138a83-3237-49cf-bd95-e4d1f4bc0f26:c2, a02c2287-4371-470d-af9d-9173eadd0e2d:c2, b0c0a05c-f880-453d-9fb5-b5b957d6ee89:c2]
2019-08-28 13:14:46,393 | INFO  | SCMAudit | user=jenkins1000 | ip=192.168.69.80 | op=SEND_HEARTBEAT {datanodeUUID=2c13e896-096e-4874-9cbd-af1a318ff0cd, command=[]} | ret=SUCCESS |  
2019-08-28 13:14:46,591 | INFO  | SCMAudit | user=jenkins1000 | ip=192.168.69.80 | op=SEND_HEARTBEAT {datanodeUUID=45e76979-f027-49c0-8770-9a0fdb9d3028, command=[]} | ret=SUCCESS |  
2019-08-28 13:14:46,810 | INFO  | SCMAudit | user=jenkins1000 | ip=192.168.69.80 | op=SEND_HEARTBEAT {datanodeUUID=a9749916-bffa-47e1-9722-b32b9535ac16, command=[]} | ret=SUCCESS |  
2019-08-28 13:14:47,013 | INFO  | SCMAudit | user=jenkins1000 | ip=192.168.69.80 | op=SEND_HEARTBEAT {datanodeUUID=95284c31-b056-4479-beeb-a4c373ff570a, command=[]} | ret=SUCCESS |  
2019-08-28 13:14:47,267 | INFO  | SCMAudit | user=jenkins1000 | ip=192.168.69.80 | op=SEND_HEARTBEAT {datanodeUUID=a02c2287-4371-470d-af9d-9173eadd0e2d, command=[]} | ret=SUCCESS |  
2019-08-28 13:14:47,267 | INFO  | SCMAudit | user=jenkins1000 | ip=192.168.69.80 | op=SEND_HEARTBEAT {datanodeUUID=e4138a83-3237-49cf-bd95-e4d1f4bc0f26, command=[]} | ret=SUCCESS |  
2019-08-28 13:14:47,398 | INFO  | SCMAudit | user=jenkins1000 | ip=192.168.69.80 | op=SEND_HEARTBEAT {datanodeUUID=2c13e896-096e-4874-9cbd-af1a318ff0cd, command=[]} | ret=SUCCESS |  
2019-08-28 13:14:47,399 [grpc-default-executor-10] INFO  client.GrpcClientProtocolClient (GrpcClientProtocolClient.java:onNext(255)) - client-098E2ECE98EA->e4138a83-3237-49cf-bd95-e4d1f4bc0f26: receive RaftClientReply:client-098E2ECE98EA->e4138a83-3237-49cf-bd95-e4d1f4bc0f26@group-B39C92501AA1, cid=101, FAILED org.apache.ratis.protocol.NotLeaderException: Server e4138a83-3237-49cf-bd95-e4d1f4bc0f26 is not the leader (b0c0a05c-f880-453d-9fb5-b5b957d6ee89:192.168.69.80:36997). Request must be sent to leader., logIndex=0, commits[e4138a83-3237-49cf-bd95-e4d1f4bc0f26:c2, a02c2287-4371-470d-af9d-9173eadd0e2d:c2, b0c0a05c-f880-453d-9fb5-b5b957d6ee89:c2]
2019-08-28 13:14:47,592 | INFO  | SCMAudit | user=jenkins1000 | ip=192.168.69.80 | op=SEND_HEARTBEAT {datanodeUUID=45e76979-f027-49c0-8770-9a0fdb9d3028, command=[]} | ret=SUCCESS |  
2019-08-28 13:14:47,810 | INFO  | SCMAudit | user=jenkins1000 | ip=192.168.69.80 | op=SEND_HEARTBEAT {datanodeUUID=a9749916-bffa-47e1-9722-b32b9535ac16, command=[]} | ret=SUCCESS |  
2019-08-28 13:14:48,014 | INFO  | SCMAudit | user=jenkins1000 | ip=192.168.69.80 | op=SEND_HEARTBEAT {datanodeUUID=95284c31-b056-4479-beeb-a4c373ff570a, command=[]} | ret=SUCCESS |  
2019-08-28 13:14:48,268 | INFO  | SCMAudit | user=jenkins1000 | ip=192.168.69.80 | op=SEND_HEARTBEAT {datanodeUUID=a02c2287-4371-470d-af9d-9173eadd0e2d, command=[]} | ret=SUCCESS |  
2019-08-28 13:14:48,268 | INFO  | SCMAudit | user=jenkins1000 | ip=192.168.69.80 | op=SEND_HEARTBEAT {datanodeUUID=e4138a83-3237-49cf-bd95-e4d1f4bc0f26, command=[]} | ret=SUCCESS |  
2019-08-28 13:14:48,395 | INFO  | SCMAudit | user=jenkins1000 | ip=192.168.69.80 | op=SEND_HEARTBEAT {datanodeUUID=2c13e896-096e-4874-9cbd-af1a318ff0cd, command=[]} | ret=SUCCESS |  
2019-08-28 13:14:48,418 [grpc-default-executor-10] INFO  client.GrpcClientProtocolClient (GrpcClientProtocolClient.java:onNext(255)) - client-098E2ECE98EA->e4138a83-3237-49cf-bd95-e4d1f4bc0f26: receive RaftClientReply:client-098E2ECE98EA->e4138a83-3237-49cf-bd95-e4d1f4bc0f26@group-B39C92501AA1, cid=101, FAILED org.apache.ratis.protocol.NotLeaderException: Server e4138a83-3237-49cf-bd95-e4d1f4bc0f26 is not the leader (b0c0a05c-f880-453d-9fb5-b5b957d6ee89:192.168.69.80:36997). Request must be sent to leader., logIndex=0, commits[e4138a83-3237-49cf-bd95-e4d1f4bc0f26:c2, a02c2287-4371-470d-af9d-9173eadd0e2d:c2, b0c0a05c-f880-453d-9fb5-b5b957d6ee89:c2]
2019-08-28 13:14:48,592 | INFO  | SCMAudit | user=jenkins1000 | ip=192.168.69.80 | op=SEND_HEARTBEAT {datanodeUUID=45e76979-f027-49c0-8770-9a0fdb9d3028, command=[]} | ret=SUCCESS |  
2019-08-28 13:14:48,811 | INFO  | SCMAudit | user=jenkins1000 | ip=192.168.69.80 | op=SEND_HEARTBEAT {datanodeUUID=a9749916-bffa-47e1-9722-b32b9535ac16, command=[]} | ret=SUCCESS |  
2019-08-28 13:14:49,015 | INFO  | SCMAudit | user=jenkins1000 | ip=192.168.69.80 | op=SEND_HEARTBEAT {datanodeUUID=95284c31-b056-4479-beeb-a4c373ff570a, command=[]} | ret=SUCCESS |  
2019-08-28 13:14:49,268 | INFO  | SCMAudit | user=jenkins1000 | ip=192.168.69.80 | op=SEND_HEARTBEAT {datanodeUUID=a02c2287-4371-470d-af9d-9173eadd0e2d, command=[]} | ret=SUCCESS |  
2019-08-28 13:14:49,268 | INFO  | SCMAudit | user=jenkins1000 | ip=192.168.69.80 | op=SEND_HEARTBEAT {datanodeUUID=e4138a83-3237-49cf-bd95-e4d1f4bc0f26, command=[]} | ret=SUCCESS |  
2019-08-28 13:14:49,396 | INFO  | SCMAudit | user=jenkins1000 | ip=192.168.69.80 | op=SEND_HEARTBEAT {datanodeUUID=2c13e896-096e-4874-9cbd-af1a318ff0cd, command=[]} | ret=SUCCESS |  
2019-08-28 13:14:49,432 [grpc-default-executor-9] INFO  client.GrpcClientProtocolClient (GrpcClientProtocolClient.java:onNext(255)) - client-098E2ECE98EA->a02c2287-4371-470d-af9d-9173eadd0e2d: receive RaftClientReply:client-098E2ECE98EA->a02c2287-4371-470d-af9d-9173eadd0e2d@group-B39C92501AA1, cid=101, FAILED org.apache.ratis.protocol.NotLeaderException: Server a02c2287-4371-470d-af9d-9173eadd0e2d is not the leader (b0c0a05c-f880-453d-9fb5-b5b957d6ee89:192.168.69.80:36997). Request must be sent to leader., logIndex=0, commits[a02c2287-4371-470d-af9d-9173eadd0e2d:c2, b0c0a05c-f880-453d-9fb5-b5b957d6ee89:c2, e4138a83-3237-49cf-bd95-e4d1f4bc0f26:c2]
2019-08-28 13:14:49,592 | INFO  | SCMAudit | user=jenkins1000 | ip=192.168.69.80 | op=SEND_HEARTBEAT {datanodeUUID=45e76979-f027-49c0-8770-9a0fdb9d3028, command=[]} | ret=SUCCESS |  
2019-08-28 13:14:49,810 | INFO  | SCMAudit | user=jenkins1000 | ip=192.168.69.80 | op=SEND_HEARTBEAT {datanodeUUID=a9749916-bffa-47e1-9722-b32b9535ac16, command=[]} | ret=SUCCESS |  
2019-08-28 13:14:50,015 | INFO  | SCMAudit | user=jenkins1000 | ip=192.168.69.80 | op=SEND_HEARTBEAT {datanodeUUID=95284c31-b056-4479-beeb-a4c373ff570a, command=[]} | ret=SUCCESS |  
2019-08-28 13:14:50,268 | INFO  | SCMAudit | user=jenkins1000 | ip=192.168.69.80 | op=SEND_HEARTBEAT {datanodeUUID=e4138a83-3237-49cf-bd95-e4d1f4bc0f26, command=[]} | ret=SUCCESS |  
2019-08-28 13:14:50,268 | INFO  | SCMAudit | user=jenkins1000 | ip=192.168.69.80 | op=SEND_HEARTBEAT {datanodeUUID=a02c2287-4371-470d-af9d-9173eadd0e2d, command=[]} | ret=SUCCESS |  
2019-08-28 13:14:50,395 | INFO  | SCMAudit | user=jenkins1000 | ip=192.168.69.80 | op=SEND_HEARTBEAT {datanodeUUID=2c13e896-096e-4874-9cbd-af1a318ff0cd, command=[]} | ret=SUCCESS |  
2019-08-28 13:14:50,445 [grpc-default-executor-9] INFO  client.GrpcClientProtocolClient (GrpcClientProtocolClient.java:onNext(255)) - client-098E2ECE98EA->e4138a83-3237-49cf-bd95-e4d1f4bc0f26: receive RaftClientReply:client-098E2ECE98EA->e4138a83-3237-49cf-bd95-e4d1f4bc0f26@group-B39C92501AA1, cid=101, FAILED org.apache.ratis.protocol.NotLeaderException: Server e4138a83-3237-49cf-bd95-e4d1f4bc0f26 is not the leader (b0c0a05c-f880-453d-9fb5-b5b957d6ee89:192.168.69.80:36997). Request must be sent to leader., logIndex=0, commits[e4138a83-3237-49cf-bd95-e4d1f4bc0f26:c2, a02c2287-4371-470d-af9d-9173eadd0e2d:c2, b0c0a05c-f880-453d-9fb5-b5b957d6ee89:c2]
2019-08-28 13:14:50,593 | INFO  | SCMAudit | user=jenkins1000 | ip=192.168.69.80 | op=SEND_HEARTBEAT {datanodeUUID=45e76979-f027-49c0-8770-9a0fdb9d3028, command=[]} | ret=SUCCESS |  
2019-08-28 13:14:50,810 | INFO  | SCMAudit | user=jenkins1000 | ip=192.168.69.80 | op=SEND_HEARTBEAT {datanodeUUID=a9749916-bffa-47e1-9722-b32b9535ac16, command=[]} | ret=SUCCESS |  
2019-08-28 13:14:51,016 | INFO  | SCMAudit | user=jenkins1000 | ip=192.168.69.80 | op=SEND_HEARTBEAT {datanodeUUID=95284c31-b056-4479-beeb-a4c373ff570a, command=[]} | ret=SUCCESS |  
2019-08-28 13:14:51,268 | INFO  | SCMAudit | user=jenkins1000 | ip=192.168.69.80 | op=SEND_HEARTBEAT {datanodeUUID=e4138a83-3237-49cf-bd95-e4d1f4bc0f26, command=[]} | ret=SUCCESS |  
2019-08-28 13:14:51,268 | INFO  | SCMAudit | user=jenkins1000 | ip=192.168.69.80 | op=SEND_HEARTBEAT {datanodeUUID=a02c2287-4371-470d-af9d-9173eadd0e2d, command=[]} | ret=SUCCESS |  
2019-08-28 13:14:51,395 | INFO  | SCMAudit | user=jenkins1000 | ip=192.168.69.80 | op=SEND_HEARTBEAT {datanodeUUID=2c13e896-096e-4874-9cbd-af1a318ff0cd, command=[]} | ret=SUCCESS |  
2019-08-28 13:14:51,463 [grpc-default-executor-10] INFO  client.GrpcClientProtocolClient (GrpcClientProtocolClient.java:onNext(255)) - client-098E2ECE98EA->a02c2287-4371-470d-af9d-9173eadd0e2d: receive RaftClientReply:client-098E2ECE98EA->a02c2287-4371-470d-af9d-9173eadd0e2d@group-B39C92501AA1, cid=101, FAILED org.apache.ratis.protocol.NotLeaderException: Server a02c2287-4371-470d-af9d-9173eadd0e2d is not the leader (b0c0a05c-f880-453d-9fb5-b5b957d6ee89:192.168.69.80:36997). Request must be sent to leader., logIndex=0, commits[a02c2287-4371-470d-af9d-9173eadd0e2d:c2, b0c0a05c-f880-453d-9fb5-b5b957d6ee89:c2, e4138a83-3237-49cf-bd95-e4d1f4bc0f26:c2]
2019-08-28 13:14:51,593 | INFO  | SCMAudit | user=jenkins1000 | ip=192.168.69.80 | op=SEND_HEARTBEAT {datanodeUUID=45e76979-f027-49c0-8770-9a0fdb9d3028, command=[]} | ret=SUCCESS |  
2019-08-28 13:14:51,811 | INFO  | SCMAudit | user=jenkins1000 | ip=192.168.69.80 | op=SEND_HEARTBEAT {datanodeUUID=a9749916-bffa-47e1-9722-b32b9535ac16, command=[]} | ret=SUCCESS |  
2019-08-28 13:14:52,015 | INFO  | SCMAudit | user=jenkins1000 | ip=192.168.69.80 | op=SEND_HEARTBEAT {datanodeUUID=95284c31-b056-4479-beeb-a4c373ff570a, command=[]} | ret=SUCCESS |  
2019-08-28 13:14:52,269 | INFO  | SCMAudit | user=jenkins1000 | ip=192.168.69.80 | op=SEND_HEARTBEAT {datanodeUUID=e4138a83-3237-49cf-bd95-e4d1f4bc0f26, command=[]} | ret=SUCCESS |  
2019-08-28 13:14:52,269 | INFO  | SCMAudit | user=jenkins1000 | ip=192.168.69.80 | op=SEND_HEARTBEAT {datanodeUUID=a02c2287-4371-470d-af9d-9173eadd0e2d, command=[]} | ret=SUCCESS |  
2019-08-28 13:14:52,395 | INFO  | SCMAudit | user=jenkins1000 | ip=192.168.69.80 | op=SEND_HEARTBEAT {datanodeUUID=2c13e896-096e-4874-9cbd-af1a318ff0cd, command=[]} | ret=SUCCESS |  
2019-08-28 13:14:52,483 [grpc-default-executor-9] INFO  client.GrpcClientProtocolClient (GrpcClientProtocolClient.java:onNext(255)) - client-098E2ECE98EA->a02c2287-4371-470d-af9d-9173eadd0e2d: receive RaftClientReply:client-098E2ECE98EA->a02c2287-4371-470d-af9d-9173eadd0e2d@group-B39C92501AA1, cid=101, FAILED org.apache.ratis.protocol.NotLeaderException: Server a02c2287-4371-470d-af9d-9173eadd0e2d is not the leader (b0c0a05c-f880-453d-9fb5-b5b957d6ee89:192.168.69.80:36997). Request must be sent to leader., logIndex=0, commits[a02c2287-4371-470d-af9d-9173eadd0e2d:c2, b0c0a05c-f880-453d-9fb5-b5b957d6ee89:c2, e4138a83-3237-49cf-bd95-e4d1f4bc0f26:c2]
2019-08-28 13:14:52,593 | INFO  | SCMAudit | user=jenkins1000 | ip=192.168.69.80 | op=SEND_HEARTBEAT {datanodeUUID=45e76979-f027-49c0-8770-9a0fdb9d3028, command=[]} | ret=SUCCESS |  
2019-08-28 13:14:52,810 | INFO  | SCMAudit | user=jenkins1000 | ip=192.168.69.80 | op=SEND_HEARTBEAT {datanodeUUID=a9749916-bffa-47e1-9722-b32b9535ac16, command=[]} | ret=SUCCESS |  
2019-08-28 13:14:52,994 [Thread-2575] INFO  impl.FollowerState (FollowerState.java:run(106)) - a02c2287-4371-470d-af9d-9173eadd0e2d:group-B39C92501AA1 changes to CANDIDATE, lastRpcTime:9842, electionTimeout:5186ms
2019-08-28 13:14:52,994 [Thread-2575] INFO  impl.RoleInfo (RoleInfo.java:shutdownFollowerState(121)) - a02c2287-4371-470d-af9d-9173eadd0e2d: shutdown FollowerState
2019-08-28 13:14:52,994 [Thread-2575] INFO  impl.RaftServerImpl (RaftServerImpl.java:setRole(171)) - a02c2287-4371-470d-af9d-9173eadd0e2d:group-B39C92501AA1 changes role from FOLLOWER to CANDIDATE at term 1 for changeToCandidate
2019-08-28 13:14:52,994 [Thread-2575] INFO  impl.RoleInfo (RoleInfo.java:updateAndGet(143)) - a02c2287-4371-470d-af9d-9173eadd0e2d: start LeaderElection
2019-08-28 13:14:52,998 [a02c2287-4371-470d-af9d-9173eadd0e2d:group-B39C92501AA1:LeaderElection83] INFO  impl.RaftServerImpl (ServerState.java:setLeader(263)) - a02c2287-4371-470d-af9d-9173eadd0e2d:group-B39C92501AA1 change Leader from b0c0a05c-f880-453d-9fb5-b5b957d6ee89 to null at term 1 for initElection
2019-08-28 13:14:53,015 | INFO  | SCMAudit | user=jenkins1000 | ip=192.168.69.80 | op=SEND_HEARTBEAT {datanodeUUID=95284c31-b056-4479-beeb-a4c373ff570a, command=[]} | ret=SUCCESS |  
2019-08-28 13:14:53,017 [Thread-2576] INFO  impl.FollowerState (FollowerState.java:run(106)) - e4138a83-3237-49cf-bd95-e4d1f4bc0f26:group-B39C92501AA1 changes to CANDIDATE, lastRpcTime:9865, electionTimeout:5116ms
2019-08-28 13:14:53,018 [Thread-2576] INFO  impl.RoleInfo (RoleInfo.java:shutdownFollowerState(121)) - e4138a83-3237-49cf-bd95-e4d1f4bc0f26: shutdown FollowerState
2019-08-28 13:14:53,018 [Thread-2576] INFO  impl.RaftServerImpl (RaftServerImpl.java:setRole(171)) - e4138a83-3237-49cf-bd95-e4d1f4bc0f26:group-B39C92501AA1 changes role from FOLLOWER to CANDIDATE at term 1 for changeToCandidate
2019-08-28 13:14:53,018 [Thread-2576] INFO  impl.RoleInfo (RoleInfo.java:updateAndGet(143)) - e4138a83-3237-49cf-bd95-e4d1f4bc0f26: start LeaderElection
2019-08-28 13:14:53,021 [e4138a83-3237-49cf-bd95-e4d1f4bc0f26:group-B39C92501AA1:LeaderElection84] INFO  impl.RaftServerImpl (ServerState.java:setLeader(263)) - e4138a83-3237-49cf-bd95-e4d1f4bc0f26:group-B39C92501AA1 change Leader from b0c0a05c-f880-453d-9fb5-b5b957d6ee89 to null at term 1 for initElection
2019-08-28 13:14:53,021 [a02c2287-4371-470d-af9d-9173eadd0e2d:group-B39C92501AA1:LeaderElection83] INFO  impl.LeaderElection (LeaderElection.java:askForVotes(181)) - a02c2287-4371-470d-af9d-9173eadd0e2d:group-B39C92501AA1:LeaderElection83: begin an election at term 2 for 0: [a02c2287-4371-470d-af9d-9173eadd0e2d:192.168.69.80:37708, b0c0a05c-f880-453d-9fb5-b5b957d6ee89:192.168.69.80:36997, e4138a83-3237-49cf-bd95-e4d1f4bc0f26:192.168.69.80:34056], old=null
2019-08-28 13:14:53,024 [a02c2287-4371-470d-af9d-9173eadd0e2d:group-B39C92501AA1:LeaderElection83] INFO  impl.LeaderElection (LogUtils.java:infoOrTrace(149)) - a02c2287-4371-470d-af9d-9173eadd0e2d:group-B39C92501AA1:LeaderElection83 got exception when requesting votes: {}
java.util.concurrent.ExecutionException: org.apache.ratis.thirdparty.io.grpc.StatusRuntimeException: UNAVAILABLE: io exception
	at java.util.concurrent.FutureTask.report(FutureTask.java:122)
	at java.util.concurrent.FutureTask.get(FutureTask.java:192)
	at org.apache.ratis.server.impl.LeaderElection.waitForResults(LeaderElection.java:262)
	at org.apache.ratis.server.impl.LeaderElection.askForVotes(LeaderElection.java:200)
	at org.apache.ratis.server.impl.LeaderElection.run(LeaderElection.java:130)
	at java.lang.Thread.run(Thread.java:748)
Caused by: org.apache.ratis.thirdparty.io.grpc.StatusRuntimeException: UNAVAILABLE: io exception
	at org.apache.ratis.thirdparty.io.grpc.stub.ClientCalls.toStatusRuntimeException(ClientCalls.java:233)
	at org.apache.ratis.thirdparty.io.grpc.stub.ClientCalls.getUnchecked(ClientCalls.java:214)
	at org.apache.ratis.thirdparty.io.grpc.stub.ClientCalls.blockingUnaryCall(ClientCalls.java:139)
	at org.apache.ratis.proto.grpc.RaftServerProtocolServiceGrpc$RaftServerProtocolServiceBlockingStub.requestVote(RaftServerProtocolServiceGrpc.java:265)
	at org.apache.ratis.grpc.server.GrpcServerProtocolClient.requestVote(GrpcServerProtocolClient.java:83)
	at org.apache.ratis.grpc.server.GrpcService.requestVote(GrpcService.java:195)
	at org.apache.ratis.server.impl.LeaderElection.lambda$submitRequests$1(LeaderElection.java:237)
	at java.util.concurrent.FutureTask.run(FutureTask.java:266)
	at java.util.concurrent.Executors$RunnableAdapter.call(Executors.java:511)
	at java.util.concurrent.FutureTask.run(FutureTask.java:266)
	at java.util.concurrent.ThreadPoolExecutor.runWorker(ThreadPoolExecutor.java:1149)
	at java.util.concurrent.ThreadPoolExecutor$Worker.run(ThreadPoolExecutor.java:624)
	... 1 more
Caused by: org.apache.ratis.thirdparty.io.netty.channel.AbstractChannel$AnnotatedConnectException: Connection refused: /192.168.69.80:36997
	at sun.nio.ch.SocketChannelImpl.checkConnect(Native Method)
	at sun.nio.ch.SocketChannelImpl.finishConnect(SocketChannelImpl.java:717)
	at org.apache.ratis.thirdparty.io.netty.channel.socket.nio.NioSocketChannel.doFinishConnect(NioSocketChannel.java:327)
	at org.apache.ratis.thirdparty.io.netty.channel.nio.AbstractNioChannel$AbstractNioUnsafe.finishConnect(AbstractNioChannel.java:340)
	at org.apache.ratis.thirdparty.io.netty.channel.nio.NioEventLoop.processSelectedKey(NioEventLoop.java:632)
	at org.apache.ratis.thirdparty.io.netty.channel.nio.NioEventLoop.processSelectedKeysOptimized(NioEventLoop.java:579)
	at org.apache.ratis.thirdparty.io.netty.channel.nio.NioEventLoop.processSelectedKeys(NioEventLoop.java:496)
	at org.apache.ratis.thirdparty.io.netty.channel.nio.NioEventLoop.run(NioEventLoop.java:458)
	at org.apache.ratis.thirdparty.io.netty.util.concurrent.SingleThreadEventExecutor$5.run(SingleThreadEventExecutor.java:897)
	at org.apache.ratis.thirdparty.io.netty.util.concurrent.FastThreadLocalRunnable.run(FastThreadLocalRunnable.java:30)
	... 1 more
Caused by: java.net.ConnectException: Connection refused
	... 11 more
2019-08-28 13:14:53,038 [e4138a83-3237-49cf-bd95-e4d1f4bc0f26:group-B39C92501AA1:LeaderElection84] INFO  impl.LeaderElection (LeaderElection.java:askForVotes(181)) - e4138a83-3237-49cf-bd95-e4d1f4bc0f26:group-B39C92501AA1:LeaderElection84: begin an election at term 2 for 0: [a02c2287-4371-470d-af9d-9173eadd0e2d:192.168.69.80:37708, b0c0a05c-f880-453d-9fb5-b5b957d6ee89:192.168.69.80:36997, e4138a83-3237-49cf-bd95-e4d1f4bc0f26:192.168.69.80:34056], old=null
2019-08-28 13:14:53,039 [a02c2287-4371-470d-af9d-9173eadd0e2d:group-B39C92501AA1:LeaderElection83] INFO  impl.LeaderElection (LeaderElection.java:logAndReturn(56)) - a02c2287-4371-470d-af9d-9173eadd0e2d:group-B39C92501AA1:LeaderElection83: Election REJECTED; received 1 response(s) [a02c2287-4371-470d-af9d-9173eadd0e2d<-e4138a83-3237-49cf-bd95-e4d1f4bc0f26#0:FAIL-t2] and 1 exception(s); a02c2287-4371-470d-af9d-9173eadd0e2d:t2, leader=null, voted=a02c2287-4371-470d-af9d-9173eadd0e2d, raftlog=a02c2287-4371-470d-af9d-9173eadd0e2d-SegmentedRaftLog:OPENED:c2,f2,i2, conf=0: [a02c2287-4371-470d-af9d-9173eadd0e2d:192.168.69.80:37708, b0c0a05c-f880-453d-9fb5-b5b957d6ee89:192.168.69.80:36997, e4138a83-3237-49cf-bd95-e4d1f4bc0f26:192.168.69.80:34056], old=null
2019-08-28 13:14:53,039 [a02c2287-4371-470d-af9d-9173eadd0e2d:group-B39C92501AA1:LeaderElection83] INFO  impl.LeaderElection (LogUtils.java:infoOrTrace(149)) -   Exception 0: {}
java.util.concurrent.ExecutionException: org.apache.ratis.thirdparty.io.grpc.StatusRuntimeException: UNAVAILABLE: io exception
	at java.util.concurrent.FutureTask.report(FutureTask.java:122)
	at java.util.concurrent.FutureTask.get(FutureTask.java:192)
	at org.apache.ratis.server.impl.LeaderElection.waitForResults(LeaderElection.java:262)
	at org.apache.ratis.server.impl.LeaderElection.askForVotes(LeaderElection.java:200)
	at org.apache.ratis.server.impl.LeaderElection.run(LeaderElection.java:130)
	at java.lang.Thread.run(Thread.java:748)
Caused by: org.apache.ratis.thirdparty.io.grpc.StatusRuntimeException: UNAVAILABLE: io exception
	at org.apache.ratis.thirdparty.io.grpc.stub.ClientCalls.toStatusRuntimeException(ClientCalls.java:233)
	at org.apache.ratis.thirdparty.io.grpc.stub.ClientCalls.getUnchecked(ClientCalls.java:214)
	at org.apache.ratis.thirdparty.io.grpc.stub.ClientCalls.blockingUnaryCall(ClientCalls.java:139)
	at org.apache.ratis.proto.grpc.RaftServerProtocolServiceGrpc$RaftServerProtocolServiceBlockingStub.requestVote(RaftServerProtocolServiceGrpc.java:265)
	at org.apache.ratis.grpc.server.GrpcServerProtocolClient.requestVote(GrpcServerProtocolClient.java:83)
	at org.apache.ratis.grpc.server.GrpcService.requestVote(GrpcService.java:195)
	at org.apache.ratis.server.impl.LeaderElection.lambda$submitRequests$1(LeaderElection.java:237)
	at java.util.concurrent.FutureTask.run(FutureTask.java:266)
	at java.util.concurrent.Executors$RunnableAdapter.call(Executors.java:511)
	at java.util.concurrent.FutureTask.run(FutureTask.java:266)
	at java.util.concurrent.ThreadPoolExecutor.runWorker(ThreadPoolExecutor.java:1149)
	at java.util.concurrent.ThreadPoolExecutor$Worker.run(ThreadPoolExecutor.java:624)
	... 1 more
Caused by: org.apache.ratis.thirdparty.io.netty.channel.AbstractChannel$AnnotatedConnectException: Connection refused: /192.168.69.80:36997
	at sun.nio.ch.SocketChannelImpl.checkConnect(Native Method)
	at sun.nio.ch.SocketChannelImpl.finishConnect(SocketChannelImpl.java:717)
	at org.apache.ratis.thirdparty.io.netty.channel.socket.nio.NioSocketChannel.doFinishConnect(NioSocketChannel.java:327)
	at org.apache.ratis.thirdparty.io.netty.channel.nio.AbstractNioChannel$AbstractNioUnsafe.finishConnect(AbstractNioChannel.java:340)
	at org.apache.ratis.thirdparty.io.netty.channel.nio.NioEventLoop.processSelectedKey(NioEventLoop.java:632)
	at org.apache.ratis.thirdparty.io.netty.channel.nio.NioEventLoop.processSelectedKeysOptimized(NioEventLoop.java:579)
	at org.apache.ratis.thirdparty.io.netty.channel.nio.NioEventLoop.processSelectedKeys(NioEventLoop.java:496)
	at org.apache.ratis.thirdparty.io.netty.channel.nio.NioEventLoop.run(NioEventLoop.java:458)
	at org.apache.ratis.thirdparty.io.netty.util.concurrent.SingleThreadEventExecutor$5.run(SingleThreadEventExecutor.java:897)
	at org.apache.ratis.thirdparty.io.netty.util.concurrent.FastThreadLocalRunnable.run(FastThreadLocalRunnable.java:30)
	... 1 more
Caused by: java.net.ConnectException: Connection refused
	... 11 more
2019-08-28 13:14:53,040 [a02c2287-4371-470d-af9d-9173eadd0e2d:group-B39C92501AA1:LeaderElection83] INFO  impl.RaftServerImpl (RaftServerImpl.java:setRole(171)) - a02c2287-4371-470d-af9d-9173eadd0e2d:group-B39C92501AA1 changes role from CANDIDATE to FOLLOWER at term 2 for DISCOVERED_A_NEW_TERM
2019-08-28 13:14:53,040 [a02c2287-4371-470d-af9d-9173eadd0e2d:group-B39C92501AA1:LeaderElection83] INFO  impl.RoleInfo (RoleInfo.java:shutdownLeaderElection(134)) - a02c2287-4371-470d-af9d-9173eadd0e2d: shutdown LeaderElection
2019-08-28 13:14:53,041 [a02c2287-4371-470d-af9d-9173eadd0e2d:group-B39C92501AA1:LeaderElection83] INFO  impl.RoleInfo (RoleInfo.java:updateAndGet(143)) - a02c2287-4371-470d-af9d-9173eadd0e2d: start FollowerState
2019-08-28 13:14:53,041 [e4138a83-3237-49cf-bd95-e4d1f4bc0f26:group-B39C92501AA1:LeaderElection84] INFO  impl.LeaderElection (LogUtils.java:infoOrTrace(149)) - e4138a83-3237-49cf-bd95-e4d1f4bc0f26:group-B39C92501AA1:LeaderElection84 got exception when requesting votes: {}
java.util.concurrent.ExecutionException: org.apache.ratis.thirdparty.io.grpc.StatusRuntimeException: UNAVAILABLE: io exception
	at java.util.concurrent.FutureTask.report(FutureTask.java:122)
	at java.util.concurrent.FutureTask.get(FutureTask.java:192)
	at org.apache.ratis.server.impl.LeaderElection.waitForResults(LeaderElection.java:262)
	at org.apache.ratis.server.impl.LeaderElection.askForVotes(LeaderElection.java:200)
	at org.apache.ratis.server.impl.LeaderElection.run(LeaderElection.java:130)
	at java.lang.Thread.run(Thread.java:748)
Caused by: org.apache.ratis.thirdparty.io.grpc.StatusRuntimeException: UNAVAILABLE: io exception
	at org.apache.ratis.thirdparty.io.grpc.stub.ClientCalls.toStatusRuntimeException(ClientCalls.java:233)
	at org.apache.ratis.thirdparty.io.grpc.stub.ClientCalls.getUnchecked(ClientCalls.java:214)
	at org.apache.ratis.thirdparty.io.grpc.stub.ClientCalls.blockingUnaryCall(ClientCalls.java:139)
	at org.apache.ratis.proto.grpc.RaftServerProtocolServiceGrpc$RaftServerProtocolServiceBlockingStub.requestVote(RaftServerProtocolServiceGrpc.java:265)
	at org.apache.ratis.grpc.server.GrpcServerProtocolClient.requestVote(GrpcServerProtocolClient.java:83)
	at org.apache.ratis.grpc.server.GrpcService.requestVote(GrpcService.java:195)
	at org.apache.ratis.server.impl.LeaderElection.lambda$submitRequests$1(LeaderElection.java:237)
	at java.util.concurrent.FutureTask.run(FutureTask.java:266)
	at java.util.concurrent.Executors$RunnableAdapter.call(Executors.java:511)
	at java.util.concurrent.FutureTask.run(FutureTask.java:266)
	at java.util.concurrent.ThreadPoolExecutor.runWorker(ThreadPoolExecutor.java:1149)
	at java.util.concurrent.ThreadPoolExecutor$Worker.run(ThreadPoolExecutor.java:624)
	... 1 more
Caused by: org.apache.ratis.thirdparty.io.netty.channel.AbstractChannel$AnnotatedConnectException: Connection refused: /192.168.69.80:36997
	at sun.nio.ch.SocketChannelImpl.checkConnect(Native Method)
	at sun.nio.ch.SocketChannelImpl.finishConnect(SocketChannelImpl.java:717)
	at org.apache.ratis.thirdparty.io.netty.channel.socket.nio.NioSocketChannel.doFinishConnect(NioSocketChannel.java:327)
	at org.apache.ratis.thirdparty.io.netty.channel.nio.AbstractNioChannel$AbstractNioUnsafe.finishConnect(AbstractNioChannel.java:340)
	at org.apache.ratis.thirdparty.io.netty.channel.nio.NioEventLoop.processSelectedKey(NioEventLoop.java:632)
	at org.apache.ratis.thirdparty.io.netty.channel.nio.NioEventLoop.processSelectedKeysOptimized(NioEventLoop.java:579)
	at org.apache.ratis.thirdparty.io.netty.channel.nio.NioEventLoop.processSelectedKeys(NioEventLoop.java:496)
	at org.apache.ratis.thirdparty.io.netty.channel.nio.NioEventLoop.run(NioEventLoop.java:458)
	at org.apache.ratis.thirdparty.io.netty.util.concurrent.SingleThreadEventExecutor$5.run(SingleThreadEventExecutor.java:897)
	at org.apache.ratis.thirdparty.io.netty.util.concurrent.FastThreadLocalRunnable.run(FastThreadLocalRunnable.java:30)
	... 1 more
Caused by: java.net.ConnectException: Connection refused
	... 11 more
2019-08-28 13:14:53,046 [e4138a83-3237-49cf-bd95-e4d1f4bc0f26:group-B39C92501AA1:LeaderElection84] INFO  impl.LeaderElection (LeaderElection.java:logAndReturn(56)) - e4138a83-3237-49cf-bd95-e4d1f4bc0f26:group-B39C92501AA1:LeaderElection84: Election REJECTED; received 1 response(s) [e4138a83-3237-49cf-bd95-e4d1f4bc0f26<-a02c2287-4371-470d-af9d-9173eadd0e2d#0:FAIL-t2] and 1 exception(s); e4138a83-3237-49cf-bd95-e4d1f4bc0f26:t2, leader=null, voted=e4138a83-3237-49cf-bd95-e4d1f4bc0f26, raftlog=e4138a83-3237-49cf-bd95-e4d1f4bc0f26-SegmentedRaftLog:OPENED:c2,f2,i2, conf=0: [a02c2287-4371-470d-af9d-9173eadd0e2d:192.168.69.80:37708, b0c0a05c-f880-453d-9fb5-b5b957d6ee89:192.168.69.80:36997, e4138a83-3237-49cf-bd95-e4d1f4bc0f26:192.168.69.80:34056], old=null
2019-08-28 13:14:53,046 [e4138a83-3237-49cf-bd95-e4d1f4bc0f26:group-B39C92501AA1:LeaderElection84] INFO  impl.LeaderElection (LogUtils.java:infoOrTrace(149)) -   Exception 0: {}
java.util.concurrent.ExecutionException: org.apache.ratis.thirdparty.io.grpc.StatusRuntimeException: UNAVAILABLE: io exception
	at java.util.concurrent.FutureTask.report(FutureTask.java:122)
	at java.util.concurrent.FutureTask.get(FutureTask.java:192)
	at org.apache.ratis.server.impl.LeaderElection.waitForResults(LeaderElection.java:262)
	at org.apache.ratis.server.impl.LeaderElection.askForVotes(LeaderElection.java:200)
	at org.apache.ratis.server.impl.LeaderElection.run(LeaderElection.java:130)
	at java.lang.Thread.run(Thread.java:748)
Caused by: org.apache.ratis.thirdparty.io.grpc.StatusRuntimeException: UNAVAILABLE: io exception
	at org.apache.ratis.thirdparty.io.grpc.stub.ClientCalls.toStatusRuntimeException(ClientCalls.java:233)
	at org.apache.ratis.thirdparty.io.grpc.stub.ClientCalls.getUnchecked(ClientCalls.java:214)
	at org.apache.ratis.thirdparty.io.grpc.stub.ClientCalls.blockingUnaryCall(ClientCalls.java:139)
	at org.apache.ratis.proto.grpc.RaftServerProtocolServiceGrpc$RaftServerProtocolServiceBlockingStub.requestVote(RaftServerProtocolServiceGrpc.java:265)
	at org.apache.ratis.grpc.server.GrpcServerProtocolClient.requestVote(GrpcServerProtocolClient.java:83)
	at org.apache.ratis.grpc.server.GrpcService.requestVote(GrpcService.java:195)
	at org.apache.ratis.server.impl.LeaderElection.lambda$submitRequests$1(LeaderElection.java:237)
	at java.util.concurrent.FutureTask.run(FutureTask.java:266)
	at java.util.concurrent.Executors$RunnableAdapter.call(Executors.java:511)
	at java.util.concurrent.FutureTask.run(FutureTask.java:266)
	at java.util.concurrent.ThreadPoolExecutor.runWorker(ThreadPoolExecutor.java:1149)
	at java.util.concurrent.ThreadPoolExecutor$Worker.run(ThreadPoolExecutor.java:624)
	... 1 more
Caused by: org.apache.ratis.thirdparty.io.netty.channel.AbstractChannel$AnnotatedConnectException: Connection refused: /192.168.69.80:36997
	at sun.nio.ch.SocketChannelImpl.checkConnect(Native Method)
	at sun.nio.ch.SocketChannelImpl.finishConnect(SocketChannelImpl.java:717)
	at org.apache.ratis.thirdparty.io.netty.channel.socket.nio.NioSocketChannel.doFinishConnect(NioSocketChannel.java:327)
	at org.apache.ratis.thirdparty.io.netty.channel.nio.AbstractNioChannel$AbstractNioUnsafe.finishConnect(AbstractNioChannel.java:340)
	at org.apache.ratis.thirdparty.io.netty.channel.nio.NioEventLoop.processSelectedKey(NioEventLoop.java:632)
	at org.apache.ratis.thirdparty.io.netty.channel.nio.NioEventLoop.processSelectedKeysOptimized(NioEventLoop.java:579)
	at org.apache.ratis.thirdparty.io.netty.channel.nio.NioEventLoop.processSelectedKeys(NioEventLoop.java:496)
	at org.apache.ratis.thirdparty.io.netty.channel.nio.NioEventLoop.run(NioEventLoop.java:458)
	at org.apache.ratis.thirdparty.io.netty.util.concurrent.SingleThreadEventExecutor$5.run(SingleThreadEventExecutor.java:897)
	at org.apache.ratis.thirdparty.io.netty.util.concurrent.FastThreadLocalRunnable.run(FastThreadLocalRunnable.java:30)
	... 1 more
Caused by: java.net.ConnectException: Connection refused
	... 11 more
2019-08-28 13:14:53,046 [e4138a83-3237-49cf-bd95-e4d1f4bc0f26:group-B39C92501AA1:LeaderElection84] INFO  impl.RaftServerImpl (RaftServerImpl.java:setRole(171)) - e4138a83-3237-49cf-bd95-e4d1f4bc0f26:group-B39C92501AA1 changes role from CANDIDATE to FOLLOWER at term 2 for DISCOVERED_A_NEW_TERM
2019-08-28 13:14:53,047 [e4138a83-3237-49cf-bd95-e4d1f4bc0f26:group-B39C92501AA1:LeaderElection84] INFO  impl.RoleInfo (RoleInfo.java:shutdownLeaderElection(134)) - e4138a83-3237-49cf-bd95-e4d1f4bc0f26: shutdown LeaderElection
2019-08-28 13:14:53,047 [e4138a83-3237-49cf-bd95-e4d1f4bc0f26:group-B39C92501AA1:LeaderElection84] INFO  impl.RoleInfo (RoleInfo.java:updateAndGet(143)) - e4138a83-3237-49cf-bd95-e4d1f4bc0f26: start FollowerState
2019-08-28 13:14:53,269 | INFO  | SCMAudit | user=jenkins1000 | ip=192.168.69.80 | op=SEND_HEARTBEAT {datanodeUUID=a02c2287-4371-470d-af9d-9173eadd0e2d, command=[]} | ret=SUCCESS |  
2019-08-28 13:14:53,269 | INFO  | SCMAudit | user=jenkins1000 | ip=192.168.69.80 | op=SEND_HEARTBEAT {datanodeUUID=e4138a83-3237-49cf-bd95-e4d1f4bc0f26, command=[]} | ret=SUCCESS |  
2019-08-28 13:14:53,396 | INFO  | SCMAudit | user=jenkins1000 | ip=192.168.69.80 | op=SEND_HEARTBEAT {datanodeUUID=2c13e896-096e-4874-9cbd-af1a318ff0cd, command=[]} | ret=SUCCESS |  
2019-08-28 13:14:53,511 [grpc-default-executor-8] INFO  client.GrpcClientProtocolClient (GrpcClientProtocolClient.java:onNext(255)) - client-098E2ECE98EA->a02c2287-4371-470d-af9d-9173eadd0e2d: receive RaftClientReply:client-098E2ECE98EA->a02c2287-4371-470d-af9d-9173eadd0e2d@group-B39C92501AA1, cid=101, FAILED org.apache.ratis.protocol.NotLeaderException: Server a02c2287-4371-470d-af9d-9173eadd0e2d is not the leader (null). Request must be sent to leader., logIndex=0, commits[a02c2287-4371-470d-af9d-9173eadd0e2d:c2, b0c0a05c-f880-453d-9fb5-b5b957d6ee89:c2, e4138a83-3237-49cf-bd95-e4d1f4bc0f26:c2]
2019-08-28 13:14:53,593 | INFO  | SCMAudit | user=jenkins1000 | ip=192.168.69.80 | op=SEND_HEARTBEAT {datanodeUUID=45e76979-f027-49c0-8770-9a0fdb9d3028, command=[]} | ret=SUCCESS |  
2019-08-28 13:14:53,810 | INFO  | SCMAudit | user=jenkins1000 | ip=192.168.69.80 | op=SEND_HEARTBEAT {datanodeUUID=a9749916-bffa-47e1-9722-b32b9535ac16, command=[]} | ret=SUCCESS |  
2019-08-28 13:14:54,015 | INFO  | SCMAudit | user=jenkins1000 | ip=192.168.69.80 | op=SEND_HEARTBEAT {datanodeUUID=95284c31-b056-4479-beeb-a4c373ff570a, command=[]} | ret=SUCCESS |  
2019-08-28 13:14:54,269 | INFO  | SCMAudit | user=jenkins1000 | ip=192.168.69.80 | op=SEND_HEARTBEAT {datanodeUUID=a02c2287-4371-470d-af9d-9173eadd0e2d, command=[]} | ret=SUCCESS |  
2019-08-28 13:14:54,269 | INFO  | SCMAudit | user=jenkins1000 | ip=192.168.69.80 | op=SEND_HEARTBEAT {datanodeUUID=e4138a83-3237-49cf-bd95-e4d1f4bc0f26, command=[]} | ret=SUCCESS |  
2019-08-28 13:14:54,395 | INFO  | SCMAudit | user=jenkins1000 | ip=192.168.69.80 | op=SEND_HEARTBEAT {datanodeUUID=2c13e896-096e-4874-9cbd-af1a318ff0cd, command=[]} | ret=SUCCESS |  
]]></system-out>
    <system-err><![CDATA[Aug 28, 2019 1:14:27 PM com.sun.jersey.server.impl.application.WebApplicationImpl _initiate
INFO: Initiating Jersey application, version 'Jersey: 1.19 02/11/2015 03:25 AM'
Aug 28, 2019 1:14:27 PM com.sun.jersey.server.impl.application.WebApplicationImpl _initiate
INFO: Initiating Jersey application, version 'Jersey: 1.19 02/11/2015 03:25 AM'
Aug 28, 2019 1:14:28 PM com.sun.jersey.server.impl.application.WebApplicationImpl _initiate
INFO: Initiating Jersey application, version 'Jersey: 1.19 02/11/2015 03:25 AM'
Aug 28, 2019 1:14:28 PM com.sun.jersey.server.impl.application.WebApplicationImpl _initiate
INFO: Initiating Jersey application, version 'Jersey: 1.19 02/11/2015 03:25 AM'
Aug 28, 2019 1:14:28 PM com.sun.jersey.server.impl.application.WebApplicationImpl _initiate
INFO: Initiating Jersey application, version 'Jersey: 1.19 02/11/2015 03:25 AM'
Aug 28, 2019 1:14:28 PM com.sun.jersey.server.impl.application.WebApplicationImpl _initiate
INFO: Initiating Jersey application, version 'Jersey: 1.19 02/11/2015 03:25 AM'
Aug 28, 2019 1:14:28 PM com.sun.jersey.server.impl.application.WebApplicationImpl _initiate
INFO: Initiating Jersey application, version 'Jersey: 1.19 02/11/2015 03:25 AM'
]]></system-err>
  </testcase>
</testsuite>