<?xml version="1.0" encoding="UTF-8"?>
<testsuite xmlns:xsi="http://www.w3.org/2001/XMLSchema-instance" xsi:noNamespaceSchemaLocation="https://maven.apache.org/surefire/maven-surefire-plugin/xsd/surefire-test-report.xsd" name="org.apache.hadoop.ozone.client.rpc.TestCommitWatcher" time="50.444" tests="2" errors="0" skipped="0" failures="1">
  <properties>
    <property name="awt.toolkit" value="sun.awt.X11.XToolkit"/>
    <property name="file.encoding.pkg" value="sun.io"/>
    <property name="java.specification.version" value="1.8"/>
    <property name="sun.cpu.isalist" value=""/>
    <property name="sun.jnu.encoding" value="UTF-8"/>
    <property name="java.class.path" value="/workdir/hadoop-ozone/integration-test/target/test-classes:/workdir/hadoop-ozone/integration-test/target/classes:/home/user/.m2/repository/org/apache/hadoop/hadoop-ozone-common/0.5.0-SNAPSHOT/hadoop-ozone-common-0.5.0-SNAPSHOT.jar:/home/user/.m2/repository/org/apache/commons/commons-compress/1.4.1/commons-compress-1.4.1.jar:/home/user/.m2/repository/org/tukaani/xz/1.0/xz-1.0.jar:/home/user/.m2/repository/org/apache/hadoop/hadoop-common/3.2.0/hadoop-common-3.2.0.jar:/home/user/.m2/repository/org/apache/hadoop/hadoop-hdfs/3.2.0/hadoop-hdfs-3.2.0.jar:/home/user/.m2/repository/org/apache/hadoop/hadoop-hdfs-client/3.2.0/hadoop-hdfs-client-3.2.0.jar:/home/user/.m2/repository/com/fasterxml/jackson/core/jackson-annotations/2.9.5/jackson-annotations-2.9.5.jar:/home/user/.m2/repository/org/apache/hadoop/hadoop-hdds-common/0.5.0-SNAPSHOT/hadoop-hdds-common-0.5.0-SNAPSHOT.jar:/home/user/.m2/repository/javax/annotation/javax.annotation-api/1.2/javax.annotation-api-1.2.jar:/home/user/.m2/repository/org/apache/ratis/ratis-server/0.4.0-2337318-SNAPSHOT/ratis-server-0.4.0-2337318-SNAPSHOT.jar:/home/user/.m2/repository/org/apache/ratis/ratis-thirdparty-misc/0.2.0/ratis-thirdparty-misc-0.2.0.jar:/home/user/.m2/repository/org/apache/ratis/ratis-proto/0.4.0-2337318-SNAPSHOT/ratis-proto-0.4.0-2337318-SNAPSHOT.jar:/home/user/.m2/repository/org/apache/ratis/ratis-common/0.4.0-2337318-SNAPSHOT/ratis-common-0.4.0-2337318-SNAPSHOT.jar:/home/user/.m2/repository/org/apache/ratis/ratis-client/0.4.0-2337318-SNAPSHOT/ratis-client-0.4.0-2337318-SNAPSHOT.jar:/home/user/.m2/repository/org/apache/ratis/ratis-metrics/0.4.0-2337318-SNAPSHOT/ratis-metrics-0.4.0-2337318-SNAPSHOT.jar:/home/user/.m2/repository/org/apache/ratis/ratis-netty/0.4.0-2337318-SNAPSHOT/ratis-netty-0.4.0-2337318-SNAPSHOT.jar:/home/user/.m2/repository/org/apache/ratis/ratis-grpc/0.4.0-2337318-SNAPSHOT/ratis-grpc-0.4.0-2337318-SNAPSHOT.jar:/home/user/.m2/repository/org/rocksdb/rocksdbjni/6.0.1/rocksdbjni-6.0.1.jar:/home/user/.m2/repository/org/apache/logging/log4j/log4j-api/2.11.0/log4j-api-2.11.0.jar:/home/user/.m2/repository/org/apache/logging/log4j/log4j-core/2.11.0/log4j-core-2.11.0.jar:/home/user/.m2/repository/com/lmax/disruptor/3.4.2/disruptor-3.4.2.jar:/home/user/.m2/repository/org/apache/commons/commons-pool2/2.6.0/commons-pool2-2.6.0.jar:/home/user/.m2/repository/org/bouncycastle/bcpkix-jdk15on/1.60/bcpkix-jdk15on-1.60.jar:/home/user/.m2/repository/commons-validator/commons-validator/1.6/commons-validator-1.6.jar:/home/user/.m2/repository/commons-digester/commons-digester/1.8.1/commons-digester-1.8.1.jar:/home/user/.m2/repository/io/jaegertracing/jaeger-client/0.33.1/jaeger-client-0.33.1.jar:/home/user/.m2/repository/io/jaegertracing/jaeger-thrift/0.33.1/jaeger-thrift-0.33.1.jar:/home/user/.m2/repository/org/apache/thrift/libthrift/0.11.0/libthrift-0.11.0.jar:/home/user/.m2/repository/com/squareup/okhttp3/okhttp/3.9.0/okhttp-3.9.0.jar:/home/user/.m2/repository/com/squareup/okio/okio/1.13.0/okio-1.13.0.jar:/home/user/.m2/repository/io/jaegertracing/jaeger-core/0.33.1/jaeger-core-0.33.1.jar:/home/user/.m2/repository/io/jaegertracing/jaeger-tracerresolver/0.33.1/jaeger-tracerresolver-0.33.1.jar:/home/user/.m2/repository/io/opentracing/contrib/opentracing-tracerresolver/0.1.5/opentracing-tracerresolver-0.1.5.jar:/home/user/.m2/repository/io/opentracing/opentracing-util/0.31.0/opentracing-util-0.31.0.jar:/home/user/.m2/repository/io/opentracing/opentracing-api/0.31.0/opentracing-api-0.31.0.jar:/home/user/.m2/repository/io/opentracing/opentracing-noop/0.31.0/opentracing-noop-0.31.0.jar:/home/user/.m2/repository/org/apache/hadoop/hadoop-hdds-server-framework/0.5.0-SNAPSHOT/hadoop-hdds-server-framework-0.5.0-SNAPSHOT.jar:/home/user/.m2/repository/org/apache/hadoop/hadoop-hdds-container-service/0.5.0-SNAPSHOT/hadoop-hdds-container-service-0.5.0-SNAPSHOT.jar:/home/user/.m2/repository/org/apache/hadoop/hadoop-hdds-client/0.5.0-SNAPSHOT/hadoop-hdds-client-0.5.0-SNAPSHOT.jar:/home/user/.m2/repository/org/apache/hadoop/hadoop-hdds-tools/0.5.0-SNAPSHOT/hadoop-hdds-tools-0.5.0-SNAPSHOT.jar:/home/user/.m2/repository/org/apache/hadoop/hadoop-hdds-server-scm/0.5.0-SNAPSHOT/hadoop-hdds-server-scm-0.5.0-SNAPSHOT.jar:/home/user/.m2/repository/org/apache/hadoop/hadoop-hdds-docs/0.5.0-SNAPSHOT/hadoop-hdds-docs-0.5.0-SNAPSHOT.jar:/home/user/.m2/repository/io/dropwizard/metrics/metrics-core/3.2.4/metrics-core-3.2.4.jar:/home/user/.m2/repository/org/hamcrest/hamcrest-all/1.3/hamcrest-all-1.3.jar:/home/user/.m2/repository/org/bouncycastle/bcprov-jdk15on/1.60/bcprov-jdk15on-1.60.jar:/home/user/.m2/repository/info/picocli/picocli/3.9.6/picocli-3.9.6.jar:/home/user/.m2/repository/com/google/protobuf/protobuf-java/2.5.0/protobuf-java-2.5.0.jar:/home/user/.m2/repository/com/google/guava/guava/11.0.2/guava-11.0.2.jar:/home/user/.m2/repository/org/apache/hadoop/hadoop-ozone-ozone-manager/0.5.0-SNAPSHOT/hadoop-ozone-ozone-manager-0.5.0-SNAPSHOT.jar:/home/user/.m2/repository/org/apache/hadoop/hadoop-minikdc/3.2.0/hadoop-minikdc-3.2.0.jar:/home/user/.m2/repository/commons-io/commons-io/2.5/commons-io-2.5.jar:/home/user/.m2/repository/org/apache/kerby/kerb-simplekdc/1.0.1/kerb-simplekdc-1.0.1.jar:/home/user/.m2/repository/org/apache/kerby/kerb-client/1.0.1/kerb-client-1.0.1.jar:/home/user/.m2/repository/org/apache/kerby/kerby-config/1.0.1/kerby-config-1.0.1.jar:/home/user/.m2/repository/org/apache/kerby/kerb-core/1.0.1/kerb-core-1.0.1.jar:/home/user/.m2/repository/org/apache/kerby/kerby-pkix/1.0.1/kerby-pkix-1.0.1.jar:/home/user/.m2/repository/org/apache/kerby/kerby-asn1/1.0.1/kerby-asn1-1.0.1.jar:/home/user/.m2/repository/org/apache/kerby/kerby-util/1.0.1/kerby-util-1.0.1.jar:/home/user/.m2/repository/org/apache/kerby/kerb-common/1.0.1/kerb-common-1.0.1.jar:/home/user/.m2/repository/org/apache/kerby/kerb-crypto/1.0.1/kerb-crypto-1.0.1.jar:/home/user/.m2/repository/org/apache/kerby/kerb-util/1.0.1/kerb-util-1.0.1.jar:/home/user/.m2/repository/org/apache/kerby/token-provider/1.0.1/token-provider-1.0.1.jar:/home/user/.m2/repository/org/apache/kerby/kerb-admin/1.0.1/kerb-admin-1.0.1.jar:/home/user/.m2/repository/org/apache/kerby/kerb-server/1.0.1/kerb-server-1.0.1.jar:/home/user/.m2/repository/org/apache/kerby/kerb-identity/1.0.1/kerb-identity-1.0.1.jar:/home/user/.m2/repository/org/apache/kerby/kerby-xdr/1.0.1/kerby-xdr-1.0.1.jar:/home/user/.m2/repository/org/slf4j/slf4j-log4j12/1.7.25/slf4j-log4j12-1.7.25.jar:/home/user/.m2/repository/org/apache/hadoop/hadoop-ozone-objectstore-service/0.5.0-SNAPSHOT/hadoop-ozone-objectstore-service-0.5.0-SNAPSHOT.jar:/home/user/.m2/repository/org/apache/hadoop/hadoop-ozone-s3gateway/0.5.0-SNAPSHOT/hadoop-ozone-s3gateway-0.5.0-SNAPSHOT.jar:/home/user/.m2/repository/org/jboss/weld/servlet/weld-servlet/2.4.7.Final/weld-servlet-2.4.7.Final.jar:/home/user/.m2/repository/org/glassfish/jersey/containers/jersey-container-servlet-core/2.27/jersey-container-servlet-core-2.27.jar:/home/user/.m2/repository/org/glassfish/hk2/external/javax.inject/2.5.0-b42/javax.inject-2.5.0-b42.jar:/home/user/.m2/repository/org/glassfish/jersey/core/jersey-common/2.27/jersey-common-2.27.jar:/home/user/.m2/repository/org/glassfish/hk2/osgi-resource-locator/1.0.1/osgi-resource-locator-1.0.1.jar:/home/user/.m2/repository/javax/ws/rs/javax.ws.rs-api/2.1/javax.ws.rs-api-2.1.jar:/home/user/.m2/repository/org/glassfish/jersey/ext/cdi/jersey-cdi1x/2.27/jersey-cdi1x-2.27.jar:/home/user/.m2/repository/org/glassfish/jersey/inject/jersey-hk2/2.27/jersey-hk2-2.27.jar:/home/user/.m2/repository/org/glassfish/hk2/hk2-locator/2.5.0-b42/hk2-locator-2.5.0-b42.jar:/home/user/.m2/repository/org/javassist/javassist/3.22.0-CR2/javassist-3.22.0-CR2.jar:/home/user/.m2/repository/org/glassfish/hk2/hk2-api/2.5.0/hk2-api-2.5.0.jar:/home/user/.m2/repository/org/glassfish/hk2/external/jakarta.inject/2.5.0/jakarta.inject-2.5.0.jar:/home/user/.m2/repository/org/glassfish/hk2/hk2-utils/2.5.0/hk2-utils-2.5.0.jar:/home/user/.m2/repository/jakarta/annotation/jakarta.annotation-api/1.3.4/jakarta.annotation-api-1.3.4.jar:/home/user/.m2/repository/org/glassfish/hk2/external/aopalliance-repackaged/2.5.0/aopalliance-repackaged-2.5.0.jar:/home/user/.m2/repository/com/fasterxml/jackson/dataformat/jackson-dataformat-xml/2.9.0/jackson-dataformat-xml-2.9.0.jar:/home/user/.m2/repository/com/fasterxml/jackson/core/jackson-core/2.9.5/jackson-core-2.9.5.jar:/home/user/.m2/repository/com/fasterxml/jackson/module/jackson-module-jaxb-annotations/2.9.5/jackson-module-jaxb-annotations-2.9.5.jar:/home/user/.m2/repository/javax/enterprise/cdi-api/1.2/cdi-api-1.2.jar:/home/user/.m2/repository/javax/el/javax.el-api/3.0.0/javax.el-api-3.0.0.jar:/home/user/.m2/repository/javax/interceptor/javax.interceptor-api/1.2/javax.interceptor-api-1.2.jar:/home/user/.m2/repository/javax/inject/javax.inject/1/javax.inject-1.jar:/home/user/.m2/repository/com/sun/xml/bind/jaxb-impl/2.3.0.1/jaxb-impl-2.3.0.1.jar:/home/user/.m2/repository/com/sun/xml/bind/jaxb-core/2.3.0.1/jaxb-core-2.3.0.1.jar:/home/user/.m2/repository/javax/xml/bind/jaxb-api/2.3.0/jaxb-api-2.3.0.jar:/home/user/.m2/repository/javax/activation/activation/1.1.1/activation-1.1.1.jar:/home/user/.m2/repository/org/apache/hadoop/hadoop-ozone-csi/0.5.0-SNAPSHOT/hadoop-ozone-csi-0.5.0-SNAPSHOT.jar:/home/user/.m2/repository/com/google/protobuf/protobuf-java-util/3.5.1/protobuf-java-util-3.5.1.jar:/home/user/.m2/repository/org/apache/hadoop/hadoop-hdds-config/0.5.0-SNAPSHOT/hadoop-hdds-config-0.5.0-SNAPSHOT.jar:/home/user/.m2/repository/io/grpc/grpc-netty/1.17.1/grpc-netty-1.17.1.jar:/home/user/.m2/repository/io/grpc/grpc-core/1.17.1/grpc-core-1.17.1.jar:/home/user/.m2/repository/io/grpc/grpc-context/1.17.1/grpc-context-1.17.1.jar:/home/user/.m2/repository/com/google/errorprone/error_prone_annotations/2.2.0/error_prone_annotations-2.2.0.jar:/home/user/.m2/repository/org/codehaus/mojo/animal-sniffer-annotations/1.17/animal-sniffer-annotations-1.17.jar:/home/user/.m2/repository/io/opencensus/opencensus-api/0.17.0/opencensus-api-0.17.0.jar:/home/user/.m2/repository/io/opencensus/opencensus-contrib-grpc-metrics/0.17.0/opencensus-contrib-grpc-metrics-0.17.0.jar:/home/user/.m2/repository/io/netty/netty-codec-http2/4.1.30.Final/netty-codec-http2-4.1.30.Final.jar:/home/user/.m2/repository/io/netty/netty-codec-http/4.1.30.Final/netty-codec-http-4.1.30.Final.jar:/home/user/.m2/repository/io/netty/netty-codec/4.1.30.Final/netty-codec-4.1.30.Final.jar:/home/user/.m2/repository/io/netty/netty-handler/4.1.30.Final/netty-handler-4.1.30.Final.jar:/home/user/.m2/repository/io/netty/netty-handler-proxy/4.1.30.Final/netty-handler-proxy-4.1.30.Final.jar:/home/user/.m2/repository/io/netty/netty-codec-socks/4.1.30.Final/netty-codec-socks-4.1.30.Final.jar:/home/user/.m2/repository/io/netty/netty-transport-native-epoll/4.1.30.Final/netty-transport-native-epoll-4.1.30.Final.jar:/home/user/.m2/repository/io/netty/netty-common/4.1.30.Final/netty-common-4.1.30.Final.jar:/home/user/.m2/repository/io/netty/netty-buffer/4.1.30.Final/netty-buffer-4.1.30.Final.jar:/home/user/.m2/repository/io/netty/netty-transport/4.1.30.Final/netty-transport-4.1.30.Final.jar:/home/user/.m2/repository/io/netty/netty-resolver/4.1.30.Final/netty-resolver-4.1.30.Final.jar:/home/user/.m2/repository/io/netty/netty-transport-native-unix-common/4.1.30.Final/netty-transport-native-unix-common-4.1.30.Final.jar:/home/user/.m2/repository/io/grpc/grpc-protobuf/1.17.1/grpc-protobuf-1.17.1.jar:/home/user/.m2/repository/com/google/api/grpc/proto-google-common-protos/1.0.0/proto-google-common-protos-1.0.0.jar:/home/user/.m2/repository/io/grpc/grpc-protobuf-lite/1.17.1/grpc-protobuf-lite-1.17.1.jar:/home/user/.m2/repository/io/grpc/grpc-stub/1.17.1/grpc-stub-1.17.1.jar:/home/user/.m2/repository/org/apache/hadoop/hadoop-ozone-recon/0.5.0-SNAPSHOT/hadoop-ozone-recon-0.5.0-SNAPSHOT.jar:/home/user/.m2/repository/org/apache/hadoop/hadoop-ozone-reconcodegen/0.5.0-SNAPSHOT/hadoop-ozone-reconcodegen-0.5.0-SNAPSHOT.jar:/home/user/.m2/repository/com/google/inject/extensions/guice-multibindings/4.0/guice-multibindings-4.0.jar:/home/user/.m2/repository/com/google/inject/guice/4.0/guice-4.0.jar:/home/user/.m2/repository/aopalliance/aopalliance/1.0/aopalliance-1.0.jar:/home/user/.m2/repository/com/google/inject/extensions/guice-servlet/4.0/guice-servlet-4.0.jar:/home/user/.m2/repository/org/glassfish/jersey/containers/jersey-container-servlet/2.27/jersey-container-servlet-2.27.jar:/home/user/.m2/repository/org/glassfish/hk2/guice-bridge/2.5.0/guice-bridge-2.5.0.jar:/home/user/.m2/repository/org/glassfish/jersey/core/jersey-server/2.27/jersey-server-2.27.jar:/home/user/.m2/repository/org/glassfish/jersey/core/jersey-client/2.27/jersey-client-2.27.jar:/home/user/.m2/repository/org/glassfish/jersey/media/jersey-media-jaxb/2.27/jersey-media-jaxb-2.27.jar:/home/user/.m2/repository/javax/validation/validation-api/1.1.0.Final/validation-api-1.1.0.Final.jar:/home/user/.m2/repository/org/glassfish/jersey/media/jersey-media-json-jackson/2.27/jersey-media-json-jackson-2.27.jar:/home/user/.m2/repository/org/glassfish/jersey/ext/jersey-entity-filtering/2.27/jersey-entity-filtering-2.27.jar:/home/user/.m2/repository/com/google/inject/extensions/guice-assistedinject/4.0/guice-assistedinject-4.0.jar:/home/user/.m2/repository/org/jooq/jooq/3.11.10/jooq-3.11.10.jar:/home/user/.m2/repository/org/jooq/jooq-meta/3.11.10/jooq-meta-3.11.10.jar:/home/user/.m2/repository/org/jooq/jooq-codegen/3.11.10/jooq-codegen-3.11.10.jar:/home/user/.m2/repository/com/jolbox/bonecp/0.8.0.RELEASE/bonecp-0.8.0.RELEASE.jar:/home/user/.m2/repository/org/xerial/sqlite-jdbc/3.25.2/sqlite-jdbc-3.25.2.jar:/home/user/.m2/repository/org/springframework/spring-jdbc/5.1.3.RELEASE/spring-jdbc-5.1.3.RELEASE.jar:/home/user/.m2/repository/org/springframework/spring-beans/5.1.3.RELEASE/spring-beans-5.1.3.RELEASE.jar:/home/user/.m2/repository/org/springframework/spring-core/5.1.3.RELEASE/spring-core-5.1.3.RELEASE.jar:/home/user/.m2/repository/org/springframework/spring-jcl/5.1.3.RELEASE/spring-jcl-5.1.3.RELEASE.jar:/home/user/.m2/repository/org/springframework/spring-tx/5.1.3.RELEASE/spring-tx-5.1.3.RELEASE.jar:/home/user/.m2/repository/org/apache/hadoop/hadoop-ozone-client/0.5.0-SNAPSHOT/hadoop-ozone-client-0.5.0-SNAPSHOT.jar:/home/user/.m2/repository/commons-lang/commons-lang/2.6/commons-lang-2.6.jar:/home/user/.m2/repository/org/apache/hadoop/hadoop-ozone-ozone-manager/0.5.0-SNAPSHOT/hadoop-ozone-ozone-manager-0.5.0-SNAPSHOT-tests.jar:/home/user/.m2/repository/junit/junit/4.11/junit-4.11.jar:/home/user/.m2/repository/org/hamcrest/hamcrest-core/1.3/hamcrest-core-1.3.jar:/home/user/.m2/repository/org/openjdk/jmh/jmh-core/1.19/jmh-core-1.19.jar:/home/user/.m2/repository/net/sf/jopt-simple/jopt-simple/4.6/jopt-simple-4.6.jar:/home/user/.m2/repository/org/apache/commons/commons-math3/3.1.1/commons-math3-3.1.1.jar:/home/user/.m2/repository/org/openjdk/jmh/jmh-generator-annprocess/1.19/jmh-generator-annprocess-1.19.jar:/home/user/.m2/repository/org/mockito/mockito-all/1.8.5/mockito-all-1.8.5.jar:/home/user/.m2/repository/org/apache/hadoop/hadoop-kms/3.2.0/hadoop-kms-3.2.0.jar:/home/user/.m2/repository/org/apache/hadoop/hadoop-auth/3.2.0/hadoop-auth-3.2.0.jar:/home/user/.m2/repository/com/nimbusds/nimbus-jose-jwt/4.41.1/nimbus-jose-jwt-4.41.1.jar:/home/user/.m2/repository/com/github/stephenc/jcip/jcip-annotations/1.0-1/jcip-annotations-1.0-1.jar:/home/user/.m2/repository/net/minidev/json-smart/2.3/json-smart-2.3.jar:/home/user/.m2/repository/net/minidev/accessors-smart/1.2/accessors-smart-1.2.jar:/home/user/.m2/repository/org/ow2/asm/asm/5.0.4/asm-5.0.4.jar:/home/user/.m2/repository/org/apache/curator/curator-framework/2.12.0/curator-framework-2.12.0.jar:/home/user/.m2/repository/com/sun/jersey/jersey-core/1.19/jersey-core-1.19.jar:/home/user/.m2/repository/javax/ws/rs/jsr311-api/1.1.1/jsr311-api-1.1.1.jar:/home/user/.m2/repository/com/sun/jersey/jersey-server/1.19/jersey-server-1.19.jar:/home/user/.m2/repository/javax/servlet/javax.servlet-api/3.1.0/javax.servlet-api-3.1.0.jar:/home/user/.m2/repository/org/eclipse/jetty/jetty-server/9.3.24.v20180605/jetty-server-9.3.24.v20180605.jar:/home/user/.m2/repository/org/eclipse/jetty/jetty-http/9.3.24.v20180605/jetty-http-9.3.24.v20180605.jar:/home/user/.m2/repository/org/eclipse/jetty/jetty-io/9.3.24.v20180605/jetty-io-9.3.24.v20180605.jar:/home/user/.m2/repository/org/eclipse/jetty/jetty-webapp/9.3.24.v20180605/jetty-webapp-9.3.24.v20180605.jar:/home/user/.m2/repository/org/eclipse/jetty/jetty-xml/9.3.24.v20180605/jetty-xml-9.3.24.v20180605.jar:/home/user/.m2/repository/log4j/log4j/1.2.17/log4j-1.2.17.jar:/home/user/.m2/repository/org/slf4j/slf4j-api/1.7.25/slf4j-api-1.7.25.jar:/home/user/.m2/repository/org/slf4j/jul-to-slf4j/1.7.25/jul-to-slf4j-1.7.25.jar:/home/user/.m2/repository/org/eclipse/jetty/jetty-util/9.3.24.v20180605/jetty-util-9.3.24.v20180605.jar:/home/user/.m2/repository/com/fasterxml/jackson/core/jackson-databind/2.9.5/jackson-databind-2.9.5.jar:/home/user/.m2/repository/org/apache/hadoop/hadoop-kms/3.2.0/hadoop-kms-3.2.0-tests.jar:/home/user/.m2/repository/org/apache/hadoop/hadoop-hdds-server-scm/0.5.0-SNAPSHOT/hadoop-hdds-server-scm-0.5.0-SNAPSHOT-tests.jar:/home/user/.m2/repository/org/apache/hadoop/hadoop-hdds-container-service/0.5.0-SNAPSHOT/hadoop-hdds-container-service-0.5.0-SNAPSHOT-tests.jar:/home/user/.m2/repository/org/yaml/snakeyaml/1.16/snakeyaml-1.16.jar:/home/user/.m2/repository/org/apache/hadoop/hadoop-common/3.2.0/hadoop-common-3.2.0-tests.jar:/home/user/.m2/repository/org/apache/hadoop/hadoop-annotations/3.2.0/hadoop-annotations-3.2.0.jar:/usr/lib/jvm/java-1.8-openjdk/jre/../lib/tools.jar:/home/user/.m2/repository/commons-cli/commons-cli/1.2/commons-cli-1.2.jar:/home/user/.m2/repository/org/apache/httpcomponents/httpclient/4.5.2/httpclient-4.5.2.jar:/home/user/.m2/repository/org/apache/httpcomponents/httpcore/4.4.4/httpcore-4.4.4.jar:/home/user/.m2/repository/commons-codec/commons-codec/1.11/commons-codec-1.11.jar:/home/user/.m2/repository/commons-net/commons-net/3.6/commons-net-3.6.jar:/home/user/.m2/repository/commons-collections/commons-collections/3.2.2/commons-collections-3.2.2.jar:/home/user/.m2/repository/org/eclipse/jetty/jetty-servlet/9.3.24.v20180605/jetty-servlet-9.3.24.v20180605.jar:/home/user/.m2/repository/org/eclipse/jetty/jetty-security/9.3.24.v20180605/jetty-security-9.3.24.v20180605.jar:/home/user/.m2/repository/javax/servlet/jsp/jsp-api/2.1/jsp-api-2.1.jar:/home/user/.m2/repository/com/sun/jersey/jersey-servlet/1.19/jersey-servlet-1.19.jar:/home/user/.m2/repository/com/sun/jersey/jersey-json/1.19/jersey-json-1.19.jar:/home/user/.m2/repository/org/codehaus/jettison/jettison/1.1/jettison-1.1.jar:/home/user/.m2/repository/org/codehaus/jackson/jackson-core-asl/1.9.13/jackson-core-asl-1.9.13.jar:/home/user/.m2/repository/org/codehaus/jackson/jackson-mapper-asl/1.9.13/jackson-mapper-asl-1.9.13.jar:/home/user/.m2/repository/org/codehaus/jackson/jackson-jaxrs/1.9.13/jackson-jaxrs-1.9.13.jar:/home/user/.m2/repository/org/codehaus/jackson/jackson-xc/1.9.13/jackson-xc-1.9.13.jar:/home/user/.m2/repository/commons-logging/commons-logging/1.1.3/commons-logging-1.1.3.jar:/home/user/.m2/repository/commons-beanutils/commons-beanutils/1.9.3/commons-beanutils-1.9.3.jar:/home/user/.m2/repository/org/apache/commons/commons-configuration2/2.1.1/commons-configuration2-2.1.1.jar:/home/user/.m2/repository/org/apache/commons/commons-lang3/3.7/commons-lang3-3.7.jar:/home/user/.m2/repository/org/apache/commons/commons-text/1.4/commons-text-1.4.jar:/home/user/.m2/repository/org/apache/avro/avro/1.7.7/avro-1.7.7.jar:/home/user/.m2/repository/com/thoughtworks/paranamer/paranamer/2.3/paranamer-2.3.jar:/home/user/.m2/repository/org/xerial/snappy/snappy-java/1.0.5/snappy-java-1.0.5.jar:/home/user/.m2/repository/com/google/re2j/re2j/1.1/re2j-1.1.jar:/home/user/.m2/repository/com/google/code/gson/gson/2.2.4/gson-2.2.4.jar:/home/user/.m2/repository/com/jcraft/jsch/0.1.54/jsch-0.1.54.jar:/home/user/.m2/repository/org/apache/curator/curator-client/2.12.0/curator-client-2.12.0.jar:/home/user/.m2/repository/org/apache/curator/curator-recipes/2.12.0/curator-recipes-2.12.0.jar:/home/user/.m2/repository/com/google/code/findbugs/jsr305/3.0.0/jsr305-3.0.0.jar:/home/user/.m2/repository/org/apache/htrace/htrace-core4/4.1.0-incubating/htrace-core4-4.1.0-incubating.jar:/home/user/.m2/repository/org/apache/zookeeper/zookeeper/3.4.13/zookeeper-3.4.13.jar:/home/user/.m2/repository/org/apache/yetus/audience-annotations/0.5.0/audience-annotations-0.5.0.jar:/home/user/.m2/repository/org/codehaus/woodstox/stax2-api/3.1.4/stax2-api-3.1.4.jar:/home/user/.m2/repository/com/fasterxml/woodstox/woodstox-core/5.0.3/woodstox-core-5.0.3.jar:/home/user/.m2/repository/dnsjava/dnsjava/2.1.7/dnsjava-2.1.7.jar:/home/user/.m2/repository/org/apache/hadoop/hadoop-hdfs/3.2.0/hadoop-hdfs-3.2.0-tests.jar:/home/user/.m2/repository/org/eclipse/jetty/jetty-util-ajax/9.3.24.v20180605/jetty-util-ajax-9.3.24.v20180605.jar:/home/user/.m2/repository/commons-daemon/commons-daemon/1.0.13/commons-daemon-1.0.13.jar:/home/user/.m2/repository/io/netty/netty/3.10.5.Final/netty-3.10.5.Final.jar:/home/user/.m2/repository/io/netty/netty-all/4.0.52.Final/netty-all-4.0.52.Final.jar:/home/user/.m2/repository/org/fusesource/leveldbjni/leveldbjni-all/1.8/leveldbjni-all-1.8.jar:"/>
    <property name="java.vm.vendor" value="IcedTea"/>
    <property name="sun.arch.data.model" value="64"/>
    <property name="test.build.dir" value="/workdir/hadoop-ozone/integration-test/target/test-dir"/>
    <property name="test.cache.data" value=""/>
    <property name="java.vendor.url" value="https://icedtea.classpath.org"/>
    <property name="user.timezone" value=""/>
    <property name="java.vm.specification.version" value="1.8"/>
    <property name="os.name" value="Linux"/>
    <property name="test.build.data" value="/workdir/hadoop-ozone/integration-test/target/test-dir"/>
    <property name="user.country" value="US"/>
    <property name="sun.java.launcher" value="SUN_STANDARD"/>
    <property name="sun.boot.library.path" value="/usr/lib/jvm/java-1.8-openjdk/jre/lib/amd64"/>
    <property name="sun.java.command" value="/workdir/hadoop-ozone/integration-test/target/surefire/surefirebooter5209930398090149323.jar /workdir/hadoop-ozone/integration-test/target/surefire 2019-08-28T12-46-49_387-jvmRun1 surefire3498444209125944925tmp surefire_317856715470593931061tmp"/>
    <property name="test" value="!TestMiniChaosOzoneCluster"/>
    <property name="surefire.test.class.path" value="/workdir/hadoop-ozone/integration-test/target/test-classes:/workdir/hadoop-ozone/integration-test/target/classes:/home/user/.m2/repository/org/apache/hadoop/hadoop-ozone-common/0.5.0-SNAPSHOT/hadoop-ozone-common-0.5.0-SNAPSHOT.jar:/home/user/.m2/repository/org/apache/commons/commons-compress/1.4.1/commons-compress-1.4.1.jar:/home/user/.m2/repository/org/tukaani/xz/1.0/xz-1.0.jar:/home/user/.m2/repository/org/apache/hadoop/hadoop-common/3.2.0/hadoop-common-3.2.0.jar:/home/user/.m2/repository/org/apache/hadoop/hadoop-hdfs/3.2.0/hadoop-hdfs-3.2.0.jar:/home/user/.m2/repository/org/apache/hadoop/hadoop-hdfs-client/3.2.0/hadoop-hdfs-client-3.2.0.jar:/home/user/.m2/repository/com/fasterxml/jackson/core/jackson-annotations/2.9.5/jackson-annotations-2.9.5.jar:/home/user/.m2/repository/org/apache/hadoop/hadoop-hdds-common/0.5.0-SNAPSHOT/hadoop-hdds-common-0.5.0-SNAPSHOT.jar:/home/user/.m2/repository/javax/annotation/javax.annotation-api/1.2/javax.annotation-api-1.2.jar:/home/user/.m2/repository/org/apache/ratis/ratis-server/0.4.0-2337318-SNAPSHOT/ratis-server-0.4.0-2337318-SNAPSHOT.jar:/home/user/.m2/repository/org/apache/ratis/ratis-thirdparty-misc/0.2.0/ratis-thirdparty-misc-0.2.0.jar:/home/user/.m2/repository/org/apache/ratis/ratis-proto/0.4.0-2337318-SNAPSHOT/ratis-proto-0.4.0-2337318-SNAPSHOT.jar:/home/user/.m2/repository/org/apache/ratis/ratis-common/0.4.0-2337318-SNAPSHOT/ratis-common-0.4.0-2337318-SNAPSHOT.jar:/home/user/.m2/repository/org/apache/ratis/ratis-client/0.4.0-2337318-SNAPSHOT/ratis-client-0.4.0-2337318-SNAPSHOT.jar:/home/user/.m2/repository/org/apache/ratis/ratis-metrics/0.4.0-2337318-SNAPSHOT/ratis-metrics-0.4.0-2337318-SNAPSHOT.jar:/home/user/.m2/repository/org/apache/ratis/ratis-netty/0.4.0-2337318-SNAPSHOT/ratis-netty-0.4.0-2337318-SNAPSHOT.jar:/home/user/.m2/repository/org/apache/ratis/ratis-grpc/0.4.0-2337318-SNAPSHOT/ratis-grpc-0.4.0-2337318-SNAPSHOT.jar:/home/user/.m2/repository/org/rocksdb/rocksdbjni/6.0.1/rocksdbjni-6.0.1.jar:/home/user/.m2/repository/org/apache/logging/log4j/log4j-api/2.11.0/log4j-api-2.11.0.jar:/home/user/.m2/repository/org/apache/logging/log4j/log4j-core/2.11.0/log4j-core-2.11.0.jar:/home/user/.m2/repository/com/lmax/disruptor/3.4.2/disruptor-3.4.2.jar:/home/user/.m2/repository/org/apache/commons/commons-pool2/2.6.0/commons-pool2-2.6.0.jar:/home/user/.m2/repository/org/bouncycastle/bcpkix-jdk15on/1.60/bcpkix-jdk15on-1.60.jar:/home/user/.m2/repository/commons-validator/commons-validator/1.6/commons-validator-1.6.jar:/home/user/.m2/repository/commons-digester/commons-digester/1.8.1/commons-digester-1.8.1.jar:/home/user/.m2/repository/io/jaegertracing/jaeger-client/0.33.1/jaeger-client-0.33.1.jar:/home/user/.m2/repository/io/jaegertracing/jaeger-thrift/0.33.1/jaeger-thrift-0.33.1.jar:/home/user/.m2/repository/org/apache/thrift/libthrift/0.11.0/libthrift-0.11.0.jar:/home/user/.m2/repository/com/squareup/okhttp3/okhttp/3.9.0/okhttp-3.9.0.jar:/home/user/.m2/repository/com/squareup/okio/okio/1.13.0/okio-1.13.0.jar:/home/user/.m2/repository/io/jaegertracing/jaeger-core/0.33.1/jaeger-core-0.33.1.jar:/home/user/.m2/repository/io/jaegertracing/jaeger-tracerresolver/0.33.1/jaeger-tracerresolver-0.33.1.jar:/home/user/.m2/repository/io/opentracing/contrib/opentracing-tracerresolver/0.1.5/opentracing-tracerresolver-0.1.5.jar:/home/user/.m2/repository/io/opentracing/opentracing-util/0.31.0/opentracing-util-0.31.0.jar:/home/user/.m2/repository/io/opentracing/opentracing-api/0.31.0/opentracing-api-0.31.0.jar:/home/user/.m2/repository/io/opentracing/opentracing-noop/0.31.0/opentracing-noop-0.31.0.jar:/home/user/.m2/repository/org/apache/hadoop/hadoop-hdds-server-framework/0.5.0-SNAPSHOT/hadoop-hdds-server-framework-0.5.0-SNAPSHOT.jar:/home/user/.m2/repository/org/apache/hadoop/hadoop-hdds-container-service/0.5.0-SNAPSHOT/hadoop-hdds-container-service-0.5.0-SNAPSHOT.jar:/home/user/.m2/repository/org/apache/hadoop/hadoop-hdds-client/0.5.0-SNAPSHOT/hadoop-hdds-client-0.5.0-SNAPSHOT.jar:/home/user/.m2/repository/org/apache/hadoop/hadoop-hdds-tools/0.5.0-SNAPSHOT/hadoop-hdds-tools-0.5.0-SNAPSHOT.jar:/home/user/.m2/repository/org/apache/hadoop/hadoop-hdds-server-scm/0.5.0-SNAPSHOT/hadoop-hdds-server-scm-0.5.0-SNAPSHOT.jar:/home/user/.m2/repository/org/apache/hadoop/hadoop-hdds-docs/0.5.0-SNAPSHOT/hadoop-hdds-docs-0.5.0-SNAPSHOT.jar:/home/user/.m2/repository/io/dropwizard/metrics/metrics-core/3.2.4/metrics-core-3.2.4.jar:/home/user/.m2/repository/org/hamcrest/hamcrest-all/1.3/hamcrest-all-1.3.jar:/home/user/.m2/repository/org/bouncycastle/bcprov-jdk15on/1.60/bcprov-jdk15on-1.60.jar:/home/user/.m2/repository/info/picocli/picocli/3.9.6/picocli-3.9.6.jar:/home/user/.m2/repository/com/google/protobuf/protobuf-java/2.5.0/protobuf-java-2.5.0.jar:/home/user/.m2/repository/com/google/guava/guava/11.0.2/guava-11.0.2.jar:/home/user/.m2/repository/org/apache/hadoop/hadoop-ozone-ozone-manager/0.5.0-SNAPSHOT/hadoop-ozone-ozone-manager-0.5.0-SNAPSHOT.jar:/home/user/.m2/repository/org/apache/hadoop/hadoop-minikdc/3.2.0/hadoop-minikdc-3.2.0.jar:/home/user/.m2/repository/commons-io/commons-io/2.5/commons-io-2.5.jar:/home/user/.m2/repository/org/apache/kerby/kerb-simplekdc/1.0.1/kerb-simplekdc-1.0.1.jar:/home/user/.m2/repository/org/apache/kerby/kerb-client/1.0.1/kerb-client-1.0.1.jar:/home/user/.m2/repository/org/apache/kerby/kerby-config/1.0.1/kerby-config-1.0.1.jar:/home/user/.m2/repository/org/apache/kerby/kerb-core/1.0.1/kerb-core-1.0.1.jar:/home/user/.m2/repository/org/apache/kerby/kerby-pkix/1.0.1/kerby-pkix-1.0.1.jar:/home/user/.m2/repository/org/apache/kerby/kerby-asn1/1.0.1/kerby-asn1-1.0.1.jar:/home/user/.m2/repository/org/apache/kerby/kerby-util/1.0.1/kerby-util-1.0.1.jar:/home/user/.m2/repository/org/apache/kerby/kerb-common/1.0.1/kerb-common-1.0.1.jar:/home/user/.m2/repository/org/apache/kerby/kerb-crypto/1.0.1/kerb-crypto-1.0.1.jar:/home/user/.m2/repository/org/apache/kerby/kerb-util/1.0.1/kerb-util-1.0.1.jar:/home/user/.m2/repository/org/apache/kerby/token-provider/1.0.1/token-provider-1.0.1.jar:/home/user/.m2/repository/org/apache/kerby/kerb-admin/1.0.1/kerb-admin-1.0.1.jar:/home/user/.m2/repository/org/apache/kerby/kerb-server/1.0.1/kerb-server-1.0.1.jar:/home/user/.m2/repository/org/apache/kerby/kerb-identity/1.0.1/kerb-identity-1.0.1.jar:/home/user/.m2/repository/org/apache/kerby/kerby-xdr/1.0.1/kerby-xdr-1.0.1.jar:/home/user/.m2/repository/org/slf4j/slf4j-log4j12/1.7.25/slf4j-log4j12-1.7.25.jar:/home/user/.m2/repository/org/apache/hadoop/hadoop-ozone-objectstore-service/0.5.0-SNAPSHOT/hadoop-ozone-objectstore-service-0.5.0-SNAPSHOT.jar:/home/user/.m2/repository/org/apache/hadoop/hadoop-ozone-s3gateway/0.5.0-SNAPSHOT/hadoop-ozone-s3gateway-0.5.0-SNAPSHOT.jar:/home/user/.m2/repository/org/jboss/weld/servlet/weld-servlet/2.4.7.Final/weld-servlet-2.4.7.Final.jar:/home/user/.m2/repository/org/glassfish/jersey/containers/jersey-container-servlet-core/2.27/jersey-container-servlet-core-2.27.jar:/home/user/.m2/repository/org/glassfish/hk2/external/javax.inject/2.5.0-b42/javax.inject-2.5.0-b42.jar:/home/user/.m2/repository/org/glassfish/jersey/core/jersey-common/2.27/jersey-common-2.27.jar:/home/user/.m2/repository/org/glassfish/hk2/osgi-resource-locator/1.0.1/osgi-resource-locator-1.0.1.jar:/home/user/.m2/repository/javax/ws/rs/javax.ws.rs-api/2.1/javax.ws.rs-api-2.1.jar:/home/user/.m2/repository/org/glassfish/jersey/ext/cdi/jersey-cdi1x/2.27/jersey-cdi1x-2.27.jar:/home/user/.m2/repository/org/glassfish/jersey/inject/jersey-hk2/2.27/jersey-hk2-2.27.jar:/home/user/.m2/repository/org/glassfish/hk2/hk2-locator/2.5.0-b42/hk2-locator-2.5.0-b42.jar:/home/user/.m2/repository/org/javassist/javassist/3.22.0-CR2/javassist-3.22.0-CR2.jar:/home/user/.m2/repository/org/glassfish/hk2/hk2-api/2.5.0/hk2-api-2.5.0.jar:/home/user/.m2/repository/org/glassfish/hk2/external/jakarta.inject/2.5.0/jakarta.inject-2.5.0.jar:/home/user/.m2/repository/org/glassfish/hk2/hk2-utils/2.5.0/hk2-utils-2.5.0.jar:/home/user/.m2/repository/jakarta/annotation/jakarta.annotation-api/1.3.4/jakarta.annotation-api-1.3.4.jar:/home/user/.m2/repository/org/glassfish/hk2/external/aopalliance-repackaged/2.5.0/aopalliance-repackaged-2.5.0.jar:/home/user/.m2/repository/com/fasterxml/jackson/dataformat/jackson-dataformat-xml/2.9.0/jackson-dataformat-xml-2.9.0.jar:/home/user/.m2/repository/com/fasterxml/jackson/core/jackson-core/2.9.5/jackson-core-2.9.5.jar:/home/user/.m2/repository/com/fasterxml/jackson/module/jackson-module-jaxb-annotations/2.9.5/jackson-module-jaxb-annotations-2.9.5.jar:/home/user/.m2/repository/javax/enterprise/cdi-api/1.2/cdi-api-1.2.jar:/home/user/.m2/repository/javax/el/javax.el-api/3.0.0/javax.el-api-3.0.0.jar:/home/user/.m2/repository/javax/interceptor/javax.interceptor-api/1.2/javax.interceptor-api-1.2.jar:/home/user/.m2/repository/javax/inject/javax.inject/1/javax.inject-1.jar:/home/user/.m2/repository/com/sun/xml/bind/jaxb-impl/2.3.0.1/jaxb-impl-2.3.0.1.jar:/home/user/.m2/repository/com/sun/xml/bind/jaxb-core/2.3.0.1/jaxb-core-2.3.0.1.jar:/home/user/.m2/repository/javax/xml/bind/jaxb-api/2.3.0/jaxb-api-2.3.0.jar:/home/user/.m2/repository/javax/activation/activation/1.1.1/activation-1.1.1.jar:/home/user/.m2/repository/org/apache/hadoop/hadoop-ozone-csi/0.5.0-SNAPSHOT/hadoop-ozone-csi-0.5.0-SNAPSHOT.jar:/home/user/.m2/repository/com/google/protobuf/protobuf-java-util/3.5.1/protobuf-java-util-3.5.1.jar:/home/user/.m2/repository/org/apache/hadoop/hadoop-hdds-config/0.5.0-SNAPSHOT/hadoop-hdds-config-0.5.0-SNAPSHOT.jar:/home/user/.m2/repository/io/grpc/grpc-netty/1.17.1/grpc-netty-1.17.1.jar:/home/user/.m2/repository/io/grpc/grpc-core/1.17.1/grpc-core-1.17.1.jar:/home/user/.m2/repository/io/grpc/grpc-context/1.17.1/grpc-context-1.17.1.jar:/home/user/.m2/repository/com/google/errorprone/error_prone_annotations/2.2.0/error_prone_annotations-2.2.0.jar:/home/user/.m2/repository/org/codehaus/mojo/animal-sniffer-annotations/1.17/animal-sniffer-annotations-1.17.jar:/home/user/.m2/repository/io/opencensus/opencensus-api/0.17.0/opencensus-api-0.17.0.jar:/home/user/.m2/repository/io/opencensus/opencensus-contrib-grpc-metrics/0.17.0/opencensus-contrib-grpc-metrics-0.17.0.jar:/home/user/.m2/repository/io/netty/netty-codec-http2/4.1.30.Final/netty-codec-http2-4.1.30.Final.jar:/home/user/.m2/repository/io/netty/netty-codec-http/4.1.30.Final/netty-codec-http-4.1.30.Final.jar:/home/user/.m2/repository/io/netty/netty-codec/4.1.30.Final/netty-codec-4.1.30.Final.jar:/home/user/.m2/repository/io/netty/netty-handler/4.1.30.Final/netty-handler-4.1.30.Final.jar:/home/user/.m2/repository/io/netty/netty-handler-proxy/4.1.30.Final/netty-handler-proxy-4.1.30.Final.jar:/home/user/.m2/repository/io/netty/netty-codec-socks/4.1.30.Final/netty-codec-socks-4.1.30.Final.jar:/home/user/.m2/repository/io/netty/netty-transport-native-epoll/4.1.30.Final/netty-transport-native-epoll-4.1.30.Final.jar:/home/user/.m2/repository/io/netty/netty-common/4.1.30.Final/netty-common-4.1.30.Final.jar:/home/user/.m2/repository/io/netty/netty-buffer/4.1.30.Final/netty-buffer-4.1.30.Final.jar:/home/user/.m2/repository/io/netty/netty-transport/4.1.30.Final/netty-transport-4.1.30.Final.jar:/home/user/.m2/repository/io/netty/netty-resolver/4.1.30.Final/netty-resolver-4.1.30.Final.jar:/home/user/.m2/repository/io/netty/netty-transport-native-unix-common/4.1.30.Final/netty-transport-native-unix-common-4.1.30.Final.jar:/home/user/.m2/repository/io/grpc/grpc-protobuf/1.17.1/grpc-protobuf-1.17.1.jar:/home/user/.m2/repository/com/google/api/grpc/proto-google-common-protos/1.0.0/proto-google-common-protos-1.0.0.jar:/home/user/.m2/repository/io/grpc/grpc-protobuf-lite/1.17.1/grpc-protobuf-lite-1.17.1.jar:/home/user/.m2/repository/io/grpc/grpc-stub/1.17.1/grpc-stub-1.17.1.jar:/home/user/.m2/repository/org/apache/hadoop/hadoop-ozone-recon/0.5.0-SNAPSHOT/hadoop-ozone-recon-0.5.0-SNAPSHOT.jar:/home/user/.m2/repository/org/apache/hadoop/hadoop-ozone-reconcodegen/0.5.0-SNAPSHOT/hadoop-ozone-reconcodegen-0.5.0-SNAPSHOT.jar:/home/user/.m2/repository/com/google/inject/extensions/guice-multibindings/4.0/guice-multibindings-4.0.jar:/home/user/.m2/repository/com/google/inject/guice/4.0/guice-4.0.jar:/home/user/.m2/repository/aopalliance/aopalliance/1.0/aopalliance-1.0.jar:/home/user/.m2/repository/com/google/inject/extensions/guice-servlet/4.0/guice-servlet-4.0.jar:/home/user/.m2/repository/org/glassfish/jersey/containers/jersey-container-servlet/2.27/jersey-container-servlet-2.27.jar:/home/user/.m2/repository/org/glassfish/hk2/guice-bridge/2.5.0/guice-bridge-2.5.0.jar:/home/user/.m2/repository/org/glassfish/jersey/core/jersey-server/2.27/jersey-server-2.27.jar:/home/user/.m2/repository/org/glassfish/jersey/core/jersey-client/2.27/jersey-client-2.27.jar:/home/user/.m2/repository/org/glassfish/jersey/media/jersey-media-jaxb/2.27/jersey-media-jaxb-2.27.jar:/home/user/.m2/repository/javax/validation/validation-api/1.1.0.Final/validation-api-1.1.0.Final.jar:/home/user/.m2/repository/org/glassfish/jersey/media/jersey-media-json-jackson/2.27/jersey-media-json-jackson-2.27.jar:/home/user/.m2/repository/org/glassfish/jersey/ext/jersey-entity-filtering/2.27/jersey-entity-filtering-2.27.jar:/home/user/.m2/repository/com/google/inject/extensions/guice-assistedinject/4.0/guice-assistedinject-4.0.jar:/home/user/.m2/repository/org/jooq/jooq/3.11.10/jooq-3.11.10.jar:/home/user/.m2/repository/org/jooq/jooq-meta/3.11.10/jooq-meta-3.11.10.jar:/home/user/.m2/repository/org/jooq/jooq-codegen/3.11.10/jooq-codegen-3.11.10.jar:/home/user/.m2/repository/com/jolbox/bonecp/0.8.0.RELEASE/bonecp-0.8.0.RELEASE.jar:/home/user/.m2/repository/org/xerial/sqlite-jdbc/3.25.2/sqlite-jdbc-3.25.2.jar:/home/user/.m2/repository/org/springframework/spring-jdbc/5.1.3.RELEASE/spring-jdbc-5.1.3.RELEASE.jar:/home/user/.m2/repository/org/springframework/spring-beans/5.1.3.RELEASE/spring-beans-5.1.3.RELEASE.jar:/home/user/.m2/repository/org/springframework/spring-core/5.1.3.RELEASE/spring-core-5.1.3.RELEASE.jar:/home/user/.m2/repository/org/springframework/spring-jcl/5.1.3.RELEASE/spring-jcl-5.1.3.RELEASE.jar:/home/user/.m2/repository/org/springframework/spring-tx/5.1.3.RELEASE/spring-tx-5.1.3.RELEASE.jar:/home/user/.m2/repository/org/apache/hadoop/hadoop-ozone-client/0.5.0-SNAPSHOT/hadoop-ozone-client-0.5.0-SNAPSHOT.jar:/home/user/.m2/repository/commons-lang/commons-lang/2.6/commons-lang-2.6.jar:/home/user/.m2/repository/org/apache/hadoop/hadoop-ozone-ozone-manager/0.5.0-SNAPSHOT/hadoop-ozone-ozone-manager-0.5.0-SNAPSHOT-tests.jar:/home/user/.m2/repository/junit/junit/4.11/junit-4.11.jar:/home/user/.m2/repository/org/hamcrest/hamcrest-core/1.3/hamcrest-core-1.3.jar:/home/user/.m2/repository/org/openjdk/jmh/jmh-core/1.19/jmh-core-1.19.jar:/home/user/.m2/repository/net/sf/jopt-simple/jopt-simple/4.6/jopt-simple-4.6.jar:/home/user/.m2/repository/org/apache/commons/commons-math3/3.1.1/commons-math3-3.1.1.jar:/home/user/.m2/repository/org/openjdk/jmh/jmh-generator-annprocess/1.19/jmh-generator-annprocess-1.19.jar:/home/user/.m2/repository/org/mockito/mockito-all/1.8.5/mockito-all-1.8.5.jar:/home/user/.m2/repository/org/apache/hadoop/hadoop-kms/3.2.0/hadoop-kms-3.2.0.jar:/home/user/.m2/repository/org/apache/hadoop/hadoop-auth/3.2.0/hadoop-auth-3.2.0.jar:/home/user/.m2/repository/com/nimbusds/nimbus-jose-jwt/4.41.1/nimbus-jose-jwt-4.41.1.jar:/home/user/.m2/repository/com/github/stephenc/jcip/jcip-annotations/1.0-1/jcip-annotations-1.0-1.jar:/home/user/.m2/repository/net/minidev/json-smart/2.3/json-smart-2.3.jar:/home/user/.m2/repository/net/minidev/accessors-smart/1.2/accessors-smart-1.2.jar:/home/user/.m2/repository/org/ow2/asm/asm/5.0.4/asm-5.0.4.jar:/home/user/.m2/repository/org/apache/curator/curator-framework/2.12.0/curator-framework-2.12.0.jar:/home/user/.m2/repository/com/sun/jersey/jersey-core/1.19/jersey-core-1.19.jar:/home/user/.m2/repository/javax/ws/rs/jsr311-api/1.1.1/jsr311-api-1.1.1.jar:/home/user/.m2/repository/com/sun/jersey/jersey-server/1.19/jersey-server-1.19.jar:/home/user/.m2/repository/javax/servlet/javax.servlet-api/3.1.0/javax.servlet-api-3.1.0.jar:/home/user/.m2/repository/org/eclipse/jetty/jetty-server/9.3.24.v20180605/jetty-server-9.3.24.v20180605.jar:/home/user/.m2/repository/org/eclipse/jetty/jetty-http/9.3.24.v20180605/jetty-http-9.3.24.v20180605.jar:/home/user/.m2/repository/org/eclipse/jetty/jetty-io/9.3.24.v20180605/jetty-io-9.3.24.v20180605.jar:/home/user/.m2/repository/org/eclipse/jetty/jetty-webapp/9.3.24.v20180605/jetty-webapp-9.3.24.v20180605.jar:/home/user/.m2/repository/org/eclipse/jetty/jetty-xml/9.3.24.v20180605/jetty-xml-9.3.24.v20180605.jar:/home/user/.m2/repository/log4j/log4j/1.2.17/log4j-1.2.17.jar:/home/user/.m2/repository/org/slf4j/slf4j-api/1.7.25/slf4j-api-1.7.25.jar:/home/user/.m2/repository/org/slf4j/jul-to-slf4j/1.7.25/jul-to-slf4j-1.7.25.jar:/home/user/.m2/repository/org/eclipse/jetty/jetty-util/9.3.24.v20180605/jetty-util-9.3.24.v20180605.jar:/home/user/.m2/repository/com/fasterxml/jackson/core/jackson-databind/2.9.5/jackson-databind-2.9.5.jar:/home/user/.m2/repository/org/apache/hadoop/hadoop-kms/3.2.0/hadoop-kms-3.2.0-tests.jar:/home/user/.m2/repository/org/apache/hadoop/hadoop-hdds-server-scm/0.5.0-SNAPSHOT/hadoop-hdds-server-scm-0.5.0-SNAPSHOT-tests.jar:/home/user/.m2/repository/org/apache/hadoop/hadoop-hdds-container-service/0.5.0-SNAPSHOT/hadoop-hdds-container-service-0.5.0-SNAPSHOT-tests.jar:/home/user/.m2/repository/org/yaml/snakeyaml/1.16/snakeyaml-1.16.jar:/home/user/.m2/repository/org/apache/hadoop/hadoop-common/3.2.0/hadoop-common-3.2.0-tests.jar:/home/user/.m2/repository/org/apache/hadoop/hadoop-annotations/3.2.0/hadoop-annotations-3.2.0.jar:/usr/lib/jvm/java-1.8-openjdk/jre/../lib/tools.jar:/home/user/.m2/repository/commons-cli/commons-cli/1.2/commons-cli-1.2.jar:/home/user/.m2/repository/org/apache/httpcomponents/httpclient/4.5.2/httpclient-4.5.2.jar:/home/user/.m2/repository/org/apache/httpcomponents/httpcore/4.4.4/httpcore-4.4.4.jar:/home/user/.m2/repository/commons-codec/commons-codec/1.11/commons-codec-1.11.jar:/home/user/.m2/repository/commons-net/commons-net/3.6/commons-net-3.6.jar:/home/user/.m2/repository/commons-collections/commons-collections/3.2.2/commons-collections-3.2.2.jar:/home/user/.m2/repository/org/eclipse/jetty/jetty-servlet/9.3.24.v20180605/jetty-servlet-9.3.24.v20180605.jar:/home/user/.m2/repository/org/eclipse/jetty/jetty-security/9.3.24.v20180605/jetty-security-9.3.24.v20180605.jar:/home/user/.m2/repository/javax/servlet/jsp/jsp-api/2.1/jsp-api-2.1.jar:/home/user/.m2/repository/com/sun/jersey/jersey-servlet/1.19/jersey-servlet-1.19.jar:/home/user/.m2/repository/com/sun/jersey/jersey-json/1.19/jersey-json-1.19.jar:/home/user/.m2/repository/org/codehaus/jettison/jettison/1.1/jettison-1.1.jar:/home/user/.m2/repository/org/codehaus/jackson/jackson-core-asl/1.9.13/jackson-core-asl-1.9.13.jar:/home/user/.m2/repository/org/codehaus/jackson/jackson-mapper-asl/1.9.13/jackson-mapper-asl-1.9.13.jar:/home/user/.m2/repository/org/codehaus/jackson/jackson-jaxrs/1.9.13/jackson-jaxrs-1.9.13.jar:/home/user/.m2/repository/org/codehaus/jackson/jackson-xc/1.9.13/jackson-xc-1.9.13.jar:/home/user/.m2/repository/commons-logging/commons-logging/1.1.3/commons-logging-1.1.3.jar:/home/user/.m2/repository/commons-beanutils/commons-beanutils/1.9.3/commons-beanutils-1.9.3.jar:/home/user/.m2/repository/org/apache/commons/commons-configuration2/2.1.1/commons-configuration2-2.1.1.jar:/home/user/.m2/repository/org/apache/commons/commons-lang3/3.7/commons-lang3-3.7.jar:/home/user/.m2/repository/org/apache/commons/commons-text/1.4/commons-text-1.4.jar:/home/user/.m2/repository/org/apache/avro/avro/1.7.7/avro-1.7.7.jar:/home/user/.m2/repository/com/thoughtworks/paranamer/paranamer/2.3/paranamer-2.3.jar:/home/user/.m2/repository/org/xerial/snappy/snappy-java/1.0.5/snappy-java-1.0.5.jar:/home/user/.m2/repository/com/google/re2j/re2j/1.1/re2j-1.1.jar:/home/user/.m2/repository/com/google/code/gson/gson/2.2.4/gson-2.2.4.jar:/home/user/.m2/repository/com/jcraft/jsch/0.1.54/jsch-0.1.54.jar:/home/user/.m2/repository/org/apache/curator/curator-client/2.12.0/curator-client-2.12.0.jar:/home/user/.m2/repository/org/apache/curator/curator-recipes/2.12.0/curator-recipes-2.12.0.jar:/home/user/.m2/repository/com/google/code/findbugs/jsr305/3.0.0/jsr305-3.0.0.jar:/home/user/.m2/repository/org/apache/htrace/htrace-core4/4.1.0-incubating/htrace-core4-4.1.0-incubating.jar:/home/user/.m2/repository/org/apache/zookeeper/zookeeper/3.4.13/zookeeper-3.4.13.jar:/home/user/.m2/repository/org/apache/yetus/audience-annotations/0.5.0/audience-annotations-0.5.0.jar:/home/user/.m2/repository/org/codehaus/woodstox/stax2-api/3.1.4/stax2-api-3.1.4.jar:/home/user/.m2/repository/com/fasterxml/woodstox/woodstox-core/5.0.3/woodstox-core-5.0.3.jar:/home/user/.m2/repository/dnsjava/dnsjava/2.1.7/dnsjava-2.1.7.jar:/home/user/.m2/repository/org/apache/hadoop/hadoop-hdfs/3.2.0/hadoop-hdfs-3.2.0-tests.jar:/home/user/.m2/repository/org/eclipse/jetty/jetty-util-ajax/9.3.24.v20180605/jetty-util-ajax-9.3.24.v20180605.jar:/home/user/.m2/repository/commons-daemon/commons-daemon/1.0.13/commons-daemon-1.0.13.jar:/home/user/.m2/repository/io/netty/netty/3.10.5.Final/netty-3.10.5.Final.jar:/home/user/.m2/repository/io/netty/netty-all/4.0.52.Final/netty-all-4.0.52.Final.jar:/home/user/.m2/repository/org/fusesource/leveldbjni/leveldbjni-all/1.8/leveldbjni-all-1.8.jar:"/>
    <property name="sun.cpu.endian" value="little"/>
    <property name="user.home" value="/home/user"/>
    <property name="user.language" value="en"/>
    <property name="java.specification.vendor" value="Oracle Corporation"/>
    <property name="java.home" value="/usr/lib/jvm/java-1.8-openjdk/jre"/>
    <property name="java.security.krb5.conf" value="/workdir/hadoop-ozone/integration-test/target/test-classes/krb5.conf"/>
    <property name="basedir" value="/workdir/hadoop-ozone/integration-test"/>
    <property name="file.separator" value="/"/>
    <property name="line.separator" value="&#10;"/>
    <property name="java.vm.specification.vendor" value="Oracle Corporation"/>
    <property name="java.specification.name" value="Java Platform API Specification"/>
    <property name="java.awt.graphicsenv" value="sun.awt.X11GraphicsEnvironment"/>
    <property name="surefire.real.class.path" value="/workdir/hadoop-ozone/integration-test/target/surefire/surefirebooter5209930398090149323.jar"/>
    <property name="hadoop.log.dir" value="/workdir/hadoop-ozone/integration-test/target/log"/>
    <property name="sun.boot.class.path" value="/usr/lib/jvm/java-1.8-openjdk/jre/lib/resources.jar:/usr/lib/jvm/java-1.8-openjdk/jre/lib/rt.jar:/usr/lib/jvm/java-1.8-openjdk/jre/lib/sunrsasign.jar:/usr/lib/jvm/java-1.8-openjdk/jre/lib/jsse.jar:/usr/lib/jvm/java-1.8-openjdk/jre/lib/jce.jar:/usr/lib/jvm/java-1.8-openjdk/jre/lib/charsets.jar:/usr/lib/jvm/java-1.8-openjdk/jre/lib/jfr.jar:/usr/lib/jvm/java-1.8-openjdk/jre/classes"/>
    <property name="sun.management.compiler" value="HotSpot 64-Bit Tiered Compilers"/>
    <property name="java.runtime.version" value="1.8.0_212-b04"/>
    <property name="java.net.preferIPv4Stack" value="true"/>
    <property name="user.name" value="jenkins1000"/>
    <property name="path.separator" value=":"/>
    <property name="java.security.egd" value="file:///dev/urandom"/>
    <property name="os.version" value="3.10.0-957.12.2.el7.x86_64"/>
    <property name="java.endorsed.dirs" value="/usr/lib/jvm/java-1.8-openjdk/jre/lib/endorsed"/>
    <property name="java.runtime.name" value="OpenJDK Runtime Environment"/>
    <property name="file.encoding" value="UTF-8"/>
    <property name="java.vm.name" value="OpenJDK 64-Bit Server VM"/>
    <property name="test.build.webapps" value=""/>
    <property name="localRepository" value="/home/user/.m2/repository"/>
    <property name="java.vendor.url.bug" value="https://icedtea.classpath.org/bugzilla"/>
    <property name="java.io.tmpdir" value="/tmp"/>
    <property name="require.test.libhadoop" value=""/>
    <property name="java.version" value="1.8.0_212"/>
    <property name="user.dir" value="/workdir/hadoop-ozone/integration-test"/>
    <property name="os.arch" value="amd64"/>
    <property name="java.vm.specification.name" value="Java Virtual Machine Specification"/>
    <property name="test.build.classes" value="/workdir/hadoop-ozone/integration-test/target/test-classes"/>
    <property name="java.awt.printerjob" value="sun.print.PSPrinterJob"/>
    <property name="sun.os.patch.level" value="unknown"/>
    <property name="hadoop.tmp.dir" value="/workdir/hadoop-ozone/integration-test/target/tmp"/>
    <property name="java.library.path" value="/usr/lib/jvm/java-1.8-openjdk/jre/lib/amd64/server:/usr/lib/jvm/java-1.8-openjdk/jre/lib/amd64:/usr/lib/jvm/java-1.8-openjdk/jre/../lib/amd64:/workdir/hadoop-ozone/integration-test/target/native/target/usr/local/lib:/workdir/hadoop-ozone/integration-test/../../hadoop-common-project/hadoop-common/target/native/target/usr/local/lib:/usr/java/packages/lib/amd64:/usr/lib64:/lib64:/lib:/usr/lib"/>
    <property name="java.vm.info" value="mixed mode"/>
    <property name="java.vendor" value="IcedTea"/>
    <property name="java.vm.version" value="25.212-b04"/>
    <property name="java.ext.dirs" value="/usr/lib/jvm/java-1.8-openjdk/jre/lib/ext:/usr/java/packages/lib/ext"/>
    <property name="sun.io.unicode.encoding" value="UnicodeLittle"/>
    <property name="java.class.version" value="52.0"/>
  </properties>
  <testcase name="testReleaseBuffers" classname="org.apache.hadoop.ozone.client.rpc.TestCommitWatcher" time="6.613"/>
  <testcase name="testReleaseBuffersOnException" classname="org.apache.hadoop.ozone.client.rpc.TestCommitWatcher" time="15.011">
    <failure type="java.lang.AssertionError">java.lang.AssertionError
	at org.junit.Assert.fail(Assert.java:86)
	at org.junit.Assert.assertTrue(Assert.java:41)
	at org.junit.Assert.assertTrue(Assert.java:52)
	at org.apache.hadoop.ozone.client.rpc.TestCommitWatcher.testReleaseBuffersOnException(TestCommitWatcher.java:284)
	at sun.reflect.NativeMethodAccessorImpl.invoke0(Native Method)
	at sun.reflect.NativeMethodAccessorImpl.invoke(NativeMethodAccessorImpl.java:62)
	at sun.reflect.DelegatingMethodAccessorImpl.invoke(DelegatingMethodAccessorImpl.java:43)
	at java.lang.reflect.Method.invoke(Method.java:498)
	at org.junit.runners.model.FrameworkMethod$1.runReflectiveCall(FrameworkMethod.java:47)
	at org.junit.internal.runners.model.ReflectiveCallable.run(ReflectiveCallable.java:12)
	at org.junit.runners.model.FrameworkMethod.invokeExplosively(FrameworkMethod.java:44)
	at org.junit.internal.runners.statements.InvokeMethod.evaluate(InvokeMethod.java:17)
	at org.junit.runners.ParentRunner.runLeaf(ParentRunner.java:271)
	at org.junit.runners.BlockJUnit4ClassRunner.runChild(BlockJUnit4ClassRunner.java:70)
	at org.junit.runners.BlockJUnit4ClassRunner.runChild(BlockJUnit4ClassRunner.java:50)
	at org.junit.runners.ParentRunner$3.run(ParentRunner.java:238)
	at org.junit.runners.ParentRunner$1.schedule(ParentRunner.java:63)
	at org.junit.runners.ParentRunner.runChildren(ParentRunner.java:236)
	at org.junit.runners.ParentRunner.access$000(ParentRunner.java:53)
	at org.junit.runners.ParentRunner$2.evaluate(ParentRunner.java:229)
	at org.junit.internal.runners.statements.RunBefores.evaluate(RunBefores.java:26)
	at org.junit.internal.runners.statements.RunAfters.evaluate(RunAfters.java:27)
	at org.junit.runners.ParentRunner.run(ParentRunner.java:309)
	at org.apache.maven.surefire.junit4.JUnit4Provider.execute(JUnit4Provider.java:365)
	at org.apache.maven.surefire.junit4.JUnit4Provider.executeWithRerun(JUnit4Provider.java:273)
	at org.apache.maven.surefire.junit4.JUnit4Provider.executeTestSet(JUnit4Provider.java:238)
	at org.apache.maven.surefire.junit4.JUnit4Provider.invoke(JUnit4Provider.java:159)
	at org.apache.maven.surefire.booter.ForkedBooter.invokeProviderInSameClassLoader(ForkedBooter.java:384)
	at org.apache.maven.surefire.booter.ForkedBooter.runSuitesInProcess(ForkedBooter.java:345)
	at org.apache.maven.surefire.booter.ForkedBooter.execute(ForkedBooter.java:126)
	at org.apache.maven.surefire.booter.ForkedBooter.main(ForkedBooter.java:418)
</failure>
    <system-out><![CDATA[2019-08-28 13:25:23,195 [grpc-default-executor-1] INFO  client.GrpcClientProtocolClient (GrpcClientProtocolClient.java:onNext(255)) - client-F7D31F07083E->d54663ee-3152-4cb4-81e4-a649206e5e67: receive RaftClientReply:client-F7D31F07083E->d54663ee-3152-4cb4-81e4-a649206e5e67@group-7349AAD26B0F, cid=17, FAILED org.apache.ratis.protocol.NotLeaderException: Server d54663ee-3152-4cb4-81e4-a649206e5e67 is not the leader (null). Request must be sent to leader., logIndex=0, commits[d54663ee-3152-4cb4-81e4-a649206e5e67:c-1]
2019-08-28 13:25:23,285 | INFO  | SCMAudit | user=jenkins1000 | ip=192.168.69.80 | op=SEND_HEARTBEAT {datanodeUUID=e818a2f7-8f02-4e86-916f-ff842842a8af, command=[]} | ret=SUCCESS |  
2019-08-28 13:25:23,497 | INFO  | SCMAudit | user=jenkins1000 | ip=192.168.69.80 | op=SEND_HEARTBEAT {datanodeUUID=43afa839-77df-4fc0-b10e-aa20d6c2bf5b, command=[]} | ret=SUCCESS |  
2019-08-28 13:25:23,605 | INFO  | SCMAudit | user=jenkins1000 | ip=192.168.69.80 | op=SEND_HEARTBEAT {datanodeUUID=fd61a37d-865b-41eb-839c-4f81cb4e904c, command=[]} | ret=SUCCESS |  
2019-08-28 13:25:23,635 | INFO  | SCMAudit | user=jenkins1000 | ip=192.168.69.80 | op=SEND_HEARTBEAT {datanodeUUID=d54663ee-3152-4cb4-81e4-a649206e5e67, command=[]} | ret=SUCCESS |  
2019-08-28 13:25:23,727 | INFO  | SCMAudit | user=jenkins1000 | ip=192.168.69.80 | op=SEND_HEARTBEAT {datanodeUUID=b0364e3c-ab8e-4d3c-a8e3-2bd00a002e29, command=[]} | ret=SUCCESS |  
2019-08-28 13:25:23,728 | INFO  | SCMAudit | user=jenkins1000 | ip=192.168.69.80 | op=SEND_HEARTBEAT {datanodeUUID=ca6173d3-2dd0-407b-bac8-43b134d0f886, command=[]} | ret=SUCCESS |  
2019-08-28 13:25:24,058 | INFO  | SCMAudit | user=jenkins1000 | ip=192.168.69.80 | op=SEND_HEARTBEAT {datanodeUUID=9eaa5d3b-7f24-43e5-8ed7-b75d408a73bc, command=[]} | ret=SUCCESS |  
2019-08-28 13:25:24,232 [grpc-default-executor-5] INFO  client.GrpcClientProtocolClient (GrpcClientProtocolClient.java:onNext(255)) - client-F7D31F07083E->e818a2f7-8f02-4e86-916f-ff842842a8af: receive RaftClientReply:client-F7D31F07083E->e818a2f7-8f02-4e86-916f-ff842842a8af@group-7349AAD26B0F, cid=17, FAILED org.apache.ratis.protocol.NotLeaderException: Server e818a2f7-8f02-4e86-916f-ff842842a8af is not the leader (null). Request must be sent to leader., logIndex=0, commits[e818a2f7-8f02-4e86-916f-ff842842a8af:c-1]
2019-08-28 13:25:24,285 | INFO  | SCMAudit | user=jenkins1000 | ip=192.168.69.80 | op=SEND_HEARTBEAT {datanodeUUID=e818a2f7-8f02-4e86-916f-ff842842a8af, command=[]} | ret=SUCCESS |  
2019-08-28 13:25:24,501 | INFO  | SCMAudit | user=jenkins1000 | ip=192.168.69.80 | op=SEND_HEARTBEAT {datanodeUUID=43afa839-77df-4fc0-b10e-aa20d6c2bf5b, command=[]} | ret=SUCCESS |  
2019-08-28 13:25:24,604 | INFO  | SCMAudit | user=jenkins1000 | ip=192.168.69.80 | op=SEND_HEARTBEAT {datanodeUUID=fd61a37d-865b-41eb-839c-4f81cb4e904c, command=[]} | ret=SUCCESS |  
2019-08-28 13:25:24,634 | INFO  | SCMAudit | user=jenkins1000 | ip=192.168.69.80 | op=SEND_HEARTBEAT {datanodeUUID=d54663ee-3152-4cb4-81e4-a649206e5e67, command=[]} | ret=SUCCESS |  
2019-08-28 13:25:24,727 | INFO  | SCMAudit | user=jenkins1000 | ip=192.168.69.80 | op=SEND_HEARTBEAT {datanodeUUID=b0364e3c-ab8e-4d3c-a8e3-2bd00a002e29, command=[]} | ret=SUCCESS |  
2019-08-28 13:25:24,728 | INFO  | SCMAudit | user=jenkins1000 | ip=192.168.69.80 | op=SEND_HEARTBEAT {datanodeUUID=ca6173d3-2dd0-407b-bac8-43b134d0f886, command=[]} | ret=SUCCESS |  
2019-08-28 13:25:25,058 | INFO  | SCMAudit | user=jenkins1000 | ip=192.168.69.80 | op=SEND_HEARTBEAT {datanodeUUID=9eaa5d3b-7f24-43e5-8ed7-b75d408a73bc, command=[]} | ret=SUCCESS |  
2019-08-28 13:25:25,263 [grpc-default-executor-1] INFO  client.GrpcClientProtocolClient (GrpcClientProtocolClient.java:onNext(255)) - client-F7D31F07083E->9eaa5d3b-7f24-43e5-8ed7-b75d408a73bc: receive RaftClientReply:client-F7D31F07083E->9eaa5d3b-7f24-43e5-8ed7-b75d408a73bc@group-7349AAD26B0F, cid=17, FAILED org.apache.ratis.protocol.NotLeaderException: Server 9eaa5d3b-7f24-43e5-8ed7-b75d408a73bc is not the leader (null). Request must be sent to leader., logIndex=0, commits[9eaa5d3b-7f24-43e5-8ed7-b75d408a73bc:c-1]
2019-08-28 13:25:25,285 | INFO  | SCMAudit | user=jenkins1000 | ip=192.168.69.80 | op=SEND_HEARTBEAT {datanodeUUID=e818a2f7-8f02-4e86-916f-ff842842a8af, command=[]} | ret=SUCCESS |  
2019-08-28 13:25:25,500 | INFO  | SCMAudit | user=jenkins1000 | ip=192.168.69.80 | op=SEND_HEARTBEAT {datanodeUUID=43afa839-77df-4fc0-b10e-aa20d6c2bf5b, command=[]} | ret=SUCCESS |  
2019-08-28 13:25:25,604 | INFO  | SCMAudit | user=jenkins1000 | ip=192.168.69.80 | op=SEND_HEARTBEAT {datanodeUUID=fd61a37d-865b-41eb-839c-4f81cb4e904c, command=[]} | ret=SUCCESS |  
2019-08-28 13:25:25,635 | INFO  | SCMAudit | user=jenkins1000 | ip=192.168.69.80 | op=SEND_HEARTBEAT {datanodeUUID=d54663ee-3152-4cb4-81e4-a649206e5e67, command=[]} | ret=SUCCESS |  
2019-08-28 13:25:25,726 | INFO  | SCMAudit | user=jenkins1000 | ip=192.168.69.80 | op=SEND_HEARTBEAT {datanodeUUID=b0364e3c-ab8e-4d3c-a8e3-2bd00a002e29, command=[]} | ret=SUCCESS |  
2019-08-28 13:25:25,727 | INFO  | SCMAudit | user=jenkins1000 | ip=192.168.69.80 | op=SEND_HEARTBEAT {datanodeUUID=ca6173d3-2dd0-407b-bac8-43b134d0f886, command=[]} | ret=SUCCESS |  
2019-08-28 13:25:26,058 | INFO  | SCMAudit | user=jenkins1000 | ip=192.168.69.80 | op=SEND_HEARTBEAT {datanodeUUID=9eaa5d3b-7f24-43e5-8ed7-b75d408a73bc, command=[]} | ret=SUCCESS |  
2019-08-28 13:25:26,285 | INFO  | SCMAudit | user=jenkins1000 | ip=192.168.69.80 | op=SEND_HEARTBEAT {datanodeUUID=e818a2f7-8f02-4e86-916f-ff842842a8af, command=[]} | ret=SUCCESS |  
2019-08-28 13:25:26,296 [grpc-default-executor-1] INFO  client.GrpcClientProtocolClient (GrpcClientProtocolClient.java:onNext(255)) - client-F7D31F07083E->e818a2f7-8f02-4e86-916f-ff842842a8af: receive RaftClientReply:client-F7D31F07083E->e818a2f7-8f02-4e86-916f-ff842842a8af@group-7349AAD26B0F, cid=17, FAILED org.apache.ratis.protocol.NotLeaderException: Server e818a2f7-8f02-4e86-916f-ff842842a8af is not the leader (null). Request must be sent to leader., logIndex=0, commits[e818a2f7-8f02-4e86-916f-ff842842a8af:c-1]
2019-08-28 13:25:26,499 | INFO  | SCMAudit | user=jenkins1000 | ip=192.168.69.80 | op=SEND_HEARTBEAT {datanodeUUID=43afa839-77df-4fc0-b10e-aa20d6c2bf5b, command=[]} | ret=SUCCESS |  
2019-08-28 13:25:26,604 | INFO  | SCMAudit | user=jenkins1000 | ip=192.168.69.80 | op=SEND_HEARTBEAT {datanodeUUID=fd61a37d-865b-41eb-839c-4f81cb4e904c, command=[]} | ret=SUCCESS |  
2019-08-28 13:25:26,635 | INFO  | SCMAudit | user=jenkins1000 | ip=192.168.69.80 | op=SEND_HEARTBEAT {datanodeUUID=d54663ee-3152-4cb4-81e4-a649206e5e67, command=[]} | ret=SUCCESS |  
2019-08-28 13:25:26,727 | INFO  | SCMAudit | user=jenkins1000 | ip=192.168.69.80 | op=SEND_HEARTBEAT {datanodeUUID=b0364e3c-ab8e-4d3c-a8e3-2bd00a002e29, command=[]} | ret=SUCCESS |  
2019-08-28 13:25:26,727 | INFO  | SCMAudit | user=jenkins1000 | ip=192.168.69.80 | op=SEND_HEARTBEAT {datanodeUUID=ca6173d3-2dd0-407b-bac8-43b134d0f886, command=[]} | ret=SUCCESS |  
2019-08-28 13:25:27,058 | INFO  | SCMAudit | user=jenkins1000 | ip=192.168.69.80 | op=SEND_HEARTBEAT {datanodeUUID=9eaa5d3b-7f24-43e5-8ed7-b75d408a73bc, command=[]} | ret=SUCCESS |  
2019-08-28 13:25:27,080 [Thread-333] INFO  impl.FollowerState (FollowerState.java:run(106)) - d54663ee-3152-4cb4-81e4-a649206e5e67:group-7349AAD26B0F changes to CANDIDATE, lastRpcTime:5055, electionTimeout:5054ms
2019-08-28 13:25:27,084 [Thread-333] INFO  impl.RoleInfo (RoleInfo.java:shutdownFollowerState(121)) - d54663ee-3152-4cb4-81e4-a649206e5e67: shutdown FollowerState
2019-08-28 13:25:27,084 [Thread-333] INFO  impl.RaftServerImpl (RaftServerImpl.java:setRole(171)) - d54663ee-3152-4cb4-81e4-a649206e5e67:group-7349AAD26B0F changes role from FOLLOWER to CANDIDATE at term 1 for changeToCandidate
2019-08-28 13:25:27,085 [Thread-333] INFO  impl.RoleInfo (RoleInfo.java:updateAndGet(143)) - d54663ee-3152-4cb4-81e4-a649206e5e67: start LeaderElection
2019-08-28 13:25:27,102 [Thread-332] INFO  impl.FollowerState (FollowerState.java:run(106)) - 9eaa5d3b-7f24-43e5-8ed7-b75d408a73bc:group-7349AAD26B0F changes to CANDIDATE, lastRpcTime:5083, electionTimeout:5080ms
2019-08-28 13:25:27,104 [Thread-332] INFO  impl.RoleInfo (RoleInfo.java:shutdownFollowerState(121)) - 9eaa5d3b-7f24-43e5-8ed7-b75d408a73bc: shutdown FollowerState
2019-08-28 13:25:27,104 [Thread-332] INFO  impl.RaftServerImpl (RaftServerImpl.java:setRole(171)) - 9eaa5d3b-7f24-43e5-8ed7-b75d408a73bc:group-7349AAD26B0F changes role from FOLLOWER to CANDIDATE at term 1 for changeToCandidate
2019-08-28 13:25:27,105 [Thread-332] INFO  impl.RoleInfo (RoleInfo.java:updateAndGet(143)) - 9eaa5d3b-7f24-43e5-8ed7-b75d408a73bc: start LeaderElection
2019-08-28 13:25:27,120 [d54663ee-3152-4cb4-81e4-a649206e5e67:group-7349AAD26B0F:LeaderElection12] INFO  impl.LeaderElection (LeaderElection.java:askForVotes(181)) - d54663ee-3152-4cb4-81e4-a649206e5e67:group-7349AAD26B0F:LeaderElection12: begin an election at term 2 for -1: [d54663ee-3152-4cb4-81e4-a649206e5e67:192.168.69.80:33475, 9eaa5d3b-7f24-43e5-8ed7-b75d408a73bc:192.168.69.80:38858, e818a2f7-8f02-4e86-916f-ff842842a8af:192.168.69.80:45361], old=null
2019-08-28 13:25:27,127 [grpc-default-executor-5] INFO  impl.RaftServerImpl (RaftServerImpl.java:setRole(171)) - e818a2f7-8f02-4e86-916f-ff842842a8af:group-7349AAD26B0F changes role from FOLLOWER to FOLLOWER at term 2 for recognizeCandidate:d54663ee-3152-4cb4-81e4-a649206e5e67
2019-08-28 13:25:27,127 [grpc-default-executor-5] INFO  impl.RoleInfo (RoleInfo.java:shutdownFollowerState(121)) - e818a2f7-8f02-4e86-916f-ff842842a8af: shutdown FollowerState
2019-08-28 13:25:27,127 [grpc-default-executor-5] INFO  impl.RoleInfo (RoleInfo.java:updateAndGet(143)) - e818a2f7-8f02-4e86-916f-ff842842a8af: start FollowerState
2019-08-28 13:25:27,128 [Thread-331] INFO  impl.FollowerState (FollowerState.java:run(114)) - e818a2f7-8f02-4e86-916f-ff842842a8af: FollowerState was interrupted: java.lang.InterruptedException: sleep interrupted
2019-08-28 13:25:27,202 [9eaa5d3b-7f24-43e5-8ed7-b75d408a73bc:group-7349AAD26B0F:LeaderElection13] INFO  impl.LeaderElection (LeaderElection.java:askForVotes(181)) - 9eaa5d3b-7f24-43e5-8ed7-b75d408a73bc:group-7349AAD26B0F:LeaderElection13: begin an election at term 2 for -1: [d54663ee-3152-4cb4-81e4-a649206e5e67:192.168.69.80:33475, 9eaa5d3b-7f24-43e5-8ed7-b75d408a73bc:192.168.69.80:38858, e818a2f7-8f02-4e86-916f-ff842842a8af:192.168.69.80:45361], old=null
2019-08-28 13:25:27,204 [d54663ee-3152-4cb4-81e4-a649206e5e67:group-7349AAD26B0F:LeaderElection12] INFO  impl.LeaderElection (LeaderElection.java:logAndReturn(56)) - d54663ee-3152-4cb4-81e4-a649206e5e67:group-7349AAD26B0F:LeaderElection12: Election PASSED; received 2 response(s) [d54663ee-3152-4cb4-81e4-a649206e5e67<-9eaa5d3b-7f24-43e5-8ed7-b75d408a73bc#0:FAIL-t2, d54663ee-3152-4cb4-81e4-a649206e5e67<-e818a2f7-8f02-4e86-916f-ff842842a8af#0:OK-t2] and 0 exception(s); d54663ee-3152-4cb4-81e4-a649206e5e67:t2, leader=null, voted=d54663ee-3152-4cb4-81e4-a649206e5e67, raftlog=d54663ee-3152-4cb4-81e4-a649206e5e67-SegmentedRaftLog:OPENED:c-1,f-1,i0, conf=-1: [d54663ee-3152-4cb4-81e4-a649206e5e67:192.168.69.80:33475, 9eaa5d3b-7f24-43e5-8ed7-b75d408a73bc:192.168.69.80:38858, e818a2f7-8f02-4e86-916f-ff842842a8af:192.168.69.80:45361], old=null
2019-08-28 13:25:27,204 [d54663ee-3152-4cb4-81e4-a649206e5e67:group-7349AAD26B0F:LeaderElection12] INFO  impl.RoleInfo (RoleInfo.java:shutdownLeaderElection(134)) - d54663ee-3152-4cb4-81e4-a649206e5e67: shutdown LeaderElection
2019-08-28 13:25:27,223 [d54663ee-3152-4cb4-81e4-a649206e5e67:group-7349AAD26B0F:LeaderElection12] INFO  impl.RaftServerImpl (RaftServerImpl.java:setRole(171)) - d54663ee-3152-4cb4-81e4-a649206e5e67:group-7349AAD26B0F changes role from CANDIDATE to LEADER at term 2 for changeToLeader
2019-08-28 13:25:27,223 [d54663ee-3152-4cb4-81e4-a649206e5e67:group-7349AAD26B0F:LeaderElection12] INFO  impl.RaftServerImpl (ServerState.java:setLeader(263)) - d54663ee-3152-4cb4-81e4-a649206e5e67:group-7349AAD26B0F change Leader from null to d54663ee-3152-4cb4-81e4-a649206e5e67 at term 2 for becomeLeader, leader elected after 10407ms
2019-08-28 13:25:27,223 [d54663ee-3152-4cb4-81e4-a649206e5e67:group-7349AAD26B0F:LeaderElection12] INFO  server.RaftServerConfigKeys (ConfUtils.java:logGet(43)) - raft.server.staging.catchup.gap = 1000 (default)
2019-08-28 13:25:27,226 [d54663ee-3152-4cb4-81e4-a649206e5e67:group-7349AAD26B0F:LeaderElection12] INFO  server.RaftServerConfigKeys (ConfUtils.java:logGet(43)) - raft.server.rpc.sleep.time = 25ms (default)
2019-08-28 13:25:27,228 [d54663ee-3152-4cb4-81e4-a649206e5e67:group-7349AAD26B0F:LeaderElection12] INFO  server.RaftServerConfigKeys (ConfUtils.java:logGet(43)) - raft.server.write.element-limit = 4096 (default)
2019-08-28 13:25:27,228 [d54663ee-3152-4cb4-81e4-a649206e5e67:group-7349AAD26B0F:LeaderElection12] INFO  server.RaftServerConfigKeys (ConfUtils.java:logGet(43)) - raft.server.watch.timeout = 10s (default)
2019-08-28 13:25:27,228 [d54663ee-3152-4cb4-81e4-a649206e5e67:group-7349AAD26B0F:LeaderElection12] INFO  server.RaftServerConfigKeys (ConfUtils.java:logGet(43)) - raft.server.watch.timeout.denomination = 1s (default)
2019-08-28 13:25:27,229 [d54663ee-3152-4cb4-81e4-a649206e5e67:group-7349AAD26B0F:LeaderElection12] INFO  server.RaftServerConfigKeys (ConfUtils.java:logGet(43)) - raft.server.watch.element-limit = 65536 (default)
2019-08-28 13:25:27,229 [d54663ee-3152-4cb4-81e4-a649206e5e67:group-7349AAD26B0F:LeaderElection12] INFO  server.RaftServerConfigKeys (ConfUtils.java:logGet(43)) - raft.server.log.appender.snapshot.chunk.size.max = 16MB (=16777216) (default)
2019-08-28 13:25:27,229 [d54663ee-3152-4cb4-81e4-a649206e5e67:group-7349AAD26B0F:LeaderElection12] INFO  server.RaftServerConfigKeys (ConfUtils.java:logGet(43)) - raft.server.log.appender.buffer.byte-limit = 33554432 (custom)
2019-08-28 13:25:27,230 [d54663ee-3152-4cb4-81e4-a649206e5e67:group-7349AAD26B0F:LeaderElection12] INFO  server.RaftServerConfigKeys (ConfUtils.java:logGet(43)) - raft.server.log.appender.buffer.element-limit = 1 (custom)
2019-08-28 13:25:27,230 [d54663ee-3152-4cb4-81e4-a649206e5e67:group-7349AAD26B0F:LeaderElection12] INFO  grpc.GrpcConfigKeys$Server (ConfUtils.java:logGet(43)) - raft.grpc.server.leader.outstanding.appends.max = 128 (default)
2019-08-28 13:25:27,230 [d54663ee-3152-4cb4-81e4-a649206e5e67:group-7349AAD26B0F:LeaderElection12] INFO  server.RaftServerConfigKeys (ConfUtils.java:logGet(43)) - raft.server.rpc.request.timeout = 3000ms (default)
2019-08-28 13:25:27,230 [d54663ee-3152-4cb4-81e4-a649206e5e67:group-7349AAD26B0F:LeaderElection12] INFO  server.RaftServerConfigKeys (ConfUtils.java:logGet(43)) - raft.server.log.appender.install.snapshot.enabled = false (custom)
2019-08-28 13:25:27,231 [d54663ee-3152-4cb4-81e4-a649206e5e67:group-7349AAD26B0F:LeaderElection12] INFO  server.RaftServerConfigKeys (ConfUtils.java:logGet(43)) - raft.server.log.appender.snapshot.chunk.size.max = 16MB (=16777216) (default)
2019-08-28 13:25:27,231 [d54663ee-3152-4cb4-81e4-a649206e5e67:group-7349AAD26B0F:LeaderElection12] INFO  server.RaftServerConfigKeys (ConfUtils.java:logGet(43)) - raft.server.log.appender.buffer.byte-limit = 33554432 (custom)
2019-08-28 13:25:27,231 [d54663ee-3152-4cb4-81e4-a649206e5e67:group-7349AAD26B0F:LeaderElection12] INFO  server.RaftServerConfigKeys (ConfUtils.java:logGet(43)) - raft.server.log.appender.buffer.element-limit = 1 (custom)
2019-08-28 13:25:27,231 [d54663ee-3152-4cb4-81e4-a649206e5e67:group-7349AAD26B0F:LeaderElection12] INFO  grpc.GrpcConfigKeys$Server (ConfUtils.java:logGet(43)) - raft.grpc.server.leader.outstanding.appends.max = 128 (default)
2019-08-28 13:25:27,232 [d54663ee-3152-4cb4-81e4-a649206e5e67:group-7349AAD26B0F:LeaderElection12] INFO  server.RaftServerConfigKeys (ConfUtils.java:logGet(43)) - raft.server.rpc.request.timeout = 3000ms (default)
2019-08-28 13:25:27,232 [d54663ee-3152-4cb4-81e4-a649206e5e67:group-7349AAD26B0F:LeaderElection12] INFO  server.RaftServerConfigKeys (ConfUtils.java:logGet(43)) - raft.server.log.appender.install.snapshot.enabled = false (custom)
2019-08-28 13:25:27,232 [d54663ee-3152-4cb4-81e4-a649206e5e67:group-7349AAD26B0F:LeaderElection12] INFO  impl.RoleInfo (RoleInfo.java:updateAndGet(143)) - d54663ee-3152-4cb4-81e4-a649206e5e67: start LeaderState
2019-08-28 13:25:27,232 [d54663ee-3152-4cb4-81e4-a649206e5e67:group-7349AAD26B0F:LeaderElection12] INFO  segmented.SegmentedRaftLogWorker (SegmentedRaftLogWorker.java:startLogSegment(380)) - d54663ee-3152-4cb4-81e4-a649206e5e67-SegmentedRaftLogWorker:Storage Directory /workdir/hadoop-ozone/integration-test/target/test-dir/MiniOzoneClusterImpl-62966285-877c-4a45-b7c7-a51c1c914e6b/datanode-2/data/ratis/f9756c7a-6cbc-4998-84cb-7349aad26b0f: Starting segment from index:0
2019-08-28 13:25:27,234 [d54663ee-3152-4cb4-81e4-a649206e5e67:group-7349AAD26B0F:LeaderElection12] INFO  impl.RaftServerImpl (ServerState.java:setRaftConf(361)) - d54663ee-3152-4cb4-81e4-a649206e5e67:group-7349AAD26B0F set configuration 0: [d54663ee-3152-4cb4-81e4-a649206e5e67:192.168.69.80:33475, 9eaa5d3b-7f24-43e5-8ed7-b75d408a73bc:192.168.69.80:38858, e818a2f7-8f02-4e86-916f-ff842842a8af:192.168.69.80:45361], old=null at 0
2019-08-28 13:25:27,234 [grpc-default-executor-5] INFO  impl.RaftServerImpl (RaftServerImpl.java:requestVote(754)) - d54663ee-3152-4cb4-81e4-a649206e5e67-LEADER: Withhold vote from candidate 9eaa5d3b-7f24-43e5-8ed7-b75d408a73bc with term 2. State: leader=d54663ee-3152-4cb4-81e4-a649206e5e67, term=2, lastRpcElapsed=null
2019-08-28 13:25:27,280 [grpc-default-executor-5] INFO  impl.RaftServerImpl (RaftServerImpl.java:setRole(171)) - 9eaa5d3b-7f24-43e5-8ed7-b75d408a73bc:group-7349AAD26B0F changes role from CANDIDATE to FOLLOWER at term 2 for appendEntries
2019-08-28 13:25:27,280 [9eaa5d3b-7f24-43e5-8ed7-b75d408a73bc:group-7349AAD26B0F:LeaderElection13] INFO  impl.LeaderElection (LeaderElection.java:logAndReturn(56)) - 9eaa5d3b-7f24-43e5-8ed7-b75d408a73bc:group-7349AAD26B0F:LeaderElection13: Election REJECTED; received 2 response(s) [9eaa5d3b-7f24-43e5-8ed7-b75d408a73bc<-d54663ee-3152-4cb4-81e4-a649206e5e67#0:FAIL-t2, 9eaa5d3b-7f24-43e5-8ed7-b75d408a73bc<-e818a2f7-8f02-4e86-916f-ff842842a8af#0:FAIL-t2] and 0 exception(s); 9eaa5d3b-7f24-43e5-8ed7-b75d408a73bc:t2, leader=null, voted=9eaa5d3b-7f24-43e5-8ed7-b75d408a73bc, raftlog=9eaa5d3b-7f24-43e5-8ed7-b75d408a73bc-SegmentedRaftLog:OPENED:c-1,f-1,i0, conf=-1: [d54663ee-3152-4cb4-81e4-a649206e5e67:192.168.69.80:33475, 9eaa5d3b-7f24-43e5-8ed7-b75d408a73bc:192.168.69.80:38858, e818a2f7-8f02-4e86-916f-ff842842a8af:192.168.69.80:45361], old=null
2019-08-28 13:25:27,280 [grpc-default-executor-1] INFO  impl.RaftServerImpl (ServerState.java:setLeader(263)) - e818a2f7-8f02-4e86-916f-ff842842a8af:group-7349AAD26B0F change Leader from null to d54663ee-3152-4cb4-81e4-a649206e5e67 at term 2 for appendEntries, leader elected after 10465ms
2019-08-28 13:25:27,281 [grpc-default-executor-5] INFO  impl.RoleInfo (RoleInfo.java:shutdownLeaderElection(134)) - 9eaa5d3b-7f24-43e5-8ed7-b75d408a73bc: shutdown LeaderElection
2019-08-28 13:25:27,291 [grpc-default-executor-5] INFO  impl.RoleInfo (RoleInfo.java:updateAndGet(143)) - 9eaa5d3b-7f24-43e5-8ed7-b75d408a73bc: start FollowerState
2019-08-28 13:25:27,292 [grpc-default-executor-5] INFO  impl.RaftServerImpl (ServerState.java:setLeader(263)) - 9eaa5d3b-7f24-43e5-8ed7-b75d408a73bc:group-7349AAD26B0F change Leader from null to d54663ee-3152-4cb4-81e4-a649206e5e67 at term 2 for appendEntries, leader elected after 10476ms
2019-08-28 13:25:27,293 [d54663ee-3152-4cb4-81e4-a649206e5e67-SegmentedRaftLogWorker:Storage Directory /workdir/hadoop-ozone/integration-test/target/test-dir/MiniOzoneClusterImpl-62966285-877c-4a45-b7c7-a51c1c914e6b/datanode-2/data/ratis/f9756c7a-6cbc-4998-84cb-7349aad26b0f] INFO  segmented.SegmentedRaftLogWorker (SegmentedRaftLogWorker.java:execute(569)) - d54663ee-3152-4cb4-81e4-a649206e5e67-SegmentedRaftLogWorker:Storage Directory /workdir/hadoop-ozone/integration-test/target/test-dir/MiniOzoneClusterImpl-62966285-877c-4a45-b7c7-a51c1c914e6b/datanode-2/data/ratis/f9756c7a-6cbc-4998-84cb-7349aad26b0f: created new log segment /workdir/hadoop-ozone/integration-test/target/test-dir/MiniOzoneClusterImpl-62966285-877c-4a45-b7c7-a51c1c914e6b/datanode-2/data/ratis/f9756c7a-6cbc-4998-84cb-7349aad26b0f/current/log_inprogress_0
2019-08-28 13:25:27,294 | INFO  | SCMAudit | user=jenkins1000 | ip=192.168.69.80 | op=SEND_HEARTBEAT {datanodeUUID=e818a2f7-8f02-4e86-916f-ff842842a8af, command=[]} | ret=SUCCESS |  
2019-08-28 13:25:27,297 [grpc-default-executor-5] INFO  impl.RaftServerImpl (ServerState.java:setRaftConf(361)) - e818a2f7-8f02-4e86-916f-ff842842a8af:group-7349AAD26B0F set configuration 0: [d54663ee-3152-4cb4-81e4-a649206e5e67:192.168.69.80:33475, 9eaa5d3b-7f24-43e5-8ed7-b75d408a73bc:192.168.69.80:38858, e818a2f7-8f02-4e86-916f-ff842842a8af:192.168.69.80:45361], old=null at 0
2019-08-28 13:25:27,297 [grpc-default-executor-1] INFO  impl.RaftServerImpl (ServerState.java:setRaftConf(361)) - 9eaa5d3b-7f24-43e5-8ed7-b75d408a73bc:group-7349AAD26B0F set configuration 0: [d54663ee-3152-4cb4-81e4-a649206e5e67:192.168.69.80:33475, 9eaa5d3b-7f24-43e5-8ed7-b75d408a73bc:192.168.69.80:38858, e818a2f7-8f02-4e86-916f-ff842842a8af:192.168.69.80:45361], old=null at 0
2019-08-28 13:25:27,298 [grpc-default-executor-5] INFO  segmented.SegmentedRaftLogWorker (SegmentedRaftLogWorker.java:startLogSegment(380)) - e818a2f7-8f02-4e86-916f-ff842842a8af-SegmentedRaftLogWorker:Storage Directory /workdir/hadoop-ozone/integration-test/target/test-dir/MiniOzoneClusterImpl-62966285-877c-4a45-b7c7-a51c1c914e6b/datanode-4/data/ratis/f9756c7a-6cbc-4998-84cb-7349aad26b0f: Starting segment from index:0
2019-08-28 13:25:27,298 [grpc-default-executor-1] INFO  segmented.SegmentedRaftLogWorker (SegmentedRaftLogWorker.java:startLogSegment(380)) - 9eaa5d3b-7f24-43e5-8ed7-b75d408a73bc-SegmentedRaftLogWorker:Storage Directory /workdir/hadoop-ozone/integration-test/target/test-dir/MiniOzoneClusterImpl-62966285-877c-4a45-b7c7-a51c1c914e6b/datanode-3/data/ratis/f9756c7a-6cbc-4998-84cb-7349aad26b0f: Starting segment from index:0
2019-08-28 13:25:27,357 [9eaa5d3b-7f24-43e5-8ed7-b75d408a73bc-SegmentedRaftLogWorker:Storage Directory /workdir/hadoop-ozone/integration-test/target/test-dir/MiniOzoneClusterImpl-62966285-877c-4a45-b7c7-a51c1c914e6b/datanode-3/data/ratis/f9756c7a-6cbc-4998-84cb-7349aad26b0f] INFO  segmented.SegmentedRaftLogWorker (SegmentedRaftLogWorker.java:execute(569)) - 9eaa5d3b-7f24-43e5-8ed7-b75d408a73bc-SegmentedRaftLogWorker:Storage Directory /workdir/hadoop-ozone/integration-test/target/test-dir/MiniOzoneClusterImpl-62966285-877c-4a45-b7c7-a51c1c914e6b/datanode-3/data/ratis/f9756c7a-6cbc-4998-84cb-7349aad26b0f: created new log segment /workdir/hadoop-ozone/integration-test/target/test-dir/MiniOzoneClusterImpl-62966285-877c-4a45-b7c7-a51c1c914e6b/datanode-3/data/ratis/f9756c7a-6cbc-4998-84cb-7349aad26b0f/current/log_inprogress_0
2019-08-28 13:25:27,358 [e818a2f7-8f02-4e86-916f-ff842842a8af-SegmentedRaftLogWorker:Storage Directory /workdir/hadoop-ozone/integration-test/target/test-dir/MiniOzoneClusterImpl-62966285-877c-4a45-b7c7-a51c1c914e6b/datanode-4/data/ratis/f9756c7a-6cbc-4998-84cb-7349aad26b0f] INFO  segmented.SegmentedRaftLogWorker (SegmentedRaftLogWorker.java:execute(569)) - e818a2f7-8f02-4e86-916f-ff842842a8af-SegmentedRaftLogWorker:Storage Directory /workdir/hadoop-ozone/integration-test/target/test-dir/MiniOzoneClusterImpl-62966285-877c-4a45-b7c7-a51c1c914e6b/datanode-4/data/ratis/f9756c7a-6cbc-4998-84cb-7349aad26b0f: created new log segment /workdir/hadoop-ozone/integration-test/target/test-dir/MiniOzoneClusterImpl-62966285-877c-4a45-b7c7-a51c1c914e6b/datanode-4/data/ratis/f9756c7a-6cbc-4998-84cb-7349aad26b0f/current/log_inprogress_0
2019-08-28 13:25:27,374 [grpc-default-executor-1] INFO  client.GrpcClientProtocolClient (GrpcClientProtocolClient.java:onNext(255)) - client-F7D31F07083E->9eaa5d3b-7f24-43e5-8ed7-b75d408a73bc: receive RaftClientReply:client-F7D31F07083E->9eaa5d3b-7f24-43e5-8ed7-b75d408a73bc@group-7349AAD26B0F, cid=17, FAILED org.apache.ratis.protocol.NotLeaderException: Server 9eaa5d3b-7f24-43e5-8ed7-b75d408a73bc is not the leader (d54663ee-3152-4cb4-81e4-a649206e5e67:192.168.69.80:33475). Request must be sent to leader., logIndex=0, commits[9eaa5d3b-7f24-43e5-8ed7-b75d408a73bc:c-1, d54663ee-3152-4cb4-81e4-a649206e5e67:c-1, e818a2f7-8f02-4e86-916f-ff842842a8af:c-1]
2019-08-28 13:25:27,499 | INFO  | SCMAudit | user=jenkins1000 | ip=192.168.69.80 | op=SEND_HEARTBEAT {datanodeUUID=43afa839-77df-4fc0-b10e-aa20d6c2bf5b, command=[]} | ret=SUCCESS |  
2019-08-28 13:25:27,564 | INFO  | SCMAudit | user=jenkins1000 | ip=192.168.69.80 | op=SEND_HEARTBEAT {datanodeUUID=d54663ee-3152-4cb4-81e4-a649206e5e67, command=[]} | ret=SUCCESS |  
2019-08-28 13:25:27,564 | INFO  | SCMAudit | user=jenkins1000 | ip=192.168.69.80 | op=SEND_HEARTBEAT {datanodeUUID=9eaa5d3b-7f24-43e5-8ed7-b75d408a73bc, command=[]} | ret=SUCCESS |  
2019-08-28 13:25:27,569 | INFO  | DNAudit | user=null | ip=null | op=WRITE_CHUNK {blockData=conID: 2 locID: 1566998723143 bcsId: 0} | ret=SUCCESS |  
2019-08-28 13:25:27,569 | INFO  | DNAudit | user=null | ip=null | op=WRITE_CHUNK {blockData=conID: 2 locID: 1566998723143 bcsId: 0} | ret=SUCCESS |  
2019-08-28 13:25:27,587 | INFO  | DNAudit | user=null | ip=null | op=WRITE_CHUNK {blockData=conID: 2 locID: 1566998723143 bcsId: 0} | ret=SUCCESS |  
2019-08-28 13:25:27,592 | INFO  | SCMAudit | user=jenkins1000 | ip=192.168.69.80 | op=SEND_HEARTBEAT {datanodeUUID=e818a2f7-8f02-4e86-916f-ff842842a8af, command=[]} | ret=SUCCESS |  
2019-08-28 13:25:27,597 | INFO  | DNAudit | user=null | ip=null | op=WRITE_CHUNK {blockData=conID: 2 locID: 1566998723143 bcsId: 0} | ret=SUCCESS |  
2019-08-28 13:25:27,599 [grpc-default-executor-4] INFO  client.GrpcClientProtocolClient (GrpcClientProtocolClient.java:onNext(255)) - client-F7D31F07083E->d54663ee-3152-4cb4-81e4-a649206e5e67: receive RaftClientReply:client-F7D31F07083E->d54663ee-3152-4cb4-81e4-a649206e5e67@group-7349AAD26B0F, cid=17, SUCCESS, logIndex=1, commits[d54663ee-3152-4cb4-81e4-a649206e5e67:c1, 9eaa5d3b-7f24-43e5-8ed7-b75d408a73bc:c0, e818a2f7-8f02-4e86-916f-ff842842a8af:c-1]
2019-08-28 13:25:27,607 | INFO  | SCMAudit | user=jenkins1000 | ip=192.168.69.80 | op=SEND_HEARTBEAT {datanodeUUID=fd61a37d-865b-41eb-839c-4f81cb4e904c, command=[]} | ret=SUCCESS |  
2019-08-28 13:25:27,612 | INFO  | DNAudit | user=null | ip=null | op=WRITE_CHUNK {blockData=conID: 2 locID: 1566998723143 bcsId: 0} | ret=SUCCESS |  
2019-08-28 13:25:27,612 | INFO  | DNAudit | user=null | ip=null | op=WRITE_CHUNK {blockData=conID: 2 locID: 1566998723143 bcsId: 0} | ret=SUCCESS |  
2019-08-28 13:25:27,616 [pool-48-thread-4] WARN  impl.ChunkManagerImpl (ChunkUtils.java:validateChunkForOverwrite(218)) - Duplicate write chunk request. Chunk overwrite without explicit request. ChunkInfo{chunkName='1566998723143.data.0, offset=0, len=1048576}
2019-08-28 13:25:27,617 [pool-48-thread-4] WARN  impl.ChunkManagerImpl (ChunkManagerImpl.java:writeChunk(111)) - ChunkFile already exists/workdir/hadoop-ozone/integration-test/target/test-dir/MiniOzoneClusterImpl-62966285-877c-4a45-b7c7-a51c1c914e6b/datanode-2/data/containers/hdds/ebcfb2f1-4802-4dc1-a0c9-70380a4f84b9/current/containerDir0/2/chunks/1566998723143.data.0.Deleting it.
2019-08-28 13:25:27,621 | INFO  | DNAudit | user=null | ip=null | op=WRITE_CHUNK {blockData=conID: 2 locID: 1566998723143 bcsId: 0} | ret=SUCCESS |  
2019-08-28 13:25:27,626 [pool-70-thread-2] WARN  impl.ChunkManagerImpl (ChunkUtils.java:validateChunkForOverwrite(218)) - Duplicate write chunk request. Chunk overwrite without explicit request. ChunkInfo{chunkName='1566998723143.data.0, offset=0, len=1048576}
2019-08-28 13:25:27,626 [pool-70-thread-2] WARN  impl.ChunkManagerImpl (ChunkManagerImpl.java:writeChunk(111)) - ChunkFile already exists/workdir/hadoop-ozone/integration-test/target/test-dir/MiniOzoneClusterImpl-62966285-877c-4a45-b7c7-a51c1c914e6b/datanode-4/data/containers/hdds/ebcfb2f1-4802-4dc1-a0c9-70380a4f84b9/current/containerDir0/2/chunks/1566998723143.data.0.Deleting it.
2019-08-28 13:25:27,628 [pool-59-thread-2] WARN  impl.ChunkManagerImpl (ChunkUtils.java:validateChunkForOverwrite(218)) - Duplicate write chunk request. Chunk overwrite without explicit request. ChunkInfo{chunkName='1566998723143.data.0, offset=0, len=1048576}
2019-08-28 13:25:27,628 [pool-59-thread-2] WARN  impl.ChunkManagerImpl (ChunkManagerImpl.java:writeChunk(111)) - ChunkFile already exists/workdir/hadoop-ozone/integration-test/target/test-dir/MiniOzoneClusterImpl-62966285-877c-4a45-b7c7-a51c1c914e6b/datanode-3/data/containers/hdds/ebcfb2f1-4802-4dc1-a0c9-70380a4f84b9/current/containerDir0/2/chunks/1566998723143.data.0.Deleting it.
2019-08-28 13:25:27,631 | INFO  | DNAudit | user=null | ip=null | op=WRITE_CHUNK {blockData=conID: 2 locID: 1566998723143 bcsId: 0} | ret=SUCCESS |  
2019-08-28 13:25:27,632 | INFO  | DNAudit | user=null | ip=null | op=WRITE_CHUNK {blockData=conID: 2 locID: 1566998723143 bcsId: 0} | ret=SUCCESS |  
2019-08-28 13:25:27,727 | INFO  | SCMAudit | user=jenkins1000 | ip=192.168.69.80 | op=SEND_HEARTBEAT {datanodeUUID=b0364e3c-ab8e-4d3c-a8e3-2bd00a002e29, command=[]} | ret=SUCCESS |  
2019-08-28 13:25:27,728 | INFO  | SCMAudit | user=jenkins1000 | ip=192.168.69.80 | op=SEND_HEARTBEAT {datanodeUUID=ca6173d3-2dd0-407b-bac8-43b134d0f886, command=[]} | ret=SUCCESS |  
2019-08-28 13:25:27,737 | INFO  | DNAudit | user=null | ip=null | op=PUT_BLOCK {blockData=[blockId=conID: 2 locID: 1566998723143 bcsId: 0,size=1048576]} | ret=SUCCESS |  
2019-08-28 13:25:27,748 | INFO  | DNAudit | user=null | ip=null | op=WRITE_CHUNK {blockData=conID: 2 locID: 1566998723143 bcsId: 0} | ret=SUCCESS |  
2019-08-28 13:25:27,749 [grpc-default-executor-1] INFO  client.GrpcClientProtocolClient (GrpcClientProtocolClient.java:onNext(255)) - client-F7D31F07083E->d54663ee-3152-4cb4-81e4-a649206e5e67: receive RaftClientReply:client-F7D31F07083E->d54663ee-3152-4cb4-81e4-a649206e5e67@group-7349AAD26B0F, cid=18, SUCCESS, logIndex=3, commits[d54663ee-3152-4cb4-81e4-a649206e5e67:c8, 9eaa5d3b-7f24-43e5-8ed7-b75d408a73bc:c6, e818a2f7-8f02-4e86-916f-ff842842a8af:c6]
2019-08-28 13:25:27,751 [grpc-default-executor-1] INFO  client.GrpcClientProtocolClient (GrpcClientProtocolClient.java:onNext(255)) - client-F7D31F07083E->d54663ee-3152-4cb4-81e4-a649206e5e67: receive RaftClientReply:client-F7D31F07083E->d54663ee-3152-4cb4-81e4-a649206e5e67@group-7349AAD26B0F, cid=19, SUCCESS, logIndex=4, commits[d54663ee-3152-4cb4-81e4-a649206e5e67:c8, 9eaa5d3b-7f24-43e5-8ed7-b75d408a73bc:c6, e818a2f7-8f02-4e86-916f-ff842842a8af:c6]
2019-08-28 13:25:27,795 | INFO  | DNAudit | user=null | ip=null | op=PUT_BLOCK {blockData=[blockId=conID: 2 locID: 1566998723143 bcsId: 0,size=1048576]} | ret=SUCCESS |  
2019-08-28 13:25:27,796 | INFO  | DNAudit | user=null | ip=null | op=WRITE_CHUNK {blockData=conID: 2 locID: 1566998723143 bcsId: 0} | ret=SUCCESS |  
2019-08-28 13:25:27,886 | INFO  | DNAudit | user=null | ip=null | op=PUT_BLOCK {blockData=[blockId=conID: 2 locID: 1566998723143 bcsId: 0,size=1048576]} | ret=SUCCESS |  
2019-08-28 13:25:27,886 | INFO  | DNAudit | user=null | ip=null | op=PUT_BLOCK {blockData=[blockId=conID: 2 locID: 1566998723143 bcsId: 0,size=1048576]} | ret=SUCCESS |  
2019-08-28 13:25:27,886 | INFO  | DNAudit | user=null | ip=null | op=PUT_BLOCK {blockData=[blockId=conID: 2 locID: 1566998723143 bcsId: 0,size=1048576]} | ret=SUCCESS |  
2019-08-28 13:25:27,887 | INFO  | DNAudit | user=null | ip=null | op=WRITE_CHUNK {blockData=conID: 2 locID: 1566998723143 bcsId: 0} | ret=SUCCESS |  
2019-08-28 13:25:27,888 | INFO  | DNAudit | user=null | ip=null | op=PUT_BLOCK {blockData=[blockId=conID: 2 locID: 1566998723143 bcsId: 0,size=1048576]} | ret=SUCCESS |  
2019-08-28 13:25:27,888 [grpc-default-executor-1] INFO  client.GrpcClientProtocolClient (GrpcClientProtocolClient.java:onNext(255)) - client-F7D31F07083E->d54663ee-3152-4cb4-81e4-a649206e5e67: receive RaftClientReply:client-F7D31F07083E->d54663ee-3152-4cb4-81e4-a649206e5e67@group-7349AAD26B0F, cid=20, SUCCESS, logIndex=5, commits[d54663ee-3152-4cb4-81e4-a649206e5e67:c8, 9eaa5d3b-7f24-43e5-8ed7-b75d408a73bc:c6, e818a2f7-8f02-4e86-916f-ff842842a8af:c6]
2019-08-28 13:25:27,890 [main] INFO  datanode.ObjectStoreHandler (ObjectStoreHandler.java:close(155)) - Closing ObjectStoreHandler.
2019-08-28 13:25:27,891 [main] INFO  ozone.HddsDatanodeService (HddsDatanodeService.java:stop(451)) - Stopped plug-in org.apache.hadoop.ozone.web.OzoneHddsDatanodeService@64f4f12
2019-08-28 13:25:28,499 | INFO  | SCMAudit | user=jenkins1000 | ip=192.168.69.80 | op=SEND_HEARTBEAT {datanodeUUID=43afa839-77df-4fc0-b10e-aa20d6c2bf5b, command=[]} | ret=SUCCESS |  
2019-08-28 13:25:28,562 [Datanode State Machine Thread - 0] INFO  statemachine.DatanodeStateMachine (DatanodeStateMachine.java:lambda$startDaemon$0(350)) - Ozone container server started.
2019-08-28 13:25:28,564 | INFO  | SCMAudit | user=jenkins1000 | ip=192.168.69.80 | op=SEND_HEARTBEAT {datanodeUUID=9eaa5d3b-7f24-43e5-8ed7-b75d408a73bc, command=[]} | ret=SUCCESS |  
2019-08-28 13:25:28,587 | INFO  | SCMAudit | user=jenkins1000 | ip=192.168.69.80 | op=SEND_HEARTBEAT {datanodeUUID=e818a2f7-8f02-4e86-916f-ff842842a8af, command=[]} | ret=SUCCESS |  
2019-08-28 13:25:28,605 | INFO  | SCMAudit | user=jenkins1000 | ip=192.168.69.80 | op=SEND_HEARTBEAT {datanodeUUID=fd61a37d-865b-41eb-839c-4f81cb4e904c, command=[]} | ret=SUCCESS |  
2019-08-28 13:25:28,726 | INFO  | SCMAudit | user=jenkins1000 | ip=192.168.69.80 | op=SEND_HEARTBEAT {datanodeUUID=b0364e3c-ab8e-4d3c-a8e3-2bd00a002e29, command=[]} | ret=SUCCESS |  
2019-08-28 13:25:28,728 | INFO  | SCMAudit | user=jenkins1000 | ip=192.168.69.80 | op=SEND_HEARTBEAT {datanodeUUID=ca6173d3-2dd0-407b-bac8-43b134d0f886, command=[]} | ret=SUCCESS |  
2019-08-28 13:25:29,499 | INFO  | SCMAudit | user=jenkins1000 | ip=192.168.69.80 | op=SEND_HEARTBEAT {datanodeUUID=43afa839-77df-4fc0-b10e-aa20d6c2bf5b, command=[]} | ret=SUCCESS |  
2019-08-28 13:25:29,564 | INFO  | SCMAudit | user=jenkins1000 | ip=192.168.69.80 | op=SEND_HEARTBEAT {datanodeUUID=9eaa5d3b-7f24-43e5-8ed7-b75d408a73bc, command=[]} | ret=SUCCESS |  
2019-08-28 13:25:29,588 | INFO  | SCMAudit | user=jenkins1000 | ip=192.168.69.80 | op=SEND_HEARTBEAT {datanodeUUID=e818a2f7-8f02-4e86-916f-ff842842a8af, command=[]} | ret=SUCCESS |  
2019-08-28 13:25:29,606 | INFO  | SCMAudit | user=jenkins1000 | ip=192.168.69.80 | op=SEND_HEARTBEAT {datanodeUUID=fd61a37d-865b-41eb-839c-4f81cb4e904c, command=[]} | ret=SUCCESS |  
2019-08-28 13:25:29,727 | INFO  | SCMAudit | user=jenkins1000 | ip=192.168.69.80 | op=SEND_HEARTBEAT {datanodeUUID=b0364e3c-ab8e-4d3c-a8e3-2bd00a002e29, command=[]} | ret=SUCCESS |  
2019-08-28 13:25:29,728 | INFO  | SCMAudit | user=jenkins1000 | ip=192.168.69.80 | op=SEND_HEARTBEAT {datanodeUUID=ca6173d3-2dd0-407b-bac8-43b134d0f886, command=[]} | ret=SUCCESS |  
2019-08-28 13:25:30,500 | INFO  | SCMAudit | user=jenkins1000 | ip=192.168.69.80 | op=SEND_HEARTBEAT {datanodeUUID=43afa839-77df-4fc0-b10e-aa20d6c2bf5b, command=[]} | ret=SUCCESS |  
2019-08-28 13:25:30,564 | INFO  | SCMAudit | user=jenkins1000 | ip=192.168.69.80 | op=SEND_HEARTBEAT {datanodeUUID=9eaa5d3b-7f24-43e5-8ed7-b75d408a73bc, command=[]} | ret=SUCCESS |  
2019-08-28 13:25:30,599 | INFO  | SCMAudit | user=jenkins1000 | ip=192.168.69.80 | op=SEND_HEARTBEAT {datanodeUUID=e818a2f7-8f02-4e86-916f-ff842842a8af, command=[]} | ret=SUCCESS |  
2019-08-28 13:25:30,599 [EventQueue-StaleNodeForStaleNodeHandler] INFO  node.StaleNodeHandler (StaleNodeHandler.java:onMessage(58)) - Datanode d54663ee-3152-4cb4-81e4-a649206e5e67{ip: 192.168.69.80, host: pr-hdds-2030-bfh46-3754461772, networkLocation: /default-rack, certSerialId: null} moved to stale state. Finalizing its pipelines [PipelineID=f9756c7a-6cbc-4998-84cb-7349aad26b0f, PipelineID=04954c02-ebea-4a5f-bfa8-4cce5fddcac2]
2019-08-28 13:25:30,600 [EventQueue-StaleNodeForStaleNodeHandler] INFO  pipeline.SCMPipelineManager (SCMPipelineManager.java:finalizeAndDestroyPipeline(309)) - destroying pipeline:Pipeline[ Id: f9756c7a-6cbc-4998-84cb-7349aad26b0f, Nodes: d54663ee-3152-4cb4-81e4-a649206e5e67{ip: 192.168.69.80, host: pr-hdds-2030-bfh46-3754461772, networkLocation: /default-rack, certSerialId: null}9eaa5d3b-7f24-43e5-8ed7-b75d408a73bc{ip: 192.168.69.80, host: pr-hdds-2030-bfh46-3754461772, networkLocation: /default-rack, certSerialId: null}e818a2f7-8f02-4e86-916f-ff842842a8af{ip: 192.168.69.80, host: pr-hdds-2030-bfh46-3754461772, networkLocation: /default-rack, certSerialId: null}, Type:RATIS, Factor:THREE, State:OPEN]
2019-08-28 13:25:30,601 [EventQueue-StaleNodeForStaleNodeHandler] INFO  pipeline.PipelineStateManager (PipelineStateManager.java:finalizePipeline(123)) - Pipeline Pipeline[ Id: f9756c7a-6cbc-4998-84cb-7349aad26b0f, Nodes: d54663ee-3152-4cb4-81e4-a649206e5e67{ip: 192.168.69.80, host: pr-hdds-2030-bfh46-3754461772, networkLocation: /default-rack, certSerialId: null}9eaa5d3b-7f24-43e5-8ed7-b75d408a73bc{ip: 192.168.69.80, host: pr-hdds-2030-bfh46-3754461772, networkLocation: /default-rack, certSerialId: null}e818a2f7-8f02-4e86-916f-ff842842a8af{ip: 192.168.69.80, host: pr-hdds-2030-bfh46-3754461772, networkLocation: /default-rack, certSerialId: null}, Type:RATIS, Factor:THREE, State:CLOSED] moved to CLOSED state
2019-08-28 13:25:30,602 [EventQueue-CloseContainerForCloseContainerEventHandler] INFO  container.CloseContainerEventHandler (CloseContainerEventHandler.java:onMessage(61)) - Close container Event triggered for container : #2
2019-08-28 13:25:30,604 [EventQueue-StaleNodeForStaleNodeHandler] INFO  pipeline.SCMPipelineManager (SCMPipelineManager.java:finalizeAndDestroyPipeline(309)) - destroying pipeline:Pipeline[ Id: 04954c02-ebea-4a5f-bfa8-4cce5fddcac2, Nodes: d54663ee-3152-4cb4-81e4-a649206e5e67{ip: 192.168.69.80, host: pr-hdds-2030-bfh46-3754461772, networkLocation: /default-rack, certSerialId: null}, Type:RATIS, Factor:ONE, State:OPEN]
2019-08-28 13:25:30,604 [EventQueue-StaleNodeForStaleNodeHandler] INFO  pipeline.PipelineStateManager (PipelineStateManager.java:finalizePipeline(123)) - Pipeline Pipeline[ Id: 04954c02-ebea-4a5f-bfa8-4cce5fddcac2, Nodes: d54663ee-3152-4cb4-81e4-a649206e5e67{ip: 192.168.69.80, host: pr-hdds-2030-bfh46-3754461772, networkLocation: /default-rack, certSerialId: null}, Type:RATIS, Factor:ONE, State:CLOSED] moved to CLOSED state
2019-08-28 13:25:30,606 | INFO  | SCMAudit | user=jenkins1000 | ip=192.168.69.80 | op=SEND_HEARTBEAT {datanodeUUID=fd61a37d-865b-41eb-839c-4f81cb4e904c, command=[]} | ret=SUCCESS |  
2019-08-28 13:25:30,727 | INFO  | SCMAudit | user=jenkins1000 | ip=192.168.69.80 | op=SEND_HEARTBEAT {datanodeUUID=b0364e3c-ab8e-4d3c-a8e3-2bd00a002e29, command=[]} | ret=SUCCESS |  
2019-08-28 13:25:30,727 | INFO  | SCMAudit | user=jenkins1000 | ip=192.168.69.80 | op=SEND_HEARTBEAT {datanodeUUID=ca6173d3-2dd0-407b-bac8-43b134d0f886, command=[]} | ret=SUCCESS |  
2019-08-28 13:25:31,500 | INFO  | SCMAudit | user=jenkins1000 | ip=192.168.69.80 | op=SEND_HEARTBEAT {datanodeUUID=43afa839-77df-4fc0-b10e-aa20d6c2bf5b, command=[]} | ret=SUCCESS |  
2019-08-28 13:25:31,597 | INFO  | SCMAudit | user=jenkins1000 | ip=192.168.69.80 | op=SEND_HEARTBEAT {datanodeUUID=9eaa5d3b-7f24-43e5-8ed7-b75d408a73bc, command=[commandType: closeContainerCommand closeContainerCommandProto { containerID: 2 pipelineID { id: "f9756c7a-6cbc-4998-84cb-7349aad26b0f" } cmdId: 2 force: false } ]} | ret=SUCCESS |  
2019-08-28 13:25:31,603 | INFO  | SCMAudit | user=jenkins1000 | ip=192.168.69.80 | op=SEND_HEARTBEAT {datanodeUUID=e818a2f7-8f02-4e86-916f-ff842842a8af, command=[commandType: closeContainerCommand closeContainerCommandProto { containerID: 2 pipelineID { id: "f9756c7a-6cbc-4998-84cb-7349aad26b0f" } cmdId: 2 force: false } ]} | ret=SUCCESS |  
2019-08-28 13:25:31,605 | INFO  | SCMAudit | user=jenkins1000 | ip=192.168.69.80 | op=SEND_HEARTBEAT {datanodeUUID=fd61a37d-865b-41eb-839c-4f81cb4e904c, command=[]} | ret=SUCCESS |  
2019-08-28 13:25:31,727 | INFO  | SCMAudit | user=jenkins1000 | ip=192.168.69.80 | op=SEND_HEARTBEAT {datanodeUUID=b0364e3c-ab8e-4d3c-a8e3-2bd00a002e29, command=[]} | ret=SUCCESS |  
2019-08-28 13:25:31,727 | INFO  | SCMAudit | user=jenkins1000 | ip=192.168.69.80 | op=SEND_HEARTBEAT {datanodeUUID=ca6173d3-2dd0-407b-bac8-43b134d0f886, command=[]} | ret=SUCCESS |  
2019-08-28 13:25:32,499 | INFO  | SCMAudit | user=jenkins1000 | ip=192.168.69.80 | op=SEND_HEARTBEAT {datanodeUUID=43afa839-77df-4fc0-b10e-aa20d6c2bf5b, command=[]} | ret=SUCCESS |  
2019-08-28 13:25:32,565 | INFO  | SCMAudit | user=jenkins1000 | ip=192.168.69.80 | op=SEND_HEARTBEAT {datanodeUUID=9eaa5d3b-7f24-43e5-8ed7-b75d408a73bc, command=[]} | ret=SUCCESS |  
2019-08-28 13:25:32,600 | INFO  | SCMAudit | user=jenkins1000 | ip=192.168.69.80 | op=SEND_HEARTBEAT {datanodeUUID=9eaa5d3b-7f24-43e5-8ed7-b75d408a73bc, command=[]} | ret=SUCCESS |  
2019-08-28 13:25:32,603 | INFO  | SCMAudit | user=jenkins1000 | ip=192.168.69.80 | op=SEND_HEARTBEAT {datanodeUUID=e818a2f7-8f02-4e86-916f-ff842842a8af, command=[]} | ret=SUCCESS |  
2019-08-28 13:25:32,605 | INFO  | SCMAudit | user=jenkins1000 | ip=192.168.69.80 | op=SEND_HEARTBEAT {datanodeUUID=fd61a37d-865b-41eb-839c-4f81cb4e904c, command=[]} | ret=SUCCESS |  
2019-08-28 13:25:32,631 | INFO  | SCMAudit | user=jenkins1000 | ip=192.168.69.80 | op=SEND_HEARTBEAT {datanodeUUID=e818a2f7-8f02-4e86-916f-ff842842a8af, command=[]} | ret=SUCCESS |  
2019-08-28 13:25:32,726 | INFO  | SCMAudit | user=jenkins1000 | ip=192.168.69.80 | op=SEND_HEARTBEAT {datanodeUUID=b0364e3c-ab8e-4d3c-a8e3-2bd00a002e29, command=[]} | ret=SUCCESS |  
2019-08-28 13:25:32,728 | INFO  | SCMAudit | user=jenkins1000 | ip=192.168.69.80 | op=SEND_HEARTBEAT {datanodeUUID=ca6173d3-2dd0-407b-bac8-43b134d0f886, command=[]} | ret=SUCCESS |  
2019-08-28 13:25:32,894 [main] INFO  ozoneimpl.OzoneContainer (OzoneContainer.java:stop(199)) - Attempting to stop container services.
2019-08-28 13:25:32,896 [main] INFO  impl.RaftServerProxy (RaftServerProxy.java:lambda$close$4(314)) - d54663ee-3152-4cb4-81e4-a649206e5e67: close
2019-08-28 13:25:32,898 [main] INFO  impl.RaftServerImpl (RaftServerImpl.java:lambda$shutdown$3(245)) - d54663ee-3152-4cb4-81e4-a649206e5e67: shutdown group-7349AAD26B0F
2019-08-28 13:25:32,899 [ForkJoinPool.commonPool-worker-0] INFO  impl.RaftServerImpl (RaftServerImpl.java:lambda$shutdown$3(245)) - d54663ee-3152-4cb4-81e4-a649206e5e67: shutdown group-4CCE5FDDCAC2
2019-08-28 13:25:32,899 [main] INFO  util.JmxRegister (JmxRegister.java:unregister(73)) - Successfully un-registered JMX Bean with object name Ratis:service=RaftServer,group=group-7349AAD26B0F,id=d54663ee-3152-4cb4-81e4-a649206e5e67
2019-08-28 13:25:32,899 [ForkJoinPool.commonPool-worker-0] INFO  util.JmxRegister (JmxRegister.java:unregister(73)) - Successfully un-registered JMX Bean with object name Ratis:service=RaftServer,group=group-4CCE5FDDCAC2,id=d54663ee-3152-4cb4-81e4-a649206e5e67
2019-08-28 13:25:32,900 [main] INFO  impl.RoleInfo (RoleInfo.java:shutdownLeaderState(104)) - d54663ee-3152-4cb4-81e4-a649206e5e67: shutdown LeaderState
2019-08-28 13:25:32,900 [ForkJoinPool.commonPool-worker-0] INFO  impl.RoleInfo (RoleInfo.java:shutdownLeaderState(104)) - d54663ee-3152-4cb4-81e4-a649206e5e67: shutdown LeaderState
2019-08-28 13:25:32,905 [org.apache.ratis.server.impl.LogAppender$AppenderDaemon$$Lambda$444/256950720@2accd48d] WARN  server.GrpcLogAppender (GrpcLogAppender.java:mayWait(143)) - GrpcLogAppender(d54663ee-3152-4cb4-81e4-a649206e5e67->9eaa5d3b-7f24-43e5-8ed7-b75d408a73bc): Wait interrupted by java.lang.InterruptedException
2019-08-28 13:25:32,905 [ForkJoinPool.commonPool-worker-0] INFO  impl.PendingRequests (PendingRequests.java:sendNotLeaderResponses(202)) - d54663ee-3152-4cb4-81e4-a649206e5e67-PendingRequests: sendNotLeaderResponses
2019-08-28 13:25:32,909 [org.apache.ratis.server.impl.LogAppender$AppenderDaemon$$Lambda$444/256950720@6fce5fb0] WARN  server.GrpcLogAppender (GrpcLogAppender.java:mayWait(143)) - GrpcLogAppender(d54663ee-3152-4cb4-81e4-a649206e5e67->e818a2f7-8f02-4e86-916f-ff842842a8af): Wait interrupted by java.lang.InterruptedException
2019-08-28 13:25:32,909 [main] INFO  impl.PendingRequests (PendingRequests.java:sendNotLeaderResponses(202)) - d54663ee-3152-4cb4-81e4-a649206e5e67-PendingRequests: sendNotLeaderResponses
2019-08-28 13:25:32,918 [grpc-default-executor-1] INFO  server.GrpcServerProtocolService (GrpcServerProtocolService.java:onCompleted(104)) - e818a2f7-8f02-4e86-916f-ff842842a8af: appendEntries completed
2019-08-28 13:25:32,918 [grpc-default-executor-4] INFO  server.GrpcServerProtocolService (GrpcServerProtocolService.java:onCompleted(104)) - 9eaa5d3b-7f24-43e5-8ed7-b75d408a73bc: appendEntries completed
2019-08-28 13:25:32,921 [ForkJoinPool.commonPool-worker-0] INFO  impl.StateMachineUpdater (StateMachineUpdater.java:stopAndJoin(115)) - StateMachineUpdater:d54663ee-3152-4cb4-81e4-a649206e5e67:group-4CCE5FDDCAC2: set stopIndex = 0
2019-08-28 13:25:32,924 [grpc-default-executor-5] INFO  server.GrpcLogAppender (GrpcLogAppender.java:onCompleted(292)) - d54663ee-3152-4cb4-81e4-a649206e5e67->9eaa5d3b-7f24-43e5-8ed7-b75d408a73bc: follower responses appendEntries COMPLETED
2019-08-28 13:25:32,924 [ForkJoinPool.commonPool-worker-0] INFO  impl.RaftServerImpl (ServerState.java:close(394)) - d54663ee-3152-4cb4-81e4-a649206e5e67:group-4CCE5FDDCAC2 closes. The last applied log index is 0
2019-08-28 13:25:32,924 [grpc-default-executor-4] INFO  server.GrpcLogAppender (GrpcLogAppender.java:onCompleted(292)) - d54663ee-3152-4cb4-81e4-a649206e5e67->e818a2f7-8f02-4e86-916f-ff842842a8af: follower responses appendEntries COMPLETED
2019-08-28 13:25:32,934 [grpc-default-executor-5] INFO  impl.FollowerInfo (FollowerInfo.java:lambda$new$0(50)) - d54663ee-3152-4cb4-81e4-a649206e5e67->9eaa5d3b-7f24-43e5-8ed7-b75d408a73bc: nextIndex: updateUnconditionally 9 -> 8
2019-08-28 13:25:32,934 [grpc-default-executor-4] INFO  impl.FollowerInfo (FollowerInfo.java:lambda$new$0(50)) - d54663ee-3152-4cb4-81e4-a649206e5e67->e818a2f7-8f02-4e86-916f-ff842842a8af: nextIndex: updateUnconditionally 9 -> 8
2019-08-28 13:25:32,936 [main] INFO  impl.StateMachineUpdater (StateMachineUpdater.java:stopAndJoin(115)) - StateMachineUpdater:d54663ee-3152-4cb4-81e4-a649206e5e67:group-7349AAD26B0F: set stopIndex = 8
2019-08-28 13:25:32,939 [StateMachineUpdater:d54663ee-3152-4cb4-81e4-a649206e5e67:group-7349AAD26B0F] INFO  ratis.ContainerStateMachine (ContainerStateMachine.java:takeSnapshot(283)) - group-7349AAD26B0F: Taking a snapshot at:(t:2, i:8) file /workdir/hadoop-ozone/integration-test/target/test-dir/MiniOzoneClusterImpl-62966285-877c-4a45-b7c7-a51c1c914e6b/datanode-2/data/ratis/f9756c7a-6cbc-4998-84cb-7349aad26b0f/sm/snapshot.2_8
2019-08-28 13:25:32,940 [d54663ee-3152-4cb4-81e4-a649206e5e67-SegmentedRaftLogWorker:Storage Directory /workdir/hadoop-ozone/integration-test/target/test-dir/MiniOzoneClusterImpl-62966285-877c-4a45-b7c7-a51c1c914e6b/datanode-2/data/ratis/04954c02-ebea-4a5f-bfa8-4cce5fddcac2] INFO  segmented.SegmentedRaftLogWorker (SegmentedRaftLogWorker.java:run(313)) - d54663ee-3152-4cb4-81e4-a649206e5e67-SegmentedRaftLogWorker:Storage Directory /workdir/hadoop-ozone/integration-test/target/test-dir/MiniOzoneClusterImpl-62966285-877c-4a45-b7c7-a51c1c914e6b/datanode-2/data/ratis/04954c02-ebea-4a5f-bfa8-4cce5fddcac2 was interrupted, exiting. There are 0 tasks remaining in the queue.
2019-08-28 13:25:32,942 [ForkJoinPool.commonPool-worker-0] INFO  segmented.SegmentedRaftLogWorker (SegmentedRaftLogWorker.java:close(228)) - d54663ee-3152-4cb4-81e4-a649206e5e67-SegmentedRaftLogWorker:Storage Directory /workdir/hadoop-ozone/integration-test/target/test-dir/MiniOzoneClusterImpl-62966285-877c-4a45-b7c7-a51c1c914e6b/datanode-2/data/ratis/04954c02-ebea-4a5f-bfa8-4cce5fddcac2 close()
2019-08-28 13:25:32,974 [StateMachineUpdater:d54663ee-3152-4cb4-81e4-a649206e5e67:group-7349AAD26B0F] INFO  ratis.ContainerStateMachine (ContainerStateMachine.java:takeSnapshot(294)) - group-7349AAD26B0F: Finished taking a snapshot at:(t:2, i:8) file:/workdir/hadoop-ozone/integration-test/target/test-dir/MiniOzoneClusterImpl-62966285-877c-4a45-b7c7-a51c1c914e6b/datanode-2/data/ratis/f9756c7a-6cbc-4998-84cb-7349aad26b0f/sm/snapshot.2_8 time:38
2019-08-28 13:25:32,974 [StateMachineUpdater:d54663ee-3152-4cb4-81e4-a649206e5e67:group-7349AAD26B0F] INFO  impl.StateMachineUpdater (StateMachineUpdater.java:takeSnapshot(242)) - StateMachineUpdater:d54663ee-3152-4cb4-81e4-a649206e5e67:group-7349AAD26B0F: Took a snapshot at index 8
2019-08-28 13:25:32,974 [StateMachineUpdater:d54663ee-3152-4cb4-81e4-a649206e5e67:group-7349AAD26B0F] INFO  impl.StateMachineUpdater (StateMachineUpdater.java:lambda$new$0(80)) - StateMachineUpdater:d54663ee-3152-4cb4-81e4-a649206e5e67:group-7349AAD26B0F: snapshotIndex: updateIncreasingly -1 -> 8
2019-08-28 13:25:32,979 [main] INFO  impl.RaftServerImpl (ServerState.java:close(394)) - d54663ee-3152-4cb4-81e4-a649206e5e67:group-7349AAD26B0F closes. The last applied log index is 8
2019-08-28 13:25:32,980 [d54663ee-3152-4cb4-81e4-a649206e5e67-SegmentedRaftLogWorker:Storage Directory /workdir/hadoop-ozone/integration-test/target/test-dir/MiniOzoneClusterImpl-62966285-877c-4a45-b7c7-a51c1c914e6b/datanode-2/data/ratis/f9756c7a-6cbc-4998-84cb-7349aad26b0f] INFO  segmented.SegmentedRaftLogWorker (SegmentedRaftLogWorker.java:run(313)) - d54663ee-3152-4cb4-81e4-a649206e5e67-SegmentedRaftLogWorker:Storage Directory /workdir/hadoop-ozone/integration-test/target/test-dir/MiniOzoneClusterImpl-62966285-877c-4a45-b7c7-a51c1c914e6b/datanode-2/data/ratis/f9756c7a-6cbc-4998-84cb-7349aad26b0f was interrupted, exiting. There are 0 tasks remaining in the queue.
2019-08-28 13:25:32,983 [main] INFO  segmented.SegmentedRaftLogWorker (SegmentedRaftLogWorker.java:close(228)) - d54663ee-3152-4cb4-81e4-a649206e5e67-SegmentedRaftLogWorker:Storage Directory /workdir/hadoop-ozone/integration-test/target/test-dir/MiniOzoneClusterImpl-62966285-877c-4a45-b7c7-a51c1c914e6b/datanode-2/data/ratis/f9756c7a-6cbc-4998-84cb-7349aad26b0f close()
2019-08-28 13:25:32,988 [main] INFO  server.GrpcService (GrpcService.java:closeImpl(155)) - d54663ee-3152-4cb4-81e4-a649206e5e67: shutdown server with port 33475 now
2019-08-28 13:25:32,992 [main] INFO  server.GrpcService (GrpcService.java:closeImpl(163)) - d54663ee-3152-4cb4-81e4-a649206e5e67: shutdown server with port 33475 successfully
2019-08-28 13:25:32,994 [main] INFO  utils.BackgroundService (BackgroundService.java:shutdown(148)) - Shutting down service BlockDeletingService
2019-08-28 13:25:32,997 [refreshUsed-/workdir/hadoop-ozone/integration-test/target/test-dir/MiniOzoneClusterImpl-62966285-877c-4a45-b7c7-a51c1c914e6b/datanode-2/data/containers] WARN  fs.CachingGetSpaceUsed (CachingGetSpaceUsed.java:run(183)) - Thread Interrupted waiting to refresh disk information: sleep interrupted
2019-08-28 13:25:33,025 [main] INFO  statemachine.DatanodeStateMachine (DatanodeStateMachine.java:stopDaemon(395)) - Ozone container server stopped.
2019-08-28 13:25:33,033 [main] INFO  handler.ContextHandler (ContextHandler.java:doStop(910)) - Stopped o.e.j.w.WebAppContext@1d289d3f{/,null,UNAVAILABLE}{/hddsDatanode}
2019-08-28 13:25:33,041 [main] INFO  server.AbstractConnector (AbstractConnector.java:doStop(318)) - Stopped ServerConnector@10f405ff{HTTP/1.1,[http/1.1]}{0.0.0.0:0}
2019-08-28 13:25:33,042 [main] INFO  handler.ContextHandler (ContextHandler.java:doStop(910)) - Stopped o.e.j.s.ServletContextHandler@6df4af5{/static,jar:file:/home/user/.m2/repository/org/apache/hadoop/hadoop-hdds-container-service/0.5.0-SNAPSHOT/hadoop-hdds-container-service-0.5.0-SNAPSHOT.jar!/webapps/static,UNAVAILABLE}
2019-08-28 13:25:33,042 [main] INFO  handler.ContextHandler (ContextHandler.java:doStop(910)) - Stopped o.e.j.s.ServletContextHandler@4966bab1{/logs,file:///workdir/hadoop-ozone/integration-test/target/log,UNAVAILABLE}
2019-08-28 13:25:33,046 [main] INFO  datanode.ObjectStoreHandler (ObjectStoreHandler.java:close(155)) - Closing ObjectStoreHandler.
2019-08-28 13:25:33,046 [main] INFO  ozone.HddsDatanodeService (HddsDatanodeService.java:stop(451)) - Stopped plug-in org.apache.hadoop.ozone.web.OzoneHddsDatanodeService@20cff21e
2019-08-28 13:25:33,501 | INFO  | SCMAudit | user=jenkins1000 | ip=192.168.69.80 | op=SEND_HEARTBEAT {datanodeUUID=43afa839-77df-4fc0-b10e-aa20d6c2bf5b, command=[]} | ret=SUCCESS |  
2019-08-28 13:25:33,599 [Datanode State Machine Thread - 0] INFO  statemachine.DatanodeStateMachine (DatanodeStateMachine.java:lambda$startDaemon$0(350)) - Ozone container server started.
2019-08-28 13:25:33,606 | INFO  | SCMAudit | user=jenkins1000 | ip=192.168.69.80 | op=SEND_HEARTBEAT {datanodeUUID=fd61a37d-865b-41eb-839c-4f81cb4e904c, command=[]} | ret=SUCCESS |  
2019-08-28 13:25:33,630 | INFO  | SCMAudit | user=jenkins1000 | ip=192.168.69.80 | op=SEND_HEARTBEAT {datanodeUUID=e818a2f7-8f02-4e86-916f-ff842842a8af, command=[]} | ret=SUCCESS |  
2019-08-28 13:25:33,726 | INFO  | SCMAudit | user=jenkins1000 | ip=192.168.69.80 | op=SEND_HEARTBEAT {datanodeUUID=b0364e3c-ab8e-4d3c-a8e3-2bd00a002e29, command=[]} | ret=SUCCESS |  
2019-08-28 13:25:33,728 | INFO  | SCMAudit | user=jenkins1000 | ip=192.168.69.80 | op=SEND_HEARTBEAT {datanodeUUID=ca6173d3-2dd0-407b-bac8-43b134d0f886, command=[]} | ret=SUCCESS |  
2019-08-28 13:25:34,500 | INFO  | SCMAudit | user=jenkins1000 | ip=192.168.69.80 | op=SEND_HEARTBEAT {datanodeUUID=43afa839-77df-4fc0-b10e-aa20d6c2bf5b, command=[]} | ret=SUCCESS |  
2019-08-28 13:25:34,605 | INFO  | SCMAudit | user=jenkins1000 | ip=192.168.69.80 | op=SEND_HEARTBEAT {datanodeUUID=fd61a37d-865b-41eb-839c-4f81cb4e904c, command=[]} | ret=SUCCESS |  
2019-08-28 13:25:34,629 | INFO  | SCMAudit | user=jenkins1000 | ip=192.168.69.80 | op=SEND_HEARTBEAT {datanodeUUID=e818a2f7-8f02-4e86-916f-ff842842a8af, command=[]} | ret=SUCCESS |  
2019-08-28 13:25:34,726 | INFO  | SCMAudit | user=jenkins1000 | ip=192.168.69.80 | op=SEND_HEARTBEAT {datanodeUUID=b0364e3c-ab8e-4d3c-a8e3-2bd00a002e29, command=[]} | ret=SUCCESS |  
2019-08-28 13:25:34,727 | INFO  | SCMAudit | user=jenkins1000 | ip=192.168.69.80 | op=SEND_HEARTBEAT {datanodeUUID=ca6173d3-2dd0-407b-bac8-43b134d0f886, command=[]} | ret=SUCCESS |  
2019-08-28 13:25:35,499 | INFO  | SCMAudit | user=jenkins1000 | ip=192.168.69.80 | op=SEND_HEARTBEAT {datanodeUUID=43afa839-77df-4fc0-b10e-aa20d6c2bf5b, command=[]} | ret=SUCCESS |  
2019-08-28 13:25:35,606 | INFO  | SCMAudit | user=jenkins1000 | ip=192.168.69.80 | op=SEND_HEARTBEAT {datanodeUUID=fd61a37d-865b-41eb-839c-4f81cb4e904c, command=[]} | ret=SUCCESS |  
2019-08-28 13:25:35,610 [EventQueue-StaleNodeForStaleNodeHandler] INFO  node.StaleNodeHandler (StaleNodeHandler.java:onMessage(58)) - Datanode 9eaa5d3b-7f24-43e5-8ed7-b75d408a73bc{ip: 192.168.69.80, host: pr-hdds-2030-bfh46-3754461772, networkLocation: /default-rack, certSerialId: null} moved to stale state. Finalizing its pipelines [PipelineID=f9756c7a-6cbc-4998-84cb-7349aad26b0f, PipelineID=b16c14a6-3415-407a-9a90-a9e74e529409]
2019-08-28 13:25:35,610 [EventQueue-StaleNodeForStaleNodeHandler] INFO  pipeline.SCMPipelineManager (SCMPipelineManager.java:finalizeAndDestroyPipeline(309)) - destroying pipeline:Pipeline[ Id: f9756c7a-6cbc-4998-84cb-7349aad26b0f, Nodes: d54663ee-3152-4cb4-81e4-a649206e5e67{ip: 192.168.69.80, host: pr-hdds-2030-bfh46-3754461772, networkLocation: /default-rack, certSerialId: null}9eaa5d3b-7f24-43e5-8ed7-b75d408a73bc{ip: 192.168.69.80, host: pr-hdds-2030-bfh46-3754461772, networkLocation: /default-rack, certSerialId: null}e818a2f7-8f02-4e86-916f-ff842842a8af{ip: 192.168.69.80, host: pr-hdds-2030-bfh46-3754461772, networkLocation: /default-rack, certSerialId: null}, Type:RATIS, Factor:THREE, State:CLOSED]
2019-08-28 13:25:35,611 [EventQueue-StaleNodeForStaleNodeHandler] INFO  pipeline.SCMPipelineManager (SCMPipelineManager.java:finalizeAndDestroyPipeline(309)) - destroying pipeline:Pipeline[ Id: b16c14a6-3415-407a-9a90-a9e74e529409, Nodes: 9eaa5d3b-7f24-43e5-8ed7-b75d408a73bc{ip: 192.168.69.80, host: pr-hdds-2030-bfh46-3754461772, networkLocation: /default-rack, certSerialId: null}, Type:RATIS, Factor:ONE, State:OPEN]
2019-08-28 13:25:35,611 [EventQueue-StaleNodeForStaleNodeHandler] INFO  pipeline.PipelineStateManager (PipelineStateManager.java:finalizePipeline(123)) - Pipeline Pipeline[ Id: b16c14a6-3415-407a-9a90-a9e74e529409, Nodes: 9eaa5d3b-7f24-43e5-8ed7-b75d408a73bc{ip: 192.168.69.80, host: pr-hdds-2030-bfh46-3754461772, networkLocation: /default-rack, certSerialId: null}, Type:RATIS, Factor:ONE, State:CLOSED] moved to CLOSED state
2019-08-28 13:25:35,629 | INFO  | SCMAudit | user=jenkins1000 | ip=192.168.69.80 | op=SEND_HEARTBEAT {datanodeUUID=e818a2f7-8f02-4e86-916f-ff842842a8af, command=[]} | ret=SUCCESS |  
2019-08-28 13:25:35,726 | INFO  | SCMAudit | user=jenkins1000 | ip=192.168.69.80 | op=SEND_HEARTBEAT {datanodeUUID=b0364e3c-ab8e-4d3c-a8e3-2bd00a002e29, command=[]} | ret=SUCCESS |  
2019-08-28 13:25:35,727 | INFO  | SCMAudit | user=jenkins1000 | ip=192.168.69.80 | op=SEND_HEARTBEAT {datanodeUUID=ca6173d3-2dd0-407b-bac8-43b134d0f886, command=[]} | ret=SUCCESS |  
2019-08-28 13:25:36,499 | INFO  | SCMAudit | user=jenkins1000 | ip=192.168.69.80 | op=SEND_HEARTBEAT {datanodeUUID=43afa839-77df-4fc0-b10e-aa20d6c2bf5b, command=[]} | ret=SUCCESS |  
2019-08-28 13:25:36,606 | INFO  | SCMAudit | user=jenkins1000 | ip=192.168.69.80 | op=SEND_HEARTBEAT {datanodeUUID=fd61a37d-865b-41eb-839c-4f81cb4e904c, command=[]} | ret=SUCCESS |  
2019-08-28 13:25:36,629 | INFO  | SCMAudit | user=jenkins1000 | ip=192.168.69.80 | op=SEND_HEARTBEAT {datanodeUUID=e818a2f7-8f02-4e86-916f-ff842842a8af, command=[]} | ret=SUCCESS |  
2019-08-28 13:25:36,726 | INFO  | SCMAudit | user=jenkins1000 | ip=192.168.69.80 | op=SEND_HEARTBEAT {datanodeUUID=b0364e3c-ab8e-4d3c-a8e3-2bd00a002e29, command=[]} | ret=SUCCESS |  
2019-08-28 13:25:36,728 | INFO  | SCMAudit | user=jenkins1000 | ip=192.168.69.80 | op=SEND_HEARTBEAT {datanodeUUID=ca6173d3-2dd0-407b-bac8-43b134d0f886, command=[]} | ret=SUCCESS |  
2019-08-28 13:25:37,499 | INFO  | SCMAudit | user=jenkins1000 | ip=192.168.69.80 | op=SEND_HEARTBEAT {datanodeUUID=43afa839-77df-4fc0-b10e-aa20d6c2bf5b, command=[]} | ret=SUCCESS |  
2019-08-28 13:25:37,607 | INFO  | SCMAudit | user=jenkins1000 | ip=192.168.69.80 | op=SEND_HEARTBEAT {datanodeUUID=fd61a37d-865b-41eb-839c-4f81cb4e904c, command=[]} | ret=SUCCESS |  
2019-08-28 13:25:37,630 | INFO  | SCMAudit | user=jenkins1000 | ip=192.168.69.80 | op=SEND_HEARTBEAT {datanodeUUID=e818a2f7-8f02-4e86-916f-ff842842a8af, command=[]} | ret=SUCCESS |  
2019-08-28 13:25:37,727 | INFO  | SCMAudit | user=jenkins1000 | ip=192.168.69.80 | op=SEND_HEARTBEAT {datanodeUUID=b0364e3c-ab8e-4d3c-a8e3-2bd00a002e29, command=[]} | ret=SUCCESS |  
2019-08-28 13:25:37,729 | INFO  | SCMAudit | user=jenkins1000 | ip=192.168.69.80 | op=SEND_HEARTBEAT {datanodeUUID=ca6173d3-2dd0-407b-bac8-43b134d0f886, command=[]} | ret=SUCCESS |  
2019-08-28 13:25:38,047 [main] INFO  ozoneimpl.OzoneContainer (OzoneContainer.java:stop(199)) - Attempting to stop container services.
2019-08-28 13:25:38,048 [main] INFO  impl.RaftServerProxy (RaftServerProxy.java:lambda$close$4(314)) - 9eaa5d3b-7f24-43e5-8ed7-b75d408a73bc: close
2019-08-28 13:25:38,049 [main] INFO  impl.RaftServerImpl (RaftServerImpl.java:lambda$shutdown$3(245)) - 9eaa5d3b-7f24-43e5-8ed7-b75d408a73bc: shutdown group-7349AAD26B0F
2019-08-28 13:25:38,049 [ForkJoinPool.commonPool-worker-1] INFO  impl.RaftServerImpl (RaftServerImpl.java:lambda$shutdown$3(245)) - 9eaa5d3b-7f24-43e5-8ed7-b75d408a73bc: shutdown group-A9E74E529409
2019-08-28 13:25:38,049 [main] INFO  util.JmxRegister (JmxRegister.java:unregister(73)) - Successfully un-registered JMX Bean with object name Ratis:service=RaftServer,group=group-7349AAD26B0F,id=9eaa5d3b-7f24-43e5-8ed7-b75d408a73bc
2019-08-28 13:25:38,050 [ForkJoinPool.commonPool-worker-1] INFO  util.JmxRegister (JmxRegister.java:unregister(73)) - Successfully un-registered JMX Bean with object name Ratis:service=RaftServer,group=group-A9E74E529409,id=9eaa5d3b-7f24-43e5-8ed7-b75d408a73bc
2019-08-28 13:25:38,050 [main] INFO  impl.RoleInfo (RoleInfo.java:shutdownFollowerState(121)) - 9eaa5d3b-7f24-43e5-8ed7-b75d408a73bc: shutdown FollowerState
2019-08-28 13:25:38,050 [ForkJoinPool.commonPool-worker-1] INFO  impl.RoleInfo (RoleInfo.java:shutdownLeaderState(104)) - 9eaa5d3b-7f24-43e5-8ed7-b75d408a73bc: shutdown LeaderState
2019-08-28 13:25:38,051 [main] INFO  impl.StateMachineUpdater (StateMachineUpdater.java:stopAndJoin(115)) - StateMachineUpdater:9eaa5d3b-7f24-43e5-8ed7-b75d408a73bc:group-7349AAD26B0F: set stopIndex = 8
2019-08-28 13:25:38,051 [Thread-396] INFO  impl.FollowerState (FollowerState.java:run(114)) - 9eaa5d3b-7f24-43e5-8ed7-b75d408a73bc: FollowerState was interrupted: java.lang.InterruptedException: sleep interrupted
2019-08-28 13:25:38,051 [StateMachineUpdater:9eaa5d3b-7f24-43e5-8ed7-b75d408a73bc:group-7349AAD26B0F] INFO  ratis.ContainerStateMachine (ContainerStateMachine.java:takeSnapshot(283)) - group-7349AAD26B0F: Taking a snapshot at:(t:2, i:6) file /workdir/hadoop-ozone/integration-test/target/test-dir/MiniOzoneClusterImpl-62966285-877c-4a45-b7c7-a51c1c914e6b/datanode-3/data/ratis/f9756c7a-6cbc-4998-84cb-7349aad26b0f/sm/snapshot.2_6
2019-08-28 13:25:38,051 [ForkJoinPool.commonPool-worker-1] INFO  impl.PendingRequests (PendingRequests.java:sendNotLeaderResponses(202)) - 9eaa5d3b-7f24-43e5-8ed7-b75d408a73bc-PendingRequests: sendNotLeaderResponses
2019-08-28 13:25:38,055 [ForkJoinPool.commonPool-worker-1] INFO  impl.StateMachineUpdater (StateMachineUpdater.java:stopAndJoin(115)) - StateMachineUpdater:9eaa5d3b-7f24-43e5-8ed7-b75d408a73bc:group-A9E74E529409: set stopIndex = 0
2019-08-28 13:25:38,056 [ForkJoinPool.commonPool-worker-1] INFO  impl.RaftServerImpl (ServerState.java:close(394)) - 9eaa5d3b-7f24-43e5-8ed7-b75d408a73bc:group-A9E74E529409 closes. The last applied log index is 0
2019-08-28 13:25:38,056 [9eaa5d3b-7f24-43e5-8ed7-b75d408a73bc-SegmentedRaftLogWorker:Storage Directory /workdir/hadoop-ozone/integration-test/target/test-dir/MiniOzoneClusterImpl-62966285-877c-4a45-b7c7-a51c1c914e6b/datanode-3/data/ratis/b16c14a6-3415-407a-9a90-a9e74e529409] INFO  segmented.SegmentedRaftLogWorker (SegmentedRaftLogWorker.java:run(313)) - 9eaa5d3b-7f24-43e5-8ed7-b75d408a73bc-SegmentedRaftLogWorker:Storage Directory /workdir/hadoop-ozone/integration-test/target/test-dir/MiniOzoneClusterImpl-62966285-877c-4a45-b7c7-a51c1c914e6b/datanode-3/data/ratis/b16c14a6-3415-407a-9a90-a9e74e529409 was interrupted, exiting. There are 0 tasks remaining in the queue.
2019-08-28 13:25:38,067 [ForkJoinPool.commonPool-worker-1] INFO  segmented.SegmentedRaftLogWorker (SegmentedRaftLogWorker.java:close(228)) - 9eaa5d3b-7f24-43e5-8ed7-b75d408a73bc-SegmentedRaftLogWorker:Storage Directory /workdir/hadoop-ozone/integration-test/target/test-dir/MiniOzoneClusterImpl-62966285-877c-4a45-b7c7-a51c1c914e6b/datanode-3/data/ratis/b16c14a6-3415-407a-9a90-a9e74e529409 close()
2019-08-28 13:25:38,083 [StateMachineUpdater:9eaa5d3b-7f24-43e5-8ed7-b75d408a73bc:group-7349AAD26B0F] INFO  ratis.ContainerStateMachine (ContainerStateMachine.java:takeSnapshot(294)) - group-7349AAD26B0F: Finished taking a snapshot at:(t:2, i:6) file:/workdir/hadoop-ozone/integration-test/target/test-dir/MiniOzoneClusterImpl-62966285-877c-4a45-b7c7-a51c1c914e6b/datanode-3/data/ratis/f9756c7a-6cbc-4998-84cb-7349aad26b0f/sm/snapshot.2_6 time:33
2019-08-28 13:25:38,084 [StateMachineUpdater:9eaa5d3b-7f24-43e5-8ed7-b75d408a73bc:group-7349AAD26B0F] INFO  impl.StateMachineUpdater (StateMachineUpdater.java:takeSnapshot(242)) - StateMachineUpdater:9eaa5d3b-7f24-43e5-8ed7-b75d408a73bc:group-7349AAD26B0F: Took a snapshot at index 6
2019-08-28 13:25:38,084 [StateMachineUpdater:9eaa5d3b-7f24-43e5-8ed7-b75d408a73bc:group-7349AAD26B0F] INFO  impl.StateMachineUpdater (StateMachineUpdater.java:lambda$new$0(80)) - StateMachineUpdater:9eaa5d3b-7f24-43e5-8ed7-b75d408a73bc:group-7349AAD26B0F: snapshotIndex: updateIncreasingly -1 -> 6
2019-08-28 13:25:38,084 [main] INFO  impl.RaftServerImpl (ServerState.java:close(394)) - 9eaa5d3b-7f24-43e5-8ed7-b75d408a73bc:group-7349AAD26B0F closes. The last applied log index is 8
2019-08-28 13:25:38,085 [9eaa5d3b-7f24-43e5-8ed7-b75d408a73bc-SegmentedRaftLogWorker:Storage Directory /workdir/hadoop-ozone/integration-test/target/test-dir/MiniOzoneClusterImpl-62966285-877c-4a45-b7c7-a51c1c914e6b/datanode-3/data/ratis/f9756c7a-6cbc-4998-84cb-7349aad26b0f] INFO  segmented.SegmentedRaftLogWorker (SegmentedRaftLogWorker.java:run(313)) - 9eaa5d3b-7f24-43e5-8ed7-b75d408a73bc-SegmentedRaftLogWorker:Storage Directory /workdir/hadoop-ozone/integration-test/target/test-dir/MiniOzoneClusterImpl-62966285-877c-4a45-b7c7-a51c1c914e6b/datanode-3/data/ratis/f9756c7a-6cbc-4998-84cb-7349aad26b0f was interrupted, exiting. There are 0 tasks remaining in the queue.
2019-08-28 13:25:38,087 [main] INFO  segmented.SegmentedRaftLogWorker (SegmentedRaftLogWorker.java:close(228)) - 9eaa5d3b-7f24-43e5-8ed7-b75d408a73bc-SegmentedRaftLogWorker:Storage Directory /workdir/hadoop-ozone/integration-test/target/test-dir/MiniOzoneClusterImpl-62966285-877c-4a45-b7c7-a51c1c914e6b/datanode-3/data/ratis/f9756c7a-6cbc-4998-84cb-7349aad26b0f close()
2019-08-28 13:25:38,091 [main] INFO  server.GrpcService (GrpcService.java:closeImpl(155)) - 9eaa5d3b-7f24-43e5-8ed7-b75d408a73bc: shutdown server with port 38858 now
2019-08-28 13:25:38,096 [main] INFO  server.GrpcService (GrpcService.java:closeImpl(163)) - 9eaa5d3b-7f24-43e5-8ed7-b75d408a73bc: shutdown server with port 38858 successfully
2019-08-28 13:25:38,098 [main] INFO  utils.BackgroundService (BackgroundService.java:shutdown(148)) - Shutting down service BlockDeletingService
2019-08-28 13:25:38,099 [refreshUsed-/workdir/hadoop-ozone/integration-test/target/test-dir/MiniOzoneClusterImpl-62966285-877c-4a45-b7c7-a51c1c914e6b/datanode-3/data/containers] WARN  fs.CachingGetSpaceUsed (CachingGetSpaceUsed.java:run(183)) - Thread Interrupted waiting to refresh disk information: sleep interrupted
2019-08-28 13:25:38,125 [main] INFO  statemachine.DatanodeStateMachine (DatanodeStateMachine.java:stopDaemon(395)) - Ozone container server stopped.
2019-08-28 13:25:38,126 [main] INFO  handler.ContextHandler (ContextHandler.java:doStop(910)) - Stopped o.e.j.w.WebAppContext@51888019{/,null,UNAVAILABLE}{/hddsDatanode}
2019-08-28 13:25:38,127 [main] INFO  server.AbstractConnector (AbstractConnector.java:doStop(318)) - Stopped ServerConnector@6f50d55c{HTTP/1.1,[http/1.1]}{0.0.0.0:0}
2019-08-28 13:25:38,128 [main] INFO  handler.ContextHandler (ContextHandler.java:doStop(910)) - Stopped o.e.j.s.ServletContextHandler@6d4a82{/static,jar:file:/home/user/.m2/repository/org/apache/hadoop/hadoop-hdds-container-service/0.5.0-SNAPSHOT/hadoop-hdds-container-service-0.5.0-SNAPSHOT.jar!/webapps/static,UNAVAILABLE}
2019-08-28 13:25:38,128 [main] INFO  handler.ContextHandler (ContextHandler.java:doStop(910)) - Stopped o.e.j.s.ServletContextHandler@55877274{/logs,file:///workdir/hadoop-ozone/integration-test/target/log,UNAVAILABLE}
]]></system-out>
  </testcase>
</testsuite>