<?xml version="1.0" encoding="UTF-8"?>
<testsuite xmlns:xsi="http://www.w3.org/2001/XMLSchema-instance" xsi:noNamespaceSchemaLocation="https://maven.apache.org/surefire/maven-surefire-plugin/xsd/surefire-test-report.xsd" name="org.apache.hadoop.ozone.client.rpc.TestOzoneClientRetriesOnException" time="87.741" tests="2" errors="2" skipped="0" failures="0">
  <properties>
    <property name="awt.toolkit" value="sun.awt.X11.XToolkit"/>
    <property name="file.encoding.pkg" value="sun.io"/>
    <property name="java.specification.version" value="1.8"/>
    <property name="sun.cpu.isalist" value=""/>
    <property name="sun.jnu.encoding" value="UTF-8"/>
    <property name="java.class.path" value="/workdir/hadoop-ozone/integration-test/target/test-classes:/workdir/hadoop-ozone/integration-test/target/classes:/home/user/.m2/repository/org/apache/hadoop/hadoop-ozone-common/0.5.0-SNAPSHOT/hadoop-ozone-common-0.5.0-SNAPSHOT.jar:/home/user/.m2/repository/org/apache/commons/commons-compress/1.4.1/commons-compress-1.4.1.jar:/home/user/.m2/repository/org/tukaani/xz/1.0/xz-1.0.jar:/home/user/.m2/repository/org/apache/hadoop/hadoop-common/3.2.0/hadoop-common-3.2.0.jar:/home/user/.m2/repository/org/apache/hadoop/hadoop-hdfs/3.2.0/hadoop-hdfs-3.2.0.jar:/home/user/.m2/repository/org/apache/hadoop/hadoop-hdfs-client/3.2.0/hadoop-hdfs-client-3.2.0.jar:/home/user/.m2/repository/com/fasterxml/jackson/core/jackson-annotations/2.9.5/jackson-annotations-2.9.5.jar:/home/user/.m2/repository/org/apache/hadoop/hadoop-hdds-common/0.5.0-SNAPSHOT/hadoop-hdds-common-0.5.0-SNAPSHOT.jar:/home/user/.m2/repository/javax/annotation/javax.annotation-api/1.2/javax.annotation-api-1.2.jar:/home/user/.m2/repository/org/apache/ratis/ratis-server/0.4.0-2337318-SNAPSHOT/ratis-server-0.4.0-2337318-SNAPSHOT.jar:/home/user/.m2/repository/org/apache/ratis/ratis-thirdparty-misc/0.2.0/ratis-thirdparty-misc-0.2.0.jar:/home/user/.m2/repository/org/apache/ratis/ratis-proto/0.4.0-2337318-SNAPSHOT/ratis-proto-0.4.0-2337318-SNAPSHOT.jar:/home/user/.m2/repository/org/apache/ratis/ratis-common/0.4.0-2337318-SNAPSHOT/ratis-common-0.4.0-2337318-SNAPSHOT.jar:/home/user/.m2/repository/org/apache/ratis/ratis-client/0.4.0-2337318-SNAPSHOT/ratis-client-0.4.0-2337318-SNAPSHOT.jar:/home/user/.m2/repository/org/apache/ratis/ratis-metrics/0.4.0-2337318-SNAPSHOT/ratis-metrics-0.4.0-2337318-SNAPSHOT.jar:/home/user/.m2/repository/org/apache/ratis/ratis-netty/0.4.0-2337318-SNAPSHOT/ratis-netty-0.4.0-2337318-SNAPSHOT.jar:/home/user/.m2/repository/org/apache/ratis/ratis-grpc/0.4.0-2337318-SNAPSHOT/ratis-grpc-0.4.0-2337318-SNAPSHOT.jar:/home/user/.m2/repository/org/rocksdb/rocksdbjni/6.0.1/rocksdbjni-6.0.1.jar:/home/user/.m2/repository/org/apache/logging/log4j/log4j-api/2.11.0/log4j-api-2.11.0.jar:/home/user/.m2/repository/org/apache/logging/log4j/log4j-core/2.11.0/log4j-core-2.11.0.jar:/home/user/.m2/repository/com/lmax/disruptor/3.4.2/disruptor-3.4.2.jar:/home/user/.m2/repository/org/apache/commons/commons-pool2/2.6.0/commons-pool2-2.6.0.jar:/home/user/.m2/repository/org/bouncycastle/bcpkix-jdk15on/1.60/bcpkix-jdk15on-1.60.jar:/home/user/.m2/repository/commons-validator/commons-validator/1.6/commons-validator-1.6.jar:/home/user/.m2/repository/commons-digester/commons-digester/1.8.1/commons-digester-1.8.1.jar:/home/user/.m2/repository/io/jaegertracing/jaeger-client/0.33.1/jaeger-client-0.33.1.jar:/home/user/.m2/repository/io/jaegertracing/jaeger-thrift/0.33.1/jaeger-thrift-0.33.1.jar:/home/user/.m2/repository/org/apache/thrift/libthrift/0.11.0/libthrift-0.11.0.jar:/home/user/.m2/repository/com/squareup/okhttp3/okhttp/3.9.0/okhttp-3.9.0.jar:/home/user/.m2/repository/com/squareup/okio/okio/1.13.0/okio-1.13.0.jar:/home/user/.m2/repository/io/jaegertracing/jaeger-core/0.33.1/jaeger-core-0.33.1.jar:/home/user/.m2/repository/io/jaegertracing/jaeger-tracerresolver/0.33.1/jaeger-tracerresolver-0.33.1.jar:/home/user/.m2/repository/io/opentracing/contrib/opentracing-tracerresolver/0.1.5/opentracing-tracerresolver-0.1.5.jar:/home/user/.m2/repository/io/opentracing/opentracing-util/0.31.0/opentracing-util-0.31.0.jar:/home/user/.m2/repository/io/opentracing/opentracing-api/0.31.0/opentracing-api-0.31.0.jar:/home/user/.m2/repository/io/opentracing/opentracing-noop/0.31.0/opentracing-noop-0.31.0.jar:/home/user/.m2/repository/org/apache/hadoop/hadoop-hdds-server-framework/0.5.0-SNAPSHOT/hadoop-hdds-server-framework-0.5.0-SNAPSHOT.jar:/home/user/.m2/repository/org/apache/hadoop/hadoop-hdds-container-service/0.5.0-SNAPSHOT/hadoop-hdds-container-service-0.5.0-SNAPSHOT.jar:/home/user/.m2/repository/org/apache/hadoop/hadoop-hdds-client/0.5.0-SNAPSHOT/hadoop-hdds-client-0.5.0-SNAPSHOT.jar:/home/user/.m2/repository/org/apache/hadoop/hadoop-hdds-tools/0.5.0-SNAPSHOT/hadoop-hdds-tools-0.5.0-SNAPSHOT.jar:/home/user/.m2/repository/org/apache/hadoop/hadoop-hdds-server-scm/0.5.0-SNAPSHOT/hadoop-hdds-server-scm-0.5.0-SNAPSHOT.jar:/home/user/.m2/repository/org/apache/hadoop/hadoop-hdds-docs/0.5.0-SNAPSHOT/hadoop-hdds-docs-0.5.0-SNAPSHOT.jar:/home/user/.m2/repository/io/dropwizard/metrics/metrics-core/3.2.4/metrics-core-3.2.4.jar:/home/user/.m2/repository/org/hamcrest/hamcrest-all/1.3/hamcrest-all-1.3.jar:/home/user/.m2/repository/org/bouncycastle/bcprov-jdk15on/1.60/bcprov-jdk15on-1.60.jar:/home/user/.m2/repository/info/picocli/picocli/3.9.6/picocli-3.9.6.jar:/home/user/.m2/repository/com/google/protobuf/protobuf-java/2.5.0/protobuf-java-2.5.0.jar:/home/user/.m2/repository/com/google/guava/guava/11.0.2/guava-11.0.2.jar:/home/user/.m2/repository/org/apache/hadoop/hadoop-ozone-ozone-manager/0.5.0-SNAPSHOT/hadoop-ozone-ozone-manager-0.5.0-SNAPSHOT.jar:/home/user/.m2/repository/org/apache/hadoop/hadoop-minikdc/3.2.0/hadoop-minikdc-3.2.0.jar:/home/user/.m2/repository/commons-io/commons-io/2.5/commons-io-2.5.jar:/home/user/.m2/repository/org/apache/kerby/kerb-simplekdc/1.0.1/kerb-simplekdc-1.0.1.jar:/home/user/.m2/repository/org/apache/kerby/kerb-client/1.0.1/kerb-client-1.0.1.jar:/home/user/.m2/repository/org/apache/kerby/kerby-config/1.0.1/kerby-config-1.0.1.jar:/home/user/.m2/repository/org/apache/kerby/kerb-core/1.0.1/kerb-core-1.0.1.jar:/home/user/.m2/repository/org/apache/kerby/kerby-pkix/1.0.1/kerby-pkix-1.0.1.jar:/home/user/.m2/repository/org/apache/kerby/kerby-asn1/1.0.1/kerby-asn1-1.0.1.jar:/home/user/.m2/repository/org/apache/kerby/kerby-util/1.0.1/kerby-util-1.0.1.jar:/home/user/.m2/repository/org/apache/kerby/kerb-common/1.0.1/kerb-common-1.0.1.jar:/home/user/.m2/repository/org/apache/kerby/kerb-crypto/1.0.1/kerb-crypto-1.0.1.jar:/home/user/.m2/repository/org/apache/kerby/kerb-util/1.0.1/kerb-util-1.0.1.jar:/home/user/.m2/repository/org/apache/kerby/token-provider/1.0.1/token-provider-1.0.1.jar:/home/user/.m2/repository/org/apache/kerby/kerb-admin/1.0.1/kerb-admin-1.0.1.jar:/home/user/.m2/repository/org/apache/kerby/kerb-server/1.0.1/kerb-server-1.0.1.jar:/home/user/.m2/repository/org/apache/kerby/kerb-identity/1.0.1/kerb-identity-1.0.1.jar:/home/user/.m2/repository/org/apache/kerby/kerby-xdr/1.0.1/kerby-xdr-1.0.1.jar:/home/user/.m2/repository/org/slf4j/slf4j-log4j12/1.7.25/slf4j-log4j12-1.7.25.jar:/home/user/.m2/repository/org/apache/hadoop/hadoop-ozone-objectstore-service/0.5.0-SNAPSHOT/hadoop-ozone-objectstore-service-0.5.0-SNAPSHOT.jar:/home/user/.m2/repository/org/apache/hadoop/hadoop-ozone-s3gateway/0.5.0-SNAPSHOT/hadoop-ozone-s3gateway-0.5.0-SNAPSHOT.jar:/home/user/.m2/repository/org/jboss/weld/servlet/weld-servlet/2.4.7.Final/weld-servlet-2.4.7.Final.jar:/home/user/.m2/repository/org/glassfish/jersey/containers/jersey-container-servlet-core/2.27/jersey-container-servlet-core-2.27.jar:/home/user/.m2/repository/org/glassfish/hk2/external/javax.inject/2.5.0-b42/javax.inject-2.5.0-b42.jar:/home/user/.m2/repository/org/glassfish/jersey/core/jersey-common/2.27/jersey-common-2.27.jar:/home/user/.m2/repository/org/glassfish/hk2/osgi-resource-locator/1.0.1/osgi-resource-locator-1.0.1.jar:/home/user/.m2/repository/javax/ws/rs/javax.ws.rs-api/2.1/javax.ws.rs-api-2.1.jar:/home/user/.m2/repository/org/glassfish/jersey/ext/cdi/jersey-cdi1x/2.27/jersey-cdi1x-2.27.jar:/home/user/.m2/repository/org/glassfish/jersey/inject/jersey-hk2/2.27/jersey-hk2-2.27.jar:/home/user/.m2/repository/org/glassfish/hk2/hk2-locator/2.5.0-b42/hk2-locator-2.5.0-b42.jar:/home/user/.m2/repository/org/javassist/javassist/3.22.0-CR2/javassist-3.22.0-CR2.jar:/home/user/.m2/repository/org/glassfish/hk2/hk2-api/2.5.0/hk2-api-2.5.0.jar:/home/user/.m2/repository/org/glassfish/hk2/external/jakarta.inject/2.5.0/jakarta.inject-2.5.0.jar:/home/user/.m2/repository/org/glassfish/hk2/hk2-utils/2.5.0/hk2-utils-2.5.0.jar:/home/user/.m2/repository/jakarta/annotation/jakarta.annotation-api/1.3.4/jakarta.annotation-api-1.3.4.jar:/home/user/.m2/repository/org/glassfish/hk2/external/aopalliance-repackaged/2.5.0/aopalliance-repackaged-2.5.0.jar:/home/user/.m2/repository/com/fasterxml/jackson/dataformat/jackson-dataformat-xml/2.9.0/jackson-dataformat-xml-2.9.0.jar:/home/user/.m2/repository/com/fasterxml/jackson/core/jackson-core/2.9.5/jackson-core-2.9.5.jar:/home/user/.m2/repository/com/fasterxml/jackson/module/jackson-module-jaxb-annotations/2.9.5/jackson-module-jaxb-annotations-2.9.5.jar:/home/user/.m2/repository/javax/enterprise/cdi-api/1.2/cdi-api-1.2.jar:/home/user/.m2/repository/javax/el/javax.el-api/3.0.0/javax.el-api-3.0.0.jar:/home/user/.m2/repository/javax/interceptor/javax.interceptor-api/1.2/javax.interceptor-api-1.2.jar:/home/user/.m2/repository/javax/inject/javax.inject/1/javax.inject-1.jar:/home/user/.m2/repository/com/sun/xml/bind/jaxb-impl/2.3.0.1/jaxb-impl-2.3.0.1.jar:/home/user/.m2/repository/com/sun/xml/bind/jaxb-core/2.3.0.1/jaxb-core-2.3.0.1.jar:/home/user/.m2/repository/javax/xml/bind/jaxb-api/2.3.0/jaxb-api-2.3.0.jar:/home/user/.m2/repository/javax/activation/activation/1.1.1/activation-1.1.1.jar:/home/user/.m2/repository/org/apache/hadoop/hadoop-ozone-csi/0.5.0-SNAPSHOT/hadoop-ozone-csi-0.5.0-SNAPSHOT.jar:/home/user/.m2/repository/com/google/protobuf/protobuf-java-util/3.5.1/protobuf-java-util-3.5.1.jar:/home/user/.m2/repository/org/apache/hadoop/hadoop-hdds-config/0.5.0-SNAPSHOT/hadoop-hdds-config-0.5.0-SNAPSHOT.jar:/home/user/.m2/repository/io/grpc/grpc-netty/1.17.1/grpc-netty-1.17.1.jar:/home/user/.m2/repository/io/grpc/grpc-core/1.17.1/grpc-core-1.17.1.jar:/home/user/.m2/repository/io/grpc/grpc-context/1.17.1/grpc-context-1.17.1.jar:/home/user/.m2/repository/com/google/errorprone/error_prone_annotations/2.2.0/error_prone_annotations-2.2.0.jar:/home/user/.m2/repository/org/codehaus/mojo/animal-sniffer-annotations/1.17/animal-sniffer-annotations-1.17.jar:/home/user/.m2/repository/io/opencensus/opencensus-api/0.17.0/opencensus-api-0.17.0.jar:/home/user/.m2/repository/io/opencensus/opencensus-contrib-grpc-metrics/0.17.0/opencensus-contrib-grpc-metrics-0.17.0.jar:/home/user/.m2/repository/io/netty/netty-codec-http2/4.1.30.Final/netty-codec-http2-4.1.30.Final.jar:/home/user/.m2/repository/io/netty/netty-codec-http/4.1.30.Final/netty-codec-http-4.1.30.Final.jar:/home/user/.m2/repository/io/netty/netty-codec/4.1.30.Final/netty-codec-4.1.30.Final.jar:/home/user/.m2/repository/io/netty/netty-handler/4.1.30.Final/netty-handler-4.1.30.Final.jar:/home/user/.m2/repository/io/netty/netty-handler-proxy/4.1.30.Final/netty-handler-proxy-4.1.30.Final.jar:/home/user/.m2/repository/io/netty/netty-codec-socks/4.1.30.Final/netty-codec-socks-4.1.30.Final.jar:/home/user/.m2/repository/io/netty/netty-transport-native-epoll/4.1.30.Final/netty-transport-native-epoll-4.1.30.Final.jar:/home/user/.m2/repository/io/netty/netty-common/4.1.30.Final/netty-common-4.1.30.Final.jar:/home/user/.m2/repository/io/netty/netty-buffer/4.1.30.Final/netty-buffer-4.1.30.Final.jar:/home/user/.m2/repository/io/netty/netty-transport/4.1.30.Final/netty-transport-4.1.30.Final.jar:/home/user/.m2/repository/io/netty/netty-resolver/4.1.30.Final/netty-resolver-4.1.30.Final.jar:/home/user/.m2/repository/io/netty/netty-transport-native-unix-common/4.1.30.Final/netty-transport-native-unix-common-4.1.30.Final.jar:/home/user/.m2/repository/io/grpc/grpc-protobuf/1.17.1/grpc-protobuf-1.17.1.jar:/home/user/.m2/repository/com/google/api/grpc/proto-google-common-protos/1.0.0/proto-google-common-protos-1.0.0.jar:/home/user/.m2/repository/io/grpc/grpc-protobuf-lite/1.17.1/grpc-protobuf-lite-1.17.1.jar:/home/user/.m2/repository/io/grpc/grpc-stub/1.17.1/grpc-stub-1.17.1.jar:/home/user/.m2/repository/org/apache/hadoop/hadoop-ozone-recon/0.5.0-SNAPSHOT/hadoop-ozone-recon-0.5.0-SNAPSHOT.jar:/home/user/.m2/repository/org/apache/hadoop/hadoop-ozone-reconcodegen/0.5.0-SNAPSHOT/hadoop-ozone-reconcodegen-0.5.0-SNAPSHOT.jar:/home/user/.m2/repository/com/google/inject/extensions/guice-multibindings/4.0/guice-multibindings-4.0.jar:/home/user/.m2/repository/com/google/inject/guice/4.0/guice-4.0.jar:/home/user/.m2/repository/aopalliance/aopalliance/1.0/aopalliance-1.0.jar:/home/user/.m2/repository/com/google/inject/extensions/guice-servlet/4.0/guice-servlet-4.0.jar:/home/user/.m2/repository/org/glassfish/jersey/containers/jersey-container-servlet/2.27/jersey-container-servlet-2.27.jar:/home/user/.m2/repository/org/glassfish/hk2/guice-bridge/2.5.0/guice-bridge-2.5.0.jar:/home/user/.m2/repository/org/glassfish/jersey/core/jersey-server/2.27/jersey-server-2.27.jar:/home/user/.m2/repository/org/glassfish/jersey/core/jersey-client/2.27/jersey-client-2.27.jar:/home/user/.m2/repository/org/glassfish/jersey/media/jersey-media-jaxb/2.27/jersey-media-jaxb-2.27.jar:/home/user/.m2/repository/javax/validation/validation-api/1.1.0.Final/validation-api-1.1.0.Final.jar:/home/user/.m2/repository/org/glassfish/jersey/media/jersey-media-json-jackson/2.27/jersey-media-json-jackson-2.27.jar:/home/user/.m2/repository/org/glassfish/jersey/ext/jersey-entity-filtering/2.27/jersey-entity-filtering-2.27.jar:/home/user/.m2/repository/com/google/inject/extensions/guice-assistedinject/4.0/guice-assistedinject-4.0.jar:/home/user/.m2/repository/org/jooq/jooq/3.11.10/jooq-3.11.10.jar:/home/user/.m2/repository/org/jooq/jooq-meta/3.11.10/jooq-meta-3.11.10.jar:/home/user/.m2/repository/org/jooq/jooq-codegen/3.11.10/jooq-codegen-3.11.10.jar:/home/user/.m2/repository/com/jolbox/bonecp/0.8.0.RELEASE/bonecp-0.8.0.RELEASE.jar:/home/user/.m2/repository/org/xerial/sqlite-jdbc/3.25.2/sqlite-jdbc-3.25.2.jar:/home/user/.m2/repository/org/springframework/spring-jdbc/5.1.3.RELEASE/spring-jdbc-5.1.3.RELEASE.jar:/home/user/.m2/repository/org/springframework/spring-beans/5.1.3.RELEASE/spring-beans-5.1.3.RELEASE.jar:/home/user/.m2/repository/org/springframework/spring-core/5.1.3.RELEASE/spring-core-5.1.3.RELEASE.jar:/home/user/.m2/repository/org/springframework/spring-jcl/5.1.3.RELEASE/spring-jcl-5.1.3.RELEASE.jar:/home/user/.m2/repository/org/springframework/spring-tx/5.1.3.RELEASE/spring-tx-5.1.3.RELEASE.jar:/home/user/.m2/repository/org/apache/hadoop/hadoop-ozone-client/0.5.0-SNAPSHOT/hadoop-ozone-client-0.5.0-SNAPSHOT.jar:/home/user/.m2/repository/commons-lang/commons-lang/2.6/commons-lang-2.6.jar:/home/user/.m2/repository/org/apache/hadoop/hadoop-ozone-ozone-manager/0.5.0-SNAPSHOT/hadoop-ozone-ozone-manager-0.5.0-SNAPSHOT-tests.jar:/home/user/.m2/repository/junit/junit/4.11/junit-4.11.jar:/home/user/.m2/repository/org/hamcrest/hamcrest-core/1.3/hamcrest-core-1.3.jar:/home/user/.m2/repository/org/openjdk/jmh/jmh-core/1.19/jmh-core-1.19.jar:/home/user/.m2/repository/net/sf/jopt-simple/jopt-simple/4.6/jopt-simple-4.6.jar:/home/user/.m2/repository/org/apache/commons/commons-math3/3.1.1/commons-math3-3.1.1.jar:/home/user/.m2/repository/org/openjdk/jmh/jmh-generator-annprocess/1.19/jmh-generator-annprocess-1.19.jar:/home/user/.m2/repository/org/mockito/mockito-all/1.8.5/mockito-all-1.8.5.jar:/home/user/.m2/repository/org/apache/hadoop/hadoop-kms/3.2.0/hadoop-kms-3.2.0.jar:/home/user/.m2/repository/org/apache/hadoop/hadoop-auth/3.2.0/hadoop-auth-3.2.0.jar:/home/user/.m2/repository/com/nimbusds/nimbus-jose-jwt/4.41.1/nimbus-jose-jwt-4.41.1.jar:/home/user/.m2/repository/com/github/stephenc/jcip/jcip-annotations/1.0-1/jcip-annotations-1.0-1.jar:/home/user/.m2/repository/net/minidev/json-smart/2.3/json-smart-2.3.jar:/home/user/.m2/repository/net/minidev/accessors-smart/1.2/accessors-smart-1.2.jar:/home/user/.m2/repository/org/ow2/asm/asm/5.0.4/asm-5.0.4.jar:/home/user/.m2/repository/org/apache/curator/curator-framework/2.12.0/curator-framework-2.12.0.jar:/home/user/.m2/repository/com/sun/jersey/jersey-core/1.19/jersey-core-1.19.jar:/home/user/.m2/repository/javax/ws/rs/jsr311-api/1.1.1/jsr311-api-1.1.1.jar:/home/user/.m2/repository/com/sun/jersey/jersey-server/1.19/jersey-server-1.19.jar:/home/user/.m2/repository/javax/servlet/javax.servlet-api/3.1.0/javax.servlet-api-3.1.0.jar:/home/user/.m2/repository/org/eclipse/jetty/jetty-server/9.3.24.v20180605/jetty-server-9.3.24.v20180605.jar:/home/user/.m2/repository/org/eclipse/jetty/jetty-http/9.3.24.v20180605/jetty-http-9.3.24.v20180605.jar:/home/user/.m2/repository/org/eclipse/jetty/jetty-io/9.3.24.v20180605/jetty-io-9.3.24.v20180605.jar:/home/user/.m2/repository/org/eclipse/jetty/jetty-webapp/9.3.24.v20180605/jetty-webapp-9.3.24.v20180605.jar:/home/user/.m2/repository/org/eclipse/jetty/jetty-xml/9.3.24.v20180605/jetty-xml-9.3.24.v20180605.jar:/home/user/.m2/repository/log4j/log4j/1.2.17/log4j-1.2.17.jar:/home/user/.m2/repository/org/slf4j/slf4j-api/1.7.25/slf4j-api-1.7.25.jar:/home/user/.m2/repository/org/slf4j/jul-to-slf4j/1.7.25/jul-to-slf4j-1.7.25.jar:/home/user/.m2/repository/org/eclipse/jetty/jetty-util/9.3.24.v20180605/jetty-util-9.3.24.v20180605.jar:/home/user/.m2/repository/com/fasterxml/jackson/core/jackson-databind/2.9.5/jackson-databind-2.9.5.jar:/home/user/.m2/repository/org/apache/hadoop/hadoop-kms/3.2.0/hadoop-kms-3.2.0-tests.jar:/home/user/.m2/repository/org/apache/hadoop/hadoop-hdds-server-scm/0.5.0-SNAPSHOT/hadoop-hdds-server-scm-0.5.0-SNAPSHOT-tests.jar:/home/user/.m2/repository/org/apache/hadoop/hadoop-hdds-container-service/0.5.0-SNAPSHOT/hadoop-hdds-container-service-0.5.0-SNAPSHOT-tests.jar:/home/user/.m2/repository/org/yaml/snakeyaml/1.16/snakeyaml-1.16.jar:/home/user/.m2/repository/org/apache/hadoop/hadoop-common/3.2.0/hadoop-common-3.2.0-tests.jar:/home/user/.m2/repository/org/apache/hadoop/hadoop-annotations/3.2.0/hadoop-annotations-3.2.0.jar:/usr/lib/jvm/java-1.8-openjdk/jre/../lib/tools.jar:/home/user/.m2/repository/commons-cli/commons-cli/1.2/commons-cli-1.2.jar:/home/user/.m2/repository/org/apache/httpcomponents/httpclient/4.5.2/httpclient-4.5.2.jar:/home/user/.m2/repository/org/apache/httpcomponents/httpcore/4.4.4/httpcore-4.4.4.jar:/home/user/.m2/repository/commons-codec/commons-codec/1.11/commons-codec-1.11.jar:/home/user/.m2/repository/commons-net/commons-net/3.6/commons-net-3.6.jar:/home/user/.m2/repository/commons-collections/commons-collections/3.2.2/commons-collections-3.2.2.jar:/home/user/.m2/repository/org/eclipse/jetty/jetty-servlet/9.3.24.v20180605/jetty-servlet-9.3.24.v20180605.jar:/home/user/.m2/repository/org/eclipse/jetty/jetty-security/9.3.24.v20180605/jetty-security-9.3.24.v20180605.jar:/home/user/.m2/repository/javax/servlet/jsp/jsp-api/2.1/jsp-api-2.1.jar:/home/user/.m2/repository/com/sun/jersey/jersey-servlet/1.19/jersey-servlet-1.19.jar:/home/user/.m2/repository/com/sun/jersey/jersey-json/1.19/jersey-json-1.19.jar:/home/user/.m2/repository/org/codehaus/jettison/jettison/1.1/jettison-1.1.jar:/home/user/.m2/repository/org/codehaus/jackson/jackson-core-asl/1.9.13/jackson-core-asl-1.9.13.jar:/home/user/.m2/repository/org/codehaus/jackson/jackson-mapper-asl/1.9.13/jackson-mapper-asl-1.9.13.jar:/home/user/.m2/repository/org/codehaus/jackson/jackson-jaxrs/1.9.13/jackson-jaxrs-1.9.13.jar:/home/user/.m2/repository/org/codehaus/jackson/jackson-xc/1.9.13/jackson-xc-1.9.13.jar:/home/user/.m2/repository/commons-logging/commons-logging/1.1.3/commons-logging-1.1.3.jar:/home/user/.m2/repository/commons-beanutils/commons-beanutils/1.9.3/commons-beanutils-1.9.3.jar:/home/user/.m2/repository/org/apache/commons/commons-configuration2/2.1.1/commons-configuration2-2.1.1.jar:/home/user/.m2/repository/org/apache/commons/commons-lang3/3.7/commons-lang3-3.7.jar:/home/user/.m2/repository/org/apache/commons/commons-text/1.4/commons-text-1.4.jar:/home/user/.m2/repository/org/apache/avro/avro/1.7.7/avro-1.7.7.jar:/home/user/.m2/repository/com/thoughtworks/paranamer/paranamer/2.3/paranamer-2.3.jar:/home/user/.m2/repository/org/xerial/snappy/snappy-java/1.0.5/snappy-java-1.0.5.jar:/home/user/.m2/repository/com/google/re2j/re2j/1.1/re2j-1.1.jar:/home/user/.m2/repository/com/google/code/gson/gson/2.2.4/gson-2.2.4.jar:/home/user/.m2/repository/com/jcraft/jsch/0.1.54/jsch-0.1.54.jar:/home/user/.m2/repository/org/apache/curator/curator-client/2.12.0/curator-client-2.12.0.jar:/home/user/.m2/repository/org/apache/curator/curator-recipes/2.12.0/curator-recipes-2.12.0.jar:/home/user/.m2/repository/com/google/code/findbugs/jsr305/3.0.0/jsr305-3.0.0.jar:/home/user/.m2/repository/org/apache/htrace/htrace-core4/4.1.0-incubating/htrace-core4-4.1.0-incubating.jar:/home/user/.m2/repository/org/apache/zookeeper/zookeeper/3.4.13/zookeeper-3.4.13.jar:/home/user/.m2/repository/org/apache/yetus/audience-annotations/0.5.0/audience-annotations-0.5.0.jar:/home/user/.m2/repository/org/codehaus/woodstox/stax2-api/3.1.4/stax2-api-3.1.4.jar:/home/user/.m2/repository/com/fasterxml/woodstox/woodstox-core/5.0.3/woodstox-core-5.0.3.jar:/home/user/.m2/repository/dnsjava/dnsjava/2.1.7/dnsjava-2.1.7.jar:/home/user/.m2/repository/org/apache/hadoop/hadoop-hdfs/3.2.0/hadoop-hdfs-3.2.0-tests.jar:/home/user/.m2/repository/org/eclipse/jetty/jetty-util-ajax/9.3.24.v20180605/jetty-util-ajax-9.3.24.v20180605.jar:/home/user/.m2/repository/commons-daemon/commons-daemon/1.0.13/commons-daemon-1.0.13.jar:/home/user/.m2/repository/io/netty/netty/3.10.5.Final/netty-3.10.5.Final.jar:/home/user/.m2/repository/io/netty/netty-all/4.0.52.Final/netty-all-4.0.52.Final.jar:/home/user/.m2/repository/org/fusesource/leveldbjni/leveldbjni-all/1.8/leveldbjni-all-1.8.jar:"/>
    <property name="java.vm.vendor" value="IcedTea"/>
    <property name="sun.arch.data.model" value="64"/>
    <property name="test.build.dir" value="/workdir/hadoop-ozone/integration-test/target/test-dir"/>
    <property name="test.cache.data" value=""/>
    <property name="java.vendor.url" value="https://icedtea.classpath.org"/>
    <property name="user.timezone" value=""/>
    <property name="java.vm.specification.version" value="1.8"/>
    <property name="os.name" value="Linux"/>
    <property name="test.build.data" value="/workdir/hadoop-ozone/integration-test/target/test-dir"/>
    <property name="user.country" value="US"/>
    <property name="sun.java.launcher" value="SUN_STANDARD"/>
    <property name="sun.boot.library.path" value="/usr/lib/jvm/java-1.8-openjdk/jre/lib/amd64"/>
    <property name="sun.java.command" value="/workdir/hadoop-ozone/integration-test/target/surefire/surefirebooter2305408821303468914.jar /workdir/hadoop-ozone/integration-test/target/surefire 2019-09-19T07-57-21_967-jvmRun1 surefire907080094329223077tmp surefire_638417000772818612789tmp"/>
    <property name="test" value="!TestMiniChaosOzoneCluster"/>
    <property name="surefire.test.class.path" value="/workdir/hadoop-ozone/integration-test/target/test-classes:/workdir/hadoop-ozone/integration-test/target/classes:/home/user/.m2/repository/org/apache/hadoop/hadoop-ozone-common/0.5.0-SNAPSHOT/hadoop-ozone-common-0.5.0-SNAPSHOT.jar:/home/user/.m2/repository/org/apache/commons/commons-compress/1.4.1/commons-compress-1.4.1.jar:/home/user/.m2/repository/org/tukaani/xz/1.0/xz-1.0.jar:/home/user/.m2/repository/org/apache/hadoop/hadoop-common/3.2.0/hadoop-common-3.2.0.jar:/home/user/.m2/repository/org/apache/hadoop/hadoop-hdfs/3.2.0/hadoop-hdfs-3.2.0.jar:/home/user/.m2/repository/org/apache/hadoop/hadoop-hdfs-client/3.2.0/hadoop-hdfs-client-3.2.0.jar:/home/user/.m2/repository/com/fasterxml/jackson/core/jackson-annotations/2.9.5/jackson-annotations-2.9.5.jar:/home/user/.m2/repository/org/apache/hadoop/hadoop-hdds-common/0.5.0-SNAPSHOT/hadoop-hdds-common-0.5.0-SNAPSHOT.jar:/home/user/.m2/repository/javax/annotation/javax.annotation-api/1.2/javax.annotation-api-1.2.jar:/home/user/.m2/repository/org/apache/ratis/ratis-server/0.4.0-2337318-SNAPSHOT/ratis-server-0.4.0-2337318-SNAPSHOT.jar:/home/user/.m2/repository/org/apache/ratis/ratis-thirdparty-misc/0.2.0/ratis-thirdparty-misc-0.2.0.jar:/home/user/.m2/repository/org/apache/ratis/ratis-proto/0.4.0-2337318-SNAPSHOT/ratis-proto-0.4.0-2337318-SNAPSHOT.jar:/home/user/.m2/repository/org/apache/ratis/ratis-common/0.4.0-2337318-SNAPSHOT/ratis-common-0.4.0-2337318-SNAPSHOT.jar:/home/user/.m2/repository/org/apache/ratis/ratis-client/0.4.0-2337318-SNAPSHOT/ratis-client-0.4.0-2337318-SNAPSHOT.jar:/home/user/.m2/repository/org/apache/ratis/ratis-metrics/0.4.0-2337318-SNAPSHOT/ratis-metrics-0.4.0-2337318-SNAPSHOT.jar:/home/user/.m2/repository/org/apache/ratis/ratis-netty/0.4.0-2337318-SNAPSHOT/ratis-netty-0.4.0-2337318-SNAPSHOT.jar:/home/user/.m2/repository/org/apache/ratis/ratis-grpc/0.4.0-2337318-SNAPSHOT/ratis-grpc-0.4.0-2337318-SNAPSHOT.jar:/home/user/.m2/repository/org/rocksdb/rocksdbjni/6.0.1/rocksdbjni-6.0.1.jar:/home/user/.m2/repository/org/apache/logging/log4j/log4j-api/2.11.0/log4j-api-2.11.0.jar:/home/user/.m2/repository/org/apache/logging/log4j/log4j-core/2.11.0/log4j-core-2.11.0.jar:/home/user/.m2/repository/com/lmax/disruptor/3.4.2/disruptor-3.4.2.jar:/home/user/.m2/repository/org/apache/commons/commons-pool2/2.6.0/commons-pool2-2.6.0.jar:/home/user/.m2/repository/org/bouncycastle/bcpkix-jdk15on/1.60/bcpkix-jdk15on-1.60.jar:/home/user/.m2/repository/commons-validator/commons-validator/1.6/commons-validator-1.6.jar:/home/user/.m2/repository/commons-digester/commons-digester/1.8.1/commons-digester-1.8.1.jar:/home/user/.m2/repository/io/jaegertracing/jaeger-client/0.33.1/jaeger-client-0.33.1.jar:/home/user/.m2/repository/io/jaegertracing/jaeger-thrift/0.33.1/jaeger-thrift-0.33.1.jar:/home/user/.m2/repository/org/apache/thrift/libthrift/0.11.0/libthrift-0.11.0.jar:/home/user/.m2/repository/com/squareup/okhttp3/okhttp/3.9.0/okhttp-3.9.0.jar:/home/user/.m2/repository/com/squareup/okio/okio/1.13.0/okio-1.13.0.jar:/home/user/.m2/repository/io/jaegertracing/jaeger-core/0.33.1/jaeger-core-0.33.1.jar:/home/user/.m2/repository/io/jaegertracing/jaeger-tracerresolver/0.33.1/jaeger-tracerresolver-0.33.1.jar:/home/user/.m2/repository/io/opentracing/contrib/opentracing-tracerresolver/0.1.5/opentracing-tracerresolver-0.1.5.jar:/home/user/.m2/repository/io/opentracing/opentracing-util/0.31.0/opentracing-util-0.31.0.jar:/home/user/.m2/repository/io/opentracing/opentracing-api/0.31.0/opentracing-api-0.31.0.jar:/home/user/.m2/repository/io/opentracing/opentracing-noop/0.31.0/opentracing-noop-0.31.0.jar:/home/user/.m2/repository/org/apache/hadoop/hadoop-hdds-server-framework/0.5.0-SNAPSHOT/hadoop-hdds-server-framework-0.5.0-SNAPSHOT.jar:/home/user/.m2/repository/org/apache/hadoop/hadoop-hdds-container-service/0.5.0-SNAPSHOT/hadoop-hdds-container-service-0.5.0-SNAPSHOT.jar:/home/user/.m2/repository/org/apache/hadoop/hadoop-hdds-client/0.5.0-SNAPSHOT/hadoop-hdds-client-0.5.0-SNAPSHOT.jar:/home/user/.m2/repository/org/apache/hadoop/hadoop-hdds-tools/0.5.0-SNAPSHOT/hadoop-hdds-tools-0.5.0-SNAPSHOT.jar:/home/user/.m2/repository/org/apache/hadoop/hadoop-hdds-server-scm/0.5.0-SNAPSHOT/hadoop-hdds-server-scm-0.5.0-SNAPSHOT.jar:/home/user/.m2/repository/org/apache/hadoop/hadoop-hdds-docs/0.5.0-SNAPSHOT/hadoop-hdds-docs-0.5.0-SNAPSHOT.jar:/home/user/.m2/repository/io/dropwizard/metrics/metrics-core/3.2.4/metrics-core-3.2.4.jar:/home/user/.m2/repository/org/hamcrest/hamcrest-all/1.3/hamcrest-all-1.3.jar:/home/user/.m2/repository/org/bouncycastle/bcprov-jdk15on/1.60/bcprov-jdk15on-1.60.jar:/home/user/.m2/repository/info/picocli/picocli/3.9.6/picocli-3.9.6.jar:/home/user/.m2/repository/com/google/protobuf/protobuf-java/2.5.0/protobuf-java-2.5.0.jar:/home/user/.m2/repository/com/google/guava/guava/11.0.2/guava-11.0.2.jar:/home/user/.m2/repository/org/apache/hadoop/hadoop-ozone-ozone-manager/0.5.0-SNAPSHOT/hadoop-ozone-ozone-manager-0.5.0-SNAPSHOT.jar:/home/user/.m2/repository/org/apache/hadoop/hadoop-minikdc/3.2.0/hadoop-minikdc-3.2.0.jar:/home/user/.m2/repository/commons-io/commons-io/2.5/commons-io-2.5.jar:/home/user/.m2/repository/org/apache/kerby/kerb-simplekdc/1.0.1/kerb-simplekdc-1.0.1.jar:/home/user/.m2/repository/org/apache/kerby/kerb-client/1.0.1/kerb-client-1.0.1.jar:/home/user/.m2/repository/org/apache/kerby/kerby-config/1.0.1/kerby-config-1.0.1.jar:/home/user/.m2/repository/org/apache/kerby/kerb-core/1.0.1/kerb-core-1.0.1.jar:/home/user/.m2/repository/org/apache/kerby/kerby-pkix/1.0.1/kerby-pkix-1.0.1.jar:/home/user/.m2/repository/org/apache/kerby/kerby-asn1/1.0.1/kerby-asn1-1.0.1.jar:/home/user/.m2/repository/org/apache/kerby/kerby-util/1.0.1/kerby-util-1.0.1.jar:/home/user/.m2/repository/org/apache/kerby/kerb-common/1.0.1/kerb-common-1.0.1.jar:/home/user/.m2/repository/org/apache/kerby/kerb-crypto/1.0.1/kerb-crypto-1.0.1.jar:/home/user/.m2/repository/org/apache/kerby/kerb-util/1.0.1/kerb-util-1.0.1.jar:/home/user/.m2/repository/org/apache/kerby/token-provider/1.0.1/token-provider-1.0.1.jar:/home/user/.m2/repository/org/apache/kerby/kerb-admin/1.0.1/kerb-admin-1.0.1.jar:/home/user/.m2/repository/org/apache/kerby/kerb-server/1.0.1/kerb-server-1.0.1.jar:/home/user/.m2/repository/org/apache/kerby/kerb-identity/1.0.1/kerb-identity-1.0.1.jar:/home/user/.m2/repository/org/apache/kerby/kerby-xdr/1.0.1/kerby-xdr-1.0.1.jar:/home/user/.m2/repository/org/slf4j/slf4j-log4j12/1.7.25/slf4j-log4j12-1.7.25.jar:/home/user/.m2/repository/org/apache/hadoop/hadoop-ozone-objectstore-service/0.5.0-SNAPSHOT/hadoop-ozone-objectstore-service-0.5.0-SNAPSHOT.jar:/home/user/.m2/repository/org/apache/hadoop/hadoop-ozone-s3gateway/0.5.0-SNAPSHOT/hadoop-ozone-s3gateway-0.5.0-SNAPSHOT.jar:/home/user/.m2/repository/org/jboss/weld/servlet/weld-servlet/2.4.7.Final/weld-servlet-2.4.7.Final.jar:/home/user/.m2/repository/org/glassfish/jersey/containers/jersey-container-servlet-core/2.27/jersey-container-servlet-core-2.27.jar:/home/user/.m2/repository/org/glassfish/hk2/external/javax.inject/2.5.0-b42/javax.inject-2.5.0-b42.jar:/home/user/.m2/repository/org/glassfish/jersey/core/jersey-common/2.27/jersey-common-2.27.jar:/home/user/.m2/repository/org/glassfish/hk2/osgi-resource-locator/1.0.1/osgi-resource-locator-1.0.1.jar:/home/user/.m2/repository/javax/ws/rs/javax.ws.rs-api/2.1/javax.ws.rs-api-2.1.jar:/home/user/.m2/repository/org/glassfish/jersey/ext/cdi/jersey-cdi1x/2.27/jersey-cdi1x-2.27.jar:/home/user/.m2/repository/org/glassfish/jersey/inject/jersey-hk2/2.27/jersey-hk2-2.27.jar:/home/user/.m2/repository/org/glassfish/hk2/hk2-locator/2.5.0-b42/hk2-locator-2.5.0-b42.jar:/home/user/.m2/repository/org/javassist/javassist/3.22.0-CR2/javassist-3.22.0-CR2.jar:/home/user/.m2/repository/org/glassfish/hk2/hk2-api/2.5.0/hk2-api-2.5.0.jar:/home/user/.m2/repository/org/glassfish/hk2/external/jakarta.inject/2.5.0/jakarta.inject-2.5.0.jar:/home/user/.m2/repository/org/glassfish/hk2/hk2-utils/2.5.0/hk2-utils-2.5.0.jar:/home/user/.m2/repository/jakarta/annotation/jakarta.annotation-api/1.3.4/jakarta.annotation-api-1.3.4.jar:/home/user/.m2/repository/org/glassfish/hk2/external/aopalliance-repackaged/2.5.0/aopalliance-repackaged-2.5.0.jar:/home/user/.m2/repository/com/fasterxml/jackson/dataformat/jackson-dataformat-xml/2.9.0/jackson-dataformat-xml-2.9.0.jar:/home/user/.m2/repository/com/fasterxml/jackson/core/jackson-core/2.9.5/jackson-core-2.9.5.jar:/home/user/.m2/repository/com/fasterxml/jackson/module/jackson-module-jaxb-annotations/2.9.5/jackson-module-jaxb-annotations-2.9.5.jar:/home/user/.m2/repository/javax/enterprise/cdi-api/1.2/cdi-api-1.2.jar:/home/user/.m2/repository/javax/el/javax.el-api/3.0.0/javax.el-api-3.0.0.jar:/home/user/.m2/repository/javax/interceptor/javax.interceptor-api/1.2/javax.interceptor-api-1.2.jar:/home/user/.m2/repository/javax/inject/javax.inject/1/javax.inject-1.jar:/home/user/.m2/repository/com/sun/xml/bind/jaxb-impl/2.3.0.1/jaxb-impl-2.3.0.1.jar:/home/user/.m2/repository/com/sun/xml/bind/jaxb-core/2.3.0.1/jaxb-core-2.3.0.1.jar:/home/user/.m2/repository/javax/xml/bind/jaxb-api/2.3.0/jaxb-api-2.3.0.jar:/home/user/.m2/repository/javax/activation/activation/1.1.1/activation-1.1.1.jar:/home/user/.m2/repository/org/apache/hadoop/hadoop-ozone-csi/0.5.0-SNAPSHOT/hadoop-ozone-csi-0.5.0-SNAPSHOT.jar:/home/user/.m2/repository/com/google/protobuf/protobuf-java-util/3.5.1/protobuf-java-util-3.5.1.jar:/home/user/.m2/repository/org/apache/hadoop/hadoop-hdds-config/0.5.0-SNAPSHOT/hadoop-hdds-config-0.5.0-SNAPSHOT.jar:/home/user/.m2/repository/io/grpc/grpc-netty/1.17.1/grpc-netty-1.17.1.jar:/home/user/.m2/repository/io/grpc/grpc-core/1.17.1/grpc-core-1.17.1.jar:/home/user/.m2/repository/io/grpc/grpc-context/1.17.1/grpc-context-1.17.1.jar:/home/user/.m2/repository/com/google/errorprone/error_prone_annotations/2.2.0/error_prone_annotations-2.2.0.jar:/home/user/.m2/repository/org/codehaus/mojo/animal-sniffer-annotations/1.17/animal-sniffer-annotations-1.17.jar:/home/user/.m2/repository/io/opencensus/opencensus-api/0.17.0/opencensus-api-0.17.0.jar:/home/user/.m2/repository/io/opencensus/opencensus-contrib-grpc-metrics/0.17.0/opencensus-contrib-grpc-metrics-0.17.0.jar:/home/user/.m2/repository/io/netty/netty-codec-http2/4.1.30.Final/netty-codec-http2-4.1.30.Final.jar:/home/user/.m2/repository/io/netty/netty-codec-http/4.1.30.Final/netty-codec-http-4.1.30.Final.jar:/home/user/.m2/repository/io/netty/netty-codec/4.1.30.Final/netty-codec-4.1.30.Final.jar:/home/user/.m2/repository/io/netty/netty-handler/4.1.30.Final/netty-handler-4.1.30.Final.jar:/home/user/.m2/repository/io/netty/netty-handler-proxy/4.1.30.Final/netty-handler-proxy-4.1.30.Final.jar:/home/user/.m2/repository/io/netty/netty-codec-socks/4.1.30.Final/netty-codec-socks-4.1.30.Final.jar:/home/user/.m2/repository/io/netty/netty-transport-native-epoll/4.1.30.Final/netty-transport-native-epoll-4.1.30.Final.jar:/home/user/.m2/repository/io/netty/netty-common/4.1.30.Final/netty-common-4.1.30.Final.jar:/home/user/.m2/repository/io/netty/netty-buffer/4.1.30.Final/netty-buffer-4.1.30.Final.jar:/home/user/.m2/repository/io/netty/netty-transport/4.1.30.Final/netty-transport-4.1.30.Final.jar:/home/user/.m2/repository/io/netty/netty-resolver/4.1.30.Final/netty-resolver-4.1.30.Final.jar:/home/user/.m2/repository/io/netty/netty-transport-native-unix-common/4.1.30.Final/netty-transport-native-unix-common-4.1.30.Final.jar:/home/user/.m2/repository/io/grpc/grpc-protobuf/1.17.1/grpc-protobuf-1.17.1.jar:/home/user/.m2/repository/com/google/api/grpc/proto-google-common-protos/1.0.0/proto-google-common-protos-1.0.0.jar:/home/user/.m2/repository/io/grpc/grpc-protobuf-lite/1.17.1/grpc-protobuf-lite-1.17.1.jar:/home/user/.m2/repository/io/grpc/grpc-stub/1.17.1/grpc-stub-1.17.1.jar:/home/user/.m2/repository/org/apache/hadoop/hadoop-ozone-recon/0.5.0-SNAPSHOT/hadoop-ozone-recon-0.5.0-SNAPSHOT.jar:/home/user/.m2/repository/org/apache/hadoop/hadoop-ozone-reconcodegen/0.5.0-SNAPSHOT/hadoop-ozone-reconcodegen-0.5.0-SNAPSHOT.jar:/home/user/.m2/repository/com/google/inject/extensions/guice-multibindings/4.0/guice-multibindings-4.0.jar:/home/user/.m2/repository/com/google/inject/guice/4.0/guice-4.0.jar:/home/user/.m2/repository/aopalliance/aopalliance/1.0/aopalliance-1.0.jar:/home/user/.m2/repository/com/google/inject/extensions/guice-servlet/4.0/guice-servlet-4.0.jar:/home/user/.m2/repository/org/glassfish/jersey/containers/jersey-container-servlet/2.27/jersey-container-servlet-2.27.jar:/home/user/.m2/repository/org/glassfish/hk2/guice-bridge/2.5.0/guice-bridge-2.5.0.jar:/home/user/.m2/repository/org/glassfish/jersey/core/jersey-server/2.27/jersey-server-2.27.jar:/home/user/.m2/repository/org/glassfish/jersey/core/jersey-client/2.27/jersey-client-2.27.jar:/home/user/.m2/repository/org/glassfish/jersey/media/jersey-media-jaxb/2.27/jersey-media-jaxb-2.27.jar:/home/user/.m2/repository/javax/validation/validation-api/1.1.0.Final/validation-api-1.1.0.Final.jar:/home/user/.m2/repository/org/glassfish/jersey/media/jersey-media-json-jackson/2.27/jersey-media-json-jackson-2.27.jar:/home/user/.m2/repository/org/glassfish/jersey/ext/jersey-entity-filtering/2.27/jersey-entity-filtering-2.27.jar:/home/user/.m2/repository/com/google/inject/extensions/guice-assistedinject/4.0/guice-assistedinject-4.0.jar:/home/user/.m2/repository/org/jooq/jooq/3.11.10/jooq-3.11.10.jar:/home/user/.m2/repository/org/jooq/jooq-meta/3.11.10/jooq-meta-3.11.10.jar:/home/user/.m2/repository/org/jooq/jooq-codegen/3.11.10/jooq-codegen-3.11.10.jar:/home/user/.m2/repository/com/jolbox/bonecp/0.8.0.RELEASE/bonecp-0.8.0.RELEASE.jar:/home/user/.m2/repository/org/xerial/sqlite-jdbc/3.25.2/sqlite-jdbc-3.25.2.jar:/home/user/.m2/repository/org/springframework/spring-jdbc/5.1.3.RELEASE/spring-jdbc-5.1.3.RELEASE.jar:/home/user/.m2/repository/org/springframework/spring-beans/5.1.3.RELEASE/spring-beans-5.1.3.RELEASE.jar:/home/user/.m2/repository/org/springframework/spring-core/5.1.3.RELEASE/spring-core-5.1.3.RELEASE.jar:/home/user/.m2/repository/org/springframework/spring-jcl/5.1.3.RELEASE/spring-jcl-5.1.3.RELEASE.jar:/home/user/.m2/repository/org/springframework/spring-tx/5.1.3.RELEASE/spring-tx-5.1.3.RELEASE.jar:/home/user/.m2/repository/org/apache/hadoop/hadoop-ozone-client/0.5.0-SNAPSHOT/hadoop-ozone-client-0.5.0-SNAPSHOT.jar:/home/user/.m2/repository/commons-lang/commons-lang/2.6/commons-lang-2.6.jar:/home/user/.m2/repository/org/apache/hadoop/hadoop-ozone-ozone-manager/0.5.0-SNAPSHOT/hadoop-ozone-ozone-manager-0.5.0-SNAPSHOT-tests.jar:/home/user/.m2/repository/junit/junit/4.11/junit-4.11.jar:/home/user/.m2/repository/org/hamcrest/hamcrest-core/1.3/hamcrest-core-1.3.jar:/home/user/.m2/repository/org/openjdk/jmh/jmh-core/1.19/jmh-core-1.19.jar:/home/user/.m2/repository/net/sf/jopt-simple/jopt-simple/4.6/jopt-simple-4.6.jar:/home/user/.m2/repository/org/apache/commons/commons-math3/3.1.1/commons-math3-3.1.1.jar:/home/user/.m2/repository/org/openjdk/jmh/jmh-generator-annprocess/1.19/jmh-generator-annprocess-1.19.jar:/home/user/.m2/repository/org/mockito/mockito-all/1.8.5/mockito-all-1.8.5.jar:/home/user/.m2/repository/org/apache/hadoop/hadoop-kms/3.2.0/hadoop-kms-3.2.0.jar:/home/user/.m2/repository/org/apache/hadoop/hadoop-auth/3.2.0/hadoop-auth-3.2.0.jar:/home/user/.m2/repository/com/nimbusds/nimbus-jose-jwt/4.41.1/nimbus-jose-jwt-4.41.1.jar:/home/user/.m2/repository/com/github/stephenc/jcip/jcip-annotations/1.0-1/jcip-annotations-1.0-1.jar:/home/user/.m2/repository/net/minidev/json-smart/2.3/json-smart-2.3.jar:/home/user/.m2/repository/net/minidev/accessors-smart/1.2/accessors-smart-1.2.jar:/home/user/.m2/repository/org/ow2/asm/asm/5.0.4/asm-5.0.4.jar:/home/user/.m2/repository/org/apache/curator/curator-framework/2.12.0/curator-framework-2.12.0.jar:/home/user/.m2/repository/com/sun/jersey/jersey-core/1.19/jersey-core-1.19.jar:/home/user/.m2/repository/javax/ws/rs/jsr311-api/1.1.1/jsr311-api-1.1.1.jar:/home/user/.m2/repository/com/sun/jersey/jersey-server/1.19/jersey-server-1.19.jar:/home/user/.m2/repository/javax/servlet/javax.servlet-api/3.1.0/javax.servlet-api-3.1.0.jar:/home/user/.m2/repository/org/eclipse/jetty/jetty-server/9.3.24.v20180605/jetty-server-9.3.24.v20180605.jar:/home/user/.m2/repository/org/eclipse/jetty/jetty-http/9.3.24.v20180605/jetty-http-9.3.24.v20180605.jar:/home/user/.m2/repository/org/eclipse/jetty/jetty-io/9.3.24.v20180605/jetty-io-9.3.24.v20180605.jar:/home/user/.m2/repository/org/eclipse/jetty/jetty-webapp/9.3.24.v20180605/jetty-webapp-9.3.24.v20180605.jar:/home/user/.m2/repository/org/eclipse/jetty/jetty-xml/9.3.24.v20180605/jetty-xml-9.3.24.v20180605.jar:/home/user/.m2/repository/log4j/log4j/1.2.17/log4j-1.2.17.jar:/home/user/.m2/repository/org/slf4j/slf4j-api/1.7.25/slf4j-api-1.7.25.jar:/home/user/.m2/repository/org/slf4j/jul-to-slf4j/1.7.25/jul-to-slf4j-1.7.25.jar:/home/user/.m2/repository/org/eclipse/jetty/jetty-util/9.3.24.v20180605/jetty-util-9.3.24.v20180605.jar:/home/user/.m2/repository/com/fasterxml/jackson/core/jackson-databind/2.9.5/jackson-databind-2.9.5.jar:/home/user/.m2/repository/org/apache/hadoop/hadoop-kms/3.2.0/hadoop-kms-3.2.0-tests.jar:/home/user/.m2/repository/org/apache/hadoop/hadoop-hdds-server-scm/0.5.0-SNAPSHOT/hadoop-hdds-server-scm-0.5.0-SNAPSHOT-tests.jar:/home/user/.m2/repository/org/apache/hadoop/hadoop-hdds-container-service/0.5.0-SNAPSHOT/hadoop-hdds-container-service-0.5.0-SNAPSHOT-tests.jar:/home/user/.m2/repository/org/yaml/snakeyaml/1.16/snakeyaml-1.16.jar:/home/user/.m2/repository/org/apache/hadoop/hadoop-common/3.2.0/hadoop-common-3.2.0-tests.jar:/home/user/.m2/repository/org/apache/hadoop/hadoop-annotations/3.2.0/hadoop-annotations-3.2.0.jar:/usr/lib/jvm/java-1.8-openjdk/jre/../lib/tools.jar:/home/user/.m2/repository/commons-cli/commons-cli/1.2/commons-cli-1.2.jar:/home/user/.m2/repository/org/apache/httpcomponents/httpclient/4.5.2/httpclient-4.5.2.jar:/home/user/.m2/repository/org/apache/httpcomponents/httpcore/4.4.4/httpcore-4.4.4.jar:/home/user/.m2/repository/commons-codec/commons-codec/1.11/commons-codec-1.11.jar:/home/user/.m2/repository/commons-net/commons-net/3.6/commons-net-3.6.jar:/home/user/.m2/repository/commons-collections/commons-collections/3.2.2/commons-collections-3.2.2.jar:/home/user/.m2/repository/org/eclipse/jetty/jetty-servlet/9.3.24.v20180605/jetty-servlet-9.3.24.v20180605.jar:/home/user/.m2/repository/org/eclipse/jetty/jetty-security/9.3.24.v20180605/jetty-security-9.3.24.v20180605.jar:/home/user/.m2/repository/javax/servlet/jsp/jsp-api/2.1/jsp-api-2.1.jar:/home/user/.m2/repository/com/sun/jersey/jersey-servlet/1.19/jersey-servlet-1.19.jar:/home/user/.m2/repository/com/sun/jersey/jersey-json/1.19/jersey-json-1.19.jar:/home/user/.m2/repository/org/codehaus/jettison/jettison/1.1/jettison-1.1.jar:/home/user/.m2/repository/org/codehaus/jackson/jackson-core-asl/1.9.13/jackson-core-asl-1.9.13.jar:/home/user/.m2/repository/org/codehaus/jackson/jackson-mapper-asl/1.9.13/jackson-mapper-asl-1.9.13.jar:/home/user/.m2/repository/org/codehaus/jackson/jackson-jaxrs/1.9.13/jackson-jaxrs-1.9.13.jar:/home/user/.m2/repository/org/codehaus/jackson/jackson-xc/1.9.13/jackson-xc-1.9.13.jar:/home/user/.m2/repository/commons-logging/commons-logging/1.1.3/commons-logging-1.1.3.jar:/home/user/.m2/repository/commons-beanutils/commons-beanutils/1.9.3/commons-beanutils-1.9.3.jar:/home/user/.m2/repository/org/apache/commons/commons-configuration2/2.1.1/commons-configuration2-2.1.1.jar:/home/user/.m2/repository/org/apache/commons/commons-lang3/3.7/commons-lang3-3.7.jar:/home/user/.m2/repository/org/apache/commons/commons-text/1.4/commons-text-1.4.jar:/home/user/.m2/repository/org/apache/avro/avro/1.7.7/avro-1.7.7.jar:/home/user/.m2/repository/com/thoughtworks/paranamer/paranamer/2.3/paranamer-2.3.jar:/home/user/.m2/repository/org/xerial/snappy/snappy-java/1.0.5/snappy-java-1.0.5.jar:/home/user/.m2/repository/com/google/re2j/re2j/1.1/re2j-1.1.jar:/home/user/.m2/repository/com/google/code/gson/gson/2.2.4/gson-2.2.4.jar:/home/user/.m2/repository/com/jcraft/jsch/0.1.54/jsch-0.1.54.jar:/home/user/.m2/repository/org/apache/curator/curator-client/2.12.0/curator-client-2.12.0.jar:/home/user/.m2/repository/org/apache/curator/curator-recipes/2.12.0/curator-recipes-2.12.0.jar:/home/user/.m2/repository/com/google/code/findbugs/jsr305/3.0.0/jsr305-3.0.0.jar:/home/user/.m2/repository/org/apache/htrace/htrace-core4/4.1.0-incubating/htrace-core4-4.1.0-incubating.jar:/home/user/.m2/repository/org/apache/zookeeper/zookeeper/3.4.13/zookeeper-3.4.13.jar:/home/user/.m2/repository/org/apache/yetus/audience-annotations/0.5.0/audience-annotations-0.5.0.jar:/home/user/.m2/repository/org/codehaus/woodstox/stax2-api/3.1.4/stax2-api-3.1.4.jar:/home/user/.m2/repository/com/fasterxml/woodstox/woodstox-core/5.0.3/woodstox-core-5.0.3.jar:/home/user/.m2/repository/dnsjava/dnsjava/2.1.7/dnsjava-2.1.7.jar:/home/user/.m2/repository/org/apache/hadoop/hadoop-hdfs/3.2.0/hadoop-hdfs-3.2.0-tests.jar:/home/user/.m2/repository/org/eclipse/jetty/jetty-util-ajax/9.3.24.v20180605/jetty-util-ajax-9.3.24.v20180605.jar:/home/user/.m2/repository/commons-daemon/commons-daemon/1.0.13/commons-daemon-1.0.13.jar:/home/user/.m2/repository/io/netty/netty/3.10.5.Final/netty-3.10.5.Final.jar:/home/user/.m2/repository/io/netty/netty-all/4.0.52.Final/netty-all-4.0.52.Final.jar:/home/user/.m2/repository/org/fusesource/leveldbjni/leveldbjni-all/1.8/leveldbjni-all-1.8.jar:"/>
    <property name="sun.cpu.endian" value="little"/>
    <property name="user.home" value="/home/user"/>
    <property name="user.language" value="en"/>
    <property name="java.specification.vendor" value="Oracle Corporation"/>
    <property name="java.home" value="/usr/lib/jvm/java-1.8-openjdk/jre"/>
    <property name="java.security.krb5.conf" value="/workdir/hadoop-ozone/integration-test/target/test-classes/krb5.conf"/>
    <property name="basedir" value="/workdir/hadoop-ozone/integration-test"/>
    <property name="file.separator" value="/"/>
    <property name="line.separator" value="&#10;"/>
    <property name="java.vm.specification.vendor" value="Oracle Corporation"/>
    <property name="java.specification.name" value="Java Platform API Specification"/>
    <property name="java.awt.graphicsenv" value="sun.awt.X11GraphicsEnvironment"/>
    <property name="surefire.real.class.path" value="/workdir/hadoop-ozone/integration-test/target/surefire/surefirebooter2305408821303468914.jar"/>
    <property name="hadoop.log.dir" value="/workdir/hadoop-ozone/integration-test/target/log"/>
    <property name="sun.boot.class.path" value="/usr/lib/jvm/java-1.8-openjdk/jre/lib/resources.jar:/usr/lib/jvm/java-1.8-openjdk/jre/lib/rt.jar:/usr/lib/jvm/java-1.8-openjdk/jre/lib/sunrsasign.jar:/usr/lib/jvm/java-1.8-openjdk/jre/lib/jsse.jar:/usr/lib/jvm/java-1.8-openjdk/jre/lib/jce.jar:/usr/lib/jvm/java-1.8-openjdk/jre/lib/charsets.jar:/usr/lib/jvm/java-1.8-openjdk/jre/lib/jfr.jar:/usr/lib/jvm/java-1.8-openjdk/jre/classes"/>
    <property name="sun.management.compiler" value="HotSpot 64-Bit Tiered Compilers"/>
    <property name="java.runtime.version" value="1.8.0_212-b04"/>
    <property name="java.net.preferIPv4Stack" value="true"/>
    <property name="user.name" value="jenkins1000"/>
    <property name="path.separator" value=":"/>
    <property name="java.security.egd" value="file:///dev/urandom"/>
    <property name="os.version" value="3.10.0-957.12.2.el7.x86_64"/>
    <property name="java.endorsed.dirs" value="/usr/lib/jvm/java-1.8-openjdk/jre/lib/endorsed"/>
    <property name="java.runtime.name" value="OpenJDK Runtime Environment"/>
    <property name="file.encoding" value="UTF-8"/>
    <property name="java.vm.name" value="OpenJDK 64-Bit Server VM"/>
    <property name="test.build.webapps" value=""/>
    <property name="localRepository" value="/home/user/.m2/repository"/>
    <property name="java.vendor.url.bug" value="https://icedtea.classpath.org/bugzilla"/>
    <property name="java.io.tmpdir" value="/tmp"/>
    <property name="require.test.libhadoop" value=""/>
    <property name="java.version" value="1.8.0_212"/>
    <property name="user.dir" value="/workdir/hadoop-ozone/integration-test"/>
    <property name="os.arch" value="amd64"/>
    <property name="java.vm.specification.name" value="Java Virtual Machine Specification"/>
    <property name="test.build.classes" value="/workdir/hadoop-ozone/integration-test/target/test-classes"/>
    <property name="java.awt.printerjob" value="sun.print.PSPrinterJob"/>
    <property name="sun.os.patch.level" value="unknown"/>
    <property name="hadoop.tmp.dir" value="/workdir/hadoop-ozone/integration-test/target/tmp"/>
    <property name="java.library.path" value="/usr/lib/jvm/java-1.8-openjdk/jre/lib/amd64/server:/usr/lib/jvm/java-1.8-openjdk/jre/lib/amd64:/usr/lib/jvm/java-1.8-openjdk/jre/../lib/amd64:/workdir/hadoop-ozone/integration-test/target/native/target/usr/local/lib:/workdir/hadoop-ozone/integration-test/../../hadoop-common-project/hadoop-common/target/native/target/usr/local/lib:/usr/java/packages/lib/amd64:/usr/lib64:/lib64:/lib:/usr/lib"/>
    <property name="java.vm.info" value="mixed mode"/>
    <property name="java.vendor" value="IcedTea"/>
    <property name="java.vm.version" value="25.212-b04"/>
    <property name="java.ext.dirs" value="/usr/lib/jvm/java-1.8-openjdk/jre/lib/ext:/usr/java/packages/lib/ext"/>
    <property name="sun.io.unicode.encoding" value="UnicodeLittle"/>
    <property name="java.class.version" value="52.0"/>
  </properties>
  <testcase name="testGroupMismatchExceptionHandling" classname="org.apache.hadoop.ozone.client.rpc.TestOzoneClientRetriesOnException" time="53.344">
    <error message="Allocated 0 blocks. Requested 1 blocks" type="INTERNAL_ERROR org.apache.hadoop.ozone.om.exceptions.OMException">INTERNAL_ERROR org.apache.hadoop.ozone.om.exceptions.OMException: Allocated 0 blocks. Requested 1 blocks
	at org.apache.hadoop.ozone.om.protocolPB.OzoneManagerProtocolClientSideTranslatorPB.handleError(OzoneManagerProtocolClientSideTranslatorPB.java:725)
	at org.apache.hadoop.ozone.om.protocolPB.OzoneManagerProtocolClientSideTranslatorPB.openKey(OzoneManagerProtocolClientSideTranslatorPB.java:716)
	at org.apache.hadoop.ozone.client.rpc.RpcClient.createKey(RpcClient.java:615)
	at org.apache.hadoop.ozone.client.OzoneBucket.createKey(OzoneBucket.java:323)
	at org.apache.hadoop.ozone.container.ContainerTestHelper.createKey(ContainerTestHelper.java:694)
	at org.apache.hadoop.ozone.client.rpc.TestOzoneClientRetriesOnException.createKey(TestOzoneClientRetriesOnException.java:226)
	at org.apache.hadoop.ozone.client.rpc.TestOzoneClientRetriesOnException.testGroupMismatchExceptionHandling(TestOzoneClientRetriesOnException.java:129)
	at sun.reflect.NativeMethodAccessorImpl.invoke0(Native Method)
	at sun.reflect.NativeMethodAccessorImpl.invoke(NativeMethodAccessorImpl.java:62)
	at sun.reflect.DelegatingMethodAccessorImpl.invoke(DelegatingMethodAccessorImpl.java:43)
	at java.lang.reflect.Method.invoke(Method.java:498)
	at org.junit.runners.model.FrameworkMethod$1.runReflectiveCall(FrameworkMethod.java:47)
	at org.junit.internal.runners.model.ReflectiveCallable.run(ReflectiveCallable.java:12)
	at org.junit.runners.model.FrameworkMethod.invokeExplosively(FrameworkMethod.java:44)
	at org.junit.internal.runners.statements.InvokeMethod.evaluate(InvokeMethod.java:17)
	at org.junit.internal.runners.statements.RunBefores.evaluate(RunBefores.java:26)
	at org.junit.internal.runners.statements.RunAfters.evaluate(RunAfters.java:27)
	at org.junit.runners.ParentRunner.runLeaf(ParentRunner.java:271)
	at org.junit.runners.BlockJUnit4ClassRunner.runChild(BlockJUnit4ClassRunner.java:70)
	at org.junit.runners.BlockJUnit4ClassRunner.runChild(BlockJUnit4ClassRunner.java:50)
	at org.junit.runners.ParentRunner$3.run(ParentRunner.java:238)
	at org.junit.runners.ParentRunner$1.schedule(ParentRunner.java:63)
	at org.junit.runners.ParentRunner.runChildren(ParentRunner.java:236)
	at org.junit.runners.ParentRunner.access$000(ParentRunner.java:53)
	at org.junit.runners.ParentRunner$2.evaluate(ParentRunner.java:229)
	at org.junit.runners.ParentRunner.run(ParentRunner.java:309)
	at org.apache.maven.surefire.junit4.JUnit4Provider.execute(JUnit4Provider.java:365)
	at org.apache.maven.surefire.junit4.JUnit4Provider.executeWithRerun(JUnit4Provider.java:273)
	at org.apache.maven.surefire.junit4.JUnit4Provider.executeTestSet(JUnit4Provider.java:238)
	at org.apache.maven.surefire.junit4.JUnit4Provider.invoke(JUnit4Provider.java:159)
	at org.apache.maven.surefire.booter.ForkedBooter.invokeProviderInSameClassLoader(ForkedBooter.java:384)
	at org.apache.maven.surefire.booter.ForkedBooter.runSuitesInProcess(ForkedBooter.java:345)
	at org.apache.maven.surefire.booter.ForkedBooter.execute(ForkedBooter.java:126)
	at org.apache.maven.surefire.booter.ForkedBooter.main(ForkedBooter.java:418)
</error>
    <system-out><![CDATA[2019-09-19 09:00:02,049 [main] WARN  server.ServerUtils (ServerUtils.java:getScmDbDir(145)) - ozone.scm.db.dirs is not configured. We recommend adding this setting. Falling back to ozone.metadata.dirs instead.
2019-09-19 09:00:02,174 [main] WARN  server.ServerUtils (ServerUtils.java:getScmDbDir(145)) - ozone.scm.db.dirs is not configured. We recommend adding this setting. Falling back to ozone.metadata.dirs instead.
2019-09-19 09:00:02,176 [main] WARN  server.ServerUtils (ServerUtils.java:getScmDbDir(145)) - ozone.scm.db.dirs is not configured. We recommend adding this setting. Falling back to ozone.metadata.dirs instead.
2019-09-19 09:00:02,193 [main] INFO  util.log (Log.java:initialized(192)) - Logging initialized @880ms
2019-09-19 09:00:02,329 [main] INFO  db.DBStoreBuilder (DBStoreBuilder.java:addTable(110)) - using custom profile for table: deletedBlocks
2019-09-19 09:00:02,330 [main] INFO  db.DBStoreBuilder (DBStoreBuilder.java:processTables(161)) - Using default column profile:DBProfile.DISK for Table:deletedBlocks
2019-09-19 09:00:02,330 [main] INFO  db.DBStoreBuilder (DBStoreBuilder.java:addTable(110)) - using custom profile for table: validCerts
2019-09-19 09:00:02,330 [main] INFO  db.DBStoreBuilder (DBStoreBuilder.java:processTables(161)) - Using default column profile:DBProfile.DISK for Table:validCerts
2019-09-19 09:00:02,331 [main] INFO  db.DBStoreBuilder (DBStoreBuilder.java:addTable(110)) - using custom profile for table: revokedCerts
2019-09-19 09:00:02,331 [main] INFO  db.DBStoreBuilder (DBStoreBuilder.java:processTables(161)) - Using default column profile:DBProfile.DISK for Table:revokedCerts
2019-09-19 09:00:02,343 [main] INFO  db.DBStoreBuilder (DBStoreBuilder.java:addTable(110)) - using custom profile for table: default
2019-09-19 09:00:02,343 [main] INFO  db.DBStoreBuilder (DBStoreBuilder.java:processTables(167)) - Using default column profile:DBProfile.DISK for Table:default
2019-09-19 09:00:02,344 [main] INFO  db.DBStoreBuilder (DBStoreBuilder.java:getDbProfile(198)) - Using default options. DBProfile.DISK
2019-09-19 09:00:02,611 [main] INFO  net.NodeSchemaLoader (NodeSchemaLoader.java:loadSchemaFromFile(125)) - Loading file from sun.misc.CompoundEnumeration@1afd44cb
2019-09-19 09:00:02,614 [main] INFO  net.NodeSchemaLoader (NodeSchemaLoader.java:loadSchema(171)) - Loading network topology layer schema file
2019-09-19 09:00:02,702 [main] WARN  server.ServerUtils (ServerUtils.java:sanitizeUserArgs(70)) - ozone.scm.stale.node.interval value = 300000 is larger than max = 100000 based on the key value of ozone.scm.heartbeat.thread.interval, reset to the max value 100000.
2019-09-19 09:00:02,704 [main] WARN  server.ServerUtils (ServerUtils.java:sanitizeUserArgs(70)) - ozone.scm.stale.node.interval value = 300000 is larger than max = 100000 based on the key value of ozone.scm.heartbeat.thread.interval, reset to the max value 100000.
2019-09-19 09:00:02,707 [main] INFO  node.SCMNodeManager (SCMNodeManager.java:<init>(121)) - Entering startup safe mode.
2019-09-19 09:00:02,786 [main] INFO  algorithms.ContainerPlacementPolicyFactory (ContainerPlacementPolicyFactory.java:getPolicy(56)) - Create container placement policy of type org.apache.hadoop.hdds.scm.container.placement.algorithms.SCMContainerPlacementRandom
2019-09-19 09:00:02,801 [main] WARN  server.ServerUtils (ServerUtils.java:getScmDbDir(145)) - ozone.scm.db.dirs is not configured. We recommend adding this setting. Falling back to ozone.metadata.dirs instead.
2019-09-19 09:00:02,862 [main] INFO  pipeline.SCMPipelineManager (SCMPipelineManager.java:initializePipelineState(126)) - No pipeline exists in current db
2019-09-19 09:00:02,865 [main] WARN  server.ServerUtils (ServerUtils.java:getScmDbDir(145)) - ozone.scm.db.dirs is not configured. We recommend adding this setting. Falling back to ozone.metadata.dirs instead.
2019-09-19 09:00:02,968 [main] WARN  events.EventQueue (EventQueue.java:fireEvent(175)) - No event handler registered for event TypedEvent{payloadType=SafeModeStatus, name='SafeModeStatus'}
2019-09-19 09:00:03,489 [main] INFO  ipc.CallQueueManager (CallQueueManager.java:<init>(84)) - Using callQueue: class java.util.concurrent.LinkedBlockingQueue, queueCapacity: 2000, scheduler: class org.apache.hadoop.ipc.DefaultRpcScheduler, ipcBackoff: false.
2019-09-19 09:00:03,773 [Socket Reader #1 for port 36964] INFO  ipc.Server (Server.java:run(1074)) - Starting Socket Reader #1 for port 36964
2019-09-19 09:00:03,797 [main] INFO  ipc.CallQueueManager (CallQueueManager.java:<init>(84)) - Using callQueue: class java.util.concurrent.LinkedBlockingQueue, queueCapacity: 2000, scheduler: class org.apache.hadoop.ipc.DefaultRpcScheduler, ipcBackoff: false.
2019-09-19 09:00:03,798 [Socket Reader #1 for port 46863] INFO  ipc.Server (Server.java:run(1074)) - Starting Socket Reader #1 for port 46863
2019-09-19 09:00:03,806 [main] INFO  ipc.CallQueueManager (CallQueueManager.java:<init>(84)) - Using callQueue: class java.util.concurrent.LinkedBlockingQueue, queueCapacity: 2000, scheduler: class org.apache.hadoop.ipc.DefaultRpcScheduler, ipcBackoff: false.
2019-09-19 09:00:03,806 [Socket Reader #1 for port 38979] INFO  ipc.Server (Server.java:run(1074)) - Starting Socket Reader #1 for port 38979
2019-09-19 09:00:03,828 [main] INFO  hdfs.DFSUtil (DFSUtil.java:httpServerTemplateForNNAndJN(1641)) - Starting Web-server for scm at: http://0.0.0.0:0
2019-09-19 09:00:04,007 [main] INFO  server.AuthenticationFilter (AuthenticationFilter.java:constructSecretProvider(240)) - Unable to initialize FileSignerSecretProvider, falling back to use random secrets.
2019-09-19 09:00:04,021 [main] WARN  http.HttpRequestLog (HttpRequestLog.java:getRequestLog(97)) - Jetty request log can only be enabled using Log4j
2019-09-19 09:00:04,030 [main] INFO  http.HttpServer2 (HttpServer2.java:addGlobalFilter(975)) - Added global filter 'safety' (class=org.apache.hadoop.http.HttpServer2$QuotingInputFilter)
2019-09-19 09:00:04,033 [main] INFO  http.HttpServer2 (HttpServer2.java:addFilter(948)) - Added filter static_user_filter (class=org.apache.hadoop.http.lib.StaticUserWebFilter$StaticUserFilter) to context scm
2019-09-19 09:00:04,033 [main] INFO  http.HttpServer2 (HttpServer2.java:addFilter(958)) - Added filter static_user_filter (class=org.apache.hadoop.http.lib.StaticUserWebFilter$StaticUserFilter) to context logs
2019-09-19 09:00:04,033 [main] INFO  http.HttpServer2 (HttpServer2.java:addFilter(958)) - Added filter static_user_filter (class=org.apache.hadoop.http.lib.StaticUserWebFilter$StaticUserFilter) to context static
2019-09-19 09:00:04,067 [main] INFO  server.StorageContainerManager (StorageContainerManager.java:start(759)) - StorageContainerLocationProtocol RPC server is listening at /0.0.0.0:38979
2019-09-19 09:00:04,141 [main] WARN  impl.MetricsConfig (MetricsConfig.java:loadFirst(134)) - Cannot locate configuration: tried hadoop-metrics2-storagecontainermanager.properties,hadoop-metrics2.properties
2019-09-19 09:00:04,155 [main] INFO  impl.MetricsSystemImpl (MetricsSystemImpl.java:startTimer(374)) - Scheduled Metric snapshot period at 10 second(s).
2019-09-19 09:00:04,155 [main] INFO  impl.MetricsSystemImpl (MetricsSystemImpl.java:start(191)) - StorageContainerManager metrics system started
2019-09-19 09:00:04,388 [main] INFO  server.SCMClientProtocolServer (SCMClientProtocolServer.java:start(151)) - RPC server for Client  is listening at /0.0.0.0:38979
2019-09-19 09:00:04,389 [IPC Server Responder] INFO  ipc.Server (Server.java:run(1314)) - IPC Server Responder: starting
2019-09-19 09:00:04,389 [IPC Server listener on 38979] INFO  ipc.Server (Server.java:run(1153)) - IPC Server listener on 38979: starting
2019-09-19 09:00:04,392 [main] INFO  server.StorageContainerManager (StorageContainerManager.java:start(769)) - ScmBlockLocationProtocol RPC server is listening at /0.0.0.0:46863
2019-09-19 09:00:04,392 [main] INFO  server.SCMBlockProtocolServer (SCMBlockProtocolServer.java:start(140)) - RPC server for Block Protocol is listening at /0.0.0.0:46863
2019-09-19 09:00:04,393 [IPC Server Responder] INFO  ipc.Server (Server.java:run(1314)) - IPC Server Responder: starting
2019-09-19 09:00:04,393 [IPC Server listener on 46863] INFO  ipc.Server (Server.java:run(1153)) - IPC Server listener on 46863: starting
2019-09-19 09:00:04,395 [main] INFO  server.StorageContainerManager (StorageContainerManager.java:start(773)) - ScmDatanodeProtocl RPC server is listening at /0.0.0.0:36964
2019-09-19 09:00:04,396 [main] INFO  server.SCMDatanodeProtocolServer (SCMDatanodeProtocolServer.java:start(191)) - RPC server for DataNodes is listening at /0.0.0.0:36964
2019-09-19 09:00:04,396 [IPC Server Responder] INFO  ipc.Server (Server.java:run(1314)) - IPC Server Responder: starting
2019-09-19 09:00:04,396 [IPC Server listener on 36964] INFO  ipc.Server (Server.java:run(1153)) - IPC Server listener on 36964: starting
2019-09-19 09:00:04,402 [main] INFO  http.HttpServer2 (HttpServer2.java:bindListener(1191)) - Jetty bound to port 45226
2019-09-19 09:00:04,405 [main] INFO  server.Server (Server.java:doStart(351)) - jetty-9.3.24.v20180605, build timestamp: 2018-06-05T17:11:56Z, git hash: 84205aa28f11a4f31f2a3b86d1bba2cc8ab69827
2019-09-19 09:00:04,459 [main] INFO  handler.ContextHandler (ContextHandler.java:doStart(781)) - Started o.e.j.s.ServletContextHandler@c5ee75e{/logs,file:///workdir/hadoop-ozone/integration-test/target/log,AVAILABLE}
2019-09-19 09:00:04,460 [main] INFO  handler.ContextHandler (ContextHandler.java:doStart(781)) - Started o.e.j.s.ServletContextHandler@bf1ec20{/static,file:///workdir/hadoop-ozone/integration-test/target/test-classes/webapps/static,AVAILABLE}
2019-09-19 09:00:04,500 [main] INFO  handler.ContextHandler (ContextHandler.java:doStart(781)) - Started o.e.j.w.WebAppContext@2ca65ce4{/,file:///workdir/hadoop-ozone/integration-test/target/test-classes/webapps/scm/,AVAILABLE}{/scm}
2019-09-19 09:00:04,506 [main] INFO  server.AbstractConnector (AbstractConnector.java:doStart(278)) - Started ServerConnector@6bc28a83{HTTP/1.1,[http/1.1]}{0.0.0.0:45226}
2019-09-19 09:00:04,506 [main] INFO  server.Server (Server.java:doStart(419)) - Started @3194ms
2019-09-19 09:00:04,508 [main] INFO  server.BaseHttpServer (BaseHttpServer.java:updateConnectorAddress(213)) - HTTP server of SCM is listening at http://0.0.0.0:45226
2019-09-19 09:00:04,516 [org.apache.hadoop.util.JvmPauseMonitor$Monitor@62da83ed] INFO  util.JvmPauseMonitor (JvmPauseMonitor.java:run(188)) - Starting JVM pause monitor
2019-09-19 09:00:04,521 [main] WARN  server.ServerUtils (ServerUtils.java:getDBPath(222)) - ozone.om.db.dirs is not configured. We recommend adding this setting. Falling back to ozone.metadata.dirs instead.
2019-09-19 09:00:04,639 [main] WARN  server.ServerUtils (ServerUtils.java:getDBPath(222)) - ozone.om.db.dirs is not configured. We recommend adding this setting. Falling back to ozone.metadata.dirs instead.
2019-09-19 09:00:04,639 [main] WARN  server.ServerUtils (ServerUtils.java:getDBPath(222)) - ozone.om.db.dirs is not configured. We recommend adding this setting. Falling back to ozone.metadata.dirs instead.
2019-09-19 09:00:04,640 [main] INFO  om.OzoneManager (OzoneManager.java:setOMNodeDetails(645)) - OM Service ID is not set. Setting it to the default ID: omServiceIdDefault
2019-09-19 09:00:04,641 [main] INFO  om.OzoneManager (OzoneManager.java:setOMNodeDetails(651)) - OM Node ID is not set. Setting it to the OmStorage's OmID: c79a405e-530e-48f5-a0c5-6b5cc42fe172
2019-09-19 09:00:04,642 [main] INFO  om.OzoneManager (OzoneManager.java:loadOMHAConfigs(602)) - Found matching OM address with OMServiceId: null, OMNodeId: null, RPC Address: localhost:0 and Ratis port: 9872
2019-09-19 09:00:04,918 | INFO  | SCMAudit | user=jenkins1000 | ip=192.168.34.5 | op=GET_SCM_INFO null | ret=SUCCESS |  
2019-09-19 09:00:05,439 [main] WARN  server.ServerUtils (ServerUtils.java:getDBPath(222)) - ozone.om.db.dirs is not configured. We recommend adding this setting. Falling back to ozone.metadata.dirs instead.
2019-09-19 09:00:05,448 [main] INFO  db.DBStoreBuilder (DBStoreBuilder.java:addTable(110)) - using custom profile for table: userTable
2019-09-19 09:00:05,449 [main] INFO  db.DBStoreBuilder (DBStoreBuilder.java:processTables(161)) - Using default column profile:DBProfile.DISK for Table:userTable
2019-09-19 09:00:05,449 [main] INFO  db.DBStoreBuilder (DBStoreBuilder.java:addTable(110)) - using custom profile for table: volumeTable
2019-09-19 09:00:05,449 [main] INFO  db.DBStoreBuilder (DBStoreBuilder.java:processTables(161)) - Using default column profile:DBProfile.DISK for Table:volumeTable
2019-09-19 09:00:05,450 [main] INFO  db.DBStoreBuilder (DBStoreBuilder.java:addTable(110)) - using custom profile for table: bucketTable
2019-09-19 09:00:05,450 [main] INFO  db.DBStoreBuilder (DBStoreBuilder.java:processTables(161)) - Using default column profile:DBProfile.DISK for Table:bucketTable
2019-09-19 09:00:05,450 [main] INFO  db.DBStoreBuilder (DBStoreBuilder.java:addTable(110)) - using custom profile for table: keyTable
2019-09-19 09:00:05,450 [main] INFO  db.DBStoreBuilder (DBStoreBuilder.java:processTables(161)) - Using default column profile:DBProfile.DISK for Table:keyTable
2019-09-19 09:00:05,451 [main] INFO  db.DBStoreBuilder (DBStoreBuilder.java:addTable(110)) - using custom profile for table: deletedTable
2019-09-19 09:00:05,451 [main] INFO  db.DBStoreBuilder (DBStoreBuilder.java:processTables(161)) - Using default column profile:DBProfile.DISK for Table:deletedTable
2019-09-19 09:00:05,451 [main] INFO  db.DBStoreBuilder (DBStoreBuilder.java:addTable(110)) - using custom profile for table: openKeyTable
2019-09-19 09:00:05,451 [main] INFO  db.DBStoreBuilder (DBStoreBuilder.java:processTables(161)) - Using default column profile:DBProfile.DISK for Table:openKeyTable
2019-09-19 09:00:05,452 [main] INFO  db.DBStoreBuilder (DBStoreBuilder.java:addTable(110)) - using custom profile for table: s3Table
2019-09-19 09:00:05,452 [main] INFO  db.DBStoreBuilder (DBStoreBuilder.java:processTables(161)) - Using default column profile:DBProfile.DISK for Table:s3Table
2019-09-19 09:00:05,452 [main] INFO  db.DBStoreBuilder (DBStoreBuilder.java:addTable(110)) - using custom profile for table: multipartInfoTable
2019-09-19 09:00:05,452 [main] INFO  db.DBStoreBuilder (DBStoreBuilder.java:processTables(161)) - Using default column profile:DBProfile.DISK for Table:multipartInfoTable
2019-09-19 09:00:05,453 [main] INFO  db.DBStoreBuilder (DBStoreBuilder.java:addTable(110)) - using custom profile for table: dTokenTable
2019-09-19 09:00:05,453 [main] INFO  db.DBStoreBuilder (DBStoreBuilder.java:processTables(161)) - Using default column profile:DBProfile.DISK for Table:dTokenTable
2019-09-19 09:00:05,453 [main] INFO  db.DBStoreBuilder (DBStoreBuilder.java:addTable(110)) - using custom profile for table: s3SecretTable
2019-09-19 09:00:05,453 [main] INFO  db.DBStoreBuilder (DBStoreBuilder.java:processTables(161)) - Using default column profile:DBProfile.DISK for Table:s3SecretTable
2019-09-19 09:00:05,454 [main] INFO  db.DBStoreBuilder (DBStoreBuilder.java:addTable(110)) - using custom profile for table: prefixTable
2019-09-19 09:00:05,454 [main] INFO  db.DBStoreBuilder (DBStoreBuilder.java:processTables(161)) - Using default column profile:DBProfile.DISK for Table:prefixTable
2019-09-19 09:00:05,454 [main] INFO  db.DBStoreBuilder (DBStoreBuilder.java:addTable(110)) - using custom profile for table: default
2019-09-19 09:00:05,454 [main] INFO  db.DBStoreBuilder (DBStoreBuilder.java:processTables(167)) - Using default column profile:DBProfile.DISK for Table:default
2019-09-19 09:00:05,455 [main] INFO  db.DBStoreBuilder (DBStoreBuilder.java:getDbProfile(198)) - Using default options. DBProfile.DISK
2019-09-19 09:00:05,943 [main] INFO  ipc.CallQueueManager (CallQueueManager.java:<init>(84)) - Using callQueue: class java.util.concurrent.LinkedBlockingQueue, queueCapacity: 2000, scheduler: class org.apache.hadoop.ipc.DefaultRpcScheduler, ipcBackoff: false.
2019-09-19 09:00:05,946 [Socket Reader #1 for port 42924] INFO  ipc.Server (Server.java:run(1074)) - Starting Socket Reader #1 for port 42924
2019-09-19 09:00:05,970 [main] INFO  om.OzoneManager (OzoneManager.java:start(1256)) - OzoneManager RPC server is listening at localhost/127.0.0.1:42924
2019-09-19 09:00:05,971 [main] INFO  impl.MetricsSystemImpl (MetricsSystemImpl.java:init(158)) - OzoneManager metrics system started (again)
2019-09-19 09:00:05,972 [IPC Server Responder] INFO  ipc.Server (Server.java:run(1314)) - IPC Server Responder: starting
2019-09-19 09:00:05,973 [IPC Server listener on 42924] INFO  ipc.Server (Server.java:run(1153)) - IPC Server listener on 42924: starting
2019-09-19 09:00:06,202 [main] INFO  hdfs.DFSUtil (DFSUtil.java:httpServerTemplateForNNAndJN(1641)) - Starting Web-server for ozoneManager at: http://0.0.0.0:0
2019-09-19 09:00:06,207 [main] INFO  server.AuthenticationFilter (AuthenticationFilter.java:constructSecretProvider(240)) - Unable to initialize FileSignerSecretProvider, falling back to use random secrets.
2019-09-19 09:00:06,208 [main] WARN  http.HttpRequestLog (HttpRequestLog.java:getRequestLog(97)) - Jetty request log can only be enabled using Log4j
2019-09-19 09:00:06,213 [main] INFO  http.HttpServer2 (HttpServer2.java:addGlobalFilter(975)) - Added global filter 'safety' (class=org.apache.hadoop.http.HttpServer2$QuotingInputFilter)
2019-09-19 09:00:06,214 [main] INFO  http.HttpServer2 (HttpServer2.java:addFilter(948)) - Added filter static_user_filter (class=org.apache.hadoop.http.lib.StaticUserWebFilter$StaticUserFilter) to context ozoneManager
2019-09-19 09:00:06,215 [main] INFO  http.HttpServer2 (HttpServer2.java:addFilter(958)) - Added filter static_user_filter (class=org.apache.hadoop.http.lib.StaticUserWebFilter$StaticUserFilter) to context static
2019-09-19 09:00:06,215 [main] INFO  http.HttpServer2 (HttpServer2.java:addFilter(958)) - Added filter static_user_filter (class=org.apache.hadoop.http.lib.StaticUserWebFilter$StaticUserFilter) to context logs
2019-09-19 09:00:06,218 [main] INFO  http.HttpServer2 (HttpServer2.java:bindListener(1191)) - Jetty bound to port 35993
2019-09-19 09:00:06,219 [main] INFO  server.Server (Server.java:doStart(351)) - jetty-9.3.24.v20180605, build timestamp: 2018-06-05T17:11:56Z, git hash: 84205aa28f11a4f31f2a3b86d1bba2cc8ab69827
2019-09-19 09:00:06,223 [main] INFO  handler.ContextHandler (ContextHandler.java:doStart(781)) - Started o.e.j.s.ServletContextHandler@73ba6fe6{/logs,file:///workdir/hadoop-ozone/integration-test/target/log,AVAILABLE}
2019-09-19 09:00:06,224 [main] INFO  handler.ContextHandler (ContextHandler.java:doStart(781)) - Started o.e.j.s.ServletContextHandler@1698d7c0{/static,file:///workdir/hadoop-ozone/integration-test/target/test-classes/webapps/static,AVAILABLE}
2019-09-19 09:00:06,231 [main] INFO  handler.ContextHandler (ContextHandler.java:doStart(781)) - Started o.e.j.w.WebAppContext@1f1cae23{/,file:///workdir/hadoop-ozone/integration-test/target/test-classes/webapps/ozoneManager/,AVAILABLE}{/ozoneManager}
2019-09-19 09:00:06,233 [main] INFO  server.AbstractConnector (AbstractConnector.java:doStart(278)) - Started ServerConnector@5b1d5e62{HTTP/1.1,[http/1.1]}{0.0.0.0:35993}
2019-09-19 09:00:06,234 [main] INFO  server.Server (Server.java:doStart(419)) - Started @4921ms
2019-09-19 09:00:06,235 [main] INFO  server.BaseHttpServer (BaseHttpServer.java:updateConnectorAddress(213)) - HTTP server of OZONEMANAGER is listening at http://0.0.0.0:35993
2019-09-19 09:00:06,396 [main] INFO  impl.MetricsSystemImpl (MetricsSystemImpl.java:init(158)) - HddsDatanode metrics system started (again)
2019-09-19 09:00:06,521 [main] INFO  ozone.HddsDatanodeService (HddsDatanodeService.java:start(184)) - HddsDatanodeService host:pr-hdds-1569-j4bt4-3030777008 ip:192.168.34.5
2019-09-19 09:00:06,561 [main] INFO  volume.HddsVolume (HddsVolume.java:<init>(176)) - Creating Volume: /workdir/hadoop-ozone/integration-test/target/test-dir/MiniOzoneClusterImpl-efb0e503-cad1-4dcb-a604-0867af0d3cca/datanode-0/data/containers/hdds of  storage type : DISK and capacity : 1482555576320
2019-09-19 09:00:06,563 [main] INFO  volume.VolumeSet (VolumeSet.java:initializeVolumeSet(170)) - Added Volume : /workdir/hadoop-ozone/integration-test/target/test-dir/MiniOzoneClusterImpl-efb0e503-cad1-4dcb-a604-0867af0d3cca/datanode-0/data/containers/hdds to VolumeSet
2019-09-19 09:00:06,566 [main] INFO  volume.ThrottledAsyncChecker (ThrottledAsyncChecker.java:schedule(140)) - Scheduling a check for org.apache.hadoop.ozone.container.common.volume.HddsVolume@3ac8cf9b
2019-09-19 09:00:06,587 [main] INFO  volume.HddsVolumeChecker (HddsVolumeChecker.java:checkAllVolumes(203)) - Scheduled health check for volume org.apache.hadoop.ozone.container.common.volume.HddsVolume@3ac8cf9b
2019-09-19 09:00:06,699 [main] INFO  impl.RaftServerProxy (ConfUtils.java:logGet(43)) - raft.rpc.type = GRPC (default)
2019-09-19 09:00:06,765 [main] INFO  grpc.GrpcFactory (GrpcFactory.java:checkPooledByteBufAllocatorUseCacheForAllThreads(45)) - PERFORMANCE WARNING: useCacheForAllThreads is true that may cause Netty to create a lot garbage objects and, as a result, trigger GC.
	It is recommended to disable useCacheForAllThreads by setting -Dorg.apache.ratis.thirdparty.io.netty.allocator.useCacheForAllThreads=false in command line.
2019-09-19 09:00:06,770 [main] INFO  grpc.GrpcConfigKeys$Server (ConfUtils.java:logGet(43)) - raft.grpc.server.port = 0 (default)
2019-09-19 09:00:06,773 [main] INFO  server.GrpcService (ConfUtils.java:logGet(43)) - raft.grpc.message.size.max = 33570816 (custom)
2019-09-19 09:00:06,775 [main] INFO  server.RaftServerConfigKeys (ConfUtils.java:logGet(43)) - raft.server.log.appender.buffer.byte-limit = 33554432 (custom)
2019-09-19 09:00:06,775 [main] INFO  server.GrpcService (ConfUtils.java:logGet(43)) - raft.grpc.flow.control.window = 1MB (=1048576) (default)
2019-09-19 09:00:06,776 [main] INFO  server.RaftServerConfigKeys (ConfUtils.java:logGet(43)) - raft.server.rpc.request.timeout = 3000ms (default)
2019-09-19 09:00:06,934 [main] INFO  server.RaftServerConfigKeys (ConfUtils.java:logGet(43)) - raft.server.storage.dir = [/workdir/hadoop-ozone/integration-test/target/test-dir/MiniOzoneClusterImpl-efb0e503-cad1-4dcb-a604-0867af0d3cca/datanode-0/data/ratis] (custom)
2019-09-19 09:00:06,971 [main] INFO  replication.SimpleContainerDownloader (SimpleContainerDownloader.java:<init>(72)) - Starting container downloader service to copy containers to replicate.
2019-09-19 09:00:06,984 [main] INFO  hdfs.DFSUtil (DFSUtil.java:httpServerTemplateForNNAndJN(1641)) - Starting Web-server for hddsDatanode at: http://0.0.0.0:0
2019-09-19 09:00:06,986 [main] INFO  server.AuthenticationFilter (AuthenticationFilter.java:constructSecretProvider(240)) - Unable to initialize FileSignerSecretProvider, falling back to use random secrets.
2019-09-19 09:00:06,987 [main] WARN  http.HttpRequestLog (HttpRequestLog.java:getRequestLog(97)) - Jetty request log can only be enabled using Log4j
2019-09-19 09:00:06,989 [main] INFO  http.HttpServer2 (HttpServer2.java:addGlobalFilter(975)) - Added global filter 'safety' (class=org.apache.hadoop.http.HttpServer2$QuotingInputFilter)
2019-09-19 09:00:06,990 [main] INFO  http.HttpServer2 (HttpServer2.java:addFilter(948)) - Added filter static_user_filter (class=org.apache.hadoop.http.lib.StaticUserWebFilter$StaticUserFilter) to context hddsDatanode
2019-09-19 09:00:06,990 [main] INFO  http.HttpServer2 (HttpServer2.java:addFilter(958)) - Added filter static_user_filter (class=org.apache.hadoop.http.lib.StaticUserWebFilter$StaticUserFilter) to context logs
2019-09-19 09:00:06,991 [main] INFO  http.HttpServer2 (HttpServer2.java:addFilter(958)) - Added filter static_user_filter (class=org.apache.hadoop.http.lib.StaticUserWebFilter$StaticUserFilter) to context static
2019-09-19 09:00:06,992 [main] INFO  http.HttpServer2 (HttpServer2.java:bindListener(1191)) - Jetty bound to port 39766
2019-09-19 09:00:06,992 [main] INFO  server.Server (Server.java:doStart(351)) - jetty-9.3.24.v20180605, build timestamp: 2018-06-05T17:11:56Z, git hash: 84205aa28f11a4f31f2a3b86d1bba2cc8ab69827
2019-09-19 09:00:06,995 [main] INFO  handler.ContextHandler (ContextHandler.java:doStart(781)) - Started o.e.j.s.ServletContextHandler@671d1157{/logs,file:///workdir/hadoop-ozone/integration-test/target/log,AVAILABLE}
2019-09-19 09:00:06,996 [main] INFO  handler.ContextHandler (ContextHandler.java:doStart(781)) - Started o.e.j.s.ServletContextHandler@44cffc25{/static,jar:file:/home/user/.m2/repository/org/apache/hadoop/hadoop-hdds-container-service/0.5.0-SNAPSHOT/hadoop-hdds-container-service-0.5.0-SNAPSHOT.jar!/webapps/static,AVAILABLE}
2019-09-19 09:00:07,038 [main] INFO  handler.ContextHandler (ContextHandler.java:doStart(781)) - Started o.e.j.w.WebAppContext@76ad6715{/,file:///tmp/jetty-0.0.0.0-39766-hddsDatanode-_-any-8511370410579778940.dir/webapp/,AVAILABLE}{/hddsDatanode}
2019-09-19 09:00:07,039 [main] INFO  server.AbstractConnector (AbstractConnector.java:doStart(278)) - Started ServerConnector@56637cff{HTTP/1.1,[http/1.1]}{0.0.0.0:39766}
2019-09-19 09:00:07,040 [main] INFO  server.Server (Server.java:doStart(419)) - Started @5727ms
2019-09-19 09:00:07,042 [main] INFO  server.BaseHttpServer (BaseHttpServer.java:updateConnectorAddress(213)) - HTTP server of HDDSDATANODE is listening at http://0.0.0.0:39766
2019-09-19 09:00:08,163 | INFO  | ObjectStoreRestHttpServer | Listening HDDS REST traffic on /0.0.0.0:44647 |  
2019-09-19 09:00:08,164 [main] INFO  ozone.HddsDatanodeService (HddsDatanodeService.java:startPlugins(395)) - Started plug-in org.apache.hadoop.ozone.web.OzoneHddsDatanodeService@40943a6
2019-09-19 09:00:08,165 [main] INFO  impl.MetricsSystemImpl (MetricsSystemImpl.java:init(158)) - HddsDatanode metrics system started (again)
2019-09-19 09:00:08,168 [main] INFO  ozone.HddsDatanodeService (HddsDatanodeService.java:start(184)) - HddsDatanodeService host:pr-hdds-1569-j4bt4-3030777008 ip:192.168.34.5
2019-09-19 09:00:08,173 [org.apache.hadoop.util.JvmPauseMonitor$Monitor@7d647076] INFO  util.JvmPauseMonitor (JvmPauseMonitor.java:run(188)) - Starting JVM pause monitor
2019-09-19 09:00:08,178 [main] INFO  volume.HddsVolume (HddsVolume.java:<init>(176)) - Creating Volume: /workdir/hadoop-ozone/integration-test/target/test-dir/MiniOzoneClusterImpl-efb0e503-cad1-4dcb-a604-0867af0d3cca/datanode-1/data/containers/hdds of  storage type : DISK and capacity : 1482555576320
2019-09-19 09:00:08,178 [main] INFO  volume.VolumeSet (VolumeSet.java:initializeVolumeSet(170)) - Added Volume : /workdir/hadoop-ozone/integration-test/target/test-dir/MiniOzoneClusterImpl-efb0e503-cad1-4dcb-a604-0867af0d3cca/datanode-1/data/containers/hdds to VolumeSet
2019-09-19 09:00:08,179 [main] INFO  volume.ThrottledAsyncChecker (ThrottledAsyncChecker.java:schedule(140)) - Scheduling a check for org.apache.hadoop.ozone.container.common.volume.HddsVolume@643ba1ed
2019-09-19 09:00:08,180 [main] INFO  volume.HddsVolumeChecker (HddsVolumeChecker.java:checkAllVolumes(203)) - Scheduled health check for volume org.apache.hadoop.ozone.container.common.volume.HddsVolume@643ba1ed
2019-09-19 09:00:08,199 [main] INFO  impl.RaftServerProxy (ConfUtils.java:logGet(43)) - raft.rpc.type = GRPC (default)
2019-09-19 09:00:08,200 [main] INFO  grpc.GrpcFactory (GrpcFactory.java:checkPooledByteBufAllocatorUseCacheForAllThreads(45)) - PERFORMANCE WARNING: useCacheForAllThreads is true that may cause Netty to create a lot garbage objects and, as a result, trigger GC.
	It is recommended to disable useCacheForAllThreads by setting -Dorg.apache.ratis.thirdparty.io.netty.allocator.useCacheForAllThreads=false in command line.
2019-09-19 09:00:08,200 [main] INFO  grpc.GrpcConfigKeys$Server (ConfUtils.java:logGet(43)) - raft.grpc.server.port = 0 (default)
2019-09-19 09:00:08,200 [main] INFO  server.GrpcService (ConfUtils.java:logGet(43)) - raft.grpc.message.size.max = 33570816 (custom)
2019-09-19 09:00:08,200 [main] INFO  server.RaftServerConfigKeys (ConfUtils.java:logGet(43)) - raft.server.log.appender.buffer.byte-limit = 33554432 (custom)
2019-09-19 09:00:08,201 [main] INFO  server.GrpcService (ConfUtils.java:logGet(43)) - raft.grpc.flow.control.window = 1MB (=1048576) (default)
2019-09-19 09:00:08,201 [main] INFO  server.RaftServerConfigKeys (ConfUtils.java:logGet(43)) - raft.server.rpc.request.timeout = 3000ms (default)
2019-09-19 09:00:08,202 [main] INFO  server.RaftServerConfigKeys (ConfUtils.java:logGet(43)) - raft.server.storage.dir = [/workdir/hadoop-ozone/integration-test/target/test-dir/MiniOzoneClusterImpl-efb0e503-cad1-4dcb-a604-0867af0d3cca/datanode-1/data/ratis] (custom)
2019-09-19 09:00:08,202 [main] INFO  replication.SimpleContainerDownloader (SimpleContainerDownloader.java:<init>(72)) - Starting container downloader service to copy containers to replicate.
2019-09-19 09:00:08,204 [main] INFO  hdfs.DFSUtil (DFSUtil.java:httpServerTemplateForNNAndJN(1641)) - Starting Web-server for hddsDatanode at: http://0.0.0.0:0
2019-09-19 09:00:08,206 [main] INFO  server.AuthenticationFilter (AuthenticationFilter.java:constructSecretProvider(240)) - Unable to initialize FileSignerSecretProvider, falling back to use random secrets.
2019-09-19 09:00:08,207 [main] WARN  http.HttpRequestLog (HttpRequestLog.java:getRequestLog(97)) - Jetty request log can only be enabled using Log4j
2019-09-19 09:00:08,210 [main] INFO  http.HttpServer2 (HttpServer2.java:addGlobalFilter(975)) - Added global filter 'safety' (class=org.apache.hadoop.http.HttpServer2$QuotingInputFilter)
2019-09-19 09:00:08,211 [main] INFO  http.HttpServer2 (HttpServer2.java:addFilter(948)) - Added filter static_user_filter (class=org.apache.hadoop.http.lib.StaticUserWebFilter$StaticUserFilter) to context hddsDatanode
2019-09-19 09:00:08,212 [main] INFO  http.HttpServer2 (HttpServer2.java:addFilter(958)) - Added filter static_user_filter (class=org.apache.hadoop.http.lib.StaticUserWebFilter$StaticUserFilter) to context static
2019-09-19 09:00:08,212 [main] INFO  http.HttpServer2 (HttpServer2.java:addFilter(958)) - Added filter static_user_filter (class=org.apache.hadoop.http.lib.StaticUserWebFilter$StaticUserFilter) to context logs
2019-09-19 09:00:08,213 [main] INFO  http.HttpServer2 (HttpServer2.java:bindListener(1191)) - Jetty bound to port 36999
2019-09-19 09:00:08,213 [main] INFO  server.Server (Server.java:doStart(351)) - jetty-9.3.24.v20180605, build timestamp: 2018-06-05T17:11:56Z, git hash: 84205aa28f11a4f31f2a3b86d1bba2cc8ab69827
2019-09-19 09:00:08,217 [main] INFO  handler.ContextHandler (ContextHandler.java:doStart(781)) - Started o.e.j.s.ServletContextHandler@22ead351{/logs,file:///workdir/hadoop-ozone/integration-test/target/log,AVAILABLE}
2019-09-19 09:00:08,218 [main] INFO  handler.ContextHandler (ContextHandler.java:doStart(781)) - Started o.e.j.s.ServletContextHandler@43d65a81{/static,jar:file:/home/user/.m2/repository/org/apache/hadoop/hadoop-hdds-container-service/0.5.0-SNAPSHOT/hadoop-hdds-container-service-0.5.0-SNAPSHOT.jar!/webapps/static,AVAILABLE}
2019-09-19 09:00:08,274 [main] INFO  handler.ContextHandler (ContextHandler.java:doStart(781)) - Started o.e.j.w.WebAppContext@1f536481{/,file:///tmp/jetty-0.0.0.0-36999-hddsDatanode-_-any-5414206429241001604.dir/webapp/,AVAILABLE}{/hddsDatanode}
2019-09-19 09:00:08,276 [main] INFO  server.AbstractConnector (AbstractConnector.java:doStart(278)) - Started ServerConnector@5234b61a{HTTP/1.1,[http/1.1]}{0.0.0.0:36999}
2019-09-19 09:00:08,277 [main] INFO  server.Server (Server.java:doStart(419)) - Started @6965ms
2019-09-19 09:00:08,279 [main] INFO  server.BaseHttpServer (BaseHttpServer.java:updateConnectorAddress(213)) - HTTP server of HDDSDATANODE is listening at http://0.0.0.0:36999
2019-09-19 09:00:08,296 [Datanode State Machine Thread - 0] INFO  datanode.InitDatanodeState (InitDatanodeState.java:persistContainerDatanodeDetails(140)) - DatanodeDetails is persisted to /workdir/hadoop-ozone/integration-test/target/test-dir/MiniOzoneClusterImpl-efb0e503-cad1-4dcb-a604-0867af0d3cca/datanode-0/meta/datanode.id
2019-09-19 09:00:08,424 | INFO  | ObjectStoreRestHttpServer | Listening HDDS REST traffic on /0.0.0.0:45867 |  
2019-09-19 09:00:08,424 [main] INFO  ozone.HddsDatanodeService (HddsDatanodeService.java:startPlugins(395)) - Started plug-in org.apache.hadoop.ozone.web.OzoneHddsDatanodeService@501957bf
2019-09-19 09:00:08,424 [main] INFO  impl.MetricsSystemImpl (MetricsSystemImpl.java:init(158)) - HddsDatanode metrics system started (again)
2019-09-19 09:00:08,427 [main] INFO  ozone.HddsDatanodeService (HddsDatanodeService.java:start(184)) - HddsDatanodeService host:pr-hdds-1569-j4bt4-3030777008 ip:192.168.34.5
2019-09-19 09:00:08,428 [org.apache.hadoop.util.JvmPauseMonitor$Monitor@6fa58af] INFO  util.JvmPauseMonitor (JvmPauseMonitor.java:run(188)) - Starting JVM pause monitor
2019-09-19 09:00:08,437 [main] INFO  volume.HddsVolume (HddsVolume.java:<init>(176)) - Creating Volume: /workdir/hadoop-ozone/integration-test/target/test-dir/MiniOzoneClusterImpl-efb0e503-cad1-4dcb-a604-0867af0d3cca/datanode-2/data/containers/hdds of  storage type : DISK and capacity : 1482555576320
2019-09-19 09:00:08,437 [main] INFO  volume.VolumeSet (VolumeSet.java:initializeVolumeSet(170)) - Added Volume : /workdir/hadoop-ozone/integration-test/target/test-dir/MiniOzoneClusterImpl-efb0e503-cad1-4dcb-a604-0867af0d3cca/datanode-2/data/containers/hdds to VolumeSet
2019-09-19 09:00:08,437 [main] INFO  volume.ThrottledAsyncChecker (ThrottledAsyncChecker.java:schedule(140)) - Scheduling a check for org.apache.hadoop.ozone.container.common.volume.HddsVolume@18dcb8a7
2019-09-19 09:00:08,438 [Datanode State Machine Thread - 0] INFO  datanode.InitDatanodeState (InitDatanodeState.java:persistContainerDatanodeDetails(140)) - DatanodeDetails is persisted to /workdir/hadoop-ozone/integration-test/target/test-dir/MiniOzoneClusterImpl-efb0e503-cad1-4dcb-a604-0867af0d3cca/datanode-1/meta/datanode.id
2019-09-19 09:00:08,438 [main] INFO  volume.HddsVolumeChecker (HddsVolumeChecker.java:checkAllVolumes(203)) - Scheduled health check for volume org.apache.hadoop.ozone.container.common.volume.HddsVolume@18dcb8a7
2019-09-19 09:00:08,454 [main] INFO  impl.RaftServerProxy (ConfUtils.java:logGet(43)) - raft.rpc.type = GRPC (default)
2019-09-19 09:00:08,454 [main] INFO  grpc.GrpcFactory (GrpcFactory.java:checkPooledByteBufAllocatorUseCacheForAllThreads(45)) - PERFORMANCE WARNING: useCacheForAllThreads is true that may cause Netty to create a lot garbage objects and, as a result, trigger GC.
	It is recommended to disable useCacheForAllThreads by setting -Dorg.apache.ratis.thirdparty.io.netty.allocator.useCacheForAllThreads=false in command line.
2019-09-19 09:00:08,454 [main] INFO  grpc.GrpcConfigKeys$Server (ConfUtils.java:logGet(43)) - raft.grpc.server.port = 0 (default)
2019-09-19 09:00:08,455 [main] INFO  server.GrpcService (ConfUtils.java:logGet(43)) - raft.grpc.message.size.max = 33570816 (custom)
2019-09-19 09:00:08,455 [main] INFO  server.RaftServerConfigKeys (ConfUtils.java:logGet(43)) - raft.server.log.appender.buffer.byte-limit = 33554432 (custom)
2019-09-19 09:00:08,455 [main] INFO  server.GrpcService (ConfUtils.java:logGet(43)) - raft.grpc.flow.control.window = 1MB (=1048576) (default)
2019-09-19 09:00:08,455 [main] INFO  server.RaftServerConfigKeys (ConfUtils.java:logGet(43)) - raft.server.rpc.request.timeout = 3000ms (default)
2019-09-19 09:00:08,456 [main] INFO  server.RaftServerConfigKeys (ConfUtils.java:logGet(43)) - raft.server.storage.dir = [/workdir/hadoop-ozone/integration-test/target/test-dir/MiniOzoneClusterImpl-efb0e503-cad1-4dcb-a604-0867af0d3cca/datanode-2/data/ratis] (custom)
2019-09-19 09:00:08,456 [main] INFO  replication.SimpleContainerDownloader (SimpleContainerDownloader.java:<init>(72)) - Starting container downloader service to copy containers to replicate.
2019-09-19 09:00:08,458 [main] INFO  hdfs.DFSUtil (DFSUtil.java:httpServerTemplateForNNAndJN(1641)) - Starting Web-server for hddsDatanode at: http://0.0.0.0:0
2019-09-19 09:00:08,459 [main] INFO  server.AuthenticationFilter (AuthenticationFilter.java:constructSecretProvider(240)) - Unable to initialize FileSignerSecretProvider, falling back to use random secrets.
2019-09-19 09:00:08,459 [main] WARN  http.HttpRequestLog (HttpRequestLog.java:getRequestLog(97)) - Jetty request log can only be enabled using Log4j
2019-09-19 09:00:08,461 [main] INFO  http.HttpServer2 (HttpServer2.java:addGlobalFilter(975)) - Added global filter 'safety' (class=org.apache.hadoop.http.HttpServer2$QuotingInputFilter)
2019-09-19 09:00:08,461 [main] INFO  http.HttpServer2 (HttpServer2.java:addFilter(948)) - Added filter static_user_filter (class=org.apache.hadoop.http.lib.StaticUserWebFilter$StaticUserFilter) to context hddsDatanode
2019-09-19 09:00:08,461 [main] INFO  http.HttpServer2 (HttpServer2.java:addFilter(958)) - Added filter static_user_filter (class=org.apache.hadoop.http.lib.StaticUserWebFilter$StaticUserFilter) to context static
2019-09-19 09:00:08,461 [main] INFO  http.HttpServer2 (HttpServer2.java:addFilter(958)) - Added filter static_user_filter (class=org.apache.hadoop.http.lib.StaticUserWebFilter$StaticUserFilter) to context logs
2019-09-19 09:00:08,462 [main] INFO  http.HttpServer2 (HttpServer2.java:bindListener(1191)) - Jetty bound to port 40062
2019-09-19 09:00:08,462 [main] INFO  server.Server (Server.java:doStart(351)) - jetty-9.3.24.v20180605, build timestamp: 2018-06-05T17:11:56Z, git hash: 84205aa28f11a4f31f2a3b86d1bba2cc8ab69827
2019-09-19 09:00:08,464 [main] INFO  handler.ContextHandler (ContextHandler.java:doStart(781)) - Started o.e.j.s.ServletContextHandler@251c8145{/logs,file:///workdir/hadoop-ozone/integration-test/target/log,AVAILABLE}
2019-09-19 09:00:08,464 [main] INFO  handler.ContextHandler (ContextHandler.java:doStart(781)) - Started o.e.j.s.ServletContextHandler@7abeabe9{/static,jar:file:/home/user/.m2/repository/org/apache/hadoop/hadoop-hdds-container-service/0.5.0-SNAPSHOT/hadoop-hdds-container-service-0.5.0-SNAPSHOT.jar!/webapps/static,AVAILABLE}
2019-09-19 09:00:08,495 [main] INFO  handler.ContextHandler (ContextHandler.java:doStart(781)) - Started o.e.j.w.WebAppContext@291a4791{/,file:///tmp/jetty-0.0.0.0-40062-hddsDatanode-_-any-1696139608952181211.dir/webapp/,AVAILABLE}{/hddsDatanode}
2019-09-19 09:00:08,497 [main] INFO  server.AbstractConnector (AbstractConnector.java:doStart(278)) - Started ServerConnector@5b1e88f{HTTP/1.1,[http/1.1]}{0.0.0.0:40062}
2019-09-19 09:00:08,500 [main] INFO  server.Server (Server.java:doStart(419)) - Started @7187ms
2019-09-19 09:00:08,501 [main] INFO  server.BaseHttpServer (BaseHttpServer.java:updateConnectorAddress(213)) - HTTP server of HDDSDATANODE is listening at http://0.0.0.0:40062
2019-09-19 09:00:08,678 | INFO  | ObjectStoreRestHttpServer | Listening HDDS REST traffic on /0.0.0.0:45539 |  
2019-09-19 09:00:08,678 [main] INFO  ozone.HddsDatanodeService (HddsDatanodeService.java:startPlugins(395)) - Started plug-in org.apache.hadoop.ozone.web.OzoneHddsDatanodeService@70881123
2019-09-19 09:00:08,679 [main] INFO  impl.MetricsSystemImpl (MetricsSystemImpl.java:init(158)) - HddsDatanode metrics system started (again)
2019-09-19 09:00:08,682 [main] INFO  ozone.HddsDatanodeService (HddsDatanodeService.java:start(184)) - HddsDatanodeService host:pr-hdds-1569-j4bt4-3030777008 ip:192.168.34.5
2019-09-19 09:00:08,682 [org.apache.hadoop.util.JvmPauseMonitor$Monitor@8d30b0e] INFO  util.JvmPauseMonitor (JvmPauseMonitor.java:run(188)) - Starting JVM pause monitor
2019-09-19 09:00:08,684 [Datanode State Machine Thread - 0] INFO  datanode.InitDatanodeState (InitDatanodeState.java:persistContainerDatanodeDetails(140)) - DatanodeDetails is persisted to /workdir/hadoop-ozone/integration-test/target/test-dir/MiniOzoneClusterImpl-efb0e503-cad1-4dcb-a604-0867af0d3cca/datanode-2/meta/datanode.id
2019-09-19 09:00:08,689 [main] INFO  volume.HddsVolume (HddsVolume.java:<init>(176)) - Creating Volume: /workdir/hadoop-ozone/integration-test/target/test-dir/MiniOzoneClusterImpl-efb0e503-cad1-4dcb-a604-0867af0d3cca/datanode-3/data/containers/hdds of  storage type : DISK and capacity : 1482555576320
2019-09-19 09:00:08,690 [main] INFO  volume.VolumeSet (VolumeSet.java:initializeVolumeSet(170)) - Added Volume : /workdir/hadoop-ozone/integration-test/target/test-dir/MiniOzoneClusterImpl-efb0e503-cad1-4dcb-a604-0867af0d3cca/datanode-3/data/containers/hdds to VolumeSet
2019-09-19 09:00:08,690 [main] INFO  volume.ThrottledAsyncChecker (ThrottledAsyncChecker.java:schedule(140)) - Scheduling a check for org.apache.hadoop.ozone.container.common.volume.HddsVolume@5111de7c
2019-09-19 09:00:08,690 [main] INFO  volume.HddsVolumeChecker (HddsVolumeChecker.java:checkAllVolumes(203)) - Scheduled health check for volume org.apache.hadoop.ozone.container.common.volume.HddsVolume@5111de7c
2019-09-19 09:00:08,705 [main] INFO  impl.RaftServerProxy (ConfUtils.java:logGet(43)) - raft.rpc.type = GRPC (default)
2019-09-19 09:00:08,705 [main] INFO  grpc.GrpcFactory (GrpcFactory.java:checkPooledByteBufAllocatorUseCacheForAllThreads(45)) - PERFORMANCE WARNING: useCacheForAllThreads is true that may cause Netty to create a lot garbage objects and, as a result, trigger GC.
	It is recommended to disable useCacheForAllThreads by setting -Dorg.apache.ratis.thirdparty.io.netty.allocator.useCacheForAllThreads=false in command line.
2019-09-19 09:00:08,705 [main] INFO  grpc.GrpcConfigKeys$Server (ConfUtils.java:logGet(43)) - raft.grpc.server.port = 0 (default)
2019-09-19 09:00:08,706 [main] INFO  server.GrpcService (ConfUtils.java:logGet(43)) - raft.grpc.message.size.max = 33570816 (custom)
2019-09-19 09:00:08,706 [main] INFO  server.RaftServerConfigKeys (ConfUtils.java:logGet(43)) - raft.server.log.appender.buffer.byte-limit = 33554432 (custom)
2019-09-19 09:00:08,706 [main] INFO  server.GrpcService (ConfUtils.java:logGet(43)) - raft.grpc.flow.control.window = 1MB (=1048576) (default)
2019-09-19 09:00:08,706 [main] INFO  server.RaftServerConfigKeys (ConfUtils.java:logGet(43)) - raft.server.rpc.request.timeout = 3000ms (default)
2019-09-19 09:00:08,707 [main] INFO  server.RaftServerConfigKeys (ConfUtils.java:logGet(43)) - raft.server.storage.dir = [/workdir/hadoop-ozone/integration-test/target/test-dir/MiniOzoneClusterImpl-efb0e503-cad1-4dcb-a604-0867af0d3cca/datanode-3/data/ratis] (custom)
2019-09-19 09:00:08,707 [main] INFO  replication.SimpleContainerDownloader (SimpleContainerDownloader.java:<init>(72)) - Starting container downloader service to copy containers to replicate.
2019-09-19 09:00:08,709 [main] INFO  hdfs.DFSUtil (DFSUtil.java:httpServerTemplateForNNAndJN(1641)) - Starting Web-server for hddsDatanode at: http://0.0.0.0:0
2019-09-19 09:00:08,711 [main] INFO  server.AuthenticationFilter (AuthenticationFilter.java:constructSecretProvider(240)) - Unable to initialize FileSignerSecretProvider, falling back to use random secrets.
2019-09-19 09:00:08,711 [main] WARN  http.HttpRequestLog (HttpRequestLog.java:getRequestLog(97)) - Jetty request log can only be enabled using Log4j
2019-09-19 09:00:08,714 [main] INFO  http.HttpServer2 (HttpServer2.java:addGlobalFilter(975)) - Added global filter 'safety' (class=org.apache.hadoop.http.HttpServer2$QuotingInputFilter)
2019-09-19 09:00:08,715 [main] INFO  http.HttpServer2 (HttpServer2.java:addFilter(948)) - Added filter static_user_filter (class=org.apache.hadoop.http.lib.StaticUserWebFilter$StaticUserFilter) to context hddsDatanode
2019-09-19 09:00:08,715 [main] INFO  http.HttpServer2 (HttpServer2.java:addFilter(958)) - Added filter static_user_filter (class=org.apache.hadoop.http.lib.StaticUserWebFilter$StaticUserFilter) to context static
2019-09-19 09:00:08,716 [main] INFO  http.HttpServer2 (HttpServer2.java:addFilter(958)) - Added filter static_user_filter (class=org.apache.hadoop.http.lib.StaticUserWebFilter$StaticUserFilter) to context logs
2019-09-19 09:00:08,717 [main] INFO  http.HttpServer2 (HttpServer2.java:bindListener(1191)) - Jetty bound to port 36076
2019-09-19 09:00:08,717 [main] INFO  server.Server (Server.java:doStart(351)) - jetty-9.3.24.v20180605, build timestamp: 2018-06-05T17:11:56Z, git hash: 84205aa28f11a4f31f2a3b86d1bba2cc8ab69827
2019-09-19 09:00:08,722 [main] INFO  handler.ContextHandler (ContextHandler.java:doStart(781)) - Started o.e.j.s.ServletContextHandler@2b6fb197{/logs,file:///workdir/hadoop-ozone/integration-test/target/log,AVAILABLE}
2019-09-19 09:00:08,723 [main] INFO  handler.ContextHandler (ContextHandler.java:doStart(781)) - Started o.e.j.s.ServletContextHandler@5a2ae1ab{/static,jar:file:/home/user/.m2/repository/org/apache/hadoop/hadoop-hdds-container-service/0.5.0-SNAPSHOT/hadoop-hdds-container-service-0.5.0-SNAPSHOT.jar!/webapps/static,AVAILABLE}
2019-09-19 09:00:08,766 [main] INFO  handler.ContextHandler (ContextHandler.java:doStart(781)) - Started o.e.j.w.WebAppContext@6889f56f{/,file:///tmp/jetty-0.0.0.0-36076-hddsDatanode-_-any-1322789589219130555.dir/webapp/,AVAILABLE}{/hddsDatanode}
2019-09-19 09:00:08,769 [main] INFO  server.AbstractConnector (AbstractConnector.java:doStart(278)) - Started ServerConnector@231b35fb{HTTP/1.1,[http/1.1]}{0.0.0.0:36076}
2019-09-19 09:00:08,770 [main] INFO  server.Server (Server.java:doStart(419)) - Started @7457ms
2019-09-19 09:00:08,771 [main] INFO  server.BaseHttpServer (BaseHttpServer.java:updateConnectorAddress(213)) - HTTP server of HDDSDATANODE is listening at http://0.0.0.0:36076
2019-09-19 09:00:08,926 | INFO  | ObjectStoreRestHttpServer | Listening HDDS REST traffic on /0.0.0.0:35924 |  
2019-09-19 09:00:08,926 [main] INFO  ozone.HddsDatanodeService (HddsDatanodeService.java:startPlugins(395)) - Started plug-in org.apache.hadoop.ozone.web.OzoneHddsDatanodeService@22a4ca4a
2019-09-19 09:00:08,927 [main] INFO  impl.MetricsSystemImpl (MetricsSystemImpl.java:init(158)) - HddsDatanode metrics system started (again)
2019-09-19 09:00:08,931 [main] INFO  ozone.HddsDatanodeService (HddsDatanodeService.java:start(184)) - HddsDatanodeService host:pr-hdds-1569-j4bt4-3030777008 ip:192.168.34.5
2019-09-19 09:00:08,931 [org.apache.hadoop.util.JvmPauseMonitor$Monitor@34120263] INFO  util.JvmPauseMonitor (JvmPauseMonitor.java:run(188)) - Starting JVM pause monitor
2019-09-19 09:00:08,933 [Datanode State Machine Thread - 0] INFO  datanode.InitDatanodeState (InitDatanodeState.java:persistContainerDatanodeDetails(140)) - DatanodeDetails is persisted to /workdir/hadoop-ozone/integration-test/target/test-dir/MiniOzoneClusterImpl-efb0e503-cad1-4dcb-a604-0867af0d3cca/datanode-3/meta/datanode.id
2019-09-19 09:00:08,940 [main] INFO  volume.HddsVolume (HddsVolume.java:<init>(176)) - Creating Volume: /workdir/hadoop-ozone/integration-test/target/test-dir/MiniOzoneClusterImpl-efb0e503-cad1-4dcb-a604-0867af0d3cca/datanode-4/data/containers/hdds of  storage type : DISK and capacity : 1482555576320
2019-09-19 09:00:08,940 [main] INFO  volume.VolumeSet (VolumeSet.java:initializeVolumeSet(170)) - Added Volume : /workdir/hadoop-ozone/integration-test/target/test-dir/MiniOzoneClusterImpl-efb0e503-cad1-4dcb-a604-0867af0d3cca/datanode-4/data/containers/hdds to VolumeSet
2019-09-19 09:00:08,940 [main] INFO  volume.ThrottledAsyncChecker (ThrottledAsyncChecker.java:schedule(140)) - Scheduling a check for org.apache.hadoop.ozone.container.common.volume.HddsVolume@5175d9ad
2019-09-19 09:00:08,941 [main] INFO  volume.HddsVolumeChecker (HddsVolumeChecker.java:checkAllVolumes(203)) - Scheduled health check for volume org.apache.hadoop.ozone.container.common.volume.HddsVolume@5175d9ad
2019-09-19 09:00:08,955 [main] INFO  impl.RaftServerProxy (ConfUtils.java:logGet(43)) - raft.rpc.type = GRPC (default)
2019-09-19 09:00:08,955 [main] INFO  grpc.GrpcFactory (GrpcFactory.java:checkPooledByteBufAllocatorUseCacheForAllThreads(45)) - PERFORMANCE WARNING: useCacheForAllThreads is true that may cause Netty to create a lot garbage objects and, as a result, trigger GC.
	It is recommended to disable useCacheForAllThreads by setting -Dorg.apache.ratis.thirdparty.io.netty.allocator.useCacheForAllThreads=false in command line.
2019-09-19 09:00:08,955 [main] INFO  grpc.GrpcConfigKeys$Server (ConfUtils.java:logGet(43)) - raft.grpc.server.port = 0 (default)
2019-09-19 09:00:08,956 [main] INFO  server.GrpcService (ConfUtils.java:logGet(43)) - raft.grpc.message.size.max = 33570816 (custom)
2019-09-19 09:00:08,956 [main] INFO  server.RaftServerConfigKeys (ConfUtils.java:logGet(43)) - raft.server.log.appender.buffer.byte-limit = 33554432 (custom)
2019-09-19 09:00:08,956 [main] INFO  server.GrpcService (ConfUtils.java:logGet(43)) - raft.grpc.flow.control.window = 1MB (=1048576) (default)
2019-09-19 09:00:08,956 [main] INFO  server.RaftServerConfigKeys (ConfUtils.java:logGet(43)) - raft.server.rpc.request.timeout = 3000ms (default)
2019-09-19 09:00:08,957 [main] INFO  server.RaftServerConfigKeys (ConfUtils.java:logGet(43)) - raft.server.storage.dir = [/workdir/hadoop-ozone/integration-test/target/test-dir/MiniOzoneClusterImpl-efb0e503-cad1-4dcb-a604-0867af0d3cca/datanode-4/data/ratis] (custom)
2019-09-19 09:00:08,958 [main] INFO  replication.SimpleContainerDownloader (SimpleContainerDownloader.java:<init>(72)) - Starting container downloader service to copy containers to replicate.
2019-09-19 09:00:08,959 [main] INFO  hdfs.DFSUtil (DFSUtil.java:httpServerTemplateForNNAndJN(1641)) - Starting Web-server for hddsDatanode at: http://0.0.0.0:0
2019-09-19 09:00:08,961 [main] INFO  server.AuthenticationFilter (AuthenticationFilter.java:constructSecretProvider(240)) - Unable to initialize FileSignerSecretProvider, falling back to use random secrets.
2019-09-19 09:00:08,962 [main] WARN  http.HttpRequestLog (HttpRequestLog.java:getRequestLog(97)) - Jetty request log can only be enabled using Log4j
2019-09-19 09:00:08,964 [main] INFO  http.HttpServer2 (HttpServer2.java:addGlobalFilter(975)) - Added global filter 'safety' (class=org.apache.hadoop.http.HttpServer2$QuotingInputFilter)
2019-09-19 09:00:08,966 [main] INFO  http.HttpServer2 (HttpServer2.java:addFilter(948)) - Added filter static_user_filter (class=org.apache.hadoop.http.lib.StaticUserWebFilter$StaticUserFilter) to context hddsDatanode
2019-09-19 09:00:08,966 [main] INFO  http.HttpServer2 (HttpServer2.java:addFilter(958)) - Added filter static_user_filter (class=org.apache.hadoop.http.lib.StaticUserWebFilter$StaticUserFilter) to context static
2019-09-19 09:00:08,966 [main] INFO  http.HttpServer2 (HttpServer2.java:addFilter(958)) - Added filter static_user_filter (class=org.apache.hadoop.http.lib.StaticUserWebFilter$StaticUserFilter) to context logs
2019-09-19 09:00:08,967 [main] INFO  http.HttpServer2 (HttpServer2.java:bindListener(1191)) - Jetty bound to port 39458
2019-09-19 09:00:08,968 [main] INFO  server.Server (Server.java:doStart(351)) - jetty-9.3.24.v20180605, build timestamp: 2018-06-05T17:11:56Z, git hash: 84205aa28f11a4f31f2a3b86d1bba2cc8ab69827
2019-09-19 09:00:08,971 [main] INFO  handler.ContextHandler (ContextHandler.java:doStart(781)) - Started o.e.j.s.ServletContextHandler@1c7f9861{/logs,file:///workdir/hadoop-ozone/integration-test/target/log,AVAILABLE}
2019-09-19 09:00:08,972 [main] INFO  handler.ContextHandler (ContextHandler.java:doStart(781)) - Started o.e.j.s.ServletContextHandler@154b8cb6{/static,jar:file:/home/user/.m2/repository/org/apache/hadoop/hadoop-hdds-container-service/0.5.0-SNAPSHOT/hadoop-hdds-container-service-0.5.0-SNAPSHOT.jar!/webapps/static,AVAILABLE}
2019-09-19 09:00:09,012 [main] INFO  handler.ContextHandler (ContextHandler.java:doStart(781)) - Started o.e.j.w.WebAppContext@2d237460{/,file:///tmp/jetty-0.0.0.0-39458-hddsDatanode-_-any-2208157931298749502.dir/webapp/,AVAILABLE}{/hddsDatanode}
2019-09-19 09:00:09,012 [main] INFO  server.AbstractConnector (AbstractConnector.java:doStart(278)) - Started ServerConnector@48f2054d{HTTP/1.1,[http/1.1]}{0.0.0.0:39458}
2019-09-19 09:00:09,013 [main] INFO  server.Server (Server.java:doStart(419)) - Started @7701ms
2019-09-19 09:00:09,014 [main] INFO  server.BaseHttpServer (BaseHttpServer.java:updateConnectorAddress(213)) - HTTP server of HDDSDATANODE is listening at http://0.0.0.0:39458
2019-09-19 09:00:09,164 | INFO  | ObjectStoreRestHttpServer | Listening HDDS REST traffic on /0.0.0.0:39134 |  
2019-09-19 09:00:09,164 [main] INFO  ozone.HddsDatanodeService (HddsDatanodeService.java:startPlugins(395)) - Started plug-in org.apache.hadoop.ozone.web.OzoneHddsDatanodeService@514377fc
2019-09-19 09:00:09,165 [main] INFO  impl.MetricsSystemImpl (MetricsSystemImpl.java:init(158)) - HddsDatanode metrics system started (again)
2019-09-19 09:00:09,170 [main] INFO  ozone.HddsDatanodeService (HddsDatanodeService.java:start(184)) - HddsDatanodeService host:pr-hdds-1569-j4bt4-3030777008 ip:192.168.34.5
2019-09-19 09:00:09,171 [org.apache.hadoop.util.JvmPauseMonitor$Monitor@43f73b62] INFO  util.JvmPauseMonitor (JvmPauseMonitor.java:run(188)) - Starting JVM pause monitor
2019-09-19 09:00:09,174 [Datanode State Machine Thread - 0] INFO  datanode.InitDatanodeState (InitDatanodeState.java:persistContainerDatanodeDetails(140)) - DatanodeDetails is persisted to /workdir/hadoop-ozone/integration-test/target/test-dir/MiniOzoneClusterImpl-efb0e503-cad1-4dcb-a604-0867af0d3cca/datanode-4/meta/datanode.id
2019-09-19 09:00:09,180 [main] INFO  volume.HddsVolume (HddsVolume.java:<init>(176)) - Creating Volume: /workdir/hadoop-ozone/integration-test/target/test-dir/MiniOzoneClusterImpl-efb0e503-cad1-4dcb-a604-0867af0d3cca/datanode-5/data/containers/hdds of  storage type : DISK and capacity : 1482555576320
2019-09-19 09:00:09,181 [main] INFO  volume.VolumeSet (VolumeSet.java:initializeVolumeSet(170)) - Added Volume : /workdir/hadoop-ozone/integration-test/target/test-dir/MiniOzoneClusterImpl-efb0e503-cad1-4dcb-a604-0867af0d3cca/datanode-5/data/containers/hdds to VolumeSet
2019-09-19 09:00:09,181 [main] INFO  volume.ThrottledAsyncChecker (ThrottledAsyncChecker.java:schedule(140)) - Scheduling a check for org.apache.hadoop.ozone.container.common.volume.HddsVolume@59b492ec
2019-09-19 09:00:09,182 [main] INFO  volume.HddsVolumeChecker (HddsVolumeChecker.java:checkAllVolumes(203)) - Scheduled health check for volume org.apache.hadoop.ozone.container.common.volume.HddsVolume@59b492ec
2019-09-19 09:00:09,197 [main] INFO  impl.RaftServerProxy (ConfUtils.java:logGet(43)) - raft.rpc.type = GRPC (default)
2019-09-19 09:00:09,197 [main] INFO  grpc.GrpcFactory (GrpcFactory.java:checkPooledByteBufAllocatorUseCacheForAllThreads(45)) - PERFORMANCE WARNING: useCacheForAllThreads is true that may cause Netty to create a lot garbage objects and, as a result, trigger GC.
	It is recommended to disable useCacheForAllThreads by setting -Dorg.apache.ratis.thirdparty.io.netty.allocator.useCacheForAllThreads=false in command line.
2019-09-19 09:00:09,197 [main] INFO  grpc.GrpcConfigKeys$Server (ConfUtils.java:logGet(43)) - raft.grpc.server.port = 0 (default)
2019-09-19 09:00:09,198 [main] INFO  server.GrpcService (ConfUtils.java:logGet(43)) - raft.grpc.message.size.max = 33570816 (custom)
2019-09-19 09:00:09,198 [main] INFO  server.RaftServerConfigKeys (ConfUtils.java:logGet(43)) - raft.server.log.appender.buffer.byte-limit = 33554432 (custom)
2019-09-19 09:00:09,198 [main] INFO  server.GrpcService (ConfUtils.java:logGet(43)) - raft.grpc.flow.control.window = 1MB (=1048576) (default)
2019-09-19 09:00:09,198 [main] INFO  server.RaftServerConfigKeys (ConfUtils.java:logGet(43)) - raft.server.rpc.request.timeout = 3000ms (default)
2019-09-19 09:00:09,199 [main] INFO  server.RaftServerConfigKeys (ConfUtils.java:logGet(43)) - raft.server.storage.dir = [/workdir/hadoop-ozone/integration-test/target/test-dir/MiniOzoneClusterImpl-efb0e503-cad1-4dcb-a604-0867af0d3cca/datanode-5/data/ratis] (custom)
2019-09-19 09:00:09,199 [main] INFO  replication.SimpleContainerDownloader (SimpleContainerDownloader.java:<init>(72)) - Starting container downloader service to copy containers to replicate.
2019-09-19 09:00:09,201 [main] INFO  hdfs.DFSUtil (DFSUtil.java:httpServerTemplateForNNAndJN(1641)) - Starting Web-server for hddsDatanode at: http://0.0.0.0:0
2019-09-19 09:00:09,202 [main] INFO  server.AuthenticationFilter (AuthenticationFilter.java:constructSecretProvider(240)) - Unable to initialize FileSignerSecretProvider, falling back to use random secrets.
2019-09-19 09:00:09,202 [main] WARN  http.HttpRequestLog (HttpRequestLog.java:getRequestLog(97)) - Jetty request log can only be enabled using Log4j
2019-09-19 09:00:09,204 [main] INFO  http.HttpServer2 (HttpServer2.java:addGlobalFilter(975)) - Added global filter 'safety' (class=org.apache.hadoop.http.HttpServer2$QuotingInputFilter)
2019-09-19 09:00:09,205 [main] INFO  http.HttpServer2 (HttpServer2.java:addFilter(948)) - Added filter static_user_filter (class=org.apache.hadoop.http.lib.StaticUserWebFilter$StaticUserFilter) to context hddsDatanode
2019-09-19 09:00:09,205 [main] INFO  http.HttpServer2 (HttpServer2.java:addFilter(958)) - Added filter static_user_filter (class=org.apache.hadoop.http.lib.StaticUserWebFilter$StaticUserFilter) to context logs
2019-09-19 09:00:09,205 [main] INFO  http.HttpServer2 (HttpServer2.java:addFilter(958)) - Added filter static_user_filter (class=org.apache.hadoop.http.lib.StaticUserWebFilter$StaticUserFilter) to context static
2019-09-19 09:00:09,206 [main] INFO  http.HttpServer2 (HttpServer2.java:bindListener(1191)) - Jetty bound to port 45395
2019-09-19 09:00:09,206 [main] INFO  server.Server (Server.java:doStart(351)) - jetty-9.3.24.v20180605, build timestamp: 2018-06-05T17:11:56Z, git hash: 84205aa28f11a4f31f2a3b86d1bba2cc8ab69827
2019-09-19 09:00:09,249 [main] INFO  handler.ContextHandler (ContextHandler.java:doStart(781)) - Started o.e.j.s.ServletContextHandler@62e73ab6{/logs,file:///workdir/hadoop-ozone/integration-test/target/log,AVAILABLE}
2019-09-19 09:00:09,250 [main] INFO  handler.ContextHandler (ContextHandler.java:doStart(781)) - Started o.e.j.s.ServletContextHandler@29bd85db{/static,jar:file:/home/user/.m2/repository/org/apache/hadoop/hadoop-hdds-container-service/0.5.0-SNAPSHOT/hadoop-hdds-container-service-0.5.0-SNAPSHOT.jar!/webapps/static,AVAILABLE}
2019-09-19 09:00:09,307 [main] INFO  handler.ContextHandler (ContextHandler.java:doStart(781)) - Started o.e.j.w.WebAppContext@661e1399{/,file:///tmp/jetty-0.0.0.0-45395-hddsDatanode-_-any-2721071380039720463.dir/webapp/,AVAILABLE}{/hddsDatanode}
2019-09-19 09:00:09,307 [main] INFO  server.AbstractConnector (AbstractConnector.java:doStart(278)) - Started ServerConnector@3ffd4b12{HTTP/1.1,[http/1.1]}{0.0.0.0:45395}
2019-09-19 09:00:09,309 [main] INFO  server.Server (Server.java:doStart(419)) - Started @7996ms
2019-09-19 09:00:09,310 [main] INFO  server.BaseHttpServer (BaseHttpServer.java:updateConnectorAddress(213)) - HTTP server of HDDSDATANODE is listening at http://0.0.0.0:45395
2019-09-19 09:00:09,494 | INFO  | ObjectStoreRestHttpServer | Listening HDDS REST traffic on /0.0.0.0:37907 |  
2019-09-19 09:00:09,495 [main] INFO  ozone.HddsDatanodeService (HddsDatanodeService.java:startPlugins(395)) - Started plug-in org.apache.hadoop.ozone.web.OzoneHddsDatanodeService@1753475d
2019-09-19 09:00:09,495 [main] INFO  impl.MetricsSystemImpl (MetricsSystemImpl.java:init(158)) - HddsDatanode metrics system started (again)
2019-09-19 09:00:09,499 [main] INFO  ozone.HddsDatanodeService (HddsDatanodeService.java:start(184)) - HddsDatanodeService host:pr-hdds-1569-j4bt4-3030777008 ip:192.168.34.5
2019-09-19 09:00:09,499 [org.apache.hadoop.util.JvmPauseMonitor$Monitor@603d6b79] INFO  util.JvmPauseMonitor (JvmPauseMonitor.java:run(188)) - Starting JVM pause monitor
2019-09-19 09:00:09,502 [Datanode State Machine Thread - 0] INFO  datanode.InitDatanodeState (InitDatanodeState.java:persistContainerDatanodeDetails(140)) - DatanodeDetails is persisted to /workdir/hadoop-ozone/integration-test/target/test-dir/MiniOzoneClusterImpl-efb0e503-cad1-4dcb-a604-0867af0d3cca/datanode-5/meta/datanode.id
2019-09-19 09:00:09,507 [main] INFO  volume.HddsVolume (HddsVolume.java:<init>(176)) - Creating Volume: /workdir/hadoop-ozone/integration-test/target/test-dir/MiniOzoneClusterImpl-efb0e503-cad1-4dcb-a604-0867af0d3cca/datanode-6/data/containers/hdds of  storage type : DISK and capacity : 1482555576320
2019-09-19 09:00:09,508 [main] INFO  volume.VolumeSet (VolumeSet.java:initializeVolumeSet(170)) - Added Volume : /workdir/hadoop-ozone/integration-test/target/test-dir/MiniOzoneClusterImpl-efb0e503-cad1-4dcb-a604-0867af0d3cca/datanode-6/data/containers/hdds to VolumeSet
2019-09-19 09:00:09,508 [main] INFO  volume.ThrottledAsyncChecker (ThrottledAsyncChecker.java:schedule(140)) - Scheduling a check for org.apache.hadoop.ozone.container.common.volume.HddsVolume@62735b13
2019-09-19 09:00:09,508 [main] INFO  volume.HddsVolumeChecker (HddsVolumeChecker.java:checkAllVolumes(203)) - Scheduled health check for volume org.apache.hadoop.ozone.container.common.volume.HddsVolume@62735b13
2019-09-19 09:00:09,522 [main] INFO  impl.RaftServerProxy (ConfUtils.java:logGet(43)) - raft.rpc.type = GRPC (default)
2019-09-19 09:00:09,522 [main] INFO  grpc.GrpcFactory (GrpcFactory.java:checkPooledByteBufAllocatorUseCacheForAllThreads(45)) - PERFORMANCE WARNING: useCacheForAllThreads is true that may cause Netty to create a lot garbage objects and, as a result, trigger GC.
	It is recommended to disable useCacheForAllThreads by setting -Dorg.apache.ratis.thirdparty.io.netty.allocator.useCacheForAllThreads=false in command line.
2019-09-19 09:00:09,522 [main] INFO  grpc.GrpcConfigKeys$Server (ConfUtils.java:logGet(43)) - raft.grpc.server.port = 0 (default)
2019-09-19 09:00:09,523 [main] INFO  server.GrpcService (ConfUtils.java:logGet(43)) - raft.grpc.message.size.max = 33570816 (custom)
2019-09-19 09:00:09,523 [main] INFO  server.RaftServerConfigKeys (ConfUtils.java:logGet(43)) - raft.server.log.appender.buffer.byte-limit = 33554432 (custom)
2019-09-19 09:00:09,523 [main] INFO  server.GrpcService (ConfUtils.java:logGet(43)) - raft.grpc.flow.control.window = 1MB (=1048576) (default)
2019-09-19 09:00:09,523 [main] INFO  server.RaftServerConfigKeys (ConfUtils.java:logGet(43)) - raft.server.rpc.request.timeout = 3000ms (default)
2019-09-19 09:00:09,524 [main] INFO  server.RaftServerConfigKeys (ConfUtils.java:logGet(43)) - raft.server.storage.dir = [/workdir/hadoop-ozone/integration-test/target/test-dir/MiniOzoneClusterImpl-efb0e503-cad1-4dcb-a604-0867af0d3cca/datanode-6/data/ratis] (custom)
2019-09-19 09:00:09,524 [main] INFO  replication.SimpleContainerDownloader (SimpleContainerDownloader.java:<init>(72)) - Starting container downloader service to copy containers to replicate.
2019-09-19 09:00:09,525 [main] INFO  hdfs.DFSUtil (DFSUtil.java:httpServerTemplateForNNAndJN(1641)) - Starting Web-server for hddsDatanode at: http://0.0.0.0:0
2019-09-19 09:00:09,526 [main] INFO  server.AuthenticationFilter (AuthenticationFilter.java:constructSecretProvider(240)) - Unable to initialize FileSignerSecretProvider, falling back to use random secrets.
2019-09-19 09:00:09,527 [main] WARN  http.HttpRequestLog (HttpRequestLog.java:getRequestLog(97)) - Jetty request log can only be enabled using Log4j
2019-09-19 09:00:09,528 [main] INFO  http.HttpServer2 (HttpServer2.java:addGlobalFilter(975)) - Added global filter 'safety' (class=org.apache.hadoop.http.HttpServer2$QuotingInputFilter)
2019-09-19 09:00:09,529 [main] INFO  http.HttpServer2 (HttpServer2.java:addFilter(948)) - Added filter static_user_filter (class=org.apache.hadoop.http.lib.StaticUserWebFilter$StaticUserFilter) to context hddsDatanode
2019-09-19 09:00:09,529 [main] INFO  http.HttpServer2 (HttpServer2.java:addFilter(958)) - Added filter static_user_filter (class=org.apache.hadoop.http.lib.StaticUserWebFilter$StaticUserFilter) to context static
2019-09-19 09:00:09,529 [main] INFO  http.HttpServer2 (HttpServer2.java:addFilter(958)) - Added filter static_user_filter (class=org.apache.hadoop.http.lib.StaticUserWebFilter$StaticUserFilter) to context logs
2019-09-19 09:00:09,530 [main] INFO  http.HttpServer2 (HttpServer2.java:bindListener(1191)) - Jetty bound to port 42989
2019-09-19 09:00:09,530 [main] INFO  server.Server (Server.java:doStart(351)) - jetty-9.3.24.v20180605, build timestamp: 2018-06-05T17:11:56Z, git hash: 84205aa28f11a4f31f2a3b86d1bba2cc8ab69827
2019-09-19 09:00:09,531 [main] INFO  handler.ContextHandler (ContextHandler.java:doStart(781)) - Started o.e.j.s.ServletContextHandler@1c6e3ff9{/logs,file:///workdir/hadoop-ozone/integration-test/target/log,AVAILABLE}
2019-09-19 09:00:09,532 [main] INFO  handler.ContextHandler (ContextHandler.java:doStart(781)) - Started o.e.j.s.ServletContextHandler@184afb78{/static,jar:file:/home/user/.m2/repository/org/apache/hadoop/hadoop-hdds-container-service/0.5.0-SNAPSHOT/hadoop-hdds-container-service-0.5.0-SNAPSHOT.jar!/webapps/static,AVAILABLE}
2019-09-19 09:00:09,560 [main] INFO  handler.ContextHandler (ContextHandler.java:doStart(781)) - Started o.e.j.w.WebAppContext@6775c0d1{/,file:///tmp/jetty-0.0.0.0-42989-hddsDatanode-_-any-2820688181482169387.dir/webapp/,AVAILABLE}{/hddsDatanode}
2019-09-19 09:00:09,560 [main] INFO  server.AbstractConnector (AbstractConnector.java:doStart(278)) - Started ServerConnector@38f617f4{HTTP/1.1,[http/1.1]}{0.0.0.0:42989}
2019-09-19 09:00:09,561 [main] INFO  server.Server (Server.java:doStart(419)) - Started @8249ms
2019-09-19 09:00:09,562 [main] INFO  server.BaseHttpServer (BaseHttpServer.java:updateConnectorAddress(213)) - HTTP server of HDDSDATANODE is listening at http://0.0.0.0:42989
2019-09-19 09:00:09,687 | INFO  | ObjectStoreRestHttpServer | Listening HDDS REST traffic on /0.0.0.0:35957 |  
2019-09-19 09:00:09,687 [main] INFO  ozone.HddsDatanodeService (HddsDatanodeService.java:startPlugins(395)) - Started plug-in org.apache.hadoop.ozone.web.OzoneHddsDatanodeService@14b95942
2019-09-19 09:00:09,691 [main] INFO  ozone.MiniOzoneClusterImpl (MiniOzoneClusterImpl.java:lambda$waitForClusterToBeReady$0(142)) - Waiting for cluster to be ready. Got 0 of 7 DN Heartbeats.
2019-09-19 09:00:09,691 [org.apache.hadoop.util.JvmPauseMonitor$Monitor@1da6fb9a] INFO  util.JvmPauseMonitor (JvmPauseMonitor.java:run(188)) - Starting JVM pause monitor
2019-09-19 09:00:09,693 [Datanode State Machine Thread - 0] INFO  datanode.InitDatanodeState (InitDatanodeState.java:persistContainerDatanodeDetails(140)) - DatanodeDetails is persisted to /workdir/hadoop-ozone/integration-test/target/test-dir/MiniOzoneClusterImpl-efb0e503-cad1-4dcb-a604-0867af0d3cca/datanode-6/meta/datanode.id
2019-09-19 09:00:10,208 | INFO  | SCMAudit | user=jenkins1000 | ip=192.168.34.5 | op=GET_VERSION null | ret=SUCCESS |  
2019-09-19 09:00:10,257 [Datanode State Machine Thread - 0] INFO  ozoneimpl.OzoneContainer (OzoneContainer.java:start(186)) - Attempting to start container services.
2019-09-19 09:00:10,259 [Datanode State Machine Thread - 0] INFO  ozoneimpl.OzoneContainer (OzoneContainer.java:startContainerScrub(160)) - Background container scrubber has been disabled by hdds.containerscrub.enabled
2019-09-19 09:00:10,260 [Datanode State Machine Thread - 0] INFO  ratis.XceiverServerRatis (XceiverServerRatis.java:start(404)) - Starting XceiverServerRatis 9ec9b7eb-9269-4de4-b0e5-15ac19151471 at port 0
2019-09-19 09:00:10,283 [Datanode State Machine Thread - 0] INFO  impl.RaftServerProxy (RaftServerProxy.java:lambda$start$3(299)) - 9ec9b7eb-9269-4de4-b0e5-15ac19151471: start RPC server
2019-09-19 09:00:10,419 [Datanode State Machine Thread - 0] INFO  server.GrpcService (GrpcService.java:startImpl(149)) - 9ec9b7eb-9269-4de4-b0e5-15ac19151471: GrpcService started, listening on 0.0.0.0/0.0.0.0:41076
2019-09-19 09:00:10,420 [Datanode State Machine Thread - 0] INFO  ratis.XceiverServerRatis (XceiverServerRatis.java:start(414)) - XceiverServerRatis 9ec9b7eb-9269-4de4-b0e5-15ac19151471 is started using port 41076
2019-09-19 09:00:10,423 [Datanode State Machine Thread - 0] INFO  server.XceiverServerGrpc (XceiverServerGrpc.java:start(163)) - XceiverServerGrpc 9ec9b7eb-9269-4de4-b0e5-15ac19151471 is started using port 41525
2019-09-19 09:00:10,430 | INFO  | SCMAudit | user=jenkins1000 | ip=192.168.34.5 | op=GET_VERSION null | ret=SUCCESS |  
2019-09-19 09:00:10,445 [Datanode State Machine Thread - 0] INFO  ozoneimpl.OzoneContainer (OzoneContainer.java:start(186)) - Attempting to start container services.
2019-09-19 09:00:10,448 [Datanode State Machine Thread - 0] INFO  ozoneimpl.OzoneContainer (OzoneContainer.java:startContainerScrub(160)) - Background container scrubber has been disabled by hdds.containerscrub.enabled
2019-09-19 09:00:10,448 [Datanode State Machine Thread - 0] INFO  ratis.XceiverServerRatis (XceiverServerRatis.java:start(404)) - Starting XceiverServerRatis 2b82d6a8-341a-4a13-8451-80c547e9561a at port 0
2019-09-19 09:00:10,457 [Datanode State Machine Thread - 0] INFO  impl.RaftServerProxy (RaftServerProxy.java:lambda$start$3(299)) - 2b82d6a8-341a-4a13-8451-80c547e9561a: start RPC server
2019-09-19 09:00:10,461 [Datanode State Machine Thread - 0] INFO  server.GrpcService (GrpcService.java:startImpl(149)) - 2b82d6a8-341a-4a13-8451-80c547e9561a: GrpcService started, listening on 0.0.0.0/0.0.0.0:34627
2019-09-19 09:00:10,461 [Datanode State Machine Thread - 0] INFO  ratis.XceiverServerRatis (XceiverServerRatis.java:start(414)) - XceiverServerRatis 2b82d6a8-341a-4a13-8451-80c547e9561a is started using port 34627
2019-09-19 09:00:10,464 [Datanode State Machine Thread - 0] INFO  server.XceiverServerGrpc (XceiverServerGrpc.java:start(163)) - XceiverServerGrpc 2b82d6a8-341a-4a13-8451-80c547e9561a is started using port 38923
2019-09-19 09:00:10,685 | INFO  | SCMAudit | user=jenkins1000 | ip=192.168.34.5 | op=GET_VERSION null | ret=SUCCESS |  
2019-09-19 09:00:10,691 [main] INFO  ozone.MiniOzoneClusterImpl (MiniOzoneClusterImpl.java:lambda$waitForClusterToBeReady$0(142)) - Waiting for cluster to be ready. Got 0 of 7 DN Heartbeats.
2019-09-19 09:00:10,700 [Datanode State Machine Thread - 0] INFO  ozoneimpl.OzoneContainer (OzoneContainer.java:start(186)) - Attempting to start container services.
2019-09-19 09:00:10,705 [Datanode State Machine Thread - 0] INFO  ozoneimpl.OzoneContainer (OzoneContainer.java:startContainerScrub(160)) - Background container scrubber has been disabled by hdds.containerscrub.enabled
2019-09-19 09:00:10,705 [Datanode State Machine Thread - 0] INFO  ratis.XceiverServerRatis (XceiverServerRatis.java:start(404)) - Starting XceiverServerRatis cf0fb8b8-922c-4d9e-8ced-919bfd64db77 at port 0
2019-09-19 09:00:10,713 [Datanode State Machine Thread - 0] INFO  impl.RaftServerProxy (RaftServerProxy.java:lambda$start$3(299)) - cf0fb8b8-922c-4d9e-8ced-919bfd64db77: start RPC server
2019-09-19 09:00:10,716 [Datanode State Machine Thread - 0] INFO  server.GrpcService (GrpcService.java:startImpl(149)) - cf0fb8b8-922c-4d9e-8ced-919bfd64db77: GrpcService started, listening on 0.0.0.0/0.0.0.0:43255
2019-09-19 09:00:10,717 [Datanode State Machine Thread - 0] INFO  ratis.XceiverServerRatis (XceiverServerRatis.java:start(414)) - XceiverServerRatis cf0fb8b8-922c-4d9e-8ced-919bfd64db77 is started using port 43255
2019-09-19 09:00:10,720 [Datanode State Machine Thread - 0] INFO  server.XceiverServerGrpc (XceiverServerGrpc.java:start(163)) - XceiverServerGrpc cf0fb8b8-922c-4d9e-8ced-919bfd64db77 is started using port 38001
2019-09-19 09:00:10,934 | INFO  | SCMAudit | user=jenkins1000 | ip=192.168.34.5 | op=GET_VERSION null | ret=SUCCESS |  
2019-09-19 09:00:10,948 [Datanode State Machine Thread - 0] INFO  ozoneimpl.OzoneContainer (OzoneContainer.java:start(186)) - Attempting to start container services.
2019-09-19 09:00:10,949 [Datanode State Machine Thread - 0] INFO  ozoneimpl.OzoneContainer (OzoneContainer.java:startContainerScrub(160)) - Background container scrubber has been disabled by hdds.containerscrub.enabled
2019-09-19 09:00:10,949 [Datanode State Machine Thread - 0] INFO  ratis.XceiverServerRatis (XceiverServerRatis.java:start(404)) - Starting XceiverServerRatis 188fabf1-fb11-41c2-a0ed-ee400af44df4 at port 0
2019-09-19 09:00:10,957 [Datanode State Machine Thread - 0] INFO  impl.RaftServerProxy (RaftServerProxy.java:lambda$start$3(299)) - 188fabf1-fb11-41c2-a0ed-ee400af44df4: start RPC server
2019-09-19 09:00:10,961 [Datanode State Machine Thread - 0] INFO  server.GrpcService (GrpcService.java:startImpl(149)) - 188fabf1-fb11-41c2-a0ed-ee400af44df4: GrpcService started, listening on 0.0.0.0/0.0.0.0:35829
2019-09-19 09:00:10,961 [Datanode State Machine Thread - 0] INFO  ratis.XceiverServerRatis (XceiverServerRatis.java:start(414)) - XceiverServerRatis 188fabf1-fb11-41c2-a0ed-ee400af44df4 is started using port 35829
2019-09-19 09:00:10,964 [Datanode State Machine Thread - 0] INFO  server.XceiverServerGrpc (XceiverServerGrpc.java:start(163)) - XceiverServerGrpc 188fabf1-fb11-41c2-a0ed-ee400af44df4 is started using port 41237
2019-09-19 09:00:11,174 | INFO  | SCMAudit | user=jenkins1000 | ip=192.168.34.5 | op=GET_VERSION null | ret=SUCCESS |  
2019-09-19 09:00:11,189 [Datanode State Machine Thread - 0] INFO  ozoneimpl.OzoneContainer (OzoneContainer.java:start(186)) - Attempting to start container services.
2019-09-19 09:00:11,189 [Datanode State Machine Thread - 0] INFO  ozoneimpl.OzoneContainer (OzoneContainer.java:startContainerScrub(160)) - Background container scrubber has been disabled by hdds.containerscrub.enabled
2019-09-19 09:00:11,189 [Datanode State Machine Thread - 0] INFO  ratis.XceiverServerRatis (XceiverServerRatis.java:start(404)) - Starting XceiverServerRatis 21f2978a-2ca5-4a16-a721-5bddc1a70383 at port 0
2019-09-19 09:00:11,204 [Datanode State Machine Thread - 0] INFO  impl.RaftServerProxy (RaftServerProxy.java:lambda$start$3(299)) - 21f2978a-2ca5-4a16-a721-5bddc1a70383: start RPC server
2019-09-19 09:00:11,210 [Datanode State Machine Thread - 0] INFO  server.GrpcService (GrpcService.java:startImpl(149)) - 21f2978a-2ca5-4a16-a721-5bddc1a70383: GrpcService started, listening on 0.0.0.0/0.0.0.0:38423
2019-09-19 09:00:11,210 [Datanode State Machine Thread - 0] INFO  ratis.XceiverServerRatis (XceiverServerRatis.java:start(414)) - XceiverServerRatis 21f2978a-2ca5-4a16-a721-5bddc1a70383 is started using port 38423
2019-09-19 09:00:11,212 [Datanode State Machine Thread - 0] INFO  server.XceiverServerGrpc (XceiverServerGrpc.java:start(163)) - XceiverServerGrpc 21f2978a-2ca5-4a16-a721-5bddc1a70383 is started using port 39803
2019-09-19 09:00:11,502 | INFO  | SCMAudit | user=jenkins1000 | ip=192.168.34.5 | op=GET_VERSION null | ret=SUCCESS |  
2019-09-19 09:00:11,516 [Datanode State Machine Thread - 0] INFO  ozoneimpl.OzoneContainer (OzoneContainer.java:start(186)) - Attempting to start container services.
2019-09-19 09:00:11,517 [Datanode State Machine Thread - 0] INFO  ozoneimpl.OzoneContainer (OzoneContainer.java:startContainerScrub(160)) - Background container scrubber has been disabled by hdds.containerscrub.enabled
2019-09-19 09:00:11,517 [Datanode State Machine Thread - 0] INFO  ratis.XceiverServerRatis (XceiverServerRatis.java:start(404)) - Starting XceiverServerRatis 5794d84d-2349-4704-a7d7-6735dfcfc341 at port 0
2019-09-19 09:00:11,521 [Datanode State Machine Thread - 0] INFO  impl.RaftServerProxy (RaftServerProxy.java:lambda$start$3(299)) - 5794d84d-2349-4704-a7d7-6735dfcfc341: start RPC server
2019-09-19 09:00:11,529 [Datanode State Machine Thread - 0] INFO  server.GrpcService (GrpcService.java:startImpl(149)) - 5794d84d-2349-4704-a7d7-6735dfcfc341: GrpcService started, listening on 0.0.0.0/0.0.0.0:35329
2019-09-19 09:00:11,529 [Datanode State Machine Thread - 0] INFO  ratis.XceiverServerRatis (XceiverServerRatis.java:start(414)) - XceiverServerRatis 5794d84d-2349-4704-a7d7-6735dfcfc341 is started using port 35329
2019-09-19 09:00:11,533 [Datanode State Machine Thread - 0] INFO  server.XceiverServerGrpc (XceiverServerGrpc.java:start(163)) - XceiverServerGrpc 5794d84d-2349-4704-a7d7-6735dfcfc341 is started using port 42770
2019-09-19 09:00:11,694 [main] INFO  ozone.MiniOzoneClusterImpl (MiniOzoneClusterImpl.java:lambda$waitForClusterToBeReady$0(142)) - Waiting for cluster to be ready. Got 0 of 7 DN Heartbeats.
2019-09-19 09:00:11,695 | INFO  | SCMAudit | user=jenkins1000 | ip=192.168.34.5 | op=GET_VERSION null | ret=SUCCESS |  
2019-09-19 09:00:11,709 [Datanode State Machine Thread - 0] INFO  ozoneimpl.OzoneContainer (OzoneContainer.java:start(186)) - Attempting to start container services.
2019-09-19 09:00:11,709 [Datanode State Machine Thread - 0] INFO  ozoneimpl.OzoneContainer (OzoneContainer.java:startContainerScrub(160)) - Background container scrubber has been disabled by hdds.containerscrub.enabled
2019-09-19 09:00:11,710 [Datanode State Machine Thread - 0] INFO  ratis.XceiverServerRatis (XceiverServerRatis.java:start(404)) - Starting XceiverServerRatis 0dab3cb5-21ad-4f3e-9c90-05507adcbb62 at port 0
2019-09-19 09:00:11,717 [Datanode State Machine Thread - 0] INFO  impl.RaftServerProxy (RaftServerProxy.java:lambda$start$3(299)) - 0dab3cb5-21ad-4f3e-9c90-05507adcbb62: start RPC server
2019-09-19 09:00:11,722 [Datanode State Machine Thread - 0] INFO  server.GrpcService (GrpcService.java:startImpl(149)) - 0dab3cb5-21ad-4f3e-9c90-05507adcbb62: GrpcService started, listening on 0.0.0.0/0.0.0.0:45934
2019-09-19 09:00:11,722 [Datanode State Machine Thread - 0] INFO  ratis.XceiverServerRatis (XceiverServerRatis.java:start(414)) - XceiverServerRatis 0dab3cb5-21ad-4f3e-9c90-05507adcbb62 is started using port 45934
2019-09-19 09:00:11,727 [Datanode State Machine Thread - 0] INFO  server.XceiverServerGrpc (XceiverServerGrpc.java:start(163)) - XceiverServerGrpc 0dab3cb5-21ad-4f3e-9c90-05507adcbb62 is started using port 45857
2019-09-19 09:00:12,220 [IPC Server handler 4 on 36964] INFO  net.NetworkTopology (NetworkTopologyImpl.java:add(110)) - Added a new node: /default-rack/9ec9b7eb-9269-4de4-b0e5-15ac19151471
2019-09-19 09:00:12,220 [IPC Server handler 4 on 36964] INFO  node.SCMNodeManager (SCMNodeManager.java:register(273)) - Registered Data node : 9ec9b7eb-9269-4de4-b0e5-15ac19151471{ip: 192.168.34.5, host: pr-hdds-1569-j4bt4-3030777008, networkLocation: /default-rack, certSerialId: null}
2019-09-19 09:00:12,226 [EventQueue-NodeRegistrationContainerReportForDataNodeSafeModeRule] INFO  safemode.SCMSafeModeManager (DataNodeSafeModeRule.java:process(71)) - SCM in safe mode. 1 DataNodes registered, 1 required.
2019-09-19 09:00:12,226 [EventQueue-NodeRegistrationContainerReportForDataNodeSafeModeRule] INFO  safemode.SCMSafeModeManager (SCMSafeModeManager.java:validateSafeModeExitRules(177)) - ScmSafeModeManager, all rules are successfully validated
2019-09-19 09:00:12,226 [EventQueue-NodeRegistrationContainerReportForDataNodeSafeModeRule] INFO  safemode.SCMSafeModeManager (SCMSafeModeManager.java:exitSafeMode(193)) - SCM exiting safe mode.
2019-09-19 09:00:12,238 | INFO  | SCMAudit | user=jenkins1000 | ip=192.168.34.5 | op=REGISTER {datanodeDetails=9ec9b7eb-9269-4de4-b0e5-15ac19151471{ip: 192.168.34.5, host: pr-hdds-1569-j4bt4-3030777008, networkLocation: /default-rack, certSerialId: null}} | ret=SUCCESS |  
2019-09-19 09:00:12,432 [IPC Server handler 2 on 36964] INFO  net.NetworkTopology (NetworkTopologyImpl.java:add(110)) - Added a new node: /default-rack/2b82d6a8-341a-4a13-8451-80c547e9561a
2019-09-19 09:00:12,432 [IPC Server handler 2 on 36964] INFO  node.SCMNodeManager (SCMNodeManager.java:register(273)) - Registered Data node : 2b82d6a8-341a-4a13-8451-80c547e9561a{ip: 192.168.34.5, host: pr-hdds-1569-j4bt4-3030777008, networkLocation: /default-rack, certSerialId: null}
2019-09-19 09:00:12,433 | INFO  | SCMAudit | user=jenkins1000 | ip=192.168.34.5 | op=REGISTER {datanodeDetails=2b82d6a8-341a-4a13-8451-80c547e9561a{ip: 192.168.34.5, host: pr-hdds-1569-j4bt4-3030777008, networkLocation: /default-rack, certSerialId: null}} | ret=SUCCESS |  
2019-09-19 09:00:13,093 [main] INFO  ozone.MiniOzoneClusterImpl (MiniOzoneClusterImpl.java:lambda$waitForClusterToBeReady$0(142)) - Waiting for cluster to be ready. Got 2 of 7 DN Heartbeats.
2019-09-19 09:00:13,120 [IPC Server handler 3 on 36964] INFO  net.NetworkTopology (NetworkTopologyImpl.java:add(110)) - Added a new node: /default-rack/cf0fb8b8-922c-4d9e-8ced-919bfd64db77
2019-09-19 09:00:13,120 [IPC Server handler 4 on 36964] INFO  net.NetworkTopology (NetworkTopologyImpl.java:add(110)) - Added a new node: /default-rack/188fabf1-fb11-41c2-a0ed-ee400af44df4
2019-09-19 09:00:13,120 [IPC Server handler 3 on 36964] INFO  node.SCMNodeManager (SCMNodeManager.java:register(273)) - Registered Data node : cf0fb8b8-922c-4d9e-8ced-919bfd64db77{ip: 192.168.34.5, host: pr-hdds-1569-j4bt4-3030777008, networkLocation: /default-rack, certSerialId: null}
2019-09-19 09:00:13,120 [IPC Server handler 4 on 36964] INFO  node.SCMNodeManager (SCMNodeManager.java:register(273)) - Registered Data node : 188fabf1-fb11-41c2-a0ed-ee400af44df4{ip: 192.168.34.5, host: pr-hdds-1569-j4bt4-3030777008, networkLocation: /default-rack, certSerialId: null}
2019-09-19 09:00:13,121 | INFO  | SCMAudit | user=jenkins1000 | ip=192.168.34.5 | op=REGISTER {datanodeDetails=cf0fb8b8-922c-4d9e-8ced-919bfd64db77{ip: 192.168.34.5, host: pr-hdds-1569-j4bt4-3030777008, networkLocation: /default-rack, certSerialId: null}} | ret=SUCCESS |  
2019-09-19 09:00:13,121 | INFO  | SCMAudit | user=jenkins1000 | ip=192.168.34.5 | op=REGISTER {datanodeDetails=188fabf1-fb11-41c2-a0ed-ee400af44df4{ip: 192.168.34.5, host: pr-hdds-1569-j4bt4-3030777008, networkLocation: /default-rack, certSerialId: null}} | ret=SUCCESS |  
2019-09-19 09:00:13,176 [IPC Server handler 5 on 36964] INFO  net.NetworkTopology (NetworkTopologyImpl.java:add(110)) - Added a new node: /default-rack/21f2978a-2ca5-4a16-a721-5bddc1a70383
2019-09-19 09:00:13,177 [IPC Server handler 5 on 36964] INFO  node.SCMNodeManager (SCMNodeManager.java:register(273)) - Registered Data node : 21f2978a-2ca5-4a16-a721-5bddc1a70383{ip: 192.168.34.5, host: pr-hdds-1569-j4bt4-3030777008, networkLocation: /default-rack, certSerialId: null}
2019-09-19 09:00:13,177 | INFO  | SCMAudit | user=jenkins1000 | ip=192.168.34.5 | op=REGISTER {datanodeDetails=21f2978a-2ca5-4a16-a721-5bddc1a70383{ip: 192.168.34.5, host: pr-hdds-1569-j4bt4-3030777008, networkLocation: /default-rack, certSerialId: null}} | ret=SUCCESS |  
2019-09-19 09:00:13,295 [grpc-default-executor-0] INFO  impl.RaftServerProxy (RaftServerProxy.java:addNew(89)) - 9ec9b7eb-9269-4de4-b0e5-15ac19151471: addNew group-334515934BFD:[9ec9b7eb-9269-4de4-b0e5-15ac19151471:192.168.34.5:41076] returns group-334515934BFD:java.util.concurrent.CompletableFuture@7467fa77[Not completed]
2019-09-19 09:00:13,317 [pool-27-thread-1] INFO  impl.RaftServerImpl (RaftServerImpl.java:<init>(93)) - 9ec9b7eb-9269-4de4-b0e5-15ac19151471: new RaftServerImpl for group-334515934BFD:[9ec9b7eb-9269-4de4-b0e5-15ac19151471:192.168.34.5:41076] with ContainerStateMachine:uninitialized
2019-09-19 09:00:13,319 [pool-27-thread-1] INFO  server.RaftServerConfigKeys (ConfUtils.java:logGet(43)) - raft.server.rpc.timeout.min = 5s (custom)
2019-09-19 09:00:13,321 [pool-27-thread-1] INFO  server.RaftServerConfigKeys (ConfUtils.java:logGet(43)) - raft.server.rpc.timeout.max = 5200ms (custom)
2019-09-19 09:00:13,321 [pool-27-thread-1] INFO  server.RaftServerConfigKeys (ConfUtils.java:logGet(43)) - raft.server.rpcslowness.timeout = 120s (custom)
2019-09-19 09:00:13,322 [pool-27-thread-1] INFO  server.RaftServerConfigKeys (ConfUtils.java:logGet(43)) - raft.server.sleep.deviation.threshold = 300 (default)
2019-09-19 09:00:13,323 [pool-27-thread-1] INFO  server.RaftServerConfigKeys (ConfUtils.java:logGet(43)) - raft.server.log.appender.install.snapshot.enabled = false (custom)
2019-09-19 09:00:13,333 [pool-27-thread-1] INFO  impl.RaftServerImpl (ServerState.java:<init>(105)) - 9ec9b7eb-9269-4de4-b0e5-15ac19151471:group-334515934BFD ConfigurationManager, init=-1: [9ec9b7eb-9269-4de4-b0e5-15ac19151471:192.168.34.5:41076], old=null, confs=<EMPTY_MAP>
2019-09-19 09:00:13,333 [pool-27-thread-1] INFO  server.RaftServerConfigKeys (ConfUtils.java:logGet(43)) - raft.server.storage.dir = [/workdir/hadoop-ozone/integration-test/target/test-dir/MiniOzoneClusterImpl-efb0e503-cad1-4dcb-a604-0867af0d3cca/datanode-0/data/ratis] (custom)
2019-09-19 09:00:13,342 [pool-27-thread-1] INFO  storage.RaftStorageDirectory (RaftStorageDirectory.java:analyzeStorage(246)) - The storage directory /workdir/hadoop-ozone/integration-test/target/test-dir/MiniOzoneClusterImpl-efb0e503-cad1-4dcb-a604-0867af0d3cca/datanode-0/data/ratis/18a0436a-23eb-4862-8bb9-334515934bfd does not exist. Creating ...
2019-09-19 09:00:13,360 [pool-27-thread-1] INFO  storage.RaftStorageDirectory (RaftStorageDirectory.java:tryLock(328)) - Lock on /workdir/hadoop-ozone/integration-test/target/test-dir/MiniOzoneClusterImpl-efb0e503-cad1-4dcb-a604-0867af0d3cca/datanode-0/data/ratis/18a0436a-23eb-4862-8bb9-334515934bfd/in_use.lock acquired by nodename 12225@pr-hdds-1569-j4bt4-3030777008
2019-09-19 09:00:13,371 [pool-27-thread-1] INFO  storage.RaftStorage (RaftStorage.java:format(72)) - Storage directory /workdir/hadoop-ozone/integration-test/target/test-dir/MiniOzoneClusterImpl-efb0e503-cad1-4dcb-a604-0867af0d3cca/datanode-0/data/ratis/18a0436a-23eb-4862-8bb9-334515934bfd has been successfully formatted.
2019-09-19 09:00:13,373 [pool-27-thread-1] INFO  ratis.ContainerStateMachine (ContainerStateMachine.java:loadSnapshot(226)) - group-334515934BFD: The snapshot info is null. Setting the last applied indexto:(t:0, i:~)
2019-09-19 09:00:13,374 [pool-27-thread-1] INFO  server.RaftServerConfigKeys (ConfUtils.java:logGet(43)) - raft.server.leader.election.timeout = 120s (custom)
2019-09-19 09:00:13,376 [pool-27-thread-1] INFO  server.RaftServerConfigKeys (ConfUtils.java:logGet(43)) - raft.server.log.use.memory = false (default)
2019-09-19 09:00:13,381 [pool-27-thread-1] INFO  server.RaftServerConfigKeys (ConfUtils.java:logGet(43)) - raft.server.log.purge.gap = 1000000 (custom)
2019-09-19 09:00:13,381 [pool-27-thread-1] INFO  server.RaftServerConfigKeys (ConfUtils.java:logGet(43)) - raft.server.log.appender.buffer.byte-limit = 33554432 (custom)
2019-09-19 09:00:13,383 [pool-27-thread-1] INFO  server.RaftServerConfigKeys (ConfUtils.java:logGet(43)) - raft.server.log.segment.size.max = 1048576 (custom)
2019-09-19 09:00:13,387 [pool-27-thread-1] INFO  server.RaftServerConfigKeys (ConfUtils.java:logGet(43)) - raft.server.log.segment.cache.num.max = 2 (custom)
2019-09-19 09:00:13,392 [pool-27-thread-1] INFO  segmented.SegmentedRaftLogWorker (SegmentedRaftLogWorker.java:<init>(172)) - new 9ec9b7eb-9269-4de4-b0e5-15ac19151471-SegmentedRaftLogWorker:Storage Directory /workdir/hadoop-ozone/integration-test/target/test-dir/MiniOzoneClusterImpl-efb0e503-cad1-4dcb-a604-0867af0d3cca/datanode-0/data/ratis/18a0436a-23eb-4862-8bb9-334515934bfd for RaftStorage:Storage Directory /workdir/hadoop-ozone/integration-test/target/test-dir/MiniOzoneClusterImpl-efb0e503-cad1-4dcb-a604-0867af0d3cca/datanode-0/data/ratis/18a0436a-23eb-4862-8bb9-334515934bfd
2019-09-19 09:00:13,403 [pool-27-thread-1] INFO  server.RaftServerConfigKeys (ConfUtils.java:logGet(43)) - raft.server.log.queue.byte-limit = 2147483647 (custom)
2019-09-19 09:00:13,403 [pool-27-thread-1] INFO  server.RaftServerConfigKeys (ConfUtils.java:logGet(43)) - raft.server.log.queue.element-limit = 1024 (custom)
2019-09-19 09:00:13,408 [pool-27-thread-1] INFO  server.RaftServerConfigKeys (ConfUtils.java:logGet(43)) - raft.server.log.segment.size.max = 1048576 (custom)
2019-09-19 09:00:13,408 [pool-27-thread-1] INFO  server.RaftServerConfigKeys (ConfUtils.java:logGet(43)) - raft.server.log.preallocated.size = 16384 (custom)
2019-09-19 09:00:13,408 [pool-27-thread-1] INFO  server.RaftServerConfigKeys (ConfUtils.java:logGet(43)) - raft.server.log.write.buffer.size = 33554432 (custom)
2019-09-19 09:00:13,409 [pool-27-thread-1] INFO  server.RaftServerConfigKeys (ConfUtils.java:logGet(43)) - raft.server.log.force.sync.num = 128 (default)
2019-09-19 09:00:13,410 [pool-27-thread-1] INFO  server.RaftServerConfigKeys (ConfUtils.java:logGet(43)) - raft.server.log.statemachine.data.sync = true (default)
2019-09-19 09:00:13,410 [pool-27-thread-1] INFO  server.RaftServerConfigKeys (ConfUtils.java:logGet(43)) - raft.server.log.statemachine.data.sync.timeout = 10s (default)
2019-09-19 09:00:13,410 [pool-27-thread-1] INFO  server.RaftServerConfigKeys (ConfUtils.java:logGet(43)) - raft.server.log.statemachine.data.sync.timeout.retry = -1 (default)
2019-09-19 09:00:13,420 [pool-27-thread-1] INFO  server.RaftServerConfigKeys (ConfUtils.java:logGet(43)) - raft.server.log.statemachine.data.caching.enabled = true (custom)
2019-09-19 09:00:13,426 [pool-27-thread-1] INFO  segmented.SegmentedRaftLogWorker (SegmentedRaftLogWorker.java:lambda$new$0(132)) - 9ec9b7eb-9269-4de4-b0e5-15ac19151471-SegmentedRaftLogWorker:Storage Directory /workdir/hadoop-ozone/integration-test/target/test-dir/MiniOzoneClusterImpl-efb0e503-cad1-4dcb-a604-0867af0d3cca/datanode-0/data/ratis/18a0436a-23eb-4862-8bb9-334515934bfd: flushIndex: setUnconditionally 0 -> -1
2019-09-19 09:00:13,430 [pool-27-thread-1] INFO  server.RaftServerConfigKeys (ConfUtils.java:logGet(43)) - raft.server.snapshot.auto.trigger.enabled = true (custom)
2019-09-19 09:00:13,431 [pool-27-thread-1] INFO  server.RaftServerConfigKeys (ConfUtils.java:logGet(43)) - raft.server.snapshot.auto.trigger.threshold = 10000 (custom)
2019-09-19 09:00:13,432 [pool-27-thread-1] INFO  server.RaftServerConfigKeys (ConfUtils.java:logGet(43)) - raft.server.retrycache.expirytime = 600000ms (custom)
2019-09-19 09:00:13,454 [pool-27-thread-1] INFO  impl.RaftServerImpl (RaftServerImpl.java:start(180)) - 9ec9b7eb-9269-4de4-b0e5-15ac19151471: start group-334515934BFD
2019-09-19 09:00:13,455 [pool-27-thread-1] INFO  impl.RaftServerImpl (RaftServerImpl.java:setRole(171)) - 9ec9b7eb-9269-4de4-b0e5-15ac19151471:group-334515934BFD changes role from null to FOLLOWER at term 0 for startAsFollower
2019-09-19 09:00:13,456 [pool-27-thread-1] INFO  impl.RoleInfo (RoleInfo.java:updateAndGet(143)) - 9ec9b7eb-9269-4de4-b0e5-15ac19151471: start FollowerState
2019-09-19 09:00:13,458 [pool-27-thread-1] INFO  util.JmxRegister (JmxRegister.java:tryRegister(44)) - Successfully registered JMX Bean with object name Ratis:service=RaftServer,group=group-334515934BFD,id=9ec9b7eb-9269-4de4-b0e5-15ac19151471
2019-09-19 09:00:13,506 [IPC Server handler 1 on 36964] INFO  net.NetworkTopology (NetworkTopologyImpl.java:add(110)) - Added a new node: /default-rack/5794d84d-2349-4704-a7d7-6735dfcfc341
2019-09-19 09:00:13,508 [IPC Server handler 1 on 36964] INFO  node.SCMNodeManager (SCMNodeManager.java:register(273)) - Registered Data node : 5794d84d-2349-4704-a7d7-6735dfcfc341{ip: 192.168.34.5, host: pr-hdds-1569-j4bt4-3030777008, networkLocation: /default-rack, certSerialId: null}
2019-09-19 09:00:13,508 | INFO  | SCMAudit | user=jenkins1000 | ip=192.168.34.5 | op=REGISTER {datanodeDetails=5794d84d-2349-4704-a7d7-6735dfcfc341{ip: 192.168.34.5, host: pr-hdds-1569-j4bt4-3030777008, networkLocation: /default-rack, certSerialId: null}} | ret=SUCCESS |  
2019-09-19 09:00:13,522 [RatisPipelineUtilsThread] INFO  pipeline.PipelineStateManager (PipelineStateManager.java:addPipeline(56)) - Created pipeline Pipeline[ Id: 18a0436a-23eb-4862-8bb9-334515934bfd, Nodes: 9ec9b7eb-9269-4de4-b0e5-15ac19151471{ip: 192.168.34.5, host: pr-hdds-1569-j4bt4-3030777008, networkLocation: /default-rack, certSerialId: null}, Type:RATIS, Factor:ONE, State:OPEN]
2019-09-19 09:00:13,551 [grpc-default-executor-0] INFO  impl.RaftServerProxy (RaftServerProxy.java:addNew(89)) - 9ec9b7eb-9269-4de4-b0e5-15ac19151471: addNew group-6962F2081F75:[9ec9b7eb-9269-4de4-b0e5-15ac19151471:192.168.34.5:41076] returns group-6962F2081F75:java.util.concurrent.CompletableFuture@843d885[Not completed]
2019-09-19 09:00:13,553 [pool-27-thread-1] INFO  impl.RaftServerImpl (RaftServerImpl.java:<init>(93)) - 9ec9b7eb-9269-4de4-b0e5-15ac19151471: new RaftServerImpl for group-6962F2081F75:[9ec9b7eb-9269-4de4-b0e5-15ac19151471:192.168.34.5:41076] with ContainerStateMachine:uninitialized
2019-09-19 09:00:13,553 [pool-27-thread-1] INFO  server.RaftServerConfigKeys (ConfUtils.java:logGet(43)) - raft.server.rpc.timeout.min = 5s (custom)
2019-09-19 09:00:13,553 [pool-27-thread-1] INFO  server.RaftServerConfigKeys (ConfUtils.java:logGet(43)) - raft.server.rpc.timeout.max = 5200ms (custom)
2019-09-19 09:00:13,553 [pool-27-thread-1] INFO  server.RaftServerConfigKeys (ConfUtils.java:logGet(43)) - raft.server.rpcslowness.timeout = 120s (custom)
2019-09-19 09:00:13,554 [pool-27-thread-1] INFO  server.RaftServerConfigKeys (ConfUtils.java:logGet(43)) - raft.server.sleep.deviation.threshold = 300 (default)
2019-09-19 09:00:13,554 [pool-27-thread-1] INFO  server.RaftServerConfigKeys (ConfUtils.java:logGet(43)) - raft.server.log.appender.install.snapshot.enabled = false (custom)
2019-09-19 09:00:13,554 [pool-27-thread-1] INFO  impl.RaftServerImpl (ServerState.java:<init>(105)) - 9ec9b7eb-9269-4de4-b0e5-15ac19151471:group-6962F2081F75 ConfigurationManager, init=-1: [9ec9b7eb-9269-4de4-b0e5-15ac19151471:192.168.34.5:41076], old=null, confs=<EMPTY_MAP>
2019-09-19 09:00:13,554 [pool-27-thread-1] INFO  server.RaftServerConfigKeys (ConfUtils.java:logGet(43)) - raft.server.storage.dir = [/workdir/hadoop-ozone/integration-test/target/test-dir/MiniOzoneClusterImpl-efb0e503-cad1-4dcb-a604-0867af0d3cca/datanode-0/data/ratis] (custom)
2019-09-19 09:00:13,555 [pool-27-thread-1] INFO  storage.RaftStorageDirectory (RaftStorageDirectory.java:analyzeStorage(246)) - The storage directory /workdir/hadoop-ozone/integration-test/target/test-dir/MiniOzoneClusterImpl-efb0e503-cad1-4dcb-a604-0867af0d3cca/datanode-0/data/ratis/d7bc11cb-e91a-4c84-9522-6962f2081f75 does not exist. Creating ...
2019-09-19 09:00:13,568 [pool-27-thread-1] INFO  storage.RaftStorageDirectory (RaftStorageDirectory.java:tryLock(328)) - Lock on /workdir/hadoop-ozone/integration-test/target/test-dir/MiniOzoneClusterImpl-efb0e503-cad1-4dcb-a604-0867af0d3cca/datanode-0/data/ratis/d7bc11cb-e91a-4c84-9522-6962f2081f75/in_use.lock acquired by nodename 12225@pr-hdds-1569-j4bt4-3030777008
2019-09-19 09:00:13,582 [pool-27-thread-1] INFO  storage.RaftStorage (RaftStorage.java:format(72)) - Storage directory /workdir/hadoop-ozone/integration-test/target/test-dir/MiniOzoneClusterImpl-efb0e503-cad1-4dcb-a604-0867af0d3cca/datanode-0/data/ratis/d7bc11cb-e91a-4c84-9522-6962f2081f75 has been successfully formatted.
2019-09-19 09:00:13,582 [pool-27-thread-1] INFO  ratis.ContainerStateMachine (ContainerStateMachine.java:loadSnapshot(226)) - group-6962F2081F75: The snapshot info is null. Setting the last applied indexto:(t:0, i:~)
2019-09-19 09:00:13,582 [pool-27-thread-1] INFO  server.RaftServerConfigKeys (ConfUtils.java:logGet(43)) - raft.server.leader.election.timeout = 120s (custom)
2019-09-19 09:00:13,583 [pool-27-thread-1] INFO  server.RaftServerConfigKeys (ConfUtils.java:logGet(43)) - raft.server.log.use.memory = false (default)
2019-09-19 09:00:13,583 [pool-27-thread-1] INFO  server.RaftServerConfigKeys (ConfUtils.java:logGet(43)) - raft.server.log.purge.gap = 1000000 (custom)
2019-09-19 09:00:13,583 [pool-27-thread-1] INFO  server.RaftServerConfigKeys (ConfUtils.java:logGet(43)) - raft.server.log.appender.buffer.byte-limit = 33554432 (custom)
2019-09-19 09:00:13,583 [pool-27-thread-1] INFO  server.RaftServerConfigKeys (ConfUtils.java:logGet(43)) - raft.server.log.segment.size.max = 1048576 (custom)
2019-09-19 09:00:13,584 [pool-27-thread-1] INFO  server.RaftServerConfigKeys (ConfUtils.java:logGet(43)) - raft.server.log.segment.cache.num.max = 2 (custom)
2019-09-19 09:00:13,584 [pool-27-thread-1] INFO  segmented.SegmentedRaftLogWorker (SegmentedRaftLogWorker.java:<init>(172)) - new 9ec9b7eb-9269-4de4-b0e5-15ac19151471-SegmentedRaftLogWorker:Storage Directory /workdir/hadoop-ozone/integration-test/target/test-dir/MiniOzoneClusterImpl-efb0e503-cad1-4dcb-a604-0867af0d3cca/datanode-0/data/ratis/d7bc11cb-e91a-4c84-9522-6962f2081f75 for RaftStorage:Storage Directory /workdir/hadoop-ozone/integration-test/target/test-dir/MiniOzoneClusterImpl-efb0e503-cad1-4dcb-a604-0867af0d3cca/datanode-0/data/ratis/d7bc11cb-e91a-4c84-9522-6962f2081f75
2019-09-19 09:00:13,584 [pool-27-thread-1] INFO  server.RaftServerConfigKeys (ConfUtils.java:logGet(43)) - raft.server.log.queue.byte-limit = 2147483647 (custom)
2019-09-19 09:00:13,584 [pool-27-thread-1] INFO  server.RaftServerConfigKeys (ConfUtils.java:logGet(43)) - raft.server.log.queue.element-limit = 1024 (custom)
2019-09-19 09:00:13,585 [pool-27-thread-1] INFO  server.RaftServerConfigKeys (ConfUtils.java:logGet(43)) - raft.server.log.segment.size.max = 1048576 (custom)
2019-09-19 09:00:13,585 [pool-27-thread-1] INFO  server.RaftServerConfigKeys (ConfUtils.java:logGet(43)) - raft.server.log.preallocated.size = 16384 (custom)
2019-09-19 09:00:13,585 [pool-27-thread-1] INFO  server.RaftServerConfigKeys (ConfUtils.java:logGet(43)) - raft.server.log.write.buffer.size = 33554432 (custom)
2019-09-19 09:00:13,585 [pool-27-thread-1] INFO  server.RaftServerConfigKeys (ConfUtils.java:logGet(43)) - raft.server.log.force.sync.num = 128 (default)
2019-09-19 09:00:13,585 [pool-27-thread-1] INFO  server.RaftServerConfigKeys (ConfUtils.java:logGet(43)) - raft.server.log.statemachine.data.sync = true (default)
2019-09-19 09:00:13,585 [pool-27-thread-1] INFO  server.RaftServerConfigKeys (ConfUtils.java:logGet(43)) - raft.server.log.statemachine.data.sync.timeout = 10s (default)
2019-09-19 09:00:13,586 [pool-27-thread-1] INFO  server.RaftServerConfigKeys (ConfUtils.java:logGet(43)) - raft.server.log.statemachine.data.sync.timeout.retry = -1 (default)
2019-09-19 09:00:13,586 [pool-27-thread-1] INFO  server.RaftServerConfigKeys (ConfUtils.java:logGet(43)) - raft.server.log.statemachine.data.caching.enabled = true (custom)
2019-09-19 09:00:13,586 [pool-27-thread-1] INFO  segmented.SegmentedRaftLogWorker (SegmentedRaftLogWorker.java:lambda$new$0(132)) - 9ec9b7eb-9269-4de4-b0e5-15ac19151471-SegmentedRaftLogWorker:Storage Directory /workdir/hadoop-ozone/integration-test/target/test-dir/MiniOzoneClusterImpl-efb0e503-cad1-4dcb-a604-0867af0d3cca/datanode-0/data/ratis/d7bc11cb-e91a-4c84-9522-6962f2081f75: flushIndex: setUnconditionally 0 -> -1
2019-09-19 09:00:13,587 [pool-27-thread-1] INFO  server.RaftServerConfigKeys (ConfUtils.java:logGet(43)) - raft.server.snapshot.auto.trigger.enabled = true (custom)
2019-09-19 09:00:13,587 [pool-27-thread-1] INFO  server.RaftServerConfigKeys (ConfUtils.java:logGet(43)) - raft.server.snapshot.auto.trigger.threshold = 10000 (custom)
2019-09-19 09:00:13,587 [pool-27-thread-1] INFO  server.RaftServerConfigKeys (ConfUtils.java:logGet(43)) - raft.server.retrycache.expirytime = 600000ms (custom)
2019-09-19 09:00:13,588 [pool-27-thread-1] INFO  impl.RaftServerImpl (RaftServerImpl.java:start(180)) - 9ec9b7eb-9269-4de4-b0e5-15ac19151471: start group-6962F2081F75
2019-09-19 09:00:13,588 [pool-27-thread-1] INFO  impl.RaftServerImpl (RaftServerImpl.java:setRole(171)) - 9ec9b7eb-9269-4de4-b0e5-15ac19151471:group-6962F2081F75 changes role from null to FOLLOWER at term 0 for startAsFollower
2019-09-19 09:00:13,588 [pool-27-thread-1] INFO  impl.RoleInfo (RoleInfo.java:updateAndGet(143)) - 9ec9b7eb-9269-4de4-b0e5-15ac19151471: start FollowerState
2019-09-19 09:00:13,589 [pool-27-thread-1] INFO  util.JmxRegister (JmxRegister.java:tryRegister(44)) - Successfully registered JMX Bean with object name Ratis:service=RaftServer,group=group-6962F2081F75,id=9ec9b7eb-9269-4de4-b0e5-15ac19151471
2019-09-19 09:00:13,605 [RatisPipelineUtilsThread] INFO  pipeline.PipelineStateManager (PipelineStateManager.java:addPipeline(56)) - Created pipeline Pipeline[ Id: d7bc11cb-e91a-4c84-9522-6962f2081f75, Nodes: 9ec9b7eb-9269-4de4-b0e5-15ac19151471{ip: 192.168.34.5, host: pr-hdds-1569-j4bt4-3030777008, networkLocation: /default-rack, certSerialId: null}, Type:RATIS, Factor:ONE, State:OPEN]
2019-09-19 09:00:13,635 [grpc-default-executor-0] INFO  impl.RaftServerProxy (RaftServerProxy.java:addNew(89)) - 188fabf1-fb11-41c2-a0ed-ee400af44df4: addNew group-C982510021E1:[188fabf1-fb11-41c2-a0ed-ee400af44df4:192.168.34.5:35829] returns group-C982510021E1:java.util.concurrent.CompletableFuture@6af333b[Not completed]
2019-09-19 09:00:13,694 [pool-60-thread-1] INFO  impl.RaftServerImpl (RaftServerImpl.java:<init>(93)) - 188fabf1-fb11-41c2-a0ed-ee400af44df4: new RaftServerImpl for group-C982510021E1:[188fabf1-fb11-41c2-a0ed-ee400af44df4:192.168.34.5:35829] with ContainerStateMachine:uninitialized
2019-09-19 09:00:13,695 [pool-60-thread-1] INFO  server.RaftServerConfigKeys (ConfUtils.java:logGet(43)) - raft.server.rpc.timeout.min = 5s (custom)
2019-09-19 09:00:13,695 [pool-60-thread-1] INFO  server.RaftServerConfigKeys (ConfUtils.java:logGet(43)) - raft.server.rpc.timeout.max = 5200ms (custom)
2019-09-19 09:00:13,697 [pool-60-thread-1] INFO  server.RaftServerConfigKeys (ConfUtils.java:logGet(43)) - raft.server.rpcslowness.timeout = 120s (custom)
2019-09-19 09:00:13,697 [pool-60-thread-1] INFO  server.RaftServerConfigKeys (ConfUtils.java:logGet(43)) - raft.server.sleep.deviation.threshold = 300 (default)
2019-09-19 09:00:13,697 [pool-60-thread-1] INFO  server.RaftServerConfigKeys (ConfUtils.java:logGet(43)) - raft.server.log.appender.install.snapshot.enabled = false (custom)
2019-09-19 09:00:13,697 [pool-60-thread-1] INFO  impl.RaftServerImpl (ServerState.java:<init>(105)) - 188fabf1-fb11-41c2-a0ed-ee400af44df4:group-C982510021E1 ConfigurationManager, init=-1: [188fabf1-fb11-41c2-a0ed-ee400af44df4:192.168.34.5:35829], old=null, confs=<EMPTY_MAP>
2019-09-19 09:00:13,697 [pool-60-thread-1] INFO  server.RaftServerConfigKeys (ConfUtils.java:logGet(43)) - raft.server.storage.dir = [/workdir/hadoop-ozone/integration-test/target/test-dir/MiniOzoneClusterImpl-efb0e503-cad1-4dcb-a604-0867af0d3cca/datanode-3/data/ratis] (custom)
2019-09-19 09:00:13,698 [IPC Server handler 3 on 36964] INFO  net.NetworkTopology (NetworkTopologyImpl.java:add(110)) - Added a new node: /default-rack/0dab3cb5-21ad-4f3e-9c90-05507adcbb62
2019-09-19 09:00:13,697 [pool-60-thread-1] INFO  storage.RaftStorageDirectory (RaftStorageDirectory.java:analyzeStorage(246)) - The storage directory /workdir/hadoop-ozone/integration-test/target/test-dir/MiniOzoneClusterImpl-efb0e503-cad1-4dcb-a604-0867af0d3cca/datanode-3/data/ratis/1489f6a4-263f-4d60-a575-c982510021e1 does not exist. Creating ...
2019-09-19 09:00:13,699 [IPC Server handler 3 on 36964] INFO  node.SCMNodeManager (SCMNodeManager.java:register(273)) - Registered Data node : 0dab3cb5-21ad-4f3e-9c90-05507adcbb62{ip: 192.168.34.5, host: pr-hdds-1569-j4bt4-3030777008, networkLocation: /default-rack, certSerialId: null}
2019-09-19 09:00:13,700 | INFO  | SCMAudit | user=jenkins1000 | ip=192.168.34.5 | op=REGISTER {datanodeDetails=0dab3cb5-21ad-4f3e-9c90-05507adcbb62{ip: 192.168.34.5, host: pr-hdds-1569-j4bt4-3030777008, networkLocation: /default-rack, certSerialId: null}} | ret=SUCCESS |  
2019-09-19 09:00:13,712 [pool-60-thread-1] INFO  storage.RaftStorageDirectory (RaftStorageDirectory.java:tryLock(328)) - Lock on /workdir/hadoop-ozone/integration-test/target/test-dir/MiniOzoneClusterImpl-efb0e503-cad1-4dcb-a604-0867af0d3cca/datanode-3/data/ratis/1489f6a4-263f-4d60-a575-c982510021e1/in_use.lock acquired by nodename 12225@pr-hdds-1569-j4bt4-3030777008
2019-09-19 09:00:13,726 [pool-60-thread-1] INFO  storage.RaftStorage (RaftStorage.java:format(72)) - Storage directory /workdir/hadoop-ozone/integration-test/target/test-dir/MiniOzoneClusterImpl-efb0e503-cad1-4dcb-a604-0867af0d3cca/datanode-3/data/ratis/1489f6a4-263f-4d60-a575-c982510021e1 has been successfully formatted.
2019-09-19 09:00:13,727 [pool-60-thread-1] INFO  ratis.ContainerStateMachine (ContainerStateMachine.java:loadSnapshot(226)) - group-C982510021E1: The snapshot info is null. Setting the last applied indexto:(t:0, i:~)
2019-09-19 09:00:13,729 [pool-60-thread-1] INFO  server.RaftServerConfigKeys (ConfUtils.java:logGet(43)) - raft.server.leader.election.timeout = 120s (custom)
2019-09-19 09:00:13,729 [pool-60-thread-1] INFO  server.RaftServerConfigKeys (ConfUtils.java:logGet(43)) - raft.server.log.use.memory = false (default)
2019-09-19 09:00:13,729 [pool-60-thread-1] INFO  server.RaftServerConfigKeys (ConfUtils.java:logGet(43)) - raft.server.log.purge.gap = 1000000 (custom)
2019-09-19 09:00:13,730 [pool-60-thread-1] INFO  server.RaftServerConfigKeys (ConfUtils.java:logGet(43)) - raft.server.log.appender.buffer.byte-limit = 33554432 (custom)
2019-09-19 09:00:13,730 [pool-60-thread-1] INFO  server.RaftServerConfigKeys (ConfUtils.java:logGet(43)) - raft.server.log.segment.size.max = 1048576 (custom)
2019-09-19 09:00:13,730 [pool-60-thread-1] INFO  server.RaftServerConfigKeys (ConfUtils.java:logGet(43)) - raft.server.log.segment.cache.num.max = 2 (custom)
2019-09-19 09:00:13,730 [pool-60-thread-1] INFO  segmented.SegmentedRaftLogWorker (SegmentedRaftLogWorker.java:<init>(172)) - new 188fabf1-fb11-41c2-a0ed-ee400af44df4-SegmentedRaftLogWorker:Storage Directory /workdir/hadoop-ozone/integration-test/target/test-dir/MiniOzoneClusterImpl-efb0e503-cad1-4dcb-a604-0867af0d3cca/datanode-3/data/ratis/1489f6a4-263f-4d60-a575-c982510021e1 for RaftStorage:Storage Directory /workdir/hadoop-ozone/integration-test/target/test-dir/MiniOzoneClusterImpl-efb0e503-cad1-4dcb-a604-0867af0d3cca/datanode-3/data/ratis/1489f6a4-263f-4d60-a575-c982510021e1
2019-09-19 09:00:13,732 [pool-60-thread-1] INFO  server.RaftServerConfigKeys (ConfUtils.java:logGet(43)) - raft.server.log.queue.byte-limit = 2147483647 (custom)
2019-09-19 09:00:13,732 [pool-60-thread-1] INFO  server.RaftServerConfigKeys (ConfUtils.java:logGet(43)) - raft.server.log.queue.element-limit = 1024 (custom)
2019-09-19 09:00:13,733 [pool-60-thread-1] INFO  server.RaftServerConfigKeys (ConfUtils.java:logGet(43)) - raft.server.log.segment.size.max = 1048576 (custom)
2019-09-19 09:00:13,733 [pool-60-thread-1] INFO  server.RaftServerConfigKeys (ConfUtils.java:logGet(43)) - raft.server.log.preallocated.size = 16384 (custom)
2019-09-19 09:00:13,733 [pool-60-thread-1] INFO  server.RaftServerConfigKeys (ConfUtils.java:logGet(43)) - raft.server.log.write.buffer.size = 33554432 (custom)
2019-09-19 09:00:13,734 [pool-60-thread-1] INFO  server.RaftServerConfigKeys (ConfUtils.java:logGet(43)) - raft.server.log.force.sync.num = 128 (default)
2019-09-19 09:00:13,734 [pool-60-thread-1] INFO  server.RaftServerConfigKeys (ConfUtils.java:logGet(43)) - raft.server.log.statemachine.data.sync = true (default)
2019-09-19 09:00:13,734 [pool-60-thread-1] INFO  server.RaftServerConfigKeys (ConfUtils.java:logGet(43)) - raft.server.log.statemachine.data.sync.timeout = 10s (default)
2019-09-19 09:00:13,734 [pool-60-thread-1] INFO  server.RaftServerConfigKeys (ConfUtils.java:logGet(43)) - raft.server.log.statemachine.data.sync.timeout.retry = -1 (default)
2019-09-19 09:00:13,735 [pool-60-thread-1] INFO  server.RaftServerConfigKeys (ConfUtils.java:logGet(43)) - raft.server.log.statemachine.data.caching.enabled = true (custom)
2019-09-19 09:00:13,735 [pool-60-thread-1] INFO  segmented.SegmentedRaftLogWorker (SegmentedRaftLogWorker.java:lambda$new$0(132)) - 188fabf1-fb11-41c2-a0ed-ee400af44df4-SegmentedRaftLogWorker:Storage Directory /workdir/hadoop-ozone/integration-test/target/test-dir/MiniOzoneClusterImpl-efb0e503-cad1-4dcb-a604-0867af0d3cca/datanode-3/data/ratis/1489f6a4-263f-4d60-a575-c982510021e1: flushIndex: setUnconditionally 0 -> -1
2019-09-19 09:00:13,736 [pool-60-thread-1] INFO  server.RaftServerConfigKeys (ConfUtils.java:logGet(43)) - raft.server.snapshot.auto.trigger.enabled = true (custom)
2019-09-19 09:00:13,736 [pool-60-thread-1] INFO  server.RaftServerConfigKeys (ConfUtils.java:logGet(43)) - raft.server.snapshot.auto.trigger.threshold = 10000 (custom)
2019-09-19 09:00:13,736 [pool-60-thread-1] INFO  server.RaftServerConfigKeys (ConfUtils.java:logGet(43)) - raft.server.retrycache.expirytime = 600000ms (custom)
2019-09-19 09:00:13,736 [pool-60-thread-1] INFO  impl.RaftServerImpl (RaftServerImpl.java:start(180)) - 188fabf1-fb11-41c2-a0ed-ee400af44df4: start group-C982510021E1
2019-09-19 09:00:13,736 [pool-60-thread-1] INFO  impl.RaftServerImpl (RaftServerImpl.java:setRole(171)) - 188fabf1-fb11-41c2-a0ed-ee400af44df4:group-C982510021E1 changes role from null to FOLLOWER at term 0 for startAsFollower
2019-09-19 09:00:13,737 [pool-60-thread-1] INFO  impl.RoleInfo (RoleInfo.java:updateAndGet(143)) - 188fabf1-fb11-41c2-a0ed-ee400af44df4: start FollowerState
2019-09-19 09:00:13,739 [pool-60-thread-1] INFO  util.JmxRegister (JmxRegister.java:tryRegister(44)) - Successfully registered JMX Bean with object name Ratis:service=RaftServer,group=group-C982510021E1,id=188fabf1-fb11-41c2-a0ed-ee400af44df4
2019-09-19 09:00:13,754 [RatisPipelineUtilsThread] INFO  pipeline.PipelineStateManager (PipelineStateManager.java:addPipeline(56)) - Created pipeline Pipeline[ Id: 1489f6a4-263f-4d60-a575-c982510021e1, Nodes: 188fabf1-fb11-41c2-a0ed-ee400af44df4{ip: 192.168.34.5, host: pr-hdds-1569-j4bt4-3030777008, networkLocation: /default-rack, certSerialId: null}, Type:RATIS, Factor:ONE, State:OPEN]
2019-09-19 09:00:13,780 [grpc-default-executor-0] INFO  impl.RaftServerProxy (RaftServerProxy.java:addNew(89)) - cf0fb8b8-922c-4d9e-8ced-919bfd64db77: addNew group-9E7459EFC0D0:[cf0fb8b8-922c-4d9e-8ced-919bfd64db77:192.168.34.5:43255] returns group-9E7459EFC0D0:java.util.concurrent.CompletableFuture@542d356e[Not completed]
2019-09-19 09:00:13,795 [pool-49-thread-1] INFO  impl.RaftServerImpl (RaftServerImpl.java:<init>(93)) - cf0fb8b8-922c-4d9e-8ced-919bfd64db77: new RaftServerImpl for group-9E7459EFC0D0:[cf0fb8b8-922c-4d9e-8ced-919bfd64db77:192.168.34.5:43255] with ContainerStateMachine:uninitialized
2019-09-19 09:00:13,795 [pool-49-thread-1] INFO  server.RaftServerConfigKeys (ConfUtils.java:logGet(43)) - raft.server.rpc.timeout.min = 5s (custom)
2019-09-19 09:00:13,795 [pool-49-thread-1] INFO  server.RaftServerConfigKeys (ConfUtils.java:logGet(43)) - raft.server.rpc.timeout.max = 5200ms (custom)
2019-09-19 09:00:13,795 [pool-49-thread-1] INFO  server.RaftServerConfigKeys (ConfUtils.java:logGet(43)) - raft.server.rpcslowness.timeout = 120s (custom)
2019-09-19 09:00:13,795 [pool-49-thread-1] INFO  server.RaftServerConfigKeys (ConfUtils.java:logGet(43)) - raft.server.sleep.deviation.threshold = 300 (default)
2019-09-19 09:00:13,796 [pool-49-thread-1] INFO  server.RaftServerConfigKeys (ConfUtils.java:logGet(43)) - raft.server.log.appender.install.snapshot.enabled = false (custom)
2019-09-19 09:00:13,796 [pool-49-thread-1] INFO  impl.RaftServerImpl (ServerState.java:<init>(105)) - cf0fb8b8-922c-4d9e-8ced-919bfd64db77:group-9E7459EFC0D0 ConfigurationManager, init=-1: [cf0fb8b8-922c-4d9e-8ced-919bfd64db77:192.168.34.5:43255], old=null, confs=<EMPTY_MAP>
2019-09-19 09:00:13,796 [pool-49-thread-1] INFO  server.RaftServerConfigKeys (ConfUtils.java:logGet(43)) - raft.server.storage.dir = [/workdir/hadoop-ozone/integration-test/target/test-dir/MiniOzoneClusterImpl-efb0e503-cad1-4dcb-a604-0867af0d3cca/datanode-2/data/ratis] (custom)
2019-09-19 09:00:13,796 [pool-49-thread-1] INFO  storage.RaftStorageDirectory (RaftStorageDirectory.java:analyzeStorage(246)) - The storage directory /workdir/hadoop-ozone/integration-test/target/test-dir/MiniOzoneClusterImpl-efb0e503-cad1-4dcb-a604-0867af0d3cca/datanode-2/data/ratis/32ce26aa-64af-4a3c-874f-9e7459efc0d0 does not exist. Creating ...
2019-09-19 09:00:13,809 [pool-49-thread-1] INFO  storage.RaftStorageDirectory (RaftStorageDirectory.java:tryLock(328)) - Lock on /workdir/hadoop-ozone/integration-test/target/test-dir/MiniOzoneClusterImpl-efb0e503-cad1-4dcb-a604-0867af0d3cca/datanode-2/data/ratis/32ce26aa-64af-4a3c-874f-9e7459efc0d0/in_use.lock acquired by nodename 12225@pr-hdds-1569-j4bt4-3030777008
2019-09-19 09:00:13,822 [pool-49-thread-1] INFO  storage.RaftStorage (RaftStorage.java:format(72)) - Storage directory /workdir/hadoop-ozone/integration-test/target/test-dir/MiniOzoneClusterImpl-efb0e503-cad1-4dcb-a604-0867af0d3cca/datanode-2/data/ratis/32ce26aa-64af-4a3c-874f-9e7459efc0d0 has been successfully formatted.
2019-09-19 09:00:13,822 [pool-49-thread-1] INFO  ratis.ContainerStateMachine (ContainerStateMachine.java:loadSnapshot(226)) - group-9E7459EFC0D0: The snapshot info is null. Setting the last applied indexto:(t:0, i:~)
2019-09-19 09:00:13,822 [pool-49-thread-1] INFO  server.RaftServerConfigKeys (ConfUtils.java:logGet(43)) - raft.server.leader.election.timeout = 120s (custom)
2019-09-19 09:00:13,823 [pool-49-thread-1] INFO  server.RaftServerConfigKeys (ConfUtils.java:logGet(43)) - raft.server.log.use.memory = false (default)
2019-09-19 09:00:13,823 [pool-49-thread-1] INFO  server.RaftServerConfigKeys (ConfUtils.java:logGet(43)) - raft.server.log.purge.gap = 1000000 (custom)
2019-09-19 09:00:13,823 [pool-49-thread-1] INFO  server.RaftServerConfigKeys (ConfUtils.java:logGet(43)) - raft.server.log.appender.buffer.byte-limit = 33554432 (custom)
2019-09-19 09:00:13,823 [pool-49-thread-1] INFO  server.RaftServerConfigKeys (ConfUtils.java:logGet(43)) - raft.server.log.segment.size.max = 1048576 (custom)
2019-09-19 09:00:13,823 [pool-49-thread-1] INFO  server.RaftServerConfigKeys (ConfUtils.java:logGet(43)) - raft.server.log.segment.cache.num.max = 2 (custom)
2019-09-19 09:00:13,823 [pool-49-thread-1] INFO  segmented.SegmentedRaftLogWorker (SegmentedRaftLogWorker.java:<init>(172)) - new cf0fb8b8-922c-4d9e-8ced-919bfd64db77-SegmentedRaftLogWorker:Storage Directory /workdir/hadoop-ozone/integration-test/target/test-dir/MiniOzoneClusterImpl-efb0e503-cad1-4dcb-a604-0867af0d3cca/datanode-2/data/ratis/32ce26aa-64af-4a3c-874f-9e7459efc0d0 for RaftStorage:Storage Directory /workdir/hadoop-ozone/integration-test/target/test-dir/MiniOzoneClusterImpl-efb0e503-cad1-4dcb-a604-0867af0d3cca/datanode-2/data/ratis/32ce26aa-64af-4a3c-874f-9e7459efc0d0
2019-09-19 09:00:13,823 [pool-49-thread-1] INFO  server.RaftServerConfigKeys (ConfUtils.java:logGet(43)) - raft.server.log.queue.byte-limit = 2147483647 (custom)
2019-09-19 09:00:13,823 [pool-49-thread-1] INFO  server.RaftServerConfigKeys (ConfUtils.java:logGet(43)) - raft.server.log.queue.element-limit = 1024 (custom)
2019-09-19 09:00:13,824 [pool-49-thread-1] INFO  server.RaftServerConfigKeys (ConfUtils.java:logGet(43)) - raft.server.log.segment.size.max = 1048576 (custom)
2019-09-19 09:00:13,824 [pool-49-thread-1] INFO  server.RaftServerConfigKeys (ConfUtils.java:logGet(43)) - raft.server.log.preallocated.size = 16384 (custom)
2019-09-19 09:00:13,824 [pool-49-thread-1] INFO  server.RaftServerConfigKeys (ConfUtils.java:logGet(43)) - raft.server.log.write.buffer.size = 33554432 (custom)
2019-09-19 09:00:13,824 [pool-49-thread-1] INFO  server.RaftServerConfigKeys (ConfUtils.java:logGet(43)) - raft.server.log.force.sync.num = 128 (default)
2019-09-19 09:00:13,824 [pool-49-thread-1] INFO  server.RaftServerConfigKeys (ConfUtils.java:logGet(43)) - raft.server.log.statemachine.data.sync = true (default)
2019-09-19 09:00:13,824 [pool-49-thread-1] INFO  server.RaftServerConfigKeys (ConfUtils.java:logGet(43)) - raft.server.log.statemachine.data.sync.timeout = 10s (default)
2019-09-19 09:00:13,824 [pool-49-thread-1] INFO  server.RaftServerConfigKeys (ConfUtils.java:logGet(43)) - raft.server.log.statemachine.data.sync.timeout.retry = -1 (default)
2019-09-19 09:00:13,825 [pool-49-thread-1] INFO  server.RaftServerConfigKeys (ConfUtils.java:logGet(43)) - raft.server.log.statemachine.data.caching.enabled = true (custom)
2019-09-19 09:00:13,825 [pool-49-thread-1] INFO  segmented.SegmentedRaftLogWorker (SegmentedRaftLogWorker.java:lambda$new$0(132)) - cf0fb8b8-922c-4d9e-8ced-919bfd64db77-SegmentedRaftLogWorker:Storage Directory /workdir/hadoop-ozone/integration-test/target/test-dir/MiniOzoneClusterImpl-efb0e503-cad1-4dcb-a604-0867af0d3cca/datanode-2/data/ratis/32ce26aa-64af-4a3c-874f-9e7459efc0d0: flushIndex: setUnconditionally 0 -> -1
2019-09-19 09:00:13,825 [pool-49-thread-1] INFO  server.RaftServerConfigKeys (ConfUtils.java:logGet(43)) - raft.server.snapshot.auto.trigger.enabled = true (custom)
2019-09-19 09:00:13,825 [pool-49-thread-1] INFO  server.RaftServerConfigKeys (ConfUtils.java:logGet(43)) - raft.server.snapshot.auto.trigger.threshold = 10000 (custom)
2019-09-19 09:00:13,825 [pool-49-thread-1] INFO  server.RaftServerConfigKeys (ConfUtils.java:logGet(43)) - raft.server.retrycache.expirytime = 600000ms (custom)
2019-09-19 09:00:13,826 [pool-49-thread-1] INFO  impl.RaftServerImpl (RaftServerImpl.java:start(180)) - cf0fb8b8-922c-4d9e-8ced-919bfd64db77: start group-9E7459EFC0D0
2019-09-19 09:00:13,826 [pool-49-thread-1] INFO  impl.RaftServerImpl (RaftServerImpl.java:setRole(171)) - cf0fb8b8-922c-4d9e-8ced-919bfd64db77:group-9E7459EFC0D0 changes role from null to FOLLOWER at term 0 for startAsFollower
2019-09-19 09:00:13,826 [pool-49-thread-1] INFO  impl.RoleInfo (RoleInfo.java:updateAndGet(143)) - cf0fb8b8-922c-4d9e-8ced-919bfd64db77: start FollowerState
2019-09-19 09:00:13,826 [pool-49-thread-1] INFO  util.JmxRegister (JmxRegister.java:tryRegister(44)) - Successfully registered JMX Bean with object name Ratis:service=RaftServer,group=group-9E7459EFC0D0,id=cf0fb8b8-922c-4d9e-8ced-919bfd64db77
2019-09-19 09:00:13,839 [RatisPipelineUtilsThread] INFO  pipeline.PipelineStateManager (PipelineStateManager.java:addPipeline(56)) - Created pipeline Pipeline[ Id: 32ce26aa-64af-4a3c-874f-9e7459efc0d0, Nodes: cf0fb8b8-922c-4d9e-8ced-919bfd64db77{ip: 192.168.34.5, host: pr-hdds-1569-j4bt4-3030777008, networkLocation: /default-rack, certSerialId: null}, Type:RATIS, Factor:ONE, State:OPEN]
2019-09-19 09:00:13,858 [grpc-default-executor-0] INFO  impl.RaftServerProxy (RaftServerProxy.java:addNew(89)) - 9ec9b7eb-9269-4de4-b0e5-15ac19151471: addNew group-1C6A5B4B399C:[9ec9b7eb-9269-4de4-b0e5-15ac19151471:192.168.34.5:41076] returns group-1C6A5B4B399C:java.util.concurrent.CompletableFuture@491ce150[Not completed]
2019-09-19 09:00:13,859 [pool-27-thread-1] INFO  impl.RaftServerImpl (RaftServerImpl.java:<init>(93)) - 9ec9b7eb-9269-4de4-b0e5-15ac19151471: new RaftServerImpl for group-1C6A5B4B399C:[9ec9b7eb-9269-4de4-b0e5-15ac19151471:192.168.34.5:41076] with ContainerStateMachine:uninitialized
2019-09-19 09:00:13,860 [pool-27-thread-1] INFO  server.RaftServerConfigKeys (ConfUtils.java:logGet(43)) - raft.server.rpc.timeout.min = 5s (custom)
2019-09-19 09:00:13,860 [pool-27-thread-1] INFO  server.RaftServerConfigKeys (ConfUtils.java:logGet(43)) - raft.server.rpc.timeout.max = 5200ms (custom)
2019-09-19 09:00:13,860 [pool-27-thread-1] INFO  server.RaftServerConfigKeys (ConfUtils.java:logGet(43)) - raft.server.rpcslowness.timeout = 120s (custom)
2019-09-19 09:00:13,860 [pool-27-thread-1] INFO  server.RaftServerConfigKeys (ConfUtils.java:logGet(43)) - raft.server.sleep.deviation.threshold = 300 (default)
2019-09-19 09:00:13,860 [pool-27-thread-1] INFO  server.RaftServerConfigKeys (ConfUtils.java:logGet(43)) - raft.server.log.appender.install.snapshot.enabled = false (custom)
2019-09-19 09:00:13,860 [pool-27-thread-1] INFO  impl.RaftServerImpl (ServerState.java:<init>(105)) - 9ec9b7eb-9269-4de4-b0e5-15ac19151471:group-1C6A5B4B399C ConfigurationManager, init=-1: [9ec9b7eb-9269-4de4-b0e5-15ac19151471:192.168.34.5:41076], old=null, confs=<EMPTY_MAP>
2019-09-19 09:00:13,860 [pool-27-thread-1] INFO  server.RaftServerConfigKeys (ConfUtils.java:logGet(43)) - raft.server.storage.dir = [/workdir/hadoop-ozone/integration-test/target/test-dir/MiniOzoneClusterImpl-efb0e503-cad1-4dcb-a604-0867af0d3cca/datanode-0/data/ratis] (custom)
2019-09-19 09:00:13,861 [pool-27-thread-1] INFO  storage.RaftStorageDirectory (RaftStorageDirectory.java:analyzeStorage(246)) - The storage directory /workdir/hadoop-ozone/integration-test/target/test-dir/MiniOzoneClusterImpl-efb0e503-cad1-4dcb-a604-0867af0d3cca/datanode-0/data/ratis/20289028-6ed9-49c4-9ec9-1c6a5b4b399c does not exist. Creating ...
2019-09-19 09:00:13,872 [pool-27-thread-1] INFO  storage.RaftStorageDirectory (RaftStorageDirectory.java:tryLock(328)) - Lock on /workdir/hadoop-ozone/integration-test/target/test-dir/MiniOzoneClusterImpl-efb0e503-cad1-4dcb-a604-0867af0d3cca/datanode-0/data/ratis/20289028-6ed9-49c4-9ec9-1c6a5b4b399c/in_use.lock acquired by nodename 12225@pr-hdds-1569-j4bt4-3030777008
2019-09-19 09:00:13,892 [pool-27-thread-1] INFO  storage.RaftStorage (RaftStorage.java:format(72)) - Storage directory /workdir/hadoop-ozone/integration-test/target/test-dir/MiniOzoneClusterImpl-efb0e503-cad1-4dcb-a604-0867af0d3cca/datanode-0/data/ratis/20289028-6ed9-49c4-9ec9-1c6a5b4b399c has been successfully formatted.
2019-09-19 09:00:13,892 [pool-27-thread-1] INFO  ratis.ContainerStateMachine (ContainerStateMachine.java:loadSnapshot(226)) - group-1C6A5B4B399C: The snapshot info is null. Setting the last applied indexto:(t:0, i:~)
2019-09-19 09:00:13,892 [pool-27-thread-1] INFO  server.RaftServerConfigKeys (ConfUtils.java:logGet(43)) - raft.server.leader.election.timeout = 120s (custom)
2019-09-19 09:00:13,892 [pool-27-thread-1] INFO  server.RaftServerConfigKeys (ConfUtils.java:logGet(43)) - raft.server.log.use.memory = false (default)
2019-09-19 09:00:13,892 [pool-27-thread-1] INFO  server.RaftServerConfigKeys (ConfUtils.java:logGet(43)) - raft.server.log.purge.gap = 1000000 (custom)
2019-09-19 09:00:13,893 [pool-27-thread-1] INFO  server.RaftServerConfigKeys (ConfUtils.java:logGet(43)) - raft.server.log.appender.buffer.byte-limit = 33554432 (custom)
2019-09-19 09:00:13,893 [pool-27-thread-1] INFO  server.RaftServerConfigKeys (ConfUtils.java:logGet(43)) - raft.server.log.segment.size.max = 1048576 (custom)
2019-09-19 09:00:13,893 [pool-27-thread-1] INFO  server.RaftServerConfigKeys (ConfUtils.java:logGet(43)) - raft.server.log.segment.cache.num.max = 2 (custom)
2019-09-19 09:00:13,893 [pool-27-thread-1] INFO  segmented.SegmentedRaftLogWorker (SegmentedRaftLogWorker.java:<init>(172)) - new 9ec9b7eb-9269-4de4-b0e5-15ac19151471-SegmentedRaftLogWorker:Storage Directory /workdir/hadoop-ozone/integration-test/target/test-dir/MiniOzoneClusterImpl-efb0e503-cad1-4dcb-a604-0867af0d3cca/datanode-0/data/ratis/20289028-6ed9-49c4-9ec9-1c6a5b4b399c for RaftStorage:Storage Directory /workdir/hadoop-ozone/integration-test/target/test-dir/MiniOzoneClusterImpl-efb0e503-cad1-4dcb-a604-0867af0d3cca/datanode-0/data/ratis/20289028-6ed9-49c4-9ec9-1c6a5b4b399c
2019-09-19 09:00:13,893 [pool-27-thread-1] INFO  server.RaftServerConfigKeys (ConfUtils.java:logGet(43)) - raft.server.log.queue.byte-limit = 2147483647 (custom)
2019-09-19 09:00:13,893 [pool-27-thread-1] INFO  server.RaftServerConfigKeys (ConfUtils.java:logGet(43)) - raft.server.log.queue.element-limit = 1024 (custom)
2019-09-19 09:00:13,893 [pool-27-thread-1] INFO  server.RaftServerConfigKeys (ConfUtils.java:logGet(43)) - raft.server.log.segment.size.max = 1048576 (custom)
2019-09-19 09:00:13,893 [pool-27-thread-1] INFO  server.RaftServerConfigKeys (ConfUtils.java:logGet(43)) - raft.server.log.preallocated.size = 16384 (custom)
2019-09-19 09:00:13,894 [pool-27-thread-1] INFO  server.RaftServerConfigKeys (ConfUtils.java:logGet(43)) - raft.server.log.write.buffer.size = 33554432 (custom)
2019-09-19 09:00:13,894 [pool-27-thread-1] INFO  server.RaftServerConfigKeys (ConfUtils.java:logGet(43)) - raft.server.log.force.sync.num = 128 (default)
2019-09-19 09:00:13,894 [pool-27-thread-1] INFO  server.RaftServerConfigKeys (ConfUtils.java:logGet(43)) - raft.server.log.statemachine.data.sync = true (default)
2019-09-19 09:00:13,894 [pool-27-thread-1] INFO  server.RaftServerConfigKeys (ConfUtils.java:logGet(43)) - raft.server.log.statemachine.data.sync.timeout = 10s (default)
2019-09-19 09:00:13,894 [pool-27-thread-1] INFO  server.RaftServerConfigKeys (ConfUtils.java:logGet(43)) - raft.server.log.statemachine.data.sync.timeout.retry = -1 (default)
2019-09-19 09:00:13,894 [pool-27-thread-1] INFO  server.RaftServerConfigKeys (ConfUtils.java:logGet(43)) - raft.server.log.statemachine.data.caching.enabled = true (custom)
2019-09-19 09:00:13,894 [pool-27-thread-1] INFO  segmented.SegmentedRaftLogWorker (SegmentedRaftLogWorker.java:lambda$new$0(132)) - 9ec9b7eb-9269-4de4-b0e5-15ac19151471-SegmentedRaftLogWorker:Storage Directory /workdir/hadoop-ozone/integration-test/target/test-dir/MiniOzoneClusterImpl-efb0e503-cad1-4dcb-a604-0867af0d3cca/datanode-0/data/ratis/20289028-6ed9-49c4-9ec9-1c6a5b4b399c: flushIndex: setUnconditionally 0 -> -1
2019-09-19 09:00:13,895 [pool-27-thread-1] INFO  server.RaftServerConfigKeys (ConfUtils.java:logGet(43)) - raft.server.snapshot.auto.trigger.enabled = true (custom)
2019-09-19 09:00:13,895 [pool-27-thread-1] INFO  server.RaftServerConfigKeys (ConfUtils.java:logGet(43)) - raft.server.snapshot.auto.trigger.threshold = 10000 (custom)
2019-09-19 09:00:13,895 [pool-27-thread-1] INFO  server.RaftServerConfigKeys (ConfUtils.java:logGet(43)) - raft.server.retrycache.expirytime = 600000ms (custom)
2019-09-19 09:00:13,895 [pool-27-thread-1] INFO  impl.RaftServerImpl (RaftServerImpl.java:start(180)) - 9ec9b7eb-9269-4de4-b0e5-15ac19151471: start group-1C6A5B4B399C
2019-09-19 09:00:13,895 [pool-27-thread-1] INFO  impl.RaftServerImpl (RaftServerImpl.java:setRole(171)) - 9ec9b7eb-9269-4de4-b0e5-15ac19151471:group-1C6A5B4B399C changes role from null to FOLLOWER at term 0 for startAsFollower
2019-09-19 09:00:13,895 [pool-27-thread-1] INFO  impl.RoleInfo (RoleInfo.java:updateAndGet(143)) - 9ec9b7eb-9269-4de4-b0e5-15ac19151471: start FollowerState
2019-09-19 09:00:13,896 [pool-27-thread-1] INFO  util.JmxRegister (JmxRegister.java:tryRegister(44)) - Successfully registered JMX Bean with object name Ratis:service=RaftServer,group=group-1C6A5B4B399C,id=9ec9b7eb-9269-4de4-b0e5-15ac19151471
2019-09-19 09:00:13,911 [RatisPipelineUtilsThread] INFO  pipeline.PipelineStateManager (PipelineStateManager.java:addPipeline(56)) - Created pipeline Pipeline[ Id: 20289028-6ed9-49c4-9ec9-1c6a5b4b399c, Nodes: 9ec9b7eb-9269-4de4-b0e5-15ac19151471{ip: 192.168.34.5, host: pr-hdds-1569-j4bt4-3030777008, networkLocation: /default-rack, certSerialId: null}, Type:RATIS, Factor:ONE, State:OPEN]
2019-09-19 09:00:13,933 [grpc-default-executor-0] INFO  impl.RaftServerProxy (RaftServerProxy.java:addNew(89)) - cf0fb8b8-922c-4d9e-8ced-919bfd64db77: addNew group-7D6B68450511:[cf0fb8b8-922c-4d9e-8ced-919bfd64db77:192.168.34.5:43255] returns group-7D6B68450511:java.util.concurrent.CompletableFuture@4e63d1bb[Not completed]
2019-09-19 09:00:13,934 [pool-49-thread-1] INFO  impl.RaftServerImpl (RaftServerImpl.java:<init>(93)) - cf0fb8b8-922c-4d9e-8ced-919bfd64db77: new RaftServerImpl for group-7D6B68450511:[cf0fb8b8-922c-4d9e-8ced-919bfd64db77:192.168.34.5:43255] with ContainerStateMachine:uninitialized
2019-09-19 09:00:13,935 [pool-49-thread-1] INFO  server.RaftServerConfigKeys (ConfUtils.java:logGet(43)) - raft.server.rpc.timeout.min = 5s (custom)
2019-09-19 09:00:13,935 [pool-49-thread-1] INFO  server.RaftServerConfigKeys (ConfUtils.java:logGet(43)) - raft.server.rpc.timeout.max = 5200ms (custom)
2019-09-19 09:00:13,935 [pool-49-thread-1] INFO  server.RaftServerConfigKeys (ConfUtils.java:logGet(43)) - raft.server.rpcslowness.timeout = 120s (custom)
2019-09-19 09:00:13,935 [pool-49-thread-1] INFO  server.RaftServerConfigKeys (ConfUtils.java:logGet(43)) - raft.server.sleep.deviation.threshold = 300 (default)
2019-09-19 09:00:13,935 [pool-49-thread-1] INFO  server.RaftServerConfigKeys (ConfUtils.java:logGet(43)) - raft.server.log.appender.install.snapshot.enabled = false (custom)
2019-09-19 09:00:13,935 [pool-49-thread-1] INFO  impl.RaftServerImpl (ServerState.java:<init>(105)) - cf0fb8b8-922c-4d9e-8ced-919bfd64db77:group-7D6B68450511 ConfigurationManager, init=-1: [cf0fb8b8-922c-4d9e-8ced-919bfd64db77:192.168.34.5:43255], old=null, confs=<EMPTY_MAP>
2019-09-19 09:00:13,935 [pool-49-thread-1] INFO  server.RaftServerConfigKeys (ConfUtils.java:logGet(43)) - raft.server.storage.dir = [/workdir/hadoop-ozone/integration-test/target/test-dir/MiniOzoneClusterImpl-efb0e503-cad1-4dcb-a604-0867af0d3cca/datanode-2/data/ratis] (custom)
2019-09-19 09:00:13,936 [pool-49-thread-1] INFO  storage.RaftStorageDirectory (RaftStorageDirectory.java:analyzeStorage(246)) - The storage directory /workdir/hadoop-ozone/integration-test/target/test-dir/MiniOzoneClusterImpl-efb0e503-cad1-4dcb-a604-0867af0d3cca/datanode-2/data/ratis/9db54852-46fc-4ee7-b0d8-7d6b68450511 does not exist. Creating ...
2019-09-19 09:00:13,948 [pool-49-thread-1] INFO  storage.RaftStorageDirectory (RaftStorageDirectory.java:tryLock(328)) - Lock on /workdir/hadoop-ozone/integration-test/target/test-dir/MiniOzoneClusterImpl-efb0e503-cad1-4dcb-a604-0867af0d3cca/datanode-2/data/ratis/9db54852-46fc-4ee7-b0d8-7d6b68450511/in_use.lock acquired by nodename 12225@pr-hdds-1569-j4bt4-3030777008
2019-09-19 09:00:13,961 [pool-49-thread-1] INFO  storage.RaftStorage (RaftStorage.java:format(72)) - Storage directory /workdir/hadoop-ozone/integration-test/target/test-dir/MiniOzoneClusterImpl-efb0e503-cad1-4dcb-a604-0867af0d3cca/datanode-2/data/ratis/9db54852-46fc-4ee7-b0d8-7d6b68450511 has been successfully formatted.
2019-09-19 09:00:13,961 [pool-49-thread-1] INFO  ratis.ContainerStateMachine (ContainerStateMachine.java:loadSnapshot(226)) - group-7D6B68450511: The snapshot info is null. Setting the last applied indexto:(t:0, i:~)
2019-09-19 09:00:13,961 [pool-49-thread-1] INFO  server.RaftServerConfigKeys (ConfUtils.java:logGet(43)) - raft.server.leader.election.timeout = 120s (custom)
2019-09-19 09:00:13,962 [pool-49-thread-1] INFO  server.RaftServerConfigKeys (ConfUtils.java:logGet(43)) - raft.server.log.use.memory = false (default)
2019-09-19 09:00:13,962 [pool-49-thread-1] INFO  server.RaftServerConfigKeys (ConfUtils.java:logGet(43)) - raft.server.log.purge.gap = 1000000 (custom)
2019-09-19 09:00:13,962 [pool-49-thread-1] INFO  server.RaftServerConfigKeys (ConfUtils.java:logGet(43)) - raft.server.log.appender.buffer.byte-limit = 33554432 (custom)
2019-09-19 09:00:13,962 [pool-49-thread-1] INFO  server.RaftServerConfigKeys (ConfUtils.java:logGet(43)) - raft.server.log.segment.size.max = 1048576 (custom)
2019-09-19 09:00:13,962 [pool-49-thread-1] INFO  server.RaftServerConfigKeys (ConfUtils.java:logGet(43)) - raft.server.log.segment.cache.num.max = 2 (custom)
2019-09-19 09:00:13,962 [pool-49-thread-1] INFO  segmented.SegmentedRaftLogWorker (SegmentedRaftLogWorker.java:<init>(172)) - new cf0fb8b8-922c-4d9e-8ced-919bfd64db77-SegmentedRaftLogWorker:Storage Directory /workdir/hadoop-ozone/integration-test/target/test-dir/MiniOzoneClusterImpl-efb0e503-cad1-4dcb-a604-0867af0d3cca/datanode-2/data/ratis/9db54852-46fc-4ee7-b0d8-7d6b68450511 for RaftStorage:Storage Directory /workdir/hadoop-ozone/integration-test/target/test-dir/MiniOzoneClusterImpl-efb0e503-cad1-4dcb-a604-0867af0d3cca/datanode-2/data/ratis/9db54852-46fc-4ee7-b0d8-7d6b68450511
2019-09-19 09:00:13,962 [pool-49-thread-1] INFO  server.RaftServerConfigKeys (ConfUtils.java:logGet(43)) - raft.server.log.queue.byte-limit = 2147483647 (custom)
2019-09-19 09:00:13,962 [pool-49-thread-1] INFO  server.RaftServerConfigKeys (ConfUtils.java:logGet(43)) - raft.server.log.queue.element-limit = 1024 (custom)
2019-09-19 09:00:13,963 [pool-49-thread-1] INFO  server.RaftServerConfigKeys (ConfUtils.java:logGet(43)) - raft.server.log.segment.size.max = 1048576 (custom)
2019-09-19 09:00:13,963 [pool-49-thread-1] INFO  server.RaftServerConfigKeys (ConfUtils.java:logGet(43)) - raft.server.log.preallocated.size = 16384 (custom)
2019-09-19 09:00:13,963 [pool-49-thread-1] INFO  server.RaftServerConfigKeys (ConfUtils.java:logGet(43)) - raft.server.log.write.buffer.size = 33554432 (custom)
2019-09-19 09:00:13,963 [pool-49-thread-1] INFO  server.RaftServerConfigKeys (ConfUtils.java:logGet(43)) - raft.server.log.force.sync.num = 128 (default)
2019-09-19 09:00:13,963 [pool-49-thread-1] INFO  server.RaftServerConfigKeys (ConfUtils.java:logGet(43)) - raft.server.log.statemachine.data.sync = true (default)
2019-09-19 09:00:13,963 [pool-49-thread-1] INFO  server.RaftServerConfigKeys (ConfUtils.java:logGet(43)) - raft.server.log.statemachine.data.sync.timeout = 10s (default)
2019-09-19 09:00:13,963 [pool-49-thread-1] INFO  server.RaftServerConfigKeys (ConfUtils.java:logGet(43)) - raft.server.log.statemachine.data.sync.timeout.retry = -1 (default)
2019-09-19 09:00:13,963 [pool-49-thread-1] INFO  server.RaftServerConfigKeys (ConfUtils.java:logGet(43)) - raft.server.log.statemachine.data.caching.enabled = true (custom)
2019-09-19 09:00:13,964 [pool-49-thread-1] INFO  segmented.SegmentedRaftLogWorker (SegmentedRaftLogWorker.java:lambda$new$0(132)) - cf0fb8b8-922c-4d9e-8ced-919bfd64db77-SegmentedRaftLogWorker:Storage Directory /workdir/hadoop-ozone/integration-test/target/test-dir/MiniOzoneClusterImpl-efb0e503-cad1-4dcb-a604-0867af0d3cca/datanode-2/data/ratis/9db54852-46fc-4ee7-b0d8-7d6b68450511: flushIndex: setUnconditionally 0 -> -1
2019-09-19 09:00:13,964 [pool-49-thread-1] INFO  server.RaftServerConfigKeys (ConfUtils.java:logGet(43)) - raft.server.snapshot.auto.trigger.enabled = true (custom)
2019-09-19 09:00:13,964 [pool-49-thread-1] INFO  server.RaftServerConfigKeys (ConfUtils.java:logGet(43)) - raft.server.snapshot.auto.trigger.threshold = 10000 (custom)
2019-09-19 09:00:13,964 [pool-49-thread-1] INFO  server.RaftServerConfigKeys (ConfUtils.java:logGet(43)) - raft.server.retrycache.expirytime = 600000ms (custom)
2019-09-19 09:00:13,964 [pool-49-thread-1] INFO  impl.RaftServerImpl (RaftServerImpl.java:start(180)) - cf0fb8b8-922c-4d9e-8ced-919bfd64db77: start group-7D6B68450511
2019-09-19 09:00:13,965 [pool-49-thread-1] INFO  impl.RaftServerImpl (RaftServerImpl.java:setRole(171)) - cf0fb8b8-922c-4d9e-8ced-919bfd64db77:group-7D6B68450511 changes role from null to FOLLOWER at term 0 for startAsFollower
2019-09-19 09:00:13,965 [pool-49-thread-1] INFO  impl.RoleInfo (RoleInfo.java:updateAndGet(143)) - cf0fb8b8-922c-4d9e-8ced-919bfd64db77: start FollowerState
2019-09-19 09:00:13,965 [pool-49-thread-1] INFO  util.JmxRegister (JmxRegister.java:tryRegister(44)) - Successfully registered JMX Bean with object name Ratis:service=RaftServer,group=group-7D6B68450511,id=cf0fb8b8-922c-4d9e-8ced-919bfd64db77
2019-09-19 09:00:13,976 [RatisPipelineUtilsThread] INFO  pipeline.PipelineStateManager (PipelineStateManager.java:addPipeline(56)) - Created pipeline Pipeline[ Id: 9db54852-46fc-4ee7-b0d8-7d6b68450511, Nodes: cf0fb8b8-922c-4d9e-8ced-919bfd64db77{ip: 192.168.34.5, host: pr-hdds-1569-j4bt4-3030777008, networkLocation: /default-rack, certSerialId: null}, Type:RATIS, Factor:ONE, State:OPEN]
2019-09-19 09:00:13,989 [grpc-default-executor-0] INFO  impl.RaftServerProxy (RaftServerProxy.java:addNew(89)) - 2b82d6a8-341a-4a13-8451-80c547e9561a: addNew group-096ADC0F99BD:[2b82d6a8-341a-4a13-8451-80c547e9561a:192.168.34.5:34627] returns group-096ADC0F99BD:java.util.concurrent.CompletableFuture@5fae9e3f[Not completed]
2019-09-19 09:00:13,990 [pool-38-thread-1] INFO  impl.RaftServerImpl (RaftServerImpl.java:<init>(93)) - 2b82d6a8-341a-4a13-8451-80c547e9561a: new RaftServerImpl for group-096ADC0F99BD:[2b82d6a8-341a-4a13-8451-80c547e9561a:192.168.34.5:34627] with ContainerStateMachine:uninitialized
2019-09-19 09:00:13,991 [pool-38-thread-1] INFO  server.RaftServerConfigKeys (ConfUtils.java:logGet(43)) - raft.server.rpc.timeout.min = 5s (custom)
2019-09-19 09:00:13,991 [pool-38-thread-1] INFO  server.RaftServerConfigKeys (ConfUtils.java:logGet(43)) - raft.server.rpc.timeout.max = 5200ms (custom)
2019-09-19 09:00:13,991 [pool-38-thread-1] INFO  server.RaftServerConfigKeys (ConfUtils.java:logGet(43)) - raft.server.rpcslowness.timeout = 120s (custom)
2019-09-19 09:00:13,991 [pool-38-thread-1] INFO  server.RaftServerConfigKeys (ConfUtils.java:logGet(43)) - raft.server.sleep.deviation.threshold = 300 (default)
2019-09-19 09:00:13,991 [pool-38-thread-1] INFO  server.RaftServerConfigKeys (ConfUtils.java:logGet(43)) - raft.server.log.appender.install.snapshot.enabled = false (custom)
2019-09-19 09:00:13,991 [pool-38-thread-1] INFO  impl.RaftServerImpl (ServerState.java:<init>(105)) - 2b82d6a8-341a-4a13-8451-80c547e9561a:group-096ADC0F99BD ConfigurationManager, init=-1: [2b82d6a8-341a-4a13-8451-80c547e9561a:192.168.34.5:34627], old=null, confs=<EMPTY_MAP>
2019-09-19 09:00:13,991 [pool-38-thread-1] INFO  server.RaftServerConfigKeys (ConfUtils.java:logGet(43)) - raft.server.storage.dir = [/workdir/hadoop-ozone/integration-test/target/test-dir/MiniOzoneClusterImpl-efb0e503-cad1-4dcb-a604-0867af0d3cca/datanode-1/data/ratis] (custom)
2019-09-19 09:00:13,992 [pool-38-thread-1] INFO  storage.RaftStorageDirectory (RaftStorageDirectory.java:analyzeStorage(246)) - The storage directory /workdir/hadoop-ozone/integration-test/target/test-dir/MiniOzoneClusterImpl-efb0e503-cad1-4dcb-a604-0867af0d3cca/datanode-1/data/ratis/c0a6a43c-177c-4522-93a2-096adc0f99bd does not exist. Creating ...
2019-09-19 09:00:13,995 [pool-38-thread-1] INFO  storage.RaftStorageDirectory (RaftStorageDirectory.java:tryLock(328)) - Lock on /workdir/hadoop-ozone/integration-test/target/test-dir/MiniOzoneClusterImpl-efb0e503-cad1-4dcb-a604-0867af0d3cca/datanode-1/data/ratis/c0a6a43c-177c-4522-93a2-096adc0f99bd/in_use.lock acquired by nodename 12225@pr-hdds-1569-j4bt4-3030777008
2019-09-19 09:00:13,998 [pool-38-thread-1] INFO  storage.RaftStorage (RaftStorage.java:format(72)) - Storage directory /workdir/hadoop-ozone/integration-test/target/test-dir/MiniOzoneClusterImpl-efb0e503-cad1-4dcb-a604-0867af0d3cca/datanode-1/data/ratis/c0a6a43c-177c-4522-93a2-096adc0f99bd has been successfully formatted.
2019-09-19 09:00:13,999 [pool-38-thread-1] INFO  ratis.ContainerStateMachine (ContainerStateMachine.java:loadSnapshot(226)) - group-096ADC0F99BD: The snapshot info is null. Setting the last applied indexto:(t:0, i:~)
2019-09-19 09:00:13,999 [pool-38-thread-1] INFO  server.RaftServerConfigKeys (ConfUtils.java:logGet(43)) - raft.server.leader.election.timeout = 120s (custom)
2019-09-19 09:00:13,999 [pool-38-thread-1] INFO  server.RaftServerConfigKeys (ConfUtils.java:logGet(43)) - raft.server.log.use.memory = false (default)
2019-09-19 09:00:13,999 [pool-38-thread-1] INFO  server.RaftServerConfigKeys (ConfUtils.java:logGet(43)) - raft.server.log.purge.gap = 1000000 (custom)
2019-09-19 09:00:14,000 [pool-38-thread-1] INFO  server.RaftServerConfigKeys (ConfUtils.java:logGet(43)) - raft.server.log.appender.buffer.byte-limit = 33554432 (custom)
2019-09-19 09:00:14,000 [pool-38-thread-1] INFO  server.RaftServerConfigKeys (ConfUtils.java:logGet(43)) - raft.server.log.segment.size.max = 1048576 (custom)
2019-09-19 09:00:14,000 [pool-38-thread-1] INFO  server.RaftServerConfigKeys (ConfUtils.java:logGet(43)) - raft.server.log.segment.cache.num.max = 2 (custom)
2019-09-19 09:00:14,001 [pool-38-thread-1] INFO  segmented.SegmentedRaftLogWorker (SegmentedRaftLogWorker.java:<init>(172)) - new 2b82d6a8-341a-4a13-8451-80c547e9561a-SegmentedRaftLogWorker:Storage Directory /workdir/hadoop-ozone/integration-test/target/test-dir/MiniOzoneClusterImpl-efb0e503-cad1-4dcb-a604-0867af0d3cca/datanode-1/data/ratis/c0a6a43c-177c-4522-93a2-096adc0f99bd for RaftStorage:Storage Directory /workdir/hadoop-ozone/integration-test/target/test-dir/MiniOzoneClusterImpl-efb0e503-cad1-4dcb-a604-0867af0d3cca/datanode-1/data/ratis/c0a6a43c-177c-4522-93a2-096adc0f99bd
2019-09-19 09:00:14,001 [pool-38-thread-1] INFO  server.RaftServerConfigKeys (ConfUtils.java:logGet(43)) - raft.server.log.queue.byte-limit = 2147483647 (custom)
2019-09-19 09:00:14,001 [pool-38-thread-1] INFO  server.RaftServerConfigKeys (ConfUtils.java:logGet(43)) - raft.server.log.queue.element-limit = 1024 (custom)
2019-09-19 09:00:14,001 [pool-38-thread-1] INFO  server.RaftServerConfigKeys (ConfUtils.java:logGet(43)) - raft.server.log.segment.size.max = 1048576 (custom)
2019-09-19 09:00:14,002 [pool-38-thread-1] INFO  server.RaftServerConfigKeys (ConfUtils.java:logGet(43)) - raft.server.log.preallocated.size = 16384 (custom)
2019-09-19 09:00:14,002 [pool-38-thread-1] INFO  server.RaftServerConfigKeys (ConfUtils.java:logGet(43)) - raft.server.log.write.buffer.size = 33554432 (custom)
2019-09-19 09:00:14,002 [pool-38-thread-1] INFO  server.RaftServerConfigKeys (ConfUtils.java:logGet(43)) - raft.server.log.force.sync.num = 128 (default)
2019-09-19 09:00:14,002 [pool-38-thread-1] INFO  server.RaftServerConfigKeys (ConfUtils.java:logGet(43)) - raft.server.log.statemachine.data.sync = true (default)
2019-09-19 09:00:14,002 [pool-38-thread-1] INFO  server.RaftServerConfigKeys (ConfUtils.java:logGet(43)) - raft.server.log.statemachine.data.sync.timeout = 10s (default)
2019-09-19 09:00:14,003 [pool-38-thread-1] INFO  server.RaftServerConfigKeys (ConfUtils.java:logGet(43)) - raft.server.log.statemachine.data.sync.timeout.retry = -1 (default)
2019-09-19 09:00:14,003 [pool-38-thread-1] INFO  server.RaftServerConfigKeys (ConfUtils.java:logGet(43)) - raft.server.log.statemachine.data.caching.enabled = true (custom)
2019-09-19 09:00:14,004 [pool-38-thread-1] INFO  segmented.SegmentedRaftLogWorker (SegmentedRaftLogWorker.java:lambda$new$0(132)) - 2b82d6a8-341a-4a13-8451-80c547e9561a-SegmentedRaftLogWorker:Storage Directory /workdir/hadoop-ozone/integration-test/target/test-dir/MiniOzoneClusterImpl-efb0e503-cad1-4dcb-a604-0867af0d3cca/datanode-1/data/ratis/c0a6a43c-177c-4522-93a2-096adc0f99bd: flushIndex: setUnconditionally 0 -> -1
2019-09-19 09:00:14,004 [pool-38-thread-1] INFO  server.RaftServerConfigKeys (ConfUtils.java:logGet(43)) - raft.server.snapshot.auto.trigger.enabled = true (custom)
2019-09-19 09:00:14,004 [pool-38-thread-1] INFO  server.RaftServerConfigKeys (ConfUtils.java:logGet(43)) - raft.server.snapshot.auto.trigger.threshold = 10000 (custom)
2019-09-19 09:00:14,005 [pool-38-thread-1] INFO  server.RaftServerConfigKeys (ConfUtils.java:logGet(43)) - raft.server.retrycache.expirytime = 600000ms (custom)
2019-09-19 09:00:14,005 [pool-38-thread-1] INFO  impl.RaftServerImpl (RaftServerImpl.java:start(180)) - 2b82d6a8-341a-4a13-8451-80c547e9561a: start group-096ADC0F99BD
2019-09-19 09:00:14,005 [pool-38-thread-1] INFO  impl.RaftServerImpl (RaftServerImpl.java:setRole(171)) - 2b82d6a8-341a-4a13-8451-80c547e9561a:group-096ADC0F99BD changes role from null to FOLLOWER at term 0 for startAsFollower
2019-09-19 09:00:14,005 [pool-38-thread-1] INFO  impl.RoleInfo (RoleInfo.java:updateAndGet(143)) - 2b82d6a8-341a-4a13-8451-80c547e9561a: start FollowerState
2019-09-19 09:00:14,006 [pool-38-thread-1] INFO  util.JmxRegister (JmxRegister.java:tryRegister(44)) - Successfully registered JMX Bean with object name Ratis:service=RaftServer,group=group-096ADC0F99BD,id=2b82d6a8-341a-4a13-8451-80c547e9561a
2019-09-19 09:00:14,025 [RatisPipelineUtilsThread] INFO  pipeline.PipelineStateManager (PipelineStateManager.java:addPipeline(56)) - Created pipeline Pipeline[ Id: c0a6a43c-177c-4522-93a2-096adc0f99bd, Nodes: 2b82d6a8-341a-4a13-8451-80c547e9561a{ip: 192.168.34.5, host: pr-hdds-1569-j4bt4-3030777008, networkLocation: /default-rack, certSerialId: null}, Type:RATIS, Factor:ONE, State:OPEN]
2019-09-19 09:00:14,039 [grpc-default-executor-0] INFO  impl.RaftServerProxy (RaftServerProxy.java:addNew(89)) - 21f2978a-2ca5-4a16-a721-5bddc1a70383: addNew group-5DF9D13CE92A:[21f2978a-2ca5-4a16-a721-5bddc1a70383:192.168.34.5:38423] returns group-5DF9D13CE92A:java.util.concurrent.CompletableFuture@62be4cb3[Not completed]
2019-09-19 09:00:14,042 [pool-71-thread-1] INFO  impl.RaftServerImpl (RaftServerImpl.java:<init>(93)) - 21f2978a-2ca5-4a16-a721-5bddc1a70383: new RaftServerImpl for group-5DF9D13CE92A:[21f2978a-2ca5-4a16-a721-5bddc1a70383:192.168.34.5:38423] with ContainerStateMachine:uninitialized
2019-09-19 09:00:14,042 [pool-71-thread-1] INFO  server.RaftServerConfigKeys (ConfUtils.java:logGet(43)) - raft.server.rpc.timeout.min = 5s (custom)
2019-09-19 09:00:14,043 [pool-71-thread-1] INFO  server.RaftServerConfigKeys (ConfUtils.java:logGet(43)) - raft.server.rpc.timeout.max = 5200ms (custom)
2019-09-19 09:00:14,043 [pool-71-thread-1] INFO  server.RaftServerConfigKeys (ConfUtils.java:logGet(43)) - raft.server.rpcslowness.timeout = 120s (custom)
2019-09-19 09:00:14,043 [pool-71-thread-1] INFO  server.RaftServerConfigKeys (ConfUtils.java:logGet(43)) - raft.server.sleep.deviation.threshold = 300 (default)
2019-09-19 09:00:14,043 [pool-71-thread-1] INFO  server.RaftServerConfigKeys (ConfUtils.java:logGet(43)) - raft.server.log.appender.install.snapshot.enabled = false (custom)
2019-09-19 09:00:14,043 [pool-71-thread-1] INFO  impl.RaftServerImpl (ServerState.java:<init>(105)) - 21f2978a-2ca5-4a16-a721-5bddc1a70383:group-5DF9D13CE92A ConfigurationManager, init=-1: [21f2978a-2ca5-4a16-a721-5bddc1a70383:192.168.34.5:38423], old=null, confs=<EMPTY_MAP>
2019-09-19 09:00:14,043 [pool-71-thread-1] INFO  server.RaftServerConfigKeys (ConfUtils.java:logGet(43)) - raft.server.storage.dir = [/workdir/hadoop-ozone/integration-test/target/test-dir/MiniOzoneClusterImpl-efb0e503-cad1-4dcb-a604-0867af0d3cca/datanode-4/data/ratis] (custom)
2019-09-19 09:00:14,044 [pool-71-thread-1] INFO  storage.RaftStorageDirectory (RaftStorageDirectory.java:analyzeStorage(246)) - The storage directory /workdir/hadoop-ozone/integration-test/target/test-dir/MiniOzoneClusterImpl-efb0e503-cad1-4dcb-a604-0867af0d3cca/datanode-4/data/ratis/7c37b9d9-4fab-4ec1-a6ad-5df9d13ce92a does not exist. Creating ...
2019-09-19 09:00:14,055 [pool-71-thread-1] INFO  storage.RaftStorageDirectory (RaftStorageDirectory.java:tryLock(328)) - Lock on /workdir/hadoop-ozone/integration-test/target/test-dir/MiniOzoneClusterImpl-efb0e503-cad1-4dcb-a604-0867af0d3cca/datanode-4/data/ratis/7c37b9d9-4fab-4ec1-a6ad-5df9d13ce92a/in_use.lock acquired by nodename 12225@pr-hdds-1569-j4bt4-3030777008
2019-09-19 09:00:14,058 [pool-71-thread-1] INFO  storage.RaftStorage (RaftStorage.java:format(72)) - Storage directory /workdir/hadoop-ozone/integration-test/target/test-dir/MiniOzoneClusterImpl-efb0e503-cad1-4dcb-a604-0867af0d3cca/datanode-4/data/ratis/7c37b9d9-4fab-4ec1-a6ad-5df9d13ce92a has been successfully formatted.
2019-09-19 09:00:14,058 [pool-71-thread-1] INFO  ratis.ContainerStateMachine (ContainerStateMachine.java:loadSnapshot(226)) - group-5DF9D13CE92A: The snapshot info is null. Setting the last applied indexto:(t:0, i:~)
2019-09-19 09:00:14,059 [pool-71-thread-1] INFO  server.RaftServerConfigKeys (ConfUtils.java:logGet(43)) - raft.server.leader.election.timeout = 120s (custom)
2019-09-19 09:00:14,059 [pool-71-thread-1] INFO  server.RaftServerConfigKeys (ConfUtils.java:logGet(43)) - raft.server.log.use.memory = false (default)
2019-09-19 09:00:14,059 [pool-71-thread-1] INFO  server.RaftServerConfigKeys (ConfUtils.java:logGet(43)) - raft.server.log.purge.gap = 1000000 (custom)
2019-09-19 09:00:14,059 [pool-71-thread-1] INFO  server.RaftServerConfigKeys (ConfUtils.java:logGet(43)) - raft.server.log.appender.buffer.byte-limit = 33554432 (custom)
2019-09-19 09:00:14,059 [pool-71-thread-1] INFO  server.RaftServerConfigKeys (ConfUtils.java:logGet(43)) - raft.server.log.segment.size.max = 1048576 (custom)
2019-09-19 09:00:14,059 [pool-71-thread-1] INFO  server.RaftServerConfigKeys (ConfUtils.java:logGet(43)) - raft.server.log.segment.cache.num.max = 2 (custom)
2019-09-19 09:00:14,059 [pool-71-thread-1] INFO  segmented.SegmentedRaftLogWorker (SegmentedRaftLogWorker.java:<init>(172)) - new 21f2978a-2ca5-4a16-a721-5bddc1a70383-SegmentedRaftLogWorker:Storage Directory /workdir/hadoop-ozone/integration-test/target/test-dir/MiniOzoneClusterImpl-efb0e503-cad1-4dcb-a604-0867af0d3cca/datanode-4/data/ratis/7c37b9d9-4fab-4ec1-a6ad-5df9d13ce92a for RaftStorage:Storage Directory /workdir/hadoop-ozone/integration-test/target/test-dir/MiniOzoneClusterImpl-efb0e503-cad1-4dcb-a604-0867af0d3cca/datanode-4/data/ratis/7c37b9d9-4fab-4ec1-a6ad-5df9d13ce92a
2019-09-19 09:00:14,060 [pool-71-thread-1] INFO  server.RaftServerConfigKeys (ConfUtils.java:logGet(43)) - raft.server.log.queue.byte-limit = 2147483647 (custom)
2019-09-19 09:00:14,060 [pool-71-thread-1] INFO  server.RaftServerConfigKeys (ConfUtils.java:logGet(43)) - raft.server.log.queue.element-limit = 1024 (custom)
2019-09-19 09:00:14,060 [pool-71-thread-1] INFO  server.RaftServerConfigKeys (ConfUtils.java:logGet(43)) - raft.server.log.segment.size.max = 1048576 (custom)
2019-09-19 09:00:14,060 [pool-71-thread-1] INFO  server.RaftServerConfigKeys (ConfUtils.java:logGet(43)) - raft.server.log.preallocated.size = 16384 (custom)
2019-09-19 09:00:14,060 [pool-71-thread-1] INFO  server.RaftServerConfigKeys (ConfUtils.java:logGet(43)) - raft.server.log.write.buffer.size = 33554432 (custom)
2019-09-19 09:00:14,060 [pool-71-thread-1] INFO  server.RaftServerConfigKeys (ConfUtils.java:logGet(43)) - raft.server.log.force.sync.num = 128 (default)
2019-09-19 09:00:14,060 [pool-71-thread-1] INFO  server.RaftServerConfigKeys (ConfUtils.java:logGet(43)) - raft.server.log.statemachine.data.sync = true (default)
2019-09-19 09:00:14,061 [pool-71-thread-1] INFO  server.RaftServerConfigKeys (ConfUtils.java:logGet(43)) - raft.server.log.statemachine.data.sync.timeout = 10s (default)
2019-09-19 09:00:14,061 [pool-71-thread-1] INFO  server.RaftServerConfigKeys (ConfUtils.java:logGet(43)) - raft.server.log.statemachine.data.sync.timeout.retry = -1 (default)
2019-09-19 09:00:14,061 [pool-71-thread-1] INFO  server.RaftServerConfigKeys (ConfUtils.java:logGet(43)) - raft.server.log.statemachine.data.caching.enabled = true (custom)
2019-09-19 09:00:14,061 [pool-71-thread-1] INFO  segmented.SegmentedRaftLogWorker (SegmentedRaftLogWorker.java:lambda$new$0(132)) - 21f2978a-2ca5-4a16-a721-5bddc1a70383-SegmentedRaftLogWorker:Storage Directory /workdir/hadoop-ozone/integration-test/target/test-dir/MiniOzoneClusterImpl-efb0e503-cad1-4dcb-a604-0867af0d3cca/datanode-4/data/ratis/7c37b9d9-4fab-4ec1-a6ad-5df9d13ce92a: flushIndex: setUnconditionally 0 -> -1
2019-09-19 09:00:14,062 [pool-71-thread-1] INFO  server.RaftServerConfigKeys (ConfUtils.java:logGet(43)) - raft.server.snapshot.auto.trigger.enabled = true (custom)
2019-09-19 09:00:14,062 [pool-71-thread-1] INFO  server.RaftServerConfigKeys (ConfUtils.java:logGet(43)) - raft.server.snapshot.auto.trigger.threshold = 10000 (custom)
2019-09-19 09:00:14,062 [pool-71-thread-1] INFO  server.RaftServerConfigKeys (ConfUtils.java:logGet(43)) - raft.server.retrycache.expirytime = 600000ms (custom)
2019-09-19 09:00:14,062 [pool-71-thread-1] INFO  impl.RaftServerImpl (RaftServerImpl.java:start(180)) - 21f2978a-2ca5-4a16-a721-5bddc1a70383: start group-5DF9D13CE92A
2019-09-19 09:00:14,062 [pool-71-thread-1] INFO  impl.RaftServerImpl (RaftServerImpl.java:setRole(171)) - 21f2978a-2ca5-4a16-a721-5bddc1a70383:group-5DF9D13CE92A changes role from null to FOLLOWER at term 0 for startAsFollower
2019-09-19 09:00:14,062 [pool-71-thread-1] INFO  impl.RoleInfo (RoleInfo.java:updateAndGet(143)) - 21f2978a-2ca5-4a16-a721-5bddc1a70383: start FollowerState
2019-09-19 09:00:14,063 [pool-71-thread-1] INFO  util.JmxRegister (JmxRegister.java:tryRegister(44)) - Successfully registered JMX Bean with object name Ratis:service=RaftServer,group=group-5DF9D13CE92A,id=21f2978a-2ca5-4a16-a721-5bddc1a70383
2019-09-19 09:00:14,072 [RatisPipelineUtilsThread] INFO  pipeline.PipelineStateManager (PipelineStateManager.java:addPipeline(56)) - Created pipeline Pipeline[ Id: 7c37b9d9-4fab-4ec1-a6ad-5df9d13ce92a, Nodes: 21f2978a-2ca5-4a16-a721-5bddc1a70383{ip: 192.168.34.5, host: pr-hdds-1569-j4bt4-3030777008, networkLocation: /default-rack, certSerialId: null}, Type:RATIS, Factor:ONE, State:OPEN]
2019-09-19 09:00:14,084 [grpc-default-executor-0] INFO  impl.RaftServerProxy (RaftServerProxy.java:addNew(89)) - 188fabf1-fb11-41c2-a0ed-ee400af44df4: addNew group-CCDA13B72EDA:[188fabf1-fb11-41c2-a0ed-ee400af44df4:192.168.34.5:35829] returns group-CCDA13B72EDA:java.util.concurrent.CompletableFuture@45c5c14e[Not completed]
2019-09-19 09:00:14,085 [pool-60-thread-1] INFO  impl.RaftServerImpl (RaftServerImpl.java:<init>(93)) - 188fabf1-fb11-41c2-a0ed-ee400af44df4: new RaftServerImpl for group-CCDA13B72EDA:[188fabf1-fb11-41c2-a0ed-ee400af44df4:192.168.34.5:35829] with ContainerStateMachine:uninitialized
2019-09-19 09:00:14,085 [pool-60-thread-1] INFO  server.RaftServerConfigKeys (ConfUtils.java:logGet(43)) - raft.server.rpc.timeout.min = 5s (custom)
2019-09-19 09:00:14,086 [pool-60-thread-1] INFO  server.RaftServerConfigKeys (ConfUtils.java:logGet(43)) - raft.server.rpc.timeout.max = 5200ms (custom)
2019-09-19 09:00:14,086 [pool-60-thread-1] INFO  server.RaftServerConfigKeys (ConfUtils.java:logGet(43)) - raft.server.rpcslowness.timeout = 120s (custom)
2019-09-19 09:00:14,086 [pool-60-thread-1] INFO  server.RaftServerConfigKeys (ConfUtils.java:logGet(43)) - raft.server.sleep.deviation.threshold = 300 (default)
2019-09-19 09:00:14,086 [pool-60-thread-1] INFO  server.RaftServerConfigKeys (ConfUtils.java:logGet(43)) - raft.server.log.appender.install.snapshot.enabled = false (custom)
2019-09-19 09:00:14,086 [pool-60-thread-1] INFO  impl.RaftServerImpl (ServerState.java:<init>(105)) - 188fabf1-fb11-41c2-a0ed-ee400af44df4:group-CCDA13B72EDA ConfigurationManager, init=-1: [188fabf1-fb11-41c2-a0ed-ee400af44df4:192.168.34.5:35829], old=null, confs=<EMPTY_MAP>
2019-09-19 09:00:14,086 [pool-60-thread-1] INFO  server.RaftServerConfigKeys (ConfUtils.java:logGet(43)) - raft.server.storage.dir = [/workdir/hadoop-ozone/integration-test/target/test-dir/MiniOzoneClusterImpl-efb0e503-cad1-4dcb-a604-0867af0d3cca/datanode-3/data/ratis] (custom)
2019-09-19 09:00:14,086 [pool-60-thread-1] INFO  storage.RaftStorageDirectory (RaftStorageDirectory.java:analyzeStorage(246)) - The storage directory /workdir/hadoop-ozone/integration-test/target/test-dir/MiniOzoneClusterImpl-efb0e503-cad1-4dcb-a604-0867af0d3cca/datanode-3/data/ratis/40e0aba0-c5cb-40b7-aefb-ccda13b72eda does not exist. Creating ...
2019-09-19 09:00:14,092 [pool-60-thread-1] INFO  storage.RaftStorageDirectory (RaftStorageDirectory.java:tryLock(328)) - Lock on /workdir/hadoop-ozone/integration-test/target/test-dir/MiniOzoneClusterImpl-efb0e503-cad1-4dcb-a604-0867af0d3cca/datanode-3/data/ratis/40e0aba0-c5cb-40b7-aefb-ccda13b72eda/in_use.lock acquired by nodename 12225@pr-hdds-1569-j4bt4-3030777008
2019-09-19 09:00:14,093 [main] INFO  ozone.MiniOzoneClusterImpl (MiniOzoneClusterImpl.java:lambda$waitForClusterToBeReady$0(142)) - Cluster is ready. Got 7 of 7 DN Heartbeats.
2019-09-19 09:00:14,095 [pool-60-thread-1] INFO  storage.RaftStorage (RaftStorage.java:format(72)) - Storage directory /workdir/hadoop-ozone/integration-test/target/test-dir/MiniOzoneClusterImpl-efb0e503-cad1-4dcb-a604-0867af0d3cca/datanode-3/data/ratis/40e0aba0-c5cb-40b7-aefb-ccda13b72eda has been successfully formatted.
2019-09-19 09:00:14,095 [pool-60-thread-1] INFO  ratis.ContainerStateMachine (ContainerStateMachine.java:loadSnapshot(226)) - group-CCDA13B72EDA: The snapshot info is null. Setting the last applied indexto:(t:0, i:~)
2019-09-19 09:00:14,096 [pool-60-thread-1] INFO  server.RaftServerConfigKeys (ConfUtils.java:logGet(43)) - raft.server.leader.election.timeout = 120s (custom)
2019-09-19 09:00:14,096 [pool-60-thread-1] INFO  server.RaftServerConfigKeys (ConfUtils.java:logGet(43)) - raft.server.log.use.memory = false (default)
2019-09-19 09:00:14,096 [pool-60-thread-1] INFO  server.RaftServerConfigKeys (ConfUtils.java:logGet(43)) - raft.server.log.purge.gap = 1000000 (custom)
2019-09-19 09:00:14,096 [pool-60-thread-1] INFO  server.RaftServerConfigKeys (ConfUtils.java:logGet(43)) - raft.server.log.appender.buffer.byte-limit = 33554432 (custom)
2019-09-19 09:00:14,096 [pool-60-thread-1] INFO  server.RaftServerConfigKeys (ConfUtils.java:logGet(43)) - raft.server.log.segment.size.max = 1048576 (custom)
2019-09-19 09:00:14,096 [pool-60-thread-1] INFO  server.RaftServerConfigKeys (ConfUtils.java:logGet(43)) - raft.server.log.segment.cache.num.max = 2 (custom)
2019-09-19 09:00:14,096 [pool-60-thread-1] INFO  segmented.SegmentedRaftLogWorker (SegmentedRaftLogWorker.java:<init>(172)) - new 188fabf1-fb11-41c2-a0ed-ee400af44df4-SegmentedRaftLogWorker:Storage Directory /workdir/hadoop-ozone/integration-test/target/test-dir/MiniOzoneClusterImpl-efb0e503-cad1-4dcb-a604-0867af0d3cca/datanode-3/data/ratis/40e0aba0-c5cb-40b7-aefb-ccda13b72eda for RaftStorage:Storage Directory /workdir/hadoop-ozone/integration-test/target/test-dir/MiniOzoneClusterImpl-efb0e503-cad1-4dcb-a604-0867af0d3cca/datanode-3/data/ratis/40e0aba0-c5cb-40b7-aefb-ccda13b72eda
2019-09-19 09:00:14,096 [pool-60-thread-1] INFO  server.RaftServerConfigKeys (ConfUtils.java:logGet(43)) - raft.server.log.queue.byte-limit = 2147483647 (custom)
2019-09-19 09:00:14,096 [pool-60-thread-1] INFO  server.RaftServerConfigKeys (ConfUtils.java:logGet(43)) - raft.server.log.queue.element-limit = 1024 (custom)
2019-09-19 09:00:14,097 [pool-60-thread-1] INFO  server.RaftServerConfigKeys (ConfUtils.java:logGet(43)) - raft.server.log.segment.size.max = 1048576 (custom)
2019-09-19 09:00:14,097 [pool-60-thread-1] INFO  server.RaftServerConfigKeys (ConfUtils.java:logGet(43)) - raft.server.log.preallocated.size = 16384 (custom)
2019-09-19 09:00:14,097 [pool-60-thread-1] INFO  server.RaftServerConfigKeys (ConfUtils.java:logGet(43)) - raft.server.log.write.buffer.size = 33554432 (custom)
2019-09-19 09:00:14,097 [pool-60-thread-1] INFO  server.RaftServerConfigKeys (ConfUtils.java:logGet(43)) - raft.server.log.force.sync.num = 128 (default)
2019-09-19 09:00:14,097 [pool-60-thread-1] INFO  server.RaftServerConfigKeys (ConfUtils.java:logGet(43)) - raft.server.log.statemachine.data.sync = true (default)
2019-09-19 09:00:14,097 [pool-60-thread-1] INFO  server.RaftServerConfigKeys (ConfUtils.java:logGet(43)) - raft.server.log.statemachine.data.sync.timeout = 10s (default)
2019-09-19 09:00:14,097 [pool-60-thread-1] INFO  server.RaftServerConfigKeys (ConfUtils.java:logGet(43)) - raft.server.log.statemachine.data.sync.timeout.retry = -1 (default)
2019-09-19 09:00:14,097 [pool-60-thread-1] INFO  server.RaftServerConfigKeys (ConfUtils.java:logGet(43)) - raft.server.log.statemachine.data.caching.enabled = true (custom)
2019-09-19 09:00:14,098 [pool-60-thread-1] INFO  segmented.SegmentedRaftLogWorker (SegmentedRaftLogWorker.java:lambda$new$0(132)) - 188fabf1-fb11-41c2-a0ed-ee400af44df4-SegmentedRaftLogWorker:Storage Directory /workdir/hadoop-ozone/integration-test/target/test-dir/MiniOzoneClusterImpl-efb0e503-cad1-4dcb-a604-0867af0d3cca/datanode-3/data/ratis/40e0aba0-c5cb-40b7-aefb-ccda13b72eda: flushIndex: setUnconditionally 0 -> -1
2019-09-19 09:00:14,098 [pool-60-thread-1] INFO  server.RaftServerConfigKeys (ConfUtils.java:logGet(43)) - raft.server.snapshot.auto.trigger.enabled = true (custom)
2019-09-19 09:00:14,098 [pool-60-thread-1] INFO  server.RaftServerConfigKeys (ConfUtils.java:logGet(43)) - raft.server.snapshot.auto.trigger.threshold = 10000 (custom)
2019-09-19 09:00:14,098 [pool-60-thread-1] INFO  server.RaftServerConfigKeys (ConfUtils.java:logGet(43)) - raft.server.retrycache.expirytime = 600000ms (custom)
2019-09-19 09:00:14,098 [pool-60-thread-1] INFO  impl.RaftServerImpl (RaftServerImpl.java:start(180)) - 188fabf1-fb11-41c2-a0ed-ee400af44df4: start group-CCDA13B72EDA
2019-09-19 09:00:14,098 [pool-60-thread-1] INFO  impl.RaftServerImpl (RaftServerImpl.java:setRole(171)) - 188fabf1-fb11-41c2-a0ed-ee400af44df4:group-CCDA13B72EDA changes role from null to FOLLOWER at term 0 for startAsFollower
2019-09-19 09:00:14,098 [pool-60-thread-1] INFO  impl.RoleInfo (RoleInfo.java:updateAndGet(143)) - 188fabf1-fb11-41c2-a0ed-ee400af44df4: start FollowerState
2019-09-19 09:00:14,099 [pool-60-thread-1] INFO  util.JmxRegister (JmxRegister.java:tryRegister(44)) - Successfully registered JMX Bean with object name Ratis:service=RaftServer,group=group-CCDA13B72EDA,id=188fabf1-fb11-41c2-a0ed-ee400af44df4
2019-09-19 09:00:14,109 [RatisPipelineUtilsThread] INFO  pipeline.PipelineStateManager (PipelineStateManager.java:addPipeline(56)) - Created pipeline Pipeline[ Id: 40e0aba0-c5cb-40b7-aefb-ccda13b72eda, Nodes: 188fabf1-fb11-41c2-a0ed-ee400af44df4{ip: 192.168.34.5, host: pr-hdds-1569-j4bt4-3030777008, networkLocation: /default-rack, certSerialId: null}, Type:RATIS, Factor:ONE, State:OPEN]
2019-09-19 09:00:14,123 [grpc-default-executor-0] INFO  impl.RaftServerProxy (RaftServerProxy.java:addNew(89)) - 2b82d6a8-341a-4a13-8451-80c547e9561a: addNew group-33B18F14CA5D:[2b82d6a8-341a-4a13-8451-80c547e9561a:192.168.34.5:34627] returns group-33B18F14CA5D:java.util.concurrent.CompletableFuture@5705ea9e[Not completed]
2019-09-19 09:00:14,125 [pool-38-thread-1] INFO  impl.RaftServerImpl (RaftServerImpl.java:<init>(93)) - 2b82d6a8-341a-4a13-8451-80c547e9561a: new RaftServerImpl for group-33B18F14CA5D:[2b82d6a8-341a-4a13-8451-80c547e9561a:192.168.34.5:34627] with ContainerStateMachine:uninitialized
2019-09-19 09:00:14,125 [pool-38-thread-1] INFO  server.RaftServerConfigKeys (ConfUtils.java:logGet(43)) - raft.server.rpc.timeout.min = 5s (custom)
2019-09-19 09:00:14,125 [pool-38-thread-1] INFO  server.RaftServerConfigKeys (ConfUtils.java:logGet(43)) - raft.server.rpc.timeout.max = 5200ms (custom)
2019-09-19 09:00:14,125 [pool-38-thread-1] INFO  server.RaftServerConfigKeys (ConfUtils.java:logGet(43)) - raft.server.rpcslowness.timeout = 120s (custom)
2019-09-19 09:00:14,125 [pool-38-thread-1] INFO  server.RaftServerConfigKeys (ConfUtils.java:logGet(43)) - raft.server.sleep.deviation.threshold = 300 (default)
2019-09-19 09:00:14,125 [pool-38-thread-1] INFO  server.RaftServerConfigKeys (ConfUtils.java:logGet(43)) - raft.server.log.appender.install.snapshot.enabled = false (custom)
2019-09-19 09:00:14,125 [pool-38-thread-1] INFO  impl.RaftServerImpl (ServerState.java:<init>(105)) - 2b82d6a8-341a-4a13-8451-80c547e9561a:group-33B18F14CA5D ConfigurationManager, init=-1: [2b82d6a8-341a-4a13-8451-80c547e9561a:192.168.34.5:34627], old=null, confs=<EMPTY_MAP>
2019-09-19 09:00:14,125 [pool-38-thread-1] INFO  server.RaftServerConfigKeys (ConfUtils.java:logGet(43)) - raft.server.storage.dir = [/workdir/hadoop-ozone/integration-test/target/test-dir/MiniOzoneClusterImpl-efb0e503-cad1-4dcb-a604-0867af0d3cca/datanode-1/data/ratis] (custom)
2019-09-19 09:00:14,126 [pool-38-thread-1] INFO  storage.RaftStorageDirectory (RaftStorageDirectory.java:analyzeStorage(246)) - The storage directory /workdir/hadoop-ozone/integration-test/target/test-dir/MiniOzoneClusterImpl-efb0e503-cad1-4dcb-a604-0867af0d3cca/datanode-1/data/ratis/1f92ddde-784d-4fa8-9d62-33b18f14ca5d does not exist. Creating ...
2019-09-19 09:00:14,148 [pool-38-thread-1] INFO  storage.RaftStorageDirectory (RaftStorageDirectory.java:tryLock(328)) - Lock on /workdir/hadoop-ozone/integration-test/target/test-dir/MiniOzoneClusterImpl-efb0e503-cad1-4dcb-a604-0867af0d3cca/datanode-1/data/ratis/1f92ddde-784d-4fa8-9d62-33b18f14ca5d/in_use.lock acquired by nodename 12225@pr-hdds-1569-j4bt4-3030777008
2019-09-19 09:00:14,162 [pool-38-thread-1] INFO  storage.RaftStorage (RaftStorage.java:format(72)) - Storage directory /workdir/hadoop-ozone/integration-test/target/test-dir/MiniOzoneClusterImpl-efb0e503-cad1-4dcb-a604-0867af0d3cca/datanode-1/data/ratis/1f92ddde-784d-4fa8-9d62-33b18f14ca5d has been successfully formatted.
2019-09-19 09:00:14,163 [pool-38-thread-1] INFO  ratis.ContainerStateMachine (ContainerStateMachine.java:loadSnapshot(226)) - group-33B18F14CA5D: The snapshot info is null. Setting the last applied indexto:(t:0, i:~)
2019-09-19 09:00:14,163 [pool-38-thread-1] INFO  server.RaftServerConfigKeys (ConfUtils.java:logGet(43)) - raft.server.leader.election.timeout = 120s (custom)
2019-09-19 09:00:14,163 [pool-38-thread-1] INFO  server.RaftServerConfigKeys (ConfUtils.java:logGet(43)) - raft.server.log.use.memory = false (default)
2019-09-19 09:00:14,163 [pool-38-thread-1] INFO  server.RaftServerConfigKeys (ConfUtils.java:logGet(43)) - raft.server.log.purge.gap = 1000000 (custom)
2019-09-19 09:00:14,163 [pool-38-thread-1] INFO  server.RaftServerConfigKeys (ConfUtils.java:logGet(43)) - raft.server.log.appender.buffer.byte-limit = 33554432 (custom)
2019-09-19 09:00:14,163 [pool-38-thread-1] INFO  server.RaftServerConfigKeys (ConfUtils.java:logGet(43)) - raft.server.log.segment.size.max = 1048576 (custom)
2019-09-19 09:00:14,163 [pool-38-thread-1] INFO  server.RaftServerConfigKeys (ConfUtils.java:logGet(43)) - raft.server.log.segment.cache.num.max = 2 (custom)
2019-09-19 09:00:14,164 [pool-38-thread-1] INFO  segmented.SegmentedRaftLogWorker (SegmentedRaftLogWorker.java:<init>(172)) - new 2b82d6a8-341a-4a13-8451-80c547e9561a-SegmentedRaftLogWorker:Storage Directory /workdir/hadoop-ozone/integration-test/target/test-dir/MiniOzoneClusterImpl-efb0e503-cad1-4dcb-a604-0867af0d3cca/datanode-1/data/ratis/1f92ddde-784d-4fa8-9d62-33b18f14ca5d for RaftStorage:Storage Directory /workdir/hadoop-ozone/integration-test/target/test-dir/MiniOzoneClusterImpl-efb0e503-cad1-4dcb-a604-0867af0d3cca/datanode-1/data/ratis/1f92ddde-784d-4fa8-9d62-33b18f14ca5d
2019-09-19 09:00:14,164 [pool-38-thread-1] INFO  server.RaftServerConfigKeys (ConfUtils.java:logGet(43)) - raft.server.log.queue.byte-limit = 2147483647 (custom)
2019-09-19 09:00:14,164 [pool-38-thread-1] INFO  server.RaftServerConfigKeys (ConfUtils.java:logGet(43)) - raft.server.log.queue.element-limit = 1024 (custom)
2019-09-19 09:00:14,164 [pool-38-thread-1] INFO  server.RaftServerConfigKeys (ConfUtils.java:logGet(43)) - raft.server.log.segment.size.max = 1048576 (custom)
2019-09-19 09:00:14,164 [pool-38-thread-1] INFO  server.RaftServerConfigKeys (ConfUtils.java:logGet(43)) - raft.server.log.preallocated.size = 16384 (custom)
2019-09-19 09:00:14,164 [pool-38-thread-1] INFO  server.RaftServerConfigKeys (ConfUtils.java:logGet(43)) - raft.server.log.write.buffer.size = 33554432 (custom)
2019-09-19 09:00:14,164 [pool-38-thread-1] INFO  server.RaftServerConfigKeys (ConfUtils.java:logGet(43)) - raft.server.log.force.sync.num = 128 (default)
2019-09-19 09:00:14,164 [pool-38-thread-1] INFO  server.RaftServerConfigKeys (ConfUtils.java:logGet(43)) - raft.server.log.statemachine.data.sync = true (default)
2019-09-19 09:00:14,165 [pool-38-thread-1] INFO  server.RaftServerConfigKeys (ConfUtils.java:logGet(43)) - raft.server.log.statemachine.data.sync.timeout = 10s (default)
2019-09-19 09:00:14,165 [pool-38-thread-1] INFO  server.RaftServerConfigKeys (ConfUtils.java:logGet(43)) - raft.server.log.statemachine.data.sync.timeout.retry = -1 (default)
2019-09-19 09:00:14,165 [pool-38-thread-1] INFO  server.RaftServerConfigKeys (ConfUtils.java:logGet(43)) - raft.server.log.statemachine.data.caching.enabled = true (custom)
2019-09-19 09:00:14,165 [pool-38-thread-1] INFO  segmented.SegmentedRaftLogWorker (SegmentedRaftLogWorker.java:lambda$new$0(132)) - 2b82d6a8-341a-4a13-8451-80c547e9561a-SegmentedRaftLogWorker:Storage Directory /workdir/hadoop-ozone/integration-test/target/test-dir/MiniOzoneClusterImpl-efb0e503-cad1-4dcb-a604-0867af0d3cca/datanode-1/data/ratis/1f92ddde-784d-4fa8-9d62-33b18f14ca5d: flushIndex: setUnconditionally 0 -> -1
2019-09-19 09:00:14,165 [pool-38-thread-1] INFO  server.RaftServerConfigKeys (ConfUtils.java:logGet(43)) - raft.server.snapshot.auto.trigger.enabled = true (custom)
2019-09-19 09:00:14,165 [pool-38-thread-1] INFO  server.RaftServerConfigKeys (ConfUtils.java:logGet(43)) - raft.server.snapshot.auto.trigger.threshold = 10000 (custom)
2019-09-19 09:00:14,166 [pool-38-thread-1] INFO  server.RaftServerConfigKeys (ConfUtils.java:logGet(43)) - raft.server.retrycache.expirytime = 600000ms (custom)
2019-09-19 09:00:14,166 [pool-38-thread-1] INFO  impl.RaftServerImpl (RaftServerImpl.java:start(180)) - 2b82d6a8-341a-4a13-8451-80c547e9561a: start group-33B18F14CA5D
2019-09-19 09:00:14,166 [pool-38-thread-1] INFO  impl.RaftServerImpl (RaftServerImpl.java:setRole(171)) - 2b82d6a8-341a-4a13-8451-80c547e9561a:group-33B18F14CA5D changes role from null to FOLLOWER at term 0 for startAsFollower
2019-09-19 09:00:14,166 [pool-38-thread-1] INFO  impl.RoleInfo (RoleInfo.java:updateAndGet(143)) - 2b82d6a8-341a-4a13-8451-80c547e9561a: start FollowerState
2019-09-19 09:00:14,167 [pool-38-thread-1] INFO  util.JmxRegister (JmxRegister.java:tryRegister(44)) - Successfully registered JMX Bean with object name Ratis:service=RaftServer,group=group-33B18F14CA5D,id=2b82d6a8-341a-4a13-8451-80c547e9561a
2019-09-19 09:00:14,175 [RatisPipelineUtilsThread] INFO  pipeline.PipelineStateManager (PipelineStateManager.java:addPipeline(56)) - Created pipeline Pipeline[ Id: 1f92ddde-784d-4fa8-9d62-33b18f14ca5d, Nodes: 2b82d6a8-341a-4a13-8451-80c547e9561a{ip: 192.168.34.5, host: pr-hdds-1569-j4bt4-3030777008, networkLocation: /default-rack, certSerialId: null}, Type:RATIS, Factor:ONE, State:OPEN]
2019-09-19 09:00:14,195 | INFO  | SCMAudit | user=jenkins1000 | ip=192.168.34.5 | op=SEND_HEARTBEAT {datanodeUUID=9ec9b7eb-9269-4de4-b0e5-15ac19151471, command=[]} | ret=SUCCESS |  
2019-09-19 09:00:14,196 [grpc-default-executor-0] INFO  impl.RaftServerProxy (RaftServerProxy.java:addNew(89)) - 188fabf1-fb11-41c2-a0ed-ee400af44df4: addNew group-D23DC481535B:[188fabf1-fb11-41c2-a0ed-ee400af44df4:192.168.34.5:35829] returns group-D23DC481535B:java.util.concurrent.CompletableFuture@26bc010e[Not completed]
2019-09-19 09:00:14,197 [pool-60-thread-1] INFO  impl.RaftServerImpl (RaftServerImpl.java:<init>(93)) - 188fabf1-fb11-41c2-a0ed-ee400af44df4: new RaftServerImpl for group-D23DC481535B:[188fabf1-fb11-41c2-a0ed-ee400af44df4:192.168.34.5:35829] with ContainerStateMachine:uninitialized
2019-09-19 09:00:14,198 [pool-60-thread-1] INFO  server.RaftServerConfigKeys (ConfUtils.java:logGet(43)) - raft.server.rpc.timeout.min = 5s (custom)
2019-09-19 09:00:14,198 [pool-60-thread-1] INFO  server.RaftServerConfigKeys (ConfUtils.java:logGet(43)) - raft.server.rpc.timeout.max = 5200ms (custom)
2019-09-19 09:00:14,198 [pool-60-thread-1] INFO  server.RaftServerConfigKeys (ConfUtils.java:logGet(43)) - raft.server.rpcslowness.timeout = 120s (custom)
2019-09-19 09:00:14,198 [pool-60-thread-1] INFO  server.RaftServerConfigKeys (ConfUtils.java:logGet(43)) - raft.server.sleep.deviation.threshold = 300 (default)
2019-09-19 09:00:14,198 [pool-60-thread-1] INFO  server.RaftServerConfigKeys (ConfUtils.java:logGet(43)) - raft.server.log.appender.install.snapshot.enabled = false (custom)
2019-09-19 09:00:14,198 [pool-60-thread-1] INFO  impl.RaftServerImpl (ServerState.java:<init>(105)) - 188fabf1-fb11-41c2-a0ed-ee400af44df4:group-D23DC481535B ConfigurationManager, init=-1: [188fabf1-fb11-41c2-a0ed-ee400af44df4:192.168.34.5:35829], old=null, confs=<EMPTY_MAP>
2019-09-19 09:00:14,199 [pool-60-thread-1] INFO  server.RaftServerConfigKeys (ConfUtils.java:logGet(43)) - raft.server.storage.dir = [/workdir/hadoop-ozone/integration-test/target/test-dir/MiniOzoneClusterImpl-efb0e503-cad1-4dcb-a604-0867af0d3cca/datanode-3/data/ratis] (custom)
2019-09-19 09:00:14,199 [pool-60-thread-1] INFO  storage.RaftStorageDirectory (RaftStorageDirectory.java:analyzeStorage(246)) - The storage directory /workdir/hadoop-ozone/integration-test/target/test-dir/MiniOzoneClusterImpl-efb0e503-cad1-4dcb-a604-0867af0d3cca/datanode-3/data/ratis/d7df432a-97a3-4640-b344-d23dc481535b does not exist. Creating ...
2019-09-19 09:00:14,212 [pool-60-thread-1] INFO  storage.RaftStorageDirectory (RaftStorageDirectory.java:tryLock(328)) - Lock on /workdir/hadoop-ozone/integration-test/target/test-dir/MiniOzoneClusterImpl-efb0e503-cad1-4dcb-a604-0867af0d3cca/datanode-3/data/ratis/d7df432a-97a3-4640-b344-d23dc481535b/in_use.lock acquired by nodename 12225@pr-hdds-1569-j4bt4-3030777008
2019-09-19 09:00:14,225 [pool-60-thread-1] INFO  storage.RaftStorage (RaftStorage.java:format(72)) - Storage directory /workdir/hadoop-ozone/integration-test/target/test-dir/MiniOzoneClusterImpl-efb0e503-cad1-4dcb-a604-0867af0d3cca/datanode-3/data/ratis/d7df432a-97a3-4640-b344-d23dc481535b has been successfully formatted.
2019-09-19 09:00:14,225 [pool-60-thread-1] INFO  ratis.ContainerStateMachine (ContainerStateMachine.java:loadSnapshot(226)) - group-D23DC481535B: The snapshot info is null. Setting the last applied indexto:(t:0, i:~)
2019-09-19 09:00:14,225 [pool-60-thread-1] INFO  server.RaftServerConfigKeys (ConfUtils.java:logGet(43)) - raft.server.leader.election.timeout = 120s (custom)
2019-09-19 09:00:14,226 [pool-60-thread-1] INFO  server.RaftServerConfigKeys (ConfUtils.java:logGet(43)) - raft.server.log.use.memory = false (default)
2019-09-19 09:00:14,226 [pool-60-thread-1] INFO  server.RaftServerConfigKeys (ConfUtils.java:logGet(43)) - raft.server.log.purge.gap = 1000000 (custom)
2019-09-19 09:00:14,226 [pool-60-thread-1] INFO  server.RaftServerConfigKeys (ConfUtils.java:logGet(43)) - raft.server.log.appender.buffer.byte-limit = 33554432 (custom)
2019-09-19 09:00:14,226 [pool-60-thread-1] INFO  server.RaftServerConfigKeys (ConfUtils.java:logGet(43)) - raft.server.log.segment.size.max = 1048576 (custom)
2019-09-19 09:00:14,226 [pool-60-thread-1] INFO  server.RaftServerConfigKeys (ConfUtils.java:logGet(43)) - raft.server.log.segment.cache.num.max = 2 (custom)
2019-09-19 09:00:14,226 [pool-60-thread-1] INFO  segmented.SegmentedRaftLogWorker (SegmentedRaftLogWorker.java:<init>(172)) - new 188fabf1-fb11-41c2-a0ed-ee400af44df4-SegmentedRaftLogWorker:Storage Directory /workdir/hadoop-ozone/integration-test/target/test-dir/MiniOzoneClusterImpl-efb0e503-cad1-4dcb-a604-0867af0d3cca/datanode-3/data/ratis/d7df432a-97a3-4640-b344-d23dc481535b for RaftStorage:Storage Directory /workdir/hadoop-ozone/integration-test/target/test-dir/MiniOzoneClusterImpl-efb0e503-cad1-4dcb-a604-0867af0d3cca/datanode-3/data/ratis/d7df432a-97a3-4640-b344-d23dc481535b
2019-09-19 09:00:14,226 [pool-60-thread-1] INFO  server.RaftServerConfigKeys (ConfUtils.java:logGet(43)) - raft.server.log.queue.byte-limit = 2147483647 (custom)
2019-09-19 09:00:14,227 [pool-60-thread-1] INFO  server.RaftServerConfigKeys (ConfUtils.java:logGet(43)) - raft.server.log.queue.element-limit = 1024 (custom)
2019-09-19 09:00:14,227 [pool-60-thread-1] INFO  server.RaftServerConfigKeys (ConfUtils.java:logGet(43)) - raft.server.log.segment.size.max = 1048576 (custom)
2019-09-19 09:00:14,227 [pool-60-thread-1] INFO  server.RaftServerConfigKeys (ConfUtils.java:logGet(43)) - raft.server.log.preallocated.size = 16384 (custom)
2019-09-19 09:00:14,227 [pool-60-thread-1] INFO  server.RaftServerConfigKeys (ConfUtils.java:logGet(43)) - raft.server.log.write.buffer.size = 33554432 (custom)
2019-09-19 09:00:14,227 [pool-60-thread-1] INFO  server.RaftServerConfigKeys (ConfUtils.java:logGet(43)) - raft.server.log.force.sync.num = 128 (default)
2019-09-19 09:00:14,227 [pool-60-thread-1] INFO  server.RaftServerConfigKeys (ConfUtils.java:logGet(43)) - raft.server.log.statemachine.data.sync = true (default)
2019-09-19 09:00:14,227 [pool-60-thread-1] INFO  server.RaftServerConfigKeys (ConfUtils.java:logGet(43)) - raft.server.log.statemachine.data.sync.timeout = 10s (default)
2019-09-19 09:00:14,227 [pool-60-thread-1] INFO  server.RaftServerConfigKeys (ConfUtils.java:logGet(43)) - raft.server.log.statemachine.data.sync.timeout.retry = -1 (default)
2019-09-19 09:00:14,228 [pool-60-thread-1] INFO  server.RaftServerConfigKeys (ConfUtils.java:logGet(43)) - raft.server.log.statemachine.data.caching.enabled = true (custom)
2019-09-19 09:00:14,228 [pool-60-thread-1] INFO  segmented.SegmentedRaftLogWorker (SegmentedRaftLogWorker.java:lambda$new$0(132)) - 188fabf1-fb11-41c2-a0ed-ee400af44df4-SegmentedRaftLogWorker:Storage Directory /workdir/hadoop-ozone/integration-test/target/test-dir/MiniOzoneClusterImpl-efb0e503-cad1-4dcb-a604-0867af0d3cca/datanode-3/data/ratis/d7df432a-97a3-4640-b344-d23dc481535b: flushIndex: setUnconditionally 0 -> -1
2019-09-19 09:00:14,228 [pool-60-thread-1] INFO  server.RaftServerConfigKeys (ConfUtils.java:logGet(43)) - raft.server.snapshot.auto.trigger.enabled = true (custom)
2019-09-19 09:00:14,228 [pool-60-thread-1] INFO  server.RaftServerConfigKeys (ConfUtils.java:logGet(43)) - raft.server.snapshot.auto.trigger.threshold = 10000 (custom)
2019-09-19 09:00:14,229 [pool-60-thread-1] INFO  server.RaftServerConfigKeys (ConfUtils.java:logGet(43)) - raft.server.retrycache.expirytime = 600000ms (custom)
2019-09-19 09:00:14,229 [pool-60-thread-1] INFO  impl.RaftServerImpl (RaftServerImpl.java:start(180)) - 188fabf1-fb11-41c2-a0ed-ee400af44df4: start group-D23DC481535B
2019-09-19 09:00:14,229 [pool-60-thread-1] INFO  impl.RaftServerImpl (RaftServerImpl.java:setRole(171)) - 188fabf1-fb11-41c2-a0ed-ee400af44df4:group-D23DC481535B changes role from null to FOLLOWER at term 0 for startAsFollower
2019-09-19 09:00:14,229 [pool-60-thread-1] INFO  impl.RoleInfo (RoleInfo.java:updateAndGet(143)) - 188fabf1-fb11-41c2-a0ed-ee400af44df4: start FollowerState
2019-09-19 09:00:14,230 [pool-60-thread-1] INFO  util.JmxRegister (JmxRegister.java:tryRegister(44)) - Successfully registered JMX Bean with object name Ratis:service=RaftServer,group=group-D23DC481535B,id=188fabf1-fb11-41c2-a0ed-ee400af44df4
2019-09-19 09:00:14,241 [RatisPipelineUtilsThread] INFO  pipeline.PipelineStateManager (PipelineStateManager.java:addPipeline(56)) - Created pipeline Pipeline[ Id: d7df432a-97a3-4640-b344-d23dc481535b, Nodes: 188fabf1-fb11-41c2-a0ed-ee400af44df4{ip: 192.168.34.5, host: pr-hdds-1569-j4bt4-3030777008, networkLocation: /default-rack, certSerialId: null}, Type:RATIS, Factor:ONE, State:OPEN]
2019-09-19 09:00:14,259 [grpc-default-executor-0] INFO  impl.RaftServerProxy (RaftServerProxy.java:addNew(89)) - cf0fb8b8-922c-4d9e-8ced-919bfd64db77: addNew group-2EBACE2AFDC4:[cf0fb8b8-922c-4d9e-8ced-919bfd64db77:192.168.34.5:43255] returns group-2EBACE2AFDC4:java.util.concurrent.CompletableFuture@6e0307f5[Not completed]
2019-09-19 09:00:14,260 [pool-49-thread-1] INFO  impl.RaftServerImpl (RaftServerImpl.java:<init>(93)) - cf0fb8b8-922c-4d9e-8ced-919bfd64db77: new RaftServerImpl for group-2EBACE2AFDC4:[cf0fb8b8-922c-4d9e-8ced-919bfd64db77:192.168.34.5:43255] with ContainerStateMachine:uninitialized
2019-09-19 09:00:14,260 [pool-49-thread-1] INFO  server.RaftServerConfigKeys (ConfUtils.java:logGet(43)) - raft.server.rpc.timeout.min = 5s (custom)
2019-09-19 09:00:14,260 [pool-49-thread-1] INFO  server.RaftServerConfigKeys (ConfUtils.java:logGet(43)) - raft.server.rpc.timeout.max = 5200ms (custom)
2019-09-19 09:00:14,260 [pool-49-thread-1] INFO  server.RaftServerConfigKeys (ConfUtils.java:logGet(43)) - raft.server.rpcslowness.timeout = 120s (custom)
2019-09-19 09:00:14,260 [pool-49-thread-1] INFO  server.RaftServerConfigKeys (ConfUtils.java:logGet(43)) - raft.server.sleep.deviation.threshold = 300 (default)
2019-09-19 09:00:14,260 [pool-49-thread-1] INFO  server.RaftServerConfigKeys (ConfUtils.java:logGet(43)) - raft.server.log.appender.install.snapshot.enabled = false (custom)
2019-09-19 09:00:14,261 [pool-49-thread-1] INFO  impl.RaftServerImpl (ServerState.java:<init>(105)) - cf0fb8b8-922c-4d9e-8ced-919bfd64db77:group-2EBACE2AFDC4 ConfigurationManager, init=-1: [cf0fb8b8-922c-4d9e-8ced-919bfd64db77:192.168.34.5:43255], old=null, confs=<EMPTY_MAP>
2019-09-19 09:00:14,261 [pool-49-thread-1] INFO  server.RaftServerConfigKeys (ConfUtils.java:logGet(43)) - raft.server.storage.dir = [/workdir/hadoop-ozone/integration-test/target/test-dir/MiniOzoneClusterImpl-efb0e503-cad1-4dcb-a604-0867af0d3cca/datanode-2/data/ratis] (custom)
2019-09-19 09:00:14,261 [pool-49-thread-1] INFO  storage.RaftStorageDirectory (RaftStorageDirectory.java:analyzeStorage(246)) - The storage directory /workdir/hadoop-ozone/integration-test/target/test-dir/MiniOzoneClusterImpl-efb0e503-cad1-4dcb-a604-0867af0d3cca/datanode-2/data/ratis/fa7ee42f-d75d-43b2-9fae-2ebace2afdc4 does not exist. Creating ...
2019-09-19 09:00:14,274 [pool-49-thread-1] INFO  storage.RaftStorageDirectory (RaftStorageDirectory.java:tryLock(328)) - Lock on /workdir/hadoop-ozone/integration-test/target/test-dir/MiniOzoneClusterImpl-efb0e503-cad1-4dcb-a604-0867af0d3cca/datanode-2/data/ratis/fa7ee42f-d75d-43b2-9fae-2ebace2afdc4/in_use.lock acquired by nodename 12225@pr-hdds-1569-j4bt4-3030777008
2019-09-19 09:00:14,286 [pool-49-thread-1] INFO  storage.RaftStorage (RaftStorage.java:format(72)) - Storage directory /workdir/hadoop-ozone/integration-test/target/test-dir/MiniOzoneClusterImpl-efb0e503-cad1-4dcb-a604-0867af0d3cca/datanode-2/data/ratis/fa7ee42f-d75d-43b2-9fae-2ebace2afdc4 has been successfully formatted.
2019-09-19 09:00:14,287 [pool-49-thread-1] INFO  ratis.ContainerStateMachine (ContainerStateMachine.java:loadSnapshot(226)) - group-2EBACE2AFDC4: The snapshot info is null. Setting the last applied indexto:(t:0, i:~)
2019-09-19 09:00:14,287 [pool-49-thread-1] INFO  server.RaftServerConfigKeys (ConfUtils.java:logGet(43)) - raft.server.leader.election.timeout = 120s (custom)
2019-09-19 09:00:14,287 [pool-49-thread-1] INFO  server.RaftServerConfigKeys (ConfUtils.java:logGet(43)) - raft.server.log.use.memory = false (default)
2019-09-19 09:00:14,287 [pool-49-thread-1] INFO  server.RaftServerConfigKeys (ConfUtils.java:logGet(43)) - raft.server.log.purge.gap = 1000000 (custom)
2019-09-19 09:00:14,287 [pool-49-thread-1] INFO  server.RaftServerConfigKeys (ConfUtils.java:logGet(43)) - raft.server.log.appender.buffer.byte-limit = 33554432 (custom)
2019-09-19 09:00:14,287 [pool-49-thread-1] INFO  server.RaftServerConfigKeys (ConfUtils.java:logGet(43)) - raft.server.log.segment.size.max = 1048576 (custom)
2019-09-19 09:00:14,287 [pool-49-thread-1] INFO  server.RaftServerConfigKeys (ConfUtils.java:logGet(43)) - raft.server.log.segment.cache.num.max = 2 (custom)
2019-09-19 09:00:14,287 [pool-49-thread-1] INFO  segmented.SegmentedRaftLogWorker (SegmentedRaftLogWorker.java:<init>(172)) - new cf0fb8b8-922c-4d9e-8ced-919bfd64db77-SegmentedRaftLogWorker:Storage Directory /workdir/hadoop-ozone/integration-test/target/test-dir/MiniOzoneClusterImpl-efb0e503-cad1-4dcb-a604-0867af0d3cca/datanode-2/data/ratis/fa7ee42f-d75d-43b2-9fae-2ebace2afdc4 for RaftStorage:Storage Directory /workdir/hadoop-ozone/integration-test/target/test-dir/MiniOzoneClusterImpl-efb0e503-cad1-4dcb-a604-0867af0d3cca/datanode-2/data/ratis/fa7ee42f-d75d-43b2-9fae-2ebace2afdc4
2019-09-19 09:00:14,288 [pool-49-thread-1] INFO  server.RaftServerConfigKeys (ConfUtils.java:logGet(43)) - raft.server.log.queue.byte-limit = 2147483647 (custom)
2019-09-19 09:00:14,288 [pool-49-thread-1] INFO  server.RaftServerConfigKeys (ConfUtils.java:logGet(43)) - raft.server.log.queue.element-limit = 1024 (custom)
2019-09-19 09:00:14,288 [pool-49-thread-1] INFO  server.RaftServerConfigKeys (ConfUtils.java:logGet(43)) - raft.server.log.segment.size.max = 1048576 (custom)
2019-09-19 09:00:14,288 [pool-49-thread-1] INFO  server.RaftServerConfigKeys (ConfUtils.java:logGet(43)) - raft.server.log.preallocated.size = 16384 (custom)
2019-09-19 09:00:14,288 [pool-49-thread-1] INFO  server.RaftServerConfigKeys (ConfUtils.java:logGet(43)) - raft.server.log.write.buffer.size = 33554432 (custom)
2019-09-19 09:00:14,288 [pool-49-thread-1] INFO  server.RaftServerConfigKeys (ConfUtils.java:logGet(43)) - raft.server.log.force.sync.num = 128 (default)
2019-09-19 09:00:14,288 [pool-49-thread-1] INFO  server.RaftServerConfigKeys (ConfUtils.java:logGet(43)) - raft.server.log.statemachine.data.sync = true (default)
2019-09-19 09:00:14,288 [pool-49-thread-1] INFO  server.RaftServerConfigKeys (ConfUtils.java:logGet(43)) - raft.server.log.statemachine.data.sync.timeout = 10s (default)
2019-09-19 09:00:14,288 [pool-49-thread-1] INFO  server.RaftServerConfigKeys (ConfUtils.java:logGet(43)) - raft.server.log.statemachine.data.sync.timeout.retry = -1 (default)
2019-09-19 09:00:14,289 [pool-49-thread-1] INFO  server.RaftServerConfigKeys (ConfUtils.java:logGet(43)) - raft.server.log.statemachine.data.caching.enabled = true (custom)
2019-09-19 09:00:14,289 [pool-49-thread-1] INFO  segmented.SegmentedRaftLogWorker (SegmentedRaftLogWorker.java:lambda$new$0(132)) - cf0fb8b8-922c-4d9e-8ced-919bfd64db77-SegmentedRaftLogWorker:Storage Directory /workdir/hadoop-ozone/integration-test/target/test-dir/MiniOzoneClusterImpl-efb0e503-cad1-4dcb-a604-0867af0d3cca/datanode-2/data/ratis/fa7ee42f-d75d-43b2-9fae-2ebace2afdc4: flushIndex: setUnconditionally 0 -> -1
2019-09-19 09:00:14,289 [pool-49-thread-1] INFO  server.RaftServerConfigKeys (ConfUtils.java:logGet(43)) - raft.server.snapshot.auto.trigger.enabled = true (custom)
2019-09-19 09:00:14,289 [pool-49-thread-1] INFO  server.RaftServerConfigKeys (ConfUtils.java:logGet(43)) - raft.server.snapshot.auto.trigger.threshold = 10000 (custom)
2019-09-19 09:00:14,289 [pool-49-thread-1] INFO  server.RaftServerConfigKeys (ConfUtils.java:logGet(43)) - raft.server.retrycache.expirytime = 600000ms (custom)
2019-09-19 09:00:14,290 [pool-49-thread-1] INFO  impl.RaftServerImpl (RaftServerImpl.java:start(180)) - cf0fb8b8-922c-4d9e-8ced-919bfd64db77: start group-2EBACE2AFDC4
2019-09-19 09:00:14,290 [pool-49-thread-1] INFO  impl.RaftServerImpl (RaftServerImpl.java:setRole(171)) - cf0fb8b8-922c-4d9e-8ced-919bfd64db77:group-2EBACE2AFDC4 changes role from null to FOLLOWER at term 0 for startAsFollower
2019-09-19 09:00:14,290 [pool-49-thread-1] INFO  impl.RoleInfo (RoleInfo.java:updateAndGet(143)) - cf0fb8b8-922c-4d9e-8ced-919bfd64db77: start FollowerState
2019-09-19 09:00:14,290 [pool-49-thread-1] INFO  util.JmxRegister (JmxRegister.java:tryRegister(44)) - Successfully registered JMX Bean with object name Ratis:service=RaftServer,group=group-2EBACE2AFDC4,id=cf0fb8b8-922c-4d9e-8ced-919bfd64db77
2019-09-19 09:00:14,310 [RatisPipelineUtilsThread] INFO  pipeline.PipelineStateManager (PipelineStateManager.java:addPipeline(56)) - Created pipeline Pipeline[ Id: fa7ee42f-d75d-43b2-9fae-2ebace2afdc4, Nodes: cf0fb8b8-922c-4d9e-8ced-919bfd64db77{ip: 192.168.34.5, host: pr-hdds-1569-j4bt4-3030777008, networkLocation: /default-rack, certSerialId: null}, Type:RATIS, Factor:ONE, State:OPEN]
2019-09-19 09:00:14,331 [grpc-default-executor-0] INFO  impl.RaftServerProxy (RaftServerProxy.java:addNew(89)) - 9ec9b7eb-9269-4de4-b0e5-15ac19151471: addNew group-6BE23C15E828:[9ec9b7eb-9269-4de4-b0e5-15ac19151471:192.168.34.5:41076] returns group-6BE23C15E828:java.util.concurrent.CompletableFuture@26d51fea[Not completed]
2019-09-19 09:00:14,333 [pool-27-thread-1] INFO  impl.RaftServerImpl (RaftServerImpl.java:<init>(93)) - 9ec9b7eb-9269-4de4-b0e5-15ac19151471: new RaftServerImpl for group-6BE23C15E828:[9ec9b7eb-9269-4de4-b0e5-15ac19151471:192.168.34.5:41076] with ContainerStateMachine:uninitialized
2019-09-19 09:00:14,333 [pool-27-thread-1] INFO  server.RaftServerConfigKeys (ConfUtils.java:logGet(43)) - raft.server.rpc.timeout.min = 5s (custom)
2019-09-19 09:00:14,333 [pool-27-thread-1] INFO  server.RaftServerConfigKeys (ConfUtils.java:logGet(43)) - raft.server.rpc.timeout.max = 5200ms (custom)
2019-09-19 09:00:14,333 [pool-27-thread-1] INFO  server.RaftServerConfigKeys (ConfUtils.java:logGet(43)) - raft.server.rpcslowness.timeout = 120s (custom)
2019-09-19 09:00:14,333 [pool-27-thread-1] INFO  server.RaftServerConfigKeys (ConfUtils.java:logGet(43)) - raft.server.sleep.deviation.threshold = 300 (default)
2019-09-19 09:00:14,334 [pool-27-thread-1] INFO  server.RaftServerConfigKeys (ConfUtils.java:logGet(43)) - raft.server.log.appender.install.snapshot.enabled = false (custom)
2019-09-19 09:00:14,334 [pool-27-thread-1] INFO  impl.RaftServerImpl (ServerState.java:<init>(105)) - 9ec9b7eb-9269-4de4-b0e5-15ac19151471:group-6BE23C15E828 ConfigurationManager, init=-1: [9ec9b7eb-9269-4de4-b0e5-15ac19151471:192.168.34.5:41076], old=null, confs=<EMPTY_MAP>
2019-09-19 09:00:14,334 [pool-27-thread-1] INFO  server.RaftServerConfigKeys (ConfUtils.java:logGet(43)) - raft.server.storage.dir = [/workdir/hadoop-ozone/integration-test/target/test-dir/MiniOzoneClusterImpl-efb0e503-cad1-4dcb-a604-0867af0d3cca/datanode-0/data/ratis] (custom)
2019-09-19 09:00:14,335 [pool-27-thread-1] INFO  storage.RaftStorageDirectory (RaftStorageDirectory.java:analyzeStorage(246)) - The storage directory /workdir/hadoop-ozone/integration-test/target/test-dir/MiniOzoneClusterImpl-efb0e503-cad1-4dcb-a604-0867af0d3cca/datanode-0/data/ratis/38c49526-e6cf-45cb-8f78-6be23c15e828 does not exist. Creating ...
2019-09-19 09:00:14,348 [pool-27-thread-1] INFO  storage.RaftStorageDirectory (RaftStorageDirectory.java:tryLock(328)) - Lock on /workdir/hadoop-ozone/integration-test/target/test-dir/MiniOzoneClusterImpl-efb0e503-cad1-4dcb-a604-0867af0d3cca/datanode-0/data/ratis/38c49526-e6cf-45cb-8f78-6be23c15e828/in_use.lock acquired by nodename 12225@pr-hdds-1569-j4bt4-3030777008
2019-09-19 09:00:14,363 [pool-27-thread-1] INFO  storage.RaftStorage (RaftStorage.java:format(72)) - Storage directory /workdir/hadoop-ozone/integration-test/target/test-dir/MiniOzoneClusterImpl-efb0e503-cad1-4dcb-a604-0867af0d3cca/datanode-0/data/ratis/38c49526-e6cf-45cb-8f78-6be23c15e828 has been successfully formatted.
2019-09-19 09:00:14,363 [pool-27-thread-1] INFO  ratis.ContainerStateMachine (ContainerStateMachine.java:loadSnapshot(226)) - group-6BE23C15E828: The snapshot info is null. Setting the last applied indexto:(t:0, i:~)
2019-09-19 09:00:14,363 [pool-27-thread-1] INFO  server.RaftServerConfigKeys (ConfUtils.java:logGet(43)) - raft.server.leader.election.timeout = 120s (custom)
2019-09-19 09:00:14,363 [pool-27-thread-1] INFO  server.RaftServerConfigKeys (ConfUtils.java:logGet(43)) - raft.server.log.use.memory = false (default)
2019-09-19 09:00:14,365 [pool-27-thread-1] INFO  server.RaftServerConfigKeys (ConfUtils.java:logGet(43)) - raft.server.log.purge.gap = 1000000 (custom)
2019-09-19 09:00:14,370 [pool-27-thread-1] INFO  server.RaftServerConfigKeys (ConfUtils.java:logGet(43)) - raft.server.log.appender.buffer.byte-limit = 33554432 (custom)
2019-09-19 09:00:14,370 [pool-27-thread-1] INFO  server.RaftServerConfigKeys (ConfUtils.java:logGet(43)) - raft.server.log.segment.size.max = 1048576 (custom)
2019-09-19 09:00:14,371 [pool-27-thread-1] INFO  server.RaftServerConfigKeys (ConfUtils.java:logGet(43)) - raft.server.log.segment.cache.num.max = 2 (custom)
2019-09-19 09:00:14,371 [pool-27-thread-1] INFO  segmented.SegmentedRaftLogWorker (SegmentedRaftLogWorker.java:<init>(172)) - new 9ec9b7eb-9269-4de4-b0e5-15ac19151471-SegmentedRaftLogWorker:Storage Directory /workdir/hadoop-ozone/integration-test/target/test-dir/MiniOzoneClusterImpl-efb0e503-cad1-4dcb-a604-0867af0d3cca/datanode-0/data/ratis/38c49526-e6cf-45cb-8f78-6be23c15e828 for RaftStorage:Storage Directory /workdir/hadoop-ozone/integration-test/target/test-dir/MiniOzoneClusterImpl-efb0e503-cad1-4dcb-a604-0867af0d3cca/datanode-0/data/ratis/38c49526-e6cf-45cb-8f78-6be23c15e828
2019-09-19 09:00:14,371 [pool-27-thread-1] INFO  server.RaftServerConfigKeys (ConfUtils.java:logGet(43)) - raft.server.log.queue.byte-limit = 2147483647 (custom)
2019-09-19 09:00:14,371 [pool-27-thread-1] INFO  server.RaftServerConfigKeys (ConfUtils.java:logGet(43)) - raft.server.log.queue.element-limit = 1024 (custom)
2019-09-19 09:00:14,371 [pool-27-thread-1] INFO  server.RaftServerConfigKeys (ConfUtils.java:logGet(43)) - raft.server.log.segment.size.max = 1048576 (custom)
2019-09-19 09:00:14,371 [pool-27-thread-1] INFO  server.RaftServerConfigKeys (ConfUtils.java:logGet(43)) - raft.server.log.preallocated.size = 16384 (custom)
2019-09-19 09:00:14,371 [pool-27-thread-1] INFO  server.RaftServerConfigKeys (ConfUtils.java:logGet(43)) - raft.server.log.write.buffer.size = 33554432 (custom)
2019-09-19 09:00:14,372 [pool-27-thread-1] INFO  server.RaftServerConfigKeys (ConfUtils.java:logGet(43)) - raft.server.log.force.sync.num = 128 (default)
2019-09-19 09:00:14,372 [pool-27-thread-1] INFO  server.RaftServerConfigKeys (ConfUtils.java:logGet(43)) - raft.server.log.statemachine.data.sync = true (default)
2019-09-19 09:00:14,372 [pool-27-thread-1] INFO  server.RaftServerConfigKeys (ConfUtils.java:logGet(43)) - raft.server.log.statemachine.data.sync.timeout = 10s (default)
2019-09-19 09:00:14,372 [pool-27-thread-1] INFO  server.RaftServerConfigKeys (ConfUtils.java:logGet(43)) - raft.server.log.statemachine.data.sync.timeout.retry = -1 (default)
2019-09-19 09:00:14,372 [pool-27-thread-1] INFO  server.RaftServerConfigKeys (ConfUtils.java:logGet(43)) - raft.server.log.statemachine.data.caching.enabled = true (custom)
2019-09-19 09:00:14,373 [pool-27-thread-1] INFO  segmented.SegmentedRaftLogWorker (SegmentedRaftLogWorker.java:lambda$new$0(132)) - 9ec9b7eb-9269-4de4-b0e5-15ac19151471-SegmentedRaftLogWorker:Storage Directory /workdir/hadoop-ozone/integration-test/target/test-dir/MiniOzoneClusterImpl-efb0e503-cad1-4dcb-a604-0867af0d3cca/datanode-0/data/ratis/38c49526-e6cf-45cb-8f78-6be23c15e828: flushIndex: setUnconditionally 0 -> -1
2019-09-19 09:00:14,373 [pool-27-thread-1] INFO  server.RaftServerConfigKeys (ConfUtils.java:logGet(43)) - raft.server.snapshot.auto.trigger.enabled = true (custom)
2019-09-19 09:00:14,373 [pool-27-thread-1] INFO  server.RaftServerConfigKeys (ConfUtils.java:logGet(43)) - raft.server.snapshot.auto.trigger.threshold = 10000 (custom)
2019-09-19 09:00:14,374 [pool-27-thread-1] INFO  server.RaftServerConfigKeys (ConfUtils.java:logGet(43)) - raft.server.retrycache.expirytime = 600000ms (custom)
2019-09-19 09:00:14,374 [pool-27-thread-1] INFO  impl.RaftServerImpl (RaftServerImpl.java:start(180)) - 9ec9b7eb-9269-4de4-b0e5-15ac19151471: start group-6BE23C15E828
2019-09-19 09:00:14,374 [pool-27-thread-1] INFO  impl.RaftServerImpl (RaftServerImpl.java:setRole(171)) - 9ec9b7eb-9269-4de4-b0e5-15ac19151471:group-6BE23C15E828 changes role from null to FOLLOWER at term 0 for startAsFollower
2019-09-19 09:00:14,374 [pool-27-thread-1] INFO  impl.RoleInfo (RoleInfo.java:updateAndGet(143)) - 9ec9b7eb-9269-4de4-b0e5-15ac19151471: start FollowerState
2019-09-19 09:00:14,375 [pool-27-thread-1] INFO  util.JmxRegister (JmxRegister.java:tryRegister(44)) - Successfully registered JMX Bean with object name Ratis:service=RaftServer,group=group-6BE23C15E828,id=9ec9b7eb-9269-4de4-b0e5-15ac19151471
2019-09-19 09:00:14,384 [RatisPipelineUtilsThread] INFO  pipeline.PipelineStateManager (PipelineStateManager.java:addPipeline(56)) - Created pipeline Pipeline[ Id: 38c49526-e6cf-45cb-8f78-6be23c15e828, Nodes: 9ec9b7eb-9269-4de4-b0e5-15ac19151471{ip: 192.168.34.5, host: pr-hdds-1569-j4bt4-3030777008, networkLocation: /default-rack, certSerialId: null}, Type:RATIS, Factor:ONE, State:OPEN]
2019-09-19 09:00:14,396 [grpc-default-executor-0] INFO  impl.RaftServerProxy (RaftServerProxy.java:addNew(89)) - 9ec9b7eb-9269-4de4-b0e5-15ac19151471: addNew group-33D1D1F0C02D:[9ec9b7eb-9269-4de4-b0e5-15ac19151471:192.168.34.5:41076] returns group-33D1D1F0C02D:java.util.concurrent.CompletableFuture@1404b5f9[Not completed]
2019-09-19 09:00:14,399 [pool-27-thread-1] INFO  impl.RaftServerImpl (RaftServerImpl.java:<init>(93)) - 9ec9b7eb-9269-4de4-b0e5-15ac19151471: new RaftServerImpl for group-33D1D1F0C02D:[9ec9b7eb-9269-4de4-b0e5-15ac19151471:192.168.34.5:41076] with ContainerStateMachine:uninitialized
2019-09-19 09:00:14,399 [pool-27-thread-1] INFO  server.RaftServerConfigKeys (ConfUtils.java:logGet(43)) - raft.server.rpc.timeout.min = 5s (custom)
2019-09-19 09:00:14,399 [pool-27-thread-1] INFO  server.RaftServerConfigKeys (ConfUtils.java:logGet(43)) - raft.server.rpc.timeout.max = 5200ms (custom)
2019-09-19 09:00:14,399 [pool-27-thread-1] INFO  server.RaftServerConfigKeys (ConfUtils.java:logGet(43)) - raft.server.rpcslowness.timeout = 120s (custom)
2019-09-19 09:00:14,400 [pool-27-thread-1] INFO  server.RaftServerConfigKeys (ConfUtils.java:logGet(43)) - raft.server.sleep.deviation.threshold = 300 (default)
2019-09-19 09:00:14,400 [pool-27-thread-1] INFO  server.RaftServerConfigKeys (ConfUtils.java:logGet(43)) - raft.server.log.appender.install.snapshot.enabled = false (custom)
2019-09-19 09:00:14,400 [pool-27-thread-1] INFO  impl.RaftServerImpl (ServerState.java:<init>(105)) - 9ec9b7eb-9269-4de4-b0e5-15ac19151471:group-33D1D1F0C02D ConfigurationManager, init=-1: [9ec9b7eb-9269-4de4-b0e5-15ac19151471:192.168.34.5:41076], old=null, confs=<EMPTY_MAP>
2019-09-19 09:00:14,400 [pool-27-thread-1] INFO  server.RaftServerConfigKeys (ConfUtils.java:logGet(43)) - raft.server.storage.dir = [/workdir/hadoop-ozone/integration-test/target/test-dir/MiniOzoneClusterImpl-efb0e503-cad1-4dcb-a604-0867af0d3cca/datanode-0/data/ratis] (custom)
2019-09-19 09:00:14,401 [pool-27-thread-1] INFO  storage.RaftStorageDirectory (RaftStorageDirectory.java:analyzeStorage(246)) - The storage directory /workdir/hadoop-ozone/integration-test/target/test-dir/MiniOzoneClusterImpl-efb0e503-cad1-4dcb-a604-0867af0d3cca/datanode-0/data/ratis/f78c82a0-24bb-4e7c-833b-33d1d1f0c02d does not exist. Creating ...
2019-09-19 09:00:14,418 [pool-27-thread-1] INFO  storage.RaftStorageDirectory (RaftStorageDirectory.java:tryLock(328)) - Lock on /workdir/hadoop-ozone/integration-test/target/test-dir/MiniOzoneClusterImpl-efb0e503-cad1-4dcb-a604-0867af0d3cca/datanode-0/data/ratis/f78c82a0-24bb-4e7c-833b-33d1d1f0c02d/in_use.lock acquired by nodename 12225@pr-hdds-1569-j4bt4-3030777008
2019-09-19 09:00:14,426 [pool-27-thread-1] INFO  storage.RaftStorage (RaftStorage.java:format(72)) - Storage directory /workdir/hadoop-ozone/integration-test/target/test-dir/MiniOzoneClusterImpl-efb0e503-cad1-4dcb-a604-0867af0d3cca/datanode-0/data/ratis/f78c82a0-24bb-4e7c-833b-33d1d1f0c02d has been successfully formatted.
2019-09-19 09:00:14,426 [pool-27-thread-1] INFO  ratis.ContainerStateMachine (ContainerStateMachine.java:loadSnapshot(226)) - group-33D1D1F0C02D: The snapshot info is null. Setting the last applied indexto:(t:0, i:~)
2019-09-19 09:00:14,426 [pool-27-thread-1] INFO  server.RaftServerConfigKeys (ConfUtils.java:logGet(43)) - raft.server.leader.election.timeout = 120s (custom)
2019-09-19 09:00:14,426 [pool-27-thread-1] INFO  server.RaftServerConfigKeys (ConfUtils.java:logGet(43)) - raft.server.log.use.memory = false (default)
2019-09-19 09:00:14,426 [pool-27-thread-1] INFO  server.RaftServerConfigKeys (ConfUtils.java:logGet(43)) - raft.server.log.purge.gap = 1000000 (custom)
2019-09-19 09:00:14,427 [pool-27-thread-1] INFO  server.RaftServerConfigKeys (ConfUtils.java:logGet(43)) - raft.server.log.appender.buffer.byte-limit = 33554432 (custom)
2019-09-19 09:00:14,427 [pool-27-thread-1] INFO  server.RaftServerConfigKeys (ConfUtils.java:logGet(43)) - raft.server.log.segment.size.max = 1048576 (custom)
2019-09-19 09:00:14,427 [pool-27-thread-1] INFO  server.RaftServerConfigKeys (ConfUtils.java:logGet(43)) - raft.server.log.segment.cache.num.max = 2 (custom)
2019-09-19 09:00:14,427 [pool-27-thread-1] INFO  segmented.SegmentedRaftLogWorker (SegmentedRaftLogWorker.java:<init>(172)) - new 9ec9b7eb-9269-4de4-b0e5-15ac19151471-SegmentedRaftLogWorker:Storage Directory /workdir/hadoop-ozone/integration-test/target/test-dir/MiniOzoneClusterImpl-efb0e503-cad1-4dcb-a604-0867af0d3cca/datanode-0/data/ratis/f78c82a0-24bb-4e7c-833b-33d1d1f0c02d for RaftStorage:Storage Directory /workdir/hadoop-ozone/integration-test/target/test-dir/MiniOzoneClusterImpl-efb0e503-cad1-4dcb-a604-0867af0d3cca/datanode-0/data/ratis/f78c82a0-24bb-4e7c-833b-33d1d1f0c02d
2019-09-19 09:00:14,427 [pool-27-thread-1] INFO  server.RaftServerConfigKeys (ConfUtils.java:logGet(43)) - raft.server.log.queue.byte-limit = 2147483647 (custom)
2019-09-19 09:00:14,427 [pool-27-thread-1] INFO  server.RaftServerConfigKeys (ConfUtils.java:logGet(43)) - raft.server.log.queue.element-limit = 1024 (custom)
2019-09-19 09:00:14,427 [pool-27-thread-1] INFO  server.RaftServerConfigKeys (ConfUtils.java:logGet(43)) - raft.server.log.segment.size.max = 1048576 (custom)
2019-09-19 09:00:14,428 [pool-27-thread-1] INFO  server.RaftServerConfigKeys (ConfUtils.java:logGet(43)) - raft.server.log.preallocated.size = 16384 (custom)
2019-09-19 09:00:14,428 [pool-27-thread-1] INFO  server.RaftServerConfigKeys (ConfUtils.java:logGet(43)) - raft.server.log.write.buffer.size = 33554432 (custom)
2019-09-19 09:00:14,428 [pool-27-thread-1] INFO  server.RaftServerConfigKeys (ConfUtils.java:logGet(43)) - raft.server.log.force.sync.num = 128 (default)
2019-09-19 09:00:14,428 [pool-27-thread-1] INFO  server.RaftServerConfigKeys (ConfUtils.java:logGet(43)) - raft.server.log.statemachine.data.sync = true (default)
2019-09-19 09:00:14,428 [pool-27-thread-1] INFO  server.RaftServerConfigKeys (ConfUtils.java:logGet(43)) - raft.server.log.statemachine.data.sync.timeout = 10s (default)
2019-09-19 09:00:14,428 [pool-27-thread-1] INFO  server.RaftServerConfigKeys (ConfUtils.java:logGet(43)) - raft.server.log.statemachine.data.sync.timeout.retry = -1 (default)
2019-09-19 09:00:14,429 [pool-27-thread-1] INFO  server.RaftServerConfigKeys (ConfUtils.java:logGet(43)) - raft.server.log.statemachine.data.caching.enabled = true (custom)
2019-09-19 09:00:14,429 [pool-27-thread-1] INFO  segmented.SegmentedRaftLogWorker (SegmentedRaftLogWorker.java:lambda$new$0(132)) - 9ec9b7eb-9269-4de4-b0e5-15ac19151471-SegmentedRaftLogWorker:Storage Directory /workdir/hadoop-ozone/integration-test/target/test-dir/MiniOzoneClusterImpl-efb0e503-cad1-4dcb-a604-0867af0d3cca/datanode-0/data/ratis/f78c82a0-24bb-4e7c-833b-33d1d1f0c02d: flushIndex: setUnconditionally 0 -> -1
2019-09-19 09:00:14,429 [pool-27-thread-1] INFO  server.RaftServerConfigKeys (ConfUtils.java:logGet(43)) - raft.server.snapshot.auto.trigger.enabled = true (custom)
2019-09-19 09:00:14,430 [pool-27-thread-1] INFO  server.RaftServerConfigKeys (ConfUtils.java:logGet(43)) - raft.server.snapshot.auto.trigger.threshold = 10000 (custom)
2019-09-19 09:00:14,431 [pool-27-thread-1] INFO  server.RaftServerConfigKeys (ConfUtils.java:logGet(43)) - raft.server.retrycache.expirytime = 600000ms (custom)
2019-09-19 09:00:14,431 [pool-27-thread-1] INFO  impl.RaftServerImpl (RaftServerImpl.java:start(180)) - 9ec9b7eb-9269-4de4-b0e5-15ac19151471: start group-33D1D1F0C02D
2019-09-19 09:00:14,432 [pool-27-thread-1] INFO  impl.RaftServerImpl (RaftServerImpl.java:setRole(171)) - 9ec9b7eb-9269-4de4-b0e5-15ac19151471:group-33D1D1F0C02D changes role from null to FOLLOWER at term 0 for startAsFollower
2019-09-19 09:00:14,432 | INFO  | SCMAudit | user=jenkins1000 | ip=192.168.34.5 | op=SEND_HEARTBEAT {datanodeUUID=2b82d6a8-341a-4a13-8451-80c547e9561a, command=[]} | ret=SUCCESS |  
2019-09-19 09:00:14,432 [pool-27-thread-1] INFO  impl.RoleInfo (RoleInfo.java:updateAndGet(143)) - 9ec9b7eb-9269-4de4-b0e5-15ac19151471: start FollowerState
2019-09-19 09:00:14,432 [pool-27-thread-1] INFO  util.JmxRegister (JmxRegister.java:tryRegister(44)) - Successfully registered JMX Bean with object name Ratis:service=RaftServer,group=group-33D1D1F0C02D,id=9ec9b7eb-9269-4de4-b0e5-15ac19151471
2019-09-19 09:00:14,444 [RatisPipelineUtilsThread] INFO  pipeline.PipelineStateManager (PipelineStateManager.java:addPipeline(56)) - Created pipeline Pipeline[ Id: f78c82a0-24bb-4e7c-833b-33d1d1f0c02d, Nodes: 9ec9b7eb-9269-4de4-b0e5-15ac19151471{ip: 192.168.34.5, host: pr-hdds-1569-j4bt4-3030777008, networkLocation: /default-rack, certSerialId: null}, Type:RATIS, Factor:ONE, State:OPEN]
2019-09-19 09:00:14,459 [grpc-default-executor-0] INFO  impl.RaftServerProxy (RaftServerProxy.java:addNew(89)) - cf0fb8b8-922c-4d9e-8ced-919bfd64db77: addNew group-3F40EEF315B2:[cf0fb8b8-922c-4d9e-8ced-919bfd64db77:192.168.34.5:43255] returns group-3F40EEF315B2:java.util.concurrent.CompletableFuture@446d164a[Not completed]
2019-09-19 09:00:14,460 [pool-49-thread-1] INFO  impl.RaftServerImpl (RaftServerImpl.java:<init>(93)) - cf0fb8b8-922c-4d9e-8ced-919bfd64db77: new RaftServerImpl for group-3F40EEF315B2:[cf0fb8b8-922c-4d9e-8ced-919bfd64db77:192.168.34.5:43255] with ContainerStateMachine:uninitialized
2019-09-19 09:00:14,460 [pool-49-thread-1] INFO  server.RaftServerConfigKeys (ConfUtils.java:logGet(43)) - raft.server.rpc.timeout.min = 5s (custom)
2019-09-19 09:00:14,460 [pool-49-thread-1] INFO  server.RaftServerConfigKeys (ConfUtils.java:logGet(43)) - raft.server.rpc.timeout.max = 5200ms (custom)
2019-09-19 09:00:14,461 [pool-49-thread-1] INFO  server.RaftServerConfigKeys (ConfUtils.java:logGet(43)) - raft.server.rpcslowness.timeout = 120s (custom)
2019-09-19 09:00:14,461 [pool-49-thread-1] INFO  server.RaftServerConfigKeys (ConfUtils.java:logGet(43)) - raft.server.sleep.deviation.threshold = 300 (default)
2019-09-19 09:00:14,461 [pool-49-thread-1] INFO  server.RaftServerConfigKeys (ConfUtils.java:logGet(43)) - raft.server.log.appender.install.snapshot.enabled = false (custom)
2019-09-19 09:00:14,461 [pool-49-thread-1] INFO  impl.RaftServerImpl (ServerState.java:<init>(105)) - cf0fb8b8-922c-4d9e-8ced-919bfd64db77:group-3F40EEF315B2 ConfigurationManager, init=-1: [cf0fb8b8-922c-4d9e-8ced-919bfd64db77:192.168.34.5:43255], old=null, confs=<EMPTY_MAP>
2019-09-19 09:00:14,461 [pool-49-thread-1] INFO  server.RaftServerConfigKeys (ConfUtils.java:logGet(43)) - raft.server.storage.dir = [/workdir/hadoop-ozone/integration-test/target/test-dir/MiniOzoneClusterImpl-efb0e503-cad1-4dcb-a604-0867af0d3cca/datanode-2/data/ratis] (custom)
2019-09-19 09:00:14,462 [pool-49-thread-1] INFO  storage.RaftStorageDirectory (RaftStorageDirectory.java:analyzeStorage(246)) - The storage directory /workdir/hadoop-ozone/integration-test/target/test-dir/MiniOzoneClusterImpl-efb0e503-cad1-4dcb-a604-0867af0d3cca/datanode-2/data/ratis/bcb21b9a-c930-4877-9447-3f40eef315b2 does not exist. Creating ...
2019-09-19 09:00:14,475 [pool-49-thread-1] INFO  storage.RaftStorageDirectory (RaftStorageDirectory.java:tryLock(328)) - Lock on /workdir/hadoop-ozone/integration-test/target/test-dir/MiniOzoneClusterImpl-efb0e503-cad1-4dcb-a604-0867af0d3cca/datanode-2/data/ratis/bcb21b9a-c930-4877-9447-3f40eef315b2/in_use.lock acquired by nodename 12225@pr-hdds-1569-j4bt4-3030777008
2019-09-19 09:00:14,481 [main] INFO  rpc.RpcClient (RpcClient.java:createVolume(293)) - Creating Volume: testblockoutputstreamwithretries, with jenkins1000 as owner.
2019-09-19 09:00:14,490 [pool-49-thread-1] INFO  storage.RaftStorage (RaftStorage.java:format(72)) - Storage directory /workdir/hadoop-ozone/integration-test/target/test-dir/MiniOzoneClusterImpl-efb0e503-cad1-4dcb-a604-0867af0d3cca/datanode-2/data/ratis/bcb21b9a-c930-4877-9447-3f40eef315b2 has been successfully formatted.
2019-09-19 09:00:14,490 [pool-49-thread-1] INFO  ratis.ContainerStateMachine (ContainerStateMachine.java:loadSnapshot(226)) - group-3F40EEF315B2: The snapshot info is null. Setting the last applied indexto:(t:0, i:~)
2019-09-19 09:00:14,490 [pool-49-thread-1] INFO  server.RaftServerConfigKeys (ConfUtils.java:logGet(43)) - raft.server.leader.election.timeout = 120s (custom)
2019-09-19 09:00:14,490 [pool-49-thread-1] INFO  server.RaftServerConfigKeys (ConfUtils.java:logGet(43)) - raft.server.log.use.memory = false (default)
2019-09-19 09:00:14,491 [pool-49-thread-1] INFO  server.RaftServerConfigKeys (ConfUtils.java:logGet(43)) - raft.server.log.purge.gap = 1000000 (custom)
2019-09-19 09:00:14,491 [pool-49-thread-1] INFO  server.RaftServerConfigKeys (ConfUtils.java:logGet(43)) - raft.server.log.appender.buffer.byte-limit = 33554432 (custom)
2019-09-19 09:00:14,491 [pool-49-thread-1] INFO  server.RaftServerConfigKeys (ConfUtils.java:logGet(43)) - raft.server.log.segment.size.max = 1048576 (custom)
2019-09-19 09:00:14,491 [pool-49-thread-1] INFO  server.RaftServerConfigKeys (ConfUtils.java:logGet(43)) - raft.server.log.segment.cache.num.max = 2 (custom)
2019-09-19 09:00:14,491 [pool-49-thread-1] INFO  segmented.SegmentedRaftLogWorker (SegmentedRaftLogWorker.java:<init>(172)) - new cf0fb8b8-922c-4d9e-8ced-919bfd64db77-SegmentedRaftLogWorker:Storage Directory /workdir/hadoop-ozone/integration-test/target/test-dir/MiniOzoneClusterImpl-efb0e503-cad1-4dcb-a604-0867af0d3cca/datanode-2/data/ratis/bcb21b9a-c930-4877-9447-3f40eef315b2 for RaftStorage:Storage Directory /workdir/hadoop-ozone/integration-test/target/test-dir/MiniOzoneClusterImpl-efb0e503-cad1-4dcb-a604-0867af0d3cca/datanode-2/data/ratis/bcb21b9a-c930-4877-9447-3f40eef315b2
2019-09-19 09:00:14,491 [pool-49-thread-1] INFO  server.RaftServerConfigKeys (ConfUtils.java:logGet(43)) - raft.server.log.queue.byte-limit = 2147483647 (custom)
2019-09-19 09:00:14,491 [pool-49-thread-1] INFO  server.RaftServerConfigKeys (ConfUtils.java:logGet(43)) - raft.server.log.queue.element-limit = 1024 (custom)
2019-09-19 09:00:14,491 [pool-49-thread-1] INFO  server.RaftServerConfigKeys (ConfUtils.java:logGet(43)) - raft.server.log.segment.size.max = 1048576 (custom)
2019-09-19 09:00:14,491 [pool-49-thread-1] INFO  server.RaftServerConfigKeys (ConfUtils.java:logGet(43)) - raft.server.log.preallocated.size = 16384 (custom)
2019-09-19 09:00:14,492 [pool-49-thread-1] INFO  server.RaftServerConfigKeys (ConfUtils.java:logGet(43)) - raft.server.log.write.buffer.size = 33554432 (custom)
2019-09-19 09:00:14,492 [pool-49-thread-1] INFO  server.RaftServerConfigKeys (ConfUtils.java:logGet(43)) - raft.server.log.force.sync.num = 128 (default)
2019-09-19 09:00:14,492 [pool-49-thread-1] INFO  server.RaftServerConfigKeys (ConfUtils.java:logGet(43)) - raft.server.log.statemachine.data.sync = true (default)
2019-09-19 09:00:14,492 [pool-49-thread-1] INFO  server.RaftServerConfigKeys (ConfUtils.java:logGet(43)) - raft.server.log.statemachine.data.sync.timeout = 10s (default)
2019-09-19 09:00:14,492 [pool-49-thread-1] INFO  server.RaftServerConfigKeys (ConfUtils.java:logGet(43)) - raft.server.log.statemachine.data.sync.timeout.retry = -1 (default)
2019-09-19 09:00:14,492 [pool-49-thread-1] INFO  server.RaftServerConfigKeys (ConfUtils.java:logGet(43)) - raft.server.log.statemachine.data.caching.enabled = true (custom)
2019-09-19 09:00:14,492 [pool-49-thread-1] INFO  segmented.SegmentedRaftLogWorker (SegmentedRaftLogWorker.java:lambda$new$0(132)) - cf0fb8b8-922c-4d9e-8ced-919bfd64db77-SegmentedRaftLogWorker:Storage Directory /workdir/hadoop-ozone/integration-test/target/test-dir/MiniOzoneClusterImpl-efb0e503-cad1-4dcb-a604-0867af0d3cca/datanode-2/data/ratis/bcb21b9a-c930-4877-9447-3f40eef315b2: flushIndex: setUnconditionally 0 -> -1
2019-09-19 09:00:14,493 [pool-49-thread-1] INFO  server.RaftServerConfigKeys (ConfUtils.java:logGet(43)) - raft.server.snapshot.auto.trigger.enabled = true (custom)
2019-09-19 09:00:14,493 [pool-49-thread-1] INFO  server.RaftServerConfigKeys (ConfUtils.java:logGet(43)) - raft.server.snapshot.auto.trigger.threshold = 10000 (custom)
2019-09-19 09:00:14,493 [pool-49-thread-1] INFO  server.RaftServerConfigKeys (ConfUtils.java:logGet(43)) - raft.server.retrycache.expirytime = 600000ms (custom)
2019-09-19 09:00:14,493 [pool-49-thread-1] INFO  impl.RaftServerImpl (RaftServerImpl.java:start(180)) - cf0fb8b8-922c-4d9e-8ced-919bfd64db77: start group-3F40EEF315B2
2019-09-19 09:00:14,493 [pool-49-thread-1] INFO  impl.RaftServerImpl (RaftServerImpl.java:setRole(171)) - cf0fb8b8-922c-4d9e-8ced-919bfd64db77:group-3F40EEF315B2 changes role from null to FOLLOWER at term 0 for startAsFollower
2019-09-19 09:00:14,493 [pool-49-thread-1] INFO  impl.RoleInfo (RoleInfo.java:updateAndGet(143)) - cf0fb8b8-922c-4d9e-8ced-919bfd64db77: start FollowerState
2019-09-19 09:00:14,494 [pool-49-thread-1] INFO  util.JmxRegister (JmxRegister.java:tryRegister(44)) - Successfully registered JMX Bean with object name Ratis:service=RaftServer,group=group-3F40EEF315B2,id=cf0fb8b8-922c-4d9e-8ced-919bfd64db77
2019-09-19 09:00:14,499 [RatisPipelineUtilsThread] INFO  pipeline.PipelineStateManager (PipelineStateManager.java:addPipeline(56)) - Created pipeline Pipeline[ Id: bcb21b9a-c930-4877-9447-3f40eef315b2, Nodes: cf0fb8b8-922c-4d9e-8ced-919bfd64db77{ip: 192.168.34.5, host: pr-hdds-1569-j4bt4-3030777008, networkLocation: /default-rack, certSerialId: null}, Type:RATIS, Factor:ONE, State:OPEN]
2019-09-19 09:00:14,511 [grpc-default-executor-0] INFO  impl.RaftServerProxy (RaftServerProxy.java:addNew(89)) - cf0fb8b8-922c-4d9e-8ced-919bfd64db77: addNew group-710B4CF8DD4A:[cf0fb8b8-922c-4d9e-8ced-919bfd64db77:192.168.34.5:43255] returns group-710B4CF8DD4A:java.util.concurrent.CompletableFuture@4b93ee6c[Not completed]
2019-09-19 09:00:14,512 [pool-49-thread-1] INFO  impl.RaftServerImpl (RaftServerImpl.java:<init>(93)) - cf0fb8b8-922c-4d9e-8ced-919bfd64db77: new RaftServerImpl for group-710B4CF8DD4A:[cf0fb8b8-922c-4d9e-8ced-919bfd64db77:192.168.34.5:43255] with ContainerStateMachine:uninitialized
2019-09-19 09:00:14,513 [pool-49-thread-1] INFO  server.RaftServerConfigKeys (ConfUtils.java:logGet(43)) - raft.server.rpc.timeout.min = 5s (custom)
2019-09-19 09:00:14,513 [pool-49-thread-1] INFO  server.RaftServerConfigKeys (ConfUtils.java:logGet(43)) - raft.server.rpc.timeout.max = 5200ms (custom)
2019-09-19 09:00:14,513 [pool-49-thread-1] INFO  server.RaftServerConfigKeys (ConfUtils.java:logGet(43)) - raft.server.rpcslowness.timeout = 120s (custom)
2019-09-19 09:00:14,513 [pool-49-thread-1] INFO  server.RaftServerConfigKeys (ConfUtils.java:logGet(43)) - raft.server.sleep.deviation.threshold = 300 (default)
2019-09-19 09:00:14,513 [pool-49-thread-1] INFO  server.RaftServerConfigKeys (ConfUtils.java:logGet(43)) - raft.server.log.appender.install.snapshot.enabled = false (custom)
2019-09-19 09:00:14,513 [pool-49-thread-1] INFO  impl.RaftServerImpl (ServerState.java:<init>(105)) - cf0fb8b8-922c-4d9e-8ced-919bfd64db77:group-710B4CF8DD4A ConfigurationManager, init=-1: [cf0fb8b8-922c-4d9e-8ced-919bfd64db77:192.168.34.5:43255], old=null, confs=<EMPTY_MAP>
2019-09-19 09:00:14,514 [pool-49-thread-1] INFO  server.RaftServerConfigKeys (ConfUtils.java:logGet(43)) - raft.server.storage.dir = [/workdir/hadoop-ozone/integration-test/target/test-dir/MiniOzoneClusterImpl-efb0e503-cad1-4dcb-a604-0867af0d3cca/datanode-2/data/ratis] (custom)
2019-09-19 09:00:14,514 [pool-49-thread-1] INFO  storage.RaftStorageDirectory (RaftStorageDirectory.java:analyzeStorage(246)) - The storage directory /workdir/hadoop-ozone/integration-test/target/test-dir/MiniOzoneClusterImpl-efb0e503-cad1-4dcb-a604-0867af0d3cca/datanode-2/data/ratis/dac29734-09e7-4b9f-b737-710b4cf8dd4a does not exist. Creating ...
2019-09-19 09:00:14,516 | INFO  | OMAudit | user=jenkins1000 | ip=127.0.0.1 | op=CREATE_VOLUME {admin=jenkins1000, owner=jenkins1000, volume=testblockoutputstreamwithretries, creationTime=1568883614508, quotaInBytes=1152921504606846976} | ret=SUCCESS |  
2019-09-19 09:00:14,531 [pool-49-thread-1] INFO  storage.RaftStorageDirectory (RaftStorageDirectory.java:tryLock(328)) - Lock on /workdir/hadoop-ozone/integration-test/target/test-dir/MiniOzoneClusterImpl-efb0e503-cad1-4dcb-a604-0867af0d3cca/datanode-2/data/ratis/dac29734-09e7-4b9f-b737-710b4cf8dd4a/in_use.lock acquired by nodename 12225@pr-hdds-1569-j4bt4-3030777008
2019-09-19 09:00:14,545 | INFO  | OMAudit | user=jenkins1000 | ip=127.0.0.1 | op=READ_VOLUME {volume=testblockoutputstreamwithretries} | ret=SUCCESS |  
2019-09-19 09:00:14,550 [pool-49-thread-1] INFO  storage.RaftStorage (RaftStorage.java:format(72)) - Storage directory /workdir/hadoop-ozone/integration-test/target/test-dir/MiniOzoneClusterImpl-efb0e503-cad1-4dcb-a604-0867af0d3cca/datanode-2/data/ratis/dac29734-09e7-4b9f-b737-710b4cf8dd4a has been successfully formatted.
2019-09-19 09:00:14,550 [pool-49-thread-1] INFO  ratis.ContainerStateMachine (ContainerStateMachine.java:loadSnapshot(226)) - group-710B4CF8DD4A: The snapshot info is null. Setting the last applied indexto:(t:0, i:~)
2019-09-19 09:00:14,550 [pool-49-thread-1] INFO  server.RaftServerConfigKeys (ConfUtils.java:logGet(43)) - raft.server.leader.election.timeout = 120s (custom)
2019-09-19 09:00:14,550 [pool-49-thread-1] INFO  server.RaftServerConfigKeys (ConfUtils.java:logGet(43)) - raft.server.log.use.memory = false (default)
2019-09-19 09:00:14,551 [pool-49-thread-1] INFO  server.RaftServerConfigKeys (ConfUtils.java:logGet(43)) - raft.server.log.purge.gap = 1000000 (custom)
2019-09-19 09:00:14,551 [pool-49-thread-1] INFO  server.RaftServerConfigKeys (ConfUtils.java:logGet(43)) - raft.server.log.appender.buffer.byte-limit = 33554432 (custom)
2019-09-19 09:00:14,551 [pool-49-thread-1] INFO  server.RaftServerConfigKeys (ConfUtils.java:logGet(43)) - raft.server.log.segment.size.max = 1048576 (custom)
2019-09-19 09:00:14,551 [pool-49-thread-1] INFO  server.RaftServerConfigKeys (ConfUtils.java:logGet(43)) - raft.server.log.segment.cache.num.max = 2 (custom)
2019-09-19 09:00:14,551 [pool-49-thread-1] INFO  segmented.SegmentedRaftLogWorker (SegmentedRaftLogWorker.java:<init>(172)) - new cf0fb8b8-922c-4d9e-8ced-919bfd64db77-SegmentedRaftLogWorker:Storage Directory /workdir/hadoop-ozone/integration-test/target/test-dir/MiniOzoneClusterImpl-efb0e503-cad1-4dcb-a604-0867af0d3cca/datanode-2/data/ratis/dac29734-09e7-4b9f-b737-710b4cf8dd4a for RaftStorage:Storage Directory /workdir/hadoop-ozone/integration-test/target/test-dir/MiniOzoneClusterImpl-efb0e503-cad1-4dcb-a604-0867af0d3cca/datanode-2/data/ratis/dac29734-09e7-4b9f-b737-710b4cf8dd4a
2019-09-19 09:00:14,551 [pool-49-thread-1] INFO  server.RaftServerConfigKeys (ConfUtils.java:logGet(43)) - raft.server.log.queue.byte-limit = 2147483647 (custom)
2019-09-19 09:00:14,552 [pool-49-thread-1] INFO  server.RaftServerConfigKeys (ConfUtils.java:logGet(43)) - raft.server.log.queue.element-limit = 1024 (custom)
2019-09-19 09:00:14,552 [pool-49-thread-1] INFO  server.RaftServerConfigKeys (ConfUtils.java:logGet(43)) - raft.server.log.segment.size.max = 1048576 (custom)
2019-09-19 09:00:14,552 [pool-49-thread-1] INFO  server.RaftServerConfigKeys (ConfUtils.java:logGet(43)) - raft.server.log.preallocated.size = 16384 (custom)
2019-09-19 09:00:14,552 [pool-49-thread-1] INFO  server.RaftServerConfigKeys (ConfUtils.java:logGet(43)) - raft.server.log.write.buffer.size = 33554432 (custom)
2019-09-19 09:00:14,552 [pool-49-thread-1] INFO  server.RaftServerConfigKeys (ConfUtils.java:logGet(43)) - raft.server.log.force.sync.num = 128 (default)
2019-09-19 09:00:14,552 [pool-49-thread-1] INFO  server.RaftServerConfigKeys (ConfUtils.java:logGet(43)) - raft.server.log.statemachine.data.sync = true (default)
2019-09-19 09:00:14,552 [main] INFO  rpc.RpcClient (RpcClient.java:createBucket(432)) - Creating Bucket: testblockoutputstreamwithretries/testblockoutputstreamwithretries, with Versioning false and Storage Type set to DISK and Encryption set to false 
2019-09-19 09:00:14,554 [pool-49-thread-1] INFO  server.RaftServerConfigKeys (ConfUtils.java:logGet(43)) - raft.server.log.statemachine.data.sync.timeout = 10s (default)
2019-09-19 09:00:14,554 [pool-49-thread-1] INFO  server.RaftServerConfigKeys (ConfUtils.java:logGet(43)) - raft.server.log.statemachine.data.sync.timeout.retry = -1 (default)
2019-09-19 09:00:14,555 [pool-49-thread-1] INFO  server.RaftServerConfigKeys (ConfUtils.java:logGet(43)) - raft.server.log.statemachine.data.caching.enabled = true (custom)
2019-09-19 09:00:14,555 [pool-49-thread-1] INFO  segmented.SegmentedRaftLogWorker (SegmentedRaftLogWorker.java:lambda$new$0(132)) - cf0fb8b8-922c-4d9e-8ced-919bfd64db77-SegmentedRaftLogWorker:Storage Directory /workdir/hadoop-ozone/integration-test/target/test-dir/MiniOzoneClusterImpl-efb0e503-cad1-4dcb-a604-0867af0d3cca/datanode-2/data/ratis/dac29734-09e7-4b9f-b737-710b4cf8dd4a: flushIndex: setUnconditionally 0 -> -1
2019-09-19 09:00:14,555 [pool-49-thread-1] INFO  server.RaftServerConfigKeys (ConfUtils.java:logGet(43)) - raft.server.snapshot.auto.trigger.enabled = true (custom)
2019-09-19 09:00:14,555 [pool-49-thread-1] INFO  server.RaftServerConfigKeys (ConfUtils.java:logGet(43)) - raft.server.snapshot.auto.trigger.threshold = 10000 (custom)
2019-09-19 09:00:14,556 [pool-49-thread-1] INFO  server.RaftServerConfigKeys (ConfUtils.java:logGet(43)) - raft.server.retrycache.expirytime = 600000ms (custom)
2019-09-19 09:00:14,556 [pool-49-thread-1] INFO  impl.RaftServerImpl (RaftServerImpl.java:start(180)) - cf0fb8b8-922c-4d9e-8ced-919bfd64db77: start group-710B4CF8DD4A
2019-09-19 09:00:14,556 [pool-49-thread-1] INFO  impl.RaftServerImpl (RaftServerImpl.java:setRole(171)) - cf0fb8b8-922c-4d9e-8ced-919bfd64db77:group-710B4CF8DD4A changes role from null to FOLLOWER at term 0 for startAsFollower
2019-09-19 09:00:14,556 [pool-49-thread-1] INFO  impl.RoleInfo (RoleInfo.java:updateAndGet(143)) - cf0fb8b8-922c-4d9e-8ced-919bfd64db77: start FollowerState
2019-09-19 09:00:14,557 [pool-49-thread-1] INFO  util.JmxRegister (JmxRegister.java:tryRegister(44)) - Successfully registered JMX Bean with object name Ratis:service=RaftServer,group=group-710B4CF8DD4A,id=cf0fb8b8-922c-4d9e-8ced-919bfd64db77
2019-09-19 09:00:14,563 [RatisPipelineUtilsThread] INFO  pipeline.PipelineStateManager (PipelineStateManager.java:addPipeline(56)) - Created pipeline Pipeline[ Id: dac29734-09e7-4b9f-b737-710b4cf8dd4a, Nodes: cf0fb8b8-922c-4d9e-8ced-919bfd64db77{ip: 192.168.34.5, host: pr-hdds-1569-j4bt4-3030777008, networkLocation: /default-rack, certSerialId: null}, Type:RATIS, Factor:ONE, State:OPEN]
2019-09-19 09:00:14,577 [grpc-default-executor-0] INFO  impl.RaftServerProxy (RaftServerProxy.java:addNew(89)) - 21f2978a-2ca5-4a16-a721-5bddc1a70383: addNew group-465F845552D2:[21f2978a-2ca5-4a16-a721-5bddc1a70383:192.168.34.5:38423] returns group-465F845552D2:java.util.concurrent.CompletableFuture@2c8d0694[Not completed]
2019-09-19 09:00:14,578 [pool-71-thread-1] INFO  impl.RaftServerImpl (RaftServerImpl.java:<init>(93)) - 21f2978a-2ca5-4a16-a721-5bddc1a70383: new RaftServerImpl for group-465F845552D2:[21f2978a-2ca5-4a16-a721-5bddc1a70383:192.168.34.5:38423] with ContainerStateMachine:uninitialized
2019-09-19 09:00:14,579 [pool-71-thread-1] INFO  server.RaftServerConfigKeys (ConfUtils.java:logGet(43)) - raft.server.rpc.timeout.min = 5s (custom)
2019-09-19 09:00:14,579 [pool-71-thread-1] INFO  server.RaftServerConfigKeys (ConfUtils.java:logGet(43)) - raft.server.rpc.timeout.max = 5200ms (custom)
2019-09-19 09:00:14,579 | INFO  | OMAudit | user=jenkins1000 | ip=127.0.0.1 | op=CREATE_BUCKET {volume=testblockoutputstreamwithretries, bucket=testblockoutputstreamwithretries, acls=[user:jenkins1000:a[ACCESS], group:default:a[ACCESS]], isVersionEnabled=false, storageType=DISK, creationTime=0} | ret=SUCCESS |  
2019-09-19 09:00:14,579 [pool-71-thread-1] INFO  server.RaftServerConfigKeys (ConfUtils.java:logGet(43)) - raft.server.rpcslowness.timeout = 120s (custom)
2019-09-19 09:00:14,579 [pool-71-thread-1] INFO  server.RaftServerConfigKeys (ConfUtils.java:logGet(43)) - raft.server.sleep.deviation.threshold = 300 (default)
2019-09-19 09:00:14,579 [pool-71-thread-1] INFO  server.RaftServerConfigKeys (ConfUtils.java:logGet(43)) - raft.server.log.appender.install.snapshot.enabled = false (custom)
2019-09-19 09:00:14,579 [pool-71-thread-1] INFO  impl.RaftServerImpl (ServerState.java:<init>(105)) - 21f2978a-2ca5-4a16-a721-5bddc1a70383:group-465F845552D2 ConfigurationManager, init=-1: [21f2978a-2ca5-4a16-a721-5bddc1a70383:192.168.34.5:38423], old=null, confs=<EMPTY_MAP>
2019-09-19 09:00:14,579 [pool-71-thread-1] INFO  server.RaftServerConfigKeys (ConfUtils.java:logGet(43)) - raft.server.storage.dir = [/workdir/hadoop-ozone/integration-test/target/test-dir/MiniOzoneClusterImpl-efb0e503-cad1-4dcb-a604-0867af0d3cca/datanode-4/data/ratis] (custom)
2019-09-19 09:00:14,580 [pool-71-thread-1] INFO  storage.RaftStorageDirectory (RaftStorageDirectory.java:analyzeStorage(246)) - The storage directory /workdir/hadoop-ozone/integration-test/target/test-dir/MiniOzoneClusterImpl-efb0e503-cad1-4dcb-a604-0867af0d3cca/datanode-4/data/ratis/932fe122-9733-4302-b447-465f845552d2 does not exist. Creating ...
2019-09-19 09:00:14,587 | INFO  | OMAudit | user=jenkins1000 | ip=127.0.0.1 | op=READ_VOLUME {volume=testblockoutputstreamwithretries} | ret=SUCCESS |  
2019-09-19 09:00:14,592 [pool-71-thread-1] INFO  storage.RaftStorageDirectory (RaftStorageDirectory.java:tryLock(328)) - Lock on /workdir/hadoop-ozone/integration-test/target/test-dir/MiniOzoneClusterImpl-efb0e503-cad1-4dcb-a604-0867af0d3cca/datanode-4/data/ratis/932fe122-9733-4302-b447-465f845552d2/in_use.lock acquired by nodename 12225@pr-hdds-1569-j4bt4-3030777008
2019-09-19 09:00:14,594 | INFO  | OMAudit | user=jenkins1000 | ip=127.0.0.1 | op=READ_BUCKET {volume=testblockoutputstreamwithretries, bucket=testblockoutputstreamwithretries} | ret=SUCCESS |  
2019-09-19 09:00:14,605 [pool-71-thread-1] INFO  storage.RaftStorage (RaftStorage.java:format(72)) - Storage directory /workdir/hadoop-ozone/integration-test/target/test-dir/MiniOzoneClusterImpl-efb0e503-cad1-4dcb-a604-0867af0d3cca/datanode-4/data/ratis/932fe122-9733-4302-b447-465f845552d2 has been successfully formatted.
2019-09-19 09:00:14,605 [pool-71-thread-1] INFO  ratis.ContainerStateMachine (ContainerStateMachine.java:loadSnapshot(226)) - group-465F845552D2: The snapshot info is null. Setting the last applied indexto:(t:0, i:~)
2019-09-19 09:00:14,605 [pool-71-thread-1] INFO  server.RaftServerConfigKeys (ConfUtils.java:logGet(43)) - raft.server.leader.election.timeout = 120s (custom)
2019-09-19 09:00:14,606 [pool-71-thread-1] INFO  server.RaftServerConfigKeys (ConfUtils.java:logGet(43)) - raft.server.log.use.memory = false (default)
2019-09-19 09:00:14,606 [pool-71-thread-1] INFO  server.RaftServerConfigKeys (ConfUtils.java:logGet(43)) - raft.server.log.purge.gap = 1000000 (custom)
2019-09-19 09:00:14,606 [pool-71-thread-1] INFO  server.RaftServerConfigKeys (ConfUtils.java:logGet(43)) - raft.server.log.appender.buffer.byte-limit = 33554432 (custom)
2019-09-19 09:00:14,606 [pool-71-thread-1] INFO  server.RaftServerConfigKeys (ConfUtils.java:logGet(43)) - raft.server.log.segment.size.max = 1048576 (custom)
2019-09-19 09:00:14,606 [pool-71-thread-1] INFO  server.RaftServerConfigKeys (ConfUtils.java:logGet(43)) - raft.server.log.segment.cache.num.max = 2 (custom)
2019-09-19 09:00:14,606 [pool-71-thread-1] INFO  segmented.SegmentedRaftLogWorker (SegmentedRaftLogWorker.java:<init>(172)) - new 21f2978a-2ca5-4a16-a721-5bddc1a70383-SegmentedRaftLogWorker:Storage Directory /workdir/hadoop-ozone/integration-test/target/test-dir/MiniOzoneClusterImpl-efb0e503-cad1-4dcb-a604-0867af0d3cca/datanode-4/data/ratis/932fe122-9733-4302-b447-465f845552d2 for RaftStorage:Storage Directory /workdir/hadoop-ozone/integration-test/target/test-dir/MiniOzoneClusterImpl-efb0e503-cad1-4dcb-a604-0867af0d3cca/datanode-4/data/ratis/932fe122-9733-4302-b447-465f845552d2
2019-09-19 09:00:14,608 [pool-71-thread-1] INFO  server.RaftServerConfigKeys (ConfUtils.java:logGet(43)) - raft.server.log.queue.byte-limit = 2147483647 (custom)
2019-09-19 09:00:14,608 [pool-71-thread-1] INFO  server.RaftServerConfigKeys (ConfUtils.java:logGet(43)) - raft.server.log.queue.element-limit = 1024 (custom)
2019-09-19 09:00:14,609 [pool-71-thread-1] INFO  server.RaftServerConfigKeys (ConfUtils.java:logGet(43)) - raft.server.log.segment.size.max = 1048576 (custom)
2019-09-19 09:00:14,609 [pool-71-thread-1] INFO  server.RaftServerConfigKeys (ConfUtils.java:logGet(43)) - raft.server.log.preallocated.size = 16384 (custom)
2019-09-19 09:00:14,609 [pool-71-thread-1] INFO  server.RaftServerConfigKeys (ConfUtils.java:logGet(43)) - raft.server.log.write.buffer.size = 33554432 (custom)
2019-09-19 09:00:14,609 [pool-71-thread-1] INFO  server.RaftServerConfigKeys (ConfUtils.java:logGet(43)) - raft.server.log.force.sync.num = 128 (default)
2019-09-19 09:00:14,609 [pool-71-thread-1] INFO  server.RaftServerConfigKeys (ConfUtils.java:logGet(43)) - raft.server.log.statemachine.data.sync = true (default)
2019-09-19 09:00:14,610 [pool-71-thread-1] INFO  server.RaftServerConfigKeys (ConfUtils.java:logGet(43)) - raft.server.log.statemachine.data.sync.timeout = 10s (default)
2019-09-19 09:00:14,610 [pool-71-thread-1] INFO  server.RaftServerConfigKeys (ConfUtils.java:logGet(43)) - raft.server.log.statemachine.data.sync.timeout.retry = -1 (default)
2019-09-19 09:00:14,610 [pool-71-thread-1] INFO  server.RaftServerConfigKeys (ConfUtils.java:logGet(43)) - raft.server.log.statemachine.data.caching.enabled = true (custom)
2019-09-19 09:00:14,610 [pool-71-thread-1] INFO  segmented.SegmentedRaftLogWorker (SegmentedRaftLogWorker.java:lambda$new$0(132)) - 21f2978a-2ca5-4a16-a721-5bddc1a70383-SegmentedRaftLogWorker:Storage Directory /workdir/hadoop-ozone/integration-test/target/test-dir/MiniOzoneClusterImpl-efb0e503-cad1-4dcb-a604-0867af0d3cca/datanode-4/data/ratis/932fe122-9733-4302-b447-465f845552d2: flushIndex: setUnconditionally 0 -> -1
2019-09-19 09:00:14,611 [pool-71-thread-1] INFO  server.RaftServerConfigKeys (ConfUtils.java:logGet(43)) - raft.server.snapshot.auto.trigger.enabled = true (custom)
2019-09-19 09:00:14,611 [pool-71-thread-1] INFO  server.RaftServerConfigKeys (ConfUtils.java:logGet(43)) - raft.server.snapshot.auto.trigger.threshold = 10000 (custom)
2019-09-19 09:00:14,611 [pool-71-thread-1] INFO  server.RaftServerConfigKeys (ConfUtils.java:logGet(43)) - raft.server.retrycache.expirytime = 600000ms (custom)
2019-09-19 09:00:14,611 [pool-71-thread-1] INFO  impl.RaftServerImpl (RaftServerImpl.java:start(180)) - 21f2978a-2ca5-4a16-a721-5bddc1a70383: start group-465F845552D2
2019-09-19 09:00:14,612 [pool-71-thread-1] INFO  impl.RaftServerImpl (RaftServerImpl.java:setRole(171)) - 21f2978a-2ca5-4a16-a721-5bddc1a70383:group-465F845552D2 changes role from null to FOLLOWER at term 0 for startAsFollower
2019-09-19 09:00:14,612 [pool-71-thread-1] INFO  impl.RoleInfo (RoleInfo.java:updateAndGet(143)) - 21f2978a-2ca5-4a16-a721-5bddc1a70383: start FollowerState
2019-09-19 09:00:14,612 [pool-71-thread-1] INFO  util.JmxRegister (JmxRegister.java:tryRegister(44)) - Successfully registered JMX Bean with object name Ratis:service=RaftServer,group=group-465F845552D2,id=21f2978a-2ca5-4a16-a721-5bddc1a70383
2019-09-19 09:00:14,618 [RatisPipelineUtilsThread] INFO  pipeline.PipelineStateManager (PipelineStateManager.java:addPipeline(56)) - Created pipeline Pipeline[ Id: 932fe122-9733-4302-b447-465f845552d2, Nodes: 21f2978a-2ca5-4a16-a721-5bddc1a70383{ip: 192.168.34.5, host: pr-hdds-1569-j4bt4-3030777008, networkLocation: /default-rack, certSerialId: null}, Type:RATIS, Factor:ONE, State:OPEN]
2019-09-19 09:00:14,633 [grpc-default-executor-0] INFO  impl.RaftServerProxy (RaftServerProxy.java:addNew(89)) - 9ec9b7eb-9269-4de4-b0e5-15ac19151471: addNew group-4A6BE8B4DA4B:[9ec9b7eb-9269-4de4-b0e5-15ac19151471:192.168.34.5:41076] returns group-4A6BE8B4DA4B:java.util.concurrent.CompletableFuture@1ce1436a[Not completed]
2019-09-19 09:00:14,636 [pool-27-thread-1] INFO  impl.RaftServerImpl (RaftServerImpl.java:<init>(93)) - 9ec9b7eb-9269-4de4-b0e5-15ac19151471: new RaftServerImpl for group-4A6BE8B4DA4B:[9ec9b7eb-9269-4de4-b0e5-15ac19151471:192.168.34.5:41076] with ContainerStateMachine:uninitialized
2019-09-19 09:00:14,636 [pool-27-thread-1] INFO  server.RaftServerConfigKeys (ConfUtils.java:logGet(43)) - raft.server.rpc.timeout.min = 5s (custom)
2019-09-19 09:00:14,636 [pool-27-thread-1] INFO  server.RaftServerConfigKeys (ConfUtils.java:logGet(43)) - raft.server.rpc.timeout.max = 5200ms (custom)
2019-09-19 09:00:14,636 [pool-27-thread-1] INFO  server.RaftServerConfigKeys (ConfUtils.java:logGet(43)) - raft.server.rpcslowness.timeout = 120s (custom)
2019-09-19 09:00:14,636 [pool-27-thread-1] INFO  server.RaftServerConfigKeys (ConfUtils.java:logGet(43)) - raft.server.sleep.deviation.threshold = 300 (default)
2019-09-19 09:00:14,637 [pool-27-thread-1] INFO  server.RaftServerConfigKeys (ConfUtils.java:logGet(43)) - raft.server.log.appender.install.snapshot.enabled = false (custom)
2019-09-19 09:00:14,637 [pool-27-thread-1] INFO  impl.RaftServerImpl (ServerState.java:<init>(105)) - 9ec9b7eb-9269-4de4-b0e5-15ac19151471:group-4A6BE8B4DA4B ConfigurationManager, init=-1: [9ec9b7eb-9269-4de4-b0e5-15ac19151471:192.168.34.5:41076], old=null, confs=<EMPTY_MAP>
2019-09-19 09:00:14,637 [pool-27-thread-1] INFO  server.RaftServerConfigKeys (ConfUtils.java:logGet(43)) - raft.server.storage.dir = [/workdir/hadoop-ozone/integration-test/target/test-dir/MiniOzoneClusterImpl-efb0e503-cad1-4dcb-a604-0867af0d3cca/datanode-0/data/ratis] (custom)
2019-09-19 09:00:14,637 [pool-27-thread-1] INFO  storage.RaftStorageDirectory (RaftStorageDirectory.java:analyzeStorage(246)) - The storage directory /workdir/hadoop-ozone/integration-test/target/test-dir/MiniOzoneClusterImpl-efb0e503-cad1-4dcb-a604-0867af0d3cca/datanode-0/data/ratis/ec3f90a0-4aba-49d5-a43f-4a6be8b4da4b does not exist. Creating ...
2019-09-19 09:00:14,650 [pool-27-thread-1] INFO  storage.RaftStorageDirectory (RaftStorageDirectory.java:tryLock(328)) - Lock on /workdir/hadoop-ozone/integration-test/target/test-dir/MiniOzoneClusterImpl-efb0e503-cad1-4dcb-a604-0867af0d3cca/datanode-0/data/ratis/ec3f90a0-4aba-49d5-a43f-4a6be8b4da4b/in_use.lock acquired by nodename 12225@pr-hdds-1569-j4bt4-3030777008
2019-09-19 09:00:14,669 [pool-27-thread-1] INFO  storage.RaftStorage (RaftStorage.java:format(72)) - Storage directory /workdir/hadoop-ozone/integration-test/target/test-dir/MiniOzoneClusterImpl-efb0e503-cad1-4dcb-a604-0867af0d3cca/datanode-0/data/ratis/ec3f90a0-4aba-49d5-a43f-4a6be8b4da4b has been successfully formatted.
2019-09-19 09:00:14,670 [pool-27-thread-1] INFO  ratis.ContainerStateMachine (ContainerStateMachine.java:loadSnapshot(226)) - group-4A6BE8B4DA4B: The snapshot info is null. Setting the last applied indexto:(t:0, i:~)
2019-09-19 09:00:14,670 [pool-27-thread-1] INFO  server.RaftServerConfigKeys (ConfUtils.java:logGet(43)) - raft.server.leader.election.timeout = 120s (custom)
2019-09-19 09:00:14,670 [pool-27-thread-1] INFO  server.RaftServerConfigKeys (ConfUtils.java:logGet(43)) - raft.server.log.use.memory = false (default)
2019-09-19 09:00:14,670 [pool-27-thread-1] INFO  server.RaftServerConfigKeys (ConfUtils.java:logGet(43)) - raft.server.log.purge.gap = 1000000 (custom)
2019-09-19 09:00:14,670 [pool-27-thread-1] INFO  server.RaftServerConfigKeys (ConfUtils.java:logGet(43)) - raft.server.log.appender.buffer.byte-limit = 33554432 (custom)
2019-09-19 09:00:14,671 [pool-27-thread-1] INFO  server.RaftServerConfigKeys (ConfUtils.java:logGet(43)) - raft.server.log.segment.size.max = 1048576 (custom)
2019-09-19 09:00:14,671 [pool-27-thread-1] INFO  server.RaftServerConfigKeys (ConfUtils.java:logGet(43)) - raft.server.log.segment.cache.num.max = 2 (custom)
2019-09-19 09:00:14,671 [pool-27-thread-1] INFO  segmented.SegmentedRaftLogWorker (SegmentedRaftLogWorker.java:<init>(172)) - new 9ec9b7eb-9269-4de4-b0e5-15ac19151471-SegmentedRaftLogWorker:Storage Directory /workdir/hadoop-ozone/integration-test/target/test-dir/MiniOzoneClusterImpl-efb0e503-cad1-4dcb-a604-0867af0d3cca/datanode-0/data/ratis/ec3f90a0-4aba-49d5-a43f-4a6be8b4da4b for RaftStorage:Storage Directory /workdir/hadoop-ozone/integration-test/target/test-dir/MiniOzoneClusterImpl-efb0e503-cad1-4dcb-a604-0867af0d3cca/datanode-0/data/ratis/ec3f90a0-4aba-49d5-a43f-4a6be8b4da4b
2019-09-19 09:00:14,671 [pool-27-thread-1] INFO  server.RaftServerConfigKeys (ConfUtils.java:logGet(43)) - raft.server.log.queue.byte-limit = 2147483647 (custom)
2019-09-19 09:00:14,671 [pool-27-thread-1] INFO  server.RaftServerConfigKeys (ConfUtils.java:logGet(43)) - raft.server.log.queue.element-limit = 1024 (custom)
2019-09-19 09:00:14,671 [pool-27-thread-1] INFO  server.RaftServerConfigKeys (ConfUtils.java:logGet(43)) - raft.server.log.segment.size.max = 1048576 (custom)
2019-09-19 09:00:14,671 [pool-27-thread-1] INFO  server.RaftServerConfigKeys (ConfUtils.java:logGet(43)) - raft.server.log.preallocated.size = 16384 (custom)
2019-09-19 09:00:14,672 [pool-27-thread-1] INFO  server.RaftServerConfigKeys (ConfUtils.java:logGet(43)) - raft.server.log.write.buffer.size = 33554432 (custom)
2019-09-19 09:00:14,672 [pool-27-thread-1] INFO  server.RaftServerConfigKeys (ConfUtils.java:logGet(43)) - raft.server.log.force.sync.num = 128 (default)
2019-09-19 09:00:14,672 [pool-27-thread-1] INFO  server.RaftServerConfigKeys (ConfUtils.java:logGet(43)) - raft.server.log.statemachine.data.sync = true (default)
2019-09-19 09:00:14,672 [pool-27-thread-1] INFO  server.RaftServerConfigKeys (ConfUtils.java:logGet(43)) - raft.server.log.statemachine.data.sync.timeout = 10s (default)
2019-09-19 09:00:14,672 [pool-27-thread-1] INFO  server.RaftServerConfigKeys (ConfUtils.java:logGet(43)) - raft.server.log.statemachine.data.sync.timeout.retry = -1 (default)
2019-09-19 09:00:14,672 [pool-27-thread-1] INFO  server.RaftServerConfigKeys (ConfUtils.java:logGet(43)) - raft.server.log.statemachine.data.caching.enabled = true (custom)
2019-09-19 09:00:14,673 [pool-27-thread-1] INFO  segmented.SegmentedRaftLogWorker (SegmentedRaftLogWorker.java:lambda$new$0(132)) - 9ec9b7eb-9269-4de4-b0e5-15ac19151471-SegmentedRaftLogWorker:Storage Directory /workdir/hadoop-ozone/integration-test/target/test-dir/MiniOzoneClusterImpl-efb0e503-cad1-4dcb-a604-0867af0d3cca/datanode-0/data/ratis/ec3f90a0-4aba-49d5-a43f-4a6be8b4da4b: flushIndex: setUnconditionally 0 -> -1
2019-09-19 09:00:14,673 [pool-27-thread-1] INFO  server.RaftServerConfigKeys (ConfUtils.java:logGet(43)) - raft.server.snapshot.auto.trigger.enabled = true (custom)
2019-09-19 09:00:14,673 [pool-27-thread-1] INFO  server.RaftServerConfigKeys (ConfUtils.java:logGet(43)) - raft.server.snapshot.auto.trigger.threshold = 10000 (custom)
2019-09-19 09:00:14,674 [pool-27-thread-1] INFO  server.RaftServerConfigKeys (ConfUtils.java:logGet(43)) - raft.server.retrycache.expirytime = 600000ms (custom)
2019-09-19 09:00:14,674 [pool-27-thread-1] INFO  impl.RaftServerImpl (RaftServerImpl.java:start(180)) - 9ec9b7eb-9269-4de4-b0e5-15ac19151471: start group-4A6BE8B4DA4B
2019-09-19 09:00:14,674 [pool-27-thread-1] INFO  impl.RaftServerImpl (RaftServerImpl.java:setRole(171)) - 9ec9b7eb-9269-4de4-b0e5-15ac19151471:group-4A6BE8B4DA4B changes role from null to FOLLOWER at term 0 for startAsFollower
2019-09-19 09:00:14,674 [pool-27-thread-1] INFO  impl.RoleInfo (RoleInfo.java:updateAndGet(143)) - 9ec9b7eb-9269-4de4-b0e5-15ac19151471: start FollowerState
2019-09-19 09:00:14,675 [pool-27-thread-1] INFO  util.JmxRegister (JmxRegister.java:tryRegister(44)) - Successfully registered JMX Bean with object name Ratis:service=RaftServer,group=group-4A6BE8B4DA4B,id=9ec9b7eb-9269-4de4-b0e5-15ac19151471
2019-09-19 09:00:14,680 [RatisPipelineUtilsThread] INFO  pipeline.PipelineStateManager (PipelineStateManager.java:addPipeline(56)) - Created pipeline Pipeline[ Id: ec3f90a0-4aba-49d5-a43f-4a6be8b4da4b, Nodes: 9ec9b7eb-9269-4de4-b0e5-15ac19151471{ip: 192.168.34.5, host: pr-hdds-1569-j4bt4-3030777008, networkLocation: /default-rack, certSerialId: null}, Type:RATIS, Factor:ONE, State:OPEN]
2019-09-19 09:00:14,683 [RatisPipelineUtilsThread] ERROR pipeline.PipelinePlacementPolicy (PipelinePlacementPolicy.java:meetCriteria(91)) - Pipeline Placement: Doesn't meet the criteria to be viable node. Heaviness: 6
2019-09-19 09:00:14,693 [grpc-default-executor-0] INFO  impl.RaftServerProxy (RaftServerProxy.java:addNew(89)) - 188fabf1-fb11-41c2-a0ed-ee400af44df4: addNew group-41F2F838C5D1:[188fabf1-fb11-41c2-a0ed-ee400af44df4:192.168.34.5:35829] returns group-41F2F838C5D1:java.util.concurrent.CompletableFuture@4a040bc8[Not completed]
2019-09-19 09:00:14,696 [pool-60-thread-1] INFO  impl.RaftServerImpl (RaftServerImpl.java:<init>(93)) - 188fabf1-fb11-41c2-a0ed-ee400af44df4: new RaftServerImpl for group-41F2F838C5D1:[188fabf1-fb11-41c2-a0ed-ee400af44df4:192.168.34.5:35829] with ContainerStateMachine:uninitialized
2019-09-19 09:00:14,696 [pool-60-thread-1] INFO  server.RaftServerConfigKeys (ConfUtils.java:logGet(43)) - raft.server.rpc.timeout.min = 5s (custom)
2019-09-19 09:00:14,696 [pool-60-thread-1] INFO  server.RaftServerConfigKeys (ConfUtils.java:logGet(43)) - raft.server.rpc.timeout.max = 5200ms (custom)
2019-09-19 09:00:14,696 [pool-60-thread-1] INFO  server.RaftServerConfigKeys (ConfUtils.java:logGet(43)) - raft.server.rpcslowness.timeout = 120s (custom)
2019-09-19 09:00:14,696 [pool-60-thread-1] INFO  server.RaftServerConfigKeys (ConfUtils.java:logGet(43)) - raft.server.sleep.deviation.threshold = 300 (default)
2019-09-19 09:00:14,697 [pool-60-thread-1] INFO  server.RaftServerConfigKeys (ConfUtils.java:logGet(43)) - raft.server.log.appender.install.snapshot.enabled = false (custom)
2019-09-19 09:00:14,697 [pool-60-thread-1] INFO  impl.RaftServerImpl (ServerState.java:<init>(105)) - 188fabf1-fb11-41c2-a0ed-ee400af44df4:group-41F2F838C5D1 ConfigurationManager, init=-1: [188fabf1-fb11-41c2-a0ed-ee400af44df4:192.168.34.5:35829], old=null, confs=<EMPTY_MAP>
2019-09-19 09:00:14,697 [pool-60-thread-1] INFO  server.RaftServerConfigKeys (ConfUtils.java:logGet(43)) - raft.server.storage.dir = [/workdir/hadoop-ozone/integration-test/target/test-dir/MiniOzoneClusterImpl-efb0e503-cad1-4dcb-a604-0867af0d3cca/datanode-3/data/ratis] (custom)
2019-09-19 09:00:14,698 [pool-60-thread-1] INFO  storage.RaftStorageDirectory (RaftStorageDirectory.java:analyzeStorage(246)) - The storage directory /workdir/hadoop-ozone/integration-test/target/test-dir/MiniOzoneClusterImpl-efb0e503-cad1-4dcb-a604-0867af0d3cca/datanode-3/data/ratis/5d12f27d-601f-4bfb-a6ac-41f2f838c5d1 does not exist. Creating ...
2019-09-19 09:00:14,706 [pool-60-thread-1] INFO  storage.RaftStorageDirectory (RaftStorageDirectory.java:tryLock(328)) - Lock on /workdir/hadoop-ozone/integration-test/target/test-dir/MiniOzoneClusterImpl-efb0e503-cad1-4dcb-a604-0867af0d3cca/datanode-3/data/ratis/5d12f27d-601f-4bfb-a6ac-41f2f838c5d1/in_use.lock acquired by nodename 12225@pr-hdds-1569-j4bt4-3030777008
2019-09-19 09:00:14,719 [pool-60-thread-1] INFO  storage.RaftStorage (RaftStorage.java:format(72)) - Storage directory /workdir/hadoop-ozone/integration-test/target/test-dir/MiniOzoneClusterImpl-efb0e503-cad1-4dcb-a604-0867af0d3cca/datanode-3/data/ratis/5d12f27d-601f-4bfb-a6ac-41f2f838c5d1 has been successfully formatted.
2019-09-19 09:00:14,719 [pool-60-thread-1] INFO  ratis.ContainerStateMachine (ContainerStateMachine.java:loadSnapshot(226)) - group-41F2F838C5D1: The snapshot info is null. Setting the last applied indexto:(t:0, i:~)
2019-09-19 09:00:14,720 [pool-60-thread-1] INFO  server.RaftServerConfigKeys (ConfUtils.java:logGet(43)) - raft.server.leader.election.timeout = 120s (custom)
2019-09-19 09:00:14,720 [pool-60-thread-1] INFO  server.RaftServerConfigKeys (ConfUtils.java:logGet(43)) - raft.server.log.use.memory = false (default)
2019-09-19 09:00:14,720 [pool-60-thread-1] INFO  server.RaftServerConfigKeys (ConfUtils.java:logGet(43)) - raft.server.log.purge.gap = 1000000 (custom)
2019-09-19 09:00:14,720 [pool-60-thread-1] INFO  server.RaftServerConfigKeys (ConfUtils.java:logGet(43)) - raft.server.log.appender.buffer.byte-limit = 33554432 (custom)
2019-09-19 09:00:14,720 [pool-60-thread-1] INFO  server.RaftServerConfigKeys (ConfUtils.java:logGet(43)) - raft.server.log.segment.size.max = 1048576 (custom)
2019-09-19 09:00:14,721 [pool-60-thread-1] INFO  server.RaftServerConfigKeys (ConfUtils.java:logGet(43)) - raft.server.log.segment.cache.num.max = 2 (custom)
2019-09-19 09:00:14,721 [pool-60-thread-1] INFO  segmented.SegmentedRaftLogWorker (SegmentedRaftLogWorker.java:<init>(172)) - new 188fabf1-fb11-41c2-a0ed-ee400af44df4-SegmentedRaftLogWorker:Storage Directory /workdir/hadoop-ozone/integration-test/target/test-dir/MiniOzoneClusterImpl-efb0e503-cad1-4dcb-a604-0867af0d3cca/datanode-3/data/ratis/5d12f27d-601f-4bfb-a6ac-41f2f838c5d1 for RaftStorage:Storage Directory /workdir/hadoop-ozone/integration-test/target/test-dir/MiniOzoneClusterImpl-efb0e503-cad1-4dcb-a604-0867af0d3cca/datanode-3/data/ratis/5d12f27d-601f-4bfb-a6ac-41f2f838c5d1
2019-09-19 09:00:14,721 [pool-60-thread-1] INFO  server.RaftServerConfigKeys (ConfUtils.java:logGet(43)) - raft.server.log.queue.byte-limit = 2147483647 (custom)
2019-09-19 09:00:14,721 [pool-60-thread-1] INFO  server.RaftServerConfigKeys (ConfUtils.java:logGet(43)) - raft.server.log.queue.element-limit = 1024 (custom)
2019-09-19 09:00:14,721 [pool-60-thread-1] INFO  server.RaftServerConfigKeys (ConfUtils.java:logGet(43)) - raft.server.log.segment.size.max = 1048576 (custom)
2019-09-19 09:00:14,722 [pool-60-thread-1] INFO  server.RaftServerConfigKeys (ConfUtils.java:logGet(43)) - raft.server.log.preallocated.size = 16384 (custom)
2019-09-19 09:00:14,722 [pool-60-thread-1] INFO  server.RaftServerConfigKeys (ConfUtils.java:logGet(43)) - raft.server.log.write.buffer.size = 33554432 (custom)
2019-09-19 09:00:14,722 [pool-60-thread-1] INFO  server.RaftServerConfigKeys (ConfUtils.java:logGet(43)) - raft.server.log.force.sync.num = 128 (default)
2019-09-19 09:00:14,722 [pool-60-thread-1] INFO  server.RaftServerConfigKeys (ConfUtils.java:logGet(43)) - raft.server.log.statemachine.data.sync = true (default)
2019-09-19 09:00:14,722 [pool-60-thread-1] INFO  server.RaftServerConfigKeys (ConfUtils.java:logGet(43)) - raft.server.log.statemachine.data.sync.timeout = 10s (default)
2019-09-19 09:00:14,723 [pool-60-thread-1] INFO  server.RaftServerConfigKeys (ConfUtils.java:logGet(43)) - raft.server.log.statemachine.data.sync.timeout.retry = -1 (default)
2019-09-19 09:00:14,723 [pool-60-thread-1] INFO  server.RaftServerConfigKeys (ConfUtils.java:logGet(43)) - raft.server.log.statemachine.data.caching.enabled = true (custom)
2019-09-19 09:00:14,723 [pool-60-thread-1] INFO  segmented.SegmentedRaftLogWorker (SegmentedRaftLogWorker.java:lambda$new$0(132)) - 188fabf1-fb11-41c2-a0ed-ee400af44df4-SegmentedRaftLogWorker:Storage Directory /workdir/hadoop-ozone/integration-test/target/test-dir/MiniOzoneClusterImpl-efb0e503-cad1-4dcb-a604-0867af0d3cca/datanode-3/data/ratis/5d12f27d-601f-4bfb-a6ac-41f2f838c5d1: flushIndex: setUnconditionally 0 -> -1
2019-09-19 09:00:14,724 [pool-60-thread-1] INFO  server.RaftServerConfigKeys (ConfUtils.java:logGet(43)) - raft.server.snapshot.auto.trigger.enabled = true (custom)
2019-09-19 09:00:14,724 [pool-60-thread-1] INFO  server.RaftServerConfigKeys (ConfUtils.java:logGet(43)) - raft.server.snapshot.auto.trigger.threshold = 10000 (custom)
2019-09-19 09:00:14,724 [pool-60-thread-1] INFO  server.RaftServerConfigKeys (ConfUtils.java:logGet(43)) - raft.server.retrycache.expirytime = 600000ms (custom)
2019-09-19 09:00:14,724 [pool-60-thread-1] INFO  impl.RaftServerImpl (RaftServerImpl.java:start(180)) - 188fabf1-fb11-41c2-a0ed-ee400af44df4: start group-41F2F838C5D1
2019-09-19 09:00:14,725 [pool-60-thread-1] INFO  impl.RaftServerImpl (RaftServerImpl.java:setRole(171)) - 188fabf1-fb11-41c2-a0ed-ee400af44df4:group-41F2F838C5D1 changes role from null to FOLLOWER at term 0 for startAsFollower
2019-09-19 09:00:14,725 [pool-60-thread-1] INFO  impl.RoleInfo (RoleInfo.java:updateAndGet(143)) - 188fabf1-fb11-41c2-a0ed-ee400af44df4: start FollowerState
2019-09-19 09:00:14,725 [pool-60-thread-1] INFO  util.JmxRegister (JmxRegister.java:tryRegister(44)) - Successfully registered JMX Bean with object name Ratis:service=RaftServer,group=group-41F2F838C5D1,id=188fabf1-fb11-41c2-a0ed-ee400af44df4
2019-09-19 09:00:14,732 [RatisPipelineUtilsThread] INFO  pipeline.PipelineStateManager (PipelineStateManager.java:addPipeline(56)) - Created pipeline Pipeline[ Id: 5d12f27d-601f-4bfb-a6ac-41f2f838c5d1, Nodes: 188fabf1-fb11-41c2-a0ed-ee400af44df4{ip: 192.168.34.5, host: pr-hdds-1569-j4bt4-3030777008, networkLocation: /default-rack, certSerialId: null}, Type:RATIS, Factor:ONE, State:OPEN]
2019-09-19 09:00:14,734 [RatisPipelineUtilsThread] ERROR pipeline.PipelinePlacementPolicy (PipelinePlacementPolicy.java:meetCriteria(91)) - Pipeline Placement: Doesn't meet the criteria to be viable node. Heaviness: 6
2019-09-19 09:00:14,763 [grpc-default-executor-0] INFO  impl.RaftServerProxy (RaftServerProxy.java:addNew(89)) - cf0fb8b8-922c-4d9e-8ced-919bfd64db77: addNew group-6F89C79E1D89:[cf0fb8b8-922c-4d9e-8ced-919bfd64db77:192.168.34.5:43255] returns group-6F89C79E1D89:java.util.concurrent.CompletableFuture@3d78bb35[Not completed]
2019-09-19 09:00:14,764 [pool-49-thread-1] INFO  impl.RaftServerImpl (RaftServerImpl.java:<init>(93)) - cf0fb8b8-922c-4d9e-8ced-919bfd64db77: new RaftServerImpl for group-6F89C79E1D89:[cf0fb8b8-922c-4d9e-8ced-919bfd64db77:192.168.34.5:43255] with ContainerStateMachine:uninitialized
2019-09-19 09:00:14,765 [pool-49-thread-1] INFO  server.RaftServerConfigKeys (ConfUtils.java:logGet(43)) - raft.server.rpc.timeout.min = 5s (custom)
2019-09-19 09:00:14,765 [pool-49-thread-1] INFO  server.RaftServerConfigKeys (ConfUtils.java:logGet(43)) - raft.server.rpc.timeout.max = 5200ms (custom)
2019-09-19 09:00:14,765 [pool-49-thread-1] INFO  server.RaftServerConfigKeys (ConfUtils.java:logGet(43)) - raft.server.rpcslowness.timeout = 120s (custom)
2019-09-19 09:00:14,765 [pool-49-thread-1] INFO  server.RaftServerConfigKeys (ConfUtils.java:logGet(43)) - raft.server.sleep.deviation.threshold = 300 (default)
2019-09-19 09:00:14,765 [pool-49-thread-1] INFO  server.RaftServerConfigKeys (ConfUtils.java:logGet(43)) - raft.server.log.appender.install.snapshot.enabled = false (custom)
2019-09-19 09:00:14,765 [pool-49-thread-1] INFO  impl.RaftServerImpl (ServerState.java:<init>(105)) - cf0fb8b8-922c-4d9e-8ced-919bfd64db77:group-6F89C79E1D89 ConfigurationManager, init=-1: [cf0fb8b8-922c-4d9e-8ced-919bfd64db77:192.168.34.5:43255], old=null, confs=<EMPTY_MAP>
2019-09-19 09:00:14,765 [pool-49-thread-1] INFO  server.RaftServerConfigKeys (ConfUtils.java:logGet(43)) - raft.server.storage.dir = [/workdir/hadoop-ozone/integration-test/target/test-dir/MiniOzoneClusterImpl-efb0e503-cad1-4dcb-a604-0867af0d3cca/datanode-2/data/ratis] (custom)
2019-09-19 09:00:14,766 [pool-49-thread-1] INFO  storage.RaftStorageDirectory (RaftStorageDirectory.java:analyzeStorage(246)) - The storage directory /workdir/hadoop-ozone/integration-test/target/test-dir/MiniOzoneClusterImpl-efb0e503-cad1-4dcb-a604-0867af0d3cca/datanode-2/data/ratis/87ef9625-d957-4f87-a426-6f89c79e1d89 does not exist. Creating ...
2019-09-19 09:00:14,779 [pool-49-thread-1] INFO  storage.RaftStorageDirectory (RaftStorageDirectory.java:tryLock(328)) - Lock on /workdir/hadoop-ozone/integration-test/target/test-dir/MiniOzoneClusterImpl-efb0e503-cad1-4dcb-a604-0867af0d3cca/datanode-2/data/ratis/87ef9625-d957-4f87-a426-6f89c79e1d89/in_use.lock acquired by nodename 12225@pr-hdds-1569-j4bt4-3030777008
2019-09-19 09:00:14,792 [pool-49-thread-1] INFO  storage.RaftStorage (RaftStorage.java:format(72)) - Storage directory /workdir/hadoop-ozone/integration-test/target/test-dir/MiniOzoneClusterImpl-efb0e503-cad1-4dcb-a604-0867af0d3cca/datanode-2/data/ratis/87ef9625-d957-4f87-a426-6f89c79e1d89 has been successfully formatted.
2019-09-19 09:00:14,793 [pool-49-thread-1] INFO  ratis.ContainerStateMachine (ContainerStateMachine.java:loadSnapshot(226)) - group-6F89C79E1D89: The snapshot info is null. Setting the last applied indexto:(t:0, i:~)
2019-09-19 09:00:14,793 [pool-49-thread-1] INFO  server.RaftServerConfigKeys (ConfUtils.java:logGet(43)) - raft.server.leader.election.timeout = 120s (custom)
2019-09-19 09:00:14,793 [pool-49-thread-1] INFO  server.RaftServerConfigKeys (ConfUtils.java:logGet(43)) - raft.server.log.use.memory = false (default)
2019-09-19 09:00:14,793 [pool-49-thread-1] INFO  server.RaftServerConfigKeys (ConfUtils.java:logGet(43)) - raft.server.log.purge.gap = 1000000 (custom)
2019-09-19 09:00:14,793 [pool-49-thread-1] INFO  server.RaftServerConfigKeys (ConfUtils.java:logGet(43)) - raft.server.log.appender.buffer.byte-limit = 33554432 (custom)
2019-09-19 09:00:14,794 [pool-49-thread-1] INFO  server.RaftServerConfigKeys (ConfUtils.java:logGet(43)) - raft.server.log.segment.size.max = 1048576 (custom)
2019-09-19 09:00:14,794 [pool-49-thread-1] INFO  server.RaftServerConfigKeys (ConfUtils.java:logGet(43)) - raft.server.log.segment.cache.num.max = 2 (custom)
2019-09-19 09:00:14,794 [pool-49-thread-1] INFO  segmented.SegmentedRaftLogWorker (SegmentedRaftLogWorker.java:<init>(172)) - new cf0fb8b8-922c-4d9e-8ced-919bfd64db77-SegmentedRaftLogWorker:Storage Directory /workdir/hadoop-ozone/integration-test/target/test-dir/MiniOzoneClusterImpl-efb0e503-cad1-4dcb-a604-0867af0d3cca/datanode-2/data/ratis/87ef9625-d957-4f87-a426-6f89c79e1d89 for RaftStorage:Storage Directory /workdir/hadoop-ozone/integration-test/target/test-dir/MiniOzoneClusterImpl-efb0e503-cad1-4dcb-a604-0867af0d3cca/datanode-2/data/ratis/87ef9625-d957-4f87-a426-6f89c79e1d89
2019-09-19 09:00:14,794 [pool-49-thread-1] INFO  server.RaftServerConfigKeys (ConfUtils.java:logGet(43)) - raft.server.log.queue.byte-limit = 2147483647 (custom)
2019-09-19 09:00:14,794 [pool-49-thread-1] INFO  server.RaftServerConfigKeys (ConfUtils.java:logGet(43)) - raft.server.log.queue.element-limit = 1024 (custom)
2019-09-19 09:00:14,794 [pool-49-thread-1] INFO  server.RaftServerConfigKeys (ConfUtils.java:logGet(43)) - raft.server.log.segment.size.max = 1048576 (custom)
2019-09-19 09:00:14,795 [pool-49-thread-1] INFO  server.RaftServerConfigKeys (ConfUtils.java:logGet(43)) - raft.server.log.preallocated.size = 16384 (custom)
2019-09-19 09:00:14,795 [pool-49-thread-1] INFO  server.RaftServerConfigKeys (ConfUtils.java:logGet(43)) - raft.server.log.write.buffer.size = 33554432 (custom)
2019-09-19 09:00:14,795 [pool-49-thread-1] INFO  server.RaftServerConfigKeys (ConfUtils.java:logGet(43)) - raft.server.log.force.sync.num = 128 (default)
2019-09-19 09:00:14,795 [pool-49-thread-1] INFO  server.RaftServerConfigKeys (ConfUtils.java:logGet(43)) - raft.server.log.statemachine.data.sync = true (default)
2019-09-19 09:00:14,795 [pool-49-thread-1] INFO  server.RaftServerConfigKeys (ConfUtils.java:logGet(43)) - raft.server.log.statemachine.data.sync.timeout = 10s (default)
2019-09-19 09:00:14,795 [pool-49-thread-1] INFO  server.RaftServerConfigKeys (ConfUtils.java:logGet(43)) - raft.server.log.statemachine.data.sync.timeout.retry = -1 (default)
2019-09-19 09:00:14,796 [pool-49-thread-1] INFO  server.RaftServerConfigKeys (ConfUtils.java:logGet(43)) - raft.server.log.statemachine.data.caching.enabled = true (custom)
2019-09-19 09:00:14,796 [pool-49-thread-1] INFO  segmented.SegmentedRaftLogWorker (SegmentedRaftLogWorker.java:lambda$new$0(132)) - cf0fb8b8-922c-4d9e-8ced-919bfd64db77-SegmentedRaftLogWorker:Storage Directory /workdir/hadoop-ozone/integration-test/target/test-dir/MiniOzoneClusterImpl-efb0e503-cad1-4dcb-a604-0867af0d3cca/datanode-2/data/ratis/87ef9625-d957-4f87-a426-6f89c79e1d89: flushIndex: setUnconditionally 0 -> -1
2019-09-19 09:00:14,796 [pool-49-thread-1] INFO  server.RaftServerConfigKeys (ConfUtils.java:logGet(43)) - raft.server.snapshot.auto.trigger.enabled = true (custom)
2019-09-19 09:00:14,797 [pool-49-thread-1] INFO  server.RaftServerConfigKeys (ConfUtils.java:logGet(43)) - raft.server.snapshot.auto.trigger.threshold = 10000 (custom)
2019-09-19 09:00:14,797 [pool-49-thread-1] INFO  server.RaftServerConfigKeys (ConfUtils.java:logGet(43)) - raft.server.retrycache.expirytime = 600000ms (custom)
2019-09-19 09:00:14,797 [pool-49-thread-1] INFO  impl.RaftServerImpl (RaftServerImpl.java:start(180)) - cf0fb8b8-922c-4d9e-8ced-919bfd64db77: start group-6F89C79E1D89
2019-09-19 09:00:14,797 [pool-49-thread-1] INFO  impl.RaftServerImpl (RaftServerImpl.java:setRole(171)) - cf0fb8b8-922c-4d9e-8ced-919bfd64db77:group-6F89C79E1D89 changes role from null to FOLLOWER at term 0 for startAsFollower
2019-09-19 09:00:14,797 [pool-49-thread-1] INFO  impl.RoleInfo (RoleInfo.java:updateAndGet(143)) - cf0fb8b8-922c-4d9e-8ced-919bfd64db77: start FollowerState
2019-09-19 09:00:14,806 [pool-49-thread-1] INFO  util.JmxRegister (JmxRegister.java:tryRegister(44)) - Successfully registered JMX Bean with object name Ratis:service=RaftServer,group=group-6F89C79E1D89,id=cf0fb8b8-922c-4d9e-8ced-919bfd64db77
2019-09-19 09:00:14,825 [RatisPipelineUtilsThread] INFO  pipeline.PipelineStateManager (PipelineStateManager.java:addPipeline(56)) - Created pipeline Pipeline[ Id: 87ef9625-d957-4f87-a426-6f89c79e1d89, Nodes: cf0fb8b8-922c-4d9e-8ced-919bfd64db77{ip: 192.168.34.5, host: pr-hdds-1569-j4bt4-3030777008, networkLocation: /default-rack, certSerialId: null}, Type:RATIS, Factor:ONE, State:OPEN]
2019-09-19 09:00:14,837 [RatisPipelineUtilsThread] ERROR pipeline.PipelinePlacementPolicy (PipelinePlacementPolicy.java:meetCriteria(91)) - Pipeline Placement: Doesn't meet the criteria to be viable node. Heaviness: 6
2019-09-19 09:00:14,837 [RatisPipelineUtilsThread] ERROR pipeline.PipelinePlacementPolicy (PipelinePlacementPolicy.java:meetCriteria(91)) - Pipeline Placement: Doesn't meet the criteria to be viable node. Heaviness: 6
2019-09-19 09:00:14,851 [grpc-default-executor-0] INFO  impl.RaftServerProxy (RaftServerProxy.java:addNew(89)) - 188fabf1-fb11-41c2-a0ed-ee400af44df4: addNew group-599BB36B41D5:[188fabf1-fb11-41c2-a0ed-ee400af44df4:192.168.34.5:35829] returns group-599BB36B41D5:java.util.concurrent.CompletableFuture@115e5fec[Not completed]
2019-09-19 09:00:14,855 [pool-60-thread-1] INFO  impl.RaftServerImpl (RaftServerImpl.java:<init>(93)) - 188fabf1-fb11-41c2-a0ed-ee400af44df4: new RaftServerImpl for group-599BB36B41D5:[188fabf1-fb11-41c2-a0ed-ee400af44df4:192.168.34.5:35829] with ContainerStateMachine:uninitialized
2019-09-19 09:00:14,855 [pool-60-thread-1] INFO  server.RaftServerConfigKeys (ConfUtils.java:logGet(43)) - raft.server.rpc.timeout.min = 5s (custom)
2019-09-19 09:00:14,855 [pool-60-thread-1] INFO  server.RaftServerConfigKeys (ConfUtils.java:logGet(43)) - raft.server.rpc.timeout.max = 5200ms (custom)
2019-09-19 09:00:14,856 [pool-60-thread-1] INFO  server.RaftServerConfigKeys (ConfUtils.java:logGet(43)) - raft.server.rpcslowness.timeout = 120s (custom)
2019-09-19 09:00:14,856 [pool-60-thread-1] INFO  server.RaftServerConfigKeys (ConfUtils.java:logGet(43)) - raft.server.sleep.deviation.threshold = 300 (default)
2019-09-19 09:00:14,856 [pool-60-thread-1] INFO  server.RaftServerConfigKeys (ConfUtils.java:logGet(43)) - raft.server.log.appender.install.snapshot.enabled = false (custom)
2019-09-19 09:00:14,856 [pool-60-thread-1] INFO  impl.RaftServerImpl (ServerState.java:<init>(105)) - 188fabf1-fb11-41c2-a0ed-ee400af44df4:group-599BB36B41D5 ConfigurationManager, init=-1: [188fabf1-fb11-41c2-a0ed-ee400af44df4:192.168.34.5:35829], old=null, confs=<EMPTY_MAP>
2019-09-19 09:00:14,856 [pool-60-thread-1] INFO  server.RaftServerConfigKeys (ConfUtils.java:logGet(43)) - raft.server.storage.dir = [/workdir/hadoop-ozone/integration-test/target/test-dir/MiniOzoneClusterImpl-efb0e503-cad1-4dcb-a604-0867af0d3cca/datanode-3/data/ratis] (custom)
2019-09-19 09:00:14,857 [pool-60-thread-1] INFO  storage.RaftStorageDirectory (RaftStorageDirectory.java:analyzeStorage(246)) - The storage directory /workdir/hadoop-ozone/integration-test/target/test-dir/MiniOzoneClusterImpl-efb0e503-cad1-4dcb-a604-0867af0d3cca/datanode-3/data/ratis/26bf317f-a549-4325-8660-599bb36b41d5 does not exist. Creating ...
2019-09-19 09:00:14,870 [pool-60-thread-1] INFO  storage.RaftStorageDirectory (RaftStorageDirectory.java:tryLock(328)) - Lock on /workdir/hadoop-ozone/integration-test/target/test-dir/MiniOzoneClusterImpl-efb0e503-cad1-4dcb-a604-0867af0d3cca/datanode-3/data/ratis/26bf317f-a549-4325-8660-599bb36b41d5/in_use.lock acquired by nodename 12225@pr-hdds-1569-j4bt4-3030777008
2019-09-19 09:00:14,883 [pool-60-thread-1] INFO  storage.RaftStorage (RaftStorage.java:format(72)) - Storage directory /workdir/hadoop-ozone/integration-test/target/test-dir/MiniOzoneClusterImpl-efb0e503-cad1-4dcb-a604-0867af0d3cca/datanode-3/data/ratis/26bf317f-a549-4325-8660-599bb36b41d5 has been successfully formatted.
2019-09-19 09:00:14,884 [pool-60-thread-1] INFO  ratis.ContainerStateMachine (ContainerStateMachine.java:loadSnapshot(226)) - group-599BB36B41D5: The snapshot info is null. Setting the last applied indexto:(t:0, i:~)
2019-09-19 09:00:14,884 [pool-60-thread-1] INFO  server.RaftServerConfigKeys (ConfUtils.java:logGet(43)) - raft.server.leader.election.timeout = 120s (custom)
2019-09-19 09:00:14,884 [pool-60-thread-1] INFO  server.RaftServerConfigKeys (ConfUtils.java:logGet(43)) - raft.server.log.use.memory = false (default)
2019-09-19 09:00:14,884 [pool-60-thread-1] INFO  server.RaftServerConfigKeys (ConfUtils.java:logGet(43)) - raft.server.log.purge.gap = 1000000 (custom)
2019-09-19 09:00:14,885 [pool-60-thread-1] INFO  server.RaftServerConfigKeys (ConfUtils.java:logGet(43)) - raft.server.log.appender.buffer.byte-limit = 33554432 (custom)
2019-09-19 09:00:14,885 [pool-60-thread-1] INFO  server.RaftServerConfigKeys (ConfUtils.java:logGet(43)) - raft.server.log.segment.size.max = 1048576 (custom)
2019-09-19 09:00:14,885 [pool-60-thread-1] INFO  server.RaftServerConfigKeys (ConfUtils.java:logGet(43)) - raft.server.log.segment.cache.num.max = 2 (custom)
2019-09-19 09:00:14,885 [pool-60-thread-1] INFO  segmented.SegmentedRaftLogWorker (SegmentedRaftLogWorker.java:<init>(172)) - new 188fabf1-fb11-41c2-a0ed-ee400af44df4-SegmentedRaftLogWorker:Storage Directory /workdir/hadoop-ozone/integration-test/target/test-dir/MiniOzoneClusterImpl-efb0e503-cad1-4dcb-a604-0867af0d3cca/datanode-3/data/ratis/26bf317f-a549-4325-8660-599bb36b41d5 for RaftStorage:Storage Directory /workdir/hadoop-ozone/integration-test/target/test-dir/MiniOzoneClusterImpl-efb0e503-cad1-4dcb-a604-0867af0d3cca/datanode-3/data/ratis/26bf317f-a549-4325-8660-599bb36b41d5
2019-09-19 09:00:14,885 [pool-60-thread-1] INFO  server.RaftServerConfigKeys (ConfUtils.java:logGet(43)) - raft.server.log.queue.byte-limit = 2147483647 (custom)
2019-09-19 09:00:14,886 [pool-60-thread-1] INFO  server.RaftServerConfigKeys (ConfUtils.java:logGet(43)) - raft.server.log.queue.element-limit = 1024 (custom)
2019-09-19 09:00:14,886 [pool-60-thread-1] INFO  server.RaftServerConfigKeys (ConfUtils.java:logGet(43)) - raft.server.log.segment.size.max = 1048576 (custom)
2019-09-19 09:00:14,886 [pool-60-thread-1] INFO  server.RaftServerConfigKeys (ConfUtils.java:logGet(43)) - raft.server.log.preallocated.size = 16384 (custom)
2019-09-19 09:00:14,886 [pool-60-thread-1] INFO  server.RaftServerConfigKeys (ConfUtils.java:logGet(43)) - raft.server.log.write.buffer.size = 33554432 (custom)
2019-09-19 09:00:14,886 [pool-60-thread-1] INFO  server.RaftServerConfigKeys (ConfUtils.java:logGet(43)) - raft.server.log.force.sync.num = 128 (default)
2019-09-19 09:00:14,887 [pool-60-thread-1] INFO  server.RaftServerConfigKeys (ConfUtils.java:logGet(43)) - raft.server.log.statemachine.data.sync = true (default)
2019-09-19 09:00:14,887 [pool-60-thread-1] INFO  server.RaftServerConfigKeys (ConfUtils.java:logGet(43)) - raft.server.log.statemachine.data.sync.timeout = 10s (default)
2019-09-19 09:00:14,887 [pool-60-thread-1] INFO  server.RaftServerConfigKeys (ConfUtils.java:logGet(43)) - raft.server.log.statemachine.data.sync.timeout.retry = -1 (default)
2019-09-19 09:00:14,887 [pool-60-thread-1] INFO  server.RaftServerConfigKeys (ConfUtils.java:logGet(43)) - raft.server.log.statemachine.data.caching.enabled = true (custom)
2019-09-19 09:00:14,888 [pool-60-thread-1] INFO  segmented.SegmentedRaftLogWorker (SegmentedRaftLogWorker.java:lambda$new$0(132)) - 188fabf1-fb11-41c2-a0ed-ee400af44df4-SegmentedRaftLogWorker:Storage Directory /workdir/hadoop-ozone/integration-test/target/test-dir/MiniOzoneClusterImpl-efb0e503-cad1-4dcb-a604-0867af0d3cca/datanode-3/data/ratis/26bf317f-a549-4325-8660-599bb36b41d5: flushIndex: setUnconditionally 0 -> -1
2019-09-19 09:00:14,888 [pool-60-thread-1] INFO  server.RaftServerConfigKeys (ConfUtils.java:logGet(43)) - raft.server.snapshot.auto.trigger.enabled = true (custom)
2019-09-19 09:00:14,888 [pool-60-thread-1] INFO  server.RaftServerConfigKeys (ConfUtils.java:logGet(43)) - raft.server.snapshot.auto.trigger.threshold = 10000 (custom)
2019-09-19 09:00:14,889 [pool-60-thread-1] INFO  server.RaftServerConfigKeys (ConfUtils.java:logGet(43)) - raft.server.retrycache.expirytime = 600000ms (custom)
2019-09-19 09:00:14,889 [pool-60-thread-1] INFO  impl.RaftServerImpl (RaftServerImpl.java:start(180)) - 188fabf1-fb11-41c2-a0ed-ee400af44df4: start group-599BB36B41D5
2019-09-19 09:00:14,889 [pool-60-thread-1] INFO  impl.RaftServerImpl (RaftServerImpl.java:setRole(171)) - 188fabf1-fb11-41c2-a0ed-ee400af44df4:group-599BB36B41D5 changes role from null to FOLLOWER at term 0 for startAsFollower
2019-09-19 09:00:14,889 [pool-60-thread-1] INFO  impl.RoleInfo (RoleInfo.java:updateAndGet(143)) - 188fabf1-fb11-41c2-a0ed-ee400af44df4: start FollowerState
2019-09-19 09:00:14,890 [pool-60-thread-1] INFO  util.JmxRegister (JmxRegister.java:tryRegister(44)) - Successfully registered JMX Bean with object name Ratis:service=RaftServer,group=group-599BB36B41D5,id=188fabf1-fb11-41c2-a0ed-ee400af44df4
2019-09-19 09:00:14,897 [RatisPipelineUtilsThread] INFO  pipeline.PipelineStateManager (PipelineStateManager.java:addPipeline(56)) - Created pipeline Pipeline[ Id: 26bf317f-a549-4325-8660-599bb36b41d5, Nodes: 188fabf1-fb11-41c2-a0ed-ee400af44df4{ip: 192.168.34.5, host: pr-hdds-1569-j4bt4-3030777008, networkLocation: /default-rack, certSerialId: null}, Type:RATIS, Factor:ONE, State:OPEN]
2019-09-19 09:00:14,899 [RatisPipelineUtilsThread] ERROR pipeline.PipelinePlacementPolicy (PipelinePlacementPolicy.java:meetCriteria(91)) - Pipeline Placement: Doesn't meet the criteria to be viable node. Heaviness: 6
2019-09-19 09:00:14,900 [RatisPipelineUtilsThread] ERROR pipeline.PipelinePlacementPolicy (PipelinePlacementPolicy.java:meetCriteria(91)) - Pipeline Placement: Doesn't meet the criteria to be viable node. Heaviness: 6
2019-09-19 09:00:14,912 [grpc-default-executor-0] INFO  impl.RaftServerProxy (RaftServerProxy.java:addNew(89)) - 188fabf1-fb11-41c2-a0ed-ee400af44df4: addNew group-6BF8F60987BC:[188fabf1-fb11-41c2-a0ed-ee400af44df4:192.168.34.5:35829] returns group-6BF8F60987BC:java.util.concurrent.CompletableFuture@6023f677[Not completed]
2019-09-19 09:00:14,914 [pool-60-thread-1] INFO  impl.RaftServerImpl (RaftServerImpl.java:<init>(93)) - 188fabf1-fb11-41c2-a0ed-ee400af44df4: new RaftServerImpl for group-6BF8F60987BC:[188fabf1-fb11-41c2-a0ed-ee400af44df4:192.168.34.5:35829] with ContainerStateMachine:uninitialized
2019-09-19 09:00:14,914 [pool-60-thread-1] INFO  server.RaftServerConfigKeys (ConfUtils.java:logGet(43)) - raft.server.rpc.timeout.min = 5s (custom)
2019-09-19 09:00:14,915 [pool-60-thread-1] INFO  server.RaftServerConfigKeys (ConfUtils.java:logGet(43)) - raft.server.rpc.timeout.max = 5200ms (custom)
2019-09-19 09:00:14,915 [pool-60-thread-1] INFO  server.RaftServerConfigKeys (ConfUtils.java:logGet(43)) - raft.server.rpcslowness.timeout = 120s (custom)
2019-09-19 09:00:14,915 [pool-60-thread-1] INFO  server.RaftServerConfigKeys (ConfUtils.java:logGet(43)) - raft.server.sleep.deviation.threshold = 300 (default)
2019-09-19 09:00:14,915 [pool-60-thread-1] INFO  server.RaftServerConfigKeys (ConfUtils.java:logGet(43)) - raft.server.log.appender.install.snapshot.enabled = false (custom)
2019-09-19 09:00:14,915 [pool-60-thread-1] INFO  impl.RaftServerImpl (ServerState.java:<init>(105)) - 188fabf1-fb11-41c2-a0ed-ee400af44df4:group-6BF8F60987BC ConfigurationManager, init=-1: [188fabf1-fb11-41c2-a0ed-ee400af44df4:192.168.34.5:35829], old=null, confs=<EMPTY_MAP>
2019-09-19 09:00:14,916 [pool-60-thread-1] INFO  server.RaftServerConfigKeys (ConfUtils.java:logGet(43)) - raft.server.storage.dir = [/workdir/hadoop-ozone/integration-test/target/test-dir/MiniOzoneClusterImpl-efb0e503-cad1-4dcb-a604-0867af0d3cca/datanode-3/data/ratis] (custom)
2019-09-19 09:00:14,917 [pool-60-thread-1] INFO  storage.RaftStorageDirectory (RaftStorageDirectory.java:analyzeStorage(246)) - The storage directory /workdir/hadoop-ozone/integration-test/target/test-dir/MiniOzoneClusterImpl-efb0e503-cad1-4dcb-a604-0867af0d3cca/datanode-3/data/ratis/1718b616-54b5-440b-a031-6bf8f60987bc does not exist. Creating ...
2019-09-19 09:00:14,939 [pool-60-thread-1] INFO  storage.RaftStorageDirectory (RaftStorageDirectory.java:tryLock(328)) - Lock on /workdir/hadoop-ozone/integration-test/target/test-dir/MiniOzoneClusterImpl-efb0e503-cad1-4dcb-a604-0867af0d3cca/datanode-3/data/ratis/1718b616-54b5-440b-a031-6bf8f60987bc/in_use.lock acquired by nodename 12225@pr-hdds-1569-j4bt4-3030777008
2019-09-19 09:00:14,953 [pool-60-thread-1] INFO  storage.RaftStorage (RaftStorage.java:format(72)) - Storage directory /workdir/hadoop-ozone/integration-test/target/test-dir/MiniOzoneClusterImpl-efb0e503-cad1-4dcb-a604-0867af0d3cca/datanode-3/data/ratis/1718b616-54b5-440b-a031-6bf8f60987bc has been successfully formatted.
2019-09-19 09:00:14,953 [pool-60-thread-1] INFO  ratis.ContainerStateMachine (ContainerStateMachine.java:loadSnapshot(226)) - group-6BF8F60987BC: The snapshot info is null. Setting the last applied indexto:(t:0, i:~)
2019-09-19 09:00:14,954 [pool-60-thread-1] INFO  server.RaftServerConfigKeys (ConfUtils.java:logGet(43)) - raft.server.leader.election.timeout = 120s (custom)
2019-09-19 09:00:14,954 [pool-60-thread-1] INFO  server.RaftServerConfigKeys (ConfUtils.java:logGet(43)) - raft.server.log.use.memory = false (default)
2019-09-19 09:00:14,954 [pool-60-thread-1] INFO  server.RaftServerConfigKeys (ConfUtils.java:logGet(43)) - raft.server.log.purge.gap = 1000000 (custom)
2019-09-19 09:00:14,954 [pool-60-thread-1] INFO  server.RaftServerConfigKeys (ConfUtils.java:logGet(43)) - raft.server.log.appender.buffer.byte-limit = 33554432 (custom)
2019-09-19 09:00:14,954 [pool-60-thread-1] INFO  server.RaftServerConfigKeys (ConfUtils.java:logGet(43)) - raft.server.log.segment.size.max = 1048576 (custom)
2019-09-19 09:00:14,955 [pool-60-thread-1] INFO  server.RaftServerConfigKeys (ConfUtils.java:logGet(43)) - raft.server.log.segment.cache.num.max = 2 (custom)
2019-09-19 09:00:14,955 [pool-60-thread-1] INFO  segmented.SegmentedRaftLogWorker (SegmentedRaftLogWorker.java:<init>(172)) - new 188fabf1-fb11-41c2-a0ed-ee400af44df4-SegmentedRaftLogWorker:Storage Directory /workdir/hadoop-ozone/integration-test/target/test-dir/MiniOzoneClusterImpl-efb0e503-cad1-4dcb-a604-0867af0d3cca/datanode-3/data/ratis/1718b616-54b5-440b-a031-6bf8f60987bc for RaftStorage:Storage Directory /workdir/hadoop-ozone/integration-test/target/test-dir/MiniOzoneClusterImpl-efb0e503-cad1-4dcb-a604-0867af0d3cca/datanode-3/data/ratis/1718b616-54b5-440b-a031-6bf8f60987bc
2019-09-19 09:00:14,955 [pool-60-thread-1] INFO  server.RaftServerConfigKeys (ConfUtils.java:logGet(43)) - raft.server.log.queue.byte-limit = 2147483647 (custom)
2019-09-19 09:00:14,955 [pool-60-thread-1] INFO  server.RaftServerConfigKeys (ConfUtils.java:logGet(43)) - raft.server.log.queue.element-limit = 1024 (custom)
2019-09-19 09:00:14,955 [pool-60-thread-1] INFO  server.RaftServerConfigKeys (ConfUtils.java:logGet(43)) - raft.server.log.segment.size.max = 1048576 (custom)
2019-09-19 09:00:14,956 [pool-60-thread-1] INFO  server.RaftServerConfigKeys (ConfUtils.java:logGet(43)) - raft.server.log.preallocated.size = 16384 (custom)
2019-09-19 09:00:14,956 [pool-60-thread-1] INFO  server.RaftServerConfigKeys (ConfUtils.java:logGet(43)) - raft.server.log.write.buffer.size = 33554432 (custom)
2019-09-19 09:00:14,956 [pool-60-thread-1] INFO  server.RaftServerConfigKeys (ConfUtils.java:logGet(43)) - raft.server.log.force.sync.num = 128 (default)
2019-09-19 09:00:14,956 [pool-60-thread-1] INFO  server.RaftServerConfigKeys (ConfUtils.java:logGet(43)) - raft.server.log.statemachine.data.sync = true (default)
2019-09-19 09:00:14,956 [pool-60-thread-1] INFO  server.RaftServerConfigKeys (ConfUtils.java:logGet(43)) - raft.server.log.statemachine.data.sync.timeout = 10s (default)
2019-09-19 09:00:14,957 [pool-60-thread-1] INFO  server.RaftServerConfigKeys (ConfUtils.java:logGet(43)) - raft.server.log.statemachine.data.sync.timeout.retry = -1 (default)
2019-09-19 09:00:14,957 [pool-60-thread-1] INFO  server.RaftServerConfigKeys (ConfUtils.java:logGet(43)) - raft.server.log.statemachine.data.caching.enabled = true (custom)
2019-09-19 09:00:14,957 [pool-60-thread-1] INFO  segmented.SegmentedRaftLogWorker (SegmentedRaftLogWorker.java:lambda$new$0(132)) - 188fabf1-fb11-41c2-a0ed-ee400af44df4-SegmentedRaftLogWorker:Storage Directory /workdir/hadoop-ozone/integration-test/target/test-dir/MiniOzoneClusterImpl-efb0e503-cad1-4dcb-a604-0867af0d3cca/datanode-3/data/ratis/1718b616-54b5-440b-a031-6bf8f60987bc: flushIndex: setUnconditionally 0 -> -1
2019-09-19 09:00:14,958 [pool-60-thread-1] INFO  server.RaftServerConfigKeys (ConfUtils.java:logGet(43)) - raft.server.snapshot.auto.trigger.enabled = true (custom)
2019-09-19 09:00:14,958 [pool-60-thread-1] INFO  server.RaftServerConfigKeys (ConfUtils.java:logGet(43)) - raft.server.snapshot.auto.trigger.threshold = 10000 (custom)
2019-09-19 09:00:14,958 [pool-60-thread-1] INFO  server.RaftServerConfigKeys (ConfUtils.java:logGet(43)) - raft.server.retrycache.expirytime = 600000ms (custom)
2019-09-19 09:00:14,959 [pool-60-thread-1] INFO  impl.RaftServerImpl (RaftServerImpl.java:start(180)) - 188fabf1-fb11-41c2-a0ed-ee400af44df4: start group-6BF8F60987BC
2019-09-19 09:00:14,959 [pool-60-thread-1] INFO  impl.RaftServerImpl (RaftServerImpl.java:setRole(171)) - 188fabf1-fb11-41c2-a0ed-ee400af44df4:group-6BF8F60987BC changes role from null to FOLLOWER at term 0 for startAsFollower
2019-09-19 09:00:14,959 [pool-60-thread-1] INFO  impl.RoleInfo (RoleInfo.java:updateAndGet(143)) - 188fabf1-fb11-41c2-a0ed-ee400af44df4: start FollowerState
2019-09-19 09:00:14,960 [pool-60-thread-1] INFO  util.JmxRegister (JmxRegister.java:tryRegister(44)) - Successfully registered JMX Bean with object name Ratis:service=RaftServer,group=group-6BF8F60987BC,id=188fabf1-fb11-41c2-a0ed-ee400af44df4
2019-09-19 09:00:14,967 [RatisPipelineUtilsThread] INFO  pipeline.PipelineStateManager (PipelineStateManager.java:addPipeline(56)) - Created pipeline Pipeline[ Id: 1718b616-54b5-440b-a031-6bf8f60987bc, Nodes: 188fabf1-fb11-41c2-a0ed-ee400af44df4{ip: 192.168.34.5, host: pr-hdds-1569-j4bt4-3030777008, networkLocation: /default-rack, certSerialId: null}, Type:RATIS, Factor:ONE, State:OPEN]
2019-09-19 09:00:14,970 [RatisPipelineUtilsThread] ERROR pipeline.PipelinePlacementPolicy (PipelinePlacementPolicy.java:meetCriteria(91)) - Pipeline Placement: Doesn't meet the criteria to be viable node. Heaviness: 6
2019-09-19 09:00:14,971 [RatisPipelineUtilsThread] ERROR pipeline.PipelinePlacementPolicy (PipelinePlacementPolicy.java:meetCriteria(91)) - Pipeline Placement: Doesn't meet the criteria to be viable node. Heaviness: 6
2019-09-19 09:00:14,971 [RatisPipelineUtilsThread] ERROR pipeline.PipelinePlacementPolicy (PipelinePlacementPolicy.java:meetCriteria(91)) - Pipeline Placement: Doesn't meet the criteria to be viable node. Heaviness: 6
2019-09-19 09:00:14,982 [grpc-default-executor-0] INFO  impl.RaftServerProxy (RaftServerProxy.java:addNew(89)) - 2b82d6a8-341a-4a13-8451-80c547e9561a: addNew group-304E23B1539C:[2b82d6a8-341a-4a13-8451-80c547e9561a:192.168.34.5:34627] returns group-304E23B1539C:java.util.concurrent.CompletableFuture@a8edeca[Not completed]
2019-09-19 09:00:14,984 [pool-38-thread-1] INFO  impl.RaftServerImpl (RaftServerImpl.java:<init>(93)) - 2b82d6a8-341a-4a13-8451-80c547e9561a: new RaftServerImpl for group-304E23B1539C:[2b82d6a8-341a-4a13-8451-80c547e9561a:192.168.34.5:34627] with ContainerStateMachine:uninitialized
2019-09-19 09:00:14,984 [pool-38-thread-1] INFO  server.RaftServerConfigKeys (ConfUtils.java:logGet(43)) - raft.server.rpc.timeout.min = 5s (custom)
2019-09-19 09:00:14,984 [pool-38-thread-1] INFO  server.RaftServerConfigKeys (ConfUtils.java:logGet(43)) - raft.server.rpc.timeout.max = 5200ms (custom)
2019-09-19 09:00:14,984 [pool-38-thread-1] INFO  server.RaftServerConfigKeys (ConfUtils.java:logGet(43)) - raft.server.rpcslowness.timeout = 120s (custom)
2019-09-19 09:00:14,984 [pool-38-thread-1] INFO  server.RaftServerConfigKeys (ConfUtils.java:logGet(43)) - raft.server.sleep.deviation.threshold = 300 (default)
2019-09-19 09:00:14,984 [pool-38-thread-1] INFO  server.RaftServerConfigKeys (ConfUtils.java:logGet(43)) - raft.server.log.appender.install.snapshot.enabled = false (custom)
2019-09-19 09:00:14,985 [pool-38-thread-1] INFO  impl.RaftServerImpl (ServerState.java:<init>(105)) - 2b82d6a8-341a-4a13-8451-80c547e9561a:group-304E23B1539C ConfigurationManager, init=-1: [2b82d6a8-341a-4a13-8451-80c547e9561a:192.168.34.5:34627], old=null, confs=<EMPTY_MAP>
2019-09-19 09:00:14,985 [pool-38-thread-1] INFO  server.RaftServerConfigKeys (ConfUtils.java:logGet(43)) - raft.server.storage.dir = [/workdir/hadoop-ozone/integration-test/target/test-dir/MiniOzoneClusterImpl-efb0e503-cad1-4dcb-a604-0867af0d3cca/datanode-1/data/ratis] (custom)
2019-09-19 09:00:14,985 [pool-38-thread-1] INFO  storage.RaftStorageDirectory (RaftStorageDirectory.java:analyzeStorage(246)) - The storage directory /workdir/hadoop-ozone/integration-test/target/test-dir/MiniOzoneClusterImpl-efb0e503-cad1-4dcb-a604-0867af0d3cca/datanode-1/data/ratis/558d8af0-210e-4012-af3d-304e23b1539c does not exist. Creating ...
2019-09-19 09:00:14,999 [pool-38-thread-1] INFO  storage.RaftStorageDirectory (RaftStorageDirectory.java:tryLock(328)) - Lock on /workdir/hadoop-ozone/integration-test/target/test-dir/MiniOzoneClusterImpl-efb0e503-cad1-4dcb-a604-0867af0d3cca/datanode-1/data/ratis/558d8af0-210e-4012-af3d-304e23b1539c/in_use.lock acquired by nodename 12225@pr-hdds-1569-j4bt4-3030777008
2019-09-19 09:00:15,012 [pool-38-thread-1] INFO  storage.RaftStorage (RaftStorage.java:format(72)) - Storage directory /workdir/hadoop-ozone/integration-test/target/test-dir/MiniOzoneClusterImpl-efb0e503-cad1-4dcb-a604-0867af0d3cca/datanode-1/data/ratis/558d8af0-210e-4012-af3d-304e23b1539c has been successfully formatted.
2019-09-19 09:00:15,013 [pool-38-thread-1] INFO  ratis.ContainerStateMachine (ContainerStateMachine.java:loadSnapshot(226)) - group-304E23B1539C: The snapshot info is null. Setting the last applied indexto:(t:0, i:~)
2019-09-19 09:00:15,013 [pool-38-thread-1] INFO  server.RaftServerConfigKeys (ConfUtils.java:logGet(43)) - raft.server.leader.election.timeout = 120s (custom)
2019-09-19 09:00:15,013 [pool-38-thread-1] INFO  server.RaftServerConfigKeys (ConfUtils.java:logGet(43)) - raft.server.log.use.memory = false (default)
2019-09-19 09:00:15,013 [pool-38-thread-1] INFO  server.RaftServerConfigKeys (ConfUtils.java:logGet(43)) - raft.server.log.purge.gap = 1000000 (custom)
2019-09-19 09:00:15,013 [pool-38-thread-1] INFO  server.RaftServerConfigKeys (ConfUtils.java:logGet(43)) - raft.server.log.appender.buffer.byte-limit = 33554432 (custom)
2019-09-19 09:00:15,014 [pool-38-thread-1] INFO  server.RaftServerConfigKeys (ConfUtils.java:logGet(43)) - raft.server.log.segment.size.max = 1048576 (custom)
2019-09-19 09:00:15,014 [pool-38-thread-1] INFO  server.RaftServerConfigKeys (ConfUtils.java:logGet(43)) - raft.server.log.segment.cache.num.max = 2 (custom)
2019-09-19 09:00:15,014 [pool-38-thread-1] INFO  segmented.SegmentedRaftLogWorker (SegmentedRaftLogWorker.java:<init>(172)) - new 2b82d6a8-341a-4a13-8451-80c547e9561a-SegmentedRaftLogWorker:Storage Directory /workdir/hadoop-ozone/integration-test/target/test-dir/MiniOzoneClusterImpl-efb0e503-cad1-4dcb-a604-0867af0d3cca/datanode-1/data/ratis/558d8af0-210e-4012-af3d-304e23b1539c for RaftStorage:Storage Directory /workdir/hadoop-ozone/integration-test/target/test-dir/MiniOzoneClusterImpl-efb0e503-cad1-4dcb-a604-0867af0d3cca/datanode-1/data/ratis/558d8af0-210e-4012-af3d-304e23b1539c
2019-09-19 09:00:15,014 [pool-38-thread-1] INFO  server.RaftServerConfigKeys (ConfUtils.java:logGet(43)) - raft.server.log.queue.byte-limit = 2147483647 (custom)
2019-09-19 09:00:15,014 [pool-38-thread-1] INFO  server.RaftServerConfigKeys (ConfUtils.java:logGet(43)) - raft.server.log.queue.element-limit = 1024 (custom)
2019-09-19 09:00:15,014 [pool-38-thread-1] INFO  server.RaftServerConfigKeys (ConfUtils.java:logGet(43)) - raft.server.log.segment.size.max = 1048576 (custom)
2019-09-19 09:00:15,015 [pool-38-thread-1] INFO  server.RaftServerConfigKeys (ConfUtils.java:logGet(43)) - raft.server.log.preallocated.size = 16384 (custom)
2019-09-19 09:00:15,015 [pool-38-thread-1] INFO  server.RaftServerConfigKeys (ConfUtils.java:logGet(43)) - raft.server.log.write.buffer.size = 33554432 (custom)
2019-09-19 09:00:15,015 [pool-38-thread-1] INFO  server.RaftServerConfigKeys (ConfUtils.java:logGet(43)) - raft.server.log.force.sync.num = 128 (default)
2019-09-19 09:00:15,015 [pool-38-thread-1] INFO  server.RaftServerConfigKeys (ConfUtils.java:logGet(43)) - raft.server.log.statemachine.data.sync = true (default)
2019-09-19 09:00:15,015 [pool-38-thread-1] INFO  server.RaftServerConfigKeys (ConfUtils.java:logGet(43)) - raft.server.log.statemachine.data.sync.timeout = 10s (default)
2019-09-19 09:00:15,015 [pool-38-thread-1] INFO  server.RaftServerConfigKeys (ConfUtils.java:logGet(43)) - raft.server.log.statemachine.data.sync.timeout.retry = -1 (default)
2019-09-19 09:00:15,016 [pool-38-thread-1] INFO  server.RaftServerConfigKeys (ConfUtils.java:logGet(43)) - raft.server.log.statemachine.data.caching.enabled = true (custom)
2019-09-19 09:00:15,016 [pool-38-thread-1] INFO  segmented.SegmentedRaftLogWorker (SegmentedRaftLogWorker.java:lambda$new$0(132)) - 2b82d6a8-341a-4a13-8451-80c547e9561a-SegmentedRaftLogWorker:Storage Directory /workdir/hadoop-ozone/integration-test/target/test-dir/MiniOzoneClusterImpl-efb0e503-cad1-4dcb-a604-0867af0d3cca/datanode-1/data/ratis/558d8af0-210e-4012-af3d-304e23b1539c: flushIndex: setUnconditionally 0 -> -1
2019-09-19 09:00:15,016 [pool-38-thread-1] INFO  server.RaftServerConfigKeys (ConfUtils.java:logGet(43)) - raft.server.snapshot.auto.trigger.enabled = true (custom)
2019-09-19 09:00:15,017 [pool-38-thread-1] INFO  server.RaftServerConfigKeys (ConfUtils.java:logGet(43)) - raft.server.snapshot.auto.trigger.threshold = 10000 (custom)
2019-09-19 09:00:15,017 [pool-38-thread-1] INFO  server.RaftServerConfigKeys (ConfUtils.java:logGet(43)) - raft.server.retrycache.expirytime = 600000ms (custom)
2019-09-19 09:00:15,017 [pool-38-thread-1] INFO  impl.RaftServerImpl (RaftServerImpl.java:start(180)) - 2b82d6a8-341a-4a13-8451-80c547e9561a: start group-304E23B1539C
2019-09-19 09:00:15,017 [pool-38-thread-1] INFO  impl.RaftServerImpl (RaftServerImpl.java:setRole(171)) - 2b82d6a8-341a-4a13-8451-80c547e9561a:group-304E23B1539C changes role from null to FOLLOWER at term 0 for startAsFollower
2019-09-19 09:00:15,017 [pool-38-thread-1] INFO  impl.RoleInfo (RoleInfo.java:updateAndGet(143)) - 2b82d6a8-341a-4a13-8451-80c547e9561a: start FollowerState
2019-09-19 09:00:15,018 [pool-38-thread-1] INFO  util.JmxRegister (JmxRegister.java:tryRegister(44)) - Successfully registered JMX Bean with object name Ratis:service=RaftServer,group=group-304E23B1539C,id=2b82d6a8-341a-4a13-8451-80c547e9561a
2019-09-19 09:00:15,025 [RatisPipelineUtilsThread] INFO  pipeline.PipelineStateManager (PipelineStateManager.java:addPipeline(56)) - Created pipeline Pipeline[ Id: 558d8af0-210e-4012-af3d-304e23b1539c, Nodes: 2b82d6a8-341a-4a13-8451-80c547e9561a{ip: 192.168.34.5, host: pr-hdds-1569-j4bt4-3030777008, networkLocation: /default-rack, certSerialId: null}, Type:RATIS, Factor:ONE, State:OPEN]
2019-09-19 09:00:15,028 [RatisPipelineUtilsThread] ERROR pipeline.PipelinePlacementPolicy (PipelinePlacementPolicy.java:meetCriteria(91)) - Pipeline Placement: Doesn't meet the criteria to be viable node. Heaviness: 6
2019-09-19 09:00:15,028 [RatisPipelineUtilsThread] ERROR pipeline.PipelinePlacementPolicy (PipelinePlacementPolicy.java:meetCriteria(91)) - Pipeline Placement: Doesn't meet the criteria to be viable node. Heaviness: 6
2019-09-19 09:00:15,028 [RatisPipelineUtilsThread] ERROR pipeline.PipelinePlacementPolicy (PipelinePlacementPolicy.java:meetCriteria(91)) - Pipeline Placement: Doesn't meet the criteria to be viable node. Heaviness: 6
2019-09-19 09:00:15,040 [grpc-default-executor-0] INFO  impl.RaftServerProxy (RaftServerProxy.java:addNew(89)) - 21f2978a-2ca5-4a16-a721-5bddc1a70383: addNew group-8635DFF5094E:[21f2978a-2ca5-4a16-a721-5bddc1a70383:192.168.34.5:38423] returns group-8635DFF5094E:java.util.concurrent.CompletableFuture@3feb6edb[Not completed]
2019-09-19 09:00:15,042 [pool-71-thread-1] INFO  impl.RaftServerImpl (RaftServerImpl.java:<init>(93)) - 21f2978a-2ca5-4a16-a721-5bddc1a70383: new RaftServerImpl for group-8635DFF5094E:[21f2978a-2ca5-4a16-a721-5bddc1a70383:192.168.34.5:38423] with ContainerStateMachine:uninitialized
2019-09-19 09:00:15,043 [pool-71-thread-1] INFO  server.RaftServerConfigKeys (ConfUtils.java:logGet(43)) - raft.server.rpc.timeout.min = 5s (custom)
2019-09-19 09:00:15,043 [pool-71-thread-1] INFO  server.RaftServerConfigKeys (ConfUtils.java:logGet(43)) - raft.server.rpc.timeout.max = 5200ms (custom)
2019-09-19 09:00:15,043 [pool-71-thread-1] INFO  server.RaftServerConfigKeys (ConfUtils.java:logGet(43)) - raft.server.rpcslowness.timeout = 120s (custom)
2019-09-19 09:00:15,043 [pool-71-thread-1] INFO  server.RaftServerConfigKeys (ConfUtils.java:logGet(43)) - raft.server.sleep.deviation.threshold = 300 (default)
2019-09-19 09:00:15,043 [pool-71-thread-1] INFO  server.RaftServerConfigKeys (ConfUtils.java:logGet(43)) - raft.server.log.appender.install.snapshot.enabled = false (custom)
2019-09-19 09:00:15,043 [pool-71-thread-1] INFO  impl.RaftServerImpl (ServerState.java:<init>(105)) - 21f2978a-2ca5-4a16-a721-5bddc1a70383:group-8635DFF5094E ConfigurationManager, init=-1: [21f2978a-2ca5-4a16-a721-5bddc1a70383:192.168.34.5:38423], old=null, confs=<EMPTY_MAP>
2019-09-19 09:00:15,044 [pool-71-thread-1] INFO  server.RaftServerConfigKeys (ConfUtils.java:logGet(43)) - raft.server.storage.dir = [/workdir/hadoop-ozone/integration-test/target/test-dir/MiniOzoneClusterImpl-efb0e503-cad1-4dcb-a604-0867af0d3cca/datanode-4/data/ratis] (custom)
2019-09-19 09:00:15,044 [pool-71-thread-1] INFO  storage.RaftStorageDirectory (RaftStorageDirectory.java:analyzeStorage(246)) - The storage directory /workdir/hadoop-ozone/integration-test/target/test-dir/MiniOzoneClusterImpl-efb0e503-cad1-4dcb-a604-0867af0d3cca/datanode-4/data/ratis/c0b4dbeb-ce87-4163-9b63-8635dff5094e does not exist. Creating ...
2019-09-19 09:00:15,050 [pool-71-thread-1] INFO  storage.RaftStorageDirectory (RaftStorageDirectory.java:tryLock(328)) - Lock on /workdir/hadoop-ozone/integration-test/target/test-dir/MiniOzoneClusterImpl-efb0e503-cad1-4dcb-a604-0867af0d3cca/datanode-4/data/ratis/c0b4dbeb-ce87-4163-9b63-8635dff5094e/in_use.lock acquired by nodename 12225@pr-hdds-1569-j4bt4-3030777008
2019-09-19 09:00:15,063 [pool-71-thread-1] INFO  storage.RaftStorage (RaftStorage.java:format(72)) - Storage directory /workdir/hadoop-ozone/integration-test/target/test-dir/MiniOzoneClusterImpl-efb0e503-cad1-4dcb-a604-0867af0d3cca/datanode-4/data/ratis/c0b4dbeb-ce87-4163-9b63-8635dff5094e has been successfully formatted.
2019-09-19 09:00:15,064 [pool-71-thread-1] INFO  ratis.ContainerStateMachine (ContainerStateMachine.java:loadSnapshot(226)) - group-8635DFF5094E: The snapshot info is null. Setting the last applied indexto:(t:0, i:~)
2019-09-19 09:00:15,064 [pool-71-thread-1] INFO  server.RaftServerConfigKeys (ConfUtils.java:logGet(43)) - raft.server.leader.election.timeout = 120s (custom)
2019-09-19 09:00:15,064 [pool-71-thread-1] INFO  server.RaftServerConfigKeys (ConfUtils.java:logGet(43)) - raft.server.log.use.memory = false (default)
2019-09-19 09:00:15,064 [pool-71-thread-1] INFO  server.RaftServerConfigKeys (ConfUtils.java:logGet(43)) - raft.server.log.purge.gap = 1000000 (custom)
2019-09-19 09:00:15,064 [pool-71-thread-1] INFO  server.RaftServerConfigKeys (ConfUtils.java:logGet(43)) - raft.server.log.appender.buffer.byte-limit = 33554432 (custom)
2019-09-19 09:00:15,065 [pool-71-thread-1] INFO  server.RaftServerConfigKeys (ConfUtils.java:logGet(43)) - raft.server.log.segment.size.max = 1048576 (custom)
2019-09-19 09:00:15,065 [pool-71-thread-1] INFO  server.RaftServerConfigKeys (ConfUtils.java:logGet(43)) - raft.server.log.segment.cache.num.max = 2 (custom)
2019-09-19 09:00:15,065 [pool-71-thread-1] INFO  segmented.SegmentedRaftLogWorker (SegmentedRaftLogWorker.java:<init>(172)) - new 21f2978a-2ca5-4a16-a721-5bddc1a70383-SegmentedRaftLogWorker:Storage Directory /workdir/hadoop-ozone/integration-test/target/test-dir/MiniOzoneClusterImpl-efb0e503-cad1-4dcb-a604-0867af0d3cca/datanode-4/data/ratis/c0b4dbeb-ce87-4163-9b63-8635dff5094e for RaftStorage:Storage Directory /workdir/hadoop-ozone/integration-test/target/test-dir/MiniOzoneClusterImpl-efb0e503-cad1-4dcb-a604-0867af0d3cca/datanode-4/data/ratis/c0b4dbeb-ce87-4163-9b63-8635dff5094e
2019-09-19 09:00:15,065 [pool-71-thread-1] INFO  server.RaftServerConfigKeys (ConfUtils.java:logGet(43)) - raft.server.log.queue.byte-limit = 2147483647 (custom)
2019-09-19 09:00:15,065 [pool-71-thread-1] INFO  server.RaftServerConfigKeys (ConfUtils.java:logGet(43)) - raft.server.log.queue.element-limit = 1024 (custom)
2019-09-19 09:00:15,066 [pool-71-thread-1] INFO  server.RaftServerConfigKeys (ConfUtils.java:logGet(43)) - raft.server.log.segment.size.max = 1048576 (custom)
2019-09-19 09:00:15,066 [pool-71-thread-1] INFO  server.RaftServerConfigKeys (ConfUtils.java:logGet(43)) - raft.server.log.preallocated.size = 16384 (custom)
2019-09-19 09:00:15,066 [pool-71-thread-1] INFO  server.RaftServerConfigKeys (ConfUtils.java:logGet(43)) - raft.server.log.write.buffer.size = 33554432 (custom)
2019-09-19 09:00:15,066 [pool-71-thread-1] INFO  server.RaftServerConfigKeys (ConfUtils.java:logGet(43)) - raft.server.log.force.sync.num = 128 (default)
2019-09-19 09:00:15,066 [pool-71-thread-1] INFO  server.RaftServerConfigKeys (ConfUtils.java:logGet(43)) - raft.server.log.statemachine.data.sync = true (default)
2019-09-19 09:00:15,066 [pool-71-thread-1] INFO  server.RaftServerConfigKeys (ConfUtils.java:logGet(43)) - raft.server.log.statemachine.data.sync.timeout = 10s (default)
2019-09-19 09:00:15,067 [pool-71-thread-1] INFO  server.RaftServerConfigKeys (ConfUtils.java:logGet(43)) - raft.server.log.statemachine.data.sync.timeout.retry = -1 (default)
2019-09-19 09:00:15,067 [pool-71-thread-1] INFO  server.RaftServerConfigKeys (ConfUtils.java:logGet(43)) - raft.server.log.statemachine.data.caching.enabled = true (custom)
2019-09-19 09:00:15,067 [pool-71-thread-1] INFO  segmented.SegmentedRaftLogWorker (SegmentedRaftLogWorker.java:lambda$new$0(132)) - 21f2978a-2ca5-4a16-a721-5bddc1a70383-SegmentedRaftLogWorker:Storage Directory /workdir/hadoop-ozone/integration-test/target/test-dir/MiniOzoneClusterImpl-efb0e503-cad1-4dcb-a604-0867af0d3cca/datanode-4/data/ratis/c0b4dbeb-ce87-4163-9b63-8635dff5094e: flushIndex: setUnconditionally 0 -> -1
2019-09-19 09:00:15,068 [pool-71-thread-1] INFO  server.RaftServerConfigKeys (ConfUtils.java:logGet(43)) - raft.server.snapshot.auto.trigger.enabled = true (custom)
2019-09-19 09:00:15,068 [pool-71-thread-1] INFO  server.RaftServerConfigKeys (ConfUtils.java:logGet(43)) - raft.server.snapshot.auto.trigger.threshold = 10000 (custom)
2019-09-19 09:00:15,068 [pool-71-thread-1] INFO  server.RaftServerConfigKeys (ConfUtils.java:logGet(43)) - raft.server.retrycache.expirytime = 600000ms (custom)
2019-09-19 09:00:15,068 [pool-71-thread-1] INFO  impl.RaftServerImpl (RaftServerImpl.java:start(180)) - 21f2978a-2ca5-4a16-a721-5bddc1a70383: start group-8635DFF5094E
2019-09-19 09:00:15,068 [pool-71-thread-1] INFO  impl.RaftServerImpl (RaftServerImpl.java:setRole(171)) - 21f2978a-2ca5-4a16-a721-5bddc1a70383:group-8635DFF5094E changes role from null to FOLLOWER at term 0 for startAsFollower
2019-09-19 09:00:15,069 [pool-71-thread-1] INFO  impl.RoleInfo (RoleInfo.java:updateAndGet(143)) - 21f2978a-2ca5-4a16-a721-5bddc1a70383: start FollowerState
2019-09-19 09:00:15,069 [pool-71-thread-1] INFO  util.JmxRegister (JmxRegister.java:tryRegister(44)) - Successfully registered JMX Bean with object name Ratis:service=RaftServer,group=group-8635DFF5094E,id=21f2978a-2ca5-4a16-a721-5bddc1a70383
2019-09-19 09:00:15,076 [RatisPipelineUtilsThread] INFO  pipeline.PipelineStateManager (PipelineStateManager.java:addPipeline(56)) - Created pipeline Pipeline[ Id: c0b4dbeb-ce87-4163-9b63-8635dff5094e, Nodes: 21f2978a-2ca5-4a16-a721-5bddc1a70383{ip: 192.168.34.5, host: pr-hdds-1569-j4bt4-3030777008, networkLocation: /default-rack, certSerialId: null}, Type:RATIS, Factor:ONE, State:OPEN]
2019-09-19 09:00:15,080 [RatisPipelineUtilsThread] ERROR pipeline.PipelinePlacementPolicy (PipelinePlacementPolicy.java:meetCriteria(91)) - Pipeline Placement: Doesn't meet the criteria to be viable node. Heaviness: 6
2019-09-19 09:00:15,080 [RatisPipelineUtilsThread] ERROR pipeline.PipelinePlacementPolicy (PipelinePlacementPolicy.java:meetCriteria(91)) - Pipeline Placement: Doesn't meet the criteria to be viable node. Heaviness: 6
2019-09-19 09:00:15,080 [RatisPipelineUtilsThread] ERROR pipeline.PipelinePlacementPolicy (PipelinePlacementPolicy.java:meetCriteria(91)) - Pipeline Placement: Doesn't meet the criteria to be viable node. Heaviness: 6
2019-09-19 09:00:15,088 | INFO  | SCMAudit | user=jenkins1000 | ip=192.168.34.5 | op=SEND_HEARTBEAT {datanodeUUID=188fabf1-fb11-41c2-a0ed-ee400af44df4, command=[]} | ret=SUCCESS |  
2019-09-19 09:00:15,102 [grpc-default-executor-0] INFO  impl.RaftServerProxy (RaftServerProxy.java:addNew(89)) - 5794d84d-2349-4704-a7d7-6735dfcfc341: addNew group-306361811909:[5794d84d-2349-4704-a7d7-6735dfcfc341:192.168.34.5:35329] returns group-306361811909:java.util.concurrent.CompletableFuture@2de703c5[Not completed]
2019-09-19 09:00:15,102 | INFO  | SCMAudit | user=jenkins1000 | ip=192.168.34.5 | op=SEND_HEARTBEAT {datanodeUUID=cf0fb8b8-922c-4d9e-8ced-919bfd64db77, command=[]} | ret=SUCCESS |  
2019-09-19 09:00:15,109 [pool-82-thread-1] INFO  impl.RaftServerImpl (RaftServerImpl.java:<init>(93)) - 5794d84d-2349-4704-a7d7-6735dfcfc341: new RaftServerImpl for group-306361811909:[5794d84d-2349-4704-a7d7-6735dfcfc341:192.168.34.5:35329] with ContainerStateMachine:uninitialized
2019-09-19 09:00:15,109 [pool-82-thread-1] INFO  server.RaftServerConfigKeys (ConfUtils.java:logGet(43)) - raft.server.rpc.timeout.min = 5s (custom)
2019-09-19 09:00:15,109 [pool-82-thread-1] INFO  server.RaftServerConfigKeys (ConfUtils.java:logGet(43)) - raft.server.rpc.timeout.max = 5200ms (custom)
2019-09-19 09:00:15,110 [pool-82-thread-1] INFO  server.RaftServerConfigKeys (ConfUtils.java:logGet(43)) - raft.server.rpcslowness.timeout = 120s (custom)
2019-09-19 09:00:15,110 [pool-82-thread-1] INFO  server.RaftServerConfigKeys (ConfUtils.java:logGet(43)) - raft.server.sleep.deviation.threshold = 300 (default)
2019-09-19 09:00:15,110 [pool-82-thread-1] INFO  server.RaftServerConfigKeys (ConfUtils.java:logGet(43)) - raft.server.log.appender.install.snapshot.enabled = false (custom)
2019-09-19 09:00:15,110 [pool-82-thread-1] INFO  impl.RaftServerImpl (ServerState.java:<init>(105)) - 5794d84d-2349-4704-a7d7-6735dfcfc341:group-306361811909 ConfigurationManager, init=-1: [5794d84d-2349-4704-a7d7-6735dfcfc341:192.168.34.5:35329], old=null, confs=<EMPTY_MAP>
2019-09-19 09:00:15,110 [pool-82-thread-1] INFO  server.RaftServerConfigKeys (ConfUtils.java:logGet(43)) - raft.server.storage.dir = [/workdir/hadoop-ozone/integration-test/target/test-dir/MiniOzoneClusterImpl-efb0e503-cad1-4dcb-a604-0867af0d3cca/datanode-5/data/ratis] (custom)
2019-09-19 09:00:15,111 [pool-82-thread-1] INFO  storage.RaftStorageDirectory (RaftStorageDirectory.java:analyzeStorage(246)) - The storage directory /workdir/hadoop-ozone/integration-test/target/test-dir/MiniOzoneClusterImpl-efb0e503-cad1-4dcb-a604-0867af0d3cca/datanode-5/data/ratis/18c18a4f-6f3a-4ce8-a9b7-306361811909 does not exist. Creating ...
2019-09-19 09:00:15,124 [pool-82-thread-1] INFO  storage.RaftStorageDirectory (RaftStorageDirectory.java:tryLock(328)) - Lock on /workdir/hadoop-ozone/integration-test/target/test-dir/MiniOzoneClusterImpl-efb0e503-cad1-4dcb-a604-0867af0d3cca/datanode-5/data/ratis/18c18a4f-6f3a-4ce8-a9b7-306361811909/in_use.lock acquired by nodename 12225@pr-hdds-1569-j4bt4-3030777008
2019-09-19 09:00:15,138 [pool-82-thread-1] INFO  storage.RaftStorage (RaftStorage.java:format(72)) - Storage directory /workdir/hadoop-ozone/integration-test/target/test-dir/MiniOzoneClusterImpl-efb0e503-cad1-4dcb-a604-0867af0d3cca/datanode-5/data/ratis/18c18a4f-6f3a-4ce8-a9b7-306361811909 has been successfully formatted.
2019-09-19 09:00:15,139 [pool-82-thread-1] INFO  ratis.ContainerStateMachine (ContainerStateMachine.java:loadSnapshot(226)) - group-306361811909: The snapshot info is null. Setting the last applied indexto:(t:0, i:~)
2019-09-19 09:00:15,139 [pool-82-thread-1] INFO  server.RaftServerConfigKeys (ConfUtils.java:logGet(43)) - raft.server.leader.election.timeout = 120s (custom)
2019-09-19 09:00:15,139 [pool-82-thread-1] INFO  server.RaftServerConfigKeys (ConfUtils.java:logGet(43)) - raft.server.log.use.memory = false (default)
2019-09-19 09:00:15,139 [pool-82-thread-1] INFO  server.RaftServerConfigKeys (ConfUtils.java:logGet(43)) - raft.server.log.purge.gap = 1000000 (custom)
2019-09-19 09:00:15,139 [pool-82-thread-1] INFO  server.RaftServerConfigKeys (ConfUtils.java:logGet(43)) - raft.server.log.appender.buffer.byte-limit = 33554432 (custom)
2019-09-19 09:00:15,140 [pool-82-thread-1] INFO  server.RaftServerConfigKeys (ConfUtils.java:logGet(43)) - raft.server.log.segment.size.max = 1048576 (custom)
2019-09-19 09:00:15,140 [pool-82-thread-1] INFO  server.RaftServerConfigKeys (ConfUtils.java:logGet(43)) - raft.server.log.segment.cache.num.max = 2 (custom)
2019-09-19 09:00:15,140 [pool-82-thread-1] INFO  segmented.SegmentedRaftLogWorker (SegmentedRaftLogWorker.java:<init>(172)) - new 5794d84d-2349-4704-a7d7-6735dfcfc341-SegmentedRaftLogWorker:Storage Directory /workdir/hadoop-ozone/integration-test/target/test-dir/MiniOzoneClusterImpl-efb0e503-cad1-4dcb-a604-0867af0d3cca/datanode-5/data/ratis/18c18a4f-6f3a-4ce8-a9b7-306361811909 for RaftStorage:Storage Directory /workdir/hadoop-ozone/integration-test/target/test-dir/MiniOzoneClusterImpl-efb0e503-cad1-4dcb-a604-0867af0d3cca/datanode-5/data/ratis/18c18a4f-6f3a-4ce8-a9b7-306361811909
2019-09-19 09:00:15,140 [pool-82-thread-1] INFO  server.RaftServerConfigKeys (ConfUtils.java:logGet(43)) - raft.server.log.queue.byte-limit = 2147483647 (custom)
2019-09-19 09:00:15,140 [pool-82-thread-1] INFO  server.RaftServerConfigKeys (ConfUtils.java:logGet(43)) - raft.server.log.queue.element-limit = 1024 (custom)
2019-09-19 09:00:15,141 [pool-82-thread-1] INFO  server.RaftServerConfigKeys (ConfUtils.java:logGet(43)) - raft.server.log.segment.size.max = 1048576 (custom)
2019-09-19 09:00:15,141 [pool-82-thread-1] INFO  server.RaftServerConfigKeys (ConfUtils.java:logGet(43)) - raft.server.log.preallocated.size = 16384 (custom)
2019-09-19 09:00:15,141 [pool-82-thread-1] INFO  server.RaftServerConfigKeys (ConfUtils.java:logGet(43)) - raft.server.log.write.buffer.size = 33554432 (custom)
2019-09-19 09:00:15,141 [pool-82-thread-1] INFO  server.RaftServerConfigKeys (ConfUtils.java:logGet(43)) - raft.server.log.force.sync.num = 128 (default)
2019-09-19 09:00:15,141 [pool-82-thread-1] INFO  server.RaftServerConfigKeys (ConfUtils.java:logGet(43)) - raft.server.log.statemachine.data.sync = true (default)
2019-09-19 09:00:15,142 [pool-82-thread-1] INFO  server.RaftServerConfigKeys (ConfUtils.java:logGet(43)) - raft.server.log.statemachine.data.sync.timeout = 10s (default)
2019-09-19 09:00:15,142 [pool-82-thread-1] INFO  server.RaftServerConfigKeys (ConfUtils.java:logGet(43)) - raft.server.log.statemachine.data.sync.timeout.retry = -1 (default)
2019-09-19 09:00:15,143 [pool-82-thread-1] INFO  server.RaftServerConfigKeys (ConfUtils.java:logGet(43)) - raft.server.log.statemachine.data.caching.enabled = true (custom)
2019-09-19 09:00:15,143 [pool-82-thread-1] INFO  segmented.SegmentedRaftLogWorker (SegmentedRaftLogWorker.java:lambda$new$0(132)) - 5794d84d-2349-4704-a7d7-6735dfcfc341-SegmentedRaftLogWorker:Storage Directory /workdir/hadoop-ozone/integration-test/target/test-dir/MiniOzoneClusterImpl-efb0e503-cad1-4dcb-a604-0867af0d3cca/datanode-5/data/ratis/18c18a4f-6f3a-4ce8-a9b7-306361811909: flushIndex: setUnconditionally 0 -> -1
2019-09-19 09:00:15,143 [pool-82-thread-1] INFO  server.RaftServerConfigKeys (ConfUtils.java:logGet(43)) - raft.server.snapshot.auto.trigger.enabled = true (custom)
2019-09-19 09:00:15,144 [pool-82-thread-1] INFO  server.RaftServerConfigKeys (ConfUtils.java:logGet(43)) - raft.server.snapshot.auto.trigger.threshold = 10000 (custom)
2019-09-19 09:00:15,144 [pool-82-thread-1] INFO  server.RaftServerConfigKeys (ConfUtils.java:logGet(43)) - raft.server.retrycache.expirytime = 600000ms (custom)
2019-09-19 09:00:15,144 [pool-82-thread-1] INFO  impl.RaftServerImpl (RaftServerImpl.java:start(180)) - 5794d84d-2349-4704-a7d7-6735dfcfc341: start group-306361811909
2019-09-19 09:00:15,144 [pool-82-thread-1] INFO  impl.RaftServerImpl (RaftServerImpl.java:setRole(171)) - 5794d84d-2349-4704-a7d7-6735dfcfc341:group-306361811909 changes role from null to FOLLOWER at term 0 for startAsFollower
2019-09-19 09:00:15,145 [pool-82-thread-1] INFO  impl.RoleInfo (RoleInfo.java:updateAndGet(143)) - 5794d84d-2349-4704-a7d7-6735dfcfc341: start FollowerState
2019-09-19 09:00:15,145 [pool-82-thread-1] INFO  util.JmxRegister (JmxRegister.java:tryRegister(44)) - Successfully registered JMX Bean with object name Ratis:service=RaftServer,group=group-306361811909,id=5794d84d-2349-4704-a7d7-6735dfcfc341
2019-09-19 09:00:15,162 [RatisPipelineUtilsThread] INFO  pipeline.PipelineStateManager (PipelineStateManager.java:addPipeline(56)) - Created pipeline Pipeline[ Id: 18c18a4f-6f3a-4ce8-a9b7-306361811909, Nodes: 5794d84d-2349-4704-a7d7-6735dfcfc341{ip: 192.168.34.5, host: pr-hdds-1569-j4bt4-3030777008, networkLocation: /default-rack, certSerialId: null}, Type:RATIS, Factor:ONE, State:OPEN]
2019-09-19 09:00:15,164 [RatisPipelineUtilsThread] ERROR pipeline.PipelinePlacementPolicy (PipelinePlacementPolicy.java:meetCriteria(91)) - Pipeline Placement: Doesn't meet the criteria to be viable node. Heaviness: 6
2019-09-19 09:00:15,164 [RatisPipelineUtilsThread] ERROR pipeline.PipelinePlacementPolicy (PipelinePlacementPolicy.java:meetCriteria(91)) - Pipeline Placement: Doesn't meet the criteria to be viable node. Heaviness: 6
2019-09-19 09:00:15,165 [RatisPipelineUtilsThread] ERROR pipeline.PipelinePlacementPolicy (PipelinePlacementPolicy.java:meetCriteria(91)) - Pipeline Placement: Doesn't meet the criteria to be viable node. Heaviness: 6
2019-09-19 09:00:15,182 | INFO  | SCMAudit | user=jenkins1000 | ip=192.168.34.5 | op=SEND_HEARTBEAT {datanodeUUID=9ec9b7eb-9269-4de4-b0e5-15ac19151471, command=[]} | ret=SUCCESS |  
2019-09-19 09:00:15,182 | INFO  | SCMAudit | user=jenkins1000 | ip=192.168.34.5 | op=SEND_HEARTBEAT {datanodeUUID=21f2978a-2ca5-4a16-a721-5bddc1a70383, command=[]} | ret=SUCCESS |  
2019-09-19 09:00:15,191 [grpc-default-executor-0] INFO  impl.RaftServerProxy (RaftServerProxy.java:addNew(89)) - 5794d84d-2349-4704-a7d7-6735dfcfc341: addNew group-BFEEE9B8618F:[5794d84d-2349-4704-a7d7-6735dfcfc341:192.168.34.5:35329] returns group-BFEEE9B8618F:java.util.concurrent.CompletableFuture@514d36b5[Not completed]
2019-09-19 09:00:15,192 [pool-82-thread-1] INFO  impl.RaftServerImpl (RaftServerImpl.java:<init>(93)) - 5794d84d-2349-4704-a7d7-6735dfcfc341: new RaftServerImpl for group-BFEEE9B8618F:[5794d84d-2349-4704-a7d7-6735dfcfc341:192.168.34.5:35329] with ContainerStateMachine:uninitialized
2019-09-19 09:00:15,193 [pool-82-thread-1] INFO  server.RaftServerConfigKeys (ConfUtils.java:logGet(43)) - raft.server.rpc.timeout.min = 5s (custom)
2019-09-19 09:00:15,193 [pool-82-thread-1] INFO  server.RaftServerConfigKeys (ConfUtils.java:logGet(43)) - raft.server.rpc.timeout.max = 5200ms (custom)
2019-09-19 09:00:15,193 [pool-82-thread-1] INFO  server.RaftServerConfigKeys (ConfUtils.java:logGet(43)) - raft.server.rpcslowness.timeout = 120s (custom)
2019-09-19 09:00:15,193 [pool-82-thread-1] INFO  server.RaftServerConfigKeys (ConfUtils.java:logGet(43)) - raft.server.sleep.deviation.threshold = 300 (default)
2019-09-19 09:00:15,193 [pool-82-thread-1] INFO  server.RaftServerConfigKeys (ConfUtils.java:logGet(43)) - raft.server.log.appender.install.snapshot.enabled = false (custom)
2019-09-19 09:00:15,193 [pool-82-thread-1] INFO  impl.RaftServerImpl (ServerState.java:<init>(105)) - 5794d84d-2349-4704-a7d7-6735dfcfc341:group-BFEEE9B8618F ConfigurationManager, init=-1: [5794d84d-2349-4704-a7d7-6735dfcfc341:192.168.34.5:35329], old=null, confs=<EMPTY_MAP>
2019-09-19 09:00:15,194 [pool-82-thread-1] INFO  server.RaftServerConfigKeys (ConfUtils.java:logGet(43)) - raft.server.storage.dir = [/workdir/hadoop-ozone/integration-test/target/test-dir/MiniOzoneClusterImpl-efb0e503-cad1-4dcb-a604-0867af0d3cca/datanode-5/data/ratis] (custom)
2019-09-19 09:00:15,194 [pool-82-thread-1] INFO  storage.RaftStorageDirectory (RaftStorageDirectory.java:analyzeStorage(246)) - The storage directory /workdir/hadoop-ozone/integration-test/target/test-dir/MiniOzoneClusterImpl-efb0e503-cad1-4dcb-a604-0867af0d3cca/datanode-5/data/ratis/a44a1323-2629-4d27-b316-bfeee9b8618f does not exist. Creating ...
2019-09-19 09:00:15,207 [pool-82-thread-1] INFO  storage.RaftStorageDirectory (RaftStorageDirectory.java:tryLock(328)) - Lock on /workdir/hadoop-ozone/integration-test/target/test-dir/MiniOzoneClusterImpl-efb0e503-cad1-4dcb-a604-0867af0d3cca/datanode-5/data/ratis/a44a1323-2629-4d27-b316-bfeee9b8618f/in_use.lock acquired by nodename 12225@pr-hdds-1569-j4bt4-3030777008
2019-09-19 09:00:15,220 [pool-82-thread-1] INFO  storage.RaftStorage (RaftStorage.java:format(72)) - Storage directory /workdir/hadoop-ozone/integration-test/target/test-dir/MiniOzoneClusterImpl-efb0e503-cad1-4dcb-a604-0867af0d3cca/datanode-5/data/ratis/a44a1323-2629-4d27-b316-bfeee9b8618f has been successfully formatted.
2019-09-19 09:00:15,221 [pool-82-thread-1] INFO  ratis.ContainerStateMachine (ContainerStateMachine.java:loadSnapshot(226)) - group-BFEEE9B8618F: The snapshot info is null. Setting the last applied indexto:(t:0, i:~)
2019-09-19 09:00:15,221 [pool-82-thread-1] INFO  server.RaftServerConfigKeys (ConfUtils.java:logGet(43)) - raft.server.leader.election.timeout = 120s (custom)
2019-09-19 09:00:15,221 [pool-82-thread-1] INFO  server.RaftServerConfigKeys (ConfUtils.java:logGet(43)) - raft.server.log.use.memory = false (default)
2019-09-19 09:00:15,221 [pool-82-thread-1] INFO  server.RaftServerConfigKeys (ConfUtils.java:logGet(43)) - raft.server.log.purge.gap = 1000000 (custom)
2019-09-19 09:00:15,221 [pool-82-thread-1] INFO  server.RaftServerConfigKeys (ConfUtils.java:logGet(43)) - raft.server.log.appender.buffer.byte-limit = 33554432 (custom)
2019-09-19 09:00:15,221 [pool-82-thread-1] INFO  server.RaftServerConfigKeys (ConfUtils.java:logGet(43)) - raft.server.log.segment.size.max = 1048576 (custom)
2019-09-19 09:00:15,222 [pool-82-thread-1] INFO  server.RaftServerConfigKeys (ConfUtils.java:logGet(43)) - raft.server.log.segment.cache.num.max = 2 (custom)
2019-09-19 09:00:15,222 [pool-82-thread-1] INFO  segmented.SegmentedRaftLogWorker (SegmentedRaftLogWorker.java:<init>(172)) - new 5794d84d-2349-4704-a7d7-6735dfcfc341-SegmentedRaftLogWorker:Storage Directory /workdir/hadoop-ozone/integration-test/target/test-dir/MiniOzoneClusterImpl-efb0e503-cad1-4dcb-a604-0867af0d3cca/datanode-5/data/ratis/a44a1323-2629-4d27-b316-bfeee9b8618f for RaftStorage:Storage Directory /workdir/hadoop-ozone/integration-test/target/test-dir/MiniOzoneClusterImpl-efb0e503-cad1-4dcb-a604-0867af0d3cca/datanode-5/data/ratis/a44a1323-2629-4d27-b316-bfeee9b8618f
2019-09-19 09:00:15,222 [pool-82-thread-1] INFO  server.RaftServerConfigKeys (ConfUtils.java:logGet(43)) - raft.server.log.queue.byte-limit = 2147483647 (custom)
2019-09-19 09:00:15,222 [pool-82-thread-1] INFO  server.RaftServerConfigKeys (ConfUtils.java:logGet(43)) - raft.server.log.queue.element-limit = 1024 (custom)
2019-09-19 09:00:15,222 [pool-82-thread-1] INFO  server.RaftServerConfigKeys (ConfUtils.java:logGet(43)) - raft.server.log.segment.size.max = 1048576 (custom)
2019-09-19 09:00:15,222 [pool-82-thread-1] INFO  server.RaftServerConfigKeys (ConfUtils.java:logGet(43)) - raft.server.log.preallocated.size = 16384 (custom)
2019-09-19 09:00:15,222 [pool-82-thread-1] INFO  server.RaftServerConfigKeys (ConfUtils.java:logGet(43)) - raft.server.log.write.buffer.size = 33554432 (custom)
2019-09-19 09:00:15,222 [pool-82-thread-1] INFO  server.RaftServerConfigKeys (ConfUtils.java:logGet(43)) - raft.server.log.force.sync.num = 128 (default)
2019-09-19 09:00:15,223 [pool-82-thread-1] INFO  server.RaftServerConfigKeys (ConfUtils.java:logGet(43)) - raft.server.log.statemachine.data.sync = true (default)
2019-09-19 09:00:15,223 [pool-82-thread-1] INFO  server.RaftServerConfigKeys (ConfUtils.java:logGet(43)) - raft.server.log.statemachine.data.sync.timeout = 10s (default)
2019-09-19 09:00:15,223 [pool-82-thread-1] INFO  server.RaftServerConfigKeys (ConfUtils.java:logGet(43)) - raft.server.log.statemachine.data.sync.timeout.retry = -1 (default)
2019-09-19 09:00:15,223 [pool-82-thread-1] INFO  server.RaftServerConfigKeys (ConfUtils.java:logGet(43)) - raft.server.log.statemachine.data.caching.enabled = true (custom)
2019-09-19 09:00:15,223 [pool-82-thread-1] INFO  segmented.SegmentedRaftLogWorker (SegmentedRaftLogWorker.java:lambda$new$0(132)) - 5794d84d-2349-4704-a7d7-6735dfcfc341-SegmentedRaftLogWorker:Storage Directory /workdir/hadoop-ozone/integration-test/target/test-dir/MiniOzoneClusterImpl-efb0e503-cad1-4dcb-a604-0867af0d3cca/datanode-5/data/ratis/a44a1323-2629-4d27-b316-bfeee9b8618f: flushIndex: setUnconditionally 0 -> -1
2019-09-19 09:00:15,224 [pool-82-thread-1] INFO  server.RaftServerConfigKeys (ConfUtils.java:logGet(43)) - raft.server.snapshot.auto.trigger.enabled = true (custom)
2019-09-19 09:00:15,224 [pool-82-thread-1] INFO  server.RaftServerConfigKeys (ConfUtils.java:logGet(43)) - raft.server.snapshot.auto.trigger.threshold = 10000 (custom)
2019-09-19 09:00:15,224 [pool-82-thread-1] INFO  server.RaftServerConfigKeys (ConfUtils.java:logGet(43)) - raft.server.retrycache.expirytime = 600000ms (custom)
2019-09-19 09:00:15,224 [pool-82-thread-1] INFO  impl.RaftServerImpl (RaftServerImpl.java:start(180)) - 5794d84d-2349-4704-a7d7-6735dfcfc341: start group-BFEEE9B8618F
2019-09-19 09:00:15,224 [pool-82-thread-1] INFO  impl.RaftServerImpl (RaftServerImpl.java:setRole(171)) - 5794d84d-2349-4704-a7d7-6735dfcfc341:group-BFEEE9B8618F changes role from null to FOLLOWER at term 0 for startAsFollower
2019-09-19 09:00:15,225 [pool-82-thread-1] INFO  impl.RoleInfo (RoleInfo.java:updateAndGet(143)) - 5794d84d-2349-4704-a7d7-6735dfcfc341: start FollowerState
2019-09-19 09:00:15,225 [pool-82-thread-1] INFO  util.JmxRegister (JmxRegister.java:tryRegister(44)) - Successfully registered JMX Bean with object name Ratis:service=RaftServer,group=group-BFEEE9B8618F,id=5794d84d-2349-4704-a7d7-6735dfcfc341
2019-09-19 09:00:15,231 [Thread-237] INFO  container.ReplicationManager (ReplicationManager.java:start(151)) - Starting Replication Monitor Thread.
2019-09-19 09:00:15,235 [ReplicationMonitor] INFO  container.ReplicationManager (ReplicationManager.java:run(214)) - Replication Monitor Thread took 1 milliseconds for processing 0 containers.
2019-09-19 09:00:15,235 [RatisPipelineUtilsThread] INFO  pipeline.PipelineStateManager (PipelineStateManager.java:addPipeline(56)) - Created pipeline Pipeline[ Id: a44a1323-2629-4d27-b316-bfeee9b8618f, Nodes: 5794d84d-2349-4704-a7d7-6735dfcfc341{ip: 192.168.34.5, host: pr-hdds-1569-j4bt4-3030777008, networkLocation: /default-rack, certSerialId: null}, Type:RATIS, Factor:ONE, State:OPEN]
2019-09-19 09:00:15,235 [RatisPipelineUtilsThread] ERROR pipeline.PipelinePlacementPolicy (PipelinePlacementPolicy.java:meetCriteria(91)) - Pipeline Placement: Doesn't meet the criteria to be viable node. Heaviness: 6
2019-09-19 09:00:15,235 [RatisPipelineUtilsThread] ERROR pipeline.PipelinePlacementPolicy (PipelinePlacementPolicy.java:meetCriteria(91)) - Pipeline Placement: Doesn't meet the criteria to be viable node. Heaviness: 6
2019-09-19 09:00:15,235 [RatisPipelineUtilsThread] ERROR pipeline.PipelinePlacementPolicy (PipelinePlacementPolicy.java:meetCriteria(91)) - Pipeline Placement: Doesn't meet the criteria to be viable node. Heaviness: 6
2019-09-19 09:00:15,245 [grpc-default-executor-0] INFO  impl.RaftServerProxy (RaftServerProxy.java:addNew(89)) - 5794d84d-2349-4704-a7d7-6735dfcfc341: addNew group-1B3CEAAB7C1F:[5794d84d-2349-4704-a7d7-6735dfcfc341:192.168.34.5:35329] returns group-1B3CEAAB7C1F:java.util.concurrent.CompletableFuture@7abfc64[Not completed]
2019-09-19 09:00:15,247 [pool-82-thread-1] INFO  impl.RaftServerImpl (RaftServerImpl.java:<init>(93)) - 5794d84d-2349-4704-a7d7-6735dfcfc341: new RaftServerImpl for group-1B3CEAAB7C1F:[5794d84d-2349-4704-a7d7-6735dfcfc341:192.168.34.5:35329] with ContainerStateMachine:uninitialized
2019-09-19 09:00:15,247 [pool-82-thread-1] INFO  server.RaftServerConfigKeys (ConfUtils.java:logGet(43)) - raft.server.rpc.timeout.min = 5s (custom)
2019-09-19 09:00:15,247 [pool-82-thread-1] INFO  server.RaftServerConfigKeys (ConfUtils.java:logGet(43)) - raft.server.rpc.timeout.max = 5200ms (custom)
2019-09-19 09:00:15,247 [pool-82-thread-1] INFO  server.RaftServerConfigKeys (ConfUtils.java:logGet(43)) - raft.server.rpcslowness.timeout = 120s (custom)
2019-09-19 09:00:15,247 [pool-82-thread-1] INFO  server.RaftServerConfigKeys (ConfUtils.java:logGet(43)) - raft.server.sleep.deviation.threshold = 300 (default)
2019-09-19 09:00:15,247 [pool-82-thread-1] INFO  server.RaftServerConfigKeys (ConfUtils.java:logGet(43)) - raft.server.log.appender.install.snapshot.enabled = false (custom)
2019-09-19 09:00:15,248 [pool-82-thread-1] INFO  impl.RaftServerImpl (ServerState.java:<init>(105)) - 5794d84d-2349-4704-a7d7-6735dfcfc341:group-1B3CEAAB7C1F ConfigurationManager, init=-1: [5794d84d-2349-4704-a7d7-6735dfcfc341:192.168.34.5:35329], old=null, confs=<EMPTY_MAP>
2019-09-19 09:00:15,248 [pool-82-thread-1] INFO  server.RaftServerConfigKeys (ConfUtils.java:logGet(43)) - raft.server.storage.dir = [/workdir/hadoop-ozone/integration-test/target/test-dir/MiniOzoneClusterImpl-efb0e503-cad1-4dcb-a604-0867af0d3cca/datanode-5/data/ratis] (custom)
2019-09-19 09:00:15,248 [pool-82-thread-1] INFO  storage.RaftStorageDirectory (RaftStorageDirectory.java:analyzeStorage(246)) - The storage directory /workdir/hadoop-ozone/integration-test/target/test-dir/MiniOzoneClusterImpl-efb0e503-cad1-4dcb-a604-0867af0d3cca/datanode-5/data/ratis/0e074361-411f-4351-8067-1b3ceaab7c1f does not exist. Creating ...
2019-09-19 09:00:15,261 [pool-82-thread-1] INFO  storage.RaftStorageDirectory (RaftStorageDirectory.java:tryLock(328)) - Lock on /workdir/hadoop-ozone/integration-test/target/test-dir/MiniOzoneClusterImpl-efb0e503-cad1-4dcb-a604-0867af0d3cca/datanode-5/data/ratis/0e074361-411f-4351-8067-1b3ceaab7c1f/in_use.lock acquired by nodename 12225@pr-hdds-1569-j4bt4-3030777008
2019-09-19 09:00:15,275 [pool-82-thread-1] INFO  storage.RaftStorage (RaftStorage.java:format(72)) - Storage directory /workdir/hadoop-ozone/integration-test/target/test-dir/MiniOzoneClusterImpl-efb0e503-cad1-4dcb-a604-0867af0d3cca/datanode-5/data/ratis/0e074361-411f-4351-8067-1b3ceaab7c1f has been successfully formatted.
2019-09-19 09:00:15,275 [pool-82-thread-1] INFO  ratis.ContainerStateMachine (ContainerStateMachine.java:loadSnapshot(226)) - group-1B3CEAAB7C1F: The snapshot info is null. Setting the last applied indexto:(t:0, i:~)
2019-09-19 09:00:15,275 [pool-82-thread-1] INFO  server.RaftServerConfigKeys (ConfUtils.java:logGet(43)) - raft.server.leader.election.timeout = 120s (custom)
2019-09-19 09:00:15,276 [pool-82-thread-1] INFO  server.RaftServerConfigKeys (ConfUtils.java:logGet(43)) - raft.server.log.use.memory = false (default)
2019-09-19 09:00:15,276 [pool-82-thread-1] INFO  server.RaftServerConfigKeys (ConfUtils.java:logGet(43)) - raft.server.log.purge.gap = 1000000 (custom)
2019-09-19 09:00:15,276 [pool-82-thread-1] INFO  server.RaftServerConfigKeys (ConfUtils.java:logGet(43)) - raft.server.log.appender.buffer.byte-limit = 33554432 (custom)
2019-09-19 09:00:15,276 [pool-82-thread-1] INFO  server.RaftServerConfigKeys (ConfUtils.java:logGet(43)) - raft.server.log.segment.size.max = 1048576 (custom)
2019-09-19 09:00:15,276 [pool-82-thread-1] INFO  server.RaftServerConfigKeys (ConfUtils.java:logGet(43)) - raft.server.log.segment.cache.num.max = 2 (custom)
2019-09-19 09:00:15,277 [pool-82-thread-1] INFO  segmented.SegmentedRaftLogWorker (SegmentedRaftLogWorker.java:<init>(172)) - new 5794d84d-2349-4704-a7d7-6735dfcfc341-SegmentedRaftLogWorker:Storage Directory /workdir/hadoop-ozone/integration-test/target/test-dir/MiniOzoneClusterImpl-efb0e503-cad1-4dcb-a604-0867af0d3cca/datanode-5/data/ratis/0e074361-411f-4351-8067-1b3ceaab7c1f for RaftStorage:Storage Directory /workdir/hadoop-ozone/integration-test/target/test-dir/MiniOzoneClusterImpl-efb0e503-cad1-4dcb-a604-0867af0d3cca/datanode-5/data/ratis/0e074361-411f-4351-8067-1b3ceaab7c1f
2019-09-19 09:00:15,277 [pool-82-thread-1] INFO  server.RaftServerConfigKeys (ConfUtils.java:logGet(43)) - raft.server.log.queue.byte-limit = 2147483647 (custom)
2019-09-19 09:00:15,277 [pool-82-thread-1] INFO  server.RaftServerConfigKeys (ConfUtils.java:logGet(43)) - raft.server.log.queue.element-limit = 1024 (custom)
2019-09-19 09:00:15,277 [pool-82-thread-1] INFO  server.RaftServerConfigKeys (ConfUtils.java:logGet(43)) - raft.server.log.segment.size.max = 1048576 (custom)
2019-09-19 09:00:15,277 [pool-82-thread-1] INFO  server.RaftServerConfigKeys (ConfUtils.java:logGet(43)) - raft.server.log.preallocated.size = 16384 (custom)
2019-09-19 09:00:15,277 [pool-82-thread-1] INFO  server.RaftServerConfigKeys (ConfUtils.java:logGet(43)) - raft.server.log.write.buffer.size = 33554432 (custom)
2019-09-19 09:00:15,278 [pool-82-thread-1] INFO  server.RaftServerConfigKeys (ConfUtils.java:logGet(43)) - raft.server.log.force.sync.num = 128 (default)
2019-09-19 09:00:15,278 [pool-82-thread-1] INFO  server.RaftServerConfigKeys (ConfUtils.java:logGet(43)) - raft.server.log.statemachine.data.sync = true (default)
2019-09-19 09:00:15,278 [pool-82-thread-1] INFO  server.RaftServerConfigKeys (ConfUtils.java:logGet(43)) - raft.server.log.statemachine.data.sync.timeout = 10s (default)
2019-09-19 09:00:15,278 [pool-82-thread-1] INFO  server.RaftServerConfigKeys (ConfUtils.java:logGet(43)) - raft.server.log.statemachine.data.sync.timeout.retry = -1 (default)
2019-09-19 09:00:15,278 [pool-82-thread-1] INFO  server.RaftServerConfigKeys (ConfUtils.java:logGet(43)) - raft.server.log.statemachine.data.caching.enabled = true (custom)
2019-09-19 09:00:15,279 [pool-82-thread-1] INFO  segmented.SegmentedRaftLogWorker (SegmentedRaftLogWorker.java:lambda$new$0(132)) - 5794d84d-2349-4704-a7d7-6735dfcfc341-SegmentedRaftLogWorker:Storage Directory /workdir/hadoop-ozone/integration-test/target/test-dir/MiniOzoneClusterImpl-efb0e503-cad1-4dcb-a604-0867af0d3cca/datanode-5/data/ratis/0e074361-411f-4351-8067-1b3ceaab7c1f: flushIndex: setUnconditionally 0 -> -1
2019-09-19 09:00:15,279 [pool-82-thread-1] INFO  server.RaftServerConfigKeys (ConfUtils.java:logGet(43)) - raft.server.snapshot.auto.trigger.enabled = true (custom)
2019-09-19 09:00:15,279 [pool-82-thread-1] INFO  server.RaftServerConfigKeys (ConfUtils.java:logGet(43)) - raft.server.snapshot.auto.trigger.threshold = 10000 (custom)
2019-09-19 09:00:15,280 [pool-82-thread-1] INFO  server.RaftServerConfigKeys (ConfUtils.java:logGet(43)) - raft.server.retrycache.expirytime = 600000ms (custom)
2019-09-19 09:00:15,280 [pool-82-thread-1] INFO  impl.RaftServerImpl (RaftServerImpl.java:start(180)) - 5794d84d-2349-4704-a7d7-6735dfcfc341: start group-1B3CEAAB7C1F
2019-09-19 09:00:15,280 [pool-82-thread-1] INFO  impl.RaftServerImpl (RaftServerImpl.java:setRole(171)) - 5794d84d-2349-4704-a7d7-6735dfcfc341:group-1B3CEAAB7C1F changes role from null to FOLLOWER at term 0 for startAsFollower
2019-09-19 09:00:15,280 [pool-82-thread-1] INFO  impl.RoleInfo (RoleInfo.java:updateAndGet(143)) - 5794d84d-2349-4704-a7d7-6735dfcfc341: start FollowerState
2019-09-19 09:00:15,281 [pool-82-thread-1] INFO  util.JmxRegister (JmxRegister.java:tryRegister(44)) - Successfully registered JMX Bean with object name Ratis:service=RaftServer,group=group-1B3CEAAB7C1F,id=5794d84d-2349-4704-a7d7-6735dfcfc341
2019-09-19 09:00:15,288 [RatisPipelineUtilsThread] INFO  pipeline.PipelineStateManager (PipelineStateManager.java:addPipeline(56)) - Created pipeline Pipeline[ Id: 0e074361-411f-4351-8067-1b3ceaab7c1f, Nodes: 5794d84d-2349-4704-a7d7-6735dfcfc341{ip: 192.168.34.5, host: pr-hdds-1569-j4bt4-3030777008, networkLocation: /default-rack, certSerialId: null}, Type:RATIS, Factor:ONE, State:OPEN]
2019-09-19 09:00:15,290 [RatisPipelineUtilsThread] ERROR pipeline.PipelinePlacementPolicy (PipelinePlacementPolicy.java:meetCriteria(91)) - Pipeline Placement: Doesn't meet the criteria to be viable node. Heaviness: 6
2019-09-19 09:00:15,290 [RatisPipelineUtilsThread] ERROR pipeline.PipelinePlacementPolicy (PipelinePlacementPolicy.java:meetCriteria(91)) - Pipeline Placement: Doesn't meet the criteria to be viable node. Heaviness: 6
2019-09-19 09:00:15,290 [RatisPipelineUtilsThread] ERROR pipeline.PipelinePlacementPolicy (PipelinePlacementPolicy.java:meetCriteria(91)) - Pipeline Placement: Doesn't meet the criteria to be viable node. Heaviness: 6
2019-09-19 09:00:15,301 [grpc-default-executor-0] INFO  impl.RaftServerProxy (RaftServerProxy.java:addNew(89)) - 21f2978a-2ca5-4a16-a721-5bddc1a70383: addNew group-E4DD330234AB:[21f2978a-2ca5-4a16-a721-5bddc1a70383:192.168.34.5:38423] returns group-E4DD330234AB:java.util.concurrent.CompletableFuture@72566df[Not completed]
2019-09-19 09:00:15,303 [pool-71-thread-1] INFO  impl.RaftServerImpl (RaftServerImpl.java:<init>(93)) - 21f2978a-2ca5-4a16-a721-5bddc1a70383: new RaftServerImpl for group-E4DD330234AB:[21f2978a-2ca5-4a16-a721-5bddc1a70383:192.168.34.5:38423] with ContainerStateMachine:uninitialized
2019-09-19 09:00:15,304 [pool-71-thread-1] INFO  server.RaftServerConfigKeys (ConfUtils.java:logGet(43)) - raft.server.rpc.timeout.min = 5s (custom)
2019-09-19 09:00:15,304 [pool-71-thread-1] INFO  server.RaftServerConfigKeys (ConfUtils.java:logGet(43)) - raft.server.rpc.timeout.max = 5200ms (custom)
2019-09-19 09:00:15,304 [pool-71-thread-1] INFO  server.RaftServerConfigKeys (ConfUtils.java:logGet(43)) - raft.server.rpcslowness.timeout = 120s (custom)
2019-09-19 09:00:15,304 [pool-71-thread-1] INFO  server.RaftServerConfigKeys (ConfUtils.java:logGet(43)) - raft.server.sleep.deviation.threshold = 300 (default)
2019-09-19 09:00:15,304 [pool-71-thread-1] INFO  server.RaftServerConfigKeys (ConfUtils.java:logGet(43)) - raft.server.log.appender.install.snapshot.enabled = false (custom)
2019-09-19 09:00:15,304 [pool-71-thread-1] INFO  impl.RaftServerImpl (ServerState.java:<init>(105)) - 21f2978a-2ca5-4a16-a721-5bddc1a70383:group-E4DD330234AB ConfigurationManager, init=-1: [21f2978a-2ca5-4a16-a721-5bddc1a70383:192.168.34.5:38423], old=null, confs=<EMPTY_MAP>
2019-09-19 09:00:15,305 [pool-71-thread-1] INFO  server.RaftServerConfigKeys (ConfUtils.java:logGet(43)) - raft.server.storage.dir = [/workdir/hadoop-ozone/integration-test/target/test-dir/MiniOzoneClusterImpl-efb0e503-cad1-4dcb-a604-0867af0d3cca/datanode-4/data/ratis] (custom)
2019-09-19 09:00:15,305 [pool-71-thread-1] INFO  storage.RaftStorageDirectory (RaftStorageDirectory.java:analyzeStorage(246)) - The storage directory /workdir/hadoop-ozone/integration-test/target/test-dir/MiniOzoneClusterImpl-efb0e503-cad1-4dcb-a604-0867af0d3cca/datanode-4/data/ratis/159b2142-c5d3-4720-b331-e4dd330234ab does not exist. Creating ...
2019-09-19 09:00:15,318 [pool-71-thread-1] INFO  storage.RaftStorageDirectory (RaftStorageDirectory.java:tryLock(328)) - Lock on /workdir/hadoop-ozone/integration-test/target/test-dir/MiniOzoneClusterImpl-efb0e503-cad1-4dcb-a604-0867af0d3cca/datanode-4/data/ratis/159b2142-c5d3-4720-b331-e4dd330234ab/in_use.lock acquired by nodename 12225@pr-hdds-1569-j4bt4-3030777008
2019-09-19 09:00:15,331 [pool-71-thread-1] INFO  storage.RaftStorage (RaftStorage.java:format(72)) - Storage directory /workdir/hadoop-ozone/integration-test/target/test-dir/MiniOzoneClusterImpl-efb0e503-cad1-4dcb-a604-0867af0d3cca/datanode-4/data/ratis/159b2142-c5d3-4720-b331-e4dd330234ab has been successfully formatted.
2019-09-19 09:00:15,331 [pool-71-thread-1] INFO  ratis.ContainerStateMachine (ContainerStateMachine.java:loadSnapshot(226)) - group-E4DD330234AB: The snapshot info is null. Setting the last applied indexto:(t:0, i:~)
2019-09-19 09:00:15,331 [pool-71-thread-1] INFO  server.RaftServerConfigKeys (ConfUtils.java:logGet(43)) - raft.server.leader.election.timeout = 120s (custom)
2019-09-19 09:00:15,332 [pool-71-thread-1] INFO  server.RaftServerConfigKeys (ConfUtils.java:logGet(43)) - raft.server.log.use.memory = false (default)
2019-09-19 09:00:15,332 [pool-71-thread-1] INFO  server.RaftServerConfigKeys (ConfUtils.java:logGet(43)) - raft.server.log.purge.gap = 1000000 (custom)
2019-09-19 09:00:15,332 [pool-71-thread-1] INFO  server.RaftServerConfigKeys (ConfUtils.java:logGet(43)) - raft.server.log.appender.buffer.byte-limit = 33554432 (custom)
2019-09-19 09:00:15,332 [pool-71-thread-1] INFO  server.RaftServerConfigKeys (ConfUtils.java:logGet(43)) - raft.server.log.segment.size.max = 1048576 (custom)
2019-09-19 09:00:15,332 [pool-71-thread-1] INFO  server.RaftServerConfigKeys (ConfUtils.java:logGet(43)) - raft.server.log.segment.cache.num.max = 2 (custom)
2019-09-19 09:00:15,332 [pool-71-thread-1] INFO  segmented.SegmentedRaftLogWorker (SegmentedRaftLogWorker.java:<init>(172)) - new 21f2978a-2ca5-4a16-a721-5bddc1a70383-SegmentedRaftLogWorker:Storage Directory /workdir/hadoop-ozone/integration-test/target/test-dir/MiniOzoneClusterImpl-efb0e503-cad1-4dcb-a604-0867af0d3cca/datanode-4/data/ratis/159b2142-c5d3-4720-b331-e4dd330234ab for RaftStorage:Storage Directory /workdir/hadoop-ozone/integration-test/target/test-dir/MiniOzoneClusterImpl-efb0e503-cad1-4dcb-a604-0867af0d3cca/datanode-4/data/ratis/159b2142-c5d3-4720-b331-e4dd330234ab
2019-09-19 09:00:15,332 [pool-71-thread-1] INFO  server.RaftServerConfigKeys (ConfUtils.java:logGet(43)) - raft.server.log.queue.byte-limit = 2147483647 (custom)
2019-09-19 09:00:15,332 [pool-71-thread-1] INFO  server.RaftServerConfigKeys (ConfUtils.java:logGet(43)) - raft.server.log.queue.element-limit = 1024 (custom)
2019-09-19 09:00:15,333 [pool-71-thread-1] INFO  server.RaftServerConfigKeys (ConfUtils.java:logGet(43)) - raft.server.log.segment.size.max = 1048576 (custom)
2019-09-19 09:00:15,333 [pool-71-thread-1] INFO  server.RaftServerConfigKeys (ConfUtils.java:logGet(43)) - raft.server.log.preallocated.size = 16384 (custom)
2019-09-19 09:00:15,333 [pool-71-thread-1] INFO  server.RaftServerConfigKeys (ConfUtils.java:logGet(43)) - raft.server.log.write.buffer.size = 33554432 (custom)
2019-09-19 09:00:15,333 [pool-71-thread-1] INFO  server.RaftServerConfigKeys (ConfUtils.java:logGet(43)) - raft.server.log.force.sync.num = 128 (default)
2019-09-19 09:00:15,333 [pool-71-thread-1] INFO  server.RaftServerConfigKeys (ConfUtils.java:logGet(43)) - raft.server.log.statemachine.data.sync = true (default)
2019-09-19 09:00:15,333 [pool-71-thread-1] INFO  server.RaftServerConfigKeys (ConfUtils.java:logGet(43)) - raft.server.log.statemachine.data.sync.timeout = 10s (default)
2019-09-19 09:00:15,333 [pool-71-thread-1] INFO  server.RaftServerConfigKeys (ConfUtils.java:logGet(43)) - raft.server.log.statemachine.data.sync.timeout.retry = -1 (default)
2019-09-19 09:00:15,334 [pool-71-thread-1] INFO  server.RaftServerConfigKeys (ConfUtils.java:logGet(43)) - raft.server.log.statemachine.data.caching.enabled = true (custom)
2019-09-19 09:00:15,334 [pool-71-thread-1] INFO  segmented.SegmentedRaftLogWorker (SegmentedRaftLogWorker.java:lambda$new$0(132)) - 21f2978a-2ca5-4a16-a721-5bddc1a70383-SegmentedRaftLogWorker:Storage Directory /workdir/hadoop-ozone/integration-test/target/test-dir/MiniOzoneClusterImpl-efb0e503-cad1-4dcb-a604-0867af0d3cca/datanode-4/data/ratis/159b2142-c5d3-4720-b331-e4dd330234ab: flushIndex: setUnconditionally 0 -> -1
2019-09-19 09:00:15,334 [pool-71-thread-1] INFO  server.RaftServerConfigKeys (ConfUtils.java:logGet(43)) - raft.server.snapshot.auto.trigger.enabled = true (custom)
2019-09-19 09:00:15,334 [pool-71-thread-1] INFO  server.RaftServerConfigKeys (ConfUtils.java:logGet(43)) - raft.server.snapshot.auto.trigger.threshold = 10000 (custom)
2019-09-19 09:00:15,335 [pool-71-thread-1] INFO  server.RaftServerConfigKeys (ConfUtils.java:logGet(43)) - raft.server.retrycache.expirytime = 600000ms (custom)
2019-09-19 09:00:15,335 [pool-71-thread-1] INFO  impl.RaftServerImpl (RaftServerImpl.java:start(180)) - 21f2978a-2ca5-4a16-a721-5bddc1a70383: start group-E4DD330234AB
2019-09-19 09:00:15,335 [pool-71-thread-1] INFO  impl.RaftServerImpl (RaftServerImpl.java:setRole(171)) - 21f2978a-2ca5-4a16-a721-5bddc1a70383:group-E4DD330234AB changes role from null to FOLLOWER at term 0 for startAsFollower
2019-09-19 09:00:15,335 [pool-71-thread-1] INFO  impl.RoleInfo (RoleInfo.java:updateAndGet(143)) - 21f2978a-2ca5-4a16-a721-5bddc1a70383: start FollowerState
2019-09-19 09:00:15,335 [pool-71-thread-1] INFO  util.JmxRegister (JmxRegister.java:tryRegister(44)) - Successfully registered JMX Bean with object name Ratis:service=RaftServer,group=group-E4DD330234AB,id=21f2978a-2ca5-4a16-a721-5bddc1a70383
2019-09-19 09:00:15,341 [RatisPipelineUtilsThread] INFO  pipeline.PipelineStateManager (PipelineStateManager.java:addPipeline(56)) - Created pipeline Pipeline[ Id: 159b2142-c5d3-4720-b331-e4dd330234ab, Nodes: 21f2978a-2ca5-4a16-a721-5bddc1a70383{ip: 192.168.34.5, host: pr-hdds-1569-j4bt4-3030777008, networkLocation: /default-rack, certSerialId: null}, Type:RATIS, Factor:ONE, State:OPEN]
2019-09-19 09:00:15,343 [RatisPipelineUtilsThread] ERROR pipeline.PipelinePlacementPolicy (PipelinePlacementPolicy.java:meetCriteria(91)) - Pipeline Placement: Doesn't meet the criteria to be viable node. Heaviness: 6
2019-09-19 09:00:15,344 [RatisPipelineUtilsThread] ERROR pipeline.PipelinePlacementPolicy (PipelinePlacementPolicy.java:meetCriteria(91)) - Pipeline Placement: Doesn't meet the criteria to be viable node. Heaviness: 6
2019-09-19 09:00:15,344 [RatisPipelineUtilsThread] ERROR pipeline.PipelinePlacementPolicy (PipelinePlacementPolicy.java:meetCriteria(91)) - Pipeline Placement: Doesn't meet the criteria to be viable node. Heaviness: 6
2019-09-19 09:00:15,355 [grpc-default-executor-0] INFO  impl.RaftServerProxy (RaftServerProxy.java:addNew(89)) - 0dab3cb5-21ad-4f3e-9c90-05507adcbb62: addNew group-3003CA1BEB96:[0dab3cb5-21ad-4f3e-9c90-05507adcbb62:192.168.34.5:45934] returns group-3003CA1BEB96:java.util.concurrent.CompletableFuture@63757e20[Not completed]
2019-09-19 09:00:15,359 [pool-93-thread-1] INFO  impl.RaftServerImpl (RaftServerImpl.java:<init>(93)) - 0dab3cb5-21ad-4f3e-9c90-05507adcbb62: new RaftServerImpl for group-3003CA1BEB96:[0dab3cb5-21ad-4f3e-9c90-05507adcbb62:192.168.34.5:45934] with ContainerStateMachine:uninitialized
2019-09-19 09:00:15,360 [pool-93-thread-1] INFO  server.RaftServerConfigKeys (ConfUtils.java:logGet(43)) - raft.server.rpc.timeout.min = 5s (custom)
2019-09-19 09:00:15,360 [pool-93-thread-1] INFO  server.RaftServerConfigKeys (ConfUtils.java:logGet(43)) - raft.server.rpc.timeout.max = 5200ms (custom)
2019-09-19 09:00:15,360 [pool-93-thread-1] INFO  server.RaftServerConfigKeys (ConfUtils.java:logGet(43)) - raft.server.rpcslowness.timeout = 120s (custom)
2019-09-19 09:00:15,360 [pool-93-thread-1] INFO  server.RaftServerConfigKeys (ConfUtils.java:logGet(43)) - raft.server.sleep.deviation.threshold = 300 (default)
2019-09-19 09:00:15,360 [pool-93-thread-1] INFO  server.RaftServerConfigKeys (ConfUtils.java:logGet(43)) - raft.server.log.appender.install.snapshot.enabled = false (custom)
2019-09-19 09:00:15,360 [pool-93-thread-1] INFO  impl.RaftServerImpl (ServerState.java:<init>(105)) - 0dab3cb5-21ad-4f3e-9c90-05507adcbb62:group-3003CA1BEB96 ConfigurationManager, init=-1: [0dab3cb5-21ad-4f3e-9c90-05507adcbb62:192.168.34.5:45934], old=null, confs=<EMPTY_MAP>
2019-09-19 09:00:15,360 [pool-93-thread-1] INFO  server.RaftServerConfigKeys (ConfUtils.java:logGet(43)) - raft.server.storage.dir = [/workdir/hadoop-ozone/integration-test/target/test-dir/MiniOzoneClusterImpl-efb0e503-cad1-4dcb-a604-0867af0d3cca/datanode-6/data/ratis] (custom)
2019-09-19 09:00:15,361 [pool-93-thread-1] INFO  storage.RaftStorageDirectory (RaftStorageDirectory.java:analyzeStorage(246)) - The storage directory /workdir/hadoop-ozone/integration-test/target/test-dir/MiniOzoneClusterImpl-efb0e503-cad1-4dcb-a604-0867af0d3cca/datanode-6/data/ratis/4844bbe1-431e-4c23-b896-3003ca1beb96 does not exist. Creating ...
2019-09-19 09:00:15,374 [pool-93-thread-1] INFO  storage.RaftStorageDirectory (RaftStorageDirectory.java:tryLock(328)) - Lock on /workdir/hadoop-ozone/integration-test/target/test-dir/MiniOzoneClusterImpl-efb0e503-cad1-4dcb-a604-0867af0d3cca/datanode-6/data/ratis/4844bbe1-431e-4c23-b896-3003ca1beb96/in_use.lock acquired by nodename 12225@pr-hdds-1569-j4bt4-3030777008
2019-09-19 09:00:15,387 [pool-93-thread-1] INFO  storage.RaftStorage (RaftStorage.java:format(72)) - Storage directory /workdir/hadoop-ozone/integration-test/target/test-dir/MiniOzoneClusterImpl-efb0e503-cad1-4dcb-a604-0867af0d3cca/datanode-6/data/ratis/4844bbe1-431e-4c23-b896-3003ca1beb96 has been successfully formatted.
2019-09-19 09:00:15,387 [pool-93-thread-1] INFO  ratis.ContainerStateMachine (ContainerStateMachine.java:loadSnapshot(226)) - group-3003CA1BEB96: The snapshot info is null. Setting the last applied indexto:(t:0, i:~)
2019-09-19 09:00:15,388 [pool-93-thread-1] INFO  server.RaftServerConfigKeys (ConfUtils.java:logGet(43)) - raft.server.leader.election.timeout = 120s (custom)
2019-09-19 09:00:15,388 [pool-93-thread-1] INFO  server.RaftServerConfigKeys (ConfUtils.java:logGet(43)) - raft.server.log.use.memory = false (default)
2019-09-19 09:00:15,388 [pool-93-thread-1] INFO  server.RaftServerConfigKeys (ConfUtils.java:logGet(43)) - raft.server.log.purge.gap = 1000000 (custom)
2019-09-19 09:00:15,388 [pool-93-thread-1] INFO  server.RaftServerConfigKeys (ConfUtils.java:logGet(43)) - raft.server.log.appender.buffer.byte-limit = 33554432 (custom)
2019-09-19 09:00:15,388 [pool-93-thread-1] INFO  server.RaftServerConfigKeys (ConfUtils.java:logGet(43)) - raft.server.log.segment.size.max = 1048576 (custom)
2019-09-19 09:00:15,388 [pool-93-thread-1] INFO  server.RaftServerConfigKeys (ConfUtils.java:logGet(43)) - raft.server.log.segment.cache.num.max = 2 (custom)
2019-09-19 09:00:15,389 [pool-93-thread-1] INFO  segmented.SegmentedRaftLogWorker (SegmentedRaftLogWorker.java:<init>(172)) - new 0dab3cb5-21ad-4f3e-9c90-05507adcbb62-SegmentedRaftLogWorker:Storage Directory /workdir/hadoop-ozone/integration-test/target/test-dir/MiniOzoneClusterImpl-efb0e503-cad1-4dcb-a604-0867af0d3cca/datanode-6/data/ratis/4844bbe1-431e-4c23-b896-3003ca1beb96 for RaftStorage:Storage Directory /workdir/hadoop-ozone/integration-test/target/test-dir/MiniOzoneClusterImpl-efb0e503-cad1-4dcb-a604-0867af0d3cca/datanode-6/data/ratis/4844bbe1-431e-4c23-b896-3003ca1beb96
2019-09-19 09:00:15,389 [pool-93-thread-1] INFO  server.RaftServerConfigKeys (ConfUtils.java:logGet(43)) - raft.server.log.queue.byte-limit = 2147483647 (custom)
2019-09-19 09:00:15,389 [pool-93-thread-1] INFO  server.RaftServerConfigKeys (ConfUtils.java:logGet(43)) - raft.server.log.queue.element-limit = 1024 (custom)
2019-09-19 09:00:15,389 [pool-93-thread-1] INFO  server.RaftServerConfigKeys (ConfUtils.java:logGet(43)) - raft.server.log.segment.size.max = 1048576 (custom)
2019-09-19 09:00:15,389 [pool-93-thread-1] INFO  server.RaftServerConfigKeys (ConfUtils.java:logGet(43)) - raft.server.log.preallocated.size = 16384 (custom)
2019-09-19 09:00:15,390 [pool-93-thread-1] INFO  server.RaftServerConfigKeys (ConfUtils.java:logGet(43)) - raft.server.log.write.buffer.size = 33554432 (custom)
2019-09-19 09:00:15,390 [pool-93-thread-1] INFO  server.RaftServerConfigKeys (ConfUtils.java:logGet(43)) - raft.server.log.force.sync.num = 128 (default)
2019-09-19 09:00:15,390 [pool-93-thread-1] INFO  server.RaftServerConfigKeys (ConfUtils.java:logGet(43)) - raft.server.log.statemachine.data.sync = true (default)
2019-09-19 09:00:15,390 [pool-93-thread-1] INFO  server.RaftServerConfigKeys (ConfUtils.java:logGet(43)) - raft.server.log.statemachine.data.sync.timeout = 10s (default)
2019-09-19 09:00:15,390 [pool-93-thread-1] INFO  server.RaftServerConfigKeys (ConfUtils.java:logGet(43)) - raft.server.log.statemachine.data.sync.timeout.retry = -1 (default)
2019-09-19 09:00:15,391 [pool-93-thread-1] INFO  server.RaftServerConfigKeys (ConfUtils.java:logGet(43)) - raft.server.log.statemachine.data.caching.enabled = true (custom)
2019-09-19 09:00:15,391 [pool-93-thread-1] INFO  segmented.SegmentedRaftLogWorker (SegmentedRaftLogWorker.java:lambda$new$0(132)) - 0dab3cb5-21ad-4f3e-9c90-05507adcbb62-SegmentedRaftLogWorker:Storage Directory /workdir/hadoop-ozone/integration-test/target/test-dir/MiniOzoneClusterImpl-efb0e503-cad1-4dcb-a604-0867af0d3cca/datanode-6/data/ratis/4844bbe1-431e-4c23-b896-3003ca1beb96: flushIndex: setUnconditionally 0 -> -1
2019-09-19 09:00:15,391 [pool-93-thread-1] INFO  server.RaftServerConfigKeys (ConfUtils.java:logGet(43)) - raft.server.snapshot.auto.trigger.enabled = true (custom)
2019-09-19 09:00:15,391 [pool-93-thread-1] INFO  server.RaftServerConfigKeys (ConfUtils.java:logGet(43)) - raft.server.snapshot.auto.trigger.threshold = 10000 (custom)
2019-09-19 09:00:15,392 [pool-93-thread-1] INFO  server.RaftServerConfigKeys (ConfUtils.java:logGet(43)) - raft.server.retrycache.expirytime = 600000ms (custom)
2019-09-19 09:00:15,392 [pool-93-thread-1] INFO  impl.RaftServerImpl (RaftServerImpl.java:start(180)) - 0dab3cb5-21ad-4f3e-9c90-05507adcbb62: start group-3003CA1BEB96
2019-09-19 09:00:15,392 [pool-93-thread-1] INFO  impl.RaftServerImpl (RaftServerImpl.java:setRole(171)) - 0dab3cb5-21ad-4f3e-9c90-05507adcbb62:group-3003CA1BEB96 changes role from null to FOLLOWER at term 0 for startAsFollower
2019-09-19 09:00:15,392 [pool-93-thread-1] INFO  impl.RoleInfo (RoleInfo.java:updateAndGet(143)) - 0dab3cb5-21ad-4f3e-9c90-05507adcbb62: start FollowerState
2019-09-19 09:00:15,393 [pool-93-thread-1] INFO  util.JmxRegister (JmxRegister.java:tryRegister(44)) - Successfully registered JMX Bean with object name Ratis:service=RaftServer,group=group-3003CA1BEB96,id=0dab3cb5-21ad-4f3e-9c90-05507adcbb62
2019-09-19 09:00:15,398 [RatisPipelineUtilsThread] INFO  pipeline.PipelineStateManager (PipelineStateManager.java:addPipeline(56)) - Created pipeline Pipeline[ Id: 4844bbe1-431e-4c23-b896-3003ca1beb96, Nodes: 0dab3cb5-21ad-4f3e-9c90-05507adcbb62{ip: 192.168.34.5, host: pr-hdds-1569-j4bt4-3030777008, networkLocation: /default-rack, certSerialId: null}, Type:RATIS, Factor:ONE, State:OPEN]
2019-09-19 09:00:15,400 [RatisPipelineUtilsThread] ERROR pipeline.PipelinePlacementPolicy (PipelinePlacementPolicy.java:meetCriteria(91)) - Pipeline Placement: Doesn't meet the criteria to be viable node. Heaviness: 6
2019-09-19 09:00:15,400 [RatisPipelineUtilsThread] ERROR pipeline.PipelinePlacementPolicy (PipelinePlacementPolicy.java:meetCriteria(91)) - Pipeline Placement: Doesn't meet the criteria to be viable node. Heaviness: 6
2019-09-19 09:00:15,401 [RatisPipelineUtilsThread] ERROR pipeline.PipelinePlacementPolicy (PipelinePlacementPolicy.java:meetCriteria(91)) - Pipeline Placement: Doesn't meet the criteria to be viable node. Heaviness: 6
2019-09-19 09:00:15,415 [pool-38-thread-1] INFO  impl.RaftServerImpl (RaftServerImpl.java:<init>(93)) - 2b82d6a8-341a-4a13-8451-80c547e9561a: new RaftServerImpl for group-D62CFAFF5BF9:[2b82d6a8-341a-4a13-8451-80c547e9561a:192.168.34.5:34627] with ContainerStateMachine:uninitialized
2019-09-19 09:00:15,415 [pool-38-thread-1] INFO  server.RaftServerConfigKeys (ConfUtils.java:logGet(43)) - raft.server.rpc.timeout.min = 5s (custom)
2019-09-19 09:00:15,416 [pool-38-thread-1] INFO  server.RaftServerConfigKeys (ConfUtils.java:logGet(43)) - raft.server.rpc.timeout.max = 5200ms (custom)
2019-09-19 09:00:15,416 [pool-38-thread-1] INFO  server.RaftServerConfigKeys (ConfUtils.java:logGet(43)) - raft.server.rpcslowness.timeout = 120s (custom)
2019-09-19 09:00:15,416 [pool-38-thread-1] INFO  server.RaftServerConfigKeys (ConfUtils.java:logGet(43)) - raft.server.sleep.deviation.threshold = 300 (default)
2019-09-19 09:00:15,416 [pool-38-thread-1] INFO  server.RaftServerConfigKeys (ConfUtils.java:logGet(43)) - raft.server.log.appender.install.snapshot.enabled = false (custom)
2019-09-19 09:00:15,416 [pool-38-thread-1] INFO  impl.RaftServerImpl (ServerState.java:<init>(105)) - 2b82d6a8-341a-4a13-8451-80c547e9561a:group-D62CFAFF5BF9 ConfigurationManager, init=-1: [2b82d6a8-341a-4a13-8451-80c547e9561a:192.168.34.5:34627], old=null, confs=<EMPTY_MAP>
2019-09-19 09:00:15,417 [pool-38-thread-1] INFO  server.RaftServerConfigKeys (ConfUtils.java:logGet(43)) - raft.server.storage.dir = [/workdir/hadoop-ozone/integration-test/target/test-dir/MiniOzoneClusterImpl-efb0e503-cad1-4dcb-a604-0867af0d3cca/datanode-1/data/ratis] (custom)
2019-09-19 09:00:15,417 [pool-38-thread-1] INFO  storage.RaftStorageDirectory (RaftStorageDirectory.java:analyzeStorage(246)) - The storage directory /workdir/hadoop-ozone/integration-test/target/test-dir/MiniOzoneClusterImpl-efb0e503-cad1-4dcb-a604-0867af0d3cca/datanode-1/data/ratis/2a920880-21b2-4820-9ea2-d62cfaff5bf9 does not exist. Creating ...
2019-09-19 09:00:15,418 [grpc-default-executor-0] INFO  impl.RaftServerProxy (RaftServerProxy.java:addNew(89)) - 2b82d6a8-341a-4a13-8451-80c547e9561a: addNew group-D62CFAFF5BF9:[2b82d6a8-341a-4a13-8451-80c547e9561a:192.168.34.5:34627] returns group-D62CFAFF5BF9:java.util.concurrent.CompletableFuture@18e8d060[Not completed]
2019-09-19 09:00:15,432 [pool-38-thread-1] INFO  storage.RaftStorageDirectory (RaftStorageDirectory.java:tryLock(328)) - Lock on /workdir/hadoop-ozone/integration-test/target/test-dir/MiniOzoneClusterImpl-efb0e503-cad1-4dcb-a604-0867af0d3cca/datanode-1/data/ratis/2a920880-21b2-4820-9ea2-d62cfaff5bf9/in_use.lock acquired by nodename 12225@pr-hdds-1569-j4bt4-3030777008
2019-09-19 09:00:15,433 | INFO  | SCMAudit | user=jenkins1000 | ip=192.168.34.5 | op=SEND_HEARTBEAT {datanodeUUID=2b82d6a8-341a-4a13-8451-80c547e9561a, command=[]} | ret=SUCCESS |  
2019-09-19 09:00:15,445 [pool-38-thread-1] INFO  storage.RaftStorage (RaftStorage.java:format(72)) - Storage directory /workdir/hadoop-ozone/integration-test/target/test-dir/MiniOzoneClusterImpl-efb0e503-cad1-4dcb-a604-0867af0d3cca/datanode-1/data/ratis/2a920880-21b2-4820-9ea2-d62cfaff5bf9 has been successfully formatted.
2019-09-19 09:00:15,446 [pool-38-thread-1] INFO  ratis.ContainerStateMachine (ContainerStateMachine.java:loadSnapshot(226)) - group-D62CFAFF5BF9: The snapshot info is null. Setting the last applied indexto:(t:0, i:~)
2019-09-19 09:00:15,446 [pool-38-thread-1] INFO  server.RaftServerConfigKeys (ConfUtils.java:logGet(43)) - raft.server.leader.election.timeout = 120s (custom)
2019-09-19 09:00:15,446 [pool-38-thread-1] INFO  server.RaftServerConfigKeys (ConfUtils.java:logGet(43)) - raft.server.log.use.memory = false (default)
2019-09-19 09:00:15,446 [pool-38-thread-1] INFO  server.RaftServerConfigKeys (ConfUtils.java:logGet(43)) - raft.server.log.purge.gap = 1000000 (custom)
2019-09-19 09:00:15,446 [pool-38-thread-1] INFO  server.RaftServerConfigKeys (ConfUtils.java:logGet(43)) - raft.server.log.appender.buffer.byte-limit = 33554432 (custom)
2019-09-19 09:00:15,447 [pool-38-thread-1] INFO  server.RaftServerConfigKeys (ConfUtils.java:logGet(43)) - raft.server.log.segment.size.max = 1048576 (custom)
2019-09-19 09:00:15,447 [pool-38-thread-1] INFO  server.RaftServerConfigKeys (ConfUtils.java:logGet(43)) - raft.server.log.segment.cache.num.max = 2 (custom)
2019-09-19 09:00:15,447 [pool-38-thread-1] INFO  segmented.SegmentedRaftLogWorker (SegmentedRaftLogWorker.java:<init>(172)) - new 2b82d6a8-341a-4a13-8451-80c547e9561a-SegmentedRaftLogWorker:Storage Directory /workdir/hadoop-ozone/integration-test/target/test-dir/MiniOzoneClusterImpl-efb0e503-cad1-4dcb-a604-0867af0d3cca/datanode-1/data/ratis/2a920880-21b2-4820-9ea2-d62cfaff5bf9 for RaftStorage:Storage Directory /workdir/hadoop-ozone/integration-test/target/test-dir/MiniOzoneClusterImpl-efb0e503-cad1-4dcb-a604-0867af0d3cca/datanode-1/data/ratis/2a920880-21b2-4820-9ea2-d62cfaff5bf9
2019-09-19 09:00:15,447 [pool-38-thread-1] INFO  server.RaftServerConfigKeys (ConfUtils.java:logGet(43)) - raft.server.log.queue.byte-limit = 2147483647 (custom)
2019-09-19 09:00:15,447 [pool-38-thread-1] INFO  server.RaftServerConfigKeys (ConfUtils.java:logGet(43)) - raft.server.log.queue.element-limit = 1024 (custom)
2019-09-19 09:00:15,447 [pool-38-thread-1] INFO  server.RaftServerConfigKeys (ConfUtils.java:logGet(43)) - raft.server.log.segment.size.max = 1048576 (custom)
2019-09-19 09:00:15,447 [pool-38-thread-1] INFO  server.RaftServerConfigKeys (ConfUtils.java:logGet(43)) - raft.server.log.preallocated.size = 16384 (custom)
2019-09-19 09:00:15,447 [pool-38-thread-1] INFO  server.RaftServerConfigKeys (ConfUtils.java:logGet(43)) - raft.server.log.write.buffer.size = 33554432 (custom)
2019-09-19 09:00:15,448 [pool-38-thread-1] INFO  server.RaftServerConfigKeys (ConfUtils.java:logGet(43)) - raft.server.log.force.sync.num = 128 (default)
2019-09-19 09:00:15,448 [pool-38-thread-1] INFO  server.RaftServerConfigKeys (ConfUtils.java:logGet(43)) - raft.server.log.statemachine.data.sync = true (default)
2019-09-19 09:00:15,448 [pool-38-thread-1] INFO  server.RaftServerConfigKeys (ConfUtils.java:logGet(43)) - raft.server.log.statemachine.data.sync.timeout = 10s (default)
2019-09-19 09:00:15,448 [pool-38-thread-1] INFO  server.RaftServerConfigKeys (ConfUtils.java:logGet(43)) - raft.server.log.statemachine.data.sync.timeout.retry = -1 (default)
2019-09-19 09:00:15,448 [pool-38-thread-1] INFO  server.RaftServerConfigKeys (ConfUtils.java:logGet(43)) - raft.server.log.statemachine.data.caching.enabled = true (custom)
2019-09-19 09:00:15,449 [pool-38-thread-1] INFO  segmented.SegmentedRaftLogWorker (SegmentedRaftLogWorker.java:lambda$new$0(132)) - 2b82d6a8-341a-4a13-8451-80c547e9561a-SegmentedRaftLogWorker:Storage Directory /workdir/hadoop-ozone/integration-test/target/test-dir/MiniOzoneClusterImpl-efb0e503-cad1-4dcb-a604-0867af0d3cca/datanode-1/data/ratis/2a920880-21b2-4820-9ea2-d62cfaff5bf9: flushIndex: setUnconditionally 0 -> -1
2019-09-19 09:00:15,449 [pool-38-thread-1] INFO  server.RaftServerConfigKeys (ConfUtils.java:logGet(43)) - raft.server.snapshot.auto.trigger.enabled = true (custom)
2019-09-19 09:00:15,449 [pool-38-thread-1] INFO  server.RaftServerConfigKeys (ConfUtils.java:logGet(43)) - raft.server.snapshot.auto.trigger.threshold = 10000 (custom)
2019-09-19 09:00:15,449 [pool-38-thread-1] INFO  server.RaftServerConfigKeys (ConfUtils.java:logGet(43)) - raft.server.retrycache.expirytime = 600000ms (custom)
2019-09-19 09:00:15,450 [pool-38-thread-1] INFO  impl.RaftServerImpl (RaftServerImpl.java:start(180)) - 2b82d6a8-341a-4a13-8451-80c547e9561a: start group-D62CFAFF5BF9
2019-09-19 09:00:15,450 [pool-38-thread-1] INFO  impl.RaftServerImpl (RaftServerImpl.java:setRole(171)) - 2b82d6a8-341a-4a13-8451-80c547e9561a:group-D62CFAFF5BF9 changes role from null to FOLLOWER at term 0 for startAsFollower
2019-09-19 09:00:15,450 [pool-38-thread-1] INFO  impl.RoleInfo (RoleInfo.java:updateAndGet(143)) - 2b82d6a8-341a-4a13-8451-80c547e9561a: start FollowerState
2019-09-19 09:00:15,450 [pool-38-thread-1] INFO  util.JmxRegister (JmxRegister.java:tryRegister(44)) - Successfully registered JMX Bean with object name Ratis:service=RaftServer,group=group-D62CFAFF5BF9,id=2b82d6a8-341a-4a13-8451-80c547e9561a
2019-09-19 09:00:15,458 [RatisPipelineUtilsThread] INFO  pipeline.PipelineStateManager (PipelineStateManager.java:addPipeline(56)) - Created pipeline Pipeline[ Id: 2a920880-21b2-4820-9ea2-d62cfaff5bf9, Nodes: 2b82d6a8-341a-4a13-8451-80c547e9561a{ip: 192.168.34.5, host: pr-hdds-1569-j4bt4-3030777008, networkLocation: /default-rack, certSerialId: null}, Type:RATIS, Factor:ONE, State:OPEN]
2019-09-19 09:00:15,460 [RatisPipelineUtilsThread] ERROR pipeline.PipelinePlacementPolicy (PipelinePlacementPolicy.java:meetCriteria(91)) - Pipeline Placement: Doesn't meet the criteria to be viable node. Heaviness: 6
2019-09-19 09:00:15,461 [RatisPipelineUtilsThread] ERROR pipeline.PipelinePlacementPolicy (PipelinePlacementPolicy.java:meetCriteria(91)) - Pipeline Placement: Doesn't meet the criteria to be viable node. Heaviness: 6
2019-09-19 09:00:15,461 [RatisPipelineUtilsThread] ERROR pipeline.PipelinePlacementPolicy (PipelinePlacementPolicy.java:meetCriteria(91)) - Pipeline Placement: Doesn't meet the criteria to be viable node. Heaviness: 6
2019-09-19 09:00:15,469 [grpc-default-executor-0] INFO  impl.RaftServerProxy (RaftServerProxy.java:addNew(89)) - 5794d84d-2349-4704-a7d7-6735dfcfc341: addNew group-7A30AB7CA3EB:[5794d84d-2349-4704-a7d7-6735dfcfc341:192.168.34.5:35329] returns group-7A30AB7CA3EB:java.util.concurrent.CompletableFuture@5b437d10[Not completed]
2019-09-19 09:00:15,472 [pool-82-thread-1] INFO  impl.RaftServerImpl (RaftServerImpl.java:<init>(93)) - 5794d84d-2349-4704-a7d7-6735dfcfc341: new RaftServerImpl for group-7A30AB7CA3EB:[5794d84d-2349-4704-a7d7-6735dfcfc341:192.168.34.5:35329] with ContainerStateMachine:uninitialized
2019-09-19 09:00:15,472 [pool-82-thread-1] INFO  server.RaftServerConfigKeys (ConfUtils.java:logGet(43)) - raft.server.rpc.timeout.min = 5s (custom)
2019-09-19 09:00:15,472 [pool-82-thread-1] INFO  server.RaftServerConfigKeys (ConfUtils.java:logGet(43)) - raft.server.rpc.timeout.max = 5200ms (custom)
2019-09-19 09:00:15,472 [pool-82-thread-1] INFO  server.RaftServerConfigKeys (ConfUtils.java:logGet(43)) - raft.server.rpcslowness.timeout = 120s (custom)
2019-09-19 09:00:15,472 [pool-82-thread-1] INFO  server.RaftServerConfigKeys (ConfUtils.java:logGet(43)) - raft.server.sleep.deviation.threshold = 300 (default)
2019-09-19 09:00:15,473 [pool-82-thread-1] INFO  server.RaftServerConfigKeys (ConfUtils.java:logGet(43)) - raft.server.log.appender.install.snapshot.enabled = false (custom)
2019-09-19 09:00:15,473 [pool-82-thread-1] INFO  impl.RaftServerImpl (ServerState.java:<init>(105)) - 5794d84d-2349-4704-a7d7-6735dfcfc341:group-7A30AB7CA3EB ConfigurationManager, init=-1: [5794d84d-2349-4704-a7d7-6735dfcfc341:192.168.34.5:35329], old=null, confs=<EMPTY_MAP>
2019-09-19 09:00:15,473 [pool-82-thread-1] INFO  server.RaftServerConfigKeys (ConfUtils.java:logGet(43)) - raft.server.storage.dir = [/workdir/hadoop-ozone/integration-test/target/test-dir/MiniOzoneClusterImpl-efb0e503-cad1-4dcb-a604-0867af0d3cca/datanode-5/data/ratis] (custom)
2019-09-19 09:00:15,474 [pool-82-thread-1] INFO  storage.RaftStorageDirectory (RaftStorageDirectory.java:analyzeStorage(246)) - The storage directory /workdir/hadoop-ozone/integration-test/target/test-dir/MiniOzoneClusterImpl-efb0e503-cad1-4dcb-a604-0867af0d3cca/datanode-5/data/ratis/51c63c5a-9d4b-49c0-880d-7a30ab7ca3eb does not exist. Creating ...
2019-09-19 09:00:15,487 [pool-82-thread-1] INFO  storage.RaftStorageDirectory (RaftStorageDirectory.java:tryLock(328)) - Lock on /workdir/hadoop-ozone/integration-test/target/test-dir/MiniOzoneClusterImpl-efb0e503-cad1-4dcb-a604-0867af0d3cca/datanode-5/data/ratis/51c63c5a-9d4b-49c0-880d-7a30ab7ca3eb/in_use.lock acquired by nodename 12225@pr-hdds-1569-j4bt4-3030777008
2019-09-19 09:00:15,501 [pool-82-thread-1] INFO  storage.RaftStorage (RaftStorage.java:format(72)) - Storage directory /workdir/hadoop-ozone/integration-test/target/test-dir/MiniOzoneClusterImpl-efb0e503-cad1-4dcb-a604-0867af0d3cca/datanode-5/data/ratis/51c63c5a-9d4b-49c0-880d-7a30ab7ca3eb has been successfully formatted.
2019-09-19 09:00:15,502 [pool-82-thread-1] INFO  ratis.ContainerStateMachine (ContainerStateMachine.java:loadSnapshot(226)) - group-7A30AB7CA3EB: The snapshot info is null. Setting the last applied indexto:(t:0, i:~)
2019-09-19 09:00:15,502 [pool-82-thread-1] INFO  server.RaftServerConfigKeys (ConfUtils.java:logGet(43)) - raft.server.leader.election.timeout = 120s (custom)
2019-09-19 09:00:15,502 | INFO  | SCMAudit | user=jenkins1000 | ip=192.168.34.5 | op=SEND_HEARTBEAT {datanodeUUID=5794d84d-2349-4704-a7d7-6735dfcfc341, command=[]} | ret=SUCCESS |  
2019-09-19 09:00:15,502 [pool-82-thread-1] INFO  server.RaftServerConfigKeys (ConfUtils.java:logGet(43)) - raft.server.log.use.memory = false (default)
2019-09-19 09:00:15,502 [pool-82-thread-1] INFO  server.RaftServerConfigKeys (ConfUtils.java:logGet(43)) - raft.server.log.purge.gap = 1000000 (custom)
2019-09-19 09:00:15,503 [pool-82-thread-1] INFO  server.RaftServerConfigKeys (ConfUtils.java:logGet(43)) - raft.server.log.appender.buffer.byte-limit = 33554432 (custom)
2019-09-19 09:00:15,503 [pool-82-thread-1] INFO  server.RaftServerConfigKeys (ConfUtils.java:logGet(43)) - raft.server.log.segment.size.max = 1048576 (custom)
2019-09-19 09:00:15,503 [pool-82-thread-1] INFO  server.RaftServerConfigKeys (ConfUtils.java:logGet(43)) - raft.server.log.segment.cache.num.max = 2 (custom)
2019-09-19 09:00:15,503 [pool-82-thread-1] INFO  segmented.SegmentedRaftLogWorker (SegmentedRaftLogWorker.java:<init>(172)) - new 5794d84d-2349-4704-a7d7-6735dfcfc341-SegmentedRaftLogWorker:Storage Directory /workdir/hadoop-ozone/integration-test/target/test-dir/MiniOzoneClusterImpl-efb0e503-cad1-4dcb-a604-0867af0d3cca/datanode-5/data/ratis/51c63c5a-9d4b-49c0-880d-7a30ab7ca3eb for RaftStorage:Storage Directory /workdir/hadoop-ozone/integration-test/target/test-dir/MiniOzoneClusterImpl-efb0e503-cad1-4dcb-a604-0867af0d3cca/datanode-5/data/ratis/51c63c5a-9d4b-49c0-880d-7a30ab7ca3eb
2019-09-19 09:00:15,503 [pool-82-thread-1] INFO  server.RaftServerConfigKeys (ConfUtils.java:logGet(43)) - raft.server.log.queue.byte-limit = 2147483647 (custom)
2019-09-19 09:00:15,503 [pool-82-thread-1] INFO  server.RaftServerConfigKeys (ConfUtils.java:logGet(43)) - raft.server.log.queue.element-limit = 1024 (custom)
2019-09-19 09:00:15,504 [pool-82-thread-1] INFO  server.RaftServerConfigKeys (ConfUtils.java:logGet(43)) - raft.server.log.segment.size.max = 1048576 (custom)
2019-09-19 09:00:15,504 [pool-82-thread-1] INFO  server.RaftServerConfigKeys (ConfUtils.java:logGet(43)) - raft.server.log.preallocated.size = 16384 (custom)
2019-09-19 09:00:15,504 [pool-82-thread-1] INFO  server.RaftServerConfigKeys (ConfUtils.java:logGet(43)) - raft.server.log.write.buffer.size = 33554432 (custom)
2019-09-19 09:00:15,504 [pool-82-thread-1] INFO  server.RaftServerConfigKeys (ConfUtils.java:logGet(43)) - raft.server.log.force.sync.num = 128 (default)
2019-09-19 09:00:15,504 [pool-82-thread-1] INFO  server.RaftServerConfigKeys (ConfUtils.java:logGet(43)) - raft.server.log.statemachine.data.sync = true (default)
2019-09-19 09:00:15,504 [pool-82-thread-1] INFO  server.RaftServerConfigKeys (ConfUtils.java:logGet(43)) - raft.server.log.statemachine.data.sync.timeout = 10s (default)
2019-09-19 09:00:15,505 [pool-82-thread-1] INFO  server.RaftServerConfigKeys (ConfUtils.java:logGet(43)) - raft.server.log.statemachine.data.sync.timeout.retry = -1 (default)
2019-09-19 09:00:15,505 [pool-82-thread-1] INFO  server.RaftServerConfigKeys (ConfUtils.java:logGet(43)) - raft.server.log.statemachine.data.caching.enabled = true (custom)
2019-09-19 09:00:15,505 [pool-82-thread-1] INFO  segmented.SegmentedRaftLogWorker (SegmentedRaftLogWorker.java:lambda$new$0(132)) - 5794d84d-2349-4704-a7d7-6735dfcfc341-SegmentedRaftLogWorker:Storage Directory /workdir/hadoop-ozone/integration-test/target/test-dir/MiniOzoneClusterImpl-efb0e503-cad1-4dcb-a604-0867af0d3cca/datanode-5/data/ratis/51c63c5a-9d4b-49c0-880d-7a30ab7ca3eb: flushIndex: setUnconditionally 0 -> -1
2019-09-19 09:00:15,506 [pool-82-thread-1] INFO  server.RaftServerConfigKeys (ConfUtils.java:logGet(43)) - raft.server.snapshot.auto.trigger.enabled = true (custom)
2019-09-19 09:00:15,506 [pool-82-thread-1] INFO  server.RaftServerConfigKeys (ConfUtils.java:logGet(43)) - raft.server.snapshot.auto.trigger.threshold = 10000 (custom)
2019-09-19 09:00:15,506 [pool-82-thread-1] INFO  server.RaftServerConfigKeys (ConfUtils.java:logGet(43)) - raft.server.retrycache.expirytime = 600000ms (custom)
2019-09-19 09:00:15,506 [pool-82-thread-1] INFO  impl.RaftServerImpl (RaftServerImpl.java:start(180)) - 5794d84d-2349-4704-a7d7-6735dfcfc341: start group-7A30AB7CA3EB
2019-09-19 09:00:15,506 [pool-82-thread-1] INFO  impl.RaftServerImpl (RaftServerImpl.java:setRole(171)) - 5794d84d-2349-4704-a7d7-6735dfcfc341:group-7A30AB7CA3EB changes role from null to FOLLOWER at term 0 for startAsFollower
2019-09-19 09:00:15,507 [pool-82-thread-1] INFO  impl.RoleInfo (RoleInfo.java:updateAndGet(143)) - 5794d84d-2349-4704-a7d7-6735dfcfc341: start FollowerState
2019-09-19 09:00:15,507 [pool-82-thread-1] INFO  util.JmxRegister (JmxRegister.java:tryRegister(44)) - Successfully registered JMX Bean with object name Ratis:service=RaftServer,group=group-7A30AB7CA3EB,id=5794d84d-2349-4704-a7d7-6735dfcfc341
2019-09-19 09:00:15,513 [RatisPipelineUtilsThread] INFO  pipeline.PipelineStateManager (PipelineStateManager.java:addPipeline(56)) - Created pipeline Pipeline[ Id: 51c63c5a-9d4b-49c0-880d-7a30ab7ca3eb, Nodes: 5794d84d-2349-4704-a7d7-6735dfcfc341{ip: 192.168.34.5, host: pr-hdds-1569-j4bt4-3030777008, networkLocation: /default-rack, certSerialId: null}, Type:RATIS, Factor:ONE, State:OPEN]
2019-09-19 09:00:15,514 [RatisPipelineUtilsThread] ERROR pipeline.PipelinePlacementPolicy (PipelinePlacementPolicy.java:meetCriteria(91)) - Pipeline Placement: Doesn't meet the criteria to be viable node. Heaviness: 6
2019-09-19 09:00:15,515 [RatisPipelineUtilsThread] ERROR pipeline.PipelinePlacementPolicy (PipelinePlacementPolicy.java:meetCriteria(91)) - Pipeline Placement: Doesn't meet the criteria to be viable node. Heaviness: 6
2019-09-19 09:00:15,515 [RatisPipelineUtilsThread] ERROR pipeline.PipelinePlacementPolicy (PipelinePlacementPolicy.java:meetCriteria(91)) - Pipeline Placement: Doesn't meet the criteria to be viable node. Heaviness: 6
2019-09-19 09:00:15,524 [grpc-default-executor-0] INFO  impl.RaftServerProxy (RaftServerProxy.java:addNew(89)) - 21f2978a-2ca5-4a16-a721-5bddc1a70383: addNew group-809F860A7E68:[21f2978a-2ca5-4a16-a721-5bddc1a70383:192.168.34.5:38423] returns group-809F860A7E68:java.util.concurrent.CompletableFuture@1ddc603d[Not completed]
2019-09-19 09:00:15,526 [pool-71-thread-1] INFO  impl.RaftServerImpl (RaftServerImpl.java:<init>(93)) - 21f2978a-2ca5-4a16-a721-5bddc1a70383: new RaftServerImpl for group-809F860A7E68:[21f2978a-2ca5-4a16-a721-5bddc1a70383:192.168.34.5:38423] with ContainerStateMachine:uninitialized
2019-09-19 09:00:15,526 [pool-71-thread-1] INFO  server.RaftServerConfigKeys (ConfUtils.java:logGet(43)) - raft.server.rpc.timeout.min = 5s (custom)
2019-09-19 09:00:15,527 [pool-71-thread-1] INFO  server.RaftServerConfigKeys (ConfUtils.java:logGet(43)) - raft.server.rpc.timeout.max = 5200ms (custom)
2019-09-19 09:00:15,527 [pool-71-thread-1] INFO  server.RaftServerConfigKeys (ConfUtils.java:logGet(43)) - raft.server.rpcslowness.timeout = 120s (custom)
2019-09-19 09:00:15,527 [pool-71-thread-1] INFO  server.RaftServerConfigKeys (ConfUtils.java:logGet(43)) - raft.server.sleep.deviation.threshold = 300 (default)
2019-09-19 09:00:15,527 [pool-71-thread-1] INFO  server.RaftServerConfigKeys (ConfUtils.java:logGet(43)) - raft.server.log.appender.install.snapshot.enabled = false (custom)
2019-09-19 09:00:15,527 [pool-71-thread-1] INFO  impl.RaftServerImpl (ServerState.java:<init>(105)) - 21f2978a-2ca5-4a16-a721-5bddc1a70383:group-809F860A7E68 ConfigurationManager, init=-1: [21f2978a-2ca5-4a16-a721-5bddc1a70383:192.168.34.5:38423], old=null, confs=<EMPTY_MAP>
2019-09-19 09:00:15,527 [pool-71-thread-1] INFO  server.RaftServerConfigKeys (ConfUtils.java:logGet(43)) - raft.server.storage.dir = [/workdir/hadoop-ozone/integration-test/target/test-dir/MiniOzoneClusterImpl-efb0e503-cad1-4dcb-a604-0867af0d3cca/datanode-4/data/ratis] (custom)
2019-09-19 09:00:15,528 [pool-71-thread-1] INFO  storage.RaftStorageDirectory (RaftStorageDirectory.java:analyzeStorage(246)) - The storage directory /workdir/hadoop-ozone/integration-test/target/test-dir/MiniOzoneClusterImpl-efb0e503-cad1-4dcb-a604-0867af0d3cca/datanode-4/data/ratis/c8fda74e-3790-4b14-b862-809f860a7e68 does not exist. Creating ...
2019-09-19 09:00:15,540 [pool-71-thread-1] INFO  storage.RaftStorageDirectory (RaftStorageDirectory.java:tryLock(328)) - Lock on /workdir/hadoop-ozone/integration-test/target/test-dir/MiniOzoneClusterImpl-efb0e503-cad1-4dcb-a604-0867af0d3cca/datanode-4/data/ratis/c8fda74e-3790-4b14-b862-809f860a7e68/in_use.lock acquired by nodename 12225@pr-hdds-1569-j4bt4-3030777008
2019-09-19 09:00:15,553 [pool-71-thread-1] INFO  storage.RaftStorage (RaftStorage.java:format(72)) - Storage directory /workdir/hadoop-ozone/integration-test/target/test-dir/MiniOzoneClusterImpl-efb0e503-cad1-4dcb-a604-0867af0d3cca/datanode-4/data/ratis/c8fda74e-3790-4b14-b862-809f860a7e68 has been successfully formatted.
2019-09-19 09:00:15,553 [pool-71-thread-1] INFO  ratis.ContainerStateMachine (ContainerStateMachine.java:loadSnapshot(226)) - group-809F860A7E68: The snapshot info is null. Setting the last applied indexto:(t:0, i:~)
2019-09-19 09:00:15,554 [pool-71-thread-1] INFO  server.RaftServerConfigKeys (ConfUtils.java:logGet(43)) - raft.server.leader.election.timeout = 120s (custom)
2019-09-19 09:00:15,554 [pool-71-thread-1] INFO  server.RaftServerConfigKeys (ConfUtils.java:logGet(43)) - raft.server.log.use.memory = false (default)
2019-09-19 09:00:15,554 [pool-71-thread-1] INFO  server.RaftServerConfigKeys (ConfUtils.java:logGet(43)) - raft.server.log.purge.gap = 1000000 (custom)
2019-09-19 09:00:15,554 [pool-71-thread-1] INFO  server.RaftServerConfigKeys (ConfUtils.java:logGet(43)) - raft.server.log.appender.buffer.byte-limit = 33554432 (custom)
2019-09-19 09:00:15,554 [pool-71-thread-1] INFO  server.RaftServerConfigKeys (ConfUtils.java:logGet(43)) - raft.server.log.segment.size.max = 1048576 (custom)
2019-09-19 09:00:15,554 [pool-71-thread-1] INFO  server.RaftServerConfigKeys (ConfUtils.java:logGet(43)) - raft.server.log.segment.cache.num.max = 2 (custom)
2019-09-19 09:00:15,554 [pool-71-thread-1] INFO  segmented.SegmentedRaftLogWorker (SegmentedRaftLogWorker.java:<init>(172)) - new 21f2978a-2ca5-4a16-a721-5bddc1a70383-SegmentedRaftLogWorker:Storage Directory /workdir/hadoop-ozone/integration-test/target/test-dir/MiniOzoneClusterImpl-efb0e503-cad1-4dcb-a604-0867af0d3cca/datanode-4/data/ratis/c8fda74e-3790-4b14-b862-809f860a7e68 for RaftStorage:Storage Directory /workdir/hadoop-ozone/integration-test/target/test-dir/MiniOzoneClusterImpl-efb0e503-cad1-4dcb-a604-0867af0d3cca/datanode-4/data/ratis/c8fda74e-3790-4b14-b862-809f860a7e68
2019-09-19 09:00:15,555 [pool-71-thread-1] INFO  server.RaftServerConfigKeys (ConfUtils.java:logGet(43)) - raft.server.log.queue.byte-limit = 2147483647 (custom)
2019-09-19 09:00:15,555 [pool-71-thread-1] INFO  server.RaftServerConfigKeys (ConfUtils.java:logGet(43)) - raft.server.log.queue.element-limit = 1024 (custom)
2019-09-19 09:00:15,555 [pool-71-thread-1] INFO  server.RaftServerConfigKeys (ConfUtils.java:logGet(43)) - raft.server.log.segment.size.max = 1048576 (custom)
2019-09-19 09:00:15,555 [pool-71-thread-1] INFO  server.RaftServerConfigKeys (ConfUtils.java:logGet(43)) - raft.server.log.preallocated.size = 16384 (custom)
2019-09-19 09:00:15,555 [pool-71-thread-1] INFO  server.RaftServerConfigKeys (ConfUtils.java:logGet(43)) - raft.server.log.write.buffer.size = 33554432 (custom)
2019-09-19 09:00:15,555 [pool-71-thread-1] INFO  server.RaftServerConfigKeys (ConfUtils.java:logGet(43)) - raft.server.log.force.sync.num = 128 (default)
2019-09-19 09:00:15,555 [pool-71-thread-1] INFO  server.RaftServerConfigKeys (ConfUtils.java:logGet(43)) - raft.server.log.statemachine.data.sync = true (default)
2019-09-19 09:00:15,556 [pool-71-thread-1] INFO  server.RaftServerConfigKeys (ConfUtils.java:logGet(43)) - raft.server.log.statemachine.data.sync.timeout = 10s (default)
2019-09-19 09:00:15,556 [pool-71-thread-1] INFO  server.RaftServerConfigKeys (ConfUtils.java:logGet(43)) - raft.server.log.statemachine.data.sync.timeout.retry = -1 (default)
2019-09-19 09:00:15,556 [pool-71-thread-1] INFO  server.RaftServerConfigKeys (ConfUtils.java:logGet(43)) - raft.server.log.statemachine.data.caching.enabled = true (custom)
2019-09-19 09:00:15,556 [pool-71-thread-1] INFO  segmented.SegmentedRaftLogWorker (SegmentedRaftLogWorker.java:lambda$new$0(132)) - 21f2978a-2ca5-4a16-a721-5bddc1a70383-SegmentedRaftLogWorker:Storage Directory /workdir/hadoop-ozone/integration-test/target/test-dir/MiniOzoneClusterImpl-efb0e503-cad1-4dcb-a604-0867af0d3cca/datanode-4/data/ratis/c8fda74e-3790-4b14-b862-809f860a7e68: flushIndex: setUnconditionally 0 -> -1
2019-09-19 09:00:15,556 [pool-71-thread-1] INFO  server.RaftServerConfigKeys (ConfUtils.java:logGet(43)) - raft.server.snapshot.auto.trigger.enabled = true (custom)
2019-09-19 09:00:15,557 [pool-71-thread-1] INFO  server.RaftServerConfigKeys (ConfUtils.java:logGet(43)) - raft.server.snapshot.auto.trigger.threshold = 10000 (custom)
2019-09-19 09:00:15,557 [pool-71-thread-1] INFO  server.RaftServerConfigKeys (ConfUtils.java:logGet(43)) - raft.server.retrycache.expirytime = 600000ms (custom)
2019-09-19 09:00:15,557 [pool-71-thread-1] INFO  impl.RaftServerImpl (RaftServerImpl.java:start(180)) - 21f2978a-2ca5-4a16-a721-5bddc1a70383: start group-809F860A7E68
2019-09-19 09:00:15,557 [pool-71-thread-1] INFO  impl.RaftServerImpl (RaftServerImpl.java:setRole(171)) - 21f2978a-2ca5-4a16-a721-5bddc1a70383:group-809F860A7E68 changes role from null to FOLLOWER at term 0 for startAsFollower
2019-09-19 09:00:15,557 [pool-71-thread-1] INFO  impl.RoleInfo (RoleInfo.java:updateAndGet(143)) - 21f2978a-2ca5-4a16-a721-5bddc1a70383: start FollowerState
2019-09-19 09:00:15,558 [pool-71-thread-1] INFO  util.JmxRegister (JmxRegister.java:tryRegister(44)) - Successfully registered JMX Bean with object name Ratis:service=RaftServer,group=group-809F860A7E68,id=21f2978a-2ca5-4a16-a721-5bddc1a70383
2019-09-19 09:00:15,563 [RatisPipelineUtilsThread] INFO  pipeline.PipelineStateManager (PipelineStateManager.java:addPipeline(56)) - Created pipeline Pipeline[ Id: c8fda74e-3790-4b14-b862-809f860a7e68, Nodes: 21f2978a-2ca5-4a16-a721-5bddc1a70383{ip: 192.168.34.5, host: pr-hdds-1569-j4bt4-3030777008, networkLocation: /default-rack, certSerialId: null}, Type:RATIS, Factor:ONE, State:OPEN]
2019-09-19 09:00:15,564 [RatisPipelineUtilsThread] ERROR pipeline.PipelinePlacementPolicy (PipelinePlacementPolicy.java:meetCriteria(91)) - Pipeline Placement: Doesn't meet the criteria to be viable node. Heaviness: 6
2019-09-19 09:00:15,565 [RatisPipelineUtilsThread] ERROR pipeline.PipelinePlacementPolicy (PipelinePlacementPolicy.java:meetCriteria(91)) - Pipeline Placement: Doesn't meet the criteria to be viable node. Heaviness: 6
2019-09-19 09:00:15,565 [RatisPipelineUtilsThread] ERROR pipeline.PipelinePlacementPolicy (PipelinePlacementPolicy.java:meetCriteria(91)) - Pipeline Placement: Doesn't meet the criteria to be viable node. Heaviness: 6
2019-09-19 09:00:15,575 [grpc-default-executor-0] INFO  impl.RaftServerProxy (RaftServerProxy.java:addNew(89)) - 21f2978a-2ca5-4a16-a721-5bddc1a70383: addNew group-CFE8E63002C9:[21f2978a-2ca5-4a16-a721-5bddc1a70383:192.168.34.5:38423] returns group-CFE8E63002C9:java.util.concurrent.CompletableFuture@327e60fb[Not completed]
2019-09-19 09:00:15,576 [pool-71-thread-1] INFO  impl.RaftServerImpl (RaftServerImpl.java:<init>(93)) - 21f2978a-2ca5-4a16-a721-5bddc1a70383: new RaftServerImpl for group-CFE8E63002C9:[21f2978a-2ca5-4a16-a721-5bddc1a70383:192.168.34.5:38423] with ContainerStateMachine:uninitialized
2019-09-19 09:00:15,577 [pool-71-thread-1] INFO  server.RaftServerConfigKeys (ConfUtils.java:logGet(43)) - raft.server.rpc.timeout.min = 5s (custom)
2019-09-19 09:00:15,577 [pool-71-thread-1] INFO  server.RaftServerConfigKeys (ConfUtils.java:logGet(43)) - raft.server.rpc.timeout.max = 5200ms (custom)
2019-09-19 09:00:15,577 [pool-71-thread-1] INFO  server.RaftServerConfigKeys (ConfUtils.java:logGet(43)) - raft.server.rpcslowness.timeout = 120s (custom)
2019-09-19 09:00:15,577 [pool-71-thread-1] INFO  server.RaftServerConfigKeys (ConfUtils.java:logGet(43)) - raft.server.sleep.deviation.threshold = 300 (default)
2019-09-19 09:00:15,577 [pool-71-thread-1] INFO  server.RaftServerConfigKeys (ConfUtils.java:logGet(43)) - raft.server.log.appender.install.snapshot.enabled = false (custom)
2019-09-19 09:00:15,577 [pool-71-thread-1] INFO  impl.RaftServerImpl (ServerState.java:<init>(105)) - 21f2978a-2ca5-4a16-a721-5bddc1a70383:group-CFE8E63002C9 ConfigurationManager, init=-1: [21f2978a-2ca5-4a16-a721-5bddc1a70383:192.168.34.5:38423], old=null, confs=<EMPTY_MAP>
2019-09-19 09:00:15,577 [pool-71-thread-1] INFO  server.RaftServerConfigKeys (ConfUtils.java:logGet(43)) - raft.server.storage.dir = [/workdir/hadoop-ozone/integration-test/target/test-dir/MiniOzoneClusterImpl-efb0e503-cad1-4dcb-a604-0867af0d3cca/datanode-4/data/ratis] (custom)
2019-09-19 09:00:15,578 [pool-71-thread-1] INFO  storage.RaftStorageDirectory (RaftStorageDirectory.java:analyzeStorage(246)) - The storage directory /workdir/hadoop-ozone/integration-test/target/test-dir/MiniOzoneClusterImpl-efb0e503-cad1-4dcb-a604-0867af0d3cca/datanode-4/data/ratis/d2a563b9-84c2-4fde-838d-cfe8e63002c9 does not exist. Creating ...
2019-09-19 09:00:15,591 [pool-71-thread-1] INFO  storage.RaftStorageDirectory (RaftStorageDirectory.java:tryLock(328)) - Lock on /workdir/hadoop-ozone/integration-test/target/test-dir/MiniOzoneClusterImpl-efb0e503-cad1-4dcb-a604-0867af0d3cca/datanode-4/data/ratis/d2a563b9-84c2-4fde-838d-cfe8e63002c9/in_use.lock acquired by nodename 12225@pr-hdds-1569-j4bt4-3030777008
2019-09-19 09:00:15,604 [pool-71-thread-1] INFO  storage.RaftStorage (RaftStorage.java:format(72)) - Storage directory /workdir/hadoop-ozone/integration-test/target/test-dir/MiniOzoneClusterImpl-efb0e503-cad1-4dcb-a604-0867af0d3cca/datanode-4/data/ratis/d2a563b9-84c2-4fde-838d-cfe8e63002c9 has been successfully formatted.
2019-09-19 09:00:15,604 [pool-71-thread-1] INFO  ratis.ContainerStateMachine (ContainerStateMachine.java:loadSnapshot(226)) - group-CFE8E63002C9: The snapshot info is null. Setting the last applied indexto:(t:0, i:~)
2019-09-19 09:00:15,604 [pool-71-thread-1] INFO  server.RaftServerConfigKeys (ConfUtils.java:logGet(43)) - raft.server.leader.election.timeout = 120s (custom)
2019-09-19 09:00:15,604 [pool-71-thread-1] INFO  server.RaftServerConfigKeys (ConfUtils.java:logGet(43)) - raft.server.log.use.memory = false (default)
2019-09-19 09:00:15,604 [pool-71-thread-1] INFO  server.RaftServerConfigKeys (ConfUtils.java:logGet(43)) - raft.server.log.purge.gap = 1000000 (custom)
2019-09-19 09:00:15,605 [pool-71-thread-1] INFO  server.RaftServerConfigKeys (ConfUtils.java:logGet(43)) - raft.server.log.appender.buffer.byte-limit = 33554432 (custom)
2019-09-19 09:00:15,605 [pool-71-thread-1] INFO  server.RaftServerConfigKeys (ConfUtils.java:logGet(43)) - raft.server.log.segment.size.max = 1048576 (custom)
2019-09-19 09:00:15,605 [pool-71-thread-1] INFO  server.RaftServerConfigKeys (ConfUtils.java:logGet(43)) - raft.server.log.segment.cache.num.max = 2 (custom)
2019-09-19 09:00:15,605 [pool-71-thread-1] INFO  segmented.SegmentedRaftLogWorker (SegmentedRaftLogWorker.java:<init>(172)) - new 21f2978a-2ca5-4a16-a721-5bddc1a70383-SegmentedRaftLogWorker:Storage Directory /workdir/hadoop-ozone/integration-test/target/test-dir/MiniOzoneClusterImpl-efb0e503-cad1-4dcb-a604-0867af0d3cca/datanode-4/data/ratis/d2a563b9-84c2-4fde-838d-cfe8e63002c9 for RaftStorage:Storage Directory /workdir/hadoop-ozone/integration-test/target/test-dir/MiniOzoneClusterImpl-efb0e503-cad1-4dcb-a604-0867af0d3cca/datanode-4/data/ratis/d2a563b9-84c2-4fde-838d-cfe8e63002c9
2019-09-19 09:00:15,605 [pool-71-thread-1] INFO  server.RaftServerConfigKeys (ConfUtils.java:logGet(43)) - raft.server.log.queue.byte-limit = 2147483647 (custom)
2019-09-19 09:00:15,605 [pool-71-thread-1] INFO  server.RaftServerConfigKeys (ConfUtils.java:logGet(43)) - raft.server.log.queue.element-limit = 1024 (custom)
2019-09-19 09:00:15,606 [pool-71-thread-1] INFO  server.RaftServerConfigKeys (ConfUtils.java:logGet(43)) - raft.server.log.segment.size.max = 1048576 (custom)
2019-09-19 09:00:15,606 [pool-71-thread-1] INFO  server.RaftServerConfigKeys (ConfUtils.java:logGet(43)) - raft.server.log.preallocated.size = 16384 (custom)
2019-09-19 09:00:15,606 [pool-71-thread-1] INFO  server.RaftServerConfigKeys (ConfUtils.java:logGet(43)) - raft.server.log.write.buffer.size = 33554432 (custom)
2019-09-19 09:00:15,606 [pool-71-thread-1] INFO  server.RaftServerConfigKeys (ConfUtils.java:logGet(43)) - raft.server.log.force.sync.num = 128 (default)
2019-09-19 09:00:15,606 [pool-71-thread-1] INFO  server.RaftServerConfigKeys (ConfUtils.java:logGet(43)) - raft.server.log.statemachine.data.sync = true (default)
2019-09-19 09:00:15,606 [pool-71-thread-1] INFO  server.RaftServerConfigKeys (ConfUtils.java:logGet(43)) - raft.server.log.statemachine.data.sync.timeout = 10s (default)
2019-09-19 09:00:15,607 [pool-71-thread-1] INFO  server.RaftServerConfigKeys (ConfUtils.java:logGet(43)) - raft.server.log.statemachine.data.sync.timeout.retry = -1 (default)
2019-09-19 09:00:15,607 [pool-71-thread-1] INFO  server.RaftServerConfigKeys (ConfUtils.java:logGet(43)) - raft.server.log.statemachine.data.caching.enabled = true (custom)
2019-09-19 09:00:15,607 [pool-71-thread-1] INFO  segmented.SegmentedRaftLogWorker (SegmentedRaftLogWorker.java:lambda$new$0(132)) - 21f2978a-2ca5-4a16-a721-5bddc1a70383-SegmentedRaftLogWorker:Storage Directory /workdir/hadoop-ozone/integration-test/target/test-dir/MiniOzoneClusterImpl-efb0e503-cad1-4dcb-a604-0867af0d3cca/datanode-4/data/ratis/d2a563b9-84c2-4fde-838d-cfe8e63002c9: flushIndex: setUnconditionally 0 -> -1
2019-09-19 09:00:15,608 [pool-71-thread-1] INFO  server.RaftServerConfigKeys (ConfUtils.java:logGet(43)) - raft.server.snapshot.auto.trigger.enabled = true (custom)
2019-09-19 09:00:15,608 [pool-71-thread-1] INFO  server.RaftServerConfigKeys (ConfUtils.java:logGet(43)) - raft.server.snapshot.auto.trigger.threshold = 10000 (custom)
2019-09-19 09:00:15,608 [pool-71-thread-1] INFO  server.RaftServerConfigKeys (ConfUtils.java:logGet(43)) - raft.server.retrycache.expirytime = 600000ms (custom)
2019-09-19 09:00:15,608 [pool-71-thread-1] INFO  impl.RaftServerImpl (RaftServerImpl.java:start(180)) - 21f2978a-2ca5-4a16-a721-5bddc1a70383: start group-CFE8E63002C9
2019-09-19 09:00:15,608 [pool-71-thread-1] INFO  impl.RaftServerImpl (RaftServerImpl.java:setRole(171)) - 21f2978a-2ca5-4a16-a721-5bddc1a70383:group-CFE8E63002C9 changes role from null to FOLLOWER at term 0 for startAsFollower
2019-09-19 09:00:15,609 [pool-71-thread-1] INFO  impl.RoleInfo (RoleInfo.java:updateAndGet(143)) - 21f2978a-2ca5-4a16-a721-5bddc1a70383: start FollowerState
2019-09-19 09:00:15,609 [pool-71-thread-1] INFO  util.JmxRegister (JmxRegister.java:tryRegister(44)) - Successfully registered JMX Bean with object name Ratis:service=RaftServer,group=group-CFE8E63002C9,id=21f2978a-2ca5-4a16-a721-5bddc1a70383
2019-09-19 09:00:15,614 [RatisPipelineUtilsThread] INFO  pipeline.PipelineStateManager (PipelineStateManager.java:addPipeline(56)) - Created pipeline Pipeline[ Id: d2a563b9-84c2-4fde-838d-cfe8e63002c9, Nodes: 21f2978a-2ca5-4a16-a721-5bddc1a70383{ip: 192.168.34.5, host: pr-hdds-1569-j4bt4-3030777008, networkLocation: /default-rack, certSerialId: null}, Type:RATIS, Factor:ONE, State:OPEN]
2019-09-19 09:00:15,617 [RatisPipelineUtilsThread] ERROR pipeline.PipelinePlacementPolicy (PipelinePlacementPolicy.java:meetCriteria(91)) - Pipeline Placement: Doesn't meet the criteria to be viable node. Heaviness: 6
2019-09-19 09:00:15,617 [RatisPipelineUtilsThread] ERROR pipeline.PipelinePlacementPolicy (PipelinePlacementPolicy.java:meetCriteria(91)) - Pipeline Placement: Doesn't meet the criteria to be viable node. Heaviness: 6
2019-09-19 09:00:15,617 [RatisPipelineUtilsThread] ERROR pipeline.PipelinePlacementPolicy (PipelinePlacementPolicy.java:meetCriteria(91)) - Pipeline Placement: Doesn't meet the criteria to be viable node. Heaviness: 6
2019-09-19 09:00:15,617 [RatisPipelineUtilsThread] ERROR pipeline.PipelinePlacementPolicy (PipelinePlacementPolicy.java:meetCriteria(91)) - Pipeline Placement: Doesn't meet the criteria to be viable node. Heaviness: 6
2019-09-19 09:00:15,627 [grpc-default-executor-0] INFO  impl.RaftServerProxy (RaftServerProxy.java:addNew(89)) - 5794d84d-2349-4704-a7d7-6735dfcfc341: addNew group-145AD4BEF4F6:[5794d84d-2349-4704-a7d7-6735dfcfc341:192.168.34.5:35329] returns group-145AD4BEF4F6:java.util.concurrent.CompletableFuture@41a69152[Not completed]
2019-09-19 09:00:15,630 [pool-82-thread-1] INFO  impl.RaftServerImpl (RaftServerImpl.java:<init>(93)) - 5794d84d-2349-4704-a7d7-6735dfcfc341: new RaftServerImpl for group-145AD4BEF4F6:[5794d84d-2349-4704-a7d7-6735dfcfc341:192.168.34.5:35329] with ContainerStateMachine:uninitialized
2019-09-19 09:00:15,630 [pool-82-thread-1] INFO  server.RaftServerConfigKeys (ConfUtils.java:logGet(43)) - raft.server.rpc.timeout.min = 5s (custom)
2019-09-19 09:00:15,630 [pool-82-thread-1] INFO  server.RaftServerConfigKeys (ConfUtils.java:logGet(43)) - raft.server.rpc.timeout.max = 5200ms (custom)
2019-09-19 09:00:15,630 [pool-82-thread-1] INFO  server.RaftServerConfigKeys (ConfUtils.java:logGet(43)) - raft.server.rpcslowness.timeout = 120s (custom)
2019-09-19 09:00:15,630 [pool-82-thread-1] INFO  server.RaftServerConfigKeys (ConfUtils.java:logGet(43)) - raft.server.sleep.deviation.threshold = 300 (default)
2019-09-19 09:00:15,631 [pool-82-thread-1] INFO  server.RaftServerConfigKeys (ConfUtils.java:logGet(43)) - raft.server.log.appender.install.snapshot.enabled = false (custom)
2019-09-19 09:00:15,631 [pool-82-thread-1] INFO  impl.RaftServerImpl (ServerState.java:<init>(105)) - 5794d84d-2349-4704-a7d7-6735dfcfc341:group-145AD4BEF4F6 ConfigurationManager, init=-1: [5794d84d-2349-4704-a7d7-6735dfcfc341:192.168.34.5:35329], old=null, confs=<EMPTY_MAP>
2019-09-19 09:00:15,631 [pool-82-thread-1] INFO  server.RaftServerConfigKeys (ConfUtils.java:logGet(43)) - raft.server.storage.dir = [/workdir/hadoop-ozone/integration-test/target/test-dir/MiniOzoneClusterImpl-efb0e503-cad1-4dcb-a604-0867af0d3cca/datanode-5/data/ratis] (custom)
2019-09-19 09:00:15,632 [pool-82-thread-1] INFO  storage.RaftStorageDirectory (RaftStorageDirectory.java:analyzeStorage(246)) - The storage directory /workdir/hadoop-ozone/integration-test/target/test-dir/MiniOzoneClusterImpl-efb0e503-cad1-4dcb-a604-0867af0d3cca/datanode-5/data/ratis/abe87264-7d26-4cd6-9d75-145ad4bef4f6 does not exist. Creating ...
2019-09-19 09:00:15,645 [pool-82-thread-1] INFO  storage.RaftStorageDirectory (RaftStorageDirectory.java:tryLock(328)) - Lock on /workdir/hadoop-ozone/integration-test/target/test-dir/MiniOzoneClusterImpl-efb0e503-cad1-4dcb-a604-0867af0d3cca/datanode-5/data/ratis/abe87264-7d26-4cd6-9d75-145ad4bef4f6/in_use.lock acquired by nodename 12225@pr-hdds-1569-j4bt4-3030777008
2019-09-19 09:00:15,658 [pool-82-thread-1] INFO  storage.RaftStorage (RaftStorage.java:format(72)) - Storage directory /workdir/hadoop-ozone/integration-test/target/test-dir/MiniOzoneClusterImpl-efb0e503-cad1-4dcb-a604-0867af0d3cca/datanode-5/data/ratis/abe87264-7d26-4cd6-9d75-145ad4bef4f6 has been successfully formatted.
2019-09-19 09:00:15,658 [pool-82-thread-1] INFO  ratis.ContainerStateMachine (ContainerStateMachine.java:loadSnapshot(226)) - group-145AD4BEF4F6: The snapshot info is null. Setting the last applied indexto:(t:0, i:~)
2019-09-19 09:00:15,659 [pool-82-thread-1] INFO  server.RaftServerConfigKeys (ConfUtils.java:logGet(43)) - raft.server.leader.election.timeout = 120s (custom)
2019-09-19 09:00:15,659 [pool-82-thread-1] INFO  server.RaftServerConfigKeys (ConfUtils.java:logGet(43)) - raft.server.log.use.memory = false (default)
2019-09-19 09:00:15,659 [pool-82-thread-1] INFO  server.RaftServerConfigKeys (ConfUtils.java:logGet(43)) - raft.server.log.purge.gap = 1000000 (custom)
2019-09-19 09:00:15,659 [pool-82-thread-1] INFO  server.RaftServerConfigKeys (ConfUtils.java:logGet(43)) - raft.server.log.appender.buffer.byte-limit = 33554432 (custom)
2019-09-19 09:00:15,660 [pool-82-thread-1] INFO  server.RaftServerConfigKeys (ConfUtils.java:logGet(43)) - raft.server.log.segment.size.max = 1048576 (custom)
2019-09-19 09:00:15,660 [pool-82-thread-1] INFO  server.RaftServerConfigKeys (ConfUtils.java:logGet(43)) - raft.server.log.segment.cache.num.max = 2 (custom)
2019-09-19 09:00:15,660 [pool-82-thread-1] INFO  segmented.SegmentedRaftLogWorker (SegmentedRaftLogWorker.java:<init>(172)) - new 5794d84d-2349-4704-a7d7-6735dfcfc341-SegmentedRaftLogWorker:Storage Directory /workdir/hadoop-ozone/integration-test/target/test-dir/MiniOzoneClusterImpl-efb0e503-cad1-4dcb-a604-0867af0d3cca/datanode-5/data/ratis/abe87264-7d26-4cd6-9d75-145ad4bef4f6 for RaftStorage:Storage Directory /workdir/hadoop-ozone/integration-test/target/test-dir/MiniOzoneClusterImpl-efb0e503-cad1-4dcb-a604-0867af0d3cca/datanode-5/data/ratis/abe87264-7d26-4cd6-9d75-145ad4bef4f6
2019-09-19 09:00:15,660 [pool-82-thread-1] INFO  server.RaftServerConfigKeys (ConfUtils.java:logGet(43)) - raft.server.log.queue.byte-limit = 2147483647 (custom)
2019-09-19 09:00:15,660 [pool-82-thread-1] INFO  server.RaftServerConfigKeys (ConfUtils.java:logGet(43)) - raft.server.log.queue.element-limit = 1024 (custom)
2019-09-19 09:00:15,661 [pool-82-thread-1] INFO  server.RaftServerConfigKeys (ConfUtils.java:logGet(43)) - raft.server.log.segment.size.max = 1048576 (custom)
2019-09-19 09:00:15,661 [pool-82-thread-1] INFO  server.RaftServerConfigKeys (ConfUtils.java:logGet(43)) - raft.server.log.preallocated.size = 16384 (custom)
2019-09-19 09:00:15,661 [pool-82-thread-1] INFO  server.RaftServerConfigKeys (ConfUtils.java:logGet(43)) - raft.server.log.write.buffer.size = 33554432 (custom)
2019-09-19 09:00:15,661 [pool-82-thread-1] INFO  server.RaftServerConfigKeys (ConfUtils.java:logGet(43)) - raft.server.log.force.sync.num = 128 (default)
2019-09-19 09:00:15,661 [pool-82-thread-1] INFO  server.RaftServerConfigKeys (ConfUtils.java:logGet(43)) - raft.server.log.statemachine.data.sync = true (default)
2019-09-19 09:00:15,662 [pool-82-thread-1] INFO  server.RaftServerConfigKeys (ConfUtils.java:logGet(43)) - raft.server.log.statemachine.data.sync.timeout = 10s (default)
2019-09-19 09:00:15,662 [pool-82-thread-1] INFO  server.RaftServerConfigKeys (ConfUtils.java:logGet(43)) - raft.server.log.statemachine.data.sync.timeout.retry = -1 (default)
2019-09-19 09:00:15,662 [pool-82-thread-1] INFO  server.RaftServerConfigKeys (ConfUtils.java:logGet(43)) - raft.server.log.statemachine.data.caching.enabled = true (custom)
2019-09-19 09:00:15,662 [pool-82-thread-1] INFO  segmented.SegmentedRaftLogWorker (SegmentedRaftLogWorker.java:lambda$new$0(132)) - 5794d84d-2349-4704-a7d7-6735dfcfc341-SegmentedRaftLogWorker:Storage Directory /workdir/hadoop-ozone/integration-test/target/test-dir/MiniOzoneClusterImpl-efb0e503-cad1-4dcb-a604-0867af0d3cca/datanode-5/data/ratis/abe87264-7d26-4cd6-9d75-145ad4bef4f6: flushIndex: setUnconditionally 0 -> -1
2019-09-19 09:00:15,663 [pool-82-thread-1] INFO  server.RaftServerConfigKeys (ConfUtils.java:logGet(43)) - raft.server.snapshot.auto.trigger.enabled = true (custom)
2019-09-19 09:00:15,663 [pool-82-thread-1] INFO  server.RaftServerConfigKeys (ConfUtils.java:logGet(43)) - raft.server.snapshot.auto.trigger.threshold = 10000 (custom)
2019-09-19 09:00:15,663 [pool-82-thread-1] INFO  server.RaftServerConfigKeys (ConfUtils.java:logGet(43)) - raft.server.retrycache.expirytime = 600000ms (custom)
2019-09-19 09:00:15,664 [pool-82-thread-1] INFO  impl.RaftServerImpl (RaftServerImpl.java:start(180)) - 5794d84d-2349-4704-a7d7-6735dfcfc341: start group-145AD4BEF4F6
2019-09-19 09:00:15,664 [pool-82-thread-1] INFO  impl.RaftServerImpl (RaftServerImpl.java:setRole(171)) - 5794d84d-2349-4704-a7d7-6735dfcfc341:group-145AD4BEF4F6 changes role from null to FOLLOWER at term 0 for startAsFollower
2019-09-19 09:00:15,664 [pool-82-thread-1] INFO  impl.RoleInfo (RoleInfo.java:updateAndGet(143)) - 5794d84d-2349-4704-a7d7-6735dfcfc341: start FollowerState
2019-09-19 09:00:15,665 [pool-82-thread-1] INFO  util.JmxRegister (JmxRegister.java:tryRegister(44)) - Successfully registered JMX Bean with object name Ratis:service=RaftServer,group=group-145AD4BEF4F6,id=5794d84d-2349-4704-a7d7-6735dfcfc341
2019-09-19 09:00:15,671 [RatisPipelineUtilsThread] INFO  pipeline.PipelineStateManager (PipelineStateManager.java:addPipeline(56)) - Created pipeline Pipeline[ Id: abe87264-7d26-4cd6-9d75-145ad4bef4f6, Nodes: 5794d84d-2349-4704-a7d7-6735dfcfc341{ip: 192.168.34.5, host: pr-hdds-1569-j4bt4-3030777008, networkLocation: /default-rack, certSerialId: null}, Type:RATIS, Factor:ONE, State:OPEN]
2019-09-19 09:00:15,673 [RatisPipelineUtilsThread] ERROR pipeline.PipelinePlacementPolicy (PipelinePlacementPolicy.java:meetCriteria(91)) - Pipeline Placement: Doesn't meet the criteria to be viable node. Heaviness: 6
2019-09-19 09:00:15,673 [RatisPipelineUtilsThread] ERROR pipeline.PipelinePlacementPolicy (PipelinePlacementPolicy.java:meetCriteria(91)) - Pipeline Placement: Doesn't meet the criteria to be viable node. Heaviness: 6
2019-09-19 09:00:15,673 [RatisPipelineUtilsThread] ERROR pipeline.PipelinePlacementPolicy (PipelinePlacementPolicy.java:meetCriteria(91)) - Pipeline Placement: Doesn't meet the criteria to be viable node. Heaviness: 6
2019-09-19 09:00:15,674 [RatisPipelineUtilsThread] ERROR pipeline.PipelinePlacementPolicy (PipelinePlacementPolicy.java:meetCriteria(91)) - Pipeline Placement: Doesn't meet the criteria to be viable node. Heaviness: 6
2019-09-19 09:00:15,684 [grpc-default-executor-0] INFO  impl.RaftServerProxy (RaftServerProxy.java:addNew(89)) - 2b82d6a8-341a-4a13-8451-80c547e9561a: addNew group-A8A4B2EA4BE3:[2b82d6a8-341a-4a13-8451-80c547e9561a:192.168.34.5:34627] returns group-A8A4B2EA4BE3:java.util.concurrent.CompletableFuture@5b92043c[Not completed]
2019-09-19 09:00:15,685 [pool-38-thread-1] INFO  impl.RaftServerImpl (RaftServerImpl.java:<init>(93)) - 2b82d6a8-341a-4a13-8451-80c547e9561a: new RaftServerImpl for group-A8A4B2EA4BE3:[2b82d6a8-341a-4a13-8451-80c547e9561a:192.168.34.5:34627] with ContainerStateMachine:uninitialized
2019-09-19 09:00:15,685 [pool-38-thread-1] INFO  server.RaftServerConfigKeys (ConfUtils.java:logGet(43)) - raft.server.rpc.timeout.min = 5s (custom)
2019-09-19 09:00:15,686 [pool-38-thread-1] INFO  server.RaftServerConfigKeys (ConfUtils.java:logGet(43)) - raft.server.rpc.timeout.max = 5200ms (custom)
2019-09-19 09:00:15,686 [pool-38-thread-1] INFO  server.RaftServerConfigKeys (ConfUtils.java:logGet(43)) - raft.server.rpcslowness.timeout = 120s (custom)
2019-09-19 09:00:15,686 [pool-38-thread-1] INFO  server.RaftServerConfigKeys (ConfUtils.java:logGet(43)) - raft.server.sleep.deviation.threshold = 300 (default)
2019-09-19 09:00:15,686 [pool-38-thread-1] INFO  server.RaftServerConfigKeys (ConfUtils.java:logGet(43)) - raft.server.log.appender.install.snapshot.enabled = false (custom)
2019-09-19 09:00:15,686 [pool-38-thread-1] INFO  impl.RaftServerImpl (ServerState.java:<init>(105)) - 2b82d6a8-341a-4a13-8451-80c547e9561a:group-A8A4B2EA4BE3 ConfigurationManager, init=-1: [2b82d6a8-341a-4a13-8451-80c547e9561a:192.168.34.5:34627], old=null, confs=<EMPTY_MAP>
2019-09-19 09:00:15,686 [pool-38-thread-1] INFO  server.RaftServerConfigKeys (ConfUtils.java:logGet(43)) - raft.server.storage.dir = [/workdir/hadoop-ozone/integration-test/target/test-dir/MiniOzoneClusterImpl-efb0e503-cad1-4dcb-a604-0867af0d3cca/datanode-1/data/ratis] (custom)
2019-09-19 09:00:15,687 [pool-38-thread-1] INFO  storage.RaftStorageDirectory (RaftStorageDirectory.java:analyzeStorage(246)) - The storage directory /workdir/hadoop-ozone/integration-test/target/test-dir/MiniOzoneClusterImpl-efb0e503-cad1-4dcb-a604-0867af0d3cca/datanode-1/data/ratis/f700dda8-fff8-470f-b211-a8a4b2ea4be3 does not exist. Creating ...
2019-09-19 09:00:15,694 | INFO  | SCMAudit | user=jenkins1000 | ip=192.168.34.5 | op=SEND_HEARTBEAT {datanodeUUID=0dab3cb5-21ad-4f3e-9c90-05507adcbb62, command=[]} | ret=SUCCESS |  
2019-09-19 09:00:15,700 [pool-38-thread-1] INFO  storage.RaftStorageDirectory (RaftStorageDirectory.java:tryLock(328)) - Lock on /workdir/hadoop-ozone/integration-test/target/test-dir/MiniOzoneClusterImpl-efb0e503-cad1-4dcb-a604-0867af0d3cca/datanode-1/data/ratis/f700dda8-fff8-470f-b211-a8a4b2ea4be3/in_use.lock acquired by nodename 12225@pr-hdds-1569-j4bt4-3030777008
2019-09-19 09:00:15,740 [pool-38-thread-1] INFO  storage.RaftStorage (RaftStorage.java:format(72)) - Storage directory /workdir/hadoop-ozone/integration-test/target/test-dir/MiniOzoneClusterImpl-efb0e503-cad1-4dcb-a604-0867af0d3cca/datanode-1/data/ratis/f700dda8-fff8-470f-b211-a8a4b2ea4be3 has been successfully formatted.
2019-09-19 09:00:15,740 [pool-38-thread-1] INFO  ratis.ContainerStateMachine (ContainerStateMachine.java:loadSnapshot(226)) - group-A8A4B2EA4BE3: The snapshot info is null. Setting the last applied indexto:(t:0, i:~)
2019-09-19 09:00:15,740 [pool-38-thread-1] INFO  server.RaftServerConfigKeys (ConfUtils.java:logGet(43)) - raft.server.leader.election.timeout = 120s (custom)
2019-09-19 09:00:15,740 [pool-38-thread-1] INFO  server.RaftServerConfigKeys (ConfUtils.java:logGet(43)) - raft.server.log.use.memory = false (default)
2019-09-19 09:00:15,741 [pool-38-thread-1] INFO  server.RaftServerConfigKeys (ConfUtils.java:logGet(43)) - raft.server.log.purge.gap = 1000000 (custom)
2019-09-19 09:00:15,741 [pool-38-thread-1] INFO  server.RaftServerConfigKeys (ConfUtils.java:logGet(43)) - raft.server.log.appender.buffer.byte-limit = 33554432 (custom)
2019-09-19 09:00:15,741 [pool-38-thread-1] INFO  server.RaftServerConfigKeys (ConfUtils.java:logGet(43)) - raft.server.log.segment.size.max = 1048576 (custom)
2019-09-19 09:00:15,741 [pool-38-thread-1] INFO  server.RaftServerConfigKeys (ConfUtils.java:logGet(43)) - raft.server.log.segment.cache.num.max = 2 (custom)
2019-09-19 09:00:15,741 [pool-38-thread-1] INFO  segmented.SegmentedRaftLogWorker (SegmentedRaftLogWorker.java:<init>(172)) - new 2b82d6a8-341a-4a13-8451-80c547e9561a-SegmentedRaftLogWorker:Storage Directory /workdir/hadoop-ozone/integration-test/target/test-dir/MiniOzoneClusterImpl-efb0e503-cad1-4dcb-a604-0867af0d3cca/datanode-1/data/ratis/f700dda8-fff8-470f-b211-a8a4b2ea4be3 for RaftStorage:Storage Directory /workdir/hadoop-ozone/integration-test/target/test-dir/MiniOzoneClusterImpl-efb0e503-cad1-4dcb-a604-0867af0d3cca/datanode-1/data/ratis/f700dda8-fff8-470f-b211-a8a4b2ea4be3
2019-09-19 09:00:15,742 [pool-38-thread-1] INFO  server.RaftServerConfigKeys (ConfUtils.java:logGet(43)) - raft.server.log.queue.byte-limit = 2147483647 (custom)
2019-09-19 09:00:15,742 [pool-38-thread-1] INFO  server.RaftServerConfigKeys (ConfUtils.java:logGet(43)) - raft.server.log.queue.element-limit = 1024 (custom)
2019-09-19 09:00:15,742 [pool-38-thread-1] INFO  server.RaftServerConfigKeys (ConfUtils.java:logGet(43)) - raft.server.log.segment.size.max = 1048576 (custom)
2019-09-19 09:00:15,742 [pool-38-thread-1] INFO  server.RaftServerConfigKeys (ConfUtils.java:logGet(43)) - raft.server.log.preallocated.size = 16384 (custom)
2019-09-19 09:00:15,743 [pool-38-thread-1] INFO  server.RaftServerConfigKeys (ConfUtils.java:logGet(43)) - raft.server.log.write.buffer.size = 33554432 (custom)
2019-09-19 09:00:15,743 [pool-38-thread-1] INFO  server.RaftServerConfigKeys (ConfUtils.java:logGet(43)) - raft.server.log.force.sync.num = 128 (default)
2019-09-19 09:00:15,743 [pool-38-thread-1] INFO  server.RaftServerConfigKeys (ConfUtils.java:logGet(43)) - raft.server.log.statemachine.data.sync = true (default)
2019-09-19 09:00:15,743 [pool-38-thread-1] INFO  server.RaftServerConfigKeys (ConfUtils.java:logGet(43)) - raft.server.log.statemachine.data.sync.timeout = 10s (default)
2019-09-19 09:00:15,743 [pool-38-thread-1] INFO  server.RaftServerConfigKeys (ConfUtils.java:logGet(43)) - raft.server.log.statemachine.data.sync.timeout.retry = -1 (default)
2019-09-19 09:00:15,744 [pool-38-thread-1] INFO  server.RaftServerConfigKeys (ConfUtils.java:logGet(43)) - raft.server.log.statemachine.data.caching.enabled = true (custom)
2019-09-19 09:00:15,744 [pool-38-thread-1] INFO  segmented.SegmentedRaftLogWorker (SegmentedRaftLogWorker.java:lambda$new$0(132)) - 2b82d6a8-341a-4a13-8451-80c547e9561a-SegmentedRaftLogWorker:Storage Directory /workdir/hadoop-ozone/integration-test/target/test-dir/MiniOzoneClusterImpl-efb0e503-cad1-4dcb-a604-0867af0d3cca/datanode-1/data/ratis/f700dda8-fff8-470f-b211-a8a4b2ea4be3: flushIndex: setUnconditionally 0 -> -1
2019-09-19 09:00:15,744 [pool-38-thread-1] INFO  server.RaftServerConfigKeys (ConfUtils.java:logGet(43)) - raft.server.snapshot.auto.trigger.enabled = true (custom)
2019-09-19 09:00:15,745 [pool-38-thread-1] INFO  server.RaftServerConfigKeys (ConfUtils.java:logGet(43)) - raft.server.snapshot.auto.trigger.threshold = 10000 (custom)
2019-09-19 09:00:15,745 [pool-38-thread-1] INFO  server.RaftServerConfigKeys (ConfUtils.java:logGet(43)) - raft.server.retrycache.expirytime = 600000ms (custom)
2019-09-19 09:00:15,745 [pool-38-thread-1] INFO  impl.RaftServerImpl (RaftServerImpl.java:start(180)) - 2b82d6a8-341a-4a13-8451-80c547e9561a: start group-A8A4B2EA4BE3
2019-09-19 09:00:15,745 [pool-38-thread-1] INFO  impl.RaftServerImpl (RaftServerImpl.java:setRole(171)) - 2b82d6a8-341a-4a13-8451-80c547e9561a:group-A8A4B2EA4BE3 changes role from null to FOLLOWER at term 0 for startAsFollower
2019-09-19 09:00:15,746 [pool-38-thread-1] INFO  impl.RoleInfo (RoleInfo.java:updateAndGet(143)) - 2b82d6a8-341a-4a13-8451-80c547e9561a: start FollowerState
2019-09-19 09:00:15,746 [pool-38-thread-1] INFO  util.JmxRegister (JmxRegister.java:tryRegister(44)) - Successfully registered JMX Bean with object name Ratis:service=RaftServer,group=group-A8A4B2EA4BE3,id=2b82d6a8-341a-4a13-8451-80c547e9561a
2019-09-19 09:00:15,752 [RatisPipelineUtilsThread] INFO  pipeline.PipelineStateManager (PipelineStateManager.java:addPipeline(56)) - Created pipeline Pipeline[ Id: f700dda8-fff8-470f-b211-a8a4b2ea4be3, Nodes: 2b82d6a8-341a-4a13-8451-80c547e9561a{ip: 192.168.34.5, host: pr-hdds-1569-j4bt4-3030777008, networkLocation: /default-rack, certSerialId: null}, Type:RATIS, Factor:ONE, State:OPEN]
2019-09-19 09:00:15,755 [RatisPipelineUtilsThread] ERROR pipeline.PipelinePlacementPolicy (PipelinePlacementPolicy.java:meetCriteria(91)) - Pipeline Placement: Doesn't meet the criteria to be viable node. Heaviness: 6
2019-09-19 09:00:15,755 [RatisPipelineUtilsThread] ERROR pipeline.PipelinePlacementPolicy (PipelinePlacementPolicy.java:meetCriteria(91)) - Pipeline Placement: Doesn't meet the criteria to be viable node. Heaviness: 6
2019-09-19 09:00:15,755 [RatisPipelineUtilsThread] ERROR pipeline.PipelinePlacementPolicy (PipelinePlacementPolicy.java:meetCriteria(91)) - Pipeline Placement: Doesn't meet the criteria to be viable node. Heaviness: 6
2019-09-19 09:00:15,755 [RatisPipelineUtilsThread] ERROR pipeline.PipelinePlacementPolicy (PipelinePlacementPolicy.java:meetCriteria(91)) - Pipeline Placement: Doesn't meet the criteria to be viable node. Heaviness: 6
2019-09-19 09:00:15,766 [grpc-default-executor-0] INFO  impl.RaftServerProxy (RaftServerProxy.java:addNew(89)) - 5794d84d-2349-4704-a7d7-6735dfcfc341: addNew group-33BF8A35A0AC:[5794d84d-2349-4704-a7d7-6735dfcfc341:192.168.34.5:35329] returns group-33BF8A35A0AC:java.util.concurrent.CompletableFuture@3f474da2[Not completed]
2019-09-19 09:00:15,768 [pool-82-thread-1] INFO  impl.RaftServerImpl (RaftServerImpl.java:<init>(93)) - 5794d84d-2349-4704-a7d7-6735dfcfc341: new RaftServerImpl for group-33BF8A35A0AC:[5794d84d-2349-4704-a7d7-6735dfcfc341:192.168.34.5:35329] with ContainerStateMachine:uninitialized
2019-09-19 09:00:15,768 [pool-82-thread-1] INFO  server.RaftServerConfigKeys (ConfUtils.java:logGet(43)) - raft.server.rpc.timeout.min = 5s (custom)
2019-09-19 09:00:15,768 [pool-82-thread-1] INFO  server.RaftServerConfigKeys (ConfUtils.java:logGet(43)) - raft.server.rpc.timeout.max = 5200ms (custom)
2019-09-19 09:00:15,768 [pool-82-thread-1] INFO  server.RaftServerConfigKeys (ConfUtils.java:logGet(43)) - raft.server.rpcslowness.timeout = 120s (custom)
2019-09-19 09:00:15,769 [pool-82-thread-1] INFO  server.RaftServerConfigKeys (ConfUtils.java:logGet(43)) - raft.server.sleep.deviation.threshold = 300 (default)
2019-09-19 09:00:15,769 [pool-82-thread-1] INFO  server.RaftServerConfigKeys (ConfUtils.java:logGet(43)) - raft.server.log.appender.install.snapshot.enabled = false (custom)
2019-09-19 09:00:15,769 [pool-82-thread-1] INFO  impl.RaftServerImpl (ServerState.java:<init>(105)) - 5794d84d-2349-4704-a7d7-6735dfcfc341:group-33BF8A35A0AC ConfigurationManager, init=-1: [5794d84d-2349-4704-a7d7-6735dfcfc341:192.168.34.5:35329], old=null, confs=<EMPTY_MAP>
2019-09-19 09:00:15,769 [pool-82-thread-1] INFO  server.RaftServerConfigKeys (ConfUtils.java:logGet(43)) - raft.server.storage.dir = [/workdir/hadoop-ozone/integration-test/target/test-dir/MiniOzoneClusterImpl-efb0e503-cad1-4dcb-a604-0867af0d3cca/datanode-5/data/ratis] (custom)
2019-09-19 09:00:15,770 [pool-82-thread-1] INFO  storage.RaftStorageDirectory (RaftStorageDirectory.java:analyzeStorage(246)) - The storage directory /workdir/hadoop-ozone/integration-test/target/test-dir/MiniOzoneClusterImpl-efb0e503-cad1-4dcb-a604-0867af0d3cca/datanode-5/data/ratis/11980758-03e1-4f35-a9ba-33bf8a35a0ac does not exist. Creating ...
2019-09-19 09:00:15,783 [pool-82-thread-1] INFO  storage.RaftStorageDirectory (RaftStorageDirectory.java:tryLock(328)) - Lock on /workdir/hadoop-ozone/integration-test/target/test-dir/MiniOzoneClusterImpl-efb0e503-cad1-4dcb-a604-0867af0d3cca/datanode-5/data/ratis/11980758-03e1-4f35-a9ba-33bf8a35a0ac/in_use.lock acquired by nodename 12225@pr-hdds-1569-j4bt4-3030777008
2019-09-19 09:00:15,796 [pool-82-thread-1] INFO  storage.RaftStorage (RaftStorage.java:format(72)) - Storage directory /workdir/hadoop-ozone/integration-test/target/test-dir/MiniOzoneClusterImpl-efb0e503-cad1-4dcb-a604-0867af0d3cca/datanode-5/data/ratis/11980758-03e1-4f35-a9ba-33bf8a35a0ac has been successfully formatted.
2019-09-19 09:00:15,796 [pool-82-thread-1] INFO  ratis.ContainerStateMachine (ContainerStateMachine.java:loadSnapshot(226)) - group-33BF8A35A0AC: The snapshot info is null. Setting the last applied indexto:(t:0, i:~)
2019-09-19 09:00:15,796 [pool-82-thread-1] INFO  server.RaftServerConfigKeys (ConfUtils.java:logGet(43)) - raft.server.leader.election.timeout = 120s (custom)
2019-09-19 09:00:15,796 [pool-82-thread-1] INFO  server.RaftServerConfigKeys (ConfUtils.java:logGet(43)) - raft.server.log.use.memory = false (default)
2019-09-19 09:00:15,796 [pool-82-thread-1] INFO  server.RaftServerConfigKeys (ConfUtils.java:logGet(43)) - raft.server.log.purge.gap = 1000000 (custom)
2019-09-19 09:00:15,797 [pool-82-thread-1] INFO  server.RaftServerConfigKeys (ConfUtils.java:logGet(43)) - raft.server.log.appender.buffer.byte-limit = 33554432 (custom)
2019-09-19 09:00:15,797 [pool-82-thread-1] INFO  server.RaftServerConfigKeys (ConfUtils.java:logGet(43)) - raft.server.log.segment.size.max = 1048576 (custom)
2019-09-19 09:00:15,797 [pool-82-thread-1] INFO  server.RaftServerConfigKeys (ConfUtils.java:logGet(43)) - raft.server.log.segment.cache.num.max = 2 (custom)
2019-09-19 09:00:15,797 [pool-82-thread-1] INFO  segmented.SegmentedRaftLogWorker (SegmentedRaftLogWorker.java:<init>(172)) - new 5794d84d-2349-4704-a7d7-6735dfcfc341-SegmentedRaftLogWorker:Storage Directory /workdir/hadoop-ozone/integration-test/target/test-dir/MiniOzoneClusterImpl-efb0e503-cad1-4dcb-a604-0867af0d3cca/datanode-5/data/ratis/11980758-03e1-4f35-a9ba-33bf8a35a0ac for RaftStorage:Storage Directory /workdir/hadoop-ozone/integration-test/target/test-dir/MiniOzoneClusterImpl-efb0e503-cad1-4dcb-a604-0867af0d3cca/datanode-5/data/ratis/11980758-03e1-4f35-a9ba-33bf8a35a0ac
2019-09-19 09:00:15,797 [pool-82-thread-1] INFO  server.RaftServerConfigKeys (ConfUtils.java:logGet(43)) - raft.server.log.queue.byte-limit = 2147483647 (custom)
2019-09-19 09:00:15,797 [pool-82-thread-1] INFO  server.RaftServerConfigKeys (ConfUtils.java:logGet(43)) - raft.server.log.queue.element-limit = 1024 (custom)
2019-09-19 09:00:15,798 [pool-82-thread-1] INFO  server.RaftServerConfigKeys (ConfUtils.java:logGet(43)) - raft.server.log.segment.size.max = 1048576 (custom)
2019-09-19 09:00:15,798 [pool-82-thread-1] INFO  server.RaftServerConfigKeys (ConfUtils.java:logGet(43)) - raft.server.log.preallocated.size = 16384 (custom)
2019-09-19 09:00:15,798 [pool-82-thread-1] INFO  server.RaftServerConfigKeys (ConfUtils.java:logGet(43)) - raft.server.log.write.buffer.size = 33554432 (custom)
2019-09-19 09:00:15,798 [pool-82-thread-1] INFO  server.RaftServerConfigKeys (ConfUtils.java:logGet(43)) - raft.server.log.force.sync.num = 128 (default)
2019-09-19 09:00:15,798 [pool-82-thread-1] INFO  server.RaftServerConfigKeys (ConfUtils.java:logGet(43)) - raft.server.log.statemachine.data.sync = true (default)
2019-09-19 09:00:15,799 [pool-82-thread-1] INFO  server.RaftServerConfigKeys (ConfUtils.java:logGet(43)) - raft.server.log.statemachine.data.sync.timeout = 10s (default)
2019-09-19 09:00:15,799 [pool-82-thread-1] INFO  server.RaftServerConfigKeys (ConfUtils.java:logGet(43)) - raft.server.log.statemachine.data.sync.timeout.retry = -1 (default)
2019-09-19 09:00:15,799 [pool-82-thread-1] INFO  server.RaftServerConfigKeys (ConfUtils.java:logGet(43)) - raft.server.log.statemachine.data.caching.enabled = true (custom)
2019-09-19 09:00:15,799 [pool-82-thread-1] INFO  segmented.SegmentedRaftLogWorker (SegmentedRaftLogWorker.java:lambda$new$0(132)) - 5794d84d-2349-4704-a7d7-6735dfcfc341-SegmentedRaftLogWorker:Storage Directory /workdir/hadoop-ozone/integration-test/target/test-dir/MiniOzoneClusterImpl-efb0e503-cad1-4dcb-a604-0867af0d3cca/datanode-5/data/ratis/11980758-03e1-4f35-a9ba-33bf8a35a0ac: flushIndex: setUnconditionally 0 -> -1
2019-09-19 09:00:15,800 [pool-82-thread-1] INFO  server.RaftServerConfigKeys (ConfUtils.java:logGet(43)) - raft.server.snapshot.auto.trigger.enabled = true (custom)
2019-09-19 09:00:15,800 [pool-82-thread-1] INFO  server.RaftServerConfigKeys (ConfUtils.java:logGet(43)) - raft.server.snapshot.auto.trigger.threshold = 10000 (custom)
2019-09-19 09:00:15,800 [pool-82-thread-1] INFO  server.RaftServerConfigKeys (ConfUtils.java:logGet(43)) - raft.server.retrycache.expirytime = 600000ms (custom)
2019-09-19 09:00:15,800 [pool-82-thread-1] INFO  impl.RaftServerImpl (RaftServerImpl.java:start(180)) - 5794d84d-2349-4704-a7d7-6735dfcfc341: start group-33BF8A35A0AC
2019-09-19 09:00:15,800 [pool-82-thread-1] INFO  impl.RaftServerImpl (RaftServerImpl.java:setRole(171)) - 5794d84d-2349-4704-a7d7-6735dfcfc341:group-33BF8A35A0AC changes role from null to FOLLOWER at term 0 for startAsFollower
2019-09-19 09:00:15,800 [pool-82-thread-1] INFO  impl.RoleInfo (RoleInfo.java:updateAndGet(143)) - 5794d84d-2349-4704-a7d7-6735dfcfc341: start FollowerState
2019-09-19 09:00:15,801 [pool-82-thread-1] INFO  util.JmxRegister (JmxRegister.java:tryRegister(44)) - Successfully registered JMX Bean with object name Ratis:service=RaftServer,group=group-33BF8A35A0AC,id=5794d84d-2349-4704-a7d7-6735dfcfc341
2019-09-19 09:00:15,806 [RatisPipelineUtilsThread] INFO  pipeline.PipelineStateManager (PipelineStateManager.java:addPipeline(56)) - Created pipeline Pipeline[ Id: 11980758-03e1-4f35-a9ba-33bf8a35a0ac, Nodes: 5794d84d-2349-4704-a7d7-6735dfcfc341{ip: 192.168.34.5, host: pr-hdds-1569-j4bt4-3030777008, networkLocation: /default-rack, certSerialId: null}, Type:RATIS, Factor:ONE, State:OPEN]
2019-09-19 09:00:15,808 [RatisPipelineUtilsThread] ERROR pipeline.PipelinePlacementPolicy (PipelinePlacementPolicy.java:meetCriteria(91)) - Pipeline Placement: Doesn't meet the criteria to be viable node. Heaviness: 6
2019-09-19 09:00:15,809 [RatisPipelineUtilsThread] ERROR pipeline.PipelinePlacementPolicy (PipelinePlacementPolicy.java:meetCriteria(91)) - Pipeline Placement: Doesn't meet the criteria to be viable node. Heaviness: 6
2019-09-19 09:00:15,809 [RatisPipelineUtilsThread] ERROR pipeline.PipelinePlacementPolicy (PipelinePlacementPolicy.java:meetCriteria(91)) - Pipeline Placement: Doesn't meet the criteria to be viable node. Heaviness: 6
2019-09-19 09:00:15,809 [RatisPipelineUtilsThread] ERROR pipeline.PipelinePlacementPolicy (PipelinePlacementPolicy.java:meetCriteria(91)) - Pipeline Placement: Doesn't meet the criteria to be viable node. Heaviness: 6
2019-09-19 09:00:15,809 [RatisPipelineUtilsThread] ERROR pipeline.PipelinePlacementPolicy (PipelinePlacementPolicy.java:meetCriteria(91)) - Pipeline Placement: Doesn't meet the criteria to be viable node. Heaviness: 6
2019-09-19 09:00:15,818 [grpc-default-executor-0] INFO  impl.RaftServerProxy (RaftServerProxy.java:addNew(89)) - 0dab3cb5-21ad-4f3e-9c90-05507adcbb62: addNew group-51DD66138AB9:[0dab3cb5-21ad-4f3e-9c90-05507adcbb62:192.168.34.5:45934] returns group-51DD66138AB9:java.util.concurrent.CompletableFuture@38e81edc[Not completed]
2019-09-19 09:00:15,820 [pool-93-thread-1] INFO  impl.RaftServerImpl (RaftServerImpl.java:<init>(93)) - 0dab3cb5-21ad-4f3e-9c90-05507adcbb62: new RaftServerImpl for group-51DD66138AB9:[0dab3cb5-21ad-4f3e-9c90-05507adcbb62:192.168.34.5:45934] with ContainerStateMachine:uninitialized
2019-09-19 09:00:15,820 [pool-93-thread-1] INFO  server.RaftServerConfigKeys (ConfUtils.java:logGet(43)) - raft.server.rpc.timeout.min = 5s (custom)
2019-09-19 09:00:15,820 [pool-93-thread-1] INFO  server.RaftServerConfigKeys (ConfUtils.java:logGet(43)) - raft.server.rpc.timeout.max = 5200ms (custom)
2019-09-19 09:00:15,820 [pool-93-thread-1] INFO  server.RaftServerConfigKeys (ConfUtils.java:logGet(43)) - raft.server.rpcslowness.timeout = 120s (custom)
2019-09-19 09:00:15,821 [pool-93-thread-1] INFO  server.RaftServerConfigKeys (ConfUtils.java:logGet(43)) - raft.server.sleep.deviation.threshold = 300 (default)
2019-09-19 09:00:15,821 [pool-93-thread-1] INFO  server.RaftServerConfigKeys (ConfUtils.java:logGet(43)) - raft.server.log.appender.install.snapshot.enabled = false (custom)
2019-09-19 09:00:15,821 [pool-93-thread-1] INFO  impl.RaftServerImpl (ServerState.java:<init>(105)) - 0dab3cb5-21ad-4f3e-9c90-05507adcbb62:group-51DD66138AB9 ConfigurationManager, init=-1: [0dab3cb5-21ad-4f3e-9c90-05507adcbb62:192.168.34.5:45934], old=null, confs=<EMPTY_MAP>
2019-09-19 09:00:15,821 [pool-93-thread-1] INFO  server.RaftServerConfigKeys (ConfUtils.java:logGet(43)) - raft.server.storage.dir = [/workdir/hadoop-ozone/integration-test/target/test-dir/MiniOzoneClusterImpl-efb0e503-cad1-4dcb-a604-0867af0d3cca/datanode-6/data/ratis] (custom)
2019-09-19 09:00:15,822 [pool-93-thread-1] INFO  storage.RaftStorageDirectory (RaftStorageDirectory.java:analyzeStorage(246)) - The storage directory /workdir/hadoop-ozone/integration-test/target/test-dir/MiniOzoneClusterImpl-efb0e503-cad1-4dcb-a604-0867af0d3cca/datanode-6/data/ratis/ac22f13d-f55d-462c-8f7a-51dd66138ab9 does not exist. Creating ...
2019-09-19 09:00:15,835 [pool-93-thread-1] INFO  storage.RaftStorageDirectory (RaftStorageDirectory.java:tryLock(328)) - Lock on /workdir/hadoop-ozone/integration-test/target/test-dir/MiniOzoneClusterImpl-efb0e503-cad1-4dcb-a604-0867af0d3cca/datanode-6/data/ratis/ac22f13d-f55d-462c-8f7a-51dd66138ab9/in_use.lock acquired by nodename 12225@pr-hdds-1569-j4bt4-3030777008
2019-09-19 09:00:15,848 [pool-93-thread-1] INFO  storage.RaftStorage (RaftStorage.java:format(72)) - Storage directory /workdir/hadoop-ozone/integration-test/target/test-dir/MiniOzoneClusterImpl-efb0e503-cad1-4dcb-a604-0867af0d3cca/datanode-6/data/ratis/ac22f13d-f55d-462c-8f7a-51dd66138ab9 has been successfully formatted.
2019-09-19 09:00:15,849 [pool-93-thread-1] INFO  ratis.ContainerStateMachine (ContainerStateMachine.java:loadSnapshot(226)) - group-51DD66138AB9: The snapshot info is null. Setting the last applied indexto:(t:0, i:~)
2019-09-19 09:00:15,849 [pool-93-thread-1] INFO  server.RaftServerConfigKeys (ConfUtils.java:logGet(43)) - raft.server.leader.election.timeout = 120s (custom)
2019-09-19 09:00:15,849 [pool-93-thread-1] INFO  server.RaftServerConfigKeys (ConfUtils.java:logGet(43)) - raft.server.log.use.memory = false (default)
2019-09-19 09:00:15,849 [pool-93-thread-1] INFO  server.RaftServerConfigKeys (ConfUtils.java:logGet(43)) - raft.server.log.purge.gap = 1000000 (custom)
2019-09-19 09:00:15,850 [pool-93-thread-1] INFO  server.RaftServerConfigKeys (ConfUtils.java:logGet(43)) - raft.server.log.appender.buffer.byte-limit = 33554432 (custom)
2019-09-19 09:00:15,850 [pool-93-thread-1] INFO  server.RaftServerConfigKeys (ConfUtils.java:logGet(43)) - raft.server.log.segment.size.max = 1048576 (custom)
2019-09-19 09:00:15,850 [pool-93-thread-1] INFO  server.RaftServerConfigKeys (ConfUtils.java:logGet(43)) - raft.server.log.segment.cache.num.max = 2 (custom)
2019-09-19 09:00:15,850 [pool-93-thread-1] INFO  segmented.SegmentedRaftLogWorker (SegmentedRaftLogWorker.java:<init>(172)) - new 0dab3cb5-21ad-4f3e-9c90-05507adcbb62-SegmentedRaftLogWorker:Storage Directory /workdir/hadoop-ozone/integration-test/target/test-dir/MiniOzoneClusterImpl-efb0e503-cad1-4dcb-a604-0867af0d3cca/datanode-6/data/ratis/ac22f13d-f55d-462c-8f7a-51dd66138ab9 for RaftStorage:Storage Directory /workdir/hadoop-ozone/integration-test/target/test-dir/MiniOzoneClusterImpl-efb0e503-cad1-4dcb-a604-0867af0d3cca/datanode-6/data/ratis/ac22f13d-f55d-462c-8f7a-51dd66138ab9
2019-09-19 09:00:15,850 [pool-93-thread-1] INFO  server.RaftServerConfigKeys (ConfUtils.java:logGet(43)) - raft.server.log.queue.byte-limit = 2147483647 (custom)
2019-09-19 09:00:15,851 [pool-93-thread-1] INFO  server.RaftServerConfigKeys (ConfUtils.java:logGet(43)) - raft.server.log.queue.element-limit = 1024 (custom)
2019-09-19 09:00:15,851 [pool-93-thread-1] INFO  server.RaftServerConfigKeys (ConfUtils.java:logGet(43)) - raft.server.log.segment.size.max = 1048576 (custom)
2019-09-19 09:00:15,851 [pool-93-thread-1] INFO  server.RaftServerConfigKeys (ConfUtils.java:logGet(43)) - raft.server.log.preallocated.size = 16384 (custom)
2019-09-19 09:00:15,851 [pool-93-thread-1] INFO  server.RaftServerConfigKeys (ConfUtils.java:logGet(43)) - raft.server.log.write.buffer.size = 33554432 (custom)
2019-09-19 09:00:15,851 [pool-93-thread-1] INFO  server.RaftServerConfigKeys (ConfUtils.java:logGet(43)) - raft.server.log.force.sync.num = 128 (default)
2019-09-19 09:00:15,852 [pool-93-thread-1] INFO  server.RaftServerConfigKeys (ConfUtils.java:logGet(43)) - raft.server.log.statemachine.data.sync = true (default)
2019-09-19 09:00:15,852 [pool-93-thread-1] INFO  server.RaftServerConfigKeys (ConfUtils.java:logGet(43)) - raft.server.log.statemachine.data.sync.timeout = 10s (default)
2019-09-19 09:00:15,852 [pool-93-thread-1] INFO  server.RaftServerConfigKeys (ConfUtils.java:logGet(43)) - raft.server.log.statemachine.data.sync.timeout.retry = -1 (default)
2019-09-19 09:00:15,852 [pool-93-thread-1] INFO  server.RaftServerConfigKeys (ConfUtils.java:logGet(43)) - raft.server.log.statemachine.data.caching.enabled = true (custom)
2019-09-19 09:00:15,853 [pool-93-thread-1] INFO  segmented.SegmentedRaftLogWorker (SegmentedRaftLogWorker.java:lambda$new$0(132)) - 0dab3cb5-21ad-4f3e-9c90-05507adcbb62-SegmentedRaftLogWorker:Storage Directory /workdir/hadoop-ozone/integration-test/target/test-dir/MiniOzoneClusterImpl-efb0e503-cad1-4dcb-a604-0867af0d3cca/datanode-6/data/ratis/ac22f13d-f55d-462c-8f7a-51dd66138ab9: flushIndex: setUnconditionally 0 -> -1
2019-09-19 09:00:15,853 [pool-93-thread-1] INFO  server.RaftServerConfigKeys (ConfUtils.java:logGet(43)) - raft.server.snapshot.auto.trigger.enabled = true (custom)
2019-09-19 09:00:15,853 [pool-93-thread-1] INFO  server.RaftServerConfigKeys (ConfUtils.java:logGet(43)) - raft.server.snapshot.auto.trigger.threshold = 10000 (custom)
2019-09-19 09:00:15,853 [pool-93-thread-1] INFO  server.RaftServerConfigKeys (ConfUtils.java:logGet(43)) - raft.server.retrycache.expirytime = 600000ms (custom)
2019-09-19 09:00:15,854 [pool-93-thread-1] INFO  impl.RaftServerImpl (RaftServerImpl.java:start(180)) - 0dab3cb5-21ad-4f3e-9c90-05507adcbb62: start group-51DD66138AB9
2019-09-19 09:00:15,854 [pool-93-thread-1] INFO  impl.RaftServerImpl (RaftServerImpl.java:setRole(171)) - 0dab3cb5-21ad-4f3e-9c90-05507adcbb62:group-51DD66138AB9 changes role from null to FOLLOWER at term 0 for startAsFollower
2019-09-19 09:00:15,854 [pool-93-thread-1] INFO  impl.RoleInfo (RoleInfo.java:updateAndGet(143)) - 0dab3cb5-21ad-4f3e-9c90-05507adcbb62: start FollowerState
2019-09-19 09:00:15,855 [pool-93-thread-1] INFO  util.JmxRegister (JmxRegister.java:tryRegister(44)) - Successfully registered JMX Bean with object name Ratis:service=RaftServer,group=group-51DD66138AB9,id=0dab3cb5-21ad-4f3e-9c90-05507adcbb62
2019-09-19 09:00:15,860 [RatisPipelineUtilsThread] INFO  pipeline.PipelineStateManager (PipelineStateManager.java:addPipeline(56)) - Created pipeline Pipeline[ Id: ac22f13d-f55d-462c-8f7a-51dd66138ab9, Nodes: 0dab3cb5-21ad-4f3e-9c90-05507adcbb62{ip: 192.168.34.5, host: pr-hdds-1569-j4bt4-3030777008, networkLocation: /default-rack, certSerialId: null}, Type:RATIS, Factor:ONE, State:OPEN]
2019-09-19 09:00:15,862 [RatisPipelineUtilsThread] ERROR pipeline.PipelinePlacementPolicy (PipelinePlacementPolicy.java:meetCriteria(91)) - Pipeline Placement: Doesn't meet the criteria to be viable node. Heaviness: 6
2019-09-19 09:00:15,862 [RatisPipelineUtilsThread] ERROR pipeline.PipelinePlacementPolicy (PipelinePlacementPolicy.java:meetCriteria(91)) - Pipeline Placement: Doesn't meet the criteria to be viable node. Heaviness: 6
2019-09-19 09:00:15,862 [RatisPipelineUtilsThread] ERROR pipeline.PipelinePlacementPolicy (PipelinePlacementPolicy.java:meetCriteria(91)) - Pipeline Placement: Doesn't meet the criteria to be viable node. Heaviness: 6
2019-09-19 09:00:15,862 [RatisPipelineUtilsThread] ERROR pipeline.PipelinePlacementPolicy (PipelinePlacementPolicy.java:meetCriteria(91)) - Pipeline Placement: Doesn't meet the criteria to be viable node. Heaviness: 6
2019-09-19 09:00:15,862 [RatisPipelineUtilsThread] ERROR pipeline.PipelinePlacementPolicy (PipelinePlacementPolicy.java:meetCriteria(91)) - Pipeline Placement: Doesn't meet the criteria to be viable node. Heaviness: 6
2019-09-19 09:00:15,872 [grpc-default-executor-0] INFO  impl.RaftServerProxy (RaftServerProxy.java:addNew(89)) - 2b82d6a8-341a-4a13-8451-80c547e9561a: addNew group-6B9AEE676E6B:[2b82d6a8-341a-4a13-8451-80c547e9561a:192.168.34.5:34627] returns group-6B9AEE676E6B:java.util.concurrent.CompletableFuture@42dd4d5[Not completed]
2019-09-19 09:00:15,874 [pool-38-thread-1] INFO  impl.RaftServerImpl (RaftServerImpl.java:<init>(93)) - 2b82d6a8-341a-4a13-8451-80c547e9561a: new RaftServerImpl for group-6B9AEE676E6B:[2b82d6a8-341a-4a13-8451-80c547e9561a:192.168.34.5:34627] with ContainerStateMachine:uninitialized
2019-09-19 09:00:15,874 [pool-38-thread-1] INFO  server.RaftServerConfigKeys (ConfUtils.java:logGet(43)) - raft.server.rpc.timeout.min = 5s (custom)
2019-09-19 09:00:15,874 [pool-38-thread-1] INFO  server.RaftServerConfigKeys (ConfUtils.java:logGet(43)) - raft.server.rpc.timeout.max = 5200ms (custom)
2019-09-19 09:00:15,875 [pool-38-thread-1] INFO  server.RaftServerConfigKeys (ConfUtils.java:logGet(43)) - raft.server.rpcslowness.timeout = 120s (custom)
2019-09-19 09:00:15,875 [pool-38-thread-1] INFO  server.RaftServerConfigKeys (ConfUtils.java:logGet(43)) - raft.server.sleep.deviation.threshold = 300 (default)
2019-09-19 09:00:15,875 [pool-38-thread-1] INFO  server.RaftServerConfigKeys (ConfUtils.java:logGet(43)) - raft.server.log.appender.install.snapshot.enabled = false (custom)
2019-09-19 09:00:15,875 [pool-38-thread-1] INFO  impl.RaftServerImpl (ServerState.java:<init>(105)) - 2b82d6a8-341a-4a13-8451-80c547e9561a:group-6B9AEE676E6B ConfigurationManager, init=-1: [2b82d6a8-341a-4a13-8451-80c547e9561a:192.168.34.5:34627], old=null, confs=<EMPTY_MAP>
2019-09-19 09:00:15,875 [pool-38-thread-1] INFO  server.RaftServerConfigKeys (ConfUtils.java:logGet(43)) - raft.server.storage.dir = [/workdir/hadoop-ozone/integration-test/target/test-dir/MiniOzoneClusterImpl-efb0e503-cad1-4dcb-a604-0867af0d3cca/datanode-1/data/ratis] (custom)
2019-09-19 09:00:15,876 [pool-38-thread-1] INFO  storage.RaftStorageDirectory (RaftStorageDirectory.java:analyzeStorage(246)) - The storage directory /workdir/hadoop-ozone/integration-test/target/test-dir/MiniOzoneClusterImpl-efb0e503-cad1-4dcb-a604-0867af0d3cca/datanode-1/data/ratis/1e6c03f7-7c9e-4924-8524-6b9aee676e6b does not exist. Creating ...
2019-09-19 09:00:15,889 [pool-38-thread-1] INFO  storage.RaftStorageDirectory (RaftStorageDirectory.java:tryLock(328)) - Lock on /workdir/hadoop-ozone/integration-test/target/test-dir/MiniOzoneClusterImpl-efb0e503-cad1-4dcb-a604-0867af0d3cca/datanode-1/data/ratis/1e6c03f7-7c9e-4924-8524-6b9aee676e6b/in_use.lock acquired by nodename 12225@pr-hdds-1569-j4bt4-3030777008
2019-09-19 09:00:15,902 [pool-38-thread-1] INFO  storage.RaftStorage (RaftStorage.java:format(72)) - Storage directory /workdir/hadoop-ozone/integration-test/target/test-dir/MiniOzoneClusterImpl-efb0e503-cad1-4dcb-a604-0867af0d3cca/datanode-1/data/ratis/1e6c03f7-7c9e-4924-8524-6b9aee676e6b has been successfully formatted.
2019-09-19 09:00:15,903 [pool-38-thread-1] INFO  ratis.ContainerStateMachine (ContainerStateMachine.java:loadSnapshot(226)) - group-6B9AEE676E6B: The snapshot info is null. Setting the last applied indexto:(t:0, i:~)
2019-09-19 09:00:15,903 [pool-38-thread-1] INFO  server.RaftServerConfigKeys (ConfUtils.java:logGet(43)) - raft.server.leader.election.timeout = 120s (custom)
2019-09-19 09:00:15,903 [pool-38-thread-1] INFO  server.RaftServerConfigKeys (ConfUtils.java:logGet(43)) - raft.server.log.use.memory = false (default)
2019-09-19 09:00:15,903 [pool-38-thread-1] INFO  server.RaftServerConfigKeys (ConfUtils.java:logGet(43)) - raft.server.log.purge.gap = 1000000 (custom)
2019-09-19 09:00:15,903 [pool-38-thread-1] INFO  server.RaftServerConfigKeys (ConfUtils.java:logGet(43)) - raft.server.log.appender.buffer.byte-limit = 33554432 (custom)
2019-09-19 09:00:15,904 [pool-38-thread-1] INFO  server.RaftServerConfigKeys (ConfUtils.java:logGet(43)) - raft.server.log.segment.size.max = 1048576 (custom)
2019-09-19 09:00:15,904 [pool-38-thread-1] INFO  server.RaftServerConfigKeys (ConfUtils.java:logGet(43)) - raft.server.log.segment.cache.num.max = 2 (custom)
2019-09-19 09:00:15,904 [pool-38-thread-1] INFO  segmented.SegmentedRaftLogWorker (SegmentedRaftLogWorker.java:<init>(172)) - new 2b82d6a8-341a-4a13-8451-80c547e9561a-SegmentedRaftLogWorker:Storage Directory /workdir/hadoop-ozone/integration-test/target/test-dir/MiniOzoneClusterImpl-efb0e503-cad1-4dcb-a604-0867af0d3cca/datanode-1/data/ratis/1e6c03f7-7c9e-4924-8524-6b9aee676e6b for RaftStorage:Storage Directory /workdir/hadoop-ozone/integration-test/target/test-dir/MiniOzoneClusterImpl-efb0e503-cad1-4dcb-a604-0867af0d3cca/datanode-1/data/ratis/1e6c03f7-7c9e-4924-8524-6b9aee676e6b
2019-09-19 09:00:15,904 [pool-38-thread-1] INFO  server.RaftServerConfigKeys (ConfUtils.java:logGet(43)) - raft.server.log.queue.byte-limit = 2147483647 (custom)
2019-09-19 09:00:15,904 [pool-38-thread-1] INFO  server.RaftServerConfigKeys (ConfUtils.java:logGet(43)) - raft.server.log.queue.element-limit = 1024 (custom)
2019-09-19 09:00:15,905 [pool-38-thread-1] INFO  server.RaftServerConfigKeys (ConfUtils.java:logGet(43)) - raft.server.log.segment.size.max = 1048576 (custom)
2019-09-19 09:00:15,905 [pool-38-thread-1] INFO  server.RaftServerConfigKeys (ConfUtils.java:logGet(43)) - raft.server.log.preallocated.size = 16384 (custom)
2019-09-19 09:00:15,905 [pool-38-thread-1] INFO  server.RaftServerConfigKeys (ConfUtils.java:logGet(43)) - raft.server.log.write.buffer.size = 33554432 (custom)
2019-09-19 09:00:15,905 [pool-38-thread-1] INFO  server.RaftServerConfigKeys (ConfUtils.java:logGet(43)) - raft.server.log.force.sync.num = 128 (default)
2019-09-19 09:00:15,905 [pool-38-thread-1] INFO  server.RaftServerConfigKeys (ConfUtils.java:logGet(43)) - raft.server.log.statemachine.data.sync = true (default)
2019-09-19 09:00:15,906 [pool-38-thread-1] INFO  server.RaftServerConfigKeys (ConfUtils.java:logGet(43)) - raft.server.log.statemachine.data.sync.timeout = 10s (default)
2019-09-19 09:00:15,906 [pool-38-thread-1] INFO  server.RaftServerConfigKeys (ConfUtils.java:logGet(43)) - raft.server.log.statemachine.data.sync.timeout.retry = -1 (default)
2019-09-19 09:00:15,906 [pool-38-thread-1] INFO  server.RaftServerConfigKeys (ConfUtils.java:logGet(43)) - raft.server.log.statemachine.data.caching.enabled = true (custom)
2019-09-19 09:00:15,907 [pool-38-thread-1] INFO  segmented.SegmentedRaftLogWorker (SegmentedRaftLogWorker.java:lambda$new$0(132)) - 2b82d6a8-341a-4a13-8451-80c547e9561a-SegmentedRaftLogWorker:Storage Directory /workdir/hadoop-ozone/integration-test/target/test-dir/MiniOzoneClusterImpl-efb0e503-cad1-4dcb-a604-0867af0d3cca/datanode-1/data/ratis/1e6c03f7-7c9e-4924-8524-6b9aee676e6b: flushIndex: setUnconditionally 0 -> -1
2019-09-19 09:00:15,907 [pool-38-thread-1] INFO  server.RaftServerConfigKeys (ConfUtils.java:logGet(43)) - raft.server.snapshot.auto.trigger.enabled = true (custom)
2019-09-19 09:00:15,907 [pool-38-thread-1] INFO  server.RaftServerConfigKeys (ConfUtils.java:logGet(43)) - raft.server.snapshot.auto.trigger.threshold = 10000 (custom)
2019-09-19 09:00:15,907 [pool-38-thread-1] INFO  server.RaftServerConfigKeys (ConfUtils.java:logGet(43)) - raft.server.retrycache.expirytime = 600000ms (custom)
2019-09-19 09:00:15,908 [pool-38-thread-1] INFO  impl.RaftServerImpl (RaftServerImpl.java:start(180)) - 2b82d6a8-341a-4a13-8451-80c547e9561a: start group-6B9AEE676E6B
2019-09-19 09:00:15,908 [pool-38-thread-1] INFO  impl.RaftServerImpl (RaftServerImpl.java:setRole(171)) - 2b82d6a8-341a-4a13-8451-80c547e9561a:group-6B9AEE676E6B changes role from null to FOLLOWER at term 0 for startAsFollower
2019-09-19 09:00:15,908 [pool-38-thread-1] INFO  impl.RoleInfo (RoleInfo.java:updateAndGet(143)) - 2b82d6a8-341a-4a13-8451-80c547e9561a: start FollowerState
2019-09-19 09:00:15,909 [pool-38-thread-1] INFO  util.JmxRegister (JmxRegister.java:tryRegister(44)) - Successfully registered JMX Bean with object name Ratis:service=RaftServer,group=group-6B9AEE676E6B,id=2b82d6a8-341a-4a13-8451-80c547e9561a
2019-09-19 09:00:15,914 [RatisPipelineUtilsThread] INFO  pipeline.PipelineStateManager (PipelineStateManager.java:addPipeline(56)) - Created pipeline Pipeline[ Id: 1e6c03f7-7c9e-4924-8524-6b9aee676e6b, Nodes: 2b82d6a8-341a-4a13-8451-80c547e9561a{ip: 192.168.34.5, host: pr-hdds-1569-j4bt4-3030777008, networkLocation: /default-rack, certSerialId: null}, Type:RATIS, Factor:ONE, State:OPEN]
2019-09-19 09:00:15,916 [RatisPipelineUtilsThread] ERROR pipeline.PipelinePlacementPolicy (PipelinePlacementPolicy.java:meetCriteria(91)) - Pipeline Placement: Doesn't meet the criteria to be viable node. Heaviness: 6
2019-09-19 09:00:15,916 [RatisPipelineUtilsThread] ERROR pipeline.PipelinePlacementPolicy (PipelinePlacementPolicy.java:meetCriteria(91)) - Pipeline Placement: Doesn't meet the criteria to be viable node. Heaviness: 6
2019-09-19 09:00:15,917 [RatisPipelineUtilsThread] ERROR pipeline.PipelinePlacementPolicy (PipelinePlacementPolicy.java:meetCriteria(91)) - Pipeline Placement: Doesn't meet the criteria to be viable node. Heaviness: 6
2019-09-19 09:00:15,917 [RatisPipelineUtilsThread] ERROR pipeline.PipelinePlacementPolicy (PipelinePlacementPolicy.java:meetCriteria(91)) - Pipeline Placement: Doesn't meet the criteria to be viable node. Heaviness: 6
2019-09-19 09:00:15,917 [RatisPipelineUtilsThread] ERROR pipeline.PipelinePlacementPolicy (PipelinePlacementPolicy.java:meetCriteria(91)) - Pipeline Placement: Doesn't meet the criteria to be viable node. Heaviness: 6
2019-09-19 09:00:15,917 [RatisPipelineUtilsThread] ERROR pipeline.PipelinePlacementPolicy (PipelinePlacementPolicy.java:meetCriteria(91)) - Pipeline Placement: Doesn't meet the criteria to be viable node. Heaviness: 6
2019-09-19 09:00:15,934 [grpc-default-executor-0] INFO  impl.RaftServerProxy (RaftServerProxy.java:addNew(89)) - 0dab3cb5-21ad-4f3e-9c90-05507adcbb62: addNew group-929403B17E48:[0dab3cb5-21ad-4f3e-9c90-05507adcbb62:192.168.34.5:45934] returns group-929403B17E48:java.util.concurrent.CompletableFuture@d11f6cd[Not completed]
2019-09-19 09:00:15,936 [pool-93-thread-1] INFO  impl.RaftServerImpl (RaftServerImpl.java:<init>(93)) - 0dab3cb5-21ad-4f3e-9c90-05507adcbb62: new RaftServerImpl for group-929403B17E48:[0dab3cb5-21ad-4f3e-9c90-05507adcbb62:192.168.34.5:45934] with ContainerStateMachine:uninitialized
2019-09-19 09:00:15,936 [pool-93-thread-1] INFO  server.RaftServerConfigKeys (ConfUtils.java:logGet(43)) - raft.server.rpc.timeout.min = 5s (custom)
2019-09-19 09:00:15,937 [pool-93-thread-1] INFO  server.RaftServerConfigKeys (ConfUtils.java:logGet(43)) - raft.server.rpc.timeout.max = 5200ms (custom)
2019-09-19 09:00:15,937 [pool-93-thread-1] INFO  server.RaftServerConfigKeys (ConfUtils.java:logGet(43)) - raft.server.rpcslowness.timeout = 120s (custom)
2019-09-19 09:00:15,937 [pool-93-thread-1] INFO  server.RaftServerConfigKeys (ConfUtils.java:logGet(43)) - raft.server.sleep.deviation.threshold = 300 (default)
2019-09-19 09:00:15,937 [pool-93-thread-1] INFO  server.RaftServerConfigKeys (ConfUtils.java:logGet(43)) - raft.server.log.appender.install.snapshot.enabled = false (custom)
2019-09-19 09:00:15,937 [pool-93-thread-1] INFO  impl.RaftServerImpl (ServerState.java:<init>(105)) - 0dab3cb5-21ad-4f3e-9c90-05507adcbb62:group-929403B17E48 ConfigurationManager, init=-1: [0dab3cb5-21ad-4f3e-9c90-05507adcbb62:192.168.34.5:45934], old=null, confs=<EMPTY_MAP>
2019-09-19 09:00:15,938 [pool-93-thread-1] INFO  server.RaftServerConfigKeys (ConfUtils.java:logGet(43)) - raft.server.storage.dir = [/workdir/hadoop-ozone/integration-test/target/test-dir/MiniOzoneClusterImpl-efb0e503-cad1-4dcb-a604-0867af0d3cca/datanode-6/data/ratis] (custom)
2019-09-19 09:00:15,938 [pool-93-thread-1] INFO  storage.RaftStorageDirectory (RaftStorageDirectory.java:analyzeStorage(246)) - The storage directory /workdir/hadoop-ozone/integration-test/target/test-dir/MiniOzoneClusterImpl-efb0e503-cad1-4dcb-a604-0867af0d3cca/datanode-6/data/ratis/1bf8fc97-b510-4e97-a11f-929403b17e48 does not exist. Creating ...
2019-09-19 09:00:15,951 [pool-93-thread-1] INFO  storage.RaftStorageDirectory (RaftStorageDirectory.java:tryLock(328)) - Lock on /workdir/hadoop-ozone/integration-test/target/test-dir/MiniOzoneClusterImpl-efb0e503-cad1-4dcb-a604-0867af0d3cca/datanode-6/data/ratis/1bf8fc97-b510-4e97-a11f-929403b17e48/in_use.lock acquired by nodename 12225@pr-hdds-1569-j4bt4-3030777008
2019-09-19 09:00:15,973 [pool-93-thread-1] INFO  storage.RaftStorage (RaftStorage.java:format(72)) - Storage directory /workdir/hadoop-ozone/integration-test/target/test-dir/MiniOzoneClusterImpl-efb0e503-cad1-4dcb-a604-0867af0d3cca/datanode-6/data/ratis/1bf8fc97-b510-4e97-a11f-929403b17e48 has been successfully formatted.
2019-09-19 09:00:15,974 [pool-93-thread-1] INFO  ratis.ContainerStateMachine (ContainerStateMachine.java:loadSnapshot(226)) - group-929403B17E48: The snapshot info is null. Setting the last applied indexto:(t:0, i:~)
2019-09-19 09:00:15,974 [pool-93-thread-1] INFO  server.RaftServerConfigKeys (ConfUtils.java:logGet(43)) - raft.server.leader.election.timeout = 120s (custom)
2019-09-19 09:00:15,974 [pool-93-thread-1] INFO  server.RaftServerConfigKeys (ConfUtils.java:logGet(43)) - raft.server.log.use.memory = false (default)
2019-09-19 09:00:15,974 [pool-93-thread-1] INFO  server.RaftServerConfigKeys (ConfUtils.java:logGet(43)) - raft.server.log.purge.gap = 1000000 (custom)
2019-09-19 09:00:15,974 [pool-93-thread-1] INFO  server.RaftServerConfigKeys (ConfUtils.java:logGet(43)) - raft.server.log.appender.buffer.byte-limit = 33554432 (custom)
2019-09-19 09:00:15,975 [pool-93-thread-1] INFO  server.RaftServerConfigKeys (ConfUtils.java:logGet(43)) - raft.server.log.segment.size.max = 1048576 (custom)
2019-09-19 09:00:15,975 [pool-93-thread-1] INFO  server.RaftServerConfigKeys (ConfUtils.java:logGet(43)) - raft.server.log.segment.cache.num.max = 2 (custom)
2019-09-19 09:00:15,975 [pool-93-thread-1] INFO  segmented.SegmentedRaftLogWorker (SegmentedRaftLogWorker.java:<init>(172)) - new 0dab3cb5-21ad-4f3e-9c90-05507adcbb62-SegmentedRaftLogWorker:Storage Directory /workdir/hadoop-ozone/integration-test/target/test-dir/MiniOzoneClusterImpl-efb0e503-cad1-4dcb-a604-0867af0d3cca/datanode-6/data/ratis/1bf8fc97-b510-4e97-a11f-929403b17e48 for RaftStorage:Storage Directory /workdir/hadoop-ozone/integration-test/target/test-dir/MiniOzoneClusterImpl-efb0e503-cad1-4dcb-a604-0867af0d3cca/datanode-6/data/ratis/1bf8fc97-b510-4e97-a11f-929403b17e48
2019-09-19 09:00:15,975 [pool-93-thread-1] INFO  server.RaftServerConfigKeys (ConfUtils.java:logGet(43)) - raft.server.log.queue.byte-limit = 2147483647 (custom)
2019-09-19 09:00:15,976 [pool-93-thread-1] INFO  server.RaftServerConfigKeys (ConfUtils.java:logGet(43)) - raft.server.log.queue.element-limit = 1024 (custom)
2019-09-19 09:00:15,976 [pool-93-thread-1] INFO  server.RaftServerConfigKeys (ConfUtils.java:logGet(43)) - raft.server.log.segment.size.max = 1048576 (custom)
2019-09-19 09:00:15,976 [pool-93-thread-1] INFO  server.RaftServerConfigKeys (ConfUtils.java:logGet(43)) - raft.server.log.preallocated.size = 16384 (custom)
2019-09-19 09:00:15,976 [pool-93-thread-1] INFO  server.RaftServerConfigKeys (ConfUtils.java:logGet(43)) - raft.server.log.write.buffer.size = 33554432 (custom)
2019-09-19 09:00:15,976 [pool-93-thread-1] INFO  server.RaftServerConfigKeys (ConfUtils.java:logGet(43)) - raft.server.log.force.sync.num = 128 (default)
2019-09-19 09:00:15,976 [pool-93-thread-1] INFO  server.RaftServerConfigKeys (ConfUtils.java:logGet(43)) - raft.server.log.statemachine.data.sync = true (default)
2019-09-19 09:00:15,977 [pool-93-thread-1] INFO  server.RaftServerConfigKeys (ConfUtils.java:logGet(43)) - raft.server.log.statemachine.data.sync.timeout = 10s (default)
2019-09-19 09:00:15,977 [pool-93-thread-1] INFO  server.RaftServerConfigKeys (ConfUtils.java:logGet(43)) - raft.server.log.statemachine.data.sync.timeout.retry = -1 (default)
2019-09-19 09:00:15,977 [pool-93-thread-1] INFO  server.RaftServerConfigKeys (ConfUtils.java:logGet(43)) - raft.server.log.statemachine.data.caching.enabled = true (custom)
2019-09-19 09:00:15,978 [pool-93-thread-1] INFO  segmented.SegmentedRaftLogWorker (SegmentedRaftLogWorker.java:lambda$new$0(132)) - 0dab3cb5-21ad-4f3e-9c90-05507adcbb62-SegmentedRaftLogWorker:Storage Directory /workdir/hadoop-ozone/integration-test/target/test-dir/MiniOzoneClusterImpl-efb0e503-cad1-4dcb-a604-0867af0d3cca/datanode-6/data/ratis/1bf8fc97-b510-4e97-a11f-929403b17e48: flushIndex: setUnconditionally 0 -> -1
2019-09-19 09:00:15,978 [pool-93-thread-1] INFO  server.RaftServerConfigKeys (ConfUtils.java:logGet(43)) - raft.server.snapshot.auto.trigger.enabled = true (custom)
2019-09-19 09:00:15,978 [pool-93-thread-1] INFO  server.RaftServerConfigKeys (ConfUtils.java:logGet(43)) - raft.server.snapshot.auto.trigger.threshold = 10000 (custom)
2019-09-19 09:00:15,978 [pool-93-thread-1] INFO  server.RaftServerConfigKeys (ConfUtils.java:logGet(43)) - raft.server.retrycache.expirytime = 600000ms (custom)
2019-09-19 09:00:15,979 [pool-93-thread-1] INFO  impl.RaftServerImpl (RaftServerImpl.java:start(180)) - 0dab3cb5-21ad-4f3e-9c90-05507adcbb62: start group-929403B17E48
2019-09-19 09:00:15,979 [pool-93-thread-1] INFO  impl.RaftServerImpl (RaftServerImpl.java:setRole(171)) - 0dab3cb5-21ad-4f3e-9c90-05507adcbb62:group-929403B17E48 changes role from null to FOLLOWER at term 0 for startAsFollower
2019-09-19 09:00:15,979 [pool-93-thread-1] INFO  impl.RoleInfo (RoleInfo.java:updateAndGet(143)) - 0dab3cb5-21ad-4f3e-9c90-05507adcbb62: start FollowerState
2019-09-19 09:00:15,980 [pool-93-thread-1] INFO  util.JmxRegister (JmxRegister.java:tryRegister(44)) - Successfully registered JMX Bean with object name Ratis:service=RaftServer,group=group-929403B17E48,id=0dab3cb5-21ad-4f3e-9c90-05507adcbb62
2019-09-19 09:00:15,985 [RatisPipelineUtilsThread] INFO  pipeline.PipelineStateManager (PipelineStateManager.java:addPipeline(56)) - Created pipeline Pipeline[ Id: 1bf8fc97-b510-4e97-a11f-929403b17e48, Nodes: 0dab3cb5-21ad-4f3e-9c90-05507adcbb62{ip: 192.168.34.5, host: pr-hdds-1569-j4bt4-3030777008, networkLocation: /default-rack, certSerialId: null}, Type:RATIS, Factor:ONE, State:OPEN]
2019-09-19 09:00:15,993 [RatisPipelineUtilsThread] ERROR pipeline.PipelinePlacementPolicy (PipelinePlacementPolicy.java:meetCriteria(91)) - Pipeline Placement: Doesn't meet the criteria to be viable node. Heaviness: 6
2019-09-19 09:00:15,993 [RatisPipelineUtilsThread] ERROR pipeline.PipelinePlacementPolicy (PipelinePlacementPolicy.java:meetCriteria(91)) - Pipeline Placement: Doesn't meet the criteria to be viable node. Heaviness: 6
2019-09-19 09:00:15,993 [RatisPipelineUtilsThread] ERROR pipeline.PipelinePlacementPolicy (PipelinePlacementPolicy.java:meetCriteria(91)) - Pipeline Placement: Doesn't meet the criteria to be viable node. Heaviness: 6
2019-09-19 09:00:15,994 [RatisPipelineUtilsThread] ERROR pipeline.PipelinePlacementPolicy (PipelinePlacementPolicy.java:meetCriteria(91)) - Pipeline Placement: Doesn't meet the criteria to be viable node. Heaviness: 6
2019-09-19 09:00:15,994 [RatisPipelineUtilsThread] ERROR pipeline.PipelinePlacementPolicy (PipelinePlacementPolicy.java:meetCriteria(91)) - Pipeline Placement: Doesn't meet the criteria to be viable node. Heaviness: 6
2019-09-19 09:00:15,994 [RatisPipelineUtilsThread] ERROR pipeline.PipelinePlacementPolicy (PipelinePlacementPolicy.java:meetCriteria(91)) - Pipeline Placement: Doesn't meet the criteria to be viable node. Heaviness: 6
2019-09-19 09:00:16,014 [grpc-default-executor-0] INFO  impl.RaftServerProxy (RaftServerProxy.java:addNew(89)) - 0dab3cb5-21ad-4f3e-9c90-05507adcbb62: addNew group-FFA31F0FC260:[0dab3cb5-21ad-4f3e-9c90-05507adcbb62:192.168.34.5:45934] returns group-FFA31F0FC260:java.util.concurrent.CompletableFuture@73feea9c[Not completed]
2019-09-19 09:00:16,016 [pool-93-thread-1] INFO  impl.RaftServerImpl (RaftServerImpl.java:<init>(93)) - 0dab3cb5-21ad-4f3e-9c90-05507adcbb62: new RaftServerImpl for group-FFA31F0FC260:[0dab3cb5-21ad-4f3e-9c90-05507adcbb62:192.168.34.5:45934] with ContainerStateMachine:uninitialized
2019-09-19 09:00:16,016 [pool-93-thread-1] INFO  server.RaftServerConfigKeys (ConfUtils.java:logGet(43)) - raft.server.rpc.timeout.min = 5s (custom)
2019-09-19 09:00:16,017 [pool-93-thread-1] INFO  server.RaftServerConfigKeys (ConfUtils.java:logGet(43)) - raft.server.rpc.timeout.max = 5200ms (custom)
2019-09-19 09:00:16,017 [pool-93-thread-1] INFO  server.RaftServerConfigKeys (ConfUtils.java:logGet(43)) - raft.server.rpcslowness.timeout = 120s (custom)
2019-09-19 09:00:16,017 [pool-93-thread-1] INFO  server.RaftServerConfigKeys (ConfUtils.java:logGet(43)) - raft.server.sleep.deviation.threshold = 300 (default)
2019-09-19 09:00:16,017 [pool-93-thread-1] INFO  server.RaftServerConfigKeys (ConfUtils.java:logGet(43)) - raft.server.log.appender.install.snapshot.enabled = false (custom)
2019-09-19 09:00:16,017 [pool-93-thread-1] INFO  impl.RaftServerImpl (ServerState.java:<init>(105)) - 0dab3cb5-21ad-4f3e-9c90-05507adcbb62:group-FFA31F0FC260 ConfigurationManager, init=-1: [0dab3cb5-21ad-4f3e-9c90-05507adcbb62:192.168.34.5:45934], old=null, confs=<EMPTY_MAP>
2019-09-19 09:00:16,018 [pool-93-thread-1] INFO  server.RaftServerConfigKeys (ConfUtils.java:logGet(43)) - raft.server.storage.dir = [/workdir/hadoop-ozone/integration-test/target/test-dir/MiniOzoneClusterImpl-efb0e503-cad1-4dcb-a604-0867af0d3cca/datanode-6/data/ratis] (custom)
2019-09-19 09:00:16,018 [pool-93-thread-1] INFO  storage.RaftStorageDirectory (RaftStorageDirectory.java:analyzeStorage(246)) - The storage directory /workdir/hadoop-ozone/integration-test/target/test-dir/MiniOzoneClusterImpl-efb0e503-cad1-4dcb-a604-0867af0d3cca/datanode-6/data/ratis/0288afaa-53db-48c9-accc-ffa31f0fc260 does not exist. Creating ...
2019-09-19 09:00:16,031 [pool-93-thread-1] INFO  storage.RaftStorageDirectory (RaftStorageDirectory.java:tryLock(328)) - Lock on /workdir/hadoop-ozone/integration-test/target/test-dir/MiniOzoneClusterImpl-efb0e503-cad1-4dcb-a604-0867af0d3cca/datanode-6/data/ratis/0288afaa-53db-48c9-accc-ffa31f0fc260/in_use.lock acquired by nodename 12225@pr-hdds-1569-j4bt4-3030777008
2019-09-19 09:00:16,045 [pool-93-thread-1] INFO  storage.RaftStorage (RaftStorage.java:format(72)) - Storage directory /workdir/hadoop-ozone/integration-test/target/test-dir/MiniOzoneClusterImpl-efb0e503-cad1-4dcb-a604-0867af0d3cca/datanode-6/data/ratis/0288afaa-53db-48c9-accc-ffa31f0fc260 has been successfully formatted.
2019-09-19 09:00:16,046 [pool-93-thread-1] INFO  ratis.ContainerStateMachine (ContainerStateMachine.java:loadSnapshot(226)) - group-FFA31F0FC260: The snapshot info is null. Setting the last applied indexto:(t:0, i:~)
2019-09-19 09:00:16,046 [pool-93-thread-1] INFO  server.RaftServerConfigKeys (ConfUtils.java:logGet(43)) - raft.server.leader.election.timeout = 120s (custom)
2019-09-19 09:00:16,046 [pool-93-thread-1] INFO  server.RaftServerConfigKeys (ConfUtils.java:logGet(43)) - raft.server.log.use.memory = false (default)
2019-09-19 09:00:16,046 [pool-93-thread-1] INFO  server.RaftServerConfigKeys (ConfUtils.java:logGet(43)) - raft.server.log.purge.gap = 1000000 (custom)
2019-09-19 09:00:16,046 [pool-93-thread-1] INFO  server.RaftServerConfigKeys (ConfUtils.java:logGet(43)) - raft.server.log.appender.buffer.byte-limit = 33554432 (custom)
2019-09-19 09:00:16,047 [pool-93-thread-1] INFO  server.RaftServerConfigKeys (ConfUtils.java:logGet(43)) - raft.server.log.segment.size.max = 1048576 (custom)
2019-09-19 09:00:16,047 [pool-93-thread-1] INFO  server.RaftServerConfigKeys (ConfUtils.java:logGet(43)) - raft.server.log.segment.cache.num.max = 2 (custom)
2019-09-19 09:00:16,047 [pool-93-thread-1] INFO  segmented.SegmentedRaftLogWorker (SegmentedRaftLogWorker.java:<init>(172)) - new 0dab3cb5-21ad-4f3e-9c90-05507adcbb62-SegmentedRaftLogWorker:Storage Directory /workdir/hadoop-ozone/integration-test/target/test-dir/MiniOzoneClusterImpl-efb0e503-cad1-4dcb-a604-0867af0d3cca/datanode-6/data/ratis/0288afaa-53db-48c9-accc-ffa31f0fc260 for RaftStorage:Storage Directory /workdir/hadoop-ozone/integration-test/target/test-dir/MiniOzoneClusterImpl-efb0e503-cad1-4dcb-a604-0867af0d3cca/datanode-6/data/ratis/0288afaa-53db-48c9-accc-ffa31f0fc260
2019-09-19 09:00:16,047 [pool-93-thread-1] INFO  server.RaftServerConfigKeys (ConfUtils.java:logGet(43)) - raft.server.log.queue.byte-limit = 2147483647 (custom)
2019-09-19 09:00:16,048 [pool-93-thread-1] INFO  server.RaftServerConfigKeys (ConfUtils.java:logGet(43)) - raft.server.log.queue.element-limit = 1024 (custom)
2019-09-19 09:00:16,048 [pool-93-thread-1] INFO  server.RaftServerConfigKeys (ConfUtils.java:logGet(43)) - raft.server.log.segment.size.max = 1048576 (custom)
2019-09-19 09:00:16,048 [pool-93-thread-1] INFO  server.RaftServerConfigKeys (ConfUtils.java:logGet(43)) - raft.server.log.preallocated.size = 16384 (custom)
2019-09-19 09:00:16,048 [pool-93-thread-1] INFO  server.RaftServerConfigKeys (ConfUtils.java:logGet(43)) - raft.server.log.write.buffer.size = 33554432 (custom)
2019-09-19 09:00:16,048 [pool-93-thread-1] INFO  server.RaftServerConfigKeys (ConfUtils.java:logGet(43)) - raft.server.log.force.sync.num = 128 (default)
2019-09-19 09:00:16,049 [pool-93-thread-1] INFO  server.RaftServerConfigKeys (ConfUtils.java:logGet(43)) - raft.server.log.statemachine.data.sync = true (default)
2019-09-19 09:00:16,049 [pool-93-thread-1] INFO  server.RaftServerConfigKeys (ConfUtils.java:logGet(43)) - raft.server.log.statemachine.data.sync.timeout = 10s (default)
2019-09-19 09:00:16,049 [pool-93-thread-1] INFO  server.RaftServerConfigKeys (ConfUtils.java:logGet(43)) - raft.server.log.statemachine.data.sync.timeout.retry = -1 (default)
2019-09-19 09:00:16,049 [pool-93-thread-1] INFO  server.RaftServerConfigKeys (ConfUtils.java:logGet(43)) - raft.server.log.statemachine.data.caching.enabled = true (custom)
2019-09-19 09:00:16,050 [pool-93-thread-1] INFO  segmented.SegmentedRaftLogWorker (SegmentedRaftLogWorker.java:lambda$new$0(132)) - 0dab3cb5-21ad-4f3e-9c90-05507adcbb62-SegmentedRaftLogWorker:Storage Directory /workdir/hadoop-ozone/integration-test/target/test-dir/MiniOzoneClusterImpl-efb0e503-cad1-4dcb-a604-0867af0d3cca/datanode-6/data/ratis/0288afaa-53db-48c9-accc-ffa31f0fc260: flushIndex: setUnconditionally 0 -> -1
2019-09-19 09:00:16,050 [pool-93-thread-1] INFO  server.RaftServerConfigKeys (ConfUtils.java:logGet(43)) - raft.server.snapshot.auto.trigger.enabled = true (custom)
2019-09-19 09:00:16,050 [pool-93-thread-1] INFO  server.RaftServerConfigKeys (ConfUtils.java:logGet(43)) - raft.server.snapshot.auto.trigger.threshold = 10000 (custom)
2019-09-19 09:00:16,051 [pool-93-thread-1] INFO  server.RaftServerConfigKeys (ConfUtils.java:logGet(43)) - raft.server.retrycache.expirytime = 600000ms (custom)
2019-09-19 09:00:16,051 [pool-93-thread-1] INFO  impl.RaftServerImpl (RaftServerImpl.java:start(180)) - 0dab3cb5-21ad-4f3e-9c90-05507adcbb62: start group-FFA31F0FC260
2019-09-19 09:00:16,051 [pool-93-thread-1] INFO  impl.RaftServerImpl (RaftServerImpl.java:setRole(171)) - 0dab3cb5-21ad-4f3e-9c90-05507adcbb62:group-FFA31F0FC260 changes role from null to FOLLOWER at term 0 for startAsFollower
2019-09-19 09:00:16,051 [pool-93-thread-1] INFO  impl.RoleInfo (RoleInfo.java:updateAndGet(143)) - 0dab3cb5-21ad-4f3e-9c90-05507adcbb62: start FollowerState
2019-09-19 09:00:16,059 [pool-93-thread-1] INFO  util.JmxRegister (JmxRegister.java:tryRegister(44)) - Successfully registered JMX Bean with object name Ratis:service=RaftServer,group=group-FFA31F0FC260,id=0dab3cb5-21ad-4f3e-9c90-05507adcbb62
2019-09-19 09:00:16,076 [RatisPipelineUtilsThread] INFO  pipeline.PipelineStateManager (PipelineStateManager.java:addPipeline(56)) - Created pipeline Pipeline[ Id: 0288afaa-53db-48c9-accc-ffa31f0fc260, Nodes: 0dab3cb5-21ad-4f3e-9c90-05507adcbb62{ip: 192.168.34.5, host: pr-hdds-1569-j4bt4-3030777008, networkLocation: /default-rack, certSerialId: null}, Type:RATIS, Factor:ONE, State:OPEN]
2019-09-19 09:00:16,076 [RatisPipelineUtilsThread] ERROR pipeline.PipelinePlacementPolicy (PipelinePlacementPolicy.java:meetCriteria(91)) - Pipeline Placement: Doesn't meet the criteria to be viable node. Heaviness: 6
2019-09-19 09:00:16,077 [RatisPipelineUtilsThread] ERROR pipeline.PipelinePlacementPolicy (PipelinePlacementPolicy.java:meetCriteria(91)) - Pipeline Placement: Doesn't meet the criteria to be viable node. Heaviness: 6
2019-09-19 09:00:16,077 [RatisPipelineUtilsThread] ERROR pipeline.PipelinePlacementPolicy (PipelinePlacementPolicy.java:meetCriteria(91)) - Pipeline Placement: Doesn't meet the criteria to be viable node. Heaviness: 6
2019-09-19 09:00:16,077 [RatisPipelineUtilsThread] ERROR pipeline.PipelinePlacementPolicy (PipelinePlacementPolicy.java:meetCriteria(91)) - Pipeline Placement: Doesn't meet the criteria to be viable node. Heaviness: 6
2019-09-19 09:00:16,078 [RatisPipelineUtilsThread] ERROR pipeline.PipelinePlacementPolicy (PipelinePlacementPolicy.java:meetCriteria(91)) - Pipeline Placement: Doesn't meet the criteria to be viable node. Heaviness: 6
2019-09-19 09:00:16,078 [RatisPipelineUtilsThread] ERROR pipeline.PipelinePlacementPolicy (PipelinePlacementPolicy.java:meetCriteria(91)) - Pipeline Placement: Doesn't meet the criteria to be viable node. Heaviness: 6
2019-09-19 09:00:16,085 | INFO  | SCMAudit | user=jenkins1000 | ip=192.168.34.5 | op=SEND_HEARTBEAT {datanodeUUID=188fabf1-fb11-41c2-a0ed-ee400af44df4, command=[]} | ret=SUCCESS |  
2019-09-19 09:00:16,087 [grpc-default-executor-0] INFO  impl.RaftServerProxy (RaftServerProxy.java:addNew(89)) - 0dab3cb5-21ad-4f3e-9c90-05507adcbb62: addNew group-950BA0564D07:[0dab3cb5-21ad-4f3e-9c90-05507adcbb62:192.168.34.5:45934] returns group-950BA0564D07:java.util.concurrent.CompletableFuture@3c23efa1[Not completed]
2019-09-19 09:00:16,088 [pool-93-thread-1] INFO  impl.RaftServerImpl (RaftServerImpl.java:<init>(93)) - 0dab3cb5-21ad-4f3e-9c90-05507adcbb62: new RaftServerImpl for group-950BA0564D07:[0dab3cb5-21ad-4f3e-9c90-05507adcbb62:192.168.34.5:45934] with ContainerStateMachine:uninitialized
2019-09-19 09:00:16,088 [pool-93-thread-1] INFO  server.RaftServerConfigKeys (ConfUtils.java:logGet(43)) - raft.server.rpc.timeout.min = 5s (custom)
2019-09-19 09:00:16,089 [pool-93-thread-1] INFO  server.RaftServerConfigKeys (ConfUtils.java:logGet(43)) - raft.server.rpc.timeout.max = 5200ms (custom)
2019-09-19 09:00:16,089 [pool-93-thread-1] INFO  server.RaftServerConfigKeys (ConfUtils.java:logGet(43)) - raft.server.rpcslowness.timeout = 120s (custom)
2019-09-19 09:00:16,089 [pool-93-thread-1] INFO  server.RaftServerConfigKeys (ConfUtils.java:logGet(43)) - raft.server.sleep.deviation.threshold = 300 (default)
2019-09-19 09:00:16,089 [pool-93-thread-1] INFO  server.RaftServerConfigKeys (ConfUtils.java:logGet(43)) - raft.server.log.appender.install.snapshot.enabled = false (custom)
2019-09-19 09:00:16,089 [pool-93-thread-1] INFO  impl.RaftServerImpl (ServerState.java:<init>(105)) - 0dab3cb5-21ad-4f3e-9c90-05507adcbb62:group-950BA0564D07 ConfigurationManager, init=-1: [0dab3cb5-21ad-4f3e-9c90-05507adcbb62:192.168.34.5:45934], old=null, confs=<EMPTY_MAP>
2019-09-19 09:00:16,090 [pool-93-thread-1] INFO  server.RaftServerConfigKeys (ConfUtils.java:logGet(43)) - raft.server.storage.dir = [/workdir/hadoop-ozone/integration-test/target/test-dir/MiniOzoneClusterImpl-efb0e503-cad1-4dcb-a604-0867af0d3cca/datanode-6/data/ratis] (custom)
2019-09-19 09:00:16,090 [pool-93-thread-1] INFO  storage.RaftStorageDirectory (RaftStorageDirectory.java:analyzeStorage(246)) - The storage directory /workdir/hadoop-ozone/integration-test/target/test-dir/MiniOzoneClusterImpl-efb0e503-cad1-4dcb-a604-0867af0d3cca/datanode-6/data/ratis/d6f57f33-2e86-4346-a8c9-950ba0564d07 does not exist. Creating ...
2019-09-19 09:00:16,099 | INFO  | SCMAudit | user=jenkins1000 | ip=192.168.34.5 | op=SEND_HEARTBEAT {datanodeUUID=cf0fb8b8-922c-4d9e-8ced-919bfd64db77, command=[]} | ret=SUCCESS |  
2019-09-19 09:00:16,103 [pool-93-thread-1] INFO  storage.RaftStorageDirectory (RaftStorageDirectory.java:tryLock(328)) - Lock on /workdir/hadoop-ozone/integration-test/target/test-dir/MiniOzoneClusterImpl-efb0e503-cad1-4dcb-a604-0867af0d3cca/datanode-6/data/ratis/d6f57f33-2e86-4346-a8c9-950ba0564d07/in_use.lock acquired by nodename 12225@pr-hdds-1569-j4bt4-3030777008
2019-09-19 09:00:16,116 [pool-93-thread-1] INFO  storage.RaftStorage (RaftStorage.java:format(72)) - Storage directory /workdir/hadoop-ozone/integration-test/target/test-dir/MiniOzoneClusterImpl-efb0e503-cad1-4dcb-a604-0867af0d3cca/datanode-6/data/ratis/d6f57f33-2e86-4346-a8c9-950ba0564d07 has been successfully formatted.
2019-09-19 09:00:16,116 [pool-93-thread-1] INFO  ratis.ContainerStateMachine (ContainerStateMachine.java:loadSnapshot(226)) - group-950BA0564D07: The snapshot info is null. Setting the last applied indexto:(t:0, i:~)
2019-09-19 09:00:16,116 [pool-93-thread-1] INFO  server.RaftServerConfigKeys (ConfUtils.java:logGet(43)) - raft.server.leader.election.timeout = 120s (custom)
2019-09-19 09:00:16,117 [pool-93-thread-1] INFO  server.RaftServerConfigKeys (ConfUtils.java:logGet(43)) - raft.server.log.use.memory = false (default)
2019-09-19 09:00:16,117 [pool-93-thread-1] INFO  server.RaftServerConfigKeys (ConfUtils.java:logGet(43)) - raft.server.log.purge.gap = 1000000 (custom)
2019-09-19 09:00:16,117 [pool-93-thread-1] INFO  server.RaftServerConfigKeys (ConfUtils.java:logGet(43)) - raft.server.log.appender.buffer.byte-limit = 33554432 (custom)
2019-09-19 09:00:16,117 [pool-93-thread-1] INFO  server.RaftServerConfigKeys (ConfUtils.java:logGet(43)) - raft.server.log.segment.size.max = 1048576 (custom)
2019-09-19 09:00:16,117 [pool-93-thread-1] INFO  server.RaftServerConfigKeys (ConfUtils.java:logGet(43)) - raft.server.log.segment.cache.num.max = 2 (custom)
2019-09-19 09:00:16,117 [pool-93-thread-1] INFO  segmented.SegmentedRaftLogWorker (SegmentedRaftLogWorker.java:<init>(172)) - new 0dab3cb5-21ad-4f3e-9c90-05507adcbb62-SegmentedRaftLogWorker:Storage Directory /workdir/hadoop-ozone/integration-test/target/test-dir/MiniOzoneClusterImpl-efb0e503-cad1-4dcb-a604-0867af0d3cca/datanode-6/data/ratis/d6f57f33-2e86-4346-a8c9-950ba0564d07 for RaftStorage:Storage Directory /workdir/hadoop-ozone/integration-test/target/test-dir/MiniOzoneClusterImpl-efb0e503-cad1-4dcb-a604-0867af0d3cca/datanode-6/data/ratis/d6f57f33-2e86-4346-a8c9-950ba0564d07
2019-09-19 09:00:16,117 [pool-93-thread-1] INFO  server.RaftServerConfigKeys (ConfUtils.java:logGet(43)) - raft.server.log.queue.byte-limit = 2147483647 (custom)
2019-09-19 09:00:16,118 [pool-93-thread-1] INFO  server.RaftServerConfigKeys (ConfUtils.java:logGet(43)) - raft.server.log.queue.element-limit = 1024 (custom)
2019-09-19 09:00:16,118 [pool-93-thread-1] INFO  server.RaftServerConfigKeys (ConfUtils.java:logGet(43)) - raft.server.log.segment.size.max = 1048576 (custom)
2019-09-19 09:00:16,118 [pool-93-thread-1] INFO  server.RaftServerConfigKeys (ConfUtils.java:logGet(43)) - raft.server.log.preallocated.size = 16384 (custom)
2019-09-19 09:00:16,118 [pool-93-thread-1] INFO  server.RaftServerConfigKeys (ConfUtils.java:logGet(43)) - raft.server.log.write.buffer.size = 33554432 (custom)
2019-09-19 09:00:16,118 [pool-93-thread-1] INFO  server.RaftServerConfigKeys (ConfUtils.java:logGet(43)) - raft.server.log.force.sync.num = 128 (default)
2019-09-19 09:00:16,118 [pool-93-thread-1] INFO  server.RaftServerConfigKeys (ConfUtils.java:logGet(43)) - raft.server.log.statemachine.data.sync = true (default)
2019-09-19 09:00:16,118 [pool-93-thread-1] INFO  server.RaftServerConfigKeys (ConfUtils.java:logGet(43)) - raft.server.log.statemachine.data.sync.timeout = 10s (default)
2019-09-19 09:00:16,118 [pool-93-thread-1] INFO  server.RaftServerConfigKeys (ConfUtils.java:logGet(43)) - raft.server.log.statemachine.data.sync.timeout.retry = -1 (default)
2019-09-19 09:00:16,119 [pool-93-thread-1] INFO  server.RaftServerConfigKeys (ConfUtils.java:logGet(43)) - raft.server.log.statemachine.data.caching.enabled = true (custom)
2019-09-19 09:00:16,119 [pool-93-thread-1] INFO  segmented.SegmentedRaftLogWorker (SegmentedRaftLogWorker.java:lambda$new$0(132)) - 0dab3cb5-21ad-4f3e-9c90-05507adcbb62-SegmentedRaftLogWorker:Storage Directory /workdir/hadoop-ozone/integration-test/target/test-dir/MiniOzoneClusterImpl-efb0e503-cad1-4dcb-a604-0867af0d3cca/datanode-6/data/ratis/d6f57f33-2e86-4346-a8c9-950ba0564d07: flushIndex: setUnconditionally 0 -> -1
2019-09-19 09:00:16,119 [pool-93-thread-1] INFO  server.RaftServerConfigKeys (ConfUtils.java:logGet(43)) - raft.server.snapshot.auto.trigger.enabled = true (custom)
2019-09-19 09:00:16,119 [pool-93-thread-1] INFO  server.RaftServerConfigKeys (ConfUtils.java:logGet(43)) - raft.server.snapshot.auto.trigger.threshold = 10000 (custom)
2019-09-19 09:00:16,120 [pool-93-thread-1] INFO  server.RaftServerConfigKeys (ConfUtils.java:logGet(43)) - raft.server.retrycache.expirytime = 600000ms (custom)
2019-09-19 09:00:16,120 [pool-93-thread-1] INFO  impl.RaftServerImpl (RaftServerImpl.java:start(180)) - 0dab3cb5-21ad-4f3e-9c90-05507adcbb62: start group-950BA0564D07
2019-09-19 09:00:16,120 [pool-93-thread-1] INFO  impl.RaftServerImpl (RaftServerImpl.java:setRole(171)) - 0dab3cb5-21ad-4f3e-9c90-05507adcbb62:group-950BA0564D07 changes role from null to FOLLOWER at term 0 for startAsFollower
2019-09-19 09:00:16,120 [pool-93-thread-1] INFO  impl.RoleInfo (RoleInfo.java:updateAndGet(143)) - 0dab3cb5-21ad-4f3e-9c90-05507adcbb62: start FollowerState
2019-09-19 09:00:16,120 [pool-93-thread-1] INFO  util.JmxRegister (JmxRegister.java:tryRegister(44)) - Successfully registered JMX Bean with object name Ratis:service=RaftServer,group=group-950BA0564D07,id=0dab3cb5-21ad-4f3e-9c90-05507adcbb62
2019-09-19 09:00:16,124 [RatisPipelineUtilsThread] INFO  pipeline.PipelineStateManager (PipelineStateManager.java:addPipeline(56)) - Created pipeline Pipeline[ Id: d6f57f33-2e86-4346-a8c9-950ba0564d07, Nodes: 0dab3cb5-21ad-4f3e-9c90-05507adcbb62{ip: 192.168.34.5, host: pr-hdds-1569-j4bt4-3030777008, networkLocation: /default-rack, certSerialId: null}, Type:RATIS, Factor:ONE, State:OPEN]
2019-09-19 09:00:16,124 [RatisPipelineUtilsThread] ERROR pipeline.PipelinePlacementPolicy (PipelinePlacementPolicy.java:meetCriteria(91)) - Pipeline Placement: Doesn't meet the criteria to be viable node. Heaviness: 6
2019-09-19 09:00:16,124 [RatisPipelineUtilsThread] ERROR pipeline.PipelinePlacementPolicy (PipelinePlacementPolicy.java:meetCriteria(91)) - Pipeline Placement: Doesn't meet the criteria to be viable node. Heaviness: 6
2019-09-19 09:00:16,124 [RatisPipelineUtilsThread] ERROR pipeline.PipelinePlacementPolicy (PipelinePlacementPolicy.java:meetCriteria(91)) - Pipeline Placement: Doesn't meet the criteria to be viable node. Heaviness: 6
2019-09-19 09:00:16,124 [RatisPipelineUtilsThread] ERROR pipeline.PipelinePlacementPolicy (PipelinePlacementPolicy.java:meetCriteria(91)) - Pipeline Placement: Doesn't meet the criteria to be viable node. Heaviness: 6
2019-09-19 09:00:16,124 [RatisPipelineUtilsThread] ERROR pipeline.PipelinePlacementPolicy (PipelinePlacementPolicy.java:meetCriteria(91)) - Pipeline Placement: Doesn't meet the criteria to be viable node. Heaviness: 6
2019-09-19 09:00:16,125 [RatisPipelineUtilsThread] ERROR pipeline.PipelinePlacementPolicy (PipelinePlacementPolicy.java:meetCriteria(91)) - Pipeline Placement: Doesn't meet the criteria to be viable node. Heaviness: 6
2019-09-19 09:00:16,131 [grpc-default-executor-0] INFO  impl.RaftServerProxy (RaftServerProxy.java:addNew(89)) - 0dab3cb5-21ad-4f3e-9c90-05507adcbb62: addNew group-3B6BCE9C15BC:[0dab3cb5-21ad-4f3e-9c90-05507adcbb62:192.168.34.5:45934] returns group-3B6BCE9C15BC:java.util.concurrent.CompletableFuture@5903122e[Not completed]
2019-09-19 09:00:16,132 [pool-93-thread-1] INFO  impl.RaftServerImpl (RaftServerImpl.java:<init>(93)) - 0dab3cb5-21ad-4f3e-9c90-05507adcbb62: new RaftServerImpl for group-3B6BCE9C15BC:[0dab3cb5-21ad-4f3e-9c90-05507adcbb62:192.168.34.5:45934] with ContainerStateMachine:uninitialized
2019-09-19 09:00:16,132 [pool-93-thread-1] INFO  server.RaftServerConfigKeys (ConfUtils.java:logGet(43)) - raft.server.rpc.timeout.min = 5s (custom)
2019-09-19 09:00:16,132 [pool-93-thread-1] INFO  server.RaftServerConfigKeys (ConfUtils.java:logGet(43)) - raft.server.rpc.timeout.max = 5200ms (custom)
2019-09-19 09:00:16,132 [pool-93-thread-1] INFO  server.RaftServerConfigKeys (ConfUtils.java:logGet(43)) - raft.server.rpcslowness.timeout = 120s (custom)
2019-09-19 09:00:16,133 [pool-93-thread-1] INFO  server.RaftServerConfigKeys (ConfUtils.java:logGet(43)) - raft.server.sleep.deviation.threshold = 300 (default)
2019-09-19 09:00:16,133 [pool-93-thread-1] INFO  server.RaftServerConfigKeys (ConfUtils.java:logGet(43)) - raft.server.log.appender.install.snapshot.enabled = false (custom)
2019-09-19 09:00:16,133 [pool-93-thread-1] INFO  impl.RaftServerImpl (ServerState.java:<init>(105)) - 0dab3cb5-21ad-4f3e-9c90-05507adcbb62:group-3B6BCE9C15BC ConfigurationManager, init=-1: [0dab3cb5-21ad-4f3e-9c90-05507adcbb62:192.168.34.5:45934], old=null, confs=<EMPTY_MAP>
2019-09-19 09:00:16,133 [pool-93-thread-1] INFO  server.RaftServerConfigKeys (ConfUtils.java:logGet(43)) - raft.server.storage.dir = [/workdir/hadoop-ozone/integration-test/target/test-dir/MiniOzoneClusterImpl-efb0e503-cad1-4dcb-a604-0867af0d3cca/datanode-6/data/ratis] (custom)
2019-09-19 09:00:16,133 [pool-93-thread-1] INFO  storage.RaftStorageDirectory (RaftStorageDirectory.java:analyzeStorage(246)) - The storage directory /workdir/hadoop-ozone/integration-test/target/test-dir/MiniOzoneClusterImpl-efb0e503-cad1-4dcb-a604-0867af0d3cca/datanode-6/data/ratis/d7c6e055-02a1-47ca-bb8d-3b6bce9c15bc does not exist. Creating ...
2019-09-19 09:00:16,146 [pool-93-thread-1] INFO  storage.RaftStorageDirectory (RaftStorageDirectory.java:tryLock(328)) - Lock on /workdir/hadoop-ozone/integration-test/target/test-dir/MiniOzoneClusterImpl-efb0e503-cad1-4dcb-a604-0867af0d3cca/datanode-6/data/ratis/d7c6e055-02a1-47ca-bb8d-3b6bce9c15bc/in_use.lock acquired by nodename 12225@pr-hdds-1569-j4bt4-3030777008
2019-09-19 09:00:16,159 [pool-93-thread-1] INFO  storage.RaftStorage (RaftStorage.java:format(72)) - Storage directory /workdir/hadoop-ozone/integration-test/target/test-dir/MiniOzoneClusterImpl-efb0e503-cad1-4dcb-a604-0867af0d3cca/datanode-6/data/ratis/d7c6e055-02a1-47ca-bb8d-3b6bce9c15bc has been successfully formatted.
2019-09-19 09:00:16,159 [pool-93-thread-1] INFO  ratis.ContainerStateMachine (ContainerStateMachine.java:loadSnapshot(226)) - group-3B6BCE9C15BC: The snapshot info is null. Setting the last applied indexto:(t:0, i:~)
2019-09-19 09:00:16,159 [pool-93-thread-1] INFO  server.RaftServerConfigKeys (ConfUtils.java:logGet(43)) - raft.server.leader.election.timeout = 120s (custom)
2019-09-19 09:00:16,159 [pool-93-thread-1] INFO  server.RaftServerConfigKeys (ConfUtils.java:logGet(43)) - raft.server.log.use.memory = false (default)
2019-09-19 09:00:16,159 [pool-93-thread-1] INFO  server.RaftServerConfigKeys (ConfUtils.java:logGet(43)) - raft.server.log.purge.gap = 1000000 (custom)
2019-09-19 09:00:16,160 [pool-93-thread-1] INFO  server.RaftServerConfigKeys (ConfUtils.java:logGet(43)) - raft.server.log.appender.buffer.byte-limit = 33554432 (custom)
2019-09-19 09:00:16,160 [pool-93-thread-1] INFO  server.RaftServerConfigKeys (ConfUtils.java:logGet(43)) - raft.server.log.segment.size.max = 1048576 (custom)
2019-09-19 09:00:16,160 [pool-93-thread-1] INFO  server.RaftServerConfigKeys (ConfUtils.java:logGet(43)) - raft.server.log.segment.cache.num.max = 2 (custom)
2019-09-19 09:00:16,160 [pool-93-thread-1] INFO  segmented.SegmentedRaftLogWorker (SegmentedRaftLogWorker.java:<init>(172)) - new 0dab3cb5-21ad-4f3e-9c90-05507adcbb62-SegmentedRaftLogWorker:Storage Directory /workdir/hadoop-ozone/integration-test/target/test-dir/MiniOzoneClusterImpl-efb0e503-cad1-4dcb-a604-0867af0d3cca/datanode-6/data/ratis/d7c6e055-02a1-47ca-bb8d-3b6bce9c15bc for RaftStorage:Storage Directory /workdir/hadoop-ozone/integration-test/target/test-dir/MiniOzoneClusterImpl-efb0e503-cad1-4dcb-a604-0867af0d3cca/datanode-6/data/ratis/d7c6e055-02a1-47ca-bb8d-3b6bce9c15bc
2019-09-19 09:00:16,160 [pool-93-thread-1] INFO  server.RaftServerConfigKeys (ConfUtils.java:logGet(43)) - raft.server.log.queue.byte-limit = 2147483647 (custom)
2019-09-19 09:00:16,160 [pool-93-thread-1] INFO  server.RaftServerConfigKeys (ConfUtils.java:logGet(43)) - raft.server.log.queue.element-limit = 1024 (custom)
2019-09-19 09:00:16,160 [pool-93-thread-1] INFO  server.RaftServerConfigKeys (ConfUtils.java:logGet(43)) - raft.server.log.segment.size.max = 1048576 (custom)
2019-09-19 09:00:16,160 [pool-93-thread-1] INFO  server.RaftServerConfigKeys (ConfUtils.java:logGet(43)) - raft.server.log.preallocated.size = 16384 (custom)
2019-09-19 09:00:16,160 [pool-93-thread-1] INFO  server.RaftServerConfigKeys (ConfUtils.java:logGet(43)) - raft.server.log.write.buffer.size = 33554432 (custom)
2019-09-19 09:00:16,161 [pool-93-thread-1] INFO  server.RaftServerConfigKeys (ConfUtils.java:logGet(43)) - raft.server.log.force.sync.num = 128 (default)
2019-09-19 09:00:16,161 [pool-93-thread-1] INFO  server.RaftServerConfigKeys (ConfUtils.java:logGet(43)) - raft.server.log.statemachine.data.sync = true (default)
2019-09-19 09:00:16,161 [pool-93-thread-1] INFO  server.RaftServerConfigKeys (ConfUtils.java:logGet(43)) - raft.server.log.statemachine.data.sync.timeout = 10s (default)
2019-09-19 09:00:16,161 [pool-93-thread-1] INFO  server.RaftServerConfigKeys (ConfUtils.java:logGet(43)) - raft.server.log.statemachine.data.sync.timeout.retry = -1 (default)
2019-09-19 09:00:16,161 [pool-93-thread-1] INFO  server.RaftServerConfigKeys (ConfUtils.java:logGet(43)) - raft.server.log.statemachine.data.caching.enabled = true (custom)
2019-09-19 09:00:16,161 [pool-93-thread-1] INFO  segmented.SegmentedRaftLogWorker (SegmentedRaftLogWorker.java:lambda$new$0(132)) - 0dab3cb5-21ad-4f3e-9c90-05507adcbb62-SegmentedRaftLogWorker:Storage Directory /workdir/hadoop-ozone/integration-test/target/test-dir/MiniOzoneClusterImpl-efb0e503-cad1-4dcb-a604-0867af0d3cca/datanode-6/data/ratis/d7c6e055-02a1-47ca-bb8d-3b6bce9c15bc: flushIndex: setUnconditionally 0 -> -1
2019-09-19 09:00:16,162 [pool-93-thread-1] INFO  server.RaftServerConfigKeys (ConfUtils.java:logGet(43)) - raft.server.snapshot.auto.trigger.enabled = true (custom)
2019-09-19 09:00:16,162 [pool-93-thread-1] INFO  server.RaftServerConfigKeys (ConfUtils.java:logGet(43)) - raft.server.snapshot.auto.trigger.threshold = 10000 (custom)
2019-09-19 09:00:16,162 [pool-93-thread-1] INFO  server.RaftServerConfigKeys (ConfUtils.java:logGet(43)) - raft.server.retrycache.expirytime = 600000ms (custom)
2019-09-19 09:00:16,162 [pool-93-thread-1] INFO  impl.RaftServerImpl (RaftServerImpl.java:start(180)) - 0dab3cb5-21ad-4f3e-9c90-05507adcbb62: start group-3B6BCE9C15BC
2019-09-19 09:00:16,162 [pool-93-thread-1] INFO  impl.RaftServerImpl (RaftServerImpl.java:setRole(171)) - 0dab3cb5-21ad-4f3e-9c90-05507adcbb62:group-3B6BCE9C15BC changes role from null to FOLLOWER at term 0 for startAsFollower
2019-09-19 09:00:16,162 [pool-93-thread-1] INFO  impl.RoleInfo (RoleInfo.java:updateAndGet(143)) - 0dab3cb5-21ad-4f3e-9c90-05507adcbb62: start FollowerState
2019-09-19 09:00:16,163 [pool-93-thread-1] INFO  util.JmxRegister (JmxRegister.java:tryRegister(44)) - Successfully registered JMX Bean with object name Ratis:service=RaftServer,group=group-3B6BCE9C15BC,id=0dab3cb5-21ad-4f3e-9c90-05507adcbb62
2019-09-19 09:00:16,171 [RatisPipelineUtilsThread] INFO  pipeline.PipelineStateManager (PipelineStateManager.java:addPipeline(56)) - Created pipeline Pipeline[ Id: d7c6e055-02a1-47ca-bb8d-3b6bce9c15bc, Nodes: 0dab3cb5-21ad-4f3e-9c90-05507adcbb62{ip: 192.168.34.5, host: pr-hdds-1569-j4bt4-3030777008, networkLocation: /default-rack, certSerialId: null}, Type:RATIS, Factor:ONE, State:OPEN]
2019-09-19 09:00:16,171 [RatisPipelineUtilsThread] ERROR pipeline.PipelinePlacementPolicy (PipelinePlacementPolicy.java:meetCriteria(91)) - Pipeline Placement: Doesn't meet the criteria to be viable node. Heaviness: 6
2019-09-19 09:00:16,171 [RatisPipelineUtilsThread] ERROR pipeline.PipelinePlacementPolicy (PipelinePlacementPolicy.java:meetCriteria(91)) - Pipeline Placement: Doesn't meet the criteria to be viable node. Heaviness: 6
2019-09-19 09:00:16,171 [RatisPipelineUtilsThread] ERROR pipeline.PipelinePlacementPolicy (PipelinePlacementPolicy.java:meetCriteria(91)) - Pipeline Placement: Doesn't meet the criteria to be viable node. Heaviness: 6
2019-09-19 09:00:16,172 [RatisPipelineUtilsThread] ERROR pipeline.PipelinePlacementPolicy (PipelinePlacementPolicy.java:meetCriteria(91)) - Pipeline Placement: Doesn't meet the criteria to be viable node. Heaviness: 6
2019-09-19 09:00:16,174 [RatisPipelineUtilsThread] ERROR pipeline.PipelinePlacementPolicy (PipelinePlacementPolicy.java:meetCriteria(91)) - Pipeline Placement: Doesn't meet the criteria to be viable node. Heaviness: 6
2019-09-19 09:00:16,174 [RatisPipelineUtilsThread] ERROR pipeline.PipelinePlacementPolicy (PipelinePlacementPolicy.java:meetCriteria(91)) - Pipeline Placement: Doesn't meet the criteria to be viable node. Heaviness: 6
2019-09-19 09:00:16,176 [RatisPipelineUtilsThread] ERROR pipeline.PipelinePlacementPolicy (PipelinePlacementPolicy.java:meetCriteria(91)) - Pipeline Placement: Doesn't meet the criteria to be viable node. Heaviness: 6
2019-09-19 09:00:16,176 | INFO  | SCMAudit | user=jenkins1000 | ip=192.168.34.5 | op=SEND_HEARTBEAT {datanodeUUID=21f2978a-2ca5-4a16-a721-5bddc1a70383, command=[]} | ret=SUCCESS |  
2019-09-19 09:00:16,177 | INFO  | SCMAudit | user=jenkins1000 | ip=192.168.34.5 | op=SEND_HEARTBEAT {datanodeUUID=9ec9b7eb-9269-4de4-b0e5-15ac19151471, command=[]} | ret=SUCCESS |  
2019-09-19 09:00:16,177 [RatisPipelineUtilsThread] ERROR pipeline.PipelinePlacementPolicy (PipelinePlacementPolicy.java:filterViableNodes(146)) - Unable to find enough nodes that meet the criteria that cannot engage in more than 5 pipelines. Nodes required: 1 Found: 0, healthy nodes count inNodeManager: 7.
2019-09-19 09:00:16,179 [RatisPipelineUtilsThread] ERROR pipeline.SCMPipelineManager (SCMPipelineManager.java:createPipeline(161)) - Pipeline creation failed due to exception: Unable to find enough nodes that meet the criteria that cannot engage in more than 5 pipelines. Nodes required: 1 Found: 0, healthy nodes count inNodeManager: 7.
2019-09-19 09:00:16,179 [RatisPipelineUtilsThread] ERROR pipeline.PipelinePlacementPolicy (PipelinePlacementPolicy.java:meetCriteria(91)) - Pipeline Placement: Doesn't meet the criteria to be viable node. Heaviness: 6
2019-09-19 09:00:16,179 [RatisPipelineUtilsThread] ERROR pipeline.PipelinePlacementPolicy (PipelinePlacementPolicy.java:meetCriteria(91)) - Pipeline Placement: Doesn't meet the criteria to be viable node. Heaviness: 6
2019-09-19 09:00:16,179 [RatisPipelineUtilsThread] ERROR pipeline.PipelinePlacementPolicy (PipelinePlacementPolicy.java:meetCriteria(91)) - Pipeline Placement: Doesn't meet the criteria to be viable node. Heaviness: 6
2019-09-19 09:00:16,179 [RatisPipelineUtilsThread] ERROR pipeline.PipelinePlacementPolicy (PipelinePlacementPolicy.java:meetCriteria(91)) - Pipeline Placement: Doesn't meet the criteria to be viable node. Heaviness: 6
2019-09-19 09:00:16,179 [RatisPipelineUtilsThread] ERROR pipeline.PipelinePlacementPolicy (PipelinePlacementPolicy.java:meetCriteria(91)) - Pipeline Placement: Doesn't meet the criteria to be viable node. Heaviness: 6
2019-09-19 09:00:16,179 [RatisPipelineUtilsThread] ERROR pipeline.PipelinePlacementPolicy (PipelinePlacementPolicy.java:meetCriteria(91)) - Pipeline Placement: Doesn't meet the criteria to be viable node. Heaviness: 6
2019-09-19 09:00:16,180 [RatisPipelineUtilsThread] ERROR pipeline.PipelinePlacementPolicy (PipelinePlacementPolicy.java:meetCriteria(91)) - Pipeline Placement: Doesn't meet the criteria to be viable node. Heaviness: 6
2019-09-19 09:00:16,180 [RatisPipelineUtilsThread] ERROR pipeline.PipelinePlacementPolicy (PipelinePlacementPolicy.java:filterViableNodes(146)) - Unable to find enough nodes that meet the criteria that cannot engage in more than 5 pipelines. Nodes required: 3 Found: 0, healthy nodes count inNodeManager: 7.
2019-09-19 09:00:16,180 [RatisPipelineUtilsThread] ERROR pipeline.SCMPipelineManager (SCMPipelineManager.java:createPipeline(161)) - Pipeline creation failed due to exception: Unable to find enough nodes that meet the criteria that cannot engage in more than 5 pipelines. Nodes required: 3 Found: 0, healthy nodes count inNodeManager: 7.
2019-09-19 09:00:16,182 [RatisPipelineUtilsThread] ERROR pipeline.PipelinePlacementPolicy (PipelinePlacementPolicy.java:meetCriteria(91)) - Pipeline Placement: Doesn't meet the criteria to be viable node. Heaviness: 6
2019-09-19 09:00:16,182 [RatisPipelineUtilsThread] ERROR pipeline.PipelinePlacementPolicy (PipelinePlacementPolicy.java:meetCriteria(91)) - Pipeline Placement: Doesn't meet the criteria to be viable node. Heaviness: 6
2019-09-19 09:00:16,182 [RatisPipelineUtilsThread] ERROR pipeline.PipelinePlacementPolicy (PipelinePlacementPolicy.java:meetCriteria(91)) - Pipeline Placement: Doesn't meet the criteria to be viable node. Heaviness: 6
2019-09-19 09:00:16,182 [RatisPipelineUtilsThread] ERROR pipeline.PipelinePlacementPolicy (PipelinePlacementPolicy.java:meetCriteria(91)) - Pipeline Placement: Doesn't meet the criteria to be viable node. Heaviness: 6
2019-09-19 09:00:16,182 [RatisPipelineUtilsThread] ERROR pipeline.PipelinePlacementPolicy (PipelinePlacementPolicy.java:meetCriteria(91)) - Pipeline Placement: Doesn't meet the criteria to be viable node. Heaviness: 6
2019-09-19 09:00:16,182 [RatisPipelineUtilsThread] ERROR pipeline.PipelinePlacementPolicy (PipelinePlacementPolicy.java:meetCriteria(91)) - Pipeline Placement: Doesn't meet the criteria to be viable node. Heaviness: 6
2019-09-19 09:00:16,182 [RatisPipelineUtilsThread] ERROR pipeline.PipelinePlacementPolicy (PipelinePlacementPolicy.java:meetCriteria(91)) - Pipeline Placement: Doesn't meet the criteria to be viable node. Heaviness: 6
2019-09-19 09:00:16,183 [RatisPipelineUtilsThread] ERROR pipeline.PipelinePlacementPolicy (PipelinePlacementPolicy.java:filterViableNodes(146)) - Unable to find enough nodes that meet the criteria that cannot engage in more than 5 pipelines. Nodes required: 1 Found: 0, healthy nodes count inNodeManager: 7.
2019-09-19 09:00:16,183 [RatisPipelineUtilsThread] ERROR pipeline.SCMPipelineManager (SCMPipelineManager.java:createPipeline(161)) - Pipeline creation failed due to exception: Unable to find enough nodes that meet the criteria that cannot engage in more than 5 pipelines. Nodes required: 1 Found: 0, healthy nodes count inNodeManager: 7.
2019-09-19 09:00:16,183 [IPC Server handler 0 on 46863] ERROR pipeline.PipelinePlacementPolicy (PipelinePlacementPolicy.java:meetCriteria(91)) - Pipeline Placement: Doesn't meet the criteria to be viable node. Heaviness: 6
2019-09-19 09:00:16,183 [IPC Server handler 0 on 46863] ERROR pipeline.PipelinePlacementPolicy (PipelinePlacementPolicy.java:meetCriteria(91)) - Pipeline Placement: Doesn't meet the criteria to be viable node. Heaviness: 6
2019-09-19 09:00:16,183 [IPC Server handler 0 on 46863] ERROR pipeline.PipelinePlacementPolicy (PipelinePlacementPolicy.java:meetCriteria(91)) - Pipeline Placement: Doesn't meet the criteria to be viable node. Heaviness: 6
2019-09-19 09:00:16,183 [IPC Server handler 0 on 46863] ERROR pipeline.PipelinePlacementPolicy (PipelinePlacementPolicy.java:meetCriteria(91)) - Pipeline Placement: Doesn't meet the criteria to be viable node. Heaviness: 6
2019-09-19 09:00:16,184 [IPC Server handler 0 on 46863] ERROR pipeline.PipelinePlacementPolicy (PipelinePlacementPolicy.java:meetCriteria(91)) - Pipeline Placement: Doesn't meet the criteria to be viable node. Heaviness: 6
2019-09-19 09:00:16,184 [IPC Server handler 0 on 46863] ERROR pipeline.PipelinePlacementPolicy (PipelinePlacementPolicy.java:meetCriteria(91)) - Pipeline Placement: Doesn't meet the criteria to be viable node. Heaviness: 6
2019-09-19 09:00:16,184 [IPC Server handler 0 on 46863] ERROR pipeline.PipelinePlacementPolicy (PipelinePlacementPolicy.java:meetCriteria(91)) - Pipeline Placement: Doesn't meet the criteria to be viable node. Heaviness: 6
2019-09-19 09:00:16,184 [IPC Server handler 0 on 46863] ERROR pipeline.PipelinePlacementPolicy (PipelinePlacementPolicy.java:filterViableNodes(146)) - Unable to find enough nodes that meet the criteria that cannot engage in more than 5 pipelines. Nodes required: 3 Found: 0, healthy nodes count inNodeManager: 7.
2019-09-19 09:00:16,184 [IPC Server handler 0 on 46863] ERROR pipeline.SCMPipelineManager (SCMPipelineManager.java:createPipeline(161)) - Pipeline creation failed due to exception: Unable to find enough nodes that meet the criteria that cannot engage in more than 5 pipelines. Nodes required: 3 Found: 0, healthy nodes count inNodeManager: 7.
2019-09-19 09:00:16,185 [RatisPipelineUtilsThread] ERROR pipeline.PipelinePlacementPolicy (PipelinePlacementPolicy.java:meetCriteria(91)) - Pipeline Placement: Doesn't meet the criteria to be viable node. Heaviness: 6
2019-09-19 09:00:16,185 [RatisPipelineUtilsThread] ERROR pipeline.PipelinePlacementPolicy (PipelinePlacementPolicy.java:meetCriteria(91)) - Pipeline Placement: Doesn't meet the criteria to be viable node. Heaviness: 6
2019-09-19 09:00:16,185 [RatisPipelineUtilsThread] ERROR pipeline.PipelinePlacementPolicy (PipelinePlacementPolicy.java:meetCriteria(91)) - Pipeline Placement: Doesn't meet the criteria to be viable node. Heaviness: 6
2019-09-19 09:00:16,185 [RatisPipelineUtilsThread] ERROR pipeline.PipelinePlacementPolicy (PipelinePlacementPolicy.java:meetCriteria(91)) - Pipeline Placement: Doesn't meet the criteria to be viable node. Heaviness: 6
2019-09-19 09:00:16,186 [RatisPipelineUtilsThread] ERROR pipeline.PipelinePlacementPolicy (PipelinePlacementPolicy.java:meetCriteria(91)) - Pipeline Placement: Doesn't meet the criteria to be viable node. Heaviness: 6
2019-09-19 09:00:16,186 [RatisPipelineUtilsThread] ERROR pipeline.PipelinePlacementPolicy (PipelinePlacementPolicy.java:meetCriteria(91)) - Pipeline Placement: Doesn't meet the criteria to be viable node. Heaviness: 6
2019-09-19 09:00:16,186 [IPC Server handler 0 on 46863] WARN  block.BlockManagerImpl (BlockManagerImpl.java:allocateBlock(192)) - Pipeline creation failed for type:RATIS factor:THREE. Retrying get pipelines call once.
org.apache.hadoop.hdds.scm.exceptions.SCMException: Unable to find enough nodes that meet the criteria that cannot engage in more than 5 pipelines. Nodes required: 3 Found: 0, healthy nodes count inNodeManager: 7.
	at org.apache.hadoop.hdds.scm.pipeline.PipelinePlacementPolicy.filterViableNodes(PipelinePlacementPolicy.java:147)
	at org.apache.hadoop.hdds.scm.pipeline.PipelinePlacementPolicy.chooseDatanodes(PipelinePlacementPolicy.java:170)
	at org.apache.hadoop.hdds.scm.pipeline.RatisPipelineProvider.create(RatisPipelineProvider.java:92)
	at org.apache.hadoop.hdds.scm.pipeline.PipelineFactory.create(PipelineFactory.java:57)
	at org.apache.hadoop.hdds.scm.pipeline.SCMPipelineManager.createPipeline(SCMPipelineManager.java:149)
	at org.apache.hadoop.hdds.scm.block.BlockManagerImpl.allocateBlock(BlockManagerImpl.java:190)
	at org.apache.hadoop.hdds.scm.server.SCMBlockProtocolServer.allocateBlock(SCMBlockProtocolServer.java:175)
	at org.apache.hadoop.ozone.protocolPB.ScmBlockLocationProtocolServerSideTranslatorPB.allocateScmBlock(ScmBlockLocationProtocolServerSideTranslatorPB.java:153)
	at org.apache.hadoop.ozone.protocolPB.ScmBlockLocationProtocolServerSideTranslatorPB.send(ScmBlockLocationProtocolServerSideTranslatorPB.java:112)
	at org.apache.hadoop.hdds.protocol.proto.ScmBlockLocationProtocolProtos$ScmBlockLocationProtocolService$2.callBlockingMethod(ScmBlockLocationProtocolProtos.java:13157)
	at org.apache.hadoop.ipc.ProtobufRpcEngine$Server$ProtoBufRpcInvoker.call(ProtobufRpcEngine.java:524)
	at org.apache.hadoop.ipc.RPC$Server.call(RPC.java:1025)
	at org.apache.hadoop.ipc.Server$RpcCall.run(Server.java:876)
	at org.apache.hadoop.ipc.Server$RpcCall.run(Server.java:822)
	at java.security.AccessController.doPrivileged(Native Method)
	at javax.security.auth.Subject.doAs(Subject.java:422)
	at org.apache.hadoop.security.UserGroupInformation.doAs(UserGroupInformation.java:1730)
	at org.apache.hadoop.ipc.Server$Handler.run(Server.java:2682)
2019-09-19 09:00:16,186 [RatisPipelineUtilsThread] ERROR pipeline.PipelinePlacementPolicy (PipelinePlacementPolicy.java:meetCriteria(91)) - Pipeline Placement: Doesn't meet the criteria to be viable node. Heaviness: 6
2019-09-19 09:00:16,190 [RatisPipelineUtilsThread] ERROR pipeline.PipelinePlacementPolicy (PipelinePlacementPolicy.java:filterViableNodes(146)) - Unable to find enough nodes that meet the criteria that cannot engage in more than 5 pipelines. Nodes required: 3 Found: 0, healthy nodes count inNodeManager: 7.
2019-09-19 09:00:16,190 [RatisPipelineUtilsThread] ERROR pipeline.SCMPipelineManager (SCMPipelineManager.java:createPipeline(161)) - Pipeline creation failed due to exception: Unable to find enough nodes that meet the criteria that cannot engage in more than 5 pipelines. Nodes required: 3 Found: 0, healthy nodes count inNodeManager: 7.
2019-09-19 09:00:16,190 [IPC Server handler 0 on 46863] INFO  block.BlockManagerImpl (BlockManagerImpl.java:allocateBlock(198)) - Could not find available pipeline of type:RATIS and factor:THREE even after retrying
2019-09-19 09:00:16,190 [IPC Server handler 0 on 46863] ERROR block.BlockManagerImpl (BlockManagerImpl.java:allocateBlock(222)) - Unable to allocate a block for the size: 800, type: RATIS, factor: THREE
2019-09-19 09:00:16,191 | INFO  | SCMAudit | user=jenkins1000 | ip=192.168.34.5 | op=ALLOCATE_BLOCK {owner=c79a405e-530e-48f5-a0c5-6b5cc42fe172, size=800, type=RATIS, factor=THREE} | ret=SUCCESS |  
2019-09-19 09:00:16,198 | ERROR | OMAudit | user=jenkins1000 | ip=127.0.0.1 | op=ALLOCATE_KEY {volume=testblockoutputstreamwithretries, bucket=testblockoutputstreamwithretries, key=884b0b11-6213-4d88-a82d-9222188046f8, dataSize=0, replicationType=RATIS, replicationFactor=THREE, keyLocationInfo=null} | ret=FAILURE | org.apache.hadoop.hdds.scm.exceptions.SCMException: Allocated 0 blocks. Requested 1 blocks
	at org.apache.hadoop.hdds.scm.protocolPB.ScmBlockLocationProtocolClientSideTranslatorPB.handleError(ScmBlockLocationProtocolClientSideTranslatorPB.java:118)
	at org.apache.hadoop.hdds.scm.protocolPB.ScmBlockLocationProtocolClientSideTranslatorPB.allocateBlock(ScmBlockLocationProtocolClientSideTranslatorPB.java:156) 
2019-09-19 09:00:16,202 [main] INFO  ozone.MiniOzoneClusterImpl (MiniOzoneClusterImpl.java:shutdown(321)) - Shutting down the Mini Ozone Cluster
2019-09-19 09:00:16,202 | INFO  | SCMAudit | user=null | ip=null | op=GET_SCM_INFO null | ret=SUCCESS |  
2019-09-19 09:00:16,202 [main] INFO  ozone.MiniOzoneClusterImpl (MiniOzoneClusterImpl.java:stop(336)) - Stopping the Mini Ozone Cluster
2019-09-19 09:00:16,203 [main] INFO  ozone.MiniOzoneClusterImpl (MiniOzoneClusterImpl.java:stop(338)) - Stopping the OzoneManager
2019-09-19 09:00:16,203 [main] INFO  ipc.Server (Server.java:stop(3082)) - Stopping server on 42924
2019-09-19 09:00:16,217 [IPC Server listener on 42924] INFO  ipc.Server (Server.java:run(1185)) - Stopping IPC Server listener on 42924
2019-09-19 09:00:16,227 [main] INFO  ratis.OzoneManagerDoubleBuffer (OzoneManagerDoubleBuffer.java:stop(248)) - Stopping OMDoubleBuffer flush thread
2019-09-19 09:00:16,228 [IPC Server Responder] INFO  ipc.Server (Server.java:run(1319)) - Stopping IPC Server Responder
2019-09-19 09:00:16,228 [OMDoubleBufferFlushThread] INFO  ratis.OzoneManagerDoubleBuffer (OzoneManagerDoubleBuffer.java:flushTransactions(191)) - OMDoubleBuffer flush thread OMDoubleBufferFlushThread is interrupted and will exit. OMDoubleBufferFlushThread
2019-09-19 09:00:16,230 [main] INFO  utils.BackgroundService (BackgroundService.java:shutdown(148)) - Shutting down service KeyDeletingService
2019-09-19 09:00:16,235 [main] INFO  handler.ContextHandler (ContextHandler.java:doStop(910)) - Stopped o.e.j.w.WebAppContext@1f1cae23{/,null,UNAVAILABLE}{/ozoneManager}
2019-09-19 09:00:16,241 [main] INFO  server.AbstractConnector (AbstractConnector.java:doStop(318)) - Stopped ServerConnector@5b1d5e62{HTTP/1.1,[http/1.1]}{0.0.0.0:0}
2019-09-19 09:00:16,241 [main] INFO  handler.ContextHandler (ContextHandler.java:doStop(910)) - Stopped o.e.j.s.ServletContextHandler@1698d7c0{/static,file:///workdir/hadoop-ozone/integration-test/target/test-classes/webapps/static,UNAVAILABLE}
2019-09-19 09:00:16,242 [main] INFO  handler.ContextHandler (ContextHandler.java:doStop(910)) - Stopped o.e.j.s.ServletContextHandler@73ba6fe6{/logs,file:///workdir/hadoop-ozone/integration-test/target/log,UNAVAILABLE}
2019-09-19 09:00:16,245 [main] INFO  ozone.MiniOzoneClusterImpl (MiniOzoneClusterImpl.java:stop(344)) - Shutting the HddsDatanodes
2019-09-19 09:00:16,246 [main] INFO  datanode.ObjectStoreHandler (ObjectStoreHandler.java:close(155)) - Closing ObjectStoreHandler.
2019-09-19 09:00:16,247 [ForkJoinPool.commonPool-worker-1] INFO  datanode.ObjectStoreHandler (ObjectStoreHandler.java:close(155)) - Closing ObjectStoreHandler.
2019-09-19 09:00:16,249 [main] INFO  ozone.HddsDatanodeService (HddsDatanodeService.java:stop(451)) - Stopped plug-in org.apache.hadoop.ozone.web.OzoneHddsDatanodeService@514377fc
2019-09-19 09:00:16,249 [ForkJoinPool.commonPool-worker-1] INFO  ozone.HddsDatanodeService (HddsDatanodeService.java:stop(451)) - Stopped plug-in org.apache.hadoop.ozone.web.OzoneHddsDatanodeService@501957bf
2019-09-19 09:00:16,429 [Datanode State Machine Thread - 0] INFO  statemachine.DatanodeStateMachine (DatanodeStateMachine.java:lambda$startDaemon$0(350)) - Ozone container server started.
2019-09-19 09:00:16,504 | INFO  | SCMAudit | user=jenkins1000 | ip=192.168.34.5 | op=SEND_HEARTBEAT {datanodeUUID=5794d84d-2349-4704-a7d7-6735dfcfc341, command=[]} | ret=SUCCESS |  
2019-09-19 09:00:16,696 | INFO  | SCMAudit | user=jenkins1000 | ip=192.168.34.5 | op=SEND_HEARTBEAT {datanodeUUID=0dab3cb5-21ad-4f3e-9c90-05507adcbb62, command=[]} | ret=SUCCESS |  
2019-09-19 09:00:17,087 | INFO  | SCMAudit | user=jenkins1000 | ip=192.168.34.5 | op=SEND_HEARTBEAT {datanodeUUID=188fabf1-fb11-41c2-a0ed-ee400af44df4, command=[]} | ret=SUCCESS |  
2019-09-19 09:00:17,115 | INFO  | SCMAudit | user=jenkins1000 | ip=192.168.34.5 | op=SEND_HEARTBEAT {datanodeUUID=cf0fb8b8-922c-4d9e-8ced-919bfd64db77, command=[]} | ret=SUCCESS |  
2019-09-19 09:00:17,171 [Datanode State Machine Thread - 0] INFO  statemachine.DatanodeStateMachine (DatanodeStateMachine.java:lambda$startDaemon$0(350)) - Ozone container server started.
2019-09-19 09:00:17,200 | INFO  | SCMAudit | user=jenkins1000 | ip=192.168.34.5 | op=SEND_HEARTBEAT {datanodeUUID=9ec9b7eb-9269-4de4-b0e5-15ac19151471, command=[]} | ret=SUCCESS |  
2019-09-19 09:00:17,501 | INFO  | SCMAudit | user=jenkins1000 | ip=192.168.34.5 | op=SEND_HEARTBEAT {datanodeUUID=5794d84d-2349-4704-a7d7-6735dfcfc341, command=[]} | ret=SUCCESS |  
2019-09-19 09:00:17,692 | INFO  | SCMAudit | user=jenkins1000 | ip=192.168.34.5 | op=SEND_HEARTBEAT {datanodeUUID=0dab3cb5-21ad-4f3e-9c90-05507adcbb62, command=[]} | ret=SUCCESS |  
2019-09-19 09:00:18,084 | INFO  | SCMAudit | user=jenkins1000 | ip=192.168.34.5 | op=SEND_HEARTBEAT {datanodeUUID=188fabf1-fb11-41c2-a0ed-ee400af44df4, command=[]} | ret=SUCCESS |  
2019-09-19 09:00:18,097 | INFO  | SCMAudit | user=jenkins1000 | ip=192.168.34.5 | op=SEND_HEARTBEAT {datanodeUUID=cf0fb8b8-922c-4d9e-8ced-919bfd64db77, command=[]} | ret=SUCCESS |  
2019-09-19 09:00:18,177 | INFO  | SCMAudit | user=jenkins1000 | ip=192.168.34.5 | op=SEND_HEARTBEAT {datanodeUUID=9ec9b7eb-9269-4de4-b0e5-15ac19151471, command=[]} | ret=SUCCESS |  
2019-09-19 09:00:18,501 | INFO  | SCMAudit | user=jenkins1000 | ip=192.168.34.5 | op=SEND_HEARTBEAT {datanodeUUID=5794d84d-2349-4704-a7d7-6735dfcfc341, command=[]} | ret=SUCCESS |  
2019-09-19 09:00:18,616 [Thread-239] INFO  impl.FollowerState (FollowerState.java:run(106)) - 9ec9b7eb-9269-4de4-b0e5-15ac19151471:group-334515934BFD changes to CANDIDATE, lastRpcTime:5160, electionTimeout:5159ms
2019-09-19 09:00:18,616 [Thread-239] INFO  impl.RoleInfo (RoleInfo.java:shutdownFollowerState(121)) - 9ec9b7eb-9269-4de4-b0e5-15ac19151471: shutdown FollowerState
2019-09-19 09:00:18,616 [Thread-239] INFO  impl.RaftServerImpl (RaftServerImpl.java:setRole(171)) - 9ec9b7eb-9269-4de4-b0e5-15ac19151471:group-334515934BFD changes role from FOLLOWER to CANDIDATE at term 0 for changeToCandidate
2019-09-19 09:00:18,624 [Thread-239] INFO  impl.RoleInfo (RoleInfo.java:updateAndGet(143)) - 9ec9b7eb-9269-4de4-b0e5-15ac19151471: start LeaderElection
2019-09-19 09:00:18,638 [9ec9b7eb-9269-4de4-b0e5-15ac19151471:group-334515934BFD:LeaderElection1] INFO  impl.LeaderElection (LeaderElection.java:askForVotes(181)) - 9ec9b7eb-9269-4de4-b0e5-15ac19151471:group-334515934BFD:LeaderElection1: begin an election at term 1 for -1: [9ec9b7eb-9269-4de4-b0e5-15ac19151471:192.168.34.5:41076], old=null
2019-09-19 09:00:18,641 [9ec9b7eb-9269-4de4-b0e5-15ac19151471:group-334515934BFD:LeaderElection1] INFO  impl.RoleInfo (RoleInfo.java:shutdownLeaderElection(134)) - 9ec9b7eb-9269-4de4-b0e5-15ac19151471: shutdown LeaderElection
2019-09-19 09:00:18,641 [9ec9b7eb-9269-4de4-b0e5-15ac19151471:group-334515934BFD:LeaderElection1] INFO  impl.RaftServerImpl (RaftServerImpl.java:setRole(171)) - 9ec9b7eb-9269-4de4-b0e5-15ac19151471:group-334515934BFD changes role from CANDIDATE to LEADER at term 1 for changeToLeader
2019-09-19 09:00:18,642 [9ec9b7eb-9269-4de4-b0e5-15ac19151471:group-334515934BFD:LeaderElection1] INFO  impl.RaftServerImpl (ServerState.java:setLeader(263)) - 9ec9b7eb-9269-4de4-b0e5-15ac19151471:group-334515934BFD change Leader from null to 9ec9b7eb-9269-4de4-b0e5-15ac19151471 at term 1 for becomeLeader, leader elected after 5267ms
2019-09-19 09:00:18,650 [9ec9b7eb-9269-4de4-b0e5-15ac19151471:group-334515934BFD:LeaderElection1] INFO  server.RaftServerConfigKeys (ConfUtils.java:logGet(43)) - raft.server.staging.catchup.gap = 1000 (default)
2019-09-19 09:00:18,650 [9ec9b7eb-9269-4de4-b0e5-15ac19151471:group-334515934BFD:LeaderElection1] INFO  server.RaftServerConfigKeys (ConfUtils.java:logGet(43)) - raft.server.rpc.sleep.time = 25ms (default)
2019-09-19 09:00:18,654 [9ec9b7eb-9269-4de4-b0e5-15ac19151471:group-334515934BFD:LeaderElection1] INFO  server.RaftServerConfigKeys (ConfUtils.java:logGet(43)) - raft.server.write.element-limit = 4096 (default)
2019-09-19 09:00:18,657 [9ec9b7eb-9269-4de4-b0e5-15ac19151471:group-334515934BFD:LeaderElection1] INFO  server.RaftServerConfigKeys (ConfUtils.java:logGet(43)) - raft.server.watch.timeout = 10s (default)
2019-09-19 09:00:18,657 [9ec9b7eb-9269-4de4-b0e5-15ac19151471:group-334515934BFD:LeaderElection1] INFO  server.RaftServerConfigKeys (ConfUtils.java:logGet(43)) - raft.server.watch.timeout.denomination = 1s (default)
2019-09-19 09:00:18,658 [9ec9b7eb-9269-4de4-b0e5-15ac19151471:group-334515934BFD:LeaderElection1] INFO  server.RaftServerConfigKeys (ConfUtils.java:logGet(43)) - raft.server.watch.element-limit = 65536 (default)
2019-09-19 09:00:18,667 [9ec9b7eb-9269-4de4-b0e5-15ac19151471:group-334515934BFD:LeaderElection1] INFO  impl.RoleInfo (RoleInfo.java:updateAndGet(143)) - 9ec9b7eb-9269-4de4-b0e5-15ac19151471: start LeaderState
2019-09-19 09:00:18,692 | INFO  | SCMAudit | user=jenkins1000 | ip=192.168.34.5 | op=SEND_HEARTBEAT {datanodeUUID=0dab3cb5-21ad-4f3e-9c90-05507adcbb62, command=[]} | ret=SUCCESS |  
2019-09-19 09:00:18,692 [9ec9b7eb-9269-4de4-b0e5-15ac19151471:group-334515934BFD:LeaderElection1] INFO  segmented.SegmentedRaftLogWorker (SegmentedRaftLogWorker.java:startLogSegment(380)) - 9ec9b7eb-9269-4de4-b0e5-15ac19151471-SegmentedRaftLogWorker:Storage Directory /workdir/hadoop-ozone/integration-test/target/test-dir/MiniOzoneClusterImpl-efb0e503-cad1-4dcb-a604-0867af0d3cca/datanode-0/data/ratis/18a0436a-23eb-4862-8bb9-334515934bfd: Starting segment from index:0
2019-09-19 09:00:18,701 [9ec9b7eb-9269-4de4-b0e5-15ac19151471:group-334515934BFD:LeaderElection1] INFO  impl.RaftServerImpl (ServerState.java:setRaftConf(361)) - 9ec9b7eb-9269-4de4-b0e5-15ac19151471:group-334515934BFD set configuration 0: [9ec9b7eb-9269-4de4-b0e5-15ac19151471:192.168.34.5:41076], old=null at 0
2019-09-19 09:00:18,758 [Thread-242] INFO  impl.FollowerState (FollowerState.java:run(106)) - 9ec9b7eb-9269-4de4-b0e5-15ac19151471:group-6962F2081F75 changes to CANDIDATE, lastRpcTime:5169, electionTimeout:5169ms
2019-09-19 09:00:18,760 [Thread-242] INFO  impl.RoleInfo (RoleInfo.java:shutdownFollowerState(121)) - 9ec9b7eb-9269-4de4-b0e5-15ac19151471: shutdown FollowerState
2019-09-19 09:00:18,760 [Thread-242] INFO  impl.RaftServerImpl (RaftServerImpl.java:setRole(171)) - 9ec9b7eb-9269-4de4-b0e5-15ac19151471:group-6962F2081F75 changes role from FOLLOWER to CANDIDATE at term 0 for changeToCandidate
2019-09-19 09:00:18,760 [Thread-242] INFO  impl.RoleInfo (RoleInfo.java:updateAndGet(143)) - 9ec9b7eb-9269-4de4-b0e5-15ac19151471: start LeaderElection
2019-09-19 09:00:18,781 [9ec9b7eb-9269-4de4-b0e5-15ac19151471:group-6962F2081F75:LeaderElection2] INFO  impl.LeaderElection (LeaderElection.java:askForVotes(181)) - 9ec9b7eb-9269-4de4-b0e5-15ac19151471:group-6962F2081F75:LeaderElection2: begin an election at term 1 for -1: [9ec9b7eb-9269-4de4-b0e5-15ac19151471:192.168.34.5:41076], old=null
2019-09-19 09:00:18,791 [9ec9b7eb-9269-4de4-b0e5-15ac19151471:group-6962F2081F75:LeaderElection2] INFO  impl.RoleInfo (RoleInfo.java:shutdownLeaderElection(134)) - 9ec9b7eb-9269-4de4-b0e5-15ac19151471: shutdown LeaderElection
2019-09-19 09:00:18,791 [9ec9b7eb-9269-4de4-b0e5-15ac19151471:group-6962F2081F75:LeaderElection2] INFO  impl.RaftServerImpl (RaftServerImpl.java:setRole(171)) - 9ec9b7eb-9269-4de4-b0e5-15ac19151471:group-6962F2081F75 changes role from CANDIDATE to LEADER at term 1 for changeToLeader
2019-09-19 09:00:18,791 [9ec9b7eb-9269-4de4-b0e5-15ac19151471:group-6962F2081F75:LeaderElection2] INFO  impl.RaftServerImpl (ServerState.java:setLeader(263)) - 9ec9b7eb-9269-4de4-b0e5-15ac19151471:group-6962F2081F75 change Leader from null to 9ec9b7eb-9269-4de4-b0e5-15ac19151471 at term 1 for becomeLeader, leader elected after 5208ms
2019-09-19 09:00:18,791 [9ec9b7eb-9269-4de4-b0e5-15ac19151471:group-6962F2081F75:LeaderElection2] INFO  server.RaftServerConfigKeys (ConfUtils.java:logGet(43)) - raft.server.staging.catchup.gap = 1000 (default)
2019-09-19 09:00:18,792 [9ec9b7eb-9269-4de4-b0e5-15ac19151471:group-6962F2081F75:LeaderElection2] INFO  server.RaftServerConfigKeys (ConfUtils.java:logGet(43)) - raft.server.rpc.sleep.time = 25ms (default)
2019-09-19 09:00:18,792 [9ec9b7eb-9269-4de4-b0e5-15ac19151471:group-6962F2081F75:LeaderElection2] INFO  server.RaftServerConfigKeys (ConfUtils.java:logGet(43)) - raft.server.write.element-limit = 4096 (default)
2019-09-19 09:00:18,792 [9ec9b7eb-9269-4de4-b0e5-15ac19151471:group-6962F2081F75:LeaderElection2] INFO  server.RaftServerConfigKeys (ConfUtils.java:logGet(43)) - raft.server.watch.timeout = 10s (default)
2019-09-19 09:00:18,792 [9ec9b7eb-9269-4de4-b0e5-15ac19151471:group-6962F2081F75:LeaderElection2] INFO  server.RaftServerConfigKeys (ConfUtils.java:logGet(43)) - raft.server.watch.timeout.denomination = 1s (default)
2019-09-19 09:00:18,792 [9ec9b7eb-9269-4de4-b0e5-15ac19151471:group-6962F2081F75:LeaderElection2] INFO  server.RaftServerConfigKeys (ConfUtils.java:logGet(43)) - raft.server.watch.element-limit = 65536 (default)
2019-09-19 09:00:18,792 [9ec9b7eb-9269-4de4-b0e5-15ac19151471:group-6962F2081F75:LeaderElection2] INFO  impl.RoleInfo (RoleInfo.java:updateAndGet(143)) - 9ec9b7eb-9269-4de4-b0e5-15ac19151471: start LeaderState
2019-09-19 09:00:18,793 [9ec9b7eb-9269-4de4-b0e5-15ac19151471:group-6962F2081F75:LeaderElection2] INFO  segmented.SegmentedRaftLogWorker (SegmentedRaftLogWorker.java:startLogSegment(380)) - 9ec9b7eb-9269-4de4-b0e5-15ac19151471-SegmentedRaftLogWorker:Storage Directory /workdir/hadoop-ozone/integration-test/target/test-dir/MiniOzoneClusterImpl-efb0e503-cad1-4dcb-a604-0867af0d3cca/datanode-0/data/ratis/d7bc11cb-e91a-4c84-9522-6962f2081f75: Starting segment from index:0
2019-09-19 09:00:18,793 [9ec9b7eb-9269-4de4-b0e5-15ac19151471:group-6962F2081F75:LeaderElection2] INFO  impl.RaftServerImpl (ServerState.java:setRaftConf(361)) - 9ec9b7eb-9269-4de4-b0e5-15ac19151471:group-6962F2081F75 set configuration 0: [9ec9b7eb-9269-4de4-b0e5-15ac19151471:192.168.34.5:41076], old=null at 0
2019-09-19 09:00:18,812 [Thread-245] INFO  impl.FollowerState (FollowerState.java:run(106)) - 188fabf1-fb11-41c2-a0ed-ee400af44df4:group-C982510021E1 changes to CANDIDATE, lastRpcTime:5074, electionTimeout:5073ms
2019-09-19 09:00:18,812 [Thread-245] INFO  impl.RoleInfo (RoleInfo.java:shutdownFollowerState(121)) - 188fabf1-fb11-41c2-a0ed-ee400af44df4: shutdown FollowerState
2019-09-19 09:00:18,812 [Thread-245] INFO  impl.RaftServerImpl (RaftServerImpl.java:setRole(171)) - 188fabf1-fb11-41c2-a0ed-ee400af44df4:group-C982510021E1 changes role from FOLLOWER to CANDIDATE at term 0 for changeToCandidate
2019-09-19 09:00:18,812 [Thread-245] INFO  impl.RoleInfo (RoleInfo.java:updateAndGet(143)) - 188fabf1-fb11-41c2-a0ed-ee400af44df4: start LeaderElection
2019-09-19 09:00:18,829 [188fabf1-fb11-41c2-a0ed-ee400af44df4:group-C982510021E1:LeaderElection3] INFO  impl.LeaderElection (LeaderElection.java:askForVotes(181)) - 188fabf1-fb11-41c2-a0ed-ee400af44df4:group-C982510021E1:LeaderElection3: begin an election at term 1 for -1: [188fabf1-fb11-41c2-a0ed-ee400af44df4:192.168.34.5:35829], old=null
2019-09-19 09:00:18,831 [188fabf1-fb11-41c2-a0ed-ee400af44df4:group-C982510021E1:LeaderElection3] INFO  impl.RoleInfo (RoleInfo.java:shutdownLeaderElection(134)) - 188fabf1-fb11-41c2-a0ed-ee400af44df4: shutdown LeaderElection
2019-09-19 09:00:18,831 [188fabf1-fb11-41c2-a0ed-ee400af44df4:group-C982510021E1:LeaderElection3] INFO  impl.RaftServerImpl (RaftServerImpl.java:setRole(171)) - 188fabf1-fb11-41c2-a0ed-ee400af44df4:group-C982510021E1 changes role from CANDIDATE to LEADER at term 1 for changeToLeader
2019-09-19 09:00:18,831 [188fabf1-fb11-41c2-a0ed-ee400af44df4:group-C982510021E1:LeaderElection3] INFO  impl.RaftServerImpl (ServerState.java:setLeader(263)) - 188fabf1-fb11-41c2-a0ed-ee400af44df4:group-C982510021E1 change Leader from null to 188fabf1-fb11-41c2-a0ed-ee400af44df4 at term 1 for becomeLeader, leader elected after 5102ms
2019-09-19 09:00:18,833 [188fabf1-fb11-41c2-a0ed-ee400af44df4:group-C982510021E1:LeaderElection3] INFO  server.RaftServerConfigKeys (ConfUtils.java:logGet(43)) - raft.server.staging.catchup.gap = 1000 (default)
2019-09-19 09:00:18,833 [188fabf1-fb11-41c2-a0ed-ee400af44df4:group-C982510021E1:LeaderElection3] INFO  server.RaftServerConfigKeys (ConfUtils.java:logGet(43)) - raft.server.rpc.sleep.time = 25ms (default)
2019-09-19 09:00:18,834 [188fabf1-fb11-41c2-a0ed-ee400af44df4:group-C982510021E1:LeaderElection3] INFO  server.RaftServerConfigKeys (ConfUtils.java:logGet(43)) - raft.server.write.element-limit = 4096 (default)
2019-09-19 09:00:18,834 [188fabf1-fb11-41c2-a0ed-ee400af44df4:group-C982510021E1:LeaderElection3] INFO  server.RaftServerConfigKeys (ConfUtils.java:logGet(43)) - raft.server.watch.timeout = 10s (default)
2019-09-19 09:00:18,834 [188fabf1-fb11-41c2-a0ed-ee400af44df4:group-C982510021E1:LeaderElection3] INFO  server.RaftServerConfigKeys (ConfUtils.java:logGet(43)) - raft.server.watch.timeout.denomination = 1s (default)
2019-09-19 09:00:18,834 [188fabf1-fb11-41c2-a0ed-ee400af44df4:group-C982510021E1:LeaderElection3] INFO  server.RaftServerConfigKeys (ConfUtils.java:logGet(43)) - raft.server.watch.element-limit = 65536 (default)
2019-09-19 09:00:18,834 [188fabf1-fb11-41c2-a0ed-ee400af44df4:group-C982510021E1:LeaderElection3] INFO  impl.RoleInfo (RoleInfo.java:updateAndGet(143)) - 188fabf1-fb11-41c2-a0ed-ee400af44df4: start LeaderState
2019-09-19 09:00:18,834 [188fabf1-fb11-41c2-a0ed-ee400af44df4:group-C982510021E1:LeaderElection3] INFO  segmented.SegmentedRaftLogWorker (SegmentedRaftLogWorker.java:startLogSegment(380)) - 188fabf1-fb11-41c2-a0ed-ee400af44df4-SegmentedRaftLogWorker:Storage Directory /workdir/hadoop-ozone/integration-test/target/test-dir/MiniOzoneClusterImpl-efb0e503-cad1-4dcb-a604-0867af0d3cca/datanode-3/data/ratis/1489f6a4-263f-4d60-a575-c982510021e1: Starting segment from index:0
2019-09-19 09:00:18,835 [188fabf1-fb11-41c2-a0ed-ee400af44df4:group-C982510021E1:LeaderElection3] INFO  impl.RaftServerImpl (ServerState.java:setRaftConf(361)) - 188fabf1-fb11-41c2-a0ed-ee400af44df4:group-C982510021E1 set configuration 0: [188fabf1-fb11-41c2-a0ed-ee400af44df4:192.168.34.5:35829], old=null at 0
2019-09-19 09:00:18,957 [188fabf1-fb11-41c2-a0ed-ee400af44df4-SegmentedRaftLogWorker:Storage Directory /workdir/hadoop-ozone/integration-test/target/test-dir/MiniOzoneClusterImpl-efb0e503-cad1-4dcb-a604-0867af0d3cca/datanode-3/data/ratis/1489f6a4-263f-4d60-a575-c982510021e1] INFO  segmented.SegmentedRaftLogWorker (SegmentedRaftLogWorker.java:execute(569)) - 188fabf1-fb11-41c2-a0ed-ee400af44df4-SegmentedRaftLogWorker:Storage Directory /workdir/hadoop-ozone/integration-test/target/test-dir/MiniOzoneClusterImpl-efb0e503-cad1-4dcb-a604-0867af0d3cca/datanode-3/data/ratis/1489f6a4-263f-4d60-a575-c982510021e1: created new log segment /workdir/hadoop-ozone/integration-test/target/test-dir/MiniOzoneClusterImpl-efb0e503-cad1-4dcb-a604-0867af0d3cca/datanode-3/data/ratis/1489f6a4-263f-4d60-a575-c982510021e1/current/log_inprogress_0
2019-09-19 09:00:18,957 [9ec9b7eb-9269-4de4-b0e5-15ac19151471-SegmentedRaftLogWorker:Storage Directory /workdir/hadoop-ozone/integration-test/target/test-dir/MiniOzoneClusterImpl-efb0e503-cad1-4dcb-a604-0867af0d3cca/datanode-0/data/ratis/18a0436a-23eb-4862-8bb9-334515934bfd] INFO  segmented.SegmentedRaftLogWorker (SegmentedRaftLogWorker.java:execute(569)) - 9ec9b7eb-9269-4de4-b0e5-15ac19151471-SegmentedRaftLogWorker:Storage Directory /workdir/hadoop-ozone/integration-test/target/test-dir/MiniOzoneClusterImpl-efb0e503-cad1-4dcb-a604-0867af0d3cca/datanode-0/data/ratis/18a0436a-23eb-4862-8bb9-334515934bfd: created new log segment /workdir/hadoop-ozone/integration-test/target/test-dir/MiniOzoneClusterImpl-efb0e503-cad1-4dcb-a604-0867af0d3cca/datanode-0/data/ratis/18a0436a-23eb-4862-8bb9-334515934bfd/current/log_inprogress_0
2019-09-19 09:00:18,957 [9ec9b7eb-9269-4de4-b0e5-15ac19151471-SegmentedRaftLogWorker:Storage Directory /workdir/hadoop-ozone/integration-test/target/test-dir/MiniOzoneClusterImpl-efb0e503-cad1-4dcb-a604-0867af0d3cca/datanode-0/data/ratis/d7bc11cb-e91a-4c84-9522-6962f2081f75] INFO  segmented.SegmentedRaftLogWorker (SegmentedRaftLogWorker.java:execute(569)) - 9ec9b7eb-9269-4de4-b0e5-15ac19151471-SegmentedRaftLogWorker:Storage Directory /workdir/hadoop-ozone/integration-test/target/test-dir/MiniOzoneClusterImpl-efb0e503-cad1-4dcb-a604-0867af0d3cca/datanode-0/data/ratis/d7bc11cb-e91a-4c84-9522-6962f2081f75: created new log segment /workdir/hadoop-ozone/integration-test/target/test-dir/MiniOzoneClusterImpl-efb0e503-cad1-4dcb-a604-0867af0d3cca/datanode-0/data/ratis/d7bc11cb-e91a-4c84-9522-6962f2081f75/current/log_inprogress_0
2019-09-19 09:00:18,993 [Thread-248] INFO  impl.FollowerState (FollowerState.java:run(106)) - cf0fb8b8-922c-4d9e-8ced-919bfd64db77:group-9E7459EFC0D0 changes to CANDIDATE, lastRpcTime:5167, electionTimeout:5167ms
2019-09-19 09:00:18,993 [Thread-248] INFO  impl.RoleInfo (RoleInfo.java:shutdownFollowerState(121)) - cf0fb8b8-922c-4d9e-8ced-919bfd64db77: shutdown FollowerState
2019-09-19 09:00:18,994 [Thread-248] INFO  impl.RaftServerImpl (RaftServerImpl.java:setRole(171)) - cf0fb8b8-922c-4d9e-8ced-919bfd64db77:group-9E7459EFC0D0 changes role from FOLLOWER to CANDIDATE at term 0 for changeToCandidate
2019-09-19 09:00:18,994 [Thread-248] INFO  impl.RoleInfo (RoleInfo.java:updateAndGet(143)) - cf0fb8b8-922c-4d9e-8ced-919bfd64db77: start LeaderElection
2019-09-19 09:00:19,014 [cf0fb8b8-922c-4d9e-8ced-919bfd64db77:group-9E7459EFC0D0:LeaderElection4] INFO  impl.LeaderElection (LeaderElection.java:askForVotes(181)) - cf0fb8b8-922c-4d9e-8ced-919bfd64db77:group-9E7459EFC0D0:LeaderElection4: begin an election at term 1 for -1: [cf0fb8b8-922c-4d9e-8ced-919bfd64db77:192.168.34.5:43255], old=null
2019-09-19 09:00:19,014 [cf0fb8b8-922c-4d9e-8ced-919bfd64db77:group-9E7459EFC0D0:LeaderElection4] INFO  impl.RoleInfo (RoleInfo.java:shutdownLeaderElection(134)) - cf0fb8b8-922c-4d9e-8ced-919bfd64db77: shutdown LeaderElection
2019-09-19 09:00:19,014 [cf0fb8b8-922c-4d9e-8ced-919bfd64db77:group-9E7459EFC0D0:LeaderElection4] INFO  impl.RaftServerImpl (RaftServerImpl.java:setRole(171)) - cf0fb8b8-922c-4d9e-8ced-919bfd64db77:group-9E7459EFC0D0 changes role from CANDIDATE to LEADER at term 1 for changeToLeader
2019-09-19 09:00:19,014 [cf0fb8b8-922c-4d9e-8ced-919bfd64db77:group-9E7459EFC0D0:LeaderElection4] INFO  impl.RaftServerImpl (ServerState.java:setLeader(263)) - cf0fb8b8-922c-4d9e-8ced-919bfd64db77:group-9E7459EFC0D0 change Leader from null to cf0fb8b8-922c-4d9e-8ced-919bfd64db77 at term 1 for becomeLeader, leader elected after 5192ms
2019-09-19 09:00:19,016 [cf0fb8b8-922c-4d9e-8ced-919bfd64db77:group-9E7459EFC0D0:LeaderElection4] INFO  server.RaftServerConfigKeys (ConfUtils.java:logGet(43)) - raft.server.staging.catchup.gap = 1000 (default)
2019-09-19 09:00:19,016 [cf0fb8b8-922c-4d9e-8ced-919bfd64db77:group-9E7459EFC0D0:LeaderElection4] INFO  server.RaftServerConfigKeys (ConfUtils.java:logGet(43)) - raft.server.rpc.sleep.time = 25ms (default)
2019-09-19 09:00:19,017 [cf0fb8b8-922c-4d9e-8ced-919bfd64db77:group-9E7459EFC0D0:LeaderElection4] INFO  server.RaftServerConfigKeys (ConfUtils.java:logGet(43)) - raft.server.write.element-limit = 4096 (default)
2019-09-19 09:00:19,017 [cf0fb8b8-922c-4d9e-8ced-919bfd64db77:group-9E7459EFC0D0:LeaderElection4] INFO  server.RaftServerConfigKeys (ConfUtils.java:logGet(43)) - raft.server.watch.timeout = 10s (default)
2019-09-19 09:00:19,017 [cf0fb8b8-922c-4d9e-8ced-919bfd64db77:group-9E7459EFC0D0:LeaderElection4] INFO  server.RaftServerConfigKeys (ConfUtils.java:logGet(43)) - raft.server.watch.timeout.denomination = 1s (default)
2019-09-19 09:00:19,017 [cf0fb8b8-922c-4d9e-8ced-919bfd64db77:group-9E7459EFC0D0:LeaderElection4] INFO  server.RaftServerConfigKeys (ConfUtils.java:logGet(43)) - raft.server.watch.element-limit = 65536 (default)
2019-09-19 09:00:19,017 [cf0fb8b8-922c-4d9e-8ced-919bfd64db77:group-9E7459EFC0D0:LeaderElection4] INFO  impl.RoleInfo (RoleInfo.java:updateAndGet(143)) - cf0fb8b8-922c-4d9e-8ced-919bfd64db77: start LeaderState
2019-09-19 09:00:19,018 [cf0fb8b8-922c-4d9e-8ced-919bfd64db77:group-9E7459EFC0D0:LeaderElection4] INFO  segmented.SegmentedRaftLogWorker (SegmentedRaftLogWorker.java:startLogSegment(380)) - cf0fb8b8-922c-4d9e-8ced-919bfd64db77-SegmentedRaftLogWorker:Storage Directory /workdir/hadoop-ozone/integration-test/target/test-dir/MiniOzoneClusterImpl-efb0e503-cad1-4dcb-a604-0867af0d3cca/datanode-2/data/ratis/32ce26aa-64af-4a3c-874f-9e7459efc0d0: Starting segment from index:0
2019-09-19 09:00:19,018 [cf0fb8b8-922c-4d9e-8ced-919bfd64db77:group-9E7459EFC0D0:LeaderElection4] INFO  impl.RaftServerImpl (ServerState.java:setRaftConf(361)) - cf0fb8b8-922c-4d9e-8ced-919bfd64db77:group-9E7459EFC0D0 set configuration 0: [cf0fb8b8-922c-4d9e-8ced-919bfd64db77:192.168.34.5:43255], old=null at 0
2019-09-19 09:00:19,055 [Thread-251] INFO  impl.FollowerState (FollowerState.java:run(106)) - 9ec9b7eb-9269-4de4-b0e5-15ac19151471:group-1C6A5B4B399C changes to CANDIDATE, lastRpcTime:5159, electionTimeout:5159ms
2019-09-19 09:00:19,055 [Thread-251] INFO  impl.RoleInfo (RoleInfo.java:shutdownFollowerState(121)) - 9ec9b7eb-9269-4de4-b0e5-15ac19151471: shutdown FollowerState
2019-09-19 09:00:19,055 [Thread-251] INFO  impl.RaftServerImpl (RaftServerImpl.java:setRole(171)) - 9ec9b7eb-9269-4de4-b0e5-15ac19151471:group-1C6A5B4B399C changes role from FOLLOWER to CANDIDATE at term 0 for changeToCandidate
2019-09-19 09:00:19,056 [Thread-251] INFO  impl.RoleInfo (RoleInfo.java:updateAndGet(143)) - 9ec9b7eb-9269-4de4-b0e5-15ac19151471: start LeaderElection
2019-09-19 09:00:19,064 [Thread-257] INFO  impl.FollowerState (FollowerState.java:run(106)) - 2b82d6a8-341a-4a13-8451-80c547e9561a:group-096ADC0F99BD changes to CANDIDATE, lastRpcTime:5058, electionTimeout:5058ms
2019-09-19 09:00:19,064 [Thread-257] INFO  impl.RoleInfo (RoleInfo.java:shutdownFollowerState(121)) - 2b82d6a8-341a-4a13-8451-80c547e9561a: shutdown FollowerState
2019-09-19 09:00:19,064 [Thread-257] INFO  impl.RaftServerImpl (RaftServerImpl.java:setRole(171)) - 2b82d6a8-341a-4a13-8451-80c547e9561a:group-096ADC0F99BD changes role from FOLLOWER to CANDIDATE at term 0 for changeToCandidate
2019-09-19 09:00:19,064 [Thread-257] INFO  impl.RoleInfo (RoleInfo.java:updateAndGet(143)) - 2b82d6a8-341a-4a13-8451-80c547e9561a: start LeaderElection
2019-09-19 09:00:19,069 [cf0fb8b8-922c-4d9e-8ced-919bfd64db77-SegmentedRaftLogWorker:Storage Directory /workdir/hadoop-ozone/integration-test/target/test-dir/MiniOzoneClusterImpl-efb0e503-cad1-4dcb-a604-0867af0d3cca/datanode-2/data/ratis/32ce26aa-64af-4a3c-874f-9e7459efc0d0] INFO  segmented.SegmentedRaftLogWorker (SegmentedRaftLogWorker.java:execute(569)) - cf0fb8b8-922c-4d9e-8ced-919bfd64db77-SegmentedRaftLogWorker:Storage Directory /workdir/hadoop-ozone/integration-test/target/test-dir/MiniOzoneClusterImpl-efb0e503-cad1-4dcb-a604-0867af0d3cca/datanode-2/data/ratis/32ce26aa-64af-4a3c-874f-9e7459efc0d0: created new log segment /workdir/hadoop-ozone/integration-test/target/test-dir/MiniOzoneClusterImpl-efb0e503-cad1-4dcb-a604-0867af0d3cca/datanode-2/data/ratis/32ce26aa-64af-4a3c-874f-9e7459efc0d0/current/log_inprogress_0
2019-09-19 09:00:19,069 [9ec9b7eb-9269-4de4-b0e5-15ac19151471:group-1C6A5B4B399C:LeaderElection5] INFO  impl.LeaderElection (LeaderElection.java:askForVotes(181)) - 9ec9b7eb-9269-4de4-b0e5-15ac19151471:group-1C6A5B4B399C:LeaderElection5: begin an election at term 1 for -1: [9ec9b7eb-9269-4de4-b0e5-15ac19151471:192.168.34.5:41076], old=null
2019-09-19 09:00:19,070 [9ec9b7eb-9269-4de4-b0e5-15ac19151471:group-1C6A5B4B399C:LeaderElection5] INFO  impl.RoleInfo (RoleInfo.java:shutdownLeaderElection(134)) - 9ec9b7eb-9269-4de4-b0e5-15ac19151471: shutdown LeaderElection
2019-09-19 09:00:19,070 [9ec9b7eb-9269-4de4-b0e5-15ac19151471:group-1C6A5B4B399C:LeaderElection5] INFO  impl.RaftServerImpl (RaftServerImpl.java:setRole(171)) - 9ec9b7eb-9269-4de4-b0e5-15ac19151471:group-1C6A5B4B399C changes role from CANDIDATE to LEADER at term 1 for changeToLeader
2019-09-19 09:00:19,070 [9ec9b7eb-9269-4de4-b0e5-15ac19151471:group-1C6A5B4B399C:LeaderElection5] INFO  impl.RaftServerImpl (ServerState.java:setLeader(263)) - 9ec9b7eb-9269-4de4-b0e5-15ac19151471:group-1C6A5B4B399C change Leader from null to 9ec9b7eb-9269-4de4-b0e5-15ac19151471 at term 1 for becomeLeader, leader elected after 5177ms
2019-09-19 09:00:19,070 [9ec9b7eb-9269-4de4-b0e5-15ac19151471:group-1C6A5B4B399C:LeaderElection5] INFO  server.RaftServerConfigKeys (ConfUtils.java:logGet(43)) - raft.server.staging.catchup.gap = 1000 (default)
2019-09-19 09:00:19,071 [9ec9b7eb-9269-4de4-b0e5-15ac19151471:group-1C6A5B4B399C:LeaderElection5] INFO  server.RaftServerConfigKeys (ConfUtils.java:logGet(43)) - raft.server.rpc.sleep.time = 25ms (default)
2019-09-19 09:00:19,071 [9ec9b7eb-9269-4de4-b0e5-15ac19151471:group-1C6A5B4B399C:LeaderElection5] INFO  server.RaftServerConfigKeys (ConfUtils.java:logGet(43)) - raft.server.write.element-limit = 4096 (default)
2019-09-19 09:00:19,071 [9ec9b7eb-9269-4de4-b0e5-15ac19151471:group-1C6A5B4B399C:LeaderElection5] INFO  server.RaftServerConfigKeys (ConfUtils.java:logGet(43)) - raft.server.watch.timeout = 10s (default)
2019-09-19 09:00:19,071 [9ec9b7eb-9269-4de4-b0e5-15ac19151471:group-1C6A5B4B399C:LeaderElection5] INFO  server.RaftServerConfigKeys (ConfUtils.java:logGet(43)) - raft.server.watch.timeout.denomination = 1s (default)
2019-09-19 09:00:19,071 [9ec9b7eb-9269-4de4-b0e5-15ac19151471:group-1C6A5B4B399C:LeaderElection5] INFO  server.RaftServerConfigKeys (ConfUtils.java:logGet(43)) - raft.server.watch.element-limit = 65536 (default)
2019-09-19 09:00:19,072 [9ec9b7eb-9269-4de4-b0e5-15ac19151471:group-1C6A5B4B399C:LeaderElection5] INFO  impl.RoleInfo (RoleInfo.java:updateAndGet(143)) - 9ec9b7eb-9269-4de4-b0e5-15ac19151471: start LeaderState
2019-09-19 09:00:19,072 [9ec9b7eb-9269-4de4-b0e5-15ac19151471:group-1C6A5B4B399C:LeaderElection5] INFO  segmented.SegmentedRaftLogWorker (SegmentedRaftLogWorker.java:startLogSegment(380)) - 9ec9b7eb-9269-4de4-b0e5-15ac19151471-SegmentedRaftLogWorker:Storage Directory /workdir/hadoop-ozone/integration-test/target/test-dir/MiniOzoneClusterImpl-efb0e503-cad1-4dcb-a604-0867af0d3cca/datanode-0/data/ratis/20289028-6ed9-49c4-9ec9-1c6a5b4b399c: Starting segment from index:0
2019-09-19 09:00:19,073 [9ec9b7eb-9269-4de4-b0e5-15ac19151471:group-1C6A5B4B399C:LeaderElection5] INFO  impl.RaftServerImpl (ServerState.java:setRaftConf(361)) - 9ec9b7eb-9269-4de4-b0e5-15ac19151471:group-1C6A5B4B399C set configuration 0: [9ec9b7eb-9269-4de4-b0e5-15ac19151471:192.168.34.5:41076], old=null at 0
2019-09-19 09:00:19,109 [2b82d6a8-341a-4a13-8451-80c547e9561a:group-096ADC0F99BD:LeaderElection6] INFO  impl.LeaderElection (LeaderElection.java:askForVotes(181)) - 2b82d6a8-341a-4a13-8451-80c547e9561a:group-096ADC0F99BD:LeaderElection6: begin an election at term 1 for -1: [2b82d6a8-341a-4a13-8451-80c547e9561a:192.168.34.5:34627], old=null
2019-09-19 09:00:19,109 [2b82d6a8-341a-4a13-8451-80c547e9561a:group-096ADC0F99BD:LeaderElection6] INFO  impl.RoleInfo (RoleInfo.java:shutdownLeaderElection(134)) - 2b82d6a8-341a-4a13-8451-80c547e9561a: shutdown LeaderElection
2019-09-19 09:00:19,109 [2b82d6a8-341a-4a13-8451-80c547e9561a:group-096ADC0F99BD:LeaderElection6] INFO  impl.RaftServerImpl (RaftServerImpl.java:setRole(171)) - 2b82d6a8-341a-4a13-8451-80c547e9561a:group-096ADC0F99BD changes role from CANDIDATE to LEADER at term 1 for changeToLeader
2019-09-19 09:00:19,109 [2b82d6a8-341a-4a13-8451-80c547e9561a:group-096ADC0F99BD:LeaderElection6] INFO  impl.RaftServerImpl (ServerState.java:setLeader(263)) - 2b82d6a8-341a-4a13-8451-80c547e9561a:group-096ADC0F99BD change Leader from null to 2b82d6a8-341a-4a13-8451-80c547e9561a at term 1 for becomeLeader, leader elected after 5110ms
2019-09-19 09:00:19,111 [2b82d6a8-341a-4a13-8451-80c547e9561a:group-096ADC0F99BD:LeaderElection6] INFO  server.RaftServerConfigKeys (ConfUtils.java:logGet(43)) - raft.server.staging.catchup.gap = 1000 (default)
2019-09-19 09:00:19,112 [2b82d6a8-341a-4a13-8451-80c547e9561a:group-096ADC0F99BD:LeaderElection6] INFO  server.RaftServerConfigKeys (ConfUtils.java:logGet(43)) - raft.server.rpc.sleep.time = 25ms (default)
2019-09-19 09:00:19,112 [2b82d6a8-341a-4a13-8451-80c547e9561a:group-096ADC0F99BD:LeaderElection6] INFO  server.RaftServerConfigKeys (ConfUtils.java:logGet(43)) - raft.server.write.element-limit = 4096 (default)
2019-09-19 09:00:19,112 [2b82d6a8-341a-4a13-8451-80c547e9561a:group-096ADC0F99BD:LeaderElection6] INFO  server.RaftServerConfigKeys (ConfUtils.java:logGet(43)) - raft.server.watch.timeout = 10s (default)
2019-09-19 09:00:19,112 [2b82d6a8-341a-4a13-8451-80c547e9561a:group-096ADC0F99BD:LeaderElection6] INFO  server.RaftServerConfigKeys (ConfUtils.java:logGet(43)) - raft.server.watch.timeout.denomination = 1s (default)
2019-09-19 09:00:19,112 [2b82d6a8-341a-4a13-8451-80c547e9561a:group-096ADC0F99BD:LeaderElection6] INFO  server.RaftServerConfigKeys (ConfUtils.java:logGet(43)) - raft.server.watch.element-limit = 65536 (default)
2019-09-19 09:00:19,112 | INFO  | SCMAudit | user=jenkins1000 | ip=192.168.34.5 | op=SEND_HEARTBEAT {datanodeUUID=188fabf1-fb11-41c2-a0ed-ee400af44df4, command=[]} | ret=SUCCESS |  
2019-09-19 09:00:19,112 | INFO  | SCMAudit | user=jenkins1000 | ip=192.168.34.5 | op=SEND_HEARTBEAT {datanodeUUID=cf0fb8b8-922c-4d9e-8ced-919bfd64db77, command=[]} | ret=SUCCESS |  
2019-09-19 09:00:19,112 [2b82d6a8-341a-4a13-8451-80c547e9561a:group-096ADC0F99BD:LeaderElection6] INFO  impl.RoleInfo (RoleInfo.java:updateAndGet(143)) - 2b82d6a8-341a-4a13-8451-80c547e9561a: start LeaderState
2019-09-19 09:00:19,112 [2b82d6a8-341a-4a13-8451-80c547e9561a:group-096ADC0F99BD:LeaderElection6] INFO  segmented.SegmentedRaftLogWorker (SegmentedRaftLogWorker.java:startLogSegment(380)) - 2b82d6a8-341a-4a13-8451-80c547e9561a-SegmentedRaftLogWorker:Storage Directory /workdir/hadoop-ozone/integration-test/target/test-dir/MiniOzoneClusterImpl-efb0e503-cad1-4dcb-a604-0867af0d3cca/datanode-1/data/ratis/c0a6a43c-177c-4522-93a2-096adc0f99bd: Starting segment from index:0
2019-09-19 09:00:19,113 [2b82d6a8-341a-4a13-8451-80c547e9561a:group-096ADC0F99BD:LeaderElection6] INFO  impl.RaftServerImpl (ServerState.java:setRaftConf(361)) - 2b82d6a8-341a-4a13-8451-80c547e9561a:group-096ADC0F99BD set configuration 0: [2b82d6a8-341a-4a13-8451-80c547e9561a:192.168.34.5:34627], old=null at 0
2019-09-19 09:00:19,153 [Thread-263] INFO  impl.FollowerState (FollowerState.java:run(106)) - 188fabf1-fb11-41c2-a0ed-ee400af44df4:group-CCDA13B72EDA changes to CANDIDATE, lastRpcTime:5054, electionTimeout:5047ms
2019-09-19 09:00:19,154 [Thread-254] INFO  impl.FollowerState (FollowerState.java:run(106)) - cf0fb8b8-922c-4d9e-8ced-919bfd64db77:group-7D6B68450511 changes to CANDIDATE, lastRpcTime:5188, electionTimeout:5165ms
2019-09-19 09:00:19,153 [9ec9b7eb-9269-4de4-b0e5-15ac19151471-SegmentedRaftLogWorker:Storage Directory /workdir/hadoop-ozone/integration-test/target/test-dir/MiniOzoneClusterImpl-efb0e503-cad1-4dcb-a604-0867af0d3cca/datanode-0/data/ratis/20289028-6ed9-49c4-9ec9-1c6a5b4b399c] INFO  segmented.SegmentedRaftLogWorker (SegmentedRaftLogWorker.java:execute(569)) - 9ec9b7eb-9269-4de4-b0e5-15ac19151471-SegmentedRaftLogWorker:Storage Directory /workdir/hadoop-ozone/integration-test/target/test-dir/MiniOzoneClusterImpl-efb0e503-cad1-4dcb-a604-0867af0d3cca/datanode-0/data/ratis/20289028-6ed9-49c4-9ec9-1c6a5b4b399c: created new log segment /workdir/hadoop-ozone/integration-test/target/test-dir/MiniOzoneClusterImpl-efb0e503-cad1-4dcb-a604-0867af0d3cca/datanode-0/data/ratis/20289028-6ed9-49c4-9ec9-1c6a5b4b399c/current/log_inprogress_0
2019-09-19 09:00:19,153 [Thread-260] INFO  impl.FollowerState (FollowerState.java:run(106)) - 21f2978a-2ca5-4a16-a721-5bddc1a70383:group-5DF9D13CE92A changes to CANDIDATE, lastRpcTime:5091, electionTimeout:5061ms
2019-09-19 09:00:19,154 [Thread-260] INFO  impl.RoleInfo (RoleInfo.java:shutdownFollowerState(121)) - 21f2978a-2ca5-4a16-a721-5bddc1a70383: shutdown FollowerState
2019-09-19 09:00:19,154 [Thread-260] INFO  impl.RaftServerImpl (RaftServerImpl.java:setRole(171)) - 21f2978a-2ca5-4a16-a721-5bddc1a70383:group-5DF9D13CE92A changes role from FOLLOWER to CANDIDATE at term 0 for changeToCandidate
2019-09-19 09:00:19,154 [Thread-254] INFO  impl.RoleInfo (RoleInfo.java:shutdownFollowerState(121)) - cf0fb8b8-922c-4d9e-8ced-919bfd64db77: shutdown FollowerState
2019-09-19 09:00:19,154 [Thread-260] INFO  impl.RoleInfo (RoleInfo.java:updateAndGet(143)) - 21f2978a-2ca5-4a16-a721-5bddc1a70383: start LeaderElection
2019-09-19 09:00:19,154 [Thread-263] INFO  impl.RoleInfo (RoleInfo.java:shutdownFollowerState(121)) - 188fabf1-fb11-41c2-a0ed-ee400af44df4: shutdown FollowerState
2019-09-19 09:00:19,154 [Thread-254] INFO  impl.RaftServerImpl (RaftServerImpl.java:setRole(171)) - cf0fb8b8-922c-4d9e-8ced-919bfd64db77:group-7D6B68450511 changes role from FOLLOWER to CANDIDATE at term 0 for changeToCandidate
2019-09-19 09:00:19,155 [Thread-263] INFO  impl.RaftServerImpl (RaftServerImpl.java:setRole(171)) - 188fabf1-fb11-41c2-a0ed-ee400af44df4:group-CCDA13B72EDA changes role from FOLLOWER to CANDIDATE at term 0 for changeToCandidate
2019-09-19 09:00:19,165 [Thread-254] INFO  impl.RoleInfo (RoleInfo.java:updateAndGet(143)) - cf0fb8b8-922c-4d9e-8ced-919bfd64db77: start LeaderElection
2019-09-19 09:00:19,165 [Thread-263] INFO  impl.RoleInfo (RoleInfo.java:updateAndGet(143)) - 188fabf1-fb11-41c2-a0ed-ee400af44df4: start LeaderElection
2019-09-19 09:00:19,179 [2b82d6a8-341a-4a13-8451-80c547e9561a-SegmentedRaftLogWorker:Storage Directory /workdir/hadoop-ozone/integration-test/target/test-dir/MiniOzoneClusterImpl-efb0e503-cad1-4dcb-a604-0867af0d3cca/datanode-1/data/ratis/c0a6a43c-177c-4522-93a2-096adc0f99bd] INFO  segmented.SegmentedRaftLogWorker (SegmentedRaftLogWorker.java:execute(569)) - 2b82d6a8-341a-4a13-8451-80c547e9561a-SegmentedRaftLogWorker:Storage Directory /workdir/hadoop-ozone/integration-test/target/test-dir/MiniOzoneClusterImpl-efb0e503-cad1-4dcb-a604-0867af0d3cca/datanode-1/data/ratis/c0a6a43c-177c-4522-93a2-096adc0f99bd: created new log segment /workdir/hadoop-ozone/integration-test/target/test-dir/MiniOzoneClusterImpl-efb0e503-cad1-4dcb-a604-0867af0d3cca/datanode-1/data/ratis/c0a6a43c-177c-4522-93a2-096adc0f99bd/current/log_inprogress_0
2019-09-19 09:00:19,181 | INFO  | SCMAudit | user=jenkins1000 | ip=192.168.34.5 | op=SEND_HEARTBEAT {datanodeUUID=9ec9b7eb-9269-4de4-b0e5-15ac19151471, command=[]} | ret=SUCCESS |  
2019-09-19 09:00:19,192 [Thread-267] INFO  impl.FollowerState (FollowerState.java:run(106)) - 2b82d6a8-341a-4a13-8451-80c547e9561a:group-33B18F14CA5D changes to CANDIDATE, lastRpcTime:5025, electionTimeout:5025ms
2019-09-19 09:00:19,192 [Thread-267] INFO  impl.RoleInfo (RoleInfo.java:shutdownFollowerState(121)) - 2b82d6a8-341a-4a13-8451-80c547e9561a: shutdown FollowerState
2019-09-19 09:00:19,192 [Thread-267] INFO  impl.RaftServerImpl (RaftServerImpl.java:setRole(171)) - 2b82d6a8-341a-4a13-8451-80c547e9561a:group-33B18F14CA5D changes role from FOLLOWER to CANDIDATE at term 0 for changeToCandidate
2019-09-19 09:00:19,192 [Thread-267] INFO  impl.RoleInfo (RoleInfo.java:updateAndGet(143)) - 2b82d6a8-341a-4a13-8451-80c547e9561a: start LeaderElection
2019-09-19 09:00:19,199 [188fabf1-fb11-41c2-a0ed-ee400af44df4:group-CCDA13B72EDA:LeaderElection9] INFO  impl.LeaderElection (LeaderElection.java:askForVotes(181)) - 188fabf1-fb11-41c2-a0ed-ee400af44df4:group-CCDA13B72EDA:LeaderElection9: begin an election at term 1 for -1: [188fabf1-fb11-41c2-a0ed-ee400af44df4:192.168.34.5:35829], old=null
2019-09-19 09:00:19,199 [21f2978a-2ca5-4a16-a721-5bddc1a70383:group-5DF9D13CE92A:LeaderElection7] INFO  impl.LeaderElection (LeaderElection.java:askForVotes(181)) - 21f2978a-2ca5-4a16-a721-5bddc1a70383:group-5DF9D13CE92A:LeaderElection7: begin an election at term 1 for -1: [21f2978a-2ca5-4a16-a721-5bddc1a70383:192.168.34.5:38423], old=null
2019-09-19 09:00:19,199 [cf0fb8b8-922c-4d9e-8ced-919bfd64db77:group-7D6B68450511:LeaderElection8] INFO  impl.LeaderElection (LeaderElection.java:askForVotes(181)) - cf0fb8b8-922c-4d9e-8ced-919bfd64db77:group-7D6B68450511:LeaderElection8: begin an election at term 1 for -1: [cf0fb8b8-922c-4d9e-8ced-919bfd64db77:192.168.34.5:43255], old=null
2019-09-19 09:00:19,199 [21f2978a-2ca5-4a16-a721-5bddc1a70383:group-5DF9D13CE92A:LeaderElection7] INFO  impl.RoleInfo (RoleInfo.java:shutdownLeaderElection(134)) - 21f2978a-2ca5-4a16-a721-5bddc1a70383: shutdown LeaderElection
2019-09-19 09:00:19,199 [188fabf1-fb11-41c2-a0ed-ee400af44df4:group-CCDA13B72EDA:LeaderElection9] INFO  impl.RoleInfo (RoleInfo.java:shutdownLeaderElection(134)) - 188fabf1-fb11-41c2-a0ed-ee400af44df4: shutdown LeaderElection
2019-09-19 09:00:19,200 [21f2978a-2ca5-4a16-a721-5bddc1a70383:group-5DF9D13CE92A:LeaderElection7] INFO  impl.RaftServerImpl (RaftServerImpl.java:setRole(171)) - 21f2978a-2ca5-4a16-a721-5bddc1a70383:group-5DF9D13CE92A changes role from CANDIDATE to LEADER at term 1 for changeToLeader
2019-09-19 09:00:19,200 [cf0fb8b8-922c-4d9e-8ced-919bfd64db77:group-7D6B68450511:LeaderElection8] INFO  impl.RoleInfo (RoleInfo.java:shutdownLeaderElection(134)) - cf0fb8b8-922c-4d9e-8ced-919bfd64db77: shutdown LeaderElection
2019-09-19 09:00:19,200 [21f2978a-2ca5-4a16-a721-5bddc1a70383:group-5DF9D13CE92A:LeaderElection7] INFO  impl.RaftServerImpl (ServerState.java:setLeader(263)) - 21f2978a-2ca5-4a16-a721-5bddc1a70383:group-5DF9D13CE92A change Leader from null to 21f2978a-2ca5-4a16-a721-5bddc1a70383 at term 1 for becomeLeader, leader elected after 5141ms
2019-09-19 09:00:19,200 [188fabf1-fb11-41c2-a0ed-ee400af44df4:group-CCDA13B72EDA:LeaderElection9] INFO  impl.RaftServerImpl (RaftServerImpl.java:setRole(171)) - 188fabf1-fb11-41c2-a0ed-ee400af44df4:group-CCDA13B72EDA changes role from CANDIDATE to LEADER at term 1 for changeToLeader
2019-09-19 09:00:19,201 [21f2978a-2ca5-4a16-a721-5bddc1a70383:group-5DF9D13CE92A:LeaderElection7] INFO  server.RaftServerConfigKeys (ConfUtils.java:logGet(43)) - raft.server.staging.catchup.gap = 1000 (default)
2019-09-19 09:00:19,200 [cf0fb8b8-922c-4d9e-8ced-919bfd64db77:group-7D6B68450511:LeaderElection8] INFO  impl.RaftServerImpl (RaftServerImpl.java:setRole(171)) - cf0fb8b8-922c-4d9e-8ced-919bfd64db77:group-7D6B68450511 changes role from CANDIDATE to LEADER at term 1 for changeToLeader
2019-09-19 09:00:19,202 [21f2978a-2ca5-4a16-a721-5bddc1a70383:group-5DF9D13CE92A:LeaderElection7] INFO  server.RaftServerConfigKeys (ConfUtils.java:logGet(43)) - raft.server.rpc.sleep.time = 25ms (default)
2019-09-19 09:00:19,202 [188fabf1-fb11-41c2-a0ed-ee400af44df4:group-CCDA13B72EDA:LeaderElection9] INFO  impl.RaftServerImpl (ServerState.java:setLeader(263)) - 188fabf1-fb11-41c2-a0ed-ee400af44df4:group-CCDA13B72EDA change Leader from null to 188fabf1-fb11-41c2-a0ed-ee400af44df4 at term 1 for becomeLeader, leader elected after 5105ms
2019-09-19 09:00:19,202 [21f2978a-2ca5-4a16-a721-5bddc1a70383:group-5DF9D13CE92A:LeaderElection7] INFO  server.RaftServerConfigKeys (ConfUtils.java:logGet(43)) - raft.server.write.element-limit = 4096 (default)
2019-09-19 09:00:19,202 [cf0fb8b8-922c-4d9e-8ced-919bfd64db77:group-7D6B68450511:LeaderElection8] INFO  impl.RaftServerImpl (ServerState.java:setLeader(263)) - cf0fb8b8-922c-4d9e-8ced-919bfd64db77:group-7D6B68450511 change Leader from null to cf0fb8b8-922c-4d9e-8ced-919bfd64db77 at term 1 for becomeLeader, leader elected after 5240ms
2019-09-19 09:00:19,202 [21f2978a-2ca5-4a16-a721-5bddc1a70383:group-5DF9D13CE92A:LeaderElection7] INFO  server.RaftServerConfigKeys (ConfUtils.java:logGet(43)) - raft.server.watch.timeout = 10s (default)
2019-09-19 09:00:19,202 [188fabf1-fb11-41c2-a0ed-ee400af44df4:group-CCDA13B72EDA:LeaderElection9] INFO  server.RaftServerConfigKeys (ConfUtils.java:logGet(43)) - raft.server.staging.catchup.gap = 1000 (default)
2019-09-19 09:00:19,202 [21f2978a-2ca5-4a16-a721-5bddc1a70383:group-5DF9D13CE92A:LeaderElection7] INFO  server.RaftServerConfigKeys (ConfUtils.java:logGet(43)) - raft.server.watch.timeout.denomination = 1s (default)
2019-09-19 09:00:19,202 [cf0fb8b8-922c-4d9e-8ced-919bfd64db77:group-7D6B68450511:LeaderElection8] INFO  server.RaftServerConfigKeys (ConfUtils.java:logGet(43)) - raft.server.staging.catchup.gap = 1000 (default)
2019-09-19 09:00:19,203 [21f2978a-2ca5-4a16-a721-5bddc1a70383:group-5DF9D13CE92A:LeaderElection7] INFO  server.RaftServerConfigKeys (ConfUtils.java:logGet(43)) - raft.server.watch.element-limit = 65536 (default)
2019-09-19 09:00:19,202 [188fabf1-fb11-41c2-a0ed-ee400af44df4:group-CCDA13B72EDA:LeaderElection9] INFO  server.RaftServerConfigKeys (ConfUtils.java:logGet(43)) - raft.server.rpc.sleep.time = 25ms (default)
2019-09-19 09:00:19,203 [cf0fb8b8-922c-4d9e-8ced-919bfd64db77:group-7D6B68450511:LeaderElection8] INFO  server.RaftServerConfigKeys (ConfUtils.java:logGet(43)) - raft.server.rpc.sleep.time = 25ms (default)
2019-09-19 09:00:19,203 [21f2978a-2ca5-4a16-a721-5bddc1a70383:group-5DF9D13CE92A:LeaderElection7] INFO  impl.RoleInfo (RoleInfo.java:updateAndGet(143)) - 21f2978a-2ca5-4a16-a721-5bddc1a70383: start LeaderState
2019-09-19 09:00:19,203 [cf0fb8b8-922c-4d9e-8ced-919bfd64db77:group-7D6B68450511:LeaderElection8] INFO  server.RaftServerConfigKeys (ConfUtils.java:logGet(43)) - raft.server.write.element-limit = 4096 (default)
2019-09-19 09:00:19,203 [188fabf1-fb11-41c2-a0ed-ee400af44df4:group-CCDA13B72EDA:LeaderElection9] INFO  server.RaftServerConfigKeys (ConfUtils.java:logGet(43)) - raft.server.write.element-limit = 4096 (default)
2019-09-19 09:00:19,203 [21f2978a-2ca5-4a16-a721-5bddc1a70383:group-5DF9D13CE92A:LeaderElection7] INFO  segmented.SegmentedRaftLogWorker (SegmentedRaftLogWorker.java:startLogSegment(380)) - 21f2978a-2ca5-4a16-a721-5bddc1a70383-SegmentedRaftLogWorker:Storage Directory /workdir/hadoop-ozone/integration-test/target/test-dir/MiniOzoneClusterImpl-efb0e503-cad1-4dcb-a604-0867af0d3cca/datanode-4/data/ratis/7c37b9d9-4fab-4ec1-a6ad-5df9d13ce92a: Starting segment from index:0
2019-09-19 09:00:19,203 [cf0fb8b8-922c-4d9e-8ced-919bfd64db77:group-7D6B68450511:LeaderElection8] INFO  server.RaftServerConfigKeys (ConfUtils.java:logGet(43)) - raft.server.watch.timeout = 10s (default)
2019-09-19 09:00:19,203 [188fabf1-fb11-41c2-a0ed-ee400af44df4:group-CCDA13B72EDA:LeaderElection9] INFO  server.RaftServerConfigKeys (ConfUtils.java:logGet(43)) - raft.server.watch.timeout = 10s (default)
2019-09-19 09:00:19,203 [cf0fb8b8-922c-4d9e-8ced-919bfd64db77:group-7D6B68450511:LeaderElection8] INFO  server.RaftServerConfigKeys (ConfUtils.java:logGet(43)) - raft.server.watch.timeout.denomination = 1s (default)
2019-09-19 09:00:19,204 [188fabf1-fb11-41c2-a0ed-ee400af44df4:group-CCDA13B72EDA:LeaderElection9] INFO  server.RaftServerConfigKeys (ConfUtils.java:logGet(43)) - raft.server.watch.timeout.denomination = 1s (default)
2019-09-19 09:00:19,204 [cf0fb8b8-922c-4d9e-8ced-919bfd64db77:group-7D6B68450511:LeaderElection8] INFO  server.RaftServerConfigKeys (ConfUtils.java:logGet(43)) - raft.server.watch.element-limit = 65536 (default)
2019-09-19 09:00:19,204 [21f2978a-2ca5-4a16-a721-5bddc1a70383:group-5DF9D13CE92A:LeaderElection7] INFO  impl.RaftServerImpl (ServerState.java:setRaftConf(361)) - 21f2978a-2ca5-4a16-a721-5bddc1a70383:group-5DF9D13CE92A set configuration 0: [21f2978a-2ca5-4a16-a721-5bddc1a70383:192.168.34.5:38423], old=null at 0
2019-09-19 09:00:19,204 [188fabf1-fb11-41c2-a0ed-ee400af44df4:group-CCDA13B72EDA:LeaderElection9] INFO  server.RaftServerConfigKeys (ConfUtils.java:logGet(43)) - raft.server.watch.element-limit = 65536 (default)
2019-09-19 09:00:19,230 [2b82d6a8-341a-4a13-8451-80c547e9561a:group-33B18F14CA5D:LeaderElection10] INFO  impl.LeaderElection (LeaderElection.java:askForVotes(181)) - 2b82d6a8-341a-4a13-8451-80c547e9561a:group-33B18F14CA5D:LeaderElection10: begin an election at term 1 for -1: [2b82d6a8-341a-4a13-8451-80c547e9561a:192.168.34.5:34627], old=null
2019-09-19 09:00:19,204 [cf0fb8b8-922c-4d9e-8ced-919bfd64db77:group-7D6B68450511:LeaderElection8] INFO  impl.RoleInfo (RoleInfo.java:updateAndGet(143)) - cf0fb8b8-922c-4d9e-8ced-919bfd64db77: start LeaderState
2019-09-19 09:00:19,230 [2b82d6a8-341a-4a13-8451-80c547e9561a:group-33B18F14CA5D:LeaderElection10] INFO  impl.RoleInfo (RoleInfo.java:shutdownLeaderElection(134)) - 2b82d6a8-341a-4a13-8451-80c547e9561a: shutdown LeaderElection
2019-09-19 09:00:19,230 [188fabf1-fb11-41c2-a0ed-ee400af44df4:group-CCDA13B72EDA:LeaderElection9] INFO  impl.RoleInfo (RoleInfo.java:updateAndGet(143)) - 188fabf1-fb11-41c2-a0ed-ee400af44df4: start LeaderState
2019-09-19 09:00:19,230 [cf0fb8b8-922c-4d9e-8ced-919bfd64db77:group-7D6B68450511:LeaderElection8] INFO  segmented.SegmentedRaftLogWorker (SegmentedRaftLogWorker.java:startLogSegment(380)) - cf0fb8b8-922c-4d9e-8ced-919bfd64db77-SegmentedRaftLogWorker:Storage Directory /workdir/hadoop-ozone/integration-test/target/test-dir/MiniOzoneClusterImpl-efb0e503-cad1-4dcb-a604-0867af0d3cca/datanode-2/data/ratis/9db54852-46fc-4ee7-b0d8-7d6b68450511: Starting segment from index:0
2019-09-19 09:00:19,230 [2b82d6a8-341a-4a13-8451-80c547e9561a:group-33B18F14CA5D:LeaderElection10] INFO  impl.RaftServerImpl (RaftServerImpl.java:setRole(171)) - 2b82d6a8-341a-4a13-8451-80c547e9561a:group-33B18F14CA5D changes role from CANDIDATE to LEADER at term 1 for changeToLeader
2019-09-19 09:00:19,230 [188fabf1-fb11-41c2-a0ed-ee400af44df4:group-CCDA13B72EDA:LeaderElection9] INFO  segmented.SegmentedRaftLogWorker (SegmentedRaftLogWorker.java:startLogSegment(380)) - 188fabf1-fb11-41c2-a0ed-ee400af44df4-SegmentedRaftLogWorker:Storage Directory /workdir/hadoop-ozone/integration-test/target/test-dir/MiniOzoneClusterImpl-efb0e503-cad1-4dcb-a604-0867af0d3cca/datanode-3/data/ratis/40e0aba0-c5cb-40b7-aefb-ccda13b72eda: Starting segment from index:0
2019-09-19 09:00:19,230 [2b82d6a8-341a-4a13-8451-80c547e9561a:group-33B18F14CA5D:LeaderElection10] INFO  impl.RaftServerImpl (ServerState.java:setLeader(263)) - 2b82d6a8-341a-4a13-8451-80c547e9561a:group-33B18F14CA5D change Leader from null to 2b82d6a8-341a-4a13-8451-80c547e9561a at term 1 for becomeLeader, leader elected after 5067ms
2019-09-19 09:00:19,231 [cf0fb8b8-922c-4d9e-8ced-919bfd64db77:group-7D6B68450511:LeaderElection8] INFO  impl.RaftServerImpl (ServerState.java:setRaftConf(361)) - cf0fb8b8-922c-4d9e-8ced-919bfd64db77:group-7D6B68450511 set configuration 0: [cf0fb8b8-922c-4d9e-8ced-919bfd64db77:192.168.34.5:43255], old=null at 0
2019-09-19 09:00:19,231 [2b82d6a8-341a-4a13-8451-80c547e9561a:group-33B18F14CA5D:LeaderElection10] INFO  server.RaftServerConfigKeys (ConfUtils.java:logGet(43)) - raft.server.staging.catchup.gap = 1000 (default)
2019-09-19 09:00:19,267 [188fabf1-fb11-41c2-a0ed-ee400af44df4:group-CCDA13B72EDA:LeaderElection9] INFO  impl.RaftServerImpl (ServerState.java:setRaftConf(361)) - 188fabf1-fb11-41c2-a0ed-ee400af44df4:group-CCDA13B72EDA set configuration 0: [188fabf1-fb11-41c2-a0ed-ee400af44df4:192.168.34.5:35829], old=null at 0
2019-09-19 09:00:19,267 [21f2978a-2ca5-4a16-a721-5bddc1a70383-SegmentedRaftLogWorker:Storage Directory /workdir/hadoop-ozone/integration-test/target/test-dir/MiniOzoneClusterImpl-efb0e503-cad1-4dcb-a604-0867af0d3cca/datanode-4/data/ratis/7c37b9d9-4fab-4ec1-a6ad-5df9d13ce92a] INFO  segmented.SegmentedRaftLogWorker (SegmentedRaftLogWorker.java:execute(569)) - 21f2978a-2ca5-4a16-a721-5bddc1a70383-SegmentedRaftLogWorker:Storage Directory /workdir/hadoop-ozone/integration-test/target/test-dir/MiniOzoneClusterImpl-efb0e503-cad1-4dcb-a604-0867af0d3cca/datanode-4/data/ratis/7c37b9d9-4fab-4ec1-a6ad-5df9d13ce92a: created new log segment /workdir/hadoop-ozone/integration-test/target/test-dir/MiniOzoneClusterImpl-efb0e503-cad1-4dcb-a604-0867af0d3cca/datanode-4/data/ratis/7c37b9d9-4fab-4ec1-a6ad-5df9d13ce92a/current/log_inprogress_0
2019-09-19 09:00:19,310 [cf0fb8b8-922c-4d9e-8ced-919bfd64db77-SegmentedRaftLogWorker:Storage Directory /workdir/hadoop-ozone/integration-test/target/test-dir/MiniOzoneClusterImpl-efb0e503-cad1-4dcb-a604-0867af0d3cca/datanode-2/data/ratis/9db54852-46fc-4ee7-b0d8-7d6b68450511] INFO  segmented.SegmentedRaftLogWorker (SegmentedRaftLogWorker.java:execute(569)) - cf0fb8b8-922c-4d9e-8ced-919bfd64db77-SegmentedRaftLogWorker:Storage Directory /workdir/hadoop-ozone/integration-test/target/test-dir/MiniOzoneClusterImpl-efb0e503-cad1-4dcb-a604-0867af0d3cca/datanode-2/data/ratis/9db54852-46fc-4ee7-b0d8-7d6b68450511: created new log segment /workdir/hadoop-ozone/integration-test/target/test-dir/MiniOzoneClusterImpl-efb0e503-cad1-4dcb-a604-0867af0d3cca/datanode-2/data/ratis/9db54852-46fc-4ee7-b0d8-7d6b68450511/current/log_inprogress_0
2019-09-19 09:00:19,310 [Thread-270] INFO  impl.FollowerState (FollowerState.java:run(106)) - 188fabf1-fb11-41c2-a0ed-ee400af44df4:group-D23DC481535B changes to CANDIDATE, lastRpcTime:5080, electionTimeout:5058ms
2019-09-19 09:00:19,267 [2b82d6a8-341a-4a13-8451-80c547e9561a:group-33B18F14CA5D:LeaderElection10] INFO  server.RaftServerConfigKeys (ConfUtils.java:logGet(43)) - raft.server.rpc.sleep.time = 25ms (default)
2019-09-19 09:00:19,315 [Thread-270] INFO  impl.RoleInfo (RoleInfo.java:shutdownFollowerState(121)) - 188fabf1-fb11-41c2-a0ed-ee400af44df4: shutdown FollowerState
2019-09-19 09:00:19,315 [Thread-270] INFO  impl.RaftServerImpl (RaftServerImpl.java:setRole(171)) - 188fabf1-fb11-41c2-a0ed-ee400af44df4:group-D23DC481535B changes role from FOLLOWER to CANDIDATE at term 0 for changeToCandidate
2019-09-19 09:00:19,315 [2b82d6a8-341a-4a13-8451-80c547e9561a:group-33B18F14CA5D:LeaderElection10] INFO  server.RaftServerConfigKeys (ConfUtils.java:logGet(43)) - raft.server.write.element-limit = 4096 (default)
2019-09-19 09:00:19,315 [Thread-270] INFO  impl.RoleInfo (RoleInfo.java:updateAndGet(143)) - 188fabf1-fb11-41c2-a0ed-ee400af44df4: start LeaderElection
2019-09-19 09:00:19,315 [2b82d6a8-341a-4a13-8451-80c547e9561a:group-33B18F14CA5D:LeaderElection10] INFO  server.RaftServerConfigKeys (ConfUtils.java:logGet(43)) - raft.server.watch.timeout = 10s (default)
2019-09-19 09:00:19,316 [2b82d6a8-341a-4a13-8451-80c547e9561a:group-33B18F14CA5D:LeaderElection10] INFO  server.RaftServerConfigKeys (ConfUtils.java:logGet(43)) - raft.server.watch.timeout.denomination = 1s (default)
2019-09-19 09:00:19,321 [2b82d6a8-341a-4a13-8451-80c547e9561a:group-33B18F14CA5D:LeaderElection10] INFO  server.RaftServerConfigKeys (ConfUtils.java:logGet(43)) - raft.server.watch.element-limit = 65536 (default)
2019-09-19 09:00:19,322 [2b82d6a8-341a-4a13-8451-80c547e9561a:group-33B18F14CA5D:LeaderElection10] INFO  impl.RoleInfo (RoleInfo.java:updateAndGet(143)) - 2b82d6a8-341a-4a13-8451-80c547e9561a: start LeaderState
2019-09-19 09:00:19,322 [2b82d6a8-341a-4a13-8451-80c547e9561a:group-33B18F14CA5D:LeaderElection10] INFO  segmented.SegmentedRaftLogWorker (SegmentedRaftLogWorker.java:startLogSegment(380)) - 2b82d6a8-341a-4a13-8451-80c547e9561a-SegmentedRaftLogWorker:Storage Directory /workdir/hadoop-ozone/integration-test/target/test-dir/MiniOzoneClusterImpl-efb0e503-cad1-4dcb-a604-0867af0d3cca/datanode-1/data/ratis/1f92ddde-784d-4fa8-9d62-33b18f14ca5d: Starting segment from index:0
2019-09-19 09:00:19,322 [188fabf1-fb11-41c2-a0ed-ee400af44df4-SegmentedRaftLogWorker:Storage Directory /workdir/hadoop-ozone/integration-test/target/test-dir/MiniOzoneClusterImpl-efb0e503-cad1-4dcb-a604-0867af0d3cca/datanode-3/data/ratis/40e0aba0-c5cb-40b7-aefb-ccda13b72eda] INFO  segmented.SegmentedRaftLogWorker (SegmentedRaftLogWorker.java:execute(569)) - 188fabf1-fb11-41c2-a0ed-ee400af44df4-SegmentedRaftLogWorker:Storage Directory /workdir/hadoop-ozone/integration-test/target/test-dir/MiniOzoneClusterImpl-efb0e503-cad1-4dcb-a604-0867af0d3cca/datanode-3/data/ratis/40e0aba0-c5cb-40b7-aefb-ccda13b72eda: created new log segment /workdir/hadoop-ozone/integration-test/target/test-dir/MiniOzoneClusterImpl-efb0e503-cad1-4dcb-a604-0867af0d3cca/datanode-3/data/ratis/40e0aba0-c5cb-40b7-aefb-ccda13b72eda/current/log_inprogress_0
2019-09-19 09:00:19,323 [2b82d6a8-341a-4a13-8451-80c547e9561a:group-33B18F14CA5D:LeaderElection10] INFO  impl.RaftServerImpl (ServerState.java:setRaftConf(361)) - 2b82d6a8-341a-4a13-8451-80c547e9561a:group-33B18F14CA5D set configuration 0: [2b82d6a8-341a-4a13-8451-80c547e9561a:192.168.34.5:34627], old=null at 0
2019-09-19 09:00:19,360 [188fabf1-fb11-41c2-a0ed-ee400af44df4:group-D23DC481535B:LeaderElection11] INFO  impl.LeaderElection (LeaderElection.java:askForVotes(181)) - 188fabf1-fb11-41c2-a0ed-ee400af44df4:group-D23DC481535B:LeaderElection11: begin an election at term 1 for -1: [188fabf1-fb11-41c2-a0ed-ee400af44df4:192.168.34.5:35829], old=null
2019-09-19 09:00:19,361 [188fabf1-fb11-41c2-a0ed-ee400af44df4:group-D23DC481535B:LeaderElection11] INFO  impl.RoleInfo (RoleInfo.java:shutdownLeaderElection(134)) - 188fabf1-fb11-41c2-a0ed-ee400af44df4: shutdown LeaderElection
2019-09-19 09:00:19,361 [188fabf1-fb11-41c2-a0ed-ee400af44df4:group-D23DC481535B:LeaderElection11] INFO  impl.RaftServerImpl (RaftServerImpl.java:setRole(171)) - 188fabf1-fb11-41c2-a0ed-ee400af44df4:group-D23DC481535B changes role from CANDIDATE to LEADER at term 1 for changeToLeader
2019-09-19 09:00:19,361 [188fabf1-fb11-41c2-a0ed-ee400af44df4:group-D23DC481535B:LeaderElection11] INFO  impl.RaftServerImpl (ServerState.java:setLeader(263)) - 188fabf1-fb11-41c2-a0ed-ee400af44df4:group-D23DC481535B change Leader from null to 188fabf1-fb11-41c2-a0ed-ee400af44df4 at term 1 for becomeLeader, leader elected after 5135ms
2019-09-19 09:00:19,361 [188fabf1-fb11-41c2-a0ed-ee400af44df4:group-D23DC481535B:LeaderElection11] INFO  server.RaftServerConfigKeys (ConfUtils.java:logGet(43)) - raft.server.staging.catchup.gap = 1000 (default)
2019-09-19 09:00:19,361 [188fabf1-fb11-41c2-a0ed-ee400af44df4:group-D23DC481535B:LeaderElection11] INFO  server.RaftServerConfigKeys (ConfUtils.java:logGet(43)) - raft.server.rpc.sleep.time = 25ms (default)
2019-09-19 09:00:19,362 [188fabf1-fb11-41c2-a0ed-ee400af44df4:group-D23DC481535B:LeaderElection11] INFO  server.RaftServerConfigKeys (ConfUtils.java:logGet(43)) - raft.server.write.element-limit = 4096 (default)
2019-09-19 09:00:19,362 [188fabf1-fb11-41c2-a0ed-ee400af44df4:group-D23DC481535B:LeaderElection11] INFO  server.RaftServerConfigKeys (ConfUtils.java:logGet(43)) - raft.server.watch.timeout = 10s (default)
2019-09-19 09:00:19,362 [188fabf1-fb11-41c2-a0ed-ee400af44df4:group-D23DC481535B:LeaderElection11] INFO  server.RaftServerConfigKeys (ConfUtils.java:logGet(43)) - raft.server.watch.timeout.denomination = 1s (default)
2019-09-19 09:00:19,362 [188fabf1-fb11-41c2-a0ed-ee400af44df4:group-D23DC481535B:LeaderElection11] INFO  server.RaftServerConfigKeys (ConfUtils.java:logGet(43)) - raft.server.watch.element-limit = 65536 (default)
2019-09-19 09:00:19,362 [188fabf1-fb11-41c2-a0ed-ee400af44df4:group-D23DC481535B:LeaderElection11] INFO  impl.RoleInfo (RoleInfo.java:updateAndGet(143)) - 188fabf1-fb11-41c2-a0ed-ee400af44df4: start LeaderState
2019-09-19 09:00:19,363 [188fabf1-fb11-41c2-a0ed-ee400af44df4:group-D23DC481535B:LeaderElection11] INFO  segmented.SegmentedRaftLogWorker (SegmentedRaftLogWorker.java:startLogSegment(380)) - 188fabf1-fb11-41c2-a0ed-ee400af44df4-SegmentedRaftLogWorker:Storage Directory /workdir/hadoop-ozone/integration-test/target/test-dir/MiniOzoneClusterImpl-efb0e503-cad1-4dcb-a604-0867af0d3cca/datanode-3/data/ratis/d7df432a-97a3-4640-b344-d23dc481535b: Starting segment from index:0
2019-09-19 09:00:19,363 [188fabf1-fb11-41c2-a0ed-ee400af44df4:group-D23DC481535B:LeaderElection11] INFO  impl.RaftServerImpl (ServerState.java:setRaftConf(361)) - 188fabf1-fb11-41c2-a0ed-ee400af44df4:group-D23DC481535B set configuration 0: [188fabf1-fb11-41c2-a0ed-ee400af44df4:192.168.34.5:35829], old=null at 0
2019-09-19 09:00:19,409 [Thread-277] INFO  impl.FollowerState (FollowerState.java:run(106)) - 9ec9b7eb-9269-4de4-b0e5-15ac19151471:group-6BE23C15E828 changes to CANDIDATE, lastRpcTime:5034, electionTimeout:5034ms
2019-09-19 09:00:19,409 [Thread-277] INFO  impl.RoleInfo (RoleInfo.java:shutdownFollowerState(121)) - 9ec9b7eb-9269-4de4-b0e5-15ac19151471: shutdown FollowerState
2019-09-19 09:00:19,409 [Thread-277] INFO  impl.RaftServerImpl (RaftServerImpl.java:setRole(171)) - 9ec9b7eb-9269-4de4-b0e5-15ac19151471:group-6BE23C15E828 changes role from FOLLOWER to CANDIDATE at term 0 for changeToCandidate
2019-09-19 09:00:19,409 [Thread-277] INFO  impl.RoleInfo (RoleInfo.java:updateAndGet(143)) - 9ec9b7eb-9269-4de4-b0e5-15ac19151471: start LeaderElection
2019-09-19 09:00:19,482 [Thread-273] INFO  impl.FollowerState (FollowerState.java:run(106)) - cf0fb8b8-922c-4d9e-8ced-919bfd64db77:group-2EBACE2AFDC4 changes to CANDIDATE, lastRpcTime:5192, electionTimeout:5192ms
2019-09-19 09:00:19,483 [Thread-273] INFO  impl.RoleInfo (RoleInfo.java:shutdownFollowerState(121)) - cf0fb8b8-922c-4d9e-8ced-919bfd64db77: shutdown FollowerState
2019-09-19 09:00:19,483 [Thread-273] INFO  impl.RaftServerImpl (RaftServerImpl.java:setRole(171)) - cf0fb8b8-922c-4d9e-8ced-919bfd64db77:group-2EBACE2AFDC4 changes role from FOLLOWER to CANDIDATE at term 0 for changeToCandidate
2019-09-19 09:00:19,483 [Thread-273] INFO  impl.RoleInfo (RoleInfo.java:updateAndGet(143)) - cf0fb8b8-922c-4d9e-8ced-919bfd64db77: start LeaderElection
2019-09-19 09:00:19,501 | INFO  | SCMAudit | user=jenkins1000 | ip=192.168.34.5 | op=SEND_HEARTBEAT {datanodeUUID=5794d84d-2349-4704-a7d7-6735dfcfc341, command=[]} | ret=SUCCESS |  
2019-09-19 09:00:19,594 [Thread-280] INFO  impl.FollowerState (FollowerState.java:run(106)) - 9ec9b7eb-9269-4de4-b0e5-15ac19151471:group-33D1D1F0C02D changes to CANDIDATE, lastRpcTime:5162, electionTimeout:5162ms
2019-09-19 09:00:19,595 [Thread-280] INFO  impl.RoleInfo (RoleInfo.java:shutdownFollowerState(121)) - 9ec9b7eb-9269-4de4-b0e5-15ac19151471: shutdown FollowerState
2019-09-19 09:00:19,595 [Thread-280] INFO  impl.RaftServerImpl (RaftServerImpl.java:setRole(171)) - 9ec9b7eb-9269-4de4-b0e5-15ac19151471:group-33D1D1F0C02D changes role from FOLLOWER to CANDIDATE at term 0 for changeToCandidate
2019-09-19 09:00:19,595 [Thread-280] INFO  impl.RoleInfo (RoleInfo.java:updateAndGet(143)) - 9ec9b7eb-9269-4de4-b0e5-15ac19151471: start LeaderElection
2019-09-19 09:00:19,606 [Thread-284] INFO  impl.FollowerState (FollowerState.java:run(106)) - cf0fb8b8-922c-4d9e-8ced-919bfd64db77:group-3F40EEF315B2 changes to CANDIDATE, lastRpcTime:5112, electionTimeout:5112ms
2019-09-19 09:00:19,606 [Thread-284] INFO  impl.RoleInfo (RoleInfo.java:shutdownFollowerState(121)) - cf0fb8b8-922c-4d9e-8ced-919bfd64db77: shutdown FollowerState
2019-09-19 09:00:19,606 [Thread-284] INFO  impl.RaftServerImpl (RaftServerImpl.java:setRole(171)) - cf0fb8b8-922c-4d9e-8ced-919bfd64db77:group-3F40EEF315B2 changes role from FOLLOWER to CANDIDATE at term 0 for changeToCandidate
2019-09-19 09:00:19,606 [Thread-284] INFO  impl.RoleInfo (RoleInfo.java:updateAndGet(143)) - cf0fb8b8-922c-4d9e-8ced-919bfd64db77: start LeaderElection
2019-09-19 09:00:19,613 [Thread-290] INFO  impl.FollowerState (FollowerState.java:run(106)) - 21f2978a-2ca5-4a16-a721-5bddc1a70383:group-465F845552D2 changes to CANDIDATE, lastRpcTime:5001, electionTimeout:5001ms
2019-09-19 09:00:19,613 [Thread-290] INFO  impl.RoleInfo (RoleInfo.java:shutdownFollowerState(121)) - 21f2978a-2ca5-4a16-a721-5bddc1a70383: shutdown FollowerState
2019-09-19 09:00:19,614 [Thread-290] INFO  impl.RaftServerImpl (RaftServerImpl.java:setRole(171)) - 21f2978a-2ca5-4a16-a721-5bddc1a70383:group-465F845552D2 changes role from FOLLOWER to CANDIDATE at term 0 for changeToCandidate
2019-09-19 09:00:19,614 [Thread-290] INFO  impl.RoleInfo (RoleInfo.java:updateAndGet(143)) - 21f2978a-2ca5-4a16-a721-5bddc1a70383: start LeaderElection
2019-09-19 09:00:19,669 [Thread-287] INFO  impl.FollowerState (FollowerState.java:run(106)) - cf0fb8b8-922c-4d9e-8ced-919bfd64db77:group-710B4CF8DD4A changes to CANDIDATE, lastRpcTime:5112, electionTimeout:5112ms
2019-09-19 09:00:19,669 [Thread-287] INFO  impl.RoleInfo (RoleInfo.java:shutdownFollowerState(121)) - cf0fb8b8-922c-4d9e-8ced-919bfd64db77: shutdown FollowerState
2019-09-19 09:00:19,669 [Thread-287] INFO  impl.RaftServerImpl (RaftServerImpl.java:setRole(171)) - cf0fb8b8-922c-4d9e-8ced-919bfd64db77:group-710B4CF8DD4A changes role from FOLLOWER to CANDIDATE at term 0 for changeToCandidate
2019-09-19 09:00:19,669 [Thread-287] INFO  impl.RoleInfo (RoleInfo.java:updateAndGet(143)) - cf0fb8b8-922c-4d9e-8ced-919bfd64db77: start LeaderElection
2019-09-19 09:00:19,692 | INFO  | SCMAudit | user=jenkins1000 | ip=192.168.34.5 | op=SEND_HEARTBEAT {datanodeUUID=0dab3cb5-21ad-4f3e-9c90-05507adcbb62, command=[]} | ret=SUCCESS |  
2019-09-19 09:00:19,727 [Thread-296] INFO  impl.FollowerState (FollowerState.java:run(106)) - 188fabf1-fb11-41c2-a0ed-ee400af44df4:group-41F2F838C5D1 changes to CANDIDATE, lastRpcTime:5002, electionTimeout:5002ms
2019-09-19 09:00:19,728 [Thread-296] INFO  impl.RoleInfo (RoleInfo.java:shutdownFollowerState(121)) - 188fabf1-fb11-41c2-a0ed-ee400af44df4: shutdown FollowerState
2019-09-19 09:00:19,728 [Thread-296] INFO  impl.RaftServerImpl (RaftServerImpl.java:setRole(171)) - 188fabf1-fb11-41c2-a0ed-ee400af44df4:group-41F2F838C5D1 changes role from FOLLOWER to CANDIDATE at term 0 for changeToCandidate
2019-09-19 09:00:19,728 [Thread-296] INFO  impl.RoleInfo (RoleInfo.java:updateAndGet(143)) - 188fabf1-fb11-41c2-a0ed-ee400af44df4: start LeaderElection
2019-09-19 09:00:19,756 [Thread-293] INFO  impl.FollowerState (FollowerState.java:run(106)) - 9ec9b7eb-9269-4de4-b0e5-15ac19151471:group-4A6BE8B4DA4B changes to CANDIDATE, lastRpcTime:5081, electionTimeout:5081ms
2019-09-19 09:00:19,756 [Thread-293] INFO  impl.RoleInfo (RoleInfo.java:shutdownFollowerState(121)) - 9ec9b7eb-9269-4de4-b0e5-15ac19151471: shutdown FollowerState
2019-09-19 09:00:19,756 [Thread-293] INFO  impl.RaftServerImpl (RaftServerImpl.java:setRole(171)) - 9ec9b7eb-9269-4de4-b0e5-15ac19151471:group-4A6BE8B4DA4B changes role from FOLLOWER to CANDIDATE at term 0 for changeToCandidate
2019-09-19 09:00:19,756 [Thread-293] INFO  impl.RoleInfo (RoleInfo.java:updateAndGet(143)) - 9ec9b7eb-9269-4de4-b0e5-15ac19151471: start LeaderElection
2019-09-19 09:00:19,950 [Thread-299] INFO  impl.FollowerState (FollowerState.java:run(106)) - cf0fb8b8-922c-4d9e-8ced-919bfd64db77:group-6F89C79E1D89 changes to CANDIDATE, lastRpcTime:5152, electionTimeout:5152ms
2019-09-19 09:00:19,950 [Thread-299] INFO  impl.RoleInfo (RoleInfo.java:shutdownFollowerState(121)) - cf0fb8b8-922c-4d9e-8ced-919bfd64db77: shutdown FollowerState
2019-09-19 09:00:19,950 [Thread-299] INFO  impl.RaftServerImpl (RaftServerImpl.java:setRole(171)) - cf0fb8b8-922c-4d9e-8ced-919bfd64db77:group-6F89C79E1D89 changes role from FOLLOWER to CANDIDATE at term 0 for changeToCandidate
2019-09-19 09:00:19,951 [Thread-299] INFO  impl.RoleInfo (RoleInfo.java:updateAndGet(143)) - cf0fb8b8-922c-4d9e-8ced-919bfd64db77: start LeaderElection
2019-09-19 09:00:19,986 [Thread-302] INFO  impl.FollowerState (FollowerState.java:run(106)) - 188fabf1-fb11-41c2-a0ed-ee400af44df4:group-599BB36B41D5 changes to CANDIDATE, lastRpcTime:5096, electionTimeout:5096ms
2019-09-19 09:00:19,986 [Thread-302] INFO  impl.RoleInfo (RoleInfo.java:shutdownFollowerState(121)) - 188fabf1-fb11-41c2-a0ed-ee400af44df4: shutdown FollowerState
2019-09-19 09:00:19,986 [Thread-302] INFO  impl.RaftServerImpl (RaftServerImpl.java:setRole(171)) - 188fabf1-fb11-41c2-a0ed-ee400af44df4:group-599BB36B41D5 changes role from FOLLOWER to CANDIDATE at term 0 for changeToCandidate
2019-09-19 09:00:19,987 [Thread-302] INFO  impl.RoleInfo (RoleInfo.java:updateAndGet(143)) - 188fabf1-fb11-41c2-a0ed-ee400af44df4: start LeaderElection
2019-09-19 09:00:20,042 [Thread-308] INFO  impl.FollowerState (FollowerState.java:run(106)) - 2b82d6a8-341a-4a13-8451-80c547e9561a:group-304E23B1539C changes to CANDIDATE, lastRpcTime:5024, electionTimeout:5024ms
2019-09-19 09:00:20,042 [Thread-308] INFO  impl.RoleInfo (RoleInfo.java:shutdownFollowerState(121)) - 2b82d6a8-341a-4a13-8451-80c547e9561a: shutdown FollowerState
2019-09-19 09:00:20,042 [Thread-308] INFO  impl.RaftServerImpl (RaftServerImpl.java:setRole(171)) - 2b82d6a8-341a-4a13-8451-80c547e9561a:group-304E23B1539C changes role from FOLLOWER to CANDIDATE at term 0 for changeToCandidate
2019-09-19 09:00:20,043 [Thread-308] INFO  impl.RoleInfo (RoleInfo.java:updateAndGet(143)) - 2b82d6a8-341a-4a13-8451-80c547e9561a: start LeaderElection
2019-09-19 09:00:20,097 [Thread-305] INFO  impl.FollowerState (FollowerState.java:run(106)) - 188fabf1-fb11-41c2-a0ed-ee400af44df4:group-6BF8F60987BC changes to CANDIDATE, lastRpcTime:5137, electionTimeout:5137ms
2019-09-19 09:00:20,097 [Thread-305] INFO  impl.RoleInfo (RoleInfo.java:shutdownFollowerState(121)) - 188fabf1-fb11-41c2-a0ed-ee400af44df4: shutdown FollowerState
2019-09-19 09:00:20,097 [Thread-305] INFO  impl.RaftServerImpl (RaftServerImpl.java:setRole(171)) - 188fabf1-fb11-41c2-a0ed-ee400af44df4:group-6BF8F60987BC changes role from FOLLOWER to CANDIDATE at term 0 for changeToCandidate
2019-09-19 09:00:20,097 [Thread-305] INFO  impl.RoleInfo (RoleInfo.java:updateAndGet(143)) - 188fabf1-fb11-41c2-a0ed-ee400af44df4: start LeaderElection
2019-09-19 09:00:20,111 | INFO  | SCMAudit | user=jenkins1000 | ip=192.168.34.5 | op=SEND_HEARTBEAT {datanodeUUID=188fabf1-fb11-41c2-a0ed-ee400af44df4, command=[]} | ret=SUCCESS |  
2019-09-19 09:00:20,111 | INFO  | SCMAudit | user=jenkins1000 | ip=192.168.34.5 | op=SEND_HEARTBEAT {datanodeUUID=cf0fb8b8-922c-4d9e-8ced-919bfd64db77, command=[]} | ret=SUCCESS |  
2019-09-19 09:00:20,131 [2b82d6a8-341a-4a13-8451-80c547e9561a-SegmentedRaftLogWorker:Storage Directory /workdir/hadoop-ozone/integration-test/target/test-dir/MiniOzoneClusterImpl-efb0e503-cad1-4dcb-a604-0867af0d3cca/datanode-1/data/ratis/1f92ddde-784d-4fa8-9d62-33b18f14ca5d] INFO  segmented.SegmentedRaftLogWorker (SegmentedRaftLogWorker.java:execute(569)) - 2b82d6a8-341a-4a13-8451-80c547e9561a-SegmentedRaftLogWorker:Storage Directory /workdir/hadoop-ozone/integration-test/target/test-dir/MiniOzoneClusterImpl-efb0e503-cad1-4dcb-a604-0867af0d3cca/datanode-1/data/ratis/1f92ddde-784d-4fa8-9d62-33b18f14ca5d: created new log segment /workdir/hadoop-ozone/integration-test/target/test-dir/MiniOzoneClusterImpl-efb0e503-cad1-4dcb-a604-0867af0d3cca/datanode-1/data/ratis/1f92ddde-784d-4fa8-9d62-33b18f14ca5d/current/log_inprogress_0
2019-09-19 09:00:20,131 [188fabf1-fb11-41c2-a0ed-ee400af44df4-SegmentedRaftLogWorker:Storage Directory /workdir/hadoop-ozone/integration-test/target/test-dir/MiniOzoneClusterImpl-efb0e503-cad1-4dcb-a604-0867af0d3cca/datanode-3/data/ratis/d7df432a-97a3-4640-b344-d23dc481535b] INFO  segmented.SegmentedRaftLogWorker (SegmentedRaftLogWorker.java:execute(569)) - 188fabf1-fb11-41c2-a0ed-ee400af44df4-SegmentedRaftLogWorker:Storage Directory /workdir/hadoop-ozone/integration-test/target/test-dir/MiniOzoneClusterImpl-efb0e503-cad1-4dcb-a604-0867af0d3cca/datanode-3/data/ratis/d7df432a-97a3-4640-b344-d23dc481535b: created new log segment /workdir/hadoop-ozone/integration-test/target/test-dir/MiniOzoneClusterImpl-efb0e503-cad1-4dcb-a604-0867af0d3cca/datanode-3/data/ratis/d7df432a-97a3-4640-b344-d23dc481535b/current/log_inprogress_0
2019-09-19 09:00:20,131 [cf0fb8b8-922c-4d9e-8ced-919bfd64db77:group-2EBACE2AFDC4:LeaderElection13] INFO  impl.LeaderElection (LeaderElection.java:askForVotes(181)) - cf0fb8b8-922c-4d9e-8ced-919bfd64db77:group-2EBACE2AFDC4:LeaderElection13: begin an election at term 1 for -1: [cf0fb8b8-922c-4d9e-8ced-919bfd64db77:192.168.34.5:43255], old=null
2019-09-19 09:00:20,131 [cf0fb8b8-922c-4d9e-8ced-919bfd64db77:group-3F40EEF315B2:LeaderElection15] INFO  impl.LeaderElection (LeaderElection.java:askForVotes(181)) - cf0fb8b8-922c-4d9e-8ced-919bfd64db77:group-3F40EEF315B2:LeaderElection15: begin an election at term 1 for -1: [cf0fb8b8-922c-4d9e-8ced-919bfd64db77:192.168.34.5:43255], old=null
2019-09-19 09:00:20,131 [9ec9b7eb-9269-4de4-b0e5-15ac19151471:group-6BE23C15E828:LeaderElection12] INFO  impl.LeaderElection (LeaderElection.java:askForVotes(181)) - 9ec9b7eb-9269-4de4-b0e5-15ac19151471:group-6BE23C15E828:LeaderElection12: begin an election at term 1 for -1: [9ec9b7eb-9269-4de4-b0e5-15ac19151471:192.168.34.5:41076], old=null
2019-09-19 09:00:20,131 [cf0fb8b8-922c-4d9e-8ced-919bfd64db77:group-710B4CF8DD4A:LeaderElection17] INFO  impl.LeaderElection (LeaderElection.java:askForVotes(181)) - cf0fb8b8-922c-4d9e-8ced-919bfd64db77:group-710B4CF8DD4A:LeaderElection17: begin an election at term 1 for -1: [cf0fb8b8-922c-4d9e-8ced-919bfd64db77:192.168.34.5:43255], old=null
2019-09-19 09:00:20,131 [cf0fb8b8-922c-4d9e-8ced-919bfd64db77:group-6F89C79E1D89:LeaderElection20] INFO  impl.LeaderElection (LeaderElection.java:askForVotes(181)) - cf0fb8b8-922c-4d9e-8ced-919bfd64db77:group-6F89C79E1D89:LeaderElection20: begin an election at term 1 for -1: [cf0fb8b8-922c-4d9e-8ced-919bfd64db77:192.168.34.5:43255], old=null
2019-09-19 09:00:20,131 [21f2978a-2ca5-4a16-a721-5bddc1a70383:group-465F845552D2:LeaderElection16] INFO  impl.LeaderElection (LeaderElection.java:askForVotes(181)) - 21f2978a-2ca5-4a16-a721-5bddc1a70383:group-465F845552D2:LeaderElection16: begin an election at term 1 for -1: [21f2978a-2ca5-4a16-a721-5bddc1a70383:192.168.34.5:38423], old=null
2019-09-19 09:00:20,131 [2b82d6a8-341a-4a13-8451-80c547e9561a:group-304E23B1539C:LeaderElection22] INFO  impl.LeaderElection (LeaderElection.java:askForVotes(181)) - 2b82d6a8-341a-4a13-8451-80c547e9561a:group-304E23B1539C:LeaderElection22: begin an election at term 1 for -1: [2b82d6a8-341a-4a13-8451-80c547e9561a:192.168.34.5:34627], old=null
2019-09-19 09:00:20,131 [9ec9b7eb-9269-4de4-b0e5-15ac19151471:group-4A6BE8B4DA4B:LeaderElection19] INFO  impl.LeaderElection (LeaderElection.java:askForVotes(181)) - 9ec9b7eb-9269-4de4-b0e5-15ac19151471:group-4A6BE8B4DA4B:LeaderElection19: begin an election at term 1 for -1: [9ec9b7eb-9269-4de4-b0e5-15ac19151471:192.168.34.5:41076], old=null
2019-09-19 09:00:20,131 [188fabf1-fb11-41c2-a0ed-ee400af44df4:group-41F2F838C5D1:LeaderElection18] INFO  impl.LeaderElection (LeaderElection.java:askForVotes(181)) - 188fabf1-fb11-41c2-a0ed-ee400af44df4:group-41F2F838C5D1:LeaderElection18: begin an election at term 1 for -1: [188fabf1-fb11-41c2-a0ed-ee400af44df4:192.168.34.5:35829], old=null
2019-09-19 09:00:20,131 [9ec9b7eb-9269-4de4-b0e5-15ac19151471:group-33D1D1F0C02D:LeaderElection14] INFO  impl.LeaderElection (LeaderElection.java:askForVotes(181)) - 9ec9b7eb-9269-4de4-b0e5-15ac19151471:group-33D1D1F0C02D:LeaderElection14: begin an election at term 1 for -1: [9ec9b7eb-9269-4de4-b0e5-15ac19151471:192.168.34.5:41076], old=null
2019-09-19 09:00:20,131 [188fabf1-fb11-41c2-a0ed-ee400af44df4:group-599BB36B41D5:LeaderElection21] INFO  impl.LeaderElection (LeaderElection.java:askForVotes(181)) - 188fabf1-fb11-41c2-a0ed-ee400af44df4:group-599BB36B41D5:LeaderElection21: begin an election at term 1 for -1: [188fabf1-fb11-41c2-a0ed-ee400af44df4:192.168.34.5:35829], old=null
2019-09-19 09:00:20,133 [9ec9b7eb-9269-4de4-b0e5-15ac19151471:group-33D1D1F0C02D:LeaderElection14] INFO  impl.RoleInfo (RoleInfo.java:shutdownLeaderElection(134)) - 9ec9b7eb-9269-4de4-b0e5-15ac19151471: shutdown LeaderElection
2019-09-19 09:00:20,133 [188fabf1-fb11-41c2-a0ed-ee400af44df4:group-41F2F838C5D1:LeaderElection18] INFO  impl.RoleInfo (RoleInfo.java:shutdownLeaderElection(134)) - 188fabf1-fb11-41c2-a0ed-ee400af44df4: shutdown LeaderElection
2019-09-19 09:00:20,133 [188fabf1-fb11-41c2-a0ed-ee400af44df4:group-41F2F838C5D1:LeaderElection18] INFO  impl.RaftServerImpl (RaftServerImpl.java:setRole(171)) - 188fabf1-fb11-41c2-a0ed-ee400af44df4:group-41F2F838C5D1 changes role from CANDIDATE to LEADER at term 1 for changeToLeader
2019-09-19 09:00:20,133 [9ec9b7eb-9269-4de4-b0e5-15ac19151471:group-4A6BE8B4DA4B:LeaderElection19] INFO  impl.RoleInfo (RoleInfo.java:shutdownLeaderElection(134)) - 9ec9b7eb-9269-4de4-b0e5-15ac19151471: shutdown LeaderElection
2019-09-19 09:00:20,132 [2b82d6a8-341a-4a13-8451-80c547e9561a:group-304E23B1539C:LeaderElection22] INFO  impl.RoleInfo (RoleInfo.java:shutdownLeaderElection(134)) - 2b82d6a8-341a-4a13-8451-80c547e9561a: shutdown LeaderElection
2019-09-19 09:00:20,132 [21f2978a-2ca5-4a16-a721-5bddc1a70383:group-465F845552D2:LeaderElection16] INFO  impl.RoleInfo (RoleInfo.java:shutdownLeaderElection(134)) - 21f2978a-2ca5-4a16-a721-5bddc1a70383: shutdown LeaderElection
2019-09-19 09:00:20,132 [cf0fb8b8-922c-4d9e-8ced-919bfd64db77:group-6F89C79E1D89:LeaderElection20] INFO  impl.RoleInfo (RoleInfo.java:shutdownLeaderElection(134)) - cf0fb8b8-922c-4d9e-8ced-919bfd64db77: shutdown LeaderElection
2019-09-19 09:00:20,132 [cf0fb8b8-922c-4d9e-8ced-919bfd64db77:group-710B4CF8DD4A:LeaderElection17] INFO  impl.RoleInfo (RoleInfo.java:shutdownLeaderElection(134)) - cf0fb8b8-922c-4d9e-8ced-919bfd64db77: shutdown LeaderElection
2019-09-19 09:00:20,132 [9ec9b7eb-9269-4de4-b0e5-15ac19151471:group-6BE23C15E828:LeaderElection12] INFO  impl.RoleInfo (RoleInfo.java:shutdownLeaderElection(134)) - 9ec9b7eb-9269-4de4-b0e5-15ac19151471: shutdown LeaderElection
2019-09-19 09:00:20,132 [cf0fb8b8-922c-4d9e-8ced-919bfd64db77:group-3F40EEF315B2:LeaderElection15] INFO  impl.RoleInfo (RoleInfo.java:shutdownLeaderElection(134)) - cf0fb8b8-922c-4d9e-8ced-919bfd64db77: shutdown LeaderElection
2019-09-19 09:00:20,131 [cf0fb8b8-922c-4d9e-8ced-919bfd64db77:group-2EBACE2AFDC4:LeaderElection13] INFO  impl.RoleInfo (RoleInfo.java:shutdownLeaderElection(134)) - cf0fb8b8-922c-4d9e-8ced-919bfd64db77: shutdown LeaderElection
2019-09-19 09:00:20,135 [cf0fb8b8-922c-4d9e-8ced-919bfd64db77:group-3F40EEF315B2:LeaderElection15] INFO  impl.RaftServerImpl (RaftServerImpl.java:setRole(171)) - cf0fb8b8-922c-4d9e-8ced-919bfd64db77:group-3F40EEF315B2 changes role from CANDIDATE to LEADER at term 1 for changeToLeader
2019-09-19 09:00:20,135 [9ec9b7eb-9269-4de4-b0e5-15ac19151471:group-6BE23C15E828:LeaderElection12] INFO  impl.RaftServerImpl (RaftServerImpl.java:setRole(171)) - 9ec9b7eb-9269-4de4-b0e5-15ac19151471:group-6BE23C15E828 changes role from CANDIDATE to LEADER at term 1 for changeToLeader
2019-09-19 09:00:20,134 [cf0fb8b8-922c-4d9e-8ced-919bfd64db77:group-710B4CF8DD4A:LeaderElection17] INFO  impl.RaftServerImpl (RaftServerImpl.java:setRole(171)) - cf0fb8b8-922c-4d9e-8ced-919bfd64db77:group-710B4CF8DD4A changes role from CANDIDATE to LEADER at term 1 for changeToLeader
2019-09-19 09:00:20,135 [cf0fb8b8-922c-4d9e-8ced-919bfd64db77:group-710B4CF8DD4A:LeaderElection17] INFO  impl.RaftServerImpl (ServerState.java:setLeader(263)) - cf0fb8b8-922c-4d9e-8ced-919bfd64db77:group-710B4CF8DD4A change Leader from null to cf0fb8b8-922c-4d9e-8ced-919bfd64db77 at term 1 for becomeLeader, leader elected after 5585ms
2019-09-19 09:00:20,134 [188fabf1-fb11-41c2-a0ed-ee400af44df4:group-6BF8F60987BC:LeaderElection23] INFO  impl.LeaderElection (LeaderElection.java:askForVotes(181)) - 188fabf1-fb11-41c2-a0ed-ee400af44df4:group-6BF8F60987BC:LeaderElection23: begin an election at term 1 for -1: [188fabf1-fb11-41c2-a0ed-ee400af44df4:192.168.34.5:35829], old=null
2019-09-19 09:00:20,134 [cf0fb8b8-922c-4d9e-8ced-919bfd64db77:group-6F89C79E1D89:LeaderElection20] INFO  impl.RaftServerImpl (RaftServerImpl.java:setRole(171)) - cf0fb8b8-922c-4d9e-8ced-919bfd64db77:group-6F89C79E1D89 changes role from CANDIDATE to LEADER at term 1 for changeToLeader
2019-09-19 09:00:20,134 [21f2978a-2ca5-4a16-a721-5bddc1a70383:group-465F845552D2:LeaderElection16] INFO  impl.RaftServerImpl (RaftServerImpl.java:setRole(171)) - 21f2978a-2ca5-4a16-a721-5bddc1a70383:group-465F845552D2 changes role from CANDIDATE to LEADER at term 1 for changeToLeader
2019-09-19 09:00:20,136 [21f2978a-2ca5-4a16-a721-5bddc1a70383:group-465F845552D2:LeaderElection16] INFO  impl.RaftServerImpl (ServerState.java:setLeader(263)) - 21f2978a-2ca5-4a16-a721-5bddc1a70383:group-465F845552D2 change Leader from null to 21f2978a-2ca5-4a16-a721-5bddc1a70383 at term 1 for becomeLeader, leader elected after 5530ms
2019-09-19 09:00:20,134 [2b82d6a8-341a-4a13-8451-80c547e9561a:group-304E23B1539C:LeaderElection22] INFO  impl.RaftServerImpl (RaftServerImpl.java:setRole(171)) - 2b82d6a8-341a-4a13-8451-80c547e9561a:group-304E23B1539C changes role from CANDIDATE to LEADER at term 1 for changeToLeader
2019-09-19 09:00:20,134 [9ec9b7eb-9269-4de4-b0e5-15ac19151471:group-4A6BE8B4DA4B:LeaderElection19] INFO  impl.RaftServerImpl (RaftServerImpl.java:setRole(171)) - 9ec9b7eb-9269-4de4-b0e5-15ac19151471:group-4A6BE8B4DA4B changes role from CANDIDATE to LEADER at term 1 for changeToLeader
2019-09-19 09:00:20,134 [188fabf1-fb11-41c2-a0ed-ee400af44df4:group-41F2F838C5D1:LeaderElection18] INFO  impl.RaftServerImpl (ServerState.java:setLeader(263)) - 188fabf1-fb11-41c2-a0ed-ee400af44df4:group-41F2F838C5D1 change Leader from null to 188fabf1-fb11-41c2-a0ed-ee400af44df4 at term 1 for becomeLeader, leader elected after 5413ms
2019-09-19 09:00:20,133 [9ec9b7eb-9269-4de4-b0e5-15ac19151471:group-33D1D1F0C02D:LeaderElection14] INFO  impl.RaftServerImpl (RaftServerImpl.java:setRole(171)) - 9ec9b7eb-9269-4de4-b0e5-15ac19151471:group-33D1D1F0C02D changes role from CANDIDATE to LEADER at term 1 for changeToLeader
2019-09-19 09:00:20,137 [9ec9b7eb-9269-4de4-b0e5-15ac19151471:group-33D1D1F0C02D:LeaderElection14] INFO  impl.RaftServerImpl (ServerState.java:setLeader(263)) - 9ec9b7eb-9269-4de4-b0e5-15ac19151471:group-33D1D1F0C02D change Leader from null to 9ec9b7eb-9269-4de4-b0e5-15ac19151471 at term 1 for becomeLeader, leader elected after 5710ms
2019-09-19 09:00:20,133 [188fabf1-fb11-41c2-a0ed-ee400af44df4:group-599BB36B41D5:LeaderElection21] INFO  impl.RoleInfo (RoleInfo.java:shutdownLeaderElection(134)) - 188fabf1-fb11-41c2-a0ed-ee400af44df4: shutdown LeaderElection
2019-09-19 09:00:20,137 [9ec9b7eb-9269-4de4-b0e5-15ac19151471:group-33D1D1F0C02D:LeaderElection14] INFO  server.RaftServerConfigKeys (ConfUtils.java:logGet(43)) - raft.server.staging.catchup.gap = 1000 (default)
2019-09-19 09:00:20,137 [188fabf1-fb11-41c2-a0ed-ee400af44df4:group-41F2F838C5D1:LeaderElection18] INFO  server.RaftServerConfigKeys (ConfUtils.java:logGet(43)) - raft.server.staging.catchup.gap = 1000 (default)
2019-09-19 09:00:20,137 [9ec9b7eb-9269-4de4-b0e5-15ac19151471:group-4A6BE8B4DA4B:LeaderElection19] INFO  impl.RaftServerImpl (ServerState.java:setLeader(263)) - 9ec9b7eb-9269-4de4-b0e5-15ac19151471:group-4A6BE8B4DA4B change Leader from null to 9ec9b7eb-9269-4de4-b0e5-15ac19151471 at term 1 for becomeLeader, leader elected after 5466ms
2019-09-19 09:00:20,136 [2b82d6a8-341a-4a13-8451-80c547e9561a:group-304E23B1539C:LeaderElection22] INFO  impl.RaftServerImpl (ServerState.java:setLeader(263)) - 2b82d6a8-341a-4a13-8451-80c547e9561a:group-304E23B1539C change Leader from null to 2b82d6a8-341a-4a13-8451-80c547e9561a at term 1 for becomeLeader, leader elected after 5123ms
2019-09-19 09:00:20,136 [21f2978a-2ca5-4a16-a721-5bddc1a70383:group-465F845552D2:LeaderElection16] INFO  server.RaftServerConfigKeys (ConfUtils.java:logGet(43)) - raft.server.staging.catchup.gap = 1000 (default)
2019-09-19 09:00:20,136 [cf0fb8b8-922c-4d9e-8ced-919bfd64db77:group-6F89C79E1D89:LeaderElection20] INFO  impl.RaftServerImpl (ServerState.java:setLeader(263)) - cf0fb8b8-922c-4d9e-8ced-919bfd64db77:group-6F89C79E1D89 change Leader from null to cf0fb8b8-922c-4d9e-8ced-919bfd64db77 at term 1 for becomeLeader, leader elected after 5343ms
2019-09-19 09:00:20,136 [188fabf1-fb11-41c2-a0ed-ee400af44df4:group-6BF8F60987BC:LeaderElection23] INFO  impl.RoleInfo (RoleInfo.java:shutdownLeaderElection(134)) - 188fabf1-fb11-41c2-a0ed-ee400af44df4: shutdown LeaderElection
2019-09-19 09:00:20,136 [cf0fb8b8-922c-4d9e-8ced-919bfd64db77:group-710B4CF8DD4A:LeaderElection17] INFO  server.RaftServerConfigKeys (ConfUtils.java:logGet(43)) - raft.server.staging.catchup.gap = 1000 (default)
2019-09-19 09:00:20,135 [9ec9b7eb-9269-4de4-b0e5-15ac19151471:group-6BE23C15E828:LeaderElection12] INFO  impl.RaftServerImpl (ServerState.java:setLeader(263)) - 9ec9b7eb-9269-4de4-b0e5-15ac19151471:group-6BE23C15E828 change Leader from null to 9ec9b7eb-9269-4de4-b0e5-15ac19151471 at term 1 for becomeLeader, leader elected after 5771ms
2019-09-19 09:00:20,135 [cf0fb8b8-922c-4d9e-8ced-919bfd64db77:group-3F40EEF315B2:LeaderElection15] INFO  impl.RaftServerImpl (ServerState.java:setLeader(263)) - cf0fb8b8-922c-4d9e-8ced-919bfd64db77:group-3F40EEF315B2 change Leader from null to cf0fb8b8-922c-4d9e-8ced-919bfd64db77 at term 1 for becomeLeader, leader elected after 5644ms
2019-09-19 09:00:20,135 [cf0fb8b8-922c-4d9e-8ced-919bfd64db77:group-2EBACE2AFDC4:LeaderElection13] INFO  impl.RaftServerImpl (RaftServerImpl.java:setRole(171)) - cf0fb8b8-922c-4d9e-8ced-919bfd64db77:group-2EBACE2AFDC4 changes role from CANDIDATE to LEADER at term 1 for changeToLeader
2019-09-19 09:00:20,139 [cf0fb8b8-922c-4d9e-8ced-919bfd64db77:group-3F40EEF315B2:LeaderElection15] INFO  server.RaftServerConfigKeys (ConfUtils.java:logGet(43)) - raft.server.staging.catchup.gap = 1000 (default)
2019-09-19 09:00:20,139 [9ec9b7eb-9269-4de4-b0e5-15ac19151471:group-6BE23C15E828:LeaderElection12] INFO  server.RaftServerConfigKeys (ConfUtils.java:logGet(43)) - raft.server.staging.catchup.gap = 1000 (default)
2019-09-19 09:00:20,139 [cf0fb8b8-922c-4d9e-8ced-919bfd64db77:group-710B4CF8DD4A:LeaderElection17] INFO  server.RaftServerConfigKeys (ConfUtils.java:logGet(43)) - raft.server.rpc.sleep.time = 25ms (default)
2019-09-19 09:00:20,138 [188fabf1-fb11-41c2-a0ed-ee400af44df4:group-6BF8F60987BC:LeaderElection23] INFO  impl.RaftServerImpl (RaftServerImpl.java:setRole(171)) - 188fabf1-fb11-41c2-a0ed-ee400af44df4:group-6BF8F60987BC changes role from CANDIDATE to LEADER at term 1 for changeToLeader
2019-09-19 09:00:20,138 [cf0fb8b8-922c-4d9e-8ced-919bfd64db77:group-6F89C79E1D89:LeaderElection20] INFO  server.RaftServerConfigKeys (ConfUtils.java:logGet(43)) - raft.server.staging.catchup.gap = 1000 (default)
2019-09-19 09:00:20,138 [21f2978a-2ca5-4a16-a721-5bddc1a70383:group-465F845552D2:LeaderElection16] INFO  server.RaftServerConfigKeys (ConfUtils.java:logGet(43)) - raft.server.rpc.sleep.time = 25ms (default)
2019-09-19 09:00:20,138 [2b82d6a8-341a-4a13-8451-80c547e9561a:group-304E23B1539C:LeaderElection22] INFO  server.RaftServerConfigKeys (ConfUtils.java:logGet(43)) - raft.server.staging.catchup.gap = 1000 (default)
2019-09-19 09:00:20,138 [9ec9b7eb-9269-4de4-b0e5-15ac19151471:group-4A6BE8B4DA4B:LeaderElection19] INFO  server.RaftServerConfigKeys (ConfUtils.java:logGet(43)) - raft.server.staging.catchup.gap = 1000 (default)
2019-09-19 09:00:20,137 [188fabf1-fb11-41c2-a0ed-ee400af44df4:group-41F2F838C5D1:LeaderElection18] INFO  server.RaftServerConfigKeys (ConfUtils.java:logGet(43)) - raft.server.rpc.sleep.time = 25ms (default)
2019-09-19 09:00:20,137 [9ec9b7eb-9269-4de4-b0e5-15ac19151471:group-33D1D1F0C02D:LeaderElection14] INFO  server.RaftServerConfigKeys (ConfUtils.java:logGet(43)) - raft.server.rpc.sleep.time = 25ms (default)
2019-09-19 09:00:20,137 [188fabf1-fb11-41c2-a0ed-ee400af44df4:group-599BB36B41D5:LeaderElection21] INFO  impl.RaftServerImpl (RaftServerImpl.java:setRole(171)) - 188fabf1-fb11-41c2-a0ed-ee400af44df4:group-599BB36B41D5 changes role from CANDIDATE to LEADER at term 1 for changeToLeader
2019-09-19 09:00:20,141 [9ec9b7eb-9269-4de4-b0e5-15ac19151471:group-33D1D1F0C02D:LeaderElection14] INFO  server.RaftServerConfigKeys (ConfUtils.java:logGet(43)) - raft.server.write.element-limit = 4096 (default)
2019-09-19 09:00:20,141 [188fabf1-fb11-41c2-a0ed-ee400af44df4:group-41F2F838C5D1:LeaderElection18] INFO  server.RaftServerConfigKeys (ConfUtils.java:logGet(43)) - raft.server.write.element-limit = 4096 (default)
2019-09-19 09:00:20,141 [9ec9b7eb-9269-4de4-b0e5-15ac19151471:group-4A6BE8B4DA4B:LeaderElection19] INFO  server.RaftServerConfigKeys (ConfUtils.java:logGet(43)) - raft.server.rpc.sleep.time = 25ms (default)
2019-09-19 09:00:20,140 [2b82d6a8-341a-4a13-8451-80c547e9561a:group-304E23B1539C:LeaderElection22] INFO  server.RaftServerConfigKeys (ConfUtils.java:logGet(43)) - raft.server.rpc.sleep.time = 25ms (default)
2019-09-19 09:00:20,140 [21f2978a-2ca5-4a16-a721-5bddc1a70383:group-465F845552D2:LeaderElection16] INFO  server.RaftServerConfigKeys (ConfUtils.java:logGet(43)) - raft.server.write.element-limit = 4096 (default)
2019-09-19 09:00:20,140 [cf0fb8b8-922c-4d9e-8ced-919bfd64db77:group-6F89C79E1D89:LeaderElection20] INFO  server.RaftServerConfigKeys (ConfUtils.java:logGet(43)) - raft.server.rpc.sleep.time = 25ms (default)
2019-09-19 09:00:20,140 [188fabf1-fb11-41c2-a0ed-ee400af44df4:group-6BF8F60987BC:LeaderElection23] INFO  impl.RaftServerImpl (ServerState.java:setLeader(263)) - 188fabf1-fb11-41c2-a0ed-ee400af44df4:group-6BF8F60987BC change Leader from null to 188fabf1-fb11-41c2-a0ed-ee400af44df4 at term 1 for becomeLeader, leader elected after 5186ms
2019-09-19 09:00:20,140 [cf0fb8b8-922c-4d9e-8ced-919bfd64db77:group-710B4CF8DD4A:LeaderElection17] INFO  server.RaftServerConfigKeys (ConfUtils.java:logGet(43)) - raft.server.write.element-limit = 4096 (default)
2019-09-19 09:00:20,139 [9ec9b7eb-9269-4de4-b0e5-15ac19151471:group-6BE23C15E828:LeaderElection12] INFO  server.RaftServerConfigKeys (ConfUtils.java:logGet(43)) - raft.server.rpc.sleep.time = 25ms (default)
2019-09-19 09:00:20,139 [cf0fb8b8-922c-4d9e-8ced-919bfd64db77:group-3F40EEF315B2:LeaderElection15] INFO  server.RaftServerConfigKeys (ConfUtils.java:logGet(43)) - raft.server.rpc.sleep.time = 25ms (default)
2019-09-19 09:00:20,139 [cf0fb8b8-922c-4d9e-8ced-919bfd64db77:group-2EBACE2AFDC4:LeaderElection13] INFO  impl.RaftServerImpl (ServerState.java:setLeader(263)) - cf0fb8b8-922c-4d9e-8ced-919bfd64db77:group-2EBACE2AFDC4 change Leader from null to cf0fb8b8-922c-4d9e-8ced-919bfd64db77 at term 1 for becomeLeader, leader elected after 5852ms
2019-09-19 09:00:20,143 [cf0fb8b8-922c-4d9e-8ced-919bfd64db77:group-3F40EEF315B2:LeaderElection15] INFO  server.RaftServerConfigKeys (ConfUtils.java:logGet(43)) - raft.server.write.element-limit = 4096 (default)
2019-09-19 09:00:20,143 [9ec9b7eb-9269-4de4-b0e5-15ac19151471:group-6BE23C15E828:LeaderElection12] INFO  server.RaftServerConfigKeys (ConfUtils.java:logGet(43)) - raft.server.write.element-limit = 4096 (default)
2019-09-19 09:00:20,142 [cf0fb8b8-922c-4d9e-8ced-919bfd64db77:group-710B4CF8DD4A:LeaderElection17] INFO  server.RaftServerConfigKeys (ConfUtils.java:logGet(43)) - raft.server.watch.timeout = 10s (default)
2019-09-19 09:00:20,142 [188fabf1-fb11-41c2-a0ed-ee400af44df4:group-6BF8F60987BC:LeaderElection23] INFO  server.RaftServerConfigKeys (ConfUtils.java:logGet(43)) - raft.server.staging.catchup.gap = 1000 (default)
2019-09-19 09:00:20,142 [cf0fb8b8-922c-4d9e-8ced-919bfd64db77:group-6F89C79E1D89:LeaderElection20] INFO  server.RaftServerConfigKeys (ConfUtils.java:logGet(43)) - raft.server.write.element-limit = 4096 (default)
2019-09-19 09:00:20,142 [21f2978a-2ca5-4a16-a721-5bddc1a70383:group-465F845552D2:LeaderElection16] INFO  server.RaftServerConfigKeys (ConfUtils.java:logGet(43)) - raft.server.watch.timeout = 10s (default)
2019-09-19 09:00:20,142 [2b82d6a8-341a-4a13-8451-80c547e9561a:group-304E23B1539C:LeaderElection22] INFO  server.RaftServerConfigKeys (ConfUtils.java:logGet(43)) - raft.server.write.element-limit = 4096 (default)
2019-09-19 09:00:20,141 [9ec9b7eb-9269-4de4-b0e5-15ac19151471:group-4A6BE8B4DA4B:LeaderElection19] INFO  server.RaftServerConfigKeys (ConfUtils.java:logGet(43)) - raft.server.write.element-limit = 4096 (default)
2019-09-19 09:00:20,141 [188fabf1-fb11-41c2-a0ed-ee400af44df4:group-41F2F838C5D1:LeaderElection18] INFO  server.RaftServerConfigKeys (ConfUtils.java:logGet(43)) - raft.server.watch.timeout = 10s (default)
2019-09-19 09:00:20,145 [188fabf1-fb11-41c2-a0ed-ee400af44df4:group-41F2F838C5D1:LeaderElection18] INFO  server.RaftServerConfigKeys (ConfUtils.java:logGet(43)) - raft.server.watch.timeout.denomination = 1s (default)
2019-09-19 09:00:20,141 [9ec9b7eb-9269-4de4-b0e5-15ac19151471:group-33D1D1F0C02D:LeaderElection14] INFO  server.RaftServerConfigKeys (ConfUtils.java:logGet(43)) - raft.server.watch.timeout = 10s (default)
2019-09-19 09:00:20,141 [188fabf1-fb11-41c2-a0ed-ee400af44df4:group-599BB36B41D5:LeaderElection21] INFO  impl.RaftServerImpl (ServerState.java:setLeader(263)) - 188fabf1-fb11-41c2-a0ed-ee400af44df4:group-599BB36B41D5 change Leader from null to 188fabf1-fb11-41c2-a0ed-ee400af44df4 at term 1 for becomeLeader, leader elected after 5257ms
2019-09-19 09:00:20,145 [9ec9b7eb-9269-4de4-b0e5-15ac19151471:group-33D1D1F0C02D:LeaderElection14] INFO  server.RaftServerConfigKeys (ConfUtils.java:logGet(43)) - raft.server.watch.timeout.denomination = 1s (default)
2019-09-19 09:00:20,145 [188fabf1-fb11-41c2-a0ed-ee400af44df4:group-41F2F838C5D1:LeaderElection18] INFO  server.RaftServerConfigKeys (ConfUtils.java:logGet(43)) - raft.server.watch.element-limit = 65536 (default)
2019-09-19 09:00:20,145 [9ec9b7eb-9269-4de4-b0e5-15ac19151471:group-4A6BE8B4DA4B:LeaderElection19] INFO  server.RaftServerConfigKeys (ConfUtils.java:logGet(43)) - raft.server.watch.timeout = 10s (default)
2019-09-19 09:00:20,146 [188fabf1-fb11-41c2-a0ed-ee400af44df4:group-41F2F838C5D1:LeaderElection18] INFO  impl.RoleInfo (RoleInfo.java:updateAndGet(143)) - 188fabf1-fb11-41c2-a0ed-ee400af44df4: start LeaderState
2019-09-19 09:00:20,144 [2b82d6a8-341a-4a13-8451-80c547e9561a:group-304E23B1539C:LeaderElection22] INFO  server.RaftServerConfigKeys (ConfUtils.java:logGet(43)) - raft.server.watch.timeout = 10s (default)
2019-09-19 09:00:20,144 [21f2978a-2ca5-4a16-a721-5bddc1a70383:group-465F845552D2:LeaderElection16] INFO  server.RaftServerConfigKeys (ConfUtils.java:logGet(43)) - raft.server.watch.timeout.denomination = 1s (default)
2019-09-19 09:00:20,144 [cf0fb8b8-922c-4d9e-8ced-919bfd64db77:group-6F89C79E1D89:LeaderElection20] INFO  server.RaftServerConfigKeys (ConfUtils.java:logGet(43)) - raft.server.watch.timeout = 10s (default)
2019-09-19 09:00:20,144 [188fabf1-fb11-41c2-a0ed-ee400af44df4:group-6BF8F60987BC:LeaderElection23] INFO  server.RaftServerConfigKeys (ConfUtils.java:logGet(43)) - raft.server.rpc.sleep.time = 25ms (default)
2019-09-19 09:00:20,144 [cf0fb8b8-922c-4d9e-8ced-919bfd64db77:group-710B4CF8DD4A:LeaderElection17] INFO  server.RaftServerConfigKeys (ConfUtils.java:logGet(43)) - raft.server.watch.timeout.denomination = 1s (default)
2019-09-19 09:00:20,143 [9ec9b7eb-9269-4de4-b0e5-15ac19151471:group-6BE23C15E828:LeaderElection12] INFO  server.RaftServerConfigKeys (ConfUtils.java:logGet(43)) - raft.server.watch.timeout = 10s (default)
2019-09-19 09:00:20,143 [cf0fb8b8-922c-4d9e-8ced-919bfd64db77:group-3F40EEF315B2:LeaderElection15] INFO  server.RaftServerConfigKeys (ConfUtils.java:logGet(43)) - raft.server.watch.timeout = 10s (default)
2019-09-19 09:00:20,143 [cf0fb8b8-922c-4d9e-8ced-919bfd64db77:group-2EBACE2AFDC4:LeaderElection13] INFO  server.RaftServerConfigKeys (ConfUtils.java:logGet(43)) - raft.server.staging.catchup.gap = 1000 (default)
2019-09-19 09:00:20,147 [cf0fb8b8-922c-4d9e-8ced-919bfd64db77:group-3F40EEF315B2:LeaderElection15] INFO  server.RaftServerConfigKeys (ConfUtils.java:logGet(43)) - raft.server.watch.timeout.denomination = 1s (default)
2019-09-19 09:00:20,147 [9ec9b7eb-9269-4de4-b0e5-15ac19151471:group-6BE23C15E828:LeaderElection12] INFO  server.RaftServerConfigKeys (ConfUtils.java:logGet(43)) - raft.server.watch.timeout.denomination = 1s (default)
2019-09-19 09:00:20,147 [cf0fb8b8-922c-4d9e-8ced-919bfd64db77:group-710B4CF8DD4A:LeaderElection17] INFO  server.RaftServerConfigKeys (ConfUtils.java:logGet(43)) - raft.server.watch.element-limit = 65536 (default)
2019-09-19 09:00:20,147 [188fabf1-fb11-41c2-a0ed-ee400af44df4:group-6BF8F60987BC:LeaderElection23] INFO  server.RaftServerConfigKeys (ConfUtils.java:logGet(43)) - raft.server.write.element-limit = 4096 (default)
2019-09-19 09:00:20,146 [cf0fb8b8-922c-4d9e-8ced-919bfd64db77:group-6F89C79E1D89:LeaderElection20] INFO  server.RaftServerConfigKeys (ConfUtils.java:logGet(43)) - raft.server.watch.timeout.denomination = 1s (default)
2019-09-19 09:00:20,146 [21f2978a-2ca5-4a16-a721-5bddc1a70383:group-465F845552D2:LeaderElection16] INFO  server.RaftServerConfigKeys (ConfUtils.java:logGet(43)) - raft.server.watch.element-limit = 65536 (default)
2019-09-19 09:00:20,146 [2b82d6a8-341a-4a13-8451-80c547e9561a:group-304E23B1539C:LeaderElection22] INFO  server.RaftServerConfigKeys (ConfUtils.java:logGet(43)) - raft.server.watch.timeout.denomination = 1s (default)
2019-09-19 09:00:20,146 [188fabf1-fb11-41c2-a0ed-ee400af44df4:group-41F2F838C5D1:LeaderElection18] INFO  segmented.SegmentedRaftLogWorker (SegmentedRaftLogWorker.java:startLogSegment(380)) - 188fabf1-fb11-41c2-a0ed-ee400af44df4-SegmentedRaftLogWorker:Storage Directory /workdir/hadoop-ozone/integration-test/target/test-dir/MiniOzoneClusterImpl-efb0e503-cad1-4dcb-a604-0867af0d3cca/datanode-3/data/ratis/5d12f27d-601f-4bfb-a6ac-41f2f838c5d1: Starting segment from index:0
2019-09-19 09:00:20,146 [9ec9b7eb-9269-4de4-b0e5-15ac19151471:group-4A6BE8B4DA4B:LeaderElection19] INFO  server.RaftServerConfigKeys (ConfUtils.java:logGet(43)) - raft.server.watch.timeout.denomination = 1s (default)
2019-09-19 09:00:20,145 [9ec9b7eb-9269-4de4-b0e5-15ac19151471:group-33D1D1F0C02D:LeaderElection14] INFO  server.RaftServerConfigKeys (ConfUtils.java:logGet(43)) - raft.server.watch.element-limit = 65536 (default)
2019-09-19 09:00:20,145 [188fabf1-fb11-41c2-a0ed-ee400af44df4:group-599BB36B41D5:LeaderElection21] INFO  server.RaftServerConfigKeys (ConfUtils.java:logGet(43)) - raft.server.staging.catchup.gap = 1000 (default)
2019-09-19 09:00:20,149 [9ec9b7eb-9269-4de4-b0e5-15ac19151471:group-33D1D1F0C02D:LeaderElection14] INFO  impl.RoleInfo (RoleInfo.java:updateAndGet(143)) - 9ec9b7eb-9269-4de4-b0e5-15ac19151471: start LeaderState
2019-09-19 09:00:20,149 [188fabf1-fb11-41c2-a0ed-ee400af44df4:group-41F2F838C5D1:LeaderElection18] INFO  impl.RaftServerImpl (ServerState.java:setRaftConf(361)) - 188fabf1-fb11-41c2-a0ed-ee400af44df4:group-41F2F838C5D1 set configuration 0: [188fabf1-fb11-41c2-a0ed-ee400af44df4:192.168.34.5:35829], old=null at 0
2019-09-19 09:00:20,149 [9ec9b7eb-9269-4de4-b0e5-15ac19151471:group-4A6BE8B4DA4B:LeaderElection19] INFO  server.RaftServerConfigKeys (ConfUtils.java:logGet(43)) - raft.server.watch.element-limit = 65536 (default)
2019-09-19 09:00:20,149 [2b82d6a8-341a-4a13-8451-80c547e9561a:group-304E23B1539C:LeaderElection22] INFO  server.RaftServerConfigKeys (ConfUtils.java:logGet(43)) - raft.server.watch.element-limit = 65536 (default)
2019-09-19 09:00:20,149 [21f2978a-2ca5-4a16-a721-5bddc1a70383:group-465F845552D2:LeaderElection16] INFO  impl.RoleInfo (RoleInfo.java:updateAndGet(143)) - 21f2978a-2ca5-4a16-a721-5bddc1a70383: start LeaderState
2019-09-19 09:00:20,148 [cf0fb8b8-922c-4d9e-8ced-919bfd64db77:group-6F89C79E1D89:LeaderElection20] INFO  server.RaftServerConfigKeys (ConfUtils.java:logGet(43)) - raft.server.watch.element-limit = 65536 (default)
2019-09-19 09:00:20,185 [21f2978a-2ca5-4a16-a721-5bddc1a70383:group-465F845552D2:LeaderElection16] INFO  segmented.SegmentedRaftLogWorker (SegmentedRaftLogWorker.java:startLogSegment(380)) - 21f2978a-2ca5-4a16-a721-5bddc1a70383-SegmentedRaftLogWorker:Storage Directory /workdir/hadoop-ozone/integration-test/target/test-dir/MiniOzoneClusterImpl-efb0e503-cad1-4dcb-a604-0867af0d3cca/datanode-4/data/ratis/932fe122-9733-4302-b447-465f845552d2: Starting segment from index:0
2019-09-19 09:00:20,185 [cf0fb8b8-922c-4d9e-8ced-919bfd64db77:group-6F89C79E1D89:LeaderElection20] INFO  impl.RoleInfo (RoleInfo.java:updateAndGet(143)) - cf0fb8b8-922c-4d9e-8ced-919bfd64db77: start LeaderState
2019-09-19 09:00:20,185 | INFO  | SCMAudit | user=jenkins1000 | ip=192.168.34.5 | op=SEND_HEARTBEAT {datanodeUUID=9ec9b7eb-9269-4de4-b0e5-15ac19151471, command=[]} | ret=SUCCESS |  
2019-09-19 09:00:20,148 [188fabf1-fb11-41c2-a0ed-ee400af44df4:group-6BF8F60987BC:LeaderElection23] INFO  server.RaftServerConfigKeys (ConfUtils.java:logGet(43)) - raft.server.watch.timeout = 10s (default)
2019-09-19 09:00:20,148 [cf0fb8b8-922c-4d9e-8ced-919bfd64db77:group-710B4CF8DD4A:LeaderElection17] INFO  impl.RoleInfo (RoleInfo.java:updateAndGet(143)) - cf0fb8b8-922c-4d9e-8ced-919bfd64db77: start LeaderState
2019-09-19 09:00:20,148 [9ec9b7eb-9269-4de4-b0e5-15ac19151471:group-6BE23C15E828:LeaderElection12] INFO  server.RaftServerConfigKeys (ConfUtils.java:logGet(43)) - raft.server.watch.element-limit = 65536 (default)
2019-09-19 09:00:20,147 [cf0fb8b8-922c-4d9e-8ced-919bfd64db77:group-3F40EEF315B2:LeaderElection15] INFO  server.RaftServerConfigKeys (ConfUtils.java:logGet(43)) - raft.server.watch.element-limit = 65536 (default)
2019-09-19 09:00:20,147 [cf0fb8b8-922c-4d9e-8ced-919bfd64db77:group-2EBACE2AFDC4:LeaderElection13] INFO  server.RaftServerConfigKeys (ConfUtils.java:logGet(43)) - raft.server.rpc.sleep.time = 25ms (default)
2019-09-19 09:00:20,186 [cf0fb8b8-922c-4d9e-8ced-919bfd64db77:group-3F40EEF315B2:LeaderElection15] INFO  impl.RoleInfo (RoleInfo.java:updateAndGet(143)) - cf0fb8b8-922c-4d9e-8ced-919bfd64db77: start LeaderState
2019-09-19 09:00:20,186 [9ec9b7eb-9269-4de4-b0e5-15ac19151471:group-6BE23C15E828:LeaderElection12] INFO  impl.RoleInfo (RoleInfo.java:updateAndGet(143)) - 9ec9b7eb-9269-4de4-b0e5-15ac19151471: start LeaderState
2019-09-19 09:00:20,186 [cf0fb8b8-922c-4d9e-8ced-919bfd64db77:group-710B4CF8DD4A:LeaderElection17] INFO  segmented.SegmentedRaftLogWorker (SegmentedRaftLogWorker.java:startLogSegment(380)) - cf0fb8b8-922c-4d9e-8ced-919bfd64db77-SegmentedRaftLogWorker:Storage Directory /workdir/hadoop-ozone/integration-test/target/test-dir/MiniOzoneClusterImpl-efb0e503-cad1-4dcb-a604-0867af0d3cca/datanode-2/data/ratis/dac29734-09e7-4b9f-b737-710b4cf8dd4a: Starting segment from index:0
2019-09-19 09:00:20,186 [188fabf1-fb11-41c2-a0ed-ee400af44df4:group-6BF8F60987BC:LeaderElection23] INFO  server.RaftServerConfigKeys (ConfUtils.java:logGet(43)) - raft.server.watch.timeout.denomination = 1s (default)
2019-09-19 09:00:20,185 [21f2978a-2ca5-4a16-a721-5bddc1a70383:group-465F845552D2:LeaderElection16] INFO  impl.RaftServerImpl (ServerState.java:setRaftConf(361)) - 21f2978a-2ca5-4a16-a721-5bddc1a70383:group-465F845552D2 set configuration 0: [21f2978a-2ca5-4a16-a721-5bddc1a70383:192.168.34.5:38423], old=null at 0
2019-09-19 09:00:20,187 [cf0fb8b8-922c-4d9e-8ced-919bfd64db77:group-710B4CF8DD4A:LeaderElection17] INFO  impl.RaftServerImpl (ServerState.java:setRaftConf(361)) - cf0fb8b8-922c-4d9e-8ced-919bfd64db77:group-710B4CF8DD4A set configuration 0: [cf0fb8b8-922c-4d9e-8ced-919bfd64db77:192.168.34.5:43255], old=null at 0
2019-09-19 09:00:20,185 [cf0fb8b8-922c-4d9e-8ced-919bfd64db77:group-6F89C79E1D89:LeaderElection20] INFO  segmented.SegmentedRaftLogWorker (SegmentedRaftLogWorker.java:startLogSegment(380)) - cf0fb8b8-922c-4d9e-8ced-919bfd64db77-SegmentedRaftLogWorker:Storage Directory /workdir/hadoop-ozone/integration-test/target/test-dir/MiniOzoneClusterImpl-efb0e503-cad1-4dcb-a604-0867af0d3cca/datanode-2/data/ratis/87ef9625-d957-4f87-a426-6f89c79e1d89: Starting segment from index:0
2019-09-19 09:00:20,185 [2b82d6a8-341a-4a13-8451-80c547e9561a:group-304E23B1539C:LeaderElection22] INFO  impl.RoleInfo (RoleInfo.java:updateAndGet(143)) - 2b82d6a8-341a-4a13-8451-80c547e9561a: start LeaderState
2019-09-19 09:00:20,184 [9ec9b7eb-9269-4de4-b0e5-15ac19151471:group-4A6BE8B4DA4B:LeaderElection19] INFO  impl.RoleInfo (RoleInfo.java:updateAndGet(143)) - 9ec9b7eb-9269-4de4-b0e5-15ac19151471: start LeaderState
2019-09-19 09:00:20,234 [2b82d6a8-341a-4a13-8451-80c547e9561a:group-304E23B1539C:LeaderElection22] INFO  segmented.SegmentedRaftLogWorker (SegmentedRaftLogWorker.java:startLogSegment(380)) - 2b82d6a8-341a-4a13-8451-80c547e9561a-SegmentedRaftLogWorker:Storage Directory /workdir/hadoop-ozone/integration-test/target/test-dir/MiniOzoneClusterImpl-efb0e503-cad1-4dcb-a604-0867af0d3cca/datanode-1/data/ratis/558d8af0-210e-4012-af3d-304e23b1539c: Starting segment from index:0
2019-09-19 09:00:20,150 [9ec9b7eb-9269-4de4-b0e5-15ac19151471:group-33D1D1F0C02D:LeaderElection14] INFO  segmented.SegmentedRaftLogWorker (SegmentedRaftLogWorker.java:startLogSegment(380)) - 9ec9b7eb-9269-4de4-b0e5-15ac19151471-SegmentedRaftLogWorker:Storage Directory /workdir/hadoop-ozone/integration-test/target/test-dir/MiniOzoneClusterImpl-efb0e503-cad1-4dcb-a604-0867af0d3cca/datanode-0/data/ratis/f78c82a0-24bb-4e7c-833b-33d1d1f0c02d: Starting segment from index:0
2019-09-19 09:00:20,149 [188fabf1-fb11-41c2-a0ed-ee400af44df4:group-599BB36B41D5:LeaderElection21] INFO  server.RaftServerConfigKeys (ConfUtils.java:logGet(43)) - raft.server.rpc.sleep.time = 25ms (default)
2019-09-19 09:00:20,270 [9ec9b7eb-9269-4de4-b0e5-15ac19151471:group-4A6BE8B4DA4B:LeaderElection19] INFO  segmented.SegmentedRaftLogWorker (SegmentedRaftLogWorker.java:startLogSegment(380)) - 9ec9b7eb-9269-4de4-b0e5-15ac19151471-SegmentedRaftLogWorker:Storage Directory /workdir/hadoop-ozone/integration-test/target/test-dir/MiniOzoneClusterImpl-efb0e503-cad1-4dcb-a604-0867af0d3cca/datanode-0/data/ratis/ec3f90a0-4aba-49d5-a43f-4a6be8b4da4b: Starting segment from index:0
2019-09-19 09:00:20,234 [cf0fb8b8-922c-4d9e-8ced-919bfd64db77:group-6F89C79E1D89:LeaderElection20] INFO  impl.RaftServerImpl (ServerState.java:setRaftConf(361)) - cf0fb8b8-922c-4d9e-8ced-919bfd64db77:group-6F89C79E1D89 set configuration 0: [cf0fb8b8-922c-4d9e-8ced-919bfd64db77:192.168.34.5:43255], old=null at 0
2019-09-19 09:00:20,271 [188fabf1-fb11-41c2-a0ed-ee400af44df4:group-599BB36B41D5:LeaderElection21] INFO  server.RaftServerConfigKeys (ConfUtils.java:logGet(43)) - raft.server.write.element-limit = 4096 (default)
2019-09-19 09:00:20,310 [9ec9b7eb-9269-4de4-b0e5-15ac19151471:group-4A6BE8B4DA4B:LeaderElection19] INFO  impl.RaftServerImpl (ServerState.java:setRaftConf(361)) - 9ec9b7eb-9269-4de4-b0e5-15ac19151471:group-4A6BE8B4DA4B set configuration 0: [9ec9b7eb-9269-4de4-b0e5-15ac19151471:192.168.34.5:41076], old=null at 0
2019-09-19 09:00:20,233 [Thread-314] INFO  impl.FollowerState (FollowerState.java:run(106)) - 5794d84d-2349-4704-a7d7-6735dfcfc341:group-306361811909 changes to CANDIDATE, lastRpcTime:5088, electionTimeout:5088ms
2019-09-19 09:00:20,233 [Thread-311] INFO  impl.FollowerState (FollowerState.java:run(106)) - 21f2978a-2ca5-4a16-a721-5bddc1a70383:group-8635DFF5094E changes to CANDIDATE, lastRpcTime:5164, electionTimeout:5162ms
2019-09-19 09:00:20,231 [188fabf1-fb11-41c2-a0ed-ee400af44df4-SegmentedRaftLogWorker:Storage Directory /workdir/hadoop-ozone/integration-test/target/test-dir/MiniOzoneClusterImpl-efb0e503-cad1-4dcb-a604-0867af0d3cca/datanode-3/data/ratis/5d12f27d-601f-4bfb-a6ac-41f2f838c5d1] INFO  segmented.SegmentedRaftLogWorker (SegmentedRaftLogWorker.java:execute(569)) - 188fabf1-fb11-41c2-a0ed-ee400af44df4-SegmentedRaftLogWorker:Storage Directory /workdir/hadoop-ozone/integration-test/target/test-dir/MiniOzoneClusterImpl-efb0e503-cad1-4dcb-a604-0867af0d3cca/datanode-3/data/ratis/5d12f27d-601f-4bfb-a6ac-41f2f838c5d1: created new log segment /workdir/hadoop-ozone/integration-test/target/test-dir/MiniOzoneClusterImpl-efb0e503-cad1-4dcb-a604-0867af0d3cca/datanode-3/data/ratis/5d12f27d-601f-4bfb-a6ac-41f2f838c5d1/current/log_inprogress_0
2019-09-19 09:00:20,187 [188fabf1-fb11-41c2-a0ed-ee400af44df4:group-6BF8F60987BC:LeaderElection23] INFO  server.RaftServerConfigKeys (ConfUtils.java:logGet(43)) - raft.server.watch.element-limit = 65536 (default)
2019-09-19 09:00:20,187 [9ec9b7eb-9269-4de4-b0e5-15ac19151471:group-6BE23C15E828:LeaderElection12] INFO  segmented.SegmentedRaftLogWorker (SegmentedRaftLogWorker.java:startLogSegment(380)) - 9ec9b7eb-9269-4de4-b0e5-15ac19151471-SegmentedRaftLogWorker:Storage Directory /workdir/hadoop-ozone/integration-test/target/test-dir/MiniOzoneClusterImpl-efb0e503-cad1-4dcb-a604-0867af0d3cca/datanode-0/data/ratis/38c49526-e6cf-45cb-8f78-6be23c15e828: Starting segment from index:0
2019-09-19 09:00:20,187 [cf0fb8b8-922c-4d9e-8ced-919bfd64db77:group-3F40EEF315B2:LeaderElection15] INFO  segmented.SegmentedRaftLogWorker (SegmentedRaftLogWorker.java:startLogSegment(380)) - cf0fb8b8-922c-4d9e-8ced-919bfd64db77-SegmentedRaftLogWorker:Storage Directory /workdir/hadoop-ozone/integration-test/target/test-dir/MiniOzoneClusterImpl-efb0e503-cad1-4dcb-a604-0867af0d3cca/datanode-2/data/ratis/bcb21b9a-c930-4877-9447-3f40eef315b2: Starting segment from index:0
2019-09-19 09:00:20,187 [cf0fb8b8-922c-4d9e-8ced-919bfd64db77:group-2EBACE2AFDC4:LeaderElection13] INFO  server.RaftServerConfigKeys (ConfUtils.java:logGet(43)) - raft.server.write.element-limit = 4096 (default)
2019-09-19 09:00:20,351 [9ec9b7eb-9269-4de4-b0e5-15ac19151471:group-6BE23C15E828:LeaderElection12] INFO  impl.RaftServerImpl (ServerState.java:setRaftConf(361)) - 9ec9b7eb-9269-4de4-b0e5-15ac19151471:group-6BE23C15E828 set configuration 0: [9ec9b7eb-9269-4de4-b0e5-15ac19151471:192.168.34.5:41076], old=null at 0
2019-09-19 09:00:20,351 [cf0fb8b8-922c-4d9e-8ced-919bfd64db77:group-3F40EEF315B2:LeaderElection15] INFO  impl.RaftServerImpl (ServerState.java:setRaftConf(361)) - cf0fb8b8-922c-4d9e-8ced-919bfd64db77:group-3F40EEF315B2 set configuration 0: [cf0fb8b8-922c-4d9e-8ced-919bfd64db77:192.168.34.5:43255], old=null at 0
2019-09-19 09:00:20,351 [cf0fb8b8-922c-4d9e-8ced-919bfd64db77:group-2EBACE2AFDC4:LeaderElection13] INFO  server.RaftServerConfigKeys (ConfUtils.java:logGet(43)) - raft.server.watch.timeout = 10s (default)
2019-09-19 09:00:20,350 [188fabf1-fb11-41c2-a0ed-ee400af44df4:group-6BF8F60987BC:LeaderElection23] INFO  impl.RoleInfo (RoleInfo.java:updateAndGet(143)) - 188fabf1-fb11-41c2-a0ed-ee400af44df4: start LeaderState
2019-09-19 09:00:20,350 [Thread-311] INFO  impl.RoleInfo (RoleInfo.java:shutdownFollowerState(121)) - 21f2978a-2ca5-4a16-a721-5bddc1a70383: shutdown FollowerState
2019-09-19 09:00:20,350 [Thread-314] INFO  impl.RoleInfo (RoleInfo.java:shutdownFollowerState(121)) - 5794d84d-2349-4704-a7d7-6735dfcfc341: shutdown FollowerState
2019-09-19 09:00:20,310 [188fabf1-fb11-41c2-a0ed-ee400af44df4:group-599BB36B41D5:LeaderElection21] INFO  server.RaftServerConfigKeys (ConfUtils.java:logGet(43)) - raft.server.watch.timeout = 10s (default)
2019-09-19 09:00:20,309 [Thread-317] INFO  impl.FollowerState (FollowerState.java:run(106)) - 5794d84d-2349-4704-a7d7-6735dfcfc341:group-BFEEE9B8618F changes to CANDIDATE, lastRpcTime:5084, electionTimeout:5075ms
2019-09-19 09:00:20,399 [Thread-317] INFO  impl.RoleInfo (RoleInfo.java:shutdownFollowerState(121)) - 5794d84d-2349-4704-a7d7-6735dfcfc341: shutdown FollowerState
2019-09-19 09:00:20,271 [9ec9b7eb-9269-4de4-b0e5-15ac19151471:group-33D1D1F0C02D:LeaderElection14] INFO  impl.RaftServerImpl (ServerState.java:setRaftConf(361)) - 9ec9b7eb-9269-4de4-b0e5-15ac19151471:group-33D1D1F0C02D set configuration 0: [9ec9b7eb-9269-4de4-b0e5-15ac19151471:192.168.34.5:41076], old=null at 0
2019-09-19 09:00:20,270 [2b82d6a8-341a-4a13-8451-80c547e9561a:group-304E23B1539C:LeaderElection22] INFO  impl.RaftServerImpl (ServerState.java:setRaftConf(361)) - 2b82d6a8-341a-4a13-8451-80c547e9561a:group-304E23B1539C set configuration 0: [2b82d6a8-341a-4a13-8451-80c547e9561a:192.168.34.5:34627], old=null at 0
2019-09-19 09:00:20,399 [Thread-317] INFO  impl.RaftServerImpl (RaftServerImpl.java:setRole(171)) - 5794d84d-2349-4704-a7d7-6735dfcfc341:group-BFEEE9B8618F changes role from FOLLOWER to CANDIDATE at term 0 for changeToCandidate
2019-09-19 09:00:20,399 [188fabf1-fb11-41c2-a0ed-ee400af44df4:group-599BB36B41D5:LeaderElection21] INFO  server.RaftServerConfigKeys (ConfUtils.java:logGet(43)) - raft.server.watch.timeout.denomination = 1s (default)
2019-09-19 09:00:20,399 [Thread-314] INFO  impl.RaftServerImpl (RaftServerImpl.java:setRole(171)) - 5794d84d-2349-4704-a7d7-6735dfcfc341:group-306361811909 changes role from FOLLOWER to CANDIDATE at term 0 for changeToCandidate
2019-09-19 09:00:20,398 [188fabf1-fb11-41c2-a0ed-ee400af44df4:group-6BF8F60987BC:LeaderElection23] INFO  segmented.SegmentedRaftLogWorker (SegmentedRaftLogWorker.java:startLogSegment(380)) - 188fabf1-fb11-41c2-a0ed-ee400af44df4-SegmentedRaftLogWorker:Storage Directory /workdir/hadoop-ozone/integration-test/target/test-dir/MiniOzoneClusterImpl-efb0e503-cad1-4dcb-a604-0867af0d3cca/datanode-3/data/ratis/1718b616-54b5-440b-a031-6bf8f60987bc: Starting segment from index:0
2019-09-19 09:00:20,398 [Thread-311] INFO  impl.RaftServerImpl (RaftServerImpl.java:setRole(171)) - 21f2978a-2ca5-4a16-a721-5bddc1a70383:group-8635DFF5094E changes role from FOLLOWER to CANDIDATE at term 0 for changeToCandidate
2019-09-19 09:00:20,395 [cf0fb8b8-922c-4d9e-8ced-919bfd64db77:group-2EBACE2AFDC4:LeaderElection13] INFO  server.RaftServerConfigKeys (ConfUtils.java:logGet(43)) - raft.server.watch.timeout.denomination = 1s (default)
2019-09-19 09:00:20,411 [Thread-311] INFO  impl.RoleInfo (RoleInfo.java:updateAndGet(143)) - 21f2978a-2ca5-4a16-a721-5bddc1a70383: start LeaderElection
2019-09-19 09:00:20,412 [188fabf1-fb11-41c2-a0ed-ee400af44df4:group-6BF8F60987BC:LeaderElection23] INFO  impl.RaftServerImpl (ServerState.java:setRaftConf(361)) - 188fabf1-fb11-41c2-a0ed-ee400af44df4:group-6BF8F60987BC set configuration 0: [188fabf1-fb11-41c2-a0ed-ee400af44df4:192.168.34.5:35829], old=null at 0
2019-09-19 09:00:20,411 [Thread-314] INFO  impl.RoleInfo (RoleInfo.java:updateAndGet(143)) - 5794d84d-2349-4704-a7d7-6735dfcfc341: start LeaderElection
2019-09-19 09:00:20,411 [188fabf1-fb11-41c2-a0ed-ee400af44df4:group-599BB36B41D5:LeaderElection21] INFO  server.RaftServerConfigKeys (ConfUtils.java:logGet(43)) - raft.server.watch.element-limit = 65536 (default)
2019-09-19 09:00:20,410 [Thread-317] INFO  impl.RoleInfo (RoleInfo.java:updateAndGet(143)) - 5794d84d-2349-4704-a7d7-6735dfcfc341: start LeaderElection
2019-09-19 09:00:20,452 [Thread-321] INFO  impl.FollowerState (FollowerState.java:run(106)) - 5794d84d-2349-4704-a7d7-6735dfcfc341:group-1B3CEAAB7C1F changes to CANDIDATE, lastRpcTime:5171, electionTimeout:5164ms
2019-09-19 09:00:20,458 [Thread-321] INFO  impl.RoleInfo (RoleInfo.java:shutdownFollowerState(121)) - 5794d84d-2349-4704-a7d7-6735dfcfc341: shutdown FollowerState
2019-09-19 09:00:20,412 [cf0fb8b8-922c-4d9e-8ced-919bfd64db77:group-2EBACE2AFDC4:LeaderElection13] INFO  server.RaftServerConfigKeys (ConfUtils.java:logGet(43)) - raft.server.watch.element-limit = 65536 (default)
2019-09-19 09:00:20,458 [Thread-321] INFO  impl.RaftServerImpl (RaftServerImpl.java:setRole(171)) - 5794d84d-2349-4704-a7d7-6735dfcfc341:group-1B3CEAAB7C1F changes role from FOLLOWER to CANDIDATE at term 0 for changeToCandidate
2019-09-19 09:00:20,458 [188fabf1-fb11-41c2-a0ed-ee400af44df4:group-599BB36B41D5:LeaderElection21] INFO  impl.RoleInfo (RoleInfo.java:updateAndGet(143)) - 188fabf1-fb11-41c2-a0ed-ee400af44df4: start LeaderState
2019-09-19 09:00:20,461 [Thread-321] INFO  impl.RoleInfo (RoleInfo.java:updateAndGet(143)) - 5794d84d-2349-4704-a7d7-6735dfcfc341: start LeaderElection
2019-09-19 09:00:20,461 [cf0fb8b8-922c-4d9e-8ced-919bfd64db77:group-2EBACE2AFDC4:LeaderElection13] INFO  impl.RoleInfo (RoleInfo.java:updateAndGet(143)) - cf0fb8b8-922c-4d9e-8ced-919bfd64db77: start LeaderState
2019-09-19 09:00:20,461 [188fabf1-fb11-41c2-a0ed-ee400af44df4:group-599BB36B41D5:LeaderElection21] INFO  segmented.SegmentedRaftLogWorker (SegmentedRaftLogWorker.java:startLogSegment(380)) - 188fabf1-fb11-41c2-a0ed-ee400af44df4-SegmentedRaftLogWorker:Storage Directory /workdir/hadoop-ozone/integration-test/target/test-dir/MiniOzoneClusterImpl-efb0e503-cad1-4dcb-a604-0867af0d3cca/datanode-3/data/ratis/26bf317f-a549-4325-8660-599bb36b41d5: Starting segment from index:0
2019-09-19 09:00:20,464 [cf0fb8b8-922c-4d9e-8ced-919bfd64db77:group-2EBACE2AFDC4:LeaderElection13] INFO  segmented.SegmentedRaftLogWorker (SegmentedRaftLogWorker.java:startLogSegment(380)) - cf0fb8b8-922c-4d9e-8ced-919bfd64db77-SegmentedRaftLogWorker:Storage Directory /workdir/hadoop-ozone/integration-test/target/test-dir/MiniOzoneClusterImpl-efb0e503-cad1-4dcb-a604-0867af0d3cca/datanode-2/data/ratis/fa7ee42f-d75d-43b2-9fae-2ebace2afdc4: Starting segment from index:0
2019-09-19 09:00:20,465 [188fabf1-fb11-41c2-a0ed-ee400af44df4:group-599BB36B41D5:LeaderElection21] INFO  impl.RaftServerImpl (ServerState.java:setRaftConf(361)) - 188fabf1-fb11-41c2-a0ed-ee400af44df4:group-599BB36B41D5 set configuration 0: [188fabf1-fb11-41c2-a0ed-ee400af44df4:192.168.34.5:35829], old=null at 0
2019-09-19 09:00:20,574 [Thread-324] INFO  impl.FollowerState (FollowerState.java:run(106)) - 21f2978a-2ca5-4a16-a721-5bddc1a70383:group-E4DD330234AB changes to CANDIDATE, lastRpcTime:5238, electionTimeout:5141ms
2019-09-19 09:00:20,574 [cf0fb8b8-922c-4d9e-8ced-919bfd64db77:group-2EBACE2AFDC4:LeaderElection13] INFO  impl.RaftServerImpl (ServerState.java:setRaftConf(361)) - cf0fb8b8-922c-4d9e-8ced-919bfd64db77:group-2EBACE2AFDC4 set configuration 0: [cf0fb8b8-922c-4d9e-8ced-919bfd64db77:192.168.34.5:43255], old=null at 0
2019-09-19 09:00:20,574 [Thread-324] INFO  impl.RoleInfo (RoleInfo.java:shutdownFollowerState(121)) - 21f2978a-2ca5-4a16-a721-5bddc1a70383: shutdown FollowerState
2019-09-19 09:00:20,574 [Thread-327] INFO  impl.FollowerState (FollowerState.java:run(106)) - 0dab3cb5-21ad-4f3e-9c90-05507adcbb62:group-3003CA1BEB96 changes to CANDIDATE, lastRpcTime:5181, electionTimeout:5077ms
2019-09-19 09:00:20,575 [Thread-324] INFO  impl.RaftServerImpl (RaftServerImpl.java:setRole(171)) - 21f2978a-2ca5-4a16-a721-5bddc1a70383:group-E4DD330234AB changes role from FOLLOWER to CANDIDATE at term 0 for changeToCandidate
2019-09-19 09:00:20,575 [Thread-327] INFO  impl.RoleInfo (RoleInfo.java:shutdownFollowerState(121)) - 0dab3cb5-21ad-4f3e-9c90-05507adcbb62: shutdown FollowerState
2019-09-19 09:00:20,575 [Thread-327] INFO  impl.RaftServerImpl (RaftServerImpl.java:setRole(171)) - 0dab3cb5-21ad-4f3e-9c90-05507adcbb62:group-3003CA1BEB96 changes role from FOLLOWER to CANDIDATE at term 0 for changeToCandidate
2019-09-19 09:00:20,576 | INFO  | SCMAudit | user=jenkins1000 | ip=192.168.34.5 | op=SEND_HEARTBEAT {datanodeUUID=5794d84d-2349-4704-a7d7-6735dfcfc341, command=[]} | ret=SUCCESS |  
2019-09-19 09:00:20,575 [Thread-324] INFO  impl.RoleInfo (RoleInfo.java:updateAndGet(143)) - 21f2978a-2ca5-4a16-a721-5bddc1a70383: start LeaderElection
2019-09-19 09:00:20,576 [Thread-327] INFO  impl.RoleInfo (RoleInfo.java:updateAndGet(143)) - 0dab3cb5-21ad-4f3e-9c90-05507adcbb62: start LeaderElection
2019-09-19 09:00:20,612 [Thread-333] INFO  impl.FollowerState (FollowerState.java:run(106)) - 5794d84d-2349-4704-a7d7-6735dfcfc341:group-7A30AB7CA3EB changes to CANDIDATE, lastRpcTime:5105, electionTimeout:5105ms
2019-09-19 09:00:20,612 [Thread-333] INFO  impl.RoleInfo (RoleInfo.java:shutdownFollowerState(121)) - 5794d84d-2349-4704-a7d7-6735dfcfc341: shutdown FollowerState
2019-09-19 09:00:20,612 [Thread-333] INFO  impl.RaftServerImpl (RaftServerImpl.java:setRole(171)) - 5794d84d-2349-4704-a7d7-6735dfcfc341:group-7A30AB7CA3EB changes role from FOLLOWER to CANDIDATE at term 0 for changeToCandidate
2019-09-19 09:00:20,613 [Thread-333] INFO  impl.RoleInfo (RoleInfo.java:updateAndGet(143)) - 5794d84d-2349-4704-a7d7-6735dfcfc341: start LeaderElection
2019-09-19 09:00:20,616 [Thread-330] INFO  impl.FollowerState (FollowerState.java:run(106)) - 2b82d6a8-341a-4a13-8451-80c547e9561a:group-D62CFAFF5BF9 changes to CANDIDATE, lastRpcTime:5166, electionTimeout:5166ms
2019-09-19 09:00:20,616 [Thread-330] INFO  impl.RoleInfo (RoleInfo.java:shutdownFollowerState(121)) - 2b82d6a8-341a-4a13-8451-80c547e9561a: shutdown FollowerState
2019-09-19 09:00:20,617 [Thread-330] INFO  impl.RaftServerImpl (RaftServerImpl.java:setRole(171)) - 2b82d6a8-341a-4a13-8451-80c547e9561a:group-D62CFAFF5BF9 changes role from FOLLOWER to CANDIDATE at term 0 for changeToCandidate
2019-09-19 09:00:20,617 [Thread-330] INFO  impl.RoleInfo (RoleInfo.java:updateAndGet(143)) - 2b82d6a8-341a-4a13-8451-80c547e9561a: start LeaderElection
2019-09-19 09:00:20,679 [Thread-339] INFO  impl.FollowerState (FollowerState.java:run(106)) - 21f2978a-2ca5-4a16-a721-5bddc1a70383:group-CFE8E63002C9 changes to CANDIDATE, lastRpcTime:5070, electionTimeout:5070ms
2019-09-19 09:00:20,679 [Thread-339] INFO  impl.RoleInfo (RoleInfo.java:shutdownFollowerState(121)) - 21f2978a-2ca5-4a16-a721-5bddc1a70383: shutdown FollowerState
2019-09-19 09:00:20,679 [Thread-339] INFO  impl.RaftServerImpl (RaftServerImpl.java:setRole(171)) - 21f2978a-2ca5-4a16-a721-5bddc1a70383:group-CFE8E63002C9 changes role from FOLLOWER to CANDIDATE at term 0 for changeToCandidate
2019-09-19 09:00:20,680 [Thread-339] INFO  impl.RoleInfo (RoleInfo.java:updateAndGet(143)) - 21f2978a-2ca5-4a16-a721-5bddc1a70383: start LeaderElection
2019-09-19 09:00:20,692 | INFO  | SCMAudit | user=jenkins1000 | ip=192.168.34.5 | op=SEND_HEARTBEAT {datanodeUUID=0dab3cb5-21ad-4f3e-9c90-05507adcbb62, command=[]} | ret=SUCCESS |  
2019-09-19 09:00:20,741 [Thread-336] INFO  impl.FollowerState (FollowerState.java:run(106)) - 21f2978a-2ca5-4a16-a721-5bddc1a70383:group-809F860A7E68 changes to CANDIDATE, lastRpcTime:5183, electionTimeout:5183ms
2019-09-19 09:00:20,741 [Thread-336] INFO  impl.RoleInfo (RoleInfo.java:shutdownFollowerState(121)) - 21f2978a-2ca5-4a16-a721-5bddc1a70383: shutdown FollowerState
2019-09-19 09:00:20,741 [Thread-336] INFO  impl.RaftServerImpl (RaftServerImpl.java:setRole(171)) - 21f2978a-2ca5-4a16-a721-5bddc1a70383:group-809F860A7E68 changes role from FOLLOWER to CANDIDATE at term 0 for changeToCandidate
2019-09-19 09:00:20,741 [Thread-336] INFO  impl.RoleInfo (RoleInfo.java:updateAndGet(143)) - 21f2978a-2ca5-4a16-a721-5bddc1a70383: start LeaderElection
2019-09-19 09:00:20,756 [Thread-342] INFO  impl.FollowerState (FollowerState.java:run(106)) - 5794d84d-2349-4704-a7d7-6735dfcfc341:group-145AD4BEF4F6 changes to CANDIDATE, lastRpcTime:5091, electionTimeout:5091ms
2019-09-19 09:00:20,756 [Thread-342] INFO  impl.RoleInfo (RoleInfo.java:shutdownFollowerState(121)) - 5794d84d-2349-4704-a7d7-6735dfcfc341: shutdown FollowerState
2019-09-19 09:00:20,756 [Thread-342] INFO  impl.RaftServerImpl (RaftServerImpl.java:setRole(171)) - 5794d84d-2349-4704-a7d7-6735dfcfc341:group-145AD4BEF4F6 changes role from FOLLOWER to CANDIDATE at term 0 for changeToCandidate
2019-09-19 09:00:20,756 [Thread-342] INFO  impl.RoleInfo (RoleInfo.java:updateAndGet(143)) - 5794d84d-2349-4704-a7d7-6735dfcfc341: start LeaderElection
2019-09-19 09:00:20,920 [Thread-345] INFO  impl.FollowerState (FollowerState.java:run(106)) - 2b82d6a8-341a-4a13-8451-80c547e9561a:group-A8A4B2EA4BE3 changes to CANDIDATE, lastRpcTime:5174, electionTimeout:5174ms
2019-09-19 09:00:20,920 [Thread-345] INFO  impl.RoleInfo (RoleInfo.java:shutdownFollowerState(121)) - 2b82d6a8-341a-4a13-8451-80c547e9561a: shutdown FollowerState
2019-09-19 09:00:20,920 [Thread-345] INFO  impl.RaftServerImpl (RaftServerImpl.java:setRole(171)) - 2b82d6a8-341a-4a13-8451-80c547e9561a:group-A8A4B2EA4BE3 changes role from FOLLOWER to CANDIDATE at term 0 for changeToCandidate
2019-09-19 09:00:20,921 [Thread-345] INFO  impl.RoleInfo (RoleInfo.java:updateAndGet(143)) - 2b82d6a8-341a-4a13-8451-80c547e9561a: start LeaderElection
2019-09-19 09:00:20,921 [Thread-348] INFO  impl.FollowerState (FollowerState.java:run(106)) - 5794d84d-2349-4704-a7d7-6735dfcfc341:group-33BF8A35A0AC changes to CANDIDATE, lastRpcTime:5120, electionTimeout:5120ms
2019-09-19 09:00:20,925 [Thread-348] INFO  impl.RoleInfo (RoleInfo.java:shutdownFollowerState(121)) - 5794d84d-2349-4704-a7d7-6735dfcfc341: shutdown FollowerState
2019-09-19 09:00:20,925 [Thread-348] INFO  impl.RaftServerImpl (RaftServerImpl.java:setRole(171)) - 5794d84d-2349-4704-a7d7-6735dfcfc341:group-33BF8A35A0AC changes role from FOLLOWER to CANDIDATE at term 0 for changeToCandidate
2019-09-19 09:00:20,925 [Thread-348] INFO  impl.RoleInfo (RoleInfo.java:updateAndGet(143)) - 5794d84d-2349-4704-a7d7-6735dfcfc341: start LeaderElection
2019-09-19 09:00:20,970 [Thread-351] INFO  impl.FollowerState (FollowerState.java:run(106)) - 0dab3cb5-21ad-4f3e-9c90-05507adcbb62:group-51DD66138AB9 changes to CANDIDATE, lastRpcTime:5115, electionTimeout:5115ms
2019-09-19 09:00:20,970 [Thread-351] INFO  impl.RoleInfo (RoleInfo.java:shutdownFollowerState(121)) - 0dab3cb5-21ad-4f3e-9c90-05507adcbb62: shutdown FollowerState
2019-09-19 09:00:20,970 [Thread-351] INFO  impl.RaftServerImpl (RaftServerImpl.java:setRole(171)) - 0dab3cb5-21ad-4f3e-9c90-05507adcbb62:group-51DD66138AB9 changes role from FOLLOWER to CANDIDATE at term 0 for changeToCandidate
2019-09-19 09:00:20,971 [Thread-351] INFO  impl.RoleInfo (RoleInfo.java:updateAndGet(143)) - 0dab3cb5-21ad-4f3e-9c90-05507adcbb62: start LeaderElection
2019-09-19 09:00:21,022 [Thread-357] INFO  impl.FollowerState (FollowerState.java:run(106)) - 0dab3cb5-21ad-4f3e-9c90-05507adcbb62:group-929403B17E48 changes to CANDIDATE, lastRpcTime:5042, electionTimeout:5042ms
2019-09-19 09:00:21,022 [Thread-357] INFO  impl.RoleInfo (RoleInfo.java:shutdownFollowerState(121)) - 0dab3cb5-21ad-4f3e-9c90-05507adcbb62: shutdown FollowerState
2019-09-19 09:00:21,022 [Thread-357] INFO  impl.RaftServerImpl (RaftServerImpl.java:setRole(171)) - 0dab3cb5-21ad-4f3e-9c90-05507adcbb62:group-929403B17E48 changes role from FOLLOWER to CANDIDATE at term 0 for changeToCandidate
2019-09-19 09:00:21,023 [Thread-357] INFO  impl.RoleInfo (RoleInfo.java:updateAndGet(143)) - 0dab3cb5-21ad-4f3e-9c90-05507adcbb62: start LeaderElection
2019-09-19 09:00:21,098 [Thread-354] INFO  impl.FollowerState (FollowerState.java:run(106)) - 2b82d6a8-341a-4a13-8451-80c547e9561a:group-6B9AEE676E6B changes to CANDIDATE, lastRpcTime:5189, electionTimeout:5189ms
2019-09-19 09:00:21,098 [Thread-354] INFO  impl.RoleInfo (RoleInfo.java:shutdownFollowerState(121)) - 2b82d6a8-341a-4a13-8451-80c547e9561a: shutdown FollowerState
2019-09-19 09:00:21,098 [Thread-354] INFO  impl.RaftServerImpl (RaftServerImpl.java:setRole(171)) - 2b82d6a8-341a-4a13-8451-80c547e9561a:group-6B9AEE676E6B changes role from FOLLOWER to CANDIDATE at term 0 for changeToCandidate
2019-09-19 09:00:21,098 [Thread-354] INFO  impl.RoleInfo (RoleInfo.java:updateAndGet(143)) - 2b82d6a8-341a-4a13-8451-80c547e9561a: start LeaderElection
2019-09-19 09:00:21,110 [Thread-360] INFO  impl.FollowerState (FollowerState.java:run(106)) - 0dab3cb5-21ad-4f3e-9c90-05507adcbb62:group-FFA31F0FC260 changes to CANDIDATE, lastRpcTime:5058, electionTimeout:5051ms
2019-09-19 09:00:21,110 [Thread-360] INFO  impl.RoleInfo (RoleInfo.java:shutdownFollowerState(121)) - 0dab3cb5-21ad-4f3e-9c90-05507adcbb62: shutdown FollowerState
2019-09-19 09:00:21,110 [Thread-360] INFO  impl.RaftServerImpl (RaftServerImpl.java:setRole(171)) - 0dab3cb5-21ad-4f3e-9c90-05507adcbb62:group-FFA31F0FC260 changes role from FOLLOWER to CANDIDATE at term 0 for changeToCandidate
2019-09-19 09:00:21,111 [Thread-360] INFO  impl.RoleInfo (RoleInfo.java:updateAndGet(143)) - 0dab3cb5-21ad-4f3e-9c90-05507adcbb62: start LeaderElection
2019-09-19 09:00:21,112 | INFO  | SCMAudit | user=jenkins1000 | ip=192.168.34.5 | op=SEND_HEARTBEAT {datanodeUUID=cf0fb8b8-922c-4d9e-8ced-919bfd64db77, command=[]} | ret=SUCCESS |  
2019-09-19 09:00:21,112 | INFO  | SCMAudit | user=jenkins1000 | ip=192.168.34.5 | op=SEND_HEARTBEAT {datanodeUUID=188fabf1-fb11-41c2-a0ed-ee400af44df4, command=[]} | ret=SUCCESS |  
2019-09-19 09:00:21,186 | INFO  | SCMAudit | user=jenkins1000 | ip=192.168.34.5 | op=SEND_HEARTBEAT {datanodeUUID=9ec9b7eb-9269-4de4-b0e5-15ac19151471, command=[]} | ret=SUCCESS |  
2019-09-19 09:00:21,236 [Thread-363] INFO  impl.FollowerState (FollowerState.java:run(106)) - 0dab3cb5-21ad-4f3e-9c90-05507adcbb62:group-950BA0564D07 changes to CANDIDATE, lastRpcTime:5115, electionTimeout:5115ms
2019-09-19 09:00:21,236 [Thread-363] INFO  impl.RoleInfo (RoleInfo.java:shutdownFollowerState(121)) - 0dab3cb5-21ad-4f3e-9c90-05507adcbb62: shutdown FollowerState
2019-09-19 09:00:21,236 [Thread-363] INFO  impl.RaftServerImpl (RaftServerImpl.java:setRole(171)) - 0dab3cb5-21ad-4f3e-9c90-05507adcbb62:group-950BA0564D07 changes role from FOLLOWER to CANDIDATE at term 0 for changeToCandidate
2019-09-19 09:00:21,237 [Thread-363] INFO  impl.RoleInfo (RoleInfo.java:updateAndGet(143)) - 0dab3cb5-21ad-4f3e-9c90-05507adcbb62: start LeaderElection
2019-09-19 09:00:21,253 [main] INFO  ozoneimpl.OzoneContainer (OzoneContainer.java:stop(199)) - Attempting to stop container services.
2019-09-19 09:00:21,253 [ForkJoinPool.commonPool-worker-1] INFO  ozoneimpl.OzoneContainer (OzoneContainer.java:stop(199)) - Attempting to stop container services.
2019-09-19 09:00:21,254 [main] INFO  impl.RaftServerProxy (RaftServerProxy.java:lambda$close$4(314)) - 21f2978a-2ca5-4a16-a721-5bddc1a70383: close
2019-09-19 09:00:21,254 [ForkJoinPool.commonPool-worker-1] INFO  impl.RaftServerProxy (RaftServerProxy.java:lambda$close$4(314)) - 2b82d6a8-341a-4a13-8451-80c547e9561a: close
2019-09-19 09:00:21,257 [main] INFO  impl.RaftServerImpl (RaftServerImpl.java:lambda$shutdown$3(245)) - 21f2978a-2ca5-4a16-a721-5bddc1a70383: shutdown group-5DF9D13CE92A
2019-09-19 09:00:21,257 [ForkJoinPool.commonPool-worker-1] INFO  impl.RaftServerImpl (RaftServerImpl.java:lambda$shutdown$3(245)) - 2b82d6a8-341a-4a13-8451-80c547e9561a: shutdown group-33B18F14CA5D
2019-09-19 09:00:21,257 [main] INFO  util.JmxRegister (JmxRegister.java:unregister(73)) - Successfully un-registered JMX Bean with object name Ratis:service=RaftServer,group=group-5DF9D13CE92A,id=21f2978a-2ca5-4a16-a721-5bddc1a70383
2019-09-19 09:00:21,258 [main] INFO  impl.RoleInfo (RoleInfo.java:shutdownLeaderState(104)) - 21f2978a-2ca5-4a16-a721-5bddc1a70383: shutdown LeaderState
2019-09-19 09:00:21,258 [ForkJoinPool.commonPool-worker-1] INFO  util.JmxRegister (JmxRegister.java:unregister(73)) - Successfully un-registered JMX Bean with object name Ratis:service=RaftServer,group=group-33B18F14CA5D,id=2b82d6a8-341a-4a13-8451-80c547e9561a
2019-09-19 09:00:21,259 [ForkJoinPool.commonPool-worker-1] INFO  impl.RoleInfo (RoleInfo.java:shutdownLeaderState(104)) - 2b82d6a8-341a-4a13-8451-80c547e9561a: shutdown LeaderState
2019-09-19 09:00:21,260 [main] INFO  impl.PendingRequests (PendingRequests.java:sendNotLeaderResponses(202)) - 21f2978a-2ca5-4a16-a721-5bddc1a70383-PendingRequests: sendNotLeaderResponses
2019-09-19 09:00:21,260 [ForkJoinPool.commonPool-worker-1] INFO  impl.PendingRequests (PendingRequests.java:sendNotLeaderResponses(202)) - 2b82d6a8-341a-4a13-8451-80c547e9561a-PendingRequests: sendNotLeaderResponses
2019-09-19 09:00:21,265 [ForkJoinPool.commonPool-worker-1] INFO  impl.StateMachineUpdater (StateMachineUpdater.java:stopAndJoin(115)) - StateMachineUpdater:2b82d6a8-341a-4a13-8451-80c547e9561a:group-33B18F14CA5D: set stopIndex = 0
2019-09-19 09:00:21,265 [main] INFO  impl.StateMachineUpdater (StateMachineUpdater.java:stopAndJoin(115)) - StateMachineUpdater:21f2978a-2ca5-4a16-a721-5bddc1a70383:group-5DF9D13CE92A: set stopIndex = 0
2019-09-19 09:00:21,267 [ForkJoinPool.commonPool-worker-1] INFO  impl.RaftServerImpl (ServerState.java:close(394)) - 2b82d6a8-341a-4a13-8451-80c547e9561a:group-33B18F14CA5D closes. The last applied log index is 0
2019-09-19 09:00:21,268 [main] INFO  impl.RaftServerImpl (ServerState.java:close(394)) - 21f2978a-2ca5-4a16-a721-5bddc1a70383:group-5DF9D13CE92A closes. The last applied log index is 0
2019-09-19 09:00:21,270 [2b82d6a8-341a-4a13-8451-80c547e9561a-SegmentedRaftLogWorker:Storage Directory /workdir/hadoop-ozone/integration-test/target/test-dir/MiniOzoneClusterImpl-efb0e503-cad1-4dcb-a604-0867af0d3cca/datanode-1/data/ratis/1f92ddde-784d-4fa8-9d62-33b18f14ca5d] INFO  segmented.SegmentedRaftLogWorker (SegmentedRaftLogWorker.java:run(313)) - 2b82d6a8-341a-4a13-8451-80c547e9561a-SegmentedRaftLogWorker:Storage Directory /workdir/hadoop-ozone/integration-test/target/test-dir/MiniOzoneClusterImpl-efb0e503-cad1-4dcb-a604-0867af0d3cca/datanode-1/data/ratis/1f92ddde-784d-4fa8-9d62-33b18f14ca5d was interrupted, exiting. There are 0 tasks remaining in the queue.
2019-09-19 09:00:21,270 [21f2978a-2ca5-4a16-a721-5bddc1a70383-SegmentedRaftLogWorker:Storage Directory /workdir/hadoop-ozone/integration-test/target/test-dir/MiniOzoneClusterImpl-efb0e503-cad1-4dcb-a604-0867af0d3cca/datanode-4/data/ratis/7c37b9d9-4fab-4ec1-a6ad-5df9d13ce92a] INFO  segmented.SegmentedRaftLogWorker (SegmentedRaftLogWorker.java:run(313)) - 21f2978a-2ca5-4a16-a721-5bddc1a70383-SegmentedRaftLogWorker:Storage Directory /workdir/hadoop-ozone/integration-test/target/test-dir/MiniOzoneClusterImpl-efb0e503-cad1-4dcb-a604-0867af0d3cca/datanode-4/data/ratis/7c37b9d9-4fab-4ec1-a6ad-5df9d13ce92a was interrupted, exiting. There are 0 tasks remaining in the queue.
2019-09-19 09:00:21,273 [ForkJoinPool.commonPool-worker-1] INFO  segmented.SegmentedRaftLogWorker (SegmentedRaftLogWorker.java:close(228)) - 2b82d6a8-341a-4a13-8451-80c547e9561a-SegmentedRaftLogWorker:Storage Directory /workdir/hadoop-ozone/integration-test/target/test-dir/MiniOzoneClusterImpl-efb0e503-cad1-4dcb-a604-0867af0d3cca/datanode-1/data/ratis/1f92ddde-784d-4fa8-9d62-33b18f14ca5d close()
2019-09-19 09:00:21,273 [main] INFO  segmented.SegmentedRaftLogWorker (SegmentedRaftLogWorker.java:close(228)) - 21f2978a-2ca5-4a16-a721-5bddc1a70383-SegmentedRaftLogWorker:Storage Directory /workdir/hadoop-ozone/integration-test/target/test-dir/MiniOzoneClusterImpl-efb0e503-cad1-4dcb-a604-0867af0d3cca/datanode-4/data/ratis/7c37b9d9-4fab-4ec1-a6ad-5df9d13ce92a close()
2019-09-19 09:00:21,276 [ForkJoinPool.commonPool-worker-1] INFO  impl.RaftServerImpl (RaftServerImpl.java:lambda$shutdown$3(245)) - 2b82d6a8-341a-4a13-8451-80c547e9561a: shutdown group-A8A4B2EA4BE3
2019-09-19 09:00:21,279 [main] INFO  impl.RaftServerImpl (RaftServerImpl.java:lambda$shutdown$3(245)) - 21f2978a-2ca5-4a16-a721-5bddc1a70383: shutdown group-8635DFF5094E
2019-09-19 09:00:21,279 [ForkJoinPool.commonPool-worker-1] INFO  util.JmxRegister (JmxRegister.java:unregister(73)) - Successfully un-registered JMX Bean with object name Ratis:service=RaftServer,group=group-A8A4B2EA4BE3,id=2b82d6a8-341a-4a13-8451-80c547e9561a
2019-09-19 09:00:21,280 [main] INFO  util.JmxRegister (JmxRegister.java:unregister(73)) - Successfully un-registered JMX Bean with object name Ratis:service=RaftServer,group=group-8635DFF5094E,id=21f2978a-2ca5-4a16-a721-5bddc1a70383
2019-09-19 09:00:21,280 [ForkJoinPool.commonPool-worker-1] INFO  impl.RoleInfo (RoleInfo.java:shutdownLeaderElection(134)) - 2b82d6a8-341a-4a13-8451-80c547e9561a: shutdown LeaderElection
2019-09-19 09:00:21,280 [main] INFO  impl.RoleInfo (RoleInfo.java:shutdownLeaderElection(134)) - 21f2978a-2ca5-4a16-a721-5bddc1a70383: shutdown LeaderElection
2019-09-19 09:00:21,281 [ForkJoinPool.commonPool-worker-1] INFO  impl.StateMachineUpdater (StateMachineUpdater.java:stopAndJoin(115)) - StateMachineUpdater:2b82d6a8-341a-4a13-8451-80c547e9561a:group-A8A4B2EA4BE3: set stopIndex = -1
2019-09-19 09:00:21,281 [main] INFO  impl.StateMachineUpdater (StateMachineUpdater.java:stopAndJoin(115)) - StateMachineUpdater:21f2978a-2ca5-4a16-a721-5bddc1a70383:group-8635DFF5094E: set stopIndex = -1
2019-09-19 09:00:21,281 [ForkJoinPool.commonPool-worker-1] INFO  impl.RaftServerImpl (ServerState.java:close(394)) - 2b82d6a8-341a-4a13-8451-80c547e9561a:group-A8A4B2EA4BE3 closes. The last applied log index is -1
2019-09-19 09:00:21,281 [main] INFO  impl.RaftServerImpl (ServerState.java:close(394)) - 21f2978a-2ca5-4a16-a721-5bddc1a70383:group-8635DFF5094E closes. The last applied log index is -1
2019-09-19 09:00:21,282 [2b82d6a8-341a-4a13-8451-80c547e9561a-SegmentedRaftLogWorker:Storage Directory /workdir/hadoop-ozone/integration-test/target/test-dir/MiniOzoneClusterImpl-efb0e503-cad1-4dcb-a604-0867af0d3cca/datanode-1/data/ratis/f700dda8-fff8-470f-b211-a8a4b2ea4be3] INFO  segmented.SegmentedRaftLogWorker (SegmentedRaftLogWorker.java:run(313)) - 2b82d6a8-341a-4a13-8451-80c547e9561a-SegmentedRaftLogWorker:Storage Directory /workdir/hadoop-ozone/integration-test/target/test-dir/MiniOzoneClusterImpl-efb0e503-cad1-4dcb-a604-0867af0d3cca/datanode-1/data/ratis/f700dda8-fff8-470f-b211-a8a4b2ea4be3 was interrupted, exiting. There are 0 tasks remaining in the queue.
2019-09-19 09:00:21,282 [21f2978a-2ca5-4a16-a721-5bddc1a70383-SegmentedRaftLogWorker:Storage Directory /workdir/hadoop-ozone/integration-test/target/test-dir/MiniOzoneClusterImpl-efb0e503-cad1-4dcb-a604-0867af0d3cca/datanode-4/data/ratis/c0b4dbeb-ce87-4163-9b63-8635dff5094e] INFO  segmented.SegmentedRaftLogWorker (SegmentedRaftLogWorker.java:run(313)) - 21f2978a-2ca5-4a16-a721-5bddc1a70383-SegmentedRaftLogWorker:Storage Directory /workdir/hadoop-ozone/integration-test/target/test-dir/MiniOzoneClusterImpl-efb0e503-cad1-4dcb-a604-0867af0d3cca/datanode-4/data/ratis/c0b4dbeb-ce87-4163-9b63-8635dff5094e was interrupted, exiting. There are 0 tasks remaining in the queue.
2019-09-19 09:00:21,282 [ForkJoinPool.commonPool-worker-1] INFO  segmented.SegmentedRaftLogWorker (SegmentedRaftLogWorker.java:close(228)) - 2b82d6a8-341a-4a13-8451-80c547e9561a-SegmentedRaftLogWorker:Storage Directory /workdir/hadoop-ozone/integration-test/target/test-dir/MiniOzoneClusterImpl-efb0e503-cad1-4dcb-a604-0867af0d3cca/datanode-1/data/ratis/f700dda8-fff8-470f-b211-a8a4b2ea4be3 close()
2019-09-19 09:00:21,283 [main] INFO  segmented.SegmentedRaftLogWorker (SegmentedRaftLogWorker.java:close(228)) - 21f2978a-2ca5-4a16-a721-5bddc1a70383-SegmentedRaftLogWorker:Storage Directory /workdir/hadoop-ozone/integration-test/target/test-dir/MiniOzoneClusterImpl-efb0e503-cad1-4dcb-a604-0867af0d3cca/datanode-4/data/ratis/c0b4dbeb-ce87-4163-9b63-8635dff5094e close()
2019-09-19 09:00:21,285 [ForkJoinPool.commonPool-worker-1] INFO  impl.RaftServerImpl (RaftServerImpl.java:lambda$shutdown$3(245)) - 2b82d6a8-341a-4a13-8451-80c547e9561a: shutdown group-6B9AEE676E6B
2019-09-19 09:00:21,288 [main] INFO  impl.RaftServerImpl (RaftServerImpl.java:lambda$shutdown$3(245)) - 21f2978a-2ca5-4a16-a721-5bddc1a70383: shutdown group-465F845552D2
2019-09-19 09:00:21,288 [ForkJoinPool.commonPool-worker-1] INFO  util.JmxRegister (JmxRegister.java:unregister(73)) - Successfully un-registered JMX Bean with object name Ratis:service=RaftServer,group=group-6B9AEE676E6B,id=2b82d6a8-341a-4a13-8451-80c547e9561a
2019-09-19 09:00:21,289 [main] INFO  util.JmxRegister (JmxRegister.java:unregister(73)) - Successfully un-registered JMX Bean with object name Ratis:service=RaftServer,group=group-465F845552D2,id=21f2978a-2ca5-4a16-a721-5bddc1a70383
2019-09-19 09:00:21,289 [ForkJoinPool.commonPool-worker-1] INFO  impl.RoleInfo (RoleInfo.java:shutdownLeaderElection(134)) - 2b82d6a8-341a-4a13-8451-80c547e9561a: shutdown LeaderElection
2019-09-19 09:00:21,289 [main] INFO  impl.RoleInfo (RoleInfo.java:shutdownLeaderState(104)) - 21f2978a-2ca5-4a16-a721-5bddc1a70383: shutdown LeaderState
2019-09-19 09:00:21,289 [ForkJoinPool.commonPool-worker-1] INFO  impl.StateMachineUpdater (StateMachineUpdater.java:stopAndJoin(115)) - StateMachineUpdater:2b82d6a8-341a-4a13-8451-80c547e9561a:group-6B9AEE676E6B: set stopIndex = -1
2019-09-19 09:00:21,290 [main] INFO  impl.PendingRequests (PendingRequests.java:sendNotLeaderResponses(202)) - 21f2978a-2ca5-4a16-a721-5bddc1a70383-PendingRequests: sendNotLeaderResponses
2019-09-19 09:00:21,290 [ForkJoinPool.commonPool-worker-1] INFO  impl.RaftServerImpl (ServerState.java:close(394)) - 2b82d6a8-341a-4a13-8451-80c547e9561a:group-6B9AEE676E6B closes. The last applied log index is -1
2019-09-19 09:00:21,290 [main] INFO  impl.StateMachineUpdater (StateMachineUpdater.java:stopAndJoin(115)) - StateMachineUpdater:21f2978a-2ca5-4a16-a721-5bddc1a70383:group-465F845552D2: set stopIndex = -1
2019-09-19 09:00:21,291 [2b82d6a8-341a-4a13-8451-80c547e9561a-SegmentedRaftLogWorker:Storage Directory /workdir/hadoop-ozone/integration-test/target/test-dir/MiniOzoneClusterImpl-efb0e503-cad1-4dcb-a604-0867af0d3cca/datanode-1/data/ratis/1e6c03f7-7c9e-4924-8524-6b9aee676e6b] INFO  segmented.SegmentedRaftLogWorker (SegmentedRaftLogWorker.java:run(313)) - 2b82d6a8-341a-4a13-8451-80c547e9561a-SegmentedRaftLogWorker:Storage Directory /workdir/hadoop-ozone/integration-test/target/test-dir/MiniOzoneClusterImpl-efb0e503-cad1-4dcb-a604-0867af0d3cca/datanode-1/data/ratis/1e6c03f7-7c9e-4924-8524-6b9aee676e6b was interrupted, exiting. There are 0 tasks remaining in the queue.
2019-09-19 09:00:21,291 [main] INFO  impl.RaftServerImpl (ServerState.java:close(394)) - 21f2978a-2ca5-4a16-a721-5bddc1a70383:group-465F845552D2 closes. The last applied log index is -1
2019-09-19 09:00:21,291 [ForkJoinPool.commonPool-worker-1] INFO  segmented.SegmentedRaftLogWorker (SegmentedRaftLogWorker.java:close(228)) - 2b82d6a8-341a-4a13-8451-80c547e9561a-SegmentedRaftLogWorker:Storage Directory /workdir/hadoop-ozone/integration-test/target/test-dir/MiniOzoneClusterImpl-efb0e503-cad1-4dcb-a604-0867af0d3cca/datanode-1/data/ratis/1e6c03f7-7c9e-4924-8524-6b9aee676e6b close()
2019-09-19 09:00:21,295 [ForkJoinPool.commonPool-worker-1] INFO  impl.RaftServerImpl (RaftServerImpl.java:lambda$shutdown$3(245)) - 2b82d6a8-341a-4a13-8451-80c547e9561a: shutdown group-D62CFAFF5BF9
2019-09-19 09:00:21,296 [ForkJoinPool.commonPool-worker-1] INFO  util.JmxRegister (JmxRegister.java:unregister(73)) - Successfully un-registered JMX Bean with object name Ratis:service=RaftServer,group=group-D62CFAFF5BF9,id=2b82d6a8-341a-4a13-8451-80c547e9561a
2019-09-19 09:00:21,296 [ForkJoinPool.commonPool-worker-1] INFO  impl.RoleInfo (RoleInfo.java:shutdownLeaderElection(134)) - 2b82d6a8-341a-4a13-8451-80c547e9561a: shutdown LeaderElection
2019-09-19 09:00:21,296 [ForkJoinPool.commonPool-worker-1] INFO  impl.StateMachineUpdater (StateMachineUpdater.java:stopAndJoin(115)) - StateMachineUpdater:2b82d6a8-341a-4a13-8451-80c547e9561a:group-D62CFAFF5BF9: set stopIndex = -1
2019-09-19 09:00:21,296 [ForkJoinPool.commonPool-worker-1] INFO  impl.RaftServerImpl (ServerState.java:close(394)) - 2b82d6a8-341a-4a13-8451-80c547e9561a:group-D62CFAFF5BF9 closes. The last applied log index is -1
2019-09-19 09:00:21,296 [2b82d6a8-341a-4a13-8451-80c547e9561a-SegmentedRaftLogWorker:Storage Directory /workdir/hadoop-ozone/integration-test/target/test-dir/MiniOzoneClusterImpl-efb0e503-cad1-4dcb-a604-0867af0d3cca/datanode-1/data/ratis/2a920880-21b2-4820-9ea2-d62cfaff5bf9] INFO  segmented.SegmentedRaftLogWorker (SegmentedRaftLogWorker.java:run(313)) - 2b82d6a8-341a-4a13-8451-80c547e9561a-SegmentedRaftLogWorker:Storage Directory /workdir/hadoop-ozone/integration-test/target/test-dir/MiniOzoneClusterImpl-efb0e503-cad1-4dcb-a604-0867af0d3cca/datanode-1/data/ratis/2a920880-21b2-4820-9ea2-d62cfaff5bf9 was interrupted, exiting. There are 0 tasks remaining in the queue.
2019-09-19 09:00:21,297 [ForkJoinPool.commonPool-worker-1] INFO  segmented.SegmentedRaftLogWorker (SegmentedRaftLogWorker.java:close(228)) - 2b82d6a8-341a-4a13-8451-80c547e9561a-SegmentedRaftLogWorker:Storage Directory /workdir/hadoop-ozone/integration-test/target/test-dir/MiniOzoneClusterImpl-efb0e503-cad1-4dcb-a604-0867af0d3cca/datanode-1/data/ratis/2a920880-21b2-4820-9ea2-d62cfaff5bf9 close()
2019-09-19 09:00:21,299 [ForkJoinPool.commonPool-worker-1] INFO  impl.RaftServerImpl (RaftServerImpl.java:lambda$shutdown$3(245)) - 2b82d6a8-341a-4a13-8451-80c547e9561a: shutdown group-096ADC0F99BD
2019-09-19 09:00:21,300 [ForkJoinPool.commonPool-worker-1] INFO  util.JmxRegister (JmxRegister.java:unregister(73)) - Successfully un-registered JMX Bean with object name Ratis:service=RaftServer,group=group-096ADC0F99BD,id=2b82d6a8-341a-4a13-8451-80c547e9561a
2019-09-19 09:00:21,300 [ForkJoinPool.commonPool-worker-1] INFO  impl.RoleInfo (RoleInfo.java:shutdownLeaderState(104)) - 2b82d6a8-341a-4a13-8451-80c547e9561a: shutdown LeaderState
2019-09-19 09:00:21,300 [ForkJoinPool.commonPool-worker-1] INFO  impl.PendingRequests (PendingRequests.java:sendNotLeaderResponses(202)) - 2b82d6a8-341a-4a13-8451-80c547e9561a-PendingRequests: sendNotLeaderResponses
2019-09-19 09:00:21,300 [ForkJoinPool.commonPool-worker-1] INFO  impl.StateMachineUpdater (StateMachineUpdater.java:stopAndJoin(115)) - StateMachineUpdater:2b82d6a8-341a-4a13-8451-80c547e9561a:group-096ADC0F99BD: set stopIndex = 0
2019-09-19 09:00:21,300 [ForkJoinPool.commonPool-worker-1] INFO  impl.RaftServerImpl (ServerState.java:close(394)) - 2b82d6a8-341a-4a13-8451-80c547e9561a:group-096ADC0F99BD closes. The last applied log index is 0
2019-09-19 09:00:21,301 [2b82d6a8-341a-4a13-8451-80c547e9561a-SegmentedRaftLogWorker:Storage Directory /workdir/hadoop-ozone/integration-test/target/test-dir/MiniOzoneClusterImpl-efb0e503-cad1-4dcb-a604-0867af0d3cca/datanode-1/data/ratis/c0a6a43c-177c-4522-93a2-096adc0f99bd] INFO  segmented.SegmentedRaftLogWorker (SegmentedRaftLogWorker.java:run(313)) - 2b82d6a8-341a-4a13-8451-80c547e9561a-SegmentedRaftLogWorker:Storage Directory /workdir/hadoop-ozone/integration-test/target/test-dir/MiniOzoneClusterImpl-efb0e503-cad1-4dcb-a604-0867af0d3cca/datanode-1/data/ratis/c0a6a43c-177c-4522-93a2-096adc0f99bd was interrupted, exiting. There are 0 tasks remaining in the queue.
2019-09-19 09:00:21,302 [ForkJoinPool.commonPool-worker-1] INFO  segmented.SegmentedRaftLogWorker (SegmentedRaftLogWorker.java:close(228)) - 2b82d6a8-341a-4a13-8451-80c547e9561a-SegmentedRaftLogWorker:Storage Directory /workdir/hadoop-ozone/integration-test/target/test-dir/MiniOzoneClusterImpl-efb0e503-cad1-4dcb-a604-0867af0d3cca/datanode-1/data/ratis/c0a6a43c-177c-4522-93a2-096adc0f99bd close()
2019-09-19 09:00:21,305 [ForkJoinPool.commonPool-worker-1] INFO  impl.RaftServerImpl (RaftServerImpl.java:lambda$shutdown$3(245)) - 2b82d6a8-341a-4a13-8451-80c547e9561a: shutdown group-304E23B1539C
2019-09-19 09:00:21,305 [ForkJoinPool.commonPool-worker-1] INFO  util.JmxRegister (JmxRegister.java:unregister(73)) - Successfully un-registered JMX Bean with object name Ratis:service=RaftServer,group=group-304E23B1539C,id=2b82d6a8-341a-4a13-8451-80c547e9561a
2019-09-19 09:00:21,305 [ForkJoinPool.commonPool-worker-1] INFO  impl.RoleInfo (RoleInfo.java:shutdownLeaderState(104)) - 2b82d6a8-341a-4a13-8451-80c547e9561a: shutdown LeaderState
2019-09-19 09:00:21,305 [ForkJoinPool.commonPool-worker-1] INFO  impl.PendingRequests (PendingRequests.java:sendNotLeaderResponses(202)) - 2b82d6a8-341a-4a13-8451-80c547e9561a-PendingRequests: sendNotLeaderResponses
2019-09-19 09:00:21,306 [ForkJoinPool.commonPool-worker-1] INFO  impl.StateMachineUpdater (StateMachineUpdater.java:stopAndJoin(115)) - StateMachineUpdater:2b82d6a8-341a-4a13-8451-80c547e9561a:group-304E23B1539C: set stopIndex = -1
2019-09-19 09:00:21,306 [ForkJoinPool.commonPool-worker-1] INFO  impl.RaftServerImpl (ServerState.java:close(394)) - 2b82d6a8-341a-4a13-8451-80c547e9561a:group-304E23B1539C closes. The last applied log index is -1
2019-09-19 09:00:21,338 [Thread-366] INFO  impl.FollowerState (FollowerState.java:run(106)) - 0dab3cb5-21ad-4f3e-9c90-05507adcbb62:group-3B6BCE9C15BC changes to CANDIDATE, lastRpcTime:5175, electionTimeout:5175ms
2019-09-19 09:00:21,338 [Thread-366] INFO  impl.RoleInfo (RoleInfo.java:shutdownFollowerState(121)) - 0dab3cb5-21ad-4f3e-9c90-05507adcbb62: shutdown FollowerState
2019-09-19 09:00:21,338 [Thread-366] INFO  impl.RaftServerImpl (RaftServerImpl.java:setRole(171)) - 0dab3cb5-21ad-4f3e-9c90-05507adcbb62:group-3B6BCE9C15BC changes role from FOLLOWER to CANDIDATE at term 0 for changeToCandidate
2019-09-19 09:00:21,338 [Thread-366] INFO  impl.RoleInfo (RoleInfo.java:updateAndGet(143)) - 0dab3cb5-21ad-4f3e-9c90-05507adcbb62: start LeaderElection
2019-09-19 09:00:21,578 | INFO  | SCMAudit | user=jenkins1000 | ip=192.168.34.5 | op=SEND_HEARTBEAT {datanodeUUID=5794d84d-2349-4704-a7d7-6735dfcfc341, command=[]} | ret=SUCCESS |  
2019-09-19 09:00:21,692 | INFO  | SCMAudit | user=jenkins1000 | ip=192.168.34.5 | op=SEND_HEARTBEAT {datanodeUUID=0dab3cb5-21ad-4f3e-9c90-05507adcbb62, command=[]} | ret=SUCCESS |  
2019-09-19 09:00:22,111 | INFO  | SCMAudit | user=jenkins1000 | ip=192.168.34.5 | op=SEND_HEARTBEAT {datanodeUUID=cf0fb8b8-922c-4d9e-8ced-919bfd64db77, command=[]} | ret=SUCCESS |  
2019-09-19 09:00:22,111 | INFO  | SCMAudit | user=jenkins1000 | ip=192.168.34.5 | op=SEND_HEARTBEAT {datanodeUUID=188fabf1-fb11-41c2-a0ed-ee400af44df4, command=[]} | ret=SUCCESS |  
2019-09-19 09:00:22,186 | INFO  | SCMAudit | user=jenkins1000 | ip=192.168.34.5 | op=SEND_HEARTBEAT {datanodeUUID=9ec9b7eb-9269-4de4-b0e5-15ac19151471, command=[]} | ret=SUCCESS |  
2019-09-19 09:00:22,579 | INFO  | SCMAudit | user=jenkins1000 | ip=192.168.34.5 | op=SEND_HEARTBEAT {datanodeUUID=5794d84d-2349-4704-a7d7-6735dfcfc341, command=[]} | ret=SUCCESS |  
2019-09-19 09:00:22,692 | INFO  | SCMAudit | user=jenkins1000 | ip=192.168.34.5 | op=SEND_HEARTBEAT {datanodeUUID=0dab3cb5-21ad-4f3e-9c90-05507adcbb62, command=[]} | ret=SUCCESS |  
2019-09-19 09:00:23,112 | INFO  | SCMAudit | user=jenkins1000 | ip=192.168.34.5 | op=SEND_HEARTBEAT {datanodeUUID=188fabf1-fb11-41c2-a0ed-ee400af44df4, command=[]} | ret=SUCCESS |  
2019-09-19 09:00:23,112 | INFO  | SCMAudit | user=jenkins1000 | ip=192.168.34.5 | op=SEND_HEARTBEAT {datanodeUUID=cf0fb8b8-922c-4d9e-8ced-919bfd64db77, command=[]} | ret=SUCCESS |  
2019-09-19 09:00:23,186 | INFO  | SCMAudit | user=jenkins1000 | ip=192.168.34.5 | op=SEND_HEARTBEAT {datanodeUUID=9ec9b7eb-9269-4de4-b0e5-15ac19151471, command=[]} | ret=SUCCESS |  
2019-09-19 09:00:23,578 | INFO  | SCMAudit | user=jenkins1000 | ip=192.168.34.5 | op=SEND_HEARTBEAT {datanodeUUID=5794d84d-2349-4704-a7d7-6735dfcfc341, command=[]} | ret=SUCCESS |  
2019-09-19 09:00:23,693 | INFO  | SCMAudit | user=jenkins1000 | ip=192.168.34.5 | op=SEND_HEARTBEAT {datanodeUUID=0dab3cb5-21ad-4f3e-9c90-05507adcbb62, command=[]} | ret=SUCCESS |  
2019-09-19 09:00:24,111 | INFO  | SCMAudit | user=jenkins1000 | ip=192.168.34.5 | op=SEND_HEARTBEAT {datanodeUUID=cf0fb8b8-922c-4d9e-8ced-919bfd64db77, command=[]} | ret=SUCCESS |  
2019-09-19 09:00:24,111 | INFO  | SCMAudit | user=jenkins1000 | ip=192.168.34.5 | op=SEND_HEARTBEAT {datanodeUUID=188fabf1-fb11-41c2-a0ed-ee400af44df4, command=[]} | ret=SUCCESS |  
2019-09-19 09:00:24,186 | INFO  | SCMAudit | user=jenkins1000 | ip=192.168.34.5 | op=SEND_HEARTBEAT {datanodeUUID=9ec9b7eb-9269-4de4-b0e5-15ac19151471, command=[]} | ret=SUCCESS |  
2019-09-19 09:00:24,578 | INFO  | SCMAudit | user=jenkins1000 | ip=192.168.34.5 | op=SEND_HEARTBEAT {datanodeUUID=5794d84d-2349-4704-a7d7-6735dfcfc341, command=[]} | ret=SUCCESS |  
2019-09-19 09:00:24,692 | INFO  | SCMAudit | user=jenkins1000 | ip=192.168.34.5 | op=SEND_HEARTBEAT {datanodeUUID=0dab3cb5-21ad-4f3e-9c90-05507adcbb62, command=[]} | ret=SUCCESS |  
2019-09-19 09:00:25,111 | INFO  | SCMAudit | user=jenkins1000 | ip=192.168.34.5 | op=SEND_HEARTBEAT {datanodeUUID=188fabf1-fb11-41c2-a0ed-ee400af44df4, command=[]} | ret=SUCCESS |  
2019-09-19 09:00:25,111 | INFO  | SCMAudit | user=jenkins1000 | ip=192.168.34.5 | op=SEND_HEARTBEAT {datanodeUUID=cf0fb8b8-922c-4d9e-8ced-919bfd64db77, command=[]} | ret=SUCCESS |  
2019-09-19 09:00:25,187 | INFO  | SCMAudit | user=jenkins1000 | ip=192.168.34.5 | op=SEND_HEARTBEAT {datanodeUUID=9ec9b7eb-9269-4de4-b0e5-15ac19151471, command=[]} | ret=SUCCESS |  
2019-09-19 09:00:25,578 | INFO  | SCMAudit | user=jenkins1000 | ip=192.168.34.5 | op=SEND_HEARTBEAT {datanodeUUID=5794d84d-2349-4704-a7d7-6735dfcfc341, command=[]} | ret=SUCCESS |  
2019-09-19 09:00:25,692 | INFO  | SCMAudit | user=jenkins1000 | ip=192.168.34.5 | op=SEND_HEARTBEAT {datanodeUUID=0dab3cb5-21ad-4f3e-9c90-05507adcbb62, command=[]} | ret=SUCCESS |  
2019-09-19 09:00:26,111 | INFO  | SCMAudit | user=jenkins1000 | ip=192.168.34.5 | op=SEND_HEARTBEAT {datanodeUUID=188fabf1-fb11-41c2-a0ed-ee400af44df4, command=[]} | ret=SUCCESS |  
2019-09-19 09:00:26,111 | INFO  | SCMAudit | user=jenkins1000 | ip=192.168.34.5 | op=SEND_HEARTBEAT {datanodeUUID=cf0fb8b8-922c-4d9e-8ced-919bfd64db77, command=[]} | ret=SUCCESS |  
2019-09-19 09:00:26,187 | INFO  | SCMAudit | user=jenkins1000 | ip=192.168.34.5 | op=SEND_HEARTBEAT {datanodeUUID=9ec9b7eb-9269-4de4-b0e5-15ac19151471, command=[]} | ret=SUCCESS |  
2019-09-19 09:00:26,579 | INFO  | SCMAudit | user=jenkins1000 | ip=192.168.34.5 | op=SEND_HEARTBEAT {datanodeUUID=5794d84d-2349-4704-a7d7-6735dfcfc341, command=[]} | ret=SUCCESS |  
2019-09-19 09:00:26,693 | INFO  | SCMAudit | user=jenkins1000 | ip=192.168.34.5 | op=SEND_HEARTBEAT {datanodeUUID=0dab3cb5-21ad-4f3e-9c90-05507adcbb62, command=[]} | ret=SUCCESS |  
2019-09-19 09:00:27,111 | INFO  | SCMAudit | user=jenkins1000 | ip=192.168.34.5 | op=SEND_HEARTBEAT {datanodeUUID=188fabf1-fb11-41c2-a0ed-ee400af44df4, command=[]} | ret=SUCCESS |  
2019-09-19 09:00:27,111 | INFO  | SCMAudit | user=jenkins1000 | ip=192.168.34.5 | op=SEND_HEARTBEAT {datanodeUUID=cf0fb8b8-922c-4d9e-8ced-919bfd64db77, command=[]} | ret=SUCCESS |  
2019-09-19 09:00:27,187 | INFO  | SCMAudit | user=jenkins1000 | ip=192.168.34.5 | op=SEND_HEARTBEAT {datanodeUUID=9ec9b7eb-9269-4de4-b0e5-15ac19151471, command=[]} | ret=SUCCESS |  
2019-09-19 09:00:27,578 | INFO  | SCMAudit | user=jenkins1000 | ip=192.168.34.5 | op=SEND_HEARTBEAT {datanodeUUID=5794d84d-2349-4704-a7d7-6735dfcfc341, command=[]} | ret=SUCCESS |  
2019-09-19 09:00:27,694 | INFO  | SCMAudit | user=jenkins1000 | ip=192.168.34.5 | op=SEND_HEARTBEAT {datanodeUUID=0dab3cb5-21ad-4f3e-9c90-05507adcbb62, command=[]} | ret=SUCCESS |  
2019-09-19 09:00:28,111 | INFO  | SCMAudit | user=jenkins1000 | ip=192.168.34.5 | op=SEND_HEARTBEAT {datanodeUUID=188fabf1-fb11-41c2-a0ed-ee400af44df4, command=[]} | ret=SUCCESS |  
2019-09-19 09:00:28,111 | INFO  | SCMAudit | user=jenkins1000 | ip=192.168.34.5 | op=SEND_HEARTBEAT {datanodeUUID=cf0fb8b8-922c-4d9e-8ced-919bfd64db77, command=[]} | ret=SUCCESS |  
2019-09-19 09:00:28,187 | INFO  | SCMAudit | user=jenkins1000 | ip=192.168.34.5 | op=SEND_HEARTBEAT {datanodeUUID=9ec9b7eb-9269-4de4-b0e5-15ac19151471, command=[]} | ret=SUCCESS |  
2019-09-19 09:00:28,578 | INFO  | SCMAudit | user=jenkins1000 | ip=192.168.34.5 | op=SEND_HEARTBEAT {datanodeUUID=5794d84d-2349-4704-a7d7-6735dfcfc341, command=[]} | ret=SUCCESS |  
2019-09-19 09:00:28,693 | INFO  | SCMAudit | user=jenkins1000 | ip=192.168.34.5 | op=SEND_HEARTBEAT {datanodeUUID=0dab3cb5-21ad-4f3e-9c90-05507adcbb62, command=[]} | ret=SUCCESS |  
2019-09-19 09:00:29,111 | INFO  | SCMAudit | user=jenkins1000 | ip=192.168.34.5 | op=SEND_HEARTBEAT {datanodeUUID=188fabf1-fb11-41c2-a0ed-ee400af44df4, command=[]} | ret=SUCCESS |  
2019-09-19 09:00:29,112 | INFO  | SCMAudit | user=jenkins1000 | ip=192.168.34.5 | op=SEND_HEARTBEAT {datanodeUUID=cf0fb8b8-922c-4d9e-8ced-919bfd64db77, command=[]} | ret=SUCCESS |  
2019-09-19 09:00:29,187 | INFO  | SCMAudit | user=jenkins1000 | ip=192.168.34.5 | op=SEND_HEARTBEAT {datanodeUUID=9ec9b7eb-9269-4de4-b0e5-15ac19151471, command=[]} | ret=SUCCESS |  
2019-09-19 09:00:29,578 | INFO  | SCMAudit | user=jenkins1000 | ip=192.168.34.5 | op=SEND_HEARTBEAT {datanodeUUID=5794d84d-2349-4704-a7d7-6735dfcfc341, command=[]} | ret=SUCCESS |  
2019-09-19 09:00:29,694 | INFO  | SCMAudit | user=jenkins1000 | ip=192.168.34.5 | op=SEND_HEARTBEAT {datanodeUUID=0dab3cb5-21ad-4f3e-9c90-05507adcbb62, command=[]} | ret=SUCCESS |  
2019-09-19 09:00:30,112 | INFO  | SCMAudit | user=jenkins1000 | ip=192.168.34.5 | op=SEND_HEARTBEAT {datanodeUUID=cf0fb8b8-922c-4d9e-8ced-919bfd64db77, command=[]} | ret=SUCCESS |  
2019-09-19 09:00:30,112 | INFO  | SCMAudit | user=jenkins1000 | ip=192.168.34.5 | op=SEND_HEARTBEAT {datanodeUUID=188fabf1-fb11-41c2-a0ed-ee400af44df4, command=[]} | ret=SUCCESS |  
2019-09-19 09:00:30,187 | INFO  | SCMAudit | user=jenkins1000 | ip=192.168.34.5 | op=SEND_HEARTBEAT {datanodeUUID=9ec9b7eb-9269-4de4-b0e5-15ac19151471, command=[]} | ret=SUCCESS |  
2019-09-19 09:00:30,578 | INFO  | SCMAudit | user=jenkins1000 | ip=192.168.34.5 | op=SEND_HEARTBEAT {datanodeUUID=5794d84d-2349-4704-a7d7-6735dfcfc341, command=[]} | ret=SUCCESS |  
2019-09-19 09:00:30,694 | INFO  | SCMAudit | user=jenkins1000 | ip=192.168.34.5 | op=SEND_HEARTBEAT {datanodeUUID=0dab3cb5-21ad-4f3e-9c90-05507adcbb62, command=[]} | ret=SUCCESS |  
2019-09-19 09:00:31,111 | INFO  | SCMAudit | user=jenkins1000 | ip=192.168.34.5 | op=SEND_HEARTBEAT {datanodeUUID=188fabf1-fb11-41c2-a0ed-ee400af44df4, command=[]} | ret=SUCCESS |  
2019-09-19 09:00:31,112 | INFO  | SCMAudit | user=jenkins1000 | ip=192.168.34.5 | op=SEND_HEARTBEAT {datanodeUUID=cf0fb8b8-922c-4d9e-8ced-919bfd64db77, command=[]} | ret=SUCCESS |  
2019-09-19 09:00:31,187 | INFO  | SCMAudit | user=jenkins1000 | ip=192.168.34.5 | op=SEND_HEARTBEAT {datanodeUUID=9ec9b7eb-9269-4de4-b0e5-15ac19151471, command=[]} | ret=SUCCESS |  
2019-09-19 09:00:31,578 | INFO  | SCMAudit | user=jenkins1000 | ip=192.168.34.5 | op=SEND_HEARTBEAT {datanodeUUID=5794d84d-2349-4704-a7d7-6735dfcfc341, command=[]} | ret=SUCCESS |  
2019-09-19 09:00:31,694 | INFO  | SCMAudit | user=jenkins1000 | ip=192.168.34.5 | op=SEND_HEARTBEAT {datanodeUUID=0dab3cb5-21ad-4f3e-9c90-05507adcbb62, command=[]} | ret=SUCCESS |  
2019-09-19 09:00:32,111 | INFO  | SCMAudit | user=jenkins1000 | ip=192.168.34.5 | op=SEND_HEARTBEAT {datanodeUUID=188fabf1-fb11-41c2-a0ed-ee400af44df4, command=[]} | ret=SUCCESS |  
2019-09-19 09:00:32,112 | INFO  | SCMAudit | user=jenkins1000 | ip=192.168.34.5 | op=SEND_HEARTBEAT {datanodeUUID=cf0fb8b8-922c-4d9e-8ced-919bfd64db77, command=[]} | ret=SUCCESS |  
2019-09-19 09:00:32,187 | INFO  | SCMAudit | user=jenkins1000 | ip=192.168.34.5 | op=SEND_HEARTBEAT {datanodeUUID=9ec9b7eb-9269-4de4-b0e5-15ac19151471, command=[]} | ret=SUCCESS |  
2019-09-19 09:00:32,578 | INFO  | SCMAudit | user=jenkins1000 | ip=192.168.34.5 | op=SEND_HEARTBEAT {datanodeUUID=5794d84d-2349-4704-a7d7-6735dfcfc341, command=[]} | ret=SUCCESS |  
2019-09-19 09:00:32,694 | INFO  | SCMAudit | user=jenkins1000 | ip=192.168.34.5 | op=SEND_HEARTBEAT {datanodeUUID=0dab3cb5-21ad-4f3e-9c90-05507adcbb62, command=[]} | ret=SUCCESS |  
2019-09-19 09:00:33,112 | INFO  | SCMAudit | user=jenkins1000 | ip=192.168.34.5 | op=SEND_HEARTBEAT {datanodeUUID=188fabf1-fb11-41c2-a0ed-ee400af44df4, command=[]} | ret=SUCCESS |  
2019-09-19 09:00:33,113 | INFO  | SCMAudit | user=jenkins1000 | ip=192.168.34.5 | op=SEND_HEARTBEAT {datanodeUUID=cf0fb8b8-922c-4d9e-8ced-919bfd64db77, command=[]} | ret=SUCCESS |  
2019-09-19 09:00:33,187 | INFO  | SCMAudit | user=jenkins1000 | ip=192.168.34.5 | op=SEND_HEARTBEAT {datanodeUUID=9ec9b7eb-9269-4de4-b0e5-15ac19151471, command=[]} | ret=SUCCESS |  
2019-09-19 09:00:33,582 | INFO  | SCMAudit | user=jenkins1000 | ip=192.168.34.5 | op=SEND_HEARTBEAT {datanodeUUID=5794d84d-2349-4704-a7d7-6735dfcfc341, command=[]} | ret=SUCCESS |  
2019-09-19 09:00:33,694 | INFO  | SCMAudit | user=jenkins1000 | ip=192.168.34.5 | op=SEND_HEARTBEAT {datanodeUUID=0dab3cb5-21ad-4f3e-9c90-05507adcbb62, command=[]} | ret=SUCCESS |  
2019-09-19 09:00:34,111 | INFO  | SCMAudit | user=jenkins1000 | ip=192.168.34.5 | op=SEND_HEARTBEAT {datanodeUUID=188fabf1-fb11-41c2-a0ed-ee400af44df4, command=[]} | ret=SUCCESS |  
2019-09-19 09:00:34,113 | INFO  | SCMAudit | user=jenkins1000 | ip=192.168.34.5 | op=SEND_HEARTBEAT {datanodeUUID=cf0fb8b8-922c-4d9e-8ced-919bfd64db77, command=[]} | ret=SUCCESS |  
2019-09-19 09:00:34,189 | INFO  | SCMAudit | user=jenkins1000 | ip=192.168.34.5 | op=SEND_HEARTBEAT {datanodeUUID=9ec9b7eb-9269-4de4-b0e5-15ac19151471, command=[]} | ret=SUCCESS |  
2019-09-19 09:00:34,578 | INFO  | SCMAudit | user=jenkins1000 | ip=192.168.34.5 | op=SEND_HEARTBEAT {datanodeUUID=5794d84d-2349-4704-a7d7-6735dfcfc341, command=[]} | ret=SUCCESS |  
2019-09-19 09:00:34,694 | INFO  | SCMAudit | user=jenkins1000 | ip=192.168.34.5 | op=SEND_HEARTBEAT {datanodeUUID=0dab3cb5-21ad-4f3e-9c90-05507adcbb62, command=[]} | ret=SUCCESS |  
2019-09-19 09:00:35,111 | INFO  | SCMAudit | user=jenkins1000 | ip=192.168.34.5 | op=SEND_HEARTBEAT {datanodeUUID=188fabf1-fb11-41c2-a0ed-ee400af44df4, command=[]} | ret=SUCCESS |  
2019-09-19 09:00:35,113 | INFO  | SCMAudit | user=jenkins1000 | ip=192.168.34.5 | op=SEND_HEARTBEAT {datanodeUUID=cf0fb8b8-922c-4d9e-8ced-919bfd64db77, command=[]} | ret=SUCCESS |  
2019-09-19 09:00:35,189 | INFO  | SCMAudit | user=jenkins1000 | ip=192.168.34.5 | op=SEND_HEARTBEAT {datanodeUUID=9ec9b7eb-9269-4de4-b0e5-15ac19151471, command=[]} | ret=SUCCESS |  
2019-09-19 09:00:35,578 | INFO  | SCMAudit | user=jenkins1000 | ip=192.168.34.5 | op=SEND_HEARTBEAT {datanodeUUID=5794d84d-2349-4704-a7d7-6735dfcfc341, command=[]} | ret=SUCCESS |  
2019-09-19 09:00:35,694 | INFO  | SCMAudit | user=jenkins1000 | ip=192.168.34.5 | op=SEND_HEARTBEAT {datanodeUUID=0dab3cb5-21ad-4f3e-9c90-05507adcbb62, command=[]} | ret=SUCCESS |  
2019-09-19 09:00:36,112 | INFO  | SCMAudit | user=jenkins1000 | ip=192.168.34.5 | op=SEND_HEARTBEAT {datanodeUUID=188fabf1-fb11-41c2-a0ed-ee400af44df4, command=[]} | ret=SUCCESS |  
2019-09-19 09:00:36,113 | INFO  | SCMAudit | user=jenkins1000 | ip=192.168.34.5 | op=SEND_HEARTBEAT {datanodeUUID=cf0fb8b8-922c-4d9e-8ced-919bfd64db77, command=[]} | ret=SUCCESS |  
2019-09-19 09:00:36,189 | INFO  | SCMAudit | user=jenkins1000 | ip=192.168.34.5 | op=SEND_HEARTBEAT {datanodeUUID=9ec9b7eb-9269-4de4-b0e5-15ac19151471, command=[]} | ret=SUCCESS |  
2019-09-19 09:00:36,213 [cf0fb8b8-922c-4d9e-8ced-919bfd64db77-SegmentedRaftLogWorker:Storage Directory /workdir/hadoop-ozone/integration-test/target/test-dir/MiniOzoneClusterImpl-efb0e503-cad1-4dcb-a604-0867af0d3cca/datanode-2/data/ratis/bcb21b9a-c930-4877-9447-3f40eef315b2] INFO  segmented.SegmentedRaftLogWorker (SegmentedRaftLogWorker.java:execute(569)) - cf0fb8b8-922c-4d9e-8ced-919bfd64db77-SegmentedRaftLogWorker:Storage Directory /workdir/hadoop-ozone/integration-test/target/test-dir/MiniOzoneClusterImpl-efb0e503-cad1-4dcb-a604-0867af0d3cca/datanode-2/data/ratis/bcb21b9a-c930-4877-9447-3f40eef315b2: created new log segment /workdir/hadoop-ozone/integration-test/target/test-dir/MiniOzoneClusterImpl-efb0e503-cad1-4dcb-a604-0867af0d3cca/datanode-2/data/ratis/bcb21b9a-c930-4877-9447-3f40eef315b2/current/log_inprogress_0
2019-09-19 09:00:36,214 [188fabf1-fb11-41c2-a0ed-ee400af44df4-SegmentedRaftLogWorker:Storage Directory /workdir/hadoop-ozone/integration-test/target/test-dir/MiniOzoneClusterImpl-efb0e503-cad1-4dcb-a604-0867af0d3cca/datanode-3/data/ratis/26bf317f-a549-4325-8660-599bb36b41d5] INFO  segmented.SegmentedRaftLogWorker (SegmentedRaftLogWorker.java:execute(569)) - 188fabf1-fb11-41c2-a0ed-ee400af44df4-SegmentedRaftLogWorker:Storage Directory /workdir/hadoop-ozone/integration-test/target/test-dir/MiniOzoneClusterImpl-efb0e503-cad1-4dcb-a604-0867af0d3cca/datanode-3/data/ratis/26bf317f-a549-4325-8660-599bb36b41d5: created new log segment /workdir/hadoop-ozone/integration-test/target/test-dir/MiniOzoneClusterImpl-efb0e503-cad1-4dcb-a604-0867af0d3cca/datanode-3/data/ratis/26bf317f-a549-4325-8660-599bb36b41d5/current/log_inprogress_0
2019-09-19 09:00:36,214 [cf0fb8b8-922c-4d9e-8ced-919bfd64db77-SegmentedRaftLogWorker:Storage Directory /workdir/hadoop-ozone/integration-test/target/test-dir/MiniOzoneClusterImpl-efb0e503-cad1-4dcb-a604-0867af0d3cca/datanode-2/data/ratis/87ef9625-d957-4f87-a426-6f89c79e1d89] INFO  segmented.SegmentedRaftLogWorker (SegmentedRaftLogWorker.java:execute(569)) - cf0fb8b8-922c-4d9e-8ced-919bfd64db77-SegmentedRaftLogWorker:Storage Directory /workdir/hadoop-ozone/integration-test/target/test-dir/MiniOzoneClusterImpl-efb0e503-cad1-4dcb-a604-0867af0d3cca/datanode-2/data/ratis/87ef9625-d957-4f87-a426-6f89c79e1d89: created new log segment /workdir/hadoop-ozone/integration-test/target/test-dir/MiniOzoneClusterImpl-efb0e503-cad1-4dcb-a604-0867af0d3cca/datanode-2/data/ratis/87ef9625-d957-4f87-a426-6f89c79e1d89/current/log_inprogress_0
2019-09-19 09:00:36,213 [cf0fb8b8-922c-4d9e-8ced-919bfd64db77-SegmentedRaftLogWorker:Storage Directory /workdir/hadoop-ozone/integration-test/target/test-dir/MiniOzoneClusterImpl-efb0e503-cad1-4dcb-a604-0867af0d3cca/datanode-2/data/ratis/fa7ee42f-d75d-43b2-9fae-2ebace2afdc4] INFO  segmented.SegmentedRaftLogWorker (SegmentedRaftLogWorker.java:execute(569)) - cf0fb8b8-922c-4d9e-8ced-919bfd64db77-SegmentedRaftLogWorker:Storage Directory /workdir/hadoop-ozone/integration-test/target/test-dir/MiniOzoneClusterImpl-efb0e503-cad1-4dcb-a604-0867af0d3cca/datanode-2/data/ratis/fa7ee42f-d75d-43b2-9fae-2ebace2afdc4: created new log segment /workdir/hadoop-ozone/integration-test/target/test-dir/MiniOzoneClusterImpl-efb0e503-cad1-4dcb-a604-0867af0d3cca/datanode-2/data/ratis/fa7ee42f-d75d-43b2-9fae-2ebace2afdc4/current/log_inprogress_0
2019-09-19 09:00:36,213 [9ec9b7eb-9269-4de4-b0e5-15ac19151471-SegmentedRaftLogWorker:Storage Directory /workdir/hadoop-ozone/integration-test/target/test-dir/MiniOzoneClusterImpl-efb0e503-cad1-4dcb-a604-0867af0d3cca/datanode-0/data/ratis/38c49526-e6cf-45cb-8f78-6be23c15e828] INFO  segmented.SegmentedRaftLogWorker (SegmentedRaftLogWorker.java:execute(569)) - 9ec9b7eb-9269-4de4-b0e5-15ac19151471-SegmentedRaftLogWorker:Storage Directory /workdir/hadoop-ozone/integration-test/target/test-dir/MiniOzoneClusterImpl-efb0e503-cad1-4dcb-a604-0867af0d3cca/datanode-0/data/ratis/38c49526-e6cf-45cb-8f78-6be23c15e828: created new log segment /workdir/hadoop-ozone/integration-test/target/test-dir/MiniOzoneClusterImpl-efb0e503-cad1-4dcb-a604-0867af0d3cca/datanode-0/data/ratis/38c49526-e6cf-45cb-8f78-6be23c15e828/current/log_inprogress_0
2019-09-19 09:00:36,213 [9ec9b7eb-9269-4de4-b0e5-15ac19151471-SegmentedRaftLogWorker:Storage Directory /workdir/hadoop-ozone/integration-test/target/test-dir/MiniOzoneClusterImpl-efb0e503-cad1-4dcb-a604-0867af0d3cca/datanode-0/data/ratis/ec3f90a0-4aba-49d5-a43f-4a6be8b4da4b] INFO  segmented.SegmentedRaftLogWorker (SegmentedRaftLogWorker.java:execute(569)) - 9ec9b7eb-9269-4de4-b0e5-15ac19151471-SegmentedRaftLogWorker:Storage Directory /workdir/hadoop-ozone/integration-test/target/test-dir/MiniOzoneClusterImpl-efb0e503-cad1-4dcb-a604-0867af0d3cca/datanode-0/data/ratis/ec3f90a0-4aba-49d5-a43f-4a6be8b4da4b: created new log segment /workdir/hadoop-ozone/integration-test/target/test-dir/MiniOzoneClusterImpl-efb0e503-cad1-4dcb-a604-0867af0d3cca/datanode-0/data/ratis/ec3f90a0-4aba-49d5-a43f-4a6be8b4da4b/current/log_inprogress_0
2019-09-19 09:00:36,213 [188fabf1-fb11-41c2-a0ed-ee400af44df4-SegmentedRaftLogWorker:Storage Directory /workdir/hadoop-ozone/integration-test/target/test-dir/MiniOzoneClusterImpl-efb0e503-cad1-4dcb-a604-0867af0d3cca/datanode-3/data/ratis/1718b616-54b5-440b-a031-6bf8f60987bc] INFO  segmented.SegmentedRaftLogWorker (SegmentedRaftLogWorker.java:execute(569)) - 188fabf1-fb11-41c2-a0ed-ee400af44df4-SegmentedRaftLogWorker:Storage Directory /workdir/hadoop-ozone/integration-test/target/test-dir/MiniOzoneClusterImpl-efb0e503-cad1-4dcb-a604-0867af0d3cca/datanode-3/data/ratis/1718b616-54b5-440b-a031-6bf8f60987bc: created new log segment /workdir/hadoop-ozone/integration-test/target/test-dir/MiniOzoneClusterImpl-efb0e503-cad1-4dcb-a604-0867af0d3cca/datanode-3/data/ratis/1718b616-54b5-440b-a031-6bf8f60987bc/current/log_inprogress_0
2019-09-19 09:00:36,215 [21f2978a-2ca5-4a16-a721-5bddc1a70383-SegmentedRaftLogWorker:Storage Directory /workdir/hadoop-ozone/integration-test/target/test-dir/MiniOzoneClusterImpl-efb0e503-cad1-4dcb-a604-0867af0d3cca/datanode-4/data/ratis/932fe122-9733-4302-b447-465f845552d2] WARN  segmented.SegmentedRaftLogOutputStream (SegmentedRaftLogOutputStream.java:<init>(77)) - Hit IOException while creating log segment /workdir/hadoop-ozone/integration-test/target/test-dir/MiniOzoneClusterImpl-efb0e503-cad1-4dcb-a604-0867af0d3cca/datanode-4/data/ratis/932fe122-9733-4302-b447-465f845552d2/current/log_inprogress_0, delete the partial file.
2019-09-19 09:00:36,213 [9ec9b7eb-9269-4de4-b0e5-15ac19151471-SegmentedRaftLogWorker:Storage Directory /workdir/hadoop-ozone/integration-test/target/test-dir/MiniOzoneClusterImpl-efb0e503-cad1-4dcb-a604-0867af0d3cca/datanode-0/data/ratis/f78c82a0-24bb-4e7c-833b-33d1d1f0c02d] INFO  segmented.SegmentedRaftLogWorker (SegmentedRaftLogWorker.java:execute(569)) - 9ec9b7eb-9269-4de4-b0e5-15ac19151471-SegmentedRaftLogWorker:Storage Directory /workdir/hadoop-ozone/integration-test/target/test-dir/MiniOzoneClusterImpl-efb0e503-cad1-4dcb-a604-0867af0d3cca/datanode-0/data/ratis/f78c82a0-24bb-4e7c-833b-33d1d1f0c02d: created new log segment /workdir/hadoop-ozone/integration-test/target/test-dir/MiniOzoneClusterImpl-efb0e503-cad1-4dcb-a604-0867af0d3cca/datanode-0/data/ratis/f78c82a0-24bb-4e7c-833b-33d1d1f0c02d/current/log_inprogress_0
2019-09-19 09:00:36,213 [cf0fb8b8-922c-4d9e-8ced-919bfd64db77-SegmentedRaftLogWorker:Storage Directory /workdir/hadoop-ozone/integration-test/target/test-dir/MiniOzoneClusterImpl-efb0e503-cad1-4dcb-a604-0867af0d3cca/datanode-2/data/ratis/dac29734-09e7-4b9f-b737-710b4cf8dd4a] INFO  segmented.SegmentedRaftLogWorker (SegmentedRaftLogWorker.java:execute(569)) - cf0fb8b8-922c-4d9e-8ced-919bfd64db77-SegmentedRaftLogWorker:Storage Directory /workdir/hadoop-ozone/integration-test/target/test-dir/MiniOzoneClusterImpl-efb0e503-cad1-4dcb-a604-0867af0d3cca/datanode-2/data/ratis/dac29734-09e7-4b9f-b737-710b4cf8dd4a: created new log segment /workdir/hadoop-ozone/integration-test/target/test-dir/MiniOzoneClusterImpl-efb0e503-cad1-4dcb-a604-0867af0d3cca/datanode-2/data/ratis/dac29734-09e7-4b9f-b737-710b4cf8dd4a/current/log_inprogress_0
2019-09-19 09:00:36,215 [2b82d6a8-341a-4a13-8451-80c547e9561a-SegmentedRaftLogWorker:Storage Directory /workdir/hadoop-ozone/integration-test/target/test-dir/MiniOzoneClusterImpl-efb0e503-cad1-4dcb-a604-0867af0d3cca/datanode-1/data/ratis/558d8af0-210e-4012-af3d-304e23b1539c] WARN  segmented.SegmentedRaftLogOutputStream (SegmentedRaftLogOutputStream.java:<init>(77)) - Hit IOException while creating log segment /workdir/hadoop-ozone/integration-test/target/test-dir/MiniOzoneClusterImpl-efb0e503-cad1-4dcb-a604-0867af0d3cca/datanode-1/data/ratis/558d8af0-210e-4012-af3d-304e23b1539c/current/log_inprogress_0, delete the partial file.
2019-09-19 09:00:36,579 | INFO  | SCMAudit | user=jenkins1000 | ip=192.168.34.5 | op=SEND_HEARTBEAT {datanodeUUID=5794d84d-2349-4704-a7d7-6735dfcfc341, command=[]} | ret=SUCCESS |  
2019-09-19 09:00:36,694 | INFO  | SCMAudit | user=jenkins1000 | ip=192.168.34.5 | op=SEND_HEARTBEAT {datanodeUUID=0dab3cb5-21ad-4f3e-9c90-05507adcbb62, command=[]} | ret=SUCCESS |  
2019-09-19 09:00:37,112 | INFO  | SCMAudit | user=jenkins1000 | ip=192.168.34.5 | op=SEND_HEARTBEAT {datanodeUUID=188fabf1-fb11-41c2-a0ed-ee400af44df4, command=[]} | ret=SUCCESS |  
2019-09-19 09:00:37,113 | INFO  | SCMAudit | user=jenkins1000 | ip=192.168.34.5 | op=SEND_HEARTBEAT {datanodeUUID=cf0fb8b8-922c-4d9e-8ced-919bfd64db77, command=[]} | ret=SUCCESS |  
2019-09-19 09:00:37,191 | INFO  | SCMAudit | user=jenkins1000 | ip=192.168.34.5 | op=SEND_HEARTBEAT {datanodeUUID=9ec9b7eb-9269-4de4-b0e5-15ac19151471, command=[]} | ret=SUCCESS |  
2019-09-19 09:00:37,435 [2b82d6a8-341a-4a13-8451-80c547e9561a:group-A8A4B2EA4BE3:LeaderElection35] INFO  impl.LeaderElection (LeaderElection.java:askForVotes(181)) - 2b82d6a8-341a-4a13-8451-80c547e9561a:group-A8A4B2EA4BE3:LeaderElection35: begin an election at term 1 for -1: [2b82d6a8-341a-4a13-8451-80c547e9561a:192.168.34.5:34627], old=null
2019-09-19 09:00:37,435 [2b82d6a8-341a-4a13-8451-80c547e9561a:group-D62CFAFF5BF9:LeaderElection31] INFO  impl.LeaderElection (LeaderElection.java:askForVotes(181)) - 2b82d6a8-341a-4a13-8451-80c547e9561a:group-D62CFAFF5BF9:LeaderElection31: begin an election at term 1 for -1: [2b82d6a8-341a-4a13-8451-80c547e9561a:192.168.34.5:34627], old=null
2019-09-19 09:00:37,435 [21f2978a-2ca5-4a16-a721-5bddc1a70383:group-E4DD330234AB:LeaderElection28] INFO  impl.LeaderElection (LeaderElection.java:askForVotes(181)) - 21f2978a-2ca5-4a16-a721-5bddc1a70383:group-E4DD330234AB:LeaderElection28: begin an election at term 1 for -1: [21f2978a-2ca5-4a16-a721-5bddc1a70383:192.168.34.5:38423], old=null
2019-09-19 09:00:37,435 [5794d84d-2349-4704-a7d7-6735dfcfc341:group-33BF8A35A0AC:LeaderElection36] INFO  impl.LeaderElection (LeaderElection.java:askForVotes(181)) - 5794d84d-2349-4704-a7d7-6735dfcfc341:group-33BF8A35A0AC:LeaderElection36: begin an election at term 1 for -1: [5794d84d-2349-4704-a7d7-6735dfcfc341:192.168.34.5:35329], old=null
2019-09-19 09:00:37,435 [21f2978a-2ca5-4a16-a721-5bddc1a70383:group-CFE8E63002C9:LeaderElection32] INFO  impl.LeaderElection (LeaderElection.java:askForVotes(181)) - 21f2978a-2ca5-4a16-a721-5bddc1a70383:group-CFE8E63002C9:LeaderElection32: begin an election at term 1 for -1: [21f2978a-2ca5-4a16-a721-5bddc1a70383:192.168.34.5:38423], old=null
2019-09-19 09:00:37,435 [5794d84d-2349-4704-a7d7-6735dfcfc341:group-145AD4BEF4F6:LeaderElection34] INFO  impl.LeaderElection (LeaderElection.java:askForVotes(181)) - 5794d84d-2349-4704-a7d7-6735dfcfc341:group-145AD4BEF4F6:LeaderElection34: begin an election at term 1 for -1: [5794d84d-2349-4704-a7d7-6735dfcfc341:192.168.34.5:35329], old=null
2019-09-19 09:00:37,435 [5794d84d-2349-4704-a7d7-6735dfcfc341:group-BFEEE9B8618F:LeaderElection24] INFO  impl.LeaderElection (LeaderElection.java:askForVotes(181)) - 5794d84d-2349-4704-a7d7-6735dfcfc341:group-BFEEE9B8618F:LeaderElection24: begin an election at term 1 for -1: [5794d84d-2349-4704-a7d7-6735dfcfc341:192.168.34.5:35329], old=null
2019-09-19 09:00:37,435 [2b82d6a8-341a-4a13-8451-80c547e9561a:group-6B9AEE676E6B:LeaderElection39] INFO  impl.LeaderElection (LeaderElection.java:askForVotes(181)) - 2b82d6a8-341a-4a13-8451-80c547e9561a:group-6B9AEE676E6B:LeaderElection39: begin an election at term 1 for -1: [2b82d6a8-341a-4a13-8451-80c547e9561a:192.168.34.5:34627], old=null
2019-09-19 09:00:37,435 [0dab3cb5-21ad-4f3e-9c90-05507adcbb62:group-51DD66138AB9:LeaderElection37] INFO  impl.LeaderElection (LeaderElection.java:askForVotes(181)) - 0dab3cb5-21ad-4f3e-9c90-05507adcbb62:group-51DD66138AB9:LeaderElection37: begin an election at term 1 for -1: [0dab3cb5-21ad-4f3e-9c90-05507adcbb62:192.168.34.5:45934], old=null
2019-09-19 09:00:37,435 [0dab3cb5-21ad-4f3e-9c90-05507adcbb62:group-3B6BCE9C15BC:LeaderElection42] INFO  impl.LeaderElection (LeaderElection.java:askForVotes(181)) - 0dab3cb5-21ad-4f3e-9c90-05507adcbb62:group-3B6BCE9C15BC:LeaderElection42: begin an election at term 1 for -1: [0dab3cb5-21ad-4f3e-9c90-05507adcbb62:192.168.34.5:45934], old=null
2019-09-19 09:00:37,435 [0dab3cb5-21ad-4f3e-9c90-05507adcbb62:group-950BA0564D07:LeaderElection41] INFO  impl.LeaderElection (LeaderElection.java:askForVotes(181)) - 0dab3cb5-21ad-4f3e-9c90-05507adcbb62:group-950BA0564D07:LeaderElection41: begin an election at term 1 for -1: [0dab3cb5-21ad-4f3e-9c90-05507adcbb62:192.168.34.5:45934], old=null
2019-09-19 09:00:37,435 [21f2978a-2ca5-4a16-a721-5bddc1a70383:group-8635DFF5094E:LeaderElection26] INFO  impl.LeaderElection (LeaderElection.java:askForVotes(181)) - 21f2978a-2ca5-4a16-a721-5bddc1a70383:group-8635DFF5094E:LeaderElection26: begin an election at term 1 for -1: [21f2978a-2ca5-4a16-a721-5bddc1a70383:192.168.34.5:38423], old=null
2019-09-19 09:00:37,435 [0dab3cb5-21ad-4f3e-9c90-05507adcbb62:group-FFA31F0FC260:LeaderElection40] INFO  impl.LeaderElection (LeaderElection.java:askForVotes(181)) - 0dab3cb5-21ad-4f3e-9c90-05507adcbb62:group-FFA31F0FC260:LeaderElection40: begin an election at term 1 for -1: [0dab3cb5-21ad-4f3e-9c90-05507adcbb62:192.168.34.5:45934], old=null
2019-09-19 09:00:37,435 [21f2978a-2ca5-4a16-a721-5bddc1a70383:group-809F860A7E68:LeaderElection33] INFO  impl.LeaderElection (LeaderElection.java:askForVotes(181)) - 21f2978a-2ca5-4a16-a721-5bddc1a70383:group-809F860A7E68:LeaderElection33: begin an election at term 1 for -1: [21f2978a-2ca5-4a16-a721-5bddc1a70383:192.168.34.5:38423], old=null
2019-09-19 09:00:37,435 [0dab3cb5-21ad-4f3e-9c90-05507adcbb62:group-929403B17E48:LeaderElection38] INFO  impl.LeaderElection (LeaderElection.java:askForVotes(181)) - 0dab3cb5-21ad-4f3e-9c90-05507adcbb62:group-929403B17E48:LeaderElection38: begin an election at term 1 for -1: [0dab3cb5-21ad-4f3e-9c90-05507adcbb62:192.168.34.5:45934], old=null
2019-09-19 09:00:37,435 [5794d84d-2349-4704-a7d7-6735dfcfc341:group-1B3CEAAB7C1F:LeaderElection27] INFO  impl.LeaderElection (LeaderElection.java:askForVotes(181)) - 5794d84d-2349-4704-a7d7-6735dfcfc341:group-1B3CEAAB7C1F:LeaderElection27: begin an election at term 1 for -1: [5794d84d-2349-4704-a7d7-6735dfcfc341:192.168.34.5:35329], old=null
2019-09-19 09:00:37,435 [5794d84d-2349-4704-a7d7-6735dfcfc341:group-306361811909:LeaderElection25] INFO  impl.LeaderElection (LeaderElection.java:askForVotes(181)) - 5794d84d-2349-4704-a7d7-6735dfcfc341:group-306361811909:LeaderElection25: begin an election at term 1 for -1: [5794d84d-2349-4704-a7d7-6735dfcfc341:192.168.34.5:35329], old=null
2019-09-19 09:00:37,438 [5794d84d-2349-4704-a7d7-6735dfcfc341:group-1B3CEAAB7C1F:LeaderElection27] INFO  impl.RoleInfo (RoleInfo.java:shutdownLeaderElection(134)) - 5794d84d-2349-4704-a7d7-6735dfcfc341: shutdown LeaderElection
2019-09-19 09:00:37,438 [0dab3cb5-21ad-4f3e-9c90-05507adcbb62:group-929403B17E48:LeaderElection38] INFO  impl.RoleInfo (RoleInfo.java:shutdownLeaderElection(134)) - 0dab3cb5-21ad-4f3e-9c90-05507adcbb62: shutdown LeaderElection
2019-09-19 09:00:37,439 [5794d84d-2349-4704-a7d7-6735dfcfc341:group-1B3CEAAB7C1F:LeaderElection27] INFO  impl.RaftServerImpl (RaftServerImpl.java:setRole(171)) - 5794d84d-2349-4704-a7d7-6735dfcfc341:group-1B3CEAAB7C1F changes role from CANDIDATE to LEADER at term 1 for changeToLeader
2019-09-19 09:00:37,438 [21f2978a-2ca5-4a16-a721-5bddc1a70383:group-809F860A7E68:LeaderElection33] INFO  impl.RoleInfo (RoleInfo.java:shutdownLeaderElection(134)) - 21f2978a-2ca5-4a16-a721-5bddc1a70383: shutdown LeaderElection
2019-09-19 09:00:37,439 [21f2978a-2ca5-4a16-a721-5bddc1a70383:group-809F860A7E68:LeaderElection33] INFO  impl.RaftServerImpl (RaftServerImpl.java:setRole(171)) - 21f2978a-2ca5-4a16-a721-5bddc1a70383:group-809F860A7E68 changes role from CANDIDATE to LEADER at term 1 for changeToLeader
2019-09-19 09:00:37,438 [0dab3cb5-21ad-4f3e-9c90-05507adcbb62:group-FFA31F0FC260:LeaderElection40] INFO  impl.RoleInfo (RoleInfo.java:shutdownLeaderElection(134)) - 0dab3cb5-21ad-4f3e-9c90-05507adcbb62: shutdown LeaderElection
2019-09-19 09:00:37,438 [21f2978a-2ca5-4a16-a721-5bddc1a70383:group-8635DFF5094E:LeaderElection26] INFO  impl.LeaderElection (LogUtils.java:infoOrTrace(149)) - Failed 21f2978a-2ca5-4a16-a721-5bddc1a70383:group-8635DFF5094E:LeaderElection26, state=CLOSING: {}
java.lang.IllegalArgumentException: 21f2978a-2ca5-4a16-a721-5bddc1a70383-SegmentedRaftLog is expected to be opened but it is CLOSED
	at org.apache.ratis.util.OpenCloseState.assertOpen(OpenCloseState.java:63)
	at org.apache.ratis.server.raftlog.RaftLog.checkLogState(RaftLog.java:101)
	at org.apache.ratis.server.raftlog.segmented.SegmentedRaftLog.getLastEntryTermIndex(SegmentedRaftLog.java:263)
	at org.apache.ratis.server.impl.LeaderElection.askForVotes(LeaderElection.java:183)
	at org.apache.ratis.server.impl.LeaderElection.run(LeaderElection.java:130)
	at java.lang.Thread.run(Thread.java:748)
Caused by: org.apache.ratis.util.OpenCloseState$CloseTrace: Close 21f2978a-2ca5-4a16-a721-5bddc1a70383-SegmentedRaftLog
	at org.apache.ratis.util.OpenCloseState.lambda$close$1(OpenCloseState.java:109)
	at java.util.concurrent.atomic.AtomicReference.getAndUpdate(AtomicReference.java:160)
	at org.apache.ratis.util.OpenCloseState.close(OpenCloseState.java:109)
	at org.apache.ratis.server.raftlog.RaftLog.close(RaftLog.java:437)
	at org.apache.ratis.server.raftlog.segmented.SegmentedRaftLog.close(SegmentedRaftLog.java:428)
	at org.apache.ratis.server.impl.ServerState.close(ServerState.java:397)
	at org.apache.ratis.server.impl.RaftServerImpl.lambda$shutdown$3(RaftServerImpl.java:267)
	at org.apache.ratis.util.LifeCycle.lambda$checkStateAndClose$2(LifeCycle.java:231)
	at org.apache.ratis.util.LifeCycle.checkStateAndClose(LifeCycle.java:251)
	at org.apache.ratis.util.LifeCycle.checkStateAndClose(LifeCycle.java:229)
	at org.apache.ratis.server.impl.RaftServerImpl.shutdown(RaftServerImpl.java:244)
	at org.apache.ratis.server.impl.RaftServerProxy$ImplMap.lambda$close$0(RaftServerProxy.java:107)
	at java.util.stream.ForEachOps$ForEachOp$OfRef.accept(ForEachOps.java:184)
	at java.util.stream.ReferencePipeline$3$1.accept(ReferencePipeline.java:193)
	at java.util.concurrent.ConcurrentHashMap$ValueSpliterator.forEachRemaining(ConcurrentHashMap.java:3566)
	at java.util.stream.AbstractPipeline.copyInto(AbstractPipeline.java:482)
	at java.util.stream.ForEachOps$ForEachTask.compute(ForEachOps.java:291)
	at java.util.concurrent.CountedCompleter.exec(CountedCompleter.java:731)
	at java.util.concurrent.ForkJoinTask.doExec(ForkJoinTask.java:289)
	at java.util.concurrent.ForkJoinTask.doInvoke(ForkJoinTask.java:401)
	at java.util.concurrent.ForkJoinTask.invoke(ForkJoinTask.java:734)
	at java.util.stream.ForEachOps$ForEachOp.evaluateParallel(ForEachOps.java:160)
	at java.util.stream.ForEachOps$ForEachOp$OfRef.evaluateParallel(ForEachOps.java:174)
	at java.util.stream.AbstractPipeline.evaluate(AbstractPipeline.java:233)
	at java.util.stream.ReferencePipeline.forEach(ReferencePipeline.java:418)
	at org.apache.ratis.server.impl.RaftServerProxy$ImplMap.close(RaftServerProxy.java:107)
	at org.apache.ratis.server.impl.RaftServerProxy.lambda$close$4(RaftServerProxy.java:315)
	at org.apache.ratis.util.LifeCycle.lambda$checkStateAndClose$2(LifeCycle.java:231)
	at org.apache.ratis.util.LifeCycle.checkStateAndClose(LifeCycle.java:251)
	at org.apache.ratis.util.LifeCycle.checkStateAndClose(LifeCycle.java:229)
	at org.apache.ratis.server.impl.RaftServerProxy.close(RaftServerProxy.java:313)
	at org.apache.hadoop.ozone.container.common.transport.server.ratis.XceiverServerRatis.stop(XceiverServerRatis.java:434)
	at org.apache.hadoop.ozone.container.ozoneimpl.OzoneContainer.stop(OzoneContainer.java:201)
	at org.apache.hadoop.ozone.container.common.statemachine.DatanodeStateMachine.close(DatanodeStateMachine.java:270)
	at org.apache.hadoop.ozone.container.common.statemachine.DatanodeStateMachine.stopDaemon(DatanodeStateMachine.java:394)
	at org.apache.hadoop.ozone.HddsDatanodeService.stop(HddsDatanodeService.java:458)
	at org.apache.hadoop.ozone.MiniOzoneClusterImpl.lambda$stop$2(MiniOzoneClusterImpl.java:347)
	at java.util.stream.ForEachOps$ForEachOp$OfRef.accept(ForEachOps.java:184)
	at java.util.ArrayList$ArrayListSpliterator.forEachRemaining(ArrayList.java:1382)
	at java.util.stream.AbstractPipeline.copyInto(AbstractPipeline.java:482)
	at java.util.stream.ForEachOps$ForEachTask.compute(ForEachOps.java:291)
	at java.util.concurrent.CountedCompleter.exec(CountedCompleter.java:731)
	at java.util.concurrent.ForkJoinTask.doExec(ForkJoinTask.java:289)
	at java.util.concurrent.ForkJoinTask.doInvoke(ForkJoinTask.java:401)
	at java.util.concurrent.ForkJoinTask.invoke(ForkJoinTask.java:734)
	at java.util.stream.ForEachOps$ForEachOp.evaluateParallel(ForEachOps.java:160)
	at java.util.stream.ForEachOps$ForEachOp$OfRef.evaluateParallel(ForEachOps.java:174)
	at java.util.stream.AbstractPipeline.evaluate(AbstractPipeline.java:233)
	at java.util.stream.ReferencePipeline.forEach(ReferencePipeline.java:418)
	at java.util.stream.ReferencePipeline$Head.forEach(ReferencePipeline.java:583)
	at org.apache.hadoop.ozone.MiniOzoneClusterImpl.stop(MiniOzoneClusterImpl.java:346)
	at org.apache.hadoop.ozone.MiniOzoneClusterImpl.shutdown(MiniOzoneClusterImpl.java:326)
	at org.apache.hadoop.ozone.client.rpc.TestOzoneClientRetriesOnException.shutdown(TestOzoneClientRetriesOnException.java:122)
	at sun.reflect.NativeMethodAccessorImpl.invoke0(Native Method)
	at sun.reflect.NativeMethodAccessorImpl.invoke(NativeMethodAccessorImpl.java:62)
	at sun.reflect.DelegatingMethodAccessorImpl.invoke(DelegatingMethodAccessorImpl.java:43)
	at java.lang.reflect.Method.invoke(Method.java:498)
	at org.junit.runners.model.FrameworkMethod$1.runReflectiveCall(FrameworkMethod.java:47)
	at org.junit.internal.runners.model.ReflectiveCallable.run(ReflectiveCallable.java:12)
	at org.junit.runners.model.FrameworkMethod.invokeExplosively(FrameworkMethod.java:44)
	at org.junit.internal.runners.statements.RunAfters.evaluate(RunAfters.java:33)
	at org.junit.runners.ParentRunner.runLeaf(ParentRunner.java:271)
	at org.junit.runners.BlockJUnit4ClassRunner.runChild(BlockJUnit4ClassRunner.java:70)
	at org.junit.runners.BlockJUnit4ClassRunner.runChild(BlockJUnit4ClassRunner.java:50)
	at org.junit.runners.ParentRunner$3.run(ParentRunner.java:238)
	at org.junit.runners.ParentRunner$1.schedule(ParentRunner.java:63)
	at org.junit.runners.ParentRunner.runChildren(ParentRunner.java:236)
	at org.junit.runners.ParentRunner.access$000(ParentRunner.java:53)
	at org.junit.runners.ParentRunner$2.evaluate(ParentRunner.java:229)
	at org.junit.runners.ParentRunner.run(ParentRunner.java:309)
	at org.apache.maven.surefire.junit4.JUnit4Provider.execute(JUnit4Provider.java:365)
	at org.apache.maven.surefire.junit4.JUnit4Provider.executeWithRerun(JUnit4Provider.java:273)
	at org.apache.maven.surefire.junit4.JUnit4Provider.executeTestSet(JUnit4Provider.java:238)
	at org.apache.maven.surefire.junit4.JUnit4Provider.invoke(JUnit4Provider.java:159)
	at org.apache.maven.surefire.booter.ForkedBooter.invokeProviderInSameClassLoader(ForkedBooter.java:384)
	at org.apache.maven.surefire.booter.ForkedBooter.runSuitesInProcess(ForkedBooter.java:345)
	at org.apache.maven.surefire.booter.ForkedBooter.execute(ForkedBooter.java:126)
	at org.apache.maven.surefire.booter.ForkedBooter.main(ForkedBooter.java:418)
2019-09-19 09:00:37,444 [21f2978a-2ca5-4a16-a721-5bddc1a70383:group-8635DFF5094E:LeaderElection26] INFO  impl.LeaderElection (LeaderElection.java:run(141)) - 21f2978a-2ca5-4a16-a721-5bddc1a70383:group-8635DFF5094E:LeaderElection26: IllegalArgumentException is safely ignored since this is already CLOSING
2019-09-19 09:00:37,438 [0dab3cb5-21ad-4f3e-9c90-05507adcbb62:group-950BA0564D07:LeaderElection41] INFO  impl.RoleInfo (RoleInfo.java:shutdownLeaderElection(134)) - 0dab3cb5-21ad-4f3e-9c90-05507adcbb62: shutdown LeaderElection
2019-09-19 09:00:37,437 [0dab3cb5-21ad-4f3e-9c90-05507adcbb62:group-3B6BCE9C15BC:LeaderElection42] INFO  impl.RoleInfo (RoleInfo.java:shutdownLeaderElection(134)) - 0dab3cb5-21ad-4f3e-9c90-05507adcbb62: shutdown LeaderElection
2019-09-19 09:00:37,437 [2b82d6a8-341a-4a13-8451-80c547e9561a:group-6B9AEE676E6B:LeaderElection39] INFO  impl.LeaderElection (LogUtils.java:infoOrTrace(149)) - Failed 2b82d6a8-341a-4a13-8451-80c547e9561a:group-6B9AEE676E6B:LeaderElection39, state=CLOSING: {}
java.lang.IllegalArgumentException: 2b82d6a8-341a-4a13-8451-80c547e9561a-SegmentedRaftLog is expected to be opened but it is CLOSED
	at org.apache.ratis.util.OpenCloseState.assertOpen(OpenCloseState.java:63)
	at org.apache.ratis.server.raftlog.RaftLog.checkLogState(RaftLog.java:101)
	at org.apache.ratis.server.raftlog.segmented.SegmentedRaftLog.getLastEntryTermIndex(SegmentedRaftLog.java:263)
	at org.apache.ratis.server.impl.LeaderElection.askForVotes(LeaderElection.java:183)
	at org.apache.ratis.server.impl.LeaderElection.run(LeaderElection.java:130)
	at java.lang.Thread.run(Thread.java:748)
Caused by: org.apache.ratis.util.OpenCloseState$CloseTrace: Close 2b82d6a8-341a-4a13-8451-80c547e9561a-SegmentedRaftLog
	at org.apache.ratis.util.OpenCloseState.lambda$close$1(OpenCloseState.java:109)
	at java.util.concurrent.atomic.AtomicReference.getAndUpdate(AtomicReference.java:160)
	at org.apache.ratis.util.OpenCloseState.close(OpenCloseState.java:109)
	at org.apache.ratis.server.raftlog.RaftLog.close(RaftLog.java:437)
	at org.apache.ratis.server.raftlog.segmented.SegmentedRaftLog.close(SegmentedRaftLog.java:428)
	at org.apache.ratis.server.impl.ServerState.close(ServerState.java:397)
	at org.apache.ratis.server.impl.RaftServerImpl.lambda$shutdown$3(RaftServerImpl.java:267)
	at org.apache.ratis.util.LifeCycle.lambda$checkStateAndClose$2(LifeCycle.java:231)
	at org.apache.ratis.util.LifeCycle.checkStateAndClose(LifeCycle.java:251)
	at org.apache.ratis.util.LifeCycle.checkStateAndClose(LifeCycle.java:229)
	at org.apache.ratis.server.impl.RaftServerImpl.shutdown(RaftServerImpl.java:244)
	at org.apache.ratis.server.impl.RaftServerProxy$ImplMap.lambda$close$0(RaftServerProxy.java:107)
	at java.util.stream.ForEachOps$ForEachOp$OfRef.accept(ForEachOps.java:184)
	at java.util.stream.ReferencePipeline$3$1.accept(ReferencePipeline.java:193)
	at java.util.concurrent.ConcurrentHashMap$ValueSpliterator.forEachRemaining(ConcurrentHashMap.java:3566)
	at java.util.stream.AbstractPipeline.copyInto(AbstractPipeline.java:482)
	at java.util.stream.ForEachOps$ForEachTask.compute(ForEachOps.java:291)
	at java.util.concurrent.CountedCompleter.exec(CountedCompleter.java:731)
	at java.util.concurrent.ForkJoinTask.doExec(ForkJoinTask.java:289)
	at java.util.concurrent.ForkJoinPool.helpComplete(ForkJoinPool.java:1870)
	at java.util.concurrent.ForkJoinPool.awaitJoin(ForkJoinPool.java:2045)
	at java.util.concurrent.ForkJoinTask.doInvoke(ForkJoinTask.java:404)
	at java.util.concurrent.ForkJoinTask.invoke(ForkJoinTask.java:734)
	at java.util.stream.ForEachOps$ForEachOp.evaluateParallel(ForEachOps.java:160)
	at java.util.stream.ForEachOps$ForEachOp$OfRef.evaluateParallel(ForEachOps.java:174)
	at java.util.stream.AbstractPipeline.evaluate(AbstractPipeline.java:233)
	at java.util.stream.ReferencePipeline.forEach(ReferencePipeline.java:418)
	at org.apache.ratis.server.impl.RaftServerProxy$ImplMap.close(RaftServerProxy.java:107)
	at org.apache.ratis.server.impl.RaftServerProxy.lambda$close$4(RaftServerProxy.java:315)
	at org.apache.ratis.util.LifeCycle.lambda$checkStateAndClose$2(LifeCycle.java:231)
	at org.apache.ratis.util.LifeCycle.checkStateAndClose(LifeCycle.java:251)
	at org.apache.ratis.util.LifeCycle.checkStateAndClose(LifeCycle.java:229)
	at org.apache.ratis.server.impl.RaftServerProxy.close(RaftServerProxy.java:313)
	at org.apache.hadoop.ozone.container.common.transport.server.ratis.XceiverServerRatis.stop(XceiverServerRatis.java:434)
	at org.apache.hadoop.ozone.container.ozoneimpl.OzoneContainer.stop(OzoneContainer.java:201)
	at org.apache.hadoop.ozone.container.common.statemachine.DatanodeStateMachine.close(DatanodeStateMachine.java:270)
	at org.apache.hadoop.ozone.container.common.statemachine.DatanodeStateMachine.stopDaemon(DatanodeStateMachine.java:394)
	at org.apache.hadoop.ozone.HddsDatanodeService.stop(HddsDatanodeService.java:458)
	at org.apache.hadoop.ozone.MiniOzoneClusterImpl.lambda$stop$2(MiniOzoneClusterImpl.java:347)
	at java.util.stream.ForEachOps$ForEachOp$OfRef.accept(ForEachOps.java:184)
	at java.util.ArrayList$ArrayListSpliterator.forEachRemaining(ArrayList.java:1382)
	at java.util.stream.AbstractPipeline.copyInto(AbstractPipeline.java:482)
	at java.util.stream.ForEachOps$ForEachTask.compute(ForEachOps.java:291)
	at java.util.concurrent.CountedCompleter.exec(CountedCompleter.java:731)
	at java.util.concurrent.ForkJoinTask.doExec(ForkJoinTask.java:289)
	at java.util.concurrent.ForkJoinPool$WorkQueue.runTask(ForkJoinPool.java:1056)
	at java.util.concurrent.ForkJoinPool.runWorker(ForkJoinPool.java:1692)
	at java.util.concurrent.ForkJoinWorkerThread.run(ForkJoinWorkerThread.java:157)
2019-09-19 09:00:37,449 [2b82d6a8-341a-4a13-8451-80c547e9561a:group-6B9AEE676E6B:LeaderElection39] INFO  impl.LeaderElection (LeaderElection.java:run(141)) - 2b82d6a8-341a-4a13-8451-80c547e9561a:group-6B9AEE676E6B:LeaderElection39: IllegalArgumentException is safely ignored since this is already CLOSING
2019-09-19 09:00:37,437 [2b82d6a8-341a-4a13-8451-80c547e9561a:group-A8A4B2EA4BE3:LeaderElection35] INFO  impl.LeaderElection (LogUtils.java:infoOrTrace(149)) - Failed 2b82d6a8-341a-4a13-8451-80c547e9561a:group-A8A4B2EA4BE3:LeaderElection35, state=CLOSING: {}
java.lang.IllegalArgumentException: 2b82d6a8-341a-4a13-8451-80c547e9561a-SegmentedRaftLog is expected to be opened but it is CLOSED
	at org.apache.ratis.util.OpenCloseState.assertOpen(OpenCloseState.java:63)
	at org.apache.ratis.server.raftlog.RaftLog.checkLogState(RaftLog.java:101)
	at org.apache.ratis.server.raftlog.segmented.SegmentedRaftLog.getLastEntryTermIndex(SegmentedRaftLog.java:263)
	at org.apache.ratis.server.impl.LeaderElection.askForVotes(LeaderElection.java:183)
	at org.apache.ratis.server.impl.LeaderElection.run(LeaderElection.java:130)
	at java.lang.Thread.run(Thread.java:748)
Caused by: org.apache.ratis.util.OpenCloseState$CloseTrace: Close 2b82d6a8-341a-4a13-8451-80c547e9561a-SegmentedRaftLog
	at org.apache.ratis.util.OpenCloseState.lambda$close$1(OpenCloseState.java:109)
	at java.util.concurrent.atomic.AtomicReference.getAndUpdate(AtomicReference.java:160)
	at org.apache.ratis.util.OpenCloseState.close(OpenCloseState.java:109)
	at org.apache.ratis.server.raftlog.RaftLog.close(RaftLog.java:437)
	at org.apache.ratis.server.raftlog.segmented.SegmentedRaftLog.close(SegmentedRaftLog.java:428)
	at org.apache.ratis.server.impl.ServerState.close(ServerState.java:397)
	at org.apache.ratis.server.impl.RaftServerImpl.lambda$shutdown$3(RaftServerImpl.java:267)
	at org.apache.ratis.util.LifeCycle.lambda$checkStateAndClose$2(LifeCycle.java:231)
	at org.apache.ratis.util.LifeCycle.checkStateAndClose(LifeCycle.java:251)
	at org.apache.ratis.util.LifeCycle.checkStateAndClose(LifeCycle.java:229)
	at org.apache.ratis.server.impl.RaftServerImpl.shutdown(RaftServerImpl.java:244)
	at org.apache.ratis.server.impl.RaftServerProxy$ImplMap.lambda$close$0(RaftServerProxy.java:107)
	at java.util.stream.ForEachOps$ForEachOp$OfRef.accept(ForEachOps.java:184)
	at java.util.stream.ReferencePipeline$3$1.accept(ReferencePipeline.java:193)
	at java.util.concurrent.ConcurrentHashMap$ValueSpliterator.forEachRemaining(ConcurrentHashMap.java:3566)
	at java.util.stream.AbstractPipeline.copyInto(AbstractPipeline.java:482)
	at java.util.stream.ForEachOps$ForEachTask.compute(ForEachOps.java:291)
	at java.util.concurrent.CountedCompleter.exec(CountedCompleter.java:731)
	at java.util.concurrent.ForkJoinTask.doExec(ForkJoinTask.java:289)
	at java.util.concurrent.ForkJoinPool.helpComplete(ForkJoinPool.java:1870)
	at java.util.concurrent.ForkJoinPool.awaitJoin(ForkJoinPool.java:2045)
	at java.util.concurrent.ForkJoinTask.doInvoke(ForkJoinTask.java:404)
	at java.util.concurrent.ForkJoinTask.invoke(ForkJoinTask.java:734)
	at java.util.stream.ForEachOps$ForEachOp.evaluateParallel(ForEachOps.java:160)
	at java.util.stream.ForEachOps$ForEachOp$OfRef.evaluateParallel(ForEachOps.java:174)
	at java.util.stream.AbstractPipeline.evaluate(AbstractPipeline.java:233)
	at java.util.stream.ReferencePipeline.forEach(ReferencePipeline.java:418)
	at org.apache.ratis.server.impl.RaftServerProxy$ImplMap.close(RaftServerProxy.java:107)
	at org.apache.ratis.server.impl.RaftServerProxy.lambda$close$4(RaftServerProxy.java:315)
	at org.apache.ratis.util.LifeCycle.lambda$checkStateAndClose$2(LifeCycle.java:231)
	at org.apache.ratis.util.LifeCycle.checkStateAndClose(LifeCycle.java:251)
	at org.apache.ratis.util.LifeCycle.checkStateAndClose(LifeCycle.java:229)
	at org.apache.ratis.server.impl.RaftServerProxy.close(RaftServerProxy.java:313)
	at org.apache.hadoop.ozone.container.common.transport.server.ratis.XceiverServerRatis.stop(XceiverServerRatis.java:434)
	at org.apache.hadoop.ozone.container.ozoneimpl.OzoneContainer.stop(OzoneContainer.java:201)
	at org.apache.hadoop.ozone.container.common.statemachine.DatanodeStateMachine.close(DatanodeStateMachine.java:270)
	at org.apache.hadoop.ozone.container.common.statemachine.DatanodeStateMachine.stopDaemon(DatanodeStateMachine.java:394)
	at org.apache.hadoop.ozone.HddsDatanodeService.stop(HddsDatanodeService.java:458)
	at org.apache.hadoop.ozone.MiniOzoneClusterImpl.lambda$stop$2(MiniOzoneClusterImpl.java:347)
	at java.util.stream.ForEachOps$ForEachOp$OfRef.accept(ForEachOps.java:184)
	at java.util.ArrayList$ArrayListSpliterator.forEachRemaining(ArrayList.java:1382)
	at java.util.stream.AbstractPipeline.copyInto(AbstractPipeline.java:482)
	at java.util.stream.ForEachOps$ForEachTask.compute(ForEachOps.java:291)
	at java.util.concurrent.CountedCompleter.exec(CountedCompleter.java:731)
	at java.util.concurrent.ForkJoinTask.doExec(ForkJoinTask.java:289)
	at java.util.concurrent.ForkJoinPool$WorkQueue.runTask(ForkJoinPool.java:1056)
	at java.util.concurrent.ForkJoinPool.runWorker(ForkJoinPool.java:1692)
	at java.util.concurrent.ForkJoinWorkerThread.run(ForkJoinWorkerThread.java:157)
2019-09-19 09:00:37,454 [2b82d6a8-341a-4a13-8451-80c547e9561a:group-A8A4B2EA4BE3:LeaderElection35] INFO  impl.LeaderElection (LeaderElection.java:run(141)) - 2b82d6a8-341a-4a13-8451-80c547e9561a:group-A8A4B2EA4BE3:LeaderElection35: IllegalArgumentException is safely ignored since this is already CLOSING
2019-09-19 09:00:37,437 [2b82d6a8-341a-4a13-8451-80c547e9561a:group-D62CFAFF5BF9:LeaderElection31] INFO  impl.LeaderElection (LogUtils.java:infoOrTrace(149)) - Failed 2b82d6a8-341a-4a13-8451-80c547e9561a:group-D62CFAFF5BF9:LeaderElection31, state=CLOSING: {}
java.lang.IllegalArgumentException: 2b82d6a8-341a-4a13-8451-80c547e9561a-SegmentedRaftLog is expected to be opened but it is CLOSED
	at org.apache.ratis.util.OpenCloseState.assertOpen(OpenCloseState.java:63)
	at org.apache.ratis.server.raftlog.RaftLog.checkLogState(RaftLog.java:101)
	at org.apache.ratis.server.raftlog.segmented.SegmentedRaftLog.getLastEntryTermIndex(SegmentedRaftLog.java:263)
	at org.apache.ratis.server.impl.LeaderElection.askForVotes(LeaderElection.java:183)
	at org.apache.ratis.server.impl.LeaderElection.run(LeaderElection.java:130)
	at java.lang.Thread.run(Thread.java:748)
Caused by: org.apache.ratis.util.OpenCloseState$CloseTrace: Close 2b82d6a8-341a-4a13-8451-80c547e9561a-SegmentedRaftLog
	at org.apache.ratis.util.OpenCloseState.lambda$close$1(OpenCloseState.java:109)
	at java.util.concurrent.atomic.AtomicReference.getAndUpdate(AtomicReference.java:160)
	at org.apache.ratis.util.OpenCloseState.close(OpenCloseState.java:109)
	at org.apache.ratis.server.raftlog.RaftLog.close(RaftLog.java:437)
	at org.apache.ratis.server.raftlog.segmented.SegmentedRaftLog.close(SegmentedRaftLog.java:428)
	at org.apache.ratis.server.impl.ServerState.close(ServerState.java:397)
	at org.apache.ratis.server.impl.RaftServerImpl.lambda$shutdown$3(RaftServerImpl.java:267)
	at org.apache.ratis.util.LifeCycle.lambda$checkStateAndClose$2(LifeCycle.java:231)
	at org.apache.ratis.util.LifeCycle.checkStateAndClose(LifeCycle.java:251)
	at org.apache.ratis.util.LifeCycle.checkStateAndClose(LifeCycle.java:229)
	at org.apache.ratis.server.impl.RaftServerImpl.shutdown(RaftServerImpl.java:244)
	at org.apache.ratis.server.impl.RaftServerProxy$ImplMap.lambda$close$0(RaftServerProxy.java:107)
	at java.util.stream.ForEachOps$ForEachOp$OfRef.accept(ForEachOps.java:184)
	at java.util.stream.ReferencePipeline$3$1.accept(ReferencePipeline.java:193)
	at java.util.concurrent.ConcurrentHashMap$ValueSpliterator.forEachRemaining(ConcurrentHashMap.java:3566)
	at java.util.stream.AbstractPipeline.copyInto(AbstractPipeline.java:482)
	at java.util.stream.ForEachOps$ForEachTask.compute(ForEachOps.java:291)
	at java.util.concurrent.CountedCompleter.exec(CountedCompleter.java:731)
	at java.util.concurrent.ForkJoinTask.doExec(ForkJoinTask.java:289)
	at java.util.concurrent.ForkJoinPool.helpComplete(ForkJoinPool.java:1870)
	at java.util.concurrent.ForkJoinPool.awaitJoin(ForkJoinPool.java:2045)
	at java.util.concurrent.ForkJoinTask.doInvoke(ForkJoinTask.java:404)
	at java.util.concurrent.ForkJoinTask.invoke(ForkJoinTask.java:734)
	at java.util.stream.ForEachOps$ForEachOp.evaluateParallel(ForEachOps.java:160)
	at java.util.stream.ForEachOps$ForEachOp$OfRef.evaluateParallel(ForEachOps.java:174)
	at java.util.stream.AbstractPipeline.evaluate(AbstractPipeline.java:233)
	at java.util.stream.ReferencePipeline.forEach(ReferencePipeline.java:418)
	at org.apache.ratis.server.impl.RaftServerProxy$ImplMap.close(RaftServerProxy.java:107)
	at org.apache.ratis.server.impl.RaftServerProxy.lambda$close$4(RaftServerProxy.java:315)
	at org.apache.ratis.util.LifeCycle.lambda$checkStateAndClose$2(LifeCycle.java:231)
	at org.apache.ratis.util.LifeCycle.checkStateAndClose(LifeCycle.java:251)
	at org.apache.ratis.util.LifeCycle.checkStateAndClose(LifeCycle.java:229)
	at org.apache.ratis.server.impl.RaftServerProxy.close(RaftServerProxy.java:313)
	at org.apache.hadoop.ozone.container.common.transport.server.ratis.XceiverServerRatis.stop(XceiverServerRatis.java:434)
	at org.apache.hadoop.ozone.container.ozoneimpl.OzoneContainer.stop(OzoneContainer.java:201)
	at org.apache.hadoop.ozone.container.common.statemachine.DatanodeStateMachine.close(DatanodeStateMachine.java:270)
	at org.apache.hadoop.ozone.container.common.statemachine.DatanodeStateMachine.stopDaemon(DatanodeStateMachine.java:394)
	at org.apache.hadoop.ozone.HddsDatanodeService.stop(HddsDatanodeService.java:458)
	at org.apache.hadoop.ozone.MiniOzoneClusterImpl.lambda$stop$2(MiniOzoneClusterImpl.java:347)
	at java.util.stream.ForEachOps$ForEachOp$OfRef.accept(ForEachOps.java:184)
	at java.util.ArrayList$ArrayListSpliterator.forEachRemaining(ArrayList.java:1382)
	at java.util.stream.AbstractPipeline.copyInto(AbstractPipeline.java:482)
	at java.util.stream.ForEachOps$ForEachTask.compute(ForEachOps.java:291)
	at java.util.concurrent.CountedCompleter.exec(CountedCompleter.java:731)
	at java.util.concurrent.ForkJoinTask.doExec(ForkJoinTask.java:289)
	at java.util.concurrent.ForkJoinPool$WorkQueue.runTask(ForkJoinPool.java:1056)
	at java.util.concurrent.ForkJoinPool.runWorker(ForkJoinPool.java:1692)
	at java.util.concurrent.ForkJoinWorkerThread.run(ForkJoinWorkerThread.java:157)
2019-09-19 09:00:37,459 [2b82d6a8-341a-4a13-8451-80c547e9561a:group-D62CFAFF5BF9:LeaderElection31] INFO  impl.LeaderElection (LeaderElection.java:run(141)) - 2b82d6a8-341a-4a13-8451-80c547e9561a:group-D62CFAFF5BF9:LeaderElection31: IllegalArgumentException is safely ignored since this is already CLOSING
2019-09-19 09:00:37,437 [0dab3cb5-21ad-4f3e-9c90-05507adcbb62:group-51DD66138AB9:LeaderElection37] INFO  impl.RoleInfo (RoleInfo.java:shutdownLeaderElection(134)) - 0dab3cb5-21ad-4f3e-9c90-05507adcbb62: shutdown LeaderElection
2019-09-19 09:00:37,437 [5794d84d-2349-4704-a7d7-6735dfcfc341:group-BFEEE9B8618F:LeaderElection24] INFO  impl.RoleInfo (RoleInfo.java:shutdownLeaderElection(134)) - 5794d84d-2349-4704-a7d7-6735dfcfc341: shutdown LeaderElection
2019-09-19 09:00:37,437 [5794d84d-2349-4704-a7d7-6735dfcfc341:group-145AD4BEF4F6:LeaderElection34] INFO  impl.RoleInfo (RoleInfo.java:shutdownLeaderElection(134)) - 5794d84d-2349-4704-a7d7-6735dfcfc341: shutdown LeaderElection
2019-09-19 09:00:37,436 [21f2978a-2ca5-4a16-a721-5bddc1a70383:group-CFE8E63002C9:LeaderElection32] INFO  impl.RoleInfo (RoleInfo.java:shutdownLeaderElection(134)) - 21f2978a-2ca5-4a16-a721-5bddc1a70383: shutdown LeaderElection
2019-09-19 09:00:37,436 [main] INFO  segmented.SegmentedRaftLogWorker (SegmentedRaftLogWorker.java:close(228)) - 21f2978a-2ca5-4a16-a721-5bddc1a70383-SegmentedRaftLogWorker:Storage Directory /workdir/hadoop-ozone/integration-test/target/test-dir/MiniOzoneClusterImpl-efb0e503-cad1-4dcb-a604-0867af0d3cca/datanode-4/data/ratis/932fe122-9733-4302-b447-465f845552d2 close()
2019-09-19 09:00:37,436 [ForkJoinPool.commonPool-worker-1] INFO  segmented.SegmentedRaftLogWorker (SegmentedRaftLogWorker.java:close(228)) - 2b82d6a8-341a-4a13-8451-80c547e9561a-SegmentedRaftLogWorker:Storage Directory /workdir/hadoop-ozone/integration-test/target/test-dir/MiniOzoneClusterImpl-efb0e503-cad1-4dcb-a604-0867af0d3cca/datanode-1/data/ratis/558d8af0-210e-4012-af3d-304e23b1539c close()
2019-09-19 09:00:37,436 [5794d84d-2349-4704-a7d7-6735dfcfc341:group-33BF8A35A0AC:LeaderElection36] INFO  impl.RoleInfo (RoleInfo.java:shutdownLeaderElection(134)) - 5794d84d-2349-4704-a7d7-6735dfcfc341: shutdown LeaderElection
2019-09-19 09:00:37,436 [21f2978a-2ca5-4a16-a721-5bddc1a70383:group-E4DD330234AB:LeaderElection28] INFO  impl.RoleInfo (RoleInfo.java:shutdownLeaderElection(134)) - 21f2978a-2ca5-4a16-a721-5bddc1a70383: shutdown LeaderElection
2019-09-19 09:00:37,435 [0dab3cb5-21ad-4f3e-9c90-05507adcbb62:group-3003CA1BEB96:LeaderElection29] INFO  impl.LeaderElection (LeaderElection.java:askForVotes(181)) - 0dab3cb5-21ad-4f3e-9c90-05507adcbb62:group-3003CA1BEB96:LeaderElection29: begin an election at term 1 for -1: [0dab3cb5-21ad-4f3e-9c90-05507adcbb62:192.168.34.5:45934], old=null
2019-09-19 09:00:37,435 [5794d84d-2349-4704-a7d7-6735dfcfc341:group-7A30AB7CA3EB:LeaderElection30] INFO  impl.LeaderElection (LeaderElection.java:askForVotes(181)) - 5794d84d-2349-4704-a7d7-6735dfcfc341:group-7A30AB7CA3EB:LeaderElection30: begin an election at term 1 for -1: [5794d84d-2349-4704-a7d7-6735dfcfc341:192.168.34.5:35329], old=null
2019-09-19 09:00:37,469 [0dab3cb5-21ad-4f3e-9c90-05507adcbb62:group-3003CA1BEB96:LeaderElection29] INFO  impl.RoleInfo (RoleInfo.java:shutdownLeaderElection(134)) - 0dab3cb5-21ad-4f3e-9c90-05507adcbb62: shutdown LeaderElection
2019-09-19 09:00:37,469 [ForkJoinPool.commonPool-worker-1] INFO  server.GrpcService (GrpcService.java:closeImpl(155)) - 2b82d6a8-341a-4a13-8451-80c547e9561a: shutdown server with port 34627 now
2019-09-19 09:00:37,469 [21f2978a-2ca5-4a16-a721-5bddc1a70383:group-E4DD330234AB:LeaderElection28] INFO  impl.RaftServerImpl (RaftServerImpl.java:setRole(171)) - 21f2978a-2ca5-4a16-a721-5bddc1a70383:group-E4DD330234AB changes role from CANDIDATE to LEADER at term 1 for changeToLeader
2019-09-19 09:00:37,469 [5794d84d-2349-4704-a7d7-6735dfcfc341:group-33BF8A35A0AC:LeaderElection36] INFO  impl.RaftServerImpl (RaftServerImpl.java:setRole(171)) - 5794d84d-2349-4704-a7d7-6735dfcfc341:group-33BF8A35A0AC changes role from CANDIDATE to LEADER at term 1 for changeToLeader
2019-09-19 09:00:37,469 [main] INFO  impl.RaftServerImpl (RaftServerImpl.java:lambda$shutdown$3(245)) - 21f2978a-2ca5-4a16-a721-5bddc1a70383: shutdown group-809F860A7E68
2019-09-19 09:00:37,461 [21f2978a-2ca5-4a16-a721-5bddc1a70383:group-CFE8E63002C9:LeaderElection32] INFO  impl.RaftServerImpl (RaftServerImpl.java:setRole(171)) - 21f2978a-2ca5-4a16-a721-5bddc1a70383:group-CFE8E63002C9 changes role from CANDIDATE to LEADER at term 1 for changeToLeader
2019-09-19 09:00:37,461 [5794d84d-2349-4704-a7d7-6735dfcfc341:group-145AD4BEF4F6:LeaderElection34] INFO  impl.RaftServerImpl (RaftServerImpl.java:setRole(171)) - 5794d84d-2349-4704-a7d7-6735dfcfc341:group-145AD4BEF4F6 changes role from CANDIDATE to LEADER at term 1 for changeToLeader
2019-09-19 09:00:37,461 [5794d84d-2349-4704-a7d7-6735dfcfc341:group-BFEEE9B8618F:LeaderElection24] INFO  impl.RaftServerImpl (RaftServerImpl.java:setRole(171)) - 5794d84d-2349-4704-a7d7-6735dfcfc341:group-BFEEE9B8618F changes role from CANDIDATE to LEADER at term 1 for changeToLeader
2019-09-19 09:00:37,461 [0dab3cb5-21ad-4f3e-9c90-05507adcbb62:group-51DD66138AB9:LeaderElection37] INFO  impl.RaftServerImpl (RaftServerImpl.java:setRole(171)) - 0dab3cb5-21ad-4f3e-9c90-05507adcbb62:group-51DD66138AB9 changes role from CANDIDATE to LEADER at term 1 for changeToLeader
2019-09-19 09:00:37,446 [0dab3cb5-21ad-4f3e-9c90-05507adcbb62:group-3B6BCE9C15BC:LeaderElection42] INFO  impl.RaftServerImpl (RaftServerImpl.java:setRole(171)) - 0dab3cb5-21ad-4f3e-9c90-05507adcbb62:group-3B6BCE9C15BC changes role from CANDIDATE to LEADER at term 1 for changeToLeader
2019-09-19 09:00:37,446 [0dab3cb5-21ad-4f3e-9c90-05507adcbb62:group-950BA0564D07:LeaderElection41] INFO  impl.RaftServerImpl (RaftServerImpl.java:setRole(171)) - 0dab3cb5-21ad-4f3e-9c90-05507adcbb62:group-950BA0564D07 changes role from CANDIDATE to LEADER at term 1 for changeToLeader
2019-09-19 09:00:37,439 [0dab3cb5-21ad-4f3e-9c90-05507adcbb62:group-FFA31F0FC260:LeaderElection40] INFO  impl.RaftServerImpl (RaftServerImpl.java:setRole(171)) - 0dab3cb5-21ad-4f3e-9c90-05507adcbb62:group-FFA31F0FC260 changes role from CANDIDATE to LEADER at term 1 for changeToLeader
2019-09-19 09:00:37,472 [0dab3cb5-21ad-4f3e-9c90-05507adcbb62:group-FFA31F0FC260:LeaderElection40] INFO  impl.RaftServerImpl (ServerState.java:setLeader(263)) - 0dab3cb5-21ad-4f3e-9c90-05507adcbb62:group-FFA31F0FC260 change Leader from null to 0dab3cb5-21ad-4f3e-9c90-05507adcbb62 at term 1 for becomeLeader, leader elected after 21426ms
2019-09-19 09:00:37,439 [21f2978a-2ca5-4a16-a721-5bddc1a70383:group-809F860A7E68:LeaderElection33] INFO  impl.RaftServerImpl (ServerState.java:setLeader(263)) - 21f2978a-2ca5-4a16-a721-5bddc1a70383:group-809F860A7E68 change Leader from null to 21f2978a-2ca5-4a16-a721-5bddc1a70383 at term 1 for becomeLeader, leader elected after 21885ms
2019-09-19 09:00:37,439 [5794d84d-2349-4704-a7d7-6735dfcfc341:group-1B3CEAAB7C1F:LeaderElection27] INFO  impl.RaftServerImpl (ServerState.java:setLeader(263)) - 5794d84d-2349-4704-a7d7-6735dfcfc341:group-1B3CEAAB7C1F change Leader from null to 5794d84d-2349-4704-a7d7-6735dfcfc341 at term 1 for becomeLeader, leader elected after 22163ms
2019-09-19 09:00:37,439 [0dab3cb5-21ad-4f3e-9c90-05507adcbb62:group-929403B17E48:LeaderElection38] INFO  impl.RaftServerImpl (RaftServerImpl.java:setRole(171)) - 0dab3cb5-21ad-4f3e-9c90-05507adcbb62:group-929403B17E48 changes role from CANDIDATE to LEADER at term 1 for changeToLeader
2019-09-19 09:00:37,438 [5794d84d-2349-4704-a7d7-6735dfcfc341:group-306361811909:LeaderElection25] INFO  impl.RoleInfo (RoleInfo.java:shutdownLeaderElection(134)) - 5794d84d-2349-4704-a7d7-6735dfcfc341: shutdown LeaderElection
2019-09-19 09:00:37,478 [0dab3cb5-21ad-4f3e-9c90-05507adcbb62:group-929403B17E48:LeaderElection38] INFO  impl.RaftServerImpl (ServerState.java:setLeader(263)) - 0dab3cb5-21ad-4f3e-9c90-05507adcbb62:group-929403B17E48 change Leader from null to 0dab3cb5-21ad-4f3e-9c90-05507adcbb62 at term 1 for becomeLeader, leader elected after 21503ms
2019-09-19 09:00:37,478 [ForkJoinPool.commonPool-worker-1] INFO  server.GrpcService (GrpcService.java:closeImpl(163)) - 2b82d6a8-341a-4a13-8451-80c547e9561a: shutdown server with port 34627 successfully
2019-09-19 09:00:37,477 [5794d84d-2349-4704-a7d7-6735dfcfc341:group-1B3CEAAB7C1F:LeaderElection27] INFO  server.RaftServerConfigKeys (ConfUtils.java:logGet(43)) - raft.server.staging.catchup.gap = 1000 (default)
2019-09-19 09:00:37,474 [21f2978a-2ca5-4a16-a721-5bddc1a70383:group-809F860A7E68:LeaderElection33] INFO  server.RaftServerConfigKeys (ConfUtils.java:logGet(43)) - raft.server.staging.catchup.gap = 1000 (default)
2019-09-19 09:00:37,474 [0dab3cb5-21ad-4f3e-9c90-05507adcbb62:group-FFA31F0FC260:LeaderElection40] INFO  server.RaftServerConfigKeys (ConfUtils.java:logGet(43)) - raft.server.staging.catchup.gap = 1000 (default)
2019-09-19 09:00:37,472 [0dab3cb5-21ad-4f3e-9c90-05507adcbb62:group-950BA0564D07:LeaderElection41] INFO  impl.RaftServerImpl (ServerState.java:setLeader(263)) - 0dab3cb5-21ad-4f3e-9c90-05507adcbb62:group-950BA0564D07 change Leader from null to 0dab3cb5-21ad-4f3e-9c90-05507adcbb62 at term 1 for becomeLeader, leader elected after 21355ms
2019-09-19 09:00:37,472 [0dab3cb5-21ad-4f3e-9c90-05507adcbb62:group-3B6BCE9C15BC:LeaderElection42] INFO  impl.RaftServerImpl (ServerState.java:setLeader(263)) - 0dab3cb5-21ad-4f3e-9c90-05507adcbb62:group-3B6BCE9C15BC change Leader from null to 0dab3cb5-21ad-4f3e-9c90-05507adcbb62 at term 1 for becomeLeader, leader elected after 21312ms
2019-09-19 09:00:37,471 [0dab3cb5-21ad-4f3e-9c90-05507adcbb62:group-51DD66138AB9:LeaderElection37] INFO  impl.RaftServerImpl (ServerState.java:setLeader(263)) - 0dab3cb5-21ad-4f3e-9c90-05507adcbb62:group-51DD66138AB9 change Leader from null to 0dab3cb5-21ad-4f3e-9c90-05507adcbb62 at term 1 for becomeLeader, leader elected after 21622ms
2019-09-19 09:00:37,471 [5794d84d-2349-4704-a7d7-6735dfcfc341:group-BFEEE9B8618F:LeaderElection24] INFO  impl.RaftServerImpl (ServerState.java:setLeader(263)) - 5794d84d-2349-4704-a7d7-6735dfcfc341:group-BFEEE9B8618F change Leader from null to 5794d84d-2349-4704-a7d7-6735dfcfc341 at term 1 for becomeLeader, leader elected after 22250ms
2019-09-19 09:00:37,471 [5794d84d-2349-4704-a7d7-6735dfcfc341:group-145AD4BEF4F6:LeaderElection34] INFO  impl.RaftServerImpl (ServerState.java:setLeader(263)) - 5794d84d-2349-4704-a7d7-6735dfcfc341:group-145AD4BEF4F6 change Leader from null to 5794d84d-2349-4704-a7d7-6735dfcfc341 at term 1 for becomeLeader, leader elected after 21812ms
2019-09-19 09:00:37,471 [21f2978a-2ca5-4a16-a721-5bddc1a70383:group-CFE8E63002C9:LeaderElection32] INFO  impl.RaftServerImpl (ServerState.java:setLeader(263)) - 21f2978a-2ca5-4a16-a721-5bddc1a70383:group-CFE8E63002C9 change Leader from null to 21f2978a-2ca5-4a16-a721-5bddc1a70383 at term 1 for becomeLeader, leader elected after 21866ms
2019-09-19 09:00:37,471 [main] INFO  util.JmxRegister (JmxRegister.java:unregister(73)) - Successfully un-registered JMX Bean with object name Ratis:service=RaftServer,group=group-809F860A7E68,id=21f2978a-2ca5-4a16-a721-5bddc1a70383
2019-09-19 09:00:37,470 [5794d84d-2349-4704-a7d7-6735dfcfc341:group-33BF8A35A0AC:LeaderElection36] INFO  impl.RaftServerImpl (ServerState.java:setLeader(263)) - 5794d84d-2349-4704-a7d7-6735dfcfc341:group-33BF8A35A0AC change Leader from null to 5794d84d-2349-4704-a7d7-6735dfcfc341 at term 1 for becomeLeader, leader elected after 21674ms
2019-09-19 09:00:37,470 [21f2978a-2ca5-4a16-a721-5bddc1a70383:group-E4DD330234AB:LeaderElection28] INFO  impl.RaftServerImpl (ServerState.java:setLeader(263)) - 21f2978a-2ca5-4a16-a721-5bddc1a70383:group-E4DD330234AB change Leader from null to 21f2978a-2ca5-4a16-a721-5bddc1a70383 at term 1 for becomeLeader, leader elected after 22138ms
2019-09-19 09:00:37,481 [5794d84d-2349-4704-a7d7-6735dfcfc341:group-33BF8A35A0AC:LeaderElection36] INFO  server.RaftServerConfigKeys (ConfUtils.java:logGet(43)) - raft.server.staging.catchup.gap = 1000 (default)
2019-09-19 09:00:37,470 [0dab3cb5-21ad-4f3e-9c90-05507adcbb62:group-3003CA1BEB96:LeaderElection29] INFO  impl.RaftServerImpl (RaftServerImpl.java:setRole(171)) - 0dab3cb5-21ad-4f3e-9c90-05507adcbb62:group-3003CA1BEB96 changes role from CANDIDATE to LEADER at term 1 for changeToLeader
2019-09-19 09:00:37,469 [5794d84d-2349-4704-a7d7-6735dfcfc341:group-7A30AB7CA3EB:LeaderElection30] INFO  impl.RoleInfo (RoleInfo.java:shutdownLeaderElection(134)) - 5794d84d-2349-4704-a7d7-6735dfcfc341: shutdown LeaderElection
2019-09-19 09:00:37,481 [0dab3cb5-21ad-4f3e-9c90-05507adcbb62:group-3003CA1BEB96:LeaderElection29] INFO  impl.RaftServerImpl (ServerState.java:setLeader(263)) - 0dab3cb5-21ad-4f3e-9c90-05507adcbb62:group-3003CA1BEB96 change Leader from null to 0dab3cb5-21ad-4f3e-9c90-05507adcbb62 at term 1 for becomeLeader, leader elected after 22093ms
2019-09-19 09:00:37,481 [5794d84d-2349-4704-a7d7-6735dfcfc341:group-33BF8A35A0AC:LeaderElection36] INFO  server.RaftServerConfigKeys (ConfUtils.java:logGet(43)) - raft.server.rpc.sleep.time = 25ms (default)
2019-09-19 09:00:37,481 [21f2978a-2ca5-4a16-a721-5bddc1a70383:group-E4DD330234AB:LeaderElection28] INFO  server.RaftServerConfigKeys (ConfUtils.java:logGet(43)) - raft.server.staging.catchup.gap = 1000 (default)
2019-09-19 09:00:37,480 [main] INFO  impl.StateMachineUpdater (StateMachineUpdater.java:stopAndJoin(115)) - StateMachineUpdater:21f2978a-2ca5-4a16-a721-5bddc1a70383:group-809F860A7E68: set stopIndex = -1
2019-09-19 09:00:37,480 [21f2978a-2ca5-4a16-a721-5bddc1a70383:group-CFE8E63002C9:LeaderElection32] INFO  server.RaftServerConfigKeys (ConfUtils.java:logGet(43)) - raft.server.staging.catchup.gap = 1000 (default)
2019-09-19 09:00:37,480 [ForkJoinPool.commonPool-worker-1] INFO  utils.BackgroundService (BackgroundService.java:shutdown(148)) - Shutting down service BlockDeletingService
2019-09-19 09:00:37,480 [5794d84d-2349-4704-a7d7-6735dfcfc341:group-145AD4BEF4F6:LeaderElection34] INFO  server.RaftServerConfigKeys (ConfUtils.java:logGet(43)) - raft.server.staging.catchup.gap = 1000 (default)
2019-09-19 09:00:37,483 [5794d84d-2349-4704-a7d7-6735dfcfc341:group-145AD4BEF4F6:LeaderElection34] INFO  server.RaftServerConfigKeys (ConfUtils.java:logGet(43)) - raft.server.rpc.sleep.time = 25ms (default)
2019-09-19 09:00:37,480 [5794d84d-2349-4704-a7d7-6735dfcfc341:group-BFEEE9B8618F:LeaderElection24] INFO  server.RaftServerConfigKeys (ConfUtils.java:logGet(43)) - raft.server.staging.catchup.gap = 1000 (default)
2019-09-19 09:00:37,479 [0dab3cb5-21ad-4f3e-9c90-05507adcbb62:group-51DD66138AB9:LeaderElection37] INFO  server.RaftServerConfigKeys (ConfUtils.java:logGet(43)) - raft.server.staging.catchup.gap = 1000 (default)
2019-09-19 09:00:37,479 [0dab3cb5-21ad-4f3e-9c90-05507adcbb62:group-3B6BCE9C15BC:LeaderElection42] INFO  server.RaftServerConfigKeys (ConfUtils.java:logGet(43)) - raft.server.staging.catchup.gap = 1000 (default)
2019-09-19 09:00:37,479 [0dab3cb5-21ad-4f3e-9c90-05507adcbb62:group-950BA0564D07:LeaderElection41] INFO  server.RaftServerConfigKeys (ConfUtils.java:logGet(43)) - raft.server.staging.catchup.gap = 1000 (default)
2019-09-19 09:00:37,479 [0dab3cb5-21ad-4f3e-9c90-05507adcbb62:group-FFA31F0FC260:LeaderElection40] INFO  server.RaftServerConfigKeys (ConfUtils.java:logGet(43)) - raft.server.rpc.sleep.time = 25ms (default)
2019-09-19 09:00:37,479 [21f2978a-2ca5-4a16-a721-5bddc1a70383:group-809F860A7E68:LeaderElection33] INFO  server.RaftServerConfigKeys (ConfUtils.java:logGet(43)) - raft.server.rpc.sleep.time = 25ms (default)
2019-09-19 09:00:37,478 [5794d84d-2349-4704-a7d7-6735dfcfc341:group-1B3CEAAB7C1F:LeaderElection27] INFO  server.RaftServerConfigKeys (ConfUtils.java:logGet(43)) - raft.server.rpc.sleep.time = 25ms (default)
2019-09-19 09:00:37,478 [0dab3cb5-21ad-4f3e-9c90-05507adcbb62:group-929403B17E48:LeaderElection38] INFO  server.RaftServerConfigKeys (ConfUtils.java:logGet(43)) - raft.server.staging.catchup.gap = 1000 (default)
2019-09-19 09:00:37,478 [5794d84d-2349-4704-a7d7-6735dfcfc341:group-306361811909:LeaderElection25] INFO  impl.RaftServerImpl (RaftServerImpl.java:setRole(171)) - 5794d84d-2349-4704-a7d7-6735dfcfc341:group-306361811909 changes role from CANDIDATE to LEADER at term 1 for changeToLeader
2019-09-19 09:00:37,484 [0dab3cb5-21ad-4f3e-9c90-05507adcbb62:group-929403B17E48:LeaderElection38] INFO  server.RaftServerConfigKeys (ConfUtils.java:logGet(43)) - raft.server.rpc.sleep.time = 25ms (default)
2019-09-19 09:00:37,484 [5794d84d-2349-4704-a7d7-6735dfcfc341:group-1B3CEAAB7C1F:LeaderElection27] INFO  server.RaftServerConfigKeys (ConfUtils.java:logGet(43)) - raft.server.write.element-limit = 4096 (default)
2019-09-19 09:00:37,484 [21f2978a-2ca5-4a16-a721-5bddc1a70383:group-809F860A7E68:LeaderElection33] INFO  server.RaftServerConfigKeys (ConfUtils.java:logGet(43)) - raft.server.write.element-limit = 4096 (default)
2019-09-19 09:00:37,484 [0dab3cb5-21ad-4f3e-9c90-05507adcbb62:group-FFA31F0FC260:LeaderElection40] INFO  server.RaftServerConfigKeys (ConfUtils.java:logGet(43)) - raft.server.write.element-limit = 4096 (default)
2019-09-19 09:00:37,484 [refreshUsed-/workdir/hadoop-ozone/integration-test/target/test-dir/MiniOzoneClusterImpl-efb0e503-cad1-4dcb-a604-0867af0d3cca/datanode-1/data/containers] WARN  fs.CachingGetSpaceUsed (CachingGetSpaceUsed.java:run(183)) - Thread Interrupted waiting to refresh disk information: sleep interrupted
2019-09-19 09:00:37,484 [0dab3cb5-21ad-4f3e-9c90-05507adcbb62:group-950BA0564D07:LeaderElection41] INFO  server.RaftServerConfigKeys (ConfUtils.java:logGet(43)) - raft.server.rpc.sleep.time = 25ms (default)
2019-09-19 09:00:37,483 [0dab3cb5-21ad-4f3e-9c90-05507adcbb62:group-3B6BCE9C15BC:LeaderElection42] INFO  server.RaftServerConfigKeys (ConfUtils.java:logGet(43)) - raft.server.rpc.sleep.time = 25ms (default)
2019-09-19 09:00:37,488 [0dab3cb5-21ad-4f3e-9c90-05507adcbb62:group-950BA0564D07:LeaderElection41] INFO  server.RaftServerConfigKeys (ConfUtils.java:logGet(43)) - raft.server.write.element-limit = 4096 (default)
2019-09-19 09:00:37,483 [0dab3cb5-21ad-4f3e-9c90-05507adcbb62:group-51DD66138AB9:LeaderElection37] INFO  server.RaftServerConfigKeys (ConfUtils.java:logGet(43)) - raft.server.rpc.sleep.time = 25ms (default)
2019-09-19 09:00:37,483 [5794d84d-2349-4704-a7d7-6735dfcfc341:group-145AD4BEF4F6:LeaderElection34] INFO  server.RaftServerConfigKeys (ConfUtils.java:logGet(43)) - raft.server.write.element-limit = 4096 (default)
2019-09-19 09:00:37,483 [5794d84d-2349-4704-a7d7-6735dfcfc341:group-BFEEE9B8618F:LeaderElection24] INFO  server.RaftServerConfigKeys (ConfUtils.java:logGet(43)) - raft.server.rpc.sleep.time = 25ms (default)
2019-09-19 09:00:37,482 [21f2978a-2ca5-4a16-a721-5bddc1a70383:group-CFE8E63002C9:LeaderElection32] INFO  server.RaftServerConfigKeys (ConfUtils.java:logGet(43)) - raft.server.rpc.sleep.time = 25ms (default)
2019-09-19 09:00:37,489 [5794d84d-2349-4704-a7d7-6735dfcfc341:group-BFEEE9B8618F:LeaderElection24] INFO  server.RaftServerConfigKeys (ConfUtils.java:logGet(43)) - raft.server.write.element-limit = 4096 (default)
2019-09-19 09:00:37,482 [main] INFO  impl.RaftServerImpl (ServerState.java:close(394)) - 21f2978a-2ca5-4a16-a721-5bddc1a70383:group-809F860A7E68 closes. The last applied log index is -1
2019-09-19 09:00:37,482 [5794d84d-2349-4704-a7d7-6735dfcfc341:group-33BF8A35A0AC:LeaderElection36] INFO  server.RaftServerConfigKeys (ConfUtils.java:logGet(43)) - raft.server.write.element-limit = 4096 (default)
2019-09-19 09:00:37,482 [21f2978a-2ca5-4a16-a721-5bddc1a70383:group-E4DD330234AB:LeaderElection28] INFO  server.RaftServerConfigKeys (ConfUtils.java:logGet(43)) - raft.server.rpc.sleep.time = 25ms (default)
2019-09-19 09:00:37,482 [0dab3cb5-21ad-4f3e-9c90-05507adcbb62:group-3003CA1BEB96:LeaderElection29] INFO  server.RaftServerConfigKeys (ConfUtils.java:logGet(43)) - raft.server.staging.catchup.gap = 1000 (default)
2019-09-19 09:00:37,481 [5794d84d-2349-4704-a7d7-6735dfcfc341:group-7A30AB7CA3EB:LeaderElection30] INFO  impl.RaftServerImpl (RaftServerImpl.java:setRole(171)) - 5794d84d-2349-4704-a7d7-6735dfcfc341:group-7A30AB7CA3EB changes role from CANDIDATE to LEADER at term 1 for changeToLeader
2019-09-19 09:00:37,490 [0dab3cb5-21ad-4f3e-9c90-05507adcbb62:group-3003CA1BEB96:LeaderElection29] INFO  server.RaftServerConfigKeys (ConfUtils.java:logGet(43)) - raft.server.rpc.sleep.time = 25ms (default)
2019-09-19 09:00:37,490 [21f2978a-2ca5-4a16-a721-5bddc1a70383:group-E4DD330234AB:LeaderElection28] INFO  server.RaftServerConfigKeys (ConfUtils.java:logGet(43)) - raft.server.write.element-limit = 4096 (default)
2019-09-19 09:00:37,490 [5794d84d-2349-4704-a7d7-6735dfcfc341:group-33BF8A35A0AC:LeaderElection36] INFO  server.RaftServerConfigKeys (ConfUtils.java:logGet(43)) - raft.server.watch.timeout = 10s (default)
2019-09-19 09:00:37,490 [21f2978a-2ca5-4a16-a721-5bddc1a70383-SegmentedRaftLogWorker:Storage Directory /workdir/hadoop-ozone/integration-test/target/test-dir/MiniOzoneClusterImpl-efb0e503-cad1-4dcb-a604-0867af0d3cca/datanode-4/data/ratis/c8fda74e-3790-4b14-b862-809f860a7e68] INFO  segmented.SegmentedRaftLogWorker (SegmentedRaftLogWorker.java:run(313)) - 21f2978a-2ca5-4a16-a721-5bddc1a70383-SegmentedRaftLogWorker:Storage Directory /workdir/hadoop-ozone/integration-test/target/test-dir/MiniOzoneClusterImpl-efb0e503-cad1-4dcb-a604-0867af0d3cca/datanode-4/data/ratis/c8fda74e-3790-4b14-b862-809f860a7e68 was interrupted, exiting. There are 0 tasks remaining in the queue.
2019-09-19 09:00:37,489 [5794d84d-2349-4704-a7d7-6735dfcfc341:group-BFEEE9B8618F:LeaderElection24] INFO  server.RaftServerConfigKeys (ConfUtils.java:logGet(43)) - raft.server.watch.timeout = 10s (default)
2019-09-19 09:00:37,489 [21f2978a-2ca5-4a16-a721-5bddc1a70383:group-CFE8E63002C9:LeaderElection32] INFO  server.RaftServerConfigKeys (ConfUtils.java:logGet(43)) - raft.server.write.element-limit = 4096 (default)
2019-09-19 09:00:37,489 [5794d84d-2349-4704-a7d7-6735dfcfc341:group-145AD4BEF4F6:LeaderElection34] INFO  server.RaftServerConfigKeys (ConfUtils.java:logGet(43)) - raft.server.watch.timeout = 10s (default)
2019-09-19 09:00:37,489 [0dab3cb5-21ad-4f3e-9c90-05507adcbb62:group-51DD66138AB9:LeaderElection37] INFO  server.RaftServerConfigKeys (ConfUtils.java:logGet(43)) - raft.server.write.element-limit = 4096 (default)
2019-09-19 09:00:37,489 [0dab3cb5-21ad-4f3e-9c90-05507adcbb62:group-950BA0564D07:LeaderElection41] INFO  server.RaftServerConfigKeys (ConfUtils.java:logGet(43)) - raft.server.watch.timeout = 10s (default)
2019-09-19 09:00:37,488 [0dab3cb5-21ad-4f3e-9c90-05507adcbb62:group-3B6BCE9C15BC:LeaderElection42] INFO  server.RaftServerConfigKeys (ConfUtils.java:logGet(43)) - raft.server.write.element-limit = 4096 (default)
2019-09-19 09:00:37,488 [0dab3cb5-21ad-4f3e-9c90-05507adcbb62:group-FFA31F0FC260:LeaderElection40] INFO  server.RaftServerConfigKeys (ConfUtils.java:logGet(43)) - raft.server.watch.timeout = 10s (default)
2019-09-19 09:00:37,488 [21f2978a-2ca5-4a16-a721-5bddc1a70383:group-809F860A7E68:LeaderElection33] INFO  server.RaftServerConfigKeys (ConfUtils.java:logGet(43)) - raft.server.watch.timeout = 10s (default)
2019-09-19 09:00:37,488 [5794d84d-2349-4704-a7d7-6735dfcfc341:group-1B3CEAAB7C1F:LeaderElection27] INFO  server.RaftServerConfigKeys (ConfUtils.java:logGet(43)) - raft.server.watch.timeout = 10s (default)
2019-09-19 09:00:37,487 [0dab3cb5-21ad-4f3e-9c90-05507adcbb62:group-929403B17E48:LeaderElection38] INFO  server.RaftServerConfigKeys (ConfUtils.java:logGet(43)) - raft.server.write.element-limit = 4096 (default)
2019-09-19 09:00:37,485 [5794d84d-2349-4704-a7d7-6735dfcfc341:group-306361811909:LeaderElection25] INFO  impl.RaftServerImpl (ServerState.java:setLeader(263)) - 5794d84d-2349-4704-a7d7-6735dfcfc341:group-306361811909 change Leader from null to 5794d84d-2349-4704-a7d7-6735dfcfc341 at term 1 for becomeLeader, leader elected after 22345ms
2019-09-19 09:00:37,492 [0dab3cb5-21ad-4f3e-9c90-05507adcbb62:group-929403B17E48:LeaderElection38] INFO  server.RaftServerConfigKeys (ConfUtils.java:logGet(43)) - raft.server.watch.timeout = 10s (default)
2019-09-19 09:00:37,492 [5794d84d-2349-4704-a7d7-6735dfcfc341:group-1B3CEAAB7C1F:LeaderElection27] INFO  server.RaftServerConfigKeys (ConfUtils.java:logGet(43)) - raft.server.watch.timeout.denomination = 1s (default)
2019-09-19 09:00:37,492 [21f2978a-2ca5-4a16-a721-5bddc1a70383:group-809F860A7E68:LeaderElection33] INFO  server.RaftServerConfigKeys (ConfUtils.java:logGet(43)) - raft.server.watch.timeout.denomination = 1s (default)
2019-09-19 09:00:37,492 [0dab3cb5-21ad-4f3e-9c90-05507adcbb62:group-FFA31F0FC260:LeaderElection40] INFO  server.RaftServerConfigKeys (ConfUtils.java:logGet(43)) - raft.server.watch.timeout.denomination = 1s (default)
2019-09-19 09:00:37,492 [0dab3cb5-21ad-4f3e-9c90-05507adcbb62:group-3B6BCE9C15BC:LeaderElection42] INFO  server.RaftServerConfigKeys (ConfUtils.java:logGet(43)) - raft.server.watch.timeout = 10s (default)
2019-09-19 09:00:37,492 [0dab3cb5-21ad-4f3e-9c90-05507adcbb62:group-950BA0564D07:LeaderElection41] INFO  server.RaftServerConfigKeys (ConfUtils.java:logGet(43)) - raft.server.watch.timeout.denomination = 1s (default)
2019-09-19 09:00:37,492 [0dab3cb5-21ad-4f3e-9c90-05507adcbb62:group-51DD66138AB9:LeaderElection37] INFO  server.RaftServerConfigKeys (ConfUtils.java:logGet(43)) - raft.server.watch.timeout = 10s (default)
2019-09-19 09:00:37,493 [0dab3cb5-21ad-4f3e-9c90-05507adcbb62:group-51DD66138AB9:LeaderElection37] INFO  server.RaftServerConfigKeys (ConfUtils.java:logGet(43)) - raft.server.watch.timeout.denomination = 1s (default)
2019-09-19 09:00:37,491 [5794d84d-2349-4704-a7d7-6735dfcfc341:group-145AD4BEF4F6:LeaderElection34] INFO  server.RaftServerConfigKeys (ConfUtils.java:logGet(43)) - raft.server.watch.timeout.denomination = 1s (default)
2019-09-19 09:00:37,491 [21f2978a-2ca5-4a16-a721-5bddc1a70383:group-CFE8E63002C9:LeaderElection32] INFO  server.RaftServerConfigKeys (ConfUtils.java:logGet(43)) - raft.server.watch.timeout = 10s (default)
2019-09-19 09:00:37,491 [5794d84d-2349-4704-a7d7-6735dfcfc341:group-BFEEE9B8618F:LeaderElection24] INFO  server.RaftServerConfigKeys (ConfUtils.java:logGet(43)) - raft.server.watch.timeout.denomination = 1s (default)
2019-09-19 09:00:37,491 [main] INFO  segmented.SegmentedRaftLogWorker (SegmentedRaftLogWorker.java:close(228)) - 21f2978a-2ca5-4a16-a721-5bddc1a70383-SegmentedRaftLogWorker:Storage Directory /workdir/hadoop-ozone/integration-test/target/test-dir/MiniOzoneClusterImpl-efb0e503-cad1-4dcb-a604-0867af0d3cca/datanode-4/data/ratis/c8fda74e-3790-4b14-b862-809f860a7e68 close()
2019-09-19 09:00:37,491 [5794d84d-2349-4704-a7d7-6735dfcfc341:group-33BF8A35A0AC:LeaderElection36] INFO  server.RaftServerConfigKeys (ConfUtils.java:logGet(43)) - raft.server.watch.timeout.denomination = 1s (default)
2019-09-19 09:00:37,491 [21f2978a-2ca5-4a16-a721-5bddc1a70383:group-E4DD330234AB:LeaderElection28] INFO  server.RaftServerConfigKeys (ConfUtils.java:logGet(43)) - raft.server.watch.timeout = 10s (default)
2019-09-19 09:00:37,490 [0dab3cb5-21ad-4f3e-9c90-05507adcbb62:group-3003CA1BEB96:LeaderElection29] INFO  server.RaftServerConfigKeys (ConfUtils.java:logGet(43)) - raft.server.write.element-limit = 4096 (default)
2019-09-19 09:00:37,490 [5794d84d-2349-4704-a7d7-6735dfcfc341:group-7A30AB7CA3EB:LeaderElection30] INFO  impl.RaftServerImpl (ServerState.java:setLeader(263)) - 5794d84d-2349-4704-a7d7-6735dfcfc341:group-7A30AB7CA3EB change Leader from null to 5794d84d-2349-4704-a7d7-6735dfcfc341 at term 1 for becomeLeader, leader elected after 21988ms
2019-09-19 09:00:37,498 [0dab3cb5-21ad-4f3e-9c90-05507adcbb62:group-3003CA1BEB96:LeaderElection29] INFO  server.RaftServerConfigKeys (ConfUtils.java:logGet(43)) - raft.server.watch.timeout = 10s (default)
2019-09-19 09:00:37,498 [21f2978a-2ca5-4a16-a721-5bddc1a70383:group-E4DD330234AB:LeaderElection28] INFO  server.RaftServerConfigKeys (ConfUtils.java:logGet(43)) - raft.server.watch.timeout.denomination = 1s (default)
2019-09-19 09:00:37,497 [5794d84d-2349-4704-a7d7-6735dfcfc341:group-33BF8A35A0AC:LeaderElection36] INFO  server.RaftServerConfigKeys (ConfUtils.java:logGet(43)) - raft.server.watch.element-limit = 65536 (default)
2019-09-19 09:00:37,497 [main] INFO  impl.RaftServerImpl (RaftServerImpl.java:lambda$shutdown$3(245)) - 21f2978a-2ca5-4a16-a721-5bddc1a70383: shutdown group-CFE8E63002C9
2019-09-19 09:00:37,494 [5794d84d-2349-4704-a7d7-6735dfcfc341:group-BFEEE9B8618F:LeaderElection24] INFO  server.RaftServerConfigKeys (ConfUtils.java:logGet(43)) - raft.server.watch.element-limit = 65536 (default)
2019-09-19 09:00:37,494 [21f2978a-2ca5-4a16-a721-5bddc1a70383:group-CFE8E63002C9:LeaderElection32] INFO  server.RaftServerConfigKeys (ConfUtils.java:logGet(43)) - raft.server.watch.timeout.denomination = 1s (default)
2019-09-19 09:00:37,499 [21f2978a-2ca5-4a16-a721-5bddc1a70383:group-CFE8E63002C9:LeaderElection32] INFO  server.RaftServerConfigKeys (ConfUtils.java:logGet(43)) - raft.server.watch.element-limit = 65536 (default)
2019-09-19 09:00:37,494 [5794d84d-2349-4704-a7d7-6735dfcfc341:group-145AD4BEF4F6:LeaderElection34] INFO  server.RaftServerConfigKeys (ConfUtils.java:logGet(43)) - raft.server.watch.element-limit = 65536 (default)
2019-09-19 09:00:37,494 [0dab3cb5-21ad-4f3e-9c90-05507adcbb62:group-51DD66138AB9:LeaderElection37] INFO  server.RaftServerConfigKeys (ConfUtils.java:logGet(43)) - raft.server.watch.element-limit = 65536 (default)
2019-09-19 09:00:37,499 [5794d84d-2349-4704-a7d7-6735dfcfc341:group-145AD4BEF4F6:LeaderElection34] INFO  impl.RoleInfo (RoleInfo.java:updateAndGet(143)) - 5794d84d-2349-4704-a7d7-6735dfcfc341: start LeaderState
2019-09-19 09:00:37,493 [0dab3cb5-21ad-4f3e-9c90-05507adcbb62:group-950BA0564D07:LeaderElection41] INFO  server.RaftServerConfigKeys (ConfUtils.java:logGet(43)) - raft.server.watch.element-limit = 65536 (default)
2019-09-19 09:00:37,493 [0dab3cb5-21ad-4f3e-9c90-05507adcbb62:group-3B6BCE9C15BC:LeaderElection42] INFO  server.RaftServerConfigKeys (ConfUtils.java:logGet(43)) - raft.server.watch.timeout.denomination = 1s (default)
2019-09-19 09:00:37,500 [0dab3cb5-21ad-4f3e-9c90-05507adcbb62:group-950BA0564D07:LeaderElection41] INFO  impl.RoleInfo (RoleInfo.java:updateAndGet(143)) - 0dab3cb5-21ad-4f3e-9c90-05507adcbb62: start LeaderState
2019-09-19 09:00:37,493 [0dab3cb5-21ad-4f3e-9c90-05507adcbb62:group-FFA31F0FC260:LeaderElection40] INFO  server.RaftServerConfigKeys (ConfUtils.java:logGet(43)) - raft.server.watch.element-limit = 65536 (default)
2019-09-19 09:00:37,493 [21f2978a-2ca5-4a16-a721-5bddc1a70383:group-809F860A7E68:LeaderElection33] INFO  server.RaftServerConfigKeys (ConfUtils.java:logGet(43)) - raft.server.watch.element-limit = 65536 (default)
2019-09-19 09:00:37,500 [0dab3cb5-21ad-4f3e-9c90-05507adcbb62:group-FFA31F0FC260:LeaderElection40] INFO  impl.RoleInfo (RoleInfo.java:updateAndGet(143)) - 0dab3cb5-21ad-4f3e-9c90-05507adcbb62: start LeaderState
2019-09-19 09:00:37,493 [5794d84d-2349-4704-a7d7-6735dfcfc341:group-1B3CEAAB7C1F:LeaderElection27] INFO  server.RaftServerConfigKeys (ConfUtils.java:logGet(43)) - raft.server.watch.element-limit = 65536 (default)
2019-09-19 09:00:37,493 [0dab3cb5-21ad-4f3e-9c90-05507adcbb62:group-929403B17E48:LeaderElection38] INFO  server.RaftServerConfigKeys (ConfUtils.java:logGet(43)) - raft.server.watch.timeout.denomination = 1s (default)
2019-09-19 09:00:37,493 [5794d84d-2349-4704-a7d7-6735dfcfc341:group-306361811909:LeaderElection25] INFO  server.RaftServerConfigKeys (ConfUtils.java:logGet(43)) - raft.server.staging.catchup.gap = 1000 (default)
2019-09-19 09:00:37,501 [0dab3cb5-21ad-4f3e-9c90-05507adcbb62:group-929403B17E48:LeaderElection38] INFO  server.RaftServerConfigKeys (ConfUtils.java:logGet(43)) - raft.server.watch.element-limit = 65536 (default)
2019-09-19 09:00:37,501 [5794d84d-2349-4704-a7d7-6735dfcfc341:group-1B3CEAAB7C1F:LeaderElection27] INFO  impl.RoleInfo (RoleInfo.java:updateAndGet(143)) - 5794d84d-2349-4704-a7d7-6735dfcfc341: start LeaderState
2019-09-19 09:00:37,501 [0dab3cb5-21ad-4f3e-9c90-05507adcbb62:group-FFA31F0FC260:LeaderElection40] INFO  segmented.SegmentedRaftLogWorker (SegmentedRaftLogWorker.java:startLogSegment(380)) - 0dab3cb5-21ad-4f3e-9c90-05507adcbb62-SegmentedRaftLogWorker:Storage Directory /workdir/hadoop-ozone/integration-test/target/test-dir/MiniOzoneClusterImpl-efb0e503-cad1-4dcb-a604-0867af0d3cca/datanode-6/data/ratis/0288afaa-53db-48c9-accc-ffa31f0fc260: Starting segment from index:0
2019-09-19 09:00:37,500 [21f2978a-2ca5-4a16-a721-5bddc1a70383:group-809F860A7E68:LeaderElection33] INFO  impl.LeaderElection (LogUtils.java:infoOrTrace(149)) - Failed 21f2978a-2ca5-4a16-a721-5bddc1a70383:group-809F860A7E68:LeaderElection33, state=CLOSING: {}
java.lang.IllegalArgumentException: 21f2978a-2ca5-4a16-a721-5bddc1a70383-SegmentedRaftLog is expected to be opened but it is CLOSED
	at org.apache.ratis.util.OpenCloseState.assertOpen(OpenCloseState.java:63)
	at org.apache.ratis.server.raftlog.RaftLog.checkLogState(RaftLog.java:101)
	at org.apache.ratis.server.raftlog.segmented.SegmentedRaftLog.getLastEntryTermIndex(SegmentedRaftLog.java:263)
	at org.apache.ratis.server.raftlog.RaftLog.getNextIndex(RaftLog.java:147)
	at org.apache.ratis.server.impl.LeaderState.<init>(LeaderState.java:212)
	at org.apache.ratis.server.impl.RoleInfo.startLeaderState(RoleInfo.java:94)
	at org.apache.ratis.server.impl.RaftServerImpl.changeToLeader(RaftServerImpl.java:335)
	at org.apache.ratis.server.impl.LeaderElection.askForVotes(LeaderElection.java:213)
	at org.apache.ratis.server.impl.LeaderElection.run(LeaderElection.java:130)
	at java.lang.Thread.run(Thread.java:748)
Caused by: org.apache.ratis.util.OpenCloseState$CloseTrace: Close 21f2978a-2ca5-4a16-a721-5bddc1a70383-SegmentedRaftLog
	at org.apache.ratis.util.OpenCloseState.lambda$close$1(OpenCloseState.java:109)
	at java.util.concurrent.atomic.AtomicReference.getAndUpdate(AtomicReference.java:160)
	at org.apache.ratis.util.OpenCloseState.close(OpenCloseState.java:109)
	at org.apache.ratis.server.raftlog.RaftLog.close(RaftLog.java:437)
	at org.apache.ratis.server.raftlog.segmented.SegmentedRaftLog.close(SegmentedRaftLog.java:428)
	at org.apache.ratis.server.impl.ServerState.close(ServerState.java:397)
	at org.apache.ratis.server.impl.RaftServerImpl.lambda$shutdown$3(RaftServerImpl.java:267)
	at org.apache.ratis.util.LifeCycle.lambda$checkStateAndClose$2(LifeCycle.java:231)
	at org.apache.ratis.util.LifeCycle.checkStateAndClose(LifeCycle.java:251)
	at org.apache.ratis.util.LifeCycle.checkStateAndClose(LifeCycle.java:229)
	at org.apache.ratis.server.impl.RaftServerImpl.shutdown(RaftServerImpl.java:244)
	at org.apache.ratis.server.impl.RaftServerProxy$ImplMap.lambda$close$0(RaftServerProxy.java:107)
	at java.util.stream.ForEachOps$ForEachOp$OfRef.accept(ForEachOps.java:184)
	at java.util.stream.ReferencePipeline$3$1.accept(ReferencePipeline.java:193)
	at java.util.concurrent.ConcurrentHashMap$ValueSpliterator.forEachRemaining(ConcurrentHashMap.java:3566)
	at java.util.stream.AbstractPipeline.copyInto(AbstractPipeline.java:482)
	at java.util.stream.ForEachOps$ForEachTask.compute(ForEachOps.java:291)
	at java.util.concurrent.CountedCompleter.exec(CountedCompleter.java:731)
	at java.util.concurrent.ForkJoinTask.doExec(ForkJoinTask.java:289)
	at java.util.concurrent.ForkJoinPool.helpComplete(ForkJoinPool.java:1870)
	at java.util.concurrent.ForkJoinPool.externalHelpComplete(ForkJoinPool.java:2467)
	at java.util.concurrent.ForkJoinTask.externalAwaitDone(ForkJoinTask.java:324)
	at java.util.concurrent.ForkJoinTask.doInvoke(ForkJoinTask.java:405)
	at java.util.concurrent.ForkJoinTask.invoke(ForkJoinTask.java:734)
	at java.util.stream.ForEachOps$ForEachOp.evaluateParallel(ForEachOps.java:160)
	at java.util.stream.ForEachOps$ForEachOp$OfRef.evaluateParallel(ForEachOps.java:174)
	at java.util.stream.AbstractPipeline.evaluate(AbstractPipeline.java:233)
	at java.util.stream.ReferencePipeline.forEach(ReferencePipeline.java:418)
	at org.apache.ratis.server.impl.RaftServerProxy$ImplMap.close(RaftServerProxy.java:107)
	at org.apache.ratis.server.impl.RaftServerProxy.lambda$close$4(RaftServerProxy.java:315)
	at org.apache.ratis.util.LifeCycle.lambda$checkStateAndClose$2(LifeCycle.java:231)
	at org.apache.ratis.util.LifeCycle.checkStateAndClose(LifeCycle.java:251)
	at org.apache.ratis.util.LifeCycle.checkStateAndClose(LifeCycle.java:229)
	at org.apache.ratis.server.impl.RaftServerProxy.close(RaftServerProxy.java:313)
	at org.apache.hadoop.ozone.container.common.transport.server.ratis.XceiverServerRatis.stop(XceiverServerRatis.java:434)
	at org.apache.hadoop.ozone.container.ozoneimpl.OzoneContainer.stop(OzoneContainer.java:201)
	at org.apache.hadoop.ozone.container.common.statemachine.DatanodeStateMachine.close(DatanodeStateMachine.java:270)
	at org.apache.hadoop.ozone.container.common.statemachine.DatanodeStateMachine.stopDaemon(DatanodeStateMachine.java:394)
	at org.apache.hadoop.ozone.HddsDatanodeService.stop(HddsDatanodeService.java:458)
	at org.apache.hadoop.ozone.MiniOzoneClusterImpl.lambda$stop$2(MiniOzoneClusterImpl.java:347)
	at java.util.stream.ForEachOps$ForEachOp$OfRef.accept(ForEachOps.java:184)
	at java.util.ArrayList$ArrayListSpliterator.forEachRemaining(ArrayList.java:1382)
	at java.util.stream.AbstractPipeline.copyInto(AbstractPipeline.java:482)
	at java.util.stream.ForEachOps$ForEachTask.compute(ForEachOps.java:291)
	at java.util.concurrent.CountedCompleter.exec(CountedCompleter.java:731)
	at java.util.concurrent.ForkJoinTask.doExec(ForkJoinTask.java:289)
	at java.util.concurrent.ForkJoinTask.doInvoke(ForkJoinTask.java:401)
	at java.util.concurrent.ForkJoinTask.invoke(ForkJoinTask.java:734)
	at java.util.stream.ForEachOps$ForEachOp.evaluateParallel(ForEachOps.java:160)
	at java.util.stream.ForEachOps$ForEachOp$OfRef.evaluateParallel(ForEachOps.java:174)
	at java.util.stream.AbstractPipeline.evaluate(AbstractPipeline.java:233)
	at java.util.stream.ReferencePipeline.forEach(ReferencePipeline.java:418)
	at java.util.stream.ReferencePipeline$Head.forEach(ReferencePipeline.java:583)
	at org.apache.hadoop.ozone.MiniOzoneClusterImpl.stop(MiniOzoneClusterImpl.java:346)
	at org.apache.hadoop.ozone.MiniOzoneClusterImpl.shutdown(MiniOzoneClusterImpl.java:326)
	at org.apache.hadoop.ozone.client.rpc.TestOzoneClientRetriesOnException.shutdown(TestOzoneClientRetriesOnException.java:122)
	at sun.reflect.NativeMethodAccessorImpl.invoke0(Native Method)
	at sun.reflect.NativeMethodAccessorImpl.invoke(NativeMethodAccessorImpl.java:62)
	at sun.reflect.DelegatingMethodAccessorImpl.invoke(DelegatingMethodAccessorImpl.java:43)
	at java.lang.reflect.Method.invoke(Method.java:498)
	at org.junit.runners.model.FrameworkMethod$1.runReflectiveCall(FrameworkMethod.java:47)
	at org.junit.internal.runners.model.ReflectiveCallable.run(ReflectiveCallable.java:12)
	at org.junit.runners.model.FrameworkMethod.invokeExplosively(FrameworkMethod.java:44)
	at org.junit.internal.runners.statements.RunAfters.evaluate(RunAfters.java:33)
	at org.junit.runners.ParentRunner.runLeaf(ParentRunner.java:271)
	at org.junit.runners.BlockJUnit4ClassRunner.runChild(BlockJUnit4ClassRunner.java:70)
	at org.junit.runners.BlockJUnit4ClassRunner.runChild(BlockJUnit4ClassRunner.java:50)
	at org.junit.runners.ParentRunner$3.run(ParentRunner.java:238)
	at org.junit.runners.ParentRunner$1.schedule(ParentRunner.java:63)
	at org.junit.runners.ParentRunner.runChildren(ParentRunner.java:236)
	at org.junit.runners.ParentRunner.access$000(ParentRunner.java:53)
	at org.junit.runners.ParentRunner$2.evaluate(ParentRunner.java:229)
	at org.junit.runners.ParentRunner.run(ParentRunner.java:309)
	at org.apache.maven.surefire.junit4.JUnit4Provider.execute(JUnit4Provider.java:365)
	at org.apache.maven.surefire.junit4.JUnit4Provider.executeWithRerun(JUnit4Provider.java:273)
	at org.apache.maven.surefire.junit4.JUnit4Provider.executeTestSet(JUnit4Provider.java:238)
	at org.apache.maven.surefire.junit4.JUnit4Provider.invoke(JUnit4Provider.java:159)
	at org.apache.maven.surefire.booter.ForkedBooter.invokeProviderInSameClassLoader(ForkedBooter.java:384)
	at org.apache.maven.surefire.booter.ForkedBooter.runSuitesInProcess(ForkedBooter.java:345)
	at org.apache.maven.surefire.booter.ForkedBooter.execute(ForkedBooter.java:126)
	at org.apache.maven.surefire.booter.ForkedBooter.main(ForkedBooter.java:418)
2019-09-19 09:00:37,500 [0dab3cb5-21ad-4f3e-9c90-05507adcbb62:group-950BA0564D07:LeaderElection41] INFO  segmented.SegmentedRaftLogWorker (SegmentedRaftLogWorker.java:startLogSegment(380)) - 0dab3cb5-21ad-4f3e-9c90-05507adcbb62-SegmentedRaftLogWorker:Storage Directory /workdir/hadoop-ozone/integration-test/target/test-dir/MiniOzoneClusterImpl-efb0e503-cad1-4dcb-a604-0867af0d3cca/datanode-6/data/ratis/d6f57f33-2e86-4346-a8c9-950ba0564d07: Starting segment from index:0
2019-09-19 09:00:37,500 [5794d84d-2349-4704-a7d7-6735dfcfc341:group-145AD4BEF4F6:LeaderElection34] INFO  segmented.SegmentedRaftLogWorker (SegmentedRaftLogWorker.java:startLogSegment(380)) - 5794d84d-2349-4704-a7d7-6735dfcfc341-SegmentedRaftLogWorker:Storage Directory /workdir/hadoop-ozone/integration-test/target/test-dir/MiniOzoneClusterImpl-efb0e503-cad1-4dcb-a604-0867af0d3cca/datanode-5/data/ratis/abe87264-7d26-4cd6-9d75-145ad4bef4f6: Starting segment from index:0
2019-09-19 09:00:37,500 [0dab3cb5-21ad-4f3e-9c90-05507adcbb62:group-3B6BCE9C15BC:LeaderElection42] INFO  server.RaftServerConfigKeys (ConfUtils.java:logGet(43)) - raft.server.watch.element-limit = 65536 (default)
2019-09-19 09:00:37,500 [0dab3cb5-21ad-4f3e-9c90-05507adcbb62:group-51DD66138AB9:LeaderElection37] INFO  impl.RoleInfo (RoleInfo.java:updateAndGet(143)) - 0dab3cb5-21ad-4f3e-9c90-05507adcbb62: start LeaderState
2019-09-19 09:00:37,499 [21f2978a-2ca5-4a16-a721-5bddc1a70383:group-CFE8E63002C9:LeaderElection32] INFO  impl.RoleInfo (RoleInfo.java:updateAndGet(143)) - 21f2978a-2ca5-4a16-a721-5bddc1a70383: start LeaderState
2019-09-19 09:00:37,499 [5794d84d-2349-4704-a7d7-6735dfcfc341:group-BFEEE9B8618F:LeaderElection24] INFO  impl.RoleInfo (RoleInfo.java:updateAndGet(143)) - 5794d84d-2349-4704-a7d7-6735dfcfc341: start LeaderState
2019-09-19 09:00:37,499 [main] INFO  util.JmxRegister (JmxRegister.java:unregister(73)) - Successfully un-registered JMX Bean with object name Ratis:service=RaftServer,group=group-CFE8E63002C9,id=21f2978a-2ca5-4a16-a721-5bddc1a70383
2019-09-19 09:00:37,571 [main] INFO  impl.RoleInfo (RoleInfo.java:shutdownLeaderState(104)) - 21f2978a-2ca5-4a16-a721-5bddc1a70383: shutdown LeaderState
2019-09-19 09:00:37,499 [5794d84d-2349-4704-a7d7-6735dfcfc341:group-33BF8A35A0AC:LeaderElection36] INFO  impl.RoleInfo (RoleInfo.java:updateAndGet(143)) - 5794d84d-2349-4704-a7d7-6735dfcfc341: start LeaderState
2019-09-19 09:00:37,498 [21f2978a-2ca5-4a16-a721-5bddc1a70383:group-E4DD330234AB:LeaderElection28] INFO  server.RaftServerConfigKeys (ConfUtils.java:logGet(43)) - raft.server.watch.element-limit = 65536 (default)
2019-09-19 09:00:37,498 [0dab3cb5-21ad-4f3e-9c90-05507adcbb62:group-3003CA1BEB96:LeaderElection29] INFO  server.RaftServerConfigKeys (ConfUtils.java:logGet(43)) - raft.server.watch.timeout.denomination = 1s (default)
2019-09-19 09:00:37,498 [5794d84d-2349-4704-a7d7-6735dfcfc341:group-7A30AB7CA3EB:LeaderElection30] INFO  server.RaftServerConfigKeys (ConfUtils.java:logGet(43)) - raft.server.staging.catchup.gap = 1000 (default)
2019-09-19 09:00:37,572 [0dab3cb5-21ad-4f3e-9c90-05507adcbb62:group-3003CA1BEB96:LeaderElection29] INFO  server.RaftServerConfigKeys (ConfUtils.java:logGet(43)) - raft.server.watch.element-limit = 65536 (default)
2019-09-19 09:00:37,572 [21f2978a-2ca5-4a16-a721-5bddc1a70383:group-E4DD330234AB:LeaderElection28] INFO  impl.RoleInfo (RoleInfo.java:updateAndGet(143)) - 21f2978a-2ca5-4a16-a721-5bddc1a70383: start LeaderState
2019-09-19 09:00:37,572 [5794d84d-2349-4704-a7d7-6735dfcfc341:group-33BF8A35A0AC:LeaderElection36] INFO  segmented.SegmentedRaftLogWorker (SegmentedRaftLogWorker.java:startLogSegment(380)) - 5794d84d-2349-4704-a7d7-6735dfcfc341-SegmentedRaftLogWorker:Storage Directory /workdir/hadoop-ozone/integration-test/target/test-dir/MiniOzoneClusterImpl-efb0e503-cad1-4dcb-a604-0867af0d3cca/datanode-5/data/ratis/11980758-03e1-4f35-a9ba-33bf8a35a0ac: Starting segment from index:0
2019-09-19 09:00:37,571 [main] INFO  impl.PendingRequests (PendingRequests.java:sendNotLeaderResponses(202)) - 21f2978a-2ca5-4a16-a721-5bddc1a70383-PendingRequests: sendNotLeaderResponses
2019-09-19 09:00:37,571 [5794d84d-2349-4704-a7d7-6735dfcfc341:group-BFEEE9B8618F:LeaderElection24] INFO  segmented.SegmentedRaftLogWorker (SegmentedRaftLogWorker.java:startLogSegment(380)) - 5794d84d-2349-4704-a7d7-6735dfcfc341-SegmentedRaftLogWorker:Storage Directory /workdir/hadoop-ozone/integration-test/target/test-dir/MiniOzoneClusterImpl-efb0e503-cad1-4dcb-a604-0867af0d3cca/datanode-5/data/ratis/a44a1323-2629-4d27-b316-bfeee9b8618f: Starting segment from index:0
2019-09-19 09:00:37,570 [21f2978a-2ca5-4a16-a721-5bddc1a70383:group-CFE8E63002C9:LeaderElection32] INFO  segmented.SegmentedRaftLogWorker (SegmentedRaftLogWorker.java:startLogSegment(380)) - 21f2978a-2ca5-4a16-a721-5bddc1a70383-SegmentedRaftLogWorker:Storage Directory /workdir/hadoop-ozone/integration-test/target/test-dir/MiniOzoneClusterImpl-efb0e503-cad1-4dcb-a604-0867af0d3cca/datanode-4/data/ratis/d2a563b9-84c2-4fde-838d-cfe8e63002c9: Starting segment from index:0
2019-09-19 09:00:37,570 [ForkJoinPool.commonPool-worker-1] INFO  statemachine.DatanodeStateMachine (DatanodeStateMachine.java:stopDaemon(395)) - Ozone container server stopped.
2019-09-19 09:00:37,542 [5794d84d-2349-4704-a7d7-6735dfcfc341:group-145AD4BEF4F6:LeaderElection34] INFO  impl.RaftServerImpl (ServerState.java:setRaftConf(361)) - 5794d84d-2349-4704-a7d7-6735dfcfc341:group-145AD4BEF4F6 set configuration 0: [5794d84d-2349-4704-a7d7-6735dfcfc341:192.168.34.5:35329], old=null at 0
2019-09-19 09:00:37,542 [0dab3cb5-21ad-4f3e-9c90-05507adcbb62:group-51DD66138AB9:LeaderElection37] INFO  segmented.SegmentedRaftLogWorker (SegmentedRaftLogWorker.java:startLogSegment(380)) - 0dab3cb5-21ad-4f3e-9c90-05507adcbb62-SegmentedRaftLogWorker:Storage Directory /workdir/hadoop-ozone/integration-test/target/test-dir/MiniOzoneClusterImpl-efb0e503-cad1-4dcb-a604-0867af0d3cca/datanode-6/data/ratis/ac22f13d-f55d-462c-8f7a-51dd66138ab9: Starting segment from index:0
2019-09-19 09:00:37,505 [0dab3cb5-21ad-4f3e-9c90-05507adcbb62:group-950BA0564D07:LeaderElection41] INFO  impl.RaftServerImpl (ServerState.java:setRaftConf(361)) - 0dab3cb5-21ad-4f3e-9c90-05507adcbb62:group-950BA0564D07 set configuration 0: [0dab3cb5-21ad-4f3e-9c90-05507adcbb62:192.168.34.5:45934], old=null at 0
2019-09-19 09:00:37,505 [0dab3cb5-21ad-4f3e-9c90-05507adcbb62:group-3B6BCE9C15BC:LeaderElection42] INFO  impl.RoleInfo (RoleInfo.java:updateAndGet(143)) - 0dab3cb5-21ad-4f3e-9c90-05507adcbb62: start LeaderState
2019-09-19 09:00:37,504 [21f2978a-2ca5-4a16-a721-5bddc1a70383:group-809F860A7E68:LeaderElection33] INFO  impl.LeaderElection (LeaderElection.java:run(141)) - 21f2978a-2ca5-4a16-a721-5bddc1a70383:group-809F860A7E68:LeaderElection33: IllegalArgumentException is safely ignored since this is already CLOSING
2019-09-19 09:00:37,504 [0dab3cb5-21ad-4f3e-9c90-05507adcbb62:group-FFA31F0FC260:LeaderElection40] INFO  impl.RaftServerImpl (ServerState.java:setRaftConf(361)) - 0dab3cb5-21ad-4f3e-9c90-05507adcbb62:group-FFA31F0FC260 set configuration 0: [0dab3cb5-21ad-4f3e-9c90-05507adcbb62:192.168.34.5:45934], old=null at 0
2019-09-19 09:00:37,501 [5794d84d-2349-4704-a7d7-6735dfcfc341:group-1B3CEAAB7C1F:LeaderElection27] INFO  segmented.SegmentedRaftLogWorker (SegmentedRaftLogWorker.java:startLogSegment(380)) - 5794d84d-2349-4704-a7d7-6735dfcfc341-SegmentedRaftLogWorker:Storage Directory /workdir/hadoop-ozone/integration-test/target/test-dir/MiniOzoneClusterImpl-efb0e503-cad1-4dcb-a604-0867af0d3cca/datanode-5/data/ratis/0e074361-411f-4351-8067-1b3ceaab7c1f: Starting segment from index:0
2019-09-19 09:00:37,501 [0dab3cb5-21ad-4f3e-9c90-05507adcbb62:group-929403B17E48:LeaderElection38] INFO  impl.RoleInfo (RoleInfo.java:updateAndGet(143)) - 0dab3cb5-21ad-4f3e-9c90-05507adcbb62: start LeaderState
2019-09-19 09:00:37,713 | INFO  | SCMAudit | user=jenkins1000 | ip=192.168.34.5 | op=SEND_HEARTBEAT {datanodeUUID=5794d84d-2349-4704-a7d7-6735dfcfc341, command=[]} | ret=SUCCESS |  
2019-09-19 09:00:37,501 [5794d84d-2349-4704-a7d7-6735dfcfc341:group-306361811909:LeaderElection25] INFO  server.RaftServerConfigKeys (ConfUtils.java:logGet(43)) - raft.server.rpc.sleep.time = 25ms (default)
2019-09-19 09:00:37,713 [5794d84d-2349-4704-a7d7-6735dfcfc341:group-1B3CEAAB7C1F:LeaderElection27] INFO  impl.RaftServerImpl (ServerState.java:setRaftConf(361)) - 5794d84d-2349-4704-a7d7-6735dfcfc341:group-1B3CEAAB7C1F set configuration 0: [5794d84d-2349-4704-a7d7-6735dfcfc341:192.168.34.5:35329], old=null at 0
2019-09-19 09:00:37,713 [0dab3cb5-21ad-4f3e-9c90-05507adcbb62:group-929403B17E48:LeaderElection38] INFO  segmented.SegmentedRaftLogWorker (SegmentedRaftLogWorker.java:startLogSegment(380)) - 0dab3cb5-21ad-4f3e-9c90-05507adcbb62-SegmentedRaftLogWorker:Storage Directory /workdir/hadoop-ozone/integration-test/target/test-dir/MiniOzoneClusterImpl-efb0e503-cad1-4dcb-a604-0867af0d3cca/datanode-6/data/ratis/1bf8fc97-b510-4e97-a11f-929403b17e48: Starting segment from index:0
2019-09-19 09:00:37,674 [0dab3cb5-21ad-4f3e-9c90-05507adcbb62:group-3B6BCE9C15BC:LeaderElection42] INFO  segmented.SegmentedRaftLogWorker (SegmentedRaftLogWorker.java:startLogSegment(380)) - 0dab3cb5-21ad-4f3e-9c90-05507adcbb62-SegmentedRaftLogWorker:Storage Directory /workdir/hadoop-ozone/integration-test/target/test-dir/MiniOzoneClusterImpl-efb0e503-cad1-4dcb-a604-0867af0d3cca/datanode-6/data/ratis/d7c6e055-02a1-47ca-bb8d-3b6bce9c15bc: Starting segment from index:0
2019-09-19 09:00:37,740 | INFO  | SCMAudit | user=jenkins1000 | ip=192.168.34.5 | op=SEND_HEARTBEAT {datanodeUUID=0dab3cb5-21ad-4f3e-9c90-05507adcbb62, command=[]} | ret=SUCCESS |  
2019-09-19 09:00:37,674 [0dab3cb5-21ad-4f3e-9c90-05507adcbb62:group-51DD66138AB9:LeaderElection37] INFO  impl.RaftServerImpl (ServerState.java:setRaftConf(361)) - 0dab3cb5-21ad-4f3e-9c90-05507adcbb62:group-51DD66138AB9 set configuration 0: [0dab3cb5-21ad-4f3e-9c90-05507adcbb62:192.168.34.5:45934], old=null at 0
2019-09-19 09:00:37,619 [21f2978a-2ca5-4a16-a721-5bddc1a70383:group-CFE8E63002C9:LeaderElection32] INFO  impl.RaftServerImpl (ServerState.java:setRaftConf(361)) - 21f2978a-2ca5-4a16-a721-5bddc1a70383:group-CFE8E63002C9 set configuration 0: [21f2978a-2ca5-4a16-a721-5bddc1a70383:192.168.34.5:38423], old=null at 0
2019-09-19 09:00:37,574 [5794d84d-2349-4704-a7d7-6735dfcfc341:group-BFEEE9B8618F:LeaderElection24] INFO  impl.RaftServerImpl (ServerState.java:setRaftConf(361)) - 5794d84d-2349-4704-a7d7-6735dfcfc341:group-BFEEE9B8618F set configuration 0: [5794d84d-2349-4704-a7d7-6735dfcfc341:192.168.34.5:35329], old=null at 0
2019-09-19 09:00:37,573 [main] INFO  impl.StateMachineUpdater (StateMachineUpdater.java:stopAndJoin(115)) - StateMachineUpdater:21f2978a-2ca5-4a16-a721-5bddc1a70383:group-CFE8E63002C9: set stopIndex = -1
2019-09-19 09:00:37,818 [main] INFO  impl.RaftServerImpl (ServerState.java:close(394)) - 21f2978a-2ca5-4a16-a721-5bddc1a70383:group-CFE8E63002C9 closes. The last applied log index is -1
2019-09-19 09:00:37,573 [5794d84d-2349-4704-a7d7-6735dfcfc341:group-33BF8A35A0AC:LeaderElection36] INFO  impl.RaftServerImpl (ServerState.java:setRaftConf(361)) - 5794d84d-2349-4704-a7d7-6735dfcfc341:group-33BF8A35A0AC set configuration 0: [5794d84d-2349-4704-a7d7-6735dfcfc341:192.168.34.5:35329], old=null at 0
2019-09-19 09:00:37,573 [21f2978a-2ca5-4a16-a721-5bddc1a70383:group-E4DD330234AB:LeaderElection28] INFO  segmented.SegmentedRaftLogWorker (SegmentedRaftLogWorker.java:startLogSegment(380)) - 21f2978a-2ca5-4a16-a721-5bddc1a70383-SegmentedRaftLogWorker:Storage Directory /workdir/hadoop-ozone/integration-test/target/test-dir/MiniOzoneClusterImpl-efb0e503-cad1-4dcb-a604-0867af0d3cca/datanode-4/data/ratis/159b2142-c5d3-4720-b331-e4dd330234ab: Starting segment from index:0
2019-09-19 09:00:37,573 [0dab3cb5-21ad-4f3e-9c90-05507adcbb62:group-3003CA1BEB96:LeaderElection29] INFO  impl.RoleInfo (RoleInfo.java:updateAndGet(143)) - 0dab3cb5-21ad-4f3e-9c90-05507adcbb62: start LeaderState
2019-09-19 09:00:37,572 [5794d84d-2349-4704-a7d7-6735dfcfc341:group-7A30AB7CA3EB:LeaderElection30] INFO  server.RaftServerConfigKeys (ConfUtils.java:logGet(43)) - raft.server.rpc.sleep.time = 25ms (default)
2019-09-19 09:00:37,821 [0dab3cb5-21ad-4f3e-9c90-05507adcbb62:group-3003CA1BEB96:LeaderElection29] INFO  segmented.SegmentedRaftLogWorker (SegmentedRaftLogWorker.java:startLogSegment(380)) - 0dab3cb5-21ad-4f3e-9c90-05507adcbb62-SegmentedRaftLogWorker:Storage Directory /workdir/hadoop-ozone/integration-test/target/test-dir/MiniOzoneClusterImpl-efb0e503-cad1-4dcb-a604-0867af0d3cca/datanode-6/data/ratis/4844bbe1-431e-4c23-b896-3003ca1beb96: Starting segment from index:0
2019-09-19 09:00:37,821 [5794d84d-2349-4704-a7d7-6735dfcfc341:group-7A30AB7CA3EB:LeaderElection30] INFO  server.RaftServerConfigKeys (ConfUtils.java:logGet(43)) - raft.server.write.element-limit = 4096 (default)
2019-09-19 09:00:37,815 [0dab3cb5-21ad-4f3e-9c90-05507adcbb62:group-3B6BCE9C15BC:LeaderElection42] INFO  impl.RaftServerImpl (ServerState.java:setRaftConf(361)) - 0dab3cb5-21ad-4f3e-9c90-05507adcbb62:group-3B6BCE9C15BC set configuration 0: [0dab3cb5-21ad-4f3e-9c90-05507adcbb62:192.168.34.5:45934], old=null at 0
2019-09-19 09:00:37,815 [0dab3cb5-21ad-4f3e-9c90-05507adcbb62-SegmentedRaftLogWorker:Storage Directory /workdir/hadoop-ozone/integration-test/target/test-dir/MiniOzoneClusterImpl-efb0e503-cad1-4dcb-a604-0867af0d3cca/datanode-6/data/ratis/1bf8fc97-b510-4e97-a11f-929403b17e48] INFO  segmented.SegmentedRaftLogWorker (SegmentedRaftLogWorker.java:execute(569)) - 0dab3cb5-21ad-4f3e-9c90-05507adcbb62-SegmentedRaftLogWorker:Storage Directory /workdir/hadoop-ozone/integration-test/target/test-dir/MiniOzoneClusterImpl-efb0e503-cad1-4dcb-a604-0867af0d3cca/datanode-6/data/ratis/1bf8fc97-b510-4e97-a11f-929403b17e48: created new log segment /workdir/hadoop-ozone/integration-test/target/test-dir/MiniOzoneClusterImpl-efb0e503-cad1-4dcb-a604-0867af0d3cca/datanode-6/data/ratis/1bf8fc97-b510-4e97-a11f-929403b17e48/current/log_inprogress_0
2019-09-19 09:00:37,776 [0dab3cb5-21ad-4f3e-9c90-05507adcbb62:group-929403B17E48:LeaderElection38] INFO  impl.RaftServerImpl (ServerState.java:setRaftConf(361)) - 0dab3cb5-21ad-4f3e-9c90-05507adcbb62:group-929403B17E48 set configuration 0: [0dab3cb5-21ad-4f3e-9c90-05507adcbb62:192.168.34.5:45934], old=null at 0
2019-09-19 09:00:37,776 [5794d84d-2349-4704-a7d7-6735dfcfc341-SegmentedRaftLogWorker:Storage Directory /workdir/hadoop-ozone/integration-test/target/test-dir/MiniOzoneClusterImpl-efb0e503-cad1-4dcb-a604-0867af0d3cca/datanode-5/data/ratis/0e074361-411f-4351-8067-1b3ceaab7c1f] INFO  segmented.SegmentedRaftLogWorker (SegmentedRaftLogWorker.java:execute(569)) - 5794d84d-2349-4704-a7d7-6735dfcfc341-SegmentedRaftLogWorker:Storage Directory /workdir/hadoop-ozone/integration-test/target/test-dir/MiniOzoneClusterImpl-efb0e503-cad1-4dcb-a604-0867af0d3cca/datanode-5/data/ratis/0e074361-411f-4351-8067-1b3ceaab7c1f: created new log segment /workdir/hadoop-ozone/integration-test/target/test-dir/MiniOzoneClusterImpl-efb0e503-cad1-4dcb-a604-0867af0d3cca/datanode-5/data/ratis/0e074361-411f-4351-8067-1b3ceaab7c1f/current/log_inprogress_0
2019-09-19 09:00:37,739 [0dab3cb5-21ad-4f3e-9c90-05507adcbb62-SegmentedRaftLogWorker:Storage Directory /workdir/hadoop-ozone/integration-test/target/test-dir/MiniOzoneClusterImpl-efb0e503-cad1-4dcb-a604-0867af0d3cca/datanode-6/data/ratis/0288afaa-53db-48c9-accc-ffa31f0fc260] INFO  segmented.SegmentedRaftLogWorker (SegmentedRaftLogWorker.java:execute(569)) - 0dab3cb5-21ad-4f3e-9c90-05507adcbb62-SegmentedRaftLogWorker:Storage Directory /workdir/hadoop-ozone/integration-test/target/test-dir/MiniOzoneClusterImpl-efb0e503-cad1-4dcb-a604-0867af0d3cca/datanode-6/data/ratis/0288afaa-53db-48c9-accc-ffa31f0fc260: created new log segment /workdir/hadoop-ozone/integration-test/target/test-dir/MiniOzoneClusterImpl-efb0e503-cad1-4dcb-a604-0867af0d3cca/datanode-6/data/ratis/0288afaa-53db-48c9-accc-ffa31f0fc260/current/log_inprogress_0
2019-09-19 09:00:37,739 [0dab3cb5-21ad-4f3e-9c90-05507adcbb62-SegmentedRaftLogWorker:Storage Directory /workdir/hadoop-ozone/integration-test/target/test-dir/MiniOzoneClusterImpl-efb0e503-cad1-4dcb-a604-0867af0d3cca/datanode-6/data/ratis/d6f57f33-2e86-4346-a8c9-950ba0564d07] INFO  segmented.SegmentedRaftLogWorker (SegmentedRaftLogWorker.java:execute(569)) - 0dab3cb5-21ad-4f3e-9c90-05507adcbb62-SegmentedRaftLogWorker:Storage Directory /workdir/hadoop-ozone/integration-test/target/test-dir/MiniOzoneClusterImpl-efb0e503-cad1-4dcb-a604-0867af0d3cca/datanode-6/data/ratis/d6f57f33-2e86-4346-a8c9-950ba0564d07: created new log segment /workdir/hadoop-ozone/integration-test/target/test-dir/MiniOzoneClusterImpl-efb0e503-cad1-4dcb-a604-0867af0d3cca/datanode-6/data/ratis/d6f57f33-2e86-4346-a8c9-950ba0564d07/current/log_inprogress_0
2019-09-19 09:00:37,739 [5794d84d-2349-4704-a7d7-6735dfcfc341-SegmentedRaftLogWorker:Storage Directory /workdir/hadoop-ozone/integration-test/target/test-dir/MiniOzoneClusterImpl-efb0e503-cad1-4dcb-a604-0867af0d3cca/datanode-5/data/ratis/11980758-03e1-4f35-a9ba-33bf8a35a0ac] INFO  segmented.SegmentedRaftLogWorker (SegmentedRaftLogWorker.java:execute(569)) - 5794d84d-2349-4704-a7d7-6735dfcfc341-SegmentedRaftLogWorker:Storage Directory /workdir/hadoop-ozone/integration-test/target/test-dir/MiniOzoneClusterImpl-efb0e503-cad1-4dcb-a604-0867af0d3cca/datanode-5/data/ratis/11980758-03e1-4f35-a9ba-33bf8a35a0ac: created new log segment /workdir/hadoop-ozone/integration-test/target/test-dir/MiniOzoneClusterImpl-efb0e503-cad1-4dcb-a604-0867af0d3cca/datanode-5/data/ratis/11980758-03e1-4f35-a9ba-33bf8a35a0ac/current/log_inprogress_0
2019-09-19 09:00:37,739 [0dab3cb5-21ad-4f3e-9c90-05507adcbb62-SegmentedRaftLogWorker:Storage Directory /workdir/hadoop-ozone/integration-test/target/test-dir/MiniOzoneClusterImpl-efb0e503-cad1-4dcb-a604-0867af0d3cca/datanode-6/data/ratis/ac22f13d-f55d-462c-8f7a-51dd66138ab9] INFO  segmented.SegmentedRaftLogWorker (SegmentedRaftLogWorker.java:execute(569)) - 0dab3cb5-21ad-4f3e-9c90-05507adcbb62-SegmentedRaftLogWorker:Storage Directory /workdir/hadoop-ozone/integration-test/target/test-dir/MiniOzoneClusterImpl-efb0e503-cad1-4dcb-a604-0867af0d3cca/datanode-6/data/ratis/ac22f13d-f55d-462c-8f7a-51dd66138ab9: created new log segment /workdir/hadoop-ozone/integration-test/target/test-dir/MiniOzoneClusterImpl-efb0e503-cad1-4dcb-a604-0867af0d3cca/datanode-6/data/ratis/ac22f13d-f55d-462c-8f7a-51dd66138ab9/current/log_inprogress_0
2019-09-19 09:00:37,739 [21f2978a-2ca5-4a16-a721-5bddc1a70383-SegmentedRaftLogWorker:Storage Directory /workdir/hadoop-ozone/integration-test/target/test-dir/MiniOzoneClusterImpl-efb0e503-cad1-4dcb-a604-0867af0d3cca/datanode-4/data/ratis/d2a563b9-84c2-4fde-838d-cfe8e63002c9] INFO  segmented.SegmentedRaftLogWorker (SegmentedRaftLogWorker.java:execute(569)) - 21f2978a-2ca5-4a16-a721-5bddc1a70383-SegmentedRaftLogWorker:Storage Directory /workdir/hadoop-ozone/integration-test/target/test-dir/MiniOzoneClusterImpl-efb0e503-cad1-4dcb-a604-0867af0d3cca/datanode-4/data/ratis/d2a563b9-84c2-4fde-838d-cfe8e63002c9: created new log segment /workdir/hadoop-ozone/integration-test/target/test-dir/MiniOzoneClusterImpl-efb0e503-cad1-4dcb-a604-0867af0d3cca/datanode-4/data/ratis/d2a563b9-84c2-4fde-838d-cfe8e63002c9/current/log_inprogress_0
2019-09-19 09:00:37,739 [5794d84d-2349-4704-a7d7-6735dfcfc341-SegmentedRaftLogWorker:Storage Directory /workdir/hadoop-ozone/integration-test/target/test-dir/MiniOzoneClusterImpl-efb0e503-cad1-4dcb-a604-0867af0d3cca/datanode-5/data/ratis/abe87264-7d26-4cd6-9d75-145ad4bef4f6] INFO  segmented.SegmentedRaftLogWorker (SegmentedRaftLogWorker.java:execute(569)) - 5794d84d-2349-4704-a7d7-6735dfcfc341-SegmentedRaftLogWorker:Storage Directory /workdir/hadoop-ozone/integration-test/target/test-dir/MiniOzoneClusterImpl-efb0e503-cad1-4dcb-a604-0867af0d3cca/datanode-5/data/ratis/abe87264-7d26-4cd6-9d75-145ad4bef4f6: created new log segment /workdir/hadoop-ozone/integration-test/target/test-dir/MiniOzoneClusterImpl-efb0e503-cad1-4dcb-a604-0867af0d3cca/datanode-5/data/ratis/abe87264-7d26-4cd6-9d75-145ad4bef4f6/current/log_inprogress_0
2019-09-19 09:00:37,739 [5794d84d-2349-4704-a7d7-6735dfcfc341-SegmentedRaftLogWorker:Storage Directory /workdir/hadoop-ozone/integration-test/target/test-dir/MiniOzoneClusterImpl-efb0e503-cad1-4dcb-a604-0867af0d3cca/datanode-5/data/ratis/a44a1323-2629-4d27-b316-bfeee9b8618f] INFO  segmented.SegmentedRaftLogWorker (SegmentedRaftLogWorker.java:execute(569)) - 5794d84d-2349-4704-a7d7-6735dfcfc341-SegmentedRaftLogWorker:Storage Directory /workdir/hadoop-ozone/integration-test/target/test-dir/MiniOzoneClusterImpl-efb0e503-cad1-4dcb-a604-0867af0d3cca/datanode-5/data/ratis/a44a1323-2629-4d27-b316-bfeee9b8618f: created new log segment /workdir/hadoop-ozone/integration-test/target/test-dir/MiniOzoneClusterImpl-efb0e503-cad1-4dcb-a604-0867af0d3cca/datanode-5/data/ratis/a44a1323-2629-4d27-b316-bfeee9b8618f/current/log_inprogress_0
2019-09-19 09:00:37,713 [5794d84d-2349-4704-a7d7-6735dfcfc341:group-306361811909:LeaderElection25] INFO  server.RaftServerConfigKeys (ConfUtils.java:logGet(43)) - raft.server.write.element-limit = 4096 (default)
2019-09-19 09:00:37,867 [main] INFO  segmented.SegmentedRaftLogWorker (SegmentedRaftLogWorker.java:close(228)) - 21f2978a-2ca5-4a16-a721-5bddc1a70383-SegmentedRaftLogWorker:Storage Directory /workdir/hadoop-ozone/integration-test/target/test-dir/MiniOzoneClusterImpl-efb0e503-cad1-4dcb-a604-0867af0d3cca/datanode-4/data/ratis/d2a563b9-84c2-4fde-838d-cfe8e63002c9 close()
2019-09-19 09:00:37,864 [ForkJoinPool.commonPool-worker-1] INFO  handler.ContextHandler (ContextHandler.java:doStop(910)) - Stopped o.e.j.w.WebAppContext@1f536481{/,null,UNAVAILABLE}{/hddsDatanode}
2019-09-19 09:00:37,859 [0dab3cb5-21ad-4f3e-9c90-05507adcbb62-SegmentedRaftLogWorker:Storage Directory /workdir/hadoop-ozone/integration-test/target/test-dir/MiniOzoneClusterImpl-efb0e503-cad1-4dcb-a604-0867af0d3cca/datanode-6/data/ratis/d7c6e055-02a1-47ca-bb8d-3b6bce9c15bc] INFO  segmented.SegmentedRaftLogWorker (SegmentedRaftLogWorker.java:execute(569)) - 0dab3cb5-21ad-4f3e-9c90-05507adcbb62-SegmentedRaftLogWorker:Storage Directory /workdir/hadoop-ozone/integration-test/target/test-dir/MiniOzoneClusterImpl-efb0e503-cad1-4dcb-a604-0867af0d3cca/datanode-6/data/ratis/d7c6e055-02a1-47ca-bb8d-3b6bce9c15bc: created new log segment /workdir/hadoop-ozone/integration-test/target/test-dir/MiniOzoneClusterImpl-efb0e503-cad1-4dcb-a604-0867af0d3cca/datanode-6/data/ratis/d7c6e055-02a1-47ca-bb8d-3b6bce9c15bc/current/log_inprogress_0
2019-09-19 09:00:37,822 [0dab3cb5-21ad-4f3e-9c90-05507adcbb62:group-3003CA1BEB96:LeaderElection29] INFO  impl.RaftServerImpl (ServerState.java:setRaftConf(361)) - 0dab3cb5-21ad-4f3e-9c90-05507adcbb62:group-3003CA1BEB96 set configuration 0: [0dab3cb5-21ad-4f3e-9c90-05507adcbb62:192.168.34.5:45934], old=null at 0
2019-09-19 09:00:37,822 [5794d84d-2349-4704-a7d7-6735dfcfc341:group-7A30AB7CA3EB:LeaderElection30] INFO  server.RaftServerConfigKeys (ConfUtils.java:logGet(43)) - raft.server.watch.timeout = 10s (default)
2019-09-19 09:00:37,821 [21f2978a-2ca5-4a16-a721-5bddc1a70383:group-E4DD330234AB:LeaderElection28] INFO  impl.RaftServerImpl (ServerState.java:setRaftConf(361)) - 21f2978a-2ca5-4a16-a721-5bddc1a70383:group-E4DD330234AB set configuration 0: [21f2978a-2ca5-4a16-a721-5bddc1a70383:192.168.34.5:38423], old=null at 0
2019-09-19 09:00:37,873 [5794d84d-2349-4704-a7d7-6735dfcfc341:group-7A30AB7CA3EB:LeaderElection30] INFO  server.RaftServerConfigKeys (ConfUtils.java:logGet(43)) - raft.server.watch.timeout.denomination = 1s (default)
2019-09-19 09:00:37,871 [main] INFO  impl.RaftServerImpl (RaftServerImpl.java:lambda$shutdown$3(245)) - 21f2978a-2ca5-4a16-a721-5bddc1a70383: shutdown group-E4DD330234AB
2019-09-19 09:00:37,867 [5794d84d-2349-4704-a7d7-6735dfcfc341:group-306361811909:LeaderElection25] INFO  server.RaftServerConfigKeys (ConfUtils.java:logGet(43)) - raft.server.watch.timeout = 10s (default)
2019-09-19 09:00:37,876 [main] INFO  util.JmxRegister (JmxRegister.java:unregister(73)) - Successfully un-registered JMX Bean with object name Ratis:service=RaftServer,group=group-E4DD330234AB,id=21f2978a-2ca5-4a16-a721-5bddc1a70383
2019-09-19 09:00:37,877 [main] INFO  impl.RoleInfo (RoleInfo.java:shutdownLeaderState(104)) - 21f2978a-2ca5-4a16-a721-5bddc1a70383: shutdown LeaderState
2019-09-19 09:00:37,876 [5794d84d-2349-4704-a7d7-6735dfcfc341:group-7A30AB7CA3EB:LeaderElection30] INFO  server.RaftServerConfigKeys (ConfUtils.java:logGet(43)) - raft.server.watch.element-limit = 65536 (default)
2019-09-19 09:00:37,876 [ForkJoinPool.commonPool-worker-1] INFO  server.AbstractConnector (AbstractConnector.java:doStop(318)) - Stopped ServerConnector@5234b61a{HTTP/1.1,[http/1.1]}{0.0.0.0:0}
2019-09-19 09:00:37,877 [5794d84d-2349-4704-a7d7-6735dfcfc341:group-7A30AB7CA3EB:LeaderElection30] INFO  impl.RoleInfo (RoleInfo.java:updateAndGet(143)) - 5794d84d-2349-4704-a7d7-6735dfcfc341: start LeaderState
2019-09-19 09:00:37,877 [main] INFO  impl.PendingRequests (PendingRequests.java:sendNotLeaderResponses(202)) - 21f2978a-2ca5-4a16-a721-5bddc1a70383-PendingRequests: sendNotLeaderResponses
2019-09-19 09:00:37,876 [5794d84d-2349-4704-a7d7-6735dfcfc341:group-306361811909:LeaderElection25] INFO  server.RaftServerConfigKeys (ConfUtils.java:logGet(43)) - raft.server.watch.timeout.denomination = 1s (default)
2019-09-19 09:00:37,880 [main] INFO  impl.StateMachineUpdater (StateMachineUpdater.java:stopAndJoin(115)) - StateMachineUpdater:21f2978a-2ca5-4a16-a721-5bddc1a70383:group-E4DD330234AB: set stopIndex = -1
2019-09-19 09:00:37,881 [main] INFO  impl.RaftServerImpl (ServerState.java:close(394)) - 21f2978a-2ca5-4a16-a721-5bddc1a70383:group-E4DD330234AB closes. The last applied log index is -1
2019-09-19 09:00:37,880 [5794d84d-2349-4704-a7d7-6735dfcfc341:group-7A30AB7CA3EB:LeaderElection30] INFO  segmented.SegmentedRaftLogWorker (SegmentedRaftLogWorker.java:startLogSegment(380)) - 5794d84d-2349-4704-a7d7-6735dfcfc341-SegmentedRaftLogWorker:Storage Directory /workdir/hadoop-ozone/integration-test/target/test-dir/MiniOzoneClusterImpl-efb0e503-cad1-4dcb-a604-0867af0d3cca/datanode-5/data/ratis/51c63c5a-9d4b-49c0-880d-7a30ab7ca3eb: Starting segment from index:0
2019-09-19 09:00:37,880 [ForkJoinPool.commonPool-worker-1] INFO  handler.ContextHandler (ContextHandler.java:doStop(910)) - Stopped o.e.j.s.ServletContextHandler@43d65a81{/static,jar:file:/home/user/.m2/repository/org/apache/hadoop/hadoop-hdds-container-service/0.5.0-SNAPSHOT/hadoop-hdds-container-service-0.5.0-SNAPSHOT.jar!/webapps/static,UNAVAILABLE}
2019-09-19 09:00:37,880 [5794d84d-2349-4704-a7d7-6735dfcfc341:group-306361811909:LeaderElection25] INFO  server.RaftServerConfigKeys (ConfUtils.java:logGet(43)) - raft.server.watch.element-limit = 65536 (default)
2019-09-19 09:00:37,915 [ForkJoinPool.commonPool-worker-1] INFO  handler.ContextHandler (ContextHandler.java:doStop(910)) - Stopped o.e.j.s.ServletContextHandler@22ead351{/logs,file:///workdir/hadoop-ozone/integration-test/target/log,UNAVAILABLE}
2019-09-19 09:00:37,915 [5794d84d-2349-4704-a7d7-6735dfcfc341:group-306361811909:LeaderElection25] INFO  impl.RoleInfo (RoleInfo.java:updateAndGet(143)) - 5794d84d-2349-4704-a7d7-6735dfcfc341: start LeaderState
2019-09-19 09:00:37,915 [5794d84d-2349-4704-a7d7-6735dfcfc341:group-7A30AB7CA3EB:LeaderElection30] INFO  impl.RaftServerImpl (ServerState.java:setRaftConf(361)) - 5794d84d-2349-4704-a7d7-6735dfcfc341:group-7A30AB7CA3EB set configuration 0: [5794d84d-2349-4704-a7d7-6735dfcfc341:192.168.34.5:35329], old=null at 0
2019-09-19 09:00:37,916 [5794d84d-2349-4704-a7d7-6735dfcfc341:group-306361811909:LeaderElection25] INFO  segmented.SegmentedRaftLogWorker (SegmentedRaftLogWorker.java:startLogSegment(380)) - 5794d84d-2349-4704-a7d7-6735dfcfc341-SegmentedRaftLogWorker:Storage Directory /workdir/hadoop-ozone/integration-test/target/test-dir/MiniOzoneClusterImpl-efb0e503-cad1-4dcb-a604-0867af0d3cca/datanode-5/data/ratis/18c18a4f-6f3a-4ce8-a9b7-306361811909: Starting segment from index:0
2019-09-19 09:00:37,919 [ForkJoinPool.commonPool-worker-1] INFO  datanode.ObjectStoreHandler (ObjectStoreHandler.java:close(155)) - Closing ObjectStoreHandler.
2019-09-19 09:00:37,919 [5794d84d-2349-4704-a7d7-6735dfcfc341:group-306361811909:LeaderElection25] INFO  impl.RaftServerImpl (ServerState.java:setRaftConf(361)) - 5794d84d-2349-4704-a7d7-6735dfcfc341:group-306361811909 set configuration 0: [5794d84d-2349-4704-a7d7-6735dfcfc341:192.168.34.5:35329], old=null at 0
2019-09-19 09:00:37,922 [ForkJoinPool.commonPool-worker-1] INFO  ozone.HddsDatanodeService (HddsDatanodeService.java:stop(451)) - Stopped plug-in org.apache.hadoop.ozone.web.OzoneHddsDatanodeService@70881123
2019-09-19 09:00:38,111 [Datanode State Machine Thread - 0] INFO  statemachine.DatanodeStateMachine (DatanodeStateMachine.java:lambda$startDaemon$0(350)) - Ozone container server started.
2019-09-19 09:00:38,112 | INFO  | SCMAudit | user=jenkins1000 | ip=192.168.34.5 | op=SEND_HEARTBEAT {datanodeUUID=188fabf1-fb11-41c2-a0ed-ee400af44df4, command=[]} | ret=SUCCESS |  
2019-09-19 09:00:38,189 | INFO  | SCMAudit | user=jenkins1000 | ip=192.168.34.5 | op=SEND_HEARTBEAT {datanodeUUID=9ec9b7eb-9269-4de4-b0e5-15ac19151471, command=[]} | ret=SUCCESS |  
2019-09-19 09:00:38,617 | INFO  | SCMAudit | user=jenkins1000 | ip=192.168.34.5 | op=SEND_HEARTBEAT {datanodeUUID=5794d84d-2349-4704-a7d7-6735dfcfc341, command=[]} | ret=SUCCESS |  
2019-09-19 09:00:38,713 | INFO  | SCMAudit | user=jenkins1000 | ip=192.168.34.5 | op=SEND_HEARTBEAT {datanodeUUID=0dab3cb5-21ad-4f3e-9c90-05507adcbb62, command=[]} | ret=SUCCESS |  
2019-09-19 09:00:39,112 | INFO  | SCMAudit | user=jenkins1000 | ip=192.168.34.5 | op=SEND_HEARTBEAT {datanodeUUID=188fabf1-fb11-41c2-a0ed-ee400af44df4, command=[]} | ret=SUCCESS |  
2019-09-19 09:00:39,190 | INFO  | SCMAudit | user=jenkins1000 | ip=192.168.34.5 | op=SEND_HEARTBEAT {datanodeUUID=9ec9b7eb-9269-4de4-b0e5-15ac19151471, command=[]} | ret=SUCCESS |  
2019-09-19 09:00:39,617 | INFO  | SCMAudit | user=jenkins1000 | ip=192.168.34.5 | op=SEND_HEARTBEAT {datanodeUUID=5794d84d-2349-4704-a7d7-6735dfcfc341, command=[]} | ret=SUCCESS |  
2019-09-19 09:00:39,714 | INFO  | SCMAudit | user=jenkins1000 | ip=192.168.34.5 | op=SEND_HEARTBEAT {datanodeUUID=0dab3cb5-21ad-4f3e-9c90-05507adcbb62, command=[]} | ret=SUCCESS |  
2019-09-19 09:00:40,113 | INFO  | SCMAudit | user=jenkins1000 | ip=192.168.34.5 | op=SEND_HEARTBEAT {datanodeUUID=188fabf1-fb11-41c2-a0ed-ee400af44df4, command=[]} | ret=SUCCESS |  
2019-09-19 09:00:40,190 | INFO  | SCMAudit | user=jenkins1000 | ip=192.168.34.5 | op=SEND_HEARTBEAT {datanodeUUID=9ec9b7eb-9269-4de4-b0e5-15ac19151471, command=[]} | ret=SUCCESS |  
2019-09-19 09:00:40,617 | INFO  | SCMAudit | user=jenkins1000 | ip=192.168.34.5 | op=SEND_HEARTBEAT {datanodeUUID=5794d84d-2349-4704-a7d7-6735dfcfc341, command=[]} | ret=SUCCESS |  
2019-09-19 09:00:40,715 | INFO  | SCMAudit | user=jenkins1000 | ip=192.168.34.5 | op=SEND_HEARTBEAT {datanodeUUID=0dab3cb5-21ad-4f3e-9c90-05507adcbb62, command=[]} | ret=SUCCESS |  
2019-09-19 09:00:41,112 | INFO  | SCMAudit | user=jenkins1000 | ip=192.168.34.5 | op=SEND_HEARTBEAT {datanodeUUID=188fabf1-fb11-41c2-a0ed-ee400af44df4, command=[]} | ret=SUCCESS |  
2019-09-19 09:00:41,190 | INFO  | SCMAudit | user=jenkins1000 | ip=192.168.34.5 | op=SEND_HEARTBEAT {datanodeUUID=9ec9b7eb-9269-4de4-b0e5-15ac19151471, command=[]} | ret=SUCCESS |  
2019-09-19 09:00:41,617 | INFO  | SCMAudit | user=jenkins1000 | ip=192.168.34.5 | op=SEND_HEARTBEAT {datanodeUUID=5794d84d-2349-4704-a7d7-6735dfcfc341, command=[]} | ret=SUCCESS |  
2019-09-19 09:00:41,714 | INFO  | SCMAudit | user=jenkins1000 | ip=192.168.34.5 | op=SEND_HEARTBEAT {datanodeUUID=0dab3cb5-21ad-4f3e-9c90-05507adcbb62, command=[]} | ret=SUCCESS |  
2019-09-19 09:00:42,112 | INFO  | SCMAudit | user=jenkins1000 | ip=192.168.34.5 | op=SEND_HEARTBEAT {datanodeUUID=188fabf1-fb11-41c2-a0ed-ee400af44df4, command=[]} | ret=SUCCESS |  
2019-09-19 09:00:42,190 | INFO  | SCMAudit | user=jenkins1000 | ip=192.168.34.5 | op=SEND_HEARTBEAT {datanodeUUID=9ec9b7eb-9269-4de4-b0e5-15ac19151471, command=[]} | ret=SUCCESS |  
2019-09-19 09:00:42,618 | INFO  | SCMAudit | user=jenkins1000 | ip=192.168.34.5 | op=SEND_HEARTBEAT {datanodeUUID=5794d84d-2349-4704-a7d7-6735dfcfc341, command=[]} | ret=SUCCESS |  
2019-09-19 09:00:42,716 | INFO  | SCMAudit | user=jenkins1000 | ip=192.168.34.5 | op=SEND_HEARTBEAT {datanodeUUID=0dab3cb5-21ad-4f3e-9c90-05507adcbb62, command=[]} | ret=SUCCESS |  
2019-09-19 09:00:42,923 [ForkJoinPool.commonPool-worker-1] INFO  ozoneimpl.OzoneContainer (OzoneContainer.java:stop(199)) - Attempting to stop container services.
2019-09-19 09:00:42,924 [ForkJoinPool.commonPool-worker-1] INFO  impl.RaftServerProxy (RaftServerProxy.java:lambda$close$4(314)) - cf0fb8b8-922c-4d9e-8ced-919bfd64db77: close
2019-09-19 09:00:42,924 [ForkJoinPool.commonPool-worker-1] INFO  impl.RaftServerImpl (RaftServerImpl.java:lambda$shutdown$3(245)) - cf0fb8b8-922c-4d9e-8ced-919bfd64db77: shutdown group-2EBACE2AFDC4
2019-09-19 09:00:42,924 [ForkJoinPool.commonPool-worker-1] INFO  util.JmxRegister (JmxRegister.java:unregister(73)) - Successfully un-registered JMX Bean with object name Ratis:service=RaftServer,group=group-2EBACE2AFDC4,id=cf0fb8b8-922c-4d9e-8ced-919bfd64db77
2019-09-19 09:00:42,925 [ForkJoinPool.commonPool-worker-1] INFO  impl.RoleInfo (RoleInfo.java:shutdownLeaderState(104)) - cf0fb8b8-922c-4d9e-8ced-919bfd64db77: shutdown LeaderState
2019-09-19 09:00:42,925 [ForkJoinPool.commonPool-worker-1] INFO  impl.PendingRequests (PendingRequests.java:sendNotLeaderResponses(202)) - cf0fb8b8-922c-4d9e-8ced-919bfd64db77-PendingRequests: sendNotLeaderResponses
2019-09-19 09:00:42,926 [ForkJoinPool.commonPool-worker-1] INFO  impl.StateMachineUpdater (StateMachineUpdater.java:stopAndJoin(115)) - StateMachineUpdater:cf0fb8b8-922c-4d9e-8ced-919bfd64db77:group-2EBACE2AFDC4: set stopIndex = 0
2019-09-19 09:00:42,926 [ForkJoinPool.commonPool-worker-1] INFO  impl.RaftServerImpl (ServerState.java:close(394)) - cf0fb8b8-922c-4d9e-8ced-919bfd64db77:group-2EBACE2AFDC4 closes. The last applied log index is 0
2019-09-19 09:00:42,926 [cf0fb8b8-922c-4d9e-8ced-919bfd64db77-SegmentedRaftLogWorker:Storage Directory /workdir/hadoop-ozone/integration-test/target/test-dir/MiniOzoneClusterImpl-efb0e503-cad1-4dcb-a604-0867af0d3cca/datanode-2/data/ratis/fa7ee42f-d75d-43b2-9fae-2ebace2afdc4] INFO  segmented.SegmentedRaftLogWorker (SegmentedRaftLogWorker.java:run(313)) - cf0fb8b8-922c-4d9e-8ced-919bfd64db77-SegmentedRaftLogWorker:Storage Directory /workdir/hadoop-ozone/integration-test/target/test-dir/MiniOzoneClusterImpl-efb0e503-cad1-4dcb-a604-0867af0d3cca/datanode-2/data/ratis/fa7ee42f-d75d-43b2-9fae-2ebace2afdc4 was interrupted, exiting. There are 0 tasks remaining in the queue.
2019-09-19 09:00:42,929 [ForkJoinPool.commonPool-worker-1] INFO  segmented.SegmentedRaftLogWorker (SegmentedRaftLogWorker.java:close(228)) - cf0fb8b8-922c-4d9e-8ced-919bfd64db77-SegmentedRaftLogWorker:Storage Directory /workdir/hadoop-ozone/integration-test/target/test-dir/MiniOzoneClusterImpl-efb0e503-cad1-4dcb-a604-0867af0d3cca/datanode-2/data/ratis/fa7ee42f-d75d-43b2-9fae-2ebace2afdc4 close()
2019-09-19 09:00:42,940 [ForkJoinPool.commonPool-worker-1] INFO  impl.RaftServerImpl (RaftServerImpl.java:lambda$shutdown$3(245)) - cf0fb8b8-922c-4d9e-8ced-919bfd64db77: shutdown group-710B4CF8DD4A
2019-09-19 09:00:42,941 [ForkJoinPool.commonPool-worker-1] INFO  util.JmxRegister (JmxRegister.java:unregister(73)) - Successfully un-registered JMX Bean with object name Ratis:service=RaftServer,group=group-710B4CF8DD4A,id=cf0fb8b8-922c-4d9e-8ced-919bfd64db77
2019-09-19 09:00:42,941 [ForkJoinPool.commonPool-worker-1] INFO  impl.RoleInfo (RoleInfo.java:shutdownLeaderState(104)) - cf0fb8b8-922c-4d9e-8ced-919bfd64db77: shutdown LeaderState
2019-09-19 09:00:42,941 [ForkJoinPool.commonPool-worker-1] INFO  impl.PendingRequests (PendingRequests.java:sendNotLeaderResponses(202)) - cf0fb8b8-922c-4d9e-8ced-919bfd64db77-PendingRequests: sendNotLeaderResponses
2019-09-19 09:00:42,942 [ForkJoinPool.commonPool-worker-1] INFO  impl.StateMachineUpdater (StateMachineUpdater.java:stopAndJoin(115)) - StateMachineUpdater:cf0fb8b8-922c-4d9e-8ced-919bfd64db77:group-710B4CF8DD4A: set stopIndex = 0
2019-09-19 09:00:42,950 [ForkJoinPool.commonPool-worker-1] INFO  impl.RaftServerImpl (ServerState.java:close(394)) - cf0fb8b8-922c-4d9e-8ced-919bfd64db77:group-710B4CF8DD4A closes. The last applied log index is 0
2019-09-19 09:00:42,951 [cf0fb8b8-922c-4d9e-8ced-919bfd64db77-SegmentedRaftLogWorker:Storage Directory /workdir/hadoop-ozone/integration-test/target/test-dir/MiniOzoneClusterImpl-efb0e503-cad1-4dcb-a604-0867af0d3cca/datanode-2/data/ratis/dac29734-09e7-4b9f-b737-710b4cf8dd4a] INFO  segmented.SegmentedRaftLogWorker (SegmentedRaftLogWorker.java:run(313)) - cf0fb8b8-922c-4d9e-8ced-919bfd64db77-SegmentedRaftLogWorker:Storage Directory /workdir/hadoop-ozone/integration-test/target/test-dir/MiniOzoneClusterImpl-efb0e503-cad1-4dcb-a604-0867af0d3cca/datanode-2/data/ratis/dac29734-09e7-4b9f-b737-710b4cf8dd4a was interrupted, exiting. There are 0 tasks remaining in the queue.
2019-09-19 09:00:43,115 | INFO  | SCMAudit | user=jenkins1000 | ip=192.168.34.5 | op=SEND_HEARTBEAT {datanodeUUID=188fabf1-fb11-41c2-a0ed-ee400af44df4, command=[]} | ret=SUCCESS |  
2019-09-19 09:00:43,190 | INFO  | SCMAudit | user=jenkins1000 | ip=192.168.34.5 | op=SEND_HEARTBEAT {datanodeUUID=9ec9b7eb-9269-4de4-b0e5-15ac19151471, command=[]} | ret=SUCCESS |  
2019-09-19 09:00:43,408 [ForkJoinPool.commonPool-worker-1] INFO  segmented.SegmentedRaftLogWorker (SegmentedRaftLogWorker.java:close(228)) - cf0fb8b8-922c-4d9e-8ced-919bfd64db77-SegmentedRaftLogWorker:Storage Directory /workdir/hadoop-ozone/integration-test/target/test-dir/MiniOzoneClusterImpl-efb0e503-cad1-4dcb-a604-0867af0d3cca/datanode-2/data/ratis/dac29734-09e7-4b9f-b737-710b4cf8dd4a close()
2019-09-19 09:00:43,411 [ForkJoinPool.commonPool-worker-1] INFO  impl.RaftServerImpl (RaftServerImpl.java:lambda$shutdown$3(245)) - cf0fb8b8-922c-4d9e-8ced-919bfd64db77: shutdown group-6F89C79E1D89
2019-09-19 09:00:43,412 [ForkJoinPool.commonPool-worker-1] INFO  util.JmxRegister (JmxRegister.java:unregister(73)) - Successfully un-registered JMX Bean with object name Ratis:service=RaftServer,group=group-6F89C79E1D89,id=cf0fb8b8-922c-4d9e-8ced-919bfd64db77
2019-09-19 09:00:43,412 [ForkJoinPool.commonPool-worker-1] INFO  impl.RoleInfo (RoleInfo.java:shutdownLeaderState(104)) - cf0fb8b8-922c-4d9e-8ced-919bfd64db77: shutdown LeaderState
2019-09-19 09:00:43,412 [ForkJoinPool.commonPool-worker-1] INFO  impl.PendingRequests (PendingRequests.java:sendNotLeaderResponses(202)) - cf0fb8b8-922c-4d9e-8ced-919bfd64db77-PendingRequests: sendNotLeaderResponses
2019-09-19 09:00:43,413 [ForkJoinPool.commonPool-worker-1] INFO  impl.StateMachineUpdater (StateMachineUpdater.java:stopAndJoin(115)) - StateMachineUpdater:cf0fb8b8-922c-4d9e-8ced-919bfd64db77:group-6F89C79E1D89: set stopIndex = 0
2019-09-19 09:00:43,414 [ForkJoinPool.commonPool-worker-1] INFO  impl.RaftServerImpl (ServerState.java:close(394)) - cf0fb8b8-922c-4d9e-8ced-919bfd64db77:group-6F89C79E1D89 closes. The last applied log index is 0
2019-09-19 09:00:43,414 [cf0fb8b8-922c-4d9e-8ced-919bfd64db77-SegmentedRaftLogWorker:Storage Directory /workdir/hadoop-ozone/integration-test/target/test-dir/MiniOzoneClusterImpl-efb0e503-cad1-4dcb-a604-0867af0d3cca/datanode-2/data/ratis/87ef9625-d957-4f87-a426-6f89c79e1d89] INFO  segmented.SegmentedRaftLogWorker (SegmentedRaftLogWorker.java:run(313)) - cf0fb8b8-922c-4d9e-8ced-919bfd64db77-SegmentedRaftLogWorker:Storage Directory /workdir/hadoop-ozone/integration-test/target/test-dir/MiniOzoneClusterImpl-efb0e503-cad1-4dcb-a604-0867af0d3cca/datanode-2/data/ratis/87ef9625-d957-4f87-a426-6f89c79e1d89 was interrupted, exiting. There are 0 tasks remaining in the queue.
2019-09-19 09:00:43,414 [ForkJoinPool.commonPool-worker-1] INFO  segmented.SegmentedRaftLogWorker (SegmentedRaftLogWorker.java:close(228)) - cf0fb8b8-922c-4d9e-8ced-919bfd64db77-SegmentedRaftLogWorker:Storage Directory /workdir/hadoop-ozone/integration-test/target/test-dir/MiniOzoneClusterImpl-efb0e503-cad1-4dcb-a604-0867af0d3cca/datanode-2/data/ratis/87ef9625-d957-4f87-a426-6f89c79e1d89 close()
2019-09-19 09:00:43,417 [ForkJoinPool.commonPool-worker-1] INFO  impl.RaftServerImpl (RaftServerImpl.java:lambda$shutdown$3(245)) - cf0fb8b8-922c-4d9e-8ced-919bfd64db77: shutdown group-9E7459EFC0D0
2019-09-19 09:00:43,417 [ForkJoinPool.commonPool-worker-1] INFO  util.JmxRegister (JmxRegister.java:unregister(73)) - Successfully un-registered JMX Bean with object name Ratis:service=RaftServer,group=group-9E7459EFC0D0,id=cf0fb8b8-922c-4d9e-8ced-919bfd64db77
2019-09-19 09:00:43,417 [ForkJoinPool.commonPool-worker-1] INFO  impl.RoleInfo (RoleInfo.java:shutdownLeaderState(104)) - cf0fb8b8-922c-4d9e-8ced-919bfd64db77: shutdown LeaderState
2019-09-19 09:00:43,418 [ForkJoinPool.commonPool-worker-1] INFO  impl.PendingRequests (PendingRequests.java:sendNotLeaderResponses(202)) - cf0fb8b8-922c-4d9e-8ced-919bfd64db77-PendingRequests: sendNotLeaderResponses
2019-09-19 09:00:43,418 [ForkJoinPool.commonPool-worker-1] INFO  impl.StateMachineUpdater (StateMachineUpdater.java:stopAndJoin(115)) - StateMachineUpdater:cf0fb8b8-922c-4d9e-8ced-919bfd64db77:group-9E7459EFC0D0: set stopIndex = 0
2019-09-19 09:00:43,419 [ForkJoinPool.commonPool-worker-1] INFO  impl.RaftServerImpl (ServerState.java:close(394)) - cf0fb8b8-922c-4d9e-8ced-919bfd64db77:group-9E7459EFC0D0 closes. The last applied log index is 0
2019-09-19 09:00:43,419 [cf0fb8b8-922c-4d9e-8ced-919bfd64db77-SegmentedRaftLogWorker:Storage Directory /workdir/hadoop-ozone/integration-test/target/test-dir/MiniOzoneClusterImpl-efb0e503-cad1-4dcb-a604-0867af0d3cca/datanode-2/data/ratis/32ce26aa-64af-4a3c-874f-9e7459efc0d0] INFO  segmented.SegmentedRaftLogWorker (SegmentedRaftLogWorker.java:run(313)) - cf0fb8b8-922c-4d9e-8ced-919bfd64db77-SegmentedRaftLogWorker:Storage Directory /workdir/hadoop-ozone/integration-test/target/test-dir/MiniOzoneClusterImpl-efb0e503-cad1-4dcb-a604-0867af0d3cca/datanode-2/data/ratis/32ce26aa-64af-4a3c-874f-9e7459efc0d0 was interrupted, exiting. There are 0 tasks remaining in the queue.
2019-09-19 09:00:43,419 [ForkJoinPool.commonPool-worker-1] INFO  segmented.SegmentedRaftLogWorker (SegmentedRaftLogWorker.java:close(228)) - cf0fb8b8-922c-4d9e-8ced-919bfd64db77-SegmentedRaftLogWorker:Storage Directory /workdir/hadoop-ozone/integration-test/target/test-dir/MiniOzoneClusterImpl-efb0e503-cad1-4dcb-a604-0867af0d3cca/datanode-2/data/ratis/32ce26aa-64af-4a3c-874f-9e7459efc0d0 close()
2019-09-19 09:00:43,422 [ForkJoinPool.commonPool-worker-1] INFO  impl.RaftServerImpl (RaftServerImpl.java:lambda$shutdown$3(245)) - cf0fb8b8-922c-4d9e-8ced-919bfd64db77: shutdown group-3F40EEF315B2
2019-09-19 09:00:43,422 [ForkJoinPool.commonPool-worker-1] INFO  util.JmxRegister (JmxRegister.java:unregister(73)) - Successfully un-registered JMX Bean with object name Ratis:service=RaftServer,group=group-3F40EEF315B2,id=cf0fb8b8-922c-4d9e-8ced-919bfd64db77
2019-09-19 09:00:43,422 [ForkJoinPool.commonPool-worker-1] INFO  impl.RoleInfo (RoleInfo.java:shutdownLeaderState(104)) - cf0fb8b8-922c-4d9e-8ced-919bfd64db77: shutdown LeaderState
2019-09-19 09:00:43,423 [ForkJoinPool.commonPool-worker-1] INFO  impl.PendingRequests (PendingRequests.java:sendNotLeaderResponses(202)) - cf0fb8b8-922c-4d9e-8ced-919bfd64db77-PendingRequests: sendNotLeaderResponses
2019-09-19 09:00:43,423 [ForkJoinPool.commonPool-worker-1] INFO  impl.StateMachineUpdater (StateMachineUpdater.java:stopAndJoin(115)) - StateMachineUpdater:cf0fb8b8-922c-4d9e-8ced-919bfd64db77:group-3F40EEF315B2: set stopIndex = 0
2019-09-19 09:00:43,423 [ForkJoinPool.commonPool-worker-1] INFO  impl.RaftServerImpl (ServerState.java:close(394)) - cf0fb8b8-922c-4d9e-8ced-919bfd64db77:group-3F40EEF315B2 closes. The last applied log index is 0
2019-09-19 09:00:43,424 [cf0fb8b8-922c-4d9e-8ced-919bfd64db77-SegmentedRaftLogWorker:Storage Directory /workdir/hadoop-ozone/integration-test/target/test-dir/MiniOzoneClusterImpl-efb0e503-cad1-4dcb-a604-0867af0d3cca/datanode-2/data/ratis/bcb21b9a-c930-4877-9447-3f40eef315b2] INFO  segmented.SegmentedRaftLogWorker (SegmentedRaftLogWorker.java:run(313)) - cf0fb8b8-922c-4d9e-8ced-919bfd64db77-SegmentedRaftLogWorker:Storage Directory /workdir/hadoop-ozone/integration-test/target/test-dir/MiniOzoneClusterImpl-efb0e503-cad1-4dcb-a604-0867af0d3cca/datanode-2/data/ratis/bcb21b9a-c930-4877-9447-3f40eef315b2 was interrupted, exiting. There are 0 tasks remaining in the queue.
2019-09-19 09:00:43,424 [ForkJoinPool.commonPool-worker-1] INFO  segmented.SegmentedRaftLogWorker (SegmentedRaftLogWorker.java:close(228)) - cf0fb8b8-922c-4d9e-8ced-919bfd64db77-SegmentedRaftLogWorker:Storage Directory /workdir/hadoop-ozone/integration-test/target/test-dir/MiniOzoneClusterImpl-efb0e503-cad1-4dcb-a604-0867af0d3cca/datanode-2/data/ratis/bcb21b9a-c930-4877-9447-3f40eef315b2 close()
2019-09-19 09:00:43,426 [ForkJoinPool.commonPool-worker-1] INFO  impl.RaftServerImpl (RaftServerImpl.java:lambda$shutdown$3(245)) - cf0fb8b8-922c-4d9e-8ced-919bfd64db77: shutdown group-7D6B68450511
2019-09-19 09:00:43,426 [ForkJoinPool.commonPool-worker-1] INFO  util.JmxRegister (JmxRegister.java:unregister(73)) - Successfully un-registered JMX Bean with object name Ratis:service=RaftServer,group=group-7D6B68450511,id=cf0fb8b8-922c-4d9e-8ced-919bfd64db77
2019-09-19 09:00:43,426 [ForkJoinPool.commonPool-worker-1] INFO  impl.RoleInfo (RoleInfo.java:shutdownLeaderState(104)) - cf0fb8b8-922c-4d9e-8ced-919bfd64db77: shutdown LeaderState
2019-09-19 09:00:43,427 [ForkJoinPool.commonPool-worker-1] INFO  impl.PendingRequests (PendingRequests.java:sendNotLeaderResponses(202)) - cf0fb8b8-922c-4d9e-8ced-919bfd64db77-PendingRequests: sendNotLeaderResponses
2019-09-19 09:00:43,427 [ForkJoinPool.commonPool-worker-1] INFO  impl.StateMachineUpdater (StateMachineUpdater.java:stopAndJoin(115)) - StateMachineUpdater:cf0fb8b8-922c-4d9e-8ced-919bfd64db77:group-7D6B68450511: set stopIndex = 0
2019-09-19 09:00:43,428 [ForkJoinPool.commonPool-worker-1] INFO  impl.RaftServerImpl (ServerState.java:close(394)) - cf0fb8b8-922c-4d9e-8ced-919bfd64db77:group-7D6B68450511 closes. The last applied log index is 0
2019-09-19 09:00:43,428 [cf0fb8b8-922c-4d9e-8ced-919bfd64db77-SegmentedRaftLogWorker:Storage Directory /workdir/hadoop-ozone/integration-test/target/test-dir/MiniOzoneClusterImpl-efb0e503-cad1-4dcb-a604-0867af0d3cca/datanode-2/data/ratis/9db54852-46fc-4ee7-b0d8-7d6b68450511] INFO  segmented.SegmentedRaftLogWorker (SegmentedRaftLogWorker.java:run(313)) - cf0fb8b8-922c-4d9e-8ced-919bfd64db77-SegmentedRaftLogWorker:Storage Directory /workdir/hadoop-ozone/integration-test/target/test-dir/MiniOzoneClusterImpl-efb0e503-cad1-4dcb-a604-0867af0d3cca/datanode-2/data/ratis/9db54852-46fc-4ee7-b0d8-7d6b68450511 was interrupted, exiting. There are 0 tasks remaining in the queue.
2019-09-19 09:00:43,428 [ForkJoinPool.commonPool-worker-1] INFO  segmented.SegmentedRaftLogWorker (SegmentedRaftLogWorker.java:close(228)) - cf0fb8b8-922c-4d9e-8ced-919bfd64db77-SegmentedRaftLogWorker:Storage Directory /workdir/hadoop-ozone/integration-test/target/test-dir/MiniOzoneClusterImpl-efb0e503-cad1-4dcb-a604-0867af0d3cca/datanode-2/data/ratis/9db54852-46fc-4ee7-b0d8-7d6b68450511 close()
2019-09-19 09:00:43,430 [ForkJoinPool.commonPool-worker-1] INFO  server.GrpcService (GrpcService.java:closeImpl(155)) - cf0fb8b8-922c-4d9e-8ced-919bfd64db77: shutdown server with port 43255 now
2019-09-19 09:00:43,433 [ForkJoinPool.commonPool-worker-1] INFO  server.GrpcService (GrpcService.java:closeImpl(163)) - cf0fb8b8-922c-4d9e-8ced-919bfd64db77: shutdown server with port 43255 successfully
2019-09-19 09:00:43,443 [ForkJoinPool.commonPool-worker-1] INFO  utils.BackgroundService (BackgroundService.java:shutdown(148)) - Shutting down service BlockDeletingService
2019-09-19 09:00:43,447 [refreshUsed-/workdir/hadoop-ozone/integration-test/target/test-dir/MiniOzoneClusterImpl-efb0e503-cad1-4dcb-a604-0867af0d3cca/datanode-2/data/containers] WARN  fs.CachingGetSpaceUsed (CachingGetSpaceUsed.java:run(183)) - Thread Interrupted waiting to refresh disk information: sleep interrupted
2019-09-19 09:00:43,473 [ForkJoinPool.commonPool-worker-1] INFO  statemachine.DatanodeStateMachine (DatanodeStateMachine.java:stopDaemon(395)) - Ozone container server stopped.
2019-09-19 09:00:43,478 [ForkJoinPool.commonPool-worker-1] INFO  handler.ContextHandler (ContextHandler.java:doStop(910)) - Stopped o.e.j.w.WebAppContext@291a4791{/,null,UNAVAILABLE}{/hddsDatanode}
2019-09-19 09:00:43,479 [ForkJoinPool.commonPool-worker-1] INFO  server.AbstractConnector (AbstractConnector.java:doStop(318)) - Stopped ServerConnector@5b1e88f{HTTP/1.1,[http/1.1]}{0.0.0.0:0}
2019-09-19 09:00:43,480 [ForkJoinPool.commonPool-worker-1] INFO  handler.ContextHandler (ContextHandler.java:doStop(910)) - Stopped o.e.j.s.ServletContextHandler@7abeabe9{/static,jar:file:/home/user/.m2/repository/org/apache/hadoop/hadoop-hdds-container-service/0.5.0-SNAPSHOT/hadoop-hdds-container-service-0.5.0-SNAPSHOT.jar!/webapps/static,UNAVAILABLE}
2019-09-19 09:00:43,482 [ForkJoinPool.commonPool-worker-1] INFO  handler.ContextHandler (ContextHandler.java:doStop(910)) - Stopped o.e.j.s.ServletContextHandler@251c8145{/logs,file:///workdir/hadoop-ozone/integration-test/target/log,UNAVAILABLE}
2019-09-19 09:00:43,483 [ForkJoinPool.commonPool-worker-1] INFO  datanode.ObjectStoreHandler (ObjectStoreHandler.java:close(155)) - Closing ObjectStoreHandler.
2019-09-19 09:00:43,483 [ForkJoinPool.commonPool-worker-1] INFO  ozone.HddsDatanodeService (HddsDatanodeService.java:stop(451)) - Stopped plug-in org.apache.hadoop.ozone.web.OzoneHddsDatanodeService@40943a6
2019-09-19 09:00:43,618 | INFO  | SCMAudit | user=jenkins1000 | ip=192.168.34.5 | op=SEND_HEARTBEAT {datanodeUUID=5794d84d-2349-4704-a7d7-6735dfcfc341, command=[]} | ret=SUCCESS |  
2019-09-19 09:00:43,716 | INFO  | SCMAudit | user=jenkins1000 | ip=192.168.34.5 | op=SEND_HEARTBEAT {datanodeUUID=0dab3cb5-21ad-4f3e-9c90-05507adcbb62, command=[]} | ret=SUCCESS |  
2019-09-19 09:00:44,113 | INFO  | SCMAudit | user=jenkins1000 | ip=192.168.34.5 | op=SEND_HEARTBEAT {datanodeUUID=188fabf1-fb11-41c2-a0ed-ee400af44df4, command=[]} | ret=SUCCESS |  
2019-09-19 09:00:44,189 [Datanode State Machine Thread - 0] INFO  statemachine.DatanodeStateMachine (DatanodeStateMachine.java:lambda$startDaemon$0(350)) - Ozone container server started.
2019-09-19 09:00:44,617 | INFO  | SCMAudit | user=jenkins1000 | ip=192.168.34.5 | op=SEND_HEARTBEAT {datanodeUUID=5794d84d-2349-4704-a7d7-6735dfcfc341, command=[]} | ret=SUCCESS |  
2019-09-19 09:00:44,716 | INFO  | SCMAudit | user=jenkins1000 | ip=192.168.34.5 | op=SEND_HEARTBEAT {datanodeUUID=0dab3cb5-21ad-4f3e-9c90-05507adcbb62, command=[]} | ret=SUCCESS |  
2019-09-19 09:00:44,894 [5794d84d-2349-4704-a7d7-6735dfcfc341-SegmentedRaftLogWorker:Storage Directory /workdir/hadoop-ozone/integration-test/target/test-dir/MiniOzoneClusterImpl-efb0e503-cad1-4dcb-a604-0867af0d3cca/datanode-5/data/ratis/18c18a4f-6f3a-4ce8-a9b7-306361811909] INFO  segmented.SegmentedRaftLogWorker (SegmentedRaftLogWorker.java:execute(569)) - 5794d84d-2349-4704-a7d7-6735dfcfc341-SegmentedRaftLogWorker:Storage Directory /workdir/hadoop-ozone/integration-test/target/test-dir/MiniOzoneClusterImpl-efb0e503-cad1-4dcb-a604-0867af0d3cca/datanode-5/data/ratis/18c18a4f-6f3a-4ce8-a9b7-306361811909: created new log segment /workdir/hadoop-ozone/integration-test/target/test-dir/MiniOzoneClusterImpl-efb0e503-cad1-4dcb-a604-0867af0d3cca/datanode-5/data/ratis/18c18a4f-6f3a-4ce8-a9b7-306361811909/current/log_inprogress_0
2019-09-19 09:00:44,894 [0dab3cb5-21ad-4f3e-9c90-05507adcbb62-SegmentedRaftLogWorker:Storage Directory /workdir/hadoop-ozone/integration-test/target/test-dir/MiniOzoneClusterImpl-efb0e503-cad1-4dcb-a604-0867af0d3cca/datanode-6/data/ratis/4844bbe1-431e-4c23-b896-3003ca1beb96] INFO  segmented.SegmentedRaftLogWorker (SegmentedRaftLogWorker.java:execute(569)) - 0dab3cb5-21ad-4f3e-9c90-05507adcbb62-SegmentedRaftLogWorker:Storage Directory /workdir/hadoop-ozone/integration-test/target/test-dir/MiniOzoneClusterImpl-efb0e503-cad1-4dcb-a604-0867af0d3cca/datanode-6/data/ratis/4844bbe1-431e-4c23-b896-3003ca1beb96: created new log segment /workdir/hadoop-ozone/integration-test/target/test-dir/MiniOzoneClusterImpl-efb0e503-cad1-4dcb-a604-0867af0d3cca/datanode-6/data/ratis/4844bbe1-431e-4c23-b896-3003ca1beb96/current/log_inprogress_0
2019-09-19 09:00:44,894 [5794d84d-2349-4704-a7d7-6735dfcfc341-SegmentedRaftLogWorker:Storage Directory /workdir/hadoop-ozone/integration-test/target/test-dir/MiniOzoneClusterImpl-efb0e503-cad1-4dcb-a604-0867af0d3cca/datanode-5/data/ratis/51c63c5a-9d4b-49c0-880d-7a30ab7ca3eb] INFO  segmented.SegmentedRaftLogWorker (SegmentedRaftLogWorker.java:execute(569)) - 5794d84d-2349-4704-a7d7-6735dfcfc341-SegmentedRaftLogWorker:Storage Directory /workdir/hadoop-ozone/integration-test/target/test-dir/MiniOzoneClusterImpl-efb0e503-cad1-4dcb-a604-0867af0d3cca/datanode-5/data/ratis/51c63c5a-9d4b-49c0-880d-7a30ab7ca3eb: created new log segment /workdir/hadoop-ozone/integration-test/target/test-dir/MiniOzoneClusterImpl-efb0e503-cad1-4dcb-a604-0867af0d3cca/datanode-5/data/ratis/51c63c5a-9d4b-49c0-880d-7a30ab7ca3eb/current/log_inprogress_0
2019-09-19 09:00:44,895 [21f2978a-2ca5-4a16-a721-5bddc1a70383-SegmentedRaftLogWorker:Storage Directory /workdir/hadoop-ozone/integration-test/target/test-dir/MiniOzoneClusterImpl-efb0e503-cad1-4dcb-a604-0867af0d3cca/datanode-4/data/ratis/159b2142-c5d3-4720-b331-e4dd330234ab] WARN  segmented.SegmentedRaftLogOutputStream (SegmentedRaftLogOutputStream.java:<init>(77)) - Hit IOException while creating log segment /workdir/hadoop-ozone/integration-test/target/test-dir/MiniOzoneClusterImpl-efb0e503-cad1-4dcb-a604-0867af0d3cca/datanode-4/data/ratis/159b2142-c5d3-4720-b331-e4dd330234ab/current/log_inprogress_0, delete the partial file.
2019-09-19 09:00:44,896 [main] INFO  segmented.SegmentedRaftLogWorker (SegmentedRaftLogWorker.java:close(228)) - 21f2978a-2ca5-4a16-a721-5bddc1a70383-SegmentedRaftLogWorker:Storage Directory /workdir/hadoop-ozone/integration-test/target/test-dir/MiniOzoneClusterImpl-efb0e503-cad1-4dcb-a604-0867af0d3cca/datanode-4/data/ratis/159b2142-c5d3-4720-b331-e4dd330234ab close()
2019-09-19 09:00:44,899 [main] INFO  server.GrpcService (GrpcService.java:closeImpl(155)) - 21f2978a-2ca5-4a16-a721-5bddc1a70383: shutdown server with port 38423 now
2019-09-19 09:00:44,902 [main] INFO  server.GrpcService (GrpcService.java:closeImpl(163)) - 21f2978a-2ca5-4a16-a721-5bddc1a70383: shutdown server with port 38423 successfully
2019-09-19 09:00:44,912 [main] INFO  utils.BackgroundService (BackgroundService.java:shutdown(148)) - Shutting down service BlockDeletingService
2019-09-19 09:00:44,917 [refreshUsed-/workdir/hadoop-ozone/integration-test/target/test-dir/MiniOzoneClusterImpl-efb0e503-cad1-4dcb-a604-0867af0d3cca/datanode-4/data/containers] WARN  fs.CachingGetSpaceUsed (CachingGetSpaceUsed.java:run(183)) - Thread Interrupted waiting to refresh disk information: sleep interrupted
2019-09-19 09:00:44,939 [main] INFO  statemachine.DatanodeStateMachine (DatanodeStateMachine.java:stopDaemon(395)) - Ozone container server stopped.
2019-09-19 09:00:44,941 [main] INFO  handler.ContextHandler (ContextHandler.java:doStop(910)) - Stopped o.e.j.w.WebAppContext@2d237460{/,null,UNAVAILABLE}{/hddsDatanode}
2019-09-19 09:00:44,942 [main] INFO  server.AbstractConnector (AbstractConnector.java:doStop(318)) - Stopped ServerConnector@48f2054d{HTTP/1.1,[http/1.1]}{0.0.0.0:0}
2019-09-19 09:00:44,943 [main] INFO  handler.ContextHandler (ContextHandler.java:doStop(910)) - Stopped o.e.j.s.ServletContextHandler@154b8cb6{/static,jar:file:/home/user/.m2/repository/org/apache/hadoop/hadoop-hdds-container-service/0.5.0-SNAPSHOT/hadoop-hdds-container-service-0.5.0-SNAPSHOT.jar!/webapps/static,UNAVAILABLE}
2019-09-19 09:00:44,944 [main] INFO  handler.ContextHandler (ContextHandler.java:doStop(910)) - Stopped o.e.j.s.ServletContextHandler@1c7f9861{/logs,file:///workdir/hadoop-ozone/integration-test/target/log,UNAVAILABLE}
2019-09-19 09:00:44,945 [main] INFO  datanode.ObjectStoreHandler (ObjectStoreHandler.java:close(155)) - Closing ObjectStoreHandler.
2019-09-19 09:00:44,946 [main] INFO  ozone.HddsDatanodeService (HddsDatanodeService.java:stop(451)) - Stopped plug-in org.apache.hadoop.ozone.web.OzoneHddsDatanodeService@22a4ca4a
2019-09-19 09:00:45,112 [Datanode State Machine Thread - 0] INFO  statemachine.DatanodeStateMachine (DatanodeStateMachine.java:lambda$startDaemon$0(350)) - Ozone container server started.
2019-09-19 09:00:45,617 | INFO  | SCMAudit | user=jenkins1000 | ip=192.168.34.5 | op=SEND_HEARTBEAT {datanodeUUID=5794d84d-2349-4704-a7d7-6735dfcfc341, command=[]} | ret=SUCCESS |  
2019-09-19 09:00:45,716 | INFO  | SCMAudit | user=jenkins1000 | ip=192.168.34.5 | op=SEND_HEARTBEAT {datanodeUUID=0dab3cb5-21ad-4f3e-9c90-05507adcbb62, command=[]} | ret=SUCCESS |  
2019-09-19 09:00:46,617 | INFO  | SCMAudit | user=jenkins1000 | ip=192.168.34.5 | op=SEND_HEARTBEAT {datanodeUUID=5794d84d-2349-4704-a7d7-6735dfcfc341, command=[]} | ret=SUCCESS |  
2019-09-19 09:00:46,717 | INFO  | SCMAudit | user=jenkins1000 | ip=192.168.34.5 | op=SEND_HEARTBEAT {datanodeUUID=0dab3cb5-21ad-4f3e-9c90-05507adcbb62, command=[]} | ret=SUCCESS |  
2019-09-19 09:00:47,617 | INFO  | SCMAudit | user=jenkins1000 | ip=192.168.34.5 | op=SEND_HEARTBEAT {datanodeUUID=5794d84d-2349-4704-a7d7-6735dfcfc341, command=[]} | ret=SUCCESS |  
2019-09-19 09:00:47,717 | INFO  | SCMAudit | user=jenkins1000 | ip=192.168.34.5 | op=SEND_HEARTBEAT {datanodeUUID=0dab3cb5-21ad-4f3e-9c90-05507adcbb62, command=[]} | ret=SUCCESS |  
2019-09-19 09:00:48,484 [ForkJoinPool.commonPool-worker-1] INFO  ozoneimpl.OzoneContainer (OzoneContainer.java:stop(199)) - Attempting to stop container services.
2019-09-19 09:00:48,485 [ForkJoinPool.commonPool-worker-1] INFO  impl.RaftServerProxy (RaftServerProxy.java:lambda$close$4(314)) - 9ec9b7eb-9269-4de4-b0e5-15ac19151471: close
2019-09-19 09:00:48,485 [ForkJoinPool.commonPool-worker-1] INFO  impl.RaftServerImpl (RaftServerImpl.java:lambda$shutdown$3(245)) - 9ec9b7eb-9269-4de4-b0e5-15ac19151471: shutdown group-6962F2081F75
2019-09-19 09:00:48,486 [ForkJoinPool.commonPool-worker-1] INFO  util.JmxRegister (JmxRegister.java:unregister(73)) - Successfully un-registered JMX Bean with object name Ratis:service=RaftServer,group=group-6962F2081F75,id=9ec9b7eb-9269-4de4-b0e5-15ac19151471
2019-09-19 09:00:48,486 [ForkJoinPool.commonPool-worker-1] INFO  impl.RoleInfo (RoleInfo.java:shutdownLeaderState(104)) - 9ec9b7eb-9269-4de4-b0e5-15ac19151471: shutdown LeaderState
2019-09-19 09:00:48,487 [ForkJoinPool.commonPool-worker-1] INFO  impl.PendingRequests (PendingRequests.java:sendNotLeaderResponses(202)) - 9ec9b7eb-9269-4de4-b0e5-15ac19151471-PendingRequests: sendNotLeaderResponses
2019-09-19 09:00:48,487 [ForkJoinPool.commonPool-worker-1] INFO  impl.StateMachineUpdater (StateMachineUpdater.java:stopAndJoin(115)) - StateMachineUpdater:9ec9b7eb-9269-4de4-b0e5-15ac19151471:group-6962F2081F75: set stopIndex = 0
2019-09-19 09:00:48,487 [ForkJoinPool.commonPool-worker-1] INFO  impl.RaftServerImpl (ServerState.java:close(394)) - 9ec9b7eb-9269-4de4-b0e5-15ac19151471:group-6962F2081F75 closes. The last applied log index is 0
2019-09-19 09:00:48,488 [9ec9b7eb-9269-4de4-b0e5-15ac19151471-SegmentedRaftLogWorker:Storage Directory /workdir/hadoop-ozone/integration-test/target/test-dir/MiniOzoneClusterImpl-efb0e503-cad1-4dcb-a604-0867af0d3cca/datanode-0/data/ratis/d7bc11cb-e91a-4c84-9522-6962f2081f75] INFO  segmented.SegmentedRaftLogWorker (SegmentedRaftLogWorker.java:run(313)) - 9ec9b7eb-9269-4de4-b0e5-15ac19151471-SegmentedRaftLogWorker:Storage Directory /workdir/hadoop-ozone/integration-test/target/test-dir/MiniOzoneClusterImpl-efb0e503-cad1-4dcb-a604-0867af0d3cca/datanode-0/data/ratis/d7bc11cb-e91a-4c84-9522-6962f2081f75 was interrupted, exiting. There are 0 tasks remaining in the queue.
2019-09-19 09:00:48,489 [ForkJoinPool.commonPool-worker-1] INFO  segmented.SegmentedRaftLogWorker (SegmentedRaftLogWorker.java:close(228)) - 9ec9b7eb-9269-4de4-b0e5-15ac19151471-SegmentedRaftLogWorker:Storage Directory /workdir/hadoop-ozone/integration-test/target/test-dir/MiniOzoneClusterImpl-efb0e503-cad1-4dcb-a604-0867af0d3cca/datanode-0/data/ratis/d7bc11cb-e91a-4c84-9522-6962f2081f75 close()
2019-09-19 09:00:48,492 [ForkJoinPool.commonPool-worker-1] INFO  impl.RaftServerImpl (RaftServerImpl.java:lambda$shutdown$3(245)) - 9ec9b7eb-9269-4de4-b0e5-15ac19151471: shutdown group-334515934BFD
2019-09-19 09:00:48,492 [ForkJoinPool.commonPool-worker-1] INFO  util.JmxRegister (JmxRegister.java:unregister(73)) - Successfully un-registered JMX Bean with object name Ratis:service=RaftServer,group=group-334515934BFD,id=9ec9b7eb-9269-4de4-b0e5-15ac19151471
2019-09-19 09:00:48,493 [ForkJoinPool.commonPool-worker-1] INFO  impl.RoleInfo (RoleInfo.java:shutdownLeaderState(104)) - 9ec9b7eb-9269-4de4-b0e5-15ac19151471: shutdown LeaderState
2019-09-19 09:00:48,493 [ForkJoinPool.commonPool-worker-1] INFO  impl.PendingRequests (PendingRequests.java:sendNotLeaderResponses(202)) - 9ec9b7eb-9269-4de4-b0e5-15ac19151471-PendingRequests: sendNotLeaderResponses
2019-09-19 09:00:48,494 [ForkJoinPool.commonPool-worker-1] INFO  impl.StateMachineUpdater (StateMachineUpdater.java:stopAndJoin(115)) - StateMachineUpdater:9ec9b7eb-9269-4de4-b0e5-15ac19151471:group-334515934BFD: set stopIndex = 0
2019-09-19 09:00:48,494 [ForkJoinPool.commonPool-worker-1] INFO  impl.RaftServerImpl (ServerState.java:close(394)) - 9ec9b7eb-9269-4de4-b0e5-15ac19151471:group-334515934BFD closes. The last applied log index is 0
2019-09-19 09:00:48,494 [9ec9b7eb-9269-4de4-b0e5-15ac19151471-SegmentedRaftLogWorker:Storage Directory /workdir/hadoop-ozone/integration-test/target/test-dir/MiniOzoneClusterImpl-efb0e503-cad1-4dcb-a604-0867af0d3cca/datanode-0/data/ratis/18a0436a-23eb-4862-8bb9-334515934bfd] INFO  segmented.SegmentedRaftLogWorker (SegmentedRaftLogWorker.java:run(313)) - 9ec9b7eb-9269-4de4-b0e5-15ac19151471-SegmentedRaftLogWorker:Storage Directory /workdir/hadoop-ozone/integration-test/target/test-dir/MiniOzoneClusterImpl-efb0e503-cad1-4dcb-a604-0867af0d3cca/datanode-0/data/ratis/18a0436a-23eb-4862-8bb9-334515934bfd was interrupted, exiting. There are 0 tasks remaining in the queue.
2019-09-19 09:00:48,495 [ForkJoinPool.commonPool-worker-1] INFO  segmented.SegmentedRaftLogWorker (SegmentedRaftLogWorker.java:close(228)) - 9ec9b7eb-9269-4de4-b0e5-15ac19151471-SegmentedRaftLogWorker:Storage Directory /workdir/hadoop-ozone/integration-test/target/test-dir/MiniOzoneClusterImpl-efb0e503-cad1-4dcb-a604-0867af0d3cca/datanode-0/data/ratis/18a0436a-23eb-4862-8bb9-334515934bfd close()
2019-09-19 09:00:48,504 [ForkJoinPool.commonPool-worker-1] INFO  impl.RaftServerImpl (RaftServerImpl.java:lambda$shutdown$3(245)) - 9ec9b7eb-9269-4de4-b0e5-15ac19151471: shutdown group-6BE23C15E828
2019-09-19 09:00:48,505 [ForkJoinPool.commonPool-worker-1] INFO  util.JmxRegister (JmxRegister.java:unregister(73)) - Successfully un-registered JMX Bean with object name Ratis:service=RaftServer,group=group-6BE23C15E828,id=9ec9b7eb-9269-4de4-b0e5-15ac19151471
2019-09-19 09:00:48,505 [ForkJoinPool.commonPool-worker-1] INFO  impl.RoleInfo (RoleInfo.java:shutdownLeaderState(104)) - 9ec9b7eb-9269-4de4-b0e5-15ac19151471: shutdown LeaderState
2019-09-19 09:00:48,505 [ForkJoinPool.commonPool-worker-1] INFO  impl.PendingRequests (PendingRequests.java:sendNotLeaderResponses(202)) - 9ec9b7eb-9269-4de4-b0e5-15ac19151471-PendingRequests: sendNotLeaderResponses
2019-09-19 09:00:48,505 [ForkJoinPool.commonPool-worker-1] INFO  impl.StateMachineUpdater (StateMachineUpdater.java:stopAndJoin(115)) - StateMachineUpdater:9ec9b7eb-9269-4de4-b0e5-15ac19151471:group-6BE23C15E828: set stopIndex = 0
2019-09-19 09:00:48,506 [ForkJoinPool.commonPool-worker-1] INFO  impl.RaftServerImpl (ServerState.java:close(394)) - 9ec9b7eb-9269-4de4-b0e5-15ac19151471:group-6BE23C15E828 closes. The last applied log index is 0
2019-09-19 09:00:48,506 [9ec9b7eb-9269-4de4-b0e5-15ac19151471-SegmentedRaftLogWorker:Storage Directory /workdir/hadoop-ozone/integration-test/target/test-dir/MiniOzoneClusterImpl-efb0e503-cad1-4dcb-a604-0867af0d3cca/datanode-0/data/ratis/38c49526-e6cf-45cb-8f78-6be23c15e828] INFO  segmented.SegmentedRaftLogWorker (SegmentedRaftLogWorker.java:run(313)) - 9ec9b7eb-9269-4de4-b0e5-15ac19151471-SegmentedRaftLogWorker:Storage Directory /workdir/hadoop-ozone/integration-test/target/test-dir/MiniOzoneClusterImpl-efb0e503-cad1-4dcb-a604-0867af0d3cca/datanode-0/data/ratis/38c49526-e6cf-45cb-8f78-6be23c15e828 was interrupted, exiting. There are 0 tasks remaining in the queue.
2019-09-19 09:00:48,507 [ForkJoinPool.commonPool-worker-1] INFO  segmented.SegmentedRaftLogWorker (SegmentedRaftLogWorker.java:close(228)) - 9ec9b7eb-9269-4de4-b0e5-15ac19151471-SegmentedRaftLogWorker:Storage Directory /workdir/hadoop-ozone/integration-test/target/test-dir/MiniOzoneClusterImpl-efb0e503-cad1-4dcb-a604-0867af0d3cca/datanode-0/data/ratis/38c49526-e6cf-45cb-8f78-6be23c15e828 close()
2019-09-19 09:00:48,507 [ForkJoinPool.commonPool-worker-1] INFO  impl.RaftServerImpl (RaftServerImpl.java:lambda$shutdown$3(245)) - 9ec9b7eb-9269-4de4-b0e5-15ac19151471: shutdown group-1C6A5B4B399C
2019-09-19 09:00:48,507 [ForkJoinPool.commonPool-worker-1] INFO  util.JmxRegister (JmxRegister.java:unregister(73)) - Successfully un-registered JMX Bean with object name Ratis:service=RaftServer,group=group-1C6A5B4B399C,id=9ec9b7eb-9269-4de4-b0e5-15ac19151471
2019-09-19 09:00:48,508 [ForkJoinPool.commonPool-worker-1] INFO  impl.RoleInfo (RoleInfo.java:shutdownLeaderState(104)) - 9ec9b7eb-9269-4de4-b0e5-15ac19151471: shutdown LeaderState
2019-09-19 09:00:48,508 [ForkJoinPool.commonPool-worker-1] INFO  impl.PendingRequests (PendingRequests.java:sendNotLeaderResponses(202)) - 9ec9b7eb-9269-4de4-b0e5-15ac19151471-PendingRequests: sendNotLeaderResponses
2019-09-19 09:00:48,508 [ForkJoinPool.commonPool-worker-1] INFO  impl.StateMachineUpdater (StateMachineUpdater.java:stopAndJoin(115)) - StateMachineUpdater:9ec9b7eb-9269-4de4-b0e5-15ac19151471:group-1C6A5B4B399C: set stopIndex = 0
2019-09-19 09:00:48,508 [ForkJoinPool.commonPool-worker-1] INFO  impl.RaftServerImpl (ServerState.java:close(394)) - 9ec9b7eb-9269-4de4-b0e5-15ac19151471:group-1C6A5B4B399C closes. The last applied log index is 0
2019-09-19 09:00:48,509 [9ec9b7eb-9269-4de4-b0e5-15ac19151471-SegmentedRaftLogWorker:Storage Directory /workdir/hadoop-ozone/integration-test/target/test-dir/MiniOzoneClusterImpl-efb0e503-cad1-4dcb-a604-0867af0d3cca/datanode-0/data/ratis/20289028-6ed9-49c4-9ec9-1c6a5b4b399c] INFO  segmented.SegmentedRaftLogWorker (SegmentedRaftLogWorker.java:run(313)) - 9ec9b7eb-9269-4de4-b0e5-15ac19151471-SegmentedRaftLogWorker:Storage Directory /workdir/hadoop-ozone/integration-test/target/test-dir/MiniOzoneClusterImpl-efb0e503-cad1-4dcb-a604-0867af0d3cca/datanode-0/data/ratis/20289028-6ed9-49c4-9ec9-1c6a5b4b399c was interrupted, exiting. There are 0 tasks remaining in the queue.
2019-09-19 09:00:48,509 [ForkJoinPool.commonPool-worker-1] INFO  segmented.SegmentedRaftLogWorker (SegmentedRaftLogWorker.java:close(228)) - 9ec9b7eb-9269-4de4-b0e5-15ac19151471-SegmentedRaftLogWorker:Storage Directory /workdir/hadoop-ozone/integration-test/target/test-dir/MiniOzoneClusterImpl-efb0e503-cad1-4dcb-a604-0867af0d3cca/datanode-0/data/ratis/20289028-6ed9-49c4-9ec9-1c6a5b4b399c close()
2019-09-19 09:00:48,510 [ForkJoinPool.commonPool-worker-1] INFO  impl.RaftServerImpl (RaftServerImpl.java:lambda$shutdown$3(245)) - 9ec9b7eb-9269-4de4-b0e5-15ac19151471: shutdown group-4A6BE8B4DA4B
2019-09-19 09:00:48,510 [ForkJoinPool.commonPool-worker-1] INFO  util.JmxRegister (JmxRegister.java:unregister(73)) - Successfully un-registered JMX Bean with object name Ratis:service=RaftServer,group=group-4A6BE8B4DA4B,id=9ec9b7eb-9269-4de4-b0e5-15ac19151471
2019-09-19 09:00:48,510 [ForkJoinPool.commonPool-worker-1] INFO  impl.RoleInfo (RoleInfo.java:shutdownLeaderState(104)) - 9ec9b7eb-9269-4de4-b0e5-15ac19151471: shutdown LeaderState
2019-09-19 09:00:48,510 [ForkJoinPool.commonPool-worker-1] INFO  impl.PendingRequests (PendingRequests.java:sendNotLeaderResponses(202)) - 9ec9b7eb-9269-4de4-b0e5-15ac19151471-PendingRequests: sendNotLeaderResponses
2019-09-19 09:00:48,511 [ForkJoinPool.commonPool-worker-1] INFO  impl.StateMachineUpdater (StateMachineUpdater.java:stopAndJoin(115)) - StateMachineUpdater:9ec9b7eb-9269-4de4-b0e5-15ac19151471:group-4A6BE8B4DA4B: set stopIndex = 0
2019-09-19 09:00:48,511 [ForkJoinPool.commonPool-worker-1] INFO  impl.RaftServerImpl (ServerState.java:close(394)) - 9ec9b7eb-9269-4de4-b0e5-15ac19151471:group-4A6BE8B4DA4B closes. The last applied log index is 0
2019-09-19 09:00:48,512 [9ec9b7eb-9269-4de4-b0e5-15ac19151471-SegmentedRaftLogWorker:Storage Directory /workdir/hadoop-ozone/integration-test/target/test-dir/MiniOzoneClusterImpl-efb0e503-cad1-4dcb-a604-0867af0d3cca/datanode-0/data/ratis/ec3f90a0-4aba-49d5-a43f-4a6be8b4da4b] INFO  segmented.SegmentedRaftLogWorker (SegmentedRaftLogWorker.java:run(313)) - 9ec9b7eb-9269-4de4-b0e5-15ac19151471-SegmentedRaftLogWorker:Storage Directory /workdir/hadoop-ozone/integration-test/target/test-dir/MiniOzoneClusterImpl-efb0e503-cad1-4dcb-a604-0867af0d3cca/datanode-0/data/ratis/ec3f90a0-4aba-49d5-a43f-4a6be8b4da4b was interrupted, exiting. There are 0 tasks remaining in the queue.
2019-09-19 09:00:48,512 [ForkJoinPool.commonPool-worker-1] INFO  segmented.SegmentedRaftLogWorker (SegmentedRaftLogWorker.java:close(228)) - 9ec9b7eb-9269-4de4-b0e5-15ac19151471-SegmentedRaftLogWorker:Storage Directory /workdir/hadoop-ozone/integration-test/target/test-dir/MiniOzoneClusterImpl-efb0e503-cad1-4dcb-a604-0867af0d3cca/datanode-0/data/ratis/ec3f90a0-4aba-49d5-a43f-4a6be8b4da4b close()
2019-09-19 09:00:48,512 [ForkJoinPool.commonPool-worker-1] INFO  impl.RaftServerImpl (RaftServerImpl.java:lambda$shutdown$3(245)) - 9ec9b7eb-9269-4de4-b0e5-15ac19151471: shutdown group-33D1D1F0C02D
2019-09-19 09:00:48,513 [ForkJoinPool.commonPool-worker-1] INFO  util.JmxRegister (JmxRegister.java:unregister(73)) - Successfully un-registered JMX Bean with object name Ratis:service=RaftServer,group=group-33D1D1F0C02D,id=9ec9b7eb-9269-4de4-b0e5-15ac19151471
2019-09-19 09:00:48,513 [ForkJoinPool.commonPool-worker-1] INFO  impl.RoleInfo (RoleInfo.java:shutdownLeaderState(104)) - 9ec9b7eb-9269-4de4-b0e5-15ac19151471: shutdown LeaderState
2019-09-19 09:00:48,513 [ForkJoinPool.commonPool-worker-1] INFO  impl.PendingRequests (PendingRequests.java:sendNotLeaderResponses(202)) - 9ec9b7eb-9269-4de4-b0e5-15ac19151471-PendingRequests: sendNotLeaderResponses
2019-09-19 09:00:48,514 [ForkJoinPool.commonPool-worker-1] INFO  impl.StateMachineUpdater (StateMachineUpdater.java:stopAndJoin(115)) - StateMachineUpdater:9ec9b7eb-9269-4de4-b0e5-15ac19151471:group-33D1D1F0C02D: set stopIndex = 0
2019-09-19 09:00:48,514 [ForkJoinPool.commonPool-worker-1] INFO  impl.RaftServerImpl (ServerState.java:close(394)) - 9ec9b7eb-9269-4de4-b0e5-15ac19151471:group-33D1D1F0C02D closes. The last applied log index is 0
2019-09-19 09:00:48,515 [9ec9b7eb-9269-4de4-b0e5-15ac19151471-SegmentedRaftLogWorker:Storage Directory /workdir/hadoop-ozone/integration-test/target/test-dir/MiniOzoneClusterImpl-efb0e503-cad1-4dcb-a604-0867af0d3cca/datanode-0/data/ratis/f78c82a0-24bb-4e7c-833b-33d1d1f0c02d] INFO  segmented.SegmentedRaftLogWorker (SegmentedRaftLogWorker.java:run(313)) - 9ec9b7eb-9269-4de4-b0e5-15ac19151471-SegmentedRaftLogWorker:Storage Directory /workdir/hadoop-ozone/integration-test/target/test-dir/MiniOzoneClusterImpl-efb0e503-cad1-4dcb-a604-0867af0d3cca/datanode-0/data/ratis/f78c82a0-24bb-4e7c-833b-33d1d1f0c02d was interrupted, exiting. There are 0 tasks remaining in the queue.
2019-09-19 09:00:48,515 [ForkJoinPool.commonPool-worker-1] INFO  segmented.SegmentedRaftLogWorker (SegmentedRaftLogWorker.java:close(228)) - 9ec9b7eb-9269-4de4-b0e5-15ac19151471-SegmentedRaftLogWorker:Storage Directory /workdir/hadoop-ozone/integration-test/target/test-dir/MiniOzoneClusterImpl-efb0e503-cad1-4dcb-a604-0867af0d3cca/datanode-0/data/ratis/f78c82a0-24bb-4e7c-833b-33d1d1f0c02d close()
2019-09-19 09:00:48,515 [ForkJoinPool.commonPool-worker-1] INFO  server.GrpcService (GrpcService.java:closeImpl(155)) - 9ec9b7eb-9269-4de4-b0e5-15ac19151471: shutdown server with port 41076 now
2019-09-19 09:00:48,518 [ForkJoinPool.commonPool-worker-1] INFO  server.GrpcService (GrpcService.java:closeImpl(163)) - 9ec9b7eb-9269-4de4-b0e5-15ac19151471: shutdown server with port 41076 successfully
2019-09-19 09:00:48,524 [ForkJoinPool.commonPool-worker-1] INFO  utils.BackgroundService (BackgroundService.java:shutdown(148)) - Shutting down service BlockDeletingService
2019-09-19 09:00:48,529 [refreshUsed-/workdir/hadoop-ozone/integration-test/target/test-dir/MiniOzoneClusterImpl-efb0e503-cad1-4dcb-a604-0867af0d3cca/datanode-0/data/containers] WARN  fs.CachingGetSpaceUsed (CachingGetSpaceUsed.java:run(183)) - Thread Interrupted waiting to refresh disk information: sleep interrupted
2019-09-19 09:00:48,548 [ForkJoinPool.commonPool-worker-1] INFO  statemachine.DatanodeStateMachine (DatanodeStateMachine.java:stopDaemon(395)) - Ozone container server stopped.
2019-09-19 09:00:48,553 [ForkJoinPool.commonPool-worker-1] INFO  handler.ContextHandler (ContextHandler.java:doStop(910)) - Stopped o.e.j.w.WebAppContext@76ad6715{/,null,UNAVAILABLE}{/hddsDatanode}
2019-09-19 09:00:48,554 [ForkJoinPool.commonPool-worker-1] INFO  server.AbstractConnector (AbstractConnector.java:doStop(318)) - Stopped ServerConnector@56637cff{HTTP/1.1,[http/1.1]}{0.0.0.0:0}
2019-09-19 09:00:48,555 [ForkJoinPool.commonPool-worker-1] INFO  handler.ContextHandler (ContextHandler.java:doStop(910)) - Stopped o.e.j.s.ServletContextHandler@44cffc25{/static,jar:file:/home/user/.m2/repository/org/apache/hadoop/hadoop-hdds-container-service/0.5.0-SNAPSHOT/hadoop-hdds-container-service-0.5.0-SNAPSHOT.jar!/webapps/static,UNAVAILABLE}
2019-09-19 09:00:48,557 [ForkJoinPool.commonPool-worker-1] INFO  handler.ContextHandler (ContextHandler.java:doStop(910)) - Stopped o.e.j.s.ServletContextHandler@671d1157{/logs,file:///workdir/hadoop-ozone/integration-test/target/log,UNAVAILABLE}
2019-09-19 09:00:48,558 [ForkJoinPool.commonPool-worker-1] INFO  datanode.ObjectStoreHandler (ObjectStoreHandler.java:close(155)) - Closing ObjectStoreHandler.
2019-09-19 09:00:48,559 [ForkJoinPool.commonPool-worker-1] INFO  ozone.HddsDatanodeService (HddsDatanodeService.java:stop(451)) - Stopped plug-in org.apache.hadoop.ozone.web.OzoneHddsDatanodeService@14b95942
2019-09-19 09:00:48,617 | INFO  | SCMAudit | user=jenkins1000 | ip=192.168.34.5 | op=SEND_HEARTBEAT {datanodeUUID=5794d84d-2349-4704-a7d7-6735dfcfc341, command=[]} | ret=SUCCESS |  
2019-09-19 09:00:48,716 [Datanode State Machine Thread - 0] INFO  statemachine.DatanodeStateMachine (DatanodeStateMachine.java:lambda$startDaemon$0(350)) - Ozone container server started.
2019-09-19 09:00:49,617 | INFO  | SCMAudit | user=jenkins1000 | ip=192.168.34.5 | op=SEND_HEARTBEAT {datanodeUUID=5794d84d-2349-4704-a7d7-6735dfcfc341, command=[]} | ret=SUCCESS |  
2019-09-19 09:00:49,947 [main] INFO  ozoneimpl.OzoneContainer (OzoneContainer.java:stop(199)) - Attempting to stop container services.
2019-09-19 09:00:49,948 [main] INFO  impl.RaftServerProxy (RaftServerProxy.java:lambda$close$4(314)) - 188fabf1-fb11-41c2-a0ed-ee400af44df4: close
2019-09-19 09:00:49,949 [main] INFO  impl.RaftServerImpl (RaftServerImpl.java:lambda$shutdown$3(245)) - 188fabf1-fb11-41c2-a0ed-ee400af44df4: shutdown group-C982510021E1
2019-09-19 09:00:49,949 [main] INFO  util.JmxRegister (JmxRegister.java:unregister(73)) - Successfully un-registered JMX Bean with object name Ratis:service=RaftServer,group=group-C982510021E1,id=188fabf1-fb11-41c2-a0ed-ee400af44df4
2019-09-19 09:00:49,950 [main] INFO  impl.RoleInfo (RoleInfo.java:shutdownLeaderState(104)) - 188fabf1-fb11-41c2-a0ed-ee400af44df4: shutdown LeaderState
2019-09-19 09:00:49,950 [main] INFO  impl.PendingRequests (PendingRequests.java:sendNotLeaderResponses(202)) - 188fabf1-fb11-41c2-a0ed-ee400af44df4-PendingRequests: sendNotLeaderResponses
2019-09-19 09:00:49,951 [main] INFO  impl.StateMachineUpdater (StateMachineUpdater.java:stopAndJoin(115)) - StateMachineUpdater:188fabf1-fb11-41c2-a0ed-ee400af44df4:group-C982510021E1: set stopIndex = 0
2019-09-19 09:00:49,951 [main] INFO  impl.RaftServerImpl (ServerState.java:close(394)) - 188fabf1-fb11-41c2-a0ed-ee400af44df4:group-C982510021E1 closes. The last applied log index is 0
2019-09-19 09:00:49,952 [188fabf1-fb11-41c2-a0ed-ee400af44df4-SegmentedRaftLogWorker:Storage Directory /workdir/hadoop-ozone/integration-test/target/test-dir/MiniOzoneClusterImpl-efb0e503-cad1-4dcb-a604-0867af0d3cca/datanode-3/data/ratis/1489f6a4-263f-4d60-a575-c982510021e1] INFO  segmented.SegmentedRaftLogWorker (SegmentedRaftLogWorker.java:run(313)) - 188fabf1-fb11-41c2-a0ed-ee400af44df4-SegmentedRaftLogWorker:Storage Directory /workdir/hadoop-ozone/integration-test/target/test-dir/MiniOzoneClusterImpl-efb0e503-cad1-4dcb-a604-0867af0d3cca/datanode-3/data/ratis/1489f6a4-263f-4d60-a575-c982510021e1 was interrupted, exiting. There are 0 tasks remaining in the queue.
2019-09-19 09:00:49,952 [main] INFO  segmented.SegmentedRaftLogWorker (SegmentedRaftLogWorker.java:close(228)) - 188fabf1-fb11-41c2-a0ed-ee400af44df4-SegmentedRaftLogWorker:Storage Directory /workdir/hadoop-ozone/integration-test/target/test-dir/MiniOzoneClusterImpl-efb0e503-cad1-4dcb-a604-0867af0d3cca/datanode-3/data/ratis/1489f6a4-263f-4d60-a575-c982510021e1 close()
2019-09-19 09:00:49,953 [main] INFO  impl.RaftServerImpl (RaftServerImpl.java:lambda$shutdown$3(245)) - 188fabf1-fb11-41c2-a0ed-ee400af44df4: shutdown group-D23DC481535B
2019-09-19 09:00:49,953 [main] INFO  util.JmxRegister (JmxRegister.java:unregister(73)) - Successfully un-registered JMX Bean with object name Ratis:service=RaftServer,group=group-D23DC481535B,id=188fabf1-fb11-41c2-a0ed-ee400af44df4
2019-09-19 09:00:49,954 [main] INFO  impl.RoleInfo (RoleInfo.java:shutdownLeaderState(104)) - 188fabf1-fb11-41c2-a0ed-ee400af44df4: shutdown LeaderState
2019-09-19 09:00:49,954 [main] INFO  impl.PendingRequests (PendingRequests.java:sendNotLeaderResponses(202)) - 188fabf1-fb11-41c2-a0ed-ee400af44df4-PendingRequests: sendNotLeaderResponses
2019-09-19 09:00:49,955 [main] INFO  impl.StateMachineUpdater (StateMachineUpdater.java:stopAndJoin(115)) - StateMachineUpdater:188fabf1-fb11-41c2-a0ed-ee400af44df4:group-D23DC481535B: set stopIndex = 0
2019-09-19 09:00:49,955 [main] INFO  impl.RaftServerImpl (ServerState.java:close(394)) - 188fabf1-fb11-41c2-a0ed-ee400af44df4:group-D23DC481535B closes. The last applied log index is 0
2019-09-19 09:00:49,956 [188fabf1-fb11-41c2-a0ed-ee400af44df4-SegmentedRaftLogWorker:Storage Directory /workdir/hadoop-ozone/integration-test/target/test-dir/MiniOzoneClusterImpl-efb0e503-cad1-4dcb-a604-0867af0d3cca/datanode-3/data/ratis/d7df432a-97a3-4640-b344-d23dc481535b] INFO  segmented.SegmentedRaftLogWorker (SegmentedRaftLogWorker.java:run(313)) - 188fabf1-fb11-41c2-a0ed-ee400af44df4-SegmentedRaftLogWorker:Storage Directory /workdir/hadoop-ozone/integration-test/target/test-dir/MiniOzoneClusterImpl-efb0e503-cad1-4dcb-a604-0867af0d3cca/datanode-3/data/ratis/d7df432a-97a3-4640-b344-d23dc481535b was interrupted, exiting. There are 0 tasks remaining in the queue.
2019-09-19 09:00:49,956 [main] INFO  segmented.SegmentedRaftLogWorker (SegmentedRaftLogWorker.java:close(228)) - 188fabf1-fb11-41c2-a0ed-ee400af44df4-SegmentedRaftLogWorker:Storage Directory /workdir/hadoop-ozone/integration-test/target/test-dir/MiniOzoneClusterImpl-efb0e503-cad1-4dcb-a604-0867af0d3cca/datanode-3/data/ratis/d7df432a-97a3-4640-b344-d23dc481535b close()
2019-09-19 09:00:49,957 [main] INFO  impl.RaftServerImpl (RaftServerImpl.java:lambda$shutdown$3(245)) - 188fabf1-fb11-41c2-a0ed-ee400af44df4: shutdown group-CCDA13B72EDA
2019-09-19 09:00:49,957 [main] INFO  util.JmxRegister (JmxRegister.java:unregister(73)) - Successfully un-registered JMX Bean with object name Ratis:service=RaftServer,group=group-CCDA13B72EDA,id=188fabf1-fb11-41c2-a0ed-ee400af44df4
2019-09-19 09:00:49,958 [main] INFO  impl.RoleInfo (RoleInfo.java:shutdownLeaderState(104)) - 188fabf1-fb11-41c2-a0ed-ee400af44df4: shutdown LeaderState
2019-09-19 09:00:49,958 [main] INFO  impl.PendingRequests (PendingRequests.java:sendNotLeaderResponses(202)) - 188fabf1-fb11-41c2-a0ed-ee400af44df4-PendingRequests: sendNotLeaderResponses
2019-09-19 09:00:49,959 [main] INFO  impl.StateMachineUpdater (StateMachineUpdater.java:stopAndJoin(115)) - StateMachineUpdater:188fabf1-fb11-41c2-a0ed-ee400af44df4:group-CCDA13B72EDA: set stopIndex = 0
2019-09-19 09:00:49,959 [main] INFO  impl.RaftServerImpl (ServerState.java:close(394)) - 188fabf1-fb11-41c2-a0ed-ee400af44df4:group-CCDA13B72EDA closes. The last applied log index is 0
2019-09-19 09:00:49,960 [188fabf1-fb11-41c2-a0ed-ee400af44df4-SegmentedRaftLogWorker:Storage Directory /workdir/hadoop-ozone/integration-test/target/test-dir/MiniOzoneClusterImpl-efb0e503-cad1-4dcb-a604-0867af0d3cca/datanode-3/data/ratis/40e0aba0-c5cb-40b7-aefb-ccda13b72eda] INFO  segmented.SegmentedRaftLogWorker (SegmentedRaftLogWorker.java:run(313)) - 188fabf1-fb11-41c2-a0ed-ee400af44df4-SegmentedRaftLogWorker:Storage Directory /workdir/hadoop-ozone/integration-test/target/test-dir/MiniOzoneClusterImpl-efb0e503-cad1-4dcb-a604-0867af0d3cca/datanode-3/data/ratis/40e0aba0-c5cb-40b7-aefb-ccda13b72eda was interrupted, exiting. There are 0 tasks remaining in the queue.
2019-09-19 09:00:49,960 [main] INFO  segmented.SegmentedRaftLogWorker (SegmentedRaftLogWorker.java:close(228)) - 188fabf1-fb11-41c2-a0ed-ee400af44df4-SegmentedRaftLogWorker:Storage Directory /workdir/hadoop-ozone/integration-test/target/test-dir/MiniOzoneClusterImpl-efb0e503-cad1-4dcb-a604-0867af0d3cca/datanode-3/data/ratis/40e0aba0-c5cb-40b7-aefb-ccda13b72eda close()
2019-09-19 09:00:49,961 [main] INFO  impl.RaftServerImpl (RaftServerImpl.java:lambda$shutdown$3(245)) - 188fabf1-fb11-41c2-a0ed-ee400af44df4: shutdown group-599BB36B41D5
2019-09-19 09:00:49,961 [main] INFO  util.JmxRegister (JmxRegister.java:unregister(73)) - Successfully un-registered JMX Bean with object name Ratis:service=RaftServer,group=group-599BB36B41D5,id=188fabf1-fb11-41c2-a0ed-ee400af44df4
2019-09-19 09:00:49,961 [main] INFO  impl.RoleInfo (RoleInfo.java:shutdownLeaderState(104)) - 188fabf1-fb11-41c2-a0ed-ee400af44df4: shutdown LeaderState
2019-09-19 09:00:49,962 [main] INFO  impl.PendingRequests (PendingRequests.java:sendNotLeaderResponses(202)) - 188fabf1-fb11-41c2-a0ed-ee400af44df4-PendingRequests: sendNotLeaderResponses
2019-09-19 09:00:49,962 [main] INFO  impl.StateMachineUpdater (StateMachineUpdater.java:stopAndJoin(115)) - StateMachineUpdater:188fabf1-fb11-41c2-a0ed-ee400af44df4:group-599BB36B41D5: set stopIndex = 0
2019-09-19 09:00:49,963 [main] INFO  impl.RaftServerImpl (ServerState.java:close(394)) - 188fabf1-fb11-41c2-a0ed-ee400af44df4:group-599BB36B41D5 closes. The last applied log index is 0
2019-09-19 09:00:49,963 [188fabf1-fb11-41c2-a0ed-ee400af44df4-SegmentedRaftLogWorker:Storage Directory /workdir/hadoop-ozone/integration-test/target/test-dir/MiniOzoneClusterImpl-efb0e503-cad1-4dcb-a604-0867af0d3cca/datanode-3/data/ratis/26bf317f-a549-4325-8660-599bb36b41d5] INFO  segmented.SegmentedRaftLogWorker (SegmentedRaftLogWorker.java:run(313)) - 188fabf1-fb11-41c2-a0ed-ee400af44df4-SegmentedRaftLogWorker:Storage Directory /workdir/hadoop-ozone/integration-test/target/test-dir/MiniOzoneClusterImpl-efb0e503-cad1-4dcb-a604-0867af0d3cca/datanode-3/data/ratis/26bf317f-a549-4325-8660-599bb36b41d5 was interrupted, exiting. There are 0 tasks remaining in the queue.
2019-09-19 09:00:49,964 [main] INFO  segmented.SegmentedRaftLogWorker (SegmentedRaftLogWorker.java:close(228)) - 188fabf1-fb11-41c2-a0ed-ee400af44df4-SegmentedRaftLogWorker:Storage Directory /workdir/hadoop-ozone/integration-test/target/test-dir/MiniOzoneClusterImpl-efb0e503-cad1-4dcb-a604-0867af0d3cca/datanode-3/data/ratis/26bf317f-a549-4325-8660-599bb36b41d5 close()
2019-09-19 09:00:49,964 [main] INFO  impl.RaftServerImpl (RaftServerImpl.java:lambda$shutdown$3(245)) - 188fabf1-fb11-41c2-a0ed-ee400af44df4: shutdown group-41F2F838C5D1
2019-09-19 09:00:49,965 [main] INFO  util.JmxRegister (JmxRegister.java:unregister(73)) - Successfully un-registered JMX Bean with object name Ratis:service=RaftServer,group=group-41F2F838C5D1,id=188fabf1-fb11-41c2-a0ed-ee400af44df4
2019-09-19 09:00:49,965 [main] INFO  impl.RoleInfo (RoleInfo.java:shutdownLeaderState(104)) - 188fabf1-fb11-41c2-a0ed-ee400af44df4: shutdown LeaderState
2019-09-19 09:00:49,966 [main] INFO  impl.PendingRequests (PendingRequests.java:sendNotLeaderResponses(202)) - 188fabf1-fb11-41c2-a0ed-ee400af44df4-PendingRequests: sendNotLeaderResponses
2019-09-19 09:00:49,966 [main] INFO  impl.StateMachineUpdater (StateMachineUpdater.java:stopAndJoin(115)) - StateMachineUpdater:188fabf1-fb11-41c2-a0ed-ee400af44df4:group-41F2F838C5D1: set stopIndex = 0
2019-09-19 09:00:49,967 [main] INFO  impl.RaftServerImpl (ServerState.java:close(394)) - 188fabf1-fb11-41c2-a0ed-ee400af44df4:group-41F2F838C5D1 closes. The last applied log index is 0
2019-09-19 09:00:49,967 [188fabf1-fb11-41c2-a0ed-ee400af44df4-SegmentedRaftLogWorker:Storage Directory /workdir/hadoop-ozone/integration-test/target/test-dir/MiniOzoneClusterImpl-efb0e503-cad1-4dcb-a604-0867af0d3cca/datanode-3/data/ratis/5d12f27d-601f-4bfb-a6ac-41f2f838c5d1] INFO  segmented.SegmentedRaftLogWorker (SegmentedRaftLogWorker.java:run(313)) - 188fabf1-fb11-41c2-a0ed-ee400af44df4-SegmentedRaftLogWorker:Storage Directory /workdir/hadoop-ozone/integration-test/target/test-dir/MiniOzoneClusterImpl-efb0e503-cad1-4dcb-a604-0867af0d3cca/datanode-3/data/ratis/5d12f27d-601f-4bfb-a6ac-41f2f838c5d1 was interrupted, exiting. There are 0 tasks remaining in the queue.
2019-09-19 09:00:49,968 [main] INFO  segmented.SegmentedRaftLogWorker (SegmentedRaftLogWorker.java:close(228)) - 188fabf1-fb11-41c2-a0ed-ee400af44df4-SegmentedRaftLogWorker:Storage Directory /workdir/hadoop-ozone/integration-test/target/test-dir/MiniOzoneClusterImpl-efb0e503-cad1-4dcb-a604-0867af0d3cca/datanode-3/data/ratis/5d12f27d-601f-4bfb-a6ac-41f2f838c5d1 close()
2019-09-19 09:00:49,968 [main] INFO  impl.RaftServerImpl (RaftServerImpl.java:lambda$shutdown$3(245)) - 188fabf1-fb11-41c2-a0ed-ee400af44df4: shutdown group-6BF8F60987BC
2019-09-19 09:00:49,969 [main] INFO  util.JmxRegister (JmxRegister.java:unregister(73)) - Successfully un-registered JMX Bean with object name Ratis:service=RaftServer,group=group-6BF8F60987BC,id=188fabf1-fb11-41c2-a0ed-ee400af44df4
2019-09-19 09:00:49,969 [main] INFO  impl.RoleInfo (RoleInfo.java:shutdownLeaderState(104)) - 188fabf1-fb11-41c2-a0ed-ee400af44df4: shutdown LeaderState
2019-09-19 09:00:49,970 [main] INFO  impl.PendingRequests (PendingRequests.java:sendNotLeaderResponses(202)) - 188fabf1-fb11-41c2-a0ed-ee400af44df4-PendingRequests: sendNotLeaderResponses
2019-09-19 09:00:49,970 [main] INFO  impl.StateMachineUpdater (StateMachineUpdater.java:stopAndJoin(115)) - StateMachineUpdater:188fabf1-fb11-41c2-a0ed-ee400af44df4:group-6BF8F60987BC: set stopIndex = 0
2019-09-19 09:00:49,970 [main] INFO  impl.RaftServerImpl (ServerState.java:close(394)) - 188fabf1-fb11-41c2-a0ed-ee400af44df4:group-6BF8F60987BC closes. The last applied log index is 0
2019-09-19 09:00:49,971 [188fabf1-fb11-41c2-a0ed-ee400af44df4-SegmentedRaftLogWorker:Storage Directory /workdir/hadoop-ozone/integration-test/target/test-dir/MiniOzoneClusterImpl-efb0e503-cad1-4dcb-a604-0867af0d3cca/datanode-3/data/ratis/1718b616-54b5-440b-a031-6bf8f60987bc] INFO  segmented.SegmentedRaftLogWorker (SegmentedRaftLogWorker.java:run(313)) - 188fabf1-fb11-41c2-a0ed-ee400af44df4-SegmentedRaftLogWorker:Storage Directory /workdir/hadoop-ozone/integration-test/target/test-dir/MiniOzoneClusterImpl-efb0e503-cad1-4dcb-a604-0867af0d3cca/datanode-3/data/ratis/1718b616-54b5-440b-a031-6bf8f60987bc was interrupted, exiting. There are 0 tasks remaining in the queue.
2019-09-19 09:00:49,971 [main] INFO  segmented.SegmentedRaftLogWorker (SegmentedRaftLogWorker.java:close(228)) - 188fabf1-fb11-41c2-a0ed-ee400af44df4-SegmentedRaftLogWorker:Storage Directory /workdir/hadoop-ozone/integration-test/target/test-dir/MiniOzoneClusterImpl-efb0e503-cad1-4dcb-a604-0867af0d3cca/datanode-3/data/ratis/1718b616-54b5-440b-a031-6bf8f60987bc close()
2019-09-19 09:00:49,972 [main] INFO  server.GrpcService (GrpcService.java:closeImpl(155)) - 188fabf1-fb11-41c2-a0ed-ee400af44df4: shutdown server with port 35829 now
2019-09-19 09:00:49,975 [main] INFO  server.GrpcService (GrpcService.java:closeImpl(163)) - 188fabf1-fb11-41c2-a0ed-ee400af44df4: shutdown server with port 35829 successfully
2019-09-19 09:00:49,980 [main] INFO  utils.BackgroundService (BackgroundService.java:shutdown(148)) - Shutting down service BlockDeletingService
2019-09-19 09:00:49,986 [refreshUsed-/workdir/hadoop-ozone/integration-test/target/test-dir/MiniOzoneClusterImpl-efb0e503-cad1-4dcb-a604-0867af0d3cca/datanode-3/data/containers] WARN  fs.CachingGetSpaceUsed (CachingGetSpaceUsed.java:run(183)) - Thread Interrupted waiting to refresh disk information: sleep interrupted
2019-09-19 09:00:50,003 [main] INFO  statemachine.DatanodeStateMachine (DatanodeStateMachine.java:stopDaemon(395)) - Ozone container server stopped.
2019-09-19 09:00:50,004 [main] INFO  handler.ContextHandler (ContextHandler.java:doStop(910)) - Stopped o.e.j.w.WebAppContext@6889f56f{/,null,UNAVAILABLE}{/hddsDatanode}
2019-09-19 09:00:50,005 [main] INFO  server.AbstractConnector (AbstractConnector.java:doStop(318)) - Stopped ServerConnector@231b35fb{HTTP/1.1,[http/1.1]}{0.0.0.0:0}
2019-09-19 09:00:50,006 [main] INFO  handler.ContextHandler (ContextHandler.java:doStop(910)) - Stopped o.e.j.s.ServletContextHandler@5a2ae1ab{/static,jar:file:/home/user/.m2/repository/org/apache/hadoop/hadoop-hdds-container-service/0.5.0-SNAPSHOT/hadoop-hdds-container-service-0.5.0-SNAPSHOT.jar!/webapps/static,UNAVAILABLE}
2019-09-19 09:00:50,006 [main] INFO  handler.ContextHandler (ContextHandler.java:doStop(910)) - Stopped o.e.j.s.ServletContextHandler@2b6fb197{/logs,file:///workdir/hadoop-ozone/integration-test/target/log,UNAVAILABLE}
2019-09-19 09:00:50,008 [main] INFO  datanode.ObjectStoreHandler (ObjectStoreHandler.java:close(155)) - Closing ObjectStoreHandler.
2019-09-19 09:00:50,008 [main] INFO  ozone.HddsDatanodeService (HddsDatanodeService.java:stop(451)) - Stopped plug-in org.apache.hadoop.ozone.web.OzoneHddsDatanodeService@1753475d
2019-09-19 09:00:50,616 [Datanode State Machine Thread - 0] INFO  statemachine.DatanodeStateMachine (DatanodeStateMachine.java:lambda$startDaemon$0(350)) - Ozone container server started.
2019-09-19 09:00:53,559 [ForkJoinPool.commonPool-worker-1] INFO  ozoneimpl.OzoneContainer (OzoneContainer.java:stop(199)) - Attempting to stop container services.
2019-09-19 09:00:53,560 [ForkJoinPool.commonPool-worker-1] INFO  impl.RaftServerProxy (RaftServerProxy.java:lambda$close$4(314)) - 0dab3cb5-21ad-4f3e-9c90-05507adcbb62: close
2019-09-19 09:00:53,561 [ForkJoinPool.commonPool-worker-1] INFO  impl.RaftServerImpl (RaftServerImpl.java:lambda$shutdown$3(245)) - 0dab3cb5-21ad-4f3e-9c90-05507adcbb62: shutdown group-950BA0564D07
2019-09-19 09:00:53,561 [ForkJoinPool.commonPool-worker-1] INFO  util.JmxRegister (JmxRegister.java:unregister(73)) - Successfully un-registered JMX Bean with object name Ratis:service=RaftServer,group=group-950BA0564D07,id=0dab3cb5-21ad-4f3e-9c90-05507adcbb62
2019-09-19 09:00:53,562 [ForkJoinPool.commonPool-worker-1] INFO  impl.RoleInfo (RoleInfo.java:shutdownLeaderState(104)) - 0dab3cb5-21ad-4f3e-9c90-05507adcbb62: shutdown LeaderState
2019-09-19 09:00:53,563 [ForkJoinPool.commonPool-worker-1] INFO  impl.PendingRequests (PendingRequests.java:sendNotLeaderResponses(202)) - 0dab3cb5-21ad-4f3e-9c90-05507adcbb62-PendingRequests: sendNotLeaderResponses
2019-09-19 09:00:53,563 [ForkJoinPool.commonPool-worker-1] INFO  impl.StateMachineUpdater (StateMachineUpdater.java:stopAndJoin(115)) - StateMachineUpdater:0dab3cb5-21ad-4f3e-9c90-05507adcbb62:group-950BA0564D07: set stopIndex = 0
2019-09-19 09:00:53,563 [ForkJoinPool.commonPool-worker-1] INFO  impl.RaftServerImpl (ServerState.java:close(394)) - 0dab3cb5-21ad-4f3e-9c90-05507adcbb62:group-950BA0564D07 closes. The last applied log index is 0
2019-09-19 09:00:53,564 [0dab3cb5-21ad-4f3e-9c90-05507adcbb62-SegmentedRaftLogWorker:Storage Directory /workdir/hadoop-ozone/integration-test/target/test-dir/MiniOzoneClusterImpl-efb0e503-cad1-4dcb-a604-0867af0d3cca/datanode-6/data/ratis/d6f57f33-2e86-4346-a8c9-950ba0564d07] INFO  segmented.SegmentedRaftLogWorker (SegmentedRaftLogWorker.java:run(313)) - 0dab3cb5-21ad-4f3e-9c90-05507adcbb62-SegmentedRaftLogWorker:Storage Directory /workdir/hadoop-ozone/integration-test/target/test-dir/MiniOzoneClusterImpl-efb0e503-cad1-4dcb-a604-0867af0d3cca/datanode-6/data/ratis/d6f57f33-2e86-4346-a8c9-950ba0564d07 was interrupted, exiting. There are 0 tasks remaining in the queue.
2019-09-19 09:00:53,566 [ForkJoinPool.commonPool-worker-1] INFO  segmented.SegmentedRaftLogWorker (SegmentedRaftLogWorker.java:close(228)) - 0dab3cb5-21ad-4f3e-9c90-05507adcbb62-SegmentedRaftLogWorker:Storage Directory /workdir/hadoop-ozone/integration-test/target/test-dir/MiniOzoneClusterImpl-efb0e503-cad1-4dcb-a604-0867af0d3cca/datanode-6/data/ratis/d6f57f33-2e86-4346-a8c9-950ba0564d07 close()
2019-09-19 09:00:53,566 [ForkJoinPool.commonPool-worker-1] INFO  impl.RaftServerImpl (RaftServerImpl.java:lambda$shutdown$3(245)) - 0dab3cb5-21ad-4f3e-9c90-05507adcbb62: shutdown group-3003CA1BEB96
2019-09-19 09:00:53,567 [ForkJoinPool.commonPool-worker-1] INFO  util.JmxRegister (JmxRegister.java:unregister(73)) - Successfully un-registered JMX Bean with object name Ratis:service=RaftServer,group=group-3003CA1BEB96,id=0dab3cb5-21ad-4f3e-9c90-05507adcbb62
2019-09-19 09:00:53,567 [ForkJoinPool.commonPool-worker-1] INFO  impl.RoleInfo (RoleInfo.java:shutdownLeaderState(104)) - 0dab3cb5-21ad-4f3e-9c90-05507adcbb62: shutdown LeaderState
2019-09-19 09:00:53,567 [ForkJoinPool.commonPool-worker-1] INFO  impl.PendingRequests (PendingRequests.java:sendNotLeaderResponses(202)) - 0dab3cb5-21ad-4f3e-9c90-05507adcbb62-PendingRequests: sendNotLeaderResponses
2019-09-19 09:00:53,568 [ForkJoinPool.commonPool-worker-1] INFO  impl.StateMachineUpdater (StateMachineUpdater.java:stopAndJoin(115)) - StateMachineUpdater:0dab3cb5-21ad-4f3e-9c90-05507adcbb62:group-3003CA1BEB96: set stopIndex = 0
2019-09-19 09:00:53,568 [ForkJoinPool.commonPool-worker-1] INFO  impl.RaftServerImpl (ServerState.java:close(394)) - 0dab3cb5-21ad-4f3e-9c90-05507adcbb62:group-3003CA1BEB96 closes. The last applied log index is 0
2019-09-19 09:00:53,568 [0dab3cb5-21ad-4f3e-9c90-05507adcbb62-SegmentedRaftLogWorker:Storage Directory /workdir/hadoop-ozone/integration-test/target/test-dir/MiniOzoneClusterImpl-efb0e503-cad1-4dcb-a604-0867af0d3cca/datanode-6/data/ratis/4844bbe1-431e-4c23-b896-3003ca1beb96] INFO  segmented.SegmentedRaftLogWorker (SegmentedRaftLogWorker.java:run(313)) - 0dab3cb5-21ad-4f3e-9c90-05507adcbb62-SegmentedRaftLogWorker:Storage Directory /workdir/hadoop-ozone/integration-test/target/test-dir/MiniOzoneClusterImpl-efb0e503-cad1-4dcb-a604-0867af0d3cca/datanode-6/data/ratis/4844bbe1-431e-4c23-b896-3003ca1beb96 was interrupted, exiting. There are 0 tasks remaining in the queue.
2019-09-19 09:00:53,570 [ForkJoinPool.commonPool-worker-1] INFO  segmented.SegmentedRaftLogWorker (SegmentedRaftLogWorker.java:close(228)) - 0dab3cb5-21ad-4f3e-9c90-05507adcbb62-SegmentedRaftLogWorker:Storage Directory /workdir/hadoop-ozone/integration-test/target/test-dir/MiniOzoneClusterImpl-efb0e503-cad1-4dcb-a604-0867af0d3cca/datanode-6/data/ratis/4844bbe1-431e-4c23-b896-3003ca1beb96 close()
2019-09-19 09:00:53,570 [ForkJoinPool.commonPool-worker-1] INFO  impl.RaftServerImpl (RaftServerImpl.java:lambda$shutdown$3(245)) - 0dab3cb5-21ad-4f3e-9c90-05507adcbb62: shutdown group-FFA31F0FC260
2019-09-19 09:00:53,571 [ForkJoinPool.commonPool-worker-1] INFO  util.JmxRegister (JmxRegister.java:unregister(73)) - Successfully un-registered JMX Bean with object name Ratis:service=RaftServer,group=group-FFA31F0FC260,id=0dab3cb5-21ad-4f3e-9c90-05507adcbb62
2019-09-19 09:00:53,571 [ForkJoinPool.commonPool-worker-1] INFO  impl.RoleInfo (RoleInfo.java:shutdownLeaderState(104)) - 0dab3cb5-21ad-4f3e-9c90-05507adcbb62: shutdown LeaderState
2019-09-19 09:00:53,571 [ForkJoinPool.commonPool-worker-1] INFO  impl.PendingRequests (PendingRequests.java:sendNotLeaderResponses(202)) - 0dab3cb5-21ad-4f3e-9c90-05507adcbb62-PendingRequests: sendNotLeaderResponses
2019-09-19 09:00:53,572 [ForkJoinPool.commonPool-worker-1] INFO  impl.StateMachineUpdater (StateMachineUpdater.java:stopAndJoin(115)) - StateMachineUpdater:0dab3cb5-21ad-4f3e-9c90-05507adcbb62:group-FFA31F0FC260: set stopIndex = 0
2019-09-19 09:00:53,572 [ForkJoinPool.commonPool-worker-1] INFO  impl.RaftServerImpl (ServerState.java:close(394)) - 0dab3cb5-21ad-4f3e-9c90-05507adcbb62:group-FFA31F0FC260 closes. The last applied log index is 0
2019-09-19 09:00:53,572 [0dab3cb5-21ad-4f3e-9c90-05507adcbb62-SegmentedRaftLogWorker:Storage Directory /workdir/hadoop-ozone/integration-test/target/test-dir/MiniOzoneClusterImpl-efb0e503-cad1-4dcb-a604-0867af0d3cca/datanode-6/data/ratis/0288afaa-53db-48c9-accc-ffa31f0fc260] INFO  segmented.SegmentedRaftLogWorker (SegmentedRaftLogWorker.java:run(313)) - 0dab3cb5-21ad-4f3e-9c90-05507adcbb62-SegmentedRaftLogWorker:Storage Directory /workdir/hadoop-ozone/integration-test/target/test-dir/MiniOzoneClusterImpl-efb0e503-cad1-4dcb-a604-0867af0d3cca/datanode-6/data/ratis/0288afaa-53db-48c9-accc-ffa31f0fc260 was interrupted, exiting. There are 0 tasks remaining in the queue.
2019-09-19 09:00:53,578 [ForkJoinPool.commonPool-worker-1] INFO  segmented.SegmentedRaftLogWorker (SegmentedRaftLogWorker.java:close(228)) - 0dab3cb5-21ad-4f3e-9c90-05507adcbb62-SegmentedRaftLogWorker:Storage Directory /workdir/hadoop-ozone/integration-test/target/test-dir/MiniOzoneClusterImpl-efb0e503-cad1-4dcb-a604-0867af0d3cca/datanode-6/data/ratis/0288afaa-53db-48c9-accc-ffa31f0fc260 close()
2019-09-19 09:00:53,579 [ForkJoinPool.commonPool-worker-1] INFO  impl.RaftServerImpl (RaftServerImpl.java:lambda$shutdown$3(245)) - 0dab3cb5-21ad-4f3e-9c90-05507adcbb62: shutdown group-51DD66138AB9
2019-09-19 09:00:53,579 [ForkJoinPool.commonPool-worker-1] INFO  util.JmxRegister (JmxRegister.java:unregister(73)) - Successfully un-registered JMX Bean with object name Ratis:service=RaftServer,group=group-51DD66138AB9,id=0dab3cb5-21ad-4f3e-9c90-05507adcbb62
2019-09-19 09:00:53,579 [ForkJoinPool.commonPool-worker-1] INFO  impl.RoleInfo (RoleInfo.java:shutdownLeaderState(104)) - 0dab3cb5-21ad-4f3e-9c90-05507adcbb62: shutdown LeaderState
2019-09-19 09:00:53,579 [ForkJoinPool.commonPool-worker-1] INFO  impl.PendingRequests (PendingRequests.java:sendNotLeaderResponses(202)) - 0dab3cb5-21ad-4f3e-9c90-05507adcbb62-PendingRequests: sendNotLeaderResponses
2019-09-19 09:00:53,580 [ForkJoinPool.commonPool-worker-1] INFO  impl.StateMachineUpdater (StateMachineUpdater.java:stopAndJoin(115)) - StateMachineUpdater:0dab3cb5-21ad-4f3e-9c90-05507adcbb62:group-51DD66138AB9: set stopIndex = 0
2019-09-19 09:00:53,580 [ForkJoinPool.commonPool-worker-1] INFO  impl.RaftServerImpl (ServerState.java:close(394)) - 0dab3cb5-21ad-4f3e-9c90-05507adcbb62:group-51DD66138AB9 closes. The last applied log index is 0
2019-09-19 09:00:53,581 [0dab3cb5-21ad-4f3e-9c90-05507adcbb62-SegmentedRaftLogWorker:Storage Directory /workdir/hadoop-ozone/integration-test/target/test-dir/MiniOzoneClusterImpl-efb0e503-cad1-4dcb-a604-0867af0d3cca/datanode-6/data/ratis/ac22f13d-f55d-462c-8f7a-51dd66138ab9] INFO  segmented.SegmentedRaftLogWorker (SegmentedRaftLogWorker.java:run(313)) - 0dab3cb5-21ad-4f3e-9c90-05507adcbb62-SegmentedRaftLogWorker:Storage Directory /workdir/hadoop-ozone/integration-test/target/test-dir/MiniOzoneClusterImpl-efb0e503-cad1-4dcb-a604-0867af0d3cca/datanode-6/data/ratis/ac22f13d-f55d-462c-8f7a-51dd66138ab9 was interrupted, exiting. There are 0 tasks remaining in the queue.
2019-09-19 09:00:53,582 [ForkJoinPool.commonPool-worker-1] INFO  segmented.SegmentedRaftLogWorker (SegmentedRaftLogWorker.java:close(228)) - 0dab3cb5-21ad-4f3e-9c90-05507adcbb62-SegmentedRaftLogWorker:Storage Directory /workdir/hadoop-ozone/integration-test/target/test-dir/MiniOzoneClusterImpl-efb0e503-cad1-4dcb-a604-0867af0d3cca/datanode-6/data/ratis/ac22f13d-f55d-462c-8f7a-51dd66138ab9 close()
2019-09-19 09:00:53,582 [ForkJoinPool.commonPool-worker-1] INFO  impl.RaftServerImpl (RaftServerImpl.java:lambda$shutdown$3(245)) - 0dab3cb5-21ad-4f3e-9c90-05507adcbb62: shutdown group-929403B17E48
2019-09-19 09:00:53,583 [ForkJoinPool.commonPool-worker-1] INFO  util.JmxRegister (JmxRegister.java:unregister(73)) - Successfully un-registered JMX Bean with object name Ratis:service=RaftServer,group=group-929403B17E48,id=0dab3cb5-21ad-4f3e-9c90-05507adcbb62
2019-09-19 09:00:53,583 [ForkJoinPool.commonPool-worker-1] INFO  impl.RoleInfo (RoleInfo.java:shutdownLeaderState(104)) - 0dab3cb5-21ad-4f3e-9c90-05507adcbb62: shutdown LeaderState
2019-09-19 09:00:53,583 [ForkJoinPool.commonPool-worker-1] INFO  impl.PendingRequests (PendingRequests.java:sendNotLeaderResponses(202)) - 0dab3cb5-21ad-4f3e-9c90-05507adcbb62-PendingRequests: sendNotLeaderResponses
2019-09-19 09:00:53,584 [ForkJoinPool.commonPool-worker-1] INFO  impl.StateMachineUpdater (StateMachineUpdater.java:stopAndJoin(115)) - StateMachineUpdater:0dab3cb5-21ad-4f3e-9c90-05507adcbb62:group-929403B17E48: set stopIndex = 0
2019-09-19 09:00:53,584 [ForkJoinPool.commonPool-worker-1] INFO  impl.RaftServerImpl (ServerState.java:close(394)) - 0dab3cb5-21ad-4f3e-9c90-05507adcbb62:group-929403B17E48 closes. The last applied log index is 0
2019-09-19 09:00:53,584 [0dab3cb5-21ad-4f3e-9c90-05507adcbb62-SegmentedRaftLogWorker:Storage Directory /workdir/hadoop-ozone/integration-test/target/test-dir/MiniOzoneClusterImpl-efb0e503-cad1-4dcb-a604-0867af0d3cca/datanode-6/data/ratis/1bf8fc97-b510-4e97-a11f-929403b17e48] INFO  segmented.SegmentedRaftLogWorker (SegmentedRaftLogWorker.java:run(313)) - 0dab3cb5-21ad-4f3e-9c90-05507adcbb62-SegmentedRaftLogWorker:Storage Directory /workdir/hadoop-ozone/integration-test/target/test-dir/MiniOzoneClusterImpl-efb0e503-cad1-4dcb-a604-0867af0d3cca/datanode-6/data/ratis/1bf8fc97-b510-4e97-a11f-929403b17e48 was interrupted, exiting. There are 0 tasks remaining in the queue.
2019-09-19 09:00:53,586 [ForkJoinPool.commonPool-worker-1] INFO  segmented.SegmentedRaftLogWorker (SegmentedRaftLogWorker.java:close(228)) - 0dab3cb5-21ad-4f3e-9c90-05507adcbb62-SegmentedRaftLogWorker:Storage Directory /workdir/hadoop-ozone/integration-test/target/test-dir/MiniOzoneClusterImpl-efb0e503-cad1-4dcb-a604-0867af0d3cca/datanode-6/data/ratis/1bf8fc97-b510-4e97-a11f-929403b17e48 close()
2019-09-19 09:00:53,586 [ForkJoinPool.commonPool-worker-1] INFO  impl.RaftServerImpl (RaftServerImpl.java:lambda$shutdown$3(245)) - 0dab3cb5-21ad-4f3e-9c90-05507adcbb62: shutdown group-3B6BCE9C15BC
2019-09-19 09:00:53,587 [ForkJoinPool.commonPool-worker-1] INFO  util.JmxRegister (JmxRegister.java:unregister(73)) - Successfully un-registered JMX Bean with object name Ratis:service=RaftServer,group=group-3B6BCE9C15BC,id=0dab3cb5-21ad-4f3e-9c90-05507adcbb62
2019-09-19 09:00:53,587 [ForkJoinPool.commonPool-worker-1] INFO  impl.RoleInfo (RoleInfo.java:shutdownLeaderState(104)) - 0dab3cb5-21ad-4f3e-9c90-05507adcbb62: shutdown LeaderState
2019-09-19 09:00:53,587 [ForkJoinPool.commonPool-worker-1] INFO  impl.PendingRequests (PendingRequests.java:sendNotLeaderResponses(202)) - 0dab3cb5-21ad-4f3e-9c90-05507adcbb62-PendingRequests: sendNotLeaderResponses
2019-09-19 09:00:53,587 [ForkJoinPool.commonPool-worker-1] INFO  impl.StateMachineUpdater (StateMachineUpdater.java:stopAndJoin(115)) - StateMachineUpdater:0dab3cb5-21ad-4f3e-9c90-05507adcbb62:group-3B6BCE9C15BC: set stopIndex = 0
2019-09-19 09:00:53,588 [ForkJoinPool.commonPool-worker-1] INFO  impl.RaftServerImpl (ServerState.java:close(394)) - 0dab3cb5-21ad-4f3e-9c90-05507adcbb62:group-3B6BCE9C15BC closes. The last applied log index is 0
2019-09-19 09:00:53,588 [0dab3cb5-21ad-4f3e-9c90-05507adcbb62-SegmentedRaftLogWorker:Storage Directory /workdir/hadoop-ozone/integration-test/target/test-dir/MiniOzoneClusterImpl-efb0e503-cad1-4dcb-a604-0867af0d3cca/datanode-6/data/ratis/d7c6e055-02a1-47ca-bb8d-3b6bce9c15bc] INFO  segmented.SegmentedRaftLogWorker (SegmentedRaftLogWorker.java:run(313)) - 0dab3cb5-21ad-4f3e-9c90-05507adcbb62-SegmentedRaftLogWorker:Storage Directory /workdir/hadoop-ozone/integration-test/target/test-dir/MiniOzoneClusterImpl-efb0e503-cad1-4dcb-a604-0867af0d3cca/datanode-6/data/ratis/d7c6e055-02a1-47ca-bb8d-3b6bce9c15bc was interrupted, exiting. There are 0 tasks remaining in the queue.
2019-09-19 09:00:53,589 [ForkJoinPool.commonPool-worker-1] INFO  segmented.SegmentedRaftLogWorker (SegmentedRaftLogWorker.java:close(228)) - 0dab3cb5-21ad-4f3e-9c90-05507adcbb62-SegmentedRaftLogWorker:Storage Directory /workdir/hadoop-ozone/integration-test/target/test-dir/MiniOzoneClusterImpl-efb0e503-cad1-4dcb-a604-0867af0d3cca/datanode-6/data/ratis/d7c6e055-02a1-47ca-bb8d-3b6bce9c15bc close()
2019-09-19 09:00:53,590 [ForkJoinPool.commonPool-worker-1] INFO  server.GrpcService (GrpcService.java:closeImpl(155)) - 0dab3cb5-21ad-4f3e-9c90-05507adcbb62: shutdown server with port 45934 now
2019-09-19 09:00:53,591 [ForkJoinPool.commonPool-worker-1] INFO  server.GrpcService (GrpcService.java:closeImpl(163)) - 0dab3cb5-21ad-4f3e-9c90-05507adcbb62: shutdown server with port 45934 successfully
2019-09-19 09:00:53,593 [ForkJoinPool.commonPool-worker-1] INFO  utils.BackgroundService (BackgroundService.java:shutdown(148)) - Shutting down service BlockDeletingService
2019-09-19 09:00:53,594 [refreshUsed-/workdir/hadoop-ozone/integration-test/target/test-dir/MiniOzoneClusterImpl-efb0e503-cad1-4dcb-a604-0867af0d3cca/datanode-6/data/containers] WARN  fs.CachingGetSpaceUsed (CachingGetSpaceUsed.java:run(183)) - Thread Interrupted waiting to refresh disk information: sleep interrupted
2019-09-19 09:00:53,617 [ForkJoinPool.commonPool-worker-1] INFO  statemachine.DatanodeStateMachine (DatanodeStateMachine.java:stopDaemon(395)) - Ozone container server stopped.
2019-09-19 09:00:53,621 [ForkJoinPool.commonPool-worker-1] INFO  handler.ContextHandler (ContextHandler.java:doStop(910)) - Stopped o.e.j.w.WebAppContext@6775c0d1{/,null,UNAVAILABLE}{/hddsDatanode}
2019-09-19 09:00:53,622 [ForkJoinPool.commonPool-worker-1] INFO  server.AbstractConnector (AbstractConnector.java:doStop(318)) - Stopped ServerConnector@38f617f4{HTTP/1.1,[http/1.1]}{0.0.0.0:0}
2019-09-19 09:00:53,624 [ForkJoinPool.commonPool-worker-1] INFO  handler.ContextHandler (ContextHandler.java:doStop(910)) - Stopped o.e.j.s.ServletContextHandler@184afb78{/static,jar:file:/home/user/.m2/repository/org/apache/hadoop/hadoop-hdds-container-service/0.5.0-SNAPSHOT/hadoop-hdds-container-service-0.5.0-SNAPSHOT.jar!/webapps/static,UNAVAILABLE}
2019-09-19 09:00:53,625 [ForkJoinPool.commonPool-worker-1] INFO  handler.ContextHandler (ContextHandler.java:doStop(910)) - Stopped o.e.j.s.ServletContextHandler@1c6e3ff9{/logs,file:///workdir/hadoop-ozone/integration-test/target/log,UNAVAILABLE}
2019-09-19 09:00:55,009 [main] INFO  ozoneimpl.OzoneContainer (OzoneContainer.java:stop(199)) - Attempting to stop container services.
2019-09-19 09:00:55,010 [main] INFO  impl.RaftServerProxy (RaftServerProxy.java:lambda$close$4(314)) - 5794d84d-2349-4704-a7d7-6735dfcfc341: close
2019-09-19 09:00:55,011 [main] INFO  impl.RaftServerImpl (RaftServerImpl.java:lambda$shutdown$3(245)) - 5794d84d-2349-4704-a7d7-6735dfcfc341: shutdown group-1B3CEAAB7C1F
2019-09-19 09:00:55,011 [ForkJoinPool.commonPool-worker-1] INFO  impl.RaftServerImpl (RaftServerImpl.java:lambda$shutdown$3(245)) - 5794d84d-2349-4704-a7d7-6735dfcfc341: shutdown group-BFEEE9B8618F
2019-09-19 09:00:55,011 [main] INFO  util.JmxRegister (JmxRegister.java:unregister(73)) - Successfully un-registered JMX Bean with object name Ratis:service=RaftServer,group=group-1B3CEAAB7C1F,id=5794d84d-2349-4704-a7d7-6735dfcfc341
2019-09-19 09:00:55,011 [ForkJoinPool.commonPool-worker-1] INFO  util.JmxRegister (JmxRegister.java:unregister(73)) - Successfully un-registered JMX Bean with object name Ratis:service=RaftServer,group=group-BFEEE9B8618F,id=5794d84d-2349-4704-a7d7-6735dfcfc341
2019-09-19 09:00:55,011 [main] INFO  impl.RoleInfo (RoleInfo.java:shutdownLeaderState(104)) - 5794d84d-2349-4704-a7d7-6735dfcfc341: shutdown LeaderState
2019-09-19 09:00:55,012 [ForkJoinPool.commonPool-worker-1] INFO  impl.RoleInfo (RoleInfo.java:shutdownLeaderState(104)) - 5794d84d-2349-4704-a7d7-6735dfcfc341: shutdown LeaderState
2019-09-19 09:00:55,012 [main] INFO  impl.PendingRequests (PendingRequests.java:sendNotLeaderResponses(202)) - 5794d84d-2349-4704-a7d7-6735dfcfc341-PendingRequests: sendNotLeaderResponses
2019-09-19 09:00:55,012 [ForkJoinPool.commonPool-worker-1] INFO  impl.PendingRequests (PendingRequests.java:sendNotLeaderResponses(202)) - 5794d84d-2349-4704-a7d7-6735dfcfc341-PendingRequests: sendNotLeaderResponses
2019-09-19 09:00:55,012 [main] INFO  impl.StateMachineUpdater (StateMachineUpdater.java:stopAndJoin(115)) - StateMachineUpdater:5794d84d-2349-4704-a7d7-6735dfcfc341:group-1B3CEAAB7C1F: set stopIndex = 0
2019-09-19 09:00:55,012 [ForkJoinPool.commonPool-worker-1] INFO  impl.StateMachineUpdater (StateMachineUpdater.java:stopAndJoin(115)) - StateMachineUpdater:5794d84d-2349-4704-a7d7-6735dfcfc341:group-BFEEE9B8618F: set stopIndex = 0
2019-09-19 09:00:55,013 [main] INFO  impl.RaftServerImpl (ServerState.java:close(394)) - 5794d84d-2349-4704-a7d7-6735dfcfc341:group-1B3CEAAB7C1F closes. The last applied log index is 0
2019-09-19 09:00:55,013 [ForkJoinPool.commonPool-worker-1] INFO  impl.RaftServerImpl (ServerState.java:close(394)) - 5794d84d-2349-4704-a7d7-6735dfcfc341:group-BFEEE9B8618F closes. The last applied log index is 0
2019-09-19 09:00:55,013 [5794d84d-2349-4704-a7d7-6735dfcfc341-SegmentedRaftLogWorker:Storage Directory /workdir/hadoop-ozone/integration-test/target/test-dir/MiniOzoneClusterImpl-efb0e503-cad1-4dcb-a604-0867af0d3cca/datanode-5/data/ratis/0e074361-411f-4351-8067-1b3ceaab7c1f] INFO  segmented.SegmentedRaftLogWorker (SegmentedRaftLogWorker.java:run(313)) - 5794d84d-2349-4704-a7d7-6735dfcfc341-SegmentedRaftLogWorker:Storage Directory /workdir/hadoop-ozone/integration-test/target/test-dir/MiniOzoneClusterImpl-efb0e503-cad1-4dcb-a604-0867af0d3cca/datanode-5/data/ratis/0e074361-411f-4351-8067-1b3ceaab7c1f was interrupted, exiting. There are 0 tasks remaining in the queue.
2019-09-19 09:00:55,013 [5794d84d-2349-4704-a7d7-6735dfcfc341-SegmentedRaftLogWorker:Storage Directory /workdir/hadoop-ozone/integration-test/target/test-dir/MiniOzoneClusterImpl-efb0e503-cad1-4dcb-a604-0867af0d3cca/datanode-5/data/ratis/a44a1323-2629-4d27-b316-bfeee9b8618f] INFO  segmented.SegmentedRaftLogWorker (SegmentedRaftLogWorker.java:run(313)) - 5794d84d-2349-4704-a7d7-6735dfcfc341-SegmentedRaftLogWorker:Storage Directory /workdir/hadoop-ozone/integration-test/target/test-dir/MiniOzoneClusterImpl-efb0e503-cad1-4dcb-a604-0867af0d3cca/datanode-5/data/ratis/a44a1323-2629-4d27-b316-bfeee9b8618f was interrupted, exiting. There are 0 tasks remaining in the queue.
2019-09-19 09:00:55,015 [main] INFO  segmented.SegmentedRaftLogWorker (SegmentedRaftLogWorker.java:close(228)) - 5794d84d-2349-4704-a7d7-6735dfcfc341-SegmentedRaftLogWorker:Storage Directory /workdir/hadoop-ozone/integration-test/target/test-dir/MiniOzoneClusterImpl-efb0e503-cad1-4dcb-a604-0867af0d3cca/datanode-5/data/ratis/0e074361-411f-4351-8067-1b3ceaab7c1f close()
2019-09-19 09:00:55,016 [ForkJoinPool.commonPool-worker-1] INFO  segmented.SegmentedRaftLogWorker (SegmentedRaftLogWorker.java:close(228)) - 5794d84d-2349-4704-a7d7-6735dfcfc341-SegmentedRaftLogWorker:Storage Directory /workdir/hadoop-ozone/integration-test/target/test-dir/MiniOzoneClusterImpl-efb0e503-cad1-4dcb-a604-0867af0d3cca/datanode-5/data/ratis/a44a1323-2629-4d27-b316-bfeee9b8618f close()
2019-09-19 09:00:55,016 [main] INFO  impl.RaftServerImpl (RaftServerImpl.java:lambda$shutdown$3(245)) - 5794d84d-2349-4704-a7d7-6735dfcfc341: shutdown group-306361811909
2019-09-19 09:00:55,016 [ForkJoinPool.commonPool-worker-1] INFO  impl.RaftServerImpl (RaftServerImpl.java:lambda$shutdown$3(245)) - 5794d84d-2349-4704-a7d7-6735dfcfc341: shutdown group-33BF8A35A0AC
2019-09-19 09:00:55,016 [main] INFO  util.JmxRegister (JmxRegister.java:unregister(73)) - Successfully un-registered JMX Bean with object name Ratis:service=RaftServer,group=group-306361811909,id=5794d84d-2349-4704-a7d7-6735dfcfc341
2019-09-19 09:00:55,016 [ForkJoinPool.commonPool-worker-1] INFO  util.JmxRegister (JmxRegister.java:unregister(73)) - Successfully un-registered JMX Bean with object name Ratis:service=RaftServer,group=group-33BF8A35A0AC,id=5794d84d-2349-4704-a7d7-6735dfcfc341
2019-09-19 09:00:55,017 [main] INFO  impl.RoleInfo (RoleInfo.java:shutdownLeaderState(104)) - 5794d84d-2349-4704-a7d7-6735dfcfc341: shutdown LeaderState
2019-09-19 09:00:55,017 [ForkJoinPool.commonPool-worker-1] INFO  impl.RoleInfo (RoleInfo.java:shutdownLeaderState(104)) - 5794d84d-2349-4704-a7d7-6735dfcfc341: shutdown LeaderState
2019-09-19 09:00:55,017 [main] INFO  impl.PendingRequests (PendingRequests.java:sendNotLeaderResponses(202)) - 5794d84d-2349-4704-a7d7-6735dfcfc341-PendingRequests: sendNotLeaderResponses
2019-09-19 09:00:55,017 [ForkJoinPool.commonPool-worker-1] INFO  impl.PendingRequests (PendingRequests.java:sendNotLeaderResponses(202)) - 5794d84d-2349-4704-a7d7-6735dfcfc341-PendingRequests: sendNotLeaderResponses
2019-09-19 09:00:55,018 [main] INFO  impl.StateMachineUpdater (StateMachineUpdater.java:stopAndJoin(115)) - StateMachineUpdater:5794d84d-2349-4704-a7d7-6735dfcfc341:group-306361811909: set stopIndex = 0
2019-09-19 09:00:55,018 [ForkJoinPool.commonPool-worker-1] INFO  impl.StateMachineUpdater (StateMachineUpdater.java:stopAndJoin(115)) - StateMachineUpdater:5794d84d-2349-4704-a7d7-6735dfcfc341:group-33BF8A35A0AC: set stopIndex = 0
2019-09-19 09:00:55,018 [main] INFO  impl.RaftServerImpl (ServerState.java:close(394)) - 5794d84d-2349-4704-a7d7-6735dfcfc341:group-306361811909 closes. The last applied log index is 0
2019-09-19 09:00:55,018 [ForkJoinPool.commonPool-worker-1] INFO  impl.RaftServerImpl (ServerState.java:close(394)) - 5794d84d-2349-4704-a7d7-6735dfcfc341:group-33BF8A35A0AC closes. The last applied log index is 0
2019-09-19 09:00:55,019 [5794d84d-2349-4704-a7d7-6735dfcfc341-SegmentedRaftLogWorker:Storage Directory /workdir/hadoop-ozone/integration-test/target/test-dir/MiniOzoneClusterImpl-efb0e503-cad1-4dcb-a604-0867af0d3cca/datanode-5/data/ratis/18c18a4f-6f3a-4ce8-a9b7-306361811909] INFO  segmented.SegmentedRaftLogWorker (SegmentedRaftLogWorker.java:run(313)) - 5794d84d-2349-4704-a7d7-6735dfcfc341-SegmentedRaftLogWorker:Storage Directory /workdir/hadoop-ozone/integration-test/target/test-dir/MiniOzoneClusterImpl-efb0e503-cad1-4dcb-a604-0867af0d3cca/datanode-5/data/ratis/18c18a4f-6f3a-4ce8-a9b7-306361811909 was interrupted, exiting. There are 0 tasks remaining in the queue.
2019-09-19 09:00:55,019 [5794d84d-2349-4704-a7d7-6735dfcfc341-SegmentedRaftLogWorker:Storage Directory /workdir/hadoop-ozone/integration-test/target/test-dir/MiniOzoneClusterImpl-efb0e503-cad1-4dcb-a604-0867af0d3cca/datanode-5/data/ratis/11980758-03e1-4f35-a9ba-33bf8a35a0ac] INFO  segmented.SegmentedRaftLogWorker (SegmentedRaftLogWorker.java:run(313)) - 5794d84d-2349-4704-a7d7-6735dfcfc341-SegmentedRaftLogWorker:Storage Directory /workdir/hadoop-ozone/integration-test/target/test-dir/MiniOzoneClusterImpl-efb0e503-cad1-4dcb-a604-0867af0d3cca/datanode-5/data/ratis/11980758-03e1-4f35-a9ba-33bf8a35a0ac was interrupted, exiting. There are 0 tasks remaining in the queue.
2019-09-19 09:00:55,020 [main] INFO  segmented.SegmentedRaftLogWorker (SegmentedRaftLogWorker.java:close(228)) - 5794d84d-2349-4704-a7d7-6735dfcfc341-SegmentedRaftLogWorker:Storage Directory /workdir/hadoop-ozone/integration-test/target/test-dir/MiniOzoneClusterImpl-efb0e503-cad1-4dcb-a604-0867af0d3cca/datanode-5/data/ratis/18c18a4f-6f3a-4ce8-a9b7-306361811909 close()
2019-09-19 09:00:55,020 [ForkJoinPool.commonPool-worker-1] INFO  segmented.SegmentedRaftLogWorker (SegmentedRaftLogWorker.java:close(228)) - 5794d84d-2349-4704-a7d7-6735dfcfc341-SegmentedRaftLogWorker:Storage Directory /workdir/hadoop-ozone/integration-test/target/test-dir/MiniOzoneClusterImpl-efb0e503-cad1-4dcb-a604-0867af0d3cca/datanode-5/data/ratis/11980758-03e1-4f35-a9ba-33bf8a35a0ac close()
2019-09-19 09:00:55,021 [main] INFO  impl.RaftServerImpl (RaftServerImpl.java:lambda$shutdown$3(245)) - 5794d84d-2349-4704-a7d7-6735dfcfc341: shutdown group-7A30AB7CA3EB
2019-09-19 09:00:55,021 [ForkJoinPool.commonPool-worker-1] INFO  impl.RaftServerImpl (RaftServerImpl.java:lambda$shutdown$3(245)) - 5794d84d-2349-4704-a7d7-6735dfcfc341: shutdown group-145AD4BEF4F6
2019-09-19 09:00:55,021 [main] INFO  util.JmxRegister (JmxRegister.java:unregister(73)) - Successfully un-registered JMX Bean with object name Ratis:service=RaftServer,group=group-7A30AB7CA3EB,id=5794d84d-2349-4704-a7d7-6735dfcfc341
2019-09-19 09:00:55,021 [ForkJoinPool.commonPool-worker-1] INFO  util.JmxRegister (JmxRegister.java:unregister(73)) - Successfully un-registered JMX Bean with object name Ratis:service=RaftServer,group=group-145AD4BEF4F6,id=5794d84d-2349-4704-a7d7-6735dfcfc341
2019-09-19 09:00:55,022 [main] INFO  impl.RoleInfo (RoleInfo.java:shutdownLeaderState(104)) - 5794d84d-2349-4704-a7d7-6735dfcfc341: shutdown LeaderState
2019-09-19 09:00:55,022 [ForkJoinPool.commonPool-worker-1] INFO  impl.RoleInfo (RoleInfo.java:shutdownLeaderState(104)) - 5794d84d-2349-4704-a7d7-6735dfcfc341: shutdown LeaderState
2019-09-19 09:00:55,022 [main] INFO  impl.PendingRequests (PendingRequests.java:sendNotLeaderResponses(202)) - 5794d84d-2349-4704-a7d7-6735dfcfc341-PendingRequests: sendNotLeaderResponses
2019-09-19 09:00:55,022 [ForkJoinPool.commonPool-worker-1] INFO  impl.PendingRequests (PendingRequests.java:sendNotLeaderResponses(202)) - 5794d84d-2349-4704-a7d7-6735dfcfc341-PendingRequests: sendNotLeaderResponses
2019-09-19 09:00:55,022 [main] INFO  impl.StateMachineUpdater (StateMachineUpdater.java:stopAndJoin(115)) - StateMachineUpdater:5794d84d-2349-4704-a7d7-6735dfcfc341:group-7A30AB7CA3EB: set stopIndex = 0
2019-09-19 09:00:55,023 [ForkJoinPool.commonPool-worker-1] INFO  impl.StateMachineUpdater (StateMachineUpdater.java:stopAndJoin(115)) - StateMachineUpdater:5794d84d-2349-4704-a7d7-6735dfcfc341:group-145AD4BEF4F6: set stopIndex = 0
2019-09-19 09:00:55,023 [main] INFO  impl.RaftServerImpl (ServerState.java:close(394)) - 5794d84d-2349-4704-a7d7-6735dfcfc341:group-7A30AB7CA3EB closes. The last applied log index is 0
2019-09-19 09:00:55,023 [ForkJoinPool.commonPool-worker-1] INFO  impl.RaftServerImpl (ServerState.java:close(394)) - 5794d84d-2349-4704-a7d7-6735dfcfc341:group-145AD4BEF4F6 closes. The last applied log index is 0
2019-09-19 09:00:55,023 [5794d84d-2349-4704-a7d7-6735dfcfc341-SegmentedRaftLogWorker:Storage Directory /workdir/hadoop-ozone/integration-test/target/test-dir/MiniOzoneClusterImpl-efb0e503-cad1-4dcb-a604-0867af0d3cca/datanode-5/data/ratis/51c63c5a-9d4b-49c0-880d-7a30ab7ca3eb] INFO  segmented.SegmentedRaftLogWorker (SegmentedRaftLogWorker.java:run(313)) - 5794d84d-2349-4704-a7d7-6735dfcfc341-SegmentedRaftLogWorker:Storage Directory /workdir/hadoop-ozone/integration-test/target/test-dir/MiniOzoneClusterImpl-efb0e503-cad1-4dcb-a604-0867af0d3cca/datanode-5/data/ratis/51c63c5a-9d4b-49c0-880d-7a30ab7ca3eb was interrupted, exiting. There are 0 tasks remaining in the queue.
2019-09-19 09:00:55,023 [5794d84d-2349-4704-a7d7-6735dfcfc341-SegmentedRaftLogWorker:Storage Directory /workdir/hadoop-ozone/integration-test/target/test-dir/MiniOzoneClusterImpl-efb0e503-cad1-4dcb-a604-0867af0d3cca/datanode-5/data/ratis/abe87264-7d26-4cd6-9d75-145ad4bef4f6] INFO  segmented.SegmentedRaftLogWorker (SegmentedRaftLogWorker.java:run(313)) - 5794d84d-2349-4704-a7d7-6735dfcfc341-SegmentedRaftLogWorker:Storage Directory /workdir/hadoop-ozone/integration-test/target/test-dir/MiniOzoneClusterImpl-efb0e503-cad1-4dcb-a604-0867af0d3cca/datanode-5/data/ratis/abe87264-7d26-4cd6-9d75-145ad4bef4f6 was interrupted, exiting. There are 0 tasks remaining in the queue.
2019-09-19 09:00:55,024 [main] INFO  segmented.SegmentedRaftLogWorker (SegmentedRaftLogWorker.java:close(228)) - 5794d84d-2349-4704-a7d7-6735dfcfc341-SegmentedRaftLogWorker:Storage Directory /workdir/hadoop-ozone/integration-test/target/test-dir/MiniOzoneClusterImpl-efb0e503-cad1-4dcb-a604-0867af0d3cca/datanode-5/data/ratis/51c63c5a-9d4b-49c0-880d-7a30ab7ca3eb close()
2019-09-19 09:00:55,025 [ForkJoinPool.commonPool-worker-1] INFO  segmented.SegmentedRaftLogWorker (SegmentedRaftLogWorker.java:close(228)) - 5794d84d-2349-4704-a7d7-6735dfcfc341-SegmentedRaftLogWorker:Storage Directory /workdir/hadoop-ozone/integration-test/target/test-dir/MiniOzoneClusterImpl-efb0e503-cad1-4dcb-a604-0867af0d3cca/datanode-5/data/ratis/abe87264-7d26-4cd6-9d75-145ad4bef4f6 close()
2019-09-19 09:00:55,025 [main] INFO  server.GrpcService (GrpcService.java:closeImpl(155)) - 5794d84d-2349-4704-a7d7-6735dfcfc341: shutdown server with port 35329 now
2019-09-19 09:00:55,027 [main] INFO  server.GrpcService (GrpcService.java:closeImpl(163)) - 5794d84d-2349-4704-a7d7-6735dfcfc341: shutdown server with port 35329 successfully
2019-09-19 09:00:55,030 [main] INFO  utils.BackgroundService (BackgroundService.java:shutdown(148)) - Shutting down service BlockDeletingService
2019-09-19 09:00:55,033 [refreshUsed-/workdir/hadoop-ozone/integration-test/target/test-dir/MiniOzoneClusterImpl-efb0e503-cad1-4dcb-a604-0867af0d3cca/datanode-5/data/containers] WARN  fs.CachingGetSpaceUsed (CachingGetSpaceUsed.java:run(183)) - Thread Interrupted waiting to refresh disk information: sleep interrupted
2019-09-19 09:00:55,046 [main] INFO  statemachine.DatanodeStateMachine (DatanodeStateMachine.java:stopDaemon(395)) - Ozone container server stopped.
2019-09-19 09:00:55,047 [main] INFO  handler.ContextHandler (ContextHandler.java:doStop(910)) - Stopped o.e.j.w.WebAppContext@661e1399{/,null,UNAVAILABLE}{/hddsDatanode}
2019-09-19 09:00:55,048 [main] INFO  server.AbstractConnector (AbstractConnector.java:doStop(318)) - Stopped ServerConnector@3ffd4b12{HTTP/1.1,[http/1.1]}{0.0.0.0:0}
2019-09-19 09:00:55,048 [main] INFO  handler.ContextHandler (ContextHandler.java:doStop(910)) - Stopped o.e.j.s.ServletContextHandler@29bd85db{/static,jar:file:/home/user/.m2/repository/org/apache/hadoop/hadoop-hdds-container-service/0.5.0-SNAPSHOT/hadoop-hdds-container-service-0.5.0-SNAPSHOT.jar!/webapps/static,UNAVAILABLE}
2019-09-19 09:00:55,048 [main] INFO  handler.ContextHandler (ContextHandler.java:doStop(910)) - Stopped o.e.j.s.ServletContextHandler@62e73ab6{/logs,file:///workdir/hadoop-ozone/integration-test/target/log,UNAVAILABLE}
2019-09-19 09:00:55,050 [main] INFO  ozone.MiniOzoneClusterImpl (MiniOzoneClusterImpl.java:stop(353)) - Stopping the StorageContainerManager
2019-09-19 09:00:55,050 [main] INFO  server.StorageContainerManager (StorageContainerManager.java:stop(797)) - Stopping Replication Manager Service.
2019-09-19 09:00:55,050 [main] INFO  container.ReplicationManager (ReplicationManager.java:stop(192)) - Stopping Replication Monitor Thread.
2019-09-19 09:00:55,050 [main] INFO  server.StorageContainerManager (StorageContainerManager.java:stop(804)) - Stopping Lease Manager of the command watchers
2019-09-19 09:00:55,051 [main] INFO  server.StorageContainerManager (StorageContainerManager.java:stop(811)) - Stopping datanode service RPC server
2019-09-19 09:00:55,051 [main] INFO  server.SCMDatanodeProtocolServer (SCMDatanodeProtocolServer.java:stop(367)) - Stopping the RPC server for DataNodes
2019-09-19 09:00:55,051 [main] INFO  ipc.Server (Server.java:stop(3082)) - Stopping server on 36964
2019-09-19 09:00:55,052 [IPC Server listener on 36964] INFO  ipc.Server (Server.java:run(1185)) - Stopping IPC Server listener on 36964
2019-09-19 09:00:55,053 [IPC Server Responder] INFO  ipc.Server (Server.java:run(1319)) - Stopping IPC Server Responder
2019-09-19 09:00:55,105 [SCM Heartbeat Processing Thread - 0] WARN  node.NodeStateManager (NodeStateManager.java:scheduleNextHealthCheck(655)) - Current Thread is interrupted, shutting down HB processing thread for Node Manager.
2019-09-19 09:00:55,105 [main] INFO  server.StorageContainerManager (StorageContainerManager.java:stop(819)) - Stopping block service RPC server
2019-09-19 09:00:55,105 [main] INFO  server.SCMBlockProtocolServer (SCMBlockProtocolServer.java:stop(148)) - Stopping the RPC server for Block Protocol
2019-09-19 09:00:55,106 [main] INFO  ipc.Server (Server.java:stop(3082)) - Stopping server on 46863
2019-09-19 09:00:55,108 [IPC Server listener on 46863] INFO  ipc.Server (Server.java:run(1185)) - Stopping IPC Server listener on 46863
2019-09-19 09:00:55,108 [main] INFO  server.StorageContainerManager (StorageContainerManager.java:stop(826)) - Stopping the StorageContainerLocationProtocol RPC server
2019-09-19 09:00:55,108 [IPC Server Responder] INFO  ipc.Server (Server.java:run(1319)) - Stopping IPC Server Responder
2019-09-19 09:00:55,108 [main] INFO  server.SCMClientProtocolServer (SCMClientProtocolServer.java:stop(159)) - Stopping the RPC server for Client Protocol
2019-09-19 09:00:55,109 [main] INFO  ipc.Server (Server.java:stop(3082)) - Stopping server on 38979
2019-09-19 09:00:55,111 [IPC Server listener on 38979] INFO  ipc.Server (Server.java:run(1185)) - Stopping IPC Server listener on 38979
2019-09-19 09:00:55,111 [IPC Server Responder] INFO  ipc.Server (Server.java:run(1319)) - Stopping IPC Server Responder
2019-09-19 09:00:55,111 [main] INFO  server.StorageContainerManager (StorageContainerManager.java:stop(833)) - Stopping Storage Container Manager HTTP server.
2019-09-19 09:00:55,112 [main] INFO  handler.ContextHandler (ContextHandler.java:doStop(910)) - Stopped o.e.j.w.WebAppContext@2ca65ce4{/,null,UNAVAILABLE}{/scm}
2019-09-19 09:00:55,113 [main] INFO  server.AbstractConnector (AbstractConnector.java:doStop(318)) - Stopped ServerConnector@6bc28a83{HTTP/1.1,[http/1.1]}{0.0.0.0:0}
2019-09-19 09:00:55,113 [main] INFO  handler.ContextHandler (ContextHandler.java:doStop(910)) - Stopped o.e.j.s.ServletContextHandler@bf1ec20{/static,file:///workdir/hadoop-ozone/integration-test/target/test-classes/webapps/static,UNAVAILABLE}
2019-09-19 09:00:55,114 [main] INFO  handler.ContextHandler (ContextHandler.java:doStop(910)) - Stopped o.e.j.s.ServletContextHandler@c5ee75e{/logs,file:///workdir/hadoop-ozone/integration-test/target/log,UNAVAILABLE}
2019-09-19 09:00:55,115 [main] INFO  server.StorageContainerManager (StorageContainerManager.java:stop(844)) - Stopping Block Manager Service.
2019-09-19 09:00:55,115 [main] INFO  utils.BackgroundService (BackgroundService.java:shutdown(148)) - Shutting down service SCMBlockDeletingService
2019-09-19 09:00:55,116 [main] INFO  utils.BackgroundService (BackgroundService.java:shutdown(148)) - Shutting down service SCMBlockDeletingService
2019-09-19 09:00:55,117 [main] INFO  server.StorageContainerManager (StorageContainerManager.java:stop(866)) - Stopping SCM Event Queue.
2019-09-19 09:00:55,126 [main] INFO  impl.MetricsSystemImpl (MetricsSystemImpl.java:stop(210)) - Stopping HddsDatanode metrics system...
2019-09-19 09:00:55,137 [main] INFO  impl.MetricsSystemImpl (MetricsSystemImpl.java:stop(216)) - HddsDatanode metrics system stopped.
]]></system-out>
    <system-err><![CDATA[Sep 19, 2019 9:00:07 AM com.sun.jersey.server.impl.application.WebApplicationImpl _initiate
INFO: Initiating Jersey application, version 'Jersey: 1.19 02/11/2015 03:25 AM'
Sep 19, 2019 9:00:08 AM com.sun.jersey.server.impl.application.WebApplicationImpl _initiate
INFO: Initiating Jersey application, version 'Jersey: 1.19 02/11/2015 03:25 AM'
Sep 19, 2019 9:00:08 AM com.sun.jersey.server.impl.application.WebApplicationImpl _initiate
INFO: Initiating Jersey application, version 'Jersey: 1.19 02/11/2015 03:25 AM'
Sep 19, 2019 9:00:08 AM com.sun.jersey.server.impl.application.WebApplicationImpl _initiate
INFO: Initiating Jersey application, version 'Jersey: 1.19 02/11/2015 03:25 AM'
Sep 19, 2019 9:00:09 AM com.sun.jersey.server.impl.application.WebApplicationImpl _initiate
INFO: Initiating Jersey application, version 'Jersey: 1.19 02/11/2015 03:25 AM'
Sep 19, 2019 9:00:09 AM com.sun.jersey.server.impl.application.WebApplicationImpl _initiate
INFO: Initiating Jersey application, version 'Jersey: 1.19 02/11/2015 03:25 AM'
Sep 19, 2019 9:00:09 AM com.sun.jersey.server.impl.application.WebApplicationImpl _initiate
INFO: Initiating Jersey application, version 'Jersey: 1.19 02/11/2015 03:25 AM'
]]></system-err>
  </testcase>
  <testcase name="testMaxRetriesByOzoneClient" classname="org.apache.hadoop.ozone.client.rpc.TestOzoneClientRetriesOnException" time="34.16">
    <error message="Allocated 0 blocks. Requested 4 blocks" type="INTERNAL_ERROR org.apache.hadoop.ozone.om.exceptions.OMException">INTERNAL_ERROR org.apache.hadoop.ozone.om.exceptions.OMException: Allocated 0 blocks. Requested 4 blocks
	at org.apache.hadoop.ozone.om.protocolPB.OzoneManagerProtocolClientSideTranslatorPB.handleError(OzoneManagerProtocolClientSideTranslatorPB.java:725)
	at org.apache.hadoop.ozone.om.protocolPB.OzoneManagerProtocolClientSideTranslatorPB.openKey(OzoneManagerProtocolClientSideTranslatorPB.java:716)
	at org.apache.hadoop.ozone.client.rpc.RpcClient.createKey(RpcClient.java:615)
	at org.apache.hadoop.ozone.client.OzoneBucket.createKey(OzoneBucket.java:323)
	at org.apache.hadoop.ozone.container.ContainerTestHelper.createKey(ContainerTestHelper.java:694)
	at org.apache.hadoop.ozone.client.rpc.TestOzoneClientRetriesOnException.createKey(TestOzoneClientRetriesOnException.java:226)
	at org.apache.hadoop.ozone.client.rpc.TestOzoneClientRetriesOnException.testMaxRetriesByOzoneClient(TestOzoneClientRetriesOnException.java:167)
	at sun.reflect.NativeMethodAccessorImpl.invoke0(Native Method)
	at sun.reflect.NativeMethodAccessorImpl.invoke(NativeMethodAccessorImpl.java:62)
	at sun.reflect.DelegatingMethodAccessorImpl.invoke(DelegatingMethodAccessorImpl.java:43)
	at java.lang.reflect.Method.invoke(Method.java:498)
	at org.junit.runners.model.FrameworkMethod$1.runReflectiveCall(FrameworkMethod.java:47)
	at org.junit.internal.runners.model.ReflectiveCallable.run(ReflectiveCallable.java:12)
	at org.junit.runners.model.FrameworkMethod.invokeExplosively(FrameworkMethod.java:44)
	at org.junit.internal.runners.statements.InvokeMethod.evaluate(InvokeMethod.java:17)
	at org.junit.internal.runners.statements.RunBefores.evaluate(RunBefores.java:26)
	at org.junit.internal.runners.statements.RunAfters.evaluate(RunAfters.java:27)
	at org.junit.runners.ParentRunner.runLeaf(ParentRunner.java:271)
	at org.junit.runners.BlockJUnit4ClassRunner.runChild(BlockJUnit4ClassRunner.java:70)
	at org.junit.runners.BlockJUnit4ClassRunner.runChild(BlockJUnit4ClassRunner.java:50)
	at org.junit.runners.ParentRunner$3.run(ParentRunner.java:238)
	at org.junit.runners.ParentRunner$1.schedule(ParentRunner.java:63)
	at org.junit.runners.ParentRunner.runChildren(ParentRunner.java:236)
	at org.junit.runners.ParentRunner.access$000(ParentRunner.java:53)
	at org.junit.runners.ParentRunner$2.evaluate(ParentRunner.java:229)
	at org.junit.runners.ParentRunner.run(ParentRunner.java:309)
	at org.apache.maven.surefire.junit4.JUnit4Provider.execute(JUnit4Provider.java:365)
	at org.apache.maven.surefire.junit4.JUnit4Provider.executeWithRerun(JUnit4Provider.java:273)
	at org.apache.maven.surefire.junit4.JUnit4Provider.executeTestSet(JUnit4Provider.java:238)
	at org.apache.maven.surefire.junit4.JUnit4Provider.invoke(JUnit4Provider.java:159)
	at org.apache.maven.surefire.booter.ForkedBooter.invokeProviderInSameClassLoader(ForkedBooter.java:384)
	at org.apache.maven.surefire.booter.ForkedBooter.runSuitesInProcess(ForkedBooter.java:345)
	at org.apache.maven.surefire.booter.ForkedBooter.execute(ForkedBooter.java:126)
	at org.apache.maven.surefire.booter.ForkedBooter.main(ForkedBooter.java:418)
</error>
    <system-out><![CDATA[2019-09-19 09:00:55,233 [main] WARN  server.ServerUtils (ServerUtils.java:getScmDbDir(145)) - ozone.scm.db.dirs is not configured. We recommend adding this setting. Falling back to ozone.metadata.dirs instead.
2019-09-19 09:00:55,272 [main] WARN  server.ServerUtils (ServerUtils.java:getScmDbDir(145)) - ozone.scm.db.dirs is not configured. We recommend adding this setting. Falling back to ozone.metadata.dirs instead.
2019-09-19 09:00:55,272 [main] WARN  server.ServerUtils (ServerUtils.java:getScmDbDir(145)) - ozone.scm.db.dirs is not configured. We recommend adding this setting. Falling back to ozone.metadata.dirs instead.
2019-09-19 09:00:55,273 [main] INFO  db.DBStoreBuilder (DBStoreBuilder.java:addTable(110)) - using custom profile for table: deletedBlocks
2019-09-19 09:00:55,273 [main] INFO  db.DBStoreBuilder (DBStoreBuilder.java:processTables(161)) - Using default column profile:DBProfile.DISK for Table:deletedBlocks
2019-09-19 09:00:55,274 [main] INFO  db.DBStoreBuilder (DBStoreBuilder.java:addTable(110)) - using custom profile for table: validCerts
2019-09-19 09:00:55,274 [main] INFO  db.DBStoreBuilder (DBStoreBuilder.java:processTables(161)) - Using default column profile:DBProfile.DISK for Table:validCerts
2019-09-19 09:00:55,275 [main] INFO  db.DBStoreBuilder (DBStoreBuilder.java:addTable(110)) - using custom profile for table: revokedCerts
2019-09-19 09:00:55,275 [main] INFO  db.DBStoreBuilder (DBStoreBuilder.java:processTables(161)) - Using default column profile:DBProfile.DISK for Table:revokedCerts
2019-09-19 09:00:55,275 [main] INFO  db.DBStoreBuilder (DBStoreBuilder.java:addTable(110)) - using custom profile for table: default
2019-09-19 09:00:55,276 [main] INFO  db.DBStoreBuilder (DBStoreBuilder.java:processTables(167)) - Using default column profile:DBProfile.DISK for Table:default
2019-09-19 09:00:55,276 [main] INFO  db.DBStoreBuilder (DBStoreBuilder.java:getDbProfile(198)) - Using default options. DBProfile.DISK
2019-09-19 09:00:55,442 [main] INFO  net.NodeSchemaLoader (NodeSchemaLoader.java:loadSchemaFromFile(125)) - Loading file from sun.misc.CompoundEnumeration@3321291a
2019-09-19 09:00:55,443 [main] INFO  net.NodeSchemaLoader (NodeSchemaLoader.java:loadSchema(171)) - Loading network topology layer schema file
2019-09-19 09:00:55,448 [main] WARN  server.ServerUtils (ServerUtils.java:sanitizeUserArgs(70)) - ozone.scm.stale.node.interval value = 300000 is larger than max = 100000 based on the key value of ozone.scm.heartbeat.thread.interval, reset to the max value 100000.
2019-09-19 09:00:55,448 [main] WARN  server.ServerUtils (ServerUtils.java:sanitizeUserArgs(70)) - ozone.scm.stale.node.interval value = 300000 is larger than max = 100000 based on the key value of ozone.scm.heartbeat.thread.interval, reset to the max value 100000.
2019-09-19 09:00:55,449 [main] INFO  node.SCMNodeManager (SCMNodeManager.java:<init>(121)) - Entering startup safe mode.
2019-09-19 09:00:55,449 [main] INFO  algorithms.ContainerPlacementPolicyFactory (ContainerPlacementPolicyFactory.java:getPolicy(56)) - Create container placement policy of type org.apache.hadoop.hdds.scm.container.placement.algorithms.SCMContainerPlacementRandom
2019-09-19 09:00:55,450 [main] WARN  server.ServerUtils (ServerUtils.java:getScmDbDir(145)) - ozone.scm.db.dirs is not configured. We recommend adding this setting. Falling back to ozone.metadata.dirs instead.
2019-09-19 09:00:55,492 [main] INFO  pipeline.SCMPipelineManager (SCMPipelineManager.java:initializePipelineState(126)) - No pipeline exists in current db
2019-09-19 09:00:55,493 [main] WARN  server.ServerUtils (ServerUtils.java:getScmDbDir(145)) - ozone.scm.db.dirs is not configured. We recommend adding this setting. Falling back to ozone.metadata.dirs instead.
2019-09-19 09:00:55,545 [main] WARN  events.EventQueue (EventQueue.java:fireEvent(175)) - No event handler registered for event TypedEvent{payloadType=SafeModeStatus, name='SafeModeStatus'}
2019-09-19 09:00:55,547 [main] INFO  ipc.CallQueueManager (CallQueueManager.java:<init>(84)) - Using callQueue: class java.util.concurrent.LinkedBlockingQueue, queueCapacity: 2000, scheduler: class org.apache.hadoop.ipc.DefaultRpcScheduler, ipcBackoff: false.
2019-09-19 09:00:55,548 [Socket Reader #1 for port 41086] INFO  ipc.Server (Server.java:run(1074)) - Starting Socket Reader #1 for port 41086
2019-09-19 09:00:55,550 [main] INFO  ipc.CallQueueManager (CallQueueManager.java:<init>(84)) - Using callQueue: class java.util.concurrent.LinkedBlockingQueue, queueCapacity: 2000, scheduler: class org.apache.hadoop.ipc.DefaultRpcScheduler, ipcBackoff: false.
2019-09-19 09:00:55,551 [Socket Reader #1 for port 40214] INFO  ipc.Server (Server.java:run(1074)) - Starting Socket Reader #1 for port 40214
2019-09-19 09:00:55,552 [main] INFO  ipc.CallQueueManager (CallQueueManager.java:<init>(84)) - Using callQueue: class java.util.concurrent.LinkedBlockingQueue, queueCapacity: 2000, scheduler: class org.apache.hadoop.ipc.DefaultRpcScheduler, ipcBackoff: false.
2019-09-19 09:00:55,553 [Socket Reader #1 for port 38315] INFO  ipc.Server (Server.java:run(1074)) - Starting Socket Reader #1 for port 38315
2019-09-19 09:00:55,556 [main] INFO  hdfs.DFSUtil (DFSUtil.java:httpServerTemplateForNNAndJN(1641)) - Starting Web-server for scm at: http://0.0.0.0:0
2019-09-19 09:00:55,559 [main] INFO  server.AuthenticationFilter (AuthenticationFilter.java:constructSecretProvider(240)) - Unable to initialize FileSignerSecretProvider, falling back to use random secrets.
2019-09-19 09:00:55,560 [main] WARN  http.HttpRequestLog (HttpRequestLog.java:getRequestLog(97)) - Jetty request log can only be enabled using Log4j
2019-09-19 09:00:55,562 [main] INFO  http.HttpServer2 (HttpServer2.java:addGlobalFilter(975)) - Added global filter 'safety' (class=org.apache.hadoop.http.HttpServer2$QuotingInputFilter)
2019-09-19 09:00:55,563 [main] INFO  http.HttpServer2 (HttpServer2.java:addFilter(948)) - Added filter static_user_filter (class=org.apache.hadoop.http.lib.StaticUserWebFilter$StaticUserFilter) to context scm
2019-09-19 09:00:55,564 [main] INFO  http.HttpServer2 (HttpServer2.java:addFilter(958)) - Added filter static_user_filter (class=org.apache.hadoop.http.lib.StaticUserWebFilter$StaticUserFilter) to context logs
2019-09-19 09:00:55,564 [main] INFO  http.HttpServer2 (HttpServer2.java:addFilter(958)) - Added filter static_user_filter (class=org.apache.hadoop.http.lib.StaticUserWebFilter$StaticUserFilter) to context static
2019-09-19 09:00:55,567 [main] INFO  server.StorageContainerManager (StorageContainerManager.java:start(759)) - StorageContainerLocationProtocol RPC server is listening at /0.0.0.0:38315
2019-09-19 09:00:55,570 [main] WARN  impl.MetricsConfig (MetricsConfig.java:loadFirst(134)) - Cannot locate configuration: tried hadoop-metrics2-storagecontainermanager.properties,hadoop-metrics2.properties
2019-09-19 09:00:55,572 [main] INFO  impl.MetricsSystemImpl (MetricsSystemImpl.java:startTimer(374)) - Scheduled Metric snapshot period at 10 second(s).
2019-09-19 09:00:55,572 [main] INFO  impl.MetricsSystemImpl (MetricsSystemImpl.java:start(191)) - StorageContainerManager metrics system started
2019-09-19 09:00:55,635 [main] INFO  server.SCMClientProtocolServer (SCMClientProtocolServer.java:start(151)) - RPC server for Client  is listening at /0.0.0.0:38315
2019-09-19 09:00:55,636 [IPC Server Responder] INFO  ipc.Server (Server.java:run(1314)) - IPC Server Responder: starting
2019-09-19 09:00:55,636 [IPC Server listener on 38315] INFO  ipc.Server (Server.java:run(1153)) - IPC Server listener on 38315: starting
2019-09-19 09:00:55,640 [main] INFO  server.StorageContainerManager (StorageContainerManager.java:start(769)) - ScmBlockLocationProtocol RPC server is listening at /0.0.0.0:40214
2019-09-19 09:00:55,640 [main] INFO  server.SCMBlockProtocolServer (SCMBlockProtocolServer.java:start(140)) - RPC server for Block Protocol is listening at /0.0.0.0:40214
2019-09-19 09:00:55,640 [IPC Server Responder] INFO  ipc.Server (Server.java:run(1314)) - IPC Server Responder: starting
2019-09-19 09:00:55,641 [IPC Server listener on 40214] INFO  ipc.Server (Server.java:run(1153)) - IPC Server listener on 40214: starting
2019-09-19 09:00:55,644 [main] INFO  server.StorageContainerManager (StorageContainerManager.java:start(773)) - ScmDatanodeProtocl RPC server is listening at /0.0.0.0:41086
2019-09-19 09:00:55,645 [main] INFO  server.SCMDatanodeProtocolServer (SCMDatanodeProtocolServer.java:start(191)) - RPC server for DataNodes is listening at /0.0.0.0:41086
2019-09-19 09:00:55,645 [IPC Server Responder] INFO  ipc.Server (Server.java:run(1314)) - IPC Server Responder: starting
2019-09-19 09:00:55,646 [IPC Server listener on 41086] INFO  ipc.Server (Server.java:run(1153)) - IPC Server listener on 41086: starting
2019-09-19 09:00:55,649 [main] INFO  http.HttpServer2 (HttpServer2.java:bindListener(1191)) - Jetty bound to port 43443
2019-09-19 09:00:55,650 [main] INFO  server.Server (Server.java:doStart(351)) - jetty-9.3.24.v20180605, build timestamp: 2018-06-05T17:11:56Z, git hash: 84205aa28f11a4f31f2a3b86d1bba2cc8ab69827
2019-09-19 09:00:55,652 [main] INFO  handler.ContextHandler (ContextHandler.java:doStart(781)) - Started o.e.j.s.ServletContextHandler@13cc31ae{/logs,file:///workdir/hadoop-ozone/integration-test/target/log,AVAILABLE}
2019-09-19 09:00:55,652 [main] INFO  handler.ContextHandler (ContextHandler.java:doStart(781)) - Started o.e.j.s.ServletContextHandler@4bfa5eb9{/static,file:///workdir/hadoop-ozone/integration-test/target/test-classes/webapps/static,AVAILABLE}
2019-09-19 09:00:55,658 [main] INFO  handler.ContextHandler (ContextHandler.java:doStart(781)) - Started o.e.j.w.WebAppContext@406ad6d5{/,file:///workdir/hadoop-ozone/integration-test/target/test-classes/webapps/scm/,AVAILABLE}{/scm}
2019-09-19 09:00:55,658 [main] INFO  server.AbstractConnector (AbstractConnector.java:doStart(278)) - Started ServerConnector@2a7bc16b{HTTP/1.1,[http/1.1]}{0.0.0.0:43443}
2019-09-19 09:00:55,659 [main] INFO  server.Server (Server.java:doStart(419)) - Started @54346ms
2019-09-19 09:00:55,660 [main] INFO  server.BaseHttpServer (BaseHttpServer.java:updateConnectorAddress(213)) - HTTP server of SCM is listening at http://0.0.0.0:43443
2019-09-19 09:00:55,660 [main] WARN  server.ServerUtils (ServerUtils.java:getDBPath(222)) - ozone.om.db.dirs is not configured. We recommend adding this setting. Falling back to ozone.metadata.dirs instead.
2019-09-19 09:00:55,661 [org.apache.hadoop.util.JvmPauseMonitor$Monitor@42cc5460] INFO  util.JvmPauseMonitor (JvmPauseMonitor.java:run(188)) - Starting JVM pause monitor
2019-09-19 09:00:55,675 [main] WARN  server.ServerUtils (ServerUtils.java:getDBPath(222)) - ozone.om.db.dirs is not configured. We recommend adding this setting. Falling back to ozone.metadata.dirs instead.
2019-09-19 09:00:55,676 [main] WARN  server.ServerUtils (ServerUtils.java:getDBPath(222)) - ozone.om.db.dirs is not configured. We recommend adding this setting. Falling back to ozone.metadata.dirs instead.
2019-09-19 09:00:55,676 [main] INFO  om.OzoneManager (OzoneManager.java:setOMNodeDetails(645)) - OM Service ID is not set. Setting it to the default ID: omServiceIdDefault
2019-09-19 09:00:55,677 [main] INFO  om.OzoneManager (OzoneManager.java:setOMNodeDetails(651)) - OM Node ID is not set. Setting it to the OmStorage's OmID: e27ee99d-8acf-4ede-8184-a877c88834e7
2019-09-19 09:00:55,677 [main] INFO  om.OzoneManager (OzoneManager.java:loadOMHAConfigs(602)) - Found matching OM address with OMServiceId: null, OMNodeId: null, RPC Address: localhost:0 and Ratis port: 9872
2019-09-19 09:00:55,683 | INFO  | SCMAudit | user=jenkins1000 | ip=192.168.34.5 | op=GET_SCM_INFO null | ret=SUCCESS |  
2019-09-19 09:00:55,686 [main] WARN  server.ServerUtils (ServerUtils.java:getDBPath(222)) - ozone.om.db.dirs is not configured. We recommend adding this setting. Falling back to ozone.metadata.dirs instead.
2019-09-19 09:00:55,686 [main] INFO  db.DBStoreBuilder (DBStoreBuilder.java:addTable(110)) - using custom profile for table: userTable
2019-09-19 09:00:55,687 [main] INFO  db.DBStoreBuilder (DBStoreBuilder.java:processTables(161)) - Using default column profile:DBProfile.DISK for Table:userTable
2019-09-19 09:00:55,687 [main] INFO  db.DBStoreBuilder (DBStoreBuilder.java:addTable(110)) - using custom profile for table: volumeTable
2019-09-19 09:00:55,687 [main] INFO  db.DBStoreBuilder (DBStoreBuilder.java:processTables(161)) - Using default column profile:DBProfile.DISK for Table:volumeTable
2019-09-19 09:00:55,688 [main] INFO  db.DBStoreBuilder (DBStoreBuilder.java:addTable(110)) - using custom profile for table: bucketTable
2019-09-19 09:00:55,688 [main] INFO  db.DBStoreBuilder (DBStoreBuilder.java:processTables(161)) - Using default column profile:DBProfile.DISK for Table:bucketTable
2019-09-19 09:00:55,688 [main] INFO  db.DBStoreBuilder (DBStoreBuilder.java:addTable(110)) - using custom profile for table: keyTable
2019-09-19 09:00:55,689 [main] INFO  db.DBStoreBuilder (DBStoreBuilder.java:processTables(161)) - Using default column profile:DBProfile.DISK for Table:keyTable
2019-09-19 09:00:55,689 [main] INFO  db.DBStoreBuilder (DBStoreBuilder.java:addTable(110)) - using custom profile for table: deletedTable
2019-09-19 09:00:55,689 [main] INFO  db.DBStoreBuilder (DBStoreBuilder.java:processTables(161)) - Using default column profile:DBProfile.DISK for Table:deletedTable
2019-09-19 09:00:55,690 [main] INFO  db.DBStoreBuilder (DBStoreBuilder.java:addTable(110)) - using custom profile for table: openKeyTable
2019-09-19 09:00:55,690 [main] INFO  db.DBStoreBuilder (DBStoreBuilder.java:processTables(161)) - Using default column profile:DBProfile.DISK for Table:openKeyTable
2019-09-19 09:00:55,690 [main] INFO  db.DBStoreBuilder (DBStoreBuilder.java:addTable(110)) - using custom profile for table: s3Table
2019-09-19 09:00:55,690 [main] INFO  db.DBStoreBuilder (DBStoreBuilder.java:processTables(161)) - Using default column profile:DBProfile.DISK for Table:s3Table
2019-09-19 09:00:55,691 [main] INFO  db.DBStoreBuilder (DBStoreBuilder.java:addTable(110)) - using custom profile for table: multipartInfoTable
2019-09-19 09:00:55,691 [main] INFO  db.DBStoreBuilder (DBStoreBuilder.java:processTables(161)) - Using default column profile:DBProfile.DISK for Table:multipartInfoTable
2019-09-19 09:00:55,691 [main] INFO  db.DBStoreBuilder (DBStoreBuilder.java:addTable(110)) - using custom profile for table: dTokenTable
2019-09-19 09:00:55,691 [main] INFO  db.DBStoreBuilder (DBStoreBuilder.java:processTables(161)) - Using default column profile:DBProfile.DISK for Table:dTokenTable
2019-09-19 09:00:55,692 [main] INFO  db.DBStoreBuilder (DBStoreBuilder.java:addTable(110)) - using custom profile for table: s3SecretTable
2019-09-19 09:00:55,692 [main] INFO  db.DBStoreBuilder (DBStoreBuilder.java:processTables(161)) - Using default column profile:DBProfile.DISK for Table:s3SecretTable
2019-09-19 09:00:55,692 [main] INFO  db.DBStoreBuilder (DBStoreBuilder.java:addTable(110)) - using custom profile for table: prefixTable
2019-09-19 09:00:55,693 [main] INFO  db.DBStoreBuilder (DBStoreBuilder.java:processTables(161)) - Using default column profile:DBProfile.DISK for Table:prefixTable
2019-09-19 09:00:55,693 [main] INFO  db.DBStoreBuilder (DBStoreBuilder.java:addTable(110)) - using custom profile for table: default
2019-09-19 09:00:55,693 [main] INFO  db.DBStoreBuilder (DBStoreBuilder.java:processTables(167)) - Using default column profile:DBProfile.DISK for Table:default
2019-09-19 09:00:55,694 [main] INFO  db.DBStoreBuilder (DBStoreBuilder.java:getDbProfile(198)) - Using default options. DBProfile.DISK
2019-09-19 09:00:56,110 [main] INFO  ipc.CallQueueManager (CallQueueManager.java:<init>(84)) - Using callQueue: class java.util.concurrent.LinkedBlockingQueue, queueCapacity: 2000, scheduler: class org.apache.hadoop.ipc.DefaultRpcScheduler, ipcBackoff: false.
2019-09-19 09:00:56,111 [Socket Reader #1 for port 36746] INFO  ipc.Server (Server.java:run(1074)) - Starting Socket Reader #1 for port 36746
2019-09-19 09:00:56,123 [main] INFO  om.OzoneManager (OzoneManager.java:start(1256)) - OzoneManager RPC server is listening at localhost/127.0.0.1:36746
2019-09-19 09:00:56,124 [main] INFO  impl.MetricsSystemImpl (MetricsSystemImpl.java:init(158)) - OzoneManager metrics system started (again)
2019-09-19 09:00:56,124 [IPC Server listener on 36746] INFO  ipc.Server (Server.java:run(1153)) - IPC Server listener on 36746: starting
2019-09-19 09:00:56,124 [IPC Server Responder] INFO  ipc.Server (Server.java:run(1314)) - IPC Server Responder: starting
2019-09-19 09:00:56,129 [main] INFO  hdfs.DFSUtil (DFSUtil.java:httpServerTemplateForNNAndJN(1641)) - Starting Web-server for ozoneManager at: http://0.0.0.0:0
2019-09-19 09:00:56,131 [main] INFO  server.AuthenticationFilter (AuthenticationFilter.java:constructSecretProvider(240)) - Unable to initialize FileSignerSecretProvider, falling back to use random secrets.
2019-09-19 09:00:56,132 [main] WARN  http.HttpRequestLog (HttpRequestLog.java:getRequestLog(97)) - Jetty request log can only be enabled using Log4j
2019-09-19 09:00:56,134 [main] INFO  http.HttpServer2 (HttpServer2.java:addGlobalFilter(975)) - Added global filter 'safety' (class=org.apache.hadoop.http.HttpServer2$QuotingInputFilter)
2019-09-19 09:00:56,136 [main] INFO  http.HttpServer2 (HttpServer2.java:addFilter(948)) - Added filter static_user_filter (class=org.apache.hadoop.http.lib.StaticUserWebFilter$StaticUserFilter) to context ozoneManager
2019-09-19 09:00:56,136 [main] INFO  http.HttpServer2 (HttpServer2.java:addFilter(958)) - Added filter static_user_filter (class=org.apache.hadoop.http.lib.StaticUserWebFilter$StaticUserFilter) to context static
2019-09-19 09:00:56,136 [main] INFO  http.HttpServer2 (HttpServer2.java:addFilter(958)) - Added filter static_user_filter (class=org.apache.hadoop.http.lib.StaticUserWebFilter$StaticUserFilter) to context logs
2019-09-19 09:00:56,138 [main] INFO  http.HttpServer2 (HttpServer2.java:bindListener(1191)) - Jetty bound to port 45524
2019-09-19 09:00:56,138 [main] INFO  server.Server (Server.java:doStart(351)) - jetty-9.3.24.v20180605, build timestamp: 2018-06-05T17:11:56Z, git hash: 84205aa28f11a4f31f2a3b86d1bba2cc8ab69827
2019-09-19 09:00:56,140 [main] INFO  handler.ContextHandler (ContextHandler.java:doStart(781)) - Started o.e.j.s.ServletContextHandler@d84418a{/logs,file:///workdir/hadoop-ozone/integration-test/target/log,AVAILABLE}
2019-09-19 09:00:56,141 [main] INFO  handler.ContextHandler (ContextHandler.java:doStart(781)) - Started o.e.j.s.ServletContextHandler@ec5f944{/static,file:///workdir/hadoop-ozone/integration-test/target/test-classes/webapps/static,AVAILABLE}
2019-09-19 09:00:56,147 [main] INFO  handler.ContextHandler (ContextHandler.java:doStart(781)) - Started o.e.j.w.WebAppContext@21e484b{/,file:///workdir/hadoop-ozone/integration-test/target/test-classes/webapps/ozoneManager/,AVAILABLE}{/ozoneManager}
2019-09-19 09:00:56,149 [main] INFO  server.AbstractConnector (AbstractConnector.java:doStart(278)) - Started ServerConnector@191f4d65{HTTP/1.1,[http/1.1]}{0.0.0.0:45524}
2019-09-19 09:00:56,149 [main] INFO  server.Server (Server.java:doStart(419)) - Started @54836ms
2019-09-19 09:00:56,150 [main] INFO  server.BaseHttpServer (BaseHttpServer.java:updateConnectorAddress(213)) - HTTP server of OZONEMANAGER is listening at http://0.0.0.0:45524
2019-09-19 09:00:56,170 [main] INFO  impl.MetricsSystemImpl (MetricsSystemImpl.java:init(158)) - HddsDatanode metrics system started (again)
2019-09-19 09:00:56,172 [main] INFO  ozone.HddsDatanodeService (HddsDatanodeService.java:start(184)) - HddsDatanodeService host:pr-hdds-1569-j4bt4-3030777008 ip:192.168.34.5
2019-09-19 09:00:56,180 [main] INFO  volume.HddsVolume (HddsVolume.java:<init>(176)) - Creating Volume: /workdir/hadoop-ozone/integration-test/target/test-dir/MiniOzoneClusterImpl-d1f5ba66-8c72-4ad4-ac90-f92cf1c4e2b2/datanode-0/data/containers/hdds of  storage type : DISK and capacity : 1482555576320
2019-09-19 09:00:56,180 [main] INFO  volume.VolumeSet (VolumeSet.java:initializeVolumeSet(170)) - Added Volume : /workdir/hadoop-ozone/integration-test/target/test-dir/MiniOzoneClusterImpl-d1f5ba66-8c72-4ad4-ac90-f92cf1c4e2b2/datanode-0/data/containers/hdds to VolumeSet
2019-09-19 09:00:56,181 [main] INFO  volume.ThrottledAsyncChecker (ThrottledAsyncChecker.java:schedule(140)) - Scheduling a check for org.apache.hadoop.ozone.container.common.volume.HddsVolume@1a4083f6
2019-09-19 09:00:56,181 [main] INFO  volume.HddsVolumeChecker (HddsVolumeChecker.java:checkAllVolumes(203)) - Scheduled health check for volume org.apache.hadoop.ozone.container.common.volume.HddsVolume@1a4083f6
2019-09-19 09:00:56,198 [main] INFO  impl.RaftServerProxy (ConfUtils.java:logGet(43)) - raft.rpc.type = GRPC (default)
2019-09-19 09:00:56,198 [main] INFO  grpc.GrpcFactory (GrpcFactory.java:checkPooledByteBufAllocatorUseCacheForAllThreads(45)) - PERFORMANCE WARNING: useCacheForAllThreads is true that may cause Netty to create a lot garbage objects and, as a result, trigger GC.
	It is recommended to disable useCacheForAllThreads by setting -Dorg.apache.ratis.thirdparty.io.netty.allocator.useCacheForAllThreads=false in command line.
2019-09-19 09:00:56,199 [main] INFO  grpc.GrpcConfigKeys$Server (ConfUtils.java:logGet(43)) - raft.grpc.server.port = 0 (default)
2019-09-19 09:00:56,199 [main] INFO  server.GrpcService (ConfUtils.java:logGet(43)) - raft.grpc.message.size.max = 33570816 (custom)
2019-09-19 09:00:56,199 [main] INFO  server.RaftServerConfigKeys (ConfUtils.java:logGet(43)) - raft.server.log.appender.buffer.byte-limit = 33554432 (custom)
2019-09-19 09:00:56,199 [main] INFO  server.GrpcService (ConfUtils.java:logGet(43)) - raft.grpc.flow.control.window = 1MB (=1048576) (default)
2019-09-19 09:00:56,200 [main] INFO  server.RaftServerConfigKeys (ConfUtils.java:logGet(43)) - raft.server.rpc.request.timeout = 3000ms (default)
2019-09-19 09:00:56,200 [main] INFO  server.RaftServerConfigKeys (ConfUtils.java:logGet(43)) - raft.server.storage.dir = [/workdir/hadoop-ozone/integration-test/target/test-dir/MiniOzoneClusterImpl-d1f5ba66-8c72-4ad4-ac90-f92cf1c4e2b2/datanode-0/data/ratis] (custom)
2019-09-19 09:00:56,201 [main] INFO  replication.SimpleContainerDownloader (SimpleContainerDownloader.java:<init>(72)) - Starting container downloader service to copy containers to replicate.
2019-09-19 09:00:56,202 [main] INFO  hdfs.DFSUtil (DFSUtil.java:httpServerTemplateForNNAndJN(1641)) - Starting Web-server for hddsDatanode at: http://0.0.0.0:0
2019-09-19 09:00:56,203 [main] INFO  server.AuthenticationFilter (AuthenticationFilter.java:constructSecretProvider(240)) - Unable to initialize FileSignerSecretProvider, falling back to use random secrets.
2019-09-19 09:00:56,204 [main] WARN  http.HttpRequestLog (HttpRequestLog.java:getRequestLog(97)) - Jetty request log can only be enabled using Log4j
2019-09-19 09:00:56,205 [main] INFO  http.HttpServer2 (HttpServer2.java:addGlobalFilter(975)) - Added global filter 'safety' (class=org.apache.hadoop.http.HttpServer2$QuotingInputFilter)
2019-09-19 09:00:56,206 [main] INFO  http.HttpServer2 (HttpServer2.java:addFilter(948)) - Added filter static_user_filter (class=org.apache.hadoop.http.lib.StaticUserWebFilter$StaticUserFilter) to context hddsDatanode
2019-09-19 09:00:56,206 [main] INFO  http.HttpServer2 (HttpServer2.java:addFilter(958)) - Added filter static_user_filter (class=org.apache.hadoop.http.lib.StaticUserWebFilter$StaticUserFilter) to context logs
2019-09-19 09:00:56,206 [main] INFO  http.HttpServer2 (HttpServer2.java:addFilter(958)) - Added filter static_user_filter (class=org.apache.hadoop.http.lib.StaticUserWebFilter$StaticUserFilter) to context static
2019-09-19 09:00:56,207 [main] INFO  http.HttpServer2 (HttpServer2.java:bindListener(1191)) - Jetty bound to port 40281
2019-09-19 09:00:56,207 [main] INFO  server.Server (Server.java:doStart(351)) - jetty-9.3.24.v20180605, build timestamp: 2018-06-05T17:11:56Z, git hash: 84205aa28f11a4f31f2a3b86d1bba2cc8ab69827
2019-09-19 09:00:56,209 [main] INFO  handler.ContextHandler (ContextHandler.java:doStart(781)) - Started o.e.j.s.ServletContextHandler@78545d40{/logs,file:///workdir/hadoop-ozone/integration-test/target/log,AVAILABLE}
2019-09-19 09:00:56,210 [main] INFO  handler.ContextHandler (ContextHandler.java:doStart(781)) - Started o.e.j.s.ServletContextHandler@144a5e6e{/static,jar:file:/home/user/.m2/repository/org/apache/hadoop/hadoop-hdds-container-service/0.5.0-SNAPSHOT/hadoop-hdds-container-service-0.5.0-SNAPSHOT.jar!/webapps/static,AVAILABLE}
2019-09-19 09:00:56,239 [main] INFO  handler.ContextHandler (ContextHandler.java:doStart(781)) - Started o.e.j.w.WebAppContext@592a1882{/,file:///tmp/jetty-0.0.0.0-40281-hddsDatanode-_-any-6345670387549028238.dir/webapp/,AVAILABLE}{/hddsDatanode}
2019-09-19 09:00:56,240 [main] INFO  server.AbstractConnector (AbstractConnector.java:doStart(278)) - Started ServerConnector@48368a08{HTTP/1.1,[http/1.1]}{0.0.0.0:40281}
2019-09-19 09:00:56,241 [main] INFO  server.Server (Server.java:doStart(419)) - Started @54928ms
2019-09-19 09:00:56,241 [main] INFO  server.BaseHttpServer (BaseHttpServer.java:updateConnectorAddress(213)) - HTTP server of HDDSDATANODE is listening at http://0.0.0.0:40281
2019-09-19 09:00:56,381 | INFO  | ObjectStoreRestHttpServer | Listening HDDS REST traffic on /0.0.0.0:41464 |  
2019-09-19 09:00:56,381 [main] INFO  ozone.HddsDatanodeService (HddsDatanodeService.java:startPlugins(395)) - Started plug-in org.apache.hadoop.ozone.web.OzoneHddsDatanodeService@31b741e2
2019-09-19 09:00:56,382 [main] INFO  impl.MetricsSystemImpl (MetricsSystemImpl.java:init(158)) - HddsDatanode metrics system started (again)
2019-09-19 09:00:56,385 [org.apache.hadoop.util.JvmPauseMonitor$Monitor@ac2989a] INFO  util.JvmPauseMonitor (JvmPauseMonitor.java:run(188)) - Starting JVM pause monitor
2019-09-19 09:00:56,385 [main] INFO  ozone.HddsDatanodeService (HddsDatanodeService.java:start(184)) - HddsDatanodeService host:pr-hdds-1569-j4bt4-3030777008 ip:192.168.34.5
2019-09-19 09:00:56,388 [Datanode State Machine Thread - 0] INFO  datanode.InitDatanodeState (InitDatanodeState.java:persistContainerDatanodeDetails(140)) - DatanodeDetails is persisted to /workdir/hadoop-ozone/integration-test/target/test-dir/MiniOzoneClusterImpl-d1f5ba66-8c72-4ad4-ac90-f92cf1c4e2b2/datanode-0/meta/datanode.id
2019-09-19 09:00:56,392 [main] INFO  volume.HddsVolume (HddsVolume.java:<init>(176)) - Creating Volume: /workdir/hadoop-ozone/integration-test/target/test-dir/MiniOzoneClusterImpl-d1f5ba66-8c72-4ad4-ac90-f92cf1c4e2b2/datanode-1/data/containers/hdds of  storage type : DISK and capacity : 1482555576320
2019-09-19 09:00:56,392 [main] INFO  volume.VolumeSet (VolumeSet.java:initializeVolumeSet(170)) - Added Volume : /workdir/hadoop-ozone/integration-test/target/test-dir/MiniOzoneClusterImpl-d1f5ba66-8c72-4ad4-ac90-f92cf1c4e2b2/datanode-1/data/containers/hdds to VolumeSet
2019-09-19 09:00:56,392 [main] INFO  volume.ThrottledAsyncChecker (ThrottledAsyncChecker.java:schedule(140)) - Scheduling a check for org.apache.hadoop.ozone.container.common.volume.HddsVolume@1bfa3893
2019-09-19 09:00:56,393 [main] INFO  volume.HddsVolumeChecker (HddsVolumeChecker.java:checkAllVolumes(203)) - Scheduled health check for volume org.apache.hadoop.ozone.container.common.volume.HddsVolume@1bfa3893
2019-09-19 09:00:56,406 [main] INFO  impl.RaftServerProxy (ConfUtils.java:logGet(43)) - raft.rpc.type = GRPC (default)
2019-09-19 09:00:56,406 [main] INFO  grpc.GrpcFactory (GrpcFactory.java:checkPooledByteBufAllocatorUseCacheForAllThreads(45)) - PERFORMANCE WARNING: useCacheForAllThreads is true that may cause Netty to create a lot garbage objects and, as a result, trigger GC.
	It is recommended to disable useCacheForAllThreads by setting -Dorg.apache.ratis.thirdparty.io.netty.allocator.useCacheForAllThreads=false in command line.
2019-09-19 09:00:56,406 [main] INFO  grpc.GrpcConfigKeys$Server (ConfUtils.java:logGet(43)) - raft.grpc.server.port = 0 (default)
2019-09-19 09:00:56,406 [main] INFO  server.GrpcService (ConfUtils.java:logGet(43)) - raft.grpc.message.size.max = 33570816 (custom)
2019-09-19 09:00:56,406 [main] INFO  server.RaftServerConfigKeys (ConfUtils.java:logGet(43)) - raft.server.log.appender.buffer.byte-limit = 33554432 (custom)
2019-09-19 09:00:56,407 [main] INFO  server.GrpcService (ConfUtils.java:logGet(43)) - raft.grpc.flow.control.window = 1MB (=1048576) (default)
2019-09-19 09:00:56,407 [main] INFO  server.RaftServerConfigKeys (ConfUtils.java:logGet(43)) - raft.server.rpc.request.timeout = 3000ms (default)
2019-09-19 09:00:56,407 [main] INFO  server.RaftServerConfigKeys (ConfUtils.java:logGet(43)) - raft.server.storage.dir = [/workdir/hadoop-ozone/integration-test/target/test-dir/MiniOzoneClusterImpl-d1f5ba66-8c72-4ad4-ac90-f92cf1c4e2b2/datanode-1/data/ratis] (custom)
2019-09-19 09:00:56,408 [main] INFO  replication.SimpleContainerDownloader (SimpleContainerDownloader.java:<init>(72)) - Starting container downloader service to copy containers to replicate.
2019-09-19 09:00:56,409 [main] INFO  hdfs.DFSUtil (DFSUtil.java:httpServerTemplateForNNAndJN(1641)) - Starting Web-server for hddsDatanode at: http://0.0.0.0:0
2019-09-19 09:00:56,410 [main] INFO  server.AuthenticationFilter (AuthenticationFilter.java:constructSecretProvider(240)) - Unable to initialize FileSignerSecretProvider, falling back to use random secrets.
2019-09-19 09:00:56,410 [main] WARN  http.HttpRequestLog (HttpRequestLog.java:getRequestLog(97)) - Jetty request log can only be enabled using Log4j
2019-09-19 09:00:56,412 [main] INFO  http.HttpServer2 (HttpServer2.java:addGlobalFilter(975)) - Added global filter 'safety' (class=org.apache.hadoop.http.HttpServer2$QuotingInputFilter)
2019-09-19 09:00:56,412 [main] INFO  http.HttpServer2 (HttpServer2.java:addFilter(948)) - Added filter static_user_filter (class=org.apache.hadoop.http.lib.StaticUserWebFilter$StaticUserFilter) to context hddsDatanode
2019-09-19 09:00:56,412 [main] INFO  http.HttpServer2 (HttpServer2.java:addFilter(958)) - Added filter static_user_filter (class=org.apache.hadoop.http.lib.StaticUserWebFilter$StaticUserFilter) to context logs
2019-09-19 09:00:56,412 [main] INFO  http.HttpServer2 (HttpServer2.java:addFilter(958)) - Added filter static_user_filter (class=org.apache.hadoop.http.lib.StaticUserWebFilter$StaticUserFilter) to context static
2019-09-19 09:00:56,413 [main] INFO  http.HttpServer2 (HttpServer2.java:bindListener(1191)) - Jetty bound to port 42913
2019-09-19 09:00:56,413 [main] INFO  server.Server (Server.java:doStart(351)) - jetty-9.3.24.v20180605, build timestamp: 2018-06-05T17:11:56Z, git hash: 84205aa28f11a4f31f2a3b86d1bba2cc8ab69827
2019-09-19 09:00:56,415 [main] INFO  handler.ContextHandler (ContextHandler.java:doStart(781)) - Started o.e.j.s.ServletContextHandler@6248cfab{/logs,file:///workdir/hadoop-ozone/integration-test/target/log,AVAILABLE}
2019-09-19 09:00:56,415 [main] INFO  handler.ContextHandler (ContextHandler.java:doStart(781)) - Started o.e.j.s.ServletContextHandler@45c90a05{/static,jar:file:/home/user/.m2/repository/org/apache/hadoop/hadoop-hdds-container-service/0.5.0-SNAPSHOT/hadoop-hdds-container-service-0.5.0-SNAPSHOT.jar!/webapps/static,AVAILABLE}
2019-09-19 09:00:56,457 [main] INFO  handler.ContextHandler (ContextHandler.java:doStart(781)) - Started o.e.j.w.WebAppContext@38a38ed4{/,file:///tmp/jetty-0.0.0.0-42913-hddsDatanode-_-any-28275241060871979.dir/webapp/,AVAILABLE}{/hddsDatanode}
2019-09-19 09:00:56,458 [main] INFO  server.AbstractConnector (AbstractConnector.java:doStart(278)) - Started ServerConnector@1e29a81a{HTTP/1.1,[http/1.1]}{0.0.0.0:42913}
2019-09-19 09:00:56,459 [main] INFO  server.Server (Server.java:doStart(419)) - Started @55147ms
2019-09-19 09:00:56,460 [main] INFO  server.BaseHttpServer (BaseHttpServer.java:updateConnectorAddress(213)) - HTTP server of HDDSDATANODE is listening at http://0.0.0.0:42913
2019-09-19 09:00:56,610 | INFO  | ObjectStoreRestHttpServer | Listening HDDS REST traffic on /0.0.0.0:40793 |  
2019-09-19 09:00:56,610 [main] INFO  ozone.HddsDatanodeService (HddsDatanodeService.java:startPlugins(395)) - Started plug-in org.apache.hadoop.ozone.web.OzoneHddsDatanodeService@b86cb18
2019-09-19 09:00:56,611 [main] INFO  impl.MetricsSystemImpl (MetricsSystemImpl.java:init(158)) - HddsDatanode metrics system started (again)
2019-09-19 09:00:56,614 [org.apache.hadoop.util.JvmPauseMonitor$Monitor@1dcb7651] INFO  util.JvmPauseMonitor (JvmPauseMonitor.java:run(188)) - Starting JVM pause monitor
2019-09-19 09:00:56,615 [main] INFO  ozone.HddsDatanodeService (HddsDatanodeService.java:start(184)) - HddsDatanodeService host:pr-hdds-1569-j4bt4-3030777008 ip:192.168.34.5
2019-09-19 09:00:56,616 [Datanode State Machine Thread - 0] INFO  datanode.InitDatanodeState (InitDatanodeState.java:persistContainerDatanodeDetails(140)) - DatanodeDetails is persisted to /workdir/hadoop-ozone/integration-test/target/test-dir/MiniOzoneClusterImpl-d1f5ba66-8c72-4ad4-ac90-f92cf1c4e2b2/datanode-1/meta/datanode.id
2019-09-19 09:00:56,622 [main] INFO  volume.HddsVolume (HddsVolume.java:<init>(176)) - Creating Volume: /workdir/hadoop-ozone/integration-test/target/test-dir/MiniOzoneClusterImpl-d1f5ba66-8c72-4ad4-ac90-f92cf1c4e2b2/datanode-2/data/containers/hdds of  storage type : DISK and capacity : 1482555576320
2019-09-19 09:00:56,622 [main] INFO  volume.VolumeSet (VolumeSet.java:initializeVolumeSet(170)) - Added Volume : /workdir/hadoop-ozone/integration-test/target/test-dir/MiniOzoneClusterImpl-d1f5ba66-8c72-4ad4-ac90-f92cf1c4e2b2/datanode-2/data/containers/hdds to VolumeSet
2019-09-19 09:00:56,622 [main] INFO  volume.ThrottledAsyncChecker (ThrottledAsyncChecker.java:schedule(140)) - Scheduling a check for org.apache.hadoop.ozone.container.common.volume.HddsVolume@16df9bde
2019-09-19 09:00:56,623 [main] INFO  volume.HddsVolumeChecker (HddsVolumeChecker.java:checkAllVolumes(203)) - Scheduled health check for volume org.apache.hadoop.ozone.container.common.volume.HddsVolume@16df9bde
2019-09-19 09:00:56,637 [main] INFO  impl.RaftServerProxy (ConfUtils.java:logGet(43)) - raft.rpc.type = GRPC (default)
2019-09-19 09:00:56,638 [main] INFO  grpc.GrpcFactory (GrpcFactory.java:checkPooledByteBufAllocatorUseCacheForAllThreads(45)) - PERFORMANCE WARNING: useCacheForAllThreads is true that may cause Netty to create a lot garbage objects and, as a result, trigger GC.
	It is recommended to disable useCacheForAllThreads by setting -Dorg.apache.ratis.thirdparty.io.netty.allocator.useCacheForAllThreads=false in command line.
2019-09-19 09:00:56,638 [main] INFO  grpc.GrpcConfigKeys$Server (ConfUtils.java:logGet(43)) - raft.grpc.server.port = 0 (default)
2019-09-19 09:00:56,638 [main] INFO  server.GrpcService (ConfUtils.java:logGet(43)) - raft.grpc.message.size.max = 33570816 (custom)
2019-09-19 09:00:56,638 [main] INFO  server.RaftServerConfigKeys (ConfUtils.java:logGet(43)) - raft.server.log.appender.buffer.byte-limit = 33554432 (custom)
2019-09-19 09:00:56,638 [main] INFO  server.GrpcService (ConfUtils.java:logGet(43)) - raft.grpc.flow.control.window = 1MB (=1048576) (default)
2019-09-19 09:00:56,639 [main] INFO  server.RaftServerConfigKeys (ConfUtils.java:logGet(43)) - raft.server.rpc.request.timeout = 3000ms (default)
2019-09-19 09:00:56,639 [main] INFO  server.RaftServerConfigKeys (ConfUtils.java:logGet(43)) - raft.server.storage.dir = [/workdir/hadoop-ozone/integration-test/target/test-dir/MiniOzoneClusterImpl-d1f5ba66-8c72-4ad4-ac90-f92cf1c4e2b2/datanode-2/data/ratis] (custom)
2019-09-19 09:00:56,640 [main] INFO  replication.SimpleContainerDownloader (SimpleContainerDownloader.java:<init>(72)) - Starting container downloader service to copy containers to replicate.
2019-09-19 09:00:56,641 [main] INFO  hdfs.DFSUtil (DFSUtil.java:httpServerTemplateForNNAndJN(1641)) - Starting Web-server for hddsDatanode at: http://0.0.0.0:0
2019-09-19 09:00:56,642 [main] INFO  server.AuthenticationFilter (AuthenticationFilter.java:constructSecretProvider(240)) - Unable to initialize FileSignerSecretProvider, falling back to use random secrets.
2019-09-19 09:00:56,643 [main] WARN  http.HttpRequestLog (HttpRequestLog.java:getRequestLog(97)) - Jetty request log can only be enabled using Log4j
2019-09-19 09:00:56,644 [main] INFO  http.HttpServer2 (HttpServer2.java:addGlobalFilter(975)) - Added global filter 'safety' (class=org.apache.hadoop.http.HttpServer2$QuotingInputFilter)
2019-09-19 09:00:56,644 [main] INFO  http.HttpServer2 (HttpServer2.java:addFilter(948)) - Added filter static_user_filter (class=org.apache.hadoop.http.lib.StaticUserWebFilter$StaticUserFilter) to context hddsDatanode
2019-09-19 09:00:56,645 [main] INFO  http.HttpServer2 (HttpServer2.java:addFilter(958)) - Added filter static_user_filter (class=org.apache.hadoop.http.lib.StaticUserWebFilter$StaticUserFilter) to context logs
2019-09-19 09:00:56,645 [main] INFO  http.HttpServer2 (HttpServer2.java:addFilter(958)) - Added filter static_user_filter (class=org.apache.hadoop.http.lib.StaticUserWebFilter$StaticUserFilter) to context static
2019-09-19 09:00:56,645 [main] INFO  http.HttpServer2 (HttpServer2.java:bindListener(1191)) - Jetty bound to port 34409
2019-09-19 09:00:56,646 [main] INFO  server.Server (Server.java:doStart(351)) - jetty-9.3.24.v20180605, build timestamp: 2018-06-05T17:11:56Z, git hash: 84205aa28f11a4f31f2a3b86d1bba2cc8ab69827
2019-09-19 09:00:56,647 [main] INFO  handler.ContextHandler (ContextHandler.java:doStart(781)) - Started o.e.j.s.ServletContextHandler@574ebdaf{/logs,file:///workdir/hadoop-ozone/integration-test/target/log,AVAILABLE}
2019-09-19 09:00:56,648 [main] INFO  handler.ContextHandler (ContextHandler.java:doStart(781)) - Started o.e.j.s.ServletContextHandler@377e573a{/static,jar:file:/home/user/.m2/repository/org/apache/hadoop/hadoop-hdds-container-service/0.5.0-SNAPSHOT/hadoop-hdds-container-service-0.5.0-SNAPSHOT.jar!/webapps/static,AVAILABLE}
2019-09-19 09:00:56,676 [main] INFO  handler.ContextHandler (ContextHandler.java:doStart(781)) - Started o.e.j.w.WebAppContext@26865b57{/,file:///tmp/jetty-0.0.0.0-34409-hddsDatanode-_-any-6840140665025830440.dir/webapp/,AVAILABLE}{/hddsDatanode}
2019-09-19 09:00:56,677 [main] INFO  server.AbstractConnector (AbstractConnector.java:doStart(278)) - Started ServerConnector@46894dc5{HTTP/1.1,[http/1.1]}{0.0.0.0:34409}
2019-09-19 09:00:56,678 [main] INFO  server.Server (Server.java:doStart(419)) - Started @55365ms
2019-09-19 09:00:56,678 [main] INFO  server.BaseHttpServer (BaseHttpServer.java:updateConnectorAddress(213)) - HTTP server of HDDSDATANODE is listening at http://0.0.0.0:34409
2019-09-19 09:00:56,824 | INFO  | ObjectStoreRestHttpServer | Listening HDDS REST traffic on /0.0.0.0:34339 |  
2019-09-19 09:00:56,824 [main] INFO  ozone.HddsDatanodeService (HddsDatanodeService.java:startPlugins(395)) - Started plug-in org.apache.hadoop.ozone.web.OzoneHddsDatanodeService@2b2b7e3c
2019-09-19 09:00:56,825 [main] INFO  impl.MetricsSystemImpl (MetricsSystemImpl.java:init(158)) - HddsDatanode metrics system started (again)
2019-09-19 09:00:56,829 [org.apache.hadoop.util.JvmPauseMonitor$Monitor@145a7616] INFO  util.JvmPauseMonitor (JvmPauseMonitor.java:run(188)) - Starting JVM pause monitor
2019-09-19 09:00:56,830 [main] INFO  ozone.HddsDatanodeService (HddsDatanodeService.java:start(184)) - HddsDatanodeService host:pr-hdds-1569-j4bt4-3030777008 ip:192.168.34.5
2019-09-19 09:00:56,833 [Datanode State Machine Thread - 0] INFO  datanode.InitDatanodeState (InitDatanodeState.java:persistContainerDatanodeDetails(140)) - DatanodeDetails is persisted to /workdir/hadoop-ozone/integration-test/target/test-dir/MiniOzoneClusterImpl-d1f5ba66-8c72-4ad4-ac90-f92cf1c4e2b2/datanode-2/meta/datanode.id
2019-09-19 09:00:56,837 [main] INFO  volume.HddsVolume (HddsVolume.java:<init>(176)) - Creating Volume: /workdir/hadoop-ozone/integration-test/target/test-dir/MiniOzoneClusterImpl-d1f5ba66-8c72-4ad4-ac90-f92cf1c4e2b2/datanode-3/data/containers/hdds of  storage type : DISK and capacity : 1482555576320
2019-09-19 09:00:56,837 [main] INFO  volume.VolumeSet (VolumeSet.java:initializeVolumeSet(170)) - Added Volume : /workdir/hadoop-ozone/integration-test/target/test-dir/MiniOzoneClusterImpl-d1f5ba66-8c72-4ad4-ac90-f92cf1c4e2b2/datanode-3/data/containers/hdds to VolumeSet
2019-09-19 09:00:56,837 [main] INFO  volume.ThrottledAsyncChecker (ThrottledAsyncChecker.java:schedule(140)) - Scheduling a check for org.apache.hadoop.ozone.container.common.volume.HddsVolume@4fbe486c
2019-09-19 09:00:56,837 [main] INFO  volume.HddsVolumeChecker (HddsVolumeChecker.java:checkAllVolumes(203)) - Scheduled health check for volume org.apache.hadoop.ozone.container.common.volume.HddsVolume@4fbe486c
2019-09-19 09:00:56,852 [main] INFO  impl.RaftServerProxy (ConfUtils.java:logGet(43)) - raft.rpc.type = GRPC (default)
2019-09-19 09:00:56,852 [main] INFO  grpc.GrpcFactory (GrpcFactory.java:checkPooledByteBufAllocatorUseCacheForAllThreads(45)) - PERFORMANCE WARNING: useCacheForAllThreads is true that may cause Netty to create a lot garbage objects and, as a result, trigger GC.
	It is recommended to disable useCacheForAllThreads by setting -Dorg.apache.ratis.thirdparty.io.netty.allocator.useCacheForAllThreads=false in command line.
2019-09-19 09:00:56,853 [main] INFO  grpc.GrpcConfigKeys$Server (ConfUtils.java:logGet(43)) - raft.grpc.server.port = 0 (default)
2019-09-19 09:00:56,853 [main] INFO  server.GrpcService (ConfUtils.java:logGet(43)) - raft.grpc.message.size.max = 33570816 (custom)
2019-09-19 09:00:56,853 [main] INFO  server.RaftServerConfigKeys (ConfUtils.java:logGet(43)) - raft.server.log.appender.buffer.byte-limit = 33554432 (custom)
2019-09-19 09:00:56,853 [main] INFO  server.GrpcService (ConfUtils.java:logGet(43)) - raft.grpc.flow.control.window = 1MB (=1048576) (default)
2019-09-19 09:00:56,853 [main] INFO  server.RaftServerConfigKeys (ConfUtils.java:logGet(43)) - raft.server.rpc.request.timeout = 3000ms (default)
2019-09-19 09:00:56,854 [main] INFO  server.RaftServerConfigKeys (ConfUtils.java:logGet(43)) - raft.server.storage.dir = [/workdir/hadoop-ozone/integration-test/target/test-dir/MiniOzoneClusterImpl-d1f5ba66-8c72-4ad4-ac90-f92cf1c4e2b2/datanode-3/data/ratis] (custom)
2019-09-19 09:00:56,854 [main] INFO  replication.SimpleContainerDownloader (SimpleContainerDownloader.java:<init>(72)) - Starting container downloader service to copy containers to replicate.
2019-09-19 09:00:56,855 [main] INFO  hdfs.DFSUtil (DFSUtil.java:httpServerTemplateForNNAndJN(1641)) - Starting Web-server for hddsDatanode at: http://0.0.0.0:0
2019-09-19 09:00:56,856 [main] INFO  server.AuthenticationFilter (AuthenticationFilter.java:constructSecretProvider(240)) - Unable to initialize FileSignerSecretProvider, falling back to use random secrets.
2019-09-19 09:00:56,857 [main] WARN  http.HttpRequestLog (HttpRequestLog.java:getRequestLog(97)) - Jetty request log can only be enabled using Log4j
2019-09-19 09:00:56,858 [main] INFO  http.HttpServer2 (HttpServer2.java:addGlobalFilter(975)) - Added global filter 'safety' (class=org.apache.hadoop.http.HttpServer2$QuotingInputFilter)
2019-09-19 09:00:56,859 [main] INFO  http.HttpServer2 (HttpServer2.java:addFilter(948)) - Added filter static_user_filter (class=org.apache.hadoop.http.lib.StaticUserWebFilter$StaticUserFilter) to context hddsDatanode
2019-09-19 09:00:56,859 [main] INFO  http.HttpServer2 (HttpServer2.java:addFilter(958)) - Added filter static_user_filter (class=org.apache.hadoop.http.lib.StaticUserWebFilter$StaticUserFilter) to context static
2019-09-19 09:00:56,859 [main] INFO  http.HttpServer2 (HttpServer2.java:addFilter(958)) - Added filter static_user_filter (class=org.apache.hadoop.http.lib.StaticUserWebFilter$StaticUserFilter) to context logs
2019-09-19 09:00:56,859 [main] INFO  http.HttpServer2 (HttpServer2.java:bindListener(1191)) - Jetty bound to port 44741
2019-09-19 09:00:56,860 [main] INFO  server.Server (Server.java:doStart(351)) - jetty-9.3.24.v20180605, build timestamp: 2018-06-05T17:11:56Z, git hash: 84205aa28f11a4f31f2a3b86d1bba2cc8ab69827
2019-09-19 09:00:56,861 [main] INFO  handler.ContextHandler (ContextHandler.java:doStart(781)) - Started o.e.j.s.ServletContextHandler@6febec41{/logs,file:///workdir/hadoop-ozone/integration-test/target/log,AVAILABLE}
2019-09-19 09:00:56,862 [main] INFO  handler.ContextHandler (ContextHandler.java:doStart(781)) - Started o.e.j.s.ServletContextHandler@4e8afdad{/static,jar:file:/home/user/.m2/repository/org/apache/hadoop/hadoop-hdds-container-service/0.5.0-SNAPSHOT/hadoop-hdds-container-service-0.5.0-SNAPSHOT.jar!/webapps/static,AVAILABLE}
2019-09-19 09:00:56,890 [main] INFO  handler.ContextHandler (ContextHandler.java:doStart(781)) - Started o.e.j.w.WebAppContext@3bcc8f13{/,file:///tmp/jetty-0.0.0.0-44741-hddsDatanode-_-any-5758734706188889506.dir/webapp/,AVAILABLE}{/hddsDatanode}
2019-09-19 09:00:56,891 [main] INFO  server.AbstractConnector (AbstractConnector.java:doStart(278)) - Started ServerConnector@3cb04dd{HTTP/1.1,[http/1.1]}{0.0.0.0:44741}
2019-09-19 09:00:56,893 [main] INFO  server.Server (Server.java:doStart(419)) - Started @55580ms
2019-09-19 09:00:56,894 [main] INFO  server.BaseHttpServer (BaseHttpServer.java:updateConnectorAddress(213)) - HTTP server of HDDSDATANODE is listening at http://0.0.0.0:44741
2019-09-19 09:00:57,027 | INFO  | ObjectStoreRestHttpServer | Listening HDDS REST traffic on /0.0.0.0:43642 |  
2019-09-19 09:00:57,027 [main] INFO  ozone.HddsDatanodeService (HddsDatanodeService.java:startPlugins(395)) - Started plug-in org.apache.hadoop.ozone.web.OzoneHddsDatanodeService@526893f
2019-09-19 09:00:57,027 [main] INFO  impl.MetricsSystemImpl (MetricsSystemImpl.java:init(158)) - HddsDatanode metrics system started (again)
2019-09-19 09:00:57,031 [org.apache.hadoop.util.JvmPauseMonitor$Monitor@142daedd] INFO  util.JvmPauseMonitor (JvmPauseMonitor.java:run(188)) - Starting JVM pause monitor
2019-09-19 09:00:57,031 [main] INFO  ozone.HddsDatanodeService (HddsDatanodeService.java:start(184)) - HddsDatanodeService host:pr-hdds-1569-j4bt4-3030777008 ip:192.168.34.5
2019-09-19 09:00:57,033 [Datanode State Machine Thread - 0] INFO  datanode.InitDatanodeState (InitDatanodeState.java:persistContainerDatanodeDetails(140)) - DatanodeDetails is persisted to /workdir/hadoop-ozone/integration-test/target/test-dir/MiniOzoneClusterImpl-d1f5ba66-8c72-4ad4-ac90-f92cf1c4e2b2/datanode-3/meta/datanode.id
2019-09-19 09:00:57,038 [main] INFO  volume.HddsVolume (HddsVolume.java:<init>(176)) - Creating Volume: /workdir/hadoop-ozone/integration-test/target/test-dir/MiniOzoneClusterImpl-d1f5ba66-8c72-4ad4-ac90-f92cf1c4e2b2/datanode-4/data/containers/hdds of  storage type : DISK and capacity : 1482555576320
2019-09-19 09:00:57,038 [main] INFO  volume.VolumeSet (VolumeSet.java:initializeVolumeSet(170)) - Added Volume : /workdir/hadoop-ozone/integration-test/target/test-dir/MiniOzoneClusterImpl-d1f5ba66-8c72-4ad4-ac90-f92cf1c4e2b2/datanode-4/data/containers/hdds to VolumeSet
2019-09-19 09:00:57,038 [main] INFO  volume.ThrottledAsyncChecker (ThrottledAsyncChecker.java:schedule(140)) - Scheduling a check for org.apache.hadoop.ozone.container.common.volume.HddsVolume@6fe2a366
2019-09-19 09:00:57,039 [main] INFO  volume.HddsVolumeChecker (HddsVolumeChecker.java:checkAllVolumes(203)) - Scheduled health check for volume org.apache.hadoop.ozone.container.common.volume.HddsVolume@6fe2a366
2019-09-19 09:00:57,055 [main] INFO  impl.RaftServerProxy (ConfUtils.java:logGet(43)) - raft.rpc.type = GRPC (default)
2019-09-19 09:00:57,056 [main] INFO  grpc.GrpcFactory (GrpcFactory.java:checkPooledByteBufAllocatorUseCacheForAllThreads(45)) - PERFORMANCE WARNING: useCacheForAllThreads is true that may cause Netty to create a lot garbage objects and, as a result, trigger GC.
	It is recommended to disable useCacheForAllThreads by setting -Dorg.apache.ratis.thirdparty.io.netty.allocator.useCacheForAllThreads=false in command line.
2019-09-19 09:00:57,056 [main] INFO  grpc.GrpcConfigKeys$Server (ConfUtils.java:logGet(43)) - raft.grpc.server.port = 0 (default)
2019-09-19 09:00:57,056 [main] INFO  server.GrpcService (ConfUtils.java:logGet(43)) - raft.grpc.message.size.max = 33570816 (custom)
2019-09-19 09:00:57,057 [main] INFO  server.RaftServerConfigKeys (ConfUtils.java:logGet(43)) - raft.server.log.appender.buffer.byte-limit = 33554432 (custom)
2019-09-19 09:00:57,057 [main] INFO  server.GrpcService (ConfUtils.java:logGet(43)) - raft.grpc.flow.control.window = 1MB (=1048576) (default)
2019-09-19 09:00:57,057 [main] INFO  server.RaftServerConfigKeys (ConfUtils.java:logGet(43)) - raft.server.rpc.request.timeout = 3000ms (default)
2019-09-19 09:00:57,058 [main] INFO  server.RaftServerConfigKeys (ConfUtils.java:logGet(43)) - raft.server.storage.dir = [/workdir/hadoop-ozone/integration-test/target/test-dir/MiniOzoneClusterImpl-d1f5ba66-8c72-4ad4-ac90-f92cf1c4e2b2/datanode-4/data/ratis] (custom)
2019-09-19 09:00:57,059 [main] INFO  replication.SimpleContainerDownloader (SimpleContainerDownloader.java:<init>(72)) - Starting container downloader service to copy containers to replicate.
2019-09-19 09:00:57,060 [main] INFO  hdfs.DFSUtil (DFSUtil.java:httpServerTemplateForNNAndJN(1641)) - Starting Web-server for hddsDatanode at: http://0.0.0.0:0
2019-09-19 09:00:57,062 [main] INFO  server.AuthenticationFilter (AuthenticationFilter.java:constructSecretProvider(240)) - Unable to initialize FileSignerSecretProvider, falling back to use random secrets.
2019-09-19 09:00:57,063 [main] WARN  http.HttpRequestLog (HttpRequestLog.java:getRequestLog(97)) - Jetty request log can only be enabled using Log4j
2019-09-19 09:00:57,065 [main] INFO  http.HttpServer2 (HttpServer2.java:addGlobalFilter(975)) - Added global filter 'safety' (class=org.apache.hadoop.http.HttpServer2$QuotingInputFilter)
2019-09-19 09:00:57,066 [main] INFO  http.HttpServer2 (HttpServer2.java:addFilter(948)) - Added filter static_user_filter (class=org.apache.hadoop.http.lib.StaticUserWebFilter$StaticUserFilter) to context hddsDatanode
2019-09-19 09:00:57,067 [main] INFO  http.HttpServer2 (HttpServer2.java:addFilter(958)) - Added filter static_user_filter (class=org.apache.hadoop.http.lib.StaticUserWebFilter$StaticUserFilter) to context logs
2019-09-19 09:00:57,067 [main] INFO  http.HttpServer2 (HttpServer2.java:addFilter(958)) - Added filter static_user_filter (class=org.apache.hadoop.http.lib.StaticUserWebFilter$StaticUserFilter) to context static
2019-09-19 09:00:57,068 [main] INFO  http.HttpServer2 (HttpServer2.java:bindListener(1191)) - Jetty bound to port 40874
2019-09-19 09:00:57,068 [main] INFO  server.Server (Server.java:doStart(351)) - jetty-9.3.24.v20180605, build timestamp: 2018-06-05T17:11:56Z, git hash: 84205aa28f11a4f31f2a3b86d1bba2cc8ab69827
2019-09-19 09:00:57,071 [main] INFO  handler.ContextHandler (ContextHandler.java:doStart(781)) - Started o.e.j.s.ServletContextHandler@590dea35{/logs,file:///workdir/hadoop-ozone/integration-test/target/log,AVAILABLE}
2019-09-19 09:00:57,071 [main] INFO  handler.ContextHandler (ContextHandler.java:doStart(781)) - Started o.e.j.s.ServletContextHandler@69f69078{/static,jar:file:/home/user/.m2/repository/org/apache/hadoop/hadoop-hdds-container-service/0.5.0-SNAPSHOT/hadoop-hdds-container-service-0.5.0-SNAPSHOT.jar!/webapps/static,AVAILABLE}
2019-09-19 09:00:57,100 [main] INFO  handler.ContextHandler (ContextHandler.java:doStart(781)) - Started o.e.j.w.WebAppContext@c5a2d5{/,file:///tmp/jetty-0.0.0.0-40874-hddsDatanode-_-any-5374886921199560016.dir/webapp/,AVAILABLE}{/hddsDatanode}
2019-09-19 09:00:57,101 [main] INFO  server.AbstractConnector (AbstractConnector.java:doStart(278)) - Started ServerConnector@185339ed{HTTP/1.1,[http/1.1]}{0.0.0.0:40874}
2019-09-19 09:00:57,102 [main] INFO  server.Server (Server.java:doStart(419)) - Started @55790ms
2019-09-19 09:00:57,103 [main] INFO  server.BaseHttpServer (BaseHttpServer.java:updateConnectorAddress(213)) - HTTP server of HDDSDATANODE is listening at http://0.0.0.0:40874
2019-09-19 09:00:57,235 | INFO  | ObjectStoreRestHttpServer | Listening HDDS REST traffic on /0.0.0.0:36595 |  
2019-09-19 09:00:57,235 [main] INFO  ozone.HddsDatanodeService (HddsDatanodeService.java:startPlugins(395)) - Started plug-in org.apache.hadoop.ozone.web.OzoneHddsDatanodeService@1c815814
2019-09-19 09:00:57,235 [main] INFO  impl.MetricsSystemImpl (MetricsSystemImpl.java:init(158)) - HddsDatanode metrics system started (again)
2019-09-19 09:00:57,239 [org.apache.hadoop.util.JvmPauseMonitor$Monitor@203a8b34] INFO  util.JvmPauseMonitor (JvmPauseMonitor.java:run(188)) - Starting JVM pause monitor
2019-09-19 09:00:57,239 [main] INFO  ozone.HddsDatanodeService (HddsDatanodeService.java:start(184)) - HddsDatanodeService host:pr-hdds-1569-j4bt4-3030777008 ip:192.168.34.5
2019-09-19 09:00:57,240 [Datanode State Machine Thread - 0] INFO  datanode.InitDatanodeState (InitDatanodeState.java:persistContainerDatanodeDetails(140)) - DatanodeDetails is persisted to /workdir/hadoop-ozone/integration-test/target/test-dir/MiniOzoneClusterImpl-d1f5ba66-8c72-4ad4-ac90-f92cf1c4e2b2/datanode-4/meta/datanode.id
2019-09-19 09:00:57,245 [main] INFO  volume.HddsVolume (HddsVolume.java:<init>(176)) - Creating Volume: /workdir/hadoop-ozone/integration-test/target/test-dir/MiniOzoneClusterImpl-d1f5ba66-8c72-4ad4-ac90-f92cf1c4e2b2/datanode-5/data/containers/hdds of  storage type : DISK and capacity : 1482555576320
2019-09-19 09:00:57,246 [main] INFO  volume.VolumeSet (VolumeSet.java:initializeVolumeSet(170)) - Added Volume : /workdir/hadoop-ozone/integration-test/target/test-dir/MiniOzoneClusterImpl-d1f5ba66-8c72-4ad4-ac90-f92cf1c4e2b2/datanode-5/data/containers/hdds to VolumeSet
2019-09-19 09:00:57,246 [main] INFO  volume.ThrottledAsyncChecker (ThrottledAsyncChecker.java:schedule(140)) - Scheduling a check for org.apache.hadoop.ozone.container.common.volume.HddsVolume@570ed9c
2019-09-19 09:00:57,246 [main] INFO  volume.HddsVolumeChecker (HddsVolumeChecker.java:checkAllVolumes(203)) - Scheduled health check for volume org.apache.hadoop.ozone.container.common.volume.HddsVolume@570ed9c
2019-09-19 09:00:57,260 [main] INFO  impl.RaftServerProxy (ConfUtils.java:logGet(43)) - raft.rpc.type = GRPC (default)
2019-09-19 09:00:57,260 [main] INFO  grpc.GrpcFactory (GrpcFactory.java:checkPooledByteBufAllocatorUseCacheForAllThreads(45)) - PERFORMANCE WARNING: useCacheForAllThreads is true that may cause Netty to create a lot garbage objects and, as a result, trigger GC.
	It is recommended to disable useCacheForAllThreads by setting -Dorg.apache.ratis.thirdparty.io.netty.allocator.useCacheForAllThreads=false in command line.
2019-09-19 09:00:57,261 [main] INFO  grpc.GrpcConfigKeys$Server (ConfUtils.java:logGet(43)) - raft.grpc.server.port = 0 (default)
2019-09-19 09:00:57,261 [main] INFO  server.GrpcService (ConfUtils.java:logGet(43)) - raft.grpc.message.size.max = 33570816 (custom)
2019-09-19 09:00:57,261 [main] INFO  server.RaftServerConfigKeys (ConfUtils.java:logGet(43)) - raft.server.log.appender.buffer.byte-limit = 33554432 (custom)
2019-09-19 09:00:57,261 [main] INFO  server.GrpcService (ConfUtils.java:logGet(43)) - raft.grpc.flow.control.window = 1MB (=1048576) (default)
2019-09-19 09:00:57,261 [main] INFO  server.RaftServerConfigKeys (ConfUtils.java:logGet(43)) - raft.server.rpc.request.timeout = 3000ms (default)
2019-09-19 09:00:57,262 [main] INFO  server.RaftServerConfigKeys (ConfUtils.java:logGet(43)) - raft.server.storage.dir = [/workdir/hadoop-ozone/integration-test/target/test-dir/MiniOzoneClusterImpl-d1f5ba66-8c72-4ad4-ac90-f92cf1c4e2b2/datanode-5/data/ratis] (custom)
2019-09-19 09:00:57,262 [main] INFO  replication.SimpleContainerDownloader (SimpleContainerDownloader.java:<init>(72)) - Starting container downloader service to copy containers to replicate.
2019-09-19 09:00:57,264 [main] INFO  hdfs.DFSUtil (DFSUtil.java:httpServerTemplateForNNAndJN(1641)) - Starting Web-server for hddsDatanode at: http://0.0.0.0:0
2019-09-19 09:00:57,265 [main] INFO  server.AuthenticationFilter (AuthenticationFilter.java:constructSecretProvider(240)) - Unable to initialize FileSignerSecretProvider, falling back to use random secrets.
2019-09-19 09:00:57,265 [main] WARN  http.HttpRequestLog (HttpRequestLog.java:getRequestLog(97)) - Jetty request log can only be enabled using Log4j
2019-09-19 09:00:57,267 [main] INFO  http.HttpServer2 (HttpServer2.java:addGlobalFilter(975)) - Added global filter 'safety' (class=org.apache.hadoop.http.HttpServer2$QuotingInputFilter)
2019-09-19 09:00:57,268 [main] INFO  http.HttpServer2 (HttpServer2.java:addFilter(948)) - Added filter static_user_filter (class=org.apache.hadoop.http.lib.StaticUserWebFilter$StaticUserFilter) to context hddsDatanode
2019-09-19 09:00:57,268 [main] INFO  http.HttpServer2 (HttpServer2.java:addFilter(958)) - Added filter static_user_filter (class=org.apache.hadoop.http.lib.StaticUserWebFilter$StaticUserFilter) to context static
2019-09-19 09:00:57,268 [main] INFO  http.HttpServer2 (HttpServer2.java:addFilter(958)) - Added filter static_user_filter (class=org.apache.hadoop.http.lib.StaticUserWebFilter$StaticUserFilter) to context logs
2019-09-19 09:00:57,269 [main] INFO  http.HttpServer2 (HttpServer2.java:bindListener(1191)) - Jetty bound to port 39561
2019-09-19 09:00:57,269 [main] INFO  server.Server (Server.java:doStart(351)) - jetty-9.3.24.v20180605, build timestamp: 2018-06-05T17:11:56Z, git hash: 84205aa28f11a4f31f2a3b86d1bba2cc8ab69827
2019-09-19 09:00:57,270 [main] INFO  handler.ContextHandler (ContextHandler.java:doStart(781)) - Started o.e.j.s.ServletContextHandler@117fb9ba{/logs,file:///workdir/hadoop-ozone/integration-test/target/log,AVAILABLE}
2019-09-19 09:00:57,271 [main] INFO  handler.ContextHandler (ContextHandler.java:doStart(781)) - Started o.e.j.s.ServletContextHandler@41e7a544{/static,jar:file:/home/user/.m2/repository/org/apache/hadoop/hadoop-hdds-container-service/0.5.0-SNAPSHOT/hadoop-hdds-container-service-0.5.0-SNAPSHOT.jar!/webapps/static,AVAILABLE}
2019-09-19 09:00:57,302 [main] INFO  handler.ContextHandler (ContextHandler.java:doStart(781)) - Started o.e.j.w.WebAppContext@37364634{/,file:///tmp/jetty-0.0.0.0-39561-hddsDatanode-_-any-5121618847417408907.dir/webapp/,AVAILABLE}{/hddsDatanode}
2019-09-19 09:00:57,303 [main] INFO  server.AbstractConnector (AbstractConnector.java:doStart(278)) - Started ServerConnector@3dec79f8{HTTP/1.1,[http/1.1]}{0.0.0.0:39561}
2019-09-19 09:00:57,304 [main] INFO  server.Server (Server.java:doStart(419)) - Started @55991ms
2019-09-19 09:00:57,305 [main] INFO  server.BaseHttpServer (BaseHttpServer.java:updateConnectorAddress(213)) - HTTP server of HDDSDATANODE is listening at http://0.0.0.0:39561
2019-09-19 09:00:57,686 | INFO  | ObjectStoreRestHttpServer | Listening HDDS REST traffic on /0.0.0.0:32849 |  
2019-09-19 09:00:57,686 [main] INFO  ozone.HddsDatanodeService (HddsDatanodeService.java:startPlugins(395)) - Started plug-in org.apache.hadoop.ozone.web.OzoneHddsDatanodeService@f01fc6d
2019-09-19 09:00:57,686 [main] INFO  impl.MetricsSystemImpl (MetricsSystemImpl.java:init(158)) - HddsDatanode metrics system started (again)
2019-09-19 09:00:57,688 [org.apache.hadoop.util.JvmPauseMonitor$Monitor@26e5aa6e] INFO  util.JvmPauseMonitor (JvmPauseMonitor.java:run(188)) - Starting JVM pause monitor
2019-09-19 09:00:57,691 [main] INFO  ozone.HddsDatanodeService (HddsDatanodeService.java:start(184)) - HddsDatanodeService host:pr-hdds-1569-j4bt4-3030777008 ip:192.168.34.5
2019-09-19 09:00:57,691 [Datanode State Machine Thread - 0] INFO  datanode.InitDatanodeState (InitDatanodeState.java:persistContainerDatanodeDetails(140)) - DatanodeDetails is persisted to /workdir/hadoop-ozone/integration-test/target/test-dir/MiniOzoneClusterImpl-d1f5ba66-8c72-4ad4-ac90-f92cf1c4e2b2/datanode-5/meta/datanode.id
2019-09-19 09:00:57,698 [main] INFO  volume.HddsVolume (HddsVolume.java:<init>(176)) - Creating Volume: /workdir/hadoop-ozone/integration-test/target/test-dir/MiniOzoneClusterImpl-d1f5ba66-8c72-4ad4-ac90-f92cf1c4e2b2/datanode-6/data/containers/hdds of  storage type : DISK and capacity : 1482555576320
2019-09-19 09:00:57,698 [main] INFO  volume.VolumeSet (VolumeSet.java:initializeVolumeSet(170)) - Added Volume : /workdir/hadoop-ozone/integration-test/target/test-dir/MiniOzoneClusterImpl-d1f5ba66-8c72-4ad4-ac90-f92cf1c4e2b2/datanode-6/data/containers/hdds to VolumeSet
2019-09-19 09:00:57,698 [main] INFO  volume.ThrottledAsyncChecker (ThrottledAsyncChecker.java:schedule(140)) - Scheduling a check for org.apache.hadoop.ozone.container.common.volume.HddsVolume@70840a5a
2019-09-19 09:00:57,699 [main] INFO  volume.HddsVolumeChecker (HddsVolumeChecker.java:checkAllVolumes(203)) - Scheduled health check for volume org.apache.hadoop.ozone.container.common.volume.HddsVolume@70840a5a
2019-09-19 09:00:57,713 [main] INFO  impl.RaftServerProxy (ConfUtils.java:logGet(43)) - raft.rpc.type = GRPC (default)
2019-09-19 09:00:57,714 [main] INFO  grpc.GrpcFactory (GrpcFactory.java:checkPooledByteBufAllocatorUseCacheForAllThreads(45)) - PERFORMANCE WARNING: useCacheForAllThreads is true that may cause Netty to create a lot garbage objects and, as a result, trigger GC.
	It is recommended to disable useCacheForAllThreads by setting -Dorg.apache.ratis.thirdparty.io.netty.allocator.useCacheForAllThreads=false in command line.
2019-09-19 09:00:57,714 [main] INFO  grpc.GrpcConfigKeys$Server (ConfUtils.java:logGet(43)) - raft.grpc.server.port = 0 (default)
2019-09-19 09:00:57,714 [main] INFO  server.GrpcService (ConfUtils.java:logGet(43)) - raft.grpc.message.size.max = 33570816 (custom)
2019-09-19 09:00:57,714 [main] INFO  server.RaftServerConfigKeys (ConfUtils.java:logGet(43)) - raft.server.log.appender.buffer.byte-limit = 33554432 (custom)
2019-09-19 09:00:57,715 [main] INFO  server.GrpcService (ConfUtils.java:logGet(43)) - raft.grpc.flow.control.window = 1MB (=1048576) (default)
2019-09-19 09:00:57,715 [main] INFO  server.RaftServerConfigKeys (ConfUtils.java:logGet(43)) - raft.server.rpc.request.timeout = 3000ms (default)
2019-09-19 09:00:57,715 [main] INFO  server.RaftServerConfigKeys (ConfUtils.java:logGet(43)) - raft.server.storage.dir = [/workdir/hadoop-ozone/integration-test/target/test-dir/MiniOzoneClusterImpl-d1f5ba66-8c72-4ad4-ac90-f92cf1c4e2b2/datanode-6/data/ratis] (custom)
2019-09-19 09:00:57,716 [main] INFO  replication.SimpleContainerDownloader (SimpleContainerDownloader.java:<init>(72)) - Starting container downloader service to copy containers to replicate.
2019-09-19 09:00:57,717 [main] INFO  hdfs.DFSUtil (DFSUtil.java:httpServerTemplateForNNAndJN(1641)) - Starting Web-server for hddsDatanode at: http://0.0.0.0:0
2019-09-19 09:00:57,718 [main] INFO  server.AuthenticationFilter (AuthenticationFilter.java:constructSecretProvider(240)) - Unable to initialize FileSignerSecretProvider, falling back to use random secrets.
2019-09-19 09:00:57,719 [main] WARN  http.HttpRequestLog (HttpRequestLog.java:getRequestLog(97)) - Jetty request log can only be enabled using Log4j
2019-09-19 09:00:57,720 [main] INFO  http.HttpServer2 (HttpServer2.java:addGlobalFilter(975)) - Added global filter 'safety' (class=org.apache.hadoop.http.HttpServer2$QuotingInputFilter)
2019-09-19 09:00:57,721 [main] INFO  http.HttpServer2 (HttpServer2.java:addFilter(948)) - Added filter static_user_filter (class=org.apache.hadoop.http.lib.StaticUserWebFilter$StaticUserFilter) to context hddsDatanode
2019-09-19 09:00:57,721 [main] INFO  http.HttpServer2 (HttpServer2.java:addFilter(958)) - Added filter static_user_filter (class=org.apache.hadoop.http.lib.StaticUserWebFilter$StaticUserFilter) to context static
2019-09-19 09:00:57,721 [main] INFO  http.HttpServer2 (HttpServer2.java:addFilter(958)) - Added filter static_user_filter (class=org.apache.hadoop.http.lib.StaticUserWebFilter$StaticUserFilter) to context logs
2019-09-19 09:00:57,722 [main] INFO  http.HttpServer2 (HttpServer2.java:bindListener(1191)) - Jetty bound to port 42432
2019-09-19 09:00:57,722 [main] INFO  server.Server (Server.java:doStart(351)) - jetty-9.3.24.v20180605, build timestamp: 2018-06-05T17:11:56Z, git hash: 84205aa28f11a4f31f2a3b86d1bba2cc8ab69827
2019-09-19 09:00:57,724 [main] INFO  handler.ContextHandler (ContextHandler.java:doStart(781)) - Started o.e.j.s.ServletContextHandler@40a7974{/logs,file:///workdir/hadoop-ozone/integration-test/target/log,AVAILABLE}
2019-09-19 09:00:57,724 [main] INFO  handler.ContextHandler (ContextHandler.java:doStart(781)) - Started o.e.j.s.ServletContextHandler@65a4b9d6{/static,jar:file:/home/user/.m2/repository/org/apache/hadoop/hadoop-hdds-container-service/0.5.0-SNAPSHOT/hadoop-hdds-container-service-0.5.0-SNAPSHOT.jar!/webapps/static,AVAILABLE}
2019-09-19 09:00:57,753 [main] INFO  handler.ContextHandler (ContextHandler.java:doStart(781)) - Started o.e.j.w.WebAppContext@4e26987b{/,file:///tmp/jetty-0.0.0.0-42432-hddsDatanode-_-any-472648867757817305.dir/webapp/,AVAILABLE}{/hddsDatanode}
2019-09-19 09:00:57,754 [main] INFO  server.AbstractConnector (AbstractConnector.java:doStart(278)) - Started ServerConnector@50bb1c1f{HTTP/1.1,[http/1.1]}{0.0.0.0:42432}
2019-09-19 09:00:57,755 [main] INFO  server.Server (Server.java:doStart(419)) - Started @56443ms
2019-09-19 09:00:57,756 [main] INFO  server.BaseHttpServer (BaseHttpServer.java:updateConnectorAddress(213)) - HTTP server of HDDSDATANODE is listening at http://0.0.0.0:42432
2019-09-19 09:00:57,886 | INFO  | ObjectStoreRestHttpServer | Listening HDDS REST traffic on /0.0.0.0:40725 |  
2019-09-19 09:00:57,887 [main] INFO  ozone.HddsDatanodeService (HddsDatanodeService.java:startPlugins(395)) - Started plug-in org.apache.hadoop.ozone.web.OzoneHddsDatanodeService@6fefc5ea
2019-09-19 09:00:57,887 [main] INFO  ozone.MiniOzoneClusterImpl (MiniOzoneClusterImpl.java:lambda$waitForClusterToBeReady$0(142)) - Waiting for cluster to be ready. Got 0 of 7 DN Heartbeats.
2019-09-19 09:00:57,889 [org.apache.hadoop.util.JvmPauseMonitor$Monitor@4ee8d981] INFO  util.JvmPauseMonitor (JvmPauseMonitor.java:run(188)) - Starting JVM pause monitor
2019-09-19 09:00:57,890 [Datanode State Machine Thread - 0] INFO  datanode.InitDatanodeState (InitDatanodeState.java:persistContainerDatanodeDetails(140)) - DatanodeDetails is persisted to /workdir/hadoop-ozone/integration-test/target/test-dir/MiniOzoneClusterImpl-d1f5ba66-8c72-4ad4-ac90-f92cf1c4e2b2/datanode-6/meta/datanode.id
2019-09-19 09:00:58,389 | INFO  | SCMAudit | user=jenkins1000 | ip=192.168.34.5 | op=GET_VERSION null | ret=SUCCESS |  
2019-09-19 09:00:58,402 [Datanode State Machine Thread - 0] INFO  ozoneimpl.OzoneContainer (OzoneContainer.java:start(186)) - Attempting to start container services.
2019-09-19 09:00:58,407 [Datanode State Machine Thread - 0] INFO  ozoneimpl.OzoneContainer (OzoneContainer.java:startContainerScrub(160)) - Background container scrubber has been disabled by hdds.containerscrub.enabled
2019-09-19 09:00:58,407 [Datanode State Machine Thread - 0] INFO  ratis.XceiverServerRatis (XceiverServerRatis.java:start(404)) - Starting XceiverServerRatis 95a4061d-e5b0-4b2c-827e-cb05eb0977c9 at port 0
2019-09-19 09:00:58,412 [Datanode State Machine Thread - 0] INFO  impl.RaftServerProxy (RaftServerProxy.java:lambda$start$3(299)) - 95a4061d-e5b0-4b2c-827e-cb05eb0977c9: start RPC server
2019-09-19 09:00:58,414 [Datanode State Machine Thread - 0] INFO  server.GrpcService (GrpcService.java:startImpl(149)) - 95a4061d-e5b0-4b2c-827e-cb05eb0977c9: GrpcService started, listening on 0.0.0.0/0.0.0.0:33174
2019-09-19 09:00:58,414 [Datanode State Machine Thread - 0] INFO  ratis.XceiverServerRatis (XceiverServerRatis.java:start(414)) - XceiverServerRatis 95a4061d-e5b0-4b2c-827e-cb05eb0977c9 is started using port 33174
2019-09-19 09:00:58,415 [Datanode State Machine Thread - 0] INFO  server.XceiverServerGrpc (XceiverServerGrpc.java:start(163)) - XceiverServerGrpc 95a4061d-e5b0-4b2c-827e-cb05eb0977c9 is started using port 39396
2019-09-19 09:00:58,616 | INFO  | SCMAudit | user=jenkins1000 | ip=192.168.34.5 | op=GET_VERSION null | ret=SUCCESS |  
2019-09-19 09:00:58,631 [Datanode State Machine Thread - 0] INFO  ozoneimpl.OzoneContainer (OzoneContainer.java:start(186)) - Attempting to start container services.
2019-09-19 09:00:58,631 [Datanode State Machine Thread - 0] INFO  ozoneimpl.OzoneContainer (OzoneContainer.java:startContainerScrub(160)) - Background container scrubber has been disabled by hdds.containerscrub.enabled
2019-09-19 09:00:58,631 [Datanode State Machine Thread - 0] INFO  ratis.XceiverServerRatis (XceiverServerRatis.java:start(404)) - Starting XceiverServerRatis ef4e2621-ebc1-459a-be1e-ded655ac96a5 at port 0
2019-09-19 09:00:58,637 [Datanode State Machine Thread - 0] INFO  impl.RaftServerProxy (RaftServerProxy.java:lambda$start$3(299)) - ef4e2621-ebc1-459a-be1e-ded655ac96a5: start RPC server
2019-09-19 09:00:58,642 [Datanode State Machine Thread - 0] INFO  server.GrpcService (GrpcService.java:startImpl(149)) - ef4e2621-ebc1-459a-be1e-ded655ac96a5: GrpcService started, listening on 0.0.0.0/0.0.0.0:40340
2019-09-19 09:00:58,643 [Datanode State Machine Thread - 0] INFO  ratis.XceiverServerRatis (XceiverServerRatis.java:start(414)) - XceiverServerRatis ef4e2621-ebc1-459a-be1e-ded655ac96a5 is started using port 40340
2019-09-19 09:00:58,643 [Datanode State Machine Thread - 0] INFO  server.XceiverServerGrpc (XceiverServerGrpc.java:start(163)) - XceiverServerGrpc ef4e2621-ebc1-459a-be1e-ded655ac96a5 is started using port 44463
2019-09-19 09:00:58,829 | INFO  | SCMAudit | user=jenkins1000 | ip=192.168.34.5 | op=GET_VERSION null | ret=SUCCESS |  
2019-09-19 09:00:58,842 [Datanode State Machine Thread - 0] INFO  ozoneimpl.OzoneContainer (OzoneContainer.java:start(186)) - Attempting to start container services.
2019-09-19 09:00:58,843 [Datanode State Machine Thread - 0] INFO  ozoneimpl.OzoneContainer (OzoneContainer.java:startContainerScrub(160)) - Background container scrubber has been disabled by hdds.containerscrub.enabled
2019-09-19 09:00:58,843 [Datanode State Machine Thread - 0] INFO  ratis.XceiverServerRatis (XceiverServerRatis.java:start(404)) - Starting XceiverServerRatis 2c2b1180-bd06-4560-b4fa-2079d6381cde at port 0
2019-09-19 09:00:58,848 [Datanode State Machine Thread - 0] INFO  impl.RaftServerProxy (RaftServerProxy.java:lambda$start$3(299)) - 2c2b1180-bd06-4560-b4fa-2079d6381cde: start RPC server
2019-09-19 09:00:58,849 [Datanode State Machine Thread - 0] INFO  server.GrpcService (GrpcService.java:startImpl(149)) - 2c2b1180-bd06-4560-b4fa-2079d6381cde: GrpcService started, listening on 0.0.0.0/0.0.0.0:43364
2019-09-19 09:00:58,849 [Datanode State Machine Thread - 0] INFO  ratis.XceiverServerRatis (XceiverServerRatis.java:start(414)) - XceiverServerRatis 2c2b1180-bd06-4560-b4fa-2079d6381cde is started using port 43364
2019-09-19 09:00:58,856 [Datanode State Machine Thread - 0] INFO  server.XceiverServerGrpc (XceiverServerGrpc.java:start(163)) - XceiverServerGrpc 2c2b1180-bd06-4560-b4fa-2079d6381cde is started using port 34452
2019-09-19 09:00:58,888 [main] INFO  ozone.MiniOzoneClusterImpl (MiniOzoneClusterImpl.java:lambda$waitForClusterToBeReady$0(142)) - Waiting for cluster to be ready. Got 0 of 7 DN Heartbeats.
2019-09-19 09:00:59,032 | INFO  | SCMAudit | user=jenkins1000 | ip=192.168.34.5 | op=GET_VERSION null | ret=SUCCESS |  
2019-09-19 09:00:59,046 [Datanode State Machine Thread - 0] INFO  ozoneimpl.OzoneContainer (OzoneContainer.java:start(186)) - Attempting to start container services.
2019-09-19 09:00:59,046 [Datanode State Machine Thread - 0] INFO  ozoneimpl.OzoneContainer (OzoneContainer.java:startContainerScrub(160)) - Background container scrubber has been disabled by hdds.containerscrub.enabled
2019-09-19 09:00:59,046 [Datanode State Machine Thread - 0] INFO  ratis.XceiverServerRatis (XceiverServerRatis.java:start(404)) - Starting XceiverServerRatis 07108c51-6362-4208-ba6a-2f09d4071d3e at port 0
2019-09-19 09:00:59,054 [Datanode State Machine Thread - 0] INFO  impl.RaftServerProxy (RaftServerProxy.java:lambda$start$3(299)) - 07108c51-6362-4208-ba6a-2f09d4071d3e: start RPC server
2019-09-19 09:00:59,055 [Datanode State Machine Thread - 0] INFO  server.GrpcService (GrpcService.java:startImpl(149)) - 07108c51-6362-4208-ba6a-2f09d4071d3e: GrpcService started, listening on 0.0.0.0/0.0.0.0:42339
2019-09-19 09:00:59,055 [Datanode State Machine Thread - 0] INFO  ratis.XceiverServerRatis (XceiverServerRatis.java:start(414)) - XceiverServerRatis 07108c51-6362-4208-ba6a-2f09d4071d3e is started using port 42339
2019-09-19 09:00:59,058 [Datanode State Machine Thread - 0] INFO  server.XceiverServerGrpc (XceiverServerGrpc.java:start(163)) - XceiverServerGrpc 07108c51-6362-4208-ba6a-2f09d4071d3e is started using port 40780
2019-09-19 09:00:59,240 | INFO  | SCMAudit | user=jenkins1000 | ip=192.168.34.5 | op=GET_VERSION null | ret=SUCCESS |  
2019-09-19 09:00:59,254 [Datanode State Machine Thread - 0] INFO  ozoneimpl.OzoneContainer (OzoneContainer.java:start(186)) - Attempting to start container services.
2019-09-19 09:00:59,255 [Datanode State Machine Thread - 0] INFO  ozoneimpl.OzoneContainer (OzoneContainer.java:startContainerScrub(160)) - Background container scrubber has been disabled by hdds.containerscrub.enabled
2019-09-19 09:00:59,255 [Datanode State Machine Thread - 0] INFO  ratis.XceiverServerRatis (XceiverServerRatis.java:start(404)) - Starting XceiverServerRatis d6702a85-6b54-4735-8444-02a36c5ec6eb at port 0
2019-09-19 09:00:59,262 [Datanode State Machine Thread - 0] INFO  impl.RaftServerProxy (RaftServerProxy.java:lambda$start$3(299)) - d6702a85-6b54-4735-8444-02a36c5ec6eb: start RPC server
2019-09-19 09:00:59,263 [Datanode State Machine Thread - 0] INFO  server.GrpcService (GrpcService.java:startImpl(149)) - d6702a85-6b54-4735-8444-02a36c5ec6eb: GrpcService started, listening on 0.0.0.0/0.0.0.0:38063
2019-09-19 09:00:59,264 [Datanode State Machine Thread - 0] INFO  ratis.XceiverServerRatis (XceiverServerRatis.java:start(414)) - XceiverServerRatis d6702a85-6b54-4735-8444-02a36c5ec6eb is started using port 38063
2019-09-19 09:00:59,264 [Datanode State Machine Thread - 0] INFO  server.XceiverServerGrpc (XceiverServerGrpc.java:start(163)) - XceiverServerGrpc d6702a85-6b54-4735-8444-02a36c5ec6eb is started using port 35173
2019-09-19 09:00:59,690 | INFO  | SCMAudit | user=jenkins1000 | ip=192.168.34.5 | op=GET_VERSION null | ret=SUCCESS |  
2019-09-19 09:00:59,703 [Datanode State Machine Thread - 0] INFO  ozoneimpl.OzoneContainer (OzoneContainer.java:start(186)) - Attempting to start container services.
2019-09-19 09:00:59,704 [Datanode State Machine Thread - 0] INFO  ozoneimpl.OzoneContainer (OzoneContainer.java:startContainerScrub(160)) - Background container scrubber has been disabled by hdds.containerscrub.enabled
2019-09-19 09:00:59,704 [Datanode State Machine Thread - 0] INFO  ratis.XceiverServerRatis (XceiverServerRatis.java:start(404)) - Starting XceiverServerRatis 5f513834-a5c3-47d7-b0df-0e7d236b5db1 at port 0
2019-09-19 09:00:59,711 [Datanode State Machine Thread - 0] INFO  impl.RaftServerProxy (RaftServerProxy.java:lambda$start$3(299)) - 5f513834-a5c3-47d7-b0df-0e7d236b5db1: start RPC server
2019-09-19 09:00:59,713 [Datanode State Machine Thread - 0] INFO  server.GrpcService (GrpcService.java:startImpl(149)) - 5f513834-a5c3-47d7-b0df-0e7d236b5db1: GrpcService started, listening on 0.0.0.0/0.0.0.0:42989
2019-09-19 09:00:59,713 [Datanode State Machine Thread - 0] INFO  ratis.XceiverServerRatis (XceiverServerRatis.java:start(414)) - XceiverServerRatis 5f513834-a5c3-47d7-b0df-0e7d236b5db1 is started using port 42989
2019-09-19 09:00:59,716 [Datanode State Machine Thread - 0] INFO  server.XceiverServerGrpc (XceiverServerGrpc.java:start(163)) - XceiverServerGrpc 5f513834-a5c3-47d7-b0df-0e7d236b5db1 is started using port 35794
2019-09-19 09:00:59,889 [main] INFO  ozone.MiniOzoneClusterImpl (MiniOzoneClusterImpl.java:lambda$waitForClusterToBeReady$0(142)) - Waiting for cluster to be ready. Got 0 of 7 DN Heartbeats.
2019-09-19 09:00:59,890 | INFO  | SCMAudit | user=jenkins1000 | ip=192.168.34.5 | op=GET_VERSION null | ret=SUCCESS |  
2019-09-19 09:00:59,903 [Datanode State Machine Thread - 0] INFO  ozoneimpl.OzoneContainer (OzoneContainer.java:start(186)) - Attempting to start container services.
2019-09-19 09:00:59,903 [Datanode State Machine Thread - 0] INFO  ozoneimpl.OzoneContainer (OzoneContainer.java:startContainerScrub(160)) - Background container scrubber has been disabled by hdds.containerscrub.enabled
2019-09-19 09:00:59,903 [Datanode State Machine Thread - 0] INFO  ratis.XceiverServerRatis (XceiverServerRatis.java:start(404)) - Starting XceiverServerRatis beb77c57-4e80-4e72-9c15-fb8c3304f28a at port 0
2019-09-19 09:00:59,910 [Datanode State Machine Thread - 0] INFO  impl.RaftServerProxy (RaftServerProxy.java:lambda$start$3(299)) - beb77c57-4e80-4e72-9c15-fb8c3304f28a: start RPC server
2019-09-19 09:00:59,911 [Datanode State Machine Thread - 0] INFO  server.GrpcService (GrpcService.java:startImpl(149)) - beb77c57-4e80-4e72-9c15-fb8c3304f28a: GrpcService started, listening on 0.0.0.0/0.0.0.0:36764
2019-09-19 09:00:59,911 [Datanode State Machine Thread - 0] INFO  ratis.XceiverServerRatis (XceiverServerRatis.java:start(414)) - XceiverServerRatis beb77c57-4e80-4e72-9c15-fb8c3304f28a is started using port 36764
2019-09-19 09:00:59,915 [Datanode State Machine Thread - 0] INFO  server.XceiverServerGrpc (XceiverServerGrpc.java:start(163)) - XceiverServerGrpc beb77c57-4e80-4e72-9c15-fb8c3304f28a is started using port 37950
2019-09-19 09:01:00,391 [IPC Server handler 2 on 41086] INFO  net.NetworkTopology (NetworkTopologyImpl.java:add(110)) - Added a new node: /default-rack/95a4061d-e5b0-4b2c-827e-cb05eb0977c9
2019-09-19 09:01:00,394 [IPC Server handler 2 on 41086] INFO  node.SCMNodeManager (SCMNodeManager.java:register(273)) - Registered Data node : 95a4061d-e5b0-4b2c-827e-cb05eb0977c9{ip: 192.168.34.5, host: pr-hdds-1569-j4bt4-3030777008, networkLocation: /default-rack, certSerialId: null}
2019-09-19 09:01:00,395 [EventQueue-NodeRegistrationContainerReportForDataNodeSafeModeRule] INFO  safemode.SCMSafeModeManager (DataNodeSafeModeRule.java:process(71)) - SCM in safe mode. 1 DataNodes registered, 1 required.
2019-09-19 09:01:00,398 [EventQueue-NodeRegistrationContainerReportForDataNodeSafeModeRule] INFO  safemode.SCMSafeModeManager (SCMSafeModeManager.java:validateSafeModeExitRules(177)) - ScmSafeModeManager, all rules are successfully validated
2019-09-19 09:01:00,398 | INFO  | SCMAudit | user=jenkins1000 | ip=192.168.34.5 | op=REGISTER {datanodeDetails=95a4061d-e5b0-4b2c-827e-cb05eb0977c9{ip: 192.168.34.5, host: pr-hdds-1569-j4bt4-3030777008, networkLocation: /default-rack, certSerialId: null}} | ret=SUCCESS |  
2019-09-19 09:01:00,398 [EventQueue-NodeRegistrationContainerReportForDataNodeSafeModeRule] INFO  safemode.SCMSafeModeManager (SCMSafeModeManager.java:exitSafeMode(193)) - SCM exiting safe mode.
2019-09-19 09:01:00,438 [grpc-default-executor-0] INFO  impl.RaftServerProxy (RaftServerProxy.java:addNew(89)) - 95a4061d-e5b0-4b2c-827e-cb05eb0977c9: addNew group-D2AAF84F0369:[95a4061d-e5b0-4b2c-827e-cb05eb0977c9:192.168.34.5:33174] returns group-D2AAF84F0369:java.util.concurrent.CompletableFuture@5e2cf918[Not completed]
2019-09-19 09:01:00,442 [pool-124-thread-1] INFO  impl.RaftServerImpl (RaftServerImpl.java:<init>(93)) - 95a4061d-e5b0-4b2c-827e-cb05eb0977c9: new RaftServerImpl for group-D2AAF84F0369:[95a4061d-e5b0-4b2c-827e-cb05eb0977c9:192.168.34.5:33174] with ContainerStateMachine:uninitialized
2019-09-19 09:01:00,443 [pool-124-thread-1] INFO  server.RaftServerConfigKeys (ConfUtils.java:logGet(43)) - raft.server.rpc.timeout.min = 5s (custom)
2019-09-19 09:01:00,443 [pool-124-thread-1] INFO  server.RaftServerConfigKeys (ConfUtils.java:logGet(43)) - raft.server.rpc.timeout.max = 5200ms (custom)
2019-09-19 09:01:00,443 [pool-124-thread-1] INFO  server.RaftServerConfigKeys (ConfUtils.java:logGet(43)) - raft.server.rpcslowness.timeout = 120s (custom)
2019-09-19 09:01:00,443 [pool-124-thread-1] INFO  server.RaftServerConfigKeys (ConfUtils.java:logGet(43)) - raft.server.sleep.deviation.threshold = 300 (default)
2019-09-19 09:01:00,443 [pool-124-thread-1] INFO  server.RaftServerConfigKeys (ConfUtils.java:logGet(43)) - raft.server.log.appender.install.snapshot.enabled = false (custom)
2019-09-19 09:01:00,444 [pool-124-thread-1] INFO  impl.RaftServerImpl (ServerState.java:<init>(105)) - 95a4061d-e5b0-4b2c-827e-cb05eb0977c9:group-D2AAF84F0369 ConfigurationManager, init=-1: [95a4061d-e5b0-4b2c-827e-cb05eb0977c9:192.168.34.5:33174], old=null, confs=<EMPTY_MAP>
2019-09-19 09:01:00,444 [pool-124-thread-1] INFO  server.RaftServerConfigKeys (ConfUtils.java:logGet(43)) - raft.server.storage.dir = [/workdir/hadoop-ozone/integration-test/target/test-dir/MiniOzoneClusterImpl-d1f5ba66-8c72-4ad4-ac90-f92cf1c4e2b2/datanode-0/data/ratis] (custom)
2019-09-19 09:01:00,445 [pool-124-thread-1] INFO  storage.RaftStorageDirectory (RaftStorageDirectory.java:analyzeStorage(246)) - The storage directory /workdir/hadoop-ozone/integration-test/target/test-dir/MiniOzoneClusterImpl-d1f5ba66-8c72-4ad4-ac90-f92cf1c4e2b2/datanode-0/data/ratis/f2a494ca-eba9-48a6-b3d5-d2aaf84f0369 does not exist. Creating ...
2019-09-19 09:01:00,465 [pool-124-thread-1] INFO  storage.RaftStorageDirectory (RaftStorageDirectory.java:tryLock(328)) - Lock on /workdir/hadoop-ozone/integration-test/target/test-dir/MiniOzoneClusterImpl-d1f5ba66-8c72-4ad4-ac90-f92cf1c4e2b2/datanode-0/data/ratis/f2a494ca-eba9-48a6-b3d5-d2aaf84f0369/in_use.lock acquired by nodename 12225@pr-hdds-1569-j4bt4-3030777008
2019-09-19 09:01:00,469 [pool-124-thread-1] INFO  storage.RaftStorage (RaftStorage.java:format(72)) - Storage directory /workdir/hadoop-ozone/integration-test/target/test-dir/MiniOzoneClusterImpl-d1f5ba66-8c72-4ad4-ac90-f92cf1c4e2b2/datanode-0/data/ratis/f2a494ca-eba9-48a6-b3d5-d2aaf84f0369 has been successfully formatted.
2019-09-19 09:01:00,469 [pool-124-thread-1] INFO  ratis.ContainerStateMachine (ContainerStateMachine.java:loadSnapshot(226)) - group-D2AAF84F0369: The snapshot info is null. Setting the last applied indexto:(t:0, i:~)
2019-09-19 09:01:00,469 [pool-124-thread-1] INFO  server.RaftServerConfigKeys (ConfUtils.java:logGet(43)) - raft.server.leader.election.timeout = 120s (custom)
2019-09-19 09:01:00,469 [pool-124-thread-1] INFO  server.RaftServerConfigKeys (ConfUtils.java:logGet(43)) - raft.server.log.use.memory = false (default)
2019-09-19 09:01:00,469 [pool-124-thread-1] INFO  server.RaftServerConfigKeys (ConfUtils.java:logGet(43)) - raft.server.log.purge.gap = 1000000 (custom)
2019-09-19 09:01:00,470 [pool-124-thread-1] INFO  server.RaftServerConfigKeys (ConfUtils.java:logGet(43)) - raft.server.log.appender.buffer.byte-limit = 33554432 (custom)
2019-09-19 09:01:00,470 [pool-124-thread-1] INFO  server.RaftServerConfigKeys (ConfUtils.java:logGet(43)) - raft.server.log.segment.size.max = 1048576 (custom)
2019-09-19 09:01:00,470 [pool-124-thread-1] INFO  server.RaftServerConfigKeys (ConfUtils.java:logGet(43)) - raft.server.log.segment.cache.num.max = 2 (custom)
2019-09-19 09:01:00,470 [pool-124-thread-1] INFO  segmented.SegmentedRaftLogWorker (SegmentedRaftLogWorker.java:<init>(172)) - new 95a4061d-e5b0-4b2c-827e-cb05eb0977c9-SegmentedRaftLogWorker:Storage Directory /workdir/hadoop-ozone/integration-test/target/test-dir/MiniOzoneClusterImpl-d1f5ba66-8c72-4ad4-ac90-f92cf1c4e2b2/datanode-0/data/ratis/f2a494ca-eba9-48a6-b3d5-d2aaf84f0369 for RaftStorage:Storage Directory /workdir/hadoop-ozone/integration-test/target/test-dir/MiniOzoneClusterImpl-d1f5ba66-8c72-4ad4-ac90-f92cf1c4e2b2/datanode-0/data/ratis/f2a494ca-eba9-48a6-b3d5-d2aaf84f0369
2019-09-19 09:01:00,471 [pool-124-thread-1] INFO  server.RaftServerConfigKeys (ConfUtils.java:logGet(43)) - raft.server.log.queue.byte-limit = 2147483647 (custom)
2019-09-19 09:01:00,471 [pool-124-thread-1] INFO  server.RaftServerConfigKeys (ConfUtils.java:logGet(43)) - raft.server.log.queue.element-limit = 1024 (custom)
2019-09-19 09:01:00,471 [pool-124-thread-1] INFO  server.RaftServerConfigKeys (ConfUtils.java:logGet(43)) - raft.server.log.segment.size.max = 1048576 (custom)
2019-09-19 09:01:00,472 [pool-124-thread-1] INFO  server.RaftServerConfigKeys (ConfUtils.java:logGet(43)) - raft.server.log.preallocated.size = 16384 (custom)
2019-09-19 09:01:00,472 [pool-124-thread-1] INFO  server.RaftServerConfigKeys (ConfUtils.java:logGet(43)) - raft.server.log.write.buffer.size = 33554432 (custom)
2019-09-19 09:01:00,472 [pool-124-thread-1] INFO  server.RaftServerConfigKeys (ConfUtils.java:logGet(43)) - raft.server.log.force.sync.num = 128 (default)
2019-09-19 09:01:00,472 [pool-124-thread-1] INFO  server.RaftServerConfigKeys (ConfUtils.java:logGet(43)) - raft.server.log.statemachine.data.sync = true (default)
2019-09-19 09:01:00,472 [pool-124-thread-1] INFO  server.RaftServerConfigKeys (ConfUtils.java:logGet(43)) - raft.server.log.statemachine.data.sync.timeout = 10s (default)
2019-09-19 09:01:00,472 [pool-124-thread-1] INFO  server.RaftServerConfigKeys (ConfUtils.java:logGet(43)) - raft.server.log.statemachine.data.sync.timeout.retry = -1 (default)
2019-09-19 09:01:00,473 [pool-124-thread-1] INFO  server.RaftServerConfigKeys (ConfUtils.java:logGet(43)) - raft.server.log.statemachine.data.caching.enabled = true (custom)
2019-09-19 09:01:00,473 [pool-124-thread-1] INFO  segmented.SegmentedRaftLogWorker (SegmentedRaftLogWorker.java:lambda$new$0(132)) - 95a4061d-e5b0-4b2c-827e-cb05eb0977c9-SegmentedRaftLogWorker:Storage Directory /workdir/hadoop-ozone/integration-test/target/test-dir/MiniOzoneClusterImpl-d1f5ba66-8c72-4ad4-ac90-f92cf1c4e2b2/datanode-0/data/ratis/f2a494ca-eba9-48a6-b3d5-d2aaf84f0369: flushIndex: setUnconditionally 0 -> -1
2019-09-19 09:01:00,473 [pool-124-thread-1] INFO  server.RaftServerConfigKeys (ConfUtils.java:logGet(43)) - raft.server.snapshot.auto.trigger.enabled = true (custom)
2019-09-19 09:01:00,474 [pool-124-thread-1] INFO  server.RaftServerConfigKeys (ConfUtils.java:logGet(43)) - raft.server.snapshot.auto.trigger.threshold = 10000 (custom)
2019-09-19 09:01:00,474 [pool-124-thread-1] INFO  server.RaftServerConfigKeys (ConfUtils.java:logGet(43)) - raft.server.retrycache.expirytime = 600000ms (custom)
2019-09-19 09:01:00,474 [pool-124-thread-1] INFO  impl.RaftServerImpl (RaftServerImpl.java:start(180)) - 95a4061d-e5b0-4b2c-827e-cb05eb0977c9: start group-D2AAF84F0369
2019-09-19 09:01:00,474 [pool-124-thread-1] INFO  impl.RaftServerImpl (RaftServerImpl.java:setRole(171)) - 95a4061d-e5b0-4b2c-827e-cb05eb0977c9:group-D2AAF84F0369 changes role from null to FOLLOWER at term 0 for startAsFollower
2019-09-19 09:01:00,474 [pool-124-thread-1] INFO  impl.RoleInfo (RoleInfo.java:updateAndGet(143)) - 95a4061d-e5b0-4b2c-827e-cb05eb0977c9: start FollowerState
2019-09-19 09:01:00,476 [pool-124-thread-1] INFO  util.JmxRegister (JmxRegister.java:tryRegister(44)) - Successfully registered JMX Bean with object name Ratis:service=RaftServer,group=group-D2AAF84F0369,id=95a4061d-e5b0-4b2c-827e-cb05eb0977c9
2019-09-19 09:01:00,491 [RatisPipelineUtilsThread] INFO  pipeline.PipelineStateManager (PipelineStateManager.java:addPipeline(56)) - Created pipeline Pipeline[ Id: f2a494ca-eba9-48a6-b3d5-d2aaf84f0369, Nodes: 95a4061d-e5b0-4b2c-827e-cb05eb0977c9{ip: 192.168.34.5, host: pr-hdds-1569-j4bt4-3030777008, networkLocation: /default-rack, certSerialId: null}, Type:RATIS, Factor:ONE, State:OPEN]
2019-09-19 09:01:00,503 [grpc-default-executor-0] INFO  impl.RaftServerProxy (RaftServerProxy.java:addNew(89)) - 95a4061d-e5b0-4b2c-827e-cb05eb0977c9: addNew group-9B48E14E8108:[95a4061d-e5b0-4b2c-827e-cb05eb0977c9:192.168.34.5:33174] returns group-9B48E14E8108:java.util.concurrent.CompletableFuture@6f38e4cf[Not completed]
2019-09-19 09:01:00,505 [pool-124-thread-1] INFO  impl.RaftServerImpl (RaftServerImpl.java:<init>(93)) - 95a4061d-e5b0-4b2c-827e-cb05eb0977c9: new RaftServerImpl for group-9B48E14E8108:[95a4061d-e5b0-4b2c-827e-cb05eb0977c9:192.168.34.5:33174] with ContainerStateMachine:uninitialized
2019-09-19 09:01:00,506 [pool-124-thread-1] INFO  server.RaftServerConfigKeys (ConfUtils.java:logGet(43)) - raft.server.rpc.timeout.min = 5s (custom)
2019-09-19 09:01:00,506 [pool-124-thread-1] INFO  server.RaftServerConfigKeys (ConfUtils.java:logGet(43)) - raft.server.rpc.timeout.max = 5200ms (custom)
2019-09-19 09:01:00,506 [pool-124-thread-1] INFO  server.RaftServerConfigKeys (ConfUtils.java:logGet(43)) - raft.server.rpcslowness.timeout = 120s (custom)
2019-09-19 09:01:00,506 [pool-124-thread-1] INFO  server.RaftServerConfigKeys (ConfUtils.java:logGet(43)) - raft.server.sleep.deviation.threshold = 300 (default)
2019-09-19 09:01:00,506 [pool-124-thread-1] INFO  server.RaftServerConfigKeys (ConfUtils.java:logGet(43)) - raft.server.log.appender.install.snapshot.enabled = false (custom)
2019-09-19 09:01:00,507 [pool-124-thread-1] INFO  impl.RaftServerImpl (ServerState.java:<init>(105)) - 95a4061d-e5b0-4b2c-827e-cb05eb0977c9:group-9B48E14E8108 ConfigurationManager, init=-1: [95a4061d-e5b0-4b2c-827e-cb05eb0977c9:192.168.34.5:33174], old=null, confs=<EMPTY_MAP>
2019-09-19 09:01:00,507 [pool-124-thread-1] INFO  server.RaftServerConfigKeys (ConfUtils.java:logGet(43)) - raft.server.storage.dir = [/workdir/hadoop-ozone/integration-test/target/test-dir/MiniOzoneClusterImpl-d1f5ba66-8c72-4ad4-ac90-f92cf1c4e2b2/datanode-0/data/ratis] (custom)
2019-09-19 09:01:00,508 [pool-124-thread-1] INFO  storage.RaftStorageDirectory (RaftStorageDirectory.java:analyzeStorage(246)) - The storage directory /workdir/hadoop-ozone/integration-test/target/test-dir/MiniOzoneClusterImpl-d1f5ba66-8c72-4ad4-ac90-f92cf1c4e2b2/datanode-0/data/ratis/e75142f7-522b-43ab-aedf-9b48e14e8108 does not exist. Creating ...
2019-09-19 09:01:00,515 [pool-124-thread-1] INFO  storage.RaftStorageDirectory (RaftStorageDirectory.java:tryLock(328)) - Lock on /workdir/hadoop-ozone/integration-test/target/test-dir/MiniOzoneClusterImpl-d1f5ba66-8c72-4ad4-ac90-f92cf1c4e2b2/datanode-0/data/ratis/e75142f7-522b-43ab-aedf-9b48e14e8108/in_use.lock acquired by nodename 12225@pr-hdds-1569-j4bt4-3030777008
2019-09-19 09:01:00,526 [pool-124-thread-1] INFO  storage.RaftStorage (RaftStorage.java:format(72)) - Storage directory /workdir/hadoop-ozone/integration-test/target/test-dir/MiniOzoneClusterImpl-d1f5ba66-8c72-4ad4-ac90-f92cf1c4e2b2/datanode-0/data/ratis/e75142f7-522b-43ab-aedf-9b48e14e8108 has been successfully formatted.
2019-09-19 09:01:00,527 [pool-124-thread-1] INFO  ratis.ContainerStateMachine (ContainerStateMachine.java:loadSnapshot(226)) - group-9B48E14E8108: The snapshot info is null. Setting the last applied indexto:(t:0, i:~)
2019-09-19 09:01:00,527 [pool-124-thread-1] INFO  server.RaftServerConfigKeys (ConfUtils.java:logGet(43)) - raft.server.leader.election.timeout = 120s (custom)
2019-09-19 09:01:00,527 [pool-124-thread-1] INFO  server.RaftServerConfigKeys (ConfUtils.java:logGet(43)) - raft.server.log.use.memory = false (default)
2019-09-19 09:01:00,527 [pool-124-thread-1] INFO  server.RaftServerConfigKeys (ConfUtils.java:logGet(43)) - raft.server.log.purge.gap = 1000000 (custom)
2019-09-19 09:01:00,527 [pool-124-thread-1] INFO  server.RaftServerConfigKeys (ConfUtils.java:logGet(43)) - raft.server.log.appender.buffer.byte-limit = 33554432 (custom)
2019-09-19 09:01:00,527 [pool-124-thread-1] INFO  server.RaftServerConfigKeys (ConfUtils.java:logGet(43)) - raft.server.log.segment.size.max = 1048576 (custom)
2019-09-19 09:01:00,528 [pool-124-thread-1] INFO  server.RaftServerConfigKeys (ConfUtils.java:logGet(43)) - raft.server.log.segment.cache.num.max = 2 (custom)
2019-09-19 09:01:00,528 [pool-124-thread-1] INFO  segmented.SegmentedRaftLogWorker (SegmentedRaftLogWorker.java:<init>(172)) - new 95a4061d-e5b0-4b2c-827e-cb05eb0977c9-SegmentedRaftLogWorker:Storage Directory /workdir/hadoop-ozone/integration-test/target/test-dir/MiniOzoneClusterImpl-d1f5ba66-8c72-4ad4-ac90-f92cf1c4e2b2/datanode-0/data/ratis/e75142f7-522b-43ab-aedf-9b48e14e8108 for RaftStorage:Storage Directory /workdir/hadoop-ozone/integration-test/target/test-dir/MiniOzoneClusterImpl-d1f5ba66-8c72-4ad4-ac90-f92cf1c4e2b2/datanode-0/data/ratis/e75142f7-522b-43ab-aedf-9b48e14e8108
2019-09-19 09:01:00,528 [pool-124-thread-1] INFO  server.RaftServerConfigKeys (ConfUtils.java:logGet(43)) - raft.server.log.queue.byte-limit = 2147483647 (custom)
2019-09-19 09:01:00,528 [pool-124-thread-1] INFO  server.RaftServerConfigKeys (ConfUtils.java:logGet(43)) - raft.server.log.queue.element-limit = 1024 (custom)
2019-09-19 09:01:00,528 [pool-124-thread-1] INFO  server.RaftServerConfigKeys (ConfUtils.java:logGet(43)) - raft.server.log.segment.size.max = 1048576 (custom)
2019-09-19 09:01:00,528 [pool-124-thread-1] INFO  server.RaftServerConfigKeys (ConfUtils.java:logGet(43)) - raft.server.log.preallocated.size = 16384 (custom)
2019-09-19 09:01:00,528 [pool-124-thread-1] INFO  server.RaftServerConfigKeys (ConfUtils.java:logGet(43)) - raft.server.log.write.buffer.size = 33554432 (custom)
2019-09-19 09:01:00,528 [pool-124-thread-1] INFO  server.RaftServerConfigKeys (ConfUtils.java:logGet(43)) - raft.server.log.force.sync.num = 128 (default)
2019-09-19 09:01:00,529 [pool-124-thread-1] INFO  server.RaftServerConfigKeys (ConfUtils.java:logGet(43)) - raft.server.log.statemachine.data.sync = true (default)
2019-09-19 09:01:00,529 [pool-124-thread-1] INFO  server.RaftServerConfigKeys (ConfUtils.java:logGet(43)) - raft.server.log.statemachine.data.sync.timeout = 10s (default)
2019-09-19 09:01:00,529 [pool-124-thread-1] INFO  server.RaftServerConfigKeys (ConfUtils.java:logGet(43)) - raft.server.log.statemachine.data.sync.timeout.retry = -1 (default)
2019-09-19 09:01:00,529 [pool-124-thread-1] INFO  server.RaftServerConfigKeys (ConfUtils.java:logGet(43)) - raft.server.log.statemachine.data.caching.enabled = true (custom)
2019-09-19 09:01:00,530 [pool-124-thread-1] INFO  segmented.SegmentedRaftLogWorker (SegmentedRaftLogWorker.java:lambda$new$0(132)) - 95a4061d-e5b0-4b2c-827e-cb05eb0977c9-SegmentedRaftLogWorker:Storage Directory /workdir/hadoop-ozone/integration-test/target/test-dir/MiniOzoneClusterImpl-d1f5ba66-8c72-4ad4-ac90-f92cf1c4e2b2/datanode-0/data/ratis/e75142f7-522b-43ab-aedf-9b48e14e8108: flushIndex: setUnconditionally 0 -> -1
2019-09-19 09:01:00,530 [pool-124-thread-1] INFO  server.RaftServerConfigKeys (ConfUtils.java:logGet(43)) - raft.server.snapshot.auto.trigger.enabled = true (custom)
2019-09-19 09:01:00,530 [pool-124-thread-1] INFO  server.RaftServerConfigKeys (ConfUtils.java:logGet(43)) - raft.server.snapshot.auto.trigger.threshold = 10000 (custom)
2019-09-19 09:01:00,530 [pool-124-thread-1] INFO  server.RaftServerConfigKeys (ConfUtils.java:logGet(43)) - raft.server.retrycache.expirytime = 600000ms (custom)
2019-09-19 09:01:00,531 [pool-124-thread-1] INFO  impl.RaftServerImpl (RaftServerImpl.java:start(180)) - 95a4061d-e5b0-4b2c-827e-cb05eb0977c9: start group-9B48E14E8108
2019-09-19 09:01:00,531 [pool-124-thread-1] INFO  impl.RaftServerImpl (RaftServerImpl.java:setRole(171)) - 95a4061d-e5b0-4b2c-827e-cb05eb0977c9:group-9B48E14E8108 changes role from null to FOLLOWER at term 0 for startAsFollower
2019-09-19 09:01:00,531 [pool-124-thread-1] INFO  impl.RoleInfo (RoleInfo.java:updateAndGet(143)) - 95a4061d-e5b0-4b2c-827e-cb05eb0977c9: start FollowerState
2019-09-19 09:01:00,532 [pool-124-thread-1] INFO  util.JmxRegister (JmxRegister.java:tryRegister(44)) - Successfully registered JMX Bean with object name Ratis:service=RaftServer,group=group-9B48E14E8108,id=95a4061d-e5b0-4b2c-827e-cb05eb0977c9
2019-09-19 09:01:00,537 [RatisPipelineUtilsThread] INFO  pipeline.PipelineStateManager (PipelineStateManager.java:addPipeline(56)) - Created pipeline Pipeline[ Id: e75142f7-522b-43ab-aedf-9b48e14e8108, Nodes: 95a4061d-e5b0-4b2c-827e-cb05eb0977c9{ip: 192.168.34.5, host: pr-hdds-1569-j4bt4-3030777008, networkLocation: /default-rack, certSerialId: null}, Type:RATIS, Factor:ONE, State:OPEN]
2019-09-19 09:01:00,543 [grpc-default-executor-0] INFO  impl.RaftServerProxy (RaftServerProxy.java:addNew(89)) - 95a4061d-e5b0-4b2c-827e-cb05eb0977c9: addNew group-B5674B8725F9:[95a4061d-e5b0-4b2c-827e-cb05eb0977c9:192.168.34.5:33174] returns group-B5674B8725F9:java.util.concurrent.CompletableFuture@3e030657[Not completed]
2019-09-19 09:01:00,544 [pool-124-thread-1] INFO  impl.RaftServerImpl (RaftServerImpl.java:<init>(93)) - 95a4061d-e5b0-4b2c-827e-cb05eb0977c9: new RaftServerImpl for group-B5674B8725F9:[95a4061d-e5b0-4b2c-827e-cb05eb0977c9:192.168.34.5:33174] with ContainerStateMachine:uninitialized
2019-09-19 09:01:00,544 [pool-124-thread-1] INFO  server.RaftServerConfigKeys (ConfUtils.java:logGet(43)) - raft.server.rpc.timeout.min = 5s (custom)
2019-09-19 09:01:00,544 [pool-124-thread-1] INFO  server.RaftServerConfigKeys (ConfUtils.java:logGet(43)) - raft.server.rpc.timeout.max = 5200ms (custom)
2019-09-19 09:01:00,544 [pool-124-thread-1] INFO  server.RaftServerConfigKeys (ConfUtils.java:logGet(43)) - raft.server.rpcslowness.timeout = 120s (custom)
2019-09-19 09:01:00,545 [pool-124-thread-1] INFO  server.RaftServerConfigKeys (ConfUtils.java:logGet(43)) - raft.server.sleep.deviation.threshold = 300 (default)
2019-09-19 09:01:00,545 [pool-124-thread-1] INFO  server.RaftServerConfigKeys (ConfUtils.java:logGet(43)) - raft.server.log.appender.install.snapshot.enabled = false (custom)
2019-09-19 09:01:00,545 [pool-124-thread-1] INFO  impl.RaftServerImpl (ServerState.java:<init>(105)) - 95a4061d-e5b0-4b2c-827e-cb05eb0977c9:group-B5674B8725F9 ConfigurationManager, init=-1: [95a4061d-e5b0-4b2c-827e-cb05eb0977c9:192.168.34.5:33174], old=null, confs=<EMPTY_MAP>
2019-09-19 09:01:00,545 [pool-124-thread-1] INFO  server.RaftServerConfigKeys (ConfUtils.java:logGet(43)) - raft.server.storage.dir = [/workdir/hadoop-ozone/integration-test/target/test-dir/MiniOzoneClusterImpl-d1f5ba66-8c72-4ad4-ac90-f92cf1c4e2b2/datanode-0/data/ratis] (custom)
2019-09-19 09:01:00,545 [pool-124-thread-1] INFO  storage.RaftStorageDirectory (RaftStorageDirectory.java:analyzeStorage(246)) - The storage directory /workdir/hadoop-ozone/integration-test/target/test-dir/MiniOzoneClusterImpl-d1f5ba66-8c72-4ad4-ac90-f92cf1c4e2b2/datanode-0/data/ratis/ad841003-bf19-4851-8b09-b5674b8725f9 does not exist. Creating ...
2019-09-19 09:01:00,563 [pool-124-thread-1] INFO  storage.RaftStorageDirectory (RaftStorageDirectory.java:tryLock(328)) - Lock on /workdir/hadoop-ozone/integration-test/target/test-dir/MiniOzoneClusterImpl-d1f5ba66-8c72-4ad4-ac90-f92cf1c4e2b2/datanode-0/data/ratis/ad841003-bf19-4851-8b09-b5674b8725f9/in_use.lock acquired by nodename 12225@pr-hdds-1569-j4bt4-3030777008
2019-09-19 09:01:00,576 [pool-124-thread-1] INFO  storage.RaftStorage (RaftStorage.java:format(72)) - Storage directory /workdir/hadoop-ozone/integration-test/target/test-dir/MiniOzoneClusterImpl-d1f5ba66-8c72-4ad4-ac90-f92cf1c4e2b2/datanode-0/data/ratis/ad841003-bf19-4851-8b09-b5674b8725f9 has been successfully formatted.
2019-09-19 09:01:00,577 [pool-124-thread-1] INFO  ratis.ContainerStateMachine (ContainerStateMachine.java:loadSnapshot(226)) - group-B5674B8725F9: The snapshot info is null. Setting the last applied indexto:(t:0, i:~)
2019-09-19 09:01:00,577 [pool-124-thread-1] INFO  server.RaftServerConfigKeys (ConfUtils.java:logGet(43)) - raft.server.leader.election.timeout = 120s (custom)
2019-09-19 09:01:00,577 [pool-124-thread-1] INFO  server.RaftServerConfigKeys (ConfUtils.java:logGet(43)) - raft.server.log.use.memory = false (default)
2019-09-19 09:01:00,577 [pool-124-thread-1] INFO  server.RaftServerConfigKeys (ConfUtils.java:logGet(43)) - raft.server.log.purge.gap = 1000000 (custom)
2019-09-19 09:01:00,577 [pool-124-thread-1] INFO  server.RaftServerConfigKeys (ConfUtils.java:logGet(43)) - raft.server.log.appender.buffer.byte-limit = 33554432 (custom)
2019-09-19 09:01:00,577 [pool-124-thread-1] INFO  server.RaftServerConfigKeys (ConfUtils.java:logGet(43)) - raft.server.log.segment.size.max = 1048576 (custom)
2019-09-19 09:01:00,577 [pool-124-thread-1] INFO  server.RaftServerConfigKeys (ConfUtils.java:logGet(43)) - raft.server.log.segment.cache.num.max = 2 (custom)
2019-09-19 09:01:00,577 [pool-124-thread-1] INFO  segmented.SegmentedRaftLogWorker (SegmentedRaftLogWorker.java:<init>(172)) - new 95a4061d-e5b0-4b2c-827e-cb05eb0977c9-SegmentedRaftLogWorker:Storage Directory /workdir/hadoop-ozone/integration-test/target/test-dir/MiniOzoneClusterImpl-d1f5ba66-8c72-4ad4-ac90-f92cf1c4e2b2/datanode-0/data/ratis/ad841003-bf19-4851-8b09-b5674b8725f9 for RaftStorage:Storage Directory /workdir/hadoop-ozone/integration-test/target/test-dir/MiniOzoneClusterImpl-d1f5ba66-8c72-4ad4-ac90-f92cf1c4e2b2/datanode-0/data/ratis/ad841003-bf19-4851-8b09-b5674b8725f9
2019-09-19 09:01:00,578 [pool-124-thread-1] INFO  server.RaftServerConfigKeys (ConfUtils.java:logGet(43)) - raft.server.log.queue.byte-limit = 2147483647 (custom)
2019-09-19 09:01:00,578 [pool-124-thread-1] INFO  server.RaftServerConfigKeys (ConfUtils.java:logGet(43)) - raft.server.log.queue.element-limit = 1024 (custom)
2019-09-19 09:01:00,578 [pool-124-thread-1] INFO  server.RaftServerConfigKeys (ConfUtils.java:logGet(43)) - raft.server.log.segment.size.max = 1048576 (custom)
2019-09-19 09:01:00,578 [pool-124-thread-1] INFO  server.RaftServerConfigKeys (ConfUtils.java:logGet(43)) - raft.server.log.preallocated.size = 16384 (custom)
2019-09-19 09:01:00,578 [pool-124-thread-1] INFO  server.RaftServerConfigKeys (ConfUtils.java:logGet(43)) - raft.server.log.write.buffer.size = 33554432 (custom)
2019-09-19 09:01:00,578 [pool-124-thread-1] INFO  server.RaftServerConfigKeys (ConfUtils.java:logGet(43)) - raft.server.log.force.sync.num = 128 (default)
2019-09-19 09:01:00,578 [pool-124-thread-1] INFO  server.RaftServerConfigKeys (ConfUtils.java:logGet(43)) - raft.server.log.statemachine.data.sync = true (default)
2019-09-19 09:01:00,578 [pool-124-thread-1] INFO  server.RaftServerConfigKeys (ConfUtils.java:logGet(43)) - raft.server.log.statemachine.data.sync.timeout = 10s (default)
2019-09-19 09:01:00,578 [pool-124-thread-1] INFO  server.RaftServerConfigKeys (ConfUtils.java:logGet(43)) - raft.server.log.statemachine.data.sync.timeout.retry = -1 (default)
2019-09-19 09:01:00,579 [pool-124-thread-1] INFO  server.RaftServerConfigKeys (ConfUtils.java:logGet(43)) - raft.server.log.statemachine.data.caching.enabled = true (custom)
2019-09-19 09:01:00,579 [pool-124-thread-1] INFO  segmented.SegmentedRaftLogWorker (SegmentedRaftLogWorker.java:lambda$new$0(132)) - 95a4061d-e5b0-4b2c-827e-cb05eb0977c9-SegmentedRaftLogWorker:Storage Directory /workdir/hadoop-ozone/integration-test/target/test-dir/MiniOzoneClusterImpl-d1f5ba66-8c72-4ad4-ac90-f92cf1c4e2b2/datanode-0/data/ratis/ad841003-bf19-4851-8b09-b5674b8725f9: flushIndex: setUnconditionally 0 -> -1
2019-09-19 09:01:00,579 [pool-124-thread-1] INFO  server.RaftServerConfigKeys (ConfUtils.java:logGet(43)) - raft.server.snapshot.auto.trigger.enabled = true (custom)
2019-09-19 09:01:00,579 [pool-124-thread-1] INFO  server.RaftServerConfigKeys (ConfUtils.java:logGet(43)) - raft.server.snapshot.auto.trigger.threshold = 10000 (custom)
2019-09-19 09:01:00,579 [pool-124-thread-1] INFO  server.RaftServerConfigKeys (ConfUtils.java:logGet(43)) - raft.server.retrycache.expirytime = 600000ms (custom)
2019-09-19 09:01:00,580 [pool-124-thread-1] INFO  impl.RaftServerImpl (RaftServerImpl.java:start(180)) - 95a4061d-e5b0-4b2c-827e-cb05eb0977c9: start group-B5674B8725F9
2019-09-19 09:01:00,580 [pool-124-thread-1] INFO  impl.RaftServerImpl (RaftServerImpl.java:setRole(171)) - 95a4061d-e5b0-4b2c-827e-cb05eb0977c9:group-B5674B8725F9 changes role from null to FOLLOWER at term 0 for startAsFollower
2019-09-19 09:01:00,580 [pool-124-thread-1] INFO  impl.RoleInfo (RoleInfo.java:updateAndGet(143)) - 95a4061d-e5b0-4b2c-827e-cb05eb0977c9: start FollowerState
2019-09-19 09:01:00,580 [pool-124-thread-1] INFO  util.JmxRegister (JmxRegister.java:tryRegister(44)) - Successfully registered JMX Bean with object name Ratis:service=RaftServer,group=group-B5674B8725F9,id=95a4061d-e5b0-4b2c-827e-cb05eb0977c9
2019-09-19 09:01:00,583 [RatisPipelineUtilsThread] INFO  pipeline.PipelineStateManager (PipelineStateManager.java:addPipeline(56)) - Created pipeline Pipeline[ Id: ad841003-bf19-4851-8b09-b5674b8725f9, Nodes: 95a4061d-e5b0-4b2c-827e-cb05eb0977c9{ip: 192.168.34.5, host: pr-hdds-1569-j4bt4-3030777008, networkLocation: /default-rack, certSerialId: null}, Type:RATIS, Factor:ONE, State:OPEN]
2019-09-19 09:01:00,588 [grpc-default-executor-0] INFO  impl.RaftServerProxy (RaftServerProxy.java:addNew(89)) - 95a4061d-e5b0-4b2c-827e-cb05eb0977c9: addNew group-E84F93C92FD1:[95a4061d-e5b0-4b2c-827e-cb05eb0977c9:192.168.34.5:33174] returns group-E84F93C92FD1:java.util.concurrent.CompletableFuture@6d297c14[Not completed]
2019-09-19 09:01:00,589 [pool-124-thread-1] INFO  impl.RaftServerImpl (RaftServerImpl.java:<init>(93)) - 95a4061d-e5b0-4b2c-827e-cb05eb0977c9: new RaftServerImpl for group-E84F93C92FD1:[95a4061d-e5b0-4b2c-827e-cb05eb0977c9:192.168.34.5:33174] with ContainerStateMachine:uninitialized
2019-09-19 09:01:00,589 [pool-124-thread-1] INFO  server.RaftServerConfigKeys (ConfUtils.java:logGet(43)) - raft.server.rpc.timeout.min = 5s (custom)
2019-09-19 09:01:00,589 [pool-124-thread-1] INFO  server.RaftServerConfigKeys (ConfUtils.java:logGet(43)) - raft.server.rpc.timeout.max = 5200ms (custom)
2019-09-19 09:01:00,589 [pool-124-thread-1] INFO  server.RaftServerConfigKeys (ConfUtils.java:logGet(43)) - raft.server.rpcslowness.timeout = 120s (custom)
2019-09-19 09:01:00,590 [pool-124-thread-1] INFO  server.RaftServerConfigKeys (ConfUtils.java:logGet(43)) - raft.server.sleep.deviation.threshold = 300 (default)
2019-09-19 09:01:00,590 [pool-124-thread-1] INFO  server.RaftServerConfigKeys (ConfUtils.java:logGet(43)) - raft.server.log.appender.install.snapshot.enabled = false (custom)
2019-09-19 09:01:00,590 [pool-124-thread-1] INFO  impl.RaftServerImpl (ServerState.java:<init>(105)) - 95a4061d-e5b0-4b2c-827e-cb05eb0977c9:group-E84F93C92FD1 ConfigurationManager, init=-1: [95a4061d-e5b0-4b2c-827e-cb05eb0977c9:192.168.34.5:33174], old=null, confs=<EMPTY_MAP>
2019-09-19 09:01:00,590 [pool-124-thread-1] INFO  server.RaftServerConfigKeys (ConfUtils.java:logGet(43)) - raft.server.storage.dir = [/workdir/hadoop-ozone/integration-test/target/test-dir/MiniOzoneClusterImpl-d1f5ba66-8c72-4ad4-ac90-f92cf1c4e2b2/datanode-0/data/ratis] (custom)
2019-09-19 09:01:00,590 [pool-124-thread-1] INFO  storage.RaftStorageDirectory (RaftStorageDirectory.java:analyzeStorage(246)) - The storage directory /workdir/hadoop-ozone/integration-test/target/test-dir/MiniOzoneClusterImpl-d1f5ba66-8c72-4ad4-ac90-f92cf1c4e2b2/datanode-0/data/ratis/718b1fe0-e31b-4164-9695-e84f93c92fd1 does not exist. Creating ...
2019-09-19 09:01:00,599 [pool-124-thread-1] INFO  storage.RaftStorageDirectory (RaftStorageDirectory.java:tryLock(328)) - Lock on /workdir/hadoop-ozone/integration-test/target/test-dir/MiniOzoneClusterImpl-d1f5ba66-8c72-4ad4-ac90-f92cf1c4e2b2/datanode-0/data/ratis/718b1fe0-e31b-4164-9695-e84f93c92fd1/in_use.lock acquired by nodename 12225@pr-hdds-1569-j4bt4-3030777008
2019-09-19 09:01:00,613 [pool-124-thread-1] INFO  storage.RaftStorage (RaftStorage.java:format(72)) - Storage directory /workdir/hadoop-ozone/integration-test/target/test-dir/MiniOzoneClusterImpl-d1f5ba66-8c72-4ad4-ac90-f92cf1c4e2b2/datanode-0/data/ratis/718b1fe0-e31b-4164-9695-e84f93c92fd1 has been successfully formatted.
2019-09-19 09:01:00,613 [pool-124-thread-1] INFO  ratis.ContainerStateMachine (ContainerStateMachine.java:loadSnapshot(226)) - group-E84F93C92FD1: The snapshot info is null. Setting the last applied indexto:(t:0, i:~)
2019-09-19 09:01:00,613 [pool-124-thread-1] INFO  server.RaftServerConfigKeys (ConfUtils.java:logGet(43)) - raft.server.leader.election.timeout = 120s (custom)
2019-09-19 09:01:00,613 [pool-124-thread-1] INFO  server.RaftServerConfigKeys (ConfUtils.java:logGet(43)) - raft.server.log.use.memory = false (default)
2019-09-19 09:01:00,614 [pool-124-thread-1] INFO  server.RaftServerConfigKeys (ConfUtils.java:logGet(43)) - raft.server.log.purge.gap = 1000000 (custom)
2019-09-19 09:01:00,614 [pool-124-thread-1] INFO  server.RaftServerConfigKeys (ConfUtils.java:logGet(43)) - raft.server.log.appender.buffer.byte-limit = 33554432 (custom)
2019-09-19 09:01:00,614 [pool-124-thread-1] INFO  server.RaftServerConfigKeys (ConfUtils.java:logGet(43)) - raft.server.log.segment.size.max = 1048576 (custom)
2019-09-19 09:01:00,614 [pool-124-thread-1] INFO  server.RaftServerConfigKeys (ConfUtils.java:logGet(43)) - raft.server.log.segment.cache.num.max = 2 (custom)
2019-09-19 09:01:00,614 [pool-124-thread-1] INFO  segmented.SegmentedRaftLogWorker (SegmentedRaftLogWorker.java:<init>(172)) - new 95a4061d-e5b0-4b2c-827e-cb05eb0977c9-SegmentedRaftLogWorker:Storage Directory /workdir/hadoop-ozone/integration-test/target/test-dir/MiniOzoneClusterImpl-d1f5ba66-8c72-4ad4-ac90-f92cf1c4e2b2/datanode-0/data/ratis/718b1fe0-e31b-4164-9695-e84f93c92fd1 for RaftStorage:Storage Directory /workdir/hadoop-ozone/integration-test/target/test-dir/MiniOzoneClusterImpl-d1f5ba66-8c72-4ad4-ac90-f92cf1c4e2b2/datanode-0/data/ratis/718b1fe0-e31b-4164-9695-e84f93c92fd1
2019-09-19 09:01:00,614 [pool-124-thread-1] INFO  server.RaftServerConfigKeys (ConfUtils.java:logGet(43)) - raft.server.log.queue.byte-limit = 2147483647 (custom)
2019-09-19 09:01:00,614 [pool-124-thread-1] INFO  server.RaftServerConfigKeys (ConfUtils.java:logGet(43)) - raft.server.log.queue.element-limit = 1024 (custom)
2019-09-19 09:01:00,614 [pool-124-thread-1] INFO  server.RaftServerConfigKeys (ConfUtils.java:logGet(43)) - raft.server.log.segment.size.max = 1048576 (custom)
2019-09-19 09:01:00,614 [pool-124-thread-1] INFO  server.RaftServerConfigKeys (ConfUtils.java:logGet(43)) - raft.server.log.preallocated.size = 16384 (custom)
2019-09-19 09:01:00,615 [pool-124-thread-1] INFO  server.RaftServerConfigKeys (ConfUtils.java:logGet(43)) - raft.server.log.write.buffer.size = 33554432 (custom)
2019-09-19 09:01:00,615 [pool-124-thread-1] INFO  server.RaftServerConfigKeys (ConfUtils.java:logGet(43)) - raft.server.log.force.sync.num = 128 (default)
2019-09-19 09:01:00,615 [pool-124-thread-1] INFO  server.RaftServerConfigKeys (ConfUtils.java:logGet(43)) - raft.server.log.statemachine.data.sync = true (default)
2019-09-19 09:01:00,615 [pool-124-thread-1] INFO  server.RaftServerConfigKeys (ConfUtils.java:logGet(43)) - raft.server.log.statemachine.data.sync.timeout = 10s (default)
2019-09-19 09:01:00,615 [pool-124-thread-1] INFO  server.RaftServerConfigKeys (ConfUtils.java:logGet(43)) - raft.server.log.statemachine.data.sync.timeout.retry = -1 (default)
2019-09-19 09:01:00,615 [pool-124-thread-1] INFO  server.RaftServerConfigKeys (ConfUtils.java:logGet(43)) - raft.server.log.statemachine.data.caching.enabled = true (custom)
2019-09-19 09:01:00,616 [pool-124-thread-1] INFO  segmented.SegmentedRaftLogWorker (SegmentedRaftLogWorker.java:lambda$new$0(132)) - 95a4061d-e5b0-4b2c-827e-cb05eb0977c9-SegmentedRaftLogWorker:Storage Directory /workdir/hadoop-ozone/integration-test/target/test-dir/MiniOzoneClusterImpl-d1f5ba66-8c72-4ad4-ac90-f92cf1c4e2b2/datanode-0/data/ratis/718b1fe0-e31b-4164-9695-e84f93c92fd1: flushIndex: setUnconditionally 0 -> -1
2019-09-19 09:01:00,616 [pool-124-thread-1] INFO  server.RaftServerConfigKeys (ConfUtils.java:logGet(43)) - raft.server.snapshot.auto.trigger.enabled = true (custom)
2019-09-19 09:01:00,616 [pool-124-thread-1] INFO  server.RaftServerConfigKeys (ConfUtils.java:logGet(43)) - raft.server.snapshot.auto.trigger.threshold = 10000 (custom)
2019-09-19 09:01:00,616 [pool-124-thread-1] INFO  server.RaftServerConfigKeys (ConfUtils.java:logGet(43)) - raft.server.retrycache.expirytime = 600000ms (custom)
2019-09-19 09:01:00,616 [pool-124-thread-1] INFO  impl.RaftServerImpl (RaftServerImpl.java:start(180)) - 95a4061d-e5b0-4b2c-827e-cb05eb0977c9: start group-E84F93C92FD1
2019-09-19 09:01:00,616 [IPC Server handler 5 on 41086] INFO  net.NetworkTopology (NetworkTopologyImpl.java:add(110)) - Added a new node: /default-rack/ef4e2621-ebc1-459a-be1e-ded655ac96a5
2019-09-19 09:01:00,616 [pool-124-thread-1] INFO  impl.RaftServerImpl (RaftServerImpl.java:setRole(171)) - 95a4061d-e5b0-4b2c-827e-cb05eb0977c9:group-E84F93C92FD1 changes role from null to FOLLOWER at term 0 for startAsFollower
2019-09-19 09:01:00,617 [IPC Server handler 5 on 41086] INFO  node.SCMNodeManager (SCMNodeManager.java:register(273)) - Registered Data node : ef4e2621-ebc1-459a-be1e-ded655ac96a5{ip: 192.168.34.5, host: pr-hdds-1569-j4bt4-3030777008, networkLocation: /default-rack, certSerialId: null}
2019-09-19 09:01:00,617 [pool-124-thread-1] INFO  impl.RoleInfo (RoleInfo.java:updateAndGet(143)) - 95a4061d-e5b0-4b2c-827e-cb05eb0977c9: start FollowerState
2019-09-19 09:01:00,617 [pool-124-thread-1] INFO  util.JmxRegister (JmxRegister.java:tryRegister(44)) - Successfully registered JMX Bean with object name Ratis:service=RaftServer,group=group-E84F93C92FD1,id=95a4061d-e5b0-4b2c-827e-cb05eb0977c9
2019-09-19 09:01:00,617 | INFO  | SCMAudit | user=jenkins1000 | ip=192.168.34.5 | op=REGISTER {datanodeDetails=ef4e2621-ebc1-459a-be1e-ded655ac96a5{ip: 192.168.34.5, host: pr-hdds-1569-j4bt4-3030777008, networkLocation: /default-rack, certSerialId: null}} | ret=SUCCESS |  
2019-09-19 09:01:00,619 [RatisPipelineUtilsThread] INFO  pipeline.PipelineStateManager (PipelineStateManager.java:addPipeline(56)) - Created pipeline Pipeline[ Id: 718b1fe0-e31b-4164-9695-e84f93c92fd1, Nodes: 95a4061d-e5b0-4b2c-827e-cb05eb0977c9{ip: 192.168.34.5, host: pr-hdds-1569-j4bt4-3030777008, networkLocation: /default-rack, certSerialId: null}, Type:RATIS, Factor:ONE, State:OPEN]
2019-09-19 09:01:00,625 [grpc-default-executor-0] INFO  impl.RaftServerProxy (RaftServerProxy.java:addNew(89)) - 95a4061d-e5b0-4b2c-827e-cb05eb0977c9: addNew group-F5706AC7B798:[95a4061d-e5b0-4b2c-827e-cb05eb0977c9:192.168.34.5:33174] returns group-F5706AC7B798:java.util.concurrent.CompletableFuture@3a4ddced[Not completed]
2019-09-19 09:01:00,626 [pool-124-thread-1] INFO  impl.RaftServerImpl (RaftServerImpl.java:<init>(93)) - 95a4061d-e5b0-4b2c-827e-cb05eb0977c9: new RaftServerImpl for group-F5706AC7B798:[95a4061d-e5b0-4b2c-827e-cb05eb0977c9:192.168.34.5:33174] with ContainerStateMachine:uninitialized
2019-09-19 09:01:00,626 [pool-124-thread-1] INFO  server.RaftServerConfigKeys (ConfUtils.java:logGet(43)) - raft.server.rpc.timeout.min = 5s (custom)
2019-09-19 09:01:00,626 [pool-124-thread-1] INFO  server.RaftServerConfigKeys (ConfUtils.java:logGet(43)) - raft.server.rpc.timeout.max = 5200ms (custom)
2019-09-19 09:01:00,626 [pool-124-thread-1] INFO  server.RaftServerConfigKeys (ConfUtils.java:logGet(43)) - raft.server.rpcslowness.timeout = 120s (custom)
2019-09-19 09:01:00,626 [pool-124-thread-1] INFO  server.RaftServerConfigKeys (ConfUtils.java:logGet(43)) - raft.server.sleep.deviation.threshold = 300 (default)
2019-09-19 09:01:00,627 [pool-124-thread-1] INFO  server.RaftServerConfigKeys (ConfUtils.java:logGet(43)) - raft.server.log.appender.install.snapshot.enabled = false (custom)
2019-09-19 09:01:00,627 [pool-124-thread-1] INFO  impl.RaftServerImpl (ServerState.java:<init>(105)) - 95a4061d-e5b0-4b2c-827e-cb05eb0977c9:group-F5706AC7B798 ConfigurationManager, init=-1: [95a4061d-e5b0-4b2c-827e-cb05eb0977c9:192.168.34.5:33174], old=null, confs=<EMPTY_MAP>
2019-09-19 09:01:00,627 [pool-124-thread-1] INFO  server.RaftServerConfigKeys (ConfUtils.java:logGet(43)) - raft.server.storage.dir = [/workdir/hadoop-ozone/integration-test/target/test-dir/MiniOzoneClusterImpl-d1f5ba66-8c72-4ad4-ac90-f92cf1c4e2b2/datanode-0/data/ratis] (custom)
2019-09-19 09:01:00,627 [pool-124-thread-1] INFO  storage.RaftStorageDirectory (RaftStorageDirectory.java:analyzeStorage(246)) - The storage directory /workdir/hadoop-ozone/integration-test/target/test-dir/MiniOzoneClusterImpl-d1f5ba66-8c72-4ad4-ac90-f92cf1c4e2b2/datanode-0/data/ratis/2a5cc020-f1df-4b61-8add-f5706ac7b798 does not exist. Creating ...
2019-09-19 09:01:00,633 [pool-124-thread-1] INFO  storage.RaftStorageDirectory (RaftStorageDirectory.java:tryLock(328)) - Lock on /workdir/hadoop-ozone/integration-test/target/test-dir/MiniOzoneClusterImpl-d1f5ba66-8c72-4ad4-ac90-f92cf1c4e2b2/datanode-0/data/ratis/2a5cc020-f1df-4b61-8add-f5706ac7b798/in_use.lock acquired by nodename 12225@pr-hdds-1569-j4bt4-3030777008
2019-09-19 09:01:00,647 [pool-124-thread-1] INFO  storage.RaftStorage (RaftStorage.java:format(72)) - Storage directory /workdir/hadoop-ozone/integration-test/target/test-dir/MiniOzoneClusterImpl-d1f5ba66-8c72-4ad4-ac90-f92cf1c4e2b2/datanode-0/data/ratis/2a5cc020-f1df-4b61-8add-f5706ac7b798 has been successfully formatted.
2019-09-19 09:01:00,648 [pool-124-thread-1] INFO  ratis.ContainerStateMachine (ContainerStateMachine.java:loadSnapshot(226)) - group-F5706AC7B798: The snapshot info is null. Setting the last applied indexto:(t:0, i:~)
2019-09-19 09:01:00,648 [pool-124-thread-1] INFO  server.RaftServerConfigKeys (ConfUtils.java:logGet(43)) - raft.server.leader.election.timeout = 120s (custom)
2019-09-19 09:01:00,648 [pool-124-thread-1] INFO  server.RaftServerConfigKeys (ConfUtils.java:logGet(43)) - raft.server.log.use.memory = false (default)
2019-09-19 09:01:00,648 [pool-124-thread-1] INFO  server.RaftServerConfigKeys (ConfUtils.java:logGet(43)) - raft.server.log.purge.gap = 1000000 (custom)
2019-09-19 09:01:00,648 [pool-124-thread-1] INFO  server.RaftServerConfigKeys (ConfUtils.java:logGet(43)) - raft.server.log.appender.buffer.byte-limit = 33554432 (custom)
2019-09-19 09:01:00,648 [pool-124-thread-1] INFO  server.RaftServerConfigKeys (ConfUtils.java:logGet(43)) - raft.server.log.segment.size.max = 1048576 (custom)
2019-09-19 09:01:00,648 [pool-124-thread-1] INFO  server.RaftServerConfigKeys (ConfUtils.java:logGet(43)) - raft.server.log.segment.cache.num.max = 2 (custom)
2019-09-19 09:01:00,649 [pool-124-thread-1] INFO  segmented.SegmentedRaftLogWorker (SegmentedRaftLogWorker.java:<init>(172)) - new 95a4061d-e5b0-4b2c-827e-cb05eb0977c9-SegmentedRaftLogWorker:Storage Directory /workdir/hadoop-ozone/integration-test/target/test-dir/MiniOzoneClusterImpl-d1f5ba66-8c72-4ad4-ac90-f92cf1c4e2b2/datanode-0/data/ratis/2a5cc020-f1df-4b61-8add-f5706ac7b798 for RaftStorage:Storage Directory /workdir/hadoop-ozone/integration-test/target/test-dir/MiniOzoneClusterImpl-d1f5ba66-8c72-4ad4-ac90-f92cf1c4e2b2/datanode-0/data/ratis/2a5cc020-f1df-4b61-8add-f5706ac7b798
2019-09-19 09:01:00,649 [pool-124-thread-1] INFO  server.RaftServerConfigKeys (ConfUtils.java:logGet(43)) - raft.server.log.queue.byte-limit = 2147483647 (custom)
2019-09-19 09:01:00,649 [pool-124-thread-1] INFO  server.RaftServerConfigKeys (ConfUtils.java:logGet(43)) - raft.server.log.queue.element-limit = 1024 (custom)
2019-09-19 09:01:00,649 [pool-124-thread-1] INFO  server.RaftServerConfigKeys (ConfUtils.java:logGet(43)) - raft.server.log.segment.size.max = 1048576 (custom)
2019-09-19 09:01:00,649 [pool-124-thread-1] INFO  server.RaftServerConfigKeys (ConfUtils.java:logGet(43)) - raft.server.log.preallocated.size = 16384 (custom)
2019-09-19 09:01:00,649 [pool-124-thread-1] INFO  server.RaftServerConfigKeys (ConfUtils.java:logGet(43)) - raft.server.log.write.buffer.size = 33554432 (custom)
2019-09-19 09:01:00,649 [pool-124-thread-1] INFO  server.RaftServerConfigKeys (ConfUtils.java:logGet(43)) - raft.server.log.force.sync.num = 128 (default)
2019-09-19 09:01:00,649 [pool-124-thread-1] INFO  server.RaftServerConfigKeys (ConfUtils.java:logGet(43)) - raft.server.log.statemachine.data.sync = true (default)
2019-09-19 09:01:00,649 [pool-124-thread-1] INFO  server.RaftServerConfigKeys (ConfUtils.java:logGet(43)) - raft.server.log.statemachine.data.sync.timeout = 10s (default)
2019-09-19 09:01:00,650 [pool-124-thread-1] INFO  server.RaftServerConfigKeys (ConfUtils.java:logGet(43)) - raft.server.log.statemachine.data.sync.timeout.retry = -1 (default)
2019-09-19 09:01:00,650 [pool-124-thread-1] INFO  server.RaftServerConfigKeys (ConfUtils.java:logGet(43)) - raft.server.log.statemachine.data.caching.enabled = true (custom)
2019-09-19 09:01:00,650 [pool-124-thread-1] INFO  segmented.SegmentedRaftLogWorker (SegmentedRaftLogWorker.java:lambda$new$0(132)) - 95a4061d-e5b0-4b2c-827e-cb05eb0977c9-SegmentedRaftLogWorker:Storage Directory /workdir/hadoop-ozone/integration-test/target/test-dir/MiniOzoneClusterImpl-d1f5ba66-8c72-4ad4-ac90-f92cf1c4e2b2/datanode-0/data/ratis/2a5cc020-f1df-4b61-8add-f5706ac7b798: flushIndex: setUnconditionally 0 -> -1
2019-09-19 09:01:00,650 [pool-124-thread-1] INFO  server.RaftServerConfigKeys (ConfUtils.java:logGet(43)) - raft.server.snapshot.auto.trigger.enabled = true (custom)
2019-09-19 09:01:00,650 [pool-124-thread-1] INFO  server.RaftServerConfigKeys (ConfUtils.java:logGet(43)) - raft.server.snapshot.auto.trigger.threshold = 10000 (custom)
2019-09-19 09:01:00,650 [pool-124-thread-1] INFO  server.RaftServerConfigKeys (ConfUtils.java:logGet(43)) - raft.server.retrycache.expirytime = 600000ms (custom)
2019-09-19 09:01:00,651 [pool-124-thread-1] INFO  impl.RaftServerImpl (RaftServerImpl.java:start(180)) - 95a4061d-e5b0-4b2c-827e-cb05eb0977c9: start group-F5706AC7B798
2019-09-19 09:01:00,651 [pool-124-thread-1] INFO  impl.RaftServerImpl (RaftServerImpl.java:setRole(171)) - 95a4061d-e5b0-4b2c-827e-cb05eb0977c9:group-F5706AC7B798 changes role from null to FOLLOWER at term 0 for startAsFollower
2019-09-19 09:01:00,651 [pool-124-thread-1] INFO  impl.RoleInfo (RoleInfo.java:updateAndGet(143)) - 95a4061d-e5b0-4b2c-827e-cb05eb0977c9: start FollowerState
2019-09-19 09:01:00,651 [pool-124-thread-1] INFO  util.JmxRegister (JmxRegister.java:tryRegister(44)) - Successfully registered JMX Bean with object name Ratis:service=RaftServer,group=group-F5706AC7B798,id=95a4061d-e5b0-4b2c-827e-cb05eb0977c9
2019-09-19 09:01:00,654 [RatisPipelineUtilsThread] INFO  pipeline.PipelineStateManager (PipelineStateManager.java:addPipeline(56)) - Created pipeline Pipeline[ Id: 2a5cc020-f1df-4b61-8add-f5706ac7b798, Nodes: 95a4061d-e5b0-4b2c-827e-cb05eb0977c9{ip: 192.168.34.5, host: pr-hdds-1569-j4bt4-3030777008, networkLocation: /default-rack, certSerialId: null}, Type:RATIS, Factor:ONE, State:OPEN]
2019-09-19 09:01:00,659 [grpc-default-executor-0] INFO  impl.RaftServerProxy (RaftServerProxy.java:addNew(89)) - 95a4061d-e5b0-4b2c-827e-cb05eb0977c9: addNew group-4188E6357233:[95a4061d-e5b0-4b2c-827e-cb05eb0977c9:192.168.34.5:33174] returns group-4188E6357233:java.util.concurrent.CompletableFuture@26302045[Not completed]
2019-09-19 09:01:00,660 [pool-124-thread-1] INFO  impl.RaftServerImpl (RaftServerImpl.java:<init>(93)) - 95a4061d-e5b0-4b2c-827e-cb05eb0977c9: new RaftServerImpl for group-4188E6357233:[95a4061d-e5b0-4b2c-827e-cb05eb0977c9:192.168.34.5:33174] with ContainerStateMachine:uninitialized
2019-09-19 09:01:00,660 [pool-124-thread-1] INFO  server.RaftServerConfigKeys (ConfUtils.java:logGet(43)) - raft.server.rpc.timeout.min = 5s (custom)
2019-09-19 09:01:00,660 [pool-124-thread-1] INFO  server.RaftServerConfigKeys (ConfUtils.java:logGet(43)) - raft.server.rpc.timeout.max = 5200ms (custom)
2019-09-19 09:01:00,661 [pool-124-thread-1] INFO  server.RaftServerConfigKeys (ConfUtils.java:logGet(43)) - raft.server.rpcslowness.timeout = 120s (custom)
2019-09-19 09:01:00,661 [pool-124-thread-1] INFO  server.RaftServerConfigKeys (ConfUtils.java:logGet(43)) - raft.server.sleep.deviation.threshold = 300 (default)
2019-09-19 09:01:00,661 [pool-124-thread-1] INFO  server.RaftServerConfigKeys (ConfUtils.java:logGet(43)) - raft.server.log.appender.install.snapshot.enabled = false (custom)
2019-09-19 09:01:00,661 [pool-124-thread-1] INFO  impl.RaftServerImpl (ServerState.java:<init>(105)) - 95a4061d-e5b0-4b2c-827e-cb05eb0977c9:group-4188E6357233 ConfigurationManager, init=-1: [95a4061d-e5b0-4b2c-827e-cb05eb0977c9:192.168.34.5:33174], old=null, confs=<EMPTY_MAP>
2019-09-19 09:01:00,661 [pool-124-thread-1] INFO  server.RaftServerConfigKeys (ConfUtils.java:logGet(43)) - raft.server.storage.dir = [/workdir/hadoop-ozone/integration-test/target/test-dir/MiniOzoneClusterImpl-d1f5ba66-8c72-4ad4-ac90-f92cf1c4e2b2/datanode-0/data/ratis] (custom)
2019-09-19 09:01:00,661 [pool-124-thread-1] INFO  storage.RaftStorageDirectory (RaftStorageDirectory.java:analyzeStorage(246)) - The storage directory /workdir/hadoop-ozone/integration-test/target/test-dir/MiniOzoneClusterImpl-d1f5ba66-8c72-4ad4-ac90-f92cf1c4e2b2/datanode-0/data/ratis/339db7c4-a239-4aff-9381-4188e6357233 does not exist. Creating ...
2019-09-19 09:01:00,679 [pool-124-thread-1] INFO  storage.RaftStorageDirectory (RaftStorageDirectory.java:tryLock(328)) - Lock on /workdir/hadoop-ozone/integration-test/target/test-dir/MiniOzoneClusterImpl-d1f5ba66-8c72-4ad4-ac90-f92cf1c4e2b2/datanode-0/data/ratis/339db7c4-a239-4aff-9381-4188e6357233/in_use.lock acquired by nodename 12225@pr-hdds-1569-j4bt4-3030777008
2019-09-19 09:01:00,691 [pool-124-thread-1] INFO  storage.RaftStorage (RaftStorage.java:format(72)) - Storage directory /workdir/hadoop-ozone/integration-test/target/test-dir/MiniOzoneClusterImpl-d1f5ba66-8c72-4ad4-ac90-f92cf1c4e2b2/datanode-0/data/ratis/339db7c4-a239-4aff-9381-4188e6357233 has been successfully formatted.
2019-09-19 09:01:00,691 [pool-124-thread-1] INFO  ratis.ContainerStateMachine (ContainerStateMachine.java:loadSnapshot(226)) - group-4188E6357233: The snapshot info is null. Setting the last applied indexto:(t:0, i:~)
2019-09-19 09:01:00,692 [pool-124-thread-1] INFO  server.RaftServerConfigKeys (ConfUtils.java:logGet(43)) - raft.server.leader.election.timeout = 120s (custom)
2019-09-19 09:01:00,692 [pool-124-thread-1] INFO  server.RaftServerConfigKeys (ConfUtils.java:logGet(43)) - raft.server.log.use.memory = false (default)
2019-09-19 09:01:00,692 [pool-124-thread-1] INFO  server.RaftServerConfigKeys (ConfUtils.java:logGet(43)) - raft.server.log.purge.gap = 1000000 (custom)
2019-09-19 09:01:00,692 [pool-124-thread-1] INFO  server.RaftServerConfigKeys (ConfUtils.java:logGet(43)) - raft.server.log.appender.buffer.byte-limit = 33554432 (custom)
2019-09-19 09:01:00,692 [pool-124-thread-1] INFO  server.RaftServerConfigKeys (ConfUtils.java:logGet(43)) - raft.server.log.segment.size.max = 1048576 (custom)
2019-09-19 09:01:00,692 [pool-124-thread-1] INFO  server.RaftServerConfigKeys (ConfUtils.java:logGet(43)) - raft.server.log.segment.cache.num.max = 2 (custom)
2019-09-19 09:01:00,692 [pool-124-thread-1] INFO  segmented.SegmentedRaftLogWorker (SegmentedRaftLogWorker.java:<init>(172)) - new 95a4061d-e5b0-4b2c-827e-cb05eb0977c9-SegmentedRaftLogWorker:Storage Directory /workdir/hadoop-ozone/integration-test/target/test-dir/MiniOzoneClusterImpl-d1f5ba66-8c72-4ad4-ac90-f92cf1c4e2b2/datanode-0/data/ratis/339db7c4-a239-4aff-9381-4188e6357233 for RaftStorage:Storage Directory /workdir/hadoop-ozone/integration-test/target/test-dir/MiniOzoneClusterImpl-d1f5ba66-8c72-4ad4-ac90-f92cf1c4e2b2/datanode-0/data/ratis/339db7c4-a239-4aff-9381-4188e6357233
2019-09-19 09:01:00,692 [pool-124-thread-1] INFO  server.RaftServerConfigKeys (ConfUtils.java:logGet(43)) - raft.server.log.queue.byte-limit = 2147483647 (custom)
2019-09-19 09:01:00,692 [pool-124-thread-1] INFO  server.RaftServerConfigKeys (ConfUtils.java:logGet(43)) - raft.server.log.queue.element-limit = 1024 (custom)
2019-09-19 09:01:00,693 [pool-124-thread-1] INFO  server.RaftServerConfigKeys (ConfUtils.java:logGet(43)) - raft.server.log.segment.size.max = 1048576 (custom)
2019-09-19 09:01:00,693 [pool-124-thread-1] INFO  server.RaftServerConfigKeys (ConfUtils.java:logGet(43)) - raft.server.log.preallocated.size = 16384 (custom)
2019-09-19 09:01:00,693 [pool-124-thread-1] INFO  server.RaftServerConfigKeys (ConfUtils.java:logGet(43)) - raft.server.log.write.buffer.size = 33554432 (custom)
2019-09-19 09:01:00,693 [pool-124-thread-1] INFO  server.RaftServerConfigKeys (ConfUtils.java:logGet(43)) - raft.server.log.force.sync.num = 128 (default)
2019-09-19 09:01:00,693 [pool-124-thread-1] INFO  server.RaftServerConfigKeys (ConfUtils.java:logGet(43)) - raft.server.log.statemachine.data.sync = true (default)
2019-09-19 09:01:00,693 [pool-124-thread-1] INFO  server.RaftServerConfigKeys (ConfUtils.java:logGet(43)) - raft.server.log.statemachine.data.sync.timeout = 10s (default)
2019-09-19 09:01:00,694 [pool-124-thread-1] INFO  server.RaftServerConfigKeys (ConfUtils.java:logGet(43)) - raft.server.log.statemachine.data.sync.timeout.retry = -1 (default)
2019-09-19 09:01:00,694 [pool-124-thread-1] INFO  server.RaftServerConfigKeys (ConfUtils.java:logGet(43)) - raft.server.log.statemachine.data.caching.enabled = true (custom)
2019-09-19 09:01:00,694 [pool-124-thread-1] INFO  segmented.SegmentedRaftLogWorker (SegmentedRaftLogWorker.java:lambda$new$0(132)) - 95a4061d-e5b0-4b2c-827e-cb05eb0977c9-SegmentedRaftLogWorker:Storage Directory /workdir/hadoop-ozone/integration-test/target/test-dir/MiniOzoneClusterImpl-d1f5ba66-8c72-4ad4-ac90-f92cf1c4e2b2/datanode-0/data/ratis/339db7c4-a239-4aff-9381-4188e6357233: flushIndex: setUnconditionally 0 -> -1
2019-09-19 09:01:00,694 [pool-124-thread-1] INFO  server.RaftServerConfigKeys (ConfUtils.java:logGet(43)) - raft.server.snapshot.auto.trigger.enabled = true (custom)
2019-09-19 09:01:00,695 [pool-124-thread-1] INFO  server.RaftServerConfigKeys (ConfUtils.java:logGet(43)) - raft.server.snapshot.auto.trigger.threshold = 10000 (custom)
2019-09-19 09:01:00,695 [pool-124-thread-1] INFO  server.RaftServerConfigKeys (ConfUtils.java:logGet(43)) - raft.server.retrycache.expirytime = 600000ms (custom)
2019-09-19 09:01:00,695 [pool-124-thread-1] INFO  impl.RaftServerImpl (RaftServerImpl.java:start(180)) - 95a4061d-e5b0-4b2c-827e-cb05eb0977c9: start group-4188E6357233
2019-09-19 09:01:00,695 [pool-124-thread-1] INFO  impl.RaftServerImpl (RaftServerImpl.java:setRole(171)) - 95a4061d-e5b0-4b2c-827e-cb05eb0977c9:group-4188E6357233 changes role from null to FOLLOWER at term 0 for startAsFollower
2019-09-19 09:01:00,695 [pool-124-thread-1] INFO  impl.RoleInfo (RoleInfo.java:updateAndGet(143)) - 95a4061d-e5b0-4b2c-827e-cb05eb0977c9: start FollowerState
2019-09-19 09:01:00,695 [pool-124-thread-1] INFO  util.JmxRegister (JmxRegister.java:tryRegister(44)) - Successfully registered JMX Bean with object name Ratis:service=RaftServer,group=group-4188E6357233,id=95a4061d-e5b0-4b2c-827e-cb05eb0977c9
2019-09-19 09:01:00,698 [RatisPipelineUtilsThread] INFO  pipeline.PipelineStateManager (PipelineStateManager.java:addPipeline(56)) - Created pipeline Pipeline[ Id: 339db7c4-a239-4aff-9381-4188e6357233, Nodes: 95a4061d-e5b0-4b2c-827e-cb05eb0977c9{ip: 192.168.34.5, host: pr-hdds-1569-j4bt4-3030777008, networkLocation: /default-rack, certSerialId: null}, Type:RATIS, Factor:ONE, State:OPEN]
2019-09-19 09:01:00,699 [RatisPipelineUtilsThread] ERROR pipeline.PipelinePlacementPolicy (PipelinePlacementPolicy.java:meetCriteria(91)) - Pipeline Placement: Doesn't meet the criteria to be viable node. Heaviness: 6
2019-09-19 09:01:00,712 [grpc-default-executor-0] INFO  impl.RaftServerProxy (RaftServerProxy.java:addNew(89)) - ef4e2621-ebc1-459a-be1e-ded655ac96a5: addNew group-7C39415E3FD7:[ef4e2621-ebc1-459a-be1e-ded655ac96a5:192.168.34.5:40340] returns group-7C39415E3FD7:java.util.concurrent.CompletableFuture@4554b0e1[Not completed]
2019-09-19 09:01:00,718 [pool-135-thread-1] INFO  impl.RaftServerImpl (RaftServerImpl.java:<init>(93)) - ef4e2621-ebc1-459a-be1e-ded655ac96a5: new RaftServerImpl for group-7C39415E3FD7:[ef4e2621-ebc1-459a-be1e-ded655ac96a5:192.168.34.5:40340] with ContainerStateMachine:uninitialized
2019-09-19 09:01:00,718 [pool-135-thread-1] INFO  server.RaftServerConfigKeys (ConfUtils.java:logGet(43)) - raft.server.rpc.timeout.min = 5s (custom)
2019-09-19 09:01:00,718 [pool-135-thread-1] INFO  server.RaftServerConfigKeys (ConfUtils.java:logGet(43)) - raft.server.rpc.timeout.max = 5200ms (custom)
2019-09-19 09:01:00,718 [pool-135-thread-1] INFO  server.RaftServerConfigKeys (ConfUtils.java:logGet(43)) - raft.server.rpcslowness.timeout = 120s (custom)
2019-09-19 09:01:00,718 [pool-135-thread-1] INFO  server.RaftServerConfigKeys (ConfUtils.java:logGet(43)) - raft.server.sleep.deviation.threshold = 300 (default)
2019-09-19 09:01:00,718 [pool-135-thread-1] INFO  server.RaftServerConfigKeys (ConfUtils.java:logGet(43)) - raft.server.log.appender.install.snapshot.enabled = false (custom)
2019-09-19 09:01:00,718 [pool-135-thread-1] INFO  impl.RaftServerImpl (ServerState.java:<init>(105)) - ef4e2621-ebc1-459a-be1e-ded655ac96a5:group-7C39415E3FD7 ConfigurationManager, init=-1: [ef4e2621-ebc1-459a-be1e-ded655ac96a5:192.168.34.5:40340], old=null, confs=<EMPTY_MAP>
2019-09-19 09:01:00,719 [pool-135-thread-1] INFO  server.RaftServerConfigKeys (ConfUtils.java:logGet(43)) - raft.server.storage.dir = [/workdir/hadoop-ozone/integration-test/target/test-dir/MiniOzoneClusterImpl-d1f5ba66-8c72-4ad4-ac90-f92cf1c4e2b2/datanode-1/data/ratis] (custom)
2019-09-19 09:01:00,719 [pool-135-thread-1] INFO  storage.RaftStorageDirectory (RaftStorageDirectory.java:analyzeStorage(246)) - The storage directory /workdir/hadoop-ozone/integration-test/target/test-dir/MiniOzoneClusterImpl-d1f5ba66-8c72-4ad4-ac90-f92cf1c4e2b2/datanode-1/data/ratis/ba9a034f-c96c-4da9-ac2a-7c39415e3fd7 does not exist. Creating ...
2019-09-19 09:01:00,724 [pool-135-thread-1] INFO  storage.RaftStorageDirectory (RaftStorageDirectory.java:tryLock(328)) - Lock on /workdir/hadoop-ozone/integration-test/target/test-dir/MiniOzoneClusterImpl-d1f5ba66-8c72-4ad4-ac90-f92cf1c4e2b2/datanode-1/data/ratis/ba9a034f-c96c-4da9-ac2a-7c39415e3fd7/in_use.lock acquired by nodename 12225@pr-hdds-1569-j4bt4-3030777008
2019-09-19 09:01:00,737 [pool-135-thread-1] INFO  storage.RaftStorage (RaftStorage.java:format(72)) - Storage directory /workdir/hadoop-ozone/integration-test/target/test-dir/MiniOzoneClusterImpl-d1f5ba66-8c72-4ad4-ac90-f92cf1c4e2b2/datanode-1/data/ratis/ba9a034f-c96c-4da9-ac2a-7c39415e3fd7 has been successfully formatted.
2019-09-19 09:01:00,738 [pool-135-thread-1] INFO  ratis.ContainerStateMachine (ContainerStateMachine.java:loadSnapshot(226)) - group-7C39415E3FD7: The snapshot info is null. Setting the last applied indexto:(t:0, i:~)
2019-09-19 09:01:00,738 [pool-135-thread-1] INFO  server.RaftServerConfigKeys (ConfUtils.java:logGet(43)) - raft.server.leader.election.timeout = 120s (custom)
2019-09-19 09:01:00,738 [pool-135-thread-1] INFO  server.RaftServerConfigKeys (ConfUtils.java:logGet(43)) - raft.server.log.use.memory = false (default)
2019-09-19 09:01:00,738 [pool-135-thread-1] INFO  server.RaftServerConfigKeys (ConfUtils.java:logGet(43)) - raft.server.log.purge.gap = 1000000 (custom)
2019-09-19 09:01:00,738 [pool-135-thread-1] INFO  server.RaftServerConfigKeys (ConfUtils.java:logGet(43)) - raft.server.log.appender.buffer.byte-limit = 33554432 (custom)
2019-09-19 09:01:00,738 [pool-135-thread-1] INFO  server.RaftServerConfigKeys (ConfUtils.java:logGet(43)) - raft.server.log.segment.size.max = 1048576 (custom)
2019-09-19 09:01:00,738 [pool-135-thread-1] INFO  server.RaftServerConfigKeys (ConfUtils.java:logGet(43)) - raft.server.log.segment.cache.num.max = 2 (custom)
2019-09-19 09:01:00,739 [pool-135-thread-1] INFO  segmented.SegmentedRaftLogWorker (SegmentedRaftLogWorker.java:<init>(172)) - new ef4e2621-ebc1-459a-be1e-ded655ac96a5-SegmentedRaftLogWorker:Storage Directory /workdir/hadoop-ozone/integration-test/target/test-dir/MiniOzoneClusterImpl-d1f5ba66-8c72-4ad4-ac90-f92cf1c4e2b2/datanode-1/data/ratis/ba9a034f-c96c-4da9-ac2a-7c39415e3fd7 for RaftStorage:Storage Directory /workdir/hadoop-ozone/integration-test/target/test-dir/MiniOzoneClusterImpl-d1f5ba66-8c72-4ad4-ac90-f92cf1c4e2b2/datanode-1/data/ratis/ba9a034f-c96c-4da9-ac2a-7c39415e3fd7
2019-09-19 09:01:00,739 [pool-135-thread-1] INFO  server.RaftServerConfigKeys (ConfUtils.java:logGet(43)) - raft.server.log.queue.byte-limit = 2147483647 (custom)
2019-09-19 09:01:00,739 [pool-135-thread-1] INFO  server.RaftServerConfigKeys (ConfUtils.java:logGet(43)) - raft.server.log.queue.element-limit = 1024 (custom)
2019-09-19 09:01:00,739 [pool-135-thread-1] INFO  server.RaftServerConfigKeys (ConfUtils.java:logGet(43)) - raft.server.log.segment.size.max = 1048576 (custom)
2019-09-19 09:01:00,739 [pool-135-thread-1] INFO  server.RaftServerConfigKeys (ConfUtils.java:logGet(43)) - raft.server.log.preallocated.size = 16384 (custom)
2019-09-19 09:01:00,739 [pool-135-thread-1] INFO  server.RaftServerConfigKeys (ConfUtils.java:logGet(43)) - raft.server.log.write.buffer.size = 33554432 (custom)
2019-09-19 09:01:00,740 [pool-135-thread-1] INFO  server.RaftServerConfigKeys (ConfUtils.java:logGet(43)) - raft.server.log.force.sync.num = 128 (default)
2019-09-19 09:01:00,740 [pool-135-thread-1] INFO  server.RaftServerConfigKeys (ConfUtils.java:logGet(43)) - raft.server.log.statemachine.data.sync = true (default)
2019-09-19 09:01:00,740 [pool-135-thread-1] INFO  server.RaftServerConfigKeys (ConfUtils.java:logGet(43)) - raft.server.log.statemachine.data.sync.timeout = 10s (default)
2019-09-19 09:01:00,740 [pool-135-thread-1] INFO  server.RaftServerConfigKeys (ConfUtils.java:logGet(43)) - raft.server.log.statemachine.data.sync.timeout.retry = -1 (default)
2019-09-19 09:01:00,741 [pool-135-thread-1] INFO  server.RaftServerConfigKeys (ConfUtils.java:logGet(43)) - raft.server.log.statemachine.data.caching.enabled = true (custom)
2019-09-19 09:01:00,741 [pool-135-thread-1] INFO  segmented.SegmentedRaftLogWorker (SegmentedRaftLogWorker.java:lambda$new$0(132)) - ef4e2621-ebc1-459a-be1e-ded655ac96a5-SegmentedRaftLogWorker:Storage Directory /workdir/hadoop-ozone/integration-test/target/test-dir/MiniOzoneClusterImpl-d1f5ba66-8c72-4ad4-ac90-f92cf1c4e2b2/datanode-1/data/ratis/ba9a034f-c96c-4da9-ac2a-7c39415e3fd7: flushIndex: setUnconditionally 0 -> -1
2019-09-19 09:01:00,741 [pool-135-thread-1] INFO  server.RaftServerConfigKeys (ConfUtils.java:logGet(43)) - raft.server.snapshot.auto.trigger.enabled = true (custom)
2019-09-19 09:01:00,741 [pool-135-thread-1] INFO  server.RaftServerConfigKeys (ConfUtils.java:logGet(43)) - raft.server.snapshot.auto.trigger.threshold = 10000 (custom)
2019-09-19 09:01:00,742 [pool-135-thread-1] INFO  server.RaftServerConfigKeys (ConfUtils.java:logGet(43)) - raft.server.retrycache.expirytime = 600000ms (custom)
2019-09-19 09:01:00,742 [pool-135-thread-1] INFO  impl.RaftServerImpl (RaftServerImpl.java:start(180)) - ef4e2621-ebc1-459a-be1e-ded655ac96a5: start group-7C39415E3FD7
2019-09-19 09:01:00,742 [pool-135-thread-1] INFO  impl.RaftServerImpl (RaftServerImpl.java:setRole(171)) - ef4e2621-ebc1-459a-be1e-ded655ac96a5:group-7C39415E3FD7 changes role from null to FOLLOWER at term 0 for startAsFollower
2019-09-19 09:01:00,742 [pool-135-thread-1] INFO  impl.RoleInfo (RoleInfo.java:updateAndGet(143)) - ef4e2621-ebc1-459a-be1e-ded655ac96a5: start FollowerState
2019-09-19 09:01:00,743 [pool-135-thread-1] INFO  util.JmxRegister (JmxRegister.java:tryRegister(44)) - Successfully registered JMX Bean with object name Ratis:service=RaftServer,group=group-7C39415E3FD7,id=ef4e2621-ebc1-459a-be1e-ded655ac96a5
2019-09-19 09:01:00,745 [RatisPipelineUtilsThread] INFO  pipeline.PipelineStateManager (PipelineStateManager.java:addPipeline(56)) - Created pipeline Pipeline[ Id: ba9a034f-c96c-4da9-ac2a-7c39415e3fd7, Nodes: ef4e2621-ebc1-459a-be1e-ded655ac96a5{ip: 192.168.34.5, host: pr-hdds-1569-j4bt4-3030777008, networkLocation: /default-rack, certSerialId: null}, Type:RATIS, Factor:ONE, State:OPEN]
2019-09-19 09:01:00,746 [RatisPipelineUtilsThread] ERROR pipeline.PipelinePlacementPolicy (PipelinePlacementPolicy.java:meetCriteria(91)) - Pipeline Placement: Doesn't meet the criteria to be viable node. Heaviness: 6
2019-09-19 09:01:00,751 [grpc-default-executor-0] INFO  impl.RaftServerProxy (RaftServerProxy.java:addNew(89)) - ef4e2621-ebc1-459a-be1e-ded655ac96a5: addNew group-9BF38A22BDF2:[ef4e2621-ebc1-459a-be1e-ded655ac96a5:192.168.34.5:40340] returns group-9BF38A22BDF2:java.util.concurrent.CompletableFuture@89ec998[Not completed]
2019-09-19 09:01:00,752 [pool-135-thread-1] INFO  impl.RaftServerImpl (RaftServerImpl.java:<init>(93)) - ef4e2621-ebc1-459a-be1e-ded655ac96a5: new RaftServerImpl for group-9BF38A22BDF2:[ef4e2621-ebc1-459a-be1e-ded655ac96a5:192.168.34.5:40340] with ContainerStateMachine:uninitialized
2019-09-19 09:01:00,752 [pool-135-thread-1] INFO  server.RaftServerConfigKeys (ConfUtils.java:logGet(43)) - raft.server.rpc.timeout.min = 5s (custom)
2019-09-19 09:01:00,752 [pool-135-thread-1] INFO  server.RaftServerConfigKeys (ConfUtils.java:logGet(43)) - raft.server.rpc.timeout.max = 5200ms (custom)
2019-09-19 09:01:00,752 [pool-135-thread-1] INFO  server.RaftServerConfigKeys (ConfUtils.java:logGet(43)) - raft.server.rpcslowness.timeout = 120s (custom)
2019-09-19 09:01:00,753 [pool-135-thread-1] INFO  server.RaftServerConfigKeys (ConfUtils.java:logGet(43)) - raft.server.sleep.deviation.threshold = 300 (default)
2019-09-19 09:01:00,753 [pool-135-thread-1] INFO  server.RaftServerConfigKeys (ConfUtils.java:logGet(43)) - raft.server.log.appender.install.snapshot.enabled = false (custom)
2019-09-19 09:01:00,753 [pool-135-thread-1] INFO  impl.RaftServerImpl (ServerState.java:<init>(105)) - ef4e2621-ebc1-459a-be1e-ded655ac96a5:group-9BF38A22BDF2 ConfigurationManager, init=-1: [ef4e2621-ebc1-459a-be1e-ded655ac96a5:192.168.34.5:40340], old=null, confs=<EMPTY_MAP>
2019-09-19 09:01:00,753 [pool-135-thread-1] INFO  server.RaftServerConfigKeys (ConfUtils.java:logGet(43)) - raft.server.storage.dir = [/workdir/hadoop-ozone/integration-test/target/test-dir/MiniOzoneClusterImpl-d1f5ba66-8c72-4ad4-ac90-f92cf1c4e2b2/datanode-1/data/ratis] (custom)
2019-09-19 09:01:00,753 [pool-135-thread-1] INFO  storage.RaftStorageDirectory (RaftStorageDirectory.java:analyzeStorage(246)) - The storage directory /workdir/hadoop-ozone/integration-test/target/test-dir/MiniOzoneClusterImpl-d1f5ba66-8c72-4ad4-ac90-f92cf1c4e2b2/datanode-1/data/ratis/46a1b06e-37b7-438e-9bf4-9bf38a22bdf2 does not exist. Creating ...
2019-09-19 09:01:00,758 [pool-135-thread-1] INFO  storage.RaftStorageDirectory (RaftStorageDirectory.java:tryLock(328)) - Lock on /workdir/hadoop-ozone/integration-test/target/test-dir/MiniOzoneClusterImpl-d1f5ba66-8c72-4ad4-ac90-f92cf1c4e2b2/datanode-1/data/ratis/46a1b06e-37b7-438e-9bf4-9bf38a22bdf2/in_use.lock acquired by nodename 12225@pr-hdds-1569-j4bt4-3030777008
2019-09-19 09:01:00,771 [pool-135-thread-1] INFO  storage.RaftStorage (RaftStorage.java:format(72)) - Storage directory /workdir/hadoop-ozone/integration-test/target/test-dir/MiniOzoneClusterImpl-d1f5ba66-8c72-4ad4-ac90-f92cf1c4e2b2/datanode-1/data/ratis/46a1b06e-37b7-438e-9bf4-9bf38a22bdf2 has been successfully formatted.
2019-09-19 09:01:00,772 [pool-135-thread-1] INFO  ratis.ContainerStateMachine (ContainerStateMachine.java:loadSnapshot(226)) - group-9BF38A22BDF2: The snapshot info is null. Setting the last applied indexto:(t:0, i:~)
2019-09-19 09:01:00,772 [pool-135-thread-1] INFO  server.RaftServerConfigKeys (ConfUtils.java:logGet(43)) - raft.server.leader.election.timeout = 120s (custom)
2019-09-19 09:01:00,772 [pool-135-thread-1] INFO  server.RaftServerConfigKeys (ConfUtils.java:logGet(43)) - raft.server.log.use.memory = false (default)
2019-09-19 09:01:00,772 [pool-135-thread-1] INFO  server.RaftServerConfigKeys (ConfUtils.java:logGet(43)) - raft.server.log.purge.gap = 1000000 (custom)
2019-09-19 09:01:00,772 [pool-135-thread-1] INFO  server.RaftServerConfigKeys (ConfUtils.java:logGet(43)) - raft.server.log.appender.buffer.byte-limit = 33554432 (custom)
2019-09-19 09:01:00,772 [pool-135-thread-1] INFO  server.RaftServerConfigKeys (ConfUtils.java:logGet(43)) - raft.server.log.segment.size.max = 1048576 (custom)
2019-09-19 09:01:00,772 [pool-135-thread-1] INFO  server.RaftServerConfigKeys (ConfUtils.java:logGet(43)) - raft.server.log.segment.cache.num.max = 2 (custom)
2019-09-19 09:01:00,773 [pool-135-thread-1] INFO  segmented.SegmentedRaftLogWorker (SegmentedRaftLogWorker.java:<init>(172)) - new ef4e2621-ebc1-459a-be1e-ded655ac96a5-SegmentedRaftLogWorker:Storage Directory /workdir/hadoop-ozone/integration-test/target/test-dir/MiniOzoneClusterImpl-d1f5ba66-8c72-4ad4-ac90-f92cf1c4e2b2/datanode-1/data/ratis/46a1b06e-37b7-438e-9bf4-9bf38a22bdf2 for RaftStorage:Storage Directory /workdir/hadoop-ozone/integration-test/target/test-dir/MiniOzoneClusterImpl-d1f5ba66-8c72-4ad4-ac90-f92cf1c4e2b2/datanode-1/data/ratis/46a1b06e-37b7-438e-9bf4-9bf38a22bdf2
2019-09-19 09:01:00,773 [pool-135-thread-1] INFO  server.RaftServerConfigKeys (ConfUtils.java:logGet(43)) - raft.server.log.queue.byte-limit = 2147483647 (custom)
2019-09-19 09:01:00,773 [pool-135-thread-1] INFO  server.RaftServerConfigKeys (ConfUtils.java:logGet(43)) - raft.server.log.queue.element-limit = 1024 (custom)
2019-09-19 09:01:00,773 [pool-135-thread-1] INFO  server.RaftServerConfigKeys (ConfUtils.java:logGet(43)) - raft.server.log.segment.size.max = 1048576 (custom)
2019-09-19 09:01:00,773 [pool-135-thread-1] INFO  server.RaftServerConfigKeys (ConfUtils.java:logGet(43)) - raft.server.log.preallocated.size = 16384 (custom)
2019-09-19 09:01:00,773 [pool-135-thread-1] INFO  server.RaftServerConfigKeys (ConfUtils.java:logGet(43)) - raft.server.log.write.buffer.size = 33554432 (custom)
2019-09-19 09:01:00,773 [pool-135-thread-1] INFO  server.RaftServerConfigKeys (ConfUtils.java:logGet(43)) - raft.server.log.force.sync.num = 128 (default)
2019-09-19 09:01:00,773 [pool-135-thread-1] INFO  server.RaftServerConfigKeys (ConfUtils.java:logGet(43)) - raft.server.log.statemachine.data.sync = true (default)
2019-09-19 09:01:00,774 [pool-135-thread-1] INFO  server.RaftServerConfigKeys (ConfUtils.java:logGet(43)) - raft.server.log.statemachine.data.sync.timeout = 10s (default)
2019-09-19 09:01:00,774 [pool-135-thread-1] INFO  server.RaftServerConfigKeys (ConfUtils.java:logGet(43)) - raft.server.log.statemachine.data.sync.timeout.retry = -1 (default)
2019-09-19 09:01:00,774 [pool-135-thread-1] INFO  server.RaftServerConfigKeys (ConfUtils.java:logGet(43)) - raft.server.log.statemachine.data.caching.enabled = true (custom)
2019-09-19 09:01:00,774 [pool-135-thread-1] INFO  segmented.SegmentedRaftLogWorker (SegmentedRaftLogWorker.java:lambda$new$0(132)) - ef4e2621-ebc1-459a-be1e-ded655ac96a5-SegmentedRaftLogWorker:Storage Directory /workdir/hadoop-ozone/integration-test/target/test-dir/MiniOzoneClusterImpl-d1f5ba66-8c72-4ad4-ac90-f92cf1c4e2b2/datanode-1/data/ratis/46a1b06e-37b7-438e-9bf4-9bf38a22bdf2: flushIndex: setUnconditionally 0 -> -1
2019-09-19 09:01:00,775 [pool-135-thread-1] INFO  server.RaftServerConfigKeys (ConfUtils.java:logGet(43)) - raft.server.snapshot.auto.trigger.enabled = true (custom)
2019-09-19 09:01:00,775 [pool-135-thread-1] INFO  server.RaftServerConfigKeys (ConfUtils.java:logGet(43)) - raft.server.snapshot.auto.trigger.threshold = 10000 (custom)
2019-09-19 09:01:00,775 [pool-135-thread-1] INFO  server.RaftServerConfigKeys (ConfUtils.java:logGet(43)) - raft.server.retrycache.expirytime = 600000ms (custom)
2019-09-19 09:01:00,775 [pool-135-thread-1] INFO  impl.RaftServerImpl (RaftServerImpl.java:start(180)) - ef4e2621-ebc1-459a-be1e-ded655ac96a5: start group-9BF38A22BDF2
2019-09-19 09:01:00,776 [pool-135-thread-1] INFO  impl.RaftServerImpl (RaftServerImpl.java:setRole(171)) - ef4e2621-ebc1-459a-be1e-ded655ac96a5:group-9BF38A22BDF2 changes role from null to FOLLOWER at term 0 for startAsFollower
2019-09-19 09:01:00,776 [pool-135-thread-1] INFO  impl.RoleInfo (RoleInfo.java:updateAndGet(143)) - ef4e2621-ebc1-459a-be1e-ded655ac96a5: start FollowerState
2019-09-19 09:01:00,776 [pool-135-thread-1] INFO  util.JmxRegister (JmxRegister.java:tryRegister(44)) - Successfully registered JMX Bean with object name Ratis:service=RaftServer,group=group-9BF38A22BDF2,id=ef4e2621-ebc1-459a-be1e-ded655ac96a5
2019-09-19 09:01:00,779 [RatisPipelineUtilsThread] INFO  pipeline.PipelineStateManager (PipelineStateManager.java:addPipeline(56)) - Created pipeline Pipeline[ Id: 46a1b06e-37b7-438e-9bf4-9bf38a22bdf2, Nodes: ef4e2621-ebc1-459a-be1e-ded655ac96a5{ip: 192.168.34.5, host: pr-hdds-1569-j4bt4-3030777008, networkLocation: /default-rack, certSerialId: null}, Type:RATIS, Factor:ONE, State:OPEN]
2019-09-19 09:01:00,780 [RatisPipelineUtilsThread] ERROR pipeline.PipelinePlacementPolicy (PipelinePlacementPolicy.java:meetCriteria(91)) - Pipeline Placement: Doesn't meet the criteria to be viable node. Heaviness: 6
2019-09-19 09:01:00,800 [grpc-default-executor-0] INFO  impl.RaftServerProxy (RaftServerProxy.java:addNew(89)) - ef4e2621-ebc1-459a-be1e-ded655ac96a5: addNew group-478E542FC6C3:[ef4e2621-ebc1-459a-be1e-ded655ac96a5:192.168.34.5:40340] returns group-478E542FC6C3:java.util.concurrent.CompletableFuture@263263e2[Not completed]
2019-09-19 09:01:00,801 [pool-135-thread-1] INFO  impl.RaftServerImpl (RaftServerImpl.java:<init>(93)) - ef4e2621-ebc1-459a-be1e-ded655ac96a5: new RaftServerImpl for group-478E542FC6C3:[ef4e2621-ebc1-459a-be1e-ded655ac96a5:192.168.34.5:40340] with ContainerStateMachine:uninitialized
2019-09-19 09:01:00,801 [pool-135-thread-1] INFO  server.RaftServerConfigKeys (ConfUtils.java:logGet(43)) - raft.server.rpc.timeout.min = 5s (custom)
2019-09-19 09:01:00,801 [pool-135-thread-1] INFO  server.RaftServerConfigKeys (ConfUtils.java:logGet(43)) - raft.server.rpc.timeout.max = 5200ms (custom)
2019-09-19 09:01:00,801 [pool-135-thread-1] INFO  server.RaftServerConfigKeys (ConfUtils.java:logGet(43)) - raft.server.rpcslowness.timeout = 120s (custom)
2019-09-19 09:01:00,801 [pool-135-thread-1] INFO  server.RaftServerConfigKeys (ConfUtils.java:logGet(43)) - raft.server.sleep.deviation.threshold = 300 (default)
2019-09-19 09:01:00,802 [pool-135-thread-1] INFO  server.RaftServerConfigKeys (ConfUtils.java:logGet(43)) - raft.server.log.appender.install.snapshot.enabled = false (custom)
2019-09-19 09:01:00,802 [pool-135-thread-1] INFO  impl.RaftServerImpl (ServerState.java:<init>(105)) - ef4e2621-ebc1-459a-be1e-ded655ac96a5:group-478E542FC6C3 ConfigurationManager, init=-1: [ef4e2621-ebc1-459a-be1e-ded655ac96a5:192.168.34.5:40340], old=null, confs=<EMPTY_MAP>
2019-09-19 09:01:00,802 [pool-135-thread-1] INFO  server.RaftServerConfigKeys (ConfUtils.java:logGet(43)) - raft.server.storage.dir = [/workdir/hadoop-ozone/integration-test/target/test-dir/MiniOzoneClusterImpl-d1f5ba66-8c72-4ad4-ac90-f92cf1c4e2b2/datanode-1/data/ratis] (custom)
2019-09-19 09:01:00,802 [pool-135-thread-1] INFO  storage.RaftStorageDirectory (RaftStorageDirectory.java:analyzeStorage(246)) - The storage directory /workdir/hadoop-ozone/integration-test/target/test-dir/MiniOzoneClusterImpl-d1f5ba66-8c72-4ad4-ac90-f92cf1c4e2b2/datanode-1/data/ratis/d8e4b01d-ee00-47cb-995e-478e542fc6c3 does not exist. Creating ...
2019-09-19 09:01:00,810 [pool-135-thread-1] INFO  storage.RaftStorageDirectory (RaftStorageDirectory.java:tryLock(328)) - Lock on /workdir/hadoop-ozone/integration-test/target/test-dir/MiniOzoneClusterImpl-d1f5ba66-8c72-4ad4-ac90-f92cf1c4e2b2/datanode-1/data/ratis/d8e4b01d-ee00-47cb-995e-478e542fc6c3/in_use.lock acquired by nodename 12225@pr-hdds-1569-j4bt4-3030777008
2019-09-19 09:01:00,824 [pool-135-thread-1] INFO  storage.RaftStorage (RaftStorage.java:format(72)) - Storage directory /workdir/hadoop-ozone/integration-test/target/test-dir/MiniOzoneClusterImpl-d1f5ba66-8c72-4ad4-ac90-f92cf1c4e2b2/datanode-1/data/ratis/d8e4b01d-ee00-47cb-995e-478e542fc6c3 has been successfully formatted.
2019-09-19 09:01:00,824 [pool-135-thread-1] INFO  ratis.ContainerStateMachine (ContainerStateMachine.java:loadSnapshot(226)) - group-478E542FC6C3: The snapshot info is null. Setting the last applied indexto:(t:0, i:~)
2019-09-19 09:01:00,824 [pool-135-thread-1] INFO  server.RaftServerConfigKeys (ConfUtils.java:logGet(43)) - raft.server.leader.election.timeout = 120s (custom)
2019-09-19 09:01:00,824 [pool-135-thread-1] INFO  server.RaftServerConfigKeys (ConfUtils.java:logGet(43)) - raft.server.log.use.memory = false (default)
2019-09-19 09:01:00,825 [pool-135-thread-1] INFO  server.RaftServerConfigKeys (ConfUtils.java:logGet(43)) - raft.server.log.purge.gap = 1000000 (custom)
2019-09-19 09:01:00,825 [pool-135-thread-1] INFO  server.RaftServerConfigKeys (ConfUtils.java:logGet(43)) - raft.server.log.appender.buffer.byte-limit = 33554432 (custom)
2019-09-19 09:01:00,825 [pool-135-thread-1] INFO  server.RaftServerConfigKeys (ConfUtils.java:logGet(43)) - raft.server.log.segment.size.max = 1048576 (custom)
2019-09-19 09:01:00,825 [pool-135-thread-1] INFO  server.RaftServerConfigKeys (ConfUtils.java:logGet(43)) - raft.server.log.segment.cache.num.max = 2 (custom)
2019-09-19 09:01:00,825 [pool-135-thread-1] INFO  segmented.SegmentedRaftLogWorker (SegmentedRaftLogWorker.java:<init>(172)) - new ef4e2621-ebc1-459a-be1e-ded655ac96a5-SegmentedRaftLogWorker:Storage Directory /workdir/hadoop-ozone/integration-test/target/test-dir/MiniOzoneClusterImpl-d1f5ba66-8c72-4ad4-ac90-f92cf1c4e2b2/datanode-1/data/ratis/d8e4b01d-ee00-47cb-995e-478e542fc6c3 for RaftStorage:Storage Directory /workdir/hadoop-ozone/integration-test/target/test-dir/MiniOzoneClusterImpl-d1f5ba66-8c72-4ad4-ac90-f92cf1c4e2b2/datanode-1/data/ratis/d8e4b01d-ee00-47cb-995e-478e542fc6c3
2019-09-19 09:01:00,825 [pool-135-thread-1] INFO  server.RaftServerConfigKeys (ConfUtils.java:logGet(43)) - raft.server.log.queue.byte-limit = 2147483647 (custom)
2019-09-19 09:01:00,825 [pool-135-thread-1] INFO  server.RaftServerConfigKeys (ConfUtils.java:logGet(43)) - raft.server.log.queue.element-limit = 1024 (custom)
2019-09-19 09:01:00,825 [pool-135-thread-1] INFO  server.RaftServerConfigKeys (ConfUtils.java:logGet(43)) - raft.server.log.segment.size.max = 1048576 (custom)
2019-09-19 09:01:00,825 [pool-135-thread-1] INFO  server.RaftServerConfigKeys (ConfUtils.java:logGet(43)) - raft.server.log.preallocated.size = 16384 (custom)
2019-09-19 09:01:00,826 [pool-135-thread-1] INFO  server.RaftServerConfigKeys (ConfUtils.java:logGet(43)) - raft.server.log.write.buffer.size = 33554432 (custom)
2019-09-19 09:01:00,826 [pool-135-thread-1] INFO  server.RaftServerConfigKeys (ConfUtils.java:logGet(43)) - raft.server.log.force.sync.num = 128 (default)
2019-09-19 09:01:00,826 [pool-135-thread-1] INFO  server.RaftServerConfigKeys (ConfUtils.java:logGet(43)) - raft.server.log.statemachine.data.sync = true (default)
2019-09-19 09:01:00,826 [pool-135-thread-1] INFO  server.RaftServerConfigKeys (ConfUtils.java:logGet(43)) - raft.server.log.statemachine.data.sync.timeout = 10s (default)
2019-09-19 09:01:00,826 [pool-135-thread-1] INFO  server.RaftServerConfigKeys (ConfUtils.java:logGet(43)) - raft.server.log.statemachine.data.sync.timeout.retry = -1 (default)
2019-09-19 09:01:00,826 [pool-135-thread-1] INFO  server.RaftServerConfigKeys (ConfUtils.java:logGet(43)) - raft.server.log.statemachine.data.caching.enabled = true (custom)
2019-09-19 09:01:00,826 [pool-135-thread-1] INFO  segmented.SegmentedRaftLogWorker (SegmentedRaftLogWorker.java:lambda$new$0(132)) - ef4e2621-ebc1-459a-be1e-ded655ac96a5-SegmentedRaftLogWorker:Storage Directory /workdir/hadoop-ozone/integration-test/target/test-dir/MiniOzoneClusterImpl-d1f5ba66-8c72-4ad4-ac90-f92cf1c4e2b2/datanode-1/data/ratis/d8e4b01d-ee00-47cb-995e-478e542fc6c3: flushIndex: setUnconditionally 0 -> -1
2019-09-19 09:01:00,827 [pool-135-thread-1] INFO  server.RaftServerConfigKeys (ConfUtils.java:logGet(43)) - raft.server.snapshot.auto.trigger.enabled = true (custom)
2019-09-19 09:01:00,827 [pool-135-thread-1] INFO  server.RaftServerConfigKeys (ConfUtils.java:logGet(43)) - raft.server.snapshot.auto.trigger.threshold = 10000 (custom)
2019-09-19 09:01:00,827 [pool-135-thread-1] INFO  server.RaftServerConfigKeys (ConfUtils.java:logGet(43)) - raft.server.retrycache.expirytime = 600000ms (custom)
2019-09-19 09:01:00,827 [pool-135-thread-1] INFO  impl.RaftServerImpl (RaftServerImpl.java:start(180)) - ef4e2621-ebc1-459a-be1e-ded655ac96a5: start group-478E542FC6C3
2019-09-19 09:01:00,827 [pool-135-thread-1] INFO  impl.RaftServerImpl (RaftServerImpl.java:setRole(171)) - ef4e2621-ebc1-459a-be1e-ded655ac96a5:group-478E542FC6C3 changes role from null to FOLLOWER at term 0 for startAsFollower
2019-09-19 09:01:00,827 [pool-135-thread-1] INFO  impl.RoleInfo (RoleInfo.java:updateAndGet(143)) - ef4e2621-ebc1-459a-be1e-ded655ac96a5: start FollowerState
2019-09-19 09:01:00,828 [pool-135-thread-1] INFO  util.JmxRegister (JmxRegister.java:tryRegister(44)) - Successfully registered JMX Bean with object name Ratis:service=RaftServer,group=group-478E542FC6C3,id=ef4e2621-ebc1-459a-be1e-ded655ac96a5
2019-09-19 09:01:00,830 [IPC Server handler 1 on 41086] INFO  net.NetworkTopology (NetworkTopologyImpl.java:add(110)) - Added a new node: /default-rack/2c2b1180-bd06-4560-b4fa-2079d6381cde
2019-09-19 09:01:00,830 [IPC Server handler 1 on 41086] INFO  node.SCMNodeManager (SCMNodeManager.java:register(273)) - Registered Data node : 2c2b1180-bd06-4560-b4fa-2079d6381cde{ip: 192.168.34.5, host: pr-hdds-1569-j4bt4-3030777008, networkLocation: /default-rack, certSerialId: null}
2019-09-19 09:01:00,830 | INFO  | SCMAudit | user=jenkins1000 | ip=192.168.34.5 | op=REGISTER {datanodeDetails=2c2b1180-bd06-4560-b4fa-2079d6381cde{ip: 192.168.34.5, host: pr-hdds-1569-j4bt4-3030777008, networkLocation: /default-rack, certSerialId: null}} | ret=SUCCESS |  
2019-09-19 09:01:00,830 [RatisPipelineUtilsThread] INFO  pipeline.PipelineStateManager (PipelineStateManager.java:addPipeline(56)) - Created pipeline Pipeline[ Id: d8e4b01d-ee00-47cb-995e-478e542fc6c3, Nodes: ef4e2621-ebc1-459a-be1e-ded655ac96a5{ip: 192.168.34.5, host: pr-hdds-1569-j4bt4-3030777008, networkLocation: /default-rack, certSerialId: null}, Type:RATIS, Factor:ONE, State:OPEN]
2019-09-19 09:01:00,831 [RatisPipelineUtilsThread] ERROR pipeline.PipelinePlacementPolicy (PipelinePlacementPolicy.java:meetCriteria(91)) - Pipeline Placement: Doesn't meet the criteria to be viable node. Heaviness: 6
2019-09-19 09:01:00,837 [grpc-default-executor-0] INFO  impl.RaftServerProxy (RaftServerProxy.java:addNew(89)) - ef4e2621-ebc1-459a-be1e-ded655ac96a5: addNew group-E46673D58080:[ef4e2621-ebc1-459a-be1e-ded655ac96a5:192.168.34.5:40340] returns group-E46673D58080:java.util.concurrent.CompletableFuture@36a15600[Not completed]
2019-09-19 09:01:00,838 [pool-135-thread-1] INFO  impl.RaftServerImpl (RaftServerImpl.java:<init>(93)) - ef4e2621-ebc1-459a-be1e-ded655ac96a5: new RaftServerImpl for group-E46673D58080:[ef4e2621-ebc1-459a-be1e-ded655ac96a5:192.168.34.5:40340] with ContainerStateMachine:uninitialized
2019-09-19 09:01:00,838 [pool-135-thread-1] INFO  server.RaftServerConfigKeys (ConfUtils.java:logGet(43)) - raft.server.rpc.timeout.min = 5s (custom)
2019-09-19 09:01:00,838 [pool-135-thread-1] INFO  server.RaftServerConfigKeys (ConfUtils.java:logGet(43)) - raft.server.rpc.timeout.max = 5200ms (custom)
2019-09-19 09:01:00,838 [pool-135-thread-1] INFO  server.RaftServerConfigKeys (ConfUtils.java:logGet(43)) - raft.server.rpcslowness.timeout = 120s (custom)
2019-09-19 09:01:00,838 [pool-135-thread-1] INFO  server.RaftServerConfigKeys (ConfUtils.java:logGet(43)) - raft.server.sleep.deviation.threshold = 300 (default)
2019-09-19 09:01:00,838 [pool-135-thread-1] INFO  server.RaftServerConfigKeys (ConfUtils.java:logGet(43)) - raft.server.log.appender.install.snapshot.enabled = false (custom)
2019-09-19 09:01:00,839 [pool-135-thread-1] INFO  impl.RaftServerImpl (ServerState.java:<init>(105)) - ef4e2621-ebc1-459a-be1e-ded655ac96a5:group-E46673D58080 ConfigurationManager, init=-1: [ef4e2621-ebc1-459a-be1e-ded655ac96a5:192.168.34.5:40340], old=null, confs=<EMPTY_MAP>
2019-09-19 09:01:00,839 [pool-135-thread-1] INFO  server.RaftServerConfigKeys (ConfUtils.java:logGet(43)) - raft.server.storage.dir = [/workdir/hadoop-ozone/integration-test/target/test-dir/MiniOzoneClusterImpl-d1f5ba66-8c72-4ad4-ac90-f92cf1c4e2b2/datanode-1/data/ratis] (custom)
2019-09-19 09:01:00,839 [pool-135-thread-1] INFO  storage.RaftStorageDirectory (RaftStorageDirectory.java:analyzeStorage(246)) - The storage directory /workdir/hadoop-ozone/integration-test/target/test-dir/MiniOzoneClusterImpl-d1f5ba66-8c72-4ad4-ac90-f92cf1c4e2b2/datanode-1/data/ratis/3408b1b4-4da9-4e5d-b27b-e46673d58080 does not exist. Creating ...
2019-09-19 09:01:00,856 [pool-135-thread-1] INFO  storage.RaftStorageDirectory (RaftStorageDirectory.java:tryLock(328)) - Lock on /workdir/hadoop-ozone/integration-test/target/test-dir/MiniOzoneClusterImpl-d1f5ba66-8c72-4ad4-ac90-f92cf1c4e2b2/datanode-1/data/ratis/3408b1b4-4da9-4e5d-b27b-e46673d58080/in_use.lock acquired by nodename 12225@pr-hdds-1569-j4bt4-3030777008
2019-09-19 09:01:00,870 [pool-135-thread-1] INFO  storage.RaftStorage (RaftStorage.java:format(72)) - Storage directory /workdir/hadoop-ozone/integration-test/target/test-dir/MiniOzoneClusterImpl-d1f5ba66-8c72-4ad4-ac90-f92cf1c4e2b2/datanode-1/data/ratis/3408b1b4-4da9-4e5d-b27b-e46673d58080 has been successfully formatted.
2019-09-19 09:01:00,870 [pool-135-thread-1] INFO  ratis.ContainerStateMachine (ContainerStateMachine.java:loadSnapshot(226)) - group-E46673D58080: The snapshot info is null. Setting the last applied indexto:(t:0, i:~)
2019-09-19 09:01:00,870 [pool-135-thread-1] INFO  server.RaftServerConfigKeys (ConfUtils.java:logGet(43)) - raft.server.leader.election.timeout = 120s (custom)
2019-09-19 09:01:00,870 [pool-135-thread-1] INFO  server.RaftServerConfigKeys (ConfUtils.java:logGet(43)) - raft.server.log.use.memory = false (default)
2019-09-19 09:01:00,870 [pool-135-thread-1] INFO  server.RaftServerConfigKeys (ConfUtils.java:logGet(43)) - raft.server.log.purge.gap = 1000000 (custom)
2019-09-19 09:01:00,871 [pool-135-thread-1] INFO  server.RaftServerConfigKeys (ConfUtils.java:logGet(43)) - raft.server.log.appender.buffer.byte-limit = 33554432 (custom)
2019-09-19 09:01:00,871 [pool-135-thread-1] INFO  server.RaftServerConfigKeys (ConfUtils.java:logGet(43)) - raft.server.log.segment.size.max = 1048576 (custom)
2019-09-19 09:01:00,871 [pool-135-thread-1] INFO  server.RaftServerConfigKeys (ConfUtils.java:logGet(43)) - raft.server.log.segment.cache.num.max = 2 (custom)
2019-09-19 09:01:00,871 [pool-135-thread-1] INFO  segmented.SegmentedRaftLogWorker (SegmentedRaftLogWorker.java:<init>(172)) - new ef4e2621-ebc1-459a-be1e-ded655ac96a5-SegmentedRaftLogWorker:Storage Directory /workdir/hadoop-ozone/integration-test/target/test-dir/MiniOzoneClusterImpl-d1f5ba66-8c72-4ad4-ac90-f92cf1c4e2b2/datanode-1/data/ratis/3408b1b4-4da9-4e5d-b27b-e46673d58080 for RaftStorage:Storage Directory /workdir/hadoop-ozone/integration-test/target/test-dir/MiniOzoneClusterImpl-d1f5ba66-8c72-4ad4-ac90-f92cf1c4e2b2/datanode-1/data/ratis/3408b1b4-4da9-4e5d-b27b-e46673d58080
2019-09-19 09:01:00,871 [pool-135-thread-1] INFO  server.RaftServerConfigKeys (ConfUtils.java:logGet(43)) - raft.server.log.queue.byte-limit = 2147483647 (custom)
2019-09-19 09:01:00,871 [pool-135-thread-1] INFO  server.RaftServerConfigKeys (ConfUtils.java:logGet(43)) - raft.server.log.queue.element-limit = 1024 (custom)
2019-09-19 09:01:00,872 [pool-135-thread-1] INFO  server.RaftServerConfigKeys (ConfUtils.java:logGet(43)) - raft.server.log.segment.size.max = 1048576 (custom)
2019-09-19 09:01:00,872 [pool-135-thread-1] INFO  server.RaftServerConfigKeys (ConfUtils.java:logGet(43)) - raft.server.log.preallocated.size = 16384 (custom)
2019-09-19 09:01:00,872 [pool-135-thread-1] INFO  server.RaftServerConfigKeys (ConfUtils.java:logGet(43)) - raft.server.log.write.buffer.size = 33554432 (custom)
2019-09-19 09:01:00,872 [pool-135-thread-1] INFO  server.RaftServerConfigKeys (ConfUtils.java:logGet(43)) - raft.server.log.force.sync.num = 128 (default)
2019-09-19 09:01:00,872 [pool-135-thread-1] INFO  server.RaftServerConfigKeys (ConfUtils.java:logGet(43)) - raft.server.log.statemachine.data.sync = true (default)
2019-09-19 09:01:00,872 [pool-135-thread-1] INFO  server.RaftServerConfigKeys (ConfUtils.java:logGet(43)) - raft.server.log.statemachine.data.sync.timeout = 10s (default)
2019-09-19 09:01:00,872 [pool-135-thread-1] INFO  server.RaftServerConfigKeys (ConfUtils.java:logGet(43)) - raft.server.log.statemachine.data.sync.timeout.retry = -1 (default)
2019-09-19 09:01:00,872 [pool-135-thread-1] INFO  server.RaftServerConfigKeys (ConfUtils.java:logGet(43)) - raft.server.log.statemachine.data.caching.enabled = true (custom)
2019-09-19 09:01:00,872 [pool-135-thread-1] INFO  segmented.SegmentedRaftLogWorker (SegmentedRaftLogWorker.java:lambda$new$0(132)) - ef4e2621-ebc1-459a-be1e-ded655ac96a5-SegmentedRaftLogWorker:Storage Directory /workdir/hadoop-ozone/integration-test/target/test-dir/MiniOzoneClusterImpl-d1f5ba66-8c72-4ad4-ac90-f92cf1c4e2b2/datanode-1/data/ratis/3408b1b4-4da9-4e5d-b27b-e46673d58080: flushIndex: setUnconditionally 0 -> -1
2019-09-19 09:01:00,873 [pool-135-thread-1] INFO  server.RaftServerConfigKeys (ConfUtils.java:logGet(43)) - raft.server.snapshot.auto.trigger.enabled = true (custom)
2019-09-19 09:01:00,873 [pool-135-thread-1] INFO  server.RaftServerConfigKeys (ConfUtils.java:logGet(43)) - raft.server.snapshot.auto.trigger.threshold = 10000 (custom)
2019-09-19 09:01:00,873 [pool-135-thread-1] INFO  server.RaftServerConfigKeys (ConfUtils.java:logGet(43)) - raft.server.retrycache.expirytime = 600000ms (custom)
2019-09-19 09:01:00,873 [pool-135-thread-1] INFO  impl.RaftServerImpl (RaftServerImpl.java:start(180)) - ef4e2621-ebc1-459a-be1e-ded655ac96a5: start group-E46673D58080
2019-09-19 09:01:00,873 [pool-135-thread-1] INFO  impl.RaftServerImpl (RaftServerImpl.java:setRole(171)) - ef4e2621-ebc1-459a-be1e-ded655ac96a5:group-E46673D58080 changes role from null to FOLLOWER at term 0 for startAsFollower
2019-09-19 09:01:00,873 [pool-135-thread-1] INFO  impl.RoleInfo (RoleInfo.java:updateAndGet(143)) - ef4e2621-ebc1-459a-be1e-ded655ac96a5: start FollowerState
2019-09-19 09:01:00,874 [pool-135-thread-1] INFO  util.JmxRegister (JmxRegister.java:tryRegister(44)) - Successfully registered JMX Bean with object name Ratis:service=RaftServer,group=group-E46673D58080,id=ef4e2621-ebc1-459a-be1e-ded655ac96a5
2019-09-19 09:01:00,876 [RatisPipelineUtilsThread] INFO  pipeline.PipelineStateManager (PipelineStateManager.java:addPipeline(56)) - Created pipeline Pipeline[ Id: 3408b1b4-4da9-4e5d-b27b-e46673d58080, Nodes: ef4e2621-ebc1-459a-be1e-ded655ac96a5{ip: 192.168.34.5, host: pr-hdds-1569-j4bt4-3030777008, networkLocation: /default-rack, certSerialId: null}, Type:RATIS, Factor:ONE, State:OPEN]
2019-09-19 09:01:00,877 [RatisPipelineUtilsThread] ERROR pipeline.PipelinePlacementPolicy (PipelinePlacementPolicy.java:meetCriteria(91)) - Pipeline Placement: Doesn't meet the criteria to be viable node. Heaviness: 6
2019-09-19 09:01:00,881 [grpc-default-executor-0] INFO  impl.RaftServerProxy (RaftServerProxy.java:addNew(89)) - ef4e2621-ebc1-459a-be1e-ded655ac96a5: addNew group-BE43672666FF:[ef4e2621-ebc1-459a-be1e-ded655ac96a5:192.168.34.5:40340] returns group-BE43672666FF:java.util.concurrent.CompletableFuture@4d755beb[Not completed]
2019-09-19 09:01:00,882 [pool-135-thread-1] INFO  impl.RaftServerImpl (RaftServerImpl.java:<init>(93)) - ef4e2621-ebc1-459a-be1e-ded655ac96a5: new RaftServerImpl for group-BE43672666FF:[ef4e2621-ebc1-459a-be1e-ded655ac96a5:192.168.34.5:40340] with ContainerStateMachine:uninitialized
2019-09-19 09:01:00,882 [pool-135-thread-1] INFO  server.RaftServerConfigKeys (ConfUtils.java:logGet(43)) - raft.server.rpc.timeout.min = 5s (custom)
2019-09-19 09:01:00,883 [pool-135-thread-1] INFO  server.RaftServerConfigKeys (ConfUtils.java:logGet(43)) - raft.server.rpc.timeout.max = 5200ms (custom)
2019-09-19 09:01:00,883 [pool-135-thread-1] INFO  server.RaftServerConfigKeys (ConfUtils.java:logGet(43)) - raft.server.rpcslowness.timeout = 120s (custom)
2019-09-19 09:01:00,883 [pool-135-thread-1] INFO  server.RaftServerConfigKeys (ConfUtils.java:logGet(43)) - raft.server.sleep.deviation.threshold = 300 (default)
2019-09-19 09:01:00,883 [pool-135-thread-1] INFO  server.RaftServerConfigKeys (ConfUtils.java:logGet(43)) - raft.server.log.appender.install.snapshot.enabled = false (custom)
2019-09-19 09:01:00,883 [pool-135-thread-1] INFO  impl.RaftServerImpl (ServerState.java:<init>(105)) - ef4e2621-ebc1-459a-be1e-ded655ac96a5:group-BE43672666FF ConfigurationManager, init=-1: [ef4e2621-ebc1-459a-be1e-ded655ac96a5:192.168.34.5:40340], old=null, confs=<EMPTY_MAP>
2019-09-19 09:01:00,883 [pool-135-thread-1] INFO  server.RaftServerConfigKeys (ConfUtils.java:logGet(43)) - raft.server.storage.dir = [/workdir/hadoop-ozone/integration-test/target/test-dir/MiniOzoneClusterImpl-d1f5ba66-8c72-4ad4-ac90-f92cf1c4e2b2/datanode-1/data/ratis] (custom)
2019-09-19 09:01:00,883 [pool-135-thread-1] INFO  storage.RaftStorageDirectory (RaftStorageDirectory.java:analyzeStorage(246)) - The storage directory /workdir/hadoop-ozone/integration-test/target/test-dir/MiniOzoneClusterImpl-d1f5ba66-8c72-4ad4-ac90-f92cf1c4e2b2/datanode-1/data/ratis/92339d1b-1d98-44f9-8208-be43672666ff does not exist. Creating ...
2019-09-19 09:01:00,889 [main] INFO  ozone.MiniOzoneClusterImpl (MiniOzoneClusterImpl.java:lambda$waitForClusterToBeReady$0(142)) - Waiting for cluster to be ready. Got 3 of 7 DN Heartbeats.
2019-09-19 09:01:00,896 [pool-135-thread-1] INFO  storage.RaftStorageDirectory (RaftStorageDirectory.java:tryLock(328)) - Lock on /workdir/hadoop-ozone/integration-test/target/test-dir/MiniOzoneClusterImpl-d1f5ba66-8c72-4ad4-ac90-f92cf1c4e2b2/datanode-1/data/ratis/92339d1b-1d98-44f9-8208-be43672666ff/in_use.lock acquired by nodename 12225@pr-hdds-1569-j4bt4-3030777008
2019-09-19 09:01:00,915 [pool-135-thread-1] INFO  storage.RaftStorage (RaftStorage.java:format(72)) - Storage directory /workdir/hadoop-ozone/integration-test/target/test-dir/MiniOzoneClusterImpl-d1f5ba66-8c72-4ad4-ac90-f92cf1c4e2b2/datanode-1/data/ratis/92339d1b-1d98-44f9-8208-be43672666ff has been successfully formatted.
2019-09-19 09:01:00,916 [pool-135-thread-1] INFO  ratis.ContainerStateMachine (ContainerStateMachine.java:loadSnapshot(226)) - group-BE43672666FF: The snapshot info is null. Setting the last applied indexto:(t:0, i:~)
2019-09-19 09:01:00,916 [pool-135-thread-1] INFO  server.RaftServerConfigKeys (ConfUtils.java:logGet(43)) - raft.server.leader.election.timeout = 120s (custom)
2019-09-19 09:01:00,916 [pool-135-thread-1] INFO  server.RaftServerConfigKeys (ConfUtils.java:logGet(43)) - raft.server.log.use.memory = false (default)
2019-09-19 09:01:00,916 [pool-135-thread-1] INFO  server.RaftServerConfigKeys (ConfUtils.java:logGet(43)) - raft.server.log.purge.gap = 1000000 (custom)
2019-09-19 09:01:00,916 [pool-135-thread-1] INFO  server.RaftServerConfigKeys (ConfUtils.java:logGet(43)) - raft.server.log.appender.buffer.byte-limit = 33554432 (custom)
2019-09-19 09:01:00,916 [pool-135-thread-1] INFO  server.RaftServerConfigKeys (ConfUtils.java:logGet(43)) - raft.server.log.segment.size.max = 1048576 (custom)
2019-09-19 09:01:00,917 [pool-135-thread-1] INFO  server.RaftServerConfigKeys (ConfUtils.java:logGet(43)) - raft.server.log.segment.cache.num.max = 2 (custom)
2019-09-19 09:01:00,917 [pool-135-thread-1] INFO  segmented.SegmentedRaftLogWorker (SegmentedRaftLogWorker.java:<init>(172)) - new ef4e2621-ebc1-459a-be1e-ded655ac96a5-SegmentedRaftLogWorker:Storage Directory /workdir/hadoop-ozone/integration-test/target/test-dir/MiniOzoneClusterImpl-d1f5ba66-8c72-4ad4-ac90-f92cf1c4e2b2/datanode-1/data/ratis/92339d1b-1d98-44f9-8208-be43672666ff for RaftStorage:Storage Directory /workdir/hadoop-ozone/integration-test/target/test-dir/MiniOzoneClusterImpl-d1f5ba66-8c72-4ad4-ac90-f92cf1c4e2b2/datanode-1/data/ratis/92339d1b-1d98-44f9-8208-be43672666ff
2019-09-19 09:01:00,917 [pool-135-thread-1] INFO  server.RaftServerConfigKeys (ConfUtils.java:logGet(43)) - raft.server.log.queue.byte-limit = 2147483647 (custom)
2019-09-19 09:01:00,917 [pool-135-thread-1] INFO  server.RaftServerConfigKeys (ConfUtils.java:logGet(43)) - raft.server.log.queue.element-limit = 1024 (custom)
2019-09-19 09:01:00,917 [pool-135-thread-1] INFO  server.RaftServerConfigKeys (ConfUtils.java:logGet(43)) - raft.server.log.segment.size.max = 1048576 (custom)
2019-09-19 09:01:00,917 [pool-135-thread-1] INFO  server.RaftServerConfigKeys (ConfUtils.java:logGet(43)) - raft.server.log.preallocated.size = 16384 (custom)
2019-09-19 09:01:00,917 [pool-135-thread-1] INFO  server.RaftServerConfigKeys (ConfUtils.java:logGet(43)) - raft.server.log.write.buffer.size = 33554432 (custom)
2019-09-19 09:01:00,917 [pool-135-thread-1] INFO  server.RaftServerConfigKeys (ConfUtils.java:logGet(43)) - raft.server.log.force.sync.num = 128 (default)
2019-09-19 09:01:00,918 [pool-135-thread-1] INFO  server.RaftServerConfigKeys (ConfUtils.java:logGet(43)) - raft.server.log.statemachine.data.sync = true (default)
2019-09-19 09:01:00,918 [pool-135-thread-1] INFO  server.RaftServerConfigKeys (ConfUtils.java:logGet(43)) - raft.server.log.statemachine.data.sync.timeout = 10s (default)
2019-09-19 09:01:00,918 [pool-135-thread-1] INFO  server.RaftServerConfigKeys (ConfUtils.java:logGet(43)) - raft.server.log.statemachine.data.sync.timeout.retry = -1 (default)
2019-09-19 09:01:00,918 [pool-135-thread-1] INFO  server.RaftServerConfigKeys (ConfUtils.java:logGet(43)) - raft.server.log.statemachine.data.caching.enabled = true (custom)
2019-09-19 09:01:00,918 [pool-135-thread-1] INFO  segmented.SegmentedRaftLogWorker (SegmentedRaftLogWorker.java:lambda$new$0(132)) - ef4e2621-ebc1-459a-be1e-ded655ac96a5-SegmentedRaftLogWorker:Storage Directory /workdir/hadoop-ozone/integration-test/target/test-dir/MiniOzoneClusterImpl-d1f5ba66-8c72-4ad4-ac90-f92cf1c4e2b2/datanode-1/data/ratis/92339d1b-1d98-44f9-8208-be43672666ff: flushIndex: setUnconditionally 0 -> -1
2019-09-19 09:01:00,919 [pool-135-thread-1] INFO  server.RaftServerConfigKeys (ConfUtils.java:logGet(43)) - raft.server.snapshot.auto.trigger.enabled = true (custom)
2019-09-19 09:01:00,919 [pool-135-thread-1] INFO  server.RaftServerConfigKeys (ConfUtils.java:logGet(43)) - raft.server.snapshot.auto.trigger.threshold = 10000 (custom)
2019-09-19 09:01:00,919 [pool-135-thread-1] INFO  server.RaftServerConfigKeys (ConfUtils.java:logGet(43)) - raft.server.retrycache.expirytime = 600000ms (custom)
2019-09-19 09:01:00,919 [pool-135-thread-1] INFO  impl.RaftServerImpl (RaftServerImpl.java:start(180)) - ef4e2621-ebc1-459a-be1e-ded655ac96a5: start group-BE43672666FF
2019-09-19 09:01:00,919 [pool-135-thread-1] INFO  impl.RaftServerImpl (RaftServerImpl.java:setRole(171)) - ef4e2621-ebc1-459a-be1e-ded655ac96a5:group-BE43672666FF changes role from null to FOLLOWER at term 0 for startAsFollower
2019-09-19 09:01:00,919 [pool-135-thread-1] INFO  impl.RoleInfo (RoleInfo.java:updateAndGet(143)) - ef4e2621-ebc1-459a-be1e-ded655ac96a5: start FollowerState
2019-09-19 09:01:00,920 [pool-135-thread-1] INFO  util.JmxRegister (JmxRegister.java:tryRegister(44)) - Successfully registered JMX Bean with object name Ratis:service=RaftServer,group=group-BE43672666FF,id=ef4e2621-ebc1-459a-be1e-ded655ac96a5
2019-09-19 09:01:00,922 [RatisPipelineUtilsThread] INFO  pipeline.PipelineStateManager (PipelineStateManager.java:addPipeline(56)) - Created pipeline Pipeline[ Id: 92339d1b-1d98-44f9-8208-be43672666ff, Nodes: ef4e2621-ebc1-459a-be1e-ded655ac96a5{ip: 192.168.34.5, host: pr-hdds-1569-j4bt4-3030777008, networkLocation: /default-rack, certSerialId: null}, Type:RATIS, Factor:ONE, State:OPEN]
2019-09-19 09:01:00,922 [RatisPipelineUtilsThread] ERROR pipeline.PipelinePlacementPolicy (PipelinePlacementPolicy.java:meetCriteria(91)) - Pipeline Placement: Doesn't meet the criteria to be viable node. Heaviness: 6
2019-09-19 09:01:00,928 [grpc-default-executor-0] INFO  impl.RaftServerProxy (RaftServerProxy.java:addNew(89)) - ef4e2621-ebc1-459a-be1e-ded655ac96a5: addNew group-019DA72E7D23:[ef4e2621-ebc1-459a-be1e-ded655ac96a5:192.168.34.5:40340] returns group-019DA72E7D23:java.util.concurrent.CompletableFuture@555535a8[Not completed]
2019-09-19 09:01:00,930 [pool-135-thread-1] INFO  impl.RaftServerImpl (RaftServerImpl.java:<init>(93)) - ef4e2621-ebc1-459a-be1e-ded655ac96a5: new RaftServerImpl for group-019DA72E7D23:[ef4e2621-ebc1-459a-be1e-ded655ac96a5:192.168.34.5:40340] with ContainerStateMachine:uninitialized
2019-09-19 09:01:00,930 [pool-135-thread-1] INFO  server.RaftServerConfigKeys (ConfUtils.java:logGet(43)) - raft.server.rpc.timeout.min = 5s (custom)
2019-09-19 09:01:00,930 [pool-135-thread-1] INFO  server.RaftServerConfigKeys (ConfUtils.java:logGet(43)) - raft.server.rpc.timeout.max = 5200ms (custom)
2019-09-19 09:01:00,930 [pool-135-thread-1] INFO  server.RaftServerConfigKeys (ConfUtils.java:logGet(43)) - raft.server.rpcslowness.timeout = 120s (custom)
2019-09-19 09:01:00,930 [pool-135-thread-1] INFO  server.RaftServerConfigKeys (ConfUtils.java:logGet(43)) - raft.server.sleep.deviation.threshold = 300 (default)
2019-09-19 09:01:00,930 [pool-135-thread-1] INFO  server.RaftServerConfigKeys (ConfUtils.java:logGet(43)) - raft.server.log.appender.install.snapshot.enabled = false (custom)
2019-09-19 09:01:00,931 [pool-135-thread-1] INFO  impl.RaftServerImpl (ServerState.java:<init>(105)) - ef4e2621-ebc1-459a-be1e-ded655ac96a5:group-019DA72E7D23 ConfigurationManager, init=-1: [ef4e2621-ebc1-459a-be1e-ded655ac96a5:192.168.34.5:40340], old=null, confs=<EMPTY_MAP>
2019-09-19 09:01:00,931 [pool-135-thread-1] INFO  server.RaftServerConfigKeys (ConfUtils.java:logGet(43)) - raft.server.storage.dir = [/workdir/hadoop-ozone/integration-test/target/test-dir/MiniOzoneClusterImpl-d1f5ba66-8c72-4ad4-ac90-f92cf1c4e2b2/datanode-1/data/ratis] (custom)
2019-09-19 09:01:00,931 [pool-135-thread-1] INFO  storage.RaftStorageDirectory (RaftStorageDirectory.java:analyzeStorage(246)) - The storage directory /workdir/hadoop-ozone/integration-test/target/test-dir/MiniOzoneClusterImpl-d1f5ba66-8c72-4ad4-ac90-f92cf1c4e2b2/datanode-1/data/ratis/ccbcd683-4606-4b63-8fc0-019da72e7d23 does not exist. Creating ...
2019-09-19 09:01:00,941 [pool-135-thread-1] INFO  storage.RaftStorageDirectory (RaftStorageDirectory.java:tryLock(328)) - Lock on /workdir/hadoop-ozone/integration-test/target/test-dir/MiniOzoneClusterImpl-d1f5ba66-8c72-4ad4-ac90-f92cf1c4e2b2/datanode-1/data/ratis/ccbcd683-4606-4b63-8fc0-019da72e7d23/in_use.lock acquired by nodename 12225@pr-hdds-1569-j4bt4-3030777008
2019-09-19 09:01:00,954 [pool-135-thread-1] INFO  storage.RaftStorage (RaftStorage.java:format(72)) - Storage directory /workdir/hadoop-ozone/integration-test/target/test-dir/MiniOzoneClusterImpl-d1f5ba66-8c72-4ad4-ac90-f92cf1c4e2b2/datanode-1/data/ratis/ccbcd683-4606-4b63-8fc0-019da72e7d23 has been successfully formatted.
2019-09-19 09:01:00,954 [pool-135-thread-1] INFO  ratis.ContainerStateMachine (ContainerStateMachine.java:loadSnapshot(226)) - group-019DA72E7D23: The snapshot info is null. Setting the last applied indexto:(t:0, i:~)
2019-09-19 09:01:00,954 [pool-135-thread-1] INFO  server.RaftServerConfigKeys (ConfUtils.java:logGet(43)) - raft.server.leader.election.timeout = 120s (custom)
2019-09-19 09:01:00,955 [pool-135-thread-1] INFO  server.RaftServerConfigKeys (ConfUtils.java:logGet(43)) - raft.server.log.use.memory = false (default)
2019-09-19 09:01:00,955 [pool-135-thread-1] INFO  server.RaftServerConfigKeys (ConfUtils.java:logGet(43)) - raft.server.log.purge.gap = 1000000 (custom)
2019-09-19 09:01:00,955 [pool-135-thread-1] INFO  server.RaftServerConfigKeys (ConfUtils.java:logGet(43)) - raft.server.log.appender.buffer.byte-limit = 33554432 (custom)
2019-09-19 09:01:00,955 [pool-135-thread-1] INFO  server.RaftServerConfigKeys (ConfUtils.java:logGet(43)) - raft.server.log.segment.size.max = 1048576 (custom)
2019-09-19 09:01:00,955 [pool-135-thread-1] INFO  server.RaftServerConfigKeys (ConfUtils.java:logGet(43)) - raft.server.log.segment.cache.num.max = 2 (custom)
2019-09-19 09:01:00,955 [pool-135-thread-1] INFO  segmented.SegmentedRaftLogWorker (SegmentedRaftLogWorker.java:<init>(172)) - new ef4e2621-ebc1-459a-be1e-ded655ac96a5-SegmentedRaftLogWorker:Storage Directory /workdir/hadoop-ozone/integration-test/target/test-dir/MiniOzoneClusterImpl-d1f5ba66-8c72-4ad4-ac90-f92cf1c4e2b2/datanode-1/data/ratis/ccbcd683-4606-4b63-8fc0-019da72e7d23 for RaftStorage:Storage Directory /workdir/hadoop-ozone/integration-test/target/test-dir/MiniOzoneClusterImpl-d1f5ba66-8c72-4ad4-ac90-f92cf1c4e2b2/datanode-1/data/ratis/ccbcd683-4606-4b63-8fc0-019da72e7d23
2019-09-19 09:01:00,955 [pool-135-thread-1] INFO  server.RaftServerConfigKeys (ConfUtils.java:logGet(43)) - raft.server.log.queue.byte-limit = 2147483647 (custom)
2019-09-19 09:01:00,955 [pool-135-thread-1] INFO  server.RaftServerConfigKeys (ConfUtils.java:logGet(43)) - raft.server.log.queue.element-limit = 1024 (custom)
2019-09-19 09:01:00,955 [pool-135-thread-1] INFO  server.RaftServerConfigKeys (ConfUtils.java:logGet(43)) - raft.server.log.segment.size.max = 1048576 (custom)
2019-09-19 09:01:00,955 [pool-135-thread-1] INFO  server.RaftServerConfigKeys (ConfUtils.java:logGet(43)) - raft.server.log.preallocated.size = 16384 (custom)
2019-09-19 09:01:00,956 [pool-135-thread-1] INFO  server.RaftServerConfigKeys (ConfUtils.java:logGet(43)) - raft.server.log.write.buffer.size = 33554432 (custom)
2019-09-19 09:01:00,956 [pool-135-thread-1] INFO  server.RaftServerConfigKeys (ConfUtils.java:logGet(43)) - raft.server.log.force.sync.num = 128 (default)
2019-09-19 09:01:00,956 [pool-135-thread-1] INFO  server.RaftServerConfigKeys (ConfUtils.java:logGet(43)) - raft.server.log.statemachine.data.sync = true (default)
2019-09-19 09:01:00,956 [pool-135-thread-1] INFO  server.RaftServerConfigKeys (ConfUtils.java:logGet(43)) - raft.server.log.statemachine.data.sync.timeout = 10s (default)
2019-09-19 09:01:00,956 [pool-135-thread-1] INFO  server.RaftServerConfigKeys (ConfUtils.java:logGet(43)) - raft.server.log.statemachine.data.sync.timeout.retry = -1 (default)
2019-09-19 09:01:00,956 [pool-135-thread-1] INFO  server.RaftServerConfigKeys (ConfUtils.java:logGet(43)) - raft.server.log.statemachine.data.caching.enabled = true (custom)
2019-09-19 09:01:00,956 [pool-135-thread-1] INFO  segmented.SegmentedRaftLogWorker (SegmentedRaftLogWorker.java:lambda$new$0(132)) - ef4e2621-ebc1-459a-be1e-ded655ac96a5-SegmentedRaftLogWorker:Storage Directory /workdir/hadoop-ozone/integration-test/target/test-dir/MiniOzoneClusterImpl-d1f5ba66-8c72-4ad4-ac90-f92cf1c4e2b2/datanode-1/data/ratis/ccbcd683-4606-4b63-8fc0-019da72e7d23: flushIndex: setUnconditionally 0 -> -1
2019-09-19 09:01:00,957 [pool-135-thread-1] INFO  server.RaftServerConfigKeys (ConfUtils.java:logGet(43)) - raft.server.snapshot.auto.trigger.enabled = true (custom)
2019-09-19 09:01:00,957 [pool-135-thread-1] INFO  server.RaftServerConfigKeys (ConfUtils.java:logGet(43)) - raft.server.snapshot.auto.trigger.threshold = 10000 (custom)
2019-09-19 09:01:00,957 [pool-135-thread-1] INFO  server.RaftServerConfigKeys (ConfUtils.java:logGet(43)) - raft.server.retrycache.expirytime = 600000ms (custom)
2019-09-19 09:01:00,957 [pool-135-thread-1] INFO  impl.RaftServerImpl (RaftServerImpl.java:start(180)) - ef4e2621-ebc1-459a-be1e-ded655ac96a5: start group-019DA72E7D23
2019-09-19 09:01:00,957 [pool-135-thread-1] INFO  impl.RaftServerImpl (RaftServerImpl.java:setRole(171)) - ef4e2621-ebc1-459a-be1e-ded655ac96a5:group-019DA72E7D23 changes role from null to FOLLOWER at term 0 for startAsFollower
2019-09-19 09:01:00,957 [pool-135-thread-1] INFO  impl.RoleInfo (RoleInfo.java:updateAndGet(143)) - ef4e2621-ebc1-459a-be1e-ded655ac96a5: start FollowerState
2019-09-19 09:01:00,957 [pool-135-thread-1] INFO  util.JmxRegister (JmxRegister.java:tryRegister(44)) - Successfully registered JMX Bean with object name Ratis:service=RaftServer,group=group-019DA72E7D23,id=ef4e2621-ebc1-459a-be1e-ded655ac96a5
2019-09-19 09:01:00,960 [RatisPipelineUtilsThread] INFO  pipeline.PipelineStateManager (PipelineStateManager.java:addPipeline(56)) - Created pipeline Pipeline[ Id: ccbcd683-4606-4b63-8fc0-019da72e7d23, Nodes: ef4e2621-ebc1-459a-be1e-ded655ac96a5{ip: 192.168.34.5, host: pr-hdds-1569-j4bt4-3030777008, networkLocation: /default-rack, certSerialId: null}, Type:RATIS, Factor:ONE, State:OPEN]
2019-09-19 09:01:00,960 [RatisPipelineUtilsThread] ERROR pipeline.PipelinePlacementPolicy (PipelinePlacementPolicy.java:meetCriteria(91)) - Pipeline Placement: Doesn't meet the criteria to be viable node. Heaviness: 6
2019-09-19 09:01:00,960 [RatisPipelineUtilsThread] ERROR pipeline.PipelinePlacementPolicy (PipelinePlacementPolicy.java:meetCriteria(91)) - Pipeline Placement: Doesn't meet the criteria to be viable node. Heaviness: 6
2019-09-19 09:01:00,971 [grpc-default-executor-0] INFO  impl.RaftServerProxy (RaftServerProxy.java:addNew(89)) - 2c2b1180-bd06-4560-b4fa-2079d6381cde: addNew group-9897012448E8:[2c2b1180-bd06-4560-b4fa-2079d6381cde:192.168.34.5:43364] returns group-9897012448E8:java.util.concurrent.CompletableFuture@89ae760[Not completed]
2019-09-19 09:01:00,978 [pool-146-thread-1] INFO  impl.RaftServerImpl (RaftServerImpl.java:<init>(93)) - 2c2b1180-bd06-4560-b4fa-2079d6381cde: new RaftServerImpl for group-9897012448E8:[2c2b1180-bd06-4560-b4fa-2079d6381cde:192.168.34.5:43364] with ContainerStateMachine:uninitialized
2019-09-19 09:01:00,979 [pool-146-thread-1] INFO  server.RaftServerConfigKeys (ConfUtils.java:logGet(43)) - raft.server.rpc.timeout.min = 5s (custom)
2019-09-19 09:01:00,979 [pool-146-thread-1] INFO  server.RaftServerConfigKeys (ConfUtils.java:logGet(43)) - raft.server.rpc.timeout.max = 5200ms (custom)
2019-09-19 09:01:00,979 [pool-146-thread-1] INFO  server.RaftServerConfigKeys (ConfUtils.java:logGet(43)) - raft.server.rpcslowness.timeout = 120s (custom)
2019-09-19 09:01:00,979 [pool-146-thread-1] INFO  server.RaftServerConfigKeys (ConfUtils.java:logGet(43)) - raft.server.sleep.deviation.threshold = 300 (default)
2019-09-19 09:01:00,979 [pool-146-thread-1] INFO  server.RaftServerConfigKeys (ConfUtils.java:logGet(43)) - raft.server.log.appender.install.snapshot.enabled = false (custom)
2019-09-19 09:01:00,979 [pool-146-thread-1] INFO  impl.RaftServerImpl (ServerState.java:<init>(105)) - 2c2b1180-bd06-4560-b4fa-2079d6381cde:group-9897012448E8 ConfigurationManager, init=-1: [2c2b1180-bd06-4560-b4fa-2079d6381cde:192.168.34.5:43364], old=null, confs=<EMPTY_MAP>
2019-09-19 09:01:00,979 [pool-146-thread-1] INFO  server.RaftServerConfigKeys (ConfUtils.java:logGet(43)) - raft.server.storage.dir = [/workdir/hadoop-ozone/integration-test/target/test-dir/MiniOzoneClusterImpl-d1f5ba66-8c72-4ad4-ac90-f92cf1c4e2b2/datanode-2/data/ratis] (custom)
2019-09-19 09:01:00,980 [pool-146-thread-1] INFO  storage.RaftStorageDirectory (RaftStorageDirectory.java:analyzeStorage(246)) - The storage directory /workdir/hadoop-ozone/integration-test/target/test-dir/MiniOzoneClusterImpl-d1f5ba66-8c72-4ad4-ac90-f92cf1c4e2b2/datanode-2/data/ratis/7a1315fd-3713-45a6-9006-9897012448e8 does not exist. Creating ...
2019-09-19 09:01:01,007 [pool-146-thread-1] INFO  storage.RaftStorageDirectory (RaftStorageDirectory.java:tryLock(328)) - Lock on /workdir/hadoop-ozone/integration-test/target/test-dir/MiniOzoneClusterImpl-d1f5ba66-8c72-4ad4-ac90-f92cf1c4e2b2/datanode-2/data/ratis/7a1315fd-3713-45a6-9006-9897012448e8/in_use.lock acquired by nodename 12225@pr-hdds-1569-j4bt4-3030777008
2019-09-19 09:01:01,021 [pool-146-thread-1] INFO  storage.RaftStorage (RaftStorage.java:format(72)) - Storage directory /workdir/hadoop-ozone/integration-test/target/test-dir/MiniOzoneClusterImpl-d1f5ba66-8c72-4ad4-ac90-f92cf1c4e2b2/datanode-2/data/ratis/7a1315fd-3713-45a6-9006-9897012448e8 has been successfully formatted.
2019-09-19 09:01:01,022 [pool-146-thread-1] INFO  ratis.ContainerStateMachine (ContainerStateMachine.java:loadSnapshot(226)) - group-9897012448E8: The snapshot info is null. Setting the last applied indexto:(t:0, i:~)
2019-09-19 09:01:01,022 [pool-146-thread-1] INFO  server.RaftServerConfigKeys (ConfUtils.java:logGet(43)) - raft.server.leader.election.timeout = 120s (custom)
2019-09-19 09:01:01,022 [pool-146-thread-1] INFO  server.RaftServerConfigKeys (ConfUtils.java:logGet(43)) - raft.server.log.use.memory = false (default)
2019-09-19 09:01:01,022 [pool-146-thread-1] INFO  server.RaftServerConfigKeys (ConfUtils.java:logGet(43)) - raft.server.log.purge.gap = 1000000 (custom)
2019-09-19 09:01:01,022 [pool-146-thread-1] INFO  server.RaftServerConfigKeys (ConfUtils.java:logGet(43)) - raft.server.log.appender.buffer.byte-limit = 33554432 (custom)
2019-09-19 09:01:01,022 [pool-146-thread-1] INFO  server.RaftServerConfigKeys (ConfUtils.java:logGet(43)) - raft.server.log.segment.size.max = 1048576 (custom)
2019-09-19 09:01:01,022 [pool-146-thread-1] INFO  server.RaftServerConfigKeys (ConfUtils.java:logGet(43)) - raft.server.log.segment.cache.num.max = 2 (custom)
2019-09-19 09:01:01,023 [pool-146-thread-1] INFO  segmented.SegmentedRaftLogWorker (SegmentedRaftLogWorker.java:<init>(172)) - new 2c2b1180-bd06-4560-b4fa-2079d6381cde-SegmentedRaftLogWorker:Storage Directory /workdir/hadoop-ozone/integration-test/target/test-dir/MiniOzoneClusterImpl-d1f5ba66-8c72-4ad4-ac90-f92cf1c4e2b2/datanode-2/data/ratis/7a1315fd-3713-45a6-9006-9897012448e8 for RaftStorage:Storage Directory /workdir/hadoop-ozone/integration-test/target/test-dir/MiniOzoneClusterImpl-d1f5ba66-8c72-4ad4-ac90-f92cf1c4e2b2/datanode-2/data/ratis/7a1315fd-3713-45a6-9006-9897012448e8
2019-09-19 09:01:01,023 [pool-146-thread-1] INFO  server.RaftServerConfigKeys (ConfUtils.java:logGet(43)) - raft.server.log.queue.byte-limit = 2147483647 (custom)
2019-09-19 09:01:01,023 [pool-146-thread-1] INFO  server.RaftServerConfigKeys (ConfUtils.java:logGet(43)) - raft.server.log.queue.element-limit = 1024 (custom)
2019-09-19 09:01:01,023 [pool-146-thread-1] INFO  server.RaftServerConfigKeys (ConfUtils.java:logGet(43)) - raft.server.log.segment.size.max = 1048576 (custom)
2019-09-19 09:01:01,023 [pool-146-thread-1] INFO  server.RaftServerConfigKeys (ConfUtils.java:logGet(43)) - raft.server.log.preallocated.size = 16384 (custom)
2019-09-19 09:01:01,023 [pool-146-thread-1] INFO  server.RaftServerConfigKeys (ConfUtils.java:logGet(43)) - raft.server.log.write.buffer.size = 33554432 (custom)
2019-09-19 09:01:01,023 [pool-146-thread-1] INFO  server.RaftServerConfigKeys (ConfUtils.java:logGet(43)) - raft.server.log.force.sync.num = 128 (default)
2019-09-19 09:01:01,024 [pool-146-thread-1] INFO  server.RaftServerConfigKeys (ConfUtils.java:logGet(43)) - raft.server.log.statemachine.data.sync = true (default)
2019-09-19 09:01:01,024 [pool-146-thread-1] INFO  server.RaftServerConfigKeys (ConfUtils.java:logGet(43)) - raft.server.log.statemachine.data.sync.timeout = 10s (default)
2019-09-19 09:01:01,024 [pool-146-thread-1] INFO  server.RaftServerConfigKeys (ConfUtils.java:logGet(43)) - raft.server.log.statemachine.data.sync.timeout.retry = -1 (default)
2019-09-19 09:01:01,024 [pool-146-thread-1] INFO  server.RaftServerConfigKeys (ConfUtils.java:logGet(43)) - raft.server.log.statemachine.data.caching.enabled = true (custom)
2019-09-19 09:01:01,024 [pool-146-thread-1] INFO  segmented.SegmentedRaftLogWorker (SegmentedRaftLogWorker.java:lambda$new$0(132)) - 2c2b1180-bd06-4560-b4fa-2079d6381cde-SegmentedRaftLogWorker:Storage Directory /workdir/hadoop-ozone/integration-test/target/test-dir/MiniOzoneClusterImpl-d1f5ba66-8c72-4ad4-ac90-f92cf1c4e2b2/datanode-2/data/ratis/7a1315fd-3713-45a6-9006-9897012448e8: flushIndex: setUnconditionally 0 -> -1
2019-09-19 09:01:01,024 [pool-146-thread-1] INFO  server.RaftServerConfigKeys (ConfUtils.java:logGet(43)) - raft.server.snapshot.auto.trigger.enabled = true (custom)
2019-09-19 09:01:01,025 [pool-146-thread-1] INFO  server.RaftServerConfigKeys (ConfUtils.java:logGet(43)) - raft.server.snapshot.auto.trigger.threshold = 10000 (custom)
2019-09-19 09:01:01,025 [pool-146-thread-1] INFO  server.RaftServerConfigKeys (ConfUtils.java:logGet(43)) - raft.server.retrycache.expirytime = 600000ms (custom)
2019-09-19 09:01:01,025 [pool-146-thread-1] INFO  impl.RaftServerImpl (RaftServerImpl.java:start(180)) - 2c2b1180-bd06-4560-b4fa-2079d6381cde: start group-9897012448E8
2019-09-19 09:01:01,025 [pool-146-thread-1] INFO  impl.RaftServerImpl (RaftServerImpl.java:setRole(171)) - 2c2b1180-bd06-4560-b4fa-2079d6381cde:group-9897012448E8 changes role from null to FOLLOWER at term 0 for startAsFollower
2019-09-19 09:01:01,025 [pool-146-thread-1] INFO  impl.RoleInfo (RoleInfo.java:updateAndGet(143)) - 2c2b1180-bd06-4560-b4fa-2079d6381cde: start FollowerState
2019-09-19 09:01:01,025 [pool-146-thread-1] INFO  util.JmxRegister (JmxRegister.java:tryRegister(44)) - Successfully registered JMX Bean with object name Ratis:service=RaftServer,group=group-9897012448E8,id=2c2b1180-bd06-4560-b4fa-2079d6381cde
2019-09-19 09:01:01,028 [RatisPipelineUtilsThread] INFO  pipeline.PipelineStateManager (PipelineStateManager.java:addPipeline(56)) - Created pipeline Pipeline[ Id: 7a1315fd-3713-45a6-9006-9897012448e8, Nodes: 2c2b1180-bd06-4560-b4fa-2079d6381cde{ip: 192.168.34.5, host: pr-hdds-1569-j4bt4-3030777008, networkLocation: /default-rack, certSerialId: null}, Type:RATIS, Factor:ONE, State:OPEN]
2019-09-19 09:01:01,028 [RatisPipelineUtilsThread] ERROR pipeline.PipelinePlacementPolicy (PipelinePlacementPolicy.java:meetCriteria(91)) - Pipeline Placement: Doesn't meet the criteria to be viable node. Heaviness: 6
2019-09-19 09:01:01,028 [RatisPipelineUtilsThread] ERROR pipeline.PipelinePlacementPolicy (PipelinePlacementPolicy.java:meetCriteria(91)) - Pipeline Placement: Doesn't meet the criteria to be viable node. Heaviness: 6
2019-09-19 09:01:01,032 [IPC Server handler 3 on 41086] INFO  net.NetworkTopology (NetworkTopologyImpl.java:add(110)) - Added a new node: /default-rack/07108c51-6362-4208-ba6a-2f09d4071d3e
2019-09-19 09:01:01,032 [IPC Server handler 3 on 41086] INFO  node.SCMNodeManager (SCMNodeManager.java:register(273)) - Registered Data node : 07108c51-6362-4208-ba6a-2f09d4071d3e{ip: 192.168.34.5, host: pr-hdds-1569-j4bt4-3030777008, networkLocation: /default-rack, certSerialId: null}
2019-09-19 09:01:01,032 | INFO  | SCMAudit | user=jenkins1000 | ip=192.168.34.5 | op=REGISTER {datanodeDetails=07108c51-6362-4208-ba6a-2f09d4071d3e{ip: 192.168.34.5, host: pr-hdds-1569-j4bt4-3030777008, networkLocation: /default-rack, certSerialId: null}} | ret=SUCCESS |  
2019-09-19 09:01:01,033 [grpc-default-executor-0] INFO  impl.RaftServerProxy (RaftServerProxy.java:addNew(89)) - 2c2b1180-bd06-4560-b4fa-2079d6381cde: addNew group-142E04DC3D60:[2c2b1180-bd06-4560-b4fa-2079d6381cde:192.168.34.5:43364] returns group-142E04DC3D60:java.util.concurrent.CompletableFuture@68638f61[Not completed]
2019-09-19 09:01:01,034 [pool-146-thread-1] INFO  impl.RaftServerImpl (RaftServerImpl.java:<init>(93)) - 2c2b1180-bd06-4560-b4fa-2079d6381cde: new RaftServerImpl for group-142E04DC3D60:[2c2b1180-bd06-4560-b4fa-2079d6381cde:192.168.34.5:43364] with ContainerStateMachine:uninitialized
2019-09-19 09:01:01,034 [pool-146-thread-1] INFO  server.RaftServerConfigKeys (ConfUtils.java:logGet(43)) - raft.server.rpc.timeout.min = 5s (custom)
2019-09-19 09:01:01,034 [pool-146-thread-1] INFO  server.RaftServerConfigKeys (ConfUtils.java:logGet(43)) - raft.server.rpc.timeout.max = 5200ms (custom)
2019-09-19 09:01:01,034 [pool-146-thread-1] INFO  server.RaftServerConfigKeys (ConfUtils.java:logGet(43)) - raft.server.rpcslowness.timeout = 120s (custom)
2019-09-19 09:01:01,035 [pool-146-thread-1] INFO  server.RaftServerConfigKeys (ConfUtils.java:logGet(43)) - raft.server.sleep.deviation.threshold = 300 (default)
2019-09-19 09:01:01,035 [pool-146-thread-1] INFO  server.RaftServerConfigKeys (ConfUtils.java:logGet(43)) - raft.server.log.appender.install.snapshot.enabled = false (custom)
2019-09-19 09:01:01,035 [pool-146-thread-1] INFO  impl.RaftServerImpl (ServerState.java:<init>(105)) - 2c2b1180-bd06-4560-b4fa-2079d6381cde:group-142E04DC3D60 ConfigurationManager, init=-1: [2c2b1180-bd06-4560-b4fa-2079d6381cde:192.168.34.5:43364], old=null, confs=<EMPTY_MAP>
2019-09-19 09:01:01,035 [pool-146-thread-1] INFO  server.RaftServerConfigKeys (ConfUtils.java:logGet(43)) - raft.server.storage.dir = [/workdir/hadoop-ozone/integration-test/target/test-dir/MiniOzoneClusterImpl-d1f5ba66-8c72-4ad4-ac90-f92cf1c4e2b2/datanode-2/data/ratis] (custom)
2019-09-19 09:01:01,035 [pool-146-thread-1] INFO  storage.RaftStorageDirectory (RaftStorageDirectory.java:analyzeStorage(246)) - The storage directory /workdir/hadoop-ozone/integration-test/target/test-dir/MiniOzoneClusterImpl-d1f5ba66-8c72-4ad4-ac90-f92cf1c4e2b2/datanode-2/data/ratis/10fa0bf5-f3ed-4732-857a-142e04dc3d60 does not exist. Creating ...
2019-09-19 09:01:01,067 [pool-146-thread-1] INFO  storage.RaftStorageDirectory (RaftStorageDirectory.java:tryLock(328)) - Lock on /workdir/hadoop-ozone/integration-test/target/test-dir/MiniOzoneClusterImpl-d1f5ba66-8c72-4ad4-ac90-f92cf1c4e2b2/datanode-2/data/ratis/10fa0bf5-f3ed-4732-857a-142e04dc3d60/in_use.lock acquired by nodename 12225@pr-hdds-1569-j4bt4-3030777008
2019-09-19 09:01:01,078 [pool-146-thread-1] INFO  storage.RaftStorage (RaftStorage.java:format(72)) - Storage directory /workdir/hadoop-ozone/integration-test/target/test-dir/MiniOzoneClusterImpl-d1f5ba66-8c72-4ad4-ac90-f92cf1c4e2b2/datanode-2/data/ratis/10fa0bf5-f3ed-4732-857a-142e04dc3d60 has been successfully formatted.
2019-09-19 09:01:01,078 [pool-146-thread-1] INFO  ratis.ContainerStateMachine (ContainerStateMachine.java:loadSnapshot(226)) - group-142E04DC3D60: The snapshot info is null. Setting the last applied indexto:(t:0, i:~)
2019-09-19 09:01:01,078 [pool-146-thread-1] INFO  server.RaftServerConfigKeys (ConfUtils.java:logGet(43)) - raft.server.leader.election.timeout = 120s (custom)
2019-09-19 09:01:01,078 [pool-146-thread-1] INFO  server.RaftServerConfigKeys (ConfUtils.java:logGet(43)) - raft.server.log.use.memory = false (default)
2019-09-19 09:01:01,079 [pool-146-thread-1] INFO  server.RaftServerConfigKeys (ConfUtils.java:logGet(43)) - raft.server.log.purge.gap = 1000000 (custom)
2019-09-19 09:01:01,079 [pool-146-thread-1] INFO  server.RaftServerConfigKeys (ConfUtils.java:logGet(43)) - raft.server.log.appender.buffer.byte-limit = 33554432 (custom)
2019-09-19 09:01:01,079 [pool-146-thread-1] INFO  server.RaftServerConfigKeys (ConfUtils.java:logGet(43)) - raft.server.log.segment.size.max = 1048576 (custom)
2019-09-19 09:01:01,079 [pool-146-thread-1] INFO  server.RaftServerConfigKeys (ConfUtils.java:logGet(43)) - raft.server.log.segment.cache.num.max = 2 (custom)
2019-09-19 09:01:01,079 [pool-146-thread-1] INFO  segmented.SegmentedRaftLogWorker (SegmentedRaftLogWorker.java:<init>(172)) - new 2c2b1180-bd06-4560-b4fa-2079d6381cde-SegmentedRaftLogWorker:Storage Directory /workdir/hadoop-ozone/integration-test/target/test-dir/MiniOzoneClusterImpl-d1f5ba66-8c72-4ad4-ac90-f92cf1c4e2b2/datanode-2/data/ratis/10fa0bf5-f3ed-4732-857a-142e04dc3d60 for RaftStorage:Storage Directory /workdir/hadoop-ozone/integration-test/target/test-dir/MiniOzoneClusterImpl-d1f5ba66-8c72-4ad4-ac90-f92cf1c4e2b2/datanode-2/data/ratis/10fa0bf5-f3ed-4732-857a-142e04dc3d60
2019-09-19 09:01:01,079 [pool-146-thread-1] INFO  server.RaftServerConfigKeys (ConfUtils.java:logGet(43)) - raft.server.log.queue.byte-limit = 2147483647 (custom)
2019-09-19 09:01:01,079 [pool-146-thread-1] INFO  server.RaftServerConfigKeys (ConfUtils.java:logGet(43)) - raft.server.log.queue.element-limit = 1024 (custom)
2019-09-19 09:01:01,079 [pool-146-thread-1] INFO  server.RaftServerConfigKeys (ConfUtils.java:logGet(43)) - raft.server.log.segment.size.max = 1048576 (custom)
2019-09-19 09:01:01,079 [pool-146-thread-1] INFO  server.RaftServerConfigKeys (ConfUtils.java:logGet(43)) - raft.server.log.preallocated.size = 16384 (custom)
2019-09-19 09:01:01,079 [pool-146-thread-1] INFO  server.RaftServerConfigKeys (ConfUtils.java:logGet(43)) - raft.server.log.write.buffer.size = 33554432 (custom)
2019-09-19 09:01:01,080 [pool-146-thread-1] INFO  server.RaftServerConfigKeys (ConfUtils.java:logGet(43)) - raft.server.log.force.sync.num = 128 (default)
2019-09-19 09:01:01,080 [pool-146-thread-1] INFO  server.RaftServerConfigKeys (ConfUtils.java:logGet(43)) - raft.server.log.statemachine.data.sync = true (default)
2019-09-19 09:01:01,080 [pool-146-thread-1] INFO  server.RaftServerConfigKeys (ConfUtils.java:logGet(43)) - raft.server.log.statemachine.data.sync.timeout = 10s (default)
2019-09-19 09:01:01,080 [pool-146-thread-1] INFO  server.RaftServerConfigKeys (ConfUtils.java:logGet(43)) - raft.server.log.statemachine.data.sync.timeout.retry = -1 (default)
2019-09-19 09:01:01,080 [pool-146-thread-1] INFO  server.RaftServerConfigKeys (ConfUtils.java:logGet(43)) - raft.server.log.statemachine.data.caching.enabled = true (custom)
2019-09-19 09:01:01,080 [pool-146-thread-1] INFO  segmented.SegmentedRaftLogWorker (SegmentedRaftLogWorker.java:lambda$new$0(132)) - 2c2b1180-bd06-4560-b4fa-2079d6381cde-SegmentedRaftLogWorker:Storage Directory /workdir/hadoop-ozone/integration-test/target/test-dir/MiniOzoneClusterImpl-d1f5ba66-8c72-4ad4-ac90-f92cf1c4e2b2/datanode-2/data/ratis/10fa0bf5-f3ed-4732-857a-142e04dc3d60: flushIndex: setUnconditionally 0 -> -1
2019-09-19 09:01:01,080 [pool-146-thread-1] INFO  server.RaftServerConfigKeys (ConfUtils.java:logGet(43)) - raft.server.snapshot.auto.trigger.enabled = true (custom)
2019-09-19 09:01:01,081 [pool-146-thread-1] INFO  server.RaftServerConfigKeys (ConfUtils.java:logGet(43)) - raft.server.snapshot.auto.trigger.threshold = 10000 (custom)
2019-09-19 09:01:01,081 [pool-146-thread-1] INFO  server.RaftServerConfigKeys (ConfUtils.java:logGet(43)) - raft.server.retrycache.expirytime = 600000ms (custom)
2019-09-19 09:01:01,081 [pool-146-thread-1] INFO  impl.RaftServerImpl (RaftServerImpl.java:start(180)) - 2c2b1180-bd06-4560-b4fa-2079d6381cde: start group-142E04DC3D60
2019-09-19 09:01:01,081 [pool-146-thread-1] INFO  impl.RaftServerImpl (RaftServerImpl.java:setRole(171)) - 2c2b1180-bd06-4560-b4fa-2079d6381cde:group-142E04DC3D60 changes role from null to FOLLOWER at term 0 for startAsFollower
2019-09-19 09:01:01,081 [pool-146-thread-1] INFO  impl.RoleInfo (RoleInfo.java:updateAndGet(143)) - 2c2b1180-bd06-4560-b4fa-2079d6381cde: start FollowerState
2019-09-19 09:01:01,086 [pool-146-thread-1] INFO  util.JmxRegister (JmxRegister.java:tryRegister(44)) - Successfully registered JMX Bean with object name Ratis:service=RaftServer,group=group-142E04DC3D60,id=2c2b1180-bd06-4560-b4fa-2079d6381cde
2019-09-19 09:01:01,090 [RatisPipelineUtilsThread] INFO  pipeline.PipelineStateManager (PipelineStateManager.java:addPipeline(56)) - Created pipeline Pipeline[ Id: 10fa0bf5-f3ed-4732-857a-142e04dc3d60, Nodes: 2c2b1180-bd06-4560-b4fa-2079d6381cde{ip: 192.168.34.5, host: pr-hdds-1569-j4bt4-3030777008, networkLocation: /default-rack, certSerialId: null}, Type:RATIS, Factor:ONE, State:OPEN]
2019-09-19 09:01:01,090 [RatisPipelineUtilsThread] ERROR pipeline.PipelinePlacementPolicy (PipelinePlacementPolicy.java:meetCriteria(91)) - Pipeline Placement: Doesn't meet the criteria to be viable node. Heaviness: 6
2019-09-19 09:01:01,090 [RatisPipelineUtilsThread] ERROR pipeline.PipelinePlacementPolicy (PipelinePlacementPolicy.java:meetCriteria(91)) - Pipeline Placement: Doesn't meet the criteria to be viable node. Heaviness: 6
2019-09-19 09:01:01,095 [grpc-default-executor-0] INFO  impl.RaftServerProxy (RaftServerProxy.java:addNew(89)) - 2c2b1180-bd06-4560-b4fa-2079d6381cde: addNew group-62B27DBFC781:[2c2b1180-bd06-4560-b4fa-2079d6381cde:192.168.34.5:43364] returns group-62B27DBFC781:java.util.concurrent.CompletableFuture@212def32[Not completed]
2019-09-19 09:01:01,097 [pool-146-thread-1] INFO  impl.RaftServerImpl (RaftServerImpl.java:<init>(93)) - 2c2b1180-bd06-4560-b4fa-2079d6381cde: new RaftServerImpl for group-62B27DBFC781:[2c2b1180-bd06-4560-b4fa-2079d6381cde:192.168.34.5:43364] with ContainerStateMachine:uninitialized
2019-09-19 09:01:01,097 [pool-146-thread-1] INFO  server.RaftServerConfigKeys (ConfUtils.java:logGet(43)) - raft.server.rpc.timeout.min = 5s (custom)
2019-09-19 09:01:01,097 [pool-146-thread-1] INFO  server.RaftServerConfigKeys (ConfUtils.java:logGet(43)) - raft.server.rpc.timeout.max = 5200ms (custom)
2019-09-19 09:01:01,097 [pool-146-thread-1] INFO  server.RaftServerConfigKeys (ConfUtils.java:logGet(43)) - raft.server.rpcslowness.timeout = 120s (custom)
2019-09-19 09:01:01,097 [pool-146-thread-1] INFO  server.RaftServerConfigKeys (ConfUtils.java:logGet(43)) - raft.server.sleep.deviation.threshold = 300 (default)
2019-09-19 09:01:01,097 [pool-146-thread-1] INFO  server.RaftServerConfigKeys (ConfUtils.java:logGet(43)) - raft.server.log.appender.install.snapshot.enabled = false (custom)
2019-09-19 09:01:01,097 [pool-146-thread-1] INFO  impl.RaftServerImpl (ServerState.java:<init>(105)) - 2c2b1180-bd06-4560-b4fa-2079d6381cde:group-62B27DBFC781 ConfigurationManager, init=-1: [2c2b1180-bd06-4560-b4fa-2079d6381cde:192.168.34.5:43364], old=null, confs=<EMPTY_MAP>
2019-09-19 09:01:01,098 [pool-146-thread-1] INFO  server.RaftServerConfigKeys (ConfUtils.java:logGet(43)) - raft.server.storage.dir = [/workdir/hadoop-ozone/integration-test/target/test-dir/MiniOzoneClusterImpl-d1f5ba66-8c72-4ad4-ac90-f92cf1c4e2b2/datanode-2/data/ratis] (custom)
2019-09-19 09:01:01,098 [pool-146-thread-1] INFO  storage.RaftStorageDirectory (RaftStorageDirectory.java:analyzeStorage(246)) - The storage directory /workdir/hadoop-ozone/integration-test/target/test-dir/MiniOzoneClusterImpl-d1f5ba66-8c72-4ad4-ac90-f92cf1c4e2b2/datanode-2/data/ratis/aa5fa3a9-6a82-402d-915a-62b27dbfc781 does not exist. Creating ...
2019-09-19 09:01:01,106 [pool-146-thread-1] INFO  storage.RaftStorageDirectory (RaftStorageDirectory.java:tryLock(328)) - Lock on /workdir/hadoop-ozone/integration-test/target/test-dir/MiniOzoneClusterImpl-d1f5ba66-8c72-4ad4-ac90-f92cf1c4e2b2/datanode-2/data/ratis/aa5fa3a9-6a82-402d-915a-62b27dbfc781/in_use.lock acquired by nodename 12225@pr-hdds-1569-j4bt4-3030777008
2019-09-19 09:01:01,128 [pool-146-thread-1] INFO  storage.RaftStorage (RaftStorage.java:format(72)) - Storage directory /workdir/hadoop-ozone/integration-test/target/test-dir/MiniOzoneClusterImpl-d1f5ba66-8c72-4ad4-ac90-f92cf1c4e2b2/datanode-2/data/ratis/aa5fa3a9-6a82-402d-915a-62b27dbfc781 has been successfully formatted.
2019-09-19 09:01:01,128 [pool-146-thread-1] INFO  ratis.ContainerStateMachine (ContainerStateMachine.java:loadSnapshot(226)) - group-62B27DBFC781: The snapshot info is null. Setting the last applied indexto:(t:0, i:~)
2019-09-19 09:01:01,129 [pool-146-thread-1] INFO  server.RaftServerConfigKeys (ConfUtils.java:logGet(43)) - raft.server.leader.election.timeout = 120s (custom)
2019-09-19 09:01:01,129 [pool-146-thread-1] INFO  server.RaftServerConfigKeys (ConfUtils.java:logGet(43)) - raft.server.log.use.memory = false (default)
2019-09-19 09:01:01,129 [pool-146-thread-1] INFO  server.RaftServerConfigKeys (ConfUtils.java:logGet(43)) - raft.server.log.purge.gap = 1000000 (custom)
2019-09-19 09:01:01,129 [pool-146-thread-1] INFO  server.RaftServerConfigKeys (ConfUtils.java:logGet(43)) - raft.server.log.appender.buffer.byte-limit = 33554432 (custom)
2019-09-19 09:01:01,129 [pool-146-thread-1] INFO  server.RaftServerConfigKeys (ConfUtils.java:logGet(43)) - raft.server.log.segment.size.max = 1048576 (custom)
2019-09-19 09:01:01,129 [pool-146-thread-1] INFO  server.RaftServerConfigKeys (ConfUtils.java:logGet(43)) - raft.server.log.segment.cache.num.max = 2 (custom)
2019-09-19 09:01:01,129 [pool-146-thread-1] INFO  segmented.SegmentedRaftLogWorker (SegmentedRaftLogWorker.java:<init>(172)) - new 2c2b1180-bd06-4560-b4fa-2079d6381cde-SegmentedRaftLogWorker:Storage Directory /workdir/hadoop-ozone/integration-test/target/test-dir/MiniOzoneClusterImpl-d1f5ba66-8c72-4ad4-ac90-f92cf1c4e2b2/datanode-2/data/ratis/aa5fa3a9-6a82-402d-915a-62b27dbfc781 for RaftStorage:Storage Directory /workdir/hadoop-ozone/integration-test/target/test-dir/MiniOzoneClusterImpl-d1f5ba66-8c72-4ad4-ac90-f92cf1c4e2b2/datanode-2/data/ratis/aa5fa3a9-6a82-402d-915a-62b27dbfc781
2019-09-19 09:01:01,129 [pool-146-thread-1] INFO  server.RaftServerConfigKeys (ConfUtils.java:logGet(43)) - raft.server.log.queue.byte-limit = 2147483647 (custom)
2019-09-19 09:01:01,129 [pool-146-thread-1] INFO  server.RaftServerConfigKeys (ConfUtils.java:logGet(43)) - raft.server.log.queue.element-limit = 1024 (custom)
2019-09-19 09:01:01,130 [pool-146-thread-1] INFO  server.RaftServerConfigKeys (ConfUtils.java:logGet(43)) - raft.server.log.segment.size.max = 1048576 (custom)
2019-09-19 09:01:01,130 [pool-146-thread-1] INFO  server.RaftServerConfigKeys (ConfUtils.java:logGet(43)) - raft.server.log.preallocated.size = 16384 (custom)
2019-09-19 09:01:01,130 [pool-146-thread-1] INFO  server.RaftServerConfigKeys (ConfUtils.java:logGet(43)) - raft.server.log.write.buffer.size = 33554432 (custom)
2019-09-19 09:01:01,130 [pool-146-thread-1] INFO  server.RaftServerConfigKeys (ConfUtils.java:logGet(43)) - raft.server.log.force.sync.num = 128 (default)
2019-09-19 09:01:01,130 [pool-146-thread-1] INFO  server.RaftServerConfigKeys (ConfUtils.java:logGet(43)) - raft.server.log.statemachine.data.sync = true (default)
2019-09-19 09:01:01,130 [pool-146-thread-1] INFO  server.RaftServerConfigKeys (ConfUtils.java:logGet(43)) - raft.server.log.statemachine.data.sync.timeout = 10s (default)
2019-09-19 09:01:01,130 [pool-146-thread-1] INFO  server.RaftServerConfigKeys (ConfUtils.java:logGet(43)) - raft.server.log.statemachine.data.sync.timeout.retry = -1 (default)
2019-09-19 09:01:01,130 [pool-146-thread-1] INFO  server.RaftServerConfigKeys (ConfUtils.java:logGet(43)) - raft.server.log.statemachine.data.caching.enabled = true (custom)
2019-09-19 09:01:01,130 [pool-146-thread-1] INFO  segmented.SegmentedRaftLogWorker (SegmentedRaftLogWorker.java:lambda$new$0(132)) - 2c2b1180-bd06-4560-b4fa-2079d6381cde-SegmentedRaftLogWorker:Storage Directory /workdir/hadoop-ozone/integration-test/target/test-dir/MiniOzoneClusterImpl-d1f5ba66-8c72-4ad4-ac90-f92cf1c4e2b2/datanode-2/data/ratis/aa5fa3a9-6a82-402d-915a-62b27dbfc781: flushIndex: setUnconditionally 0 -> -1
2019-09-19 09:01:01,131 [pool-146-thread-1] INFO  server.RaftServerConfigKeys (ConfUtils.java:logGet(43)) - raft.server.snapshot.auto.trigger.enabled = true (custom)
2019-09-19 09:01:01,131 [pool-146-thread-1] INFO  server.RaftServerConfigKeys (ConfUtils.java:logGet(43)) - raft.server.snapshot.auto.trigger.threshold = 10000 (custom)
2019-09-19 09:01:01,131 [pool-146-thread-1] INFO  server.RaftServerConfigKeys (ConfUtils.java:logGet(43)) - raft.server.retrycache.expirytime = 600000ms (custom)
2019-09-19 09:01:01,131 [pool-146-thread-1] INFO  impl.RaftServerImpl (RaftServerImpl.java:start(180)) - 2c2b1180-bd06-4560-b4fa-2079d6381cde: start group-62B27DBFC781
2019-09-19 09:01:01,131 [pool-146-thread-1] INFO  impl.RaftServerImpl (RaftServerImpl.java:setRole(171)) - 2c2b1180-bd06-4560-b4fa-2079d6381cde:group-62B27DBFC781 changes role from null to FOLLOWER at term 0 for startAsFollower
2019-09-19 09:01:01,131 [pool-146-thread-1] INFO  impl.RoleInfo (RoleInfo.java:updateAndGet(143)) - 2c2b1180-bd06-4560-b4fa-2079d6381cde: start FollowerState
2019-09-19 09:01:01,132 [pool-146-thread-1] INFO  util.JmxRegister (JmxRegister.java:tryRegister(44)) - Successfully registered JMX Bean with object name Ratis:service=RaftServer,group=group-62B27DBFC781,id=2c2b1180-bd06-4560-b4fa-2079d6381cde
2019-09-19 09:01:01,135 [RatisPipelineUtilsThread] INFO  pipeline.PipelineStateManager (PipelineStateManager.java:addPipeline(56)) - Created pipeline Pipeline[ Id: aa5fa3a9-6a82-402d-915a-62b27dbfc781, Nodes: 2c2b1180-bd06-4560-b4fa-2079d6381cde{ip: 192.168.34.5, host: pr-hdds-1569-j4bt4-3030777008, networkLocation: /default-rack, certSerialId: null}, Type:RATIS, Factor:ONE, State:OPEN]
2019-09-19 09:01:01,135 [RatisPipelineUtilsThread] ERROR pipeline.PipelinePlacementPolicy (PipelinePlacementPolicy.java:meetCriteria(91)) - Pipeline Placement: Doesn't meet the criteria to be viable node. Heaviness: 6
2019-09-19 09:01:01,135 [RatisPipelineUtilsThread] ERROR pipeline.PipelinePlacementPolicy (PipelinePlacementPolicy.java:meetCriteria(91)) - Pipeline Placement: Doesn't meet the criteria to be viable node. Heaviness: 6
2019-09-19 09:01:01,140 [grpc-default-executor-0] INFO  impl.RaftServerProxy (RaftServerProxy.java:addNew(89)) - 2c2b1180-bd06-4560-b4fa-2079d6381cde: addNew group-45E79BA6A987:[2c2b1180-bd06-4560-b4fa-2079d6381cde:192.168.34.5:43364] returns group-45E79BA6A987:java.util.concurrent.CompletableFuture@52852889[Not completed]
2019-09-19 09:01:01,141 [pool-146-thread-1] INFO  impl.RaftServerImpl (RaftServerImpl.java:<init>(93)) - 2c2b1180-bd06-4560-b4fa-2079d6381cde: new RaftServerImpl for group-45E79BA6A987:[2c2b1180-bd06-4560-b4fa-2079d6381cde:192.168.34.5:43364] with ContainerStateMachine:uninitialized
2019-09-19 09:01:01,142 [pool-146-thread-1] INFO  server.RaftServerConfigKeys (ConfUtils.java:logGet(43)) - raft.server.rpc.timeout.min = 5s (custom)
2019-09-19 09:01:01,142 [pool-146-thread-1] INFO  server.RaftServerConfigKeys (ConfUtils.java:logGet(43)) - raft.server.rpc.timeout.max = 5200ms (custom)
2019-09-19 09:01:01,142 [pool-146-thread-1] INFO  server.RaftServerConfigKeys (ConfUtils.java:logGet(43)) - raft.server.rpcslowness.timeout = 120s (custom)
2019-09-19 09:01:01,142 [pool-146-thread-1] INFO  server.RaftServerConfigKeys (ConfUtils.java:logGet(43)) - raft.server.sleep.deviation.threshold = 300 (default)
2019-09-19 09:01:01,142 [pool-146-thread-1] INFO  server.RaftServerConfigKeys (ConfUtils.java:logGet(43)) - raft.server.log.appender.install.snapshot.enabled = false (custom)
2019-09-19 09:01:01,142 [pool-146-thread-1] INFO  impl.RaftServerImpl (ServerState.java:<init>(105)) - 2c2b1180-bd06-4560-b4fa-2079d6381cde:group-45E79BA6A987 ConfigurationManager, init=-1: [2c2b1180-bd06-4560-b4fa-2079d6381cde:192.168.34.5:43364], old=null, confs=<EMPTY_MAP>
2019-09-19 09:01:01,143 [pool-146-thread-1] INFO  server.RaftServerConfigKeys (ConfUtils.java:logGet(43)) - raft.server.storage.dir = [/workdir/hadoop-ozone/integration-test/target/test-dir/MiniOzoneClusterImpl-d1f5ba66-8c72-4ad4-ac90-f92cf1c4e2b2/datanode-2/data/ratis] (custom)
2019-09-19 09:01:01,143 [pool-146-thread-1] INFO  storage.RaftStorageDirectory (RaftStorageDirectory.java:analyzeStorage(246)) - The storage directory /workdir/hadoop-ozone/integration-test/target/test-dir/MiniOzoneClusterImpl-d1f5ba66-8c72-4ad4-ac90-f92cf1c4e2b2/datanode-2/data/ratis/ade689fb-3c31-47e7-b221-45e79ba6a987 does not exist. Creating ...
2019-09-19 09:01:01,150 [pool-146-thread-1] INFO  storage.RaftStorageDirectory (RaftStorageDirectory.java:tryLock(328)) - Lock on /workdir/hadoop-ozone/integration-test/target/test-dir/MiniOzoneClusterImpl-d1f5ba66-8c72-4ad4-ac90-f92cf1c4e2b2/datanode-2/data/ratis/ade689fb-3c31-47e7-b221-45e79ba6a987/in_use.lock acquired by nodename 12225@pr-hdds-1569-j4bt4-3030777008
2019-09-19 09:01:01,159 [pool-146-thread-1] INFO  storage.RaftStorage (RaftStorage.java:format(72)) - Storage directory /workdir/hadoop-ozone/integration-test/target/test-dir/MiniOzoneClusterImpl-d1f5ba66-8c72-4ad4-ac90-f92cf1c4e2b2/datanode-2/data/ratis/ade689fb-3c31-47e7-b221-45e79ba6a987 has been successfully formatted.
2019-09-19 09:01:01,159 [pool-146-thread-1] INFO  ratis.ContainerStateMachine (ContainerStateMachine.java:loadSnapshot(226)) - group-45E79BA6A987: The snapshot info is null. Setting the last applied indexto:(t:0, i:~)
2019-09-19 09:01:01,159 [pool-146-thread-1] INFO  server.RaftServerConfigKeys (ConfUtils.java:logGet(43)) - raft.server.leader.election.timeout = 120s (custom)
2019-09-19 09:01:01,159 [pool-146-thread-1] INFO  server.RaftServerConfigKeys (ConfUtils.java:logGet(43)) - raft.server.log.use.memory = false (default)
2019-09-19 09:01:01,160 [pool-146-thread-1] INFO  server.RaftServerConfigKeys (ConfUtils.java:logGet(43)) - raft.server.log.purge.gap = 1000000 (custom)
2019-09-19 09:01:01,160 [pool-146-thread-1] INFO  server.RaftServerConfigKeys (ConfUtils.java:logGet(43)) - raft.server.log.appender.buffer.byte-limit = 33554432 (custom)
2019-09-19 09:01:01,160 [pool-146-thread-1] INFO  server.RaftServerConfigKeys (ConfUtils.java:logGet(43)) - raft.server.log.segment.size.max = 1048576 (custom)
2019-09-19 09:01:01,160 [pool-146-thread-1] INFO  server.RaftServerConfigKeys (ConfUtils.java:logGet(43)) - raft.server.log.segment.cache.num.max = 2 (custom)
2019-09-19 09:01:01,160 [pool-146-thread-1] INFO  segmented.SegmentedRaftLogWorker (SegmentedRaftLogWorker.java:<init>(172)) - new 2c2b1180-bd06-4560-b4fa-2079d6381cde-SegmentedRaftLogWorker:Storage Directory /workdir/hadoop-ozone/integration-test/target/test-dir/MiniOzoneClusterImpl-d1f5ba66-8c72-4ad4-ac90-f92cf1c4e2b2/datanode-2/data/ratis/ade689fb-3c31-47e7-b221-45e79ba6a987 for RaftStorage:Storage Directory /workdir/hadoop-ozone/integration-test/target/test-dir/MiniOzoneClusterImpl-d1f5ba66-8c72-4ad4-ac90-f92cf1c4e2b2/datanode-2/data/ratis/ade689fb-3c31-47e7-b221-45e79ba6a987
2019-09-19 09:01:01,160 [pool-146-thread-1] INFO  server.RaftServerConfigKeys (ConfUtils.java:logGet(43)) - raft.server.log.queue.byte-limit = 2147483647 (custom)
2019-09-19 09:01:01,161 [pool-146-thread-1] INFO  server.RaftServerConfigKeys (ConfUtils.java:logGet(43)) - raft.server.log.queue.element-limit = 1024 (custom)
2019-09-19 09:01:01,161 [pool-146-thread-1] INFO  server.RaftServerConfigKeys (ConfUtils.java:logGet(43)) - raft.server.log.segment.size.max = 1048576 (custom)
2019-09-19 09:01:01,161 [pool-146-thread-1] INFO  server.RaftServerConfigKeys (ConfUtils.java:logGet(43)) - raft.server.log.preallocated.size = 16384 (custom)
2019-09-19 09:01:01,161 [pool-146-thread-1] INFO  server.RaftServerConfigKeys (ConfUtils.java:logGet(43)) - raft.server.log.write.buffer.size = 33554432 (custom)
2019-09-19 09:01:01,161 [pool-146-thread-1] INFO  server.RaftServerConfigKeys (ConfUtils.java:logGet(43)) - raft.server.log.force.sync.num = 128 (default)
2019-09-19 09:01:01,161 [pool-146-thread-1] INFO  server.RaftServerConfigKeys (ConfUtils.java:logGet(43)) - raft.server.log.statemachine.data.sync = true (default)
2019-09-19 09:01:01,161 [pool-146-thread-1] INFO  server.RaftServerConfigKeys (ConfUtils.java:logGet(43)) - raft.server.log.statemachine.data.sync.timeout = 10s (default)
2019-09-19 09:01:01,162 [pool-146-thread-1] INFO  server.RaftServerConfigKeys (ConfUtils.java:logGet(43)) - raft.server.log.statemachine.data.sync.timeout.retry = -1 (default)
2019-09-19 09:01:01,162 [pool-146-thread-1] INFO  server.RaftServerConfigKeys (ConfUtils.java:logGet(43)) - raft.server.log.statemachine.data.caching.enabled = true (custom)
2019-09-19 09:01:01,162 [pool-146-thread-1] INFO  segmented.SegmentedRaftLogWorker (SegmentedRaftLogWorker.java:lambda$new$0(132)) - 2c2b1180-bd06-4560-b4fa-2079d6381cde-SegmentedRaftLogWorker:Storage Directory /workdir/hadoop-ozone/integration-test/target/test-dir/MiniOzoneClusterImpl-d1f5ba66-8c72-4ad4-ac90-f92cf1c4e2b2/datanode-2/data/ratis/ade689fb-3c31-47e7-b221-45e79ba6a987: flushIndex: setUnconditionally 0 -> -1
2019-09-19 09:01:01,162 [pool-146-thread-1] INFO  server.RaftServerConfigKeys (ConfUtils.java:logGet(43)) - raft.server.snapshot.auto.trigger.enabled = true (custom)
2019-09-19 09:01:01,162 [pool-146-thread-1] INFO  server.RaftServerConfigKeys (ConfUtils.java:logGet(43)) - raft.server.snapshot.auto.trigger.threshold = 10000 (custom)
2019-09-19 09:01:01,163 [pool-146-thread-1] INFO  server.RaftServerConfigKeys (ConfUtils.java:logGet(43)) - raft.server.retrycache.expirytime = 600000ms (custom)
2019-09-19 09:01:01,163 [pool-146-thread-1] INFO  impl.RaftServerImpl (RaftServerImpl.java:start(180)) - 2c2b1180-bd06-4560-b4fa-2079d6381cde: start group-45E79BA6A987
2019-09-19 09:01:01,163 [pool-146-thread-1] INFO  impl.RaftServerImpl (RaftServerImpl.java:setRole(171)) - 2c2b1180-bd06-4560-b4fa-2079d6381cde:group-45E79BA6A987 changes role from null to FOLLOWER at term 0 for startAsFollower
2019-09-19 09:01:01,163 [pool-146-thread-1] INFO  impl.RoleInfo (RoleInfo.java:updateAndGet(143)) - 2c2b1180-bd06-4560-b4fa-2079d6381cde: start FollowerState
2019-09-19 09:01:01,164 [pool-146-thread-1] INFO  util.JmxRegister (JmxRegister.java:tryRegister(44)) - Successfully registered JMX Bean with object name Ratis:service=RaftServer,group=group-45E79BA6A987,id=2c2b1180-bd06-4560-b4fa-2079d6381cde
2019-09-19 09:01:01,167 [RatisPipelineUtilsThread] INFO  pipeline.PipelineStateManager (PipelineStateManager.java:addPipeline(56)) - Created pipeline Pipeline[ Id: ade689fb-3c31-47e7-b221-45e79ba6a987, Nodes: 2c2b1180-bd06-4560-b4fa-2079d6381cde{ip: 192.168.34.5, host: pr-hdds-1569-j4bt4-3030777008, networkLocation: /default-rack, certSerialId: null}, Type:RATIS, Factor:ONE, State:OPEN]
2019-09-19 09:01:01,167 [RatisPipelineUtilsThread] ERROR pipeline.PipelinePlacementPolicy (PipelinePlacementPolicy.java:meetCriteria(91)) - Pipeline Placement: Doesn't meet the criteria to be viable node. Heaviness: 6
2019-09-19 09:01:01,167 [RatisPipelineUtilsThread] ERROR pipeline.PipelinePlacementPolicy (PipelinePlacementPolicy.java:meetCriteria(91)) - Pipeline Placement: Doesn't meet the criteria to be viable node. Heaviness: 6
2019-09-19 09:01:01,176 [grpc-default-executor-0] INFO  impl.RaftServerProxy (RaftServerProxy.java:addNew(89)) - 07108c51-6362-4208-ba6a-2f09d4071d3e: addNew group-F3D344813081:[07108c51-6362-4208-ba6a-2f09d4071d3e:192.168.34.5:42339] returns group-F3D344813081:java.util.concurrent.CompletableFuture@1403e977[Not completed]
2019-09-19 09:01:01,182 [pool-157-thread-1] INFO  impl.RaftServerImpl (RaftServerImpl.java:<init>(93)) - 07108c51-6362-4208-ba6a-2f09d4071d3e: new RaftServerImpl for group-F3D344813081:[07108c51-6362-4208-ba6a-2f09d4071d3e:192.168.34.5:42339] with ContainerStateMachine:uninitialized
2019-09-19 09:01:01,182 [pool-157-thread-1] INFO  server.RaftServerConfigKeys (ConfUtils.java:logGet(43)) - raft.server.rpc.timeout.min = 5s (custom)
2019-09-19 09:01:01,183 [pool-157-thread-1] INFO  server.RaftServerConfigKeys (ConfUtils.java:logGet(43)) - raft.server.rpc.timeout.max = 5200ms (custom)
2019-09-19 09:01:01,183 [pool-157-thread-1] INFO  server.RaftServerConfigKeys (ConfUtils.java:logGet(43)) - raft.server.rpcslowness.timeout = 120s (custom)
2019-09-19 09:01:01,183 [pool-157-thread-1] INFO  server.RaftServerConfigKeys (ConfUtils.java:logGet(43)) - raft.server.sleep.deviation.threshold = 300 (default)
2019-09-19 09:01:01,183 [pool-157-thread-1] INFO  server.RaftServerConfigKeys (ConfUtils.java:logGet(43)) - raft.server.log.appender.install.snapshot.enabled = false (custom)
2019-09-19 09:01:01,183 [pool-157-thread-1] INFO  impl.RaftServerImpl (ServerState.java:<init>(105)) - 07108c51-6362-4208-ba6a-2f09d4071d3e:group-F3D344813081 ConfigurationManager, init=-1: [07108c51-6362-4208-ba6a-2f09d4071d3e:192.168.34.5:42339], old=null, confs=<EMPTY_MAP>
2019-09-19 09:01:01,183 [pool-157-thread-1] INFO  server.RaftServerConfigKeys (ConfUtils.java:logGet(43)) - raft.server.storage.dir = [/workdir/hadoop-ozone/integration-test/target/test-dir/MiniOzoneClusterImpl-d1f5ba66-8c72-4ad4-ac90-f92cf1c4e2b2/datanode-3/data/ratis] (custom)
2019-09-19 09:01:01,184 [pool-157-thread-1] INFO  storage.RaftStorageDirectory (RaftStorageDirectory.java:analyzeStorage(246)) - The storage directory /workdir/hadoop-ozone/integration-test/target/test-dir/MiniOzoneClusterImpl-d1f5ba66-8c72-4ad4-ac90-f92cf1c4e2b2/datanode-3/data/ratis/1bd809d7-ee28-4f9f-af06-f3d344813081 does not exist. Creating ...
2019-09-19 09:01:01,237 [pool-157-thread-1] INFO  storage.RaftStorageDirectory (RaftStorageDirectory.java:tryLock(328)) - Lock on /workdir/hadoop-ozone/integration-test/target/test-dir/MiniOzoneClusterImpl-d1f5ba66-8c72-4ad4-ac90-f92cf1c4e2b2/datanode-3/data/ratis/1bd809d7-ee28-4f9f-af06-f3d344813081/in_use.lock acquired by nodename 12225@pr-hdds-1569-j4bt4-3030777008
2019-09-19 09:01:01,240 [IPC Server handler 2 on 41086] INFO  net.NetworkTopology (NetworkTopologyImpl.java:add(110)) - Added a new node: /default-rack/d6702a85-6b54-4735-8444-02a36c5ec6eb
2019-09-19 09:01:01,240 [IPC Server handler 2 on 41086] INFO  node.SCMNodeManager (SCMNodeManager.java:register(273)) - Registered Data node : d6702a85-6b54-4735-8444-02a36c5ec6eb{ip: 192.168.34.5, host: pr-hdds-1569-j4bt4-3030777008, networkLocation: /default-rack, certSerialId: null}
2019-09-19 09:01:01,241 | INFO  | SCMAudit | user=jenkins1000 | ip=192.168.34.5 | op=REGISTER {datanodeDetails=d6702a85-6b54-4735-8444-02a36c5ec6eb{ip: 192.168.34.5, host: pr-hdds-1569-j4bt4-3030777008, networkLocation: /default-rack, certSerialId: null}} | ret=SUCCESS |  
2019-09-19 09:01:01,256 [pool-157-thread-1] INFO  storage.RaftStorage (RaftStorage.java:format(72)) - Storage directory /workdir/hadoop-ozone/integration-test/target/test-dir/MiniOzoneClusterImpl-d1f5ba66-8c72-4ad4-ac90-f92cf1c4e2b2/datanode-3/data/ratis/1bd809d7-ee28-4f9f-af06-f3d344813081 has been successfully formatted.
2019-09-19 09:01:01,256 [pool-157-thread-1] INFO  ratis.ContainerStateMachine (ContainerStateMachine.java:loadSnapshot(226)) - group-F3D344813081: The snapshot info is null. Setting the last applied indexto:(t:0, i:~)
2019-09-19 09:01:01,257 [pool-157-thread-1] INFO  server.RaftServerConfigKeys (ConfUtils.java:logGet(43)) - raft.server.leader.election.timeout = 120s (custom)
2019-09-19 09:01:01,257 [pool-157-thread-1] INFO  server.RaftServerConfigKeys (ConfUtils.java:logGet(43)) - raft.server.log.use.memory = false (default)
2019-09-19 09:01:01,257 [pool-157-thread-1] INFO  server.RaftServerConfigKeys (ConfUtils.java:logGet(43)) - raft.server.log.purge.gap = 1000000 (custom)
2019-09-19 09:01:01,257 [pool-157-thread-1] INFO  server.RaftServerConfigKeys (ConfUtils.java:logGet(43)) - raft.server.log.appender.buffer.byte-limit = 33554432 (custom)
2019-09-19 09:01:01,257 [pool-157-thread-1] INFO  server.RaftServerConfigKeys (ConfUtils.java:logGet(43)) - raft.server.log.segment.size.max = 1048576 (custom)
2019-09-19 09:01:01,257 [pool-157-thread-1] INFO  server.RaftServerConfigKeys (ConfUtils.java:logGet(43)) - raft.server.log.segment.cache.num.max = 2 (custom)
2019-09-19 09:01:01,258 [pool-157-thread-1] INFO  segmented.SegmentedRaftLogWorker (SegmentedRaftLogWorker.java:<init>(172)) - new 07108c51-6362-4208-ba6a-2f09d4071d3e-SegmentedRaftLogWorker:Storage Directory /workdir/hadoop-ozone/integration-test/target/test-dir/MiniOzoneClusterImpl-d1f5ba66-8c72-4ad4-ac90-f92cf1c4e2b2/datanode-3/data/ratis/1bd809d7-ee28-4f9f-af06-f3d344813081 for RaftStorage:Storage Directory /workdir/hadoop-ozone/integration-test/target/test-dir/MiniOzoneClusterImpl-d1f5ba66-8c72-4ad4-ac90-f92cf1c4e2b2/datanode-3/data/ratis/1bd809d7-ee28-4f9f-af06-f3d344813081
2019-09-19 09:01:01,258 [pool-157-thread-1] INFO  server.RaftServerConfigKeys (ConfUtils.java:logGet(43)) - raft.server.log.queue.byte-limit = 2147483647 (custom)
2019-09-19 09:01:01,258 [pool-157-thread-1] INFO  server.RaftServerConfigKeys (ConfUtils.java:logGet(43)) - raft.server.log.queue.element-limit = 1024 (custom)
2019-09-19 09:01:01,258 [pool-157-thread-1] INFO  server.RaftServerConfigKeys (ConfUtils.java:logGet(43)) - raft.server.log.segment.size.max = 1048576 (custom)
2019-09-19 09:01:01,258 [pool-157-thread-1] INFO  server.RaftServerConfigKeys (ConfUtils.java:logGet(43)) - raft.server.log.preallocated.size = 16384 (custom)
2019-09-19 09:01:01,258 [pool-157-thread-1] INFO  server.RaftServerConfigKeys (ConfUtils.java:logGet(43)) - raft.server.log.write.buffer.size = 33554432 (custom)
2019-09-19 09:01:01,259 [pool-157-thread-1] INFO  server.RaftServerConfigKeys (ConfUtils.java:logGet(43)) - raft.server.log.force.sync.num = 128 (default)
2019-09-19 09:01:01,259 [pool-157-thread-1] INFO  server.RaftServerConfigKeys (ConfUtils.java:logGet(43)) - raft.server.log.statemachine.data.sync = true (default)
2019-09-19 09:01:01,259 [pool-157-thread-1] INFO  server.RaftServerConfigKeys (ConfUtils.java:logGet(43)) - raft.server.log.statemachine.data.sync.timeout = 10s (default)
2019-09-19 09:01:01,259 [pool-157-thread-1] INFO  server.RaftServerConfigKeys (ConfUtils.java:logGet(43)) - raft.server.log.statemachine.data.sync.timeout.retry = -1 (default)
2019-09-19 09:01:01,259 [pool-157-thread-1] INFO  server.RaftServerConfigKeys (ConfUtils.java:logGet(43)) - raft.server.log.statemachine.data.caching.enabled = true (custom)
2019-09-19 09:01:01,260 [pool-157-thread-1] INFO  segmented.SegmentedRaftLogWorker (SegmentedRaftLogWorker.java:lambda$new$0(132)) - 07108c51-6362-4208-ba6a-2f09d4071d3e-SegmentedRaftLogWorker:Storage Directory /workdir/hadoop-ozone/integration-test/target/test-dir/MiniOzoneClusterImpl-d1f5ba66-8c72-4ad4-ac90-f92cf1c4e2b2/datanode-3/data/ratis/1bd809d7-ee28-4f9f-af06-f3d344813081: flushIndex: setUnconditionally 0 -> -1
2019-09-19 09:01:01,260 [pool-157-thread-1] INFO  server.RaftServerConfigKeys (ConfUtils.java:logGet(43)) - raft.server.snapshot.auto.trigger.enabled = true (custom)
2019-09-19 09:01:01,260 [pool-157-thread-1] INFO  server.RaftServerConfigKeys (ConfUtils.java:logGet(43)) - raft.server.snapshot.auto.trigger.threshold = 10000 (custom)
2019-09-19 09:01:01,260 [pool-157-thread-1] INFO  server.RaftServerConfigKeys (ConfUtils.java:logGet(43)) - raft.server.retrycache.expirytime = 600000ms (custom)
2019-09-19 09:01:01,261 [pool-157-thread-1] INFO  impl.RaftServerImpl (RaftServerImpl.java:start(180)) - 07108c51-6362-4208-ba6a-2f09d4071d3e: start group-F3D344813081
2019-09-19 09:01:01,261 [pool-157-thread-1] INFO  impl.RaftServerImpl (RaftServerImpl.java:setRole(171)) - 07108c51-6362-4208-ba6a-2f09d4071d3e:group-F3D344813081 changes role from null to FOLLOWER at term 0 for startAsFollower
2019-09-19 09:01:01,261 [pool-157-thread-1] INFO  impl.RoleInfo (RoleInfo.java:updateAndGet(143)) - 07108c51-6362-4208-ba6a-2f09d4071d3e: start FollowerState
2019-09-19 09:01:01,261 [pool-157-thread-1] INFO  util.JmxRegister (JmxRegister.java:tryRegister(44)) - Successfully registered JMX Bean with object name Ratis:service=RaftServer,group=group-F3D344813081,id=07108c51-6362-4208-ba6a-2f09d4071d3e
2019-09-19 09:01:01,266 [RatisPipelineUtilsThread] INFO  pipeline.PipelineStateManager (PipelineStateManager.java:addPipeline(56)) - Created pipeline Pipeline[ Id: 1bd809d7-ee28-4f9f-af06-f3d344813081, Nodes: 07108c51-6362-4208-ba6a-2f09d4071d3e{ip: 192.168.34.5, host: pr-hdds-1569-j4bt4-3030777008, networkLocation: /default-rack, certSerialId: null}, Type:RATIS, Factor:ONE, State:OPEN]
2019-09-19 09:01:01,266 [RatisPipelineUtilsThread] ERROR pipeline.PipelinePlacementPolicy (PipelinePlacementPolicy.java:meetCriteria(91)) - Pipeline Placement: Doesn't meet the criteria to be viable node. Heaviness: 6
2019-09-19 09:01:01,266 [RatisPipelineUtilsThread] ERROR pipeline.PipelinePlacementPolicy (PipelinePlacementPolicy.java:meetCriteria(91)) - Pipeline Placement: Doesn't meet the criteria to be viable node. Heaviness: 6
2019-09-19 09:01:01,275 [grpc-default-executor-0] INFO  impl.RaftServerProxy (RaftServerProxy.java:addNew(89)) - d6702a85-6b54-4735-8444-02a36c5ec6eb: addNew group-B3056BF5A52E:[d6702a85-6b54-4735-8444-02a36c5ec6eb:192.168.34.5:38063] returns group-B3056BF5A52E:java.util.concurrent.CompletableFuture@70576e1a[Not completed]
2019-09-19 09:01:01,282 [pool-168-thread-1] INFO  impl.RaftServerImpl (RaftServerImpl.java:<init>(93)) - d6702a85-6b54-4735-8444-02a36c5ec6eb: new RaftServerImpl for group-B3056BF5A52E:[d6702a85-6b54-4735-8444-02a36c5ec6eb:192.168.34.5:38063] with ContainerStateMachine:uninitialized
2019-09-19 09:01:01,282 [pool-168-thread-1] INFO  server.RaftServerConfigKeys (ConfUtils.java:logGet(43)) - raft.server.rpc.timeout.min = 5s (custom)
2019-09-19 09:01:01,282 [pool-168-thread-1] INFO  server.RaftServerConfigKeys (ConfUtils.java:logGet(43)) - raft.server.rpc.timeout.max = 5200ms (custom)
2019-09-19 09:01:01,282 [pool-168-thread-1] INFO  server.RaftServerConfigKeys (ConfUtils.java:logGet(43)) - raft.server.rpcslowness.timeout = 120s (custom)
2019-09-19 09:01:01,283 [pool-168-thread-1] INFO  server.RaftServerConfigKeys (ConfUtils.java:logGet(43)) - raft.server.sleep.deviation.threshold = 300 (default)
2019-09-19 09:01:01,283 [pool-168-thread-1] INFO  server.RaftServerConfigKeys (ConfUtils.java:logGet(43)) - raft.server.log.appender.install.snapshot.enabled = false (custom)
2019-09-19 09:01:01,283 [pool-168-thread-1] INFO  impl.RaftServerImpl (ServerState.java:<init>(105)) - d6702a85-6b54-4735-8444-02a36c5ec6eb:group-B3056BF5A52E ConfigurationManager, init=-1: [d6702a85-6b54-4735-8444-02a36c5ec6eb:192.168.34.5:38063], old=null, confs=<EMPTY_MAP>
2019-09-19 09:01:01,283 [pool-168-thread-1] INFO  server.RaftServerConfigKeys (ConfUtils.java:logGet(43)) - raft.server.storage.dir = [/workdir/hadoop-ozone/integration-test/target/test-dir/MiniOzoneClusterImpl-d1f5ba66-8c72-4ad4-ac90-f92cf1c4e2b2/datanode-4/data/ratis] (custom)
2019-09-19 09:01:01,283 [pool-168-thread-1] INFO  storage.RaftStorageDirectory (RaftStorageDirectory.java:analyzeStorage(246)) - The storage directory /workdir/hadoop-ozone/integration-test/target/test-dir/MiniOzoneClusterImpl-d1f5ba66-8c72-4ad4-ac90-f92cf1c4e2b2/datanode-4/data/ratis/df513ced-c3de-4e4d-8e17-b3056bf5a52e does not exist. Creating ...
2019-09-19 09:01:01,287 [pool-168-thread-1] INFO  storage.RaftStorageDirectory (RaftStorageDirectory.java:tryLock(328)) - Lock on /workdir/hadoop-ozone/integration-test/target/test-dir/MiniOzoneClusterImpl-d1f5ba66-8c72-4ad4-ac90-f92cf1c4e2b2/datanode-4/data/ratis/df513ced-c3de-4e4d-8e17-b3056bf5a52e/in_use.lock acquired by nodename 12225@pr-hdds-1569-j4bt4-3030777008
2019-09-19 09:01:01,319 [pool-168-thread-1] INFO  storage.RaftStorage (RaftStorage.java:format(72)) - Storage directory /workdir/hadoop-ozone/integration-test/target/test-dir/MiniOzoneClusterImpl-d1f5ba66-8c72-4ad4-ac90-f92cf1c4e2b2/datanode-4/data/ratis/df513ced-c3de-4e4d-8e17-b3056bf5a52e has been successfully formatted.
2019-09-19 09:01:01,320 [pool-168-thread-1] INFO  ratis.ContainerStateMachine (ContainerStateMachine.java:loadSnapshot(226)) - group-B3056BF5A52E: The snapshot info is null. Setting the last applied indexto:(t:0, i:~)
2019-09-19 09:01:01,320 [pool-168-thread-1] INFO  server.RaftServerConfigKeys (ConfUtils.java:logGet(43)) - raft.server.leader.election.timeout = 120s (custom)
2019-09-19 09:01:01,320 [pool-168-thread-1] INFO  server.RaftServerConfigKeys (ConfUtils.java:logGet(43)) - raft.server.log.use.memory = false (default)
2019-09-19 09:01:01,320 [pool-168-thread-1] INFO  server.RaftServerConfigKeys (ConfUtils.java:logGet(43)) - raft.server.log.purge.gap = 1000000 (custom)
2019-09-19 09:01:01,320 [pool-168-thread-1] INFO  server.RaftServerConfigKeys (ConfUtils.java:logGet(43)) - raft.server.log.appender.buffer.byte-limit = 33554432 (custom)
2019-09-19 09:01:01,321 [pool-168-thread-1] INFO  server.RaftServerConfigKeys (ConfUtils.java:logGet(43)) - raft.server.log.segment.size.max = 1048576 (custom)
2019-09-19 09:01:01,321 [pool-168-thread-1] INFO  server.RaftServerConfigKeys (ConfUtils.java:logGet(43)) - raft.server.log.segment.cache.num.max = 2 (custom)
2019-09-19 09:01:01,321 [pool-168-thread-1] INFO  segmented.SegmentedRaftLogWorker (SegmentedRaftLogWorker.java:<init>(172)) - new d6702a85-6b54-4735-8444-02a36c5ec6eb-SegmentedRaftLogWorker:Storage Directory /workdir/hadoop-ozone/integration-test/target/test-dir/MiniOzoneClusterImpl-d1f5ba66-8c72-4ad4-ac90-f92cf1c4e2b2/datanode-4/data/ratis/df513ced-c3de-4e4d-8e17-b3056bf5a52e for RaftStorage:Storage Directory /workdir/hadoop-ozone/integration-test/target/test-dir/MiniOzoneClusterImpl-d1f5ba66-8c72-4ad4-ac90-f92cf1c4e2b2/datanode-4/data/ratis/df513ced-c3de-4e4d-8e17-b3056bf5a52e
2019-09-19 09:01:01,321 [pool-168-thread-1] INFO  server.RaftServerConfigKeys (ConfUtils.java:logGet(43)) - raft.server.log.queue.byte-limit = 2147483647 (custom)
2019-09-19 09:01:01,321 [pool-168-thread-1] INFO  server.RaftServerConfigKeys (ConfUtils.java:logGet(43)) - raft.server.log.queue.element-limit = 1024 (custom)
2019-09-19 09:01:01,321 [pool-168-thread-1] INFO  server.RaftServerConfigKeys (ConfUtils.java:logGet(43)) - raft.server.log.segment.size.max = 1048576 (custom)
2019-09-19 09:01:01,322 [pool-168-thread-1] INFO  server.RaftServerConfigKeys (ConfUtils.java:logGet(43)) - raft.server.log.preallocated.size = 16384 (custom)
2019-09-19 09:01:01,322 [pool-168-thread-1] INFO  server.RaftServerConfigKeys (ConfUtils.java:logGet(43)) - raft.server.log.write.buffer.size = 33554432 (custom)
2019-09-19 09:01:01,322 [pool-168-thread-1] INFO  server.RaftServerConfigKeys (ConfUtils.java:logGet(43)) - raft.server.log.force.sync.num = 128 (default)
2019-09-19 09:01:01,322 [pool-168-thread-1] INFO  server.RaftServerConfigKeys (ConfUtils.java:logGet(43)) - raft.server.log.statemachine.data.sync = true (default)
2019-09-19 09:01:01,322 [pool-168-thread-1] INFO  server.RaftServerConfigKeys (ConfUtils.java:logGet(43)) - raft.server.log.statemachine.data.sync.timeout = 10s (default)
2019-09-19 09:01:01,322 [pool-168-thread-1] INFO  server.RaftServerConfigKeys (ConfUtils.java:logGet(43)) - raft.server.log.statemachine.data.sync.timeout.retry = -1 (default)
2019-09-19 09:01:01,322 [pool-168-thread-1] INFO  server.RaftServerConfigKeys (ConfUtils.java:logGet(43)) - raft.server.log.statemachine.data.caching.enabled = true (custom)
2019-09-19 09:01:01,323 [pool-168-thread-1] INFO  segmented.SegmentedRaftLogWorker (SegmentedRaftLogWorker.java:lambda$new$0(132)) - d6702a85-6b54-4735-8444-02a36c5ec6eb-SegmentedRaftLogWorker:Storage Directory /workdir/hadoop-ozone/integration-test/target/test-dir/MiniOzoneClusterImpl-d1f5ba66-8c72-4ad4-ac90-f92cf1c4e2b2/datanode-4/data/ratis/df513ced-c3de-4e4d-8e17-b3056bf5a52e: flushIndex: setUnconditionally 0 -> -1
2019-09-19 09:01:01,323 [pool-168-thread-1] INFO  server.RaftServerConfigKeys (ConfUtils.java:logGet(43)) - raft.server.snapshot.auto.trigger.enabled = true (custom)
2019-09-19 09:01:01,323 [pool-168-thread-1] INFO  server.RaftServerConfigKeys (ConfUtils.java:logGet(43)) - raft.server.snapshot.auto.trigger.threshold = 10000 (custom)
2019-09-19 09:01:01,323 [pool-168-thread-1] INFO  server.RaftServerConfigKeys (ConfUtils.java:logGet(43)) - raft.server.retrycache.expirytime = 600000ms (custom)
2019-09-19 09:01:01,324 [pool-168-thread-1] INFO  impl.RaftServerImpl (RaftServerImpl.java:start(180)) - d6702a85-6b54-4735-8444-02a36c5ec6eb: start group-B3056BF5A52E
2019-09-19 09:01:01,324 [pool-168-thread-1] INFO  impl.RaftServerImpl (RaftServerImpl.java:setRole(171)) - d6702a85-6b54-4735-8444-02a36c5ec6eb:group-B3056BF5A52E changes role from null to FOLLOWER at term 0 for startAsFollower
2019-09-19 09:01:01,324 [pool-168-thread-1] INFO  impl.RoleInfo (RoleInfo.java:updateAndGet(143)) - d6702a85-6b54-4735-8444-02a36c5ec6eb: start FollowerState
2019-09-19 09:01:01,324 [pool-168-thread-1] INFO  util.JmxRegister (JmxRegister.java:tryRegister(44)) - Successfully registered JMX Bean with object name Ratis:service=RaftServer,group=group-B3056BF5A52E,id=d6702a85-6b54-4735-8444-02a36c5ec6eb
2019-09-19 09:01:01,330 [RatisPipelineUtilsThread] INFO  pipeline.PipelineStateManager (PipelineStateManager.java:addPipeline(56)) - Created pipeline Pipeline[ Id: df513ced-c3de-4e4d-8e17-b3056bf5a52e, Nodes: d6702a85-6b54-4735-8444-02a36c5ec6eb{ip: 192.168.34.5, host: pr-hdds-1569-j4bt4-3030777008, networkLocation: /default-rack, certSerialId: null}, Type:RATIS, Factor:ONE, State:OPEN]
2019-09-19 09:01:01,330 [RatisPipelineUtilsThread] ERROR pipeline.PipelinePlacementPolicy (PipelinePlacementPolicy.java:meetCriteria(91)) - Pipeline Placement: Doesn't meet the criteria to be viable node. Heaviness: 6
2019-09-19 09:01:01,330 [RatisPipelineUtilsThread] ERROR pipeline.PipelinePlacementPolicy (PipelinePlacementPolicy.java:meetCriteria(91)) - Pipeline Placement: Doesn't meet the criteria to be viable node. Heaviness: 6
2019-09-19 09:01:01,336 [grpc-default-executor-0] INFO  impl.RaftServerProxy (RaftServerProxy.java:addNew(89)) - 2c2b1180-bd06-4560-b4fa-2079d6381cde: addNew group-28ED3CEE11D2:[2c2b1180-bd06-4560-b4fa-2079d6381cde:192.168.34.5:43364] returns group-28ED3CEE11D2:java.util.concurrent.CompletableFuture@5ed8a5f0[Not completed]
2019-09-19 09:01:01,338 [pool-146-thread-1] INFO  impl.RaftServerImpl (RaftServerImpl.java:<init>(93)) - 2c2b1180-bd06-4560-b4fa-2079d6381cde: new RaftServerImpl for group-28ED3CEE11D2:[2c2b1180-bd06-4560-b4fa-2079d6381cde:192.168.34.5:43364] with ContainerStateMachine:uninitialized
2019-09-19 09:01:01,339 [pool-146-thread-1] INFO  server.RaftServerConfigKeys (ConfUtils.java:logGet(43)) - raft.server.rpc.timeout.min = 5s (custom)
2019-09-19 09:01:01,339 [pool-146-thread-1] INFO  server.RaftServerConfigKeys (ConfUtils.java:logGet(43)) - raft.server.rpc.timeout.max = 5200ms (custom)
2019-09-19 09:01:01,339 [pool-146-thread-1] INFO  server.RaftServerConfigKeys (ConfUtils.java:logGet(43)) - raft.server.rpcslowness.timeout = 120s (custom)
2019-09-19 09:01:01,339 [pool-146-thread-1] INFO  server.RaftServerConfigKeys (ConfUtils.java:logGet(43)) - raft.server.sleep.deviation.threshold = 300 (default)
2019-09-19 09:01:01,339 [pool-146-thread-1] INFO  server.RaftServerConfigKeys (ConfUtils.java:logGet(43)) - raft.server.log.appender.install.snapshot.enabled = false (custom)
2019-09-19 09:01:01,339 [pool-146-thread-1] INFO  impl.RaftServerImpl (ServerState.java:<init>(105)) - 2c2b1180-bd06-4560-b4fa-2079d6381cde:group-28ED3CEE11D2 ConfigurationManager, init=-1: [2c2b1180-bd06-4560-b4fa-2079d6381cde:192.168.34.5:43364], old=null, confs=<EMPTY_MAP>
2019-09-19 09:01:01,340 [pool-146-thread-1] INFO  server.RaftServerConfigKeys (ConfUtils.java:logGet(43)) - raft.server.storage.dir = [/workdir/hadoop-ozone/integration-test/target/test-dir/MiniOzoneClusterImpl-d1f5ba66-8c72-4ad4-ac90-f92cf1c4e2b2/datanode-2/data/ratis] (custom)
2019-09-19 09:01:01,340 [pool-146-thread-1] INFO  storage.RaftStorageDirectory (RaftStorageDirectory.java:analyzeStorage(246)) - The storage directory /workdir/hadoop-ozone/integration-test/target/test-dir/MiniOzoneClusterImpl-d1f5ba66-8c72-4ad4-ac90-f92cf1c4e2b2/datanode-2/data/ratis/63a27e0b-427e-4a20-9d2c-28ed3cee11d2 does not exist. Creating ...
2019-09-19 09:01:01,358 [pool-146-thread-1] INFO  storage.RaftStorageDirectory (RaftStorageDirectory.java:tryLock(328)) - Lock on /workdir/hadoop-ozone/integration-test/target/test-dir/MiniOzoneClusterImpl-d1f5ba66-8c72-4ad4-ac90-f92cf1c4e2b2/datanode-2/data/ratis/63a27e0b-427e-4a20-9d2c-28ed3cee11d2/in_use.lock acquired by nodename 12225@pr-hdds-1569-j4bt4-3030777008
2019-09-19 09:01:01,376 [pool-146-thread-1] INFO  storage.RaftStorage (RaftStorage.java:format(72)) - Storage directory /workdir/hadoop-ozone/integration-test/target/test-dir/MiniOzoneClusterImpl-d1f5ba66-8c72-4ad4-ac90-f92cf1c4e2b2/datanode-2/data/ratis/63a27e0b-427e-4a20-9d2c-28ed3cee11d2 has been successfully formatted.
2019-09-19 09:01:01,376 [pool-146-thread-1] INFO  ratis.ContainerStateMachine (ContainerStateMachine.java:loadSnapshot(226)) - group-28ED3CEE11D2: The snapshot info is null. Setting the last applied indexto:(t:0, i:~)
2019-09-19 09:01:01,376 [pool-146-thread-1] INFO  server.RaftServerConfigKeys (ConfUtils.java:logGet(43)) - raft.server.leader.election.timeout = 120s (custom)
2019-09-19 09:01:01,377 [pool-146-thread-1] INFO  server.RaftServerConfigKeys (ConfUtils.java:logGet(43)) - raft.server.log.use.memory = false (default)
2019-09-19 09:01:01,377 [pool-146-thread-1] INFO  server.RaftServerConfigKeys (ConfUtils.java:logGet(43)) - raft.server.log.purge.gap = 1000000 (custom)
2019-09-19 09:01:01,377 [pool-146-thread-1] INFO  server.RaftServerConfigKeys (ConfUtils.java:logGet(43)) - raft.server.log.appender.buffer.byte-limit = 33554432 (custom)
2019-09-19 09:01:01,377 [pool-146-thread-1] INFO  server.RaftServerConfigKeys (ConfUtils.java:logGet(43)) - raft.server.log.segment.size.max = 1048576 (custom)
2019-09-19 09:01:01,377 [pool-146-thread-1] INFO  server.RaftServerConfigKeys (ConfUtils.java:logGet(43)) - raft.server.log.segment.cache.num.max = 2 (custom)
2019-09-19 09:01:01,377 [pool-146-thread-1] INFO  segmented.SegmentedRaftLogWorker (SegmentedRaftLogWorker.java:<init>(172)) - new 2c2b1180-bd06-4560-b4fa-2079d6381cde-SegmentedRaftLogWorker:Storage Directory /workdir/hadoop-ozone/integration-test/target/test-dir/MiniOzoneClusterImpl-d1f5ba66-8c72-4ad4-ac90-f92cf1c4e2b2/datanode-2/data/ratis/63a27e0b-427e-4a20-9d2c-28ed3cee11d2 for RaftStorage:Storage Directory /workdir/hadoop-ozone/integration-test/target/test-dir/MiniOzoneClusterImpl-d1f5ba66-8c72-4ad4-ac90-f92cf1c4e2b2/datanode-2/data/ratis/63a27e0b-427e-4a20-9d2c-28ed3cee11d2
2019-09-19 09:01:01,377 [pool-146-thread-1] INFO  server.RaftServerConfigKeys (ConfUtils.java:logGet(43)) - raft.server.log.queue.byte-limit = 2147483647 (custom)
2019-09-19 09:01:01,378 [pool-146-thread-1] INFO  server.RaftServerConfigKeys (ConfUtils.java:logGet(43)) - raft.server.log.queue.element-limit = 1024 (custom)
2019-09-19 09:01:01,378 [pool-146-thread-1] INFO  server.RaftServerConfigKeys (ConfUtils.java:logGet(43)) - raft.server.log.segment.size.max = 1048576 (custom)
2019-09-19 09:01:01,378 [pool-146-thread-1] INFO  server.RaftServerConfigKeys (ConfUtils.java:logGet(43)) - raft.server.log.preallocated.size = 16384 (custom)
2019-09-19 09:01:01,378 [pool-146-thread-1] INFO  server.RaftServerConfigKeys (ConfUtils.java:logGet(43)) - raft.server.log.write.buffer.size = 33554432 (custom)
2019-09-19 09:01:01,378 [pool-146-thread-1] INFO  server.RaftServerConfigKeys (ConfUtils.java:logGet(43)) - raft.server.log.force.sync.num = 128 (default)
2019-09-19 09:01:01,378 [pool-146-thread-1] INFO  server.RaftServerConfigKeys (ConfUtils.java:logGet(43)) - raft.server.log.statemachine.data.sync = true (default)
2019-09-19 09:01:01,378 [pool-146-thread-1] INFO  server.RaftServerConfigKeys (ConfUtils.java:logGet(43)) - raft.server.log.statemachine.data.sync.timeout = 10s (default)
2019-09-19 09:01:01,379 [pool-146-thread-1] INFO  server.RaftServerConfigKeys (ConfUtils.java:logGet(43)) - raft.server.log.statemachine.data.sync.timeout.retry = -1 (default)
2019-09-19 09:01:01,379 [pool-146-thread-1] INFO  server.RaftServerConfigKeys (ConfUtils.java:logGet(43)) - raft.server.log.statemachine.data.caching.enabled = true (custom)
2019-09-19 09:01:01,379 [pool-146-thread-1] INFO  segmented.SegmentedRaftLogWorker (SegmentedRaftLogWorker.java:lambda$new$0(132)) - 2c2b1180-bd06-4560-b4fa-2079d6381cde-SegmentedRaftLogWorker:Storage Directory /workdir/hadoop-ozone/integration-test/target/test-dir/MiniOzoneClusterImpl-d1f5ba66-8c72-4ad4-ac90-f92cf1c4e2b2/datanode-2/data/ratis/63a27e0b-427e-4a20-9d2c-28ed3cee11d2: flushIndex: setUnconditionally 0 -> -1
2019-09-19 09:01:01,380 [pool-146-thread-1] INFO  server.RaftServerConfigKeys (ConfUtils.java:logGet(43)) - raft.server.snapshot.auto.trigger.enabled = true (custom)
2019-09-19 09:01:01,380 [pool-146-thread-1] INFO  server.RaftServerConfigKeys (ConfUtils.java:logGet(43)) - raft.server.snapshot.auto.trigger.threshold = 10000 (custom)
2019-09-19 09:01:01,380 [pool-146-thread-1] INFO  server.RaftServerConfigKeys (ConfUtils.java:logGet(43)) - raft.server.retrycache.expirytime = 600000ms (custom)
2019-09-19 09:01:01,380 [pool-146-thread-1] INFO  impl.RaftServerImpl (RaftServerImpl.java:start(180)) - 2c2b1180-bd06-4560-b4fa-2079d6381cde: start group-28ED3CEE11D2
2019-09-19 09:01:01,380 [pool-146-thread-1] INFO  impl.RaftServerImpl (RaftServerImpl.java:setRole(171)) - 2c2b1180-bd06-4560-b4fa-2079d6381cde:group-28ED3CEE11D2 changes role from null to FOLLOWER at term 0 for startAsFollower
2019-09-19 09:01:01,381 [pool-146-thread-1] INFO  impl.RoleInfo (RoleInfo.java:updateAndGet(143)) - 2c2b1180-bd06-4560-b4fa-2079d6381cde: start FollowerState
2019-09-19 09:01:01,381 [pool-146-thread-1] INFO  util.JmxRegister (JmxRegister.java:tryRegister(44)) - Successfully registered JMX Bean with object name Ratis:service=RaftServer,group=group-28ED3CEE11D2,id=2c2b1180-bd06-4560-b4fa-2079d6381cde
2019-09-19 09:01:01,393 [RatisPipelineUtilsThread] INFO  pipeline.PipelineStateManager (PipelineStateManager.java:addPipeline(56)) - Created pipeline Pipeline[ Id: 63a27e0b-427e-4a20-9d2c-28ed3cee11d2, Nodes: 2c2b1180-bd06-4560-b4fa-2079d6381cde{ip: 192.168.34.5, host: pr-hdds-1569-j4bt4-3030777008, networkLocation: /default-rack, certSerialId: null}, Type:RATIS, Factor:ONE, State:OPEN]
2019-09-19 09:01:01,394 [RatisPipelineUtilsThread] ERROR pipeline.PipelinePlacementPolicy (PipelinePlacementPolicy.java:meetCriteria(91)) - Pipeline Placement: Doesn't meet the criteria to be viable node. Heaviness: 6
2019-09-19 09:01:01,394 [RatisPipelineUtilsThread] ERROR pipeline.PipelinePlacementPolicy (PipelinePlacementPolicy.java:meetCriteria(91)) - Pipeline Placement: Doesn't meet the criteria to be viable node. Heaviness: 6
2019-09-19 09:01:01,403 [grpc-default-executor-0] INFO  impl.RaftServerProxy (RaftServerProxy.java:addNew(89)) - 07108c51-6362-4208-ba6a-2f09d4071d3e: addNew group-809A680518EA:[07108c51-6362-4208-ba6a-2f09d4071d3e:192.168.34.5:42339] returns group-809A680518EA:java.util.concurrent.CompletableFuture@30be112e[Not completed]
2019-09-19 09:01:01,404 [pool-157-thread-1] INFO  impl.RaftServerImpl (RaftServerImpl.java:<init>(93)) - 07108c51-6362-4208-ba6a-2f09d4071d3e: new RaftServerImpl for group-809A680518EA:[07108c51-6362-4208-ba6a-2f09d4071d3e:192.168.34.5:42339] with ContainerStateMachine:uninitialized
2019-09-19 09:01:01,404 [pool-157-thread-1] INFO  server.RaftServerConfigKeys (ConfUtils.java:logGet(43)) - raft.server.rpc.timeout.min = 5s (custom)
2019-09-19 09:01:01,404 [pool-157-thread-1] INFO  server.RaftServerConfigKeys (ConfUtils.java:logGet(43)) - raft.server.rpc.timeout.max = 5200ms (custom)
2019-09-19 09:01:01,404 [pool-157-thread-1] INFO  server.RaftServerConfigKeys (ConfUtils.java:logGet(43)) - raft.server.rpcslowness.timeout = 120s (custom)
2019-09-19 09:01:01,404 [pool-157-thread-1] INFO  server.RaftServerConfigKeys (ConfUtils.java:logGet(43)) - raft.server.sleep.deviation.threshold = 300 (default)
2019-09-19 09:01:01,405 [pool-157-thread-1] INFO  server.RaftServerConfigKeys (ConfUtils.java:logGet(43)) - raft.server.log.appender.install.snapshot.enabled = false (custom)
2019-09-19 09:01:01,405 [pool-157-thread-1] INFO  impl.RaftServerImpl (ServerState.java:<init>(105)) - 07108c51-6362-4208-ba6a-2f09d4071d3e:group-809A680518EA ConfigurationManager, init=-1: [07108c51-6362-4208-ba6a-2f09d4071d3e:192.168.34.5:42339], old=null, confs=<EMPTY_MAP>
2019-09-19 09:01:01,405 [pool-157-thread-1] INFO  server.RaftServerConfigKeys (ConfUtils.java:logGet(43)) - raft.server.storage.dir = [/workdir/hadoop-ozone/integration-test/target/test-dir/MiniOzoneClusterImpl-d1f5ba66-8c72-4ad4-ac90-f92cf1c4e2b2/datanode-3/data/ratis] (custom)
2019-09-19 09:01:01,405 [pool-157-thread-1] INFO  storage.RaftStorageDirectory (RaftStorageDirectory.java:analyzeStorage(246)) - The storage directory /workdir/hadoop-ozone/integration-test/target/test-dir/MiniOzoneClusterImpl-d1f5ba66-8c72-4ad4-ac90-f92cf1c4e2b2/datanode-3/data/ratis/a29dde4f-f2d1-4ced-89db-809a680518ea does not exist. Creating ...
2019-09-19 09:01:01,419 [pool-157-thread-1] INFO  storage.RaftStorageDirectory (RaftStorageDirectory.java:tryLock(328)) - Lock on /workdir/hadoop-ozone/integration-test/target/test-dir/MiniOzoneClusterImpl-d1f5ba66-8c72-4ad4-ac90-f92cf1c4e2b2/datanode-3/data/ratis/a29dde4f-f2d1-4ced-89db-809a680518ea/in_use.lock acquired by nodename 12225@pr-hdds-1569-j4bt4-3030777008
2019-09-19 09:01:01,448 [pool-157-thread-1] INFO  storage.RaftStorage (RaftStorage.java:format(72)) - Storage directory /workdir/hadoop-ozone/integration-test/target/test-dir/MiniOzoneClusterImpl-d1f5ba66-8c72-4ad4-ac90-f92cf1c4e2b2/datanode-3/data/ratis/a29dde4f-f2d1-4ced-89db-809a680518ea has been successfully formatted.
2019-09-19 09:01:01,448 [pool-157-thread-1] INFO  ratis.ContainerStateMachine (ContainerStateMachine.java:loadSnapshot(226)) - group-809A680518EA: The snapshot info is null. Setting the last applied indexto:(t:0, i:~)
2019-09-19 09:01:01,448 [pool-157-thread-1] INFO  server.RaftServerConfigKeys (ConfUtils.java:logGet(43)) - raft.server.leader.election.timeout = 120s (custom)
2019-09-19 09:01:01,449 [pool-157-thread-1] INFO  server.RaftServerConfigKeys (ConfUtils.java:logGet(43)) - raft.server.log.use.memory = false (default)
2019-09-19 09:01:01,449 [pool-157-thread-1] INFO  server.RaftServerConfigKeys (ConfUtils.java:logGet(43)) - raft.server.log.purge.gap = 1000000 (custom)
2019-09-19 09:01:01,449 [pool-157-thread-1] INFO  server.RaftServerConfigKeys (ConfUtils.java:logGet(43)) - raft.server.log.appender.buffer.byte-limit = 33554432 (custom)
2019-09-19 09:01:01,449 [pool-157-thread-1] INFO  server.RaftServerConfigKeys (ConfUtils.java:logGet(43)) - raft.server.log.segment.size.max = 1048576 (custom)
2019-09-19 09:01:01,449 [pool-157-thread-1] INFO  server.RaftServerConfigKeys (ConfUtils.java:logGet(43)) - raft.server.log.segment.cache.num.max = 2 (custom)
2019-09-19 09:01:01,449 [pool-157-thread-1] INFO  segmented.SegmentedRaftLogWorker (SegmentedRaftLogWorker.java:<init>(172)) - new 07108c51-6362-4208-ba6a-2f09d4071d3e-SegmentedRaftLogWorker:Storage Directory /workdir/hadoop-ozone/integration-test/target/test-dir/MiniOzoneClusterImpl-d1f5ba66-8c72-4ad4-ac90-f92cf1c4e2b2/datanode-3/data/ratis/a29dde4f-f2d1-4ced-89db-809a680518ea for RaftStorage:Storage Directory /workdir/hadoop-ozone/integration-test/target/test-dir/MiniOzoneClusterImpl-d1f5ba66-8c72-4ad4-ac90-f92cf1c4e2b2/datanode-3/data/ratis/a29dde4f-f2d1-4ced-89db-809a680518ea
2019-09-19 09:01:01,449 [pool-157-thread-1] INFO  server.RaftServerConfigKeys (ConfUtils.java:logGet(43)) - raft.server.log.queue.byte-limit = 2147483647 (custom)
2019-09-19 09:01:01,449 [pool-157-thread-1] INFO  server.RaftServerConfigKeys (ConfUtils.java:logGet(43)) - raft.server.log.queue.element-limit = 1024 (custom)
2019-09-19 09:01:01,449 [pool-157-thread-1] INFO  server.RaftServerConfigKeys (ConfUtils.java:logGet(43)) - raft.server.log.segment.size.max = 1048576 (custom)
2019-09-19 09:01:01,449 [pool-157-thread-1] INFO  server.RaftServerConfigKeys (ConfUtils.java:logGet(43)) - raft.server.log.preallocated.size = 16384 (custom)
2019-09-19 09:01:01,449 [pool-157-thread-1] INFO  server.RaftServerConfigKeys (ConfUtils.java:logGet(43)) - raft.server.log.write.buffer.size = 33554432 (custom)
2019-09-19 09:01:01,450 [pool-157-thread-1] INFO  server.RaftServerConfigKeys (ConfUtils.java:logGet(43)) - raft.server.log.force.sync.num = 128 (default)
2019-09-19 09:01:01,450 [pool-157-thread-1] INFO  server.RaftServerConfigKeys (ConfUtils.java:logGet(43)) - raft.server.log.statemachine.data.sync = true (default)
2019-09-19 09:01:01,450 [pool-157-thread-1] INFO  server.RaftServerConfigKeys (ConfUtils.java:logGet(43)) - raft.server.log.statemachine.data.sync.timeout = 10s (default)
2019-09-19 09:01:01,450 [pool-157-thread-1] INFO  server.RaftServerConfigKeys (ConfUtils.java:logGet(43)) - raft.server.log.statemachine.data.sync.timeout.retry = -1 (default)
2019-09-19 09:01:01,450 [pool-157-thread-1] INFO  server.RaftServerConfigKeys (ConfUtils.java:logGet(43)) - raft.server.log.statemachine.data.caching.enabled = true (custom)
2019-09-19 09:01:01,450 [pool-157-thread-1] INFO  segmented.SegmentedRaftLogWorker (SegmentedRaftLogWorker.java:lambda$new$0(132)) - 07108c51-6362-4208-ba6a-2f09d4071d3e-SegmentedRaftLogWorker:Storage Directory /workdir/hadoop-ozone/integration-test/target/test-dir/MiniOzoneClusterImpl-d1f5ba66-8c72-4ad4-ac90-f92cf1c4e2b2/datanode-3/data/ratis/a29dde4f-f2d1-4ced-89db-809a680518ea: flushIndex: setUnconditionally 0 -> -1
2019-09-19 09:01:01,451 [pool-157-thread-1] INFO  server.RaftServerConfigKeys (ConfUtils.java:logGet(43)) - raft.server.snapshot.auto.trigger.enabled = true (custom)
2019-09-19 09:01:01,451 [pool-157-thread-1] INFO  server.RaftServerConfigKeys (ConfUtils.java:logGet(43)) - raft.server.snapshot.auto.trigger.threshold = 10000 (custom)
2019-09-19 09:01:01,451 [pool-157-thread-1] INFO  server.RaftServerConfigKeys (ConfUtils.java:logGet(43)) - raft.server.retrycache.expirytime = 600000ms (custom)
2019-09-19 09:01:01,451 [pool-157-thread-1] INFO  impl.RaftServerImpl (RaftServerImpl.java:start(180)) - 07108c51-6362-4208-ba6a-2f09d4071d3e: start group-809A680518EA
2019-09-19 09:01:01,451 [pool-157-thread-1] INFO  impl.RaftServerImpl (RaftServerImpl.java:setRole(171)) - 07108c51-6362-4208-ba6a-2f09d4071d3e:group-809A680518EA changes role from null to FOLLOWER at term 0 for startAsFollower
2019-09-19 09:01:01,451 [pool-157-thread-1] INFO  impl.RoleInfo (RoleInfo.java:updateAndGet(143)) - 07108c51-6362-4208-ba6a-2f09d4071d3e: start FollowerState
2019-09-19 09:01:01,451 [pool-157-thread-1] INFO  util.JmxRegister (JmxRegister.java:tryRegister(44)) - Successfully registered JMX Bean with object name Ratis:service=RaftServer,group=group-809A680518EA,id=07108c51-6362-4208-ba6a-2f09d4071d3e
2019-09-19 09:01:01,454 [RatisPipelineUtilsThread] INFO  pipeline.PipelineStateManager (PipelineStateManager.java:addPipeline(56)) - Created pipeline Pipeline[ Id: a29dde4f-f2d1-4ced-89db-809a680518ea, Nodes: 07108c51-6362-4208-ba6a-2f09d4071d3e{ip: 192.168.34.5, host: pr-hdds-1569-j4bt4-3030777008, networkLocation: /default-rack, certSerialId: null}, Type:RATIS, Factor:ONE, State:OPEN]
2019-09-19 09:01:01,454 [RatisPipelineUtilsThread] ERROR pipeline.PipelinePlacementPolicy (PipelinePlacementPolicy.java:meetCriteria(91)) - Pipeline Placement: Doesn't meet the criteria to be viable node. Heaviness: 6
2019-09-19 09:01:01,454 [RatisPipelineUtilsThread] ERROR pipeline.PipelinePlacementPolicy (PipelinePlacementPolicy.java:meetCriteria(91)) - Pipeline Placement: Doesn't meet the criteria to be viable node. Heaviness: 6
2019-09-19 09:01:01,459 [grpc-default-executor-0] INFO  impl.RaftServerProxy (RaftServerProxy.java:addNew(89)) - 07108c51-6362-4208-ba6a-2f09d4071d3e: addNew group-8B9B483D026D:[07108c51-6362-4208-ba6a-2f09d4071d3e:192.168.34.5:42339] returns group-8B9B483D026D:java.util.concurrent.CompletableFuture@73d7dc14[Not completed]
2019-09-19 09:01:01,460 [pool-157-thread-1] INFO  impl.RaftServerImpl (RaftServerImpl.java:<init>(93)) - 07108c51-6362-4208-ba6a-2f09d4071d3e: new RaftServerImpl for group-8B9B483D026D:[07108c51-6362-4208-ba6a-2f09d4071d3e:192.168.34.5:42339] with ContainerStateMachine:uninitialized
2019-09-19 09:01:01,460 [pool-157-thread-1] INFO  server.RaftServerConfigKeys (ConfUtils.java:logGet(43)) - raft.server.rpc.timeout.min = 5s (custom)
2019-09-19 09:01:01,460 [pool-157-thread-1] INFO  server.RaftServerConfigKeys (ConfUtils.java:logGet(43)) - raft.server.rpc.timeout.max = 5200ms (custom)
2019-09-19 09:01:01,460 [pool-157-thread-1] INFO  server.RaftServerConfigKeys (ConfUtils.java:logGet(43)) - raft.server.rpcslowness.timeout = 120s (custom)
2019-09-19 09:01:01,460 [pool-157-thread-1] INFO  server.RaftServerConfigKeys (ConfUtils.java:logGet(43)) - raft.server.sleep.deviation.threshold = 300 (default)
2019-09-19 09:01:01,461 [pool-157-thread-1] INFO  server.RaftServerConfigKeys (ConfUtils.java:logGet(43)) - raft.server.log.appender.install.snapshot.enabled = false (custom)
2019-09-19 09:01:01,461 [pool-157-thread-1] INFO  impl.RaftServerImpl (ServerState.java:<init>(105)) - 07108c51-6362-4208-ba6a-2f09d4071d3e:group-8B9B483D026D ConfigurationManager, init=-1: [07108c51-6362-4208-ba6a-2f09d4071d3e:192.168.34.5:42339], old=null, confs=<EMPTY_MAP>
2019-09-19 09:01:01,461 [pool-157-thread-1] INFO  server.RaftServerConfigKeys (ConfUtils.java:logGet(43)) - raft.server.storage.dir = [/workdir/hadoop-ozone/integration-test/target/test-dir/MiniOzoneClusterImpl-d1f5ba66-8c72-4ad4-ac90-f92cf1c4e2b2/datanode-3/data/ratis] (custom)
2019-09-19 09:01:01,461 [pool-157-thread-1] INFO  storage.RaftStorageDirectory (RaftStorageDirectory.java:analyzeStorage(246)) - The storage directory /workdir/hadoop-ozone/integration-test/target/test-dir/MiniOzoneClusterImpl-d1f5ba66-8c72-4ad4-ac90-f92cf1c4e2b2/datanode-3/data/ratis/f1ed5242-a011-470e-872e-8b9b483d026d does not exist. Creating ...
2019-09-19 09:01:01,478 [pool-157-thread-1] INFO  storage.RaftStorageDirectory (RaftStorageDirectory.java:tryLock(328)) - Lock on /workdir/hadoop-ozone/integration-test/target/test-dir/MiniOzoneClusterImpl-d1f5ba66-8c72-4ad4-ac90-f92cf1c4e2b2/datanode-3/data/ratis/f1ed5242-a011-470e-872e-8b9b483d026d/in_use.lock acquired by nodename 12225@pr-hdds-1569-j4bt4-3030777008
2019-09-19 09:01:01,492 [pool-157-thread-1] INFO  storage.RaftStorage (RaftStorage.java:format(72)) - Storage directory /workdir/hadoop-ozone/integration-test/target/test-dir/MiniOzoneClusterImpl-d1f5ba66-8c72-4ad4-ac90-f92cf1c4e2b2/datanode-3/data/ratis/f1ed5242-a011-470e-872e-8b9b483d026d has been successfully formatted.
2019-09-19 09:01:01,492 [pool-157-thread-1] INFO  ratis.ContainerStateMachine (ContainerStateMachine.java:loadSnapshot(226)) - group-8B9B483D026D: The snapshot info is null. Setting the last applied indexto:(t:0, i:~)
2019-09-19 09:01:01,492 [pool-157-thread-1] INFO  server.RaftServerConfigKeys (ConfUtils.java:logGet(43)) - raft.server.leader.election.timeout = 120s (custom)
2019-09-19 09:01:01,493 [pool-157-thread-1] INFO  server.RaftServerConfigKeys (ConfUtils.java:logGet(43)) - raft.server.log.use.memory = false (default)
2019-09-19 09:01:01,493 [pool-157-thread-1] INFO  server.RaftServerConfigKeys (ConfUtils.java:logGet(43)) - raft.server.log.purge.gap = 1000000 (custom)
2019-09-19 09:01:01,493 [pool-157-thread-1] INFO  server.RaftServerConfigKeys (ConfUtils.java:logGet(43)) - raft.server.log.appender.buffer.byte-limit = 33554432 (custom)
2019-09-19 09:01:01,493 [pool-157-thread-1] INFO  server.RaftServerConfigKeys (ConfUtils.java:logGet(43)) - raft.server.log.segment.size.max = 1048576 (custom)
2019-09-19 09:01:01,493 [pool-157-thread-1] INFO  server.RaftServerConfigKeys (ConfUtils.java:logGet(43)) - raft.server.log.segment.cache.num.max = 2 (custom)
2019-09-19 09:01:01,493 [pool-157-thread-1] INFO  segmented.SegmentedRaftLogWorker (SegmentedRaftLogWorker.java:<init>(172)) - new 07108c51-6362-4208-ba6a-2f09d4071d3e-SegmentedRaftLogWorker:Storage Directory /workdir/hadoop-ozone/integration-test/target/test-dir/MiniOzoneClusterImpl-d1f5ba66-8c72-4ad4-ac90-f92cf1c4e2b2/datanode-3/data/ratis/f1ed5242-a011-470e-872e-8b9b483d026d for RaftStorage:Storage Directory /workdir/hadoop-ozone/integration-test/target/test-dir/MiniOzoneClusterImpl-d1f5ba66-8c72-4ad4-ac90-f92cf1c4e2b2/datanode-3/data/ratis/f1ed5242-a011-470e-872e-8b9b483d026d
2019-09-19 09:01:01,494 [pool-157-thread-1] INFO  server.RaftServerConfigKeys (ConfUtils.java:logGet(43)) - raft.server.log.queue.byte-limit = 2147483647 (custom)
2019-09-19 09:01:01,494 [pool-157-thread-1] INFO  server.RaftServerConfigKeys (ConfUtils.java:logGet(43)) - raft.server.log.queue.element-limit = 1024 (custom)
2019-09-19 09:01:01,494 [pool-157-thread-1] INFO  server.RaftServerConfigKeys (ConfUtils.java:logGet(43)) - raft.server.log.segment.size.max = 1048576 (custom)
2019-09-19 09:01:01,494 [pool-157-thread-1] INFO  server.RaftServerConfigKeys (ConfUtils.java:logGet(43)) - raft.server.log.preallocated.size = 16384 (custom)
2019-09-19 09:01:01,494 [pool-157-thread-1] INFO  server.RaftServerConfigKeys (ConfUtils.java:logGet(43)) - raft.server.log.write.buffer.size = 33554432 (custom)
2019-09-19 09:01:01,495 [pool-157-thread-1] INFO  server.RaftServerConfigKeys (ConfUtils.java:logGet(43)) - raft.server.log.force.sync.num = 128 (default)
2019-09-19 09:01:01,495 [pool-157-thread-1] INFO  server.RaftServerConfigKeys (ConfUtils.java:logGet(43)) - raft.server.log.statemachine.data.sync = true (default)
2019-09-19 09:01:01,495 [pool-157-thread-1] INFO  server.RaftServerConfigKeys (ConfUtils.java:logGet(43)) - raft.server.log.statemachine.data.sync.timeout = 10s (default)
2019-09-19 09:01:01,495 [pool-157-thread-1] INFO  server.RaftServerConfigKeys (ConfUtils.java:logGet(43)) - raft.server.log.statemachine.data.sync.timeout.retry = -1 (default)
2019-09-19 09:01:01,496 [pool-157-thread-1] INFO  server.RaftServerConfigKeys (ConfUtils.java:logGet(43)) - raft.server.log.statemachine.data.caching.enabled = true (custom)
2019-09-19 09:01:01,496 [pool-157-thread-1] INFO  segmented.SegmentedRaftLogWorker (SegmentedRaftLogWorker.java:lambda$new$0(132)) - 07108c51-6362-4208-ba6a-2f09d4071d3e-SegmentedRaftLogWorker:Storage Directory /workdir/hadoop-ozone/integration-test/target/test-dir/MiniOzoneClusterImpl-d1f5ba66-8c72-4ad4-ac90-f92cf1c4e2b2/datanode-3/data/ratis/f1ed5242-a011-470e-872e-8b9b483d026d: flushIndex: setUnconditionally 0 -> -1
2019-09-19 09:01:01,497 [pool-157-thread-1] INFO  server.RaftServerConfigKeys (ConfUtils.java:logGet(43)) - raft.server.snapshot.auto.trigger.enabled = true (custom)
2019-09-19 09:01:01,497 [pool-157-thread-1] INFO  server.RaftServerConfigKeys (ConfUtils.java:logGet(43)) - raft.server.snapshot.auto.trigger.threshold = 10000 (custom)
2019-09-19 09:01:01,497 [pool-157-thread-1] INFO  server.RaftServerConfigKeys (ConfUtils.java:logGet(43)) - raft.server.retrycache.expirytime = 600000ms (custom)
2019-09-19 09:01:01,498 [pool-157-thread-1] INFO  impl.RaftServerImpl (RaftServerImpl.java:start(180)) - 07108c51-6362-4208-ba6a-2f09d4071d3e: start group-8B9B483D026D
2019-09-19 09:01:01,498 [pool-157-thread-1] INFO  impl.RaftServerImpl (RaftServerImpl.java:setRole(171)) - 07108c51-6362-4208-ba6a-2f09d4071d3e:group-8B9B483D026D changes role from null to FOLLOWER at term 0 for startAsFollower
2019-09-19 09:01:01,498 [pool-157-thread-1] INFO  impl.RoleInfo (RoleInfo.java:updateAndGet(143)) - 07108c51-6362-4208-ba6a-2f09d4071d3e: start FollowerState
2019-09-19 09:01:01,499 [pool-157-thread-1] INFO  util.JmxRegister (JmxRegister.java:tryRegister(44)) - Successfully registered JMX Bean with object name Ratis:service=RaftServer,group=group-8B9B483D026D,id=07108c51-6362-4208-ba6a-2f09d4071d3e
2019-09-19 09:01:01,503 [RatisPipelineUtilsThread] INFO  pipeline.PipelineStateManager (PipelineStateManager.java:addPipeline(56)) - Created pipeline Pipeline[ Id: f1ed5242-a011-470e-872e-8b9b483d026d, Nodes: 07108c51-6362-4208-ba6a-2f09d4071d3e{ip: 192.168.34.5, host: pr-hdds-1569-j4bt4-3030777008, networkLocation: /default-rack, certSerialId: null}, Type:RATIS, Factor:ONE, State:OPEN]
2019-09-19 09:01:01,503 [RatisPipelineUtilsThread] ERROR pipeline.PipelinePlacementPolicy (PipelinePlacementPolicy.java:meetCriteria(91)) - Pipeline Placement: Doesn't meet the criteria to be viable node. Heaviness: 6
2019-09-19 09:01:01,503 [RatisPipelineUtilsThread] ERROR pipeline.PipelinePlacementPolicy (PipelinePlacementPolicy.java:meetCriteria(91)) - Pipeline Placement: Doesn't meet the criteria to be viable node. Heaviness: 6
2019-09-19 09:01:01,515 [grpc-default-executor-0] INFO  impl.RaftServerProxy (RaftServerProxy.java:addNew(89)) - 2c2b1180-bd06-4560-b4fa-2079d6381cde: addNew group-184828499DE9:[2c2b1180-bd06-4560-b4fa-2079d6381cde:192.168.34.5:43364] returns group-184828499DE9:java.util.concurrent.CompletableFuture@5c227d4c[Not completed]
2019-09-19 09:01:01,519 [pool-146-thread-1] INFO  impl.RaftServerImpl (RaftServerImpl.java:<init>(93)) - 2c2b1180-bd06-4560-b4fa-2079d6381cde: new RaftServerImpl for group-184828499DE9:[2c2b1180-bd06-4560-b4fa-2079d6381cde:192.168.34.5:43364] with ContainerStateMachine:uninitialized
2019-09-19 09:01:01,519 [pool-146-thread-1] INFO  server.RaftServerConfigKeys (ConfUtils.java:logGet(43)) - raft.server.rpc.timeout.min = 5s (custom)
2019-09-19 09:01:01,519 [pool-146-thread-1] INFO  server.RaftServerConfigKeys (ConfUtils.java:logGet(43)) - raft.server.rpc.timeout.max = 5200ms (custom)
2019-09-19 09:01:01,519 [pool-146-thread-1] INFO  server.RaftServerConfigKeys (ConfUtils.java:logGet(43)) - raft.server.rpcslowness.timeout = 120s (custom)
2019-09-19 09:01:01,519 [pool-146-thread-1] INFO  server.RaftServerConfigKeys (ConfUtils.java:logGet(43)) - raft.server.sleep.deviation.threshold = 300 (default)
2019-09-19 09:01:01,519 [pool-146-thread-1] INFO  server.RaftServerConfigKeys (ConfUtils.java:logGet(43)) - raft.server.log.appender.install.snapshot.enabled = false (custom)
2019-09-19 09:01:01,520 [pool-146-thread-1] INFO  impl.RaftServerImpl (ServerState.java:<init>(105)) - 2c2b1180-bd06-4560-b4fa-2079d6381cde:group-184828499DE9 ConfigurationManager, init=-1: [2c2b1180-bd06-4560-b4fa-2079d6381cde:192.168.34.5:43364], old=null, confs=<EMPTY_MAP>
2019-09-19 09:01:01,520 [pool-146-thread-1] INFO  server.RaftServerConfigKeys (ConfUtils.java:logGet(43)) - raft.server.storage.dir = [/workdir/hadoop-ozone/integration-test/target/test-dir/MiniOzoneClusterImpl-d1f5ba66-8c72-4ad4-ac90-f92cf1c4e2b2/datanode-2/data/ratis] (custom)
2019-09-19 09:01:01,520 [pool-146-thread-1] INFO  storage.RaftStorageDirectory (RaftStorageDirectory.java:analyzeStorage(246)) - The storage directory /workdir/hadoop-ozone/integration-test/target/test-dir/MiniOzoneClusterImpl-d1f5ba66-8c72-4ad4-ac90-f92cf1c4e2b2/datanode-2/data/ratis/b2afbb55-c252-4cc5-ac14-184828499de9 does not exist. Creating ...
2019-09-19 09:01:01,533 [pool-146-thread-1] INFO  storage.RaftStorageDirectory (RaftStorageDirectory.java:tryLock(328)) - Lock on /workdir/hadoop-ozone/integration-test/target/test-dir/MiniOzoneClusterImpl-d1f5ba66-8c72-4ad4-ac90-f92cf1c4e2b2/datanode-2/data/ratis/b2afbb55-c252-4cc5-ac14-184828499de9/in_use.lock acquired by nodename 12225@pr-hdds-1569-j4bt4-3030777008
2019-09-19 09:01:01,546 [pool-146-thread-1] INFO  storage.RaftStorage (RaftStorage.java:format(72)) - Storage directory /workdir/hadoop-ozone/integration-test/target/test-dir/MiniOzoneClusterImpl-d1f5ba66-8c72-4ad4-ac90-f92cf1c4e2b2/datanode-2/data/ratis/b2afbb55-c252-4cc5-ac14-184828499de9 has been successfully formatted.
2019-09-19 09:01:01,547 [pool-146-thread-1] INFO  ratis.ContainerStateMachine (ContainerStateMachine.java:loadSnapshot(226)) - group-184828499DE9: The snapshot info is null. Setting the last applied indexto:(t:0, i:~)
2019-09-19 09:01:01,547 [pool-146-thread-1] INFO  server.RaftServerConfigKeys (ConfUtils.java:logGet(43)) - raft.server.leader.election.timeout = 120s (custom)
2019-09-19 09:01:01,547 [pool-146-thread-1] INFO  server.RaftServerConfigKeys (ConfUtils.java:logGet(43)) - raft.server.log.use.memory = false (default)
2019-09-19 09:01:01,547 [pool-146-thread-1] INFO  server.RaftServerConfigKeys (ConfUtils.java:logGet(43)) - raft.server.log.purge.gap = 1000000 (custom)
2019-09-19 09:01:01,547 [pool-146-thread-1] INFO  server.RaftServerConfigKeys (ConfUtils.java:logGet(43)) - raft.server.log.appender.buffer.byte-limit = 33554432 (custom)
2019-09-19 09:01:01,547 [pool-146-thread-1] INFO  server.RaftServerConfigKeys (ConfUtils.java:logGet(43)) - raft.server.log.segment.size.max = 1048576 (custom)
2019-09-19 09:01:01,548 [pool-146-thread-1] INFO  server.RaftServerConfigKeys (ConfUtils.java:logGet(43)) - raft.server.log.segment.cache.num.max = 2 (custom)
2019-09-19 09:01:01,548 [pool-146-thread-1] INFO  segmented.SegmentedRaftLogWorker (SegmentedRaftLogWorker.java:<init>(172)) - new 2c2b1180-bd06-4560-b4fa-2079d6381cde-SegmentedRaftLogWorker:Storage Directory /workdir/hadoop-ozone/integration-test/target/test-dir/MiniOzoneClusterImpl-d1f5ba66-8c72-4ad4-ac90-f92cf1c4e2b2/datanode-2/data/ratis/b2afbb55-c252-4cc5-ac14-184828499de9 for RaftStorage:Storage Directory /workdir/hadoop-ozone/integration-test/target/test-dir/MiniOzoneClusterImpl-d1f5ba66-8c72-4ad4-ac90-f92cf1c4e2b2/datanode-2/data/ratis/b2afbb55-c252-4cc5-ac14-184828499de9
2019-09-19 09:01:01,548 [pool-146-thread-1] INFO  server.RaftServerConfigKeys (ConfUtils.java:logGet(43)) - raft.server.log.queue.byte-limit = 2147483647 (custom)
2019-09-19 09:01:01,548 [pool-146-thread-1] INFO  server.RaftServerConfigKeys (ConfUtils.java:logGet(43)) - raft.server.log.queue.element-limit = 1024 (custom)
2019-09-19 09:01:01,548 [pool-146-thread-1] INFO  server.RaftServerConfigKeys (ConfUtils.java:logGet(43)) - raft.server.log.segment.size.max = 1048576 (custom)
2019-09-19 09:01:01,548 [pool-146-thread-1] INFO  server.RaftServerConfigKeys (ConfUtils.java:logGet(43)) - raft.server.log.preallocated.size = 16384 (custom)
2019-09-19 09:01:01,548 [pool-146-thread-1] INFO  server.RaftServerConfigKeys (ConfUtils.java:logGet(43)) - raft.server.log.write.buffer.size = 33554432 (custom)
2019-09-19 09:01:01,548 [pool-146-thread-1] INFO  server.RaftServerConfigKeys (ConfUtils.java:logGet(43)) - raft.server.log.force.sync.num = 128 (default)
2019-09-19 09:01:01,548 [pool-146-thread-1] INFO  server.RaftServerConfigKeys (ConfUtils.java:logGet(43)) - raft.server.log.statemachine.data.sync = true (default)
2019-09-19 09:01:01,549 [pool-146-thread-1] INFO  server.RaftServerConfigKeys (ConfUtils.java:logGet(43)) - raft.server.log.statemachine.data.sync.timeout = 10s (default)
2019-09-19 09:01:01,549 [pool-146-thread-1] INFO  server.RaftServerConfigKeys (ConfUtils.java:logGet(43)) - raft.server.log.statemachine.data.sync.timeout.retry = -1 (default)
2019-09-19 09:01:01,549 [pool-146-thread-1] INFO  server.RaftServerConfigKeys (ConfUtils.java:logGet(43)) - raft.server.log.statemachine.data.caching.enabled = true (custom)
2019-09-19 09:01:01,549 [pool-146-thread-1] INFO  segmented.SegmentedRaftLogWorker (SegmentedRaftLogWorker.java:lambda$new$0(132)) - 2c2b1180-bd06-4560-b4fa-2079d6381cde-SegmentedRaftLogWorker:Storage Directory /workdir/hadoop-ozone/integration-test/target/test-dir/MiniOzoneClusterImpl-d1f5ba66-8c72-4ad4-ac90-f92cf1c4e2b2/datanode-2/data/ratis/b2afbb55-c252-4cc5-ac14-184828499de9: flushIndex: setUnconditionally 0 -> -1
2019-09-19 09:01:01,549 [pool-146-thread-1] INFO  server.RaftServerConfigKeys (ConfUtils.java:logGet(43)) - raft.server.snapshot.auto.trigger.enabled = true (custom)
2019-09-19 09:01:01,549 [pool-146-thread-1] INFO  server.RaftServerConfigKeys (ConfUtils.java:logGet(43)) - raft.server.snapshot.auto.trigger.threshold = 10000 (custom)
2019-09-19 09:01:01,550 [pool-146-thread-1] INFO  server.RaftServerConfigKeys (ConfUtils.java:logGet(43)) - raft.server.retrycache.expirytime = 600000ms (custom)
2019-09-19 09:01:01,550 [pool-146-thread-1] INFO  impl.RaftServerImpl (RaftServerImpl.java:start(180)) - 2c2b1180-bd06-4560-b4fa-2079d6381cde: start group-184828499DE9
2019-09-19 09:01:01,550 [pool-146-thread-1] INFO  impl.RaftServerImpl (RaftServerImpl.java:setRole(171)) - 2c2b1180-bd06-4560-b4fa-2079d6381cde:group-184828499DE9 changes role from null to FOLLOWER at term 0 for startAsFollower
2019-09-19 09:01:01,550 [pool-146-thread-1] INFO  impl.RoleInfo (RoleInfo.java:updateAndGet(143)) - 2c2b1180-bd06-4560-b4fa-2079d6381cde: start FollowerState
2019-09-19 09:01:01,550 [pool-146-thread-1] INFO  util.JmxRegister (JmxRegister.java:tryRegister(44)) - Successfully registered JMX Bean with object name Ratis:service=RaftServer,group=group-184828499DE9,id=2c2b1180-bd06-4560-b4fa-2079d6381cde
2019-09-19 09:01:01,555 [RatisPipelineUtilsThread] INFO  pipeline.PipelineStateManager (PipelineStateManager.java:addPipeline(56)) - Created pipeline Pipeline[ Id: b2afbb55-c252-4cc5-ac14-184828499de9, Nodes: 2c2b1180-bd06-4560-b4fa-2079d6381cde{ip: 192.168.34.5, host: pr-hdds-1569-j4bt4-3030777008, networkLocation: /default-rack, certSerialId: null}, Type:RATIS, Factor:ONE, State:OPEN]
2019-09-19 09:01:01,555 [RatisPipelineUtilsThread] ERROR pipeline.PipelinePlacementPolicy (PipelinePlacementPolicy.java:meetCriteria(91)) - Pipeline Placement: Doesn't meet the criteria to be viable node. Heaviness: 6
2019-09-19 09:01:01,555 [RatisPipelineUtilsThread] ERROR pipeline.PipelinePlacementPolicy (PipelinePlacementPolicy.java:meetCriteria(91)) - Pipeline Placement: Doesn't meet the criteria to be viable node. Heaviness: 6
2019-09-19 09:01:01,555 [RatisPipelineUtilsThread] ERROR pipeline.PipelinePlacementPolicy (PipelinePlacementPolicy.java:meetCriteria(91)) - Pipeline Placement: Doesn't meet the criteria to be viable node. Heaviness: 6
2019-09-19 09:01:01,562 [grpc-default-executor-0] INFO  impl.RaftServerProxy (RaftServerProxy.java:addNew(89)) - 07108c51-6362-4208-ba6a-2f09d4071d3e: addNew group-B5CBC8649A07:[07108c51-6362-4208-ba6a-2f09d4071d3e:192.168.34.5:42339] returns group-B5CBC8649A07:java.util.concurrent.CompletableFuture@21cdb653[Not completed]
2019-09-19 09:01:01,563 [pool-157-thread-1] INFO  impl.RaftServerImpl (RaftServerImpl.java:<init>(93)) - 07108c51-6362-4208-ba6a-2f09d4071d3e: new RaftServerImpl for group-B5CBC8649A07:[07108c51-6362-4208-ba6a-2f09d4071d3e:192.168.34.5:42339] with ContainerStateMachine:uninitialized
2019-09-19 09:01:01,564 [pool-157-thread-1] INFO  server.RaftServerConfigKeys (ConfUtils.java:logGet(43)) - raft.server.rpc.timeout.min = 5s (custom)
2019-09-19 09:01:01,564 [pool-157-thread-1] INFO  server.RaftServerConfigKeys (ConfUtils.java:logGet(43)) - raft.server.rpc.timeout.max = 5200ms (custom)
2019-09-19 09:01:01,564 [pool-157-thread-1] INFO  server.RaftServerConfigKeys (ConfUtils.java:logGet(43)) - raft.server.rpcslowness.timeout = 120s (custom)
2019-09-19 09:01:01,564 [pool-157-thread-1] INFO  server.RaftServerConfigKeys (ConfUtils.java:logGet(43)) - raft.server.sleep.deviation.threshold = 300 (default)
2019-09-19 09:01:01,564 [pool-157-thread-1] INFO  server.RaftServerConfigKeys (ConfUtils.java:logGet(43)) - raft.server.log.appender.install.snapshot.enabled = false (custom)
2019-09-19 09:01:01,564 [pool-157-thread-1] INFO  impl.RaftServerImpl (ServerState.java:<init>(105)) - 07108c51-6362-4208-ba6a-2f09d4071d3e:group-B5CBC8649A07 ConfigurationManager, init=-1: [07108c51-6362-4208-ba6a-2f09d4071d3e:192.168.34.5:42339], old=null, confs=<EMPTY_MAP>
2019-09-19 09:01:01,564 [pool-157-thread-1] INFO  server.RaftServerConfigKeys (ConfUtils.java:logGet(43)) - raft.server.storage.dir = [/workdir/hadoop-ozone/integration-test/target/test-dir/MiniOzoneClusterImpl-d1f5ba66-8c72-4ad4-ac90-f92cf1c4e2b2/datanode-3/data/ratis] (custom)
2019-09-19 09:01:01,565 [pool-157-thread-1] INFO  storage.RaftStorageDirectory (RaftStorageDirectory.java:analyzeStorage(246)) - The storage directory /workdir/hadoop-ozone/integration-test/target/test-dir/MiniOzoneClusterImpl-d1f5ba66-8c72-4ad4-ac90-f92cf1c4e2b2/datanode-3/data/ratis/3433cef8-b1d0-4e4e-859f-b5cbc8649a07 does not exist. Creating ...
2019-09-19 09:01:01,575 [pool-157-thread-1] INFO  storage.RaftStorageDirectory (RaftStorageDirectory.java:tryLock(328)) - Lock on /workdir/hadoop-ozone/integration-test/target/test-dir/MiniOzoneClusterImpl-d1f5ba66-8c72-4ad4-ac90-f92cf1c4e2b2/datanode-3/data/ratis/3433cef8-b1d0-4e4e-859f-b5cbc8649a07/in_use.lock acquired by nodename 12225@pr-hdds-1569-j4bt4-3030777008
2019-09-19 09:01:01,589 [pool-157-thread-1] INFO  storage.RaftStorage (RaftStorage.java:format(72)) - Storage directory /workdir/hadoop-ozone/integration-test/target/test-dir/MiniOzoneClusterImpl-d1f5ba66-8c72-4ad4-ac90-f92cf1c4e2b2/datanode-3/data/ratis/3433cef8-b1d0-4e4e-859f-b5cbc8649a07 has been successfully formatted.
2019-09-19 09:01:01,589 [pool-157-thread-1] INFO  ratis.ContainerStateMachine (ContainerStateMachine.java:loadSnapshot(226)) - group-B5CBC8649A07: The snapshot info is null. Setting the last applied indexto:(t:0, i:~)
2019-09-19 09:01:01,589 [pool-157-thread-1] INFO  server.RaftServerConfigKeys (ConfUtils.java:logGet(43)) - raft.server.leader.election.timeout = 120s (custom)
2019-09-19 09:01:01,589 [pool-157-thread-1] INFO  server.RaftServerConfigKeys (ConfUtils.java:logGet(43)) - raft.server.log.use.memory = false (default)
2019-09-19 09:01:01,589 [pool-157-thread-1] INFO  server.RaftServerConfigKeys (ConfUtils.java:logGet(43)) - raft.server.log.purge.gap = 1000000 (custom)
2019-09-19 09:01:01,590 [pool-157-thread-1] INFO  server.RaftServerConfigKeys (ConfUtils.java:logGet(43)) - raft.server.log.appender.buffer.byte-limit = 33554432 (custom)
2019-09-19 09:01:01,590 [pool-157-thread-1] INFO  server.RaftServerConfigKeys (ConfUtils.java:logGet(43)) - raft.server.log.segment.size.max = 1048576 (custom)
2019-09-19 09:01:01,590 [pool-157-thread-1] INFO  server.RaftServerConfigKeys (ConfUtils.java:logGet(43)) - raft.server.log.segment.cache.num.max = 2 (custom)
2019-09-19 09:01:01,590 [pool-157-thread-1] INFO  segmented.SegmentedRaftLogWorker (SegmentedRaftLogWorker.java:<init>(172)) - new 07108c51-6362-4208-ba6a-2f09d4071d3e-SegmentedRaftLogWorker:Storage Directory /workdir/hadoop-ozone/integration-test/target/test-dir/MiniOzoneClusterImpl-d1f5ba66-8c72-4ad4-ac90-f92cf1c4e2b2/datanode-3/data/ratis/3433cef8-b1d0-4e4e-859f-b5cbc8649a07 for RaftStorage:Storage Directory /workdir/hadoop-ozone/integration-test/target/test-dir/MiniOzoneClusterImpl-d1f5ba66-8c72-4ad4-ac90-f92cf1c4e2b2/datanode-3/data/ratis/3433cef8-b1d0-4e4e-859f-b5cbc8649a07
2019-09-19 09:01:01,590 [pool-157-thread-1] INFO  server.RaftServerConfigKeys (ConfUtils.java:logGet(43)) - raft.server.log.queue.byte-limit = 2147483647 (custom)
2019-09-19 09:01:01,590 [pool-157-thread-1] INFO  server.RaftServerConfigKeys (ConfUtils.java:logGet(43)) - raft.server.log.queue.element-limit = 1024 (custom)
2019-09-19 09:01:01,591 [pool-157-thread-1] INFO  server.RaftServerConfigKeys (ConfUtils.java:logGet(43)) - raft.server.log.segment.size.max = 1048576 (custom)
2019-09-19 09:01:01,591 [pool-157-thread-1] INFO  server.RaftServerConfigKeys (ConfUtils.java:logGet(43)) - raft.server.log.preallocated.size = 16384 (custom)
2019-09-19 09:01:01,591 [pool-157-thread-1] INFO  server.RaftServerConfigKeys (ConfUtils.java:logGet(43)) - raft.server.log.write.buffer.size = 33554432 (custom)
2019-09-19 09:01:01,591 [pool-157-thread-1] INFO  server.RaftServerConfigKeys (ConfUtils.java:logGet(43)) - raft.server.log.force.sync.num = 128 (default)
2019-09-19 09:01:01,591 [pool-157-thread-1] INFO  server.RaftServerConfigKeys (ConfUtils.java:logGet(43)) - raft.server.log.statemachine.data.sync = true (default)
2019-09-19 09:01:01,591 [pool-157-thread-1] INFO  server.RaftServerConfigKeys (ConfUtils.java:logGet(43)) - raft.server.log.statemachine.data.sync.timeout = 10s (default)
2019-09-19 09:01:01,592 [pool-157-thread-1] INFO  server.RaftServerConfigKeys (ConfUtils.java:logGet(43)) - raft.server.log.statemachine.data.sync.timeout.retry = -1 (default)
2019-09-19 09:01:01,592 [pool-157-thread-1] INFO  server.RaftServerConfigKeys (ConfUtils.java:logGet(43)) - raft.server.log.statemachine.data.caching.enabled = true (custom)
2019-09-19 09:01:01,592 [pool-157-thread-1] INFO  segmented.SegmentedRaftLogWorker (SegmentedRaftLogWorker.java:lambda$new$0(132)) - 07108c51-6362-4208-ba6a-2f09d4071d3e-SegmentedRaftLogWorker:Storage Directory /workdir/hadoop-ozone/integration-test/target/test-dir/MiniOzoneClusterImpl-d1f5ba66-8c72-4ad4-ac90-f92cf1c4e2b2/datanode-3/data/ratis/3433cef8-b1d0-4e4e-859f-b5cbc8649a07: flushIndex: setUnconditionally 0 -> -1
2019-09-19 09:01:01,593 [pool-157-thread-1] INFO  server.RaftServerConfigKeys (ConfUtils.java:logGet(43)) - raft.server.snapshot.auto.trigger.enabled = true (custom)
2019-09-19 09:01:01,593 [pool-157-thread-1] INFO  server.RaftServerConfigKeys (ConfUtils.java:logGet(43)) - raft.server.snapshot.auto.trigger.threshold = 10000 (custom)
2019-09-19 09:01:01,593 [pool-157-thread-1] INFO  server.RaftServerConfigKeys (ConfUtils.java:logGet(43)) - raft.server.retrycache.expirytime = 600000ms (custom)
2019-09-19 09:01:01,593 [pool-157-thread-1] INFO  impl.RaftServerImpl (RaftServerImpl.java:start(180)) - 07108c51-6362-4208-ba6a-2f09d4071d3e: start group-B5CBC8649A07
2019-09-19 09:01:01,593 [pool-157-thread-1] INFO  impl.RaftServerImpl (RaftServerImpl.java:setRole(171)) - 07108c51-6362-4208-ba6a-2f09d4071d3e:group-B5CBC8649A07 changes role from null to FOLLOWER at term 0 for startAsFollower
2019-09-19 09:01:01,594 [pool-157-thread-1] INFO  impl.RoleInfo (RoleInfo.java:updateAndGet(143)) - 07108c51-6362-4208-ba6a-2f09d4071d3e: start FollowerState
2019-09-19 09:01:01,594 [pool-157-thread-1] INFO  util.JmxRegister (JmxRegister.java:tryRegister(44)) - Successfully registered JMX Bean with object name Ratis:service=RaftServer,group=group-B5CBC8649A07,id=07108c51-6362-4208-ba6a-2f09d4071d3e
2019-09-19 09:01:01,597 [RatisPipelineUtilsThread] INFO  pipeline.PipelineStateManager (PipelineStateManager.java:addPipeline(56)) - Created pipeline Pipeline[ Id: 3433cef8-b1d0-4e4e-859f-b5cbc8649a07, Nodes: 07108c51-6362-4208-ba6a-2f09d4071d3e{ip: 192.168.34.5, host: pr-hdds-1569-j4bt4-3030777008, networkLocation: /default-rack, certSerialId: null}, Type:RATIS, Factor:ONE, State:OPEN]
2019-09-19 09:01:01,598 [RatisPipelineUtilsThread] ERROR pipeline.PipelinePlacementPolicy (PipelinePlacementPolicy.java:meetCriteria(91)) - Pipeline Placement: Doesn't meet the criteria to be viable node. Heaviness: 6
2019-09-19 09:01:01,598 [RatisPipelineUtilsThread] ERROR pipeline.PipelinePlacementPolicy (PipelinePlacementPolicy.java:meetCriteria(91)) - Pipeline Placement: Doesn't meet the criteria to be viable node. Heaviness: 6
2019-09-19 09:01:01,598 [RatisPipelineUtilsThread] ERROR pipeline.PipelinePlacementPolicy (PipelinePlacementPolicy.java:meetCriteria(91)) - Pipeline Placement: Doesn't meet the criteria to be viable node. Heaviness: 6
2019-09-19 09:01:01,606 [grpc-default-executor-0] INFO  impl.RaftServerProxy (RaftServerProxy.java:addNew(89)) - 07108c51-6362-4208-ba6a-2f09d4071d3e: addNew group-C4D1DE44CD61:[07108c51-6362-4208-ba6a-2f09d4071d3e:192.168.34.5:42339] returns group-C4D1DE44CD61:java.util.concurrent.CompletableFuture@5b6e84cf[Not completed]
2019-09-19 09:01:01,607 [pool-157-thread-1] INFO  impl.RaftServerImpl (RaftServerImpl.java:<init>(93)) - 07108c51-6362-4208-ba6a-2f09d4071d3e: new RaftServerImpl for group-C4D1DE44CD61:[07108c51-6362-4208-ba6a-2f09d4071d3e:192.168.34.5:42339] with ContainerStateMachine:uninitialized
2019-09-19 09:01:01,607 [pool-157-thread-1] INFO  server.RaftServerConfigKeys (ConfUtils.java:logGet(43)) - raft.server.rpc.timeout.min = 5s (custom)
2019-09-19 09:01:01,607 [pool-157-thread-1] INFO  server.RaftServerConfigKeys (ConfUtils.java:logGet(43)) - raft.server.rpc.timeout.max = 5200ms (custom)
2019-09-19 09:01:01,607 [pool-157-thread-1] INFO  server.RaftServerConfigKeys (ConfUtils.java:logGet(43)) - raft.server.rpcslowness.timeout = 120s (custom)
2019-09-19 09:01:01,607 [pool-157-thread-1] INFO  server.RaftServerConfigKeys (ConfUtils.java:logGet(43)) - raft.server.sleep.deviation.threshold = 300 (default)
2019-09-19 09:01:01,607 [pool-157-thread-1] INFO  server.RaftServerConfigKeys (ConfUtils.java:logGet(43)) - raft.server.log.appender.install.snapshot.enabled = false (custom)
2019-09-19 09:01:01,608 [pool-157-thread-1] INFO  impl.RaftServerImpl (ServerState.java:<init>(105)) - 07108c51-6362-4208-ba6a-2f09d4071d3e:group-C4D1DE44CD61 ConfigurationManager, init=-1: [07108c51-6362-4208-ba6a-2f09d4071d3e:192.168.34.5:42339], old=null, confs=<EMPTY_MAP>
2019-09-19 09:01:01,608 [pool-157-thread-1] INFO  server.RaftServerConfigKeys (ConfUtils.java:logGet(43)) - raft.server.storage.dir = [/workdir/hadoop-ozone/integration-test/target/test-dir/MiniOzoneClusterImpl-d1f5ba66-8c72-4ad4-ac90-f92cf1c4e2b2/datanode-3/data/ratis] (custom)
2019-09-19 09:01:01,608 [pool-157-thread-1] INFO  storage.RaftStorageDirectory (RaftStorageDirectory.java:analyzeStorage(246)) - The storage directory /workdir/hadoop-ozone/integration-test/target/test-dir/MiniOzoneClusterImpl-d1f5ba66-8c72-4ad4-ac90-f92cf1c4e2b2/datanode-3/data/ratis/a2e8756f-a606-4319-827d-c4d1de44cd61 does not exist. Creating ...
2019-09-19 09:01:01,615 [pool-157-thread-1] INFO  storage.RaftStorageDirectory (RaftStorageDirectory.java:tryLock(328)) - Lock on /workdir/hadoop-ozone/integration-test/target/test-dir/MiniOzoneClusterImpl-d1f5ba66-8c72-4ad4-ac90-f92cf1c4e2b2/datanode-3/data/ratis/a2e8756f-a606-4319-827d-c4d1de44cd61/in_use.lock acquired by nodename 12225@pr-hdds-1569-j4bt4-3030777008
2019-09-19 09:01:01,629 [pool-157-thread-1] INFO  storage.RaftStorage (RaftStorage.java:format(72)) - Storage directory /workdir/hadoop-ozone/integration-test/target/test-dir/MiniOzoneClusterImpl-d1f5ba66-8c72-4ad4-ac90-f92cf1c4e2b2/datanode-3/data/ratis/a2e8756f-a606-4319-827d-c4d1de44cd61 has been successfully formatted.
2019-09-19 09:01:01,629 [pool-157-thread-1] INFO  ratis.ContainerStateMachine (ContainerStateMachine.java:loadSnapshot(226)) - group-C4D1DE44CD61: The snapshot info is null. Setting the last applied indexto:(t:0, i:~)
2019-09-19 09:01:01,629 [pool-157-thread-1] INFO  server.RaftServerConfigKeys (ConfUtils.java:logGet(43)) - raft.server.leader.election.timeout = 120s (custom)
2019-09-19 09:01:01,629 [pool-157-thread-1] INFO  server.RaftServerConfigKeys (ConfUtils.java:logGet(43)) - raft.server.log.use.memory = false (default)
2019-09-19 09:01:01,629 [pool-157-thread-1] INFO  server.RaftServerConfigKeys (ConfUtils.java:logGet(43)) - raft.server.log.purge.gap = 1000000 (custom)
2019-09-19 09:01:01,630 [pool-157-thread-1] INFO  server.RaftServerConfigKeys (ConfUtils.java:logGet(43)) - raft.server.log.appender.buffer.byte-limit = 33554432 (custom)
2019-09-19 09:01:01,630 [pool-157-thread-1] INFO  server.RaftServerConfigKeys (ConfUtils.java:logGet(43)) - raft.server.log.segment.size.max = 1048576 (custom)
2019-09-19 09:01:01,630 [pool-157-thread-1] INFO  server.RaftServerConfigKeys (ConfUtils.java:logGet(43)) - raft.server.log.segment.cache.num.max = 2 (custom)
2019-09-19 09:01:01,630 [pool-157-thread-1] INFO  segmented.SegmentedRaftLogWorker (SegmentedRaftLogWorker.java:<init>(172)) - new 07108c51-6362-4208-ba6a-2f09d4071d3e-SegmentedRaftLogWorker:Storage Directory /workdir/hadoop-ozone/integration-test/target/test-dir/MiniOzoneClusterImpl-d1f5ba66-8c72-4ad4-ac90-f92cf1c4e2b2/datanode-3/data/ratis/a2e8756f-a606-4319-827d-c4d1de44cd61 for RaftStorage:Storage Directory /workdir/hadoop-ozone/integration-test/target/test-dir/MiniOzoneClusterImpl-d1f5ba66-8c72-4ad4-ac90-f92cf1c4e2b2/datanode-3/data/ratis/a2e8756f-a606-4319-827d-c4d1de44cd61
2019-09-19 09:01:01,630 [pool-157-thread-1] INFO  server.RaftServerConfigKeys (ConfUtils.java:logGet(43)) - raft.server.log.queue.byte-limit = 2147483647 (custom)
2019-09-19 09:01:01,630 [pool-157-thread-1] INFO  server.RaftServerConfigKeys (ConfUtils.java:logGet(43)) - raft.server.log.queue.element-limit = 1024 (custom)
2019-09-19 09:01:01,630 [pool-157-thread-1] INFO  server.RaftServerConfigKeys (ConfUtils.java:logGet(43)) - raft.server.log.segment.size.max = 1048576 (custom)
2019-09-19 09:01:01,630 [pool-157-thread-1] INFO  server.RaftServerConfigKeys (ConfUtils.java:logGet(43)) - raft.server.log.preallocated.size = 16384 (custom)
2019-09-19 09:01:01,630 [pool-157-thread-1] INFO  server.RaftServerConfigKeys (ConfUtils.java:logGet(43)) - raft.server.log.write.buffer.size = 33554432 (custom)
2019-09-19 09:01:01,630 [pool-157-thread-1] INFO  server.RaftServerConfigKeys (ConfUtils.java:logGet(43)) - raft.server.log.force.sync.num = 128 (default)
2019-09-19 09:01:01,631 [pool-157-thread-1] INFO  server.RaftServerConfigKeys (ConfUtils.java:logGet(43)) - raft.server.log.statemachine.data.sync = true (default)
2019-09-19 09:01:01,631 [pool-157-thread-1] INFO  server.RaftServerConfigKeys (ConfUtils.java:logGet(43)) - raft.server.log.statemachine.data.sync.timeout = 10s (default)
2019-09-19 09:01:01,631 [pool-157-thread-1] INFO  server.RaftServerConfigKeys (ConfUtils.java:logGet(43)) - raft.server.log.statemachine.data.sync.timeout.retry = -1 (default)
2019-09-19 09:01:01,631 [pool-157-thread-1] INFO  server.RaftServerConfigKeys (ConfUtils.java:logGet(43)) - raft.server.log.statemachine.data.caching.enabled = true (custom)
2019-09-19 09:01:01,631 [pool-157-thread-1] INFO  segmented.SegmentedRaftLogWorker (SegmentedRaftLogWorker.java:lambda$new$0(132)) - 07108c51-6362-4208-ba6a-2f09d4071d3e-SegmentedRaftLogWorker:Storage Directory /workdir/hadoop-ozone/integration-test/target/test-dir/MiniOzoneClusterImpl-d1f5ba66-8c72-4ad4-ac90-f92cf1c4e2b2/datanode-3/data/ratis/a2e8756f-a606-4319-827d-c4d1de44cd61: flushIndex: setUnconditionally 0 -> -1
2019-09-19 09:01:01,631 [pool-157-thread-1] INFO  server.RaftServerConfigKeys (ConfUtils.java:logGet(43)) - raft.server.snapshot.auto.trigger.enabled = true (custom)
2019-09-19 09:01:01,632 [pool-157-thread-1] INFO  server.RaftServerConfigKeys (ConfUtils.java:logGet(43)) - raft.server.snapshot.auto.trigger.threshold = 10000 (custom)
2019-09-19 09:01:01,632 [pool-157-thread-1] INFO  server.RaftServerConfigKeys (ConfUtils.java:logGet(43)) - raft.server.retrycache.expirytime = 600000ms (custom)
2019-09-19 09:01:01,632 [pool-157-thread-1] INFO  impl.RaftServerImpl (RaftServerImpl.java:start(180)) - 07108c51-6362-4208-ba6a-2f09d4071d3e: start group-C4D1DE44CD61
2019-09-19 09:01:01,632 [pool-157-thread-1] INFO  impl.RaftServerImpl (RaftServerImpl.java:setRole(171)) - 07108c51-6362-4208-ba6a-2f09d4071d3e:group-C4D1DE44CD61 changes role from null to FOLLOWER at term 0 for startAsFollower
2019-09-19 09:01:01,632 [pool-157-thread-1] INFO  impl.RoleInfo (RoleInfo.java:updateAndGet(143)) - 07108c51-6362-4208-ba6a-2f09d4071d3e: start FollowerState
2019-09-19 09:01:01,632 [pool-157-thread-1] INFO  util.JmxRegister (JmxRegister.java:tryRegister(44)) - Successfully registered JMX Bean with object name Ratis:service=RaftServer,group=group-C4D1DE44CD61,id=07108c51-6362-4208-ba6a-2f09d4071d3e
2019-09-19 09:01:01,635 [RatisPipelineUtilsThread] INFO  pipeline.PipelineStateManager (PipelineStateManager.java:addPipeline(56)) - Created pipeline Pipeline[ Id: a2e8756f-a606-4319-827d-c4d1de44cd61, Nodes: 07108c51-6362-4208-ba6a-2f09d4071d3e{ip: 192.168.34.5, host: pr-hdds-1569-j4bt4-3030777008, networkLocation: /default-rack, certSerialId: null}, Type:RATIS, Factor:ONE, State:OPEN]
2019-09-19 09:01:01,635 [RatisPipelineUtilsThread] ERROR pipeline.PipelinePlacementPolicy (PipelinePlacementPolicy.java:meetCriteria(91)) - Pipeline Placement: Doesn't meet the criteria to be viable node. Heaviness: 6
2019-09-19 09:01:01,635 [RatisPipelineUtilsThread] ERROR pipeline.PipelinePlacementPolicy (PipelinePlacementPolicy.java:meetCriteria(91)) - Pipeline Placement: Doesn't meet the criteria to be viable node. Heaviness: 6
2019-09-19 09:01:01,636 [RatisPipelineUtilsThread] ERROR pipeline.PipelinePlacementPolicy (PipelinePlacementPolicy.java:meetCriteria(91)) - Pipeline Placement: Doesn't meet the criteria to be viable node. Heaviness: 6
2019-09-19 09:01:01,641 [grpc-default-executor-0] INFO  impl.RaftServerProxy (RaftServerProxy.java:addNew(89)) - 07108c51-6362-4208-ba6a-2f09d4071d3e: addNew group-2C74025D7DE3:[07108c51-6362-4208-ba6a-2f09d4071d3e:192.168.34.5:42339] returns group-2C74025D7DE3:java.util.concurrent.CompletableFuture@44bc657b[Not completed]
2019-09-19 09:01:01,642 [pool-157-thread-1] INFO  impl.RaftServerImpl (RaftServerImpl.java:<init>(93)) - 07108c51-6362-4208-ba6a-2f09d4071d3e: new RaftServerImpl for group-2C74025D7DE3:[07108c51-6362-4208-ba6a-2f09d4071d3e:192.168.34.5:42339] with ContainerStateMachine:uninitialized
2019-09-19 09:01:01,642 [pool-157-thread-1] INFO  server.RaftServerConfigKeys (ConfUtils.java:logGet(43)) - raft.server.rpc.timeout.min = 5s (custom)
2019-09-19 09:01:01,642 [pool-157-thread-1] INFO  server.RaftServerConfigKeys (ConfUtils.java:logGet(43)) - raft.server.rpc.timeout.max = 5200ms (custom)
2019-09-19 09:01:01,643 [pool-157-thread-1] INFO  server.RaftServerConfigKeys (ConfUtils.java:logGet(43)) - raft.server.rpcslowness.timeout = 120s (custom)
2019-09-19 09:01:01,643 [pool-157-thread-1] INFO  server.RaftServerConfigKeys (ConfUtils.java:logGet(43)) - raft.server.sleep.deviation.threshold = 300 (default)
2019-09-19 09:01:01,643 [pool-157-thread-1] INFO  server.RaftServerConfigKeys (ConfUtils.java:logGet(43)) - raft.server.log.appender.install.snapshot.enabled = false (custom)
2019-09-19 09:01:01,643 [pool-157-thread-1] INFO  impl.RaftServerImpl (ServerState.java:<init>(105)) - 07108c51-6362-4208-ba6a-2f09d4071d3e:group-2C74025D7DE3 ConfigurationManager, init=-1: [07108c51-6362-4208-ba6a-2f09d4071d3e:192.168.34.5:42339], old=null, confs=<EMPTY_MAP>
2019-09-19 09:01:01,643 [pool-157-thread-1] INFO  server.RaftServerConfigKeys (ConfUtils.java:logGet(43)) - raft.server.storage.dir = [/workdir/hadoop-ozone/integration-test/target/test-dir/MiniOzoneClusterImpl-d1f5ba66-8c72-4ad4-ac90-f92cf1c4e2b2/datanode-3/data/ratis] (custom)
2019-09-19 09:01:01,644 [pool-157-thread-1] INFO  storage.RaftStorageDirectory (RaftStorageDirectory.java:analyzeStorage(246)) - The storage directory /workdir/hadoop-ozone/integration-test/target/test-dir/MiniOzoneClusterImpl-d1f5ba66-8c72-4ad4-ac90-f92cf1c4e2b2/datanode-3/data/ratis/91cf1c4f-8738-4cea-8938-2c74025d7de3 does not exist. Creating ...
2019-09-19 09:01:01,657 [pool-157-thread-1] INFO  storage.RaftStorageDirectory (RaftStorageDirectory.java:tryLock(328)) - Lock on /workdir/hadoop-ozone/integration-test/target/test-dir/MiniOzoneClusterImpl-d1f5ba66-8c72-4ad4-ac90-f92cf1c4e2b2/datanode-3/data/ratis/91cf1c4f-8738-4cea-8938-2c74025d7de3/in_use.lock acquired by nodename 12225@pr-hdds-1569-j4bt4-3030777008
2019-09-19 09:01:01,674 [pool-157-thread-1] INFO  storage.RaftStorage (RaftStorage.java:format(72)) - Storage directory /workdir/hadoop-ozone/integration-test/target/test-dir/MiniOzoneClusterImpl-d1f5ba66-8c72-4ad4-ac90-f92cf1c4e2b2/datanode-3/data/ratis/91cf1c4f-8738-4cea-8938-2c74025d7de3 has been successfully formatted.
2019-09-19 09:01:01,674 [pool-157-thread-1] INFO  ratis.ContainerStateMachine (ContainerStateMachine.java:loadSnapshot(226)) - group-2C74025D7DE3: The snapshot info is null. Setting the last applied indexto:(t:0, i:~)
2019-09-19 09:01:01,674 [pool-157-thread-1] INFO  server.RaftServerConfigKeys (ConfUtils.java:logGet(43)) - raft.server.leader.election.timeout = 120s (custom)
2019-09-19 09:01:01,674 [pool-157-thread-1] INFO  server.RaftServerConfigKeys (ConfUtils.java:logGet(43)) - raft.server.log.use.memory = false (default)
2019-09-19 09:01:01,674 [pool-157-thread-1] INFO  server.RaftServerConfigKeys (ConfUtils.java:logGet(43)) - raft.server.log.purge.gap = 1000000 (custom)
2019-09-19 09:01:01,674 [pool-157-thread-1] INFO  server.RaftServerConfigKeys (ConfUtils.java:logGet(43)) - raft.server.log.appender.buffer.byte-limit = 33554432 (custom)
2019-09-19 09:01:01,675 [pool-157-thread-1] INFO  server.RaftServerConfigKeys (ConfUtils.java:logGet(43)) - raft.server.log.segment.size.max = 1048576 (custom)
2019-09-19 09:01:01,675 [pool-157-thread-1] INFO  server.RaftServerConfigKeys (ConfUtils.java:logGet(43)) - raft.server.log.segment.cache.num.max = 2 (custom)
2019-09-19 09:01:01,675 [pool-157-thread-1] INFO  segmented.SegmentedRaftLogWorker (SegmentedRaftLogWorker.java:<init>(172)) - new 07108c51-6362-4208-ba6a-2f09d4071d3e-SegmentedRaftLogWorker:Storage Directory /workdir/hadoop-ozone/integration-test/target/test-dir/MiniOzoneClusterImpl-d1f5ba66-8c72-4ad4-ac90-f92cf1c4e2b2/datanode-3/data/ratis/91cf1c4f-8738-4cea-8938-2c74025d7de3 for RaftStorage:Storage Directory /workdir/hadoop-ozone/integration-test/target/test-dir/MiniOzoneClusterImpl-d1f5ba66-8c72-4ad4-ac90-f92cf1c4e2b2/datanode-3/data/ratis/91cf1c4f-8738-4cea-8938-2c74025d7de3
2019-09-19 09:01:01,675 [pool-157-thread-1] INFO  server.RaftServerConfigKeys (ConfUtils.java:logGet(43)) - raft.server.log.queue.byte-limit = 2147483647 (custom)
2019-09-19 09:01:01,675 [pool-157-thread-1] INFO  server.RaftServerConfigKeys (ConfUtils.java:logGet(43)) - raft.server.log.queue.element-limit = 1024 (custom)
2019-09-19 09:01:01,675 [pool-157-thread-1] INFO  server.RaftServerConfigKeys (ConfUtils.java:logGet(43)) - raft.server.log.segment.size.max = 1048576 (custom)
2019-09-19 09:01:01,675 [pool-157-thread-1] INFO  server.RaftServerConfigKeys (ConfUtils.java:logGet(43)) - raft.server.log.preallocated.size = 16384 (custom)
2019-09-19 09:01:01,675 [pool-157-thread-1] INFO  server.RaftServerConfigKeys (ConfUtils.java:logGet(43)) - raft.server.log.write.buffer.size = 33554432 (custom)
2019-09-19 09:01:01,675 [pool-157-thread-1] INFO  server.RaftServerConfigKeys (ConfUtils.java:logGet(43)) - raft.server.log.force.sync.num = 128 (default)
2019-09-19 09:01:01,675 [pool-157-thread-1] INFO  server.RaftServerConfigKeys (ConfUtils.java:logGet(43)) - raft.server.log.statemachine.data.sync = true (default)
2019-09-19 09:01:01,676 [pool-157-thread-1] INFO  server.RaftServerConfigKeys (ConfUtils.java:logGet(43)) - raft.server.log.statemachine.data.sync.timeout = 10s (default)
2019-09-19 09:01:01,676 [pool-157-thread-1] INFO  server.RaftServerConfigKeys (ConfUtils.java:logGet(43)) - raft.server.log.statemachine.data.sync.timeout.retry = -1 (default)
2019-09-19 09:01:01,676 [pool-157-thread-1] INFO  server.RaftServerConfigKeys (ConfUtils.java:logGet(43)) - raft.server.log.statemachine.data.caching.enabled = true (custom)
2019-09-19 09:01:01,676 [pool-157-thread-1] INFO  segmented.SegmentedRaftLogWorker (SegmentedRaftLogWorker.java:lambda$new$0(132)) - 07108c51-6362-4208-ba6a-2f09d4071d3e-SegmentedRaftLogWorker:Storage Directory /workdir/hadoop-ozone/integration-test/target/test-dir/MiniOzoneClusterImpl-d1f5ba66-8c72-4ad4-ac90-f92cf1c4e2b2/datanode-3/data/ratis/91cf1c4f-8738-4cea-8938-2c74025d7de3: flushIndex: setUnconditionally 0 -> -1
2019-09-19 09:01:01,676 [pool-157-thread-1] INFO  server.RaftServerConfigKeys (ConfUtils.java:logGet(43)) - raft.server.snapshot.auto.trigger.enabled = true (custom)
2019-09-19 09:01:01,676 [pool-157-thread-1] INFO  server.RaftServerConfigKeys (ConfUtils.java:logGet(43)) - raft.server.snapshot.auto.trigger.threshold = 10000 (custom)
2019-09-19 09:01:01,676 [pool-157-thread-1] INFO  server.RaftServerConfigKeys (ConfUtils.java:logGet(43)) - raft.server.retrycache.expirytime = 600000ms (custom)
2019-09-19 09:01:01,677 [pool-157-thread-1] INFO  impl.RaftServerImpl (RaftServerImpl.java:start(180)) - 07108c51-6362-4208-ba6a-2f09d4071d3e: start group-2C74025D7DE3
2019-09-19 09:01:01,677 [pool-157-thread-1] INFO  impl.RaftServerImpl (RaftServerImpl.java:setRole(171)) - 07108c51-6362-4208-ba6a-2f09d4071d3e:group-2C74025D7DE3 changes role from null to FOLLOWER at term 0 for startAsFollower
2019-09-19 09:01:01,677 [pool-157-thread-1] INFO  impl.RoleInfo (RoleInfo.java:updateAndGet(143)) - 07108c51-6362-4208-ba6a-2f09d4071d3e: start FollowerState
2019-09-19 09:01:01,677 [pool-157-thread-1] INFO  util.JmxRegister (JmxRegister.java:tryRegister(44)) - Successfully registered JMX Bean with object name Ratis:service=RaftServer,group=group-2C74025D7DE3,id=07108c51-6362-4208-ba6a-2f09d4071d3e
2019-09-19 09:01:01,680 [RatisPipelineUtilsThread] INFO  pipeline.PipelineStateManager (PipelineStateManager.java:addPipeline(56)) - Created pipeline Pipeline[ Id: 91cf1c4f-8738-4cea-8938-2c74025d7de3, Nodes: 07108c51-6362-4208-ba6a-2f09d4071d3e{ip: 192.168.34.5, host: pr-hdds-1569-j4bt4-3030777008, networkLocation: /default-rack, certSerialId: null}, Type:RATIS, Factor:ONE, State:OPEN]
2019-09-19 09:01:01,680 [RatisPipelineUtilsThread] ERROR pipeline.PipelinePlacementPolicy (PipelinePlacementPolicy.java:meetCriteria(91)) - Pipeline Placement: Doesn't meet the criteria to be viable node. Heaviness: 6
2019-09-19 09:01:01,681 [RatisPipelineUtilsThread] ERROR pipeline.PipelinePlacementPolicy (PipelinePlacementPolicy.java:meetCriteria(91)) - Pipeline Placement: Doesn't meet the criteria to be viable node. Heaviness: 6
2019-09-19 09:01:01,681 [RatisPipelineUtilsThread] ERROR pipeline.PipelinePlacementPolicy (PipelinePlacementPolicy.java:meetCriteria(91)) - Pipeline Placement: Doesn't meet the criteria to be viable node. Heaviness: 6
2019-09-19 09:01:01,681 [RatisPipelineUtilsThread] ERROR pipeline.PipelinePlacementPolicy (PipelinePlacementPolicy.java:meetCriteria(91)) - Pipeline Placement: Doesn't meet the criteria to be viable node. Heaviness: 6
2019-09-19 09:01:01,687 [grpc-default-executor-0] INFO  impl.RaftServerProxy (RaftServerProxy.java:addNew(89)) - d6702a85-6b54-4735-8444-02a36c5ec6eb: addNew group-4DD614BFE43F:[d6702a85-6b54-4735-8444-02a36c5ec6eb:192.168.34.5:38063] returns group-4DD614BFE43F:java.util.concurrent.CompletableFuture@357460d5[Not completed]
2019-09-19 09:01:01,689 [pool-168-thread-1] INFO  impl.RaftServerImpl (RaftServerImpl.java:<init>(93)) - d6702a85-6b54-4735-8444-02a36c5ec6eb: new RaftServerImpl for group-4DD614BFE43F:[d6702a85-6b54-4735-8444-02a36c5ec6eb:192.168.34.5:38063] with ContainerStateMachine:uninitialized
2019-09-19 09:01:01,689 [pool-168-thread-1] INFO  server.RaftServerConfigKeys (ConfUtils.java:logGet(43)) - raft.server.rpc.timeout.min = 5s (custom)
2019-09-19 09:01:01,689 [pool-168-thread-1] INFO  server.RaftServerConfigKeys (ConfUtils.java:logGet(43)) - raft.server.rpc.timeout.max = 5200ms (custom)
2019-09-19 09:01:01,689 [pool-168-thread-1] INFO  server.RaftServerConfigKeys (ConfUtils.java:logGet(43)) - raft.server.rpcslowness.timeout = 120s (custom)
2019-09-19 09:01:01,689 [pool-168-thread-1] INFO  server.RaftServerConfigKeys (ConfUtils.java:logGet(43)) - raft.server.sleep.deviation.threshold = 300 (default)
2019-09-19 09:01:01,689 [pool-168-thread-1] INFO  server.RaftServerConfigKeys (ConfUtils.java:logGet(43)) - raft.server.log.appender.install.snapshot.enabled = false (custom)
2019-09-19 09:01:01,689 [pool-168-thread-1] INFO  impl.RaftServerImpl (ServerState.java:<init>(105)) - d6702a85-6b54-4735-8444-02a36c5ec6eb:group-4DD614BFE43F ConfigurationManager, init=-1: [d6702a85-6b54-4735-8444-02a36c5ec6eb:192.168.34.5:38063], old=null, confs=<EMPTY_MAP>
2019-09-19 09:01:01,690 [pool-168-thread-1] INFO  server.RaftServerConfigKeys (ConfUtils.java:logGet(43)) - raft.server.storage.dir = [/workdir/hadoop-ozone/integration-test/target/test-dir/MiniOzoneClusterImpl-d1f5ba66-8c72-4ad4-ac90-f92cf1c4e2b2/datanode-4/data/ratis] (custom)
2019-09-19 09:01:01,690 [pool-168-thread-1] INFO  storage.RaftStorageDirectory (RaftStorageDirectory.java:analyzeStorage(246)) - The storage directory /workdir/hadoop-ozone/integration-test/target/test-dir/MiniOzoneClusterImpl-d1f5ba66-8c72-4ad4-ac90-f92cf1c4e2b2/datanode-4/data/ratis/6cf2e9f5-dca3-43d0-83a5-4dd614bfe43f does not exist. Creating ...
2019-09-19 09:01:01,691 [IPC Server handler 0 on 41086] INFO  net.NetworkTopology (NetworkTopologyImpl.java:add(110)) - Added a new node: /default-rack/5f513834-a5c3-47d7-b0df-0e7d236b5db1
2019-09-19 09:01:01,691 [IPC Server handler 0 on 41086] INFO  node.SCMNodeManager (SCMNodeManager.java:register(273)) - Registered Data node : 5f513834-a5c3-47d7-b0df-0e7d236b5db1{ip: 192.168.34.5, host: pr-hdds-1569-j4bt4-3030777008, networkLocation: /default-rack, certSerialId: null}
2019-09-19 09:01:01,691 | INFO  | SCMAudit | user=jenkins1000 | ip=192.168.34.5 | op=REGISTER {datanodeDetails=5f513834-a5c3-47d7-b0df-0e7d236b5db1{ip: 192.168.34.5, host: pr-hdds-1569-j4bt4-3030777008, networkLocation: /default-rack, certSerialId: null}} | ret=SUCCESS |  
2019-09-19 09:01:01,693 [pool-168-thread-1] INFO  storage.RaftStorageDirectory (RaftStorageDirectory.java:tryLock(328)) - Lock on /workdir/hadoop-ozone/integration-test/target/test-dir/MiniOzoneClusterImpl-d1f5ba66-8c72-4ad4-ac90-f92cf1c4e2b2/datanode-4/data/ratis/6cf2e9f5-dca3-43d0-83a5-4dd614bfe43f/in_use.lock acquired by nodename 12225@pr-hdds-1569-j4bt4-3030777008
2019-09-19 09:01:01,714 [pool-168-thread-1] INFO  storage.RaftStorage (RaftStorage.java:format(72)) - Storage directory /workdir/hadoop-ozone/integration-test/target/test-dir/MiniOzoneClusterImpl-d1f5ba66-8c72-4ad4-ac90-f92cf1c4e2b2/datanode-4/data/ratis/6cf2e9f5-dca3-43d0-83a5-4dd614bfe43f has been successfully formatted.
2019-09-19 09:01:01,714 [pool-168-thread-1] INFO  ratis.ContainerStateMachine (ContainerStateMachine.java:loadSnapshot(226)) - group-4DD614BFE43F: The snapshot info is null. Setting the last applied indexto:(t:0, i:~)
2019-09-19 09:01:01,715 [pool-168-thread-1] INFO  server.RaftServerConfigKeys (ConfUtils.java:logGet(43)) - raft.server.leader.election.timeout = 120s (custom)
2019-09-19 09:01:01,715 [pool-168-thread-1] INFO  server.RaftServerConfigKeys (ConfUtils.java:logGet(43)) - raft.server.log.use.memory = false (default)
2019-09-19 09:01:01,715 [pool-168-thread-1] INFO  server.RaftServerConfigKeys (ConfUtils.java:logGet(43)) - raft.server.log.purge.gap = 1000000 (custom)
2019-09-19 09:01:01,715 [pool-168-thread-1] INFO  server.RaftServerConfigKeys (ConfUtils.java:logGet(43)) - raft.server.log.appender.buffer.byte-limit = 33554432 (custom)
2019-09-19 09:01:01,715 [pool-168-thread-1] INFO  server.RaftServerConfigKeys (ConfUtils.java:logGet(43)) - raft.server.log.segment.size.max = 1048576 (custom)
2019-09-19 09:01:01,715 [pool-168-thread-1] INFO  server.RaftServerConfigKeys (ConfUtils.java:logGet(43)) - raft.server.log.segment.cache.num.max = 2 (custom)
2019-09-19 09:01:01,715 [pool-168-thread-1] INFO  segmented.SegmentedRaftLogWorker (SegmentedRaftLogWorker.java:<init>(172)) - new d6702a85-6b54-4735-8444-02a36c5ec6eb-SegmentedRaftLogWorker:Storage Directory /workdir/hadoop-ozone/integration-test/target/test-dir/MiniOzoneClusterImpl-d1f5ba66-8c72-4ad4-ac90-f92cf1c4e2b2/datanode-4/data/ratis/6cf2e9f5-dca3-43d0-83a5-4dd614bfe43f for RaftStorage:Storage Directory /workdir/hadoop-ozone/integration-test/target/test-dir/MiniOzoneClusterImpl-d1f5ba66-8c72-4ad4-ac90-f92cf1c4e2b2/datanode-4/data/ratis/6cf2e9f5-dca3-43d0-83a5-4dd614bfe43f
2019-09-19 09:01:01,716 [pool-168-thread-1] INFO  server.RaftServerConfigKeys (ConfUtils.java:logGet(43)) - raft.server.log.queue.byte-limit = 2147483647 (custom)
2019-09-19 09:01:01,716 [pool-168-thread-1] INFO  server.RaftServerConfigKeys (ConfUtils.java:logGet(43)) - raft.server.log.queue.element-limit = 1024 (custom)
2019-09-19 09:01:01,716 [pool-168-thread-1] INFO  server.RaftServerConfigKeys (ConfUtils.java:logGet(43)) - raft.server.log.segment.size.max = 1048576 (custom)
2019-09-19 09:01:01,716 [pool-168-thread-1] INFO  server.RaftServerConfigKeys (ConfUtils.java:logGet(43)) - raft.server.log.preallocated.size = 16384 (custom)
2019-09-19 09:01:01,716 [pool-168-thread-1] INFO  server.RaftServerConfigKeys (ConfUtils.java:logGet(43)) - raft.server.log.write.buffer.size = 33554432 (custom)
2019-09-19 09:01:01,716 [pool-168-thread-1] INFO  server.RaftServerConfigKeys (ConfUtils.java:logGet(43)) - raft.server.log.force.sync.num = 128 (default)
2019-09-19 09:01:01,716 [pool-168-thread-1] INFO  server.RaftServerConfigKeys (ConfUtils.java:logGet(43)) - raft.server.log.statemachine.data.sync = true (default)
2019-09-19 09:01:01,717 [pool-168-thread-1] INFO  server.RaftServerConfigKeys (ConfUtils.java:logGet(43)) - raft.server.log.statemachine.data.sync.timeout = 10s (default)
2019-09-19 09:01:01,717 [pool-168-thread-1] INFO  server.RaftServerConfigKeys (ConfUtils.java:logGet(43)) - raft.server.log.statemachine.data.sync.timeout.retry = -1 (default)
2019-09-19 09:01:01,717 [pool-168-thread-1] INFO  server.RaftServerConfigKeys (ConfUtils.java:logGet(43)) - raft.server.log.statemachine.data.caching.enabled = true (custom)
2019-09-19 09:01:01,717 [pool-168-thread-1] INFO  segmented.SegmentedRaftLogWorker (SegmentedRaftLogWorker.java:lambda$new$0(132)) - d6702a85-6b54-4735-8444-02a36c5ec6eb-SegmentedRaftLogWorker:Storage Directory /workdir/hadoop-ozone/integration-test/target/test-dir/MiniOzoneClusterImpl-d1f5ba66-8c72-4ad4-ac90-f92cf1c4e2b2/datanode-4/data/ratis/6cf2e9f5-dca3-43d0-83a5-4dd614bfe43f: flushIndex: setUnconditionally 0 -> -1
2019-09-19 09:01:01,717 [pool-168-thread-1] INFO  server.RaftServerConfigKeys (ConfUtils.java:logGet(43)) - raft.server.snapshot.auto.trigger.enabled = true (custom)
2019-09-19 09:01:01,718 [pool-168-thread-1] INFO  server.RaftServerConfigKeys (ConfUtils.java:logGet(43)) - raft.server.snapshot.auto.trigger.threshold = 10000 (custom)
2019-09-19 09:01:01,718 [pool-168-thread-1] INFO  server.RaftServerConfigKeys (ConfUtils.java:logGet(43)) - raft.server.retrycache.expirytime = 600000ms (custom)
2019-09-19 09:01:01,718 [pool-168-thread-1] INFO  impl.RaftServerImpl (RaftServerImpl.java:start(180)) - d6702a85-6b54-4735-8444-02a36c5ec6eb: start group-4DD614BFE43F
2019-09-19 09:01:01,718 [pool-168-thread-1] INFO  impl.RaftServerImpl (RaftServerImpl.java:setRole(171)) - d6702a85-6b54-4735-8444-02a36c5ec6eb:group-4DD614BFE43F changes role from null to FOLLOWER at term 0 for startAsFollower
2019-09-19 09:01:01,718 [pool-168-thread-1] INFO  impl.RoleInfo (RoleInfo.java:updateAndGet(143)) - d6702a85-6b54-4735-8444-02a36c5ec6eb: start FollowerState
2019-09-19 09:01:01,719 [pool-168-thread-1] INFO  util.JmxRegister (JmxRegister.java:tryRegister(44)) - Successfully registered JMX Bean with object name Ratis:service=RaftServer,group=group-4DD614BFE43F,id=d6702a85-6b54-4735-8444-02a36c5ec6eb
2019-09-19 09:01:01,723 [RatisPipelineUtilsThread] INFO  pipeline.PipelineStateManager (PipelineStateManager.java:addPipeline(56)) - Created pipeline Pipeline[ Id: 6cf2e9f5-dca3-43d0-83a5-4dd614bfe43f, Nodes: d6702a85-6b54-4735-8444-02a36c5ec6eb{ip: 192.168.34.5, host: pr-hdds-1569-j4bt4-3030777008, networkLocation: /default-rack, certSerialId: null}, Type:RATIS, Factor:ONE, State:OPEN]
2019-09-19 09:01:01,724 [RatisPipelineUtilsThread] ERROR pipeline.PipelinePlacementPolicy (PipelinePlacementPolicy.java:meetCriteria(91)) - Pipeline Placement: Doesn't meet the criteria to be viable node. Heaviness: 6
2019-09-19 09:01:01,724 [RatisPipelineUtilsThread] ERROR pipeline.PipelinePlacementPolicy (PipelinePlacementPolicy.java:meetCriteria(91)) - Pipeline Placement: Doesn't meet the criteria to be viable node. Heaviness: 6
2019-09-19 09:01:01,724 [RatisPipelineUtilsThread] ERROR pipeline.PipelinePlacementPolicy (PipelinePlacementPolicy.java:meetCriteria(91)) - Pipeline Placement: Doesn't meet the criteria to be viable node. Heaviness: 6
2019-09-19 09:01:01,724 [RatisPipelineUtilsThread] ERROR pipeline.PipelinePlacementPolicy (PipelinePlacementPolicy.java:meetCriteria(91)) - Pipeline Placement: Doesn't meet the criteria to be viable node. Heaviness: 6
2019-09-19 09:01:01,728 [grpc-default-executor-0] INFO  impl.RaftServerProxy (RaftServerProxy.java:addNew(89)) - d6702a85-6b54-4735-8444-02a36c5ec6eb: addNew group-E36D248BE40E:[d6702a85-6b54-4735-8444-02a36c5ec6eb:192.168.34.5:38063] returns group-E36D248BE40E:java.util.concurrent.CompletableFuture@6312ee23[Not completed]
2019-09-19 09:01:01,729 [pool-168-thread-1] INFO  impl.RaftServerImpl (RaftServerImpl.java:<init>(93)) - d6702a85-6b54-4735-8444-02a36c5ec6eb: new RaftServerImpl for group-E36D248BE40E:[d6702a85-6b54-4735-8444-02a36c5ec6eb:192.168.34.5:38063] with ContainerStateMachine:uninitialized
2019-09-19 09:01:01,729 [pool-168-thread-1] INFO  server.RaftServerConfigKeys (ConfUtils.java:logGet(43)) - raft.server.rpc.timeout.min = 5s (custom)
2019-09-19 09:01:01,729 [pool-168-thread-1] INFO  server.RaftServerConfigKeys (ConfUtils.java:logGet(43)) - raft.server.rpc.timeout.max = 5200ms (custom)
2019-09-19 09:01:01,730 [pool-168-thread-1] INFO  server.RaftServerConfigKeys (ConfUtils.java:logGet(43)) - raft.server.rpcslowness.timeout = 120s (custom)
2019-09-19 09:01:01,730 [pool-168-thread-1] INFO  server.RaftServerConfigKeys (ConfUtils.java:logGet(43)) - raft.server.sleep.deviation.threshold = 300 (default)
2019-09-19 09:01:01,730 [pool-168-thread-1] INFO  server.RaftServerConfigKeys (ConfUtils.java:logGet(43)) - raft.server.log.appender.install.snapshot.enabled = false (custom)
2019-09-19 09:01:01,730 [pool-168-thread-1] INFO  impl.RaftServerImpl (ServerState.java:<init>(105)) - d6702a85-6b54-4735-8444-02a36c5ec6eb:group-E36D248BE40E ConfigurationManager, init=-1: [d6702a85-6b54-4735-8444-02a36c5ec6eb:192.168.34.5:38063], old=null, confs=<EMPTY_MAP>
2019-09-19 09:01:01,730 [pool-168-thread-1] INFO  server.RaftServerConfigKeys (ConfUtils.java:logGet(43)) - raft.server.storage.dir = [/workdir/hadoop-ozone/integration-test/target/test-dir/MiniOzoneClusterImpl-d1f5ba66-8c72-4ad4-ac90-f92cf1c4e2b2/datanode-4/data/ratis] (custom)
2019-09-19 09:01:01,730 [pool-168-thread-1] INFO  storage.RaftStorageDirectory (RaftStorageDirectory.java:analyzeStorage(246)) - The storage directory /workdir/hadoop-ozone/integration-test/target/test-dir/MiniOzoneClusterImpl-d1f5ba66-8c72-4ad4-ac90-f92cf1c4e2b2/datanode-4/data/ratis/6110bbfa-80ae-4a72-809a-e36d248be40e does not exist. Creating ...
2019-09-19 09:01:01,734 [pool-168-thread-1] INFO  storage.RaftStorageDirectory (RaftStorageDirectory.java:tryLock(328)) - Lock on /workdir/hadoop-ozone/integration-test/target/test-dir/MiniOzoneClusterImpl-d1f5ba66-8c72-4ad4-ac90-f92cf1c4e2b2/datanode-4/data/ratis/6110bbfa-80ae-4a72-809a-e36d248be40e/in_use.lock acquired by nodename 12225@pr-hdds-1569-j4bt4-3030777008
2019-09-19 09:01:01,746 [pool-168-thread-1] INFO  storage.RaftStorage (RaftStorage.java:format(72)) - Storage directory /workdir/hadoop-ozone/integration-test/target/test-dir/MiniOzoneClusterImpl-d1f5ba66-8c72-4ad4-ac90-f92cf1c4e2b2/datanode-4/data/ratis/6110bbfa-80ae-4a72-809a-e36d248be40e has been successfully formatted.
2019-09-19 09:01:01,746 [pool-168-thread-1] INFO  ratis.ContainerStateMachine (ContainerStateMachine.java:loadSnapshot(226)) - group-E36D248BE40E: The snapshot info is null. Setting the last applied indexto:(t:0, i:~)
2019-09-19 09:01:01,747 [pool-168-thread-1] INFO  server.RaftServerConfigKeys (ConfUtils.java:logGet(43)) - raft.server.leader.election.timeout = 120s (custom)
2019-09-19 09:01:01,747 [pool-168-thread-1] INFO  server.RaftServerConfigKeys (ConfUtils.java:logGet(43)) - raft.server.log.use.memory = false (default)
2019-09-19 09:01:01,747 [pool-168-thread-1] INFO  server.RaftServerConfigKeys (ConfUtils.java:logGet(43)) - raft.server.log.purge.gap = 1000000 (custom)
2019-09-19 09:01:01,747 [pool-168-thread-1] INFO  server.RaftServerConfigKeys (ConfUtils.java:logGet(43)) - raft.server.log.appender.buffer.byte-limit = 33554432 (custom)
2019-09-19 09:01:01,747 [pool-168-thread-1] INFO  server.RaftServerConfigKeys (ConfUtils.java:logGet(43)) - raft.server.log.segment.size.max = 1048576 (custom)
2019-09-19 09:01:01,747 [pool-168-thread-1] INFO  server.RaftServerConfigKeys (ConfUtils.java:logGet(43)) - raft.server.log.segment.cache.num.max = 2 (custom)
2019-09-19 09:01:01,747 [pool-168-thread-1] INFO  segmented.SegmentedRaftLogWorker (SegmentedRaftLogWorker.java:<init>(172)) - new d6702a85-6b54-4735-8444-02a36c5ec6eb-SegmentedRaftLogWorker:Storage Directory /workdir/hadoop-ozone/integration-test/target/test-dir/MiniOzoneClusterImpl-d1f5ba66-8c72-4ad4-ac90-f92cf1c4e2b2/datanode-4/data/ratis/6110bbfa-80ae-4a72-809a-e36d248be40e for RaftStorage:Storage Directory /workdir/hadoop-ozone/integration-test/target/test-dir/MiniOzoneClusterImpl-d1f5ba66-8c72-4ad4-ac90-f92cf1c4e2b2/datanode-4/data/ratis/6110bbfa-80ae-4a72-809a-e36d248be40e
2019-09-19 09:01:01,747 [pool-168-thread-1] INFO  server.RaftServerConfigKeys (ConfUtils.java:logGet(43)) - raft.server.log.queue.byte-limit = 2147483647 (custom)
2019-09-19 09:01:01,748 [pool-168-thread-1] INFO  server.RaftServerConfigKeys (ConfUtils.java:logGet(43)) - raft.server.log.queue.element-limit = 1024 (custom)
2019-09-19 09:01:01,748 [pool-168-thread-1] INFO  server.RaftServerConfigKeys (ConfUtils.java:logGet(43)) - raft.server.log.segment.size.max = 1048576 (custom)
2019-09-19 09:01:01,748 [pool-168-thread-1] INFO  server.RaftServerConfigKeys (ConfUtils.java:logGet(43)) - raft.server.log.preallocated.size = 16384 (custom)
2019-09-19 09:01:01,748 [pool-168-thread-1] INFO  server.RaftServerConfigKeys (ConfUtils.java:logGet(43)) - raft.server.log.write.buffer.size = 33554432 (custom)
2019-09-19 09:01:01,748 [pool-168-thread-1] INFO  server.RaftServerConfigKeys (ConfUtils.java:logGet(43)) - raft.server.log.force.sync.num = 128 (default)
2019-09-19 09:01:01,748 [pool-168-thread-1] INFO  server.RaftServerConfigKeys (ConfUtils.java:logGet(43)) - raft.server.log.statemachine.data.sync = true (default)
2019-09-19 09:01:01,748 [pool-168-thread-1] INFO  server.RaftServerConfigKeys (ConfUtils.java:logGet(43)) - raft.server.log.statemachine.data.sync.timeout = 10s (default)
2019-09-19 09:01:01,748 [pool-168-thread-1] INFO  server.RaftServerConfigKeys (ConfUtils.java:logGet(43)) - raft.server.log.statemachine.data.sync.timeout.retry = -1 (default)
2019-09-19 09:01:01,749 [pool-168-thread-1] INFO  server.RaftServerConfigKeys (ConfUtils.java:logGet(43)) - raft.server.log.statemachine.data.caching.enabled = true (custom)
2019-09-19 09:01:01,749 [pool-168-thread-1] INFO  segmented.SegmentedRaftLogWorker (SegmentedRaftLogWorker.java:lambda$new$0(132)) - d6702a85-6b54-4735-8444-02a36c5ec6eb-SegmentedRaftLogWorker:Storage Directory /workdir/hadoop-ozone/integration-test/target/test-dir/MiniOzoneClusterImpl-d1f5ba66-8c72-4ad4-ac90-f92cf1c4e2b2/datanode-4/data/ratis/6110bbfa-80ae-4a72-809a-e36d248be40e: flushIndex: setUnconditionally 0 -> -1
2019-09-19 09:01:01,749 [pool-168-thread-1] INFO  server.RaftServerConfigKeys (ConfUtils.java:logGet(43)) - raft.server.snapshot.auto.trigger.enabled = true (custom)
2019-09-19 09:01:01,749 [pool-168-thread-1] INFO  server.RaftServerConfigKeys (ConfUtils.java:logGet(43)) - raft.server.snapshot.auto.trigger.threshold = 10000 (custom)
2019-09-19 09:01:01,750 [pool-168-thread-1] INFO  server.RaftServerConfigKeys (ConfUtils.java:logGet(43)) - raft.server.retrycache.expirytime = 600000ms (custom)
2019-09-19 09:01:01,750 [pool-168-thread-1] INFO  impl.RaftServerImpl (RaftServerImpl.java:start(180)) - d6702a85-6b54-4735-8444-02a36c5ec6eb: start group-E36D248BE40E
2019-09-19 09:01:01,750 [pool-168-thread-1] INFO  impl.RaftServerImpl (RaftServerImpl.java:setRole(171)) - d6702a85-6b54-4735-8444-02a36c5ec6eb:group-E36D248BE40E changes role from null to FOLLOWER at term 0 for startAsFollower
2019-09-19 09:01:01,750 [pool-168-thread-1] INFO  impl.RoleInfo (RoleInfo.java:updateAndGet(143)) - d6702a85-6b54-4735-8444-02a36c5ec6eb: start FollowerState
2019-09-19 09:01:01,750 [pool-168-thread-1] INFO  util.JmxRegister (JmxRegister.java:tryRegister(44)) - Successfully registered JMX Bean with object name Ratis:service=RaftServer,group=group-E36D248BE40E,id=d6702a85-6b54-4735-8444-02a36c5ec6eb
2019-09-19 09:01:01,753 [RatisPipelineUtilsThread] INFO  pipeline.PipelineStateManager (PipelineStateManager.java:addPipeline(56)) - Created pipeline Pipeline[ Id: 6110bbfa-80ae-4a72-809a-e36d248be40e, Nodes: d6702a85-6b54-4735-8444-02a36c5ec6eb{ip: 192.168.34.5, host: pr-hdds-1569-j4bt4-3030777008, networkLocation: /default-rack, certSerialId: null}, Type:RATIS, Factor:ONE, State:OPEN]
2019-09-19 09:01:01,753 [RatisPipelineUtilsThread] ERROR pipeline.PipelinePlacementPolicy (PipelinePlacementPolicy.java:meetCriteria(91)) - Pipeline Placement: Doesn't meet the criteria to be viable node. Heaviness: 6
2019-09-19 09:01:01,753 [RatisPipelineUtilsThread] ERROR pipeline.PipelinePlacementPolicy (PipelinePlacementPolicy.java:meetCriteria(91)) - Pipeline Placement: Doesn't meet the criteria to be viable node. Heaviness: 6
2019-09-19 09:01:01,753 [RatisPipelineUtilsThread] ERROR pipeline.PipelinePlacementPolicy (PipelinePlacementPolicy.java:meetCriteria(91)) - Pipeline Placement: Doesn't meet the criteria to be viable node. Heaviness: 6
2019-09-19 09:01:01,753 [RatisPipelineUtilsThread] ERROR pipeline.PipelinePlacementPolicy (PipelinePlacementPolicy.java:meetCriteria(91)) - Pipeline Placement: Doesn't meet the criteria to be viable node. Heaviness: 6
2019-09-19 09:01:01,758 [grpc-default-executor-0] INFO  impl.RaftServerProxy (RaftServerProxy.java:addNew(89)) - d6702a85-6b54-4735-8444-02a36c5ec6eb: addNew group-1AEFAF0D654D:[d6702a85-6b54-4735-8444-02a36c5ec6eb:192.168.34.5:38063] returns group-1AEFAF0D654D:java.util.concurrent.CompletableFuture@71dc1d68[Not completed]
2019-09-19 09:01:01,759 [pool-168-thread-1] INFO  impl.RaftServerImpl (RaftServerImpl.java:<init>(93)) - d6702a85-6b54-4735-8444-02a36c5ec6eb: new RaftServerImpl for group-1AEFAF0D654D:[d6702a85-6b54-4735-8444-02a36c5ec6eb:192.168.34.5:38063] with ContainerStateMachine:uninitialized
2019-09-19 09:01:01,759 [pool-168-thread-1] INFO  server.RaftServerConfigKeys (ConfUtils.java:logGet(43)) - raft.server.rpc.timeout.min = 5s (custom)
2019-09-19 09:01:01,759 [pool-168-thread-1] INFO  server.RaftServerConfigKeys (ConfUtils.java:logGet(43)) - raft.server.rpc.timeout.max = 5200ms (custom)
2019-09-19 09:01:01,759 [pool-168-thread-1] INFO  server.RaftServerConfigKeys (ConfUtils.java:logGet(43)) - raft.server.rpcslowness.timeout = 120s (custom)
2019-09-19 09:01:01,760 [pool-168-thread-1] INFO  server.RaftServerConfigKeys (ConfUtils.java:logGet(43)) - raft.server.sleep.deviation.threshold = 300 (default)
2019-09-19 09:01:01,760 [pool-168-thread-1] INFO  server.RaftServerConfigKeys (ConfUtils.java:logGet(43)) - raft.server.log.appender.install.snapshot.enabled = false (custom)
2019-09-19 09:01:01,760 [pool-168-thread-1] INFO  impl.RaftServerImpl (ServerState.java:<init>(105)) - d6702a85-6b54-4735-8444-02a36c5ec6eb:group-1AEFAF0D654D ConfigurationManager, init=-1: [d6702a85-6b54-4735-8444-02a36c5ec6eb:192.168.34.5:38063], old=null, confs=<EMPTY_MAP>
2019-09-19 09:01:01,760 [pool-168-thread-1] INFO  server.RaftServerConfigKeys (ConfUtils.java:logGet(43)) - raft.server.storage.dir = [/workdir/hadoop-ozone/integration-test/target/test-dir/MiniOzoneClusterImpl-d1f5ba66-8c72-4ad4-ac90-f92cf1c4e2b2/datanode-4/data/ratis] (custom)
2019-09-19 09:01:01,760 [pool-168-thread-1] INFO  storage.RaftStorageDirectory (RaftStorageDirectory.java:analyzeStorage(246)) - The storage directory /workdir/hadoop-ozone/integration-test/target/test-dir/MiniOzoneClusterImpl-d1f5ba66-8c72-4ad4-ac90-f92cf1c4e2b2/datanode-4/data/ratis/51693ce7-aecb-4638-8cc0-1aefaf0d654d does not exist. Creating ...
2019-09-19 09:01:01,765 [pool-168-thread-1] INFO  storage.RaftStorageDirectory (RaftStorageDirectory.java:tryLock(328)) - Lock on /workdir/hadoop-ozone/integration-test/target/test-dir/MiniOzoneClusterImpl-d1f5ba66-8c72-4ad4-ac90-f92cf1c4e2b2/datanode-4/data/ratis/51693ce7-aecb-4638-8cc0-1aefaf0d654d/in_use.lock acquired by nodename 12225@pr-hdds-1569-j4bt4-3030777008
2019-09-19 09:01:01,793 [pool-168-thread-1] INFO  storage.RaftStorage (RaftStorage.java:format(72)) - Storage directory /workdir/hadoop-ozone/integration-test/target/test-dir/MiniOzoneClusterImpl-d1f5ba66-8c72-4ad4-ac90-f92cf1c4e2b2/datanode-4/data/ratis/51693ce7-aecb-4638-8cc0-1aefaf0d654d has been successfully formatted.
2019-09-19 09:01:01,794 [pool-168-thread-1] INFO  ratis.ContainerStateMachine (ContainerStateMachine.java:loadSnapshot(226)) - group-1AEFAF0D654D: The snapshot info is null. Setting the last applied indexto:(t:0, i:~)
2019-09-19 09:01:01,794 [pool-168-thread-1] INFO  server.RaftServerConfigKeys (ConfUtils.java:logGet(43)) - raft.server.leader.election.timeout = 120s (custom)
2019-09-19 09:01:01,794 [pool-168-thread-1] INFO  server.RaftServerConfigKeys (ConfUtils.java:logGet(43)) - raft.server.log.use.memory = false (default)
2019-09-19 09:01:01,794 [pool-168-thread-1] INFO  server.RaftServerConfigKeys (ConfUtils.java:logGet(43)) - raft.server.log.purge.gap = 1000000 (custom)
2019-09-19 09:01:01,794 [pool-168-thread-1] INFO  server.RaftServerConfigKeys (ConfUtils.java:logGet(43)) - raft.server.log.appender.buffer.byte-limit = 33554432 (custom)
2019-09-19 09:01:01,794 [pool-168-thread-1] INFO  server.RaftServerConfigKeys (ConfUtils.java:logGet(43)) - raft.server.log.segment.size.max = 1048576 (custom)
2019-09-19 09:01:01,795 [pool-168-thread-1] INFO  server.RaftServerConfigKeys (ConfUtils.java:logGet(43)) - raft.server.log.segment.cache.num.max = 2 (custom)
2019-09-19 09:01:01,795 [pool-168-thread-1] INFO  segmented.SegmentedRaftLogWorker (SegmentedRaftLogWorker.java:<init>(172)) - new d6702a85-6b54-4735-8444-02a36c5ec6eb-SegmentedRaftLogWorker:Storage Directory /workdir/hadoop-ozone/integration-test/target/test-dir/MiniOzoneClusterImpl-d1f5ba66-8c72-4ad4-ac90-f92cf1c4e2b2/datanode-4/data/ratis/51693ce7-aecb-4638-8cc0-1aefaf0d654d for RaftStorage:Storage Directory /workdir/hadoop-ozone/integration-test/target/test-dir/MiniOzoneClusterImpl-d1f5ba66-8c72-4ad4-ac90-f92cf1c4e2b2/datanode-4/data/ratis/51693ce7-aecb-4638-8cc0-1aefaf0d654d
2019-09-19 09:01:01,795 [pool-168-thread-1] INFO  server.RaftServerConfigKeys (ConfUtils.java:logGet(43)) - raft.server.log.queue.byte-limit = 2147483647 (custom)
2019-09-19 09:01:01,795 [pool-168-thread-1] INFO  server.RaftServerConfigKeys (ConfUtils.java:logGet(43)) - raft.server.log.queue.element-limit = 1024 (custom)
2019-09-19 09:01:01,795 [pool-168-thread-1] INFO  server.RaftServerConfigKeys (ConfUtils.java:logGet(43)) - raft.server.log.segment.size.max = 1048576 (custom)
2019-09-19 09:01:01,795 [pool-168-thread-1] INFO  server.RaftServerConfigKeys (ConfUtils.java:logGet(43)) - raft.server.log.preallocated.size = 16384 (custom)
2019-09-19 09:01:01,796 [pool-168-thread-1] INFO  server.RaftServerConfigKeys (ConfUtils.java:logGet(43)) - raft.server.log.write.buffer.size = 33554432 (custom)
2019-09-19 09:01:01,796 [pool-168-thread-1] INFO  server.RaftServerConfigKeys (ConfUtils.java:logGet(43)) - raft.server.log.force.sync.num = 128 (default)
2019-09-19 09:01:01,796 [pool-168-thread-1] INFO  server.RaftServerConfigKeys (ConfUtils.java:logGet(43)) - raft.server.log.statemachine.data.sync = true (default)
2019-09-19 09:01:01,796 [pool-168-thread-1] INFO  server.RaftServerConfigKeys (ConfUtils.java:logGet(43)) - raft.server.log.statemachine.data.sync.timeout = 10s (default)
2019-09-19 09:01:01,796 [pool-168-thread-1] INFO  server.RaftServerConfigKeys (ConfUtils.java:logGet(43)) - raft.server.log.statemachine.data.sync.timeout.retry = -1 (default)
2019-09-19 09:01:01,796 [pool-168-thread-1] INFO  server.RaftServerConfigKeys (ConfUtils.java:logGet(43)) - raft.server.log.statemachine.data.caching.enabled = true (custom)
2019-09-19 09:01:01,797 [pool-168-thread-1] INFO  segmented.SegmentedRaftLogWorker (SegmentedRaftLogWorker.java:lambda$new$0(132)) - d6702a85-6b54-4735-8444-02a36c5ec6eb-SegmentedRaftLogWorker:Storage Directory /workdir/hadoop-ozone/integration-test/target/test-dir/MiniOzoneClusterImpl-d1f5ba66-8c72-4ad4-ac90-f92cf1c4e2b2/datanode-4/data/ratis/51693ce7-aecb-4638-8cc0-1aefaf0d654d: flushIndex: setUnconditionally 0 -> -1
2019-09-19 09:01:01,797 [pool-168-thread-1] INFO  server.RaftServerConfigKeys (ConfUtils.java:logGet(43)) - raft.server.snapshot.auto.trigger.enabled = true (custom)
2019-09-19 09:01:01,797 [pool-168-thread-1] INFO  server.RaftServerConfigKeys (ConfUtils.java:logGet(43)) - raft.server.snapshot.auto.trigger.threshold = 10000 (custom)
2019-09-19 09:01:01,797 [pool-168-thread-1] INFO  server.RaftServerConfigKeys (ConfUtils.java:logGet(43)) - raft.server.retrycache.expirytime = 600000ms (custom)
2019-09-19 09:01:01,797 [pool-168-thread-1] INFO  impl.RaftServerImpl (RaftServerImpl.java:start(180)) - d6702a85-6b54-4735-8444-02a36c5ec6eb: start group-1AEFAF0D654D
2019-09-19 09:01:01,798 [pool-168-thread-1] INFO  impl.RaftServerImpl (RaftServerImpl.java:setRole(171)) - d6702a85-6b54-4735-8444-02a36c5ec6eb:group-1AEFAF0D654D changes role from null to FOLLOWER at term 0 for startAsFollower
2019-09-19 09:01:01,798 [pool-168-thread-1] INFO  impl.RoleInfo (RoleInfo.java:updateAndGet(143)) - d6702a85-6b54-4735-8444-02a36c5ec6eb: start FollowerState
2019-09-19 09:01:01,798 [pool-168-thread-1] INFO  util.JmxRegister (JmxRegister.java:tryRegister(44)) - Successfully registered JMX Bean with object name Ratis:service=RaftServer,group=group-1AEFAF0D654D,id=d6702a85-6b54-4735-8444-02a36c5ec6eb
2019-09-19 09:01:01,803 [RatisPipelineUtilsThread] INFO  pipeline.PipelineStateManager (PipelineStateManager.java:addPipeline(56)) - Created pipeline Pipeline[ Id: 51693ce7-aecb-4638-8cc0-1aefaf0d654d, Nodes: d6702a85-6b54-4735-8444-02a36c5ec6eb{ip: 192.168.34.5, host: pr-hdds-1569-j4bt4-3030777008, networkLocation: /default-rack, certSerialId: null}, Type:RATIS, Factor:ONE, State:OPEN]
2019-09-19 09:01:01,803 [RatisPipelineUtilsThread] ERROR pipeline.PipelinePlacementPolicy (PipelinePlacementPolicy.java:meetCriteria(91)) - Pipeline Placement: Doesn't meet the criteria to be viable node. Heaviness: 6
2019-09-19 09:01:01,804 [RatisPipelineUtilsThread] ERROR pipeline.PipelinePlacementPolicy (PipelinePlacementPolicy.java:meetCriteria(91)) - Pipeline Placement: Doesn't meet the criteria to be viable node. Heaviness: 6
2019-09-19 09:01:01,804 [RatisPipelineUtilsThread] ERROR pipeline.PipelinePlacementPolicy (PipelinePlacementPolicy.java:meetCriteria(91)) - Pipeline Placement: Doesn't meet the criteria to be viable node. Heaviness: 6
2019-09-19 09:01:01,804 [RatisPipelineUtilsThread] ERROR pipeline.PipelinePlacementPolicy (PipelinePlacementPolicy.java:meetCriteria(91)) - Pipeline Placement: Doesn't meet the criteria to be viable node. Heaviness: 6
2019-09-19 09:01:01,811 [grpc-default-executor-0] INFO  impl.RaftServerProxy (RaftServerProxy.java:addNew(89)) - d6702a85-6b54-4735-8444-02a36c5ec6eb: addNew group-88D2CD825C4E:[d6702a85-6b54-4735-8444-02a36c5ec6eb:192.168.34.5:38063] returns group-88D2CD825C4E:java.util.concurrent.CompletableFuture@575887ca[Not completed]
2019-09-19 09:01:01,812 [pool-168-thread-1] INFO  impl.RaftServerImpl (RaftServerImpl.java:<init>(93)) - d6702a85-6b54-4735-8444-02a36c5ec6eb: new RaftServerImpl for group-88D2CD825C4E:[d6702a85-6b54-4735-8444-02a36c5ec6eb:192.168.34.5:38063] with ContainerStateMachine:uninitialized
2019-09-19 09:01:01,812 [pool-168-thread-1] INFO  server.RaftServerConfigKeys (ConfUtils.java:logGet(43)) - raft.server.rpc.timeout.min = 5s (custom)
2019-09-19 09:01:01,812 [pool-168-thread-1] INFO  server.RaftServerConfigKeys (ConfUtils.java:logGet(43)) - raft.server.rpc.timeout.max = 5200ms (custom)
2019-09-19 09:01:01,812 [pool-168-thread-1] INFO  server.RaftServerConfigKeys (ConfUtils.java:logGet(43)) - raft.server.rpcslowness.timeout = 120s (custom)
2019-09-19 09:01:01,812 [pool-168-thread-1] INFO  server.RaftServerConfigKeys (ConfUtils.java:logGet(43)) - raft.server.sleep.deviation.threshold = 300 (default)
2019-09-19 09:01:01,812 [pool-168-thread-1] INFO  server.RaftServerConfigKeys (ConfUtils.java:logGet(43)) - raft.server.log.appender.install.snapshot.enabled = false (custom)
2019-09-19 09:01:01,812 [pool-168-thread-1] INFO  impl.RaftServerImpl (ServerState.java:<init>(105)) - d6702a85-6b54-4735-8444-02a36c5ec6eb:group-88D2CD825C4E ConfigurationManager, init=-1: [d6702a85-6b54-4735-8444-02a36c5ec6eb:192.168.34.5:38063], old=null, confs=<EMPTY_MAP>
2019-09-19 09:01:01,812 [pool-168-thread-1] INFO  server.RaftServerConfigKeys (ConfUtils.java:logGet(43)) - raft.server.storage.dir = [/workdir/hadoop-ozone/integration-test/target/test-dir/MiniOzoneClusterImpl-d1f5ba66-8c72-4ad4-ac90-f92cf1c4e2b2/datanode-4/data/ratis] (custom)
2019-09-19 09:01:01,813 [pool-168-thread-1] INFO  storage.RaftStorageDirectory (RaftStorageDirectory.java:analyzeStorage(246)) - The storage directory /workdir/hadoop-ozone/integration-test/target/test-dir/MiniOzoneClusterImpl-d1f5ba66-8c72-4ad4-ac90-f92cf1c4e2b2/datanode-4/data/ratis/e084de49-2c4f-4a7c-ba73-88d2cd825c4e does not exist. Creating ...
2019-09-19 09:01:01,821 [pool-168-thread-1] INFO  storage.RaftStorageDirectory (RaftStorageDirectory.java:tryLock(328)) - Lock on /workdir/hadoop-ozone/integration-test/target/test-dir/MiniOzoneClusterImpl-d1f5ba66-8c72-4ad4-ac90-f92cf1c4e2b2/datanode-4/data/ratis/e084de49-2c4f-4a7c-ba73-88d2cd825c4e/in_use.lock acquired by nodename 12225@pr-hdds-1569-j4bt4-3030777008
2019-09-19 09:01:01,834 [pool-168-thread-1] INFO  storage.RaftStorage (RaftStorage.java:format(72)) - Storage directory /workdir/hadoop-ozone/integration-test/target/test-dir/MiniOzoneClusterImpl-d1f5ba66-8c72-4ad4-ac90-f92cf1c4e2b2/datanode-4/data/ratis/e084de49-2c4f-4a7c-ba73-88d2cd825c4e has been successfully formatted.
2019-09-19 09:01:01,834 [pool-168-thread-1] INFO  ratis.ContainerStateMachine (ContainerStateMachine.java:loadSnapshot(226)) - group-88D2CD825C4E: The snapshot info is null. Setting the last applied indexto:(t:0, i:~)
2019-09-19 09:01:01,834 [pool-168-thread-1] INFO  server.RaftServerConfigKeys (ConfUtils.java:logGet(43)) - raft.server.leader.election.timeout = 120s (custom)
2019-09-19 09:01:01,834 [pool-168-thread-1] INFO  server.RaftServerConfigKeys (ConfUtils.java:logGet(43)) - raft.server.log.use.memory = false (default)
2019-09-19 09:01:01,835 [pool-168-thread-1] INFO  server.RaftServerConfigKeys (ConfUtils.java:logGet(43)) - raft.server.log.purge.gap = 1000000 (custom)
2019-09-19 09:01:01,835 [pool-168-thread-1] INFO  server.RaftServerConfigKeys (ConfUtils.java:logGet(43)) - raft.server.log.appender.buffer.byte-limit = 33554432 (custom)
2019-09-19 09:01:01,835 [pool-168-thread-1] INFO  server.RaftServerConfigKeys (ConfUtils.java:logGet(43)) - raft.server.log.segment.size.max = 1048576 (custom)
2019-09-19 09:01:01,835 [pool-168-thread-1] INFO  server.RaftServerConfigKeys (ConfUtils.java:logGet(43)) - raft.server.log.segment.cache.num.max = 2 (custom)
2019-09-19 09:01:01,835 [pool-168-thread-1] INFO  segmented.SegmentedRaftLogWorker (SegmentedRaftLogWorker.java:<init>(172)) - new d6702a85-6b54-4735-8444-02a36c5ec6eb-SegmentedRaftLogWorker:Storage Directory /workdir/hadoop-ozone/integration-test/target/test-dir/MiniOzoneClusterImpl-d1f5ba66-8c72-4ad4-ac90-f92cf1c4e2b2/datanode-4/data/ratis/e084de49-2c4f-4a7c-ba73-88d2cd825c4e for RaftStorage:Storage Directory /workdir/hadoop-ozone/integration-test/target/test-dir/MiniOzoneClusterImpl-d1f5ba66-8c72-4ad4-ac90-f92cf1c4e2b2/datanode-4/data/ratis/e084de49-2c4f-4a7c-ba73-88d2cd825c4e
2019-09-19 09:01:01,835 [pool-168-thread-1] INFO  server.RaftServerConfigKeys (ConfUtils.java:logGet(43)) - raft.server.log.queue.byte-limit = 2147483647 (custom)
2019-09-19 09:01:01,835 [pool-168-thread-1] INFO  server.RaftServerConfigKeys (ConfUtils.java:logGet(43)) - raft.server.log.queue.element-limit = 1024 (custom)
2019-09-19 09:01:01,835 [pool-168-thread-1] INFO  server.RaftServerConfigKeys (ConfUtils.java:logGet(43)) - raft.server.log.segment.size.max = 1048576 (custom)
2019-09-19 09:01:01,835 [pool-168-thread-1] INFO  server.RaftServerConfigKeys (ConfUtils.java:logGet(43)) - raft.server.log.preallocated.size = 16384 (custom)
2019-09-19 09:01:01,835 [pool-168-thread-1] INFO  server.RaftServerConfigKeys (ConfUtils.java:logGet(43)) - raft.server.log.write.buffer.size = 33554432 (custom)
2019-09-19 09:01:01,835 [pool-168-thread-1] INFO  server.RaftServerConfigKeys (ConfUtils.java:logGet(43)) - raft.server.log.force.sync.num = 128 (default)
2019-09-19 09:01:01,836 [pool-168-thread-1] INFO  server.RaftServerConfigKeys (ConfUtils.java:logGet(43)) - raft.server.log.statemachine.data.sync = true (default)
2019-09-19 09:01:01,836 [pool-168-thread-1] INFO  server.RaftServerConfigKeys (ConfUtils.java:logGet(43)) - raft.server.log.statemachine.data.sync.timeout = 10s (default)
2019-09-19 09:01:01,836 [pool-168-thread-1] INFO  server.RaftServerConfigKeys (ConfUtils.java:logGet(43)) - raft.server.log.statemachine.data.sync.timeout.retry = -1 (default)
2019-09-19 09:01:01,836 [pool-168-thread-1] INFO  server.RaftServerConfigKeys (ConfUtils.java:logGet(43)) - raft.server.log.statemachine.data.caching.enabled = true (custom)
2019-09-19 09:01:01,836 [pool-168-thread-1] INFO  segmented.SegmentedRaftLogWorker (SegmentedRaftLogWorker.java:lambda$new$0(132)) - d6702a85-6b54-4735-8444-02a36c5ec6eb-SegmentedRaftLogWorker:Storage Directory /workdir/hadoop-ozone/integration-test/target/test-dir/MiniOzoneClusterImpl-d1f5ba66-8c72-4ad4-ac90-f92cf1c4e2b2/datanode-4/data/ratis/e084de49-2c4f-4a7c-ba73-88d2cd825c4e: flushIndex: setUnconditionally 0 -> -1
2019-09-19 09:01:01,836 [pool-168-thread-1] INFO  server.RaftServerConfigKeys (ConfUtils.java:logGet(43)) - raft.server.snapshot.auto.trigger.enabled = true (custom)
2019-09-19 09:01:01,836 [pool-168-thread-1] INFO  server.RaftServerConfigKeys (ConfUtils.java:logGet(43)) - raft.server.snapshot.auto.trigger.threshold = 10000 (custom)
2019-09-19 09:01:01,836 [pool-168-thread-1] INFO  server.RaftServerConfigKeys (ConfUtils.java:logGet(43)) - raft.server.retrycache.expirytime = 600000ms (custom)
2019-09-19 09:01:01,837 [pool-168-thread-1] INFO  impl.RaftServerImpl (RaftServerImpl.java:start(180)) - d6702a85-6b54-4735-8444-02a36c5ec6eb: start group-88D2CD825C4E
2019-09-19 09:01:01,837 [pool-168-thread-1] INFO  impl.RaftServerImpl (RaftServerImpl.java:setRole(171)) - d6702a85-6b54-4735-8444-02a36c5ec6eb:group-88D2CD825C4E changes role from null to FOLLOWER at term 0 for startAsFollower
2019-09-19 09:01:01,837 [pool-168-thread-1] INFO  impl.RoleInfo (RoleInfo.java:updateAndGet(143)) - d6702a85-6b54-4735-8444-02a36c5ec6eb: start FollowerState
2019-09-19 09:01:01,837 [pool-168-thread-1] INFO  util.JmxRegister (JmxRegister.java:tryRegister(44)) - Successfully registered JMX Bean with object name Ratis:service=RaftServer,group=group-88D2CD825C4E,id=d6702a85-6b54-4735-8444-02a36c5ec6eb
2019-09-19 09:01:01,840 [RatisPipelineUtilsThread] INFO  pipeline.PipelineStateManager (PipelineStateManager.java:addPipeline(56)) - Created pipeline Pipeline[ Id: e084de49-2c4f-4a7c-ba73-88d2cd825c4e, Nodes: d6702a85-6b54-4735-8444-02a36c5ec6eb{ip: 192.168.34.5, host: pr-hdds-1569-j4bt4-3030777008, networkLocation: /default-rack, certSerialId: null}, Type:RATIS, Factor:ONE, State:OPEN]
2019-09-19 09:01:01,840 [RatisPipelineUtilsThread] ERROR pipeline.PipelinePlacementPolicy (PipelinePlacementPolicy.java:meetCriteria(91)) - Pipeline Placement: Doesn't meet the criteria to be viable node. Heaviness: 6
2019-09-19 09:01:01,840 [RatisPipelineUtilsThread] ERROR pipeline.PipelinePlacementPolicy (PipelinePlacementPolicy.java:meetCriteria(91)) - Pipeline Placement: Doesn't meet the criteria to be viable node. Heaviness: 6
2019-09-19 09:01:01,840 [RatisPipelineUtilsThread] ERROR pipeline.PipelinePlacementPolicy (PipelinePlacementPolicy.java:meetCriteria(91)) - Pipeline Placement: Doesn't meet the criteria to be viable node. Heaviness: 6
2019-09-19 09:01:01,840 [RatisPipelineUtilsThread] ERROR pipeline.PipelinePlacementPolicy (PipelinePlacementPolicy.java:meetCriteria(91)) - Pipeline Placement: Doesn't meet the criteria to be viable node. Heaviness: 6
2019-09-19 09:01:01,849 [grpc-default-executor-0] INFO  impl.RaftServerProxy (RaftServerProxy.java:addNew(89)) - 5f513834-a5c3-47d7-b0df-0e7d236b5db1: addNew group-F4A24B0C915C:[5f513834-a5c3-47d7-b0df-0e7d236b5db1:192.168.34.5:42989] returns group-F4A24B0C915C:java.util.concurrent.CompletableFuture@3f1f70d9[Not completed]
2019-09-19 09:01:01,854 [pool-179-thread-1] INFO  impl.RaftServerImpl (RaftServerImpl.java:<init>(93)) - 5f513834-a5c3-47d7-b0df-0e7d236b5db1: new RaftServerImpl for group-F4A24B0C915C:[5f513834-a5c3-47d7-b0df-0e7d236b5db1:192.168.34.5:42989] with ContainerStateMachine:uninitialized
2019-09-19 09:01:01,854 [pool-179-thread-1] INFO  server.RaftServerConfigKeys (ConfUtils.java:logGet(43)) - raft.server.rpc.timeout.min = 5s (custom)
2019-09-19 09:01:01,855 [pool-179-thread-1] INFO  server.RaftServerConfigKeys (ConfUtils.java:logGet(43)) - raft.server.rpc.timeout.max = 5200ms (custom)
2019-09-19 09:01:01,855 [pool-179-thread-1] INFO  server.RaftServerConfigKeys (ConfUtils.java:logGet(43)) - raft.server.rpcslowness.timeout = 120s (custom)
2019-09-19 09:01:01,855 [pool-179-thread-1] INFO  server.RaftServerConfigKeys (ConfUtils.java:logGet(43)) - raft.server.sleep.deviation.threshold = 300 (default)
2019-09-19 09:01:01,855 [pool-179-thread-1] INFO  server.RaftServerConfigKeys (ConfUtils.java:logGet(43)) - raft.server.log.appender.install.snapshot.enabled = false (custom)
2019-09-19 09:01:01,855 [pool-179-thread-1] INFO  impl.RaftServerImpl (ServerState.java:<init>(105)) - 5f513834-a5c3-47d7-b0df-0e7d236b5db1:group-F4A24B0C915C ConfigurationManager, init=-1: [5f513834-a5c3-47d7-b0df-0e7d236b5db1:192.168.34.5:42989], old=null, confs=<EMPTY_MAP>
2019-09-19 09:01:01,855 [pool-179-thread-1] INFO  server.RaftServerConfigKeys (ConfUtils.java:logGet(43)) - raft.server.storage.dir = [/workdir/hadoop-ozone/integration-test/target/test-dir/MiniOzoneClusterImpl-d1f5ba66-8c72-4ad4-ac90-f92cf1c4e2b2/datanode-5/data/ratis] (custom)
2019-09-19 09:01:01,855 [pool-179-thread-1] INFO  storage.RaftStorageDirectory (RaftStorageDirectory.java:analyzeStorage(246)) - The storage directory /workdir/hadoop-ozone/integration-test/target/test-dir/MiniOzoneClusterImpl-d1f5ba66-8c72-4ad4-ac90-f92cf1c4e2b2/datanode-5/data/ratis/1296f89f-36a6-4a11-9aa1-f4a24b0c915c does not exist. Creating ...
2019-09-19 09:01:01,869 [pool-179-thread-1] INFO  storage.RaftStorageDirectory (RaftStorageDirectory.java:tryLock(328)) - Lock on /workdir/hadoop-ozone/integration-test/target/test-dir/MiniOzoneClusterImpl-d1f5ba66-8c72-4ad4-ac90-f92cf1c4e2b2/datanode-5/data/ratis/1296f89f-36a6-4a11-9aa1-f4a24b0c915c/in_use.lock acquired by nodename 12225@pr-hdds-1569-j4bt4-3030777008
2019-09-19 09:01:01,882 [pool-179-thread-1] INFO  storage.RaftStorage (RaftStorage.java:format(72)) - Storage directory /workdir/hadoop-ozone/integration-test/target/test-dir/MiniOzoneClusterImpl-d1f5ba66-8c72-4ad4-ac90-f92cf1c4e2b2/datanode-5/data/ratis/1296f89f-36a6-4a11-9aa1-f4a24b0c915c has been successfully formatted.
2019-09-19 09:01:01,882 [pool-179-thread-1] INFO  ratis.ContainerStateMachine (ContainerStateMachine.java:loadSnapshot(226)) - group-F4A24B0C915C: The snapshot info is null. Setting the last applied indexto:(t:0, i:~)
2019-09-19 09:01:01,882 [pool-179-thread-1] INFO  server.RaftServerConfigKeys (ConfUtils.java:logGet(43)) - raft.server.leader.election.timeout = 120s (custom)
2019-09-19 09:01:01,883 [pool-179-thread-1] INFO  server.RaftServerConfigKeys (ConfUtils.java:logGet(43)) - raft.server.log.use.memory = false (default)
2019-09-19 09:01:01,883 [pool-179-thread-1] INFO  server.RaftServerConfigKeys (ConfUtils.java:logGet(43)) - raft.server.log.purge.gap = 1000000 (custom)
2019-09-19 09:01:01,883 [pool-179-thread-1] INFO  server.RaftServerConfigKeys (ConfUtils.java:logGet(43)) - raft.server.log.appender.buffer.byte-limit = 33554432 (custom)
2019-09-19 09:01:01,883 [pool-179-thread-1] INFO  server.RaftServerConfigKeys (ConfUtils.java:logGet(43)) - raft.server.log.segment.size.max = 1048576 (custom)
2019-09-19 09:01:01,883 [pool-179-thread-1] INFO  server.RaftServerConfigKeys (ConfUtils.java:logGet(43)) - raft.server.log.segment.cache.num.max = 2 (custom)
2019-09-19 09:01:01,883 [pool-179-thread-1] INFO  segmented.SegmentedRaftLogWorker (SegmentedRaftLogWorker.java:<init>(172)) - new 5f513834-a5c3-47d7-b0df-0e7d236b5db1-SegmentedRaftLogWorker:Storage Directory /workdir/hadoop-ozone/integration-test/target/test-dir/MiniOzoneClusterImpl-d1f5ba66-8c72-4ad4-ac90-f92cf1c4e2b2/datanode-5/data/ratis/1296f89f-36a6-4a11-9aa1-f4a24b0c915c for RaftStorage:Storage Directory /workdir/hadoop-ozone/integration-test/target/test-dir/MiniOzoneClusterImpl-d1f5ba66-8c72-4ad4-ac90-f92cf1c4e2b2/datanode-5/data/ratis/1296f89f-36a6-4a11-9aa1-f4a24b0c915c
2019-09-19 09:01:01,883 [pool-179-thread-1] INFO  server.RaftServerConfigKeys (ConfUtils.java:logGet(43)) - raft.server.log.queue.byte-limit = 2147483647 (custom)
2019-09-19 09:01:01,883 [pool-179-thread-1] INFO  server.RaftServerConfigKeys (ConfUtils.java:logGet(43)) - raft.server.log.queue.element-limit = 1024 (custom)
2019-09-19 09:01:01,884 [pool-179-thread-1] INFO  server.RaftServerConfigKeys (ConfUtils.java:logGet(43)) - raft.server.log.segment.size.max = 1048576 (custom)
2019-09-19 09:01:01,884 [pool-179-thread-1] INFO  server.RaftServerConfigKeys (ConfUtils.java:logGet(43)) - raft.server.log.preallocated.size = 16384 (custom)
2019-09-19 09:01:01,884 [pool-179-thread-1] INFO  server.RaftServerConfigKeys (ConfUtils.java:logGet(43)) - raft.server.log.write.buffer.size = 33554432 (custom)
2019-09-19 09:01:01,884 [pool-179-thread-1] INFO  server.RaftServerConfigKeys (ConfUtils.java:logGet(43)) - raft.server.log.force.sync.num = 128 (default)
2019-09-19 09:01:01,884 [pool-179-thread-1] INFO  server.RaftServerConfigKeys (ConfUtils.java:logGet(43)) - raft.server.log.statemachine.data.sync = true (default)
2019-09-19 09:01:01,884 [pool-179-thread-1] INFO  server.RaftServerConfigKeys (ConfUtils.java:logGet(43)) - raft.server.log.statemachine.data.sync.timeout = 10s (default)
2019-09-19 09:01:01,884 [pool-179-thread-1] INFO  server.RaftServerConfigKeys (ConfUtils.java:logGet(43)) - raft.server.log.statemachine.data.sync.timeout.retry = -1 (default)
2019-09-19 09:01:01,884 [pool-179-thread-1] INFO  server.RaftServerConfigKeys (ConfUtils.java:logGet(43)) - raft.server.log.statemachine.data.caching.enabled = true (custom)
2019-09-19 09:01:01,885 [pool-179-thread-1] INFO  segmented.SegmentedRaftLogWorker (SegmentedRaftLogWorker.java:lambda$new$0(132)) - 5f513834-a5c3-47d7-b0df-0e7d236b5db1-SegmentedRaftLogWorker:Storage Directory /workdir/hadoop-ozone/integration-test/target/test-dir/MiniOzoneClusterImpl-d1f5ba66-8c72-4ad4-ac90-f92cf1c4e2b2/datanode-5/data/ratis/1296f89f-36a6-4a11-9aa1-f4a24b0c915c: flushIndex: setUnconditionally 0 -> -1
2019-09-19 09:01:01,885 [pool-179-thread-1] INFO  server.RaftServerConfigKeys (ConfUtils.java:logGet(43)) - raft.server.snapshot.auto.trigger.enabled = true (custom)
2019-09-19 09:01:01,885 [pool-179-thread-1] INFO  server.RaftServerConfigKeys (ConfUtils.java:logGet(43)) - raft.server.snapshot.auto.trigger.threshold = 10000 (custom)
2019-09-19 09:01:01,885 [pool-179-thread-1] INFO  server.RaftServerConfigKeys (ConfUtils.java:logGet(43)) - raft.server.retrycache.expirytime = 600000ms (custom)
2019-09-19 09:01:01,885 [pool-179-thread-1] INFO  impl.RaftServerImpl (RaftServerImpl.java:start(180)) - 5f513834-a5c3-47d7-b0df-0e7d236b5db1: start group-F4A24B0C915C
2019-09-19 09:01:01,885 [pool-179-thread-1] INFO  impl.RaftServerImpl (RaftServerImpl.java:setRole(171)) - 5f513834-a5c3-47d7-b0df-0e7d236b5db1:group-F4A24B0C915C changes role from null to FOLLOWER at term 0 for startAsFollower
2019-09-19 09:01:01,886 [pool-179-thread-1] INFO  impl.RoleInfo (RoleInfo.java:updateAndGet(143)) - 5f513834-a5c3-47d7-b0df-0e7d236b5db1: start FollowerState
2019-09-19 09:01:01,886 [pool-179-thread-1] INFO  util.JmxRegister (JmxRegister.java:tryRegister(44)) - Successfully registered JMX Bean with object name Ratis:service=RaftServer,group=group-F4A24B0C915C,id=5f513834-a5c3-47d7-b0df-0e7d236b5db1
2019-09-19 09:01:01,888 [RatisPipelineUtilsThread] INFO  pipeline.PipelineStateManager (PipelineStateManager.java:addPipeline(56)) - Created pipeline Pipeline[ Id: 1296f89f-36a6-4a11-9aa1-f4a24b0c915c, Nodes: 5f513834-a5c3-47d7-b0df-0e7d236b5db1{ip: 192.168.34.5, host: pr-hdds-1569-j4bt4-3030777008, networkLocation: /default-rack, certSerialId: null}, Type:RATIS, Factor:ONE, State:OPEN]
2019-09-19 09:01:01,888 [RatisPipelineUtilsThread] ERROR pipeline.PipelinePlacementPolicy (PipelinePlacementPolicy.java:meetCriteria(91)) - Pipeline Placement: Doesn't meet the criteria to be viable node. Heaviness: 6
2019-09-19 09:01:01,889 [RatisPipelineUtilsThread] ERROR pipeline.PipelinePlacementPolicy (PipelinePlacementPolicy.java:meetCriteria(91)) - Pipeline Placement: Doesn't meet the criteria to be viable node. Heaviness: 6
2019-09-19 09:01:01,889 [RatisPipelineUtilsThread] ERROR pipeline.PipelinePlacementPolicy (PipelinePlacementPolicy.java:meetCriteria(91)) - Pipeline Placement: Doesn't meet the criteria to be viable node. Heaviness: 6
2019-09-19 09:01:01,889 [RatisPipelineUtilsThread] ERROR pipeline.PipelinePlacementPolicy (PipelinePlacementPolicy.java:meetCriteria(91)) - Pipeline Placement: Doesn't meet the criteria to be viable node. Heaviness: 6
2019-09-19 09:01:01,890 [main] INFO  ozone.MiniOzoneClusterImpl (MiniOzoneClusterImpl.java:lambda$waitForClusterToBeReady$0(142)) - Waiting for cluster to be ready. Got 6 of 7 DN Heartbeats.
2019-09-19 09:01:01,890 [IPC Server handler 3 on 41086] INFO  net.NetworkTopology (NetworkTopologyImpl.java:add(110)) - Added a new node: /default-rack/beb77c57-4e80-4e72-9c15-fb8c3304f28a
2019-09-19 09:01:01,890 [IPC Server handler 3 on 41086] INFO  node.SCMNodeManager (SCMNodeManager.java:register(273)) - Registered Data node : beb77c57-4e80-4e72-9c15-fb8c3304f28a{ip: 192.168.34.5, host: pr-hdds-1569-j4bt4-3030777008, networkLocation: /default-rack, certSerialId: null}
2019-09-19 09:01:01,891 | INFO  | SCMAudit | user=jenkins1000 | ip=192.168.34.5 | op=REGISTER {datanodeDetails=beb77c57-4e80-4e72-9c15-fb8c3304f28a{ip: 192.168.34.5, host: pr-hdds-1569-j4bt4-3030777008, networkLocation: /default-rack, certSerialId: null}} | ret=SUCCESS |  
2019-09-19 09:01:01,894 [grpc-default-executor-0] INFO  impl.RaftServerProxy (RaftServerProxy.java:addNew(89)) - d6702a85-6b54-4735-8444-02a36c5ec6eb: addNew group-AADF410808D7:[d6702a85-6b54-4735-8444-02a36c5ec6eb:192.168.34.5:38063] returns group-AADF410808D7:java.util.concurrent.CompletableFuture@2fe7cfb0[Not completed]
2019-09-19 09:01:01,895 [pool-168-thread-1] INFO  impl.RaftServerImpl (RaftServerImpl.java:<init>(93)) - d6702a85-6b54-4735-8444-02a36c5ec6eb: new RaftServerImpl for group-AADF410808D7:[d6702a85-6b54-4735-8444-02a36c5ec6eb:192.168.34.5:38063] with ContainerStateMachine:uninitialized
2019-09-19 09:01:01,895 [pool-168-thread-1] INFO  server.RaftServerConfigKeys (ConfUtils.java:logGet(43)) - raft.server.rpc.timeout.min = 5s (custom)
2019-09-19 09:01:01,896 [pool-168-thread-1] INFO  server.RaftServerConfigKeys (ConfUtils.java:logGet(43)) - raft.server.rpc.timeout.max = 5200ms (custom)
2019-09-19 09:01:01,896 [pool-168-thread-1] INFO  server.RaftServerConfigKeys (ConfUtils.java:logGet(43)) - raft.server.rpcslowness.timeout = 120s (custom)
2019-09-19 09:01:01,896 [pool-168-thread-1] INFO  server.RaftServerConfigKeys (ConfUtils.java:logGet(43)) - raft.server.sleep.deviation.threshold = 300 (default)
2019-09-19 09:01:01,896 [pool-168-thread-1] INFO  server.RaftServerConfigKeys (ConfUtils.java:logGet(43)) - raft.server.log.appender.install.snapshot.enabled = false (custom)
2019-09-19 09:01:01,896 [pool-168-thread-1] INFO  impl.RaftServerImpl (ServerState.java:<init>(105)) - d6702a85-6b54-4735-8444-02a36c5ec6eb:group-AADF410808D7 ConfigurationManager, init=-1: [d6702a85-6b54-4735-8444-02a36c5ec6eb:192.168.34.5:38063], old=null, confs=<EMPTY_MAP>
2019-09-19 09:01:01,896 [pool-168-thread-1] INFO  server.RaftServerConfigKeys (ConfUtils.java:logGet(43)) - raft.server.storage.dir = [/workdir/hadoop-ozone/integration-test/target/test-dir/MiniOzoneClusterImpl-d1f5ba66-8c72-4ad4-ac90-f92cf1c4e2b2/datanode-4/data/ratis] (custom)
2019-09-19 09:01:01,897 [pool-168-thread-1] INFO  storage.RaftStorageDirectory (RaftStorageDirectory.java:analyzeStorage(246)) - The storage directory /workdir/hadoop-ozone/integration-test/target/test-dir/MiniOzoneClusterImpl-d1f5ba66-8c72-4ad4-ac90-f92cf1c4e2b2/datanode-4/data/ratis/93d8bf7e-ea51-41d5-ab7d-aadf410808d7 does not exist. Creating ...
2019-09-19 09:01:01,910 [pool-168-thread-1] INFO  storage.RaftStorageDirectory (RaftStorageDirectory.java:tryLock(328)) - Lock on /workdir/hadoop-ozone/integration-test/target/test-dir/MiniOzoneClusterImpl-d1f5ba66-8c72-4ad4-ac90-f92cf1c4e2b2/datanode-4/data/ratis/93d8bf7e-ea51-41d5-ab7d-aadf410808d7/in_use.lock acquired by nodename 12225@pr-hdds-1569-j4bt4-3030777008
2019-09-19 09:01:01,924 [pool-168-thread-1] INFO  storage.RaftStorage (RaftStorage.java:format(72)) - Storage directory /workdir/hadoop-ozone/integration-test/target/test-dir/MiniOzoneClusterImpl-d1f5ba66-8c72-4ad4-ac90-f92cf1c4e2b2/datanode-4/data/ratis/93d8bf7e-ea51-41d5-ab7d-aadf410808d7 has been successfully formatted.
2019-09-19 09:01:01,924 [pool-168-thread-1] INFO  ratis.ContainerStateMachine (ContainerStateMachine.java:loadSnapshot(226)) - group-AADF410808D7: The snapshot info is null. Setting the last applied indexto:(t:0, i:~)
2019-09-19 09:01:01,924 [pool-168-thread-1] INFO  server.RaftServerConfigKeys (ConfUtils.java:logGet(43)) - raft.server.leader.election.timeout = 120s (custom)
2019-09-19 09:01:01,924 [pool-168-thread-1] INFO  server.RaftServerConfigKeys (ConfUtils.java:logGet(43)) - raft.server.log.use.memory = false (default)
2019-09-19 09:01:01,924 [pool-168-thread-1] INFO  server.RaftServerConfigKeys (ConfUtils.java:logGet(43)) - raft.server.log.purge.gap = 1000000 (custom)
2019-09-19 09:01:01,924 [pool-168-thread-1] INFO  server.RaftServerConfigKeys (ConfUtils.java:logGet(43)) - raft.server.log.appender.buffer.byte-limit = 33554432 (custom)
2019-09-19 09:01:01,924 [pool-168-thread-1] INFO  server.RaftServerConfigKeys (ConfUtils.java:logGet(43)) - raft.server.log.segment.size.max = 1048576 (custom)
2019-09-19 09:01:01,925 [pool-168-thread-1] INFO  server.RaftServerConfigKeys (ConfUtils.java:logGet(43)) - raft.server.log.segment.cache.num.max = 2 (custom)
2019-09-19 09:01:01,925 [pool-168-thread-1] INFO  segmented.SegmentedRaftLogWorker (SegmentedRaftLogWorker.java:<init>(172)) - new d6702a85-6b54-4735-8444-02a36c5ec6eb-SegmentedRaftLogWorker:Storage Directory /workdir/hadoop-ozone/integration-test/target/test-dir/MiniOzoneClusterImpl-d1f5ba66-8c72-4ad4-ac90-f92cf1c4e2b2/datanode-4/data/ratis/93d8bf7e-ea51-41d5-ab7d-aadf410808d7 for RaftStorage:Storage Directory /workdir/hadoop-ozone/integration-test/target/test-dir/MiniOzoneClusterImpl-d1f5ba66-8c72-4ad4-ac90-f92cf1c4e2b2/datanode-4/data/ratis/93d8bf7e-ea51-41d5-ab7d-aadf410808d7
2019-09-19 09:01:01,925 [pool-168-thread-1] INFO  server.RaftServerConfigKeys (ConfUtils.java:logGet(43)) - raft.server.log.queue.byte-limit = 2147483647 (custom)
2019-09-19 09:01:01,925 [pool-168-thread-1] INFO  server.RaftServerConfigKeys (ConfUtils.java:logGet(43)) - raft.server.log.queue.element-limit = 1024 (custom)
2019-09-19 09:01:01,925 [pool-168-thread-1] INFO  server.RaftServerConfigKeys (ConfUtils.java:logGet(43)) - raft.server.log.segment.size.max = 1048576 (custom)
2019-09-19 09:01:01,925 [pool-168-thread-1] INFO  server.RaftServerConfigKeys (ConfUtils.java:logGet(43)) - raft.server.log.preallocated.size = 16384 (custom)
2019-09-19 09:01:01,925 [pool-168-thread-1] INFO  server.RaftServerConfigKeys (ConfUtils.java:logGet(43)) - raft.server.log.write.buffer.size = 33554432 (custom)
2019-09-19 09:01:01,925 [pool-168-thread-1] INFO  server.RaftServerConfigKeys (ConfUtils.java:logGet(43)) - raft.server.log.force.sync.num = 128 (default)
2019-09-19 09:01:01,925 [pool-168-thread-1] INFO  server.RaftServerConfigKeys (ConfUtils.java:logGet(43)) - raft.server.log.statemachine.data.sync = true (default)
2019-09-19 09:01:01,925 [pool-168-thread-1] INFO  server.RaftServerConfigKeys (ConfUtils.java:logGet(43)) - raft.server.log.statemachine.data.sync.timeout = 10s (default)
2019-09-19 09:01:01,926 [pool-168-thread-1] INFO  server.RaftServerConfigKeys (ConfUtils.java:logGet(43)) - raft.server.log.statemachine.data.sync.timeout.retry = -1 (default)
2019-09-19 09:01:01,926 [pool-168-thread-1] INFO  server.RaftServerConfigKeys (ConfUtils.java:logGet(43)) - raft.server.log.statemachine.data.caching.enabled = true (custom)
2019-09-19 09:01:01,926 [pool-168-thread-1] INFO  segmented.SegmentedRaftLogWorker (SegmentedRaftLogWorker.java:lambda$new$0(132)) - d6702a85-6b54-4735-8444-02a36c5ec6eb-SegmentedRaftLogWorker:Storage Directory /workdir/hadoop-ozone/integration-test/target/test-dir/MiniOzoneClusterImpl-d1f5ba66-8c72-4ad4-ac90-f92cf1c4e2b2/datanode-4/data/ratis/93d8bf7e-ea51-41d5-ab7d-aadf410808d7: flushIndex: setUnconditionally 0 -> -1
2019-09-19 09:01:01,926 [pool-168-thread-1] INFO  server.RaftServerConfigKeys (ConfUtils.java:logGet(43)) - raft.server.snapshot.auto.trigger.enabled = true (custom)
2019-09-19 09:01:01,926 [pool-168-thread-1] INFO  server.RaftServerConfigKeys (ConfUtils.java:logGet(43)) - raft.server.snapshot.auto.trigger.threshold = 10000 (custom)
2019-09-19 09:01:01,926 [pool-168-thread-1] INFO  server.RaftServerConfigKeys (ConfUtils.java:logGet(43)) - raft.server.retrycache.expirytime = 600000ms (custom)
2019-09-19 09:01:01,926 [pool-168-thread-1] INFO  impl.RaftServerImpl (RaftServerImpl.java:start(180)) - d6702a85-6b54-4735-8444-02a36c5ec6eb: start group-AADF410808D7
2019-09-19 09:01:01,927 [pool-168-thread-1] INFO  impl.RaftServerImpl (RaftServerImpl.java:setRole(171)) - d6702a85-6b54-4735-8444-02a36c5ec6eb:group-AADF410808D7 changes role from null to FOLLOWER at term 0 for startAsFollower
2019-09-19 09:01:01,927 [pool-168-thread-1] INFO  impl.RoleInfo (RoleInfo.java:updateAndGet(143)) - d6702a85-6b54-4735-8444-02a36c5ec6eb: start FollowerState
2019-09-19 09:01:01,927 [pool-168-thread-1] INFO  util.JmxRegister (JmxRegister.java:tryRegister(44)) - Successfully registered JMX Bean with object name Ratis:service=RaftServer,group=group-AADF410808D7,id=d6702a85-6b54-4735-8444-02a36c5ec6eb
2019-09-19 09:01:01,929 [RatisPipelineUtilsThread] INFO  pipeline.PipelineStateManager (PipelineStateManager.java:addPipeline(56)) - Created pipeline Pipeline[ Id: 93d8bf7e-ea51-41d5-ab7d-aadf410808d7, Nodes: d6702a85-6b54-4735-8444-02a36c5ec6eb{ip: 192.168.34.5, host: pr-hdds-1569-j4bt4-3030777008, networkLocation: /default-rack, certSerialId: null}, Type:RATIS, Factor:ONE, State:OPEN]
2019-09-19 09:01:01,929 [RatisPipelineUtilsThread] ERROR pipeline.PipelinePlacementPolicy (PipelinePlacementPolicy.java:meetCriteria(91)) - Pipeline Placement: Doesn't meet the criteria to be viable node. Heaviness: 6
2019-09-19 09:01:01,930 [RatisPipelineUtilsThread] ERROR pipeline.PipelinePlacementPolicy (PipelinePlacementPolicy.java:meetCriteria(91)) - Pipeline Placement: Doesn't meet the criteria to be viable node. Heaviness: 6
2019-09-19 09:01:01,930 [RatisPipelineUtilsThread] ERROR pipeline.PipelinePlacementPolicy (PipelinePlacementPolicy.java:meetCriteria(91)) - Pipeline Placement: Doesn't meet the criteria to be viable node. Heaviness: 6
2019-09-19 09:01:01,930 [RatisPipelineUtilsThread] ERROR pipeline.PipelinePlacementPolicy (PipelinePlacementPolicy.java:meetCriteria(91)) - Pipeline Placement: Doesn't meet the criteria to be viable node. Heaviness: 6
2019-09-19 09:01:01,930 [RatisPipelineUtilsThread] ERROR pipeline.PipelinePlacementPolicy (PipelinePlacementPolicy.java:meetCriteria(91)) - Pipeline Placement: Doesn't meet the criteria to be viable node. Heaviness: 6
2019-09-19 09:01:01,939 [grpc-default-executor-0] INFO  impl.RaftServerProxy (RaftServerProxy.java:addNew(89)) - beb77c57-4e80-4e72-9c15-fb8c3304f28a: addNew group-208E40F7C43A:[beb77c57-4e80-4e72-9c15-fb8c3304f28a:192.168.34.5:36764] returns group-208E40F7C43A:java.util.concurrent.CompletableFuture@30361c27[Not completed]
2019-09-19 09:01:01,945 [pool-190-thread-1] INFO  impl.RaftServerImpl (RaftServerImpl.java:<init>(93)) - beb77c57-4e80-4e72-9c15-fb8c3304f28a: new RaftServerImpl for group-208E40F7C43A:[beb77c57-4e80-4e72-9c15-fb8c3304f28a:192.168.34.5:36764] with ContainerStateMachine:uninitialized
2019-09-19 09:01:01,945 [pool-190-thread-1] INFO  server.RaftServerConfigKeys (ConfUtils.java:logGet(43)) - raft.server.rpc.timeout.min = 5s (custom)
2019-09-19 09:01:01,945 [pool-190-thread-1] INFO  server.RaftServerConfigKeys (ConfUtils.java:logGet(43)) - raft.server.rpc.timeout.max = 5200ms (custom)
2019-09-19 09:01:01,946 [pool-190-thread-1] INFO  server.RaftServerConfigKeys (ConfUtils.java:logGet(43)) - raft.server.rpcslowness.timeout = 120s (custom)
2019-09-19 09:01:01,946 [pool-190-thread-1] INFO  server.RaftServerConfigKeys (ConfUtils.java:logGet(43)) - raft.server.sleep.deviation.threshold = 300 (default)
2019-09-19 09:01:01,946 [pool-190-thread-1] INFO  server.RaftServerConfigKeys (ConfUtils.java:logGet(43)) - raft.server.log.appender.install.snapshot.enabled = false (custom)
2019-09-19 09:01:01,946 [pool-190-thread-1] INFO  impl.RaftServerImpl (ServerState.java:<init>(105)) - beb77c57-4e80-4e72-9c15-fb8c3304f28a:group-208E40F7C43A ConfigurationManager, init=-1: [beb77c57-4e80-4e72-9c15-fb8c3304f28a:192.168.34.5:36764], old=null, confs=<EMPTY_MAP>
2019-09-19 09:01:01,946 [pool-190-thread-1] INFO  server.RaftServerConfigKeys (ConfUtils.java:logGet(43)) - raft.server.storage.dir = [/workdir/hadoop-ozone/integration-test/target/test-dir/MiniOzoneClusterImpl-d1f5ba66-8c72-4ad4-ac90-f92cf1c4e2b2/datanode-6/data/ratis] (custom)
2019-09-19 09:01:01,946 [pool-190-thread-1] INFO  storage.RaftStorageDirectory (RaftStorageDirectory.java:analyzeStorage(246)) - The storage directory /workdir/hadoop-ozone/integration-test/target/test-dir/MiniOzoneClusterImpl-d1f5ba66-8c72-4ad4-ac90-f92cf1c4e2b2/datanode-6/data/ratis/c1de86d9-22a3-442e-94e3-208e40f7c43a does not exist. Creating ...
2019-09-19 09:01:01,959 [pool-190-thread-1] INFO  storage.RaftStorageDirectory (RaftStorageDirectory.java:tryLock(328)) - Lock on /workdir/hadoop-ozone/integration-test/target/test-dir/MiniOzoneClusterImpl-d1f5ba66-8c72-4ad4-ac90-f92cf1c4e2b2/datanode-6/data/ratis/c1de86d9-22a3-442e-94e3-208e40f7c43a/in_use.lock acquired by nodename 12225@pr-hdds-1569-j4bt4-3030777008
2019-09-19 09:01:01,973 [pool-190-thread-1] INFO  storage.RaftStorage (RaftStorage.java:format(72)) - Storage directory /workdir/hadoop-ozone/integration-test/target/test-dir/MiniOzoneClusterImpl-d1f5ba66-8c72-4ad4-ac90-f92cf1c4e2b2/datanode-6/data/ratis/c1de86d9-22a3-442e-94e3-208e40f7c43a has been successfully formatted.
2019-09-19 09:01:01,973 [pool-190-thread-1] INFO  ratis.ContainerStateMachine (ContainerStateMachine.java:loadSnapshot(226)) - group-208E40F7C43A: The snapshot info is null. Setting the last applied indexto:(t:0, i:~)
2019-09-19 09:01:01,973 [pool-190-thread-1] INFO  server.RaftServerConfigKeys (ConfUtils.java:logGet(43)) - raft.server.leader.election.timeout = 120s (custom)
2019-09-19 09:01:01,974 [pool-190-thread-1] INFO  server.RaftServerConfigKeys (ConfUtils.java:logGet(43)) - raft.server.log.use.memory = false (default)
2019-09-19 09:01:01,974 [pool-190-thread-1] INFO  server.RaftServerConfigKeys (ConfUtils.java:logGet(43)) - raft.server.log.purge.gap = 1000000 (custom)
2019-09-19 09:01:01,974 [pool-190-thread-1] INFO  server.RaftServerConfigKeys (ConfUtils.java:logGet(43)) - raft.server.log.appender.buffer.byte-limit = 33554432 (custom)
2019-09-19 09:01:01,974 [pool-190-thread-1] INFO  server.RaftServerConfigKeys (ConfUtils.java:logGet(43)) - raft.server.log.segment.size.max = 1048576 (custom)
2019-09-19 09:01:01,974 [pool-190-thread-1] INFO  server.RaftServerConfigKeys (ConfUtils.java:logGet(43)) - raft.server.log.segment.cache.num.max = 2 (custom)
2019-09-19 09:01:01,974 [pool-190-thread-1] INFO  segmented.SegmentedRaftLogWorker (SegmentedRaftLogWorker.java:<init>(172)) - new beb77c57-4e80-4e72-9c15-fb8c3304f28a-SegmentedRaftLogWorker:Storage Directory /workdir/hadoop-ozone/integration-test/target/test-dir/MiniOzoneClusterImpl-d1f5ba66-8c72-4ad4-ac90-f92cf1c4e2b2/datanode-6/data/ratis/c1de86d9-22a3-442e-94e3-208e40f7c43a for RaftStorage:Storage Directory /workdir/hadoop-ozone/integration-test/target/test-dir/MiniOzoneClusterImpl-d1f5ba66-8c72-4ad4-ac90-f92cf1c4e2b2/datanode-6/data/ratis/c1de86d9-22a3-442e-94e3-208e40f7c43a
2019-09-19 09:01:01,975 [pool-190-thread-1] INFO  server.RaftServerConfigKeys (ConfUtils.java:logGet(43)) - raft.server.log.queue.byte-limit = 2147483647 (custom)
2019-09-19 09:01:01,975 [pool-190-thread-1] INFO  server.RaftServerConfigKeys (ConfUtils.java:logGet(43)) - raft.server.log.queue.element-limit = 1024 (custom)
2019-09-19 09:01:01,975 [pool-190-thread-1] INFO  server.RaftServerConfigKeys (ConfUtils.java:logGet(43)) - raft.server.log.segment.size.max = 1048576 (custom)
2019-09-19 09:01:01,975 [pool-190-thread-1] INFO  server.RaftServerConfigKeys (ConfUtils.java:logGet(43)) - raft.server.log.preallocated.size = 16384 (custom)
2019-09-19 09:01:01,975 [pool-190-thread-1] INFO  server.RaftServerConfigKeys (ConfUtils.java:logGet(43)) - raft.server.log.write.buffer.size = 33554432 (custom)
2019-09-19 09:01:01,976 [pool-190-thread-1] INFO  server.RaftServerConfigKeys (ConfUtils.java:logGet(43)) - raft.server.log.force.sync.num = 128 (default)
2019-09-19 09:01:01,976 [pool-190-thread-1] INFO  server.RaftServerConfigKeys (ConfUtils.java:logGet(43)) - raft.server.log.statemachine.data.sync = true (default)
2019-09-19 09:01:01,976 [pool-190-thread-1] INFO  server.RaftServerConfigKeys (ConfUtils.java:logGet(43)) - raft.server.log.statemachine.data.sync.timeout = 10s (default)
2019-09-19 09:01:01,976 [pool-190-thread-1] INFO  server.RaftServerConfigKeys (ConfUtils.java:logGet(43)) - raft.server.log.statemachine.data.sync.timeout.retry = -1 (default)
2019-09-19 09:01:01,976 [pool-190-thread-1] INFO  server.RaftServerConfigKeys (ConfUtils.java:logGet(43)) - raft.server.log.statemachine.data.caching.enabled = true (custom)
2019-09-19 09:01:01,977 [pool-190-thread-1] INFO  segmented.SegmentedRaftLogWorker (SegmentedRaftLogWorker.java:lambda$new$0(132)) - beb77c57-4e80-4e72-9c15-fb8c3304f28a-SegmentedRaftLogWorker:Storage Directory /workdir/hadoop-ozone/integration-test/target/test-dir/MiniOzoneClusterImpl-d1f5ba66-8c72-4ad4-ac90-f92cf1c4e2b2/datanode-6/data/ratis/c1de86d9-22a3-442e-94e3-208e40f7c43a: flushIndex: setUnconditionally 0 -> -1
2019-09-19 09:01:01,977 [pool-190-thread-1] INFO  server.RaftServerConfigKeys (ConfUtils.java:logGet(43)) - raft.server.snapshot.auto.trigger.enabled = true (custom)
2019-09-19 09:01:01,977 [pool-190-thread-1] INFO  server.RaftServerConfigKeys (ConfUtils.java:logGet(43)) - raft.server.snapshot.auto.trigger.threshold = 10000 (custom)
2019-09-19 09:01:01,978 [pool-190-thread-1] INFO  server.RaftServerConfigKeys (ConfUtils.java:logGet(43)) - raft.server.retrycache.expirytime = 600000ms (custom)
2019-09-19 09:01:01,978 [pool-190-thread-1] INFO  impl.RaftServerImpl (RaftServerImpl.java:start(180)) - beb77c57-4e80-4e72-9c15-fb8c3304f28a: start group-208E40F7C43A
2019-09-19 09:01:01,978 [pool-190-thread-1] INFO  impl.RaftServerImpl (RaftServerImpl.java:setRole(171)) - beb77c57-4e80-4e72-9c15-fb8c3304f28a:group-208E40F7C43A changes role from null to FOLLOWER at term 0 for startAsFollower
2019-09-19 09:01:01,978 [pool-190-thread-1] INFO  impl.RoleInfo (RoleInfo.java:updateAndGet(143)) - beb77c57-4e80-4e72-9c15-fb8c3304f28a: start FollowerState
2019-09-19 09:01:01,978 [pool-190-thread-1] INFO  util.JmxRegister (JmxRegister.java:tryRegister(44)) - Successfully registered JMX Bean with object name Ratis:service=RaftServer,group=group-208E40F7C43A,id=beb77c57-4e80-4e72-9c15-fb8c3304f28a
2019-09-19 09:01:01,983 [RatisPipelineUtilsThread] INFO  pipeline.PipelineStateManager (PipelineStateManager.java:addPipeline(56)) - Created pipeline Pipeline[ Id: c1de86d9-22a3-442e-94e3-208e40f7c43a, Nodes: beb77c57-4e80-4e72-9c15-fb8c3304f28a{ip: 192.168.34.5, host: pr-hdds-1569-j4bt4-3030777008, networkLocation: /default-rack, certSerialId: null}, Type:RATIS, Factor:ONE, State:OPEN]
2019-09-19 09:01:01,983 [RatisPipelineUtilsThread] ERROR pipeline.PipelinePlacementPolicy (PipelinePlacementPolicy.java:meetCriteria(91)) - Pipeline Placement: Doesn't meet the criteria to be viable node. Heaviness: 6
2019-09-19 09:01:01,983 [RatisPipelineUtilsThread] ERROR pipeline.PipelinePlacementPolicy (PipelinePlacementPolicy.java:meetCriteria(91)) - Pipeline Placement: Doesn't meet the criteria to be viable node. Heaviness: 6
2019-09-19 09:01:01,983 [RatisPipelineUtilsThread] ERROR pipeline.PipelinePlacementPolicy (PipelinePlacementPolicy.java:meetCriteria(91)) - Pipeline Placement: Doesn't meet the criteria to be viable node. Heaviness: 6
2019-09-19 09:01:01,983 [RatisPipelineUtilsThread] ERROR pipeline.PipelinePlacementPolicy (PipelinePlacementPolicy.java:meetCriteria(91)) - Pipeline Placement: Doesn't meet the criteria to be viable node. Heaviness: 6
2019-09-19 09:01:01,984 [RatisPipelineUtilsThread] ERROR pipeline.PipelinePlacementPolicy (PipelinePlacementPolicy.java:meetCriteria(91)) - Pipeline Placement: Doesn't meet the criteria to be viable node. Heaviness: 6
2019-09-19 09:01:01,995 [grpc-default-executor-0] INFO  impl.RaftServerProxy (RaftServerProxy.java:addNew(89)) - beb77c57-4e80-4e72-9c15-fb8c3304f28a: addNew group-F1B5BFDFA285:[beb77c57-4e80-4e72-9c15-fb8c3304f28a:192.168.34.5:36764] returns group-F1B5BFDFA285:java.util.concurrent.CompletableFuture@7badb1cd[Not completed]
2019-09-19 09:01:01,996 [pool-190-thread-1] INFO  impl.RaftServerImpl (RaftServerImpl.java:<init>(93)) - beb77c57-4e80-4e72-9c15-fb8c3304f28a: new RaftServerImpl for group-F1B5BFDFA285:[beb77c57-4e80-4e72-9c15-fb8c3304f28a:192.168.34.5:36764] with ContainerStateMachine:uninitialized
2019-09-19 09:01:01,996 [pool-190-thread-1] INFO  server.RaftServerConfigKeys (ConfUtils.java:logGet(43)) - raft.server.rpc.timeout.min = 5s (custom)
2019-09-19 09:01:01,996 [pool-190-thread-1] INFO  server.RaftServerConfigKeys (ConfUtils.java:logGet(43)) - raft.server.rpc.timeout.max = 5200ms (custom)
2019-09-19 09:01:01,996 [pool-190-thread-1] INFO  server.RaftServerConfigKeys (ConfUtils.java:logGet(43)) - raft.server.rpcslowness.timeout = 120s (custom)
2019-09-19 09:01:01,996 [pool-190-thread-1] INFO  server.RaftServerConfigKeys (ConfUtils.java:logGet(43)) - raft.server.sleep.deviation.threshold = 300 (default)
2019-09-19 09:01:01,997 [pool-190-thread-1] INFO  server.RaftServerConfigKeys (ConfUtils.java:logGet(43)) - raft.server.log.appender.install.snapshot.enabled = false (custom)
2019-09-19 09:01:01,997 [pool-190-thread-1] INFO  impl.RaftServerImpl (ServerState.java:<init>(105)) - beb77c57-4e80-4e72-9c15-fb8c3304f28a:group-F1B5BFDFA285 ConfigurationManager, init=-1: [beb77c57-4e80-4e72-9c15-fb8c3304f28a:192.168.34.5:36764], old=null, confs=<EMPTY_MAP>
2019-09-19 09:01:01,997 [pool-190-thread-1] INFO  server.RaftServerConfigKeys (ConfUtils.java:logGet(43)) - raft.server.storage.dir = [/workdir/hadoop-ozone/integration-test/target/test-dir/MiniOzoneClusterImpl-d1f5ba66-8c72-4ad4-ac90-f92cf1c4e2b2/datanode-6/data/ratis] (custom)
2019-09-19 09:01:01,997 [pool-190-thread-1] INFO  storage.RaftStorageDirectory (RaftStorageDirectory.java:analyzeStorage(246)) - The storage directory /workdir/hadoop-ozone/integration-test/target/test-dir/MiniOzoneClusterImpl-d1f5ba66-8c72-4ad4-ac90-f92cf1c4e2b2/datanode-6/data/ratis/3e2b5268-ab20-405b-997f-f1b5bfdfa285 does not exist. Creating ...
2019-09-19 09:01:02,001 [pool-190-thread-1] INFO  storage.RaftStorageDirectory (RaftStorageDirectory.java:tryLock(328)) - Lock on /workdir/hadoop-ozone/integration-test/target/test-dir/MiniOzoneClusterImpl-d1f5ba66-8c72-4ad4-ac90-f92cf1c4e2b2/datanode-6/data/ratis/3e2b5268-ab20-405b-997f-f1b5bfdfa285/in_use.lock acquired by nodename 12225@pr-hdds-1569-j4bt4-3030777008
2019-09-19 09:01:02,005 [pool-190-thread-1] INFO  storage.RaftStorage (RaftStorage.java:format(72)) - Storage directory /workdir/hadoop-ozone/integration-test/target/test-dir/MiniOzoneClusterImpl-d1f5ba66-8c72-4ad4-ac90-f92cf1c4e2b2/datanode-6/data/ratis/3e2b5268-ab20-405b-997f-f1b5bfdfa285 has been successfully formatted.
2019-09-19 09:01:02,006 [pool-190-thread-1] INFO  ratis.ContainerStateMachine (ContainerStateMachine.java:loadSnapshot(226)) - group-F1B5BFDFA285: The snapshot info is null. Setting the last applied indexto:(t:0, i:~)
2019-09-19 09:01:02,006 [pool-190-thread-1] INFO  server.RaftServerConfigKeys (ConfUtils.java:logGet(43)) - raft.server.leader.election.timeout = 120s (custom)
2019-09-19 09:01:02,006 [pool-190-thread-1] INFO  server.RaftServerConfigKeys (ConfUtils.java:logGet(43)) - raft.server.log.use.memory = false (default)
2019-09-19 09:01:02,006 [pool-190-thread-1] INFO  server.RaftServerConfigKeys (ConfUtils.java:logGet(43)) - raft.server.log.purge.gap = 1000000 (custom)
2019-09-19 09:01:02,006 [pool-190-thread-1] INFO  server.RaftServerConfigKeys (ConfUtils.java:logGet(43)) - raft.server.log.appender.buffer.byte-limit = 33554432 (custom)
2019-09-19 09:01:02,006 [pool-190-thread-1] INFO  server.RaftServerConfigKeys (ConfUtils.java:logGet(43)) - raft.server.log.segment.size.max = 1048576 (custom)
2019-09-19 09:01:02,006 [pool-190-thread-1] INFO  server.RaftServerConfigKeys (ConfUtils.java:logGet(43)) - raft.server.log.segment.cache.num.max = 2 (custom)
2019-09-19 09:01:02,006 [pool-190-thread-1] INFO  segmented.SegmentedRaftLogWorker (SegmentedRaftLogWorker.java:<init>(172)) - new beb77c57-4e80-4e72-9c15-fb8c3304f28a-SegmentedRaftLogWorker:Storage Directory /workdir/hadoop-ozone/integration-test/target/test-dir/MiniOzoneClusterImpl-d1f5ba66-8c72-4ad4-ac90-f92cf1c4e2b2/datanode-6/data/ratis/3e2b5268-ab20-405b-997f-f1b5bfdfa285 for RaftStorage:Storage Directory /workdir/hadoop-ozone/integration-test/target/test-dir/MiniOzoneClusterImpl-d1f5ba66-8c72-4ad4-ac90-f92cf1c4e2b2/datanode-6/data/ratis/3e2b5268-ab20-405b-997f-f1b5bfdfa285
2019-09-19 09:01:02,006 [pool-190-thread-1] INFO  server.RaftServerConfigKeys (ConfUtils.java:logGet(43)) - raft.server.log.queue.byte-limit = 2147483647 (custom)
2019-09-19 09:01:02,007 [pool-190-thread-1] INFO  server.RaftServerConfigKeys (ConfUtils.java:logGet(43)) - raft.server.log.queue.element-limit = 1024 (custom)
2019-09-19 09:01:02,007 [pool-190-thread-1] INFO  server.RaftServerConfigKeys (ConfUtils.java:logGet(43)) - raft.server.log.segment.size.max = 1048576 (custom)
2019-09-19 09:01:02,007 [pool-190-thread-1] INFO  server.RaftServerConfigKeys (ConfUtils.java:logGet(43)) - raft.server.log.preallocated.size = 16384 (custom)
2019-09-19 09:01:02,007 [pool-190-thread-1] INFO  server.RaftServerConfigKeys (ConfUtils.java:logGet(43)) - raft.server.log.write.buffer.size = 33554432 (custom)
2019-09-19 09:01:02,007 [pool-190-thread-1] INFO  server.RaftServerConfigKeys (ConfUtils.java:logGet(43)) - raft.server.log.force.sync.num = 128 (default)
2019-09-19 09:01:02,007 [pool-190-thread-1] INFO  server.RaftServerConfigKeys (ConfUtils.java:logGet(43)) - raft.server.log.statemachine.data.sync = true (default)
2019-09-19 09:01:02,007 [pool-190-thread-1] INFO  server.RaftServerConfigKeys (ConfUtils.java:logGet(43)) - raft.server.log.statemachine.data.sync.timeout = 10s (default)
2019-09-19 09:01:02,007 [pool-190-thread-1] INFO  server.RaftServerConfigKeys (ConfUtils.java:logGet(43)) - raft.server.log.statemachine.data.sync.timeout.retry = -1 (default)
2019-09-19 09:01:02,007 [pool-190-thread-1] INFO  server.RaftServerConfigKeys (ConfUtils.java:logGet(43)) - raft.server.log.statemachine.data.caching.enabled = true (custom)
2019-09-19 09:01:02,008 [pool-190-thread-1] INFO  segmented.SegmentedRaftLogWorker (SegmentedRaftLogWorker.java:lambda$new$0(132)) - beb77c57-4e80-4e72-9c15-fb8c3304f28a-SegmentedRaftLogWorker:Storage Directory /workdir/hadoop-ozone/integration-test/target/test-dir/MiniOzoneClusterImpl-d1f5ba66-8c72-4ad4-ac90-f92cf1c4e2b2/datanode-6/data/ratis/3e2b5268-ab20-405b-997f-f1b5bfdfa285: flushIndex: setUnconditionally 0 -> -1
2019-09-19 09:01:02,008 [pool-190-thread-1] INFO  server.RaftServerConfigKeys (ConfUtils.java:logGet(43)) - raft.server.snapshot.auto.trigger.enabled = true (custom)
2019-09-19 09:01:02,008 [pool-190-thread-1] INFO  server.RaftServerConfigKeys (ConfUtils.java:logGet(43)) - raft.server.snapshot.auto.trigger.threshold = 10000 (custom)
2019-09-19 09:01:02,008 [pool-190-thread-1] INFO  server.RaftServerConfigKeys (ConfUtils.java:logGet(43)) - raft.server.retrycache.expirytime = 600000ms (custom)
2019-09-19 09:01:02,008 [pool-190-thread-1] INFO  impl.RaftServerImpl (RaftServerImpl.java:start(180)) - beb77c57-4e80-4e72-9c15-fb8c3304f28a: start group-F1B5BFDFA285
2019-09-19 09:01:02,008 [pool-190-thread-1] INFO  impl.RaftServerImpl (RaftServerImpl.java:setRole(171)) - beb77c57-4e80-4e72-9c15-fb8c3304f28a:group-F1B5BFDFA285 changes role from null to FOLLOWER at term 0 for startAsFollower
2019-09-19 09:01:02,008 [pool-190-thread-1] INFO  impl.RoleInfo (RoleInfo.java:updateAndGet(143)) - beb77c57-4e80-4e72-9c15-fb8c3304f28a: start FollowerState
2019-09-19 09:01:02,009 [pool-190-thread-1] INFO  util.JmxRegister (JmxRegister.java:tryRegister(44)) - Successfully registered JMX Bean with object name Ratis:service=RaftServer,group=group-F1B5BFDFA285,id=beb77c57-4e80-4e72-9c15-fb8c3304f28a
2019-09-19 09:01:02,012 [RatisPipelineUtilsThread] INFO  pipeline.PipelineStateManager (PipelineStateManager.java:addPipeline(56)) - Created pipeline Pipeline[ Id: 3e2b5268-ab20-405b-997f-f1b5bfdfa285, Nodes: beb77c57-4e80-4e72-9c15-fb8c3304f28a{ip: 192.168.34.5, host: pr-hdds-1569-j4bt4-3030777008, networkLocation: /default-rack, certSerialId: null}, Type:RATIS, Factor:ONE, State:OPEN]
2019-09-19 09:01:02,013 [RatisPipelineUtilsThread] ERROR pipeline.PipelinePlacementPolicy (PipelinePlacementPolicy.java:meetCriteria(91)) - Pipeline Placement: Doesn't meet the criteria to be viable node. Heaviness: 6
2019-09-19 09:01:02,013 [RatisPipelineUtilsThread] ERROR pipeline.PipelinePlacementPolicy (PipelinePlacementPolicy.java:meetCriteria(91)) - Pipeline Placement: Doesn't meet the criteria to be viable node. Heaviness: 6
2019-09-19 09:01:02,013 [RatisPipelineUtilsThread] ERROR pipeline.PipelinePlacementPolicy (PipelinePlacementPolicy.java:meetCriteria(91)) - Pipeline Placement: Doesn't meet the criteria to be viable node. Heaviness: 6
2019-09-19 09:01:02,013 [RatisPipelineUtilsThread] ERROR pipeline.PipelinePlacementPolicy (PipelinePlacementPolicy.java:meetCriteria(91)) - Pipeline Placement: Doesn't meet the criteria to be viable node. Heaviness: 6
2019-09-19 09:01:02,013 [RatisPipelineUtilsThread] ERROR pipeline.PipelinePlacementPolicy (PipelinePlacementPolicy.java:meetCriteria(91)) - Pipeline Placement: Doesn't meet the criteria to be viable node. Heaviness: 6
2019-09-19 09:01:02,019 [grpc-default-executor-0] INFO  impl.RaftServerProxy (RaftServerProxy.java:addNew(89)) - 5f513834-a5c3-47d7-b0df-0e7d236b5db1: addNew group-FD25933CA23F:[5f513834-a5c3-47d7-b0df-0e7d236b5db1:192.168.34.5:42989] returns group-FD25933CA23F:java.util.concurrent.CompletableFuture@c9f9ece[Not completed]
2019-09-19 09:01:02,021 [pool-179-thread-1] INFO  impl.RaftServerImpl (RaftServerImpl.java:<init>(93)) - 5f513834-a5c3-47d7-b0df-0e7d236b5db1: new RaftServerImpl for group-FD25933CA23F:[5f513834-a5c3-47d7-b0df-0e7d236b5db1:192.168.34.5:42989] with ContainerStateMachine:uninitialized
2019-09-19 09:01:02,021 [pool-179-thread-1] INFO  server.RaftServerConfigKeys (ConfUtils.java:logGet(43)) - raft.server.rpc.timeout.min = 5s (custom)
2019-09-19 09:01:02,021 [pool-179-thread-1] INFO  server.RaftServerConfigKeys (ConfUtils.java:logGet(43)) - raft.server.rpc.timeout.max = 5200ms (custom)
2019-09-19 09:01:02,021 [pool-179-thread-1] INFO  server.RaftServerConfigKeys (ConfUtils.java:logGet(43)) - raft.server.rpcslowness.timeout = 120s (custom)
2019-09-19 09:01:02,021 [pool-179-thread-1] INFO  server.RaftServerConfigKeys (ConfUtils.java:logGet(43)) - raft.server.sleep.deviation.threshold = 300 (default)
2019-09-19 09:01:02,021 [pool-179-thread-1] INFO  server.RaftServerConfigKeys (ConfUtils.java:logGet(43)) - raft.server.log.appender.install.snapshot.enabled = false (custom)
2019-09-19 09:01:02,021 [pool-179-thread-1] INFO  impl.RaftServerImpl (ServerState.java:<init>(105)) - 5f513834-a5c3-47d7-b0df-0e7d236b5db1:group-FD25933CA23F ConfigurationManager, init=-1: [5f513834-a5c3-47d7-b0df-0e7d236b5db1:192.168.34.5:42989], old=null, confs=<EMPTY_MAP>
2019-09-19 09:01:02,022 [pool-179-thread-1] INFO  server.RaftServerConfigKeys (ConfUtils.java:logGet(43)) - raft.server.storage.dir = [/workdir/hadoop-ozone/integration-test/target/test-dir/MiniOzoneClusterImpl-d1f5ba66-8c72-4ad4-ac90-f92cf1c4e2b2/datanode-5/data/ratis] (custom)
2019-09-19 09:01:02,022 [pool-179-thread-1] INFO  storage.RaftStorageDirectory (RaftStorageDirectory.java:analyzeStorage(246)) - The storage directory /workdir/hadoop-ozone/integration-test/target/test-dir/MiniOzoneClusterImpl-d1f5ba66-8c72-4ad4-ac90-f92cf1c4e2b2/datanode-5/data/ratis/24306834-6d51-4d06-ac7d-fd25933ca23f does not exist. Creating ...
2019-09-19 09:01:02,027 [pool-179-thread-1] INFO  storage.RaftStorageDirectory (RaftStorageDirectory.java:tryLock(328)) - Lock on /workdir/hadoop-ozone/integration-test/target/test-dir/MiniOzoneClusterImpl-d1f5ba66-8c72-4ad4-ac90-f92cf1c4e2b2/datanode-5/data/ratis/24306834-6d51-4d06-ac7d-fd25933ca23f/in_use.lock acquired by nodename 12225@pr-hdds-1569-j4bt4-3030777008
2019-09-19 09:01:02,042 [pool-179-thread-1] INFO  storage.RaftStorage (RaftStorage.java:format(72)) - Storage directory /workdir/hadoop-ozone/integration-test/target/test-dir/MiniOzoneClusterImpl-d1f5ba66-8c72-4ad4-ac90-f92cf1c4e2b2/datanode-5/data/ratis/24306834-6d51-4d06-ac7d-fd25933ca23f has been successfully formatted.
2019-09-19 09:01:02,043 [pool-179-thread-1] INFO  ratis.ContainerStateMachine (ContainerStateMachine.java:loadSnapshot(226)) - group-FD25933CA23F: The snapshot info is null. Setting the last applied indexto:(t:0, i:~)
2019-09-19 09:01:02,043 [pool-179-thread-1] INFO  server.RaftServerConfigKeys (ConfUtils.java:logGet(43)) - raft.server.leader.election.timeout = 120s (custom)
2019-09-19 09:01:02,043 [pool-179-thread-1] INFO  server.RaftServerConfigKeys (ConfUtils.java:logGet(43)) - raft.server.log.use.memory = false (default)
2019-09-19 09:01:02,043 [pool-179-thread-1] INFO  server.RaftServerConfigKeys (ConfUtils.java:logGet(43)) - raft.server.log.purge.gap = 1000000 (custom)
2019-09-19 09:01:02,043 [pool-179-thread-1] INFO  server.RaftServerConfigKeys (ConfUtils.java:logGet(43)) - raft.server.log.appender.buffer.byte-limit = 33554432 (custom)
2019-09-19 09:01:02,044 [pool-179-thread-1] INFO  server.RaftServerConfigKeys (ConfUtils.java:logGet(43)) - raft.server.log.segment.size.max = 1048576 (custom)
2019-09-19 09:01:02,044 [pool-179-thread-1] INFO  server.RaftServerConfigKeys (ConfUtils.java:logGet(43)) - raft.server.log.segment.cache.num.max = 2 (custom)
2019-09-19 09:01:02,044 [pool-179-thread-1] INFO  segmented.SegmentedRaftLogWorker (SegmentedRaftLogWorker.java:<init>(172)) - new 5f513834-a5c3-47d7-b0df-0e7d236b5db1-SegmentedRaftLogWorker:Storage Directory /workdir/hadoop-ozone/integration-test/target/test-dir/MiniOzoneClusterImpl-d1f5ba66-8c72-4ad4-ac90-f92cf1c4e2b2/datanode-5/data/ratis/24306834-6d51-4d06-ac7d-fd25933ca23f for RaftStorage:Storage Directory /workdir/hadoop-ozone/integration-test/target/test-dir/MiniOzoneClusterImpl-d1f5ba66-8c72-4ad4-ac90-f92cf1c4e2b2/datanode-5/data/ratis/24306834-6d51-4d06-ac7d-fd25933ca23f
2019-09-19 09:01:02,044 [pool-179-thread-1] INFO  server.RaftServerConfigKeys (ConfUtils.java:logGet(43)) - raft.server.log.queue.byte-limit = 2147483647 (custom)
2019-09-19 09:01:02,044 [pool-179-thread-1] INFO  server.RaftServerConfigKeys (ConfUtils.java:logGet(43)) - raft.server.log.queue.element-limit = 1024 (custom)
2019-09-19 09:01:02,044 [pool-179-thread-1] INFO  server.RaftServerConfigKeys (ConfUtils.java:logGet(43)) - raft.server.log.segment.size.max = 1048576 (custom)
2019-09-19 09:01:02,045 [pool-179-thread-1] INFO  server.RaftServerConfigKeys (ConfUtils.java:logGet(43)) - raft.server.log.preallocated.size = 16384 (custom)
2019-09-19 09:01:02,045 [pool-179-thread-1] INFO  server.RaftServerConfigKeys (ConfUtils.java:logGet(43)) - raft.server.log.write.buffer.size = 33554432 (custom)
2019-09-19 09:01:02,045 [pool-179-thread-1] INFO  server.RaftServerConfigKeys (ConfUtils.java:logGet(43)) - raft.server.log.force.sync.num = 128 (default)
2019-09-19 09:01:02,045 [pool-179-thread-1] INFO  server.RaftServerConfigKeys (ConfUtils.java:logGet(43)) - raft.server.log.statemachine.data.sync = true (default)
2019-09-19 09:01:02,045 [pool-179-thread-1] INFO  server.RaftServerConfigKeys (ConfUtils.java:logGet(43)) - raft.server.log.statemachine.data.sync.timeout = 10s (default)
2019-09-19 09:01:02,045 [pool-179-thread-1] INFO  server.RaftServerConfigKeys (ConfUtils.java:logGet(43)) - raft.server.log.statemachine.data.sync.timeout.retry = -1 (default)
2019-09-19 09:01:02,045 [pool-179-thread-1] INFO  server.RaftServerConfigKeys (ConfUtils.java:logGet(43)) - raft.server.log.statemachine.data.caching.enabled = true (custom)
2019-09-19 09:01:02,046 [pool-179-thread-1] INFO  segmented.SegmentedRaftLogWorker (SegmentedRaftLogWorker.java:lambda$new$0(132)) - 5f513834-a5c3-47d7-b0df-0e7d236b5db1-SegmentedRaftLogWorker:Storage Directory /workdir/hadoop-ozone/integration-test/target/test-dir/MiniOzoneClusterImpl-d1f5ba66-8c72-4ad4-ac90-f92cf1c4e2b2/datanode-5/data/ratis/24306834-6d51-4d06-ac7d-fd25933ca23f: flushIndex: setUnconditionally 0 -> -1
2019-09-19 09:01:02,046 [pool-179-thread-1] INFO  server.RaftServerConfigKeys (ConfUtils.java:logGet(43)) - raft.server.snapshot.auto.trigger.enabled = true (custom)
2019-09-19 09:01:02,046 [pool-179-thread-1] INFO  server.RaftServerConfigKeys (ConfUtils.java:logGet(43)) - raft.server.snapshot.auto.trigger.threshold = 10000 (custom)
2019-09-19 09:01:02,047 [pool-179-thread-1] INFO  server.RaftServerConfigKeys (ConfUtils.java:logGet(43)) - raft.server.retrycache.expirytime = 600000ms (custom)
2019-09-19 09:01:02,047 [pool-179-thread-1] INFO  impl.RaftServerImpl (RaftServerImpl.java:start(180)) - 5f513834-a5c3-47d7-b0df-0e7d236b5db1: start group-FD25933CA23F
2019-09-19 09:01:02,047 [pool-179-thread-1] INFO  impl.RaftServerImpl (RaftServerImpl.java:setRole(171)) - 5f513834-a5c3-47d7-b0df-0e7d236b5db1:group-FD25933CA23F changes role from null to FOLLOWER at term 0 for startAsFollower
2019-09-19 09:01:02,047 [pool-179-thread-1] INFO  impl.RoleInfo (RoleInfo.java:updateAndGet(143)) - 5f513834-a5c3-47d7-b0df-0e7d236b5db1: start FollowerState
2019-09-19 09:01:02,048 [pool-179-thread-1] INFO  util.JmxRegister (JmxRegister.java:tryRegister(44)) - Successfully registered JMX Bean with object name Ratis:service=RaftServer,group=group-FD25933CA23F,id=5f513834-a5c3-47d7-b0df-0e7d236b5db1
2019-09-19 09:01:02,051 [RatisPipelineUtilsThread] INFO  pipeline.PipelineStateManager (PipelineStateManager.java:addPipeline(56)) - Created pipeline Pipeline[ Id: 24306834-6d51-4d06-ac7d-fd25933ca23f, Nodes: 5f513834-a5c3-47d7-b0df-0e7d236b5db1{ip: 192.168.34.5, host: pr-hdds-1569-j4bt4-3030777008, networkLocation: /default-rack, certSerialId: null}, Type:RATIS, Factor:ONE, State:OPEN]
2019-09-19 09:01:02,052 [RatisPipelineUtilsThread] ERROR pipeline.PipelinePlacementPolicy (PipelinePlacementPolicy.java:meetCriteria(91)) - Pipeline Placement: Doesn't meet the criteria to be viable node. Heaviness: 6
2019-09-19 09:01:02,052 [RatisPipelineUtilsThread] ERROR pipeline.PipelinePlacementPolicy (PipelinePlacementPolicy.java:meetCriteria(91)) - Pipeline Placement: Doesn't meet the criteria to be viable node. Heaviness: 6
2019-09-19 09:01:02,052 [RatisPipelineUtilsThread] ERROR pipeline.PipelinePlacementPolicy (PipelinePlacementPolicy.java:meetCriteria(91)) - Pipeline Placement: Doesn't meet the criteria to be viable node. Heaviness: 6
2019-09-19 09:01:02,052 [RatisPipelineUtilsThread] ERROR pipeline.PipelinePlacementPolicy (PipelinePlacementPolicy.java:meetCriteria(91)) - Pipeline Placement: Doesn't meet the criteria to be viable node. Heaviness: 6
2019-09-19 09:01:02,053 [RatisPipelineUtilsThread] ERROR pipeline.PipelinePlacementPolicy (PipelinePlacementPolicy.java:meetCriteria(91)) - Pipeline Placement: Doesn't meet the criteria to be viable node. Heaviness: 6
2019-09-19 09:01:02,059 [grpc-default-executor-0] INFO  impl.RaftServerProxy (RaftServerProxy.java:addNew(89)) - 5f513834-a5c3-47d7-b0df-0e7d236b5db1: addNew group-F2C8E0295381:[5f513834-a5c3-47d7-b0df-0e7d236b5db1:192.168.34.5:42989] returns group-F2C8E0295381:java.util.concurrent.CompletableFuture@55a611da[Not completed]
2019-09-19 09:01:02,060 [pool-179-thread-1] INFO  impl.RaftServerImpl (RaftServerImpl.java:<init>(93)) - 5f513834-a5c3-47d7-b0df-0e7d236b5db1: new RaftServerImpl for group-F2C8E0295381:[5f513834-a5c3-47d7-b0df-0e7d236b5db1:192.168.34.5:42989] with ContainerStateMachine:uninitialized
2019-09-19 09:01:02,061 [pool-179-thread-1] INFO  server.RaftServerConfigKeys (ConfUtils.java:logGet(43)) - raft.server.rpc.timeout.min = 5s (custom)
2019-09-19 09:01:02,061 [pool-179-thread-1] INFO  server.RaftServerConfigKeys (ConfUtils.java:logGet(43)) - raft.server.rpc.timeout.max = 5200ms (custom)
2019-09-19 09:01:02,061 [pool-179-thread-1] INFO  server.RaftServerConfigKeys (ConfUtils.java:logGet(43)) - raft.server.rpcslowness.timeout = 120s (custom)
2019-09-19 09:01:02,061 [pool-179-thread-1] INFO  server.RaftServerConfigKeys (ConfUtils.java:logGet(43)) - raft.server.sleep.deviation.threshold = 300 (default)
2019-09-19 09:01:02,061 [pool-179-thread-1] INFO  server.RaftServerConfigKeys (ConfUtils.java:logGet(43)) - raft.server.log.appender.install.snapshot.enabled = false (custom)
2019-09-19 09:01:02,061 [pool-179-thread-1] INFO  impl.RaftServerImpl (ServerState.java:<init>(105)) - 5f513834-a5c3-47d7-b0df-0e7d236b5db1:group-F2C8E0295381 ConfigurationManager, init=-1: [5f513834-a5c3-47d7-b0df-0e7d236b5db1:192.168.34.5:42989], old=null, confs=<EMPTY_MAP>
2019-09-19 09:01:02,061 [pool-179-thread-1] INFO  server.RaftServerConfigKeys (ConfUtils.java:logGet(43)) - raft.server.storage.dir = [/workdir/hadoop-ozone/integration-test/target/test-dir/MiniOzoneClusterImpl-d1f5ba66-8c72-4ad4-ac90-f92cf1c4e2b2/datanode-5/data/ratis] (custom)
2019-09-19 09:01:02,061 [pool-179-thread-1] INFO  storage.RaftStorageDirectory (RaftStorageDirectory.java:analyzeStorage(246)) - The storage directory /workdir/hadoop-ozone/integration-test/target/test-dir/MiniOzoneClusterImpl-d1f5ba66-8c72-4ad4-ac90-f92cf1c4e2b2/datanode-5/data/ratis/b981e42e-78c3-4f0d-bc5e-f2c8e0295381 does not exist. Creating ...
2019-09-19 09:01:02,064 [pool-179-thread-1] INFO  storage.RaftStorageDirectory (RaftStorageDirectory.java:tryLock(328)) - Lock on /workdir/hadoop-ozone/integration-test/target/test-dir/MiniOzoneClusterImpl-d1f5ba66-8c72-4ad4-ac90-f92cf1c4e2b2/datanode-5/data/ratis/b981e42e-78c3-4f0d-bc5e-f2c8e0295381/in_use.lock acquired by nodename 12225@pr-hdds-1569-j4bt4-3030777008
2019-09-19 09:01:02,083 [pool-179-thread-1] INFO  storage.RaftStorage (RaftStorage.java:format(72)) - Storage directory /workdir/hadoop-ozone/integration-test/target/test-dir/MiniOzoneClusterImpl-d1f5ba66-8c72-4ad4-ac90-f92cf1c4e2b2/datanode-5/data/ratis/b981e42e-78c3-4f0d-bc5e-f2c8e0295381 has been successfully formatted.
2019-09-19 09:01:02,084 [pool-179-thread-1] INFO  ratis.ContainerStateMachine (ContainerStateMachine.java:loadSnapshot(226)) - group-F2C8E0295381: The snapshot info is null. Setting the last applied indexto:(t:0, i:~)
2019-09-19 09:01:02,084 [pool-179-thread-1] INFO  server.RaftServerConfigKeys (ConfUtils.java:logGet(43)) - raft.server.leader.election.timeout = 120s (custom)
2019-09-19 09:01:02,084 [pool-179-thread-1] INFO  server.RaftServerConfigKeys (ConfUtils.java:logGet(43)) - raft.server.log.use.memory = false (default)
2019-09-19 09:01:02,085 [pool-179-thread-1] INFO  server.RaftServerConfigKeys (ConfUtils.java:logGet(43)) - raft.server.log.purge.gap = 1000000 (custom)
2019-09-19 09:01:02,085 [pool-179-thread-1] INFO  server.RaftServerConfigKeys (ConfUtils.java:logGet(43)) - raft.server.log.appender.buffer.byte-limit = 33554432 (custom)
2019-09-19 09:01:02,085 [pool-179-thread-1] INFO  server.RaftServerConfigKeys (ConfUtils.java:logGet(43)) - raft.server.log.segment.size.max = 1048576 (custom)
2019-09-19 09:01:02,085 [pool-179-thread-1] INFO  server.RaftServerConfigKeys (ConfUtils.java:logGet(43)) - raft.server.log.segment.cache.num.max = 2 (custom)
2019-09-19 09:01:02,085 [pool-179-thread-1] INFO  segmented.SegmentedRaftLogWorker (SegmentedRaftLogWorker.java:<init>(172)) - new 5f513834-a5c3-47d7-b0df-0e7d236b5db1-SegmentedRaftLogWorker:Storage Directory /workdir/hadoop-ozone/integration-test/target/test-dir/MiniOzoneClusterImpl-d1f5ba66-8c72-4ad4-ac90-f92cf1c4e2b2/datanode-5/data/ratis/b981e42e-78c3-4f0d-bc5e-f2c8e0295381 for RaftStorage:Storage Directory /workdir/hadoop-ozone/integration-test/target/test-dir/MiniOzoneClusterImpl-d1f5ba66-8c72-4ad4-ac90-f92cf1c4e2b2/datanode-5/data/ratis/b981e42e-78c3-4f0d-bc5e-f2c8e0295381
2019-09-19 09:01:02,085 [pool-179-thread-1] INFO  server.RaftServerConfigKeys (ConfUtils.java:logGet(43)) - raft.server.log.queue.byte-limit = 2147483647 (custom)
2019-09-19 09:01:02,086 [pool-179-thread-1] INFO  server.RaftServerConfigKeys (ConfUtils.java:logGet(43)) - raft.server.log.queue.element-limit = 1024 (custom)
2019-09-19 09:01:02,086 [pool-179-thread-1] INFO  server.RaftServerConfigKeys (ConfUtils.java:logGet(43)) - raft.server.log.segment.size.max = 1048576 (custom)
2019-09-19 09:01:02,086 [pool-179-thread-1] INFO  server.RaftServerConfigKeys (ConfUtils.java:logGet(43)) - raft.server.log.preallocated.size = 16384 (custom)
2019-09-19 09:01:02,086 [pool-179-thread-1] INFO  server.RaftServerConfigKeys (ConfUtils.java:logGet(43)) - raft.server.log.write.buffer.size = 33554432 (custom)
2019-09-19 09:01:02,086 [pool-179-thread-1] INFO  server.RaftServerConfigKeys (ConfUtils.java:logGet(43)) - raft.server.log.force.sync.num = 128 (default)
2019-09-19 09:01:02,086 [pool-179-thread-1] INFO  server.RaftServerConfigKeys (ConfUtils.java:logGet(43)) - raft.server.log.statemachine.data.sync = true (default)
2019-09-19 09:01:02,087 [pool-179-thread-1] INFO  server.RaftServerConfigKeys (ConfUtils.java:logGet(43)) - raft.server.log.statemachine.data.sync.timeout = 10s (default)
2019-09-19 09:01:02,087 [pool-179-thread-1] INFO  server.RaftServerConfigKeys (ConfUtils.java:logGet(43)) - raft.server.log.statemachine.data.sync.timeout.retry = -1 (default)
2019-09-19 09:01:02,087 [pool-179-thread-1] INFO  server.RaftServerConfigKeys (ConfUtils.java:logGet(43)) - raft.server.log.statemachine.data.caching.enabled = true (custom)
2019-09-19 09:01:02,087 [pool-179-thread-1] INFO  segmented.SegmentedRaftLogWorker (SegmentedRaftLogWorker.java:lambda$new$0(132)) - 5f513834-a5c3-47d7-b0df-0e7d236b5db1-SegmentedRaftLogWorker:Storage Directory /workdir/hadoop-ozone/integration-test/target/test-dir/MiniOzoneClusterImpl-d1f5ba66-8c72-4ad4-ac90-f92cf1c4e2b2/datanode-5/data/ratis/b981e42e-78c3-4f0d-bc5e-f2c8e0295381: flushIndex: setUnconditionally 0 -> -1
2019-09-19 09:01:02,088 [pool-179-thread-1] INFO  server.RaftServerConfigKeys (ConfUtils.java:logGet(43)) - raft.server.snapshot.auto.trigger.enabled = true (custom)
2019-09-19 09:01:02,088 [pool-179-thread-1] INFO  server.RaftServerConfigKeys (ConfUtils.java:logGet(43)) - raft.server.snapshot.auto.trigger.threshold = 10000 (custom)
2019-09-19 09:01:02,088 [pool-179-thread-1] INFO  server.RaftServerConfigKeys (ConfUtils.java:logGet(43)) - raft.server.retrycache.expirytime = 600000ms (custom)
2019-09-19 09:01:02,088 [pool-179-thread-1] INFO  impl.RaftServerImpl (RaftServerImpl.java:start(180)) - 5f513834-a5c3-47d7-b0df-0e7d236b5db1: start group-F2C8E0295381
2019-09-19 09:01:02,089 [pool-179-thread-1] INFO  impl.RaftServerImpl (RaftServerImpl.java:setRole(171)) - 5f513834-a5c3-47d7-b0df-0e7d236b5db1:group-F2C8E0295381 changes role from null to FOLLOWER at term 0 for startAsFollower
2019-09-19 09:01:02,089 [pool-179-thread-1] INFO  impl.RoleInfo (RoleInfo.java:updateAndGet(143)) - 5f513834-a5c3-47d7-b0df-0e7d236b5db1: start FollowerState
2019-09-19 09:01:02,089 [pool-179-thread-1] INFO  util.JmxRegister (JmxRegister.java:tryRegister(44)) - Successfully registered JMX Bean with object name Ratis:service=RaftServer,group=group-F2C8E0295381,id=5f513834-a5c3-47d7-b0df-0e7d236b5db1
2019-09-19 09:01:02,099 [RatisPipelineUtilsThread] INFO  pipeline.PipelineStateManager (PipelineStateManager.java:addPipeline(56)) - Created pipeline Pipeline[ Id: b981e42e-78c3-4f0d-bc5e-f2c8e0295381, Nodes: 5f513834-a5c3-47d7-b0df-0e7d236b5db1{ip: 192.168.34.5, host: pr-hdds-1569-j4bt4-3030777008, networkLocation: /default-rack, certSerialId: null}, Type:RATIS, Factor:ONE, State:OPEN]
2019-09-19 09:01:02,100 [RatisPipelineUtilsThread] ERROR pipeline.PipelinePlacementPolicy (PipelinePlacementPolicy.java:meetCriteria(91)) - Pipeline Placement: Doesn't meet the criteria to be viable node. Heaviness: 6
2019-09-19 09:01:02,100 [RatisPipelineUtilsThread] ERROR pipeline.PipelinePlacementPolicy (PipelinePlacementPolicy.java:meetCriteria(91)) - Pipeline Placement: Doesn't meet the criteria to be viable node. Heaviness: 6
2019-09-19 09:01:02,100 [RatisPipelineUtilsThread] ERROR pipeline.PipelinePlacementPolicy (PipelinePlacementPolicy.java:meetCriteria(91)) - Pipeline Placement: Doesn't meet the criteria to be viable node. Heaviness: 6
2019-09-19 09:01:02,100 [RatisPipelineUtilsThread] ERROR pipeline.PipelinePlacementPolicy (PipelinePlacementPolicy.java:meetCriteria(91)) - Pipeline Placement: Doesn't meet the criteria to be viable node. Heaviness: 6
2019-09-19 09:01:02,100 [RatisPipelineUtilsThread] ERROR pipeline.PipelinePlacementPolicy (PipelinePlacementPolicy.java:meetCriteria(91)) - Pipeline Placement: Doesn't meet the criteria to be viable node. Heaviness: 6
2019-09-19 09:01:02,105 [grpc-default-executor-0] INFO  impl.RaftServerProxy (RaftServerProxy.java:addNew(89)) - 5f513834-a5c3-47d7-b0df-0e7d236b5db1: addNew group-6A546E6077F2:[5f513834-a5c3-47d7-b0df-0e7d236b5db1:192.168.34.5:42989] returns group-6A546E6077F2:java.util.concurrent.CompletableFuture@6ada798e[Not completed]
2019-09-19 09:01:02,106 [pool-179-thread-1] INFO  impl.RaftServerImpl (RaftServerImpl.java:<init>(93)) - 5f513834-a5c3-47d7-b0df-0e7d236b5db1: new RaftServerImpl for group-6A546E6077F2:[5f513834-a5c3-47d7-b0df-0e7d236b5db1:192.168.34.5:42989] with ContainerStateMachine:uninitialized
2019-09-19 09:01:02,106 [pool-179-thread-1] INFO  server.RaftServerConfigKeys (ConfUtils.java:logGet(43)) - raft.server.rpc.timeout.min = 5s (custom)
2019-09-19 09:01:02,106 [pool-179-thread-1] INFO  server.RaftServerConfigKeys (ConfUtils.java:logGet(43)) - raft.server.rpc.timeout.max = 5200ms (custom)
2019-09-19 09:01:02,106 [pool-179-thread-1] INFO  server.RaftServerConfigKeys (ConfUtils.java:logGet(43)) - raft.server.rpcslowness.timeout = 120s (custom)
2019-09-19 09:01:02,106 [pool-179-thread-1] INFO  server.RaftServerConfigKeys (ConfUtils.java:logGet(43)) - raft.server.sleep.deviation.threshold = 300 (default)
2019-09-19 09:01:02,106 [pool-179-thread-1] INFO  server.RaftServerConfigKeys (ConfUtils.java:logGet(43)) - raft.server.log.appender.install.snapshot.enabled = false (custom)
2019-09-19 09:01:02,107 [pool-179-thread-1] INFO  impl.RaftServerImpl (ServerState.java:<init>(105)) - 5f513834-a5c3-47d7-b0df-0e7d236b5db1:group-6A546E6077F2 ConfigurationManager, init=-1: [5f513834-a5c3-47d7-b0df-0e7d236b5db1:192.168.34.5:42989], old=null, confs=<EMPTY_MAP>
2019-09-19 09:01:02,107 [pool-179-thread-1] INFO  server.RaftServerConfigKeys (ConfUtils.java:logGet(43)) - raft.server.storage.dir = [/workdir/hadoop-ozone/integration-test/target/test-dir/MiniOzoneClusterImpl-d1f5ba66-8c72-4ad4-ac90-f92cf1c4e2b2/datanode-5/data/ratis] (custom)
2019-09-19 09:01:02,107 [pool-179-thread-1] INFO  storage.RaftStorageDirectory (RaftStorageDirectory.java:analyzeStorage(246)) - The storage directory /workdir/hadoop-ozone/integration-test/target/test-dir/MiniOzoneClusterImpl-d1f5ba66-8c72-4ad4-ac90-f92cf1c4e2b2/datanode-5/data/ratis/4cff2dd0-bc70-47b5-ac7d-6a546e6077f2 does not exist. Creating ...
2019-09-19 09:01:02,115 [pool-179-thread-1] INFO  storage.RaftStorageDirectory (RaftStorageDirectory.java:tryLock(328)) - Lock on /workdir/hadoop-ozone/integration-test/target/test-dir/MiniOzoneClusterImpl-d1f5ba66-8c72-4ad4-ac90-f92cf1c4e2b2/datanode-5/data/ratis/4cff2dd0-bc70-47b5-ac7d-6a546e6077f2/in_use.lock acquired by nodename 12225@pr-hdds-1569-j4bt4-3030777008
2019-09-19 09:01:02,128 [pool-179-thread-1] INFO  storage.RaftStorage (RaftStorage.java:format(72)) - Storage directory /workdir/hadoop-ozone/integration-test/target/test-dir/MiniOzoneClusterImpl-d1f5ba66-8c72-4ad4-ac90-f92cf1c4e2b2/datanode-5/data/ratis/4cff2dd0-bc70-47b5-ac7d-6a546e6077f2 has been successfully formatted.
2019-09-19 09:01:02,129 [pool-179-thread-1] INFO  ratis.ContainerStateMachine (ContainerStateMachine.java:loadSnapshot(226)) - group-6A546E6077F2: The snapshot info is null. Setting the last applied indexto:(t:0, i:~)
2019-09-19 09:01:02,129 [pool-179-thread-1] INFO  server.RaftServerConfigKeys (ConfUtils.java:logGet(43)) - raft.server.leader.election.timeout = 120s (custom)
2019-09-19 09:01:02,129 [pool-179-thread-1] INFO  server.RaftServerConfigKeys (ConfUtils.java:logGet(43)) - raft.server.log.use.memory = false (default)
2019-09-19 09:01:02,129 [pool-179-thread-1] INFO  server.RaftServerConfigKeys (ConfUtils.java:logGet(43)) - raft.server.log.purge.gap = 1000000 (custom)
2019-09-19 09:01:02,129 [pool-179-thread-1] INFO  server.RaftServerConfigKeys (ConfUtils.java:logGet(43)) - raft.server.log.appender.buffer.byte-limit = 33554432 (custom)
2019-09-19 09:01:02,129 [pool-179-thread-1] INFO  server.RaftServerConfigKeys (ConfUtils.java:logGet(43)) - raft.server.log.segment.size.max = 1048576 (custom)
2019-09-19 09:01:02,130 [pool-179-thread-1] INFO  server.RaftServerConfigKeys (ConfUtils.java:logGet(43)) - raft.server.log.segment.cache.num.max = 2 (custom)
2019-09-19 09:01:02,130 [pool-179-thread-1] INFO  segmented.SegmentedRaftLogWorker (SegmentedRaftLogWorker.java:<init>(172)) - new 5f513834-a5c3-47d7-b0df-0e7d236b5db1-SegmentedRaftLogWorker:Storage Directory /workdir/hadoop-ozone/integration-test/target/test-dir/MiniOzoneClusterImpl-d1f5ba66-8c72-4ad4-ac90-f92cf1c4e2b2/datanode-5/data/ratis/4cff2dd0-bc70-47b5-ac7d-6a546e6077f2 for RaftStorage:Storage Directory /workdir/hadoop-ozone/integration-test/target/test-dir/MiniOzoneClusterImpl-d1f5ba66-8c72-4ad4-ac90-f92cf1c4e2b2/datanode-5/data/ratis/4cff2dd0-bc70-47b5-ac7d-6a546e6077f2
2019-09-19 09:01:02,130 [pool-179-thread-1] INFO  server.RaftServerConfigKeys (ConfUtils.java:logGet(43)) - raft.server.log.queue.byte-limit = 2147483647 (custom)
2019-09-19 09:01:02,130 [pool-179-thread-1] INFO  server.RaftServerConfigKeys (ConfUtils.java:logGet(43)) - raft.server.log.queue.element-limit = 1024 (custom)
2019-09-19 09:01:02,130 [pool-179-thread-1] INFO  server.RaftServerConfigKeys (ConfUtils.java:logGet(43)) - raft.server.log.segment.size.max = 1048576 (custom)
2019-09-19 09:01:02,130 [pool-179-thread-1] INFO  server.RaftServerConfigKeys (ConfUtils.java:logGet(43)) - raft.server.log.preallocated.size = 16384 (custom)
2019-09-19 09:01:02,130 [pool-179-thread-1] INFO  server.RaftServerConfigKeys (ConfUtils.java:logGet(43)) - raft.server.log.write.buffer.size = 33554432 (custom)
2019-09-19 09:01:02,131 [pool-179-thread-1] INFO  server.RaftServerConfigKeys (ConfUtils.java:logGet(43)) - raft.server.log.force.sync.num = 128 (default)
2019-09-19 09:01:02,131 [pool-179-thread-1] INFO  server.RaftServerConfigKeys (ConfUtils.java:logGet(43)) - raft.server.log.statemachine.data.sync = true (default)
2019-09-19 09:01:02,131 [pool-179-thread-1] INFO  server.RaftServerConfigKeys (ConfUtils.java:logGet(43)) - raft.server.log.statemachine.data.sync.timeout = 10s (default)
2019-09-19 09:01:02,131 [pool-179-thread-1] INFO  server.RaftServerConfigKeys (ConfUtils.java:logGet(43)) - raft.server.log.statemachine.data.sync.timeout.retry = -1 (default)
2019-09-19 09:01:02,131 [pool-179-thread-1] INFO  server.RaftServerConfigKeys (ConfUtils.java:logGet(43)) - raft.server.log.statemachine.data.caching.enabled = true (custom)
2019-09-19 09:01:02,132 [pool-179-thread-1] INFO  segmented.SegmentedRaftLogWorker (SegmentedRaftLogWorker.java:lambda$new$0(132)) - 5f513834-a5c3-47d7-b0df-0e7d236b5db1-SegmentedRaftLogWorker:Storage Directory /workdir/hadoop-ozone/integration-test/target/test-dir/MiniOzoneClusterImpl-d1f5ba66-8c72-4ad4-ac90-f92cf1c4e2b2/datanode-5/data/ratis/4cff2dd0-bc70-47b5-ac7d-6a546e6077f2: flushIndex: setUnconditionally 0 -> -1
2019-09-19 09:01:02,132 [pool-179-thread-1] INFO  server.RaftServerConfigKeys (ConfUtils.java:logGet(43)) - raft.server.snapshot.auto.trigger.enabled = true (custom)
2019-09-19 09:01:02,132 [pool-179-thread-1] INFO  server.RaftServerConfigKeys (ConfUtils.java:logGet(43)) - raft.server.snapshot.auto.trigger.threshold = 10000 (custom)
2019-09-19 09:01:02,132 [pool-179-thread-1] INFO  server.RaftServerConfigKeys (ConfUtils.java:logGet(43)) - raft.server.retrycache.expirytime = 600000ms (custom)
2019-09-19 09:01:02,133 [pool-179-thread-1] INFO  impl.RaftServerImpl (RaftServerImpl.java:start(180)) - 5f513834-a5c3-47d7-b0df-0e7d236b5db1: start group-6A546E6077F2
2019-09-19 09:01:02,133 [pool-179-thread-1] INFO  impl.RaftServerImpl (RaftServerImpl.java:setRole(171)) - 5f513834-a5c3-47d7-b0df-0e7d236b5db1:group-6A546E6077F2 changes role from null to FOLLOWER at term 0 for startAsFollower
2019-09-19 09:01:02,133 [pool-179-thread-1] INFO  impl.RoleInfo (RoleInfo.java:updateAndGet(143)) - 5f513834-a5c3-47d7-b0df-0e7d236b5db1: start FollowerState
2019-09-19 09:01:02,133 [pool-179-thread-1] INFO  util.JmxRegister (JmxRegister.java:tryRegister(44)) - Successfully registered JMX Bean with object name Ratis:service=RaftServer,group=group-6A546E6077F2,id=5f513834-a5c3-47d7-b0df-0e7d236b5db1
2019-09-19 09:01:02,136 [RatisPipelineUtilsThread] INFO  pipeline.PipelineStateManager (PipelineStateManager.java:addPipeline(56)) - Created pipeline Pipeline[ Id: 4cff2dd0-bc70-47b5-ac7d-6a546e6077f2, Nodes: 5f513834-a5c3-47d7-b0df-0e7d236b5db1{ip: 192.168.34.5, host: pr-hdds-1569-j4bt4-3030777008, networkLocation: /default-rack, certSerialId: null}, Type:RATIS, Factor:ONE, State:OPEN]
2019-09-19 09:01:02,136 [RatisPipelineUtilsThread] ERROR pipeline.PipelinePlacementPolicy (PipelinePlacementPolicy.java:meetCriteria(91)) - Pipeline Placement: Doesn't meet the criteria to be viable node. Heaviness: 6
2019-09-19 09:01:02,136 [RatisPipelineUtilsThread] ERROR pipeline.PipelinePlacementPolicy (PipelinePlacementPolicy.java:meetCriteria(91)) - Pipeline Placement: Doesn't meet the criteria to be viable node. Heaviness: 6
2019-09-19 09:01:02,136 [RatisPipelineUtilsThread] ERROR pipeline.PipelinePlacementPolicy (PipelinePlacementPolicy.java:meetCriteria(91)) - Pipeline Placement: Doesn't meet the criteria to be viable node. Heaviness: 6
2019-09-19 09:01:02,136 [RatisPipelineUtilsThread] ERROR pipeline.PipelinePlacementPolicy (PipelinePlacementPolicy.java:meetCriteria(91)) - Pipeline Placement: Doesn't meet the criteria to be viable node. Heaviness: 6
2019-09-19 09:01:02,137 [RatisPipelineUtilsThread] ERROR pipeline.PipelinePlacementPolicy (PipelinePlacementPolicy.java:meetCriteria(91)) - Pipeline Placement: Doesn't meet the criteria to be viable node. Heaviness: 6
2019-09-19 09:01:02,141 [grpc-default-executor-0] INFO  impl.RaftServerProxy (RaftServerProxy.java:addNew(89)) - 5f513834-a5c3-47d7-b0df-0e7d236b5db1: addNew group-7826072BD649:[5f513834-a5c3-47d7-b0df-0e7d236b5db1:192.168.34.5:42989] returns group-7826072BD649:java.util.concurrent.CompletableFuture@53c506a0[Not completed]
2019-09-19 09:01:02,142 [pool-179-thread-1] INFO  impl.RaftServerImpl (RaftServerImpl.java:<init>(93)) - 5f513834-a5c3-47d7-b0df-0e7d236b5db1: new RaftServerImpl for group-7826072BD649:[5f513834-a5c3-47d7-b0df-0e7d236b5db1:192.168.34.5:42989] with ContainerStateMachine:uninitialized
2019-09-19 09:01:02,143 [pool-179-thread-1] INFO  server.RaftServerConfigKeys (ConfUtils.java:logGet(43)) - raft.server.rpc.timeout.min = 5s (custom)
2019-09-19 09:01:02,143 [pool-179-thread-1] INFO  server.RaftServerConfigKeys (ConfUtils.java:logGet(43)) - raft.server.rpc.timeout.max = 5200ms (custom)
2019-09-19 09:01:02,143 [pool-179-thread-1] INFO  server.RaftServerConfigKeys (ConfUtils.java:logGet(43)) - raft.server.rpcslowness.timeout = 120s (custom)
2019-09-19 09:01:02,143 [pool-179-thread-1] INFO  server.RaftServerConfigKeys (ConfUtils.java:logGet(43)) - raft.server.sleep.deviation.threshold = 300 (default)
2019-09-19 09:01:02,143 [pool-179-thread-1] INFO  server.RaftServerConfigKeys (ConfUtils.java:logGet(43)) - raft.server.log.appender.install.snapshot.enabled = false (custom)
2019-09-19 09:01:02,143 [pool-179-thread-1] INFO  impl.RaftServerImpl (ServerState.java:<init>(105)) - 5f513834-a5c3-47d7-b0df-0e7d236b5db1:group-7826072BD649 ConfigurationManager, init=-1: [5f513834-a5c3-47d7-b0df-0e7d236b5db1:192.168.34.5:42989], old=null, confs=<EMPTY_MAP>
2019-09-19 09:01:02,143 [pool-179-thread-1] INFO  server.RaftServerConfigKeys (ConfUtils.java:logGet(43)) - raft.server.storage.dir = [/workdir/hadoop-ozone/integration-test/target/test-dir/MiniOzoneClusterImpl-d1f5ba66-8c72-4ad4-ac90-f92cf1c4e2b2/datanode-5/data/ratis] (custom)
2019-09-19 09:01:02,144 [pool-179-thread-1] INFO  storage.RaftStorageDirectory (RaftStorageDirectory.java:analyzeStorage(246)) - The storage directory /workdir/hadoop-ozone/integration-test/target/test-dir/MiniOzoneClusterImpl-d1f5ba66-8c72-4ad4-ac90-f92cf1c4e2b2/datanode-5/data/ratis/bd7cb822-4879-4c43-9384-7826072bd649 does not exist. Creating ...
2019-09-19 09:01:02,146 [pool-179-thread-1] INFO  storage.RaftStorageDirectory (RaftStorageDirectory.java:tryLock(328)) - Lock on /workdir/hadoop-ozone/integration-test/target/test-dir/MiniOzoneClusterImpl-d1f5ba66-8c72-4ad4-ac90-f92cf1c4e2b2/datanode-5/data/ratis/bd7cb822-4879-4c43-9384-7826072bd649/in_use.lock acquired by nodename 12225@pr-hdds-1569-j4bt4-3030777008
2019-09-19 09:01:02,168 [pool-179-thread-1] INFO  storage.RaftStorage (RaftStorage.java:format(72)) - Storage directory /workdir/hadoop-ozone/integration-test/target/test-dir/MiniOzoneClusterImpl-d1f5ba66-8c72-4ad4-ac90-f92cf1c4e2b2/datanode-5/data/ratis/bd7cb822-4879-4c43-9384-7826072bd649 has been successfully formatted.
2019-09-19 09:01:02,168 [pool-179-thread-1] INFO  ratis.ContainerStateMachine (ContainerStateMachine.java:loadSnapshot(226)) - group-7826072BD649: The snapshot info is null. Setting the last applied indexto:(t:0, i:~)
2019-09-19 09:01:02,168 [pool-179-thread-1] INFO  server.RaftServerConfigKeys (ConfUtils.java:logGet(43)) - raft.server.leader.election.timeout = 120s (custom)
2019-09-19 09:01:02,168 [pool-179-thread-1] INFO  server.RaftServerConfigKeys (ConfUtils.java:logGet(43)) - raft.server.log.use.memory = false (default)
2019-09-19 09:01:02,169 [pool-179-thread-1] INFO  server.RaftServerConfigKeys (ConfUtils.java:logGet(43)) - raft.server.log.purge.gap = 1000000 (custom)
2019-09-19 09:01:02,169 [pool-179-thread-1] INFO  server.RaftServerConfigKeys (ConfUtils.java:logGet(43)) - raft.server.log.appender.buffer.byte-limit = 33554432 (custom)
2019-09-19 09:01:02,169 [pool-179-thread-1] INFO  server.RaftServerConfigKeys (ConfUtils.java:logGet(43)) - raft.server.log.segment.size.max = 1048576 (custom)
2019-09-19 09:01:02,169 [pool-179-thread-1] INFO  server.RaftServerConfigKeys (ConfUtils.java:logGet(43)) - raft.server.log.segment.cache.num.max = 2 (custom)
2019-09-19 09:01:02,169 [pool-179-thread-1] INFO  segmented.SegmentedRaftLogWorker (SegmentedRaftLogWorker.java:<init>(172)) - new 5f513834-a5c3-47d7-b0df-0e7d236b5db1-SegmentedRaftLogWorker:Storage Directory /workdir/hadoop-ozone/integration-test/target/test-dir/MiniOzoneClusterImpl-d1f5ba66-8c72-4ad4-ac90-f92cf1c4e2b2/datanode-5/data/ratis/bd7cb822-4879-4c43-9384-7826072bd649 for RaftStorage:Storage Directory /workdir/hadoop-ozone/integration-test/target/test-dir/MiniOzoneClusterImpl-d1f5ba66-8c72-4ad4-ac90-f92cf1c4e2b2/datanode-5/data/ratis/bd7cb822-4879-4c43-9384-7826072bd649
2019-09-19 09:01:02,169 [pool-179-thread-1] INFO  server.RaftServerConfigKeys (ConfUtils.java:logGet(43)) - raft.server.log.queue.byte-limit = 2147483647 (custom)
2019-09-19 09:01:02,170 [pool-179-thread-1] INFO  server.RaftServerConfigKeys (ConfUtils.java:logGet(43)) - raft.server.log.queue.element-limit = 1024 (custom)
2019-09-19 09:01:02,170 [pool-179-thread-1] INFO  server.RaftServerConfigKeys (ConfUtils.java:logGet(43)) - raft.server.log.segment.size.max = 1048576 (custom)
2019-09-19 09:01:02,170 [pool-179-thread-1] INFO  server.RaftServerConfigKeys (ConfUtils.java:logGet(43)) - raft.server.log.preallocated.size = 16384 (custom)
2019-09-19 09:01:02,170 [pool-179-thread-1] INFO  server.RaftServerConfigKeys (ConfUtils.java:logGet(43)) - raft.server.log.write.buffer.size = 33554432 (custom)
2019-09-19 09:01:02,170 [pool-179-thread-1] INFO  server.RaftServerConfigKeys (ConfUtils.java:logGet(43)) - raft.server.log.force.sync.num = 128 (default)
2019-09-19 09:01:02,170 [pool-179-thread-1] INFO  server.RaftServerConfigKeys (ConfUtils.java:logGet(43)) - raft.server.log.statemachine.data.sync = true (default)
2019-09-19 09:01:02,170 [pool-179-thread-1] INFO  server.RaftServerConfigKeys (ConfUtils.java:logGet(43)) - raft.server.log.statemachine.data.sync.timeout = 10s (default)
2019-09-19 09:01:02,171 [pool-179-thread-1] INFO  server.RaftServerConfigKeys (ConfUtils.java:logGet(43)) - raft.server.log.statemachine.data.sync.timeout.retry = -1 (default)
2019-09-19 09:01:02,171 [pool-179-thread-1] INFO  server.RaftServerConfigKeys (ConfUtils.java:logGet(43)) - raft.server.log.statemachine.data.caching.enabled = true (custom)
2019-09-19 09:01:02,171 [pool-179-thread-1] INFO  segmented.SegmentedRaftLogWorker (SegmentedRaftLogWorker.java:lambda$new$0(132)) - 5f513834-a5c3-47d7-b0df-0e7d236b5db1-SegmentedRaftLogWorker:Storage Directory /workdir/hadoop-ozone/integration-test/target/test-dir/MiniOzoneClusterImpl-d1f5ba66-8c72-4ad4-ac90-f92cf1c4e2b2/datanode-5/data/ratis/bd7cb822-4879-4c43-9384-7826072bd649: flushIndex: setUnconditionally 0 -> -1
2019-09-19 09:01:02,172 [pool-179-thread-1] INFO  server.RaftServerConfigKeys (ConfUtils.java:logGet(43)) - raft.server.snapshot.auto.trigger.enabled = true (custom)
2019-09-19 09:01:02,172 [pool-179-thread-1] INFO  server.RaftServerConfigKeys (ConfUtils.java:logGet(43)) - raft.server.snapshot.auto.trigger.threshold = 10000 (custom)
2019-09-19 09:01:02,172 [pool-179-thread-1] INFO  server.RaftServerConfigKeys (ConfUtils.java:logGet(43)) - raft.server.retrycache.expirytime = 600000ms (custom)
2019-09-19 09:01:02,172 [pool-179-thread-1] INFO  impl.RaftServerImpl (RaftServerImpl.java:start(180)) - 5f513834-a5c3-47d7-b0df-0e7d236b5db1: start group-7826072BD649
2019-09-19 09:01:02,172 [pool-179-thread-1] INFO  impl.RaftServerImpl (RaftServerImpl.java:setRole(171)) - 5f513834-a5c3-47d7-b0df-0e7d236b5db1:group-7826072BD649 changes role from null to FOLLOWER at term 0 for startAsFollower
2019-09-19 09:01:02,172 [pool-179-thread-1] INFO  impl.RoleInfo (RoleInfo.java:updateAndGet(143)) - 5f513834-a5c3-47d7-b0df-0e7d236b5db1: start FollowerState
2019-09-19 09:01:02,173 [pool-179-thread-1] INFO  util.JmxRegister (JmxRegister.java:tryRegister(44)) - Successfully registered JMX Bean with object name Ratis:service=RaftServer,group=group-7826072BD649,id=5f513834-a5c3-47d7-b0df-0e7d236b5db1
2019-09-19 09:01:02,178 [RatisPipelineUtilsThread] INFO  pipeline.PipelineStateManager (PipelineStateManager.java:addPipeline(56)) - Created pipeline Pipeline[ Id: bd7cb822-4879-4c43-9384-7826072bd649, Nodes: 5f513834-a5c3-47d7-b0df-0e7d236b5db1{ip: 192.168.34.5, host: pr-hdds-1569-j4bt4-3030777008, networkLocation: /default-rack, certSerialId: null}, Type:RATIS, Factor:ONE, State:OPEN]
2019-09-19 09:01:02,178 [RatisPipelineUtilsThread] ERROR pipeline.PipelinePlacementPolicy (PipelinePlacementPolicy.java:meetCriteria(91)) - Pipeline Placement: Doesn't meet the criteria to be viable node. Heaviness: 6
2019-09-19 09:01:02,178 [RatisPipelineUtilsThread] ERROR pipeline.PipelinePlacementPolicy (PipelinePlacementPolicy.java:meetCriteria(91)) - Pipeline Placement: Doesn't meet the criteria to be viable node. Heaviness: 6
2019-09-19 09:01:02,178 [RatisPipelineUtilsThread] ERROR pipeline.PipelinePlacementPolicy (PipelinePlacementPolicy.java:meetCriteria(91)) - Pipeline Placement: Doesn't meet the criteria to be viable node. Heaviness: 6
2019-09-19 09:01:02,179 [RatisPipelineUtilsThread] ERROR pipeline.PipelinePlacementPolicy (PipelinePlacementPolicy.java:meetCriteria(91)) - Pipeline Placement: Doesn't meet the criteria to be viable node. Heaviness: 6
2019-09-19 09:01:02,179 [RatisPipelineUtilsThread] ERROR pipeline.PipelinePlacementPolicy (PipelinePlacementPolicy.java:meetCriteria(91)) - Pipeline Placement: Doesn't meet the criteria to be viable node. Heaviness: 6
2019-09-19 09:01:02,184 [grpc-default-executor-0] INFO  impl.RaftServerProxy (RaftServerProxy.java:addNew(89)) - 5f513834-a5c3-47d7-b0df-0e7d236b5db1: addNew group-F7515AF90EE0:[5f513834-a5c3-47d7-b0df-0e7d236b5db1:192.168.34.5:42989] returns group-F7515AF90EE0:java.util.concurrent.CompletableFuture@6fc3f8a9[Not completed]
2019-09-19 09:01:02,186 [pool-179-thread-1] INFO  impl.RaftServerImpl (RaftServerImpl.java:<init>(93)) - 5f513834-a5c3-47d7-b0df-0e7d236b5db1: new RaftServerImpl for group-F7515AF90EE0:[5f513834-a5c3-47d7-b0df-0e7d236b5db1:192.168.34.5:42989] with ContainerStateMachine:uninitialized
2019-09-19 09:01:02,186 [pool-179-thread-1] INFO  server.RaftServerConfigKeys (ConfUtils.java:logGet(43)) - raft.server.rpc.timeout.min = 5s (custom)
2019-09-19 09:01:02,186 [pool-179-thread-1] INFO  server.RaftServerConfigKeys (ConfUtils.java:logGet(43)) - raft.server.rpc.timeout.max = 5200ms (custom)
2019-09-19 09:01:02,186 [pool-179-thread-1] INFO  server.RaftServerConfigKeys (ConfUtils.java:logGet(43)) - raft.server.rpcslowness.timeout = 120s (custom)
2019-09-19 09:01:02,186 [pool-179-thread-1] INFO  server.RaftServerConfigKeys (ConfUtils.java:logGet(43)) - raft.server.sleep.deviation.threshold = 300 (default)
2019-09-19 09:01:02,186 [pool-179-thread-1] INFO  server.RaftServerConfigKeys (ConfUtils.java:logGet(43)) - raft.server.log.appender.install.snapshot.enabled = false (custom)
2019-09-19 09:01:02,187 [pool-179-thread-1] INFO  impl.RaftServerImpl (ServerState.java:<init>(105)) - 5f513834-a5c3-47d7-b0df-0e7d236b5db1:group-F7515AF90EE0 ConfigurationManager, init=-1: [5f513834-a5c3-47d7-b0df-0e7d236b5db1:192.168.34.5:42989], old=null, confs=<EMPTY_MAP>
2019-09-19 09:01:02,187 [pool-179-thread-1] INFO  server.RaftServerConfigKeys (ConfUtils.java:logGet(43)) - raft.server.storage.dir = [/workdir/hadoop-ozone/integration-test/target/test-dir/MiniOzoneClusterImpl-d1f5ba66-8c72-4ad4-ac90-f92cf1c4e2b2/datanode-5/data/ratis] (custom)
2019-09-19 09:01:02,187 [pool-179-thread-1] INFO  storage.RaftStorageDirectory (RaftStorageDirectory.java:analyzeStorage(246)) - The storage directory /workdir/hadoop-ozone/integration-test/target/test-dir/MiniOzoneClusterImpl-d1f5ba66-8c72-4ad4-ac90-f92cf1c4e2b2/datanode-5/data/ratis/e9e55d5f-d8e3-42be-842c-f7515af90ee0 does not exist. Creating ...
2019-09-19 09:01:02,201 [pool-179-thread-1] INFO  storage.RaftStorageDirectory (RaftStorageDirectory.java:tryLock(328)) - Lock on /workdir/hadoop-ozone/integration-test/target/test-dir/MiniOzoneClusterImpl-d1f5ba66-8c72-4ad4-ac90-f92cf1c4e2b2/datanode-5/data/ratis/e9e55d5f-d8e3-42be-842c-f7515af90ee0/in_use.lock acquired by nodename 12225@pr-hdds-1569-j4bt4-3030777008
2019-09-19 09:01:02,215 [pool-179-thread-1] INFO  storage.RaftStorage (RaftStorage.java:format(72)) - Storage directory /workdir/hadoop-ozone/integration-test/target/test-dir/MiniOzoneClusterImpl-d1f5ba66-8c72-4ad4-ac90-f92cf1c4e2b2/datanode-5/data/ratis/e9e55d5f-d8e3-42be-842c-f7515af90ee0 has been successfully formatted.
2019-09-19 09:01:02,215 [pool-179-thread-1] INFO  ratis.ContainerStateMachine (ContainerStateMachine.java:loadSnapshot(226)) - group-F7515AF90EE0: The snapshot info is null. Setting the last applied indexto:(t:0, i:~)
2019-09-19 09:01:02,215 [pool-179-thread-1] INFO  server.RaftServerConfigKeys (ConfUtils.java:logGet(43)) - raft.server.leader.election.timeout = 120s (custom)
2019-09-19 09:01:02,215 [pool-179-thread-1] INFO  server.RaftServerConfigKeys (ConfUtils.java:logGet(43)) - raft.server.log.use.memory = false (default)
2019-09-19 09:01:02,216 [pool-179-thread-1] INFO  server.RaftServerConfigKeys (ConfUtils.java:logGet(43)) - raft.server.log.purge.gap = 1000000 (custom)
2019-09-19 09:01:02,216 [pool-179-thread-1] INFO  server.RaftServerConfigKeys (ConfUtils.java:logGet(43)) - raft.server.log.appender.buffer.byte-limit = 33554432 (custom)
2019-09-19 09:01:02,216 [pool-179-thread-1] INFO  server.RaftServerConfigKeys (ConfUtils.java:logGet(43)) - raft.server.log.segment.size.max = 1048576 (custom)
2019-09-19 09:01:02,216 [pool-179-thread-1] INFO  server.RaftServerConfigKeys (ConfUtils.java:logGet(43)) - raft.server.log.segment.cache.num.max = 2 (custom)
2019-09-19 09:01:02,216 [pool-179-thread-1] INFO  segmented.SegmentedRaftLogWorker (SegmentedRaftLogWorker.java:<init>(172)) - new 5f513834-a5c3-47d7-b0df-0e7d236b5db1-SegmentedRaftLogWorker:Storage Directory /workdir/hadoop-ozone/integration-test/target/test-dir/MiniOzoneClusterImpl-d1f5ba66-8c72-4ad4-ac90-f92cf1c4e2b2/datanode-5/data/ratis/e9e55d5f-d8e3-42be-842c-f7515af90ee0 for RaftStorage:Storage Directory /workdir/hadoop-ozone/integration-test/target/test-dir/MiniOzoneClusterImpl-d1f5ba66-8c72-4ad4-ac90-f92cf1c4e2b2/datanode-5/data/ratis/e9e55d5f-d8e3-42be-842c-f7515af90ee0
2019-09-19 09:01:02,216 [pool-179-thread-1] INFO  server.RaftServerConfigKeys (ConfUtils.java:logGet(43)) - raft.server.log.queue.byte-limit = 2147483647 (custom)
2019-09-19 09:01:02,216 [pool-179-thread-1] INFO  server.RaftServerConfigKeys (ConfUtils.java:logGet(43)) - raft.server.log.queue.element-limit = 1024 (custom)
2019-09-19 09:01:02,217 [pool-179-thread-1] INFO  server.RaftServerConfigKeys (ConfUtils.java:logGet(43)) - raft.server.log.segment.size.max = 1048576 (custom)
2019-09-19 09:01:02,217 [pool-179-thread-1] INFO  server.RaftServerConfigKeys (ConfUtils.java:logGet(43)) - raft.server.log.preallocated.size = 16384 (custom)
2019-09-19 09:01:02,217 [pool-179-thread-1] INFO  server.RaftServerConfigKeys (ConfUtils.java:logGet(43)) - raft.server.log.write.buffer.size = 33554432 (custom)
2019-09-19 09:01:02,217 [pool-179-thread-1] INFO  server.RaftServerConfigKeys (ConfUtils.java:logGet(43)) - raft.server.log.force.sync.num = 128 (default)
2019-09-19 09:01:02,217 [pool-179-thread-1] INFO  server.RaftServerConfigKeys (ConfUtils.java:logGet(43)) - raft.server.log.statemachine.data.sync = true (default)
2019-09-19 09:01:02,217 [pool-179-thread-1] INFO  server.RaftServerConfigKeys (ConfUtils.java:logGet(43)) - raft.server.log.statemachine.data.sync.timeout = 10s (default)
2019-09-19 09:01:02,217 [pool-179-thread-1] INFO  server.RaftServerConfigKeys (ConfUtils.java:logGet(43)) - raft.server.log.statemachine.data.sync.timeout.retry = -1 (default)
2019-09-19 09:01:02,218 [pool-179-thread-1] INFO  server.RaftServerConfigKeys (ConfUtils.java:logGet(43)) - raft.server.log.statemachine.data.caching.enabled = true (custom)
2019-09-19 09:01:02,218 [pool-179-thread-1] INFO  segmented.SegmentedRaftLogWorker (SegmentedRaftLogWorker.java:lambda$new$0(132)) - 5f513834-a5c3-47d7-b0df-0e7d236b5db1-SegmentedRaftLogWorker:Storage Directory /workdir/hadoop-ozone/integration-test/target/test-dir/MiniOzoneClusterImpl-d1f5ba66-8c72-4ad4-ac90-f92cf1c4e2b2/datanode-5/data/ratis/e9e55d5f-d8e3-42be-842c-f7515af90ee0: flushIndex: setUnconditionally 0 -> -1
2019-09-19 09:01:02,218 [pool-179-thread-1] INFO  server.RaftServerConfigKeys (ConfUtils.java:logGet(43)) - raft.server.snapshot.auto.trigger.enabled = true (custom)
2019-09-19 09:01:02,218 [pool-179-thread-1] INFO  server.RaftServerConfigKeys (ConfUtils.java:logGet(43)) - raft.server.snapshot.auto.trigger.threshold = 10000 (custom)
2019-09-19 09:01:02,218 [pool-179-thread-1] INFO  server.RaftServerConfigKeys (ConfUtils.java:logGet(43)) - raft.server.retrycache.expirytime = 600000ms (custom)
2019-09-19 09:01:02,219 [pool-179-thread-1] INFO  impl.RaftServerImpl (RaftServerImpl.java:start(180)) - 5f513834-a5c3-47d7-b0df-0e7d236b5db1: start group-F7515AF90EE0
2019-09-19 09:01:02,219 [pool-179-thread-1] INFO  impl.RaftServerImpl (RaftServerImpl.java:setRole(171)) - 5f513834-a5c3-47d7-b0df-0e7d236b5db1:group-F7515AF90EE0 changes role from null to FOLLOWER at term 0 for startAsFollower
2019-09-19 09:01:02,219 [pool-179-thread-1] INFO  impl.RoleInfo (RoleInfo.java:updateAndGet(143)) - 5f513834-a5c3-47d7-b0df-0e7d236b5db1: start FollowerState
2019-09-19 09:01:02,219 [pool-179-thread-1] INFO  util.JmxRegister (JmxRegister.java:tryRegister(44)) - Successfully registered JMX Bean with object name Ratis:service=RaftServer,group=group-F7515AF90EE0,id=5f513834-a5c3-47d7-b0df-0e7d236b5db1
2019-09-19 09:01:02,223 [RatisPipelineUtilsThread] INFO  pipeline.PipelineStateManager (PipelineStateManager.java:addPipeline(56)) - Created pipeline Pipeline[ Id: e9e55d5f-d8e3-42be-842c-f7515af90ee0, Nodes: 5f513834-a5c3-47d7-b0df-0e7d236b5db1{ip: 192.168.34.5, host: pr-hdds-1569-j4bt4-3030777008, networkLocation: /default-rack, certSerialId: null}, Type:RATIS, Factor:ONE, State:OPEN]
2019-09-19 09:01:02,223 [RatisPipelineUtilsThread] ERROR pipeline.PipelinePlacementPolicy (PipelinePlacementPolicy.java:meetCriteria(91)) - Pipeline Placement: Doesn't meet the criteria to be viable node. Heaviness: 6
2019-09-19 09:01:02,223 [RatisPipelineUtilsThread] ERROR pipeline.PipelinePlacementPolicy (PipelinePlacementPolicy.java:meetCriteria(91)) - Pipeline Placement: Doesn't meet the criteria to be viable node. Heaviness: 6
2019-09-19 09:01:02,224 [RatisPipelineUtilsThread] ERROR pipeline.PipelinePlacementPolicy (PipelinePlacementPolicy.java:meetCriteria(91)) - Pipeline Placement: Doesn't meet the criteria to be viable node. Heaviness: 6
2019-09-19 09:01:02,224 [RatisPipelineUtilsThread] ERROR pipeline.PipelinePlacementPolicy (PipelinePlacementPolicy.java:meetCriteria(91)) - Pipeline Placement: Doesn't meet the criteria to be viable node. Heaviness: 6
2019-09-19 09:01:02,224 [RatisPipelineUtilsThread] ERROR pipeline.PipelinePlacementPolicy (PipelinePlacementPolicy.java:meetCriteria(91)) - Pipeline Placement: Doesn't meet the criteria to be viable node. Heaviness: 6
2019-09-19 09:01:02,224 [RatisPipelineUtilsThread] ERROR pipeline.PipelinePlacementPolicy (PipelinePlacementPolicy.java:meetCriteria(91)) - Pipeline Placement: Doesn't meet the criteria to be viable node. Heaviness: 6
2019-09-19 09:01:02,229 [grpc-default-executor-0] INFO  impl.RaftServerProxy (RaftServerProxy.java:addNew(89)) - beb77c57-4e80-4e72-9c15-fb8c3304f28a: addNew group-90B6FFF9762A:[beb77c57-4e80-4e72-9c15-fb8c3304f28a:192.168.34.5:36764] returns group-90B6FFF9762A:java.util.concurrent.CompletableFuture@657afafa[Not completed]
2019-09-19 09:01:02,229 [pool-190-thread-1] INFO  impl.RaftServerImpl (RaftServerImpl.java:<init>(93)) - beb77c57-4e80-4e72-9c15-fb8c3304f28a: new RaftServerImpl for group-90B6FFF9762A:[beb77c57-4e80-4e72-9c15-fb8c3304f28a:192.168.34.5:36764] with ContainerStateMachine:uninitialized
2019-09-19 09:01:02,230 [pool-190-thread-1] INFO  server.RaftServerConfigKeys (ConfUtils.java:logGet(43)) - raft.server.rpc.timeout.min = 5s (custom)
2019-09-19 09:01:02,230 [pool-190-thread-1] INFO  server.RaftServerConfigKeys (ConfUtils.java:logGet(43)) - raft.server.rpc.timeout.max = 5200ms (custom)
2019-09-19 09:01:02,230 [pool-190-thread-1] INFO  server.RaftServerConfigKeys (ConfUtils.java:logGet(43)) - raft.server.rpcslowness.timeout = 120s (custom)
2019-09-19 09:01:02,230 [pool-190-thread-1] INFO  server.RaftServerConfigKeys (ConfUtils.java:logGet(43)) - raft.server.sleep.deviation.threshold = 300 (default)
2019-09-19 09:01:02,230 [pool-190-thread-1] INFO  server.RaftServerConfigKeys (ConfUtils.java:logGet(43)) - raft.server.log.appender.install.snapshot.enabled = false (custom)
2019-09-19 09:01:02,230 [pool-190-thread-1] INFO  impl.RaftServerImpl (ServerState.java:<init>(105)) - beb77c57-4e80-4e72-9c15-fb8c3304f28a:group-90B6FFF9762A ConfigurationManager, init=-1: [beb77c57-4e80-4e72-9c15-fb8c3304f28a:192.168.34.5:36764], old=null, confs=<EMPTY_MAP>
2019-09-19 09:01:02,230 [pool-190-thread-1] INFO  server.RaftServerConfigKeys (ConfUtils.java:logGet(43)) - raft.server.storage.dir = [/workdir/hadoop-ozone/integration-test/target/test-dir/MiniOzoneClusterImpl-d1f5ba66-8c72-4ad4-ac90-f92cf1c4e2b2/datanode-6/data/ratis] (custom)
2019-09-19 09:01:02,231 [pool-190-thread-1] INFO  storage.RaftStorageDirectory (RaftStorageDirectory.java:analyzeStorage(246)) - The storage directory /workdir/hadoop-ozone/integration-test/target/test-dir/MiniOzoneClusterImpl-d1f5ba66-8c72-4ad4-ac90-f92cf1c4e2b2/datanode-6/data/ratis/235a16d2-04fd-4db3-af40-90b6fff9762a does not exist. Creating ...
2019-09-19 09:01:02,246 [pool-190-thread-1] INFO  storage.RaftStorageDirectory (RaftStorageDirectory.java:tryLock(328)) - Lock on /workdir/hadoop-ozone/integration-test/target/test-dir/MiniOzoneClusterImpl-d1f5ba66-8c72-4ad4-ac90-f92cf1c4e2b2/datanode-6/data/ratis/235a16d2-04fd-4db3-af40-90b6fff9762a/in_use.lock acquired by nodename 12225@pr-hdds-1569-j4bt4-3030777008
2019-09-19 09:01:02,260 [pool-190-thread-1] INFO  storage.RaftStorage (RaftStorage.java:format(72)) - Storage directory /workdir/hadoop-ozone/integration-test/target/test-dir/MiniOzoneClusterImpl-d1f5ba66-8c72-4ad4-ac90-f92cf1c4e2b2/datanode-6/data/ratis/235a16d2-04fd-4db3-af40-90b6fff9762a has been successfully formatted.
2019-09-19 09:01:02,260 [pool-190-thread-1] INFO  ratis.ContainerStateMachine (ContainerStateMachine.java:loadSnapshot(226)) - group-90B6FFF9762A: The snapshot info is null. Setting the last applied indexto:(t:0, i:~)
2019-09-19 09:01:02,260 [pool-190-thread-1] INFO  server.RaftServerConfigKeys (ConfUtils.java:logGet(43)) - raft.server.leader.election.timeout = 120s (custom)
2019-09-19 09:01:02,260 [pool-190-thread-1] INFO  server.RaftServerConfigKeys (ConfUtils.java:logGet(43)) - raft.server.log.use.memory = false (default)
2019-09-19 09:01:02,260 [pool-190-thread-1] INFO  server.RaftServerConfigKeys (ConfUtils.java:logGet(43)) - raft.server.log.purge.gap = 1000000 (custom)
2019-09-19 09:01:02,261 [pool-190-thread-1] INFO  server.RaftServerConfigKeys (ConfUtils.java:logGet(43)) - raft.server.log.appender.buffer.byte-limit = 33554432 (custom)
2019-09-19 09:01:02,261 [pool-190-thread-1] INFO  server.RaftServerConfigKeys (ConfUtils.java:logGet(43)) - raft.server.log.segment.size.max = 1048576 (custom)
2019-09-19 09:01:02,261 [pool-190-thread-1] INFO  server.RaftServerConfigKeys (ConfUtils.java:logGet(43)) - raft.server.log.segment.cache.num.max = 2 (custom)
2019-09-19 09:01:02,261 [pool-190-thread-1] INFO  segmented.SegmentedRaftLogWorker (SegmentedRaftLogWorker.java:<init>(172)) - new beb77c57-4e80-4e72-9c15-fb8c3304f28a-SegmentedRaftLogWorker:Storage Directory /workdir/hadoop-ozone/integration-test/target/test-dir/MiniOzoneClusterImpl-d1f5ba66-8c72-4ad4-ac90-f92cf1c4e2b2/datanode-6/data/ratis/235a16d2-04fd-4db3-af40-90b6fff9762a for RaftStorage:Storage Directory /workdir/hadoop-ozone/integration-test/target/test-dir/MiniOzoneClusterImpl-d1f5ba66-8c72-4ad4-ac90-f92cf1c4e2b2/datanode-6/data/ratis/235a16d2-04fd-4db3-af40-90b6fff9762a
2019-09-19 09:01:02,261 [pool-190-thread-1] INFO  server.RaftServerConfigKeys (ConfUtils.java:logGet(43)) - raft.server.log.queue.byte-limit = 2147483647 (custom)
2019-09-19 09:01:02,261 [pool-190-thread-1] INFO  server.RaftServerConfigKeys (ConfUtils.java:logGet(43)) - raft.server.log.queue.element-limit = 1024 (custom)
2019-09-19 09:01:02,261 [pool-190-thread-1] INFO  server.RaftServerConfigKeys (ConfUtils.java:logGet(43)) - raft.server.log.segment.size.max = 1048576 (custom)
2019-09-19 09:01:02,261 [pool-190-thread-1] INFO  server.RaftServerConfigKeys (ConfUtils.java:logGet(43)) - raft.server.log.preallocated.size = 16384 (custom)
2019-09-19 09:01:02,262 [pool-190-thread-1] INFO  server.RaftServerConfigKeys (ConfUtils.java:logGet(43)) - raft.server.log.write.buffer.size = 33554432 (custom)
2019-09-19 09:01:02,262 [pool-190-thread-1] INFO  server.RaftServerConfigKeys (ConfUtils.java:logGet(43)) - raft.server.log.force.sync.num = 128 (default)
2019-09-19 09:01:02,262 [pool-190-thread-1] INFO  server.RaftServerConfigKeys (ConfUtils.java:logGet(43)) - raft.server.log.statemachine.data.sync = true (default)
2019-09-19 09:01:02,262 [pool-190-thread-1] INFO  server.RaftServerConfigKeys (ConfUtils.java:logGet(43)) - raft.server.log.statemachine.data.sync.timeout = 10s (default)
2019-09-19 09:01:02,262 [pool-190-thread-1] INFO  server.RaftServerConfigKeys (ConfUtils.java:logGet(43)) - raft.server.log.statemachine.data.sync.timeout.retry = -1 (default)
2019-09-19 09:01:02,262 [pool-190-thread-1] INFO  server.RaftServerConfigKeys (ConfUtils.java:logGet(43)) - raft.server.log.statemachine.data.caching.enabled = true (custom)
2019-09-19 09:01:02,262 [pool-190-thread-1] INFO  segmented.SegmentedRaftLogWorker (SegmentedRaftLogWorker.java:lambda$new$0(132)) - beb77c57-4e80-4e72-9c15-fb8c3304f28a-SegmentedRaftLogWorker:Storage Directory /workdir/hadoop-ozone/integration-test/target/test-dir/MiniOzoneClusterImpl-d1f5ba66-8c72-4ad4-ac90-f92cf1c4e2b2/datanode-6/data/ratis/235a16d2-04fd-4db3-af40-90b6fff9762a: flushIndex: setUnconditionally 0 -> -1
2019-09-19 09:01:02,263 [pool-190-thread-1] INFO  server.RaftServerConfigKeys (ConfUtils.java:logGet(43)) - raft.server.snapshot.auto.trigger.enabled = true (custom)
2019-09-19 09:01:02,263 [pool-190-thread-1] INFO  server.RaftServerConfigKeys (ConfUtils.java:logGet(43)) - raft.server.snapshot.auto.trigger.threshold = 10000 (custom)
2019-09-19 09:01:02,263 [pool-190-thread-1] INFO  server.RaftServerConfigKeys (ConfUtils.java:logGet(43)) - raft.server.retrycache.expirytime = 600000ms (custom)
2019-09-19 09:01:02,263 [pool-190-thread-1] INFO  impl.RaftServerImpl (RaftServerImpl.java:start(180)) - beb77c57-4e80-4e72-9c15-fb8c3304f28a: start group-90B6FFF9762A
2019-09-19 09:01:02,263 [pool-190-thread-1] INFO  impl.RaftServerImpl (RaftServerImpl.java:setRole(171)) - beb77c57-4e80-4e72-9c15-fb8c3304f28a:group-90B6FFF9762A changes role from null to FOLLOWER at term 0 for startAsFollower
2019-09-19 09:01:02,264 [pool-190-thread-1] INFO  impl.RoleInfo (RoleInfo.java:updateAndGet(143)) - beb77c57-4e80-4e72-9c15-fb8c3304f28a: start FollowerState
2019-09-19 09:01:02,264 [pool-190-thread-1] INFO  util.JmxRegister (JmxRegister.java:tryRegister(44)) - Successfully registered JMX Bean with object name Ratis:service=RaftServer,group=group-90B6FFF9762A,id=beb77c57-4e80-4e72-9c15-fb8c3304f28a
2019-09-19 09:01:02,268 [RatisPipelineUtilsThread] INFO  pipeline.PipelineStateManager (PipelineStateManager.java:addPipeline(56)) - Created pipeline Pipeline[ Id: 235a16d2-04fd-4db3-af40-90b6fff9762a, Nodes: beb77c57-4e80-4e72-9c15-fb8c3304f28a{ip: 192.168.34.5, host: pr-hdds-1569-j4bt4-3030777008, networkLocation: /default-rack, certSerialId: null}, Type:RATIS, Factor:ONE, State:OPEN]
2019-09-19 09:01:02,268 [RatisPipelineUtilsThread] ERROR pipeline.PipelinePlacementPolicy (PipelinePlacementPolicy.java:meetCriteria(91)) - Pipeline Placement: Doesn't meet the criteria to be viable node. Heaviness: 6
2019-09-19 09:01:02,268 [RatisPipelineUtilsThread] ERROR pipeline.PipelinePlacementPolicy (PipelinePlacementPolicy.java:meetCriteria(91)) - Pipeline Placement: Doesn't meet the criteria to be viable node. Heaviness: 6
2019-09-19 09:01:02,268 [RatisPipelineUtilsThread] ERROR pipeline.PipelinePlacementPolicy (PipelinePlacementPolicy.java:meetCriteria(91)) - Pipeline Placement: Doesn't meet the criteria to be viable node. Heaviness: 6
2019-09-19 09:01:02,268 [RatisPipelineUtilsThread] ERROR pipeline.PipelinePlacementPolicy (PipelinePlacementPolicy.java:meetCriteria(91)) - Pipeline Placement: Doesn't meet the criteria to be viable node. Heaviness: 6
2019-09-19 09:01:02,268 [RatisPipelineUtilsThread] ERROR pipeline.PipelinePlacementPolicy (PipelinePlacementPolicy.java:meetCriteria(91)) - Pipeline Placement: Doesn't meet the criteria to be viable node. Heaviness: 6
2019-09-19 09:01:02,268 [RatisPipelineUtilsThread] ERROR pipeline.PipelinePlacementPolicy (PipelinePlacementPolicy.java:meetCriteria(91)) - Pipeline Placement: Doesn't meet the criteria to be viable node. Heaviness: 6
2019-09-19 09:01:02,274 [grpc-default-executor-0] INFO  impl.RaftServerProxy (RaftServerProxy.java:addNew(89)) - beb77c57-4e80-4e72-9c15-fb8c3304f28a: addNew group-7272D4EAE315:[beb77c57-4e80-4e72-9c15-fb8c3304f28a:192.168.34.5:36764] returns group-7272D4EAE315:java.util.concurrent.CompletableFuture@24bebcd3[Not completed]
2019-09-19 09:01:02,275 [pool-190-thread-1] INFO  impl.RaftServerImpl (RaftServerImpl.java:<init>(93)) - beb77c57-4e80-4e72-9c15-fb8c3304f28a: new RaftServerImpl for group-7272D4EAE315:[beb77c57-4e80-4e72-9c15-fb8c3304f28a:192.168.34.5:36764] with ContainerStateMachine:uninitialized
2019-09-19 09:01:02,275 [pool-190-thread-1] INFO  server.RaftServerConfigKeys (ConfUtils.java:logGet(43)) - raft.server.rpc.timeout.min = 5s (custom)
2019-09-19 09:01:02,275 [pool-190-thread-1] INFO  server.RaftServerConfigKeys (ConfUtils.java:logGet(43)) - raft.server.rpc.timeout.max = 5200ms (custom)
2019-09-19 09:01:02,275 [pool-190-thread-1] INFO  server.RaftServerConfigKeys (ConfUtils.java:logGet(43)) - raft.server.rpcslowness.timeout = 120s (custom)
2019-09-19 09:01:02,275 [pool-190-thread-1] INFO  server.RaftServerConfigKeys (ConfUtils.java:logGet(43)) - raft.server.sleep.deviation.threshold = 300 (default)
2019-09-19 09:01:02,276 [pool-190-thread-1] INFO  server.RaftServerConfigKeys (ConfUtils.java:logGet(43)) - raft.server.log.appender.install.snapshot.enabled = false (custom)
2019-09-19 09:01:02,276 [pool-190-thread-1] INFO  impl.RaftServerImpl (ServerState.java:<init>(105)) - beb77c57-4e80-4e72-9c15-fb8c3304f28a:group-7272D4EAE315 ConfigurationManager, init=-1: [beb77c57-4e80-4e72-9c15-fb8c3304f28a:192.168.34.5:36764], old=null, confs=<EMPTY_MAP>
2019-09-19 09:01:02,276 [pool-190-thread-1] INFO  server.RaftServerConfigKeys (ConfUtils.java:logGet(43)) - raft.server.storage.dir = [/workdir/hadoop-ozone/integration-test/target/test-dir/MiniOzoneClusterImpl-d1f5ba66-8c72-4ad4-ac90-f92cf1c4e2b2/datanode-6/data/ratis] (custom)
2019-09-19 09:01:02,276 [pool-190-thread-1] INFO  storage.RaftStorageDirectory (RaftStorageDirectory.java:analyzeStorage(246)) - The storage directory /workdir/hadoop-ozone/integration-test/target/test-dir/MiniOzoneClusterImpl-d1f5ba66-8c72-4ad4-ac90-f92cf1c4e2b2/datanode-6/data/ratis/47d86543-06b8-4787-96b4-7272d4eae315 does not exist. Creating ...
2019-09-19 09:01:02,290 [pool-190-thread-1] INFO  storage.RaftStorageDirectory (RaftStorageDirectory.java:tryLock(328)) - Lock on /workdir/hadoop-ozone/integration-test/target/test-dir/MiniOzoneClusterImpl-d1f5ba66-8c72-4ad4-ac90-f92cf1c4e2b2/datanode-6/data/ratis/47d86543-06b8-4787-96b4-7272d4eae315/in_use.lock acquired by nodename 12225@pr-hdds-1569-j4bt4-3030777008
2019-09-19 09:01:02,304 [pool-190-thread-1] INFO  storage.RaftStorage (RaftStorage.java:format(72)) - Storage directory /workdir/hadoop-ozone/integration-test/target/test-dir/MiniOzoneClusterImpl-d1f5ba66-8c72-4ad4-ac90-f92cf1c4e2b2/datanode-6/data/ratis/47d86543-06b8-4787-96b4-7272d4eae315 has been successfully formatted.
2019-09-19 09:01:02,304 [pool-190-thread-1] INFO  ratis.ContainerStateMachine (ContainerStateMachine.java:loadSnapshot(226)) - group-7272D4EAE315: The snapshot info is null. Setting the last applied indexto:(t:0, i:~)
2019-09-19 09:01:02,304 [pool-190-thread-1] INFO  server.RaftServerConfigKeys (ConfUtils.java:logGet(43)) - raft.server.leader.election.timeout = 120s (custom)
2019-09-19 09:01:02,304 [pool-190-thread-1] INFO  server.RaftServerConfigKeys (ConfUtils.java:logGet(43)) - raft.server.log.use.memory = false (default)
2019-09-19 09:01:02,305 [pool-190-thread-1] INFO  server.RaftServerConfigKeys (ConfUtils.java:logGet(43)) - raft.server.log.purge.gap = 1000000 (custom)
2019-09-19 09:01:02,305 [pool-190-thread-1] INFO  server.RaftServerConfigKeys (ConfUtils.java:logGet(43)) - raft.server.log.appender.buffer.byte-limit = 33554432 (custom)
2019-09-19 09:01:02,305 [pool-190-thread-1] INFO  server.RaftServerConfigKeys (ConfUtils.java:logGet(43)) - raft.server.log.segment.size.max = 1048576 (custom)
2019-09-19 09:01:02,305 [pool-190-thread-1] INFO  server.RaftServerConfigKeys (ConfUtils.java:logGet(43)) - raft.server.log.segment.cache.num.max = 2 (custom)
2019-09-19 09:01:02,305 [pool-190-thread-1] INFO  segmented.SegmentedRaftLogWorker (SegmentedRaftLogWorker.java:<init>(172)) - new beb77c57-4e80-4e72-9c15-fb8c3304f28a-SegmentedRaftLogWorker:Storage Directory /workdir/hadoop-ozone/integration-test/target/test-dir/MiniOzoneClusterImpl-d1f5ba66-8c72-4ad4-ac90-f92cf1c4e2b2/datanode-6/data/ratis/47d86543-06b8-4787-96b4-7272d4eae315 for RaftStorage:Storage Directory /workdir/hadoop-ozone/integration-test/target/test-dir/MiniOzoneClusterImpl-d1f5ba66-8c72-4ad4-ac90-f92cf1c4e2b2/datanode-6/data/ratis/47d86543-06b8-4787-96b4-7272d4eae315
2019-09-19 09:01:02,305 [pool-190-thread-1] INFO  server.RaftServerConfigKeys (ConfUtils.java:logGet(43)) - raft.server.log.queue.byte-limit = 2147483647 (custom)
2019-09-19 09:01:02,305 [pool-190-thread-1] INFO  server.RaftServerConfigKeys (ConfUtils.java:logGet(43)) - raft.server.log.queue.element-limit = 1024 (custom)
2019-09-19 09:01:02,306 [pool-190-thread-1] INFO  server.RaftServerConfigKeys (ConfUtils.java:logGet(43)) - raft.server.log.segment.size.max = 1048576 (custom)
2019-09-19 09:01:02,306 [pool-190-thread-1] INFO  server.RaftServerConfigKeys (ConfUtils.java:logGet(43)) - raft.server.log.preallocated.size = 16384 (custom)
2019-09-19 09:01:02,306 [pool-190-thread-1] INFO  server.RaftServerConfigKeys (ConfUtils.java:logGet(43)) - raft.server.log.write.buffer.size = 33554432 (custom)
2019-09-19 09:01:02,306 [pool-190-thread-1] INFO  server.RaftServerConfigKeys (ConfUtils.java:logGet(43)) - raft.server.log.force.sync.num = 128 (default)
2019-09-19 09:01:02,306 [pool-190-thread-1] INFO  server.RaftServerConfigKeys (ConfUtils.java:logGet(43)) - raft.server.log.statemachine.data.sync = true (default)
2019-09-19 09:01:02,306 [pool-190-thread-1] INFO  server.RaftServerConfigKeys (ConfUtils.java:logGet(43)) - raft.server.log.statemachine.data.sync.timeout = 10s (default)
2019-09-19 09:01:02,306 [pool-190-thread-1] INFO  server.RaftServerConfigKeys (ConfUtils.java:logGet(43)) - raft.server.log.statemachine.data.sync.timeout.retry = -1 (default)
2019-09-19 09:01:02,307 [pool-190-thread-1] INFO  server.RaftServerConfigKeys (ConfUtils.java:logGet(43)) - raft.server.log.statemachine.data.caching.enabled = true (custom)
2019-09-19 09:01:02,307 [pool-190-thread-1] INFO  segmented.SegmentedRaftLogWorker (SegmentedRaftLogWorker.java:lambda$new$0(132)) - beb77c57-4e80-4e72-9c15-fb8c3304f28a-SegmentedRaftLogWorker:Storage Directory /workdir/hadoop-ozone/integration-test/target/test-dir/MiniOzoneClusterImpl-d1f5ba66-8c72-4ad4-ac90-f92cf1c4e2b2/datanode-6/data/ratis/47d86543-06b8-4787-96b4-7272d4eae315: flushIndex: setUnconditionally 0 -> -1
2019-09-19 09:01:02,307 [pool-190-thread-1] INFO  server.RaftServerConfigKeys (ConfUtils.java:logGet(43)) - raft.server.snapshot.auto.trigger.enabled = true (custom)
2019-09-19 09:01:02,307 [pool-190-thread-1] INFO  server.RaftServerConfigKeys (ConfUtils.java:logGet(43)) - raft.server.snapshot.auto.trigger.threshold = 10000 (custom)
2019-09-19 09:01:02,308 [pool-190-thread-1] INFO  server.RaftServerConfigKeys (ConfUtils.java:logGet(43)) - raft.server.retrycache.expirytime = 600000ms (custom)
2019-09-19 09:01:02,308 [pool-190-thread-1] INFO  impl.RaftServerImpl (RaftServerImpl.java:start(180)) - beb77c57-4e80-4e72-9c15-fb8c3304f28a: start group-7272D4EAE315
2019-09-19 09:01:02,308 [pool-190-thread-1] INFO  impl.RaftServerImpl (RaftServerImpl.java:setRole(171)) - beb77c57-4e80-4e72-9c15-fb8c3304f28a:group-7272D4EAE315 changes role from null to FOLLOWER at term 0 for startAsFollower
2019-09-19 09:01:02,308 [pool-190-thread-1] INFO  impl.RoleInfo (RoleInfo.java:updateAndGet(143)) - beb77c57-4e80-4e72-9c15-fb8c3304f28a: start FollowerState
2019-09-19 09:01:02,308 [pool-190-thread-1] INFO  util.JmxRegister (JmxRegister.java:tryRegister(44)) - Successfully registered JMX Bean with object name Ratis:service=RaftServer,group=group-7272D4EAE315,id=beb77c57-4e80-4e72-9c15-fb8c3304f28a
2019-09-19 09:01:02,310 [RatisPipelineUtilsThread] INFO  pipeline.PipelineStateManager (PipelineStateManager.java:addPipeline(56)) - Created pipeline Pipeline[ Id: 47d86543-06b8-4787-96b4-7272d4eae315, Nodes: beb77c57-4e80-4e72-9c15-fb8c3304f28a{ip: 192.168.34.5, host: pr-hdds-1569-j4bt4-3030777008, networkLocation: /default-rack, certSerialId: null}, Type:RATIS, Factor:ONE, State:OPEN]
2019-09-19 09:01:02,311 [RatisPipelineUtilsThread] ERROR pipeline.PipelinePlacementPolicy (PipelinePlacementPolicy.java:meetCriteria(91)) - Pipeline Placement: Doesn't meet the criteria to be viable node. Heaviness: 6
2019-09-19 09:01:02,311 [RatisPipelineUtilsThread] ERROR pipeline.PipelinePlacementPolicy (PipelinePlacementPolicy.java:meetCriteria(91)) - Pipeline Placement: Doesn't meet the criteria to be viable node. Heaviness: 6
2019-09-19 09:01:02,311 [RatisPipelineUtilsThread] ERROR pipeline.PipelinePlacementPolicy (PipelinePlacementPolicy.java:meetCriteria(91)) - Pipeline Placement: Doesn't meet the criteria to be viable node. Heaviness: 6
2019-09-19 09:01:02,311 [RatisPipelineUtilsThread] ERROR pipeline.PipelinePlacementPolicy (PipelinePlacementPolicy.java:meetCriteria(91)) - Pipeline Placement: Doesn't meet the criteria to be viable node. Heaviness: 6
2019-09-19 09:01:02,311 [RatisPipelineUtilsThread] ERROR pipeline.PipelinePlacementPolicy (PipelinePlacementPolicy.java:meetCriteria(91)) - Pipeline Placement: Doesn't meet the criteria to be viable node. Heaviness: 6
2019-09-19 09:01:02,311 [RatisPipelineUtilsThread] ERROR pipeline.PipelinePlacementPolicy (PipelinePlacementPolicy.java:meetCriteria(91)) - Pipeline Placement: Doesn't meet the criteria to be viable node. Heaviness: 6
2019-09-19 09:01:02,316 [grpc-default-executor-0] INFO  impl.RaftServerProxy (RaftServerProxy.java:addNew(89)) - beb77c57-4e80-4e72-9c15-fb8c3304f28a: addNew group-4D10B59F7779:[beb77c57-4e80-4e72-9c15-fb8c3304f28a:192.168.34.5:36764] returns group-4D10B59F7779:java.util.concurrent.CompletableFuture@babbdd[Not completed]
2019-09-19 09:01:02,317 [pool-190-thread-1] INFO  impl.RaftServerImpl (RaftServerImpl.java:<init>(93)) - beb77c57-4e80-4e72-9c15-fb8c3304f28a: new RaftServerImpl for group-4D10B59F7779:[beb77c57-4e80-4e72-9c15-fb8c3304f28a:192.168.34.5:36764] with ContainerStateMachine:uninitialized
2019-09-19 09:01:02,317 [pool-190-thread-1] INFO  server.RaftServerConfigKeys (ConfUtils.java:logGet(43)) - raft.server.rpc.timeout.min = 5s (custom)
2019-09-19 09:01:02,317 [pool-190-thread-1] INFO  server.RaftServerConfigKeys (ConfUtils.java:logGet(43)) - raft.server.rpc.timeout.max = 5200ms (custom)
2019-09-19 09:01:02,317 [pool-190-thread-1] INFO  server.RaftServerConfigKeys (ConfUtils.java:logGet(43)) - raft.server.rpcslowness.timeout = 120s (custom)
2019-09-19 09:01:02,317 [pool-190-thread-1] INFO  server.RaftServerConfigKeys (ConfUtils.java:logGet(43)) - raft.server.sleep.deviation.threshold = 300 (default)
2019-09-19 09:01:02,317 [pool-190-thread-1] INFO  server.RaftServerConfigKeys (ConfUtils.java:logGet(43)) - raft.server.log.appender.install.snapshot.enabled = false (custom)
2019-09-19 09:01:02,318 [pool-190-thread-1] INFO  impl.RaftServerImpl (ServerState.java:<init>(105)) - beb77c57-4e80-4e72-9c15-fb8c3304f28a:group-4D10B59F7779 ConfigurationManager, init=-1: [beb77c57-4e80-4e72-9c15-fb8c3304f28a:192.168.34.5:36764], old=null, confs=<EMPTY_MAP>
2019-09-19 09:01:02,318 [pool-190-thread-1] INFO  server.RaftServerConfigKeys (ConfUtils.java:logGet(43)) - raft.server.storage.dir = [/workdir/hadoop-ozone/integration-test/target/test-dir/MiniOzoneClusterImpl-d1f5ba66-8c72-4ad4-ac90-f92cf1c4e2b2/datanode-6/data/ratis] (custom)
2019-09-19 09:01:02,318 [pool-190-thread-1] INFO  storage.RaftStorageDirectory (RaftStorageDirectory.java:analyzeStorage(246)) - The storage directory /workdir/hadoop-ozone/integration-test/target/test-dir/MiniOzoneClusterImpl-d1f5ba66-8c72-4ad4-ac90-f92cf1c4e2b2/datanode-6/data/ratis/3608dbb5-86ae-464f-9133-4d10b59f7779 does not exist. Creating ...
2019-09-19 09:01:02,326 [pool-190-thread-1] INFO  storage.RaftStorageDirectory (RaftStorageDirectory.java:tryLock(328)) - Lock on /workdir/hadoop-ozone/integration-test/target/test-dir/MiniOzoneClusterImpl-d1f5ba66-8c72-4ad4-ac90-f92cf1c4e2b2/datanode-6/data/ratis/3608dbb5-86ae-464f-9133-4d10b59f7779/in_use.lock acquired by nodename 12225@pr-hdds-1569-j4bt4-3030777008
2019-09-19 09:01:02,339 [pool-190-thread-1] INFO  storage.RaftStorage (RaftStorage.java:format(72)) - Storage directory /workdir/hadoop-ozone/integration-test/target/test-dir/MiniOzoneClusterImpl-d1f5ba66-8c72-4ad4-ac90-f92cf1c4e2b2/datanode-6/data/ratis/3608dbb5-86ae-464f-9133-4d10b59f7779 has been successfully formatted.
2019-09-19 09:01:02,340 [pool-190-thread-1] INFO  ratis.ContainerStateMachine (ContainerStateMachine.java:loadSnapshot(226)) - group-4D10B59F7779: The snapshot info is null. Setting the last applied indexto:(t:0, i:~)
2019-09-19 09:01:02,340 [pool-190-thread-1] INFO  server.RaftServerConfigKeys (ConfUtils.java:logGet(43)) - raft.server.leader.election.timeout = 120s (custom)
2019-09-19 09:01:02,340 [pool-190-thread-1] INFO  server.RaftServerConfigKeys (ConfUtils.java:logGet(43)) - raft.server.log.use.memory = false (default)
2019-09-19 09:01:02,340 [pool-190-thread-1] INFO  server.RaftServerConfigKeys (ConfUtils.java:logGet(43)) - raft.server.log.purge.gap = 1000000 (custom)
2019-09-19 09:01:02,340 [pool-190-thread-1] INFO  server.RaftServerConfigKeys (ConfUtils.java:logGet(43)) - raft.server.log.appender.buffer.byte-limit = 33554432 (custom)
2019-09-19 09:01:02,340 [pool-190-thread-1] INFO  server.RaftServerConfigKeys (ConfUtils.java:logGet(43)) - raft.server.log.segment.size.max = 1048576 (custom)
2019-09-19 09:01:02,340 [pool-190-thread-1] INFO  server.RaftServerConfigKeys (ConfUtils.java:logGet(43)) - raft.server.log.segment.cache.num.max = 2 (custom)
2019-09-19 09:01:02,341 [pool-190-thread-1] INFO  segmented.SegmentedRaftLogWorker (SegmentedRaftLogWorker.java:<init>(172)) - new beb77c57-4e80-4e72-9c15-fb8c3304f28a-SegmentedRaftLogWorker:Storage Directory /workdir/hadoop-ozone/integration-test/target/test-dir/MiniOzoneClusterImpl-d1f5ba66-8c72-4ad4-ac90-f92cf1c4e2b2/datanode-6/data/ratis/3608dbb5-86ae-464f-9133-4d10b59f7779 for RaftStorage:Storage Directory /workdir/hadoop-ozone/integration-test/target/test-dir/MiniOzoneClusterImpl-d1f5ba66-8c72-4ad4-ac90-f92cf1c4e2b2/datanode-6/data/ratis/3608dbb5-86ae-464f-9133-4d10b59f7779
2019-09-19 09:01:02,341 [pool-190-thread-1] INFO  server.RaftServerConfigKeys (ConfUtils.java:logGet(43)) - raft.server.log.queue.byte-limit = 2147483647 (custom)
2019-09-19 09:01:02,341 [pool-190-thread-1] INFO  server.RaftServerConfigKeys (ConfUtils.java:logGet(43)) - raft.server.log.queue.element-limit = 1024 (custom)
2019-09-19 09:01:02,341 [pool-190-thread-1] INFO  server.RaftServerConfigKeys (ConfUtils.java:logGet(43)) - raft.server.log.segment.size.max = 1048576 (custom)
2019-09-19 09:01:02,341 [pool-190-thread-1] INFO  server.RaftServerConfigKeys (ConfUtils.java:logGet(43)) - raft.server.log.preallocated.size = 16384 (custom)
2019-09-19 09:01:02,341 [pool-190-thread-1] INFO  server.RaftServerConfigKeys (ConfUtils.java:logGet(43)) - raft.server.log.write.buffer.size = 33554432 (custom)
2019-09-19 09:01:02,341 [pool-190-thread-1] INFO  server.RaftServerConfigKeys (ConfUtils.java:logGet(43)) - raft.server.log.force.sync.num = 128 (default)
2019-09-19 09:01:02,341 [pool-190-thread-1] INFO  server.RaftServerConfigKeys (ConfUtils.java:logGet(43)) - raft.server.log.statemachine.data.sync = true (default)
2019-09-19 09:01:02,341 [pool-190-thread-1] INFO  server.RaftServerConfigKeys (ConfUtils.java:logGet(43)) - raft.server.log.statemachine.data.sync.timeout = 10s (default)
2019-09-19 09:01:02,341 [pool-190-thread-1] INFO  server.RaftServerConfigKeys (ConfUtils.java:logGet(43)) - raft.server.log.statemachine.data.sync.timeout.retry = -1 (default)
2019-09-19 09:01:02,342 [pool-190-thread-1] INFO  server.RaftServerConfigKeys (ConfUtils.java:logGet(43)) - raft.server.log.statemachine.data.caching.enabled = true (custom)
2019-09-19 09:01:02,342 [pool-190-thread-1] INFO  segmented.SegmentedRaftLogWorker (SegmentedRaftLogWorker.java:lambda$new$0(132)) - beb77c57-4e80-4e72-9c15-fb8c3304f28a-SegmentedRaftLogWorker:Storage Directory /workdir/hadoop-ozone/integration-test/target/test-dir/MiniOzoneClusterImpl-d1f5ba66-8c72-4ad4-ac90-f92cf1c4e2b2/datanode-6/data/ratis/3608dbb5-86ae-464f-9133-4d10b59f7779: flushIndex: setUnconditionally 0 -> -1
2019-09-19 09:01:02,342 [pool-190-thread-1] INFO  server.RaftServerConfigKeys (ConfUtils.java:logGet(43)) - raft.server.snapshot.auto.trigger.enabled = true (custom)
2019-09-19 09:01:02,342 [pool-190-thread-1] INFO  server.RaftServerConfigKeys (ConfUtils.java:logGet(43)) - raft.server.snapshot.auto.trigger.threshold = 10000 (custom)
2019-09-19 09:01:02,342 [pool-190-thread-1] INFO  server.RaftServerConfigKeys (ConfUtils.java:logGet(43)) - raft.server.retrycache.expirytime = 600000ms (custom)
2019-09-19 09:01:02,342 [pool-190-thread-1] INFO  impl.RaftServerImpl (RaftServerImpl.java:start(180)) - beb77c57-4e80-4e72-9c15-fb8c3304f28a: start group-4D10B59F7779
2019-09-19 09:01:02,342 [pool-190-thread-1] INFO  impl.RaftServerImpl (RaftServerImpl.java:setRole(171)) - beb77c57-4e80-4e72-9c15-fb8c3304f28a:group-4D10B59F7779 changes role from null to FOLLOWER at term 0 for startAsFollower
2019-09-19 09:01:02,343 [pool-190-thread-1] INFO  impl.RoleInfo (RoleInfo.java:updateAndGet(143)) - beb77c57-4e80-4e72-9c15-fb8c3304f28a: start FollowerState
2019-09-19 09:01:02,343 [pool-190-thread-1] INFO  util.JmxRegister (JmxRegister.java:tryRegister(44)) - Successfully registered JMX Bean with object name Ratis:service=RaftServer,group=group-4D10B59F7779,id=beb77c57-4e80-4e72-9c15-fb8c3304f28a
2019-09-19 09:01:02,345 [RatisPipelineUtilsThread] INFO  pipeline.PipelineStateManager (PipelineStateManager.java:addPipeline(56)) - Created pipeline Pipeline[ Id: 3608dbb5-86ae-464f-9133-4d10b59f7779, Nodes: beb77c57-4e80-4e72-9c15-fb8c3304f28a{ip: 192.168.34.5, host: pr-hdds-1569-j4bt4-3030777008, networkLocation: /default-rack, certSerialId: null}, Type:RATIS, Factor:ONE, State:OPEN]
2019-09-19 09:01:02,346 [RatisPipelineUtilsThread] ERROR pipeline.PipelinePlacementPolicy (PipelinePlacementPolicy.java:meetCriteria(91)) - Pipeline Placement: Doesn't meet the criteria to be viable node. Heaviness: 6
2019-09-19 09:01:02,346 [RatisPipelineUtilsThread] ERROR pipeline.PipelinePlacementPolicy (PipelinePlacementPolicy.java:meetCriteria(91)) - Pipeline Placement: Doesn't meet the criteria to be viable node. Heaviness: 6
2019-09-19 09:01:02,346 [RatisPipelineUtilsThread] ERROR pipeline.PipelinePlacementPolicy (PipelinePlacementPolicy.java:meetCriteria(91)) - Pipeline Placement: Doesn't meet the criteria to be viable node. Heaviness: 6
2019-09-19 09:01:02,346 [RatisPipelineUtilsThread] ERROR pipeline.PipelinePlacementPolicy (PipelinePlacementPolicy.java:meetCriteria(91)) - Pipeline Placement: Doesn't meet the criteria to be viable node. Heaviness: 6
2019-09-19 09:01:02,346 [RatisPipelineUtilsThread] ERROR pipeline.PipelinePlacementPolicy (PipelinePlacementPolicy.java:meetCriteria(91)) - Pipeline Placement: Doesn't meet the criteria to be viable node. Heaviness: 6
2019-09-19 09:01:02,346 [RatisPipelineUtilsThread] ERROR pipeline.PipelinePlacementPolicy (PipelinePlacementPolicy.java:meetCriteria(91)) - Pipeline Placement: Doesn't meet the criteria to be viable node. Heaviness: 6
2019-09-19 09:01:02,352 [grpc-default-executor-0] INFO  impl.RaftServerProxy (RaftServerProxy.java:addNew(89)) - beb77c57-4e80-4e72-9c15-fb8c3304f28a: addNew group-02C292BD2FEF:[beb77c57-4e80-4e72-9c15-fb8c3304f28a:192.168.34.5:36764] returns group-02C292BD2FEF:java.util.concurrent.CompletableFuture@456d17ea[Not completed]
2019-09-19 09:01:02,353 [pool-190-thread-1] INFO  impl.RaftServerImpl (RaftServerImpl.java:<init>(93)) - beb77c57-4e80-4e72-9c15-fb8c3304f28a: new RaftServerImpl for group-02C292BD2FEF:[beb77c57-4e80-4e72-9c15-fb8c3304f28a:192.168.34.5:36764] with ContainerStateMachine:uninitialized
2019-09-19 09:01:02,353 [pool-190-thread-1] INFO  server.RaftServerConfigKeys (ConfUtils.java:logGet(43)) - raft.server.rpc.timeout.min = 5s (custom)
2019-09-19 09:01:02,353 [pool-190-thread-1] INFO  server.RaftServerConfigKeys (ConfUtils.java:logGet(43)) - raft.server.rpc.timeout.max = 5200ms (custom)
2019-09-19 09:01:02,353 [pool-190-thread-1] INFO  server.RaftServerConfigKeys (ConfUtils.java:logGet(43)) - raft.server.rpcslowness.timeout = 120s (custom)
2019-09-19 09:01:02,353 [pool-190-thread-1] INFO  server.RaftServerConfigKeys (ConfUtils.java:logGet(43)) - raft.server.sleep.deviation.threshold = 300 (default)
2019-09-19 09:01:02,353 [pool-190-thread-1] INFO  server.RaftServerConfigKeys (ConfUtils.java:logGet(43)) - raft.server.log.appender.install.snapshot.enabled = false (custom)
2019-09-19 09:01:02,353 [pool-190-thread-1] INFO  impl.RaftServerImpl (ServerState.java:<init>(105)) - beb77c57-4e80-4e72-9c15-fb8c3304f28a:group-02C292BD2FEF ConfigurationManager, init=-1: [beb77c57-4e80-4e72-9c15-fb8c3304f28a:192.168.34.5:36764], old=null, confs=<EMPTY_MAP>
2019-09-19 09:01:02,354 [pool-190-thread-1] INFO  server.RaftServerConfigKeys (ConfUtils.java:logGet(43)) - raft.server.storage.dir = [/workdir/hadoop-ozone/integration-test/target/test-dir/MiniOzoneClusterImpl-d1f5ba66-8c72-4ad4-ac90-f92cf1c4e2b2/datanode-6/data/ratis] (custom)
2019-09-19 09:01:02,354 [pool-190-thread-1] INFO  storage.RaftStorageDirectory (RaftStorageDirectory.java:analyzeStorage(246)) - The storage directory /workdir/hadoop-ozone/integration-test/target/test-dir/MiniOzoneClusterImpl-d1f5ba66-8c72-4ad4-ac90-f92cf1c4e2b2/datanode-6/data/ratis/41c43383-3b30-490e-bb5a-02c292bd2fef does not exist. Creating ...
2019-09-19 09:01:02,365 [pool-190-thread-1] INFO  storage.RaftStorageDirectory (RaftStorageDirectory.java:tryLock(328)) - Lock on /workdir/hadoop-ozone/integration-test/target/test-dir/MiniOzoneClusterImpl-d1f5ba66-8c72-4ad4-ac90-f92cf1c4e2b2/datanode-6/data/ratis/41c43383-3b30-490e-bb5a-02c292bd2fef/in_use.lock acquired by nodename 12225@pr-hdds-1569-j4bt4-3030777008
2019-09-19 09:01:02,374 [pool-190-thread-1] INFO  storage.RaftStorage (RaftStorage.java:format(72)) - Storage directory /workdir/hadoop-ozone/integration-test/target/test-dir/MiniOzoneClusterImpl-d1f5ba66-8c72-4ad4-ac90-f92cf1c4e2b2/datanode-6/data/ratis/41c43383-3b30-490e-bb5a-02c292bd2fef has been successfully formatted.
2019-09-19 09:01:02,375 [pool-190-thread-1] INFO  ratis.ContainerStateMachine (ContainerStateMachine.java:loadSnapshot(226)) - group-02C292BD2FEF: The snapshot info is null. Setting the last applied indexto:(t:0, i:~)
2019-09-19 09:01:02,375 [pool-190-thread-1] INFO  server.RaftServerConfigKeys (ConfUtils.java:logGet(43)) - raft.server.leader.election.timeout = 120s (custom)
2019-09-19 09:01:02,375 [pool-190-thread-1] INFO  server.RaftServerConfigKeys (ConfUtils.java:logGet(43)) - raft.server.log.use.memory = false (default)
2019-09-19 09:01:02,375 [pool-190-thread-1] INFO  server.RaftServerConfigKeys (ConfUtils.java:logGet(43)) - raft.server.log.purge.gap = 1000000 (custom)
2019-09-19 09:01:02,376 [pool-190-thread-1] INFO  server.RaftServerConfigKeys (ConfUtils.java:logGet(43)) - raft.server.log.appender.buffer.byte-limit = 33554432 (custom)
2019-09-19 09:01:02,376 [pool-190-thread-1] INFO  server.RaftServerConfigKeys (ConfUtils.java:logGet(43)) - raft.server.log.segment.size.max = 1048576 (custom)
2019-09-19 09:01:02,376 [pool-190-thread-1] INFO  server.RaftServerConfigKeys (ConfUtils.java:logGet(43)) - raft.server.log.segment.cache.num.max = 2 (custom)
2019-09-19 09:01:02,376 [pool-190-thread-1] INFO  segmented.SegmentedRaftLogWorker (SegmentedRaftLogWorker.java:<init>(172)) - new beb77c57-4e80-4e72-9c15-fb8c3304f28a-SegmentedRaftLogWorker:Storage Directory /workdir/hadoop-ozone/integration-test/target/test-dir/MiniOzoneClusterImpl-d1f5ba66-8c72-4ad4-ac90-f92cf1c4e2b2/datanode-6/data/ratis/41c43383-3b30-490e-bb5a-02c292bd2fef for RaftStorage:Storage Directory /workdir/hadoop-ozone/integration-test/target/test-dir/MiniOzoneClusterImpl-d1f5ba66-8c72-4ad4-ac90-f92cf1c4e2b2/datanode-6/data/ratis/41c43383-3b30-490e-bb5a-02c292bd2fef
2019-09-19 09:01:02,376 [pool-190-thread-1] INFO  server.RaftServerConfigKeys (ConfUtils.java:logGet(43)) - raft.server.log.queue.byte-limit = 2147483647 (custom)
2019-09-19 09:01:02,376 [pool-190-thread-1] INFO  server.RaftServerConfigKeys (ConfUtils.java:logGet(43)) - raft.server.log.queue.element-limit = 1024 (custom)
2019-09-19 09:01:02,376 [pool-190-thread-1] INFO  server.RaftServerConfigKeys (ConfUtils.java:logGet(43)) - raft.server.log.segment.size.max = 1048576 (custom)
2019-09-19 09:01:02,377 [pool-190-thread-1] INFO  server.RaftServerConfigKeys (ConfUtils.java:logGet(43)) - raft.server.log.preallocated.size = 16384 (custom)
2019-09-19 09:01:02,377 [pool-190-thread-1] INFO  server.RaftServerConfigKeys (ConfUtils.java:logGet(43)) - raft.server.log.write.buffer.size = 33554432 (custom)
2019-09-19 09:01:02,377 [pool-190-thread-1] INFO  server.RaftServerConfigKeys (ConfUtils.java:logGet(43)) - raft.server.log.force.sync.num = 128 (default)
2019-09-19 09:01:02,377 [pool-190-thread-1] INFO  server.RaftServerConfigKeys (ConfUtils.java:logGet(43)) - raft.server.log.statemachine.data.sync = true (default)
2019-09-19 09:01:02,377 [pool-190-thread-1] INFO  server.RaftServerConfigKeys (ConfUtils.java:logGet(43)) - raft.server.log.statemachine.data.sync.timeout = 10s (default)
2019-09-19 09:01:02,377 [pool-190-thread-1] INFO  server.RaftServerConfigKeys (ConfUtils.java:logGet(43)) - raft.server.log.statemachine.data.sync.timeout.retry = -1 (default)
2019-09-19 09:01:02,378 [pool-190-thread-1] INFO  server.RaftServerConfigKeys (ConfUtils.java:logGet(43)) - raft.server.log.statemachine.data.caching.enabled = true (custom)
2019-09-19 09:01:02,378 [pool-190-thread-1] INFO  segmented.SegmentedRaftLogWorker (SegmentedRaftLogWorker.java:lambda$new$0(132)) - beb77c57-4e80-4e72-9c15-fb8c3304f28a-SegmentedRaftLogWorker:Storage Directory /workdir/hadoop-ozone/integration-test/target/test-dir/MiniOzoneClusterImpl-d1f5ba66-8c72-4ad4-ac90-f92cf1c4e2b2/datanode-6/data/ratis/41c43383-3b30-490e-bb5a-02c292bd2fef: flushIndex: setUnconditionally 0 -> -1
2019-09-19 09:01:02,378 [pool-190-thread-1] INFO  server.RaftServerConfigKeys (ConfUtils.java:logGet(43)) - raft.server.snapshot.auto.trigger.enabled = true (custom)
2019-09-19 09:01:02,378 [pool-190-thread-1] INFO  server.RaftServerConfigKeys (ConfUtils.java:logGet(43)) - raft.server.snapshot.auto.trigger.threshold = 10000 (custom)
2019-09-19 09:01:02,379 [pool-190-thread-1] INFO  server.RaftServerConfigKeys (ConfUtils.java:logGet(43)) - raft.server.retrycache.expirytime = 600000ms (custom)
2019-09-19 09:01:02,379 [pool-190-thread-1] INFO  impl.RaftServerImpl (RaftServerImpl.java:start(180)) - beb77c57-4e80-4e72-9c15-fb8c3304f28a: start group-02C292BD2FEF
2019-09-19 09:01:02,379 [pool-190-thread-1] INFO  impl.RaftServerImpl (RaftServerImpl.java:setRole(171)) - beb77c57-4e80-4e72-9c15-fb8c3304f28a:group-02C292BD2FEF changes role from null to FOLLOWER at term 0 for startAsFollower
2019-09-19 09:01:02,379 [pool-190-thread-1] INFO  impl.RoleInfo (RoleInfo.java:updateAndGet(143)) - beb77c57-4e80-4e72-9c15-fb8c3304f28a: start FollowerState
2019-09-19 09:01:02,380 [pool-190-thread-1] INFO  util.JmxRegister (JmxRegister.java:tryRegister(44)) - Successfully registered JMX Bean with object name Ratis:service=RaftServer,group=group-02C292BD2FEF,id=beb77c57-4e80-4e72-9c15-fb8c3304f28a
2019-09-19 09:01:02,385 [RatisPipelineUtilsThread] INFO  pipeline.PipelineStateManager (PipelineStateManager.java:addPipeline(56)) - Created pipeline Pipeline[ Id: 41c43383-3b30-490e-bb5a-02c292bd2fef, Nodes: beb77c57-4e80-4e72-9c15-fb8c3304f28a{ip: 192.168.34.5, host: pr-hdds-1569-j4bt4-3030777008, networkLocation: /default-rack, certSerialId: null}, Type:RATIS, Factor:ONE, State:OPEN]
2019-09-19 09:01:02,385 [RatisPipelineUtilsThread] ERROR pipeline.PipelinePlacementPolicy (PipelinePlacementPolicy.java:meetCriteria(91)) - Pipeline Placement: Doesn't meet the criteria to be viable node. Heaviness: 6
2019-09-19 09:01:02,385 [RatisPipelineUtilsThread] ERROR pipeline.PipelinePlacementPolicy (PipelinePlacementPolicy.java:meetCriteria(91)) - Pipeline Placement: Doesn't meet the criteria to be viable node. Heaviness: 6
2019-09-19 09:01:02,385 [RatisPipelineUtilsThread] ERROR pipeline.PipelinePlacementPolicy (PipelinePlacementPolicy.java:meetCriteria(91)) - Pipeline Placement: Doesn't meet the criteria to be viable node. Heaviness: 6
2019-09-19 09:01:02,385 [RatisPipelineUtilsThread] ERROR pipeline.PipelinePlacementPolicy (PipelinePlacementPolicy.java:meetCriteria(91)) - Pipeline Placement: Doesn't meet the criteria to be viable node. Heaviness: 6
2019-09-19 09:01:02,385 [RatisPipelineUtilsThread] ERROR pipeline.PipelinePlacementPolicy (PipelinePlacementPolicy.java:meetCriteria(91)) - Pipeline Placement: Doesn't meet the criteria to be viable node. Heaviness: 6
2019-09-19 09:01:02,386 [RatisPipelineUtilsThread] ERROR pipeline.PipelinePlacementPolicy (PipelinePlacementPolicy.java:meetCriteria(91)) - Pipeline Placement: Doesn't meet the criteria to be viable node. Heaviness: 6
2019-09-19 09:01:02,386 [RatisPipelineUtilsThread] ERROR pipeline.PipelinePlacementPolicy (PipelinePlacementPolicy.java:meetCriteria(91)) - Pipeline Placement: Doesn't meet the criteria to be viable node. Heaviness: 6
2019-09-19 09:01:02,386 [RatisPipelineUtilsThread] ERROR pipeline.PipelinePlacementPolicy (PipelinePlacementPolicy.java:filterViableNodes(146)) - Unable to find enough nodes that meet the criteria that cannot engage in more than 5 pipelines. Nodes required: 1 Found: 0, healthy nodes count inNodeManager: 7.
2019-09-19 09:01:02,386 [RatisPipelineUtilsThread] ERROR pipeline.SCMPipelineManager (SCMPipelineManager.java:createPipeline(161)) - Pipeline creation failed due to exception: Unable to find enough nodes that meet the criteria that cannot engage in more than 5 pipelines. Nodes required: 1 Found: 0, healthy nodes count inNodeManager: 7.
2019-09-19 09:01:02,386 [RatisPipelineUtilsThread] ERROR pipeline.PipelinePlacementPolicy (PipelinePlacementPolicy.java:meetCriteria(91)) - Pipeline Placement: Doesn't meet the criteria to be viable node. Heaviness: 6
2019-09-19 09:01:02,386 [RatisPipelineUtilsThread] ERROR pipeline.PipelinePlacementPolicy (PipelinePlacementPolicy.java:meetCriteria(91)) - Pipeline Placement: Doesn't meet the criteria to be viable node. Heaviness: 6
2019-09-19 09:01:02,386 [RatisPipelineUtilsThread] ERROR pipeline.PipelinePlacementPolicy (PipelinePlacementPolicy.java:meetCriteria(91)) - Pipeline Placement: Doesn't meet the criteria to be viable node. Heaviness: 6
2019-09-19 09:01:02,386 [RatisPipelineUtilsThread] ERROR pipeline.PipelinePlacementPolicy (PipelinePlacementPolicy.java:meetCriteria(91)) - Pipeline Placement: Doesn't meet the criteria to be viable node. Heaviness: 6
2019-09-19 09:01:02,387 [RatisPipelineUtilsThread] ERROR pipeline.PipelinePlacementPolicy (PipelinePlacementPolicy.java:meetCriteria(91)) - Pipeline Placement: Doesn't meet the criteria to be viable node. Heaviness: 6
2019-09-19 09:01:02,387 [RatisPipelineUtilsThread] ERROR pipeline.PipelinePlacementPolicy (PipelinePlacementPolicy.java:meetCriteria(91)) - Pipeline Placement: Doesn't meet the criteria to be viable node. Heaviness: 6
2019-09-19 09:01:02,387 | INFO  | SCMAudit | user=jenkins1000 | ip=192.168.34.5 | op=SEND_HEARTBEAT {datanodeUUID=95a4061d-e5b0-4b2c-827e-cb05eb0977c9, command=[]} | ret=SUCCESS |  
2019-09-19 09:01:02,387 [RatisPipelineUtilsThread] ERROR pipeline.PipelinePlacementPolicy (PipelinePlacementPolicy.java:meetCriteria(91)) - Pipeline Placement: Doesn't meet the criteria to be viable node. Heaviness: 6
2019-09-19 09:01:02,387 [RatisPipelineUtilsThread] ERROR pipeline.PipelinePlacementPolicy (PipelinePlacementPolicy.java:filterViableNodes(146)) - Unable to find enough nodes that meet the criteria that cannot engage in more than 5 pipelines. Nodes required: 3 Found: 0, healthy nodes count inNodeManager: 7.
2019-09-19 09:01:02,387 [RatisPipelineUtilsThread] ERROR pipeline.SCMPipelineManager (SCMPipelineManager.java:createPipeline(161)) - Pipeline creation failed due to exception: Unable to find enough nodes that meet the criteria that cannot engage in more than 5 pipelines. Nodes required: 3 Found: 0, healthy nodes count inNodeManager: 7.
2019-09-19 09:01:02,387 [RatisPipelineUtilsThread] ERROR pipeline.PipelinePlacementPolicy (PipelinePlacementPolicy.java:meetCriteria(91)) - Pipeline Placement: Doesn't meet the criteria to be viable node. Heaviness: 6
2019-09-19 09:01:02,387 [RatisPipelineUtilsThread] ERROR pipeline.PipelinePlacementPolicy (PipelinePlacementPolicy.java:meetCriteria(91)) - Pipeline Placement: Doesn't meet the criteria to be viable node. Heaviness: 6
2019-09-19 09:01:02,388 [RatisPipelineUtilsThread] ERROR pipeline.PipelinePlacementPolicy (PipelinePlacementPolicy.java:meetCriteria(91)) - Pipeline Placement: Doesn't meet the criteria to be viable node. Heaviness: 6
2019-09-19 09:01:02,388 [RatisPipelineUtilsThread] ERROR pipeline.PipelinePlacementPolicy (PipelinePlacementPolicy.java:meetCriteria(91)) - Pipeline Placement: Doesn't meet the criteria to be viable node. Heaviness: 6
2019-09-19 09:01:02,388 [RatisPipelineUtilsThread] ERROR pipeline.PipelinePlacementPolicy (PipelinePlacementPolicy.java:meetCriteria(91)) - Pipeline Placement: Doesn't meet the criteria to be viable node. Heaviness: 6
2019-09-19 09:01:02,388 [RatisPipelineUtilsThread] ERROR pipeline.PipelinePlacementPolicy (PipelinePlacementPolicy.java:meetCriteria(91)) - Pipeline Placement: Doesn't meet the criteria to be viable node. Heaviness: 6
2019-09-19 09:01:02,388 [RatisPipelineUtilsThread] ERROR pipeline.PipelinePlacementPolicy (PipelinePlacementPolicy.java:meetCriteria(91)) - Pipeline Placement: Doesn't meet the criteria to be viable node. Heaviness: 6
2019-09-19 09:01:02,388 [RatisPipelineUtilsThread] ERROR pipeline.PipelinePlacementPolicy (PipelinePlacementPolicy.java:filterViableNodes(146)) - Unable to find enough nodes that meet the criteria that cannot engage in more than 5 pipelines. Nodes required: 1 Found: 0, healthy nodes count inNodeManager: 7.
2019-09-19 09:01:02,388 [RatisPipelineUtilsThread] ERROR pipeline.SCMPipelineManager (SCMPipelineManager.java:createPipeline(161)) - Pipeline creation failed due to exception: Unable to find enough nodes that meet the criteria that cannot engage in more than 5 pipelines. Nodes required: 1 Found: 0, healthy nodes count inNodeManager: 7.
2019-09-19 09:01:02,388 [RatisPipelineUtilsThread] ERROR pipeline.PipelinePlacementPolicy (PipelinePlacementPolicy.java:meetCriteria(91)) - Pipeline Placement: Doesn't meet the criteria to be viable node. Heaviness: 6
2019-09-19 09:01:02,389 [RatisPipelineUtilsThread] ERROR pipeline.PipelinePlacementPolicy (PipelinePlacementPolicy.java:meetCriteria(91)) - Pipeline Placement: Doesn't meet the criteria to be viable node. Heaviness: 6
2019-09-19 09:01:02,389 [RatisPipelineUtilsThread] ERROR pipeline.PipelinePlacementPolicy (PipelinePlacementPolicy.java:meetCriteria(91)) - Pipeline Placement: Doesn't meet the criteria to be viable node. Heaviness: 6
2019-09-19 09:01:02,389 [RatisPipelineUtilsThread] ERROR pipeline.PipelinePlacementPolicy (PipelinePlacementPolicy.java:meetCriteria(91)) - Pipeline Placement: Doesn't meet the criteria to be viable node. Heaviness: 6
2019-09-19 09:01:02,389 [RatisPipelineUtilsThread] ERROR pipeline.PipelinePlacementPolicy (PipelinePlacementPolicy.java:meetCriteria(91)) - Pipeline Placement: Doesn't meet the criteria to be viable node. Heaviness: 6
2019-09-19 09:01:02,389 [RatisPipelineUtilsThread] ERROR pipeline.PipelinePlacementPolicy (PipelinePlacementPolicy.java:meetCriteria(91)) - Pipeline Placement: Doesn't meet the criteria to be viable node. Heaviness: 6
2019-09-19 09:01:02,389 [RatisPipelineUtilsThread] ERROR pipeline.PipelinePlacementPolicy (PipelinePlacementPolicy.java:meetCriteria(91)) - Pipeline Placement: Doesn't meet the criteria to be viable node. Heaviness: 6
2019-09-19 09:01:02,389 [RatisPipelineUtilsThread] ERROR pipeline.PipelinePlacementPolicy (PipelinePlacementPolicy.java:filterViableNodes(146)) - Unable to find enough nodes that meet the criteria that cannot engage in more than 5 pipelines. Nodes required: 3 Found: 0, healthy nodes count inNodeManager: 7.
2019-09-19 09:01:02,389 [RatisPipelineUtilsThread] ERROR pipeline.SCMPipelineManager (SCMPipelineManager.java:createPipeline(161)) - Pipeline creation failed due to exception: Unable to find enough nodes that meet the criteria that cannot engage in more than 5 pipelines. Nodes required: 3 Found: 0, healthy nodes count inNodeManager: 7.
2019-09-19 09:01:02,617 | INFO  | SCMAudit | user=jenkins1000 | ip=192.168.34.5 | op=SEND_HEARTBEAT {datanodeUUID=ef4e2621-ebc1-459a-be1e-ded655ac96a5, command=[]} | ret=SUCCESS |  
2019-09-19 09:01:02,830 | INFO  | SCMAudit | user=jenkins1000 | ip=192.168.34.5 | op=SEND_HEARTBEAT {datanodeUUID=2c2b1180-bd06-4560-b4fa-2079d6381cde, command=[]} | ret=SUCCESS |  
2019-09-19 09:01:02,890 [main] INFO  ozone.MiniOzoneClusterImpl (MiniOzoneClusterImpl.java:lambda$waitForClusterToBeReady$0(142)) - Cluster is ready. Got 7 of 7 DN Heartbeats.
2019-09-19 09:01:02,928 [main] INFO  rpc.RpcClient (RpcClient.java:createVolume(293)) - Creating Volume: testblockoutputstreamwithretries, with jenkins1000 as owner.
2019-09-19 09:01:02,930 | INFO  | OMAudit | user=jenkins1000 | ip=127.0.0.1 | op=CREATE_VOLUME {admin=jenkins1000, owner=jenkins1000, volume=testblockoutputstreamwithretries, creationTime=1568883662930, quotaInBytes=1152921504606846976} | ret=SUCCESS |  
2019-09-19 09:01:02,943 | INFO  | OMAudit | user=jenkins1000 | ip=127.0.0.1 | op=READ_VOLUME {volume=testblockoutputstreamwithretries} | ret=SUCCESS |  
2019-09-19 09:01:02,944 [main] INFO  rpc.RpcClient (RpcClient.java:createBucket(432)) - Creating Bucket: testblockoutputstreamwithretries/testblockoutputstreamwithretries, with Versioning false and Storage Type set to DISK and Encryption set to false 
2019-09-19 09:01:02,948 | INFO  | OMAudit | user=jenkins1000 | ip=127.0.0.1 | op=CREATE_BUCKET {volume=testblockoutputstreamwithretries, bucket=testblockoutputstreamwithretries, acls=[user:jenkins1000:a[ACCESS], group:default:a[ACCESS]], isVersionEnabled=false, storageType=DISK, creationTime=0} | ret=SUCCESS |  
2019-09-19 09:01:02,950 | INFO  | OMAudit | user=jenkins1000 | ip=127.0.0.1 | op=READ_VOLUME {volume=testblockoutputstreamwithretries} | ret=SUCCESS |  
2019-09-19 09:01:02,952 | INFO  | OMAudit | user=jenkins1000 | ip=127.0.0.1 | op=READ_BUCKET {volume=testblockoutputstreamwithretries, bucket=testblockoutputstreamwithretries} | ret=SUCCESS |  
2019-09-19 09:01:02,957 [IPC Server handler 4 on 40214] ERROR pipeline.PipelinePlacementPolicy (PipelinePlacementPolicy.java:meetCriteria(91)) - Pipeline Placement: Doesn't meet the criteria to be viable node. Heaviness: 6
2019-09-19 09:01:02,958 [IPC Server handler 4 on 40214] ERROR pipeline.PipelinePlacementPolicy (PipelinePlacementPolicy.java:meetCriteria(91)) - Pipeline Placement: Doesn't meet the criteria to be viable node. Heaviness: 6
2019-09-19 09:01:02,958 [IPC Server handler 4 on 40214] ERROR pipeline.PipelinePlacementPolicy (PipelinePlacementPolicy.java:meetCriteria(91)) - Pipeline Placement: Doesn't meet the criteria to be viable node. Heaviness: 6
2019-09-19 09:01:02,958 [IPC Server handler 4 on 40214] ERROR pipeline.PipelinePlacementPolicy (PipelinePlacementPolicy.java:meetCriteria(91)) - Pipeline Placement: Doesn't meet the criteria to be viable node. Heaviness: 6
2019-09-19 09:01:02,958 [IPC Server handler 4 on 40214] ERROR pipeline.PipelinePlacementPolicy (PipelinePlacementPolicy.java:meetCriteria(91)) - Pipeline Placement: Doesn't meet the criteria to be viable node. Heaviness: 6
2019-09-19 09:01:02,958 [IPC Server handler 4 on 40214] ERROR pipeline.PipelinePlacementPolicy (PipelinePlacementPolicy.java:meetCriteria(91)) - Pipeline Placement: Doesn't meet the criteria to be viable node. Heaviness: 6
2019-09-19 09:01:02,958 [IPC Server handler 4 on 40214] ERROR pipeline.PipelinePlacementPolicy (PipelinePlacementPolicy.java:meetCriteria(91)) - Pipeline Placement: Doesn't meet the criteria to be viable node. Heaviness: 6
2019-09-19 09:01:02,958 [IPC Server handler 4 on 40214] ERROR pipeline.PipelinePlacementPolicy (PipelinePlacementPolicy.java:filterViableNodes(146)) - Unable to find enough nodes that meet the criteria that cannot engage in more than 5 pipelines. Nodes required: 3 Found: 0, healthy nodes count inNodeManager: 7.
2019-09-19 09:01:02,958 [IPC Server handler 4 on 40214] ERROR pipeline.SCMPipelineManager (SCMPipelineManager.java:createPipeline(161)) - Pipeline creation failed due to exception: Unable to find enough nodes that meet the criteria that cannot engage in more than 5 pipelines. Nodes required: 3 Found: 0, healthy nodes count inNodeManager: 7.
2019-09-19 09:01:02,958 [IPC Server handler 4 on 40214] WARN  block.BlockManagerImpl (BlockManagerImpl.java:allocateBlock(192)) - Pipeline creation failed for type:RATIS factor:THREE. Retrying get pipelines call once.
org.apache.hadoop.hdds.scm.exceptions.SCMException: Unable to find enough nodes that meet the criteria that cannot engage in more than 5 pipelines. Nodes required: 3 Found: 0, healthy nodes count inNodeManager: 7.
	at org.apache.hadoop.hdds.scm.pipeline.PipelinePlacementPolicy.filterViableNodes(PipelinePlacementPolicy.java:147)
	at org.apache.hadoop.hdds.scm.pipeline.PipelinePlacementPolicy.chooseDatanodes(PipelinePlacementPolicy.java:170)
	at org.apache.hadoop.hdds.scm.pipeline.RatisPipelineProvider.create(RatisPipelineProvider.java:92)
	at org.apache.hadoop.hdds.scm.pipeline.PipelineFactory.create(PipelineFactory.java:57)
	at org.apache.hadoop.hdds.scm.pipeline.SCMPipelineManager.createPipeline(SCMPipelineManager.java:149)
	at org.apache.hadoop.hdds.scm.block.BlockManagerImpl.allocateBlock(BlockManagerImpl.java:190)
	at org.apache.hadoop.hdds.scm.server.SCMBlockProtocolServer.allocateBlock(SCMBlockProtocolServer.java:175)
	at org.apache.hadoop.ozone.protocolPB.ScmBlockLocationProtocolServerSideTranslatorPB.allocateScmBlock(ScmBlockLocationProtocolServerSideTranslatorPB.java:153)
	at org.apache.hadoop.ozone.protocolPB.ScmBlockLocationProtocolServerSideTranslatorPB.send(ScmBlockLocationProtocolServerSideTranslatorPB.java:112)
	at org.apache.hadoop.hdds.protocol.proto.ScmBlockLocationProtocolProtos$ScmBlockLocationProtocolService$2.callBlockingMethod(ScmBlockLocationProtocolProtos.java:13157)
	at org.apache.hadoop.ipc.ProtobufRpcEngine$Server$ProtoBufRpcInvoker.call(ProtobufRpcEngine.java:524)
	at org.apache.hadoop.ipc.RPC$Server.call(RPC.java:1025)
	at org.apache.hadoop.ipc.Server$RpcCall.run(Server.java:876)
	at org.apache.hadoop.ipc.Server$RpcCall.run(Server.java:822)
	at java.security.AccessController.doPrivileged(Native Method)
	at javax.security.auth.Subject.doAs(Subject.java:422)
	at org.apache.hadoop.security.UserGroupInformation.doAs(UserGroupInformation.java:1730)
	at org.apache.hadoop.ipc.Server$Handler.run(Server.java:2682)
2019-09-19 09:01:02,959 [IPC Server handler 4 on 40214] INFO  block.BlockManagerImpl (BlockManagerImpl.java:allocateBlock(198)) - Could not find available pipeline of type:RATIS and factor:THREE even after retrying
2019-09-19 09:01:02,959 [IPC Server handler 4 on 40214] ERROR block.BlockManagerImpl (BlockManagerImpl.java:allocateBlock(222)) - Unable to allocate a block for the size: 800, type: RATIS, factor: THREE
2019-09-19 09:01:02,959 [IPC Server handler 4 on 40214] ERROR pipeline.PipelinePlacementPolicy (PipelinePlacementPolicy.java:meetCriteria(91)) - Pipeline Placement: Doesn't meet the criteria to be viable node. Heaviness: 6
2019-09-19 09:01:02,959 [IPC Server handler 4 on 40214] ERROR pipeline.PipelinePlacementPolicy (PipelinePlacementPolicy.java:meetCriteria(91)) - Pipeline Placement: Doesn't meet the criteria to be viable node. Heaviness: 6
2019-09-19 09:01:02,959 [IPC Server handler 4 on 40214] ERROR pipeline.PipelinePlacementPolicy (PipelinePlacementPolicy.java:meetCriteria(91)) - Pipeline Placement: Doesn't meet the criteria to be viable node. Heaviness: 6
2019-09-19 09:01:02,959 [IPC Server handler 4 on 40214] ERROR pipeline.PipelinePlacementPolicy (PipelinePlacementPolicy.java:meetCriteria(91)) - Pipeline Placement: Doesn't meet the criteria to be viable node. Heaviness: 6
2019-09-19 09:01:02,959 [IPC Server handler 4 on 40214] ERROR pipeline.PipelinePlacementPolicy (PipelinePlacementPolicy.java:meetCriteria(91)) - Pipeline Placement: Doesn't meet the criteria to be viable node. Heaviness: 6
2019-09-19 09:01:02,959 [IPC Server handler 4 on 40214] ERROR pipeline.PipelinePlacementPolicy (PipelinePlacementPolicy.java:meetCriteria(91)) - Pipeline Placement: Doesn't meet the criteria to be viable node. Heaviness: 6
2019-09-19 09:01:02,959 [IPC Server handler 4 on 40214] ERROR pipeline.PipelinePlacementPolicy (PipelinePlacementPolicy.java:meetCriteria(91)) - Pipeline Placement: Doesn't meet the criteria to be viable node. Heaviness: 6
2019-09-19 09:01:02,960 [IPC Server handler 4 on 40214] ERROR pipeline.PipelinePlacementPolicy (PipelinePlacementPolicy.java:filterViableNodes(146)) - Unable to find enough nodes that meet the criteria that cannot engage in more than 5 pipelines. Nodes required: 3 Found: 0, healthy nodes count inNodeManager: 7.
2019-09-19 09:01:02,960 [IPC Server handler 4 on 40214] ERROR pipeline.SCMPipelineManager (SCMPipelineManager.java:createPipeline(161)) - Pipeline creation failed due to exception: Unable to find enough nodes that meet the criteria that cannot engage in more than 5 pipelines. Nodes required: 3 Found: 0, healthy nodes count inNodeManager: 7.
2019-09-19 09:01:02,960 [IPC Server handler 4 on 40214] WARN  block.BlockManagerImpl (BlockManagerImpl.java:allocateBlock(192)) - Pipeline creation failed for type:RATIS factor:THREE. Retrying get pipelines call once.
org.apache.hadoop.hdds.scm.exceptions.SCMException: Unable to find enough nodes that meet the criteria that cannot engage in more than 5 pipelines. Nodes required: 3 Found: 0, healthy nodes count inNodeManager: 7.
	at org.apache.hadoop.hdds.scm.pipeline.PipelinePlacementPolicy.filterViableNodes(PipelinePlacementPolicy.java:147)
	at org.apache.hadoop.hdds.scm.pipeline.PipelinePlacementPolicy.chooseDatanodes(PipelinePlacementPolicy.java:170)
	at org.apache.hadoop.hdds.scm.pipeline.RatisPipelineProvider.create(RatisPipelineProvider.java:92)
	at org.apache.hadoop.hdds.scm.pipeline.PipelineFactory.create(PipelineFactory.java:57)
	at org.apache.hadoop.hdds.scm.pipeline.SCMPipelineManager.createPipeline(SCMPipelineManager.java:149)
	at org.apache.hadoop.hdds.scm.block.BlockManagerImpl.allocateBlock(BlockManagerImpl.java:190)
	at org.apache.hadoop.hdds.scm.server.SCMBlockProtocolServer.allocateBlock(SCMBlockProtocolServer.java:175)
	at org.apache.hadoop.ozone.protocolPB.ScmBlockLocationProtocolServerSideTranslatorPB.allocateScmBlock(ScmBlockLocationProtocolServerSideTranslatorPB.java:153)
	at org.apache.hadoop.ozone.protocolPB.ScmBlockLocationProtocolServerSideTranslatorPB.send(ScmBlockLocationProtocolServerSideTranslatorPB.java:112)
	at org.apache.hadoop.hdds.protocol.proto.ScmBlockLocationProtocolProtos$ScmBlockLocationProtocolService$2.callBlockingMethod(ScmBlockLocationProtocolProtos.java:13157)
	at org.apache.hadoop.ipc.ProtobufRpcEngine$Server$ProtoBufRpcInvoker.call(ProtobufRpcEngine.java:524)
	at org.apache.hadoop.ipc.RPC$Server.call(RPC.java:1025)
	at org.apache.hadoop.ipc.Server$RpcCall.run(Server.java:876)
	at org.apache.hadoop.ipc.Server$RpcCall.run(Server.java:822)
	at java.security.AccessController.doPrivileged(Native Method)
	at javax.security.auth.Subject.doAs(Subject.java:422)
	at org.apache.hadoop.security.UserGroupInformation.doAs(UserGroupInformation.java:1730)
	at org.apache.hadoop.ipc.Server$Handler.run(Server.java:2682)
2019-09-19 09:01:02,960 [IPC Server handler 4 on 40214] INFO  block.BlockManagerImpl (BlockManagerImpl.java:allocateBlock(198)) - Could not find available pipeline of type:RATIS and factor:THREE even after retrying
2019-09-19 09:01:02,960 [IPC Server handler 4 on 40214] ERROR block.BlockManagerImpl (BlockManagerImpl.java:allocateBlock(222)) - Unable to allocate a block for the size: 800, type: RATIS, factor: THREE
2019-09-19 09:01:02,960 [IPC Server handler 4 on 40214] ERROR pipeline.PipelinePlacementPolicy (PipelinePlacementPolicy.java:meetCriteria(91)) - Pipeline Placement: Doesn't meet the criteria to be viable node. Heaviness: 6
2019-09-19 09:01:02,960 [IPC Server handler 4 on 40214] ERROR pipeline.PipelinePlacementPolicy (PipelinePlacementPolicy.java:meetCriteria(91)) - Pipeline Placement: Doesn't meet the criteria to be viable node. Heaviness: 6
2019-09-19 09:01:02,960 [IPC Server handler 4 on 40214] ERROR pipeline.PipelinePlacementPolicy (PipelinePlacementPolicy.java:meetCriteria(91)) - Pipeline Placement: Doesn't meet the criteria to be viable node. Heaviness: 6
2019-09-19 09:01:02,960 [IPC Server handler 4 on 40214] ERROR pipeline.PipelinePlacementPolicy (PipelinePlacementPolicy.java:meetCriteria(91)) - Pipeline Placement: Doesn't meet the criteria to be viable node. Heaviness: 6
2019-09-19 09:01:02,961 [IPC Server handler 4 on 40214] ERROR pipeline.PipelinePlacementPolicy (PipelinePlacementPolicy.java:meetCriteria(91)) - Pipeline Placement: Doesn't meet the criteria to be viable node. Heaviness: 6
2019-09-19 09:01:02,961 [IPC Server handler 4 on 40214] ERROR pipeline.PipelinePlacementPolicy (PipelinePlacementPolicy.java:meetCriteria(91)) - Pipeline Placement: Doesn't meet the criteria to be viable node. Heaviness: 6
2019-09-19 09:01:02,961 [IPC Server handler 4 on 40214] ERROR pipeline.PipelinePlacementPolicy (PipelinePlacementPolicy.java:meetCriteria(91)) - Pipeline Placement: Doesn't meet the criteria to be viable node. Heaviness: 6
2019-09-19 09:01:02,961 [IPC Server handler 4 on 40214] ERROR pipeline.PipelinePlacementPolicy (PipelinePlacementPolicy.java:filterViableNodes(146)) - Unable to find enough nodes that meet the criteria that cannot engage in more than 5 pipelines. Nodes required: 3 Found: 0, healthy nodes count inNodeManager: 7.
2019-09-19 09:01:02,961 [IPC Server handler 4 on 40214] ERROR pipeline.SCMPipelineManager (SCMPipelineManager.java:createPipeline(161)) - Pipeline creation failed due to exception: Unable to find enough nodes that meet the criteria that cannot engage in more than 5 pipelines. Nodes required: 3 Found: 0, healthy nodes count inNodeManager: 7.
2019-09-19 09:01:02,961 [IPC Server handler 4 on 40214] WARN  block.BlockManagerImpl (BlockManagerImpl.java:allocateBlock(192)) - Pipeline creation failed for type:RATIS factor:THREE. Retrying get pipelines call once.
org.apache.hadoop.hdds.scm.exceptions.SCMException: Unable to find enough nodes that meet the criteria that cannot engage in more than 5 pipelines. Nodes required: 3 Found: 0, healthy nodes count inNodeManager: 7.
	at org.apache.hadoop.hdds.scm.pipeline.PipelinePlacementPolicy.filterViableNodes(PipelinePlacementPolicy.java:147)
	at org.apache.hadoop.hdds.scm.pipeline.PipelinePlacementPolicy.chooseDatanodes(PipelinePlacementPolicy.java:170)
	at org.apache.hadoop.hdds.scm.pipeline.RatisPipelineProvider.create(RatisPipelineProvider.java:92)
	at org.apache.hadoop.hdds.scm.pipeline.PipelineFactory.create(PipelineFactory.java:57)
	at org.apache.hadoop.hdds.scm.pipeline.SCMPipelineManager.createPipeline(SCMPipelineManager.java:149)
	at org.apache.hadoop.hdds.scm.block.BlockManagerImpl.allocateBlock(BlockManagerImpl.java:190)
	at org.apache.hadoop.hdds.scm.server.SCMBlockProtocolServer.allocateBlock(SCMBlockProtocolServer.java:175)
	at org.apache.hadoop.ozone.protocolPB.ScmBlockLocationProtocolServerSideTranslatorPB.allocateScmBlock(ScmBlockLocationProtocolServerSideTranslatorPB.java:153)
	at org.apache.hadoop.ozone.protocolPB.ScmBlockLocationProtocolServerSideTranslatorPB.send(ScmBlockLocationProtocolServerSideTranslatorPB.java:112)
	at org.apache.hadoop.hdds.protocol.proto.ScmBlockLocationProtocolProtos$ScmBlockLocationProtocolService$2.callBlockingMethod(ScmBlockLocationProtocolProtos.java:13157)
	at org.apache.hadoop.ipc.ProtobufRpcEngine$Server$ProtoBufRpcInvoker.call(ProtobufRpcEngine.java:524)
	at org.apache.hadoop.ipc.RPC$Server.call(RPC.java:1025)
	at org.apache.hadoop.ipc.Server$RpcCall.run(Server.java:876)
	at org.apache.hadoop.ipc.Server$RpcCall.run(Server.java:822)
	at java.security.AccessController.doPrivileged(Native Method)
	at javax.security.auth.Subject.doAs(Subject.java:422)
	at org.apache.hadoop.security.UserGroupInformation.doAs(UserGroupInformation.java:1730)
	at org.apache.hadoop.ipc.Server$Handler.run(Server.java:2682)
2019-09-19 09:01:02,961 [IPC Server handler 4 on 40214] INFO  block.BlockManagerImpl (BlockManagerImpl.java:allocateBlock(198)) - Could not find available pipeline of type:RATIS and factor:THREE even after retrying
2019-09-19 09:01:02,961 [IPC Server handler 4 on 40214] ERROR block.BlockManagerImpl (BlockManagerImpl.java:allocateBlock(222)) - Unable to allocate a block for the size: 800, type: RATIS, factor: THREE
2019-09-19 09:01:02,961 [IPC Server handler 4 on 40214] ERROR pipeline.PipelinePlacementPolicy (PipelinePlacementPolicy.java:meetCriteria(91)) - Pipeline Placement: Doesn't meet the criteria to be viable node. Heaviness: 6
2019-09-19 09:01:02,961 [IPC Server handler 4 on 40214] ERROR pipeline.PipelinePlacementPolicy (PipelinePlacementPolicy.java:meetCriteria(91)) - Pipeline Placement: Doesn't meet the criteria to be viable node. Heaviness: 6
2019-09-19 09:01:02,962 [IPC Server handler 4 on 40214] ERROR pipeline.PipelinePlacementPolicy (PipelinePlacementPolicy.java:meetCriteria(91)) - Pipeline Placement: Doesn't meet the criteria to be viable node. Heaviness: 6
2019-09-19 09:01:02,962 [IPC Server handler 4 on 40214] ERROR pipeline.PipelinePlacementPolicy (PipelinePlacementPolicy.java:meetCriteria(91)) - Pipeline Placement: Doesn't meet the criteria to be viable node. Heaviness: 6
2019-09-19 09:01:02,962 [IPC Server handler 4 on 40214] ERROR pipeline.PipelinePlacementPolicy (PipelinePlacementPolicy.java:meetCriteria(91)) - Pipeline Placement: Doesn't meet the criteria to be viable node. Heaviness: 6
2019-09-19 09:01:02,962 [IPC Server handler 4 on 40214] ERROR pipeline.PipelinePlacementPolicy (PipelinePlacementPolicy.java:meetCriteria(91)) - Pipeline Placement: Doesn't meet the criteria to be viable node. Heaviness: 6
2019-09-19 09:01:02,962 [IPC Server handler 4 on 40214] ERROR pipeline.PipelinePlacementPolicy (PipelinePlacementPolicy.java:meetCriteria(91)) - Pipeline Placement: Doesn't meet the criteria to be viable node. Heaviness: 6
2019-09-19 09:01:02,962 [IPC Server handler 4 on 40214] ERROR pipeline.PipelinePlacementPolicy (PipelinePlacementPolicy.java:filterViableNodes(146)) - Unable to find enough nodes that meet the criteria that cannot engage in more than 5 pipelines. Nodes required: 3 Found: 0, healthy nodes count inNodeManager: 7.
2019-09-19 09:01:02,962 [IPC Server handler 4 on 40214] ERROR pipeline.SCMPipelineManager (SCMPipelineManager.java:createPipeline(161)) - Pipeline creation failed due to exception: Unable to find enough nodes that meet the criteria that cannot engage in more than 5 pipelines. Nodes required: 3 Found: 0, healthy nodes count inNodeManager: 7.
2019-09-19 09:01:02,962 [IPC Server handler 4 on 40214] WARN  block.BlockManagerImpl (BlockManagerImpl.java:allocateBlock(192)) - Pipeline creation failed for type:RATIS factor:THREE. Retrying get pipelines call once.
org.apache.hadoop.hdds.scm.exceptions.SCMException: Unable to find enough nodes that meet the criteria that cannot engage in more than 5 pipelines. Nodes required: 3 Found: 0, healthy nodes count inNodeManager: 7.
	at org.apache.hadoop.hdds.scm.pipeline.PipelinePlacementPolicy.filterViableNodes(PipelinePlacementPolicy.java:147)
	at org.apache.hadoop.hdds.scm.pipeline.PipelinePlacementPolicy.chooseDatanodes(PipelinePlacementPolicy.java:170)
	at org.apache.hadoop.hdds.scm.pipeline.RatisPipelineProvider.create(RatisPipelineProvider.java:92)
	at org.apache.hadoop.hdds.scm.pipeline.PipelineFactory.create(PipelineFactory.java:57)
	at org.apache.hadoop.hdds.scm.pipeline.SCMPipelineManager.createPipeline(SCMPipelineManager.java:149)
	at org.apache.hadoop.hdds.scm.block.BlockManagerImpl.allocateBlock(BlockManagerImpl.java:190)
	at org.apache.hadoop.hdds.scm.server.SCMBlockProtocolServer.allocateBlock(SCMBlockProtocolServer.java:175)
	at org.apache.hadoop.ozone.protocolPB.ScmBlockLocationProtocolServerSideTranslatorPB.allocateScmBlock(ScmBlockLocationProtocolServerSideTranslatorPB.java:153)
	at org.apache.hadoop.ozone.protocolPB.ScmBlockLocationProtocolServerSideTranslatorPB.send(ScmBlockLocationProtocolServerSideTranslatorPB.java:112)
	at org.apache.hadoop.hdds.protocol.proto.ScmBlockLocationProtocolProtos$ScmBlockLocationProtocolService$2.callBlockingMethod(ScmBlockLocationProtocolProtos.java:13157)
	at org.apache.hadoop.ipc.ProtobufRpcEngine$Server$ProtoBufRpcInvoker.call(ProtobufRpcEngine.java:524)
	at org.apache.hadoop.ipc.RPC$Server.call(RPC.java:1025)
	at org.apache.hadoop.ipc.Server$RpcCall.run(Server.java:876)
	at org.apache.hadoop.ipc.Server$RpcCall.run(Server.java:822)
	at java.security.AccessController.doPrivileged(Native Method)
	at javax.security.auth.Subject.doAs(Subject.java:422)
	at org.apache.hadoop.security.UserGroupInformation.doAs(UserGroupInformation.java:1730)
	at org.apache.hadoop.ipc.Server$Handler.run(Server.java:2682)
2019-09-19 09:01:02,962 [IPC Server handler 4 on 40214] INFO  block.BlockManagerImpl (BlockManagerImpl.java:allocateBlock(198)) - Could not find available pipeline of type:RATIS and factor:THREE even after retrying
2019-09-19 09:01:02,963 [IPC Server handler 4 on 40214] ERROR block.BlockManagerImpl (BlockManagerImpl.java:allocateBlock(222)) - Unable to allocate a block for the size: 800, type: RATIS, factor: THREE
2019-09-19 09:01:02,963 | INFO  | SCMAudit | user=jenkins1000 | ip=192.168.34.5 | op=ALLOCATE_BLOCK {owner=e27ee99d-8acf-4ede-8184-a877c88834e7, size=800, type=RATIS, factor=THREE} | ret=SUCCESS |  
2019-09-19 09:01:02,965 | ERROR | OMAudit | user=jenkins1000 | ip=127.0.0.1 | op=ALLOCATE_KEY {volume=testblockoutputstreamwithretries, bucket=testblockoutputstreamwithretries, key=0d275121-9799-4cdb-9dd3-d3199d9b7874, dataSize=3200, replicationType=RATIS, replicationFactor=THREE, keyLocationInfo=null} | ret=FAILURE | org.apache.hadoop.hdds.scm.exceptions.SCMException: Allocated 0 blocks. Requested 4 blocks
	at org.apache.hadoop.hdds.scm.protocolPB.ScmBlockLocationProtocolClientSideTranslatorPB.handleError(ScmBlockLocationProtocolClientSideTranslatorPB.java:118)
	at org.apache.hadoop.hdds.scm.protocolPB.ScmBlockLocationProtocolClientSideTranslatorPB.allocateBlock(ScmBlockLocationProtocolClientSideTranslatorPB.java:156) 
2019-09-19 09:01:02,968 [main] INFO  ozone.MiniOzoneClusterImpl (MiniOzoneClusterImpl.java:shutdown(321)) - Shutting down the Mini Ozone Cluster
2019-09-19 09:01:02,968 | INFO  | SCMAudit | user=null | ip=null | op=GET_SCM_INFO null | ret=SUCCESS |  
2019-09-19 09:01:02,968 [main] INFO  ozone.MiniOzoneClusterImpl (MiniOzoneClusterImpl.java:stop(336)) - Stopping the Mini Ozone Cluster
2019-09-19 09:01:02,969 [main] INFO  ozone.MiniOzoneClusterImpl (MiniOzoneClusterImpl.java:stop(338)) - Stopping the OzoneManager
2019-09-19 09:01:02,969 [main] INFO  ipc.Server (Server.java:stop(3082)) - Stopping server on 36746
2019-09-19 09:01:02,983 [main] INFO  ratis.OzoneManagerDoubleBuffer (OzoneManagerDoubleBuffer.java:stop(248)) - Stopping OMDoubleBuffer flush thread
2019-09-19 09:01:02,983 [IPC Server Responder] INFO  ipc.Server (Server.java:run(1319)) - Stopping IPC Server Responder
2019-09-19 09:01:02,985 [IPC Server listener on 36746] INFO  ipc.Server (Server.java:run(1185)) - Stopping IPC Server listener on 36746
2019-09-19 09:01:02,984 [OMDoubleBufferFlushThread] INFO  ratis.OzoneManagerDoubleBuffer (OzoneManagerDoubleBuffer.java:flushTransactions(191)) - OMDoubleBuffer flush thread OMDoubleBufferFlushThread is interrupted and will exit. OMDoubleBufferFlushThread
2019-09-19 09:01:02,988 [main] INFO  utils.BackgroundService (BackgroundService.java:shutdown(148)) - Shutting down service KeyDeletingService
2019-09-19 09:01:02,998 [main] INFO  handler.ContextHandler (ContextHandler.java:doStop(910)) - Stopped o.e.j.w.WebAppContext@21e484b{/,null,UNAVAILABLE}{/ozoneManager}
2019-09-19 09:01:02,999 [main] INFO  server.AbstractConnector (AbstractConnector.java:doStop(318)) - Stopped ServerConnector@191f4d65{HTTP/1.1,[http/1.1]}{0.0.0.0:0}
2019-09-19 09:01:02,999 [main] INFO  handler.ContextHandler (ContextHandler.java:doStop(910)) - Stopped o.e.j.s.ServletContextHandler@ec5f944{/static,file:///workdir/hadoop-ozone/integration-test/target/test-classes/webapps/static,UNAVAILABLE}
2019-09-19 09:01:03,003 [main] INFO  handler.ContextHandler (ContextHandler.java:doStop(910)) - Stopped o.e.j.s.ServletContextHandler@d84418a{/logs,file:///workdir/hadoop-ozone/integration-test/target/log,UNAVAILABLE}
2019-09-19 09:01:03,007 [main] INFO  ozone.MiniOzoneClusterImpl (MiniOzoneClusterImpl.java:stop(344)) - Shutting the HddsDatanodes
2019-09-19 09:01:03,007 [main] INFO  datanode.ObjectStoreHandler (ObjectStoreHandler.java:close(155)) - Closing ObjectStoreHandler.
2019-09-19 09:01:03,007 [ForkJoinPool.commonPool-worker-0] INFO  datanode.ObjectStoreHandler (ObjectStoreHandler.java:close(155)) - Closing ObjectStoreHandler.
2019-09-19 09:01:03,008 [ForkJoinPool.commonPool-worker-0] INFO  ozone.HddsDatanodeService (HddsDatanodeService.java:stop(451)) - Stopped plug-in org.apache.hadoop.ozone.web.OzoneHddsDatanodeService@b86cb18
2019-09-19 09:01:03,008 [main] INFO  ozone.HddsDatanodeService (HddsDatanodeService.java:stop(451)) - Stopped plug-in org.apache.hadoop.ozone.web.OzoneHddsDatanodeService@1c815814
2019-09-19 09:01:03,032 | INFO  | SCMAudit | user=jenkins1000 | ip=192.168.34.5 | op=SEND_HEARTBEAT {datanodeUUID=07108c51-6362-4208-ba6a-2f09d4071d3e, command=[]} | ret=SUCCESS |  
2019-09-19 09:01:03,239 [Datanode State Machine Thread - 0] INFO  statemachine.DatanodeStateMachine (DatanodeStateMachine.java:lambda$startDaemon$0(350)) - Ozone container server started.
2019-09-19 09:01:03,386 | INFO  | SCMAudit | user=jenkins1000 | ip=192.168.34.5 | op=SEND_HEARTBEAT {datanodeUUID=95a4061d-e5b0-4b2c-827e-cb05eb0977c9, command=[]} | ret=SUCCESS |  
2019-09-19 09:01:03,402 [Thread-679] INFO  container.ReplicationManager (ReplicationManager.java:start(151)) - Starting Replication Monitor Thread.
2019-09-19 09:01:03,405 [ReplicationMonitor] INFO  container.ReplicationManager (ReplicationManager.java:run(214)) - Replication Monitor Thread took 0 milliseconds for processing 0 containers.
2019-09-19 09:01:03,614 [Datanode State Machine Thread - 0] INFO  statemachine.DatanodeStateMachine (DatanodeStateMachine.java:lambda$startDaemon$0(350)) - Ozone container server started.
2019-09-19 09:01:03,689 | INFO  | SCMAudit | user=jenkins1000 | ip=192.168.34.5 | op=SEND_HEARTBEAT {datanodeUUID=5f513834-a5c3-47d7-b0df-0e7d236b5db1, command=[]} | ret=SUCCESS |  
2019-09-19 09:01:03,829 | INFO  | SCMAudit | user=jenkins1000 | ip=192.168.34.5 | op=SEND_HEARTBEAT {datanodeUUID=2c2b1180-bd06-4560-b4fa-2079d6381cde, command=[]} | ret=SUCCESS |  
2019-09-19 09:01:03,890 | INFO  | SCMAudit | user=jenkins1000 | ip=192.168.34.5 | op=SEND_HEARTBEAT {datanodeUUID=beb77c57-4e80-4e72-9c15-fb8c3304f28a, command=[]} | ret=SUCCESS |  
2019-09-19 09:01:04,031 | INFO  | SCMAudit | user=jenkins1000 | ip=192.168.34.5 | op=SEND_HEARTBEAT {datanodeUUID=07108c51-6362-4208-ba6a-2f09d4071d3e, command=[]} | ret=SUCCESS |  
2019-09-19 09:01:04,386 | INFO  | SCMAudit | user=jenkins1000 | ip=192.168.34.5 | op=SEND_HEARTBEAT {datanodeUUID=95a4061d-e5b0-4b2c-827e-cb05eb0977c9, command=[]} | ret=SUCCESS |  
2019-09-19 09:01:04,690 | INFO  | SCMAudit | user=jenkins1000 | ip=192.168.34.5 | op=SEND_HEARTBEAT {datanodeUUID=5f513834-a5c3-47d7-b0df-0e7d236b5db1, command=[]} | ret=SUCCESS |  
2019-09-19 09:01:04,830 | INFO  | SCMAudit | user=jenkins1000 | ip=192.168.34.5 | op=SEND_HEARTBEAT {datanodeUUID=2c2b1180-bd06-4560-b4fa-2079d6381cde, command=[]} | ret=SUCCESS |  
2019-09-19 09:01:04,889 | INFO  | SCMAudit | user=jenkins1000 | ip=192.168.34.5 | op=SEND_HEARTBEAT {datanodeUUID=beb77c57-4e80-4e72-9c15-fb8c3304f28a, command=[]} | ret=SUCCESS |  
2019-09-19 09:01:05,032 | INFO  | SCMAudit | user=jenkins1000 | ip=192.168.34.5 | op=SEND_HEARTBEAT {datanodeUUID=07108c51-6362-4208-ba6a-2f09d4071d3e, command=[]} | ret=SUCCESS |  
2019-09-19 09:01:05,386 | INFO  | SCMAudit | user=jenkins1000 | ip=192.168.34.5 | op=SEND_HEARTBEAT {datanodeUUID=95a4061d-e5b0-4b2c-827e-cb05eb0977c9, command=[]} | ret=SUCCESS |  
2019-09-19 09:01:05,608 [Thread-684] INFO  impl.FollowerState (FollowerState.java:run(106)) - 95a4061d-e5b0-4b2c-827e-cb05eb0977c9:group-9B48E14E8108 changes to CANDIDATE, lastRpcTime:5076, electionTimeout:5076ms
2019-09-19 09:01:05,608 [Thread-684] INFO  impl.RoleInfo (RoleInfo.java:shutdownFollowerState(121)) - 95a4061d-e5b0-4b2c-827e-cb05eb0977c9: shutdown FollowerState
2019-09-19 09:01:05,608 [Thread-684] INFO  impl.RaftServerImpl (RaftServerImpl.java:setRole(171)) - 95a4061d-e5b0-4b2c-827e-cb05eb0977c9:group-9B48E14E8108 changes role from FOLLOWER to CANDIDATE at term 0 for changeToCandidate
2019-09-19 09:01:05,608 [Thread-684] INFO  impl.RoleInfo (RoleInfo.java:updateAndGet(143)) - 95a4061d-e5b0-4b2c-827e-cb05eb0977c9: start LeaderElection
2019-09-19 09:01:05,631 [95a4061d-e5b0-4b2c-827e-cb05eb0977c9:group-9B48E14E8108:LeaderElection43] INFO  impl.LeaderElection (LeaderElection.java:askForVotes(181)) - 95a4061d-e5b0-4b2c-827e-cb05eb0977c9:group-9B48E14E8108:LeaderElection43: begin an election at term 1 for -1: [95a4061d-e5b0-4b2c-827e-cb05eb0977c9:192.168.34.5:33174], old=null
2019-09-19 09:01:05,632 [95a4061d-e5b0-4b2c-827e-cb05eb0977c9:group-9B48E14E8108:LeaderElection43] INFO  impl.RoleInfo (RoleInfo.java:shutdownLeaderElection(134)) - 95a4061d-e5b0-4b2c-827e-cb05eb0977c9: shutdown LeaderElection
2019-09-19 09:01:05,632 [95a4061d-e5b0-4b2c-827e-cb05eb0977c9:group-9B48E14E8108:LeaderElection43] INFO  impl.RaftServerImpl (RaftServerImpl.java:setRole(171)) - 95a4061d-e5b0-4b2c-827e-cb05eb0977c9:group-9B48E14E8108 changes role from CANDIDATE to LEADER at term 1 for changeToLeader
2019-09-19 09:01:05,632 [95a4061d-e5b0-4b2c-827e-cb05eb0977c9:group-9B48E14E8108:LeaderElection43] INFO  impl.RaftServerImpl (ServerState.java:setLeader(263)) - 95a4061d-e5b0-4b2c-827e-cb05eb0977c9:group-9B48E14E8108 change Leader from null to 95a4061d-e5b0-4b2c-827e-cb05eb0977c9 at term 1 for becomeLeader, leader elected after 5105ms
2019-09-19 09:01:05,635 [95a4061d-e5b0-4b2c-827e-cb05eb0977c9:group-9B48E14E8108:LeaderElection43] INFO  server.RaftServerConfigKeys (ConfUtils.java:logGet(43)) - raft.server.staging.catchup.gap = 1000 (default)
2019-09-19 09:01:05,635 [95a4061d-e5b0-4b2c-827e-cb05eb0977c9:group-9B48E14E8108:LeaderElection43] INFO  server.RaftServerConfigKeys (ConfUtils.java:logGet(43)) - raft.server.rpc.sleep.time = 25ms (default)
2019-09-19 09:01:05,635 [95a4061d-e5b0-4b2c-827e-cb05eb0977c9:group-9B48E14E8108:LeaderElection43] INFO  server.RaftServerConfigKeys (ConfUtils.java:logGet(43)) - raft.server.write.element-limit = 4096 (default)
2019-09-19 09:01:05,635 [95a4061d-e5b0-4b2c-827e-cb05eb0977c9:group-9B48E14E8108:LeaderElection43] INFO  server.RaftServerConfigKeys (ConfUtils.java:logGet(43)) - raft.server.watch.timeout = 10s (default)
2019-09-19 09:01:05,636 [95a4061d-e5b0-4b2c-827e-cb05eb0977c9:group-9B48E14E8108:LeaderElection43] INFO  server.RaftServerConfigKeys (ConfUtils.java:logGet(43)) - raft.server.watch.timeout.denomination = 1s (default)
2019-09-19 09:01:05,636 [95a4061d-e5b0-4b2c-827e-cb05eb0977c9:group-9B48E14E8108:LeaderElection43] INFO  server.RaftServerConfigKeys (ConfUtils.java:logGet(43)) - raft.server.watch.element-limit = 65536 (default)
2019-09-19 09:01:05,636 [95a4061d-e5b0-4b2c-827e-cb05eb0977c9:group-9B48E14E8108:LeaderElection43] INFO  impl.RoleInfo (RoleInfo.java:updateAndGet(143)) - 95a4061d-e5b0-4b2c-827e-cb05eb0977c9: start LeaderState
2019-09-19 09:01:05,637 [95a4061d-e5b0-4b2c-827e-cb05eb0977c9:group-9B48E14E8108:LeaderElection43] INFO  segmented.SegmentedRaftLogWorker (SegmentedRaftLogWorker.java:startLogSegment(380)) - 95a4061d-e5b0-4b2c-827e-cb05eb0977c9-SegmentedRaftLogWorker:Storage Directory /workdir/hadoop-ozone/integration-test/target/test-dir/MiniOzoneClusterImpl-d1f5ba66-8c72-4ad4-ac90-f92cf1c4e2b2/datanode-0/data/ratis/e75142f7-522b-43ab-aedf-9b48e14e8108: Starting segment from index:0
2019-09-19 09:01:05,637 [95a4061d-e5b0-4b2c-827e-cb05eb0977c9:group-9B48E14E8108:LeaderElection43] INFO  impl.RaftServerImpl (ServerState.java:setRaftConf(361)) - 95a4061d-e5b0-4b2c-827e-cb05eb0977c9:group-9B48E14E8108 set configuration 0: [95a4061d-e5b0-4b2c-827e-cb05eb0977c9:192.168.34.5:33174], old=null at 0
2019-09-19 09:01:05,639 [Thread-681] INFO  impl.FollowerState (FollowerState.java:run(106)) - 95a4061d-e5b0-4b2c-827e-cb05eb0977c9:group-D2AAF84F0369 changes to CANDIDATE, lastRpcTime:5164, electionTimeout:5164ms
2019-09-19 09:01:05,639 [Thread-681] INFO  impl.RoleInfo (RoleInfo.java:shutdownFollowerState(121)) - 95a4061d-e5b0-4b2c-827e-cb05eb0977c9: shutdown FollowerState
2019-09-19 09:01:05,639 [Thread-681] INFO  impl.RaftServerImpl (RaftServerImpl.java:setRole(171)) - 95a4061d-e5b0-4b2c-827e-cb05eb0977c9:group-D2AAF84F0369 changes role from FOLLOWER to CANDIDATE at term 0 for changeToCandidate
2019-09-19 09:01:05,639 [Thread-681] INFO  impl.RoleInfo (RoleInfo.java:updateAndGet(143)) - 95a4061d-e5b0-4b2c-827e-cb05eb0977c9: start LeaderElection
2019-09-19 09:01:05,680 [Thread-690] INFO  impl.FollowerState (FollowerState.java:run(106)) - 95a4061d-e5b0-4b2c-827e-cb05eb0977c9:group-E84F93C92FD1 changes to CANDIDATE, lastRpcTime:5063, electionTimeout:5042ms
2019-09-19 09:01:05,680 [Thread-690] INFO  impl.RoleInfo (RoleInfo.java:shutdownFollowerState(121)) - 95a4061d-e5b0-4b2c-827e-cb05eb0977c9: shutdown FollowerState
2019-09-19 09:01:05,680 [Thread-690] INFO  impl.RaftServerImpl (RaftServerImpl.java:setRole(171)) - 95a4061d-e5b0-4b2c-827e-cb05eb0977c9:group-E84F93C92FD1 changes role from FOLLOWER to CANDIDATE at term 0 for changeToCandidate
2019-09-19 09:01:05,680 [Thread-690] INFO  impl.RoleInfo (RoleInfo.java:updateAndGet(143)) - 95a4061d-e5b0-4b2c-827e-cb05eb0977c9: start LeaderElection
2019-09-19 09:01:05,690 | INFO  | SCMAudit | user=jenkins1000 | ip=192.168.34.5 | op=SEND_HEARTBEAT {datanodeUUID=5f513834-a5c3-47d7-b0df-0e7d236b5db1, command=[]} | ret=SUCCESS |  
2019-09-19 09:01:05,693 [95a4061d-e5b0-4b2c-827e-cb05eb0977c9-SegmentedRaftLogWorker:Storage Directory /workdir/hadoop-ozone/integration-test/target/test-dir/MiniOzoneClusterImpl-d1f5ba66-8c72-4ad4-ac90-f92cf1c4e2b2/datanode-0/data/ratis/e75142f7-522b-43ab-aedf-9b48e14e8108] INFO  segmented.SegmentedRaftLogWorker (SegmentedRaftLogWorker.java:execute(569)) - 95a4061d-e5b0-4b2c-827e-cb05eb0977c9-SegmentedRaftLogWorker:Storage Directory /workdir/hadoop-ozone/integration-test/target/test-dir/MiniOzoneClusterImpl-d1f5ba66-8c72-4ad4-ac90-f92cf1c4e2b2/datanode-0/data/ratis/e75142f7-522b-43ab-aedf-9b48e14e8108: created new log segment /workdir/hadoop-ozone/integration-test/target/test-dir/MiniOzoneClusterImpl-d1f5ba66-8c72-4ad4-ac90-f92cf1c4e2b2/datanode-0/data/ratis/e75142f7-522b-43ab-aedf-9b48e14e8108/current/log_inprogress_0
2019-09-19 09:01:05,693 [95a4061d-e5b0-4b2c-827e-cb05eb0977c9:group-D2AAF84F0369:LeaderElection44] INFO  impl.LeaderElection (LeaderElection.java:askForVotes(181)) - 95a4061d-e5b0-4b2c-827e-cb05eb0977c9:group-D2AAF84F0369:LeaderElection44: begin an election at term 1 for -1: [95a4061d-e5b0-4b2c-827e-cb05eb0977c9:192.168.34.5:33174], old=null
2019-09-19 09:01:05,693 [95a4061d-e5b0-4b2c-827e-cb05eb0977c9:group-E84F93C92FD1:LeaderElection45] INFO  impl.LeaderElection (LeaderElection.java:askForVotes(181)) - 95a4061d-e5b0-4b2c-827e-cb05eb0977c9:group-E84F93C92FD1:LeaderElection45: begin an election at term 1 for -1: [95a4061d-e5b0-4b2c-827e-cb05eb0977c9:192.168.34.5:33174], old=null
2019-09-19 09:01:05,693 [95a4061d-e5b0-4b2c-827e-cb05eb0977c9:group-D2AAF84F0369:LeaderElection44] INFO  impl.RoleInfo (RoleInfo.java:shutdownLeaderElection(134)) - 95a4061d-e5b0-4b2c-827e-cb05eb0977c9: shutdown LeaderElection
2019-09-19 09:01:05,693 [95a4061d-e5b0-4b2c-827e-cb05eb0977c9:group-E84F93C92FD1:LeaderElection45] INFO  impl.RoleInfo (RoleInfo.java:shutdownLeaderElection(134)) - 95a4061d-e5b0-4b2c-827e-cb05eb0977c9: shutdown LeaderElection
2019-09-19 09:01:05,693 [95a4061d-e5b0-4b2c-827e-cb05eb0977c9:group-D2AAF84F0369:LeaderElection44] INFO  impl.RaftServerImpl (RaftServerImpl.java:setRole(171)) - 95a4061d-e5b0-4b2c-827e-cb05eb0977c9:group-D2AAF84F0369 changes role from CANDIDATE to LEADER at term 1 for changeToLeader
2019-09-19 09:01:05,693 [95a4061d-e5b0-4b2c-827e-cb05eb0977c9:group-E84F93C92FD1:LeaderElection45] INFO  impl.RaftServerImpl (RaftServerImpl.java:setRole(171)) - 95a4061d-e5b0-4b2c-827e-cb05eb0977c9:group-E84F93C92FD1 changes role from CANDIDATE to LEADER at term 1 for changeToLeader
2019-09-19 09:01:05,694 [95a4061d-e5b0-4b2c-827e-cb05eb0977c9:group-D2AAF84F0369:LeaderElection44] INFO  impl.RaftServerImpl (ServerState.java:setLeader(263)) - 95a4061d-e5b0-4b2c-827e-cb05eb0977c9:group-D2AAF84F0369 change Leader from null to 95a4061d-e5b0-4b2c-827e-cb05eb0977c9 at term 1 for becomeLeader, leader elected after 5224ms
2019-09-19 09:01:05,694 [95a4061d-e5b0-4b2c-827e-cb05eb0977c9:group-E84F93C92FD1:LeaderElection45] INFO  impl.RaftServerImpl (ServerState.java:setLeader(263)) - 95a4061d-e5b0-4b2c-827e-cb05eb0977c9:group-E84F93C92FD1 change Leader from null to 95a4061d-e5b0-4b2c-827e-cb05eb0977c9 at term 1 for becomeLeader, leader elected after 5080ms
2019-09-19 09:01:05,694 [95a4061d-e5b0-4b2c-827e-cb05eb0977c9:group-D2AAF84F0369:LeaderElection44] INFO  server.RaftServerConfigKeys (ConfUtils.java:logGet(43)) - raft.server.staging.catchup.gap = 1000 (default)
2019-09-19 09:01:05,694 [95a4061d-e5b0-4b2c-827e-cb05eb0977c9:group-E84F93C92FD1:LeaderElection45] INFO  server.RaftServerConfigKeys (ConfUtils.java:logGet(43)) - raft.server.staging.catchup.gap = 1000 (default)
2019-09-19 09:01:05,694 [95a4061d-e5b0-4b2c-827e-cb05eb0977c9:group-D2AAF84F0369:LeaderElection44] INFO  server.RaftServerConfigKeys (ConfUtils.java:logGet(43)) - raft.server.rpc.sleep.time = 25ms (default)
2019-09-19 09:01:05,694 [95a4061d-e5b0-4b2c-827e-cb05eb0977c9:group-E84F93C92FD1:LeaderElection45] INFO  server.RaftServerConfigKeys (ConfUtils.java:logGet(43)) - raft.server.rpc.sleep.time = 25ms (default)
2019-09-19 09:01:05,694 [95a4061d-e5b0-4b2c-827e-cb05eb0977c9:group-D2AAF84F0369:LeaderElection44] INFO  server.RaftServerConfigKeys (ConfUtils.java:logGet(43)) - raft.server.write.element-limit = 4096 (default)
2019-09-19 09:01:05,694 [95a4061d-e5b0-4b2c-827e-cb05eb0977c9:group-E84F93C92FD1:LeaderElection45] INFO  server.RaftServerConfigKeys (ConfUtils.java:logGet(43)) - raft.server.write.element-limit = 4096 (default)
2019-09-19 09:01:05,695 [95a4061d-e5b0-4b2c-827e-cb05eb0977c9:group-D2AAF84F0369:LeaderElection44] INFO  server.RaftServerConfigKeys (ConfUtils.java:logGet(43)) - raft.server.watch.timeout = 10s (default)
2019-09-19 09:01:05,695 [95a4061d-e5b0-4b2c-827e-cb05eb0977c9:group-E84F93C92FD1:LeaderElection45] INFO  server.RaftServerConfigKeys (ConfUtils.java:logGet(43)) - raft.server.watch.timeout = 10s (default)
2019-09-19 09:01:05,695 [95a4061d-e5b0-4b2c-827e-cb05eb0977c9:group-D2AAF84F0369:LeaderElection44] INFO  server.RaftServerConfigKeys (ConfUtils.java:logGet(43)) - raft.server.watch.timeout.denomination = 1s (default)
2019-09-19 09:01:05,695 [95a4061d-e5b0-4b2c-827e-cb05eb0977c9:group-E84F93C92FD1:LeaderElection45] INFO  server.RaftServerConfigKeys (ConfUtils.java:logGet(43)) - raft.server.watch.timeout.denomination = 1s (default)
2019-09-19 09:01:05,695 [95a4061d-e5b0-4b2c-827e-cb05eb0977c9:group-D2AAF84F0369:LeaderElection44] INFO  server.RaftServerConfigKeys (ConfUtils.java:logGet(43)) - raft.server.watch.element-limit = 65536 (default)
2019-09-19 09:01:05,695 [95a4061d-e5b0-4b2c-827e-cb05eb0977c9:group-E84F93C92FD1:LeaderElection45] INFO  server.RaftServerConfigKeys (ConfUtils.java:logGet(43)) - raft.server.watch.element-limit = 65536 (default)
2019-09-19 09:01:05,696 [95a4061d-e5b0-4b2c-827e-cb05eb0977c9:group-D2AAF84F0369:LeaderElection44] INFO  impl.RoleInfo (RoleInfo.java:updateAndGet(143)) - 95a4061d-e5b0-4b2c-827e-cb05eb0977c9: start LeaderState
2019-09-19 09:01:05,696 [95a4061d-e5b0-4b2c-827e-cb05eb0977c9:group-E84F93C92FD1:LeaderElection45] INFO  impl.RoleInfo (RoleInfo.java:updateAndGet(143)) - 95a4061d-e5b0-4b2c-827e-cb05eb0977c9: start LeaderState
2019-09-19 09:01:05,696 [95a4061d-e5b0-4b2c-827e-cb05eb0977c9:group-D2AAF84F0369:LeaderElection44] INFO  segmented.SegmentedRaftLogWorker (SegmentedRaftLogWorker.java:startLogSegment(380)) - 95a4061d-e5b0-4b2c-827e-cb05eb0977c9-SegmentedRaftLogWorker:Storage Directory /workdir/hadoop-ozone/integration-test/target/test-dir/MiniOzoneClusterImpl-d1f5ba66-8c72-4ad4-ac90-f92cf1c4e2b2/datanode-0/data/ratis/f2a494ca-eba9-48a6-b3d5-d2aaf84f0369: Starting segment from index:0
2019-09-19 09:01:05,696 [95a4061d-e5b0-4b2c-827e-cb05eb0977c9:group-E84F93C92FD1:LeaderElection45] INFO  segmented.SegmentedRaftLogWorker (SegmentedRaftLogWorker.java:startLogSegment(380)) - 95a4061d-e5b0-4b2c-827e-cb05eb0977c9-SegmentedRaftLogWorker:Storage Directory /workdir/hadoop-ozone/integration-test/target/test-dir/MiniOzoneClusterImpl-d1f5ba66-8c72-4ad4-ac90-f92cf1c4e2b2/datanode-0/data/ratis/718b1fe0-e31b-4164-9695-e84f93c92fd1: Starting segment from index:0
2019-09-19 09:01:05,696 [95a4061d-e5b0-4b2c-827e-cb05eb0977c9:group-D2AAF84F0369:LeaderElection44] INFO  impl.RaftServerImpl (ServerState.java:setRaftConf(361)) - 95a4061d-e5b0-4b2c-827e-cb05eb0977c9:group-D2AAF84F0369 set configuration 0: [95a4061d-e5b0-4b2c-827e-cb05eb0977c9:192.168.34.5:33174], old=null at 0
2019-09-19 09:01:05,697 [95a4061d-e5b0-4b2c-827e-cb05eb0977c9:group-E84F93C92FD1:LeaderElection45] INFO  impl.RaftServerImpl (ServerState.java:setRaftConf(361)) - 95a4061d-e5b0-4b2c-827e-cb05eb0977c9:group-E84F93C92FD1 set configuration 0: [95a4061d-e5b0-4b2c-827e-cb05eb0977c9:192.168.34.5:33174], old=null at 0
2019-09-19 09:01:05,710 [Thread-687] INFO  impl.FollowerState (FollowerState.java:run(106)) - 95a4061d-e5b0-4b2c-827e-cb05eb0977c9:group-B5674B8725F9 changes to CANDIDATE, lastRpcTime:5130, electionTimeout:5130ms
2019-09-19 09:01:05,710 [Thread-687] INFO  impl.RoleInfo (RoleInfo.java:shutdownFollowerState(121)) - 95a4061d-e5b0-4b2c-827e-cb05eb0977c9: shutdown FollowerState
2019-09-19 09:01:05,711 [Thread-687] INFO  impl.RaftServerImpl (RaftServerImpl.java:setRole(171)) - 95a4061d-e5b0-4b2c-827e-cb05eb0977c9:group-B5674B8725F9 changes role from FOLLOWER to CANDIDATE at term 0 for changeToCandidate
2019-09-19 09:01:05,711 [Thread-687] INFO  impl.RoleInfo (RoleInfo.java:updateAndGet(143)) - 95a4061d-e5b0-4b2c-827e-cb05eb0977c9: start LeaderElection
2019-09-19 09:01:05,739 [Thread-693] INFO  impl.FollowerState (FollowerState.java:run(106)) - 95a4061d-e5b0-4b2c-827e-cb05eb0977c9:group-F5706AC7B798 changes to CANDIDATE, lastRpcTime:5088, electionTimeout:5074ms
2019-09-19 09:01:05,742 [Thread-693] INFO  impl.RoleInfo (RoleInfo.java:shutdownFollowerState(121)) - 95a4061d-e5b0-4b2c-827e-cb05eb0977c9: shutdown FollowerState
2019-09-19 09:01:05,742 [Thread-693] INFO  impl.RaftServerImpl (RaftServerImpl.java:setRole(171)) - 95a4061d-e5b0-4b2c-827e-cb05eb0977c9:group-F5706AC7B798 changes role from FOLLOWER to CANDIDATE at term 0 for changeToCandidate
2019-09-19 09:01:05,742 [Thread-693] INFO  impl.RoleInfo (RoleInfo.java:updateAndGet(143)) - 95a4061d-e5b0-4b2c-827e-cb05eb0977c9: start LeaderElection
2019-09-19 09:01:05,753 [95a4061d-e5b0-4b2c-827e-cb05eb0977c9-SegmentedRaftLogWorker:Storage Directory /workdir/hadoop-ozone/integration-test/target/test-dir/MiniOzoneClusterImpl-d1f5ba66-8c72-4ad4-ac90-f92cf1c4e2b2/datanode-0/data/ratis/718b1fe0-e31b-4164-9695-e84f93c92fd1] INFO  segmented.SegmentedRaftLogWorker (SegmentedRaftLogWorker.java:execute(569)) - 95a4061d-e5b0-4b2c-827e-cb05eb0977c9-SegmentedRaftLogWorker:Storage Directory /workdir/hadoop-ozone/integration-test/target/test-dir/MiniOzoneClusterImpl-d1f5ba66-8c72-4ad4-ac90-f92cf1c4e2b2/datanode-0/data/ratis/718b1fe0-e31b-4164-9695-e84f93c92fd1: created new log segment /workdir/hadoop-ozone/integration-test/target/test-dir/MiniOzoneClusterImpl-d1f5ba66-8c72-4ad4-ac90-f92cf1c4e2b2/datanode-0/data/ratis/718b1fe0-e31b-4164-9695-e84f93c92fd1/current/log_inprogress_0
2019-09-19 09:01:05,753 [95a4061d-e5b0-4b2c-827e-cb05eb0977c9:group-F5706AC7B798:LeaderElection47] INFO  impl.LeaderElection (LeaderElection.java:askForVotes(181)) - 95a4061d-e5b0-4b2c-827e-cb05eb0977c9:group-F5706AC7B798:LeaderElection47: begin an election at term 1 for -1: [95a4061d-e5b0-4b2c-827e-cb05eb0977c9:192.168.34.5:33174], old=null
2019-09-19 09:01:05,753 [95a4061d-e5b0-4b2c-827e-cb05eb0977c9:group-B5674B8725F9:LeaderElection46] INFO  impl.LeaderElection (LeaderElection.java:askForVotes(181)) - 95a4061d-e5b0-4b2c-827e-cb05eb0977c9:group-B5674B8725F9:LeaderElection46: begin an election at term 1 for -1: [95a4061d-e5b0-4b2c-827e-cb05eb0977c9:192.168.34.5:33174], old=null
2019-09-19 09:01:05,753 [95a4061d-e5b0-4b2c-827e-cb05eb0977c9-SegmentedRaftLogWorker:Storage Directory /workdir/hadoop-ozone/integration-test/target/test-dir/MiniOzoneClusterImpl-d1f5ba66-8c72-4ad4-ac90-f92cf1c4e2b2/datanode-0/data/ratis/f2a494ca-eba9-48a6-b3d5-d2aaf84f0369] INFO  segmented.SegmentedRaftLogWorker (SegmentedRaftLogWorker.java:execute(569)) - 95a4061d-e5b0-4b2c-827e-cb05eb0977c9-SegmentedRaftLogWorker:Storage Directory /workdir/hadoop-ozone/integration-test/target/test-dir/MiniOzoneClusterImpl-d1f5ba66-8c72-4ad4-ac90-f92cf1c4e2b2/datanode-0/data/ratis/f2a494ca-eba9-48a6-b3d5-d2aaf84f0369: created new log segment /workdir/hadoop-ozone/integration-test/target/test-dir/MiniOzoneClusterImpl-d1f5ba66-8c72-4ad4-ac90-f92cf1c4e2b2/datanode-0/data/ratis/f2a494ca-eba9-48a6-b3d5-d2aaf84f0369/current/log_inprogress_0
2019-09-19 09:01:05,753 [95a4061d-e5b0-4b2c-827e-cb05eb0977c9:group-B5674B8725F9:LeaderElection46] INFO  impl.RoleInfo (RoleInfo.java:shutdownLeaderElection(134)) - 95a4061d-e5b0-4b2c-827e-cb05eb0977c9: shutdown LeaderElection
2019-09-19 09:01:05,753 [95a4061d-e5b0-4b2c-827e-cb05eb0977c9:group-F5706AC7B798:LeaderElection47] INFO  impl.RoleInfo (RoleInfo.java:shutdownLeaderElection(134)) - 95a4061d-e5b0-4b2c-827e-cb05eb0977c9: shutdown LeaderElection
2019-09-19 09:01:05,753 [95a4061d-e5b0-4b2c-827e-cb05eb0977c9:group-B5674B8725F9:LeaderElection46] INFO  impl.RaftServerImpl (RaftServerImpl.java:setRole(171)) - 95a4061d-e5b0-4b2c-827e-cb05eb0977c9:group-B5674B8725F9 changes role from CANDIDATE to LEADER at term 1 for changeToLeader
2019-09-19 09:01:05,753 [95a4061d-e5b0-4b2c-827e-cb05eb0977c9:group-F5706AC7B798:LeaderElection47] INFO  impl.RaftServerImpl (RaftServerImpl.java:setRole(171)) - 95a4061d-e5b0-4b2c-827e-cb05eb0977c9:group-F5706AC7B798 changes role from CANDIDATE to LEADER at term 1 for changeToLeader
2019-09-19 09:01:05,754 [95a4061d-e5b0-4b2c-827e-cb05eb0977c9:group-B5674B8725F9:LeaderElection46] INFO  impl.RaftServerImpl (ServerState.java:setLeader(263)) - 95a4061d-e5b0-4b2c-827e-cb05eb0977c9:group-B5674B8725F9 change Leader from null to 95a4061d-e5b0-4b2c-827e-cb05eb0977c9 at term 1 for becomeLeader, leader elected after 5176ms
2019-09-19 09:01:05,754 [95a4061d-e5b0-4b2c-827e-cb05eb0977c9:group-F5706AC7B798:LeaderElection47] INFO  impl.RaftServerImpl (ServerState.java:setLeader(263)) - 95a4061d-e5b0-4b2c-827e-cb05eb0977c9:group-F5706AC7B798 change Leader from null to 95a4061d-e5b0-4b2c-827e-cb05eb0977c9 at term 1 for becomeLeader, leader elected after 5106ms
2019-09-19 09:01:05,754 [95a4061d-e5b0-4b2c-827e-cb05eb0977c9:group-B5674B8725F9:LeaderElection46] INFO  server.RaftServerConfigKeys (ConfUtils.java:logGet(43)) - raft.server.staging.catchup.gap = 1000 (default)
2019-09-19 09:01:05,754 [95a4061d-e5b0-4b2c-827e-cb05eb0977c9:group-F5706AC7B798:LeaderElection47] INFO  server.RaftServerConfigKeys (ConfUtils.java:logGet(43)) - raft.server.staging.catchup.gap = 1000 (default)
2019-09-19 09:01:05,754 [95a4061d-e5b0-4b2c-827e-cb05eb0977c9:group-B5674B8725F9:LeaderElection46] INFO  server.RaftServerConfigKeys (ConfUtils.java:logGet(43)) - raft.server.rpc.sleep.time = 25ms (default)
2019-09-19 09:01:05,754 [95a4061d-e5b0-4b2c-827e-cb05eb0977c9:group-F5706AC7B798:LeaderElection47] INFO  server.RaftServerConfigKeys (ConfUtils.java:logGet(43)) - raft.server.rpc.sleep.time = 25ms (default)
2019-09-19 09:01:05,754 [95a4061d-e5b0-4b2c-827e-cb05eb0977c9:group-B5674B8725F9:LeaderElection46] INFO  server.RaftServerConfigKeys (ConfUtils.java:logGet(43)) - raft.server.write.element-limit = 4096 (default)
2019-09-19 09:01:05,755 [95a4061d-e5b0-4b2c-827e-cb05eb0977c9:group-F5706AC7B798:LeaderElection47] INFO  server.RaftServerConfigKeys (ConfUtils.java:logGet(43)) - raft.server.write.element-limit = 4096 (default)
2019-09-19 09:01:05,755 [95a4061d-e5b0-4b2c-827e-cb05eb0977c9:group-B5674B8725F9:LeaderElection46] INFO  server.RaftServerConfigKeys (ConfUtils.java:logGet(43)) - raft.server.watch.timeout = 10s (default)
2019-09-19 09:01:05,755 [95a4061d-e5b0-4b2c-827e-cb05eb0977c9:group-F5706AC7B798:LeaderElection47] INFO  server.RaftServerConfigKeys (ConfUtils.java:logGet(43)) - raft.server.watch.timeout = 10s (default)
2019-09-19 09:01:05,755 [95a4061d-e5b0-4b2c-827e-cb05eb0977c9:group-B5674B8725F9:LeaderElection46] INFO  server.RaftServerConfigKeys (ConfUtils.java:logGet(43)) - raft.server.watch.timeout.denomination = 1s (default)
2019-09-19 09:01:05,755 [95a4061d-e5b0-4b2c-827e-cb05eb0977c9:group-F5706AC7B798:LeaderElection47] INFO  server.RaftServerConfigKeys (ConfUtils.java:logGet(43)) - raft.server.watch.timeout.denomination = 1s (default)
2019-09-19 09:01:05,755 [95a4061d-e5b0-4b2c-827e-cb05eb0977c9:group-B5674B8725F9:LeaderElection46] INFO  server.RaftServerConfigKeys (ConfUtils.java:logGet(43)) - raft.server.watch.element-limit = 65536 (default)
2019-09-19 09:01:05,755 [95a4061d-e5b0-4b2c-827e-cb05eb0977c9:group-F5706AC7B798:LeaderElection47] INFO  server.RaftServerConfigKeys (ConfUtils.java:logGet(43)) - raft.server.watch.element-limit = 65536 (default)
2019-09-19 09:01:05,756 [95a4061d-e5b0-4b2c-827e-cb05eb0977c9:group-B5674B8725F9:LeaderElection46] INFO  impl.RoleInfo (RoleInfo.java:updateAndGet(143)) - 95a4061d-e5b0-4b2c-827e-cb05eb0977c9: start LeaderState
2019-09-19 09:01:05,756 [95a4061d-e5b0-4b2c-827e-cb05eb0977c9:group-F5706AC7B798:LeaderElection47] INFO  impl.RoleInfo (RoleInfo.java:updateAndGet(143)) - 95a4061d-e5b0-4b2c-827e-cb05eb0977c9: start LeaderState
2019-09-19 09:01:05,756 [95a4061d-e5b0-4b2c-827e-cb05eb0977c9:group-B5674B8725F9:LeaderElection46] INFO  segmented.SegmentedRaftLogWorker (SegmentedRaftLogWorker.java:startLogSegment(380)) - 95a4061d-e5b0-4b2c-827e-cb05eb0977c9-SegmentedRaftLogWorker:Storage Directory /workdir/hadoop-ozone/integration-test/target/test-dir/MiniOzoneClusterImpl-d1f5ba66-8c72-4ad4-ac90-f92cf1c4e2b2/datanode-0/data/ratis/ad841003-bf19-4851-8b09-b5674b8725f9: Starting segment from index:0
2019-09-19 09:01:05,756 [95a4061d-e5b0-4b2c-827e-cb05eb0977c9:group-F5706AC7B798:LeaderElection47] INFO  segmented.SegmentedRaftLogWorker (SegmentedRaftLogWorker.java:startLogSegment(380)) - 95a4061d-e5b0-4b2c-827e-cb05eb0977c9-SegmentedRaftLogWorker:Storage Directory /workdir/hadoop-ozone/integration-test/target/test-dir/MiniOzoneClusterImpl-d1f5ba66-8c72-4ad4-ac90-f92cf1c4e2b2/datanode-0/data/ratis/2a5cc020-f1df-4b61-8add-f5706ac7b798: Starting segment from index:0
2019-09-19 09:01:05,756 [95a4061d-e5b0-4b2c-827e-cb05eb0977c9:group-B5674B8725F9:LeaderElection46] INFO  impl.RaftServerImpl (ServerState.java:setRaftConf(361)) - 95a4061d-e5b0-4b2c-827e-cb05eb0977c9:group-B5674B8725F9 set configuration 0: [95a4061d-e5b0-4b2c-827e-cb05eb0977c9:192.168.34.5:33174], old=null at 0
2019-09-19 09:01:05,757 [95a4061d-e5b0-4b2c-827e-cb05eb0977c9:group-F5706AC7B798:LeaderElection47] INFO  impl.RaftServerImpl (ServerState.java:setRaftConf(361)) - 95a4061d-e5b0-4b2c-827e-cb05eb0977c9:group-F5706AC7B798 set configuration 0: [95a4061d-e5b0-4b2c-827e-cb05eb0977c9:192.168.34.5:33174], old=null at 0
2019-09-19 09:01:05,772 [Thread-696] INFO  impl.FollowerState (FollowerState.java:run(106)) - 95a4061d-e5b0-4b2c-827e-cb05eb0977c9:group-4188E6357233 changes to CANDIDATE, lastRpcTime:5076, electionTimeout:5076ms
2019-09-19 09:01:05,772 [Thread-696] INFO  impl.RoleInfo (RoleInfo.java:shutdownFollowerState(121)) - 95a4061d-e5b0-4b2c-827e-cb05eb0977c9: shutdown FollowerState
2019-09-19 09:01:05,772 [Thread-696] INFO  impl.RaftServerImpl (RaftServerImpl.java:setRole(171)) - 95a4061d-e5b0-4b2c-827e-cb05eb0977c9:group-4188E6357233 changes role from FOLLOWER to CANDIDATE at term 0 for changeToCandidate
2019-09-19 09:01:05,772 [Thread-696] INFO  impl.RoleInfo (RoleInfo.java:updateAndGet(143)) - 95a4061d-e5b0-4b2c-827e-cb05eb0977c9: start LeaderElection
2019-09-19 09:01:05,803 [Thread-702] INFO  impl.FollowerState (FollowerState.java:run(106)) - ef4e2621-ebc1-459a-be1e-ded655ac96a5:group-9BF38A22BDF2 changes to CANDIDATE, lastRpcTime:5026, electionTimeout:5023ms
2019-09-19 09:01:05,803 [Thread-702] INFO  impl.RoleInfo (RoleInfo.java:shutdownFollowerState(121)) - ef4e2621-ebc1-459a-be1e-ded655ac96a5: shutdown FollowerState
2019-09-19 09:01:05,805 [Thread-702] INFO  impl.RaftServerImpl (RaftServerImpl.java:setRole(171)) - ef4e2621-ebc1-459a-be1e-ded655ac96a5:group-9BF38A22BDF2 changes role from FOLLOWER to CANDIDATE at term 0 for changeToCandidate
2019-09-19 09:01:05,805 [Thread-702] INFO  impl.RoleInfo (RoleInfo.java:updateAndGet(143)) - ef4e2621-ebc1-459a-be1e-ded655ac96a5: start LeaderElection
2019-09-19 09:01:05,828 [95a4061d-e5b0-4b2c-827e-cb05eb0977c9-SegmentedRaftLogWorker:Storage Directory /workdir/hadoop-ozone/integration-test/target/test-dir/MiniOzoneClusterImpl-d1f5ba66-8c72-4ad4-ac90-f92cf1c4e2b2/datanode-0/data/ratis/ad841003-bf19-4851-8b09-b5674b8725f9] INFO  segmented.SegmentedRaftLogWorker (SegmentedRaftLogWorker.java:execute(569)) - 95a4061d-e5b0-4b2c-827e-cb05eb0977c9-SegmentedRaftLogWorker:Storage Directory /workdir/hadoop-ozone/integration-test/target/test-dir/MiniOzoneClusterImpl-d1f5ba66-8c72-4ad4-ac90-f92cf1c4e2b2/datanode-0/data/ratis/ad841003-bf19-4851-8b09-b5674b8725f9: created new log segment /workdir/hadoop-ozone/integration-test/target/test-dir/MiniOzoneClusterImpl-d1f5ba66-8c72-4ad4-ac90-f92cf1c4e2b2/datanode-0/data/ratis/ad841003-bf19-4851-8b09-b5674b8725f9/current/log_inprogress_0
2019-09-19 09:01:05,828 [95a4061d-e5b0-4b2c-827e-cb05eb0977c9:group-4188E6357233:LeaderElection48] INFO  impl.LeaderElection (LeaderElection.java:askForVotes(181)) - 95a4061d-e5b0-4b2c-827e-cb05eb0977c9:group-4188E6357233:LeaderElection48: begin an election at term 1 for -1: [95a4061d-e5b0-4b2c-827e-cb05eb0977c9:192.168.34.5:33174], old=null
2019-09-19 09:01:05,828 [95a4061d-e5b0-4b2c-827e-cb05eb0977c9-SegmentedRaftLogWorker:Storage Directory /workdir/hadoop-ozone/integration-test/target/test-dir/MiniOzoneClusterImpl-d1f5ba66-8c72-4ad4-ac90-f92cf1c4e2b2/datanode-0/data/ratis/2a5cc020-f1df-4b61-8add-f5706ac7b798] INFO  segmented.SegmentedRaftLogWorker (SegmentedRaftLogWorker.java:execute(569)) - 95a4061d-e5b0-4b2c-827e-cb05eb0977c9-SegmentedRaftLogWorker:Storage Directory /workdir/hadoop-ozone/integration-test/target/test-dir/MiniOzoneClusterImpl-d1f5ba66-8c72-4ad4-ac90-f92cf1c4e2b2/datanode-0/data/ratis/2a5cc020-f1df-4b61-8add-f5706ac7b798: created new log segment /workdir/hadoop-ozone/integration-test/target/test-dir/MiniOzoneClusterImpl-d1f5ba66-8c72-4ad4-ac90-f92cf1c4e2b2/datanode-0/data/ratis/2a5cc020-f1df-4b61-8add-f5706ac7b798/current/log_inprogress_0
2019-09-19 09:01:05,829 [95a4061d-e5b0-4b2c-827e-cb05eb0977c9:group-4188E6357233:LeaderElection48] INFO  impl.RoleInfo (RoleInfo.java:shutdownLeaderElection(134)) - 95a4061d-e5b0-4b2c-827e-cb05eb0977c9: shutdown LeaderElection
2019-09-19 09:01:05,829 [95a4061d-e5b0-4b2c-827e-cb05eb0977c9:group-4188E6357233:LeaderElection48] INFO  impl.RaftServerImpl (RaftServerImpl.java:setRole(171)) - 95a4061d-e5b0-4b2c-827e-cb05eb0977c9:group-4188E6357233 changes role from CANDIDATE to LEADER at term 1 for changeToLeader
2019-09-19 09:01:05,828 [ef4e2621-ebc1-459a-be1e-ded655ac96a5:group-9BF38A22BDF2:LeaderElection49] INFO  impl.LeaderElection (LeaderElection.java:askForVotes(181)) - ef4e2621-ebc1-459a-be1e-ded655ac96a5:group-9BF38A22BDF2:LeaderElection49: begin an election at term 1 for -1: [ef4e2621-ebc1-459a-be1e-ded655ac96a5:192.168.34.5:40340], old=null
2019-09-19 09:01:05,829 [95a4061d-e5b0-4b2c-827e-cb05eb0977c9:group-4188E6357233:LeaderElection48] INFO  impl.RaftServerImpl (ServerState.java:setLeader(263)) - 95a4061d-e5b0-4b2c-827e-cb05eb0977c9:group-4188E6357233 change Leader from null to 95a4061d-e5b0-4b2c-827e-cb05eb0977c9 at term 1 for becomeLeader, leader elected after 5137ms
2019-09-19 09:01:05,829 [ef4e2621-ebc1-459a-be1e-ded655ac96a5:group-9BF38A22BDF2:LeaderElection49] INFO  impl.RoleInfo (RoleInfo.java:shutdownLeaderElection(134)) - ef4e2621-ebc1-459a-be1e-ded655ac96a5: shutdown LeaderElection
2019-09-19 09:01:05,829 [95a4061d-e5b0-4b2c-827e-cb05eb0977c9:group-4188E6357233:LeaderElection48] INFO  server.RaftServerConfigKeys (ConfUtils.java:logGet(43)) - raft.server.staging.catchup.gap = 1000 (default)
2019-09-19 09:01:05,830 [ef4e2621-ebc1-459a-be1e-ded655ac96a5:group-9BF38A22BDF2:LeaderElection49] INFO  impl.RaftServerImpl (RaftServerImpl.java:setRole(171)) - ef4e2621-ebc1-459a-be1e-ded655ac96a5:group-9BF38A22BDF2 changes role from CANDIDATE to LEADER at term 1 for changeToLeader
2019-09-19 09:01:05,830 [95a4061d-e5b0-4b2c-827e-cb05eb0977c9:group-4188E6357233:LeaderElection48] INFO  server.RaftServerConfigKeys (ConfUtils.java:logGet(43)) - raft.server.rpc.sleep.time = 25ms (default)
2019-09-19 09:01:05,830 [ef4e2621-ebc1-459a-be1e-ded655ac96a5:group-9BF38A22BDF2:LeaderElection49] INFO  impl.RaftServerImpl (ServerState.java:setLeader(263)) - ef4e2621-ebc1-459a-be1e-ded655ac96a5:group-9BF38A22BDF2 change Leader from null to ef4e2621-ebc1-459a-be1e-ded655ac96a5 at term 1 for becomeLeader, leader elected after 5057ms
2019-09-19 09:01:05,830 [95a4061d-e5b0-4b2c-827e-cb05eb0977c9:group-4188E6357233:LeaderElection48] INFO  server.RaftServerConfigKeys (ConfUtils.java:logGet(43)) - raft.server.write.element-limit = 4096 (default)
2019-09-19 09:01:05,833 [ef4e2621-ebc1-459a-be1e-ded655ac96a5:group-9BF38A22BDF2:LeaderElection49] INFO  server.RaftServerConfigKeys (ConfUtils.java:logGet(43)) - raft.server.staging.catchup.gap = 1000 (default)
2019-09-19 09:01:05,833 [95a4061d-e5b0-4b2c-827e-cb05eb0977c9:group-4188E6357233:LeaderElection48] INFO  server.RaftServerConfigKeys (ConfUtils.java:logGet(43)) - raft.server.watch.timeout = 10s (default)
2019-09-19 09:01:05,833 | INFO  | SCMAudit | user=jenkins1000 | ip=192.168.34.5 | op=SEND_HEARTBEAT {datanodeUUID=2c2b1180-bd06-4560-b4fa-2079d6381cde, command=[]} | ret=SUCCESS |  
2019-09-19 09:01:05,833 [ef4e2621-ebc1-459a-be1e-ded655ac96a5:group-9BF38A22BDF2:LeaderElection49] INFO  server.RaftServerConfigKeys (ConfUtils.java:logGet(43)) - raft.server.rpc.sleep.time = 25ms (default)
2019-09-19 09:01:05,833 [95a4061d-e5b0-4b2c-827e-cb05eb0977c9:group-4188E6357233:LeaderElection48] INFO  server.RaftServerConfigKeys (ConfUtils.java:logGet(43)) - raft.server.watch.timeout.denomination = 1s (default)
2019-09-19 09:01:05,833 [ef4e2621-ebc1-459a-be1e-ded655ac96a5:group-9BF38A22BDF2:LeaderElection49] INFO  server.RaftServerConfigKeys (ConfUtils.java:logGet(43)) - raft.server.write.element-limit = 4096 (default)
2019-09-19 09:01:05,833 [95a4061d-e5b0-4b2c-827e-cb05eb0977c9:group-4188E6357233:LeaderElection48] INFO  server.RaftServerConfigKeys (ConfUtils.java:logGet(43)) - raft.server.watch.element-limit = 65536 (default)
2019-09-19 09:01:05,834 [ef4e2621-ebc1-459a-be1e-ded655ac96a5:group-9BF38A22BDF2:LeaderElection49] INFO  server.RaftServerConfigKeys (ConfUtils.java:logGet(43)) - raft.server.watch.timeout = 10s (default)
2019-09-19 09:01:05,834 [95a4061d-e5b0-4b2c-827e-cb05eb0977c9:group-4188E6357233:LeaderElection48] INFO  impl.RoleInfo (RoleInfo.java:updateAndGet(143)) - 95a4061d-e5b0-4b2c-827e-cb05eb0977c9: start LeaderState
2019-09-19 09:01:05,834 [ef4e2621-ebc1-459a-be1e-ded655ac96a5:group-9BF38A22BDF2:LeaderElection49] INFO  server.RaftServerConfigKeys (ConfUtils.java:logGet(43)) - raft.server.watch.timeout.denomination = 1s (default)
2019-09-19 09:01:05,834 [ef4e2621-ebc1-459a-be1e-ded655ac96a5:group-9BF38A22BDF2:LeaderElection49] INFO  server.RaftServerConfigKeys (ConfUtils.java:logGet(43)) - raft.server.watch.element-limit = 65536 (default)
2019-09-19 09:01:05,834 [95a4061d-e5b0-4b2c-827e-cb05eb0977c9:group-4188E6357233:LeaderElection48] INFO  segmented.SegmentedRaftLogWorker (SegmentedRaftLogWorker.java:startLogSegment(380)) - 95a4061d-e5b0-4b2c-827e-cb05eb0977c9-SegmentedRaftLogWorker:Storage Directory /workdir/hadoop-ozone/integration-test/target/test-dir/MiniOzoneClusterImpl-d1f5ba66-8c72-4ad4-ac90-f92cf1c4e2b2/datanode-0/data/ratis/339db7c4-a239-4aff-9381-4188e6357233: Starting segment from index:0
2019-09-19 09:01:05,834 [ef4e2621-ebc1-459a-be1e-ded655ac96a5:group-9BF38A22BDF2:LeaderElection49] INFO  impl.RoleInfo (RoleInfo.java:updateAndGet(143)) - ef4e2621-ebc1-459a-be1e-ded655ac96a5: start LeaderState
2019-09-19 09:01:05,835 [ef4e2621-ebc1-459a-be1e-ded655ac96a5:group-9BF38A22BDF2:LeaderElection49] INFO  segmented.SegmentedRaftLogWorker (SegmentedRaftLogWorker.java:startLogSegment(380)) - ef4e2621-ebc1-459a-be1e-ded655ac96a5-SegmentedRaftLogWorker:Storage Directory /workdir/hadoop-ozone/integration-test/target/test-dir/MiniOzoneClusterImpl-d1f5ba66-8c72-4ad4-ac90-f92cf1c4e2b2/datanode-1/data/ratis/46a1b06e-37b7-438e-9bf4-9bf38a22bdf2: Starting segment from index:0
2019-09-19 09:01:05,835 [95a4061d-e5b0-4b2c-827e-cb05eb0977c9:group-4188E6357233:LeaderElection48] INFO  impl.RaftServerImpl (ServerState.java:setRaftConf(361)) - 95a4061d-e5b0-4b2c-827e-cb05eb0977c9:group-4188E6357233 set configuration 0: [95a4061d-e5b0-4b2c-827e-cb05eb0977c9:192.168.34.5:33174], old=null at 0
2019-09-19 09:01:05,835 [ef4e2621-ebc1-459a-be1e-ded655ac96a5:group-9BF38A22BDF2:LeaderElection49] INFO  impl.RaftServerImpl (ServerState.java:setRaftConf(361)) - ef4e2621-ebc1-459a-be1e-ded655ac96a5:group-9BF38A22BDF2 set configuration 0: [ef4e2621-ebc1-459a-be1e-ded655ac96a5:192.168.34.5:40340], old=null at 0
2019-09-19 09:01:05,878 [95a4061d-e5b0-4b2c-827e-cb05eb0977c9-SegmentedRaftLogWorker:Storage Directory /workdir/hadoop-ozone/integration-test/target/test-dir/MiniOzoneClusterImpl-d1f5ba66-8c72-4ad4-ac90-f92cf1c4e2b2/datanode-0/data/ratis/339db7c4-a239-4aff-9381-4188e6357233] INFO  segmented.SegmentedRaftLogWorker (SegmentedRaftLogWorker.java:execute(569)) - 95a4061d-e5b0-4b2c-827e-cb05eb0977c9-SegmentedRaftLogWorker:Storage Directory /workdir/hadoop-ozone/integration-test/target/test-dir/MiniOzoneClusterImpl-d1f5ba66-8c72-4ad4-ac90-f92cf1c4e2b2/datanode-0/data/ratis/339db7c4-a239-4aff-9381-4188e6357233: created new log segment /workdir/hadoop-ozone/integration-test/target/test-dir/MiniOzoneClusterImpl-d1f5ba66-8c72-4ad4-ac90-f92cf1c4e2b2/datanode-0/data/ratis/339db7c4-a239-4aff-9381-4188e6357233/current/log_inprogress_0
2019-09-19 09:01:05,878 [ef4e2621-ebc1-459a-be1e-ded655ac96a5-SegmentedRaftLogWorker:Storage Directory /workdir/hadoop-ozone/integration-test/target/test-dir/MiniOzoneClusterImpl-d1f5ba66-8c72-4ad4-ac90-f92cf1c4e2b2/datanode-1/data/ratis/46a1b06e-37b7-438e-9bf4-9bf38a22bdf2] INFO  segmented.SegmentedRaftLogWorker (SegmentedRaftLogWorker.java:execute(569)) - ef4e2621-ebc1-459a-be1e-ded655ac96a5-SegmentedRaftLogWorker:Storage Directory /workdir/hadoop-ozone/integration-test/target/test-dir/MiniOzoneClusterImpl-d1f5ba66-8c72-4ad4-ac90-f92cf1c4e2b2/datanode-1/data/ratis/46a1b06e-37b7-438e-9bf4-9bf38a22bdf2: created new log segment /workdir/hadoop-ozone/integration-test/target/test-dir/MiniOzoneClusterImpl-d1f5ba66-8c72-4ad4-ac90-f92cf1c4e2b2/datanode-1/data/ratis/46a1b06e-37b7-438e-9bf4-9bf38a22bdf2/current/log_inprogress_0
2019-09-19 09:01:05,890 | INFO  | SCMAudit | user=jenkins1000 | ip=192.168.34.5 | op=SEND_HEARTBEAT {datanodeUUID=beb77c57-4e80-4e72-9c15-fb8c3304f28a, command=[]} | ret=SUCCESS |  
2019-09-19 09:01:05,921 [Thread-708] INFO  impl.FollowerState (FollowerState.java:run(106)) - ef4e2621-ebc1-459a-be1e-ded655ac96a5:group-E46673D58080 changes to CANDIDATE, lastRpcTime:5047, electionTimeout:5047ms
2019-09-19 09:01:05,921 [Thread-708] INFO  impl.RoleInfo (RoleInfo.java:shutdownFollowerState(121)) - ef4e2621-ebc1-459a-be1e-ded655ac96a5: shutdown FollowerState
2019-09-19 09:01:05,921 [Thread-708] INFO  impl.RaftServerImpl (RaftServerImpl.java:setRole(171)) - ef4e2621-ebc1-459a-be1e-ded655ac96a5:group-E46673D58080 changes role from FOLLOWER to CANDIDATE at term 0 for changeToCandidate
2019-09-19 09:01:05,921 [Thread-708] INFO  impl.RoleInfo (RoleInfo.java:updateAndGet(143)) - ef4e2621-ebc1-459a-be1e-ded655ac96a5: start LeaderElection
2019-09-19 09:01:05,931 [Thread-699] INFO  impl.FollowerState (FollowerState.java:run(106)) - ef4e2621-ebc1-459a-be1e-ded655ac96a5:group-7C39415E3FD7 changes to CANDIDATE, lastRpcTime:5188, electionTimeout:5188ms
2019-09-19 09:01:05,931 [Thread-699] INFO  impl.RoleInfo (RoleInfo.java:shutdownFollowerState(121)) - ef4e2621-ebc1-459a-be1e-ded655ac96a5: shutdown FollowerState
2019-09-19 09:01:05,931 [Thread-699] INFO  impl.RaftServerImpl (RaftServerImpl.java:setRole(171)) - ef4e2621-ebc1-459a-be1e-ded655ac96a5:group-7C39415E3FD7 changes role from FOLLOWER to CANDIDATE at term 0 for changeToCandidate
2019-09-19 09:01:05,931 [Thread-699] INFO  impl.RoleInfo (RoleInfo.java:updateAndGet(143)) - ef4e2621-ebc1-459a-be1e-ded655ac96a5: start LeaderElection
2019-09-19 09:01:05,941 [ef4e2621-ebc1-459a-be1e-ded655ac96a5:group-7C39415E3FD7:LeaderElection51] INFO  impl.LeaderElection (LeaderElection.java:askForVotes(181)) - ef4e2621-ebc1-459a-be1e-ded655ac96a5:group-7C39415E3FD7:LeaderElection51: begin an election at term 1 for -1: [ef4e2621-ebc1-459a-be1e-ded655ac96a5:192.168.34.5:40340], old=null
2019-09-19 09:01:05,941 [ef4e2621-ebc1-459a-be1e-ded655ac96a5:group-E46673D58080:LeaderElection50] INFO  impl.LeaderElection (LeaderElection.java:askForVotes(181)) - ef4e2621-ebc1-459a-be1e-ded655ac96a5:group-E46673D58080:LeaderElection50: begin an election at term 1 for -1: [ef4e2621-ebc1-459a-be1e-ded655ac96a5:192.168.34.5:40340], old=null
2019-09-19 09:01:05,941 [ef4e2621-ebc1-459a-be1e-ded655ac96a5:group-7C39415E3FD7:LeaderElection51] INFO  impl.RoleInfo (RoleInfo.java:shutdownLeaderElection(134)) - ef4e2621-ebc1-459a-be1e-ded655ac96a5: shutdown LeaderElection
2019-09-19 09:01:05,941 [ef4e2621-ebc1-459a-be1e-ded655ac96a5:group-E46673D58080:LeaderElection50] INFO  impl.RoleInfo (RoleInfo.java:shutdownLeaderElection(134)) - ef4e2621-ebc1-459a-be1e-ded655ac96a5: shutdown LeaderElection
2019-09-19 09:01:05,942 [ef4e2621-ebc1-459a-be1e-ded655ac96a5:group-7C39415E3FD7:LeaderElection51] INFO  impl.RaftServerImpl (RaftServerImpl.java:setRole(171)) - ef4e2621-ebc1-459a-be1e-ded655ac96a5:group-7C39415E3FD7 changes role from CANDIDATE to LEADER at term 1 for changeToLeader
2019-09-19 09:01:05,942 [ef4e2621-ebc1-459a-be1e-ded655ac96a5:group-E46673D58080:LeaderElection50] INFO  impl.RaftServerImpl (RaftServerImpl.java:setRole(171)) - ef4e2621-ebc1-459a-be1e-ded655ac96a5:group-E46673D58080 changes role from CANDIDATE to LEADER at term 1 for changeToLeader
2019-09-19 09:01:05,942 [ef4e2621-ebc1-459a-be1e-ded655ac96a5:group-7C39415E3FD7:LeaderElection51] INFO  impl.RaftServerImpl (ServerState.java:setLeader(263)) - ef4e2621-ebc1-459a-be1e-ded655ac96a5:group-7C39415E3FD7 change Leader from null to ef4e2621-ebc1-459a-be1e-ded655ac96a5 at term 1 for becomeLeader, leader elected after 5203ms
2019-09-19 09:01:05,942 [ef4e2621-ebc1-459a-be1e-ded655ac96a5:group-E46673D58080:LeaderElection50] INFO  impl.RaftServerImpl (ServerState.java:setLeader(263)) - ef4e2621-ebc1-459a-be1e-ded655ac96a5:group-E46673D58080 change Leader from null to ef4e2621-ebc1-459a-be1e-ded655ac96a5 at term 1 for becomeLeader, leader elected after 5071ms
2019-09-19 09:01:05,942 [ef4e2621-ebc1-459a-be1e-ded655ac96a5:group-7C39415E3FD7:LeaderElection51] INFO  server.RaftServerConfigKeys (ConfUtils.java:logGet(43)) - raft.server.staging.catchup.gap = 1000 (default)
2019-09-19 09:01:05,942 [ef4e2621-ebc1-459a-be1e-ded655ac96a5:group-E46673D58080:LeaderElection50] INFO  server.RaftServerConfigKeys (ConfUtils.java:logGet(43)) - raft.server.staging.catchup.gap = 1000 (default)
2019-09-19 09:01:05,942 [ef4e2621-ebc1-459a-be1e-ded655ac96a5:group-7C39415E3FD7:LeaderElection51] INFO  server.RaftServerConfigKeys (ConfUtils.java:logGet(43)) - raft.server.rpc.sleep.time = 25ms (default)
2019-09-19 09:01:05,942 [ef4e2621-ebc1-459a-be1e-ded655ac96a5:group-E46673D58080:LeaderElection50] INFO  server.RaftServerConfigKeys (ConfUtils.java:logGet(43)) - raft.server.rpc.sleep.time = 25ms (default)
2019-09-19 09:01:05,943 [ef4e2621-ebc1-459a-be1e-ded655ac96a5:group-7C39415E3FD7:LeaderElection51] INFO  server.RaftServerConfigKeys (ConfUtils.java:logGet(43)) - raft.server.write.element-limit = 4096 (default)
2019-09-19 09:01:05,943 [ef4e2621-ebc1-459a-be1e-ded655ac96a5:group-E46673D58080:LeaderElection50] INFO  server.RaftServerConfigKeys (ConfUtils.java:logGet(43)) - raft.server.write.element-limit = 4096 (default)
2019-09-19 09:01:05,943 [ef4e2621-ebc1-459a-be1e-ded655ac96a5:group-7C39415E3FD7:LeaderElection51] INFO  server.RaftServerConfigKeys (ConfUtils.java:logGet(43)) - raft.server.watch.timeout = 10s (default)
2019-09-19 09:01:05,943 [ef4e2621-ebc1-459a-be1e-ded655ac96a5:group-E46673D58080:LeaderElection50] INFO  server.RaftServerConfigKeys (ConfUtils.java:logGet(43)) - raft.server.watch.timeout = 10s (default)
2019-09-19 09:01:05,943 [ef4e2621-ebc1-459a-be1e-ded655ac96a5:group-7C39415E3FD7:LeaderElection51] INFO  server.RaftServerConfigKeys (ConfUtils.java:logGet(43)) - raft.server.watch.timeout.denomination = 1s (default)
2019-09-19 09:01:05,943 [ef4e2621-ebc1-459a-be1e-ded655ac96a5:group-E46673D58080:LeaderElection50] INFO  server.RaftServerConfigKeys (ConfUtils.java:logGet(43)) - raft.server.watch.timeout.denomination = 1s (default)
2019-09-19 09:01:05,943 [ef4e2621-ebc1-459a-be1e-ded655ac96a5:group-7C39415E3FD7:LeaderElection51] INFO  server.RaftServerConfigKeys (ConfUtils.java:logGet(43)) - raft.server.watch.element-limit = 65536 (default)
2019-09-19 09:01:05,944 [ef4e2621-ebc1-459a-be1e-ded655ac96a5:group-E46673D58080:LeaderElection50] INFO  server.RaftServerConfigKeys (ConfUtils.java:logGet(43)) - raft.server.watch.element-limit = 65536 (default)
2019-09-19 09:01:05,944 [ef4e2621-ebc1-459a-be1e-ded655ac96a5:group-7C39415E3FD7:LeaderElection51] INFO  impl.RoleInfo (RoleInfo.java:updateAndGet(143)) - ef4e2621-ebc1-459a-be1e-ded655ac96a5: start LeaderState
2019-09-19 09:01:05,944 [ef4e2621-ebc1-459a-be1e-ded655ac96a5:group-E46673D58080:LeaderElection50] INFO  impl.RoleInfo (RoleInfo.java:updateAndGet(143)) - ef4e2621-ebc1-459a-be1e-ded655ac96a5: start LeaderState
2019-09-19 09:01:05,944 [ef4e2621-ebc1-459a-be1e-ded655ac96a5:group-7C39415E3FD7:LeaderElection51] INFO  segmented.SegmentedRaftLogWorker (SegmentedRaftLogWorker.java:startLogSegment(380)) - ef4e2621-ebc1-459a-be1e-ded655ac96a5-SegmentedRaftLogWorker:Storage Directory /workdir/hadoop-ozone/integration-test/target/test-dir/MiniOzoneClusterImpl-d1f5ba66-8c72-4ad4-ac90-f92cf1c4e2b2/datanode-1/data/ratis/ba9a034f-c96c-4da9-ac2a-7c39415e3fd7: Starting segment from index:0
2019-09-19 09:01:05,944 [ef4e2621-ebc1-459a-be1e-ded655ac96a5:group-E46673D58080:LeaderElection50] INFO  segmented.SegmentedRaftLogWorker (SegmentedRaftLogWorker.java:startLogSegment(380)) - ef4e2621-ebc1-459a-be1e-ded655ac96a5-SegmentedRaftLogWorker:Storage Directory /workdir/hadoop-ozone/integration-test/target/test-dir/MiniOzoneClusterImpl-d1f5ba66-8c72-4ad4-ac90-f92cf1c4e2b2/datanode-1/data/ratis/3408b1b4-4da9-4e5d-b27b-e46673d58080: Starting segment from index:0
2019-09-19 09:01:05,945 [ef4e2621-ebc1-459a-be1e-ded655ac96a5:group-7C39415E3FD7:LeaderElection51] INFO  impl.RaftServerImpl (ServerState.java:setRaftConf(361)) - ef4e2621-ebc1-459a-be1e-ded655ac96a5:group-7C39415E3FD7 set configuration 0: [ef4e2621-ebc1-459a-be1e-ded655ac96a5:192.168.34.5:40340], old=null at 0
2019-09-19 09:01:05,945 [ef4e2621-ebc1-459a-be1e-ded655ac96a5:group-E46673D58080:LeaderElection50] INFO  impl.RaftServerImpl (ServerState.java:setRaftConf(361)) - ef4e2621-ebc1-459a-be1e-ded655ac96a5:group-E46673D58080 set configuration 0: [ef4e2621-ebc1-459a-be1e-ded655ac96a5:192.168.34.5:40340], old=null at 0
2019-09-19 09:01:05,996 [ef4e2621-ebc1-459a-be1e-ded655ac96a5-SegmentedRaftLogWorker:Storage Directory /workdir/hadoop-ozone/integration-test/target/test-dir/MiniOzoneClusterImpl-d1f5ba66-8c72-4ad4-ac90-f92cf1c4e2b2/datanode-1/data/ratis/ba9a034f-c96c-4da9-ac2a-7c39415e3fd7] INFO  segmented.SegmentedRaftLogWorker (SegmentedRaftLogWorker.java:execute(569)) - ef4e2621-ebc1-459a-be1e-ded655ac96a5-SegmentedRaftLogWorker:Storage Directory /workdir/hadoop-ozone/integration-test/target/test-dir/MiniOzoneClusterImpl-d1f5ba66-8c72-4ad4-ac90-f92cf1c4e2b2/datanode-1/data/ratis/ba9a034f-c96c-4da9-ac2a-7c39415e3fd7: created new log segment /workdir/hadoop-ozone/integration-test/target/test-dir/MiniOzoneClusterImpl-d1f5ba66-8c72-4ad4-ac90-f92cf1c4e2b2/datanode-1/data/ratis/ba9a034f-c96c-4da9-ac2a-7c39415e3fd7/current/log_inprogress_0
2019-09-19 09:01:05,996 [ef4e2621-ebc1-459a-be1e-ded655ac96a5-SegmentedRaftLogWorker:Storage Directory /workdir/hadoop-ozone/integration-test/target/test-dir/MiniOzoneClusterImpl-d1f5ba66-8c72-4ad4-ac90-f92cf1c4e2b2/datanode-1/data/ratis/3408b1b4-4da9-4e5d-b27b-e46673d58080] INFO  segmented.SegmentedRaftLogWorker (SegmentedRaftLogWorker.java:execute(569)) - ef4e2621-ebc1-459a-be1e-ded655ac96a5-SegmentedRaftLogWorker:Storage Directory /workdir/hadoop-ozone/integration-test/target/test-dir/MiniOzoneClusterImpl-d1f5ba66-8c72-4ad4-ac90-f92cf1c4e2b2/datanode-1/data/ratis/3408b1b4-4da9-4e5d-b27b-e46673d58080: created new log segment /workdir/hadoop-ozone/integration-test/target/test-dir/MiniOzoneClusterImpl-d1f5ba66-8c72-4ad4-ac90-f92cf1c4e2b2/datanode-1/data/ratis/3408b1b4-4da9-4e5d-b27b-e46673d58080/current/log_inprogress_0
2019-09-19 09:01:05,998 [Thread-705] INFO  impl.FollowerState (FollowerState.java:run(106)) - ef4e2621-ebc1-459a-be1e-ded655ac96a5:group-478E542FC6C3 changes to CANDIDATE, lastRpcTime:5170, electionTimeout:5170ms
2019-09-19 09:01:05,998 [Thread-705] INFO  impl.RoleInfo (RoleInfo.java:shutdownFollowerState(121)) - ef4e2621-ebc1-459a-be1e-ded655ac96a5: shutdown FollowerState
2019-09-19 09:01:05,998 [Thread-705] INFO  impl.RaftServerImpl (RaftServerImpl.java:setRole(171)) - ef4e2621-ebc1-459a-be1e-ded655ac96a5:group-478E542FC6C3 changes role from FOLLOWER to CANDIDATE at term 0 for changeToCandidate
2019-09-19 09:01:05,998 [Thread-705] INFO  impl.RoleInfo (RoleInfo.java:updateAndGet(143)) - ef4e2621-ebc1-459a-be1e-ded655ac96a5: start LeaderElection
2019-09-19 09:01:06,010 [ef4e2621-ebc1-459a-be1e-ded655ac96a5:group-478E542FC6C3:LeaderElection52] INFO  impl.LeaderElection (LeaderElection.java:askForVotes(181)) - ef4e2621-ebc1-459a-be1e-ded655ac96a5:group-478E542FC6C3:LeaderElection52: begin an election at term 1 for -1: [ef4e2621-ebc1-459a-be1e-ded655ac96a5:192.168.34.5:40340], old=null
2019-09-19 09:01:06,010 [ef4e2621-ebc1-459a-be1e-ded655ac96a5:group-478E542FC6C3:LeaderElection52] INFO  impl.RoleInfo (RoleInfo.java:shutdownLeaderElection(134)) - ef4e2621-ebc1-459a-be1e-ded655ac96a5: shutdown LeaderElection
2019-09-19 09:01:06,010 [ef4e2621-ebc1-459a-be1e-ded655ac96a5:group-478E542FC6C3:LeaderElection52] INFO  impl.RaftServerImpl (RaftServerImpl.java:setRole(171)) - ef4e2621-ebc1-459a-be1e-ded655ac96a5:group-478E542FC6C3 changes role from CANDIDATE to LEADER at term 1 for changeToLeader
2019-09-19 09:01:06,010 [ef4e2621-ebc1-459a-be1e-ded655ac96a5:group-478E542FC6C3:LeaderElection52] INFO  impl.RaftServerImpl (ServerState.java:setLeader(263)) - ef4e2621-ebc1-459a-be1e-ded655ac96a5:group-478E542FC6C3 change Leader from null to ef4e2621-ebc1-459a-be1e-ded655ac96a5 at term 1 for becomeLeader, leader elected after 5185ms
2019-09-19 09:01:06,010 [ef4e2621-ebc1-459a-be1e-ded655ac96a5:group-478E542FC6C3:LeaderElection52] INFO  server.RaftServerConfigKeys (ConfUtils.java:logGet(43)) - raft.server.staging.catchup.gap = 1000 (default)
2019-09-19 09:01:06,011 [ef4e2621-ebc1-459a-be1e-ded655ac96a5:group-478E542FC6C3:LeaderElection52] INFO  server.RaftServerConfigKeys (ConfUtils.java:logGet(43)) - raft.server.rpc.sleep.time = 25ms (default)
2019-09-19 09:01:06,011 [ef4e2621-ebc1-459a-be1e-ded655ac96a5:group-478E542FC6C3:LeaderElection52] INFO  server.RaftServerConfigKeys (ConfUtils.java:logGet(43)) - raft.server.write.element-limit = 4096 (default)
2019-09-19 09:01:06,011 [ef4e2621-ebc1-459a-be1e-ded655ac96a5:group-478E542FC6C3:LeaderElection52] INFO  server.RaftServerConfigKeys (ConfUtils.java:logGet(43)) - raft.server.watch.timeout = 10s (default)
2019-09-19 09:01:06,011 [ef4e2621-ebc1-459a-be1e-ded655ac96a5:group-478E542FC6C3:LeaderElection52] INFO  server.RaftServerConfigKeys (ConfUtils.java:logGet(43)) - raft.server.watch.timeout.denomination = 1s (default)
2019-09-19 09:01:06,011 [ef4e2621-ebc1-459a-be1e-ded655ac96a5:group-478E542FC6C3:LeaderElection52] INFO  server.RaftServerConfigKeys (ConfUtils.java:logGet(43)) - raft.server.watch.element-limit = 65536 (default)
2019-09-19 09:01:06,011 [ef4e2621-ebc1-459a-be1e-ded655ac96a5:group-478E542FC6C3:LeaderElection52] INFO  impl.RoleInfo (RoleInfo.java:updateAndGet(143)) - ef4e2621-ebc1-459a-be1e-ded655ac96a5: start LeaderState
2019-09-19 09:01:06,012 [ef4e2621-ebc1-459a-be1e-ded655ac96a5:group-478E542FC6C3:LeaderElection52] INFO  segmented.SegmentedRaftLogWorker (SegmentedRaftLogWorker.java:startLogSegment(380)) - ef4e2621-ebc1-459a-be1e-ded655ac96a5-SegmentedRaftLogWorker:Storage Directory /workdir/hadoop-ozone/integration-test/target/test-dir/MiniOzoneClusterImpl-d1f5ba66-8c72-4ad4-ac90-f92cf1c4e2b2/datanode-1/data/ratis/d8e4b01d-ee00-47cb-995e-478e542fc6c3: Starting segment from index:0
2019-09-19 09:01:06,012 [ef4e2621-ebc1-459a-be1e-ded655ac96a5:group-478E542FC6C3:LeaderElection52] INFO  impl.RaftServerImpl (ServerState.java:setRaftConf(361)) - ef4e2621-ebc1-459a-be1e-ded655ac96a5:group-478E542FC6C3 set configuration 0: [ef4e2621-ebc1-459a-be1e-ded655ac96a5:192.168.34.5:40340], old=null at 0
2019-09-19 09:01:06,019 [Thread-711] INFO  impl.FollowerState (FollowerState.java:run(106)) - ef4e2621-ebc1-459a-be1e-ded655ac96a5:group-BE43672666FF changes to CANDIDATE, lastRpcTime:5099, electionTimeout:5099ms
2019-09-19 09:01:06,019 [Thread-711] INFO  impl.RoleInfo (RoleInfo.java:shutdownFollowerState(121)) - ef4e2621-ebc1-459a-be1e-ded655ac96a5: shutdown FollowerState
2019-09-19 09:01:06,019 [Thread-711] INFO  impl.RaftServerImpl (RaftServerImpl.java:setRole(171)) - ef4e2621-ebc1-459a-be1e-ded655ac96a5:group-BE43672666FF changes role from FOLLOWER to CANDIDATE at term 0 for changeToCandidate
2019-09-19 09:01:06,019 [Thread-711] INFO  impl.RoleInfo (RoleInfo.java:updateAndGet(143)) - ef4e2621-ebc1-459a-be1e-ded655ac96a5: start LeaderElection
2019-09-19 09:01:06,058 | INFO  | SCMAudit | user=jenkins1000 | ip=192.168.34.5 | op=SEND_HEARTBEAT {datanodeUUID=07108c51-6362-4208-ba6a-2f09d4071d3e, command=[]} | ret=SUCCESS |  
2019-09-19 09:01:06,067 [ef4e2621-ebc1-459a-be1e-ded655ac96a5-SegmentedRaftLogWorker:Storage Directory /workdir/hadoop-ozone/integration-test/target/test-dir/MiniOzoneClusterImpl-d1f5ba66-8c72-4ad4-ac90-f92cf1c4e2b2/datanode-1/data/ratis/d8e4b01d-ee00-47cb-995e-478e542fc6c3] INFO  segmented.SegmentedRaftLogWorker (SegmentedRaftLogWorker.java:execute(569)) - ef4e2621-ebc1-459a-be1e-ded655ac96a5-SegmentedRaftLogWorker:Storage Directory /workdir/hadoop-ozone/integration-test/target/test-dir/MiniOzoneClusterImpl-d1f5ba66-8c72-4ad4-ac90-f92cf1c4e2b2/datanode-1/data/ratis/d8e4b01d-ee00-47cb-995e-478e542fc6c3: created new log segment /workdir/hadoop-ozone/integration-test/target/test-dir/MiniOzoneClusterImpl-d1f5ba66-8c72-4ad4-ac90-f92cf1c4e2b2/datanode-1/data/ratis/d8e4b01d-ee00-47cb-995e-478e542fc6c3/current/log_inprogress_0
2019-09-19 09:01:06,067 [ef4e2621-ebc1-459a-be1e-ded655ac96a5:group-BE43672666FF:LeaderElection53] INFO  impl.LeaderElection (LeaderElection.java:askForVotes(181)) - ef4e2621-ebc1-459a-be1e-ded655ac96a5:group-BE43672666FF:LeaderElection53: begin an election at term 1 for -1: [ef4e2621-ebc1-459a-be1e-ded655ac96a5:192.168.34.5:40340], old=null
2019-09-19 09:01:06,068 [ef4e2621-ebc1-459a-be1e-ded655ac96a5:group-BE43672666FF:LeaderElection53] INFO  impl.RoleInfo (RoleInfo.java:shutdownLeaderElection(134)) - ef4e2621-ebc1-459a-be1e-ded655ac96a5: shutdown LeaderElection
2019-09-19 09:01:06,068 [ef4e2621-ebc1-459a-be1e-ded655ac96a5:group-BE43672666FF:LeaderElection53] INFO  impl.RaftServerImpl (RaftServerImpl.java:setRole(171)) - ef4e2621-ebc1-459a-be1e-ded655ac96a5:group-BE43672666FF changes role from CANDIDATE to LEADER at term 1 for changeToLeader
2019-09-19 09:01:06,068 [ef4e2621-ebc1-459a-be1e-ded655ac96a5:group-BE43672666FF:LeaderElection53] INFO  impl.RaftServerImpl (ServerState.java:setLeader(263)) - ef4e2621-ebc1-459a-be1e-ded655ac96a5:group-BE43672666FF change Leader from null to ef4e2621-ebc1-459a-be1e-ded655ac96a5 at term 1 for becomeLeader, leader elected after 5152ms
2019-09-19 09:01:06,068 [ef4e2621-ebc1-459a-be1e-ded655ac96a5:group-BE43672666FF:LeaderElection53] INFO  server.RaftServerConfigKeys (ConfUtils.java:logGet(43)) - raft.server.staging.catchup.gap = 1000 (default)
2019-09-19 09:01:06,068 [ef4e2621-ebc1-459a-be1e-ded655ac96a5:group-BE43672666FF:LeaderElection53] INFO  server.RaftServerConfigKeys (ConfUtils.java:logGet(43)) - raft.server.rpc.sleep.time = 25ms (default)
2019-09-19 09:01:06,068 [ef4e2621-ebc1-459a-be1e-ded655ac96a5:group-BE43672666FF:LeaderElection53] INFO  server.RaftServerConfigKeys (ConfUtils.java:logGet(43)) - raft.server.write.element-limit = 4096 (default)
2019-09-19 09:01:06,069 [ef4e2621-ebc1-459a-be1e-ded655ac96a5:group-BE43672666FF:LeaderElection53] INFO  server.RaftServerConfigKeys (ConfUtils.java:logGet(43)) - raft.server.watch.timeout = 10s (default)
2019-09-19 09:01:06,069 [ef4e2621-ebc1-459a-be1e-ded655ac96a5:group-BE43672666FF:LeaderElection53] INFO  server.RaftServerConfigKeys (ConfUtils.java:logGet(43)) - raft.server.watch.timeout.denomination = 1s (default)
2019-09-19 09:01:06,069 [ef4e2621-ebc1-459a-be1e-ded655ac96a5:group-BE43672666FF:LeaderElection53] INFO  server.RaftServerConfigKeys (ConfUtils.java:logGet(43)) - raft.server.watch.element-limit = 65536 (default)
2019-09-19 09:01:06,069 [ef4e2621-ebc1-459a-be1e-ded655ac96a5:group-BE43672666FF:LeaderElection53] INFO  impl.RoleInfo (RoleInfo.java:updateAndGet(143)) - ef4e2621-ebc1-459a-be1e-ded655ac96a5: start LeaderState
2019-09-19 09:01:06,069 [ef4e2621-ebc1-459a-be1e-ded655ac96a5:group-BE43672666FF:LeaderElection53] INFO  segmented.SegmentedRaftLogWorker (SegmentedRaftLogWorker.java:startLogSegment(380)) - ef4e2621-ebc1-459a-be1e-ded655ac96a5-SegmentedRaftLogWorker:Storage Directory /workdir/hadoop-ozone/integration-test/target/test-dir/MiniOzoneClusterImpl-d1f5ba66-8c72-4ad4-ac90-f92cf1c4e2b2/datanode-1/data/ratis/92339d1b-1d98-44f9-8208-be43672666ff: Starting segment from index:0
2019-09-19 09:01:06,070 [ef4e2621-ebc1-459a-be1e-ded655ac96a5:group-BE43672666FF:LeaderElection53] INFO  impl.RaftServerImpl (ServerState.java:setRaftConf(361)) - ef4e2621-ebc1-459a-be1e-ded655ac96a5:group-BE43672666FF set configuration 0: [ef4e2621-ebc1-459a-be1e-ded655ac96a5:192.168.34.5:40340], old=null at 0
2019-09-19 09:01:06,075 [Thread-717] INFO  impl.FollowerState (FollowerState.java:run(106)) - 2c2b1180-bd06-4560-b4fa-2079d6381cde:group-9897012448E8 changes to CANDIDATE, lastRpcTime:5050, electionTimeout:5050ms
2019-09-19 09:01:06,076 [Thread-717] INFO  impl.RoleInfo (RoleInfo.java:shutdownFollowerState(121)) - 2c2b1180-bd06-4560-b4fa-2079d6381cde: shutdown FollowerState
2019-09-19 09:01:06,076 [Thread-717] INFO  impl.RaftServerImpl (RaftServerImpl.java:setRole(171)) - 2c2b1180-bd06-4560-b4fa-2079d6381cde:group-9897012448E8 changes role from FOLLOWER to CANDIDATE at term 0 for changeToCandidate
2019-09-19 09:01:06,076 [Thread-717] INFO  impl.RoleInfo (RoleInfo.java:updateAndGet(143)) - 2c2b1180-bd06-4560-b4fa-2079d6381cde: start LeaderElection
2019-09-19 09:01:06,112 [Thread-714] INFO  impl.FollowerState (FollowerState.java:run(106)) - ef4e2621-ebc1-459a-be1e-ded655ac96a5:group-019DA72E7D23 changes to CANDIDATE, lastRpcTime:5154, electionTimeout:5137ms
2019-09-19 09:01:06,112 [Thread-720] INFO  impl.FollowerState (FollowerState.java:run(106)) - 2c2b1180-bd06-4560-b4fa-2079d6381cde:group-142E04DC3D60 changes to CANDIDATE, lastRpcTime:5030, electionTimeout:5004ms
2019-09-19 09:01:06,112 [Thread-714] INFO  impl.RoleInfo (RoleInfo.java:shutdownFollowerState(121)) - ef4e2621-ebc1-459a-be1e-ded655ac96a5: shutdown FollowerState
2019-09-19 09:01:06,114 [Thread-720] INFO  impl.RoleInfo (RoleInfo.java:shutdownFollowerState(121)) - 2c2b1180-bd06-4560-b4fa-2079d6381cde: shutdown FollowerState
2019-09-19 09:01:06,114 [Thread-714] INFO  impl.RaftServerImpl (RaftServerImpl.java:setRole(171)) - ef4e2621-ebc1-459a-be1e-ded655ac96a5:group-019DA72E7D23 changes role from FOLLOWER to CANDIDATE at term 0 for changeToCandidate
2019-09-19 09:01:06,115 [Thread-720] INFO  impl.RaftServerImpl (RaftServerImpl.java:setRole(171)) - 2c2b1180-bd06-4560-b4fa-2079d6381cde:group-142E04DC3D60 changes role from FOLLOWER to CANDIDATE at term 0 for changeToCandidate
2019-09-19 09:01:06,115 [Thread-714] INFO  impl.RoleInfo (RoleInfo.java:updateAndGet(143)) - ef4e2621-ebc1-459a-be1e-ded655ac96a5: start LeaderElection
2019-09-19 09:01:06,115 [Thread-720] INFO  impl.RoleInfo (RoleInfo.java:updateAndGet(143)) - 2c2b1180-bd06-4560-b4fa-2079d6381cde: start LeaderElection
2019-09-19 09:01:06,126 [ef4e2621-ebc1-459a-be1e-ded655ac96a5-SegmentedRaftLogWorker:Storage Directory /workdir/hadoop-ozone/integration-test/target/test-dir/MiniOzoneClusterImpl-d1f5ba66-8c72-4ad4-ac90-f92cf1c4e2b2/datanode-1/data/ratis/92339d1b-1d98-44f9-8208-be43672666ff] INFO  segmented.SegmentedRaftLogWorker (SegmentedRaftLogWorker.java:execute(569)) - ef4e2621-ebc1-459a-be1e-ded655ac96a5-SegmentedRaftLogWorker:Storage Directory /workdir/hadoop-ozone/integration-test/target/test-dir/MiniOzoneClusterImpl-d1f5ba66-8c72-4ad4-ac90-f92cf1c4e2b2/datanode-1/data/ratis/92339d1b-1d98-44f9-8208-be43672666ff: created new log segment /workdir/hadoop-ozone/integration-test/target/test-dir/MiniOzoneClusterImpl-d1f5ba66-8c72-4ad4-ac90-f92cf1c4e2b2/datanode-1/data/ratis/92339d1b-1d98-44f9-8208-be43672666ff/current/log_inprogress_0
2019-09-19 09:01:06,126 [2c2b1180-bd06-4560-b4fa-2079d6381cde:group-9897012448E8:LeaderElection54] INFO  impl.LeaderElection (LeaderElection.java:askForVotes(181)) - 2c2b1180-bd06-4560-b4fa-2079d6381cde:group-9897012448E8:LeaderElection54: begin an election at term 1 for -1: [2c2b1180-bd06-4560-b4fa-2079d6381cde:192.168.34.5:43364], old=null
2019-09-19 09:01:06,126 [2c2b1180-bd06-4560-b4fa-2079d6381cde:group-142E04DC3D60:LeaderElection56] INFO  impl.LeaderElection (LeaderElection.java:askForVotes(181)) - 2c2b1180-bd06-4560-b4fa-2079d6381cde:group-142E04DC3D60:LeaderElection56: begin an election at term 1 for -1: [2c2b1180-bd06-4560-b4fa-2079d6381cde:192.168.34.5:43364], old=null
2019-09-19 09:01:06,126 [ef4e2621-ebc1-459a-be1e-ded655ac96a5:group-019DA72E7D23:LeaderElection55] INFO  impl.LeaderElection (LeaderElection.java:askForVotes(181)) - ef4e2621-ebc1-459a-be1e-ded655ac96a5:group-019DA72E7D23:LeaderElection55: begin an election at term 1 for -1: [ef4e2621-ebc1-459a-be1e-ded655ac96a5:192.168.34.5:40340], old=null
2019-09-19 09:01:06,126 [2c2b1180-bd06-4560-b4fa-2079d6381cde:group-142E04DC3D60:LeaderElection56] INFO  impl.RoleInfo (RoleInfo.java:shutdownLeaderElection(134)) - 2c2b1180-bd06-4560-b4fa-2079d6381cde: shutdown LeaderElection
2019-09-19 09:01:06,126 [2c2b1180-bd06-4560-b4fa-2079d6381cde:group-9897012448E8:LeaderElection54] INFO  impl.RoleInfo (RoleInfo.java:shutdownLeaderElection(134)) - 2c2b1180-bd06-4560-b4fa-2079d6381cde: shutdown LeaderElection
2019-09-19 09:01:06,127 [2c2b1180-bd06-4560-b4fa-2079d6381cde:group-142E04DC3D60:LeaderElection56] INFO  impl.RaftServerImpl (RaftServerImpl.java:setRole(171)) - 2c2b1180-bd06-4560-b4fa-2079d6381cde:group-142E04DC3D60 changes role from CANDIDATE to LEADER at term 1 for changeToLeader
2019-09-19 09:01:06,127 [ef4e2621-ebc1-459a-be1e-ded655ac96a5:group-019DA72E7D23:LeaderElection55] INFO  impl.RoleInfo (RoleInfo.java:shutdownLeaderElection(134)) - ef4e2621-ebc1-459a-be1e-ded655ac96a5: shutdown LeaderElection
2019-09-19 09:01:06,127 [2c2b1180-bd06-4560-b4fa-2079d6381cde:group-142E04DC3D60:LeaderElection56] INFO  impl.RaftServerImpl (ServerState.java:setLeader(263)) - 2c2b1180-bd06-4560-b4fa-2079d6381cde:group-142E04DC3D60 change Leader from null to 2c2b1180-bd06-4560-b4fa-2079d6381cde at term 1 for becomeLeader, leader elected after 5048ms
2019-09-19 09:01:06,127 [2c2b1180-bd06-4560-b4fa-2079d6381cde:group-9897012448E8:LeaderElection54] INFO  impl.RaftServerImpl (RaftServerImpl.java:setRole(171)) - 2c2b1180-bd06-4560-b4fa-2079d6381cde:group-9897012448E8 changes role from CANDIDATE to LEADER at term 1 for changeToLeader
2019-09-19 09:01:06,129 [2c2b1180-bd06-4560-b4fa-2079d6381cde:group-142E04DC3D60:LeaderElection56] INFO  server.RaftServerConfigKeys (ConfUtils.java:logGet(43)) - raft.server.staging.catchup.gap = 1000 (default)
2019-09-19 09:01:06,127 [ef4e2621-ebc1-459a-be1e-ded655ac96a5:group-019DA72E7D23:LeaderElection55] INFO  impl.RaftServerImpl (RaftServerImpl.java:setRole(171)) - ef4e2621-ebc1-459a-be1e-ded655ac96a5:group-019DA72E7D23 changes role from CANDIDATE to LEADER at term 1 for changeToLeader
2019-09-19 09:01:06,129 [2c2b1180-bd06-4560-b4fa-2079d6381cde:group-142E04DC3D60:LeaderElection56] INFO  server.RaftServerConfigKeys (ConfUtils.java:logGet(43)) - raft.server.rpc.sleep.time = 25ms (default)
2019-09-19 09:01:06,129 [2c2b1180-bd06-4560-b4fa-2079d6381cde:group-9897012448E8:LeaderElection54] INFO  impl.RaftServerImpl (ServerState.java:setLeader(263)) - 2c2b1180-bd06-4560-b4fa-2079d6381cde:group-9897012448E8 change Leader from null to 2c2b1180-bd06-4560-b4fa-2079d6381cde at term 1 for becomeLeader, leader elected after 5107ms
2019-09-19 09:01:06,130 [2c2b1180-bd06-4560-b4fa-2079d6381cde:group-142E04DC3D60:LeaderElection56] INFO  server.RaftServerConfigKeys (ConfUtils.java:logGet(43)) - raft.server.write.element-limit = 4096 (default)
2019-09-19 09:01:06,130 [ef4e2621-ebc1-459a-be1e-ded655ac96a5:group-019DA72E7D23:LeaderElection55] INFO  impl.RaftServerImpl (ServerState.java:setLeader(263)) - ef4e2621-ebc1-459a-be1e-ded655ac96a5:group-019DA72E7D23 change Leader from null to ef4e2621-ebc1-459a-be1e-ded655ac96a5 at term 1 for becomeLeader, leader elected after 5175ms
2019-09-19 09:01:06,130 [2c2b1180-bd06-4560-b4fa-2079d6381cde:group-142E04DC3D60:LeaderElection56] INFO  server.RaftServerConfigKeys (ConfUtils.java:logGet(43)) - raft.server.watch.timeout = 10s (default)
2019-09-19 09:01:06,130 [2c2b1180-bd06-4560-b4fa-2079d6381cde:group-9897012448E8:LeaderElection54] INFO  server.RaftServerConfigKeys (ConfUtils.java:logGet(43)) - raft.server.staging.catchup.gap = 1000 (default)
2019-09-19 09:01:06,130 [2c2b1180-bd06-4560-b4fa-2079d6381cde:group-142E04DC3D60:LeaderElection56] INFO  server.RaftServerConfigKeys (ConfUtils.java:logGet(43)) - raft.server.watch.timeout.denomination = 1s (default)
2019-09-19 09:01:06,130 [ef4e2621-ebc1-459a-be1e-ded655ac96a5:group-019DA72E7D23:LeaderElection55] INFO  server.RaftServerConfigKeys (ConfUtils.java:logGet(43)) - raft.server.staging.catchup.gap = 1000 (default)
2019-09-19 09:01:06,131 [2c2b1180-bd06-4560-b4fa-2079d6381cde:group-142E04DC3D60:LeaderElection56] INFO  server.RaftServerConfigKeys (ConfUtils.java:logGet(43)) - raft.server.watch.element-limit = 65536 (default)
2019-09-19 09:01:06,131 [2c2b1180-bd06-4560-b4fa-2079d6381cde:group-9897012448E8:LeaderElection54] INFO  server.RaftServerConfigKeys (ConfUtils.java:logGet(43)) - raft.server.rpc.sleep.time = 25ms (default)
2019-09-19 09:01:06,131 [2c2b1180-bd06-4560-b4fa-2079d6381cde:group-142E04DC3D60:LeaderElection56] INFO  impl.RoleInfo (RoleInfo.java:updateAndGet(143)) - 2c2b1180-bd06-4560-b4fa-2079d6381cde: start LeaderState
2019-09-19 09:01:06,131 [ef4e2621-ebc1-459a-be1e-ded655ac96a5:group-019DA72E7D23:LeaderElection55] INFO  server.RaftServerConfigKeys (ConfUtils.java:logGet(43)) - raft.server.rpc.sleep.time = 25ms (default)
2019-09-19 09:01:06,131 [2c2b1180-bd06-4560-b4fa-2079d6381cde:group-142E04DC3D60:LeaderElection56] INFO  segmented.SegmentedRaftLogWorker (SegmentedRaftLogWorker.java:startLogSegment(380)) - 2c2b1180-bd06-4560-b4fa-2079d6381cde-SegmentedRaftLogWorker:Storage Directory /workdir/hadoop-ozone/integration-test/target/test-dir/MiniOzoneClusterImpl-d1f5ba66-8c72-4ad4-ac90-f92cf1c4e2b2/datanode-2/data/ratis/10fa0bf5-f3ed-4732-857a-142e04dc3d60: Starting segment from index:0
2019-09-19 09:01:06,131 [2c2b1180-bd06-4560-b4fa-2079d6381cde:group-9897012448E8:LeaderElection54] INFO  server.RaftServerConfigKeys (ConfUtils.java:logGet(43)) - raft.server.write.element-limit = 4096 (default)
2019-09-19 09:01:06,131 [ef4e2621-ebc1-459a-be1e-ded655ac96a5:group-019DA72E7D23:LeaderElection55] INFO  server.RaftServerConfigKeys (ConfUtils.java:logGet(43)) - raft.server.write.element-limit = 4096 (default)
2019-09-19 09:01:06,132 [2c2b1180-bd06-4560-b4fa-2079d6381cde:group-9897012448E8:LeaderElection54] INFO  server.RaftServerConfigKeys (ConfUtils.java:logGet(43)) - raft.server.watch.timeout = 10s (default)
2019-09-19 09:01:06,132 [ef4e2621-ebc1-459a-be1e-ded655ac96a5:group-019DA72E7D23:LeaderElection55] INFO  server.RaftServerConfigKeys (ConfUtils.java:logGet(43)) - raft.server.watch.timeout = 10s (default)
2019-09-19 09:01:06,132 [2c2b1180-bd06-4560-b4fa-2079d6381cde:group-142E04DC3D60:LeaderElection56] INFO  impl.RaftServerImpl (ServerState.java:setRaftConf(361)) - 2c2b1180-bd06-4560-b4fa-2079d6381cde:group-142E04DC3D60 set configuration 0: [2c2b1180-bd06-4560-b4fa-2079d6381cde:192.168.34.5:43364], old=null at 0
2019-09-19 09:01:06,132 [ef4e2621-ebc1-459a-be1e-ded655ac96a5:group-019DA72E7D23:LeaderElection55] INFO  server.RaftServerConfigKeys (ConfUtils.java:logGet(43)) - raft.server.watch.timeout.denomination = 1s (default)
2019-09-19 09:01:06,132 [2c2b1180-bd06-4560-b4fa-2079d6381cde:group-9897012448E8:LeaderElection54] INFO  server.RaftServerConfigKeys (ConfUtils.java:logGet(43)) - raft.server.watch.timeout.denomination = 1s (default)
2019-09-19 09:01:06,132 [ef4e2621-ebc1-459a-be1e-ded655ac96a5:group-019DA72E7D23:LeaderElection55] INFO  server.RaftServerConfigKeys (ConfUtils.java:logGet(43)) - raft.server.watch.element-limit = 65536 (default)
2019-09-19 09:01:06,133 [2c2b1180-bd06-4560-b4fa-2079d6381cde:group-9897012448E8:LeaderElection54] INFO  server.RaftServerConfigKeys (ConfUtils.java:logGet(43)) - raft.server.watch.element-limit = 65536 (default)
2019-09-19 09:01:06,133 [ef4e2621-ebc1-459a-be1e-ded655ac96a5:group-019DA72E7D23:LeaderElection55] INFO  impl.RoleInfo (RoleInfo.java:updateAndGet(143)) - ef4e2621-ebc1-459a-be1e-ded655ac96a5: start LeaderState
2019-09-19 09:01:06,133 [2c2b1180-bd06-4560-b4fa-2079d6381cde:group-9897012448E8:LeaderElection54] INFO  impl.RoleInfo (RoleInfo.java:updateAndGet(143)) - 2c2b1180-bd06-4560-b4fa-2079d6381cde: start LeaderState
2019-09-19 09:01:06,133 [ef4e2621-ebc1-459a-be1e-ded655ac96a5:group-019DA72E7D23:LeaderElection55] INFO  segmented.SegmentedRaftLogWorker (SegmentedRaftLogWorker.java:startLogSegment(380)) - ef4e2621-ebc1-459a-be1e-ded655ac96a5-SegmentedRaftLogWorker:Storage Directory /workdir/hadoop-ozone/integration-test/target/test-dir/MiniOzoneClusterImpl-d1f5ba66-8c72-4ad4-ac90-f92cf1c4e2b2/datanode-1/data/ratis/ccbcd683-4606-4b63-8fc0-019da72e7d23: Starting segment from index:0
2019-09-19 09:01:06,133 [2c2b1180-bd06-4560-b4fa-2079d6381cde:group-9897012448E8:LeaderElection54] INFO  segmented.SegmentedRaftLogWorker (SegmentedRaftLogWorker.java:startLogSegment(380)) - 2c2b1180-bd06-4560-b4fa-2079d6381cde-SegmentedRaftLogWorker:Storage Directory /workdir/hadoop-ozone/integration-test/target/test-dir/MiniOzoneClusterImpl-d1f5ba66-8c72-4ad4-ac90-f92cf1c4e2b2/datanode-2/data/ratis/7a1315fd-3713-45a6-9006-9897012448e8: Starting segment from index:0
2019-09-19 09:01:06,134 [ef4e2621-ebc1-459a-be1e-ded655ac96a5:group-019DA72E7D23:LeaderElection55] INFO  impl.RaftServerImpl (ServerState.java:setRaftConf(361)) - ef4e2621-ebc1-459a-be1e-ded655ac96a5:group-019DA72E7D23 set configuration 0: [ef4e2621-ebc1-459a-be1e-ded655ac96a5:192.168.34.5:40340], old=null at 0
2019-09-19 09:01:06,134 [2c2b1180-bd06-4560-b4fa-2079d6381cde:group-9897012448E8:LeaderElection54] INFO  impl.RaftServerImpl (ServerState.java:setRaftConf(361)) - 2c2b1180-bd06-4560-b4fa-2079d6381cde:group-9897012448E8 set configuration 0: [2c2b1180-bd06-4560-b4fa-2079d6381cde:192.168.34.5:43364], old=null at 0
2019-09-19 09:01:06,183 [2c2b1180-bd06-4560-b4fa-2079d6381cde-SegmentedRaftLogWorker:Storage Directory /workdir/hadoop-ozone/integration-test/target/test-dir/MiniOzoneClusterImpl-d1f5ba66-8c72-4ad4-ac90-f92cf1c4e2b2/datanode-2/data/ratis/10fa0bf5-f3ed-4732-857a-142e04dc3d60] INFO  segmented.SegmentedRaftLogWorker (SegmentedRaftLogWorker.java:execute(569)) - 2c2b1180-bd06-4560-b4fa-2079d6381cde-SegmentedRaftLogWorker:Storage Directory /workdir/hadoop-ozone/integration-test/target/test-dir/MiniOzoneClusterImpl-d1f5ba66-8c72-4ad4-ac90-f92cf1c4e2b2/datanode-2/data/ratis/10fa0bf5-f3ed-4732-857a-142e04dc3d60: created new log segment /workdir/hadoop-ozone/integration-test/target/test-dir/MiniOzoneClusterImpl-d1f5ba66-8c72-4ad4-ac90-f92cf1c4e2b2/datanode-2/data/ratis/10fa0bf5-f3ed-4732-857a-142e04dc3d60/current/log_inprogress_0
2019-09-19 09:01:06,183 [2c2b1180-bd06-4560-b4fa-2079d6381cde-SegmentedRaftLogWorker:Storage Directory /workdir/hadoop-ozone/integration-test/target/test-dir/MiniOzoneClusterImpl-d1f5ba66-8c72-4ad4-ac90-f92cf1c4e2b2/datanode-2/data/ratis/7a1315fd-3713-45a6-9006-9897012448e8] INFO  segmented.SegmentedRaftLogWorker (SegmentedRaftLogWorker.java:execute(569)) - 2c2b1180-bd06-4560-b4fa-2079d6381cde-SegmentedRaftLogWorker:Storage Directory /workdir/hadoop-ozone/integration-test/target/test-dir/MiniOzoneClusterImpl-d1f5ba66-8c72-4ad4-ac90-f92cf1c4e2b2/datanode-2/data/ratis/7a1315fd-3713-45a6-9006-9897012448e8: created new log segment /workdir/hadoop-ozone/integration-test/target/test-dir/MiniOzoneClusterImpl-d1f5ba66-8c72-4ad4-ac90-f92cf1c4e2b2/datanode-2/data/ratis/7a1315fd-3713-45a6-9006-9897012448e8/current/log_inprogress_0
2019-09-19 09:01:06,183 [ef4e2621-ebc1-459a-be1e-ded655ac96a5-SegmentedRaftLogWorker:Storage Directory /workdir/hadoop-ozone/integration-test/target/test-dir/MiniOzoneClusterImpl-d1f5ba66-8c72-4ad4-ac90-f92cf1c4e2b2/datanode-1/data/ratis/ccbcd683-4606-4b63-8fc0-019da72e7d23] INFO  segmented.SegmentedRaftLogWorker (SegmentedRaftLogWorker.java:execute(569)) - ef4e2621-ebc1-459a-be1e-ded655ac96a5-SegmentedRaftLogWorker:Storage Directory /workdir/hadoop-ozone/integration-test/target/test-dir/MiniOzoneClusterImpl-d1f5ba66-8c72-4ad4-ac90-f92cf1c4e2b2/datanode-1/data/ratis/ccbcd683-4606-4b63-8fc0-019da72e7d23: created new log segment /workdir/hadoop-ozone/integration-test/target/test-dir/MiniOzoneClusterImpl-d1f5ba66-8c72-4ad4-ac90-f92cf1c4e2b2/datanode-1/data/ratis/ccbcd683-4606-4b63-8fc0-019da72e7d23/current/log_inprogress_0
2019-09-19 09:01:06,245 [Thread-723] INFO  impl.FollowerState (FollowerState.java:run(106)) - 2c2b1180-bd06-4560-b4fa-2079d6381cde:group-62B27DBFC781 changes to CANDIDATE, lastRpcTime:5113, electionTimeout:5113ms
2019-09-19 09:01:06,245 [Thread-723] INFO  impl.RoleInfo (RoleInfo.java:shutdownFollowerState(121)) - 2c2b1180-bd06-4560-b4fa-2079d6381cde: shutdown FollowerState
2019-09-19 09:01:06,245 [Thread-723] INFO  impl.RaftServerImpl (RaftServerImpl.java:setRole(171)) - 2c2b1180-bd06-4560-b4fa-2079d6381cde:group-62B27DBFC781 changes role from FOLLOWER to CANDIDATE at term 0 for changeToCandidate
2019-09-19 09:01:06,246 [Thread-723] INFO  impl.RoleInfo (RoleInfo.java:updateAndGet(143)) - 2c2b1180-bd06-4560-b4fa-2079d6381cde: start LeaderElection
2019-09-19 09:01:06,262 [Thread-729] INFO  impl.FollowerState (FollowerState.java:run(106)) - 07108c51-6362-4208-ba6a-2f09d4071d3e:group-F3D344813081 changes to CANDIDATE, lastRpcTime:5001, electionTimeout:5001ms
2019-09-19 09:01:06,262 [Thread-729] INFO  impl.RoleInfo (RoleInfo.java:shutdownFollowerState(121)) - 07108c51-6362-4208-ba6a-2f09d4071d3e: shutdown FollowerState
2019-09-19 09:01:06,262 [Thread-729] INFO  impl.RaftServerImpl (RaftServerImpl.java:setRole(171)) - 07108c51-6362-4208-ba6a-2f09d4071d3e:group-F3D344813081 changes role from FOLLOWER to CANDIDATE at term 0 for changeToCandidate
2019-09-19 09:01:06,263 [Thread-729] INFO  impl.RoleInfo (RoleInfo.java:updateAndGet(143)) - 07108c51-6362-4208-ba6a-2f09d4071d3e: start LeaderElection
2019-09-19 09:01:06,268 [2c2b1180-bd06-4560-b4fa-2079d6381cde:group-62B27DBFC781:LeaderElection57] INFO  impl.LeaderElection (LeaderElection.java:askForVotes(181)) - 2c2b1180-bd06-4560-b4fa-2079d6381cde:group-62B27DBFC781:LeaderElection57: begin an election at term 1 for -1: [2c2b1180-bd06-4560-b4fa-2079d6381cde:192.168.34.5:43364], old=null
2019-09-19 09:01:06,268 [2c2b1180-bd06-4560-b4fa-2079d6381cde:group-62B27DBFC781:LeaderElection57] INFO  impl.RoleInfo (RoleInfo.java:shutdownLeaderElection(134)) - 2c2b1180-bd06-4560-b4fa-2079d6381cde: shutdown LeaderElection
2019-09-19 09:01:06,268 [2c2b1180-bd06-4560-b4fa-2079d6381cde:group-62B27DBFC781:LeaderElection57] INFO  impl.RaftServerImpl (RaftServerImpl.java:setRole(171)) - 2c2b1180-bd06-4560-b4fa-2079d6381cde:group-62B27DBFC781 changes role from CANDIDATE to LEADER at term 1 for changeToLeader
2019-09-19 09:01:06,268 [2c2b1180-bd06-4560-b4fa-2079d6381cde:group-62B27DBFC781:LeaderElection57] INFO  impl.RaftServerImpl (ServerState.java:setLeader(263)) - 2c2b1180-bd06-4560-b4fa-2079d6381cde:group-62B27DBFC781 change Leader from null to 2c2b1180-bd06-4560-b4fa-2079d6381cde at term 1 for becomeLeader, leader elected after 5139ms
2019-09-19 09:01:06,268 [2c2b1180-bd06-4560-b4fa-2079d6381cde:group-62B27DBFC781:LeaderElection57] INFO  server.RaftServerConfigKeys (ConfUtils.java:logGet(43)) - raft.server.staging.catchup.gap = 1000 (default)
2019-09-19 09:01:06,269 [2c2b1180-bd06-4560-b4fa-2079d6381cde:group-62B27DBFC781:LeaderElection57] INFO  server.RaftServerConfigKeys (ConfUtils.java:logGet(43)) - raft.server.rpc.sleep.time = 25ms (default)
2019-09-19 09:01:06,269 [2c2b1180-bd06-4560-b4fa-2079d6381cde:group-62B27DBFC781:LeaderElection57] INFO  server.RaftServerConfigKeys (ConfUtils.java:logGet(43)) - raft.server.write.element-limit = 4096 (default)
2019-09-19 09:01:06,269 [2c2b1180-bd06-4560-b4fa-2079d6381cde:group-62B27DBFC781:LeaderElection57] INFO  server.RaftServerConfigKeys (ConfUtils.java:logGet(43)) - raft.server.watch.timeout = 10s (default)
2019-09-19 09:01:06,269 [2c2b1180-bd06-4560-b4fa-2079d6381cde:group-62B27DBFC781:LeaderElection57] INFO  server.RaftServerConfigKeys (ConfUtils.java:logGet(43)) - raft.server.watch.timeout.denomination = 1s (default)
2019-09-19 09:01:06,269 [2c2b1180-bd06-4560-b4fa-2079d6381cde:group-62B27DBFC781:LeaderElection57] INFO  server.RaftServerConfigKeys (ConfUtils.java:logGet(43)) - raft.server.watch.element-limit = 65536 (default)
2019-09-19 09:01:06,270 [2c2b1180-bd06-4560-b4fa-2079d6381cde:group-62B27DBFC781:LeaderElection57] INFO  impl.RoleInfo (RoleInfo.java:updateAndGet(143)) - 2c2b1180-bd06-4560-b4fa-2079d6381cde: start LeaderState
2019-09-19 09:01:06,270 [2c2b1180-bd06-4560-b4fa-2079d6381cde:group-62B27DBFC781:LeaderElection57] INFO  segmented.SegmentedRaftLogWorker (SegmentedRaftLogWorker.java:startLogSegment(380)) - 2c2b1180-bd06-4560-b4fa-2079d6381cde-SegmentedRaftLogWorker:Storage Directory /workdir/hadoop-ozone/integration-test/target/test-dir/MiniOzoneClusterImpl-d1f5ba66-8c72-4ad4-ac90-f92cf1c4e2b2/datanode-2/data/ratis/aa5fa3a9-6a82-402d-915a-62b27dbfc781: Starting segment from index:0
2019-09-19 09:01:06,271 [2c2b1180-bd06-4560-b4fa-2079d6381cde:group-62B27DBFC781:LeaderElection57] INFO  impl.RaftServerImpl (ServerState.java:setRaftConf(361)) - 2c2b1180-bd06-4560-b4fa-2079d6381cde:group-62B27DBFC781 set configuration 0: [2c2b1180-bd06-4560-b4fa-2079d6381cde:192.168.34.5:43364], old=null at 0
2019-09-19 09:01:06,281 [07108c51-6362-4208-ba6a-2f09d4071d3e:group-F3D344813081:LeaderElection58] INFO  impl.LeaderElection (LeaderElection.java:askForVotes(181)) - 07108c51-6362-4208-ba6a-2f09d4071d3e:group-F3D344813081:LeaderElection58: begin an election at term 1 for -1: [07108c51-6362-4208-ba6a-2f09d4071d3e:192.168.34.5:42339], old=null
2019-09-19 09:01:06,281 [07108c51-6362-4208-ba6a-2f09d4071d3e:group-F3D344813081:LeaderElection58] INFO  impl.RoleInfo (RoleInfo.java:shutdownLeaderElection(134)) - 07108c51-6362-4208-ba6a-2f09d4071d3e: shutdown LeaderElection
2019-09-19 09:01:06,281 [07108c51-6362-4208-ba6a-2f09d4071d3e:group-F3D344813081:LeaderElection58] INFO  impl.RaftServerImpl (RaftServerImpl.java:setRole(171)) - 07108c51-6362-4208-ba6a-2f09d4071d3e:group-F3D344813081 changes role from CANDIDATE to LEADER at term 1 for changeToLeader
2019-09-19 09:01:06,282 [07108c51-6362-4208-ba6a-2f09d4071d3e:group-F3D344813081:LeaderElection58] INFO  impl.RaftServerImpl (ServerState.java:setLeader(263)) - 07108c51-6362-4208-ba6a-2f09d4071d3e:group-F3D344813081 change Leader from null to 07108c51-6362-4208-ba6a-2f09d4071d3e at term 1 for becomeLeader, leader elected after 5024ms
2019-09-19 09:01:06,315 [07108c51-6362-4208-ba6a-2f09d4071d3e:group-F3D344813081:LeaderElection58] INFO  server.RaftServerConfigKeys (ConfUtils.java:logGet(43)) - raft.server.staging.catchup.gap = 1000 (default)
2019-09-19 09:01:06,315 [Thread-726] INFO  impl.FollowerState (FollowerState.java:run(106)) - 2c2b1180-bd06-4560-b4fa-2079d6381cde:group-45E79BA6A987 changes to CANDIDATE, lastRpcTime:5151, electionTimeout:5147ms
2019-09-19 09:01:06,315 [07108c51-6362-4208-ba6a-2f09d4071d3e:group-F3D344813081:LeaderElection58] INFO  server.RaftServerConfigKeys (ConfUtils.java:logGet(43)) - raft.server.rpc.sleep.time = 25ms (default)
2019-09-19 09:01:06,315 [Thread-726] INFO  impl.RoleInfo (RoleInfo.java:shutdownFollowerState(121)) - 2c2b1180-bd06-4560-b4fa-2079d6381cde: shutdown FollowerState
2019-09-19 09:01:06,315 [07108c51-6362-4208-ba6a-2f09d4071d3e:group-F3D344813081:LeaderElection58] INFO  server.RaftServerConfigKeys (ConfUtils.java:logGet(43)) - raft.server.write.element-limit = 4096 (default)
2019-09-19 09:01:06,315 [Thread-726] INFO  impl.RaftServerImpl (RaftServerImpl.java:setRole(171)) - 2c2b1180-bd06-4560-b4fa-2079d6381cde:group-45E79BA6A987 changes role from FOLLOWER to CANDIDATE at term 0 for changeToCandidate
2019-09-19 09:01:06,316 [07108c51-6362-4208-ba6a-2f09d4071d3e:group-F3D344813081:LeaderElection58] INFO  server.RaftServerConfigKeys (ConfUtils.java:logGet(43)) - raft.server.watch.timeout = 10s (default)
2019-09-19 09:01:06,316 [Thread-726] INFO  impl.RoleInfo (RoleInfo.java:updateAndGet(143)) - 2c2b1180-bd06-4560-b4fa-2079d6381cde: start LeaderElection
2019-09-19 09:01:06,316 [07108c51-6362-4208-ba6a-2f09d4071d3e:group-F3D344813081:LeaderElection58] INFO  server.RaftServerConfigKeys (ConfUtils.java:logGet(43)) - raft.server.watch.timeout.denomination = 1s (default)
2019-09-19 09:01:06,316 [07108c51-6362-4208-ba6a-2f09d4071d3e:group-F3D344813081:LeaderElection58] INFO  server.RaftServerConfigKeys (ConfUtils.java:logGet(43)) - raft.server.watch.element-limit = 65536 (default)
2019-09-19 09:01:06,318 [2c2b1180-bd06-4560-b4fa-2079d6381cde-SegmentedRaftLogWorker:Storage Directory /workdir/hadoop-ozone/integration-test/target/test-dir/MiniOzoneClusterImpl-d1f5ba66-8c72-4ad4-ac90-f92cf1c4e2b2/datanode-2/data/ratis/aa5fa3a9-6a82-402d-915a-62b27dbfc781] INFO  segmented.SegmentedRaftLogWorker (SegmentedRaftLogWorker.java:execute(569)) - 2c2b1180-bd06-4560-b4fa-2079d6381cde-SegmentedRaftLogWorker:Storage Directory /workdir/hadoop-ozone/integration-test/target/test-dir/MiniOzoneClusterImpl-d1f5ba66-8c72-4ad4-ac90-f92cf1c4e2b2/datanode-2/data/ratis/aa5fa3a9-6a82-402d-915a-62b27dbfc781: created new log segment /workdir/hadoop-ozone/integration-test/target/test-dir/MiniOzoneClusterImpl-d1f5ba66-8c72-4ad4-ac90-f92cf1c4e2b2/datanode-2/data/ratis/aa5fa3a9-6a82-402d-915a-62b27dbfc781/current/log_inprogress_0
2019-09-19 09:01:06,321 [07108c51-6362-4208-ba6a-2f09d4071d3e:group-F3D344813081:LeaderElection58] INFO  impl.RoleInfo (RoleInfo.java:updateAndGet(143)) - 07108c51-6362-4208-ba6a-2f09d4071d3e: start LeaderState
2019-09-19 09:01:06,321 [07108c51-6362-4208-ba6a-2f09d4071d3e:group-F3D344813081:LeaderElection58] INFO  segmented.SegmentedRaftLogWorker (SegmentedRaftLogWorker.java:startLogSegment(380)) - 07108c51-6362-4208-ba6a-2f09d4071d3e-SegmentedRaftLogWorker:Storage Directory /workdir/hadoop-ozone/integration-test/target/test-dir/MiniOzoneClusterImpl-d1f5ba66-8c72-4ad4-ac90-f92cf1c4e2b2/datanode-3/data/ratis/1bd809d7-ee28-4f9f-af06-f3d344813081: Starting segment from index:0
2019-09-19 09:01:06,322 [07108c51-6362-4208-ba6a-2f09d4071d3e:group-F3D344813081:LeaderElection58] INFO  impl.RaftServerImpl (ServerState.java:setRaftConf(361)) - 07108c51-6362-4208-ba6a-2f09d4071d3e:group-F3D344813081 set configuration 0: [07108c51-6362-4208-ba6a-2f09d4071d3e:192.168.34.5:42339], old=null at 0
2019-09-19 09:01:06,325 [2c2b1180-bd06-4560-b4fa-2079d6381cde:group-45E79BA6A987:LeaderElection59] INFO  impl.LeaderElection (LeaderElection.java:askForVotes(181)) - 2c2b1180-bd06-4560-b4fa-2079d6381cde:group-45E79BA6A987:LeaderElection59: begin an election at term 1 for -1: [2c2b1180-bd06-4560-b4fa-2079d6381cde:192.168.34.5:43364], old=null
2019-09-19 09:01:06,325 [2c2b1180-bd06-4560-b4fa-2079d6381cde:group-45E79BA6A987:LeaderElection59] INFO  impl.RoleInfo (RoleInfo.java:shutdownLeaderElection(134)) - 2c2b1180-bd06-4560-b4fa-2079d6381cde: shutdown LeaderElection
2019-09-19 09:01:06,325 [2c2b1180-bd06-4560-b4fa-2079d6381cde:group-45E79BA6A987:LeaderElection59] INFO  impl.RaftServerImpl (RaftServerImpl.java:setRole(171)) - 2c2b1180-bd06-4560-b4fa-2079d6381cde:group-45E79BA6A987 changes role from CANDIDATE to LEADER at term 1 for changeToLeader
2019-09-19 09:01:06,325 [2c2b1180-bd06-4560-b4fa-2079d6381cde:group-45E79BA6A987:LeaderElection59] INFO  impl.RaftServerImpl (ServerState.java:setLeader(263)) - 2c2b1180-bd06-4560-b4fa-2079d6381cde:group-45E79BA6A987 change Leader from null to 2c2b1180-bd06-4560-b4fa-2079d6381cde at term 1 for becomeLeader, leader elected after 5165ms
2019-09-19 09:01:06,325 [2c2b1180-bd06-4560-b4fa-2079d6381cde:group-45E79BA6A987:LeaderElection59] INFO  server.RaftServerConfigKeys (ConfUtils.java:logGet(43)) - raft.server.staging.catchup.gap = 1000 (default)
2019-09-19 09:01:06,326 [2c2b1180-bd06-4560-b4fa-2079d6381cde:group-45E79BA6A987:LeaderElection59] INFO  server.RaftServerConfigKeys (ConfUtils.java:logGet(43)) - raft.server.rpc.sleep.time = 25ms (default)
2019-09-19 09:01:06,326 [2c2b1180-bd06-4560-b4fa-2079d6381cde:group-45E79BA6A987:LeaderElection59] INFO  server.RaftServerConfigKeys (ConfUtils.java:logGet(43)) - raft.server.write.element-limit = 4096 (default)
2019-09-19 09:01:06,326 [2c2b1180-bd06-4560-b4fa-2079d6381cde:group-45E79BA6A987:LeaderElection59] INFO  server.RaftServerConfigKeys (ConfUtils.java:logGet(43)) - raft.server.watch.timeout = 10s (default)
2019-09-19 09:01:06,326 [2c2b1180-bd06-4560-b4fa-2079d6381cde:group-45E79BA6A987:LeaderElection59] INFO  server.RaftServerConfigKeys (ConfUtils.java:logGet(43)) - raft.server.watch.timeout.denomination = 1s (default)
2019-09-19 09:01:06,326 [2c2b1180-bd06-4560-b4fa-2079d6381cde:group-45E79BA6A987:LeaderElection59] INFO  server.RaftServerConfigKeys (ConfUtils.java:logGet(43)) - raft.server.watch.element-limit = 65536 (default)
2019-09-19 09:01:06,327 [2c2b1180-bd06-4560-b4fa-2079d6381cde:group-45E79BA6A987:LeaderElection59] INFO  impl.RoleInfo (RoleInfo.java:updateAndGet(143)) - 2c2b1180-bd06-4560-b4fa-2079d6381cde: start LeaderState
2019-09-19 09:01:06,327 [2c2b1180-bd06-4560-b4fa-2079d6381cde:group-45E79BA6A987:LeaderElection59] INFO  segmented.SegmentedRaftLogWorker (SegmentedRaftLogWorker.java:startLogSegment(380)) - 2c2b1180-bd06-4560-b4fa-2079d6381cde-SegmentedRaftLogWorker:Storage Directory /workdir/hadoop-ozone/integration-test/target/test-dir/MiniOzoneClusterImpl-d1f5ba66-8c72-4ad4-ac90-f92cf1c4e2b2/datanode-2/data/ratis/ade689fb-3c31-47e7-b221-45e79ba6a987: Starting segment from index:0
2019-09-19 09:01:06,327 [2c2b1180-bd06-4560-b4fa-2079d6381cde:group-45E79BA6A987:LeaderElection59] INFO  impl.RaftServerImpl (ServerState.java:setRaftConf(361)) - 2c2b1180-bd06-4560-b4fa-2079d6381cde:group-45E79BA6A987 set configuration 0: [2c2b1180-bd06-4560-b4fa-2079d6381cde:192.168.34.5:43364], old=null at 0
2019-09-19 09:01:06,377 [2c2b1180-bd06-4560-b4fa-2079d6381cde-SegmentedRaftLogWorker:Storage Directory /workdir/hadoop-ozone/integration-test/target/test-dir/MiniOzoneClusterImpl-d1f5ba66-8c72-4ad4-ac90-f92cf1c4e2b2/datanode-2/data/ratis/ade689fb-3c31-47e7-b221-45e79ba6a987] INFO  segmented.SegmentedRaftLogWorker (SegmentedRaftLogWorker.java:execute(569)) - 2c2b1180-bd06-4560-b4fa-2079d6381cde-SegmentedRaftLogWorker:Storage Directory /workdir/hadoop-ozone/integration-test/target/test-dir/MiniOzoneClusterImpl-d1f5ba66-8c72-4ad4-ac90-f92cf1c4e2b2/datanode-2/data/ratis/ade689fb-3c31-47e7-b221-45e79ba6a987: created new log segment /workdir/hadoop-ozone/integration-test/target/test-dir/MiniOzoneClusterImpl-d1f5ba66-8c72-4ad4-ac90-f92cf1c4e2b2/datanode-2/data/ratis/ade689fb-3c31-47e7-b221-45e79ba6a987/current/log_inprogress_0
2019-09-19 09:01:06,377 [07108c51-6362-4208-ba6a-2f09d4071d3e-SegmentedRaftLogWorker:Storage Directory /workdir/hadoop-ozone/integration-test/target/test-dir/MiniOzoneClusterImpl-d1f5ba66-8c72-4ad4-ac90-f92cf1c4e2b2/datanode-3/data/ratis/1bd809d7-ee28-4f9f-af06-f3d344813081] INFO  segmented.SegmentedRaftLogWorker (SegmentedRaftLogWorker.java:execute(569)) - 07108c51-6362-4208-ba6a-2f09d4071d3e-SegmentedRaftLogWorker:Storage Directory /workdir/hadoop-ozone/integration-test/target/test-dir/MiniOzoneClusterImpl-d1f5ba66-8c72-4ad4-ac90-f92cf1c4e2b2/datanode-3/data/ratis/1bd809d7-ee28-4f9f-af06-f3d344813081: created new log segment /workdir/hadoop-ozone/integration-test/target/test-dir/MiniOzoneClusterImpl-d1f5ba66-8c72-4ad4-ac90-f92cf1c4e2b2/datanode-3/data/ratis/1bd809d7-ee28-4f9f-af06-f3d344813081/current/log_inprogress_0
2019-09-19 09:01:06,390 | INFO  | SCMAudit | user=jenkins1000 | ip=192.168.34.5 | op=SEND_HEARTBEAT {datanodeUUID=95a4061d-e5b0-4b2c-827e-cb05eb0977c9, command=[]} | ret=SUCCESS |  
2019-09-19 09:01:06,465 [Thread-732] INFO  impl.FollowerState (FollowerState.java:run(106)) - d6702a85-6b54-4735-8444-02a36c5ec6eb:group-B3056BF5A52E changes to CANDIDATE, lastRpcTime:5141, electionTimeout:5141ms
2019-09-19 09:01:06,466 [Thread-732] INFO  impl.RoleInfo (RoleInfo.java:shutdownFollowerState(121)) - d6702a85-6b54-4735-8444-02a36c5ec6eb: shutdown FollowerState
2019-09-19 09:01:06,466 [Thread-732] INFO  impl.RaftServerImpl (RaftServerImpl.java:setRole(171)) - d6702a85-6b54-4735-8444-02a36c5ec6eb:group-B3056BF5A52E changes role from FOLLOWER to CANDIDATE at term 0 for changeToCandidate
2019-09-19 09:01:06,466 [Thread-732] INFO  impl.RoleInfo (RoleInfo.java:updateAndGet(143)) - d6702a85-6b54-4735-8444-02a36c5ec6eb: start LeaderElection
2019-09-19 09:01:06,472 [Thread-735] INFO  impl.FollowerState (FollowerState.java:run(106)) - 2c2b1180-bd06-4560-b4fa-2079d6381cde:group-28ED3CEE11D2 changes to CANDIDATE, lastRpcTime:5091, electionTimeout:5091ms
2019-09-19 09:01:06,472 [Thread-735] INFO  impl.RoleInfo (RoleInfo.java:shutdownFollowerState(121)) - 2c2b1180-bd06-4560-b4fa-2079d6381cde: shutdown FollowerState
2019-09-19 09:01:06,472 [Thread-735] INFO  impl.RaftServerImpl (RaftServerImpl.java:setRole(171)) - 2c2b1180-bd06-4560-b4fa-2079d6381cde:group-28ED3CEE11D2 changes role from FOLLOWER to CANDIDATE at term 0 for changeToCandidate
2019-09-19 09:01:06,473 [Thread-735] INFO  impl.RoleInfo (RoleInfo.java:updateAndGet(143)) - 2c2b1180-bd06-4560-b4fa-2079d6381cde: start LeaderElection
2019-09-19 09:01:06,486 [d6702a85-6b54-4735-8444-02a36c5ec6eb:group-B3056BF5A52E:LeaderElection60] INFO  impl.LeaderElection (LeaderElection.java:askForVotes(181)) - d6702a85-6b54-4735-8444-02a36c5ec6eb:group-B3056BF5A52E:LeaderElection60: begin an election at term 1 for -1: [d6702a85-6b54-4735-8444-02a36c5ec6eb:192.168.34.5:38063], old=null
2019-09-19 09:01:06,486 [2c2b1180-bd06-4560-b4fa-2079d6381cde:group-28ED3CEE11D2:LeaderElection61] INFO  impl.LeaderElection (LeaderElection.java:askForVotes(181)) - 2c2b1180-bd06-4560-b4fa-2079d6381cde:group-28ED3CEE11D2:LeaderElection61: begin an election at term 1 for -1: [2c2b1180-bd06-4560-b4fa-2079d6381cde:192.168.34.5:43364], old=null
2019-09-19 09:01:06,486 [d6702a85-6b54-4735-8444-02a36c5ec6eb:group-B3056BF5A52E:LeaderElection60] INFO  impl.RoleInfo (RoleInfo.java:shutdownLeaderElection(134)) - d6702a85-6b54-4735-8444-02a36c5ec6eb: shutdown LeaderElection
2019-09-19 09:01:06,486 [2c2b1180-bd06-4560-b4fa-2079d6381cde:group-28ED3CEE11D2:LeaderElection61] INFO  impl.RoleInfo (RoleInfo.java:shutdownLeaderElection(134)) - 2c2b1180-bd06-4560-b4fa-2079d6381cde: shutdown LeaderElection
2019-09-19 09:01:06,486 [d6702a85-6b54-4735-8444-02a36c5ec6eb:group-B3056BF5A52E:LeaderElection60] INFO  impl.RaftServerImpl (RaftServerImpl.java:setRole(171)) - d6702a85-6b54-4735-8444-02a36c5ec6eb:group-B3056BF5A52E changes role from CANDIDATE to LEADER at term 1 for changeToLeader
2019-09-19 09:01:06,486 [2c2b1180-bd06-4560-b4fa-2079d6381cde:group-28ED3CEE11D2:LeaderElection61] INFO  impl.RaftServerImpl (RaftServerImpl.java:setRole(171)) - 2c2b1180-bd06-4560-b4fa-2079d6381cde:group-28ED3CEE11D2 changes role from CANDIDATE to LEADER at term 1 for changeToLeader
2019-09-19 09:01:06,486 [d6702a85-6b54-4735-8444-02a36c5ec6eb:group-B3056BF5A52E:LeaderElection60] INFO  impl.RaftServerImpl (ServerState.java:setLeader(263)) - d6702a85-6b54-4735-8444-02a36c5ec6eb:group-B3056BF5A52E change Leader from null to d6702a85-6b54-4735-8444-02a36c5ec6eb at term 1 for becomeLeader, leader elected after 5166ms
2019-09-19 09:01:06,486 [2c2b1180-bd06-4560-b4fa-2079d6381cde:group-28ED3CEE11D2:LeaderElection61] INFO  impl.RaftServerImpl (ServerState.java:setLeader(263)) - 2c2b1180-bd06-4560-b4fa-2079d6381cde:group-28ED3CEE11D2 change Leader from null to 2c2b1180-bd06-4560-b4fa-2079d6381cde at term 1 for becomeLeader, leader elected after 5109ms
2019-09-19 09:01:06,489 [d6702a85-6b54-4735-8444-02a36c5ec6eb:group-B3056BF5A52E:LeaderElection60] INFO  server.RaftServerConfigKeys (ConfUtils.java:logGet(43)) - raft.server.staging.catchup.gap = 1000 (default)
2019-09-19 09:01:06,489 [2c2b1180-bd06-4560-b4fa-2079d6381cde:group-28ED3CEE11D2:LeaderElection61] INFO  server.RaftServerConfigKeys (ConfUtils.java:logGet(43)) - raft.server.staging.catchup.gap = 1000 (default)
2019-09-19 09:01:06,489 [d6702a85-6b54-4735-8444-02a36c5ec6eb:group-B3056BF5A52E:LeaderElection60] INFO  server.RaftServerConfigKeys (ConfUtils.java:logGet(43)) - raft.server.rpc.sleep.time = 25ms (default)
2019-09-19 09:01:06,489 [2c2b1180-bd06-4560-b4fa-2079d6381cde:group-28ED3CEE11D2:LeaderElection61] INFO  server.RaftServerConfigKeys (ConfUtils.java:logGet(43)) - raft.server.rpc.sleep.time = 25ms (default)
2019-09-19 09:01:06,489 [d6702a85-6b54-4735-8444-02a36c5ec6eb:group-B3056BF5A52E:LeaderElection60] INFO  server.RaftServerConfigKeys (ConfUtils.java:logGet(43)) - raft.server.write.element-limit = 4096 (default)
2019-09-19 09:01:06,489 [2c2b1180-bd06-4560-b4fa-2079d6381cde:group-28ED3CEE11D2:LeaderElection61] INFO  server.RaftServerConfigKeys (ConfUtils.java:logGet(43)) - raft.server.write.element-limit = 4096 (default)
2019-09-19 09:01:06,489 [d6702a85-6b54-4735-8444-02a36c5ec6eb:group-B3056BF5A52E:LeaderElection60] INFO  server.RaftServerConfigKeys (ConfUtils.java:logGet(43)) - raft.server.watch.timeout = 10s (default)
2019-09-19 09:01:06,490 [2c2b1180-bd06-4560-b4fa-2079d6381cde:group-28ED3CEE11D2:LeaderElection61] INFO  server.RaftServerConfigKeys (ConfUtils.java:logGet(43)) - raft.server.watch.timeout = 10s (default)
2019-09-19 09:01:06,490 [d6702a85-6b54-4735-8444-02a36c5ec6eb:group-B3056BF5A52E:LeaderElection60] INFO  server.RaftServerConfigKeys (ConfUtils.java:logGet(43)) - raft.server.watch.timeout.denomination = 1s (default)
2019-09-19 09:01:06,490 [2c2b1180-bd06-4560-b4fa-2079d6381cde:group-28ED3CEE11D2:LeaderElection61] INFO  server.RaftServerConfigKeys (ConfUtils.java:logGet(43)) - raft.server.watch.timeout.denomination = 1s (default)
2019-09-19 09:01:06,490 [d6702a85-6b54-4735-8444-02a36c5ec6eb:group-B3056BF5A52E:LeaderElection60] INFO  server.RaftServerConfigKeys (ConfUtils.java:logGet(43)) - raft.server.watch.element-limit = 65536 (default)
2019-09-19 09:01:06,490 [2c2b1180-bd06-4560-b4fa-2079d6381cde:group-28ED3CEE11D2:LeaderElection61] INFO  server.RaftServerConfigKeys (ConfUtils.java:logGet(43)) - raft.server.watch.element-limit = 65536 (default)
2019-09-19 09:01:06,490 [d6702a85-6b54-4735-8444-02a36c5ec6eb:group-B3056BF5A52E:LeaderElection60] INFO  impl.RoleInfo (RoleInfo.java:updateAndGet(143)) - d6702a85-6b54-4735-8444-02a36c5ec6eb: start LeaderState
2019-09-19 09:01:06,490 [2c2b1180-bd06-4560-b4fa-2079d6381cde:group-28ED3CEE11D2:LeaderElection61] INFO  impl.RoleInfo (RoleInfo.java:updateAndGet(143)) - 2c2b1180-bd06-4560-b4fa-2079d6381cde: start LeaderState
2019-09-19 09:01:06,491 [d6702a85-6b54-4735-8444-02a36c5ec6eb:group-B3056BF5A52E:LeaderElection60] INFO  segmented.SegmentedRaftLogWorker (SegmentedRaftLogWorker.java:startLogSegment(380)) - d6702a85-6b54-4735-8444-02a36c5ec6eb-SegmentedRaftLogWorker:Storage Directory /workdir/hadoop-ozone/integration-test/target/test-dir/MiniOzoneClusterImpl-d1f5ba66-8c72-4ad4-ac90-f92cf1c4e2b2/datanode-4/data/ratis/df513ced-c3de-4e4d-8e17-b3056bf5a52e: Starting segment from index:0
2019-09-19 09:01:06,491 [2c2b1180-bd06-4560-b4fa-2079d6381cde:group-28ED3CEE11D2:LeaderElection61] INFO  segmented.SegmentedRaftLogWorker (SegmentedRaftLogWorker.java:startLogSegment(380)) - 2c2b1180-bd06-4560-b4fa-2079d6381cde-SegmentedRaftLogWorker:Storage Directory /workdir/hadoop-ozone/integration-test/target/test-dir/MiniOzoneClusterImpl-d1f5ba66-8c72-4ad4-ac90-f92cf1c4e2b2/datanode-2/data/ratis/63a27e0b-427e-4a20-9d2c-28ed3cee11d2: Starting segment from index:0
2019-09-19 09:01:06,491 [d6702a85-6b54-4735-8444-02a36c5ec6eb:group-B3056BF5A52E:LeaderElection60] INFO  impl.RaftServerImpl (ServerState.java:setRaftConf(361)) - d6702a85-6b54-4735-8444-02a36c5ec6eb:group-B3056BF5A52E set configuration 0: [d6702a85-6b54-4735-8444-02a36c5ec6eb:192.168.34.5:38063], old=null at 0
2019-09-19 09:01:06,491 [2c2b1180-bd06-4560-b4fa-2079d6381cde:group-28ED3CEE11D2:LeaderElection61] INFO  impl.RaftServerImpl (ServerState.java:setRaftConf(361)) - 2c2b1180-bd06-4560-b4fa-2079d6381cde:group-28ED3CEE11D2 set configuration 0: [2c2b1180-bd06-4560-b4fa-2079d6381cde:192.168.34.5:43364], old=null at 0
2019-09-19 09:01:06,553 [d6702a85-6b54-4735-8444-02a36c5ec6eb-SegmentedRaftLogWorker:Storage Directory /workdir/hadoop-ozone/integration-test/target/test-dir/MiniOzoneClusterImpl-d1f5ba66-8c72-4ad4-ac90-f92cf1c4e2b2/datanode-4/data/ratis/df513ced-c3de-4e4d-8e17-b3056bf5a52e] INFO  segmented.SegmentedRaftLogWorker (SegmentedRaftLogWorker.java:execute(569)) - d6702a85-6b54-4735-8444-02a36c5ec6eb-SegmentedRaftLogWorker:Storage Directory /workdir/hadoop-ozone/integration-test/target/test-dir/MiniOzoneClusterImpl-d1f5ba66-8c72-4ad4-ac90-f92cf1c4e2b2/datanode-4/data/ratis/df513ced-c3de-4e4d-8e17-b3056bf5a52e: created new log segment /workdir/hadoop-ozone/integration-test/target/test-dir/MiniOzoneClusterImpl-d1f5ba66-8c72-4ad4-ac90-f92cf1c4e2b2/datanode-4/data/ratis/df513ced-c3de-4e4d-8e17-b3056bf5a52e/current/log_inprogress_0
2019-09-19 09:01:06,553 [2c2b1180-bd06-4560-b4fa-2079d6381cde-SegmentedRaftLogWorker:Storage Directory /workdir/hadoop-ozone/integration-test/target/test-dir/MiniOzoneClusterImpl-d1f5ba66-8c72-4ad4-ac90-f92cf1c4e2b2/datanode-2/data/ratis/63a27e0b-427e-4a20-9d2c-28ed3cee11d2] INFO  segmented.SegmentedRaftLogWorker (SegmentedRaftLogWorker.java:execute(569)) - 2c2b1180-bd06-4560-b4fa-2079d6381cde-SegmentedRaftLogWorker:Storage Directory /workdir/hadoop-ozone/integration-test/target/test-dir/MiniOzoneClusterImpl-d1f5ba66-8c72-4ad4-ac90-f92cf1c4e2b2/datanode-2/data/ratis/63a27e0b-427e-4a20-9d2c-28ed3cee11d2: created new log segment /workdir/hadoop-ozone/integration-test/target/test-dir/MiniOzoneClusterImpl-d1f5ba66-8c72-4ad4-ac90-f92cf1c4e2b2/datanode-2/data/ratis/63a27e0b-427e-4a20-9d2c-28ed3cee11d2/current/log_inprogress_0
2019-09-19 09:01:06,612 [Thread-744] INFO  impl.FollowerState (FollowerState.java:run(106)) - 2c2b1180-bd06-4560-b4fa-2079d6381cde:group-184828499DE9 changes to CANDIDATE, lastRpcTime:5062, electionTimeout:5062ms
2019-09-19 09:01:06,612 [Thread-744] INFO  impl.RoleInfo (RoleInfo.java:shutdownFollowerState(121)) - 2c2b1180-bd06-4560-b4fa-2079d6381cde: shutdown FollowerState
2019-09-19 09:01:06,613 [Thread-744] INFO  impl.RaftServerImpl (RaftServerImpl.java:setRole(171)) - 2c2b1180-bd06-4560-b4fa-2079d6381cde:group-184828499DE9 changes role from FOLLOWER to CANDIDATE at term 0 for changeToCandidate
2019-09-19 09:01:06,613 [Thread-744] INFO  impl.RoleInfo (RoleInfo.java:updateAndGet(143)) - 2c2b1180-bd06-4560-b4fa-2079d6381cde: start LeaderElection
2019-09-19 09:01:06,625 [Thread-741] INFO  impl.FollowerState (FollowerState.java:run(106)) - 07108c51-6362-4208-ba6a-2f09d4071d3e:group-8B9B483D026D changes to CANDIDATE, lastRpcTime:5126, electionTimeout:5118ms
2019-09-19 09:01:06,633 [Thread-741] INFO  impl.RoleInfo (RoleInfo.java:shutdownFollowerState(121)) - 07108c51-6362-4208-ba6a-2f09d4071d3e: shutdown FollowerState
2019-09-19 09:01:06,633 [Thread-741] INFO  impl.RaftServerImpl (RaftServerImpl.java:setRole(171)) - 07108c51-6362-4208-ba6a-2f09d4071d3e:group-8B9B483D026D changes role from FOLLOWER to CANDIDATE at term 0 for changeToCandidate
2019-09-19 09:01:06,633 [Thread-741] INFO  impl.RoleInfo (RoleInfo.java:updateAndGet(143)) - 07108c51-6362-4208-ba6a-2f09d4071d3e: start LeaderElection
2019-09-19 09:01:06,638 [Thread-738] INFO  impl.FollowerState (FollowerState.java:run(106)) - 07108c51-6362-4208-ba6a-2f09d4071d3e:group-809A680518EA changes to CANDIDATE, lastRpcTime:5187, electionTimeout:5187ms
2019-09-19 09:01:06,639 [Thread-738] INFO  impl.RoleInfo (RoleInfo.java:shutdownFollowerState(121)) - 07108c51-6362-4208-ba6a-2f09d4071d3e: shutdown FollowerState
2019-09-19 09:01:06,639 [Thread-738] INFO  impl.RaftServerImpl (RaftServerImpl.java:setRole(171)) - 07108c51-6362-4208-ba6a-2f09d4071d3e:group-809A680518EA changes role from FOLLOWER to CANDIDATE at term 0 for changeToCandidate
2019-09-19 09:01:06,639 [Thread-738] INFO  impl.RoleInfo (RoleInfo.java:updateAndGet(143)) - 07108c51-6362-4208-ba6a-2f09d4071d3e: start LeaderElection
2019-09-19 09:01:06,642 [Thread-747] INFO  impl.FollowerState (FollowerState.java:run(106)) - 07108c51-6362-4208-ba6a-2f09d4071d3e:group-B5CBC8649A07 changes to CANDIDATE, lastRpcTime:5048, electionTimeout:5048ms
2019-09-19 09:01:06,642 [Thread-747] INFO  impl.RoleInfo (RoleInfo.java:shutdownFollowerState(121)) - 07108c51-6362-4208-ba6a-2f09d4071d3e: shutdown FollowerState
2019-09-19 09:01:06,642 [Thread-747] INFO  impl.RaftServerImpl (RaftServerImpl.java:setRole(171)) - 07108c51-6362-4208-ba6a-2f09d4071d3e:group-B5CBC8649A07 changes role from FOLLOWER to CANDIDATE at term 0 for changeToCandidate
2019-09-19 09:01:06,642 [Thread-747] INFO  impl.RoleInfo (RoleInfo.java:updateAndGet(143)) - 07108c51-6362-4208-ba6a-2f09d4071d3e: start LeaderElection
2019-09-19 09:01:06,647 [07108c51-6362-4208-ba6a-2f09d4071d3e:group-809A680518EA:LeaderElection64] INFO  impl.LeaderElection (LeaderElection.java:askForVotes(181)) - 07108c51-6362-4208-ba6a-2f09d4071d3e:group-809A680518EA:LeaderElection64: begin an election at term 1 for -1: [07108c51-6362-4208-ba6a-2f09d4071d3e:192.168.34.5:42339], old=null
2019-09-19 09:01:06,647 [07108c51-6362-4208-ba6a-2f09d4071d3e:group-8B9B483D026D:LeaderElection63] INFO  impl.LeaderElection (LeaderElection.java:askForVotes(181)) - 07108c51-6362-4208-ba6a-2f09d4071d3e:group-8B9B483D026D:LeaderElection63: begin an election at term 1 for -1: [07108c51-6362-4208-ba6a-2f09d4071d3e:192.168.34.5:42339], old=null
2019-09-19 09:01:06,647 [07108c51-6362-4208-ba6a-2f09d4071d3e:group-809A680518EA:LeaderElection64] INFO  impl.RoleInfo (RoleInfo.java:shutdownLeaderElection(134)) - 07108c51-6362-4208-ba6a-2f09d4071d3e: shutdown LeaderElection
2019-09-19 09:01:06,647 [07108c51-6362-4208-ba6a-2f09d4071d3e:group-B5CBC8649A07:LeaderElection65] INFO  impl.LeaderElection (LeaderElection.java:askForVotes(181)) - 07108c51-6362-4208-ba6a-2f09d4071d3e:group-B5CBC8649A07:LeaderElection65: begin an election at term 1 for -1: [07108c51-6362-4208-ba6a-2f09d4071d3e:192.168.34.5:42339], old=null
2019-09-19 09:01:06,647 [2c2b1180-bd06-4560-b4fa-2079d6381cde:group-184828499DE9:LeaderElection62] INFO  impl.LeaderElection (LeaderElection.java:askForVotes(181)) - 2c2b1180-bd06-4560-b4fa-2079d6381cde:group-184828499DE9:LeaderElection62: begin an election at term 1 for -1: [2c2b1180-bd06-4560-b4fa-2079d6381cde:192.168.34.5:43364], old=null
2019-09-19 09:01:06,648 [07108c51-6362-4208-ba6a-2f09d4071d3e:group-B5CBC8649A07:LeaderElection65] INFO  impl.RoleInfo (RoleInfo.java:shutdownLeaderElection(134)) - 07108c51-6362-4208-ba6a-2f09d4071d3e: shutdown LeaderElection
2019-09-19 09:01:06,647 [07108c51-6362-4208-ba6a-2f09d4071d3e:group-809A680518EA:LeaderElection64] INFO  impl.RaftServerImpl (RaftServerImpl.java:setRole(171)) - 07108c51-6362-4208-ba6a-2f09d4071d3e:group-809A680518EA changes role from CANDIDATE to LEADER at term 1 for changeToLeader
2019-09-19 09:01:06,647 [07108c51-6362-4208-ba6a-2f09d4071d3e:group-8B9B483D026D:LeaderElection63] INFO  impl.RoleInfo (RoleInfo.java:shutdownLeaderElection(134)) - 07108c51-6362-4208-ba6a-2f09d4071d3e: shutdown LeaderElection
2019-09-19 09:01:06,648 [07108c51-6362-4208-ba6a-2f09d4071d3e:group-809A680518EA:LeaderElection64] INFO  impl.RaftServerImpl (ServerState.java:setLeader(263)) - 07108c51-6362-4208-ba6a-2f09d4071d3e:group-809A680518EA change Leader from null to 07108c51-6362-4208-ba6a-2f09d4071d3e at term 1 for becomeLeader, leader elected after 5199ms
2019-09-19 09:01:06,648 [07108c51-6362-4208-ba6a-2f09d4071d3e:group-B5CBC8649A07:LeaderElection65] INFO  impl.RaftServerImpl (RaftServerImpl.java:setRole(171)) - 07108c51-6362-4208-ba6a-2f09d4071d3e:group-B5CBC8649A07 changes role from CANDIDATE to LEADER at term 1 for changeToLeader
2019-09-19 09:01:06,648 [07108c51-6362-4208-ba6a-2f09d4071d3e:group-B5CBC8649A07:LeaderElection65] INFO  impl.RaftServerImpl (ServerState.java:setLeader(263)) - 07108c51-6362-4208-ba6a-2f09d4071d3e:group-B5CBC8649A07 change Leader from null to 07108c51-6362-4208-ba6a-2f09d4071d3e at term 1 for becomeLeader, leader elected after 5059ms
2019-09-19 09:01:06,648 [2c2b1180-bd06-4560-b4fa-2079d6381cde:group-184828499DE9:LeaderElection62] INFO  impl.RoleInfo (RoleInfo.java:shutdownLeaderElection(134)) - 2c2b1180-bd06-4560-b4fa-2079d6381cde: shutdown LeaderElection
2019-09-19 09:01:06,649 [07108c51-6362-4208-ba6a-2f09d4071d3e:group-B5CBC8649A07:LeaderElection65] INFO  server.RaftServerConfigKeys (ConfUtils.java:logGet(43)) - raft.server.staging.catchup.gap = 1000 (default)
2019-09-19 09:01:06,648 [07108c51-6362-4208-ba6a-2f09d4071d3e:group-809A680518EA:LeaderElection64] INFO  server.RaftServerConfigKeys (ConfUtils.java:logGet(43)) - raft.server.staging.catchup.gap = 1000 (default)
2019-09-19 09:01:06,648 [07108c51-6362-4208-ba6a-2f09d4071d3e:group-8B9B483D026D:LeaderElection63] INFO  impl.RaftServerImpl (RaftServerImpl.java:setRole(171)) - 07108c51-6362-4208-ba6a-2f09d4071d3e:group-8B9B483D026D changes role from CANDIDATE to LEADER at term 1 for changeToLeader
2019-09-19 09:01:06,649 [07108c51-6362-4208-ba6a-2f09d4071d3e:group-809A680518EA:LeaderElection64] INFO  server.RaftServerConfigKeys (ConfUtils.java:logGet(43)) - raft.server.rpc.sleep.time = 25ms (default)
2019-09-19 09:01:06,649 [07108c51-6362-4208-ba6a-2f09d4071d3e:group-B5CBC8649A07:LeaderElection65] INFO  server.RaftServerConfigKeys (ConfUtils.java:logGet(43)) - raft.server.rpc.sleep.time = 25ms (default)
2019-09-19 09:01:06,649 [2c2b1180-bd06-4560-b4fa-2079d6381cde:group-184828499DE9:LeaderElection62] INFO  impl.RaftServerImpl (RaftServerImpl.java:setRole(171)) - 2c2b1180-bd06-4560-b4fa-2079d6381cde:group-184828499DE9 changes role from CANDIDATE to LEADER at term 1 for changeToLeader
2019-09-19 09:01:06,649 [07108c51-6362-4208-ba6a-2f09d4071d3e:group-B5CBC8649A07:LeaderElection65] INFO  server.RaftServerConfigKeys (ConfUtils.java:logGet(43)) - raft.server.write.element-limit = 4096 (default)
2019-09-19 09:01:06,649 [07108c51-6362-4208-ba6a-2f09d4071d3e:group-809A680518EA:LeaderElection64] INFO  server.RaftServerConfigKeys (ConfUtils.java:logGet(43)) - raft.server.write.element-limit = 4096 (default)
2019-09-19 09:01:06,650 [07108c51-6362-4208-ba6a-2f09d4071d3e:group-809A680518EA:LeaderElection64] INFO  server.RaftServerConfigKeys (ConfUtils.java:logGet(43)) - raft.server.watch.timeout = 10s (default)
2019-09-19 09:01:06,649 [07108c51-6362-4208-ba6a-2f09d4071d3e:group-8B9B483D026D:LeaderElection63] INFO  impl.RaftServerImpl (ServerState.java:setLeader(263)) - 07108c51-6362-4208-ba6a-2f09d4071d3e:group-8B9B483D026D change Leader from null to 07108c51-6362-4208-ba6a-2f09d4071d3e at term 1 for becomeLeader, leader elected after 5156ms
2019-09-19 09:01:06,650 [07108c51-6362-4208-ba6a-2f09d4071d3e:group-809A680518EA:LeaderElection64] INFO  server.RaftServerConfigKeys (ConfUtils.java:logGet(43)) - raft.server.watch.timeout.denomination = 1s (default)
2019-09-19 09:01:06,650 [07108c51-6362-4208-ba6a-2f09d4071d3e:group-809A680518EA:LeaderElection64] INFO  server.RaftServerConfigKeys (ConfUtils.java:logGet(43)) - raft.server.watch.element-limit = 65536 (default)
2019-09-19 09:01:06,650 [07108c51-6362-4208-ba6a-2f09d4071d3e:group-B5CBC8649A07:LeaderElection65] INFO  server.RaftServerConfigKeys (ConfUtils.java:logGet(43)) - raft.server.watch.timeout = 10s (default)
2019-09-19 09:01:06,650 [07108c51-6362-4208-ba6a-2f09d4071d3e:group-B5CBC8649A07:LeaderElection65] INFO  server.RaftServerConfigKeys (ConfUtils.java:logGet(43)) - raft.server.watch.timeout.denomination = 1s (default)
2019-09-19 09:01:06,649 [2c2b1180-bd06-4560-b4fa-2079d6381cde:group-184828499DE9:LeaderElection62] INFO  impl.RaftServerImpl (ServerState.java:setLeader(263)) - 2c2b1180-bd06-4560-b4fa-2079d6381cde:group-184828499DE9 change Leader from null to 2c2b1180-bd06-4560-b4fa-2079d6381cde at term 1 for becomeLeader, leader elected after 5102ms
2019-09-19 09:01:06,651 [07108c51-6362-4208-ba6a-2f09d4071d3e:group-B5CBC8649A07:LeaderElection65] INFO  server.RaftServerConfigKeys (ConfUtils.java:logGet(43)) - raft.server.watch.element-limit = 65536 (default)
2019-09-19 09:01:06,650 [07108c51-6362-4208-ba6a-2f09d4071d3e:group-809A680518EA:LeaderElection64] INFO  impl.RoleInfo (RoleInfo.java:updateAndGet(143)) - 07108c51-6362-4208-ba6a-2f09d4071d3e: start LeaderState
2019-09-19 09:01:06,651 [07108c51-6362-4208-ba6a-2f09d4071d3e:group-B5CBC8649A07:LeaderElection65] INFO  impl.RoleInfo (RoleInfo.java:updateAndGet(143)) - 07108c51-6362-4208-ba6a-2f09d4071d3e: start LeaderState
2019-09-19 09:01:06,650 [07108c51-6362-4208-ba6a-2f09d4071d3e:group-8B9B483D026D:LeaderElection63] INFO  server.RaftServerConfigKeys (ConfUtils.java:logGet(43)) - raft.server.staging.catchup.gap = 1000 (default)
2019-09-19 09:01:06,651 [07108c51-6362-4208-ba6a-2f09d4071d3e:group-B5CBC8649A07:LeaderElection65] INFO  segmented.SegmentedRaftLogWorker (SegmentedRaftLogWorker.java:startLogSegment(380)) - 07108c51-6362-4208-ba6a-2f09d4071d3e-SegmentedRaftLogWorker:Storage Directory /workdir/hadoop-ozone/integration-test/target/test-dir/MiniOzoneClusterImpl-d1f5ba66-8c72-4ad4-ac90-f92cf1c4e2b2/datanode-3/data/ratis/3433cef8-b1d0-4e4e-859f-b5cbc8649a07: Starting segment from index:0
2019-09-19 09:01:06,651 [07108c51-6362-4208-ba6a-2f09d4071d3e:group-809A680518EA:LeaderElection64] INFO  segmented.SegmentedRaftLogWorker (SegmentedRaftLogWorker.java:startLogSegment(380)) - 07108c51-6362-4208-ba6a-2f09d4071d3e-SegmentedRaftLogWorker:Storage Directory /workdir/hadoop-ozone/integration-test/target/test-dir/MiniOzoneClusterImpl-d1f5ba66-8c72-4ad4-ac90-f92cf1c4e2b2/datanode-3/data/ratis/a29dde4f-f2d1-4ced-89db-809a680518ea: Starting segment from index:0
2019-09-19 09:01:06,651 [2c2b1180-bd06-4560-b4fa-2079d6381cde:group-184828499DE9:LeaderElection62] INFO  server.RaftServerConfigKeys (ConfUtils.java:logGet(43)) - raft.server.staging.catchup.gap = 1000 (default)
2019-09-19 09:01:06,651 [07108c51-6362-4208-ba6a-2f09d4071d3e:group-8B9B483D026D:LeaderElection63] INFO  server.RaftServerConfigKeys (ConfUtils.java:logGet(43)) - raft.server.rpc.sleep.time = 25ms (default)
2019-09-19 09:01:06,652 [07108c51-6362-4208-ba6a-2f09d4071d3e:group-B5CBC8649A07:LeaderElection65] INFO  impl.RaftServerImpl (ServerState.java:setRaftConf(361)) - 07108c51-6362-4208-ba6a-2f09d4071d3e:group-B5CBC8649A07 set configuration 0: [07108c51-6362-4208-ba6a-2f09d4071d3e:192.168.34.5:42339], old=null at 0
2019-09-19 09:01:06,652 [07108c51-6362-4208-ba6a-2f09d4071d3e:group-809A680518EA:LeaderElection64] INFO  impl.RaftServerImpl (ServerState.java:setRaftConf(361)) - 07108c51-6362-4208-ba6a-2f09d4071d3e:group-809A680518EA set configuration 0: [07108c51-6362-4208-ba6a-2f09d4071d3e:192.168.34.5:42339], old=null at 0
2019-09-19 09:01:06,652 [2c2b1180-bd06-4560-b4fa-2079d6381cde:group-184828499DE9:LeaderElection62] INFO  server.RaftServerConfigKeys (ConfUtils.java:logGet(43)) - raft.server.rpc.sleep.time = 25ms (default)
2019-09-19 09:01:06,652 [07108c51-6362-4208-ba6a-2f09d4071d3e:group-8B9B483D026D:LeaderElection63] INFO  server.RaftServerConfigKeys (ConfUtils.java:logGet(43)) - raft.server.write.element-limit = 4096 (default)
2019-09-19 09:01:06,694 | INFO  | SCMAudit | user=jenkins1000 | ip=192.168.34.5 | op=SEND_HEARTBEAT {datanodeUUID=5f513834-a5c3-47d7-b0df-0e7d236b5db1, command=[]} | ret=SUCCESS |  
2019-09-19 09:01:06,694 [2c2b1180-bd06-4560-b4fa-2079d6381cde:group-184828499DE9:LeaderElection62] INFO  server.RaftServerConfigKeys (ConfUtils.java:logGet(43)) - raft.server.write.element-limit = 4096 (default)
2019-09-19 09:01:06,695 [07108c51-6362-4208-ba6a-2f09d4071d3e:group-8B9B483D026D:LeaderElection63] INFO  server.RaftServerConfigKeys (ConfUtils.java:logGet(43)) - raft.server.watch.timeout = 10s (default)
2019-09-19 09:01:06,695 [2c2b1180-bd06-4560-b4fa-2079d6381cde:group-184828499DE9:LeaderElection62] INFO  server.RaftServerConfigKeys (ConfUtils.java:logGet(43)) - raft.server.watch.timeout = 10s (default)
2019-09-19 09:01:06,695 [07108c51-6362-4208-ba6a-2f09d4071d3e:group-8B9B483D026D:LeaderElection63] INFO  server.RaftServerConfigKeys (ConfUtils.java:logGet(43)) - raft.server.watch.timeout.denomination = 1s (default)
2019-09-19 09:01:06,695 [2c2b1180-bd06-4560-b4fa-2079d6381cde:group-184828499DE9:LeaderElection62] INFO  server.RaftServerConfigKeys (ConfUtils.java:logGet(43)) - raft.server.watch.timeout.denomination = 1s (default)
2019-09-19 09:01:06,695 [07108c51-6362-4208-ba6a-2f09d4071d3e:group-8B9B483D026D:LeaderElection63] INFO  server.RaftServerConfigKeys (ConfUtils.java:logGet(43)) - raft.server.watch.element-limit = 65536 (default)
2019-09-19 09:01:06,695 [2c2b1180-bd06-4560-b4fa-2079d6381cde:group-184828499DE9:LeaderElection62] INFO  server.RaftServerConfigKeys (ConfUtils.java:logGet(43)) - raft.server.watch.element-limit = 65536 (default)
2019-09-19 09:01:06,696 [07108c51-6362-4208-ba6a-2f09d4071d3e:group-8B9B483D026D:LeaderElection63] INFO  impl.RoleInfo (RoleInfo.java:updateAndGet(143)) - 07108c51-6362-4208-ba6a-2f09d4071d3e: start LeaderState
2019-09-19 09:01:06,696 [2c2b1180-bd06-4560-b4fa-2079d6381cde:group-184828499DE9:LeaderElection62] INFO  impl.RoleInfo (RoleInfo.java:updateAndGet(143)) - 2c2b1180-bd06-4560-b4fa-2079d6381cde: start LeaderState
2019-09-19 09:01:06,696 [07108c51-6362-4208-ba6a-2f09d4071d3e:group-8B9B483D026D:LeaderElection63] INFO  segmented.SegmentedRaftLogWorker (SegmentedRaftLogWorker.java:startLogSegment(380)) - 07108c51-6362-4208-ba6a-2f09d4071d3e-SegmentedRaftLogWorker:Storage Directory /workdir/hadoop-ozone/integration-test/target/test-dir/MiniOzoneClusterImpl-d1f5ba66-8c72-4ad4-ac90-f92cf1c4e2b2/datanode-3/data/ratis/f1ed5242-a011-470e-872e-8b9b483d026d: Starting segment from index:0
2019-09-19 09:01:06,696 [2c2b1180-bd06-4560-b4fa-2079d6381cde:group-184828499DE9:LeaderElection62] INFO  segmented.SegmentedRaftLogWorker (SegmentedRaftLogWorker.java:startLogSegment(380)) - 2c2b1180-bd06-4560-b4fa-2079d6381cde-SegmentedRaftLogWorker:Storage Directory /workdir/hadoop-ozone/integration-test/target/test-dir/MiniOzoneClusterImpl-d1f5ba66-8c72-4ad4-ac90-f92cf1c4e2b2/datanode-2/data/ratis/b2afbb55-c252-4cc5-ac14-184828499de9: Starting segment from index:0
2019-09-19 09:01:06,696 [07108c51-6362-4208-ba6a-2f09d4071d3e:group-8B9B483D026D:LeaderElection63] INFO  impl.RaftServerImpl (ServerState.java:setRaftConf(361)) - 07108c51-6362-4208-ba6a-2f09d4071d3e:group-8B9B483D026D set configuration 0: [07108c51-6362-4208-ba6a-2f09d4071d3e:192.168.34.5:42339], old=null at 0
2019-09-19 09:01:06,697 [2c2b1180-bd06-4560-b4fa-2079d6381cde:group-184828499DE9:LeaderElection62] INFO  impl.RaftServerImpl (ServerState.java:setRaftConf(361)) - 2c2b1180-bd06-4560-b4fa-2079d6381cde:group-184828499DE9 set configuration 0: [2c2b1180-bd06-4560-b4fa-2079d6381cde:192.168.34.5:43364], old=null at 0
2019-09-19 09:01:06,735 [07108c51-6362-4208-ba6a-2f09d4071d3e-SegmentedRaftLogWorker:Storage Directory /workdir/hadoop-ozone/integration-test/target/test-dir/MiniOzoneClusterImpl-d1f5ba66-8c72-4ad4-ac90-f92cf1c4e2b2/datanode-3/data/ratis/3433cef8-b1d0-4e4e-859f-b5cbc8649a07] INFO  segmented.SegmentedRaftLogWorker (SegmentedRaftLogWorker.java:execute(569)) - 07108c51-6362-4208-ba6a-2f09d4071d3e-SegmentedRaftLogWorker:Storage Directory /workdir/hadoop-ozone/integration-test/target/test-dir/MiniOzoneClusterImpl-d1f5ba66-8c72-4ad4-ac90-f92cf1c4e2b2/datanode-3/data/ratis/3433cef8-b1d0-4e4e-859f-b5cbc8649a07: created new log segment /workdir/hadoop-ozone/integration-test/target/test-dir/MiniOzoneClusterImpl-d1f5ba66-8c72-4ad4-ac90-f92cf1c4e2b2/datanode-3/data/ratis/3433cef8-b1d0-4e4e-859f-b5cbc8649a07/current/log_inprogress_0
2019-09-19 09:01:06,735 [07108c51-6362-4208-ba6a-2f09d4071d3e-SegmentedRaftLogWorker:Storage Directory /workdir/hadoop-ozone/integration-test/target/test-dir/MiniOzoneClusterImpl-d1f5ba66-8c72-4ad4-ac90-f92cf1c4e2b2/datanode-3/data/ratis/a29dde4f-f2d1-4ced-89db-809a680518ea] INFO  segmented.SegmentedRaftLogWorker (SegmentedRaftLogWorker.java:execute(569)) - 07108c51-6362-4208-ba6a-2f09d4071d3e-SegmentedRaftLogWorker:Storage Directory /workdir/hadoop-ozone/integration-test/target/test-dir/MiniOzoneClusterImpl-d1f5ba66-8c72-4ad4-ac90-f92cf1c4e2b2/datanode-3/data/ratis/a29dde4f-f2d1-4ced-89db-809a680518ea: created new log segment /workdir/hadoop-ozone/integration-test/target/test-dir/MiniOzoneClusterImpl-d1f5ba66-8c72-4ad4-ac90-f92cf1c4e2b2/datanode-3/data/ratis/a29dde4f-f2d1-4ced-89db-809a680518ea/current/log_inprogress_0
2019-09-19 09:01:06,748 [2c2b1180-bd06-4560-b4fa-2079d6381cde-SegmentedRaftLogWorker:Storage Directory /workdir/hadoop-ozone/integration-test/target/test-dir/MiniOzoneClusterImpl-d1f5ba66-8c72-4ad4-ac90-f92cf1c4e2b2/datanode-2/data/ratis/b2afbb55-c252-4cc5-ac14-184828499de9] INFO  segmented.SegmentedRaftLogWorker (SegmentedRaftLogWorker.java:execute(569)) - 2c2b1180-bd06-4560-b4fa-2079d6381cde-SegmentedRaftLogWorker:Storage Directory /workdir/hadoop-ozone/integration-test/target/test-dir/MiniOzoneClusterImpl-d1f5ba66-8c72-4ad4-ac90-f92cf1c4e2b2/datanode-2/data/ratis/b2afbb55-c252-4cc5-ac14-184828499de9: created new log segment /workdir/hadoop-ozone/integration-test/target/test-dir/MiniOzoneClusterImpl-d1f5ba66-8c72-4ad4-ac90-f92cf1c4e2b2/datanode-2/data/ratis/b2afbb55-c252-4cc5-ac14-184828499de9/current/log_inprogress_0
2019-09-19 09:01:06,748 [07108c51-6362-4208-ba6a-2f09d4071d3e-SegmentedRaftLogWorker:Storage Directory /workdir/hadoop-ozone/integration-test/target/test-dir/MiniOzoneClusterImpl-d1f5ba66-8c72-4ad4-ac90-f92cf1c4e2b2/datanode-3/data/ratis/f1ed5242-a011-470e-872e-8b9b483d026d] INFO  segmented.SegmentedRaftLogWorker (SegmentedRaftLogWorker.java:execute(569)) - 07108c51-6362-4208-ba6a-2f09d4071d3e-SegmentedRaftLogWorker:Storage Directory /workdir/hadoop-ozone/integration-test/target/test-dir/MiniOzoneClusterImpl-d1f5ba66-8c72-4ad4-ac90-f92cf1c4e2b2/datanode-3/data/ratis/f1ed5242-a011-470e-872e-8b9b483d026d: created new log segment /workdir/hadoop-ozone/integration-test/target/test-dir/MiniOzoneClusterImpl-d1f5ba66-8c72-4ad4-ac90-f92cf1c4e2b2/datanode-3/data/ratis/f1ed5242-a011-470e-872e-8b9b483d026d/current/log_inprogress_0
2019-09-19 09:01:06,800 [Thread-750] INFO  impl.FollowerState (FollowerState.java:run(106)) - 07108c51-6362-4208-ba6a-2f09d4071d3e:group-C4D1DE44CD61 changes to CANDIDATE, lastRpcTime:5167, electionTimeout:5167ms
2019-09-19 09:01:06,800 [Thread-750] INFO  impl.RoleInfo (RoleInfo.java:shutdownFollowerState(121)) - 07108c51-6362-4208-ba6a-2f09d4071d3e: shutdown FollowerState
2019-09-19 09:01:06,800 [Thread-750] INFO  impl.RaftServerImpl (RaftServerImpl.java:setRole(171)) - 07108c51-6362-4208-ba6a-2f09d4071d3e:group-C4D1DE44CD61 changes role from FOLLOWER to CANDIDATE at term 0 for changeToCandidate
2019-09-19 09:01:06,800 [Thread-750] INFO  impl.RoleInfo (RoleInfo.java:updateAndGet(143)) - 07108c51-6362-4208-ba6a-2f09d4071d3e: start LeaderElection
2019-09-19 09:01:06,814 [07108c51-6362-4208-ba6a-2f09d4071d3e:group-C4D1DE44CD61:LeaderElection66] INFO  impl.LeaderElection (LeaderElection.java:askForVotes(181)) - 07108c51-6362-4208-ba6a-2f09d4071d3e:group-C4D1DE44CD61:LeaderElection66: begin an election at term 1 for -1: [07108c51-6362-4208-ba6a-2f09d4071d3e:192.168.34.5:42339], old=null
2019-09-19 09:01:06,814 [07108c51-6362-4208-ba6a-2f09d4071d3e:group-C4D1DE44CD61:LeaderElection66] INFO  impl.RoleInfo (RoleInfo.java:shutdownLeaderElection(134)) - 07108c51-6362-4208-ba6a-2f09d4071d3e: shutdown LeaderElection
2019-09-19 09:01:06,815 [07108c51-6362-4208-ba6a-2f09d4071d3e:group-C4D1DE44CD61:LeaderElection66] INFO  impl.RaftServerImpl (RaftServerImpl.java:setRole(171)) - 07108c51-6362-4208-ba6a-2f09d4071d3e:group-C4D1DE44CD61 changes role from CANDIDATE to LEADER at term 1 for changeToLeader
2019-09-19 09:01:06,815 [07108c51-6362-4208-ba6a-2f09d4071d3e:group-C4D1DE44CD61:LeaderElection66] INFO  impl.RaftServerImpl (ServerState.java:setLeader(263)) - 07108c51-6362-4208-ba6a-2f09d4071d3e:group-C4D1DE44CD61 change Leader from null to 07108c51-6362-4208-ba6a-2f09d4071d3e at term 1 for becomeLeader, leader elected after 5185ms
2019-09-19 09:01:06,815 [07108c51-6362-4208-ba6a-2f09d4071d3e:group-C4D1DE44CD61:LeaderElection66] INFO  server.RaftServerConfigKeys (ConfUtils.java:logGet(43)) - raft.server.staging.catchup.gap = 1000 (default)
2019-09-19 09:01:06,815 [07108c51-6362-4208-ba6a-2f09d4071d3e:group-C4D1DE44CD61:LeaderElection66] INFO  server.RaftServerConfigKeys (ConfUtils.java:logGet(43)) - raft.server.rpc.sleep.time = 25ms (default)
2019-09-19 09:01:06,815 [07108c51-6362-4208-ba6a-2f09d4071d3e:group-C4D1DE44CD61:LeaderElection66] INFO  server.RaftServerConfigKeys (ConfUtils.java:logGet(43)) - raft.server.write.element-limit = 4096 (default)
2019-09-19 09:01:06,815 [07108c51-6362-4208-ba6a-2f09d4071d3e:group-C4D1DE44CD61:LeaderElection66] INFO  server.RaftServerConfigKeys (ConfUtils.java:logGet(43)) - raft.server.watch.timeout = 10s (default)
2019-09-19 09:01:06,816 [07108c51-6362-4208-ba6a-2f09d4071d3e:group-C4D1DE44CD61:LeaderElection66] INFO  server.RaftServerConfigKeys (ConfUtils.java:logGet(43)) - raft.server.watch.timeout.denomination = 1s (default)
2019-09-19 09:01:06,816 [07108c51-6362-4208-ba6a-2f09d4071d3e:group-C4D1DE44CD61:LeaderElection66] INFO  server.RaftServerConfigKeys (ConfUtils.java:logGet(43)) - raft.server.watch.element-limit = 65536 (default)
2019-09-19 09:01:06,816 [07108c51-6362-4208-ba6a-2f09d4071d3e:group-C4D1DE44CD61:LeaderElection66] INFO  impl.RoleInfo (RoleInfo.java:updateAndGet(143)) - 07108c51-6362-4208-ba6a-2f09d4071d3e: start LeaderState
2019-09-19 09:01:06,816 [07108c51-6362-4208-ba6a-2f09d4071d3e:group-C4D1DE44CD61:LeaderElection66] INFO  segmented.SegmentedRaftLogWorker (SegmentedRaftLogWorker.java:startLogSegment(380)) - 07108c51-6362-4208-ba6a-2f09d4071d3e-SegmentedRaftLogWorker:Storage Directory /workdir/hadoop-ozone/integration-test/target/test-dir/MiniOzoneClusterImpl-d1f5ba66-8c72-4ad4-ac90-f92cf1c4e2b2/datanode-3/data/ratis/a2e8756f-a606-4319-827d-c4d1de44cd61: Starting segment from index:0
2019-09-19 09:01:06,817 [07108c51-6362-4208-ba6a-2f09d4071d3e:group-C4D1DE44CD61:LeaderElection66] INFO  impl.RaftServerImpl (ServerState.java:setRaftConf(361)) - 07108c51-6362-4208-ba6a-2f09d4071d3e:group-C4D1DE44CD61 set configuration 0: [07108c51-6362-4208-ba6a-2f09d4071d3e:192.168.34.5:42339], old=null at 0
2019-09-19 09:01:06,860 | INFO  | SCMAudit | user=jenkins1000 | ip=192.168.34.5 | op=SEND_HEARTBEAT {datanodeUUID=2c2b1180-bd06-4560-b4fa-2079d6381cde, command=[]} | ret=SUCCESS |  
2019-09-19 09:01:06,866 [Thread-753] INFO  impl.FollowerState (FollowerState.java:run(106)) - 07108c51-6362-4208-ba6a-2f09d4071d3e:group-2C74025D7DE3 changes to CANDIDATE, lastRpcTime:5189, electionTimeout:5189ms
2019-09-19 09:01:06,866 [Thread-753] INFO  impl.RoleInfo (RoleInfo.java:shutdownFollowerState(121)) - 07108c51-6362-4208-ba6a-2f09d4071d3e: shutdown FollowerState
2019-09-19 09:01:06,867 [Thread-753] INFO  impl.RaftServerImpl (RaftServerImpl.java:setRole(171)) - 07108c51-6362-4208-ba6a-2f09d4071d3e:group-2C74025D7DE3 changes role from FOLLOWER to CANDIDATE at term 0 for changeToCandidate
2019-09-19 09:01:06,867 [Thread-753] INFO  impl.RoleInfo (RoleInfo.java:updateAndGet(143)) - 07108c51-6362-4208-ba6a-2f09d4071d3e: start LeaderElection
2019-09-19 09:01:06,871 [07108c51-6362-4208-ba6a-2f09d4071d3e-SegmentedRaftLogWorker:Storage Directory /workdir/hadoop-ozone/integration-test/target/test-dir/MiniOzoneClusterImpl-d1f5ba66-8c72-4ad4-ac90-f92cf1c4e2b2/datanode-3/data/ratis/a2e8756f-a606-4319-827d-c4d1de44cd61] INFO  segmented.SegmentedRaftLogWorker (SegmentedRaftLogWorker.java:execute(569)) - 07108c51-6362-4208-ba6a-2f09d4071d3e-SegmentedRaftLogWorker:Storage Directory /workdir/hadoop-ozone/integration-test/target/test-dir/MiniOzoneClusterImpl-d1f5ba66-8c72-4ad4-ac90-f92cf1c4e2b2/datanode-3/data/ratis/a2e8756f-a606-4319-827d-c4d1de44cd61: created new log segment /workdir/hadoop-ozone/integration-test/target/test-dir/MiniOzoneClusterImpl-d1f5ba66-8c72-4ad4-ac90-f92cf1c4e2b2/datanode-3/data/ratis/a2e8756f-a606-4319-827d-c4d1de44cd61/current/log_inprogress_0
2019-09-19 09:01:06,871 [07108c51-6362-4208-ba6a-2f09d4071d3e:group-2C74025D7DE3:LeaderElection67] INFO  impl.LeaderElection (LeaderElection.java:askForVotes(181)) - 07108c51-6362-4208-ba6a-2f09d4071d3e:group-2C74025D7DE3:LeaderElection67: begin an election at term 1 for -1: [07108c51-6362-4208-ba6a-2f09d4071d3e:192.168.34.5:42339], old=null
2019-09-19 09:01:06,871 [07108c51-6362-4208-ba6a-2f09d4071d3e:group-2C74025D7DE3:LeaderElection67] INFO  impl.RoleInfo (RoleInfo.java:shutdownLeaderElection(134)) - 07108c51-6362-4208-ba6a-2f09d4071d3e: shutdown LeaderElection
2019-09-19 09:01:06,871 [07108c51-6362-4208-ba6a-2f09d4071d3e:group-2C74025D7DE3:LeaderElection67] INFO  impl.RaftServerImpl (RaftServerImpl.java:setRole(171)) - 07108c51-6362-4208-ba6a-2f09d4071d3e:group-2C74025D7DE3 changes role from CANDIDATE to LEADER at term 1 for changeToLeader
2019-09-19 09:01:06,872 [07108c51-6362-4208-ba6a-2f09d4071d3e:group-2C74025D7DE3:LeaderElection67] INFO  impl.RaftServerImpl (ServerState.java:setLeader(263)) - 07108c51-6362-4208-ba6a-2f09d4071d3e:group-2C74025D7DE3 change Leader from null to 07108c51-6362-4208-ba6a-2f09d4071d3e at term 1 for becomeLeader, leader elected after 5197ms
2019-09-19 09:01:06,872 [07108c51-6362-4208-ba6a-2f09d4071d3e:group-2C74025D7DE3:LeaderElection67] INFO  server.RaftServerConfigKeys (ConfUtils.java:logGet(43)) - raft.server.staging.catchup.gap = 1000 (default)
2019-09-19 09:01:06,872 [07108c51-6362-4208-ba6a-2f09d4071d3e:group-2C74025D7DE3:LeaderElection67] INFO  server.RaftServerConfigKeys (ConfUtils.java:logGet(43)) - raft.server.rpc.sleep.time = 25ms (default)
2019-09-19 09:01:06,872 [07108c51-6362-4208-ba6a-2f09d4071d3e:group-2C74025D7DE3:LeaderElection67] INFO  server.RaftServerConfigKeys (ConfUtils.java:logGet(43)) - raft.server.write.element-limit = 4096 (default)
2019-09-19 09:01:06,872 [07108c51-6362-4208-ba6a-2f09d4071d3e:group-2C74025D7DE3:LeaderElection67] INFO  server.RaftServerConfigKeys (ConfUtils.java:logGet(43)) - raft.server.watch.timeout = 10s (default)
2019-09-19 09:01:06,872 [07108c51-6362-4208-ba6a-2f09d4071d3e:group-2C74025D7DE3:LeaderElection67] INFO  server.RaftServerConfigKeys (ConfUtils.java:logGet(43)) - raft.server.watch.timeout.denomination = 1s (default)
2019-09-19 09:01:06,873 [07108c51-6362-4208-ba6a-2f09d4071d3e:group-2C74025D7DE3:LeaderElection67] INFO  server.RaftServerConfigKeys (ConfUtils.java:logGet(43)) - raft.server.watch.element-limit = 65536 (default)
2019-09-19 09:01:06,873 [07108c51-6362-4208-ba6a-2f09d4071d3e:group-2C74025D7DE3:LeaderElection67] INFO  impl.RoleInfo (RoleInfo.java:updateAndGet(143)) - 07108c51-6362-4208-ba6a-2f09d4071d3e: start LeaderState
2019-09-19 09:01:06,873 [07108c51-6362-4208-ba6a-2f09d4071d3e:group-2C74025D7DE3:LeaderElection67] INFO  segmented.SegmentedRaftLogWorker (SegmentedRaftLogWorker.java:startLogSegment(380)) - 07108c51-6362-4208-ba6a-2f09d4071d3e-SegmentedRaftLogWorker:Storage Directory /workdir/hadoop-ozone/integration-test/target/test-dir/MiniOzoneClusterImpl-d1f5ba66-8c72-4ad4-ac90-f92cf1c4e2b2/datanode-3/data/ratis/91cf1c4f-8738-4cea-8938-2c74025d7de3: Starting segment from index:0
2019-09-19 09:01:06,874 [07108c51-6362-4208-ba6a-2f09d4071d3e:group-2C74025D7DE3:LeaderElection67] INFO  impl.RaftServerImpl (ServerState.java:setRaftConf(361)) - 07108c51-6362-4208-ba6a-2f09d4071d3e:group-2C74025D7DE3 set configuration 0: [07108c51-6362-4208-ba6a-2f09d4071d3e:192.168.34.5:42339], old=null at 0
2019-09-19 09:01:06,910 [Thread-768] INFO  impl.FollowerState (FollowerState.java:run(106)) - 5f513834-a5c3-47d7-b0df-0e7d236b5db1:group-F4A24B0C915C changes to CANDIDATE, lastRpcTime:5024, electionTimeout:5011ms
2019-09-19 09:01:06,910 [Thread-768] INFO  impl.RoleInfo (RoleInfo.java:shutdownFollowerState(121)) - 5f513834-a5c3-47d7-b0df-0e7d236b5db1: shutdown FollowerState
2019-09-19 09:01:06,910 [Thread-759] INFO  impl.FollowerState (FollowerState.java:run(106)) - d6702a85-6b54-4735-8444-02a36c5ec6eb:group-E36D248BE40E changes to CANDIDATE, lastRpcTime:5159, electionTimeout:5139ms
2019-09-19 09:01:06,910 [Thread-768] INFO  impl.RaftServerImpl (RaftServerImpl.java:setRole(171)) - 5f513834-a5c3-47d7-b0df-0e7d236b5db1:group-F4A24B0C915C changes role from FOLLOWER to CANDIDATE at term 0 for changeToCandidate
2019-09-19 09:01:06,910 [Thread-759] INFO  impl.RoleInfo (RoleInfo.java:shutdownFollowerState(121)) - d6702a85-6b54-4735-8444-02a36c5ec6eb: shutdown FollowerState
2019-09-19 09:01:06,910 [Thread-768] INFO  impl.RoleInfo (RoleInfo.java:updateAndGet(143)) - 5f513834-a5c3-47d7-b0df-0e7d236b5db1: start LeaderElection
2019-09-19 09:01:06,910 [Thread-759] INFO  impl.RaftServerImpl (RaftServerImpl.java:setRole(171)) - d6702a85-6b54-4735-8444-02a36c5ec6eb:group-E36D248BE40E changes role from FOLLOWER to CANDIDATE at term 0 for changeToCandidate
2019-09-19 09:01:06,911 [Thread-759] INFO  impl.RoleInfo (RoleInfo.java:updateAndGet(143)) - d6702a85-6b54-4735-8444-02a36c5ec6eb: start LeaderElection
2019-09-19 09:01:06,911 | INFO  | SCMAudit | user=jenkins1000 | ip=192.168.34.5 | op=SEND_HEARTBEAT {datanodeUUID=beb77c57-4e80-4e72-9c15-fb8c3304f28a, command=[]} | ret=SUCCESS |  
2019-09-19 09:01:06,914 [Thread-756] INFO  impl.FollowerState (FollowerState.java:run(106)) - d6702a85-6b54-4735-8444-02a36c5ec6eb:group-4DD614BFE43F changes to CANDIDATE, lastRpcTime:5195, electionTimeout:5195ms
2019-09-19 09:01:06,914 [Thread-756] INFO  impl.RoleInfo (RoleInfo.java:shutdownFollowerState(121)) - d6702a85-6b54-4735-8444-02a36c5ec6eb: shutdown FollowerState
2019-09-19 09:01:06,914 [Thread-756] INFO  impl.RaftServerImpl (RaftServerImpl.java:setRole(171)) - d6702a85-6b54-4735-8444-02a36c5ec6eb:group-4DD614BFE43F changes role from FOLLOWER to CANDIDATE at term 0 for changeToCandidate
2019-09-19 09:01:06,915 [Thread-756] INFO  impl.RoleInfo (RoleInfo.java:updateAndGet(143)) - d6702a85-6b54-4735-8444-02a36c5ec6eb: start LeaderElection
2019-09-19 09:01:06,922 [07108c51-6362-4208-ba6a-2f09d4071d3e-SegmentedRaftLogWorker:Storage Directory /workdir/hadoop-ozone/integration-test/target/test-dir/MiniOzoneClusterImpl-d1f5ba66-8c72-4ad4-ac90-f92cf1c4e2b2/datanode-3/data/ratis/91cf1c4f-8738-4cea-8938-2c74025d7de3] INFO  segmented.SegmentedRaftLogWorker (SegmentedRaftLogWorker.java:execute(569)) - 07108c51-6362-4208-ba6a-2f09d4071d3e-SegmentedRaftLogWorker:Storage Directory /workdir/hadoop-ozone/integration-test/target/test-dir/MiniOzoneClusterImpl-d1f5ba66-8c72-4ad4-ac90-f92cf1c4e2b2/datanode-3/data/ratis/91cf1c4f-8738-4cea-8938-2c74025d7de3: created new log segment /workdir/hadoop-ozone/integration-test/target/test-dir/MiniOzoneClusterImpl-d1f5ba66-8c72-4ad4-ac90-f92cf1c4e2b2/datanode-3/data/ratis/91cf1c4f-8738-4cea-8938-2c74025d7de3/current/log_inprogress_0
2019-09-19 09:01:06,923 [d6702a85-6b54-4735-8444-02a36c5ec6eb:group-E36D248BE40E:LeaderElection69] INFO  impl.LeaderElection (LeaderElection.java:askForVotes(181)) - d6702a85-6b54-4735-8444-02a36c5ec6eb:group-E36D248BE40E:LeaderElection69: begin an election at term 1 for -1: [d6702a85-6b54-4735-8444-02a36c5ec6eb:192.168.34.5:38063], old=null
2019-09-19 09:01:06,922 [5f513834-a5c3-47d7-b0df-0e7d236b5db1:group-F4A24B0C915C:LeaderElection68] INFO  impl.LeaderElection (LeaderElection.java:askForVotes(181)) - 5f513834-a5c3-47d7-b0df-0e7d236b5db1:group-F4A24B0C915C:LeaderElection68: begin an election at term 1 for -1: [5f513834-a5c3-47d7-b0df-0e7d236b5db1:192.168.34.5:42989], old=null
2019-09-19 09:01:06,923 [d6702a85-6b54-4735-8444-02a36c5ec6eb:group-4DD614BFE43F:LeaderElection70] INFO  impl.LeaderElection (LeaderElection.java:askForVotes(181)) - d6702a85-6b54-4735-8444-02a36c5ec6eb:group-4DD614BFE43F:LeaderElection70: begin an election at term 1 for -1: [d6702a85-6b54-4735-8444-02a36c5ec6eb:192.168.34.5:38063], old=null
2019-09-19 09:01:06,923 [5f513834-a5c3-47d7-b0df-0e7d236b5db1:group-F4A24B0C915C:LeaderElection68] INFO  impl.RoleInfo (RoleInfo.java:shutdownLeaderElection(134)) - 5f513834-a5c3-47d7-b0df-0e7d236b5db1: shutdown LeaderElection
2019-09-19 09:01:06,923 [d6702a85-6b54-4735-8444-02a36c5ec6eb:group-E36D248BE40E:LeaderElection69] INFO  impl.RoleInfo (RoleInfo.java:shutdownLeaderElection(134)) - d6702a85-6b54-4735-8444-02a36c5ec6eb: shutdown LeaderElection
2019-09-19 09:01:06,923 [5f513834-a5c3-47d7-b0df-0e7d236b5db1:group-F4A24B0C915C:LeaderElection68] INFO  impl.RaftServerImpl (RaftServerImpl.java:setRole(171)) - 5f513834-a5c3-47d7-b0df-0e7d236b5db1:group-F4A24B0C915C changes role from CANDIDATE to LEADER at term 1 for changeToLeader
2019-09-19 09:01:06,923 [5f513834-a5c3-47d7-b0df-0e7d236b5db1:group-F4A24B0C915C:LeaderElection68] INFO  impl.RaftServerImpl (ServerState.java:setLeader(263)) - 5f513834-a5c3-47d7-b0df-0e7d236b5db1:group-F4A24B0C915C change Leader from null to 5f513834-a5c3-47d7-b0df-0e7d236b5db1 at term 1 for becomeLeader, leader elected after 5040ms
2019-09-19 09:01:06,923 [d6702a85-6b54-4735-8444-02a36c5ec6eb:group-4DD614BFE43F:LeaderElection70] INFO  impl.RoleInfo (RoleInfo.java:shutdownLeaderElection(134)) - d6702a85-6b54-4735-8444-02a36c5ec6eb: shutdown LeaderElection
2019-09-19 09:01:06,923 [5f513834-a5c3-47d7-b0df-0e7d236b5db1:group-F4A24B0C915C:LeaderElection68] INFO  server.RaftServerConfigKeys (ConfUtils.java:logGet(43)) - raft.server.staging.catchup.gap = 1000 (default)
2019-09-19 09:01:06,924 [5f513834-a5c3-47d7-b0df-0e7d236b5db1:group-F4A24B0C915C:LeaderElection68] INFO  server.RaftServerConfigKeys (ConfUtils.java:logGet(43)) - raft.server.rpc.sleep.time = 25ms (default)
2019-09-19 09:01:06,923 [d6702a85-6b54-4735-8444-02a36c5ec6eb:group-E36D248BE40E:LeaderElection69] INFO  impl.RaftServerImpl (RaftServerImpl.java:setRole(171)) - d6702a85-6b54-4735-8444-02a36c5ec6eb:group-E36D248BE40E changes role from CANDIDATE to LEADER at term 1 for changeToLeader
2019-09-19 09:01:06,924 [5f513834-a5c3-47d7-b0df-0e7d236b5db1:group-F4A24B0C915C:LeaderElection68] INFO  server.RaftServerConfigKeys (ConfUtils.java:logGet(43)) - raft.server.write.element-limit = 4096 (default)
2019-09-19 09:01:06,924 [d6702a85-6b54-4735-8444-02a36c5ec6eb:group-4DD614BFE43F:LeaderElection70] INFO  impl.RaftServerImpl (RaftServerImpl.java:setRole(171)) - d6702a85-6b54-4735-8444-02a36c5ec6eb:group-4DD614BFE43F changes role from CANDIDATE to LEADER at term 1 for changeToLeader
2019-09-19 09:01:06,924 [5f513834-a5c3-47d7-b0df-0e7d236b5db1:group-F4A24B0C915C:LeaderElection68] INFO  server.RaftServerConfigKeys (ConfUtils.java:logGet(43)) - raft.server.watch.timeout = 10s (default)
2019-09-19 09:01:06,924 [d6702a85-6b54-4735-8444-02a36c5ec6eb:group-E36D248BE40E:LeaderElection69] INFO  impl.RaftServerImpl (ServerState.java:setLeader(263)) - d6702a85-6b54-4735-8444-02a36c5ec6eb:group-E36D248BE40E change Leader from null to d6702a85-6b54-4735-8444-02a36c5ec6eb at term 1 for becomeLeader, leader elected after 5177ms
2019-09-19 09:01:06,924 [5f513834-a5c3-47d7-b0df-0e7d236b5db1:group-F4A24B0C915C:LeaderElection68] INFO  server.RaftServerConfigKeys (ConfUtils.java:logGet(43)) - raft.server.watch.timeout.denomination = 1s (default)
2019-09-19 09:01:06,924 [d6702a85-6b54-4735-8444-02a36c5ec6eb:group-4DD614BFE43F:LeaderElection70] INFO  impl.RaftServerImpl (ServerState.java:setLeader(263)) - d6702a85-6b54-4735-8444-02a36c5ec6eb:group-4DD614BFE43F change Leader from null to d6702a85-6b54-4735-8444-02a36c5ec6eb at term 1 for becomeLeader, leader elected after 5209ms
2019-09-19 09:01:06,924 [5f513834-a5c3-47d7-b0df-0e7d236b5db1:group-F4A24B0C915C:LeaderElection68] INFO  server.RaftServerConfigKeys (ConfUtils.java:logGet(43)) - raft.server.watch.element-limit = 65536 (default)
2019-09-19 09:01:06,924 [d6702a85-6b54-4735-8444-02a36c5ec6eb:group-E36D248BE40E:LeaderElection69] INFO  server.RaftServerConfigKeys (ConfUtils.java:logGet(43)) - raft.server.staging.catchup.gap = 1000 (default)
2019-09-19 09:01:06,925 [d6702a85-6b54-4735-8444-02a36c5ec6eb:group-E36D248BE40E:LeaderElection69] INFO  server.RaftServerConfigKeys (ConfUtils.java:logGet(43)) - raft.server.rpc.sleep.time = 25ms (default)
2019-09-19 09:01:06,925 [d6702a85-6b54-4735-8444-02a36c5ec6eb:group-4DD614BFE43F:LeaderElection70] INFO  server.RaftServerConfigKeys (ConfUtils.java:logGet(43)) - raft.server.staging.catchup.gap = 1000 (default)
2019-09-19 09:01:06,925 [d6702a85-6b54-4735-8444-02a36c5ec6eb:group-E36D248BE40E:LeaderElection69] INFO  server.RaftServerConfigKeys (ConfUtils.java:logGet(43)) - raft.server.write.element-limit = 4096 (default)
2019-09-19 09:01:06,925 [5f513834-a5c3-47d7-b0df-0e7d236b5db1:group-F4A24B0C915C:LeaderElection68] INFO  impl.RoleInfo (RoleInfo.java:updateAndGet(143)) - 5f513834-a5c3-47d7-b0df-0e7d236b5db1: start LeaderState
2019-09-19 09:01:06,925 [d6702a85-6b54-4735-8444-02a36c5ec6eb:group-E36D248BE40E:LeaderElection69] INFO  server.RaftServerConfigKeys (ConfUtils.java:logGet(43)) - raft.server.watch.timeout = 10s (default)
2019-09-19 09:01:06,925 [d6702a85-6b54-4735-8444-02a36c5ec6eb:group-4DD614BFE43F:LeaderElection70] INFO  server.RaftServerConfigKeys (ConfUtils.java:logGet(43)) - raft.server.rpc.sleep.time = 25ms (default)
2019-09-19 09:01:06,925 [d6702a85-6b54-4735-8444-02a36c5ec6eb:group-E36D248BE40E:LeaderElection69] INFO  server.RaftServerConfigKeys (ConfUtils.java:logGet(43)) - raft.server.watch.timeout.denomination = 1s (default)
2019-09-19 09:01:06,925 [5f513834-a5c3-47d7-b0df-0e7d236b5db1:group-F4A24B0C915C:LeaderElection68] INFO  segmented.SegmentedRaftLogWorker (SegmentedRaftLogWorker.java:startLogSegment(380)) - 5f513834-a5c3-47d7-b0df-0e7d236b5db1-SegmentedRaftLogWorker:Storage Directory /workdir/hadoop-ozone/integration-test/target/test-dir/MiniOzoneClusterImpl-d1f5ba66-8c72-4ad4-ac90-f92cf1c4e2b2/datanode-5/data/ratis/1296f89f-36a6-4a11-9aa1-f4a24b0c915c: Starting segment from index:0
2019-09-19 09:01:06,926 [d6702a85-6b54-4735-8444-02a36c5ec6eb:group-E36D248BE40E:LeaderElection69] INFO  server.RaftServerConfigKeys (ConfUtils.java:logGet(43)) - raft.server.watch.element-limit = 65536 (default)
2019-09-19 09:01:06,925 [d6702a85-6b54-4735-8444-02a36c5ec6eb:group-4DD614BFE43F:LeaderElection70] INFO  server.RaftServerConfigKeys (ConfUtils.java:logGet(43)) - raft.server.write.element-limit = 4096 (default)
2019-09-19 09:01:06,926 [5f513834-a5c3-47d7-b0df-0e7d236b5db1:group-F4A24B0C915C:LeaderElection68] INFO  impl.RaftServerImpl (ServerState.java:setRaftConf(361)) - 5f513834-a5c3-47d7-b0df-0e7d236b5db1:group-F4A24B0C915C set configuration 0: [5f513834-a5c3-47d7-b0df-0e7d236b5db1:192.168.34.5:42989], old=null at 0
2019-09-19 09:01:06,926 [d6702a85-6b54-4735-8444-02a36c5ec6eb:group-E36D248BE40E:LeaderElection69] INFO  impl.RoleInfo (RoleInfo.java:updateAndGet(143)) - d6702a85-6b54-4735-8444-02a36c5ec6eb: start LeaderState
2019-09-19 09:01:06,960 [Thread-762] INFO  impl.FollowerState (FollowerState.java:run(106)) - d6702a85-6b54-4735-8444-02a36c5ec6eb:group-1AEFAF0D654D changes to CANDIDATE, lastRpcTime:5162, electionTimeout:5131ms
2019-09-19 09:01:06,960 [Thread-765] INFO  impl.FollowerState (FollowerState.java:run(106)) - d6702a85-6b54-4735-8444-02a36c5ec6eb:group-88D2CD825C4E changes to CANDIDATE, lastRpcTime:5123, electionTimeout:5110ms
2019-09-19 09:01:06,961 [Thread-765] INFO  impl.RoleInfo (RoleInfo.java:shutdownFollowerState(121)) - d6702a85-6b54-4735-8444-02a36c5ec6eb: shutdown FollowerState
2019-09-19 09:01:06,926 [d6702a85-6b54-4735-8444-02a36c5ec6eb:group-4DD614BFE43F:LeaderElection70] INFO  server.RaftServerConfigKeys (ConfUtils.java:logGet(43)) - raft.server.watch.timeout = 10s (default)
2019-09-19 09:01:06,961 [Thread-765] INFO  impl.RaftServerImpl (RaftServerImpl.java:setRole(171)) - d6702a85-6b54-4735-8444-02a36c5ec6eb:group-88D2CD825C4E changes role from FOLLOWER to CANDIDATE at term 0 for changeToCandidate
2019-09-19 09:01:06,960 [Thread-762] INFO  impl.RoleInfo (RoleInfo.java:shutdownFollowerState(121)) - d6702a85-6b54-4735-8444-02a36c5ec6eb: shutdown FollowerState
2019-09-19 09:01:06,960 [d6702a85-6b54-4735-8444-02a36c5ec6eb:group-E36D248BE40E:LeaderElection69] INFO  segmented.SegmentedRaftLogWorker (SegmentedRaftLogWorker.java:startLogSegment(380)) - d6702a85-6b54-4735-8444-02a36c5ec6eb-SegmentedRaftLogWorker:Storage Directory /workdir/hadoop-ozone/integration-test/target/test-dir/MiniOzoneClusterImpl-d1f5ba66-8c72-4ad4-ac90-f92cf1c4e2b2/datanode-4/data/ratis/6110bbfa-80ae-4a72-809a-e36d248be40e: Starting segment from index:0
2019-09-19 09:01:06,961 [Thread-762] INFO  impl.RaftServerImpl (RaftServerImpl.java:setRole(171)) - d6702a85-6b54-4735-8444-02a36c5ec6eb:group-1AEFAF0D654D changes role from FOLLOWER to CANDIDATE at term 0 for changeToCandidate
2019-09-19 09:01:06,961 [Thread-765] INFO  impl.RoleInfo (RoleInfo.java:updateAndGet(143)) - d6702a85-6b54-4735-8444-02a36c5ec6eb: start LeaderElection
2019-09-19 09:01:06,961 [d6702a85-6b54-4735-8444-02a36c5ec6eb:group-4DD614BFE43F:LeaderElection70] INFO  server.RaftServerConfigKeys (ConfUtils.java:logGet(43)) - raft.server.watch.timeout.denomination = 1s (default)
2019-09-19 09:01:06,962 [Thread-762] INFO  impl.RoleInfo (RoleInfo.java:updateAndGet(143)) - d6702a85-6b54-4735-8444-02a36c5ec6eb: start LeaderElection
2019-09-19 09:01:06,962 [d6702a85-6b54-4735-8444-02a36c5ec6eb:group-E36D248BE40E:LeaderElection69] INFO  impl.RaftServerImpl (ServerState.java:setRaftConf(361)) - d6702a85-6b54-4735-8444-02a36c5ec6eb:group-E36D248BE40E set configuration 0: [d6702a85-6b54-4735-8444-02a36c5ec6eb:192.168.34.5:38063], old=null at 0
2019-09-19 09:01:06,962 [d6702a85-6b54-4735-8444-02a36c5ec6eb:group-4DD614BFE43F:LeaderElection70] INFO  server.RaftServerConfigKeys (ConfUtils.java:logGet(43)) - raft.server.watch.element-limit = 65536 (default)
2019-09-19 09:01:06,992 [5f513834-a5c3-47d7-b0df-0e7d236b5db1-SegmentedRaftLogWorker:Storage Directory /workdir/hadoop-ozone/integration-test/target/test-dir/MiniOzoneClusterImpl-d1f5ba66-8c72-4ad4-ac90-f92cf1c4e2b2/datanode-5/data/ratis/1296f89f-36a6-4a11-9aa1-f4a24b0c915c] INFO  segmented.SegmentedRaftLogWorker (SegmentedRaftLogWorker.java:execute(569)) - 5f513834-a5c3-47d7-b0df-0e7d236b5db1-SegmentedRaftLogWorker:Storage Directory /workdir/hadoop-ozone/integration-test/target/test-dir/MiniOzoneClusterImpl-d1f5ba66-8c72-4ad4-ac90-f92cf1c4e2b2/datanode-5/data/ratis/1296f89f-36a6-4a11-9aa1-f4a24b0c915c: created new log segment /workdir/hadoop-ozone/integration-test/target/test-dir/MiniOzoneClusterImpl-d1f5ba66-8c72-4ad4-ac90-f92cf1c4e2b2/datanode-5/data/ratis/1296f89f-36a6-4a11-9aa1-f4a24b0c915c/current/log_inprogress_0
2019-09-19 09:01:06,993 [d6702a85-6b54-4735-8444-02a36c5ec6eb:group-4DD614BFE43F:LeaderElection70] INFO  impl.RoleInfo (RoleInfo.java:updateAndGet(143)) - d6702a85-6b54-4735-8444-02a36c5ec6eb: start LeaderState
2019-09-19 09:01:06,993 [d6702a85-6b54-4735-8444-02a36c5ec6eb:group-4DD614BFE43F:LeaderElection70] INFO  segmented.SegmentedRaftLogWorker (SegmentedRaftLogWorker.java:startLogSegment(380)) - d6702a85-6b54-4735-8444-02a36c5ec6eb-SegmentedRaftLogWorker:Storage Directory /workdir/hadoop-ozone/integration-test/target/test-dir/MiniOzoneClusterImpl-d1f5ba66-8c72-4ad4-ac90-f92cf1c4e2b2/datanode-4/data/ratis/6cf2e9f5-dca3-43d0-83a5-4dd614bfe43f: Starting segment from index:0
2019-09-19 09:01:06,994 [d6702a85-6b54-4735-8444-02a36c5ec6eb:group-4DD614BFE43F:LeaderElection70] INFO  impl.RaftServerImpl (ServerState.java:setRaftConf(361)) - d6702a85-6b54-4735-8444-02a36c5ec6eb:group-4DD614BFE43F set configuration 0: [d6702a85-6b54-4735-8444-02a36c5ec6eb:192.168.34.5:38063], old=null at 0
2019-09-19 09:01:07,030 [d6702a85-6b54-4735-8444-02a36c5ec6eb-SegmentedRaftLogWorker:Storage Directory /workdir/hadoop-ozone/integration-test/target/test-dir/MiniOzoneClusterImpl-d1f5ba66-8c72-4ad4-ac90-f92cf1c4e2b2/datanode-4/data/ratis/6110bbfa-80ae-4a72-809a-e36d248be40e] INFO  segmented.SegmentedRaftLogWorker (SegmentedRaftLogWorker.java:execute(569)) - d6702a85-6b54-4735-8444-02a36c5ec6eb-SegmentedRaftLogWorker:Storage Directory /workdir/hadoop-ozone/integration-test/target/test-dir/MiniOzoneClusterImpl-d1f5ba66-8c72-4ad4-ac90-f92cf1c4e2b2/datanode-4/data/ratis/6110bbfa-80ae-4a72-809a-e36d248be40e: created new log segment /workdir/hadoop-ozone/integration-test/target/test-dir/MiniOzoneClusterImpl-d1f5ba66-8c72-4ad4-ac90-f92cf1c4e2b2/datanode-4/data/ratis/6110bbfa-80ae-4a72-809a-e36d248be40e/current/log_inprogress_0
2019-09-19 09:01:07,030 [d6702a85-6b54-4735-8444-02a36c5ec6eb:group-1AEFAF0D654D:LeaderElection72] INFO  impl.LeaderElection (LeaderElection.java:askForVotes(181)) - d6702a85-6b54-4735-8444-02a36c5ec6eb:group-1AEFAF0D654D:LeaderElection72: begin an election at term 1 for -1: [d6702a85-6b54-4735-8444-02a36c5ec6eb:192.168.34.5:38063], old=null
2019-09-19 09:01:07,030 [d6702a85-6b54-4735-8444-02a36c5ec6eb:group-88D2CD825C4E:LeaderElection71] INFO  impl.LeaderElection (LeaderElection.java:askForVotes(181)) - d6702a85-6b54-4735-8444-02a36c5ec6eb:group-88D2CD825C4E:LeaderElection71: begin an election at term 1 for -1: [d6702a85-6b54-4735-8444-02a36c5ec6eb:192.168.34.5:38063], old=null
2019-09-19 09:01:07,030 [d6702a85-6b54-4735-8444-02a36c5ec6eb:group-1AEFAF0D654D:LeaderElection72] INFO  impl.RoleInfo (RoleInfo.java:shutdownLeaderElection(134)) - d6702a85-6b54-4735-8444-02a36c5ec6eb: shutdown LeaderElection
2019-09-19 09:01:07,030 [d6702a85-6b54-4735-8444-02a36c5ec6eb:group-88D2CD825C4E:LeaderElection71] INFO  impl.RoleInfo (RoleInfo.java:shutdownLeaderElection(134)) - d6702a85-6b54-4735-8444-02a36c5ec6eb: shutdown LeaderElection
2019-09-19 09:01:07,030 [d6702a85-6b54-4735-8444-02a36c5ec6eb:group-1AEFAF0D654D:LeaderElection72] INFO  impl.RaftServerImpl (RaftServerImpl.java:setRole(171)) - d6702a85-6b54-4735-8444-02a36c5ec6eb:group-1AEFAF0D654D changes role from CANDIDATE to LEADER at term 1 for changeToLeader
2019-09-19 09:01:07,031 [d6702a85-6b54-4735-8444-02a36c5ec6eb:group-88D2CD825C4E:LeaderElection71] INFO  impl.RaftServerImpl (RaftServerImpl.java:setRole(171)) - d6702a85-6b54-4735-8444-02a36c5ec6eb:group-88D2CD825C4E changes role from CANDIDATE to LEADER at term 1 for changeToLeader
2019-09-19 09:01:07,031 [d6702a85-6b54-4735-8444-02a36c5ec6eb:group-1AEFAF0D654D:LeaderElection72] INFO  impl.RaftServerImpl (ServerState.java:setLeader(263)) - d6702a85-6b54-4735-8444-02a36c5ec6eb:group-1AEFAF0D654D change Leader from null to d6702a85-6b54-4735-8444-02a36c5ec6eb at term 1 for becomeLeader, leader elected after 5236ms
2019-09-19 09:01:07,031 [d6702a85-6b54-4735-8444-02a36c5ec6eb:group-88D2CD825C4E:LeaderElection71] INFO  impl.RaftServerImpl (ServerState.java:setLeader(263)) - d6702a85-6b54-4735-8444-02a36c5ec6eb:group-88D2CD825C4E change Leader from null to d6702a85-6b54-4735-8444-02a36c5ec6eb at term 1 for becomeLeader, leader elected after 5196ms
2019-09-19 09:01:07,031 [d6702a85-6b54-4735-8444-02a36c5ec6eb:group-1AEFAF0D654D:LeaderElection72] INFO  server.RaftServerConfigKeys (ConfUtils.java:logGet(43)) - raft.server.staging.catchup.gap = 1000 (default)
2019-09-19 09:01:07,032 [d6702a85-6b54-4735-8444-02a36c5ec6eb:group-1AEFAF0D654D:LeaderElection72] INFO  server.RaftServerConfigKeys (ConfUtils.java:logGet(43)) - raft.server.rpc.sleep.time = 25ms (default)
2019-09-19 09:01:07,031 [d6702a85-6b54-4735-8444-02a36c5ec6eb:group-88D2CD825C4E:LeaderElection71] INFO  server.RaftServerConfigKeys (ConfUtils.java:logGet(43)) - raft.server.staging.catchup.gap = 1000 (default)
2019-09-19 09:01:07,032 [d6702a85-6b54-4735-8444-02a36c5ec6eb:group-1AEFAF0D654D:LeaderElection72] INFO  server.RaftServerConfigKeys (ConfUtils.java:logGet(43)) - raft.server.write.element-limit = 4096 (default)
2019-09-19 09:01:07,032 [d6702a85-6b54-4735-8444-02a36c5ec6eb:group-88D2CD825C4E:LeaderElection71] INFO  server.RaftServerConfigKeys (ConfUtils.java:logGet(43)) - raft.server.rpc.sleep.time = 25ms (default)
2019-09-19 09:01:07,032 [d6702a85-6b54-4735-8444-02a36c5ec6eb:group-1AEFAF0D654D:LeaderElection72] INFO  server.RaftServerConfigKeys (ConfUtils.java:logGet(43)) - raft.server.watch.timeout = 10s (default)
2019-09-19 09:01:07,032 [d6702a85-6b54-4735-8444-02a36c5ec6eb:group-88D2CD825C4E:LeaderElection71] INFO  server.RaftServerConfigKeys (ConfUtils.java:logGet(43)) - raft.server.write.element-limit = 4096 (default)
2019-09-19 09:01:07,032 [d6702a85-6b54-4735-8444-02a36c5ec6eb:group-1AEFAF0D654D:LeaderElection72] INFO  server.RaftServerConfigKeys (ConfUtils.java:logGet(43)) - raft.server.watch.timeout.denomination = 1s (default)
2019-09-19 09:01:07,033 [d6702a85-6b54-4735-8444-02a36c5ec6eb:group-88D2CD825C4E:LeaderElection71] INFO  server.RaftServerConfigKeys (ConfUtils.java:logGet(43)) - raft.server.watch.timeout = 10s (default)
2019-09-19 09:01:07,033 [d6702a85-6b54-4735-8444-02a36c5ec6eb:group-1AEFAF0D654D:LeaderElection72] INFO  server.RaftServerConfigKeys (ConfUtils.java:logGet(43)) - raft.server.watch.element-limit = 65536 (default)
2019-09-19 09:01:07,033 [d6702a85-6b54-4735-8444-02a36c5ec6eb:group-88D2CD825C4E:LeaderElection71] INFO  server.RaftServerConfigKeys (ConfUtils.java:logGet(43)) - raft.server.watch.timeout.denomination = 1s (default)
2019-09-19 09:01:07,033 [d6702a85-6b54-4735-8444-02a36c5ec6eb:group-1AEFAF0D654D:LeaderElection72] INFO  impl.RoleInfo (RoleInfo.java:updateAndGet(143)) - d6702a85-6b54-4735-8444-02a36c5ec6eb: start LeaderState
2019-09-19 09:01:07,033 [d6702a85-6b54-4735-8444-02a36c5ec6eb:group-88D2CD825C4E:LeaderElection71] INFO  server.RaftServerConfigKeys (ConfUtils.java:logGet(43)) - raft.server.watch.element-limit = 65536 (default)
2019-09-19 09:01:07,033 [d6702a85-6b54-4735-8444-02a36c5ec6eb:group-1AEFAF0D654D:LeaderElection72] INFO  segmented.SegmentedRaftLogWorker (SegmentedRaftLogWorker.java:startLogSegment(380)) - d6702a85-6b54-4735-8444-02a36c5ec6eb-SegmentedRaftLogWorker:Storage Directory /workdir/hadoop-ozone/integration-test/target/test-dir/MiniOzoneClusterImpl-d1f5ba66-8c72-4ad4-ac90-f92cf1c4e2b2/datanode-4/data/ratis/51693ce7-aecb-4638-8cc0-1aefaf0d654d: Starting segment from index:0
2019-09-19 09:01:07,034 [d6702a85-6b54-4735-8444-02a36c5ec6eb:group-88D2CD825C4E:LeaderElection71] INFO  impl.RoleInfo (RoleInfo.java:updateAndGet(143)) - d6702a85-6b54-4735-8444-02a36c5ec6eb: start LeaderState
2019-09-19 09:01:07,034 [d6702a85-6b54-4735-8444-02a36c5ec6eb:group-88D2CD825C4E:LeaderElection71] INFO  segmented.SegmentedRaftLogWorker (SegmentedRaftLogWorker.java:startLogSegment(380)) - d6702a85-6b54-4735-8444-02a36c5ec6eb-SegmentedRaftLogWorker:Storage Directory /workdir/hadoop-ozone/integration-test/target/test-dir/MiniOzoneClusterImpl-d1f5ba66-8c72-4ad4-ac90-f92cf1c4e2b2/datanode-4/data/ratis/e084de49-2c4f-4a7c-ba73-88d2cd825c4e: Starting segment from index:0
2019-09-19 09:01:07,034 [d6702a85-6b54-4735-8444-02a36c5ec6eb:group-1AEFAF0D654D:LeaderElection72] INFO  impl.RaftServerImpl (ServerState.java:setRaftConf(361)) - d6702a85-6b54-4735-8444-02a36c5ec6eb:group-1AEFAF0D654D set configuration 0: [d6702a85-6b54-4735-8444-02a36c5ec6eb:192.168.34.5:38063], old=null at 0
2019-09-19 09:01:07,072 [Thread-774] INFO  impl.FollowerState (FollowerState.java:run(106)) - beb77c57-4e80-4e72-9c15-fb8c3304f28a:group-208E40F7C43A changes to CANDIDATE, lastRpcTime:5094, electionTimeout:5077ms
2019-09-19 09:01:07,073 [Thread-774] INFO  impl.RoleInfo (RoleInfo.java:shutdownFollowerState(121)) - beb77c57-4e80-4e72-9c15-fb8c3304f28a: shutdown FollowerState
2019-09-19 09:01:07,073 [Thread-774] INFO  impl.RaftServerImpl (RaftServerImpl.java:setRole(171)) - beb77c57-4e80-4e72-9c15-fb8c3304f28a:group-208E40F7C43A changes role from FOLLOWER to CANDIDATE at term 0 for changeToCandidate
2019-09-19 09:01:07,073 [d6702a85-6b54-4735-8444-02a36c5ec6eb-SegmentedRaftLogWorker:Storage Directory /workdir/hadoop-ozone/integration-test/target/test-dir/MiniOzoneClusterImpl-d1f5ba66-8c72-4ad4-ac90-f92cf1c4e2b2/datanode-4/data/ratis/6cf2e9f5-dca3-43d0-83a5-4dd614bfe43f] INFO  segmented.SegmentedRaftLogWorker (SegmentedRaftLogWorker.java:execute(569)) - d6702a85-6b54-4735-8444-02a36c5ec6eb-SegmentedRaftLogWorker:Storage Directory /workdir/hadoop-ozone/integration-test/target/test-dir/MiniOzoneClusterImpl-d1f5ba66-8c72-4ad4-ac90-f92cf1c4e2b2/datanode-4/data/ratis/6cf2e9f5-dca3-43d0-83a5-4dd614bfe43f: created new log segment /workdir/hadoop-ozone/integration-test/target/test-dir/MiniOzoneClusterImpl-d1f5ba66-8c72-4ad4-ac90-f92cf1c4e2b2/datanode-4/data/ratis/6cf2e9f5-dca3-43d0-83a5-4dd614bfe43f/current/log_inprogress_0
2019-09-19 09:01:07,073 [Thread-774] INFO  impl.RoleInfo (RoleInfo.java:updateAndGet(143)) - beb77c57-4e80-4e72-9c15-fb8c3304f28a: start LeaderElection
2019-09-19 09:01:07,073 [d6702a85-6b54-4735-8444-02a36c5ec6eb:group-88D2CD825C4E:LeaderElection71] INFO  impl.RaftServerImpl (ServerState.java:setRaftConf(361)) - d6702a85-6b54-4735-8444-02a36c5ec6eb:group-88D2CD825C4E set configuration 0: [d6702a85-6b54-4735-8444-02a36c5ec6eb:192.168.34.5:38063], old=null at 0
2019-09-19 09:01:07,112 [Thread-771] INFO  impl.FollowerState (FollowerState.java:run(106)) - d6702a85-6b54-4735-8444-02a36c5ec6eb:group-AADF410808D7 changes to CANDIDATE, lastRpcTime:5185, electionTimeout:5180ms
2019-09-19 09:01:07,112 [Thread-777] INFO  impl.FollowerState (FollowerState.java:run(106)) - beb77c57-4e80-4e72-9c15-fb8c3304f28a:group-F1B5BFDFA285 changes to CANDIDATE, lastRpcTime:5103, electionTimeout:5081ms
2019-09-19 09:01:07,113 [Thread-771] INFO  impl.RoleInfo (RoleInfo.java:shutdownFollowerState(121)) - d6702a85-6b54-4735-8444-02a36c5ec6eb: shutdown FollowerState
2019-09-19 09:01:07,113 [Thread-771] INFO  impl.RaftServerImpl (RaftServerImpl.java:setRole(171)) - d6702a85-6b54-4735-8444-02a36c5ec6eb:group-AADF410808D7 changes role from FOLLOWER to CANDIDATE at term 0 for changeToCandidate
2019-09-19 09:01:07,113 [Thread-771] INFO  impl.RoleInfo (RoleInfo.java:updateAndGet(143)) - d6702a85-6b54-4735-8444-02a36c5ec6eb: start LeaderElection
2019-09-19 09:01:07,113 | INFO  | SCMAudit | user=jenkins1000 | ip=192.168.34.5 | op=SEND_HEARTBEAT {datanodeUUID=07108c51-6362-4208-ba6a-2f09d4071d3e, command=[]} | ret=SUCCESS |  
2019-09-19 09:01:07,112 [d6702a85-6b54-4735-8444-02a36c5ec6eb-SegmentedRaftLogWorker:Storage Directory /workdir/hadoop-ozone/integration-test/target/test-dir/MiniOzoneClusterImpl-d1f5ba66-8c72-4ad4-ac90-f92cf1c4e2b2/datanode-4/data/ratis/51693ce7-aecb-4638-8cc0-1aefaf0d654d] INFO  segmented.SegmentedRaftLogWorker (SegmentedRaftLogWorker.java:execute(569)) - d6702a85-6b54-4735-8444-02a36c5ec6eb-SegmentedRaftLogWorker:Storage Directory /workdir/hadoop-ozone/integration-test/target/test-dir/MiniOzoneClusterImpl-d1f5ba66-8c72-4ad4-ac90-f92cf1c4e2b2/datanode-4/data/ratis/51693ce7-aecb-4638-8cc0-1aefaf0d654d: created new log segment /workdir/hadoop-ozone/integration-test/target/test-dir/MiniOzoneClusterImpl-d1f5ba66-8c72-4ad4-ac90-f92cf1c4e2b2/datanode-4/data/ratis/51693ce7-aecb-4638-8cc0-1aefaf0d654d/current/log_inprogress_0
2019-09-19 09:01:07,113 [Thread-777] INFO  impl.RoleInfo (RoleInfo.java:shutdownFollowerState(121)) - beb77c57-4e80-4e72-9c15-fb8c3304f28a: shutdown FollowerState
2019-09-19 09:01:07,114 [Thread-777] INFO  impl.RaftServerImpl (RaftServerImpl.java:setRole(171)) - beb77c57-4e80-4e72-9c15-fb8c3304f28a:group-F1B5BFDFA285 changes role from FOLLOWER to CANDIDATE at term 0 for changeToCandidate
2019-09-19 09:01:07,114 [Thread-777] INFO  impl.RoleInfo (RoleInfo.java:updateAndGet(143)) - beb77c57-4e80-4e72-9c15-fb8c3304f28a: start LeaderElection
2019-09-19 09:01:07,125 [d6702a85-6b54-4735-8444-02a36c5ec6eb-SegmentedRaftLogWorker:Storage Directory /workdir/hadoop-ozone/integration-test/target/test-dir/MiniOzoneClusterImpl-d1f5ba66-8c72-4ad4-ac90-f92cf1c4e2b2/datanode-4/data/ratis/e084de49-2c4f-4a7c-ba73-88d2cd825c4e] INFO  segmented.SegmentedRaftLogWorker (SegmentedRaftLogWorker.java:execute(569)) - d6702a85-6b54-4735-8444-02a36c5ec6eb-SegmentedRaftLogWorker:Storage Directory /workdir/hadoop-ozone/integration-test/target/test-dir/MiniOzoneClusterImpl-d1f5ba66-8c72-4ad4-ac90-f92cf1c4e2b2/datanode-4/data/ratis/e084de49-2c4f-4a7c-ba73-88d2cd825c4e: created new log segment /workdir/hadoop-ozone/integration-test/target/test-dir/MiniOzoneClusterImpl-d1f5ba66-8c72-4ad4-ac90-f92cf1c4e2b2/datanode-4/data/ratis/e084de49-2c4f-4a7c-ba73-88d2cd825c4e/current/log_inprogress_0
2019-09-19 09:01:07,125 [beb77c57-4e80-4e72-9c15-fb8c3304f28a:group-F1B5BFDFA285:LeaderElection75] INFO  impl.LeaderElection (LeaderElection.java:askForVotes(181)) - beb77c57-4e80-4e72-9c15-fb8c3304f28a:group-F1B5BFDFA285:LeaderElection75: begin an election at term 1 for -1: [beb77c57-4e80-4e72-9c15-fb8c3304f28a:192.168.34.5:36764], old=null
2019-09-19 09:01:07,125 [d6702a85-6b54-4735-8444-02a36c5ec6eb:group-AADF410808D7:LeaderElection74] INFO  impl.LeaderElection (LeaderElection.java:askForVotes(181)) - d6702a85-6b54-4735-8444-02a36c5ec6eb:group-AADF410808D7:LeaderElection74: begin an election at term 1 for -1: [d6702a85-6b54-4735-8444-02a36c5ec6eb:192.168.34.5:38063], old=null
2019-09-19 09:01:07,125 [beb77c57-4e80-4e72-9c15-fb8c3304f28a:group-208E40F7C43A:LeaderElection73] INFO  impl.LeaderElection (LeaderElection.java:askForVotes(181)) - beb77c57-4e80-4e72-9c15-fb8c3304f28a:group-208E40F7C43A:LeaderElection73: begin an election at term 1 for -1: [beb77c57-4e80-4e72-9c15-fb8c3304f28a:192.168.34.5:36764], old=null
2019-09-19 09:01:07,126 [d6702a85-6b54-4735-8444-02a36c5ec6eb:group-AADF410808D7:LeaderElection74] INFO  impl.RoleInfo (RoleInfo.java:shutdownLeaderElection(134)) - d6702a85-6b54-4735-8444-02a36c5ec6eb: shutdown LeaderElection
2019-09-19 09:01:07,125 [beb77c57-4e80-4e72-9c15-fb8c3304f28a:group-F1B5BFDFA285:LeaderElection75] INFO  impl.RoleInfo (RoleInfo.java:shutdownLeaderElection(134)) - beb77c57-4e80-4e72-9c15-fb8c3304f28a: shutdown LeaderElection
2019-09-19 09:01:07,126 [d6702a85-6b54-4735-8444-02a36c5ec6eb:group-AADF410808D7:LeaderElection74] INFO  impl.RaftServerImpl (RaftServerImpl.java:setRole(171)) - d6702a85-6b54-4735-8444-02a36c5ec6eb:group-AADF410808D7 changes role from CANDIDATE to LEADER at term 1 for changeToLeader
2019-09-19 09:01:07,126 [beb77c57-4e80-4e72-9c15-fb8c3304f28a:group-208E40F7C43A:LeaderElection73] INFO  impl.RoleInfo (RoleInfo.java:shutdownLeaderElection(134)) - beb77c57-4e80-4e72-9c15-fb8c3304f28a: shutdown LeaderElection
2019-09-19 09:01:07,126 [d6702a85-6b54-4735-8444-02a36c5ec6eb:group-AADF410808D7:LeaderElection74] INFO  impl.RaftServerImpl (ServerState.java:setLeader(263)) - d6702a85-6b54-4735-8444-02a36c5ec6eb:group-AADF410808D7 change Leader from null to d6702a85-6b54-4735-8444-02a36c5ec6eb at term 1 for becomeLeader, leader elected after 5201ms
2019-09-19 09:01:07,126 [beb77c57-4e80-4e72-9c15-fb8c3304f28a:group-F1B5BFDFA285:LeaderElection75] INFO  impl.RaftServerImpl (RaftServerImpl.java:setRole(171)) - beb77c57-4e80-4e72-9c15-fb8c3304f28a:group-F1B5BFDFA285 changes role from CANDIDATE to LEADER at term 1 for changeToLeader
2019-09-19 09:01:07,126 [d6702a85-6b54-4735-8444-02a36c5ec6eb:group-AADF410808D7:LeaderElection74] INFO  server.RaftServerConfigKeys (ConfUtils.java:logGet(43)) - raft.server.staging.catchup.gap = 1000 (default)
2019-09-19 09:01:07,126 [beb77c57-4e80-4e72-9c15-fb8c3304f28a:group-208E40F7C43A:LeaderElection73] INFO  impl.RaftServerImpl (RaftServerImpl.java:setRole(171)) - beb77c57-4e80-4e72-9c15-fb8c3304f28a:group-208E40F7C43A changes role from CANDIDATE to LEADER at term 1 for changeToLeader
2019-09-19 09:01:07,126 [d6702a85-6b54-4735-8444-02a36c5ec6eb:group-AADF410808D7:LeaderElection74] INFO  server.RaftServerConfigKeys (ConfUtils.java:logGet(43)) - raft.server.rpc.sleep.time = 25ms (default)
2019-09-19 09:01:07,126 [beb77c57-4e80-4e72-9c15-fb8c3304f28a:group-F1B5BFDFA285:LeaderElection75] INFO  impl.RaftServerImpl (ServerState.java:setLeader(263)) - beb77c57-4e80-4e72-9c15-fb8c3304f28a:group-F1B5BFDFA285 change Leader from null to beb77c57-4e80-4e72-9c15-fb8c3304f28a at term 1 for becomeLeader, leader elected after 5120ms
2019-09-19 09:01:07,127 [d6702a85-6b54-4735-8444-02a36c5ec6eb:group-AADF410808D7:LeaderElection74] INFO  server.RaftServerConfigKeys (ConfUtils.java:logGet(43)) - raft.server.write.element-limit = 4096 (default)
2019-09-19 09:01:07,126 [beb77c57-4e80-4e72-9c15-fb8c3304f28a:group-208E40F7C43A:LeaderElection73] INFO  impl.RaftServerImpl (ServerState.java:setLeader(263)) - beb77c57-4e80-4e72-9c15-fb8c3304f28a:group-208E40F7C43A change Leader from null to beb77c57-4e80-4e72-9c15-fb8c3304f28a at term 1 for becomeLeader, leader elected after 5153ms
2019-09-19 09:01:07,127 [d6702a85-6b54-4735-8444-02a36c5ec6eb:group-AADF410808D7:LeaderElection74] INFO  server.RaftServerConfigKeys (ConfUtils.java:logGet(43)) - raft.server.watch.timeout = 10s (default)
2019-09-19 09:01:07,127 [beb77c57-4e80-4e72-9c15-fb8c3304f28a:group-F1B5BFDFA285:LeaderElection75] INFO  server.RaftServerConfigKeys (ConfUtils.java:logGet(43)) - raft.server.staging.catchup.gap = 1000 (default)
2019-09-19 09:01:07,127 [d6702a85-6b54-4735-8444-02a36c5ec6eb:group-AADF410808D7:LeaderElection74] INFO  server.RaftServerConfigKeys (ConfUtils.java:logGet(43)) - raft.server.watch.timeout.denomination = 1s (default)
2019-09-19 09:01:07,127 [beb77c57-4e80-4e72-9c15-fb8c3304f28a:group-208E40F7C43A:LeaderElection73] INFO  server.RaftServerConfigKeys (ConfUtils.java:logGet(43)) - raft.server.staging.catchup.gap = 1000 (default)
2019-09-19 09:01:07,127 [d6702a85-6b54-4735-8444-02a36c5ec6eb:group-AADF410808D7:LeaderElection74] INFO  server.RaftServerConfigKeys (ConfUtils.java:logGet(43)) - raft.server.watch.element-limit = 65536 (default)
2019-09-19 09:01:07,127 [beb77c57-4e80-4e72-9c15-fb8c3304f28a:group-F1B5BFDFA285:LeaderElection75] INFO  server.RaftServerConfigKeys (ConfUtils.java:logGet(43)) - raft.server.rpc.sleep.time = 25ms (default)
2019-09-19 09:01:07,127 [d6702a85-6b54-4735-8444-02a36c5ec6eb:group-AADF410808D7:LeaderElection74] INFO  impl.RoleInfo (RoleInfo.java:updateAndGet(143)) - d6702a85-6b54-4735-8444-02a36c5ec6eb: start LeaderState
2019-09-19 09:01:07,127 [beb77c57-4e80-4e72-9c15-fb8c3304f28a:group-208E40F7C43A:LeaderElection73] INFO  server.RaftServerConfigKeys (ConfUtils.java:logGet(43)) - raft.server.rpc.sleep.time = 25ms (default)
2019-09-19 09:01:07,128 [beb77c57-4e80-4e72-9c15-fb8c3304f28a:group-F1B5BFDFA285:LeaderElection75] INFO  server.RaftServerConfigKeys (ConfUtils.java:logGet(43)) - raft.server.write.element-limit = 4096 (default)
2019-09-19 09:01:07,128 [beb77c57-4e80-4e72-9c15-fb8c3304f28a:group-208E40F7C43A:LeaderElection73] INFO  server.RaftServerConfigKeys (ConfUtils.java:logGet(43)) - raft.server.write.element-limit = 4096 (default)
2019-09-19 09:01:07,128 [d6702a85-6b54-4735-8444-02a36c5ec6eb:group-AADF410808D7:LeaderElection74] INFO  segmented.SegmentedRaftLogWorker (SegmentedRaftLogWorker.java:startLogSegment(380)) - d6702a85-6b54-4735-8444-02a36c5ec6eb-SegmentedRaftLogWorker:Storage Directory /workdir/hadoop-ozone/integration-test/target/test-dir/MiniOzoneClusterImpl-d1f5ba66-8c72-4ad4-ac90-f92cf1c4e2b2/datanode-4/data/ratis/93d8bf7e-ea51-41d5-ab7d-aadf410808d7: Starting segment from index:0
2019-09-19 09:01:07,128 [beb77c57-4e80-4e72-9c15-fb8c3304f28a:group-208E40F7C43A:LeaderElection73] INFO  server.RaftServerConfigKeys (ConfUtils.java:logGet(43)) - raft.server.watch.timeout = 10s (default)
2019-09-19 09:01:07,128 [beb77c57-4e80-4e72-9c15-fb8c3304f28a:group-F1B5BFDFA285:LeaderElection75] INFO  server.RaftServerConfigKeys (ConfUtils.java:logGet(43)) - raft.server.watch.timeout = 10s (default)
2019-09-19 09:01:07,128 [beb77c57-4e80-4e72-9c15-fb8c3304f28a:group-208E40F7C43A:LeaderElection73] INFO  server.RaftServerConfigKeys (ConfUtils.java:logGet(43)) - raft.server.watch.timeout.denomination = 1s (default)
2019-09-19 09:01:07,128 [beb77c57-4e80-4e72-9c15-fb8c3304f28a:group-F1B5BFDFA285:LeaderElection75] INFO  server.RaftServerConfigKeys (ConfUtils.java:logGet(43)) - raft.server.watch.timeout.denomination = 1s (default)
2019-09-19 09:01:07,128 [d6702a85-6b54-4735-8444-02a36c5ec6eb:group-AADF410808D7:LeaderElection74] INFO  impl.RaftServerImpl (ServerState.java:setRaftConf(361)) - d6702a85-6b54-4735-8444-02a36c5ec6eb:group-AADF410808D7 set configuration 0: [d6702a85-6b54-4735-8444-02a36c5ec6eb:192.168.34.5:38063], old=null at 0
2019-09-19 09:01:07,128 [beb77c57-4e80-4e72-9c15-fb8c3304f28a:group-208E40F7C43A:LeaderElection73] INFO  server.RaftServerConfigKeys (ConfUtils.java:logGet(43)) - raft.server.watch.element-limit = 65536 (default)
2019-09-19 09:01:07,160 [Thread-786] INFO  impl.FollowerState (FollowerState.java:run(106)) - 5f513834-a5c3-47d7-b0df-0e7d236b5db1:group-6A546E6077F2 changes to CANDIDATE, lastRpcTime:5026, electionTimeout:5001ms
2019-09-19 09:01:07,128 [beb77c57-4e80-4e72-9c15-fb8c3304f28a:group-F1B5BFDFA285:LeaderElection75] INFO  server.RaftServerConfigKeys (ConfUtils.java:logGet(43)) - raft.server.watch.element-limit = 65536 (default)
2019-09-19 09:01:07,160 [Thread-786] INFO  impl.RoleInfo (RoleInfo.java:shutdownFollowerState(121)) - 5f513834-a5c3-47d7-b0df-0e7d236b5db1: shutdown FollowerState
2019-09-19 09:01:07,160 [Thread-786] INFO  impl.RaftServerImpl (RaftServerImpl.java:setRole(171)) - 5f513834-a5c3-47d7-b0df-0e7d236b5db1:group-6A546E6077F2 changes role from FOLLOWER to CANDIDATE at term 0 for changeToCandidate
2019-09-19 09:01:07,160 [beb77c57-4e80-4e72-9c15-fb8c3304f28a:group-208E40F7C43A:LeaderElection73] INFO  impl.RoleInfo (RoleInfo.java:updateAndGet(143)) - beb77c57-4e80-4e72-9c15-fb8c3304f28a: start LeaderState
2019-09-19 09:01:07,160 [Thread-786] INFO  impl.RoleInfo (RoleInfo.java:updateAndGet(143)) - 5f513834-a5c3-47d7-b0df-0e7d236b5db1: start LeaderElection
2019-09-19 09:01:07,160 [beb77c57-4e80-4e72-9c15-fb8c3304f28a:group-F1B5BFDFA285:LeaderElection75] INFO  impl.RoleInfo (RoleInfo.java:updateAndGet(143)) - beb77c57-4e80-4e72-9c15-fb8c3304f28a: start LeaderState
2019-09-19 09:01:07,160 [beb77c57-4e80-4e72-9c15-fb8c3304f28a:group-208E40F7C43A:LeaderElection73] INFO  segmented.SegmentedRaftLogWorker (SegmentedRaftLogWorker.java:startLogSegment(380)) - beb77c57-4e80-4e72-9c15-fb8c3304f28a-SegmentedRaftLogWorker:Storage Directory /workdir/hadoop-ozone/integration-test/target/test-dir/MiniOzoneClusterImpl-d1f5ba66-8c72-4ad4-ac90-f92cf1c4e2b2/datanode-6/data/ratis/c1de86d9-22a3-442e-94e3-208e40f7c43a: Starting segment from index:0
2019-09-19 09:01:07,161 [beb77c57-4e80-4e72-9c15-fb8c3304f28a:group-F1B5BFDFA285:LeaderElection75] INFO  segmented.SegmentedRaftLogWorker (SegmentedRaftLogWorker.java:startLogSegment(380)) - beb77c57-4e80-4e72-9c15-fb8c3304f28a-SegmentedRaftLogWorker:Storage Directory /workdir/hadoop-ozone/integration-test/target/test-dir/MiniOzoneClusterImpl-d1f5ba66-8c72-4ad4-ac90-f92cf1c4e2b2/datanode-6/data/ratis/3e2b5268-ab20-405b-997f-f1b5bfdfa285: Starting segment from index:0
2019-09-19 09:01:07,161 [beb77c57-4e80-4e72-9c15-fb8c3304f28a:group-208E40F7C43A:LeaderElection73] INFO  impl.RaftServerImpl (ServerState.java:setRaftConf(361)) - beb77c57-4e80-4e72-9c15-fb8c3304f28a:group-208E40F7C43A set configuration 0: [beb77c57-4e80-4e72-9c15-fb8c3304f28a:192.168.34.5:36764], old=null at 0
2019-09-19 09:01:07,161 [beb77c57-4e80-4e72-9c15-fb8c3304f28a:group-F1B5BFDFA285:LeaderElection75] INFO  impl.RaftServerImpl (ServerState.java:setRaftConf(361)) - beb77c57-4e80-4e72-9c15-fb8c3304f28a:group-F1B5BFDFA285 set configuration 0: [beb77c57-4e80-4e72-9c15-fb8c3304f28a:192.168.34.5:36764], old=null at 0
2019-09-19 09:01:07,163 [d6702a85-6b54-4735-8444-02a36c5ec6eb-SegmentedRaftLogWorker:Storage Directory /workdir/hadoop-ozone/integration-test/target/test-dir/MiniOzoneClusterImpl-d1f5ba66-8c72-4ad4-ac90-f92cf1c4e2b2/datanode-4/data/ratis/93d8bf7e-ea51-41d5-ab7d-aadf410808d7] INFO  segmented.SegmentedRaftLogWorker (SegmentedRaftLogWorker.java:execute(569)) - d6702a85-6b54-4735-8444-02a36c5ec6eb-SegmentedRaftLogWorker:Storage Directory /workdir/hadoop-ozone/integration-test/target/test-dir/MiniOzoneClusterImpl-d1f5ba66-8c72-4ad4-ac90-f92cf1c4e2b2/datanode-4/data/ratis/93d8bf7e-ea51-41d5-ab7d-aadf410808d7: created new log segment /workdir/hadoop-ozone/integration-test/target/test-dir/MiniOzoneClusterImpl-d1f5ba66-8c72-4ad4-ac90-f92cf1c4e2b2/datanode-4/data/ratis/93d8bf7e-ea51-41d5-ab7d-aadf410808d7/current/log_inprogress_0
2019-09-19 09:01:07,200 [Thread-780] INFO  impl.FollowerState (FollowerState.java:run(106)) - 5f513834-a5c3-47d7-b0df-0e7d236b5db1:group-FD25933CA23F changes to CANDIDATE, lastRpcTime:5153, electionTimeout:5137ms
2019-09-19 09:01:07,200 [Thread-780] INFO  impl.RoleInfo (RoleInfo.java:shutdownFollowerState(121)) - 5f513834-a5c3-47d7-b0df-0e7d236b5db1: shutdown FollowerState
2019-09-19 09:01:07,201 [Thread-780] INFO  impl.RaftServerImpl (RaftServerImpl.java:setRole(171)) - 5f513834-a5c3-47d7-b0df-0e7d236b5db1:group-FD25933CA23F changes role from FOLLOWER to CANDIDATE at term 0 for changeToCandidate
2019-09-19 09:01:07,201 [Thread-780] INFO  impl.RoleInfo (RoleInfo.java:updateAndGet(143)) - 5f513834-a5c3-47d7-b0df-0e7d236b5db1: start LeaderElection
2019-09-19 09:01:07,213 [beb77c57-4e80-4e72-9c15-fb8c3304f28a-SegmentedRaftLogWorker:Storage Directory /workdir/hadoop-ozone/integration-test/target/test-dir/MiniOzoneClusterImpl-d1f5ba66-8c72-4ad4-ac90-f92cf1c4e2b2/datanode-6/data/ratis/3e2b5268-ab20-405b-997f-f1b5bfdfa285] INFO  segmented.SegmentedRaftLogWorker (SegmentedRaftLogWorker.java:execute(569)) - beb77c57-4e80-4e72-9c15-fb8c3304f28a-SegmentedRaftLogWorker:Storage Directory /workdir/hadoop-ozone/integration-test/target/test-dir/MiniOzoneClusterImpl-d1f5ba66-8c72-4ad4-ac90-f92cf1c4e2b2/datanode-6/data/ratis/3e2b5268-ab20-405b-997f-f1b5bfdfa285: created new log segment /workdir/hadoop-ozone/integration-test/target/test-dir/MiniOzoneClusterImpl-d1f5ba66-8c72-4ad4-ac90-f92cf1c4e2b2/datanode-6/data/ratis/3e2b5268-ab20-405b-997f-f1b5bfdfa285/current/log_inprogress_0
2019-09-19 09:01:07,213 [5f513834-a5c3-47d7-b0df-0e7d236b5db1:group-6A546E6077F2:LeaderElection76] INFO  impl.LeaderElection (LeaderElection.java:askForVotes(181)) - 5f513834-a5c3-47d7-b0df-0e7d236b5db1:group-6A546E6077F2:LeaderElection76: begin an election at term 1 for -1: [5f513834-a5c3-47d7-b0df-0e7d236b5db1:192.168.34.5:42989], old=null
2019-09-19 09:01:07,213 [5f513834-a5c3-47d7-b0df-0e7d236b5db1:group-FD25933CA23F:LeaderElection77] INFO  impl.LeaderElection (LeaderElection.java:askForVotes(181)) - 5f513834-a5c3-47d7-b0df-0e7d236b5db1:group-FD25933CA23F:LeaderElection77: begin an election at term 1 for -1: [5f513834-a5c3-47d7-b0df-0e7d236b5db1:192.168.34.5:42989], old=null
2019-09-19 09:01:07,213 [beb77c57-4e80-4e72-9c15-fb8c3304f28a-SegmentedRaftLogWorker:Storage Directory /workdir/hadoop-ozone/integration-test/target/test-dir/MiniOzoneClusterImpl-d1f5ba66-8c72-4ad4-ac90-f92cf1c4e2b2/datanode-6/data/ratis/c1de86d9-22a3-442e-94e3-208e40f7c43a] INFO  segmented.SegmentedRaftLogWorker (SegmentedRaftLogWorker.java:execute(569)) - beb77c57-4e80-4e72-9c15-fb8c3304f28a-SegmentedRaftLogWorker:Storage Directory /workdir/hadoop-ozone/integration-test/target/test-dir/MiniOzoneClusterImpl-d1f5ba66-8c72-4ad4-ac90-f92cf1c4e2b2/datanode-6/data/ratis/c1de86d9-22a3-442e-94e3-208e40f7c43a: created new log segment /workdir/hadoop-ozone/integration-test/target/test-dir/MiniOzoneClusterImpl-d1f5ba66-8c72-4ad4-ac90-f92cf1c4e2b2/datanode-6/data/ratis/c1de86d9-22a3-442e-94e3-208e40f7c43a/current/log_inprogress_0
2019-09-19 09:01:07,214 [5f513834-a5c3-47d7-b0df-0e7d236b5db1:group-FD25933CA23F:LeaderElection77] INFO  impl.RoleInfo (RoleInfo.java:shutdownLeaderElection(134)) - 5f513834-a5c3-47d7-b0df-0e7d236b5db1: shutdown LeaderElection
2019-09-19 09:01:07,214 [5f513834-a5c3-47d7-b0df-0e7d236b5db1:group-6A546E6077F2:LeaderElection76] INFO  impl.RoleInfo (RoleInfo.java:shutdownLeaderElection(134)) - 5f513834-a5c3-47d7-b0df-0e7d236b5db1: shutdown LeaderElection
2019-09-19 09:01:07,214 [5f513834-a5c3-47d7-b0df-0e7d236b5db1:group-FD25933CA23F:LeaderElection77] INFO  impl.RaftServerImpl (RaftServerImpl.java:setRole(171)) - 5f513834-a5c3-47d7-b0df-0e7d236b5db1:group-FD25933CA23F changes role from CANDIDATE to LEADER at term 1 for changeToLeader
2019-09-19 09:01:07,214 [5f513834-a5c3-47d7-b0df-0e7d236b5db1:group-6A546E6077F2:LeaderElection76] INFO  impl.RaftServerImpl (RaftServerImpl.java:setRole(171)) - 5f513834-a5c3-47d7-b0df-0e7d236b5db1:group-6A546E6077F2 changes role from CANDIDATE to LEADER at term 1 for changeToLeader
2019-09-19 09:01:07,214 [5f513834-a5c3-47d7-b0df-0e7d236b5db1:group-FD25933CA23F:LeaderElection77] INFO  impl.RaftServerImpl (ServerState.java:setLeader(263)) - 5f513834-a5c3-47d7-b0df-0e7d236b5db1:group-FD25933CA23F change Leader from null to 5f513834-a5c3-47d7-b0df-0e7d236b5db1 at term 1 for becomeLeader, leader elected after 5171ms
2019-09-19 09:01:07,214 [5f513834-a5c3-47d7-b0df-0e7d236b5db1:group-6A546E6077F2:LeaderElection76] INFO  impl.RaftServerImpl (ServerState.java:setLeader(263)) - 5f513834-a5c3-47d7-b0df-0e7d236b5db1:group-6A546E6077F2 change Leader from null to 5f513834-a5c3-47d7-b0df-0e7d236b5db1 at term 1 for becomeLeader, leader elected after 5085ms
2019-09-19 09:01:07,214 [5f513834-a5c3-47d7-b0df-0e7d236b5db1:group-FD25933CA23F:LeaderElection77] INFO  server.RaftServerConfigKeys (ConfUtils.java:logGet(43)) - raft.server.staging.catchup.gap = 1000 (default)
2019-09-19 09:01:07,214 [5f513834-a5c3-47d7-b0df-0e7d236b5db1:group-6A546E6077F2:LeaderElection76] INFO  server.RaftServerConfigKeys (ConfUtils.java:logGet(43)) - raft.server.staging.catchup.gap = 1000 (default)
2019-09-19 09:01:07,214 [5f513834-a5c3-47d7-b0df-0e7d236b5db1:group-FD25933CA23F:LeaderElection77] INFO  server.RaftServerConfigKeys (ConfUtils.java:logGet(43)) - raft.server.rpc.sleep.time = 25ms (default)
2019-09-19 09:01:07,215 [5f513834-a5c3-47d7-b0df-0e7d236b5db1:group-6A546E6077F2:LeaderElection76] INFO  server.RaftServerConfigKeys (ConfUtils.java:logGet(43)) - raft.server.rpc.sleep.time = 25ms (default)
2019-09-19 09:01:07,215 [5f513834-a5c3-47d7-b0df-0e7d236b5db1:group-FD25933CA23F:LeaderElection77] INFO  server.RaftServerConfigKeys (ConfUtils.java:logGet(43)) - raft.server.write.element-limit = 4096 (default)
2019-09-19 09:01:07,215 [5f513834-a5c3-47d7-b0df-0e7d236b5db1:group-6A546E6077F2:LeaderElection76] INFO  server.RaftServerConfigKeys (ConfUtils.java:logGet(43)) - raft.server.write.element-limit = 4096 (default)
2019-09-19 09:01:07,215 [5f513834-a5c3-47d7-b0df-0e7d236b5db1:group-FD25933CA23F:LeaderElection77] INFO  server.RaftServerConfigKeys (ConfUtils.java:logGet(43)) - raft.server.watch.timeout = 10s (default)
2019-09-19 09:01:07,215 [5f513834-a5c3-47d7-b0df-0e7d236b5db1:group-6A546E6077F2:LeaderElection76] INFO  server.RaftServerConfigKeys (ConfUtils.java:logGet(43)) - raft.server.watch.timeout = 10s (default)
2019-09-19 09:01:07,215 [5f513834-a5c3-47d7-b0df-0e7d236b5db1:group-FD25933CA23F:LeaderElection77] INFO  server.RaftServerConfigKeys (ConfUtils.java:logGet(43)) - raft.server.watch.timeout.denomination = 1s (default)
2019-09-19 09:01:07,215 [5f513834-a5c3-47d7-b0df-0e7d236b5db1:group-6A546E6077F2:LeaderElection76] INFO  server.RaftServerConfigKeys (ConfUtils.java:logGet(43)) - raft.server.watch.timeout.denomination = 1s (default)
2019-09-19 09:01:07,216 [5f513834-a5c3-47d7-b0df-0e7d236b5db1:group-FD25933CA23F:LeaderElection77] INFO  server.RaftServerConfigKeys (ConfUtils.java:logGet(43)) - raft.server.watch.element-limit = 65536 (default)
2019-09-19 09:01:07,216 [5f513834-a5c3-47d7-b0df-0e7d236b5db1:group-6A546E6077F2:LeaderElection76] INFO  server.RaftServerConfigKeys (ConfUtils.java:logGet(43)) - raft.server.watch.element-limit = 65536 (default)
2019-09-19 09:01:07,216 [5f513834-a5c3-47d7-b0df-0e7d236b5db1:group-FD25933CA23F:LeaderElection77] INFO  impl.RoleInfo (RoleInfo.java:updateAndGet(143)) - 5f513834-a5c3-47d7-b0df-0e7d236b5db1: start LeaderState
2019-09-19 09:01:07,216 [5f513834-a5c3-47d7-b0df-0e7d236b5db1:group-6A546E6077F2:LeaderElection76] INFO  impl.RoleInfo (RoleInfo.java:updateAndGet(143)) - 5f513834-a5c3-47d7-b0df-0e7d236b5db1: start LeaderState
2019-09-19 09:01:07,216 [5f513834-a5c3-47d7-b0df-0e7d236b5db1:group-FD25933CA23F:LeaderElection77] INFO  segmented.SegmentedRaftLogWorker (SegmentedRaftLogWorker.java:startLogSegment(380)) - 5f513834-a5c3-47d7-b0df-0e7d236b5db1-SegmentedRaftLogWorker:Storage Directory /workdir/hadoop-ozone/integration-test/target/test-dir/MiniOzoneClusterImpl-d1f5ba66-8c72-4ad4-ac90-f92cf1c4e2b2/datanode-5/data/ratis/24306834-6d51-4d06-ac7d-fd25933ca23f: Starting segment from index:0
2019-09-19 09:01:07,216 [5f513834-a5c3-47d7-b0df-0e7d236b5db1:group-6A546E6077F2:LeaderElection76] INFO  segmented.SegmentedRaftLogWorker (SegmentedRaftLogWorker.java:startLogSegment(380)) - 5f513834-a5c3-47d7-b0df-0e7d236b5db1-SegmentedRaftLogWorker:Storage Directory /workdir/hadoop-ozone/integration-test/target/test-dir/MiniOzoneClusterImpl-d1f5ba66-8c72-4ad4-ac90-f92cf1c4e2b2/datanode-5/data/ratis/4cff2dd0-bc70-47b5-ac7d-6a546e6077f2: Starting segment from index:0
2019-09-19 09:01:07,217 [5f513834-a5c3-47d7-b0df-0e7d236b5db1:group-FD25933CA23F:LeaderElection77] INFO  impl.RaftServerImpl (ServerState.java:setRaftConf(361)) - 5f513834-a5c3-47d7-b0df-0e7d236b5db1:group-FD25933CA23F set configuration 0: [5f513834-a5c3-47d7-b0df-0e7d236b5db1:192.168.34.5:42989], old=null at 0
2019-09-19 09:01:07,252 [Thread-783] INFO  impl.FollowerState (FollowerState.java:run(106)) - 5f513834-a5c3-47d7-b0df-0e7d236b5db1:group-F2C8E0295381 changes to CANDIDATE, lastRpcTime:5162, electionTimeout:5162ms
2019-09-19 09:01:07,252 [Thread-789] INFO  impl.FollowerState (FollowerState.java:run(106)) - 5f513834-a5c3-47d7-b0df-0e7d236b5db1:group-7826072BD649 changes to CANDIDATE, lastRpcTime:5079, electionTimeout:5071ms
2019-09-19 09:01:07,252 [Thread-783] INFO  impl.RoleInfo (RoleInfo.java:shutdownFollowerState(121)) - 5f513834-a5c3-47d7-b0df-0e7d236b5db1: shutdown FollowerState
2019-09-19 09:01:07,252 [5f513834-a5c3-47d7-b0df-0e7d236b5db1:group-6A546E6077F2:LeaderElection76] INFO  impl.RaftServerImpl (ServerState.java:setRaftConf(361)) - 5f513834-a5c3-47d7-b0df-0e7d236b5db1:group-6A546E6077F2 set configuration 0: [5f513834-a5c3-47d7-b0df-0e7d236b5db1:192.168.34.5:42989], old=null at 0
2019-09-19 09:01:07,252 [Thread-789] INFO  impl.RoleInfo (RoleInfo.java:shutdownFollowerState(121)) - 5f513834-a5c3-47d7-b0df-0e7d236b5db1: shutdown FollowerState
2019-09-19 09:01:07,254 [Thread-789] INFO  impl.RaftServerImpl (RaftServerImpl.java:setRole(171)) - 5f513834-a5c3-47d7-b0df-0e7d236b5db1:group-7826072BD649 changes role from FOLLOWER to CANDIDATE at term 0 for changeToCandidate
2019-09-19 09:01:07,252 [Thread-783] INFO  impl.RaftServerImpl (RaftServerImpl.java:setRole(171)) - 5f513834-a5c3-47d7-b0df-0e7d236b5db1:group-F2C8E0295381 changes role from FOLLOWER to CANDIDATE at term 0 for changeToCandidate
2019-09-19 09:01:07,255 [Thread-789] INFO  impl.RoleInfo (RoleInfo.java:updateAndGet(143)) - 5f513834-a5c3-47d7-b0df-0e7d236b5db1: start LeaderElection
2019-09-19 09:01:07,255 [Thread-783] INFO  impl.RoleInfo (RoleInfo.java:updateAndGet(143)) - 5f513834-a5c3-47d7-b0df-0e7d236b5db1: start LeaderElection
2019-09-19 09:01:07,259 [Thread-792] INFO  impl.FollowerState (FollowerState.java:run(106)) - 5f513834-a5c3-47d7-b0df-0e7d236b5db1:group-F7515AF90EE0 changes to CANDIDATE, lastRpcTime:5040, electionTimeout:5040ms
2019-09-19 09:01:07,259 [Thread-792] INFO  impl.RoleInfo (RoleInfo.java:shutdownFollowerState(121)) - 5f513834-a5c3-47d7-b0df-0e7d236b5db1: shutdown FollowerState
2019-09-19 09:01:07,259 [Thread-792] INFO  impl.RaftServerImpl (RaftServerImpl.java:setRole(171)) - 5f513834-a5c3-47d7-b0df-0e7d236b5db1:group-F7515AF90EE0 changes role from FOLLOWER to CANDIDATE at term 0 for changeToCandidate
2019-09-19 09:01:07,260 [Thread-792] INFO  impl.RoleInfo (RoleInfo.java:updateAndGet(143)) - 5f513834-a5c3-47d7-b0df-0e7d236b5db1: start LeaderElection
2019-09-19 09:01:07,265 [5f513834-a5c3-47d7-b0df-0e7d236b5db1-SegmentedRaftLogWorker:Storage Directory /workdir/hadoop-ozone/integration-test/target/test-dir/MiniOzoneClusterImpl-d1f5ba66-8c72-4ad4-ac90-f92cf1c4e2b2/datanode-5/data/ratis/24306834-6d51-4d06-ac7d-fd25933ca23f] INFO  segmented.SegmentedRaftLogWorker (SegmentedRaftLogWorker.java:execute(569)) - 5f513834-a5c3-47d7-b0df-0e7d236b5db1-SegmentedRaftLogWorker:Storage Directory /workdir/hadoop-ozone/integration-test/target/test-dir/MiniOzoneClusterImpl-d1f5ba66-8c72-4ad4-ac90-f92cf1c4e2b2/datanode-5/data/ratis/24306834-6d51-4d06-ac7d-fd25933ca23f: created new log segment /workdir/hadoop-ozone/integration-test/target/test-dir/MiniOzoneClusterImpl-d1f5ba66-8c72-4ad4-ac90-f92cf1c4e2b2/datanode-5/data/ratis/24306834-6d51-4d06-ac7d-fd25933ca23f/current/log_inprogress_0
2019-09-19 09:01:07,265 [5f513834-a5c3-47d7-b0df-0e7d236b5db1-SegmentedRaftLogWorker:Storage Directory /workdir/hadoop-ozone/integration-test/target/test-dir/MiniOzoneClusterImpl-d1f5ba66-8c72-4ad4-ac90-f92cf1c4e2b2/datanode-5/data/ratis/4cff2dd0-bc70-47b5-ac7d-6a546e6077f2] INFO  segmented.SegmentedRaftLogWorker (SegmentedRaftLogWorker.java:execute(569)) - 5f513834-a5c3-47d7-b0df-0e7d236b5db1-SegmentedRaftLogWorker:Storage Directory /workdir/hadoop-ozone/integration-test/target/test-dir/MiniOzoneClusterImpl-d1f5ba66-8c72-4ad4-ac90-f92cf1c4e2b2/datanode-5/data/ratis/4cff2dd0-bc70-47b5-ac7d-6a546e6077f2: created new log segment /workdir/hadoop-ozone/integration-test/target/test-dir/MiniOzoneClusterImpl-d1f5ba66-8c72-4ad4-ac90-f92cf1c4e2b2/datanode-5/data/ratis/4cff2dd0-bc70-47b5-ac7d-6a546e6077f2/current/log_inprogress_0
2019-09-19 09:01:07,265 [5f513834-a5c3-47d7-b0df-0e7d236b5db1:group-7826072BD649:LeaderElection78] INFO  impl.LeaderElection (LeaderElection.java:askForVotes(181)) - 5f513834-a5c3-47d7-b0df-0e7d236b5db1:group-7826072BD649:LeaderElection78: begin an election at term 1 for -1: [5f513834-a5c3-47d7-b0df-0e7d236b5db1:192.168.34.5:42989], old=null
2019-09-19 09:01:07,265 [5f513834-a5c3-47d7-b0df-0e7d236b5db1:group-F2C8E0295381:LeaderElection79] INFO  impl.LeaderElection (LeaderElection.java:askForVotes(181)) - 5f513834-a5c3-47d7-b0df-0e7d236b5db1:group-F2C8E0295381:LeaderElection79: begin an election at term 1 for -1: [5f513834-a5c3-47d7-b0df-0e7d236b5db1:192.168.34.5:42989], old=null
2019-09-19 09:01:07,265 [5f513834-a5c3-47d7-b0df-0e7d236b5db1:group-F7515AF90EE0:LeaderElection80] INFO  impl.LeaderElection (LeaderElection.java:askForVotes(181)) - 5f513834-a5c3-47d7-b0df-0e7d236b5db1:group-F7515AF90EE0:LeaderElection80: begin an election at term 1 for -1: [5f513834-a5c3-47d7-b0df-0e7d236b5db1:192.168.34.5:42989], old=null
2019-09-19 09:01:07,265 [5f513834-a5c3-47d7-b0df-0e7d236b5db1:group-F2C8E0295381:LeaderElection79] INFO  impl.RoleInfo (RoleInfo.java:shutdownLeaderElection(134)) - 5f513834-a5c3-47d7-b0df-0e7d236b5db1: shutdown LeaderElection
2019-09-19 09:01:07,265 [5f513834-a5c3-47d7-b0df-0e7d236b5db1:group-7826072BD649:LeaderElection78] INFO  impl.RoleInfo (RoleInfo.java:shutdownLeaderElection(134)) - 5f513834-a5c3-47d7-b0df-0e7d236b5db1: shutdown LeaderElection
2019-09-19 09:01:07,265 [5f513834-a5c3-47d7-b0df-0e7d236b5db1:group-F2C8E0295381:LeaderElection79] INFO  impl.RaftServerImpl (RaftServerImpl.java:setRole(171)) - 5f513834-a5c3-47d7-b0df-0e7d236b5db1:group-F2C8E0295381 changes role from CANDIDATE to LEADER at term 1 for changeToLeader
2019-09-19 09:01:07,265 [5f513834-a5c3-47d7-b0df-0e7d236b5db1:group-F7515AF90EE0:LeaderElection80] INFO  impl.RoleInfo (RoleInfo.java:shutdownLeaderElection(134)) - 5f513834-a5c3-47d7-b0df-0e7d236b5db1: shutdown LeaderElection
2019-09-19 09:01:07,266 [5f513834-a5c3-47d7-b0df-0e7d236b5db1:group-F2C8E0295381:LeaderElection79] INFO  impl.RaftServerImpl (ServerState.java:setLeader(263)) - 5f513834-a5c3-47d7-b0df-0e7d236b5db1:group-F2C8E0295381 change Leader from null to 5f513834-a5c3-47d7-b0df-0e7d236b5db1 at term 1 for becomeLeader, leader elected after 5181ms
2019-09-19 09:01:07,265 [5f513834-a5c3-47d7-b0df-0e7d236b5db1:group-7826072BD649:LeaderElection78] INFO  impl.RaftServerImpl (RaftServerImpl.java:setRole(171)) - 5f513834-a5c3-47d7-b0df-0e7d236b5db1:group-7826072BD649 changes role from CANDIDATE to LEADER at term 1 for changeToLeader
2019-09-19 09:01:07,266 [5f513834-a5c3-47d7-b0df-0e7d236b5db1:group-F2C8E0295381:LeaderElection79] INFO  server.RaftServerConfigKeys (ConfUtils.java:logGet(43)) - raft.server.staging.catchup.gap = 1000 (default)
2019-09-19 09:01:07,266 [5f513834-a5c3-47d7-b0df-0e7d236b5db1:group-F7515AF90EE0:LeaderElection80] INFO  impl.RaftServerImpl (RaftServerImpl.java:setRole(171)) - 5f513834-a5c3-47d7-b0df-0e7d236b5db1:group-F7515AF90EE0 changes role from CANDIDATE to LEADER at term 1 for changeToLeader
2019-09-19 09:01:07,266 [5f513834-a5c3-47d7-b0df-0e7d236b5db1:group-F2C8E0295381:LeaderElection79] INFO  server.RaftServerConfigKeys (ConfUtils.java:logGet(43)) - raft.server.rpc.sleep.time = 25ms (default)
2019-09-19 09:01:07,266 [5f513834-a5c3-47d7-b0df-0e7d236b5db1:group-7826072BD649:LeaderElection78] INFO  impl.RaftServerImpl (ServerState.java:setLeader(263)) - 5f513834-a5c3-47d7-b0df-0e7d236b5db1:group-7826072BD649 change Leader from null to 5f513834-a5c3-47d7-b0df-0e7d236b5db1 at term 1 for becomeLeader, leader elected after 5097ms
2019-09-19 09:01:07,266 [5f513834-a5c3-47d7-b0df-0e7d236b5db1:group-F2C8E0295381:LeaderElection79] INFO  server.RaftServerConfigKeys (ConfUtils.java:logGet(43)) - raft.server.write.element-limit = 4096 (default)
2019-09-19 09:01:07,266 [5f513834-a5c3-47d7-b0df-0e7d236b5db1:group-F7515AF90EE0:LeaderElection80] INFO  impl.RaftServerImpl (ServerState.java:setLeader(263)) - 5f513834-a5c3-47d7-b0df-0e7d236b5db1:group-F7515AF90EE0 change Leader from null to 5f513834-a5c3-47d7-b0df-0e7d236b5db1 at term 1 for becomeLeader, leader elected after 5050ms
2019-09-19 09:01:07,266 [5f513834-a5c3-47d7-b0df-0e7d236b5db1:group-F2C8E0295381:LeaderElection79] INFO  server.RaftServerConfigKeys (ConfUtils.java:logGet(43)) - raft.server.watch.timeout = 10s (default)
2019-09-19 09:01:07,266 [5f513834-a5c3-47d7-b0df-0e7d236b5db1:group-7826072BD649:LeaderElection78] INFO  server.RaftServerConfigKeys (ConfUtils.java:logGet(43)) - raft.server.staging.catchup.gap = 1000 (default)
2019-09-19 09:01:07,266 [5f513834-a5c3-47d7-b0df-0e7d236b5db1:group-F2C8E0295381:LeaderElection79] INFO  server.RaftServerConfigKeys (ConfUtils.java:logGet(43)) - raft.server.watch.timeout.denomination = 1s (default)
2019-09-19 09:01:07,266 [5f513834-a5c3-47d7-b0df-0e7d236b5db1:group-F7515AF90EE0:LeaderElection80] INFO  server.RaftServerConfigKeys (ConfUtils.java:logGet(43)) - raft.server.staging.catchup.gap = 1000 (default)
2019-09-19 09:01:07,267 [5f513834-a5c3-47d7-b0df-0e7d236b5db1:group-F2C8E0295381:LeaderElection79] INFO  server.RaftServerConfigKeys (ConfUtils.java:logGet(43)) - raft.server.watch.element-limit = 65536 (default)
2019-09-19 09:01:07,266 [5f513834-a5c3-47d7-b0df-0e7d236b5db1:group-7826072BD649:LeaderElection78] INFO  server.RaftServerConfigKeys (ConfUtils.java:logGet(43)) - raft.server.rpc.sleep.time = 25ms (default)
2019-09-19 09:01:07,267 [5f513834-a5c3-47d7-b0df-0e7d236b5db1:group-F2C8E0295381:LeaderElection79] INFO  impl.RoleInfo (RoleInfo.java:updateAndGet(143)) - 5f513834-a5c3-47d7-b0df-0e7d236b5db1: start LeaderState
2019-09-19 09:01:07,267 [5f513834-a5c3-47d7-b0df-0e7d236b5db1:group-F7515AF90EE0:LeaderElection80] INFO  server.RaftServerConfigKeys (ConfUtils.java:logGet(43)) - raft.server.rpc.sleep.time = 25ms (default)
2019-09-19 09:01:07,267 [5f513834-a5c3-47d7-b0df-0e7d236b5db1:group-F7515AF90EE0:LeaderElection80] INFO  server.RaftServerConfigKeys (ConfUtils.java:logGet(43)) - raft.server.write.element-limit = 4096 (default)
2019-09-19 09:01:07,267 [5f513834-a5c3-47d7-b0df-0e7d236b5db1:group-7826072BD649:LeaderElection78] INFO  server.RaftServerConfigKeys (ConfUtils.java:logGet(43)) - raft.server.write.element-limit = 4096 (default)
2019-09-19 09:01:07,267 [5f513834-a5c3-47d7-b0df-0e7d236b5db1:group-F7515AF90EE0:LeaderElection80] INFO  server.RaftServerConfigKeys (ConfUtils.java:logGet(43)) - raft.server.watch.timeout = 10s (default)
2019-09-19 09:01:07,267 [5f513834-a5c3-47d7-b0df-0e7d236b5db1:group-F2C8E0295381:LeaderElection79] INFO  segmented.SegmentedRaftLogWorker (SegmentedRaftLogWorker.java:startLogSegment(380)) - 5f513834-a5c3-47d7-b0df-0e7d236b5db1-SegmentedRaftLogWorker:Storage Directory /workdir/hadoop-ozone/integration-test/target/test-dir/MiniOzoneClusterImpl-d1f5ba66-8c72-4ad4-ac90-f92cf1c4e2b2/datanode-5/data/ratis/b981e42e-78c3-4f0d-bc5e-f2c8e0295381: Starting segment from index:0
2019-09-19 09:01:07,268 [5f513834-a5c3-47d7-b0df-0e7d236b5db1:group-F7515AF90EE0:LeaderElection80] INFO  server.RaftServerConfigKeys (ConfUtils.java:logGet(43)) - raft.server.watch.timeout.denomination = 1s (default)
2019-09-19 09:01:07,267 [5f513834-a5c3-47d7-b0df-0e7d236b5db1:group-7826072BD649:LeaderElection78] INFO  server.RaftServerConfigKeys (ConfUtils.java:logGet(43)) - raft.server.watch.timeout = 10s (default)
2019-09-19 09:01:07,268 [5f513834-a5c3-47d7-b0df-0e7d236b5db1:group-F2C8E0295381:LeaderElection79] INFO  impl.RaftServerImpl (ServerState.java:setRaftConf(361)) - 5f513834-a5c3-47d7-b0df-0e7d236b5db1:group-F2C8E0295381 set configuration 0: [5f513834-a5c3-47d7-b0df-0e7d236b5db1:192.168.34.5:42989], old=null at 0
2019-09-19 09:01:07,268 [5f513834-a5c3-47d7-b0df-0e7d236b5db1:group-F7515AF90EE0:LeaderElection80] INFO  server.RaftServerConfigKeys (ConfUtils.java:logGet(43)) - raft.server.watch.element-limit = 65536 (default)
2019-09-19 09:01:07,307 [Thread-795] INFO  impl.FollowerState (FollowerState.java:run(106)) - beb77c57-4e80-4e72-9c15-fb8c3304f28a:group-90B6FFF9762A changes to CANDIDATE, lastRpcTime:5042, electionTimeout:5009ms
2019-09-19 09:01:07,307 [Thread-795] INFO  impl.RoleInfo (RoleInfo.java:shutdownFollowerState(121)) - beb77c57-4e80-4e72-9c15-fb8c3304f28a: shutdown FollowerState
2019-09-19 09:01:07,268 [5f513834-a5c3-47d7-b0df-0e7d236b5db1:group-7826072BD649:LeaderElection78] INFO  server.RaftServerConfigKeys (ConfUtils.java:logGet(43)) - raft.server.watch.timeout.denomination = 1s (default)
2019-09-19 09:01:07,307 [5f513834-a5c3-47d7-b0df-0e7d236b5db1:group-F7515AF90EE0:LeaderElection80] INFO  impl.RoleInfo (RoleInfo.java:updateAndGet(143)) - 5f513834-a5c3-47d7-b0df-0e7d236b5db1: start LeaderState
2019-09-19 09:01:07,307 [Thread-795] INFO  impl.RaftServerImpl (RaftServerImpl.java:setRole(171)) - beb77c57-4e80-4e72-9c15-fb8c3304f28a:group-90B6FFF9762A changes role from FOLLOWER to CANDIDATE at term 0 for changeToCandidate
2019-09-19 09:01:07,307 [5f513834-a5c3-47d7-b0df-0e7d236b5db1:group-7826072BD649:LeaderElection78] INFO  server.RaftServerConfigKeys (ConfUtils.java:logGet(43)) - raft.server.watch.element-limit = 65536 (default)
2019-09-19 09:01:07,307 [5f513834-a5c3-47d7-b0df-0e7d236b5db1:group-F7515AF90EE0:LeaderElection80] INFO  segmented.SegmentedRaftLogWorker (SegmentedRaftLogWorker.java:startLogSegment(380)) - 5f513834-a5c3-47d7-b0df-0e7d236b5db1-SegmentedRaftLogWorker:Storage Directory /workdir/hadoop-ozone/integration-test/target/test-dir/MiniOzoneClusterImpl-d1f5ba66-8c72-4ad4-ac90-f92cf1c4e2b2/datanode-5/data/ratis/e9e55d5f-d8e3-42be-842c-f7515af90ee0: Starting segment from index:0
2019-09-19 09:01:07,307 [Thread-795] INFO  impl.RoleInfo (RoleInfo.java:updateAndGet(143)) - beb77c57-4e80-4e72-9c15-fb8c3304f28a: start LeaderElection
2019-09-19 09:01:07,307 [5f513834-a5c3-47d7-b0df-0e7d236b5db1:group-7826072BD649:LeaderElection78] INFO  impl.RoleInfo (RoleInfo.java:updateAndGet(143)) - 5f513834-a5c3-47d7-b0df-0e7d236b5db1: start LeaderState
2019-09-19 09:01:07,308 [5f513834-a5c3-47d7-b0df-0e7d236b5db1:group-7826072BD649:LeaderElection78] INFO  segmented.SegmentedRaftLogWorker (SegmentedRaftLogWorker.java:startLogSegment(380)) - 5f513834-a5c3-47d7-b0df-0e7d236b5db1-SegmentedRaftLogWorker:Storage Directory /workdir/hadoop-ozone/integration-test/target/test-dir/MiniOzoneClusterImpl-d1f5ba66-8c72-4ad4-ac90-f92cf1c4e2b2/datanode-5/data/ratis/bd7cb822-4879-4c43-9384-7826072bd649: Starting segment from index:0
2019-09-19 09:01:07,308 [5f513834-a5c3-47d7-b0df-0e7d236b5db1:group-F7515AF90EE0:LeaderElection80] INFO  impl.RaftServerImpl (ServerState.java:setRaftConf(361)) - 5f513834-a5c3-47d7-b0df-0e7d236b5db1:group-F7515AF90EE0 set configuration 0: [5f513834-a5c3-47d7-b0df-0e7d236b5db1:192.168.34.5:42989], old=null at 0
2019-09-19 09:01:07,308 [5f513834-a5c3-47d7-b0df-0e7d236b5db1:group-7826072BD649:LeaderElection78] INFO  impl.RaftServerImpl (ServerState.java:setRaftConf(361)) - 5f513834-a5c3-47d7-b0df-0e7d236b5db1:group-7826072BD649 set configuration 0: [5f513834-a5c3-47d7-b0df-0e7d236b5db1:192.168.34.5:42989], old=null at 0
2019-09-19 09:01:07,345 [5f513834-a5c3-47d7-b0df-0e7d236b5db1-SegmentedRaftLogWorker:Storage Directory /workdir/hadoop-ozone/integration-test/target/test-dir/MiniOzoneClusterImpl-d1f5ba66-8c72-4ad4-ac90-f92cf1c4e2b2/datanode-5/data/ratis/b981e42e-78c3-4f0d-bc5e-f2c8e0295381] INFO  segmented.SegmentedRaftLogWorker (SegmentedRaftLogWorker.java:execute(569)) - 5f513834-a5c3-47d7-b0df-0e7d236b5db1-SegmentedRaftLogWorker:Storage Directory /workdir/hadoop-ozone/integration-test/target/test-dir/MiniOzoneClusterImpl-d1f5ba66-8c72-4ad4-ac90-f92cf1c4e2b2/datanode-5/data/ratis/b981e42e-78c3-4f0d-bc5e-f2c8e0295381: created new log segment /workdir/hadoop-ozone/integration-test/target/test-dir/MiniOzoneClusterImpl-d1f5ba66-8c72-4ad4-ac90-f92cf1c4e2b2/datanode-5/data/ratis/b981e42e-78c3-4f0d-bc5e-f2c8e0295381/current/log_inprogress_0
2019-09-19 09:01:07,378 [5f513834-a5c3-47d7-b0df-0e7d236b5db1-SegmentedRaftLogWorker:Storage Directory /workdir/hadoop-ozone/integration-test/target/test-dir/MiniOzoneClusterImpl-d1f5ba66-8c72-4ad4-ac90-f92cf1c4e2b2/datanode-5/data/ratis/e9e55d5f-d8e3-42be-842c-f7515af90ee0] INFO  segmented.SegmentedRaftLogWorker (SegmentedRaftLogWorker.java:execute(569)) - 5f513834-a5c3-47d7-b0df-0e7d236b5db1-SegmentedRaftLogWorker:Storage Directory /workdir/hadoop-ozone/integration-test/target/test-dir/MiniOzoneClusterImpl-d1f5ba66-8c72-4ad4-ac90-f92cf1c4e2b2/datanode-5/data/ratis/e9e55d5f-d8e3-42be-842c-f7515af90ee0: created new log segment /workdir/hadoop-ozone/integration-test/target/test-dir/MiniOzoneClusterImpl-d1f5ba66-8c72-4ad4-ac90-f92cf1c4e2b2/datanode-5/data/ratis/e9e55d5f-d8e3-42be-842c-f7515af90ee0/current/log_inprogress_0
2019-09-19 09:01:07,389 | INFO  | SCMAudit | user=jenkins1000 | ip=192.168.34.5 | op=SEND_HEARTBEAT {datanodeUUID=95a4061d-e5b0-4b2c-827e-cb05eb0977c9, command=[]} | ret=SUCCESS |  
2019-09-19 09:01:07,391 [5f513834-a5c3-47d7-b0df-0e7d236b5db1-SegmentedRaftLogWorker:Storage Directory /workdir/hadoop-ozone/integration-test/target/test-dir/MiniOzoneClusterImpl-d1f5ba66-8c72-4ad4-ac90-f92cf1c4e2b2/datanode-5/data/ratis/bd7cb822-4879-4c43-9384-7826072bd649] INFO  segmented.SegmentedRaftLogWorker (SegmentedRaftLogWorker.java:execute(569)) - 5f513834-a5c3-47d7-b0df-0e7d236b5db1-SegmentedRaftLogWorker:Storage Directory /workdir/hadoop-ozone/integration-test/target/test-dir/MiniOzoneClusterImpl-d1f5ba66-8c72-4ad4-ac90-f92cf1c4e2b2/datanode-5/data/ratis/bd7cb822-4879-4c43-9384-7826072bd649: created new log segment /workdir/hadoop-ozone/integration-test/target/test-dir/MiniOzoneClusterImpl-d1f5ba66-8c72-4ad4-ac90-f92cf1c4e2b2/datanode-5/data/ratis/bd7cb822-4879-4c43-9384-7826072bd649/current/log_inprogress_0
2019-09-19 09:01:07,391 [beb77c57-4e80-4e72-9c15-fb8c3304f28a:group-90B6FFF9762A:LeaderElection81] INFO  impl.LeaderElection (LeaderElection.java:askForVotes(181)) - beb77c57-4e80-4e72-9c15-fb8c3304f28a:group-90B6FFF9762A:LeaderElection81: begin an election at term 1 for -1: [beb77c57-4e80-4e72-9c15-fb8c3304f28a:192.168.34.5:36764], old=null
2019-09-19 09:01:07,391 [beb77c57-4e80-4e72-9c15-fb8c3304f28a:group-90B6FFF9762A:LeaderElection81] INFO  impl.RoleInfo (RoleInfo.java:shutdownLeaderElection(134)) - beb77c57-4e80-4e72-9c15-fb8c3304f28a: shutdown LeaderElection
2019-09-19 09:01:07,391 [beb77c57-4e80-4e72-9c15-fb8c3304f28a:group-90B6FFF9762A:LeaderElection81] INFO  impl.RaftServerImpl (RaftServerImpl.java:setRole(171)) - beb77c57-4e80-4e72-9c15-fb8c3304f28a:group-90B6FFF9762A changes role from CANDIDATE to LEADER at term 1 for changeToLeader
2019-09-19 09:01:07,391 [beb77c57-4e80-4e72-9c15-fb8c3304f28a:group-90B6FFF9762A:LeaderElection81] INFO  impl.RaftServerImpl (ServerState.java:setLeader(263)) - beb77c57-4e80-4e72-9c15-fb8c3304f28a:group-90B6FFF9762A change Leader from null to beb77c57-4e80-4e72-9c15-fb8c3304f28a at term 1 for becomeLeader, leader elected after 5130ms
2019-09-19 09:01:07,391 [beb77c57-4e80-4e72-9c15-fb8c3304f28a:group-90B6FFF9762A:LeaderElection81] INFO  server.RaftServerConfigKeys (ConfUtils.java:logGet(43)) - raft.server.staging.catchup.gap = 1000 (default)
2019-09-19 09:01:07,391 [beb77c57-4e80-4e72-9c15-fb8c3304f28a:group-90B6FFF9762A:LeaderElection81] INFO  server.RaftServerConfigKeys (ConfUtils.java:logGet(43)) - raft.server.rpc.sleep.time = 25ms (default)
2019-09-19 09:01:07,391 [beb77c57-4e80-4e72-9c15-fb8c3304f28a:group-90B6FFF9762A:LeaderElection81] INFO  server.RaftServerConfigKeys (ConfUtils.java:logGet(43)) - raft.server.write.element-limit = 4096 (default)
2019-09-19 09:01:07,392 [beb77c57-4e80-4e72-9c15-fb8c3304f28a:group-90B6FFF9762A:LeaderElection81] INFO  server.RaftServerConfigKeys (ConfUtils.java:logGet(43)) - raft.server.watch.timeout = 10s (default)
2019-09-19 09:01:07,392 [beb77c57-4e80-4e72-9c15-fb8c3304f28a:group-90B6FFF9762A:LeaderElection81] INFO  server.RaftServerConfigKeys (ConfUtils.java:logGet(43)) - raft.server.watch.timeout.denomination = 1s (default)
2019-09-19 09:01:07,392 [beb77c57-4e80-4e72-9c15-fb8c3304f28a:group-90B6FFF9762A:LeaderElection81] INFO  server.RaftServerConfigKeys (ConfUtils.java:logGet(43)) - raft.server.watch.element-limit = 65536 (default)
2019-09-19 09:01:07,392 [beb77c57-4e80-4e72-9c15-fb8c3304f28a:group-90B6FFF9762A:LeaderElection81] INFO  impl.RoleInfo (RoleInfo.java:updateAndGet(143)) - beb77c57-4e80-4e72-9c15-fb8c3304f28a: start LeaderState
2019-09-19 09:01:07,392 [beb77c57-4e80-4e72-9c15-fb8c3304f28a:group-90B6FFF9762A:LeaderElection81] INFO  segmented.SegmentedRaftLogWorker (SegmentedRaftLogWorker.java:startLogSegment(380)) - beb77c57-4e80-4e72-9c15-fb8c3304f28a-SegmentedRaftLogWorker:Storage Directory /workdir/hadoop-ozone/integration-test/target/test-dir/MiniOzoneClusterImpl-d1f5ba66-8c72-4ad4-ac90-f92cf1c4e2b2/datanode-6/data/ratis/235a16d2-04fd-4db3-af40-90b6fff9762a: Starting segment from index:0
2019-09-19 09:01:07,393 [beb77c57-4e80-4e72-9c15-fb8c3304f28a:group-90B6FFF9762A:LeaderElection81] INFO  impl.RaftServerImpl (ServerState.java:setRaftConf(361)) - beb77c57-4e80-4e72-9c15-fb8c3304f28a:group-90B6FFF9762A set configuration 0: [beb77c57-4e80-4e72-9c15-fb8c3304f28a:192.168.34.5:36764], old=null at 0
2019-09-19 09:01:07,429 [Thread-798] INFO  impl.FollowerState (FollowerState.java:run(106)) - beb77c57-4e80-4e72-9c15-fb8c3304f28a:group-7272D4EAE315 changes to CANDIDATE, lastRpcTime:5121, electionTimeout:5107ms
2019-09-19 09:01:07,429 [Thread-798] INFO  impl.RoleInfo (RoleInfo.java:shutdownFollowerState(121)) - beb77c57-4e80-4e72-9c15-fb8c3304f28a: shutdown FollowerState
2019-09-19 09:01:07,429 [Thread-798] INFO  impl.RaftServerImpl (RaftServerImpl.java:setRole(171)) - beb77c57-4e80-4e72-9c15-fb8c3304f28a:group-7272D4EAE315 changes role from FOLLOWER to CANDIDATE at term 0 for changeToCandidate
2019-09-19 09:01:07,430 [Thread-798] INFO  impl.RoleInfo (RoleInfo.java:updateAndGet(143)) - beb77c57-4e80-4e72-9c15-fb8c3304f28a: start LeaderElection
2019-09-19 09:01:07,442 [beb77c57-4e80-4e72-9c15-fb8c3304f28a-SegmentedRaftLogWorker:Storage Directory /workdir/hadoop-ozone/integration-test/target/test-dir/MiniOzoneClusterImpl-d1f5ba66-8c72-4ad4-ac90-f92cf1c4e2b2/datanode-6/data/ratis/235a16d2-04fd-4db3-af40-90b6fff9762a] INFO  segmented.SegmentedRaftLogWorker (SegmentedRaftLogWorker.java:execute(569)) - beb77c57-4e80-4e72-9c15-fb8c3304f28a-SegmentedRaftLogWorker:Storage Directory /workdir/hadoop-ozone/integration-test/target/test-dir/MiniOzoneClusterImpl-d1f5ba66-8c72-4ad4-ac90-f92cf1c4e2b2/datanode-6/data/ratis/235a16d2-04fd-4db3-af40-90b6fff9762a: created new log segment /workdir/hadoop-ozone/integration-test/target/test-dir/MiniOzoneClusterImpl-d1f5ba66-8c72-4ad4-ac90-f92cf1c4e2b2/datanode-6/data/ratis/235a16d2-04fd-4db3-af40-90b6fff9762a/current/log_inprogress_0
2019-09-19 09:01:07,442 [beb77c57-4e80-4e72-9c15-fb8c3304f28a:group-7272D4EAE315:LeaderElection82] INFO  impl.LeaderElection (LeaderElection.java:askForVotes(181)) - beb77c57-4e80-4e72-9c15-fb8c3304f28a:group-7272D4EAE315:LeaderElection82: begin an election at term 1 for -1: [beb77c57-4e80-4e72-9c15-fb8c3304f28a:192.168.34.5:36764], old=null
2019-09-19 09:01:07,442 [beb77c57-4e80-4e72-9c15-fb8c3304f28a:group-7272D4EAE315:LeaderElection82] INFO  impl.RoleInfo (RoleInfo.java:shutdownLeaderElection(134)) - beb77c57-4e80-4e72-9c15-fb8c3304f28a: shutdown LeaderElection
2019-09-19 09:01:07,442 [beb77c57-4e80-4e72-9c15-fb8c3304f28a:group-7272D4EAE315:LeaderElection82] INFO  impl.RaftServerImpl (RaftServerImpl.java:setRole(171)) - beb77c57-4e80-4e72-9c15-fb8c3304f28a:group-7272D4EAE315 changes role from CANDIDATE to LEADER at term 1 for changeToLeader
2019-09-19 09:01:07,442 [beb77c57-4e80-4e72-9c15-fb8c3304f28a:group-7272D4EAE315:LeaderElection82] INFO  impl.RaftServerImpl (ServerState.java:setLeader(263)) - beb77c57-4e80-4e72-9c15-fb8c3304f28a:group-7272D4EAE315 change Leader from null to beb77c57-4e80-4e72-9c15-fb8c3304f28a at term 1 for becomeLeader, leader elected after 5138ms
2019-09-19 09:01:07,442 [beb77c57-4e80-4e72-9c15-fb8c3304f28a:group-7272D4EAE315:LeaderElection82] INFO  server.RaftServerConfigKeys (ConfUtils.java:logGet(43)) - raft.server.staging.catchup.gap = 1000 (default)
2019-09-19 09:01:07,443 [beb77c57-4e80-4e72-9c15-fb8c3304f28a:group-7272D4EAE315:LeaderElection82] INFO  server.RaftServerConfigKeys (ConfUtils.java:logGet(43)) - raft.server.rpc.sleep.time = 25ms (default)
2019-09-19 09:01:07,443 [beb77c57-4e80-4e72-9c15-fb8c3304f28a:group-7272D4EAE315:LeaderElection82] INFO  server.RaftServerConfigKeys (ConfUtils.java:logGet(43)) - raft.server.write.element-limit = 4096 (default)
2019-09-19 09:01:07,443 [beb77c57-4e80-4e72-9c15-fb8c3304f28a:group-7272D4EAE315:LeaderElection82] INFO  server.RaftServerConfigKeys (ConfUtils.java:logGet(43)) - raft.server.watch.timeout = 10s (default)
2019-09-19 09:01:07,443 [beb77c57-4e80-4e72-9c15-fb8c3304f28a:group-7272D4EAE315:LeaderElection82] INFO  server.RaftServerConfigKeys (ConfUtils.java:logGet(43)) - raft.server.watch.timeout.denomination = 1s (default)
2019-09-19 09:01:07,443 [beb77c57-4e80-4e72-9c15-fb8c3304f28a:group-7272D4EAE315:LeaderElection82] INFO  server.RaftServerConfigKeys (ConfUtils.java:logGet(43)) - raft.server.watch.element-limit = 65536 (default)
2019-09-19 09:01:07,443 [beb77c57-4e80-4e72-9c15-fb8c3304f28a:group-7272D4EAE315:LeaderElection82] INFO  impl.RoleInfo (RoleInfo.java:updateAndGet(143)) - beb77c57-4e80-4e72-9c15-fb8c3304f28a: start LeaderState
2019-09-19 09:01:07,443 [beb77c57-4e80-4e72-9c15-fb8c3304f28a:group-7272D4EAE315:LeaderElection82] INFO  segmented.SegmentedRaftLogWorker (SegmentedRaftLogWorker.java:startLogSegment(380)) - beb77c57-4e80-4e72-9c15-fb8c3304f28a-SegmentedRaftLogWorker:Storage Directory /workdir/hadoop-ozone/integration-test/target/test-dir/MiniOzoneClusterImpl-d1f5ba66-8c72-4ad4-ac90-f92cf1c4e2b2/datanode-6/data/ratis/47d86543-06b8-4787-96b4-7272d4eae315: Starting segment from index:0
2019-09-19 09:01:07,444 [beb77c57-4e80-4e72-9c15-fb8c3304f28a:group-7272D4EAE315:LeaderElection82] INFO  impl.RaftServerImpl (ServerState.java:setRaftConf(361)) - beb77c57-4e80-4e72-9c15-fb8c3304f28a:group-7272D4EAE315 set configuration 0: [beb77c57-4e80-4e72-9c15-fb8c3304f28a:192.168.34.5:36764], old=null at 0
2019-09-19 09:01:07,448 [Thread-801] INFO  impl.FollowerState (FollowerState.java:run(106)) - beb77c57-4e80-4e72-9c15-fb8c3304f28a:group-4D10B59F7779 changes to CANDIDATE, lastRpcTime:5105, electionTimeout:5105ms
2019-09-19 09:01:07,448 [Thread-801] INFO  impl.RoleInfo (RoleInfo.java:shutdownFollowerState(121)) - beb77c57-4e80-4e72-9c15-fb8c3304f28a: shutdown FollowerState
2019-09-19 09:01:07,448 [Thread-801] INFO  impl.RaftServerImpl (RaftServerImpl.java:setRole(171)) - beb77c57-4e80-4e72-9c15-fb8c3304f28a:group-4D10B59F7779 changes role from FOLLOWER to CANDIDATE at term 0 for changeToCandidate
2019-09-19 09:01:07,448 [Thread-801] INFO  impl.RoleInfo (RoleInfo.java:updateAndGet(143)) - beb77c57-4e80-4e72-9c15-fb8c3304f28a: start LeaderElection
2019-09-19 09:01:07,456 [beb77c57-4e80-4e72-9c15-fb8c3304f28a:group-4D10B59F7779:LeaderElection83] INFO  impl.LeaderElection (LeaderElection.java:askForVotes(181)) - beb77c57-4e80-4e72-9c15-fb8c3304f28a:group-4D10B59F7779:LeaderElection83: begin an election at term 1 for -1: [beb77c57-4e80-4e72-9c15-fb8c3304f28a:192.168.34.5:36764], old=null
2019-09-19 09:01:07,456 [beb77c57-4e80-4e72-9c15-fb8c3304f28a:group-4D10B59F7779:LeaderElection83] INFO  impl.RoleInfo (RoleInfo.java:shutdownLeaderElection(134)) - beb77c57-4e80-4e72-9c15-fb8c3304f28a: shutdown LeaderElection
2019-09-19 09:01:07,456 [beb77c57-4e80-4e72-9c15-fb8c3304f28a:group-4D10B59F7779:LeaderElection83] INFO  impl.RaftServerImpl (RaftServerImpl.java:setRole(171)) - beb77c57-4e80-4e72-9c15-fb8c3304f28a:group-4D10B59F7779 changes role from CANDIDATE to LEADER at term 1 for changeToLeader
2019-09-19 09:01:07,456 [beb77c57-4e80-4e72-9c15-fb8c3304f28a:group-4D10B59F7779:LeaderElection83] INFO  impl.RaftServerImpl (ServerState.java:setLeader(263)) - beb77c57-4e80-4e72-9c15-fb8c3304f28a:group-4D10B59F7779 change Leader from null to beb77c57-4e80-4e72-9c15-fb8c3304f28a at term 1 for becomeLeader, leader elected after 5115ms
2019-09-19 09:01:07,456 [beb77c57-4e80-4e72-9c15-fb8c3304f28a:group-4D10B59F7779:LeaderElection83] INFO  server.RaftServerConfigKeys (ConfUtils.java:logGet(43)) - raft.server.staging.catchup.gap = 1000 (default)
2019-09-19 09:01:07,456 [beb77c57-4e80-4e72-9c15-fb8c3304f28a:group-4D10B59F7779:LeaderElection83] INFO  server.RaftServerConfigKeys (ConfUtils.java:logGet(43)) - raft.server.rpc.sleep.time = 25ms (default)
2019-09-19 09:01:07,456 [beb77c57-4e80-4e72-9c15-fb8c3304f28a:group-4D10B59F7779:LeaderElection83] INFO  server.RaftServerConfigKeys (ConfUtils.java:logGet(43)) - raft.server.write.element-limit = 4096 (default)
2019-09-19 09:01:07,456 [beb77c57-4e80-4e72-9c15-fb8c3304f28a:group-4D10B59F7779:LeaderElection83] INFO  server.RaftServerConfigKeys (ConfUtils.java:logGet(43)) - raft.server.watch.timeout = 10s (default)
2019-09-19 09:01:07,456 [beb77c57-4e80-4e72-9c15-fb8c3304f28a:group-4D10B59F7779:LeaderElection83] INFO  server.RaftServerConfigKeys (ConfUtils.java:logGet(43)) - raft.server.watch.timeout.denomination = 1s (default)
2019-09-19 09:01:07,457 [beb77c57-4e80-4e72-9c15-fb8c3304f28a:group-4D10B59F7779:LeaderElection83] INFO  server.RaftServerConfigKeys (ConfUtils.java:logGet(43)) - raft.server.watch.element-limit = 65536 (default)
2019-09-19 09:01:07,457 [beb77c57-4e80-4e72-9c15-fb8c3304f28a:group-4D10B59F7779:LeaderElection83] INFO  impl.RoleInfo (RoleInfo.java:updateAndGet(143)) - beb77c57-4e80-4e72-9c15-fb8c3304f28a: start LeaderState
2019-09-19 09:01:07,457 [beb77c57-4e80-4e72-9c15-fb8c3304f28a:group-4D10B59F7779:LeaderElection83] INFO  segmented.SegmentedRaftLogWorker (SegmentedRaftLogWorker.java:startLogSegment(380)) - beb77c57-4e80-4e72-9c15-fb8c3304f28a-SegmentedRaftLogWorker:Storage Directory /workdir/hadoop-ozone/integration-test/target/test-dir/MiniOzoneClusterImpl-d1f5ba66-8c72-4ad4-ac90-f92cf1c4e2b2/datanode-6/data/ratis/3608dbb5-86ae-464f-9133-4d10b59f7779: Starting segment from index:0
2019-09-19 09:01:07,457 [beb77c57-4e80-4e72-9c15-fb8c3304f28a:group-4D10B59F7779:LeaderElection83] INFO  impl.RaftServerImpl (ServerState.java:setRaftConf(361)) - beb77c57-4e80-4e72-9c15-fb8c3304f28a:group-4D10B59F7779 set configuration 0: [beb77c57-4e80-4e72-9c15-fb8c3304f28a:192.168.34.5:36764], old=null at 0
2019-09-19 09:01:07,486 [beb77c57-4e80-4e72-9c15-fb8c3304f28a-SegmentedRaftLogWorker:Storage Directory /workdir/hadoop-ozone/integration-test/target/test-dir/MiniOzoneClusterImpl-d1f5ba66-8c72-4ad4-ac90-f92cf1c4e2b2/datanode-6/data/ratis/47d86543-06b8-4787-96b4-7272d4eae315] INFO  segmented.SegmentedRaftLogWorker (SegmentedRaftLogWorker.java:execute(569)) - beb77c57-4e80-4e72-9c15-fb8c3304f28a-SegmentedRaftLogWorker:Storage Directory /workdir/hadoop-ozone/integration-test/target/test-dir/MiniOzoneClusterImpl-d1f5ba66-8c72-4ad4-ac90-f92cf1c4e2b2/datanode-6/data/ratis/47d86543-06b8-4787-96b4-7272d4eae315: created new log segment /workdir/hadoop-ozone/integration-test/target/test-dir/MiniOzoneClusterImpl-d1f5ba66-8c72-4ad4-ac90-f92cf1c4e2b2/datanode-6/data/ratis/47d86543-06b8-4787-96b4-7272d4eae315/current/log_inprogress_0
2019-09-19 09:01:07,488 [beb77c57-4e80-4e72-9c15-fb8c3304f28a-SegmentedRaftLogWorker:Storage Directory /workdir/hadoop-ozone/integration-test/target/test-dir/MiniOzoneClusterImpl-d1f5ba66-8c72-4ad4-ac90-f92cf1c4e2b2/datanode-6/data/ratis/3608dbb5-86ae-464f-9133-4d10b59f7779] INFO  segmented.SegmentedRaftLogWorker (SegmentedRaftLogWorker.java:execute(569)) - beb77c57-4e80-4e72-9c15-fb8c3304f28a-SegmentedRaftLogWorker:Storage Directory /workdir/hadoop-ozone/integration-test/target/test-dir/MiniOzoneClusterImpl-d1f5ba66-8c72-4ad4-ac90-f92cf1c4e2b2/datanode-6/data/ratis/3608dbb5-86ae-464f-9133-4d10b59f7779: created new log segment /workdir/hadoop-ozone/integration-test/target/test-dir/MiniOzoneClusterImpl-d1f5ba66-8c72-4ad4-ac90-f92cf1c4e2b2/datanode-6/data/ratis/3608dbb5-86ae-464f-9133-4d10b59f7779/current/log_inprogress_0
2019-09-19 09:01:07,576 [Thread-804] INFO  impl.FollowerState (FollowerState.java:run(106)) - beb77c57-4e80-4e72-9c15-fb8c3304f28a:group-02C292BD2FEF changes to CANDIDATE, lastRpcTime:5196, electionTimeout:5196ms
2019-09-19 09:01:07,576 [Thread-804] INFO  impl.RoleInfo (RoleInfo.java:shutdownFollowerState(121)) - beb77c57-4e80-4e72-9c15-fb8c3304f28a: shutdown FollowerState
2019-09-19 09:01:07,576 [Thread-804] INFO  impl.RaftServerImpl (RaftServerImpl.java:setRole(171)) - beb77c57-4e80-4e72-9c15-fb8c3304f28a:group-02C292BD2FEF changes role from FOLLOWER to CANDIDATE at term 0 for changeToCandidate
2019-09-19 09:01:07,576 [Thread-804] INFO  impl.RoleInfo (RoleInfo.java:updateAndGet(143)) - beb77c57-4e80-4e72-9c15-fb8c3304f28a: start LeaderElection
2019-09-19 09:01:07,590 [beb77c57-4e80-4e72-9c15-fb8c3304f28a:group-02C292BD2FEF:LeaderElection84] INFO  impl.LeaderElection (LeaderElection.java:askForVotes(181)) - beb77c57-4e80-4e72-9c15-fb8c3304f28a:group-02C292BD2FEF:LeaderElection84: begin an election at term 1 for -1: [beb77c57-4e80-4e72-9c15-fb8c3304f28a:192.168.34.5:36764], old=null
2019-09-19 09:01:07,590 [beb77c57-4e80-4e72-9c15-fb8c3304f28a:group-02C292BD2FEF:LeaderElection84] INFO  impl.RoleInfo (RoleInfo.java:shutdownLeaderElection(134)) - beb77c57-4e80-4e72-9c15-fb8c3304f28a: shutdown LeaderElection
2019-09-19 09:01:07,590 [beb77c57-4e80-4e72-9c15-fb8c3304f28a:group-02C292BD2FEF:LeaderElection84] INFO  impl.RaftServerImpl (RaftServerImpl.java:setRole(171)) - beb77c57-4e80-4e72-9c15-fb8c3304f28a:group-02C292BD2FEF changes role from CANDIDATE to LEADER at term 1 for changeToLeader
2019-09-19 09:01:07,591 [beb77c57-4e80-4e72-9c15-fb8c3304f28a:group-02C292BD2FEF:LeaderElection84] INFO  impl.RaftServerImpl (ServerState.java:setLeader(263)) - beb77c57-4e80-4e72-9c15-fb8c3304f28a:group-02C292BD2FEF change Leader from null to beb77c57-4e80-4e72-9c15-fb8c3304f28a at term 1 for becomeLeader, leader elected after 5215ms
2019-09-19 09:01:07,591 [beb77c57-4e80-4e72-9c15-fb8c3304f28a:group-02C292BD2FEF:LeaderElection84] INFO  server.RaftServerConfigKeys (ConfUtils.java:logGet(43)) - raft.server.staging.catchup.gap = 1000 (default)
2019-09-19 09:01:07,591 [beb77c57-4e80-4e72-9c15-fb8c3304f28a:group-02C292BD2FEF:LeaderElection84] INFO  server.RaftServerConfigKeys (ConfUtils.java:logGet(43)) - raft.server.rpc.sleep.time = 25ms (default)
2019-09-19 09:01:07,591 [beb77c57-4e80-4e72-9c15-fb8c3304f28a:group-02C292BD2FEF:LeaderElection84] INFO  server.RaftServerConfigKeys (ConfUtils.java:logGet(43)) - raft.server.write.element-limit = 4096 (default)
2019-09-19 09:01:07,591 [beb77c57-4e80-4e72-9c15-fb8c3304f28a:group-02C292BD2FEF:LeaderElection84] INFO  server.RaftServerConfigKeys (ConfUtils.java:logGet(43)) - raft.server.watch.timeout = 10s (default)
2019-09-19 09:01:07,591 [beb77c57-4e80-4e72-9c15-fb8c3304f28a:group-02C292BD2FEF:LeaderElection84] INFO  server.RaftServerConfigKeys (ConfUtils.java:logGet(43)) - raft.server.watch.timeout.denomination = 1s (default)
2019-09-19 09:01:07,591 [beb77c57-4e80-4e72-9c15-fb8c3304f28a:group-02C292BD2FEF:LeaderElection84] INFO  server.RaftServerConfigKeys (ConfUtils.java:logGet(43)) - raft.server.watch.element-limit = 65536 (default)
2019-09-19 09:01:07,591 [beb77c57-4e80-4e72-9c15-fb8c3304f28a:group-02C292BD2FEF:LeaderElection84] INFO  impl.RoleInfo (RoleInfo.java:updateAndGet(143)) - beb77c57-4e80-4e72-9c15-fb8c3304f28a: start LeaderState
2019-09-19 09:01:07,591 [beb77c57-4e80-4e72-9c15-fb8c3304f28a:group-02C292BD2FEF:LeaderElection84] INFO  segmented.SegmentedRaftLogWorker (SegmentedRaftLogWorker.java:startLogSegment(380)) - beb77c57-4e80-4e72-9c15-fb8c3304f28a-SegmentedRaftLogWorker:Storage Directory /workdir/hadoop-ozone/integration-test/target/test-dir/MiniOzoneClusterImpl-d1f5ba66-8c72-4ad4-ac90-f92cf1c4e2b2/datanode-6/data/ratis/41c43383-3b30-490e-bb5a-02c292bd2fef: Starting segment from index:0
2019-09-19 09:01:07,592 [beb77c57-4e80-4e72-9c15-fb8c3304f28a:group-02C292BD2FEF:LeaderElection84] INFO  impl.RaftServerImpl (ServerState.java:setRaftConf(361)) - beb77c57-4e80-4e72-9c15-fb8c3304f28a:group-02C292BD2FEF set configuration 0: [beb77c57-4e80-4e72-9c15-fb8c3304f28a:192.168.34.5:36764], old=null at 0
2019-09-19 09:01:07,637 [beb77c57-4e80-4e72-9c15-fb8c3304f28a-SegmentedRaftLogWorker:Storage Directory /workdir/hadoop-ozone/integration-test/target/test-dir/MiniOzoneClusterImpl-d1f5ba66-8c72-4ad4-ac90-f92cf1c4e2b2/datanode-6/data/ratis/41c43383-3b30-490e-bb5a-02c292bd2fef] INFO  segmented.SegmentedRaftLogWorker (SegmentedRaftLogWorker.java:execute(569)) - beb77c57-4e80-4e72-9c15-fb8c3304f28a-SegmentedRaftLogWorker:Storage Directory /workdir/hadoop-ozone/integration-test/target/test-dir/MiniOzoneClusterImpl-d1f5ba66-8c72-4ad4-ac90-f92cf1c4e2b2/datanode-6/data/ratis/41c43383-3b30-490e-bb5a-02c292bd2fef: created new log segment /workdir/hadoop-ozone/integration-test/target/test-dir/MiniOzoneClusterImpl-d1f5ba66-8c72-4ad4-ac90-f92cf1c4e2b2/datanode-6/data/ratis/41c43383-3b30-490e-bb5a-02c292bd2fef/current/log_inprogress_0
2019-09-19 09:01:07,692 | INFO  | SCMAudit | user=jenkins1000 | ip=192.168.34.5 | op=SEND_HEARTBEAT {datanodeUUID=5f513834-a5c3-47d7-b0df-0e7d236b5db1, command=[]} | ret=SUCCESS |  
2019-09-19 09:01:07,860 | INFO  | SCMAudit | user=jenkins1000 | ip=192.168.34.5 | op=SEND_HEARTBEAT {datanodeUUID=2c2b1180-bd06-4560-b4fa-2079d6381cde, command=[]} | ret=SUCCESS |  
2019-09-19 09:01:07,911 | INFO  | SCMAudit | user=jenkins1000 | ip=192.168.34.5 | op=SEND_HEARTBEAT {datanodeUUID=beb77c57-4e80-4e72-9c15-fb8c3304f28a, command=[]} | ret=SUCCESS |  
2019-09-19 09:01:08,009 [main] INFO  ozoneimpl.OzoneContainer (OzoneContainer.java:stop(199)) - Attempting to stop container services.
2019-09-19 09:01:08,009 [ForkJoinPool.commonPool-worker-0] INFO  ozoneimpl.OzoneContainer (OzoneContainer.java:stop(199)) - Attempting to stop container services.
2019-09-19 09:01:08,010 [main] INFO  impl.RaftServerProxy (RaftServerProxy.java:lambda$close$4(314)) - d6702a85-6b54-4735-8444-02a36c5ec6eb: close
2019-09-19 09:01:08,010 [ForkJoinPool.commonPool-worker-0] INFO  impl.RaftServerProxy (RaftServerProxy.java:lambda$close$4(314)) - ef4e2621-ebc1-459a-be1e-ded655ac96a5: close
2019-09-19 09:01:08,011 [main] INFO  impl.RaftServerImpl (RaftServerImpl.java:lambda$shutdown$3(245)) - d6702a85-6b54-4735-8444-02a36c5ec6eb: shutdown group-E36D248BE40E
2019-09-19 09:01:08,011 [ForkJoinPool.commonPool-worker-0] INFO  impl.RaftServerImpl (RaftServerImpl.java:lambda$shutdown$3(245)) - ef4e2621-ebc1-459a-be1e-ded655ac96a5: shutdown group-E46673D58080
2019-09-19 09:01:08,011 [main] INFO  util.JmxRegister (JmxRegister.java:unregister(73)) - Successfully un-registered JMX Bean with object name Ratis:service=RaftServer,group=group-E36D248BE40E,id=d6702a85-6b54-4735-8444-02a36c5ec6eb
2019-09-19 09:01:08,012 [ForkJoinPool.commonPool-worker-0] INFO  util.JmxRegister (JmxRegister.java:unregister(73)) - Successfully un-registered JMX Bean with object name Ratis:service=RaftServer,group=group-E46673D58080,id=ef4e2621-ebc1-459a-be1e-ded655ac96a5
2019-09-19 09:01:08,012 [main] INFO  impl.RoleInfo (RoleInfo.java:shutdownLeaderState(104)) - d6702a85-6b54-4735-8444-02a36c5ec6eb: shutdown LeaderState
2019-09-19 09:01:08,012 [ForkJoinPool.commonPool-worker-0] INFO  impl.RoleInfo (RoleInfo.java:shutdownLeaderState(104)) - ef4e2621-ebc1-459a-be1e-ded655ac96a5: shutdown LeaderState
2019-09-19 09:01:08,013 [main] INFO  impl.PendingRequests (PendingRequests.java:sendNotLeaderResponses(202)) - d6702a85-6b54-4735-8444-02a36c5ec6eb-PendingRequests: sendNotLeaderResponses
2019-09-19 09:01:08,013 [ForkJoinPool.commonPool-worker-0] INFO  impl.PendingRequests (PendingRequests.java:sendNotLeaderResponses(202)) - ef4e2621-ebc1-459a-be1e-ded655ac96a5-PendingRequests: sendNotLeaderResponses
2019-09-19 09:01:08,014 [main] INFO  impl.StateMachineUpdater (StateMachineUpdater.java:stopAndJoin(115)) - StateMachineUpdater:d6702a85-6b54-4735-8444-02a36c5ec6eb:group-E36D248BE40E: set stopIndex = 0
2019-09-19 09:01:08,014 [ForkJoinPool.commonPool-worker-0] INFO  impl.StateMachineUpdater (StateMachineUpdater.java:stopAndJoin(115)) - StateMachineUpdater:ef4e2621-ebc1-459a-be1e-ded655ac96a5:group-E46673D58080: set stopIndex = 0
2019-09-19 09:01:08,014 [main] INFO  impl.RaftServerImpl (ServerState.java:close(394)) - d6702a85-6b54-4735-8444-02a36c5ec6eb:group-E36D248BE40E closes. The last applied log index is 0
2019-09-19 09:01:08,015 [ForkJoinPool.commonPool-worker-0] INFO  impl.RaftServerImpl (ServerState.java:close(394)) - ef4e2621-ebc1-459a-be1e-ded655ac96a5:group-E46673D58080 closes. The last applied log index is 0
2019-09-19 09:01:08,015 [d6702a85-6b54-4735-8444-02a36c5ec6eb-SegmentedRaftLogWorker:Storage Directory /workdir/hadoop-ozone/integration-test/target/test-dir/MiniOzoneClusterImpl-d1f5ba66-8c72-4ad4-ac90-f92cf1c4e2b2/datanode-4/data/ratis/6110bbfa-80ae-4a72-809a-e36d248be40e] INFO  segmented.SegmentedRaftLogWorker (SegmentedRaftLogWorker.java:run(313)) - d6702a85-6b54-4735-8444-02a36c5ec6eb-SegmentedRaftLogWorker:Storage Directory /workdir/hadoop-ozone/integration-test/target/test-dir/MiniOzoneClusterImpl-d1f5ba66-8c72-4ad4-ac90-f92cf1c4e2b2/datanode-4/data/ratis/6110bbfa-80ae-4a72-809a-e36d248be40e was interrupted, exiting. There are 0 tasks remaining in the queue.
2019-09-19 09:01:08,015 [ef4e2621-ebc1-459a-be1e-ded655ac96a5-SegmentedRaftLogWorker:Storage Directory /workdir/hadoop-ozone/integration-test/target/test-dir/MiniOzoneClusterImpl-d1f5ba66-8c72-4ad4-ac90-f92cf1c4e2b2/datanode-1/data/ratis/3408b1b4-4da9-4e5d-b27b-e46673d58080] INFO  segmented.SegmentedRaftLogWorker (SegmentedRaftLogWorker.java:run(313)) - ef4e2621-ebc1-459a-be1e-ded655ac96a5-SegmentedRaftLogWorker:Storage Directory /workdir/hadoop-ozone/integration-test/target/test-dir/MiniOzoneClusterImpl-d1f5ba66-8c72-4ad4-ac90-f92cf1c4e2b2/datanode-1/data/ratis/3408b1b4-4da9-4e5d-b27b-e46673d58080 was interrupted, exiting. There are 0 tasks remaining in the queue.
2019-09-19 09:01:08,022 [main] INFO  segmented.SegmentedRaftLogWorker (SegmentedRaftLogWorker.java:close(228)) - d6702a85-6b54-4735-8444-02a36c5ec6eb-SegmentedRaftLogWorker:Storage Directory /workdir/hadoop-ozone/integration-test/target/test-dir/MiniOzoneClusterImpl-d1f5ba66-8c72-4ad4-ac90-f92cf1c4e2b2/datanode-4/data/ratis/6110bbfa-80ae-4a72-809a-e36d248be40e close()
2019-09-19 09:01:08,022 [ForkJoinPool.commonPool-worker-0] INFO  segmented.SegmentedRaftLogWorker (SegmentedRaftLogWorker.java:close(228)) - ef4e2621-ebc1-459a-be1e-ded655ac96a5-SegmentedRaftLogWorker:Storage Directory /workdir/hadoop-ozone/integration-test/target/test-dir/MiniOzoneClusterImpl-d1f5ba66-8c72-4ad4-ac90-f92cf1c4e2b2/datanode-1/data/ratis/3408b1b4-4da9-4e5d-b27b-e46673d58080 close()
2019-09-19 09:01:08,027 [main] INFO  impl.RaftServerImpl (RaftServerImpl.java:lambda$shutdown$3(245)) - d6702a85-6b54-4735-8444-02a36c5ec6eb: shutdown group-B3056BF5A52E
2019-09-19 09:01:08,031 [ForkJoinPool.commonPool-worker-0] INFO  impl.RaftServerImpl (RaftServerImpl.java:lambda$shutdown$3(245)) - ef4e2621-ebc1-459a-be1e-ded655ac96a5: shutdown group-9BF38A22BDF2
2019-09-19 09:01:08,032 [main] INFO  util.JmxRegister (JmxRegister.java:unregister(73)) - Successfully un-registered JMX Bean with object name Ratis:service=RaftServer,group=group-B3056BF5A52E,id=d6702a85-6b54-4735-8444-02a36c5ec6eb
2019-09-19 09:01:08,032 [ForkJoinPool.commonPool-worker-0] INFO  util.JmxRegister (JmxRegister.java:unregister(73)) - Successfully un-registered JMX Bean with object name Ratis:service=RaftServer,group=group-9BF38A22BDF2,id=ef4e2621-ebc1-459a-be1e-ded655ac96a5
2019-09-19 09:01:08,032 [main] INFO  impl.RoleInfo (RoleInfo.java:shutdownLeaderState(104)) - d6702a85-6b54-4735-8444-02a36c5ec6eb: shutdown LeaderState
2019-09-19 09:01:08,033 [ForkJoinPool.commonPool-worker-0] INFO  impl.RoleInfo (RoleInfo.java:shutdownLeaderState(104)) - ef4e2621-ebc1-459a-be1e-ded655ac96a5: shutdown LeaderState
2019-09-19 09:01:08,033 [main] INFO  impl.PendingRequests (PendingRequests.java:sendNotLeaderResponses(202)) - d6702a85-6b54-4735-8444-02a36c5ec6eb-PendingRequests: sendNotLeaderResponses
2019-09-19 09:01:08,033 [ForkJoinPool.commonPool-worker-0] INFO  impl.PendingRequests (PendingRequests.java:sendNotLeaderResponses(202)) - ef4e2621-ebc1-459a-be1e-ded655ac96a5-PendingRequests: sendNotLeaderResponses
2019-09-19 09:01:08,034 [main] INFO  impl.StateMachineUpdater (StateMachineUpdater.java:stopAndJoin(115)) - StateMachineUpdater:d6702a85-6b54-4735-8444-02a36c5ec6eb:group-B3056BF5A52E: set stopIndex = 0
2019-09-19 09:01:08,034 [ForkJoinPool.commonPool-worker-0] INFO  impl.StateMachineUpdater (StateMachineUpdater.java:stopAndJoin(115)) - StateMachineUpdater:ef4e2621-ebc1-459a-be1e-ded655ac96a5:group-9BF38A22BDF2: set stopIndex = 0
2019-09-19 09:01:08,034 [main] INFO  impl.RaftServerImpl (ServerState.java:close(394)) - d6702a85-6b54-4735-8444-02a36c5ec6eb:group-B3056BF5A52E closes. The last applied log index is 0
2019-09-19 09:01:08,035 [ForkJoinPool.commonPool-worker-0] INFO  impl.RaftServerImpl (ServerState.java:close(394)) - ef4e2621-ebc1-459a-be1e-ded655ac96a5:group-9BF38A22BDF2 closes. The last applied log index is 0
2019-09-19 09:01:08,035 [d6702a85-6b54-4735-8444-02a36c5ec6eb-SegmentedRaftLogWorker:Storage Directory /workdir/hadoop-ozone/integration-test/target/test-dir/MiniOzoneClusterImpl-d1f5ba66-8c72-4ad4-ac90-f92cf1c4e2b2/datanode-4/data/ratis/df513ced-c3de-4e4d-8e17-b3056bf5a52e] INFO  segmented.SegmentedRaftLogWorker (SegmentedRaftLogWorker.java:run(313)) - d6702a85-6b54-4735-8444-02a36c5ec6eb-SegmentedRaftLogWorker:Storage Directory /workdir/hadoop-ozone/integration-test/target/test-dir/MiniOzoneClusterImpl-d1f5ba66-8c72-4ad4-ac90-f92cf1c4e2b2/datanode-4/data/ratis/df513ced-c3de-4e4d-8e17-b3056bf5a52e was interrupted, exiting. There are 0 tasks remaining in the queue.
2019-09-19 09:01:08,036 [ef4e2621-ebc1-459a-be1e-ded655ac96a5-SegmentedRaftLogWorker:Storage Directory /workdir/hadoop-ozone/integration-test/target/test-dir/MiniOzoneClusterImpl-d1f5ba66-8c72-4ad4-ac90-f92cf1c4e2b2/datanode-1/data/ratis/46a1b06e-37b7-438e-9bf4-9bf38a22bdf2] INFO  segmented.SegmentedRaftLogWorker (SegmentedRaftLogWorker.java:run(313)) - ef4e2621-ebc1-459a-be1e-ded655ac96a5-SegmentedRaftLogWorker:Storage Directory /workdir/hadoop-ozone/integration-test/target/test-dir/MiniOzoneClusterImpl-d1f5ba66-8c72-4ad4-ac90-f92cf1c4e2b2/datanode-1/data/ratis/46a1b06e-37b7-438e-9bf4-9bf38a22bdf2 was interrupted, exiting. There are 0 tasks remaining in the queue.
2019-09-19 09:01:08,038 [main] INFO  segmented.SegmentedRaftLogWorker (SegmentedRaftLogWorker.java:close(228)) - d6702a85-6b54-4735-8444-02a36c5ec6eb-SegmentedRaftLogWorker:Storage Directory /workdir/hadoop-ozone/integration-test/target/test-dir/MiniOzoneClusterImpl-d1f5ba66-8c72-4ad4-ac90-f92cf1c4e2b2/datanode-4/data/ratis/df513ced-c3de-4e4d-8e17-b3056bf5a52e close()
2019-09-19 09:01:08,040 [ForkJoinPool.commonPool-worker-0] INFO  segmented.SegmentedRaftLogWorker (SegmentedRaftLogWorker.java:close(228)) - ef4e2621-ebc1-459a-be1e-ded655ac96a5-SegmentedRaftLogWorker:Storage Directory /workdir/hadoop-ozone/integration-test/target/test-dir/MiniOzoneClusterImpl-d1f5ba66-8c72-4ad4-ac90-f92cf1c4e2b2/datanode-1/data/ratis/46a1b06e-37b7-438e-9bf4-9bf38a22bdf2 close()
2019-09-19 09:01:08,044 [main] INFO  impl.RaftServerImpl (RaftServerImpl.java:lambda$shutdown$3(245)) - d6702a85-6b54-4735-8444-02a36c5ec6eb: shutdown group-4DD614BFE43F
2019-09-19 09:01:08,048 [ForkJoinPool.commonPool-worker-0] INFO  impl.RaftServerImpl (RaftServerImpl.java:lambda$shutdown$3(245)) - ef4e2621-ebc1-459a-be1e-ded655ac96a5: shutdown group-7C39415E3FD7
2019-09-19 09:01:08,049 [main] INFO  util.JmxRegister (JmxRegister.java:unregister(73)) - Successfully un-registered JMX Bean with object name Ratis:service=RaftServer,group=group-4DD614BFE43F,id=d6702a85-6b54-4735-8444-02a36c5ec6eb
2019-09-19 09:01:08,049 [ForkJoinPool.commonPool-worker-0] INFO  util.JmxRegister (JmxRegister.java:unregister(73)) - Successfully un-registered JMX Bean with object name Ratis:service=RaftServer,group=group-7C39415E3FD7,id=ef4e2621-ebc1-459a-be1e-ded655ac96a5
2019-09-19 09:01:08,049 [main] INFO  impl.RoleInfo (RoleInfo.java:shutdownLeaderState(104)) - d6702a85-6b54-4735-8444-02a36c5ec6eb: shutdown LeaderState
2019-09-19 09:01:08,050 [ForkJoinPool.commonPool-worker-0] INFO  impl.RoleInfo (RoleInfo.java:shutdownLeaderState(104)) - ef4e2621-ebc1-459a-be1e-ded655ac96a5: shutdown LeaderState
2019-09-19 09:01:08,050 [main] INFO  impl.PendingRequests (PendingRequests.java:sendNotLeaderResponses(202)) - d6702a85-6b54-4735-8444-02a36c5ec6eb-PendingRequests: sendNotLeaderResponses
2019-09-19 09:01:08,050 [ForkJoinPool.commonPool-worker-0] INFO  impl.PendingRequests (PendingRequests.java:sendNotLeaderResponses(202)) - ef4e2621-ebc1-459a-be1e-ded655ac96a5-PendingRequests: sendNotLeaderResponses
2019-09-19 09:01:08,051 [main] INFO  impl.StateMachineUpdater (StateMachineUpdater.java:stopAndJoin(115)) - StateMachineUpdater:d6702a85-6b54-4735-8444-02a36c5ec6eb:group-4DD614BFE43F: set stopIndex = 0
2019-09-19 09:01:08,051 [ForkJoinPool.commonPool-worker-0] INFO  impl.StateMachineUpdater (StateMachineUpdater.java:stopAndJoin(115)) - StateMachineUpdater:ef4e2621-ebc1-459a-be1e-ded655ac96a5:group-7C39415E3FD7: set stopIndex = 0
2019-09-19 09:01:08,051 [main] INFO  impl.RaftServerImpl (ServerState.java:close(394)) - d6702a85-6b54-4735-8444-02a36c5ec6eb:group-4DD614BFE43F closes. The last applied log index is 0
2019-09-19 09:01:08,051 [ForkJoinPool.commonPool-worker-0] INFO  impl.RaftServerImpl (ServerState.java:close(394)) - ef4e2621-ebc1-459a-be1e-ded655ac96a5:group-7C39415E3FD7 closes. The last applied log index is 0
2019-09-19 09:01:08,052 [d6702a85-6b54-4735-8444-02a36c5ec6eb-SegmentedRaftLogWorker:Storage Directory /workdir/hadoop-ozone/integration-test/target/test-dir/MiniOzoneClusterImpl-d1f5ba66-8c72-4ad4-ac90-f92cf1c4e2b2/datanode-4/data/ratis/6cf2e9f5-dca3-43d0-83a5-4dd614bfe43f] INFO  segmented.SegmentedRaftLogWorker (SegmentedRaftLogWorker.java:run(313)) - d6702a85-6b54-4735-8444-02a36c5ec6eb-SegmentedRaftLogWorker:Storage Directory /workdir/hadoop-ozone/integration-test/target/test-dir/MiniOzoneClusterImpl-d1f5ba66-8c72-4ad4-ac90-f92cf1c4e2b2/datanode-4/data/ratis/6cf2e9f5-dca3-43d0-83a5-4dd614bfe43f was interrupted, exiting. There are 0 tasks remaining in the queue.
2019-09-19 09:01:08,052 [ef4e2621-ebc1-459a-be1e-ded655ac96a5-SegmentedRaftLogWorker:Storage Directory /workdir/hadoop-ozone/integration-test/target/test-dir/MiniOzoneClusterImpl-d1f5ba66-8c72-4ad4-ac90-f92cf1c4e2b2/datanode-1/data/ratis/ba9a034f-c96c-4da9-ac2a-7c39415e3fd7] INFO  segmented.SegmentedRaftLogWorker (SegmentedRaftLogWorker.java:run(313)) - ef4e2621-ebc1-459a-be1e-ded655ac96a5-SegmentedRaftLogWorker:Storage Directory /workdir/hadoop-ozone/integration-test/target/test-dir/MiniOzoneClusterImpl-d1f5ba66-8c72-4ad4-ac90-f92cf1c4e2b2/datanode-1/data/ratis/ba9a034f-c96c-4da9-ac2a-7c39415e3fd7 was interrupted, exiting. There are 0 tasks remaining in the queue.
2019-09-19 09:01:08,054 [main] INFO  segmented.SegmentedRaftLogWorker (SegmentedRaftLogWorker.java:close(228)) - d6702a85-6b54-4735-8444-02a36c5ec6eb-SegmentedRaftLogWorker:Storage Directory /workdir/hadoop-ozone/integration-test/target/test-dir/MiniOzoneClusterImpl-d1f5ba66-8c72-4ad4-ac90-f92cf1c4e2b2/datanode-4/data/ratis/6cf2e9f5-dca3-43d0-83a5-4dd614bfe43f close()
2019-09-19 09:01:08,056 [ForkJoinPool.commonPool-worker-0] INFO  segmented.SegmentedRaftLogWorker (SegmentedRaftLogWorker.java:close(228)) - ef4e2621-ebc1-459a-be1e-ded655ac96a5-SegmentedRaftLogWorker:Storage Directory /workdir/hadoop-ozone/integration-test/target/test-dir/MiniOzoneClusterImpl-d1f5ba66-8c72-4ad4-ac90-f92cf1c4e2b2/datanode-1/data/ratis/ba9a034f-c96c-4da9-ac2a-7c39415e3fd7 close()
2019-09-19 09:01:08,060 [main] INFO  impl.RaftServerImpl (RaftServerImpl.java:lambda$shutdown$3(245)) - d6702a85-6b54-4735-8444-02a36c5ec6eb: shutdown group-1AEFAF0D654D
2019-09-19 09:01:08,064 [ForkJoinPool.commonPool-worker-0] INFO  impl.RaftServerImpl (RaftServerImpl.java:lambda$shutdown$3(245)) - ef4e2621-ebc1-459a-be1e-ded655ac96a5: shutdown group-019DA72E7D23
2019-09-19 09:01:08,064 [main] INFO  util.JmxRegister (JmxRegister.java:unregister(73)) - Successfully un-registered JMX Bean with object name Ratis:service=RaftServer,group=group-1AEFAF0D654D,id=d6702a85-6b54-4735-8444-02a36c5ec6eb
2019-09-19 09:01:08,065 [ForkJoinPool.commonPool-worker-0] INFO  util.JmxRegister (JmxRegister.java:unregister(73)) - Successfully un-registered JMX Bean with object name Ratis:service=RaftServer,group=group-019DA72E7D23,id=ef4e2621-ebc1-459a-be1e-ded655ac96a5
2019-09-19 09:01:08,065 [main] INFO  impl.RoleInfo (RoleInfo.java:shutdownLeaderState(104)) - d6702a85-6b54-4735-8444-02a36c5ec6eb: shutdown LeaderState
2019-09-19 09:01:08,065 [ForkJoinPool.commonPool-worker-0] INFO  impl.RoleInfo (RoleInfo.java:shutdownLeaderState(104)) - ef4e2621-ebc1-459a-be1e-ded655ac96a5: shutdown LeaderState
2019-09-19 09:01:08,065 [main] INFO  impl.PendingRequests (PendingRequests.java:sendNotLeaderResponses(202)) - d6702a85-6b54-4735-8444-02a36c5ec6eb-PendingRequests: sendNotLeaderResponses
2019-09-19 09:01:08,066 [ForkJoinPool.commonPool-worker-0] INFO  impl.PendingRequests (PendingRequests.java:sendNotLeaderResponses(202)) - ef4e2621-ebc1-459a-be1e-ded655ac96a5-PendingRequests: sendNotLeaderResponses
2019-09-19 09:01:08,066 [main] INFO  impl.StateMachineUpdater (StateMachineUpdater.java:stopAndJoin(115)) - StateMachineUpdater:d6702a85-6b54-4735-8444-02a36c5ec6eb:group-1AEFAF0D654D: set stopIndex = 0
2019-09-19 09:01:08,066 [ForkJoinPool.commonPool-worker-0] INFO  impl.StateMachineUpdater (StateMachineUpdater.java:stopAndJoin(115)) - StateMachineUpdater:ef4e2621-ebc1-459a-be1e-ded655ac96a5:group-019DA72E7D23: set stopIndex = 0
2019-09-19 09:01:08,067 [main] INFO  impl.RaftServerImpl (ServerState.java:close(394)) - d6702a85-6b54-4735-8444-02a36c5ec6eb:group-1AEFAF0D654D closes. The last applied log index is 0
2019-09-19 09:01:08,067 [ForkJoinPool.commonPool-worker-0] INFO  impl.RaftServerImpl (ServerState.java:close(394)) - ef4e2621-ebc1-459a-be1e-ded655ac96a5:group-019DA72E7D23 closes. The last applied log index is 0
2019-09-19 09:01:08,067 [d6702a85-6b54-4735-8444-02a36c5ec6eb-SegmentedRaftLogWorker:Storage Directory /workdir/hadoop-ozone/integration-test/target/test-dir/MiniOzoneClusterImpl-d1f5ba66-8c72-4ad4-ac90-f92cf1c4e2b2/datanode-4/data/ratis/51693ce7-aecb-4638-8cc0-1aefaf0d654d] INFO  segmented.SegmentedRaftLogWorker (SegmentedRaftLogWorker.java:run(313)) - d6702a85-6b54-4735-8444-02a36c5ec6eb-SegmentedRaftLogWorker:Storage Directory /workdir/hadoop-ozone/integration-test/target/test-dir/MiniOzoneClusterImpl-d1f5ba66-8c72-4ad4-ac90-f92cf1c4e2b2/datanode-4/data/ratis/51693ce7-aecb-4638-8cc0-1aefaf0d654d was interrupted, exiting. There are 0 tasks remaining in the queue.
2019-09-19 09:01:08,067 [ef4e2621-ebc1-459a-be1e-ded655ac96a5-SegmentedRaftLogWorker:Storage Directory /workdir/hadoop-ozone/integration-test/target/test-dir/MiniOzoneClusterImpl-d1f5ba66-8c72-4ad4-ac90-f92cf1c4e2b2/datanode-1/data/ratis/ccbcd683-4606-4b63-8fc0-019da72e7d23] INFO  segmented.SegmentedRaftLogWorker (SegmentedRaftLogWorker.java:run(313)) - ef4e2621-ebc1-459a-be1e-ded655ac96a5-SegmentedRaftLogWorker:Storage Directory /workdir/hadoop-ozone/integration-test/target/test-dir/MiniOzoneClusterImpl-d1f5ba66-8c72-4ad4-ac90-f92cf1c4e2b2/datanode-1/data/ratis/ccbcd683-4606-4b63-8fc0-019da72e7d23 was interrupted, exiting. There are 0 tasks remaining in the queue.
2019-09-19 09:01:08,071 [ForkJoinPool.commonPool-worker-0] INFO  segmented.SegmentedRaftLogWorker (SegmentedRaftLogWorker.java:close(228)) - ef4e2621-ebc1-459a-be1e-ded655ac96a5-SegmentedRaftLogWorker:Storage Directory /workdir/hadoop-ozone/integration-test/target/test-dir/MiniOzoneClusterImpl-d1f5ba66-8c72-4ad4-ac90-f92cf1c4e2b2/datanode-1/data/ratis/ccbcd683-4606-4b63-8fc0-019da72e7d23 close()
2019-09-19 09:01:08,071 [main] INFO  segmented.SegmentedRaftLogWorker (SegmentedRaftLogWorker.java:close(228)) - d6702a85-6b54-4735-8444-02a36c5ec6eb-SegmentedRaftLogWorker:Storage Directory /workdir/hadoop-ozone/integration-test/target/test-dir/MiniOzoneClusterImpl-d1f5ba66-8c72-4ad4-ac90-f92cf1c4e2b2/datanode-4/data/ratis/51693ce7-aecb-4638-8cc0-1aefaf0d654d close()
2019-09-19 09:01:08,075 [ForkJoinPool.commonPool-worker-0] INFO  impl.RaftServerImpl (RaftServerImpl.java:lambda$shutdown$3(245)) - ef4e2621-ebc1-459a-be1e-ded655ac96a5: shutdown group-BE43672666FF
2019-09-19 09:01:08,079 [main] INFO  impl.RaftServerImpl (RaftServerImpl.java:lambda$shutdown$3(245)) - d6702a85-6b54-4735-8444-02a36c5ec6eb: shutdown group-88D2CD825C4E
2019-09-19 09:01:08,079 [ForkJoinPool.commonPool-worker-0] INFO  util.JmxRegister (JmxRegister.java:unregister(73)) - Successfully un-registered JMX Bean with object name Ratis:service=RaftServer,group=group-BE43672666FF,id=ef4e2621-ebc1-459a-be1e-ded655ac96a5
2019-09-19 09:01:08,080 [main] INFO  util.JmxRegister (JmxRegister.java:unregister(73)) - Successfully un-registered JMX Bean with object name Ratis:service=RaftServer,group=group-88D2CD825C4E,id=d6702a85-6b54-4735-8444-02a36c5ec6eb
2019-09-19 09:01:08,080 [ForkJoinPool.commonPool-worker-0] INFO  impl.RoleInfo (RoleInfo.java:shutdownLeaderState(104)) - ef4e2621-ebc1-459a-be1e-ded655ac96a5: shutdown LeaderState
2019-09-19 09:01:08,080 | INFO  | SCMAudit | user=jenkins1000 | ip=192.168.34.5 | op=SEND_HEARTBEAT {datanodeUUID=07108c51-6362-4208-ba6a-2f09d4071d3e, command=[]} | ret=SUCCESS |  
2019-09-19 09:01:08,080 [main] INFO  impl.RoleInfo (RoleInfo.java:shutdownLeaderState(104)) - d6702a85-6b54-4735-8444-02a36c5ec6eb: shutdown LeaderState
2019-09-19 09:01:08,080 [ForkJoinPool.commonPool-worker-0] INFO  impl.PendingRequests (PendingRequests.java:sendNotLeaderResponses(202)) - ef4e2621-ebc1-459a-be1e-ded655ac96a5-PendingRequests: sendNotLeaderResponses
2019-09-19 09:01:08,081 [main] INFO  impl.PendingRequests (PendingRequests.java:sendNotLeaderResponses(202)) - d6702a85-6b54-4735-8444-02a36c5ec6eb-PendingRequests: sendNotLeaderResponses
2019-09-19 09:01:08,081 [ForkJoinPool.commonPool-worker-0] INFO  impl.StateMachineUpdater (StateMachineUpdater.java:stopAndJoin(115)) - StateMachineUpdater:ef4e2621-ebc1-459a-be1e-ded655ac96a5:group-BE43672666FF: set stopIndex = 0
2019-09-19 09:01:08,081 [main] INFO  impl.StateMachineUpdater (StateMachineUpdater.java:stopAndJoin(115)) - StateMachineUpdater:d6702a85-6b54-4735-8444-02a36c5ec6eb:group-88D2CD825C4E: set stopIndex = 0
2019-09-19 09:01:08,081 [ForkJoinPool.commonPool-worker-0] INFO  impl.RaftServerImpl (ServerState.java:close(394)) - ef4e2621-ebc1-459a-be1e-ded655ac96a5:group-BE43672666FF closes. The last applied log index is 0
2019-09-19 09:01:08,082 [main] INFO  impl.RaftServerImpl (ServerState.java:close(394)) - d6702a85-6b54-4735-8444-02a36c5ec6eb:group-88D2CD825C4E closes. The last applied log index is 0
2019-09-19 09:01:08,082 [ef4e2621-ebc1-459a-be1e-ded655ac96a5-SegmentedRaftLogWorker:Storage Directory /workdir/hadoop-ozone/integration-test/target/test-dir/MiniOzoneClusterImpl-d1f5ba66-8c72-4ad4-ac90-f92cf1c4e2b2/datanode-1/data/ratis/92339d1b-1d98-44f9-8208-be43672666ff] INFO  segmented.SegmentedRaftLogWorker (SegmentedRaftLogWorker.java:run(313)) - ef4e2621-ebc1-459a-be1e-ded655ac96a5-SegmentedRaftLogWorker:Storage Directory /workdir/hadoop-ozone/integration-test/target/test-dir/MiniOzoneClusterImpl-d1f5ba66-8c72-4ad4-ac90-f92cf1c4e2b2/datanode-1/data/ratis/92339d1b-1d98-44f9-8208-be43672666ff was interrupted, exiting. There are 0 tasks remaining in the queue.
2019-09-19 09:01:08,082 [d6702a85-6b54-4735-8444-02a36c5ec6eb-SegmentedRaftLogWorker:Storage Directory /workdir/hadoop-ozone/integration-test/target/test-dir/MiniOzoneClusterImpl-d1f5ba66-8c72-4ad4-ac90-f92cf1c4e2b2/datanode-4/data/ratis/e084de49-2c4f-4a7c-ba73-88d2cd825c4e] INFO  segmented.SegmentedRaftLogWorker (SegmentedRaftLogWorker.java:run(313)) - d6702a85-6b54-4735-8444-02a36c5ec6eb-SegmentedRaftLogWorker:Storage Directory /workdir/hadoop-ozone/integration-test/target/test-dir/MiniOzoneClusterImpl-d1f5ba66-8c72-4ad4-ac90-f92cf1c4e2b2/datanode-4/data/ratis/e084de49-2c4f-4a7c-ba73-88d2cd825c4e was interrupted, exiting. There are 0 tasks remaining in the queue.
2019-09-19 09:01:08,084 [ForkJoinPool.commonPool-worker-0] INFO  segmented.SegmentedRaftLogWorker (SegmentedRaftLogWorker.java:close(228)) - ef4e2621-ebc1-459a-be1e-ded655ac96a5-SegmentedRaftLogWorker:Storage Directory /workdir/hadoop-ozone/integration-test/target/test-dir/MiniOzoneClusterImpl-d1f5ba66-8c72-4ad4-ac90-f92cf1c4e2b2/datanode-1/data/ratis/92339d1b-1d98-44f9-8208-be43672666ff close()
2019-09-19 09:01:08,086 [main] INFO  segmented.SegmentedRaftLogWorker (SegmentedRaftLogWorker.java:close(228)) - d6702a85-6b54-4735-8444-02a36c5ec6eb-SegmentedRaftLogWorker:Storage Directory /workdir/hadoop-ozone/integration-test/target/test-dir/MiniOzoneClusterImpl-d1f5ba66-8c72-4ad4-ac90-f92cf1c4e2b2/datanode-4/data/ratis/e084de49-2c4f-4a7c-ba73-88d2cd825c4e close()
2019-09-19 09:01:08,090 [ForkJoinPool.commonPool-worker-0] INFO  impl.RaftServerImpl (RaftServerImpl.java:lambda$shutdown$3(245)) - ef4e2621-ebc1-459a-be1e-ded655ac96a5: shutdown group-478E542FC6C3
2019-09-19 09:01:08,099 [main] INFO  impl.RaftServerImpl (RaftServerImpl.java:lambda$shutdown$3(245)) - d6702a85-6b54-4735-8444-02a36c5ec6eb: shutdown group-AADF410808D7
2019-09-19 09:01:08,099 [ForkJoinPool.commonPool-worker-0] INFO  util.JmxRegister (JmxRegister.java:unregister(73)) - Successfully un-registered JMX Bean with object name Ratis:service=RaftServer,group=group-478E542FC6C3,id=ef4e2621-ebc1-459a-be1e-ded655ac96a5
2019-09-19 09:01:08,100 [main] INFO  util.JmxRegister (JmxRegister.java:unregister(73)) - Successfully un-registered JMX Bean with object name Ratis:service=RaftServer,group=group-AADF410808D7,id=d6702a85-6b54-4735-8444-02a36c5ec6eb
2019-09-19 09:01:08,100 [ForkJoinPool.commonPool-worker-0] INFO  impl.RoleInfo (RoleInfo.java:shutdownLeaderState(104)) - ef4e2621-ebc1-459a-be1e-ded655ac96a5: shutdown LeaderState
2019-09-19 09:01:08,100 [main] INFO  impl.RoleInfo (RoleInfo.java:shutdownLeaderState(104)) - d6702a85-6b54-4735-8444-02a36c5ec6eb: shutdown LeaderState
2019-09-19 09:01:08,101 [ForkJoinPool.commonPool-worker-0] INFO  impl.PendingRequests (PendingRequests.java:sendNotLeaderResponses(202)) - ef4e2621-ebc1-459a-be1e-ded655ac96a5-PendingRequests: sendNotLeaderResponses
2019-09-19 09:01:08,101 [main] INFO  impl.PendingRequests (PendingRequests.java:sendNotLeaderResponses(202)) - d6702a85-6b54-4735-8444-02a36c5ec6eb-PendingRequests: sendNotLeaderResponses
2019-09-19 09:01:08,101 [ForkJoinPool.commonPool-worker-0] INFO  impl.StateMachineUpdater (StateMachineUpdater.java:stopAndJoin(115)) - StateMachineUpdater:ef4e2621-ebc1-459a-be1e-ded655ac96a5:group-478E542FC6C3: set stopIndex = 0
2019-09-19 09:01:08,101 [main] INFO  impl.StateMachineUpdater (StateMachineUpdater.java:stopAndJoin(115)) - StateMachineUpdater:d6702a85-6b54-4735-8444-02a36c5ec6eb:group-AADF410808D7: set stopIndex = 0
2019-09-19 09:01:08,102 [ForkJoinPool.commonPool-worker-0] INFO  impl.RaftServerImpl (ServerState.java:close(394)) - ef4e2621-ebc1-459a-be1e-ded655ac96a5:group-478E542FC6C3 closes. The last applied log index is 0
2019-09-19 09:01:08,102 [main] INFO  impl.RaftServerImpl (ServerState.java:close(394)) - d6702a85-6b54-4735-8444-02a36c5ec6eb:group-AADF410808D7 closes. The last applied log index is 0
2019-09-19 09:01:08,102 [ef4e2621-ebc1-459a-be1e-ded655ac96a5-SegmentedRaftLogWorker:Storage Directory /workdir/hadoop-ozone/integration-test/target/test-dir/MiniOzoneClusterImpl-d1f5ba66-8c72-4ad4-ac90-f92cf1c4e2b2/datanode-1/data/ratis/d8e4b01d-ee00-47cb-995e-478e542fc6c3] INFO  segmented.SegmentedRaftLogWorker (SegmentedRaftLogWorker.java:run(313)) - ef4e2621-ebc1-459a-be1e-ded655ac96a5-SegmentedRaftLogWorker:Storage Directory /workdir/hadoop-ozone/integration-test/target/test-dir/MiniOzoneClusterImpl-d1f5ba66-8c72-4ad4-ac90-f92cf1c4e2b2/datanode-1/data/ratis/d8e4b01d-ee00-47cb-995e-478e542fc6c3 was interrupted, exiting. There are 0 tasks remaining in the queue.
2019-09-19 09:01:08,103 [d6702a85-6b54-4735-8444-02a36c5ec6eb-SegmentedRaftLogWorker:Storage Directory /workdir/hadoop-ozone/integration-test/target/test-dir/MiniOzoneClusterImpl-d1f5ba66-8c72-4ad4-ac90-f92cf1c4e2b2/datanode-4/data/ratis/93d8bf7e-ea51-41d5-ab7d-aadf410808d7] INFO  segmented.SegmentedRaftLogWorker (SegmentedRaftLogWorker.java:run(313)) - d6702a85-6b54-4735-8444-02a36c5ec6eb-SegmentedRaftLogWorker:Storage Directory /workdir/hadoop-ozone/integration-test/target/test-dir/MiniOzoneClusterImpl-d1f5ba66-8c72-4ad4-ac90-f92cf1c4e2b2/datanode-4/data/ratis/93d8bf7e-ea51-41d5-ab7d-aadf410808d7 was interrupted, exiting. There are 0 tasks remaining in the queue.
2019-09-19 09:01:08,103 [ForkJoinPool.commonPool-worker-0] INFO  segmented.SegmentedRaftLogWorker (SegmentedRaftLogWorker.java:close(228)) - ef4e2621-ebc1-459a-be1e-ded655ac96a5-SegmentedRaftLogWorker:Storage Directory /workdir/hadoop-ozone/integration-test/target/test-dir/MiniOzoneClusterImpl-d1f5ba66-8c72-4ad4-ac90-f92cf1c4e2b2/datanode-1/data/ratis/d8e4b01d-ee00-47cb-995e-478e542fc6c3 close()
2019-09-19 09:01:08,103 [main] INFO  segmented.SegmentedRaftLogWorker (SegmentedRaftLogWorker.java:close(228)) - d6702a85-6b54-4735-8444-02a36c5ec6eb-SegmentedRaftLogWorker:Storage Directory /workdir/hadoop-ozone/integration-test/target/test-dir/MiniOzoneClusterImpl-d1f5ba66-8c72-4ad4-ac90-f92cf1c4e2b2/datanode-4/data/ratis/93d8bf7e-ea51-41d5-ab7d-aadf410808d7 close()
2019-09-19 09:01:08,105 [ForkJoinPool.commonPool-worker-0] INFO  server.GrpcService (GrpcService.java:closeImpl(155)) - ef4e2621-ebc1-459a-be1e-ded655ac96a5: shutdown server with port 40340 now
2019-09-19 09:01:08,107 [main] INFO  server.GrpcService (GrpcService.java:closeImpl(155)) - d6702a85-6b54-4735-8444-02a36c5ec6eb: shutdown server with port 38063 now
2019-09-19 09:01:08,109 [ForkJoinPool.commonPool-worker-0] INFO  server.GrpcService (GrpcService.java:closeImpl(163)) - ef4e2621-ebc1-459a-be1e-ded655ac96a5: shutdown server with port 40340 successfully
2019-09-19 09:01:08,111 [main] INFO  server.GrpcService (GrpcService.java:closeImpl(163)) - d6702a85-6b54-4735-8444-02a36c5ec6eb: shutdown server with port 38063 successfully
2019-09-19 09:01:08,113 [main] INFO  utils.BackgroundService (BackgroundService.java:shutdown(148)) - Shutting down service BlockDeletingService
2019-09-19 09:01:08,115 [refreshUsed-/workdir/hadoop-ozone/integration-test/target/test-dir/MiniOzoneClusterImpl-d1f5ba66-8c72-4ad4-ac90-f92cf1c4e2b2/datanode-4/data/containers] WARN  fs.CachingGetSpaceUsed (CachingGetSpaceUsed.java:run(183)) - Thread Interrupted waiting to refresh disk information: sleep interrupted
2019-09-19 09:01:08,116 [ForkJoinPool.commonPool-worker-0] INFO  utils.BackgroundService (BackgroundService.java:shutdown(148)) - Shutting down service BlockDeletingService
2019-09-19 09:01:08,117 [refreshUsed-/workdir/hadoop-ozone/integration-test/target/test-dir/MiniOzoneClusterImpl-d1f5ba66-8c72-4ad4-ac90-f92cf1c4e2b2/datanode-1/data/containers] WARN  fs.CachingGetSpaceUsed (CachingGetSpaceUsed.java:run(183)) - Thread Interrupted waiting to refresh disk information: sleep interrupted
2019-09-19 09:01:08,137 [main] INFO  statemachine.DatanodeStateMachine (DatanodeStateMachine.java:stopDaemon(395)) - Ozone container server stopped.
2019-09-19 09:01:08,143 [ForkJoinPool.commonPool-worker-0] INFO  statemachine.DatanodeStateMachine (DatanodeStateMachine.java:stopDaemon(395)) - Ozone container server stopped.
2019-09-19 09:01:08,389 | INFO  | SCMAudit | user=jenkins1000 | ip=192.168.34.5 | op=SEND_HEARTBEAT {datanodeUUID=95a4061d-e5b0-4b2c-827e-cb05eb0977c9, command=[]} | ret=SUCCESS |  
2019-09-19 09:01:08,693 | INFO  | SCMAudit | user=jenkins1000 | ip=192.168.34.5 | op=SEND_HEARTBEAT {datanodeUUID=5f513834-a5c3-47d7-b0df-0e7d236b5db1, command=[]} | ret=SUCCESS |  
2019-09-19 09:01:08,860 | INFO  | SCMAudit | user=jenkins1000 | ip=192.168.34.5 | op=SEND_HEARTBEAT {datanodeUUID=2c2b1180-bd06-4560-b4fa-2079d6381cde, command=[]} | ret=SUCCESS |  
2019-09-19 09:01:08,911 | INFO  | SCMAudit | user=jenkins1000 | ip=192.168.34.5 | op=SEND_HEARTBEAT {datanodeUUID=beb77c57-4e80-4e72-9c15-fb8c3304f28a, command=[]} | ret=SUCCESS |  
2019-09-19 09:01:09,076 | INFO  | SCMAudit | user=jenkins1000 | ip=192.168.34.5 | op=SEND_HEARTBEAT {datanodeUUID=07108c51-6362-4208-ba6a-2f09d4071d3e, command=[]} | ret=SUCCESS |  
2019-09-19 09:01:09,390 | INFO  | SCMAudit | user=jenkins1000 | ip=192.168.34.5 | op=SEND_HEARTBEAT {datanodeUUID=95a4061d-e5b0-4b2c-827e-cb05eb0977c9, command=[]} | ret=SUCCESS |  
2019-09-19 09:01:09,692 | INFO  | SCMAudit | user=jenkins1000 | ip=192.168.34.5 | op=SEND_HEARTBEAT {datanodeUUID=5f513834-a5c3-47d7-b0df-0e7d236b5db1, command=[]} | ret=SUCCESS |  
2019-09-19 09:01:09,860 | INFO  | SCMAudit | user=jenkins1000 | ip=192.168.34.5 | op=SEND_HEARTBEAT {datanodeUUID=2c2b1180-bd06-4560-b4fa-2079d6381cde, command=[]} | ret=SUCCESS |  
2019-09-19 09:01:09,911 | INFO  | SCMAudit | user=jenkins1000 | ip=192.168.34.5 | op=SEND_HEARTBEAT {datanodeUUID=beb77c57-4e80-4e72-9c15-fb8c3304f28a, command=[]} | ret=SUCCESS |  
2019-09-19 09:01:10,076 | INFO  | SCMAudit | user=jenkins1000 | ip=192.168.34.5 | op=SEND_HEARTBEAT {datanodeUUID=07108c51-6362-4208-ba6a-2f09d4071d3e, command=[]} | ret=SUCCESS |  
2019-09-19 09:01:10,390 | INFO  | SCMAudit | user=jenkins1000 | ip=192.168.34.5 | op=SEND_HEARTBEAT {datanodeUUID=95a4061d-e5b0-4b2c-827e-cb05eb0977c9, command=[]} | ret=SUCCESS |  
2019-09-19 09:01:10,692 | INFO  | SCMAudit | user=jenkins1000 | ip=192.168.34.5 | op=SEND_HEARTBEAT {datanodeUUID=5f513834-a5c3-47d7-b0df-0e7d236b5db1, command=[]} | ret=SUCCESS |  
2019-09-19 09:01:10,861 | INFO  | SCMAudit | user=jenkins1000 | ip=192.168.34.5 | op=SEND_HEARTBEAT {datanodeUUID=2c2b1180-bd06-4560-b4fa-2079d6381cde, command=[]} | ret=SUCCESS |  
2019-09-19 09:01:10,911 | INFO  | SCMAudit | user=jenkins1000 | ip=192.168.34.5 | op=SEND_HEARTBEAT {datanodeUUID=beb77c57-4e80-4e72-9c15-fb8c3304f28a, command=[]} | ret=SUCCESS |  
2019-09-19 09:01:11,077 | INFO  | SCMAudit | user=jenkins1000 | ip=192.168.34.5 | op=SEND_HEARTBEAT {datanodeUUID=07108c51-6362-4208-ba6a-2f09d4071d3e, command=[]} | ret=SUCCESS |  
2019-09-19 09:01:11,080 [main] INFO  handler.ContextHandler (ContextHandler.java:doStop(910)) - Stopped o.e.j.w.WebAppContext@c5a2d5{/,null,UNAVAILABLE}{/hddsDatanode}
2019-09-19 09:01:11,089 [ForkJoinPool.commonPool-worker-0] INFO  handler.ContextHandler (ContextHandler.java:doStop(910)) - Stopped o.e.j.w.WebAppContext@38a38ed4{/,null,UNAVAILABLE}{/hddsDatanode}
2019-09-19 09:01:11,090 [main] INFO  server.AbstractConnector (AbstractConnector.java:doStop(318)) - Stopped ServerConnector@185339ed{HTTP/1.1,[http/1.1]}{0.0.0.0:0}
2019-09-19 09:01:11,090 [main] INFO  handler.ContextHandler (ContextHandler.java:doStop(910)) - Stopped o.e.j.s.ServletContextHandler@69f69078{/static,jar:file:/home/user/.m2/repository/org/apache/hadoop/hadoop-hdds-container-service/0.5.0-SNAPSHOT/hadoop-hdds-container-service-0.5.0-SNAPSHOT.jar!/webapps/static,UNAVAILABLE}
2019-09-19 09:01:11,091 [main] INFO  handler.ContextHandler (ContextHandler.java:doStop(910)) - Stopped o.e.j.s.ServletContextHandler@590dea35{/logs,file:///workdir/hadoop-ozone/integration-test/target/log,UNAVAILABLE}
2019-09-19 09:01:11,092 [ForkJoinPool.commonPool-worker-0] INFO  server.AbstractConnector (AbstractConnector.java:doStop(318)) - Stopped ServerConnector@1e29a81a{HTTP/1.1,[http/1.1]}{0.0.0.0:0}
2019-09-19 09:01:11,096 [ForkJoinPool.commonPool-worker-0] INFO  handler.ContextHandler (ContextHandler.java:doStop(910)) - Stopped o.e.j.s.ServletContextHandler@45c90a05{/static,jar:file:/home/user/.m2/repository/org/apache/hadoop/hadoop-hdds-container-service/0.5.0-SNAPSHOT/hadoop-hdds-container-service-0.5.0-SNAPSHOT.jar!/webapps/static,UNAVAILABLE}
2019-09-19 09:01:11,096 [main] INFO  datanode.ObjectStoreHandler (ObjectStoreHandler.java:close(155)) - Closing ObjectStoreHandler.
2019-09-19 09:01:11,098 [ForkJoinPool.commonPool-worker-0] INFO  handler.ContextHandler (ContextHandler.java:doStop(910)) - Stopped o.e.j.s.ServletContextHandler@6248cfab{/logs,file:///workdir/hadoop-ozone/integration-test/target/log,UNAVAILABLE}
2019-09-19 09:01:11,100 [ForkJoinPool.commonPool-worker-0] INFO  datanode.ObjectStoreHandler (ObjectStoreHandler.java:close(155)) - Closing ObjectStoreHandler.
2019-09-19 09:01:11,100 [main] INFO  ozone.HddsDatanodeService (HddsDatanodeService.java:stop(451)) - Stopped plug-in org.apache.hadoop.ozone.web.OzoneHddsDatanodeService@526893f
2019-09-19 09:01:11,100 [ForkJoinPool.commonPool-worker-0] INFO  ozone.HddsDatanodeService (HddsDatanodeService.java:stop(451)) - Stopped plug-in org.apache.hadoop.ozone.web.OzoneHddsDatanodeService@2b2b7e3c
2019-09-19 09:01:11,390 | INFO  | SCMAudit | user=jenkins1000 | ip=192.168.34.5 | op=SEND_HEARTBEAT {datanodeUUID=95a4061d-e5b0-4b2c-827e-cb05eb0977c9, command=[]} | ret=SUCCESS |  
2019-09-19 09:01:11,692 | INFO  | SCMAudit | user=jenkins1000 | ip=192.168.34.5 | op=SEND_HEARTBEAT {datanodeUUID=5f513834-a5c3-47d7-b0df-0e7d236b5db1, command=[]} | ret=SUCCESS |  
2019-09-19 09:01:11,859 [Datanode State Machine Thread - 0] INFO  statemachine.DatanodeStateMachine (DatanodeStateMachine.java:lambda$startDaemon$0(350)) - Ozone container server started.
2019-09-19 09:01:11,912 | INFO  | SCMAudit | user=jenkins1000 | ip=192.168.34.5 | op=SEND_HEARTBEAT {datanodeUUID=beb77c57-4e80-4e72-9c15-fb8c3304f28a, command=[]} | ret=SUCCESS |  
2019-09-19 09:01:12,075 [Datanode State Machine Thread - 0] INFO  statemachine.DatanodeStateMachine (DatanodeStateMachine.java:lambda$startDaemon$0(350)) - Ozone container server started.
2019-09-19 09:01:12,390 | INFO  | SCMAudit | user=jenkins1000 | ip=192.168.34.5 | op=SEND_HEARTBEAT {datanodeUUID=95a4061d-e5b0-4b2c-827e-cb05eb0977c9, command=[]} | ret=SUCCESS |  
2019-09-19 09:01:12,692 | INFO  | SCMAudit | user=jenkins1000 | ip=192.168.34.5 | op=SEND_HEARTBEAT {datanodeUUID=5f513834-a5c3-47d7-b0df-0e7d236b5db1, command=[]} | ret=SUCCESS |  
2019-09-19 09:01:12,912 | INFO  | SCMAudit | user=jenkins1000 | ip=192.168.34.5 | op=SEND_HEARTBEAT {datanodeUUID=beb77c57-4e80-4e72-9c15-fb8c3304f28a, command=[]} | ret=SUCCESS |  
2019-09-19 09:01:13,389 | INFO  | SCMAudit | user=jenkins1000 | ip=192.168.34.5 | op=SEND_HEARTBEAT {datanodeUUID=95a4061d-e5b0-4b2c-827e-cb05eb0977c9, command=[]} | ret=SUCCESS |  
2019-09-19 09:01:13,691 | INFO  | SCMAudit | user=jenkins1000 | ip=192.168.34.5 | op=SEND_HEARTBEAT {datanodeUUID=5f513834-a5c3-47d7-b0df-0e7d236b5db1, command=[]} | ret=SUCCESS |  
2019-09-19 09:01:13,912 | INFO  | SCMAudit | user=jenkins1000 | ip=192.168.34.5 | op=SEND_HEARTBEAT {datanodeUUID=beb77c57-4e80-4e72-9c15-fb8c3304f28a, command=[]} | ret=SUCCESS |  
2019-09-19 09:01:14,390 | INFO  | SCMAudit | user=jenkins1000 | ip=192.168.34.5 | op=SEND_HEARTBEAT {datanodeUUID=95a4061d-e5b0-4b2c-827e-cb05eb0977c9, command=[]} | ret=SUCCESS |  
2019-09-19 09:01:14,692 | INFO  | SCMAudit | user=jenkins1000 | ip=192.168.34.5 | op=SEND_HEARTBEAT {datanodeUUID=5f513834-a5c3-47d7-b0df-0e7d236b5db1, command=[]} | ret=SUCCESS |  
2019-09-19 09:01:14,913 | INFO  | SCMAudit | user=jenkins1000 | ip=192.168.34.5 | op=SEND_HEARTBEAT {datanodeUUID=beb77c57-4e80-4e72-9c15-fb8c3304f28a, command=[]} | ret=SUCCESS |  
2019-09-19 09:01:15,390 | INFO  | SCMAudit | user=jenkins1000 | ip=192.168.34.5 | op=SEND_HEARTBEAT {datanodeUUID=95a4061d-e5b0-4b2c-827e-cb05eb0977c9, command=[]} | ret=SUCCESS |  
2019-09-19 09:01:15,692 | INFO  | SCMAudit | user=jenkins1000 | ip=192.168.34.5 | op=SEND_HEARTBEAT {datanodeUUID=5f513834-a5c3-47d7-b0df-0e7d236b5db1, command=[]} | ret=SUCCESS |  
2019-09-19 09:01:15,913 | INFO  | SCMAudit | user=jenkins1000 | ip=192.168.34.5 | op=SEND_HEARTBEAT {datanodeUUID=beb77c57-4e80-4e72-9c15-fb8c3304f28a, command=[]} | ret=SUCCESS |  
2019-09-19 09:01:16,101 [main] INFO  ozoneimpl.OzoneContainer (OzoneContainer.java:stop(199)) - Attempting to stop container services.
2019-09-19 09:01:16,101 [ForkJoinPool.commonPool-worker-0] INFO  ozoneimpl.OzoneContainer (OzoneContainer.java:stop(199)) - Attempting to stop container services.
2019-09-19 09:01:16,101 [main] INFO  impl.RaftServerProxy (RaftServerProxy.java:lambda$close$4(314)) - 07108c51-6362-4208-ba6a-2f09d4071d3e: close
2019-09-19 09:01:16,101 [ForkJoinPool.commonPool-worker-0] INFO  impl.RaftServerProxy (RaftServerProxy.java:lambda$close$4(314)) - 2c2b1180-bd06-4560-b4fa-2079d6381cde: close
2019-09-19 09:01:16,102 [main] INFO  impl.RaftServerImpl (RaftServerImpl.java:lambda$shutdown$3(245)) - 07108c51-6362-4208-ba6a-2f09d4071d3e: shutdown group-8B9B483D026D
2019-09-19 09:01:16,102 [ForkJoinPool.commonPool-worker-0] INFO  impl.RaftServerImpl (RaftServerImpl.java:lambda$shutdown$3(245)) - 2c2b1180-bd06-4560-b4fa-2079d6381cde: shutdown group-9897012448E8
2019-09-19 09:01:16,102 [main] INFO  util.JmxRegister (JmxRegister.java:unregister(73)) - Successfully un-registered JMX Bean with object name Ratis:service=RaftServer,group=group-8B9B483D026D,id=07108c51-6362-4208-ba6a-2f09d4071d3e
2019-09-19 09:01:16,102 [ForkJoinPool.commonPool-worker-0] INFO  util.JmxRegister (JmxRegister.java:unregister(73)) - Successfully un-registered JMX Bean with object name Ratis:service=RaftServer,group=group-9897012448E8,id=2c2b1180-bd06-4560-b4fa-2079d6381cde
2019-09-19 09:01:16,102 [main] INFO  impl.RoleInfo (RoleInfo.java:shutdownLeaderState(104)) - 07108c51-6362-4208-ba6a-2f09d4071d3e: shutdown LeaderState
2019-09-19 09:01:16,103 [ForkJoinPool.commonPool-worker-0] INFO  impl.RoleInfo (RoleInfo.java:shutdownLeaderState(104)) - 2c2b1180-bd06-4560-b4fa-2079d6381cde: shutdown LeaderState
2019-09-19 09:01:16,103 [main] INFO  impl.PendingRequests (PendingRequests.java:sendNotLeaderResponses(202)) - 07108c51-6362-4208-ba6a-2f09d4071d3e-PendingRequests: sendNotLeaderResponses
2019-09-19 09:01:16,103 [ForkJoinPool.commonPool-worker-0] INFO  impl.PendingRequests (PendingRequests.java:sendNotLeaderResponses(202)) - 2c2b1180-bd06-4560-b4fa-2079d6381cde-PendingRequests: sendNotLeaderResponses
2019-09-19 09:01:16,103 [main] INFO  impl.StateMachineUpdater (StateMachineUpdater.java:stopAndJoin(115)) - StateMachineUpdater:07108c51-6362-4208-ba6a-2f09d4071d3e:group-8B9B483D026D: set stopIndex = 0
2019-09-19 09:01:16,103 [ForkJoinPool.commonPool-worker-0] INFO  impl.StateMachineUpdater (StateMachineUpdater.java:stopAndJoin(115)) - StateMachineUpdater:2c2b1180-bd06-4560-b4fa-2079d6381cde:group-9897012448E8: set stopIndex = 0
2019-09-19 09:01:16,104 [main] INFO  impl.RaftServerImpl (ServerState.java:close(394)) - 07108c51-6362-4208-ba6a-2f09d4071d3e:group-8B9B483D026D closes. The last applied log index is 0
2019-09-19 09:01:16,104 [ForkJoinPool.commonPool-worker-0] INFO  impl.RaftServerImpl (ServerState.java:close(394)) - 2c2b1180-bd06-4560-b4fa-2079d6381cde:group-9897012448E8 closes. The last applied log index is 0
2019-09-19 09:01:16,104 [07108c51-6362-4208-ba6a-2f09d4071d3e-SegmentedRaftLogWorker:Storage Directory /workdir/hadoop-ozone/integration-test/target/test-dir/MiniOzoneClusterImpl-d1f5ba66-8c72-4ad4-ac90-f92cf1c4e2b2/datanode-3/data/ratis/f1ed5242-a011-470e-872e-8b9b483d026d] INFO  segmented.SegmentedRaftLogWorker (SegmentedRaftLogWorker.java:run(313)) - 07108c51-6362-4208-ba6a-2f09d4071d3e-SegmentedRaftLogWorker:Storage Directory /workdir/hadoop-ozone/integration-test/target/test-dir/MiniOzoneClusterImpl-d1f5ba66-8c72-4ad4-ac90-f92cf1c4e2b2/datanode-3/data/ratis/f1ed5242-a011-470e-872e-8b9b483d026d was interrupted, exiting. There are 0 tasks remaining in the queue.
2019-09-19 09:01:16,104 [2c2b1180-bd06-4560-b4fa-2079d6381cde-SegmentedRaftLogWorker:Storage Directory /workdir/hadoop-ozone/integration-test/target/test-dir/MiniOzoneClusterImpl-d1f5ba66-8c72-4ad4-ac90-f92cf1c4e2b2/datanode-2/data/ratis/7a1315fd-3713-45a6-9006-9897012448e8] INFO  segmented.SegmentedRaftLogWorker (SegmentedRaftLogWorker.java:run(313)) - 2c2b1180-bd06-4560-b4fa-2079d6381cde-SegmentedRaftLogWorker:Storage Directory /workdir/hadoop-ozone/integration-test/target/test-dir/MiniOzoneClusterImpl-d1f5ba66-8c72-4ad4-ac90-f92cf1c4e2b2/datanode-2/data/ratis/7a1315fd-3713-45a6-9006-9897012448e8 was interrupted, exiting. There are 0 tasks remaining in the queue.
2019-09-19 09:01:16,105 [main] INFO  segmented.SegmentedRaftLogWorker (SegmentedRaftLogWorker.java:close(228)) - 07108c51-6362-4208-ba6a-2f09d4071d3e-SegmentedRaftLogWorker:Storage Directory /workdir/hadoop-ozone/integration-test/target/test-dir/MiniOzoneClusterImpl-d1f5ba66-8c72-4ad4-ac90-f92cf1c4e2b2/datanode-3/data/ratis/f1ed5242-a011-470e-872e-8b9b483d026d close()
2019-09-19 09:01:16,105 [ForkJoinPool.commonPool-worker-0] INFO  segmented.SegmentedRaftLogWorker (SegmentedRaftLogWorker.java:close(228)) - 2c2b1180-bd06-4560-b4fa-2079d6381cde-SegmentedRaftLogWorker:Storage Directory /workdir/hadoop-ozone/integration-test/target/test-dir/MiniOzoneClusterImpl-d1f5ba66-8c72-4ad4-ac90-f92cf1c4e2b2/datanode-2/data/ratis/7a1315fd-3713-45a6-9006-9897012448e8 close()
2019-09-19 09:01:16,107 [main] INFO  impl.RaftServerImpl (RaftServerImpl.java:lambda$shutdown$3(245)) - 07108c51-6362-4208-ba6a-2f09d4071d3e: shutdown group-809A680518EA
2019-09-19 09:01:16,109 [ForkJoinPool.commonPool-worker-0] INFO  impl.RaftServerImpl (RaftServerImpl.java:lambda$shutdown$3(245)) - 2c2b1180-bd06-4560-b4fa-2079d6381cde: shutdown group-184828499DE9
2019-09-19 09:01:16,109 [main] INFO  util.JmxRegister (JmxRegister.java:unregister(73)) - Successfully un-registered JMX Bean with object name Ratis:service=RaftServer,group=group-809A680518EA,id=07108c51-6362-4208-ba6a-2f09d4071d3e
2019-09-19 09:01:16,109 [ForkJoinPool.commonPool-worker-0] INFO  util.JmxRegister (JmxRegister.java:unregister(73)) - Successfully un-registered JMX Bean with object name Ratis:service=RaftServer,group=group-184828499DE9,id=2c2b1180-bd06-4560-b4fa-2079d6381cde
2019-09-19 09:01:16,110 [ForkJoinPool.commonPool-worker-0] INFO  impl.RoleInfo (RoleInfo.java:shutdownLeaderState(104)) - 2c2b1180-bd06-4560-b4fa-2079d6381cde: shutdown LeaderState
2019-09-19 09:01:16,110 [main] INFO  impl.RoleInfo (RoleInfo.java:shutdownLeaderState(104)) - 07108c51-6362-4208-ba6a-2f09d4071d3e: shutdown LeaderState
2019-09-19 09:01:16,110 [ForkJoinPool.commonPool-worker-0] INFO  impl.PendingRequests (PendingRequests.java:sendNotLeaderResponses(202)) - 2c2b1180-bd06-4560-b4fa-2079d6381cde-PendingRequests: sendNotLeaderResponses
2019-09-19 09:01:16,110 [main] INFO  impl.PendingRequests (PendingRequests.java:sendNotLeaderResponses(202)) - 07108c51-6362-4208-ba6a-2f09d4071d3e-PendingRequests: sendNotLeaderResponses
2019-09-19 09:01:16,110 [ForkJoinPool.commonPool-worker-0] INFO  impl.StateMachineUpdater (StateMachineUpdater.java:stopAndJoin(115)) - StateMachineUpdater:2c2b1180-bd06-4560-b4fa-2079d6381cde:group-184828499DE9: set stopIndex = 0
2019-09-19 09:01:16,111 [main] INFO  impl.StateMachineUpdater (StateMachineUpdater.java:stopAndJoin(115)) - StateMachineUpdater:07108c51-6362-4208-ba6a-2f09d4071d3e:group-809A680518EA: set stopIndex = 0
2019-09-19 09:01:16,111 [ForkJoinPool.commonPool-worker-0] INFO  impl.RaftServerImpl (ServerState.java:close(394)) - 2c2b1180-bd06-4560-b4fa-2079d6381cde:group-184828499DE9 closes. The last applied log index is 0
2019-09-19 09:01:16,111 [main] INFO  impl.RaftServerImpl (ServerState.java:close(394)) - 07108c51-6362-4208-ba6a-2f09d4071d3e:group-809A680518EA closes. The last applied log index is 0
2019-09-19 09:01:16,111 [2c2b1180-bd06-4560-b4fa-2079d6381cde-SegmentedRaftLogWorker:Storage Directory /workdir/hadoop-ozone/integration-test/target/test-dir/MiniOzoneClusterImpl-d1f5ba66-8c72-4ad4-ac90-f92cf1c4e2b2/datanode-2/data/ratis/b2afbb55-c252-4cc5-ac14-184828499de9] INFO  segmented.SegmentedRaftLogWorker (SegmentedRaftLogWorker.java:run(313)) - 2c2b1180-bd06-4560-b4fa-2079d6381cde-SegmentedRaftLogWorker:Storage Directory /workdir/hadoop-ozone/integration-test/target/test-dir/MiniOzoneClusterImpl-d1f5ba66-8c72-4ad4-ac90-f92cf1c4e2b2/datanode-2/data/ratis/b2afbb55-c252-4cc5-ac14-184828499de9 was interrupted, exiting. There are 0 tasks remaining in the queue.
2019-09-19 09:01:16,112 [07108c51-6362-4208-ba6a-2f09d4071d3e-SegmentedRaftLogWorker:Storage Directory /workdir/hadoop-ozone/integration-test/target/test-dir/MiniOzoneClusterImpl-d1f5ba66-8c72-4ad4-ac90-f92cf1c4e2b2/datanode-3/data/ratis/a29dde4f-f2d1-4ced-89db-809a680518ea] INFO  segmented.SegmentedRaftLogWorker (SegmentedRaftLogWorker.java:run(313)) - 07108c51-6362-4208-ba6a-2f09d4071d3e-SegmentedRaftLogWorker:Storage Directory /workdir/hadoop-ozone/integration-test/target/test-dir/MiniOzoneClusterImpl-d1f5ba66-8c72-4ad4-ac90-f92cf1c4e2b2/datanode-3/data/ratis/a29dde4f-f2d1-4ced-89db-809a680518ea was interrupted, exiting. There are 0 tasks remaining in the queue.
2019-09-19 09:01:16,112 [ForkJoinPool.commonPool-worker-0] INFO  segmented.SegmentedRaftLogWorker (SegmentedRaftLogWorker.java:close(228)) - 2c2b1180-bd06-4560-b4fa-2079d6381cde-SegmentedRaftLogWorker:Storage Directory /workdir/hadoop-ozone/integration-test/target/test-dir/MiniOzoneClusterImpl-d1f5ba66-8c72-4ad4-ac90-f92cf1c4e2b2/datanode-2/data/ratis/b2afbb55-c252-4cc5-ac14-184828499de9 close()
2019-09-19 09:01:16,112 [main] INFO  segmented.SegmentedRaftLogWorker (SegmentedRaftLogWorker.java:close(228)) - 07108c51-6362-4208-ba6a-2f09d4071d3e-SegmentedRaftLogWorker:Storage Directory /workdir/hadoop-ozone/integration-test/target/test-dir/MiniOzoneClusterImpl-d1f5ba66-8c72-4ad4-ac90-f92cf1c4e2b2/datanode-3/data/ratis/a29dde4f-f2d1-4ced-89db-809a680518ea close()
2019-09-19 09:01:16,114 [ForkJoinPool.commonPool-worker-0] INFO  impl.RaftServerImpl (RaftServerImpl.java:lambda$shutdown$3(245)) - 2c2b1180-bd06-4560-b4fa-2079d6381cde: shutdown group-142E04DC3D60
2019-09-19 09:01:16,115 [main] INFO  impl.RaftServerImpl (RaftServerImpl.java:lambda$shutdown$3(245)) - 07108c51-6362-4208-ba6a-2f09d4071d3e: shutdown group-2C74025D7DE3
2019-09-19 09:01:16,115 [ForkJoinPool.commonPool-worker-0] INFO  util.JmxRegister (JmxRegister.java:unregister(73)) - Successfully un-registered JMX Bean with object name Ratis:service=RaftServer,group=group-142E04DC3D60,id=2c2b1180-bd06-4560-b4fa-2079d6381cde
2019-09-19 09:01:16,116 [main] INFO  util.JmxRegister (JmxRegister.java:unregister(73)) - Successfully un-registered JMX Bean with object name Ratis:service=RaftServer,group=group-2C74025D7DE3,id=07108c51-6362-4208-ba6a-2f09d4071d3e
2019-09-19 09:01:16,116 [ForkJoinPool.commonPool-worker-0] INFO  impl.RoleInfo (RoleInfo.java:shutdownLeaderState(104)) - 2c2b1180-bd06-4560-b4fa-2079d6381cde: shutdown LeaderState
2019-09-19 09:01:16,116 [main] INFO  impl.RoleInfo (RoleInfo.java:shutdownLeaderState(104)) - 07108c51-6362-4208-ba6a-2f09d4071d3e: shutdown LeaderState
2019-09-19 09:01:16,116 [ForkJoinPool.commonPool-worker-0] INFO  impl.PendingRequests (PendingRequests.java:sendNotLeaderResponses(202)) - 2c2b1180-bd06-4560-b4fa-2079d6381cde-PendingRequests: sendNotLeaderResponses
2019-09-19 09:01:16,116 [main] INFO  impl.PendingRequests (PendingRequests.java:sendNotLeaderResponses(202)) - 07108c51-6362-4208-ba6a-2f09d4071d3e-PendingRequests: sendNotLeaderResponses
2019-09-19 09:01:16,117 [ForkJoinPool.commonPool-worker-0] INFO  impl.StateMachineUpdater (StateMachineUpdater.java:stopAndJoin(115)) - StateMachineUpdater:2c2b1180-bd06-4560-b4fa-2079d6381cde:group-142E04DC3D60: set stopIndex = 0
2019-09-19 09:01:16,117 [main] INFO  impl.StateMachineUpdater (StateMachineUpdater.java:stopAndJoin(115)) - StateMachineUpdater:07108c51-6362-4208-ba6a-2f09d4071d3e:group-2C74025D7DE3: set stopIndex = 0
2019-09-19 09:01:16,117 [ForkJoinPool.commonPool-worker-0] INFO  impl.RaftServerImpl (ServerState.java:close(394)) - 2c2b1180-bd06-4560-b4fa-2079d6381cde:group-142E04DC3D60 closes. The last applied log index is 0
2019-09-19 09:01:16,117 [main] INFO  impl.RaftServerImpl (ServerState.java:close(394)) - 07108c51-6362-4208-ba6a-2f09d4071d3e:group-2C74025D7DE3 closes. The last applied log index is 0
2019-09-19 09:01:16,118 [2c2b1180-bd06-4560-b4fa-2079d6381cde-SegmentedRaftLogWorker:Storage Directory /workdir/hadoop-ozone/integration-test/target/test-dir/MiniOzoneClusterImpl-d1f5ba66-8c72-4ad4-ac90-f92cf1c4e2b2/datanode-2/data/ratis/10fa0bf5-f3ed-4732-857a-142e04dc3d60] INFO  segmented.SegmentedRaftLogWorker (SegmentedRaftLogWorker.java:run(313)) - 2c2b1180-bd06-4560-b4fa-2079d6381cde-SegmentedRaftLogWorker:Storage Directory /workdir/hadoop-ozone/integration-test/target/test-dir/MiniOzoneClusterImpl-d1f5ba66-8c72-4ad4-ac90-f92cf1c4e2b2/datanode-2/data/ratis/10fa0bf5-f3ed-4732-857a-142e04dc3d60 was interrupted, exiting. There are 0 tasks remaining in the queue.
2019-09-19 09:01:16,118 [07108c51-6362-4208-ba6a-2f09d4071d3e-SegmentedRaftLogWorker:Storage Directory /workdir/hadoop-ozone/integration-test/target/test-dir/MiniOzoneClusterImpl-d1f5ba66-8c72-4ad4-ac90-f92cf1c4e2b2/datanode-3/data/ratis/91cf1c4f-8738-4cea-8938-2c74025d7de3] INFO  segmented.SegmentedRaftLogWorker (SegmentedRaftLogWorker.java:run(313)) - 07108c51-6362-4208-ba6a-2f09d4071d3e-SegmentedRaftLogWorker:Storage Directory /workdir/hadoop-ozone/integration-test/target/test-dir/MiniOzoneClusterImpl-d1f5ba66-8c72-4ad4-ac90-f92cf1c4e2b2/datanode-3/data/ratis/91cf1c4f-8738-4cea-8938-2c74025d7de3 was interrupted, exiting. There are 0 tasks remaining in the queue.
2019-09-19 09:01:16,118 [ForkJoinPool.commonPool-worker-0] INFO  segmented.SegmentedRaftLogWorker (SegmentedRaftLogWorker.java:close(228)) - 2c2b1180-bd06-4560-b4fa-2079d6381cde-SegmentedRaftLogWorker:Storage Directory /workdir/hadoop-ozone/integration-test/target/test-dir/MiniOzoneClusterImpl-d1f5ba66-8c72-4ad4-ac90-f92cf1c4e2b2/datanode-2/data/ratis/10fa0bf5-f3ed-4732-857a-142e04dc3d60 close()
2019-09-19 09:01:16,118 [main] INFO  segmented.SegmentedRaftLogWorker (SegmentedRaftLogWorker.java:close(228)) - 07108c51-6362-4208-ba6a-2f09d4071d3e-SegmentedRaftLogWorker:Storage Directory /workdir/hadoop-ozone/integration-test/target/test-dir/MiniOzoneClusterImpl-d1f5ba66-8c72-4ad4-ac90-f92cf1c4e2b2/datanode-3/data/ratis/91cf1c4f-8738-4cea-8938-2c74025d7de3 close()
2019-09-19 09:01:16,120 [ForkJoinPool.commonPool-worker-0] INFO  impl.RaftServerImpl (RaftServerImpl.java:lambda$shutdown$3(245)) - 2c2b1180-bd06-4560-b4fa-2079d6381cde: shutdown group-28ED3CEE11D2
2019-09-19 09:01:16,122 [main] INFO  impl.RaftServerImpl (RaftServerImpl.java:lambda$shutdown$3(245)) - 07108c51-6362-4208-ba6a-2f09d4071d3e: shutdown group-C4D1DE44CD61
2019-09-19 09:01:16,122 [ForkJoinPool.commonPool-worker-0] INFO  util.JmxRegister (JmxRegister.java:unregister(73)) - Successfully un-registered JMX Bean with object name Ratis:service=RaftServer,group=group-28ED3CEE11D2,id=2c2b1180-bd06-4560-b4fa-2079d6381cde
2019-09-19 09:01:16,122 [main] INFO  util.JmxRegister (JmxRegister.java:unregister(73)) - Successfully un-registered JMX Bean with object name Ratis:service=RaftServer,group=group-C4D1DE44CD61,id=07108c51-6362-4208-ba6a-2f09d4071d3e
2019-09-19 09:01:16,122 [ForkJoinPool.commonPool-worker-0] INFO  impl.RoleInfo (RoleInfo.java:shutdownLeaderState(104)) - 2c2b1180-bd06-4560-b4fa-2079d6381cde: shutdown LeaderState
2019-09-19 09:01:16,122 [main] INFO  impl.RoleInfo (RoleInfo.java:shutdownLeaderState(104)) - 07108c51-6362-4208-ba6a-2f09d4071d3e: shutdown LeaderState
2019-09-19 09:01:16,123 [ForkJoinPool.commonPool-worker-0] INFO  impl.PendingRequests (PendingRequests.java:sendNotLeaderResponses(202)) - 2c2b1180-bd06-4560-b4fa-2079d6381cde-PendingRequests: sendNotLeaderResponses
2019-09-19 09:01:16,123 [main] INFO  impl.PendingRequests (PendingRequests.java:sendNotLeaderResponses(202)) - 07108c51-6362-4208-ba6a-2f09d4071d3e-PendingRequests: sendNotLeaderResponses
2019-09-19 09:01:16,123 [ForkJoinPool.commonPool-worker-0] INFO  impl.StateMachineUpdater (StateMachineUpdater.java:stopAndJoin(115)) - StateMachineUpdater:2c2b1180-bd06-4560-b4fa-2079d6381cde:group-28ED3CEE11D2: set stopIndex = 0
2019-09-19 09:01:16,123 [main] INFO  impl.StateMachineUpdater (StateMachineUpdater.java:stopAndJoin(115)) - StateMachineUpdater:07108c51-6362-4208-ba6a-2f09d4071d3e:group-C4D1DE44CD61: set stopIndex = 0
2019-09-19 09:01:16,123 [ForkJoinPool.commonPool-worker-0] INFO  impl.RaftServerImpl (ServerState.java:close(394)) - 2c2b1180-bd06-4560-b4fa-2079d6381cde:group-28ED3CEE11D2 closes. The last applied log index is 0
2019-09-19 09:01:16,124 [main] INFO  impl.RaftServerImpl (ServerState.java:close(394)) - 07108c51-6362-4208-ba6a-2f09d4071d3e:group-C4D1DE44CD61 closes. The last applied log index is 0
2019-09-19 09:01:16,124 [2c2b1180-bd06-4560-b4fa-2079d6381cde-SegmentedRaftLogWorker:Storage Directory /workdir/hadoop-ozone/integration-test/target/test-dir/MiniOzoneClusterImpl-d1f5ba66-8c72-4ad4-ac90-f92cf1c4e2b2/datanode-2/data/ratis/63a27e0b-427e-4a20-9d2c-28ed3cee11d2] INFO  segmented.SegmentedRaftLogWorker (SegmentedRaftLogWorker.java:run(313)) - 2c2b1180-bd06-4560-b4fa-2079d6381cde-SegmentedRaftLogWorker:Storage Directory /workdir/hadoop-ozone/integration-test/target/test-dir/MiniOzoneClusterImpl-d1f5ba66-8c72-4ad4-ac90-f92cf1c4e2b2/datanode-2/data/ratis/63a27e0b-427e-4a20-9d2c-28ed3cee11d2 was interrupted, exiting. There are 0 tasks remaining in the queue.
2019-09-19 09:01:16,124 [07108c51-6362-4208-ba6a-2f09d4071d3e-SegmentedRaftLogWorker:Storage Directory /workdir/hadoop-ozone/integration-test/target/test-dir/MiniOzoneClusterImpl-d1f5ba66-8c72-4ad4-ac90-f92cf1c4e2b2/datanode-3/data/ratis/a2e8756f-a606-4319-827d-c4d1de44cd61] INFO  segmented.SegmentedRaftLogWorker (SegmentedRaftLogWorker.java:run(313)) - 07108c51-6362-4208-ba6a-2f09d4071d3e-SegmentedRaftLogWorker:Storage Directory /workdir/hadoop-ozone/integration-test/target/test-dir/MiniOzoneClusterImpl-d1f5ba66-8c72-4ad4-ac90-f92cf1c4e2b2/datanode-3/data/ratis/a2e8756f-a606-4319-827d-c4d1de44cd61 was interrupted, exiting. There are 0 tasks remaining in the queue.
2019-09-19 09:01:16,124 [ForkJoinPool.commonPool-worker-0] INFO  segmented.SegmentedRaftLogWorker (SegmentedRaftLogWorker.java:close(228)) - 2c2b1180-bd06-4560-b4fa-2079d6381cde-SegmentedRaftLogWorker:Storage Directory /workdir/hadoop-ozone/integration-test/target/test-dir/MiniOzoneClusterImpl-d1f5ba66-8c72-4ad4-ac90-f92cf1c4e2b2/datanode-2/data/ratis/63a27e0b-427e-4a20-9d2c-28ed3cee11d2 close()
2019-09-19 09:01:16,124 [main] INFO  segmented.SegmentedRaftLogWorker (SegmentedRaftLogWorker.java:close(228)) - 07108c51-6362-4208-ba6a-2f09d4071d3e-SegmentedRaftLogWorker:Storage Directory /workdir/hadoop-ozone/integration-test/target/test-dir/MiniOzoneClusterImpl-d1f5ba66-8c72-4ad4-ac90-f92cf1c4e2b2/datanode-3/data/ratis/a2e8756f-a606-4319-827d-c4d1de44cd61 close()
2019-09-19 09:01:16,126 [ForkJoinPool.commonPool-worker-0] INFO  impl.RaftServerImpl (RaftServerImpl.java:lambda$shutdown$3(245)) - 2c2b1180-bd06-4560-b4fa-2079d6381cde: shutdown group-45E79BA6A987
2019-09-19 09:01:16,127 [main] INFO  impl.RaftServerImpl (RaftServerImpl.java:lambda$shutdown$3(245)) - 07108c51-6362-4208-ba6a-2f09d4071d3e: shutdown group-B5CBC8649A07
2019-09-19 09:01:16,127 [ForkJoinPool.commonPool-worker-0] INFO  util.JmxRegister (JmxRegister.java:unregister(73)) - Successfully un-registered JMX Bean with object name Ratis:service=RaftServer,group=group-45E79BA6A987,id=2c2b1180-bd06-4560-b4fa-2079d6381cde
2019-09-19 09:01:16,127 [main] INFO  util.JmxRegister (JmxRegister.java:unregister(73)) - Successfully un-registered JMX Bean with object name Ratis:service=RaftServer,group=group-B5CBC8649A07,id=07108c51-6362-4208-ba6a-2f09d4071d3e
2019-09-19 09:01:16,128 [ForkJoinPool.commonPool-worker-0] INFO  impl.RoleInfo (RoleInfo.java:shutdownLeaderState(104)) - 2c2b1180-bd06-4560-b4fa-2079d6381cde: shutdown LeaderState
2019-09-19 09:01:16,128 [main] INFO  impl.RoleInfo (RoleInfo.java:shutdownLeaderState(104)) - 07108c51-6362-4208-ba6a-2f09d4071d3e: shutdown LeaderState
2019-09-19 09:01:16,128 [ForkJoinPool.commonPool-worker-0] INFO  impl.PendingRequests (PendingRequests.java:sendNotLeaderResponses(202)) - 2c2b1180-bd06-4560-b4fa-2079d6381cde-PendingRequests: sendNotLeaderResponses
2019-09-19 09:01:16,128 [main] INFO  impl.PendingRequests (PendingRequests.java:sendNotLeaderResponses(202)) - 07108c51-6362-4208-ba6a-2f09d4071d3e-PendingRequests: sendNotLeaderResponses
2019-09-19 09:01:16,128 [ForkJoinPool.commonPool-worker-0] INFO  impl.StateMachineUpdater (StateMachineUpdater.java:stopAndJoin(115)) - StateMachineUpdater:2c2b1180-bd06-4560-b4fa-2079d6381cde:group-45E79BA6A987: set stopIndex = 0
2019-09-19 09:01:16,129 [main] INFO  impl.StateMachineUpdater (StateMachineUpdater.java:stopAndJoin(115)) - StateMachineUpdater:07108c51-6362-4208-ba6a-2f09d4071d3e:group-B5CBC8649A07: set stopIndex = 0
2019-09-19 09:01:16,129 [main] INFO  impl.RaftServerImpl (ServerState.java:close(394)) - 07108c51-6362-4208-ba6a-2f09d4071d3e:group-B5CBC8649A07 closes. The last applied log index is 0
2019-09-19 09:01:16,129 [ForkJoinPool.commonPool-worker-0] INFO  impl.RaftServerImpl (ServerState.java:close(394)) - 2c2b1180-bd06-4560-b4fa-2079d6381cde:group-45E79BA6A987 closes. The last applied log index is 0
2019-09-19 09:01:16,129 [07108c51-6362-4208-ba6a-2f09d4071d3e-SegmentedRaftLogWorker:Storage Directory /workdir/hadoop-ozone/integration-test/target/test-dir/MiniOzoneClusterImpl-d1f5ba66-8c72-4ad4-ac90-f92cf1c4e2b2/datanode-3/data/ratis/3433cef8-b1d0-4e4e-859f-b5cbc8649a07] INFO  segmented.SegmentedRaftLogWorker (SegmentedRaftLogWorker.java:run(313)) - 07108c51-6362-4208-ba6a-2f09d4071d3e-SegmentedRaftLogWorker:Storage Directory /workdir/hadoop-ozone/integration-test/target/test-dir/MiniOzoneClusterImpl-d1f5ba66-8c72-4ad4-ac90-f92cf1c4e2b2/datanode-3/data/ratis/3433cef8-b1d0-4e4e-859f-b5cbc8649a07 was interrupted, exiting. There are 0 tasks remaining in the queue.
2019-09-19 09:01:16,129 [2c2b1180-bd06-4560-b4fa-2079d6381cde-SegmentedRaftLogWorker:Storage Directory /workdir/hadoop-ozone/integration-test/target/test-dir/MiniOzoneClusterImpl-d1f5ba66-8c72-4ad4-ac90-f92cf1c4e2b2/datanode-2/data/ratis/ade689fb-3c31-47e7-b221-45e79ba6a987] INFO  segmented.SegmentedRaftLogWorker (SegmentedRaftLogWorker.java:run(313)) - 2c2b1180-bd06-4560-b4fa-2079d6381cde-SegmentedRaftLogWorker:Storage Directory /workdir/hadoop-ozone/integration-test/target/test-dir/MiniOzoneClusterImpl-d1f5ba66-8c72-4ad4-ac90-f92cf1c4e2b2/datanode-2/data/ratis/ade689fb-3c31-47e7-b221-45e79ba6a987 was interrupted, exiting. There are 0 tasks remaining in the queue.
2019-09-19 09:01:16,130 [main] INFO  segmented.SegmentedRaftLogWorker (SegmentedRaftLogWorker.java:close(228)) - 07108c51-6362-4208-ba6a-2f09d4071d3e-SegmentedRaftLogWorker:Storage Directory /workdir/hadoop-ozone/integration-test/target/test-dir/MiniOzoneClusterImpl-d1f5ba66-8c72-4ad4-ac90-f92cf1c4e2b2/datanode-3/data/ratis/3433cef8-b1d0-4e4e-859f-b5cbc8649a07 close()
2019-09-19 09:01:16,130 [ForkJoinPool.commonPool-worker-0] INFO  segmented.SegmentedRaftLogWorker (SegmentedRaftLogWorker.java:close(228)) - 2c2b1180-bd06-4560-b4fa-2079d6381cde-SegmentedRaftLogWorker:Storage Directory /workdir/hadoop-ozone/integration-test/target/test-dir/MiniOzoneClusterImpl-d1f5ba66-8c72-4ad4-ac90-f92cf1c4e2b2/datanode-2/data/ratis/ade689fb-3c31-47e7-b221-45e79ba6a987 close()
2019-09-19 09:01:16,131 [main] INFO  impl.RaftServerImpl (RaftServerImpl.java:lambda$shutdown$3(245)) - 07108c51-6362-4208-ba6a-2f09d4071d3e: shutdown group-F3D344813081
2019-09-19 09:01:16,133 [ForkJoinPool.commonPool-worker-0] INFO  impl.RaftServerImpl (RaftServerImpl.java:lambda$shutdown$3(245)) - 2c2b1180-bd06-4560-b4fa-2079d6381cde: shutdown group-62B27DBFC781
2019-09-19 09:01:16,133 [main] INFO  util.JmxRegister (JmxRegister.java:unregister(73)) - Successfully un-registered JMX Bean with object name Ratis:service=RaftServer,group=group-F3D344813081,id=07108c51-6362-4208-ba6a-2f09d4071d3e
2019-09-19 09:01:16,133 [ForkJoinPool.commonPool-worker-0] INFO  util.JmxRegister (JmxRegister.java:unregister(73)) - Successfully un-registered JMX Bean with object name Ratis:service=RaftServer,group=group-62B27DBFC781,id=2c2b1180-bd06-4560-b4fa-2079d6381cde
2019-09-19 09:01:16,133 [main] INFO  impl.RoleInfo (RoleInfo.java:shutdownLeaderState(104)) - 07108c51-6362-4208-ba6a-2f09d4071d3e: shutdown LeaderState
2019-09-19 09:01:16,133 [ForkJoinPool.commonPool-worker-0] INFO  impl.RoleInfo (RoleInfo.java:shutdownLeaderState(104)) - 2c2b1180-bd06-4560-b4fa-2079d6381cde: shutdown LeaderState
2019-09-19 09:01:16,134 [main] INFO  impl.PendingRequests (PendingRequests.java:sendNotLeaderResponses(202)) - 07108c51-6362-4208-ba6a-2f09d4071d3e-PendingRequests: sendNotLeaderResponses
2019-09-19 09:01:16,134 [ForkJoinPool.commonPool-worker-0] INFO  impl.PendingRequests (PendingRequests.java:sendNotLeaderResponses(202)) - 2c2b1180-bd06-4560-b4fa-2079d6381cde-PendingRequests: sendNotLeaderResponses
2019-09-19 09:01:16,134 [main] INFO  impl.StateMachineUpdater (StateMachineUpdater.java:stopAndJoin(115)) - StateMachineUpdater:07108c51-6362-4208-ba6a-2f09d4071d3e:group-F3D344813081: set stopIndex = 0
2019-09-19 09:01:16,134 [ForkJoinPool.commonPool-worker-0] INFO  impl.StateMachineUpdater (StateMachineUpdater.java:stopAndJoin(115)) - StateMachineUpdater:2c2b1180-bd06-4560-b4fa-2079d6381cde:group-62B27DBFC781: set stopIndex = 0
2019-09-19 09:01:16,134 [main] INFO  impl.RaftServerImpl (ServerState.java:close(394)) - 07108c51-6362-4208-ba6a-2f09d4071d3e:group-F3D344813081 closes. The last applied log index is 0
2019-09-19 09:01:16,135 [ForkJoinPool.commonPool-worker-0] INFO  impl.RaftServerImpl (ServerState.java:close(394)) - 2c2b1180-bd06-4560-b4fa-2079d6381cde:group-62B27DBFC781 closes. The last applied log index is 0
2019-09-19 09:01:16,135 [07108c51-6362-4208-ba6a-2f09d4071d3e-SegmentedRaftLogWorker:Storage Directory /workdir/hadoop-ozone/integration-test/target/test-dir/MiniOzoneClusterImpl-d1f5ba66-8c72-4ad4-ac90-f92cf1c4e2b2/datanode-3/data/ratis/1bd809d7-ee28-4f9f-af06-f3d344813081] INFO  segmented.SegmentedRaftLogWorker (SegmentedRaftLogWorker.java:run(313)) - 07108c51-6362-4208-ba6a-2f09d4071d3e-SegmentedRaftLogWorker:Storage Directory /workdir/hadoop-ozone/integration-test/target/test-dir/MiniOzoneClusterImpl-d1f5ba66-8c72-4ad4-ac90-f92cf1c4e2b2/datanode-3/data/ratis/1bd809d7-ee28-4f9f-af06-f3d344813081 was interrupted, exiting. There are 0 tasks remaining in the queue.
2019-09-19 09:01:16,135 [2c2b1180-bd06-4560-b4fa-2079d6381cde-SegmentedRaftLogWorker:Storage Directory /workdir/hadoop-ozone/integration-test/target/test-dir/MiniOzoneClusterImpl-d1f5ba66-8c72-4ad4-ac90-f92cf1c4e2b2/datanode-2/data/ratis/aa5fa3a9-6a82-402d-915a-62b27dbfc781] INFO  segmented.SegmentedRaftLogWorker (SegmentedRaftLogWorker.java:run(313)) - 2c2b1180-bd06-4560-b4fa-2079d6381cde-SegmentedRaftLogWorker:Storage Directory /workdir/hadoop-ozone/integration-test/target/test-dir/MiniOzoneClusterImpl-d1f5ba66-8c72-4ad4-ac90-f92cf1c4e2b2/datanode-2/data/ratis/aa5fa3a9-6a82-402d-915a-62b27dbfc781 was interrupted, exiting. There are 0 tasks remaining in the queue.
2019-09-19 09:01:16,135 [main] INFO  segmented.SegmentedRaftLogWorker (SegmentedRaftLogWorker.java:close(228)) - 07108c51-6362-4208-ba6a-2f09d4071d3e-SegmentedRaftLogWorker:Storage Directory /workdir/hadoop-ozone/integration-test/target/test-dir/MiniOzoneClusterImpl-d1f5ba66-8c72-4ad4-ac90-f92cf1c4e2b2/datanode-3/data/ratis/1bd809d7-ee28-4f9f-af06-f3d344813081 close()
2019-09-19 09:01:16,135 [ForkJoinPool.commonPool-worker-0] INFO  segmented.SegmentedRaftLogWorker (SegmentedRaftLogWorker.java:close(228)) - 2c2b1180-bd06-4560-b4fa-2079d6381cde-SegmentedRaftLogWorker:Storage Directory /workdir/hadoop-ozone/integration-test/target/test-dir/MiniOzoneClusterImpl-d1f5ba66-8c72-4ad4-ac90-f92cf1c4e2b2/datanode-2/data/ratis/aa5fa3a9-6a82-402d-915a-62b27dbfc781 close()
2019-09-19 09:01:16,137 [main] INFO  server.GrpcService (GrpcService.java:closeImpl(155)) - 07108c51-6362-4208-ba6a-2f09d4071d3e: shutdown server with port 42339 now
2019-09-19 09:01:16,139 [ForkJoinPool.commonPool-worker-0] INFO  server.GrpcService (GrpcService.java:closeImpl(155)) - 2c2b1180-bd06-4560-b4fa-2079d6381cde: shutdown server with port 43364 now
2019-09-19 09:01:16,141 [main] INFO  server.GrpcService (GrpcService.java:closeImpl(163)) - 07108c51-6362-4208-ba6a-2f09d4071d3e: shutdown server with port 42339 successfully
2019-09-19 09:01:16,143 [ForkJoinPool.commonPool-worker-0] INFO  server.GrpcService (GrpcService.java:closeImpl(163)) - 2c2b1180-bd06-4560-b4fa-2079d6381cde: shutdown server with port 43364 successfully
2019-09-19 09:01:16,144 [ForkJoinPool.commonPool-worker-0] INFO  utils.BackgroundService (BackgroundService.java:shutdown(148)) - Shutting down service BlockDeletingService
2019-09-19 09:01:16,144 [main] INFO  utils.BackgroundService (BackgroundService.java:shutdown(148)) - Shutting down service BlockDeletingService
2019-09-19 09:01:16,146 [refreshUsed-/workdir/hadoop-ozone/integration-test/target/test-dir/MiniOzoneClusterImpl-d1f5ba66-8c72-4ad4-ac90-f92cf1c4e2b2/datanode-3/data/containers] WARN  fs.CachingGetSpaceUsed (CachingGetSpaceUsed.java:run(183)) - Thread Interrupted waiting to refresh disk information: sleep interrupted
2019-09-19 09:01:16,146 [refreshUsed-/workdir/hadoop-ozone/integration-test/target/test-dir/MiniOzoneClusterImpl-d1f5ba66-8c72-4ad4-ac90-f92cf1c4e2b2/datanode-2/data/containers] WARN  fs.CachingGetSpaceUsed (CachingGetSpaceUsed.java:run(183)) - Thread Interrupted waiting to refresh disk information: sleep interrupted
2019-09-19 09:01:16,160 [main] INFO  statemachine.DatanodeStateMachine (DatanodeStateMachine.java:stopDaemon(395)) - Ozone container server stopped.
2019-09-19 09:01:16,163 [ForkJoinPool.commonPool-worker-0] INFO  statemachine.DatanodeStateMachine (DatanodeStateMachine.java:stopDaemon(395)) - Ozone container server stopped.
2019-09-19 09:01:16,166 [main] INFO  handler.ContextHandler (ContextHandler.java:doStop(910)) - Stopped o.e.j.w.WebAppContext@3bcc8f13{/,null,UNAVAILABLE}{/hddsDatanode}
2019-09-19 09:01:16,167 [ForkJoinPool.commonPool-worker-0] INFO  handler.ContextHandler (ContextHandler.java:doStop(910)) - Stopped o.e.j.w.WebAppContext@26865b57{/,null,UNAVAILABLE}{/hddsDatanode}
2019-09-19 09:01:16,167 [main] INFO  server.AbstractConnector (AbstractConnector.java:doStop(318)) - Stopped ServerConnector@3cb04dd{HTTP/1.1,[http/1.1]}{0.0.0.0:0}
2019-09-19 09:01:16,167 [ForkJoinPool.commonPool-worker-0] INFO  server.AbstractConnector (AbstractConnector.java:doStop(318)) - Stopped ServerConnector@46894dc5{HTTP/1.1,[http/1.1]}{0.0.0.0:0}
2019-09-19 09:01:16,167 [main] INFO  handler.ContextHandler (ContextHandler.java:doStop(910)) - Stopped o.e.j.s.ServletContextHandler@4e8afdad{/static,jar:file:/home/user/.m2/repository/org/apache/hadoop/hadoop-hdds-container-service/0.5.0-SNAPSHOT/hadoop-hdds-container-service-0.5.0-SNAPSHOT.jar!/webapps/static,UNAVAILABLE}
2019-09-19 09:01:16,168 [ForkJoinPool.commonPool-worker-0] INFO  handler.ContextHandler (ContextHandler.java:doStop(910)) - Stopped o.e.j.s.ServletContextHandler@377e573a{/static,jar:file:/home/user/.m2/repository/org/apache/hadoop/hadoop-hdds-container-service/0.5.0-SNAPSHOT/hadoop-hdds-container-service-0.5.0-SNAPSHOT.jar!/webapps/static,UNAVAILABLE}
2019-09-19 09:01:16,169 [main] INFO  handler.ContextHandler (ContextHandler.java:doStop(910)) - Stopped o.e.j.s.ServletContextHandler@6febec41{/logs,file:///workdir/hadoop-ozone/integration-test/target/log,UNAVAILABLE}
2019-09-19 09:01:16,170 [ForkJoinPool.commonPool-worker-0] INFO  handler.ContextHandler (ContextHandler.java:doStop(910)) - Stopped o.e.j.s.ServletContextHandler@574ebdaf{/logs,file:///workdir/hadoop-ozone/integration-test/target/log,UNAVAILABLE}
2019-09-19 09:01:16,171 [main] INFO  datanode.ObjectStoreHandler (ObjectStoreHandler.java:close(155)) - Closing ObjectStoreHandler.
2019-09-19 09:01:16,171 [main] INFO  ozone.HddsDatanodeService (HddsDatanodeService.java:stop(451)) - Stopped plug-in org.apache.hadoop.ozone.web.OzoneHddsDatanodeService@6fefc5ea
2019-09-19 09:01:16,171 [ForkJoinPool.commonPool-worker-0] INFO  datanode.ObjectStoreHandler (ObjectStoreHandler.java:close(155)) - Closing ObjectStoreHandler.
2019-09-19 09:01:16,171 [ForkJoinPool.commonPool-worker-0] INFO  ozone.HddsDatanodeService (HddsDatanodeService.java:stop(451)) - Stopped plug-in org.apache.hadoop.ozone.web.OzoneHddsDatanodeService@31b741e2
2019-09-19 09:01:16,389 [Datanode State Machine Thread - 0] INFO  statemachine.DatanodeStateMachine (DatanodeStateMachine.java:lambda$startDaemon$0(350)) - Ozone container server started.
2019-09-19 09:01:16,692 | INFO  | SCMAudit | user=jenkins1000 | ip=192.168.34.5 | op=SEND_HEARTBEAT {datanodeUUID=5f513834-a5c3-47d7-b0df-0e7d236b5db1, command=[]} | ret=SUCCESS |  
2019-09-19 09:01:16,912 [Datanode State Machine Thread - 0] INFO  statemachine.DatanodeStateMachine (DatanodeStateMachine.java:lambda$startDaemon$0(350)) - Ozone container server started.
2019-09-19 09:01:17,692 | INFO  | SCMAudit | user=jenkins1000 | ip=192.168.34.5 | op=SEND_HEARTBEAT {datanodeUUID=5f513834-a5c3-47d7-b0df-0e7d236b5db1, command=[]} | ret=SUCCESS |  
2019-09-19 09:01:18,692 | INFO  | SCMAudit | user=jenkins1000 | ip=192.168.34.5 | op=SEND_HEARTBEAT {datanodeUUID=5f513834-a5c3-47d7-b0df-0e7d236b5db1, command=[]} | ret=SUCCESS |  
2019-09-19 09:01:19,693 | INFO  | SCMAudit | user=jenkins1000 | ip=192.168.34.5 | op=SEND_HEARTBEAT {datanodeUUID=5f513834-a5c3-47d7-b0df-0e7d236b5db1, command=[]} | ret=SUCCESS |  
2019-09-19 09:01:20,693 | INFO  | SCMAudit | user=jenkins1000 | ip=192.168.34.5 | op=SEND_HEARTBEAT {datanodeUUID=5f513834-a5c3-47d7-b0df-0e7d236b5db1, command=[]} | ret=SUCCESS |  
2019-09-19 09:01:21,172 [main] INFO  ozoneimpl.OzoneContainer (OzoneContainer.java:stop(199)) - Attempting to stop container services.
2019-09-19 09:01:21,172 [ForkJoinPool.commonPool-worker-0] INFO  ozoneimpl.OzoneContainer (OzoneContainer.java:stop(199)) - Attempting to stop container services.
2019-09-19 09:01:21,172 [main] INFO  impl.RaftServerProxy (RaftServerProxy.java:lambda$close$4(314)) - beb77c57-4e80-4e72-9c15-fb8c3304f28a: close
2019-09-19 09:01:21,172 [ForkJoinPool.commonPool-worker-0] INFO  impl.RaftServerProxy (RaftServerProxy.java:lambda$close$4(314)) - 95a4061d-e5b0-4b2c-827e-cb05eb0977c9: close
2019-09-19 09:01:21,173 [main] INFO  impl.RaftServerImpl (RaftServerImpl.java:lambda$shutdown$3(245)) - beb77c57-4e80-4e72-9c15-fb8c3304f28a: shutdown group-90B6FFF9762A
2019-09-19 09:01:21,173 [ForkJoinPool.commonPool-worker-0] INFO  impl.RaftServerImpl (RaftServerImpl.java:lambda$shutdown$3(245)) - 95a4061d-e5b0-4b2c-827e-cb05eb0977c9: shutdown group-E84F93C92FD1
2019-09-19 09:01:21,173 [main] INFO  util.JmxRegister (JmxRegister.java:unregister(73)) - Successfully un-registered JMX Bean with object name Ratis:service=RaftServer,group=group-90B6FFF9762A,id=beb77c57-4e80-4e72-9c15-fb8c3304f28a
2019-09-19 09:01:21,174 [ForkJoinPool.commonPool-worker-0] INFO  util.JmxRegister (JmxRegister.java:unregister(73)) - Successfully un-registered JMX Bean with object name Ratis:service=RaftServer,group=group-E84F93C92FD1,id=95a4061d-e5b0-4b2c-827e-cb05eb0977c9
2019-09-19 09:01:21,174 [main] INFO  impl.RoleInfo (RoleInfo.java:shutdownLeaderState(104)) - beb77c57-4e80-4e72-9c15-fb8c3304f28a: shutdown LeaderState
2019-09-19 09:01:21,174 [ForkJoinPool.commonPool-worker-0] INFO  impl.RoleInfo (RoleInfo.java:shutdownLeaderState(104)) - 95a4061d-e5b0-4b2c-827e-cb05eb0977c9: shutdown LeaderState
2019-09-19 09:01:21,175 [main] INFO  impl.PendingRequests (PendingRequests.java:sendNotLeaderResponses(202)) - beb77c57-4e80-4e72-9c15-fb8c3304f28a-PendingRequests: sendNotLeaderResponses
2019-09-19 09:01:21,175 [ForkJoinPool.commonPool-worker-0] INFO  impl.PendingRequests (PendingRequests.java:sendNotLeaderResponses(202)) - 95a4061d-e5b0-4b2c-827e-cb05eb0977c9-PendingRequests: sendNotLeaderResponses
2019-09-19 09:01:21,175 [main] INFO  impl.StateMachineUpdater (StateMachineUpdater.java:stopAndJoin(115)) - StateMachineUpdater:beb77c57-4e80-4e72-9c15-fb8c3304f28a:group-90B6FFF9762A: set stopIndex = 0
2019-09-19 09:01:21,176 [ForkJoinPool.commonPool-worker-0] INFO  impl.StateMachineUpdater (StateMachineUpdater.java:stopAndJoin(115)) - StateMachineUpdater:95a4061d-e5b0-4b2c-827e-cb05eb0977c9:group-E84F93C92FD1: set stopIndex = 0
2019-09-19 09:01:21,176 [main] INFO  impl.RaftServerImpl (ServerState.java:close(394)) - beb77c57-4e80-4e72-9c15-fb8c3304f28a:group-90B6FFF9762A closes. The last applied log index is 0
2019-09-19 09:01:21,176 [ForkJoinPool.commonPool-worker-0] INFO  impl.RaftServerImpl (ServerState.java:close(394)) - 95a4061d-e5b0-4b2c-827e-cb05eb0977c9:group-E84F93C92FD1 closes. The last applied log index is 0
2019-09-19 09:01:21,177 [beb77c57-4e80-4e72-9c15-fb8c3304f28a-SegmentedRaftLogWorker:Storage Directory /workdir/hadoop-ozone/integration-test/target/test-dir/MiniOzoneClusterImpl-d1f5ba66-8c72-4ad4-ac90-f92cf1c4e2b2/datanode-6/data/ratis/235a16d2-04fd-4db3-af40-90b6fff9762a] INFO  segmented.SegmentedRaftLogWorker (SegmentedRaftLogWorker.java:run(313)) - beb77c57-4e80-4e72-9c15-fb8c3304f28a-SegmentedRaftLogWorker:Storage Directory /workdir/hadoop-ozone/integration-test/target/test-dir/MiniOzoneClusterImpl-d1f5ba66-8c72-4ad4-ac90-f92cf1c4e2b2/datanode-6/data/ratis/235a16d2-04fd-4db3-af40-90b6fff9762a was interrupted, exiting. There are 0 tasks remaining in the queue.
2019-09-19 09:01:21,177 [95a4061d-e5b0-4b2c-827e-cb05eb0977c9-SegmentedRaftLogWorker:Storage Directory /workdir/hadoop-ozone/integration-test/target/test-dir/MiniOzoneClusterImpl-d1f5ba66-8c72-4ad4-ac90-f92cf1c4e2b2/datanode-0/data/ratis/718b1fe0-e31b-4164-9695-e84f93c92fd1] INFO  segmented.SegmentedRaftLogWorker (SegmentedRaftLogWorker.java:run(313)) - 95a4061d-e5b0-4b2c-827e-cb05eb0977c9-SegmentedRaftLogWorker:Storage Directory /workdir/hadoop-ozone/integration-test/target/test-dir/MiniOzoneClusterImpl-d1f5ba66-8c72-4ad4-ac90-f92cf1c4e2b2/datanode-0/data/ratis/718b1fe0-e31b-4164-9695-e84f93c92fd1 was interrupted, exiting. There are 0 tasks remaining in the queue.
2019-09-19 09:01:21,177 [main] INFO  segmented.SegmentedRaftLogWorker (SegmentedRaftLogWorker.java:close(228)) - beb77c57-4e80-4e72-9c15-fb8c3304f28a-SegmentedRaftLogWorker:Storage Directory /workdir/hadoop-ozone/integration-test/target/test-dir/MiniOzoneClusterImpl-d1f5ba66-8c72-4ad4-ac90-f92cf1c4e2b2/datanode-6/data/ratis/235a16d2-04fd-4db3-af40-90b6fff9762a close()
2019-09-19 09:01:21,177 [ForkJoinPool.commonPool-worker-0] INFO  segmented.SegmentedRaftLogWorker (SegmentedRaftLogWorker.java:close(228)) - 95a4061d-e5b0-4b2c-827e-cb05eb0977c9-SegmentedRaftLogWorker:Storage Directory /workdir/hadoop-ozone/integration-test/target/test-dir/MiniOzoneClusterImpl-d1f5ba66-8c72-4ad4-ac90-f92cf1c4e2b2/datanode-0/data/ratis/718b1fe0-e31b-4164-9695-e84f93c92fd1 close()
2019-09-19 09:01:21,179 [main] INFO  impl.RaftServerImpl (RaftServerImpl.java:lambda$shutdown$3(245)) - beb77c57-4e80-4e72-9c15-fb8c3304f28a: shutdown group-02C292BD2FEF
2019-09-19 09:01:21,180 [ForkJoinPool.commonPool-worker-0] INFO  impl.RaftServerImpl (RaftServerImpl.java:lambda$shutdown$3(245)) - 95a4061d-e5b0-4b2c-827e-cb05eb0977c9: shutdown group-9B48E14E8108
2019-09-19 09:01:21,181 [main] INFO  util.JmxRegister (JmxRegister.java:unregister(73)) - Successfully un-registered JMX Bean with object name Ratis:service=RaftServer,group=group-02C292BD2FEF,id=beb77c57-4e80-4e72-9c15-fb8c3304f28a
2019-09-19 09:01:21,181 [ForkJoinPool.commonPool-worker-0] INFO  util.JmxRegister (JmxRegister.java:unregister(73)) - Successfully un-registered JMX Bean with object name Ratis:service=RaftServer,group=group-9B48E14E8108,id=95a4061d-e5b0-4b2c-827e-cb05eb0977c9
2019-09-19 09:01:21,181 [main] INFO  impl.RoleInfo (RoleInfo.java:shutdownLeaderState(104)) - beb77c57-4e80-4e72-9c15-fb8c3304f28a: shutdown LeaderState
2019-09-19 09:01:21,181 [ForkJoinPool.commonPool-worker-0] INFO  impl.RoleInfo (RoleInfo.java:shutdownLeaderState(104)) - 95a4061d-e5b0-4b2c-827e-cb05eb0977c9: shutdown LeaderState
2019-09-19 09:01:21,182 [main] INFO  impl.PendingRequests (PendingRequests.java:sendNotLeaderResponses(202)) - beb77c57-4e80-4e72-9c15-fb8c3304f28a-PendingRequests: sendNotLeaderResponses
2019-09-19 09:01:21,182 [ForkJoinPool.commonPool-worker-0] INFO  impl.PendingRequests (PendingRequests.java:sendNotLeaderResponses(202)) - 95a4061d-e5b0-4b2c-827e-cb05eb0977c9-PendingRequests: sendNotLeaderResponses
2019-09-19 09:01:21,182 [main] INFO  impl.StateMachineUpdater (StateMachineUpdater.java:stopAndJoin(115)) - StateMachineUpdater:beb77c57-4e80-4e72-9c15-fb8c3304f28a:group-02C292BD2FEF: set stopIndex = 0
2019-09-19 09:01:21,183 [ForkJoinPool.commonPool-worker-0] INFO  impl.StateMachineUpdater (StateMachineUpdater.java:stopAndJoin(115)) - StateMachineUpdater:95a4061d-e5b0-4b2c-827e-cb05eb0977c9:group-9B48E14E8108: set stopIndex = 0
2019-09-19 09:01:21,183 [main] INFO  impl.RaftServerImpl (ServerState.java:close(394)) - beb77c57-4e80-4e72-9c15-fb8c3304f28a:group-02C292BD2FEF closes. The last applied log index is 0
2019-09-19 09:01:21,183 [ForkJoinPool.commonPool-worker-0] INFO  impl.RaftServerImpl (ServerState.java:close(394)) - 95a4061d-e5b0-4b2c-827e-cb05eb0977c9:group-9B48E14E8108 closes. The last applied log index is 0
2019-09-19 09:01:21,183 [beb77c57-4e80-4e72-9c15-fb8c3304f28a-SegmentedRaftLogWorker:Storage Directory /workdir/hadoop-ozone/integration-test/target/test-dir/MiniOzoneClusterImpl-d1f5ba66-8c72-4ad4-ac90-f92cf1c4e2b2/datanode-6/data/ratis/41c43383-3b30-490e-bb5a-02c292bd2fef] INFO  segmented.SegmentedRaftLogWorker (SegmentedRaftLogWorker.java:run(313)) - beb77c57-4e80-4e72-9c15-fb8c3304f28a-SegmentedRaftLogWorker:Storage Directory /workdir/hadoop-ozone/integration-test/target/test-dir/MiniOzoneClusterImpl-d1f5ba66-8c72-4ad4-ac90-f92cf1c4e2b2/datanode-6/data/ratis/41c43383-3b30-490e-bb5a-02c292bd2fef was interrupted, exiting. There are 0 tasks remaining in the queue.
2019-09-19 09:01:21,184 [95a4061d-e5b0-4b2c-827e-cb05eb0977c9-SegmentedRaftLogWorker:Storage Directory /workdir/hadoop-ozone/integration-test/target/test-dir/MiniOzoneClusterImpl-d1f5ba66-8c72-4ad4-ac90-f92cf1c4e2b2/datanode-0/data/ratis/e75142f7-522b-43ab-aedf-9b48e14e8108] INFO  segmented.SegmentedRaftLogWorker (SegmentedRaftLogWorker.java:run(313)) - 95a4061d-e5b0-4b2c-827e-cb05eb0977c9-SegmentedRaftLogWorker:Storage Directory /workdir/hadoop-ozone/integration-test/target/test-dir/MiniOzoneClusterImpl-d1f5ba66-8c72-4ad4-ac90-f92cf1c4e2b2/datanode-0/data/ratis/e75142f7-522b-43ab-aedf-9b48e14e8108 was interrupted, exiting. There are 0 tasks remaining in the queue.
2019-09-19 09:01:21,184 [main] INFO  segmented.SegmentedRaftLogWorker (SegmentedRaftLogWorker.java:close(228)) - beb77c57-4e80-4e72-9c15-fb8c3304f28a-SegmentedRaftLogWorker:Storage Directory /workdir/hadoop-ozone/integration-test/target/test-dir/MiniOzoneClusterImpl-d1f5ba66-8c72-4ad4-ac90-f92cf1c4e2b2/datanode-6/data/ratis/41c43383-3b30-490e-bb5a-02c292bd2fef close()
2019-09-19 09:01:21,186 [main] INFO  impl.RaftServerImpl (RaftServerImpl.java:lambda$shutdown$3(245)) - beb77c57-4e80-4e72-9c15-fb8c3304f28a: shutdown group-F1B5BFDFA285
2019-09-19 09:01:21,186 [main] INFO  util.JmxRegister (JmxRegister.java:unregister(73)) - Successfully un-registered JMX Bean with object name Ratis:service=RaftServer,group=group-F1B5BFDFA285,id=beb77c57-4e80-4e72-9c15-fb8c3304f28a
2019-09-19 09:01:21,187 [main] INFO  impl.RoleInfo (RoleInfo.java:shutdownLeaderState(104)) - beb77c57-4e80-4e72-9c15-fb8c3304f28a: shutdown LeaderState
2019-09-19 09:01:21,187 [main] INFO  impl.PendingRequests (PendingRequests.java:sendNotLeaderResponses(202)) - beb77c57-4e80-4e72-9c15-fb8c3304f28a-PendingRequests: sendNotLeaderResponses
2019-09-19 09:01:21,187 [main] INFO  impl.StateMachineUpdater (StateMachineUpdater.java:stopAndJoin(115)) - StateMachineUpdater:beb77c57-4e80-4e72-9c15-fb8c3304f28a:group-F1B5BFDFA285: set stopIndex = 0
2019-09-19 09:01:21,188 [main] INFO  impl.RaftServerImpl (ServerState.java:close(394)) - beb77c57-4e80-4e72-9c15-fb8c3304f28a:group-F1B5BFDFA285 closes. The last applied log index is 0
2019-09-19 09:01:21,188 [beb77c57-4e80-4e72-9c15-fb8c3304f28a-SegmentedRaftLogWorker:Storage Directory /workdir/hadoop-ozone/integration-test/target/test-dir/MiniOzoneClusterImpl-d1f5ba66-8c72-4ad4-ac90-f92cf1c4e2b2/datanode-6/data/ratis/3e2b5268-ab20-405b-997f-f1b5bfdfa285] INFO  segmented.SegmentedRaftLogWorker (SegmentedRaftLogWorker.java:run(313)) - beb77c57-4e80-4e72-9c15-fb8c3304f28a-SegmentedRaftLogWorker:Storage Directory /workdir/hadoop-ozone/integration-test/target/test-dir/MiniOzoneClusterImpl-d1f5ba66-8c72-4ad4-ac90-f92cf1c4e2b2/datanode-6/data/ratis/3e2b5268-ab20-405b-997f-f1b5bfdfa285 was interrupted, exiting. There are 0 tasks remaining in the queue.
2019-09-19 09:01:21,188 [main] INFO  segmented.SegmentedRaftLogWorker (SegmentedRaftLogWorker.java:close(228)) - beb77c57-4e80-4e72-9c15-fb8c3304f28a-SegmentedRaftLogWorker:Storage Directory /workdir/hadoop-ozone/integration-test/target/test-dir/MiniOzoneClusterImpl-d1f5ba66-8c72-4ad4-ac90-f92cf1c4e2b2/datanode-6/data/ratis/3e2b5268-ab20-405b-997f-f1b5bfdfa285 close()
2019-09-19 09:01:21,190 [ForkJoinPool.commonPool-worker-0] INFO  segmented.SegmentedRaftLogWorker (SegmentedRaftLogWorker.java:close(228)) - 95a4061d-e5b0-4b2c-827e-cb05eb0977c9-SegmentedRaftLogWorker:Storage Directory /workdir/hadoop-ozone/integration-test/target/test-dir/MiniOzoneClusterImpl-d1f5ba66-8c72-4ad4-ac90-f92cf1c4e2b2/datanode-0/data/ratis/e75142f7-522b-43ab-aedf-9b48e14e8108 close()
2019-09-19 09:01:21,190 [main] INFO  impl.RaftServerImpl (RaftServerImpl.java:lambda$shutdown$3(245)) - beb77c57-4e80-4e72-9c15-fb8c3304f28a: shutdown group-4D10B59F7779
2019-09-19 09:01:21,191 [ForkJoinPool.commonPool-worker-0] INFO  impl.RaftServerImpl (RaftServerImpl.java:lambda$shutdown$3(245)) - 95a4061d-e5b0-4b2c-827e-cb05eb0977c9: shutdown group-F5706AC7B798
2019-09-19 09:01:21,191 [main] INFO  util.JmxRegister (JmxRegister.java:unregister(73)) - Successfully un-registered JMX Bean with object name Ratis:service=RaftServer,group=group-4D10B59F7779,id=beb77c57-4e80-4e72-9c15-fb8c3304f28a
2019-09-19 09:01:21,192 [main] INFO  impl.RoleInfo (RoleInfo.java:shutdownLeaderState(104)) - beb77c57-4e80-4e72-9c15-fb8c3304f28a: shutdown LeaderState
2019-09-19 09:01:21,192 [ForkJoinPool.commonPool-worker-0] INFO  util.JmxRegister (JmxRegister.java:unregister(73)) - Successfully un-registered JMX Bean with object name Ratis:service=RaftServer,group=group-F5706AC7B798,id=95a4061d-e5b0-4b2c-827e-cb05eb0977c9
2019-09-19 09:01:21,192 [main] INFO  impl.PendingRequests (PendingRequests.java:sendNotLeaderResponses(202)) - beb77c57-4e80-4e72-9c15-fb8c3304f28a-PendingRequests: sendNotLeaderResponses
2019-09-19 09:01:21,192 [ForkJoinPool.commonPool-worker-0] INFO  impl.RoleInfo (RoleInfo.java:shutdownLeaderState(104)) - 95a4061d-e5b0-4b2c-827e-cb05eb0977c9: shutdown LeaderState
2019-09-19 09:01:21,193 [main] INFO  impl.StateMachineUpdater (StateMachineUpdater.java:stopAndJoin(115)) - StateMachineUpdater:beb77c57-4e80-4e72-9c15-fb8c3304f28a:group-4D10B59F7779: set stopIndex = 0
2019-09-19 09:01:21,193 [main] INFO  impl.RaftServerImpl (ServerState.java:close(394)) - beb77c57-4e80-4e72-9c15-fb8c3304f28a:group-4D10B59F7779 closes. The last applied log index is 0
2019-09-19 09:01:21,193 [ForkJoinPool.commonPool-worker-0] INFO  impl.PendingRequests (PendingRequests.java:sendNotLeaderResponses(202)) - 95a4061d-e5b0-4b2c-827e-cb05eb0977c9-PendingRequests: sendNotLeaderResponses
2019-09-19 09:01:21,194 [beb77c57-4e80-4e72-9c15-fb8c3304f28a-SegmentedRaftLogWorker:Storage Directory /workdir/hadoop-ozone/integration-test/target/test-dir/MiniOzoneClusterImpl-d1f5ba66-8c72-4ad4-ac90-f92cf1c4e2b2/datanode-6/data/ratis/3608dbb5-86ae-464f-9133-4d10b59f7779] INFO  segmented.SegmentedRaftLogWorker (SegmentedRaftLogWorker.java:run(313)) - beb77c57-4e80-4e72-9c15-fb8c3304f28a-SegmentedRaftLogWorker:Storage Directory /workdir/hadoop-ozone/integration-test/target/test-dir/MiniOzoneClusterImpl-d1f5ba66-8c72-4ad4-ac90-f92cf1c4e2b2/datanode-6/data/ratis/3608dbb5-86ae-464f-9133-4d10b59f7779 was interrupted, exiting. There are 0 tasks remaining in the queue.
2019-09-19 09:01:21,194 [ForkJoinPool.commonPool-worker-0] INFO  impl.StateMachineUpdater (StateMachineUpdater.java:stopAndJoin(115)) - StateMachineUpdater:95a4061d-e5b0-4b2c-827e-cb05eb0977c9:group-F5706AC7B798: set stopIndex = 0
2019-09-19 09:01:21,194 [main] INFO  segmented.SegmentedRaftLogWorker (SegmentedRaftLogWorker.java:close(228)) - beb77c57-4e80-4e72-9c15-fb8c3304f28a-SegmentedRaftLogWorker:Storage Directory /workdir/hadoop-ozone/integration-test/target/test-dir/MiniOzoneClusterImpl-d1f5ba66-8c72-4ad4-ac90-f92cf1c4e2b2/datanode-6/data/ratis/3608dbb5-86ae-464f-9133-4d10b59f7779 close()
2019-09-19 09:01:21,194 [ForkJoinPool.commonPool-worker-0] INFO  impl.RaftServerImpl (ServerState.java:close(394)) - 95a4061d-e5b0-4b2c-827e-cb05eb0977c9:group-F5706AC7B798 closes. The last applied log index is 0
2019-09-19 09:01:21,196 [main] INFO  impl.RaftServerImpl (RaftServerImpl.java:lambda$shutdown$3(245)) - beb77c57-4e80-4e72-9c15-fb8c3304f28a: shutdown group-208E40F7C43A
2019-09-19 09:01:21,196 [95a4061d-e5b0-4b2c-827e-cb05eb0977c9-SegmentedRaftLogWorker:Storage Directory /workdir/hadoop-ozone/integration-test/target/test-dir/MiniOzoneClusterImpl-d1f5ba66-8c72-4ad4-ac90-f92cf1c4e2b2/datanode-0/data/ratis/2a5cc020-f1df-4b61-8add-f5706ac7b798] INFO  segmented.SegmentedRaftLogWorker (SegmentedRaftLogWorker.java:run(313)) - 95a4061d-e5b0-4b2c-827e-cb05eb0977c9-SegmentedRaftLogWorker:Storage Directory /workdir/hadoop-ozone/integration-test/target/test-dir/MiniOzoneClusterImpl-d1f5ba66-8c72-4ad4-ac90-f92cf1c4e2b2/datanode-0/data/ratis/2a5cc020-f1df-4b61-8add-f5706ac7b798 was interrupted, exiting. There are 0 tasks remaining in the queue.
2019-09-19 09:01:21,196 [main] INFO  util.JmxRegister (JmxRegister.java:unregister(73)) - Successfully un-registered JMX Bean with object name Ratis:service=RaftServer,group=group-208E40F7C43A,id=beb77c57-4e80-4e72-9c15-fb8c3304f28a
2019-09-19 09:01:21,196 [ForkJoinPool.commonPool-worker-0] INFO  segmented.SegmentedRaftLogWorker (SegmentedRaftLogWorker.java:close(228)) - 95a4061d-e5b0-4b2c-827e-cb05eb0977c9-SegmentedRaftLogWorker:Storage Directory /workdir/hadoop-ozone/integration-test/target/test-dir/MiniOzoneClusterImpl-d1f5ba66-8c72-4ad4-ac90-f92cf1c4e2b2/datanode-0/data/ratis/2a5cc020-f1df-4b61-8add-f5706ac7b798 close()
2019-09-19 09:01:21,196 [main] INFO  impl.RoleInfo (RoleInfo.java:shutdownLeaderState(104)) - beb77c57-4e80-4e72-9c15-fb8c3304f28a: shutdown LeaderState
2019-09-19 09:01:21,198 [ForkJoinPool.commonPool-worker-0] INFO  impl.RaftServerImpl (RaftServerImpl.java:lambda$shutdown$3(245)) - 95a4061d-e5b0-4b2c-827e-cb05eb0977c9: shutdown group-4188E6357233
2019-09-19 09:01:21,198 [main] INFO  impl.PendingRequests (PendingRequests.java:sendNotLeaderResponses(202)) - beb77c57-4e80-4e72-9c15-fb8c3304f28a-PendingRequests: sendNotLeaderResponses
2019-09-19 09:01:21,198 [ForkJoinPool.commonPool-worker-0] INFO  util.JmxRegister (JmxRegister.java:unregister(73)) - Successfully un-registered JMX Bean with object name Ratis:service=RaftServer,group=group-4188E6357233,id=95a4061d-e5b0-4b2c-827e-cb05eb0977c9
2019-09-19 09:01:21,198 [main] INFO  impl.StateMachineUpdater (StateMachineUpdater.java:stopAndJoin(115)) - StateMachineUpdater:beb77c57-4e80-4e72-9c15-fb8c3304f28a:group-208E40F7C43A: set stopIndex = 0
2019-09-19 09:01:21,199 [ForkJoinPool.commonPool-worker-0] INFO  impl.RoleInfo (RoleInfo.java:shutdownLeaderState(104)) - 95a4061d-e5b0-4b2c-827e-cb05eb0977c9: shutdown LeaderState
2019-09-19 09:01:21,199 [main] INFO  impl.RaftServerImpl (ServerState.java:close(394)) - beb77c57-4e80-4e72-9c15-fb8c3304f28a:group-208E40F7C43A closes. The last applied log index is 0
2019-09-19 09:01:21,199 [ForkJoinPool.commonPool-worker-0] INFO  impl.PendingRequests (PendingRequests.java:sendNotLeaderResponses(202)) - 95a4061d-e5b0-4b2c-827e-cb05eb0977c9-PendingRequests: sendNotLeaderResponses
2019-09-19 09:01:21,200 [beb77c57-4e80-4e72-9c15-fb8c3304f28a-SegmentedRaftLogWorker:Storage Directory /workdir/hadoop-ozone/integration-test/target/test-dir/MiniOzoneClusterImpl-d1f5ba66-8c72-4ad4-ac90-f92cf1c4e2b2/datanode-6/data/ratis/c1de86d9-22a3-442e-94e3-208e40f7c43a] INFO  segmented.SegmentedRaftLogWorker (SegmentedRaftLogWorker.java:run(313)) - beb77c57-4e80-4e72-9c15-fb8c3304f28a-SegmentedRaftLogWorker:Storage Directory /workdir/hadoop-ozone/integration-test/target/test-dir/MiniOzoneClusterImpl-d1f5ba66-8c72-4ad4-ac90-f92cf1c4e2b2/datanode-6/data/ratis/c1de86d9-22a3-442e-94e3-208e40f7c43a was interrupted, exiting. There are 0 tasks remaining in the queue.
2019-09-19 09:01:21,200 [ForkJoinPool.commonPool-worker-0] INFO  impl.StateMachineUpdater (StateMachineUpdater.java:stopAndJoin(115)) - StateMachineUpdater:95a4061d-e5b0-4b2c-827e-cb05eb0977c9:group-4188E6357233: set stopIndex = 0
2019-09-19 09:01:21,200 [main] INFO  segmented.SegmentedRaftLogWorker (SegmentedRaftLogWorker.java:close(228)) - beb77c57-4e80-4e72-9c15-fb8c3304f28a-SegmentedRaftLogWorker:Storage Directory /workdir/hadoop-ozone/integration-test/target/test-dir/MiniOzoneClusterImpl-d1f5ba66-8c72-4ad4-ac90-f92cf1c4e2b2/datanode-6/data/ratis/c1de86d9-22a3-442e-94e3-208e40f7c43a close()
2019-09-19 09:01:21,200 [ForkJoinPool.commonPool-worker-0] INFO  impl.RaftServerImpl (ServerState.java:close(394)) - 95a4061d-e5b0-4b2c-827e-cb05eb0977c9:group-4188E6357233 closes. The last applied log index is 0
2019-09-19 09:01:21,205 [main] INFO  impl.RaftServerImpl (RaftServerImpl.java:lambda$shutdown$3(245)) - beb77c57-4e80-4e72-9c15-fb8c3304f28a: shutdown group-7272D4EAE315
2019-09-19 09:01:21,205 [95a4061d-e5b0-4b2c-827e-cb05eb0977c9-SegmentedRaftLogWorker:Storage Directory /workdir/hadoop-ozone/integration-test/target/test-dir/MiniOzoneClusterImpl-d1f5ba66-8c72-4ad4-ac90-f92cf1c4e2b2/datanode-0/data/ratis/339db7c4-a239-4aff-9381-4188e6357233] INFO  segmented.SegmentedRaftLogWorker (SegmentedRaftLogWorker.java:run(313)) - 95a4061d-e5b0-4b2c-827e-cb05eb0977c9-SegmentedRaftLogWorker:Storage Directory /workdir/hadoop-ozone/integration-test/target/test-dir/MiniOzoneClusterImpl-d1f5ba66-8c72-4ad4-ac90-f92cf1c4e2b2/datanode-0/data/ratis/339db7c4-a239-4aff-9381-4188e6357233 was interrupted, exiting. There are 0 tasks remaining in the queue.
2019-09-19 09:01:21,205 [main] INFO  util.JmxRegister (JmxRegister.java:unregister(73)) - Successfully un-registered JMX Bean with object name Ratis:service=RaftServer,group=group-7272D4EAE315,id=beb77c57-4e80-4e72-9c15-fb8c3304f28a
2019-09-19 09:01:21,206 [ForkJoinPool.commonPool-worker-0] INFO  segmented.SegmentedRaftLogWorker (SegmentedRaftLogWorker.java:close(228)) - 95a4061d-e5b0-4b2c-827e-cb05eb0977c9-SegmentedRaftLogWorker:Storage Directory /workdir/hadoop-ozone/integration-test/target/test-dir/MiniOzoneClusterImpl-d1f5ba66-8c72-4ad4-ac90-f92cf1c4e2b2/datanode-0/data/ratis/339db7c4-a239-4aff-9381-4188e6357233 close()
2019-09-19 09:01:21,206 [main] INFO  impl.RoleInfo (RoleInfo.java:shutdownLeaderState(104)) - beb77c57-4e80-4e72-9c15-fb8c3304f28a: shutdown LeaderState
2019-09-19 09:01:21,206 [ForkJoinPool.commonPool-worker-0] INFO  impl.RaftServerImpl (RaftServerImpl.java:lambda$shutdown$3(245)) - 95a4061d-e5b0-4b2c-827e-cb05eb0977c9: shutdown group-D2AAF84F0369
2019-09-19 09:01:21,206 [main] INFO  impl.PendingRequests (PendingRequests.java:sendNotLeaderResponses(202)) - beb77c57-4e80-4e72-9c15-fb8c3304f28a-PendingRequests: sendNotLeaderResponses
2019-09-19 09:01:21,207 [ForkJoinPool.commonPool-worker-0] INFO  util.JmxRegister (JmxRegister.java:unregister(73)) - Successfully un-registered JMX Bean with object name Ratis:service=RaftServer,group=group-D2AAF84F0369,id=95a4061d-e5b0-4b2c-827e-cb05eb0977c9
2019-09-19 09:01:21,207 [main] INFO  impl.StateMachineUpdater (StateMachineUpdater.java:stopAndJoin(115)) - StateMachineUpdater:beb77c57-4e80-4e72-9c15-fb8c3304f28a:group-7272D4EAE315: set stopIndex = 0
2019-09-19 09:01:21,207 [ForkJoinPool.commonPool-worker-0] INFO  impl.RoleInfo (RoleInfo.java:shutdownLeaderState(104)) - 95a4061d-e5b0-4b2c-827e-cb05eb0977c9: shutdown LeaderState
2019-09-19 09:01:21,207 [main] INFO  impl.RaftServerImpl (ServerState.java:close(394)) - beb77c57-4e80-4e72-9c15-fb8c3304f28a:group-7272D4EAE315 closes. The last applied log index is 0
2019-09-19 09:01:21,208 [ForkJoinPool.commonPool-worker-0] INFO  impl.PendingRequests (PendingRequests.java:sendNotLeaderResponses(202)) - 95a4061d-e5b0-4b2c-827e-cb05eb0977c9-PendingRequests: sendNotLeaderResponses
2019-09-19 09:01:21,208 [beb77c57-4e80-4e72-9c15-fb8c3304f28a-SegmentedRaftLogWorker:Storage Directory /workdir/hadoop-ozone/integration-test/target/test-dir/MiniOzoneClusterImpl-d1f5ba66-8c72-4ad4-ac90-f92cf1c4e2b2/datanode-6/data/ratis/47d86543-06b8-4787-96b4-7272d4eae315] INFO  segmented.SegmentedRaftLogWorker (SegmentedRaftLogWorker.java:run(313)) - beb77c57-4e80-4e72-9c15-fb8c3304f28a-SegmentedRaftLogWorker:Storage Directory /workdir/hadoop-ozone/integration-test/target/test-dir/MiniOzoneClusterImpl-d1f5ba66-8c72-4ad4-ac90-f92cf1c4e2b2/datanode-6/data/ratis/47d86543-06b8-4787-96b4-7272d4eae315 was interrupted, exiting. There are 0 tasks remaining in the queue.
2019-09-19 09:01:21,208 [ForkJoinPool.commonPool-worker-0] INFO  impl.StateMachineUpdater (StateMachineUpdater.java:stopAndJoin(115)) - StateMachineUpdater:95a4061d-e5b0-4b2c-827e-cb05eb0977c9:group-D2AAF84F0369: set stopIndex = 0
2019-09-19 09:01:21,208 [main] INFO  segmented.SegmentedRaftLogWorker (SegmentedRaftLogWorker.java:close(228)) - beb77c57-4e80-4e72-9c15-fb8c3304f28a-SegmentedRaftLogWorker:Storage Directory /workdir/hadoop-ozone/integration-test/target/test-dir/MiniOzoneClusterImpl-d1f5ba66-8c72-4ad4-ac90-f92cf1c4e2b2/datanode-6/data/ratis/47d86543-06b8-4787-96b4-7272d4eae315 close()
2019-09-19 09:01:21,209 [ForkJoinPool.commonPool-worker-0] INFO  impl.RaftServerImpl (ServerState.java:close(394)) - 95a4061d-e5b0-4b2c-827e-cb05eb0977c9:group-D2AAF84F0369 closes. The last applied log index is 0
2019-09-19 09:01:21,209 [main] INFO  server.GrpcService (GrpcService.java:closeImpl(155)) - beb77c57-4e80-4e72-9c15-fb8c3304f28a: shutdown server with port 36764 now
2019-09-19 09:01:21,209 [95a4061d-e5b0-4b2c-827e-cb05eb0977c9-SegmentedRaftLogWorker:Storage Directory /workdir/hadoop-ozone/integration-test/target/test-dir/MiniOzoneClusterImpl-d1f5ba66-8c72-4ad4-ac90-f92cf1c4e2b2/datanode-0/data/ratis/f2a494ca-eba9-48a6-b3d5-d2aaf84f0369] INFO  segmented.SegmentedRaftLogWorker (SegmentedRaftLogWorker.java:run(313)) - 95a4061d-e5b0-4b2c-827e-cb05eb0977c9-SegmentedRaftLogWorker:Storage Directory /workdir/hadoop-ozone/integration-test/target/test-dir/MiniOzoneClusterImpl-d1f5ba66-8c72-4ad4-ac90-f92cf1c4e2b2/datanode-0/data/ratis/f2a494ca-eba9-48a6-b3d5-d2aaf84f0369 was interrupted, exiting. There are 0 tasks remaining in the queue.
2019-09-19 09:01:21,212 [ForkJoinPool.commonPool-worker-0] INFO  segmented.SegmentedRaftLogWorker (SegmentedRaftLogWorker.java:close(228)) - 95a4061d-e5b0-4b2c-827e-cb05eb0977c9-SegmentedRaftLogWorker:Storage Directory /workdir/hadoop-ozone/integration-test/target/test-dir/MiniOzoneClusterImpl-d1f5ba66-8c72-4ad4-ac90-f92cf1c4e2b2/datanode-0/data/ratis/f2a494ca-eba9-48a6-b3d5-d2aaf84f0369 close()
2019-09-19 09:01:21,212 [main] INFO  server.GrpcService (GrpcService.java:closeImpl(163)) - beb77c57-4e80-4e72-9c15-fb8c3304f28a: shutdown server with port 36764 successfully
2019-09-19 09:01:21,212 [ForkJoinPool.commonPool-worker-0] INFO  impl.RaftServerImpl (RaftServerImpl.java:lambda$shutdown$3(245)) - 95a4061d-e5b0-4b2c-827e-cb05eb0977c9: shutdown group-B5674B8725F9
2019-09-19 09:01:21,213 [ForkJoinPool.commonPool-worker-0] INFO  util.JmxRegister (JmxRegister.java:unregister(73)) - Successfully un-registered JMX Bean with object name Ratis:service=RaftServer,group=group-B5674B8725F9,id=95a4061d-e5b0-4b2c-827e-cb05eb0977c9
2019-09-19 09:01:21,213 [main] INFO  utils.BackgroundService (BackgroundService.java:shutdown(148)) - Shutting down service BlockDeletingService
2019-09-19 09:01:21,213 [ForkJoinPool.commonPool-worker-0] INFO  impl.RoleInfo (RoleInfo.java:shutdownLeaderState(104)) - 95a4061d-e5b0-4b2c-827e-cb05eb0977c9: shutdown LeaderState
2019-09-19 09:01:21,214 [ForkJoinPool.commonPool-worker-0] INFO  impl.PendingRequests (PendingRequests.java:sendNotLeaderResponses(202)) - 95a4061d-e5b0-4b2c-827e-cb05eb0977c9-PendingRequests: sendNotLeaderResponses
2019-09-19 09:01:21,214 [ForkJoinPool.commonPool-worker-0] INFO  impl.StateMachineUpdater (StateMachineUpdater.java:stopAndJoin(115)) - StateMachineUpdater:95a4061d-e5b0-4b2c-827e-cb05eb0977c9:group-B5674B8725F9: set stopIndex = 0
2019-09-19 09:01:21,215 [ForkJoinPool.commonPool-worker-0] INFO  impl.RaftServerImpl (ServerState.java:close(394)) - 95a4061d-e5b0-4b2c-827e-cb05eb0977c9:group-B5674B8725F9 closes. The last applied log index is 0
2019-09-19 09:01:21,215 [95a4061d-e5b0-4b2c-827e-cb05eb0977c9-SegmentedRaftLogWorker:Storage Directory /workdir/hadoop-ozone/integration-test/target/test-dir/MiniOzoneClusterImpl-d1f5ba66-8c72-4ad4-ac90-f92cf1c4e2b2/datanode-0/data/ratis/ad841003-bf19-4851-8b09-b5674b8725f9] INFO  segmented.SegmentedRaftLogWorker (SegmentedRaftLogWorker.java:run(313)) - 95a4061d-e5b0-4b2c-827e-cb05eb0977c9-SegmentedRaftLogWorker:Storage Directory /workdir/hadoop-ozone/integration-test/target/test-dir/MiniOzoneClusterImpl-d1f5ba66-8c72-4ad4-ac90-f92cf1c4e2b2/datanode-0/data/ratis/ad841003-bf19-4851-8b09-b5674b8725f9 was interrupted, exiting. There are 0 tasks remaining in the queue.
2019-09-19 09:01:21,215 [refreshUsed-/workdir/hadoop-ozone/integration-test/target/test-dir/MiniOzoneClusterImpl-d1f5ba66-8c72-4ad4-ac90-f92cf1c4e2b2/datanode-6/data/containers] WARN  fs.CachingGetSpaceUsed (CachingGetSpaceUsed.java:run(183)) - Thread Interrupted waiting to refresh disk information: sleep interrupted
2019-09-19 09:01:21,216 [ForkJoinPool.commonPool-worker-0] INFO  segmented.SegmentedRaftLogWorker (SegmentedRaftLogWorker.java:close(228)) - 95a4061d-e5b0-4b2c-827e-cb05eb0977c9-SegmentedRaftLogWorker:Storage Directory /workdir/hadoop-ozone/integration-test/target/test-dir/MiniOzoneClusterImpl-d1f5ba66-8c72-4ad4-ac90-f92cf1c4e2b2/datanode-0/data/ratis/ad841003-bf19-4851-8b09-b5674b8725f9 close()
2019-09-19 09:01:21,216 [ForkJoinPool.commonPool-worker-0] INFO  server.GrpcService (GrpcService.java:closeImpl(155)) - 95a4061d-e5b0-4b2c-827e-cb05eb0977c9: shutdown server with port 33174 now
2019-09-19 09:01:21,218 [ForkJoinPool.commonPool-worker-0] INFO  server.GrpcService (GrpcService.java:closeImpl(163)) - 95a4061d-e5b0-4b2c-827e-cb05eb0977c9: shutdown server with port 33174 successfully
2019-09-19 09:01:21,220 [ForkJoinPool.commonPool-worker-0] INFO  utils.BackgroundService (BackgroundService.java:shutdown(148)) - Shutting down service BlockDeletingService
2019-09-19 09:01:21,224 [refreshUsed-/workdir/hadoop-ozone/integration-test/target/test-dir/MiniOzoneClusterImpl-d1f5ba66-8c72-4ad4-ac90-f92cf1c4e2b2/datanode-0/data/containers] WARN  fs.CachingGetSpaceUsed (CachingGetSpaceUsed.java:run(183)) - Thread Interrupted waiting to refresh disk information: sleep interrupted
2019-09-19 09:01:21,238 [main] INFO  statemachine.DatanodeStateMachine (DatanodeStateMachine.java:stopDaemon(395)) - Ozone container server stopped.
2019-09-19 09:01:21,239 [main] INFO  handler.ContextHandler (ContextHandler.java:doStop(910)) - Stopped o.e.j.w.WebAppContext@4e26987b{/,null,UNAVAILABLE}{/hddsDatanode}
2019-09-19 09:01:21,242 [ForkJoinPool.commonPool-worker-0] INFO  statemachine.DatanodeStateMachine (DatanodeStateMachine.java:stopDaemon(395)) - Ozone container server stopped.
2019-09-19 09:01:21,242 [main] INFO  server.AbstractConnector (AbstractConnector.java:doStop(318)) - Stopped ServerConnector@50bb1c1f{HTTP/1.1,[http/1.1]}{0.0.0.0:0}
2019-09-19 09:01:21,244 [main] INFO  handler.ContextHandler (ContextHandler.java:doStop(910)) - Stopped o.e.j.s.ServletContextHandler@65a4b9d6{/static,jar:file:/home/user/.m2/repository/org/apache/hadoop/hadoop-hdds-container-service/0.5.0-SNAPSHOT/hadoop-hdds-container-service-0.5.0-SNAPSHOT.jar!/webapps/static,UNAVAILABLE}
2019-09-19 09:01:21,244 [main] INFO  handler.ContextHandler (ContextHandler.java:doStop(910)) - Stopped o.e.j.s.ServletContextHandler@40a7974{/logs,file:///workdir/hadoop-ozone/integration-test/target/log,UNAVAILABLE}
2019-09-19 09:01:21,245 [ForkJoinPool.commonPool-worker-0] INFO  handler.ContextHandler (ContextHandler.java:doStop(910)) - Stopped o.e.j.w.WebAppContext@592a1882{/,null,UNAVAILABLE}{/hddsDatanode}
2019-09-19 09:01:21,245 [ForkJoinPool.commonPool-worker-0] INFO  server.AbstractConnector (AbstractConnector.java:doStop(318)) - Stopped ServerConnector@48368a08{HTTP/1.1,[http/1.1]}{0.0.0.0:0}
2019-09-19 09:01:21,245 [main] INFO  datanode.ObjectStoreHandler (ObjectStoreHandler.java:close(155)) - Closing ObjectStoreHandler.
2019-09-19 09:01:21,248 [ForkJoinPool.commonPool-worker-0] INFO  handler.ContextHandler (ContextHandler.java:doStop(910)) - Stopped o.e.j.s.ServletContextHandler@144a5e6e{/static,jar:file:/home/user/.m2/repository/org/apache/hadoop/hadoop-hdds-container-service/0.5.0-SNAPSHOT/hadoop-hdds-container-service-0.5.0-SNAPSHOT.jar!/webapps/static,UNAVAILABLE}
2019-09-19 09:01:21,248 [main] INFO  ozone.HddsDatanodeService (HddsDatanodeService.java:stop(451)) - Stopped plug-in org.apache.hadoop.ozone.web.OzoneHddsDatanodeService@f01fc6d
2019-09-19 09:01:21,248 [ForkJoinPool.commonPool-worker-0] INFO  handler.ContextHandler (ContextHandler.java:doStop(910)) - Stopped o.e.j.s.ServletContextHandler@78545d40{/logs,file:///workdir/hadoop-ozone/integration-test/target/log,UNAVAILABLE}
2019-09-19 09:01:21,692 [Datanode State Machine Thread - 0] INFO  statemachine.DatanodeStateMachine (DatanodeStateMachine.java:lambda$startDaemon$0(350)) - Ozone container server started.
2019-09-19 09:01:26,249 [main] INFO  ozoneimpl.OzoneContainer (OzoneContainer.java:stop(199)) - Attempting to stop container services.
2019-09-19 09:01:26,250 [main] INFO  impl.RaftServerProxy (RaftServerProxy.java:lambda$close$4(314)) - 5f513834-a5c3-47d7-b0df-0e7d236b5db1: close
2019-09-19 09:01:26,250 [main] INFO  impl.RaftServerImpl (RaftServerImpl.java:lambda$shutdown$3(245)) - 5f513834-a5c3-47d7-b0df-0e7d236b5db1: shutdown group-7826072BD649
2019-09-19 09:01:26,251 [ForkJoinPool.commonPool-worker-1] INFO  impl.RaftServerImpl (RaftServerImpl.java:lambda$shutdown$3(245)) - 5f513834-a5c3-47d7-b0df-0e7d236b5db1: shutdown group-FD25933CA23F
2019-09-19 09:01:26,251 [main] INFO  util.JmxRegister (JmxRegister.java:unregister(73)) - Successfully un-registered JMX Bean with object name Ratis:service=RaftServer,group=group-7826072BD649,id=5f513834-a5c3-47d7-b0df-0e7d236b5db1
2019-09-19 09:01:26,251 [ForkJoinPool.commonPool-worker-1] INFO  util.JmxRegister (JmxRegister.java:unregister(73)) - Successfully un-registered JMX Bean with object name Ratis:service=RaftServer,group=group-FD25933CA23F,id=5f513834-a5c3-47d7-b0df-0e7d236b5db1
2019-09-19 09:01:26,251 [main] INFO  impl.RoleInfo (RoleInfo.java:shutdownLeaderState(104)) - 5f513834-a5c3-47d7-b0df-0e7d236b5db1: shutdown LeaderState
2019-09-19 09:01:26,251 [ForkJoinPool.commonPool-worker-1] INFO  impl.RoleInfo (RoleInfo.java:shutdownLeaderState(104)) - 5f513834-a5c3-47d7-b0df-0e7d236b5db1: shutdown LeaderState
2019-09-19 09:01:26,252 [main] INFO  impl.PendingRequests (PendingRequests.java:sendNotLeaderResponses(202)) - 5f513834-a5c3-47d7-b0df-0e7d236b5db1-PendingRequests: sendNotLeaderResponses
2019-09-19 09:01:26,252 [ForkJoinPool.commonPool-worker-1] INFO  impl.PendingRequests (PendingRequests.java:sendNotLeaderResponses(202)) - 5f513834-a5c3-47d7-b0df-0e7d236b5db1-PendingRequests: sendNotLeaderResponses
2019-09-19 09:01:26,252 [main] INFO  impl.StateMachineUpdater (StateMachineUpdater.java:stopAndJoin(115)) - StateMachineUpdater:5f513834-a5c3-47d7-b0df-0e7d236b5db1:group-7826072BD649: set stopIndex = 0
2019-09-19 09:01:26,252 [ForkJoinPool.commonPool-worker-1] INFO  impl.StateMachineUpdater (StateMachineUpdater.java:stopAndJoin(115)) - StateMachineUpdater:5f513834-a5c3-47d7-b0df-0e7d236b5db1:group-FD25933CA23F: set stopIndex = 0
2019-09-19 09:01:26,252 [main] INFO  impl.RaftServerImpl (ServerState.java:close(394)) - 5f513834-a5c3-47d7-b0df-0e7d236b5db1:group-7826072BD649 closes. The last applied log index is 0
2019-09-19 09:01:26,252 [ForkJoinPool.commonPool-worker-1] INFO  impl.RaftServerImpl (ServerState.java:close(394)) - 5f513834-a5c3-47d7-b0df-0e7d236b5db1:group-FD25933CA23F closes. The last applied log index is 0
2019-09-19 09:01:26,253 [5f513834-a5c3-47d7-b0df-0e7d236b5db1-SegmentedRaftLogWorker:Storage Directory /workdir/hadoop-ozone/integration-test/target/test-dir/MiniOzoneClusterImpl-d1f5ba66-8c72-4ad4-ac90-f92cf1c4e2b2/datanode-5/data/ratis/bd7cb822-4879-4c43-9384-7826072bd649] INFO  segmented.SegmentedRaftLogWorker (SegmentedRaftLogWorker.java:run(313)) - 5f513834-a5c3-47d7-b0df-0e7d236b5db1-SegmentedRaftLogWorker:Storage Directory /workdir/hadoop-ozone/integration-test/target/test-dir/MiniOzoneClusterImpl-d1f5ba66-8c72-4ad4-ac90-f92cf1c4e2b2/datanode-5/data/ratis/bd7cb822-4879-4c43-9384-7826072bd649 was interrupted, exiting. There are 0 tasks remaining in the queue.
2019-09-19 09:01:26,253 [5f513834-a5c3-47d7-b0df-0e7d236b5db1-SegmentedRaftLogWorker:Storage Directory /workdir/hadoop-ozone/integration-test/target/test-dir/MiniOzoneClusterImpl-d1f5ba66-8c72-4ad4-ac90-f92cf1c4e2b2/datanode-5/data/ratis/24306834-6d51-4d06-ac7d-fd25933ca23f] INFO  segmented.SegmentedRaftLogWorker (SegmentedRaftLogWorker.java:run(313)) - 5f513834-a5c3-47d7-b0df-0e7d236b5db1-SegmentedRaftLogWorker:Storage Directory /workdir/hadoop-ozone/integration-test/target/test-dir/MiniOzoneClusterImpl-d1f5ba66-8c72-4ad4-ac90-f92cf1c4e2b2/datanode-5/data/ratis/24306834-6d51-4d06-ac7d-fd25933ca23f was interrupted, exiting. There are 0 tasks remaining in the queue.
2019-09-19 09:01:26,253 [ForkJoinPool.commonPool-worker-1] INFO  segmented.SegmentedRaftLogWorker (SegmentedRaftLogWorker.java:close(228)) - 5f513834-a5c3-47d7-b0df-0e7d236b5db1-SegmentedRaftLogWorker:Storage Directory /workdir/hadoop-ozone/integration-test/target/test-dir/MiniOzoneClusterImpl-d1f5ba66-8c72-4ad4-ac90-f92cf1c4e2b2/datanode-5/data/ratis/24306834-6d51-4d06-ac7d-fd25933ca23f close()
2019-09-19 09:01:26,254 [ForkJoinPool.commonPool-worker-1] INFO  impl.RaftServerImpl (RaftServerImpl.java:lambda$shutdown$3(245)) - 5f513834-a5c3-47d7-b0df-0e7d236b5db1: shutdown group-F4A24B0C915C
2019-09-19 09:01:26,254 [ForkJoinPool.commonPool-worker-1] INFO  util.JmxRegister (JmxRegister.java:unregister(73)) - Successfully un-registered JMX Bean with object name Ratis:service=RaftServer,group=group-F4A24B0C915C,id=5f513834-a5c3-47d7-b0df-0e7d236b5db1
2019-09-19 09:01:26,254 [ForkJoinPool.commonPool-worker-1] INFO  impl.RoleInfo (RoleInfo.java:shutdownLeaderState(104)) - 5f513834-a5c3-47d7-b0df-0e7d236b5db1: shutdown LeaderState
2019-09-19 09:01:26,254 [ForkJoinPool.commonPool-worker-1] INFO  impl.PendingRequests (PendingRequests.java:sendNotLeaderResponses(202)) - 5f513834-a5c3-47d7-b0df-0e7d236b5db1-PendingRequests: sendNotLeaderResponses
2019-09-19 09:01:26,254 [ForkJoinPool.commonPool-worker-1] INFO  impl.StateMachineUpdater (StateMachineUpdater.java:stopAndJoin(115)) - StateMachineUpdater:5f513834-a5c3-47d7-b0df-0e7d236b5db1:group-F4A24B0C915C: set stopIndex = 0
2019-09-19 09:01:26,255 [ForkJoinPool.commonPool-worker-1] INFO  impl.RaftServerImpl (ServerState.java:close(394)) - 5f513834-a5c3-47d7-b0df-0e7d236b5db1:group-F4A24B0C915C closes. The last applied log index is 0
2019-09-19 09:01:26,255 [5f513834-a5c3-47d7-b0df-0e7d236b5db1-SegmentedRaftLogWorker:Storage Directory /workdir/hadoop-ozone/integration-test/target/test-dir/MiniOzoneClusterImpl-d1f5ba66-8c72-4ad4-ac90-f92cf1c4e2b2/datanode-5/data/ratis/1296f89f-36a6-4a11-9aa1-f4a24b0c915c] INFO  segmented.SegmentedRaftLogWorker (SegmentedRaftLogWorker.java:run(313)) - 5f513834-a5c3-47d7-b0df-0e7d236b5db1-SegmentedRaftLogWorker:Storage Directory /workdir/hadoop-ozone/integration-test/target/test-dir/MiniOzoneClusterImpl-d1f5ba66-8c72-4ad4-ac90-f92cf1c4e2b2/datanode-5/data/ratis/1296f89f-36a6-4a11-9aa1-f4a24b0c915c was interrupted, exiting. There are 0 tasks remaining in the queue.
2019-09-19 09:01:29,002 [main] INFO  segmented.SegmentedRaftLogWorker (SegmentedRaftLogWorker.java:close(228)) - 5f513834-a5c3-47d7-b0df-0e7d236b5db1-SegmentedRaftLogWorker:Storage Directory /workdir/hadoop-ozone/integration-test/target/test-dir/MiniOzoneClusterImpl-d1f5ba66-8c72-4ad4-ac90-f92cf1c4e2b2/datanode-5/data/ratis/bd7cb822-4879-4c43-9384-7826072bd649 close()
2019-09-19 09:01:29,003 [main] INFO  impl.RaftServerImpl (RaftServerImpl.java:lambda$shutdown$3(245)) - 5f513834-a5c3-47d7-b0df-0e7d236b5db1: shutdown group-6A546E6077F2
2019-09-19 09:01:29,004 [main] INFO  util.JmxRegister (JmxRegister.java:unregister(73)) - Successfully un-registered JMX Bean with object name Ratis:service=RaftServer,group=group-6A546E6077F2,id=5f513834-a5c3-47d7-b0df-0e7d236b5db1
2019-09-19 09:01:29,005 [main] INFO  impl.RoleInfo (RoleInfo.java:shutdownLeaderState(104)) - 5f513834-a5c3-47d7-b0df-0e7d236b5db1: shutdown LeaderState
2019-09-19 09:01:29,005 [main] INFO  impl.PendingRequests (PendingRequests.java:sendNotLeaderResponses(202)) - 5f513834-a5c3-47d7-b0df-0e7d236b5db1-PendingRequests: sendNotLeaderResponses
2019-09-19 09:01:29,006 [main] INFO  impl.StateMachineUpdater (StateMachineUpdater.java:stopAndJoin(115)) - StateMachineUpdater:5f513834-a5c3-47d7-b0df-0e7d236b5db1:group-6A546E6077F2: set stopIndex = 0
2019-09-19 09:01:29,008 [main] INFO  impl.RaftServerImpl (ServerState.java:close(394)) - 5f513834-a5c3-47d7-b0df-0e7d236b5db1:group-6A546E6077F2 closes. The last applied log index is 0
2019-09-19 09:01:29,009 [5f513834-a5c3-47d7-b0df-0e7d236b5db1-SegmentedRaftLogWorker:Storage Directory /workdir/hadoop-ozone/integration-test/target/test-dir/MiniOzoneClusterImpl-d1f5ba66-8c72-4ad4-ac90-f92cf1c4e2b2/datanode-5/data/ratis/4cff2dd0-bc70-47b5-ac7d-6a546e6077f2] INFO  segmented.SegmentedRaftLogWorker (SegmentedRaftLogWorker.java:run(313)) - 5f513834-a5c3-47d7-b0df-0e7d236b5db1-SegmentedRaftLogWorker:Storage Directory /workdir/hadoop-ozone/integration-test/target/test-dir/MiniOzoneClusterImpl-d1f5ba66-8c72-4ad4-ac90-f92cf1c4e2b2/datanode-5/data/ratis/4cff2dd0-bc70-47b5-ac7d-6a546e6077f2 was interrupted, exiting. There are 0 tasks remaining in the queue.
2019-09-19 09:01:29,215 [ForkJoinPool.commonPool-worker-1] INFO  segmented.SegmentedRaftLogWorker (SegmentedRaftLogWorker.java:close(228)) - 5f513834-a5c3-47d7-b0df-0e7d236b5db1-SegmentedRaftLogWorker:Storage Directory /workdir/hadoop-ozone/integration-test/target/test-dir/MiniOzoneClusterImpl-d1f5ba66-8c72-4ad4-ac90-f92cf1c4e2b2/datanode-5/data/ratis/1296f89f-36a6-4a11-9aa1-f4a24b0c915c close()
2019-09-19 09:01:29,215 [main] INFO  segmented.SegmentedRaftLogWorker (SegmentedRaftLogWorker.java:close(228)) - 5f513834-a5c3-47d7-b0df-0e7d236b5db1-SegmentedRaftLogWorker:Storage Directory /workdir/hadoop-ozone/integration-test/target/test-dir/MiniOzoneClusterImpl-d1f5ba66-8c72-4ad4-ac90-f92cf1c4e2b2/datanode-5/data/ratis/4cff2dd0-bc70-47b5-ac7d-6a546e6077f2 close()
2019-09-19 09:01:29,216 [ForkJoinPool.commonPool-worker-1] INFO  impl.RaftServerImpl (RaftServerImpl.java:lambda$shutdown$3(245)) - 5f513834-a5c3-47d7-b0df-0e7d236b5db1: shutdown group-F2C8E0295381
2019-09-19 09:01:29,216 [main] INFO  impl.RaftServerImpl (RaftServerImpl.java:lambda$shutdown$3(245)) - 5f513834-a5c3-47d7-b0df-0e7d236b5db1: shutdown group-F7515AF90EE0
2019-09-19 09:01:29,216 [ForkJoinPool.commonPool-worker-1] INFO  util.JmxRegister (JmxRegister.java:unregister(73)) - Successfully un-registered JMX Bean with object name Ratis:service=RaftServer,group=group-F2C8E0295381,id=5f513834-a5c3-47d7-b0df-0e7d236b5db1
2019-09-19 09:01:29,217 [main] INFO  util.JmxRegister (JmxRegister.java:unregister(73)) - Successfully un-registered JMX Bean with object name Ratis:service=RaftServer,group=group-F7515AF90EE0,id=5f513834-a5c3-47d7-b0df-0e7d236b5db1
2019-09-19 09:01:29,217 [ForkJoinPool.commonPool-worker-1] INFO  impl.RoleInfo (RoleInfo.java:shutdownLeaderState(104)) - 5f513834-a5c3-47d7-b0df-0e7d236b5db1: shutdown LeaderState
2019-09-19 09:01:29,217 [main] INFO  impl.RoleInfo (RoleInfo.java:shutdownLeaderState(104)) - 5f513834-a5c3-47d7-b0df-0e7d236b5db1: shutdown LeaderState
2019-09-19 09:01:29,217 [ForkJoinPool.commonPool-worker-1] INFO  impl.PendingRequests (PendingRequests.java:sendNotLeaderResponses(202)) - 5f513834-a5c3-47d7-b0df-0e7d236b5db1-PendingRequests: sendNotLeaderResponses
2019-09-19 09:01:29,217 [main] INFO  impl.PendingRequests (PendingRequests.java:sendNotLeaderResponses(202)) - 5f513834-a5c3-47d7-b0df-0e7d236b5db1-PendingRequests: sendNotLeaderResponses
2019-09-19 09:01:29,218 [ForkJoinPool.commonPool-worker-1] INFO  impl.StateMachineUpdater (StateMachineUpdater.java:stopAndJoin(115)) - StateMachineUpdater:5f513834-a5c3-47d7-b0df-0e7d236b5db1:group-F2C8E0295381: set stopIndex = 0
2019-09-19 09:01:29,218 [main] INFO  impl.StateMachineUpdater (StateMachineUpdater.java:stopAndJoin(115)) - StateMachineUpdater:5f513834-a5c3-47d7-b0df-0e7d236b5db1:group-F7515AF90EE0: set stopIndex = 0
2019-09-19 09:01:29,218 [main] INFO  impl.RaftServerImpl (ServerState.java:close(394)) - 5f513834-a5c3-47d7-b0df-0e7d236b5db1:group-F7515AF90EE0 closes. The last applied log index is 0
2019-09-19 09:01:29,218 [ForkJoinPool.commonPool-worker-1] INFO  impl.RaftServerImpl (ServerState.java:close(394)) - 5f513834-a5c3-47d7-b0df-0e7d236b5db1:group-F2C8E0295381 closes. The last applied log index is 0
2019-09-19 09:01:29,219 [5f513834-a5c3-47d7-b0df-0e7d236b5db1-SegmentedRaftLogWorker:Storage Directory /workdir/hadoop-ozone/integration-test/target/test-dir/MiniOzoneClusterImpl-d1f5ba66-8c72-4ad4-ac90-f92cf1c4e2b2/datanode-5/data/ratis/e9e55d5f-d8e3-42be-842c-f7515af90ee0] INFO  segmented.SegmentedRaftLogWorker (SegmentedRaftLogWorker.java:run(313)) - 5f513834-a5c3-47d7-b0df-0e7d236b5db1-SegmentedRaftLogWorker:Storage Directory /workdir/hadoop-ozone/integration-test/target/test-dir/MiniOzoneClusterImpl-d1f5ba66-8c72-4ad4-ac90-f92cf1c4e2b2/datanode-5/data/ratis/e9e55d5f-d8e3-42be-842c-f7515af90ee0 was interrupted, exiting. There are 0 tasks remaining in the queue.
2019-09-19 09:01:29,219 [5f513834-a5c3-47d7-b0df-0e7d236b5db1-SegmentedRaftLogWorker:Storage Directory /workdir/hadoop-ozone/integration-test/target/test-dir/MiniOzoneClusterImpl-d1f5ba66-8c72-4ad4-ac90-f92cf1c4e2b2/datanode-5/data/ratis/b981e42e-78c3-4f0d-bc5e-f2c8e0295381] INFO  segmented.SegmentedRaftLogWorker (SegmentedRaftLogWorker.java:run(313)) - 5f513834-a5c3-47d7-b0df-0e7d236b5db1-SegmentedRaftLogWorker:Storage Directory /workdir/hadoop-ozone/integration-test/target/test-dir/MiniOzoneClusterImpl-d1f5ba66-8c72-4ad4-ac90-f92cf1c4e2b2/datanode-5/data/ratis/b981e42e-78c3-4f0d-bc5e-f2c8e0295381 was interrupted, exiting. There are 0 tasks remaining in the queue.
2019-09-19 09:01:29,219 [main] INFO  segmented.SegmentedRaftLogWorker (SegmentedRaftLogWorker.java:close(228)) - 5f513834-a5c3-47d7-b0df-0e7d236b5db1-SegmentedRaftLogWorker:Storage Directory /workdir/hadoop-ozone/integration-test/target/test-dir/MiniOzoneClusterImpl-d1f5ba66-8c72-4ad4-ac90-f92cf1c4e2b2/datanode-5/data/ratis/e9e55d5f-d8e3-42be-842c-f7515af90ee0 close()
2019-09-19 09:01:29,219 [ForkJoinPool.commonPool-worker-1] INFO  segmented.SegmentedRaftLogWorker (SegmentedRaftLogWorker.java:close(228)) - 5f513834-a5c3-47d7-b0df-0e7d236b5db1-SegmentedRaftLogWorker:Storage Directory /workdir/hadoop-ozone/integration-test/target/test-dir/MiniOzoneClusterImpl-d1f5ba66-8c72-4ad4-ac90-f92cf1c4e2b2/datanode-5/data/ratis/b981e42e-78c3-4f0d-bc5e-f2c8e0295381 close()
2019-09-19 09:01:29,219 [main] INFO  server.GrpcService (GrpcService.java:closeImpl(155)) - 5f513834-a5c3-47d7-b0df-0e7d236b5db1: shutdown server with port 42989 now
2019-09-19 09:01:29,224 [main] INFO  server.GrpcService (GrpcService.java:closeImpl(163)) - 5f513834-a5c3-47d7-b0df-0e7d236b5db1: shutdown server with port 42989 successfully
2019-09-19 09:01:29,226 [main] INFO  utils.BackgroundService (BackgroundService.java:shutdown(148)) - Shutting down service BlockDeletingService
2019-09-19 09:01:29,228 [refreshUsed-/workdir/hadoop-ozone/integration-test/target/test-dir/MiniOzoneClusterImpl-d1f5ba66-8c72-4ad4-ac90-f92cf1c4e2b2/datanode-5/data/containers] WARN  fs.CachingGetSpaceUsed (CachingGetSpaceUsed.java:run(183)) - Thread Interrupted waiting to refresh disk information: sleep interrupted
2019-09-19 09:01:29,239 [main] INFO  statemachine.DatanodeStateMachine (DatanodeStateMachine.java:stopDaemon(395)) - Ozone container server stopped.
2019-09-19 09:01:29,240 [main] INFO  handler.ContextHandler (ContextHandler.java:doStop(910)) - Stopped o.e.j.w.WebAppContext@37364634{/,null,UNAVAILABLE}{/hddsDatanode}
2019-09-19 09:01:29,241 [main] INFO  server.AbstractConnector (AbstractConnector.java:doStop(318)) - Stopped ServerConnector@3dec79f8{HTTP/1.1,[http/1.1]}{0.0.0.0:0}
2019-09-19 09:01:29,241 [main] INFO  handler.ContextHandler (ContextHandler.java:doStop(910)) - Stopped o.e.j.s.ServletContextHandler@41e7a544{/static,jar:file:/home/user/.m2/repository/org/apache/hadoop/hadoop-hdds-container-service/0.5.0-SNAPSHOT/hadoop-hdds-container-service-0.5.0-SNAPSHOT.jar!/webapps/static,UNAVAILABLE}
2019-09-19 09:01:29,241 [main] INFO  handler.ContextHandler (ContextHandler.java:doStop(910)) - Stopped o.e.j.s.ServletContextHandler@117fb9ba{/logs,file:///workdir/hadoop-ozone/integration-test/target/log,UNAVAILABLE}
2019-09-19 09:01:29,242 [main] INFO  ozone.MiniOzoneClusterImpl (MiniOzoneClusterImpl.java:stop(353)) - Stopping the StorageContainerManager
2019-09-19 09:01:29,242 [main] INFO  server.StorageContainerManager (StorageContainerManager.java:stop(797)) - Stopping Replication Manager Service.
2019-09-19 09:01:29,242 [main] INFO  container.ReplicationManager (ReplicationManager.java:stop(192)) - Stopping Replication Monitor Thread.
2019-09-19 09:01:29,242 [main] INFO  server.StorageContainerManager (StorageContainerManager.java:stop(804)) - Stopping Lease Manager of the command watchers
2019-09-19 09:01:29,243 [main] INFO  server.StorageContainerManager (StorageContainerManager.java:stop(811)) - Stopping datanode service RPC server
2019-09-19 09:01:29,243 [main] INFO  server.SCMDatanodeProtocolServer (SCMDatanodeProtocolServer.java:stop(367)) - Stopping the RPC server for DataNodes
2019-09-19 09:01:29,243 [main] INFO  ipc.Server (Server.java:stop(3082)) - Stopping server on 41086
2019-09-19 09:01:29,245 [IPC Server listener on 41086] INFO  ipc.Server (Server.java:run(1185)) - Stopping IPC Server listener on 41086
2019-09-19 09:01:29,245 [IPC Server Responder] INFO  ipc.Server (Server.java:run(1319)) - Stopping IPC Server Responder
2019-09-19 09:01:29,266 [SCM Heartbeat Processing Thread - 0] WARN  node.NodeStateManager (NodeStateManager.java:scheduleNextHealthCheck(655)) - Current Thread is interrupted, shutting down HB processing thread for Node Manager.
2019-09-19 09:01:29,266 [main] INFO  server.StorageContainerManager (StorageContainerManager.java:stop(819)) - Stopping block service RPC server
2019-09-19 09:01:29,266 [main] INFO  server.SCMBlockProtocolServer (SCMBlockProtocolServer.java:stop(148)) - Stopping the RPC server for Block Protocol
2019-09-19 09:01:29,266 [main] INFO  ipc.Server (Server.java:stop(3082)) - Stopping server on 40214
2019-09-19 09:01:29,267 [IPC Server listener on 40214] INFO  ipc.Server (Server.java:run(1185)) - Stopping IPC Server listener on 40214
2019-09-19 09:01:29,267 [main] INFO  server.StorageContainerManager (StorageContainerManager.java:stop(826)) - Stopping the StorageContainerLocationProtocol RPC server
2019-09-19 09:01:29,269 [main] INFO  server.SCMClientProtocolServer (SCMClientProtocolServer.java:stop(159)) - Stopping the RPC server for Client Protocol
2019-09-19 09:01:29,269 [IPC Server Responder] INFO  ipc.Server (Server.java:run(1319)) - Stopping IPC Server Responder
2019-09-19 09:01:29,269 [main] INFO  ipc.Server (Server.java:stop(3082)) - Stopping server on 38315
2019-09-19 09:01:29,271 [IPC Server listener on 38315] INFO  ipc.Server (Server.java:run(1185)) - Stopping IPC Server listener on 38315
2019-09-19 09:01:29,271 [main] INFO  server.StorageContainerManager (StorageContainerManager.java:stop(833)) - Stopping Storage Container Manager HTTP server.
2019-09-19 09:01:29,272 [IPC Server Responder] INFO  ipc.Server (Server.java:run(1319)) - Stopping IPC Server Responder
2019-09-19 09:01:29,273 [main] INFO  handler.ContextHandler (ContextHandler.java:doStop(910)) - Stopped o.e.j.w.WebAppContext@406ad6d5{/,null,UNAVAILABLE}{/scm}
2019-09-19 09:01:29,274 [main] INFO  server.AbstractConnector (AbstractConnector.java:doStop(318)) - Stopped ServerConnector@2a7bc16b{HTTP/1.1,[http/1.1]}{0.0.0.0:0}
2019-09-19 09:01:29,274 [main] INFO  handler.ContextHandler (ContextHandler.java:doStop(910)) - Stopped o.e.j.s.ServletContextHandler@4bfa5eb9{/static,file:///workdir/hadoop-ozone/integration-test/target/test-classes/webapps/static,UNAVAILABLE}
2019-09-19 09:01:29,274 [main] INFO  handler.ContextHandler (ContextHandler.java:doStop(910)) - Stopped o.e.j.s.ServletContextHandler@13cc31ae{/logs,file:///workdir/hadoop-ozone/integration-test/target/log,UNAVAILABLE}
2019-09-19 09:01:29,276 [main] INFO  server.StorageContainerManager (StorageContainerManager.java:stop(844)) - Stopping Block Manager Service.
2019-09-19 09:01:29,276 [main] INFO  utils.BackgroundService (BackgroundService.java:shutdown(148)) - Shutting down service SCMBlockDeletingService
2019-09-19 09:01:29,276 [main] INFO  utils.BackgroundService (BackgroundService.java:shutdown(148)) - Shutting down service SCMBlockDeletingService
2019-09-19 09:01:29,277 [main] INFO  server.StorageContainerManager (StorageContainerManager.java:stop(866)) - Stopping SCM Event Queue.
2019-09-19 09:01:29,280 [main] INFO  impl.MetricsSystemImpl (MetricsSystemImpl.java:stop(210)) - Stopping HddsDatanode metrics system...
2019-09-19 09:01:29,293 [main] INFO  impl.MetricsSystemImpl (MetricsSystemImpl.java:stop(216)) - HddsDatanode metrics system stopped.
]]></system-out>
    <system-err><![CDATA[Sep 19, 2019 9:00:56 AM com.sun.jersey.server.impl.application.WebApplicationImpl _initiate
INFO: Initiating Jersey application, version 'Jersey: 1.19 02/11/2015 03:25 AM'
Sep 19, 2019 9:00:56 AM com.sun.jersey.server.impl.application.WebApplicationImpl _initiate
INFO: Initiating Jersey application, version 'Jersey: 1.19 02/11/2015 03:25 AM'
Sep 19, 2019 9:00:56 AM com.sun.jersey.server.impl.application.WebApplicationImpl _initiate
INFO: Initiating Jersey application, version 'Jersey: 1.19 02/11/2015 03:25 AM'
Sep 19, 2019 9:00:56 AM com.sun.jersey.server.impl.application.WebApplicationImpl _initiate
INFO: Initiating Jersey application, version 'Jersey: 1.19 02/11/2015 03:25 AM'
Sep 19, 2019 9:00:57 AM com.sun.jersey.server.impl.application.WebApplicationImpl _initiate
INFO: Initiating Jersey application, version 'Jersey: 1.19 02/11/2015 03:25 AM'
Sep 19, 2019 9:00:57 AM com.sun.jersey.server.impl.application.WebApplicationImpl _initiate
INFO: Initiating Jersey application, version 'Jersey: 1.19 02/11/2015 03:25 AM'
Sep 19, 2019 9:00:57 AM com.sun.jersey.server.impl.application.WebApplicationImpl _initiate
INFO: Initiating Jersey application, version 'Jersey: 1.19 02/11/2015 03:25 AM'
]]></system-err>
  </testcase>
</testsuite>