<?xml version="1.0" encoding="UTF-8"?>
<testsuite xmlns:xsi="http://www.w3.org/2001/XMLSchema-instance" xsi:noNamespaceSchemaLocation="https://maven.apache.org/surefire/maven-surefire-plugin/xsd/surefire-test-report.xsd" name="org.apache.hadoop.ozone.client.rpc.TestMultiBlockWritesWithDnFailures" time="64.488" tests="2" errors="2" skipped="0" failures="0">
  <properties>
    <property name="awt.toolkit" value="sun.awt.X11.XToolkit"/>
    <property name="file.encoding.pkg" value="sun.io"/>
    <property name="java.specification.version" value="1.8"/>
    <property name="sun.cpu.isalist" value=""/>
    <property name="sun.jnu.encoding" value="UTF-8"/>
    <property name="java.class.path" value="/workdir/hadoop-ozone/integration-test/target/test-classes:/workdir/hadoop-ozone/integration-test/target/classes:/home/user/.m2/repository/org/apache/hadoop/hadoop-ozone-common/0.5.0-SNAPSHOT/hadoop-ozone-common-0.5.0-SNAPSHOT.jar:/home/user/.m2/repository/org/apache/commons/commons-compress/1.4.1/commons-compress-1.4.1.jar:/home/user/.m2/repository/org/tukaani/xz/1.0/xz-1.0.jar:/home/user/.m2/repository/org/apache/hadoop/hadoop-common/3.2.0/hadoop-common-3.2.0.jar:/home/user/.m2/repository/org/apache/hadoop/hadoop-hdfs/3.2.0/hadoop-hdfs-3.2.0.jar:/home/user/.m2/repository/org/apache/hadoop/hadoop-hdfs-client/3.2.0/hadoop-hdfs-client-3.2.0.jar:/home/user/.m2/repository/com/fasterxml/jackson/core/jackson-annotations/2.9.5/jackson-annotations-2.9.5.jar:/home/user/.m2/repository/org/apache/hadoop/hadoop-hdds-common/0.5.0-SNAPSHOT/hadoop-hdds-common-0.5.0-SNAPSHOT.jar:/home/user/.m2/repository/javax/annotation/javax.annotation-api/1.2/javax.annotation-api-1.2.jar:/home/user/.m2/repository/org/apache/ratis/ratis-server/0.4.0-2337318-SNAPSHOT/ratis-server-0.4.0-2337318-SNAPSHOT.jar:/home/user/.m2/repository/org/apache/ratis/ratis-thirdparty-misc/0.2.0/ratis-thirdparty-misc-0.2.0.jar:/home/user/.m2/repository/org/apache/ratis/ratis-proto/0.4.0-2337318-SNAPSHOT/ratis-proto-0.4.0-2337318-SNAPSHOT.jar:/home/user/.m2/repository/org/apache/ratis/ratis-common/0.4.0-2337318-SNAPSHOT/ratis-common-0.4.0-2337318-SNAPSHOT.jar:/home/user/.m2/repository/org/apache/ratis/ratis-client/0.4.0-2337318-SNAPSHOT/ratis-client-0.4.0-2337318-SNAPSHOT.jar:/home/user/.m2/repository/org/apache/ratis/ratis-metrics/0.4.0-2337318-SNAPSHOT/ratis-metrics-0.4.0-2337318-SNAPSHOT.jar:/home/user/.m2/repository/org/apache/ratis/ratis-netty/0.4.0-2337318-SNAPSHOT/ratis-netty-0.4.0-2337318-SNAPSHOT.jar:/home/user/.m2/repository/org/apache/ratis/ratis-grpc/0.4.0-2337318-SNAPSHOT/ratis-grpc-0.4.0-2337318-SNAPSHOT.jar:/home/user/.m2/repository/org/rocksdb/rocksdbjni/6.0.1/rocksdbjni-6.0.1.jar:/home/user/.m2/repository/org/apache/logging/log4j/log4j-api/2.11.0/log4j-api-2.11.0.jar:/home/user/.m2/repository/org/apache/logging/log4j/log4j-core/2.11.0/log4j-core-2.11.0.jar:/home/user/.m2/repository/com/lmax/disruptor/3.4.2/disruptor-3.4.2.jar:/home/user/.m2/repository/org/apache/commons/commons-pool2/2.6.0/commons-pool2-2.6.0.jar:/home/user/.m2/repository/org/bouncycastle/bcpkix-jdk15on/1.60/bcpkix-jdk15on-1.60.jar:/home/user/.m2/repository/commons-validator/commons-validator/1.6/commons-validator-1.6.jar:/home/user/.m2/repository/commons-digester/commons-digester/1.8.1/commons-digester-1.8.1.jar:/home/user/.m2/repository/io/jaegertracing/jaeger-client/0.33.1/jaeger-client-0.33.1.jar:/home/user/.m2/repository/io/jaegertracing/jaeger-thrift/0.33.1/jaeger-thrift-0.33.1.jar:/home/user/.m2/repository/org/apache/thrift/libthrift/0.11.0/libthrift-0.11.0.jar:/home/user/.m2/repository/com/squareup/okhttp3/okhttp/3.9.0/okhttp-3.9.0.jar:/home/user/.m2/repository/com/squareup/okio/okio/1.13.0/okio-1.13.0.jar:/home/user/.m2/repository/io/jaegertracing/jaeger-core/0.33.1/jaeger-core-0.33.1.jar:/home/user/.m2/repository/io/jaegertracing/jaeger-tracerresolver/0.33.1/jaeger-tracerresolver-0.33.1.jar:/home/user/.m2/repository/io/opentracing/contrib/opentracing-tracerresolver/0.1.5/opentracing-tracerresolver-0.1.5.jar:/home/user/.m2/repository/io/opentracing/opentracing-util/0.31.0/opentracing-util-0.31.0.jar:/home/user/.m2/repository/io/opentracing/opentracing-api/0.31.0/opentracing-api-0.31.0.jar:/home/user/.m2/repository/io/opentracing/opentracing-noop/0.31.0/opentracing-noop-0.31.0.jar:/home/user/.m2/repository/org/apache/hadoop/hadoop-hdds-server-framework/0.5.0-SNAPSHOT/hadoop-hdds-server-framework-0.5.0-SNAPSHOT.jar:/home/user/.m2/repository/org/apache/hadoop/hadoop-hdds-container-service/0.5.0-SNAPSHOT/hadoop-hdds-container-service-0.5.0-SNAPSHOT.jar:/home/user/.m2/repository/org/apache/hadoop/hadoop-hdds-client/0.5.0-SNAPSHOT/hadoop-hdds-client-0.5.0-SNAPSHOT.jar:/home/user/.m2/repository/org/apache/hadoop/hadoop-hdds-tools/0.5.0-SNAPSHOT/hadoop-hdds-tools-0.5.0-SNAPSHOT.jar:/home/user/.m2/repository/org/apache/hadoop/hadoop-hdds-server-scm/0.5.0-SNAPSHOT/hadoop-hdds-server-scm-0.5.0-SNAPSHOT.jar:/home/user/.m2/repository/org/apache/hadoop/hadoop-hdds-docs/0.5.0-SNAPSHOT/hadoop-hdds-docs-0.5.0-SNAPSHOT.jar:/home/user/.m2/repository/io/dropwizard/metrics/metrics-core/3.2.4/metrics-core-3.2.4.jar:/home/user/.m2/repository/org/hamcrest/hamcrest-all/1.3/hamcrest-all-1.3.jar:/home/user/.m2/repository/org/bouncycastle/bcprov-jdk15on/1.60/bcprov-jdk15on-1.60.jar:/home/user/.m2/repository/info/picocli/picocli/3.9.6/picocli-3.9.6.jar:/home/user/.m2/repository/com/google/protobuf/protobuf-java/2.5.0/protobuf-java-2.5.0.jar:/home/user/.m2/repository/com/google/guava/guava/11.0.2/guava-11.0.2.jar:/home/user/.m2/repository/org/apache/hadoop/hadoop-ozone-ozone-manager/0.5.0-SNAPSHOT/hadoop-ozone-ozone-manager-0.5.0-SNAPSHOT.jar:/home/user/.m2/repository/org/apache/hadoop/hadoop-minikdc/3.2.0/hadoop-minikdc-3.2.0.jar:/home/user/.m2/repository/commons-io/commons-io/2.5/commons-io-2.5.jar:/home/user/.m2/repository/org/apache/kerby/kerb-simplekdc/1.0.1/kerb-simplekdc-1.0.1.jar:/home/user/.m2/repository/org/apache/kerby/kerb-client/1.0.1/kerb-client-1.0.1.jar:/home/user/.m2/repository/org/apache/kerby/kerby-config/1.0.1/kerby-config-1.0.1.jar:/home/user/.m2/repository/org/apache/kerby/kerb-core/1.0.1/kerb-core-1.0.1.jar:/home/user/.m2/repository/org/apache/kerby/kerby-pkix/1.0.1/kerby-pkix-1.0.1.jar:/home/user/.m2/repository/org/apache/kerby/kerby-asn1/1.0.1/kerby-asn1-1.0.1.jar:/home/user/.m2/repository/org/apache/kerby/kerby-util/1.0.1/kerby-util-1.0.1.jar:/home/user/.m2/repository/org/apache/kerby/kerb-common/1.0.1/kerb-common-1.0.1.jar:/home/user/.m2/repository/org/apache/kerby/kerb-crypto/1.0.1/kerb-crypto-1.0.1.jar:/home/user/.m2/repository/org/apache/kerby/kerb-util/1.0.1/kerb-util-1.0.1.jar:/home/user/.m2/repository/org/apache/kerby/token-provider/1.0.1/token-provider-1.0.1.jar:/home/user/.m2/repository/org/apache/kerby/kerb-admin/1.0.1/kerb-admin-1.0.1.jar:/home/user/.m2/repository/org/apache/kerby/kerb-server/1.0.1/kerb-server-1.0.1.jar:/home/user/.m2/repository/org/apache/kerby/kerb-identity/1.0.1/kerb-identity-1.0.1.jar:/home/user/.m2/repository/org/apache/kerby/kerby-xdr/1.0.1/kerby-xdr-1.0.1.jar:/home/user/.m2/repository/org/slf4j/slf4j-log4j12/1.7.25/slf4j-log4j12-1.7.25.jar:/home/user/.m2/repository/org/apache/hadoop/hadoop-ozone-objectstore-service/0.5.0-SNAPSHOT/hadoop-ozone-objectstore-service-0.5.0-SNAPSHOT.jar:/home/user/.m2/repository/org/apache/hadoop/hadoop-ozone-s3gateway/0.5.0-SNAPSHOT/hadoop-ozone-s3gateway-0.5.0-SNAPSHOT.jar:/home/user/.m2/repository/org/jboss/weld/servlet/weld-servlet/2.4.7.Final/weld-servlet-2.4.7.Final.jar:/home/user/.m2/repository/org/glassfish/jersey/containers/jersey-container-servlet-core/2.27/jersey-container-servlet-core-2.27.jar:/home/user/.m2/repository/org/glassfish/hk2/external/javax.inject/2.5.0-b42/javax.inject-2.5.0-b42.jar:/home/user/.m2/repository/org/glassfish/jersey/core/jersey-common/2.27/jersey-common-2.27.jar:/home/user/.m2/repository/org/glassfish/hk2/osgi-resource-locator/1.0.1/osgi-resource-locator-1.0.1.jar:/home/user/.m2/repository/javax/ws/rs/javax.ws.rs-api/2.1/javax.ws.rs-api-2.1.jar:/home/user/.m2/repository/org/glassfish/jersey/ext/cdi/jersey-cdi1x/2.27/jersey-cdi1x-2.27.jar:/home/user/.m2/repository/org/glassfish/jersey/inject/jersey-hk2/2.27/jersey-hk2-2.27.jar:/home/user/.m2/repository/org/glassfish/hk2/hk2-locator/2.5.0-b42/hk2-locator-2.5.0-b42.jar:/home/user/.m2/repository/org/javassist/javassist/3.22.0-CR2/javassist-3.22.0-CR2.jar:/home/user/.m2/repository/org/glassfish/hk2/hk2-api/2.5.0/hk2-api-2.5.0.jar:/home/user/.m2/repository/org/glassfish/hk2/external/jakarta.inject/2.5.0/jakarta.inject-2.5.0.jar:/home/user/.m2/repository/org/glassfish/hk2/hk2-utils/2.5.0/hk2-utils-2.5.0.jar:/home/user/.m2/repository/jakarta/annotation/jakarta.annotation-api/1.3.4/jakarta.annotation-api-1.3.4.jar:/home/user/.m2/repository/org/glassfish/hk2/external/aopalliance-repackaged/2.5.0/aopalliance-repackaged-2.5.0.jar:/home/user/.m2/repository/com/fasterxml/jackson/dataformat/jackson-dataformat-xml/2.9.0/jackson-dataformat-xml-2.9.0.jar:/home/user/.m2/repository/com/fasterxml/jackson/core/jackson-core/2.9.5/jackson-core-2.9.5.jar:/home/user/.m2/repository/com/fasterxml/jackson/module/jackson-module-jaxb-annotations/2.9.5/jackson-module-jaxb-annotations-2.9.5.jar:/home/user/.m2/repository/javax/enterprise/cdi-api/1.2/cdi-api-1.2.jar:/home/user/.m2/repository/javax/el/javax.el-api/3.0.0/javax.el-api-3.0.0.jar:/home/user/.m2/repository/javax/interceptor/javax.interceptor-api/1.2/javax.interceptor-api-1.2.jar:/home/user/.m2/repository/javax/inject/javax.inject/1/javax.inject-1.jar:/home/user/.m2/repository/com/sun/xml/bind/jaxb-impl/2.3.0.1/jaxb-impl-2.3.0.1.jar:/home/user/.m2/repository/com/sun/xml/bind/jaxb-core/2.3.0.1/jaxb-core-2.3.0.1.jar:/home/user/.m2/repository/javax/xml/bind/jaxb-api/2.3.0/jaxb-api-2.3.0.jar:/home/user/.m2/repository/javax/activation/activation/1.1.1/activation-1.1.1.jar:/home/user/.m2/repository/org/apache/hadoop/hadoop-ozone-csi/0.5.0-SNAPSHOT/hadoop-ozone-csi-0.5.0-SNAPSHOT.jar:/home/user/.m2/repository/com/google/protobuf/protobuf-java-util/3.5.1/protobuf-java-util-3.5.1.jar:/home/user/.m2/repository/org/apache/hadoop/hadoop-hdds-config/0.5.0-SNAPSHOT/hadoop-hdds-config-0.5.0-SNAPSHOT.jar:/home/user/.m2/repository/io/grpc/grpc-netty/1.17.1/grpc-netty-1.17.1.jar:/home/user/.m2/repository/io/grpc/grpc-core/1.17.1/grpc-core-1.17.1.jar:/home/user/.m2/repository/io/grpc/grpc-context/1.17.1/grpc-context-1.17.1.jar:/home/user/.m2/repository/com/google/errorprone/error_prone_annotations/2.2.0/error_prone_annotations-2.2.0.jar:/home/user/.m2/repository/org/codehaus/mojo/animal-sniffer-annotations/1.17/animal-sniffer-annotations-1.17.jar:/home/user/.m2/repository/io/opencensus/opencensus-api/0.17.0/opencensus-api-0.17.0.jar:/home/user/.m2/repository/io/opencensus/opencensus-contrib-grpc-metrics/0.17.0/opencensus-contrib-grpc-metrics-0.17.0.jar:/home/user/.m2/repository/io/netty/netty-codec-http2/4.1.30.Final/netty-codec-http2-4.1.30.Final.jar:/home/user/.m2/repository/io/netty/netty-codec-http/4.1.30.Final/netty-codec-http-4.1.30.Final.jar:/home/user/.m2/repository/io/netty/netty-codec/4.1.30.Final/netty-codec-4.1.30.Final.jar:/home/user/.m2/repository/io/netty/netty-handler/4.1.30.Final/netty-handler-4.1.30.Final.jar:/home/user/.m2/repository/io/netty/netty-handler-proxy/4.1.30.Final/netty-handler-proxy-4.1.30.Final.jar:/home/user/.m2/repository/io/netty/netty-codec-socks/4.1.30.Final/netty-codec-socks-4.1.30.Final.jar:/home/user/.m2/repository/io/netty/netty-transport-native-epoll/4.1.30.Final/netty-transport-native-epoll-4.1.30.Final.jar:/home/user/.m2/repository/io/netty/netty-common/4.1.30.Final/netty-common-4.1.30.Final.jar:/home/user/.m2/repository/io/netty/netty-buffer/4.1.30.Final/netty-buffer-4.1.30.Final.jar:/home/user/.m2/repository/io/netty/netty-transport/4.1.30.Final/netty-transport-4.1.30.Final.jar:/home/user/.m2/repository/io/netty/netty-resolver/4.1.30.Final/netty-resolver-4.1.30.Final.jar:/home/user/.m2/repository/io/netty/netty-transport-native-unix-common/4.1.30.Final/netty-transport-native-unix-common-4.1.30.Final.jar:/home/user/.m2/repository/io/grpc/grpc-protobuf/1.17.1/grpc-protobuf-1.17.1.jar:/home/user/.m2/repository/com/google/api/grpc/proto-google-common-protos/1.0.0/proto-google-common-protos-1.0.0.jar:/home/user/.m2/repository/io/grpc/grpc-protobuf-lite/1.17.1/grpc-protobuf-lite-1.17.1.jar:/home/user/.m2/repository/io/grpc/grpc-stub/1.17.1/grpc-stub-1.17.1.jar:/home/user/.m2/repository/org/apache/hadoop/hadoop-ozone-recon/0.5.0-SNAPSHOT/hadoop-ozone-recon-0.5.0-SNAPSHOT.jar:/home/user/.m2/repository/org/apache/hadoop/hadoop-ozone-reconcodegen/0.5.0-SNAPSHOT/hadoop-ozone-reconcodegen-0.5.0-SNAPSHOT.jar:/home/user/.m2/repository/com/google/inject/extensions/guice-multibindings/4.0/guice-multibindings-4.0.jar:/home/user/.m2/repository/com/google/inject/guice/4.0/guice-4.0.jar:/home/user/.m2/repository/aopalliance/aopalliance/1.0/aopalliance-1.0.jar:/home/user/.m2/repository/com/google/inject/extensions/guice-servlet/4.0/guice-servlet-4.0.jar:/home/user/.m2/repository/org/glassfish/jersey/containers/jersey-container-servlet/2.27/jersey-container-servlet-2.27.jar:/home/user/.m2/repository/org/glassfish/hk2/guice-bridge/2.5.0/guice-bridge-2.5.0.jar:/home/user/.m2/repository/org/glassfish/jersey/core/jersey-server/2.27/jersey-server-2.27.jar:/home/user/.m2/repository/org/glassfish/jersey/core/jersey-client/2.27/jersey-client-2.27.jar:/home/user/.m2/repository/org/glassfish/jersey/media/jersey-media-jaxb/2.27/jersey-media-jaxb-2.27.jar:/home/user/.m2/repository/javax/validation/validation-api/1.1.0.Final/validation-api-1.1.0.Final.jar:/home/user/.m2/repository/org/glassfish/jersey/media/jersey-media-json-jackson/2.27/jersey-media-json-jackson-2.27.jar:/home/user/.m2/repository/org/glassfish/jersey/ext/jersey-entity-filtering/2.27/jersey-entity-filtering-2.27.jar:/home/user/.m2/repository/com/google/inject/extensions/guice-assistedinject/4.0/guice-assistedinject-4.0.jar:/home/user/.m2/repository/org/jooq/jooq/3.11.10/jooq-3.11.10.jar:/home/user/.m2/repository/org/jooq/jooq-meta/3.11.10/jooq-meta-3.11.10.jar:/home/user/.m2/repository/org/jooq/jooq-codegen/3.11.10/jooq-codegen-3.11.10.jar:/home/user/.m2/repository/com/jolbox/bonecp/0.8.0.RELEASE/bonecp-0.8.0.RELEASE.jar:/home/user/.m2/repository/org/xerial/sqlite-jdbc/3.25.2/sqlite-jdbc-3.25.2.jar:/home/user/.m2/repository/org/springframework/spring-jdbc/5.1.3.RELEASE/spring-jdbc-5.1.3.RELEASE.jar:/home/user/.m2/repository/org/springframework/spring-beans/5.1.3.RELEASE/spring-beans-5.1.3.RELEASE.jar:/home/user/.m2/repository/org/springframework/spring-core/5.1.3.RELEASE/spring-core-5.1.3.RELEASE.jar:/home/user/.m2/repository/org/springframework/spring-jcl/5.1.3.RELEASE/spring-jcl-5.1.3.RELEASE.jar:/home/user/.m2/repository/org/springframework/spring-tx/5.1.3.RELEASE/spring-tx-5.1.3.RELEASE.jar:/home/user/.m2/repository/org/apache/hadoop/hadoop-ozone-client/0.5.0-SNAPSHOT/hadoop-ozone-client-0.5.0-SNAPSHOT.jar:/home/user/.m2/repository/commons-lang/commons-lang/2.6/commons-lang-2.6.jar:/home/user/.m2/repository/org/apache/hadoop/hadoop-ozone-ozone-manager/0.5.0-SNAPSHOT/hadoop-ozone-ozone-manager-0.5.0-SNAPSHOT-tests.jar:/home/user/.m2/repository/junit/junit/4.11/junit-4.11.jar:/home/user/.m2/repository/org/hamcrest/hamcrest-core/1.3/hamcrest-core-1.3.jar:/home/user/.m2/repository/org/openjdk/jmh/jmh-core/1.19/jmh-core-1.19.jar:/home/user/.m2/repository/net/sf/jopt-simple/jopt-simple/4.6/jopt-simple-4.6.jar:/home/user/.m2/repository/org/apache/commons/commons-math3/3.1.1/commons-math3-3.1.1.jar:/home/user/.m2/repository/org/openjdk/jmh/jmh-generator-annprocess/1.19/jmh-generator-annprocess-1.19.jar:/home/user/.m2/repository/org/mockito/mockito-all/1.8.5/mockito-all-1.8.5.jar:/home/user/.m2/repository/org/apache/hadoop/hadoop-kms/3.2.0/hadoop-kms-3.2.0.jar:/home/user/.m2/repository/org/apache/hadoop/hadoop-auth/3.2.0/hadoop-auth-3.2.0.jar:/home/user/.m2/repository/com/nimbusds/nimbus-jose-jwt/4.41.1/nimbus-jose-jwt-4.41.1.jar:/home/user/.m2/repository/com/github/stephenc/jcip/jcip-annotations/1.0-1/jcip-annotations-1.0-1.jar:/home/user/.m2/repository/net/minidev/json-smart/2.3/json-smart-2.3.jar:/home/user/.m2/repository/net/minidev/accessors-smart/1.2/accessors-smart-1.2.jar:/home/user/.m2/repository/org/ow2/asm/asm/5.0.4/asm-5.0.4.jar:/home/user/.m2/repository/org/apache/curator/curator-framework/2.12.0/curator-framework-2.12.0.jar:/home/user/.m2/repository/com/sun/jersey/jersey-core/1.19/jersey-core-1.19.jar:/home/user/.m2/repository/javax/ws/rs/jsr311-api/1.1.1/jsr311-api-1.1.1.jar:/home/user/.m2/repository/com/sun/jersey/jersey-server/1.19/jersey-server-1.19.jar:/home/user/.m2/repository/javax/servlet/javax.servlet-api/3.1.0/javax.servlet-api-3.1.0.jar:/home/user/.m2/repository/org/eclipse/jetty/jetty-server/9.3.24.v20180605/jetty-server-9.3.24.v20180605.jar:/home/user/.m2/repository/org/eclipse/jetty/jetty-http/9.3.24.v20180605/jetty-http-9.3.24.v20180605.jar:/home/user/.m2/repository/org/eclipse/jetty/jetty-io/9.3.24.v20180605/jetty-io-9.3.24.v20180605.jar:/home/user/.m2/repository/org/eclipse/jetty/jetty-webapp/9.3.24.v20180605/jetty-webapp-9.3.24.v20180605.jar:/home/user/.m2/repository/org/eclipse/jetty/jetty-xml/9.3.24.v20180605/jetty-xml-9.3.24.v20180605.jar:/home/user/.m2/repository/log4j/log4j/1.2.17/log4j-1.2.17.jar:/home/user/.m2/repository/org/slf4j/slf4j-api/1.7.25/slf4j-api-1.7.25.jar:/home/user/.m2/repository/org/slf4j/jul-to-slf4j/1.7.25/jul-to-slf4j-1.7.25.jar:/home/user/.m2/repository/org/eclipse/jetty/jetty-util/9.3.24.v20180605/jetty-util-9.3.24.v20180605.jar:/home/user/.m2/repository/com/fasterxml/jackson/core/jackson-databind/2.9.5/jackson-databind-2.9.5.jar:/home/user/.m2/repository/org/apache/hadoop/hadoop-kms/3.2.0/hadoop-kms-3.2.0-tests.jar:/home/user/.m2/repository/org/apache/hadoop/hadoop-hdds-server-scm/0.5.0-SNAPSHOT/hadoop-hdds-server-scm-0.5.0-SNAPSHOT-tests.jar:/home/user/.m2/repository/org/apache/hadoop/hadoop-hdds-container-service/0.5.0-SNAPSHOT/hadoop-hdds-container-service-0.5.0-SNAPSHOT-tests.jar:/home/user/.m2/repository/org/yaml/snakeyaml/1.16/snakeyaml-1.16.jar:/home/user/.m2/repository/org/apache/hadoop/hadoop-common/3.2.0/hadoop-common-3.2.0-tests.jar:/home/user/.m2/repository/org/apache/hadoop/hadoop-annotations/3.2.0/hadoop-annotations-3.2.0.jar:/usr/lib/jvm/java-1.8-openjdk/jre/../lib/tools.jar:/home/user/.m2/repository/commons-cli/commons-cli/1.2/commons-cli-1.2.jar:/home/user/.m2/repository/org/apache/httpcomponents/httpclient/4.5.2/httpclient-4.5.2.jar:/home/user/.m2/repository/org/apache/httpcomponents/httpcore/4.4.4/httpcore-4.4.4.jar:/home/user/.m2/repository/commons-codec/commons-codec/1.11/commons-codec-1.11.jar:/home/user/.m2/repository/commons-net/commons-net/3.6/commons-net-3.6.jar:/home/user/.m2/repository/commons-collections/commons-collections/3.2.2/commons-collections-3.2.2.jar:/home/user/.m2/repository/org/eclipse/jetty/jetty-servlet/9.3.24.v20180605/jetty-servlet-9.3.24.v20180605.jar:/home/user/.m2/repository/org/eclipse/jetty/jetty-security/9.3.24.v20180605/jetty-security-9.3.24.v20180605.jar:/home/user/.m2/repository/javax/servlet/jsp/jsp-api/2.1/jsp-api-2.1.jar:/home/user/.m2/repository/com/sun/jersey/jersey-servlet/1.19/jersey-servlet-1.19.jar:/home/user/.m2/repository/com/sun/jersey/jersey-json/1.19/jersey-json-1.19.jar:/home/user/.m2/repository/org/codehaus/jettison/jettison/1.1/jettison-1.1.jar:/home/user/.m2/repository/org/codehaus/jackson/jackson-core-asl/1.9.13/jackson-core-asl-1.9.13.jar:/home/user/.m2/repository/org/codehaus/jackson/jackson-mapper-asl/1.9.13/jackson-mapper-asl-1.9.13.jar:/home/user/.m2/repository/org/codehaus/jackson/jackson-jaxrs/1.9.13/jackson-jaxrs-1.9.13.jar:/home/user/.m2/repository/org/codehaus/jackson/jackson-xc/1.9.13/jackson-xc-1.9.13.jar:/home/user/.m2/repository/commons-logging/commons-logging/1.1.3/commons-logging-1.1.3.jar:/home/user/.m2/repository/commons-beanutils/commons-beanutils/1.9.3/commons-beanutils-1.9.3.jar:/home/user/.m2/repository/org/apache/commons/commons-configuration2/2.1.1/commons-configuration2-2.1.1.jar:/home/user/.m2/repository/org/apache/commons/commons-lang3/3.7/commons-lang3-3.7.jar:/home/user/.m2/repository/org/apache/commons/commons-text/1.4/commons-text-1.4.jar:/home/user/.m2/repository/org/apache/avro/avro/1.7.7/avro-1.7.7.jar:/home/user/.m2/repository/com/thoughtworks/paranamer/paranamer/2.3/paranamer-2.3.jar:/home/user/.m2/repository/org/xerial/snappy/snappy-java/1.0.5/snappy-java-1.0.5.jar:/home/user/.m2/repository/com/google/re2j/re2j/1.1/re2j-1.1.jar:/home/user/.m2/repository/com/google/code/gson/gson/2.2.4/gson-2.2.4.jar:/home/user/.m2/repository/com/jcraft/jsch/0.1.54/jsch-0.1.54.jar:/home/user/.m2/repository/org/apache/curator/curator-client/2.12.0/curator-client-2.12.0.jar:/home/user/.m2/repository/org/apache/curator/curator-recipes/2.12.0/curator-recipes-2.12.0.jar:/home/user/.m2/repository/com/google/code/findbugs/jsr305/3.0.0/jsr305-3.0.0.jar:/home/user/.m2/repository/org/apache/htrace/htrace-core4/4.1.0-incubating/htrace-core4-4.1.0-incubating.jar:/home/user/.m2/repository/org/apache/zookeeper/zookeeper/3.4.13/zookeeper-3.4.13.jar:/home/user/.m2/repository/org/apache/yetus/audience-annotations/0.5.0/audience-annotations-0.5.0.jar:/home/user/.m2/repository/org/codehaus/woodstox/stax2-api/3.1.4/stax2-api-3.1.4.jar:/home/user/.m2/repository/com/fasterxml/woodstox/woodstox-core/5.0.3/woodstox-core-5.0.3.jar:/home/user/.m2/repository/dnsjava/dnsjava/2.1.7/dnsjava-2.1.7.jar:/home/user/.m2/repository/org/apache/hadoop/hadoop-hdfs/3.2.0/hadoop-hdfs-3.2.0-tests.jar:/home/user/.m2/repository/org/eclipse/jetty/jetty-util-ajax/9.3.24.v20180605/jetty-util-ajax-9.3.24.v20180605.jar:/home/user/.m2/repository/commons-daemon/commons-daemon/1.0.13/commons-daemon-1.0.13.jar:/home/user/.m2/repository/io/netty/netty/3.10.5.Final/netty-3.10.5.Final.jar:/home/user/.m2/repository/io/netty/netty-all/4.0.52.Final/netty-all-4.0.52.Final.jar:/home/user/.m2/repository/org/fusesource/leveldbjni/leveldbjni-all/1.8/leveldbjni-all-1.8.jar:"/>
    <property name="java.vm.vendor" value="IcedTea"/>
    <property name="sun.arch.data.model" value="64"/>
    <property name="test.build.dir" value="/workdir/hadoop-ozone/integration-test/target/test-dir"/>
    <property name="test.cache.data" value=""/>
    <property name="java.vendor.url" value="https://icedtea.classpath.org"/>
    <property name="user.timezone" value=""/>
    <property name="java.vm.specification.version" value="1.8"/>
    <property name="os.name" value="Linux"/>
    <property name="test.build.data" value="/workdir/hadoop-ozone/integration-test/target/test-dir"/>
    <property name="user.country" value="US"/>
    <property name="sun.java.launcher" value="SUN_STANDARD"/>
    <property name="sun.boot.library.path" value="/usr/lib/jvm/java-1.8-openjdk/jre/lib/amd64"/>
    <property name="sun.java.command" value="/workdir/hadoop-ozone/integration-test/target/surefire/surefirebooter5824520957756333694.jar /workdir/hadoop-ozone/integration-test/target/surefire 2019-09-19T07-57-21_967-jvmRun1 surefire7750498168940312105tmp surefire_617591625847009182352tmp"/>
    <property name="test" value="!TestMiniChaosOzoneCluster"/>
    <property name="surefire.test.class.path" value="/workdir/hadoop-ozone/integration-test/target/test-classes:/workdir/hadoop-ozone/integration-test/target/classes:/home/user/.m2/repository/org/apache/hadoop/hadoop-ozone-common/0.5.0-SNAPSHOT/hadoop-ozone-common-0.5.0-SNAPSHOT.jar:/home/user/.m2/repository/org/apache/commons/commons-compress/1.4.1/commons-compress-1.4.1.jar:/home/user/.m2/repository/org/tukaani/xz/1.0/xz-1.0.jar:/home/user/.m2/repository/org/apache/hadoop/hadoop-common/3.2.0/hadoop-common-3.2.0.jar:/home/user/.m2/repository/org/apache/hadoop/hadoop-hdfs/3.2.0/hadoop-hdfs-3.2.0.jar:/home/user/.m2/repository/org/apache/hadoop/hadoop-hdfs-client/3.2.0/hadoop-hdfs-client-3.2.0.jar:/home/user/.m2/repository/com/fasterxml/jackson/core/jackson-annotations/2.9.5/jackson-annotations-2.9.5.jar:/home/user/.m2/repository/org/apache/hadoop/hadoop-hdds-common/0.5.0-SNAPSHOT/hadoop-hdds-common-0.5.0-SNAPSHOT.jar:/home/user/.m2/repository/javax/annotation/javax.annotation-api/1.2/javax.annotation-api-1.2.jar:/home/user/.m2/repository/org/apache/ratis/ratis-server/0.4.0-2337318-SNAPSHOT/ratis-server-0.4.0-2337318-SNAPSHOT.jar:/home/user/.m2/repository/org/apache/ratis/ratis-thirdparty-misc/0.2.0/ratis-thirdparty-misc-0.2.0.jar:/home/user/.m2/repository/org/apache/ratis/ratis-proto/0.4.0-2337318-SNAPSHOT/ratis-proto-0.4.0-2337318-SNAPSHOT.jar:/home/user/.m2/repository/org/apache/ratis/ratis-common/0.4.0-2337318-SNAPSHOT/ratis-common-0.4.0-2337318-SNAPSHOT.jar:/home/user/.m2/repository/org/apache/ratis/ratis-client/0.4.0-2337318-SNAPSHOT/ratis-client-0.4.0-2337318-SNAPSHOT.jar:/home/user/.m2/repository/org/apache/ratis/ratis-metrics/0.4.0-2337318-SNAPSHOT/ratis-metrics-0.4.0-2337318-SNAPSHOT.jar:/home/user/.m2/repository/org/apache/ratis/ratis-netty/0.4.0-2337318-SNAPSHOT/ratis-netty-0.4.0-2337318-SNAPSHOT.jar:/home/user/.m2/repository/org/apache/ratis/ratis-grpc/0.4.0-2337318-SNAPSHOT/ratis-grpc-0.4.0-2337318-SNAPSHOT.jar:/home/user/.m2/repository/org/rocksdb/rocksdbjni/6.0.1/rocksdbjni-6.0.1.jar:/home/user/.m2/repository/org/apache/logging/log4j/log4j-api/2.11.0/log4j-api-2.11.0.jar:/home/user/.m2/repository/org/apache/logging/log4j/log4j-core/2.11.0/log4j-core-2.11.0.jar:/home/user/.m2/repository/com/lmax/disruptor/3.4.2/disruptor-3.4.2.jar:/home/user/.m2/repository/org/apache/commons/commons-pool2/2.6.0/commons-pool2-2.6.0.jar:/home/user/.m2/repository/org/bouncycastle/bcpkix-jdk15on/1.60/bcpkix-jdk15on-1.60.jar:/home/user/.m2/repository/commons-validator/commons-validator/1.6/commons-validator-1.6.jar:/home/user/.m2/repository/commons-digester/commons-digester/1.8.1/commons-digester-1.8.1.jar:/home/user/.m2/repository/io/jaegertracing/jaeger-client/0.33.1/jaeger-client-0.33.1.jar:/home/user/.m2/repository/io/jaegertracing/jaeger-thrift/0.33.1/jaeger-thrift-0.33.1.jar:/home/user/.m2/repository/org/apache/thrift/libthrift/0.11.0/libthrift-0.11.0.jar:/home/user/.m2/repository/com/squareup/okhttp3/okhttp/3.9.0/okhttp-3.9.0.jar:/home/user/.m2/repository/com/squareup/okio/okio/1.13.0/okio-1.13.0.jar:/home/user/.m2/repository/io/jaegertracing/jaeger-core/0.33.1/jaeger-core-0.33.1.jar:/home/user/.m2/repository/io/jaegertracing/jaeger-tracerresolver/0.33.1/jaeger-tracerresolver-0.33.1.jar:/home/user/.m2/repository/io/opentracing/contrib/opentracing-tracerresolver/0.1.5/opentracing-tracerresolver-0.1.5.jar:/home/user/.m2/repository/io/opentracing/opentracing-util/0.31.0/opentracing-util-0.31.0.jar:/home/user/.m2/repository/io/opentracing/opentracing-api/0.31.0/opentracing-api-0.31.0.jar:/home/user/.m2/repository/io/opentracing/opentracing-noop/0.31.0/opentracing-noop-0.31.0.jar:/home/user/.m2/repository/org/apache/hadoop/hadoop-hdds-server-framework/0.5.0-SNAPSHOT/hadoop-hdds-server-framework-0.5.0-SNAPSHOT.jar:/home/user/.m2/repository/org/apache/hadoop/hadoop-hdds-container-service/0.5.0-SNAPSHOT/hadoop-hdds-container-service-0.5.0-SNAPSHOT.jar:/home/user/.m2/repository/org/apache/hadoop/hadoop-hdds-client/0.5.0-SNAPSHOT/hadoop-hdds-client-0.5.0-SNAPSHOT.jar:/home/user/.m2/repository/org/apache/hadoop/hadoop-hdds-tools/0.5.0-SNAPSHOT/hadoop-hdds-tools-0.5.0-SNAPSHOT.jar:/home/user/.m2/repository/org/apache/hadoop/hadoop-hdds-server-scm/0.5.0-SNAPSHOT/hadoop-hdds-server-scm-0.5.0-SNAPSHOT.jar:/home/user/.m2/repository/org/apache/hadoop/hadoop-hdds-docs/0.5.0-SNAPSHOT/hadoop-hdds-docs-0.5.0-SNAPSHOT.jar:/home/user/.m2/repository/io/dropwizard/metrics/metrics-core/3.2.4/metrics-core-3.2.4.jar:/home/user/.m2/repository/org/hamcrest/hamcrest-all/1.3/hamcrest-all-1.3.jar:/home/user/.m2/repository/org/bouncycastle/bcprov-jdk15on/1.60/bcprov-jdk15on-1.60.jar:/home/user/.m2/repository/info/picocli/picocli/3.9.6/picocli-3.9.6.jar:/home/user/.m2/repository/com/google/protobuf/protobuf-java/2.5.0/protobuf-java-2.5.0.jar:/home/user/.m2/repository/com/google/guava/guava/11.0.2/guava-11.0.2.jar:/home/user/.m2/repository/org/apache/hadoop/hadoop-ozone-ozone-manager/0.5.0-SNAPSHOT/hadoop-ozone-ozone-manager-0.5.0-SNAPSHOT.jar:/home/user/.m2/repository/org/apache/hadoop/hadoop-minikdc/3.2.0/hadoop-minikdc-3.2.0.jar:/home/user/.m2/repository/commons-io/commons-io/2.5/commons-io-2.5.jar:/home/user/.m2/repository/org/apache/kerby/kerb-simplekdc/1.0.1/kerb-simplekdc-1.0.1.jar:/home/user/.m2/repository/org/apache/kerby/kerb-client/1.0.1/kerb-client-1.0.1.jar:/home/user/.m2/repository/org/apache/kerby/kerby-config/1.0.1/kerby-config-1.0.1.jar:/home/user/.m2/repository/org/apache/kerby/kerb-core/1.0.1/kerb-core-1.0.1.jar:/home/user/.m2/repository/org/apache/kerby/kerby-pkix/1.0.1/kerby-pkix-1.0.1.jar:/home/user/.m2/repository/org/apache/kerby/kerby-asn1/1.0.1/kerby-asn1-1.0.1.jar:/home/user/.m2/repository/org/apache/kerby/kerby-util/1.0.1/kerby-util-1.0.1.jar:/home/user/.m2/repository/org/apache/kerby/kerb-common/1.0.1/kerb-common-1.0.1.jar:/home/user/.m2/repository/org/apache/kerby/kerb-crypto/1.0.1/kerb-crypto-1.0.1.jar:/home/user/.m2/repository/org/apache/kerby/kerb-util/1.0.1/kerb-util-1.0.1.jar:/home/user/.m2/repository/org/apache/kerby/token-provider/1.0.1/token-provider-1.0.1.jar:/home/user/.m2/repository/org/apache/kerby/kerb-admin/1.0.1/kerb-admin-1.0.1.jar:/home/user/.m2/repository/org/apache/kerby/kerb-server/1.0.1/kerb-server-1.0.1.jar:/home/user/.m2/repository/org/apache/kerby/kerb-identity/1.0.1/kerb-identity-1.0.1.jar:/home/user/.m2/repository/org/apache/kerby/kerby-xdr/1.0.1/kerby-xdr-1.0.1.jar:/home/user/.m2/repository/org/slf4j/slf4j-log4j12/1.7.25/slf4j-log4j12-1.7.25.jar:/home/user/.m2/repository/org/apache/hadoop/hadoop-ozone-objectstore-service/0.5.0-SNAPSHOT/hadoop-ozone-objectstore-service-0.5.0-SNAPSHOT.jar:/home/user/.m2/repository/org/apache/hadoop/hadoop-ozone-s3gateway/0.5.0-SNAPSHOT/hadoop-ozone-s3gateway-0.5.0-SNAPSHOT.jar:/home/user/.m2/repository/org/jboss/weld/servlet/weld-servlet/2.4.7.Final/weld-servlet-2.4.7.Final.jar:/home/user/.m2/repository/org/glassfish/jersey/containers/jersey-container-servlet-core/2.27/jersey-container-servlet-core-2.27.jar:/home/user/.m2/repository/org/glassfish/hk2/external/javax.inject/2.5.0-b42/javax.inject-2.5.0-b42.jar:/home/user/.m2/repository/org/glassfish/jersey/core/jersey-common/2.27/jersey-common-2.27.jar:/home/user/.m2/repository/org/glassfish/hk2/osgi-resource-locator/1.0.1/osgi-resource-locator-1.0.1.jar:/home/user/.m2/repository/javax/ws/rs/javax.ws.rs-api/2.1/javax.ws.rs-api-2.1.jar:/home/user/.m2/repository/org/glassfish/jersey/ext/cdi/jersey-cdi1x/2.27/jersey-cdi1x-2.27.jar:/home/user/.m2/repository/org/glassfish/jersey/inject/jersey-hk2/2.27/jersey-hk2-2.27.jar:/home/user/.m2/repository/org/glassfish/hk2/hk2-locator/2.5.0-b42/hk2-locator-2.5.0-b42.jar:/home/user/.m2/repository/org/javassist/javassist/3.22.0-CR2/javassist-3.22.0-CR2.jar:/home/user/.m2/repository/org/glassfish/hk2/hk2-api/2.5.0/hk2-api-2.5.0.jar:/home/user/.m2/repository/org/glassfish/hk2/external/jakarta.inject/2.5.0/jakarta.inject-2.5.0.jar:/home/user/.m2/repository/org/glassfish/hk2/hk2-utils/2.5.0/hk2-utils-2.5.0.jar:/home/user/.m2/repository/jakarta/annotation/jakarta.annotation-api/1.3.4/jakarta.annotation-api-1.3.4.jar:/home/user/.m2/repository/org/glassfish/hk2/external/aopalliance-repackaged/2.5.0/aopalliance-repackaged-2.5.0.jar:/home/user/.m2/repository/com/fasterxml/jackson/dataformat/jackson-dataformat-xml/2.9.0/jackson-dataformat-xml-2.9.0.jar:/home/user/.m2/repository/com/fasterxml/jackson/core/jackson-core/2.9.5/jackson-core-2.9.5.jar:/home/user/.m2/repository/com/fasterxml/jackson/module/jackson-module-jaxb-annotations/2.9.5/jackson-module-jaxb-annotations-2.9.5.jar:/home/user/.m2/repository/javax/enterprise/cdi-api/1.2/cdi-api-1.2.jar:/home/user/.m2/repository/javax/el/javax.el-api/3.0.0/javax.el-api-3.0.0.jar:/home/user/.m2/repository/javax/interceptor/javax.interceptor-api/1.2/javax.interceptor-api-1.2.jar:/home/user/.m2/repository/javax/inject/javax.inject/1/javax.inject-1.jar:/home/user/.m2/repository/com/sun/xml/bind/jaxb-impl/2.3.0.1/jaxb-impl-2.3.0.1.jar:/home/user/.m2/repository/com/sun/xml/bind/jaxb-core/2.3.0.1/jaxb-core-2.3.0.1.jar:/home/user/.m2/repository/javax/xml/bind/jaxb-api/2.3.0/jaxb-api-2.3.0.jar:/home/user/.m2/repository/javax/activation/activation/1.1.1/activation-1.1.1.jar:/home/user/.m2/repository/org/apache/hadoop/hadoop-ozone-csi/0.5.0-SNAPSHOT/hadoop-ozone-csi-0.5.0-SNAPSHOT.jar:/home/user/.m2/repository/com/google/protobuf/protobuf-java-util/3.5.1/protobuf-java-util-3.5.1.jar:/home/user/.m2/repository/org/apache/hadoop/hadoop-hdds-config/0.5.0-SNAPSHOT/hadoop-hdds-config-0.5.0-SNAPSHOT.jar:/home/user/.m2/repository/io/grpc/grpc-netty/1.17.1/grpc-netty-1.17.1.jar:/home/user/.m2/repository/io/grpc/grpc-core/1.17.1/grpc-core-1.17.1.jar:/home/user/.m2/repository/io/grpc/grpc-context/1.17.1/grpc-context-1.17.1.jar:/home/user/.m2/repository/com/google/errorprone/error_prone_annotations/2.2.0/error_prone_annotations-2.2.0.jar:/home/user/.m2/repository/org/codehaus/mojo/animal-sniffer-annotations/1.17/animal-sniffer-annotations-1.17.jar:/home/user/.m2/repository/io/opencensus/opencensus-api/0.17.0/opencensus-api-0.17.0.jar:/home/user/.m2/repository/io/opencensus/opencensus-contrib-grpc-metrics/0.17.0/opencensus-contrib-grpc-metrics-0.17.0.jar:/home/user/.m2/repository/io/netty/netty-codec-http2/4.1.30.Final/netty-codec-http2-4.1.30.Final.jar:/home/user/.m2/repository/io/netty/netty-codec-http/4.1.30.Final/netty-codec-http-4.1.30.Final.jar:/home/user/.m2/repository/io/netty/netty-codec/4.1.30.Final/netty-codec-4.1.30.Final.jar:/home/user/.m2/repository/io/netty/netty-handler/4.1.30.Final/netty-handler-4.1.30.Final.jar:/home/user/.m2/repository/io/netty/netty-handler-proxy/4.1.30.Final/netty-handler-proxy-4.1.30.Final.jar:/home/user/.m2/repository/io/netty/netty-codec-socks/4.1.30.Final/netty-codec-socks-4.1.30.Final.jar:/home/user/.m2/repository/io/netty/netty-transport-native-epoll/4.1.30.Final/netty-transport-native-epoll-4.1.30.Final.jar:/home/user/.m2/repository/io/netty/netty-common/4.1.30.Final/netty-common-4.1.30.Final.jar:/home/user/.m2/repository/io/netty/netty-buffer/4.1.30.Final/netty-buffer-4.1.30.Final.jar:/home/user/.m2/repository/io/netty/netty-transport/4.1.30.Final/netty-transport-4.1.30.Final.jar:/home/user/.m2/repository/io/netty/netty-resolver/4.1.30.Final/netty-resolver-4.1.30.Final.jar:/home/user/.m2/repository/io/netty/netty-transport-native-unix-common/4.1.30.Final/netty-transport-native-unix-common-4.1.30.Final.jar:/home/user/.m2/repository/io/grpc/grpc-protobuf/1.17.1/grpc-protobuf-1.17.1.jar:/home/user/.m2/repository/com/google/api/grpc/proto-google-common-protos/1.0.0/proto-google-common-protos-1.0.0.jar:/home/user/.m2/repository/io/grpc/grpc-protobuf-lite/1.17.1/grpc-protobuf-lite-1.17.1.jar:/home/user/.m2/repository/io/grpc/grpc-stub/1.17.1/grpc-stub-1.17.1.jar:/home/user/.m2/repository/org/apache/hadoop/hadoop-ozone-recon/0.5.0-SNAPSHOT/hadoop-ozone-recon-0.5.0-SNAPSHOT.jar:/home/user/.m2/repository/org/apache/hadoop/hadoop-ozone-reconcodegen/0.5.0-SNAPSHOT/hadoop-ozone-reconcodegen-0.5.0-SNAPSHOT.jar:/home/user/.m2/repository/com/google/inject/extensions/guice-multibindings/4.0/guice-multibindings-4.0.jar:/home/user/.m2/repository/com/google/inject/guice/4.0/guice-4.0.jar:/home/user/.m2/repository/aopalliance/aopalliance/1.0/aopalliance-1.0.jar:/home/user/.m2/repository/com/google/inject/extensions/guice-servlet/4.0/guice-servlet-4.0.jar:/home/user/.m2/repository/org/glassfish/jersey/containers/jersey-container-servlet/2.27/jersey-container-servlet-2.27.jar:/home/user/.m2/repository/org/glassfish/hk2/guice-bridge/2.5.0/guice-bridge-2.5.0.jar:/home/user/.m2/repository/org/glassfish/jersey/core/jersey-server/2.27/jersey-server-2.27.jar:/home/user/.m2/repository/org/glassfish/jersey/core/jersey-client/2.27/jersey-client-2.27.jar:/home/user/.m2/repository/org/glassfish/jersey/media/jersey-media-jaxb/2.27/jersey-media-jaxb-2.27.jar:/home/user/.m2/repository/javax/validation/validation-api/1.1.0.Final/validation-api-1.1.0.Final.jar:/home/user/.m2/repository/org/glassfish/jersey/media/jersey-media-json-jackson/2.27/jersey-media-json-jackson-2.27.jar:/home/user/.m2/repository/org/glassfish/jersey/ext/jersey-entity-filtering/2.27/jersey-entity-filtering-2.27.jar:/home/user/.m2/repository/com/google/inject/extensions/guice-assistedinject/4.0/guice-assistedinject-4.0.jar:/home/user/.m2/repository/org/jooq/jooq/3.11.10/jooq-3.11.10.jar:/home/user/.m2/repository/org/jooq/jooq-meta/3.11.10/jooq-meta-3.11.10.jar:/home/user/.m2/repository/org/jooq/jooq-codegen/3.11.10/jooq-codegen-3.11.10.jar:/home/user/.m2/repository/com/jolbox/bonecp/0.8.0.RELEASE/bonecp-0.8.0.RELEASE.jar:/home/user/.m2/repository/org/xerial/sqlite-jdbc/3.25.2/sqlite-jdbc-3.25.2.jar:/home/user/.m2/repository/org/springframework/spring-jdbc/5.1.3.RELEASE/spring-jdbc-5.1.3.RELEASE.jar:/home/user/.m2/repository/org/springframework/spring-beans/5.1.3.RELEASE/spring-beans-5.1.3.RELEASE.jar:/home/user/.m2/repository/org/springframework/spring-core/5.1.3.RELEASE/spring-core-5.1.3.RELEASE.jar:/home/user/.m2/repository/org/springframework/spring-jcl/5.1.3.RELEASE/spring-jcl-5.1.3.RELEASE.jar:/home/user/.m2/repository/org/springframework/spring-tx/5.1.3.RELEASE/spring-tx-5.1.3.RELEASE.jar:/home/user/.m2/repository/org/apache/hadoop/hadoop-ozone-client/0.5.0-SNAPSHOT/hadoop-ozone-client-0.5.0-SNAPSHOT.jar:/home/user/.m2/repository/commons-lang/commons-lang/2.6/commons-lang-2.6.jar:/home/user/.m2/repository/org/apache/hadoop/hadoop-ozone-ozone-manager/0.5.0-SNAPSHOT/hadoop-ozone-ozone-manager-0.5.0-SNAPSHOT-tests.jar:/home/user/.m2/repository/junit/junit/4.11/junit-4.11.jar:/home/user/.m2/repository/org/hamcrest/hamcrest-core/1.3/hamcrest-core-1.3.jar:/home/user/.m2/repository/org/openjdk/jmh/jmh-core/1.19/jmh-core-1.19.jar:/home/user/.m2/repository/net/sf/jopt-simple/jopt-simple/4.6/jopt-simple-4.6.jar:/home/user/.m2/repository/org/apache/commons/commons-math3/3.1.1/commons-math3-3.1.1.jar:/home/user/.m2/repository/org/openjdk/jmh/jmh-generator-annprocess/1.19/jmh-generator-annprocess-1.19.jar:/home/user/.m2/repository/org/mockito/mockito-all/1.8.5/mockito-all-1.8.5.jar:/home/user/.m2/repository/org/apache/hadoop/hadoop-kms/3.2.0/hadoop-kms-3.2.0.jar:/home/user/.m2/repository/org/apache/hadoop/hadoop-auth/3.2.0/hadoop-auth-3.2.0.jar:/home/user/.m2/repository/com/nimbusds/nimbus-jose-jwt/4.41.1/nimbus-jose-jwt-4.41.1.jar:/home/user/.m2/repository/com/github/stephenc/jcip/jcip-annotations/1.0-1/jcip-annotations-1.0-1.jar:/home/user/.m2/repository/net/minidev/json-smart/2.3/json-smart-2.3.jar:/home/user/.m2/repository/net/minidev/accessors-smart/1.2/accessors-smart-1.2.jar:/home/user/.m2/repository/org/ow2/asm/asm/5.0.4/asm-5.0.4.jar:/home/user/.m2/repository/org/apache/curator/curator-framework/2.12.0/curator-framework-2.12.0.jar:/home/user/.m2/repository/com/sun/jersey/jersey-core/1.19/jersey-core-1.19.jar:/home/user/.m2/repository/javax/ws/rs/jsr311-api/1.1.1/jsr311-api-1.1.1.jar:/home/user/.m2/repository/com/sun/jersey/jersey-server/1.19/jersey-server-1.19.jar:/home/user/.m2/repository/javax/servlet/javax.servlet-api/3.1.0/javax.servlet-api-3.1.0.jar:/home/user/.m2/repository/org/eclipse/jetty/jetty-server/9.3.24.v20180605/jetty-server-9.3.24.v20180605.jar:/home/user/.m2/repository/org/eclipse/jetty/jetty-http/9.3.24.v20180605/jetty-http-9.3.24.v20180605.jar:/home/user/.m2/repository/org/eclipse/jetty/jetty-io/9.3.24.v20180605/jetty-io-9.3.24.v20180605.jar:/home/user/.m2/repository/org/eclipse/jetty/jetty-webapp/9.3.24.v20180605/jetty-webapp-9.3.24.v20180605.jar:/home/user/.m2/repository/org/eclipse/jetty/jetty-xml/9.3.24.v20180605/jetty-xml-9.3.24.v20180605.jar:/home/user/.m2/repository/log4j/log4j/1.2.17/log4j-1.2.17.jar:/home/user/.m2/repository/org/slf4j/slf4j-api/1.7.25/slf4j-api-1.7.25.jar:/home/user/.m2/repository/org/slf4j/jul-to-slf4j/1.7.25/jul-to-slf4j-1.7.25.jar:/home/user/.m2/repository/org/eclipse/jetty/jetty-util/9.3.24.v20180605/jetty-util-9.3.24.v20180605.jar:/home/user/.m2/repository/com/fasterxml/jackson/core/jackson-databind/2.9.5/jackson-databind-2.9.5.jar:/home/user/.m2/repository/org/apache/hadoop/hadoop-kms/3.2.0/hadoop-kms-3.2.0-tests.jar:/home/user/.m2/repository/org/apache/hadoop/hadoop-hdds-server-scm/0.5.0-SNAPSHOT/hadoop-hdds-server-scm-0.5.0-SNAPSHOT-tests.jar:/home/user/.m2/repository/org/apache/hadoop/hadoop-hdds-container-service/0.5.0-SNAPSHOT/hadoop-hdds-container-service-0.5.0-SNAPSHOT-tests.jar:/home/user/.m2/repository/org/yaml/snakeyaml/1.16/snakeyaml-1.16.jar:/home/user/.m2/repository/org/apache/hadoop/hadoop-common/3.2.0/hadoop-common-3.2.0-tests.jar:/home/user/.m2/repository/org/apache/hadoop/hadoop-annotations/3.2.0/hadoop-annotations-3.2.0.jar:/usr/lib/jvm/java-1.8-openjdk/jre/../lib/tools.jar:/home/user/.m2/repository/commons-cli/commons-cli/1.2/commons-cli-1.2.jar:/home/user/.m2/repository/org/apache/httpcomponents/httpclient/4.5.2/httpclient-4.5.2.jar:/home/user/.m2/repository/org/apache/httpcomponents/httpcore/4.4.4/httpcore-4.4.4.jar:/home/user/.m2/repository/commons-codec/commons-codec/1.11/commons-codec-1.11.jar:/home/user/.m2/repository/commons-net/commons-net/3.6/commons-net-3.6.jar:/home/user/.m2/repository/commons-collections/commons-collections/3.2.2/commons-collections-3.2.2.jar:/home/user/.m2/repository/org/eclipse/jetty/jetty-servlet/9.3.24.v20180605/jetty-servlet-9.3.24.v20180605.jar:/home/user/.m2/repository/org/eclipse/jetty/jetty-security/9.3.24.v20180605/jetty-security-9.3.24.v20180605.jar:/home/user/.m2/repository/javax/servlet/jsp/jsp-api/2.1/jsp-api-2.1.jar:/home/user/.m2/repository/com/sun/jersey/jersey-servlet/1.19/jersey-servlet-1.19.jar:/home/user/.m2/repository/com/sun/jersey/jersey-json/1.19/jersey-json-1.19.jar:/home/user/.m2/repository/org/codehaus/jettison/jettison/1.1/jettison-1.1.jar:/home/user/.m2/repository/org/codehaus/jackson/jackson-core-asl/1.9.13/jackson-core-asl-1.9.13.jar:/home/user/.m2/repository/org/codehaus/jackson/jackson-mapper-asl/1.9.13/jackson-mapper-asl-1.9.13.jar:/home/user/.m2/repository/org/codehaus/jackson/jackson-jaxrs/1.9.13/jackson-jaxrs-1.9.13.jar:/home/user/.m2/repository/org/codehaus/jackson/jackson-xc/1.9.13/jackson-xc-1.9.13.jar:/home/user/.m2/repository/commons-logging/commons-logging/1.1.3/commons-logging-1.1.3.jar:/home/user/.m2/repository/commons-beanutils/commons-beanutils/1.9.3/commons-beanutils-1.9.3.jar:/home/user/.m2/repository/org/apache/commons/commons-configuration2/2.1.1/commons-configuration2-2.1.1.jar:/home/user/.m2/repository/org/apache/commons/commons-lang3/3.7/commons-lang3-3.7.jar:/home/user/.m2/repository/org/apache/commons/commons-text/1.4/commons-text-1.4.jar:/home/user/.m2/repository/org/apache/avro/avro/1.7.7/avro-1.7.7.jar:/home/user/.m2/repository/com/thoughtworks/paranamer/paranamer/2.3/paranamer-2.3.jar:/home/user/.m2/repository/org/xerial/snappy/snappy-java/1.0.5/snappy-java-1.0.5.jar:/home/user/.m2/repository/com/google/re2j/re2j/1.1/re2j-1.1.jar:/home/user/.m2/repository/com/google/code/gson/gson/2.2.4/gson-2.2.4.jar:/home/user/.m2/repository/com/jcraft/jsch/0.1.54/jsch-0.1.54.jar:/home/user/.m2/repository/org/apache/curator/curator-client/2.12.0/curator-client-2.12.0.jar:/home/user/.m2/repository/org/apache/curator/curator-recipes/2.12.0/curator-recipes-2.12.0.jar:/home/user/.m2/repository/com/google/code/findbugs/jsr305/3.0.0/jsr305-3.0.0.jar:/home/user/.m2/repository/org/apache/htrace/htrace-core4/4.1.0-incubating/htrace-core4-4.1.0-incubating.jar:/home/user/.m2/repository/org/apache/zookeeper/zookeeper/3.4.13/zookeeper-3.4.13.jar:/home/user/.m2/repository/org/apache/yetus/audience-annotations/0.5.0/audience-annotations-0.5.0.jar:/home/user/.m2/repository/org/codehaus/woodstox/stax2-api/3.1.4/stax2-api-3.1.4.jar:/home/user/.m2/repository/com/fasterxml/woodstox/woodstox-core/5.0.3/woodstox-core-5.0.3.jar:/home/user/.m2/repository/dnsjava/dnsjava/2.1.7/dnsjava-2.1.7.jar:/home/user/.m2/repository/org/apache/hadoop/hadoop-hdfs/3.2.0/hadoop-hdfs-3.2.0-tests.jar:/home/user/.m2/repository/org/eclipse/jetty/jetty-util-ajax/9.3.24.v20180605/jetty-util-ajax-9.3.24.v20180605.jar:/home/user/.m2/repository/commons-daemon/commons-daemon/1.0.13/commons-daemon-1.0.13.jar:/home/user/.m2/repository/io/netty/netty/3.10.5.Final/netty-3.10.5.Final.jar:/home/user/.m2/repository/io/netty/netty-all/4.0.52.Final/netty-all-4.0.52.Final.jar:/home/user/.m2/repository/org/fusesource/leveldbjni/leveldbjni-all/1.8/leveldbjni-all-1.8.jar:"/>
    <property name="sun.cpu.endian" value="little"/>
    <property name="user.home" value="/home/user"/>
    <property name="user.language" value="en"/>
    <property name="java.specification.vendor" value="Oracle Corporation"/>
    <property name="java.home" value="/usr/lib/jvm/java-1.8-openjdk/jre"/>
    <property name="java.security.krb5.conf" value="/workdir/hadoop-ozone/integration-test/target/test-classes/krb5.conf"/>
    <property name="basedir" value="/workdir/hadoop-ozone/integration-test"/>
    <property name="file.separator" value="/"/>
    <property name="line.separator" value="&#10;"/>
    <property name="java.vm.specification.vendor" value="Oracle Corporation"/>
    <property name="java.specification.name" value="Java Platform API Specification"/>
    <property name="java.awt.graphicsenv" value="sun.awt.X11GraphicsEnvironment"/>
    <property name="surefire.real.class.path" value="/workdir/hadoop-ozone/integration-test/target/surefire/surefirebooter5824520957756333694.jar"/>
    <property name="hadoop.log.dir" value="/workdir/hadoop-ozone/integration-test/target/log"/>
    <property name="sun.boot.class.path" value="/usr/lib/jvm/java-1.8-openjdk/jre/lib/resources.jar:/usr/lib/jvm/java-1.8-openjdk/jre/lib/rt.jar:/usr/lib/jvm/java-1.8-openjdk/jre/lib/sunrsasign.jar:/usr/lib/jvm/java-1.8-openjdk/jre/lib/jsse.jar:/usr/lib/jvm/java-1.8-openjdk/jre/lib/jce.jar:/usr/lib/jvm/java-1.8-openjdk/jre/lib/charsets.jar:/usr/lib/jvm/java-1.8-openjdk/jre/lib/jfr.jar:/usr/lib/jvm/java-1.8-openjdk/jre/classes"/>
    <property name="sun.management.compiler" value="HotSpot 64-Bit Tiered Compilers"/>
    <property name="java.runtime.version" value="1.8.0_212-b04"/>
    <property name="java.net.preferIPv4Stack" value="true"/>
    <property name="user.name" value="jenkins1000"/>
    <property name="path.separator" value=":"/>
    <property name="java.security.egd" value="file:///dev/urandom"/>
    <property name="os.version" value="3.10.0-957.12.2.el7.x86_64"/>
    <property name="java.endorsed.dirs" value="/usr/lib/jvm/java-1.8-openjdk/jre/lib/endorsed"/>
    <property name="java.runtime.name" value="OpenJDK Runtime Environment"/>
    <property name="file.encoding" value="UTF-8"/>
    <property name="java.vm.name" value="OpenJDK 64-Bit Server VM"/>
    <property name="test.build.webapps" value=""/>
    <property name="localRepository" value="/home/user/.m2/repository"/>
    <property name="java.vendor.url.bug" value="https://icedtea.classpath.org/bugzilla"/>
    <property name="java.io.tmpdir" value="/tmp"/>
    <property name="require.test.libhadoop" value=""/>
    <property name="java.version" value="1.8.0_212"/>
    <property name="user.dir" value="/workdir/hadoop-ozone/integration-test"/>
    <property name="os.arch" value="amd64"/>
    <property name="java.vm.specification.name" value="Java Virtual Machine Specification"/>
    <property name="test.build.classes" value="/workdir/hadoop-ozone/integration-test/target/test-classes"/>
    <property name="java.awt.printerjob" value="sun.print.PSPrinterJob"/>
    <property name="sun.os.patch.level" value="unknown"/>
    <property name="hadoop.tmp.dir" value="/workdir/hadoop-ozone/integration-test/target/tmp"/>
    <property name="java.library.path" value="/usr/lib/jvm/java-1.8-openjdk/jre/lib/amd64/server:/usr/lib/jvm/java-1.8-openjdk/jre/lib/amd64:/usr/lib/jvm/java-1.8-openjdk/jre/../lib/amd64:/workdir/hadoop-ozone/integration-test/target/native/target/usr/local/lib:/workdir/hadoop-ozone/integration-test/../../hadoop-common-project/hadoop-common/target/native/target/usr/local/lib:/usr/java/packages/lib/amd64:/usr/lib64:/lib64:/lib:/usr/lib"/>
    <property name="java.vm.info" value="mixed mode"/>
    <property name="java.vendor" value="IcedTea"/>
    <property name="java.vm.version" value="25.212-b04"/>
    <property name="java.ext.dirs" value="/usr/lib/jvm/java-1.8-openjdk/jre/lib/ext:/usr/java/packages/lib/ext"/>
    <property name="sun.io.unicode.encoding" value="UnicodeLittle"/>
    <property name="java.class.version" value="52.0"/>
  </properties>
  <testcase name="testMultiBlockWritesWithIntermittentDnFailures" classname="org.apache.hadoop.ozone.client.rpc.TestMultiBlockWritesWithDnFailures" time="41.393">
    <error message="Allocated 0 blocks. Requested 6 blocks" type="INTERNAL_ERROR org.apache.hadoop.ozone.om.exceptions.OMException">INTERNAL_ERROR org.apache.hadoop.ozone.om.exceptions.OMException: Allocated 0 blocks. Requested 6 blocks
	at org.apache.hadoop.ozone.om.protocolPB.OzoneManagerProtocolClientSideTranslatorPB.handleError(OzoneManagerProtocolClientSideTranslatorPB.java:725)
	at org.apache.hadoop.ozone.om.protocolPB.OzoneManagerProtocolClientSideTranslatorPB.openKey(OzoneManagerProtocolClientSideTranslatorPB.java:716)
	at org.apache.hadoop.ozone.client.rpc.RpcClient.createKey(RpcClient.java:615)
	at org.apache.hadoop.ozone.client.OzoneBucket.createKey(OzoneBucket.java:323)
	at org.apache.hadoop.ozone.container.ContainerTestHelper.createKey(ContainerTestHelper.java:694)
	at org.apache.hadoop.ozone.client.rpc.TestMultiBlockWritesWithDnFailures.createKey(TestMultiBlockWritesWithDnFailures.java:212)
	at org.apache.hadoop.ozone.client.rpc.TestMultiBlockWritesWithDnFailures.testMultiBlockWritesWithIntermittentDnFailures(TestMultiBlockWritesWithDnFailures.java:163)
	at sun.reflect.NativeMethodAccessorImpl.invoke0(Native Method)
	at sun.reflect.NativeMethodAccessorImpl.invoke(NativeMethodAccessorImpl.java:62)
	at sun.reflect.DelegatingMethodAccessorImpl.invoke(DelegatingMethodAccessorImpl.java:43)
	at java.lang.reflect.Method.invoke(Method.java:498)
	at org.junit.runners.model.FrameworkMethod$1.runReflectiveCall(FrameworkMethod.java:47)
	at org.junit.internal.runners.model.ReflectiveCallable.run(ReflectiveCallable.java:12)
	at org.junit.runners.model.FrameworkMethod.invokeExplosively(FrameworkMethod.java:44)
	at org.junit.internal.runners.statements.InvokeMethod.evaluate(InvokeMethod.java:17)
	at org.junit.internal.runners.statements.RunAfters.evaluate(RunAfters.java:27)
	at org.junit.runners.ParentRunner.runLeaf(ParentRunner.java:271)
	at org.junit.runners.BlockJUnit4ClassRunner.runChild(BlockJUnit4ClassRunner.java:70)
	at org.junit.runners.BlockJUnit4ClassRunner.runChild(BlockJUnit4ClassRunner.java:50)
	at org.junit.runners.ParentRunner$3.run(ParentRunner.java:238)
	at org.junit.runners.ParentRunner$1.schedule(ParentRunner.java:63)
	at org.junit.runners.ParentRunner.runChildren(ParentRunner.java:236)
	at org.junit.runners.ParentRunner.access$000(ParentRunner.java:53)
	at org.junit.runners.ParentRunner$2.evaluate(ParentRunner.java:229)
	at org.junit.runners.ParentRunner.run(ParentRunner.java:309)
	at org.apache.maven.surefire.junit4.JUnit4Provider.execute(JUnit4Provider.java:365)
	at org.apache.maven.surefire.junit4.JUnit4Provider.executeWithRerun(JUnit4Provider.java:273)
	at org.apache.maven.surefire.junit4.JUnit4Provider.executeTestSet(JUnit4Provider.java:238)
	at org.apache.maven.surefire.junit4.JUnit4Provider.invoke(JUnit4Provider.java:159)
	at org.apache.maven.surefire.booter.ForkedBooter.invokeProviderInSameClassLoader(ForkedBooter.java:384)
	at org.apache.maven.surefire.booter.ForkedBooter.runSuitesInProcess(ForkedBooter.java:345)
	at org.apache.maven.surefire.booter.ForkedBooter.execute(ForkedBooter.java:126)
	at org.apache.maven.surefire.booter.ForkedBooter.main(ForkedBooter.java:418)
</error>
    <system-out><![CDATA[2019-09-19 08:58:12,572 [main] WARN  server.ServerUtils (ServerUtils.java:getScmDbDir(145)) - ozone.scm.db.dirs is not configured. We recommend adding this setting. Falling back to ozone.metadata.dirs instead.
2019-09-19 08:58:12,729 [main] WARN  server.ServerUtils (ServerUtils.java:getScmDbDir(145)) - ozone.scm.db.dirs is not configured. We recommend adding this setting. Falling back to ozone.metadata.dirs instead.
2019-09-19 08:58:12,733 [main] WARN  server.ServerUtils (ServerUtils.java:getScmDbDir(145)) - ozone.scm.db.dirs is not configured. We recommend adding this setting. Falling back to ozone.metadata.dirs instead.
2019-09-19 08:58:12,753 [main] INFO  util.log (Log.java:initialized(192)) - Logging initialized @898ms
2019-09-19 08:58:12,856 [main] INFO  db.DBStoreBuilder (DBStoreBuilder.java:addTable(110)) - using custom profile for table: deletedBlocks
2019-09-19 08:58:12,856 [main] INFO  db.DBStoreBuilder (DBStoreBuilder.java:processTables(161)) - Using default column profile:DBProfile.DISK for Table:deletedBlocks
2019-09-19 08:58:12,856 [main] INFO  db.DBStoreBuilder (DBStoreBuilder.java:addTable(110)) - using custom profile for table: validCerts
2019-09-19 08:58:12,857 [main] INFO  db.DBStoreBuilder (DBStoreBuilder.java:processTables(161)) - Using default column profile:DBProfile.DISK for Table:validCerts
2019-09-19 08:58:12,857 [main] INFO  db.DBStoreBuilder (DBStoreBuilder.java:addTable(110)) - using custom profile for table: revokedCerts
2019-09-19 08:58:12,857 [main] INFO  db.DBStoreBuilder (DBStoreBuilder.java:processTables(161)) - Using default column profile:DBProfile.DISK for Table:revokedCerts
2019-09-19 08:58:12,869 [main] INFO  db.DBStoreBuilder (DBStoreBuilder.java:addTable(110)) - using custom profile for table: default
2019-09-19 08:58:12,869 [main] INFO  db.DBStoreBuilder (DBStoreBuilder.java:processTables(167)) - Using default column profile:DBProfile.DISK for Table:default
2019-09-19 08:58:12,870 [main] INFO  db.DBStoreBuilder (DBStoreBuilder.java:getDbProfile(198)) - Using default options. DBProfile.DISK
2019-09-19 08:58:13,035 [main] INFO  net.NodeSchemaLoader (NodeSchemaLoader.java:loadSchemaFromFile(125)) - Loading file from sun.misc.CompoundEnumeration@56620197
2019-09-19 08:58:13,037 [main] INFO  net.NodeSchemaLoader (NodeSchemaLoader.java:loadSchema(171)) - Loading network topology layer schema file
2019-09-19 08:58:13,109 [main] INFO  node.SCMNodeManager (SCMNodeManager.java:<init>(121)) - Entering startup safe mode.
2019-09-19 08:58:13,179 [main] INFO  algorithms.ContainerPlacementPolicyFactory (ContainerPlacementPolicyFactory.java:getPolicy(56)) - Create container placement policy of type org.apache.hadoop.hdds.scm.container.placement.algorithms.SCMContainerPlacementRandom
2019-09-19 08:58:13,194 [main] WARN  server.ServerUtils (ServerUtils.java:getScmDbDir(145)) - ozone.scm.db.dirs is not configured. We recommend adding this setting. Falling back to ozone.metadata.dirs instead.
2019-09-19 08:58:13,254 [main] INFO  pipeline.SCMPipelineManager (SCMPipelineManager.java:initializePipelineState(126)) - No pipeline exists in current db
2019-09-19 08:58:13,257 [main] WARN  server.ServerUtils (ServerUtils.java:getScmDbDir(145)) - ozone.scm.db.dirs is not configured. We recommend adding this setting. Falling back to ozone.metadata.dirs instead.
2019-09-19 08:58:13,357 [main] WARN  events.EventQueue (EventQueue.java:fireEvent(175)) - No event handler registered for event TypedEvent{payloadType=SafeModeStatus, name='SafeModeStatus'}
2019-09-19 08:58:13,762 [main] INFO  ipc.CallQueueManager (CallQueueManager.java:<init>(84)) - Using callQueue: class java.util.concurrent.LinkedBlockingQueue, queueCapacity: 2000, scheduler: class org.apache.hadoop.ipc.DefaultRpcScheduler, ipcBackoff: false.
2019-09-19 08:58:14,016 [Socket Reader #1 for port 46069] INFO  ipc.Server (Server.java:run(1074)) - Starting Socket Reader #1 for port 46069
2019-09-19 08:58:14,046 [main] INFO  ipc.CallQueueManager (CallQueueManager.java:<init>(84)) - Using callQueue: class java.util.concurrent.LinkedBlockingQueue, queueCapacity: 2000, scheduler: class org.apache.hadoop.ipc.DefaultRpcScheduler, ipcBackoff: false.
2019-09-19 08:58:14,047 [Socket Reader #1 for port 35261] INFO  ipc.Server (Server.java:run(1074)) - Starting Socket Reader #1 for port 35261
2019-09-19 08:58:14,056 [main] INFO  ipc.CallQueueManager (CallQueueManager.java:<init>(84)) - Using callQueue: class java.util.concurrent.LinkedBlockingQueue, queueCapacity: 2000, scheduler: class org.apache.hadoop.ipc.DefaultRpcScheduler, ipcBackoff: false.
2019-09-19 08:58:14,057 [Socket Reader #1 for port 41659] INFO  ipc.Server (Server.java:run(1074)) - Starting Socket Reader #1 for port 41659
2019-09-19 08:58:14,081 [main] INFO  hdfs.DFSUtil (DFSUtil.java:httpServerTemplateForNNAndJN(1641)) - Starting Web-server for scm at: http://0.0.0.0:0
2019-09-19 08:58:14,237 [main] INFO  server.AuthenticationFilter (AuthenticationFilter.java:constructSecretProvider(240)) - Unable to initialize FileSignerSecretProvider, falling back to use random secrets.
2019-09-19 08:58:14,248 [main] WARN  http.HttpRequestLog (HttpRequestLog.java:getRequestLog(97)) - Jetty request log can only be enabled using Log4j
2019-09-19 08:58:14,258 [main] INFO  http.HttpServer2 (HttpServer2.java:addGlobalFilter(975)) - Added global filter 'safety' (class=org.apache.hadoop.http.HttpServer2$QuotingInputFilter)
2019-09-19 08:58:14,260 [main] INFO  http.HttpServer2 (HttpServer2.java:addFilter(948)) - Added filter static_user_filter (class=org.apache.hadoop.http.lib.StaticUserWebFilter$StaticUserFilter) to context scm
2019-09-19 08:58:14,261 [main] INFO  http.HttpServer2 (HttpServer2.java:addFilter(958)) - Added filter static_user_filter (class=org.apache.hadoop.http.lib.StaticUserWebFilter$StaticUserFilter) to context static
2019-09-19 08:58:14,261 [main] INFO  http.HttpServer2 (HttpServer2.java:addFilter(958)) - Added filter static_user_filter (class=org.apache.hadoop.http.lib.StaticUserWebFilter$StaticUserFilter) to context logs
2019-09-19 08:58:14,293 [main] INFO  server.StorageContainerManager (StorageContainerManager.java:start(759)) - StorageContainerLocationProtocol RPC server is listening at /0.0.0.0:41659
2019-09-19 08:58:14,351 [main] WARN  impl.MetricsConfig (MetricsConfig.java:loadFirst(134)) - Cannot locate configuration: tried hadoop-metrics2-storagecontainermanager.properties,hadoop-metrics2.properties
2019-09-19 08:58:14,366 [main] INFO  impl.MetricsSystemImpl (MetricsSystemImpl.java:startTimer(374)) - Scheduled Metric snapshot period at 10 second(s).
2019-09-19 08:58:14,366 [main] INFO  impl.MetricsSystemImpl (MetricsSystemImpl.java:start(191)) - StorageContainerManager metrics system started
2019-09-19 08:58:14,641 [main] INFO  server.SCMClientProtocolServer (SCMClientProtocolServer.java:start(151)) - RPC server for Client  is listening at /0.0.0.0:41659
2019-09-19 08:58:14,642 [IPC Server Responder] INFO  ipc.Server (Server.java:run(1314)) - IPC Server Responder: starting
2019-09-19 08:58:14,642 [IPC Server listener on 41659] INFO  ipc.Server (Server.java:run(1153)) - IPC Server listener on 41659: starting
2019-09-19 08:58:14,644 [main] INFO  server.StorageContainerManager (StorageContainerManager.java:start(769)) - ScmBlockLocationProtocol RPC server is listening at /0.0.0.0:35261
2019-09-19 08:58:14,644 [main] INFO  server.SCMBlockProtocolServer (SCMBlockProtocolServer.java:start(140)) - RPC server for Block Protocol is listening at /0.0.0.0:35261
2019-09-19 08:58:14,645 [IPC Server Responder] INFO  ipc.Server (Server.java:run(1314)) - IPC Server Responder: starting
2019-09-19 08:58:14,645 [IPC Server listener on 35261] INFO  ipc.Server (Server.java:run(1153)) - IPC Server listener on 35261: starting
2019-09-19 08:58:14,646 [main] INFO  server.StorageContainerManager (StorageContainerManager.java:start(773)) - ScmDatanodeProtocl RPC server is listening at /0.0.0.0:46069
2019-09-19 08:58:14,647 [main] INFO  server.SCMDatanodeProtocolServer (SCMDatanodeProtocolServer.java:start(191)) - RPC server for DataNodes is listening at /0.0.0.0:46069
2019-09-19 08:58:14,647 [IPC Server Responder] INFO  ipc.Server (Server.java:run(1314)) - IPC Server Responder: starting
2019-09-19 08:58:14,647 [IPC Server listener on 46069] INFO  ipc.Server (Server.java:run(1153)) - IPC Server listener on 46069: starting
2019-09-19 08:58:14,650 [main] INFO  http.HttpServer2 (HttpServer2.java:bindListener(1191)) - Jetty bound to port 39364
2019-09-19 08:58:14,652 [main] INFO  server.Server (Server.java:doStart(351)) - jetty-9.3.24.v20180605, build timestamp: 2018-06-05T17:11:56Z, git hash: 84205aa28f11a4f31f2a3b86d1bba2cc8ab69827
2019-09-19 08:58:14,689 [main] INFO  handler.ContextHandler (ContextHandler.java:doStart(781)) - Started o.e.j.s.ServletContextHandler@38f116f6{/logs,file:///workdir/hadoop-ozone/integration-test/target/log,AVAILABLE}
2019-09-19 08:58:14,690 [main] INFO  handler.ContextHandler (ContextHandler.java:doStart(781)) - Started o.e.j.s.ServletContextHandler@6e6d5d29{/static,file:///workdir/hadoop-ozone/integration-test/target/test-classes/webapps/static,AVAILABLE}
2019-09-19 08:58:14,806 [main] INFO  handler.ContextHandler (ContextHandler.java:doStart(781)) - Started o.e.j.w.WebAppContext@62f87c44{/,file:///workdir/hadoop-ozone/integration-test/target/test-classes/webapps/scm/,AVAILABLE}{/scm}
2019-09-19 08:58:14,814 [main] INFO  server.AbstractConnector (AbstractConnector.java:doStart(278)) - Started ServerConnector@72efb5c1{HTTP/1.1,[http/1.1]}{0.0.0.0:39364}
2019-09-19 08:58:14,814 [main] INFO  server.Server (Server.java:doStart(419)) - Started @2959ms
2019-09-19 08:58:14,816 [main] INFO  server.BaseHttpServer (BaseHttpServer.java:updateConnectorAddress(213)) - HTTP server of SCM is listening at http://0.0.0.0:39364
2019-09-19 08:58:14,822 [org.apache.hadoop.util.JvmPauseMonitor$Monitor@70e29e14] INFO  util.JvmPauseMonitor (JvmPauseMonitor.java:run(188)) - Starting JVM pause monitor
2019-09-19 08:58:14,826 [main] WARN  server.ServerUtils (ServerUtils.java:getDBPath(222)) - ozone.om.db.dirs is not configured. We recommend adding this setting. Falling back to ozone.metadata.dirs instead.
2019-09-19 08:58:14,978 [main] WARN  server.ServerUtils (ServerUtils.java:getDBPath(222)) - ozone.om.db.dirs is not configured. We recommend adding this setting. Falling back to ozone.metadata.dirs instead.
2019-09-19 08:58:14,979 [main] WARN  server.ServerUtils (ServerUtils.java:getDBPath(222)) - ozone.om.db.dirs is not configured. We recommend adding this setting. Falling back to ozone.metadata.dirs instead.
2019-09-19 08:58:14,980 [main] INFO  om.OzoneManager (OzoneManager.java:setOMNodeDetails(645)) - OM Service ID is not set. Setting it to the default ID: omServiceIdDefault
2019-09-19 08:58:14,981 [main] INFO  om.OzoneManager (OzoneManager.java:setOMNodeDetails(651)) - OM Node ID is not set. Setting it to the OmStorage's OmID: 77c54e53-27f6-4897-b1e2-36948d64bde0
2019-09-19 08:58:14,982 [main] INFO  om.OzoneManager (OzoneManager.java:loadOMHAConfigs(602)) - Found matching OM address with OMServiceId: null, OMNodeId: null, RPC Address: localhost:0 and Ratis port: 9872
2019-09-19 08:58:15,267 | INFO  | SCMAudit | user=jenkins1000 | ip=192.168.34.5 | op=GET_SCM_INFO null | ret=SUCCESS |  
2019-09-19 08:58:15,726 [main] WARN  server.ServerUtils (ServerUtils.java:getDBPath(222)) - ozone.om.db.dirs is not configured. We recommend adding this setting. Falling back to ozone.metadata.dirs instead.
2019-09-19 08:58:15,733 [main] INFO  db.DBStoreBuilder (DBStoreBuilder.java:addTable(110)) - using custom profile for table: userTable
2019-09-19 08:58:15,734 [main] INFO  db.DBStoreBuilder (DBStoreBuilder.java:processTables(161)) - Using default column profile:DBProfile.DISK for Table:userTable
2019-09-19 08:58:15,734 [main] INFO  db.DBStoreBuilder (DBStoreBuilder.java:addTable(110)) - using custom profile for table: volumeTable
2019-09-19 08:58:15,734 [main] INFO  db.DBStoreBuilder (DBStoreBuilder.java:processTables(161)) - Using default column profile:DBProfile.DISK for Table:volumeTable
2019-09-19 08:58:15,734 [main] INFO  db.DBStoreBuilder (DBStoreBuilder.java:addTable(110)) - using custom profile for table: bucketTable
2019-09-19 08:58:15,735 [main] INFO  db.DBStoreBuilder (DBStoreBuilder.java:processTables(161)) - Using default column profile:DBProfile.DISK for Table:bucketTable
2019-09-19 08:58:15,735 [main] INFO  db.DBStoreBuilder (DBStoreBuilder.java:addTable(110)) - using custom profile for table: keyTable
2019-09-19 08:58:15,735 [main] INFO  db.DBStoreBuilder (DBStoreBuilder.java:processTables(161)) - Using default column profile:DBProfile.DISK for Table:keyTable
2019-09-19 08:58:15,735 [main] INFO  db.DBStoreBuilder (DBStoreBuilder.java:addTable(110)) - using custom profile for table: deletedTable
2019-09-19 08:58:15,736 [main] INFO  db.DBStoreBuilder (DBStoreBuilder.java:processTables(161)) - Using default column profile:DBProfile.DISK for Table:deletedTable
2019-09-19 08:58:15,736 [main] INFO  db.DBStoreBuilder (DBStoreBuilder.java:addTable(110)) - using custom profile for table: openKeyTable
2019-09-19 08:58:15,736 [main] INFO  db.DBStoreBuilder (DBStoreBuilder.java:processTables(161)) - Using default column profile:DBProfile.DISK for Table:openKeyTable
2019-09-19 08:58:15,736 [main] INFO  db.DBStoreBuilder (DBStoreBuilder.java:addTable(110)) - using custom profile for table: s3Table
2019-09-19 08:58:15,737 [main] INFO  db.DBStoreBuilder (DBStoreBuilder.java:processTables(161)) - Using default column profile:DBProfile.DISK for Table:s3Table
2019-09-19 08:58:15,737 [main] INFO  db.DBStoreBuilder (DBStoreBuilder.java:addTable(110)) - using custom profile for table: multipartInfoTable
2019-09-19 08:58:15,737 [main] INFO  db.DBStoreBuilder (DBStoreBuilder.java:processTables(161)) - Using default column profile:DBProfile.DISK for Table:multipartInfoTable
2019-09-19 08:58:15,737 [main] INFO  db.DBStoreBuilder (DBStoreBuilder.java:addTable(110)) - using custom profile for table: dTokenTable
2019-09-19 08:58:15,738 [main] INFO  db.DBStoreBuilder (DBStoreBuilder.java:processTables(161)) - Using default column profile:DBProfile.DISK for Table:dTokenTable
2019-09-19 08:58:15,738 [main] INFO  db.DBStoreBuilder (DBStoreBuilder.java:addTable(110)) - using custom profile for table: s3SecretTable
2019-09-19 08:58:15,738 [main] INFO  db.DBStoreBuilder (DBStoreBuilder.java:processTables(161)) - Using default column profile:DBProfile.DISK for Table:s3SecretTable
2019-09-19 08:58:15,738 [main] INFO  db.DBStoreBuilder (DBStoreBuilder.java:addTable(110)) - using custom profile for table: prefixTable
2019-09-19 08:58:15,739 [main] INFO  db.DBStoreBuilder (DBStoreBuilder.java:processTables(161)) - Using default column profile:DBProfile.DISK for Table:prefixTable
2019-09-19 08:58:15,739 [main] INFO  db.DBStoreBuilder (DBStoreBuilder.java:addTable(110)) - using custom profile for table: default
2019-09-19 08:58:15,739 [main] INFO  db.DBStoreBuilder (DBStoreBuilder.java:processTables(167)) - Using default column profile:DBProfile.DISK for Table:default
2019-09-19 08:58:15,739 [main] INFO  db.DBStoreBuilder (DBStoreBuilder.java:getDbProfile(198)) - Using default options. DBProfile.DISK
2019-09-19 08:58:16,127 [main] INFO  ipc.CallQueueManager (CallQueueManager.java:<init>(84)) - Using callQueue: class java.util.concurrent.LinkedBlockingQueue, queueCapacity: 2000, scheduler: class org.apache.hadoop.ipc.DefaultRpcScheduler, ipcBackoff: false.
2019-09-19 08:58:16,128 [Socket Reader #1 for port 40484] INFO  ipc.Server (Server.java:run(1074)) - Starting Socket Reader #1 for port 40484
2019-09-19 08:58:16,149 [main] INFO  om.OzoneManager (OzoneManager.java:start(1256)) - OzoneManager RPC server is listening at localhost/127.0.0.1:40484
2019-09-19 08:58:16,150 [main] INFO  impl.MetricsSystemImpl (MetricsSystemImpl.java:init(158)) - OzoneManager metrics system started (again)
2019-09-19 08:58:16,151 [IPC Server Responder] INFO  ipc.Server (Server.java:run(1314)) - IPC Server Responder: starting
2019-09-19 08:58:16,156 [IPC Server listener on 40484] INFO  ipc.Server (Server.java:run(1153)) - IPC Server listener on 40484: starting
2019-09-19 08:58:16,160 [main] INFO  hdfs.DFSUtil (DFSUtil.java:httpServerTemplateForNNAndJN(1641)) - Starting Web-server for ozoneManager at: http://0.0.0.0:0
2019-09-19 08:58:16,161 [main] INFO  server.AuthenticationFilter (AuthenticationFilter.java:constructSecretProvider(240)) - Unable to initialize FileSignerSecretProvider, falling back to use random secrets.
2019-09-19 08:58:16,162 [main] WARN  http.HttpRequestLog (HttpRequestLog.java:getRequestLog(97)) - Jetty request log can only be enabled using Log4j
2019-09-19 08:58:16,164 [main] INFO  http.HttpServer2 (HttpServer2.java:addGlobalFilter(975)) - Added global filter 'safety' (class=org.apache.hadoop.http.HttpServer2$QuotingInputFilter)
2019-09-19 08:58:16,165 [main] INFO  http.HttpServer2 (HttpServer2.java:addFilter(948)) - Added filter static_user_filter (class=org.apache.hadoop.http.lib.StaticUserWebFilter$StaticUserFilter) to context ozoneManager
2019-09-19 08:58:16,165 [main] INFO  http.HttpServer2 (HttpServer2.java:addFilter(958)) - Added filter static_user_filter (class=org.apache.hadoop.http.lib.StaticUserWebFilter$StaticUserFilter) to context static
2019-09-19 08:58:16,165 [main] INFO  http.HttpServer2 (HttpServer2.java:addFilter(958)) - Added filter static_user_filter (class=org.apache.hadoop.http.lib.StaticUserWebFilter$StaticUserFilter) to context logs
2019-09-19 08:58:16,168 [main] INFO  http.HttpServer2 (HttpServer2.java:bindListener(1191)) - Jetty bound to port 35920
2019-09-19 08:58:16,168 [main] INFO  server.Server (Server.java:doStart(351)) - jetty-9.3.24.v20180605, build timestamp: 2018-06-05T17:11:56Z, git hash: 84205aa28f11a4f31f2a3b86d1bba2cc8ab69827
2019-09-19 08:58:16,170 [main] INFO  handler.ContextHandler (ContextHandler.java:doStart(781)) - Started o.e.j.s.ServletContextHandler@64138b0c{/logs,file:///workdir/hadoop-ozone/integration-test/target/log,AVAILABLE}
2019-09-19 08:58:16,170 [main] INFO  handler.ContextHandler (ContextHandler.java:doStart(781)) - Started o.e.j.s.ServletContextHandler@22d9c961{/static,file:///workdir/hadoop-ozone/integration-test/target/test-classes/webapps/static,AVAILABLE}
2019-09-19 08:58:16,175 [main] INFO  handler.ContextHandler (ContextHandler.java:doStart(781)) - Started o.e.j.w.WebAppContext@173373b4{/,file:///workdir/hadoop-ozone/integration-test/target/test-classes/webapps/ozoneManager/,AVAILABLE}{/ozoneManager}
2019-09-19 08:58:16,176 [main] INFO  server.AbstractConnector (AbstractConnector.java:doStart(278)) - Started ServerConnector@40d10481{HTTP/1.1,[http/1.1]}{0.0.0.0:35920}
2019-09-19 08:58:16,177 [main] INFO  server.Server (Server.java:doStart(419)) - Started @4321ms
2019-09-19 08:58:16,178 [main] INFO  server.BaseHttpServer (BaseHttpServer.java:updateConnectorAddress(213)) - HTTP server of OZONEMANAGER is listening at http://0.0.0.0:35920
2019-09-19 08:58:16,487 [main] INFO  impl.MetricsSystemImpl (MetricsSystemImpl.java:init(158)) - HddsDatanode metrics system started (again)
2019-09-19 08:58:16,584 [main] INFO  ozone.HddsDatanodeService (HddsDatanodeService.java:start(184)) - HddsDatanodeService host:pr-hdds-1569-j4bt4-3030777008 ip:192.168.34.5
2019-09-19 08:58:16,615 [main] INFO  volume.HddsVolume (HddsVolume.java:<init>(176)) - Creating Volume: /workdir/hadoop-ozone/integration-test/target/test-dir/MiniOzoneClusterImpl-072ceacc-f14a-494c-b049-5b6ad59b8d93/datanode-0/data/containers/hdds of  storage type : DISK and capacity : 1482555576320
2019-09-19 08:58:16,617 [main] INFO  volume.VolumeSet (VolumeSet.java:initializeVolumeSet(170)) - Added Volume : /workdir/hadoop-ozone/integration-test/target/test-dir/MiniOzoneClusterImpl-072ceacc-f14a-494c-b049-5b6ad59b8d93/datanode-0/data/containers/hdds to VolumeSet
2019-09-19 08:58:16,620 [main] INFO  volume.ThrottledAsyncChecker (ThrottledAsyncChecker.java:schedule(140)) - Scheduling a check for org.apache.hadoop.ozone.container.common.volume.HddsVolume@7c1c5936
2019-09-19 08:58:16,636 [main] INFO  volume.HddsVolumeChecker (HddsVolumeChecker.java:checkAllVolumes(203)) - Scheduled health check for volume org.apache.hadoop.ozone.container.common.volume.HddsVolume@7c1c5936
2019-09-19 08:58:16,744 [main] INFO  impl.RaftServerProxy (ConfUtils.java:logGet(43)) - raft.rpc.type = GRPC (default)
2019-09-19 08:58:16,811 [main] INFO  grpc.GrpcFactory (GrpcFactory.java:checkPooledByteBufAllocatorUseCacheForAllThreads(45)) - PERFORMANCE WARNING: useCacheForAllThreads is true that may cause Netty to create a lot garbage objects and, as a result, trigger GC.
	It is recommended to disable useCacheForAllThreads by setting -Dorg.apache.ratis.thirdparty.io.netty.allocator.useCacheForAllThreads=false in command line.
2019-09-19 08:58:16,816 [main] INFO  grpc.GrpcConfigKeys$Server (ConfUtils.java:logGet(43)) - raft.grpc.server.port = 0 (default)
2019-09-19 08:58:16,817 [main] INFO  server.GrpcService (ConfUtils.java:logGet(43)) - raft.grpc.message.size.max = 33570816 (custom)
2019-09-19 08:58:16,818 [main] INFO  server.RaftServerConfigKeys (ConfUtils.java:logGet(43)) - raft.server.log.appender.buffer.byte-limit = 33554432 (custom)
2019-09-19 08:58:16,819 [main] INFO  server.GrpcService (ConfUtils.java:logGet(43)) - raft.grpc.flow.control.window = 1MB (=1048576) (default)
2019-09-19 08:58:16,822 [main] INFO  server.RaftServerConfigKeys (ConfUtils.java:logGet(43)) - raft.server.rpc.request.timeout = 3000ms (default)
2019-09-19 08:58:17,011 [main] INFO  server.RaftServerConfigKeys (ConfUtils.java:logGet(43)) - raft.server.storage.dir = [/workdir/hadoop-ozone/integration-test/target/test-dir/MiniOzoneClusterImpl-072ceacc-f14a-494c-b049-5b6ad59b8d93/datanode-0/data/ratis] (custom)
2019-09-19 08:58:17,047 [main] INFO  replication.SimpleContainerDownloader (SimpleContainerDownloader.java:<init>(72)) - Starting container downloader service to copy containers to replicate.
2019-09-19 08:58:17,065 [main] INFO  hdfs.DFSUtil (DFSUtil.java:httpServerTemplateForNNAndJN(1641)) - Starting Web-server for hddsDatanode at: http://0.0.0.0:0
2019-09-19 08:58:17,071 [main] INFO  server.AuthenticationFilter (AuthenticationFilter.java:constructSecretProvider(240)) - Unable to initialize FileSignerSecretProvider, falling back to use random secrets.
2019-09-19 08:58:17,073 [main] WARN  http.HttpRequestLog (HttpRequestLog.java:getRequestLog(97)) - Jetty request log can only be enabled using Log4j
2019-09-19 08:58:17,076 [main] INFO  http.HttpServer2 (HttpServer2.java:addGlobalFilter(975)) - Added global filter 'safety' (class=org.apache.hadoop.http.HttpServer2$QuotingInputFilter)
2019-09-19 08:58:17,077 [main] INFO  http.HttpServer2 (HttpServer2.java:addFilter(948)) - Added filter static_user_filter (class=org.apache.hadoop.http.lib.StaticUserWebFilter$StaticUserFilter) to context hddsDatanode
2019-09-19 08:58:17,078 [main] INFO  http.HttpServer2 (HttpServer2.java:addFilter(958)) - Added filter static_user_filter (class=org.apache.hadoop.http.lib.StaticUserWebFilter$StaticUserFilter) to context logs
2019-09-19 08:58:17,078 [main] INFO  http.HttpServer2 (HttpServer2.java:addFilter(958)) - Added filter static_user_filter (class=org.apache.hadoop.http.lib.StaticUserWebFilter$StaticUserFilter) to context static
2019-09-19 08:58:17,080 [main] INFO  http.HttpServer2 (HttpServer2.java:bindListener(1191)) - Jetty bound to port 45573
2019-09-19 08:58:17,080 [main] INFO  server.Server (Server.java:doStart(351)) - jetty-9.3.24.v20180605, build timestamp: 2018-06-05T17:11:56Z, git hash: 84205aa28f11a4f31f2a3b86d1bba2cc8ab69827
2019-09-19 08:58:17,082 [main] INFO  handler.ContextHandler (ContextHandler.java:doStart(781)) - Started o.e.j.s.ServletContextHandler@68b9834c{/logs,file:///workdir/hadoop-ozone/integration-test/target/log,AVAILABLE}
2019-09-19 08:58:17,083 [main] INFO  handler.ContextHandler (ContextHandler.java:doStart(781)) - Started o.e.j.s.ServletContextHandler@671d1157{/static,jar:file:/home/user/.m2/repository/org/apache/hadoop/hadoop-hdds-container-service/0.5.0-SNAPSHOT/hadoop-hdds-container-service-0.5.0-SNAPSHOT.jar!/webapps/static,AVAILABLE}
2019-09-19 08:58:17,128 [main] INFO  handler.ContextHandler (ContextHandler.java:doStart(781)) - Started o.e.j.w.WebAppContext@5ea4300e{/,file:///tmp/jetty-0.0.0.0-45573-hddsDatanode-_-any-3751521270261352017.dir/webapp/,AVAILABLE}{/hddsDatanode}
2019-09-19 08:58:17,129 [main] INFO  server.AbstractConnector (AbstractConnector.java:doStart(278)) - Started ServerConnector@5a1c3cb4{HTTP/1.1,[http/1.1]}{0.0.0.0:45573}
2019-09-19 08:58:17,130 [main] INFO  server.Server (Server.java:doStart(419)) - Started @5274ms
2019-09-19 08:58:17,131 [main] INFO  server.BaseHttpServer (BaseHttpServer.java:updateConnectorAddress(213)) - HTTP server of HDDSDATANODE is listening at http://0.0.0.0:45573
2019-09-19 08:58:18,239 | INFO  | ObjectStoreRestHttpServer | Listening HDDS REST traffic on /0.0.0.0:35509 |  
2019-09-19 08:58:18,241 [main] INFO  ozone.HddsDatanodeService (HddsDatanodeService.java:startPlugins(395)) - Started plug-in org.apache.hadoop.ozone.web.OzoneHddsDatanodeService@5e50df2e
2019-09-19 08:58:18,242 [main] INFO  impl.MetricsSystemImpl (MetricsSystemImpl.java:init(158)) - HddsDatanode metrics system started (again)
2019-09-19 08:58:18,244 [main] INFO  ozone.HddsDatanodeService (HddsDatanodeService.java:start(184)) - HddsDatanodeService host:pr-hdds-1569-j4bt4-3030777008 ip:192.168.34.5
2019-09-19 08:58:18,249 [org.apache.hadoop.util.JvmPauseMonitor$Monitor@2d5fab2c] INFO  util.JvmPauseMonitor (JvmPauseMonitor.java:run(188)) - Starting JVM pause monitor
2019-09-19 08:58:18,253 [main] INFO  volume.HddsVolume (HddsVolume.java:<init>(176)) - Creating Volume: /workdir/hadoop-ozone/integration-test/target/test-dir/MiniOzoneClusterImpl-072ceacc-f14a-494c-b049-5b6ad59b8d93/datanode-1/data/containers/hdds of  storage type : DISK and capacity : 1482555576320
2019-09-19 08:58:18,253 [main] INFO  volume.VolumeSet (VolumeSet.java:initializeVolumeSet(170)) - Added Volume : /workdir/hadoop-ozone/integration-test/target/test-dir/MiniOzoneClusterImpl-072ceacc-f14a-494c-b049-5b6ad59b8d93/datanode-1/data/containers/hdds to VolumeSet
2019-09-19 08:58:18,254 [main] INFO  volume.ThrottledAsyncChecker (ThrottledAsyncChecker.java:schedule(140)) - Scheduling a check for org.apache.hadoop.ozone.container.common.volume.HddsVolume@153cb763
2019-09-19 08:58:18,255 [main] INFO  volume.HddsVolumeChecker (HddsVolumeChecker.java:checkAllVolumes(203)) - Scheduled health check for volume org.apache.hadoop.ozone.container.common.volume.HddsVolume@153cb763
2019-09-19 08:58:18,275 [main] INFO  impl.RaftServerProxy (ConfUtils.java:logGet(43)) - raft.rpc.type = GRPC (default)
2019-09-19 08:58:18,276 [main] INFO  grpc.GrpcFactory (GrpcFactory.java:checkPooledByteBufAllocatorUseCacheForAllThreads(45)) - PERFORMANCE WARNING: useCacheForAllThreads is true that may cause Netty to create a lot garbage objects and, as a result, trigger GC.
	It is recommended to disable useCacheForAllThreads by setting -Dorg.apache.ratis.thirdparty.io.netty.allocator.useCacheForAllThreads=false in command line.
2019-09-19 08:58:18,276 [main] INFO  grpc.GrpcConfigKeys$Server (ConfUtils.java:logGet(43)) - raft.grpc.server.port = 0 (default)
2019-09-19 08:58:18,276 [main] INFO  server.GrpcService (ConfUtils.java:logGet(43)) - raft.grpc.message.size.max = 33570816 (custom)
2019-09-19 08:58:18,277 [main] INFO  server.RaftServerConfigKeys (ConfUtils.java:logGet(43)) - raft.server.log.appender.buffer.byte-limit = 33554432 (custom)
2019-09-19 08:58:18,277 [main] INFO  server.GrpcService (ConfUtils.java:logGet(43)) - raft.grpc.flow.control.window = 1MB (=1048576) (default)
2019-09-19 08:58:18,277 [main] INFO  server.RaftServerConfigKeys (ConfUtils.java:logGet(43)) - raft.server.rpc.request.timeout = 3000ms (default)
2019-09-19 08:58:18,278 [main] INFO  server.RaftServerConfigKeys (ConfUtils.java:logGet(43)) - raft.server.storage.dir = [/workdir/hadoop-ozone/integration-test/target/test-dir/MiniOzoneClusterImpl-072ceacc-f14a-494c-b049-5b6ad59b8d93/datanode-1/data/ratis] (custom)
2019-09-19 08:58:18,279 [main] INFO  replication.SimpleContainerDownloader (SimpleContainerDownloader.java:<init>(72)) - Starting container downloader service to copy containers to replicate.
2019-09-19 08:58:18,280 [main] INFO  hdfs.DFSUtil (DFSUtil.java:httpServerTemplateForNNAndJN(1641)) - Starting Web-server for hddsDatanode at: http://0.0.0.0:0
2019-09-19 08:58:18,283 [main] INFO  server.AuthenticationFilter (AuthenticationFilter.java:constructSecretProvider(240)) - Unable to initialize FileSignerSecretProvider, falling back to use random secrets.
2019-09-19 08:58:18,286 [main] WARN  http.HttpRequestLog (HttpRequestLog.java:getRequestLog(97)) - Jetty request log can only be enabled using Log4j
2019-09-19 08:58:18,289 [main] INFO  http.HttpServer2 (HttpServer2.java:addGlobalFilter(975)) - Added global filter 'safety' (class=org.apache.hadoop.http.HttpServer2$QuotingInputFilter)
2019-09-19 08:58:18,290 [main] INFO  http.HttpServer2 (HttpServer2.java:addFilter(948)) - Added filter static_user_filter (class=org.apache.hadoop.http.lib.StaticUserWebFilter$StaticUserFilter) to context hddsDatanode
2019-09-19 08:58:18,291 [main] INFO  http.HttpServer2 (HttpServer2.java:addFilter(958)) - Added filter static_user_filter (class=org.apache.hadoop.http.lib.StaticUserWebFilter$StaticUserFilter) to context static
2019-09-19 08:58:18,291 [main] INFO  http.HttpServer2 (HttpServer2.java:addFilter(958)) - Added filter static_user_filter (class=org.apache.hadoop.http.lib.StaticUserWebFilter$StaticUserFilter) to context logs
2019-09-19 08:58:18,292 [main] INFO  http.HttpServer2 (HttpServer2.java:bindListener(1191)) - Jetty bound to port 37000
2019-09-19 08:58:18,293 [main] INFO  server.Server (Server.java:doStart(351)) - jetty-9.3.24.v20180605, build timestamp: 2018-06-05T17:11:56Z, git hash: 84205aa28f11a4f31f2a3b86d1bba2cc8ab69827
2019-09-19 08:58:18,297 [main] INFO  handler.ContextHandler (ContextHandler.java:doStart(781)) - Started o.e.j.s.ServletContextHandler@9cfc77{/logs,file:///workdir/hadoop-ozone/integration-test/target/log,AVAILABLE}
2019-09-19 08:58:18,298 [main] INFO  handler.ContextHandler (ContextHandler.java:doStart(781)) - Started o.e.j.s.ServletContextHandler@601eb4af{/static,jar:file:/home/user/.m2/repository/org/apache/hadoop/hadoop-hdds-container-service/0.5.0-SNAPSHOT/hadoop-hdds-container-service-0.5.0-SNAPSHOT.jar!/webapps/static,AVAILABLE}
2019-09-19 08:58:18,344 [main] INFO  handler.ContextHandler (ContextHandler.java:doStart(781)) - Started o.e.j.w.WebAppContext@54c425b1{/,file:///tmp/jetty-0.0.0.0-37000-hddsDatanode-_-any-3619530214906054895.dir/webapp/,AVAILABLE}{/hddsDatanode}
2019-09-19 08:58:18,345 [main] INFO  server.AbstractConnector (AbstractConnector.java:doStart(278)) - Started ServerConnector@50b734c4{HTTP/1.1,[http/1.1]}{0.0.0.0:37000}
2019-09-19 08:58:18,347 [main] INFO  server.Server (Server.java:doStart(419)) - Started @6491ms
2019-09-19 08:58:18,348 [main] INFO  server.BaseHttpServer (BaseHttpServer.java:updateConnectorAddress(213)) - HTTP server of HDDSDATANODE is listening at http://0.0.0.0:37000
2019-09-19 08:58:18,400 [Datanode State Machine Thread - 0] INFO  datanode.InitDatanodeState (InitDatanodeState.java:persistContainerDatanodeDetails(140)) - DatanodeDetails is persisted to /workdir/hadoop-ozone/integration-test/target/test-dir/MiniOzoneClusterImpl-072ceacc-f14a-494c-b049-5b6ad59b8d93/datanode-0/meta/datanode.id
2019-09-19 08:58:18,526 | INFO  | ObjectStoreRestHttpServer | Listening HDDS REST traffic on /0.0.0.0:46652 |  
2019-09-19 08:58:18,526 [main] INFO  ozone.HddsDatanodeService (HddsDatanodeService.java:startPlugins(395)) - Started plug-in org.apache.hadoop.ozone.web.OzoneHddsDatanodeService@764a3e5d
2019-09-19 08:58:18,527 [main] INFO  impl.MetricsSystemImpl (MetricsSystemImpl.java:init(158)) - HddsDatanode metrics system started (again)
2019-09-19 08:58:18,529 [main] INFO  ozone.HddsDatanodeService (HddsDatanodeService.java:start(184)) - HddsDatanodeService host:pr-hdds-1569-j4bt4-3030777008 ip:192.168.34.5
2019-09-19 08:58:18,529 [org.apache.hadoop.util.JvmPauseMonitor$Monitor@1e1e0975] INFO  util.JvmPauseMonitor (JvmPauseMonitor.java:run(188)) - Starting JVM pause monitor
2019-09-19 08:58:18,535 [Datanode State Machine Thread - 0] INFO  datanode.InitDatanodeState (InitDatanodeState.java:persistContainerDatanodeDetails(140)) - DatanodeDetails is persisted to /workdir/hadoop-ozone/integration-test/target/test-dir/MiniOzoneClusterImpl-072ceacc-f14a-494c-b049-5b6ad59b8d93/datanode-1/meta/datanode.id
2019-09-19 08:58:18,539 [main] INFO  volume.HddsVolume (HddsVolume.java:<init>(176)) - Creating Volume: /workdir/hadoop-ozone/integration-test/target/test-dir/MiniOzoneClusterImpl-072ceacc-f14a-494c-b049-5b6ad59b8d93/datanode-2/data/containers/hdds of  storage type : DISK and capacity : 1482555576320
2019-09-19 08:58:18,540 [main] INFO  volume.VolumeSet (VolumeSet.java:initializeVolumeSet(170)) - Added Volume : /workdir/hadoop-ozone/integration-test/target/test-dir/MiniOzoneClusterImpl-072ceacc-f14a-494c-b049-5b6ad59b8d93/datanode-2/data/containers/hdds to VolumeSet
2019-09-19 08:58:18,540 [main] INFO  volume.ThrottledAsyncChecker (ThrottledAsyncChecker.java:schedule(140)) - Scheduling a check for org.apache.hadoop.ozone.container.common.volume.HddsVolume@f882465
2019-09-19 08:58:18,541 [main] INFO  volume.HddsVolumeChecker (HddsVolumeChecker.java:checkAllVolumes(203)) - Scheduled health check for volume org.apache.hadoop.ozone.container.common.volume.HddsVolume@f882465
2019-09-19 08:58:18,555 [main] INFO  impl.RaftServerProxy (ConfUtils.java:logGet(43)) - raft.rpc.type = GRPC (default)
2019-09-19 08:58:18,556 [main] INFO  grpc.GrpcFactory (GrpcFactory.java:checkPooledByteBufAllocatorUseCacheForAllThreads(45)) - PERFORMANCE WARNING: useCacheForAllThreads is true that may cause Netty to create a lot garbage objects and, as a result, trigger GC.
	It is recommended to disable useCacheForAllThreads by setting -Dorg.apache.ratis.thirdparty.io.netty.allocator.useCacheForAllThreads=false in command line.
2019-09-19 08:58:18,556 [main] INFO  grpc.GrpcConfigKeys$Server (ConfUtils.java:logGet(43)) - raft.grpc.server.port = 0 (default)
2019-09-19 08:58:18,556 [main] INFO  server.GrpcService (ConfUtils.java:logGet(43)) - raft.grpc.message.size.max = 33570816 (custom)
2019-09-19 08:58:18,556 [main] INFO  server.RaftServerConfigKeys (ConfUtils.java:logGet(43)) - raft.server.log.appender.buffer.byte-limit = 33554432 (custom)
2019-09-19 08:58:18,556 [main] INFO  server.GrpcService (ConfUtils.java:logGet(43)) - raft.grpc.flow.control.window = 1MB (=1048576) (default)
2019-09-19 08:58:18,557 [main] INFO  server.RaftServerConfigKeys (ConfUtils.java:logGet(43)) - raft.server.rpc.request.timeout = 3000ms (default)
2019-09-19 08:58:18,557 [main] INFO  server.RaftServerConfigKeys (ConfUtils.java:logGet(43)) - raft.server.storage.dir = [/workdir/hadoop-ozone/integration-test/target/test-dir/MiniOzoneClusterImpl-072ceacc-f14a-494c-b049-5b6ad59b8d93/datanode-2/data/ratis] (custom)
2019-09-19 08:58:18,558 [main] INFO  replication.SimpleContainerDownloader (SimpleContainerDownloader.java:<init>(72)) - Starting container downloader service to copy containers to replicate.
2019-09-19 08:58:18,559 [main] INFO  hdfs.DFSUtil (DFSUtil.java:httpServerTemplateForNNAndJN(1641)) - Starting Web-server for hddsDatanode at: http://0.0.0.0:0
2019-09-19 08:58:18,561 [main] INFO  server.AuthenticationFilter (AuthenticationFilter.java:constructSecretProvider(240)) - Unable to initialize FileSignerSecretProvider, falling back to use random secrets.
2019-09-19 08:58:18,562 [main] WARN  http.HttpRequestLog (HttpRequestLog.java:getRequestLog(97)) - Jetty request log can only be enabled using Log4j
2019-09-19 08:58:18,565 [main] INFO  http.HttpServer2 (HttpServer2.java:addGlobalFilter(975)) - Added global filter 'safety' (class=org.apache.hadoop.http.HttpServer2$QuotingInputFilter)
2019-09-19 08:58:18,566 [main] INFO  http.HttpServer2 (HttpServer2.java:addFilter(948)) - Added filter static_user_filter (class=org.apache.hadoop.http.lib.StaticUserWebFilter$StaticUserFilter) to context hddsDatanode
2019-09-19 08:58:18,566 [main] INFO  http.HttpServer2 (HttpServer2.java:addFilter(958)) - Added filter static_user_filter (class=org.apache.hadoop.http.lib.StaticUserWebFilter$StaticUserFilter) to context static
2019-09-19 08:58:18,566 [main] INFO  http.HttpServer2 (HttpServer2.java:addFilter(958)) - Added filter static_user_filter (class=org.apache.hadoop.http.lib.StaticUserWebFilter$StaticUserFilter) to context logs
2019-09-19 08:58:18,567 [main] INFO  http.HttpServer2 (HttpServer2.java:bindListener(1191)) - Jetty bound to port 37113
2019-09-19 08:58:18,567 [main] INFO  server.Server (Server.java:doStart(351)) - jetty-9.3.24.v20180605, build timestamp: 2018-06-05T17:11:56Z, git hash: 84205aa28f11a4f31f2a3b86d1bba2cc8ab69827
2019-09-19 08:58:18,570 [main] INFO  handler.ContextHandler (ContextHandler.java:doStart(781)) - Started o.e.j.s.ServletContextHandler@5a05dd30{/logs,file:///workdir/hadoop-ozone/integration-test/target/log,AVAILABLE}
2019-09-19 08:58:18,571 [main] INFO  handler.ContextHandler (ContextHandler.java:doStart(781)) - Started o.e.j.s.ServletContextHandler@dbed7fd{/static,jar:file:/home/user/.m2/repository/org/apache/hadoop/hadoop-hdds-container-service/0.5.0-SNAPSHOT/hadoop-hdds-container-service-0.5.0-SNAPSHOT.jar!/webapps/static,AVAILABLE}
2019-09-19 08:58:18,610 [main] INFO  handler.ContextHandler (ContextHandler.java:doStart(781)) - Started o.e.j.w.WebAppContext@6a1568d6{/,file:///tmp/jetty-0.0.0.0-37113-hddsDatanode-_-any-6645277600797958102.dir/webapp/,AVAILABLE}{/hddsDatanode}
2019-09-19 08:58:18,611 [main] INFO  server.AbstractConnector (AbstractConnector.java:doStart(278)) - Started ServerConnector@11c88cca{HTTP/1.1,[http/1.1]}{0.0.0.0:37113}
2019-09-19 08:58:18,612 [main] INFO  server.Server (Server.java:doStart(419)) - Started @6757ms
2019-09-19 08:58:18,613 [main] INFO  server.BaseHttpServer (BaseHttpServer.java:updateConnectorAddress(213)) - HTTP server of HDDSDATANODE is listening at http://0.0.0.0:37113
2019-09-19 08:58:18,760 | INFO  | ObjectStoreRestHttpServer | Listening HDDS REST traffic on /0.0.0.0:41427 |  
2019-09-19 08:58:18,760 [main] INFO  ozone.HddsDatanodeService (HddsDatanodeService.java:startPlugins(395)) - Started plug-in org.apache.hadoop.ozone.web.OzoneHddsDatanodeService@fddd7ae
2019-09-19 08:58:18,760 [main] INFO  impl.MetricsSystemImpl (MetricsSystemImpl.java:init(158)) - HddsDatanode metrics system started (again)
2019-09-19 08:58:18,763 [main] INFO  ozone.HddsDatanodeService (HddsDatanodeService.java:start(184)) - HddsDatanodeService host:pr-hdds-1569-j4bt4-3030777008 ip:192.168.34.5
2019-09-19 08:58:18,763 [org.apache.hadoop.util.JvmPauseMonitor$Monitor@64ce164f] INFO  util.JvmPauseMonitor (JvmPauseMonitor.java:run(188)) - Starting JVM pause monitor
2019-09-19 08:58:18,766 [Datanode State Machine Thread - 0] INFO  datanode.InitDatanodeState (InitDatanodeState.java:persistContainerDatanodeDetails(140)) - DatanodeDetails is persisted to /workdir/hadoop-ozone/integration-test/target/test-dir/MiniOzoneClusterImpl-072ceacc-f14a-494c-b049-5b6ad59b8d93/datanode-2/meta/datanode.id
2019-09-19 08:58:18,770 [main] INFO  volume.HddsVolume (HddsVolume.java:<init>(176)) - Creating Volume: /workdir/hadoop-ozone/integration-test/target/test-dir/MiniOzoneClusterImpl-072ceacc-f14a-494c-b049-5b6ad59b8d93/datanode-3/data/containers/hdds of  storage type : DISK and capacity : 1482555576320
2019-09-19 08:58:18,771 [main] INFO  volume.VolumeSet (VolumeSet.java:initializeVolumeSet(170)) - Added Volume : /workdir/hadoop-ozone/integration-test/target/test-dir/MiniOzoneClusterImpl-072ceacc-f14a-494c-b049-5b6ad59b8d93/datanode-3/data/containers/hdds to VolumeSet
2019-09-19 08:58:18,771 [main] INFO  volume.ThrottledAsyncChecker (ThrottledAsyncChecker.java:schedule(140)) - Scheduling a check for org.apache.hadoop.ozone.container.common.volume.HddsVolume@6b1321b7
2019-09-19 08:58:18,771 [main] INFO  volume.HddsVolumeChecker (HddsVolumeChecker.java:checkAllVolumes(203)) - Scheduled health check for volume org.apache.hadoop.ozone.container.common.volume.HddsVolume@6b1321b7
2019-09-19 08:58:18,785 [main] INFO  impl.RaftServerProxy (ConfUtils.java:logGet(43)) - raft.rpc.type = GRPC (default)
2019-09-19 08:58:18,786 [main] INFO  grpc.GrpcFactory (GrpcFactory.java:checkPooledByteBufAllocatorUseCacheForAllThreads(45)) - PERFORMANCE WARNING: useCacheForAllThreads is true that may cause Netty to create a lot garbage objects and, as a result, trigger GC.
	It is recommended to disable useCacheForAllThreads by setting -Dorg.apache.ratis.thirdparty.io.netty.allocator.useCacheForAllThreads=false in command line.
2019-09-19 08:58:18,786 [main] INFO  grpc.GrpcConfigKeys$Server (ConfUtils.java:logGet(43)) - raft.grpc.server.port = 0 (default)
2019-09-19 08:58:18,786 [main] INFO  server.GrpcService (ConfUtils.java:logGet(43)) - raft.grpc.message.size.max = 33570816 (custom)
2019-09-19 08:58:18,786 [main] INFO  server.RaftServerConfigKeys (ConfUtils.java:logGet(43)) - raft.server.log.appender.buffer.byte-limit = 33554432 (custom)
2019-09-19 08:58:18,786 [main] INFO  server.GrpcService (ConfUtils.java:logGet(43)) - raft.grpc.flow.control.window = 1MB (=1048576) (default)
2019-09-19 08:58:18,787 [main] INFO  server.RaftServerConfigKeys (ConfUtils.java:logGet(43)) - raft.server.rpc.request.timeout = 3000ms (default)
2019-09-19 08:58:18,787 [main] INFO  server.RaftServerConfigKeys (ConfUtils.java:logGet(43)) - raft.server.storage.dir = [/workdir/hadoop-ozone/integration-test/target/test-dir/MiniOzoneClusterImpl-072ceacc-f14a-494c-b049-5b6ad59b8d93/datanode-3/data/ratis] (custom)
2019-09-19 08:58:18,788 [main] INFO  replication.SimpleContainerDownloader (SimpleContainerDownloader.java:<init>(72)) - Starting container downloader service to copy containers to replicate.
2019-09-19 08:58:18,789 [main] INFO  hdfs.DFSUtil (DFSUtil.java:httpServerTemplateForNNAndJN(1641)) - Starting Web-server for hddsDatanode at: http://0.0.0.0:0
2019-09-19 08:58:18,791 [main] INFO  server.AuthenticationFilter (AuthenticationFilter.java:constructSecretProvider(240)) - Unable to initialize FileSignerSecretProvider, falling back to use random secrets.
2019-09-19 08:58:18,792 [main] WARN  http.HttpRequestLog (HttpRequestLog.java:getRequestLog(97)) - Jetty request log can only be enabled using Log4j
2019-09-19 08:58:18,795 [main] INFO  http.HttpServer2 (HttpServer2.java:addGlobalFilter(975)) - Added global filter 'safety' (class=org.apache.hadoop.http.HttpServer2$QuotingInputFilter)
2019-09-19 08:58:18,796 [main] INFO  http.HttpServer2 (HttpServer2.java:addFilter(948)) - Added filter static_user_filter (class=org.apache.hadoop.http.lib.StaticUserWebFilter$StaticUserFilter) to context hddsDatanode
2019-09-19 08:58:18,796 [main] INFO  http.HttpServer2 (HttpServer2.java:addFilter(958)) - Added filter static_user_filter (class=org.apache.hadoop.http.lib.StaticUserWebFilter$StaticUserFilter) to context static
2019-09-19 08:58:18,796 [main] INFO  http.HttpServer2 (HttpServer2.java:addFilter(958)) - Added filter static_user_filter (class=org.apache.hadoop.http.lib.StaticUserWebFilter$StaticUserFilter) to context logs
2019-09-19 08:58:18,797 [main] INFO  http.HttpServer2 (HttpServer2.java:bindListener(1191)) - Jetty bound to port 46578
2019-09-19 08:58:18,797 [main] INFO  server.Server (Server.java:doStart(351)) - jetty-9.3.24.v20180605, build timestamp: 2018-06-05T17:11:56Z, git hash: 84205aa28f11a4f31f2a3b86d1bba2cc8ab69827
2019-09-19 08:58:18,802 [main] INFO  handler.ContextHandler (ContextHandler.java:doStart(781)) - Started o.e.j.s.ServletContextHandler@2bec068b{/logs,file:///workdir/hadoop-ozone/integration-test/target/log,AVAILABLE}
2019-09-19 08:58:18,802 [main] INFO  handler.ContextHandler (ContextHandler.java:doStart(781)) - Started o.e.j.s.ServletContextHandler@55361f03{/static,jar:file:/home/user/.m2/repository/org/apache/hadoop/hadoop-hdds-container-service/0.5.0-SNAPSHOT/hadoop-hdds-container-service-0.5.0-SNAPSHOT.jar!/webapps/static,AVAILABLE}
2019-09-19 08:58:18,838 [main] INFO  handler.ContextHandler (ContextHandler.java:doStart(781)) - Started o.e.j.w.WebAppContext@3820cfe{/,file:///tmp/jetty-0.0.0.0-46578-hddsDatanode-_-any-6281987434959696979.dir/webapp/,AVAILABLE}{/hddsDatanode}
2019-09-19 08:58:18,839 [main] INFO  server.AbstractConnector (AbstractConnector.java:doStart(278)) - Started ServerConnector@2407a36c{HTTP/1.1,[http/1.1]}{0.0.0.0:46578}
2019-09-19 08:58:18,839 [main] INFO  server.Server (Server.java:doStart(419)) - Started @6984ms
2019-09-19 08:58:18,840 [main] INFO  server.BaseHttpServer (BaseHttpServer.java:updateConnectorAddress(213)) - HTTP server of HDDSDATANODE is listening at http://0.0.0.0:46578
2019-09-19 08:58:19,048 | INFO  | ObjectStoreRestHttpServer | Listening HDDS REST traffic on /0.0.0.0:44534 |  
2019-09-19 08:58:19,048 [main] INFO  ozone.HddsDatanodeService (HddsDatanodeService.java:startPlugins(395)) - Started plug-in org.apache.hadoop.ozone.web.OzoneHddsDatanodeService@3711c71c
2019-09-19 08:58:19,048 [main] INFO  impl.MetricsSystemImpl (MetricsSystemImpl.java:init(158)) - HddsDatanode metrics system started (again)
2019-09-19 08:58:19,051 [main] INFO  ozone.HddsDatanodeService (HddsDatanodeService.java:start(184)) - HddsDatanodeService host:pr-hdds-1569-j4bt4-3030777008 ip:192.168.34.5
2019-09-19 08:58:19,051 [org.apache.hadoop.util.JvmPauseMonitor$Monitor@e52ee82] INFO  util.JvmPauseMonitor (JvmPauseMonitor.java:run(188)) - Starting JVM pause monitor
2019-09-19 08:58:19,054 [Datanode State Machine Thread - 0] INFO  datanode.InitDatanodeState (InitDatanodeState.java:persistContainerDatanodeDetails(140)) - DatanodeDetails is persisted to /workdir/hadoop-ozone/integration-test/target/test-dir/MiniOzoneClusterImpl-072ceacc-f14a-494c-b049-5b6ad59b8d93/datanode-3/meta/datanode.id
2019-09-19 08:58:19,060 [main] INFO  volume.HddsVolume (HddsVolume.java:<init>(176)) - Creating Volume: /workdir/hadoop-ozone/integration-test/target/test-dir/MiniOzoneClusterImpl-072ceacc-f14a-494c-b049-5b6ad59b8d93/datanode-4/data/containers/hdds of  storage type : DISK and capacity : 1482555576320
2019-09-19 08:58:19,060 [main] INFO  volume.VolumeSet (VolumeSet.java:initializeVolumeSet(170)) - Added Volume : /workdir/hadoop-ozone/integration-test/target/test-dir/MiniOzoneClusterImpl-072ceacc-f14a-494c-b049-5b6ad59b8d93/datanode-4/data/containers/hdds to VolumeSet
2019-09-19 08:58:19,060 [main] INFO  volume.ThrottledAsyncChecker (ThrottledAsyncChecker.java:schedule(140)) - Scheduling a check for org.apache.hadoop.ozone.container.common.volume.HddsVolume@656c5c3
2019-09-19 08:58:19,061 [main] INFO  volume.HddsVolumeChecker (HddsVolumeChecker.java:checkAllVolumes(203)) - Scheduled health check for volume org.apache.hadoop.ozone.container.common.volume.HddsVolume@656c5c3
2019-09-19 08:58:19,075 [main] INFO  impl.RaftServerProxy (ConfUtils.java:logGet(43)) - raft.rpc.type = GRPC (default)
2019-09-19 08:58:19,075 [main] INFO  grpc.GrpcFactory (GrpcFactory.java:checkPooledByteBufAllocatorUseCacheForAllThreads(45)) - PERFORMANCE WARNING: useCacheForAllThreads is true that may cause Netty to create a lot garbage objects and, as a result, trigger GC.
	It is recommended to disable useCacheForAllThreads by setting -Dorg.apache.ratis.thirdparty.io.netty.allocator.useCacheForAllThreads=false in command line.
2019-09-19 08:58:19,076 [main] INFO  grpc.GrpcConfigKeys$Server (ConfUtils.java:logGet(43)) - raft.grpc.server.port = 0 (default)
2019-09-19 08:58:19,076 [main] INFO  server.GrpcService (ConfUtils.java:logGet(43)) - raft.grpc.message.size.max = 33570816 (custom)
2019-09-19 08:58:19,076 [main] INFO  server.RaftServerConfigKeys (ConfUtils.java:logGet(43)) - raft.server.log.appender.buffer.byte-limit = 33554432 (custom)
2019-09-19 08:58:19,076 [main] INFO  server.GrpcService (ConfUtils.java:logGet(43)) - raft.grpc.flow.control.window = 1MB (=1048576) (default)
2019-09-19 08:58:19,076 [main] INFO  server.RaftServerConfigKeys (ConfUtils.java:logGet(43)) - raft.server.rpc.request.timeout = 3000ms (default)
2019-09-19 08:58:19,077 [main] INFO  server.RaftServerConfigKeys (ConfUtils.java:logGet(43)) - raft.server.storage.dir = [/workdir/hadoop-ozone/integration-test/target/test-dir/MiniOzoneClusterImpl-072ceacc-f14a-494c-b049-5b6ad59b8d93/datanode-4/data/ratis] (custom)
2019-09-19 08:58:19,077 [main] INFO  replication.SimpleContainerDownloader (SimpleContainerDownloader.java:<init>(72)) - Starting container downloader service to copy containers to replicate.
2019-09-19 08:58:19,079 [main] INFO  hdfs.DFSUtil (DFSUtil.java:httpServerTemplateForNNAndJN(1641)) - Starting Web-server for hddsDatanode at: http://0.0.0.0:0
2019-09-19 08:58:19,080 [main] INFO  server.AuthenticationFilter (AuthenticationFilter.java:constructSecretProvider(240)) - Unable to initialize FileSignerSecretProvider, falling back to use random secrets.
2019-09-19 08:58:19,081 [main] WARN  http.HttpRequestLog (HttpRequestLog.java:getRequestLog(97)) - Jetty request log can only be enabled using Log4j
2019-09-19 08:58:19,084 [main] INFO  http.HttpServer2 (HttpServer2.java:addGlobalFilter(975)) - Added global filter 'safety' (class=org.apache.hadoop.http.HttpServer2$QuotingInputFilter)
2019-09-19 08:58:19,085 [main] INFO  http.HttpServer2 (HttpServer2.java:addFilter(948)) - Added filter static_user_filter (class=org.apache.hadoop.http.lib.StaticUserWebFilter$StaticUserFilter) to context hddsDatanode
2019-09-19 08:58:19,085 [main] INFO  http.HttpServer2 (HttpServer2.java:addFilter(958)) - Added filter static_user_filter (class=org.apache.hadoop.http.lib.StaticUserWebFilter$StaticUserFilter) to context static
2019-09-19 08:58:19,086 [main] INFO  http.HttpServer2 (HttpServer2.java:addFilter(958)) - Added filter static_user_filter (class=org.apache.hadoop.http.lib.StaticUserWebFilter$StaticUserFilter) to context logs
2019-09-19 08:58:19,087 [main] INFO  http.HttpServer2 (HttpServer2.java:bindListener(1191)) - Jetty bound to port 35735
2019-09-19 08:58:19,087 [main] INFO  server.Server (Server.java:doStart(351)) - jetty-9.3.24.v20180605, build timestamp: 2018-06-05T17:11:56Z, git hash: 84205aa28f11a4f31f2a3b86d1bba2cc8ab69827
2019-09-19 08:58:19,090 [main] INFO  handler.ContextHandler (ContextHandler.java:doStart(781)) - Started o.e.j.s.ServletContextHandler@7b297740{/logs,file:///workdir/hadoop-ozone/integration-test/target/log,AVAILABLE}
2019-09-19 08:58:19,091 [main] INFO  handler.ContextHandler (ContextHandler.java:doStart(781)) - Started o.e.j.s.ServletContextHandler@57ce2898{/static,jar:file:/home/user/.m2/repository/org/apache/hadoop/hadoop-hdds-container-service/0.5.0-SNAPSHOT/hadoop-hdds-container-service-0.5.0-SNAPSHOT.jar!/webapps/static,AVAILABLE}
2019-09-19 08:58:19,136 [main] INFO  handler.ContextHandler (ContextHandler.java:doStart(781)) - Started o.e.j.w.WebAppContext@19fbc594{/,file:///tmp/jetty-0.0.0.0-35735-hddsDatanode-_-any-1564511224418541505.dir/webapp/,AVAILABLE}{/hddsDatanode}
2019-09-19 08:58:19,138 [main] INFO  server.AbstractConnector (AbstractConnector.java:doStart(278)) - Started ServerConnector@2f4d32bf{HTTP/1.1,[http/1.1]}{0.0.0.0:35735}
2019-09-19 08:58:19,139 [main] INFO  server.Server (Server.java:doStart(419)) - Started @7283ms
2019-09-19 08:58:19,140 [main] INFO  server.BaseHttpServer (BaseHttpServer.java:updateConnectorAddress(213)) - HTTP server of HDDSDATANODE is listening at http://0.0.0.0:35735
2019-09-19 08:58:19,319 | INFO  | ObjectStoreRestHttpServer | Listening HDDS REST traffic on /0.0.0.0:46222 |  
2019-09-19 08:58:19,319 [main] INFO  ozone.HddsDatanodeService (HddsDatanodeService.java:startPlugins(395)) - Started plug-in org.apache.hadoop.ozone.web.OzoneHddsDatanodeService@6befbb12
2019-09-19 08:58:19,320 [main] INFO  impl.MetricsSystemImpl (MetricsSystemImpl.java:init(158)) - HddsDatanode metrics system started (again)
2019-09-19 08:58:19,323 [org.apache.hadoop.util.JvmPauseMonitor$Monitor@76b70a07] INFO  util.JvmPauseMonitor (JvmPauseMonitor.java:run(188)) - Starting JVM pause monitor
2019-09-19 08:58:19,324 [main] INFO  ozone.HddsDatanodeService (HddsDatanodeService.java:start(184)) - HddsDatanodeService host:pr-hdds-1569-j4bt4-3030777008 ip:192.168.34.5
2019-09-19 08:58:19,326 [Datanode State Machine Thread - 0] INFO  datanode.InitDatanodeState (InitDatanodeState.java:persistContainerDatanodeDetails(140)) - DatanodeDetails is persisted to /workdir/hadoop-ozone/integration-test/target/test-dir/MiniOzoneClusterImpl-072ceacc-f14a-494c-b049-5b6ad59b8d93/datanode-4/meta/datanode.id
2019-09-19 08:58:19,331 [main] INFO  volume.HddsVolume (HddsVolume.java:<init>(176)) - Creating Volume: /workdir/hadoop-ozone/integration-test/target/test-dir/MiniOzoneClusterImpl-072ceacc-f14a-494c-b049-5b6ad59b8d93/datanode-5/data/containers/hdds of  storage type : DISK and capacity : 1482555576320
2019-09-19 08:58:19,331 [main] INFO  volume.VolumeSet (VolumeSet.java:initializeVolumeSet(170)) - Added Volume : /workdir/hadoop-ozone/integration-test/target/test-dir/MiniOzoneClusterImpl-072ceacc-f14a-494c-b049-5b6ad59b8d93/datanode-5/data/containers/hdds to VolumeSet
2019-09-19 08:58:19,331 [main] INFO  volume.ThrottledAsyncChecker (ThrottledAsyncChecker.java:schedule(140)) - Scheduling a check for org.apache.hadoop.ozone.container.common.volume.HddsVolume@6c5ca0b6
2019-09-19 08:58:19,332 [main] INFO  volume.HddsVolumeChecker (HddsVolumeChecker.java:checkAllVolumes(203)) - Scheduled health check for volume org.apache.hadoop.ozone.container.common.volume.HddsVolume@6c5ca0b6
2019-09-19 08:58:19,349 [main] INFO  impl.RaftServerProxy (ConfUtils.java:logGet(43)) - raft.rpc.type = GRPC (default)
2019-09-19 08:58:19,350 [main] INFO  grpc.GrpcFactory (GrpcFactory.java:checkPooledByteBufAllocatorUseCacheForAllThreads(45)) - PERFORMANCE WARNING: useCacheForAllThreads is true that may cause Netty to create a lot garbage objects and, as a result, trigger GC.
	It is recommended to disable useCacheForAllThreads by setting -Dorg.apache.ratis.thirdparty.io.netty.allocator.useCacheForAllThreads=false in command line.
2019-09-19 08:58:19,350 [main] INFO  grpc.GrpcConfigKeys$Server (ConfUtils.java:logGet(43)) - raft.grpc.server.port = 0 (default)
2019-09-19 08:58:19,350 [main] INFO  server.GrpcService (ConfUtils.java:logGet(43)) - raft.grpc.message.size.max = 33570816 (custom)
2019-09-19 08:58:19,350 [main] INFO  server.RaftServerConfigKeys (ConfUtils.java:logGet(43)) - raft.server.log.appender.buffer.byte-limit = 33554432 (custom)
2019-09-19 08:58:19,351 [main] INFO  server.GrpcService (ConfUtils.java:logGet(43)) - raft.grpc.flow.control.window = 1MB (=1048576) (default)
2019-09-19 08:58:19,351 [main] INFO  server.RaftServerConfigKeys (ConfUtils.java:logGet(43)) - raft.server.rpc.request.timeout = 3000ms (default)
2019-09-19 08:58:19,351 [main] INFO  server.RaftServerConfigKeys (ConfUtils.java:logGet(43)) - raft.server.storage.dir = [/workdir/hadoop-ozone/integration-test/target/test-dir/MiniOzoneClusterImpl-072ceacc-f14a-494c-b049-5b6ad59b8d93/datanode-5/data/ratis] (custom)
2019-09-19 08:58:19,352 [main] INFO  replication.SimpleContainerDownloader (SimpleContainerDownloader.java:<init>(72)) - Starting container downloader service to copy containers to replicate.
2019-09-19 08:58:19,354 [main] INFO  hdfs.DFSUtil (DFSUtil.java:httpServerTemplateForNNAndJN(1641)) - Starting Web-server for hddsDatanode at: http://0.0.0.0:0
2019-09-19 08:58:19,355 [main] INFO  server.AuthenticationFilter (AuthenticationFilter.java:constructSecretProvider(240)) - Unable to initialize FileSignerSecretProvider, falling back to use random secrets.
2019-09-19 08:58:19,356 [main] WARN  http.HttpRequestLog (HttpRequestLog.java:getRequestLog(97)) - Jetty request log can only be enabled using Log4j
2019-09-19 08:58:19,357 [main] INFO  http.HttpServer2 (HttpServer2.java:addGlobalFilter(975)) - Added global filter 'safety' (class=org.apache.hadoop.http.HttpServer2$QuotingInputFilter)
2019-09-19 08:58:19,358 [main] INFO  http.HttpServer2 (HttpServer2.java:addFilter(948)) - Added filter static_user_filter (class=org.apache.hadoop.http.lib.StaticUserWebFilter$StaticUserFilter) to context hddsDatanode
2019-09-19 08:58:19,358 [main] INFO  http.HttpServer2 (HttpServer2.java:addFilter(958)) - Added filter static_user_filter (class=org.apache.hadoop.http.lib.StaticUserWebFilter$StaticUserFilter) to context logs
2019-09-19 08:58:19,358 [main] INFO  http.HttpServer2 (HttpServer2.java:addFilter(958)) - Added filter static_user_filter (class=org.apache.hadoop.http.lib.StaticUserWebFilter$StaticUserFilter) to context static
2019-09-19 08:58:19,359 [main] INFO  http.HttpServer2 (HttpServer2.java:bindListener(1191)) - Jetty bound to port 35415
2019-09-19 08:58:19,359 [main] INFO  server.Server (Server.java:doStart(351)) - jetty-9.3.24.v20180605, build timestamp: 2018-06-05T17:11:56Z, git hash: 84205aa28f11a4f31f2a3b86d1bba2cc8ab69827
2019-09-19 08:58:19,361 [main] INFO  handler.ContextHandler (ContextHandler.java:doStart(781)) - Started o.e.j.s.ServletContextHandler@5c234920{/logs,file:///workdir/hadoop-ozone/integration-test/target/log,AVAILABLE}
2019-09-19 08:58:19,362 [main] INFO  handler.ContextHandler (ContextHandler.java:doStart(781)) - Started o.e.j.s.ServletContextHandler@38087342{/static,jar:file:/home/user/.m2/repository/org/apache/hadoop/hadoop-hdds-container-service/0.5.0-SNAPSHOT/hadoop-hdds-container-service-0.5.0-SNAPSHOT.jar!/webapps/static,AVAILABLE}
2019-09-19 08:58:19,390 [main] INFO  handler.ContextHandler (ContextHandler.java:doStart(781)) - Started o.e.j.w.WebAppContext@3cc3f13e{/,file:///tmp/jetty-0.0.0.0-35415-hddsDatanode-_-any-3152321477104947249.dir/webapp/,AVAILABLE}{/hddsDatanode}
2019-09-19 08:58:19,392 [main] INFO  server.AbstractConnector (AbstractConnector.java:doStart(278)) - Started ServerConnector@69b3886f{HTTP/1.1,[http/1.1]}{0.0.0.0:35415}
2019-09-19 08:58:19,392 [main] INFO  server.Server (Server.java:doStart(419)) - Started @7537ms
2019-09-19 08:58:19,393 [main] INFO  server.BaseHttpServer (BaseHttpServer.java:updateConnectorAddress(213)) - HTTP server of HDDSDATANODE is listening at http://0.0.0.0:35415
2019-09-19 08:58:19,605 | INFO  | ObjectStoreRestHttpServer | Listening HDDS REST traffic on /0.0.0.0:34998 |  
2019-09-19 08:58:19,605 [main] INFO  ozone.HddsDatanodeService (HddsDatanodeService.java:startPlugins(395)) - Started plug-in org.apache.hadoop.ozone.web.OzoneHddsDatanodeService@63e4484d
2019-09-19 08:58:19,606 [main] INFO  impl.MetricsSystemImpl (MetricsSystemImpl.java:init(158)) - HddsDatanode metrics system started (again)
2019-09-19 08:58:19,609 [main] INFO  ozone.HddsDatanodeService (HddsDatanodeService.java:start(184)) - HddsDatanodeService host:pr-hdds-1569-j4bt4-3030777008 ip:192.168.34.5
2019-09-19 08:58:19,609 [org.apache.hadoop.util.JvmPauseMonitor$Monitor@7c7d73ea] INFO  util.JvmPauseMonitor (JvmPauseMonitor.java:run(188)) - Starting JVM pause monitor
2019-09-19 08:58:19,612 [Datanode State Machine Thread - 0] INFO  datanode.InitDatanodeState (InitDatanodeState.java:persistContainerDatanodeDetails(140)) - DatanodeDetails is persisted to /workdir/hadoop-ozone/integration-test/target/test-dir/MiniOzoneClusterImpl-072ceacc-f14a-494c-b049-5b6ad59b8d93/datanode-5/meta/datanode.id
2019-09-19 08:58:19,619 [main] INFO  volume.HddsVolume (HddsVolume.java:<init>(176)) - Creating Volume: /workdir/hadoop-ozone/integration-test/target/test-dir/MiniOzoneClusterImpl-072ceacc-f14a-494c-b049-5b6ad59b8d93/datanode-6/data/containers/hdds of  storage type : DISK and capacity : 1482555576320
2019-09-19 08:58:19,619 [main] INFO  volume.VolumeSet (VolumeSet.java:initializeVolumeSet(170)) - Added Volume : /workdir/hadoop-ozone/integration-test/target/test-dir/MiniOzoneClusterImpl-072ceacc-f14a-494c-b049-5b6ad59b8d93/datanode-6/data/containers/hdds to VolumeSet
2019-09-19 08:58:19,620 [main] INFO  volume.ThrottledAsyncChecker (ThrottledAsyncChecker.java:schedule(140)) - Scheduling a check for org.apache.hadoop.ozone.container.common.volume.HddsVolume@163e8949
2019-09-19 08:58:19,620 [main] INFO  volume.HddsVolumeChecker (HddsVolumeChecker.java:checkAllVolumes(203)) - Scheduled health check for volume org.apache.hadoop.ozone.container.common.volume.HddsVolume@163e8949
2019-09-19 08:58:19,641 [main] INFO  impl.RaftServerProxy (ConfUtils.java:logGet(43)) - raft.rpc.type = GRPC (default)
2019-09-19 08:58:19,642 [main] INFO  grpc.GrpcFactory (GrpcFactory.java:checkPooledByteBufAllocatorUseCacheForAllThreads(45)) - PERFORMANCE WARNING: useCacheForAllThreads is true that may cause Netty to create a lot garbage objects and, as a result, trigger GC.
	It is recommended to disable useCacheForAllThreads by setting -Dorg.apache.ratis.thirdparty.io.netty.allocator.useCacheForAllThreads=false in command line.
2019-09-19 08:58:19,642 [main] INFO  grpc.GrpcConfigKeys$Server (ConfUtils.java:logGet(43)) - raft.grpc.server.port = 0 (default)
2019-09-19 08:58:19,642 [main] INFO  server.GrpcService (ConfUtils.java:logGet(43)) - raft.grpc.message.size.max = 33570816 (custom)
2019-09-19 08:58:19,643 [main] INFO  server.RaftServerConfigKeys (ConfUtils.java:logGet(43)) - raft.server.log.appender.buffer.byte-limit = 33554432 (custom)
2019-09-19 08:58:19,643 [main] INFO  server.GrpcService (ConfUtils.java:logGet(43)) - raft.grpc.flow.control.window = 1MB (=1048576) (default)
2019-09-19 08:58:19,643 [main] INFO  server.RaftServerConfigKeys (ConfUtils.java:logGet(43)) - raft.server.rpc.request.timeout = 3000ms (default)
2019-09-19 08:58:19,644 [main] INFO  server.RaftServerConfigKeys (ConfUtils.java:logGet(43)) - raft.server.storage.dir = [/workdir/hadoop-ozone/integration-test/target/test-dir/MiniOzoneClusterImpl-072ceacc-f14a-494c-b049-5b6ad59b8d93/datanode-6/data/ratis] (custom)
2019-09-19 08:58:19,645 [main] INFO  replication.SimpleContainerDownloader (SimpleContainerDownloader.java:<init>(72)) - Starting container downloader service to copy containers to replicate.
2019-09-19 08:58:19,646 [main] INFO  hdfs.DFSUtil (DFSUtil.java:httpServerTemplateForNNAndJN(1641)) - Starting Web-server for hddsDatanode at: http://0.0.0.0:0
2019-09-19 08:58:19,648 [main] INFO  server.AuthenticationFilter (AuthenticationFilter.java:constructSecretProvider(240)) - Unable to initialize FileSignerSecretProvider, falling back to use random secrets.
2019-09-19 08:58:19,649 [main] WARN  http.HttpRequestLog (HttpRequestLog.java:getRequestLog(97)) - Jetty request log can only be enabled using Log4j
2019-09-19 08:58:19,651 [main] INFO  http.HttpServer2 (HttpServer2.java:addGlobalFilter(975)) - Added global filter 'safety' (class=org.apache.hadoop.http.HttpServer2$QuotingInputFilter)
2019-09-19 08:58:19,652 [main] INFO  http.HttpServer2 (HttpServer2.java:addFilter(948)) - Added filter static_user_filter (class=org.apache.hadoop.http.lib.StaticUserWebFilter$StaticUserFilter) to context hddsDatanode
2019-09-19 08:58:19,652 [main] INFO  http.HttpServer2 (HttpServer2.java:addFilter(958)) - Added filter static_user_filter (class=org.apache.hadoop.http.lib.StaticUserWebFilter$StaticUserFilter) to context logs
2019-09-19 08:58:19,652 [main] INFO  http.HttpServer2 (HttpServer2.java:addFilter(958)) - Added filter static_user_filter (class=org.apache.hadoop.http.lib.StaticUserWebFilter$StaticUserFilter) to context static
2019-09-19 08:58:19,653 [main] INFO  http.HttpServer2 (HttpServer2.java:bindListener(1191)) - Jetty bound to port 37760
2019-09-19 08:58:19,653 [main] INFO  server.Server (Server.java:doStart(351)) - jetty-9.3.24.v20180605, build timestamp: 2018-06-05T17:11:56Z, git hash: 84205aa28f11a4f31f2a3b86d1bba2cc8ab69827
2019-09-19 08:58:19,655 [main] INFO  handler.ContextHandler (ContextHandler.java:doStart(781)) - Started o.e.j.s.ServletContextHandler@22da200e{/logs,file:///workdir/hadoop-ozone/integration-test/target/log,AVAILABLE}
2019-09-19 08:58:19,656 [main] INFO  handler.ContextHandler (ContextHandler.java:doStart(781)) - Started o.e.j.s.ServletContextHandler@f03ee8f{/static,jar:file:/home/user/.m2/repository/org/apache/hadoop/hadoop-hdds-container-service/0.5.0-SNAPSHOT/hadoop-hdds-container-service-0.5.0-SNAPSHOT.jar!/webapps/static,AVAILABLE}
2019-09-19 08:58:19,690 [main] INFO  handler.ContextHandler (ContextHandler.java:doStart(781)) - Started o.e.j.w.WebAppContext@3dea226b{/,file:///tmp/jetty-0.0.0.0-37760-hddsDatanode-_-any-2808796796204589691.dir/webapp/,AVAILABLE}{/hddsDatanode}
2019-09-19 08:58:19,690 [main] INFO  server.AbstractConnector (AbstractConnector.java:doStart(278)) - Started ServerConnector@74500e4f{HTTP/1.1,[http/1.1]}{0.0.0.0:37760}
2019-09-19 08:58:19,691 [main] INFO  server.Server (Server.java:doStart(419)) - Started @7836ms
2019-09-19 08:58:19,692 [main] INFO  server.BaseHttpServer (BaseHttpServer.java:updateConnectorAddress(213)) - HTTP server of HDDSDATANODE is listening at http://0.0.0.0:37760
2019-09-19 08:58:19,824 | INFO  | ObjectStoreRestHttpServer | Listening HDDS REST traffic on /0.0.0.0:42933 |  
2019-09-19 08:58:19,824 [main] INFO  ozone.HddsDatanodeService (HddsDatanodeService.java:startPlugins(395)) - Started plug-in org.apache.hadoop.ozone.web.OzoneHddsDatanodeService@184751f3
2019-09-19 08:58:19,824 [main] INFO  impl.MetricsSystemImpl (MetricsSystemImpl.java:init(158)) - HddsDatanode metrics system started (again)
2019-09-19 08:58:19,827 [org.apache.hadoop.util.JvmPauseMonitor$Monitor@715e13b9] INFO  util.JvmPauseMonitor (JvmPauseMonitor.java:run(188)) - Starting JVM pause monitor
2019-09-19 08:58:19,828 [main] INFO  ozone.HddsDatanodeService (HddsDatanodeService.java:start(184)) - HddsDatanodeService host:pr-hdds-1569-j4bt4-3030777008 ip:192.168.34.5
2019-09-19 08:58:19,829 [Datanode State Machine Thread - 0] INFO  datanode.InitDatanodeState (InitDatanodeState.java:persistContainerDatanodeDetails(140)) - DatanodeDetails is persisted to /workdir/hadoop-ozone/integration-test/target/test-dir/MiniOzoneClusterImpl-072ceacc-f14a-494c-b049-5b6ad59b8d93/datanode-6/meta/datanode.id
2019-09-19 08:58:19,837 [main] INFO  volume.HddsVolume (HddsVolume.java:<init>(176)) - Creating Volume: /workdir/hadoop-ozone/integration-test/target/test-dir/MiniOzoneClusterImpl-072ceacc-f14a-494c-b049-5b6ad59b8d93/datanode-7/data/containers/hdds of  storage type : DISK and capacity : 1482555576320
2019-09-19 08:58:19,837 [main] INFO  volume.VolumeSet (VolumeSet.java:initializeVolumeSet(170)) - Added Volume : /workdir/hadoop-ozone/integration-test/target/test-dir/MiniOzoneClusterImpl-072ceacc-f14a-494c-b049-5b6ad59b8d93/datanode-7/data/containers/hdds to VolumeSet
2019-09-19 08:58:19,837 [main] INFO  volume.ThrottledAsyncChecker (ThrottledAsyncChecker.java:schedule(140)) - Scheduling a check for org.apache.hadoop.ozone.container.common.volume.HddsVolume@7e27f603
2019-09-19 08:58:19,838 [main] INFO  volume.HddsVolumeChecker (HddsVolumeChecker.java:checkAllVolumes(203)) - Scheduled health check for volume org.apache.hadoop.ozone.container.common.volume.HddsVolume@7e27f603
2019-09-19 08:58:19,850 [main] INFO  impl.RaftServerProxy (ConfUtils.java:logGet(43)) - raft.rpc.type = GRPC (default)
2019-09-19 08:58:19,850 [main] INFO  grpc.GrpcFactory (GrpcFactory.java:checkPooledByteBufAllocatorUseCacheForAllThreads(45)) - PERFORMANCE WARNING: useCacheForAllThreads is true that may cause Netty to create a lot garbage objects and, as a result, trigger GC.
	It is recommended to disable useCacheForAllThreads by setting -Dorg.apache.ratis.thirdparty.io.netty.allocator.useCacheForAllThreads=false in command line.
2019-09-19 08:58:19,850 [main] INFO  grpc.GrpcConfigKeys$Server (ConfUtils.java:logGet(43)) - raft.grpc.server.port = 0 (default)
2019-09-19 08:58:19,850 [main] INFO  server.GrpcService (ConfUtils.java:logGet(43)) - raft.grpc.message.size.max = 33570816 (custom)
2019-09-19 08:58:19,850 [main] INFO  server.RaftServerConfigKeys (ConfUtils.java:logGet(43)) - raft.server.log.appender.buffer.byte-limit = 33554432 (custom)
2019-09-19 08:58:19,851 [main] INFO  server.GrpcService (ConfUtils.java:logGet(43)) - raft.grpc.flow.control.window = 1MB (=1048576) (default)
2019-09-19 08:58:19,851 [main] INFO  server.RaftServerConfigKeys (ConfUtils.java:logGet(43)) - raft.server.rpc.request.timeout = 3000ms (default)
2019-09-19 08:58:19,851 [main] INFO  server.RaftServerConfigKeys (ConfUtils.java:logGet(43)) - raft.server.storage.dir = [/workdir/hadoop-ozone/integration-test/target/test-dir/MiniOzoneClusterImpl-072ceacc-f14a-494c-b049-5b6ad59b8d93/datanode-7/data/ratis] (custom)
2019-09-19 08:58:19,852 [main] INFO  replication.SimpleContainerDownloader (SimpleContainerDownloader.java:<init>(72)) - Starting container downloader service to copy containers to replicate.
2019-09-19 08:58:19,853 [main] INFO  hdfs.DFSUtil (DFSUtil.java:httpServerTemplateForNNAndJN(1641)) - Starting Web-server for hddsDatanode at: http://0.0.0.0:0
2019-09-19 08:58:19,855 [main] INFO  server.AuthenticationFilter (AuthenticationFilter.java:constructSecretProvider(240)) - Unable to initialize FileSignerSecretProvider, falling back to use random secrets.
2019-09-19 08:58:19,855 [main] WARN  http.HttpRequestLog (HttpRequestLog.java:getRequestLog(97)) - Jetty request log can only be enabled using Log4j
2019-09-19 08:58:19,857 [main] INFO  http.HttpServer2 (HttpServer2.java:addGlobalFilter(975)) - Added global filter 'safety' (class=org.apache.hadoop.http.HttpServer2$QuotingInputFilter)
2019-09-19 08:58:19,857 [main] INFO  http.HttpServer2 (HttpServer2.java:addFilter(948)) - Added filter static_user_filter (class=org.apache.hadoop.http.lib.StaticUserWebFilter$StaticUserFilter) to context hddsDatanode
2019-09-19 08:58:19,857 [main] INFO  http.HttpServer2 (HttpServer2.java:addFilter(958)) - Added filter static_user_filter (class=org.apache.hadoop.http.lib.StaticUserWebFilter$StaticUserFilter) to context static
2019-09-19 08:58:19,858 [main] INFO  http.HttpServer2 (HttpServer2.java:addFilter(958)) - Added filter static_user_filter (class=org.apache.hadoop.http.lib.StaticUserWebFilter$StaticUserFilter) to context logs
2019-09-19 08:58:19,858 [main] INFO  http.HttpServer2 (HttpServer2.java:bindListener(1191)) - Jetty bound to port 45046
2019-09-19 08:58:19,859 [main] INFO  server.Server (Server.java:doStart(351)) - jetty-9.3.24.v20180605, build timestamp: 2018-06-05T17:11:56Z, git hash: 84205aa28f11a4f31f2a3b86d1bba2cc8ab69827
2019-09-19 08:58:19,860 [main] INFO  handler.ContextHandler (ContextHandler.java:doStart(781)) - Started o.e.j.s.ServletContextHandler@106cd9c8{/logs,file:///workdir/hadoop-ozone/integration-test/target/log,AVAILABLE}
2019-09-19 08:58:19,861 [main] INFO  handler.ContextHandler (ContextHandler.java:doStart(781)) - Started o.e.j.s.ServletContextHandler@78318ac2{/static,jar:file:/home/user/.m2/repository/org/apache/hadoop/hadoop-hdds-container-service/0.5.0-SNAPSHOT/hadoop-hdds-container-service-0.5.0-SNAPSHOT.jar!/webapps/static,AVAILABLE}
2019-09-19 08:58:19,900 [main] INFO  handler.ContextHandler (ContextHandler.java:doStart(781)) - Started o.e.j.w.WebAppContext@7afbf2a0{/,file:///tmp/jetty-0.0.0.0-45046-hddsDatanode-_-any-7927024191463612206.dir/webapp/,AVAILABLE}{/hddsDatanode}
2019-09-19 08:58:19,902 [main] INFO  server.AbstractConnector (AbstractConnector.java:doStart(278)) - Started ServerConnector@2a6fb62f{HTTP/1.1,[http/1.1]}{0.0.0.0:45046}
2019-09-19 08:58:19,902 [main] INFO  server.Server (Server.java:doStart(419)) - Started @8047ms
2019-09-19 08:58:19,903 [main] INFO  server.BaseHttpServer (BaseHttpServer.java:updateConnectorAddress(213)) - HTTP server of HDDSDATANODE is listening at http://0.0.0.0:45046
2019-09-19 08:58:20,027 | INFO  | ObjectStoreRestHttpServer | Listening HDDS REST traffic on /0.0.0.0:35056 |  
2019-09-19 08:58:20,027 [main] INFO  ozone.HddsDatanodeService (HddsDatanodeService.java:startPlugins(395)) - Started plug-in org.apache.hadoop.ozone.web.OzoneHddsDatanodeService@c318864
2019-09-19 08:58:20,028 [main] INFO  impl.MetricsSystemImpl (MetricsSystemImpl.java:init(158)) - HddsDatanode metrics system started (again)
2019-09-19 08:58:20,031 [org.apache.hadoop.util.JvmPauseMonitor$Monitor@772c0c21] INFO  util.JvmPauseMonitor (JvmPauseMonitor.java:run(188)) - Starting JVM pause monitor
2019-09-19 08:58:20,032 [main] INFO  ozone.HddsDatanodeService (HddsDatanodeService.java:start(184)) - HddsDatanodeService host:pr-hdds-1569-j4bt4-3030777008 ip:192.168.34.5
2019-09-19 08:58:20,032 [Datanode State Machine Thread - 0] INFO  datanode.InitDatanodeState (InitDatanodeState.java:persistContainerDatanodeDetails(140)) - DatanodeDetails is persisted to /workdir/hadoop-ozone/integration-test/target/test-dir/MiniOzoneClusterImpl-072ceacc-f14a-494c-b049-5b6ad59b8d93/datanode-7/meta/datanode.id
2019-09-19 08:58:20,041 [main] INFO  volume.HddsVolume (HddsVolume.java:<init>(176)) - Creating Volume: /workdir/hadoop-ozone/integration-test/target/test-dir/MiniOzoneClusterImpl-072ceacc-f14a-494c-b049-5b6ad59b8d93/datanode-8/data/containers/hdds of  storage type : DISK and capacity : 1482555576320
2019-09-19 08:58:20,041 [main] INFO  volume.VolumeSet (VolumeSet.java:initializeVolumeSet(170)) - Added Volume : /workdir/hadoop-ozone/integration-test/target/test-dir/MiniOzoneClusterImpl-072ceacc-f14a-494c-b049-5b6ad59b8d93/datanode-8/data/containers/hdds to VolumeSet
2019-09-19 08:58:20,042 [main] INFO  volume.ThrottledAsyncChecker (ThrottledAsyncChecker.java:schedule(140)) - Scheduling a check for org.apache.hadoop.ozone.container.common.volume.HddsVolume@4e4d0a0b
2019-09-19 08:58:20,042 [main] INFO  volume.HddsVolumeChecker (HddsVolumeChecker.java:checkAllVolumes(203)) - Scheduled health check for volume org.apache.hadoop.ozone.container.common.volume.HddsVolume@4e4d0a0b
2019-09-19 08:58:20,054 [main] INFO  impl.RaftServerProxy (ConfUtils.java:logGet(43)) - raft.rpc.type = GRPC (default)
2019-09-19 08:58:20,054 [main] INFO  grpc.GrpcFactory (GrpcFactory.java:checkPooledByteBufAllocatorUseCacheForAllThreads(45)) - PERFORMANCE WARNING: useCacheForAllThreads is true that may cause Netty to create a lot garbage objects and, as a result, trigger GC.
	It is recommended to disable useCacheForAllThreads by setting -Dorg.apache.ratis.thirdparty.io.netty.allocator.useCacheForAllThreads=false in command line.
2019-09-19 08:58:20,054 [main] INFO  grpc.GrpcConfigKeys$Server (ConfUtils.java:logGet(43)) - raft.grpc.server.port = 0 (default)
2019-09-19 08:58:20,055 [main] INFO  server.GrpcService (ConfUtils.java:logGet(43)) - raft.grpc.message.size.max = 33570816 (custom)
2019-09-19 08:58:20,055 [main] INFO  server.RaftServerConfigKeys (ConfUtils.java:logGet(43)) - raft.server.log.appender.buffer.byte-limit = 33554432 (custom)
2019-09-19 08:58:20,055 [main] INFO  server.GrpcService (ConfUtils.java:logGet(43)) - raft.grpc.flow.control.window = 1MB (=1048576) (default)
2019-09-19 08:58:20,055 [main] INFO  server.RaftServerConfigKeys (ConfUtils.java:logGet(43)) - raft.server.rpc.request.timeout = 3000ms (default)
2019-09-19 08:58:20,056 [main] INFO  server.RaftServerConfigKeys (ConfUtils.java:logGet(43)) - raft.server.storage.dir = [/workdir/hadoop-ozone/integration-test/target/test-dir/MiniOzoneClusterImpl-072ceacc-f14a-494c-b049-5b6ad59b8d93/datanode-8/data/ratis] (custom)
2019-09-19 08:58:20,056 [main] INFO  replication.SimpleContainerDownloader (SimpleContainerDownloader.java:<init>(72)) - Starting container downloader service to copy containers to replicate.
2019-09-19 08:58:20,057 [main] INFO  hdfs.DFSUtil (DFSUtil.java:httpServerTemplateForNNAndJN(1641)) - Starting Web-server for hddsDatanode at: http://0.0.0.0:0
2019-09-19 08:58:20,059 [main] INFO  server.AuthenticationFilter (AuthenticationFilter.java:constructSecretProvider(240)) - Unable to initialize FileSignerSecretProvider, falling back to use random secrets.
2019-09-19 08:58:20,059 [main] WARN  http.HttpRequestLog (HttpRequestLog.java:getRequestLog(97)) - Jetty request log can only be enabled using Log4j
2019-09-19 08:58:20,061 [main] INFO  http.HttpServer2 (HttpServer2.java:addGlobalFilter(975)) - Added global filter 'safety' (class=org.apache.hadoop.http.HttpServer2$QuotingInputFilter)
2019-09-19 08:58:20,061 [main] INFO  http.HttpServer2 (HttpServer2.java:addFilter(948)) - Added filter static_user_filter (class=org.apache.hadoop.http.lib.StaticUserWebFilter$StaticUserFilter) to context hddsDatanode
2019-09-19 08:58:20,061 [main] INFO  http.HttpServer2 (HttpServer2.java:addFilter(958)) - Added filter static_user_filter (class=org.apache.hadoop.http.lib.StaticUserWebFilter$StaticUserFilter) to context logs
2019-09-19 08:58:20,062 [main] INFO  http.HttpServer2 (HttpServer2.java:addFilter(958)) - Added filter static_user_filter (class=org.apache.hadoop.http.lib.StaticUserWebFilter$StaticUserFilter) to context static
2019-09-19 08:58:20,062 [main] INFO  http.HttpServer2 (HttpServer2.java:bindListener(1191)) - Jetty bound to port 41150
2019-09-19 08:58:20,062 [main] INFO  server.Server (Server.java:doStart(351)) - jetty-9.3.24.v20180605, build timestamp: 2018-06-05T17:11:56Z, git hash: 84205aa28f11a4f31f2a3b86d1bba2cc8ab69827
2019-09-19 08:58:20,064 [main] INFO  handler.ContextHandler (ContextHandler.java:doStart(781)) - Started o.e.j.s.ServletContextHandler@d66502{/logs,file:///workdir/hadoop-ozone/integration-test/target/log,AVAILABLE}
2019-09-19 08:58:20,064 [main] INFO  handler.ContextHandler (ContextHandler.java:doStart(781)) - Started o.e.j.s.ServletContextHandler@34549979{/static,jar:file:/home/user/.m2/repository/org/apache/hadoop/hadoop-hdds-container-service/0.5.0-SNAPSHOT/hadoop-hdds-container-service-0.5.0-SNAPSHOT.jar!/webapps/static,AVAILABLE}
2019-09-19 08:58:20,092 [main] INFO  handler.ContextHandler (ContextHandler.java:doStart(781)) - Started o.e.j.w.WebAppContext@3c09a350{/,file:///tmp/jetty-0.0.0.0-41150-hddsDatanode-_-any-3005394748819059923.dir/webapp/,AVAILABLE}{/hddsDatanode}
2019-09-19 08:58:20,094 [main] INFO  server.AbstractConnector (AbstractConnector.java:doStart(278)) - Started ServerConnector@592a1882{HTTP/1.1,[http/1.1]}{0.0.0.0:41150}
2019-09-19 08:58:20,095 [main] INFO  server.Server (Server.java:doStart(419)) - Started @8239ms
2019-09-19 08:58:20,096 [main] INFO  server.BaseHttpServer (BaseHttpServer.java:updateConnectorAddress(213)) - HTTP server of HDDSDATANODE is listening at http://0.0.0.0:41150
2019-09-19 08:58:20,211 | INFO  | ObjectStoreRestHttpServer | Listening HDDS REST traffic on /0.0.0.0:37504 |  
2019-09-19 08:58:20,211 [main] INFO  ozone.HddsDatanodeService (HddsDatanodeService.java:startPlugins(395)) - Started plug-in org.apache.hadoop.ozone.web.OzoneHddsDatanodeService@1201e064
2019-09-19 08:58:20,211 [main] INFO  impl.MetricsSystemImpl (MetricsSystemImpl.java:init(158)) - HddsDatanode metrics system started (again)
2019-09-19 08:58:20,215 [org.apache.hadoop.util.JvmPauseMonitor$Monitor@618e9c38] INFO  util.JvmPauseMonitor (JvmPauseMonitor.java:run(188)) - Starting JVM pause monitor
2019-09-19 08:58:20,215 [main] INFO  ozone.HddsDatanodeService (HddsDatanodeService.java:start(184)) - HddsDatanodeService host:pr-hdds-1569-j4bt4-3030777008 ip:192.168.34.5
2019-09-19 08:58:20,216 [Datanode State Machine Thread - 0] INFO  datanode.InitDatanodeState (InitDatanodeState.java:persistContainerDatanodeDetails(140)) - DatanodeDetails is persisted to /workdir/hadoop-ozone/integration-test/target/test-dir/MiniOzoneClusterImpl-072ceacc-f14a-494c-b049-5b6ad59b8d93/datanode-8/meta/datanode.id
2019-09-19 08:58:20,222 [main] INFO  volume.HddsVolume (HddsVolume.java:<init>(176)) - Creating Volume: /workdir/hadoop-ozone/integration-test/target/test-dir/MiniOzoneClusterImpl-072ceacc-f14a-494c-b049-5b6ad59b8d93/datanode-9/data/containers/hdds of  storage type : DISK and capacity : 1482555576320
2019-09-19 08:58:20,222 [main] INFO  volume.VolumeSet (VolumeSet.java:initializeVolumeSet(170)) - Added Volume : /workdir/hadoop-ozone/integration-test/target/test-dir/MiniOzoneClusterImpl-072ceacc-f14a-494c-b049-5b6ad59b8d93/datanode-9/data/containers/hdds to VolumeSet
2019-09-19 08:58:20,223 [main] INFO  volume.ThrottledAsyncChecker (ThrottledAsyncChecker.java:schedule(140)) - Scheduling a check for org.apache.hadoop.ozone.container.common.volume.HddsVolume@44aed6a4
2019-09-19 08:58:20,224 [main] INFO  volume.HddsVolumeChecker (HddsVolumeChecker.java:checkAllVolumes(203)) - Scheduled health check for volume org.apache.hadoop.ozone.container.common.volume.HddsVolume@44aed6a4
2019-09-19 08:58:20,235 [main] INFO  impl.RaftServerProxy (ConfUtils.java:logGet(43)) - raft.rpc.type = GRPC (default)
2019-09-19 08:58:20,235 [main] INFO  grpc.GrpcFactory (GrpcFactory.java:checkPooledByteBufAllocatorUseCacheForAllThreads(45)) - PERFORMANCE WARNING: useCacheForAllThreads is true that may cause Netty to create a lot garbage objects and, as a result, trigger GC.
	It is recommended to disable useCacheForAllThreads by setting -Dorg.apache.ratis.thirdparty.io.netty.allocator.useCacheForAllThreads=false in command line.
2019-09-19 08:58:20,236 [main] INFO  grpc.GrpcConfigKeys$Server (ConfUtils.java:logGet(43)) - raft.grpc.server.port = 0 (default)
2019-09-19 08:58:20,236 [main] INFO  server.GrpcService (ConfUtils.java:logGet(43)) - raft.grpc.message.size.max = 33570816 (custom)
2019-09-19 08:58:20,236 [main] INFO  server.RaftServerConfigKeys (ConfUtils.java:logGet(43)) - raft.server.log.appender.buffer.byte-limit = 33554432 (custom)
2019-09-19 08:58:20,236 [main] INFO  server.GrpcService (ConfUtils.java:logGet(43)) - raft.grpc.flow.control.window = 1MB (=1048576) (default)
2019-09-19 08:58:20,237 [main] INFO  server.RaftServerConfigKeys (ConfUtils.java:logGet(43)) - raft.server.rpc.request.timeout = 3000ms (default)
2019-09-19 08:58:20,237 [main] INFO  server.RaftServerConfigKeys (ConfUtils.java:logGet(43)) - raft.server.storage.dir = [/workdir/hadoop-ozone/integration-test/target/test-dir/MiniOzoneClusterImpl-072ceacc-f14a-494c-b049-5b6ad59b8d93/datanode-9/data/ratis] (custom)
2019-09-19 08:58:20,237 [main] INFO  replication.SimpleContainerDownloader (SimpleContainerDownloader.java:<init>(72)) - Starting container downloader service to copy containers to replicate.
2019-09-19 08:58:20,239 [main] INFO  hdfs.DFSUtil (DFSUtil.java:httpServerTemplateForNNAndJN(1641)) - Starting Web-server for hddsDatanode at: http://0.0.0.0:0
2019-09-19 08:58:20,240 [main] INFO  server.AuthenticationFilter (AuthenticationFilter.java:constructSecretProvider(240)) - Unable to initialize FileSignerSecretProvider, falling back to use random secrets.
2019-09-19 08:58:20,241 [main] WARN  http.HttpRequestLog (HttpRequestLog.java:getRequestLog(97)) - Jetty request log can only be enabled using Log4j
2019-09-19 08:58:20,242 [main] INFO  http.HttpServer2 (HttpServer2.java:addGlobalFilter(975)) - Added global filter 'safety' (class=org.apache.hadoop.http.HttpServer2$QuotingInputFilter)
2019-09-19 08:58:20,242 [main] INFO  http.HttpServer2 (HttpServer2.java:addFilter(948)) - Added filter static_user_filter (class=org.apache.hadoop.http.lib.StaticUserWebFilter$StaticUserFilter) to context hddsDatanode
2019-09-19 08:58:20,243 [main] INFO  http.HttpServer2 (HttpServer2.java:addFilter(958)) - Added filter static_user_filter (class=org.apache.hadoop.http.lib.StaticUserWebFilter$StaticUserFilter) to context static
2019-09-19 08:58:20,243 [main] INFO  http.HttpServer2 (HttpServer2.java:addFilter(958)) - Added filter static_user_filter (class=org.apache.hadoop.http.lib.StaticUserWebFilter$StaticUserFilter) to context logs
2019-09-19 08:58:20,243 [main] INFO  http.HttpServer2 (HttpServer2.java:bindListener(1191)) - Jetty bound to port 35650
2019-09-19 08:58:20,244 [main] INFO  server.Server (Server.java:doStart(351)) - jetty-9.3.24.v20180605, build timestamp: 2018-06-05T17:11:56Z, git hash: 84205aa28f11a4f31f2a3b86d1bba2cc8ab69827
2019-09-19 08:58:20,245 [main] INFO  handler.ContextHandler (ContextHandler.java:doStart(781)) - Started o.e.j.s.ServletContextHandler@213835b6{/logs,file:///workdir/hadoop-ozone/integration-test/target/log,AVAILABLE}
2019-09-19 08:58:20,246 [main] INFO  handler.ContextHandler (ContextHandler.java:doStart(781)) - Started o.e.j.s.ServletContextHandler@37e55819{/static,jar:file:/home/user/.m2/repository/org/apache/hadoop/hadoop-hdds-container-service/0.5.0-SNAPSHOT/hadoop-hdds-container-service-0.5.0-SNAPSHOT.jar!/webapps/static,AVAILABLE}
2019-09-19 08:58:20,270 | INFO  | SCMAudit | user=jenkins1000 | ip=192.168.34.5 | op=GET_VERSION null | ret=SUCCESS |  
2019-09-19 08:58:20,276 [main] INFO  handler.ContextHandler (ContextHandler.java:doStart(781)) - Started o.e.j.w.WebAppContext@6f8ac8d5{/,file:///tmp/jetty-0.0.0.0-35650-hddsDatanode-_-any-4776580891170493162.dir/webapp/,AVAILABLE}{/hddsDatanode}
2019-09-19 08:58:20,278 [main] INFO  server.AbstractConnector (AbstractConnector.java:doStart(278)) - Started ServerConnector@370225c7{HTTP/1.1,[http/1.1]}{0.0.0.0:35650}
2019-09-19 08:58:20,278 [main] INFO  server.Server (Server.java:doStart(419)) - Started @8423ms
2019-09-19 08:58:20,279 [main] INFO  server.BaseHttpServer (BaseHttpServer.java:updateConnectorAddress(213)) - HTTP server of HDDSDATANODE is listening at http://0.0.0.0:35650
2019-09-19 08:58:20,316 [Datanode State Machine Thread - 0] INFO  ozoneimpl.OzoneContainer (OzoneContainer.java:start(186)) - Attempting to start container services.
2019-09-19 08:58:20,320 [Datanode State Machine Thread - 0] INFO  ozoneimpl.OzoneContainer (OzoneContainer.java:startContainerScrub(160)) - Background container scrubber has been disabled by hdds.containerscrub.enabled
2019-09-19 08:58:20,320 [Datanode State Machine Thread - 0] INFO  ratis.XceiverServerRatis (XceiverServerRatis.java:start(404)) - Starting XceiverServerRatis 8a96a672-7e2f-4b1c-ac1e-ddd5d18a6d5d at port 0
2019-09-19 08:58:20,334 [Datanode State Machine Thread - 0] INFO  impl.RaftServerProxy (RaftServerProxy.java:lambda$start$3(299)) - 8a96a672-7e2f-4b1c-ac1e-ddd5d18a6d5d: start RPC server
2019-09-19 08:58:20,416 | INFO  | ObjectStoreRestHttpServer | Listening HDDS REST traffic on /0.0.0.0:36672 |  
2019-09-19 08:58:20,416 [main] INFO  ozone.HddsDatanodeService (HddsDatanodeService.java:startPlugins(395)) - Started plug-in org.apache.hadoop.ozone.web.OzoneHddsDatanodeService@3f9f8d23
2019-09-19 08:58:20,420 [main] INFO  ozone.MiniOzoneClusterImpl (MiniOzoneClusterImpl.java:lambda$waitForClusterToBeReady$0(142)) - Waiting for cluster to be ready. Got 0 of 10 DN Heartbeats.
2019-09-19 08:58:20,421 [org.apache.hadoop.util.JvmPauseMonitor$Monitor@797f0e13] INFO  util.JvmPauseMonitor (JvmPauseMonitor.java:run(188)) - Starting JVM pause monitor
2019-09-19 08:58:20,450 [Datanode State Machine Thread - 0] INFO  server.GrpcService (GrpcService.java:startImpl(149)) - 8a96a672-7e2f-4b1c-ac1e-ddd5d18a6d5d: GrpcService started, listening on 0.0.0.0/0.0.0.0:45218
2019-09-19 08:58:20,450 [Datanode State Machine Thread - 0] INFO  ratis.XceiverServerRatis (XceiverServerRatis.java:start(414)) - XceiverServerRatis 8a96a672-7e2f-4b1c-ac1e-ddd5d18a6d5d is started using port 45218
2019-09-19 08:58:20,452 [Datanode State Machine Thread - 0] INFO  server.XceiverServerGrpc (XceiverServerGrpc.java:start(163)) - XceiverServerGrpc 8a96a672-7e2f-4b1c-ac1e-ddd5d18a6d5d is started using port 38972
2019-09-19 08:58:20,457 [Datanode State Machine Thread - 0] INFO  datanode.InitDatanodeState (InitDatanodeState.java:persistContainerDatanodeDetails(140)) - DatanodeDetails is persisted to /workdir/hadoop-ozone/integration-test/target/test-dir/MiniOzoneClusterImpl-072ceacc-f14a-494c-b049-5b6ad59b8d93/datanode-9/meta/datanode.id
2019-09-19 08:58:20,532 | INFO  | SCMAudit | user=jenkins1000 | ip=192.168.34.5 | op=GET_VERSION null | ret=SUCCESS |  
2019-09-19 08:58:20,541 [Datanode State Machine Thread - 0] INFO  ozoneimpl.OzoneContainer (OzoneContainer.java:start(186)) - Attempting to start container services.
2019-09-19 08:58:20,542 [Datanode State Machine Thread - 0] INFO  ozoneimpl.OzoneContainer (OzoneContainer.java:startContainerScrub(160)) - Background container scrubber has been disabled by hdds.containerscrub.enabled
2019-09-19 08:58:20,543 [Datanode State Machine Thread - 0] INFO  ratis.XceiverServerRatis (XceiverServerRatis.java:start(404)) - Starting XceiverServerRatis 356a349a-c9c9-49f9-a5b1-196804736fbc at port 0
2019-09-19 08:58:20,551 [Datanode State Machine Thread - 0] INFO  impl.RaftServerProxy (RaftServerProxy.java:lambda$start$3(299)) - 356a349a-c9c9-49f9-a5b1-196804736fbc: start RPC server
2019-09-19 08:58:20,555 [Datanode State Machine Thread - 0] INFO  server.GrpcService (GrpcService.java:startImpl(149)) - 356a349a-c9c9-49f9-a5b1-196804736fbc: GrpcService started, listening on 0.0.0.0/0.0.0.0:46709
2019-09-19 08:58:20,555 [Datanode State Machine Thread - 0] INFO  ratis.XceiverServerRatis (XceiverServerRatis.java:start(414)) - XceiverServerRatis 356a349a-c9c9-49f9-a5b1-196804736fbc is started using port 46709
2019-09-19 08:58:20,558 [Datanode State Machine Thread - 0] INFO  server.XceiverServerGrpc (XceiverServerGrpc.java:start(163)) - XceiverServerGrpc 356a349a-c9c9-49f9-a5b1-196804736fbc is started using port 34542
2019-09-19 08:58:20,766 | INFO  | SCMAudit | user=jenkins1000 | ip=192.168.34.5 | op=GET_VERSION null | ret=SUCCESS |  
2019-09-19 08:58:20,775 [Datanode State Machine Thread - 0] INFO  ozoneimpl.OzoneContainer (OzoneContainer.java:start(186)) - Attempting to start container services.
2019-09-19 08:58:20,775 [Datanode State Machine Thread - 0] INFO  ozoneimpl.OzoneContainer (OzoneContainer.java:startContainerScrub(160)) - Background container scrubber has been disabled by hdds.containerscrub.enabled
2019-09-19 08:58:20,775 [Datanode State Machine Thread - 0] INFO  ratis.XceiverServerRatis (XceiverServerRatis.java:start(404)) - Starting XceiverServerRatis d611bba7-fcef-48db-9a8e-14e1bb825cd8 at port 0
2019-09-19 08:58:20,781 [Datanode State Machine Thread - 0] INFO  impl.RaftServerProxy (RaftServerProxy.java:lambda$start$3(299)) - d611bba7-fcef-48db-9a8e-14e1bb825cd8: start RPC server
2019-09-19 08:58:20,785 [Datanode State Machine Thread - 0] INFO  server.GrpcService (GrpcService.java:startImpl(149)) - d611bba7-fcef-48db-9a8e-14e1bb825cd8: GrpcService started, listening on 0.0.0.0/0.0.0.0:34044
2019-09-19 08:58:20,785 [Datanode State Machine Thread - 0] INFO  ratis.XceiverServerRatis (XceiverServerRatis.java:start(414)) - XceiverServerRatis d611bba7-fcef-48db-9a8e-14e1bb825cd8 is started using port 34044
2019-09-19 08:58:20,788 [Datanode State Machine Thread - 0] INFO  server.XceiverServerGrpc (XceiverServerGrpc.java:start(163)) - XceiverServerGrpc d611bba7-fcef-48db-9a8e-14e1bb825cd8 is started using port 45984
2019-09-19 08:58:21,055 | INFO  | SCMAudit | user=jenkins1000 | ip=192.168.34.5 | op=GET_VERSION null | ret=SUCCESS |  
2019-09-19 08:58:21,069 [Datanode State Machine Thread - 0] INFO  ozoneimpl.OzoneContainer (OzoneContainer.java:start(186)) - Attempting to start container services.
2019-09-19 08:58:21,069 [Datanode State Machine Thread - 0] INFO  ozoneimpl.OzoneContainer (OzoneContainer.java:startContainerScrub(160)) - Background container scrubber has been disabled by hdds.containerscrub.enabled
2019-09-19 08:58:21,069 [Datanode State Machine Thread - 0] INFO  ratis.XceiverServerRatis (XceiverServerRatis.java:start(404)) - Starting XceiverServerRatis 5655ea38-4aa2-40a6-aaa3-4d444347e46a at port 0
2019-09-19 08:58:21,074 [Datanode State Machine Thread - 0] INFO  impl.RaftServerProxy (RaftServerProxy.java:lambda$start$3(299)) - 5655ea38-4aa2-40a6-aaa3-4d444347e46a: start RPC server
2019-09-19 08:58:21,077 [Datanode State Machine Thread - 0] INFO  server.GrpcService (GrpcService.java:startImpl(149)) - 5655ea38-4aa2-40a6-aaa3-4d444347e46a: GrpcService started, listening on 0.0.0.0/0.0.0.0:39771
2019-09-19 08:58:21,077 [Datanode State Machine Thread - 0] INFO  ratis.XceiverServerRatis (XceiverServerRatis.java:start(414)) - XceiverServerRatis 5655ea38-4aa2-40a6-aaa3-4d444347e46a is started using port 39771
2019-09-19 08:58:21,079 [Datanode State Machine Thread - 0] INFO  server.XceiverServerGrpc (XceiverServerGrpc.java:start(163)) - XceiverServerGrpc 5655ea38-4aa2-40a6-aaa3-4d444347e46a is started using port 33404
2019-09-19 08:58:21,326 | INFO  | SCMAudit | user=jenkins1000 | ip=192.168.34.5 | op=GET_VERSION null | ret=SUCCESS |  
2019-09-19 08:58:21,340 [Datanode State Machine Thread - 0] INFO  ozoneimpl.OzoneContainer (OzoneContainer.java:start(186)) - Attempting to start container services.
2019-09-19 08:58:21,340 [Datanode State Machine Thread - 0] INFO  ozoneimpl.OzoneContainer (OzoneContainer.java:startContainerScrub(160)) - Background container scrubber has been disabled by hdds.containerscrub.enabled
2019-09-19 08:58:21,340 [Datanode State Machine Thread - 0] INFO  ratis.XceiverServerRatis (XceiverServerRatis.java:start(404)) - Starting XceiverServerRatis 59afcdb3-7cd7-47ef-abfa-eabf405042f7 at port 0
2019-09-19 08:58:21,346 [Datanode State Machine Thread - 0] INFO  impl.RaftServerProxy (RaftServerProxy.java:lambda$start$3(299)) - 59afcdb3-7cd7-47ef-abfa-eabf405042f7: start RPC server
2019-09-19 08:58:21,349 [Datanode State Machine Thread - 0] INFO  server.GrpcService (GrpcService.java:startImpl(149)) - 59afcdb3-7cd7-47ef-abfa-eabf405042f7: GrpcService started, listening on 0.0.0.0/0.0.0.0:36202
2019-09-19 08:58:21,349 [Datanode State Machine Thread - 0] INFO  ratis.XceiverServerRatis (XceiverServerRatis.java:start(414)) - XceiverServerRatis 59afcdb3-7cd7-47ef-abfa-eabf405042f7 is started using port 36202
2019-09-19 08:58:21,352 [Datanode State Machine Thread - 0] INFO  server.XceiverServerGrpc (XceiverServerGrpc.java:start(163)) - XceiverServerGrpc 59afcdb3-7cd7-47ef-abfa-eabf405042f7 is started using port 45735
2019-09-19 08:58:21,420 [main] INFO  ozone.MiniOzoneClusterImpl (MiniOzoneClusterImpl.java:lambda$waitForClusterToBeReady$0(142)) - Waiting for cluster to be ready. Got 0 of 10 DN Heartbeats.
2019-09-19 08:58:21,613 | INFO  | SCMAudit | user=jenkins1000 | ip=192.168.34.5 | op=GET_VERSION null | ret=SUCCESS |  
2019-09-19 08:58:21,637 [Datanode State Machine Thread - 0] INFO  ozoneimpl.OzoneContainer (OzoneContainer.java:start(186)) - Attempting to start container services.
2019-09-19 08:58:21,638 [Datanode State Machine Thread - 0] INFO  ozoneimpl.OzoneContainer (OzoneContainer.java:startContainerScrub(160)) - Background container scrubber has been disabled by hdds.containerscrub.enabled
2019-09-19 08:58:21,638 [Datanode State Machine Thread - 0] INFO  ratis.XceiverServerRatis (XceiverServerRatis.java:start(404)) - Starting XceiverServerRatis cd77464f-7686-4dc7-8332-533cdc56da6b at port 0
2019-09-19 08:58:21,645 [Datanode State Machine Thread - 0] INFO  impl.RaftServerProxy (RaftServerProxy.java:lambda$start$3(299)) - cd77464f-7686-4dc7-8332-533cdc56da6b: start RPC server
2019-09-19 08:58:21,650 [Datanode State Machine Thread - 0] INFO  server.GrpcService (GrpcService.java:startImpl(149)) - cd77464f-7686-4dc7-8332-533cdc56da6b: GrpcService started, listening on 0.0.0.0/0.0.0.0:41324
2019-09-19 08:58:21,650 [Datanode State Machine Thread - 0] INFO  ratis.XceiverServerRatis (XceiverServerRatis.java:start(414)) - XceiverServerRatis cd77464f-7686-4dc7-8332-533cdc56da6b is started using port 41324
2019-09-19 08:58:21,654 [Datanode State Machine Thread - 0] INFO  server.XceiverServerGrpc (XceiverServerGrpc.java:start(163)) - XceiverServerGrpc cd77464f-7686-4dc7-8332-533cdc56da6b is started using port 37245
2019-09-19 08:58:21,832 | INFO  | SCMAudit | user=jenkins1000 | ip=192.168.34.5 | op=GET_VERSION null | ret=SUCCESS |  
2019-09-19 08:58:21,846 [Datanode State Machine Thread - 0] INFO  ozoneimpl.OzoneContainer (OzoneContainer.java:start(186)) - Attempting to start container services.
2019-09-19 08:58:21,846 [Datanode State Machine Thread - 0] INFO  ozoneimpl.OzoneContainer (OzoneContainer.java:startContainerScrub(160)) - Background container scrubber has been disabled by hdds.containerscrub.enabled
2019-09-19 08:58:21,846 [Datanode State Machine Thread - 0] INFO  ratis.XceiverServerRatis (XceiverServerRatis.java:start(404)) - Starting XceiverServerRatis 275daa4b-3482-4b8e-b64e-92089e0536ae at port 0
2019-09-19 08:58:21,854 [Datanode State Machine Thread - 0] INFO  impl.RaftServerProxy (RaftServerProxy.java:lambda$start$3(299)) - 275daa4b-3482-4b8e-b64e-92089e0536ae: start RPC server
2019-09-19 08:58:21,858 [Datanode State Machine Thread - 0] INFO  server.GrpcService (GrpcService.java:startImpl(149)) - 275daa4b-3482-4b8e-b64e-92089e0536ae: GrpcService started, listening on 0.0.0.0/0.0.0.0:37927
2019-09-19 08:58:21,858 [Datanode State Machine Thread - 0] INFO  ratis.XceiverServerRatis (XceiverServerRatis.java:start(414)) - XceiverServerRatis 275daa4b-3482-4b8e-b64e-92089e0536ae is started using port 37927
2019-09-19 08:58:21,862 [Datanode State Machine Thread - 0] INFO  server.XceiverServerGrpc (XceiverServerGrpc.java:start(163)) - XceiverServerGrpc 275daa4b-3482-4b8e-b64e-92089e0536ae is started using port 44944
2019-09-19 08:58:22,034 | INFO  | SCMAudit | user=jenkins1000 | ip=192.168.34.5 | op=GET_VERSION null | ret=SUCCESS |  
2019-09-19 08:58:22,047 [Datanode State Machine Thread - 0] INFO  ozoneimpl.OzoneContainer (OzoneContainer.java:start(186)) - Attempting to start container services.
2019-09-19 08:58:22,048 [Datanode State Machine Thread - 0] INFO  ozoneimpl.OzoneContainer (OzoneContainer.java:startContainerScrub(160)) - Background container scrubber has been disabled by hdds.containerscrub.enabled
2019-09-19 08:58:22,048 [Datanode State Machine Thread - 0] INFO  ratis.XceiverServerRatis (XceiverServerRatis.java:start(404)) - Starting XceiverServerRatis a01737f6-7857-4616-835e-b1ff05ecf78f at port 0
2019-09-19 08:58:22,052 [Datanode State Machine Thread - 0] INFO  impl.RaftServerProxy (RaftServerProxy.java:lambda$start$3(299)) - a01737f6-7857-4616-835e-b1ff05ecf78f: start RPC server
2019-09-19 08:58:22,055 [Datanode State Machine Thread - 0] INFO  server.GrpcService (GrpcService.java:startImpl(149)) - a01737f6-7857-4616-835e-b1ff05ecf78f: GrpcService started, listening on 0.0.0.0/0.0.0.0:36733
2019-09-19 08:58:22,056 [Datanode State Machine Thread - 0] INFO  ratis.XceiverServerRatis (XceiverServerRatis.java:start(414)) - XceiverServerRatis a01737f6-7857-4616-835e-b1ff05ecf78f is started using port 36733
2019-09-19 08:58:22,060 [Datanode State Machine Thread - 0] INFO  server.XceiverServerGrpc (XceiverServerGrpc.java:start(163)) - XceiverServerGrpc a01737f6-7857-4616-835e-b1ff05ecf78f is started using port 40488
2019-09-19 08:58:22,218 | INFO  | SCMAudit | user=jenkins1000 | ip=192.168.34.5 | op=GET_VERSION null | ret=SUCCESS |  
2019-09-19 08:58:22,251 [Datanode State Machine Thread - 0] INFO  ozoneimpl.OzoneContainer (OzoneContainer.java:start(186)) - Attempting to start container services.
2019-09-19 08:58:22,252 [Datanode State Machine Thread - 0] INFO  ozoneimpl.OzoneContainer (OzoneContainer.java:startContainerScrub(160)) - Background container scrubber has been disabled by hdds.containerscrub.enabled
2019-09-19 08:58:22,252 [Datanode State Machine Thread - 0] INFO  ratis.XceiverServerRatis (XceiverServerRatis.java:start(404)) - Starting XceiverServerRatis 83e73c89-42e6-44c0-9fcf-5542ff22b34f at port 0
2019-09-19 08:58:22,258 [Datanode State Machine Thread - 0] INFO  impl.RaftServerProxy (RaftServerProxy.java:lambda$start$3(299)) - 83e73c89-42e6-44c0-9fcf-5542ff22b34f: start RPC server
2019-09-19 08:58:22,275 [Datanode State Machine Thread - 0] INFO  server.GrpcService (GrpcService.java:startImpl(149)) - 83e73c89-42e6-44c0-9fcf-5542ff22b34f: GrpcService started, listening on 0.0.0.0/0.0.0.0:35347
2019-09-19 08:58:22,275 [Datanode State Machine Thread - 0] INFO  ratis.XceiverServerRatis (XceiverServerRatis.java:start(414)) - XceiverServerRatis 83e73c89-42e6-44c0-9fcf-5542ff22b34f is started using port 35347
2019-09-19 08:58:22,280 [Datanode State Machine Thread - 0] INFO  server.XceiverServerGrpc (XceiverServerGrpc.java:start(163)) - XceiverServerGrpc 83e73c89-42e6-44c0-9fcf-5542ff22b34f is started using port 42962
2019-09-19 08:58:22,306 [IPC Server handler 18 on 46069] INFO  net.NetworkTopology (NetworkTopologyImpl.java:add(110)) - Added a new node: /default-rack/8a96a672-7e2f-4b1c-ac1e-ddd5d18a6d5d
2019-09-19 08:58:22,306 [IPC Server handler 18 on 46069] INFO  node.SCMNodeManager (SCMNodeManager.java:register(273)) - Registered Data node : 8a96a672-7e2f-4b1c-ac1e-ddd5d18a6d5d{ip: 192.168.34.5, host: pr-hdds-1569-j4bt4-3030777008, networkLocation: /default-rack, certSerialId: null}
2019-09-19 08:58:22,312 [EventQueue-NodeRegistrationContainerReportForDataNodeSafeModeRule] INFO  safemode.SCMSafeModeManager (DataNodeSafeModeRule.java:process(71)) - SCM in safe mode. 1 DataNodes registered, 1 required.
2019-09-19 08:58:22,312 [EventQueue-NodeRegistrationContainerReportForDataNodeSafeModeRule] INFO  safemode.SCMSafeModeManager (SCMSafeModeManager.java:validateSafeModeExitRules(177)) - ScmSafeModeManager, all rules are successfully validated
2019-09-19 08:58:22,312 [EventQueue-NodeRegistrationContainerReportForDataNodeSafeModeRule] INFO  safemode.SCMSafeModeManager (SCMSafeModeManager.java:exitSafeMode(193)) - SCM exiting safe mode.
2019-09-19 08:58:22,320 | INFO  | SCMAudit | user=jenkins1000 | ip=192.168.34.5 | op=REGISTER {datanodeDetails=8a96a672-7e2f-4b1c-ac1e-ddd5d18a6d5d{ip: 192.168.34.5, host: pr-hdds-1569-j4bt4-3030777008, networkLocation: /default-rack, certSerialId: null}} | ret=SUCCESS |  
2019-09-19 08:58:22,423 [main] INFO  ozone.MiniOzoneClusterImpl (MiniOzoneClusterImpl.java:lambda$waitForClusterToBeReady$0(142)) - Waiting for cluster to be ready. Got 1 of 10 DN Heartbeats.
2019-09-19 08:58:22,423 | INFO  | SCMAudit | user=jenkins1000 | ip=192.168.34.5 | op=GET_VERSION null | ret=SUCCESS |  
2019-09-19 08:58:22,438 [Datanode State Machine Thread - 0] INFO  ozoneimpl.OzoneContainer (OzoneContainer.java:start(186)) - Attempting to start container services.
2019-09-19 08:58:22,438 [Datanode State Machine Thread - 0] INFO  ozoneimpl.OzoneContainer (OzoneContainer.java:startContainerScrub(160)) - Background container scrubber has been disabled by hdds.containerscrub.enabled
2019-09-19 08:58:22,438 [Datanode State Machine Thread - 0] INFO  ratis.XceiverServerRatis (XceiverServerRatis.java:start(404)) - Starting XceiverServerRatis 1ad3fd21-b666-4d4e-8138-b5cd04f973fd at port 0
2019-09-19 08:58:22,443 [Datanode State Machine Thread - 0] INFO  impl.RaftServerProxy (RaftServerProxy.java:lambda$start$3(299)) - 1ad3fd21-b666-4d4e-8138-b5cd04f973fd: start RPC server
2019-09-19 08:58:22,448 [Datanode State Machine Thread - 0] INFO  server.GrpcService (GrpcService.java:startImpl(149)) - 1ad3fd21-b666-4d4e-8138-b5cd04f973fd: GrpcService started, listening on 0.0.0.0/0.0.0.0:40478
2019-09-19 08:58:22,448 [Datanode State Machine Thread - 0] INFO  ratis.XceiverServerRatis (XceiverServerRatis.java:start(414)) - XceiverServerRatis 1ad3fd21-b666-4d4e-8138-b5cd04f973fd is started using port 40478
2019-09-19 08:58:22,469 [Datanode State Machine Thread - 0] INFO  server.XceiverServerGrpc (XceiverServerGrpc.java:start(163)) - XceiverServerGrpc 1ad3fd21-b666-4d4e-8138-b5cd04f973fd is started using port 40486
2019-09-19 08:58:22,544 [IPC Server handler 17 on 46069] INFO  net.NetworkTopology (NetworkTopologyImpl.java:add(110)) - Added a new node: /default-rack/356a349a-c9c9-49f9-a5b1-196804736fbc
2019-09-19 08:58:22,544 [IPC Server handler 17 on 46069] INFO  node.SCMNodeManager (SCMNodeManager.java:register(273)) - Registered Data node : 356a349a-c9c9-49f9-a5b1-196804736fbc{ip: 192.168.34.5, host: pr-hdds-1569-j4bt4-3030777008, networkLocation: /default-rack, certSerialId: null}
2019-09-19 08:58:22,545 | INFO  | SCMAudit | user=jenkins1000 | ip=192.168.34.5 | op=REGISTER {datanodeDetails=356a349a-c9c9-49f9-a5b1-196804736fbc{ip: 192.168.34.5, host: pr-hdds-1569-j4bt4-3030777008, networkLocation: /default-rack, certSerialId: null}} | ret=SUCCESS |  
2019-09-19 08:58:23,105 [IPC Server handler 3 on 46069] INFO  net.NetworkTopology (NetworkTopologyImpl.java:add(110)) - Added a new node: /default-rack/5655ea38-4aa2-40a6-aaa3-4d444347e46a
2019-09-19 08:58:23,105 [IPC Server handler 3 on 46069] INFO  node.SCMNodeManager (SCMNodeManager.java:register(273)) - Registered Data node : 5655ea38-4aa2-40a6-aaa3-4d444347e46a{ip: 192.168.34.5, host: pr-hdds-1569-j4bt4-3030777008, networkLocation: /default-rack, certSerialId: null}
2019-09-19 08:58:23,105 [IPC Server handler 18 on 46069] INFO  net.NetworkTopology (NetworkTopologyImpl.java:add(110)) - Added a new node: /default-rack/d611bba7-fcef-48db-9a8e-14e1bb825cd8
2019-09-19 08:58:23,105 | INFO  | SCMAudit | user=jenkins1000 | ip=192.168.34.5 | op=REGISTER {datanodeDetails=5655ea38-4aa2-40a6-aaa3-4d444347e46a{ip: 192.168.34.5, host: pr-hdds-1569-j4bt4-3030777008, networkLocation: /default-rack, certSerialId: null}} | ret=SUCCESS |  
2019-09-19 08:58:23,105 [IPC Server handler 18 on 46069] INFO  node.SCMNodeManager (SCMNodeManager.java:register(273)) - Registered Data node : d611bba7-fcef-48db-9a8e-14e1bb825cd8{ip: 192.168.34.5, host: pr-hdds-1569-j4bt4-3030777008, networkLocation: /default-rack, certSerialId: null}
2019-09-19 08:58:23,109 | INFO  | SCMAudit | user=jenkins1000 | ip=192.168.34.5 | op=REGISTER {datanodeDetails=d611bba7-fcef-48db-9a8e-14e1bb825cd8{ip: 192.168.34.5, host: pr-hdds-1569-j4bt4-3030777008, networkLocation: /default-rack, certSerialId: null}} | ret=SUCCESS |  
2019-09-19 08:58:23,328 [IPC Server handler 19 on 46069] INFO  net.NetworkTopology (NetworkTopologyImpl.java:add(110)) - Added a new node: /default-rack/59afcdb3-7cd7-47ef-abfa-eabf405042f7
2019-09-19 08:58:23,329 [IPC Server handler 19 on 46069] INFO  node.SCMNodeManager (SCMNodeManager.java:register(273)) - Registered Data node : 59afcdb3-7cd7-47ef-abfa-eabf405042f7{ip: 192.168.34.5, host: pr-hdds-1569-j4bt4-3030777008, networkLocation: /default-rack, certSerialId: null}
2019-09-19 08:58:23,329 | INFO  | SCMAudit | user=jenkins1000 | ip=192.168.34.5 | op=REGISTER {datanodeDetails=59afcdb3-7cd7-47ef-abfa-eabf405042f7{ip: 192.168.34.5, host: pr-hdds-1569-j4bt4-3030777008, networkLocation: /default-rack, certSerialId: null}} | ret=SUCCESS |  
2019-09-19 08:58:23,409 [grpc-default-executor-0] INFO  impl.RaftServerProxy (RaftServerProxy.java:addNew(89)) - 8a96a672-7e2f-4b1c-ac1e-ddd5d18a6d5d: addNew group-A52E20FB270C:[8a96a672-7e2f-4b1c-ac1e-ddd5d18a6d5d:192.168.34.5:45218] returns group-A52E20FB270C:java.util.concurrent.CompletableFuture@51d7ec9a[Not completed]
2019-09-19 08:58:23,423 [main] INFO  ozone.MiniOzoneClusterImpl (MiniOzoneClusterImpl.java:lambda$waitForClusterToBeReady$0(142)) - Waiting for cluster to be ready. Got 5 of 10 DN Heartbeats.
2019-09-19 08:58:23,429 [pool-27-thread-1] INFO  impl.RaftServerImpl (RaftServerImpl.java:<init>(93)) - 8a96a672-7e2f-4b1c-ac1e-ddd5d18a6d5d: new RaftServerImpl for group-A52E20FB270C:[8a96a672-7e2f-4b1c-ac1e-ddd5d18a6d5d:192.168.34.5:45218] with ContainerStateMachine:uninitialized
2019-09-19 08:58:23,430 [pool-27-thread-1] INFO  server.RaftServerConfigKeys (ConfUtils.java:logGet(43)) - raft.server.rpc.timeout.min = 1s (custom)
2019-09-19 08:58:23,432 [pool-27-thread-1] INFO  server.RaftServerConfigKeys (ConfUtils.java:logGet(43)) - raft.server.rpc.timeout.max = 1200ms (custom)
2019-09-19 08:58:23,432 [pool-27-thread-1] INFO  server.RaftServerConfigKeys (ConfUtils.java:logGet(43)) - raft.server.rpcslowness.timeout = 120s (custom)
2019-09-19 08:58:23,432 [pool-27-thread-1] INFO  server.RaftServerConfigKeys (ConfUtils.java:logGet(43)) - raft.server.sleep.deviation.threshold = 300 (default)
2019-09-19 08:58:23,433 [pool-27-thread-1] INFO  server.RaftServerConfigKeys (ConfUtils.java:logGet(43)) - raft.server.log.appender.install.snapshot.enabled = false (custom)
2019-09-19 08:58:23,440 [pool-27-thread-1] INFO  impl.RaftServerImpl (ServerState.java:<init>(105)) - 8a96a672-7e2f-4b1c-ac1e-ddd5d18a6d5d:group-A52E20FB270C ConfigurationManager, init=-1: [8a96a672-7e2f-4b1c-ac1e-ddd5d18a6d5d:192.168.34.5:45218], old=null, confs=<EMPTY_MAP>
2019-09-19 08:58:23,440 [pool-27-thread-1] INFO  server.RaftServerConfigKeys (ConfUtils.java:logGet(43)) - raft.server.storage.dir = [/workdir/hadoop-ozone/integration-test/target/test-dir/MiniOzoneClusterImpl-072ceacc-f14a-494c-b049-5b6ad59b8d93/datanode-0/data/ratis] (custom)
2019-09-19 08:58:23,448 [pool-27-thread-1] INFO  storage.RaftStorageDirectory (RaftStorageDirectory.java:analyzeStorage(246)) - The storage directory /workdir/hadoop-ozone/integration-test/target/test-dir/MiniOzoneClusterImpl-072ceacc-f14a-494c-b049-5b6ad59b8d93/datanode-0/data/ratis/4277a7d7-e1c2-4bc2-a78a-a52e20fb270c does not exist. Creating ...
2019-09-19 08:58:23,465 [pool-27-thread-1] INFO  storage.RaftStorageDirectory (RaftStorageDirectory.java:tryLock(328)) - Lock on /workdir/hadoop-ozone/integration-test/target/test-dir/MiniOzoneClusterImpl-072ceacc-f14a-494c-b049-5b6ad59b8d93/datanode-0/data/ratis/4277a7d7-e1c2-4bc2-a78a-a52e20fb270c/in_use.lock acquired by nodename 8013@pr-hdds-1569-j4bt4-3030777008
2019-09-19 08:58:23,480 [pool-27-thread-1] INFO  storage.RaftStorage (RaftStorage.java:format(72)) - Storage directory /workdir/hadoop-ozone/integration-test/target/test-dir/MiniOzoneClusterImpl-072ceacc-f14a-494c-b049-5b6ad59b8d93/datanode-0/data/ratis/4277a7d7-e1c2-4bc2-a78a-a52e20fb270c has been successfully formatted.
2019-09-19 08:58:23,482 [pool-27-thread-1] INFO  ratis.ContainerStateMachine (ContainerStateMachine.java:loadSnapshot(226)) - group-A52E20FB270C: The snapshot info is null. Setting the last applied indexto:(t:0, i:~)
2019-09-19 08:58:23,483 [pool-27-thread-1] INFO  server.RaftServerConfigKeys (ConfUtils.java:logGet(43)) - raft.server.leader.election.timeout = 120s (custom)
2019-09-19 08:58:23,484 [pool-27-thread-1] INFO  server.RaftServerConfigKeys (ConfUtils.java:logGet(43)) - raft.server.log.use.memory = false (default)
2019-09-19 08:58:23,489 [pool-27-thread-1] INFO  server.RaftServerConfigKeys (ConfUtils.java:logGet(43)) - raft.server.log.purge.gap = 1000000 (custom)
2019-09-19 08:58:23,489 [pool-27-thread-1] INFO  server.RaftServerConfigKeys (ConfUtils.java:logGet(43)) - raft.server.log.appender.buffer.byte-limit = 33554432 (custom)
2019-09-19 08:58:23,490 [pool-27-thread-1] INFO  server.RaftServerConfigKeys (ConfUtils.java:logGet(43)) - raft.server.log.segment.size.max = 1048576 (custom)
2019-09-19 08:58:23,494 [pool-27-thread-1] INFO  server.RaftServerConfigKeys (ConfUtils.java:logGet(43)) - raft.server.log.segment.cache.num.max = 2 (custom)
2019-09-19 08:58:23,498 [pool-27-thread-1] INFO  segmented.SegmentedRaftLogWorker (SegmentedRaftLogWorker.java:<init>(172)) - new 8a96a672-7e2f-4b1c-ac1e-ddd5d18a6d5d-SegmentedRaftLogWorker:Storage Directory /workdir/hadoop-ozone/integration-test/target/test-dir/MiniOzoneClusterImpl-072ceacc-f14a-494c-b049-5b6ad59b8d93/datanode-0/data/ratis/4277a7d7-e1c2-4bc2-a78a-a52e20fb270c for RaftStorage:Storage Directory /workdir/hadoop-ozone/integration-test/target/test-dir/MiniOzoneClusterImpl-072ceacc-f14a-494c-b049-5b6ad59b8d93/datanode-0/data/ratis/4277a7d7-e1c2-4bc2-a78a-a52e20fb270c
2019-09-19 08:58:23,508 [pool-27-thread-1] INFO  server.RaftServerConfigKeys (ConfUtils.java:logGet(43)) - raft.server.log.queue.byte-limit = 2147483647 (custom)
2019-09-19 08:58:23,509 [pool-27-thread-1] INFO  server.RaftServerConfigKeys (ConfUtils.java:logGet(43)) - raft.server.log.queue.element-limit = 1024 (custom)
2019-09-19 08:58:23,513 [pool-27-thread-1] INFO  server.RaftServerConfigKeys (ConfUtils.java:logGet(43)) - raft.server.log.segment.size.max = 1048576 (custom)
2019-09-19 08:58:23,513 [pool-27-thread-1] INFO  server.RaftServerConfigKeys (ConfUtils.java:logGet(43)) - raft.server.log.preallocated.size = 16384 (custom)
2019-09-19 08:58:23,514 [pool-27-thread-1] INFO  server.RaftServerConfigKeys (ConfUtils.java:logGet(43)) - raft.server.log.write.buffer.size = 33554432 (custom)
2019-09-19 08:58:23,514 [pool-27-thread-1] INFO  server.RaftServerConfigKeys (ConfUtils.java:logGet(43)) - raft.server.log.force.sync.num = 128 (default)
2019-09-19 08:58:23,515 [pool-27-thread-1] INFO  server.RaftServerConfigKeys (ConfUtils.java:logGet(43)) - raft.server.log.statemachine.data.sync = true (default)
2019-09-19 08:58:23,515 [pool-27-thread-1] INFO  server.RaftServerConfigKeys (ConfUtils.java:logGet(43)) - raft.server.log.statemachine.data.sync.timeout = 10s (default)
2019-09-19 08:58:23,516 [pool-27-thread-1] INFO  server.RaftServerConfigKeys (ConfUtils.java:logGet(43)) - raft.server.log.statemachine.data.sync.timeout.retry = -1 (default)
2019-09-19 08:58:23,523 [pool-27-thread-1] INFO  server.RaftServerConfigKeys (ConfUtils.java:logGet(43)) - raft.server.log.statemachine.data.caching.enabled = true (custom)
2019-09-19 08:58:23,526 [pool-27-thread-1] INFO  segmented.SegmentedRaftLogWorker (SegmentedRaftLogWorker.java:lambda$new$0(132)) - 8a96a672-7e2f-4b1c-ac1e-ddd5d18a6d5d-SegmentedRaftLogWorker:Storage Directory /workdir/hadoop-ozone/integration-test/target/test-dir/MiniOzoneClusterImpl-072ceacc-f14a-494c-b049-5b6ad59b8d93/datanode-0/data/ratis/4277a7d7-e1c2-4bc2-a78a-a52e20fb270c: flushIndex: setUnconditionally 0 -> -1
2019-09-19 08:58:23,530 [pool-27-thread-1] INFO  server.RaftServerConfigKeys (ConfUtils.java:logGet(43)) - raft.server.snapshot.auto.trigger.enabled = true (custom)
2019-09-19 08:58:23,531 [pool-27-thread-1] INFO  server.RaftServerConfigKeys (ConfUtils.java:logGet(43)) - raft.server.snapshot.auto.trigger.threshold = 10000 (custom)
2019-09-19 08:58:23,531 [pool-27-thread-1] INFO  server.RaftServerConfigKeys (ConfUtils.java:logGet(43)) - raft.server.retrycache.expirytime = 600000ms (custom)
2019-09-19 08:58:23,552 [pool-27-thread-1] INFO  impl.RaftServerImpl (RaftServerImpl.java:start(180)) - 8a96a672-7e2f-4b1c-ac1e-ddd5d18a6d5d: start group-A52E20FB270C
2019-09-19 08:58:23,553 [pool-27-thread-1] INFO  impl.RaftServerImpl (RaftServerImpl.java:setRole(171)) - 8a96a672-7e2f-4b1c-ac1e-ddd5d18a6d5d:group-A52E20FB270C changes role from null to FOLLOWER at term 0 for startAsFollower
2019-09-19 08:58:23,554 [pool-27-thread-1] INFO  impl.RoleInfo (RoleInfo.java:updateAndGet(143)) - 8a96a672-7e2f-4b1c-ac1e-ddd5d18a6d5d: start FollowerState
2019-09-19 08:58:23,556 [pool-27-thread-1] INFO  util.JmxRegister (JmxRegister.java:tryRegister(44)) - Successfully registered JMX Bean with object name Ratis:service=RaftServer,group=group-A52E20FB270C,id=8a96a672-7e2f-4b1c-ac1e-ddd5d18a6d5d
2019-09-19 08:58:23,616 [IPC Server handler 12 on 46069] INFO  net.NetworkTopology (NetworkTopologyImpl.java:add(110)) - Added a new node: /default-rack/cd77464f-7686-4dc7-8332-533cdc56da6b
2019-09-19 08:58:23,619 [IPC Server handler 12 on 46069] INFO  node.SCMNodeManager (SCMNodeManager.java:register(273)) - Registered Data node : cd77464f-7686-4dc7-8332-533cdc56da6b{ip: 192.168.34.5, host: pr-hdds-1569-j4bt4-3030777008, networkLocation: /default-rack, certSerialId: null}
2019-09-19 08:58:23,619 | INFO  | SCMAudit | user=jenkins1000 | ip=192.168.34.5 | op=REGISTER {datanodeDetails=cd77464f-7686-4dc7-8332-533cdc56da6b{ip: 192.168.34.5, host: pr-hdds-1569-j4bt4-3030777008, networkLocation: /default-rack, certSerialId: null}} | ret=SUCCESS |  
2019-09-19 08:58:23,628 [RatisPipelineUtilsThread] INFO  pipeline.PipelineStateManager (PipelineStateManager.java:addPipeline(56)) - Created pipeline Pipeline[ Id: 4277a7d7-e1c2-4bc2-a78a-a52e20fb270c, Nodes: 8a96a672-7e2f-4b1c-ac1e-ddd5d18a6d5d{ip: 192.168.34.5, host: pr-hdds-1569-j4bt4-3030777008, networkLocation: /default-rack, certSerialId: null}, Type:RATIS, Factor:ONE, State:OPEN]
2019-09-19 08:58:23,671 [grpc-default-executor-0] INFO  impl.RaftServerProxy (RaftServerProxy.java:addNew(89)) - 356a349a-c9c9-49f9-a5b1-196804736fbc: addNew group-1681E1107208:[356a349a-c9c9-49f9-a5b1-196804736fbc:192.168.34.5:46709] returns group-1681E1107208:java.util.concurrent.CompletableFuture@28803e0[Not completed]
2019-09-19 08:58:23,740 [pool-38-thread-1] INFO  impl.RaftServerImpl (RaftServerImpl.java:<init>(93)) - 356a349a-c9c9-49f9-a5b1-196804736fbc: new RaftServerImpl for group-1681E1107208:[356a349a-c9c9-49f9-a5b1-196804736fbc:192.168.34.5:46709] with ContainerStateMachine:uninitialized
2019-09-19 08:58:23,741 [pool-38-thread-1] INFO  server.RaftServerConfigKeys (ConfUtils.java:logGet(43)) - raft.server.rpc.timeout.min = 1s (custom)
2019-09-19 08:58:23,742 [pool-38-thread-1] INFO  server.RaftServerConfigKeys (ConfUtils.java:logGet(43)) - raft.server.rpc.timeout.max = 1200ms (custom)
2019-09-19 08:58:23,742 [pool-38-thread-1] INFO  server.RaftServerConfigKeys (ConfUtils.java:logGet(43)) - raft.server.rpcslowness.timeout = 120s (custom)
2019-09-19 08:58:23,742 [pool-38-thread-1] INFO  server.RaftServerConfigKeys (ConfUtils.java:logGet(43)) - raft.server.sleep.deviation.threshold = 300 (default)
2019-09-19 08:58:23,742 [pool-38-thread-1] INFO  server.RaftServerConfigKeys (ConfUtils.java:logGet(43)) - raft.server.log.appender.install.snapshot.enabled = false (custom)
2019-09-19 08:58:23,742 [pool-38-thread-1] INFO  impl.RaftServerImpl (ServerState.java:<init>(105)) - 356a349a-c9c9-49f9-a5b1-196804736fbc:group-1681E1107208 ConfigurationManager, init=-1: [356a349a-c9c9-49f9-a5b1-196804736fbc:192.168.34.5:46709], old=null, confs=<EMPTY_MAP>
2019-09-19 08:58:23,742 [pool-38-thread-1] INFO  server.RaftServerConfigKeys (ConfUtils.java:logGet(43)) - raft.server.storage.dir = [/workdir/hadoop-ozone/integration-test/target/test-dir/MiniOzoneClusterImpl-072ceacc-f14a-494c-b049-5b6ad59b8d93/datanode-1/data/ratis] (custom)
2019-09-19 08:58:23,743 [pool-38-thread-1] INFO  storage.RaftStorageDirectory (RaftStorageDirectory.java:analyzeStorage(246)) - The storage directory /workdir/hadoop-ozone/integration-test/target/test-dir/MiniOzoneClusterImpl-072ceacc-f14a-494c-b049-5b6ad59b8d93/datanode-1/data/ratis/b3c5876e-e14b-41e2-9e8e-1681e1107208 does not exist. Creating ...
2019-09-19 08:58:23,757 [pool-38-thread-1] INFO  storage.RaftStorageDirectory (RaftStorageDirectory.java:tryLock(328)) - Lock on /workdir/hadoop-ozone/integration-test/target/test-dir/MiniOzoneClusterImpl-072ceacc-f14a-494c-b049-5b6ad59b8d93/datanode-1/data/ratis/b3c5876e-e14b-41e2-9e8e-1681e1107208/in_use.lock acquired by nodename 8013@pr-hdds-1569-j4bt4-3030777008
2019-09-19 08:58:23,770 [pool-38-thread-1] INFO  storage.RaftStorage (RaftStorage.java:format(72)) - Storage directory /workdir/hadoop-ozone/integration-test/target/test-dir/MiniOzoneClusterImpl-072ceacc-f14a-494c-b049-5b6ad59b8d93/datanode-1/data/ratis/b3c5876e-e14b-41e2-9e8e-1681e1107208 has been successfully formatted.
2019-09-19 08:58:23,772 [pool-38-thread-1] INFO  ratis.ContainerStateMachine (ContainerStateMachine.java:loadSnapshot(226)) - group-1681E1107208: The snapshot info is null. Setting the last applied indexto:(t:0, i:~)
2019-09-19 08:58:23,773 [pool-38-thread-1] INFO  server.RaftServerConfigKeys (ConfUtils.java:logGet(43)) - raft.server.leader.election.timeout = 120s (custom)
2019-09-19 08:58:23,773 [pool-38-thread-1] INFO  server.RaftServerConfigKeys (ConfUtils.java:logGet(43)) - raft.server.log.use.memory = false (default)
2019-09-19 08:58:23,773 [pool-38-thread-1] INFO  server.RaftServerConfigKeys (ConfUtils.java:logGet(43)) - raft.server.log.purge.gap = 1000000 (custom)
2019-09-19 08:58:23,774 [pool-38-thread-1] INFO  server.RaftServerConfigKeys (ConfUtils.java:logGet(43)) - raft.server.log.appender.buffer.byte-limit = 33554432 (custom)
2019-09-19 08:58:23,774 [pool-38-thread-1] INFO  server.RaftServerConfigKeys (ConfUtils.java:logGet(43)) - raft.server.log.segment.size.max = 1048576 (custom)
2019-09-19 08:58:23,774 [pool-38-thread-1] INFO  server.RaftServerConfigKeys (ConfUtils.java:logGet(43)) - raft.server.log.segment.cache.num.max = 2 (custom)
2019-09-19 08:58:23,774 [pool-38-thread-1] INFO  segmented.SegmentedRaftLogWorker (SegmentedRaftLogWorker.java:<init>(172)) - new 356a349a-c9c9-49f9-a5b1-196804736fbc-SegmentedRaftLogWorker:Storage Directory /workdir/hadoop-ozone/integration-test/target/test-dir/MiniOzoneClusterImpl-072ceacc-f14a-494c-b049-5b6ad59b8d93/datanode-1/data/ratis/b3c5876e-e14b-41e2-9e8e-1681e1107208 for RaftStorage:Storage Directory /workdir/hadoop-ozone/integration-test/target/test-dir/MiniOzoneClusterImpl-072ceacc-f14a-494c-b049-5b6ad59b8d93/datanode-1/data/ratis/b3c5876e-e14b-41e2-9e8e-1681e1107208
2019-09-19 08:58:23,775 [pool-38-thread-1] INFO  server.RaftServerConfigKeys (ConfUtils.java:logGet(43)) - raft.server.log.queue.byte-limit = 2147483647 (custom)
2019-09-19 08:58:23,775 [pool-38-thread-1] INFO  server.RaftServerConfigKeys (ConfUtils.java:logGet(43)) - raft.server.log.queue.element-limit = 1024 (custom)
2019-09-19 08:58:23,776 [pool-38-thread-1] INFO  server.RaftServerConfigKeys (ConfUtils.java:logGet(43)) - raft.server.log.segment.size.max = 1048576 (custom)
2019-09-19 08:58:23,776 [pool-38-thread-1] INFO  server.RaftServerConfigKeys (ConfUtils.java:logGet(43)) - raft.server.log.preallocated.size = 16384 (custom)
2019-09-19 08:58:23,776 [pool-38-thread-1] INFO  server.RaftServerConfigKeys (ConfUtils.java:logGet(43)) - raft.server.log.write.buffer.size = 33554432 (custom)
2019-09-19 08:58:23,776 [pool-38-thread-1] INFO  server.RaftServerConfigKeys (ConfUtils.java:logGet(43)) - raft.server.log.force.sync.num = 128 (default)
2019-09-19 08:58:23,776 [pool-38-thread-1] INFO  server.RaftServerConfigKeys (ConfUtils.java:logGet(43)) - raft.server.log.statemachine.data.sync = true (default)
2019-09-19 08:58:23,776 [pool-38-thread-1] INFO  server.RaftServerConfigKeys (ConfUtils.java:logGet(43)) - raft.server.log.statemachine.data.sync.timeout = 10s (default)
2019-09-19 08:58:23,776 [pool-38-thread-1] INFO  server.RaftServerConfigKeys (ConfUtils.java:logGet(43)) - raft.server.log.statemachine.data.sync.timeout.retry = -1 (default)
2019-09-19 08:58:23,777 [pool-38-thread-1] INFO  server.RaftServerConfigKeys (ConfUtils.java:logGet(43)) - raft.server.log.statemachine.data.caching.enabled = true (custom)
2019-09-19 08:58:23,777 [pool-38-thread-1] INFO  segmented.SegmentedRaftLogWorker (SegmentedRaftLogWorker.java:lambda$new$0(132)) - 356a349a-c9c9-49f9-a5b1-196804736fbc-SegmentedRaftLogWorker:Storage Directory /workdir/hadoop-ozone/integration-test/target/test-dir/MiniOzoneClusterImpl-072ceacc-f14a-494c-b049-5b6ad59b8d93/datanode-1/data/ratis/b3c5876e-e14b-41e2-9e8e-1681e1107208: flushIndex: setUnconditionally 0 -> -1
2019-09-19 08:58:23,777 [pool-38-thread-1] INFO  server.RaftServerConfigKeys (ConfUtils.java:logGet(43)) - raft.server.snapshot.auto.trigger.enabled = true (custom)
2019-09-19 08:58:23,777 [pool-38-thread-1] INFO  server.RaftServerConfigKeys (ConfUtils.java:logGet(43)) - raft.server.snapshot.auto.trigger.threshold = 10000 (custom)
2019-09-19 08:58:23,777 [pool-38-thread-1] INFO  server.RaftServerConfigKeys (ConfUtils.java:logGet(43)) - raft.server.retrycache.expirytime = 600000ms (custom)
2019-09-19 08:58:23,778 [pool-38-thread-1] INFO  impl.RaftServerImpl (RaftServerImpl.java:start(180)) - 356a349a-c9c9-49f9-a5b1-196804736fbc: start group-1681E1107208
2019-09-19 08:58:23,778 [pool-38-thread-1] INFO  impl.RaftServerImpl (RaftServerImpl.java:setRole(171)) - 356a349a-c9c9-49f9-a5b1-196804736fbc:group-1681E1107208 changes role from null to FOLLOWER at term 0 for startAsFollower
2019-09-19 08:58:23,778 [pool-38-thread-1] INFO  impl.RoleInfo (RoleInfo.java:updateAndGet(143)) - 356a349a-c9c9-49f9-a5b1-196804736fbc: start FollowerState
2019-09-19 08:58:23,780 [pool-38-thread-1] INFO  util.JmxRegister (JmxRegister.java:tryRegister(44)) - Successfully registered JMX Bean with object name Ratis:service=RaftServer,group=group-1681E1107208,id=356a349a-c9c9-49f9-a5b1-196804736fbc
2019-09-19 08:58:23,794 [RatisPipelineUtilsThread] INFO  pipeline.PipelineStateManager (PipelineStateManager.java:addPipeline(56)) - Created pipeline Pipeline[ Id: b3c5876e-e14b-41e2-9e8e-1681e1107208, Nodes: 356a349a-c9c9-49f9-a5b1-196804736fbc{ip: 192.168.34.5, host: pr-hdds-1569-j4bt4-3030777008, networkLocation: /default-rack, certSerialId: null}, Type:RATIS, Factor:ONE, State:OPEN]
2019-09-19 08:58:23,816 [grpc-default-executor-0] INFO  impl.RaftServerProxy (RaftServerProxy.java:addNew(89)) - 8a96a672-7e2f-4b1c-ac1e-ddd5d18a6d5d: addNew group-6FDF181430D3:[8a96a672-7e2f-4b1c-ac1e-ddd5d18a6d5d:192.168.34.5:45218] returns group-6FDF181430D3:java.util.concurrent.CompletableFuture@55a4cbd4[Not completed]
2019-09-19 08:58:23,828 [pool-27-thread-1] INFO  impl.RaftServerImpl (RaftServerImpl.java:<init>(93)) - 8a96a672-7e2f-4b1c-ac1e-ddd5d18a6d5d: new RaftServerImpl for group-6FDF181430D3:[8a96a672-7e2f-4b1c-ac1e-ddd5d18a6d5d:192.168.34.5:45218] with ContainerStateMachine:uninitialized
2019-09-19 08:58:23,828 [pool-27-thread-1] INFO  server.RaftServerConfigKeys (ConfUtils.java:logGet(43)) - raft.server.rpc.timeout.min = 1s (custom)
2019-09-19 08:58:23,828 [pool-27-thread-1] INFO  server.RaftServerConfigKeys (ConfUtils.java:logGet(43)) - raft.server.rpc.timeout.max = 1200ms (custom)
2019-09-19 08:58:23,830 [pool-27-thread-1] INFO  server.RaftServerConfigKeys (ConfUtils.java:logGet(43)) - raft.server.rpcslowness.timeout = 120s (custom)
2019-09-19 08:58:23,830 [pool-27-thread-1] INFO  server.RaftServerConfigKeys (ConfUtils.java:logGet(43)) - raft.server.sleep.deviation.threshold = 300 (default)
2019-09-19 08:58:23,830 [pool-27-thread-1] INFO  server.RaftServerConfigKeys (ConfUtils.java:logGet(43)) - raft.server.log.appender.install.snapshot.enabled = false (custom)
2019-09-19 08:58:23,830 [pool-27-thread-1] INFO  impl.RaftServerImpl (ServerState.java:<init>(105)) - 8a96a672-7e2f-4b1c-ac1e-ddd5d18a6d5d:group-6FDF181430D3 ConfigurationManager, init=-1: [8a96a672-7e2f-4b1c-ac1e-ddd5d18a6d5d:192.168.34.5:45218], old=null, confs=<EMPTY_MAP>
2019-09-19 08:58:23,830 [pool-27-thread-1] INFO  server.RaftServerConfigKeys (ConfUtils.java:logGet(43)) - raft.server.storage.dir = [/workdir/hadoop-ozone/integration-test/target/test-dir/MiniOzoneClusterImpl-072ceacc-f14a-494c-b049-5b6ad59b8d93/datanode-0/data/ratis] (custom)
2019-09-19 08:58:23,830 [IPC Server handler 1 on 46069] INFO  net.NetworkTopology (NetworkTopologyImpl.java:add(110)) - Added a new node: /default-rack/275daa4b-3482-4b8e-b64e-92089e0536ae
2019-09-19 08:58:23,830 [pool-27-thread-1] INFO  storage.RaftStorageDirectory (RaftStorageDirectory.java:analyzeStorage(246)) - The storage directory /workdir/hadoop-ozone/integration-test/target/test-dir/MiniOzoneClusterImpl-072ceacc-f14a-494c-b049-5b6ad59b8d93/datanode-0/data/ratis/9d3b2d65-7677-4c7e-acd3-6fdf181430d3 does not exist. Creating ...
2019-09-19 08:58:23,830 [IPC Server handler 1 on 46069] INFO  node.SCMNodeManager (SCMNodeManager.java:register(273)) - Registered Data node : 275daa4b-3482-4b8e-b64e-92089e0536ae{ip: 192.168.34.5, host: pr-hdds-1569-j4bt4-3030777008, networkLocation: /default-rack, certSerialId: null}
2019-09-19 08:58:23,831 | INFO  | SCMAudit | user=jenkins1000 | ip=192.168.34.5 | op=REGISTER {datanodeDetails=275daa4b-3482-4b8e-b64e-92089e0536ae{ip: 192.168.34.5, host: pr-hdds-1569-j4bt4-3030777008, networkLocation: /default-rack, certSerialId: null}} | ret=SUCCESS |  
2019-09-19 08:58:23,843 [pool-27-thread-1] INFO  storage.RaftStorageDirectory (RaftStorageDirectory.java:tryLock(328)) - Lock on /workdir/hadoop-ozone/integration-test/target/test-dir/MiniOzoneClusterImpl-072ceacc-f14a-494c-b049-5b6ad59b8d93/datanode-0/data/ratis/9d3b2d65-7677-4c7e-acd3-6fdf181430d3/in_use.lock acquired by nodename 8013@pr-hdds-1569-j4bt4-3030777008
2019-09-19 08:58:23,856 [pool-27-thread-1] INFO  storage.RaftStorage (RaftStorage.java:format(72)) - Storage directory /workdir/hadoop-ozone/integration-test/target/test-dir/MiniOzoneClusterImpl-072ceacc-f14a-494c-b049-5b6ad59b8d93/datanode-0/data/ratis/9d3b2d65-7677-4c7e-acd3-6fdf181430d3 has been successfully formatted.
2019-09-19 08:58:23,856 [pool-27-thread-1] INFO  ratis.ContainerStateMachine (ContainerStateMachine.java:loadSnapshot(226)) - group-6FDF181430D3: The snapshot info is null. Setting the last applied indexto:(t:0, i:~)
2019-09-19 08:58:23,856 [pool-27-thread-1] INFO  server.RaftServerConfigKeys (ConfUtils.java:logGet(43)) - raft.server.leader.election.timeout = 120s (custom)
2019-09-19 08:58:23,856 [pool-27-thread-1] INFO  server.RaftServerConfigKeys (ConfUtils.java:logGet(43)) - raft.server.log.use.memory = false (default)
2019-09-19 08:58:23,856 [pool-27-thread-1] INFO  server.RaftServerConfigKeys (ConfUtils.java:logGet(43)) - raft.server.log.purge.gap = 1000000 (custom)
2019-09-19 08:58:23,856 [pool-27-thread-1] INFO  server.RaftServerConfigKeys (ConfUtils.java:logGet(43)) - raft.server.log.appender.buffer.byte-limit = 33554432 (custom)
2019-09-19 08:58:23,857 [pool-27-thread-1] INFO  server.RaftServerConfigKeys (ConfUtils.java:logGet(43)) - raft.server.log.segment.size.max = 1048576 (custom)
2019-09-19 08:58:23,857 [pool-27-thread-1] INFO  server.RaftServerConfigKeys (ConfUtils.java:logGet(43)) - raft.server.log.segment.cache.num.max = 2 (custom)
2019-09-19 08:58:23,857 [pool-27-thread-1] INFO  segmented.SegmentedRaftLogWorker (SegmentedRaftLogWorker.java:<init>(172)) - new 8a96a672-7e2f-4b1c-ac1e-ddd5d18a6d5d-SegmentedRaftLogWorker:Storage Directory /workdir/hadoop-ozone/integration-test/target/test-dir/MiniOzoneClusterImpl-072ceacc-f14a-494c-b049-5b6ad59b8d93/datanode-0/data/ratis/9d3b2d65-7677-4c7e-acd3-6fdf181430d3 for RaftStorage:Storage Directory /workdir/hadoop-ozone/integration-test/target/test-dir/MiniOzoneClusterImpl-072ceacc-f14a-494c-b049-5b6ad59b8d93/datanode-0/data/ratis/9d3b2d65-7677-4c7e-acd3-6fdf181430d3
2019-09-19 08:58:23,857 [pool-27-thread-1] INFO  server.RaftServerConfigKeys (ConfUtils.java:logGet(43)) - raft.server.log.queue.byte-limit = 2147483647 (custom)
2019-09-19 08:58:23,857 [pool-27-thread-1] INFO  server.RaftServerConfigKeys (ConfUtils.java:logGet(43)) - raft.server.log.queue.element-limit = 1024 (custom)
2019-09-19 08:58:23,857 [pool-27-thread-1] INFO  server.RaftServerConfigKeys (ConfUtils.java:logGet(43)) - raft.server.log.segment.size.max = 1048576 (custom)
2019-09-19 08:58:23,857 [pool-27-thread-1] INFO  server.RaftServerConfigKeys (ConfUtils.java:logGet(43)) - raft.server.log.preallocated.size = 16384 (custom)
2019-09-19 08:58:23,858 [pool-27-thread-1] INFO  server.RaftServerConfigKeys (ConfUtils.java:logGet(43)) - raft.server.log.write.buffer.size = 33554432 (custom)
2019-09-19 08:58:23,858 [pool-27-thread-1] INFO  server.RaftServerConfigKeys (ConfUtils.java:logGet(43)) - raft.server.log.force.sync.num = 128 (default)
2019-09-19 08:58:23,858 [pool-27-thread-1] INFO  server.RaftServerConfigKeys (ConfUtils.java:logGet(43)) - raft.server.log.statemachine.data.sync = true (default)
2019-09-19 08:58:23,858 [pool-27-thread-1] INFO  server.RaftServerConfigKeys (ConfUtils.java:logGet(43)) - raft.server.log.statemachine.data.sync.timeout = 10s (default)
2019-09-19 08:58:23,858 [pool-27-thread-1] INFO  server.RaftServerConfigKeys (ConfUtils.java:logGet(43)) - raft.server.log.statemachine.data.sync.timeout.retry = -1 (default)
2019-09-19 08:58:23,858 [pool-27-thread-1] INFO  server.RaftServerConfigKeys (ConfUtils.java:logGet(43)) - raft.server.log.statemachine.data.caching.enabled = true (custom)
2019-09-19 08:58:23,859 [pool-27-thread-1] INFO  segmented.SegmentedRaftLogWorker (SegmentedRaftLogWorker.java:lambda$new$0(132)) - 8a96a672-7e2f-4b1c-ac1e-ddd5d18a6d5d-SegmentedRaftLogWorker:Storage Directory /workdir/hadoop-ozone/integration-test/target/test-dir/MiniOzoneClusterImpl-072ceacc-f14a-494c-b049-5b6ad59b8d93/datanode-0/data/ratis/9d3b2d65-7677-4c7e-acd3-6fdf181430d3: flushIndex: setUnconditionally 0 -> -1
2019-09-19 08:58:23,859 [pool-27-thread-1] INFO  server.RaftServerConfigKeys (ConfUtils.java:logGet(43)) - raft.server.snapshot.auto.trigger.enabled = true (custom)
2019-09-19 08:58:23,859 [pool-27-thread-1] INFO  server.RaftServerConfigKeys (ConfUtils.java:logGet(43)) - raft.server.snapshot.auto.trigger.threshold = 10000 (custom)
2019-09-19 08:58:23,859 [pool-27-thread-1] INFO  server.RaftServerConfigKeys (ConfUtils.java:logGet(43)) - raft.server.retrycache.expirytime = 600000ms (custom)
2019-09-19 08:58:23,859 [pool-27-thread-1] INFO  impl.RaftServerImpl (RaftServerImpl.java:start(180)) - 8a96a672-7e2f-4b1c-ac1e-ddd5d18a6d5d: start group-6FDF181430D3
2019-09-19 08:58:23,859 [pool-27-thread-1] INFO  impl.RaftServerImpl (RaftServerImpl.java:setRole(171)) - 8a96a672-7e2f-4b1c-ac1e-ddd5d18a6d5d:group-6FDF181430D3 changes role from null to FOLLOWER at term 0 for startAsFollower
2019-09-19 08:58:23,859 [pool-27-thread-1] INFO  impl.RoleInfo (RoleInfo.java:updateAndGet(143)) - 8a96a672-7e2f-4b1c-ac1e-ddd5d18a6d5d: start FollowerState
2019-09-19 08:58:23,860 [pool-27-thread-1] INFO  util.JmxRegister (JmxRegister.java:tryRegister(44)) - Successfully registered JMX Bean with object name Ratis:service=RaftServer,group=group-6FDF181430D3,id=8a96a672-7e2f-4b1c-ac1e-ddd5d18a6d5d
2019-09-19 08:58:23,871 [RatisPipelineUtilsThread] INFO  pipeline.PipelineStateManager (PipelineStateManager.java:addPipeline(56)) - Created pipeline Pipeline[ Id: 9d3b2d65-7677-4c7e-acd3-6fdf181430d3, Nodes: 8a96a672-7e2f-4b1c-ac1e-ddd5d18a6d5d{ip: 192.168.34.5, host: pr-hdds-1569-j4bt4-3030777008, networkLocation: /default-rack, certSerialId: null}, Type:RATIS, Factor:ONE, State:OPEN]
2019-09-19 08:58:23,889 [grpc-default-executor-0] INFO  impl.RaftServerProxy (RaftServerProxy.java:addNew(89)) - d611bba7-fcef-48db-9a8e-14e1bb825cd8: addNew group-A5129030AA95:[d611bba7-fcef-48db-9a8e-14e1bb825cd8:192.168.34.5:34044] returns group-A5129030AA95:java.util.concurrent.CompletableFuture@71be31f2[Not completed]
2019-09-19 08:58:23,893 [pool-49-thread-1] INFO  impl.RaftServerImpl (RaftServerImpl.java:<init>(93)) - d611bba7-fcef-48db-9a8e-14e1bb825cd8: new RaftServerImpl for group-A5129030AA95:[d611bba7-fcef-48db-9a8e-14e1bb825cd8:192.168.34.5:34044] with ContainerStateMachine:uninitialized
2019-09-19 08:58:23,893 [pool-49-thread-1] INFO  server.RaftServerConfigKeys (ConfUtils.java:logGet(43)) - raft.server.rpc.timeout.min = 1s (custom)
2019-09-19 08:58:23,893 [pool-49-thread-1] INFO  server.RaftServerConfigKeys (ConfUtils.java:logGet(43)) - raft.server.rpc.timeout.max = 1200ms (custom)
2019-09-19 08:58:23,893 [pool-49-thread-1] INFO  server.RaftServerConfigKeys (ConfUtils.java:logGet(43)) - raft.server.rpcslowness.timeout = 120s (custom)
2019-09-19 08:58:23,893 [pool-49-thread-1] INFO  server.RaftServerConfigKeys (ConfUtils.java:logGet(43)) - raft.server.sleep.deviation.threshold = 300 (default)
2019-09-19 08:58:23,893 [pool-49-thread-1] INFO  server.RaftServerConfigKeys (ConfUtils.java:logGet(43)) - raft.server.log.appender.install.snapshot.enabled = false (custom)
2019-09-19 08:58:23,894 [pool-49-thread-1] INFO  impl.RaftServerImpl (ServerState.java:<init>(105)) - d611bba7-fcef-48db-9a8e-14e1bb825cd8:group-A5129030AA95 ConfigurationManager, init=-1: [d611bba7-fcef-48db-9a8e-14e1bb825cd8:192.168.34.5:34044], old=null, confs=<EMPTY_MAP>
2019-09-19 08:58:23,894 [pool-49-thread-1] INFO  server.RaftServerConfigKeys (ConfUtils.java:logGet(43)) - raft.server.storage.dir = [/workdir/hadoop-ozone/integration-test/target/test-dir/MiniOzoneClusterImpl-072ceacc-f14a-494c-b049-5b6ad59b8d93/datanode-2/data/ratis] (custom)
2019-09-19 08:58:23,894 [pool-49-thread-1] INFO  storage.RaftStorageDirectory (RaftStorageDirectory.java:analyzeStorage(246)) - The storage directory /workdir/hadoop-ozone/integration-test/target/test-dir/MiniOzoneClusterImpl-072ceacc-f14a-494c-b049-5b6ad59b8d93/datanode-2/data/ratis/fb65c901-0052-4d0a-a87f-a5129030aa95 does not exist. Creating ...
2019-09-19 08:58:23,907 [pool-49-thread-1] INFO  storage.RaftStorageDirectory (RaftStorageDirectory.java:tryLock(328)) - Lock on /workdir/hadoop-ozone/integration-test/target/test-dir/MiniOzoneClusterImpl-072ceacc-f14a-494c-b049-5b6ad59b8d93/datanode-2/data/ratis/fb65c901-0052-4d0a-a87f-a5129030aa95/in_use.lock acquired by nodename 8013@pr-hdds-1569-j4bt4-3030777008
2019-09-19 08:58:23,920 [pool-49-thread-1] INFO  storage.RaftStorage (RaftStorage.java:format(72)) - Storage directory /workdir/hadoop-ozone/integration-test/target/test-dir/MiniOzoneClusterImpl-072ceacc-f14a-494c-b049-5b6ad59b8d93/datanode-2/data/ratis/fb65c901-0052-4d0a-a87f-a5129030aa95 has been successfully formatted.
2019-09-19 08:58:23,920 [pool-49-thread-1] INFO  ratis.ContainerStateMachine (ContainerStateMachine.java:loadSnapshot(226)) - group-A5129030AA95: The snapshot info is null. Setting the last applied indexto:(t:0, i:~)
2019-09-19 08:58:23,920 [pool-49-thread-1] INFO  server.RaftServerConfigKeys (ConfUtils.java:logGet(43)) - raft.server.leader.election.timeout = 120s (custom)
2019-09-19 08:58:23,920 [pool-49-thread-1] INFO  server.RaftServerConfigKeys (ConfUtils.java:logGet(43)) - raft.server.log.use.memory = false (default)
2019-09-19 08:58:23,920 [pool-49-thread-1] INFO  server.RaftServerConfigKeys (ConfUtils.java:logGet(43)) - raft.server.log.purge.gap = 1000000 (custom)
2019-09-19 08:58:23,920 [pool-49-thread-1] INFO  server.RaftServerConfigKeys (ConfUtils.java:logGet(43)) - raft.server.log.appender.buffer.byte-limit = 33554432 (custom)
2019-09-19 08:58:23,920 [pool-49-thread-1] INFO  server.RaftServerConfigKeys (ConfUtils.java:logGet(43)) - raft.server.log.segment.size.max = 1048576 (custom)
2019-09-19 08:58:23,921 [pool-49-thread-1] INFO  server.RaftServerConfigKeys (ConfUtils.java:logGet(43)) - raft.server.log.segment.cache.num.max = 2 (custom)
2019-09-19 08:58:23,921 [pool-49-thread-1] INFO  segmented.SegmentedRaftLogWorker (SegmentedRaftLogWorker.java:<init>(172)) - new d611bba7-fcef-48db-9a8e-14e1bb825cd8-SegmentedRaftLogWorker:Storage Directory /workdir/hadoop-ozone/integration-test/target/test-dir/MiniOzoneClusterImpl-072ceacc-f14a-494c-b049-5b6ad59b8d93/datanode-2/data/ratis/fb65c901-0052-4d0a-a87f-a5129030aa95 for RaftStorage:Storage Directory /workdir/hadoop-ozone/integration-test/target/test-dir/MiniOzoneClusterImpl-072ceacc-f14a-494c-b049-5b6ad59b8d93/datanode-2/data/ratis/fb65c901-0052-4d0a-a87f-a5129030aa95
2019-09-19 08:58:23,921 [pool-49-thread-1] INFO  server.RaftServerConfigKeys (ConfUtils.java:logGet(43)) - raft.server.log.queue.byte-limit = 2147483647 (custom)
2019-09-19 08:58:23,921 [pool-49-thread-1] INFO  server.RaftServerConfigKeys (ConfUtils.java:logGet(43)) - raft.server.log.queue.element-limit = 1024 (custom)
2019-09-19 08:58:23,921 [pool-49-thread-1] INFO  server.RaftServerConfigKeys (ConfUtils.java:logGet(43)) - raft.server.log.segment.size.max = 1048576 (custom)
2019-09-19 08:58:23,921 [pool-49-thread-1] INFO  server.RaftServerConfigKeys (ConfUtils.java:logGet(43)) - raft.server.log.preallocated.size = 16384 (custom)
2019-09-19 08:58:23,922 [pool-49-thread-1] INFO  server.RaftServerConfigKeys (ConfUtils.java:logGet(43)) - raft.server.log.write.buffer.size = 33554432 (custom)
2019-09-19 08:58:23,922 [pool-49-thread-1] INFO  server.RaftServerConfigKeys (ConfUtils.java:logGet(43)) - raft.server.log.force.sync.num = 128 (default)
2019-09-19 08:58:23,922 [pool-49-thread-1] INFO  server.RaftServerConfigKeys (ConfUtils.java:logGet(43)) - raft.server.log.statemachine.data.sync = true (default)
2019-09-19 08:58:23,922 [pool-49-thread-1] INFO  server.RaftServerConfigKeys (ConfUtils.java:logGet(43)) - raft.server.log.statemachine.data.sync.timeout = 10s (default)
2019-09-19 08:58:23,922 [pool-49-thread-1] INFO  server.RaftServerConfigKeys (ConfUtils.java:logGet(43)) - raft.server.log.statemachine.data.sync.timeout.retry = -1 (default)
2019-09-19 08:58:23,922 [pool-49-thread-1] INFO  server.RaftServerConfigKeys (ConfUtils.java:logGet(43)) - raft.server.log.statemachine.data.caching.enabled = true (custom)
2019-09-19 08:58:23,923 [pool-49-thread-1] INFO  segmented.SegmentedRaftLogWorker (SegmentedRaftLogWorker.java:lambda$new$0(132)) - d611bba7-fcef-48db-9a8e-14e1bb825cd8-SegmentedRaftLogWorker:Storage Directory /workdir/hadoop-ozone/integration-test/target/test-dir/MiniOzoneClusterImpl-072ceacc-f14a-494c-b049-5b6ad59b8d93/datanode-2/data/ratis/fb65c901-0052-4d0a-a87f-a5129030aa95: flushIndex: setUnconditionally 0 -> -1
2019-09-19 08:58:23,923 [pool-49-thread-1] INFO  server.RaftServerConfigKeys (ConfUtils.java:logGet(43)) - raft.server.snapshot.auto.trigger.enabled = true (custom)
2019-09-19 08:58:23,923 [pool-49-thread-1] INFO  server.RaftServerConfigKeys (ConfUtils.java:logGet(43)) - raft.server.snapshot.auto.trigger.threshold = 10000 (custom)
2019-09-19 08:58:23,923 [pool-49-thread-1] INFO  server.RaftServerConfigKeys (ConfUtils.java:logGet(43)) - raft.server.retrycache.expirytime = 600000ms (custom)
2019-09-19 08:58:23,923 [pool-49-thread-1] INFO  impl.RaftServerImpl (RaftServerImpl.java:start(180)) - d611bba7-fcef-48db-9a8e-14e1bb825cd8: start group-A5129030AA95
2019-09-19 08:58:23,923 [pool-49-thread-1] INFO  impl.RaftServerImpl (RaftServerImpl.java:setRole(171)) - d611bba7-fcef-48db-9a8e-14e1bb825cd8:group-A5129030AA95 changes role from null to FOLLOWER at term 0 for startAsFollower
2019-09-19 08:58:23,923 [pool-49-thread-1] INFO  impl.RoleInfo (RoleInfo.java:updateAndGet(143)) - d611bba7-fcef-48db-9a8e-14e1bb825cd8: start FollowerState
2019-09-19 08:58:23,924 [pool-49-thread-1] INFO  util.JmxRegister (JmxRegister.java:tryRegister(44)) - Successfully registered JMX Bean with object name Ratis:service=RaftServer,group=group-A5129030AA95,id=d611bba7-fcef-48db-9a8e-14e1bb825cd8
2019-09-19 08:58:23,943 [RatisPipelineUtilsThread] INFO  pipeline.PipelineStateManager (PipelineStateManager.java:addPipeline(56)) - Created pipeline Pipeline[ Id: fb65c901-0052-4d0a-a87f-a5129030aa95, Nodes: d611bba7-fcef-48db-9a8e-14e1bb825cd8{ip: 192.168.34.5, host: pr-hdds-1569-j4bt4-3030777008, networkLocation: /default-rack, certSerialId: null}, Type:RATIS, Factor:ONE, State:OPEN]
2019-09-19 08:58:23,957 [grpc-default-executor-0] INFO  impl.RaftServerProxy (RaftServerProxy.java:addNew(89)) - 59afcdb3-7cd7-47ef-abfa-eabf405042f7: addNew group-664AEE156342:[59afcdb3-7cd7-47ef-abfa-eabf405042f7:192.168.34.5:36202] returns group-664AEE156342:java.util.concurrent.CompletableFuture@6c92f9b3[Not completed]
2019-09-19 08:58:23,962 [pool-71-thread-1] INFO  impl.RaftServerImpl (RaftServerImpl.java:<init>(93)) - 59afcdb3-7cd7-47ef-abfa-eabf405042f7: new RaftServerImpl for group-664AEE156342:[59afcdb3-7cd7-47ef-abfa-eabf405042f7:192.168.34.5:36202] with ContainerStateMachine:uninitialized
2019-09-19 08:58:23,962 [pool-71-thread-1] INFO  server.RaftServerConfigKeys (ConfUtils.java:logGet(43)) - raft.server.rpc.timeout.min = 1s (custom)
2019-09-19 08:58:23,962 [pool-71-thread-1] INFO  server.RaftServerConfigKeys (ConfUtils.java:logGet(43)) - raft.server.rpc.timeout.max = 1200ms (custom)
2019-09-19 08:58:23,962 [pool-71-thread-1] INFO  server.RaftServerConfigKeys (ConfUtils.java:logGet(43)) - raft.server.rpcslowness.timeout = 120s (custom)
2019-09-19 08:58:23,962 [pool-71-thread-1] INFO  server.RaftServerConfigKeys (ConfUtils.java:logGet(43)) - raft.server.sleep.deviation.threshold = 300 (default)
2019-09-19 08:58:23,962 [pool-71-thread-1] INFO  server.RaftServerConfigKeys (ConfUtils.java:logGet(43)) - raft.server.log.appender.install.snapshot.enabled = false (custom)
2019-09-19 08:58:23,962 [pool-71-thread-1] INFO  impl.RaftServerImpl (ServerState.java:<init>(105)) - 59afcdb3-7cd7-47ef-abfa-eabf405042f7:group-664AEE156342 ConfigurationManager, init=-1: [59afcdb3-7cd7-47ef-abfa-eabf405042f7:192.168.34.5:36202], old=null, confs=<EMPTY_MAP>
2019-09-19 08:58:23,962 [pool-71-thread-1] INFO  server.RaftServerConfigKeys (ConfUtils.java:logGet(43)) - raft.server.storage.dir = [/workdir/hadoop-ozone/integration-test/target/test-dir/MiniOzoneClusterImpl-072ceacc-f14a-494c-b049-5b6ad59b8d93/datanode-4/data/ratis] (custom)
2019-09-19 08:58:23,963 [pool-71-thread-1] INFO  storage.RaftStorageDirectory (RaftStorageDirectory.java:analyzeStorage(246)) - The storage directory /workdir/hadoop-ozone/integration-test/target/test-dir/MiniOzoneClusterImpl-072ceacc-f14a-494c-b049-5b6ad59b8d93/datanode-4/data/ratis/fbaaf8e8-b17f-41e5-86b8-664aee156342 does not exist. Creating ...
2019-09-19 08:58:23,975 [pool-71-thread-1] INFO  storage.RaftStorageDirectory (RaftStorageDirectory.java:tryLock(328)) - Lock on /workdir/hadoop-ozone/integration-test/target/test-dir/MiniOzoneClusterImpl-072ceacc-f14a-494c-b049-5b6ad59b8d93/datanode-4/data/ratis/fbaaf8e8-b17f-41e5-86b8-664aee156342/in_use.lock acquired by nodename 8013@pr-hdds-1569-j4bt4-3030777008
2019-09-19 08:58:23,988 [pool-71-thread-1] INFO  storage.RaftStorage (RaftStorage.java:format(72)) - Storage directory /workdir/hadoop-ozone/integration-test/target/test-dir/MiniOzoneClusterImpl-072ceacc-f14a-494c-b049-5b6ad59b8d93/datanode-4/data/ratis/fbaaf8e8-b17f-41e5-86b8-664aee156342 has been successfully formatted.
2019-09-19 08:58:23,989 [pool-71-thread-1] INFO  ratis.ContainerStateMachine (ContainerStateMachine.java:loadSnapshot(226)) - group-664AEE156342: The snapshot info is null. Setting the last applied indexto:(t:0, i:~)
2019-09-19 08:58:23,989 [pool-71-thread-1] INFO  server.RaftServerConfigKeys (ConfUtils.java:logGet(43)) - raft.server.leader.election.timeout = 120s (custom)
2019-09-19 08:58:23,989 [pool-71-thread-1] INFO  server.RaftServerConfigKeys (ConfUtils.java:logGet(43)) - raft.server.log.use.memory = false (default)
2019-09-19 08:58:23,989 [pool-71-thread-1] INFO  server.RaftServerConfigKeys (ConfUtils.java:logGet(43)) - raft.server.log.purge.gap = 1000000 (custom)
2019-09-19 08:58:23,989 [pool-71-thread-1] INFO  server.RaftServerConfigKeys (ConfUtils.java:logGet(43)) - raft.server.log.appender.buffer.byte-limit = 33554432 (custom)
2019-09-19 08:58:23,989 [pool-71-thread-1] INFO  server.RaftServerConfigKeys (ConfUtils.java:logGet(43)) - raft.server.log.segment.size.max = 1048576 (custom)
2019-09-19 08:58:23,989 [pool-71-thread-1] INFO  server.RaftServerConfigKeys (ConfUtils.java:logGet(43)) - raft.server.log.segment.cache.num.max = 2 (custom)
2019-09-19 08:58:23,989 [pool-71-thread-1] INFO  segmented.SegmentedRaftLogWorker (SegmentedRaftLogWorker.java:<init>(172)) - new 59afcdb3-7cd7-47ef-abfa-eabf405042f7-SegmentedRaftLogWorker:Storage Directory /workdir/hadoop-ozone/integration-test/target/test-dir/MiniOzoneClusterImpl-072ceacc-f14a-494c-b049-5b6ad59b8d93/datanode-4/data/ratis/fbaaf8e8-b17f-41e5-86b8-664aee156342 for RaftStorage:Storage Directory /workdir/hadoop-ozone/integration-test/target/test-dir/MiniOzoneClusterImpl-072ceacc-f14a-494c-b049-5b6ad59b8d93/datanode-4/data/ratis/fbaaf8e8-b17f-41e5-86b8-664aee156342
2019-09-19 08:58:23,990 [pool-71-thread-1] INFO  server.RaftServerConfigKeys (ConfUtils.java:logGet(43)) - raft.server.log.queue.byte-limit = 2147483647 (custom)
2019-09-19 08:58:23,990 [pool-71-thread-1] INFO  server.RaftServerConfigKeys (ConfUtils.java:logGet(43)) - raft.server.log.queue.element-limit = 1024 (custom)
2019-09-19 08:58:23,990 [pool-71-thread-1] INFO  server.RaftServerConfigKeys (ConfUtils.java:logGet(43)) - raft.server.log.segment.size.max = 1048576 (custom)
2019-09-19 08:58:23,990 [pool-71-thread-1] INFO  server.RaftServerConfigKeys (ConfUtils.java:logGet(43)) - raft.server.log.preallocated.size = 16384 (custom)
2019-09-19 08:58:23,990 [pool-71-thread-1] INFO  server.RaftServerConfigKeys (ConfUtils.java:logGet(43)) - raft.server.log.write.buffer.size = 33554432 (custom)
2019-09-19 08:58:23,990 [pool-71-thread-1] INFO  server.RaftServerConfigKeys (ConfUtils.java:logGet(43)) - raft.server.log.force.sync.num = 128 (default)
2019-09-19 08:58:23,990 [pool-71-thread-1] INFO  server.RaftServerConfigKeys (ConfUtils.java:logGet(43)) - raft.server.log.statemachine.data.sync = true (default)
2019-09-19 08:58:23,990 [pool-71-thread-1] INFO  server.RaftServerConfigKeys (ConfUtils.java:logGet(43)) - raft.server.log.statemachine.data.sync.timeout = 10s (default)
2019-09-19 08:58:23,991 [pool-71-thread-1] INFO  server.RaftServerConfigKeys (ConfUtils.java:logGet(43)) - raft.server.log.statemachine.data.sync.timeout.retry = -1 (default)
2019-09-19 08:58:23,991 [pool-71-thread-1] INFO  server.RaftServerConfigKeys (ConfUtils.java:logGet(43)) - raft.server.log.statemachine.data.caching.enabled = true (custom)
2019-09-19 08:58:23,991 [pool-71-thread-1] INFO  segmented.SegmentedRaftLogWorker (SegmentedRaftLogWorker.java:lambda$new$0(132)) - 59afcdb3-7cd7-47ef-abfa-eabf405042f7-SegmentedRaftLogWorker:Storage Directory /workdir/hadoop-ozone/integration-test/target/test-dir/MiniOzoneClusterImpl-072ceacc-f14a-494c-b049-5b6ad59b8d93/datanode-4/data/ratis/fbaaf8e8-b17f-41e5-86b8-664aee156342: flushIndex: setUnconditionally 0 -> -1
2019-09-19 08:58:23,991 [pool-71-thread-1] INFO  server.RaftServerConfigKeys (ConfUtils.java:logGet(43)) - raft.server.snapshot.auto.trigger.enabled = true (custom)
2019-09-19 08:58:23,991 [pool-71-thread-1] INFO  server.RaftServerConfigKeys (ConfUtils.java:logGet(43)) - raft.server.snapshot.auto.trigger.threshold = 10000 (custom)
2019-09-19 08:58:23,992 [pool-71-thread-1] INFO  server.RaftServerConfigKeys (ConfUtils.java:logGet(43)) - raft.server.retrycache.expirytime = 600000ms (custom)
2019-09-19 08:58:23,992 [pool-71-thread-1] INFO  impl.RaftServerImpl (RaftServerImpl.java:start(180)) - 59afcdb3-7cd7-47ef-abfa-eabf405042f7: start group-664AEE156342
2019-09-19 08:58:23,992 [pool-71-thread-1] INFO  impl.RaftServerImpl (RaftServerImpl.java:setRole(171)) - 59afcdb3-7cd7-47ef-abfa-eabf405042f7:group-664AEE156342 changes role from null to FOLLOWER at term 0 for startAsFollower
2019-09-19 08:58:23,992 [pool-71-thread-1] INFO  impl.RoleInfo (RoleInfo.java:updateAndGet(143)) - 59afcdb3-7cd7-47ef-abfa-eabf405042f7: start FollowerState
2019-09-19 08:58:23,992 [pool-71-thread-1] INFO  util.JmxRegister (JmxRegister.java:tryRegister(44)) - Successfully registered JMX Bean with object name Ratis:service=RaftServer,group=group-664AEE156342,id=59afcdb3-7cd7-47ef-abfa-eabf405042f7
2019-09-19 08:58:24,002 [RatisPipelineUtilsThread] INFO  pipeline.PipelineStateManager (PipelineStateManager.java:addPipeline(56)) - Created pipeline Pipeline[ Id: fbaaf8e8-b17f-41e5-86b8-664aee156342, Nodes: 59afcdb3-7cd7-47ef-abfa-eabf405042f7{ip: 192.168.34.5, host: pr-hdds-1569-j4bt4-3030777008, networkLocation: /default-rack, certSerialId: null}, Type:RATIS, Factor:ONE, State:OPEN]
2019-09-19 08:58:24,019 [grpc-default-executor-0] INFO  impl.RaftServerProxy (RaftServerProxy.java:addNew(89)) - 356a349a-c9c9-49f9-a5b1-196804736fbc: addNew group-ECE3383F02EC:[356a349a-c9c9-49f9-a5b1-196804736fbc:192.168.34.5:46709] returns group-ECE3383F02EC:java.util.concurrent.CompletableFuture@5358c3f2[Not completed]
2019-09-19 08:58:24,020 [pool-38-thread-1] INFO  impl.RaftServerImpl (RaftServerImpl.java:<init>(93)) - 356a349a-c9c9-49f9-a5b1-196804736fbc: new RaftServerImpl for group-ECE3383F02EC:[356a349a-c9c9-49f9-a5b1-196804736fbc:192.168.34.5:46709] with ContainerStateMachine:uninitialized
2019-09-19 08:58:24,020 [pool-38-thread-1] INFO  server.RaftServerConfigKeys (ConfUtils.java:logGet(43)) - raft.server.rpc.timeout.min = 1s (custom)
2019-09-19 08:58:24,020 [pool-38-thread-1] INFO  server.RaftServerConfigKeys (ConfUtils.java:logGet(43)) - raft.server.rpc.timeout.max = 1200ms (custom)
2019-09-19 08:58:24,020 [pool-38-thread-1] INFO  server.RaftServerConfigKeys (ConfUtils.java:logGet(43)) - raft.server.rpcslowness.timeout = 120s (custom)
2019-09-19 08:58:24,020 [pool-38-thread-1] INFO  server.RaftServerConfigKeys (ConfUtils.java:logGet(43)) - raft.server.sleep.deviation.threshold = 300 (default)
2019-09-19 08:58:24,020 [pool-38-thread-1] INFO  server.RaftServerConfigKeys (ConfUtils.java:logGet(43)) - raft.server.log.appender.install.snapshot.enabled = false (custom)
2019-09-19 08:58:24,021 [pool-38-thread-1] INFO  impl.RaftServerImpl (ServerState.java:<init>(105)) - 356a349a-c9c9-49f9-a5b1-196804736fbc:group-ECE3383F02EC ConfigurationManager, init=-1: [356a349a-c9c9-49f9-a5b1-196804736fbc:192.168.34.5:46709], old=null, confs=<EMPTY_MAP>
2019-09-19 08:58:24,021 [pool-38-thread-1] INFO  server.RaftServerConfigKeys (ConfUtils.java:logGet(43)) - raft.server.storage.dir = [/workdir/hadoop-ozone/integration-test/target/test-dir/MiniOzoneClusterImpl-072ceacc-f14a-494c-b049-5b6ad59b8d93/datanode-1/data/ratis] (custom)
2019-09-19 08:58:24,021 [pool-38-thread-1] INFO  storage.RaftStorageDirectory (RaftStorageDirectory.java:analyzeStorage(246)) - The storage directory /workdir/hadoop-ozone/integration-test/target/test-dir/MiniOzoneClusterImpl-072ceacc-f14a-494c-b049-5b6ad59b8d93/datanode-1/data/ratis/5b2306bf-a4f3-443b-a893-ece3383f02ec does not exist. Creating ...
2019-09-19 08:58:24,034 [pool-38-thread-1] INFO  storage.RaftStorageDirectory (RaftStorageDirectory.java:tryLock(328)) - Lock on /workdir/hadoop-ozone/integration-test/target/test-dir/MiniOzoneClusterImpl-072ceacc-f14a-494c-b049-5b6ad59b8d93/datanode-1/data/ratis/5b2306bf-a4f3-443b-a893-ece3383f02ec/in_use.lock acquired by nodename 8013@pr-hdds-1569-j4bt4-3030777008
2019-09-19 08:58:24,035 [IPC Server handler 2 on 46069] INFO  net.NetworkTopology (NetworkTopologyImpl.java:add(110)) - Added a new node: /default-rack/a01737f6-7857-4616-835e-b1ff05ecf78f
2019-09-19 08:58:24,035 [IPC Server handler 2 on 46069] INFO  node.SCMNodeManager (SCMNodeManager.java:register(273)) - Registered Data node : a01737f6-7857-4616-835e-b1ff05ecf78f{ip: 192.168.34.5, host: pr-hdds-1569-j4bt4-3030777008, networkLocation: /default-rack, certSerialId: null}
2019-09-19 08:58:24,036 | INFO  | SCMAudit | user=jenkins1000 | ip=192.168.34.5 | op=REGISTER {datanodeDetails=a01737f6-7857-4616-835e-b1ff05ecf78f{ip: 192.168.34.5, host: pr-hdds-1569-j4bt4-3030777008, networkLocation: /default-rack, certSerialId: null}} | ret=SUCCESS |  
2019-09-19 08:58:24,047 [pool-38-thread-1] INFO  storage.RaftStorage (RaftStorage.java:format(72)) - Storage directory /workdir/hadoop-ozone/integration-test/target/test-dir/MiniOzoneClusterImpl-072ceacc-f14a-494c-b049-5b6ad59b8d93/datanode-1/data/ratis/5b2306bf-a4f3-443b-a893-ece3383f02ec has been successfully formatted.
2019-09-19 08:58:24,048 [pool-38-thread-1] INFO  ratis.ContainerStateMachine (ContainerStateMachine.java:loadSnapshot(226)) - group-ECE3383F02EC: The snapshot info is null. Setting the last applied indexto:(t:0, i:~)
2019-09-19 08:58:24,048 [pool-38-thread-1] INFO  server.RaftServerConfigKeys (ConfUtils.java:logGet(43)) - raft.server.leader.election.timeout = 120s (custom)
2019-09-19 08:58:24,048 [pool-38-thread-1] INFO  server.RaftServerConfigKeys (ConfUtils.java:logGet(43)) - raft.server.log.use.memory = false (default)
2019-09-19 08:58:24,048 [pool-38-thread-1] INFO  server.RaftServerConfigKeys (ConfUtils.java:logGet(43)) - raft.server.log.purge.gap = 1000000 (custom)
2019-09-19 08:58:24,048 [pool-38-thread-1] INFO  server.RaftServerConfigKeys (ConfUtils.java:logGet(43)) - raft.server.log.appender.buffer.byte-limit = 33554432 (custom)
2019-09-19 08:58:24,048 [pool-38-thread-1] INFO  server.RaftServerConfigKeys (ConfUtils.java:logGet(43)) - raft.server.log.segment.size.max = 1048576 (custom)
2019-09-19 08:58:24,048 [pool-38-thread-1] INFO  server.RaftServerConfigKeys (ConfUtils.java:logGet(43)) - raft.server.log.segment.cache.num.max = 2 (custom)
2019-09-19 08:58:24,048 [pool-38-thread-1] INFO  segmented.SegmentedRaftLogWorker (SegmentedRaftLogWorker.java:<init>(172)) - new 356a349a-c9c9-49f9-a5b1-196804736fbc-SegmentedRaftLogWorker:Storage Directory /workdir/hadoop-ozone/integration-test/target/test-dir/MiniOzoneClusterImpl-072ceacc-f14a-494c-b049-5b6ad59b8d93/datanode-1/data/ratis/5b2306bf-a4f3-443b-a893-ece3383f02ec for RaftStorage:Storage Directory /workdir/hadoop-ozone/integration-test/target/test-dir/MiniOzoneClusterImpl-072ceacc-f14a-494c-b049-5b6ad59b8d93/datanode-1/data/ratis/5b2306bf-a4f3-443b-a893-ece3383f02ec
2019-09-19 08:58:24,049 [pool-38-thread-1] INFO  server.RaftServerConfigKeys (ConfUtils.java:logGet(43)) - raft.server.log.queue.byte-limit = 2147483647 (custom)
2019-09-19 08:58:24,049 [pool-38-thread-1] INFO  server.RaftServerConfigKeys (ConfUtils.java:logGet(43)) - raft.server.log.queue.element-limit = 1024 (custom)
2019-09-19 08:58:24,049 [pool-38-thread-1] INFO  server.RaftServerConfigKeys (ConfUtils.java:logGet(43)) - raft.server.log.segment.size.max = 1048576 (custom)
2019-09-19 08:58:24,049 [pool-38-thread-1] INFO  server.RaftServerConfigKeys (ConfUtils.java:logGet(43)) - raft.server.log.preallocated.size = 16384 (custom)
2019-09-19 08:58:24,049 [pool-38-thread-1] INFO  server.RaftServerConfigKeys (ConfUtils.java:logGet(43)) - raft.server.log.write.buffer.size = 33554432 (custom)
2019-09-19 08:58:24,049 [pool-38-thread-1] INFO  server.RaftServerConfigKeys (ConfUtils.java:logGet(43)) - raft.server.log.force.sync.num = 128 (default)
2019-09-19 08:58:24,049 [pool-38-thread-1] INFO  server.RaftServerConfigKeys (ConfUtils.java:logGet(43)) - raft.server.log.statemachine.data.sync = true (default)
2019-09-19 08:58:24,049 [pool-38-thread-1] INFO  server.RaftServerConfigKeys (ConfUtils.java:logGet(43)) - raft.server.log.statemachine.data.sync.timeout = 10s (default)
2019-09-19 08:58:24,049 [pool-38-thread-1] INFO  server.RaftServerConfigKeys (ConfUtils.java:logGet(43)) - raft.server.log.statemachine.data.sync.timeout.retry = -1 (default)
2019-09-19 08:58:24,050 [pool-38-thread-1] INFO  server.RaftServerConfigKeys (ConfUtils.java:logGet(43)) - raft.server.log.statemachine.data.caching.enabled = true (custom)
2019-09-19 08:58:24,050 [pool-38-thread-1] INFO  segmented.SegmentedRaftLogWorker (SegmentedRaftLogWorker.java:lambda$new$0(132)) - 356a349a-c9c9-49f9-a5b1-196804736fbc-SegmentedRaftLogWorker:Storage Directory /workdir/hadoop-ozone/integration-test/target/test-dir/MiniOzoneClusterImpl-072ceacc-f14a-494c-b049-5b6ad59b8d93/datanode-1/data/ratis/5b2306bf-a4f3-443b-a893-ece3383f02ec: flushIndex: setUnconditionally 0 -> -1
2019-09-19 08:58:24,050 [pool-38-thread-1] INFO  server.RaftServerConfigKeys (ConfUtils.java:logGet(43)) - raft.server.snapshot.auto.trigger.enabled = true (custom)
2019-09-19 08:58:24,050 [pool-38-thread-1] INFO  server.RaftServerConfigKeys (ConfUtils.java:logGet(43)) - raft.server.snapshot.auto.trigger.threshold = 10000 (custom)
2019-09-19 08:58:24,050 [pool-38-thread-1] INFO  server.RaftServerConfigKeys (ConfUtils.java:logGet(43)) - raft.server.retrycache.expirytime = 600000ms (custom)
2019-09-19 08:58:24,051 [pool-38-thread-1] INFO  impl.RaftServerImpl (RaftServerImpl.java:start(180)) - 356a349a-c9c9-49f9-a5b1-196804736fbc: start group-ECE3383F02EC
2019-09-19 08:58:24,051 [pool-38-thread-1] INFO  impl.RaftServerImpl (RaftServerImpl.java:setRole(171)) - 356a349a-c9c9-49f9-a5b1-196804736fbc:group-ECE3383F02EC changes role from null to FOLLOWER at term 0 for startAsFollower
2019-09-19 08:58:24,051 [pool-38-thread-1] INFO  impl.RoleInfo (RoleInfo.java:updateAndGet(143)) - 356a349a-c9c9-49f9-a5b1-196804736fbc: start FollowerState
2019-09-19 08:58:24,051 [pool-38-thread-1] INFO  util.JmxRegister (JmxRegister.java:tryRegister(44)) - Successfully registered JMX Bean with object name Ratis:service=RaftServer,group=group-ECE3383F02EC,id=356a349a-c9c9-49f9-a5b1-196804736fbc
2019-09-19 08:58:24,061 [RatisPipelineUtilsThread] INFO  pipeline.PipelineStateManager (PipelineStateManager.java:addPipeline(56)) - Created pipeline Pipeline[ Id: 5b2306bf-a4f3-443b-a893-ece3383f02ec, Nodes: 356a349a-c9c9-49f9-a5b1-196804736fbc{ip: 192.168.34.5, host: pr-hdds-1569-j4bt4-3030777008, networkLocation: /default-rack, certSerialId: null}, Type:RATIS, Factor:ONE, State:OPEN]
2019-09-19 08:58:24,073 [grpc-default-executor-0] INFO  impl.RaftServerProxy (RaftServerProxy.java:addNew(89)) - d611bba7-fcef-48db-9a8e-14e1bb825cd8: addNew group-24C6678FC414:[d611bba7-fcef-48db-9a8e-14e1bb825cd8:192.168.34.5:34044] returns group-24C6678FC414:java.util.concurrent.CompletableFuture@7ec877ea[Not completed]
2019-09-19 08:58:24,074 [pool-49-thread-1] INFO  impl.RaftServerImpl (RaftServerImpl.java:<init>(93)) - d611bba7-fcef-48db-9a8e-14e1bb825cd8: new RaftServerImpl for group-24C6678FC414:[d611bba7-fcef-48db-9a8e-14e1bb825cd8:192.168.34.5:34044] with ContainerStateMachine:uninitialized
2019-09-19 08:58:24,074 [pool-49-thread-1] INFO  server.RaftServerConfigKeys (ConfUtils.java:logGet(43)) - raft.server.rpc.timeout.min = 1s (custom)
2019-09-19 08:58:24,074 [pool-49-thread-1] INFO  server.RaftServerConfigKeys (ConfUtils.java:logGet(43)) - raft.server.rpc.timeout.max = 1200ms (custom)
2019-09-19 08:58:24,074 [pool-49-thread-1] INFO  server.RaftServerConfigKeys (ConfUtils.java:logGet(43)) - raft.server.rpcslowness.timeout = 120s (custom)
2019-09-19 08:58:24,074 [pool-49-thread-1] INFO  server.RaftServerConfigKeys (ConfUtils.java:logGet(43)) - raft.server.sleep.deviation.threshold = 300 (default)
2019-09-19 08:58:24,074 [pool-49-thread-1] INFO  server.RaftServerConfigKeys (ConfUtils.java:logGet(43)) - raft.server.log.appender.install.snapshot.enabled = false (custom)
2019-09-19 08:58:24,074 [pool-49-thread-1] INFO  impl.RaftServerImpl (ServerState.java:<init>(105)) - d611bba7-fcef-48db-9a8e-14e1bb825cd8:group-24C6678FC414 ConfigurationManager, init=-1: [d611bba7-fcef-48db-9a8e-14e1bb825cd8:192.168.34.5:34044], old=null, confs=<EMPTY_MAP>
2019-09-19 08:58:24,075 [pool-49-thread-1] INFO  server.RaftServerConfigKeys (ConfUtils.java:logGet(43)) - raft.server.storage.dir = [/workdir/hadoop-ozone/integration-test/target/test-dir/MiniOzoneClusterImpl-072ceacc-f14a-494c-b049-5b6ad59b8d93/datanode-2/data/ratis] (custom)
2019-09-19 08:58:24,075 [pool-49-thread-1] INFO  storage.RaftStorageDirectory (RaftStorageDirectory.java:analyzeStorage(246)) - The storage directory /workdir/hadoop-ozone/integration-test/target/test-dir/MiniOzoneClusterImpl-072ceacc-f14a-494c-b049-5b6ad59b8d93/datanode-2/data/ratis/2de22f67-bdd8-406a-a055-24c6678fc414 does not exist. Creating ...
2019-09-19 08:58:24,087 [pool-49-thread-1] INFO  storage.RaftStorageDirectory (RaftStorageDirectory.java:tryLock(328)) - Lock on /workdir/hadoop-ozone/integration-test/target/test-dir/MiniOzoneClusterImpl-072ceacc-f14a-494c-b049-5b6ad59b8d93/datanode-2/data/ratis/2de22f67-bdd8-406a-a055-24c6678fc414/in_use.lock acquired by nodename 8013@pr-hdds-1569-j4bt4-3030777008
2019-09-19 08:58:24,100 [pool-49-thread-1] INFO  storage.RaftStorage (RaftStorage.java:format(72)) - Storage directory /workdir/hadoop-ozone/integration-test/target/test-dir/MiniOzoneClusterImpl-072ceacc-f14a-494c-b049-5b6ad59b8d93/datanode-2/data/ratis/2de22f67-bdd8-406a-a055-24c6678fc414 has been successfully formatted.
2019-09-19 08:58:24,100 [pool-49-thread-1] INFO  ratis.ContainerStateMachine (ContainerStateMachine.java:loadSnapshot(226)) - group-24C6678FC414: The snapshot info is null. Setting the last applied indexto:(t:0, i:~)
2019-09-19 08:58:24,100 [pool-49-thread-1] INFO  server.RaftServerConfigKeys (ConfUtils.java:logGet(43)) - raft.server.leader.election.timeout = 120s (custom)
2019-09-19 08:58:24,100 [pool-49-thread-1] INFO  server.RaftServerConfigKeys (ConfUtils.java:logGet(43)) - raft.server.log.use.memory = false (default)
2019-09-19 08:58:24,100 [pool-49-thread-1] INFO  server.RaftServerConfigKeys (ConfUtils.java:logGet(43)) - raft.server.log.purge.gap = 1000000 (custom)
2019-09-19 08:58:24,101 [pool-49-thread-1] INFO  server.RaftServerConfigKeys (ConfUtils.java:logGet(43)) - raft.server.log.appender.buffer.byte-limit = 33554432 (custom)
2019-09-19 08:58:24,101 [pool-49-thread-1] INFO  server.RaftServerConfigKeys (ConfUtils.java:logGet(43)) - raft.server.log.segment.size.max = 1048576 (custom)
2019-09-19 08:58:24,101 [pool-49-thread-1] INFO  server.RaftServerConfigKeys (ConfUtils.java:logGet(43)) - raft.server.log.segment.cache.num.max = 2 (custom)
2019-09-19 08:58:24,101 [pool-49-thread-1] INFO  segmented.SegmentedRaftLogWorker (SegmentedRaftLogWorker.java:<init>(172)) - new d611bba7-fcef-48db-9a8e-14e1bb825cd8-SegmentedRaftLogWorker:Storage Directory /workdir/hadoop-ozone/integration-test/target/test-dir/MiniOzoneClusterImpl-072ceacc-f14a-494c-b049-5b6ad59b8d93/datanode-2/data/ratis/2de22f67-bdd8-406a-a055-24c6678fc414 for RaftStorage:Storage Directory /workdir/hadoop-ozone/integration-test/target/test-dir/MiniOzoneClusterImpl-072ceacc-f14a-494c-b049-5b6ad59b8d93/datanode-2/data/ratis/2de22f67-bdd8-406a-a055-24c6678fc414
2019-09-19 08:58:24,101 [pool-49-thread-1] INFO  server.RaftServerConfigKeys (ConfUtils.java:logGet(43)) - raft.server.log.queue.byte-limit = 2147483647 (custom)
2019-09-19 08:58:24,101 [pool-49-thread-1] INFO  server.RaftServerConfigKeys (ConfUtils.java:logGet(43)) - raft.server.log.queue.element-limit = 1024 (custom)
2019-09-19 08:58:24,101 [pool-49-thread-1] INFO  server.RaftServerConfigKeys (ConfUtils.java:logGet(43)) - raft.server.log.segment.size.max = 1048576 (custom)
2019-09-19 08:58:24,101 [pool-49-thread-1] INFO  server.RaftServerConfigKeys (ConfUtils.java:logGet(43)) - raft.server.log.preallocated.size = 16384 (custom)
2019-09-19 08:58:24,101 [pool-49-thread-1] INFO  server.RaftServerConfigKeys (ConfUtils.java:logGet(43)) - raft.server.log.write.buffer.size = 33554432 (custom)
2019-09-19 08:58:24,101 [pool-49-thread-1] INFO  server.RaftServerConfigKeys (ConfUtils.java:logGet(43)) - raft.server.log.force.sync.num = 128 (default)
2019-09-19 08:58:24,102 [pool-49-thread-1] INFO  server.RaftServerConfigKeys (ConfUtils.java:logGet(43)) - raft.server.log.statemachine.data.sync = true (default)
2019-09-19 08:58:24,102 [pool-49-thread-1] INFO  server.RaftServerConfigKeys (ConfUtils.java:logGet(43)) - raft.server.log.statemachine.data.sync.timeout = 10s (default)
2019-09-19 08:58:24,102 [pool-49-thread-1] INFO  server.RaftServerConfigKeys (ConfUtils.java:logGet(43)) - raft.server.log.statemachine.data.sync.timeout.retry = -1 (default)
2019-09-19 08:58:24,102 [pool-49-thread-1] INFO  server.RaftServerConfigKeys (ConfUtils.java:logGet(43)) - raft.server.log.statemachine.data.caching.enabled = true (custom)
2019-09-19 08:58:24,102 [pool-49-thread-1] INFO  segmented.SegmentedRaftLogWorker (SegmentedRaftLogWorker.java:lambda$new$0(132)) - d611bba7-fcef-48db-9a8e-14e1bb825cd8-SegmentedRaftLogWorker:Storage Directory /workdir/hadoop-ozone/integration-test/target/test-dir/MiniOzoneClusterImpl-072ceacc-f14a-494c-b049-5b6ad59b8d93/datanode-2/data/ratis/2de22f67-bdd8-406a-a055-24c6678fc414: flushIndex: setUnconditionally 0 -> -1
2019-09-19 08:58:24,102 [pool-49-thread-1] INFO  server.RaftServerConfigKeys (ConfUtils.java:logGet(43)) - raft.server.snapshot.auto.trigger.enabled = true (custom)
2019-09-19 08:58:24,102 [pool-49-thread-1] INFO  server.RaftServerConfigKeys (ConfUtils.java:logGet(43)) - raft.server.snapshot.auto.trigger.threshold = 10000 (custom)
2019-09-19 08:58:24,103 [pool-49-thread-1] INFO  server.RaftServerConfigKeys (ConfUtils.java:logGet(43)) - raft.server.retrycache.expirytime = 600000ms (custom)
2019-09-19 08:58:24,103 [pool-49-thread-1] INFO  impl.RaftServerImpl (RaftServerImpl.java:start(180)) - d611bba7-fcef-48db-9a8e-14e1bb825cd8: start group-24C6678FC414
2019-09-19 08:58:24,103 [pool-49-thread-1] INFO  impl.RaftServerImpl (RaftServerImpl.java:setRole(171)) - d611bba7-fcef-48db-9a8e-14e1bb825cd8:group-24C6678FC414 changes role from null to FOLLOWER at term 0 for startAsFollower
2019-09-19 08:58:24,103 [pool-49-thread-1] INFO  impl.RoleInfo (RoleInfo.java:updateAndGet(143)) - d611bba7-fcef-48db-9a8e-14e1bb825cd8: start FollowerState
2019-09-19 08:58:24,103 [pool-49-thread-1] INFO  util.JmxRegister (JmxRegister.java:tryRegister(44)) - Successfully registered JMX Bean with object name Ratis:service=RaftServer,group=group-24C6678FC414,id=d611bba7-fcef-48db-9a8e-14e1bb825cd8
2019-09-19 08:58:24,117 [RatisPipelineUtilsThread] INFO  pipeline.PipelineStateManager (PipelineStateManager.java:addPipeline(56)) - Created pipeline Pipeline[ Id: 2de22f67-bdd8-406a-a055-24c6678fc414, Nodes: d611bba7-fcef-48db-9a8e-14e1bb825cd8{ip: 192.168.34.5, host: pr-hdds-1569-j4bt4-3030777008, networkLocation: /default-rack, certSerialId: null}, Type:RATIS, Factor:ONE, State:OPEN]
2019-09-19 08:58:24,132 [grpc-default-executor-0] INFO  impl.RaftServerProxy (RaftServerProxy.java:addNew(89)) - 59afcdb3-7cd7-47ef-abfa-eabf405042f7: addNew group-2784EFE60AB3:[59afcdb3-7cd7-47ef-abfa-eabf405042f7:192.168.34.5:36202] returns group-2784EFE60AB3:java.util.concurrent.CompletableFuture@1ced1933[Not completed]
2019-09-19 08:58:24,134 [pool-71-thread-1] INFO  impl.RaftServerImpl (RaftServerImpl.java:<init>(93)) - 59afcdb3-7cd7-47ef-abfa-eabf405042f7: new RaftServerImpl for group-2784EFE60AB3:[59afcdb3-7cd7-47ef-abfa-eabf405042f7:192.168.34.5:36202] with ContainerStateMachine:uninitialized
2019-09-19 08:58:24,135 [pool-71-thread-1] INFO  server.RaftServerConfigKeys (ConfUtils.java:logGet(43)) - raft.server.rpc.timeout.min = 1s (custom)
2019-09-19 08:58:24,135 [pool-71-thread-1] INFO  server.RaftServerConfigKeys (ConfUtils.java:logGet(43)) - raft.server.rpc.timeout.max = 1200ms (custom)
2019-09-19 08:58:24,135 [pool-71-thread-1] INFO  server.RaftServerConfigKeys (ConfUtils.java:logGet(43)) - raft.server.rpcslowness.timeout = 120s (custom)
2019-09-19 08:58:24,135 [pool-71-thread-1] INFO  server.RaftServerConfigKeys (ConfUtils.java:logGet(43)) - raft.server.sleep.deviation.threshold = 300 (default)
2019-09-19 08:58:24,135 [pool-71-thread-1] INFO  server.RaftServerConfigKeys (ConfUtils.java:logGet(43)) - raft.server.log.appender.install.snapshot.enabled = false (custom)
2019-09-19 08:58:24,135 [pool-71-thread-1] INFO  impl.RaftServerImpl (ServerState.java:<init>(105)) - 59afcdb3-7cd7-47ef-abfa-eabf405042f7:group-2784EFE60AB3 ConfigurationManager, init=-1: [59afcdb3-7cd7-47ef-abfa-eabf405042f7:192.168.34.5:36202], old=null, confs=<EMPTY_MAP>
2019-09-19 08:58:24,135 [pool-71-thread-1] INFO  server.RaftServerConfigKeys (ConfUtils.java:logGet(43)) - raft.server.storage.dir = [/workdir/hadoop-ozone/integration-test/target/test-dir/MiniOzoneClusterImpl-072ceacc-f14a-494c-b049-5b6ad59b8d93/datanode-4/data/ratis] (custom)
2019-09-19 08:58:24,136 [pool-71-thread-1] INFO  storage.RaftStorageDirectory (RaftStorageDirectory.java:analyzeStorage(246)) - The storage directory /workdir/hadoop-ozone/integration-test/target/test-dir/MiniOzoneClusterImpl-072ceacc-f14a-494c-b049-5b6ad59b8d93/datanode-4/data/ratis/010e1a43-c1f0-4fe7-af74-2784efe60ab3 does not exist. Creating ...
2019-09-19 08:58:24,148 [pool-71-thread-1] INFO  storage.RaftStorageDirectory (RaftStorageDirectory.java:tryLock(328)) - Lock on /workdir/hadoop-ozone/integration-test/target/test-dir/MiniOzoneClusterImpl-072ceacc-f14a-494c-b049-5b6ad59b8d93/datanode-4/data/ratis/010e1a43-c1f0-4fe7-af74-2784efe60ab3/in_use.lock acquired by nodename 8013@pr-hdds-1569-j4bt4-3030777008
2019-09-19 08:58:24,161 [pool-71-thread-1] INFO  storage.RaftStorage (RaftStorage.java:format(72)) - Storage directory /workdir/hadoop-ozone/integration-test/target/test-dir/MiniOzoneClusterImpl-072ceacc-f14a-494c-b049-5b6ad59b8d93/datanode-4/data/ratis/010e1a43-c1f0-4fe7-af74-2784efe60ab3 has been successfully formatted.
2019-09-19 08:58:24,161 [pool-71-thread-1] INFO  ratis.ContainerStateMachine (ContainerStateMachine.java:loadSnapshot(226)) - group-2784EFE60AB3: The snapshot info is null. Setting the last applied indexto:(t:0, i:~)
2019-09-19 08:58:24,162 [pool-71-thread-1] INFO  server.RaftServerConfigKeys (ConfUtils.java:logGet(43)) - raft.server.leader.election.timeout = 120s (custom)
2019-09-19 08:58:24,162 [pool-71-thread-1] INFO  server.RaftServerConfigKeys (ConfUtils.java:logGet(43)) - raft.server.log.use.memory = false (default)
2019-09-19 08:58:24,162 [pool-71-thread-1] INFO  server.RaftServerConfigKeys (ConfUtils.java:logGet(43)) - raft.server.log.purge.gap = 1000000 (custom)
2019-09-19 08:58:24,162 [pool-71-thread-1] INFO  server.RaftServerConfigKeys (ConfUtils.java:logGet(43)) - raft.server.log.appender.buffer.byte-limit = 33554432 (custom)
2019-09-19 08:58:24,162 [pool-71-thread-1] INFO  server.RaftServerConfigKeys (ConfUtils.java:logGet(43)) - raft.server.log.segment.size.max = 1048576 (custom)
2019-09-19 08:58:24,162 [pool-71-thread-1] INFO  server.RaftServerConfigKeys (ConfUtils.java:logGet(43)) - raft.server.log.segment.cache.num.max = 2 (custom)
2019-09-19 08:58:24,163 [pool-71-thread-1] INFO  segmented.SegmentedRaftLogWorker (SegmentedRaftLogWorker.java:<init>(172)) - new 59afcdb3-7cd7-47ef-abfa-eabf405042f7-SegmentedRaftLogWorker:Storage Directory /workdir/hadoop-ozone/integration-test/target/test-dir/MiniOzoneClusterImpl-072ceacc-f14a-494c-b049-5b6ad59b8d93/datanode-4/data/ratis/010e1a43-c1f0-4fe7-af74-2784efe60ab3 for RaftStorage:Storage Directory /workdir/hadoop-ozone/integration-test/target/test-dir/MiniOzoneClusterImpl-072ceacc-f14a-494c-b049-5b6ad59b8d93/datanode-4/data/ratis/010e1a43-c1f0-4fe7-af74-2784efe60ab3
2019-09-19 08:58:24,163 [pool-71-thread-1] INFO  server.RaftServerConfigKeys (ConfUtils.java:logGet(43)) - raft.server.log.queue.byte-limit = 2147483647 (custom)
2019-09-19 08:58:24,163 [pool-71-thread-1] INFO  server.RaftServerConfigKeys (ConfUtils.java:logGet(43)) - raft.server.log.queue.element-limit = 1024 (custom)
2019-09-19 08:58:24,163 [pool-71-thread-1] INFO  server.RaftServerConfigKeys (ConfUtils.java:logGet(43)) - raft.server.log.segment.size.max = 1048576 (custom)
2019-09-19 08:58:24,163 [pool-71-thread-1] INFO  server.RaftServerConfigKeys (ConfUtils.java:logGet(43)) - raft.server.log.preallocated.size = 16384 (custom)
2019-09-19 08:58:24,163 [pool-71-thread-1] INFO  server.RaftServerConfigKeys (ConfUtils.java:logGet(43)) - raft.server.log.write.buffer.size = 33554432 (custom)
2019-09-19 08:58:24,163 [pool-71-thread-1] INFO  server.RaftServerConfigKeys (ConfUtils.java:logGet(43)) - raft.server.log.force.sync.num = 128 (default)
2019-09-19 08:58:24,164 [pool-71-thread-1] INFO  server.RaftServerConfigKeys (ConfUtils.java:logGet(43)) - raft.server.log.statemachine.data.sync = true (default)
2019-09-19 08:58:24,164 [pool-71-thread-1] INFO  server.RaftServerConfigKeys (ConfUtils.java:logGet(43)) - raft.server.log.statemachine.data.sync.timeout = 10s (default)
2019-09-19 08:58:24,164 [pool-71-thread-1] INFO  server.RaftServerConfigKeys (ConfUtils.java:logGet(43)) - raft.server.log.statemachine.data.sync.timeout.retry = -1 (default)
2019-09-19 08:58:24,164 [pool-71-thread-1] INFO  server.RaftServerConfigKeys (ConfUtils.java:logGet(43)) - raft.server.log.statemachine.data.caching.enabled = true (custom)
2019-09-19 08:58:24,164 [pool-71-thread-1] INFO  segmented.SegmentedRaftLogWorker (SegmentedRaftLogWorker.java:lambda$new$0(132)) - 59afcdb3-7cd7-47ef-abfa-eabf405042f7-SegmentedRaftLogWorker:Storage Directory /workdir/hadoop-ozone/integration-test/target/test-dir/MiniOzoneClusterImpl-072ceacc-f14a-494c-b049-5b6ad59b8d93/datanode-4/data/ratis/010e1a43-c1f0-4fe7-af74-2784efe60ab3: flushIndex: setUnconditionally 0 -> -1
2019-09-19 08:58:24,165 [pool-71-thread-1] INFO  server.RaftServerConfigKeys (ConfUtils.java:logGet(43)) - raft.server.snapshot.auto.trigger.enabled = true (custom)
2019-09-19 08:58:24,165 [pool-71-thread-1] INFO  server.RaftServerConfigKeys (ConfUtils.java:logGet(43)) - raft.server.snapshot.auto.trigger.threshold = 10000 (custom)
2019-09-19 08:58:24,165 [pool-71-thread-1] INFO  server.RaftServerConfigKeys (ConfUtils.java:logGet(43)) - raft.server.retrycache.expirytime = 600000ms (custom)
2019-09-19 08:58:24,165 [pool-71-thread-1] INFO  impl.RaftServerImpl (RaftServerImpl.java:start(180)) - 59afcdb3-7cd7-47ef-abfa-eabf405042f7: start group-2784EFE60AB3
2019-09-19 08:58:24,165 [pool-71-thread-1] INFO  impl.RaftServerImpl (RaftServerImpl.java:setRole(171)) - 59afcdb3-7cd7-47ef-abfa-eabf405042f7:group-2784EFE60AB3 changes role from null to FOLLOWER at term 0 for startAsFollower
2019-09-19 08:58:24,166 [pool-71-thread-1] INFO  impl.RoleInfo (RoleInfo.java:updateAndGet(143)) - 59afcdb3-7cd7-47ef-abfa-eabf405042f7: start FollowerState
2019-09-19 08:58:24,166 [pool-71-thread-1] INFO  util.JmxRegister (JmxRegister.java:tryRegister(44)) - Successfully registered JMX Bean with object name Ratis:service=RaftServer,group=group-2784EFE60AB3,id=59afcdb3-7cd7-47ef-abfa-eabf405042f7
2019-09-19 08:58:24,177 [RatisPipelineUtilsThread] INFO  pipeline.PipelineStateManager (PipelineStateManager.java:addPipeline(56)) - Created pipeline Pipeline[ Id: 010e1a43-c1f0-4fe7-af74-2784efe60ab3, Nodes: 59afcdb3-7cd7-47ef-abfa-eabf405042f7{ip: 192.168.34.5, host: pr-hdds-1569-j4bt4-3030777008, networkLocation: /default-rack, certSerialId: null}, Type:RATIS, Factor:ONE, State:OPEN]
2019-09-19 08:58:24,194 [grpc-default-executor-0] INFO  impl.RaftServerProxy (RaftServerProxy.java:addNew(89)) - 275daa4b-3482-4b8e-b64e-92089e0536ae: addNew group-9D7CA57F9412:[275daa4b-3482-4b8e-b64e-92089e0536ae:192.168.34.5:37927] returns group-9D7CA57F9412:java.util.concurrent.CompletableFuture@37cbf2af[Not completed]
2019-09-19 08:58:24,199 [pool-93-thread-1] INFO  impl.RaftServerImpl (RaftServerImpl.java:<init>(93)) - 275daa4b-3482-4b8e-b64e-92089e0536ae: new RaftServerImpl for group-9D7CA57F9412:[275daa4b-3482-4b8e-b64e-92089e0536ae:192.168.34.5:37927] with ContainerStateMachine:uninitialized
2019-09-19 08:58:24,199 [pool-93-thread-1] INFO  server.RaftServerConfigKeys (ConfUtils.java:logGet(43)) - raft.server.rpc.timeout.min = 1s (custom)
2019-09-19 08:58:24,199 [pool-93-thread-1] INFO  server.RaftServerConfigKeys (ConfUtils.java:logGet(43)) - raft.server.rpc.timeout.max = 1200ms (custom)
2019-09-19 08:58:24,200 [pool-93-thread-1] INFO  server.RaftServerConfigKeys (ConfUtils.java:logGet(43)) - raft.server.rpcslowness.timeout = 120s (custom)
2019-09-19 08:58:24,200 [pool-93-thread-1] INFO  server.RaftServerConfigKeys (ConfUtils.java:logGet(43)) - raft.server.sleep.deviation.threshold = 300 (default)
2019-09-19 08:58:24,200 [pool-93-thread-1] INFO  server.RaftServerConfigKeys (ConfUtils.java:logGet(43)) - raft.server.log.appender.install.snapshot.enabled = false (custom)
2019-09-19 08:58:24,200 [pool-93-thread-1] INFO  impl.RaftServerImpl (ServerState.java:<init>(105)) - 275daa4b-3482-4b8e-b64e-92089e0536ae:group-9D7CA57F9412 ConfigurationManager, init=-1: [275daa4b-3482-4b8e-b64e-92089e0536ae:192.168.34.5:37927], old=null, confs=<EMPTY_MAP>
2019-09-19 08:58:24,200 [pool-93-thread-1] INFO  server.RaftServerConfigKeys (ConfUtils.java:logGet(43)) - raft.server.storage.dir = [/workdir/hadoop-ozone/integration-test/target/test-dir/MiniOzoneClusterImpl-072ceacc-f14a-494c-b049-5b6ad59b8d93/datanode-6/data/ratis] (custom)
2019-09-19 08:58:24,200 [pool-93-thread-1] INFO  storage.RaftStorageDirectory (RaftStorageDirectory.java:analyzeStorage(246)) - The storage directory /workdir/hadoop-ozone/integration-test/target/test-dir/MiniOzoneClusterImpl-072ceacc-f14a-494c-b049-5b6ad59b8d93/datanode-6/data/ratis/c7959a64-8114-474a-a0fa-9d7ca57f9412 does not exist. Creating ...
2019-09-19 08:58:24,213 [pool-93-thread-1] INFO  storage.RaftStorageDirectory (RaftStorageDirectory.java:tryLock(328)) - Lock on /workdir/hadoop-ozone/integration-test/target/test-dir/MiniOzoneClusterImpl-072ceacc-f14a-494c-b049-5b6ad59b8d93/datanode-6/data/ratis/c7959a64-8114-474a-a0fa-9d7ca57f9412/in_use.lock acquired by nodename 8013@pr-hdds-1569-j4bt4-3030777008
2019-09-19 08:58:24,218 [IPC Server handler 19 on 46069] INFO  net.NetworkTopology (NetworkTopologyImpl.java:add(110)) - Added a new node: /default-rack/83e73c89-42e6-44c0-9fcf-5542ff22b34f
2019-09-19 08:58:24,218 [IPC Server handler 19 on 46069] INFO  node.SCMNodeManager (SCMNodeManager.java:register(273)) - Registered Data node : 83e73c89-42e6-44c0-9fcf-5542ff22b34f{ip: 192.168.34.5, host: pr-hdds-1569-j4bt4-3030777008, networkLocation: /default-rack, certSerialId: null}
2019-09-19 08:58:24,218 | INFO  | SCMAudit | user=jenkins1000 | ip=192.168.34.5 | op=REGISTER {datanodeDetails=83e73c89-42e6-44c0-9fcf-5542ff22b34f{ip: 192.168.34.5, host: pr-hdds-1569-j4bt4-3030777008, networkLocation: /default-rack, certSerialId: null}} | ret=SUCCESS |  
2019-09-19 08:58:24,225 [pool-93-thread-1] INFO  storage.RaftStorage (RaftStorage.java:format(72)) - Storage directory /workdir/hadoop-ozone/integration-test/target/test-dir/MiniOzoneClusterImpl-072ceacc-f14a-494c-b049-5b6ad59b8d93/datanode-6/data/ratis/c7959a64-8114-474a-a0fa-9d7ca57f9412 has been successfully formatted.
2019-09-19 08:58:24,225 [pool-93-thread-1] INFO  ratis.ContainerStateMachine (ContainerStateMachine.java:loadSnapshot(226)) - group-9D7CA57F9412: The snapshot info is null. Setting the last applied indexto:(t:0, i:~)
2019-09-19 08:58:24,225 [pool-93-thread-1] INFO  server.RaftServerConfigKeys (ConfUtils.java:logGet(43)) - raft.server.leader.election.timeout = 120s (custom)
2019-09-19 08:58:24,226 [pool-93-thread-1] INFO  server.RaftServerConfigKeys (ConfUtils.java:logGet(43)) - raft.server.log.use.memory = false (default)
2019-09-19 08:58:24,226 [pool-93-thread-1] INFO  server.RaftServerConfigKeys (ConfUtils.java:logGet(43)) - raft.server.log.purge.gap = 1000000 (custom)
2019-09-19 08:58:24,226 [pool-93-thread-1] INFO  server.RaftServerConfigKeys (ConfUtils.java:logGet(43)) - raft.server.log.appender.buffer.byte-limit = 33554432 (custom)
2019-09-19 08:58:24,226 [pool-93-thread-1] INFO  server.RaftServerConfigKeys (ConfUtils.java:logGet(43)) - raft.server.log.segment.size.max = 1048576 (custom)
2019-09-19 08:58:24,226 [pool-93-thread-1] INFO  server.RaftServerConfigKeys (ConfUtils.java:logGet(43)) - raft.server.log.segment.cache.num.max = 2 (custom)
2019-09-19 08:58:24,227 [pool-93-thread-1] INFO  segmented.SegmentedRaftLogWorker (SegmentedRaftLogWorker.java:<init>(172)) - new 275daa4b-3482-4b8e-b64e-92089e0536ae-SegmentedRaftLogWorker:Storage Directory /workdir/hadoop-ozone/integration-test/target/test-dir/MiniOzoneClusterImpl-072ceacc-f14a-494c-b049-5b6ad59b8d93/datanode-6/data/ratis/c7959a64-8114-474a-a0fa-9d7ca57f9412 for RaftStorage:Storage Directory /workdir/hadoop-ozone/integration-test/target/test-dir/MiniOzoneClusterImpl-072ceacc-f14a-494c-b049-5b6ad59b8d93/datanode-6/data/ratis/c7959a64-8114-474a-a0fa-9d7ca57f9412
2019-09-19 08:58:24,227 [pool-93-thread-1] INFO  server.RaftServerConfigKeys (ConfUtils.java:logGet(43)) - raft.server.log.queue.byte-limit = 2147483647 (custom)
2019-09-19 08:58:24,227 [pool-93-thread-1] INFO  server.RaftServerConfigKeys (ConfUtils.java:logGet(43)) - raft.server.log.queue.element-limit = 1024 (custom)
2019-09-19 08:58:24,227 [pool-93-thread-1] INFO  server.RaftServerConfigKeys (ConfUtils.java:logGet(43)) - raft.server.log.segment.size.max = 1048576 (custom)
2019-09-19 08:58:24,228 [pool-93-thread-1] INFO  server.RaftServerConfigKeys (ConfUtils.java:logGet(43)) - raft.server.log.preallocated.size = 16384 (custom)
2019-09-19 08:58:24,228 [pool-93-thread-1] INFO  server.RaftServerConfigKeys (ConfUtils.java:logGet(43)) - raft.server.log.write.buffer.size = 33554432 (custom)
2019-09-19 08:58:24,228 [pool-93-thread-1] INFO  server.RaftServerConfigKeys (ConfUtils.java:logGet(43)) - raft.server.log.force.sync.num = 128 (default)
2019-09-19 08:58:24,228 [pool-93-thread-1] INFO  server.RaftServerConfigKeys (ConfUtils.java:logGet(43)) - raft.server.log.statemachine.data.sync = true (default)
2019-09-19 08:58:24,228 [pool-93-thread-1] INFO  server.RaftServerConfigKeys (ConfUtils.java:logGet(43)) - raft.server.log.statemachine.data.sync.timeout = 10s (default)
2019-09-19 08:58:24,229 [pool-93-thread-1] INFO  server.RaftServerConfigKeys (ConfUtils.java:logGet(43)) - raft.server.log.statemachine.data.sync.timeout.retry = -1 (default)
2019-09-19 08:58:24,229 [pool-93-thread-1] INFO  server.RaftServerConfigKeys (ConfUtils.java:logGet(43)) - raft.server.log.statemachine.data.caching.enabled = true (custom)
2019-09-19 08:58:24,229 [pool-93-thread-1] INFO  segmented.SegmentedRaftLogWorker (SegmentedRaftLogWorker.java:lambda$new$0(132)) - 275daa4b-3482-4b8e-b64e-92089e0536ae-SegmentedRaftLogWorker:Storage Directory /workdir/hadoop-ozone/integration-test/target/test-dir/MiniOzoneClusterImpl-072ceacc-f14a-494c-b049-5b6ad59b8d93/datanode-6/data/ratis/c7959a64-8114-474a-a0fa-9d7ca57f9412: flushIndex: setUnconditionally 0 -> -1
2019-09-19 08:58:24,230 [pool-93-thread-1] INFO  server.RaftServerConfigKeys (ConfUtils.java:logGet(43)) - raft.server.snapshot.auto.trigger.enabled = true (custom)
2019-09-19 08:58:24,230 [pool-93-thread-1] INFO  server.RaftServerConfigKeys (ConfUtils.java:logGet(43)) - raft.server.snapshot.auto.trigger.threshold = 10000 (custom)
2019-09-19 08:58:24,230 [pool-93-thread-1] INFO  server.RaftServerConfigKeys (ConfUtils.java:logGet(43)) - raft.server.retrycache.expirytime = 600000ms (custom)
2019-09-19 08:58:24,231 [pool-93-thread-1] INFO  impl.RaftServerImpl (RaftServerImpl.java:start(180)) - 275daa4b-3482-4b8e-b64e-92089e0536ae: start group-9D7CA57F9412
2019-09-19 08:58:24,231 [pool-93-thread-1] INFO  impl.RaftServerImpl (RaftServerImpl.java:setRole(171)) - 275daa4b-3482-4b8e-b64e-92089e0536ae:group-9D7CA57F9412 changes role from null to FOLLOWER at term 0 for startAsFollower
2019-09-19 08:58:24,231 [pool-93-thread-1] INFO  impl.RoleInfo (RoleInfo.java:updateAndGet(143)) - 275daa4b-3482-4b8e-b64e-92089e0536ae: start FollowerState
2019-09-19 08:58:24,232 [pool-93-thread-1] INFO  util.JmxRegister (JmxRegister.java:tryRegister(44)) - Successfully registered JMX Bean with object name Ratis:service=RaftServer,group=group-9D7CA57F9412,id=275daa4b-3482-4b8e-b64e-92089e0536ae
2019-09-19 08:58:24,242 [RatisPipelineUtilsThread] INFO  pipeline.PipelineStateManager (PipelineStateManager.java:addPipeline(56)) - Created pipeline Pipeline[ Id: c7959a64-8114-474a-a0fa-9d7ca57f9412, Nodes: 275daa4b-3482-4b8e-b64e-92089e0536ae{ip: 192.168.34.5, host: pr-hdds-1569-j4bt4-3030777008, networkLocation: /default-rack, certSerialId: null}, Type:RATIS, Factor:ONE, State:OPEN]
2019-09-19 08:58:24,263 [grpc-default-executor-0] INFO  impl.RaftServerProxy (RaftServerProxy.java:addNew(89)) - 356a349a-c9c9-49f9-a5b1-196804736fbc: addNew group-7075EB8C08DC:[356a349a-c9c9-49f9-a5b1-196804736fbc:192.168.34.5:46709] returns group-7075EB8C08DC:java.util.concurrent.CompletableFuture@6ec22646[Not completed]
2019-09-19 08:58:24,265 [pool-38-thread-1] INFO  impl.RaftServerImpl (RaftServerImpl.java:<init>(93)) - 356a349a-c9c9-49f9-a5b1-196804736fbc: new RaftServerImpl for group-7075EB8C08DC:[356a349a-c9c9-49f9-a5b1-196804736fbc:192.168.34.5:46709] with ContainerStateMachine:uninitialized
2019-09-19 08:58:24,265 [pool-38-thread-1] INFO  server.RaftServerConfigKeys (ConfUtils.java:logGet(43)) - raft.server.rpc.timeout.min = 1s (custom)
2019-09-19 08:58:24,265 [pool-38-thread-1] INFO  server.RaftServerConfigKeys (ConfUtils.java:logGet(43)) - raft.server.rpc.timeout.max = 1200ms (custom)
2019-09-19 08:58:24,265 [pool-38-thread-1] INFO  server.RaftServerConfigKeys (ConfUtils.java:logGet(43)) - raft.server.rpcslowness.timeout = 120s (custom)
2019-09-19 08:58:24,265 [pool-38-thread-1] INFO  server.RaftServerConfigKeys (ConfUtils.java:logGet(43)) - raft.server.sleep.deviation.threshold = 300 (default)
2019-09-19 08:58:24,265 [pool-38-thread-1] INFO  server.RaftServerConfigKeys (ConfUtils.java:logGet(43)) - raft.server.log.appender.install.snapshot.enabled = false (custom)
2019-09-19 08:58:24,265 [pool-38-thread-1] INFO  impl.RaftServerImpl (ServerState.java:<init>(105)) - 356a349a-c9c9-49f9-a5b1-196804736fbc:group-7075EB8C08DC ConfigurationManager, init=-1: [356a349a-c9c9-49f9-a5b1-196804736fbc:192.168.34.5:46709], old=null, confs=<EMPTY_MAP>
2019-09-19 08:58:24,265 [pool-38-thread-1] INFO  server.RaftServerConfigKeys (ConfUtils.java:logGet(43)) - raft.server.storage.dir = [/workdir/hadoop-ozone/integration-test/target/test-dir/MiniOzoneClusterImpl-072ceacc-f14a-494c-b049-5b6ad59b8d93/datanode-1/data/ratis] (custom)
2019-09-19 08:58:24,266 [pool-38-thread-1] INFO  storage.RaftStorageDirectory (RaftStorageDirectory.java:analyzeStorage(246)) - The storage directory /workdir/hadoop-ozone/integration-test/target/test-dir/MiniOzoneClusterImpl-072ceacc-f14a-494c-b049-5b6ad59b8d93/datanode-1/data/ratis/164264cd-c644-4c42-a3d0-7075eb8c08dc does not exist. Creating ...
2019-09-19 08:58:24,283 [pool-38-thread-1] INFO  storage.RaftStorageDirectory (RaftStorageDirectory.java:tryLock(328)) - Lock on /workdir/hadoop-ozone/integration-test/target/test-dir/MiniOzoneClusterImpl-072ceacc-f14a-494c-b049-5b6ad59b8d93/datanode-1/data/ratis/164264cd-c644-4c42-a3d0-7075eb8c08dc/in_use.lock acquired by nodename 8013@pr-hdds-1569-j4bt4-3030777008
2019-09-19 08:58:24,288 | INFO  | SCMAudit | user=jenkins1000 | ip=192.168.34.5 | op=SEND_HEARTBEAT {datanodeUUID=8a96a672-7e2f-4b1c-ac1e-ddd5d18a6d5d, command=[]} | ret=SUCCESS |  
2019-09-19 08:58:24,296 [pool-38-thread-1] INFO  storage.RaftStorage (RaftStorage.java:format(72)) - Storage directory /workdir/hadoop-ozone/integration-test/target/test-dir/MiniOzoneClusterImpl-072ceacc-f14a-494c-b049-5b6ad59b8d93/datanode-1/data/ratis/164264cd-c644-4c42-a3d0-7075eb8c08dc has been successfully formatted.
2019-09-19 08:58:24,296 [pool-38-thread-1] INFO  ratis.ContainerStateMachine (ContainerStateMachine.java:loadSnapshot(226)) - group-7075EB8C08DC: The snapshot info is null. Setting the last applied indexto:(t:0, i:~)
2019-09-19 08:58:24,296 [pool-38-thread-1] INFO  server.RaftServerConfigKeys (ConfUtils.java:logGet(43)) - raft.server.leader.election.timeout = 120s (custom)
2019-09-19 08:58:24,296 [pool-38-thread-1] INFO  server.RaftServerConfigKeys (ConfUtils.java:logGet(43)) - raft.server.log.use.memory = false (default)
2019-09-19 08:58:24,296 [pool-38-thread-1] INFO  server.RaftServerConfigKeys (ConfUtils.java:logGet(43)) - raft.server.log.purge.gap = 1000000 (custom)
2019-09-19 08:58:24,297 [pool-38-thread-1] INFO  server.RaftServerConfigKeys (ConfUtils.java:logGet(43)) - raft.server.log.appender.buffer.byte-limit = 33554432 (custom)
2019-09-19 08:58:24,297 [pool-38-thread-1] INFO  server.RaftServerConfigKeys (ConfUtils.java:logGet(43)) - raft.server.log.segment.size.max = 1048576 (custom)
2019-09-19 08:58:24,297 [pool-38-thread-1] INFO  server.RaftServerConfigKeys (ConfUtils.java:logGet(43)) - raft.server.log.segment.cache.num.max = 2 (custom)
2019-09-19 08:58:24,297 [pool-38-thread-1] INFO  segmented.SegmentedRaftLogWorker (SegmentedRaftLogWorker.java:<init>(172)) - new 356a349a-c9c9-49f9-a5b1-196804736fbc-SegmentedRaftLogWorker:Storage Directory /workdir/hadoop-ozone/integration-test/target/test-dir/MiniOzoneClusterImpl-072ceacc-f14a-494c-b049-5b6ad59b8d93/datanode-1/data/ratis/164264cd-c644-4c42-a3d0-7075eb8c08dc for RaftStorage:Storage Directory /workdir/hadoop-ozone/integration-test/target/test-dir/MiniOzoneClusterImpl-072ceacc-f14a-494c-b049-5b6ad59b8d93/datanode-1/data/ratis/164264cd-c644-4c42-a3d0-7075eb8c08dc
2019-09-19 08:58:24,297 [pool-38-thread-1] INFO  server.RaftServerConfigKeys (ConfUtils.java:logGet(43)) - raft.server.log.queue.byte-limit = 2147483647 (custom)
2019-09-19 08:58:24,297 [pool-38-thread-1] INFO  server.RaftServerConfigKeys (ConfUtils.java:logGet(43)) - raft.server.log.queue.element-limit = 1024 (custom)
2019-09-19 08:58:24,297 [pool-38-thread-1] INFO  server.RaftServerConfigKeys (ConfUtils.java:logGet(43)) - raft.server.log.segment.size.max = 1048576 (custom)
2019-09-19 08:58:24,297 [pool-38-thread-1] INFO  server.RaftServerConfigKeys (ConfUtils.java:logGet(43)) - raft.server.log.preallocated.size = 16384 (custom)
2019-09-19 08:58:24,297 [pool-38-thread-1] INFO  server.RaftServerConfigKeys (ConfUtils.java:logGet(43)) - raft.server.log.write.buffer.size = 33554432 (custom)
2019-09-19 08:58:24,297 [pool-38-thread-1] INFO  server.RaftServerConfigKeys (ConfUtils.java:logGet(43)) - raft.server.log.force.sync.num = 128 (default)
2019-09-19 08:58:24,298 [pool-38-thread-1] INFO  server.RaftServerConfigKeys (ConfUtils.java:logGet(43)) - raft.server.log.statemachine.data.sync = true (default)
2019-09-19 08:58:24,298 [pool-38-thread-1] INFO  server.RaftServerConfigKeys (ConfUtils.java:logGet(43)) - raft.server.log.statemachine.data.sync.timeout = 10s (default)
2019-09-19 08:58:24,298 [pool-38-thread-1] INFO  server.RaftServerConfigKeys (ConfUtils.java:logGet(43)) - raft.server.log.statemachine.data.sync.timeout.retry = -1 (default)
2019-09-19 08:58:24,298 [pool-38-thread-1] INFO  server.RaftServerConfigKeys (ConfUtils.java:logGet(43)) - raft.server.log.statemachine.data.caching.enabled = true (custom)
2019-09-19 08:58:24,298 [pool-38-thread-1] INFO  segmented.SegmentedRaftLogWorker (SegmentedRaftLogWorker.java:lambda$new$0(132)) - 356a349a-c9c9-49f9-a5b1-196804736fbc-SegmentedRaftLogWorker:Storage Directory /workdir/hadoop-ozone/integration-test/target/test-dir/MiniOzoneClusterImpl-072ceacc-f14a-494c-b049-5b6ad59b8d93/datanode-1/data/ratis/164264cd-c644-4c42-a3d0-7075eb8c08dc: flushIndex: setUnconditionally 0 -> -1
2019-09-19 08:58:24,298 [pool-38-thread-1] INFO  server.RaftServerConfigKeys (ConfUtils.java:logGet(43)) - raft.server.snapshot.auto.trigger.enabled = true (custom)
2019-09-19 08:58:24,298 [pool-38-thread-1] INFO  server.RaftServerConfigKeys (ConfUtils.java:logGet(43)) - raft.server.snapshot.auto.trigger.threshold = 10000 (custom)
2019-09-19 08:58:24,299 [pool-38-thread-1] INFO  server.RaftServerConfigKeys (ConfUtils.java:logGet(43)) - raft.server.retrycache.expirytime = 600000ms (custom)
2019-09-19 08:58:24,299 [pool-38-thread-1] INFO  impl.RaftServerImpl (RaftServerImpl.java:start(180)) - 356a349a-c9c9-49f9-a5b1-196804736fbc: start group-7075EB8C08DC
2019-09-19 08:58:24,299 [pool-38-thread-1] INFO  impl.RaftServerImpl (RaftServerImpl.java:setRole(171)) - 356a349a-c9c9-49f9-a5b1-196804736fbc:group-7075EB8C08DC changes role from null to FOLLOWER at term 0 for startAsFollower
2019-09-19 08:58:24,299 [pool-38-thread-1] INFO  impl.RoleInfo (RoleInfo.java:updateAndGet(143)) - 356a349a-c9c9-49f9-a5b1-196804736fbc: start FollowerState
2019-09-19 08:58:24,299 [pool-38-thread-1] INFO  util.JmxRegister (JmxRegister.java:tryRegister(44)) - Successfully registered JMX Bean with object name Ratis:service=RaftServer,group=group-7075EB8C08DC,id=356a349a-c9c9-49f9-a5b1-196804736fbc
2019-09-19 08:58:24,308 [RatisPipelineUtilsThread] INFO  pipeline.PipelineStateManager (PipelineStateManager.java:addPipeline(56)) - Created pipeline Pipeline[ Id: 164264cd-c644-4c42-a3d0-7075eb8c08dc, Nodes: 356a349a-c9c9-49f9-a5b1-196804736fbc{ip: 192.168.34.5, host: pr-hdds-1569-j4bt4-3030777008, networkLocation: /default-rack, certSerialId: null}, Type:RATIS, Factor:ONE, State:OPEN]
2019-09-19 08:58:24,318 [grpc-default-executor-0] INFO  impl.RaftServerProxy (RaftServerProxy.java:addNew(89)) - d611bba7-fcef-48db-9a8e-14e1bb825cd8: addNew group-B773D6C75792:[d611bba7-fcef-48db-9a8e-14e1bb825cd8:192.168.34.5:34044] returns group-B773D6C75792:java.util.concurrent.CompletableFuture@44f53dc5[Not completed]
2019-09-19 08:58:24,319 [pool-49-thread-1] INFO  impl.RaftServerImpl (RaftServerImpl.java:<init>(93)) - d611bba7-fcef-48db-9a8e-14e1bb825cd8: new RaftServerImpl for group-B773D6C75792:[d611bba7-fcef-48db-9a8e-14e1bb825cd8:192.168.34.5:34044] with ContainerStateMachine:uninitialized
2019-09-19 08:58:24,319 [pool-49-thread-1] INFO  server.RaftServerConfigKeys (ConfUtils.java:logGet(43)) - raft.server.rpc.timeout.min = 1s (custom)
2019-09-19 08:58:24,319 [pool-49-thread-1] INFO  server.RaftServerConfigKeys (ConfUtils.java:logGet(43)) - raft.server.rpc.timeout.max = 1200ms (custom)
2019-09-19 08:58:24,320 [pool-49-thread-1] INFO  server.RaftServerConfigKeys (ConfUtils.java:logGet(43)) - raft.server.rpcslowness.timeout = 120s (custom)
2019-09-19 08:58:24,320 [pool-49-thread-1] INFO  server.RaftServerConfigKeys (ConfUtils.java:logGet(43)) - raft.server.sleep.deviation.threshold = 300 (default)
2019-09-19 08:58:24,320 [pool-49-thread-1] INFO  server.RaftServerConfigKeys (ConfUtils.java:logGet(43)) - raft.server.log.appender.install.snapshot.enabled = false (custom)
2019-09-19 08:58:24,320 [pool-49-thread-1] INFO  impl.RaftServerImpl (ServerState.java:<init>(105)) - d611bba7-fcef-48db-9a8e-14e1bb825cd8:group-B773D6C75792 ConfigurationManager, init=-1: [d611bba7-fcef-48db-9a8e-14e1bb825cd8:192.168.34.5:34044], old=null, confs=<EMPTY_MAP>
2019-09-19 08:58:24,320 [pool-49-thread-1] INFO  server.RaftServerConfigKeys (ConfUtils.java:logGet(43)) - raft.server.storage.dir = [/workdir/hadoop-ozone/integration-test/target/test-dir/MiniOzoneClusterImpl-072ceacc-f14a-494c-b049-5b6ad59b8d93/datanode-2/data/ratis] (custom)
2019-09-19 08:58:24,320 [pool-49-thread-1] INFO  storage.RaftStorageDirectory (RaftStorageDirectory.java:analyzeStorage(246)) - The storage directory /workdir/hadoop-ozone/integration-test/target/test-dir/MiniOzoneClusterImpl-072ceacc-f14a-494c-b049-5b6ad59b8d93/datanode-2/data/ratis/8b27d1cb-9897-44b4-b44d-b773d6c75792 does not exist. Creating ...
2019-09-19 08:58:24,333 [pool-49-thread-1] INFO  storage.RaftStorageDirectory (RaftStorageDirectory.java:tryLock(328)) - Lock on /workdir/hadoop-ozone/integration-test/target/test-dir/MiniOzoneClusterImpl-072ceacc-f14a-494c-b049-5b6ad59b8d93/datanode-2/data/ratis/8b27d1cb-9897-44b4-b44d-b773d6c75792/in_use.lock acquired by nodename 8013@pr-hdds-1569-j4bt4-3030777008
2019-09-19 08:58:24,346 [pool-49-thread-1] INFO  storage.RaftStorage (RaftStorage.java:format(72)) - Storage directory /workdir/hadoop-ozone/integration-test/target/test-dir/MiniOzoneClusterImpl-072ceacc-f14a-494c-b049-5b6ad59b8d93/datanode-2/data/ratis/8b27d1cb-9897-44b4-b44d-b773d6c75792 has been successfully formatted.
2019-09-19 08:58:24,346 [pool-49-thread-1] INFO  ratis.ContainerStateMachine (ContainerStateMachine.java:loadSnapshot(226)) - group-B773D6C75792: The snapshot info is null. Setting the last applied indexto:(t:0, i:~)
2019-09-19 08:58:24,346 [pool-49-thread-1] INFO  server.RaftServerConfigKeys (ConfUtils.java:logGet(43)) - raft.server.leader.election.timeout = 120s (custom)
2019-09-19 08:58:24,346 [pool-49-thread-1] INFO  server.RaftServerConfigKeys (ConfUtils.java:logGet(43)) - raft.server.log.use.memory = false (default)
2019-09-19 08:58:24,347 [pool-49-thread-1] INFO  server.RaftServerConfigKeys (ConfUtils.java:logGet(43)) - raft.server.log.purge.gap = 1000000 (custom)
2019-09-19 08:58:24,347 [pool-49-thread-1] INFO  server.RaftServerConfigKeys (ConfUtils.java:logGet(43)) - raft.server.log.appender.buffer.byte-limit = 33554432 (custom)
2019-09-19 08:58:24,347 [pool-49-thread-1] INFO  server.RaftServerConfigKeys (ConfUtils.java:logGet(43)) - raft.server.log.segment.size.max = 1048576 (custom)
2019-09-19 08:58:24,347 [pool-49-thread-1] INFO  server.RaftServerConfigKeys (ConfUtils.java:logGet(43)) - raft.server.log.segment.cache.num.max = 2 (custom)
2019-09-19 08:58:24,347 [pool-49-thread-1] INFO  segmented.SegmentedRaftLogWorker (SegmentedRaftLogWorker.java:<init>(172)) - new d611bba7-fcef-48db-9a8e-14e1bb825cd8-SegmentedRaftLogWorker:Storage Directory /workdir/hadoop-ozone/integration-test/target/test-dir/MiniOzoneClusterImpl-072ceacc-f14a-494c-b049-5b6ad59b8d93/datanode-2/data/ratis/8b27d1cb-9897-44b4-b44d-b773d6c75792 for RaftStorage:Storage Directory /workdir/hadoop-ozone/integration-test/target/test-dir/MiniOzoneClusterImpl-072ceacc-f14a-494c-b049-5b6ad59b8d93/datanode-2/data/ratis/8b27d1cb-9897-44b4-b44d-b773d6c75792
2019-09-19 08:58:24,347 [pool-49-thread-1] INFO  server.RaftServerConfigKeys (ConfUtils.java:logGet(43)) - raft.server.log.queue.byte-limit = 2147483647 (custom)
2019-09-19 08:58:24,347 [pool-49-thread-1] INFO  server.RaftServerConfigKeys (ConfUtils.java:logGet(43)) - raft.server.log.queue.element-limit = 1024 (custom)
2019-09-19 08:58:24,347 [pool-49-thread-1] INFO  server.RaftServerConfigKeys (ConfUtils.java:logGet(43)) - raft.server.log.segment.size.max = 1048576 (custom)
2019-09-19 08:58:24,348 [pool-49-thread-1] INFO  server.RaftServerConfigKeys (ConfUtils.java:logGet(43)) - raft.server.log.preallocated.size = 16384 (custom)
2019-09-19 08:58:24,348 [pool-49-thread-1] INFO  server.RaftServerConfigKeys (ConfUtils.java:logGet(43)) - raft.server.log.write.buffer.size = 33554432 (custom)
2019-09-19 08:58:24,348 [pool-49-thread-1] INFO  server.RaftServerConfigKeys (ConfUtils.java:logGet(43)) - raft.server.log.force.sync.num = 128 (default)
2019-09-19 08:58:24,348 [pool-49-thread-1] INFO  server.RaftServerConfigKeys (ConfUtils.java:logGet(43)) - raft.server.log.statemachine.data.sync = true (default)
2019-09-19 08:58:24,348 [pool-49-thread-1] INFO  server.RaftServerConfigKeys (ConfUtils.java:logGet(43)) - raft.server.log.statemachine.data.sync.timeout = 10s (default)
2019-09-19 08:58:24,348 [pool-49-thread-1] INFO  server.RaftServerConfigKeys (ConfUtils.java:logGet(43)) - raft.server.log.statemachine.data.sync.timeout.retry = -1 (default)
2019-09-19 08:58:24,349 [pool-49-thread-1] INFO  server.RaftServerConfigKeys (ConfUtils.java:logGet(43)) - raft.server.log.statemachine.data.caching.enabled = true (custom)
2019-09-19 08:58:24,349 [pool-49-thread-1] INFO  segmented.SegmentedRaftLogWorker (SegmentedRaftLogWorker.java:lambda$new$0(132)) - d611bba7-fcef-48db-9a8e-14e1bb825cd8-SegmentedRaftLogWorker:Storage Directory /workdir/hadoop-ozone/integration-test/target/test-dir/MiniOzoneClusterImpl-072ceacc-f14a-494c-b049-5b6ad59b8d93/datanode-2/data/ratis/8b27d1cb-9897-44b4-b44d-b773d6c75792: flushIndex: setUnconditionally 0 -> -1
2019-09-19 08:58:24,349 [pool-49-thread-1] INFO  server.RaftServerConfigKeys (ConfUtils.java:logGet(43)) - raft.server.snapshot.auto.trigger.enabled = true (custom)
2019-09-19 08:58:24,350 [pool-49-thread-1] INFO  server.RaftServerConfigKeys (ConfUtils.java:logGet(43)) - raft.server.snapshot.auto.trigger.threshold = 10000 (custom)
2019-09-19 08:58:24,350 [pool-49-thread-1] INFO  server.RaftServerConfigKeys (ConfUtils.java:logGet(43)) - raft.server.retrycache.expirytime = 600000ms (custom)
2019-09-19 08:58:24,350 [pool-49-thread-1] INFO  impl.RaftServerImpl (RaftServerImpl.java:start(180)) - d611bba7-fcef-48db-9a8e-14e1bb825cd8: start group-B773D6C75792
2019-09-19 08:58:24,350 [pool-49-thread-1] INFO  impl.RaftServerImpl (RaftServerImpl.java:setRole(171)) - d611bba7-fcef-48db-9a8e-14e1bb825cd8:group-B773D6C75792 changes role from null to FOLLOWER at term 0 for startAsFollower
2019-09-19 08:58:24,350 [pool-49-thread-1] INFO  impl.RoleInfo (RoleInfo.java:updateAndGet(143)) - d611bba7-fcef-48db-9a8e-14e1bb825cd8: start FollowerState
2019-09-19 08:58:24,351 [pool-49-thread-1] INFO  util.JmxRegister (JmxRegister.java:tryRegister(44)) - Successfully registered JMX Bean with object name Ratis:service=RaftServer,group=group-B773D6C75792,id=d611bba7-fcef-48db-9a8e-14e1bb825cd8
2019-09-19 08:58:24,362 [RatisPipelineUtilsThread] INFO  pipeline.PipelineStateManager (PipelineStateManager.java:addPipeline(56)) - Created pipeline Pipeline[ Id: 8b27d1cb-9897-44b4-b44d-b773d6c75792, Nodes: d611bba7-fcef-48db-9a8e-14e1bb825cd8{ip: 192.168.34.5, host: pr-hdds-1569-j4bt4-3030777008, networkLocation: /default-rack, certSerialId: null}, Type:RATIS, Factor:ONE, State:OPEN]
2019-09-19 08:58:24,373 [grpc-default-executor-0] INFO  impl.RaftServerProxy (RaftServerProxy.java:addNew(89)) - 275daa4b-3482-4b8e-b64e-92089e0536ae: addNew group-B59E3EF36ED8:[275daa4b-3482-4b8e-b64e-92089e0536ae:192.168.34.5:37927] returns group-B59E3EF36ED8:java.util.concurrent.CompletableFuture@22772d21[Not completed]
2019-09-19 08:58:24,375 [pool-93-thread-1] INFO  impl.RaftServerImpl (RaftServerImpl.java:<init>(93)) - 275daa4b-3482-4b8e-b64e-92089e0536ae: new RaftServerImpl for group-B59E3EF36ED8:[275daa4b-3482-4b8e-b64e-92089e0536ae:192.168.34.5:37927] with ContainerStateMachine:uninitialized
2019-09-19 08:58:24,375 [pool-93-thread-1] INFO  server.RaftServerConfigKeys (ConfUtils.java:logGet(43)) - raft.server.rpc.timeout.min = 1s (custom)
2019-09-19 08:58:24,375 [pool-93-thread-1] INFO  server.RaftServerConfigKeys (ConfUtils.java:logGet(43)) - raft.server.rpc.timeout.max = 1200ms (custom)
2019-09-19 08:58:24,375 [pool-93-thread-1] INFO  server.RaftServerConfigKeys (ConfUtils.java:logGet(43)) - raft.server.rpcslowness.timeout = 120s (custom)
2019-09-19 08:58:24,375 [pool-93-thread-1] INFO  server.RaftServerConfigKeys (ConfUtils.java:logGet(43)) - raft.server.sleep.deviation.threshold = 300 (default)
2019-09-19 08:58:24,375 [pool-93-thread-1] INFO  server.RaftServerConfigKeys (ConfUtils.java:logGet(43)) - raft.server.log.appender.install.snapshot.enabled = false (custom)
2019-09-19 08:58:24,375 [pool-93-thread-1] INFO  impl.RaftServerImpl (ServerState.java:<init>(105)) - 275daa4b-3482-4b8e-b64e-92089e0536ae:group-B59E3EF36ED8 ConfigurationManager, init=-1: [275daa4b-3482-4b8e-b64e-92089e0536ae:192.168.34.5:37927], old=null, confs=<EMPTY_MAP>
2019-09-19 08:58:24,376 [pool-93-thread-1] INFO  server.RaftServerConfigKeys (ConfUtils.java:logGet(43)) - raft.server.storage.dir = [/workdir/hadoop-ozone/integration-test/target/test-dir/MiniOzoneClusterImpl-072ceacc-f14a-494c-b049-5b6ad59b8d93/datanode-6/data/ratis] (custom)
2019-09-19 08:58:24,376 [pool-93-thread-1] INFO  storage.RaftStorageDirectory (RaftStorageDirectory.java:analyzeStorage(246)) - The storage directory /workdir/hadoop-ozone/integration-test/target/test-dir/MiniOzoneClusterImpl-072ceacc-f14a-494c-b049-5b6ad59b8d93/datanode-6/data/ratis/195bdac2-c348-469e-93a7-b59e3ef36ed8 does not exist. Creating ...
2019-09-19 08:58:24,388 [pool-93-thread-1] INFO  storage.RaftStorageDirectory (RaftStorageDirectory.java:tryLock(328)) - Lock on /workdir/hadoop-ozone/integration-test/target/test-dir/MiniOzoneClusterImpl-072ceacc-f14a-494c-b049-5b6ad59b8d93/datanode-6/data/ratis/195bdac2-c348-469e-93a7-b59e3ef36ed8/in_use.lock acquired by nodename 8013@pr-hdds-1569-j4bt4-3030777008
2019-09-19 08:58:24,401 [pool-93-thread-1] INFO  storage.RaftStorage (RaftStorage.java:format(72)) - Storage directory /workdir/hadoop-ozone/integration-test/target/test-dir/MiniOzoneClusterImpl-072ceacc-f14a-494c-b049-5b6ad59b8d93/datanode-6/data/ratis/195bdac2-c348-469e-93a7-b59e3ef36ed8 has been successfully formatted.
2019-09-19 08:58:24,402 [pool-93-thread-1] INFO  ratis.ContainerStateMachine (ContainerStateMachine.java:loadSnapshot(226)) - group-B59E3EF36ED8: The snapshot info is null. Setting the last applied indexto:(t:0, i:~)
2019-09-19 08:58:24,402 [pool-93-thread-1] INFO  server.RaftServerConfigKeys (ConfUtils.java:logGet(43)) - raft.server.leader.election.timeout = 120s (custom)
2019-09-19 08:58:24,402 [pool-93-thread-1] INFO  server.RaftServerConfigKeys (ConfUtils.java:logGet(43)) - raft.server.log.use.memory = false (default)
2019-09-19 08:58:24,402 [pool-93-thread-1] INFO  server.RaftServerConfigKeys (ConfUtils.java:logGet(43)) - raft.server.log.purge.gap = 1000000 (custom)
2019-09-19 08:58:24,402 [pool-93-thread-1] INFO  server.RaftServerConfigKeys (ConfUtils.java:logGet(43)) - raft.server.log.appender.buffer.byte-limit = 33554432 (custom)
2019-09-19 08:58:24,403 [pool-93-thread-1] INFO  server.RaftServerConfigKeys (ConfUtils.java:logGet(43)) - raft.server.log.segment.size.max = 1048576 (custom)
2019-09-19 08:58:24,403 [pool-93-thread-1] INFO  server.RaftServerConfigKeys (ConfUtils.java:logGet(43)) - raft.server.log.segment.cache.num.max = 2 (custom)
2019-09-19 08:58:24,403 [pool-93-thread-1] INFO  segmented.SegmentedRaftLogWorker (SegmentedRaftLogWorker.java:<init>(172)) - new 275daa4b-3482-4b8e-b64e-92089e0536ae-SegmentedRaftLogWorker:Storage Directory /workdir/hadoop-ozone/integration-test/target/test-dir/MiniOzoneClusterImpl-072ceacc-f14a-494c-b049-5b6ad59b8d93/datanode-6/data/ratis/195bdac2-c348-469e-93a7-b59e3ef36ed8 for RaftStorage:Storage Directory /workdir/hadoop-ozone/integration-test/target/test-dir/MiniOzoneClusterImpl-072ceacc-f14a-494c-b049-5b6ad59b8d93/datanode-6/data/ratis/195bdac2-c348-469e-93a7-b59e3ef36ed8
2019-09-19 08:58:24,403 [pool-93-thread-1] INFO  server.RaftServerConfigKeys (ConfUtils.java:logGet(43)) - raft.server.log.queue.byte-limit = 2147483647 (custom)
2019-09-19 08:58:24,403 [pool-93-thread-1] INFO  server.RaftServerConfigKeys (ConfUtils.java:logGet(43)) - raft.server.log.queue.element-limit = 1024 (custom)
2019-09-19 08:58:24,404 [pool-93-thread-1] INFO  server.RaftServerConfigKeys (ConfUtils.java:logGet(43)) - raft.server.log.segment.size.max = 1048576 (custom)
2019-09-19 08:58:24,404 [pool-93-thread-1] INFO  server.RaftServerConfigKeys (ConfUtils.java:logGet(43)) - raft.server.log.preallocated.size = 16384 (custom)
2019-09-19 08:58:24,404 [pool-93-thread-1] INFO  server.RaftServerConfigKeys (ConfUtils.java:logGet(43)) - raft.server.log.write.buffer.size = 33554432 (custom)
2019-09-19 08:58:24,404 [pool-93-thread-1] INFO  server.RaftServerConfigKeys (ConfUtils.java:logGet(43)) - raft.server.log.force.sync.num = 128 (default)
2019-09-19 08:58:24,404 [pool-93-thread-1] INFO  server.RaftServerConfigKeys (ConfUtils.java:logGet(43)) - raft.server.log.statemachine.data.sync = true (default)
2019-09-19 08:58:24,404 [pool-93-thread-1] INFO  server.RaftServerConfigKeys (ConfUtils.java:logGet(43)) - raft.server.log.statemachine.data.sync.timeout = 10s (default)
2019-09-19 08:58:24,405 [pool-93-thread-1] INFO  server.RaftServerConfigKeys (ConfUtils.java:logGet(43)) - raft.server.log.statemachine.data.sync.timeout.retry = -1 (default)
2019-09-19 08:58:24,405 [pool-93-thread-1] INFO  server.RaftServerConfigKeys (ConfUtils.java:logGet(43)) - raft.server.log.statemachine.data.caching.enabled = true (custom)
2019-09-19 08:58:24,405 [pool-93-thread-1] INFO  segmented.SegmentedRaftLogWorker (SegmentedRaftLogWorker.java:lambda$new$0(132)) - 275daa4b-3482-4b8e-b64e-92089e0536ae-SegmentedRaftLogWorker:Storage Directory /workdir/hadoop-ozone/integration-test/target/test-dir/MiniOzoneClusterImpl-072ceacc-f14a-494c-b049-5b6ad59b8d93/datanode-6/data/ratis/195bdac2-c348-469e-93a7-b59e3ef36ed8: flushIndex: setUnconditionally 0 -> -1
2019-09-19 08:58:24,405 [pool-93-thread-1] INFO  server.RaftServerConfigKeys (ConfUtils.java:logGet(43)) - raft.server.snapshot.auto.trigger.enabled = true (custom)
2019-09-19 08:58:24,405 [pool-93-thread-1] INFO  server.RaftServerConfigKeys (ConfUtils.java:logGet(43)) - raft.server.snapshot.auto.trigger.threshold = 10000 (custom)
2019-09-19 08:58:24,406 [pool-93-thread-1] INFO  server.RaftServerConfigKeys (ConfUtils.java:logGet(43)) - raft.server.retrycache.expirytime = 600000ms (custom)
2019-09-19 08:58:24,406 [pool-93-thread-1] INFO  impl.RaftServerImpl (RaftServerImpl.java:start(180)) - 275daa4b-3482-4b8e-b64e-92089e0536ae: start group-B59E3EF36ED8
2019-09-19 08:58:24,406 [pool-93-thread-1] INFO  impl.RaftServerImpl (RaftServerImpl.java:setRole(171)) - 275daa4b-3482-4b8e-b64e-92089e0536ae:group-B59E3EF36ED8 changes role from null to FOLLOWER at term 0 for startAsFollower
2019-09-19 08:58:24,406 [pool-93-thread-1] INFO  impl.RoleInfo (RoleInfo.java:updateAndGet(143)) - 275daa4b-3482-4b8e-b64e-92089e0536ae: start FollowerState
2019-09-19 08:58:24,407 [pool-93-thread-1] INFO  util.JmxRegister (JmxRegister.java:tryRegister(44)) - Successfully registered JMX Bean with object name Ratis:service=RaftServer,group=group-B59E3EF36ED8,id=275daa4b-3482-4b8e-b64e-92089e0536ae
2019-09-19 08:58:24,416 [RatisPipelineUtilsThread] INFO  pipeline.PipelineStateManager (PipelineStateManager.java:addPipeline(56)) - Created pipeline Pipeline[ Id: 195bdac2-c348-469e-93a7-b59e3ef36ed8, Nodes: 275daa4b-3482-4b8e-b64e-92089e0536ae{ip: 192.168.34.5, host: pr-hdds-1569-j4bt4-3030777008, networkLocation: /default-rack, certSerialId: null}, Type:RATIS, Factor:ONE, State:OPEN]
2019-09-19 08:58:24,423 [IPC Server handler 12 on 46069] INFO  net.NetworkTopology (NetworkTopologyImpl.java:add(110)) - Added a new node: /default-rack/1ad3fd21-b666-4d4e-8138-b5cd04f973fd
2019-09-19 08:58:24,423 [IPC Server handler 12 on 46069] INFO  node.SCMNodeManager (SCMNodeManager.java:register(273)) - Registered Data node : 1ad3fd21-b666-4d4e-8138-b5cd04f973fd{ip: 192.168.34.5, host: pr-hdds-1569-j4bt4-3030777008, networkLocation: /default-rack, certSerialId: null}
2019-09-19 08:58:24,424 | INFO  | SCMAudit | user=jenkins1000 | ip=192.168.34.5 | op=REGISTER {datanodeDetails=1ad3fd21-b666-4d4e-8138-b5cd04f973fd{ip: 192.168.34.5, host: pr-hdds-1569-j4bt4-3030777008, networkLocation: /default-rack, certSerialId: null}} | ret=SUCCESS |  
2019-09-19 08:58:24,424 [main] INFO  ozone.MiniOzoneClusterImpl (MiniOzoneClusterImpl.java:lambda$waitForClusterToBeReady$0(142)) - Cluster is ready. Got 10 of 10 DN Heartbeats.
2019-09-19 08:58:24,428 [grpc-default-executor-0] INFO  impl.RaftServerProxy (RaftServerProxy.java:addNew(89)) - d611bba7-fcef-48db-9a8e-14e1bb825cd8: addNew group-19DE7545EDE0:[d611bba7-fcef-48db-9a8e-14e1bb825cd8:192.168.34.5:34044] returns group-19DE7545EDE0:java.util.concurrent.CompletableFuture@7c12a957[Not completed]
2019-09-19 08:58:24,430 [pool-49-thread-1] INFO  impl.RaftServerImpl (RaftServerImpl.java:<init>(93)) - d611bba7-fcef-48db-9a8e-14e1bb825cd8: new RaftServerImpl for group-19DE7545EDE0:[d611bba7-fcef-48db-9a8e-14e1bb825cd8:192.168.34.5:34044] with ContainerStateMachine:uninitialized
2019-09-19 08:58:24,430 [pool-49-thread-1] INFO  server.RaftServerConfigKeys (ConfUtils.java:logGet(43)) - raft.server.rpc.timeout.min = 1s (custom)
2019-09-19 08:58:24,430 [pool-49-thread-1] INFO  server.RaftServerConfigKeys (ConfUtils.java:logGet(43)) - raft.server.rpc.timeout.max = 1200ms (custom)
2019-09-19 08:58:24,430 [pool-49-thread-1] INFO  server.RaftServerConfigKeys (ConfUtils.java:logGet(43)) - raft.server.rpcslowness.timeout = 120s (custom)
2019-09-19 08:58:24,430 [pool-49-thread-1] INFO  server.RaftServerConfigKeys (ConfUtils.java:logGet(43)) - raft.server.sleep.deviation.threshold = 300 (default)
2019-09-19 08:58:24,430 [pool-49-thread-1] INFO  server.RaftServerConfigKeys (ConfUtils.java:logGet(43)) - raft.server.log.appender.install.snapshot.enabled = false (custom)
2019-09-19 08:58:24,431 [pool-49-thread-1] INFO  impl.RaftServerImpl (ServerState.java:<init>(105)) - d611bba7-fcef-48db-9a8e-14e1bb825cd8:group-19DE7545EDE0 ConfigurationManager, init=-1: [d611bba7-fcef-48db-9a8e-14e1bb825cd8:192.168.34.5:34044], old=null, confs=<EMPTY_MAP>
2019-09-19 08:58:24,431 [pool-49-thread-1] INFO  server.RaftServerConfigKeys (ConfUtils.java:logGet(43)) - raft.server.storage.dir = [/workdir/hadoop-ozone/integration-test/target/test-dir/MiniOzoneClusterImpl-072ceacc-f14a-494c-b049-5b6ad59b8d93/datanode-2/data/ratis] (custom)
2019-09-19 08:58:24,431 [pool-49-thread-1] INFO  storage.RaftStorageDirectory (RaftStorageDirectory.java:analyzeStorage(246)) - The storage directory /workdir/hadoop-ozone/integration-test/target/test-dir/MiniOzoneClusterImpl-072ceacc-f14a-494c-b049-5b6ad59b8d93/datanode-2/data/ratis/cfa816f4-3db8-4d9b-9ca9-19de7545ede0 does not exist. Creating ...
2019-09-19 08:58:24,444 [pool-49-thread-1] INFO  storage.RaftStorageDirectory (RaftStorageDirectory.java:tryLock(328)) - Lock on /workdir/hadoop-ozone/integration-test/target/test-dir/MiniOzoneClusterImpl-072ceacc-f14a-494c-b049-5b6ad59b8d93/datanode-2/data/ratis/cfa816f4-3db8-4d9b-9ca9-19de7545ede0/in_use.lock acquired by nodename 8013@pr-hdds-1569-j4bt4-3030777008
2019-09-19 08:58:24,457 [pool-49-thread-1] INFO  storage.RaftStorage (RaftStorage.java:format(72)) - Storage directory /workdir/hadoop-ozone/integration-test/target/test-dir/MiniOzoneClusterImpl-072ceacc-f14a-494c-b049-5b6ad59b8d93/datanode-2/data/ratis/cfa816f4-3db8-4d9b-9ca9-19de7545ede0 has been successfully formatted.
2019-09-19 08:58:24,457 [pool-49-thread-1] INFO  ratis.ContainerStateMachine (ContainerStateMachine.java:loadSnapshot(226)) - group-19DE7545EDE0: The snapshot info is null. Setting the last applied indexto:(t:0, i:~)
2019-09-19 08:58:24,457 [pool-49-thread-1] INFO  server.RaftServerConfigKeys (ConfUtils.java:logGet(43)) - raft.server.leader.election.timeout = 120s (custom)
2019-09-19 08:58:24,457 [pool-49-thread-1] INFO  server.RaftServerConfigKeys (ConfUtils.java:logGet(43)) - raft.server.log.use.memory = false (default)
2019-09-19 08:58:24,457 [pool-49-thread-1] INFO  server.RaftServerConfigKeys (ConfUtils.java:logGet(43)) - raft.server.log.purge.gap = 1000000 (custom)
2019-09-19 08:58:24,457 [pool-49-thread-1] INFO  server.RaftServerConfigKeys (ConfUtils.java:logGet(43)) - raft.server.log.appender.buffer.byte-limit = 33554432 (custom)
2019-09-19 08:58:24,457 [pool-49-thread-1] INFO  server.RaftServerConfigKeys (ConfUtils.java:logGet(43)) - raft.server.log.segment.size.max = 1048576 (custom)
2019-09-19 08:58:24,458 [pool-49-thread-1] INFO  server.RaftServerConfigKeys (ConfUtils.java:logGet(43)) - raft.server.log.segment.cache.num.max = 2 (custom)
2019-09-19 08:58:24,458 [pool-49-thread-1] INFO  segmented.SegmentedRaftLogWorker (SegmentedRaftLogWorker.java:<init>(172)) - new d611bba7-fcef-48db-9a8e-14e1bb825cd8-SegmentedRaftLogWorker:Storage Directory /workdir/hadoop-ozone/integration-test/target/test-dir/MiniOzoneClusterImpl-072ceacc-f14a-494c-b049-5b6ad59b8d93/datanode-2/data/ratis/cfa816f4-3db8-4d9b-9ca9-19de7545ede0 for RaftStorage:Storage Directory /workdir/hadoop-ozone/integration-test/target/test-dir/MiniOzoneClusterImpl-072ceacc-f14a-494c-b049-5b6ad59b8d93/datanode-2/data/ratis/cfa816f4-3db8-4d9b-9ca9-19de7545ede0
2019-09-19 08:58:24,458 [pool-49-thread-1] INFO  server.RaftServerConfigKeys (ConfUtils.java:logGet(43)) - raft.server.log.queue.byte-limit = 2147483647 (custom)
2019-09-19 08:58:24,458 [pool-49-thread-1] INFO  server.RaftServerConfigKeys (ConfUtils.java:logGet(43)) - raft.server.log.queue.element-limit = 1024 (custom)
2019-09-19 08:58:24,458 [pool-49-thread-1] INFO  server.RaftServerConfigKeys (ConfUtils.java:logGet(43)) - raft.server.log.segment.size.max = 1048576 (custom)
2019-09-19 08:58:24,458 [pool-49-thread-1] INFO  server.RaftServerConfigKeys (ConfUtils.java:logGet(43)) - raft.server.log.preallocated.size = 16384 (custom)
2019-09-19 08:58:24,458 [pool-49-thread-1] INFO  server.RaftServerConfigKeys (ConfUtils.java:logGet(43)) - raft.server.log.write.buffer.size = 33554432 (custom)
2019-09-19 08:58:24,458 [pool-49-thread-1] INFO  server.RaftServerConfigKeys (ConfUtils.java:logGet(43)) - raft.server.log.force.sync.num = 128 (default)
2019-09-19 08:58:24,458 [pool-49-thread-1] INFO  server.RaftServerConfigKeys (ConfUtils.java:logGet(43)) - raft.server.log.statemachine.data.sync = true (default)
2019-09-19 08:58:24,459 [pool-49-thread-1] INFO  server.RaftServerConfigKeys (ConfUtils.java:logGet(43)) - raft.server.log.statemachine.data.sync.timeout = 10s (default)
2019-09-19 08:58:24,459 [pool-49-thread-1] INFO  server.RaftServerConfigKeys (ConfUtils.java:logGet(43)) - raft.server.log.statemachine.data.sync.timeout.retry = -1 (default)
2019-09-19 08:58:24,459 [pool-49-thread-1] INFO  server.RaftServerConfigKeys (ConfUtils.java:logGet(43)) - raft.server.log.statemachine.data.caching.enabled = true (custom)
2019-09-19 08:58:24,459 [pool-49-thread-1] INFO  segmented.SegmentedRaftLogWorker (SegmentedRaftLogWorker.java:lambda$new$0(132)) - d611bba7-fcef-48db-9a8e-14e1bb825cd8-SegmentedRaftLogWorker:Storage Directory /workdir/hadoop-ozone/integration-test/target/test-dir/MiniOzoneClusterImpl-072ceacc-f14a-494c-b049-5b6ad59b8d93/datanode-2/data/ratis/cfa816f4-3db8-4d9b-9ca9-19de7545ede0: flushIndex: setUnconditionally 0 -> -1
2019-09-19 08:58:24,459 [pool-49-thread-1] INFO  server.RaftServerConfigKeys (ConfUtils.java:logGet(43)) - raft.server.snapshot.auto.trigger.enabled = true (custom)
2019-09-19 08:58:24,459 [pool-49-thread-1] INFO  server.RaftServerConfigKeys (ConfUtils.java:logGet(43)) - raft.server.snapshot.auto.trigger.threshold = 10000 (custom)
2019-09-19 08:58:24,460 [pool-49-thread-1] INFO  server.RaftServerConfigKeys (ConfUtils.java:logGet(43)) - raft.server.retrycache.expirytime = 600000ms (custom)
2019-09-19 08:58:24,460 [pool-49-thread-1] INFO  impl.RaftServerImpl (RaftServerImpl.java:start(180)) - d611bba7-fcef-48db-9a8e-14e1bb825cd8: start group-19DE7545EDE0
2019-09-19 08:58:24,460 [pool-49-thread-1] INFO  impl.RaftServerImpl (RaftServerImpl.java:setRole(171)) - d611bba7-fcef-48db-9a8e-14e1bb825cd8:group-19DE7545EDE0 changes role from null to FOLLOWER at term 0 for startAsFollower
2019-09-19 08:58:24,460 [pool-49-thread-1] INFO  impl.RoleInfo (RoleInfo.java:updateAndGet(143)) - d611bba7-fcef-48db-9a8e-14e1bb825cd8: start FollowerState
2019-09-19 08:58:24,460 [pool-49-thread-1] INFO  util.JmxRegister (JmxRegister.java:tryRegister(44)) - Successfully registered JMX Bean with object name Ratis:service=RaftServer,group=group-19DE7545EDE0,id=d611bba7-fcef-48db-9a8e-14e1bb825cd8
2019-09-19 08:58:24,472 [RatisPipelineUtilsThread] INFO  pipeline.PipelineStateManager (PipelineStateManager.java:addPipeline(56)) - Created pipeline Pipeline[ Id: cfa816f4-3db8-4d9b-9ca9-19de7545ede0, Nodes: d611bba7-fcef-48db-9a8e-14e1bb825cd8{ip: 192.168.34.5, host: pr-hdds-1569-j4bt4-3030777008, networkLocation: /default-rack, certSerialId: null}, Type:RATIS, Factor:ONE, State:OPEN]
2019-09-19 08:58:24,491 [grpc-default-executor-1] INFO  impl.RaftServerProxy (RaftServerProxy.java:addNew(89)) - 59afcdb3-7cd7-47ef-abfa-eabf405042f7: addNew group-E68AF788F5B1:[59afcdb3-7cd7-47ef-abfa-eabf405042f7:192.168.34.5:36202] returns group-E68AF788F5B1:java.util.concurrent.CompletableFuture@490afd44[Not completed]
2019-09-19 08:58:24,492 [pool-71-thread-1] INFO  impl.RaftServerImpl (RaftServerImpl.java:<init>(93)) - 59afcdb3-7cd7-47ef-abfa-eabf405042f7: new RaftServerImpl for group-E68AF788F5B1:[59afcdb3-7cd7-47ef-abfa-eabf405042f7:192.168.34.5:36202] with ContainerStateMachine:uninitialized
2019-09-19 08:58:24,492 [pool-71-thread-1] INFO  server.RaftServerConfigKeys (ConfUtils.java:logGet(43)) - raft.server.rpc.timeout.min = 1s (custom)
2019-09-19 08:58:24,492 [pool-71-thread-1] INFO  server.RaftServerConfigKeys (ConfUtils.java:logGet(43)) - raft.server.rpc.timeout.max = 1200ms (custom)
2019-09-19 08:58:24,492 [pool-71-thread-1] INFO  server.RaftServerConfigKeys (ConfUtils.java:logGet(43)) - raft.server.rpcslowness.timeout = 120s (custom)
2019-09-19 08:58:24,493 [pool-71-thread-1] INFO  server.RaftServerConfigKeys (ConfUtils.java:logGet(43)) - raft.server.sleep.deviation.threshold = 300 (default)
2019-09-19 08:58:24,493 [pool-71-thread-1] INFO  server.RaftServerConfigKeys (ConfUtils.java:logGet(43)) - raft.server.log.appender.install.snapshot.enabled = false (custom)
2019-09-19 08:58:24,493 [pool-71-thread-1] INFO  impl.RaftServerImpl (ServerState.java:<init>(105)) - 59afcdb3-7cd7-47ef-abfa-eabf405042f7:group-E68AF788F5B1 ConfigurationManager, init=-1: [59afcdb3-7cd7-47ef-abfa-eabf405042f7:192.168.34.5:36202], old=null, confs=<EMPTY_MAP>
2019-09-19 08:58:24,493 [pool-71-thread-1] INFO  server.RaftServerConfigKeys (ConfUtils.java:logGet(43)) - raft.server.storage.dir = [/workdir/hadoop-ozone/integration-test/target/test-dir/MiniOzoneClusterImpl-072ceacc-f14a-494c-b049-5b6ad59b8d93/datanode-4/data/ratis] (custom)
2019-09-19 08:58:24,493 [pool-71-thread-1] INFO  storage.RaftStorageDirectory (RaftStorageDirectory.java:analyzeStorage(246)) - The storage directory /workdir/hadoop-ozone/integration-test/target/test-dir/MiniOzoneClusterImpl-072ceacc-f14a-494c-b049-5b6ad59b8d93/datanode-4/data/ratis/d5a4a6ea-1f11-4e73-9c33-e68af788f5b1 does not exist. Creating ...
2019-09-19 08:58:24,505 [pool-71-thread-1] INFO  storage.RaftStorageDirectory (RaftStorageDirectory.java:tryLock(328)) - Lock on /workdir/hadoop-ozone/integration-test/target/test-dir/MiniOzoneClusterImpl-072ceacc-f14a-494c-b049-5b6ad59b8d93/datanode-4/data/ratis/d5a4a6ea-1f11-4e73-9c33-e68af788f5b1/in_use.lock acquired by nodename 8013@pr-hdds-1569-j4bt4-3030777008
2019-09-19 08:58:24,518 [pool-71-thread-1] INFO  storage.RaftStorage (RaftStorage.java:format(72)) - Storage directory /workdir/hadoop-ozone/integration-test/target/test-dir/MiniOzoneClusterImpl-072ceacc-f14a-494c-b049-5b6ad59b8d93/datanode-4/data/ratis/d5a4a6ea-1f11-4e73-9c33-e68af788f5b1 has been successfully formatted.
2019-09-19 08:58:24,519 [pool-71-thread-1] INFO  ratis.ContainerStateMachine (ContainerStateMachine.java:loadSnapshot(226)) - group-E68AF788F5B1: The snapshot info is null. Setting the last applied indexto:(t:0, i:~)
2019-09-19 08:58:24,519 [pool-71-thread-1] INFO  server.RaftServerConfigKeys (ConfUtils.java:logGet(43)) - raft.server.leader.election.timeout = 120s (custom)
2019-09-19 08:58:24,519 [pool-71-thread-1] INFO  server.RaftServerConfigKeys (ConfUtils.java:logGet(43)) - raft.server.log.use.memory = false (default)
2019-09-19 08:58:24,519 [pool-71-thread-1] INFO  server.RaftServerConfigKeys (ConfUtils.java:logGet(43)) - raft.server.log.purge.gap = 1000000 (custom)
2019-09-19 08:58:24,519 [pool-71-thread-1] INFO  server.RaftServerConfigKeys (ConfUtils.java:logGet(43)) - raft.server.log.appender.buffer.byte-limit = 33554432 (custom)
2019-09-19 08:58:24,520 [pool-71-thread-1] INFO  server.RaftServerConfigKeys (ConfUtils.java:logGet(43)) - raft.server.log.segment.size.max = 1048576 (custom)
2019-09-19 08:58:24,520 [pool-71-thread-1] INFO  server.RaftServerConfigKeys (ConfUtils.java:logGet(43)) - raft.server.log.segment.cache.num.max = 2 (custom)
2019-09-19 08:58:24,520 [pool-71-thread-1] INFO  segmented.SegmentedRaftLogWorker (SegmentedRaftLogWorker.java:<init>(172)) - new 59afcdb3-7cd7-47ef-abfa-eabf405042f7-SegmentedRaftLogWorker:Storage Directory /workdir/hadoop-ozone/integration-test/target/test-dir/MiniOzoneClusterImpl-072ceacc-f14a-494c-b049-5b6ad59b8d93/datanode-4/data/ratis/d5a4a6ea-1f11-4e73-9c33-e68af788f5b1 for RaftStorage:Storage Directory /workdir/hadoop-ozone/integration-test/target/test-dir/MiniOzoneClusterImpl-072ceacc-f14a-494c-b049-5b6ad59b8d93/datanode-4/data/ratis/d5a4a6ea-1f11-4e73-9c33-e68af788f5b1
2019-09-19 08:58:24,520 [pool-71-thread-1] INFO  server.RaftServerConfigKeys (ConfUtils.java:logGet(43)) - raft.server.log.queue.byte-limit = 2147483647 (custom)
2019-09-19 08:58:24,520 [pool-71-thread-1] INFO  server.RaftServerConfigKeys (ConfUtils.java:logGet(43)) - raft.server.log.queue.element-limit = 1024 (custom)
2019-09-19 08:58:24,520 [pool-71-thread-1] INFO  server.RaftServerConfigKeys (ConfUtils.java:logGet(43)) - raft.server.log.segment.size.max = 1048576 (custom)
2019-09-19 08:58:24,521 [pool-71-thread-1] INFO  server.RaftServerConfigKeys (ConfUtils.java:logGet(43)) - raft.server.log.preallocated.size = 16384 (custom)
2019-09-19 08:58:24,521 [pool-71-thread-1] INFO  server.RaftServerConfigKeys (ConfUtils.java:logGet(43)) - raft.server.log.write.buffer.size = 33554432 (custom)
2019-09-19 08:58:24,521 [pool-71-thread-1] INFO  server.RaftServerConfigKeys (ConfUtils.java:logGet(43)) - raft.server.log.force.sync.num = 128 (default)
2019-09-19 08:58:24,521 [pool-71-thread-1] INFO  server.RaftServerConfigKeys (ConfUtils.java:logGet(43)) - raft.server.log.statemachine.data.sync = true (default)
2019-09-19 08:58:24,521 [pool-71-thread-1] INFO  server.RaftServerConfigKeys (ConfUtils.java:logGet(43)) - raft.server.log.statemachine.data.sync.timeout = 10s (default)
2019-09-19 08:58:24,521 [pool-71-thread-1] INFO  server.RaftServerConfigKeys (ConfUtils.java:logGet(43)) - raft.server.log.statemachine.data.sync.timeout.retry = -1 (default)
2019-09-19 08:58:24,522 [pool-71-thread-1] INFO  server.RaftServerConfigKeys (ConfUtils.java:logGet(43)) - raft.server.log.statemachine.data.caching.enabled = true (custom)
2019-09-19 08:58:24,522 [pool-71-thread-1] INFO  segmented.SegmentedRaftLogWorker (SegmentedRaftLogWorker.java:lambda$new$0(132)) - 59afcdb3-7cd7-47ef-abfa-eabf405042f7-SegmentedRaftLogWorker:Storage Directory /workdir/hadoop-ozone/integration-test/target/test-dir/MiniOzoneClusterImpl-072ceacc-f14a-494c-b049-5b6ad59b8d93/datanode-4/data/ratis/d5a4a6ea-1f11-4e73-9c33-e68af788f5b1: flushIndex: setUnconditionally 0 -> -1
2019-09-19 08:58:24,522 [pool-71-thread-1] INFO  server.RaftServerConfigKeys (ConfUtils.java:logGet(43)) - raft.server.snapshot.auto.trigger.enabled = true (custom)
2019-09-19 08:58:24,522 [pool-71-thread-1] INFO  server.RaftServerConfigKeys (ConfUtils.java:logGet(43)) - raft.server.snapshot.auto.trigger.threshold = 10000 (custom)
2019-09-19 08:58:24,523 [pool-71-thread-1] INFO  server.RaftServerConfigKeys (ConfUtils.java:logGet(43)) - raft.server.retrycache.expirytime = 600000ms (custom)
2019-09-19 08:58:24,523 [pool-71-thread-1] INFO  impl.RaftServerImpl (RaftServerImpl.java:start(180)) - 59afcdb3-7cd7-47ef-abfa-eabf405042f7: start group-E68AF788F5B1
2019-09-19 08:58:24,523 [pool-71-thread-1] INFO  impl.RaftServerImpl (RaftServerImpl.java:setRole(171)) - 59afcdb3-7cd7-47ef-abfa-eabf405042f7:group-E68AF788F5B1 changes role from null to FOLLOWER at term 0 for startAsFollower
2019-09-19 08:58:24,523 [pool-71-thread-1] INFO  impl.RoleInfo (RoleInfo.java:updateAndGet(143)) - 59afcdb3-7cd7-47ef-abfa-eabf405042f7: start FollowerState
2019-09-19 08:58:24,524 [pool-71-thread-1] INFO  util.JmxRegister (JmxRegister.java:tryRegister(44)) - Successfully registered JMX Bean with object name Ratis:service=RaftServer,group=group-E68AF788F5B1,id=59afcdb3-7cd7-47ef-abfa-eabf405042f7
2019-09-19 08:58:24,537 | INFO  | SCMAudit | user=jenkins1000 | ip=192.168.34.5 | op=SEND_HEARTBEAT {datanodeUUID=356a349a-c9c9-49f9-a5b1-196804736fbc, command=[]} | ret=SUCCESS |  
2019-09-19 08:58:24,537 [RatisPipelineUtilsThread] INFO  pipeline.PipelineStateManager (PipelineStateManager.java:addPipeline(56)) - Created pipeline Pipeline[ Id: d5a4a6ea-1f11-4e73-9c33-e68af788f5b1, Nodes: 59afcdb3-7cd7-47ef-abfa-eabf405042f7{ip: 192.168.34.5, host: pr-hdds-1569-j4bt4-3030777008, networkLocation: /default-rack, certSerialId: null}, Type:RATIS, Factor:ONE, State:OPEN]
2019-09-19 08:58:24,555 [grpc-default-executor-1] INFO  impl.RaftServerProxy (RaftServerProxy.java:addNew(89)) - 356a349a-c9c9-49f9-a5b1-196804736fbc: addNew group-D9C7C25B65E0:[356a349a-c9c9-49f9-a5b1-196804736fbc:192.168.34.5:46709] returns group-D9C7C25B65E0:java.util.concurrent.CompletableFuture@43f29634[Not completed]
2019-09-19 08:58:24,556 [pool-38-thread-1] INFO  impl.RaftServerImpl (RaftServerImpl.java:<init>(93)) - 356a349a-c9c9-49f9-a5b1-196804736fbc: new RaftServerImpl for group-D9C7C25B65E0:[356a349a-c9c9-49f9-a5b1-196804736fbc:192.168.34.5:46709] with ContainerStateMachine:uninitialized
2019-09-19 08:58:24,556 [pool-38-thread-1] INFO  server.RaftServerConfigKeys (ConfUtils.java:logGet(43)) - raft.server.rpc.timeout.min = 1s (custom)
2019-09-19 08:58:24,556 [pool-38-thread-1] INFO  server.RaftServerConfigKeys (ConfUtils.java:logGet(43)) - raft.server.rpc.timeout.max = 1200ms (custom)
2019-09-19 08:58:24,556 [pool-38-thread-1] INFO  server.RaftServerConfigKeys (ConfUtils.java:logGet(43)) - raft.server.rpcslowness.timeout = 120s (custom)
2019-09-19 08:58:24,556 [pool-38-thread-1] INFO  server.RaftServerConfigKeys (ConfUtils.java:logGet(43)) - raft.server.sleep.deviation.threshold = 300 (default)
2019-09-19 08:58:24,557 [pool-38-thread-1] INFO  server.RaftServerConfigKeys (ConfUtils.java:logGet(43)) - raft.server.log.appender.install.snapshot.enabled = false (custom)
2019-09-19 08:58:24,557 [pool-38-thread-1] INFO  impl.RaftServerImpl (ServerState.java:<init>(105)) - 356a349a-c9c9-49f9-a5b1-196804736fbc:group-D9C7C25B65E0 ConfigurationManager, init=-1: [356a349a-c9c9-49f9-a5b1-196804736fbc:192.168.34.5:46709], old=null, confs=<EMPTY_MAP>
2019-09-19 08:58:24,557 [pool-38-thread-1] INFO  server.RaftServerConfigKeys (ConfUtils.java:logGet(43)) - raft.server.storage.dir = [/workdir/hadoop-ozone/integration-test/target/test-dir/MiniOzoneClusterImpl-072ceacc-f14a-494c-b049-5b6ad59b8d93/datanode-1/data/ratis] (custom)
2019-09-19 08:58:24,557 [pool-38-thread-1] INFO  storage.RaftStorageDirectory (RaftStorageDirectory.java:analyzeStorage(246)) - The storage directory /workdir/hadoop-ozone/integration-test/target/test-dir/MiniOzoneClusterImpl-072ceacc-f14a-494c-b049-5b6ad59b8d93/datanode-1/data/ratis/25c1e56e-2f01-4650-8aad-d9c7c25b65e0 does not exist. Creating ...
2019-09-19 08:58:24,569 [pool-38-thread-1] INFO  storage.RaftStorageDirectory (RaftStorageDirectory.java:tryLock(328)) - Lock on /workdir/hadoop-ozone/integration-test/target/test-dir/MiniOzoneClusterImpl-072ceacc-f14a-494c-b049-5b6ad59b8d93/datanode-1/data/ratis/25c1e56e-2f01-4650-8aad-d9c7c25b65e0/in_use.lock acquired by nodename 8013@pr-hdds-1569-j4bt4-3030777008
2019-09-19 08:58:24,582 [pool-38-thread-1] INFO  storage.RaftStorage (RaftStorage.java:format(72)) - Storage directory /workdir/hadoop-ozone/integration-test/target/test-dir/MiniOzoneClusterImpl-072ceacc-f14a-494c-b049-5b6ad59b8d93/datanode-1/data/ratis/25c1e56e-2f01-4650-8aad-d9c7c25b65e0 has been successfully formatted.
2019-09-19 08:58:24,582 [pool-38-thread-1] INFO  ratis.ContainerStateMachine (ContainerStateMachine.java:loadSnapshot(226)) - group-D9C7C25B65E0: The snapshot info is null. Setting the last applied indexto:(t:0, i:~)
2019-09-19 08:58:24,582 [pool-38-thread-1] INFO  server.RaftServerConfigKeys (ConfUtils.java:logGet(43)) - raft.server.leader.election.timeout = 120s (custom)
2019-09-19 08:58:24,583 [pool-38-thread-1] INFO  server.RaftServerConfigKeys (ConfUtils.java:logGet(43)) - raft.server.log.use.memory = false (default)
2019-09-19 08:58:24,583 [pool-38-thread-1] INFO  server.RaftServerConfigKeys (ConfUtils.java:logGet(43)) - raft.server.log.purge.gap = 1000000 (custom)
2019-09-19 08:58:24,583 [pool-38-thread-1] INFO  server.RaftServerConfigKeys (ConfUtils.java:logGet(43)) - raft.server.log.appender.buffer.byte-limit = 33554432 (custom)
2019-09-19 08:58:24,583 [pool-38-thread-1] INFO  server.RaftServerConfigKeys (ConfUtils.java:logGet(43)) - raft.server.log.segment.size.max = 1048576 (custom)
2019-09-19 08:58:24,583 [pool-38-thread-1] INFO  server.RaftServerConfigKeys (ConfUtils.java:logGet(43)) - raft.server.log.segment.cache.num.max = 2 (custom)
2019-09-19 08:58:24,583 [pool-38-thread-1] INFO  segmented.SegmentedRaftLogWorker (SegmentedRaftLogWorker.java:<init>(172)) - new 356a349a-c9c9-49f9-a5b1-196804736fbc-SegmentedRaftLogWorker:Storage Directory /workdir/hadoop-ozone/integration-test/target/test-dir/MiniOzoneClusterImpl-072ceacc-f14a-494c-b049-5b6ad59b8d93/datanode-1/data/ratis/25c1e56e-2f01-4650-8aad-d9c7c25b65e0 for RaftStorage:Storage Directory /workdir/hadoop-ozone/integration-test/target/test-dir/MiniOzoneClusterImpl-072ceacc-f14a-494c-b049-5b6ad59b8d93/datanode-1/data/ratis/25c1e56e-2f01-4650-8aad-d9c7c25b65e0
2019-09-19 08:58:24,583 [pool-38-thread-1] INFO  server.RaftServerConfigKeys (ConfUtils.java:logGet(43)) - raft.server.log.queue.byte-limit = 2147483647 (custom)
2019-09-19 08:58:24,583 [pool-38-thread-1] INFO  server.RaftServerConfigKeys (ConfUtils.java:logGet(43)) - raft.server.log.queue.element-limit = 1024 (custom)
2019-09-19 08:58:24,583 [pool-38-thread-1] INFO  server.RaftServerConfigKeys (ConfUtils.java:logGet(43)) - raft.server.log.segment.size.max = 1048576 (custom)
2019-09-19 08:58:24,584 [pool-38-thread-1] INFO  server.RaftServerConfigKeys (ConfUtils.java:logGet(43)) - raft.server.log.preallocated.size = 16384 (custom)
2019-09-19 08:58:24,584 [pool-38-thread-1] INFO  server.RaftServerConfigKeys (ConfUtils.java:logGet(43)) - raft.server.log.write.buffer.size = 33554432 (custom)
2019-09-19 08:58:24,584 [pool-38-thread-1] INFO  server.RaftServerConfigKeys (ConfUtils.java:logGet(43)) - raft.server.log.force.sync.num = 128 (default)
2019-09-19 08:58:24,584 [pool-38-thread-1] INFO  server.RaftServerConfigKeys (ConfUtils.java:logGet(43)) - raft.server.log.statemachine.data.sync = true (default)
2019-09-19 08:58:24,584 [pool-38-thread-1] INFO  server.RaftServerConfigKeys (ConfUtils.java:logGet(43)) - raft.server.log.statemachine.data.sync.timeout = 10s (default)
2019-09-19 08:58:24,584 [pool-38-thread-1] INFO  server.RaftServerConfigKeys (ConfUtils.java:logGet(43)) - raft.server.log.statemachine.data.sync.timeout.retry = -1 (default)
2019-09-19 08:58:24,584 [pool-38-thread-1] INFO  server.RaftServerConfigKeys (ConfUtils.java:logGet(43)) - raft.server.log.statemachine.data.caching.enabled = true (custom)
2019-09-19 08:58:24,584 [pool-38-thread-1] INFO  segmented.SegmentedRaftLogWorker (SegmentedRaftLogWorker.java:lambda$new$0(132)) - 356a349a-c9c9-49f9-a5b1-196804736fbc-SegmentedRaftLogWorker:Storage Directory /workdir/hadoop-ozone/integration-test/target/test-dir/MiniOzoneClusterImpl-072ceacc-f14a-494c-b049-5b6ad59b8d93/datanode-1/data/ratis/25c1e56e-2f01-4650-8aad-d9c7c25b65e0: flushIndex: setUnconditionally 0 -> -1
2019-09-19 08:58:24,585 [pool-38-thread-1] INFO  server.RaftServerConfigKeys (ConfUtils.java:logGet(43)) - raft.server.snapshot.auto.trigger.enabled = true (custom)
2019-09-19 08:58:24,585 [pool-38-thread-1] INFO  server.RaftServerConfigKeys (ConfUtils.java:logGet(43)) - raft.server.snapshot.auto.trigger.threshold = 10000 (custom)
2019-09-19 08:58:24,585 [pool-38-thread-1] INFO  server.RaftServerConfigKeys (ConfUtils.java:logGet(43)) - raft.server.retrycache.expirytime = 600000ms (custom)
2019-09-19 08:58:24,585 [pool-38-thread-1] INFO  impl.RaftServerImpl (RaftServerImpl.java:start(180)) - 356a349a-c9c9-49f9-a5b1-196804736fbc: start group-D9C7C25B65E0
2019-09-19 08:58:24,585 [pool-38-thread-1] INFO  impl.RaftServerImpl (RaftServerImpl.java:setRole(171)) - 356a349a-c9c9-49f9-a5b1-196804736fbc:group-D9C7C25B65E0 changes role from null to FOLLOWER at term 0 for startAsFollower
2019-09-19 08:58:24,585 [pool-38-thread-1] INFO  impl.RoleInfo (RoleInfo.java:updateAndGet(143)) - 356a349a-c9c9-49f9-a5b1-196804736fbc: start FollowerState
2019-09-19 08:58:24,586 [pool-38-thread-1] INFO  util.JmxRegister (JmxRegister.java:tryRegister(44)) - Successfully registered JMX Bean with object name Ratis:service=RaftServer,group=group-D9C7C25B65E0,id=356a349a-c9c9-49f9-a5b1-196804736fbc
2019-09-19 08:58:24,590 [RatisPipelineUtilsThread] INFO  pipeline.PipelineStateManager (PipelineStateManager.java:addPipeline(56)) - Created pipeline Pipeline[ Id: 25c1e56e-2f01-4650-8aad-d9c7c25b65e0, Nodes: 356a349a-c9c9-49f9-a5b1-196804736fbc{ip: 192.168.34.5, host: pr-hdds-1569-j4bt4-3030777008, networkLocation: /default-rack, certSerialId: null}, Type:RATIS, Factor:ONE, State:OPEN]
2019-09-19 08:58:24,601 [grpc-default-executor-1] INFO  impl.RaftServerProxy (RaftServerProxy.java:addNew(89)) - 8a96a672-7e2f-4b1c-ac1e-ddd5d18a6d5d: addNew group-BAC6AA20B23B:[8a96a672-7e2f-4b1c-ac1e-ddd5d18a6d5d:192.168.34.5:45218] returns group-BAC6AA20B23B:java.util.concurrent.CompletableFuture@6028723a[Not completed]
2019-09-19 08:58:24,603 [pool-27-thread-1] INFO  impl.RaftServerImpl (RaftServerImpl.java:<init>(93)) - 8a96a672-7e2f-4b1c-ac1e-ddd5d18a6d5d: new RaftServerImpl for group-BAC6AA20B23B:[8a96a672-7e2f-4b1c-ac1e-ddd5d18a6d5d:192.168.34.5:45218] with ContainerStateMachine:uninitialized
2019-09-19 08:58:24,603 [pool-27-thread-1] INFO  server.RaftServerConfigKeys (ConfUtils.java:logGet(43)) - raft.server.rpc.timeout.min = 1s (custom)
2019-09-19 08:58:24,603 [pool-27-thread-1] INFO  server.RaftServerConfigKeys (ConfUtils.java:logGet(43)) - raft.server.rpc.timeout.max = 1200ms (custom)
2019-09-19 08:58:24,603 [pool-27-thread-1] INFO  server.RaftServerConfigKeys (ConfUtils.java:logGet(43)) - raft.server.rpcslowness.timeout = 120s (custom)
2019-09-19 08:58:24,603 [pool-27-thread-1] INFO  server.RaftServerConfigKeys (ConfUtils.java:logGet(43)) - raft.server.sleep.deviation.threshold = 300 (default)
2019-09-19 08:58:24,603 [pool-27-thread-1] INFO  server.RaftServerConfigKeys (ConfUtils.java:logGet(43)) - raft.server.log.appender.install.snapshot.enabled = false (custom)
2019-09-19 08:58:24,604 [pool-27-thread-1] INFO  impl.RaftServerImpl (ServerState.java:<init>(105)) - 8a96a672-7e2f-4b1c-ac1e-ddd5d18a6d5d:group-BAC6AA20B23B ConfigurationManager, init=-1: [8a96a672-7e2f-4b1c-ac1e-ddd5d18a6d5d:192.168.34.5:45218], old=null, confs=<EMPTY_MAP>
2019-09-19 08:58:24,604 [pool-27-thread-1] INFO  server.RaftServerConfigKeys (ConfUtils.java:logGet(43)) - raft.server.storage.dir = [/workdir/hadoop-ozone/integration-test/target/test-dir/MiniOzoneClusterImpl-072ceacc-f14a-494c-b049-5b6ad59b8d93/datanode-0/data/ratis] (custom)
2019-09-19 08:58:24,604 [pool-27-thread-1] INFO  storage.RaftStorageDirectory (RaftStorageDirectory.java:analyzeStorage(246)) - The storage directory /workdir/hadoop-ozone/integration-test/target/test-dir/MiniOzoneClusterImpl-072ceacc-f14a-494c-b049-5b6ad59b8d93/datanode-0/data/ratis/d7bac842-c4d3-4ae1-bcab-bac6aa20b23b does not exist. Creating ...
2019-09-19 08:58:24,617 [pool-27-thread-1] INFO  storage.RaftStorageDirectory (RaftStorageDirectory.java:tryLock(328)) - Lock on /workdir/hadoop-ozone/integration-test/target/test-dir/MiniOzoneClusterImpl-072ceacc-f14a-494c-b049-5b6ad59b8d93/datanode-0/data/ratis/d7bac842-c4d3-4ae1-bcab-bac6aa20b23b/in_use.lock acquired by nodename 8013@pr-hdds-1569-j4bt4-3030777008
2019-09-19 08:58:24,629 [pool-27-thread-1] INFO  storage.RaftStorage (RaftStorage.java:format(72)) - Storage directory /workdir/hadoop-ozone/integration-test/target/test-dir/MiniOzoneClusterImpl-072ceacc-f14a-494c-b049-5b6ad59b8d93/datanode-0/data/ratis/d7bac842-c4d3-4ae1-bcab-bac6aa20b23b has been successfully formatted.
2019-09-19 08:58:24,629 [pool-27-thread-1] INFO  ratis.ContainerStateMachine (ContainerStateMachine.java:loadSnapshot(226)) - group-BAC6AA20B23B: The snapshot info is null. Setting the last applied indexto:(t:0, i:~)
2019-09-19 08:58:24,630 [pool-27-thread-1] INFO  server.RaftServerConfigKeys (ConfUtils.java:logGet(43)) - raft.server.leader.election.timeout = 120s (custom)
2019-09-19 08:58:24,630 [pool-27-thread-1] INFO  server.RaftServerConfigKeys (ConfUtils.java:logGet(43)) - raft.server.log.use.memory = false (default)
2019-09-19 08:58:24,630 [pool-27-thread-1] INFO  server.RaftServerConfigKeys (ConfUtils.java:logGet(43)) - raft.server.log.purge.gap = 1000000 (custom)
2019-09-19 08:58:24,630 [pool-27-thread-1] INFO  server.RaftServerConfigKeys (ConfUtils.java:logGet(43)) - raft.server.log.appender.buffer.byte-limit = 33554432 (custom)
2019-09-19 08:58:24,630 [pool-27-thread-1] INFO  server.RaftServerConfigKeys (ConfUtils.java:logGet(43)) - raft.server.log.segment.size.max = 1048576 (custom)
2019-09-19 08:58:24,630 [pool-27-thread-1] INFO  server.RaftServerConfigKeys (ConfUtils.java:logGet(43)) - raft.server.log.segment.cache.num.max = 2 (custom)
2019-09-19 08:58:24,630 [pool-27-thread-1] INFO  segmented.SegmentedRaftLogWorker (SegmentedRaftLogWorker.java:<init>(172)) - new 8a96a672-7e2f-4b1c-ac1e-ddd5d18a6d5d-SegmentedRaftLogWorker:Storage Directory /workdir/hadoop-ozone/integration-test/target/test-dir/MiniOzoneClusterImpl-072ceacc-f14a-494c-b049-5b6ad59b8d93/datanode-0/data/ratis/d7bac842-c4d3-4ae1-bcab-bac6aa20b23b for RaftStorage:Storage Directory /workdir/hadoop-ozone/integration-test/target/test-dir/MiniOzoneClusterImpl-072ceacc-f14a-494c-b049-5b6ad59b8d93/datanode-0/data/ratis/d7bac842-c4d3-4ae1-bcab-bac6aa20b23b
2019-09-19 08:58:24,630 [pool-27-thread-1] INFO  server.RaftServerConfigKeys (ConfUtils.java:logGet(43)) - raft.server.log.queue.byte-limit = 2147483647 (custom)
2019-09-19 08:58:24,630 [pool-27-thread-1] INFO  server.RaftServerConfigKeys (ConfUtils.java:logGet(43)) - raft.server.log.queue.element-limit = 1024 (custom)
2019-09-19 08:58:24,631 [pool-27-thread-1] INFO  server.RaftServerConfigKeys (ConfUtils.java:logGet(43)) - raft.server.log.segment.size.max = 1048576 (custom)
2019-09-19 08:58:24,631 [pool-27-thread-1] INFO  server.RaftServerConfigKeys (ConfUtils.java:logGet(43)) - raft.server.log.preallocated.size = 16384 (custom)
2019-09-19 08:58:24,631 [pool-27-thread-1] INFO  server.RaftServerConfigKeys (ConfUtils.java:logGet(43)) - raft.server.log.write.buffer.size = 33554432 (custom)
2019-09-19 08:58:24,631 [pool-27-thread-1] INFO  server.RaftServerConfigKeys (ConfUtils.java:logGet(43)) - raft.server.log.force.sync.num = 128 (default)
2019-09-19 08:58:24,631 [pool-27-thread-1] INFO  server.RaftServerConfigKeys (ConfUtils.java:logGet(43)) - raft.server.log.statemachine.data.sync = true (default)
2019-09-19 08:58:24,631 [pool-27-thread-1] INFO  server.RaftServerConfigKeys (ConfUtils.java:logGet(43)) - raft.server.log.statemachine.data.sync.timeout = 10s (default)
2019-09-19 08:58:24,631 [pool-27-thread-1] INFO  server.RaftServerConfigKeys (ConfUtils.java:logGet(43)) - raft.server.log.statemachine.data.sync.timeout.retry = -1 (default)
2019-09-19 08:58:24,631 [pool-27-thread-1] INFO  server.RaftServerConfigKeys (ConfUtils.java:logGet(43)) - raft.server.log.statemachine.data.caching.enabled = true (custom)
2019-09-19 08:58:24,632 [pool-27-thread-1] INFO  segmented.SegmentedRaftLogWorker (SegmentedRaftLogWorker.java:lambda$new$0(132)) - 8a96a672-7e2f-4b1c-ac1e-ddd5d18a6d5d-SegmentedRaftLogWorker:Storage Directory /workdir/hadoop-ozone/integration-test/target/test-dir/MiniOzoneClusterImpl-072ceacc-f14a-494c-b049-5b6ad59b8d93/datanode-0/data/ratis/d7bac842-c4d3-4ae1-bcab-bac6aa20b23b: flushIndex: setUnconditionally 0 -> -1
2019-09-19 08:58:24,632 [pool-27-thread-1] INFO  server.RaftServerConfigKeys (ConfUtils.java:logGet(43)) - raft.server.snapshot.auto.trigger.enabled = true (custom)
2019-09-19 08:58:24,632 [pool-27-thread-1] INFO  server.RaftServerConfigKeys (ConfUtils.java:logGet(43)) - raft.server.snapshot.auto.trigger.threshold = 10000 (custom)
2019-09-19 08:58:24,632 [pool-27-thread-1] INFO  server.RaftServerConfigKeys (ConfUtils.java:logGet(43)) - raft.server.retrycache.expirytime = 600000ms (custom)
2019-09-19 08:58:24,632 [pool-27-thread-1] INFO  impl.RaftServerImpl (RaftServerImpl.java:start(180)) - 8a96a672-7e2f-4b1c-ac1e-ddd5d18a6d5d: start group-BAC6AA20B23B
2019-09-19 08:58:24,632 [pool-27-thread-1] INFO  impl.RaftServerImpl (RaftServerImpl.java:setRole(171)) - 8a96a672-7e2f-4b1c-ac1e-ddd5d18a6d5d:group-BAC6AA20B23B changes role from null to FOLLOWER at term 0 for startAsFollower
2019-09-19 08:58:24,633 [pool-27-thread-1] INFO  impl.RoleInfo (RoleInfo.java:updateAndGet(143)) - 8a96a672-7e2f-4b1c-ac1e-ddd5d18a6d5d: start FollowerState
2019-09-19 08:58:24,633 [pool-27-thread-1] INFO  util.JmxRegister (JmxRegister.java:tryRegister(44)) - Successfully registered JMX Bean with object name Ratis:service=RaftServer,group=group-BAC6AA20B23B,id=8a96a672-7e2f-4b1c-ac1e-ddd5d18a6d5d
2019-09-19 08:58:24,639 [RatisPipelineUtilsThread] INFO  pipeline.PipelineStateManager (PipelineStateManager.java:addPipeline(56)) - Created pipeline Pipeline[ Id: d7bac842-c4d3-4ae1-bcab-bac6aa20b23b, Nodes: 8a96a672-7e2f-4b1c-ac1e-ddd5d18a6d5d{ip: 192.168.34.5, host: pr-hdds-1569-j4bt4-3030777008, networkLocation: /default-rack, certSerialId: null}, Type:RATIS, Factor:ONE, State:OPEN]
2019-09-19 08:58:24,651 [grpc-default-executor-1] INFO  impl.RaftServerProxy (RaftServerProxy.java:addNew(89)) - d611bba7-fcef-48db-9a8e-14e1bb825cd8: addNew group-BB69C773B221:[d611bba7-fcef-48db-9a8e-14e1bb825cd8:192.168.34.5:34044] returns group-BB69C773B221:java.util.concurrent.CompletableFuture@f53f3b6[Not completed]
2019-09-19 08:58:24,653 [pool-49-thread-1] INFO  impl.RaftServerImpl (RaftServerImpl.java:<init>(93)) - d611bba7-fcef-48db-9a8e-14e1bb825cd8: new RaftServerImpl for group-BB69C773B221:[d611bba7-fcef-48db-9a8e-14e1bb825cd8:192.168.34.5:34044] with ContainerStateMachine:uninitialized
2019-09-19 08:58:24,653 [pool-49-thread-1] INFO  server.RaftServerConfigKeys (ConfUtils.java:logGet(43)) - raft.server.rpc.timeout.min = 1s (custom)
2019-09-19 08:58:24,653 [pool-49-thread-1] INFO  server.RaftServerConfigKeys (ConfUtils.java:logGet(43)) - raft.server.rpc.timeout.max = 1200ms (custom)
2019-09-19 08:58:24,654 [pool-49-thread-1] INFO  server.RaftServerConfigKeys (ConfUtils.java:logGet(43)) - raft.server.rpcslowness.timeout = 120s (custom)
2019-09-19 08:58:24,654 [pool-49-thread-1] INFO  server.RaftServerConfigKeys (ConfUtils.java:logGet(43)) - raft.server.sleep.deviation.threshold = 300 (default)
2019-09-19 08:58:24,654 [pool-49-thread-1] INFO  server.RaftServerConfigKeys (ConfUtils.java:logGet(43)) - raft.server.log.appender.install.snapshot.enabled = false (custom)
2019-09-19 08:58:24,654 [pool-49-thread-1] INFO  impl.RaftServerImpl (ServerState.java:<init>(105)) - d611bba7-fcef-48db-9a8e-14e1bb825cd8:group-BB69C773B221 ConfigurationManager, init=-1: [d611bba7-fcef-48db-9a8e-14e1bb825cd8:192.168.34.5:34044], old=null, confs=<EMPTY_MAP>
2019-09-19 08:58:24,654 [pool-49-thread-1] INFO  server.RaftServerConfigKeys (ConfUtils.java:logGet(43)) - raft.server.storage.dir = [/workdir/hadoop-ozone/integration-test/target/test-dir/MiniOzoneClusterImpl-072ceacc-f14a-494c-b049-5b6ad59b8d93/datanode-2/data/ratis] (custom)
2019-09-19 08:58:24,655 [pool-49-thread-1] INFO  storage.RaftStorageDirectory (RaftStorageDirectory.java:analyzeStorage(246)) - The storage directory /workdir/hadoop-ozone/integration-test/target/test-dir/MiniOzoneClusterImpl-072ceacc-f14a-494c-b049-5b6ad59b8d93/datanode-2/data/ratis/9104f3dd-035a-4c7e-bf7c-bb69c773b221 does not exist. Creating ...
2019-09-19 08:58:24,659 [Thread-284] INFO  impl.FollowerState (FollowerState.java:run(106)) - 8a96a672-7e2f-4b1c-ac1e-ddd5d18a6d5d:group-A52E20FB270C changes to CANDIDATE, lastRpcTime:1104, electionTimeout:1104ms
2019-09-19 08:58:24,659 [Thread-284] INFO  impl.RoleInfo (RoleInfo.java:shutdownFollowerState(121)) - 8a96a672-7e2f-4b1c-ac1e-ddd5d18a6d5d: shutdown FollowerState
2019-09-19 08:58:24,659 [Thread-284] INFO  impl.RaftServerImpl (RaftServerImpl.java:setRole(171)) - 8a96a672-7e2f-4b1c-ac1e-ddd5d18a6d5d:group-A52E20FB270C changes role from FOLLOWER to CANDIDATE at term 0 for changeToCandidate
2019-09-19 08:58:24,664 [Thread-284] INFO  impl.RoleInfo (RoleInfo.java:updateAndGet(143)) - 8a96a672-7e2f-4b1c-ac1e-ddd5d18a6d5d: start LeaderElection
2019-09-19 08:58:24,668 [pool-49-thread-1] INFO  storage.RaftStorageDirectory (RaftStorageDirectory.java:tryLock(328)) - Lock on /workdir/hadoop-ozone/integration-test/target/test-dir/MiniOzoneClusterImpl-072ceacc-f14a-494c-b049-5b6ad59b8d93/datanode-2/data/ratis/9104f3dd-035a-4c7e-bf7c-bb69c773b221/in_use.lock acquired by nodename 8013@pr-hdds-1569-j4bt4-3030777008
2019-09-19 08:58:24,683 [pool-49-thread-1] INFO  storage.RaftStorage (RaftStorage.java:format(72)) - Storage directory /workdir/hadoop-ozone/integration-test/target/test-dir/MiniOzoneClusterImpl-072ceacc-f14a-494c-b049-5b6ad59b8d93/datanode-2/data/ratis/9104f3dd-035a-4c7e-bf7c-bb69c773b221 has been successfully formatted.
2019-09-19 08:58:24,683 [8a96a672-7e2f-4b1c-ac1e-ddd5d18a6d5d:group-A52E20FB270C:LeaderElection1] INFO  impl.LeaderElection (LeaderElection.java:askForVotes(181)) - 8a96a672-7e2f-4b1c-ac1e-ddd5d18a6d5d:group-A52E20FB270C:LeaderElection1: begin an election at term 1 for -1: [8a96a672-7e2f-4b1c-ac1e-ddd5d18a6d5d:192.168.34.5:45218], old=null
2019-09-19 08:58:24,683 [pool-49-thread-1] INFO  ratis.ContainerStateMachine (ContainerStateMachine.java:loadSnapshot(226)) - group-BB69C773B221: The snapshot info is null. Setting the last applied indexto:(t:0, i:~)
2019-09-19 08:58:24,684 [pool-49-thread-1] INFO  server.RaftServerConfigKeys (ConfUtils.java:logGet(43)) - raft.server.leader.election.timeout = 120s (custom)
2019-09-19 08:58:24,689 [pool-49-thread-1] INFO  server.RaftServerConfigKeys (ConfUtils.java:logGet(43)) - raft.server.log.use.memory = false (default)
2019-09-19 08:58:24,689 [pool-49-thread-1] INFO  server.RaftServerConfigKeys (ConfUtils.java:logGet(43)) - raft.server.log.purge.gap = 1000000 (custom)
2019-09-19 08:58:24,689 [pool-49-thread-1] INFO  server.RaftServerConfigKeys (ConfUtils.java:logGet(43)) - raft.server.log.appender.buffer.byte-limit = 33554432 (custom)
2019-09-19 08:58:24,690 [pool-49-thread-1] INFO  server.RaftServerConfigKeys (ConfUtils.java:logGet(43)) - raft.server.log.segment.size.max = 1048576 (custom)
2019-09-19 08:58:24,690 [pool-49-thread-1] INFO  server.RaftServerConfigKeys (ConfUtils.java:logGet(43)) - raft.server.log.segment.cache.num.max = 2 (custom)
2019-09-19 08:58:24,691 [pool-49-thread-1] INFO  segmented.SegmentedRaftLogWorker (SegmentedRaftLogWorker.java:<init>(172)) - new d611bba7-fcef-48db-9a8e-14e1bb825cd8-SegmentedRaftLogWorker:Storage Directory /workdir/hadoop-ozone/integration-test/target/test-dir/MiniOzoneClusterImpl-072ceacc-f14a-494c-b049-5b6ad59b8d93/datanode-2/data/ratis/9104f3dd-035a-4c7e-bf7c-bb69c773b221 for RaftStorage:Storage Directory /workdir/hadoop-ozone/integration-test/target/test-dir/MiniOzoneClusterImpl-072ceacc-f14a-494c-b049-5b6ad59b8d93/datanode-2/data/ratis/9104f3dd-035a-4c7e-bf7c-bb69c773b221
2019-09-19 08:58:24,696 [pool-49-thread-1] INFO  server.RaftServerConfigKeys (ConfUtils.java:logGet(43)) - raft.server.log.queue.byte-limit = 2147483647 (custom)
2019-09-19 08:58:24,696 [8a96a672-7e2f-4b1c-ac1e-ddd5d18a6d5d:group-A52E20FB270C:LeaderElection1] INFO  impl.RoleInfo (RoleInfo.java:shutdownLeaderElection(134)) - 8a96a672-7e2f-4b1c-ac1e-ddd5d18a6d5d: shutdown LeaderElection
2019-09-19 08:58:24,696 [pool-49-thread-1] INFO  server.RaftServerConfigKeys (ConfUtils.java:logGet(43)) - raft.server.log.queue.element-limit = 1024 (custom)
2019-09-19 08:58:24,698 [pool-49-thread-1] INFO  server.RaftServerConfigKeys (ConfUtils.java:logGet(43)) - raft.server.log.segment.size.max = 1048576 (custom)
2019-09-19 08:58:24,698 [pool-49-thread-1] INFO  server.RaftServerConfigKeys (ConfUtils.java:logGet(43)) - raft.server.log.preallocated.size = 16384 (custom)
2019-09-19 08:58:24,698 [pool-49-thread-1] INFO  server.RaftServerConfigKeys (ConfUtils.java:logGet(43)) - raft.server.log.write.buffer.size = 33554432 (custom)
2019-09-19 08:58:24,698 [8a96a672-7e2f-4b1c-ac1e-ddd5d18a6d5d:group-A52E20FB270C:LeaderElection1] INFO  impl.RaftServerImpl (RaftServerImpl.java:setRole(171)) - 8a96a672-7e2f-4b1c-ac1e-ddd5d18a6d5d:group-A52E20FB270C changes role from CANDIDATE to LEADER at term 1 for changeToLeader
2019-09-19 08:58:24,698 [pool-49-thread-1] INFO  server.RaftServerConfigKeys (ConfUtils.java:logGet(43)) - raft.server.log.force.sync.num = 128 (default)
2019-09-19 08:58:24,699 [8a96a672-7e2f-4b1c-ac1e-ddd5d18a6d5d:group-A52E20FB270C:LeaderElection1] INFO  impl.RaftServerImpl (ServerState.java:setLeader(263)) - 8a96a672-7e2f-4b1c-ac1e-ddd5d18a6d5d:group-A52E20FB270C change Leader from null to 8a96a672-7e2f-4b1c-ac1e-ddd5d18a6d5d at term 1 for becomeLeader, leader elected after 1216ms
2019-09-19 08:58:24,699 [pool-49-thread-1] INFO  server.RaftServerConfigKeys (ConfUtils.java:logGet(43)) - raft.server.log.statemachine.data.sync = true (default)
2019-09-19 08:58:24,699 [pool-49-thread-1] INFO  server.RaftServerConfigKeys (ConfUtils.java:logGet(43)) - raft.server.log.statemachine.data.sync.timeout = 10s (default)
2019-09-19 08:58:24,699 [pool-49-thread-1] INFO  server.RaftServerConfigKeys (ConfUtils.java:logGet(43)) - raft.server.log.statemachine.data.sync.timeout.retry = -1 (default)
2019-09-19 08:58:24,699 [pool-49-thread-1] INFO  server.RaftServerConfigKeys (ConfUtils.java:logGet(43)) - raft.server.log.statemachine.data.caching.enabled = true (custom)
2019-09-19 08:58:24,700 [pool-49-thread-1] INFO  segmented.SegmentedRaftLogWorker (SegmentedRaftLogWorker.java:lambda$new$0(132)) - d611bba7-fcef-48db-9a8e-14e1bb825cd8-SegmentedRaftLogWorker:Storage Directory /workdir/hadoop-ozone/integration-test/target/test-dir/MiniOzoneClusterImpl-072ceacc-f14a-494c-b049-5b6ad59b8d93/datanode-2/data/ratis/9104f3dd-035a-4c7e-bf7c-bb69c773b221: flushIndex: setUnconditionally 0 -> -1
2019-09-19 08:58:24,700 [pool-49-thread-1] INFO  server.RaftServerConfigKeys (ConfUtils.java:logGet(43)) - raft.server.snapshot.auto.trigger.enabled = true (custom)
2019-09-19 08:58:24,700 [pool-49-thread-1] INFO  server.RaftServerConfigKeys (ConfUtils.java:logGet(43)) - raft.server.snapshot.auto.trigger.threshold = 10000 (custom)
2019-09-19 08:58:24,700 [pool-49-thread-1] INFO  server.RaftServerConfigKeys (ConfUtils.java:logGet(43)) - raft.server.retrycache.expirytime = 600000ms (custom)
2019-09-19 08:58:24,700 [pool-49-thread-1] INFO  impl.RaftServerImpl (RaftServerImpl.java:start(180)) - d611bba7-fcef-48db-9a8e-14e1bb825cd8: start group-BB69C773B221
2019-09-19 08:58:24,700 [pool-49-thread-1] INFO  impl.RaftServerImpl (RaftServerImpl.java:setRole(171)) - d611bba7-fcef-48db-9a8e-14e1bb825cd8:group-BB69C773B221 changes role from null to FOLLOWER at term 0 for startAsFollower
2019-09-19 08:58:24,701 [pool-49-thread-1] INFO  impl.RoleInfo (RoleInfo.java:updateAndGet(143)) - d611bba7-fcef-48db-9a8e-14e1bb825cd8: start FollowerState
2019-09-19 08:58:24,701 [pool-49-thread-1] INFO  util.JmxRegister (JmxRegister.java:tryRegister(44)) - Successfully registered JMX Bean with object name Ratis:service=RaftServer,group=group-BB69C773B221,id=d611bba7-fcef-48db-9a8e-14e1bb825cd8
2019-09-19 08:58:24,706 [RatisPipelineUtilsThread] INFO  pipeline.PipelineStateManager (PipelineStateManager.java:addPipeline(56)) - Created pipeline Pipeline[ Id: 9104f3dd-035a-4c7e-bf7c-bb69c773b221, Nodes: d611bba7-fcef-48db-9a8e-14e1bb825cd8{ip: 192.168.34.5, host: pr-hdds-1569-j4bt4-3030777008, networkLocation: /default-rack, certSerialId: null}, Type:RATIS, Factor:ONE, State:OPEN]
2019-09-19 08:58:24,709 [8a96a672-7e2f-4b1c-ac1e-ddd5d18a6d5d:group-A52E20FB270C:LeaderElection1] INFO  server.RaftServerConfigKeys (ConfUtils.java:logGet(43)) - raft.server.staging.catchup.gap = 1000 (default)
2019-09-19 08:58:24,709 [8a96a672-7e2f-4b1c-ac1e-ddd5d18a6d5d:group-A52E20FB270C:LeaderElection1] INFO  server.RaftServerConfigKeys (ConfUtils.java:logGet(43)) - raft.server.rpc.sleep.time = 25ms (default)
2019-09-19 08:58:24,714 [8a96a672-7e2f-4b1c-ac1e-ddd5d18a6d5d:group-A52E20FB270C:LeaderElection1] INFO  server.RaftServerConfigKeys (ConfUtils.java:logGet(43)) - raft.server.write.element-limit = 4096 (default)
2019-09-19 08:58:24,717 [grpc-default-executor-1] INFO  impl.RaftServerProxy (RaftServerProxy.java:addNew(89)) - 275daa4b-3482-4b8e-b64e-92089e0536ae: addNew group-3B57F23FDB09:[275daa4b-3482-4b8e-b64e-92089e0536ae:192.168.34.5:37927] returns group-3B57F23FDB09:java.util.concurrent.CompletableFuture@7b2c39f4[Not completed]
2019-09-19 08:58:24,718 [8a96a672-7e2f-4b1c-ac1e-ddd5d18a6d5d:group-A52E20FB270C:LeaderElection1] INFO  server.RaftServerConfigKeys (ConfUtils.java:logGet(43)) - raft.server.watch.timeout = 10s (default)
2019-09-19 08:58:24,718 [8a96a672-7e2f-4b1c-ac1e-ddd5d18a6d5d:group-A52E20FB270C:LeaderElection1] INFO  server.RaftServerConfigKeys (ConfUtils.java:logGet(43)) - raft.server.watch.timeout.denomination = 1s (default)
2019-09-19 08:58:24,718 [pool-93-thread-1] INFO  impl.RaftServerImpl (RaftServerImpl.java:<init>(93)) - 275daa4b-3482-4b8e-b64e-92089e0536ae: new RaftServerImpl for group-3B57F23FDB09:[275daa4b-3482-4b8e-b64e-92089e0536ae:192.168.34.5:37927] with ContainerStateMachine:uninitialized
2019-09-19 08:58:24,718 [pool-93-thread-1] INFO  server.RaftServerConfigKeys (ConfUtils.java:logGet(43)) - raft.server.rpc.timeout.min = 1s (custom)
2019-09-19 08:58:24,718 [pool-93-thread-1] INFO  server.RaftServerConfigKeys (ConfUtils.java:logGet(43)) - raft.server.rpc.timeout.max = 1200ms (custom)
2019-09-19 08:58:24,719 [pool-93-thread-1] INFO  server.RaftServerConfigKeys (ConfUtils.java:logGet(43)) - raft.server.rpcslowness.timeout = 120s (custom)
2019-09-19 08:58:24,719 [pool-93-thread-1] INFO  server.RaftServerConfigKeys (ConfUtils.java:logGet(43)) - raft.server.sleep.deviation.threshold = 300 (default)
2019-09-19 08:58:24,719 [pool-93-thread-1] INFO  server.RaftServerConfigKeys (ConfUtils.java:logGet(43)) - raft.server.log.appender.install.snapshot.enabled = false (custom)
2019-09-19 08:58:24,719 [8a96a672-7e2f-4b1c-ac1e-ddd5d18a6d5d:group-A52E20FB270C:LeaderElection1] INFO  server.RaftServerConfigKeys (ConfUtils.java:logGet(43)) - raft.server.watch.element-limit = 65536 (default)
2019-09-19 08:58:24,719 [pool-93-thread-1] INFO  impl.RaftServerImpl (ServerState.java:<init>(105)) - 275daa4b-3482-4b8e-b64e-92089e0536ae:group-3B57F23FDB09 ConfigurationManager, init=-1: [275daa4b-3482-4b8e-b64e-92089e0536ae:192.168.34.5:37927], old=null, confs=<EMPTY_MAP>
2019-09-19 08:58:24,719 [pool-93-thread-1] INFO  server.RaftServerConfigKeys (ConfUtils.java:logGet(43)) - raft.server.storage.dir = [/workdir/hadoop-ozone/integration-test/target/test-dir/MiniOzoneClusterImpl-072ceacc-f14a-494c-b049-5b6ad59b8d93/datanode-6/data/ratis] (custom)
2019-09-19 08:58:24,720 [pool-93-thread-1] INFO  storage.RaftStorageDirectory (RaftStorageDirectory.java:analyzeStorage(246)) - The storage directory /workdir/hadoop-ozone/integration-test/target/test-dir/MiniOzoneClusterImpl-072ceacc-f14a-494c-b049-5b6ad59b8d93/datanode-6/data/ratis/4a33d301-17ac-44da-8b69-3b57f23fdb09 does not exist. Creating ...
2019-09-19 08:58:24,731 [8a96a672-7e2f-4b1c-ac1e-ddd5d18a6d5d:group-A52E20FB270C:LeaderElection1] INFO  impl.RoleInfo (RoleInfo.java:updateAndGet(143)) - 8a96a672-7e2f-4b1c-ac1e-ddd5d18a6d5d: start LeaderState
2019-09-19 08:58:24,732 [pool-93-thread-1] INFO  storage.RaftStorageDirectory (RaftStorageDirectory.java:tryLock(328)) - Lock on /workdir/hadoop-ozone/integration-test/target/test-dir/MiniOzoneClusterImpl-072ceacc-f14a-494c-b049-5b6ad59b8d93/datanode-6/data/ratis/4a33d301-17ac-44da-8b69-3b57f23fdb09/in_use.lock acquired by nodename 8013@pr-hdds-1569-j4bt4-3030777008
2019-09-19 08:58:24,745 [pool-93-thread-1] INFO  storage.RaftStorage (RaftStorage.java:format(72)) - Storage directory /workdir/hadoop-ozone/integration-test/target/test-dir/MiniOzoneClusterImpl-072ceacc-f14a-494c-b049-5b6ad59b8d93/datanode-6/data/ratis/4a33d301-17ac-44da-8b69-3b57f23fdb09 has been successfully formatted.
2019-09-19 08:58:24,746 [pool-93-thread-1] INFO  ratis.ContainerStateMachine (ContainerStateMachine.java:loadSnapshot(226)) - group-3B57F23FDB09: The snapshot info is null. Setting the last applied indexto:(t:0, i:~)
2019-09-19 08:58:24,746 [pool-93-thread-1] INFO  server.RaftServerConfigKeys (ConfUtils.java:logGet(43)) - raft.server.leader.election.timeout = 120s (custom)
2019-09-19 08:58:24,746 [pool-93-thread-1] INFO  server.RaftServerConfigKeys (ConfUtils.java:logGet(43)) - raft.server.log.use.memory = false (default)
2019-09-19 08:58:24,746 [pool-93-thread-1] INFO  server.RaftServerConfigKeys (ConfUtils.java:logGet(43)) - raft.server.log.purge.gap = 1000000 (custom)
2019-09-19 08:58:24,746 [pool-93-thread-1] INFO  server.RaftServerConfigKeys (ConfUtils.java:logGet(43)) - raft.server.log.appender.buffer.byte-limit = 33554432 (custom)
2019-09-19 08:58:24,747 [pool-93-thread-1] INFO  server.RaftServerConfigKeys (ConfUtils.java:logGet(43)) - raft.server.log.segment.size.max = 1048576 (custom)
2019-09-19 08:58:24,747 [pool-93-thread-1] INFO  server.RaftServerConfigKeys (ConfUtils.java:logGet(43)) - raft.server.log.segment.cache.num.max = 2 (custom)
2019-09-19 08:58:24,747 [pool-93-thread-1] INFO  segmented.SegmentedRaftLogWorker (SegmentedRaftLogWorker.java:<init>(172)) - new 275daa4b-3482-4b8e-b64e-92089e0536ae-SegmentedRaftLogWorker:Storage Directory /workdir/hadoop-ozone/integration-test/target/test-dir/MiniOzoneClusterImpl-072ceacc-f14a-494c-b049-5b6ad59b8d93/datanode-6/data/ratis/4a33d301-17ac-44da-8b69-3b57f23fdb09 for RaftStorage:Storage Directory /workdir/hadoop-ozone/integration-test/target/test-dir/MiniOzoneClusterImpl-072ceacc-f14a-494c-b049-5b6ad59b8d93/datanode-6/data/ratis/4a33d301-17ac-44da-8b69-3b57f23fdb09
2019-09-19 08:58:24,747 [pool-93-thread-1] INFO  server.RaftServerConfigKeys (ConfUtils.java:logGet(43)) - raft.server.log.queue.byte-limit = 2147483647 (custom)
2019-09-19 08:58:24,747 [pool-93-thread-1] INFO  server.RaftServerConfigKeys (ConfUtils.java:logGet(43)) - raft.server.log.queue.element-limit = 1024 (custom)
2019-09-19 08:58:24,748 [pool-93-thread-1] INFO  server.RaftServerConfigKeys (ConfUtils.java:logGet(43)) - raft.server.log.segment.size.max = 1048576 (custom)
2019-09-19 08:58:24,748 [pool-93-thread-1] INFO  server.RaftServerConfigKeys (ConfUtils.java:logGet(43)) - raft.server.log.preallocated.size = 16384 (custom)
2019-09-19 08:58:24,748 [pool-93-thread-1] INFO  server.RaftServerConfigKeys (ConfUtils.java:logGet(43)) - raft.server.log.write.buffer.size = 33554432 (custom)
2019-09-19 08:58:24,748 [pool-93-thread-1] INFO  server.RaftServerConfigKeys (ConfUtils.java:logGet(43)) - raft.server.log.force.sync.num = 128 (default)
2019-09-19 08:58:24,748 [pool-93-thread-1] INFO  server.RaftServerConfigKeys (ConfUtils.java:logGet(43)) - raft.server.log.statemachine.data.sync = true (default)
2019-09-19 08:58:24,751 [pool-93-thread-1] INFO  server.RaftServerConfigKeys (ConfUtils.java:logGet(43)) - raft.server.log.statemachine.data.sync.timeout = 10s (default)
2019-09-19 08:58:24,751 [pool-93-thread-1] INFO  server.RaftServerConfigKeys (ConfUtils.java:logGet(43)) - raft.server.log.statemachine.data.sync.timeout.retry = -1 (default)
2019-09-19 08:58:24,752 [pool-93-thread-1] INFO  server.RaftServerConfigKeys (ConfUtils.java:logGet(43)) - raft.server.log.statemachine.data.caching.enabled = true (custom)
2019-09-19 08:58:24,752 [pool-93-thread-1] INFO  segmented.SegmentedRaftLogWorker (SegmentedRaftLogWorker.java:lambda$new$0(132)) - 275daa4b-3482-4b8e-b64e-92089e0536ae-SegmentedRaftLogWorker:Storage Directory /workdir/hadoop-ozone/integration-test/target/test-dir/MiniOzoneClusterImpl-072ceacc-f14a-494c-b049-5b6ad59b8d93/datanode-6/data/ratis/4a33d301-17ac-44da-8b69-3b57f23fdb09: flushIndex: setUnconditionally 0 -> -1
2019-09-19 08:58:24,752 [pool-93-thread-1] INFO  server.RaftServerConfigKeys (ConfUtils.java:logGet(43)) - raft.server.snapshot.auto.trigger.enabled = true (custom)
2019-09-19 08:58:24,753 [pool-93-thread-1] INFO  server.RaftServerConfigKeys (ConfUtils.java:logGet(43)) - raft.server.snapshot.auto.trigger.threshold = 10000 (custom)
2019-09-19 08:58:24,753 [pool-93-thread-1] INFO  server.RaftServerConfigKeys (ConfUtils.java:logGet(43)) - raft.server.retrycache.expirytime = 600000ms (custom)
2019-09-19 08:58:24,753 [8a96a672-7e2f-4b1c-ac1e-ddd5d18a6d5d:group-A52E20FB270C:LeaderElection1] INFO  segmented.SegmentedRaftLogWorker (SegmentedRaftLogWorker.java:startLogSegment(380)) - 8a96a672-7e2f-4b1c-ac1e-ddd5d18a6d5d-SegmentedRaftLogWorker:Storage Directory /workdir/hadoop-ozone/integration-test/target/test-dir/MiniOzoneClusterImpl-072ceacc-f14a-494c-b049-5b6ad59b8d93/datanode-0/data/ratis/4277a7d7-e1c2-4bc2-a78a-a52e20fb270c: Starting segment from index:0
2019-09-19 08:58:24,755 [pool-93-thread-1] INFO  impl.RaftServerImpl (RaftServerImpl.java:start(180)) - 275daa4b-3482-4b8e-b64e-92089e0536ae: start group-3B57F23FDB09
2019-09-19 08:58:24,755 [pool-93-thread-1] INFO  impl.RaftServerImpl (RaftServerImpl.java:setRole(171)) - 275daa4b-3482-4b8e-b64e-92089e0536ae:group-3B57F23FDB09 changes role from null to FOLLOWER at term 0 for startAsFollower
2019-09-19 08:58:24,755 [pool-93-thread-1] INFO  impl.RoleInfo (RoleInfo.java:updateAndGet(143)) - 275daa4b-3482-4b8e-b64e-92089e0536ae: start FollowerState
2019-09-19 08:58:24,756 [pool-93-thread-1] INFO  util.JmxRegister (JmxRegister.java:tryRegister(44)) - Successfully registered JMX Bean with object name Ratis:service=RaftServer,group=group-3B57F23FDB09,id=275daa4b-3482-4b8e-b64e-92089e0536ae
2019-09-19 08:58:24,761 [RatisPipelineUtilsThread] INFO  pipeline.PipelineStateManager (PipelineStateManager.java:addPipeline(56)) - Created pipeline Pipeline[ Id: 4a33d301-17ac-44da-8b69-3b57f23fdb09, Nodes: 275daa4b-3482-4b8e-b64e-92089e0536ae{ip: 192.168.34.5, host: pr-hdds-1569-j4bt4-3030777008, networkLocation: /default-rack, certSerialId: null}, Type:RATIS, Factor:ONE, State:OPEN]
2019-09-19 08:58:24,766 [8a96a672-7e2f-4b1c-ac1e-ddd5d18a6d5d:group-A52E20FB270C:LeaderElection1] INFO  impl.RaftServerImpl (ServerState.java:setRaftConf(361)) - 8a96a672-7e2f-4b1c-ac1e-ddd5d18a6d5d:group-A52E20FB270C set configuration 0: [8a96a672-7e2f-4b1c-ac1e-ddd5d18a6d5d:192.168.34.5:45218], old=null at 0
2019-09-19 08:58:24,786 [grpc-default-executor-1] INFO  impl.RaftServerProxy (RaftServerProxy.java:addNew(89)) - d611bba7-fcef-48db-9a8e-14e1bb825cd8: addNew group-81353B1ABB23:[d611bba7-fcef-48db-9a8e-14e1bb825cd8:192.168.34.5:34044] returns group-81353B1ABB23:java.util.concurrent.CompletableFuture@724f74a0[Not completed]
2019-09-19 08:58:24,798 [pool-49-thread-1] INFO  impl.RaftServerImpl (RaftServerImpl.java:<init>(93)) - d611bba7-fcef-48db-9a8e-14e1bb825cd8: new RaftServerImpl for group-81353B1ABB23:[d611bba7-fcef-48db-9a8e-14e1bb825cd8:192.168.34.5:34044] with ContainerStateMachine:uninitialized
2019-09-19 08:58:24,798 [pool-49-thread-1] INFO  server.RaftServerConfigKeys (ConfUtils.java:logGet(43)) - raft.server.rpc.timeout.min = 1s (custom)
2019-09-19 08:58:24,798 [pool-49-thread-1] INFO  server.RaftServerConfigKeys (ConfUtils.java:logGet(43)) - raft.server.rpc.timeout.max = 1200ms (custom)
2019-09-19 08:58:24,798 [pool-49-thread-1] INFO  server.RaftServerConfigKeys (ConfUtils.java:logGet(43)) - raft.server.rpcslowness.timeout = 120s (custom)
2019-09-19 08:58:24,798 [pool-49-thread-1] INFO  server.RaftServerConfigKeys (ConfUtils.java:logGet(43)) - raft.server.sleep.deviation.threshold = 300 (default)
2019-09-19 08:58:24,799 [pool-49-thread-1] INFO  server.RaftServerConfigKeys (ConfUtils.java:logGet(43)) - raft.server.log.appender.install.snapshot.enabled = false (custom)
2019-09-19 08:58:24,799 [pool-49-thread-1] INFO  impl.RaftServerImpl (ServerState.java:<init>(105)) - d611bba7-fcef-48db-9a8e-14e1bb825cd8:group-81353B1ABB23 ConfigurationManager, init=-1: [d611bba7-fcef-48db-9a8e-14e1bb825cd8:192.168.34.5:34044], old=null, confs=<EMPTY_MAP>
2019-09-19 08:58:24,799 [pool-49-thread-1] INFO  server.RaftServerConfigKeys (ConfUtils.java:logGet(43)) - raft.server.storage.dir = [/workdir/hadoop-ozone/integration-test/target/test-dir/MiniOzoneClusterImpl-072ceacc-f14a-494c-b049-5b6ad59b8d93/datanode-2/data/ratis] (custom)
2019-09-19 08:58:24,799 [pool-49-thread-1] INFO  storage.RaftStorageDirectory (RaftStorageDirectory.java:analyzeStorage(246)) - The storage directory /workdir/hadoop-ozone/integration-test/target/test-dir/MiniOzoneClusterImpl-072ceacc-f14a-494c-b049-5b6ad59b8d93/datanode-2/data/ratis/22aa18ae-dade-4c9a-9aad-81353b1abb23 does not exist. Creating ...
2019-09-19 08:58:24,805 [Thread-287] INFO  impl.FollowerState (FollowerState.java:run(106)) - 356a349a-c9c9-49f9-a5b1-196804736fbc:group-1681E1107208 changes to CANDIDATE, lastRpcTime:1026, electionTimeout:1025ms
2019-09-19 08:58:24,806 [Thread-287] INFO  impl.RoleInfo (RoleInfo.java:shutdownFollowerState(121)) - 356a349a-c9c9-49f9-a5b1-196804736fbc: shutdown FollowerState
2019-09-19 08:58:24,807 [Thread-287] INFO  impl.RaftServerImpl (RaftServerImpl.java:setRole(171)) - 356a349a-c9c9-49f9-a5b1-196804736fbc:group-1681E1107208 changes role from FOLLOWER to CANDIDATE at term 0 for changeToCandidate
2019-09-19 08:58:24,807 [Thread-287] INFO  impl.RoleInfo (RoleInfo.java:updateAndGet(143)) - 356a349a-c9c9-49f9-a5b1-196804736fbc: start LeaderElection
2019-09-19 08:58:24,812 [pool-49-thread-1] INFO  storage.RaftStorageDirectory (RaftStorageDirectory.java:tryLock(328)) - Lock on /workdir/hadoop-ozone/integration-test/target/test-dir/MiniOzoneClusterImpl-072ceacc-f14a-494c-b049-5b6ad59b8d93/datanode-2/data/ratis/22aa18ae-dade-4c9a-9aad-81353b1abb23/in_use.lock acquired by nodename 8013@pr-hdds-1569-j4bt4-3030777008
2019-09-19 08:58:24,812 [main] INFO  rpc.RpcClient (RpcClient.java:createVolume(293)) - Creating Volume: datanodefailurehandlingtest, with jenkins1000 as owner.
2019-09-19 08:58:24,825 [pool-49-thread-1] INFO  storage.RaftStorage (RaftStorage.java:format(72)) - Storage directory /workdir/hadoop-ozone/integration-test/target/test-dir/MiniOzoneClusterImpl-072ceacc-f14a-494c-b049-5b6ad59b8d93/datanode-2/data/ratis/22aa18ae-dade-4c9a-9aad-81353b1abb23 has been successfully formatted.
2019-09-19 08:58:24,826 [356a349a-c9c9-49f9-a5b1-196804736fbc:group-1681E1107208:LeaderElection2] INFO  impl.LeaderElection (LeaderElection.java:askForVotes(181)) - 356a349a-c9c9-49f9-a5b1-196804736fbc:group-1681E1107208:LeaderElection2: begin an election at term 1 for -1: [356a349a-c9c9-49f9-a5b1-196804736fbc:192.168.34.5:46709], old=null
2019-09-19 08:58:24,827 [356a349a-c9c9-49f9-a5b1-196804736fbc:group-1681E1107208:LeaderElection2] INFO  impl.RoleInfo (RoleInfo.java:shutdownLeaderElection(134)) - 356a349a-c9c9-49f9-a5b1-196804736fbc: shutdown LeaderElection
2019-09-19 08:58:24,827 [pool-49-thread-1] INFO  ratis.ContainerStateMachine (ContainerStateMachine.java:loadSnapshot(226)) - group-81353B1ABB23: The snapshot info is null. Setting the last applied indexto:(t:0, i:~)
2019-09-19 08:58:24,827 [356a349a-c9c9-49f9-a5b1-196804736fbc:group-1681E1107208:LeaderElection2] INFO  impl.RaftServerImpl (RaftServerImpl.java:setRole(171)) - 356a349a-c9c9-49f9-a5b1-196804736fbc:group-1681E1107208 changes role from CANDIDATE to LEADER at term 1 for changeToLeader
2019-09-19 08:58:24,827 [pool-49-thread-1] INFO  server.RaftServerConfigKeys (ConfUtils.java:logGet(43)) - raft.server.leader.election.timeout = 120s (custom)
2019-09-19 08:58:24,828 [356a349a-c9c9-49f9-a5b1-196804736fbc:group-1681E1107208:LeaderElection2] INFO  impl.RaftServerImpl (ServerState.java:setLeader(263)) - 356a349a-c9c9-49f9-a5b1-196804736fbc:group-1681E1107208 change Leader from null to 356a349a-c9c9-49f9-a5b1-196804736fbc at term 1 for becomeLeader, leader elected after 1054ms
2019-09-19 08:58:24,828 [pool-49-thread-1] INFO  server.RaftServerConfigKeys (ConfUtils.java:logGet(43)) - raft.server.log.use.memory = false (default)
2019-09-19 08:58:24,829 [356a349a-c9c9-49f9-a5b1-196804736fbc:group-1681E1107208:LeaderElection2] INFO  server.RaftServerConfigKeys (ConfUtils.java:logGet(43)) - raft.server.staging.catchup.gap = 1000 (default)
2019-09-19 08:58:24,829 [pool-49-thread-1] INFO  server.RaftServerConfigKeys (ConfUtils.java:logGet(43)) - raft.server.log.purge.gap = 1000000 (custom)
2019-09-19 08:58:24,829 [356a349a-c9c9-49f9-a5b1-196804736fbc:group-1681E1107208:LeaderElection2] INFO  server.RaftServerConfigKeys (ConfUtils.java:logGet(43)) - raft.server.rpc.sleep.time = 25ms (default)
2019-09-19 08:58:24,830 [pool-49-thread-1] INFO  server.RaftServerConfigKeys (ConfUtils.java:logGet(43)) - raft.server.log.appender.buffer.byte-limit = 33554432 (custom)
2019-09-19 08:58:24,830 [356a349a-c9c9-49f9-a5b1-196804736fbc:group-1681E1107208:LeaderElection2] INFO  server.RaftServerConfigKeys (ConfUtils.java:logGet(43)) - raft.server.write.element-limit = 4096 (default)
2019-09-19 08:58:24,830 [pool-49-thread-1] INFO  server.RaftServerConfigKeys (ConfUtils.java:logGet(43)) - raft.server.log.segment.size.max = 1048576 (custom)
2019-09-19 08:58:24,830 [356a349a-c9c9-49f9-a5b1-196804736fbc:group-1681E1107208:LeaderElection2] INFO  server.RaftServerConfigKeys (ConfUtils.java:logGet(43)) - raft.server.watch.timeout = 10s (default)
2019-09-19 08:58:24,830 [pool-49-thread-1] INFO  server.RaftServerConfigKeys (ConfUtils.java:logGet(43)) - raft.server.log.segment.cache.num.max = 2 (custom)
2019-09-19 08:58:24,830 [356a349a-c9c9-49f9-a5b1-196804736fbc:group-1681E1107208:LeaderElection2] INFO  server.RaftServerConfigKeys (ConfUtils.java:logGet(43)) - raft.server.watch.timeout.denomination = 1s (default)
2019-09-19 08:58:24,830 [pool-49-thread-1] INFO  segmented.SegmentedRaftLogWorker (SegmentedRaftLogWorker.java:<init>(172)) - new d611bba7-fcef-48db-9a8e-14e1bb825cd8-SegmentedRaftLogWorker:Storage Directory /workdir/hadoop-ozone/integration-test/target/test-dir/MiniOzoneClusterImpl-072ceacc-f14a-494c-b049-5b6ad59b8d93/datanode-2/data/ratis/22aa18ae-dade-4c9a-9aad-81353b1abb23 for RaftStorage:Storage Directory /workdir/hadoop-ozone/integration-test/target/test-dir/MiniOzoneClusterImpl-072ceacc-f14a-494c-b049-5b6ad59b8d93/datanode-2/data/ratis/22aa18ae-dade-4c9a-9aad-81353b1abb23
2019-09-19 08:58:24,830 [356a349a-c9c9-49f9-a5b1-196804736fbc:group-1681E1107208:LeaderElection2] INFO  server.RaftServerConfigKeys (ConfUtils.java:logGet(43)) - raft.server.watch.element-limit = 65536 (default)
2019-09-19 08:58:24,830 [pool-49-thread-1] INFO  server.RaftServerConfigKeys (ConfUtils.java:logGet(43)) - raft.server.log.queue.byte-limit = 2147483647 (custom)
2019-09-19 08:58:24,832 [pool-49-thread-1] INFO  server.RaftServerConfigKeys (ConfUtils.java:logGet(43)) - raft.server.log.queue.element-limit = 1024 (custom)
2019-09-19 08:58:24,832 [356a349a-c9c9-49f9-a5b1-196804736fbc:group-1681E1107208:LeaderElection2] INFO  impl.RoleInfo (RoleInfo.java:updateAndGet(143)) - 356a349a-c9c9-49f9-a5b1-196804736fbc: start LeaderState
2019-09-19 08:58:24,832 [pool-49-thread-1] INFO  server.RaftServerConfigKeys (ConfUtils.java:logGet(43)) - raft.server.log.segment.size.max = 1048576 (custom)
2019-09-19 08:58:24,832 [pool-49-thread-1] INFO  server.RaftServerConfigKeys (ConfUtils.java:logGet(43)) - raft.server.log.preallocated.size = 16384 (custom)
2019-09-19 08:58:24,832 [356a349a-c9c9-49f9-a5b1-196804736fbc:group-1681E1107208:LeaderElection2] INFO  segmented.SegmentedRaftLogWorker (SegmentedRaftLogWorker.java:startLogSegment(380)) - 356a349a-c9c9-49f9-a5b1-196804736fbc-SegmentedRaftLogWorker:Storage Directory /workdir/hadoop-ozone/integration-test/target/test-dir/MiniOzoneClusterImpl-072ceacc-f14a-494c-b049-5b6ad59b8d93/datanode-1/data/ratis/b3c5876e-e14b-41e2-9e8e-1681e1107208: Starting segment from index:0
2019-09-19 08:58:24,833 [pool-49-thread-1] INFO  server.RaftServerConfigKeys (ConfUtils.java:logGet(43)) - raft.server.log.write.buffer.size = 33554432 (custom)
2019-09-19 08:58:24,833 [pool-49-thread-1] INFO  server.RaftServerConfigKeys (ConfUtils.java:logGet(43)) - raft.server.log.force.sync.num = 128 (default)
2019-09-19 08:58:24,833 [356a349a-c9c9-49f9-a5b1-196804736fbc:group-1681E1107208:LeaderElection2] INFO  impl.RaftServerImpl (ServerState.java:setRaftConf(361)) - 356a349a-c9c9-49f9-a5b1-196804736fbc:group-1681E1107208 set configuration 0: [356a349a-c9c9-49f9-a5b1-196804736fbc:192.168.34.5:46709], old=null at 0
2019-09-19 08:58:24,833 [pool-49-thread-1] INFO  server.RaftServerConfigKeys (ConfUtils.java:logGet(43)) - raft.server.log.statemachine.data.sync = true (default)
2019-09-19 08:58:24,835 [pool-49-thread-1] INFO  server.RaftServerConfigKeys (ConfUtils.java:logGet(43)) - raft.server.log.statemachine.data.sync.timeout = 10s (default)
2019-09-19 08:58:24,835 [pool-49-thread-1] INFO  server.RaftServerConfigKeys (ConfUtils.java:logGet(43)) - raft.server.log.statemachine.data.sync.timeout.retry = -1 (default)
2019-09-19 08:58:24,836 [pool-49-thread-1] INFO  server.RaftServerConfigKeys (ConfUtils.java:logGet(43)) - raft.server.log.statemachine.data.caching.enabled = true (custom)
2019-09-19 08:58:24,836 [pool-49-thread-1] INFO  segmented.SegmentedRaftLogWorker (SegmentedRaftLogWorker.java:lambda$new$0(132)) - d611bba7-fcef-48db-9a8e-14e1bb825cd8-SegmentedRaftLogWorker:Storage Directory /workdir/hadoop-ozone/integration-test/target/test-dir/MiniOzoneClusterImpl-072ceacc-f14a-494c-b049-5b6ad59b8d93/datanode-2/data/ratis/22aa18ae-dade-4c9a-9aad-81353b1abb23: flushIndex: setUnconditionally 0 -> -1
2019-09-19 08:58:24,836 [pool-49-thread-1] INFO  server.RaftServerConfigKeys (ConfUtils.java:logGet(43)) - raft.server.snapshot.auto.trigger.enabled = true (custom)
2019-09-19 08:58:24,837 [pool-49-thread-1] INFO  server.RaftServerConfigKeys (ConfUtils.java:logGet(43)) - raft.server.snapshot.auto.trigger.threshold = 10000 (custom)
2019-09-19 08:58:24,837 [pool-49-thread-1] INFO  server.RaftServerConfigKeys (ConfUtils.java:logGet(43)) - raft.server.retrycache.expirytime = 600000ms (custom)
2019-09-19 08:58:24,837 [pool-49-thread-1] INFO  impl.RaftServerImpl (RaftServerImpl.java:start(180)) - d611bba7-fcef-48db-9a8e-14e1bb825cd8: start group-81353B1ABB23
2019-09-19 08:58:24,837 [pool-49-thread-1] INFO  impl.RaftServerImpl (RaftServerImpl.java:setRole(171)) - d611bba7-fcef-48db-9a8e-14e1bb825cd8:group-81353B1ABB23 changes role from null to FOLLOWER at term 0 for startAsFollower
2019-09-19 08:58:24,837 [pool-49-thread-1] INFO  impl.RoleInfo (RoleInfo.java:updateAndGet(143)) - d611bba7-fcef-48db-9a8e-14e1bb825cd8: start FollowerState
2019-09-19 08:58:24,838 [pool-49-thread-1] INFO  util.JmxRegister (JmxRegister.java:tryRegister(44)) - Successfully registered JMX Bean with object name Ratis:service=RaftServer,group=group-81353B1ABB23,id=d611bba7-fcef-48db-9a8e-14e1bb825cd8
2019-09-19 08:58:24,842 [RatisPipelineUtilsThread] INFO  pipeline.PipelineStateManager (PipelineStateManager.java:addPipeline(56)) - Created pipeline Pipeline[ Id: 22aa18ae-dade-4c9a-9aad-81353b1abb23, Nodes: d611bba7-fcef-48db-9a8e-14e1bb825cd8{ip: 192.168.34.5, host: pr-hdds-1569-j4bt4-3030777008, networkLocation: /default-rack, certSerialId: null}, Type:RATIS, Factor:ONE, State:OPEN]
2019-09-19 08:58:24,843 [RatisPipelineUtilsThread] ERROR pipeline.PipelinePlacementPolicy (PipelinePlacementPolicy.java:meetCriteria(91)) - Pipeline Placement: Doesn't meet the criteria to be viable node. Heaviness: 6
2019-09-19 08:58:24,841 | INFO  | OMAudit | user=jenkins1000 | ip=127.0.0.1 | op=CREATE_VOLUME {admin=jenkins1000, owner=jenkins1000, volume=datanodefailurehandlingtest, creationTime=1568883504835, quotaInBytes=1152921504606846976} | ret=SUCCESS |  
2019-09-19 08:58:24,872 | INFO  | OMAudit | user=jenkins1000 | ip=127.0.0.1 | op=READ_VOLUME {volume=datanodefailurehandlingtest} | ret=SUCCESS |  
2019-09-19 08:58:24,874 [grpc-default-executor-1] INFO  impl.RaftServerProxy (RaftServerProxy.java:addNew(89)) - 5655ea38-4aa2-40a6-aaa3-4d444347e46a: addNew group-7FF5B282EF7F:[5655ea38-4aa2-40a6-aaa3-4d444347e46a:192.168.34.5:39771] returns group-7FF5B282EF7F:java.util.concurrent.CompletableFuture@6c767382[Not completed]
2019-09-19 08:58:24,879 [pool-60-thread-1] INFO  impl.RaftServerImpl (RaftServerImpl.java:<init>(93)) - 5655ea38-4aa2-40a6-aaa3-4d444347e46a: new RaftServerImpl for group-7FF5B282EF7F:[5655ea38-4aa2-40a6-aaa3-4d444347e46a:192.168.34.5:39771] with ContainerStateMachine:uninitialized
2019-09-19 08:58:24,879 [pool-60-thread-1] INFO  server.RaftServerConfigKeys (ConfUtils.java:logGet(43)) - raft.server.rpc.timeout.min = 1s (custom)
2019-09-19 08:58:24,880 [pool-60-thread-1] INFO  server.RaftServerConfigKeys (ConfUtils.java:logGet(43)) - raft.server.rpc.timeout.max = 1200ms (custom)
2019-09-19 08:58:24,880 [pool-60-thread-1] INFO  server.RaftServerConfigKeys (ConfUtils.java:logGet(43)) - raft.server.rpcslowness.timeout = 120s (custom)
2019-09-19 08:58:24,880 [pool-60-thread-1] INFO  server.RaftServerConfigKeys (ConfUtils.java:logGet(43)) - raft.server.sleep.deviation.threshold = 300 (default)
2019-09-19 08:58:24,880 [pool-60-thread-1] INFO  server.RaftServerConfigKeys (ConfUtils.java:logGet(43)) - raft.server.log.appender.install.snapshot.enabled = false (custom)
2019-09-19 08:58:24,880 [pool-60-thread-1] INFO  impl.RaftServerImpl (ServerState.java:<init>(105)) - 5655ea38-4aa2-40a6-aaa3-4d444347e46a:group-7FF5B282EF7F ConfigurationManager, init=-1: [5655ea38-4aa2-40a6-aaa3-4d444347e46a:192.168.34.5:39771], old=null, confs=<EMPTY_MAP>
2019-09-19 08:58:24,880 [pool-60-thread-1] INFO  server.RaftServerConfigKeys (ConfUtils.java:logGet(43)) - raft.server.storage.dir = [/workdir/hadoop-ozone/integration-test/target/test-dir/MiniOzoneClusterImpl-072ceacc-f14a-494c-b049-5b6ad59b8d93/datanode-3/data/ratis] (custom)
2019-09-19 08:58:24,881 [pool-60-thread-1] INFO  storage.RaftStorageDirectory (RaftStorageDirectory.java:analyzeStorage(246)) - The storage directory /workdir/hadoop-ozone/integration-test/target/test-dir/MiniOzoneClusterImpl-072ceacc-f14a-494c-b049-5b6ad59b8d93/datanode-3/data/ratis/cd486884-5126-45b5-a03f-7ff5b282ef7f does not exist. Creating ...
2019-09-19 08:58:24,881 [main] INFO  rpc.RpcClient (RpcClient.java:createBucket(432)) - Creating Bucket: datanodefailurehandlingtest/datanodefailurehandlingtest, with Versioning false and Storage Type set to DISK and Encryption set to false 
2019-09-19 08:58:24,894 [pool-60-thread-1] INFO  storage.RaftStorageDirectory (RaftStorageDirectory.java:tryLock(328)) - Lock on /workdir/hadoop-ozone/integration-test/target/test-dir/MiniOzoneClusterImpl-072ceacc-f14a-494c-b049-5b6ad59b8d93/datanode-3/data/ratis/cd486884-5126-45b5-a03f-7ff5b282ef7f/in_use.lock acquired by nodename 8013@pr-hdds-1569-j4bt4-3030777008
2019-09-19 08:58:24,897 | INFO  | OMAudit | user=jenkins1000 | ip=127.0.0.1 | op=CREATE_BUCKET {volume=datanodefailurehandlingtest, bucket=datanodefailurehandlingtest, acls=[user:jenkins1000:a[ACCESS], group:default:a[ACCESS]], isVersionEnabled=false, storageType=DISK, creationTime=0} | ret=SUCCESS |  
2019-09-19 08:58:24,903 | INFO  | OMAudit | user=jenkins1000 | ip=127.0.0.1 | op=READ_VOLUME {volume=datanodefailurehandlingtest} | ret=SUCCESS |  
2019-09-19 08:58:24,907 [pool-60-thread-1] INFO  storage.RaftStorage (RaftStorage.java:format(72)) - Storage directory /workdir/hadoop-ozone/integration-test/target/test-dir/MiniOzoneClusterImpl-072ceacc-f14a-494c-b049-5b6ad59b8d93/datanode-3/data/ratis/cd486884-5126-45b5-a03f-7ff5b282ef7f has been successfully formatted.
2019-09-19 08:58:24,908 [pool-60-thread-1] INFO  ratis.ContainerStateMachine (ContainerStateMachine.java:loadSnapshot(226)) - group-7FF5B282EF7F: The snapshot info is null. Setting the last applied indexto:(t:0, i:~)
2019-09-19 08:58:24,908 [pool-60-thread-1] INFO  server.RaftServerConfigKeys (ConfUtils.java:logGet(43)) - raft.server.leader.election.timeout = 120s (custom)
2019-09-19 08:58:24,908 [pool-60-thread-1] INFO  server.RaftServerConfigKeys (ConfUtils.java:logGet(43)) - raft.server.log.use.memory = false (default)
2019-09-19 08:58:24,908 [pool-60-thread-1] INFO  server.RaftServerConfigKeys (ConfUtils.java:logGet(43)) - raft.server.log.purge.gap = 1000000 (custom)
2019-09-19 08:58:24,908 [pool-60-thread-1] INFO  server.RaftServerConfigKeys (ConfUtils.java:logGet(43)) - raft.server.log.appender.buffer.byte-limit = 33554432 (custom)
2019-09-19 08:58:24,909 [pool-60-thread-1] INFO  server.RaftServerConfigKeys (ConfUtils.java:logGet(43)) - raft.server.log.segment.size.max = 1048576 (custom)
2019-09-19 08:58:24,909 [pool-60-thread-1] INFO  server.RaftServerConfigKeys (ConfUtils.java:logGet(43)) - raft.server.log.segment.cache.num.max = 2 (custom)
2019-09-19 08:58:24,909 [pool-60-thread-1] INFO  segmented.SegmentedRaftLogWorker (SegmentedRaftLogWorker.java:<init>(172)) - new 5655ea38-4aa2-40a6-aaa3-4d444347e46a-SegmentedRaftLogWorker:Storage Directory /workdir/hadoop-ozone/integration-test/target/test-dir/MiniOzoneClusterImpl-072ceacc-f14a-494c-b049-5b6ad59b8d93/datanode-3/data/ratis/cd486884-5126-45b5-a03f-7ff5b282ef7f for RaftStorage:Storage Directory /workdir/hadoop-ozone/integration-test/target/test-dir/MiniOzoneClusterImpl-072ceacc-f14a-494c-b049-5b6ad59b8d93/datanode-3/data/ratis/cd486884-5126-45b5-a03f-7ff5b282ef7f
2019-09-19 08:58:24,909 [pool-60-thread-1] INFO  server.RaftServerConfigKeys (ConfUtils.java:logGet(43)) - raft.server.log.queue.byte-limit = 2147483647 (custom)
2019-09-19 08:58:24,909 [pool-60-thread-1] INFO  server.RaftServerConfigKeys (ConfUtils.java:logGet(43)) - raft.server.log.queue.element-limit = 1024 (custom)
2019-09-19 08:58:24,910 [pool-60-thread-1] INFO  server.RaftServerConfigKeys (ConfUtils.java:logGet(43)) - raft.server.log.segment.size.max = 1048576 (custom)
2019-09-19 08:58:24,910 [pool-60-thread-1] INFO  server.RaftServerConfigKeys (ConfUtils.java:logGet(43)) - raft.server.log.preallocated.size = 16384 (custom)
2019-09-19 08:58:24,910 | INFO  | OMAudit | user=jenkins1000 | ip=127.0.0.1 | op=READ_BUCKET {volume=datanodefailurehandlingtest, bucket=datanodefailurehandlingtest} | ret=SUCCESS |  
2019-09-19 08:58:24,910 [pool-60-thread-1] INFO  server.RaftServerConfigKeys (ConfUtils.java:logGet(43)) - raft.server.log.write.buffer.size = 33554432 (custom)
2019-09-19 08:58:24,910 [pool-60-thread-1] INFO  server.RaftServerConfigKeys (ConfUtils.java:logGet(43)) - raft.server.log.force.sync.num = 128 (default)
2019-09-19 08:58:24,910 [pool-60-thread-1] INFO  server.RaftServerConfigKeys (ConfUtils.java:logGet(43)) - raft.server.log.statemachine.data.sync = true (default)
2019-09-19 08:58:24,910 [pool-60-thread-1] INFO  server.RaftServerConfigKeys (ConfUtils.java:logGet(43)) - raft.server.log.statemachine.data.sync.timeout = 10s (default)
2019-09-19 08:58:24,911 [pool-60-thread-1] INFO  server.RaftServerConfigKeys (ConfUtils.java:logGet(43)) - raft.server.log.statemachine.data.sync.timeout.retry = -1 (default)
2019-09-19 08:58:24,911 [pool-60-thread-1] INFO  server.RaftServerConfigKeys (ConfUtils.java:logGet(43)) - raft.server.log.statemachine.data.caching.enabled = true (custom)
2019-09-19 08:58:24,911 [pool-60-thread-1] INFO  segmented.SegmentedRaftLogWorker (SegmentedRaftLogWorker.java:lambda$new$0(132)) - 5655ea38-4aa2-40a6-aaa3-4d444347e46a-SegmentedRaftLogWorker:Storage Directory /workdir/hadoop-ozone/integration-test/target/test-dir/MiniOzoneClusterImpl-072ceacc-f14a-494c-b049-5b6ad59b8d93/datanode-3/data/ratis/cd486884-5126-45b5-a03f-7ff5b282ef7f: flushIndex: setUnconditionally 0 -> -1
2019-09-19 08:58:24,912 [pool-60-thread-1] INFO  server.RaftServerConfigKeys (ConfUtils.java:logGet(43)) - raft.server.snapshot.auto.trigger.enabled = true (custom)
2019-09-19 08:58:24,912 [pool-60-thread-1] INFO  server.RaftServerConfigKeys (ConfUtils.java:logGet(43)) - raft.server.snapshot.auto.trigger.threshold = 10000 (custom)
2019-09-19 08:58:24,912 [pool-60-thread-1] INFO  server.RaftServerConfigKeys (ConfUtils.java:logGet(43)) - raft.server.retrycache.expirytime = 600000ms (custom)
2019-09-19 08:58:24,913 [pool-60-thread-1] INFO  impl.RaftServerImpl (RaftServerImpl.java:start(180)) - 5655ea38-4aa2-40a6-aaa3-4d444347e46a: start group-7FF5B282EF7F
2019-09-19 08:58:24,913 [pool-60-thread-1] INFO  impl.RaftServerImpl (RaftServerImpl.java:setRole(171)) - 5655ea38-4aa2-40a6-aaa3-4d444347e46a:group-7FF5B282EF7F changes role from null to FOLLOWER at term 0 for startAsFollower
2019-09-19 08:58:24,913 [pool-60-thread-1] INFO  impl.RoleInfo (RoleInfo.java:updateAndGet(143)) - 5655ea38-4aa2-40a6-aaa3-4d444347e46a: start FollowerState
2019-09-19 08:58:24,920 [pool-60-thread-1] INFO  util.JmxRegister (JmxRegister.java:tryRegister(44)) - Successfully registered JMX Bean with object name Ratis:service=RaftServer,group=group-7FF5B282EF7F,id=5655ea38-4aa2-40a6-aaa3-4d444347e46a
2019-09-19 08:58:24,927 [Thread-290] INFO  impl.FollowerState (FollowerState.java:run(106)) - 8a96a672-7e2f-4b1c-ac1e-ddd5d18a6d5d:group-6FDF181430D3 changes to CANDIDATE, lastRpcTime:1067, electionTimeout:1066ms
2019-09-19 08:58:24,932 [Thread-290] INFO  impl.RoleInfo (RoleInfo.java:shutdownFollowerState(121)) - 8a96a672-7e2f-4b1c-ac1e-ddd5d18a6d5d: shutdown FollowerState
2019-09-19 08:58:24,932 [Thread-290] INFO  impl.RaftServerImpl (RaftServerImpl.java:setRole(171)) - 8a96a672-7e2f-4b1c-ac1e-ddd5d18a6d5d:group-6FDF181430D3 changes role from FOLLOWER to CANDIDATE at term 0 for changeToCandidate
2019-09-19 08:58:24,932 [Thread-290] INFO  impl.RoleInfo (RoleInfo.java:updateAndGet(143)) - 8a96a672-7e2f-4b1c-ac1e-ddd5d18a6d5d: start LeaderElection
2019-09-19 08:58:24,950 [RatisPipelineUtilsThread] INFO  pipeline.PipelineStateManager (PipelineStateManager.java:addPipeline(56)) - Created pipeline Pipeline[ Id: cd486884-5126-45b5-a03f-7ff5b282ef7f, Nodes: 5655ea38-4aa2-40a6-aaa3-4d444347e46a{ip: 192.168.34.5, host: pr-hdds-1569-j4bt4-3030777008, networkLocation: /default-rack, certSerialId: null}, Type:RATIS, Factor:ONE, State:OPEN]
2019-09-19 08:58:24,952 [8a96a672-7e2f-4b1c-ac1e-ddd5d18a6d5d:group-6FDF181430D3:LeaderElection3] INFO  impl.LeaderElection (LeaderElection.java:askForVotes(181)) - 8a96a672-7e2f-4b1c-ac1e-ddd5d18a6d5d:group-6FDF181430D3:LeaderElection3: begin an election at term 1 for -1: [8a96a672-7e2f-4b1c-ac1e-ddd5d18a6d5d:192.168.34.5:45218], old=null
2019-09-19 08:58:24,952 [RatisPipelineUtilsThread] ERROR pipeline.PipelinePlacementPolicy (PipelinePlacementPolicy.java:meetCriteria(91)) - Pipeline Placement: Doesn't meet the criteria to be viable node. Heaviness: 6
2019-09-19 08:58:24,952 [8a96a672-7e2f-4b1c-ac1e-ddd5d18a6d5d:group-6FDF181430D3:LeaderElection3] INFO  impl.RoleInfo (RoleInfo.java:shutdownLeaderElection(134)) - 8a96a672-7e2f-4b1c-ac1e-ddd5d18a6d5d: shutdown LeaderElection
2019-09-19 08:58:24,952 [8a96a672-7e2f-4b1c-ac1e-ddd5d18a6d5d:group-6FDF181430D3:LeaderElection3] INFO  impl.RaftServerImpl (RaftServerImpl.java:setRole(171)) - 8a96a672-7e2f-4b1c-ac1e-ddd5d18a6d5d:group-6FDF181430D3 changes role from CANDIDATE to LEADER at term 1 for changeToLeader
2019-09-19 08:58:24,952 [8a96a672-7e2f-4b1c-ac1e-ddd5d18a6d5d:group-6FDF181430D3:LeaderElection3] INFO  impl.RaftServerImpl (ServerState.java:setLeader(263)) - 8a96a672-7e2f-4b1c-ac1e-ddd5d18a6d5d:group-6FDF181430D3 change Leader from null to 8a96a672-7e2f-4b1c-ac1e-ddd5d18a6d5d at term 1 for becomeLeader, leader elected after 1096ms
2019-09-19 08:58:24,953 [8a96a672-7e2f-4b1c-ac1e-ddd5d18a6d5d:group-6FDF181430D3:LeaderElection3] INFO  server.RaftServerConfigKeys (ConfUtils.java:logGet(43)) - raft.server.staging.catchup.gap = 1000 (default)
2019-09-19 08:58:24,953 [8a96a672-7e2f-4b1c-ac1e-ddd5d18a6d5d:group-6FDF181430D3:LeaderElection3] INFO  server.RaftServerConfigKeys (ConfUtils.java:logGet(43)) - raft.server.rpc.sleep.time = 25ms (default)
2019-09-19 08:58:24,953 [8a96a672-7e2f-4b1c-ac1e-ddd5d18a6d5d:group-6FDF181430D3:LeaderElection3] INFO  server.RaftServerConfigKeys (ConfUtils.java:logGet(43)) - raft.server.write.element-limit = 4096 (default)
2019-09-19 08:58:24,953 [8a96a672-7e2f-4b1c-ac1e-ddd5d18a6d5d:group-6FDF181430D3:LeaderElection3] INFO  server.RaftServerConfigKeys (ConfUtils.java:logGet(43)) - raft.server.watch.timeout = 10s (default)
2019-09-19 08:58:24,953 [8a96a672-7e2f-4b1c-ac1e-ddd5d18a6d5d:group-6FDF181430D3:LeaderElection3] INFO  server.RaftServerConfigKeys (ConfUtils.java:logGet(43)) - raft.server.watch.timeout.denomination = 1s (default)
2019-09-19 08:58:24,953 [8a96a672-7e2f-4b1c-ac1e-ddd5d18a6d5d:group-6FDF181430D3:LeaderElection3] INFO  server.RaftServerConfigKeys (ConfUtils.java:logGet(43)) - raft.server.watch.element-limit = 65536 (default)
2019-09-19 08:58:24,953 [8a96a672-7e2f-4b1c-ac1e-ddd5d18a6d5d:group-6FDF181430D3:LeaderElection3] INFO  impl.RoleInfo (RoleInfo.java:updateAndGet(143)) - 8a96a672-7e2f-4b1c-ac1e-ddd5d18a6d5d: start LeaderState
2019-09-19 08:58:24,954 [8a96a672-7e2f-4b1c-ac1e-ddd5d18a6d5d:group-6FDF181430D3:LeaderElection3] INFO  segmented.SegmentedRaftLogWorker (SegmentedRaftLogWorker.java:startLogSegment(380)) - 8a96a672-7e2f-4b1c-ac1e-ddd5d18a6d5d-SegmentedRaftLogWorker:Storage Directory /workdir/hadoop-ozone/integration-test/target/test-dir/MiniOzoneClusterImpl-072ceacc-f14a-494c-b049-5b6ad59b8d93/datanode-0/data/ratis/9d3b2d65-7677-4c7e-acd3-6fdf181430d3: Starting segment from index:0
2019-09-19 08:58:24,956 [8a96a672-7e2f-4b1c-ac1e-ddd5d18a6d5d:group-6FDF181430D3:LeaderElection3] INFO  impl.RaftServerImpl (ServerState.java:setRaftConf(361)) - 8a96a672-7e2f-4b1c-ac1e-ddd5d18a6d5d:group-6FDF181430D3 set configuration 0: [8a96a672-7e2f-4b1c-ac1e-ddd5d18a6d5d:192.168.34.5:45218], old=null at 0
2019-09-19 08:58:24,964 [grpc-default-executor-1] INFO  impl.RaftServerProxy (RaftServerProxy.java:addNew(89)) - 356a349a-c9c9-49f9-a5b1-196804736fbc: addNew group-66C2D31ECCA5:[356a349a-c9c9-49f9-a5b1-196804736fbc:192.168.34.5:46709] returns group-66C2D31ECCA5:java.util.concurrent.CompletableFuture@25fdea2e[Not completed]
2019-09-19 08:58:24,966 [pool-38-thread-1] INFO  impl.RaftServerImpl (RaftServerImpl.java:<init>(93)) - 356a349a-c9c9-49f9-a5b1-196804736fbc: new RaftServerImpl for group-66C2D31ECCA5:[356a349a-c9c9-49f9-a5b1-196804736fbc:192.168.34.5:46709] with ContainerStateMachine:uninitialized
2019-09-19 08:58:24,966 [pool-38-thread-1] INFO  server.RaftServerConfigKeys (ConfUtils.java:logGet(43)) - raft.server.rpc.timeout.min = 1s (custom)
2019-09-19 08:58:24,966 [pool-38-thread-1] INFO  server.RaftServerConfigKeys (ConfUtils.java:logGet(43)) - raft.server.rpc.timeout.max = 1200ms (custom)
2019-09-19 08:58:24,966 [pool-38-thread-1] INFO  server.RaftServerConfigKeys (ConfUtils.java:logGet(43)) - raft.server.rpcslowness.timeout = 120s (custom)
2019-09-19 08:58:24,966 [pool-38-thread-1] INFO  server.RaftServerConfigKeys (ConfUtils.java:logGet(43)) - raft.server.sleep.deviation.threshold = 300 (default)
2019-09-19 08:58:24,966 [pool-38-thread-1] INFO  server.RaftServerConfigKeys (ConfUtils.java:logGet(43)) - raft.server.log.appender.install.snapshot.enabled = false (custom)
2019-09-19 08:58:24,966 [pool-38-thread-1] INFO  impl.RaftServerImpl (ServerState.java:<init>(105)) - 356a349a-c9c9-49f9-a5b1-196804736fbc:group-66C2D31ECCA5 ConfigurationManager, init=-1: [356a349a-c9c9-49f9-a5b1-196804736fbc:192.168.34.5:46709], old=null, confs=<EMPTY_MAP>
2019-09-19 08:58:24,967 [pool-38-thread-1] INFO  server.RaftServerConfigKeys (ConfUtils.java:logGet(43)) - raft.server.storage.dir = [/workdir/hadoop-ozone/integration-test/target/test-dir/MiniOzoneClusterImpl-072ceacc-f14a-494c-b049-5b6ad59b8d93/datanode-1/data/ratis] (custom)
2019-09-19 08:58:24,967 [pool-38-thread-1] INFO  storage.RaftStorageDirectory (RaftStorageDirectory.java:analyzeStorage(246)) - The storage directory /workdir/hadoop-ozone/integration-test/target/test-dir/MiniOzoneClusterImpl-072ceacc-f14a-494c-b049-5b6ad59b8d93/datanode-1/data/ratis/07b43f65-ca6c-4308-b45a-66c2d31ecca5 does not exist. Creating ...
2019-09-19 08:58:24,980 [pool-38-thread-1] INFO  storage.RaftStorageDirectory (RaftStorageDirectory.java:tryLock(328)) - Lock on /workdir/hadoop-ozone/integration-test/target/test-dir/MiniOzoneClusterImpl-072ceacc-f14a-494c-b049-5b6ad59b8d93/datanode-1/data/ratis/07b43f65-ca6c-4308-b45a-66c2d31ecca5/in_use.lock acquired by nodename 8013@pr-hdds-1569-j4bt4-3030777008
2019-09-19 08:58:24,993 [pool-38-thread-1] INFO  storage.RaftStorage (RaftStorage.java:format(72)) - Storage directory /workdir/hadoop-ozone/integration-test/target/test-dir/MiniOzoneClusterImpl-072ceacc-f14a-494c-b049-5b6ad59b8d93/datanode-1/data/ratis/07b43f65-ca6c-4308-b45a-66c2d31ecca5 has been successfully formatted.
2019-09-19 08:58:24,993 [pool-38-thread-1] INFO  ratis.ContainerStateMachine (ContainerStateMachine.java:loadSnapshot(226)) - group-66C2D31ECCA5: The snapshot info is null. Setting the last applied indexto:(t:0, i:~)
2019-09-19 08:58:24,993 [pool-38-thread-1] INFO  server.RaftServerConfigKeys (ConfUtils.java:logGet(43)) - raft.server.leader.election.timeout = 120s (custom)
2019-09-19 08:58:24,993 [pool-38-thread-1] INFO  server.RaftServerConfigKeys (ConfUtils.java:logGet(43)) - raft.server.log.use.memory = false (default)
2019-09-19 08:58:24,994 [pool-38-thread-1] INFO  server.RaftServerConfigKeys (ConfUtils.java:logGet(43)) - raft.server.log.purge.gap = 1000000 (custom)
2019-09-19 08:58:24,994 [pool-38-thread-1] INFO  server.RaftServerConfigKeys (ConfUtils.java:logGet(43)) - raft.server.log.appender.buffer.byte-limit = 33554432 (custom)
2019-09-19 08:58:24,994 [pool-38-thread-1] INFO  server.RaftServerConfigKeys (ConfUtils.java:logGet(43)) - raft.server.log.segment.size.max = 1048576 (custom)
2019-09-19 08:58:24,994 [pool-38-thread-1] INFO  server.RaftServerConfigKeys (ConfUtils.java:logGet(43)) - raft.server.log.segment.cache.num.max = 2 (custom)
2019-09-19 08:58:24,994 [pool-38-thread-1] INFO  segmented.SegmentedRaftLogWorker (SegmentedRaftLogWorker.java:<init>(172)) - new 356a349a-c9c9-49f9-a5b1-196804736fbc-SegmentedRaftLogWorker:Storage Directory /workdir/hadoop-ozone/integration-test/target/test-dir/MiniOzoneClusterImpl-072ceacc-f14a-494c-b049-5b6ad59b8d93/datanode-1/data/ratis/07b43f65-ca6c-4308-b45a-66c2d31ecca5 for RaftStorage:Storage Directory /workdir/hadoop-ozone/integration-test/target/test-dir/MiniOzoneClusterImpl-072ceacc-f14a-494c-b049-5b6ad59b8d93/datanode-1/data/ratis/07b43f65-ca6c-4308-b45a-66c2d31ecca5
2019-09-19 08:58:24,994 [pool-38-thread-1] INFO  server.RaftServerConfigKeys (ConfUtils.java:logGet(43)) - raft.server.log.queue.byte-limit = 2147483647 (custom)
2019-09-19 08:58:24,995 [pool-38-thread-1] INFO  server.RaftServerConfigKeys (ConfUtils.java:logGet(43)) - raft.server.log.queue.element-limit = 1024 (custom)
2019-09-19 08:58:24,995 [pool-38-thread-1] INFO  server.RaftServerConfigKeys (ConfUtils.java:logGet(43)) - raft.server.log.segment.size.max = 1048576 (custom)
2019-09-19 08:58:24,995 [pool-38-thread-1] INFO  server.RaftServerConfigKeys (ConfUtils.java:logGet(43)) - raft.server.log.preallocated.size = 16384 (custom)
2019-09-19 08:58:24,995 [pool-38-thread-1] INFO  server.RaftServerConfigKeys (ConfUtils.java:logGet(43)) - raft.server.log.write.buffer.size = 33554432 (custom)
2019-09-19 08:58:24,995 [pool-38-thread-1] INFO  server.RaftServerConfigKeys (ConfUtils.java:logGet(43)) - raft.server.log.force.sync.num = 128 (default)
2019-09-19 08:58:24,995 [pool-38-thread-1] INFO  server.RaftServerConfigKeys (ConfUtils.java:logGet(43)) - raft.server.log.statemachine.data.sync = true (default)
2019-09-19 08:58:24,996 [pool-38-thread-1] INFO  server.RaftServerConfigKeys (ConfUtils.java:logGet(43)) - raft.server.log.statemachine.data.sync.timeout = 10s (default)
2019-09-19 08:58:24,996 [pool-38-thread-1] INFO  server.RaftServerConfigKeys (ConfUtils.java:logGet(43)) - raft.server.log.statemachine.data.sync.timeout.retry = -1 (default)
2019-09-19 08:58:24,996 [pool-38-thread-1] INFO  server.RaftServerConfigKeys (ConfUtils.java:logGet(43)) - raft.server.log.statemachine.data.caching.enabled = true (custom)
2019-09-19 08:58:24,996 [pool-38-thread-1] INFO  segmented.SegmentedRaftLogWorker (SegmentedRaftLogWorker.java:lambda$new$0(132)) - 356a349a-c9c9-49f9-a5b1-196804736fbc-SegmentedRaftLogWorker:Storage Directory /workdir/hadoop-ozone/integration-test/target/test-dir/MiniOzoneClusterImpl-072ceacc-f14a-494c-b049-5b6ad59b8d93/datanode-1/data/ratis/07b43f65-ca6c-4308-b45a-66c2d31ecca5: flushIndex: setUnconditionally 0 -> -1
2019-09-19 08:58:24,997 [pool-38-thread-1] INFO  server.RaftServerConfigKeys (ConfUtils.java:logGet(43)) - raft.server.snapshot.auto.trigger.enabled = true (custom)
2019-09-19 08:58:24,997 [pool-38-thread-1] INFO  server.RaftServerConfigKeys (ConfUtils.java:logGet(43)) - raft.server.snapshot.auto.trigger.threshold = 10000 (custom)
2019-09-19 08:58:24,997 [pool-38-thread-1] INFO  server.RaftServerConfigKeys (ConfUtils.java:logGet(43)) - raft.server.retrycache.expirytime = 600000ms (custom)
2019-09-19 08:58:24,997 [pool-38-thread-1] INFO  impl.RaftServerImpl (RaftServerImpl.java:start(180)) - 356a349a-c9c9-49f9-a5b1-196804736fbc: start group-66C2D31ECCA5
2019-09-19 08:58:24,997 [pool-38-thread-1] INFO  impl.RaftServerImpl (RaftServerImpl.java:setRole(171)) - 356a349a-c9c9-49f9-a5b1-196804736fbc:group-66C2D31ECCA5 changes role from null to FOLLOWER at term 0 for startAsFollower
2019-09-19 08:58:24,998 [pool-38-thread-1] INFO  impl.RoleInfo (RoleInfo.java:updateAndGet(143)) - 356a349a-c9c9-49f9-a5b1-196804736fbc: start FollowerState
2019-09-19 08:58:24,998 [pool-38-thread-1] INFO  util.JmxRegister (JmxRegister.java:tryRegister(44)) - Successfully registered JMX Bean with object name Ratis:service=RaftServer,group=group-66C2D31ECCA5,id=356a349a-c9c9-49f9-a5b1-196804736fbc
2019-09-19 08:58:25,002 [Thread-293] INFO  impl.FollowerState (FollowerState.java:run(106)) - d611bba7-fcef-48db-9a8e-14e1bb825cd8:group-A5129030AA95 changes to CANDIDATE, lastRpcTime:1078, electionTimeout:1076ms
2019-09-19 08:58:25,004 [Thread-293] INFO  impl.RoleInfo (RoleInfo.java:shutdownFollowerState(121)) - d611bba7-fcef-48db-9a8e-14e1bb825cd8: shutdown FollowerState
2019-09-19 08:58:25,004 [Thread-293] INFO  impl.RaftServerImpl (RaftServerImpl.java:setRole(171)) - d611bba7-fcef-48db-9a8e-14e1bb825cd8:group-A5129030AA95 changes role from FOLLOWER to CANDIDATE at term 0 for changeToCandidate
2019-09-19 08:58:25,004 [Thread-293] INFO  impl.RoleInfo (RoleInfo.java:updateAndGet(143)) - d611bba7-fcef-48db-9a8e-14e1bb825cd8: start LeaderElection
2019-09-19 08:58:25,009 [RatisPipelineUtilsThread] INFO  pipeline.PipelineStateManager (PipelineStateManager.java:addPipeline(56)) - Created pipeline Pipeline[ Id: 07b43f65-ca6c-4308-b45a-66c2d31ecca5, Nodes: 356a349a-c9c9-49f9-a5b1-196804736fbc{ip: 192.168.34.5, host: pr-hdds-1569-j4bt4-3030777008, networkLocation: /default-rack, certSerialId: null}, Type:RATIS, Factor:ONE, State:OPEN]
2019-09-19 08:58:25,010 [RatisPipelineUtilsThread] ERROR pipeline.PipelinePlacementPolicy (PipelinePlacementPolicy.java:meetCriteria(91)) - Pipeline Placement: Doesn't meet the criteria to be viable node. Heaviness: 6
2019-09-19 08:58:25,018 [grpc-default-executor-1] INFO  impl.RaftServerProxy (RaftServerProxy.java:addNew(89)) - 5655ea38-4aa2-40a6-aaa3-4d444347e46a: addNew group-B48B81943ECE:[5655ea38-4aa2-40a6-aaa3-4d444347e46a:192.168.34.5:39771] returns group-B48B81943ECE:java.util.concurrent.CompletableFuture@6bc00ff5[Not completed]
2019-09-19 08:58:25,020 [pool-60-thread-1] INFO  impl.RaftServerImpl (RaftServerImpl.java:<init>(93)) - 5655ea38-4aa2-40a6-aaa3-4d444347e46a: new RaftServerImpl for group-B48B81943ECE:[5655ea38-4aa2-40a6-aaa3-4d444347e46a:192.168.34.5:39771] with ContainerStateMachine:uninitialized
2019-09-19 08:58:25,020 [pool-60-thread-1] INFO  server.RaftServerConfigKeys (ConfUtils.java:logGet(43)) - raft.server.rpc.timeout.min = 1s (custom)
2019-09-19 08:58:25,020 [pool-60-thread-1] INFO  server.RaftServerConfigKeys (ConfUtils.java:logGet(43)) - raft.server.rpc.timeout.max = 1200ms (custom)
2019-09-19 08:58:25,021 [pool-60-thread-1] INFO  server.RaftServerConfigKeys (ConfUtils.java:logGet(43)) - raft.server.rpcslowness.timeout = 120s (custom)
2019-09-19 08:58:25,021 [pool-60-thread-1] INFO  server.RaftServerConfigKeys (ConfUtils.java:logGet(43)) - raft.server.sleep.deviation.threshold = 300 (default)
2019-09-19 08:58:25,021 [pool-60-thread-1] INFO  server.RaftServerConfigKeys (ConfUtils.java:logGet(43)) - raft.server.log.appender.install.snapshot.enabled = false (custom)
2019-09-19 08:58:25,021 [pool-60-thread-1] INFO  impl.RaftServerImpl (ServerState.java:<init>(105)) - 5655ea38-4aa2-40a6-aaa3-4d444347e46a:group-B48B81943ECE ConfigurationManager, init=-1: [5655ea38-4aa2-40a6-aaa3-4d444347e46a:192.168.34.5:39771], old=null, confs=<EMPTY_MAP>
2019-09-19 08:58:25,021 [pool-60-thread-1] INFO  server.RaftServerConfigKeys (ConfUtils.java:logGet(43)) - raft.server.storage.dir = [/workdir/hadoop-ozone/integration-test/target/test-dir/MiniOzoneClusterImpl-072ceacc-f14a-494c-b049-5b6ad59b8d93/datanode-3/data/ratis] (custom)
2019-09-19 08:58:25,021 [pool-60-thread-1] INFO  storage.RaftStorageDirectory (RaftStorageDirectory.java:analyzeStorage(246)) - The storage directory /workdir/hadoop-ozone/integration-test/target/test-dir/MiniOzoneClusterImpl-072ceacc-f14a-494c-b049-5b6ad59b8d93/datanode-3/data/ratis/67695fd1-4074-490e-8664-b48b81943ece does not exist. Creating ...
2019-09-19 08:58:25,021 [d611bba7-fcef-48db-9a8e-14e1bb825cd8:group-A5129030AA95:LeaderElection4] INFO  impl.LeaderElection (LeaderElection.java:askForVotes(181)) - d611bba7-fcef-48db-9a8e-14e1bb825cd8:group-A5129030AA95:LeaderElection4: begin an election at term 1 for -1: [d611bba7-fcef-48db-9a8e-14e1bb825cd8:192.168.34.5:34044], old=null
2019-09-19 08:58:25,022 [d611bba7-fcef-48db-9a8e-14e1bb825cd8:group-A5129030AA95:LeaderElection4] INFO  impl.RoleInfo (RoleInfo.java:shutdownLeaderElection(134)) - d611bba7-fcef-48db-9a8e-14e1bb825cd8: shutdown LeaderElection
2019-09-19 08:58:25,022 [d611bba7-fcef-48db-9a8e-14e1bb825cd8:group-A5129030AA95:LeaderElection4] INFO  impl.RaftServerImpl (RaftServerImpl.java:setRole(171)) - d611bba7-fcef-48db-9a8e-14e1bb825cd8:group-A5129030AA95 changes role from CANDIDATE to LEADER at term 1 for changeToLeader
2019-09-19 08:58:25,022 [d611bba7-fcef-48db-9a8e-14e1bb825cd8:group-A5129030AA95:LeaderElection4] INFO  impl.RaftServerImpl (ServerState.java:setLeader(263)) - d611bba7-fcef-48db-9a8e-14e1bb825cd8:group-A5129030AA95 change Leader from null to d611bba7-fcef-48db-9a8e-14e1bb825cd8 at term 1 for becomeLeader, leader elected after 1101ms
2019-09-19 08:58:25,024 [d611bba7-fcef-48db-9a8e-14e1bb825cd8:group-A5129030AA95:LeaderElection4] INFO  server.RaftServerConfigKeys (ConfUtils.java:logGet(43)) - raft.server.staging.catchup.gap = 1000 (default)
2019-09-19 08:58:25,024 [d611bba7-fcef-48db-9a8e-14e1bb825cd8:group-A5129030AA95:LeaderElection4] INFO  server.RaftServerConfigKeys (ConfUtils.java:logGet(43)) - raft.server.rpc.sleep.time = 25ms (default)
2019-09-19 08:58:25,024 [d611bba7-fcef-48db-9a8e-14e1bb825cd8:group-A5129030AA95:LeaderElection4] INFO  server.RaftServerConfigKeys (ConfUtils.java:logGet(43)) - raft.server.write.element-limit = 4096 (default)
2019-09-19 08:58:25,024 [d611bba7-fcef-48db-9a8e-14e1bb825cd8:group-A5129030AA95:LeaderElection4] INFO  server.RaftServerConfigKeys (ConfUtils.java:logGet(43)) - raft.server.watch.timeout = 10s (default)
2019-09-19 08:58:25,024 [d611bba7-fcef-48db-9a8e-14e1bb825cd8:group-A5129030AA95:LeaderElection4] INFO  server.RaftServerConfigKeys (ConfUtils.java:logGet(43)) - raft.server.watch.timeout.denomination = 1s (default)
2019-09-19 08:58:25,024 [d611bba7-fcef-48db-9a8e-14e1bb825cd8:group-A5129030AA95:LeaderElection4] INFO  server.RaftServerConfigKeys (ConfUtils.java:logGet(43)) - raft.server.watch.element-limit = 65536 (default)
2019-09-19 08:58:25,025 [d611bba7-fcef-48db-9a8e-14e1bb825cd8:group-A5129030AA95:LeaderElection4] INFO  impl.RoleInfo (RoleInfo.java:updateAndGet(143)) - d611bba7-fcef-48db-9a8e-14e1bb825cd8: start LeaderState
2019-09-19 08:58:25,025 [d611bba7-fcef-48db-9a8e-14e1bb825cd8:group-A5129030AA95:LeaderElection4] INFO  segmented.SegmentedRaftLogWorker (SegmentedRaftLogWorker.java:startLogSegment(380)) - d611bba7-fcef-48db-9a8e-14e1bb825cd8-SegmentedRaftLogWorker:Storage Directory /workdir/hadoop-ozone/integration-test/target/test-dir/MiniOzoneClusterImpl-072ceacc-f14a-494c-b049-5b6ad59b8d93/datanode-2/data/ratis/fb65c901-0052-4d0a-a87f-a5129030aa95: Starting segment from index:0
2019-09-19 08:58:25,025 [d611bba7-fcef-48db-9a8e-14e1bb825cd8:group-A5129030AA95:LeaderElection4] INFO  impl.RaftServerImpl (ServerState.java:setRaftConf(361)) - d611bba7-fcef-48db-9a8e-14e1bb825cd8:group-A5129030AA95 set configuration 0: [d611bba7-fcef-48db-9a8e-14e1bb825cd8:192.168.34.5:34044], old=null at 0
2019-09-19 08:58:25,032 [Thread-296] INFO  impl.FollowerState (FollowerState.java:run(106)) - 59afcdb3-7cd7-47ef-abfa-eabf405042f7:group-664AEE156342 changes to CANDIDATE, lastRpcTime:1040, electionTimeout:1040ms
2019-09-19 08:58:25,032 [Thread-296] INFO  impl.RoleInfo (RoleInfo.java:shutdownFollowerState(121)) - 59afcdb3-7cd7-47ef-abfa-eabf405042f7: shutdown FollowerState
2019-09-19 08:58:25,032 [Thread-296] INFO  impl.RaftServerImpl (RaftServerImpl.java:setRole(171)) - 59afcdb3-7cd7-47ef-abfa-eabf405042f7:group-664AEE156342 changes role from FOLLOWER to CANDIDATE at term 0 for changeToCandidate
2019-09-19 08:58:25,033 [Thread-296] INFO  impl.RoleInfo (RoleInfo.java:updateAndGet(143)) - 59afcdb3-7cd7-47ef-abfa-eabf405042f7: start LeaderElection
2019-09-19 08:58:25,034 [pool-60-thread-1] INFO  storage.RaftStorageDirectory (RaftStorageDirectory.java:tryLock(328)) - Lock on /workdir/hadoop-ozone/integration-test/target/test-dir/MiniOzoneClusterImpl-072ceacc-f14a-494c-b049-5b6ad59b8d93/datanode-3/data/ratis/67695fd1-4074-490e-8664-b48b81943ece/in_use.lock acquired by nodename 8013@pr-hdds-1569-j4bt4-3030777008
2019-09-19 08:58:25,053 [pool-60-thread-1] INFO  storage.RaftStorage (RaftStorage.java:format(72)) - Storage directory /workdir/hadoop-ozone/integration-test/target/test-dir/MiniOzoneClusterImpl-072ceacc-f14a-494c-b049-5b6ad59b8d93/datanode-3/data/ratis/67695fd1-4074-490e-8664-b48b81943ece has been successfully formatted.
2019-09-19 08:58:25,053 [59afcdb3-7cd7-47ef-abfa-eabf405042f7:group-664AEE156342:LeaderElection5] INFO  impl.LeaderElection (LeaderElection.java:askForVotes(181)) - 59afcdb3-7cd7-47ef-abfa-eabf405042f7:group-664AEE156342:LeaderElection5: begin an election at term 1 for -1: [59afcdb3-7cd7-47ef-abfa-eabf405042f7:192.168.34.5:36202], old=null
2019-09-19 08:58:25,054 [59afcdb3-7cd7-47ef-abfa-eabf405042f7:group-664AEE156342:LeaderElection5] INFO  impl.RoleInfo (RoleInfo.java:shutdownLeaderElection(134)) - 59afcdb3-7cd7-47ef-abfa-eabf405042f7: shutdown LeaderElection
2019-09-19 08:58:25,054 [pool-60-thread-1] INFO  ratis.ContainerStateMachine (ContainerStateMachine.java:loadSnapshot(226)) - group-B48B81943ECE: The snapshot info is null. Setting the last applied indexto:(t:0, i:~)
2019-09-19 08:58:25,054 [59afcdb3-7cd7-47ef-abfa-eabf405042f7:group-664AEE156342:LeaderElection5] INFO  impl.RaftServerImpl (RaftServerImpl.java:setRole(171)) - 59afcdb3-7cd7-47ef-abfa-eabf405042f7:group-664AEE156342 changes role from CANDIDATE to LEADER at term 1 for changeToLeader
2019-09-19 08:58:25,054 [pool-60-thread-1] INFO  server.RaftServerConfigKeys (ConfUtils.java:logGet(43)) - raft.server.leader.election.timeout = 120s (custom)
2019-09-19 08:58:25,054 [59afcdb3-7cd7-47ef-abfa-eabf405042f7:group-664AEE156342:LeaderElection5] INFO  impl.RaftServerImpl (ServerState.java:setLeader(263)) - 59afcdb3-7cd7-47ef-abfa-eabf405042f7:group-664AEE156342 change Leader from null to 59afcdb3-7cd7-47ef-abfa-eabf405042f7 at term 1 for becomeLeader, leader elected after 1065ms
2019-09-19 08:58:25,054 [pool-60-thread-1] INFO  server.RaftServerConfigKeys (ConfUtils.java:logGet(43)) - raft.server.log.use.memory = false (default)
2019-09-19 08:58:25,077 [59afcdb3-7cd7-47ef-abfa-eabf405042f7:group-664AEE156342:LeaderElection5] INFO  server.RaftServerConfigKeys (ConfUtils.java:logGet(43)) - raft.server.staging.catchup.gap = 1000 (default)
2019-09-19 08:58:25,077 [pool-60-thread-1] INFO  server.RaftServerConfigKeys (ConfUtils.java:logGet(43)) - raft.server.log.purge.gap = 1000000 (custom)
2019-09-19 08:58:25,077 [59afcdb3-7cd7-47ef-abfa-eabf405042f7:group-664AEE156342:LeaderElection5] INFO  server.RaftServerConfigKeys (ConfUtils.java:logGet(43)) - raft.server.rpc.sleep.time = 25ms (default)
2019-09-19 08:58:25,078 [pool-60-thread-1] INFO  server.RaftServerConfigKeys (ConfUtils.java:logGet(43)) - raft.server.log.appender.buffer.byte-limit = 33554432 (custom)
2019-09-19 08:58:25,078 [59afcdb3-7cd7-47ef-abfa-eabf405042f7:group-664AEE156342:LeaderElection5] INFO  server.RaftServerConfigKeys (ConfUtils.java:logGet(43)) - raft.server.write.element-limit = 4096 (default)
2019-09-19 08:58:25,078 [pool-60-thread-1] INFO  server.RaftServerConfigKeys (ConfUtils.java:logGet(43)) - raft.server.log.segment.size.max = 1048576 (custom)
2019-09-19 08:58:25,078 [59afcdb3-7cd7-47ef-abfa-eabf405042f7:group-664AEE156342:LeaderElection5] INFO  server.RaftServerConfigKeys (ConfUtils.java:logGet(43)) - raft.server.watch.timeout = 10s (default)
2019-09-19 08:58:25,079 [pool-60-thread-1] INFO  server.RaftServerConfigKeys (ConfUtils.java:logGet(43)) - raft.server.log.segment.cache.num.max = 2 (custom)
2019-09-19 08:58:25,079 [59afcdb3-7cd7-47ef-abfa-eabf405042f7:group-664AEE156342:LeaderElection5] INFO  server.RaftServerConfigKeys (ConfUtils.java:logGet(43)) - raft.server.watch.timeout.denomination = 1s (default)
2019-09-19 08:58:25,079 [pool-60-thread-1] INFO  segmented.SegmentedRaftLogWorker (SegmentedRaftLogWorker.java:<init>(172)) - new 5655ea38-4aa2-40a6-aaa3-4d444347e46a-SegmentedRaftLogWorker:Storage Directory /workdir/hadoop-ozone/integration-test/target/test-dir/MiniOzoneClusterImpl-072ceacc-f14a-494c-b049-5b6ad59b8d93/datanode-3/data/ratis/67695fd1-4074-490e-8664-b48b81943ece for RaftStorage:Storage Directory /workdir/hadoop-ozone/integration-test/target/test-dir/MiniOzoneClusterImpl-072ceacc-f14a-494c-b049-5b6ad59b8d93/datanode-3/data/ratis/67695fd1-4074-490e-8664-b48b81943ece
2019-09-19 08:58:25,080 [pool-60-thread-1] INFO  server.RaftServerConfigKeys (ConfUtils.java:logGet(43)) - raft.server.log.queue.byte-limit = 2147483647 (custom)
2019-09-19 08:58:25,080 [pool-60-thread-1] INFO  server.RaftServerConfigKeys (ConfUtils.java:logGet(43)) - raft.server.log.queue.element-limit = 1024 (custom)
2019-09-19 08:58:25,080 [pool-60-thread-1] INFO  server.RaftServerConfigKeys (ConfUtils.java:logGet(43)) - raft.server.log.segment.size.max = 1048576 (custom)
2019-09-19 08:58:25,080 [pool-60-thread-1] INFO  server.RaftServerConfigKeys (ConfUtils.java:logGet(43)) - raft.server.log.preallocated.size = 16384 (custom)
2019-09-19 08:58:25,081 [pool-60-thread-1] INFO  server.RaftServerConfigKeys (ConfUtils.java:logGet(43)) - raft.server.log.write.buffer.size = 33554432 (custom)
2019-09-19 08:58:25,079 [59afcdb3-7cd7-47ef-abfa-eabf405042f7:group-664AEE156342:LeaderElection5] INFO  server.RaftServerConfigKeys (ConfUtils.java:logGet(43)) - raft.server.watch.element-limit = 65536 (default)
2019-09-19 08:58:25,081 [pool-60-thread-1] INFO  server.RaftServerConfigKeys (ConfUtils.java:logGet(43)) - raft.server.log.force.sync.num = 128 (default)
2019-09-19 08:58:25,087 [pool-60-thread-1] INFO  server.RaftServerConfigKeys (ConfUtils.java:logGet(43)) - raft.server.log.statemachine.data.sync = true (default)
2019-09-19 08:58:25,087 [59afcdb3-7cd7-47ef-abfa-eabf405042f7:group-664AEE156342:LeaderElection5] INFO  impl.RoleInfo (RoleInfo.java:updateAndGet(143)) - 59afcdb3-7cd7-47ef-abfa-eabf405042f7: start LeaderState
2019-09-19 08:58:25,087 [pool-60-thread-1] INFO  server.RaftServerConfigKeys (ConfUtils.java:logGet(43)) - raft.server.log.statemachine.data.sync.timeout = 10s (default)
2019-09-19 08:58:25,087 [59afcdb3-7cd7-47ef-abfa-eabf405042f7:group-664AEE156342:LeaderElection5] INFO  segmented.SegmentedRaftLogWorker (SegmentedRaftLogWorker.java:startLogSegment(380)) - 59afcdb3-7cd7-47ef-abfa-eabf405042f7-SegmentedRaftLogWorker:Storage Directory /workdir/hadoop-ozone/integration-test/target/test-dir/MiniOzoneClusterImpl-072ceacc-f14a-494c-b049-5b6ad59b8d93/datanode-4/data/ratis/fbaaf8e8-b17f-41e5-86b8-664aee156342: Starting segment from index:0
2019-09-19 08:58:25,087 [pool-60-thread-1] INFO  server.RaftServerConfigKeys (ConfUtils.java:logGet(43)) - raft.server.log.statemachine.data.sync.timeout.retry = -1 (default)
2019-09-19 08:58:25,088 [pool-60-thread-1] INFO  server.RaftServerConfigKeys (ConfUtils.java:logGet(43)) - raft.server.log.statemachine.data.caching.enabled = true (custom)
2019-09-19 08:58:25,088 [59afcdb3-7cd7-47ef-abfa-eabf405042f7:group-664AEE156342:LeaderElection5] INFO  impl.RaftServerImpl (ServerState.java:setRaftConf(361)) - 59afcdb3-7cd7-47ef-abfa-eabf405042f7:group-664AEE156342 set configuration 0: [59afcdb3-7cd7-47ef-abfa-eabf405042f7:192.168.34.5:36202], old=null at 0
2019-09-19 08:58:25,088 [pool-60-thread-1] INFO  segmented.SegmentedRaftLogWorker (SegmentedRaftLogWorker.java:lambda$new$0(132)) - 5655ea38-4aa2-40a6-aaa3-4d444347e46a-SegmentedRaftLogWorker:Storage Directory /workdir/hadoop-ozone/integration-test/target/test-dir/MiniOzoneClusterImpl-072ceacc-f14a-494c-b049-5b6ad59b8d93/datanode-3/data/ratis/67695fd1-4074-490e-8664-b48b81943ece: flushIndex: setUnconditionally 0 -> -1
2019-09-19 08:58:25,113 [8a96a672-7e2f-4b1c-ac1e-ddd5d18a6d5d-SegmentedRaftLogWorker:Storage Directory /workdir/hadoop-ozone/integration-test/target/test-dir/MiniOzoneClusterImpl-072ceacc-f14a-494c-b049-5b6ad59b8d93/datanode-0/data/ratis/9d3b2d65-7677-4c7e-acd3-6fdf181430d3] INFO  segmented.SegmentedRaftLogWorker (SegmentedRaftLogWorker.java:execute(569)) - 8a96a672-7e2f-4b1c-ac1e-ddd5d18a6d5d-SegmentedRaftLogWorker:Storage Directory /workdir/hadoop-ozone/integration-test/target/test-dir/MiniOzoneClusterImpl-072ceacc-f14a-494c-b049-5b6ad59b8d93/datanode-0/data/ratis/9d3b2d65-7677-4c7e-acd3-6fdf181430d3: created new log segment /workdir/hadoop-ozone/integration-test/target/test-dir/MiniOzoneClusterImpl-072ceacc-f14a-494c-b049-5b6ad59b8d93/datanode-0/data/ratis/9d3b2d65-7677-4c7e-acd3-6fdf181430d3/current/log_inprogress_0
2019-09-19 08:58:25,113 [d611bba7-fcef-48db-9a8e-14e1bb825cd8-SegmentedRaftLogWorker:Storage Directory /workdir/hadoop-ozone/integration-test/target/test-dir/MiniOzoneClusterImpl-072ceacc-f14a-494c-b049-5b6ad59b8d93/datanode-2/data/ratis/fb65c901-0052-4d0a-a87f-a5129030aa95] INFO  segmented.SegmentedRaftLogWorker (SegmentedRaftLogWorker.java:execute(569)) - d611bba7-fcef-48db-9a8e-14e1bb825cd8-SegmentedRaftLogWorker:Storage Directory /workdir/hadoop-ozone/integration-test/target/test-dir/MiniOzoneClusterImpl-072ceacc-f14a-494c-b049-5b6ad59b8d93/datanode-2/data/ratis/fb65c901-0052-4d0a-a87f-a5129030aa95: created new log segment /workdir/hadoop-ozone/integration-test/target/test-dir/MiniOzoneClusterImpl-072ceacc-f14a-494c-b049-5b6ad59b8d93/datanode-2/data/ratis/fb65c901-0052-4d0a-a87f-a5129030aa95/current/log_inprogress_0
2019-09-19 08:58:25,113 [pool-60-thread-1] INFO  server.RaftServerConfigKeys (ConfUtils.java:logGet(43)) - raft.server.snapshot.auto.trigger.enabled = true (custom)
2019-09-19 08:58:25,113 [8a96a672-7e2f-4b1c-ac1e-ddd5d18a6d5d-SegmentedRaftLogWorker:Storage Directory /workdir/hadoop-ozone/integration-test/target/test-dir/MiniOzoneClusterImpl-072ceacc-f14a-494c-b049-5b6ad59b8d93/datanode-0/data/ratis/4277a7d7-e1c2-4bc2-a78a-a52e20fb270c] INFO  segmented.SegmentedRaftLogWorker (SegmentedRaftLogWorker.java:execute(569)) - 8a96a672-7e2f-4b1c-ac1e-ddd5d18a6d5d-SegmentedRaftLogWorker:Storage Directory /workdir/hadoop-ozone/integration-test/target/test-dir/MiniOzoneClusterImpl-072ceacc-f14a-494c-b049-5b6ad59b8d93/datanode-0/data/ratis/4277a7d7-e1c2-4bc2-a78a-a52e20fb270c: created new log segment /workdir/hadoop-ozone/integration-test/target/test-dir/MiniOzoneClusterImpl-072ceacc-f14a-494c-b049-5b6ad59b8d93/datanode-0/data/ratis/4277a7d7-e1c2-4bc2-a78a-a52e20fb270c/current/log_inprogress_0
2019-09-19 08:58:25,113 [356a349a-c9c9-49f9-a5b1-196804736fbc-SegmentedRaftLogWorker:Storage Directory /workdir/hadoop-ozone/integration-test/target/test-dir/MiniOzoneClusterImpl-072ceacc-f14a-494c-b049-5b6ad59b8d93/datanode-1/data/ratis/b3c5876e-e14b-41e2-9e8e-1681e1107208] INFO  segmented.SegmentedRaftLogWorker (SegmentedRaftLogWorker.java:execute(569)) - 356a349a-c9c9-49f9-a5b1-196804736fbc-SegmentedRaftLogWorker:Storage Directory /workdir/hadoop-ozone/integration-test/target/test-dir/MiniOzoneClusterImpl-072ceacc-f14a-494c-b049-5b6ad59b8d93/datanode-1/data/ratis/b3c5876e-e14b-41e2-9e8e-1681e1107208: created new log segment /workdir/hadoop-ozone/integration-test/target/test-dir/MiniOzoneClusterImpl-072ceacc-f14a-494c-b049-5b6ad59b8d93/datanode-1/data/ratis/b3c5876e-e14b-41e2-9e8e-1681e1107208/current/log_inprogress_0
2019-09-19 08:58:25,116 [pool-60-thread-1] INFO  server.RaftServerConfigKeys (ConfUtils.java:logGet(43)) - raft.server.snapshot.auto.trigger.threshold = 10000 (custom)
2019-09-19 08:58:25,121 [pool-60-thread-1] INFO  server.RaftServerConfigKeys (ConfUtils.java:logGet(43)) - raft.server.retrycache.expirytime = 600000ms (custom)
2019-09-19 08:58:25,121 [pool-60-thread-1] INFO  impl.RaftServerImpl (RaftServerImpl.java:start(180)) - 5655ea38-4aa2-40a6-aaa3-4d444347e46a: start group-B48B81943ECE
2019-09-19 08:58:25,121 [pool-60-thread-1] INFO  impl.RaftServerImpl (RaftServerImpl.java:setRole(171)) - 5655ea38-4aa2-40a6-aaa3-4d444347e46a:group-B48B81943ECE changes role from null to FOLLOWER at term 0 for startAsFollower
2019-09-19 08:58:25,121 [pool-60-thread-1] INFO  impl.RoleInfo (RoleInfo.java:updateAndGet(143)) - 5655ea38-4aa2-40a6-aaa3-4d444347e46a: start FollowerState
2019-09-19 08:58:25,121 | INFO  | SCMAudit | user=jenkins1000 | ip=192.168.34.5 | op=SEND_HEARTBEAT {datanodeUUID=5655ea38-4aa2-40a6-aaa3-4d444347e46a, command=[]} | ret=SUCCESS |  
2019-09-19 08:58:25,121 | INFO  | SCMAudit | user=jenkins1000 | ip=192.168.34.5 | op=SEND_HEARTBEAT {datanodeUUID=d611bba7-fcef-48db-9a8e-14e1bb825cd8, command=[]} | ret=SUCCESS |  
2019-09-19 08:58:25,122 [pool-60-thread-1] INFO  util.JmxRegister (JmxRegister.java:tryRegister(44)) - Successfully registered JMX Bean with object name Ratis:service=RaftServer,group=group-B48B81943ECE,id=5655ea38-4aa2-40a6-aaa3-4d444347e46a
2019-09-19 08:58:25,122 [Thread-299] INFO  impl.FollowerState (FollowerState.java:run(106)) - 356a349a-c9c9-49f9-a5b1-196804736fbc:group-ECE3383F02EC changes to CANDIDATE, lastRpcTime:1071, electionTimeout:1071ms
2019-09-19 08:58:25,125 [Thread-299] INFO  impl.RoleInfo (RoleInfo.java:shutdownFollowerState(121)) - 356a349a-c9c9-49f9-a5b1-196804736fbc: shutdown FollowerState
2019-09-19 08:58:25,125 [Thread-299] INFO  impl.RaftServerImpl (RaftServerImpl.java:setRole(171)) - 356a349a-c9c9-49f9-a5b1-196804736fbc:group-ECE3383F02EC changes role from FOLLOWER to CANDIDATE at term 0 for changeToCandidate
2019-09-19 08:58:25,125 [59afcdb3-7cd7-47ef-abfa-eabf405042f7-SegmentedRaftLogWorker:Storage Directory /workdir/hadoop-ozone/integration-test/target/test-dir/MiniOzoneClusterImpl-072ceacc-f14a-494c-b049-5b6ad59b8d93/datanode-4/data/ratis/fbaaf8e8-b17f-41e5-86b8-664aee156342] INFO  segmented.SegmentedRaftLogWorker (SegmentedRaftLogWorker.java:execute(569)) - 59afcdb3-7cd7-47ef-abfa-eabf405042f7-SegmentedRaftLogWorker:Storage Directory /workdir/hadoop-ozone/integration-test/target/test-dir/MiniOzoneClusterImpl-072ceacc-f14a-494c-b049-5b6ad59b8d93/datanode-4/data/ratis/fbaaf8e8-b17f-41e5-86b8-664aee156342: created new log segment /workdir/hadoop-ozone/integration-test/target/test-dir/MiniOzoneClusterImpl-072ceacc-f14a-494c-b049-5b6ad59b8d93/datanode-4/data/ratis/fbaaf8e8-b17f-41e5-86b8-664aee156342/current/log_inprogress_0
2019-09-19 08:58:25,125 [Thread-299] INFO  impl.RoleInfo (RoleInfo.java:updateAndGet(143)) - 356a349a-c9c9-49f9-a5b1-196804736fbc: start LeaderElection
2019-09-19 08:58:25,134 [RatisPipelineUtilsThread] INFO  pipeline.PipelineStateManager (PipelineStateManager.java:addPipeline(56)) - Created pipeline Pipeline[ Id: 67695fd1-4074-490e-8664-b48b81943ece, Nodes: 5655ea38-4aa2-40a6-aaa3-4d444347e46a{ip: 192.168.34.5, host: pr-hdds-1569-j4bt4-3030777008, networkLocation: /default-rack, certSerialId: null}, Type:RATIS, Factor:ONE, State:OPEN]
2019-09-19 08:58:25,137 [RatisPipelineUtilsThread] ERROR pipeline.PipelinePlacementPolicy (PipelinePlacementPolicy.java:meetCriteria(91)) - Pipeline Placement: Doesn't meet the criteria to be viable node. Heaviness: 6
2019-09-19 08:58:25,143 [356a349a-c9c9-49f9-a5b1-196804736fbc:group-ECE3383F02EC:LeaderElection6] INFO  impl.LeaderElection (LeaderElection.java:askForVotes(181)) - 356a349a-c9c9-49f9-a5b1-196804736fbc:group-ECE3383F02EC:LeaderElection6: begin an election at term 1 for -1: [356a349a-c9c9-49f9-a5b1-196804736fbc:192.168.34.5:46709], old=null
2019-09-19 08:58:25,143 [356a349a-c9c9-49f9-a5b1-196804736fbc:group-ECE3383F02EC:LeaderElection6] INFO  impl.RoleInfo (RoleInfo.java:shutdownLeaderElection(134)) - 356a349a-c9c9-49f9-a5b1-196804736fbc: shutdown LeaderElection
2019-09-19 08:58:25,143 [356a349a-c9c9-49f9-a5b1-196804736fbc:group-ECE3383F02EC:LeaderElection6] INFO  impl.RaftServerImpl (RaftServerImpl.java:setRole(171)) - 356a349a-c9c9-49f9-a5b1-196804736fbc:group-ECE3383F02EC changes role from CANDIDATE to LEADER at term 1 for changeToLeader
2019-09-19 08:58:25,143 [356a349a-c9c9-49f9-a5b1-196804736fbc:group-ECE3383F02EC:LeaderElection6] INFO  impl.RaftServerImpl (ServerState.java:setLeader(263)) - 356a349a-c9c9-49f9-a5b1-196804736fbc:group-ECE3383F02EC change Leader from null to 356a349a-c9c9-49f9-a5b1-196804736fbc at term 1 for becomeLeader, leader elected after 1095ms
2019-09-19 08:58:25,143 [356a349a-c9c9-49f9-a5b1-196804736fbc:group-ECE3383F02EC:LeaderElection6] INFO  server.RaftServerConfigKeys (ConfUtils.java:logGet(43)) - raft.server.staging.catchup.gap = 1000 (default)
2019-09-19 08:58:25,144 [356a349a-c9c9-49f9-a5b1-196804736fbc:group-ECE3383F02EC:LeaderElection6] INFO  server.RaftServerConfigKeys (ConfUtils.java:logGet(43)) - raft.server.rpc.sleep.time = 25ms (default)
2019-09-19 08:58:25,144 [356a349a-c9c9-49f9-a5b1-196804736fbc:group-ECE3383F02EC:LeaderElection6] INFO  server.RaftServerConfigKeys (ConfUtils.java:logGet(43)) - raft.server.write.element-limit = 4096 (default)
2019-09-19 08:58:25,144 [356a349a-c9c9-49f9-a5b1-196804736fbc:group-ECE3383F02EC:LeaderElection6] INFO  server.RaftServerConfigKeys (ConfUtils.java:logGet(43)) - raft.server.watch.timeout = 10s (default)
2019-09-19 08:58:25,144 [356a349a-c9c9-49f9-a5b1-196804736fbc:group-ECE3383F02EC:LeaderElection6] INFO  server.RaftServerConfigKeys (ConfUtils.java:logGet(43)) - raft.server.watch.timeout.denomination = 1s (default)
2019-09-19 08:58:25,144 [356a349a-c9c9-49f9-a5b1-196804736fbc:group-ECE3383F02EC:LeaderElection6] INFO  server.RaftServerConfigKeys (ConfUtils.java:logGet(43)) - raft.server.watch.element-limit = 65536 (default)
2019-09-19 08:58:25,145 [356a349a-c9c9-49f9-a5b1-196804736fbc:group-ECE3383F02EC:LeaderElection6] INFO  impl.RoleInfo (RoleInfo.java:updateAndGet(143)) - 356a349a-c9c9-49f9-a5b1-196804736fbc: start LeaderState
2019-09-19 08:58:25,145 [356a349a-c9c9-49f9-a5b1-196804736fbc:group-ECE3383F02EC:LeaderElection6] INFO  segmented.SegmentedRaftLogWorker (SegmentedRaftLogWorker.java:startLogSegment(380)) - 356a349a-c9c9-49f9-a5b1-196804736fbc-SegmentedRaftLogWorker:Storage Directory /workdir/hadoop-ozone/integration-test/target/test-dir/MiniOzoneClusterImpl-072ceacc-f14a-494c-b049-5b6ad59b8d93/datanode-1/data/ratis/5b2306bf-a4f3-443b-a893-ece3383f02ec: Starting segment from index:0
2019-09-19 08:58:25,145 [356a349a-c9c9-49f9-a5b1-196804736fbc:group-ECE3383F02EC:LeaderElection6] INFO  impl.RaftServerImpl (ServerState.java:setRaftConf(361)) - 356a349a-c9c9-49f9-a5b1-196804736fbc:group-ECE3383F02EC set configuration 0: [356a349a-c9c9-49f9-a5b1-196804736fbc:192.168.34.5:46709], old=null at 0
2019-09-19 08:58:25,172 [grpc-default-executor-1] INFO  impl.RaftServerProxy (RaftServerProxy.java:addNew(89)) - 356a349a-c9c9-49f9-a5b1-196804736fbc: addNew group-B2753799F5F6:[356a349a-c9c9-49f9-a5b1-196804736fbc:192.168.34.5:46709] returns group-B2753799F5F6:java.util.concurrent.CompletableFuture@6bff03f2[Not completed]
2019-09-19 08:58:25,173 [pool-38-thread-1] INFO  impl.RaftServerImpl (RaftServerImpl.java:<init>(93)) - 356a349a-c9c9-49f9-a5b1-196804736fbc: new RaftServerImpl for group-B2753799F5F6:[356a349a-c9c9-49f9-a5b1-196804736fbc:192.168.34.5:46709] with ContainerStateMachine:uninitialized
2019-09-19 08:58:25,173 [pool-38-thread-1] INFO  server.RaftServerConfigKeys (ConfUtils.java:logGet(43)) - raft.server.rpc.timeout.min = 1s (custom)
2019-09-19 08:58:25,174 [pool-38-thread-1] INFO  server.RaftServerConfigKeys (ConfUtils.java:logGet(43)) - raft.server.rpc.timeout.max = 1200ms (custom)
2019-09-19 08:58:25,174 [pool-38-thread-1] INFO  server.RaftServerConfigKeys (ConfUtils.java:logGet(43)) - raft.server.rpcslowness.timeout = 120s (custom)
2019-09-19 08:58:25,174 [pool-38-thread-1] INFO  server.RaftServerConfigKeys (ConfUtils.java:logGet(43)) - raft.server.sleep.deviation.threshold = 300 (default)
2019-09-19 08:58:25,174 [pool-38-thread-1] INFO  server.RaftServerConfigKeys (ConfUtils.java:logGet(43)) - raft.server.log.appender.install.snapshot.enabled = false (custom)
2019-09-19 08:58:25,174 [pool-38-thread-1] INFO  impl.RaftServerImpl (ServerState.java:<init>(105)) - 356a349a-c9c9-49f9-a5b1-196804736fbc:group-B2753799F5F6 ConfigurationManager, init=-1: [356a349a-c9c9-49f9-a5b1-196804736fbc:192.168.34.5:46709], old=null, confs=<EMPTY_MAP>
2019-09-19 08:58:25,174 [pool-38-thread-1] INFO  server.RaftServerConfigKeys (ConfUtils.java:logGet(43)) - raft.server.storage.dir = [/workdir/hadoop-ozone/integration-test/target/test-dir/MiniOzoneClusterImpl-072ceacc-f14a-494c-b049-5b6ad59b8d93/datanode-1/data/ratis] (custom)
2019-09-19 08:58:25,174 [pool-38-thread-1] INFO  storage.RaftStorageDirectory (RaftStorageDirectory.java:analyzeStorage(246)) - The storage directory /workdir/hadoop-ozone/integration-test/target/test-dir/MiniOzoneClusterImpl-072ceacc-f14a-494c-b049-5b6ad59b8d93/datanode-1/data/ratis/a0632a04-bc9d-4f3b-92e2-b2753799f5f6 does not exist. Creating ...
2019-09-19 08:58:25,183 [pool-38-thread-1] INFO  storage.RaftStorageDirectory (RaftStorageDirectory.java:tryLock(328)) - Lock on /workdir/hadoop-ozone/integration-test/target/test-dir/MiniOzoneClusterImpl-072ceacc-f14a-494c-b049-5b6ad59b8d93/datanode-1/data/ratis/a0632a04-bc9d-4f3b-92e2-b2753799f5f6/in_use.lock acquired by nodename 8013@pr-hdds-1569-j4bt4-3030777008
2019-09-19 08:58:25,183 [356a349a-c9c9-49f9-a5b1-196804736fbc-SegmentedRaftLogWorker:Storage Directory /workdir/hadoop-ozone/integration-test/target/test-dir/MiniOzoneClusterImpl-072ceacc-f14a-494c-b049-5b6ad59b8d93/datanode-1/data/ratis/5b2306bf-a4f3-443b-a893-ece3383f02ec] INFO  segmented.SegmentedRaftLogWorker (SegmentedRaftLogWorker.java:execute(569)) - 356a349a-c9c9-49f9-a5b1-196804736fbc-SegmentedRaftLogWorker:Storage Directory /workdir/hadoop-ozone/integration-test/target/test-dir/MiniOzoneClusterImpl-072ceacc-f14a-494c-b049-5b6ad59b8d93/datanode-1/data/ratis/5b2306bf-a4f3-443b-a893-ece3383f02ec: created new log segment /workdir/hadoop-ozone/integration-test/target/test-dir/MiniOzoneClusterImpl-072ceacc-f14a-494c-b049-5b6ad59b8d93/datanode-1/data/ratis/5b2306bf-a4f3-443b-a893-ece3383f02ec/current/log_inprogress_0
2019-09-19 08:58:25,186 [pool-38-thread-1] INFO  storage.RaftStorage (RaftStorage.java:format(72)) - Storage directory /workdir/hadoop-ozone/integration-test/target/test-dir/MiniOzoneClusterImpl-072ceacc-f14a-494c-b049-5b6ad59b8d93/datanode-1/data/ratis/a0632a04-bc9d-4f3b-92e2-b2753799f5f6 has been successfully formatted.
2019-09-19 08:58:25,186 [pool-38-thread-1] INFO  ratis.ContainerStateMachine (ContainerStateMachine.java:loadSnapshot(226)) - group-B2753799F5F6: The snapshot info is null. Setting the last applied indexto:(t:0, i:~)
2019-09-19 08:58:25,186 [pool-38-thread-1] INFO  server.RaftServerConfigKeys (ConfUtils.java:logGet(43)) - raft.server.leader.election.timeout = 120s (custom)
2019-09-19 08:58:25,186 [pool-38-thread-1] INFO  server.RaftServerConfigKeys (ConfUtils.java:logGet(43)) - raft.server.log.use.memory = false (default)
2019-09-19 08:58:25,186 [pool-38-thread-1] INFO  server.RaftServerConfigKeys (ConfUtils.java:logGet(43)) - raft.server.log.purge.gap = 1000000 (custom)
2019-09-19 08:58:25,186 [pool-38-thread-1] INFO  server.RaftServerConfigKeys (ConfUtils.java:logGet(43)) - raft.server.log.appender.buffer.byte-limit = 33554432 (custom)
2019-09-19 08:58:25,186 [pool-38-thread-1] INFO  server.RaftServerConfigKeys (ConfUtils.java:logGet(43)) - raft.server.log.segment.size.max = 1048576 (custom)
2019-09-19 08:58:25,187 [pool-38-thread-1] INFO  server.RaftServerConfigKeys (ConfUtils.java:logGet(43)) - raft.server.log.segment.cache.num.max = 2 (custom)
2019-09-19 08:58:25,187 [pool-38-thread-1] INFO  segmented.SegmentedRaftLogWorker (SegmentedRaftLogWorker.java:<init>(172)) - new 356a349a-c9c9-49f9-a5b1-196804736fbc-SegmentedRaftLogWorker:Storage Directory /workdir/hadoop-ozone/integration-test/target/test-dir/MiniOzoneClusterImpl-072ceacc-f14a-494c-b049-5b6ad59b8d93/datanode-1/data/ratis/a0632a04-bc9d-4f3b-92e2-b2753799f5f6 for RaftStorage:Storage Directory /workdir/hadoop-ozone/integration-test/target/test-dir/MiniOzoneClusterImpl-072ceacc-f14a-494c-b049-5b6ad59b8d93/datanode-1/data/ratis/a0632a04-bc9d-4f3b-92e2-b2753799f5f6
2019-09-19 08:58:25,187 [pool-38-thread-1] INFO  server.RaftServerConfigKeys (ConfUtils.java:logGet(43)) - raft.server.log.queue.byte-limit = 2147483647 (custom)
2019-09-19 08:58:25,187 [pool-38-thread-1] INFO  server.RaftServerConfigKeys (ConfUtils.java:logGet(43)) - raft.server.log.queue.element-limit = 1024 (custom)
2019-09-19 08:58:25,187 [pool-38-thread-1] INFO  server.RaftServerConfigKeys (ConfUtils.java:logGet(43)) - raft.server.log.segment.size.max = 1048576 (custom)
2019-09-19 08:58:25,187 [pool-38-thread-1] INFO  server.RaftServerConfigKeys (ConfUtils.java:logGet(43)) - raft.server.log.preallocated.size = 16384 (custom)
2019-09-19 08:58:25,187 [pool-38-thread-1] INFO  server.RaftServerConfigKeys (ConfUtils.java:logGet(43)) - raft.server.log.write.buffer.size = 33554432 (custom)
2019-09-19 08:58:25,187 [pool-38-thread-1] INFO  server.RaftServerConfigKeys (ConfUtils.java:logGet(43)) - raft.server.log.force.sync.num = 128 (default)
2019-09-19 08:58:25,187 [pool-38-thread-1] INFO  server.RaftServerConfigKeys (ConfUtils.java:logGet(43)) - raft.server.log.statemachine.data.sync = true (default)
2019-09-19 08:58:25,187 [pool-38-thread-1] INFO  server.RaftServerConfigKeys (ConfUtils.java:logGet(43)) - raft.server.log.statemachine.data.sync.timeout = 10s (default)
2019-09-19 08:58:25,188 [pool-38-thread-1] INFO  server.RaftServerConfigKeys (ConfUtils.java:logGet(43)) - raft.server.log.statemachine.data.sync.timeout.retry = -1 (default)
2019-09-19 08:58:25,188 [pool-38-thread-1] INFO  server.RaftServerConfigKeys (ConfUtils.java:logGet(43)) - raft.server.log.statemachine.data.caching.enabled = true (custom)
2019-09-19 08:58:25,188 [pool-38-thread-1] INFO  segmented.SegmentedRaftLogWorker (SegmentedRaftLogWorker.java:lambda$new$0(132)) - 356a349a-c9c9-49f9-a5b1-196804736fbc-SegmentedRaftLogWorker:Storage Directory /workdir/hadoop-ozone/integration-test/target/test-dir/MiniOzoneClusterImpl-072ceacc-f14a-494c-b049-5b6ad59b8d93/datanode-1/data/ratis/a0632a04-bc9d-4f3b-92e2-b2753799f5f6: flushIndex: setUnconditionally 0 -> -1
2019-09-19 08:58:25,188 [pool-38-thread-1] INFO  server.RaftServerConfigKeys (ConfUtils.java:logGet(43)) - raft.server.snapshot.auto.trigger.enabled = true (custom)
2019-09-19 08:58:25,188 [pool-38-thread-1] INFO  server.RaftServerConfigKeys (ConfUtils.java:logGet(43)) - raft.server.snapshot.auto.trigger.threshold = 10000 (custom)
2019-09-19 08:58:25,188 [pool-38-thread-1] INFO  server.RaftServerConfigKeys (ConfUtils.java:logGet(43)) - raft.server.retrycache.expirytime = 600000ms (custom)
2019-09-19 08:58:25,189 [pool-38-thread-1] INFO  impl.RaftServerImpl (RaftServerImpl.java:start(180)) - 356a349a-c9c9-49f9-a5b1-196804736fbc: start group-B2753799F5F6
2019-09-19 08:58:25,189 [pool-38-thread-1] INFO  impl.RaftServerImpl (RaftServerImpl.java:setRole(171)) - 356a349a-c9c9-49f9-a5b1-196804736fbc:group-B2753799F5F6 changes role from null to FOLLOWER at term 0 for startAsFollower
2019-09-19 08:58:25,189 [pool-38-thread-1] INFO  impl.RoleInfo (RoleInfo.java:updateAndGet(143)) - 356a349a-c9c9-49f9-a5b1-196804736fbc: start FollowerState
2019-09-19 08:58:25,189 [pool-38-thread-1] INFO  util.JmxRegister (JmxRegister.java:tryRegister(44)) - Successfully registered JMX Bean with object name Ratis:service=RaftServer,group=group-B2753799F5F6,id=356a349a-c9c9-49f9-a5b1-196804736fbc
2019-09-19 08:58:25,193 [RatisPipelineUtilsThread] INFO  pipeline.PipelineStateManager (PipelineStateManager.java:addPipeline(56)) - Created pipeline Pipeline[ Id: a0632a04-bc9d-4f3b-92e2-b2753799f5f6, Nodes: 356a349a-c9c9-49f9-a5b1-196804736fbc{ip: 192.168.34.5, host: pr-hdds-1569-j4bt4-3030777008, networkLocation: /default-rack, certSerialId: null}, Type:RATIS, Factor:ONE, State:OPEN]
2019-09-19 08:58:25,195 [RatisPipelineUtilsThread] ERROR pipeline.PipelinePlacementPolicy (PipelinePlacementPolicy.java:meetCriteria(91)) - Pipeline Placement: Doesn't meet the criteria to be viable node. Heaviness: 6
2019-09-19 08:58:25,195 [RatisPipelineUtilsThread] ERROR pipeline.PipelinePlacementPolicy (PipelinePlacementPolicy.java:meetCriteria(91)) - Pipeline Placement: Doesn't meet the criteria to be viable node. Heaviness: 6
2019-09-19 08:58:25,204 [grpc-default-executor-1] INFO  impl.RaftServerProxy (RaftServerProxy.java:addNew(89)) - 275daa4b-3482-4b8e-b64e-92089e0536ae: addNew group-170CD669851F:[275daa4b-3482-4b8e-b64e-92089e0536ae:192.168.34.5:37927] returns group-170CD669851F:java.util.concurrent.CompletableFuture@18c229f7[Not completed]
2019-09-19 08:58:25,205 [pool-93-thread-1] INFO  impl.RaftServerImpl (RaftServerImpl.java:<init>(93)) - 275daa4b-3482-4b8e-b64e-92089e0536ae: new RaftServerImpl for group-170CD669851F:[275daa4b-3482-4b8e-b64e-92089e0536ae:192.168.34.5:37927] with ContainerStateMachine:uninitialized
2019-09-19 08:58:25,205 [pool-93-thread-1] INFO  server.RaftServerConfigKeys (ConfUtils.java:logGet(43)) - raft.server.rpc.timeout.min = 1s (custom)
2019-09-19 08:58:25,205 [pool-93-thread-1] INFO  server.RaftServerConfigKeys (ConfUtils.java:logGet(43)) - raft.server.rpc.timeout.max = 1200ms (custom)
2019-09-19 08:58:25,205 [pool-93-thread-1] INFO  server.RaftServerConfigKeys (ConfUtils.java:logGet(43)) - raft.server.rpcslowness.timeout = 120s (custom)
2019-09-19 08:58:25,205 [pool-93-thread-1] INFO  server.RaftServerConfigKeys (ConfUtils.java:logGet(43)) - raft.server.sleep.deviation.threshold = 300 (default)
2019-09-19 08:58:25,206 [pool-93-thread-1] INFO  server.RaftServerConfigKeys (ConfUtils.java:logGet(43)) - raft.server.log.appender.install.snapshot.enabled = false (custom)
2019-09-19 08:58:25,206 [pool-93-thread-1] INFO  impl.RaftServerImpl (ServerState.java:<init>(105)) - 275daa4b-3482-4b8e-b64e-92089e0536ae:group-170CD669851F ConfigurationManager, init=-1: [275daa4b-3482-4b8e-b64e-92089e0536ae:192.168.34.5:37927], old=null, confs=<EMPTY_MAP>
2019-09-19 08:58:25,206 [pool-93-thread-1] INFO  server.RaftServerConfigKeys (ConfUtils.java:logGet(43)) - raft.server.storage.dir = [/workdir/hadoop-ozone/integration-test/target/test-dir/MiniOzoneClusterImpl-072ceacc-f14a-494c-b049-5b6ad59b8d93/datanode-6/data/ratis] (custom)
2019-09-19 08:58:25,206 [pool-93-thread-1] INFO  storage.RaftStorageDirectory (RaftStorageDirectory.java:analyzeStorage(246)) - The storage directory /workdir/hadoop-ozone/integration-test/target/test-dir/MiniOzoneClusterImpl-072ceacc-f14a-494c-b049-5b6ad59b8d93/datanode-6/data/ratis/0577ada2-10f5-4ddf-a2e4-170cd669851f does not exist. Creating ...
2019-09-19 08:58:25,218 [pool-93-thread-1] INFO  storage.RaftStorageDirectory (RaftStorageDirectory.java:tryLock(328)) - Lock on /workdir/hadoop-ozone/integration-test/target/test-dir/MiniOzoneClusterImpl-072ceacc-f14a-494c-b049-5b6ad59b8d93/datanode-6/data/ratis/0577ada2-10f5-4ddf-a2e4-170cd669851f/in_use.lock acquired by nodename 8013@pr-hdds-1569-j4bt4-3030777008
2019-09-19 08:58:25,222 [Thread-305] INFO  impl.FollowerState (FollowerState.java:run(106)) - 59afcdb3-7cd7-47ef-abfa-eabf405042f7:group-2784EFE60AB3 changes to CANDIDATE, lastRpcTime:1056, electionTimeout:1056ms
2019-09-19 08:58:25,222 [Thread-305] INFO  impl.RoleInfo (RoleInfo.java:shutdownFollowerState(121)) - 59afcdb3-7cd7-47ef-abfa-eabf405042f7: shutdown FollowerState
2019-09-19 08:58:25,222 [Thread-305] INFO  impl.RaftServerImpl (RaftServerImpl.java:setRole(171)) - 59afcdb3-7cd7-47ef-abfa-eabf405042f7:group-2784EFE60AB3 changes role from FOLLOWER to CANDIDATE at term 0 for changeToCandidate
2019-09-19 08:58:25,222 [Thread-305] INFO  impl.RoleInfo (RoleInfo.java:updateAndGet(143)) - 59afcdb3-7cd7-47ef-abfa-eabf405042f7: start LeaderElection
2019-09-19 08:58:25,232 [pool-93-thread-1] INFO  storage.RaftStorage (RaftStorage.java:format(72)) - Storage directory /workdir/hadoop-ozone/integration-test/target/test-dir/MiniOzoneClusterImpl-072ceacc-f14a-494c-b049-5b6ad59b8d93/datanode-6/data/ratis/0577ada2-10f5-4ddf-a2e4-170cd669851f has been successfully formatted.
2019-09-19 08:58:25,232 [59afcdb3-7cd7-47ef-abfa-eabf405042f7:group-2784EFE60AB3:LeaderElection7] INFO  impl.LeaderElection (LeaderElection.java:askForVotes(181)) - 59afcdb3-7cd7-47ef-abfa-eabf405042f7:group-2784EFE60AB3:LeaderElection7: begin an election at term 1 for -1: [59afcdb3-7cd7-47ef-abfa-eabf405042f7:192.168.34.5:36202], old=null
2019-09-19 08:58:25,232 [59afcdb3-7cd7-47ef-abfa-eabf405042f7:group-2784EFE60AB3:LeaderElection7] INFO  impl.RoleInfo (RoleInfo.java:shutdownLeaderElection(134)) - 59afcdb3-7cd7-47ef-abfa-eabf405042f7: shutdown LeaderElection
2019-09-19 08:58:25,232 [pool-93-thread-1] INFO  ratis.ContainerStateMachine (ContainerStateMachine.java:loadSnapshot(226)) - group-170CD669851F: The snapshot info is null. Setting the last applied indexto:(t:0, i:~)
2019-09-19 08:58:25,232 [59afcdb3-7cd7-47ef-abfa-eabf405042f7:group-2784EFE60AB3:LeaderElection7] INFO  impl.RaftServerImpl (RaftServerImpl.java:setRole(171)) - 59afcdb3-7cd7-47ef-abfa-eabf405042f7:group-2784EFE60AB3 changes role from CANDIDATE to LEADER at term 1 for changeToLeader
2019-09-19 08:58:25,232 [pool-93-thread-1] INFO  server.RaftServerConfigKeys (ConfUtils.java:logGet(43)) - raft.server.leader.election.timeout = 120s (custom)
2019-09-19 08:58:25,232 [59afcdb3-7cd7-47ef-abfa-eabf405042f7:group-2784EFE60AB3:LeaderElection7] INFO  impl.RaftServerImpl (ServerState.java:setLeader(263)) - 59afcdb3-7cd7-47ef-abfa-eabf405042f7:group-2784EFE60AB3 change Leader from null to 59afcdb3-7cd7-47ef-abfa-eabf405042f7 at term 1 for becomeLeader, leader elected after 1070ms
2019-09-19 08:58:25,232 [pool-93-thread-1] INFO  server.RaftServerConfigKeys (ConfUtils.java:logGet(43)) - raft.server.log.use.memory = false (default)
2019-09-19 08:58:25,232 [59afcdb3-7cd7-47ef-abfa-eabf405042f7:group-2784EFE60AB3:LeaderElection7] INFO  server.RaftServerConfigKeys (ConfUtils.java:logGet(43)) - raft.server.staging.catchup.gap = 1000 (default)
2019-09-19 08:58:25,232 [pool-93-thread-1] INFO  server.RaftServerConfigKeys (ConfUtils.java:logGet(43)) - raft.server.log.purge.gap = 1000000 (custom)
2019-09-19 08:58:25,232 [59afcdb3-7cd7-47ef-abfa-eabf405042f7:group-2784EFE60AB3:LeaderElection7] INFO  server.RaftServerConfigKeys (ConfUtils.java:logGet(43)) - raft.server.rpc.sleep.time = 25ms (default)
2019-09-19 08:58:25,233 [pool-93-thread-1] INFO  server.RaftServerConfigKeys (ConfUtils.java:logGet(43)) - raft.server.log.appender.buffer.byte-limit = 33554432 (custom)
2019-09-19 08:58:25,233 [59afcdb3-7cd7-47ef-abfa-eabf405042f7:group-2784EFE60AB3:LeaderElection7] INFO  server.RaftServerConfigKeys (ConfUtils.java:logGet(43)) - raft.server.write.element-limit = 4096 (default)
2019-09-19 08:58:25,233 [pool-93-thread-1] INFO  server.RaftServerConfigKeys (ConfUtils.java:logGet(43)) - raft.server.log.segment.size.max = 1048576 (custom)
2019-09-19 08:58:25,233 [59afcdb3-7cd7-47ef-abfa-eabf405042f7:group-2784EFE60AB3:LeaderElection7] INFO  server.RaftServerConfigKeys (ConfUtils.java:logGet(43)) - raft.server.watch.timeout = 10s (default)
2019-09-19 08:58:25,233 [pool-93-thread-1] INFO  server.RaftServerConfigKeys (ConfUtils.java:logGet(43)) - raft.server.log.segment.cache.num.max = 2 (custom)
2019-09-19 08:58:25,233 [59afcdb3-7cd7-47ef-abfa-eabf405042f7:group-2784EFE60AB3:LeaderElection7] INFO  server.RaftServerConfigKeys (ConfUtils.java:logGet(43)) - raft.server.watch.timeout.denomination = 1s (default)
2019-09-19 08:58:25,233 [pool-93-thread-1] INFO  segmented.SegmentedRaftLogWorker (SegmentedRaftLogWorker.java:<init>(172)) - new 275daa4b-3482-4b8e-b64e-92089e0536ae-SegmentedRaftLogWorker:Storage Directory /workdir/hadoop-ozone/integration-test/target/test-dir/MiniOzoneClusterImpl-072ceacc-f14a-494c-b049-5b6ad59b8d93/datanode-6/data/ratis/0577ada2-10f5-4ddf-a2e4-170cd669851f for RaftStorage:Storage Directory /workdir/hadoop-ozone/integration-test/target/test-dir/MiniOzoneClusterImpl-072ceacc-f14a-494c-b049-5b6ad59b8d93/datanode-6/data/ratis/0577ada2-10f5-4ddf-a2e4-170cd669851f
2019-09-19 08:58:25,233 [59afcdb3-7cd7-47ef-abfa-eabf405042f7:group-2784EFE60AB3:LeaderElection7] INFO  server.RaftServerConfigKeys (ConfUtils.java:logGet(43)) - raft.server.watch.element-limit = 65536 (default)
2019-09-19 08:58:25,233 [pool-93-thread-1] INFO  server.RaftServerConfigKeys (ConfUtils.java:logGet(43)) - raft.server.log.queue.byte-limit = 2147483647 (custom)
2019-09-19 08:58:25,235 [59afcdb3-7cd7-47ef-abfa-eabf405042f7:group-2784EFE60AB3:LeaderElection7] INFO  impl.RoleInfo (RoleInfo.java:updateAndGet(143)) - 59afcdb3-7cd7-47ef-abfa-eabf405042f7: start LeaderState
2019-09-19 08:58:25,235 [pool-93-thread-1] INFO  server.RaftServerConfigKeys (ConfUtils.java:logGet(43)) - raft.server.log.queue.element-limit = 1024 (custom)
2019-09-19 08:58:25,235 [pool-93-thread-1] INFO  server.RaftServerConfigKeys (ConfUtils.java:logGet(43)) - raft.server.log.segment.size.max = 1048576 (custom)
2019-09-19 08:58:25,235 [59afcdb3-7cd7-47ef-abfa-eabf405042f7:group-2784EFE60AB3:LeaderElection7] INFO  segmented.SegmentedRaftLogWorker (SegmentedRaftLogWorker.java:startLogSegment(380)) - 59afcdb3-7cd7-47ef-abfa-eabf405042f7-SegmentedRaftLogWorker:Storage Directory /workdir/hadoop-ozone/integration-test/target/test-dir/MiniOzoneClusterImpl-072ceacc-f14a-494c-b049-5b6ad59b8d93/datanode-4/data/ratis/010e1a43-c1f0-4fe7-af74-2784efe60ab3: Starting segment from index:0
2019-09-19 08:58:25,235 [pool-93-thread-1] INFO  server.RaftServerConfigKeys (ConfUtils.java:logGet(43)) - raft.server.log.preallocated.size = 16384 (custom)
2019-09-19 08:58:25,235 [pool-93-thread-1] INFO  server.RaftServerConfigKeys (ConfUtils.java:logGet(43)) - raft.server.log.write.buffer.size = 33554432 (custom)
2019-09-19 08:58:25,235 [pool-93-thread-1] INFO  server.RaftServerConfigKeys (ConfUtils.java:logGet(43)) - raft.server.log.force.sync.num = 128 (default)
2019-09-19 08:58:25,235 [pool-93-thread-1] INFO  server.RaftServerConfigKeys (ConfUtils.java:logGet(43)) - raft.server.log.statemachine.data.sync = true (default)
2019-09-19 08:58:25,235 [59afcdb3-7cd7-47ef-abfa-eabf405042f7:group-2784EFE60AB3:LeaderElection7] INFO  impl.RaftServerImpl (ServerState.java:setRaftConf(361)) - 59afcdb3-7cd7-47ef-abfa-eabf405042f7:group-2784EFE60AB3 set configuration 0: [59afcdb3-7cd7-47ef-abfa-eabf405042f7:192.168.34.5:36202], old=null at 0
2019-09-19 08:58:25,236 [pool-93-thread-1] INFO  server.RaftServerConfigKeys (ConfUtils.java:logGet(43)) - raft.server.log.statemachine.data.sync.timeout = 10s (default)
2019-09-19 08:58:25,260 [Thread-308] INFO  impl.FollowerState (FollowerState.java:run(106)) - 275daa4b-3482-4b8e-b64e-92089e0536ae:group-9D7CA57F9412 changes to CANDIDATE, lastRpcTime:1028, electionTimeout:1022ms
2019-09-19 08:58:25,260 [pool-93-thread-1] INFO  server.RaftServerConfigKeys (ConfUtils.java:logGet(43)) - raft.server.log.statemachine.data.sync.timeout.retry = -1 (default)
2019-09-19 08:58:25,260 [Thread-308] INFO  impl.RoleInfo (RoleInfo.java:shutdownFollowerState(121)) - 275daa4b-3482-4b8e-b64e-92089e0536ae: shutdown FollowerState
2019-09-19 08:58:25,262 [pool-93-thread-1] INFO  server.RaftServerConfigKeys (ConfUtils.java:logGet(43)) - raft.server.log.statemachine.data.caching.enabled = true (custom)
2019-09-19 08:58:25,262 [Thread-308] INFO  impl.RaftServerImpl (RaftServerImpl.java:setRole(171)) - 275daa4b-3482-4b8e-b64e-92089e0536ae:group-9D7CA57F9412 changes role from FOLLOWER to CANDIDATE at term 0 for changeToCandidate
2019-09-19 08:58:25,262 | INFO  | SCMAudit | user=jenkins1000 | ip=192.168.34.5 | op=SEND_HEARTBEAT {datanodeUUID=8a96a672-7e2f-4b1c-ac1e-ddd5d18a6d5d, command=[]} | ret=SUCCESS |  
2019-09-19 08:58:25,262 [Thread-308] INFO  impl.RoleInfo (RoleInfo.java:updateAndGet(143)) - 275daa4b-3482-4b8e-b64e-92089e0536ae: start LeaderElection
2019-09-19 08:58:25,263 [pool-93-thread-1] INFO  segmented.SegmentedRaftLogWorker (SegmentedRaftLogWorker.java:lambda$new$0(132)) - 275daa4b-3482-4b8e-b64e-92089e0536ae-SegmentedRaftLogWorker:Storage Directory /workdir/hadoop-ozone/integration-test/target/test-dir/MiniOzoneClusterImpl-072ceacc-f14a-494c-b049-5b6ad59b8d93/datanode-6/data/ratis/0577ada2-10f5-4ddf-a2e4-170cd669851f: flushIndex: setUnconditionally 0 -> -1
2019-09-19 08:58:25,266 [pool-93-thread-1] INFO  server.RaftServerConfigKeys (ConfUtils.java:logGet(43)) - raft.server.snapshot.auto.trigger.enabled = true (custom)
2019-09-19 08:58:25,266 [pool-93-thread-1] INFO  server.RaftServerConfigKeys (ConfUtils.java:logGet(43)) - raft.server.snapshot.auto.trigger.threshold = 10000 (custom)
2019-09-19 08:58:25,267 [pool-93-thread-1] INFO  server.RaftServerConfigKeys (ConfUtils.java:logGet(43)) - raft.server.retrycache.expirytime = 600000ms (custom)
2019-09-19 08:58:25,267 [pool-93-thread-1] INFO  impl.RaftServerImpl (RaftServerImpl.java:start(180)) - 275daa4b-3482-4b8e-b64e-92089e0536ae: start group-170CD669851F
2019-09-19 08:58:25,267 [pool-93-thread-1] INFO  impl.RaftServerImpl (RaftServerImpl.java:setRole(171)) - 275daa4b-3482-4b8e-b64e-92089e0536ae:group-170CD669851F changes role from null to FOLLOWER at term 0 for startAsFollower
2019-09-19 08:58:25,267 [pool-93-thread-1] INFO  impl.RoleInfo (RoleInfo.java:updateAndGet(143)) - 275daa4b-3482-4b8e-b64e-92089e0536ae: start FollowerState
2019-09-19 08:58:25,268 [pool-93-thread-1] INFO  util.JmxRegister (JmxRegister.java:tryRegister(44)) - Successfully registered JMX Bean with object name Ratis:service=RaftServer,group=group-170CD669851F,id=275daa4b-3482-4b8e-b64e-92089e0536ae
2019-09-19 08:58:25,272 [RatisPipelineUtilsThread] INFO  pipeline.PipelineStateManager (PipelineStateManager.java:addPipeline(56)) - Created pipeline Pipeline[ Id: 0577ada2-10f5-4ddf-a2e4-170cd669851f, Nodes: 275daa4b-3482-4b8e-b64e-92089e0536ae{ip: 192.168.34.5, host: pr-hdds-1569-j4bt4-3030777008, networkLocation: /default-rack, certSerialId: null}, Type:RATIS, Factor:ONE, State:OPEN]
2019-09-19 08:58:25,272 [RatisPipelineUtilsThread] ERROR pipeline.PipelinePlacementPolicy (PipelinePlacementPolicy.java:meetCriteria(91)) - Pipeline Placement: Doesn't meet the criteria to be viable node. Heaviness: 6
2019-09-19 08:58:25,273 [RatisPipelineUtilsThread] ERROR pipeline.PipelinePlacementPolicy (PipelinePlacementPolicy.java:meetCriteria(91)) - Pipeline Placement: Doesn't meet the criteria to be viable node. Heaviness: 6
2019-09-19 08:58:25,273 [59afcdb3-7cd7-47ef-abfa-eabf405042f7-SegmentedRaftLogWorker:Storage Directory /workdir/hadoop-ozone/integration-test/target/test-dir/MiniOzoneClusterImpl-072ceacc-f14a-494c-b049-5b6ad59b8d93/datanode-4/data/ratis/010e1a43-c1f0-4fe7-af74-2784efe60ab3] INFO  segmented.SegmentedRaftLogWorker (SegmentedRaftLogWorker.java:execute(569)) - 59afcdb3-7cd7-47ef-abfa-eabf405042f7-SegmentedRaftLogWorker:Storage Directory /workdir/hadoop-ozone/integration-test/target/test-dir/MiniOzoneClusterImpl-072ceacc-f14a-494c-b049-5b6ad59b8d93/datanode-4/data/ratis/010e1a43-c1f0-4fe7-af74-2784efe60ab3: created new log segment /workdir/hadoop-ozone/integration-test/target/test-dir/MiniOzoneClusterImpl-072ceacc-f14a-494c-b049-5b6ad59b8d93/datanode-4/data/ratis/010e1a43-c1f0-4fe7-af74-2784efe60ab3/current/log_inprogress_0
2019-09-19 08:58:25,273 [275daa4b-3482-4b8e-b64e-92089e0536ae:group-9D7CA57F9412:LeaderElection8] INFO  impl.LeaderElection (LeaderElection.java:askForVotes(181)) - 275daa4b-3482-4b8e-b64e-92089e0536ae:group-9D7CA57F9412:LeaderElection8: begin an election at term 1 for -1: [275daa4b-3482-4b8e-b64e-92089e0536ae:192.168.34.5:37927], old=null
2019-09-19 08:58:25,274 [275daa4b-3482-4b8e-b64e-92089e0536ae:group-9D7CA57F9412:LeaderElection8] INFO  impl.RoleInfo (RoleInfo.java:shutdownLeaderElection(134)) - 275daa4b-3482-4b8e-b64e-92089e0536ae: shutdown LeaderElection
2019-09-19 08:58:25,274 [275daa4b-3482-4b8e-b64e-92089e0536ae:group-9D7CA57F9412:LeaderElection8] INFO  impl.RaftServerImpl (RaftServerImpl.java:setRole(171)) - 275daa4b-3482-4b8e-b64e-92089e0536ae:group-9D7CA57F9412 changes role from CANDIDATE to LEADER at term 1 for changeToLeader
2019-09-19 08:58:25,274 [275daa4b-3482-4b8e-b64e-92089e0536ae:group-9D7CA57F9412:LeaderElection8] INFO  impl.RaftServerImpl (ServerState.java:setLeader(263)) - 275daa4b-3482-4b8e-b64e-92089e0536ae:group-9D7CA57F9412 change Leader from null to 275daa4b-3482-4b8e-b64e-92089e0536ae at term 1 for becomeLeader, leader elected after 1048ms
2019-09-19 08:58:25,277 [275daa4b-3482-4b8e-b64e-92089e0536ae:group-9D7CA57F9412:LeaderElection8] INFO  server.RaftServerConfigKeys (ConfUtils.java:logGet(43)) - raft.server.staging.catchup.gap = 1000 (default)
2019-09-19 08:58:25,277 [275daa4b-3482-4b8e-b64e-92089e0536ae:group-9D7CA57F9412:LeaderElection8] INFO  server.RaftServerConfigKeys (ConfUtils.java:logGet(43)) - raft.server.rpc.sleep.time = 25ms (default)
2019-09-19 08:58:25,277 [275daa4b-3482-4b8e-b64e-92089e0536ae:group-9D7CA57F9412:LeaderElection8] INFO  server.RaftServerConfigKeys (ConfUtils.java:logGet(43)) - raft.server.write.element-limit = 4096 (default)
2019-09-19 08:58:25,278 [275daa4b-3482-4b8e-b64e-92089e0536ae:group-9D7CA57F9412:LeaderElection8] INFO  server.RaftServerConfigKeys (ConfUtils.java:logGet(43)) - raft.server.watch.timeout = 10s (default)
2019-09-19 08:58:25,278 [275daa4b-3482-4b8e-b64e-92089e0536ae:group-9D7CA57F9412:LeaderElection8] INFO  server.RaftServerConfigKeys (ConfUtils.java:logGet(43)) - raft.server.watch.timeout.denomination = 1s (default)
2019-09-19 08:58:25,278 [275daa4b-3482-4b8e-b64e-92089e0536ae:group-9D7CA57F9412:LeaderElection8] INFO  server.RaftServerConfigKeys (ConfUtils.java:logGet(43)) - raft.server.watch.element-limit = 65536 (default)
2019-09-19 08:58:25,278 [275daa4b-3482-4b8e-b64e-92089e0536ae:group-9D7CA57F9412:LeaderElection8] INFO  impl.RoleInfo (RoleInfo.java:updateAndGet(143)) - 275daa4b-3482-4b8e-b64e-92089e0536ae: start LeaderState
2019-09-19 08:58:25,278 [275daa4b-3482-4b8e-b64e-92089e0536ae:group-9D7CA57F9412:LeaderElection8] INFO  segmented.SegmentedRaftLogWorker (SegmentedRaftLogWorker.java:startLogSegment(380)) - 275daa4b-3482-4b8e-b64e-92089e0536ae-SegmentedRaftLogWorker:Storage Directory /workdir/hadoop-ozone/integration-test/target/test-dir/MiniOzoneClusterImpl-072ceacc-f14a-494c-b049-5b6ad59b8d93/datanode-6/data/ratis/c7959a64-8114-474a-a0fa-9d7ca57f9412: Starting segment from index:0
2019-09-19 08:58:25,279 [275daa4b-3482-4b8e-b64e-92089e0536ae:group-9D7CA57F9412:LeaderElection8] INFO  impl.RaftServerImpl (ServerState.java:setRaftConf(361)) - 275daa4b-3482-4b8e-b64e-92089e0536ae:group-9D7CA57F9412 set configuration 0: [275daa4b-3482-4b8e-b64e-92089e0536ae:192.168.34.5:37927], old=null at 0
2019-09-19 08:58:25,304 [Thread-302] INFO  impl.FollowerState (FollowerState.java:run(106)) - d611bba7-fcef-48db-9a8e-14e1bb825cd8:group-24C6678FC414 changes to CANDIDATE, lastRpcTime:1200, electionTimeout:1187ms
2019-09-19 08:58:25,305 [Thread-302] INFO  impl.RoleInfo (RoleInfo.java:shutdownFollowerState(121)) - d611bba7-fcef-48db-9a8e-14e1bb825cd8: shutdown FollowerState
2019-09-19 08:58:25,305 [Thread-302] INFO  impl.RaftServerImpl (RaftServerImpl.java:setRole(171)) - d611bba7-fcef-48db-9a8e-14e1bb825cd8:group-24C6678FC414 changes role from FOLLOWER to CANDIDATE at term 0 for changeToCandidate
2019-09-19 08:58:25,305 [Thread-302] INFO  impl.RoleInfo (RoleInfo.java:updateAndGet(143)) - d611bba7-fcef-48db-9a8e-14e1bb825cd8: start LeaderElection
2019-09-19 08:58:25,312 [grpc-default-executor-1] INFO  impl.RaftServerProxy (RaftServerProxy.java:addNew(89)) - 275daa4b-3482-4b8e-b64e-92089e0536ae: addNew group-F0940BC13354:[275daa4b-3482-4b8e-b64e-92089e0536ae:192.168.34.5:37927] returns group-F0940BC13354:java.util.concurrent.CompletableFuture@634b4c75[Not completed]
2019-09-19 08:58:25,313 [Thread-282] INFO  container.ReplicationManager (ReplicationManager.java:start(151)) - Starting Replication Monitor Thread.
2019-09-19 08:58:25,314 [pool-93-thread-1] INFO  impl.RaftServerImpl (RaftServerImpl.java:<init>(93)) - 275daa4b-3482-4b8e-b64e-92089e0536ae: new RaftServerImpl for group-F0940BC13354:[275daa4b-3482-4b8e-b64e-92089e0536ae:192.168.34.5:37927] with ContainerStateMachine:uninitialized
2019-09-19 08:58:25,314 [pool-93-thread-1] INFO  server.RaftServerConfigKeys (ConfUtils.java:logGet(43)) - raft.server.rpc.timeout.min = 1s (custom)
2019-09-19 08:58:25,314 [pool-93-thread-1] INFO  server.RaftServerConfigKeys (ConfUtils.java:logGet(43)) - raft.server.rpc.timeout.max = 1200ms (custom)
2019-09-19 08:58:25,314 [pool-93-thread-1] INFO  server.RaftServerConfigKeys (ConfUtils.java:logGet(43)) - raft.server.rpcslowness.timeout = 120s (custom)
2019-09-19 08:58:25,314 [pool-93-thread-1] INFO  server.RaftServerConfigKeys (ConfUtils.java:logGet(43)) - raft.server.sleep.deviation.threshold = 300 (default)
2019-09-19 08:58:25,314 [pool-93-thread-1] INFO  server.RaftServerConfigKeys (ConfUtils.java:logGet(43)) - raft.server.log.appender.install.snapshot.enabled = false (custom)
2019-09-19 08:58:25,314 [pool-93-thread-1] INFO  impl.RaftServerImpl (ServerState.java:<init>(105)) - 275daa4b-3482-4b8e-b64e-92089e0536ae:group-F0940BC13354 ConfigurationManager, init=-1: [275daa4b-3482-4b8e-b64e-92089e0536ae:192.168.34.5:37927], old=null, confs=<EMPTY_MAP>
2019-09-19 08:58:25,315 [pool-93-thread-1] INFO  server.RaftServerConfigKeys (ConfUtils.java:logGet(43)) - raft.server.storage.dir = [/workdir/hadoop-ozone/integration-test/target/test-dir/MiniOzoneClusterImpl-072ceacc-f14a-494c-b049-5b6ad59b8d93/datanode-6/data/ratis] (custom)
2019-09-19 08:58:25,315 [ReplicationMonitor] INFO  container.ReplicationManager (ReplicationManager.java:run(214)) - Replication Monitor Thread took 0 milliseconds for processing 0 containers.
2019-09-19 08:58:25,315 [pool-93-thread-1] INFO  storage.RaftStorageDirectory (RaftStorageDirectory.java:analyzeStorage(246)) - The storage directory /workdir/hadoop-ozone/integration-test/target/test-dir/MiniOzoneClusterImpl-072ceacc-f14a-494c-b049-5b6ad59b8d93/datanode-6/data/ratis/becc3d35-9251-4f8e-a115-f0940bc13354 does not exist. Creating ...
2019-09-19 08:58:25,325 | INFO  | SCMAudit | user=jenkins1000 | ip=192.168.34.5 | op=SEND_HEARTBEAT {datanodeUUID=59afcdb3-7cd7-47ef-abfa-eabf405042f7, command=[]} | ret=SUCCESS |  
2019-09-19 08:58:25,326 [pool-93-thread-1] INFO  storage.RaftStorageDirectory (RaftStorageDirectory.java:tryLock(328)) - Lock on /workdir/hadoop-ozone/integration-test/target/test-dir/MiniOzoneClusterImpl-072ceacc-f14a-494c-b049-5b6ad59b8d93/datanode-6/data/ratis/becc3d35-9251-4f8e-a115-f0940bc13354/in_use.lock acquired by nodename 8013@pr-hdds-1569-j4bt4-3030777008
2019-09-19 08:58:25,326 [d611bba7-fcef-48db-9a8e-14e1bb825cd8:group-24C6678FC414:LeaderElection9] INFO  impl.LeaderElection (LeaderElection.java:askForVotes(181)) - d611bba7-fcef-48db-9a8e-14e1bb825cd8:group-24C6678FC414:LeaderElection9: begin an election at term 1 for -1: [d611bba7-fcef-48db-9a8e-14e1bb825cd8:192.168.34.5:34044], old=null
2019-09-19 08:58:25,326 [275daa4b-3482-4b8e-b64e-92089e0536ae-SegmentedRaftLogWorker:Storage Directory /workdir/hadoop-ozone/integration-test/target/test-dir/MiniOzoneClusterImpl-072ceacc-f14a-494c-b049-5b6ad59b8d93/datanode-6/data/ratis/c7959a64-8114-474a-a0fa-9d7ca57f9412] INFO  segmented.SegmentedRaftLogWorker (SegmentedRaftLogWorker.java:execute(569)) - 275daa4b-3482-4b8e-b64e-92089e0536ae-SegmentedRaftLogWorker:Storage Directory /workdir/hadoop-ozone/integration-test/target/test-dir/MiniOzoneClusterImpl-072ceacc-f14a-494c-b049-5b6ad59b8d93/datanode-6/data/ratis/c7959a64-8114-474a-a0fa-9d7ca57f9412: created new log segment /workdir/hadoop-ozone/integration-test/target/test-dir/MiniOzoneClusterImpl-072ceacc-f14a-494c-b049-5b6ad59b8d93/datanode-6/data/ratis/c7959a64-8114-474a-a0fa-9d7ca57f9412/current/log_inprogress_0
2019-09-19 08:58:25,326 [d611bba7-fcef-48db-9a8e-14e1bb825cd8:group-24C6678FC414:LeaderElection9] INFO  impl.RoleInfo (RoleInfo.java:shutdownLeaderElection(134)) - d611bba7-fcef-48db-9a8e-14e1bb825cd8: shutdown LeaderElection
2019-09-19 08:58:25,327 [d611bba7-fcef-48db-9a8e-14e1bb825cd8:group-24C6678FC414:LeaderElection9] INFO  impl.RaftServerImpl (RaftServerImpl.java:setRole(171)) - d611bba7-fcef-48db-9a8e-14e1bb825cd8:group-24C6678FC414 changes role from CANDIDATE to LEADER at term 1 for changeToLeader
2019-09-19 08:58:25,327 [d611bba7-fcef-48db-9a8e-14e1bb825cd8:group-24C6678FC414:LeaderElection9] INFO  impl.RaftServerImpl (ServerState.java:setLeader(263)) - d611bba7-fcef-48db-9a8e-14e1bb825cd8:group-24C6678FC414 change Leader from null to d611bba7-fcef-48db-9a8e-14e1bb825cd8 at term 1 for becomeLeader, leader elected after 1226ms
2019-09-19 08:58:25,327 [d611bba7-fcef-48db-9a8e-14e1bb825cd8:group-24C6678FC414:LeaderElection9] INFO  server.RaftServerConfigKeys (ConfUtils.java:logGet(43)) - raft.server.staging.catchup.gap = 1000 (default)
2019-09-19 08:58:25,327 [d611bba7-fcef-48db-9a8e-14e1bb825cd8:group-24C6678FC414:LeaderElection9] INFO  server.RaftServerConfigKeys (ConfUtils.java:logGet(43)) - raft.server.rpc.sleep.time = 25ms (default)
2019-09-19 08:58:25,327 [d611bba7-fcef-48db-9a8e-14e1bb825cd8:group-24C6678FC414:LeaderElection9] INFO  server.RaftServerConfigKeys (ConfUtils.java:logGet(43)) - raft.server.write.element-limit = 4096 (default)
2019-09-19 08:58:25,327 [d611bba7-fcef-48db-9a8e-14e1bb825cd8:group-24C6678FC414:LeaderElection9] INFO  server.RaftServerConfigKeys (ConfUtils.java:logGet(43)) - raft.server.watch.timeout = 10s (default)
2019-09-19 08:58:25,327 [d611bba7-fcef-48db-9a8e-14e1bb825cd8:group-24C6678FC414:LeaderElection9] INFO  server.RaftServerConfigKeys (ConfUtils.java:logGet(43)) - raft.server.watch.timeout.denomination = 1s (default)
2019-09-19 08:58:25,327 [d611bba7-fcef-48db-9a8e-14e1bb825cd8:group-24C6678FC414:LeaderElection9] INFO  server.RaftServerConfigKeys (ConfUtils.java:logGet(43)) - raft.server.watch.element-limit = 65536 (default)
2019-09-19 08:58:25,327 [d611bba7-fcef-48db-9a8e-14e1bb825cd8:group-24C6678FC414:LeaderElection9] INFO  impl.RoleInfo (RoleInfo.java:updateAndGet(143)) - d611bba7-fcef-48db-9a8e-14e1bb825cd8: start LeaderState
2019-09-19 08:58:25,328 [d611bba7-fcef-48db-9a8e-14e1bb825cd8:group-24C6678FC414:LeaderElection9] INFO  segmented.SegmentedRaftLogWorker (SegmentedRaftLogWorker.java:startLogSegment(380)) - d611bba7-fcef-48db-9a8e-14e1bb825cd8-SegmentedRaftLogWorker:Storage Directory /workdir/hadoop-ozone/integration-test/target/test-dir/MiniOzoneClusterImpl-072ceacc-f14a-494c-b049-5b6ad59b8d93/datanode-2/data/ratis/2de22f67-bdd8-406a-a055-24c6678fc414: Starting segment from index:0
2019-09-19 08:58:25,328 [d611bba7-fcef-48db-9a8e-14e1bb825cd8:group-24C6678FC414:LeaderElection9] INFO  impl.RaftServerImpl (ServerState.java:setRaftConf(361)) - d611bba7-fcef-48db-9a8e-14e1bb825cd8:group-24C6678FC414 set configuration 0: [d611bba7-fcef-48db-9a8e-14e1bb825cd8:192.168.34.5:34044], old=null at 0
2019-09-19 08:58:25,353 [Thread-311] INFO  impl.FollowerState (FollowerState.java:run(106)) - 356a349a-c9c9-49f9-a5b1-196804736fbc:group-7075EB8C08DC changes to CANDIDATE, lastRpcTime:1054, electionTimeout:1050ms
2019-09-19 08:58:25,356 [pool-93-thread-1] INFO  storage.RaftStorage (RaftStorage.java:format(72)) - Storage directory /workdir/hadoop-ozone/integration-test/target/test-dir/MiniOzoneClusterImpl-072ceacc-f14a-494c-b049-5b6ad59b8d93/datanode-6/data/ratis/becc3d35-9251-4f8e-a115-f0940bc13354 has been successfully formatted.
2019-09-19 08:58:25,356 [Thread-311] INFO  impl.RoleInfo (RoleInfo.java:shutdownFollowerState(121)) - 356a349a-c9c9-49f9-a5b1-196804736fbc: shutdown FollowerState
2019-09-19 08:58:25,356 [Thread-311] INFO  impl.RaftServerImpl (RaftServerImpl.java:setRole(171)) - 356a349a-c9c9-49f9-a5b1-196804736fbc:group-7075EB8C08DC changes role from FOLLOWER to CANDIDATE at term 0 for changeToCandidate
2019-09-19 08:58:25,357 [pool-93-thread-1] INFO  ratis.ContainerStateMachine (ContainerStateMachine.java:loadSnapshot(226)) - group-F0940BC13354: The snapshot info is null. Setting the last applied indexto:(t:0, i:~)
2019-09-19 08:58:25,357 [Thread-311] INFO  impl.RoleInfo (RoleInfo.java:updateAndGet(143)) - 356a349a-c9c9-49f9-a5b1-196804736fbc: start LeaderElection
2019-09-19 08:58:25,357 [pool-93-thread-1] INFO  server.RaftServerConfigKeys (ConfUtils.java:logGet(43)) - raft.server.leader.election.timeout = 120s (custom)
2019-09-19 08:58:25,357 [pool-93-thread-1] INFO  server.RaftServerConfigKeys (ConfUtils.java:logGet(43)) - raft.server.log.use.memory = false (default)
2019-09-19 08:58:25,360 [pool-93-thread-1] INFO  server.RaftServerConfigKeys (ConfUtils.java:logGet(43)) - raft.server.log.purge.gap = 1000000 (custom)
2019-09-19 08:58:25,361 [pool-93-thread-1] INFO  server.RaftServerConfigKeys (ConfUtils.java:logGet(43)) - raft.server.log.appender.buffer.byte-limit = 33554432 (custom)
2019-09-19 08:58:25,361 [pool-93-thread-1] INFO  server.RaftServerConfigKeys (ConfUtils.java:logGet(43)) - raft.server.log.segment.size.max = 1048576 (custom)
2019-09-19 08:58:25,362 [pool-93-thread-1] INFO  server.RaftServerConfigKeys (ConfUtils.java:logGet(43)) - raft.server.log.segment.cache.num.max = 2 (custom)
2019-09-19 08:58:25,362 [pool-93-thread-1] INFO  segmented.SegmentedRaftLogWorker (SegmentedRaftLogWorker.java:<init>(172)) - new 275daa4b-3482-4b8e-b64e-92089e0536ae-SegmentedRaftLogWorker:Storage Directory /workdir/hadoop-ozone/integration-test/target/test-dir/MiniOzoneClusterImpl-072ceacc-f14a-494c-b049-5b6ad59b8d93/datanode-6/data/ratis/becc3d35-9251-4f8e-a115-f0940bc13354 for RaftStorage:Storage Directory /workdir/hadoop-ozone/integration-test/target/test-dir/MiniOzoneClusterImpl-072ceacc-f14a-494c-b049-5b6ad59b8d93/datanode-6/data/ratis/becc3d35-9251-4f8e-a115-f0940bc13354
2019-09-19 08:58:25,362 [pool-93-thread-1] INFO  server.RaftServerConfigKeys (ConfUtils.java:logGet(43)) - raft.server.log.queue.byte-limit = 2147483647 (custom)
2019-09-19 08:58:25,363 [pool-93-thread-1] INFO  server.RaftServerConfigKeys (ConfUtils.java:logGet(43)) - raft.server.log.queue.element-limit = 1024 (custom)
2019-09-19 08:58:25,363 [pool-93-thread-1] INFO  server.RaftServerConfigKeys (ConfUtils.java:logGet(43)) - raft.server.log.segment.size.max = 1048576 (custom)
2019-09-19 08:58:25,363 [pool-93-thread-1] INFO  server.RaftServerConfigKeys (ConfUtils.java:logGet(43)) - raft.server.log.preallocated.size = 16384 (custom)
2019-09-19 08:58:25,363 [pool-93-thread-1] INFO  server.RaftServerConfigKeys (ConfUtils.java:logGet(43)) - raft.server.log.write.buffer.size = 33554432 (custom)
2019-09-19 08:58:25,364 [pool-93-thread-1] INFO  server.RaftServerConfigKeys (ConfUtils.java:logGet(43)) - raft.server.log.force.sync.num = 128 (default)
2019-09-19 08:58:25,364 [pool-93-thread-1] INFO  server.RaftServerConfigKeys (ConfUtils.java:logGet(43)) - raft.server.log.statemachine.data.sync = true (default)
2019-09-19 08:58:25,364 [pool-93-thread-1] INFO  server.RaftServerConfigKeys (ConfUtils.java:logGet(43)) - raft.server.log.statemachine.data.sync.timeout = 10s (default)
2019-09-19 08:58:25,364 [pool-93-thread-1] INFO  server.RaftServerConfigKeys (ConfUtils.java:logGet(43)) - raft.server.log.statemachine.data.sync.timeout.retry = -1 (default)
2019-09-19 08:58:25,364 [pool-93-thread-1] INFO  server.RaftServerConfigKeys (ConfUtils.java:logGet(43)) - raft.server.log.statemachine.data.caching.enabled = true (custom)
2019-09-19 08:58:25,366 [pool-93-thread-1] INFO  segmented.SegmentedRaftLogWorker (SegmentedRaftLogWorker.java:lambda$new$0(132)) - 275daa4b-3482-4b8e-b64e-92089e0536ae-SegmentedRaftLogWorker:Storage Directory /workdir/hadoop-ozone/integration-test/target/test-dir/MiniOzoneClusterImpl-072ceacc-f14a-494c-b049-5b6ad59b8d93/datanode-6/data/ratis/becc3d35-9251-4f8e-a115-f0940bc13354: flushIndex: setUnconditionally 0 -> -1
2019-09-19 08:58:25,366 [pool-93-thread-1] INFO  server.RaftServerConfigKeys (ConfUtils.java:logGet(43)) - raft.server.snapshot.auto.trigger.enabled = true (custom)
2019-09-19 08:58:25,366 [pool-93-thread-1] INFO  server.RaftServerConfigKeys (ConfUtils.java:logGet(43)) - raft.server.snapshot.auto.trigger.threshold = 10000 (custom)
2019-09-19 08:58:25,366 [d611bba7-fcef-48db-9a8e-14e1bb825cd8-SegmentedRaftLogWorker:Storage Directory /workdir/hadoop-ozone/integration-test/target/test-dir/MiniOzoneClusterImpl-072ceacc-f14a-494c-b049-5b6ad59b8d93/datanode-2/data/ratis/2de22f67-bdd8-406a-a055-24c6678fc414] INFO  segmented.SegmentedRaftLogWorker (SegmentedRaftLogWorker.java:execute(569)) - d611bba7-fcef-48db-9a8e-14e1bb825cd8-SegmentedRaftLogWorker:Storage Directory /workdir/hadoop-ozone/integration-test/target/test-dir/MiniOzoneClusterImpl-072ceacc-f14a-494c-b049-5b6ad59b8d93/datanode-2/data/ratis/2de22f67-bdd8-406a-a055-24c6678fc414: created new log segment /workdir/hadoop-ozone/integration-test/target/test-dir/MiniOzoneClusterImpl-072ceacc-f14a-494c-b049-5b6ad59b8d93/datanode-2/data/ratis/2de22f67-bdd8-406a-a055-24c6678fc414/current/log_inprogress_0
2019-09-19 08:58:25,369 [356a349a-c9c9-49f9-a5b1-196804736fbc:group-7075EB8C08DC:LeaderElection10] INFO  impl.LeaderElection (LeaderElection.java:askForVotes(181)) - 356a349a-c9c9-49f9-a5b1-196804736fbc:group-7075EB8C08DC:LeaderElection10: begin an election at term 1 for -1: [356a349a-c9c9-49f9-a5b1-196804736fbc:192.168.34.5:46709], old=null
2019-09-19 08:58:25,366 [pool-93-thread-1] INFO  server.RaftServerConfigKeys (ConfUtils.java:logGet(43)) - raft.server.retrycache.expirytime = 600000ms (custom)
2019-09-19 08:58:25,372 [356a349a-c9c9-49f9-a5b1-196804736fbc:group-7075EB8C08DC:LeaderElection10] INFO  impl.RoleInfo (RoleInfo.java:shutdownLeaderElection(134)) - 356a349a-c9c9-49f9-a5b1-196804736fbc: shutdown LeaderElection
2019-09-19 08:58:25,372 [pool-93-thread-1] INFO  impl.RaftServerImpl (RaftServerImpl.java:start(180)) - 275daa4b-3482-4b8e-b64e-92089e0536ae: start group-F0940BC13354
2019-09-19 08:58:25,372 [356a349a-c9c9-49f9-a5b1-196804736fbc:group-7075EB8C08DC:LeaderElection10] INFO  impl.RaftServerImpl (RaftServerImpl.java:setRole(171)) - 356a349a-c9c9-49f9-a5b1-196804736fbc:group-7075EB8C08DC changes role from CANDIDATE to LEADER at term 1 for changeToLeader
2019-09-19 08:58:25,372 [pool-93-thread-1] INFO  impl.RaftServerImpl (RaftServerImpl.java:setRole(171)) - 275daa4b-3482-4b8e-b64e-92089e0536ae:group-F0940BC13354 changes role from null to FOLLOWER at term 0 for startAsFollower
2019-09-19 08:58:25,372 [356a349a-c9c9-49f9-a5b1-196804736fbc:group-7075EB8C08DC:LeaderElection10] INFO  impl.RaftServerImpl (ServerState.java:setLeader(263)) - 356a349a-c9c9-49f9-a5b1-196804736fbc:group-7075EB8C08DC change Leader from null to 356a349a-c9c9-49f9-a5b1-196804736fbc at term 1 for becomeLeader, leader elected after 1075ms
2019-09-19 08:58:25,372 [pool-93-thread-1] INFO  impl.RoleInfo (RoleInfo.java:updateAndGet(143)) - 275daa4b-3482-4b8e-b64e-92089e0536ae: start FollowerState
2019-09-19 08:58:25,372 [356a349a-c9c9-49f9-a5b1-196804736fbc:group-7075EB8C08DC:LeaderElection10] INFO  server.RaftServerConfigKeys (ConfUtils.java:logGet(43)) - raft.server.staging.catchup.gap = 1000 (default)
2019-09-19 08:58:25,372 [356a349a-c9c9-49f9-a5b1-196804736fbc:group-7075EB8C08DC:LeaderElection10] INFO  server.RaftServerConfigKeys (ConfUtils.java:logGet(43)) - raft.server.rpc.sleep.time = 25ms (default)
2019-09-19 08:58:25,372 [356a349a-c9c9-49f9-a5b1-196804736fbc:group-7075EB8C08DC:LeaderElection10] INFO  server.RaftServerConfigKeys (ConfUtils.java:logGet(43)) - raft.server.write.element-limit = 4096 (default)
2019-09-19 08:58:25,373 [pool-93-thread-1] INFO  util.JmxRegister (JmxRegister.java:tryRegister(44)) - Successfully registered JMX Bean with object name Ratis:service=RaftServer,group=group-F0940BC13354,id=275daa4b-3482-4b8e-b64e-92089e0536ae
2019-09-19 08:58:25,373 [356a349a-c9c9-49f9-a5b1-196804736fbc:group-7075EB8C08DC:LeaderElection10] INFO  server.RaftServerConfigKeys (ConfUtils.java:logGet(43)) - raft.server.watch.timeout = 10s (default)
2019-09-19 08:58:25,373 [356a349a-c9c9-49f9-a5b1-196804736fbc:group-7075EB8C08DC:LeaderElection10] INFO  server.RaftServerConfigKeys (ConfUtils.java:logGet(43)) - raft.server.watch.timeout.denomination = 1s (default)
2019-09-19 08:58:25,373 [356a349a-c9c9-49f9-a5b1-196804736fbc:group-7075EB8C08DC:LeaderElection10] INFO  server.RaftServerConfigKeys (ConfUtils.java:logGet(43)) - raft.server.watch.element-limit = 65536 (default)
2019-09-19 08:58:25,373 [356a349a-c9c9-49f9-a5b1-196804736fbc:group-7075EB8C08DC:LeaderElection10] INFO  impl.RoleInfo (RoleInfo.java:updateAndGet(143)) - 356a349a-c9c9-49f9-a5b1-196804736fbc: start LeaderState
2019-09-19 08:58:25,373 [356a349a-c9c9-49f9-a5b1-196804736fbc:group-7075EB8C08DC:LeaderElection10] INFO  segmented.SegmentedRaftLogWorker (SegmentedRaftLogWorker.java:startLogSegment(380)) - 356a349a-c9c9-49f9-a5b1-196804736fbc-SegmentedRaftLogWorker:Storage Directory /workdir/hadoop-ozone/integration-test/target/test-dir/MiniOzoneClusterImpl-072ceacc-f14a-494c-b049-5b6ad59b8d93/datanode-1/data/ratis/164264cd-c644-4c42-a3d0-7075eb8c08dc: Starting segment from index:0
2019-09-19 08:58:25,374 [356a349a-c9c9-49f9-a5b1-196804736fbc:group-7075EB8C08DC:LeaderElection10] INFO  impl.RaftServerImpl (ServerState.java:setRaftConf(361)) - 356a349a-c9c9-49f9-a5b1-196804736fbc:group-7075EB8C08DC set configuration 0: [356a349a-c9c9-49f9-a5b1-196804736fbc:192.168.34.5:46709], old=null at 0
2019-09-19 08:58:25,404 [RatisPipelineUtilsThread] INFO  pipeline.PipelineStateManager (PipelineStateManager.java:addPipeline(56)) - Created pipeline Pipeline[ Id: becc3d35-9251-4f8e-a115-f0940bc13354, Nodes: 275daa4b-3482-4b8e-b64e-92089e0536ae{ip: 192.168.34.5, host: pr-hdds-1569-j4bt4-3030777008, networkLocation: /default-rack, certSerialId: null}, Type:RATIS, Factor:ONE, State:OPEN]
2019-09-19 08:58:25,405 [RatisPipelineUtilsThread] ERROR pipeline.PipelinePlacementPolicy (PipelinePlacementPolicy.java:meetCriteria(91)) - Pipeline Placement: Doesn't meet the criteria to be viable node. Heaviness: 6
2019-09-19 08:58:25,405 [RatisPipelineUtilsThread] ERROR pipeline.PipelinePlacementPolicy (PipelinePlacementPolicy.java:meetCriteria(91)) - Pipeline Placement: Doesn't meet the criteria to be viable node. Heaviness: 6
2019-09-19 08:58:25,412 [Thread-314] INFO  impl.FollowerState (FollowerState.java:run(106)) - d611bba7-fcef-48db-9a8e-14e1bb825cd8:group-B773D6C75792 changes to CANDIDATE, lastRpcTime:1061, electionTimeout:1060ms
2019-09-19 08:58:25,412 [Thread-314] INFO  impl.RoleInfo (RoleInfo.java:shutdownFollowerState(121)) - d611bba7-fcef-48db-9a8e-14e1bb825cd8: shutdown FollowerState
2019-09-19 08:58:25,412 [Thread-314] INFO  impl.RaftServerImpl (RaftServerImpl.java:setRole(171)) - d611bba7-fcef-48db-9a8e-14e1bb825cd8:group-B773D6C75792 changes role from FOLLOWER to CANDIDATE at term 0 for changeToCandidate
2019-09-19 08:58:25,412 [Thread-314] INFO  impl.RoleInfo (RoleInfo.java:updateAndGet(143)) - d611bba7-fcef-48db-9a8e-14e1bb825cd8: start LeaderElection
2019-09-19 08:58:25,417 [356a349a-c9c9-49f9-a5b1-196804736fbc-SegmentedRaftLogWorker:Storage Directory /workdir/hadoop-ozone/integration-test/target/test-dir/MiniOzoneClusterImpl-072ceacc-f14a-494c-b049-5b6ad59b8d93/datanode-1/data/ratis/164264cd-c644-4c42-a3d0-7075eb8c08dc] INFO  segmented.SegmentedRaftLogWorker (SegmentedRaftLogWorker.java:execute(569)) - 356a349a-c9c9-49f9-a5b1-196804736fbc-SegmentedRaftLogWorker:Storage Directory /workdir/hadoop-ozone/integration-test/target/test-dir/MiniOzoneClusterImpl-072ceacc-f14a-494c-b049-5b6ad59b8d93/datanode-1/data/ratis/164264cd-c644-4c42-a3d0-7075eb8c08dc: created new log segment /workdir/hadoop-ozone/integration-test/target/test-dir/MiniOzoneClusterImpl-072ceacc-f14a-494c-b049-5b6ad59b8d93/datanode-1/data/ratis/164264cd-c644-4c42-a3d0-7075eb8c08dc/current/log_inprogress_0
2019-09-19 08:58:25,417 [Thread-317] INFO  impl.FollowerState (FollowerState.java:run(106)) - 275daa4b-3482-4b8e-b64e-92089e0536ae:group-B59E3EF36ED8 changes to CANDIDATE, lastRpcTime:1010, electionTimeout:1009ms
2019-09-19 08:58:25,417 [Thread-317] INFO  impl.RoleInfo (RoleInfo.java:shutdownFollowerState(121)) - 275daa4b-3482-4b8e-b64e-92089e0536ae: shutdown FollowerState
2019-09-19 08:58:25,417 [Thread-317] INFO  impl.RaftServerImpl (RaftServerImpl.java:setRole(171)) - 275daa4b-3482-4b8e-b64e-92089e0536ae:group-B59E3EF36ED8 changes role from FOLLOWER to CANDIDATE at term 0 for changeToCandidate
2019-09-19 08:58:25,417 [Thread-317] INFO  impl.RoleInfo (RoleInfo.java:updateAndGet(143)) - 275daa4b-3482-4b8e-b64e-92089e0536ae: start LeaderElection
2019-09-19 08:58:25,428 [grpc-default-executor-1] INFO  impl.RaftServerProxy (RaftServerProxy.java:addNew(89)) - cd77464f-7686-4dc7-8332-533cdc56da6b: addNew group-E165B1ABC8EC:[cd77464f-7686-4dc7-8332-533cdc56da6b:192.168.34.5:41324] returns group-E165B1ABC8EC:java.util.concurrent.CompletableFuture@19642bb0[Not completed]
2019-09-19 08:58:25,430 [d611bba7-fcef-48db-9a8e-14e1bb825cd8:group-B773D6C75792:LeaderElection11] INFO  impl.LeaderElection (LeaderElection.java:askForVotes(181)) - d611bba7-fcef-48db-9a8e-14e1bb825cd8:group-B773D6C75792:LeaderElection11: begin an election at term 1 for -1: [d611bba7-fcef-48db-9a8e-14e1bb825cd8:192.168.34.5:34044], old=null
2019-09-19 08:58:25,430 [275daa4b-3482-4b8e-b64e-92089e0536ae:group-B59E3EF36ED8:LeaderElection12] INFO  impl.LeaderElection (LeaderElection.java:askForVotes(181)) - 275daa4b-3482-4b8e-b64e-92089e0536ae:group-B59E3EF36ED8:LeaderElection12: begin an election at term 1 for -1: [275daa4b-3482-4b8e-b64e-92089e0536ae:192.168.34.5:37927], old=null
2019-09-19 08:58:25,430 [d611bba7-fcef-48db-9a8e-14e1bb825cd8:group-B773D6C75792:LeaderElection11] INFO  impl.RoleInfo (RoleInfo.java:shutdownLeaderElection(134)) - d611bba7-fcef-48db-9a8e-14e1bb825cd8: shutdown LeaderElection
2019-09-19 08:58:25,430 [275daa4b-3482-4b8e-b64e-92089e0536ae:group-B59E3EF36ED8:LeaderElection12] INFO  impl.RoleInfo (RoleInfo.java:shutdownLeaderElection(134)) - 275daa4b-3482-4b8e-b64e-92089e0536ae: shutdown LeaderElection
2019-09-19 08:58:25,430 [d611bba7-fcef-48db-9a8e-14e1bb825cd8:group-B773D6C75792:LeaderElection11] INFO  impl.RaftServerImpl (RaftServerImpl.java:setRole(171)) - d611bba7-fcef-48db-9a8e-14e1bb825cd8:group-B773D6C75792 changes role from CANDIDATE to LEADER at term 1 for changeToLeader
2019-09-19 08:58:25,430 [275daa4b-3482-4b8e-b64e-92089e0536ae:group-B59E3EF36ED8:LeaderElection12] INFO  impl.RaftServerImpl (RaftServerImpl.java:setRole(171)) - 275daa4b-3482-4b8e-b64e-92089e0536ae:group-B59E3EF36ED8 changes role from CANDIDATE to LEADER at term 1 for changeToLeader
2019-09-19 08:58:25,431 [d611bba7-fcef-48db-9a8e-14e1bb825cd8:group-B773D6C75792:LeaderElection11] INFO  impl.RaftServerImpl (ServerState.java:setLeader(263)) - d611bba7-fcef-48db-9a8e-14e1bb825cd8:group-B773D6C75792 change Leader from null to d611bba7-fcef-48db-9a8e-14e1bb825cd8 at term 1 for becomeLeader, leader elected after 1084ms
2019-09-19 08:58:25,431 [275daa4b-3482-4b8e-b64e-92089e0536ae:group-B59E3EF36ED8:LeaderElection12] INFO  impl.RaftServerImpl (ServerState.java:setLeader(263)) - 275daa4b-3482-4b8e-b64e-92089e0536ae:group-B59E3EF36ED8 change Leader from null to 275daa4b-3482-4b8e-b64e-92089e0536ae at term 1 for becomeLeader, leader elected after 1028ms
2019-09-19 08:58:25,431 [275daa4b-3482-4b8e-b64e-92089e0536ae:group-B59E3EF36ED8:LeaderElection12] INFO  server.RaftServerConfigKeys (ConfUtils.java:logGet(43)) - raft.server.staging.catchup.gap = 1000 (default)
2019-09-19 08:58:25,431 [d611bba7-fcef-48db-9a8e-14e1bb825cd8:group-B773D6C75792:LeaderElection11] INFO  server.RaftServerConfigKeys (ConfUtils.java:logGet(43)) - raft.server.staging.catchup.gap = 1000 (default)
2019-09-19 08:58:25,431 [275daa4b-3482-4b8e-b64e-92089e0536ae:group-B59E3EF36ED8:LeaderElection12] INFO  server.RaftServerConfigKeys (ConfUtils.java:logGet(43)) - raft.server.rpc.sleep.time = 25ms (default)
2019-09-19 08:58:25,431 [d611bba7-fcef-48db-9a8e-14e1bb825cd8:group-B773D6C75792:LeaderElection11] INFO  server.RaftServerConfigKeys (ConfUtils.java:logGet(43)) - raft.server.rpc.sleep.time = 25ms (default)
2019-09-19 08:58:25,431 [275daa4b-3482-4b8e-b64e-92089e0536ae:group-B59E3EF36ED8:LeaderElection12] INFO  server.RaftServerConfigKeys (ConfUtils.java:logGet(43)) - raft.server.write.element-limit = 4096 (default)
2019-09-19 08:58:25,439 [d611bba7-fcef-48db-9a8e-14e1bb825cd8:group-B773D6C75792:LeaderElection11] INFO  server.RaftServerConfigKeys (ConfUtils.java:logGet(43)) - raft.server.write.element-limit = 4096 (default)
2019-09-19 08:58:25,439 [pool-82-thread-1] INFO  impl.RaftServerImpl (RaftServerImpl.java:<init>(93)) - cd77464f-7686-4dc7-8332-533cdc56da6b: new RaftServerImpl for group-E165B1ABC8EC:[cd77464f-7686-4dc7-8332-533cdc56da6b:192.168.34.5:41324] with ContainerStateMachine:uninitialized
2019-09-19 08:58:25,439 [d611bba7-fcef-48db-9a8e-14e1bb825cd8:group-B773D6C75792:LeaderElection11] INFO  server.RaftServerConfigKeys (ConfUtils.java:logGet(43)) - raft.server.watch.timeout = 10s (default)
2019-09-19 08:58:25,439 [275daa4b-3482-4b8e-b64e-92089e0536ae:group-B59E3EF36ED8:LeaderElection12] INFO  server.RaftServerConfigKeys (ConfUtils.java:logGet(43)) - raft.server.watch.timeout = 10s (default)
2019-09-19 08:58:25,439 [d611bba7-fcef-48db-9a8e-14e1bb825cd8:group-B773D6C75792:LeaderElection11] INFO  server.RaftServerConfigKeys (ConfUtils.java:logGet(43)) - raft.server.watch.timeout.denomination = 1s (default)
2019-09-19 08:58:25,439 [pool-82-thread-1] INFO  server.RaftServerConfigKeys (ConfUtils.java:logGet(43)) - raft.server.rpc.timeout.min = 1s (custom)
2019-09-19 08:58:25,439 [d611bba7-fcef-48db-9a8e-14e1bb825cd8:group-B773D6C75792:LeaderElection11] INFO  server.RaftServerConfigKeys (ConfUtils.java:logGet(43)) - raft.server.watch.element-limit = 65536 (default)
2019-09-19 08:58:25,439 [275daa4b-3482-4b8e-b64e-92089e0536ae:group-B59E3EF36ED8:LeaderElection12] INFO  server.RaftServerConfigKeys (ConfUtils.java:logGet(43)) - raft.server.watch.timeout.denomination = 1s (default)
2019-09-19 08:58:25,439 [pool-82-thread-1] INFO  server.RaftServerConfigKeys (ConfUtils.java:logGet(43)) - raft.server.rpc.timeout.max = 1200ms (custom)
2019-09-19 08:58:25,440 [d611bba7-fcef-48db-9a8e-14e1bb825cd8:group-B773D6C75792:LeaderElection11] INFO  impl.RoleInfo (RoleInfo.java:updateAndGet(143)) - d611bba7-fcef-48db-9a8e-14e1bb825cd8: start LeaderState
2019-09-19 08:58:25,440 [275daa4b-3482-4b8e-b64e-92089e0536ae:group-B59E3EF36ED8:LeaderElection12] INFO  server.RaftServerConfigKeys (ConfUtils.java:logGet(43)) - raft.server.watch.element-limit = 65536 (default)
2019-09-19 08:58:25,440 [pool-82-thread-1] INFO  server.RaftServerConfigKeys (ConfUtils.java:logGet(43)) - raft.server.rpcslowness.timeout = 120s (custom)
2019-09-19 08:58:25,440 [d611bba7-fcef-48db-9a8e-14e1bb825cd8:group-B773D6C75792:LeaderElection11] INFO  segmented.SegmentedRaftLogWorker (SegmentedRaftLogWorker.java:startLogSegment(380)) - d611bba7-fcef-48db-9a8e-14e1bb825cd8-SegmentedRaftLogWorker:Storage Directory /workdir/hadoop-ozone/integration-test/target/test-dir/MiniOzoneClusterImpl-072ceacc-f14a-494c-b049-5b6ad59b8d93/datanode-2/data/ratis/8b27d1cb-9897-44b4-b44d-b773d6c75792: Starting segment from index:0
2019-09-19 08:58:25,440 [pool-82-thread-1] INFO  server.RaftServerConfigKeys (ConfUtils.java:logGet(43)) - raft.server.sleep.deviation.threshold = 300 (default)
2019-09-19 08:58:25,440 [275daa4b-3482-4b8e-b64e-92089e0536ae:group-B59E3EF36ED8:LeaderElection12] INFO  impl.RoleInfo (RoleInfo.java:updateAndGet(143)) - 275daa4b-3482-4b8e-b64e-92089e0536ae: start LeaderState
2019-09-19 08:58:25,440 [pool-82-thread-1] INFO  server.RaftServerConfigKeys (ConfUtils.java:logGet(43)) - raft.server.log.appender.install.snapshot.enabled = false (custom)
2019-09-19 08:58:25,440 [d611bba7-fcef-48db-9a8e-14e1bb825cd8:group-B773D6C75792:LeaderElection11] INFO  impl.RaftServerImpl (ServerState.java:setRaftConf(361)) - d611bba7-fcef-48db-9a8e-14e1bb825cd8:group-B773D6C75792 set configuration 0: [d611bba7-fcef-48db-9a8e-14e1bb825cd8:192.168.34.5:34044], old=null at 0
2019-09-19 08:58:25,441 [275daa4b-3482-4b8e-b64e-92089e0536ae:group-B59E3EF36ED8:LeaderElection12] INFO  segmented.SegmentedRaftLogWorker (SegmentedRaftLogWorker.java:startLogSegment(380)) - 275daa4b-3482-4b8e-b64e-92089e0536ae-SegmentedRaftLogWorker:Storage Directory /workdir/hadoop-ozone/integration-test/target/test-dir/MiniOzoneClusterImpl-072ceacc-f14a-494c-b049-5b6ad59b8d93/datanode-6/data/ratis/195bdac2-c348-469e-93a7-b59e3ef36ed8: Starting segment from index:0
2019-09-19 08:58:25,441 [pool-82-thread-1] INFO  impl.RaftServerImpl (ServerState.java:<init>(105)) - cd77464f-7686-4dc7-8332-533cdc56da6b:group-E165B1ABC8EC ConfigurationManager, init=-1: [cd77464f-7686-4dc7-8332-533cdc56da6b:192.168.34.5:41324], old=null, confs=<EMPTY_MAP>
2019-09-19 08:58:25,465 [pool-82-thread-1] INFO  server.RaftServerConfigKeys (ConfUtils.java:logGet(43)) - raft.server.storage.dir = [/workdir/hadoop-ozone/integration-test/target/test-dir/MiniOzoneClusterImpl-072ceacc-f14a-494c-b049-5b6ad59b8d93/datanode-5/data/ratis] (custom)
2019-09-19 08:58:25,466 [275daa4b-3482-4b8e-b64e-92089e0536ae:group-B59E3EF36ED8:LeaderElection12] INFO  impl.RaftServerImpl (ServerState.java:setRaftConf(361)) - 275daa4b-3482-4b8e-b64e-92089e0536ae:group-B59E3EF36ED8 set configuration 0: [275daa4b-3482-4b8e-b64e-92089e0536ae:192.168.34.5:37927], old=null at 0
2019-09-19 08:58:25,466 [pool-82-thread-1] INFO  storage.RaftStorageDirectory (RaftStorageDirectory.java:analyzeStorage(246)) - The storage directory /workdir/hadoop-ozone/integration-test/target/test-dir/MiniOzoneClusterImpl-072ceacc-f14a-494c-b049-5b6ad59b8d93/datanode-5/data/ratis/61496dbc-063b-43ad-b1f2-e165b1abc8ec does not exist. Creating ...
2019-09-19 08:58:25,490 [d611bba7-fcef-48db-9a8e-14e1bb825cd8-SegmentedRaftLogWorker:Storage Directory /workdir/hadoop-ozone/integration-test/target/test-dir/MiniOzoneClusterImpl-072ceacc-f14a-494c-b049-5b6ad59b8d93/datanode-2/data/ratis/8b27d1cb-9897-44b4-b44d-b773d6c75792] INFO  segmented.SegmentedRaftLogWorker (SegmentedRaftLogWorker.java:execute(569)) - d611bba7-fcef-48db-9a8e-14e1bb825cd8-SegmentedRaftLogWorker:Storage Directory /workdir/hadoop-ozone/integration-test/target/test-dir/MiniOzoneClusterImpl-072ceacc-f14a-494c-b049-5b6ad59b8d93/datanode-2/data/ratis/8b27d1cb-9897-44b4-b44d-b773d6c75792: created new log segment /workdir/hadoop-ozone/integration-test/target/test-dir/MiniOzoneClusterImpl-072ceacc-f14a-494c-b049-5b6ad59b8d93/datanode-2/data/ratis/8b27d1cb-9897-44b4-b44d-b773d6c75792/current/log_inprogress_0
2019-09-19 08:58:25,502 [pool-82-thread-1] INFO  storage.RaftStorageDirectory (RaftStorageDirectory.java:tryLock(328)) - Lock on /workdir/hadoop-ozone/integration-test/target/test-dir/MiniOzoneClusterImpl-072ceacc-f14a-494c-b049-5b6ad59b8d93/datanode-5/data/ratis/61496dbc-063b-43ad-b1f2-e165b1abc8ec/in_use.lock acquired by nodename 8013@pr-hdds-1569-j4bt4-3030777008
2019-09-19 08:58:25,502 [275daa4b-3482-4b8e-b64e-92089e0536ae-SegmentedRaftLogWorker:Storage Directory /workdir/hadoop-ozone/integration-test/target/test-dir/MiniOzoneClusterImpl-072ceacc-f14a-494c-b049-5b6ad59b8d93/datanode-6/data/ratis/195bdac2-c348-469e-93a7-b59e3ef36ed8] INFO  segmented.SegmentedRaftLogWorker (SegmentedRaftLogWorker.java:execute(569)) - 275daa4b-3482-4b8e-b64e-92089e0536ae-SegmentedRaftLogWorker:Storage Directory /workdir/hadoop-ozone/integration-test/target/test-dir/MiniOzoneClusterImpl-072ceacc-f14a-494c-b049-5b6ad59b8d93/datanode-6/data/ratis/195bdac2-c348-469e-93a7-b59e3ef36ed8: created new log segment /workdir/hadoop-ozone/integration-test/target/test-dir/MiniOzoneClusterImpl-072ceacc-f14a-494c-b049-5b6ad59b8d93/datanode-6/data/ratis/195bdac2-c348-469e-93a7-b59e3ef36ed8/current/log_inprogress_0
2019-09-19 08:58:25,517 [pool-82-thread-1] INFO  storage.RaftStorage (RaftStorage.java:format(72)) - Storage directory /workdir/hadoop-ozone/integration-test/target/test-dir/MiniOzoneClusterImpl-072ceacc-f14a-494c-b049-5b6ad59b8d93/datanode-5/data/ratis/61496dbc-063b-43ad-b1f2-e165b1abc8ec has been successfully formatted.
2019-09-19 08:58:25,517 [pool-82-thread-1] INFO  ratis.ContainerStateMachine (ContainerStateMachine.java:loadSnapshot(226)) - group-E165B1ABC8EC: The snapshot info is null. Setting the last applied indexto:(t:0, i:~)
2019-09-19 08:58:25,517 [pool-82-thread-1] INFO  server.RaftServerConfigKeys (ConfUtils.java:logGet(43)) - raft.server.leader.election.timeout = 120s (custom)
2019-09-19 08:58:25,517 [pool-82-thread-1] INFO  server.RaftServerConfigKeys (ConfUtils.java:logGet(43)) - raft.server.log.use.memory = false (default)
2019-09-19 08:58:25,518 [pool-82-thread-1] INFO  server.RaftServerConfigKeys (ConfUtils.java:logGet(43)) - raft.server.log.purge.gap = 1000000 (custom)
2019-09-19 08:58:25,518 [pool-82-thread-1] INFO  server.RaftServerConfigKeys (ConfUtils.java:logGet(43)) - raft.server.log.appender.buffer.byte-limit = 33554432 (custom)
2019-09-19 08:58:25,518 [pool-82-thread-1] INFO  server.RaftServerConfigKeys (ConfUtils.java:logGet(43)) - raft.server.log.segment.size.max = 1048576 (custom)
2019-09-19 08:58:25,518 [pool-82-thread-1] INFO  server.RaftServerConfigKeys (ConfUtils.java:logGet(43)) - raft.server.log.segment.cache.num.max = 2 (custom)
2019-09-19 08:58:25,518 [pool-82-thread-1] INFO  segmented.SegmentedRaftLogWorker (SegmentedRaftLogWorker.java:<init>(172)) - new cd77464f-7686-4dc7-8332-533cdc56da6b-SegmentedRaftLogWorker:Storage Directory /workdir/hadoop-ozone/integration-test/target/test-dir/MiniOzoneClusterImpl-072ceacc-f14a-494c-b049-5b6ad59b8d93/datanode-5/data/ratis/61496dbc-063b-43ad-b1f2-e165b1abc8ec for RaftStorage:Storage Directory /workdir/hadoop-ozone/integration-test/target/test-dir/MiniOzoneClusterImpl-072ceacc-f14a-494c-b049-5b6ad59b8d93/datanode-5/data/ratis/61496dbc-063b-43ad-b1f2-e165b1abc8ec
2019-09-19 08:58:25,518 [pool-82-thread-1] INFO  server.RaftServerConfigKeys (ConfUtils.java:logGet(43)) - raft.server.log.queue.byte-limit = 2147483647 (custom)
2019-09-19 08:58:25,518 [pool-82-thread-1] INFO  server.RaftServerConfigKeys (ConfUtils.java:logGet(43)) - raft.server.log.queue.element-limit = 1024 (custom)
2019-09-19 08:58:25,518 [pool-82-thread-1] INFO  server.RaftServerConfigKeys (ConfUtils.java:logGet(43)) - raft.server.log.segment.size.max = 1048576 (custom)
2019-09-19 08:58:25,519 [pool-82-thread-1] INFO  server.RaftServerConfigKeys (ConfUtils.java:logGet(43)) - raft.server.log.preallocated.size = 16384 (custom)
2019-09-19 08:58:25,519 [pool-82-thread-1] INFO  server.RaftServerConfigKeys (ConfUtils.java:logGet(43)) - raft.server.log.write.buffer.size = 33554432 (custom)
2019-09-19 08:58:25,519 [pool-82-thread-1] INFO  server.RaftServerConfigKeys (ConfUtils.java:logGet(43)) - raft.server.log.force.sync.num = 128 (default)
2019-09-19 08:58:25,519 [pool-82-thread-1] INFO  server.RaftServerConfigKeys (ConfUtils.java:logGet(43)) - raft.server.log.statemachine.data.sync = true (default)
2019-09-19 08:58:25,519 [pool-82-thread-1] INFO  server.RaftServerConfigKeys (ConfUtils.java:logGet(43)) - raft.server.log.statemachine.data.sync.timeout = 10s (default)
2019-09-19 08:58:25,519 [pool-82-thread-1] INFO  server.RaftServerConfigKeys (ConfUtils.java:logGet(43)) - raft.server.log.statemachine.data.sync.timeout.retry = -1 (default)
2019-09-19 08:58:25,519 [pool-82-thread-1] INFO  server.RaftServerConfigKeys (ConfUtils.java:logGet(43)) - raft.server.log.statemachine.data.caching.enabled = true (custom)
2019-09-19 08:58:25,519 [pool-82-thread-1] INFO  segmented.SegmentedRaftLogWorker (SegmentedRaftLogWorker.java:lambda$new$0(132)) - cd77464f-7686-4dc7-8332-533cdc56da6b-SegmentedRaftLogWorker:Storage Directory /workdir/hadoop-ozone/integration-test/target/test-dir/MiniOzoneClusterImpl-072ceacc-f14a-494c-b049-5b6ad59b8d93/datanode-5/data/ratis/61496dbc-063b-43ad-b1f2-e165b1abc8ec: flushIndex: setUnconditionally 0 -> -1
2019-09-19 08:58:25,520 [pool-82-thread-1] INFO  server.RaftServerConfigKeys (ConfUtils.java:logGet(43)) - raft.server.snapshot.auto.trigger.enabled = true (custom)
2019-09-19 08:58:25,520 [pool-82-thread-1] INFO  server.RaftServerConfigKeys (ConfUtils.java:logGet(43)) - raft.server.snapshot.auto.trigger.threshold = 10000 (custom)
2019-09-19 08:58:25,520 [pool-82-thread-1] INFO  server.RaftServerConfigKeys (ConfUtils.java:logGet(43)) - raft.server.retrycache.expirytime = 600000ms (custom)
2019-09-19 08:58:25,520 [pool-82-thread-1] INFO  impl.RaftServerImpl (RaftServerImpl.java:start(180)) - cd77464f-7686-4dc7-8332-533cdc56da6b: start group-E165B1ABC8EC
2019-09-19 08:58:25,520 [pool-82-thread-1] INFO  impl.RaftServerImpl (RaftServerImpl.java:setRole(171)) - cd77464f-7686-4dc7-8332-533cdc56da6b:group-E165B1ABC8EC changes role from null to FOLLOWER at term 0 for startAsFollower
2019-09-19 08:58:25,520 [pool-82-thread-1] INFO  impl.RoleInfo (RoleInfo.java:updateAndGet(143)) - cd77464f-7686-4dc7-8332-533cdc56da6b: start FollowerState
2019-09-19 08:58:25,521 [pool-82-thread-1] INFO  util.JmxRegister (JmxRegister.java:tryRegister(44)) - Successfully registered JMX Bean with object name Ratis:service=RaftServer,group=group-E165B1ABC8EC,id=cd77464f-7686-4dc7-8332-533cdc56da6b
2019-09-19 08:58:25,525 [RatisPipelineUtilsThread] INFO  pipeline.PipelineStateManager (PipelineStateManager.java:addPipeline(56)) - Created pipeline Pipeline[ Id: 61496dbc-063b-43ad-b1f2-e165b1abc8ec, Nodes: cd77464f-7686-4dc7-8332-533cdc56da6b{ip: 192.168.34.5, host: pr-hdds-1569-j4bt4-3030777008, networkLocation: /default-rack, certSerialId: null}, Type:RATIS, Factor:ONE, State:OPEN]
2019-09-19 08:58:25,526 [RatisPipelineUtilsThread] ERROR pipeline.PipelinePlacementPolicy (PipelinePlacementPolicy.java:meetCriteria(91)) - Pipeline Placement: Doesn't meet the criteria to be viable node. Heaviness: 6
2019-09-19 08:58:25,526 [RatisPipelineUtilsThread] ERROR pipeline.PipelinePlacementPolicy (PipelinePlacementPolicy.java:meetCriteria(91)) - Pipeline Placement: Doesn't meet the criteria to be viable node. Heaviness: 6
2019-09-19 08:58:25,534 [grpc-default-executor-1] INFO  impl.RaftServerProxy (RaftServerProxy.java:addNew(89)) - 275daa4b-3482-4b8e-b64e-92089e0536ae: addNew group-0AE116658A13:[275daa4b-3482-4b8e-b64e-92089e0536ae:192.168.34.5:37927] returns group-0AE116658A13:java.util.concurrent.CompletableFuture@8c6a480[Not completed]
2019-09-19 08:58:25,536 | INFO  | SCMAudit | user=jenkins1000 | ip=192.168.34.5 | op=SEND_HEARTBEAT {datanodeUUID=356a349a-c9c9-49f9-a5b1-196804736fbc, command=[]} | ret=SUCCESS |  
2019-09-19 08:58:25,537 [pool-93-thread-1] INFO  impl.RaftServerImpl (RaftServerImpl.java:<init>(93)) - 275daa4b-3482-4b8e-b64e-92089e0536ae: new RaftServerImpl for group-0AE116658A13:[275daa4b-3482-4b8e-b64e-92089e0536ae:192.168.34.5:37927] with ContainerStateMachine:uninitialized
2019-09-19 08:58:25,537 [pool-93-thread-1] INFO  server.RaftServerConfigKeys (ConfUtils.java:logGet(43)) - raft.server.rpc.timeout.min = 1s (custom)
2019-09-19 08:58:25,537 [pool-93-thread-1] INFO  server.RaftServerConfigKeys (ConfUtils.java:logGet(43)) - raft.server.rpc.timeout.max = 1200ms (custom)
2019-09-19 08:58:25,537 [pool-93-thread-1] INFO  server.RaftServerConfigKeys (ConfUtils.java:logGet(43)) - raft.server.rpcslowness.timeout = 120s (custom)
2019-09-19 08:58:25,537 [pool-93-thread-1] INFO  server.RaftServerConfigKeys (ConfUtils.java:logGet(43)) - raft.server.sleep.deviation.threshold = 300 (default)
2019-09-19 08:58:25,537 [pool-93-thread-1] INFO  server.RaftServerConfigKeys (ConfUtils.java:logGet(43)) - raft.server.log.appender.install.snapshot.enabled = false (custom)
2019-09-19 08:58:25,537 [pool-93-thread-1] INFO  impl.RaftServerImpl (ServerState.java:<init>(105)) - 275daa4b-3482-4b8e-b64e-92089e0536ae:group-0AE116658A13 ConfigurationManager, init=-1: [275daa4b-3482-4b8e-b64e-92089e0536ae:192.168.34.5:37927], old=null, confs=<EMPTY_MAP>
2019-09-19 08:58:25,537 [pool-93-thread-1] INFO  server.RaftServerConfigKeys (ConfUtils.java:logGet(43)) - raft.server.storage.dir = [/workdir/hadoop-ozone/integration-test/target/test-dir/MiniOzoneClusterImpl-072ceacc-f14a-494c-b049-5b6ad59b8d93/datanode-6/data/ratis] (custom)
2019-09-19 08:58:25,538 [pool-93-thread-1] INFO  storage.RaftStorageDirectory (RaftStorageDirectory.java:analyzeStorage(246)) - The storage directory /workdir/hadoop-ozone/integration-test/target/test-dir/MiniOzoneClusterImpl-072ceacc-f14a-494c-b049-5b6ad59b8d93/datanode-6/data/ratis/582e9f58-defa-415a-86ab-0ae116658a13 does not exist. Creating ...
2019-09-19 08:58:25,545 [pool-93-thread-1] INFO  storage.RaftStorageDirectory (RaftStorageDirectory.java:tryLock(328)) - Lock on /workdir/hadoop-ozone/integration-test/target/test-dir/MiniOzoneClusterImpl-072ceacc-f14a-494c-b049-5b6ad59b8d93/datanode-6/data/ratis/582e9f58-defa-415a-86ab-0ae116658a13/in_use.lock acquired by nodename 8013@pr-hdds-1569-j4bt4-3030777008
2019-09-19 08:58:25,559 [pool-93-thread-1] INFO  storage.RaftStorage (RaftStorage.java:format(72)) - Storage directory /workdir/hadoop-ozone/integration-test/target/test-dir/MiniOzoneClusterImpl-072ceacc-f14a-494c-b049-5b6ad59b8d93/datanode-6/data/ratis/582e9f58-defa-415a-86ab-0ae116658a13 has been successfully formatted.
2019-09-19 08:58:25,559 [pool-93-thread-1] INFO  ratis.ContainerStateMachine (ContainerStateMachine.java:loadSnapshot(226)) - group-0AE116658A13: The snapshot info is null. Setting the last applied indexto:(t:0, i:~)
2019-09-19 08:58:25,560 [pool-93-thread-1] INFO  server.RaftServerConfigKeys (ConfUtils.java:logGet(43)) - raft.server.leader.election.timeout = 120s (custom)
2019-09-19 08:58:25,560 [pool-93-thread-1] INFO  server.RaftServerConfigKeys (ConfUtils.java:logGet(43)) - raft.server.log.use.memory = false (default)
2019-09-19 08:58:25,560 [pool-93-thread-1] INFO  server.RaftServerConfigKeys (ConfUtils.java:logGet(43)) - raft.server.log.purge.gap = 1000000 (custom)
2019-09-19 08:58:25,560 [pool-93-thread-1] INFO  server.RaftServerConfigKeys (ConfUtils.java:logGet(43)) - raft.server.log.appender.buffer.byte-limit = 33554432 (custom)
2019-09-19 08:58:25,560 [pool-93-thread-1] INFO  server.RaftServerConfigKeys (ConfUtils.java:logGet(43)) - raft.server.log.segment.size.max = 1048576 (custom)
2019-09-19 08:58:25,560 [pool-93-thread-1] INFO  server.RaftServerConfigKeys (ConfUtils.java:logGet(43)) - raft.server.log.segment.cache.num.max = 2 (custom)
2019-09-19 08:58:25,560 [pool-93-thread-1] INFO  segmented.SegmentedRaftLogWorker (SegmentedRaftLogWorker.java:<init>(172)) - new 275daa4b-3482-4b8e-b64e-92089e0536ae-SegmentedRaftLogWorker:Storage Directory /workdir/hadoop-ozone/integration-test/target/test-dir/MiniOzoneClusterImpl-072ceacc-f14a-494c-b049-5b6ad59b8d93/datanode-6/data/ratis/582e9f58-defa-415a-86ab-0ae116658a13 for RaftStorage:Storage Directory /workdir/hadoop-ozone/integration-test/target/test-dir/MiniOzoneClusterImpl-072ceacc-f14a-494c-b049-5b6ad59b8d93/datanode-6/data/ratis/582e9f58-defa-415a-86ab-0ae116658a13
2019-09-19 08:58:25,560 [pool-93-thread-1] INFO  server.RaftServerConfigKeys (ConfUtils.java:logGet(43)) - raft.server.log.queue.byte-limit = 2147483647 (custom)
2019-09-19 08:58:25,561 [pool-93-thread-1] INFO  server.RaftServerConfigKeys (ConfUtils.java:logGet(43)) - raft.server.log.queue.element-limit = 1024 (custom)
2019-09-19 08:58:25,561 [pool-93-thread-1] INFO  server.RaftServerConfigKeys (ConfUtils.java:logGet(43)) - raft.server.log.segment.size.max = 1048576 (custom)
2019-09-19 08:58:25,561 [pool-93-thread-1] INFO  server.RaftServerConfigKeys (ConfUtils.java:logGet(43)) - raft.server.log.preallocated.size = 16384 (custom)
2019-09-19 08:58:25,561 [pool-93-thread-1] INFO  server.RaftServerConfigKeys (ConfUtils.java:logGet(43)) - raft.server.log.write.buffer.size = 33554432 (custom)
2019-09-19 08:58:25,561 [pool-93-thread-1] INFO  server.RaftServerConfigKeys (ConfUtils.java:logGet(43)) - raft.server.log.force.sync.num = 128 (default)
2019-09-19 08:58:25,561 [pool-93-thread-1] INFO  server.RaftServerConfigKeys (ConfUtils.java:logGet(43)) - raft.server.log.statemachine.data.sync = true (default)
2019-09-19 08:58:25,561 [pool-93-thread-1] INFO  server.RaftServerConfigKeys (ConfUtils.java:logGet(43)) - raft.server.log.statemachine.data.sync.timeout = 10s (default)
2019-09-19 08:58:25,561 [pool-93-thread-1] INFO  server.RaftServerConfigKeys (ConfUtils.java:logGet(43)) - raft.server.log.statemachine.data.sync.timeout.retry = -1 (default)
2019-09-19 08:58:25,562 [pool-93-thread-1] INFO  server.RaftServerConfigKeys (ConfUtils.java:logGet(43)) - raft.server.log.statemachine.data.caching.enabled = true (custom)
2019-09-19 08:58:25,562 [pool-93-thread-1] INFO  segmented.SegmentedRaftLogWorker (SegmentedRaftLogWorker.java:lambda$new$0(132)) - 275daa4b-3482-4b8e-b64e-92089e0536ae-SegmentedRaftLogWorker:Storage Directory /workdir/hadoop-ozone/integration-test/target/test-dir/MiniOzoneClusterImpl-072ceacc-f14a-494c-b049-5b6ad59b8d93/datanode-6/data/ratis/582e9f58-defa-415a-86ab-0ae116658a13: flushIndex: setUnconditionally 0 -> -1
2019-09-19 08:58:25,562 [pool-93-thread-1] INFO  server.RaftServerConfigKeys (ConfUtils.java:logGet(43)) - raft.server.snapshot.auto.trigger.enabled = true (custom)
2019-09-19 08:58:25,562 [pool-93-thread-1] INFO  server.RaftServerConfigKeys (ConfUtils.java:logGet(43)) - raft.server.snapshot.auto.trigger.threshold = 10000 (custom)
2019-09-19 08:58:25,563 [pool-93-thread-1] INFO  server.RaftServerConfigKeys (ConfUtils.java:logGet(43)) - raft.server.retrycache.expirytime = 600000ms (custom)
2019-09-19 08:58:25,563 [pool-93-thread-1] INFO  impl.RaftServerImpl (RaftServerImpl.java:start(180)) - 275daa4b-3482-4b8e-b64e-92089e0536ae: start group-0AE116658A13
2019-09-19 08:58:25,563 [pool-93-thread-1] INFO  impl.RaftServerImpl (RaftServerImpl.java:setRole(171)) - 275daa4b-3482-4b8e-b64e-92089e0536ae:group-0AE116658A13 changes role from null to FOLLOWER at term 0 for startAsFollower
2019-09-19 08:58:25,563 [pool-93-thread-1] INFO  impl.RoleInfo (RoleInfo.java:updateAndGet(143)) - 275daa4b-3482-4b8e-b64e-92089e0536ae: start FollowerState
2019-09-19 08:58:25,563 [pool-93-thread-1] INFO  util.JmxRegister (JmxRegister.java:tryRegister(44)) - Successfully registered JMX Bean with object name Ratis:service=RaftServer,group=group-0AE116658A13,id=275daa4b-3482-4b8e-b64e-92089e0536ae
2019-09-19 08:58:25,568 [RatisPipelineUtilsThread] INFO  pipeline.PipelineStateManager (PipelineStateManager.java:addPipeline(56)) - Created pipeline Pipeline[ Id: 582e9f58-defa-415a-86ab-0ae116658a13, Nodes: 275daa4b-3482-4b8e-b64e-92089e0536ae{ip: 192.168.34.5, host: pr-hdds-1569-j4bt4-3030777008, networkLocation: /default-rack, certSerialId: null}, Type:RATIS, Factor:ONE, State:OPEN]
2019-09-19 08:58:25,570 [RatisPipelineUtilsThread] ERROR pipeline.PipelinePlacementPolicy (PipelinePlacementPolicy.java:meetCriteria(91)) - Pipeline Placement: Doesn't meet the criteria to be viable node. Heaviness: 6
2019-09-19 08:58:25,570 [RatisPipelineUtilsThread] ERROR pipeline.PipelinePlacementPolicy (PipelinePlacementPolicy.java:meetCriteria(91)) - Pipeline Placement: Doesn't meet the criteria to be viable node. Heaviness: 6
2019-09-19 08:58:25,571 [RatisPipelineUtilsThread] ERROR pipeline.PipelinePlacementPolicy (PipelinePlacementPolicy.java:meetCriteria(91)) - Pipeline Placement: Doesn't meet the criteria to be viable node. Heaviness: 6
2019-09-19 08:58:25,579 [grpc-default-executor-1] INFO  impl.RaftServerProxy (RaftServerProxy.java:addNew(89)) - cd77464f-7686-4dc7-8332-533cdc56da6b: addNew group-ACB13F38AE9E:[cd77464f-7686-4dc7-8332-533cdc56da6b:192.168.34.5:41324] returns group-ACB13F38AE9E:java.util.concurrent.CompletableFuture@311b6cb1[Not completed]
2019-09-19 08:58:25,580 [pool-82-thread-1] INFO  impl.RaftServerImpl (RaftServerImpl.java:<init>(93)) - cd77464f-7686-4dc7-8332-533cdc56da6b: new RaftServerImpl for group-ACB13F38AE9E:[cd77464f-7686-4dc7-8332-533cdc56da6b:192.168.34.5:41324] with ContainerStateMachine:uninitialized
2019-09-19 08:58:25,580 [pool-82-thread-1] INFO  server.RaftServerConfigKeys (ConfUtils.java:logGet(43)) - raft.server.rpc.timeout.min = 1s (custom)
2019-09-19 08:58:25,580 [pool-82-thread-1] INFO  server.RaftServerConfigKeys (ConfUtils.java:logGet(43)) - raft.server.rpc.timeout.max = 1200ms (custom)
2019-09-19 08:58:25,580 [pool-82-thread-1] INFO  server.RaftServerConfigKeys (ConfUtils.java:logGet(43)) - raft.server.rpcslowness.timeout = 120s (custom)
2019-09-19 08:58:25,580 [pool-82-thread-1] INFO  server.RaftServerConfigKeys (ConfUtils.java:logGet(43)) - raft.server.sleep.deviation.threshold = 300 (default)
2019-09-19 08:58:25,580 [pool-82-thread-1] INFO  server.RaftServerConfigKeys (ConfUtils.java:logGet(43)) - raft.server.log.appender.install.snapshot.enabled = false (custom)
2019-09-19 08:58:25,580 [pool-82-thread-1] INFO  impl.RaftServerImpl (ServerState.java:<init>(105)) - cd77464f-7686-4dc7-8332-533cdc56da6b:group-ACB13F38AE9E ConfigurationManager, init=-1: [cd77464f-7686-4dc7-8332-533cdc56da6b:192.168.34.5:41324], old=null, confs=<EMPTY_MAP>
2019-09-19 08:58:25,581 [pool-82-thread-1] INFO  server.RaftServerConfigKeys (ConfUtils.java:logGet(43)) - raft.server.storage.dir = [/workdir/hadoop-ozone/integration-test/target/test-dir/MiniOzoneClusterImpl-072ceacc-f14a-494c-b049-5b6ad59b8d93/datanode-5/data/ratis] (custom)
2019-09-19 08:58:25,581 [pool-82-thread-1] INFO  storage.RaftStorageDirectory (RaftStorageDirectory.java:analyzeStorage(246)) - The storage directory /workdir/hadoop-ozone/integration-test/target/test-dir/MiniOzoneClusterImpl-072ceacc-f14a-494c-b049-5b6ad59b8d93/datanode-5/data/ratis/0b7fc058-aa8a-44e9-9a58-acb13f38ae9e does not exist. Creating ...
2019-09-19 08:58:25,593 [pool-82-thread-1] INFO  storage.RaftStorageDirectory (RaftStorageDirectory.java:tryLock(328)) - Lock on /workdir/hadoop-ozone/integration-test/target/test-dir/MiniOzoneClusterImpl-072ceacc-f14a-494c-b049-5b6ad59b8d93/datanode-5/data/ratis/0b7fc058-aa8a-44e9-9a58-acb13f38ae9e/in_use.lock acquired by nodename 8013@pr-hdds-1569-j4bt4-3030777008
2019-09-19 08:58:25,607 [pool-82-thread-1] INFO  storage.RaftStorage (RaftStorage.java:format(72)) - Storage directory /workdir/hadoop-ozone/integration-test/target/test-dir/MiniOzoneClusterImpl-072ceacc-f14a-494c-b049-5b6ad59b8d93/datanode-5/data/ratis/0b7fc058-aa8a-44e9-9a58-acb13f38ae9e has been successfully formatted.
2019-09-19 08:58:25,607 [pool-82-thread-1] INFO  ratis.ContainerStateMachine (ContainerStateMachine.java:loadSnapshot(226)) - group-ACB13F38AE9E: The snapshot info is null. Setting the last applied indexto:(t:0, i:~)
2019-09-19 08:58:25,607 [pool-82-thread-1] INFO  server.RaftServerConfigKeys (ConfUtils.java:logGet(43)) - raft.server.leader.election.timeout = 120s (custom)
2019-09-19 08:58:25,607 [pool-82-thread-1] INFO  server.RaftServerConfigKeys (ConfUtils.java:logGet(43)) - raft.server.log.use.memory = false (default)
2019-09-19 08:58:25,607 [pool-82-thread-1] INFO  server.RaftServerConfigKeys (ConfUtils.java:logGet(43)) - raft.server.log.purge.gap = 1000000 (custom)
2019-09-19 08:58:25,607 [pool-82-thread-1] INFO  server.RaftServerConfigKeys (ConfUtils.java:logGet(43)) - raft.server.log.appender.buffer.byte-limit = 33554432 (custom)
2019-09-19 08:58:25,608 [pool-82-thread-1] INFO  server.RaftServerConfigKeys (ConfUtils.java:logGet(43)) - raft.server.log.segment.size.max = 1048576 (custom)
2019-09-19 08:58:25,608 [pool-82-thread-1] INFO  server.RaftServerConfigKeys (ConfUtils.java:logGet(43)) - raft.server.log.segment.cache.num.max = 2 (custom)
2019-09-19 08:58:25,608 [pool-82-thread-1] INFO  segmented.SegmentedRaftLogWorker (SegmentedRaftLogWorker.java:<init>(172)) - new cd77464f-7686-4dc7-8332-533cdc56da6b-SegmentedRaftLogWorker:Storage Directory /workdir/hadoop-ozone/integration-test/target/test-dir/MiniOzoneClusterImpl-072ceacc-f14a-494c-b049-5b6ad59b8d93/datanode-5/data/ratis/0b7fc058-aa8a-44e9-9a58-acb13f38ae9e for RaftStorage:Storage Directory /workdir/hadoop-ozone/integration-test/target/test-dir/MiniOzoneClusterImpl-072ceacc-f14a-494c-b049-5b6ad59b8d93/datanode-5/data/ratis/0b7fc058-aa8a-44e9-9a58-acb13f38ae9e
2019-09-19 08:58:25,608 [pool-82-thread-1] INFO  server.RaftServerConfigKeys (ConfUtils.java:logGet(43)) - raft.server.log.queue.byte-limit = 2147483647 (custom)
2019-09-19 08:58:25,608 [pool-82-thread-1] INFO  server.RaftServerConfigKeys (ConfUtils.java:logGet(43)) - raft.server.log.queue.element-limit = 1024 (custom)
2019-09-19 08:58:25,608 [pool-82-thread-1] INFO  server.RaftServerConfigKeys (ConfUtils.java:logGet(43)) - raft.server.log.segment.size.max = 1048576 (custom)
2019-09-19 08:58:25,608 [pool-82-thread-1] INFO  server.RaftServerConfigKeys (ConfUtils.java:logGet(43)) - raft.server.log.preallocated.size = 16384 (custom)
2019-09-19 08:58:25,609 [pool-82-thread-1] INFO  server.RaftServerConfigKeys (ConfUtils.java:logGet(43)) - raft.server.log.write.buffer.size = 33554432 (custom)
2019-09-19 08:58:25,609 [pool-82-thread-1] INFO  server.RaftServerConfigKeys (ConfUtils.java:logGet(43)) - raft.server.log.force.sync.num = 128 (default)
2019-09-19 08:58:25,609 [pool-82-thread-1] INFO  server.RaftServerConfigKeys (ConfUtils.java:logGet(43)) - raft.server.log.statemachine.data.sync = true (default)
2019-09-19 08:58:25,609 [pool-82-thread-1] INFO  server.RaftServerConfigKeys (ConfUtils.java:logGet(43)) - raft.server.log.statemachine.data.sync.timeout = 10s (default)
2019-09-19 08:58:25,609 [pool-82-thread-1] INFO  server.RaftServerConfigKeys (ConfUtils.java:logGet(43)) - raft.server.log.statemachine.data.sync.timeout.retry = -1 (default)
2019-09-19 08:58:25,609 [pool-82-thread-1] INFO  server.RaftServerConfigKeys (ConfUtils.java:logGet(43)) - raft.server.log.statemachine.data.caching.enabled = true (custom)
2019-09-19 08:58:25,610 [pool-82-thread-1] INFO  segmented.SegmentedRaftLogWorker (SegmentedRaftLogWorker.java:lambda$new$0(132)) - cd77464f-7686-4dc7-8332-533cdc56da6b-SegmentedRaftLogWorker:Storage Directory /workdir/hadoop-ozone/integration-test/target/test-dir/MiniOzoneClusterImpl-072ceacc-f14a-494c-b049-5b6ad59b8d93/datanode-5/data/ratis/0b7fc058-aa8a-44e9-9a58-acb13f38ae9e: flushIndex: setUnconditionally 0 -> -1
2019-09-19 08:58:25,610 [pool-82-thread-1] INFO  server.RaftServerConfigKeys (ConfUtils.java:logGet(43)) - raft.server.snapshot.auto.trigger.enabled = true (custom)
2019-09-19 08:58:25,610 [pool-82-thread-1] INFO  server.RaftServerConfigKeys (ConfUtils.java:logGet(43)) - raft.server.snapshot.auto.trigger.threshold = 10000 (custom)
2019-09-19 08:58:25,610 [pool-82-thread-1] INFO  server.RaftServerConfigKeys (ConfUtils.java:logGet(43)) - raft.server.retrycache.expirytime = 600000ms (custom)
2019-09-19 08:58:25,610 [pool-82-thread-1] INFO  impl.RaftServerImpl (RaftServerImpl.java:start(180)) - cd77464f-7686-4dc7-8332-533cdc56da6b: start group-ACB13F38AE9E
2019-09-19 08:58:25,610 [pool-82-thread-1] INFO  impl.RaftServerImpl (RaftServerImpl.java:setRole(171)) - cd77464f-7686-4dc7-8332-533cdc56da6b:group-ACB13F38AE9E changes role from null to FOLLOWER at term 0 for startAsFollower
2019-09-19 08:58:25,611 [pool-82-thread-1] INFO  impl.RoleInfo (RoleInfo.java:updateAndGet(143)) - cd77464f-7686-4dc7-8332-533cdc56da6b: start FollowerState
2019-09-19 08:58:25,614 [pool-82-thread-1] INFO  util.JmxRegister (JmxRegister.java:tryRegister(44)) - Successfully registered JMX Bean with object name Ratis:service=RaftServer,group=group-ACB13F38AE9E,id=cd77464f-7686-4dc7-8332-533cdc56da6b
2019-09-19 08:58:25,614 | INFO  | SCMAudit | user=jenkins1000 | ip=192.168.34.5 | op=SEND_HEARTBEAT {datanodeUUID=cd77464f-7686-4dc7-8332-533cdc56da6b, command=[]} | ret=SUCCESS |  
2019-09-19 08:58:25,618 [RatisPipelineUtilsThread] INFO  pipeline.PipelineStateManager (PipelineStateManager.java:addPipeline(56)) - Created pipeline Pipeline[ Id: 0b7fc058-aa8a-44e9-9a58-acb13f38ae9e, Nodes: cd77464f-7686-4dc7-8332-533cdc56da6b{ip: 192.168.34.5, host: pr-hdds-1569-j4bt4-3030777008, networkLocation: /default-rack, certSerialId: null}, Type:RATIS, Factor:ONE, State:OPEN]
2019-09-19 08:58:25,620 [RatisPipelineUtilsThread] ERROR pipeline.PipelinePlacementPolicy (PipelinePlacementPolicy.java:meetCriteria(91)) - Pipeline Placement: Doesn't meet the criteria to be viable node. Heaviness: 6
2019-09-19 08:58:25,620 [RatisPipelineUtilsThread] ERROR pipeline.PipelinePlacementPolicy (PipelinePlacementPolicy.java:meetCriteria(91)) - Pipeline Placement: Doesn't meet the criteria to be viable node. Heaviness: 6
2019-09-19 08:58:25,621 [RatisPipelineUtilsThread] ERROR pipeline.PipelinePlacementPolicy (PipelinePlacementPolicy.java:meetCriteria(91)) - Pipeline Placement: Doesn't meet the criteria to be viable node. Heaviness: 6
2019-09-19 08:58:25,630 [grpc-default-executor-1] INFO  impl.RaftServerProxy (RaftServerProxy.java:addNew(89)) - 5655ea38-4aa2-40a6-aaa3-4d444347e46a: addNew group-390487BF82D5:[5655ea38-4aa2-40a6-aaa3-4d444347e46a:192.168.34.5:39771] returns group-390487BF82D5:java.util.concurrent.CompletableFuture@31e72ef[Not completed]
2019-09-19 08:58:25,631 [pool-60-thread-1] INFO  impl.RaftServerImpl (RaftServerImpl.java:<init>(93)) - 5655ea38-4aa2-40a6-aaa3-4d444347e46a: new RaftServerImpl for group-390487BF82D5:[5655ea38-4aa2-40a6-aaa3-4d444347e46a:192.168.34.5:39771] with ContainerStateMachine:uninitialized
2019-09-19 08:58:25,631 [pool-60-thread-1] INFO  server.RaftServerConfigKeys (ConfUtils.java:logGet(43)) - raft.server.rpc.timeout.min = 1s (custom)
2019-09-19 08:58:25,631 [pool-60-thread-1] INFO  server.RaftServerConfigKeys (ConfUtils.java:logGet(43)) - raft.server.rpc.timeout.max = 1200ms (custom)
2019-09-19 08:58:25,632 [pool-60-thread-1] INFO  server.RaftServerConfigKeys (ConfUtils.java:logGet(43)) - raft.server.rpcslowness.timeout = 120s (custom)
2019-09-19 08:58:25,632 [pool-60-thread-1] INFO  server.RaftServerConfigKeys (ConfUtils.java:logGet(43)) - raft.server.sleep.deviation.threshold = 300 (default)
2019-09-19 08:58:25,632 [pool-60-thread-1] INFO  server.RaftServerConfigKeys (ConfUtils.java:logGet(43)) - raft.server.log.appender.install.snapshot.enabled = false (custom)
2019-09-19 08:58:25,632 [pool-60-thread-1] INFO  impl.RaftServerImpl (ServerState.java:<init>(105)) - 5655ea38-4aa2-40a6-aaa3-4d444347e46a:group-390487BF82D5 ConfigurationManager, init=-1: [5655ea38-4aa2-40a6-aaa3-4d444347e46a:192.168.34.5:39771], old=null, confs=<EMPTY_MAP>
2019-09-19 08:58:25,632 [pool-60-thread-1] INFO  server.RaftServerConfigKeys (ConfUtils.java:logGet(43)) - raft.server.storage.dir = [/workdir/hadoop-ozone/integration-test/target/test-dir/MiniOzoneClusterImpl-072ceacc-f14a-494c-b049-5b6ad59b8d93/datanode-3/data/ratis] (custom)
2019-09-19 08:58:25,633 [pool-60-thread-1] INFO  storage.RaftStorageDirectory (RaftStorageDirectory.java:analyzeStorage(246)) - The storage directory /workdir/hadoop-ozone/integration-test/target/test-dir/MiniOzoneClusterImpl-072ceacc-f14a-494c-b049-5b6ad59b8d93/datanode-3/data/ratis/8a3fa4d1-9b84-42f2-84aa-390487bf82d5 does not exist. Creating ...
2019-09-19 08:58:25,641 [Thread-320] INFO  impl.FollowerState (FollowerState.java:run(106)) - d611bba7-fcef-48db-9a8e-14e1bb825cd8:group-19DE7545EDE0 changes to CANDIDATE, lastRpcTime:1181, electionTimeout:1181ms
2019-09-19 08:58:25,642 [Thread-320] INFO  impl.RoleInfo (RoleInfo.java:shutdownFollowerState(121)) - d611bba7-fcef-48db-9a8e-14e1bb825cd8: shutdown FollowerState
2019-09-19 08:58:25,642 [Thread-320] INFO  impl.RaftServerImpl (RaftServerImpl.java:setRole(171)) - d611bba7-fcef-48db-9a8e-14e1bb825cd8:group-19DE7545EDE0 changes role from FOLLOWER to CANDIDATE at term 0 for changeToCandidate
2019-09-19 08:58:25,642 [Thread-320] INFO  impl.RoleInfo (RoleInfo.java:updateAndGet(143)) - d611bba7-fcef-48db-9a8e-14e1bb825cd8: start LeaderElection
2019-09-19 08:58:25,646 [pool-60-thread-1] INFO  storage.RaftStorageDirectory (RaftStorageDirectory.java:tryLock(328)) - Lock on /workdir/hadoop-ozone/integration-test/target/test-dir/MiniOzoneClusterImpl-072ceacc-f14a-494c-b049-5b6ad59b8d93/datanode-3/data/ratis/8a3fa4d1-9b84-42f2-84aa-390487bf82d5/in_use.lock acquired by nodename 8013@pr-hdds-1569-j4bt4-3030777008
2019-09-19 08:58:25,651 [Thread-324] INFO  impl.FollowerState (FollowerState.java:run(106)) - 59afcdb3-7cd7-47ef-abfa-eabf405042f7:group-E68AF788F5B1 changes to CANDIDATE, lastRpcTime:1127, electionTimeout:1127ms
2019-09-19 08:58:25,651 [Thread-324] INFO  impl.RoleInfo (RoleInfo.java:shutdownFollowerState(121)) - 59afcdb3-7cd7-47ef-abfa-eabf405042f7: shutdown FollowerState
2019-09-19 08:58:25,651 [Thread-324] INFO  impl.RaftServerImpl (RaftServerImpl.java:setRole(171)) - 59afcdb3-7cd7-47ef-abfa-eabf405042f7:group-E68AF788F5B1 changes role from FOLLOWER to CANDIDATE at term 0 for changeToCandidate
2019-09-19 08:58:25,651 [Thread-324] INFO  impl.RoleInfo (RoleInfo.java:updateAndGet(143)) - 59afcdb3-7cd7-47ef-abfa-eabf405042f7: start LeaderElection
2019-09-19 08:58:25,664 [pool-60-thread-1] INFO  storage.RaftStorage (RaftStorage.java:format(72)) - Storage directory /workdir/hadoop-ozone/integration-test/target/test-dir/MiniOzoneClusterImpl-072ceacc-f14a-494c-b049-5b6ad59b8d93/datanode-3/data/ratis/8a3fa4d1-9b84-42f2-84aa-390487bf82d5 has been successfully formatted.
2019-09-19 08:58:25,664 [59afcdb3-7cd7-47ef-abfa-eabf405042f7:group-E68AF788F5B1:LeaderElection14] INFO  impl.LeaderElection (LeaderElection.java:askForVotes(181)) - 59afcdb3-7cd7-47ef-abfa-eabf405042f7:group-E68AF788F5B1:LeaderElection14: begin an election at term 1 for -1: [59afcdb3-7cd7-47ef-abfa-eabf405042f7:192.168.34.5:36202], old=null
2019-09-19 08:58:25,664 [d611bba7-fcef-48db-9a8e-14e1bb825cd8:group-19DE7545EDE0:LeaderElection13] INFO  impl.LeaderElection (LeaderElection.java:askForVotes(181)) - d611bba7-fcef-48db-9a8e-14e1bb825cd8:group-19DE7545EDE0:LeaderElection13: begin an election at term 1 for -1: [d611bba7-fcef-48db-9a8e-14e1bb825cd8:192.168.34.5:34044], old=null
2019-09-19 08:58:25,664 [59afcdb3-7cd7-47ef-abfa-eabf405042f7:group-E68AF788F5B1:LeaderElection14] INFO  impl.RoleInfo (RoleInfo.java:shutdownLeaderElection(134)) - 59afcdb3-7cd7-47ef-abfa-eabf405042f7: shutdown LeaderElection
2019-09-19 08:58:25,664 [pool-60-thread-1] INFO  ratis.ContainerStateMachine (ContainerStateMachine.java:loadSnapshot(226)) - group-390487BF82D5: The snapshot info is null. Setting the last applied indexto:(t:0, i:~)
2019-09-19 08:58:25,664 [59afcdb3-7cd7-47ef-abfa-eabf405042f7:group-E68AF788F5B1:LeaderElection14] INFO  impl.RaftServerImpl (RaftServerImpl.java:setRole(171)) - 59afcdb3-7cd7-47ef-abfa-eabf405042f7:group-E68AF788F5B1 changes role from CANDIDATE to LEADER at term 1 for changeToLeader
2019-09-19 08:58:25,664 [d611bba7-fcef-48db-9a8e-14e1bb825cd8:group-19DE7545EDE0:LeaderElection13] INFO  impl.RoleInfo (RoleInfo.java:shutdownLeaderElection(134)) - d611bba7-fcef-48db-9a8e-14e1bb825cd8: shutdown LeaderElection
2019-09-19 08:58:25,664 [59afcdb3-7cd7-47ef-abfa-eabf405042f7:group-E68AF788F5B1:LeaderElection14] INFO  impl.RaftServerImpl (ServerState.java:setLeader(263)) - 59afcdb3-7cd7-47ef-abfa-eabf405042f7:group-E68AF788F5B1 change Leader from null to 59afcdb3-7cd7-47ef-abfa-eabf405042f7 at term 1 for becomeLeader, leader elected after 1145ms
2019-09-19 08:58:25,664 [pool-60-thread-1] INFO  server.RaftServerConfigKeys (ConfUtils.java:logGet(43)) - raft.server.leader.election.timeout = 120s (custom)
2019-09-19 08:58:25,665 [59afcdb3-7cd7-47ef-abfa-eabf405042f7:group-E68AF788F5B1:LeaderElection14] INFO  server.RaftServerConfigKeys (ConfUtils.java:logGet(43)) - raft.server.staging.catchup.gap = 1000 (default)
2019-09-19 08:58:25,665 [d611bba7-fcef-48db-9a8e-14e1bb825cd8:group-19DE7545EDE0:LeaderElection13] INFO  impl.RaftServerImpl (RaftServerImpl.java:setRole(171)) - d611bba7-fcef-48db-9a8e-14e1bb825cd8:group-19DE7545EDE0 changes role from CANDIDATE to LEADER at term 1 for changeToLeader
2019-09-19 08:58:25,665 [59afcdb3-7cd7-47ef-abfa-eabf405042f7:group-E68AF788F5B1:LeaderElection14] INFO  server.RaftServerConfigKeys (ConfUtils.java:logGet(43)) - raft.server.rpc.sleep.time = 25ms (default)
2019-09-19 08:58:25,665 [pool-60-thread-1] INFO  server.RaftServerConfigKeys (ConfUtils.java:logGet(43)) - raft.server.log.use.memory = false (default)
2019-09-19 08:58:25,665 [d611bba7-fcef-48db-9a8e-14e1bb825cd8:group-19DE7545EDE0:LeaderElection13] INFO  impl.RaftServerImpl (ServerState.java:setLeader(263)) - d611bba7-fcef-48db-9a8e-14e1bb825cd8:group-19DE7545EDE0 change Leader from null to d611bba7-fcef-48db-9a8e-14e1bb825cd8 at term 1 for becomeLeader, leader elected after 1207ms
2019-09-19 08:58:25,665 [pool-60-thread-1] INFO  server.RaftServerConfigKeys (ConfUtils.java:logGet(43)) - raft.server.log.purge.gap = 1000000 (custom)
2019-09-19 08:58:25,665 [d611bba7-fcef-48db-9a8e-14e1bb825cd8:group-19DE7545EDE0:LeaderElection13] INFO  server.RaftServerConfigKeys (ConfUtils.java:logGet(43)) - raft.server.staging.catchup.gap = 1000 (default)
2019-09-19 08:58:25,665 [59afcdb3-7cd7-47ef-abfa-eabf405042f7:group-E68AF788F5B1:LeaderElection14] INFO  server.RaftServerConfigKeys (ConfUtils.java:logGet(43)) - raft.server.write.element-limit = 4096 (default)
2019-09-19 08:58:25,665 [d611bba7-fcef-48db-9a8e-14e1bb825cd8:group-19DE7545EDE0:LeaderElection13] INFO  server.RaftServerConfigKeys (ConfUtils.java:logGet(43)) - raft.server.rpc.sleep.time = 25ms (default)
2019-09-19 08:58:25,665 [pool-60-thread-1] INFO  server.RaftServerConfigKeys (ConfUtils.java:logGet(43)) - raft.server.log.appender.buffer.byte-limit = 33554432 (custom)
2019-09-19 08:58:25,666 [d611bba7-fcef-48db-9a8e-14e1bb825cd8:group-19DE7545EDE0:LeaderElection13] INFO  server.RaftServerConfigKeys (ConfUtils.java:logGet(43)) - raft.server.write.element-limit = 4096 (default)
2019-09-19 08:58:25,666 [59afcdb3-7cd7-47ef-abfa-eabf405042f7:group-E68AF788F5B1:LeaderElection14] INFO  server.RaftServerConfigKeys (ConfUtils.java:logGet(43)) - raft.server.watch.timeout = 10s (default)
2019-09-19 08:58:25,666 [d611bba7-fcef-48db-9a8e-14e1bb825cd8:group-19DE7545EDE0:LeaderElection13] INFO  server.RaftServerConfigKeys (ConfUtils.java:logGet(43)) - raft.server.watch.timeout = 10s (default)
2019-09-19 08:58:25,666 [pool-60-thread-1] INFO  server.RaftServerConfigKeys (ConfUtils.java:logGet(43)) - raft.server.log.segment.size.max = 1048576 (custom)
2019-09-19 08:58:25,666 [d611bba7-fcef-48db-9a8e-14e1bb825cd8:group-19DE7545EDE0:LeaderElection13] INFO  server.RaftServerConfigKeys (ConfUtils.java:logGet(43)) - raft.server.watch.timeout.denomination = 1s (default)
2019-09-19 08:58:25,666 [59afcdb3-7cd7-47ef-abfa-eabf405042f7:group-E68AF788F5B1:LeaderElection14] INFO  server.RaftServerConfigKeys (ConfUtils.java:logGet(43)) - raft.server.watch.timeout.denomination = 1s (default)
2019-09-19 08:58:25,666 [d611bba7-fcef-48db-9a8e-14e1bb825cd8:group-19DE7545EDE0:LeaderElection13] INFO  server.RaftServerConfigKeys (ConfUtils.java:logGet(43)) - raft.server.watch.element-limit = 65536 (default)
2019-09-19 08:58:25,666 [pool-60-thread-1] INFO  server.RaftServerConfigKeys (ConfUtils.java:logGet(43)) - raft.server.log.segment.cache.num.max = 2 (custom)
2019-09-19 08:58:25,666 [59afcdb3-7cd7-47ef-abfa-eabf405042f7:group-E68AF788F5B1:LeaderElection14] INFO  server.RaftServerConfigKeys (ConfUtils.java:logGet(43)) - raft.server.watch.element-limit = 65536 (default)
2019-09-19 08:58:25,667 [pool-60-thread-1] INFO  segmented.SegmentedRaftLogWorker (SegmentedRaftLogWorker.java:<init>(172)) - new 5655ea38-4aa2-40a6-aaa3-4d444347e46a-SegmentedRaftLogWorker:Storage Directory /workdir/hadoop-ozone/integration-test/target/test-dir/MiniOzoneClusterImpl-072ceacc-f14a-494c-b049-5b6ad59b8d93/datanode-3/data/ratis/8a3fa4d1-9b84-42f2-84aa-390487bf82d5 for RaftStorage:Storage Directory /workdir/hadoop-ozone/integration-test/target/test-dir/MiniOzoneClusterImpl-072ceacc-f14a-494c-b049-5b6ad59b8d93/datanode-3/data/ratis/8a3fa4d1-9b84-42f2-84aa-390487bf82d5
2019-09-19 08:58:25,667 [d611bba7-fcef-48db-9a8e-14e1bb825cd8:group-19DE7545EDE0:LeaderElection13] INFO  impl.RoleInfo (RoleInfo.java:updateAndGet(143)) - d611bba7-fcef-48db-9a8e-14e1bb825cd8: start LeaderState
2019-09-19 08:58:25,667 [pool-60-thread-1] INFO  server.RaftServerConfigKeys (ConfUtils.java:logGet(43)) - raft.server.log.queue.byte-limit = 2147483647 (custom)
2019-09-19 08:58:25,667 [59afcdb3-7cd7-47ef-abfa-eabf405042f7:group-E68AF788F5B1:LeaderElection14] INFO  impl.RoleInfo (RoleInfo.java:updateAndGet(143)) - 59afcdb3-7cd7-47ef-abfa-eabf405042f7: start LeaderState
2019-09-19 08:58:25,678 [pool-60-thread-1] INFO  server.RaftServerConfigKeys (ConfUtils.java:logGet(43)) - raft.server.log.queue.element-limit = 1024 (custom)
2019-09-19 08:58:25,678 [d611bba7-fcef-48db-9a8e-14e1bb825cd8:group-19DE7545EDE0:LeaderElection13] INFO  segmented.SegmentedRaftLogWorker (SegmentedRaftLogWorker.java:startLogSegment(380)) - d611bba7-fcef-48db-9a8e-14e1bb825cd8-SegmentedRaftLogWorker:Storage Directory /workdir/hadoop-ozone/integration-test/target/test-dir/MiniOzoneClusterImpl-072ceacc-f14a-494c-b049-5b6ad59b8d93/datanode-2/data/ratis/cfa816f4-3db8-4d9b-9ca9-19de7545ede0: Starting segment from index:0
2019-09-19 08:58:25,678 [pool-60-thread-1] INFO  server.RaftServerConfigKeys (ConfUtils.java:logGet(43)) - raft.server.log.segment.size.max = 1048576 (custom)
2019-09-19 08:58:25,678 [59afcdb3-7cd7-47ef-abfa-eabf405042f7:group-E68AF788F5B1:LeaderElection14] INFO  segmented.SegmentedRaftLogWorker (SegmentedRaftLogWorker.java:startLogSegment(380)) - 59afcdb3-7cd7-47ef-abfa-eabf405042f7-SegmentedRaftLogWorker:Storage Directory /workdir/hadoop-ozone/integration-test/target/test-dir/MiniOzoneClusterImpl-072ceacc-f14a-494c-b049-5b6ad59b8d93/datanode-4/data/ratis/d5a4a6ea-1f11-4e73-9c33-e68af788f5b1: Starting segment from index:0
2019-09-19 08:58:25,679 [pool-60-thread-1] INFO  server.RaftServerConfigKeys (ConfUtils.java:logGet(43)) - raft.server.log.preallocated.size = 16384 (custom)
2019-09-19 08:58:25,679 [d611bba7-fcef-48db-9a8e-14e1bb825cd8:group-19DE7545EDE0:LeaderElection13] INFO  impl.RaftServerImpl (ServerState.java:setRaftConf(361)) - d611bba7-fcef-48db-9a8e-14e1bb825cd8:group-19DE7545EDE0 set configuration 0: [d611bba7-fcef-48db-9a8e-14e1bb825cd8:192.168.34.5:34044], old=null at 0
2019-09-19 08:58:25,679 [pool-60-thread-1] INFO  server.RaftServerConfigKeys (ConfUtils.java:logGet(43)) - raft.server.log.write.buffer.size = 33554432 (custom)
2019-09-19 08:58:25,679 [59afcdb3-7cd7-47ef-abfa-eabf405042f7:group-E68AF788F5B1:LeaderElection14] INFO  impl.RaftServerImpl (ServerState.java:setRaftConf(361)) - 59afcdb3-7cd7-47ef-abfa-eabf405042f7:group-E68AF788F5B1 set configuration 0: [59afcdb3-7cd7-47ef-abfa-eabf405042f7:192.168.34.5:36202], old=null at 0
2019-09-19 08:58:25,705 [pool-60-thread-1] INFO  server.RaftServerConfigKeys (ConfUtils.java:logGet(43)) - raft.server.log.force.sync.num = 128 (default)
2019-09-19 08:58:25,730 [Thread-330] INFO  impl.FollowerState (FollowerState.java:run(106)) - 8a96a672-7e2f-4b1c-ac1e-ddd5d18a6d5d:group-BAC6AA20B23B changes to CANDIDATE, lastRpcTime:1097, electionTimeout:1080ms
2019-09-19 08:58:25,730 [d611bba7-fcef-48db-9a8e-14e1bb825cd8-SegmentedRaftLogWorker:Storage Directory /workdir/hadoop-ozone/integration-test/target/test-dir/MiniOzoneClusterImpl-072ceacc-f14a-494c-b049-5b6ad59b8d93/datanode-2/data/ratis/cfa816f4-3db8-4d9b-9ca9-19de7545ede0] INFO  segmented.SegmentedRaftLogWorker (SegmentedRaftLogWorker.java:execute(569)) - d611bba7-fcef-48db-9a8e-14e1bb825cd8-SegmentedRaftLogWorker:Storage Directory /workdir/hadoop-ozone/integration-test/target/test-dir/MiniOzoneClusterImpl-072ceacc-f14a-494c-b049-5b6ad59b8d93/datanode-2/data/ratis/cfa816f4-3db8-4d9b-9ca9-19de7545ede0: created new log segment /workdir/hadoop-ozone/integration-test/target/test-dir/MiniOzoneClusterImpl-072ceacc-f14a-494c-b049-5b6ad59b8d93/datanode-2/data/ratis/cfa816f4-3db8-4d9b-9ca9-19de7545ede0/current/log_inprogress_0
2019-09-19 08:58:25,730 [Thread-330] INFO  impl.RoleInfo (RoleInfo.java:shutdownFollowerState(121)) - 8a96a672-7e2f-4b1c-ac1e-ddd5d18a6d5d: shutdown FollowerState
2019-09-19 08:58:25,730 [pool-60-thread-1] INFO  server.RaftServerConfigKeys (ConfUtils.java:logGet(43)) - raft.server.log.statemachine.data.sync = true (default)
2019-09-19 08:58:25,731 [Thread-330] INFO  impl.RaftServerImpl (RaftServerImpl.java:setRole(171)) - 8a96a672-7e2f-4b1c-ac1e-ddd5d18a6d5d:group-BAC6AA20B23B changes role from FOLLOWER to CANDIDATE at term 0 for changeToCandidate
2019-09-19 08:58:25,731 [pool-60-thread-1] INFO  server.RaftServerConfigKeys (ConfUtils.java:logGet(43)) - raft.server.log.statemachine.data.sync.timeout = 10s (default)
2019-09-19 08:58:25,731 [Thread-330] INFO  impl.RoleInfo (RoleInfo.java:updateAndGet(143)) - 8a96a672-7e2f-4b1c-ac1e-ddd5d18a6d5d: start LeaderElection
2019-09-19 08:58:25,731 [pool-60-thread-1] INFO  server.RaftServerConfigKeys (ConfUtils.java:logGet(43)) - raft.server.log.statemachine.data.sync.timeout.retry = -1 (default)
2019-09-19 08:58:25,731 [pool-60-thread-1] INFO  server.RaftServerConfigKeys (ConfUtils.java:logGet(43)) - raft.server.log.statemachine.data.caching.enabled = true (custom)
2019-09-19 08:58:25,743 [59afcdb3-7cd7-47ef-abfa-eabf405042f7-SegmentedRaftLogWorker:Storage Directory /workdir/hadoop-ozone/integration-test/target/test-dir/MiniOzoneClusterImpl-072ceacc-f14a-494c-b049-5b6ad59b8d93/datanode-4/data/ratis/d5a4a6ea-1f11-4e73-9c33-e68af788f5b1] INFO  segmented.SegmentedRaftLogWorker (SegmentedRaftLogWorker.java:execute(569)) - 59afcdb3-7cd7-47ef-abfa-eabf405042f7-SegmentedRaftLogWorker:Storage Directory /workdir/hadoop-ozone/integration-test/target/test-dir/MiniOzoneClusterImpl-072ceacc-f14a-494c-b049-5b6ad59b8d93/datanode-4/data/ratis/d5a4a6ea-1f11-4e73-9c33-e68af788f5b1: created new log segment /workdir/hadoop-ozone/integration-test/target/test-dir/MiniOzoneClusterImpl-072ceacc-f14a-494c-b049-5b6ad59b8d93/datanode-4/data/ratis/d5a4a6ea-1f11-4e73-9c33-e68af788f5b1/current/log_inprogress_0
2019-09-19 08:58:25,743 [pool-60-thread-1] INFO  segmented.SegmentedRaftLogWorker (SegmentedRaftLogWorker.java:lambda$new$0(132)) - 5655ea38-4aa2-40a6-aaa3-4d444347e46a-SegmentedRaftLogWorker:Storage Directory /workdir/hadoop-ozone/integration-test/target/test-dir/MiniOzoneClusterImpl-072ceacc-f14a-494c-b049-5b6ad59b8d93/datanode-3/data/ratis/8a3fa4d1-9b84-42f2-84aa-390487bf82d5: flushIndex: setUnconditionally 0 -> -1
2019-09-19 08:58:25,744 [pool-60-thread-1] INFO  server.RaftServerConfigKeys (ConfUtils.java:logGet(43)) - raft.server.snapshot.auto.trigger.enabled = true (custom)
2019-09-19 08:58:25,744 [pool-60-thread-1] INFO  server.RaftServerConfigKeys (ConfUtils.java:logGet(43)) - raft.server.snapshot.auto.trigger.threshold = 10000 (custom)
2019-09-19 08:58:25,744 [pool-60-thread-1] INFO  server.RaftServerConfigKeys (ConfUtils.java:logGet(43)) - raft.server.retrycache.expirytime = 600000ms (custom)
2019-09-19 08:58:25,744 [pool-60-thread-1] INFO  impl.RaftServerImpl (RaftServerImpl.java:start(180)) - 5655ea38-4aa2-40a6-aaa3-4d444347e46a: start group-390487BF82D5
2019-09-19 08:58:25,744 [pool-60-thread-1] INFO  impl.RaftServerImpl (RaftServerImpl.java:setRole(171)) - 5655ea38-4aa2-40a6-aaa3-4d444347e46a:group-390487BF82D5 changes role from null to FOLLOWER at term 0 for startAsFollower
2019-09-19 08:58:25,744 [pool-60-thread-1] INFO  impl.RoleInfo (RoleInfo.java:updateAndGet(143)) - 5655ea38-4aa2-40a6-aaa3-4d444347e46a: start FollowerState
2019-09-19 08:58:25,745 [pool-60-thread-1] INFO  util.JmxRegister (JmxRegister.java:tryRegister(44)) - Successfully registered JMX Bean with object name Ratis:service=RaftServer,group=group-390487BF82D5,id=5655ea38-4aa2-40a6-aaa3-4d444347e46a
2019-09-19 08:58:25,754 [RatisPipelineUtilsThread] INFO  pipeline.PipelineStateManager (PipelineStateManager.java:addPipeline(56)) - Created pipeline Pipeline[ Id: 8a3fa4d1-9b84-42f2-84aa-390487bf82d5, Nodes: 5655ea38-4aa2-40a6-aaa3-4d444347e46a{ip: 192.168.34.5, host: pr-hdds-1569-j4bt4-3030777008, networkLocation: /default-rack, certSerialId: null}, Type:RATIS, Factor:ONE, State:OPEN]
2019-09-19 08:58:25,754 [RatisPipelineUtilsThread] ERROR pipeline.PipelinePlacementPolicy (PipelinePlacementPolicy.java:meetCriteria(91)) - Pipeline Placement: Doesn't meet the criteria to be viable node. Heaviness: 6
2019-09-19 08:58:25,754 [RatisPipelineUtilsThread] ERROR pipeline.PipelinePlacementPolicy (PipelinePlacementPolicy.java:meetCriteria(91)) - Pipeline Placement: Doesn't meet the criteria to be viable node. Heaviness: 6
2019-09-19 08:58:25,755 [RatisPipelineUtilsThread] ERROR pipeline.PipelinePlacementPolicy (PipelinePlacementPolicy.java:meetCriteria(91)) - Pipeline Placement: Doesn't meet the criteria to be viable node. Heaviness: 6
2019-09-19 08:58:25,757 [8a96a672-7e2f-4b1c-ac1e-ddd5d18a6d5d:group-BAC6AA20B23B:LeaderElection15] INFO  impl.LeaderElection (LeaderElection.java:askForVotes(181)) - 8a96a672-7e2f-4b1c-ac1e-ddd5d18a6d5d:group-BAC6AA20B23B:LeaderElection15: begin an election at term 1 for -1: [8a96a672-7e2f-4b1c-ac1e-ddd5d18a6d5d:192.168.34.5:45218], old=null
2019-09-19 08:58:25,760 [Thread-327] INFO  impl.FollowerState (FollowerState.java:run(106)) - 356a349a-c9c9-49f9-a5b1-196804736fbc:group-D9C7C25B65E0 changes to CANDIDATE, lastRpcTime:1174, electionTimeout:1170ms
2019-09-19 08:58:25,760 [8a96a672-7e2f-4b1c-ac1e-ddd5d18a6d5d:group-BAC6AA20B23B:LeaderElection15] INFO  impl.RoleInfo (RoleInfo.java:shutdownLeaderElection(134)) - 8a96a672-7e2f-4b1c-ac1e-ddd5d18a6d5d: shutdown LeaderElection
2019-09-19 08:58:25,760 [Thread-327] INFO  impl.RoleInfo (RoleInfo.java:shutdownFollowerState(121)) - 356a349a-c9c9-49f9-a5b1-196804736fbc: shutdown FollowerState
2019-09-19 08:58:25,761 [8a96a672-7e2f-4b1c-ac1e-ddd5d18a6d5d:group-BAC6AA20B23B:LeaderElection15] INFO  impl.RaftServerImpl (RaftServerImpl.java:setRole(171)) - 8a96a672-7e2f-4b1c-ac1e-ddd5d18a6d5d:group-BAC6AA20B23B changes role from CANDIDATE to LEADER at term 1 for changeToLeader
2019-09-19 08:58:25,761 [Thread-327] INFO  impl.RaftServerImpl (RaftServerImpl.java:setRole(171)) - 356a349a-c9c9-49f9-a5b1-196804736fbc:group-D9C7C25B65E0 changes role from FOLLOWER to CANDIDATE at term 0 for changeToCandidate
2019-09-19 08:58:25,761 [8a96a672-7e2f-4b1c-ac1e-ddd5d18a6d5d:group-BAC6AA20B23B:LeaderElection15] INFO  impl.RaftServerImpl (ServerState.java:setLeader(263)) - 8a96a672-7e2f-4b1c-ac1e-ddd5d18a6d5d:group-BAC6AA20B23B change Leader from null to 8a96a672-7e2f-4b1c-ac1e-ddd5d18a6d5d at term 1 for becomeLeader, leader elected after 1131ms
2019-09-19 08:58:25,761 [Thread-327] INFO  impl.RoleInfo (RoleInfo.java:updateAndGet(143)) - 356a349a-c9c9-49f9-a5b1-196804736fbc: start LeaderElection
2019-09-19 08:58:25,761 [8a96a672-7e2f-4b1c-ac1e-ddd5d18a6d5d:group-BAC6AA20B23B:LeaderElection15] INFO  server.RaftServerConfigKeys (ConfUtils.java:logGet(43)) - raft.server.staging.catchup.gap = 1000 (default)
2019-09-19 08:58:25,767 [8a96a672-7e2f-4b1c-ac1e-ddd5d18a6d5d:group-BAC6AA20B23B:LeaderElection15] INFO  server.RaftServerConfigKeys (ConfUtils.java:logGet(43)) - raft.server.rpc.sleep.time = 25ms (default)
2019-09-19 08:58:25,768 [8a96a672-7e2f-4b1c-ac1e-ddd5d18a6d5d:group-BAC6AA20B23B:LeaderElection15] INFO  server.RaftServerConfigKeys (ConfUtils.java:logGet(43)) - raft.server.write.element-limit = 4096 (default)
2019-09-19 08:58:25,768 [8a96a672-7e2f-4b1c-ac1e-ddd5d18a6d5d:group-BAC6AA20B23B:LeaderElection15] INFO  server.RaftServerConfigKeys (ConfUtils.java:logGet(43)) - raft.server.watch.timeout = 10s (default)
2019-09-19 08:58:25,768 [8a96a672-7e2f-4b1c-ac1e-ddd5d18a6d5d:group-BAC6AA20B23B:LeaderElection15] INFO  server.RaftServerConfigKeys (ConfUtils.java:logGet(43)) - raft.server.watch.timeout.denomination = 1s (default)
2019-09-19 08:58:25,769 [8a96a672-7e2f-4b1c-ac1e-ddd5d18a6d5d:group-BAC6AA20B23B:LeaderElection15] INFO  server.RaftServerConfigKeys (ConfUtils.java:logGet(43)) - raft.server.watch.element-limit = 65536 (default)
2019-09-19 08:58:25,769 [8a96a672-7e2f-4b1c-ac1e-ddd5d18a6d5d:group-BAC6AA20B23B:LeaderElection15] INFO  impl.RoleInfo (RoleInfo.java:updateAndGet(143)) - 8a96a672-7e2f-4b1c-ac1e-ddd5d18a6d5d: start LeaderState
2019-09-19 08:58:25,770 [8a96a672-7e2f-4b1c-ac1e-ddd5d18a6d5d:group-BAC6AA20B23B:LeaderElection15] INFO  segmented.SegmentedRaftLogWorker (SegmentedRaftLogWorker.java:startLogSegment(380)) - 8a96a672-7e2f-4b1c-ac1e-ddd5d18a6d5d-SegmentedRaftLogWorker:Storage Directory /workdir/hadoop-ozone/integration-test/target/test-dir/MiniOzoneClusterImpl-072ceacc-f14a-494c-b049-5b6ad59b8d93/datanode-0/data/ratis/d7bac842-c4d3-4ae1-bcab-bac6aa20b23b: Starting segment from index:0
2019-09-19 08:58:25,772 [8a96a672-7e2f-4b1c-ac1e-ddd5d18a6d5d:group-BAC6AA20B23B:LeaderElection15] INFO  impl.RaftServerImpl (ServerState.java:setRaftConf(361)) - 8a96a672-7e2f-4b1c-ac1e-ddd5d18a6d5d:group-BAC6AA20B23B set configuration 0: [8a96a672-7e2f-4b1c-ac1e-ddd5d18a6d5d:192.168.34.5:45218], old=null at 0
2019-09-19 08:58:25,806 [grpc-default-executor-1] INFO  impl.RaftServerProxy (RaftServerProxy.java:addNew(89)) - cd77464f-7686-4dc7-8332-533cdc56da6b: addNew group-8C7CD60EBC9D:[cd77464f-7686-4dc7-8332-533cdc56da6b:192.168.34.5:41324] returns group-8C7CD60EBC9D:java.util.concurrent.CompletableFuture@37322253[Not completed]
2019-09-19 08:58:25,806 [356a349a-c9c9-49f9-a5b1-196804736fbc:group-D9C7C25B65E0:LeaderElection16] INFO  impl.LeaderElection (LeaderElection.java:askForVotes(181)) - 356a349a-c9c9-49f9-a5b1-196804736fbc:group-D9C7C25B65E0:LeaderElection16: begin an election at term 1 for -1: [356a349a-c9c9-49f9-a5b1-196804736fbc:192.168.34.5:46709], old=null
2019-09-19 08:58:25,806 [356a349a-c9c9-49f9-a5b1-196804736fbc:group-D9C7C25B65E0:LeaderElection16] INFO  impl.RoleInfo (RoleInfo.java:shutdownLeaderElection(134)) - 356a349a-c9c9-49f9-a5b1-196804736fbc: shutdown LeaderElection
2019-09-19 08:58:25,806 [356a349a-c9c9-49f9-a5b1-196804736fbc:group-D9C7C25B65E0:LeaderElection16] INFO  impl.RaftServerImpl (RaftServerImpl.java:setRole(171)) - 356a349a-c9c9-49f9-a5b1-196804736fbc:group-D9C7C25B65E0 changes role from CANDIDATE to LEADER at term 1 for changeToLeader
2019-09-19 08:58:25,806 [356a349a-c9c9-49f9-a5b1-196804736fbc:group-D9C7C25B65E0:LeaderElection16] INFO  impl.RaftServerImpl (ServerState.java:setLeader(263)) - 356a349a-c9c9-49f9-a5b1-196804736fbc:group-D9C7C25B65E0 change Leader from null to 356a349a-c9c9-49f9-a5b1-196804736fbc at term 1 for becomeLeader, leader elected after 1223ms
2019-09-19 08:58:25,806 [356a349a-c9c9-49f9-a5b1-196804736fbc:group-D9C7C25B65E0:LeaderElection16] INFO  server.RaftServerConfigKeys (ConfUtils.java:logGet(43)) - raft.server.staging.catchup.gap = 1000 (default)
2019-09-19 08:58:25,807 [356a349a-c9c9-49f9-a5b1-196804736fbc:group-D9C7C25B65E0:LeaderElection16] INFO  server.RaftServerConfigKeys (ConfUtils.java:logGet(43)) - raft.server.rpc.sleep.time = 25ms (default)
2019-09-19 08:58:25,807 [356a349a-c9c9-49f9-a5b1-196804736fbc:group-D9C7C25B65E0:LeaderElection16] INFO  server.RaftServerConfigKeys (ConfUtils.java:logGet(43)) - raft.server.write.element-limit = 4096 (default)
2019-09-19 08:58:25,807 [356a349a-c9c9-49f9-a5b1-196804736fbc:group-D9C7C25B65E0:LeaderElection16] INFO  server.RaftServerConfigKeys (ConfUtils.java:logGet(43)) - raft.server.watch.timeout = 10s (default)
2019-09-19 08:58:25,807 [356a349a-c9c9-49f9-a5b1-196804736fbc:group-D9C7C25B65E0:LeaderElection16] INFO  server.RaftServerConfigKeys (ConfUtils.java:logGet(43)) - raft.server.watch.timeout.denomination = 1s (default)
2019-09-19 08:58:25,807 [356a349a-c9c9-49f9-a5b1-196804736fbc:group-D9C7C25B65E0:LeaderElection16] INFO  server.RaftServerConfigKeys (ConfUtils.java:logGet(43)) - raft.server.watch.element-limit = 65536 (default)
2019-09-19 08:58:25,807 [pool-82-thread-1] INFO  impl.RaftServerImpl (RaftServerImpl.java:<init>(93)) - cd77464f-7686-4dc7-8332-533cdc56da6b: new RaftServerImpl for group-8C7CD60EBC9D:[cd77464f-7686-4dc7-8332-533cdc56da6b:192.168.34.5:41324] with ContainerStateMachine:uninitialized
2019-09-19 08:58:25,807 [356a349a-c9c9-49f9-a5b1-196804736fbc:group-D9C7C25B65E0:LeaderElection16] INFO  impl.RoleInfo (RoleInfo.java:updateAndGet(143)) - 356a349a-c9c9-49f9-a5b1-196804736fbc: start LeaderState
2019-09-19 08:58:25,807 [pool-82-thread-1] INFO  server.RaftServerConfigKeys (ConfUtils.java:logGet(43)) - raft.server.rpc.timeout.min = 1s (custom)
2019-09-19 08:58:25,807 [pool-82-thread-1] INFO  server.RaftServerConfigKeys (ConfUtils.java:logGet(43)) - raft.server.rpc.timeout.max = 1200ms (custom)
2019-09-19 08:58:25,807 [356a349a-c9c9-49f9-a5b1-196804736fbc:group-D9C7C25B65E0:LeaderElection16] INFO  segmented.SegmentedRaftLogWorker (SegmentedRaftLogWorker.java:startLogSegment(380)) - 356a349a-c9c9-49f9-a5b1-196804736fbc-SegmentedRaftLogWorker:Storage Directory /workdir/hadoop-ozone/integration-test/target/test-dir/MiniOzoneClusterImpl-072ceacc-f14a-494c-b049-5b6ad59b8d93/datanode-1/data/ratis/25c1e56e-2f01-4650-8aad-d9c7c25b65e0: Starting segment from index:0
2019-09-19 08:58:25,807 [pool-82-thread-1] INFO  server.RaftServerConfigKeys (ConfUtils.java:logGet(43)) - raft.server.rpcslowness.timeout = 120s (custom)
2019-09-19 08:58:25,808 [pool-82-thread-1] INFO  server.RaftServerConfigKeys (ConfUtils.java:logGet(43)) - raft.server.sleep.deviation.threshold = 300 (default)
2019-09-19 08:58:25,808 [pool-82-thread-1] INFO  server.RaftServerConfigKeys (ConfUtils.java:logGet(43)) - raft.server.log.appender.install.snapshot.enabled = false (custom)
2019-09-19 08:58:25,808 [356a349a-c9c9-49f9-a5b1-196804736fbc:group-D9C7C25B65E0:LeaderElection16] INFO  impl.RaftServerImpl (ServerState.java:setRaftConf(361)) - 356a349a-c9c9-49f9-a5b1-196804736fbc:group-D9C7C25B65E0 set configuration 0: [356a349a-c9c9-49f9-a5b1-196804736fbc:192.168.34.5:46709], old=null at 0
2019-09-19 08:58:25,808 [pool-82-thread-1] INFO  impl.RaftServerImpl (ServerState.java:<init>(105)) - cd77464f-7686-4dc7-8332-533cdc56da6b:group-8C7CD60EBC9D ConfigurationManager, init=-1: [cd77464f-7686-4dc7-8332-533cdc56da6b:192.168.34.5:41324], old=null, confs=<EMPTY_MAP>
2019-09-19 08:58:25,830 [Thread-335] INFO  impl.FollowerState (FollowerState.java:run(106)) - d611bba7-fcef-48db-9a8e-14e1bb825cd8:group-BB69C773B221 changes to CANDIDATE, lastRpcTime:1129, electionTimeout:1126ms
2019-09-19 08:58:25,830 [8a96a672-7e2f-4b1c-ac1e-ddd5d18a6d5d-SegmentedRaftLogWorker:Storage Directory /workdir/hadoop-ozone/integration-test/target/test-dir/MiniOzoneClusterImpl-072ceacc-f14a-494c-b049-5b6ad59b8d93/datanode-0/data/ratis/d7bac842-c4d3-4ae1-bcab-bac6aa20b23b] INFO  segmented.SegmentedRaftLogWorker (SegmentedRaftLogWorker.java:execute(569)) - 8a96a672-7e2f-4b1c-ac1e-ddd5d18a6d5d-SegmentedRaftLogWorker:Storage Directory /workdir/hadoop-ozone/integration-test/target/test-dir/MiniOzoneClusterImpl-072ceacc-f14a-494c-b049-5b6ad59b8d93/datanode-0/data/ratis/d7bac842-c4d3-4ae1-bcab-bac6aa20b23b: created new log segment /workdir/hadoop-ozone/integration-test/target/test-dir/MiniOzoneClusterImpl-072ceacc-f14a-494c-b049-5b6ad59b8d93/datanode-0/data/ratis/d7bac842-c4d3-4ae1-bcab-bac6aa20b23b/current/log_inprogress_0
2019-09-19 08:58:25,831 [pool-82-thread-1] INFO  server.RaftServerConfigKeys (ConfUtils.java:logGet(43)) - raft.server.storage.dir = [/workdir/hadoop-ozone/integration-test/target/test-dir/MiniOzoneClusterImpl-072ceacc-f14a-494c-b049-5b6ad59b8d93/datanode-5/data/ratis] (custom)
2019-09-19 08:58:25,831 [Thread-335] INFO  impl.RoleInfo (RoleInfo.java:shutdownFollowerState(121)) - d611bba7-fcef-48db-9a8e-14e1bb825cd8: shutdown FollowerState
2019-09-19 08:58:25,833 [Thread-335] INFO  impl.RaftServerImpl (RaftServerImpl.java:setRole(171)) - d611bba7-fcef-48db-9a8e-14e1bb825cd8:group-BB69C773B221 changes role from FOLLOWER to CANDIDATE at term 0 for changeToCandidate
2019-09-19 08:58:25,833 [pool-82-thread-1] INFO  storage.RaftStorageDirectory (RaftStorageDirectory.java:analyzeStorage(246)) - The storage directory /workdir/hadoop-ozone/integration-test/target/test-dir/MiniOzoneClusterImpl-072ceacc-f14a-494c-b049-5b6ad59b8d93/datanode-5/data/ratis/86695623-84f9-43a6-8401-8c7cd60ebc9d does not exist. Creating ...
2019-09-19 08:58:25,833 [Thread-335] INFO  impl.RoleInfo (RoleInfo.java:updateAndGet(143)) - d611bba7-fcef-48db-9a8e-14e1bb825cd8: start LeaderElection
2019-09-19 08:58:25,836 | INFO  | SCMAudit | user=jenkins1000 | ip=192.168.34.5 | op=SEND_HEARTBEAT {datanodeUUID=275daa4b-3482-4b8e-b64e-92089e0536ae, command=[]} | ret=SUCCESS |  
2019-09-19 08:58:25,843 [pool-82-thread-1] INFO  storage.RaftStorageDirectory (RaftStorageDirectory.java:tryLock(328)) - Lock on /workdir/hadoop-ozone/integration-test/target/test-dir/MiniOzoneClusterImpl-072ceacc-f14a-494c-b049-5b6ad59b8d93/datanode-5/data/ratis/86695623-84f9-43a6-8401-8c7cd60ebc9d/in_use.lock acquired by nodename 8013@pr-hdds-1569-j4bt4-3030777008
2019-09-19 08:58:25,843 [356a349a-c9c9-49f9-a5b1-196804736fbc-SegmentedRaftLogWorker:Storage Directory /workdir/hadoop-ozone/integration-test/target/test-dir/MiniOzoneClusterImpl-072ceacc-f14a-494c-b049-5b6ad59b8d93/datanode-1/data/ratis/25c1e56e-2f01-4650-8aad-d9c7c25b65e0] INFO  segmented.SegmentedRaftLogWorker (SegmentedRaftLogWorker.java:execute(569)) - 356a349a-c9c9-49f9-a5b1-196804736fbc-SegmentedRaftLogWorker:Storage Directory /workdir/hadoop-ozone/integration-test/target/test-dir/MiniOzoneClusterImpl-072ceacc-f14a-494c-b049-5b6ad59b8d93/datanode-1/data/ratis/25c1e56e-2f01-4650-8aad-d9c7c25b65e0: created new log segment /workdir/hadoop-ozone/integration-test/target/test-dir/MiniOzoneClusterImpl-072ceacc-f14a-494c-b049-5b6ad59b8d93/datanode-1/data/ratis/25c1e56e-2f01-4650-8aad-d9c7c25b65e0/current/log_inprogress_0
2019-09-19 08:58:25,844 [d611bba7-fcef-48db-9a8e-14e1bb825cd8:group-BB69C773B221:LeaderElection17] INFO  impl.LeaderElection (LeaderElection.java:askForVotes(181)) - d611bba7-fcef-48db-9a8e-14e1bb825cd8:group-BB69C773B221:LeaderElection17: begin an election at term 1 for -1: [d611bba7-fcef-48db-9a8e-14e1bb825cd8:192.168.34.5:34044], old=null
2019-09-19 08:58:25,844 [d611bba7-fcef-48db-9a8e-14e1bb825cd8:group-BB69C773B221:LeaderElection17] INFO  impl.RoleInfo (RoleInfo.java:shutdownLeaderElection(134)) - d611bba7-fcef-48db-9a8e-14e1bb825cd8: shutdown LeaderElection
2019-09-19 08:58:25,844 [d611bba7-fcef-48db-9a8e-14e1bb825cd8:group-BB69C773B221:LeaderElection17] INFO  impl.RaftServerImpl (RaftServerImpl.java:setRole(171)) - d611bba7-fcef-48db-9a8e-14e1bb825cd8:group-BB69C773B221 changes role from CANDIDATE to LEADER at term 1 for changeToLeader
2019-09-19 08:58:25,844 [d611bba7-fcef-48db-9a8e-14e1bb825cd8:group-BB69C773B221:LeaderElection17] INFO  impl.RaftServerImpl (ServerState.java:setLeader(263)) - d611bba7-fcef-48db-9a8e-14e1bb825cd8:group-BB69C773B221 change Leader from null to d611bba7-fcef-48db-9a8e-14e1bb825cd8 at term 1 for becomeLeader, leader elected after 1160ms
2019-09-19 08:58:25,844 [d611bba7-fcef-48db-9a8e-14e1bb825cd8:group-BB69C773B221:LeaderElection17] INFO  server.RaftServerConfigKeys (ConfUtils.java:logGet(43)) - raft.server.staging.catchup.gap = 1000 (default)
2019-09-19 08:58:25,844 [d611bba7-fcef-48db-9a8e-14e1bb825cd8:group-BB69C773B221:LeaderElection17] INFO  server.RaftServerConfigKeys (ConfUtils.java:logGet(43)) - raft.server.rpc.sleep.time = 25ms (default)
2019-09-19 08:58:25,844 [d611bba7-fcef-48db-9a8e-14e1bb825cd8:group-BB69C773B221:LeaderElection17] INFO  server.RaftServerConfigKeys (ConfUtils.java:logGet(43)) - raft.server.write.element-limit = 4096 (default)
2019-09-19 08:58:25,844 [d611bba7-fcef-48db-9a8e-14e1bb825cd8:group-BB69C773B221:LeaderElection17] INFO  server.RaftServerConfigKeys (ConfUtils.java:logGet(43)) - raft.server.watch.timeout = 10s (default)
2019-09-19 08:58:25,844 [d611bba7-fcef-48db-9a8e-14e1bb825cd8:group-BB69C773B221:LeaderElection17] INFO  server.RaftServerConfigKeys (ConfUtils.java:logGet(43)) - raft.server.watch.timeout.denomination = 1s (default)
2019-09-19 08:58:25,845 [d611bba7-fcef-48db-9a8e-14e1bb825cd8:group-BB69C773B221:LeaderElection17] INFO  server.RaftServerConfigKeys (ConfUtils.java:logGet(43)) - raft.server.watch.element-limit = 65536 (default)
2019-09-19 08:58:25,845 [d611bba7-fcef-48db-9a8e-14e1bb825cd8:group-BB69C773B221:LeaderElection17] INFO  impl.RoleInfo (RoleInfo.java:updateAndGet(143)) - d611bba7-fcef-48db-9a8e-14e1bb825cd8: start LeaderState
2019-09-19 08:58:25,845 [d611bba7-fcef-48db-9a8e-14e1bb825cd8:group-BB69C773B221:LeaderElection17] INFO  segmented.SegmentedRaftLogWorker (SegmentedRaftLogWorker.java:startLogSegment(380)) - d611bba7-fcef-48db-9a8e-14e1bb825cd8-SegmentedRaftLogWorker:Storage Directory /workdir/hadoop-ozone/integration-test/target/test-dir/MiniOzoneClusterImpl-072ceacc-f14a-494c-b049-5b6ad59b8d93/datanode-2/data/ratis/9104f3dd-035a-4c7e-bf7c-bb69c773b221: Starting segment from index:0
2019-09-19 08:58:25,845 [d611bba7-fcef-48db-9a8e-14e1bb825cd8:group-BB69C773B221:LeaderElection17] INFO  impl.RaftServerImpl (ServerState.java:setRaftConf(361)) - d611bba7-fcef-48db-9a8e-14e1bb825cd8:group-BB69C773B221 set configuration 0: [d611bba7-fcef-48db-9a8e-14e1bb825cd8:192.168.34.5:34044], old=null at 0
2019-09-19 08:58:25,870 [pool-82-thread-1] INFO  storage.RaftStorage (RaftStorage.java:format(72)) - Storage directory /workdir/hadoop-ozone/integration-test/target/test-dir/MiniOzoneClusterImpl-072ceacc-f14a-494c-b049-5b6ad59b8d93/datanode-5/data/ratis/86695623-84f9-43a6-8401-8c7cd60ebc9d has been successfully formatted.
2019-09-19 08:58:25,870 [pool-82-thread-1] INFO  ratis.ContainerStateMachine (ContainerStateMachine.java:loadSnapshot(226)) - group-8C7CD60EBC9D: The snapshot info is null. Setting the last applied indexto:(t:0, i:~)
2019-09-19 08:58:25,870 [pool-82-thread-1] INFO  server.RaftServerConfigKeys (ConfUtils.java:logGet(43)) - raft.server.leader.election.timeout = 120s (custom)
2019-09-19 08:58:25,870 [pool-82-thread-1] INFO  server.RaftServerConfigKeys (ConfUtils.java:logGet(43)) - raft.server.log.use.memory = false (default)
2019-09-19 08:58:25,871 [pool-82-thread-1] INFO  server.RaftServerConfigKeys (ConfUtils.java:logGet(43)) - raft.server.log.purge.gap = 1000000 (custom)
2019-09-19 08:58:25,871 [pool-82-thread-1] INFO  server.RaftServerConfigKeys (ConfUtils.java:logGet(43)) - raft.server.log.appender.buffer.byte-limit = 33554432 (custom)
2019-09-19 08:58:25,871 [pool-82-thread-1] INFO  server.RaftServerConfigKeys (ConfUtils.java:logGet(43)) - raft.server.log.segment.size.max = 1048576 (custom)
2019-09-19 08:58:25,871 [pool-82-thread-1] INFO  server.RaftServerConfigKeys (ConfUtils.java:logGet(43)) - raft.server.log.segment.cache.num.max = 2 (custom)
2019-09-19 08:58:25,871 [pool-82-thread-1] INFO  segmented.SegmentedRaftLogWorker (SegmentedRaftLogWorker.java:<init>(172)) - new cd77464f-7686-4dc7-8332-533cdc56da6b-SegmentedRaftLogWorker:Storage Directory /workdir/hadoop-ozone/integration-test/target/test-dir/MiniOzoneClusterImpl-072ceacc-f14a-494c-b049-5b6ad59b8d93/datanode-5/data/ratis/86695623-84f9-43a6-8401-8c7cd60ebc9d for RaftStorage:Storage Directory /workdir/hadoop-ozone/integration-test/target/test-dir/MiniOzoneClusterImpl-072ceacc-f14a-494c-b049-5b6ad59b8d93/datanode-5/data/ratis/86695623-84f9-43a6-8401-8c7cd60ebc9d
2019-09-19 08:58:25,871 [pool-82-thread-1] INFO  server.RaftServerConfigKeys (ConfUtils.java:logGet(43)) - raft.server.log.queue.byte-limit = 2147483647 (custom)
2019-09-19 08:58:25,871 [pool-82-thread-1] INFO  server.RaftServerConfigKeys (ConfUtils.java:logGet(43)) - raft.server.log.queue.element-limit = 1024 (custom)
2019-09-19 08:58:25,871 [pool-82-thread-1] INFO  server.RaftServerConfigKeys (ConfUtils.java:logGet(43)) - raft.server.log.segment.size.max = 1048576 (custom)
2019-09-19 08:58:25,871 [pool-82-thread-1] INFO  server.RaftServerConfigKeys (ConfUtils.java:logGet(43)) - raft.server.log.preallocated.size = 16384 (custom)
2019-09-19 08:58:25,872 [pool-82-thread-1] INFO  server.RaftServerConfigKeys (ConfUtils.java:logGet(43)) - raft.server.log.write.buffer.size = 33554432 (custom)
2019-09-19 08:58:25,872 [pool-82-thread-1] INFO  server.RaftServerConfigKeys (ConfUtils.java:logGet(43)) - raft.server.log.force.sync.num = 128 (default)
2019-09-19 08:58:25,872 [pool-82-thread-1] INFO  server.RaftServerConfigKeys (ConfUtils.java:logGet(43)) - raft.server.log.statemachine.data.sync = true (default)
2019-09-19 08:58:25,872 [pool-82-thread-1] INFO  server.RaftServerConfigKeys (ConfUtils.java:logGet(43)) - raft.server.log.statemachine.data.sync.timeout = 10s (default)
2019-09-19 08:58:25,872 [pool-82-thread-1] INFO  server.RaftServerConfigKeys (ConfUtils.java:logGet(43)) - raft.server.log.statemachine.data.sync.timeout.retry = -1 (default)
2019-09-19 08:58:25,872 [pool-82-thread-1] INFO  server.RaftServerConfigKeys (ConfUtils.java:logGet(43)) - raft.server.log.statemachine.data.caching.enabled = true (custom)
2019-09-19 08:58:25,872 [pool-82-thread-1] INFO  segmented.SegmentedRaftLogWorker (SegmentedRaftLogWorker.java:lambda$new$0(132)) - cd77464f-7686-4dc7-8332-533cdc56da6b-SegmentedRaftLogWorker:Storage Directory /workdir/hadoop-ozone/integration-test/target/test-dir/MiniOzoneClusterImpl-072ceacc-f14a-494c-b049-5b6ad59b8d93/datanode-5/data/ratis/86695623-84f9-43a6-8401-8c7cd60ebc9d: flushIndex: setUnconditionally 0 -> -1
2019-09-19 08:58:25,873 [pool-82-thread-1] INFO  server.RaftServerConfigKeys (ConfUtils.java:logGet(43)) - raft.server.snapshot.auto.trigger.enabled = true (custom)
2019-09-19 08:58:25,873 [pool-82-thread-1] INFO  server.RaftServerConfigKeys (ConfUtils.java:logGet(43)) - raft.server.snapshot.auto.trigger.threshold = 10000 (custom)
2019-09-19 08:58:25,873 [pool-82-thread-1] INFO  server.RaftServerConfigKeys (ConfUtils.java:logGet(43)) - raft.server.retrycache.expirytime = 600000ms (custom)
2019-09-19 08:58:25,873 [pool-82-thread-1] INFO  impl.RaftServerImpl (RaftServerImpl.java:start(180)) - cd77464f-7686-4dc7-8332-533cdc56da6b: start group-8C7CD60EBC9D
2019-09-19 08:58:25,873 [pool-82-thread-1] INFO  impl.RaftServerImpl (RaftServerImpl.java:setRole(171)) - cd77464f-7686-4dc7-8332-533cdc56da6b:group-8C7CD60EBC9D changes role from null to FOLLOWER at term 0 for startAsFollower
2019-09-19 08:58:25,873 [pool-82-thread-1] INFO  impl.RoleInfo (RoleInfo.java:updateAndGet(143)) - cd77464f-7686-4dc7-8332-533cdc56da6b: start FollowerState
2019-09-19 08:58:25,874 [pool-82-thread-1] INFO  util.JmxRegister (JmxRegister.java:tryRegister(44)) - Successfully registered JMX Bean with object name Ratis:service=RaftServer,group=group-8C7CD60EBC9D,id=cd77464f-7686-4dc7-8332-533cdc56da6b
2019-09-19 08:58:25,878 [RatisPipelineUtilsThread] INFO  pipeline.PipelineStateManager (PipelineStateManager.java:addPipeline(56)) - Created pipeline Pipeline[ Id: 86695623-84f9-43a6-8401-8c7cd60ebc9d, Nodes: cd77464f-7686-4dc7-8332-533cdc56da6b{ip: 192.168.34.5, host: pr-hdds-1569-j4bt4-3030777008, networkLocation: /default-rack, certSerialId: null}, Type:RATIS, Factor:ONE, State:OPEN]
2019-09-19 08:58:25,879 [RatisPipelineUtilsThread] ERROR pipeline.PipelinePlacementPolicy (PipelinePlacementPolicy.java:meetCriteria(91)) - Pipeline Placement: Doesn't meet the criteria to be viable node. Heaviness: 6
2019-09-19 08:58:25,879 [RatisPipelineUtilsThread] ERROR pipeline.PipelinePlacementPolicy (PipelinePlacementPolicy.java:meetCriteria(91)) - Pipeline Placement: Doesn't meet the criteria to be viable node. Heaviness: 6
2019-09-19 08:58:25,879 [RatisPipelineUtilsThread] ERROR pipeline.PipelinePlacementPolicy (PipelinePlacementPolicy.java:meetCriteria(91)) - Pipeline Placement: Doesn't meet the criteria to be viable node. Heaviness: 6
2019-09-19 08:58:25,882 [d611bba7-fcef-48db-9a8e-14e1bb825cd8-SegmentedRaftLogWorker:Storage Directory /workdir/hadoop-ozone/integration-test/target/test-dir/MiniOzoneClusterImpl-072ceacc-f14a-494c-b049-5b6ad59b8d93/datanode-2/data/ratis/9104f3dd-035a-4c7e-bf7c-bb69c773b221] INFO  segmented.SegmentedRaftLogWorker (SegmentedRaftLogWorker.java:execute(569)) - d611bba7-fcef-48db-9a8e-14e1bb825cd8-SegmentedRaftLogWorker:Storage Directory /workdir/hadoop-ozone/integration-test/target/test-dir/MiniOzoneClusterImpl-072ceacc-f14a-494c-b049-5b6ad59b8d93/datanode-2/data/ratis/9104f3dd-035a-4c7e-bf7c-bb69c773b221: created new log segment /workdir/hadoop-ozone/integration-test/target/test-dir/MiniOzoneClusterImpl-072ceacc-f14a-494c-b049-5b6ad59b8d93/datanode-2/data/ratis/9104f3dd-035a-4c7e-bf7c-bb69c773b221/current/log_inprogress_0
2019-09-19 08:58:25,888 [grpc-default-executor-1] INFO  impl.RaftServerProxy (RaftServerProxy.java:addNew(89)) - 8a96a672-7e2f-4b1c-ac1e-ddd5d18a6d5d: addNew group-5AF214744F2C:[8a96a672-7e2f-4b1c-ac1e-ddd5d18a6d5d:192.168.34.5:45218] returns group-5AF214744F2C:java.util.concurrent.CompletableFuture@70a5d5f3[Not completed]
2019-09-19 08:58:25,889 [pool-27-thread-1] INFO  impl.RaftServerImpl (RaftServerImpl.java:<init>(93)) - 8a96a672-7e2f-4b1c-ac1e-ddd5d18a6d5d: new RaftServerImpl for group-5AF214744F2C:[8a96a672-7e2f-4b1c-ac1e-ddd5d18a6d5d:192.168.34.5:45218] with ContainerStateMachine:uninitialized
2019-09-19 08:58:25,889 [pool-27-thread-1] INFO  server.RaftServerConfigKeys (ConfUtils.java:logGet(43)) - raft.server.rpc.timeout.min = 1s (custom)
2019-09-19 08:58:25,889 [pool-27-thread-1] INFO  server.RaftServerConfigKeys (ConfUtils.java:logGet(43)) - raft.server.rpc.timeout.max = 1200ms (custom)
2019-09-19 08:58:25,889 [pool-27-thread-1] INFO  server.RaftServerConfigKeys (ConfUtils.java:logGet(43)) - raft.server.rpcslowness.timeout = 120s (custom)
2019-09-19 08:58:25,889 [pool-27-thread-1] INFO  server.RaftServerConfigKeys (ConfUtils.java:logGet(43)) - raft.server.sleep.deviation.threshold = 300 (default)
2019-09-19 08:58:25,889 [pool-27-thread-1] INFO  server.RaftServerConfigKeys (ConfUtils.java:logGet(43)) - raft.server.log.appender.install.snapshot.enabled = false (custom)
2019-09-19 08:58:25,889 [pool-27-thread-1] INFO  impl.RaftServerImpl (ServerState.java:<init>(105)) - 8a96a672-7e2f-4b1c-ac1e-ddd5d18a6d5d:group-5AF214744F2C ConfigurationManager, init=-1: [8a96a672-7e2f-4b1c-ac1e-ddd5d18a6d5d:192.168.34.5:45218], old=null, confs=<EMPTY_MAP>
2019-09-19 08:58:25,889 [pool-27-thread-1] INFO  server.RaftServerConfigKeys (ConfUtils.java:logGet(43)) - raft.server.storage.dir = [/workdir/hadoop-ozone/integration-test/target/test-dir/MiniOzoneClusterImpl-072ceacc-f14a-494c-b049-5b6ad59b8d93/datanode-0/data/ratis] (custom)
2019-09-19 08:58:25,890 [pool-27-thread-1] INFO  storage.RaftStorageDirectory (RaftStorageDirectory.java:analyzeStorage(246)) - The storage directory /workdir/hadoop-ozone/integration-test/target/test-dir/MiniOzoneClusterImpl-072ceacc-f14a-494c-b049-5b6ad59b8d93/datanode-0/data/ratis/9e43a7a9-3f43-4c52-94ef-5af214744f2c does not exist. Creating ...
2019-09-19 08:58:25,903 [pool-27-thread-1] INFO  storage.RaftStorageDirectory (RaftStorageDirectory.java:tryLock(328)) - Lock on /workdir/hadoop-ozone/integration-test/target/test-dir/MiniOzoneClusterImpl-072ceacc-f14a-494c-b049-5b6ad59b8d93/datanode-0/data/ratis/9e43a7a9-3f43-4c52-94ef-5af214744f2c/in_use.lock acquired by nodename 8013@pr-hdds-1569-j4bt4-3030777008
2019-09-19 08:58:25,916 [pool-27-thread-1] INFO  storage.RaftStorage (RaftStorage.java:format(72)) - Storage directory /workdir/hadoop-ozone/integration-test/target/test-dir/MiniOzoneClusterImpl-072ceacc-f14a-494c-b049-5b6ad59b8d93/datanode-0/data/ratis/9e43a7a9-3f43-4c52-94ef-5af214744f2c has been successfully formatted.
2019-09-19 08:58:25,916 [pool-27-thread-1] INFO  ratis.ContainerStateMachine (ContainerStateMachine.java:loadSnapshot(226)) - group-5AF214744F2C: The snapshot info is null. Setting the last applied indexto:(t:0, i:~)
2019-09-19 08:58:25,916 [pool-27-thread-1] INFO  server.RaftServerConfigKeys (ConfUtils.java:logGet(43)) - raft.server.leader.election.timeout = 120s (custom)
2019-09-19 08:58:25,916 [pool-27-thread-1] INFO  server.RaftServerConfigKeys (ConfUtils.java:logGet(43)) - raft.server.log.use.memory = false (default)
2019-09-19 08:58:25,916 [pool-27-thread-1] INFO  server.RaftServerConfigKeys (ConfUtils.java:logGet(43)) - raft.server.log.purge.gap = 1000000 (custom)
2019-09-19 08:58:25,917 [pool-27-thread-1] INFO  server.RaftServerConfigKeys (ConfUtils.java:logGet(43)) - raft.server.log.appender.buffer.byte-limit = 33554432 (custom)
2019-09-19 08:58:25,917 [pool-27-thread-1] INFO  server.RaftServerConfigKeys (ConfUtils.java:logGet(43)) - raft.server.log.segment.size.max = 1048576 (custom)
2019-09-19 08:58:25,917 [pool-27-thread-1] INFO  server.RaftServerConfigKeys (ConfUtils.java:logGet(43)) - raft.server.log.segment.cache.num.max = 2 (custom)
2019-09-19 08:58:25,917 [pool-27-thread-1] INFO  segmented.SegmentedRaftLogWorker (SegmentedRaftLogWorker.java:<init>(172)) - new 8a96a672-7e2f-4b1c-ac1e-ddd5d18a6d5d-SegmentedRaftLogWorker:Storage Directory /workdir/hadoop-ozone/integration-test/target/test-dir/MiniOzoneClusterImpl-072ceacc-f14a-494c-b049-5b6ad59b8d93/datanode-0/data/ratis/9e43a7a9-3f43-4c52-94ef-5af214744f2c for RaftStorage:Storage Directory /workdir/hadoop-ozone/integration-test/target/test-dir/MiniOzoneClusterImpl-072ceacc-f14a-494c-b049-5b6ad59b8d93/datanode-0/data/ratis/9e43a7a9-3f43-4c52-94ef-5af214744f2c
2019-09-19 08:58:25,917 [pool-27-thread-1] INFO  server.RaftServerConfigKeys (ConfUtils.java:logGet(43)) - raft.server.log.queue.byte-limit = 2147483647 (custom)
2019-09-19 08:58:25,917 [pool-27-thread-1] INFO  server.RaftServerConfigKeys (ConfUtils.java:logGet(43)) - raft.server.log.queue.element-limit = 1024 (custom)
2019-09-19 08:58:25,918 [pool-27-thread-1] INFO  server.RaftServerConfigKeys (ConfUtils.java:logGet(43)) - raft.server.log.segment.size.max = 1048576 (custom)
2019-09-19 08:58:25,918 [pool-27-thread-1] INFO  server.RaftServerConfigKeys (ConfUtils.java:logGet(43)) - raft.server.log.preallocated.size = 16384 (custom)
2019-09-19 08:58:25,918 [pool-27-thread-1] INFO  server.RaftServerConfigKeys (ConfUtils.java:logGet(43)) - raft.server.log.write.buffer.size = 33554432 (custom)
2019-09-19 08:58:25,918 [pool-27-thread-1] INFO  server.RaftServerConfigKeys (ConfUtils.java:logGet(43)) - raft.server.log.force.sync.num = 128 (default)
2019-09-19 08:58:25,918 [pool-27-thread-1] INFO  server.RaftServerConfigKeys (ConfUtils.java:logGet(43)) - raft.server.log.statemachine.data.sync = true (default)
2019-09-19 08:58:25,919 [pool-27-thread-1] INFO  server.RaftServerConfigKeys (ConfUtils.java:logGet(43)) - raft.server.log.statemachine.data.sync.timeout = 10s (default)
2019-09-19 08:58:25,919 [pool-27-thread-1] INFO  server.RaftServerConfigKeys (ConfUtils.java:logGet(43)) - raft.server.log.statemachine.data.sync.timeout.retry = -1 (default)
2019-09-19 08:58:25,919 [pool-27-thread-1] INFO  server.RaftServerConfigKeys (ConfUtils.java:logGet(43)) - raft.server.log.statemachine.data.caching.enabled = true (custom)
2019-09-19 08:58:25,919 [pool-27-thread-1] INFO  segmented.SegmentedRaftLogWorker (SegmentedRaftLogWorker.java:lambda$new$0(132)) - 8a96a672-7e2f-4b1c-ac1e-ddd5d18a6d5d-SegmentedRaftLogWorker:Storage Directory /workdir/hadoop-ozone/integration-test/target/test-dir/MiniOzoneClusterImpl-072ceacc-f14a-494c-b049-5b6ad59b8d93/datanode-0/data/ratis/9e43a7a9-3f43-4c52-94ef-5af214744f2c: flushIndex: setUnconditionally 0 -> -1
2019-09-19 08:58:25,920 [pool-27-thread-1] INFO  server.RaftServerConfigKeys (ConfUtils.java:logGet(43)) - raft.server.snapshot.auto.trigger.enabled = true (custom)
2019-09-19 08:58:25,920 [pool-27-thread-1] INFO  server.RaftServerConfigKeys (ConfUtils.java:logGet(43)) - raft.server.snapshot.auto.trigger.threshold = 10000 (custom)
2019-09-19 08:58:25,920 [pool-27-thread-1] INFO  server.RaftServerConfigKeys (ConfUtils.java:logGet(43)) - raft.server.retrycache.expirytime = 600000ms (custom)
2019-09-19 08:58:25,920 [pool-27-thread-1] INFO  impl.RaftServerImpl (RaftServerImpl.java:start(180)) - 8a96a672-7e2f-4b1c-ac1e-ddd5d18a6d5d: start group-5AF214744F2C
2019-09-19 08:58:25,920 [pool-27-thread-1] INFO  impl.RaftServerImpl (RaftServerImpl.java:setRole(171)) - 8a96a672-7e2f-4b1c-ac1e-ddd5d18a6d5d:group-5AF214744F2C changes role from null to FOLLOWER at term 0 for startAsFollower
2019-09-19 08:58:25,921 [pool-27-thread-1] INFO  impl.RoleInfo (RoleInfo.java:updateAndGet(143)) - 8a96a672-7e2f-4b1c-ac1e-ddd5d18a6d5d: start FollowerState
2019-09-19 08:58:25,921 [pool-27-thread-1] INFO  util.JmxRegister (JmxRegister.java:tryRegister(44)) - Successfully registered JMX Bean with object name Ratis:service=RaftServer,group=group-5AF214744F2C,id=8a96a672-7e2f-4b1c-ac1e-ddd5d18a6d5d
2019-09-19 08:58:25,927 [RatisPipelineUtilsThread] INFO  pipeline.PipelineStateManager (PipelineStateManager.java:addPipeline(56)) - Created pipeline Pipeline[ Id: 9e43a7a9-3f43-4c52-94ef-5af214744f2c, Nodes: 8a96a672-7e2f-4b1c-ac1e-ddd5d18a6d5d{ip: 192.168.34.5, host: pr-hdds-1569-j4bt4-3030777008, networkLocation: /default-rack, certSerialId: null}, Type:RATIS, Factor:ONE, State:OPEN]
2019-09-19 08:58:25,927 [RatisPipelineUtilsThread] ERROR pipeline.PipelinePlacementPolicy (PipelinePlacementPolicy.java:meetCriteria(91)) - Pipeline Placement: Doesn't meet the criteria to be viable node. Heaviness: 6
2019-09-19 08:58:25,927 [RatisPipelineUtilsThread] ERROR pipeline.PipelinePlacementPolicy (PipelinePlacementPolicy.java:meetCriteria(91)) - Pipeline Placement: Doesn't meet the criteria to be viable node. Heaviness: 6
2019-09-19 08:58:25,927 [RatisPipelineUtilsThread] ERROR pipeline.PipelinePlacementPolicy (PipelinePlacementPolicy.java:meetCriteria(91)) - Pipeline Placement: Doesn't meet the criteria to be viable node. Heaviness: 6
2019-09-19 08:58:25,931 [Thread-339] INFO  impl.FollowerState (FollowerState.java:run(106)) - 275daa4b-3482-4b8e-b64e-92089e0536ae:group-3B57F23FDB09 changes to CANDIDATE, lastRpcTime:1175, electionTimeout:1174ms
2019-09-19 08:58:25,931 [Thread-339] INFO  impl.RoleInfo (RoleInfo.java:shutdownFollowerState(121)) - 275daa4b-3482-4b8e-b64e-92089e0536ae: shutdown FollowerState
2019-09-19 08:58:25,931 [Thread-339] INFO  impl.RaftServerImpl (RaftServerImpl.java:setRole(171)) - 275daa4b-3482-4b8e-b64e-92089e0536ae:group-3B57F23FDB09 changes role from FOLLOWER to CANDIDATE at term 0 for changeToCandidate
2019-09-19 08:58:25,931 [Thread-339] INFO  impl.RoleInfo (RoleInfo.java:updateAndGet(143)) - 275daa4b-3482-4b8e-b64e-92089e0536ae: start LeaderElection
2019-09-19 08:58:25,941 [grpc-default-executor-1] INFO  impl.RaftServerProxy (RaftServerProxy.java:addNew(89)) - 59afcdb3-7cd7-47ef-abfa-eabf405042f7: addNew group-1BEEAAADAE28:[59afcdb3-7cd7-47ef-abfa-eabf405042f7:192.168.34.5:36202] returns group-1BEEAAADAE28:java.util.concurrent.CompletableFuture@3e70da11[Not completed]
2019-09-19 08:58:25,942 [pool-71-thread-1] INFO  impl.RaftServerImpl (RaftServerImpl.java:<init>(93)) - 59afcdb3-7cd7-47ef-abfa-eabf405042f7: new RaftServerImpl for group-1BEEAAADAE28:[59afcdb3-7cd7-47ef-abfa-eabf405042f7:192.168.34.5:36202] with ContainerStateMachine:uninitialized
2019-09-19 08:58:25,943 [pool-71-thread-1] INFO  server.RaftServerConfigKeys (ConfUtils.java:logGet(43)) - raft.server.rpc.timeout.min = 1s (custom)
2019-09-19 08:58:25,943 [pool-71-thread-1] INFO  server.RaftServerConfigKeys (ConfUtils.java:logGet(43)) - raft.server.rpc.timeout.max = 1200ms (custom)
2019-09-19 08:58:25,943 [pool-71-thread-1] INFO  server.RaftServerConfigKeys (ConfUtils.java:logGet(43)) - raft.server.rpcslowness.timeout = 120s (custom)
2019-09-19 08:58:25,943 [pool-71-thread-1] INFO  server.RaftServerConfigKeys (ConfUtils.java:logGet(43)) - raft.server.sleep.deviation.threshold = 300 (default)
2019-09-19 08:58:25,943 [pool-71-thread-1] INFO  server.RaftServerConfigKeys (ConfUtils.java:logGet(43)) - raft.server.log.appender.install.snapshot.enabled = false (custom)
2019-09-19 08:58:25,943 [pool-71-thread-1] INFO  impl.RaftServerImpl (ServerState.java:<init>(105)) - 59afcdb3-7cd7-47ef-abfa-eabf405042f7:group-1BEEAAADAE28 ConfigurationManager, init=-1: [59afcdb3-7cd7-47ef-abfa-eabf405042f7:192.168.34.5:36202], old=null, confs=<EMPTY_MAP>
2019-09-19 08:58:25,943 [pool-71-thread-1] INFO  server.RaftServerConfigKeys (ConfUtils.java:logGet(43)) - raft.server.storage.dir = [/workdir/hadoop-ozone/integration-test/target/test-dir/MiniOzoneClusterImpl-072ceacc-f14a-494c-b049-5b6ad59b8d93/datanode-4/data/ratis] (custom)
2019-09-19 08:58:25,944 [pool-71-thread-1] INFO  storage.RaftStorageDirectory (RaftStorageDirectory.java:analyzeStorage(246)) - The storage directory /workdir/hadoop-ozone/integration-test/target/test-dir/MiniOzoneClusterImpl-072ceacc-f14a-494c-b049-5b6ad59b8d93/datanode-4/data/ratis/d39945fd-35f9-4de7-bde8-1beeaaadae28 does not exist. Creating ...
2019-09-19 08:58:25,952 [pool-71-thread-1] INFO  storage.RaftStorageDirectory (RaftStorageDirectory.java:tryLock(328)) - Lock on /workdir/hadoop-ozone/integration-test/target/test-dir/MiniOzoneClusterImpl-072ceacc-f14a-494c-b049-5b6ad59b8d93/datanode-4/data/ratis/d39945fd-35f9-4de7-bde8-1beeaaadae28/in_use.lock acquired by nodename 8013@pr-hdds-1569-j4bt4-3030777008
2019-09-19 08:58:25,952 [275daa4b-3482-4b8e-b64e-92089e0536ae:group-3B57F23FDB09:LeaderElection18] INFO  impl.LeaderElection (LeaderElection.java:askForVotes(181)) - 275daa4b-3482-4b8e-b64e-92089e0536ae:group-3B57F23FDB09:LeaderElection18: begin an election at term 1 for -1: [275daa4b-3482-4b8e-b64e-92089e0536ae:192.168.34.5:37927], old=null
2019-09-19 08:58:25,953 [275daa4b-3482-4b8e-b64e-92089e0536ae:group-3B57F23FDB09:LeaderElection18] INFO  impl.RoleInfo (RoleInfo.java:shutdownLeaderElection(134)) - 275daa4b-3482-4b8e-b64e-92089e0536ae: shutdown LeaderElection
2019-09-19 08:58:25,953 [275daa4b-3482-4b8e-b64e-92089e0536ae:group-3B57F23FDB09:LeaderElection18] INFO  impl.RaftServerImpl (RaftServerImpl.java:setRole(171)) - 275daa4b-3482-4b8e-b64e-92089e0536ae:group-3B57F23FDB09 changes role from CANDIDATE to LEADER at term 1 for changeToLeader
2019-09-19 08:58:25,953 [275daa4b-3482-4b8e-b64e-92089e0536ae:group-3B57F23FDB09:LeaderElection18] INFO  impl.RaftServerImpl (ServerState.java:setLeader(263)) - 275daa4b-3482-4b8e-b64e-92089e0536ae:group-3B57F23FDB09 change Leader from null to 275daa4b-3482-4b8e-b64e-92089e0536ae at term 1 for becomeLeader, leader elected after 1206ms
2019-09-19 08:58:25,953 [275daa4b-3482-4b8e-b64e-92089e0536ae:group-3B57F23FDB09:LeaderElection18] INFO  server.RaftServerConfigKeys (ConfUtils.java:logGet(43)) - raft.server.staging.catchup.gap = 1000 (default)
2019-09-19 08:58:25,953 [275daa4b-3482-4b8e-b64e-92089e0536ae:group-3B57F23FDB09:LeaderElection18] INFO  server.RaftServerConfigKeys (ConfUtils.java:logGet(43)) - raft.server.rpc.sleep.time = 25ms (default)
2019-09-19 08:58:25,953 [275daa4b-3482-4b8e-b64e-92089e0536ae:group-3B57F23FDB09:LeaderElection18] INFO  server.RaftServerConfigKeys (ConfUtils.java:logGet(43)) - raft.server.write.element-limit = 4096 (default)
2019-09-19 08:58:25,954 [275daa4b-3482-4b8e-b64e-92089e0536ae:group-3B57F23FDB09:LeaderElection18] INFO  server.RaftServerConfigKeys (ConfUtils.java:logGet(43)) - raft.server.watch.timeout = 10s (default)
2019-09-19 08:58:25,954 [275daa4b-3482-4b8e-b64e-92089e0536ae:group-3B57F23FDB09:LeaderElection18] INFO  server.RaftServerConfigKeys (ConfUtils.java:logGet(43)) - raft.server.watch.timeout.denomination = 1s (default)
2019-09-19 08:58:25,954 [275daa4b-3482-4b8e-b64e-92089e0536ae:group-3B57F23FDB09:LeaderElection18] INFO  server.RaftServerConfigKeys (ConfUtils.java:logGet(43)) - raft.server.watch.element-limit = 65536 (default)
2019-09-19 08:58:25,954 [275daa4b-3482-4b8e-b64e-92089e0536ae:group-3B57F23FDB09:LeaderElection18] INFO  impl.RoleInfo (RoleInfo.java:updateAndGet(143)) - 275daa4b-3482-4b8e-b64e-92089e0536ae: start LeaderState
2019-09-19 08:58:25,954 [275daa4b-3482-4b8e-b64e-92089e0536ae:group-3B57F23FDB09:LeaderElection18] INFO  segmented.SegmentedRaftLogWorker (SegmentedRaftLogWorker.java:startLogSegment(380)) - 275daa4b-3482-4b8e-b64e-92089e0536ae-SegmentedRaftLogWorker:Storage Directory /workdir/hadoop-ozone/integration-test/target/test-dir/MiniOzoneClusterImpl-072ceacc-f14a-494c-b049-5b6ad59b8d93/datanode-6/data/ratis/4a33d301-17ac-44da-8b69-3b57f23fdb09: Starting segment from index:0
2019-09-19 08:58:25,955 [275daa4b-3482-4b8e-b64e-92089e0536ae:group-3B57F23FDB09:LeaderElection18] INFO  impl.RaftServerImpl (ServerState.java:setRaftConf(361)) - 275daa4b-3482-4b8e-b64e-92089e0536ae:group-3B57F23FDB09 set configuration 0: [275daa4b-3482-4b8e-b64e-92089e0536ae:192.168.34.5:37927], old=null at 0
2019-09-19 08:58:25,980 [pool-71-thread-1] INFO  storage.RaftStorage (RaftStorage.java:format(72)) - Storage directory /workdir/hadoop-ozone/integration-test/target/test-dir/MiniOzoneClusterImpl-072ceacc-f14a-494c-b049-5b6ad59b8d93/datanode-4/data/ratis/d39945fd-35f9-4de7-bde8-1beeaaadae28 has been successfully formatted.
2019-09-19 08:58:25,980 [pool-71-thread-1] INFO  ratis.ContainerStateMachine (ContainerStateMachine.java:loadSnapshot(226)) - group-1BEEAAADAE28: The snapshot info is null. Setting the last applied indexto:(t:0, i:~)
2019-09-19 08:58:25,980 [pool-71-thread-1] INFO  server.RaftServerConfigKeys (ConfUtils.java:logGet(43)) - raft.server.leader.election.timeout = 120s (custom)
2019-09-19 08:58:25,980 [pool-71-thread-1] INFO  server.RaftServerConfigKeys (ConfUtils.java:logGet(43)) - raft.server.log.use.memory = false (default)
2019-09-19 08:58:25,980 [pool-71-thread-1] INFO  server.RaftServerConfigKeys (ConfUtils.java:logGet(43)) - raft.server.log.purge.gap = 1000000 (custom)
2019-09-19 08:58:25,981 [pool-71-thread-1] INFO  server.RaftServerConfigKeys (ConfUtils.java:logGet(43)) - raft.server.log.appender.buffer.byte-limit = 33554432 (custom)
2019-09-19 08:58:25,981 [pool-71-thread-1] INFO  server.RaftServerConfigKeys (ConfUtils.java:logGet(43)) - raft.server.log.segment.size.max = 1048576 (custom)
2019-09-19 08:58:25,981 [pool-71-thread-1] INFO  server.RaftServerConfigKeys (ConfUtils.java:logGet(43)) - raft.server.log.segment.cache.num.max = 2 (custom)
2019-09-19 08:58:25,981 [pool-71-thread-1] INFO  segmented.SegmentedRaftLogWorker (SegmentedRaftLogWorker.java:<init>(172)) - new 59afcdb3-7cd7-47ef-abfa-eabf405042f7-SegmentedRaftLogWorker:Storage Directory /workdir/hadoop-ozone/integration-test/target/test-dir/MiniOzoneClusterImpl-072ceacc-f14a-494c-b049-5b6ad59b8d93/datanode-4/data/ratis/d39945fd-35f9-4de7-bde8-1beeaaadae28 for RaftStorage:Storage Directory /workdir/hadoop-ozone/integration-test/target/test-dir/MiniOzoneClusterImpl-072ceacc-f14a-494c-b049-5b6ad59b8d93/datanode-4/data/ratis/d39945fd-35f9-4de7-bde8-1beeaaadae28
2019-09-19 08:58:25,981 [pool-71-thread-1] INFO  server.RaftServerConfigKeys (ConfUtils.java:logGet(43)) - raft.server.log.queue.byte-limit = 2147483647 (custom)
2019-09-19 08:58:25,981 [pool-71-thread-1] INFO  server.RaftServerConfigKeys (ConfUtils.java:logGet(43)) - raft.server.log.queue.element-limit = 1024 (custom)
2019-09-19 08:58:25,981 [pool-71-thread-1] INFO  server.RaftServerConfigKeys (ConfUtils.java:logGet(43)) - raft.server.log.segment.size.max = 1048576 (custom)
2019-09-19 08:58:25,981 [pool-71-thread-1] INFO  server.RaftServerConfigKeys (ConfUtils.java:logGet(43)) - raft.server.log.preallocated.size = 16384 (custom)
2019-09-19 08:58:25,981 [pool-71-thread-1] INFO  server.RaftServerConfigKeys (ConfUtils.java:logGet(43)) - raft.server.log.write.buffer.size = 33554432 (custom)
2019-09-19 08:58:25,982 [pool-71-thread-1] INFO  server.RaftServerConfigKeys (ConfUtils.java:logGet(43)) - raft.server.log.force.sync.num = 128 (default)
2019-09-19 08:58:25,982 [pool-71-thread-1] INFO  server.RaftServerConfigKeys (ConfUtils.java:logGet(43)) - raft.server.log.statemachine.data.sync = true (default)
2019-09-19 08:58:25,982 [pool-71-thread-1] INFO  server.RaftServerConfigKeys (ConfUtils.java:logGet(43)) - raft.server.log.statemachine.data.sync.timeout = 10s (default)
2019-09-19 08:58:25,982 [pool-71-thread-1] INFO  server.RaftServerConfigKeys (ConfUtils.java:logGet(43)) - raft.server.log.statemachine.data.sync.timeout.retry = -1 (default)
2019-09-19 08:58:25,982 [pool-71-thread-1] INFO  server.RaftServerConfigKeys (ConfUtils.java:logGet(43)) - raft.server.log.statemachine.data.caching.enabled = true (custom)
2019-09-19 08:58:25,982 [pool-71-thread-1] INFO  segmented.SegmentedRaftLogWorker (SegmentedRaftLogWorker.java:lambda$new$0(132)) - 59afcdb3-7cd7-47ef-abfa-eabf405042f7-SegmentedRaftLogWorker:Storage Directory /workdir/hadoop-ozone/integration-test/target/test-dir/MiniOzoneClusterImpl-072ceacc-f14a-494c-b049-5b6ad59b8d93/datanode-4/data/ratis/d39945fd-35f9-4de7-bde8-1beeaaadae28: flushIndex: setUnconditionally 0 -> -1
2019-09-19 08:58:25,983 [pool-71-thread-1] INFO  server.RaftServerConfigKeys (ConfUtils.java:logGet(43)) - raft.server.snapshot.auto.trigger.enabled = true (custom)
2019-09-19 08:58:25,983 [pool-71-thread-1] INFO  server.RaftServerConfigKeys (ConfUtils.java:logGet(43)) - raft.server.snapshot.auto.trigger.threshold = 10000 (custom)
2019-09-19 08:58:25,983 [275daa4b-3482-4b8e-b64e-92089e0536ae-SegmentedRaftLogWorker:Storage Directory /workdir/hadoop-ozone/integration-test/target/test-dir/MiniOzoneClusterImpl-072ceacc-f14a-494c-b049-5b6ad59b8d93/datanode-6/data/ratis/4a33d301-17ac-44da-8b69-3b57f23fdb09] INFO  segmented.SegmentedRaftLogWorker (SegmentedRaftLogWorker.java:execute(569)) - 275daa4b-3482-4b8e-b64e-92089e0536ae-SegmentedRaftLogWorker:Storage Directory /workdir/hadoop-ozone/integration-test/target/test-dir/MiniOzoneClusterImpl-072ceacc-f14a-494c-b049-5b6ad59b8d93/datanode-6/data/ratis/4a33d301-17ac-44da-8b69-3b57f23fdb09: created new log segment /workdir/hadoop-ozone/integration-test/target/test-dir/MiniOzoneClusterImpl-072ceacc-f14a-494c-b049-5b6ad59b8d93/datanode-6/data/ratis/4a33d301-17ac-44da-8b69-3b57f23fdb09/current/log_inprogress_0
2019-09-19 08:58:25,983 [pool-71-thread-1] INFO  server.RaftServerConfigKeys (ConfUtils.java:logGet(43)) - raft.server.retrycache.expirytime = 600000ms (custom)
2019-09-19 08:58:25,983 [pool-71-thread-1] INFO  impl.RaftServerImpl (RaftServerImpl.java:start(180)) - 59afcdb3-7cd7-47ef-abfa-eabf405042f7: start group-1BEEAAADAE28
2019-09-19 08:58:25,983 [pool-71-thread-1] INFO  impl.RaftServerImpl (RaftServerImpl.java:setRole(171)) - 59afcdb3-7cd7-47ef-abfa-eabf405042f7:group-1BEEAAADAE28 changes role from null to FOLLOWER at term 0 for startAsFollower
2019-09-19 08:58:25,983 [pool-71-thread-1] INFO  impl.RoleInfo (RoleInfo.java:updateAndGet(143)) - 59afcdb3-7cd7-47ef-abfa-eabf405042f7: start FollowerState
2019-09-19 08:58:25,984 [pool-71-thread-1] INFO  util.JmxRegister (JmxRegister.java:tryRegister(44)) - Successfully registered JMX Bean with object name Ratis:service=RaftServer,group=group-1BEEAAADAE28,id=59afcdb3-7cd7-47ef-abfa-eabf405042f7
2019-09-19 08:58:25,991 [RatisPipelineUtilsThread] INFO  pipeline.PipelineStateManager (PipelineStateManager.java:addPipeline(56)) - Created pipeline Pipeline[ Id: d39945fd-35f9-4de7-bde8-1beeaaadae28, Nodes: 59afcdb3-7cd7-47ef-abfa-eabf405042f7{ip: 192.168.34.5, host: pr-hdds-1569-j4bt4-3030777008, networkLocation: /default-rack, certSerialId: null}, Type:RATIS, Factor:ONE, State:OPEN]
2019-09-19 08:58:25,992 [RatisPipelineUtilsThread] ERROR pipeline.PipelinePlacementPolicy (PipelinePlacementPolicy.java:meetCriteria(91)) - Pipeline Placement: Doesn't meet the criteria to be viable node. Heaviness: 6
2019-09-19 08:58:25,992 [RatisPipelineUtilsThread] ERROR pipeline.PipelinePlacementPolicy (PipelinePlacementPolicy.java:meetCriteria(91)) - Pipeline Placement: Doesn't meet the criteria to be viable node. Heaviness: 6
2019-09-19 08:58:25,992 [RatisPipelineUtilsThread] ERROR pipeline.PipelinePlacementPolicy (PipelinePlacementPolicy.java:meetCriteria(91)) - Pipeline Placement: Doesn't meet the criteria to be viable node. Heaviness: 6
2019-09-19 08:58:26,009 [grpc-default-executor-1] INFO  impl.RaftServerProxy (RaftServerProxy.java:addNew(89)) - 83e73c89-42e6-44c0-9fcf-5542ff22b34f: addNew group-68FF7C0F8CF7:[83e73c89-42e6-44c0-9fcf-5542ff22b34f:192.168.34.5:35347] returns group-68FF7C0F8CF7:java.util.concurrent.CompletableFuture@28e9d91d[Not completed]
2019-09-19 08:58:26,012 [pool-115-thread-1] INFO  impl.RaftServerImpl (RaftServerImpl.java:<init>(93)) - 83e73c89-42e6-44c0-9fcf-5542ff22b34f: new RaftServerImpl for group-68FF7C0F8CF7:[83e73c89-42e6-44c0-9fcf-5542ff22b34f:192.168.34.5:35347] with ContainerStateMachine:uninitialized
2019-09-19 08:58:26,012 [pool-115-thread-1] INFO  server.RaftServerConfigKeys (ConfUtils.java:logGet(43)) - raft.server.rpc.timeout.min = 1s (custom)
2019-09-19 08:58:26,012 [pool-115-thread-1] INFO  server.RaftServerConfigKeys (ConfUtils.java:logGet(43)) - raft.server.rpc.timeout.max = 1200ms (custom)
2019-09-19 08:58:26,012 [pool-115-thread-1] INFO  server.RaftServerConfigKeys (ConfUtils.java:logGet(43)) - raft.server.rpcslowness.timeout = 120s (custom)
2019-09-19 08:58:26,013 [pool-115-thread-1] INFO  server.RaftServerConfigKeys (ConfUtils.java:logGet(43)) - raft.server.sleep.deviation.threshold = 300 (default)
2019-09-19 08:58:26,013 [pool-115-thread-1] INFO  server.RaftServerConfigKeys (ConfUtils.java:logGet(43)) - raft.server.log.appender.install.snapshot.enabled = false (custom)
2019-09-19 08:58:26,013 [pool-115-thread-1] INFO  impl.RaftServerImpl (ServerState.java:<init>(105)) - 83e73c89-42e6-44c0-9fcf-5542ff22b34f:group-68FF7C0F8CF7 ConfigurationManager, init=-1: [83e73c89-42e6-44c0-9fcf-5542ff22b34f:192.168.34.5:35347], old=null, confs=<EMPTY_MAP>
2019-09-19 08:58:26,013 [pool-115-thread-1] INFO  server.RaftServerConfigKeys (ConfUtils.java:logGet(43)) - raft.server.storage.dir = [/workdir/hadoop-ozone/integration-test/target/test-dir/MiniOzoneClusterImpl-072ceacc-f14a-494c-b049-5b6ad59b8d93/datanode-8/data/ratis] (custom)
2019-09-19 08:58:26,013 [pool-115-thread-1] INFO  storage.RaftStorageDirectory (RaftStorageDirectory.java:analyzeStorage(246)) - The storage directory /workdir/hadoop-ozone/integration-test/target/test-dir/MiniOzoneClusterImpl-072ceacc-f14a-494c-b049-5b6ad59b8d93/datanode-8/data/ratis/686f94a7-8447-407f-9dc6-68ff7c0f8cf7 does not exist. Creating ...
2019-09-19 08:58:26,015 [Thread-345] INFO  impl.FollowerState (FollowerState.java:run(106)) - d611bba7-fcef-48db-9a8e-14e1bb825cd8:group-81353B1ABB23 changes to CANDIDATE, lastRpcTime:1177, electionTimeout:1177ms
2019-09-19 08:58:26,015 [Thread-345] INFO  impl.RoleInfo (RoleInfo.java:shutdownFollowerState(121)) - d611bba7-fcef-48db-9a8e-14e1bb825cd8: shutdown FollowerState
2019-09-19 08:58:26,015 [Thread-345] INFO  impl.RaftServerImpl (RaftServerImpl.java:setRole(171)) - d611bba7-fcef-48db-9a8e-14e1bb825cd8:group-81353B1ABB23 changes role from FOLLOWER to CANDIDATE at term 0 for changeToCandidate
2019-09-19 08:58:26,015 [Thread-345] INFO  impl.RoleInfo (RoleInfo.java:updateAndGet(143)) - d611bba7-fcef-48db-9a8e-14e1bb825cd8: start LeaderElection
2019-09-19 08:58:26,022 [pool-115-thread-1] INFO  storage.RaftStorageDirectory (RaftStorageDirectory.java:tryLock(328)) - Lock on /workdir/hadoop-ozone/integration-test/target/test-dir/MiniOzoneClusterImpl-072ceacc-f14a-494c-b049-5b6ad59b8d93/datanode-8/data/ratis/686f94a7-8447-407f-9dc6-68ff7c0f8cf7/in_use.lock acquired by nodename 8013@pr-hdds-1569-j4bt4-3030777008
2019-09-19 08:58:26,025 [Thread-353] INFO  impl.FollowerState (FollowerState.java:run(106)) - 356a349a-c9c9-49f9-a5b1-196804736fbc:group-66C2D31ECCA5 changes to CANDIDATE, lastRpcTime:1027, electionTimeout:1027ms
2019-09-19 08:58:26,025 [Thread-353] INFO  impl.RoleInfo (RoleInfo.java:shutdownFollowerState(121)) - 356a349a-c9c9-49f9-a5b1-196804736fbc: shutdown FollowerState
2019-09-19 08:58:26,025 [Thread-353] INFO  impl.RaftServerImpl (RaftServerImpl.java:setRole(171)) - 356a349a-c9c9-49f9-a5b1-196804736fbc:group-66C2D31ECCA5 changes role from FOLLOWER to CANDIDATE at term 0 for changeToCandidate
2019-09-19 08:58:26,025 [Thread-353] INFO  impl.RoleInfo (RoleInfo.java:updateAndGet(143)) - 356a349a-c9c9-49f9-a5b1-196804736fbc: start LeaderElection
2019-09-19 08:58:26,039 [d611bba7-fcef-48db-9a8e-14e1bb825cd8:group-81353B1ABB23:LeaderElection19] INFO  impl.LeaderElection (LeaderElection.java:askForVotes(181)) - d611bba7-fcef-48db-9a8e-14e1bb825cd8:group-81353B1ABB23:LeaderElection19: begin an election at term 1 for -1: [d611bba7-fcef-48db-9a8e-14e1bb825cd8:192.168.34.5:34044], old=null
2019-09-19 08:58:26,048 [d611bba7-fcef-48db-9a8e-14e1bb825cd8:group-81353B1ABB23:LeaderElection19] INFO  impl.RoleInfo (RoleInfo.java:shutdownLeaderElection(134)) - d611bba7-fcef-48db-9a8e-14e1bb825cd8: shutdown LeaderElection
2019-09-19 08:58:26,048 [d611bba7-fcef-48db-9a8e-14e1bb825cd8:group-81353B1ABB23:LeaderElection19] INFO  impl.RaftServerImpl (RaftServerImpl.java:setRole(171)) - d611bba7-fcef-48db-9a8e-14e1bb825cd8:group-81353B1ABB23 changes role from CANDIDATE to LEADER at term 1 for changeToLeader
2019-09-19 08:58:26,048 [d611bba7-fcef-48db-9a8e-14e1bb825cd8:group-81353B1ABB23:LeaderElection19] INFO  impl.RaftServerImpl (ServerState.java:setLeader(263)) - d611bba7-fcef-48db-9a8e-14e1bb825cd8:group-81353B1ABB23 change Leader from null to d611bba7-fcef-48db-9a8e-14e1bb825cd8 at term 1 for becomeLeader, leader elected after 1220ms
2019-09-19 08:58:26,048 [d611bba7-fcef-48db-9a8e-14e1bb825cd8:group-81353B1ABB23:LeaderElection19] INFO  server.RaftServerConfigKeys (ConfUtils.java:logGet(43)) - raft.server.staging.catchup.gap = 1000 (default)
2019-09-19 08:58:26,049 [d611bba7-fcef-48db-9a8e-14e1bb825cd8:group-81353B1ABB23:LeaderElection19] INFO  server.RaftServerConfigKeys (ConfUtils.java:logGet(43)) - raft.server.rpc.sleep.time = 25ms (default)
2019-09-19 08:58:26,049 [d611bba7-fcef-48db-9a8e-14e1bb825cd8:group-81353B1ABB23:LeaderElection19] INFO  server.RaftServerConfigKeys (ConfUtils.java:logGet(43)) - raft.server.write.element-limit = 4096 (default)
2019-09-19 08:58:26,049 | INFO  | SCMAudit | user=jenkins1000 | ip=192.168.34.5 | op=SEND_HEARTBEAT {datanodeUUID=a01737f6-7857-4616-835e-b1ff05ecf78f, command=[]} | ret=SUCCESS |  
2019-09-19 08:58:26,049 [d611bba7-fcef-48db-9a8e-14e1bb825cd8:group-81353B1ABB23:LeaderElection19] INFO  server.RaftServerConfigKeys (ConfUtils.java:logGet(43)) - raft.server.watch.timeout = 10s (default)
2019-09-19 08:58:26,049 [d611bba7-fcef-48db-9a8e-14e1bb825cd8:group-81353B1ABB23:LeaderElection19] INFO  server.RaftServerConfigKeys (ConfUtils.java:logGet(43)) - raft.server.watch.timeout.denomination = 1s (default)
2019-09-19 08:58:26,049 [d611bba7-fcef-48db-9a8e-14e1bb825cd8:group-81353B1ABB23:LeaderElection19] INFO  server.RaftServerConfigKeys (ConfUtils.java:logGet(43)) - raft.server.watch.element-limit = 65536 (default)
2019-09-19 08:58:26,049 [d611bba7-fcef-48db-9a8e-14e1bb825cd8:group-81353B1ABB23:LeaderElection19] INFO  impl.RoleInfo (RoleInfo.java:updateAndGet(143)) - d611bba7-fcef-48db-9a8e-14e1bb825cd8: start LeaderState
2019-09-19 08:58:26,050 [d611bba7-fcef-48db-9a8e-14e1bb825cd8:group-81353B1ABB23:LeaderElection19] INFO  segmented.SegmentedRaftLogWorker (SegmentedRaftLogWorker.java:startLogSegment(380)) - d611bba7-fcef-48db-9a8e-14e1bb825cd8-SegmentedRaftLogWorker:Storage Directory /workdir/hadoop-ozone/integration-test/target/test-dir/MiniOzoneClusterImpl-072ceacc-f14a-494c-b049-5b6ad59b8d93/datanode-2/data/ratis/22aa18ae-dade-4c9a-9aad-81353b1abb23: Starting segment from index:0
2019-09-19 08:58:26,050 [d611bba7-fcef-48db-9a8e-14e1bb825cd8:group-81353B1ABB23:LeaderElection19] INFO  impl.RaftServerImpl (ServerState.java:setRaftConf(361)) - d611bba7-fcef-48db-9a8e-14e1bb825cd8:group-81353B1ABB23 set configuration 0: [d611bba7-fcef-48db-9a8e-14e1bb825cd8:192.168.34.5:34044], old=null at 0
2019-09-19 08:58:26,074 [pool-115-thread-1] INFO  storage.RaftStorage (RaftStorage.java:format(72)) - Storage directory /workdir/hadoop-ozone/integration-test/target/test-dir/MiniOzoneClusterImpl-072ceacc-f14a-494c-b049-5b6ad59b8d93/datanode-8/data/ratis/686f94a7-8447-407f-9dc6-68ff7c0f8cf7 has been successfully formatted.
2019-09-19 08:58:26,074 [356a349a-c9c9-49f9-a5b1-196804736fbc:group-66C2D31ECCA5:LeaderElection20] INFO  impl.LeaderElection (LeaderElection.java:askForVotes(181)) - 356a349a-c9c9-49f9-a5b1-196804736fbc:group-66C2D31ECCA5:LeaderElection20: begin an election at term 1 for -1: [356a349a-c9c9-49f9-a5b1-196804736fbc:192.168.34.5:46709], old=null
2019-09-19 08:58:26,074 [356a349a-c9c9-49f9-a5b1-196804736fbc:group-66C2D31ECCA5:LeaderElection20] INFO  impl.RoleInfo (RoleInfo.java:shutdownLeaderElection(134)) - 356a349a-c9c9-49f9-a5b1-196804736fbc: shutdown LeaderElection
2019-09-19 08:58:26,074 [pool-115-thread-1] INFO  ratis.ContainerStateMachine (ContainerStateMachine.java:loadSnapshot(226)) - group-68FF7C0F8CF7: The snapshot info is null. Setting the last applied indexto:(t:0, i:~)
2019-09-19 08:58:26,074 [356a349a-c9c9-49f9-a5b1-196804736fbc:group-66C2D31ECCA5:LeaderElection20] INFO  impl.RaftServerImpl (RaftServerImpl.java:setRole(171)) - 356a349a-c9c9-49f9-a5b1-196804736fbc:group-66C2D31ECCA5 changes role from CANDIDATE to LEADER at term 1 for changeToLeader
2019-09-19 08:58:26,075 [pool-115-thread-1] INFO  server.RaftServerConfigKeys (ConfUtils.java:logGet(43)) - raft.server.leader.election.timeout = 120s (custom)
2019-09-19 08:58:26,075 [356a349a-c9c9-49f9-a5b1-196804736fbc:group-66C2D31ECCA5:LeaderElection20] INFO  impl.RaftServerImpl (ServerState.java:setLeader(263)) - 356a349a-c9c9-49f9-a5b1-196804736fbc:group-66C2D31ECCA5 change Leader from null to 356a349a-c9c9-49f9-a5b1-196804736fbc at term 1 for becomeLeader, leader elected after 1081ms
2019-09-19 08:58:26,075 [pool-115-thread-1] INFO  server.RaftServerConfigKeys (ConfUtils.java:logGet(43)) - raft.server.log.use.memory = false (default)
2019-09-19 08:58:26,075 [356a349a-c9c9-49f9-a5b1-196804736fbc:group-66C2D31ECCA5:LeaderElection20] INFO  server.RaftServerConfigKeys (ConfUtils.java:logGet(43)) - raft.server.staging.catchup.gap = 1000 (default)
2019-09-19 08:58:26,075 [pool-115-thread-1] INFO  server.RaftServerConfigKeys (ConfUtils.java:logGet(43)) - raft.server.log.purge.gap = 1000000 (custom)
2019-09-19 08:58:26,075 [356a349a-c9c9-49f9-a5b1-196804736fbc:group-66C2D31ECCA5:LeaderElection20] INFO  server.RaftServerConfigKeys (ConfUtils.java:logGet(43)) - raft.server.rpc.sleep.time = 25ms (default)
2019-09-19 08:58:26,076 [pool-115-thread-1] INFO  server.RaftServerConfigKeys (ConfUtils.java:logGet(43)) - raft.server.log.appender.buffer.byte-limit = 33554432 (custom)
2019-09-19 08:58:26,076 [356a349a-c9c9-49f9-a5b1-196804736fbc:group-66C2D31ECCA5:LeaderElection20] INFO  server.RaftServerConfigKeys (ConfUtils.java:logGet(43)) - raft.server.write.element-limit = 4096 (default)
2019-09-19 08:58:26,076 [pool-115-thread-1] INFO  server.RaftServerConfigKeys (ConfUtils.java:logGet(43)) - raft.server.log.segment.size.max = 1048576 (custom)
2019-09-19 08:58:26,076 [356a349a-c9c9-49f9-a5b1-196804736fbc:group-66C2D31ECCA5:LeaderElection20] INFO  server.RaftServerConfigKeys (ConfUtils.java:logGet(43)) - raft.server.watch.timeout = 10s (default)
2019-09-19 08:58:26,076 [pool-115-thread-1] INFO  server.RaftServerConfigKeys (ConfUtils.java:logGet(43)) - raft.server.log.segment.cache.num.max = 2 (custom)
2019-09-19 08:58:26,076 [356a349a-c9c9-49f9-a5b1-196804736fbc:group-66C2D31ECCA5:LeaderElection20] INFO  server.RaftServerConfigKeys (ConfUtils.java:logGet(43)) - raft.server.watch.timeout.denomination = 1s (default)
2019-09-19 08:58:26,077 [pool-115-thread-1] INFO  segmented.SegmentedRaftLogWorker (SegmentedRaftLogWorker.java:<init>(172)) - new 83e73c89-42e6-44c0-9fcf-5542ff22b34f-SegmentedRaftLogWorker:Storage Directory /workdir/hadoop-ozone/integration-test/target/test-dir/MiniOzoneClusterImpl-072ceacc-f14a-494c-b049-5b6ad59b8d93/datanode-8/data/ratis/686f94a7-8447-407f-9dc6-68ff7c0f8cf7 for RaftStorage:Storage Directory /workdir/hadoop-ozone/integration-test/target/test-dir/MiniOzoneClusterImpl-072ceacc-f14a-494c-b049-5b6ad59b8d93/datanode-8/data/ratis/686f94a7-8447-407f-9dc6-68ff7c0f8cf7
2019-09-19 08:58:26,077 [356a349a-c9c9-49f9-a5b1-196804736fbc:group-66C2D31ECCA5:LeaderElection20] INFO  server.RaftServerConfigKeys (ConfUtils.java:logGet(43)) - raft.server.watch.element-limit = 65536 (default)
2019-09-19 08:58:26,077 [pool-115-thread-1] INFO  server.RaftServerConfigKeys (ConfUtils.java:logGet(43)) - raft.server.log.queue.byte-limit = 2147483647 (custom)
2019-09-19 08:58:26,077 [356a349a-c9c9-49f9-a5b1-196804736fbc:group-66C2D31ECCA5:LeaderElection20] INFO  impl.RoleInfo (RoleInfo.java:updateAndGet(143)) - 356a349a-c9c9-49f9-a5b1-196804736fbc: start LeaderState
2019-09-19 08:58:26,077 [pool-115-thread-1] INFO  server.RaftServerConfigKeys (ConfUtils.java:logGet(43)) - raft.server.log.queue.element-limit = 1024 (custom)
2019-09-19 08:58:26,077 [356a349a-c9c9-49f9-a5b1-196804736fbc:group-66C2D31ECCA5:LeaderElection20] INFO  segmented.SegmentedRaftLogWorker (SegmentedRaftLogWorker.java:startLogSegment(380)) - 356a349a-c9c9-49f9-a5b1-196804736fbc-SegmentedRaftLogWorker:Storage Directory /workdir/hadoop-ozone/integration-test/target/test-dir/MiniOzoneClusterImpl-072ceacc-f14a-494c-b049-5b6ad59b8d93/datanode-1/data/ratis/07b43f65-ca6c-4308-b45a-66c2d31ecca5: Starting segment from index:0
2019-09-19 08:58:26,078 [pool-115-thread-1] INFO  server.RaftServerConfigKeys (ConfUtils.java:logGet(43)) - raft.server.log.segment.size.max = 1048576 (custom)
2019-09-19 08:58:26,104 [d611bba7-fcef-48db-9a8e-14e1bb825cd8-SegmentedRaftLogWorker:Storage Directory /workdir/hadoop-ozone/integration-test/target/test-dir/MiniOzoneClusterImpl-072ceacc-f14a-494c-b049-5b6ad59b8d93/datanode-2/data/ratis/22aa18ae-dade-4c9a-9aad-81353b1abb23] INFO  segmented.SegmentedRaftLogWorker (SegmentedRaftLogWorker.java:execute(569)) - d611bba7-fcef-48db-9a8e-14e1bb825cd8-SegmentedRaftLogWorker:Storage Directory /workdir/hadoop-ozone/integration-test/target/test-dir/MiniOzoneClusterImpl-072ceacc-f14a-494c-b049-5b6ad59b8d93/datanode-2/data/ratis/22aa18ae-dade-4c9a-9aad-81353b1abb23: created new log segment /workdir/hadoop-ozone/integration-test/target/test-dir/MiniOzoneClusterImpl-072ceacc-f14a-494c-b049-5b6ad59b8d93/datanode-2/data/ratis/22aa18ae-dade-4c9a-9aad-81353b1abb23/current/log_inprogress_0
2019-09-19 08:58:26,104 [Thread-348] INFO  impl.FollowerState (FollowerState.java:run(106)) - 5655ea38-4aa2-40a6-aaa3-4d444347e46a:group-7FF5B282EF7F changes to CANDIDATE, lastRpcTime:1191, electionTimeout:1190ms
2019-09-19 08:58:26,078 [356a349a-c9c9-49f9-a5b1-196804736fbc:group-66C2D31ECCA5:LeaderElection20] INFO  impl.RaftServerImpl (ServerState.java:setRaftConf(361)) - 356a349a-c9c9-49f9-a5b1-196804736fbc:group-66C2D31ECCA5 set configuration 0: [356a349a-c9c9-49f9-a5b1-196804736fbc:192.168.34.5:46709], old=null at 0
2019-09-19 08:58:26,105 [Thread-348] INFO  impl.RoleInfo (RoleInfo.java:shutdownFollowerState(121)) - 5655ea38-4aa2-40a6-aaa3-4d444347e46a: shutdown FollowerState
2019-09-19 08:58:26,112 [Thread-348] INFO  impl.RaftServerImpl (RaftServerImpl.java:setRole(171)) - 5655ea38-4aa2-40a6-aaa3-4d444347e46a:group-7FF5B282EF7F changes role from FOLLOWER to CANDIDATE at term 0 for changeToCandidate
2019-09-19 08:58:26,104 [pool-115-thread-1] INFO  server.RaftServerConfigKeys (ConfUtils.java:logGet(43)) - raft.server.log.preallocated.size = 16384 (custom)
2019-09-19 08:58:26,112 [Thread-348] INFO  impl.RoleInfo (RoleInfo.java:updateAndGet(143)) - 5655ea38-4aa2-40a6-aaa3-4d444347e46a: start LeaderElection
2019-09-19 08:58:26,112 [pool-115-thread-1] INFO  server.RaftServerConfigKeys (ConfUtils.java:logGet(43)) - raft.server.log.write.buffer.size = 33554432 (custom)
2019-09-19 08:58:26,112 [pool-115-thread-1] INFO  server.RaftServerConfigKeys (ConfUtils.java:logGet(43)) - raft.server.log.force.sync.num = 128 (default)
2019-09-19 08:58:26,115 [pool-115-thread-1] INFO  server.RaftServerConfigKeys (ConfUtils.java:logGet(43)) - raft.server.log.statemachine.data.sync = true (default)
2019-09-19 08:58:26,121 [356a349a-c9c9-49f9-a5b1-196804736fbc-SegmentedRaftLogWorker:Storage Directory /workdir/hadoop-ozone/integration-test/target/test-dir/MiniOzoneClusterImpl-072ceacc-f14a-494c-b049-5b6ad59b8d93/datanode-1/data/ratis/07b43f65-ca6c-4308-b45a-66c2d31ecca5] INFO  segmented.SegmentedRaftLogWorker (SegmentedRaftLogWorker.java:execute(569)) - 356a349a-c9c9-49f9-a5b1-196804736fbc-SegmentedRaftLogWorker:Storage Directory /workdir/hadoop-ozone/integration-test/target/test-dir/MiniOzoneClusterImpl-072ceacc-f14a-494c-b049-5b6ad59b8d93/datanode-1/data/ratis/07b43f65-ca6c-4308-b45a-66c2d31ecca5: created new log segment /workdir/hadoop-ozone/integration-test/target/test-dir/MiniOzoneClusterImpl-072ceacc-f14a-494c-b049-5b6ad59b8d93/datanode-1/data/ratis/07b43f65-ca6c-4308-b45a-66c2d31ecca5/current/log_inprogress_0
2019-09-19 08:58:26,121 [pool-115-thread-1] INFO  server.RaftServerConfigKeys (ConfUtils.java:logGet(43)) - raft.server.log.statemachine.data.sync.timeout = 10s (default)
2019-09-19 08:58:26,127 [pool-115-thread-1] INFO  server.RaftServerConfigKeys (ConfUtils.java:logGet(43)) - raft.server.log.statemachine.data.sync.timeout.retry = -1 (default)
2019-09-19 08:58:26,128 | INFO  | SCMAudit | user=jenkins1000 | ip=192.168.34.5 | op=SEND_HEARTBEAT {datanodeUUID=5655ea38-4aa2-40a6-aaa3-4d444347e46a, command=[]} | ret=SUCCESS |  
2019-09-19 08:58:26,128 [pool-115-thread-1] INFO  server.RaftServerConfigKeys (ConfUtils.java:logGet(43)) - raft.server.log.statemachine.data.caching.enabled = true (custom)
2019-09-19 08:58:26,128 | INFO  | SCMAudit | user=jenkins1000 | ip=192.168.34.5 | op=SEND_HEARTBEAT {datanodeUUID=d611bba7-fcef-48db-9a8e-14e1bb825cd8, command=[]} | ret=SUCCESS |  
2019-09-19 08:58:26,128 [pool-115-thread-1] INFO  segmented.SegmentedRaftLogWorker (SegmentedRaftLogWorker.java:lambda$new$0(132)) - 83e73c89-42e6-44c0-9fcf-5542ff22b34f-SegmentedRaftLogWorker:Storage Directory /workdir/hadoop-ozone/integration-test/target/test-dir/MiniOzoneClusterImpl-072ceacc-f14a-494c-b049-5b6ad59b8d93/datanode-8/data/ratis/686f94a7-8447-407f-9dc6-68ff7c0f8cf7: flushIndex: setUnconditionally 0 -> -1
2019-09-19 08:58:26,128 [pool-115-thread-1] INFO  server.RaftServerConfigKeys (ConfUtils.java:logGet(43)) - raft.server.snapshot.auto.trigger.enabled = true (custom)
2019-09-19 08:58:26,129 [pool-115-thread-1] INFO  server.RaftServerConfigKeys (ConfUtils.java:logGet(43)) - raft.server.snapshot.auto.trigger.threshold = 10000 (custom)
2019-09-19 08:58:26,129 [pool-115-thread-1] INFO  server.RaftServerConfigKeys (ConfUtils.java:logGet(43)) - raft.server.retrycache.expirytime = 600000ms (custom)
2019-09-19 08:58:26,129 [pool-115-thread-1] INFO  impl.RaftServerImpl (RaftServerImpl.java:start(180)) - 83e73c89-42e6-44c0-9fcf-5542ff22b34f: start group-68FF7C0F8CF7
2019-09-19 08:58:26,129 [pool-115-thread-1] INFO  impl.RaftServerImpl (RaftServerImpl.java:setRole(171)) - 83e73c89-42e6-44c0-9fcf-5542ff22b34f:group-68FF7C0F8CF7 changes role from null to FOLLOWER at term 0 for startAsFollower
2019-09-19 08:58:26,129 [pool-115-thread-1] INFO  impl.RoleInfo (RoleInfo.java:updateAndGet(143)) - 83e73c89-42e6-44c0-9fcf-5542ff22b34f: start FollowerState
2019-09-19 08:58:26,129 [pool-115-thread-1] INFO  util.JmxRegister (JmxRegister.java:tryRegister(44)) - Successfully registered JMX Bean with object name Ratis:service=RaftServer,group=group-68FF7C0F8CF7,id=83e73c89-42e6-44c0-9fcf-5542ff22b34f
2019-09-19 08:58:26,134 [RatisPipelineUtilsThread] INFO  pipeline.PipelineStateManager (PipelineStateManager.java:addPipeline(56)) - Created pipeline Pipeline[ Id: 686f94a7-8447-407f-9dc6-68ff7c0f8cf7, Nodes: 83e73c89-42e6-44c0-9fcf-5542ff22b34f{ip: 192.168.34.5, host: pr-hdds-1569-j4bt4-3030777008, networkLocation: /default-rack, certSerialId: null}, Type:RATIS, Factor:ONE, State:OPEN]
2019-09-19 08:58:26,134 [RatisPipelineUtilsThread] ERROR pipeline.PipelinePlacementPolicy (PipelinePlacementPolicy.java:meetCriteria(91)) - Pipeline Placement: Doesn't meet the criteria to be viable node. Heaviness: 6
2019-09-19 08:58:26,134 [RatisPipelineUtilsThread] ERROR pipeline.PipelinePlacementPolicy (PipelinePlacementPolicy.java:meetCriteria(91)) - Pipeline Placement: Doesn't meet the criteria to be viable node. Heaviness: 6
2019-09-19 08:58:26,134 [RatisPipelineUtilsThread] ERROR pipeline.PipelinePlacementPolicy (PipelinePlacementPolicy.java:meetCriteria(91)) - Pipeline Placement: Doesn't meet the criteria to be viable node. Heaviness: 6
2019-09-19 08:58:26,140 [5655ea38-4aa2-40a6-aaa3-4d444347e46a:group-7FF5B282EF7F:LeaderElection21] INFO  impl.LeaderElection (LeaderElection.java:askForVotes(181)) - 5655ea38-4aa2-40a6-aaa3-4d444347e46a:group-7FF5B282EF7F:LeaderElection21: begin an election at term 1 for -1: [5655ea38-4aa2-40a6-aaa3-4d444347e46a:192.168.34.5:39771], old=null
2019-09-19 08:58:26,140 [5655ea38-4aa2-40a6-aaa3-4d444347e46a:group-7FF5B282EF7F:LeaderElection21] INFO  impl.RoleInfo (RoleInfo.java:shutdownLeaderElection(134)) - 5655ea38-4aa2-40a6-aaa3-4d444347e46a: shutdown LeaderElection
2019-09-19 08:58:26,140 [5655ea38-4aa2-40a6-aaa3-4d444347e46a:group-7FF5B282EF7F:LeaderElection21] INFO  impl.RaftServerImpl (RaftServerImpl.java:setRole(171)) - 5655ea38-4aa2-40a6-aaa3-4d444347e46a:group-7FF5B282EF7F changes role from CANDIDATE to LEADER at term 1 for changeToLeader
2019-09-19 08:58:26,140 [5655ea38-4aa2-40a6-aaa3-4d444347e46a:group-7FF5B282EF7F:LeaderElection21] INFO  impl.RaftServerImpl (ServerState.java:setLeader(263)) - 5655ea38-4aa2-40a6-aaa3-4d444347e46a:group-7FF5B282EF7F change Leader from null to 5655ea38-4aa2-40a6-aaa3-4d444347e46a at term 1 for becomeLeader, leader elected after 1232ms
2019-09-19 08:58:26,140 [5655ea38-4aa2-40a6-aaa3-4d444347e46a:group-7FF5B282EF7F:LeaderElection21] INFO  server.RaftServerConfigKeys (ConfUtils.java:logGet(43)) - raft.server.staging.catchup.gap = 1000 (default)
2019-09-19 08:58:26,140 [5655ea38-4aa2-40a6-aaa3-4d444347e46a:group-7FF5B282EF7F:LeaderElection21] INFO  server.RaftServerConfigKeys (ConfUtils.java:logGet(43)) - raft.server.rpc.sleep.time = 25ms (default)
2019-09-19 08:58:26,140 [5655ea38-4aa2-40a6-aaa3-4d444347e46a:group-7FF5B282EF7F:LeaderElection21] INFO  server.RaftServerConfigKeys (ConfUtils.java:logGet(43)) - raft.server.write.element-limit = 4096 (default)
2019-09-19 08:58:26,141 [5655ea38-4aa2-40a6-aaa3-4d444347e46a:group-7FF5B282EF7F:LeaderElection21] INFO  server.RaftServerConfigKeys (ConfUtils.java:logGet(43)) - raft.server.watch.timeout = 10s (default)
2019-09-19 08:58:26,141 [5655ea38-4aa2-40a6-aaa3-4d444347e46a:group-7FF5B282EF7F:LeaderElection21] INFO  server.RaftServerConfigKeys (ConfUtils.java:logGet(43)) - raft.server.watch.timeout.denomination = 1s (default)
2019-09-19 08:58:26,141 [5655ea38-4aa2-40a6-aaa3-4d444347e46a:group-7FF5B282EF7F:LeaderElection21] INFO  server.RaftServerConfigKeys (ConfUtils.java:logGet(43)) - raft.server.watch.element-limit = 65536 (default)
2019-09-19 08:58:26,141 [5655ea38-4aa2-40a6-aaa3-4d444347e46a:group-7FF5B282EF7F:LeaderElection21] INFO  impl.RoleInfo (RoleInfo.java:updateAndGet(143)) - 5655ea38-4aa2-40a6-aaa3-4d444347e46a: start LeaderState
2019-09-19 08:58:26,141 [5655ea38-4aa2-40a6-aaa3-4d444347e46a:group-7FF5B282EF7F:LeaderElection21] INFO  segmented.SegmentedRaftLogWorker (SegmentedRaftLogWorker.java:startLogSegment(380)) - 5655ea38-4aa2-40a6-aaa3-4d444347e46a-SegmentedRaftLogWorker:Storage Directory /workdir/hadoop-ozone/integration-test/target/test-dir/MiniOzoneClusterImpl-072ceacc-f14a-494c-b049-5b6ad59b8d93/datanode-3/data/ratis/cd486884-5126-45b5-a03f-7ff5b282ef7f: Starting segment from index:0
2019-09-19 08:58:26,141 [5655ea38-4aa2-40a6-aaa3-4d444347e46a:group-7FF5B282EF7F:LeaderElection21] INFO  impl.RaftServerImpl (ServerState.java:setRaftConf(361)) - 5655ea38-4aa2-40a6-aaa3-4d444347e46a:group-7FF5B282EF7F set configuration 0: [5655ea38-4aa2-40a6-aaa3-4d444347e46a:192.168.34.5:39771], old=null at 0
2019-09-19 08:58:26,168 [grpc-default-executor-1] INFO  impl.RaftServerProxy (RaftServerProxy.java:addNew(89)) - 59afcdb3-7cd7-47ef-abfa-eabf405042f7: addNew group-8B947AB8F158:[59afcdb3-7cd7-47ef-abfa-eabf405042f7:192.168.34.5:36202] returns group-8B947AB8F158:java.util.concurrent.CompletableFuture@385cd64e[Not completed]
2019-09-19 08:58:26,169 [pool-71-thread-1] INFO  impl.RaftServerImpl (RaftServerImpl.java:<init>(93)) - 59afcdb3-7cd7-47ef-abfa-eabf405042f7: new RaftServerImpl for group-8B947AB8F158:[59afcdb3-7cd7-47ef-abfa-eabf405042f7:192.168.34.5:36202] with ContainerStateMachine:uninitialized
2019-09-19 08:58:26,169 [pool-71-thread-1] INFO  server.RaftServerConfigKeys (ConfUtils.java:logGet(43)) - raft.server.rpc.timeout.min = 1s (custom)
2019-09-19 08:58:26,169 [pool-71-thread-1] INFO  server.RaftServerConfigKeys (ConfUtils.java:logGet(43)) - raft.server.rpc.timeout.max = 1200ms (custom)
2019-09-19 08:58:26,169 [pool-71-thread-1] INFO  server.RaftServerConfigKeys (ConfUtils.java:logGet(43)) - raft.server.rpcslowness.timeout = 120s (custom)
2019-09-19 08:58:26,169 [pool-71-thread-1] INFO  server.RaftServerConfigKeys (ConfUtils.java:logGet(43)) - raft.server.sleep.deviation.threshold = 300 (default)
2019-09-19 08:58:26,169 [pool-71-thread-1] INFO  server.RaftServerConfigKeys (ConfUtils.java:logGet(43)) - raft.server.log.appender.install.snapshot.enabled = false (custom)
2019-09-19 08:58:26,170 [pool-71-thread-1] INFO  impl.RaftServerImpl (ServerState.java:<init>(105)) - 59afcdb3-7cd7-47ef-abfa-eabf405042f7:group-8B947AB8F158 ConfigurationManager, init=-1: [59afcdb3-7cd7-47ef-abfa-eabf405042f7:192.168.34.5:36202], old=null, confs=<EMPTY_MAP>
2019-09-19 08:58:26,170 [pool-71-thread-1] INFO  server.RaftServerConfigKeys (ConfUtils.java:logGet(43)) - raft.server.storage.dir = [/workdir/hadoop-ozone/integration-test/target/test-dir/MiniOzoneClusterImpl-072ceacc-f14a-494c-b049-5b6ad59b8d93/datanode-4/data/ratis] (custom)
2019-09-19 08:58:26,170 [pool-71-thread-1] INFO  storage.RaftStorageDirectory (RaftStorageDirectory.java:analyzeStorage(246)) - The storage directory /workdir/hadoop-ozone/integration-test/target/test-dir/MiniOzoneClusterImpl-072ceacc-f14a-494c-b049-5b6ad59b8d93/datanode-4/data/ratis/4ce4bb86-7e2e-4296-a619-8b947ab8f158 does not exist. Creating ...
2019-09-19 08:58:26,180 [pool-71-thread-1] INFO  storage.RaftStorageDirectory (RaftStorageDirectory.java:tryLock(328)) - Lock on /workdir/hadoop-ozone/integration-test/target/test-dir/MiniOzoneClusterImpl-072ceacc-f14a-494c-b049-5b6ad59b8d93/datanode-4/data/ratis/4ce4bb86-7e2e-4296-a619-8b947ab8f158/in_use.lock acquired by nodename 8013@pr-hdds-1569-j4bt4-3030777008
2019-09-19 08:58:26,180 [5655ea38-4aa2-40a6-aaa3-4d444347e46a-SegmentedRaftLogWorker:Storage Directory /workdir/hadoop-ozone/integration-test/target/test-dir/MiniOzoneClusterImpl-072ceacc-f14a-494c-b049-5b6ad59b8d93/datanode-3/data/ratis/cd486884-5126-45b5-a03f-7ff5b282ef7f] INFO  segmented.SegmentedRaftLogWorker (SegmentedRaftLogWorker.java:execute(569)) - 5655ea38-4aa2-40a6-aaa3-4d444347e46a-SegmentedRaftLogWorker:Storage Directory /workdir/hadoop-ozone/integration-test/target/test-dir/MiniOzoneClusterImpl-072ceacc-f14a-494c-b049-5b6ad59b8d93/datanode-3/data/ratis/cd486884-5126-45b5-a03f-7ff5b282ef7f: created new log segment /workdir/hadoop-ozone/integration-test/target/test-dir/MiniOzoneClusterImpl-072ceacc-f14a-494c-b049-5b6ad59b8d93/datanode-3/data/ratis/cd486884-5126-45b5-a03f-7ff5b282ef7f/current/log_inprogress_0
2019-09-19 08:58:26,193 [pool-71-thread-1] INFO  storage.RaftStorage (RaftStorage.java:format(72)) - Storage directory /workdir/hadoop-ozone/integration-test/target/test-dir/MiniOzoneClusterImpl-072ceacc-f14a-494c-b049-5b6ad59b8d93/datanode-4/data/ratis/4ce4bb86-7e2e-4296-a619-8b947ab8f158 has been successfully formatted.
2019-09-19 08:58:26,193 [pool-71-thread-1] INFO  ratis.ContainerStateMachine (ContainerStateMachine.java:loadSnapshot(226)) - group-8B947AB8F158: The snapshot info is null. Setting the last applied indexto:(t:0, i:~)
2019-09-19 08:58:26,193 [pool-71-thread-1] INFO  server.RaftServerConfigKeys (ConfUtils.java:logGet(43)) - raft.server.leader.election.timeout = 120s (custom)
2019-09-19 08:58:26,193 [pool-71-thread-1] INFO  server.RaftServerConfigKeys (ConfUtils.java:logGet(43)) - raft.server.log.use.memory = false (default)
2019-09-19 08:58:26,193 [pool-71-thread-1] INFO  server.RaftServerConfigKeys (ConfUtils.java:logGet(43)) - raft.server.log.purge.gap = 1000000 (custom)
2019-09-19 08:58:26,193 [pool-71-thread-1] INFO  server.RaftServerConfigKeys (ConfUtils.java:logGet(43)) - raft.server.log.appender.buffer.byte-limit = 33554432 (custom)
2019-09-19 08:58:26,194 [pool-71-thread-1] INFO  server.RaftServerConfigKeys (ConfUtils.java:logGet(43)) - raft.server.log.segment.size.max = 1048576 (custom)
2019-09-19 08:58:26,194 [pool-71-thread-1] INFO  server.RaftServerConfigKeys (ConfUtils.java:logGet(43)) - raft.server.log.segment.cache.num.max = 2 (custom)
2019-09-19 08:58:26,194 [pool-71-thread-1] INFO  segmented.SegmentedRaftLogWorker (SegmentedRaftLogWorker.java:<init>(172)) - new 59afcdb3-7cd7-47ef-abfa-eabf405042f7-SegmentedRaftLogWorker:Storage Directory /workdir/hadoop-ozone/integration-test/target/test-dir/MiniOzoneClusterImpl-072ceacc-f14a-494c-b049-5b6ad59b8d93/datanode-4/data/ratis/4ce4bb86-7e2e-4296-a619-8b947ab8f158 for RaftStorage:Storage Directory /workdir/hadoop-ozone/integration-test/target/test-dir/MiniOzoneClusterImpl-072ceacc-f14a-494c-b049-5b6ad59b8d93/datanode-4/data/ratis/4ce4bb86-7e2e-4296-a619-8b947ab8f158
2019-09-19 08:58:26,194 [pool-71-thread-1] INFO  server.RaftServerConfigKeys (ConfUtils.java:logGet(43)) - raft.server.log.queue.byte-limit = 2147483647 (custom)
2019-09-19 08:58:26,194 [pool-71-thread-1] INFO  server.RaftServerConfigKeys (ConfUtils.java:logGet(43)) - raft.server.log.queue.element-limit = 1024 (custom)
2019-09-19 08:58:26,194 [pool-71-thread-1] INFO  server.RaftServerConfigKeys (ConfUtils.java:logGet(43)) - raft.server.log.segment.size.max = 1048576 (custom)
2019-09-19 08:58:26,194 [pool-71-thread-1] INFO  server.RaftServerConfigKeys (ConfUtils.java:logGet(43)) - raft.server.log.preallocated.size = 16384 (custom)
2019-09-19 08:58:26,194 [pool-71-thread-1] INFO  server.RaftServerConfigKeys (ConfUtils.java:logGet(43)) - raft.server.log.write.buffer.size = 33554432 (custom)
2019-09-19 08:58:26,195 [pool-71-thread-1] INFO  server.RaftServerConfigKeys (ConfUtils.java:logGet(43)) - raft.server.log.force.sync.num = 128 (default)
2019-09-19 08:58:26,195 [pool-71-thread-1] INFO  server.RaftServerConfigKeys (ConfUtils.java:logGet(43)) - raft.server.log.statemachine.data.sync = true (default)
2019-09-19 08:58:26,195 [pool-71-thread-1] INFO  server.RaftServerConfigKeys (ConfUtils.java:logGet(43)) - raft.server.log.statemachine.data.sync.timeout = 10s (default)
2019-09-19 08:58:26,195 [pool-71-thread-1] INFO  server.RaftServerConfigKeys (ConfUtils.java:logGet(43)) - raft.server.log.statemachine.data.sync.timeout.retry = -1 (default)
2019-09-19 08:58:26,195 [pool-71-thread-1] INFO  server.RaftServerConfigKeys (ConfUtils.java:logGet(43)) - raft.server.log.statemachine.data.caching.enabled = true (custom)
2019-09-19 08:58:26,195 [pool-71-thread-1] INFO  segmented.SegmentedRaftLogWorker (SegmentedRaftLogWorker.java:lambda$new$0(132)) - 59afcdb3-7cd7-47ef-abfa-eabf405042f7-SegmentedRaftLogWorker:Storage Directory /workdir/hadoop-ozone/integration-test/target/test-dir/MiniOzoneClusterImpl-072ceacc-f14a-494c-b049-5b6ad59b8d93/datanode-4/data/ratis/4ce4bb86-7e2e-4296-a619-8b947ab8f158: flushIndex: setUnconditionally 0 -> -1
2019-09-19 08:58:26,196 [pool-71-thread-1] INFO  server.RaftServerConfigKeys (ConfUtils.java:logGet(43)) - raft.server.snapshot.auto.trigger.enabled = true (custom)
2019-09-19 08:58:26,196 [pool-71-thread-1] INFO  server.RaftServerConfigKeys (ConfUtils.java:logGet(43)) - raft.server.snapshot.auto.trigger.threshold = 10000 (custom)
2019-09-19 08:58:26,196 [pool-71-thread-1] INFO  server.RaftServerConfigKeys (ConfUtils.java:logGet(43)) - raft.server.retrycache.expirytime = 600000ms (custom)
2019-09-19 08:58:26,196 [pool-71-thread-1] INFO  impl.RaftServerImpl (RaftServerImpl.java:start(180)) - 59afcdb3-7cd7-47ef-abfa-eabf405042f7: start group-8B947AB8F158
2019-09-19 08:58:26,196 [pool-71-thread-1] INFO  impl.RaftServerImpl (RaftServerImpl.java:setRole(171)) - 59afcdb3-7cd7-47ef-abfa-eabf405042f7:group-8B947AB8F158 changes role from null to FOLLOWER at term 0 for startAsFollower
2019-09-19 08:58:26,196 [pool-71-thread-1] INFO  impl.RoleInfo (RoleInfo.java:updateAndGet(143)) - 59afcdb3-7cd7-47ef-abfa-eabf405042f7: start FollowerState
2019-09-19 08:58:26,197 [pool-71-thread-1] INFO  util.JmxRegister (JmxRegister.java:tryRegister(44)) - Successfully registered JMX Bean with object name Ratis:service=RaftServer,group=group-8B947AB8F158,id=59afcdb3-7cd7-47ef-abfa-eabf405042f7
2019-09-19 08:58:26,201 [RatisPipelineUtilsThread] INFO  pipeline.PipelineStateManager (PipelineStateManager.java:addPipeline(56)) - Created pipeline Pipeline[ Id: 4ce4bb86-7e2e-4296-a619-8b947ab8f158, Nodes: 59afcdb3-7cd7-47ef-abfa-eabf405042f7{ip: 192.168.34.5, host: pr-hdds-1569-j4bt4-3030777008, networkLocation: /default-rack, certSerialId: null}, Type:RATIS, Factor:ONE, State:OPEN]
2019-09-19 08:58:26,202 [RatisPipelineUtilsThread] ERROR pipeline.PipelinePlacementPolicy (PipelinePlacementPolicy.java:meetCriteria(91)) - Pipeline Placement: Doesn't meet the criteria to be viable node. Heaviness: 6
2019-09-19 08:58:26,202 [RatisPipelineUtilsThread] ERROR pipeline.PipelinePlacementPolicy (PipelinePlacementPolicy.java:meetCriteria(91)) - Pipeline Placement: Doesn't meet the criteria to be viable node. Heaviness: 6
2019-09-19 08:58:26,202 [RatisPipelineUtilsThread] ERROR pipeline.PipelinePlacementPolicy (PipelinePlacementPolicy.java:meetCriteria(91)) - Pipeline Placement: Doesn't meet the criteria to be viable node. Heaviness: 6
2019-09-19 08:58:26,213 [grpc-default-executor-1] INFO  impl.RaftServerProxy (RaftServerProxy.java:addNew(89)) - cd77464f-7686-4dc7-8332-533cdc56da6b: addNew group-3ECFE20AE947:[cd77464f-7686-4dc7-8332-533cdc56da6b:192.168.34.5:41324] returns group-3ECFE20AE947:java.util.concurrent.CompletableFuture@affc708[Not completed]
2019-09-19 08:58:26,215 [pool-82-thread-1] INFO  impl.RaftServerImpl (RaftServerImpl.java:<init>(93)) - cd77464f-7686-4dc7-8332-533cdc56da6b: new RaftServerImpl for group-3ECFE20AE947:[cd77464f-7686-4dc7-8332-533cdc56da6b:192.168.34.5:41324] with ContainerStateMachine:uninitialized
2019-09-19 08:58:26,215 [pool-82-thread-1] INFO  server.RaftServerConfigKeys (ConfUtils.java:logGet(43)) - raft.server.rpc.timeout.min = 1s (custom)
2019-09-19 08:58:26,215 [pool-82-thread-1] INFO  server.RaftServerConfigKeys (ConfUtils.java:logGet(43)) - raft.server.rpc.timeout.max = 1200ms (custom)
2019-09-19 08:58:26,215 [pool-82-thread-1] INFO  server.RaftServerConfigKeys (ConfUtils.java:logGet(43)) - raft.server.rpcslowness.timeout = 120s (custom)
2019-09-19 08:58:26,215 [pool-82-thread-1] INFO  server.RaftServerConfigKeys (ConfUtils.java:logGet(43)) - raft.server.sleep.deviation.threshold = 300 (default)
2019-09-19 08:58:26,215 [pool-82-thread-1] INFO  server.RaftServerConfigKeys (ConfUtils.java:logGet(43)) - raft.server.log.appender.install.snapshot.enabled = false (custom)
2019-09-19 08:58:26,215 [pool-82-thread-1] INFO  impl.RaftServerImpl (ServerState.java:<init>(105)) - cd77464f-7686-4dc7-8332-533cdc56da6b:group-3ECFE20AE947 ConfigurationManager, init=-1: [cd77464f-7686-4dc7-8332-533cdc56da6b:192.168.34.5:41324], old=null, confs=<EMPTY_MAP>
2019-09-19 08:58:26,216 [pool-82-thread-1] INFO  server.RaftServerConfigKeys (ConfUtils.java:logGet(43)) - raft.server.storage.dir = [/workdir/hadoop-ozone/integration-test/target/test-dir/MiniOzoneClusterImpl-072ceacc-f14a-494c-b049-5b6ad59b8d93/datanode-5/data/ratis] (custom)
2019-09-19 08:58:26,216 | INFO  | SCMAudit | user=jenkins1000 | ip=192.168.34.5 | op=SEND_HEARTBEAT {datanodeUUID=83e73c89-42e6-44c0-9fcf-5542ff22b34f, command=[]} | ret=SUCCESS |  
2019-09-19 08:58:26,216 [pool-82-thread-1] INFO  storage.RaftStorageDirectory (RaftStorageDirectory.java:analyzeStorage(246)) - The storage directory /workdir/hadoop-ozone/integration-test/target/test-dir/MiniOzoneClusterImpl-072ceacc-f14a-494c-b049-5b6ad59b8d93/datanode-5/data/ratis/d4ce0b35-1921-420b-9a50-3ecfe20ae947 does not exist. Creating ...
2019-09-19 08:58:26,229 [pool-82-thread-1] INFO  storage.RaftStorageDirectory (RaftStorageDirectory.java:tryLock(328)) - Lock on /workdir/hadoop-ozone/integration-test/target/test-dir/MiniOzoneClusterImpl-072ceacc-f14a-494c-b049-5b6ad59b8d93/datanode-5/data/ratis/d4ce0b35-1921-420b-9a50-3ecfe20ae947/in_use.lock acquired by nodename 8013@pr-hdds-1569-j4bt4-3030777008
2019-09-19 08:58:26,242 [pool-82-thread-1] INFO  storage.RaftStorage (RaftStorage.java:format(72)) - Storage directory /workdir/hadoop-ozone/integration-test/target/test-dir/MiniOzoneClusterImpl-072ceacc-f14a-494c-b049-5b6ad59b8d93/datanode-5/data/ratis/d4ce0b35-1921-420b-9a50-3ecfe20ae947 has been successfully formatted.
2019-09-19 08:58:26,242 [pool-82-thread-1] INFO  ratis.ContainerStateMachine (ContainerStateMachine.java:loadSnapshot(226)) - group-3ECFE20AE947: The snapshot info is null. Setting the last applied indexto:(t:0, i:~)
2019-09-19 08:58:26,242 [pool-82-thread-1] INFO  server.RaftServerConfigKeys (ConfUtils.java:logGet(43)) - raft.server.leader.election.timeout = 120s (custom)
2019-09-19 08:58:26,242 [pool-82-thread-1] INFO  server.RaftServerConfigKeys (ConfUtils.java:logGet(43)) - raft.server.log.use.memory = false (default)
2019-09-19 08:58:26,242 [pool-82-thread-1] INFO  server.RaftServerConfigKeys (ConfUtils.java:logGet(43)) - raft.server.log.purge.gap = 1000000 (custom)
2019-09-19 08:58:26,242 [pool-82-thread-1] INFO  server.RaftServerConfigKeys (ConfUtils.java:logGet(43)) - raft.server.log.appender.buffer.byte-limit = 33554432 (custom)
2019-09-19 08:58:26,243 [pool-82-thread-1] INFO  server.RaftServerConfigKeys (ConfUtils.java:logGet(43)) - raft.server.log.segment.size.max = 1048576 (custom)
2019-09-19 08:58:26,243 [pool-82-thread-1] INFO  server.RaftServerConfigKeys (ConfUtils.java:logGet(43)) - raft.server.log.segment.cache.num.max = 2 (custom)
2019-09-19 08:58:26,243 [pool-82-thread-1] INFO  segmented.SegmentedRaftLogWorker (SegmentedRaftLogWorker.java:<init>(172)) - new cd77464f-7686-4dc7-8332-533cdc56da6b-SegmentedRaftLogWorker:Storage Directory /workdir/hadoop-ozone/integration-test/target/test-dir/MiniOzoneClusterImpl-072ceacc-f14a-494c-b049-5b6ad59b8d93/datanode-5/data/ratis/d4ce0b35-1921-420b-9a50-3ecfe20ae947 for RaftStorage:Storage Directory /workdir/hadoop-ozone/integration-test/target/test-dir/MiniOzoneClusterImpl-072ceacc-f14a-494c-b049-5b6ad59b8d93/datanode-5/data/ratis/d4ce0b35-1921-420b-9a50-3ecfe20ae947
2019-09-19 08:58:26,243 [pool-82-thread-1] INFO  server.RaftServerConfigKeys (ConfUtils.java:logGet(43)) - raft.server.log.queue.byte-limit = 2147483647 (custom)
2019-09-19 08:58:26,243 [pool-82-thread-1] INFO  server.RaftServerConfigKeys (ConfUtils.java:logGet(43)) - raft.server.log.queue.element-limit = 1024 (custom)
2019-09-19 08:58:26,243 [pool-82-thread-1] INFO  server.RaftServerConfigKeys (ConfUtils.java:logGet(43)) - raft.server.log.segment.size.max = 1048576 (custom)
2019-09-19 08:58:26,243 [pool-82-thread-1] INFO  server.RaftServerConfigKeys (ConfUtils.java:logGet(43)) - raft.server.log.preallocated.size = 16384 (custom)
2019-09-19 08:58:26,243 [pool-82-thread-1] INFO  server.RaftServerConfigKeys (ConfUtils.java:logGet(43)) - raft.server.log.write.buffer.size = 33554432 (custom)
2019-09-19 08:58:26,244 [pool-82-thread-1] INFO  server.RaftServerConfigKeys (ConfUtils.java:logGet(43)) - raft.server.log.force.sync.num = 128 (default)
2019-09-19 08:58:26,244 [pool-82-thread-1] INFO  server.RaftServerConfigKeys (ConfUtils.java:logGet(43)) - raft.server.log.statemachine.data.sync = true (default)
2019-09-19 08:58:26,244 [pool-82-thread-1] INFO  server.RaftServerConfigKeys (ConfUtils.java:logGet(43)) - raft.server.log.statemachine.data.sync.timeout = 10s (default)
2019-09-19 08:58:26,244 [pool-82-thread-1] INFO  server.RaftServerConfigKeys (ConfUtils.java:logGet(43)) - raft.server.log.statemachine.data.sync.timeout.retry = -1 (default)
2019-09-19 08:58:26,244 [pool-82-thread-1] INFO  server.RaftServerConfigKeys (ConfUtils.java:logGet(43)) - raft.server.log.statemachine.data.caching.enabled = true (custom)
2019-09-19 08:58:26,245 [pool-82-thread-1] INFO  segmented.SegmentedRaftLogWorker (SegmentedRaftLogWorker.java:lambda$new$0(132)) - cd77464f-7686-4dc7-8332-533cdc56da6b-SegmentedRaftLogWorker:Storage Directory /workdir/hadoop-ozone/integration-test/target/test-dir/MiniOzoneClusterImpl-072ceacc-f14a-494c-b049-5b6ad59b8d93/datanode-5/data/ratis/d4ce0b35-1921-420b-9a50-3ecfe20ae947: flushIndex: setUnconditionally 0 -> -1
2019-09-19 08:58:26,245 [pool-82-thread-1] INFO  server.RaftServerConfigKeys (ConfUtils.java:logGet(43)) - raft.server.snapshot.auto.trigger.enabled = true (custom)
2019-09-19 08:58:26,245 [pool-82-thread-1] INFO  server.RaftServerConfigKeys (ConfUtils.java:logGet(43)) - raft.server.snapshot.auto.trigger.threshold = 10000 (custom)
2019-09-19 08:58:26,245 [pool-82-thread-1] INFO  server.RaftServerConfigKeys (ConfUtils.java:logGet(43)) - raft.server.retrycache.expirytime = 600000ms (custom)
2019-09-19 08:58:26,245 [pool-82-thread-1] INFO  impl.RaftServerImpl (RaftServerImpl.java:start(180)) - cd77464f-7686-4dc7-8332-533cdc56da6b: start group-3ECFE20AE947
2019-09-19 08:58:26,245 [pool-82-thread-1] INFO  impl.RaftServerImpl (RaftServerImpl.java:setRole(171)) - cd77464f-7686-4dc7-8332-533cdc56da6b:group-3ECFE20AE947 changes role from null to FOLLOWER at term 0 for startAsFollower
2019-09-19 08:58:26,246 [pool-82-thread-1] INFO  impl.RoleInfo (RoleInfo.java:updateAndGet(143)) - cd77464f-7686-4dc7-8332-533cdc56da6b: start FollowerState
2019-09-19 08:58:26,246 [pool-82-thread-1] INFO  util.JmxRegister (JmxRegister.java:tryRegister(44)) - Successfully registered JMX Bean with object name Ratis:service=RaftServer,group=group-3ECFE20AE947,id=cd77464f-7686-4dc7-8332-533cdc56da6b
2019-09-19 08:58:26,251 [RatisPipelineUtilsThread] INFO  pipeline.PipelineStateManager (PipelineStateManager.java:addPipeline(56)) - Created pipeline Pipeline[ Id: d4ce0b35-1921-420b-9a50-3ecfe20ae947, Nodes: cd77464f-7686-4dc7-8332-533cdc56da6b{ip: 192.168.34.5, host: pr-hdds-1569-j4bt4-3030777008, networkLocation: /default-rack, certSerialId: null}, Type:RATIS, Factor:ONE, State:OPEN]
2019-09-19 08:58:26,251 [RatisPipelineUtilsThread] ERROR pipeline.PipelinePlacementPolicy (PipelinePlacementPolicy.java:meetCriteria(91)) - Pipeline Placement: Doesn't meet the criteria to be viable node. Heaviness: 6
2019-09-19 08:58:26,251 [RatisPipelineUtilsThread] ERROR pipeline.PipelinePlacementPolicy (PipelinePlacementPolicy.java:meetCriteria(91)) - Pipeline Placement: Doesn't meet the criteria to be viable node. Heaviness: 6
2019-09-19 08:58:26,252 [RatisPipelineUtilsThread] ERROR pipeline.PipelinePlacementPolicy (PipelinePlacementPolicy.java:meetCriteria(91)) - Pipeline Placement: Doesn't meet the criteria to be viable node. Heaviness: 6
2019-09-19 08:58:26,261 [grpc-default-executor-1] INFO  impl.RaftServerProxy (RaftServerProxy.java:addNew(89)) - 83e73c89-42e6-44c0-9fcf-5542ff22b34f: addNew group-2BC4D8739115:[83e73c89-42e6-44c0-9fcf-5542ff22b34f:192.168.34.5:35347] returns group-2BC4D8739115:java.util.concurrent.CompletableFuture@4dd5a9a6[Not completed]
2019-09-19 08:58:26,262 | INFO  | SCMAudit | user=jenkins1000 | ip=192.168.34.5 | op=SEND_HEARTBEAT {datanodeUUID=8a96a672-7e2f-4b1c-ac1e-ddd5d18a6d5d, command=[]} | ret=SUCCESS |  
2019-09-19 08:58:26,263 [pool-115-thread-1] INFO  impl.RaftServerImpl (RaftServerImpl.java:<init>(93)) - 83e73c89-42e6-44c0-9fcf-5542ff22b34f: new RaftServerImpl for group-2BC4D8739115:[83e73c89-42e6-44c0-9fcf-5542ff22b34f:192.168.34.5:35347] with ContainerStateMachine:uninitialized
2019-09-19 08:58:26,263 [pool-115-thread-1] INFO  server.RaftServerConfigKeys (ConfUtils.java:logGet(43)) - raft.server.rpc.timeout.min = 1s (custom)
2019-09-19 08:58:26,263 [pool-115-thread-1] INFO  server.RaftServerConfigKeys (ConfUtils.java:logGet(43)) - raft.server.rpc.timeout.max = 1200ms (custom)
2019-09-19 08:58:26,263 [pool-115-thread-1] INFO  server.RaftServerConfigKeys (ConfUtils.java:logGet(43)) - raft.server.rpcslowness.timeout = 120s (custom)
2019-09-19 08:58:26,264 [pool-115-thread-1] INFO  server.RaftServerConfigKeys (ConfUtils.java:logGet(43)) - raft.server.sleep.deviation.threshold = 300 (default)
2019-09-19 08:58:26,264 [pool-115-thread-1] INFO  server.RaftServerConfigKeys (ConfUtils.java:logGet(43)) - raft.server.log.appender.install.snapshot.enabled = false (custom)
2019-09-19 08:58:26,264 [pool-115-thread-1] INFO  impl.RaftServerImpl (ServerState.java:<init>(105)) - 83e73c89-42e6-44c0-9fcf-5542ff22b34f:group-2BC4D8739115 ConfigurationManager, init=-1: [83e73c89-42e6-44c0-9fcf-5542ff22b34f:192.168.34.5:35347], old=null, confs=<EMPTY_MAP>
2019-09-19 08:58:26,264 [pool-115-thread-1] INFO  server.RaftServerConfigKeys (ConfUtils.java:logGet(43)) - raft.server.storage.dir = [/workdir/hadoop-ozone/integration-test/target/test-dir/MiniOzoneClusterImpl-072ceacc-f14a-494c-b049-5b6ad59b8d93/datanode-8/data/ratis] (custom)
2019-09-19 08:58:26,265 [pool-115-thread-1] INFO  storage.RaftStorageDirectory (RaftStorageDirectory.java:analyzeStorage(246)) - The storage directory /workdir/hadoop-ozone/integration-test/target/test-dir/MiniOzoneClusterImpl-072ceacc-f14a-494c-b049-5b6ad59b8d93/datanode-8/data/ratis/4c517916-7a71-47a2-a0e7-2bc4d8739115 does not exist. Creating ...
2019-09-19 08:58:26,278 [pool-115-thread-1] INFO  storage.RaftStorageDirectory (RaftStorageDirectory.java:tryLock(328)) - Lock on /workdir/hadoop-ozone/integration-test/target/test-dir/MiniOzoneClusterImpl-072ceacc-f14a-494c-b049-5b6ad59b8d93/datanode-8/data/ratis/4c517916-7a71-47a2-a0e7-2bc4d8739115/in_use.lock acquired by nodename 8013@pr-hdds-1569-j4bt4-3030777008
2019-09-19 08:58:26,281 [Thread-360] INFO  impl.FollowerState (FollowerState.java:run(106)) - 5655ea38-4aa2-40a6-aaa3-4d444347e46a:group-B48B81943ECE changes to CANDIDATE, lastRpcTime:1159, electionTimeout:1159ms
2019-09-19 08:58:26,281 [Thread-360] INFO  impl.RoleInfo (RoleInfo.java:shutdownFollowerState(121)) - 5655ea38-4aa2-40a6-aaa3-4d444347e46a: shutdown FollowerState
2019-09-19 08:58:26,281 [Thread-360] INFO  impl.RaftServerImpl (RaftServerImpl.java:setRole(171)) - 5655ea38-4aa2-40a6-aaa3-4d444347e46a:group-B48B81943ECE changes role from FOLLOWER to CANDIDATE at term 0 for changeToCandidate
2019-09-19 08:58:26,281 [Thread-360] INFO  impl.RoleInfo (RoleInfo.java:updateAndGet(143)) - 5655ea38-4aa2-40a6-aaa3-4d444347e46a: start LeaderElection
2019-09-19 08:58:26,289 [Thread-371] INFO  impl.FollowerState (FollowerState.java:run(106)) - 275daa4b-3482-4b8e-b64e-92089e0536ae:group-170CD669851F changes to CANDIDATE, lastRpcTime:1022, electionTimeout:1022ms
2019-09-19 08:58:26,290 [Thread-371] INFO  impl.RoleInfo (RoleInfo.java:shutdownFollowerState(121)) - 275daa4b-3482-4b8e-b64e-92089e0536ae: shutdown FollowerState
2019-09-19 08:58:26,290 [Thread-371] INFO  impl.RaftServerImpl (RaftServerImpl.java:setRole(171)) - 275daa4b-3482-4b8e-b64e-92089e0536ae:group-170CD669851F changes role from FOLLOWER to CANDIDATE at term 0 for changeToCandidate
2019-09-19 08:58:26,290 [Thread-371] INFO  impl.RoleInfo (RoleInfo.java:updateAndGet(143)) - 275daa4b-3482-4b8e-b64e-92089e0536ae: start LeaderElection
2019-09-19 08:58:26,308 [pool-115-thread-1] INFO  storage.RaftStorage (RaftStorage.java:format(72)) - Storage directory /workdir/hadoop-ozone/integration-test/target/test-dir/MiniOzoneClusterImpl-072ceacc-f14a-494c-b049-5b6ad59b8d93/datanode-8/data/ratis/4c517916-7a71-47a2-a0e7-2bc4d8739115 has been successfully formatted.
2019-09-19 08:58:26,308 [5655ea38-4aa2-40a6-aaa3-4d444347e46a:group-B48B81943ECE:LeaderElection22] INFO  impl.LeaderElection (LeaderElection.java:askForVotes(181)) - 5655ea38-4aa2-40a6-aaa3-4d444347e46a:group-B48B81943ECE:LeaderElection22: begin an election at term 1 for -1: [5655ea38-4aa2-40a6-aaa3-4d444347e46a:192.168.34.5:39771], old=null
2019-09-19 08:58:26,308 [275daa4b-3482-4b8e-b64e-92089e0536ae:group-170CD669851F:LeaderElection23] INFO  impl.LeaderElection (LeaderElection.java:askForVotes(181)) - 275daa4b-3482-4b8e-b64e-92089e0536ae:group-170CD669851F:LeaderElection23: begin an election at term 1 for -1: [275daa4b-3482-4b8e-b64e-92089e0536ae:192.168.34.5:37927], old=null
2019-09-19 08:58:26,308 [5655ea38-4aa2-40a6-aaa3-4d444347e46a:group-B48B81943ECE:LeaderElection22] INFO  impl.RoleInfo (RoleInfo.java:shutdownLeaderElection(134)) - 5655ea38-4aa2-40a6-aaa3-4d444347e46a: shutdown LeaderElection
2019-09-19 08:58:26,308 [pool-115-thread-1] INFO  ratis.ContainerStateMachine (ContainerStateMachine.java:loadSnapshot(226)) - group-2BC4D8739115: The snapshot info is null. Setting the last applied indexto:(t:0, i:~)
2019-09-19 08:58:26,308 [5655ea38-4aa2-40a6-aaa3-4d444347e46a:group-B48B81943ECE:LeaderElection22] INFO  impl.RaftServerImpl (RaftServerImpl.java:setRole(171)) - 5655ea38-4aa2-40a6-aaa3-4d444347e46a:group-B48B81943ECE changes role from CANDIDATE to LEADER at term 1 for changeToLeader
2019-09-19 08:58:26,308 [275daa4b-3482-4b8e-b64e-92089e0536ae:group-170CD669851F:LeaderElection23] INFO  impl.RoleInfo (RoleInfo.java:shutdownLeaderElection(134)) - 275daa4b-3482-4b8e-b64e-92089e0536ae: shutdown LeaderElection
2019-09-19 08:58:26,309 [5655ea38-4aa2-40a6-aaa3-4d444347e46a:group-B48B81943ECE:LeaderElection22] INFO  impl.RaftServerImpl (ServerState.java:setLeader(263)) - 5655ea38-4aa2-40a6-aaa3-4d444347e46a:group-B48B81943ECE change Leader from null to 5655ea38-4aa2-40a6-aaa3-4d444347e46a at term 1 for becomeLeader, leader elected after 1254ms
2019-09-19 08:58:26,309 [pool-115-thread-1] INFO  server.RaftServerConfigKeys (ConfUtils.java:logGet(43)) - raft.server.leader.election.timeout = 120s (custom)
2019-09-19 08:58:26,309 [5655ea38-4aa2-40a6-aaa3-4d444347e46a:group-B48B81943ECE:LeaderElection22] INFO  server.RaftServerConfigKeys (ConfUtils.java:logGet(43)) - raft.server.staging.catchup.gap = 1000 (default)
2019-09-19 08:58:26,309 [275daa4b-3482-4b8e-b64e-92089e0536ae:group-170CD669851F:LeaderElection23] INFO  impl.RaftServerImpl (RaftServerImpl.java:setRole(171)) - 275daa4b-3482-4b8e-b64e-92089e0536ae:group-170CD669851F changes role from CANDIDATE to LEADER at term 1 for changeToLeader
2019-09-19 08:58:26,309 [5655ea38-4aa2-40a6-aaa3-4d444347e46a:group-B48B81943ECE:LeaderElection22] INFO  server.RaftServerConfigKeys (ConfUtils.java:logGet(43)) - raft.server.rpc.sleep.time = 25ms (default)
2019-09-19 08:58:26,309 [pool-115-thread-1] INFO  server.RaftServerConfigKeys (ConfUtils.java:logGet(43)) - raft.server.log.use.memory = false (default)
2019-09-19 08:58:26,309 [5655ea38-4aa2-40a6-aaa3-4d444347e46a:group-B48B81943ECE:LeaderElection22] INFO  server.RaftServerConfigKeys (ConfUtils.java:logGet(43)) - raft.server.write.element-limit = 4096 (default)
2019-09-19 08:58:26,309 [275daa4b-3482-4b8e-b64e-92089e0536ae:group-170CD669851F:LeaderElection23] INFO  impl.RaftServerImpl (ServerState.java:setLeader(263)) - 275daa4b-3482-4b8e-b64e-92089e0536ae:group-170CD669851F change Leader from null to 275daa4b-3482-4b8e-b64e-92089e0536ae at term 1 for becomeLeader, leader elected after 1077ms
2019-09-19 08:58:26,309 [5655ea38-4aa2-40a6-aaa3-4d444347e46a:group-B48B81943ECE:LeaderElection22] INFO  server.RaftServerConfigKeys (ConfUtils.java:logGet(43)) - raft.server.watch.timeout = 10s (default)
2019-09-19 08:58:26,309 [pool-115-thread-1] INFO  server.RaftServerConfigKeys (ConfUtils.java:logGet(43)) - raft.server.log.purge.gap = 1000000 (custom)
2019-09-19 08:58:26,310 [5655ea38-4aa2-40a6-aaa3-4d444347e46a:group-B48B81943ECE:LeaderElection22] INFO  server.RaftServerConfigKeys (ConfUtils.java:logGet(43)) - raft.server.watch.timeout.denomination = 1s (default)
2019-09-19 08:58:26,310 [275daa4b-3482-4b8e-b64e-92089e0536ae:group-170CD669851F:LeaderElection23] INFO  server.RaftServerConfigKeys (ConfUtils.java:logGet(43)) - raft.server.staging.catchup.gap = 1000 (default)
2019-09-19 08:58:26,310 [5655ea38-4aa2-40a6-aaa3-4d444347e46a:group-B48B81943ECE:LeaderElection22] INFO  server.RaftServerConfigKeys (ConfUtils.java:logGet(43)) - raft.server.watch.element-limit = 65536 (default)
2019-09-19 08:58:26,310 [pool-115-thread-1] INFO  server.RaftServerConfigKeys (ConfUtils.java:logGet(43)) - raft.server.log.appender.buffer.byte-limit = 33554432 (custom)
2019-09-19 08:58:26,310 [275daa4b-3482-4b8e-b64e-92089e0536ae:group-170CD669851F:LeaderElection23] INFO  server.RaftServerConfigKeys (ConfUtils.java:logGet(43)) - raft.server.rpc.sleep.time = 25ms (default)
2019-09-19 08:58:26,310 [pool-115-thread-1] INFO  server.RaftServerConfigKeys (ConfUtils.java:logGet(43)) - raft.server.log.segment.size.max = 1048576 (custom)
2019-09-19 08:58:26,310 [5655ea38-4aa2-40a6-aaa3-4d444347e46a:group-B48B81943ECE:LeaderElection22] INFO  impl.RoleInfo (RoleInfo.java:updateAndGet(143)) - 5655ea38-4aa2-40a6-aaa3-4d444347e46a: start LeaderState
2019-09-19 08:58:26,310 [pool-115-thread-1] INFO  server.RaftServerConfigKeys (ConfUtils.java:logGet(43)) - raft.server.log.segment.cache.num.max = 2 (custom)
2019-09-19 08:58:26,310 [275daa4b-3482-4b8e-b64e-92089e0536ae:group-170CD669851F:LeaderElection23] INFO  server.RaftServerConfigKeys (ConfUtils.java:logGet(43)) - raft.server.write.element-limit = 4096 (default)
2019-09-19 08:58:26,311 [pool-115-thread-1] INFO  segmented.SegmentedRaftLogWorker (SegmentedRaftLogWorker.java:<init>(172)) - new 83e73c89-42e6-44c0-9fcf-5542ff22b34f-SegmentedRaftLogWorker:Storage Directory /workdir/hadoop-ozone/integration-test/target/test-dir/MiniOzoneClusterImpl-072ceacc-f14a-494c-b049-5b6ad59b8d93/datanode-8/data/ratis/4c517916-7a71-47a2-a0e7-2bc4d8739115 for RaftStorage:Storage Directory /workdir/hadoop-ozone/integration-test/target/test-dir/MiniOzoneClusterImpl-072ceacc-f14a-494c-b049-5b6ad59b8d93/datanode-8/data/ratis/4c517916-7a71-47a2-a0e7-2bc4d8739115
2019-09-19 08:58:26,310 [5655ea38-4aa2-40a6-aaa3-4d444347e46a:group-B48B81943ECE:LeaderElection22] INFO  segmented.SegmentedRaftLogWorker (SegmentedRaftLogWorker.java:startLogSegment(380)) - 5655ea38-4aa2-40a6-aaa3-4d444347e46a-SegmentedRaftLogWorker:Storage Directory /workdir/hadoop-ozone/integration-test/target/test-dir/MiniOzoneClusterImpl-072ceacc-f14a-494c-b049-5b6ad59b8d93/datanode-3/data/ratis/67695fd1-4074-490e-8664-b48b81943ece: Starting segment from index:0
2019-09-19 08:58:26,311 [pool-115-thread-1] INFO  server.RaftServerConfigKeys (ConfUtils.java:logGet(43)) - raft.server.log.queue.byte-limit = 2147483647 (custom)
2019-09-19 08:58:26,311 [275daa4b-3482-4b8e-b64e-92089e0536ae:group-170CD669851F:LeaderElection23] INFO  server.RaftServerConfigKeys (ConfUtils.java:logGet(43)) - raft.server.watch.timeout = 10s (default)
2019-09-19 08:58:26,311 [pool-115-thread-1] INFO  server.RaftServerConfigKeys (ConfUtils.java:logGet(43)) - raft.server.log.queue.element-limit = 1024 (custom)
2019-09-19 08:58:26,311 [5655ea38-4aa2-40a6-aaa3-4d444347e46a:group-B48B81943ECE:LeaderElection22] INFO  impl.RaftServerImpl (ServerState.java:setRaftConf(361)) - 5655ea38-4aa2-40a6-aaa3-4d444347e46a:group-B48B81943ECE set configuration 0: [5655ea38-4aa2-40a6-aaa3-4d444347e46a:192.168.34.5:39771], old=null at 0
2019-09-19 08:58:26,311 [275daa4b-3482-4b8e-b64e-92089e0536ae:group-170CD669851F:LeaderElection23] INFO  server.RaftServerConfigKeys (ConfUtils.java:logGet(43)) - raft.server.watch.timeout.denomination = 1s (default)
2019-09-19 08:58:26,311 [pool-115-thread-1] INFO  server.RaftServerConfigKeys (ConfUtils.java:logGet(43)) - raft.server.log.segment.size.max = 1048576 (custom)
2019-09-19 08:58:26,337 [275daa4b-3482-4b8e-b64e-92089e0536ae:group-170CD669851F:LeaderElection23] INFO  server.RaftServerConfigKeys (ConfUtils.java:logGet(43)) - raft.server.watch.element-limit = 65536 (default)
2019-09-19 08:58:26,337 [pool-115-thread-1] INFO  server.RaftServerConfigKeys (ConfUtils.java:logGet(43)) - raft.server.log.preallocated.size = 16384 (custom)
2019-09-19 08:58:26,338 [pool-115-thread-1] INFO  server.RaftServerConfigKeys (ConfUtils.java:logGet(43)) - raft.server.log.write.buffer.size = 33554432 (custom)
2019-09-19 08:58:26,338 [275daa4b-3482-4b8e-b64e-92089e0536ae:group-170CD669851F:LeaderElection23] INFO  impl.RoleInfo (RoleInfo.java:updateAndGet(143)) - 275daa4b-3482-4b8e-b64e-92089e0536ae: start LeaderState
2019-09-19 08:58:26,338 [pool-115-thread-1] INFO  server.RaftServerConfigKeys (ConfUtils.java:logGet(43)) - raft.server.log.force.sync.num = 128 (default)
2019-09-19 08:58:26,338 [pool-115-thread-1] INFO  server.RaftServerConfigKeys (ConfUtils.java:logGet(43)) - raft.server.log.statemachine.data.sync = true (default)
2019-09-19 08:58:26,338 | INFO  | SCMAudit | user=jenkins1000 | ip=192.168.34.5 | op=SEND_HEARTBEAT {datanodeUUID=59afcdb3-7cd7-47ef-abfa-eabf405042f7, command=[]} | ret=SUCCESS |  
2019-09-19 08:58:26,338 [275daa4b-3482-4b8e-b64e-92089e0536ae:group-170CD669851F:LeaderElection23] INFO  segmented.SegmentedRaftLogWorker (SegmentedRaftLogWorker.java:startLogSegment(380)) - 275daa4b-3482-4b8e-b64e-92089e0536ae-SegmentedRaftLogWorker:Storage Directory /workdir/hadoop-ozone/integration-test/target/test-dir/MiniOzoneClusterImpl-072ceacc-f14a-494c-b049-5b6ad59b8d93/datanode-6/data/ratis/0577ada2-10f5-4ddf-a2e4-170cd669851f: Starting segment from index:0
2019-09-19 08:58:26,338 [pool-115-thread-1] INFO  server.RaftServerConfigKeys (ConfUtils.java:logGet(43)) - raft.server.log.statemachine.data.sync.timeout = 10s (default)
2019-09-19 08:58:26,338 [pool-115-thread-1] INFO  server.RaftServerConfigKeys (ConfUtils.java:logGet(43)) - raft.server.log.statemachine.data.sync.timeout.retry = -1 (default)
2019-09-19 08:58:26,339 [pool-115-thread-1] INFO  server.RaftServerConfigKeys (ConfUtils.java:logGet(43)) - raft.server.log.statemachine.data.caching.enabled = true (custom)
2019-09-19 08:58:26,339 [275daa4b-3482-4b8e-b64e-92089e0536ae:group-170CD669851F:LeaderElection23] INFO  impl.RaftServerImpl (ServerState.java:setRaftConf(361)) - 275daa4b-3482-4b8e-b64e-92089e0536ae:group-170CD669851F set configuration 0: [275daa4b-3482-4b8e-b64e-92089e0536ae:192.168.34.5:37927], old=null at 0
2019-09-19 08:58:26,367 [5655ea38-4aa2-40a6-aaa3-4d444347e46a-SegmentedRaftLogWorker:Storage Directory /workdir/hadoop-ozone/integration-test/target/test-dir/MiniOzoneClusterImpl-072ceacc-f14a-494c-b049-5b6ad59b8d93/datanode-3/data/ratis/67695fd1-4074-490e-8664-b48b81943ece] INFO  segmented.SegmentedRaftLogWorker (SegmentedRaftLogWorker.java:execute(569)) - 5655ea38-4aa2-40a6-aaa3-4d444347e46a-SegmentedRaftLogWorker:Storage Directory /workdir/hadoop-ozone/integration-test/target/test-dir/MiniOzoneClusterImpl-072ceacc-f14a-494c-b049-5b6ad59b8d93/datanode-3/data/ratis/67695fd1-4074-490e-8664-b48b81943ece: created new log segment /workdir/hadoop-ozone/integration-test/target/test-dir/MiniOzoneClusterImpl-072ceacc-f14a-494c-b049-5b6ad59b8d93/datanode-3/data/ratis/67695fd1-4074-490e-8664-b48b81943ece/current/log_inprogress_0
2019-09-19 08:58:26,367 [Thread-365] INFO  impl.FollowerState (FollowerState.java:run(106)) - 356a349a-c9c9-49f9-a5b1-196804736fbc:group-B2753799F5F6 changes to CANDIDATE, lastRpcTime:1178, electionTimeout:1152ms
2019-09-19 08:58:26,368 [pool-115-thread-1] INFO  segmented.SegmentedRaftLogWorker (SegmentedRaftLogWorker.java:lambda$new$0(132)) - 83e73c89-42e6-44c0-9fcf-5542ff22b34f-SegmentedRaftLogWorker:Storage Directory /workdir/hadoop-ozone/integration-test/target/test-dir/MiniOzoneClusterImpl-072ceacc-f14a-494c-b049-5b6ad59b8d93/datanode-8/data/ratis/4c517916-7a71-47a2-a0e7-2bc4d8739115: flushIndex: setUnconditionally 0 -> -1
2019-09-19 08:58:26,368 [Thread-365] INFO  impl.RoleInfo (RoleInfo.java:shutdownFollowerState(121)) - 356a349a-c9c9-49f9-a5b1-196804736fbc: shutdown FollowerState
2019-09-19 08:58:26,368 [Thread-365] INFO  impl.RaftServerImpl (RaftServerImpl.java:setRole(171)) - 356a349a-c9c9-49f9-a5b1-196804736fbc:group-B2753799F5F6 changes role from FOLLOWER to CANDIDATE at term 0 for changeToCandidate
2019-09-19 08:58:26,368 [pool-115-thread-1] INFO  server.RaftServerConfigKeys (ConfUtils.java:logGet(43)) - raft.server.snapshot.auto.trigger.enabled = true (custom)
2019-09-19 08:58:26,368 [Thread-365] INFO  impl.RoleInfo (RoleInfo.java:updateAndGet(143)) - 356a349a-c9c9-49f9-a5b1-196804736fbc: start LeaderElection
2019-09-19 08:58:26,368 [pool-115-thread-1] INFO  server.RaftServerConfigKeys (ConfUtils.java:logGet(43)) - raft.server.snapshot.auto.trigger.threshold = 10000 (custom)
2019-09-19 08:58:26,368 [pool-115-thread-1] INFO  server.RaftServerConfigKeys (ConfUtils.java:logGet(43)) - raft.server.retrycache.expirytime = 600000ms (custom)
2019-09-19 08:58:26,371 [pool-115-thread-1] INFO  impl.RaftServerImpl (RaftServerImpl.java:start(180)) - 83e73c89-42e6-44c0-9fcf-5542ff22b34f: start group-2BC4D8739115
2019-09-19 08:58:26,371 [pool-115-thread-1] INFO  impl.RaftServerImpl (RaftServerImpl.java:setRole(171)) - 83e73c89-42e6-44c0-9fcf-5542ff22b34f:group-2BC4D8739115 changes role from null to FOLLOWER at term 0 for startAsFollower
2019-09-19 08:58:26,371 [pool-115-thread-1] INFO  impl.RoleInfo (RoleInfo.java:updateAndGet(143)) - 83e73c89-42e6-44c0-9fcf-5542ff22b34f: start FollowerState
2019-09-19 08:58:26,371 [pool-115-thread-1] INFO  util.JmxRegister (JmxRegister.java:tryRegister(44)) - Successfully registered JMX Bean with object name Ratis:service=RaftServer,group=group-2BC4D8739115,id=83e73c89-42e6-44c0-9fcf-5542ff22b34f
2019-09-19 08:58:26,375 [RatisPipelineUtilsThread] INFO  pipeline.PipelineStateManager (PipelineStateManager.java:addPipeline(56)) - Created pipeline Pipeline[ Id: 4c517916-7a71-47a2-a0e7-2bc4d8739115, Nodes: 83e73c89-42e6-44c0-9fcf-5542ff22b34f{ip: 192.168.34.5, host: pr-hdds-1569-j4bt4-3030777008, networkLocation: /default-rack, certSerialId: null}, Type:RATIS, Factor:ONE, State:OPEN]
2019-09-19 08:58:26,376 [RatisPipelineUtilsThread] ERROR pipeline.PipelinePlacementPolicy (PipelinePlacementPolicy.java:meetCriteria(91)) - Pipeline Placement: Doesn't meet the criteria to be viable node. Heaviness: 6
2019-09-19 08:58:26,376 [RatisPipelineUtilsThread] ERROR pipeline.PipelinePlacementPolicy (PipelinePlacementPolicy.java:meetCriteria(91)) - Pipeline Placement: Doesn't meet the criteria to be viable node. Heaviness: 6
2019-09-19 08:58:26,376 [RatisPipelineUtilsThread] ERROR pipeline.PipelinePlacementPolicy (PipelinePlacementPolicy.java:meetCriteria(91)) - Pipeline Placement: Doesn't meet the criteria to be viable node. Heaviness: 6
2019-09-19 08:58:26,380 [275daa4b-3482-4b8e-b64e-92089e0536ae-SegmentedRaftLogWorker:Storage Directory /workdir/hadoop-ozone/integration-test/target/test-dir/MiniOzoneClusterImpl-072ceacc-f14a-494c-b049-5b6ad59b8d93/datanode-6/data/ratis/0577ada2-10f5-4ddf-a2e4-170cd669851f] INFO  segmented.SegmentedRaftLogWorker (SegmentedRaftLogWorker.java:execute(569)) - 275daa4b-3482-4b8e-b64e-92089e0536ae-SegmentedRaftLogWorker:Storage Directory /workdir/hadoop-ozone/integration-test/target/test-dir/MiniOzoneClusterImpl-072ceacc-f14a-494c-b049-5b6ad59b8d93/datanode-6/data/ratis/0577ada2-10f5-4ddf-a2e4-170cd669851f: created new log segment /workdir/hadoop-ozone/integration-test/target/test-dir/MiniOzoneClusterImpl-072ceacc-f14a-494c-b049-5b6ad59b8d93/datanode-6/data/ratis/0577ada2-10f5-4ddf-a2e4-170cd669851f/current/log_inprogress_0
2019-09-19 08:58:26,380 [356a349a-c9c9-49f9-a5b1-196804736fbc:group-B2753799F5F6:LeaderElection24] INFO  impl.LeaderElection (LeaderElection.java:askForVotes(181)) - 356a349a-c9c9-49f9-a5b1-196804736fbc:group-B2753799F5F6:LeaderElection24: begin an election at term 1 for -1: [356a349a-c9c9-49f9-a5b1-196804736fbc:192.168.34.5:46709], old=null
2019-09-19 08:58:26,380 [356a349a-c9c9-49f9-a5b1-196804736fbc:group-B2753799F5F6:LeaderElection24] INFO  impl.RoleInfo (RoleInfo.java:shutdownLeaderElection(134)) - 356a349a-c9c9-49f9-a5b1-196804736fbc: shutdown LeaderElection
2019-09-19 08:58:26,380 [356a349a-c9c9-49f9-a5b1-196804736fbc:group-B2753799F5F6:LeaderElection24] INFO  impl.RaftServerImpl (RaftServerImpl.java:setRole(171)) - 356a349a-c9c9-49f9-a5b1-196804736fbc:group-B2753799F5F6 changes role from CANDIDATE to LEADER at term 1 for changeToLeader
2019-09-19 08:58:26,381 [356a349a-c9c9-49f9-a5b1-196804736fbc:group-B2753799F5F6:LeaderElection24] INFO  impl.RaftServerImpl (ServerState.java:setLeader(263)) - 356a349a-c9c9-49f9-a5b1-196804736fbc:group-B2753799F5F6 change Leader from null to 356a349a-c9c9-49f9-a5b1-196804736fbc at term 1 for becomeLeader, leader elected after 1194ms
2019-09-19 08:58:26,381 [356a349a-c9c9-49f9-a5b1-196804736fbc:group-B2753799F5F6:LeaderElection24] INFO  server.RaftServerConfigKeys (ConfUtils.java:logGet(43)) - raft.server.staging.catchup.gap = 1000 (default)
2019-09-19 08:58:26,381 [356a349a-c9c9-49f9-a5b1-196804736fbc:group-B2753799F5F6:LeaderElection24] INFO  server.RaftServerConfigKeys (ConfUtils.java:logGet(43)) - raft.server.rpc.sleep.time = 25ms (default)
2019-09-19 08:58:26,381 [356a349a-c9c9-49f9-a5b1-196804736fbc:group-B2753799F5F6:LeaderElection24] INFO  server.RaftServerConfigKeys (ConfUtils.java:logGet(43)) - raft.server.write.element-limit = 4096 (default)
2019-09-19 08:58:26,381 [356a349a-c9c9-49f9-a5b1-196804736fbc:group-B2753799F5F6:LeaderElection24] INFO  server.RaftServerConfigKeys (ConfUtils.java:logGet(43)) - raft.server.watch.timeout = 10s (default)
2019-09-19 08:58:26,381 [356a349a-c9c9-49f9-a5b1-196804736fbc:group-B2753799F5F6:LeaderElection24] INFO  server.RaftServerConfigKeys (ConfUtils.java:logGet(43)) - raft.server.watch.timeout.denomination = 1s (default)
2019-09-19 08:58:26,381 [356a349a-c9c9-49f9-a5b1-196804736fbc:group-B2753799F5F6:LeaderElection24] INFO  server.RaftServerConfigKeys (ConfUtils.java:logGet(43)) - raft.server.watch.element-limit = 65536 (default)
2019-09-19 08:58:26,381 [356a349a-c9c9-49f9-a5b1-196804736fbc:group-B2753799F5F6:LeaderElection24] INFO  impl.RoleInfo (RoleInfo.java:updateAndGet(143)) - 356a349a-c9c9-49f9-a5b1-196804736fbc: start LeaderState
2019-09-19 08:58:26,381 [356a349a-c9c9-49f9-a5b1-196804736fbc:group-B2753799F5F6:LeaderElection24] INFO  segmented.SegmentedRaftLogWorker (SegmentedRaftLogWorker.java:startLogSegment(380)) - 356a349a-c9c9-49f9-a5b1-196804736fbc-SegmentedRaftLogWorker:Storage Directory /workdir/hadoop-ozone/integration-test/target/test-dir/MiniOzoneClusterImpl-072ceacc-f14a-494c-b049-5b6ad59b8d93/datanode-1/data/ratis/a0632a04-bc9d-4f3b-92e2-b2753799f5f6: Starting segment from index:0
2019-09-19 08:58:26,382 [356a349a-c9c9-49f9-a5b1-196804736fbc:group-B2753799F5F6:LeaderElection24] INFO  impl.RaftServerImpl (ServerState.java:setRaftConf(361)) - 356a349a-c9c9-49f9-a5b1-196804736fbc:group-B2753799F5F6 set configuration 0: [356a349a-c9c9-49f9-a5b1-196804736fbc:192.168.34.5:46709], old=null at 0
2019-09-19 08:58:26,408 [grpc-default-executor-1] INFO  impl.RaftServerProxy (RaftServerProxy.java:addNew(89)) - 5655ea38-4aa2-40a6-aaa3-4d444347e46a: addNew group-43EDCDB84C5D:[5655ea38-4aa2-40a6-aaa3-4d444347e46a:192.168.34.5:39771] returns group-43EDCDB84C5D:java.util.concurrent.CompletableFuture@13a15390[Not completed]
2019-09-19 08:58:26,409 [pool-60-thread-1] INFO  impl.RaftServerImpl (RaftServerImpl.java:<init>(93)) - 5655ea38-4aa2-40a6-aaa3-4d444347e46a: new RaftServerImpl for group-43EDCDB84C5D:[5655ea38-4aa2-40a6-aaa3-4d444347e46a:192.168.34.5:39771] with ContainerStateMachine:uninitialized
2019-09-19 08:58:26,409 [pool-60-thread-1] INFO  server.RaftServerConfigKeys (ConfUtils.java:logGet(43)) - raft.server.rpc.timeout.min = 1s (custom)
2019-09-19 08:58:26,409 [pool-60-thread-1] INFO  server.RaftServerConfigKeys (ConfUtils.java:logGet(43)) - raft.server.rpc.timeout.max = 1200ms (custom)
2019-09-19 08:58:26,410 [pool-60-thread-1] INFO  server.RaftServerConfigKeys (ConfUtils.java:logGet(43)) - raft.server.rpcslowness.timeout = 120s (custom)
2019-09-19 08:58:26,410 [pool-60-thread-1] INFO  server.RaftServerConfigKeys (ConfUtils.java:logGet(43)) - raft.server.sleep.deviation.threshold = 300 (default)
2019-09-19 08:58:26,410 [pool-60-thread-1] INFO  server.RaftServerConfigKeys (ConfUtils.java:logGet(43)) - raft.server.log.appender.install.snapshot.enabled = false (custom)
2019-09-19 08:58:26,410 [pool-60-thread-1] INFO  impl.RaftServerImpl (ServerState.java:<init>(105)) - 5655ea38-4aa2-40a6-aaa3-4d444347e46a:group-43EDCDB84C5D ConfigurationManager, init=-1: [5655ea38-4aa2-40a6-aaa3-4d444347e46a:192.168.34.5:39771], old=null, confs=<EMPTY_MAP>
2019-09-19 08:58:26,410 [pool-60-thread-1] INFO  server.RaftServerConfigKeys (ConfUtils.java:logGet(43)) - raft.server.storage.dir = [/workdir/hadoop-ozone/integration-test/target/test-dir/MiniOzoneClusterImpl-072ceacc-f14a-494c-b049-5b6ad59b8d93/datanode-3/data/ratis] (custom)
2019-09-19 08:58:26,410 [pool-60-thread-1] INFO  storage.RaftStorageDirectory (RaftStorageDirectory.java:analyzeStorage(246)) - The storage directory /workdir/hadoop-ozone/integration-test/target/test-dir/MiniOzoneClusterImpl-072ceacc-f14a-494c-b049-5b6ad59b8d93/datanode-3/data/ratis/f002742d-8a0c-420c-864a-43edcdb84c5d does not exist. Creating ...
2019-09-19 08:58:26,419 [pool-60-thread-1] INFO  storage.RaftStorageDirectory (RaftStorageDirectory.java:tryLock(328)) - Lock on /workdir/hadoop-ozone/integration-test/target/test-dir/MiniOzoneClusterImpl-072ceacc-f14a-494c-b049-5b6ad59b8d93/datanode-3/data/ratis/f002742d-8a0c-420c-864a-43edcdb84c5d/in_use.lock acquired by nodename 8013@pr-hdds-1569-j4bt4-3030777008
2019-09-19 08:58:26,419 [356a349a-c9c9-49f9-a5b1-196804736fbc-SegmentedRaftLogWorker:Storage Directory /workdir/hadoop-ozone/integration-test/target/test-dir/MiniOzoneClusterImpl-072ceacc-f14a-494c-b049-5b6ad59b8d93/datanode-1/data/ratis/a0632a04-bc9d-4f3b-92e2-b2753799f5f6] INFO  segmented.SegmentedRaftLogWorker (SegmentedRaftLogWorker.java:execute(569)) - 356a349a-c9c9-49f9-a5b1-196804736fbc-SegmentedRaftLogWorker:Storage Directory /workdir/hadoop-ozone/integration-test/target/test-dir/MiniOzoneClusterImpl-072ceacc-f14a-494c-b049-5b6ad59b8d93/datanode-1/data/ratis/a0632a04-bc9d-4f3b-92e2-b2753799f5f6: created new log segment /workdir/hadoop-ozone/integration-test/target/test-dir/MiniOzoneClusterImpl-072ceacc-f14a-494c-b049-5b6ad59b8d93/datanode-1/data/ratis/a0632a04-bc9d-4f3b-92e2-b2753799f5f6/current/log_inprogress_0
2019-09-19 08:58:26,422 | INFO  | SCMAudit | user=jenkins1000 | ip=192.168.34.5 | op=SEND_HEARTBEAT {datanodeUUID=1ad3fd21-b666-4d4e-8138-b5cd04f973fd, command=[]} | ret=SUCCESS |  
2019-09-19 08:58:26,433 [pool-60-thread-1] INFO  storage.RaftStorage (RaftStorage.java:format(72)) - Storage directory /workdir/hadoop-ozone/integration-test/target/test-dir/MiniOzoneClusterImpl-072ceacc-f14a-494c-b049-5b6ad59b8d93/datanode-3/data/ratis/f002742d-8a0c-420c-864a-43edcdb84c5d has been successfully formatted.
2019-09-19 08:58:26,433 [pool-60-thread-1] INFO  ratis.ContainerStateMachine (ContainerStateMachine.java:loadSnapshot(226)) - group-43EDCDB84C5D: The snapshot info is null. Setting the last applied indexto:(t:0, i:~)
2019-09-19 08:58:26,433 [pool-60-thread-1] INFO  server.RaftServerConfigKeys (ConfUtils.java:logGet(43)) - raft.server.leader.election.timeout = 120s (custom)
2019-09-19 08:58:26,433 [pool-60-thread-1] INFO  server.RaftServerConfigKeys (ConfUtils.java:logGet(43)) - raft.server.log.use.memory = false (default)
2019-09-19 08:58:26,433 [pool-60-thread-1] INFO  server.RaftServerConfigKeys (ConfUtils.java:logGet(43)) - raft.server.log.purge.gap = 1000000 (custom)
2019-09-19 08:58:26,433 [pool-60-thread-1] INFO  server.RaftServerConfigKeys (ConfUtils.java:logGet(43)) - raft.server.log.appender.buffer.byte-limit = 33554432 (custom)
2019-09-19 08:58:26,434 [pool-60-thread-1] INFO  server.RaftServerConfigKeys (ConfUtils.java:logGet(43)) - raft.server.log.segment.size.max = 1048576 (custom)
2019-09-19 08:58:26,434 [pool-60-thread-1] INFO  server.RaftServerConfigKeys (ConfUtils.java:logGet(43)) - raft.server.log.segment.cache.num.max = 2 (custom)
2019-09-19 08:58:26,434 [pool-60-thread-1] INFO  segmented.SegmentedRaftLogWorker (SegmentedRaftLogWorker.java:<init>(172)) - new 5655ea38-4aa2-40a6-aaa3-4d444347e46a-SegmentedRaftLogWorker:Storage Directory /workdir/hadoop-ozone/integration-test/target/test-dir/MiniOzoneClusterImpl-072ceacc-f14a-494c-b049-5b6ad59b8d93/datanode-3/data/ratis/f002742d-8a0c-420c-864a-43edcdb84c5d for RaftStorage:Storage Directory /workdir/hadoop-ozone/integration-test/target/test-dir/MiniOzoneClusterImpl-072ceacc-f14a-494c-b049-5b6ad59b8d93/datanode-3/data/ratis/f002742d-8a0c-420c-864a-43edcdb84c5d
2019-09-19 08:58:26,434 [pool-60-thread-1] INFO  server.RaftServerConfigKeys (ConfUtils.java:logGet(43)) - raft.server.log.queue.byte-limit = 2147483647 (custom)
2019-09-19 08:58:26,434 [pool-60-thread-1] INFO  server.RaftServerConfigKeys (ConfUtils.java:logGet(43)) - raft.server.log.queue.element-limit = 1024 (custom)
2019-09-19 08:58:26,434 [pool-60-thread-1] INFO  server.RaftServerConfigKeys (ConfUtils.java:logGet(43)) - raft.server.log.segment.size.max = 1048576 (custom)
2019-09-19 08:58:26,434 [pool-60-thread-1] INFO  server.RaftServerConfigKeys (ConfUtils.java:logGet(43)) - raft.server.log.preallocated.size = 16384 (custom)
2019-09-19 08:58:26,434 [pool-60-thread-1] INFO  server.RaftServerConfigKeys (ConfUtils.java:logGet(43)) - raft.server.log.write.buffer.size = 33554432 (custom)
2019-09-19 08:58:26,434 [pool-60-thread-1] INFO  server.RaftServerConfigKeys (ConfUtils.java:logGet(43)) - raft.server.log.force.sync.num = 128 (default)
2019-09-19 08:58:26,434 [pool-60-thread-1] INFO  server.RaftServerConfigKeys (ConfUtils.java:logGet(43)) - raft.server.log.statemachine.data.sync = true (default)
2019-09-19 08:58:26,435 [pool-60-thread-1] INFO  server.RaftServerConfigKeys (ConfUtils.java:logGet(43)) - raft.server.log.statemachine.data.sync.timeout = 10s (default)
2019-09-19 08:58:26,435 [pool-60-thread-1] INFO  server.RaftServerConfigKeys (ConfUtils.java:logGet(43)) - raft.server.log.statemachine.data.sync.timeout.retry = -1 (default)
2019-09-19 08:58:26,435 [pool-60-thread-1] INFO  server.RaftServerConfigKeys (ConfUtils.java:logGet(43)) - raft.server.log.statemachine.data.caching.enabled = true (custom)
2019-09-19 08:58:26,435 [pool-60-thread-1] INFO  segmented.SegmentedRaftLogWorker (SegmentedRaftLogWorker.java:lambda$new$0(132)) - 5655ea38-4aa2-40a6-aaa3-4d444347e46a-SegmentedRaftLogWorker:Storage Directory /workdir/hadoop-ozone/integration-test/target/test-dir/MiniOzoneClusterImpl-072ceacc-f14a-494c-b049-5b6ad59b8d93/datanode-3/data/ratis/f002742d-8a0c-420c-864a-43edcdb84c5d: flushIndex: setUnconditionally 0 -> -1
2019-09-19 08:58:26,435 [pool-60-thread-1] INFO  server.RaftServerConfigKeys (ConfUtils.java:logGet(43)) - raft.server.snapshot.auto.trigger.enabled = true (custom)
2019-09-19 08:58:26,435 [pool-60-thread-1] INFO  server.RaftServerConfigKeys (ConfUtils.java:logGet(43)) - raft.server.snapshot.auto.trigger.threshold = 10000 (custom)
2019-09-19 08:58:26,436 [pool-60-thread-1] INFO  server.RaftServerConfigKeys (ConfUtils.java:logGet(43)) - raft.server.retrycache.expirytime = 600000ms (custom)
2019-09-19 08:58:26,436 [pool-60-thread-1] INFO  impl.RaftServerImpl (RaftServerImpl.java:start(180)) - 5655ea38-4aa2-40a6-aaa3-4d444347e46a: start group-43EDCDB84C5D
2019-09-19 08:58:26,436 [pool-60-thread-1] INFO  impl.RaftServerImpl (RaftServerImpl.java:setRole(171)) - 5655ea38-4aa2-40a6-aaa3-4d444347e46a:group-43EDCDB84C5D changes role from null to FOLLOWER at term 0 for startAsFollower
2019-09-19 08:58:26,436 [pool-60-thread-1] INFO  impl.RoleInfo (RoleInfo.java:updateAndGet(143)) - 5655ea38-4aa2-40a6-aaa3-4d444347e46a: start FollowerState
2019-09-19 08:58:26,436 [pool-60-thread-1] INFO  util.JmxRegister (JmxRegister.java:tryRegister(44)) - Successfully registered JMX Bean with object name Ratis:service=RaftServer,group=group-43EDCDB84C5D,id=5655ea38-4aa2-40a6-aaa3-4d444347e46a
2019-09-19 08:58:26,441 [RatisPipelineUtilsThread] INFO  pipeline.PipelineStateManager (PipelineStateManager.java:addPipeline(56)) - Created pipeline Pipeline[ Id: f002742d-8a0c-420c-864a-43edcdb84c5d, Nodes: 5655ea38-4aa2-40a6-aaa3-4d444347e46a{ip: 192.168.34.5, host: pr-hdds-1569-j4bt4-3030777008, networkLocation: /default-rack, certSerialId: null}, Type:RATIS, Factor:ONE, State:OPEN]
2019-09-19 08:58:26,441 [RatisPipelineUtilsThread] ERROR pipeline.PipelinePlacementPolicy (PipelinePlacementPolicy.java:meetCriteria(91)) - Pipeline Placement: Doesn't meet the criteria to be viable node. Heaviness: 6
2019-09-19 08:58:26,442 [RatisPipelineUtilsThread] ERROR pipeline.PipelinePlacementPolicy (PipelinePlacementPolicy.java:meetCriteria(91)) - Pipeline Placement: Doesn't meet the criteria to be viable node. Heaviness: 6
2019-09-19 08:58:26,442 [RatisPipelineUtilsThread] ERROR pipeline.PipelinePlacementPolicy (PipelinePlacementPolicy.java:meetCriteria(91)) - Pipeline Placement: Doesn't meet the criteria to be viable node. Heaviness: 6
2019-09-19 08:58:26,450 [grpc-default-executor-1] INFO  impl.RaftServerProxy (RaftServerProxy.java:addNew(89)) - 5655ea38-4aa2-40a6-aaa3-4d444347e46a: addNew group-16347C64E8AF:[5655ea38-4aa2-40a6-aaa3-4d444347e46a:192.168.34.5:39771] returns group-16347C64E8AF:java.util.concurrent.CompletableFuture@4f99daf6[Not completed]
2019-09-19 08:58:26,451 [pool-60-thread-1] INFO  impl.RaftServerImpl (RaftServerImpl.java:<init>(93)) - 5655ea38-4aa2-40a6-aaa3-4d444347e46a: new RaftServerImpl for group-16347C64E8AF:[5655ea38-4aa2-40a6-aaa3-4d444347e46a:192.168.34.5:39771] with ContainerStateMachine:uninitialized
2019-09-19 08:58:26,451 [pool-60-thread-1] INFO  server.RaftServerConfigKeys (ConfUtils.java:logGet(43)) - raft.server.rpc.timeout.min = 1s (custom)
2019-09-19 08:58:26,451 [pool-60-thread-1] INFO  server.RaftServerConfigKeys (ConfUtils.java:logGet(43)) - raft.server.rpc.timeout.max = 1200ms (custom)
2019-09-19 08:58:26,451 [pool-60-thread-1] INFO  server.RaftServerConfigKeys (ConfUtils.java:logGet(43)) - raft.server.rpcslowness.timeout = 120s (custom)
2019-09-19 08:58:26,451 [pool-60-thread-1] INFO  server.RaftServerConfigKeys (ConfUtils.java:logGet(43)) - raft.server.sleep.deviation.threshold = 300 (default)
2019-09-19 08:58:26,451 [pool-60-thread-1] INFO  server.RaftServerConfigKeys (ConfUtils.java:logGet(43)) - raft.server.log.appender.install.snapshot.enabled = false (custom)
2019-09-19 08:58:26,451 [pool-60-thread-1] INFO  impl.RaftServerImpl (ServerState.java:<init>(105)) - 5655ea38-4aa2-40a6-aaa3-4d444347e46a:group-16347C64E8AF ConfigurationManager, init=-1: [5655ea38-4aa2-40a6-aaa3-4d444347e46a:192.168.34.5:39771], old=null, confs=<EMPTY_MAP>
2019-09-19 08:58:26,451 [pool-60-thread-1] INFO  server.RaftServerConfigKeys (ConfUtils.java:logGet(43)) - raft.server.storage.dir = [/workdir/hadoop-ozone/integration-test/target/test-dir/MiniOzoneClusterImpl-072ceacc-f14a-494c-b049-5b6ad59b8d93/datanode-3/data/ratis] (custom)
2019-09-19 08:58:26,452 [pool-60-thread-1] INFO  storage.RaftStorageDirectory (RaftStorageDirectory.java:analyzeStorage(246)) - The storage directory /workdir/hadoop-ozone/integration-test/target/test-dir/MiniOzoneClusterImpl-072ceacc-f14a-494c-b049-5b6ad59b8d93/datanode-3/data/ratis/c38715ff-6ebc-41fd-8d89-16347c64e8af does not exist. Creating ...
2019-09-19 08:58:26,464 [pool-60-thread-1] INFO  storage.RaftStorageDirectory (RaftStorageDirectory.java:tryLock(328)) - Lock on /workdir/hadoop-ozone/integration-test/target/test-dir/MiniOzoneClusterImpl-072ceacc-f14a-494c-b049-5b6ad59b8d93/datanode-3/data/ratis/c38715ff-6ebc-41fd-8d89-16347c64e8af/in_use.lock acquired by nodename 8013@pr-hdds-1569-j4bt4-3030777008
2019-09-19 08:58:26,476 [pool-60-thread-1] INFO  storage.RaftStorage (RaftStorage.java:format(72)) - Storage directory /workdir/hadoop-ozone/integration-test/target/test-dir/MiniOzoneClusterImpl-072ceacc-f14a-494c-b049-5b6ad59b8d93/datanode-3/data/ratis/c38715ff-6ebc-41fd-8d89-16347c64e8af has been successfully formatted.
2019-09-19 08:58:26,476 [pool-60-thread-1] INFO  ratis.ContainerStateMachine (ContainerStateMachine.java:loadSnapshot(226)) - group-16347C64E8AF: The snapshot info is null. Setting the last applied indexto:(t:0, i:~)
2019-09-19 08:58:26,477 [pool-60-thread-1] INFO  server.RaftServerConfigKeys (ConfUtils.java:logGet(43)) - raft.server.leader.election.timeout = 120s (custom)
2019-09-19 08:58:26,477 [pool-60-thread-1] INFO  server.RaftServerConfigKeys (ConfUtils.java:logGet(43)) - raft.server.log.use.memory = false (default)
2019-09-19 08:58:26,477 [pool-60-thread-1] INFO  server.RaftServerConfigKeys (ConfUtils.java:logGet(43)) - raft.server.log.purge.gap = 1000000 (custom)
2019-09-19 08:58:26,477 [pool-60-thread-1] INFO  server.RaftServerConfigKeys (ConfUtils.java:logGet(43)) - raft.server.log.appender.buffer.byte-limit = 33554432 (custom)
2019-09-19 08:58:26,477 [pool-60-thread-1] INFO  server.RaftServerConfigKeys (ConfUtils.java:logGet(43)) - raft.server.log.segment.size.max = 1048576 (custom)
2019-09-19 08:58:26,477 [pool-60-thread-1] INFO  server.RaftServerConfigKeys (ConfUtils.java:logGet(43)) - raft.server.log.segment.cache.num.max = 2 (custom)
2019-09-19 08:58:26,477 [pool-60-thread-1] INFO  segmented.SegmentedRaftLogWorker (SegmentedRaftLogWorker.java:<init>(172)) - new 5655ea38-4aa2-40a6-aaa3-4d444347e46a-SegmentedRaftLogWorker:Storage Directory /workdir/hadoop-ozone/integration-test/target/test-dir/MiniOzoneClusterImpl-072ceacc-f14a-494c-b049-5b6ad59b8d93/datanode-3/data/ratis/c38715ff-6ebc-41fd-8d89-16347c64e8af for RaftStorage:Storage Directory /workdir/hadoop-ozone/integration-test/target/test-dir/MiniOzoneClusterImpl-072ceacc-f14a-494c-b049-5b6ad59b8d93/datanode-3/data/ratis/c38715ff-6ebc-41fd-8d89-16347c64e8af
2019-09-19 08:58:26,477 [pool-60-thread-1] INFO  server.RaftServerConfigKeys (ConfUtils.java:logGet(43)) - raft.server.log.queue.byte-limit = 2147483647 (custom)
2019-09-19 08:58:26,477 [pool-60-thread-1] INFO  server.RaftServerConfigKeys (ConfUtils.java:logGet(43)) - raft.server.log.queue.element-limit = 1024 (custom)
2019-09-19 08:58:26,478 [pool-60-thread-1] INFO  server.RaftServerConfigKeys (ConfUtils.java:logGet(43)) - raft.server.log.segment.size.max = 1048576 (custom)
2019-09-19 08:58:26,478 [pool-60-thread-1] INFO  server.RaftServerConfigKeys (ConfUtils.java:logGet(43)) - raft.server.log.preallocated.size = 16384 (custom)
2019-09-19 08:58:26,478 [pool-60-thread-1] INFO  server.RaftServerConfigKeys (ConfUtils.java:logGet(43)) - raft.server.log.write.buffer.size = 33554432 (custom)
2019-09-19 08:58:26,478 [pool-60-thread-1] INFO  server.RaftServerConfigKeys (ConfUtils.java:logGet(43)) - raft.server.log.force.sync.num = 128 (default)
2019-09-19 08:58:26,478 [pool-60-thread-1] INFO  server.RaftServerConfigKeys (ConfUtils.java:logGet(43)) - raft.server.log.statemachine.data.sync = true (default)
2019-09-19 08:58:26,478 [pool-60-thread-1] INFO  server.RaftServerConfigKeys (ConfUtils.java:logGet(43)) - raft.server.log.statemachine.data.sync.timeout = 10s (default)
2019-09-19 08:58:26,478 [pool-60-thread-1] INFO  server.RaftServerConfigKeys (ConfUtils.java:logGet(43)) - raft.server.log.statemachine.data.sync.timeout.retry = -1 (default)
2019-09-19 08:58:26,478 [pool-60-thread-1] INFO  server.RaftServerConfigKeys (ConfUtils.java:logGet(43)) - raft.server.log.statemachine.data.caching.enabled = true (custom)
2019-09-19 08:58:26,478 [pool-60-thread-1] INFO  segmented.SegmentedRaftLogWorker (SegmentedRaftLogWorker.java:lambda$new$0(132)) - 5655ea38-4aa2-40a6-aaa3-4d444347e46a-SegmentedRaftLogWorker:Storage Directory /workdir/hadoop-ozone/integration-test/target/test-dir/MiniOzoneClusterImpl-072ceacc-f14a-494c-b049-5b6ad59b8d93/datanode-3/data/ratis/c38715ff-6ebc-41fd-8d89-16347c64e8af: flushIndex: setUnconditionally 0 -> -1
2019-09-19 08:58:26,479 [pool-60-thread-1] INFO  server.RaftServerConfigKeys (ConfUtils.java:logGet(43)) - raft.server.snapshot.auto.trigger.enabled = true (custom)
2019-09-19 08:58:26,479 [pool-60-thread-1] INFO  server.RaftServerConfigKeys (ConfUtils.java:logGet(43)) - raft.server.snapshot.auto.trigger.threshold = 10000 (custom)
2019-09-19 08:58:26,479 [pool-60-thread-1] INFO  server.RaftServerConfigKeys (ConfUtils.java:logGet(43)) - raft.server.retrycache.expirytime = 600000ms (custom)
2019-09-19 08:58:26,479 [pool-60-thread-1] INFO  impl.RaftServerImpl (RaftServerImpl.java:start(180)) - 5655ea38-4aa2-40a6-aaa3-4d444347e46a: start group-16347C64E8AF
2019-09-19 08:58:26,479 [pool-60-thread-1] INFO  impl.RaftServerImpl (RaftServerImpl.java:setRole(171)) - 5655ea38-4aa2-40a6-aaa3-4d444347e46a:group-16347C64E8AF changes role from null to FOLLOWER at term 0 for startAsFollower
2019-09-19 08:58:26,479 [pool-60-thread-1] INFO  impl.RoleInfo (RoleInfo.java:updateAndGet(143)) - 5655ea38-4aa2-40a6-aaa3-4d444347e46a: start FollowerState
2019-09-19 08:58:26,480 [pool-60-thread-1] INFO  util.JmxRegister (JmxRegister.java:tryRegister(44)) - Successfully registered JMX Bean with object name Ratis:service=RaftServer,group=group-16347C64E8AF,id=5655ea38-4aa2-40a6-aaa3-4d444347e46a
2019-09-19 08:58:26,486 [RatisPipelineUtilsThread] INFO  pipeline.PipelineStateManager (PipelineStateManager.java:addPipeline(56)) - Created pipeline Pipeline[ Id: c38715ff-6ebc-41fd-8d89-16347c64e8af, Nodes: 5655ea38-4aa2-40a6-aaa3-4d444347e46a{ip: 192.168.34.5, host: pr-hdds-1569-j4bt4-3030777008, networkLocation: /default-rack, certSerialId: null}, Type:RATIS, Factor:ONE, State:OPEN]
2019-09-19 08:58:26,486 [RatisPipelineUtilsThread] ERROR pipeline.PipelinePlacementPolicy (PipelinePlacementPolicy.java:meetCriteria(91)) - Pipeline Placement: Doesn't meet the criteria to be viable node. Heaviness: 6
2019-09-19 08:58:26,487 [RatisPipelineUtilsThread] ERROR pipeline.PipelinePlacementPolicy (PipelinePlacementPolicy.java:meetCriteria(91)) - Pipeline Placement: Doesn't meet the criteria to be viable node. Heaviness: 6
2019-09-19 08:58:26,487 [RatisPipelineUtilsThread] ERROR pipeline.PipelinePlacementPolicy (PipelinePlacementPolicy.java:meetCriteria(91)) - Pipeline Placement: Doesn't meet the criteria to be viable node. Heaviness: 6
2019-09-19 08:58:26,507 [grpc-default-executor-1] INFO  impl.RaftServerProxy (RaftServerProxy.java:addNew(89)) - 5655ea38-4aa2-40a6-aaa3-4d444347e46a: addNew group-5A7A6D5CC341:[5655ea38-4aa2-40a6-aaa3-4d444347e46a:192.168.34.5:39771] returns group-5A7A6D5CC341:java.util.concurrent.CompletableFuture@21a7305c[Not completed]
2019-09-19 08:58:26,508 [pool-60-thread-1] INFO  impl.RaftServerImpl (RaftServerImpl.java:<init>(93)) - 5655ea38-4aa2-40a6-aaa3-4d444347e46a: new RaftServerImpl for group-5A7A6D5CC341:[5655ea38-4aa2-40a6-aaa3-4d444347e46a:192.168.34.5:39771] with ContainerStateMachine:uninitialized
2019-09-19 08:58:26,509 [pool-60-thread-1] INFO  server.RaftServerConfigKeys (ConfUtils.java:logGet(43)) - raft.server.rpc.timeout.min = 1s (custom)
2019-09-19 08:58:26,509 [pool-60-thread-1] INFO  server.RaftServerConfigKeys (ConfUtils.java:logGet(43)) - raft.server.rpc.timeout.max = 1200ms (custom)
2019-09-19 08:58:26,509 [pool-60-thread-1] INFO  server.RaftServerConfigKeys (ConfUtils.java:logGet(43)) - raft.server.rpcslowness.timeout = 120s (custom)
2019-09-19 08:58:26,509 [pool-60-thread-1] INFO  server.RaftServerConfigKeys (ConfUtils.java:logGet(43)) - raft.server.sleep.deviation.threshold = 300 (default)
2019-09-19 08:58:26,509 [pool-60-thread-1] INFO  server.RaftServerConfigKeys (ConfUtils.java:logGet(43)) - raft.server.log.appender.install.snapshot.enabled = false (custom)
2019-09-19 08:58:26,509 [pool-60-thread-1] INFO  impl.RaftServerImpl (ServerState.java:<init>(105)) - 5655ea38-4aa2-40a6-aaa3-4d444347e46a:group-5A7A6D5CC341 ConfigurationManager, init=-1: [5655ea38-4aa2-40a6-aaa3-4d444347e46a:192.168.34.5:39771], old=null, confs=<EMPTY_MAP>
2019-09-19 08:58:26,509 [pool-60-thread-1] INFO  server.RaftServerConfigKeys (ConfUtils.java:logGet(43)) - raft.server.storage.dir = [/workdir/hadoop-ozone/integration-test/target/test-dir/MiniOzoneClusterImpl-072ceacc-f14a-494c-b049-5b6ad59b8d93/datanode-3/data/ratis] (custom)
2019-09-19 08:58:26,510 [pool-60-thread-1] INFO  storage.RaftStorageDirectory (RaftStorageDirectory.java:analyzeStorage(246)) - The storage directory /workdir/hadoop-ozone/integration-test/target/test-dir/MiniOzoneClusterImpl-072ceacc-f14a-494c-b049-5b6ad59b8d93/datanode-3/data/ratis/642838ce-cd62-40a6-ab85-5a7a6d5cc341 does not exist. Creating ...
2019-09-19 08:58:26,522 [pool-60-thread-1] INFO  storage.RaftStorageDirectory (RaftStorageDirectory.java:tryLock(328)) - Lock on /workdir/hadoop-ozone/integration-test/target/test-dir/MiniOzoneClusterImpl-072ceacc-f14a-494c-b049-5b6ad59b8d93/datanode-3/data/ratis/642838ce-cd62-40a6-ab85-5a7a6d5cc341/in_use.lock acquired by nodename 8013@pr-hdds-1569-j4bt4-3030777008
2019-09-19 08:58:26,525 [pool-60-thread-1] INFO  storage.RaftStorage (RaftStorage.java:format(72)) - Storage directory /workdir/hadoop-ozone/integration-test/target/test-dir/MiniOzoneClusterImpl-072ceacc-f14a-494c-b049-5b6ad59b8d93/datanode-3/data/ratis/642838ce-cd62-40a6-ab85-5a7a6d5cc341 has been successfully formatted.
2019-09-19 08:58:26,526 [pool-60-thread-1] INFO  ratis.ContainerStateMachine (ContainerStateMachine.java:loadSnapshot(226)) - group-5A7A6D5CC341: The snapshot info is null. Setting the last applied indexto:(t:0, i:~)
2019-09-19 08:58:26,526 [pool-60-thread-1] INFO  server.RaftServerConfigKeys (ConfUtils.java:logGet(43)) - raft.server.leader.election.timeout = 120s (custom)
2019-09-19 08:58:26,526 [pool-60-thread-1] INFO  server.RaftServerConfigKeys (ConfUtils.java:logGet(43)) - raft.server.log.use.memory = false (default)
2019-09-19 08:58:26,526 [pool-60-thread-1] INFO  server.RaftServerConfigKeys (ConfUtils.java:logGet(43)) - raft.server.log.purge.gap = 1000000 (custom)
2019-09-19 08:58:26,526 [pool-60-thread-1] INFO  server.RaftServerConfigKeys (ConfUtils.java:logGet(43)) - raft.server.log.appender.buffer.byte-limit = 33554432 (custom)
2019-09-19 08:58:26,526 [pool-60-thread-1] INFO  server.RaftServerConfigKeys (ConfUtils.java:logGet(43)) - raft.server.log.segment.size.max = 1048576 (custom)
2019-09-19 08:58:26,526 [pool-60-thread-1] INFO  server.RaftServerConfigKeys (ConfUtils.java:logGet(43)) - raft.server.log.segment.cache.num.max = 2 (custom)
2019-09-19 08:58:26,526 [pool-60-thread-1] INFO  segmented.SegmentedRaftLogWorker (SegmentedRaftLogWorker.java:<init>(172)) - new 5655ea38-4aa2-40a6-aaa3-4d444347e46a-SegmentedRaftLogWorker:Storage Directory /workdir/hadoop-ozone/integration-test/target/test-dir/MiniOzoneClusterImpl-072ceacc-f14a-494c-b049-5b6ad59b8d93/datanode-3/data/ratis/642838ce-cd62-40a6-ab85-5a7a6d5cc341 for RaftStorage:Storage Directory /workdir/hadoop-ozone/integration-test/target/test-dir/MiniOzoneClusterImpl-072ceacc-f14a-494c-b049-5b6ad59b8d93/datanode-3/data/ratis/642838ce-cd62-40a6-ab85-5a7a6d5cc341
2019-09-19 08:58:26,526 [pool-60-thread-1] INFO  server.RaftServerConfigKeys (ConfUtils.java:logGet(43)) - raft.server.log.queue.byte-limit = 2147483647 (custom)
2019-09-19 08:58:26,527 [pool-60-thread-1] INFO  server.RaftServerConfigKeys (ConfUtils.java:logGet(43)) - raft.server.log.queue.element-limit = 1024 (custom)
2019-09-19 08:58:26,527 [pool-60-thread-1] INFO  server.RaftServerConfigKeys (ConfUtils.java:logGet(43)) - raft.server.log.segment.size.max = 1048576 (custom)
2019-09-19 08:58:26,527 [pool-60-thread-1] INFO  server.RaftServerConfigKeys (ConfUtils.java:logGet(43)) - raft.server.log.preallocated.size = 16384 (custom)
2019-09-19 08:58:26,527 [pool-60-thread-1] INFO  server.RaftServerConfigKeys (ConfUtils.java:logGet(43)) - raft.server.log.write.buffer.size = 33554432 (custom)
2019-09-19 08:58:26,527 [pool-60-thread-1] INFO  server.RaftServerConfigKeys (ConfUtils.java:logGet(43)) - raft.server.log.force.sync.num = 128 (default)
2019-09-19 08:58:26,527 [pool-60-thread-1] INFO  server.RaftServerConfigKeys (ConfUtils.java:logGet(43)) - raft.server.log.statemachine.data.sync = true (default)
2019-09-19 08:58:26,527 [pool-60-thread-1] INFO  server.RaftServerConfigKeys (ConfUtils.java:logGet(43)) - raft.server.log.statemachine.data.sync.timeout = 10s (default)
2019-09-19 08:58:26,527 [pool-60-thread-1] INFO  server.RaftServerConfigKeys (ConfUtils.java:logGet(43)) - raft.server.log.statemachine.data.sync.timeout.retry = -1 (default)
2019-09-19 08:58:26,527 [pool-60-thread-1] INFO  server.RaftServerConfigKeys (ConfUtils.java:logGet(43)) - raft.server.log.statemachine.data.caching.enabled = true (custom)
2019-09-19 08:58:26,528 [pool-60-thread-1] INFO  segmented.SegmentedRaftLogWorker (SegmentedRaftLogWorker.java:lambda$new$0(132)) - 5655ea38-4aa2-40a6-aaa3-4d444347e46a-SegmentedRaftLogWorker:Storage Directory /workdir/hadoop-ozone/integration-test/target/test-dir/MiniOzoneClusterImpl-072ceacc-f14a-494c-b049-5b6ad59b8d93/datanode-3/data/ratis/642838ce-cd62-40a6-ab85-5a7a6d5cc341: flushIndex: setUnconditionally 0 -> -1
2019-09-19 08:58:26,528 [pool-60-thread-1] INFO  server.RaftServerConfigKeys (ConfUtils.java:logGet(43)) - raft.server.snapshot.auto.trigger.enabled = true (custom)
2019-09-19 08:58:26,528 [pool-60-thread-1] INFO  server.RaftServerConfigKeys (ConfUtils.java:logGet(43)) - raft.server.snapshot.auto.trigger.threshold = 10000 (custom)
2019-09-19 08:58:26,528 [pool-60-thread-1] INFO  server.RaftServerConfigKeys (ConfUtils.java:logGet(43)) - raft.server.retrycache.expirytime = 600000ms (custom)
2019-09-19 08:58:26,528 [pool-60-thread-1] INFO  impl.RaftServerImpl (RaftServerImpl.java:start(180)) - 5655ea38-4aa2-40a6-aaa3-4d444347e46a: start group-5A7A6D5CC341
2019-09-19 08:58:26,528 [pool-60-thread-1] INFO  impl.RaftServerImpl (RaftServerImpl.java:setRole(171)) - 5655ea38-4aa2-40a6-aaa3-4d444347e46a:group-5A7A6D5CC341 changes role from null to FOLLOWER at term 0 for startAsFollower
2019-09-19 08:58:26,528 [pool-60-thread-1] INFO  impl.RoleInfo (RoleInfo.java:updateAndGet(143)) - 5655ea38-4aa2-40a6-aaa3-4d444347e46a: start FollowerState
2019-09-19 08:58:26,529 [pool-60-thread-1] INFO  util.JmxRegister (JmxRegister.java:tryRegister(44)) - Successfully registered JMX Bean with object name Ratis:service=RaftServer,group=group-5A7A6D5CC341,id=5655ea38-4aa2-40a6-aaa3-4d444347e46a
2019-09-19 08:58:26,536 | INFO  | SCMAudit | user=jenkins1000 | ip=192.168.34.5 | op=SEND_HEARTBEAT {datanodeUUID=356a349a-c9c9-49f9-a5b1-196804736fbc, command=[]} | ret=SUCCESS |  
2019-09-19 08:58:26,536 [RatisPipelineUtilsThread] INFO  pipeline.PipelineStateManager (PipelineStateManager.java:addPipeline(56)) - Created pipeline Pipeline[ Id: 642838ce-cd62-40a6-ab85-5a7a6d5cc341, Nodes: 5655ea38-4aa2-40a6-aaa3-4d444347e46a{ip: 192.168.34.5, host: pr-hdds-1569-j4bt4-3030777008, networkLocation: /default-rack, certSerialId: null}, Type:RATIS, Factor:ONE, State:OPEN]
2019-09-19 08:58:26,536 [RatisPipelineUtilsThread] ERROR pipeline.PipelinePlacementPolicy (PipelinePlacementPolicy.java:meetCriteria(91)) - Pipeline Placement: Doesn't meet the criteria to be viable node. Heaviness: 6
2019-09-19 08:58:26,536 [RatisPipelineUtilsThread] ERROR pipeline.PipelinePlacementPolicy (PipelinePlacementPolicy.java:meetCriteria(91)) - Pipeline Placement: Doesn't meet the criteria to be viable node. Heaviness: 6
2019-09-19 08:58:26,537 [RatisPipelineUtilsThread] ERROR pipeline.PipelinePlacementPolicy (PipelinePlacementPolicy.java:meetCriteria(91)) - Pipeline Placement: Doesn't meet the criteria to be viable node. Heaviness: 6
2019-09-19 08:58:26,537 [RatisPipelineUtilsThread] ERROR pipeline.PipelinePlacementPolicy (PipelinePlacementPolicy.java:meetCriteria(91)) - Pipeline Placement: Doesn't meet the criteria to be viable node. Heaviness: 6
2019-09-19 08:58:26,561 [grpc-default-executor-1] INFO  impl.RaftServerProxy (RaftServerProxy.java:addNew(89)) - 8a96a672-7e2f-4b1c-ac1e-ddd5d18a6d5d: addNew group-BBC11D96B68A:[8a96a672-7e2f-4b1c-ac1e-ddd5d18a6d5d:192.168.34.5:45218] returns group-BBC11D96B68A:java.util.concurrent.CompletableFuture@1d976a5[Not completed]
2019-09-19 08:58:26,562 [pool-27-thread-1] INFO  impl.RaftServerImpl (RaftServerImpl.java:<init>(93)) - 8a96a672-7e2f-4b1c-ac1e-ddd5d18a6d5d: new RaftServerImpl for group-BBC11D96B68A:[8a96a672-7e2f-4b1c-ac1e-ddd5d18a6d5d:192.168.34.5:45218] with ContainerStateMachine:uninitialized
2019-09-19 08:58:26,562 [pool-27-thread-1] INFO  server.RaftServerConfigKeys (ConfUtils.java:logGet(43)) - raft.server.rpc.timeout.min = 1s (custom)
2019-09-19 08:58:26,562 [pool-27-thread-1] INFO  server.RaftServerConfigKeys (ConfUtils.java:logGet(43)) - raft.server.rpc.timeout.max = 1200ms (custom)
2019-09-19 08:58:26,563 [pool-27-thread-1] INFO  server.RaftServerConfigKeys (ConfUtils.java:logGet(43)) - raft.server.rpcslowness.timeout = 120s (custom)
2019-09-19 08:58:26,563 [pool-27-thread-1] INFO  server.RaftServerConfigKeys (ConfUtils.java:logGet(43)) - raft.server.sleep.deviation.threshold = 300 (default)
2019-09-19 08:58:26,563 [pool-27-thread-1] INFO  server.RaftServerConfigKeys (ConfUtils.java:logGet(43)) - raft.server.log.appender.install.snapshot.enabled = false (custom)
2019-09-19 08:58:26,563 [pool-27-thread-1] INFO  impl.RaftServerImpl (ServerState.java:<init>(105)) - 8a96a672-7e2f-4b1c-ac1e-ddd5d18a6d5d:group-BBC11D96B68A ConfigurationManager, init=-1: [8a96a672-7e2f-4b1c-ac1e-ddd5d18a6d5d:192.168.34.5:45218], old=null, confs=<EMPTY_MAP>
2019-09-19 08:58:26,563 [pool-27-thread-1] INFO  server.RaftServerConfigKeys (ConfUtils.java:logGet(43)) - raft.server.storage.dir = [/workdir/hadoop-ozone/integration-test/target/test-dir/MiniOzoneClusterImpl-072ceacc-f14a-494c-b049-5b6ad59b8d93/datanode-0/data/ratis] (custom)
2019-09-19 08:58:26,563 [pool-27-thread-1] INFO  storage.RaftStorageDirectory (RaftStorageDirectory.java:analyzeStorage(246)) - The storage directory /workdir/hadoop-ozone/integration-test/target/test-dir/MiniOzoneClusterImpl-072ceacc-f14a-494c-b049-5b6ad59b8d93/datanode-0/data/ratis/cb324c75-d6a8-42bb-a8c8-bbc11d96b68a does not exist. Creating ...
2019-09-19 08:58:26,566 [Thread-379] INFO  impl.FollowerState (FollowerState.java:run(106)) - 275daa4b-3482-4b8e-b64e-92089e0536ae:group-F0940BC13354 changes to CANDIDATE, lastRpcTime:1193, electionTimeout:1193ms
2019-09-19 08:58:26,566 [Thread-379] INFO  impl.RoleInfo (RoleInfo.java:shutdownFollowerState(121)) - 275daa4b-3482-4b8e-b64e-92089e0536ae: shutdown FollowerState
2019-09-19 08:58:26,566 [Thread-379] INFO  impl.RaftServerImpl (RaftServerImpl.java:setRole(171)) - 275daa4b-3482-4b8e-b64e-92089e0536ae:group-F0940BC13354 changes role from FOLLOWER to CANDIDATE at term 0 for changeToCandidate
2019-09-19 08:58:26,566 [Thread-379] INFO  impl.RoleInfo (RoleInfo.java:updateAndGet(143)) - 275daa4b-3482-4b8e-b64e-92089e0536ae: start LeaderElection
2019-09-19 08:58:26,593 [pool-27-thread-1] INFO  storage.RaftStorageDirectory (RaftStorageDirectory.java:tryLock(328)) - Lock on /workdir/hadoop-ozone/integration-test/target/test-dir/MiniOzoneClusterImpl-072ceacc-f14a-494c-b049-5b6ad59b8d93/datanode-0/data/ratis/cb324c75-d6a8-42bb-a8c8-bbc11d96b68a/in_use.lock acquired by nodename 8013@pr-hdds-1569-j4bt4-3030777008
2019-09-19 08:58:26,594 [275daa4b-3482-4b8e-b64e-92089e0536ae:group-F0940BC13354:LeaderElection25] INFO  impl.LeaderElection (LeaderElection.java:askForVotes(181)) - 275daa4b-3482-4b8e-b64e-92089e0536ae:group-F0940BC13354:LeaderElection25: begin an election at term 1 for -1: [275daa4b-3482-4b8e-b64e-92089e0536ae:192.168.34.5:37927], old=null
2019-09-19 08:58:26,594 [275daa4b-3482-4b8e-b64e-92089e0536ae:group-F0940BC13354:LeaderElection25] INFO  impl.RoleInfo (RoleInfo.java:shutdownLeaderElection(134)) - 275daa4b-3482-4b8e-b64e-92089e0536ae: shutdown LeaderElection
2019-09-19 08:58:26,594 [275daa4b-3482-4b8e-b64e-92089e0536ae:group-F0940BC13354:LeaderElection25] INFO  impl.RaftServerImpl (RaftServerImpl.java:setRole(171)) - 275daa4b-3482-4b8e-b64e-92089e0536ae:group-F0940BC13354 changes role from CANDIDATE to LEADER at term 1 for changeToLeader
2019-09-19 08:58:26,594 [275daa4b-3482-4b8e-b64e-92089e0536ae:group-F0940BC13354:LeaderElection25] INFO  impl.RaftServerImpl (ServerState.java:setLeader(263)) - 275daa4b-3482-4b8e-b64e-92089e0536ae:group-F0940BC13354 change Leader from null to 275daa4b-3482-4b8e-b64e-92089e0536ae at term 1 for becomeLeader, leader elected after 1237ms
2019-09-19 08:58:26,594 [275daa4b-3482-4b8e-b64e-92089e0536ae:group-F0940BC13354:LeaderElection25] INFO  server.RaftServerConfigKeys (ConfUtils.java:logGet(43)) - raft.server.staging.catchup.gap = 1000 (default)
2019-09-19 08:58:26,594 [275daa4b-3482-4b8e-b64e-92089e0536ae:group-F0940BC13354:LeaderElection25] INFO  server.RaftServerConfigKeys (ConfUtils.java:logGet(43)) - raft.server.rpc.sleep.time = 25ms (default)
2019-09-19 08:58:26,594 [275daa4b-3482-4b8e-b64e-92089e0536ae:group-F0940BC13354:LeaderElection25] INFO  server.RaftServerConfigKeys (ConfUtils.java:logGet(43)) - raft.server.write.element-limit = 4096 (default)
2019-09-19 08:58:26,595 [275daa4b-3482-4b8e-b64e-92089e0536ae:group-F0940BC13354:LeaderElection25] INFO  server.RaftServerConfigKeys (ConfUtils.java:logGet(43)) - raft.server.watch.timeout = 10s (default)
2019-09-19 08:58:26,595 [275daa4b-3482-4b8e-b64e-92089e0536ae:group-F0940BC13354:LeaderElection25] INFO  server.RaftServerConfigKeys (ConfUtils.java:logGet(43)) - raft.server.watch.timeout.denomination = 1s (default)
2019-09-19 08:58:26,595 [275daa4b-3482-4b8e-b64e-92089e0536ae:group-F0940BC13354:LeaderElection25] INFO  server.RaftServerConfigKeys (ConfUtils.java:logGet(43)) - raft.server.watch.element-limit = 65536 (default)
2019-09-19 08:58:26,595 [275daa4b-3482-4b8e-b64e-92089e0536ae:group-F0940BC13354:LeaderElection25] INFO  impl.RoleInfo (RoleInfo.java:updateAndGet(143)) - 275daa4b-3482-4b8e-b64e-92089e0536ae: start LeaderState
2019-09-19 08:58:26,595 [275daa4b-3482-4b8e-b64e-92089e0536ae:group-F0940BC13354:LeaderElection25] INFO  segmented.SegmentedRaftLogWorker (SegmentedRaftLogWorker.java:startLogSegment(380)) - 275daa4b-3482-4b8e-b64e-92089e0536ae-SegmentedRaftLogWorker:Storage Directory /workdir/hadoop-ozone/integration-test/target/test-dir/MiniOzoneClusterImpl-072ceacc-f14a-494c-b049-5b6ad59b8d93/datanode-6/data/ratis/becc3d35-9251-4f8e-a115-f0940bc13354: Starting segment from index:0
2019-09-19 08:58:26,595 [275daa4b-3482-4b8e-b64e-92089e0536ae:group-F0940BC13354:LeaderElection25] INFO  impl.RaftServerImpl (ServerState.java:setRaftConf(361)) - 275daa4b-3482-4b8e-b64e-92089e0536ae:group-F0940BC13354 set configuration 0: [275daa4b-3482-4b8e-b64e-92089e0536ae:192.168.34.5:37927], old=null at 0
2019-09-19 08:58:26,623 [pool-27-thread-1] INFO  storage.RaftStorage (RaftStorage.java:format(72)) - Storage directory /workdir/hadoop-ozone/integration-test/target/test-dir/MiniOzoneClusterImpl-072ceacc-f14a-494c-b049-5b6ad59b8d93/datanode-0/data/ratis/cb324c75-d6a8-42bb-a8c8-bbc11d96b68a has been successfully formatted.
2019-09-19 08:58:26,624 [pool-27-thread-1] INFO  ratis.ContainerStateMachine (ContainerStateMachine.java:loadSnapshot(226)) - group-BBC11D96B68A: The snapshot info is null. Setting the last applied indexto:(t:0, i:~)
2019-09-19 08:58:26,624 [pool-27-thread-1] INFO  server.RaftServerConfigKeys (ConfUtils.java:logGet(43)) - raft.server.leader.election.timeout = 120s (custom)
2019-09-19 08:58:26,624 [pool-27-thread-1] INFO  server.RaftServerConfigKeys (ConfUtils.java:logGet(43)) - raft.server.log.use.memory = false (default)
2019-09-19 08:58:26,624 [pool-27-thread-1] INFO  server.RaftServerConfigKeys (ConfUtils.java:logGet(43)) - raft.server.log.purge.gap = 1000000 (custom)
2019-09-19 08:58:26,624 [pool-27-thread-1] INFO  server.RaftServerConfigKeys (ConfUtils.java:logGet(43)) - raft.server.log.appender.buffer.byte-limit = 33554432 (custom)
2019-09-19 08:58:26,624 | INFO  | SCMAudit | user=jenkins1000 | ip=192.168.34.5 | op=SEND_HEARTBEAT {datanodeUUID=cd77464f-7686-4dc7-8332-533cdc56da6b, command=[]} | ret=SUCCESS |  
2019-09-19 08:58:26,625 [pool-27-thread-1] INFO  server.RaftServerConfigKeys (ConfUtils.java:logGet(43)) - raft.server.log.segment.size.max = 1048576 (custom)
2019-09-19 08:58:26,625 [pool-27-thread-1] INFO  server.RaftServerConfigKeys (ConfUtils.java:logGet(43)) - raft.server.log.segment.cache.num.max = 2 (custom)
2019-09-19 08:58:26,625 [pool-27-thread-1] INFO  segmented.SegmentedRaftLogWorker (SegmentedRaftLogWorker.java:<init>(172)) - new 8a96a672-7e2f-4b1c-ac1e-ddd5d18a6d5d-SegmentedRaftLogWorker:Storage Directory /workdir/hadoop-ozone/integration-test/target/test-dir/MiniOzoneClusterImpl-072ceacc-f14a-494c-b049-5b6ad59b8d93/datanode-0/data/ratis/cb324c75-d6a8-42bb-a8c8-bbc11d96b68a for RaftStorage:Storage Directory /workdir/hadoop-ozone/integration-test/target/test-dir/MiniOzoneClusterImpl-072ceacc-f14a-494c-b049-5b6ad59b8d93/datanode-0/data/ratis/cb324c75-d6a8-42bb-a8c8-bbc11d96b68a
2019-09-19 08:58:26,625 [pool-27-thread-1] INFO  server.RaftServerConfigKeys (ConfUtils.java:logGet(43)) - raft.server.log.queue.byte-limit = 2147483647 (custom)
2019-09-19 08:58:26,625 [pool-27-thread-1] INFO  server.RaftServerConfigKeys (ConfUtils.java:logGet(43)) - raft.server.log.queue.element-limit = 1024 (custom)
2019-09-19 08:58:26,625 [pool-27-thread-1] INFO  server.RaftServerConfigKeys (ConfUtils.java:logGet(43)) - raft.server.log.segment.size.max = 1048576 (custom)
2019-09-19 08:58:26,625 [pool-27-thread-1] INFO  server.RaftServerConfigKeys (ConfUtils.java:logGet(43)) - raft.server.log.preallocated.size = 16384 (custom)
2019-09-19 08:58:26,625 [pool-27-thread-1] INFO  server.RaftServerConfigKeys (ConfUtils.java:logGet(43)) - raft.server.log.write.buffer.size = 33554432 (custom)
2019-09-19 08:58:26,625 [pool-27-thread-1] INFO  server.RaftServerConfigKeys (ConfUtils.java:logGet(43)) - raft.server.log.force.sync.num = 128 (default)
2019-09-19 08:58:26,626 [pool-27-thread-1] INFO  server.RaftServerConfigKeys (ConfUtils.java:logGet(43)) - raft.server.log.statemachine.data.sync = true (default)
2019-09-19 08:58:26,626 [pool-27-thread-1] INFO  server.RaftServerConfigKeys (ConfUtils.java:logGet(43)) - raft.server.log.statemachine.data.sync.timeout = 10s (default)
2019-09-19 08:58:26,626 [pool-27-thread-1] INFO  server.RaftServerConfigKeys (ConfUtils.java:logGet(43)) - raft.server.log.statemachine.data.sync.timeout.retry = -1 (default)
2019-09-19 08:58:26,626 [pool-27-thread-1] INFO  server.RaftServerConfigKeys (ConfUtils.java:logGet(43)) - raft.server.log.statemachine.data.caching.enabled = true (custom)
2019-09-19 08:58:26,626 [pool-27-thread-1] INFO  segmented.SegmentedRaftLogWorker (SegmentedRaftLogWorker.java:lambda$new$0(132)) - 8a96a672-7e2f-4b1c-ac1e-ddd5d18a6d5d-SegmentedRaftLogWorker:Storage Directory /workdir/hadoop-ozone/integration-test/target/test-dir/MiniOzoneClusterImpl-072ceacc-f14a-494c-b049-5b6ad59b8d93/datanode-0/data/ratis/cb324c75-d6a8-42bb-a8c8-bbc11d96b68a: flushIndex: setUnconditionally 0 -> -1
2019-09-19 08:58:26,626 [pool-27-thread-1] INFO  server.RaftServerConfigKeys (ConfUtils.java:logGet(43)) - raft.server.snapshot.auto.trigger.enabled = true (custom)
2019-09-19 08:58:26,627 [pool-27-thread-1] INFO  server.RaftServerConfigKeys (ConfUtils.java:logGet(43)) - raft.server.snapshot.auto.trigger.threshold = 10000 (custom)
2019-09-19 08:58:26,627 [pool-27-thread-1] INFO  server.RaftServerConfigKeys (ConfUtils.java:logGet(43)) - raft.server.retrycache.expirytime = 600000ms (custom)
2019-09-19 08:58:26,627 [pool-27-thread-1] INFO  impl.RaftServerImpl (RaftServerImpl.java:start(180)) - 8a96a672-7e2f-4b1c-ac1e-ddd5d18a6d5d: start group-BBC11D96B68A
2019-09-19 08:58:26,627 [pool-27-thread-1] INFO  impl.RaftServerImpl (RaftServerImpl.java:setRole(171)) - 8a96a672-7e2f-4b1c-ac1e-ddd5d18a6d5d:group-BBC11D96B68A changes role from null to FOLLOWER at term 0 for startAsFollower
2019-09-19 08:58:26,627 [pool-27-thread-1] INFO  impl.RoleInfo (RoleInfo.java:updateAndGet(143)) - 8a96a672-7e2f-4b1c-ac1e-ddd5d18a6d5d: start FollowerState
2019-09-19 08:58:26,643 [275daa4b-3482-4b8e-b64e-92089e0536ae-SegmentedRaftLogWorker:Storage Directory /workdir/hadoop-ozone/integration-test/target/test-dir/MiniOzoneClusterImpl-072ceacc-f14a-494c-b049-5b6ad59b8d93/datanode-6/data/ratis/becc3d35-9251-4f8e-a115-f0940bc13354] INFO  segmented.SegmentedRaftLogWorker (SegmentedRaftLogWorker.java:execute(569)) - 275daa4b-3482-4b8e-b64e-92089e0536ae-SegmentedRaftLogWorker:Storage Directory /workdir/hadoop-ozone/integration-test/target/test-dir/MiniOzoneClusterImpl-072ceacc-f14a-494c-b049-5b6ad59b8d93/datanode-6/data/ratis/becc3d35-9251-4f8e-a115-f0940bc13354: created new log segment /workdir/hadoop-ozone/integration-test/target/test-dir/MiniOzoneClusterImpl-072ceacc-f14a-494c-b049-5b6ad59b8d93/datanode-6/data/ratis/becc3d35-9251-4f8e-a115-f0940bc13354/current/log_inprogress_0
2019-09-19 08:58:26,643 [pool-27-thread-1] INFO  util.JmxRegister (JmxRegister.java:tryRegister(44)) - Successfully registered JMX Bean with object name Ratis:service=RaftServer,group=group-BBC11D96B68A,id=8a96a672-7e2f-4b1c-ac1e-ddd5d18a6d5d
2019-09-19 08:58:26,670 [RatisPipelineUtilsThread] INFO  pipeline.PipelineStateManager (PipelineStateManager.java:addPipeline(56)) - Created pipeline Pipeline[ Id: cb324c75-d6a8-42bb-a8c8-bbc11d96b68a, Nodes: 8a96a672-7e2f-4b1c-ac1e-ddd5d18a6d5d{ip: 192.168.34.5, host: pr-hdds-1569-j4bt4-3030777008, networkLocation: /default-rack, certSerialId: null}, Type:RATIS, Factor:ONE, State:OPEN]
2019-09-19 08:58:26,670 [RatisPipelineUtilsThread] ERROR pipeline.PipelinePlacementPolicy (PipelinePlacementPolicy.java:meetCriteria(91)) - Pipeline Placement: Doesn't meet the criteria to be viable node. Heaviness: 6
2019-09-19 08:58:26,671 [RatisPipelineUtilsThread] ERROR pipeline.PipelinePlacementPolicy (PipelinePlacementPolicy.java:meetCriteria(91)) - Pipeline Placement: Doesn't meet the criteria to be viable node. Heaviness: 6
2019-09-19 08:58:26,671 [RatisPipelineUtilsThread] ERROR pipeline.PipelinePlacementPolicy (PipelinePlacementPolicy.java:meetCriteria(91)) - Pipeline Placement: Doesn't meet the criteria to be viable node. Heaviness: 6
2019-09-19 08:58:26,671 [RatisPipelineUtilsThread] ERROR pipeline.PipelinePlacementPolicy (PipelinePlacementPolicy.java:meetCriteria(91)) - Pipeline Placement: Doesn't meet the criteria to be viable node. Heaviness: 6
2019-09-19 08:58:26,680 [grpc-default-executor-1] INFO  impl.RaftServerProxy (RaftServerProxy.java:addNew(89)) - a01737f6-7857-4616-835e-b1ff05ecf78f: addNew group-68720849EEC2:[a01737f6-7857-4616-835e-b1ff05ecf78f:192.168.34.5:36733] returns group-68720849EEC2:java.util.concurrent.CompletableFuture@d3c679a[Not completed]
2019-09-19 08:58:26,682 [pool-104-thread-1] INFO  impl.RaftServerImpl (RaftServerImpl.java:<init>(93)) - a01737f6-7857-4616-835e-b1ff05ecf78f: new RaftServerImpl for group-68720849EEC2:[a01737f6-7857-4616-835e-b1ff05ecf78f:192.168.34.5:36733] with ContainerStateMachine:uninitialized
2019-09-19 08:58:26,682 [pool-104-thread-1] INFO  server.RaftServerConfigKeys (ConfUtils.java:logGet(43)) - raft.server.rpc.timeout.min = 1s (custom)
2019-09-19 08:58:26,682 [pool-104-thread-1] INFO  server.RaftServerConfigKeys (ConfUtils.java:logGet(43)) - raft.server.rpc.timeout.max = 1200ms (custom)
2019-09-19 08:58:26,682 [pool-104-thread-1] INFO  server.RaftServerConfigKeys (ConfUtils.java:logGet(43)) - raft.server.rpcslowness.timeout = 120s (custom)
2019-09-19 08:58:26,683 [pool-104-thread-1] INFO  server.RaftServerConfigKeys (ConfUtils.java:logGet(43)) - raft.server.sleep.deviation.threshold = 300 (default)
2019-09-19 08:58:26,683 [pool-104-thread-1] INFO  server.RaftServerConfigKeys (ConfUtils.java:logGet(43)) - raft.server.log.appender.install.snapshot.enabled = false (custom)
2019-09-19 08:58:26,683 [pool-104-thread-1] INFO  impl.RaftServerImpl (ServerState.java:<init>(105)) - a01737f6-7857-4616-835e-b1ff05ecf78f:group-68720849EEC2 ConfigurationManager, init=-1: [a01737f6-7857-4616-835e-b1ff05ecf78f:192.168.34.5:36733], old=null, confs=<EMPTY_MAP>
2019-09-19 08:58:26,683 [pool-104-thread-1] INFO  server.RaftServerConfigKeys (ConfUtils.java:logGet(43)) - raft.server.storage.dir = [/workdir/hadoop-ozone/integration-test/target/test-dir/MiniOzoneClusterImpl-072ceacc-f14a-494c-b049-5b6ad59b8d93/datanode-7/data/ratis] (custom)
2019-09-19 08:58:26,684 [pool-104-thread-1] INFO  storage.RaftStorageDirectory (RaftStorageDirectory.java:analyzeStorage(246)) - The storage directory /workdir/hadoop-ozone/integration-test/target/test-dir/MiniOzoneClusterImpl-072ceacc-f14a-494c-b049-5b6ad59b8d93/datanode-7/data/ratis/2fbfe33f-d9c8-456e-a5ce-68720849eec2 does not exist. Creating ...
2019-09-19 08:58:26,694 [Thread-387] INFO  impl.FollowerState (FollowerState.java:run(106)) - cd77464f-7686-4dc7-8332-533cdc56da6b:group-E165B1ABC8EC changes to CANDIDATE, lastRpcTime:1173, electionTimeout:1173ms
2019-09-19 08:58:26,694 [Thread-387] INFO  impl.RoleInfo (RoleInfo.java:shutdownFollowerState(121)) - cd77464f-7686-4dc7-8332-533cdc56da6b: shutdown FollowerState
2019-09-19 08:58:26,694 [Thread-387] INFO  impl.RaftServerImpl (RaftServerImpl.java:setRole(171)) - cd77464f-7686-4dc7-8332-533cdc56da6b:group-E165B1ABC8EC changes role from FOLLOWER to CANDIDATE at term 0 for changeToCandidate
2019-09-19 08:58:26,694 [Thread-387] INFO  impl.RoleInfo (RoleInfo.java:updateAndGet(143)) - cd77464f-7686-4dc7-8332-533cdc56da6b: start LeaderElection
2019-09-19 08:58:26,697 [pool-104-thread-1] INFO  storage.RaftStorageDirectory (RaftStorageDirectory.java:tryLock(328)) - Lock on /workdir/hadoop-ozone/integration-test/target/test-dir/MiniOzoneClusterImpl-072ceacc-f14a-494c-b049-5b6ad59b8d93/datanode-7/data/ratis/2fbfe33f-d9c8-456e-a5ce-68720849eec2/in_use.lock acquired by nodename 8013@pr-hdds-1569-j4bt4-3030777008
2019-09-19 08:58:26,703 [Thread-393] INFO  impl.FollowerState (FollowerState.java:run(106)) - cd77464f-7686-4dc7-8332-533cdc56da6b:group-ACB13F38AE9E changes to CANDIDATE, lastRpcTime:1092, electionTimeout:1089ms
2019-09-19 08:58:26,703 [Thread-393] INFO  impl.RoleInfo (RoleInfo.java:shutdownFollowerState(121)) - cd77464f-7686-4dc7-8332-533cdc56da6b: shutdown FollowerState
2019-09-19 08:58:26,703 [Thread-393] INFO  impl.RaftServerImpl (RaftServerImpl.java:setRole(171)) - cd77464f-7686-4dc7-8332-533cdc56da6b:group-ACB13F38AE9E changes role from FOLLOWER to CANDIDATE at term 0 for changeToCandidate
2019-09-19 08:58:26,703 [Thread-393] INFO  impl.RoleInfo (RoleInfo.java:updateAndGet(143)) - cd77464f-7686-4dc7-8332-533cdc56da6b: start LeaderElection
2019-09-19 08:58:26,722 [pool-104-thread-1] INFO  storage.RaftStorage (RaftStorage.java:format(72)) - Storage directory /workdir/hadoop-ozone/integration-test/target/test-dir/MiniOzoneClusterImpl-072ceacc-f14a-494c-b049-5b6ad59b8d93/datanode-7/data/ratis/2fbfe33f-d9c8-456e-a5ce-68720849eec2 has been successfully formatted.
2019-09-19 08:58:26,722 [cd77464f-7686-4dc7-8332-533cdc56da6b:group-E165B1ABC8EC:LeaderElection26] INFO  impl.LeaderElection (LeaderElection.java:askForVotes(181)) - cd77464f-7686-4dc7-8332-533cdc56da6b:group-E165B1ABC8EC:LeaderElection26: begin an election at term 1 for -1: [cd77464f-7686-4dc7-8332-533cdc56da6b:192.168.34.5:41324], old=null
2019-09-19 08:58:26,722 [cd77464f-7686-4dc7-8332-533cdc56da6b:group-ACB13F38AE9E:LeaderElection27] INFO  impl.LeaderElection (LeaderElection.java:askForVotes(181)) - cd77464f-7686-4dc7-8332-533cdc56da6b:group-ACB13F38AE9E:LeaderElection27: begin an election at term 1 for -1: [cd77464f-7686-4dc7-8332-533cdc56da6b:192.168.34.5:41324], old=null
2019-09-19 08:58:26,722 [pool-104-thread-1] INFO  ratis.ContainerStateMachine (ContainerStateMachine.java:loadSnapshot(226)) - group-68720849EEC2: The snapshot info is null. Setting the last applied indexto:(t:0, i:~)
2019-09-19 08:58:26,723 [cd77464f-7686-4dc7-8332-533cdc56da6b:group-E165B1ABC8EC:LeaderElection26] INFO  impl.RoleInfo (RoleInfo.java:shutdownLeaderElection(134)) - cd77464f-7686-4dc7-8332-533cdc56da6b: shutdown LeaderElection
2019-09-19 08:58:26,723 [pool-104-thread-1] INFO  server.RaftServerConfigKeys (ConfUtils.java:logGet(43)) - raft.server.leader.election.timeout = 120s (custom)
2019-09-19 08:58:26,723 [cd77464f-7686-4dc7-8332-533cdc56da6b:group-ACB13F38AE9E:LeaderElection27] INFO  impl.RoleInfo (RoleInfo.java:shutdownLeaderElection(134)) - cd77464f-7686-4dc7-8332-533cdc56da6b: shutdown LeaderElection
2019-09-19 08:58:26,723 [pool-104-thread-1] INFO  server.RaftServerConfigKeys (ConfUtils.java:logGet(43)) - raft.server.log.use.memory = false (default)
2019-09-19 08:58:26,723 [cd77464f-7686-4dc7-8332-533cdc56da6b:group-E165B1ABC8EC:LeaderElection26] INFO  impl.RaftServerImpl (RaftServerImpl.java:setRole(171)) - cd77464f-7686-4dc7-8332-533cdc56da6b:group-E165B1ABC8EC changes role from CANDIDATE to LEADER at term 1 for changeToLeader
2019-09-19 08:58:26,723 [pool-104-thread-1] INFO  server.RaftServerConfigKeys (ConfUtils.java:logGet(43)) - raft.server.log.purge.gap = 1000000 (custom)
2019-09-19 08:58:26,723 [cd77464f-7686-4dc7-8332-533cdc56da6b:group-ACB13F38AE9E:LeaderElection27] INFO  impl.RaftServerImpl (RaftServerImpl.java:setRole(171)) - cd77464f-7686-4dc7-8332-533cdc56da6b:group-ACB13F38AE9E changes role from CANDIDATE to LEADER at term 1 for changeToLeader
2019-09-19 08:58:26,724 [pool-104-thread-1] INFO  server.RaftServerConfigKeys (ConfUtils.java:logGet(43)) - raft.server.log.appender.buffer.byte-limit = 33554432 (custom)
2019-09-19 08:58:26,724 [cd77464f-7686-4dc7-8332-533cdc56da6b:group-E165B1ABC8EC:LeaderElection26] INFO  impl.RaftServerImpl (ServerState.java:setLeader(263)) - cd77464f-7686-4dc7-8332-533cdc56da6b:group-E165B1ABC8EC change Leader from null to cd77464f-7686-4dc7-8332-533cdc56da6b at term 1 for becomeLeader, leader elected after 1206ms
2019-09-19 08:58:26,724 [pool-104-thread-1] INFO  server.RaftServerConfigKeys (ConfUtils.java:logGet(43)) - raft.server.log.segment.size.max = 1048576 (custom)
2019-09-19 08:58:26,724 [cd77464f-7686-4dc7-8332-533cdc56da6b:group-ACB13F38AE9E:LeaderElection27] INFO  impl.RaftServerImpl (ServerState.java:setLeader(263)) - cd77464f-7686-4dc7-8332-533cdc56da6b:group-ACB13F38AE9E change Leader from null to cd77464f-7686-4dc7-8332-533cdc56da6b at term 1 for becomeLeader, leader elected after 1116ms
2019-09-19 08:58:26,724 [pool-104-thread-1] INFO  server.RaftServerConfigKeys (ConfUtils.java:logGet(43)) - raft.server.log.segment.cache.num.max = 2 (custom)
2019-09-19 08:58:26,724 [cd77464f-7686-4dc7-8332-533cdc56da6b:group-E165B1ABC8EC:LeaderElection26] INFO  server.RaftServerConfigKeys (ConfUtils.java:logGet(43)) - raft.server.staging.catchup.gap = 1000 (default)
2019-09-19 08:58:26,725 [pool-104-thread-1] INFO  segmented.SegmentedRaftLogWorker (SegmentedRaftLogWorker.java:<init>(172)) - new a01737f6-7857-4616-835e-b1ff05ecf78f-SegmentedRaftLogWorker:Storage Directory /workdir/hadoop-ozone/integration-test/target/test-dir/MiniOzoneClusterImpl-072ceacc-f14a-494c-b049-5b6ad59b8d93/datanode-7/data/ratis/2fbfe33f-d9c8-456e-a5ce-68720849eec2 for RaftStorage:Storage Directory /workdir/hadoop-ozone/integration-test/target/test-dir/MiniOzoneClusterImpl-072ceacc-f14a-494c-b049-5b6ad59b8d93/datanode-7/data/ratis/2fbfe33f-d9c8-456e-a5ce-68720849eec2
2019-09-19 08:58:26,724 [cd77464f-7686-4dc7-8332-533cdc56da6b:group-ACB13F38AE9E:LeaderElection27] INFO  server.RaftServerConfigKeys (ConfUtils.java:logGet(43)) - raft.server.staging.catchup.gap = 1000 (default)
2019-09-19 08:58:26,725 [pool-104-thread-1] INFO  server.RaftServerConfigKeys (ConfUtils.java:logGet(43)) - raft.server.log.queue.byte-limit = 2147483647 (custom)
2019-09-19 08:58:26,725 [cd77464f-7686-4dc7-8332-533cdc56da6b:group-E165B1ABC8EC:LeaderElection26] INFO  server.RaftServerConfigKeys (ConfUtils.java:logGet(43)) - raft.server.rpc.sleep.time = 25ms (default)
2019-09-19 08:58:26,725 [pool-104-thread-1] INFO  server.RaftServerConfigKeys (ConfUtils.java:logGet(43)) - raft.server.log.queue.element-limit = 1024 (custom)
2019-09-19 08:58:26,725 [cd77464f-7686-4dc7-8332-533cdc56da6b:group-ACB13F38AE9E:LeaderElection27] INFO  server.RaftServerConfigKeys (ConfUtils.java:logGet(43)) - raft.server.rpc.sleep.time = 25ms (default)
2019-09-19 08:58:26,725 [cd77464f-7686-4dc7-8332-533cdc56da6b:group-E165B1ABC8EC:LeaderElection26] INFO  server.RaftServerConfigKeys (ConfUtils.java:logGet(43)) - raft.server.write.element-limit = 4096 (default)
2019-09-19 08:58:26,726 [cd77464f-7686-4dc7-8332-533cdc56da6b:group-ACB13F38AE9E:LeaderElection27] INFO  server.RaftServerConfigKeys (ConfUtils.java:logGet(43)) - raft.server.write.element-limit = 4096 (default)
2019-09-19 08:58:26,726 [pool-104-thread-1] INFO  server.RaftServerConfigKeys (ConfUtils.java:logGet(43)) - raft.server.log.segment.size.max = 1048576 (custom)
2019-09-19 08:58:26,726 [cd77464f-7686-4dc7-8332-533cdc56da6b:group-E165B1ABC8EC:LeaderElection26] INFO  server.RaftServerConfigKeys (ConfUtils.java:logGet(43)) - raft.server.watch.timeout = 10s (default)
2019-09-19 08:58:26,726 [pool-104-thread-1] INFO  server.RaftServerConfigKeys (ConfUtils.java:logGet(43)) - raft.server.log.preallocated.size = 16384 (custom)
2019-09-19 08:58:26,726 [cd77464f-7686-4dc7-8332-533cdc56da6b:group-ACB13F38AE9E:LeaderElection27] INFO  server.RaftServerConfigKeys (ConfUtils.java:logGet(43)) - raft.server.watch.timeout = 10s (default)
2019-09-19 08:58:26,727 [pool-104-thread-1] INFO  server.RaftServerConfigKeys (ConfUtils.java:logGet(43)) - raft.server.log.write.buffer.size = 33554432 (custom)
2019-09-19 08:58:26,726 [cd77464f-7686-4dc7-8332-533cdc56da6b:group-E165B1ABC8EC:LeaderElection26] INFO  server.RaftServerConfigKeys (ConfUtils.java:logGet(43)) - raft.server.watch.timeout.denomination = 1s (default)
2019-09-19 08:58:26,727 [pool-104-thread-1] INFO  server.RaftServerConfigKeys (ConfUtils.java:logGet(43)) - raft.server.log.force.sync.num = 128 (default)
2019-09-19 08:58:26,727 [cd77464f-7686-4dc7-8332-533cdc56da6b:group-ACB13F38AE9E:LeaderElection27] INFO  server.RaftServerConfigKeys (ConfUtils.java:logGet(43)) - raft.server.watch.timeout.denomination = 1s (default)
2019-09-19 08:58:26,727 [pool-104-thread-1] INFO  server.RaftServerConfigKeys (ConfUtils.java:logGet(43)) - raft.server.log.statemachine.data.sync = true (default)
2019-09-19 08:58:26,727 [cd77464f-7686-4dc7-8332-533cdc56da6b:group-E165B1ABC8EC:LeaderElection26] INFO  server.RaftServerConfigKeys (ConfUtils.java:logGet(43)) - raft.server.watch.element-limit = 65536 (default)
2019-09-19 08:58:26,727 [pool-104-thread-1] INFO  server.RaftServerConfigKeys (ConfUtils.java:logGet(43)) - raft.server.log.statemachine.data.sync.timeout = 10s (default)
2019-09-19 08:58:26,727 [cd77464f-7686-4dc7-8332-533cdc56da6b:group-ACB13F38AE9E:LeaderElection27] INFO  server.RaftServerConfigKeys (ConfUtils.java:logGet(43)) - raft.server.watch.element-limit = 65536 (default)
2019-09-19 08:58:26,728 [cd77464f-7686-4dc7-8332-533cdc56da6b:group-E165B1ABC8EC:LeaderElection26] INFO  impl.RoleInfo (RoleInfo.java:updateAndGet(143)) - cd77464f-7686-4dc7-8332-533cdc56da6b: start LeaderState
2019-09-19 08:58:26,728 [pool-104-thread-1] INFO  server.RaftServerConfigKeys (ConfUtils.java:logGet(43)) - raft.server.log.statemachine.data.sync.timeout.retry = -1 (default)
2019-09-19 08:58:26,728 [cd77464f-7686-4dc7-8332-533cdc56da6b:group-ACB13F38AE9E:LeaderElection27] INFO  impl.RoleInfo (RoleInfo.java:updateAndGet(143)) - cd77464f-7686-4dc7-8332-533cdc56da6b: start LeaderState
2019-09-19 08:58:26,728 [cd77464f-7686-4dc7-8332-533cdc56da6b:group-E165B1ABC8EC:LeaderElection26] INFO  segmented.SegmentedRaftLogWorker (SegmentedRaftLogWorker.java:startLogSegment(380)) - cd77464f-7686-4dc7-8332-533cdc56da6b-SegmentedRaftLogWorker:Storage Directory /workdir/hadoop-ozone/integration-test/target/test-dir/MiniOzoneClusterImpl-072ceacc-f14a-494c-b049-5b6ad59b8d93/datanode-5/data/ratis/61496dbc-063b-43ad-b1f2-e165b1abc8ec: Starting segment from index:0
2019-09-19 08:58:26,728 [cd77464f-7686-4dc7-8332-533cdc56da6b:group-ACB13F38AE9E:LeaderElection27] INFO  segmented.SegmentedRaftLogWorker (SegmentedRaftLogWorker.java:startLogSegment(380)) - cd77464f-7686-4dc7-8332-533cdc56da6b-SegmentedRaftLogWorker:Storage Directory /workdir/hadoop-ozone/integration-test/target/test-dir/MiniOzoneClusterImpl-072ceacc-f14a-494c-b049-5b6ad59b8d93/datanode-5/data/ratis/0b7fc058-aa8a-44e9-9a58-acb13f38ae9e: Starting segment from index:0
2019-09-19 08:58:26,728 [pool-104-thread-1] INFO  server.RaftServerConfigKeys (ConfUtils.java:logGet(43)) - raft.server.log.statemachine.data.caching.enabled = true (custom)
2019-09-19 08:58:26,729 [pool-104-thread-1] INFO  segmented.SegmentedRaftLogWorker (SegmentedRaftLogWorker.java:lambda$new$0(132)) - a01737f6-7857-4616-835e-b1ff05ecf78f-SegmentedRaftLogWorker:Storage Directory /workdir/hadoop-ozone/integration-test/target/test-dir/MiniOzoneClusterImpl-072ceacc-f14a-494c-b049-5b6ad59b8d93/datanode-7/data/ratis/2fbfe33f-d9c8-456e-a5ce-68720849eec2: flushIndex: setUnconditionally 0 -> -1
2019-09-19 08:58:26,729 [cd77464f-7686-4dc7-8332-533cdc56da6b:group-ACB13F38AE9E:LeaderElection27] INFO  impl.RaftServerImpl (ServerState.java:setRaftConf(361)) - cd77464f-7686-4dc7-8332-533cdc56da6b:group-ACB13F38AE9E set configuration 0: [cd77464f-7686-4dc7-8332-533cdc56da6b:192.168.34.5:41324], old=null at 0
2019-09-19 08:58:26,729 [cd77464f-7686-4dc7-8332-533cdc56da6b:group-E165B1ABC8EC:LeaderElection26] INFO  impl.RaftServerImpl (ServerState.java:setRaftConf(361)) - cd77464f-7686-4dc7-8332-533cdc56da6b:group-E165B1ABC8EC set configuration 0: [cd77464f-7686-4dc7-8332-533cdc56da6b:192.168.34.5:41324], old=null at 0
2019-09-19 08:58:26,759 [pool-104-thread-1] INFO  server.RaftServerConfigKeys (ConfUtils.java:logGet(43)) - raft.server.snapshot.auto.trigger.enabled = true (custom)
2019-09-19 08:58:26,759 [Thread-390] INFO  impl.FollowerState (FollowerState.java:run(106)) - 275daa4b-3482-4b8e-b64e-92089e0536ae:group-0AE116658A13 changes to CANDIDATE, lastRpcTime:1195, electionTimeout:1183ms
2019-09-19 08:58:26,761 [Thread-390] INFO  impl.RoleInfo (RoleInfo.java:shutdownFollowerState(121)) - 275daa4b-3482-4b8e-b64e-92089e0536ae: shutdown FollowerState
2019-09-19 08:58:26,761 [pool-104-thread-1] INFO  server.RaftServerConfigKeys (ConfUtils.java:logGet(43)) - raft.server.snapshot.auto.trigger.threshold = 10000 (custom)
2019-09-19 08:58:26,761 [Thread-390] INFO  impl.RaftServerImpl (RaftServerImpl.java:setRole(171)) - 275daa4b-3482-4b8e-b64e-92089e0536ae:group-0AE116658A13 changes role from FOLLOWER to CANDIDATE at term 0 for changeToCandidate
2019-09-19 08:58:26,761 [pool-104-thread-1] INFO  server.RaftServerConfigKeys (ConfUtils.java:logGet(43)) - raft.server.retrycache.expirytime = 600000ms (custom)
2019-09-19 08:58:26,761 [Thread-390] INFO  impl.RoleInfo (RoleInfo.java:updateAndGet(143)) - 275daa4b-3482-4b8e-b64e-92089e0536ae: start LeaderElection
2019-09-19 08:58:26,762 [pool-104-thread-1] INFO  impl.RaftServerImpl (RaftServerImpl.java:start(180)) - a01737f6-7857-4616-835e-b1ff05ecf78f: start group-68720849EEC2
2019-09-19 08:58:26,762 [pool-104-thread-1] INFO  impl.RaftServerImpl (RaftServerImpl.java:setRole(171)) - a01737f6-7857-4616-835e-b1ff05ecf78f:group-68720849EEC2 changes role from null to FOLLOWER at term 0 for startAsFollower
2019-09-19 08:58:26,763 [pool-104-thread-1] INFO  impl.RoleInfo (RoleInfo.java:updateAndGet(143)) - a01737f6-7857-4616-835e-b1ff05ecf78f: start FollowerState
2019-09-19 08:58:26,764 [pool-104-thread-1] INFO  util.JmxRegister (JmxRegister.java:tryRegister(44)) - Successfully registered JMX Bean with object name Ratis:service=RaftServer,group=group-68720849EEC2,id=a01737f6-7857-4616-835e-b1ff05ecf78f
2019-09-19 08:58:26,767 [RatisPipelineUtilsThread] INFO  pipeline.PipelineStateManager (PipelineStateManager.java:addPipeline(56)) - Created pipeline Pipeline[ Id: 2fbfe33f-d9c8-456e-a5ce-68720849eec2, Nodes: a01737f6-7857-4616-835e-b1ff05ecf78f{ip: 192.168.34.5, host: pr-hdds-1569-j4bt4-3030777008, networkLocation: /default-rack, certSerialId: null}, Type:RATIS, Factor:ONE, State:OPEN]
2019-09-19 08:58:26,767 [RatisPipelineUtilsThread] ERROR pipeline.PipelinePlacementPolicy (PipelinePlacementPolicy.java:meetCriteria(91)) - Pipeline Placement: Doesn't meet the criteria to be viable node. Heaviness: 6
2019-09-19 08:58:26,768 [RatisPipelineUtilsThread] ERROR pipeline.PipelinePlacementPolicy (PipelinePlacementPolicy.java:meetCriteria(91)) - Pipeline Placement: Doesn't meet the criteria to be viable node. Heaviness: 6
2019-09-19 08:58:26,768 [RatisPipelineUtilsThread] ERROR pipeline.PipelinePlacementPolicy (PipelinePlacementPolicy.java:meetCriteria(91)) - Pipeline Placement: Doesn't meet the criteria to be viable node. Heaviness: 6
2019-09-19 08:58:26,768 [RatisPipelineUtilsThread] ERROR pipeline.PipelinePlacementPolicy (PipelinePlacementPolicy.java:meetCriteria(91)) - Pipeline Placement: Doesn't meet the criteria to be viable node. Heaviness: 6
2019-09-19 08:58:26,771 [Thread-401] INFO  impl.FollowerState (FollowerState.java:run(106)) - 5655ea38-4aa2-40a6-aaa3-4d444347e46a:group-390487BF82D5 changes to CANDIDATE, lastRpcTime:1026, electionTimeout:1026ms
2019-09-19 08:58:26,771 [Thread-401] INFO  impl.RoleInfo (RoleInfo.java:shutdownFollowerState(121)) - 5655ea38-4aa2-40a6-aaa3-4d444347e46a: shutdown FollowerState
2019-09-19 08:58:26,771 [Thread-401] INFO  impl.RaftServerImpl (RaftServerImpl.java:setRole(171)) - 5655ea38-4aa2-40a6-aaa3-4d444347e46a:group-390487BF82D5 changes role from FOLLOWER to CANDIDATE at term 0 for changeToCandidate
2019-09-19 08:58:26,771 [Thread-401] INFO  impl.RoleInfo (RoleInfo.java:updateAndGet(143)) - 5655ea38-4aa2-40a6-aaa3-4d444347e46a: start LeaderElection
2019-09-19 08:58:26,774 [cd77464f-7686-4dc7-8332-533cdc56da6b-SegmentedRaftLogWorker:Storage Directory /workdir/hadoop-ozone/integration-test/target/test-dir/MiniOzoneClusterImpl-072ceacc-f14a-494c-b049-5b6ad59b8d93/datanode-5/data/ratis/0b7fc058-aa8a-44e9-9a58-acb13f38ae9e] INFO  segmented.SegmentedRaftLogWorker (SegmentedRaftLogWorker.java:execute(569)) - cd77464f-7686-4dc7-8332-533cdc56da6b-SegmentedRaftLogWorker:Storage Directory /workdir/hadoop-ozone/integration-test/target/test-dir/MiniOzoneClusterImpl-072ceacc-f14a-494c-b049-5b6ad59b8d93/datanode-5/data/ratis/0b7fc058-aa8a-44e9-9a58-acb13f38ae9e: created new log segment /workdir/hadoop-ozone/integration-test/target/test-dir/MiniOzoneClusterImpl-072ceacc-f14a-494c-b049-5b6ad59b8d93/datanode-5/data/ratis/0b7fc058-aa8a-44e9-9a58-acb13f38ae9e/current/log_inprogress_0
2019-09-19 08:58:26,774 [cd77464f-7686-4dc7-8332-533cdc56da6b-SegmentedRaftLogWorker:Storage Directory /workdir/hadoop-ozone/integration-test/target/test-dir/MiniOzoneClusterImpl-072ceacc-f14a-494c-b049-5b6ad59b8d93/datanode-5/data/ratis/61496dbc-063b-43ad-b1f2-e165b1abc8ec] INFO  segmented.SegmentedRaftLogWorker (SegmentedRaftLogWorker.java:execute(569)) - cd77464f-7686-4dc7-8332-533cdc56da6b-SegmentedRaftLogWorker:Storage Directory /workdir/hadoop-ozone/integration-test/target/test-dir/MiniOzoneClusterImpl-072ceacc-f14a-494c-b049-5b6ad59b8d93/datanode-5/data/ratis/61496dbc-063b-43ad-b1f2-e165b1abc8ec: created new log segment /workdir/hadoop-ozone/integration-test/target/test-dir/MiniOzoneClusterImpl-072ceacc-f14a-494c-b049-5b6ad59b8d93/datanode-5/data/ratis/61496dbc-063b-43ad-b1f2-e165b1abc8ec/current/log_inprogress_0
2019-09-19 08:58:26,774 [275daa4b-3482-4b8e-b64e-92089e0536ae:group-0AE116658A13:LeaderElection28] INFO  impl.LeaderElection (LeaderElection.java:askForVotes(181)) - 275daa4b-3482-4b8e-b64e-92089e0536ae:group-0AE116658A13:LeaderElection28: begin an election at term 1 for -1: [275daa4b-3482-4b8e-b64e-92089e0536ae:192.168.34.5:37927], old=null
2019-09-19 08:58:26,775 [275daa4b-3482-4b8e-b64e-92089e0536ae:group-0AE116658A13:LeaderElection28] INFO  impl.RoleInfo (RoleInfo.java:shutdownLeaderElection(134)) - 275daa4b-3482-4b8e-b64e-92089e0536ae: shutdown LeaderElection
2019-09-19 08:58:26,775 [275daa4b-3482-4b8e-b64e-92089e0536ae:group-0AE116658A13:LeaderElection28] INFO  impl.RaftServerImpl (RaftServerImpl.java:setRole(171)) - 275daa4b-3482-4b8e-b64e-92089e0536ae:group-0AE116658A13 changes role from CANDIDATE to LEADER at term 1 for changeToLeader
2019-09-19 08:58:26,775 [275daa4b-3482-4b8e-b64e-92089e0536ae:group-0AE116658A13:LeaderElection28] INFO  impl.RaftServerImpl (ServerState.java:setLeader(263)) - 275daa4b-3482-4b8e-b64e-92089e0536ae:group-0AE116658A13 change Leader from null to 275daa4b-3482-4b8e-b64e-92089e0536ae at term 1 for becomeLeader, leader elected after 1215ms
2019-09-19 08:58:26,775 [275daa4b-3482-4b8e-b64e-92089e0536ae:group-0AE116658A13:LeaderElection28] INFO  server.RaftServerConfigKeys (ConfUtils.java:logGet(43)) - raft.server.staging.catchup.gap = 1000 (default)
2019-09-19 08:58:26,775 [275daa4b-3482-4b8e-b64e-92089e0536ae:group-0AE116658A13:LeaderElection28] INFO  server.RaftServerConfigKeys (ConfUtils.java:logGet(43)) - raft.server.rpc.sleep.time = 25ms (default)
2019-09-19 08:58:26,775 [275daa4b-3482-4b8e-b64e-92089e0536ae:group-0AE116658A13:LeaderElection28] INFO  server.RaftServerConfigKeys (ConfUtils.java:logGet(43)) - raft.server.write.element-limit = 4096 (default)
2019-09-19 08:58:26,775 [275daa4b-3482-4b8e-b64e-92089e0536ae:group-0AE116658A13:LeaderElection28] INFO  server.RaftServerConfigKeys (ConfUtils.java:logGet(43)) - raft.server.watch.timeout = 10s (default)
2019-09-19 08:58:26,775 [275daa4b-3482-4b8e-b64e-92089e0536ae:group-0AE116658A13:LeaderElection28] INFO  server.RaftServerConfigKeys (ConfUtils.java:logGet(43)) - raft.server.watch.timeout.denomination = 1s (default)
2019-09-19 08:58:26,775 [275daa4b-3482-4b8e-b64e-92089e0536ae:group-0AE116658A13:LeaderElection28] INFO  server.RaftServerConfigKeys (ConfUtils.java:logGet(43)) - raft.server.watch.element-limit = 65536 (default)
2019-09-19 08:58:26,776 [275daa4b-3482-4b8e-b64e-92089e0536ae:group-0AE116658A13:LeaderElection28] INFO  impl.RoleInfo (RoleInfo.java:updateAndGet(143)) - 275daa4b-3482-4b8e-b64e-92089e0536ae: start LeaderState
2019-09-19 08:58:26,776 [grpc-default-executor-1] INFO  impl.RaftServerProxy (RaftServerProxy.java:addNew(89)) - 59afcdb3-7cd7-47ef-abfa-eabf405042f7: addNew group-B7AEFB61EA16:[59afcdb3-7cd7-47ef-abfa-eabf405042f7:192.168.34.5:36202] returns group-B7AEFB61EA16:java.util.concurrent.CompletableFuture@444c0519[Not completed]
2019-09-19 08:58:26,776 [275daa4b-3482-4b8e-b64e-92089e0536ae:group-0AE116658A13:LeaderElection28] INFO  segmented.SegmentedRaftLogWorker (SegmentedRaftLogWorker.java:startLogSegment(380)) - 275daa4b-3482-4b8e-b64e-92089e0536ae-SegmentedRaftLogWorker:Storage Directory /workdir/hadoop-ozone/integration-test/target/test-dir/MiniOzoneClusterImpl-072ceacc-f14a-494c-b049-5b6ad59b8d93/datanode-6/data/ratis/582e9f58-defa-415a-86ab-0ae116658a13: Starting segment from index:0
2019-09-19 08:58:26,776 [275daa4b-3482-4b8e-b64e-92089e0536ae:group-0AE116658A13:LeaderElection28] INFO  impl.RaftServerImpl (ServerState.java:setRaftConf(361)) - 275daa4b-3482-4b8e-b64e-92089e0536ae:group-0AE116658A13 set configuration 0: [275daa4b-3482-4b8e-b64e-92089e0536ae:192.168.34.5:37927], old=null at 0
2019-09-19 08:58:26,799 [5655ea38-4aa2-40a6-aaa3-4d444347e46a:group-390487BF82D5:LeaderElection29] INFO  impl.LeaderElection (LeaderElection.java:askForVotes(181)) - 5655ea38-4aa2-40a6-aaa3-4d444347e46a:group-390487BF82D5:LeaderElection29: begin an election at term 1 for -1: [5655ea38-4aa2-40a6-aaa3-4d444347e46a:192.168.34.5:39771], old=null
2019-09-19 08:58:26,799 [5655ea38-4aa2-40a6-aaa3-4d444347e46a:group-390487BF82D5:LeaderElection29] INFO  impl.RoleInfo (RoleInfo.java:shutdownLeaderElection(134)) - 5655ea38-4aa2-40a6-aaa3-4d444347e46a: shutdown LeaderElection
2019-09-19 08:58:26,799 [5655ea38-4aa2-40a6-aaa3-4d444347e46a:group-390487BF82D5:LeaderElection29] INFO  impl.RaftServerImpl (RaftServerImpl.java:setRole(171)) - 5655ea38-4aa2-40a6-aaa3-4d444347e46a:group-390487BF82D5 changes role from CANDIDATE to LEADER at term 1 for changeToLeader
2019-09-19 08:58:26,800 [5655ea38-4aa2-40a6-aaa3-4d444347e46a:group-390487BF82D5:LeaderElection29] INFO  impl.RaftServerImpl (ServerState.java:setLeader(263)) - 5655ea38-4aa2-40a6-aaa3-4d444347e46a:group-390487BF82D5 change Leader from null to 5655ea38-4aa2-40a6-aaa3-4d444347e46a at term 1 for becomeLeader, leader elected after 1135ms
2019-09-19 08:58:26,800 [pool-71-thread-1] INFO  impl.RaftServerImpl (RaftServerImpl.java:<init>(93)) - 59afcdb3-7cd7-47ef-abfa-eabf405042f7: new RaftServerImpl for group-B7AEFB61EA16:[59afcdb3-7cd7-47ef-abfa-eabf405042f7:192.168.34.5:36202] with ContainerStateMachine:uninitialized
2019-09-19 08:58:26,800 [5655ea38-4aa2-40a6-aaa3-4d444347e46a:group-390487BF82D5:LeaderElection29] INFO  server.RaftServerConfigKeys (ConfUtils.java:logGet(43)) - raft.server.staging.catchup.gap = 1000 (default)
2019-09-19 08:58:26,800 [pool-71-thread-1] INFO  server.RaftServerConfigKeys (ConfUtils.java:logGet(43)) - raft.server.rpc.timeout.min = 1s (custom)
2019-09-19 08:58:26,800 [5655ea38-4aa2-40a6-aaa3-4d444347e46a:group-390487BF82D5:LeaderElection29] INFO  server.RaftServerConfigKeys (ConfUtils.java:logGet(43)) - raft.server.rpc.sleep.time = 25ms (default)
2019-09-19 08:58:26,800 [pool-71-thread-1] INFO  server.RaftServerConfigKeys (ConfUtils.java:logGet(43)) - raft.server.rpc.timeout.max = 1200ms (custom)
2019-09-19 08:58:26,800 [5655ea38-4aa2-40a6-aaa3-4d444347e46a:group-390487BF82D5:LeaderElection29] INFO  server.RaftServerConfigKeys (ConfUtils.java:logGet(43)) - raft.server.write.element-limit = 4096 (default)
2019-09-19 08:58:26,800 [pool-71-thread-1] INFO  server.RaftServerConfigKeys (ConfUtils.java:logGet(43)) - raft.server.rpcslowness.timeout = 120s (custom)
2019-09-19 08:58:26,800 [5655ea38-4aa2-40a6-aaa3-4d444347e46a:group-390487BF82D5:LeaderElection29] INFO  server.RaftServerConfigKeys (ConfUtils.java:logGet(43)) - raft.server.watch.timeout = 10s (default)
2019-09-19 08:58:26,800 [pool-71-thread-1] INFO  server.RaftServerConfigKeys (ConfUtils.java:logGet(43)) - raft.server.sleep.deviation.threshold = 300 (default)
2019-09-19 08:58:26,800 [5655ea38-4aa2-40a6-aaa3-4d444347e46a:group-390487BF82D5:LeaderElection29] INFO  server.RaftServerConfigKeys (ConfUtils.java:logGet(43)) - raft.server.watch.timeout.denomination = 1s (default)
2019-09-19 08:58:26,800 [pool-71-thread-1] INFO  server.RaftServerConfigKeys (ConfUtils.java:logGet(43)) - raft.server.log.appender.install.snapshot.enabled = false (custom)
2019-09-19 08:58:26,800 [5655ea38-4aa2-40a6-aaa3-4d444347e46a:group-390487BF82D5:LeaderElection29] INFO  server.RaftServerConfigKeys (ConfUtils.java:logGet(43)) - raft.server.watch.element-limit = 65536 (default)
2019-09-19 08:58:26,801 [pool-71-thread-1] INFO  impl.RaftServerImpl (ServerState.java:<init>(105)) - 59afcdb3-7cd7-47ef-abfa-eabf405042f7:group-B7AEFB61EA16 ConfigurationManager, init=-1: [59afcdb3-7cd7-47ef-abfa-eabf405042f7:192.168.34.5:36202], old=null, confs=<EMPTY_MAP>
2019-09-19 08:58:26,801 [5655ea38-4aa2-40a6-aaa3-4d444347e46a:group-390487BF82D5:LeaderElection29] INFO  impl.RoleInfo (RoleInfo.java:updateAndGet(143)) - 5655ea38-4aa2-40a6-aaa3-4d444347e46a: start LeaderState
2019-09-19 08:58:26,801 [pool-71-thread-1] INFO  server.RaftServerConfigKeys (ConfUtils.java:logGet(43)) - raft.server.storage.dir = [/workdir/hadoop-ozone/integration-test/target/test-dir/MiniOzoneClusterImpl-072ceacc-f14a-494c-b049-5b6ad59b8d93/datanode-4/data/ratis] (custom)
2019-09-19 08:58:26,801 [5655ea38-4aa2-40a6-aaa3-4d444347e46a:group-390487BF82D5:LeaderElection29] INFO  segmented.SegmentedRaftLogWorker (SegmentedRaftLogWorker.java:startLogSegment(380)) - 5655ea38-4aa2-40a6-aaa3-4d444347e46a-SegmentedRaftLogWorker:Storage Directory /workdir/hadoop-ozone/integration-test/target/test-dir/MiniOzoneClusterImpl-072ceacc-f14a-494c-b049-5b6ad59b8d93/datanode-3/data/ratis/8a3fa4d1-9b84-42f2-84aa-390487bf82d5: Starting segment from index:0
2019-09-19 08:58:26,801 [pool-71-thread-1] INFO  storage.RaftStorageDirectory (RaftStorageDirectory.java:analyzeStorage(246)) - The storage directory /workdir/hadoop-ozone/integration-test/target/test-dir/MiniOzoneClusterImpl-072ceacc-f14a-494c-b049-5b6ad59b8d93/datanode-4/data/ratis/b1b30ce4-6a02-4a74-a8ff-b7aefb61ea16 does not exist. Creating ...
2019-09-19 08:58:26,801 [5655ea38-4aa2-40a6-aaa3-4d444347e46a:group-390487BF82D5:LeaderElection29] INFO  impl.RaftServerImpl (ServerState.java:setRaftConf(361)) - 5655ea38-4aa2-40a6-aaa3-4d444347e46a:group-390487BF82D5 set configuration 0: [5655ea38-4aa2-40a6-aaa3-4d444347e46a:192.168.34.5:39771], old=null at 0
2019-09-19 08:58:26,823 [pool-71-thread-1] INFO  storage.RaftStorageDirectory (RaftStorageDirectory.java:tryLock(328)) - Lock on /workdir/hadoop-ozone/integration-test/target/test-dir/MiniOzoneClusterImpl-072ceacc-f14a-494c-b049-5b6ad59b8d93/datanode-4/data/ratis/b1b30ce4-6a02-4a74-a8ff-b7aefb61ea16/in_use.lock acquired by nodename 8013@pr-hdds-1569-j4bt4-3030777008
2019-09-19 08:58:26,823 [275daa4b-3482-4b8e-b64e-92089e0536ae-SegmentedRaftLogWorker:Storage Directory /workdir/hadoop-ozone/integration-test/target/test-dir/MiniOzoneClusterImpl-072ceacc-f14a-494c-b049-5b6ad59b8d93/datanode-6/data/ratis/582e9f58-defa-415a-86ab-0ae116658a13] INFO  segmented.SegmentedRaftLogWorker (SegmentedRaftLogWorker.java:execute(569)) - 275daa4b-3482-4b8e-b64e-92089e0536ae-SegmentedRaftLogWorker:Storage Directory /workdir/hadoop-ozone/integration-test/target/test-dir/MiniOzoneClusterImpl-072ceacc-f14a-494c-b049-5b6ad59b8d93/datanode-6/data/ratis/582e9f58-defa-415a-86ab-0ae116658a13: created new log segment /workdir/hadoop-ozone/integration-test/target/test-dir/MiniOzoneClusterImpl-072ceacc-f14a-494c-b049-5b6ad59b8d93/datanode-6/data/ratis/582e9f58-defa-415a-86ab-0ae116658a13/current/log_inprogress_0
2019-09-19 08:58:26,827 [5655ea38-4aa2-40a6-aaa3-4d444347e46a-SegmentedRaftLogWorker:Storage Directory /workdir/hadoop-ozone/integration-test/target/test-dir/MiniOzoneClusterImpl-072ceacc-f14a-494c-b049-5b6ad59b8d93/datanode-3/data/ratis/8a3fa4d1-9b84-42f2-84aa-390487bf82d5] INFO  segmented.SegmentedRaftLogWorker (SegmentedRaftLogWorker.java:execute(569)) - 5655ea38-4aa2-40a6-aaa3-4d444347e46a-SegmentedRaftLogWorker:Storage Directory /workdir/hadoop-ozone/integration-test/target/test-dir/MiniOzoneClusterImpl-072ceacc-f14a-494c-b049-5b6ad59b8d93/datanode-3/data/ratis/8a3fa4d1-9b84-42f2-84aa-390487bf82d5: created new log segment /workdir/hadoop-ozone/integration-test/target/test-dir/MiniOzoneClusterImpl-072ceacc-f14a-494c-b049-5b6ad59b8d93/datanode-3/data/ratis/8a3fa4d1-9b84-42f2-84aa-390487bf82d5/current/log_inprogress_0
2019-09-19 08:58:26,827 [pool-71-thread-1] INFO  storage.RaftStorage (RaftStorage.java:format(72)) - Storage directory /workdir/hadoop-ozone/integration-test/target/test-dir/MiniOzoneClusterImpl-072ceacc-f14a-494c-b049-5b6ad59b8d93/datanode-4/data/ratis/b1b30ce4-6a02-4a74-a8ff-b7aefb61ea16 has been successfully formatted.
2019-09-19 08:58:26,827 [pool-71-thread-1] INFO  ratis.ContainerStateMachine (ContainerStateMachine.java:loadSnapshot(226)) - group-B7AEFB61EA16: The snapshot info is null. Setting the last applied indexto:(t:0, i:~)
2019-09-19 08:58:26,827 [pool-71-thread-1] INFO  server.RaftServerConfigKeys (ConfUtils.java:logGet(43)) - raft.server.leader.election.timeout = 120s (custom)
2019-09-19 08:58:26,827 [pool-71-thread-1] INFO  server.RaftServerConfigKeys (ConfUtils.java:logGet(43)) - raft.server.log.use.memory = false (default)
2019-09-19 08:58:26,828 [pool-71-thread-1] INFO  server.RaftServerConfigKeys (ConfUtils.java:logGet(43)) - raft.server.log.purge.gap = 1000000 (custom)
2019-09-19 08:58:26,828 [pool-71-thread-1] INFO  server.RaftServerConfigKeys (ConfUtils.java:logGet(43)) - raft.server.log.appender.buffer.byte-limit = 33554432 (custom)
2019-09-19 08:58:26,828 [pool-71-thread-1] INFO  server.RaftServerConfigKeys (ConfUtils.java:logGet(43)) - raft.server.log.segment.size.max = 1048576 (custom)
2019-09-19 08:58:26,828 [pool-71-thread-1] INFO  server.RaftServerConfigKeys (ConfUtils.java:logGet(43)) - raft.server.log.segment.cache.num.max = 2 (custom)
2019-09-19 08:58:26,828 [pool-71-thread-1] INFO  segmented.SegmentedRaftLogWorker (SegmentedRaftLogWorker.java:<init>(172)) - new 59afcdb3-7cd7-47ef-abfa-eabf405042f7-SegmentedRaftLogWorker:Storage Directory /workdir/hadoop-ozone/integration-test/target/test-dir/MiniOzoneClusterImpl-072ceacc-f14a-494c-b049-5b6ad59b8d93/datanode-4/data/ratis/b1b30ce4-6a02-4a74-a8ff-b7aefb61ea16 for RaftStorage:Storage Directory /workdir/hadoop-ozone/integration-test/target/test-dir/MiniOzoneClusterImpl-072ceacc-f14a-494c-b049-5b6ad59b8d93/datanode-4/data/ratis/b1b30ce4-6a02-4a74-a8ff-b7aefb61ea16
2019-09-19 08:58:26,828 [pool-71-thread-1] INFO  server.RaftServerConfigKeys (ConfUtils.java:logGet(43)) - raft.server.log.queue.byte-limit = 2147483647 (custom)
2019-09-19 08:58:26,828 [pool-71-thread-1] INFO  server.RaftServerConfigKeys (ConfUtils.java:logGet(43)) - raft.server.log.queue.element-limit = 1024 (custom)
2019-09-19 08:58:26,828 [pool-71-thread-1] INFO  server.RaftServerConfigKeys (ConfUtils.java:logGet(43)) - raft.server.log.segment.size.max = 1048576 (custom)
2019-09-19 08:58:26,829 [pool-71-thread-1] INFO  server.RaftServerConfigKeys (ConfUtils.java:logGet(43)) - raft.server.log.preallocated.size = 16384 (custom)
2019-09-19 08:58:26,829 [pool-71-thread-1] INFO  server.RaftServerConfigKeys (ConfUtils.java:logGet(43)) - raft.server.log.write.buffer.size = 33554432 (custom)
2019-09-19 08:58:26,829 [pool-71-thread-1] INFO  server.RaftServerConfigKeys (ConfUtils.java:logGet(43)) - raft.server.log.force.sync.num = 128 (default)
2019-09-19 08:58:26,829 [pool-71-thread-1] INFO  server.RaftServerConfigKeys (ConfUtils.java:logGet(43)) - raft.server.log.statemachine.data.sync = true (default)
2019-09-19 08:58:26,829 [pool-71-thread-1] INFO  server.RaftServerConfigKeys (ConfUtils.java:logGet(43)) - raft.server.log.statemachine.data.sync.timeout = 10s (default)
2019-09-19 08:58:26,829 [pool-71-thread-1] INFO  server.RaftServerConfigKeys (ConfUtils.java:logGet(43)) - raft.server.log.statemachine.data.sync.timeout.retry = -1 (default)
2019-09-19 08:58:26,829 [pool-71-thread-1] INFO  server.RaftServerConfigKeys (ConfUtils.java:logGet(43)) - raft.server.log.statemachine.data.caching.enabled = true (custom)
2019-09-19 08:58:26,829 [pool-71-thread-1] INFO  segmented.SegmentedRaftLogWorker (SegmentedRaftLogWorker.java:lambda$new$0(132)) - 59afcdb3-7cd7-47ef-abfa-eabf405042f7-SegmentedRaftLogWorker:Storage Directory /workdir/hadoop-ozone/integration-test/target/test-dir/MiniOzoneClusterImpl-072ceacc-f14a-494c-b049-5b6ad59b8d93/datanode-4/data/ratis/b1b30ce4-6a02-4a74-a8ff-b7aefb61ea16: flushIndex: setUnconditionally 0 -> -1
2019-09-19 08:58:26,830 [pool-71-thread-1] INFO  server.RaftServerConfigKeys (ConfUtils.java:logGet(43)) - raft.server.snapshot.auto.trigger.enabled = true (custom)
2019-09-19 08:58:26,830 [pool-71-thread-1] INFO  server.RaftServerConfigKeys (ConfUtils.java:logGet(43)) - raft.server.snapshot.auto.trigger.threshold = 10000 (custom)
2019-09-19 08:58:26,830 [pool-71-thread-1] INFO  server.RaftServerConfigKeys (ConfUtils.java:logGet(43)) - raft.server.retrycache.expirytime = 600000ms (custom)
2019-09-19 08:58:26,830 [pool-71-thread-1] INFO  impl.RaftServerImpl (RaftServerImpl.java:start(180)) - 59afcdb3-7cd7-47ef-abfa-eabf405042f7: start group-B7AEFB61EA16
2019-09-19 08:58:26,830 [pool-71-thread-1] INFO  impl.RaftServerImpl (RaftServerImpl.java:setRole(171)) - 59afcdb3-7cd7-47ef-abfa-eabf405042f7:group-B7AEFB61EA16 changes role from null to FOLLOWER at term 0 for startAsFollower
2019-09-19 08:58:26,830 [pool-71-thread-1] INFO  impl.RoleInfo (RoleInfo.java:updateAndGet(143)) - 59afcdb3-7cd7-47ef-abfa-eabf405042f7: start FollowerState
2019-09-19 08:58:26,831 [pool-71-thread-1] INFO  util.JmxRegister (JmxRegister.java:tryRegister(44)) - Successfully registered JMX Bean with object name Ratis:service=RaftServer,group=group-B7AEFB61EA16,id=59afcdb3-7cd7-47ef-abfa-eabf405042f7
2019-09-19 08:58:26,832 | INFO  | SCMAudit | user=jenkins1000 | ip=192.168.34.5 | op=SEND_HEARTBEAT {datanodeUUID=275daa4b-3482-4b8e-b64e-92089e0536ae, command=[]} | ret=SUCCESS |  
2019-09-19 08:58:26,833 [RatisPipelineUtilsThread] INFO  pipeline.PipelineStateManager (PipelineStateManager.java:addPipeline(56)) - Created pipeline Pipeline[ Id: b1b30ce4-6a02-4a74-a8ff-b7aefb61ea16, Nodes: 59afcdb3-7cd7-47ef-abfa-eabf405042f7{ip: 192.168.34.5, host: pr-hdds-1569-j4bt4-3030777008, networkLocation: /default-rack, certSerialId: null}, Type:RATIS, Factor:ONE, State:OPEN]
2019-09-19 08:58:26,833 [RatisPipelineUtilsThread] ERROR pipeline.PipelinePlacementPolicy (PipelinePlacementPolicy.java:meetCriteria(91)) - Pipeline Placement: Doesn't meet the criteria to be viable node. Heaviness: 6
2019-09-19 08:58:26,833 [RatisPipelineUtilsThread] ERROR pipeline.PipelinePlacementPolicy (PipelinePlacementPolicy.java:meetCriteria(91)) - Pipeline Placement: Doesn't meet the criteria to be viable node. Heaviness: 6
2019-09-19 08:58:26,833 [RatisPipelineUtilsThread] ERROR pipeline.PipelinePlacementPolicy (PipelinePlacementPolicy.java:meetCriteria(91)) - Pipeline Placement: Doesn't meet the criteria to be viable node. Heaviness: 6
2019-09-19 08:58:26,833 [RatisPipelineUtilsThread] ERROR pipeline.PipelinePlacementPolicy (PipelinePlacementPolicy.java:meetCriteria(91)) - Pipeline Placement: Doesn't meet the criteria to be viable node. Heaviness: 6
2019-09-19 08:58:26,833 [RatisPipelineUtilsThread] ERROR pipeline.PipelinePlacementPolicy (PipelinePlacementPolicy.java:meetCriteria(91)) - Pipeline Placement: Doesn't meet the criteria to be viable node. Heaviness: 6
2019-09-19 08:58:26,838 [grpc-default-executor-1] INFO  impl.RaftServerProxy (RaftServerProxy.java:addNew(89)) - 8a96a672-7e2f-4b1c-ac1e-ddd5d18a6d5d: addNew group-F3500563B75C:[8a96a672-7e2f-4b1c-ac1e-ddd5d18a6d5d:192.168.34.5:45218] returns group-F3500563B75C:java.util.concurrent.CompletableFuture@5eb562d1[Not completed]
2019-09-19 08:58:26,840 [pool-27-thread-1] INFO  impl.RaftServerImpl (RaftServerImpl.java:<init>(93)) - 8a96a672-7e2f-4b1c-ac1e-ddd5d18a6d5d: new RaftServerImpl for group-F3500563B75C:[8a96a672-7e2f-4b1c-ac1e-ddd5d18a6d5d:192.168.34.5:45218] with ContainerStateMachine:uninitialized
2019-09-19 08:58:26,840 [pool-27-thread-1] INFO  server.RaftServerConfigKeys (ConfUtils.java:logGet(43)) - raft.server.rpc.timeout.min = 1s (custom)
2019-09-19 08:58:26,840 [pool-27-thread-1] INFO  server.RaftServerConfigKeys (ConfUtils.java:logGet(43)) - raft.server.rpc.timeout.max = 1200ms (custom)
2019-09-19 08:58:26,840 [pool-27-thread-1] INFO  server.RaftServerConfigKeys (ConfUtils.java:logGet(43)) - raft.server.rpcslowness.timeout = 120s (custom)
2019-09-19 08:58:26,840 [pool-27-thread-1] INFO  server.RaftServerConfigKeys (ConfUtils.java:logGet(43)) - raft.server.sleep.deviation.threshold = 300 (default)
2019-09-19 08:58:26,840 [pool-27-thread-1] INFO  server.RaftServerConfigKeys (ConfUtils.java:logGet(43)) - raft.server.log.appender.install.snapshot.enabled = false (custom)
2019-09-19 08:58:26,840 [pool-27-thread-1] INFO  impl.RaftServerImpl (ServerState.java:<init>(105)) - 8a96a672-7e2f-4b1c-ac1e-ddd5d18a6d5d:group-F3500563B75C ConfigurationManager, init=-1: [8a96a672-7e2f-4b1c-ac1e-ddd5d18a6d5d:192.168.34.5:45218], old=null, confs=<EMPTY_MAP>
2019-09-19 08:58:26,841 [pool-27-thread-1] INFO  server.RaftServerConfigKeys (ConfUtils.java:logGet(43)) - raft.server.storage.dir = [/workdir/hadoop-ozone/integration-test/target/test-dir/MiniOzoneClusterImpl-072ceacc-f14a-494c-b049-5b6ad59b8d93/datanode-0/data/ratis] (custom)
2019-09-19 08:58:26,841 [pool-27-thread-1] INFO  storage.RaftStorageDirectory (RaftStorageDirectory.java:analyzeStorage(246)) - The storage directory /workdir/hadoop-ozone/integration-test/target/test-dir/MiniOzoneClusterImpl-072ceacc-f14a-494c-b049-5b6ad59b8d93/datanode-0/data/ratis/d4df4af2-23c4-4213-be1c-f3500563b75c does not exist. Creating ...
2019-09-19 08:58:26,859 [pool-27-thread-1] INFO  storage.RaftStorageDirectory (RaftStorageDirectory.java:tryLock(328)) - Lock on /workdir/hadoop-ozone/integration-test/target/test-dir/MiniOzoneClusterImpl-072ceacc-f14a-494c-b049-5b6ad59b8d93/datanode-0/data/ratis/d4df4af2-23c4-4213-be1c-f3500563b75c/in_use.lock acquired by nodename 8013@pr-hdds-1569-j4bt4-3030777008
2019-09-19 08:58:26,872 [pool-27-thread-1] INFO  storage.RaftStorage (RaftStorage.java:format(72)) - Storage directory /workdir/hadoop-ozone/integration-test/target/test-dir/MiniOzoneClusterImpl-072ceacc-f14a-494c-b049-5b6ad59b8d93/datanode-0/data/ratis/d4df4af2-23c4-4213-be1c-f3500563b75c has been successfully formatted.
2019-09-19 08:58:26,873 [pool-27-thread-1] INFO  ratis.ContainerStateMachine (ContainerStateMachine.java:loadSnapshot(226)) - group-F3500563B75C: The snapshot info is null. Setting the last applied indexto:(t:0, i:~)
2019-09-19 08:58:26,873 [pool-27-thread-1] INFO  server.RaftServerConfigKeys (ConfUtils.java:logGet(43)) - raft.server.leader.election.timeout = 120s (custom)
2019-09-19 08:58:26,873 [pool-27-thread-1] INFO  server.RaftServerConfigKeys (ConfUtils.java:logGet(43)) - raft.server.log.use.memory = false (default)
2019-09-19 08:58:26,873 [pool-27-thread-1] INFO  server.RaftServerConfigKeys (ConfUtils.java:logGet(43)) - raft.server.log.purge.gap = 1000000 (custom)
2019-09-19 08:58:26,873 [pool-27-thread-1] INFO  server.RaftServerConfigKeys (ConfUtils.java:logGet(43)) - raft.server.log.appender.buffer.byte-limit = 33554432 (custom)
2019-09-19 08:58:26,873 [pool-27-thread-1] INFO  server.RaftServerConfigKeys (ConfUtils.java:logGet(43)) - raft.server.log.segment.size.max = 1048576 (custom)
2019-09-19 08:58:26,873 [pool-27-thread-1] INFO  server.RaftServerConfigKeys (ConfUtils.java:logGet(43)) - raft.server.log.segment.cache.num.max = 2 (custom)
2019-09-19 08:58:26,874 [pool-27-thread-1] INFO  segmented.SegmentedRaftLogWorker (SegmentedRaftLogWorker.java:<init>(172)) - new 8a96a672-7e2f-4b1c-ac1e-ddd5d18a6d5d-SegmentedRaftLogWorker:Storage Directory /workdir/hadoop-ozone/integration-test/target/test-dir/MiniOzoneClusterImpl-072ceacc-f14a-494c-b049-5b6ad59b8d93/datanode-0/data/ratis/d4df4af2-23c4-4213-be1c-f3500563b75c for RaftStorage:Storage Directory /workdir/hadoop-ozone/integration-test/target/test-dir/MiniOzoneClusterImpl-072ceacc-f14a-494c-b049-5b6ad59b8d93/datanode-0/data/ratis/d4df4af2-23c4-4213-be1c-f3500563b75c
2019-09-19 08:58:26,874 [pool-27-thread-1] INFO  server.RaftServerConfigKeys (ConfUtils.java:logGet(43)) - raft.server.log.queue.byte-limit = 2147483647 (custom)
2019-09-19 08:58:26,874 [pool-27-thread-1] INFO  server.RaftServerConfigKeys (ConfUtils.java:logGet(43)) - raft.server.log.queue.element-limit = 1024 (custom)
2019-09-19 08:58:26,874 [pool-27-thread-1] INFO  server.RaftServerConfigKeys (ConfUtils.java:logGet(43)) - raft.server.log.segment.size.max = 1048576 (custom)
2019-09-19 08:58:26,874 [pool-27-thread-1] INFO  server.RaftServerConfigKeys (ConfUtils.java:logGet(43)) - raft.server.log.preallocated.size = 16384 (custom)
2019-09-19 08:58:26,874 [pool-27-thread-1] INFO  server.RaftServerConfigKeys (ConfUtils.java:logGet(43)) - raft.server.log.write.buffer.size = 33554432 (custom)
2019-09-19 08:58:26,875 [pool-27-thread-1] INFO  server.RaftServerConfigKeys (ConfUtils.java:logGet(43)) - raft.server.log.force.sync.num = 128 (default)
2019-09-19 08:58:26,875 [pool-27-thread-1] INFO  server.RaftServerConfigKeys (ConfUtils.java:logGet(43)) - raft.server.log.statemachine.data.sync = true (default)
2019-09-19 08:58:26,875 [pool-27-thread-1] INFO  server.RaftServerConfigKeys (ConfUtils.java:logGet(43)) - raft.server.log.statemachine.data.sync.timeout = 10s (default)
2019-09-19 08:58:26,875 [pool-27-thread-1] INFO  server.RaftServerConfigKeys (ConfUtils.java:logGet(43)) - raft.server.log.statemachine.data.sync.timeout.retry = -1 (default)
2019-09-19 08:58:26,876 [pool-27-thread-1] INFO  server.RaftServerConfigKeys (ConfUtils.java:logGet(43)) - raft.server.log.statemachine.data.caching.enabled = true (custom)
2019-09-19 08:58:26,876 [pool-27-thread-1] INFO  segmented.SegmentedRaftLogWorker (SegmentedRaftLogWorker.java:lambda$new$0(132)) - 8a96a672-7e2f-4b1c-ac1e-ddd5d18a6d5d-SegmentedRaftLogWorker:Storage Directory /workdir/hadoop-ozone/integration-test/target/test-dir/MiniOzoneClusterImpl-072ceacc-f14a-494c-b049-5b6ad59b8d93/datanode-0/data/ratis/d4df4af2-23c4-4213-be1c-f3500563b75c: flushIndex: setUnconditionally 0 -> -1
2019-09-19 08:58:26,876 [pool-27-thread-1] INFO  server.RaftServerConfigKeys (ConfUtils.java:logGet(43)) - raft.server.snapshot.auto.trigger.enabled = true (custom)
2019-09-19 08:58:26,877 [pool-27-thread-1] INFO  server.RaftServerConfigKeys (ConfUtils.java:logGet(43)) - raft.server.snapshot.auto.trigger.threshold = 10000 (custom)
2019-09-19 08:58:26,877 [pool-27-thread-1] INFO  server.RaftServerConfigKeys (ConfUtils.java:logGet(43)) - raft.server.retrycache.expirytime = 600000ms (custom)
2019-09-19 08:58:26,877 [pool-27-thread-1] INFO  impl.RaftServerImpl (RaftServerImpl.java:start(180)) - 8a96a672-7e2f-4b1c-ac1e-ddd5d18a6d5d: start group-F3500563B75C
2019-09-19 08:58:26,877 [pool-27-thread-1] INFO  impl.RaftServerImpl (RaftServerImpl.java:setRole(171)) - 8a96a672-7e2f-4b1c-ac1e-ddd5d18a6d5d:group-F3500563B75C changes role from null to FOLLOWER at term 0 for startAsFollower
2019-09-19 08:58:26,878 [pool-27-thread-1] INFO  impl.RoleInfo (RoleInfo.java:updateAndGet(143)) - 8a96a672-7e2f-4b1c-ac1e-ddd5d18a6d5d: start FollowerState
2019-09-19 08:58:26,878 [pool-27-thread-1] INFO  util.JmxRegister (JmxRegister.java:tryRegister(44)) - Successfully registered JMX Bean with object name Ratis:service=RaftServer,group=group-F3500563B75C,id=8a96a672-7e2f-4b1c-ac1e-ddd5d18a6d5d
2019-09-19 08:58:26,881 [RatisPipelineUtilsThread] INFO  pipeline.PipelineStateManager (PipelineStateManager.java:addPipeline(56)) - Created pipeline Pipeline[ Id: d4df4af2-23c4-4213-be1c-f3500563b75c, Nodes: 8a96a672-7e2f-4b1c-ac1e-ddd5d18a6d5d{ip: 192.168.34.5, host: pr-hdds-1569-j4bt4-3030777008, networkLocation: /default-rack, certSerialId: null}, Type:RATIS, Factor:ONE, State:OPEN]
2019-09-19 08:58:26,882 [RatisPipelineUtilsThread] ERROR pipeline.PipelinePlacementPolicy (PipelinePlacementPolicy.java:meetCriteria(91)) - Pipeline Placement: Doesn't meet the criteria to be viable node. Heaviness: 6
2019-09-19 08:58:26,882 [RatisPipelineUtilsThread] ERROR pipeline.PipelinePlacementPolicy (PipelinePlacementPolicy.java:meetCriteria(91)) - Pipeline Placement: Doesn't meet the criteria to be viable node. Heaviness: 6
2019-09-19 08:58:26,882 [RatisPipelineUtilsThread] ERROR pipeline.PipelinePlacementPolicy (PipelinePlacementPolicy.java:meetCriteria(91)) - Pipeline Placement: Doesn't meet the criteria to be viable node. Heaviness: 6
2019-09-19 08:58:26,882 [RatisPipelineUtilsThread] ERROR pipeline.PipelinePlacementPolicy (PipelinePlacementPolicy.java:meetCriteria(91)) - Pipeline Placement: Doesn't meet the criteria to be viable node. Heaviness: 6
2019-09-19 08:58:26,882 [RatisPipelineUtilsThread] ERROR pipeline.PipelinePlacementPolicy (PipelinePlacementPolicy.java:meetCriteria(91)) - Pipeline Placement: Doesn't meet the criteria to be viable node. Heaviness: 6
2019-09-19 08:58:26,882 [RatisPipelineUtilsThread] ERROR pipeline.PipelinePlacementPolicy (PipelinePlacementPolicy.java:meetCriteria(91)) - Pipeline Placement: Doesn't meet the criteria to be viable node. Heaviness: 6
2019-09-19 08:58:26,888 [grpc-default-executor-1] INFO  impl.RaftServerProxy (RaftServerProxy.java:addNew(89)) - cd77464f-7686-4dc7-8332-533cdc56da6b: addNew group-1B34058E3009:[cd77464f-7686-4dc7-8332-533cdc56da6b:192.168.34.5:41324] returns group-1B34058E3009:java.util.concurrent.CompletableFuture@6f5c1112[Not completed]
2019-09-19 08:58:26,889 [pool-82-thread-1] INFO  impl.RaftServerImpl (RaftServerImpl.java:<init>(93)) - cd77464f-7686-4dc7-8332-533cdc56da6b: new RaftServerImpl for group-1B34058E3009:[cd77464f-7686-4dc7-8332-533cdc56da6b:192.168.34.5:41324] with ContainerStateMachine:uninitialized
2019-09-19 08:58:26,889 [pool-82-thread-1] INFO  server.RaftServerConfigKeys (ConfUtils.java:logGet(43)) - raft.server.rpc.timeout.min = 1s (custom)
2019-09-19 08:58:26,889 [pool-82-thread-1] INFO  server.RaftServerConfigKeys (ConfUtils.java:logGet(43)) - raft.server.rpc.timeout.max = 1200ms (custom)
2019-09-19 08:58:26,889 [pool-82-thread-1] INFO  server.RaftServerConfigKeys (ConfUtils.java:logGet(43)) - raft.server.rpcslowness.timeout = 120s (custom)
2019-09-19 08:58:26,889 [pool-82-thread-1] INFO  server.RaftServerConfigKeys (ConfUtils.java:logGet(43)) - raft.server.sleep.deviation.threshold = 300 (default)
2019-09-19 08:58:26,889 [pool-82-thread-1] INFO  server.RaftServerConfigKeys (ConfUtils.java:logGet(43)) - raft.server.log.appender.install.snapshot.enabled = false (custom)
2019-09-19 08:58:26,889 [pool-82-thread-1] INFO  impl.RaftServerImpl (ServerState.java:<init>(105)) - cd77464f-7686-4dc7-8332-533cdc56da6b:group-1B34058E3009 ConfigurationManager, init=-1: [cd77464f-7686-4dc7-8332-533cdc56da6b:192.168.34.5:41324], old=null, confs=<EMPTY_MAP>
2019-09-19 08:58:26,890 [pool-82-thread-1] INFO  server.RaftServerConfigKeys (ConfUtils.java:logGet(43)) - raft.server.storage.dir = [/workdir/hadoop-ozone/integration-test/target/test-dir/MiniOzoneClusterImpl-072ceacc-f14a-494c-b049-5b6ad59b8d93/datanode-5/data/ratis] (custom)
2019-09-19 08:58:26,890 [pool-82-thread-1] INFO  storage.RaftStorageDirectory (RaftStorageDirectory.java:analyzeStorage(246)) - The storage directory /workdir/hadoop-ozone/integration-test/target/test-dir/MiniOzoneClusterImpl-072ceacc-f14a-494c-b049-5b6ad59b8d93/datanode-5/data/ratis/361fbe50-293d-4247-a237-1b34058e3009 does not exist. Creating ...
2019-09-19 08:58:26,902 [pool-82-thread-1] INFO  storage.RaftStorageDirectory (RaftStorageDirectory.java:tryLock(328)) - Lock on /workdir/hadoop-ozone/integration-test/target/test-dir/MiniOzoneClusterImpl-072ceacc-f14a-494c-b049-5b6ad59b8d93/datanode-5/data/ratis/361fbe50-293d-4247-a237-1b34058e3009/in_use.lock acquired by nodename 8013@pr-hdds-1569-j4bt4-3030777008
2019-09-19 08:58:26,916 [pool-82-thread-1] INFO  storage.RaftStorage (RaftStorage.java:format(72)) - Storage directory /workdir/hadoop-ozone/integration-test/target/test-dir/MiniOzoneClusterImpl-072ceacc-f14a-494c-b049-5b6ad59b8d93/datanode-5/data/ratis/361fbe50-293d-4247-a237-1b34058e3009 has been successfully formatted.
2019-09-19 08:58:26,916 [pool-82-thread-1] INFO  ratis.ContainerStateMachine (ContainerStateMachine.java:loadSnapshot(226)) - group-1B34058E3009: The snapshot info is null. Setting the last applied indexto:(t:0, i:~)
2019-09-19 08:58:26,916 [pool-82-thread-1] INFO  server.RaftServerConfigKeys (ConfUtils.java:logGet(43)) - raft.server.leader.election.timeout = 120s (custom)
2019-09-19 08:58:26,916 [pool-82-thread-1] INFO  server.RaftServerConfigKeys (ConfUtils.java:logGet(43)) - raft.server.log.use.memory = false (default)
2019-09-19 08:58:26,916 [pool-82-thread-1] INFO  server.RaftServerConfigKeys (ConfUtils.java:logGet(43)) - raft.server.log.purge.gap = 1000000 (custom)
2019-09-19 08:58:26,916 [pool-82-thread-1] INFO  server.RaftServerConfigKeys (ConfUtils.java:logGet(43)) - raft.server.log.appender.buffer.byte-limit = 33554432 (custom)
2019-09-19 08:58:26,917 [pool-82-thread-1] INFO  server.RaftServerConfigKeys (ConfUtils.java:logGet(43)) - raft.server.log.segment.size.max = 1048576 (custom)
2019-09-19 08:58:26,917 [pool-82-thread-1] INFO  server.RaftServerConfigKeys (ConfUtils.java:logGet(43)) - raft.server.log.segment.cache.num.max = 2 (custom)
2019-09-19 08:58:26,917 [pool-82-thread-1] INFO  segmented.SegmentedRaftLogWorker (SegmentedRaftLogWorker.java:<init>(172)) - new cd77464f-7686-4dc7-8332-533cdc56da6b-SegmentedRaftLogWorker:Storage Directory /workdir/hadoop-ozone/integration-test/target/test-dir/MiniOzoneClusterImpl-072ceacc-f14a-494c-b049-5b6ad59b8d93/datanode-5/data/ratis/361fbe50-293d-4247-a237-1b34058e3009 for RaftStorage:Storage Directory /workdir/hadoop-ozone/integration-test/target/test-dir/MiniOzoneClusterImpl-072ceacc-f14a-494c-b049-5b6ad59b8d93/datanode-5/data/ratis/361fbe50-293d-4247-a237-1b34058e3009
2019-09-19 08:58:26,917 [pool-82-thread-1] INFO  server.RaftServerConfigKeys (ConfUtils.java:logGet(43)) - raft.server.log.queue.byte-limit = 2147483647 (custom)
2019-09-19 08:58:26,917 [pool-82-thread-1] INFO  server.RaftServerConfigKeys (ConfUtils.java:logGet(43)) - raft.server.log.queue.element-limit = 1024 (custom)
2019-09-19 08:58:26,917 [pool-82-thread-1] INFO  server.RaftServerConfigKeys (ConfUtils.java:logGet(43)) - raft.server.log.segment.size.max = 1048576 (custom)
2019-09-19 08:58:26,917 [pool-82-thread-1] INFO  server.RaftServerConfigKeys (ConfUtils.java:logGet(43)) - raft.server.log.preallocated.size = 16384 (custom)
2019-09-19 08:58:26,917 [pool-82-thread-1] INFO  server.RaftServerConfigKeys (ConfUtils.java:logGet(43)) - raft.server.log.write.buffer.size = 33554432 (custom)
2019-09-19 08:58:26,917 [pool-82-thread-1] INFO  server.RaftServerConfigKeys (ConfUtils.java:logGet(43)) - raft.server.log.force.sync.num = 128 (default)
2019-09-19 08:58:26,917 [pool-82-thread-1] INFO  server.RaftServerConfigKeys (ConfUtils.java:logGet(43)) - raft.server.log.statemachine.data.sync = true (default)
2019-09-19 08:58:26,917 [pool-82-thread-1] INFO  server.RaftServerConfigKeys (ConfUtils.java:logGet(43)) - raft.server.log.statemachine.data.sync.timeout = 10s (default)
2019-09-19 08:58:26,918 [pool-82-thread-1] INFO  server.RaftServerConfigKeys (ConfUtils.java:logGet(43)) - raft.server.log.statemachine.data.sync.timeout.retry = -1 (default)
2019-09-19 08:58:26,918 [pool-82-thread-1] INFO  server.RaftServerConfigKeys (ConfUtils.java:logGet(43)) - raft.server.log.statemachine.data.caching.enabled = true (custom)
2019-09-19 08:58:26,918 [pool-82-thread-1] INFO  segmented.SegmentedRaftLogWorker (SegmentedRaftLogWorker.java:lambda$new$0(132)) - cd77464f-7686-4dc7-8332-533cdc56da6b-SegmentedRaftLogWorker:Storage Directory /workdir/hadoop-ozone/integration-test/target/test-dir/MiniOzoneClusterImpl-072ceacc-f14a-494c-b049-5b6ad59b8d93/datanode-5/data/ratis/361fbe50-293d-4247-a237-1b34058e3009: flushIndex: setUnconditionally 0 -> -1
2019-09-19 08:58:26,918 [pool-82-thread-1] INFO  server.RaftServerConfigKeys (ConfUtils.java:logGet(43)) - raft.server.snapshot.auto.trigger.enabled = true (custom)
2019-09-19 08:58:26,919 [pool-82-thread-1] INFO  server.RaftServerConfigKeys (ConfUtils.java:logGet(43)) - raft.server.snapshot.auto.trigger.threshold = 10000 (custom)
2019-09-19 08:58:26,919 [pool-82-thread-1] INFO  server.RaftServerConfigKeys (ConfUtils.java:logGet(43)) - raft.server.retrycache.expirytime = 600000ms (custom)
2019-09-19 08:58:26,919 [pool-82-thread-1] INFO  impl.RaftServerImpl (RaftServerImpl.java:start(180)) - cd77464f-7686-4dc7-8332-533cdc56da6b: start group-1B34058E3009
2019-09-19 08:58:26,919 [pool-82-thread-1] INFO  impl.RaftServerImpl (RaftServerImpl.java:setRole(171)) - cd77464f-7686-4dc7-8332-533cdc56da6b:group-1B34058E3009 changes role from null to FOLLOWER at term 0 for startAsFollower
2019-09-19 08:58:26,919 [pool-82-thread-1] INFO  impl.RoleInfo (RoleInfo.java:updateAndGet(143)) - cd77464f-7686-4dc7-8332-533cdc56da6b: start FollowerState
2019-09-19 08:58:26,919 [pool-82-thread-1] INFO  util.JmxRegister (JmxRegister.java:tryRegister(44)) - Successfully registered JMX Bean with object name Ratis:service=RaftServer,group=group-1B34058E3009,id=cd77464f-7686-4dc7-8332-533cdc56da6b
2019-09-19 08:58:26,922 [RatisPipelineUtilsThread] INFO  pipeline.PipelineStateManager (PipelineStateManager.java:addPipeline(56)) - Created pipeline Pipeline[ Id: 361fbe50-293d-4247-a237-1b34058e3009, Nodes: cd77464f-7686-4dc7-8332-533cdc56da6b{ip: 192.168.34.5, host: pr-hdds-1569-j4bt4-3030777008, networkLocation: /default-rack, certSerialId: null}, Type:RATIS, Factor:ONE, State:OPEN]
2019-09-19 08:58:26,922 [RatisPipelineUtilsThread] ERROR pipeline.PipelinePlacementPolicy (PipelinePlacementPolicy.java:meetCriteria(91)) - Pipeline Placement: Doesn't meet the criteria to be viable node. Heaviness: 6
2019-09-19 08:58:26,922 [RatisPipelineUtilsThread] ERROR pipeline.PipelinePlacementPolicy (PipelinePlacementPolicy.java:meetCriteria(91)) - Pipeline Placement: Doesn't meet the criteria to be viable node. Heaviness: 6
2019-09-19 08:58:26,922 [RatisPipelineUtilsThread] ERROR pipeline.PipelinePlacementPolicy (PipelinePlacementPolicy.java:meetCriteria(91)) - Pipeline Placement: Doesn't meet the criteria to be viable node. Heaviness: 6
2019-09-19 08:58:26,922 [RatisPipelineUtilsThread] ERROR pipeline.PipelinePlacementPolicy (PipelinePlacementPolicy.java:meetCriteria(91)) - Pipeline Placement: Doesn't meet the criteria to be viable node. Heaviness: 6
2019-09-19 08:58:26,922 [RatisPipelineUtilsThread] ERROR pipeline.PipelinePlacementPolicy (PipelinePlacementPolicy.java:meetCriteria(91)) - Pipeline Placement: Doesn't meet the criteria to be viable node. Heaviness: 6
2019-09-19 08:58:26,922 [RatisPipelineUtilsThread] ERROR pipeline.PipelinePlacementPolicy (PipelinePlacementPolicy.java:meetCriteria(91)) - Pipeline Placement: Doesn't meet the criteria to be viable node. Heaviness: 6
2019-09-19 08:58:26,927 [grpc-default-executor-1] INFO  impl.RaftServerProxy (RaftServerProxy.java:addNew(89)) - cd77464f-7686-4dc7-8332-533cdc56da6b: addNew group-70881C39CDA6:[cd77464f-7686-4dc7-8332-533cdc56da6b:192.168.34.5:41324] returns group-70881C39CDA6:java.util.concurrent.CompletableFuture@74206ae0[Not completed]
2019-09-19 08:58:26,928 [pool-82-thread-1] INFO  impl.RaftServerImpl (RaftServerImpl.java:<init>(93)) - cd77464f-7686-4dc7-8332-533cdc56da6b: new RaftServerImpl for group-70881C39CDA6:[cd77464f-7686-4dc7-8332-533cdc56da6b:192.168.34.5:41324] with ContainerStateMachine:uninitialized
2019-09-19 08:58:26,928 [pool-82-thread-1] INFO  server.RaftServerConfigKeys (ConfUtils.java:logGet(43)) - raft.server.rpc.timeout.min = 1s (custom)
2019-09-19 08:58:26,928 [pool-82-thread-1] INFO  server.RaftServerConfigKeys (ConfUtils.java:logGet(43)) - raft.server.rpc.timeout.max = 1200ms (custom)
2019-09-19 08:58:26,928 [pool-82-thread-1] INFO  server.RaftServerConfigKeys (ConfUtils.java:logGet(43)) - raft.server.rpcslowness.timeout = 120s (custom)
2019-09-19 08:58:26,928 [pool-82-thread-1] INFO  server.RaftServerConfigKeys (ConfUtils.java:logGet(43)) - raft.server.sleep.deviation.threshold = 300 (default)
2019-09-19 08:58:26,928 [pool-82-thread-1] INFO  server.RaftServerConfigKeys (ConfUtils.java:logGet(43)) - raft.server.log.appender.install.snapshot.enabled = false (custom)
2019-09-19 08:58:26,928 [pool-82-thread-1] INFO  impl.RaftServerImpl (ServerState.java:<init>(105)) - cd77464f-7686-4dc7-8332-533cdc56da6b:group-70881C39CDA6 ConfigurationManager, init=-1: [cd77464f-7686-4dc7-8332-533cdc56da6b:192.168.34.5:41324], old=null, confs=<EMPTY_MAP>
2019-09-19 08:58:26,928 [pool-82-thread-1] INFO  server.RaftServerConfigKeys (ConfUtils.java:logGet(43)) - raft.server.storage.dir = [/workdir/hadoop-ozone/integration-test/target/test-dir/MiniOzoneClusterImpl-072ceacc-f14a-494c-b049-5b6ad59b8d93/datanode-5/data/ratis] (custom)
2019-09-19 08:58:26,929 [pool-82-thread-1] INFO  storage.RaftStorageDirectory (RaftStorageDirectory.java:analyzeStorage(246)) - The storage directory /workdir/hadoop-ozone/integration-test/target/test-dir/MiniOzoneClusterImpl-072ceacc-f14a-494c-b049-5b6ad59b8d93/datanode-5/data/ratis/01d666f2-687b-4d23-b2c1-70881c39cda6 does not exist. Creating ...
2019-09-19 08:58:26,941 [pool-82-thread-1] INFO  storage.RaftStorageDirectory (RaftStorageDirectory.java:tryLock(328)) - Lock on /workdir/hadoop-ozone/integration-test/target/test-dir/MiniOzoneClusterImpl-072ceacc-f14a-494c-b049-5b6ad59b8d93/datanode-5/data/ratis/01d666f2-687b-4d23-b2c1-70881c39cda6/in_use.lock acquired by nodename 8013@pr-hdds-1569-j4bt4-3030777008
2019-09-19 08:58:26,954 [pool-82-thread-1] INFO  storage.RaftStorage (RaftStorage.java:format(72)) - Storage directory /workdir/hadoop-ozone/integration-test/target/test-dir/MiniOzoneClusterImpl-072ceacc-f14a-494c-b049-5b6ad59b8d93/datanode-5/data/ratis/01d666f2-687b-4d23-b2c1-70881c39cda6 has been successfully formatted.
2019-09-19 08:58:26,954 [pool-82-thread-1] INFO  ratis.ContainerStateMachine (ContainerStateMachine.java:loadSnapshot(226)) - group-70881C39CDA6: The snapshot info is null. Setting the last applied indexto:(t:0, i:~)
2019-09-19 08:58:26,955 [pool-82-thread-1] INFO  server.RaftServerConfigKeys (ConfUtils.java:logGet(43)) - raft.server.leader.election.timeout = 120s (custom)
2019-09-19 08:58:26,955 [pool-82-thread-1] INFO  server.RaftServerConfigKeys (ConfUtils.java:logGet(43)) - raft.server.log.use.memory = false (default)
2019-09-19 08:58:26,955 [pool-82-thread-1] INFO  server.RaftServerConfigKeys (ConfUtils.java:logGet(43)) - raft.server.log.purge.gap = 1000000 (custom)
2019-09-19 08:58:26,955 [pool-82-thread-1] INFO  server.RaftServerConfigKeys (ConfUtils.java:logGet(43)) - raft.server.log.appender.buffer.byte-limit = 33554432 (custom)
2019-09-19 08:58:26,955 [pool-82-thread-1] INFO  server.RaftServerConfigKeys (ConfUtils.java:logGet(43)) - raft.server.log.segment.size.max = 1048576 (custom)
2019-09-19 08:58:26,955 [pool-82-thread-1] INFO  server.RaftServerConfigKeys (ConfUtils.java:logGet(43)) - raft.server.log.segment.cache.num.max = 2 (custom)
2019-09-19 08:58:26,955 [pool-82-thread-1] INFO  segmented.SegmentedRaftLogWorker (SegmentedRaftLogWorker.java:<init>(172)) - new cd77464f-7686-4dc7-8332-533cdc56da6b-SegmentedRaftLogWorker:Storage Directory /workdir/hadoop-ozone/integration-test/target/test-dir/MiniOzoneClusterImpl-072ceacc-f14a-494c-b049-5b6ad59b8d93/datanode-5/data/ratis/01d666f2-687b-4d23-b2c1-70881c39cda6 for RaftStorage:Storage Directory /workdir/hadoop-ozone/integration-test/target/test-dir/MiniOzoneClusterImpl-072ceacc-f14a-494c-b049-5b6ad59b8d93/datanode-5/data/ratis/01d666f2-687b-4d23-b2c1-70881c39cda6
2019-09-19 08:58:26,955 [pool-82-thread-1] INFO  server.RaftServerConfigKeys (ConfUtils.java:logGet(43)) - raft.server.log.queue.byte-limit = 2147483647 (custom)
2019-09-19 08:58:26,956 [pool-82-thread-1] INFO  server.RaftServerConfigKeys (ConfUtils.java:logGet(43)) - raft.server.log.queue.element-limit = 1024 (custom)
2019-09-19 08:58:26,956 [pool-82-thread-1] INFO  server.RaftServerConfigKeys (ConfUtils.java:logGet(43)) - raft.server.log.segment.size.max = 1048576 (custom)
2019-09-19 08:58:26,956 [pool-82-thread-1] INFO  server.RaftServerConfigKeys (ConfUtils.java:logGet(43)) - raft.server.log.preallocated.size = 16384 (custom)
2019-09-19 08:58:26,956 [pool-82-thread-1] INFO  server.RaftServerConfigKeys (ConfUtils.java:logGet(43)) - raft.server.log.write.buffer.size = 33554432 (custom)
2019-09-19 08:58:26,956 [pool-82-thread-1] INFO  server.RaftServerConfigKeys (ConfUtils.java:logGet(43)) - raft.server.log.force.sync.num = 128 (default)
2019-09-19 08:58:26,956 [pool-82-thread-1] INFO  server.RaftServerConfigKeys (ConfUtils.java:logGet(43)) - raft.server.log.statemachine.data.sync = true (default)
2019-09-19 08:58:26,956 [pool-82-thread-1] INFO  server.RaftServerConfigKeys (ConfUtils.java:logGet(43)) - raft.server.log.statemachine.data.sync.timeout = 10s (default)
2019-09-19 08:58:26,956 [pool-82-thread-1] INFO  server.RaftServerConfigKeys (ConfUtils.java:logGet(43)) - raft.server.log.statemachine.data.sync.timeout.retry = -1 (default)
2019-09-19 08:58:26,957 [pool-82-thread-1] INFO  server.RaftServerConfigKeys (ConfUtils.java:logGet(43)) - raft.server.log.statemachine.data.caching.enabled = true (custom)
2019-09-19 08:58:26,957 [pool-82-thread-1] INFO  segmented.SegmentedRaftLogWorker (SegmentedRaftLogWorker.java:lambda$new$0(132)) - cd77464f-7686-4dc7-8332-533cdc56da6b-SegmentedRaftLogWorker:Storage Directory /workdir/hadoop-ozone/integration-test/target/test-dir/MiniOzoneClusterImpl-072ceacc-f14a-494c-b049-5b6ad59b8d93/datanode-5/data/ratis/01d666f2-687b-4d23-b2c1-70881c39cda6: flushIndex: setUnconditionally 0 -> -1
2019-09-19 08:58:26,957 [pool-82-thread-1] INFO  server.RaftServerConfigKeys (ConfUtils.java:logGet(43)) - raft.server.snapshot.auto.trigger.enabled = true (custom)
2019-09-19 08:58:26,957 [pool-82-thread-1] INFO  server.RaftServerConfigKeys (ConfUtils.java:logGet(43)) - raft.server.snapshot.auto.trigger.threshold = 10000 (custom)
2019-09-19 08:58:26,957 [pool-82-thread-1] INFO  server.RaftServerConfigKeys (ConfUtils.java:logGet(43)) - raft.server.retrycache.expirytime = 600000ms (custom)
2019-09-19 08:58:26,957 [pool-82-thread-1] INFO  impl.RaftServerImpl (RaftServerImpl.java:start(180)) - cd77464f-7686-4dc7-8332-533cdc56da6b: start group-70881C39CDA6
2019-09-19 08:58:26,958 [pool-82-thread-1] INFO  impl.RaftServerImpl (RaftServerImpl.java:setRole(171)) - cd77464f-7686-4dc7-8332-533cdc56da6b:group-70881C39CDA6 changes role from null to FOLLOWER at term 0 for startAsFollower
2019-09-19 08:58:26,958 [pool-82-thread-1] INFO  impl.RoleInfo (RoleInfo.java:updateAndGet(143)) - cd77464f-7686-4dc7-8332-533cdc56da6b: start FollowerState
2019-09-19 08:58:26,958 [pool-82-thread-1] INFO  util.JmxRegister (JmxRegister.java:tryRegister(44)) - Successfully registered JMX Bean with object name Ratis:service=RaftServer,group=group-70881C39CDA6,id=cd77464f-7686-4dc7-8332-533cdc56da6b
2019-09-19 08:58:26,959 [Thread-409] INFO  impl.FollowerState (FollowerState.java:run(106)) - cd77464f-7686-4dc7-8332-533cdc56da6b:group-8C7CD60EBC9D changes to CANDIDATE, lastRpcTime:1085, electionTimeout:1085ms
2019-09-19 08:58:26,959 [Thread-409] INFO  impl.RoleInfo (RoleInfo.java:shutdownFollowerState(121)) - cd77464f-7686-4dc7-8332-533cdc56da6b: shutdown FollowerState
2019-09-19 08:58:26,959 [Thread-409] INFO  impl.RaftServerImpl (RaftServerImpl.java:setRole(171)) - cd77464f-7686-4dc7-8332-533cdc56da6b:group-8C7CD60EBC9D changes role from FOLLOWER to CANDIDATE at term 0 for changeToCandidate
2019-09-19 08:58:26,959 [Thread-409] INFO  impl.RoleInfo (RoleInfo.java:updateAndGet(143)) - cd77464f-7686-4dc7-8332-533cdc56da6b: start LeaderElection
2019-09-19 08:58:26,966 [RatisPipelineUtilsThread] INFO  pipeline.PipelineStateManager (PipelineStateManager.java:addPipeline(56)) - Created pipeline Pipeline[ Id: 01d666f2-687b-4d23-b2c1-70881c39cda6, Nodes: cd77464f-7686-4dc7-8332-533cdc56da6b{ip: 192.168.34.5, host: pr-hdds-1569-j4bt4-3030777008, networkLocation: /default-rack, certSerialId: null}, Type:RATIS, Factor:ONE, State:OPEN]
2019-09-19 08:58:26,967 [RatisPipelineUtilsThread] ERROR pipeline.PipelinePlacementPolicy (PipelinePlacementPolicy.java:meetCriteria(91)) - Pipeline Placement: Doesn't meet the criteria to be viable node. Heaviness: 6
2019-09-19 08:58:26,967 [RatisPipelineUtilsThread] ERROR pipeline.PipelinePlacementPolicy (PipelinePlacementPolicy.java:meetCriteria(91)) - Pipeline Placement: Doesn't meet the criteria to be viable node. Heaviness: 6
2019-09-19 08:58:26,967 [RatisPipelineUtilsThread] ERROR pipeline.PipelinePlacementPolicy (PipelinePlacementPolicy.java:meetCriteria(91)) - Pipeline Placement: Doesn't meet the criteria to be viable node. Heaviness: 6
2019-09-19 08:58:26,967 [RatisPipelineUtilsThread] ERROR pipeline.PipelinePlacementPolicy (PipelinePlacementPolicy.java:meetCriteria(91)) - Pipeline Placement: Doesn't meet the criteria to be viable node. Heaviness: 6
2019-09-19 08:58:26,967 [RatisPipelineUtilsThread] ERROR pipeline.PipelinePlacementPolicy (PipelinePlacementPolicy.java:meetCriteria(91)) - Pipeline Placement: Doesn't meet the criteria to be viable node. Heaviness: 6
2019-09-19 08:58:26,967 [RatisPipelineUtilsThread] ERROR pipeline.PipelinePlacementPolicy (PipelinePlacementPolicy.java:meetCriteria(91)) - Pipeline Placement: Doesn't meet the criteria to be viable node. Heaviness: 6
2019-09-19 08:58:26,967 [RatisPipelineUtilsThread] ERROR pipeline.PipelinePlacementPolicy (PipelinePlacementPolicy.java:meetCriteria(91)) - Pipeline Placement: Doesn't meet the criteria to be viable node. Heaviness: 6
2019-09-19 08:58:26,972 [grpc-default-executor-1] INFO  impl.RaftServerProxy (RaftServerProxy.java:addNew(89)) - a01737f6-7857-4616-835e-b1ff05ecf78f: addNew group-2E87ED444304:[a01737f6-7857-4616-835e-b1ff05ecf78f:192.168.34.5:36733] returns group-2E87ED444304:java.util.concurrent.CompletableFuture@55442208[Not completed]
2019-09-19 08:58:26,974 [pool-104-thread-1] INFO  impl.RaftServerImpl (RaftServerImpl.java:<init>(93)) - a01737f6-7857-4616-835e-b1ff05ecf78f: new RaftServerImpl for group-2E87ED444304:[a01737f6-7857-4616-835e-b1ff05ecf78f:192.168.34.5:36733] with ContainerStateMachine:uninitialized
2019-09-19 08:58:26,974 [pool-104-thread-1] INFO  server.RaftServerConfigKeys (ConfUtils.java:logGet(43)) - raft.server.rpc.timeout.min = 1s (custom)
2019-09-19 08:58:26,974 [pool-104-thread-1] INFO  server.RaftServerConfigKeys (ConfUtils.java:logGet(43)) - raft.server.rpc.timeout.max = 1200ms (custom)
2019-09-19 08:58:26,974 [pool-104-thread-1] INFO  server.RaftServerConfigKeys (ConfUtils.java:logGet(43)) - raft.server.rpcslowness.timeout = 120s (custom)
2019-09-19 08:58:26,974 [pool-104-thread-1] INFO  server.RaftServerConfigKeys (ConfUtils.java:logGet(43)) - raft.server.sleep.deviation.threshold = 300 (default)
2019-09-19 08:58:26,974 [pool-104-thread-1] INFO  server.RaftServerConfigKeys (ConfUtils.java:logGet(43)) - raft.server.log.appender.install.snapshot.enabled = false (custom)
2019-09-19 08:58:26,974 [pool-104-thread-1] INFO  impl.RaftServerImpl (ServerState.java:<init>(105)) - a01737f6-7857-4616-835e-b1ff05ecf78f:group-2E87ED444304 ConfigurationManager, init=-1: [a01737f6-7857-4616-835e-b1ff05ecf78f:192.168.34.5:36733], old=null, confs=<EMPTY_MAP>
2019-09-19 08:58:26,975 [pool-104-thread-1] INFO  server.RaftServerConfigKeys (ConfUtils.java:logGet(43)) - raft.server.storage.dir = [/workdir/hadoop-ozone/integration-test/target/test-dir/MiniOzoneClusterImpl-072ceacc-f14a-494c-b049-5b6ad59b8d93/datanode-7/data/ratis] (custom)
2019-09-19 08:58:26,975 [pool-104-thread-1] INFO  storage.RaftStorageDirectory (RaftStorageDirectory.java:analyzeStorage(246)) - The storage directory /workdir/hadoop-ozone/integration-test/target/test-dir/MiniOzoneClusterImpl-072ceacc-f14a-494c-b049-5b6ad59b8d93/datanode-7/data/ratis/dd385678-6c47-4620-b042-2e87ed444304 does not exist. Creating ...
2019-09-19 08:58:26,978 [pool-104-thread-1] INFO  storage.RaftStorageDirectory (RaftStorageDirectory.java:tryLock(328)) - Lock on /workdir/hadoop-ozone/integration-test/target/test-dir/MiniOzoneClusterImpl-072ceacc-f14a-494c-b049-5b6ad59b8d93/datanode-7/data/ratis/dd385678-6c47-4620-b042-2e87ed444304/in_use.lock acquired by nodename 8013@pr-hdds-1569-j4bt4-3030777008
2019-09-19 08:58:26,978 [cd77464f-7686-4dc7-8332-533cdc56da6b:group-8C7CD60EBC9D:LeaderElection30] INFO  impl.LeaderElection (LeaderElection.java:askForVotes(181)) - cd77464f-7686-4dc7-8332-533cdc56da6b:group-8C7CD60EBC9D:LeaderElection30: begin an election at term 1 for -1: [cd77464f-7686-4dc7-8332-533cdc56da6b:192.168.34.5:41324], old=null
2019-09-19 08:58:26,979 [cd77464f-7686-4dc7-8332-533cdc56da6b:group-8C7CD60EBC9D:LeaderElection30] INFO  impl.RoleInfo (RoleInfo.java:shutdownLeaderElection(134)) - cd77464f-7686-4dc7-8332-533cdc56da6b: shutdown LeaderElection
2019-09-19 08:58:26,979 [cd77464f-7686-4dc7-8332-533cdc56da6b:group-8C7CD60EBC9D:LeaderElection30] INFO  impl.RaftServerImpl (RaftServerImpl.java:setRole(171)) - cd77464f-7686-4dc7-8332-533cdc56da6b:group-8C7CD60EBC9D changes role from CANDIDATE to LEADER at term 1 for changeToLeader
2019-09-19 08:58:26,979 [cd77464f-7686-4dc7-8332-533cdc56da6b:group-8C7CD60EBC9D:LeaderElection30] INFO  impl.RaftServerImpl (ServerState.java:setLeader(263)) - cd77464f-7686-4dc7-8332-533cdc56da6b:group-8C7CD60EBC9D change Leader from null to cd77464f-7686-4dc7-8332-533cdc56da6b at term 1 for becomeLeader, leader elected after 1108ms
2019-09-19 08:58:26,979 [cd77464f-7686-4dc7-8332-533cdc56da6b:group-8C7CD60EBC9D:LeaderElection30] INFO  server.RaftServerConfigKeys (ConfUtils.java:logGet(43)) - raft.server.staging.catchup.gap = 1000 (default)
2019-09-19 08:58:26,979 [cd77464f-7686-4dc7-8332-533cdc56da6b:group-8C7CD60EBC9D:LeaderElection30] INFO  server.RaftServerConfigKeys (ConfUtils.java:logGet(43)) - raft.server.rpc.sleep.time = 25ms (default)
2019-09-19 08:58:26,979 [cd77464f-7686-4dc7-8332-533cdc56da6b:group-8C7CD60EBC9D:LeaderElection30] INFO  server.RaftServerConfigKeys (ConfUtils.java:logGet(43)) - raft.server.write.element-limit = 4096 (default)
2019-09-19 08:58:26,979 [cd77464f-7686-4dc7-8332-533cdc56da6b:group-8C7CD60EBC9D:LeaderElection30] INFO  server.RaftServerConfigKeys (ConfUtils.java:logGet(43)) - raft.server.watch.timeout = 10s (default)
2019-09-19 08:58:26,980 [cd77464f-7686-4dc7-8332-533cdc56da6b:group-8C7CD60EBC9D:LeaderElection30] INFO  server.RaftServerConfigKeys (ConfUtils.java:logGet(43)) - raft.server.watch.timeout.denomination = 1s (default)
2019-09-19 08:58:26,980 [cd77464f-7686-4dc7-8332-533cdc56da6b:group-8C7CD60EBC9D:LeaderElection30] INFO  server.RaftServerConfigKeys (ConfUtils.java:logGet(43)) - raft.server.watch.element-limit = 65536 (default)
2019-09-19 08:58:26,980 [cd77464f-7686-4dc7-8332-533cdc56da6b:group-8C7CD60EBC9D:LeaderElection30] INFO  impl.RoleInfo (RoleInfo.java:updateAndGet(143)) - cd77464f-7686-4dc7-8332-533cdc56da6b: start LeaderState
2019-09-19 08:58:26,980 [cd77464f-7686-4dc7-8332-533cdc56da6b:group-8C7CD60EBC9D:LeaderElection30] INFO  segmented.SegmentedRaftLogWorker (SegmentedRaftLogWorker.java:startLogSegment(380)) - cd77464f-7686-4dc7-8332-533cdc56da6b-SegmentedRaftLogWorker:Storage Directory /workdir/hadoop-ozone/integration-test/target/test-dir/MiniOzoneClusterImpl-072ceacc-f14a-494c-b049-5b6ad59b8d93/datanode-5/data/ratis/86695623-84f9-43a6-8401-8c7cd60ebc9d: Starting segment from index:0
2019-09-19 08:58:26,981 [cd77464f-7686-4dc7-8332-533cdc56da6b:group-8C7CD60EBC9D:LeaderElection30] INFO  impl.RaftServerImpl (ServerState.java:setRaftConf(361)) - cd77464f-7686-4dc7-8332-533cdc56da6b:group-8C7CD60EBC9D set configuration 0: [cd77464f-7686-4dc7-8332-533cdc56da6b:192.168.34.5:41324], old=null at 0
2019-09-19 08:58:27,006 [pool-104-thread-1] INFO  storage.RaftStorage (RaftStorage.java:format(72)) - Storage directory /workdir/hadoop-ozone/integration-test/target/test-dir/MiniOzoneClusterImpl-072ceacc-f14a-494c-b049-5b6ad59b8d93/datanode-7/data/ratis/dd385678-6c47-4620-b042-2e87ed444304 has been successfully formatted.
2019-09-19 08:58:27,006 [pool-104-thread-1] INFO  ratis.ContainerStateMachine (ContainerStateMachine.java:loadSnapshot(226)) - group-2E87ED444304: The snapshot info is null. Setting the last applied indexto:(t:0, i:~)
2019-09-19 08:58:27,006 [pool-104-thread-1] INFO  server.RaftServerConfigKeys (ConfUtils.java:logGet(43)) - raft.server.leader.election.timeout = 120s (custom)
2019-09-19 08:58:27,006 [pool-104-thread-1] INFO  server.RaftServerConfigKeys (ConfUtils.java:logGet(43)) - raft.server.log.use.memory = false (default)
2019-09-19 08:58:27,006 [pool-104-thread-1] INFO  server.RaftServerConfigKeys (ConfUtils.java:logGet(43)) - raft.server.log.purge.gap = 1000000 (custom)
2019-09-19 08:58:27,006 [pool-104-thread-1] INFO  server.RaftServerConfigKeys (ConfUtils.java:logGet(43)) - raft.server.log.appender.buffer.byte-limit = 33554432 (custom)
2019-09-19 08:58:27,007 [pool-104-thread-1] INFO  server.RaftServerConfigKeys (ConfUtils.java:logGet(43)) - raft.server.log.segment.size.max = 1048576 (custom)
2019-09-19 08:58:27,007 [pool-104-thread-1] INFO  server.RaftServerConfigKeys (ConfUtils.java:logGet(43)) - raft.server.log.segment.cache.num.max = 2 (custom)
2019-09-19 08:58:27,007 [pool-104-thread-1] INFO  segmented.SegmentedRaftLogWorker (SegmentedRaftLogWorker.java:<init>(172)) - new a01737f6-7857-4616-835e-b1ff05ecf78f-SegmentedRaftLogWorker:Storage Directory /workdir/hadoop-ozone/integration-test/target/test-dir/MiniOzoneClusterImpl-072ceacc-f14a-494c-b049-5b6ad59b8d93/datanode-7/data/ratis/dd385678-6c47-4620-b042-2e87ed444304 for RaftStorage:Storage Directory /workdir/hadoop-ozone/integration-test/target/test-dir/MiniOzoneClusterImpl-072ceacc-f14a-494c-b049-5b6ad59b8d93/datanode-7/data/ratis/dd385678-6c47-4620-b042-2e87ed444304
2019-09-19 08:58:27,007 [pool-104-thread-1] INFO  server.RaftServerConfigKeys (ConfUtils.java:logGet(43)) - raft.server.log.queue.byte-limit = 2147483647 (custom)
2019-09-19 08:58:27,007 [pool-104-thread-1] INFO  server.RaftServerConfigKeys (ConfUtils.java:logGet(43)) - raft.server.log.queue.element-limit = 1024 (custom)
2019-09-19 08:58:27,007 [pool-104-thread-1] INFO  server.RaftServerConfigKeys (ConfUtils.java:logGet(43)) - raft.server.log.segment.size.max = 1048576 (custom)
2019-09-19 08:58:27,007 [pool-104-thread-1] INFO  server.RaftServerConfigKeys (ConfUtils.java:logGet(43)) - raft.server.log.preallocated.size = 16384 (custom)
2019-09-19 08:58:27,007 [pool-104-thread-1] INFO  server.RaftServerConfigKeys (ConfUtils.java:logGet(43)) - raft.server.log.write.buffer.size = 33554432 (custom)
2019-09-19 08:58:27,007 [pool-104-thread-1] INFO  server.RaftServerConfigKeys (ConfUtils.java:logGet(43)) - raft.server.log.force.sync.num = 128 (default)
2019-09-19 08:58:27,007 [pool-104-thread-1] INFO  server.RaftServerConfigKeys (ConfUtils.java:logGet(43)) - raft.server.log.statemachine.data.sync = true (default)
2019-09-19 08:58:27,008 [pool-104-thread-1] INFO  server.RaftServerConfigKeys (ConfUtils.java:logGet(43)) - raft.server.log.statemachine.data.sync.timeout = 10s (default)
2019-09-19 08:58:27,008 [pool-104-thread-1] INFO  server.RaftServerConfigKeys (ConfUtils.java:logGet(43)) - raft.server.log.statemachine.data.sync.timeout.retry = -1 (default)
2019-09-19 08:58:27,008 [pool-104-thread-1] INFO  server.RaftServerConfigKeys (ConfUtils.java:logGet(43)) - raft.server.log.statemachine.data.caching.enabled = true (custom)
2019-09-19 08:58:27,008 [pool-104-thread-1] INFO  segmented.SegmentedRaftLogWorker (SegmentedRaftLogWorker.java:lambda$new$0(132)) - a01737f6-7857-4616-835e-b1ff05ecf78f-SegmentedRaftLogWorker:Storage Directory /workdir/hadoop-ozone/integration-test/target/test-dir/MiniOzoneClusterImpl-072ceacc-f14a-494c-b049-5b6ad59b8d93/datanode-7/data/ratis/dd385678-6c47-4620-b042-2e87ed444304: flushIndex: setUnconditionally 0 -> -1
2019-09-19 08:58:27,008 [pool-104-thread-1] INFO  server.RaftServerConfigKeys (ConfUtils.java:logGet(43)) - raft.server.snapshot.auto.trigger.enabled = true (custom)
2019-09-19 08:58:27,008 [pool-104-thread-1] INFO  server.RaftServerConfigKeys (ConfUtils.java:logGet(43)) - raft.server.snapshot.auto.trigger.threshold = 10000 (custom)
2019-09-19 08:58:27,009 [pool-104-thread-1] INFO  server.RaftServerConfigKeys (ConfUtils.java:logGet(43)) - raft.server.retrycache.expirytime = 600000ms (custom)
2019-09-19 08:58:27,009 [pool-104-thread-1] INFO  impl.RaftServerImpl (RaftServerImpl.java:start(180)) - a01737f6-7857-4616-835e-b1ff05ecf78f: start group-2E87ED444304
2019-09-19 08:58:27,009 [pool-104-thread-1] INFO  impl.RaftServerImpl (RaftServerImpl.java:setRole(171)) - a01737f6-7857-4616-835e-b1ff05ecf78f:group-2E87ED444304 changes role from null to FOLLOWER at term 0 for startAsFollower
2019-09-19 08:58:27,009 [pool-104-thread-1] INFO  impl.RoleInfo (RoleInfo.java:updateAndGet(143)) - a01737f6-7857-4616-835e-b1ff05ecf78f: start FollowerState
2019-09-19 08:58:27,009 [pool-104-thread-1] INFO  util.JmxRegister (JmxRegister.java:tryRegister(44)) - Successfully registered JMX Bean with object name Ratis:service=RaftServer,group=group-2E87ED444304,id=a01737f6-7857-4616-835e-b1ff05ecf78f
2019-09-19 08:58:27,012 [RatisPipelineUtilsThread] INFO  pipeline.PipelineStateManager (PipelineStateManager.java:addPipeline(56)) - Created pipeline Pipeline[ Id: dd385678-6c47-4620-b042-2e87ed444304, Nodes: a01737f6-7857-4616-835e-b1ff05ecf78f{ip: 192.168.34.5, host: pr-hdds-1569-j4bt4-3030777008, networkLocation: /default-rack, certSerialId: null}, Type:RATIS, Factor:ONE, State:OPEN]
2019-09-19 08:58:27,012 [RatisPipelineUtilsThread] ERROR pipeline.PipelinePlacementPolicy (PipelinePlacementPolicy.java:meetCriteria(91)) - Pipeline Placement: Doesn't meet the criteria to be viable node. Heaviness: 6
2019-09-19 08:58:27,012 [RatisPipelineUtilsThread] ERROR pipeline.PipelinePlacementPolicy (PipelinePlacementPolicy.java:meetCriteria(91)) - Pipeline Placement: Doesn't meet the criteria to be viable node. Heaviness: 6
2019-09-19 08:58:27,012 [RatisPipelineUtilsThread] ERROR pipeline.PipelinePlacementPolicy (PipelinePlacementPolicy.java:meetCriteria(91)) - Pipeline Placement: Doesn't meet the criteria to be viable node. Heaviness: 6
2019-09-19 08:58:27,012 [RatisPipelineUtilsThread] ERROR pipeline.PipelinePlacementPolicy (PipelinePlacementPolicy.java:meetCriteria(91)) - Pipeline Placement: Doesn't meet the criteria to be viable node. Heaviness: 6
2019-09-19 08:58:27,012 [RatisPipelineUtilsThread] ERROR pipeline.PipelinePlacementPolicy (PipelinePlacementPolicy.java:meetCriteria(91)) - Pipeline Placement: Doesn't meet the criteria to be viable node. Heaviness: 6
2019-09-19 08:58:27,013 [RatisPipelineUtilsThread] ERROR pipeline.PipelinePlacementPolicy (PipelinePlacementPolicy.java:meetCriteria(91)) - Pipeline Placement: Doesn't meet the criteria to be viable node. Heaviness: 6
2019-09-19 08:58:27,013 [RatisPipelineUtilsThread] ERROR pipeline.PipelinePlacementPolicy (PipelinePlacementPolicy.java:meetCriteria(91)) - Pipeline Placement: Doesn't meet the criteria to be viable node. Heaviness: 6
2019-09-19 08:58:27,017 [grpc-default-executor-1] INFO  impl.RaftServerProxy (RaftServerProxy.java:addNew(89)) - 83e73c89-42e6-44c0-9fcf-5542ff22b34f: addNew group-B0A263F22F8E:[83e73c89-42e6-44c0-9fcf-5542ff22b34f:192.168.34.5:35347] returns group-B0A263F22F8E:java.util.concurrent.CompletableFuture@129d4b77[Not completed]
2019-09-19 08:58:27,018 [cd77464f-7686-4dc7-8332-533cdc56da6b-SegmentedRaftLogWorker:Storage Directory /workdir/hadoop-ozone/integration-test/target/test-dir/MiniOzoneClusterImpl-072ceacc-f14a-494c-b049-5b6ad59b8d93/datanode-5/data/ratis/86695623-84f9-43a6-8401-8c7cd60ebc9d] INFO  segmented.SegmentedRaftLogWorker (SegmentedRaftLogWorker.java:execute(569)) - cd77464f-7686-4dc7-8332-533cdc56da6b-SegmentedRaftLogWorker:Storage Directory /workdir/hadoop-ozone/integration-test/target/test-dir/MiniOzoneClusterImpl-072ceacc-f14a-494c-b049-5b6ad59b8d93/datanode-5/data/ratis/86695623-84f9-43a6-8401-8c7cd60ebc9d: created new log segment /workdir/hadoop-ozone/integration-test/target/test-dir/MiniOzoneClusterImpl-072ceacc-f14a-494c-b049-5b6ad59b8d93/datanode-5/data/ratis/86695623-84f9-43a6-8401-8c7cd60ebc9d/current/log_inprogress_0
2019-09-19 08:58:27,018 [pool-115-thread-1] INFO  impl.RaftServerImpl (RaftServerImpl.java:<init>(93)) - 83e73c89-42e6-44c0-9fcf-5542ff22b34f: new RaftServerImpl for group-B0A263F22F8E:[83e73c89-42e6-44c0-9fcf-5542ff22b34f:192.168.34.5:35347] with ContainerStateMachine:uninitialized
2019-09-19 08:58:27,018 [pool-115-thread-1] INFO  server.RaftServerConfigKeys (ConfUtils.java:logGet(43)) - raft.server.rpc.timeout.min = 1s (custom)
2019-09-19 08:58:27,019 [pool-115-thread-1] INFO  server.RaftServerConfigKeys (ConfUtils.java:logGet(43)) - raft.server.rpc.timeout.max = 1200ms (custom)
2019-09-19 08:58:27,019 [pool-115-thread-1] INFO  server.RaftServerConfigKeys (ConfUtils.java:logGet(43)) - raft.server.rpcslowness.timeout = 120s (custom)
2019-09-19 08:58:27,019 [pool-115-thread-1] INFO  server.RaftServerConfigKeys (ConfUtils.java:logGet(43)) - raft.server.sleep.deviation.threshold = 300 (default)
2019-09-19 08:58:27,019 [pool-115-thread-1] INFO  server.RaftServerConfigKeys (ConfUtils.java:logGet(43)) - raft.server.log.appender.install.snapshot.enabled = false (custom)
2019-09-19 08:58:27,019 [pool-115-thread-1] INFO  impl.RaftServerImpl (ServerState.java:<init>(105)) - 83e73c89-42e6-44c0-9fcf-5542ff22b34f:group-B0A263F22F8E ConfigurationManager, init=-1: [83e73c89-42e6-44c0-9fcf-5542ff22b34f:192.168.34.5:35347], old=null, confs=<EMPTY_MAP>
2019-09-19 08:58:27,019 [pool-115-thread-1] INFO  server.RaftServerConfigKeys (ConfUtils.java:logGet(43)) - raft.server.storage.dir = [/workdir/hadoop-ozone/integration-test/target/test-dir/MiniOzoneClusterImpl-072ceacc-f14a-494c-b049-5b6ad59b8d93/datanode-8/data/ratis] (custom)
2019-09-19 08:58:27,019 [pool-115-thread-1] INFO  storage.RaftStorageDirectory (RaftStorageDirectory.java:analyzeStorage(246)) - The storage directory /workdir/hadoop-ozone/integration-test/target/test-dir/MiniOzoneClusterImpl-072ceacc-f14a-494c-b049-5b6ad59b8d93/datanode-8/data/ratis/ce045111-7b3c-4798-9e70-b0a263f22f8e does not exist. Creating ...
2019-09-19 08:58:27,033 [pool-115-thread-1] INFO  storage.RaftStorageDirectory (RaftStorageDirectory.java:tryLock(328)) - Lock on /workdir/hadoop-ozone/integration-test/target/test-dir/MiniOzoneClusterImpl-072ceacc-f14a-494c-b049-5b6ad59b8d93/datanode-8/data/ratis/ce045111-7b3c-4798-9e70-b0a263f22f8e/in_use.lock acquired by nodename 8013@pr-hdds-1569-j4bt4-3030777008
2019-09-19 08:58:27,033 | INFO  | SCMAudit | user=jenkins1000 | ip=192.168.34.5 | op=SEND_HEARTBEAT {datanodeUUID=a01737f6-7857-4616-835e-b1ff05ecf78f, command=[]} | ret=SUCCESS |  
2019-09-19 08:58:27,046 [pool-115-thread-1] INFO  storage.RaftStorage (RaftStorage.java:format(72)) - Storage directory /workdir/hadoop-ozone/integration-test/target/test-dir/MiniOzoneClusterImpl-072ceacc-f14a-494c-b049-5b6ad59b8d93/datanode-8/data/ratis/ce045111-7b3c-4798-9e70-b0a263f22f8e has been successfully formatted.
2019-09-19 08:58:27,046 [pool-115-thread-1] INFO  ratis.ContainerStateMachine (ContainerStateMachine.java:loadSnapshot(226)) - group-B0A263F22F8E: The snapshot info is null. Setting the last applied indexto:(t:0, i:~)
2019-09-19 08:58:27,046 [pool-115-thread-1] INFO  server.RaftServerConfigKeys (ConfUtils.java:logGet(43)) - raft.server.leader.election.timeout = 120s (custom)
2019-09-19 08:58:27,046 [pool-115-thread-1] INFO  server.RaftServerConfigKeys (ConfUtils.java:logGet(43)) - raft.server.log.use.memory = false (default)
2019-09-19 08:58:27,046 [pool-115-thread-1] INFO  server.RaftServerConfigKeys (ConfUtils.java:logGet(43)) - raft.server.log.purge.gap = 1000000 (custom)
2019-09-19 08:58:27,046 [pool-115-thread-1] INFO  server.RaftServerConfigKeys (ConfUtils.java:logGet(43)) - raft.server.log.appender.buffer.byte-limit = 33554432 (custom)
2019-09-19 08:58:27,046 [pool-115-thread-1] INFO  server.RaftServerConfigKeys (ConfUtils.java:logGet(43)) - raft.server.log.segment.size.max = 1048576 (custom)
2019-09-19 08:58:27,047 [pool-115-thread-1] INFO  server.RaftServerConfigKeys (ConfUtils.java:logGet(43)) - raft.server.log.segment.cache.num.max = 2 (custom)
2019-09-19 08:58:27,047 [pool-115-thread-1] INFO  segmented.SegmentedRaftLogWorker (SegmentedRaftLogWorker.java:<init>(172)) - new 83e73c89-42e6-44c0-9fcf-5542ff22b34f-SegmentedRaftLogWorker:Storage Directory /workdir/hadoop-ozone/integration-test/target/test-dir/MiniOzoneClusterImpl-072ceacc-f14a-494c-b049-5b6ad59b8d93/datanode-8/data/ratis/ce045111-7b3c-4798-9e70-b0a263f22f8e for RaftStorage:Storage Directory /workdir/hadoop-ozone/integration-test/target/test-dir/MiniOzoneClusterImpl-072ceacc-f14a-494c-b049-5b6ad59b8d93/datanode-8/data/ratis/ce045111-7b3c-4798-9e70-b0a263f22f8e
2019-09-19 08:58:27,047 [pool-115-thread-1] INFO  server.RaftServerConfigKeys (ConfUtils.java:logGet(43)) - raft.server.log.queue.byte-limit = 2147483647 (custom)
2019-09-19 08:58:27,047 [pool-115-thread-1] INFO  server.RaftServerConfigKeys (ConfUtils.java:logGet(43)) - raft.server.log.queue.element-limit = 1024 (custom)
2019-09-19 08:58:27,047 [pool-115-thread-1] INFO  server.RaftServerConfigKeys (ConfUtils.java:logGet(43)) - raft.server.log.segment.size.max = 1048576 (custom)
2019-09-19 08:58:27,047 [pool-115-thread-1] INFO  server.RaftServerConfigKeys (ConfUtils.java:logGet(43)) - raft.server.log.preallocated.size = 16384 (custom)
2019-09-19 08:58:27,047 [pool-115-thread-1] INFO  server.RaftServerConfigKeys (ConfUtils.java:logGet(43)) - raft.server.log.write.buffer.size = 33554432 (custom)
2019-09-19 08:58:27,047 [pool-115-thread-1] INFO  server.RaftServerConfigKeys (ConfUtils.java:logGet(43)) - raft.server.log.force.sync.num = 128 (default)
2019-09-19 08:58:27,047 [pool-115-thread-1] INFO  server.RaftServerConfigKeys (ConfUtils.java:logGet(43)) - raft.server.log.statemachine.data.sync = true (default)
2019-09-19 08:58:27,047 [pool-115-thread-1] INFO  server.RaftServerConfigKeys (ConfUtils.java:logGet(43)) - raft.server.log.statemachine.data.sync.timeout = 10s (default)
2019-09-19 08:58:27,048 [pool-115-thread-1] INFO  server.RaftServerConfigKeys (ConfUtils.java:logGet(43)) - raft.server.log.statemachine.data.sync.timeout.retry = -1 (default)
2019-09-19 08:58:27,048 [pool-115-thread-1] INFO  server.RaftServerConfigKeys (ConfUtils.java:logGet(43)) - raft.server.log.statemachine.data.caching.enabled = true (custom)
2019-09-19 08:58:27,048 [pool-115-thread-1] INFO  segmented.SegmentedRaftLogWorker (SegmentedRaftLogWorker.java:lambda$new$0(132)) - 83e73c89-42e6-44c0-9fcf-5542ff22b34f-SegmentedRaftLogWorker:Storage Directory /workdir/hadoop-ozone/integration-test/target/test-dir/MiniOzoneClusterImpl-072ceacc-f14a-494c-b049-5b6ad59b8d93/datanode-8/data/ratis/ce045111-7b3c-4798-9e70-b0a263f22f8e: flushIndex: setUnconditionally 0 -> -1
2019-09-19 08:58:27,048 [pool-115-thread-1] INFO  server.RaftServerConfigKeys (ConfUtils.java:logGet(43)) - raft.server.snapshot.auto.trigger.enabled = true (custom)
2019-09-19 08:58:27,048 [pool-115-thread-1] INFO  server.RaftServerConfigKeys (ConfUtils.java:logGet(43)) - raft.server.snapshot.auto.trigger.threshold = 10000 (custom)
2019-09-19 08:58:27,048 [pool-115-thread-1] INFO  server.RaftServerConfigKeys (ConfUtils.java:logGet(43)) - raft.server.retrycache.expirytime = 600000ms (custom)
2019-09-19 08:58:27,048 [pool-115-thread-1] INFO  impl.RaftServerImpl (RaftServerImpl.java:start(180)) - 83e73c89-42e6-44c0-9fcf-5542ff22b34f: start group-B0A263F22F8E
2019-09-19 08:58:27,049 [pool-115-thread-1] INFO  impl.RaftServerImpl (RaftServerImpl.java:setRole(171)) - 83e73c89-42e6-44c0-9fcf-5542ff22b34f:group-B0A263F22F8E changes role from null to FOLLOWER at term 0 for startAsFollower
2019-09-19 08:58:27,049 [pool-115-thread-1] INFO  impl.RoleInfo (RoleInfo.java:updateAndGet(143)) - 83e73c89-42e6-44c0-9fcf-5542ff22b34f: start FollowerState
2019-09-19 08:58:27,049 [pool-115-thread-1] INFO  util.JmxRegister (JmxRegister.java:tryRegister(44)) - Successfully registered JMX Bean with object name Ratis:service=RaftServer,group=group-B0A263F22F8E,id=83e73c89-42e6-44c0-9fcf-5542ff22b34f
2019-09-19 08:58:27,052 [RatisPipelineUtilsThread] INFO  pipeline.PipelineStateManager (PipelineStateManager.java:addPipeline(56)) - Created pipeline Pipeline[ Id: ce045111-7b3c-4798-9e70-b0a263f22f8e, Nodes: 83e73c89-42e6-44c0-9fcf-5542ff22b34f{ip: 192.168.34.5, host: pr-hdds-1569-j4bt4-3030777008, networkLocation: /default-rack, certSerialId: null}, Type:RATIS, Factor:ONE, State:OPEN]
2019-09-19 08:58:27,052 [RatisPipelineUtilsThread] ERROR pipeline.PipelinePlacementPolicy (PipelinePlacementPolicy.java:meetCriteria(91)) - Pipeline Placement: Doesn't meet the criteria to be viable node. Heaviness: 6
2019-09-19 08:58:27,052 [RatisPipelineUtilsThread] ERROR pipeline.PipelinePlacementPolicy (PipelinePlacementPolicy.java:meetCriteria(91)) - Pipeline Placement: Doesn't meet the criteria to be viable node. Heaviness: 6
2019-09-19 08:58:27,052 [RatisPipelineUtilsThread] ERROR pipeline.PipelinePlacementPolicy (PipelinePlacementPolicy.java:meetCriteria(91)) - Pipeline Placement: Doesn't meet the criteria to be viable node. Heaviness: 6
2019-09-19 08:58:27,052 [RatisPipelineUtilsThread] ERROR pipeline.PipelinePlacementPolicy (PipelinePlacementPolicy.java:meetCriteria(91)) - Pipeline Placement: Doesn't meet the criteria to be viable node. Heaviness: 6
2019-09-19 08:58:27,052 [RatisPipelineUtilsThread] ERROR pipeline.PipelinePlacementPolicy (PipelinePlacementPolicy.java:meetCriteria(91)) - Pipeline Placement: Doesn't meet the criteria to be viable node. Heaviness: 6
2019-09-19 08:58:27,052 [RatisPipelineUtilsThread] ERROR pipeline.PipelinePlacementPolicy (PipelinePlacementPolicy.java:meetCriteria(91)) - Pipeline Placement: Doesn't meet the criteria to be viable node. Heaviness: 6
2019-09-19 08:58:27,053 [RatisPipelineUtilsThread] ERROR pipeline.PipelinePlacementPolicy (PipelinePlacementPolicy.java:meetCriteria(91)) - Pipeline Placement: Doesn't meet the criteria to be viable node. Heaviness: 6
2019-09-19 08:58:27,060 [grpc-default-executor-1] INFO  impl.RaftServerProxy (RaftServerProxy.java:addNew(89)) - 1ad3fd21-b666-4d4e-8138-b5cd04f973fd: addNew group-4F9B9A48841C:[1ad3fd21-b666-4d4e-8138-b5cd04f973fd:192.168.34.5:40478] returns group-4F9B9A48841C:java.util.concurrent.CompletableFuture@482541ca[Not completed]
2019-09-19 08:58:27,063 [pool-126-thread-1] INFO  impl.RaftServerImpl (RaftServerImpl.java:<init>(93)) - 1ad3fd21-b666-4d4e-8138-b5cd04f973fd: new RaftServerImpl for group-4F9B9A48841C:[1ad3fd21-b666-4d4e-8138-b5cd04f973fd:192.168.34.5:40478] with ContainerStateMachine:uninitialized
2019-09-19 08:58:27,063 [pool-126-thread-1] INFO  server.RaftServerConfigKeys (ConfUtils.java:logGet(43)) - raft.server.rpc.timeout.min = 1s (custom)
2019-09-19 08:58:27,063 [pool-126-thread-1] INFO  server.RaftServerConfigKeys (ConfUtils.java:logGet(43)) - raft.server.rpc.timeout.max = 1200ms (custom)
2019-09-19 08:58:27,063 [pool-126-thread-1] INFO  server.RaftServerConfigKeys (ConfUtils.java:logGet(43)) - raft.server.rpcslowness.timeout = 120s (custom)
2019-09-19 08:58:27,064 [pool-126-thread-1] INFO  server.RaftServerConfigKeys (ConfUtils.java:logGet(43)) - raft.server.sleep.deviation.threshold = 300 (default)
2019-09-19 08:58:27,064 [pool-126-thread-1] INFO  server.RaftServerConfigKeys (ConfUtils.java:logGet(43)) - raft.server.log.appender.install.snapshot.enabled = false (custom)
2019-09-19 08:58:27,064 [pool-126-thread-1] INFO  impl.RaftServerImpl (ServerState.java:<init>(105)) - 1ad3fd21-b666-4d4e-8138-b5cd04f973fd:group-4F9B9A48841C ConfigurationManager, init=-1: [1ad3fd21-b666-4d4e-8138-b5cd04f973fd:192.168.34.5:40478], old=null, confs=<EMPTY_MAP>
2019-09-19 08:58:27,064 [pool-126-thread-1] INFO  server.RaftServerConfigKeys (ConfUtils.java:logGet(43)) - raft.server.storage.dir = [/workdir/hadoop-ozone/integration-test/target/test-dir/MiniOzoneClusterImpl-072ceacc-f14a-494c-b049-5b6ad59b8d93/datanode-9/data/ratis] (custom)
2019-09-19 08:58:27,065 [pool-126-thread-1] INFO  storage.RaftStorageDirectory (RaftStorageDirectory.java:analyzeStorage(246)) - The storage directory /workdir/hadoop-ozone/integration-test/target/test-dir/MiniOzoneClusterImpl-072ceacc-f14a-494c-b049-5b6ad59b8d93/datanode-9/data/ratis/b79cff33-c3ac-4923-b63d-4f9b9a48841c does not exist. Creating ...
2019-09-19 08:58:27,078 [pool-126-thread-1] INFO  storage.RaftStorageDirectory (RaftStorageDirectory.java:tryLock(328)) - Lock on /workdir/hadoop-ozone/integration-test/target/test-dir/MiniOzoneClusterImpl-072ceacc-f14a-494c-b049-5b6ad59b8d93/datanode-9/data/ratis/b79cff33-c3ac-4923-b63d-4f9b9a48841c/in_use.lock acquired by nodename 8013@pr-hdds-1569-j4bt4-3030777008
2019-09-19 08:58:27,088 [Thread-412] INFO  impl.FollowerState (FollowerState.java:run(106)) - 8a96a672-7e2f-4b1c-ac1e-ddd5d18a6d5d:group-5AF214744F2C changes to CANDIDATE, lastRpcTime:1167, electionTimeout:1167ms
2019-09-19 08:58:27,088 [Thread-412] INFO  impl.RoleInfo (RoleInfo.java:shutdownFollowerState(121)) - 8a96a672-7e2f-4b1c-ac1e-ddd5d18a6d5d: shutdown FollowerState
2019-09-19 08:58:27,088 [Thread-412] INFO  impl.RaftServerImpl (RaftServerImpl.java:setRole(171)) - 8a96a672-7e2f-4b1c-ac1e-ddd5d18a6d5d:group-5AF214744F2C changes role from FOLLOWER to CANDIDATE at term 0 for changeToCandidate
2019-09-19 08:58:27,089 [Thread-412] INFO  impl.RoleInfo (RoleInfo.java:updateAndGet(143)) - 8a96a672-7e2f-4b1c-ac1e-ddd5d18a6d5d: start LeaderElection
2019-09-19 08:58:27,115 | INFO  | SCMAudit | user=jenkins1000 | ip=192.168.34.5 | op=SEND_HEARTBEAT {datanodeUUID=5655ea38-4aa2-40a6-aaa3-4d444347e46a, command=[]} | ret=SUCCESS |  
2019-09-19 08:58:27,115 | INFO  | SCMAudit | user=jenkins1000 | ip=192.168.34.5 | op=SEND_HEARTBEAT {datanodeUUID=d611bba7-fcef-48db-9a8e-14e1bb825cd8, command=[]} | ret=SUCCESS |  
2019-09-19 08:58:27,124 [pool-126-thread-1] INFO  storage.RaftStorage (RaftStorage.java:format(72)) - Storage directory /workdir/hadoop-ozone/integration-test/target/test-dir/MiniOzoneClusterImpl-072ceacc-f14a-494c-b049-5b6ad59b8d93/datanode-9/data/ratis/b79cff33-c3ac-4923-b63d-4f9b9a48841c has been successfully formatted.
2019-09-19 08:58:27,124 [8a96a672-7e2f-4b1c-ac1e-ddd5d18a6d5d:group-5AF214744F2C:LeaderElection31] INFO  impl.LeaderElection (LeaderElection.java:askForVotes(181)) - 8a96a672-7e2f-4b1c-ac1e-ddd5d18a6d5d:group-5AF214744F2C:LeaderElection31: begin an election at term 1 for -1: [8a96a672-7e2f-4b1c-ac1e-ddd5d18a6d5d:192.168.34.5:45218], old=null
2019-09-19 08:58:27,124 [8a96a672-7e2f-4b1c-ac1e-ddd5d18a6d5d:group-5AF214744F2C:LeaderElection31] INFO  impl.RoleInfo (RoleInfo.java:shutdownLeaderElection(134)) - 8a96a672-7e2f-4b1c-ac1e-ddd5d18a6d5d: shutdown LeaderElection
2019-09-19 08:58:27,124 [pool-126-thread-1] INFO  ratis.ContainerStateMachine (ContainerStateMachine.java:loadSnapshot(226)) - group-4F9B9A48841C: The snapshot info is null. Setting the last applied indexto:(t:0, i:~)
2019-09-19 08:58:27,124 [8a96a672-7e2f-4b1c-ac1e-ddd5d18a6d5d:group-5AF214744F2C:LeaderElection31] INFO  impl.RaftServerImpl (RaftServerImpl.java:setRole(171)) - 8a96a672-7e2f-4b1c-ac1e-ddd5d18a6d5d:group-5AF214744F2C changes role from CANDIDATE to LEADER at term 1 for changeToLeader
2019-09-19 08:58:27,124 [pool-126-thread-1] INFO  server.RaftServerConfigKeys (ConfUtils.java:logGet(43)) - raft.server.leader.election.timeout = 120s (custom)
2019-09-19 08:58:27,124 [8a96a672-7e2f-4b1c-ac1e-ddd5d18a6d5d:group-5AF214744F2C:LeaderElection31] INFO  impl.RaftServerImpl (ServerState.java:setLeader(263)) - 8a96a672-7e2f-4b1c-ac1e-ddd5d18a6d5d:group-5AF214744F2C change Leader from null to 8a96a672-7e2f-4b1c-ac1e-ddd5d18a6d5d at term 1 for becomeLeader, leader elected after 1208ms
2019-09-19 08:58:27,124 [pool-126-thread-1] INFO  server.RaftServerConfigKeys (ConfUtils.java:logGet(43)) - raft.server.log.use.memory = false (default)
2019-09-19 08:58:27,124 [8a96a672-7e2f-4b1c-ac1e-ddd5d18a6d5d:group-5AF214744F2C:LeaderElection31] INFO  server.RaftServerConfigKeys (ConfUtils.java:logGet(43)) - raft.server.staging.catchup.gap = 1000 (default)
2019-09-19 08:58:27,125 [pool-126-thread-1] INFO  server.RaftServerConfigKeys (ConfUtils.java:logGet(43)) - raft.server.log.purge.gap = 1000000 (custom)
2019-09-19 08:58:27,125 [8a96a672-7e2f-4b1c-ac1e-ddd5d18a6d5d:group-5AF214744F2C:LeaderElection31] INFO  server.RaftServerConfigKeys (ConfUtils.java:logGet(43)) - raft.server.rpc.sleep.time = 25ms (default)
2019-09-19 08:58:27,125 [pool-126-thread-1] INFO  server.RaftServerConfigKeys (ConfUtils.java:logGet(43)) - raft.server.log.appender.buffer.byte-limit = 33554432 (custom)
2019-09-19 08:58:27,125 [8a96a672-7e2f-4b1c-ac1e-ddd5d18a6d5d:group-5AF214744F2C:LeaderElection31] INFO  server.RaftServerConfigKeys (ConfUtils.java:logGet(43)) - raft.server.write.element-limit = 4096 (default)
2019-09-19 08:58:27,125 [pool-126-thread-1] INFO  server.RaftServerConfigKeys (ConfUtils.java:logGet(43)) - raft.server.log.segment.size.max = 1048576 (custom)
2019-09-19 08:58:27,125 [8a96a672-7e2f-4b1c-ac1e-ddd5d18a6d5d:group-5AF214744F2C:LeaderElection31] INFO  server.RaftServerConfigKeys (ConfUtils.java:logGet(43)) - raft.server.watch.timeout = 10s (default)
2019-09-19 08:58:27,125 [pool-126-thread-1] INFO  server.RaftServerConfigKeys (ConfUtils.java:logGet(43)) - raft.server.log.segment.cache.num.max = 2 (custom)
2019-09-19 08:58:27,125 [8a96a672-7e2f-4b1c-ac1e-ddd5d18a6d5d:group-5AF214744F2C:LeaderElection31] INFO  server.RaftServerConfigKeys (ConfUtils.java:logGet(43)) - raft.server.watch.timeout.denomination = 1s (default)
2019-09-19 08:58:27,125 [pool-126-thread-1] INFO  segmented.SegmentedRaftLogWorker (SegmentedRaftLogWorker.java:<init>(172)) - new 1ad3fd21-b666-4d4e-8138-b5cd04f973fd-SegmentedRaftLogWorker:Storage Directory /workdir/hadoop-ozone/integration-test/target/test-dir/MiniOzoneClusterImpl-072ceacc-f14a-494c-b049-5b6ad59b8d93/datanode-9/data/ratis/b79cff33-c3ac-4923-b63d-4f9b9a48841c for RaftStorage:Storage Directory /workdir/hadoop-ozone/integration-test/target/test-dir/MiniOzoneClusterImpl-072ceacc-f14a-494c-b049-5b6ad59b8d93/datanode-9/data/ratis/b79cff33-c3ac-4923-b63d-4f9b9a48841c
2019-09-19 08:58:27,125 [8a96a672-7e2f-4b1c-ac1e-ddd5d18a6d5d:group-5AF214744F2C:LeaderElection31] INFO  server.RaftServerConfigKeys (ConfUtils.java:logGet(43)) - raft.server.watch.element-limit = 65536 (default)
2019-09-19 08:58:27,125 [pool-126-thread-1] INFO  server.RaftServerConfigKeys (ConfUtils.java:logGet(43)) - raft.server.log.queue.byte-limit = 2147483647 (custom)
2019-09-19 08:58:27,126 [pool-126-thread-1] INFO  server.RaftServerConfigKeys (ConfUtils.java:logGet(43)) - raft.server.log.queue.element-limit = 1024 (custom)
2019-09-19 08:58:27,126 [8a96a672-7e2f-4b1c-ac1e-ddd5d18a6d5d:group-5AF214744F2C:LeaderElection31] INFO  impl.RoleInfo (RoleInfo.java:updateAndGet(143)) - 8a96a672-7e2f-4b1c-ac1e-ddd5d18a6d5d: start LeaderState
2019-09-19 08:58:27,126 [pool-126-thread-1] INFO  server.RaftServerConfigKeys (ConfUtils.java:logGet(43)) - raft.server.log.segment.size.max = 1048576 (custom)
2019-09-19 08:58:27,126 [8a96a672-7e2f-4b1c-ac1e-ddd5d18a6d5d:group-5AF214744F2C:LeaderElection31] INFO  segmented.SegmentedRaftLogWorker (SegmentedRaftLogWorker.java:startLogSegment(380)) - 8a96a672-7e2f-4b1c-ac1e-ddd5d18a6d5d-SegmentedRaftLogWorker:Storage Directory /workdir/hadoop-ozone/integration-test/target/test-dir/MiniOzoneClusterImpl-072ceacc-f14a-494c-b049-5b6ad59b8d93/datanode-0/data/ratis/9e43a7a9-3f43-4c52-94ef-5af214744f2c: Starting segment from index:0
2019-09-19 08:58:27,126 [pool-126-thread-1] INFO  server.RaftServerConfigKeys (ConfUtils.java:logGet(43)) - raft.server.log.preallocated.size = 16384 (custom)
2019-09-19 08:58:27,126 [pool-126-thread-1] INFO  server.RaftServerConfigKeys (ConfUtils.java:logGet(43)) - raft.server.log.write.buffer.size = 33554432 (custom)
2019-09-19 08:58:27,126 [pool-126-thread-1] INFO  server.RaftServerConfigKeys (ConfUtils.java:logGet(43)) - raft.server.log.force.sync.num = 128 (default)
2019-09-19 08:58:27,126 [pool-126-thread-1] INFO  server.RaftServerConfigKeys (ConfUtils.java:logGet(43)) - raft.server.log.statemachine.data.sync = true (default)
2019-09-19 08:58:27,126 [8a96a672-7e2f-4b1c-ac1e-ddd5d18a6d5d:group-5AF214744F2C:LeaderElection31] INFO  impl.RaftServerImpl (ServerState.java:setRaftConf(361)) - 8a96a672-7e2f-4b1c-ac1e-ddd5d18a6d5d:group-5AF214744F2C set configuration 0: [8a96a672-7e2f-4b1c-ac1e-ddd5d18a6d5d:192.168.34.5:45218], old=null at 0
2019-09-19 08:58:27,126 [pool-126-thread-1] INFO  server.RaftServerConfigKeys (ConfUtils.java:logGet(43)) - raft.server.log.statemachine.data.sync.timeout = 10s (default)
2019-09-19 08:58:27,151 [Thread-417] INFO  impl.FollowerState (FollowerState.java:run(106)) - 59afcdb3-7cd7-47ef-abfa-eabf405042f7:group-1BEEAAADAE28 changes to CANDIDATE, lastRpcTime:1167, electionTimeout:1163ms
2019-09-19 08:58:27,151 [pool-126-thread-1] INFO  server.RaftServerConfigKeys (ConfUtils.java:logGet(43)) - raft.server.log.statemachine.data.sync.timeout.retry = -1 (default)
2019-09-19 08:58:27,151 [Thread-417] INFO  impl.RoleInfo (RoleInfo.java:shutdownFollowerState(121)) - 59afcdb3-7cd7-47ef-abfa-eabf405042f7: shutdown FollowerState
2019-09-19 08:58:27,151 [Thread-417] INFO  impl.RaftServerImpl (RaftServerImpl.java:setRole(171)) - 59afcdb3-7cd7-47ef-abfa-eabf405042f7:group-1BEEAAADAE28 changes role from FOLLOWER to CANDIDATE at term 0 for changeToCandidate
2019-09-19 08:58:27,152 [pool-126-thread-1] INFO  server.RaftServerConfigKeys (ConfUtils.java:logGet(43)) - raft.server.log.statemachine.data.caching.enabled = true (custom)
2019-09-19 08:58:27,152 [Thread-417] INFO  impl.RoleInfo (RoleInfo.java:updateAndGet(143)) - 59afcdb3-7cd7-47ef-abfa-eabf405042f7: start LeaderElection
2019-09-19 08:58:27,152 [pool-126-thread-1] INFO  segmented.SegmentedRaftLogWorker (SegmentedRaftLogWorker.java:lambda$new$0(132)) - 1ad3fd21-b666-4d4e-8138-b5cd04f973fd-SegmentedRaftLogWorker:Storage Directory /workdir/hadoop-ozone/integration-test/target/test-dir/MiniOzoneClusterImpl-072ceacc-f14a-494c-b049-5b6ad59b8d93/datanode-9/data/ratis/b79cff33-c3ac-4923-b63d-4f9b9a48841c: flushIndex: setUnconditionally 0 -> -1
2019-09-19 08:58:27,154 [pool-126-thread-1] INFO  server.RaftServerConfigKeys (ConfUtils.java:logGet(43)) - raft.server.snapshot.auto.trigger.enabled = true (custom)
2019-09-19 08:58:27,154 [pool-126-thread-1] INFO  server.RaftServerConfigKeys (ConfUtils.java:logGet(43)) - raft.server.snapshot.auto.trigger.threshold = 10000 (custom)
2019-09-19 08:58:27,154 [pool-126-thread-1] INFO  server.RaftServerConfigKeys (ConfUtils.java:logGet(43)) - raft.server.retrycache.expirytime = 600000ms (custom)
2019-09-19 08:58:27,155 [pool-126-thread-1] INFO  impl.RaftServerImpl (RaftServerImpl.java:start(180)) - 1ad3fd21-b666-4d4e-8138-b5cd04f973fd: start group-4F9B9A48841C
2019-09-19 08:58:27,155 [pool-126-thread-1] INFO  impl.RaftServerImpl (RaftServerImpl.java:setRole(171)) - 1ad3fd21-b666-4d4e-8138-b5cd04f973fd:group-4F9B9A48841C changes role from null to FOLLOWER at term 0 for startAsFollower
2019-09-19 08:58:27,155 [pool-126-thread-1] INFO  impl.RoleInfo (RoleInfo.java:updateAndGet(143)) - 1ad3fd21-b666-4d4e-8138-b5cd04f973fd: start FollowerState
2019-09-19 08:58:27,155 [pool-126-thread-1] INFO  util.JmxRegister (JmxRegister.java:tryRegister(44)) - Successfully registered JMX Bean with object name Ratis:service=RaftServer,group=group-4F9B9A48841C,id=1ad3fd21-b666-4d4e-8138-b5cd04f973fd
2019-09-19 08:58:27,157 [RatisPipelineUtilsThread] INFO  pipeline.PipelineStateManager (PipelineStateManager.java:addPipeline(56)) - Created pipeline Pipeline[ Id: b79cff33-c3ac-4923-b63d-4f9b9a48841c, Nodes: 1ad3fd21-b666-4d4e-8138-b5cd04f973fd{ip: 192.168.34.5, host: pr-hdds-1569-j4bt4-3030777008, networkLocation: /default-rack, certSerialId: null}, Type:RATIS, Factor:ONE, State:OPEN]
2019-09-19 08:58:27,158 [RatisPipelineUtilsThread] ERROR pipeline.PipelinePlacementPolicy (PipelinePlacementPolicy.java:meetCriteria(91)) - Pipeline Placement: Doesn't meet the criteria to be viable node. Heaviness: 6
2019-09-19 08:58:27,158 [RatisPipelineUtilsThread] ERROR pipeline.PipelinePlacementPolicy (PipelinePlacementPolicy.java:meetCriteria(91)) - Pipeline Placement: Doesn't meet the criteria to be viable node. Heaviness: 6
2019-09-19 08:58:27,158 [RatisPipelineUtilsThread] ERROR pipeline.PipelinePlacementPolicy (PipelinePlacementPolicy.java:meetCriteria(91)) - Pipeline Placement: Doesn't meet the criteria to be viable node. Heaviness: 6
2019-09-19 08:58:27,158 [RatisPipelineUtilsThread] ERROR pipeline.PipelinePlacementPolicy (PipelinePlacementPolicy.java:meetCriteria(91)) - Pipeline Placement: Doesn't meet the criteria to be viable node. Heaviness: 6
2019-09-19 08:58:27,158 [RatisPipelineUtilsThread] ERROR pipeline.PipelinePlacementPolicy (PipelinePlacementPolicy.java:meetCriteria(91)) - Pipeline Placement: Doesn't meet the criteria to be viable node. Heaviness: 6
2019-09-19 08:58:27,158 [RatisPipelineUtilsThread] ERROR pipeline.PipelinePlacementPolicy (PipelinePlacementPolicy.java:meetCriteria(91)) - Pipeline Placement: Doesn't meet the criteria to be viable node. Heaviness: 6
2019-09-19 08:58:27,158 [RatisPipelineUtilsThread] ERROR pipeline.PipelinePlacementPolicy (PipelinePlacementPolicy.java:meetCriteria(91)) - Pipeline Placement: Doesn't meet the criteria to be viable node. Heaviness: 6
2019-09-19 08:58:27,162 [grpc-default-executor-1] INFO  impl.RaftServerProxy (RaftServerProxy.java:addNew(89)) - 83e73c89-42e6-44c0-9fcf-5542ff22b34f: addNew group-E7C15A3FBB7E:[83e73c89-42e6-44c0-9fcf-5542ff22b34f:192.168.34.5:35347] returns group-E7C15A3FBB7E:java.util.concurrent.CompletableFuture@2b234415[Not completed]
2019-09-19 08:58:27,164 [8a96a672-7e2f-4b1c-ac1e-ddd5d18a6d5d-SegmentedRaftLogWorker:Storage Directory /workdir/hadoop-ozone/integration-test/target/test-dir/MiniOzoneClusterImpl-072ceacc-f14a-494c-b049-5b6ad59b8d93/datanode-0/data/ratis/9e43a7a9-3f43-4c52-94ef-5af214744f2c] INFO  segmented.SegmentedRaftLogWorker (SegmentedRaftLogWorker.java:execute(569)) - 8a96a672-7e2f-4b1c-ac1e-ddd5d18a6d5d-SegmentedRaftLogWorker:Storage Directory /workdir/hadoop-ozone/integration-test/target/test-dir/MiniOzoneClusterImpl-072ceacc-f14a-494c-b049-5b6ad59b8d93/datanode-0/data/ratis/9e43a7a9-3f43-4c52-94ef-5af214744f2c: created new log segment /workdir/hadoop-ozone/integration-test/target/test-dir/MiniOzoneClusterImpl-072ceacc-f14a-494c-b049-5b6ad59b8d93/datanode-0/data/ratis/9e43a7a9-3f43-4c52-94ef-5af214744f2c/current/log_inprogress_0
2019-09-19 08:58:27,164 [59afcdb3-7cd7-47ef-abfa-eabf405042f7:group-1BEEAAADAE28:LeaderElection32] INFO  impl.LeaderElection (LeaderElection.java:askForVotes(181)) - 59afcdb3-7cd7-47ef-abfa-eabf405042f7:group-1BEEAAADAE28:LeaderElection32: begin an election at term 1 for -1: [59afcdb3-7cd7-47ef-abfa-eabf405042f7:192.168.34.5:36202], old=null
2019-09-19 08:58:27,164 [pool-115-thread-1] INFO  impl.RaftServerImpl (RaftServerImpl.java:<init>(93)) - 83e73c89-42e6-44c0-9fcf-5542ff22b34f: new RaftServerImpl for group-E7C15A3FBB7E:[83e73c89-42e6-44c0-9fcf-5542ff22b34f:192.168.34.5:35347] with ContainerStateMachine:uninitialized
2019-09-19 08:58:27,164 [59afcdb3-7cd7-47ef-abfa-eabf405042f7:group-1BEEAAADAE28:LeaderElection32] INFO  impl.RoleInfo (RoleInfo.java:shutdownLeaderElection(134)) - 59afcdb3-7cd7-47ef-abfa-eabf405042f7: shutdown LeaderElection
2019-09-19 08:58:27,164 [pool-115-thread-1] INFO  server.RaftServerConfigKeys (ConfUtils.java:logGet(43)) - raft.server.rpc.timeout.min = 1s (custom)
2019-09-19 08:58:27,164 [59afcdb3-7cd7-47ef-abfa-eabf405042f7:group-1BEEAAADAE28:LeaderElection32] INFO  impl.RaftServerImpl (RaftServerImpl.java:setRole(171)) - 59afcdb3-7cd7-47ef-abfa-eabf405042f7:group-1BEEAAADAE28 changes role from CANDIDATE to LEADER at term 1 for changeToLeader
2019-09-19 08:58:27,164 [pool-115-thread-1] INFO  server.RaftServerConfigKeys (ConfUtils.java:logGet(43)) - raft.server.rpc.timeout.max = 1200ms (custom)
2019-09-19 08:58:27,164 [59afcdb3-7cd7-47ef-abfa-eabf405042f7:group-1BEEAAADAE28:LeaderElection32] INFO  impl.RaftServerImpl (ServerState.java:setLeader(263)) - 59afcdb3-7cd7-47ef-abfa-eabf405042f7:group-1BEEAAADAE28 change Leader from null to 59afcdb3-7cd7-47ef-abfa-eabf405042f7 at term 1 for becomeLeader, leader elected after 1183ms
2019-09-19 08:58:27,164 [pool-115-thread-1] INFO  server.RaftServerConfigKeys (ConfUtils.java:logGet(43)) - raft.server.rpcslowness.timeout = 120s (custom)
2019-09-19 08:58:27,164 [59afcdb3-7cd7-47ef-abfa-eabf405042f7:group-1BEEAAADAE28:LeaderElection32] INFO  server.RaftServerConfigKeys (ConfUtils.java:logGet(43)) - raft.server.staging.catchup.gap = 1000 (default)
2019-09-19 08:58:27,164 [pool-115-thread-1] INFO  server.RaftServerConfigKeys (ConfUtils.java:logGet(43)) - raft.server.sleep.deviation.threshold = 300 (default)
2019-09-19 08:58:27,164 [59afcdb3-7cd7-47ef-abfa-eabf405042f7:group-1BEEAAADAE28:LeaderElection32] INFO  server.RaftServerConfigKeys (ConfUtils.java:logGet(43)) - raft.server.rpc.sleep.time = 25ms (default)
2019-09-19 08:58:27,164 [pool-115-thread-1] INFO  server.RaftServerConfigKeys (ConfUtils.java:logGet(43)) - raft.server.log.appender.install.snapshot.enabled = false (custom)
2019-09-19 08:58:27,165 [59afcdb3-7cd7-47ef-abfa-eabf405042f7:group-1BEEAAADAE28:LeaderElection32] INFO  server.RaftServerConfigKeys (ConfUtils.java:logGet(43)) - raft.server.write.element-limit = 4096 (default)
2019-09-19 08:58:27,165 [pool-115-thread-1] INFO  impl.RaftServerImpl (ServerState.java:<init>(105)) - 83e73c89-42e6-44c0-9fcf-5542ff22b34f:group-E7C15A3FBB7E ConfigurationManager, init=-1: [83e73c89-42e6-44c0-9fcf-5542ff22b34f:192.168.34.5:35347], old=null, confs=<EMPTY_MAP>
2019-09-19 08:58:27,165 [59afcdb3-7cd7-47ef-abfa-eabf405042f7:group-1BEEAAADAE28:LeaderElection32] INFO  server.RaftServerConfigKeys (ConfUtils.java:logGet(43)) - raft.server.watch.timeout = 10s (default)
2019-09-19 08:58:27,165 [pool-115-thread-1] INFO  server.RaftServerConfigKeys (ConfUtils.java:logGet(43)) - raft.server.storage.dir = [/workdir/hadoop-ozone/integration-test/target/test-dir/MiniOzoneClusterImpl-072ceacc-f14a-494c-b049-5b6ad59b8d93/datanode-8/data/ratis] (custom)
2019-09-19 08:58:27,165 [59afcdb3-7cd7-47ef-abfa-eabf405042f7:group-1BEEAAADAE28:LeaderElection32] INFO  server.RaftServerConfigKeys (ConfUtils.java:logGet(43)) - raft.server.watch.timeout.denomination = 1s (default)
2019-09-19 08:58:27,165 [59afcdb3-7cd7-47ef-abfa-eabf405042f7:group-1BEEAAADAE28:LeaderElection32] INFO  server.RaftServerConfigKeys (ConfUtils.java:logGet(43)) - raft.server.watch.element-limit = 65536 (default)
2019-09-19 08:58:27,165 [pool-115-thread-1] INFO  storage.RaftStorageDirectory (RaftStorageDirectory.java:analyzeStorage(246)) - The storage directory /workdir/hadoop-ozone/integration-test/target/test-dir/MiniOzoneClusterImpl-072ceacc-f14a-494c-b049-5b6ad59b8d93/datanode-8/data/ratis/20bf8c94-d5fb-438c-948f-e7c15a3fbb7e does not exist. Creating ...
2019-09-19 08:58:27,165 [59afcdb3-7cd7-47ef-abfa-eabf405042f7:group-1BEEAAADAE28:LeaderElection32] INFO  impl.RoleInfo (RoleInfo.java:updateAndGet(143)) - 59afcdb3-7cd7-47ef-abfa-eabf405042f7: start LeaderState
2019-09-19 08:58:27,165 [59afcdb3-7cd7-47ef-abfa-eabf405042f7:group-1BEEAAADAE28:LeaderElection32] INFO  segmented.SegmentedRaftLogWorker (SegmentedRaftLogWorker.java:startLogSegment(380)) - 59afcdb3-7cd7-47ef-abfa-eabf405042f7-SegmentedRaftLogWorker:Storage Directory /workdir/hadoop-ozone/integration-test/target/test-dir/MiniOzoneClusterImpl-072ceacc-f14a-494c-b049-5b6ad59b8d93/datanode-4/data/ratis/d39945fd-35f9-4de7-bde8-1beeaaadae28: Starting segment from index:0
2019-09-19 08:58:27,166 [59afcdb3-7cd7-47ef-abfa-eabf405042f7:group-1BEEAAADAE28:LeaderElection32] INFO  impl.RaftServerImpl (ServerState.java:setRaftConf(361)) - 59afcdb3-7cd7-47ef-abfa-eabf405042f7:group-1BEEAAADAE28 set configuration 0: [59afcdb3-7cd7-47ef-abfa-eabf405042f7:192.168.34.5:36202], old=null at 0
2019-09-19 08:58:27,190 [pool-115-thread-1] INFO  storage.RaftStorageDirectory (RaftStorageDirectory.java:tryLock(328)) - Lock on /workdir/hadoop-ozone/integration-test/target/test-dir/MiniOzoneClusterImpl-072ceacc-f14a-494c-b049-5b6ad59b8d93/datanode-8/data/ratis/20bf8c94-d5fb-438c-948f-e7c15a3fbb7e/in_use.lock acquired by nodename 8013@pr-hdds-1569-j4bt4-3030777008
2019-09-19 08:58:27,190 [Thread-425] INFO  impl.FollowerState (FollowerState.java:run(106)) - 83e73c89-42e6-44c0-9fcf-5542ff22b34f:group-68FF7C0F8CF7 changes to CANDIDATE, lastRpcTime:1060, electionTimeout:1051ms
2019-09-19 08:58:27,190 [Thread-425] INFO  impl.RoleInfo (RoleInfo.java:shutdownFollowerState(121)) - 83e73c89-42e6-44c0-9fcf-5542ff22b34f: shutdown FollowerState
2019-09-19 08:58:27,190 [Thread-425] INFO  impl.RaftServerImpl (RaftServerImpl.java:setRole(171)) - 83e73c89-42e6-44c0-9fcf-5542ff22b34f:group-68FF7C0F8CF7 changes role from FOLLOWER to CANDIDATE at term 0 for changeToCandidate
2019-09-19 08:58:27,191 [Thread-425] INFO  impl.RoleInfo (RoleInfo.java:updateAndGet(143)) - 83e73c89-42e6-44c0-9fcf-5542ff22b34f: start LeaderElection
2019-09-19 08:58:27,203 [59afcdb3-7cd7-47ef-abfa-eabf405042f7-SegmentedRaftLogWorker:Storage Directory /workdir/hadoop-ozone/integration-test/target/test-dir/MiniOzoneClusterImpl-072ceacc-f14a-494c-b049-5b6ad59b8d93/datanode-4/data/ratis/d39945fd-35f9-4de7-bde8-1beeaaadae28] INFO  segmented.SegmentedRaftLogWorker (SegmentedRaftLogWorker.java:execute(569)) - 59afcdb3-7cd7-47ef-abfa-eabf405042f7-SegmentedRaftLogWorker:Storage Directory /workdir/hadoop-ozone/integration-test/target/test-dir/MiniOzoneClusterImpl-072ceacc-f14a-494c-b049-5b6ad59b8d93/datanode-4/data/ratis/d39945fd-35f9-4de7-bde8-1beeaaadae28: created new log segment /workdir/hadoop-ozone/integration-test/target/test-dir/MiniOzoneClusterImpl-072ceacc-f14a-494c-b049-5b6ad59b8d93/datanode-4/data/ratis/d39945fd-35f9-4de7-bde8-1beeaaadae28/current/log_inprogress_0
2019-09-19 08:58:27,203 [pool-115-thread-1] INFO  storage.RaftStorage (RaftStorage.java:format(72)) - Storage directory /workdir/hadoop-ozone/integration-test/target/test-dir/MiniOzoneClusterImpl-072ceacc-f14a-494c-b049-5b6ad59b8d93/datanode-8/data/ratis/20bf8c94-d5fb-438c-948f-e7c15a3fbb7e has been successfully formatted.
2019-09-19 08:58:27,203 [83e73c89-42e6-44c0-9fcf-5542ff22b34f:group-68FF7C0F8CF7:LeaderElection33] INFO  impl.LeaderElection (LeaderElection.java:askForVotes(181)) - 83e73c89-42e6-44c0-9fcf-5542ff22b34f:group-68FF7C0F8CF7:LeaderElection33: begin an election at term 1 for -1: [83e73c89-42e6-44c0-9fcf-5542ff22b34f:192.168.34.5:35347], old=null
2019-09-19 08:58:27,203 [pool-115-thread-1] INFO  ratis.ContainerStateMachine (ContainerStateMachine.java:loadSnapshot(226)) - group-E7C15A3FBB7E: The snapshot info is null. Setting the last applied indexto:(t:0, i:~)
2019-09-19 08:58:27,203 [83e73c89-42e6-44c0-9fcf-5542ff22b34f:group-68FF7C0F8CF7:LeaderElection33] INFO  impl.RoleInfo (RoleInfo.java:shutdownLeaderElection(134)) - 83e73c89-42e6-44c0-9fcf-5542ff22b34f: shutdown LeaderElection
2019-09-19 08:58:27,203 [pool-115-thread-1] INFO  server.RaftServerConfigKeys (ConfUtils.java:logGet(43)) - raft.server.leader.election.timeout = 120s (custom)
2019-09-19 08:58:27,203 [83e73c89-42e6-44c0-9fcf-5542ff22b34f:group-68FF7C0F8CF7:LeaderElection33] INFO  impl.RaftServerImpl (RaftServerImpl.java:setRole(171)) - 83e73c89-42e6-44c0-9fcf-5542ff22b34f:group-68FF7C0F8CF7 changes role from CANDIDATE to LEADER at term 1 for changeToLeader
2019-09-19 08:58:27,203 [pool-115-thread-1] INFO  server.RaftServerConfigKeys (ConfUtils.java:logGet(43)) - raft.server.log.use.memory = false (default)
2019-09-19 08:58:27,204 [83e73c89-42e6-44c0-9fcf-5542ff22b34f:group-68FF7C0F8CF7:LeaderElection33] INFO  impl.RaftServerImpl (ServerState.java:setLeader(263)) - 83e73c89-42e6-44c0-9fcf-5542ff22b34f:group-68FF7C0F8CF7 change Leader from null to 83e73c89-42e6-44c0-9fcf-5542ff22b34f at term 1 for becomeLeader, leader elected after 1128ms
2019-09-19 08:58:27,204 [pool-115-thread-1] INFO  server.RaftServerConfigKeys (ConfUtils.java:logGet(43)) - raft.server.log.purge.gap = 1000000 (custom)
2019-09-19 08:58:27,204 [83e73c89-42e6-44c0-9fcf-5542ff22b34f:group-68FF7C0F8CF7:LeaderElection33] INFO  server.RaftServerConfigKeys (ConfUtils.java:logGet(43)) - raft.server.staging.catchup.gap = 1000 (default)
2019-09-19 08:58:27,204 [pool-115-thread-1] INFO  server.RaftServerConfigKeys (ConfUtils.java:logGet(43)) - raft.server.log.appender.buffer.byte-limit = 33554432 (custom)
2019-09-19 08:58:27,204 [83e73c89-42e6-44c0-9fcf-5542ff22b34f:group-68FF7C0F8CF7:LeaderElection33] INFO  server.RaftServerConfigKeys (ConfUtils.java:logGet(43)) - raft.server.rpc.sleep.time = 25ms (default)
2019-09-19 08:58:27,204 [pool-115-thread-1] INFO  server.RaftServerConfigKeys (ConfUtils.java:logGet(43)) - raft.server.log.segment.size.max = 1048576 (custom)
2019-09-19 08:58:27,204 [83e73c89-42e6-44c0-9fcf-5542ff22b34f:group-68FF7C0F8CF7:LeaderElection33] INFO  server.RaftServerConfigKeys (ConfUtils.java:logGet(43)) - raft.server.write.element-limit = 4096 (default)
2019-09-19 08:58:27,204 [pool-115-thread-1] INFO  server.RaftServerConfigKeys (ConfUtils.java:logGet(43)) - raft.server.log.segment.cache.num.max = 2 (custom)
2019-09-19 08:58:27,204 [83e73c89-42e6-44c0-9fcf-5542ff22b34f:group-68FF7C0F8CF7:LeaderElection33] INFO  server.RaftServerConfigKeys (ConfUtils.java:logGet(43)) - raft.server.watch.timeout = 10s (default)
2019-09-19 08:58:27,204 [pool-115-thread-1] INFO  segmented.SegmentedRaftLogWorker (SegmentedRaftLogWorker.java:<init>(172)) - new 83e73c89-42e6-44c0-9fcf-5542ff22b34f-SegmentedRaftLogWorker:Storage Directory /workdir/hadoop-ozone/integration-test/target/test-dir/MiniOzoneClusterImpl-072ceacc-f14a-494c-b049-5b6ad59b8d93/datanode-8/data/ratis/20bf8c94-d5fb-438c-948f-e7c15a3fbb7e for RaftStorage:Storage Directory /workdir/hadoop-ozone/integration-test/target/test-dir/MiniOzoneClusterImpl-072ceacc-f14a-494c-b049-5b6ad59b8d93/datanode-8/data/ratis/20bf8c94-d5fb-438c-948f-e7c15a3fbb7e
2019-09-19 08:58:27,205 [83e73c89-42e6-44c0-9fcf-5542ff22b34f:group-68FF7C0F8CF7:LeaderElection33] INFO  server.RaftServerConfigKeys (ConfUtils.java:logGet(43)) - raft.server.watch.timeout.denomination = 1s (default)
2019-09-19 08:58:27,205 [pool-115-thread-1] INFO  server.RaftServerConfigKeys (ConfUtils.java:logGet(43)) - raft.server.log.queue.byte-limit = 2147483647 (custom)
2019-09-19 08:58:27,205 [83e73c89-42e6-44c0-9fcf-5542ff22b34f:group-68FF7C0F8CF7:LeaderElection33] INFO  server.RaftServerConfigKeys (ConfUtils.java:logGet(43)) - raft.server.watch.element-limit = 65536 (default)
2019-09-19 08:58:27,205 [pool-115-thread-1] INFO  server.RaftServerConfigKeys (ConfUtils.java:logGet(43)) - raft.server.log.queue.element-limit = 1024 (custom)
2019-09-19 08:58:27,205 [pool-115-thread-1] INFO  server.RaftServerConfigKeys (ConfUtils.java:logGet(43)) - raft.server.log.segment.size.max = 1048576 (custom)
2019-09-19 08:58:27,205 [83e73c89-42e6-44c0-9fcf-5542ff22b34f:group-68FF7C0F8CF7:LeaderElection33] INFO  impl.RoleInfo (RoleInfo.java:updateAndGet(143)) - 83e73c89-42e6-44c0-9fcf-5542ff22b34f: start LeaderState
2019-09-19 08:58:27,205 [pool-115-thread-1] INFO  server.RaftServerConfigKeys (ConfUtils.java:logGet(43)) - raft.server.log.preallocated.size = 16384 (custom)
2019-09-19 08:58:27,205 [pool-115-thread-1] INFO  server.RaftServerConfigKeys (ConfUtils.java:logGet(43)) - raft.server.log.write.buffer.size = 33554432 (custom)
2019-09-19 08:58:27,205 [83e73c89-42e6-44c0-9fcf-5542ff22b34f:group-68FF7C0F8CF7:LeaderElection33] INFO  segmented.SegmentedRaftLogWorker (SegmentedRaftLogWorker.java:startLogSegment(380)) - 83e73c89-42e6-44c0-9fcf-5542ff22b34f-SegmentedRaftLogWorker:Storage Directory /workdir/hadoop-ozone/integration-test/target/test-dir/MiniOzoneClusterImpl-072ceacc-f14a-494c-b049-5b6ad59b8d93/datanode-8/data/ratis/686f94a7-8447-407f-9dc6-68ff7c0f8cf7: Starting segment from index:0
2019-09-19 08:58:27,206 [pool-115-thread-1] INFO  server.RaftServerConfigKeys (ConfUtils.java:logGet(43)) - raft.server.log.force.sync.num = 128 (default)
2019-09-19 08:58:27,206 [pool-115-thread-1] INFO  server.RaftServerConfigKeys (ConfUtils.java:logGet(43)) - raft.server.log.statemachine.data.sync = true (default)
2019-09-19 08:58:27,206 [pool-115-thread-1] INFO  server.RaftServerConfigKeys (ConfUtils.java:logGet(43)) - raft.server.log.statemachine.data.sync.timeout = 10s (default)
2019-09-19 08:58:27,206 [pool-115-thread-1] INFO  server.RaftServerConfigKeys (ConfUtils.java:logGet(43)) - raft.server.log.statemachine.data.sync.timeout.retry = -1 (default)
2019-09-19 08:58:27,206 [83e73c89-42e6-44c0-9fcf-5542ff22b34f:group-68FF7C0F8CF7:LeaderElection33] INFO  impl.RaftServerImpl (ServerState.java:setRaftConf(361)) - 83e73c89-42e6-44c0-9fcf-5542ff22b34f:group-68FF7C0F8CF7 set configuration 0: [83e73c89-42e6-44c0-9fcf-5542ff22b34f:192.168.34.5:35347], old=null at 0
2019-09-19 08:58:27,239 | INFO  | SCMAudit | user=jenkins1000 | ip=192.168.34.5 | op=SEND_HEARTBEAT {datanodeUUID=83e73c89-42e6-44c0-9fcf-5542ff22b34f, command=[]} | ret=SUCCESS |  
2019-09-19 08:58:27,206 [pool-115-thread-1] INFO  server.RaftServerConfigKeys (ConfUtils.java:logGet(43)) - raft.server.log.statemachine.data.caching.enabled = true (custom)
2019-09-19 08:58:27,237 [Thread-429] INFO  impl.FollowerState (FollowerState.java:run(106)) - 59afcdb3-7cd7-47ef-abfa-eabf405042f7:group-8B947AB8F158 changes to CANDIDATE, lastRpcTime:1041, electionTimeout:1023ms
2019-09-19 08:58:27,250 [Thread-429] INFO  impl.RoleInfo (RoleInfo.java:shutdownFollowerState(121)) - 59afcdb3-7cd7-47ef-abfa-eabf405042f7: shutdown FollowerState
2019-09-19 08:58:27,250 [Thread-429] INFO  impl.RaftServerImpl (RaftServerImpl.java:setRole(171)) - 59afcdb3-7cd7-47ef-abfa-eabf405042f7:group-8B947AB8F158 changes role from FOLLOWER to CANDIDATE at term 0 for changeToCandidate
2019-09-19 08:58:27,250 [pool-115-thread-1] INFO  segmented.SegmentedRaftLogWorker (SegmentedRaftLogWorker.java:lambda$new$0(132)) - 83e73c89-42e6-44c0-9fcf-5542ff22b34f-SegmentedRaftLogWorker:Storage Directory /workdir/hadoop-ozone/integration-test/target/test-dir/MiniOzoneClusterImpl-072ceacc-f14a-494c-b049-5b6ad59b8d93/datanode-8/data/ratis/20bf8c94-d5fb-438c-948f-e7c15a3fbb7e: flushIndex: setUnconditionally 0 -> -1
2019-09-19 08:58:27,250 [83e73c89-42e6-44c0-9fcf-5542ff22b34f-SegmentedRaftLogWorker:Storage Directory /workdir/hadoop-ozone/integration-test/target/test-dir/MiniOzoneClusterImpl-072ceacc-f14a-494c-b049-5b6ad59b8d93/datanode-8/data/ratis/686f94a7-8447-407f-9dc6-68ff7c0f8cf7] INFO  segmented.SegmentedRaftLogWorker (SegmentedRaftLogWorker.java:execute(569)) - 83e73c89-42e6-44c0-9fcf-5542ff22b34f-SegmentedRaftLogWorker:Storage Directory /workdir/hadoop-ozone/integration-test/target/test-dir/MiniOzoneClusterImpl-072ceacc-f14a-494c-b049-5b6ad59b8d93/datanode-8/data/ratis/686f94a7-8447-407f-9dc6-68ff7c0f8cf7: created new log segment /workdir/hadoop-ozone/integration-test/target/test-dir/MiniOzoneClusterImpl-072ceacc-f14a-494c-b049-5b6ad59b8d93/datanode-8/data/ratis/686f94a7-8447-407f-9dc6-68ff7c0f8cf7/current/log_inprogress_0
2019-09-19 08:58:27,250 [Thread-429] INFO  impl.RoleInfo (RoleInfo.java:updateAndGet(143)) - 59afcdb3-7cd7-47ef-abfa-eabf405042f7: start LeaderElection
2019-09-19 08:58:27,250 [pool-115-thread-1] INFO  server.RaftServerConfigKeys (ConfUtils.java:logGet(43)) - raft.server.snapshot.auto.trigger.enabled = true (custom)
2019-09-19 08:58:27,250 [pool-115-thread-1] INFO  server.RaftServerConfigKeys (ConfUtils.java:logGet(43)) - raft.server.snapshot.auto.trigger.threshold = 10000 (custom)
2019-09-19 08:58:27,256 [pool-115-thread-1] INFO  server.RaftServerConfigKeys (ConfUtils.java:logGet(43)) - raft.server.retrycache.expirytime = 600000ms (custom)
2019-09-19 08:58:27,256 [pool-115-thread-1] INFO  impl.RaftServerImpl (RaftServerImpl.java:start(180)) - 83e73c89-42e6-44c0-9fcf-5542ff22b34f: start group-E7C15A3FBB7E
2019-09-19 08:58:27,256 [pool-115-thread-1] INFO  impl.RaftServerImpl (RaftServerImpl.java:setRole(171)) - 83e73c89-42e6-44c0-9fcf-5542ff22b34f:group-E7C15A3FBB7E changes role from null to FOLLOWER at term 0 for startAsFollower
2019-09-19 08:58:27,256 [pool-115-thread-1] INFO  impl.RoleInfo (RoleInfo.java:updateAndGet(143)) - 83e73c89-42e6-44c0-9fcf-5542ff22b34f: start FollowerState
2019-09-19 08:58:27,256 [pool-115-thread-1] INFO  util.JmxRegister (JmxRegister.java:tryRegister(44)) - Successfully registered JMX Bean with object name Ratis:service=RaftServer,group=group-E7C15A3FBB7E,id=83e73c89-42e6-44c0-9fcf-5542ff22b34f
2019-09-19 08:58:27,259 [RatisPipelineUtilsThread] INFO  pipeline.PipelineStateManager (PipelineStateManager.java:addPipeline(56)) - Created pipeline Pipeline[ Id: 20bf8c94-d5fb-438c-948f-e7c15a3fbb7e, Nodes: 83e73c89-42e6-44c0-9fcf-5542ff22b34f{ip: 192.168.34.5, host: pr-hdds-1569-j4bt4-3030777008, networkLocation: /default-rack, certSerialId: null}, Type:RATIS, Factor:ONE, State:OPEN]
2019-09-19 08:58:27,259 [RatisPipelineUtilsThread] ERROR pipeline.PipelinePlacementPolicy (PipelinePlacementPolicy.java:meetCriteria(91)) - Pipeline Placement: Doesn't meet the criteria to be viable node. Heaviness: 6
2019-09-19 08:58:27,259 [RatisPipelineUtilsThread] ERROR pipeline.PipelinePlacementPolicy (PipelinePlacementPolicy.java:meetCriteria(91)) - Pipeline Placement: Doesn't meet the criteria to be viable node. Heaviness: 6
2019-09-19 08:58:27,259 [RatisPipelineUtilsThread] ERROR pipeline.PipelinePlacementPolicy (PipelinePlacementPolicy.java:meetCriteria(91)) - Pipeline Placement: Doesn't meet the criteria to be viable node. Heaviness: 6
2019-09-19 08:58:27,260 [RatisPipelineUtilsThread] ERROR pipeline.PipelinePlacementPolicy (PipelinePlacementPolicy.java:meetCriteria(91)) - Pipeline Placement: Doesn't meet the criteria to be viable node. Heaviness: 6
2019-09-19 08:58:27,260 [RatisPipelineUtilsThread] ERROR pipeline.PipelinePlacementPolicy (PipelinePlacementPolicy.java:meetCriteria(91)) - Pipeline Placement: Doesn't meet the criteria to be viable node. Heaviness: 6
2019-09-19 08:58:27,260 [RatisPipelineUtilsThread] ERROR pipeline.PipelinePlacementPolicy (PipelinePlacementPolicy.java:meetCriteria(91)) - Pipeline Placement: Doesn't meet the criteria to be viable node. Heaviness: 6
2019-09-19 08:58:27,260 [RatisPipelineUtilsThread] ERROR pipeline.PipelinePlacementPolicy (PipelinePlacementPolicy.java:meetCriteria(91)) - Pipeline Placement: Doesn't meet the criteria to be viable node. Heaviness: 6
2019-09-19 08:58:27,261 | INFO  | SCMAudit | user=jenkins1000 | ip=192.168.34.5 | op=SEND_HEARTBEAT {datanodeUUID=8a96a672-7e2f-4b1c-ac1e-ddd5d18a6d5d, command=[]} | ret=SUCCESS |  
2019-09-19 08:58:27,265 [grpc-default-executor-1] INFO  impl.RaftServerProxy (RaftServerProxy.java:addNew(89)) - a01737f6-7857-4616-835e-b1ff05ecf78f: addNew group-4521E038C523:[a01737f6-7857-4616-835e-b1ff05ecf78f:192.168.34.5:36733] returns group-4521E038C523:java.util.concurrent.CompletableFuture@2787cc6d[Not completed]
2019-09-19 08:58:27,267 [pool-104-thread-1] INFO  impl.RaftServerImpl (RaftServerImpl.java:<init>(93)) - a01737f6-7857-4616-835e-b1ff05ecf78f: new RaftServerImpl for group-4521E038C523:[a01737f6-7857-4616-835e-b1ff05ecf78f:192.168.34.5:36733] with ContainerStateMachine:uninitialized
2019-09-19 08:58:27,267 [pool-104-thread-1] INFO  server.RaftServerConfigKeys (ConfUtils.java:logGet(43)) - raft.server.rpc.timeout.min = 1s (custom)
2019-09-19 08:58:27,267 [pool-104-thread-1] INFO  server.RaftServerConfigKeys (ConfUtils.java:logGet(43)) - raft.server.rpc.timeout.max = 1200ms (custom)
2019-09-19 08:58:27,267 [pool-104-thread-1] INFO  server.RaftServerConfigKeys (ConfUtils.java:logGet(43)) - raft.server.rpcslowness.timeout = 120s (custom)
2019-09-19 08:58:27,267 [pool-104-thread-1] INFO  server.RaftServerConfigKeys (ConfUtils.java:logGet(43)) - raft.server.sleep.deviation.threshold = 300 (default)
2019-09-19 08:58:27,267 [pool-104-thread-1] INFO  server.RaftServerConfigKeys (ConfUtils.java:logGet(43)) - raft.server.log.appender.install.snapshot.enabled = false (custom)
2019-09-19 08:58:27,267 [pool-104-thread-1] INFO  impl.RaftServerImpl (ServerState.java:<init>(105)) - a01737f6-7857-4616-835e-b1ff05ecf78f:group-4521E038C523 ConfigurationManager, init=-1: [a01737f6-7857-4616-835e-b1ff05ecf78f:192.168.34.5:36733], old=null, confs=<EMPTY_MAP>
2019-09-19 08:58:27,268 [pool-104-thread-1] INFO  server.RaftServerConfigKeys (ConfUtils.java:logGet(43)) - raft.server.storage.dir = [/workdir/hadoop-ozone/integration-test/target/test-dir/MiniOzoneClusterImpl-072ceacc-f14a-494c-b049-5b6ad59b8d93/datanode-7/data/ratis] (custom)
2019-09-19 08:58:27,268 [59afcdb3-7cd7-47ef-abfa-eabf405042f7:group-8B947AB8F158:LeaderElection34] INFO  impl.LeaderElection (LeaderElection.java:askForVotes(181)) - 59afcdb3-7cd7-47ef-abfa-eabf405042f7:group-8B947AB8F158:LeaderElection34: begin an election at term 1 for -1: [59afcdb3-7cd7-47ef-abfa-eabf405042f7:192.168.34.5:36202], old=null
2019-09-19 08:58:27,268 [59afcdb3-7cd7-47ef-abfa-eabf405042f7:group-8B947AB8F158:LeaderElection34] INFO  impl.RoleInfo (RoleInfo.java:shutdownLeaderElection(134)) - 59afcdb3-7cd7-47ef-abfa-eabf405042f7: shutdown LeaderElection
2019-09-19 08:58:27,268 [pool-104-thread-1] INFO  storage.RaftStorageDirectory (RaftStorageDirectory.java:analyzeStorage(246)) - The storage directory /workdir/hadoop-ozone/integration-test/target/test-dir/MiniOzoneClusterImpl-072ceacc-f14a-494c-b049-5b6ad59b8d93/datanode-7/data/ratis/37967a6c-2d3f-4b91-8b27-4521e038c523 does not exist. Creating ...
2019-09-19 08:58:27,268 [59afcdb3-7cd7-47ef-abfa-eabf405042f7:group-8B947AB8F158:LeaderElection34] INFO  impl.RaftServerImpl (RaftServerImpl.java:setRole(171)) - 59afcdb3-7cd7-47ef-abfa-eabf405042f7:group-8B947AB8F158 changes role from CANDIDATE to LEADER at term 1 for changeToLeader
2019-09-19 08:58:27,268 [59afcdb3-7cd7-47ef-abfa-eabf405042f7:group-8B947AB8F158:LeaderElection34] INFO  impl.RaftServerImpl (ServerState.java:setLeader(263)) - 59afcdb3-7cd7-47ef-abfa-eabf405042f7:group-8B947AB8F158 change Leader from null to 59afcdb3-7cd7-47ef-abfa-eabf405042f7 at term 1 for becomeLeader, leader elected after 1075ms
2019-09-19 08:58:27,268 [59afcdb3-7cd7-47ef-abfa-eabf405042f7:group-8B947AB8F158:LeaderElection34] INFO  server.RaftServerConfigKeys (ConfUtils.java:logGet(43)) - raft.server.staging.catchup.gap = 1000 (default)
2019-09-19 08:58:27,269 [59afcdb3-7cd7-47ef-abfa-eabf405042f7:group-8B947AB8F158:LeaderElection34] INFO  server.RaftServerConfigKeys (ConfUtils.java:logGet(43)) - raft.server.rpc.sleep.time = 25ms (default)
2019-09-19 08:58:27,269 [59afcdb3-7cd7-47ef-abfa-eabf405042f7:group-8B947AB8F158:LeaderElection34] INFO  server.RaftServerConfigKeys (ConfUtils.java:logGet(43)) - raft.server.write.element-limit = 4096 (default)
2019-09-19 08:58:27,269 [59afcdb3-7cd7-47ef-abfa-eabf405042f7:group-8B947AB8F158:LeaderElection34] INFO  server.RaftServerConfigKeys (ConfUtils.java:logGet(43)) - raft.server.watch.timeout = 10s (default)
2019-09-19 08:58:27,269 [59afcdb3-7cd7-47ef-abfa-eabf405042f7:group-8B947AB8F158:LeaderElection34] INFO  server.RaftServerConfigKeys (ConfUtils.java:logGet(43)) - raft.server.watch.timeout.denomination = 1s (default)
2019-09-19 08:58:27,269 [59afcdb3-7cd7-47ef-abfa-eabf405042f7:group-8B947AB8F158:LeaderElection34] INFO  server.RaftServerConfigKeys (ConfUtils.java:logGet(43)) - raft.server.watch.element-limit = 65536 (default)
2019-09-19 08:58:27,269 [59afcdb3-7cd7-47ef-abfa-eabf405042f7:group-8B947AB8F158:LeaderElection34] INFO  impl.RoleInfo (RoleInfo.java:updateAndGet(143)) - 59afcdb3-7cd7-47ef-abfa-eabf405042f7: start LeaderState
2019-09-19 08:58:27,269 [59afcdb3-7cd7-47ef-abfa-eabf405042f7:group-8B947AB8F158:LeaderElection34] INFO  segmented.SegmentedRaftLogWorker (SegmentedRaftLogWorker.java:startLogSegment(380)) - 59afcdb3-7cd7-47ef-abfa-eabf405042f7-SegmentedRaftLogWorker:Storage Directory /workdir/hadoop-ozone/integration-test/target/test-dir/MiniOzoneClusterImpl-072ceacc-f14a-494c-b049-5b6ad59b8d93/datanode-4/data/ratis/4ce4bb86-7e2e-4296-a619-8b947ab8f158: Starting segment from index:0
2019-09-19 08:58:27,270 [59afcdb3-7cd7-47ef-abfa-eabf405042f7:group-8B947AB8F158:LeaderElection34] INFO  impl.RaftServerImpl (ServerState.java:setRaftConf(361)) - 59afcdb3-7cd7-47ef-abfa-eabf405042f7:group-8B947AB8F158 set configuration 0: [59afcdb3-7cd7-47ef-abfa-eabf405042f7:192.168.34.5:36202], old=null at 0
2019-09-19 08:58:27,302 [pool-104-thread-1] INFO  storage.RaftStorageDirectory (RaftStorageDirectory.java:tryLock(328)) - Lock on /workdir/hadoop-ozone/integration-test/target/test-dir/MiniOzoneClusterImpl-072ceacc-f14a-494c-b049-5b6ad59b8d93/datanode-7/data/ratis/37967a6c-2d3f-4b91-8b27-4521e038c523/in_use.lock acquired by nodename 8013@pr-hdds-1569-j4bt4-3030777008
2019-09-19 08:58:27,304 [59afcdb3-7cd7-47ef-abfa-eabf405042f7-SegmentedRaftLogWorker:Storage Directory /workdir/hadoop-ozone/integration-test/target/test-dir/MiniOzoneClusterImpl-072ceacc-f14a-494c-b049-5b6ad59b8d93/datanode-4/data/ratis/4ce4bb86-7e2e-4296-a619-8b947ab8f158] INFO  segmented.SegmentedRaftLogWorker (SegmentedRaftLogWorker.java:execute(569)) - 59afcdb3-7cd7-47ef-abfa-eabf405042f7-SegmentedRaftLogWorker:Storage Directory /workdir/hadoop-ozone/integration-test/target/test-dir/MiniOzoneClusterImpl-072ceacc-f14a-494c-b049-5b6ad59b8d93/datanode-4/data/ratis/4ce4bb86-7e2e-4296-a619-8b947ab8f158: created new log segment /workdir/hadoop-ozone/integration-test/target/test-dir/MiniOzoneClusterImpl-072ceacc-f14a-494c-b049-5b6ad59b8d93/datanode-4/data/ratis/4ce4bb86-7e2e-4296-a619-8b947ab8f158/current/log_inprogress_0
2019-09-19 08:58:27,307 [pool-104-thread-1] INFO  storage.RaftStorage (RaftStorage.java:format(72)) - Storage directory /workdir/hadoop-ozone/integration-test/target/test-dir/MiniOzoneClusterImpl-072ceacc-f14a-494c-b049-5b6ad59b8d93/datanode-7/data/ratis/37967a6c-2d3f-4b91-8b27-4521e038c523 has been successfully formatted.
2019-09-19 08:58:27,307 [pool-104-thread-1] INFO  ratis.ContainerStateMachine (ContainerStateMachine.java:loadSnapshot(226)) - group-4521E038C523: The snapshot info is null. Setting the last applied indexto:(t:0, i:~)
2019-09-19 08:58:27,308 [pool-104-thread-1] INFO  server.RaftServerConfigKeys (ConfUtils.java:logGet(43)) - raft.server.leader.election.timeout = 120s (custom)
2019-09-19 08:58:27,308 [pool-104-thread-1] INFO  server.RaftServerConfigKeys (ConfUtils.java:logGet(43)) - raft.server.log.use.memory = false (default)
2019-09-19 08:58:27,308 [pool-104-thread-1] INFO  server.RaftServerConfigKeys (ConfUtils.java:logGet(43)) - raft.server.log.purge.gap = 1000000 (custom)
2019-09-19 08:58:27,308 [pool-104-thread-1] INFO  server.RaftServerConfigKeys (ConfUtils.java:logGet(43)) - raft.server.log.appender.buffer.byte-limit = 33554432 (custom)
2019-09-19 08:58:27,308 [pool-104-thread-1] INFO  server.RaftServerConfigKeys (ConfUtils.java:logGet(43)) - raft.server.log.segment.size.max = 1048576 (custom)
2019-09-19 08:58:27,308 [pool-104-thread-1] INFO  server.RaftServerConfigKeys (ConfUtils.java:logGet(43)) - raft.server.log.segment.cache.num.max = 2 (custom)
2019-09-19 08:58:27,309 [pool-104-thread-1] INFO  segmented.SegmentedRaftLogWorker (SegmentedRaftLogWorker.java:<init>(172)) - new a01737f6-7857-4616-835e-b1ff05ecf78f-SegmentedRaftLogWorker:Storage Directory /workdir/hadoop-ozone/integration-test/target/test-dir/MiniOzoneClusterImpl-072ceacc-f14a-494c-b049-5b6ad59b8d93/datanode-7/data/ratis/37967a6c-2d3f-4b91-8b27-4521e038c523 for RaftStorage:Storage Directory /workdir/hadoop-ozone/integration-test/target/test-dir/MiniOzoneClusterImpl-072ceacc-f14a-494c-b049-5b6ad59b8d93/datanode-7/data/ratis/37967a6c-2d3f-4b91-8b27-4521e038c523
2019-09-19 08:58:27,309 [pool-104-thread-1] INFO  server.RaftServerConfigKeys (ConfUtils.java:logGet(43)) - raft.server.log.queue.byte-limit = 2147483647 (custom)
2019-09-19 08:58:27,309 [pool-104-thread-1] INFO  server.RaftServerConfigKeys (ConfUtils.java:logGet(43)) - raft.server.log.queue.element-limit = 1024 (custom)
2019-09-19 08:58:27,309 [pool-104-thread-1] INFO  server.RaftServerConfigKeys (ConfUtils.java:logGet(43)) - raft.server.log.segment.size.max = 1048576 (custom)
2019-09-19 08:58:27,309 [pool-104-thread-1] INFO  server.RaftServerConfigKeys (ConfUtils.java:logGet(43)) - raft.server.log.preallocated.size = 16384 (custom)
2019-09-19 08:58:27,309 [pool-104-thread-1] INFO  server.RaftServerConfigKeys (ConfUtils.java:logGet(43)) - raft.server.log.write.buffer.size = 33554432 (custom)
2019-09-19 08:58:27,310 [pool-104-thread-1] INFO  server.RaftServerConfigKeys (ConfUtils.java:logGet(43)) - raft.server.log.force.sync.num = 128 (default)
2019-09-19 08:58:27,310 [pool-104-thread-1] INFO  server.RaftServerConfigKeys (ConfUtils.java:logGet(43)) - raft.server.log.statemachine.data.sync = true (default)
2019-09-19 08:58:27,310 [pool-104-thread-1] INFO  server.RaftServerConfigKeys (ConfUtils.java:logGet(43)) - raft.server.log.statemachine.data.sync.timeout = 10s (default)
2019-09-19 08:58:27,310 [pool-104-thread-1] INFO  server.RaftServerConfigKeys (ConfUtils.java:logGet(43)) - raft.server.log.statemachine.data.sync.timeout.retry = -1 (default)
2019-09-19 08:58:27,310 [pool-104-thread-1] INFO  server.RaftServerConfigKeys (ConfUtils.java:logGet(43)) - raft.server.log.statemachine.data.caching.enabled = true (custom)
2019-09-19 08:58:27,311 [pool-104-thread-1] INFO  segmented.SegmentedRaftLogWorker (SegmentedRaftLogWorker.java:lambda$new$0(132)) - a01737f6-7857-4616-835e-b1ff05ecf78f-SegmentedRaftLogWorker:Storage Directory /workdir/hadoop-ozone/integration-test/target/test-dir/MiniOzoneClusterImpl-072ceacc-f14a-494c-b049-5b6ad59b8d93/datanode-7/data/ratis/37967a6c-2d3f-4b91-8b27-4521e038c523: flushIndex: setUnconditionally 0 -> -1
2019-09-19 08:58:27,311 [pool-104-thread-1] INFO  server.RaftServerConfigKeys (ConfUtils.java:logGet(43)) - raft.server.snapshot.auto.trigger.enabled = true (custom)
2019-09-19 08:58:27,311 [pool-104-thread-1] INFO  server.RaftServerConfigKeys (ConfUtils.java:logGet(43)) - raft.server.snapshot.auto.trigger.threshold = 10000 (custom)
2019-09-19 08:58:27,311 [pool-104-thread-1] INFO  server.RaftServerConfigKeys (ConfUtils.java:logGet(43)) - raft.server.retrycache.expirytime = 600000ms (custom)
2019-09-19 08:58:27,312 [pool-104-thread-1] INFO  impl.RaftServerImpl (RaftServerImpl.java:start(180)) - a01737f6-7857-4616-835e-b1ff05ecf78f: start group-4521E038C523
2019-09-19 08:58:27,312 [pool-104-thread-1] INFO  impl.RaftServerImpl (RaftServerImpl.java:setRole(171)) - a01737f6-7857-4616-835e-b1ff05ecf78f:group-4521E038C523 changes role from null to FOLLOWER at term 0 for startAsFollower
2019-09-19 08:58:27,312 [pool-104-thread-1] INFO  impl.RoleInfo (RoleInfo.java:updateAndGet(143)) - a01737f6-7857-4616-835e-b1ff05ecf78f: start FollowerState
2019-09-19 08:58:27,312 [pool-104-thread-1] INFO  util.JmxRegister (JmxRegister.java:tryRegister(44)) - Successfully registered JMX Bean with object name Ratis:service=RaftServer,group=group-4521E038C523,id=a01737f6-7857-4616-835e-b1ff05ecf78f
2019-09-19 08:58:27,315 [RatisPipelineUtilsThread] INFO  pipeline.PipelineStateManager (PipelineStateManager.java:addPipeline(56)) - Created pipeline Pipeline[ Id: 37967a6c-2d3f-4b91-8b27-4521e038c523, Nodes: a01737f6-7857-4616-835e-b1ff05ecf78f{ip: 192.168.34.5, host: pr-hdds-1569-j4bt4-3030777008, networkLocation: /default-rack, certSerialId: null}, Type:RATIS, Factor:ONE, State:OPEN]
2019-09-19 08:58:27,315 [RatisPipelineUtilsThread] ERROR pipeline.PipelinePlacementPolicy (PipelinePlacementPolicy.java:meetCriteria(91)) - Pipeline Placement: Doesn't meet the criteria to be viable node. Heaviness: 6
2019-09-19 08:58:27,315 [RatisPipelineUtilsThread] ERROR pipeline.PipelinePlacementPolicy (PipelinePlacementPolicy.java:meetCriteria(91)) - Pipeline Placement: Doesn't meet the criteria to be viable node. Heaviness: 6
2019-09-19 08:58:27,315 [RatisPipelineUtilsThread] ERROR pipeline.PipelinePlacementPolicy (PipelinePlacementPolicy.java:meetCriteria(91)) - Pipeline Placement: Doesn't meet the criteria to be viable node. Heaviness: 6
2019-09-19 08:58:27,316 [RatisPipelineUtilsThread] ERROR pipeline.PipelinePlacementPolicy (PipelinePlacementPolicy.java:meetCriteria(91)) - Pipeline Placement: Doesn't meet the criteria to be viable node. Heaviness: 6
2019-09-19 08:58:27,316 [RatisPipelineUtilsThread] ERROR pipeline.PipelinePlacementPolicy (PipelinePlacementPolicy.java:meetCriteria(91)) - Pipeline Placement: Doesn't meet the criteria to be viable node. Heaviness: 6
2019-09-19 08:58:27,316 [RatisPipelineUtilsThread] ERROR pipeline.PipelinePlacementPolicy (PipelinePlacementPolicy.java:meetCriteria(91)) - Pipeline Placement: Doesn't meet the criteria to be viable node. Heaviness: 6
2019-09-19 08:58:27,316 [RatisPipelineUtilsThread] ERROR pipeline.PipelinePlacementPolicy (PipelinePlacementPolicy.java:meetCriteria(91)) - Pipeline Placement: Doesn't meet the criteria to be viable node. Heaviness: 6
2019-09-19 08:58:27,321 [grpc-default-executor-1] INFO  impl.RaftServerProxy (RaftServerProxy.java:addNew(89)) - a01737f6-7857-4616-835e-b1ff05ecf78f: addNew group-B541943B0699:[a01737f6-7857-4616-835e-b1ff05ecf78f:192.168.34.5:36733] returns group-B541943B0699:java.util.concurrent.CompletableFuture@7dafe290[Not completed]
2019-09-19 08:58:27,322 [pool-104-thread-1] INFO  impl.RaftServerImpl (RaftServerImpl.java:<init>(93)) - a01737f6-7857-4616-835e-b1ff05ecf78f: new RaftServerImpl for group-B541943B0699:[a01737f6-7857-4616-835e-b1ff05ecf78f:192.168.34.5:36733] with ContainerStateMachine:uninitialized
2019-09-19 08:58:27,322 [pool-104-thread-1] INFO  server.RaftServerConfigKeys (ConfUtils.java:logGet(43)) - raft.server.rpc.timeout.min = 1s (custom)
2019-09-19 08:58:27,322 [pool-104-thread-1] INFO  server.RaftServerConfigKeys (ConfUtils.java:logGet(43)) - raft.server.rpc.timeout.max = 1200ms (custom)
2019-09-19 08:58:27,322 [pool-104-thread-1] INFO  server.RaftServerConfigKeys (ConfUtils.java:logGet(43)) - raft.server.rpcslowness.timeout = 120s (custom)
2019-09-19 08:58:27,322 [pool-104-thread-1] INFO  server.RaftServerConfigKeys (ConfUtils.java:logGet(43)) - raft.server.sleep.deviation.threshold = 300 (default)
2019-09-19 08:58:27,322 [pool-104-thread-1] INFO  server.RaftServerConfigKeys (ConfUtils.java:logGet(43)) - raft.server.log.appender.install.snapshot.enabled = false (custom)
2019-09-19 08:58:27,322 [pool-104-thread-1] INFO  impl.RaftServerImpl (ServerState.java:<init>(105)) - a01737f6-7857-4616-835e-b1ff05ecf78f:group-B541943B0699 ConfigurationManager, init=-1: [a01737f6-7857-4616-835e-b1ff05ecf78f:192.168.34.5:36733], old=null, confs=<EMPTY_MAP>
2019-09-19 08:58:27,322 [pool-104-thread-1] INFO  server.RaftServerConfigKeys (ConfUtils.java:logGet(43)) - raft.server.storage.dir = [/workdir/hadoop-ozone/integration-test/target/test-dir/MiniOzoneClusterImpl-072ceacc-f14a-494c-b049-5b6ad59b8d93/datanode-7/data/ratis] (custom)
2019-09-19 08:58:27,323 [pool-104-thread-1] INFO  storage.RaftStorageDirectory (RaftStorageDirectory.java:analyzeStorage(246)) - The storage directory /workdir/hadoop-ozone/integration-test/target/test-dir/MiniOzoneClusterImpl-072ceacc-f14a-494c-b049-5b6ad59b8d93/datanode-7/data/ratis/5d8c7068-444f-42e5-a2b7-b541943b0699 does not exist. Creating ...
2019-09-19 08:58:27,335 [pool-104-thread-1] INFO  storage.RaftStorageDirectory (RaftStorageDirectory.java:tryLock(328)) - Lock on /workdir/hadoop-ozone/integration-test/target/test-dir/MiniOzoneClusterImpl-072ceacc-f14a-494c-b049-5b6ad59b8d93/datanode-7/data/ratis/5d8c7068-444f-42e5-a2b7-b541943b0699/in_use.lock acquired by nodename 8013@pr-hdds-1569-j4bt4-3030777008
2019-09-19 08:58:27,338 | INFO  | SCMAudit | user=jenkins1000 | ip=192.168.34.5 | op=SEND_HEARTBEAT {datanodeUUID=59afcdb3-7cd7-47ef-abfa-eabf405042f7, command=[]} | ret=SUCCESS |  
2019-09-19 08:58:27,356 [pool-104-thread-1] INFO  storage.RaftStorage (RaftStorage.java:format(72)) - Storage directory /workdir/hadoop-ozone/integration-test/target/test-dir/MiniOzoneClusterImpl-072ceacc-f14a-494c-b049-5b6ad59b8d93/datanode-7/data/ratis/5d8c7068-444f-42e5-a2b7-b541943b0699 has been successfully formatted.
2019-09-19 08:58:27,357 [pool-104-thread-1] INFO  ratis.ContainerStateMachine (ContainerStateMachine.java:loadSnapshot(226)) - group-B541943B0699: The snapshot info is null. Setting the last applied indexto:(t:0, i:~)
2019-09-19 08:58:27,357 [pool-104-thread-1] INFO  server.RaftServerConfigKeys (ConfUtils.java:logGet(43)) - raft.server.leader.election.timeout = 120s (custom)
2019-09-19 08:58:27,357 [pool-104-thread-1] INFO  server.RaftServerConfigKeys (ConfUtils.java:logGet(43)) - raft.server.log.use.memory = false (default)
2019-09-19 08:58:27,357 [pool-104-thread-1] INFO  server.RaftServerConfigKeys (ConfUtils.java:logGet(43)) - raft.server.log.purge.gap = 1000000 (custom)
2019-09-19 08:58:27,357 [pool-104-thread-1] INFO  server.RaftServerConfigKeys (ConfUtils.java:logGet(43)) - raft.server.log.appender.buffer.byte-limit = 33554432 (custom)
2019-09-19 08:58:27,357 [pool-104-thread-1] INFO  server.RaftServerConfigKeys (ConfUtils.java:logGet(43)) - raft.server.log.segment.size.max = 1048576 (custom)
2019-09-19 08:58:27,357 [pool-104-thread-1] INFO  server.RaftServerConfigKeys (ConfUtils.java:logGet(43)) - raft.server.log.segment.cache.num.max = 2 (custom)
2019-09-19 08:58:27,357 [pool-104-thread-1] INFO  segmented.SegmentedRaftLogWorker (SegmentedRaftLogWorker.java:<init>(172)) - new a01737f6-7857-4616-835e-b1ff05ecf78f-SegmentedRaftLogWorker:Storage Directory /workdir/hadoop-ozone/integration-test/target/test-dir/MiniOzoneClusterImpl-072ceacc-f14a-494c-b049-5b6ad59b8d93/datanode-7/data/ratis/5d8c7068-444f-42e5-a2b7-b541943b0699 for RaftStorage:Storage Directory /workdir/hadoop-ozone/integration-test/target/test-dir/MiniOzoneClusterImpl-072ceacc-f14a-494c-b049-5b6ad59b8d93/datanode-7/data/ratis/5d8c7068-444f-42e5-a2b7-b541943b0699
2019-09-19 08:58:27,357 [pool-104-thread-1] INFO  server.RaftServerConfigKeys (ConfUtils.java:logGet(43)) - raft.server.log.queue.byte-limit = 2147483647 (custom)
2019-09-19 08:58:27,357 [pool-104-thread-1] INFO  server.RaftServerConfigKeys (ConfUtils.java:logGet(43)) - raft.server.log.queue.element-limit = 1024 (custom)
2019-09-19 08:58:27,358 [pool-104-thread-1] INFO  server.RaftServerConfigKeys (ConfUtils.java:logGet(43)) - raft.server.log.segment.size.max = 1048576 (custom)
2019-09-19 08:58:27,358 [pool-104-thread-1] INFO  server.RaftServerConfigKeys (ConfUtils.java:logGet(43)) - raft.server.log.preallocated.size = 16384 (custom)
2019-09-19 08:58:27,358 [pool-104-thread-1] INFO  server.RaftServerConfigKeys (ConfUtils.java:logGet(43)) - raft.server.log.write.buffer.size = 33554432 (custom)
2019-09-19 08:58:27,358 [pool-104-thread-1] INFO  server.RaftServerConfigKeys (ConfUtils.java:logGet(43)) - raft.server.log.force.sync.num = 128 (default)
2019-09-19 08:58:27,358 [pool-104-thread-1] INFO  server.RaftServerConfigKeys (ConfUtils.java:logGet(43)) - raft.server.log.statemachine.data.sync = true (default)
2019-09-19 08:58:27,358 [pool-104-thread-1] INFO  server.RaftServerConfigKeys (ConfUtils.java:logGet(43)) - raft.server.log.statemachine.data.sync.timeout = 10s (default)
2019-09-19 08:58:27,358 [pool-104-thread-1] INFO  server.RaftServerConfigKeys (ConfUtils.java:logGet(43)) - raft.server.log.statemachine.data.sync.timeout.retry = -1 (default)
2019-09-19 08:58:27,358 [pool-104-thread-1] INFO  server.RaftServerConfigKeys (ConfUtils.java:logGet(43)) - raft.server.log.statemachine.data.caching.enabled = true (custom)
2019-09-19 08:58:27,358 [pool-104-thread-1] INFO  segmented.SegmentedRaftLogWorker (SegmentedRaftLogWorker.java:lambda$new$0(132)) - a01737f6-7857-4616-835e-b1ff05ecf78f-SegmentedRaftLogWorker:Storage Directory /workdir/hadoop-ozone/integration-test/target/test-dir/MiniOzoneClusterImpl-072ceacc-f14a-494c-b049-5b6ad59b8d93/datanode-7/data/ratis/5d8c7068-444f-42e5-a2b7-b541943b0699: flushIndex: setUnconditionally 0 -> -1
2019-09-19 08:58:27,359 [pool-104-thread-1] INFO  server.RaftServerConfigKeys (ConfUtils.java:logGet(43)) - raft.server.snapshot.auto.trigger.enabled = true (custom)
2019-09-19 08:58:27,359 [pool-104-thread-1] INFO  server.RaftServerConfigKeys (ConfUtils.java:logGet(43)) - raft.server.snapshot.auto.trigger.threshold = 10000 (custom)
2019-09-19 08:58:27,359 [pool-104-thread-1] INFO  server.RaftServerConfigKeys (ConfUtils.java:logGet(43)) - raft.server.retrycache.expirytime = 600000ms (custom)
2019-09-19 08:58:27,359 [pool-104-thread-1] INFO  impl.RaftServerImpl (RaftServerImpl.java:start(180)) - a01737f6-7857-4616-835e-b1ff05ecf78f: start group-B541943B0699
2019-09-19 08:58:27,359 [pool-104-thread-1] INFO  impl.RaftServerImpl (RaftServerImpl.java:setRole(171)) - a01737f6-7857-4616-835e-b1ff05ecf78f:group-B541943B0699 changes role from null to FOLLOWER at term 0 for startAsFollower
2019-09-19 08:58:27,359 [pool-104-thread-1] INFO  impl.RoleInfo (RoleInfo.java:updateAndGet(143)) - a01737f6-7857-4616-835e-b1ff05ecf78f: start FollowerState
2019-09-19 08:58:27,360 [pool-104-thread-1] INFO  util.JmxRegister (JmxRegister.java:tryRegister(44)) - Successfully registered JMX Bean with object name Ratis:service=RaftServer,group=group-B541943B0699,id=a01737f6-7857-4616-835e-b1ff05ecf78f
2019-09-19 08:58:27,362 [RatisPipelineUtilsThread] INFO  pipeline.PipelineStateManager (PipelineStateManager.java:addPipeline(56)) - Created pipeline Pipeline[ Id: 5d8c7068-444f-42e5-a2b7-b541943b0699, Nodes: a01737f6-7857-4616-835e-b1ff05ecf78f{ip: 192.168.34.5, host: pr-hdds-1569-j4bt4-3030777008, networkLocation: /default-rack, certSerialId: null}, Type:RATIS, Factor:ONE, State:OPEN]
2019-09-19 08:58:27,362 [RatisPipelineUtilsThread] ERROR pipeline.PipelinePlacementPolicy (PipelinePlacementPolicy.java:meetCriteria(91)) - Pipeline Placement: Doesn't meet the criteria to be viable node. Heaviness: 6
2019-09-19 08:58:27,363 [RatisPipelineUtilsThread] ERROR pipeline.PipelinePlacementPolicy (PipelinePlacementPolicy.java:meetCriteria(91)) - Pipeline Placement: Doesn't meet the criteria to be viable node. Heaviness: 6
2019-09-19 08:58:27,363 [RatisPipelineUtilsThread] ERROR pipeline.PipelinePlacementPolicy (PipelinePlacementPolicy.java:meetCriteria(91)) - Pipeline Placement: Doesn't meet the criteria to be viable node. Heaviness: 6
2019-09-19 08:58:27,363 [RatisPipelineUtilsThread] ERROR pipeline.PipelinePlacementPolicy (PipelinePlacementPolicy.java:meetCriteria(91)) - Pipeline Placement: Doesn't meet the criteria to be viable node. Heaviness: 6
2019-09-19 08:58:27,363 [RatisPipelineUtilsThread] ERROR pipeline.PipelinePlacementPolicy (PipelinePlacementPolicy.java:meetCriteria(91)) - Pipeline Placement: Doesn't meet the criteria to be viable node. Heaviness: 6
2019-09-19 08:58:27,363 [RatisPipelineUtilsThread] ERROR pipeline.PipelinePlacementPolicy (PipelinePlacementPolicy.java:meetCriteria(91)) - Pipeline Placement: Doesn't meet the criteria to be viable node. Heaviness: 6
2019-09-19 08:58:27,363 [RatisPipelineUtilsThread] ERROR pipeline.PipelinePlacementPolicy (PipelinePlacementPolicy.java:meetCriteria(91)) - Pipeline Placement: Doesn't meet the criteria to be viable node. Heaviness: 6
2019-09-19 08:58:27,367 [grpc-default-executor-1] INFO  impl.RaftServerProxy (RaftServerProxy.java:addNew(89)) - 1ad3fd21-b666-4d4e-8138-b5cd04f973fd: addNew group-229576E6CFBD:[1ad3fd21-b666-4d4e-8138-b5cd04f973fd:192.168.34.5:40478] returns group-229576E6CFBD:java.util.concurrent.CompletableFuture@56de9c01[Not completed]
2019-09-19 08:58:27,368 [pool-126-thread-1] INFO  impl.RaftServerImpl (RaftServerImpl.java:<init>(93)) - 1ad3fd21-b666-4d4e-8138-b5cd04f973fd: new RaftServerImpl for group-229576E6CFBD:[1ad3fd21-b666-4d4e-8138-b5cd04f973fd:192.168.34.5:40478] with ContainerStateMachine:uninitialized
2019-09-19 08:58:27,368 [pool-126-thread-1] INFO  server.RaftServerConfigKeys (ConfUtils.java:logGet(43)) - raft.server.rpc.timeout.min = 1s (custom)
2019-09-19 08:58:27,368 [pool-126-thread-1] INFO  server.RaftServerConfigKeys (ConfUtils.java:logGet(43)) - raft.server.rpc.timeout.max = 1200ms (custom)
2019-09-19 08:58:27,368 [pool-126-thread-1] INFO  server.RaftServerConfigKeys (ConfUtils.java:logGet(43)) - raft.server.rpcslowness.timeout = 120s (custom)
2019-09-19 08:58:27,369 [pool-126-thread-1] INFO  server.RaftServerConfigKeys (ConfUtils.java:logGet(43)) - raft.server.sleep.deviation.threshold = 300 (default)
2019-09-19 08:58:27,369 [pool-126-thread-1] INFO  server.RaftServerConfigKeys (ConfUtils.java:logGet(43)) - raft.server.log.appender.install.snapshot.enabled = false (custom)
2019-09-19 08:58:27,369 [pool-126-thread-1] INFO  impl.RaftServerImpl (ServerState.java:<init>(105)) - 1ad3fd21-b666-4d4e-8138-b5cd04f973fd:group-229576E6CFBD ConfigurationManager, init=-1: [1ad3fd21-b666-4d4e-8138-b5cd04f973fd:192.168.34.5:40478], old=null, confs=<EMPTY_MAP>
2019-09-19 08:58:27,369 [pool-126-thread-1] INFO  server.RaftServerConfigKeys (ConfUtils.java:logGet(43)) - raft.server.storage.dir = [/workdir/hadoop-ozone/integration-test/target/test-dir/MiniOzoneClusterImpl-072ceacc-f14a-494c-b049-5b6ad59b8d93/datanode-9/data/ratis] (custom)
2019-09-19 08:58:27,369 [pool-126-thread-1] INFO  storage.RaftStorageDirectory (RaftStorageDirectory.java:analyzeStorage(246)) - The storage directory /workdir/hadoop-ozone/integration-test/target/test-dir/MiniOzoneClusterImpl-072ceacc-f14a-494c-b049-5b6ad59b8d93/datanode-9/data/ratis/ac467e12-9736-4f47-8468-229576e6cfbd does not exist. Creating ...
2019-09-19 08:58:27,381 [Thread-432] INFO  impl.FollowerState (FollowerState.java:run(106)) - cd77464f-7686-4dc7-8332-533cdc56da6b:group-3ECFE20AE947 changes to CANDIDATE, lastRpcTime:1135, electionTimeout:1135ms
2019-09-19 08:58:27,381 [Thread-432] INFO  impl.RoleInfo (RoleInfo.java:shutdownFollowerState(121)) - cd77464f-7686-4dc7-8332-533cdc56da6b: shutdown FollowerState
2019-09-19 08:58:27,381 [Thread-432] INFO  impl.RaftServerImpl (RaftServerImpl.java:setRole(171)) - cd77464f-7686-4dc7-8332-533cdc56da6b:group-3ECFE20AE947 changes role from FOLLOWER to CANDIDATE at term 0 for changeToCandidate
2019-09-19 08:58:27,382 [Thread-432] INFO  impl.RoleInfo (RoleInfo.java:updateAndGet(143)) - cd77464f-7686-4dc7-8332-533cdc56da6b: start LeaderElection
2019-09-19 08:58:27,386 [pool-126-thread-1] INFO  storage.RaftStorageDirectory (RaftStorageDirectory.java:tryLock(328)) - Lock on /workdir/hadoop-ozone/integration-test/target/test-dir/MiniOzoneClusterImpl-072ceacc-f14a-494c-b049-5b6ad59b8d93/datanode-9/data/ratis/ac467e12-9736-4f47-8468-229576e6cfbd/in_use.lock acquired by nodename 8013@pr-hdds-1569-j4bt4-3030777008
2019-09-19 08:58:27,412 [pool-126-thread-1] INFO  storage.RaftStorage (RaftStorage.java:format(72)) - Storage directory /workdir/hadoop-ozone/integration-test/target/test-dir/MiniOzoneClusterImpl-072ceacc-f14a-494c-b049-5b6ad59b8d93/datanode-9/data/ratis/ac467e12-9736-4f47-8468-229576e6cfbd has been successfully formatted.
2019-09-19 08:58:27,412 [cd77464f-7686-4dc7-8332-533cdc56da6b:group-3ECFE20AE947:LeaderElection35] INFO  impl.LeaderElection (LeaderElection.java:askForVotes(181)) - cd77464f-7686-4dc7-8332-533cdc56da6b:group-3ECFE20AE947:LeaderElection35: begin an election at term 1 for -1: [cd77464f-7686-4dc7-8332-533cdc56da6b:192.168.34.5:41324], old=null
2019-09-19 08:58:27,413 [cd77464f-7686-4dc7-8332-533cdc56da6b:group-3ECFE20AE947:LeaderElection35] INFO  impl.RoleInfo (RoleInfo.java:shutdownLeaderElection(134)) - cd77464f-7686-4dc7-8332-533cdc56da6b: shutdown LeaderElection
2019-09-19 08:58:27,413 [pool-126-thread-1] INFO  ratis.ContainerStateMachine (ContainerStateMachine.java:loadSnapshot(226)) - group-229576E6CFBD: The snapshot info is null. Setting the last applied indexto:(t:0, i:~)
2019-09-19 08:58:27,413 [cd77464f-7686-4dc7-8332-533cdc56da6b:group-3ECFE20AE947:LeaderElection35] INFO  impl.RaftServerImpl (RaftServerImpl.java:setRole(171)) - cd77464f-7686-4dc7-8332-533cdc56da6b:group-3ECFE20AE947 changes role from CANDIDATE to LEADER at term 1 for changeToLeader
2019-09-19 08:58:27,413 [pool-126-thread-1] INFO  server.RaftServerConfigKeys (ConfUtils.java:logGet(43)) - raft.server.leader.election.timeout = 120s (custom)
2019-09-19 08:58:27,413 [cd77464f-7686-4dc7-8332-533cdc56da6b:group-3ECFE20AE947:LeaderElection35] INFO  impl.RaftServerImpl (ServerState.java:setLeader(263)) - cd77464f-7686-4dc7-8332-533cdc56da6b:group-3ECFE20AE947 change Leader from null to cd77464f-7686-4dc7-8332-533cdc56da6b at term 1 for becomeLeader, leader elected after 1170ms
2019-09-19 08:58:27,413 [pool-126-thread-1] INFO  server.RaftServerConfigKeys (ConfUtils.java:logGet(43)) - raft.server.log.use.memory = false (default)
2019-09-19 08:58:27,413 [cd77464f-7686-4dc7-8332-533cdc56da6b:group-3ECFE20AE947:LeaderElection35] INFO  server.RaftServerConfigKeys (ConfUtils.java:logGet(43)) - raft.server.staging.catchup.gap = 1000 (default)
2019-09-19 08:58:27,413 [pool-126-thread-1] INFO  server.RaftServerConfigKeys (ConfUtils.java:logGet(43)) - raft.server.log.purge.gap = 1000000 (custom)
2019-09-19 08:58:27,413 [cd77464f-7686-4dc7-8332-533cdc56da6b:group-3ECFE20AE947:LeaderElection35] INFO  server.RaftServerConfigKeys (ConfUtils.java:logGet(43)) - raft.server.rpc.sleep.time = 25ms (default)
2019-09-19 08:58:27,413 [pool-126-thread-1] INFO  server.RaftServerConfigKeys (ConfUtils.java:logGet(43)) - raft.server.log.appender.buffer.byte-limit = 33554432 (custom)
2019-09-19 08:58:27,413 [cd77464f-7686-4dc7-8332-533cdc56da6b:group-3ECFE20AE947:LeaderElection35] INFO  server.RaftServerConfigKeys (ConfUtils.java:logGet(43)) - raft.server.write.element-limit = 4096 (default)
2019-09-19 08:58:27,414 [pool-126-thread-1] INFO  server.RaftServerConfigKeys (ConfUtils.java:logGet(43)) - raft.server.log.segment.size.max = 1048576 (custom)
2019-09-19 08:58:27,414 [cd77464f-7686-4dc7-8332-533cdc56da6b:group-3ECFE20AE947:LeaderElection35] INFO  server.RaftServerConfigKeys (ConfUtils.java:logGet(43)) - raft.server.watch.timeout = 10s (default)
2019-09-19 08:58:27,414 [pool-126-thread-1] INFO  server.RaftServerConfigKeys (ConfUtils.java:logGet(43)) - raft.server.log.segment.cache.num.max = 2 (custom)
2019-09-19 08:58:27,414 [cd77464f-7686-4dc7-8332-533cdc56da6b:group-3ECFE20AE947:LeaderElection35] INFO  server.RaftServerConfigKeys (ConfUtils.java:logGet(43)) - raft.server.watch.timeout.denomination = 1s (default)
2019-09-19 08:58:27,414 [pool-126-thread-1] INFO  segmented.SegmentedRaftLogWorker (SegmentedRaftLogWorker.java:<init>(172)) - new 1ad3fd21-b666-4d4e-8138-b5cd04f973fd-SegmentedRaftLogWorker:Storage Directory /workdir/hadoop-ozone/integration-test/target/test-dir/MiniOzoneClusterImpl-072ceacc-f14a-494c-b049-5b6ad59b8d93/datanode-9/data/ratis/ac467e12-9736-4f47-8468-229576e6cfbd for RaftStorage:Storage Directory /workdir/hadoop-ozone/integration-test/target/test-dir/MiniOzoneClusterImpl-072ceacc-f14a-494c-b049-5b6ad59b8d93/datanode-9/data/ratis/ac467e12-9736-4f47-8468-229576e6cfbd
2019-09-19 08:58:27,414 [cd77464f-7686-4dc7-8332-533cdc56da6b:group-3ECFE20AE947:LeaderElection35] INFO  server.RaftServerConfigKeys (ConfUtils.java:logGet(43)) - raft.server.watch.element-limit = 65536 (default)
2019-09-19 08:58:27,414 [pool-126-thread-1] INFO  server.RaftServerConfigKeys (ConfUtils.java:logGet(43)) - raft.server.log.queue.byte-limit = 2147483647 (custom)
2019-09-19 08:58:27,414 [cd77464f-7686-4dc7-8332-533cdc56da6b:group-3ECFE20AE947:LeaderElection35] INFO  impl.RoleInfo (RoleInfo.java:updateAndGet(143)) - cd77464f-7686-4dc7-8332-533cdc56da6b: start LeaderState
2019-09-19 08:58:27,414 [pool-126-thread-1] INFO  server.RaftServerConfigKeys (ConfUtils.java:logGet(43)) - raft.server.log.queue.element-limit = 1024 (custom)
2019-09-19 08:58:27,415 [cd77464f-7686-4dc7-8332-533cdc56da6b:group-3ECFE20AE947:LeaderElection35] INFO  segmented.SegmentedRaftLogWorker (SegmentedRaftLogWorker.java:startLogSegment(380)) - cd77464f-7686-4dc7-8332-533cdc56da6b-SegmentedRaftLogWorker:Storage Directory /workdir/hadoop-ozone/integration-test/target/test-dir/MiniOzoneClusterImpl-072ceacc-f14a-494c-b049-5b6ad59b8d93/datanode-5/data/ratis/d4ce0b35-1921-420b-9a50-3ecfe20ae947: Starting segment from index:0
2019-09-19 08:58:27,415 [pool-126-thread-1] INFO  server.RaftServerConfigKeys (ConfUtils.java:logGet(43)) - raft.server.log.segment.size.max = 1048576 (custom)
2019-09-19 08:58:27,415 [pool-126-thread-1] INFO  server.RaftServerConfigKeys (ConfUtils.java:logGet(43)) - raft.server.log.preallocated.size = 16384 (custom)
2019-09-19 08:58:27,415 [pool-126-thread-1] INFO  server.RaftServerConfigKeys (ConfUtils.java:logGet(43)) - raft.server.log.write.buffer.size = 33554432 (custom)
2019-09-19 08:58:27,415 [cd77464f-7686-4dc7-8332-533cdc56da6b:group-3ECFE20AE947:LeaderElection35] INFO  impl.RaftServerImpl (ServerState.java:setRaftConf(361)) - cd77464f-7686-4dc7-8332-533cdc56da6b:group-3ECFE20AE947 set configuration 0: [cd77464f-7686-4dc7-8332-533cdc56da6b:192.168.34.5:41324], old=null at 0
2019-09-19 08:58:27,415 [pool-126-thread-1] INFO  server.RaftServerConfigKeys (ConfUtils.java:logGet(43)) - raft.server.log.force.sync.num = 128 (default)
2019-09-19 08:58:27,449 [Thread-444] INFO  impl.FollowerState (FollowerState.java:run(106)) - 5655ea38-4aa2-40a6-aaa3-4d444347e46a:group-43EDCDB84C5D changes to CANDIDATE, lastRpcTime:1012, electionTimeout:1011ms
2019-09-19 08:58:27,449 [pool-126-thread-1] INFO  server.RaftServerConfigKeys (ConfUtils.java:logGet(43)) - raft.server.log.statemachine.data.sync = true (default)
2019-09-19 08:58:27,449 [Thread-444] INFO  impl.RoleInfo (RoleInfo.java:shutdownFollowerState(121)) - 5655ea38-4aa2-40a6-aaa3-4d444347e46a: shutdown FollowerState
2019-09-19 08:58:27,450 [pool-126-thread-1] INFO  server.RaftServerConfigKeys (ConfUtils.java:logGet(43)) - raft.server.log.statemachine.data.sync.timeout = 10s (default)
2019-09-19 08:58:27,450 [Thread-444] INFO  impl.RaftServerImpl (RaftServerImpl.java:setRole(171)) - 5655ea38-4aa2-40a6-aaa3-4d444347e46a:group-43EDCDB84C5D changes role from FOLLOWER to CANDIDATE at term 0 for changeToCandidate
2019-09-19 08:58:27,450 [pool-126-thread-1] INFO  server.RaftServerConfigKeys (ConfUtils.java:logGet(43)) - raft.server.log.statemachine.data.sync.timeout.retry = -1 (default)
2019-09-19 08:58:27,450 [Thread-444] INFO  impl.RoleInfo (RoleInfo.java:updateAndGet(143)) - 5655ea38-4aa2-40a6-aaa3-4d444347e46a: start LeaderElection
2019-09-19 08:58:27,450 | INFO  | SCMAudit | user=jenkins1000 | ip=192.168.34.5 | op=SEND_HEARTBEAT {datanodeUUID=1ad3fd21-b666-4d4e-8138-b5cd04f973fd, command=[]} | ret=SUCCESS |  
2019-09-19 08:58:27,450 [pool-126-thread-1] INFO  server.RaftServerConfigKeys (ConfUtils.java:logGet(43)) - raft.server.log.statemachine.data.caching.enabled = true (custom)
2019-09-19 08:58:27,455 [pool-126-thread-1] INFO  segmented.SegmentedRaftLogWorker (SegmentedRaftLogWorker.java:lambda$new$0(132)) - 1ad3fd21-b666-4d4e-8138-b5cd04f973fd-SegmentedRaftLogWorker:Storage Directory /workdir/hadoop-ozone/integration-test/target/test-dir/MiniOzoneClusterImpl-072ceacc-f14a-494c-b049-5b6ad59b8d93/datanode-9/data/ratis/ac467e12-9736-4f47-8468-229576e6cfbd: flushIndex: setUnconditionally 0 -> -1
2019-09-19 08:58:27,456 [pool-126-thread-1] INFO  server.RaftServerConfigKeys (ConfUtils.java:logGet(43)) - raft.server.snapshot.auto.trigger.enabled = true (custom)
2019-09-19 08:58:27,456 [pool-126-thread-1] INFO  server.RaftServerConfigKeys (ConfUtils.java:logGet(43)) - raft.server.snapshot.auto.trigger.threshold = 10000 (custom)
2019-09-19 08:58:27,456 [pool-126-thread-1] INFO  server.RaftServerConfigKeys (ConfUtils.java:logGet(43)) - raft.server.retrycache.expirytime = 600000ms (custom)
2019-09-19 08:58:27,456 [pool-126-thread-1] INFO  impl.RaftServerImpl (RaftServerImpl.java:start(180)) - 1ad3fd21-b666-4d4e-8138-b5cd04f973fd: start group-229576E6CFBD
2019-09-19 08:58:27,456 [pool-126-thread-1] INFO  impl.RaftServerImpl (RaftServerImpl.java:setRole(171)) - 1ad3fd21-b666-4d4e-8138-b5cd04f973fd:group-229576E6CFBD changes role from null to FOLLOWER at term 0 for startAsFollower
2019-09-19 08:58:27,456 [pool-126-thread-1] INFO  impl.RoleInfo (RoleInfo.java:updateAndGet(143)) - 1ad3fd21-b666-4d4e-8138-b5cd04f973fd: start FollowerState
2019-09-19 08:58:27,457 [pool-126-thread-1] INFO  util.JmxRegister (JmxRegister.java:tryRegister(44)) - Successfully registered JMX Bean with object name Ratis:service=RaftServer,group=group-229576E6CFBD,id=1ad3fd21-b666-4d4e-8138-b5cd04f973fd
2019-09-19 08:58:27,462 [RatisPipelineUtilsThread] INFO  pipeline.PipelineStateManager (PipelineStateManager.java:addPipeline(56)) - Created pipeline Pipeline[ Id: ac467e12-9736-4f47-8468-229576e6cfbd, Nodes: 1ad3fd21-b666-4d4e-8138-b5cd04f973fd{ip: 192.168.34.5, host: pr-hdds-1569-j4bt4-3030777008, networkLocation: /default-rack, certSerialId: null}, Type:RATIS, Factor:ONE, State:OPEN]
2019-09-19 08:58:27,462 [cd77464f-7686-4dc7-8332-533cdc56da6b-SegmentedRaftLogWorker:Storage Directory /workdir/hadoop-ozone/integration-test/target/test-dir/MiniOzoneClusterImpl-072ceacc-f14a-494c-b049-5b6ad59b8d93/datanode-5/data/ratis/d4ce0b35-1921-420b-9a50-3ecfe20ae947] INFO  segmented.SegmentedRaftLogWorker (SegmentedRaftLogWorker.java:execute(569)) - cd77464f-7686-4dc7-8332-533cdc56da6b-SegmentedRaftLogWorker:Storage Directory /workdir/hadoop-ozone/integration-test/target/test-dir/MiniOzoneClusterImpl-072ceacc-f14a-494c-b049-5b6ad59b8d93/datanode-5/data/ratis/d4ce0b35-1921-420b-9a50-3ecfe20ae947: created new log segment /workdir/hadoop-ozone/integration-test/target/test-dir/MiniOzoneClusterImpl-072ceacc-f14a-494c-b049-5b6ad59b8d93/datanode-5/data/ratis/d4ce0b35-1921-420b-9a50-3ecfe20ae947/current/log_inprogress_0
2019-09-19 08:58:27,462 [RatisPipelineUtilsThread] ERROR pipeline.PipelinePlacementPolicy (PipelinePlacementPolicy.java:meetCriteria(91)) - Pipeline Placement: Doesn't meet the criteria to be viable node. Heaviness: 6
2019-09-19 08:58:27,463 [RatisPipelineUtilsThread] ERROR pipeline.PipelinePlacementPolicy (PipelinePlacementPolicy.java:meetCriteria(91)) - Pipeline Placement: Doesn't meet the criteria to be viable node. Heaviness: 6
2019-09-19 08:58:27,463 [RatisPipelineUtilsThread] ERROR pipeline.PipelinePlacementPolicy (PipelinePlacementPolicy.java:meetCriteria(91)) - Pipeline Placement: Doesn't meet the criteria to be viable node. Heaviness: 6
2019-09-19 08:58:27,463 [RatisPipelineUtilsThread] ERROR pipeline.PipelinePlacementPolicy (PipelinePlacementPolicy.java:meetCriteria(91)) - Pipeline Placement: Doesn't meet the criteria to be viable node. Heaviness: 6
2019-09-19 08:58:27,463 [RatisPipelineUtilsThread] ERROR pipeline.PipelinePlacementPolicy (PipelinePlacementPolicy.java:meetCriteria(91)) - Pipeline Placement: Doesn't meet the criteria to be viable node. Heaviness: 6
2019-09-19 08:58:27,463 [RatisPipelineUtilsThread] ERROR pipeline.PipelinePlacementPolicy (PipelinePlacementPolicy.java:meetCriteria(91)) - Pipeline Placement: Doesn't meet the criteria to be viable node. Heaviness: 6
2019-09-19 08:58:27,463 [RatisPipelineUtilsThread] ERROR pipeline.PipelinePlacementPolicy (PipelinePlacementPolicy.java:meetCriteria(91)) - Pipeline Placement: Doesn't meet the criteria to be viable node. Heaviness: 6
2019-09-19 08:58:27,462 [5655ea38-4aa2-40a6-aaa3-4d444347e46a:group-43EDCDB84C5D:LeaderElection36] INFO  impl.LeaderElection (LeaderElection.java:askForVotes(181)) - 5655ea38-4aa2-40a6-aaa3-4d444347e46a:group-43EDCDB84C5D:LeaderElection36: begin an election at term 1 for -1: [5655ea38-4aa2-40a6-aaa3-4d444347e46a:192.168.34.5:39771], old=null
2019-09-19 08:58:27,463 [5655ea38-4aa2-40a6-aaa3-4d444347e46a:group-43EDCDB84C5D:LeaderElection36] INFO  impl.RoleInfo (RoleInfo.java:shutdownLeaderElection(134)) - 5655ea38-4aa2-40a6-aaa3-4d444347e46a: shutdown LeaderElection
2019-09-19 08:58:27,463 [5655ea38-4aa2-40a6-aaa3-4d444347e46a:group-43EDCDB84C5D:LeaderElection36] INFO  impl.RaftServerImpl (RaftServerImpl.java:setRole(171)) - 5655ea38-4aa2-40a6-aaa3-4d444347e46a:group-43EDCDB84C5D changes role from CANDIDATE to LEADER at term 1 for changeToLeader
2019-09-19 08:58:27,464 [5655ea38-4aa2-40a6-aaa3-4d444347e46a:group-43EDCDB84C5D:LeaderElection36] INFO  impl.RaftServerImpl (ServerState.java:setLeader(263)) - 5655ea38-4aa2-40a6-aaa3-4d444347e46a:group-43EDCDB84C5D change Leader from null to 5655ea38-4aa2-40a6-aaa3-4d444347e46a at term 1 for becomeLeader, leader elected after 1030ms
2019-09-19 08:58:27,464 [5655ea38-4aa2-40a6-aaa3-4d444347e46a:group-43EDCDB84C5D:LeaderElection36] INFO  server.RaftServerConfigKeys (ConfUtils.java:logGet(43)) - raft.server.staging.catchup.gap = 1000 (default)
2019-09-19 08:58:27,464 [5655ea38-4aa2-40a6-aaa3-4d444347e46a:group-43EDCDB84C5D:LeaderElection36] INFO  server.RaftServerConfigKeys (ConfUtils.java:logGet(43)) - raft.server.rpc.sleep.time = 25ms (default)
2019-09-19 08:58:27,464 [5655ea38-4aa2-40a6-aaa3-4d444347e46a:group-43EDCDB84C5D:LeaderElection36] INFO  server.RaftServerConfigKeys (ConfUtils.java:logGet(43)) - raft.server.write.element-limit = 4096 (default)
2019-09-19 08:58:27,464 [5655ea38-4aa2-40a6-aaa3-4d444347e46a:group-43EDCDB84C5D:LeaderElection36] INFO  server.RaftServerConfigKeys (ConfUtils.java:logGet(43)) - raft.server.watch.timeout = 10s (default)
2019-09-19 08:58:27,464 [5655ea38-4aa2-40a6-aaa3-4d444347e46a:group-43EDCDB84C5D:LeaderElection36] INFO  server.RaftServerConfigKeys (ConfUtils.java:logGet(43)) - raft.server.watch.timeout.denomination = 1s (default)
2019-09-19 08:58:27,465 [5655ea38-4aa2-40a6-aaa3-4d444347e46a:group-43EDCDB84C5D:LeaderElection36] INFO  server.RaftServerConfigKeys (ConfUtils.java:logGet(43)) - raft.server.watch.element-limit = 65536 (default)
2019-09-19 08:58:27,465 [5655ea38-4aa2-40a6-aaa3-4d444347e46a:group-43EDCDB84C5D:LeaderElection36] INFO  impl.RoleInfo (RoleInfo.java:updateAndGet(143)) - 5655ea38-4aa2-40a6-aaa3-4d444347e46a: start LeaderState
2019-09-19 08:58:27,465 [5655ea38-4aa2-40a6-aaa3-4d444347e46a:group-43EDCDB84C5D:LeaderElection36] INFO  segmented.SegmentedRaftLogWorker (SegmentedRaftLogWorker.java:startLogSegment(380)) - 5655ea38-4aa2-40a6-aaa3-4d444347e46a-SegmentedRaftLogWorker:Storage Directory /workdir/hadoop-ozone/integration-test/target/test-dir/MiniOzoneClusterImpl-072ceacc-f14a-494c-b049-5b6ad59b8d93/datanode-3/data/ratis/f002742d-8a0c-420c-864a-43edcdb84c5d: Starting segment from index:0
2019-09-19 08:58:27,466 [5655ea38-4aa2-40a6-aaa3-4d444347e46a:group-43EDCDB84C5D:LeaderElection36] INFO  impl.RaftServerImpl (ServerState.java:setRaftConf(361)) - 5655ea38-4aa2-40a6-aaa3-4d444347e46a:group-43EDCDB84C5D set configuration 0: [5655ea38-4aa2-40a6-aaa3-4d444347e46a:192.168.34.5:39771], old=null at 0
2019-09-19 08:58:27,499 [Thread-440] INFO  impl.FollowerState (FollowerState.java:run(106)) - 83e73c89-42e6-44c0-9fcf-5542ff22b34f:group-2BC4D8739115 changes to CANDIDATE, lastRpcTime:1128, electionTimeout:1113ms
2019-09-19 08:58:27,500 [Thread-440] INFO  impl.RoleInfo (RoleInfo.java:shutdownFollowerState(121)) - 83e73c89-42e6-44c0-9fcf-5542ff22b34f: shutdown FollowerState
2019-09-19 08:58:27,500 [Thread-440] INFO  impl.RaftServerImpl (RaftServerImpl.java:setRole(171)) - 83e73c89-42e6-44c0-9fcf-5542ff22b34f:group-2BC4D8739115 changes role from FOLLOWER to CANDIDATE at term 0 for changeToCandidate
2019-09-19 08:58:27,500 [Thread-440] INFO  impl.RoleInfo (RoleInfo.java:updateAndGet(143)) - 83e73c89-42e6-44c0-9fcf-5542ff22b34f: start LeaderElection
2019-09-19 08:58:27,510 [grpc-default-executor-1] INFO  impl.RaftServerProxy (RaftServerProxy.java:addNew(89)) - a01737f6-7857-4616-835e-b1ff05ecf78f: addNew group-9D4EA4605411:[a01737f6-7857-4616-835e-b1ff05ecf78f:192.168.34.5:36733] returns group-9D4EA4605411:java.util.concurrent.CompletableFuture@70793fde[Not completed]
2019-09-19 08:58:27,511 [pool-104-thread-1] INFO  impl.RaftServerImpl (RaftServerImpl.java:<init>(93)) - a01737f6-7857-4616-835e-b1ff05ecf78f: new RaftServerImpl for group-9D4EA4605411:[a01737f6-7857-4616-835e-b1ff05ecf78f:192.168.34.5:36733] with ContainerStateMachine:uninitialized
2019-09-19 08:58:27,512 [pool-104-thread-1] INFO  server.RaftServerConfigKeys (ConfUtils.java:logGet(43)) - raft.server.rpc.timeout.min = 1s (custom)
2019-09-19 08:58:27,512 [pool-104-thread-1] INFO  server.RaftServerConfigKeys (ConfUtils.java:logGet(43)) - raft.server.rpc.timeout.max = 1200ms (custom)
2019-09-19 08:58:27,512 [pool-104-thread-1] INFO  server.RaftServerConfigKeys (ConfUtils.java:logGet(43)) - raft.server.rpcslowness.timeout = 120s (custom)
2019-09-19 08:58:27,512 [pool-104-thread-1] INFO  server.RaftServerConfigKeys (ConfUtils.java:logGet(43)) - raft.server.sleep.deviation.threshold = 300 (default)
2019-09-19 08:58:27,512 [pool-104-thread-1] INFO  server.RaftServerConfigKeys (ConfUtils.java:logGet(43)) - raft.server.log.appender.install.snapshot.enabled = false (custom)
2019-09-19 08:58:27,512 [pool-104-thread-1] INFO  impl.RaftServerImpl (ServerState.java:<init>(105)) - a01737f6-7857-4616-835e-b1ff05ecf78f:group-9D4EA4605411 ConfigurationManager, init=-1: [a01737f6-7857-4616-835e-b1ff05ecf78f:192.168.34.5:36733], old=null, confs=<EMPTY_MAP>
2019-09-19 08:58:27,512 [pool-104-thread-1] INFO  server.RaftServerConfigKeys (ConfUtils.java:logGet(43)) - raft.server.storage.dir = [/workdir/hadoop-ozone/integration-test/target/test-dir/MiniOzoneClusterImpl-072ceacc-f14a-494c-b049-5b6ad59b8d93/datanode-7/data/ratis] (custom)
2019-09-19 08:58:27,513 [5655ea38-4aa2-40a6-aaa3-4d444347e46a-SegmentedRaftLogWorker:Storage Directory /workdir/hadoop-ozone/integration-test/target/test-dir/MiniOzoneClusterImpl-072ceacc-f14a-494c-b049-5b6ad59b8d93/datanode-3/data/ratis/f002742d-8a0c-420c-864a-43edcdb84c5d] INFO  segmented.SegmentedRaftLogWorker (SegmentedRaftLogWorker.java:execute(569)) - 5655ea38-4aa2-40a6-aaa3-4d444347e46a-SegmentedRaftLogWorker:Storage Directory /workdir/hadoop-ozone/integration-test/target/test-dir/MiniOzoneClusterImpl-072ceacc-f14a-494c-b049-5b6ad59b8d93/datanode-3/data/ratis/f002742d-8a0c-420c-864a-43edcdb84c5d: created new log segment /workdir/hadoop-ozone/integration-test/target/test-dir/MiniOzoneClusterImpl-072ceacc-f14a-494c-b049-5b6ad59b8d93/datanode-3/data/ratis/f002742d-8a0c-420c-864a-43edcdb84c5d/current/log_inprogress_0
2019-09-19 08:58:27,513 [83e73c89-42e6-44c0-9fcf-5542ff22b34f:group-2BC4D8739115:LeaderElection37] INFO  impl.LeaderElection (LeaderElection.java:askForVotes(181)) - 83e73c89-42e6-44c0-9fcf-5542ff22b34f:group-2BC4D8739115:LeaderElection37: begin an election at term 1 for -1: [83e73c89-42e6-44c0-9fcf-5542ff22b34f:192.168.34.5:35347], old=null
2019-09-19 08:58:27,513 [pool-104-thread-1] INFO  storage.RaftStorageDirectory (RaftStorageDirectory.java:analyzeStorage(246)) - The storage directory /workdir/hadoop-ozone/integration-test/target/test-dir/MiniOzoneClusterImpl-072ceacc-f14a-494c-b049-5b6ad59b8d93/datanode-7/data/ratis/828df48a-6598-4420-9b79-9d4ea4605411 does not exist. Creating ...
2019-09-19 08:58:27,513 [83e73c89-42e6-44c0-9fcf-5542ff22b34f:group-2BC4D8739115:LeaderElection37] INFO  impl.RoleInfo (RoleInfo.java:shutdownLeaderElection(134)) - 83e73c89-42e6-44c0-9fcf-5542ff22b34f: shutdown LeaderElection
2019-09-19 08:58:27,513 [83e73c89-42e6-44c0-9fcf-5542ff22b34f:group-2BC4D8739115:LeaderElection37] INFO  impl.RaftServerImpl (RaftServerImpl.java:setRole(171)) - 83e73c89-42e6-44c0-9fcf-5542ff22b34f:group-2BC4D8739115 changes role from CANDIDATE to LEADER at term 1 for changeToLeader
2019-09-19 08:58:27,514 [83e73c89-42e6-44c0-9fcf-5542ff22b34f:group-2BC4D8739115:LeaderElection37] INFO  impl.RaftServerImpl (ServerState.java:setLeader(263)) - 83e73c89-42e6-44c0-9fcf-5542ff22b34f:group-2BC4D8739115 change Leader from null to 83e73c89-42e6-44c0-9fcf-5542ff22b34f at term 1 for becomeLeader, leader elected after 1204ms
2019-09-19 08:58:27,514 [83e73c89-42e6-44c0-9fcf-5542ff22b34f:group-2BC4D8739115:LeaderElection37] INFO  server.RaftServerConfigKeys (ConfUtils.java:logGet(43)) - raft.server.staging.catchup.gap = 1000 (default)
2019-09-19 08:58:27,514 [83e73c89-42e6-44c0-9fcf-5542ff22b34f:group-2BC4D8739115:LeaderElection37] INFO  server.RaftServerConfigKeys (ConfUtils.java:logGet(43)) - raft.server.rpc.sleep.time = 25ms (default)
2019-09-19 08:58:27,514 [83e73c89-42e6-44c0-9fcf-5542ff22b34f:group-2BC4D8739115:LeaderElection37] INFO  server.RaftServerConfigKeys (ConfUtils.java:logGet(43)) - raft.server.write.element-limit = 4096 (default)
2019-09-19 08:58:27,514 [83e73c89-42e6-44c0-9fcf-5542ff22b34f:group-2BC4D8739115:LeaderElection37] INFO  server.RaftServerConfigKeys (ConfUtils.java:logGet(43)) - raft.server.watch.timeout = 10s (default)
2019-09-19 08:58:27,514 [83e73c89-42e6-44c0-9fcf-5542ff22b34f:group-2BC4D8739115:LeaderElection37] INFO  server.RaftServerConfigKeys (ConfUtils.java:logGet(43)) - raft.server.watch.timeout.denomination = 1s (default)
2019-09-19 08:58:27,514 [83e73c89-42e6-44c0-9fcf-5542ff22b34f:group-2BC4D8739115:LeaderElection37] INFO  server.RaftServerConfigKeys (ConfUtils.java:logGet(43)) - raft.server.watch.element-limit = 65536 (default)
2019-09-19 08:58:27,515 [83e73c89-42e6-44c0-9fcf-5542ff22b34f:group-2BC4D8739115:LeaderElection37] INFO  impl.RoleInfo (RoleInfo.java:updateAndGet(143)) - 83e73c89-42e6-44c0-9fcf-5542ff22b34f: start LeaderState
2019-09-19 08:58:27,515 [83e73c89-42e6-44c0-9fcf-5542ff22b34f:group-2BC4D8739115:LeaderElection37] INFO  segmented.SegmentedRaftLogWorker (SegmentedRaftLogWorker.java:startLogSegment(380)) - 83e73c89-42e6-44c0-9fcf-5542ff22b34f-SegmentedRaftLogWorker:Storage Directory /workdir/hadoop-ozone/integration-test/target/test-dir/MiniOzoneClusterImpl-072ceacc-f14a-494c-b049-5b6ad59b8d93/datanode-8/data/ratis/4c517916-7a71-47a2-a0e7-2bc4d8739115: Starting segment from index:0
2019-09-19 08:58:27,515 [83e73c89-42e6-44c0-9fcf-5542ff22b34f:group-2BC4D8739115:LeaderElection37] INFO  impl.RaftServerImpl (ServerState.java:setRaftConf(361)) - 83e73c89-42e6-44c0-9fcf-5542ff22b34f:group-2BC4D8739115 set configuration 0: [83e73c89-42e6-44c0-9fcf-5542ff22b34f:192.168.34.5:35347], old=null at 0
2019-09-19 08:58:27,551 [pool-104-thread-1] INFO  storage.RaftStorageDirectory (RaftStorageDirectory.java:tryLock(328)) - Lock on /workdir/hadoop-ozone/integration-test/target/test-dir/MiniOzoneClusterImpl-072ceacc-f14a-494c-b049-5b6ad59b8d93/datanode-7/data/ratis/828df48a-6598-4420-9b79-9d4ea4605411/in_use.lock acquired by nodename 8013@pr-hdds-1569-j4bt4-3030777008
2019-09-19 08:58:27,552 | INFO  | SCMAudit | user=jenkins1000 | ip=192.168.34.5 | op=SEND_HEARTBEAT {datanodeUUID=356a349a-c9c9-49f9-a5b1-196804736fbc, command=[]} | ret=SUCCESS |  
2019-09-19 08:58:27,552 [Thread-447] INFO  impl.FollowerState (FollowerState.java:run(106)) - 5655ea38-4aa2-40a6-aaa3-4d444347e46a:group-16347C64E8AF changes to CANDIDATE, lastRpcTime:1072, electionTimeout:1072ms
2019-09-19 08:58:27,552 [Thread-447] INFO  impl.RoleInfo (RoleInfo.java:shutdownFollowerState(121)) - 5655ea38-4aa2-40a6-aaa3-4d444347e46a: shutdown FollowerState
2019-09-19 08:58:27,552 [Thread-447] INFO  impl.RaftServerImpl (RaftServerImpl.java:setRole(171)) - 5655ea38-4aa2-40a6-aaa3-4d444347e46a:group-16347C64E8AF changes role from FOLLOWER to CANDIDATE at term 0 for changeToCandidate
2019-09-19 08:58:27,552 [Thread-447] INFO  impl.RoleInfo (RoleInfo.java:updateAndGet(143)) - 5655ea38-4aa2-40a6-aaa3-4d444347e46a: start LeaderElection
2019-09-19 08:58:27,576 [83e73c89-42e6-44c0-9fcf-5542ff22b34f-SegmentedRaftLogWorker:Storage Directory /workdir/hadoop-ozone/integration-test/target/test-dir/MiniOzoneClusterImpl-072ceacc-f14a-494c-b049-5b6ad59b8d93/datanode-8/data/ratis/4c517916-7a71-47a2-a0e7-2bc4d8739115] INFO  segmented.SegmentedRaftLogWorker (SegmentedRaftLogWorker.java:execute(569)) - 83e73c89-42e6-44c0-9fcf-5542ff22b34f-SegmentedRaftLogWorker:Storage Directory /workdir/hadoop-ozone/integration-test/target/test-dir/MiniOzoneClusterImpl-072ceacc-f14a-494c-b049-5b6ad59b8d93/datanode-8/data/ratis/4c517916-7a71-47a2-a0e7-2bc4d8739115: created new log segment /workdir/hadoop-ozone/integration-test/target/test-dir/MiniOzoneClusterImpl-072ceacc-f14a-494c-b049-5b6ad59b8d93/datanode-8/data/ratis/4c517916-7a71-47a2-a0e7-2bc4d8739115/current/log_inprogress_0
2019-09-19 08:58:27,576 [pool-104-thread-1] INFO  storage.RaftStorage (RaftStorage.java:format(72)) - Storage directory /workdir/hadoop-ozone/integration-test/target/test-dir/MiniOzoneClusterImpl-072ceacc-f14a-494c-b049-5b6ad59b8d93/datanode-7/data/ratis/828df48a-6598-4420-9b79-9d4ea4605411 has been successfully formatted.
2019-09-19 08:58:27,576 [5655ea38-4aa2-40a6-aaa3-4d444347e46a:group-16347C64E8AF:LeaderElection38] INFO  impl.LeaderElection (LeaderElection.java:askForVotes(181)) - 5655ea38-4aa2-40a6-aaa3-4d444347e46a:group-16347C64E8AF:LeaderElection38: begin an election at term 1 for -1: [5655ea38-4aa2-40a6-aaa3-4d444347e46a:192.168.34.5:39771], old=null
2019-09-19 08:58:27,576 [5655ea38-4aa2-40a6-aaa3-4d444347e46a:group-16347C64E8AF:LeaderElection38] INFO  impl.RoleInfo (RoleInfo.java:shutdownLeaderElection(134)) - 5655ea38-4aa2-40a6-aaa3-4d444347e46a: shutdown LeaderElection
2019-09-19 08:58:27,576 [pool-104-thread-1] INFO  ratis.ContainerStateMachine (ContainerStateMachine.java:loadSnapshot(226)) - group-9D4EA4605411: The snapshot info is null. Setting the last applied indexto:(t:0, i:~)
2019-09-19 08:58:27,576 [5655ea38-4aa2-40a6-aaa3-4d444347e46a:group-16347C64E8AF:LeaderElection38] INFO  impl.RaftServerImpl (RaftServerImpl.java:setRole(171)) - 5655ea38-4aa2-40a6-aaa3-4d444347e46a:group-16347C64E8AF changes role from CANDIDATE to LEADER at term 1 for changeToLeader
2019-09-19 08:58:27,577 [pool-104-thread-1] INFO  server.RaftServerConfigKeys (ConfUtils.java:logGet(43)) - raft.server.leader.election.timeout = 120s (custom)
2019-09-19 08:58:27,577 [5655ea38-4aa2-40a6-aaa3-4d444347e46a:group-16347C64E8AF:LeaderElection38] INFO  impl.RaftServerImpl (ServerState.java:setLeader(263)) - 5655ea38-4aa2-40a6-aaa3-4d444347e46a:group-16347C64E8AF change Leader from null to 5655ea38-4aa2-40a6-aaa3-4d444347e46a at term 1 for becomeLeader, leader elected after 1099ms
2019-09-19 08:58:27,577 [pool-104-thread-1] INFO  server.RaftServerConfigKeys (ConfUtils.java:logGet(43)) - raft.server.log.use.memory = false (default)
2019-09-19 08:58:27,577 [5655ea38-4aa2-40a6-aaa3-4d444347e46a:group-16347C64E8AF:LeaderElection38] INFO  server.RaftServerConfigKeys (ConfUtils.java:logGet(43)) - raft.server.staging.catchup.gap = 1000 (default)
2019-09-19 08:58:27,577 [pool-104-thread-1] INFO  server.RaftServerConfigKeys (ConfUtils.java:logGet(43)) - raft.server.log.purge.gap = 1000000 (custom)
2019-09-19 08:58:27,577 [5655ea38-4aa2-40a6-aaa3-4d444347e46a:group-16347C64E8AF:LeaderElection38] INFO  server.RaftServerConfigKeys (ConfUtils.java:logGet(43)) - raft.server.rpc.sleep.time = 25ms (default)
2019-09-19 08:58:27,577 [pool-104-thread-1] INFO  server.RaftServerConfigKeys (ConfUtils.java:logGet(43)) - raft.server.log.appender.buffer.byte-limit = 33554432 (custom)
2019-09-19 08:58:27,577 [5655ea38-4aa2-40a6-aaa3-4d444347e46a:group-16347C64E8AF:LeaderElection38] INFO  server.RaftServerConfigKeys (ConfUtils.java:logGet(43)) - raft.server.write.element-limit = 4096 (default)
2019-09-19 08:58:27,577 [pool-104-thread-1] INFO  server.RaftServerConfigKeys (ConfUtils.java:logGet(43)) - raft.server.log.segment.size.max = 1048576 (custom)
2019-09-19 08:58:27,578 [5655ea38-4aa2-40a6-aaa3-4d444347e46a:group-16347C64E8AF:LeaderElection38] INFO  server.RaftServerConfigKeys (ConfUtils.java:logGet(43)) - raft.server.watch.timeout = 10s (default)
2019-09-19 08:58:27,578 [pool-104-thread-1] INFO  server.RaftServerConfigKeys (ConfUtils.java:logGet(43)) - raft.server.log.segment.cache.num.max = 2 (custom)
2019-09-19 08:58:27,578 [5655ea38-4aa2-40a6-aaa3-4d444347e46a:group-16347C64E8AF:LeaderElection38] INFO  server.RaftServerConfigKeys (ConfUtils.java:logGet(43)) - raft.server.watch.timeout.denomination = 1s (default)
2019-09-19 08:58:27,578 [pool-104-thread-1] INFO  segmented.SegmentedRaftLogWorker (SegmentedRaftLogWorker.java:<init>(172)) - new a01737f6-7857-4616-835e-b1ff05ecf78f-SegmentedRaftLogWorker:Storage Directory /workdir/hadoop-ozone/integration-test/target/test-dir/MiniOzoneClusterImpl-072ceacc-f14a-494c-b049-5b6ad59b8d93/datanode-7/data/ratis/828df48a-6598-4420-9b79-9d4ea4605411 for RaftStorage:Storage Directory /workdir/hadoop-ozone/integration-test/target/test-dir/MiniOzoneClusterImpl-072ceacc-f14a-494c-b049-5b6ad59b8d93/datanode-7/data/ratis/828df48a-6598-4420-9b79-9d4ea4605411
2019-09-19 08:58:27,578 [5655ea38-4aa2-40a6-aaa3-4d444347e46a:group-16347C64E8AF:LeaderElection38] INFO  server.RaftServerConfigKeys (ConfUtils.java:logGet(43)) - raft.server.watch.element-limit = 65536 (default)
2019-09-19 08:58:27,578 [pool-104-thread-1] INFO  server.RaftServerConfigKeys (ConfUtils.java:logGet(43)) - raft.server.log.queue.byte-limit = 2147483647 (custom)
2019-09-19 08:58:27,578 [5655ea38-4aa2-40a6-aaa3-4d444347e46a:group-16347C64E8AF:LeaderElection38] INFO  impl.RoleInfo (RoleInfo.java:updateAndGet(143)) - 5655ea38-4aa2-40a6-aaa3-4d444347e46a: start LeaderState
2019-09-19 08:58:27,578 [pool-104-thread-1] INFO  server.RaftServerConfigKeys (ConfUtils.java:logGet(43)) - raft.server.log.queue.element-limit = 1024 (custom)
2019-09-19 08:58:27,579 [5655ea38-4aa2-40a6-aaa3-4d444347e46a:group-16347C64E8AF:LeaderElection38] INFO  segmented.SegmentedRaftLogWorker (SegmentedRaftLogWorker.java:startLogSegment(380)) - 5655ea38-4aa2-40a6-aaa3-4d444347e46a-SegmentedRaftLogWorker:Storage Directory /workdir/hadoop-ozone/integration-test/target/test-dir/MiniOzoneClusterImpl-072ceacc-f14a-494c-b049-5b6ad59b8d93/datanode-3/data/ratis/c38715ff-6ebc-41fd-8d89-16347c64e8af: Starting segment from index:0
2019-09-19 08:58:27,579 [pool-104-thread-1] INFO  server.RaftServerConfigKeys (ConfUtils.java:logGet(43)) - raft.server.log.segment.size.max = 1048576 (custom)
2019-09-19 08:58:27,579 [pool-104-thread-1] INFO  server.RaftServerConfigKeys (ConfUtils.java:logGet(43)) - raft.server.log.preallocated.size = 16384 (custom)
2019-09-19 08:58:27,579 [5655ea38-4aa2-40a6-aaa3-4d444347e46a:group-16347C64E8AF:LeaderElection38] INFO  impl.RaftServerImpl (ServerState.java:setRaftConf(361)) - 5655ea38-4aa2-40a6-aaa3-4d444347e46a:group-16347C64E8AF set configuration 0: [5655ea38-4aa2-40a6-aaa3-4d444347e46a:192.168.34.5:39771], old=null at 0
2019-09-19 08:58:27,579 [pool-104-thread-1] INFO  server.RaftServerConfigKeys (ConfUtils.java:logGet(43)) - raft.server.log.write.buffer.size = 33554432 (custom)
2019-09-19 08:58:27,607 [pool-104-thread-1] INFO  server.RaftServerConfigKeys (ConfUtils.java:logGet(43)) - raft.server.log.force.sync.num = 128 (default)
2019-09-19 08:58:27,608 [pool-104-thread-1] INFO  server.RaftServerConfigKeys (ConfUtils.java:logGet(43)) - raft.server.log.statemachine.data.sync = true (default)
2019-09-19 08:58:27,608 [pool-104-thread-1] INFO  server.RaftServerConfigKeys (ConfUtils.java:logGet(43)) - raft.server.log.statemachine.data.sync.timeout = 10s (default)
2019-09-19 08:58:27,608 [pool-104-thread-1] INFO  server.RaftServerConfigKeys (ConfUtils.java:logGet(43)) - raft.server.log.statemachine.data.sync.timeout.retry = -1 (default)
2019-09-19 08:58:27,608 [pool-104-thread-1] INFO  server.RaftServerConfigKeys (ConfUtils.java:logGet(43)) - raft.server.log.statemachine.data.caching.enabled = true (custom)
2019-09-19 08:58:27,608 [pool-104-thread-1] INFO  segmented.SegmentedRaftLogWorker (SegmentedRaftLogWorker.java:lambda$new$0(132)) - a01737f6-7857-4616-835e-b1ff05ecf78f-SegmentedRaftLogWorker:Storage Directory /workdir/hadoop-ozone/integration-test/target/test-dir/MiniOzoneClusterImpl-072ceacc-f14a-494c-b049-5b6ad59b8d93/datanode-7/data/ratis/828df48a-6598-4420-9b79-9d4ea4605411: flushIndex: setUnconditionally 0 -> -1
2019-09-19 08:58:27,608 [pool-104-thread-1] INFO  server.RaftServerConfigKeys (ConfUtils.java:logGet(43)) - raft.server.snapshot.auto.trigger.enabled = true (custom)
2019-09-19 08:58:27,608 [pool-104-thread-1] INFO  server.RaftServerConfigKeys (ConfUtils.java:logGet(43)) - raft.server.snapshot.auto.trigger.threshold = 10000 (custom)
2019-09-19 08:58:27,609 [pool-104-thread-1] INFO  server.RaftServerConfigKeys (ConfUtils.java:logGet(43)) - raft.server.retrycache.expirytime = 600000ms (custom)
2019-09-19 08:58:27,609 [pool-104-thread-1] INFO  impl.RaftServerImpl (RaftServerImpl.java:start(180)) - a01737f6-7857-4616-835e-b1ff05ecf78f: start group-9D4EA4605411
2019-09-19 08:58:27,609 [pool-104-thread-1] INFO  impl.RaftServerImpl (RaftServerImpl.java:setRole(171)) - a01737f6-7857-4616-835e-b1ff05ecf78f:group-9D4EA4605411 changes role from null to FOLLOWER at term 0 for startAsFollower
2019-09-19 08:58:27,609 [pool-104-thread-1] INFO  impl.RoleInfo (RoleInfo.java:updateAndGet(143)) - a01737f6-7857-4616-835e-b1ff05ecf78f: start FollowerState
2019-09-19 08:58:27,609 [pool-104-thread-1] INFO  util.JmxRegister (JmxRegister.java:tryRegister(44)) - Successfully registered JMX Bean with object name Ratis:service=RaftServer,group=group-9D4EA4605411,id=a01737f6-7857-4616-835e-b1ff05ecf78f
2019-09-19 08:58:27,612 [RatisPipelineUtilsThread] INFO  pipeline.PipelineStateManager (PipelineStateManager.java:addPipeline(56)) - Created pipeline Pipeline[ Id: 828df48a-6598-4420-9b79-9d4ea4605411, Nodes: a01737f6-7857-4616-835e-b1ff05ecf78f{ip: 192.168.34.5, host: pr-hdds-1569-j4bt4-3030777008, networkLocation: /default-rack, certSerialId: null}, Type:RATIS, Factor:ONE, State:OPEN]
2019-09-19 08:58:27,612 [RatisPipelineUtilsThread] ERROR pipeline.PipelinePlacementPolicy (PipelinePlacementPolicy.java:meetCriteria(91)) - Pipeline Placement: Doesn't meet the criteria to be viable node. Heaviness: 6
2019-09-19 08:58:27,612 [RatisPipelineUtilsThread] ERROR pipeline.PipelinePlacementPolicy (PipelinePlacementPolicy.java:meetCriteria(91)) - Pipeline Placement: Doesn't meet the criteria to be viable node. Heaviness: 6
2019-09-19 08:58:27,612 [RatisPipelineUtilsThread] ERROR pipeline.PipelinePlacementPolicy (PipelinePlacementPolicy.java:meetCriteria(91)) - Pipeline Placement: Doesn't meet the criteria to be viable node. Heaviness: 6
2019-09-19 08:58:27,612 [RatisPipelineUtilsThread] ERROR pipeline.PipelinePlacementPolicy (PipelinePlacementPolicy.java:meetCriteria(91)) - Pipeline Placement: Doesn't meet the criteria to be viable node. Heaviness: 6
2019-09-19 08:58:27,612 [RatisPipelineUtilsThread] ERROR pipeline.PipelinePlacementPolicy (PipelinePlacementPolicy.java:meetCriteria(91)) - Pipeline Placement: Doesn't meet the criteria to be viable node. Heaviness: 6
2019-09-19 08:58:27,612 [RatisPipelineUtilsThread] ERROR pipeline.PipelinePlacementPolicy (PipelinePlacementPolicy.java:meetCriteria(91)) - Pipeline Placement: Doesn't meet the criteria to be viable node. Heaviness: 6
2019-09-19 08:58:27,612 [RatisPipelineUtilsThread] ERROR pipeline.PipelinePlacementPolicy (PipelinePlacementPolicy.java:meetCriteria(91)) - Pipeline Placement: Doesn't meet the criteria to be viable node. Heaviness: 6
2019-09-19 08:58:27,617 [grpc-default-executor-1] INFO  impl.RaftServerProxy (RaftServerProxy.java:addNew(89)) - a01737f6-7857-4616-835e-b1ff05ecf78f: addNew group-82551406A8B3:[a01737f6-7857-4616-835e-b1ff05ecf78f:192.168.34.5:36733] returns group-82551406A8B3:java.util.concurrent.CompletableFuture@33ea0e9[Not completed]
2019-09-19 08:58:27,618 [pool-104-thread-1] INFO  impl.RaftServerImpl (RaftServerImpl.java:<init>(93)) - a01737f6-7857-4616-835e-b1ff05ecf78f: new RaftServerImpl for group-82551406A8B3:[a01737f6-7857-4616-835e-b1ff05ecf78f:192.168.34.5:36733] with ContainerStateMachine:uninitialized
2019-09-19 08:58:27,619 [pool-104-thread-1] INFO  server.RaftServerConfigKeys (ConfUtils.java:logGet(43)) - raft.server.rpc.timeout.min = 1s (custom)
2019-09-19 08:58:27,619 [pool-104-thread-1] INFO  server.RaftServerConfigKeys (ConfUtils.java:logGet(43)) - raft.server.rpc.timeout.max = 1200ms (custom)
2019-09-19 08:58:27,619 [pool-104-thread-1] INFO  server.RaftServerConfigKeys (ConfUtils.java:logGet(43)) - raft.server.rpcslowness.timeout = 120s (custom)
2019-09-19 08:58:27,619 [pool-104-thread-1] INFO  server.RaftServerConfigKeys (ConfUtils.java:logGet(43)) - raft.server.sleep.deviation.threshold = 300 (default)
2019-09-19 08:58:27,619 [pool-104-thread-1] INFO  server.RaftServerConfigKeys (ConfUtils.java:logGet(43)) - raft.server.log.appender.install.snapshot.enabled = false (custom)
2019-09-19 08:58:27,619 [pool-104-thread-1] INFO  impl.RaftServerImpl (ServerState.java:<init>(105)) - a01737f6-7857-4616-835e-b1ff05ecf78f:group-82551406A8B3 ConfigurationManager, init=-1: [a01737f6-7857-4616-835e-b1ff05ecf78f:192.168.34.5:36733], old=null, confs=<EMPTY_MAP>
2019-09-19 08:58:27,619 [pool-104-thread-1] INFO  server.RaftServerConfigKeys (ConfUtils.java:logGet(43)) - raft.server.storage.dir = [/workdir/hadoop-ozone/integration-test/target/test-dir/MiniOzoneClusterImpl-072ceacc-f14a-494c-b049-5b6ad59b8d93/datanode-7/data/ratis] (custom)
2019-09-19 08:58:27,619 [pool-104-thread-1] INFO  storage.RaftStorageDirectory (RaftStorageDirectory.java:analyzeStorage(246)) - The storage directory /workdir/hadoop-ozone/integration-test/target/test-dir/MiniOzoneClusterImpl-072ceacc-f14a-494c-b049-5b6ad59b8d93/datanode-7/data/ratis/adbdf5d8-e1ed-4b9a-97de-82551406a8b3 does not exist. Creating ...
2019-09-19 08:58:27,621 [5655ea38-4aa2-40a6-aaa3-4d444347e46a-SegmentedRaftLogWorker:Storage Directory /workdir/hadoop-ozone/integration-test/target/test-dir/MiniOzoneClusterImpl-072ceacc-f14a-494c-b049-5b6ad59b8d93/datanode-3/data/ratis/c38715ff-6ebc-41fd-8d89-16347c64e8af] INFO  segmented.SegmentedRaftLogWorker (SegmentedRaftLogWorker.java:execute(569)) - 5655ea38-4aa2-40a6-aaa3-4d444347e46a-SegmentedRaftLogWorker:Storage Directory /workdir/hadoop-ozone/integration-test/target/test-dir/MiniOzoneClusterImpl-072ceacc-f14a-494c-b049-5b6ad59b8d93/datanode-3/data/ratis/c38715ff-6ebc-41fd-8d89-16347c64e8af: created new log segment /workdir/hadoop-ozone/integration-test/target/test-dir/MiniOzoneClusterImpl-072ceacc-f14a-494c-b049-5b6ad59b8d93/datanode-3/data/ratis/c38715ff-6ebc-41fd-8d89-16347c64e8af/current/log_inprogress_0
2019-09-19 08:58:27,625 | INFO  | SCMAudit | user=jenkins1000 | ip=192.168.34.5 | op=SEND_HEARTBEAT {datanodeUUID=cd77464f-7686-4dc7-8332-533cdc56da6b, command=[]} | ret=SUCCESS |  
2019-09-19 08:58:27,633 [pool-104-thread-1] INFO  storage.RaftStorageDirectory (RaftStorageDirectory.java:tryLock(328)) - Lock on /workdir/hadoop-ozone/integration-test/target/test-dir/MiniOzoneClusterImpl-072ceacc-f14a-494c-b049-5b6ad59b8d93/datanode-7/data/ratis/adbdf5d8-e1ed-4b9a-97de-82551406a8b3/in_use.lock acquired by nodename 8013@pr-hdds-1569-j4bt4-3030777008
2019-09-19 08:58:27,639 [pool-104-thread-1] INFO  storage.RaftStorage (RaftStorage.java:format(72)) - Storage directory /workdir/hadoop-ozone/integration-test/target/test-dir/MiniOzoneClusterImpl-072ceacc-f14a-494c-b049-5b6ad59b8d93/datanode-7/data/ratis/adbdf5d8-e1ed-4b9a-97de-82551406a8b3 has been successfully formatted.
2019-09-19 08:58:27,639 [pool-104-thread-1] INFO  ratis.ContainerStateMachine (ContainerStateMachine.java:loadSnapshot(226)) - group-82551406A8B3: The snapshot info is null. Setting the last applied indexto:(t:0, i:~)
2019-09-19 08:58:27,639 [pool-104-thread-1] INFO  server.RaftServerConfigKeys (ConfUtils.java:logGet(43)) - raft.server.leader.election.timeout = 120s (custom)
2019-09-19 08:58:27,639 [pool-104-thread-1] INFO  server.RaftServerConfigKeys (ConfUtils.java:logGet(43)) - raft.server.log.use.memory = false (default)
2019-09-19 08:58:27,639 [pool-104-thread-1] INFO  server.RaftServerConfigKeys (ConfUtils.java:logGet(43)) - raft.server.log.purge.gap = 1000000 (custom)
2019-09-19 08:58:27,639 [pool-104-thread-1] INFO  server.RaftServerConfigKeys (ConfUtils.java:logGet(43)) - raft.server.log.appender.buffer.byte-limit = 33554432 (custom)
2019-09-19 08:58:27,640 [pool-104-thread-1] INFO  server.RaftServerConfigKeys (ConfUtils.java:logGet(43)) - raft.server.log.segment.size.max = 1048576 (custom)
2019-09-19 08:58:27,640 [pool-104-thread-1] INFO  server.RaftServerConfigKeys (ConfUtils.java:logGet(43)) - raft.server.log.segment.cache.num.max = 2 (custom)
2019-09-19 08:58:27,640 [pool-104-thread-1] INFO  segmented.SegmentedRaftLogWorker (SegmentedRaftLogWorker.java:<init>(172)) - new a01737f6-7857-4616-835e-b1ff05ecf78f-SegmentedRaftLogWorker:Storage Directory /workdir/hadoop-ozone/integration-test/target/test-dir/MiniOzoneClusterImpl-072ceacc-f14a-494c-b049-5b6ad59b8d93/datanode-7/data/ratis/adbdf5d8-e1ed-4b9a-97de-82551406a8b3 for RaftStorage:Storage Directory /workdir/hadoop-ozone/integration-test/target/test-dir/MiniOzoneClusterImpl-072ceacc-f14a-494c-b049-5b6ad59b8d93/datanode-7/data/ratis/adbdf5d8-e1ed-4b9a-97de-82551406a8b3
2019-09-19 08:58:27,640 [pool-104-thread-1] INFO  server.RaftServerConfigKeys (ConfUtils.java:logGet(43)) - raft.server.log.queue.byte-limit = 2147483647 (custom)
2019-09-19 08:58:27,640 [pool-104-thread-1] INFO  server.RaftServerConfigKeys (ConfUtils.java:logGet(43)) - raft.server.log.queue.element-limit = 1024 (custom)
2019-09-19 08:58:27,640 [pool-104-thread-1] INFO  server.RaftServerConfigKeys (ConfUtils.java:logGet(43)) - raft.server.log.segment.size.max = 1048576 (custom)
2019-09-19 08:58:27,640 [pool-104-thread-1] INFO  server.RaftServerConfigKeys (ConfUtils.java:logGet(43)) - raft.server.log.preallocated.size = 16384 (custom)
2019-09-19 08:58:27,640 [pool-104-thread-1] INFO  server.RaftServerConfigKeys (ConfUtils.java:logGet(43)) - raft.server.log.write.buffer.size = 33554432 (custom)
2019-09-19 08:58:27,640 [pool-104-thread-1] INFO  server.RaftServerConfigKeys (ConfUtils.java:logGet(43)) - raft.server.log.force.sync.num = 128 (default)
2019-09-19 08:58:27,640 [pool-104-thread-1] INFO  server.RaftServerConfigKeys (ConfUtils.java:logGet(43)) - raft.server.log.statemachine.data.sync = true (default)
2019-09-19 08:58:27,640 [pool-104-thread-1] INFO  server.RaftServerConfigKeys (ConfUtils.java:logGet(43)) - raft.server.log.statemachine.data.sync.timeout = 10s (default)
2019-09-19 08:58:27,641 [pool-104-thread-1] INFO  server.RaftServerConfigKeys (ConfUtils.java:logGet(43)) - raft.server.log.statemachine.data.sync.timeout.retry = -1 (default)
2019-09-19 08:58:27,641 [pool-104-thread-1] INFO  server.RaftServerConfigKeys (ConfUtils.java:logGet(43)) - raft.server.log.statemachine.data.caching.enabled = true (custom)
2019-09-19 08:58:27,641 [pool-104-thread-1] INFO  segmented.SegmentedRaftLogWorker (SegmentedRaftLogWorker.java:lambda$new$0(132)) - a01737f6-7857-4616-835e-b1ff05ecf78f-SegmentedRaftLogWorker:Storage Directory /workdir/hadoop-ozone/integration-test/target/test-dir/MiniOzoneClusterImpl-072ceacc-f14a-494c-b049-5b6ad59b8d93/datanode-7/data/ratis/adbdf5d8-e1ed-4b9a-97de-82551406a8b3: flushIndex: setUnconditionally 0 -> -1
2019-09-19 08:58:27,641 [pool-104-thread-1] INFO  server.RaftServerConfigKeys (ConfUtils.java:logGet(43)) - raft.server.snapshot.auto.trigger.enabled = true (custom)
2019-09-19 08:58:27,641 [pool-104-thread-1] INFO  server.RaftServerConfigKeys (ConfUtils.java:logGet(43)) - raft.server.snapshot.auto.trigger.threshold = 10000 (custom)
2019-09-19 08:58:27,641 [pool-104-thread-1] INFO  server.RaftServerConfigKeys (ConfUtils.java:logGet(43)) - raft.server.retrycache.expirytime = 600000ms (custom)
2019-09-19 08:58:27,641 [pool-104-thread-1] INFO  impl.RaftServerImpl (RaftServerImpl.java:start(180)) - a01737f6-7857-4616-835e-b1ff05ecf78f: start group-82551406A8B3
2019-09-19 08:58:27,642 [pool-104-thread-1] INFO  impl.RaftServerImpl (RaftServerImpl.java:setRole(171)) - a01737f6-7857-4616-835e-b1ff05ecf78f:group-82551406A8B3 changes role from null to FOLLOWER at term 0 for startAsFollower
2019-09-19 08:58:27,642 [pool-104-thread-1] INFO  impl.RoleInfo (RoleInfo.java:updateAndGet(143)) - a01737f6-7857-4616-835e-b1ff05ecf78f: start FollowerState
2019-09-19 08:58:27,642 [pool-104-thread-1] INFO  util.JmxRegister (JmxRegister.java:tryRegister(44)) - Successfully registered JMX Bean with object name Ratis:service=RaftServer,group=group-82551406A8B3,id=a01737f6-7857-4616-835e-b1ff05ecf78f
2019-09-19 08:58:27,645 [RatisPipelineUtilsThread] INFO  pipeline.PipelineStateManager (PipelineStateManager.java:addPipeline(56)) - Created pipeline Pipeline[ Id: adbdf5d8-e1ed-4b9a-97de-82551406a8b3, Nodes: a01737f6-7857-4616-835e-b1ff05ecf78f{ip: 192.168.34.5, host: pr-hdds-1569-j4bt4-3030777008, networkLocation: /default-rack, certSerialId: null}, Type:RATIS, Factor:ONE, State:OPEN]
2019-09-19 08:58:27,645 [RatisPipelineUtilsThread] ERROR pipeline.PipelinePlacementPolicy (PipelinePlacementPolicy.java:meetCriteria(91)) - Pipeline Placement: Doesn't meet the criteria to be viable node. Heaviness: 6
2019-09-19 08:58:27,645 [RatisPipelineUtilsThread] ERROR pipeline.PipelinePlacementPolicy (PipelinePlacementPolicy.java:meetCriteria(91)) - Pipeline Placement: Doesn't meet the criteria to be viable node. Heaviness: 6
2019-09-19 08:58:27,645 [RatisPipelineUtilsThread] ERROR pipeline.PipelinePlacementPolicy (PipelinePlacementPolicy.java:meetCriteria(91)) - Pipeline Placement: Doesn't meet the criteria to be viable node. Heaviness: 6
2019-09-19 08:58:27,645 [RatisPipelineUtilsThread] ERROR pipeline.PipelinePlacementPolicy (PipelinePlacementPolicy.java:meetCriteria(91)) - Pipeline Placement: Doesn't meet the criteria to be viable node. Heaviness: 6
2019-09-19 08:58:27,645 [RatisPipelineUtilsThread] ERROR pipeline.PipelinePlacementPolicy (PipelinePlacementPolicy.java:meetCriteria(91)) - Pipeline Placement: Doesn't meet the criteria to be viable node. Heaviness: 6
2019-09-19 08:58:27,645 [RatisPipelineUtilsThread] ERROR pipeline.PipelinePlacementPolicy (PipelinePlacementPolicy.java:meetCriteria(91)) - Pipeline Placement: Doesn't meet the criteria to be viable node. Heaviness: 6
2019-09-19 08:58:27,645 [RatisPipelineUtilsThread] ERROR pipeline.PipelinePlacementPolicy (PipelinePlacementPolicy.java:meetCriteria(91)) - Pipeline Placement: Doesn't meet the criteria to be viable node. Heaviness: 6
2019-09-19 08:58:27,645 [RatisPipelineUtilsThread] ERROR pipeline.PipelinePlacementPolicy (PipelinePlacementPolicy.java:meetCriteria(91)) - Pipeline Placement: Doesn't meet the criteria to be viable node. Heaviness: 6
2019-09-19 08:58:27,650 [grpc-default-executor-1] INFO  impl.RaftServerProxy (RaftServerProxy.java:addNew(89)) - 83e73c89-42e6-44c0-9fcf-5542ff22b34f: addNew group-AE5B31C1AC25:[83e73c89-42e6-44c0-9fcf-5542ff22b34f:192.168.34.5:35347] returns group-AE5B31C1AC25:java.util.concurrent.CompletableFuture@4f76adea[Not completed]
2019-09-19 08:58:27,651 [Thread-450] INFO  impl.FollowerState (FollowerState.java:run(106)) - 5655ea38-4aa2-40a6-aaa3-4d444347e46a:group-5A7A6D5CC341 changes to CANDIDATE, lastRpcTime:1122, electionTimeout:1122ms
2019-09-19 08:58:27,651 [Thread-450] INFO  impl.RoleInfo (RoleInfo.java:shutdownFollowerState(121)) - 5655ea38-4aa2-40a6-aaa3-4d444347e46a: shutdown FollowerState
2019-09-19 08:58:27,651 [Thread-450] INFO  impl.RaftServerImpl (RaftServerImpl.java:setRole(171)) - 5655ea38-4aa2-40a6-aaa3-4d444347e46a:group-5A7A6D5CC341 changes role from FOLLOWER to CANDIDATE at term 0 for changeToCandidate
2019-09-19 08:58:27,651 [Thread-450] INFO  impl.RoleInfo (RoleInfo.java:updateAndGet(143)) - 5655ea38-4aa2-40a6-aaa3-4d444347e46a: start LeaderElection
2019-09-19 08:58:27,651 [pool-115-thread-1] INFO  impl.RaftServerImpl (RaftServerImpl.java:<init>(93)) - 83e73c89-42e6-44c0-9fcf-5542ff22b34f: new RaftServerImpl for group-AE5B31C1AC25:[83e73c89-42e6-44c0-9fcf-5542ff22b34f:192.168.34.5:35347] with ContainerStateMachine:uninitialized
2019-09-19 08:58:27,651 [pool-115-thread-1] INFO  server.RaftServerConfigKeys (ConfUtils.java:logGet(43)) - raft.server.rpc.timeout.min = 1s (custom)
2019-09-19 08:58:27,672 [Thread-455] INFO  impl.FollowerState (FollowerState.java:run(106)) - 8a96a672-7e2f-4b1c-ac1e-ddd5d18a6d5d:group-BBC11D96B68A changes to CANDIDATE, lastRpcTime:1045, electionTimeout:1042ms
2019-09-19 08:58:27,672 [pool-115-thread-1] INFO  server.RaftServerConfigKeys (ConfUtils.java:logGet(43)) - raft.server.rpc.timeout.max = 1200ms (custom)
2019-09-19 08:58:27,672 [Thread-455] INFO  impl.RoleInfo (RoleInfo.java:shutdownFollowerState(121)) - 8a96a672-7e2f-4b1c-ac1e-ddd5d18a6d5d: shutdown FollowerState
2019-09-19 08:58:27,673 [pool-115-thread-1] INFO  server.RaftServerConfigKeys (ConfUtils.java:logGet(43)) - raft.server.rpcslowness.timeout = 120s (custom)
2019-09-19 08:58:27,673 [Thread-455] INFO  impl.RaftServerImpl (RaftServerImpl.java:setRole(171)) - 8a96a672-7e2f-4b1c-ac1e-ddd5d18a6d5d:group-BBC11D96B68A changes role from FOLLOWER to CANDIDATE at term 0 for changeToCandidate
2019-09-19 08:58:27,673 [pool-115-thread-1] INFO  server.RaftServerConfigKeys (ConfUtils.java:logGet(43)) - raft.server.sleep.deviation.threshold = 300 (default)
2019-09-19 08:58:27,673 [pool-115-thread-1] INFO  server.RaftServerConfigKeys (ConfUtils.java:logGet(43)) - raft.server.log.appender.install.snapshot.enabled = false (custom)
2019-09-19 08:58:27,673 [Thread-455] INFO  impl.RoleInfo (RoleInfo.java:updateAndGet(143)) - 8a96a672-7e2f-4b1c-ac1e-ddd5d18a6d5d: start LeaderElection
2019-09-19 08:58:27,673 [pool-115-thread-1] INFO  impl.RaftServerImpl (ServerState.java:<init>(105)) - 83e73c89-42e6-44c0-9fcf-5542ff22b34f:group-AE5B31C1AC25 ConfigurationManager, init=-1: [83e73c89-42e6-44c0-9fcf-5542ff22b34f:192.168.34.5:35347], old=null, confs=<EMPTY_MAP>
2019-09-19 08:58:27,673 [pool-115-thread-1] INFO  server.RaftServerConfigKeys (ConfUtils.java:logGet(43)) - raft.server.storage.dir = [/workdir/hadoop-ozone/integration-test/target/test-dir/MiniOzoneClusterImpl-072ceacc-f14a-494c-b049-5b6ad59b8d93/datanode-8/data/ratis] (custom)
2019-09-19 08:58:27,676 [pool-115-thread-1] INFO  storage.RaftStorageDirectory (RaftStorageDirectory.java:analyzeStorage(246)) - The storage directory /workdir/hadoop-ozone/integration-test/target/test-dir/MiniOzoneClusterImpl-072ceacc-f14a-494c-b049-5b6ad59b8d93/datanode-8/data/ratis/19178960-fcd0-4c30-9849-ae5b31c1ac25 does not exist. Creating ...
2019-09-19 08:58:27,685 [pool-115-thread-1] INFO  storage.RaftStorageDirectory (RaftStorageDirectory.java:tryLock(328)) - Lock on /workdir/hadoop-ozone/integration-test/target/test-dir/MiniOzoneClusterImpl-072ceacc-f14a-494c-b049-5b6ad59b8d93/datanode-8/data/ratis/19178960-fcd0-4c30-9849-ae5b31c1ac25/in_use.lock acquired by nodename 8013@pr-hdds-1569-j4bt4-3030777008
2019-09-19 08:58:27,685 [5655ea38-4aa2-40a6-aaa3-4d444347e46a:group-5A7A6D5CC341:LeaderElection39] INFO  impl.LeaderElection (LeaderElection.java:askForVotes(181)) - 5655ea38-4aa2-40a6-aaa3-4d444347e46a:group-5A7A6D5CC341:LeaderElection39: begin an election at term 1 for -1: [5655ea38-4aa2-40a6-aaa3-4d444347e46a:192.168.34.5:39771], old=null
2019-09-19 08:58:27,685 [8a96a672-7e2f-4b1c-ac1e-ddd5d18a6d5d:group-BBC11D96B68A:LeaderElection40] INFO  impl.LeaderElection (LeaderElection.java:askForVotes(181)) - 8a96a672-7e2f-4b1c-ac1e-ddd5d18a6d5d:group-BBC11D96B68A:LeaderElection40: begin an election at term 1 for -1: [8a96a672-7e2f-4b1c-ac1e-ddd5d18a6d5d:192.168.34.5:45218], old=null
2019-09-19 08:58:27,686 [5655ea38-4aa2-40a6-aaa3-4d444347e46a:group-5A7A6D5CC341:LeaderElection39] INFO  impl.RoleInfo (RoleInfo.java:shutdownLeaderElection(134)) - 5655ea38-4aa2-40a6-aaa3-4d444347e46a: shutdown LeaderElection
2019-09-19 08:58:27,686 [8a96a672-7e2f-4b1c-ac1e-ddd5d18a6d5d:group-BBC11D96B68A:LeaderElection40] INFO  impl.RoleInfo (RoleInfo.java:shutdownLeaderElection(134)) - 8a96a672-7e2f-4b1c-ac1e-ddd5d18a6d5d: shutdown LeaderElection
2019-09-19 08:58:27,686 [5655ea38-4aa2-40a6-aaa3-4d444347e46a:group-5A7A6D5CC341:LeaderElection39] INFO  impl.RaftServerImpl (RaftServerImpl.java:setRole(171)) - 5655ea38-4aa2-40a6-aaa3-4d444347e46a:group-5A7A6D5CC341 changes role from CANDIDATE to LEADER at term 1 for changeToLeader
2019-09-19 08:58:27,686 [8a96a672-7e2f-4b1c-ac1e-ddd5d18a6d5d:group-BBC11D96B68A:LeaderElection40] INFO  impl.RaftServerImpl (RaftServerImpl.java:setRole(171)) - 8a96a672-7e2f-4b1c-ac1e-ddd5d18a6d5d:group-BBC11D96B68A changes role from CANDIDATE to LEADER at term 1 for changeToLeader
2019-09-19 08:58:27,686 [5655ea38-4aa2-40a6-aaa3-4d444347e46a:group-5A7A6D5CC341:LeaderElection39] INFO  impl.RaftServerImpl (ServerState.java:setLeader(263)) - 5655ea38-4aa2-40a6-aaa3-4d444347e46a:group-5A7A6D5CC341 change Leader from null to 5655ea38-4aa2-40a6-aaa3-4d444347e46a at term 1 for becomeLeader, leader elected after 1160ms
2019-09-19 08:58:27,686 [8a96a672-7e2f-4b1c-ac1e-ddd5d18a6d5d:group-BBC11D96B68A:LeaderElection40] INFO  impl.RaftServerImpl (ServerState.java:setLeader(263)) - 8a96a672-7e2f-4b1c-ac1e-ddd5d18a6d5d:group-BBC11D96B68A change Leader from null to 8a96a672-7e2f-4b1c-ac1e-ddd5d18a6d5d at term 1 for becomeLeader, leader elected after 1062ms
2019-09-19 08:58:27,686 [5655ea38-4aa2-40a6-aaa3-4d444347e46a:group-5A7A6D5CC341:LeaderElection39] INFO  server.RaftServerConfigKeys (ConfUtils.java:logGet(43)) - raft.server.staging.catchup.gap = 1000 (default)
2019-09-19 08:58:27,686 [8a96a672-7e2f-4b1c-ac1e-ddd5d18a6d5d:group-BBC11D96B68A:LeaderElection40] INFO  server.RaftServerConfigKeys (ConfUtils.java:logGet(43)) - raft.server.staging.catchup.gap = 1000 (default)
2019-09-19 08:58:27,686 [5655ea38-4aa2-40a6-aaa3-4d444347e46a:group-5A7A6D5CC341:LeaderElection39] INFO  server.RaftServerConfigKeys (ConfUtils.java:logGet(43)) - raft.server.rpc.sleep.time = 25ms (default)
2019-09-19 08:58:27,686 [8a96a672-7e2f-4b1c-ac1e-ddd5d18a6d5d:group-BBC11D96B68A:LeaderElection40] INFO  server.RaftServerConfigKeys (ConfUtils.java:logGet(43)) - raft.server.rpc.sleep.time = 25ms (default)
2019-09-19 08:58:27,687 [5655ea38-4aa2-40a6-aaa3-4d444347e46a:group-5A7A6D5CC341:LeaderElection39] INFO  server.RaftServerConfigKeys (ConfUtils.java:logGet(43)) - raft.server.write.element-limit = 4096 (default)
2019-09-19 08:58:27,687 [8a96a672-7e2f-4b1c-ac1e-ddd5d18a6d5d:group-BBC11D96B68A:LeaderElection40] INFO  server.RaftServerConfigKeys (ConfUtils.java:logGet(43)) - raft.server.write.element-limit = 4096 (default)
2019-09-19 08:58:27,687 [5655ea38-4aa2-40a6-aaa3-4d444347e46a:group-5A7A6D5CC341:LeaderElection39] INFO  server.RaftServerConfigKeys (ConfUtils.java:logGet(43)) - raft.server.watch.timeout = 10s (default)
2019-09-19 08:58:27,687 [8a96a672-7e2f-4b1c-ac1e-ddd5d18a6d5d:group-BBC11D96B68A:LeaderElection40] INFO  server.RaftServerConfigKeys (ConfUtils.java:logGet(43)) - raft.server.watch.timeout = 10s (default)
2019-09-19 08:58:27,687 [5655ea38-4aa2-40a6-aaa3-4d444347e46a:group-5A7A6D5CC341:LeaderElection39] INFO  server.RaftServerConfigKeys (ConfUtils.java:logGet(43)) - raft.server.watch.timeout.denomination = 1s (default)
2019-09-19 08:58:27,687 [8a96a672-7e2f-4b1c-ac1e-ddd5d18a6d5d:group-BBC11D96B68A:LeaderElection40] INFO  server.RaftServerConfigKeys (ConfUtils.java:logGet(43)) - raft.server.watch.timeout.denomination = 1s (default)
2019-09-19 08:58:27,687 [5655ea38-4aa2-40a6-aaa3-4d444347e46a:group-5A7A6D5CC341:LeaderElection39] INFO  server.RaftServerConfigKeys (ConfUtils.java:logGet(43)) - raft.server.watch.element-limit = 65536 (default)
2019-09-19 08:58:27,687 [8a96a672-7e2f-4b1c-ac1e-ddd5d18a6d5d:group-BBC11D96B68A:LeaderElection40] INFO  server.RaftServerConfigKeys (ConfUtils.java:logGet(43)) - raft.server.watch.element-limit = 65536 (default)
2019-09-19 08:58:27,687 [5655ea38-4aa2-40a6-aaa3-4d444347e46a:group-5A7A6D5CC341:LeaderElection39] INFO  impl.RoleInfo (RoleInfo.java:updateAndGet(143)) - 5655ea38-4aa2-40a6-aaa3-4d444347e46a: start LeaderState
2019-09-19 08:58:27,687 [8a96a672-7e2f-4b1c-ac1e-ddd5d18a6d5d:group-BBC11D96B68A:LeaderElection40] INFO  impl.RoleInfo (RoleInfo.java:updateAndGet(143)) - 8a96a672-7e2f-4b1c-ac1e-ddd5d18a6d5d: start LeaderState
2019-09-19 08:58:27,688 [8a96a672-7e2f-4b1c-ac1e-ddd5d18a6d5d:group-BBC11D96B68A:LeaderElection40] INFO  segmented.SegmentedRaftLogWorker (SegmentedRaftLogWorker.java:startLogSegment(380)) - 8a96a672-7e2f-4b1c-ac1e-ddd5d18a6d5d-SegmentedRaftLogWorker:Storage Directory /workdir/hadoop-ozone/integration-test/target/test-dir/MiniOzoneClusterImpl-072ceacc-f14a-494c-b049-5b6ad59b8d93/datanode-0/data/ratis/cb324c75-d6a8-42bb-a8c8-bbc11d96b68a: Starting segment from index:0
2019-09-19 08:58:27,688 [5655ea38-4aa2-40a6-aaa3-4d444347e46a:group-5A7A6D5CC341:LeaderElection39] INFO  segmented.SegmentedRaftLogWorker (SegmentedRaftLogWorker.java:startLogSegment(380)) - 5655ea38-4aa2-40a6-aaa3-4d444347e46a-SegmentedRaftLogWorker:Storage Directory /workdir/hadoop-ozone/integration-test/target/test-dir/MiniOzoneClusterImpl-072ceacc-f14a-494c-b049-5b6ad59b8d93/datanode-3/data/ratis/642838ce-cd62-40a6-ab85-5a7a6d5cc341: Starting segment from index:0
2019-09-19 08:58:27,688 [8a96a672-7e2f-4b1c-ac1e-ddd5d18a6d5d:group-BBC11D96B68A:LeaderElection40] INFO  impl.RaftServerImpl (ServerState.java:setRaftConf(361)) - 8a96a672-7e2f-4b1c-ac1e-ddd5d18a6d5d:group-BBC11D96B68A set configuration 0: [8a96a672-7e2f-4b1c-ac1e-ddd5d18a6d5d:192.168.34.5:45218], old=null at 0
2019-09-19 08:58:27,712 [pool-115-thread-1] INFO  storage.RaftStorage (RaftStorage.java:format(72)) - Storage directory /workdir/hadoop-ozone/integration-test/target/test-dir/MiniOzoneClusterImpl-072ceacc-f14a-494c-b049-5b6ad59b8d93/datanode-8/data/ratis/19178960-fcd0-4c30-9849-ae5b31c1ac25 has been successfully formatted.
2019-09-19 08:58:27,712 [5655ea38-4aa2-40a6-aaa3-4d444347e46a:group-5A7A6D5CC341:LeaderElection39] INFO  impl.RaftServerImpl (ServerState.java:setRaftConf(361)) - 5655ea38-4aa2-40a6-aaa3-4d444347e46a:group-5A7A6D5CC341 set configuration 0: [5655ea38-4aa2-40a6-aaa3-4d444347e46a:192.168.34.5:39771], old=null at 0
2019-09-19 08:58:27,712 [pool-115-thread-1] INFO  ratis.ContainerStateMachine (ContainerStateMachine.java:loadSnapshot(226)) - group-AE5B31C1AC25: The snapshot info is null. Setting the last applied indexto:(t:0, i:~)
2019-09-19 08:58:27,743 [8a96a672-7e2f-4b1c-ac1e-ddd5d18a6d5d-SegmentedRaftLogWorker:Storage Directory /workdir/hadoop-ozone/integration-test/target/test-dir/MiniOzoneClusterImpl-072ceacc-f14a-494c-b049-5b6ad59b8d93/datanode-0/data/ratis/cb324c75-d6a8-42bb-a8c8-bbc11d96b68a] INFO  segmented.SegmentedRaftLogWorker (SegmentedRaftLogWorker.java:execute(569)) - 8a96a672-7e2f-4b1c-ac1e-ddd5d18a6d5d-SegmentedRaftLogWorker:Storage Directory /workdir/hadoop-ozone/integration-test/target/test-dir/MiniOzoneClusterImpl-072ceacc-f14a-494c-b049-5b6ad59b8d93/datanode-0/data/ratis/cb324c75-d6a8-42bb-a8c8-bbc11d96b68a: created new log segment /workdir/hadoop-ozone/integration-test/target/test-dir/MiniOzoneClusterImpl-072ceacc-f14a-494c-b049-5b6ad59b8d93/datanode-0/data/ratis/cb324c75-d6a8-42bb-a8c8-bbc11d96b68a/current/log_inprogress_0
2019-09-19 08:58:27,743 [pool-115-thread-1] INFO  server.RaftServerConfigKeys (ConfUtils.java:logGet(43)) - raft.server.leader.election.timeout = 120s (custom)
2019-09-19 08:58:27,743 [pool-115-thread-1] INFO  server.RaftServerConfigKeys (ConfUtils.java:logGet(43)) - raft.server.log.use.memory = false (default)
2019-09-19 08:58:27,743 [pool-115-thread-1] INFO  server.RaftServerConfigKeys (ConfUtils.java:logGet(43)) - raft.server.log.purge.gap = 1000000 (custom)
2019-09-19 08:58:27,743 [pool-115-thread-1] INFO  server.RaftServerConfigKeys (ConfUtils.java:logGet(43)) - raft.server.log.appender.buffer.byte-limit = 33554432 (custom)
2019-09-19 08:58:27,743 [pool-115-thread-1] INFO  server.RaftServerConfigKeys (ConfUtils.java:logGet(43)) - raft.server.log.segment.size.max = 1048576 (custom)
2019-09-19 08:58:27,744 [pool-115-thread-1] INFO  server.RaftServerConfigKeys (ConfUtils.java:logGet(43)) - raft.server.log.segment.cache.num.max = 2 (custom)
2019-09-19 08:58:27,744 [pool-115-thread-1] INFO  segmented.SegmentedRaftLogWorker (SegmentedRaftLogWorker.java:<init>(172)) - new 83e73c89-42e6-44c0-9fcf-5542ff22b34f-SegmentedRaftLogWorker:Storage Directory /workdir/hadoop-ozone/integration-test/target/test-dir/MiniOzoneClusterImpl-072ceacc-f14a-494c-b049-5b6ad59b8d93/datanode-8/data/ratis/19178960-fcd0-4c30-9849-ae5b31c1ac25 for RaftStorage:Storage Directory /workdir/hadoop-ozone/integration-test/target/test-dir/MiniOzoneClusterImpl-072ceacc-f14a-494c-b049-5b6ad59b8d93/datanode-8/data/ratis/19178960-fcd0-4c30-9849-ae5b31c1ac25
2019-09-19 08:58:27,744 [pool-115-thread-1] INFO  server.RaftServerConfigKeys (ConfUtils.java:logGet(43)) - raft.server.log.queue.byte-limit = 2147483647 (custom)
2019-09-19 08:58:27,744 [pool-115-thread-1] INFO  server.RaftServerConfigKeys (ConfUtils.java:logGet(43)) - raft.server.log.queue.element-limit = 1024 (custom)
2019-09-19 08:58:27,744 [pool-115-thread-1] INFO  server.RaftServerConfigKeys (ConfUtils.java:logGet(43)) - raft.server.log.segment.size.max = 1048576 (custom)
2019-09-19 08:58:27,744 [pool-115-thread-1] INFO  server.RaftServerConfigKeys (ConfUtils.java:logGet(43)) - raft.server.log.preallocated.size = 16384 (custom)
2019-09-19 08:58:27,744 [pool-115-thread-1] INFO  server.RaftServerConfigKeys (ConfUtils.java:logGet(43)) - raft.server.log.write.buffer.size = 33554432 (custom)
2019-09-19 08:58:27,744 [pool-115-thread-1] INFO  server.RaftServerConfigKeys (ConfUtils.java:logGet(43)) - raft.server.log.force.sync.num = 128 (default)
2019-09-19 08:58:27,745 [pool-115-thread-1] INFO  server.RaftServerConfigKeys (ConfUtils.java:logGet(43)) - raft.server.log.statemachine.data.sync = true (default)
2019-09-19 08:58:27,745 [pool-115-thread-1] INFO  server.RaftServerConfigKeys (ConfUtils.java:logGet(43)) - raft.server.log.statemachine.data.sync.timeout = 10s (default)
2019-09-19 08:58:27,745 [pool-115-thread-1] INFO  server.RaftServerConfigKeys (ConfUtils.java:logGet(43)) - raft.server.log.statemachine.data.sync.timeout.retry = -1 (default)
2019-09-19 08:58:27,745 [pool-115-thread-1] INFO  server.RaftServerConfigKeys (ConfUtils.java:logGet(43)) - raft.server.log.statemachine.data.caching.enabled = true (custom)
2019-09-19 08:58:27,745 [pool-115-thread-1] INFO  segmented.SegmentedRaftLogWorker (SegmentedRaftLogWorker.java:lambda$new$0(132)) - 83e73c89-42e6-44c0-9fcf-5542ff22b34f-SegmentedRaftLogWorker:Storage Directory /workdir/hadoop-ozone/integration-test/target/test-dir/MiniOzoneClusterImpl-072ceacc-f14a-494c-b049-5b6ad59b8d93/datanode-8/data/ratis/19178960-fcd0-4c30-9849-ae5b31c1ac25: flushIndex: setUnconditionally 0 -> -1
2019-09-19 08:58:27,746 [pool-115-thread-1] INFO  server.RaftServerConfigKeys (ConfUtils.java:logGet(43)) - raft.server.snapshot.auto.trigger.enabled = true (custom)
2019-09-19 08:58:27,746 [pool-115-thread-1] INFO  server.RaftServerConfigKeys (ConfUtils.java:logGet(43)) - raft.server.snapshot.auto.trigger.threshold = 10000 (custom)
2019-09-19 08:58:27,746 [pool-115-thread-1] INFO  server.RaftServerConfigKeys (ConfUtils.java:logGet(43)) - raft.server.retrycache.expirytime = 600000ms (custom)
2019-09-19 08:58:27,746 [pool-115-thread-1] INFO  impl.RaftServerImpl (RaftServerImpl.java:start(180)) - 83e73c89-42e6-44c0-9fcf-5542ff22b34f: start group-AE5B31C1AC25
2019-09-19 08:58:27,746 [pool-115-thread-1] INFO  impl.RaftServerImpl (RaftServerImpl.java:setRole(171)) - 83e73c89-42e6-44c0-9fcf-5542ff22b34f:group-AE5B31C1AC25 changes role from null to FOLLOWER at term 0 for startAsFollower
2019-09-19 08:58:27,746 [pool-115-thread-1] INFO  impl.RoleInfo (RoleInfo.java:updateAndGet(143)) - 83e73c89-42e6-44c0-9fcf-5542ff22b34f: start FollowerState
2019-09-19 08:58:27,746 [pool-115-thread-1] INFO  util.JmxRegister (JmxRegister.java:tryRegister(44)) - Successfully registered JMX Bean with object name Ratis:service=RaftServer,group=group-AE5B31C1AC25,id=83e73c89-42e6-44c0-9fcf-5542ff22b34f
2019-09-19 08:58:27,748 [RatisPipelineUtilsThread] INFO  pipeline.PipelineStateManager (PipelineStateManager.java:addPipeline(56)) - Created pipeline Pipeline[ Id: 19178960-fcd0-4c30-9849-ae5b31c1ac25, Nodes: 83e73c89-42e6-44c0-9fcf-5542ff22b34f{ip: 192.168.34.5, host: pr-hdds-1569-j4bt4-3030777008, networkLocation: /default-rack, certSerialId: null}, Type:RATIS, Factor:ONE, State:OPEN]
2019-09-19 08:58:27,749 [RatisPipelineUtilsThread] ERROR pipeline.PipelinePlacementPolicy (PipelinePlacementPolicy.java:meetCriteria(91)) - Pipeline Placement: Doesn't meet the criteria to be viable node. Heaviness: 6
2019-09-19 08:58:27,749 [RatisPipelineUtilsThread] ERROR pipeline.PipelinePlacementPolicy (PipelinePlacementPolicy.java:meetCriteria(91)) - Pipeline Placement: Doesn't meet the criteria to be viable node. Heaviness: 6
2019-09-19 08:58:27,749 [RatisPipelineUtilsThread] ERROR pipeline.PipelinePlacementPolicy (PipelinePlacementPolicy.java:meetCriteria(91)) - Pipeline Placement: Doesn't meet the criteria to be viable node. Heaviness: 6
2019-09-19 08:58:27,749 [RatisPipelineUtilsThread] ERROR pipeline.PipelinePlacementPolicy (PipelinePlacementPolicy.java:meetCriteria(91)) - Pipeline Placement: Doesn't meet the criteria to be viable node. Heaviness: 6
2019-09-19 08:58:27,749 [RatisPipelineUtilsThread] ERROR pipeline.PipelinePlacementPolicy (PipelinePlacementPolicy.java:meetCriteria(91)) - Pipeline Placement: Doesn't meet the criteria to be viable node. Heaviness: 6
2019-09-19 08:58:27,749 [RatisPipelineUtilsThread] ERROR pipeline.PipelinePlacementPolicy (PipelinePlacementPolicy.java:meetCriteria(91)) - Pipeline Placement: Doesn't meet the criteria to be viable node. Heaviness: 6
2019-09-19 08:58:27,749 [RatisPipelineUtilsThread] ERROR pipeline.PipelinePlacementPolicy (PipelinePlacementPolicy.java:meetCriteria(91)) - Pipeline Placement: Doesn't meet the criteria to be viable node. Heaviness: 6
2019-09-19 08:58:27,749 [RatisPipelineUtilsThread] ERROR pipeline.PipelinePlacementPolicy (PipelinePlacementPolicy.java:meetCriteria(91)) - Pipeline Placement: Doesn't meet the criteria to be viable node. Heaviness: 6
2019-09-19 08:58:27,753 [grpc-default-executor-1] INFO  impl.RaftServerProxy (RaftServerProxy.java:addNew(89)) - 83e73c89-42e6-44c0-9fcf-5542ff22b34f: addNew group-14C68FAF60F1:[83e73c89-42e6-44c0-9fcf-5542ff22b34f:192.168.34.5:35347] returns group-14C68FAF60F1:java.util.concurrent.CompletableFuture@8d8e4d1[Not completed]
2019-09-19 08:58:27,754 [pool-115-thread-1] INFO  impl.RaftServerImpl (RaftServerImpl.java:<init>(93)) - 83e73c89-42e6-44c0-9fcf-5542ff22b34f: new RaftServerImpl for group-14C68FAF60F1:[83e73c89-42e6-44c0-9fcf-5542ff22b34f:192.168.34.5:35347] with ContainerStateMachine:uninitialized
2019-09-19 08:58:27,754 [pool-115-thread-1] INFO  server.RaftServerConfigKeys (ConfUtils.java:logGet(43)) - raft.server.rpc.timeout.min = 1s (custom)
2019-09-19 08:58:27,754 [pool-115-thread-1] INFO  server.RaftServerConfigKeys (ConfUtils.java:logGet(43)) - raft.server.rpc.timeout.max = 1200ms (custom)
2019-09-19 08:58:27,755 [pool-115-thread-1] INFO  server.RaftServerConfigKeys (ConfUtils.java:logGet(43)) - raft.server.rpcslowness.timeout = 120s (custom)
2019-09-19 08:58:27,755 [pool-115-thread-1] INFO  server.RaftServerConfigKeys (ConfUtils.java:logGet(43)) - raft.server.sleep.deviation.threshold = 300 (default)
2019-09-19 08:58:27,755 [pool-115-thread-1] INFO  server.RaftServerConfigKeys (ConfUtils.java:logGet(43)) - raft.server.log.appender.install.snapshot.enabled = false (custom)
2019-09-19 08:58:27,755 [pool-115-thread-1] INFO  impl.RaftServerImpl (ServerState.java:<init>(105)) - 83e73c89-42e6-44c0-9fcf-5542ff22b34f:group-14C68FAF60F1 ConfigurationManager, init=-1: [83e73c89-42e6-44c0-9fcf-5542ff22b34f:192.168.34.5:35347], old=null, confs=<EMPTY_MAP>
2019-09-19 08:58:27,755 [pool-115-thread-1] INFO  server.RaftServerConfigKeys (ConfUtils.java:logGet(43)) - raft.server.storage.dir = [/workdir/hadoop-ozone/integration-test/target/test-dir/MiniOzoneClusterImpl-072ceacc-f14a-494c-b049-5b6ad59b8d93/datanode-8/data/ratis] (custom)
2019-09-19 08:58:27,755 [pool-115-thread-1] INFO  storage.RaftStorageDirectory (RaftStorageDirectory.java:analyzeStorage(246)) - The storage directory /workdir/hadoop-ozone/integration-test/target/test-dir/MiniOzoneClusterImpl-072ceacc-f14a-494c-b049-5b6ad59b8d93/datanode-8/data/ratis/1e15c9b3-8254-4d50-ad56-14c68faf60f1 does not exist. Creating ...
2019-09-19 08:58:27,767 [5655ea38-4aa2-40a6-aaa3-4d444347e46a-SegmentedRaftLogWorker:Storage Directory /workdir/hadoop-ozone/integration-test/target/test-dir/MiniOzoneClusterImpl-072ceacc-f14a-494c-b049-5b6ad59b8d93/datanode-3/data/ratis/642838ce-cd62-40a6-ab85-5a7a6d5cc341] INFO  segmented.SegmentedRaftLogWorker (SegmentedRaftLogWorker.java:execute(569)) - 5655ea38-4aa2-40a6-aaa3-4d444347e46a-SegmentedRaftLogWorker:Storage Directory /workdir/hadoop-ozone/integration-test/target/test-dir/MiniOzoneClusterImpl-072ceacc-f14a-494c-b049-5b6ad59b8d93/datanode-3/data/ratis/642838ce-cd62-40a6-ab85-5a7a6d5cc341: created new log segment /workdir/hadoop-ozone/integration-test/target/test-dir/MiniOzoneClusterImpl-072ceacc-f14a-494c-b049-5b6ad59b8d93/datanode-3/data/ratis/642838ce-cd62-40a6-ab85-5a7a6d5cc341/current/log_inprogress_0
2019-09-19 08:58:27,769 [pool-115-thread-1] INFO  storage.RaftStorageDirectory (RaftStorageDirectory.java:tryLock(328)) - Lock on /workdir/hadoop-ozone/integration-test/target/test-dir/MiniOzoneClusterImpl-072ceacc-f14a-494c-b049-5b6ad59b8d93/datanode-8/data/ratis/1e15c9b3-8254-4d50-ad56-14c68faf60f1/in_use.lock acquired by nodename 8013@pr-hdds-1569-j4bt4-3030777008
2019-09-19 08:58:27,782 [pool-115-thread-1] INFO  storage.RaftStorage (RaftStorage.java:format(72)) - Storage directory /workdir/hadoop-ozone/integration-test/target/test-dir/MiniOzoneClusterImpl-072ceacc-f14a-494c-b049-5b6ad59b8d93/datanode-8/data/ratis/1e15c9b3-8254-4d50-ad56-14c68faf60f1 has been successfully formatted.
2019-09-19 08:58:27,782 [pool-115-thread-1] INFO  ratis.ContainerStateMachine (ContainerStateMachine.java:loadSnapshot(226)) - group-14C68FAF60F1: The snapshot info is null. Setting the last applied indexto:(t:0, i:~)
2019-09-19 08:58:27,782 [pool-115-thread-1] INFO  server.RaftServerConfigKeys (ConfUtils.java:logGet(43)) - raft.server.leader.election.timeout = 120s (custom)
2019-09-19 08:58:27,782 [pool-115-thread-1] INFO  server.RaftServerConfigKeys (ConfUtils.java:logGet(43)) - raft.server.log.use.memory = false (default)
2019-09-19 08:58:27,782 [pool-115-thread-1] INFO  server.RaftServerConfigKeys (ConfUtils.java:logGet(43)) - raft.server.log.purge.gap = 1000000 (custom)
2019-09-19 08:58:27,782 [pool-115-thread-1] INFO  server.RaftServerConfigKeys (ConfUtils.java:logGet(43)) - raft.server.log.appender.buffer.byte-limit = 33554432 (custom)
2019-09-19 08:58:27,782 [pool-115-thread-1] INFO  server.RaftServerConfigKeys (ConfUtils.java:logGet(43)) - raft.server.log.segment.size.max = 1048576 (custom)
2019-09-19 08:58:27,782 [pool-115-thread-1] INFO  server.RaftServerConfigKeys (ConfUtils.java:logGet(43)) - raft.server.log.segment.cache.num.max = 2 (custom)
2019-09-19 08:58:27,782 [pool-115-thread-1] INFO  segmented.SegmentedRaftLogWorker (SegmentedRaftLogWorker.java:<init>(172)) - new 83e73c89-42e6-44c0-9fcf-5542ff22b34f-SegmentedRaftLogWorker:Storage Directory /workdir/hadoop-ozone/integration-test/target/test-dir/MiniOzoneClusterImpl-072ceacc-f14a-494c-b049-5b6ad59b8d93/datanode-8/data/ratis/1e15c9b3-8254-4d50-ad56-14c68faf60f1 for RaftStorage:Storage Directory /workdir/hadoop-ozone/integration-test/target/test-dir/MiniOzoneClusterImpl-072ceacc-f14a-494c-b049-5b6ad59b8d93/datanode-8/data/ratis/1e15c9b3-8254-4d50-ad56-14c68faf60f1
2019-09-19 08:58:27,783 [pool-115-thread-1] INFO  server.RaftServerConfigKeys (ConfUtils.java:logGet(43)) - raft.server.log.queue.byte-limit = 2147483647 (custom)
2019-09-19 08:58:27,783 [pool-115-thread-1] INFO  server.RaftServerConfigKeys (ConfUtils.java:logGet(43)) - raft.server.log.queue.element-limit = 1024 (custom)
2019-09-19 08:58:27,783 [pool-115-thread-1] INFO  server.RaftServerConfigKeys (ConfUtils.java:logGet(43)) - raft.server.log.segment.size.max = 1048576 (custom)
2019-09-19 08:58:27,783 [pool-115-thread-1] INFO  server.RaftServerConfigKeys (ConfUtils.java:logGet(43)) - raft.server.log.preallocated.size = 16384 (custom)
2019-09-19 08:58:27,783 [pool-115-thread-1] INFO  server.RaftServerConfigKeys (ConfUtils.java:logGet(43)) - raft.server.log.write.buffer.size = 33554432 (custom)
2019-09-19 08:58:27,783 [pool-115-thread-1] INFO  server.RaftServerConfigKeys (ConfUtils.java:logGet(43)) - raft.server.log.force.sync.num = 128 (default)
2019-09-19 08:58:27,783 [pool-115-thread-1] INFO  server.RaftServerConfigKeys (ConfUtils.java:logGet(43)) - raft.server.log.statemachine.data.sync = true (default)
2019-09-19 08:58:27,783 [pool-115-thread-1] INFO  server.RaftServerConfigKeys (ConfUtils.java:logGet(43)) - raft.server.log.statemachine.data.sync.timeout = 10s (default)
2019-09-19 08:58:27,783 [pool-115-thread-1] INFO  server.RaftServerConfigKeys (ConfUtils.java:logGet(43)) - raft.server.log.statemachine.data.sync.timeout.retry = -1 (default)
2019-09-19 08:58:27,783 [pool-115-thread-1] INFO  server.RaftServerConfigKeys (ConfUtils.java:logGet(43)) - raft.server.log.statemachine.data.caching.enabled = true (custom)
2019-09-19 08:58:27,784 [pool-115-thread-1] INFO  segmented.SegmentedRaftLogWorker (SegmentedRaftLogWorker.java:lambda$new$0(132)) - 83e73c89-42e6-44c0-9fcf-5542ff22b34f-SegmentedRaftLogWorker:Storage Directory /workdir/hadoop-ozone/integration-test/target/test-dir/MiniOzoneClusterImpl-072ceacc-f14a-494c-b049-5b6ad59b8d93/datanode-8/data/ratis/1e15c9b3-8254-4d50-ad56-14c68faf60f1: flushIndex: setUnconditionally 0 -> -1
2019-09-19 08:58:27,784 [pool-115-thread-1] INFO  server.RaftServerConfigKeys (ConfUtils.java:logGet(43)) - raft.server.snapshot.auto.trigger.enabled = true (custom)
2019-09-19 08:58:27,784 [pool-115-thread-1] INFO  server.RaftServerConfigKeys (ConfUtils.java:logGet(43)) - raft.server.snapshot.auto.trigger.threshold = 10000 (custom)
2019-09-19 08:58:27,784 [pool-115-thread-1] INFO  server.RaftServerConfigKeys (ConfUtils.java:logGet(43)) - raft.server.retrycache.expirytime = 600000ms (custom)
2019-09-19 08:58:27,784 [pool-115-thread-1] INFO  impl.RaftServerImpl (RaftServerImpl.java:start(180)) - 83e73c89-42e6-44c0-9fcf-5542ff22b34f: start group-14C68FAF60F1
2019-09-19 08:58:27,784 [pool-115-thread-1] INFO  impl.RaftServerImpl (RaftServerImpl.java:setRole(171)) - 83e73c89-42e6-44c0-9fcf-5542ff22b34f:group-14C68FAF60F1 changes role from null to FOLLOWER at term 0 for startAsFollower
2019-09-19 08:58:27,784 [pool-115-thread-1] INFO  impl.RoleInfo (RoleInfo.java:updateAndGet(143)) - 83e73c89-42e6-44c0-9fcf-5542ff22b34f: start FollowerState
2019-09-19 08:58:27,785 [pool-115-thread-1] INFO  util.JmxRegister (JmxRegister.java:tryRegister(44)) - Successfully registered JMX Bean with object name Ratis:service=RaftServer,group=group-14C68FAF60F1,id=83e73c89-42e6-44c0-9fcf-5542ff22b34f
2019-09-19 08:58:27,787 [RatisPipelineUtilsThread] INFO  pipeline.PipelineStateManager (PipelineStateManager.java:addPipeline(56)) - Created pipeline Pipeline[ Id: 1e15c9b3-8254-4d50-ad56-14c68faf60f1, Nodes: 83e73c89-42e6-44c0-9fcf-5542ff22b34f{ip: 192.168.34.5, host: pr-hdds-1569-j4bt4-3030777008, networkLocation: /default-rack, certSerialId: null}, Type:RATIS, Factor:ONE, State:OPEN]
2019-09-19 08:58:27,787 [RatisPipelineUtilsThread] ERROR pipeline.PipelinePlacementPolicy (PipelinePlacementPolicy.java:meetCriteria(91)) - Pipeline Placement: Doesn't meet the criteria to be viable node. Heaviness: 6
2019-09-19 08:58:27,787 [RatisPipelineUtilsThread] ERROR pipeline.PipelinePlacementPolicy (PipelinePlacementPolicy.java:meetCriteria(91)) - Pipeline Placement: Doesn't meet the criteria to be viable node. Heaviness: 6
2019-09-19 08:58:27,787 [RatisPipelineUtilsThread] ERROR pipeline.PipelinePlacementPolicy (PipelinePlacementPolicy.java:meetCriteria(91)) - Pipeline Placement: Doesn't meet the criteria to be viable node. Heaviness: 6
2019-09-19 08:58:27,788 [RatisPipelineUtilsThread] ERROR pipeline.PipelinePlacementPolicy (PipelinePlacementPolicy.java:meetCriteria(91)) - Pipeline Placement: Doesn't meet the criteria to be viable node. Heaviness: 6
2019-09-19 08:58:27,788 [RatisPipelineUtilsThread] ERROR pipeline.PipelinePlacementPolicy (PipelinePlacementPolicy.java:meetCriteria(91)) - Pipeline Placement: Doesn't meet the criteria to be viable node. Heaviness: 6
2019-09-19 08:58:27,788 [RatisPipelineUtilsThread] ERROR pipeline.PipelinePlacementPolicy (PipelinePlacementPolicy.java:meetCriteria(91)) - Pipeline Placement: Doesn't meet the criteria to be viable node. Heaviness: 6
2019-09-19 08:58:27,788 [RatisPipelineUtilsThread] ERROR pipeline.PipelinePlacementPolicy (PipelinePlacementPolicy.java:meetCriteria(91)) - Pipeline Placement: Doesn't meet the criteria to be viable node. Heaviness: 6
2019-09-19 08:58:27,788 [RatisPipelineUtilsThread] ERROR pipeline.PipelinePlacementPolicy (PipelinePlacementPolicy.java:meetCriteria(91)) - Pipeline Placement: Doesn't meet the criteria to be viable node. Heaviness: 6
2019-09-19 08:58:27,788 [RatisPipelineUtilsThread] ERROR pipeline.PipelinePlacementPolicy (PipelinePlacementPolicy.java:meetCriteria(91)) - Pipeline Placement: Doesn't meet the criteria to be viable node. Heaviness: 6
2019-09-19 08:58:27,792 [grpc-default-executor-1] INFO  impl.RaftServerProxy (RaftServerProxy.java:addNew(89)) - 1ad3fd21-b666-4d4e-8138-b5cd04f973fd: addNew group-989E75988830:[1ad3fd21-b666-4d4e-8138-b5cd04f973fd:192.168.34.5:40478] returns group-989E75988830:java.util.concurrent.CompletableFuture@439b6cab[Not completed]
2019-09-19 08:58:27,794 [pool-126-thread-1] INFO  impl.RaftServerImpl (RaftServerImpl.java:<init>(93)) - 1ad3fd21-b666-4d4e-8138-b5cd04f973fd: new RaftServerImpl for group-989E75988830:[1ad3fd21-b666-4d4e-8138-b5cd04f973fd:192.168.34.5:40478] with ContainerStateMachine:uninitialized
2019-09-19 08:58:27,794 [pool-126-thread-1] INFO  server.RaftServerConfigKeys (ConfUtils.java:logGet(43)) - raft.server.rpc.timeout.min = 1s (custom)
2019-09-19 08:58:27,794 [pool-126-thread-1] INFO  server.RaftServerConfigKeys (ConfUtils.java:logGet(43)) - raft.server.rpc.timeout.max = 1200ms (custom)
2019-09-19 08:58:27,794 [pool-126-thread-1] INFO  server.RaftServerConfigKeys (ConfUtils.java:logGet(43)) - raft.server.rpcslowness.timeout = 120s (custom)
2019-09-19 08:58:27,794 [pool-126-thread-1] INFO  server.RaftServerConfigKeys (ConfUtils.java:logGet(43)) - raft.server.sleep.deviation.threshold = 300 (default)
2019-09-19 08:58:27,794 [pool-126-thread-1] INFO  server.RaftServerConfigKeys (ConfUtils.java:logGet(43)) - raft.server.log.appender.install.snapshot.enabled = false (custom)
2019-09-19 08:58:27,794 [pool-126-thread-1] INFO  impl.RaftServerImpl (ServerState.java:<init>(105)) - 1ad3fd21-b666-4d4e-8138-b5cd04f973fd:group-989E75988830 ConfigurationManager, init=-1: [1ad3fd21-b666-4d4e-8138-b5cd04f973fd:192.168.34.5:40478], old=null, confs=<EMPTY_MAP>
2019-09-19 08:58:27,795 [pool-126-thread-1] INFO  server.RaftServerConfigKeys (ConfUtils.java:logGet(43)) - raft.server.storage.dir = [/workdir/hadoop-ozone/integration-test/target/test-dir/MiniOzoneClusterImpl-072ceacc-f14a-494c-b049-5b6ad59b8d93/datanode-9/data/ratis] (custom)
2019-09-19 08:58:27,795 [pool-126-thread-1] INFO  storage.RaftStorageDirectory (RaftStorageDirectory.java:analyzeStorage(246)) - The storage directory /workdir/hadoop-ozone/integration-test/target/test-dir/MiniOzoneClusterImpl-072ceacc-f14a-494c-b049-5b6ad59b8d93/datanode-9/data/ratis/ad7f1bd1-97c9-4407-bfcf-989e75988830 does not exist. Creating ...
2019-09-19 08:58:27,807 [pool-126-thread-1] INFO  storage.RaftStorageDirectory (RaftStorageDirectory.java:tryLock(328)) - Lock on /workdir/hadoop-ozone/integration-test/target/test-dir/MiniOzoneClusterImpl-072ceacc-f14a-494c-b049-5b6ad59b8d93/datanode-9/data/ratis/ad7f1bd1-97c9-4407-bfcf-989e75988830/in_use.lock acquired by nodename 8013@pr-hdds-1569-j4bt4-3030777008
2019-09-19 08:58:27,820 [pool-126-thread-1] INFO  storage.RaftStorage (RaftStorage.java:format(72)) - Storage directory /workdir/hadoop-ozone/integration-test/target/test-dir/MiniOzoneClusterImpl-072ceacc-f14a-494c-b049-5b6ad59b8d93/datanode-9/data/ratis/ad7f1bd1-97c9-4407-bfcf-989e75988830 has been successfully formatted.
2019-09-19 08:58:27,820 [pool-126-thread-1] INFO  ratis.ContainerStateMachine (ContainerStateMachine.java:loadSnapshot(226)) - group-989E75988830: The snapshot info is null. Setting the last applied indexto:(t:0, i:~)
2019-09-19 08:58:27,820 [pool-126-thread-1] INFO  server.RaftServerConfigKeys (ConfUtils.java:logGet(43)) - raft.server.leader.election.timeout = 120s (custom)
2019-09-19 08:58:27,821 [pool-126-thread-1] INFO  server.RaftServerConfigKeys (ConfUtils.java:logGet(43)) - raft.server.log.use.memory = false (default)
2019-09-19 08:58:27,821 [pool-126-thread-1] INFO  server.RaftServerConfigKeys (ConfUtils.java:logGet(43)) - raft.server.log.purge.gap = 1000000 (custom)
2019-09-19 08:58:27,821 [pool-126-thread-1] INFO  server.RaftServerConfigKeys (ConfUtils.java:logGet(43)) - raft.server.log.appender.buffer.byte-limit = 33554432 (custom)
2019-09-19 08:58:27,821 [pool-126-thread-1] INFO  server.RaftServerConfigKeys (ConfUtils.java:logGet(43)) - raft.server.log.segment.size.max = 1048576 (custom)
2019-09-19 08:58:27,821 [pool-126-thread-1] INFO  server.RaftServerConfigKeys (ConfUtils.java:logGet(43)) - raft.server.log.segment.cache.num.max = 2 (custom)
2019-09-19 08:58:27,822 [pool-126-thread-1] INFO  segmented.SegmentedRaftLogWorker (SegmentedRaftLogWorker.java:<init>(172)) - new 1ad3fd21-b666-4d4e-8138-b5cd04f973fd-SegmentedRaftLogWorker:Storage Directory /workdir/hadoop-ozone/integration-test/target/test-dir/MiniOzoneClusterImpl-072ceacc-f14a-494c-b049-5b6ad59b8d93/datanode-9/data/ratis/ad7f1bd1-97c9-4407-bfcf-989e75988830 for RaftStorage:Storage Directory /workdir/hadoop-ozone/integration-test/target/test-dir/MiniOzoneClusterImpl-072ceacc-f14a-494c-b049-5b6ad59b8d93/datanode-9/data/ratis/ad7f1bd1-97c9-4407-bfcf-989e75988830
2019-09-19 08:58:27,822 [pool-126-thread-1] INFO  server.RaftServerConfigKeys (ConfUtils.java:logGet(43)) - raft.server.log.queue.byte-limit = 2147483647 (custom)
2019-09-19 08:58:27,822 [pool-126-thread-1] INFO  server.RaftServerConfigKeys (ConfUtils.java:logGet(43)) - raft.server.log.queue.element-limit = 1024 (custom)
2019-09-19 08:58:27,822 [pool-126-thread-1] INFO  server.RaftServerConfigKeys (ConfUtils.java:logGet(43)) - raft.server.log.segment.size.max = 1048576 (custom)
2019-09-19 08:58:27,822 [pool-126-thread-1] INFO  server.RaftServerConfigKeys (ConfUtils.java:logGet(43)) - raft.server.log.preallocated.size = 16384 (custom)
2019-09-19 08:58:27,822 [pool-126-thread-1] INFO  server.RaftServerConfigKeys (ConfUtils.java:logGet(43)) - raft.server.log.write.buffer.size = 33554432 (custom)
2019-09-19 08:58:27,822 [pool-126-thread-1] INFO  server.RaftServerConfigKeys (ConfUtils.java:logGet(43)) - raft.server.log.force.sync.num = 128 (default)
2019-09-19 08:58:27,823 [pool-126-thread-1] INFO  server.RaftServerConfigKeys (ConfUtils.java:logGet(43)) - raft.server.log.statemachine.data.sync = true (default)
2019-09-19 08:58:27,823 [pool-126-thread-1] INFO  server.RaftServerConfigKeys (ConfUtils.java:logGet(43)) - raft.server.log.statemachine.data.sync.timeout = 10s (default)
2019-09-19 08:58:27,823 [pool-126-thread-1] INFO  server.RaftServerConfigKeys (ConfUtils.java:logGet(43)) - raft.server.log.statemachine.data.sync.timeout.retry = -1 (default)
2019-09-19 08:58:27,823 [pool-126-thread-1] INFO  server.RaftServerConfigKeys (ConfUtils.java:logGet(43)) - raft.server.log.statemachine.data.caching.enabled = true (custom)
2019-09-19 08:58:27,824 [pool-126-thread-1] INFO  segmented.SegmentedRaftLogWorker (SegmentedRaftLogWorker.java:lambda$new$0(132)) - 1ad3fd21-b666-4d4e-8138-b5cd04f973fd-SegmentedRaftLogWorker:Storage Directory /workdir/hadoop-ozone/integration-test/target/test-dir/MiniOzoneClusterImpl-072ceacc-f14a-494c-b049-5b6ad59b8d93/datanode-9/data/ratis/ad7f1bd1-97c9-4407-bfcf-989e75988830: flushIndex: setUnconditionally 0 -> -1
2019-09-19 08:58:27,824 [pool-126-thread-1] INFO  server.RaftServerConfigKeys (ConfUtils.java:logGet(43)) - raft.server.snapshot.auto.trigger.enabled = true (custom)
2019-09-19 08:58:27,824 [pool-126-thread-1] INFO  server.RaftServerConfigKeys (ConfUtils.java:logGet(43)) - raft.server.snapshot.auto.trigger.threshold = 10000 (custom)
2019-09-19 08:58:27,824 [pool-126-thread-1] INFO  server.RaftServerConfigKeys (ConfUtils.java:logGet(43)) - raft.server.retrycache.expirytime = 600000ms (custom)
2019-09-19 08:58:27,824 [pool-126-thread-1] INFO  impl.RaftServerImpl (RaftServerImpl.java:start(180)) - 1ad3fd21-b666-4d4e-8138-b5cd04f973fd: start group-989E75988830
2019-09-19 08:58:27,825 [pool-126-thread-1] INFO  impl.RaftServerImpl (RaftServerImpl.java:setRole(171)) - 1ad3fd21-b666-4d4e-8138-b5cd04f973fd:group-989E75988830 changes role from null to FOLLOWER at term 0 for startAsFollower
2019-09-19 08:58:27,825 [pool-126-thread-1] INFO  impl.RoleInfo (RoleInfo.java:updateAndGet(143)) - 1ad3fd21-b666-4d4e-8138-b5cd04f973fd: start FollowerState
2019-09-19 08:58:27,825 [pool-126-thread-1] INFO  util.JmxRegister (JmxRegister.java:tryRegister(44)) - Successfully registered JMX Bean with object name Ratis:service=RaftServer,group=group-989E75988830,id=1ad3fd21-b666-4d4e-8138-b5cd04f973fd
2019-09-19 08:58:27,827 [RatisPipelineUtilsThread] INFO  pipeline.PipelineStateManager (PipelineStateManager.java:addPipeline(56)) - Created pipeline Pipeline[ Id: ad7f1bd1-97c9-4407-bfcf-989e75988830, Nodes: 1ad3fd21-b666-4d4e-8138-b5cd04f973fd{ip: 192.168.34.5, host: pr-hdds-1569-j4bt4-3030777008, networkLocation: /default-rack, certSerialId: null}, Type:RATIS, Factor:ONE, State:OPEN]
2019-09-19 08:58:27,828 [RatisPipelineUtilsThread] ERROR pipeline.PipelinePlacementPolicy (PipelinePlacementPolicy.java:meetCriteria(91)) - Pipeline Placement: Doesn't meet the criteria to be viable node. Heaviness: 6
2019-09-19 08:58:27,828 [RatisPipelineUtilsThread] ERROR pipeline.PipelinePlacementPolicy (PipelinePlacementPolicy.java:meetCriteria(91)) - Pipeline Placement: Doesn't meet the criteria to be viable node. Heaviness: 6
2019-09-19 08:58:27,828 [RatisPipelineUtilsThread] ERROR pipeline.PipelinePlacementPolicy (PipelinePlacementPolicy.java:meetCriteria(91)) - Pipeline Placement: Doesn't meet the criteria to be viable node. Heaviness: 6
2019-09-19 08:58:27,828 [RatisPipelineUtilsThread] ERROR pipeline.PipelinePlacementPolicy (PipelinePlacementPolicy.java:meetCriteria(91)) - Pipeline Placement: Doesn't meet the criteria to be viable node. Heaviness: 6
2019-09-19 08:58:27,828 [RatisPipelineUtilsThread] ERROR pipeline.PipelinePlacementPolicy (PipelinePlacementPolicy.java:meetCriteria(91)) - Pipeline Placement: Doesn't meet the criteria to be viable node. Heaviness: 6
2019-09-19 08:58:27,828 [RatisPipelineUtilsThread] ERROR pipeline.PipelinePlacementPolicy (PipelinePlacementPolicy.java:meetCriteria(91)) - Pipeline Placement: Doesn't meet the criteria to be viable node. Heaviness: 6
2019-09-19 08:58:27,828 [RatisPipelineUtilsThread] ERROR pipeline.PipelinePlacementPolicy (PipelinePlacementPolicy.java:meetCriteria(91)) - Pipeline Placement: Doesn't meet the criteria to be viable node. Heaviness: 6
2019-09-19 08:58:27,828 [RatisPipelineUtilsThread] ERROR pipeline.PipelinePlacementPolicy (PipelinePlacementPolicy.java:meetCriteria(91)) - Pipeline Placement: Doesn't meet the criteria to be viable node. Heaviness: 6
2019-09-19 08:58:27,828 [RatisPipelineUtilsThread] ERROR pipeline.PipelinePlacementPolicy (PipelinePlacementPolicy.java:meetCriteria(91)) - Pipeline Placement: Doesn't meet the criteria to be viable node. Heaviness: 6
2019-09-19 08:58:27,832 | INFO  | SCMAudit | user=jenkins1000 | ip=192.168.34.5 | op=SEND_HEARTBEAT {datanodeUUID=275daa4b-3482-4b8e-b64e-92089e0536ae, command=[]} | ret=SUCCESS |  
2019-09-19 08:58:27,832 [grpc-default-executor-1] INFO  impl.RaftServerProxy (RaftServerProxy.java:addNew(89)) - 1ad3fd21-b666-4d4e-8138-b5cd04f973fd: addNew group-38EF4044C7B5:[1ad3fd21-b666-4d4e-8138-b5cd04f973fd:192.168.34.5:40478] returns group-38EF4044C7B5:java.util.concurrent.CompletableFuture@4baa0bde[Not completed]
2019-09-19 08:58:27,834 [pool-126-thread-1] INFO  impl.RaftServerImpl (RaftServerImpl.java:<init>(93)) - 1ad3fd21-b666-4d4e-8138-b5cd04f973fd: new RaftServerImpl for group-38EF4044C7B5:[1ad3fd21-b666-4d4e-8138-b5cd04f973fd:192.168.34.5:40478] with ContainerStateMachine:uninitialized
2019-09-19 08:58:27,834 [pool-126-thread-1] INFO  server.RaftServerConfigKeys (ConfUtils.java:logGet(43)) - raft.server.rpc.timeout.min = 1s (custom)
2019-09-19 08:58:27,834 [pool-126-thread-1] INFO  server.RaftServerConfigKeys (ConfUtils.java:logGet(43)) - raft.server.rpc.timeout.max = 1200ms (custom)
2019-09-19 08:58:27,834 [pool-126-thread-1] INFO  server.RaftServerConfigKeys (ConfUtils.java:logGet(43)) - raft.server.rpcslowness.timeout = 120s (custom)
2019-09-19 08:58:27,834 [pool-126-thread-1] INFO  server.RaftServerConfigKeys (ConfUtils.java:logGet(43)) - raft.server.sleep.deviation.threshold = 300 (default)
2019-09-19 08:58:27,835 [pool-126-thread-1] INFO  server.RaftServerConfigKeys (ConfUtils.java:logGet(43)) - raft.server.log.appender.install.snapshot.enabled = false (custom)
2019-09-19 08:58:27,835 [pool-126-thread-1] INFO  impl.RaftServerImpl (ServerState.java:<init>(105)) - 1ad3fd21-b666-4d4e-8138-b5cd04f973fd:group-38EF4044C7B5 ConfigurationManager, init=-1: [1ad3fd21-b666-4d4e-8138-b5cd04f973fd:192.168.34.5:40478], old=null, confs=<EMPTY_MAP>
2019-09-19 08:58:27,835 [pool-126-thread-1] INFO  server.RaftServerConfigKeys (ConfUtils.java:logGet(43)) - raft.server.storage.dir = [/workdir/hadoop-ozone/integration-test/target/test-dir/MiniOzoneClusterImpl-072ceacc-f14a-494c-b049-5b6ad59b8d93/datanode-9/data/ratis] (custom)
2019-09-19 08:58:27,835 [pool-126-thread-1] INFO  storage.RaftStorageDirectory (RaftStorageDirectory.java:analyzeStorage(246)) - The storage directory /workdir/hadoop-ozone/integration-test/target/test-dir/MiniOzoneClusterImpl-072ceacc-f14a-494c-b049-5b6ad59b8d93/datanode-9/data/ratis/681c3c15-1919-41e6-8393-38ef4044c7b5 does not exist. Creating ...
2019-09-19 08:58:27,848 [pool-126-thread-1] INFO  storage.RaftStorageDirectory (RaftStorageDirectory.java:tryLock(328)) - Lock on /workdir/hadoop-ozone/integration-test/target/test-dir/MiniOzoneClusterImpl-072ceacc-f14a-494c-b049-5b6ad59b8d93/datanode-9/data/ratis/681c3c15-1919-41e6-8393-38ef4044c7b5/in_use.lock acquired by nodename 8013@pr-hdds-1569-j4bt4-3030777008
2019-09-19 08:58:27,861 [pool-126-thread-1] INFO  storage.RaftStorage (RaftStorage.java:format(72)) - Storage directory /workdir/hadoop-ozone/integration-test/target/test-dir/MiniOzoneClusterImpl-072ceacc-f14a-494c-b049-5b6ad59b8d93/datanode-9/data/ratis/681c3c15-1919-41e6-8393-38ef4044c7b5 has been successfully formatted.
2019-09-19 08:58:27,861 [pool-126-thread-1] INFO  ratis.ContainerStateMachine (ContainerStateMachine.java:loadSnapshot(226)) - group-38EF4044C7B5: The snapshot info is null. Setting the last applied indexto:(t:0, i:~)
2019-09-19 08:58:27,861 [pool-126-thread-1] INFO  server.RaftServerConfigKeys (ConfUtils.java:logGet(43)) - raft.server.leader.election.timeout = 120s (custom)
2019-09-19 08:58:27,861 [pool-126-thread-1] INFO  server.RaftServerConfigKeys (ConfUtils.java:logGet(43)) - raft.server.log.use.memory = false (default)
2019-09-19 08:58:27,861 [pool-126-thread-1] INFO  server.RaftServerConfigKeys (ConfUtils.java:logGet(43)) - raft.server.log.purge.gap = 1000000 (custom)
2019-09-19 08:58:27,862 [pool-126-thread-1] INFO  server.RaftServerConfigKeys (ConfUtils.java:logGet(43)) - raft.server.log.appender.buffer.byte-limit = 33554432 (custom)
2019-09-19 08:58:27,862 [pool-126-thread-1] INFO  server.RaftServerConfigKeys (ConfUtils.java:logGet(43)) - raft.server.log.segment.size.max = 1048576 (custom)
2019-09-19 08:58:27,862 [pool-126-thread-1] INFO  server.RaftServerConfigKeys (ConfUtils.java:logGet(43)) - raft.server.log.segment.cache.num.max = 2 (custom)
2019-09-19 08:58:27,862 [pool-126-thread-1] INFO  segmented.SegmentedRaftLogWorker (SegmentedRaftLogWorker.java:<init>(172)) - new 1ad3fd21-b666-4d4e-8138-b5cd04f973fd-SegmentedRaftLogWorker:Storage Directory /workdir/hadoop-ozone/integration-test/target/test-dir/MiniOzoneClusterImpl-072ceacc-f14a-494c-b049-5b6ad59b8d93/datanode-9/data/ratis/681c3c15-1919-41e6-8393-38ef4044c7b5 for RaftStorage:Storage Directory /workdir/hadoop-ozone/integration-test/target/test-dir/MiniOzoneClusterImpl-072ceacc-f14a-494c-b049-5b6ad59b8d93/datanode-9/data/ratis/681c3c15-1919-41e6-8393-38ef4044c7b5
2019-09-19 08:58:27,862 [pool-126-thread-1] INFO  server.RaftServerConfigKeys (ConfUtils.java:logGet(43)) - raft.server.log.queue.byte-limit = 2147483647 (custom)
2019-09-19 08:58:27,862 [pool-126-thread-1] INFO  server.RaftServerConfigKeys (ConfUtils.java:logGet(43)) - raft.server.log.queue.element-limit = 1024 (custom)
2019-09-19 08:58:27,863 [pool-126-thread-1] INFO  server.RaftServerConfigKeys (ConfUtils.java:logGet(43)) - raft.server.log.segment.size.max = 1048576 (custom)
2019-09-19 08:58:27,863 [pool-126-thread-1] INFO  server.RaftServerConfigKeys (ConfUtils.java:logGet(43)) - raft.server.log.preallocated.size = 16384 (custom)
2019-09-19 08:58:27,863 [pool-126-thread-1] INFO  server.RaftServerConfigKeys (ConfUtils.java:logGet(43)) - raft.server.log.write.buffer.size = 33554432 (custom)
2019-09-19 08:58:27,863 [pool-126-thread-1] INFO  server.RaftServerConfigKeys (ConfUtils.java:logGet(43)) - raft.server.log.force.sync.num = 128 (default)
2019-09-19 08:58:27,863 [pool-126-thread-1] INFO  server.RaftServerConfigKeys (ConfUtils.java:logGet(43)) - raft.server.log.statemachine.data.sync = true (default)
2019-09-19 08:58:27,863 [pool-126-thread-1] INFO  server.RaftServerConfigKeys (ConfUtils.java:logGet(43)) - raft.server.log.statemachine.data.sync.timeout = 10s (default)
2019-09-19 08:58:27,863 [pool-126-thread-1] INFO  server.RaftServerConfigKeys (ConfUtils.java:logGet(43)) - raft.server.log.statemachine.data.sync.timeout.retry = -1 (default)
2019-09-19 08:58:27,864 [pool-126-thread-1] INFO  server.RaftServerConfigKeys (ConfUtils.java:logGet(43)) - raft.server.log.statemachine.data.caching.enabled = true (custom)
2019-09-19 08:58:27,864 [pool-126-thread-1] INFO  segmented.SegmentedRaftLogWorker (SegmentedRaftLogWorker.java:lambda$new$0(132)) - 1ad3fd21-b666-4d4e-8138-b5cd04f973fd-SegmentedRaftLogWorker:Storage Directory /workdir/hadoop-ozone/integration-test/target/test-dir/MiniOzoneClusterImpl-072ceacc-f14a-494c-b049-5b6ad59b8d93/datanode-9/data/ratis/681c3c15-1919-41e6-8393-38ef4044c7b5: flushIndex: setUnconditionally 0 -> -1
2019-09-19 08:58:27,864 [pool-126-thread-1] INFO  server.RaftServerConfigKeys (ConfUtils.java:logGet(43)) - raft.server.snapshot.auto.trigger.enabled = true (custom)
2019-09-19 08:58:27,864 [pool-126-thread-1] INFO  server.RaftServerConfigKeys (ConfUtils.java:logGet(43)) - raft.server.snapshot.auto.trigger.threshold = 10000 (custom)
2019-09-19 08:58:27,865 [pool-126-thread-1] INFO  server.RaftServerConfigKeys (ConfUtils.java:logGet(43)) - raft.server.retrycache.expirytime = 600000ms (custom)
2019-09-19 08:58:27,865 [pool-126-thread-1] INFO  impl.RaftServerImpl (RaftServerImpl.java:start(180)) - 1ad3fd21-b666-4d4e-8138-b5cd04f973fd: start group-38EF4044C7B5
2019-09-19 08:58:27,865 [pool-126-thread-1] INFO  impl.RaftServerImpl (RaftServerImpl.java:setRole(171)) - 1ad3fd21-b666-4d4e-8138-b5cd04f973fd:group-38EF4044C7B5 changes role from null to FOLLOWER at term 0 for startAsFollower
2019-09-19 08:58:27,865 [pool-126-thread-1] INFO  impl.RoleInfo (RoleInfo.java:updateAndGet(143)) - 1ad3fd21-b666-4d4e-8138-b5cd04f973fd: start FollowerState
2019-09-19 08:58:27,866 [pool-126-thread-1] INFO  util.JmxRegister (JmxRegister.java:tryRegister(44)) - Successfully registered JMX Bean with object name Ratis:service=RaftServer,group=group-38EF4044C7B5,id=1ad3fd21-b666-4d4e-8138-b5cd04f973fd
2019-09-19 08:58:27,868 [RatisPipelineUtilsThread] INFO  pipeline.PipelineStateManager (PipelineStateManager.java:addPipeline(56)) - Created pipeline Pipeline[ Id: 681c3c15-1919-41e6-8393-38ef4044c7b5, Nodes: 1ad3fd21-b666-4d4e-8138-b5cd04f973fd{ip: 192.168.34.5, host: pr-hdds-1569-j4bt4-3030777008, networkLocation: /default-rack, certSerialId: null}, Type:RATIS, Factor:ONE, State:OPEN]
2019-09-19 08:58:27,868 [RatisPipelineUtilsThread] ERROR pipeline.PipelinePlacementPolicy (PipelinePlacementPolicy.java:meetCriteria(91)) - Pipeline Placement: Doesn't meet the criteria to be viable node. Heaviness: 6
2019-09-19 08:58:27,868 [RatisPipelineUtilsThread] ERROR pipeline.PipelinePlacementPolicy (PipelinePlacementPolicy.java:meetCriteria(91)) - Pipeline Placement: Doesn't meet the criteria to be viable node. Heaviness: 6
2019-09-19 08:58:27,868 [RatisPipelineUtilsThread] ERROR pipeline.PipelinePlacementPolicy (PipelinePlacementPolicy.java:meetCriteria(91)) - Pipeline Placement: Doesn't meet the criteria to be viable node. Heaviness: 6
2019-09-19 08:58:27,869 [RatisPipelineUtilsThread] ERROR pipeline.PipelinePlacementPolicy (PipelinePlacementPolicy.java:meetCriteria(91)) - Pipeline Placement: Doesn't meet the criteria to be viable node. Heaviness: 6
2019-09-19 08:58:27,869 [RatisPipelineUtilsThread] ERROR pipeline.PipelinePlacementPolicy (PipelinePlacementPolicy.java:meetCriteria(91)) - Pipeline Placement: Doesn't meet the criteria to be viable node. Heaviness: 6
2019-09-19 08:58:27,869 [RatisPipelineUtilsThread] ERROR pipeline.PipelinePlacementPolicy (PipelinePlacementPolicy.java:meetCriteria(91)) - Pipeline Placement: Doesn't meet the criteria to be viable node. Heaviness: 6
2019-09-19 08:58:27,869 [RatisPipelineUtilsThread] ERROR pipeline.PipelinePlacementPolicy (PipelinePlacementPolicy.java:meetCriteria(91)) - Pipeline Placement: Doesn't meet the criteria to be viable node. Heaviness: 6
2019-09-19 08:58:27,869 [RatisPipelineUtilsThread] ERROR pipeline.PipelinePlacementPolicy (PipelinePlacementPolicy.java:meetCriteria(91)) - Pipeline Placement: Doesn't meet the criteria to be viable node. Heaviness: 6
2019-09-19 08:58:27,869 [RatisPipelineUtilsThread] ERROR pipeline.PipelinePlacementPolicy (PipelinePlacementPolicy.java:meetCriteria(91)) - Pipeline Placement: Doesn't meet the criteria to be viable node. Heaviness: 6
2019-09-19 08:58:27,873 [grpc-default-executor-1] INFO  impl.RaftServerProxy (RaftServerProxy.java:addNew(89)) - 1ad3fd21-b666-4d4e-8138-b5cd04f973fd: addNew group-81164160C6D0:[1ad3fd21-b666-4d4e-8138-b5cd04f973fd:192.168.34.5:40478] returns group-81164160C6D0:java.util.concurrent.CompletableFuture@2e354dea[Not completed]
2019-09-19 08:58:27,875 [pool-126-thread-1] INFO  impl.RaftServerImpl (RaftServerImpl.java:<init>(93)) - 1ad3fd21-b666-4d4e-8138-b5cd04f973fd: new RaftServerImpl for group-81164160C6D0:[1ad3fd21-b666-4d4e-8138-b5cd04f973fd:192.168.34.5:40478] with ContainerStateMachine:uninitialized
2019-09-19 08:58:27,875 [pool-126-thread-1] INFO  server.RaftServerConfigKeys (ConfUtils.java:logGet(43)) - raft.server.rpc.timeout.min = 1s (custom)
2019-09-19 08:58:27,875 [pool-126-thread-1] INFO  server.RaftServerConfigKeys (ConfUtils.java:logGet(43)) - raft.server.rpc.timeout.max = 1200ms (custom)
2019-09-19 08:58:27,875 [pool-126-thread-1] INFO  server.RaftServerConfigKeys (ConfUtils.java:logGet(43)) - raft.server.rpcslowness.timeout = 120s (custom)
2019-09-19 08:58:27,875 [pool-126-thread-1] INFO  server.RaftServerConfigKeys (ConfUtils.java:logGet(43)) - raft.server.sleep.deviation.threshold = 300 (default)
2019-09-19 08:58:27,875 [pool-126-thread-1] INFO  server.RaftServerConfigKeys (ConfUtils.java:logGet(43)) - raft.server.log.appender.install.snapshot.enabled = false (custom)
2019-09-19 08:58:27,875 [pool-126-thread-1] INFO  impl.RaftServerImpl (ServerState.java:<init>(105)) - 1ad3fd21-b666-4d4e-8138-b5cd04f973fd:group-81164160C6D0 ConfigurationManager, init=-1: [1ad3fd21-b666-4d4e-8138-b5cd04f973fd:192.168.34.5:40478], old=null, confs=<EMPTY_MAP>
2019-09-19 08:58:27,876 [pool-126-thread-1] INFO  server.RaftServerConfigKeys (ConfUtils.java:logGet(43)) - raft.server.storage.dir = [/workdir/hadoop-ozone/integration-test/target/test-dir/MiniOzoneClusterImpl-072ceacc-f14a-494c-b049-5b6ad59b8d93/datanode-9/data/ratis] (custom)
2019-09-19 08:58:27,876 [pool-126-thread-1] INFO  storage.RaftStorageDirectory (RaftStorageDirectory.java:analyzeStorage(246)) - The storage directory /workdir/hadoop-ozone/integration-test/target/test-dir/MiniOzoneClusterImpl-072ceacc-f14a-494c-b049-5b6ad59b8d93/datanode-9/data/ratis/6d6a321f-5672-451d-bd14-81164160c6d0 does not exist. Creating ...
2019-09-19 08:58:27,879 [Thread-463] INFO  impl.FollowerState (FollowerState.java:run(106)) - a01737f6-7857-4616-835e-b1ff05ecf78f:group-68720849EEC2 changes to CANDIDATE, lastRpcTime:1115, electionTimeout:1115ms
2019-09-19 08:58:27,879 [Thread-463] INFO  impl.RoleInfo (RoleInfo.java:shutdownFollowerState(121)) - a01737f6-7857-4616-835e-b1ff05ecf78f: shutdown FollowerState
2019-09-19 08:58:27,879 [Thread-463] INFO  impl.RaftServerImpl (RaftServerImpl.java:setRole(171)) - a01737f6-7857-4616-835e-b1ff05ecf78f:group-68720849EEC2 changes role from FOLLOWER to CANDIDATE at term 0 for changeToCandidate
2019-09-19 08:58:27,879 [Thread-463] INFO  impl.RoleInfo (RoleInfo.java:updateAndGet(143)) - a01737f6-7857-4616-835e-b1ff05ecf78f: start LeaderElection
2019-09-19 08:58:27,883 [pool-126-thread-1] INFO  storage.RaftStorageDirectory (RaftStorageDirectory.java:tryLock(328)) - Lock on /workdir/hadoop-ozone/integration-test/target/test-dir/MiniOzoneClusterImpl-072ceacc-f14a-494c-b049-5b6ad59b8d93/datanode-9/data/ratis/6d6a321f-5672-451d-bd14-81164160c6d0/in_use.lock acquired by nodename 8013@pr-hdds-1569-j4bt4-3030777008
2019-09-19 08:58:27,918 [pool-126-thread-1] INFO  storage.RaftStorage (RaftStorage.java:format(72)) - Storage directory /workdir/hadoop-ozone/integration-test/target/test-dir/MiniOzoneClusterImpl-072ceacc-f14a-494c-b049-5b6ad59b8d93/datanode-9/data/ratis/6d6a321f-5672-451d-bd14-81164160c6d0 has been successfully formatted.
2019-09-19 08:58:27,919 [a01737f6-7857-4616-835e-b1ff05ecf78f:group-68720849EEC2:LeaderElection41] INFO  impl.LeaderElection (LeaderElection.java:askForVotes(181)) - a01737f6-7857-4616-835e-b1ff05ecf78f:group-68720849EEC2:LeaderElection41: begin an election at term 1 for -1: [a01737f6-7857-4616-835e-b1ff05ecf78f:192.168.34.5:36733], old=null
2019-09-19 08:58:27,919 [a01737f6-7857-4616-835e-b1ff05ecf78f:group-68720849EEC2:LeaderElection41] INFO  impl.RoleInfo (RoleInfo.java:shutdownLeaderElection(134)) - a01737f6-7857-4616-835e-b1ff05ecf78f: shutdown LeaderElection
2019-09-19 08:58:27,919 [pool-126-thread-1] INFO  ratis.ContainerStateMachine (ContainerStateMachine.java:loadSnapshot(226)) - group-81164160C6D0: The snapshot info is null. Setting the last applied indexto:(t:0, i:~)
2019-09-19 08:58:27,919 [a01737f6-7857-4616-835e-b1ff05ecf78f:group-68720849EEC2:LeaderElection41] INFO  impl.RaftServerImpl (RaftServerImpl.java:setRole(171)) - a01737f6-7857-4616-835e-b1ff05ecf78f:group-68720849EEC2 changes role from CANDIDATE to LEADER at term 1 for changeToLeader
2019-09-19 08:58:27,919 [pool-126-thread-1] INFO  server.RaftServerConfigKeys (ConfUtils.java:logGet(43)) - raft.server.leader.election.timeout = 120s (custom)
2019-09-19 08:58:27,919 [a01737f6-7857-4616-835e-b1ff05ecf78f:group-68720849EEC2:LeaderElection41] INFO  impl.RaftServerImpl (ServerState.java:setLeader(263)) - a01737f6-7857-4616-835e-b1ff05ecf78f:group-68720849EEC2 change Leader from null to a01737f6-7857-4616-835e-b1ff05ecf78f at term 1 for becomeLeader, leader elected after 1196ms
2019-09-19 08:58:27,919 [pool-126-thread-1] INFO  server.RaftServerConfigKeys (ConfUtils.java:logGet(43)) - raft.server.log.use.memory = false (default)
2019-09-19 08:58:27,919 [a01737f6-7857-4616-835e-b1ff05ecf78f:group-68720849EEC2:LeaderElection41] INFO  server.RaftServerConfigKeys (ConfUtils.java:logGet(43)) - raft.server.staging.catchup.gap = 1000 (default)
2019-09-19 08:58:27,919 [pool-126-thread-1] INFO  server.RaftServerConfigKeys (ConfUtils.java:logGet(43)) - raft.server.log.purge.gap = 1000000 (custom)
2019-09-19 08:58:27,919 [a01737f6-7857-4616-835e-b1ff05ecf78f:group-68720849EEC2:LeaderElection41] INFO  server.RaftServerConfigKeys (ConfUtils.java:logGet(43)) - raft.server.rpc.sleep.time = 25ms (default)
2019-09-19 08:58:27,920 [pool-126-thread-1] INFO  server.RaftServerConfigKeys (ConfUtils.java:logGet(43)) - raft.server.log.appender.buffer.byte-limit = 33554432 (custom)
2019-09-19 08:58:27,920 [a01737f6-7857-4616-835e-b1ff05ecf78f:group-68720849EEC2:LeaderElection41] INFO  server.RaftServerConfigKeys (ConfUtils.java:logGet(43)) - raft.server.write.element-limit = 4096 (default)
2019-09-19 08:58:27,920 [pool-126-thread-1] INFO  server.RaftServerConfigKeys (ConfUtils.java:logGet(43)) - raft.server.log.segment.size.max = 1048576 (custom)
2019-09-19 08:58:27,920 [a01737f6-7857-4616-835e-b1ff05ecf78f:group-68720849EEC2:LeaderElection41] INFO  server.RaftServerConfigKeys (ConfUtils.java:logGet(43)) - raft.server.watch.timeout = 10s (default)
2019-09-19 08:58:27,920 [pool-126-thread-1] INFO  server.RaftServerConfigKeys (ConfUtils.java:logGet(43)) - raft.server.log.segment.cache.num.max = 2 (custom)
2019-09-19 08:58:27,920 [a01737f6-7857-4616-835e-b1ff05ecf78f:group-68720849EEC2:LeaderElection41] INFO  server.RaftServerConfigKeys (ConfUtils.java:logGet(43)) - raft.server.watch.timeout.denomination = 1s (default)
2019-09-19 08:58:27,920 [pool-126-thread-1] INFO  segmented.SegmentedRaftLogWorker (SegmentedRaftLogWorker.java:<init>(172)) - new 1ad3fd21-b666-4d4e-8138-b5cd04f973fd-SegmentedRaftLogWorker:Storage Directory /workdir/hadoop-ozone/integration-test/target/test-dir/MiniOzoneClusterImpl-072ceacc-f14a-494c-b049-5b6ad59b8d93/datanode-9/data/ratis/6d6a321f-5672-451d-bd14-81164160c6d0 for RaftStorage:Storage Directory /workdir/hadoop-ozone/integration-test/target/test-dir/MiniOzoneClusterImpl-072ceacc-f14a-494c-b049-5b6ad59b8d93/datanode-9/data/ratis/6d6a321f-5672-451d-bd14-81164160c6d0
2019-09-19 08:58:27,920 [a01737f6-7857-4616-835e-b1ff05ecf78f:group-68720849EEC2:LeaderElection41] INFO  server.RaftServerConfigKeys (ConfUtils.java:logGet(43)) - raft.server.watch.element-limit = 65536 (default)
2019-09-19 08:58:27,920 [pool-126-thread-1] INFO  server.RaftServerConfigKeys (ConfUtils.java:logGet(43)) - raft.server.log.queue.byte-limit = 2147483647 (custom)
2019-09-19 08:58:27,921 [a01737f6-7857-4616-835e-b1ff05ecf78f:group-68720849EEC2:LeaderElection41] INFO  impl.RoleInfo (RoleInfo.java:updateAndGet(143)) - a01737f6-7857-4616-835e-b1ff05ecf78f: start LeaderState
2019-09-19 08:58:27,921 [pool-126-thread-1] INFO  server.RaftServerConfigKeys (ConfUtils.java:logGet(43)) - raft.server.log.queue.element-limit = 1024 (custom)
2019-09-19 08:58:27,921 [a01737f6-7857-4616-835e-b1ff05ecf78f:group-68720849EEC2:LeaderElection41] INFO  segmented.SegmentedRaftLogWorker (SegmentedRaftLogWorker.java:startLogSegment(380)) - a01737f6-7857-4616-835e-b1ff05ecf78f-SegmentedRaftLogWorker:Storage Directory /workdir/hadoop-ozone/integration-test/target/test-dir/MiniOzoneClusterImpl-072ceacc-f14a-494c-b049-5b6ad59b8d93/datanode-7/data/ratis/2fbfe33f-d9c8-456e-a5ce-68720849eec2: Starting segment from index:0
2019-09-19 08:58:27,921 [pool-126-thread-1] INFO  server.RaftServerConfigKeys (ConfUtils.java:logGet(43)) - raft.server.log.segment.size.max = 1048576 (custom)
2019-09-19 08:58:27,921 [pool-126-thread-1] INFO  server.RaftServerConfigKeys (ConfUtils.java:logGet(43)) - raft.server.log.preallocated.size = 16384 (custom)
2019-09-19 08:58:27,921 [a01737f6-7857-4616-835e-b1ff05ecf78f:group-68720849EEC2:LeaderElection41] INFO  impl.RaftServerImpl (ServerState.java:setRaftConf(361)) - a01737f6-7857-4616-835e-b1ff05ecf78f:group-68720849EEC2 set configuration 0: [a01737f6-7857-4616-835e-b1ff05ecf78f:192.168.34.5:36733], old=null at 0
2019-09-19 08:58:27,921 [pool-126-thread-1] INFO  server.RaftServerConfigKeys (ConfUtils.java:logGet(43)) - raft.server.log.write.buffer.size = 33554432 (custom)
2019-09-19 08:58:27,921 [pool-126-thread-1] INFO  server.RaftServerConfigKeys (ConfUtils.java:logGet(43)) - raft.server.log.force.sync.num = 128 (default)
2019-09-19 08:58:27,922 [pool-126-thread-1] INFO  server.RaftServerConfigKeys (ConfUtils.java:logGet(43)) - raft.server.log.statemachine.data.sync = true (default)
2019-09-19 08:58:27,922 [pool-126-thread-1] INFO  server.RaftServerConfigKeys (ConfUtils.java:logGet(43)) - raft.server.log.statemachine.data.sync.timeout = 10s (default)
2019-09-19 08:58:27,922 [pool-126-thread-1] INFO  server.RaftServerConfigKeys (ConfUtils.java:logGet(43)) - raft.server.log.statemachine.data.sync.timeout.retry = -1 (default)
2019-09-19 08:58:27,922 [pool-126-thread-1] INFO  server.RaftServerConfigKeys (ConfUtils.java:logGet(43)) - raft.server.log.statemachine.data.caching.enabled = true (custom)
2019-09-19 08:58:27,923 [pool-126-thread-1] INFO  segmented.SegmentedRaftLogWorker (SegmentedRaftLogWorker.java:lambda$new$0(132)) - 1ad3fd21-b666-4d4e-8138-b5cd04f973fd-SegmentedRaftLogWorker:Storage Directory /workdir/hadoop-ozone/integration-test/target/test-dir/MiniOzoneClusterImpl-072ceacc-f14a-494c-b049-5b6ad59b8d93/datanode-9/data/ratis/6d6a321f-5672-451d-bd14-81164160c6d0: flushIndex: setUnconditionally 0 -> -1
2019-09-19 08:58:27,923 [pool-126-thread-1] INFO  server.RaftServerConfigKeys (ConfUtils.java:logGet(43)) - raft.server.snapshot.auto.trigger.enabled = true (custom)
2019-09-19 08:58:27,923 [pool-126-thread-1] INFO  server.RaftServerConfigKeys (ConfUtils.java:logGet(43)) - raft.server.snapshot.auto.trigger.threshold = 10000 (custom)
2019-09-19 08:58:27,923 [pool-126-thread-1] INFO  server.RaftServerConfigKeys (ConfUtils.java:logGet(43)) - raft.server.retrycache.expirytime = 600000ms (custom)
2019-09-19 08:58:27,924 [pool-126-thread-1] INFO  impl.RaftServerImpl (RaftServerImpl.java:start(180)) - 1ad3fd21-b666-4d4e-8138-b5cd04f973fd: start group-81164160C6D0
2019-09-19 08:58:27,924 [pool-126-thread-1] INFO  impl.RaftServerImpl (RaftServerImpl.java:setRole(171)) - 1ad3fd21-b666-4d4e-8138-b5cd04f973fd:group-81164160C6D0 changes role from null to FOLLOWER at term 0 for startAsFollower
2019-09-19 08:58:27,924 [pool-126-thread-1] INFO  impl.RoleInfo (RoleInfo.java:updateAndGet(143)) - 1ad3fd21-b666-4d4e-8138-b5cd04f973fd: start FollowerState
2019-09-19 08:58:27,925 [pool-126-thread-1] INFO  util.JmxRegister (JmxRegister.java:tryRegister(44)) - Successfully registered JMX Bean with object name Ratis:service=RaftServer,group=group-81164160C6D0,id=1ad3fd21-b666-4d4e-8138-b5cd04f973fd
2019-09-19 08:58:27,927 [RatisPipelineUtilsThread] INFO  pipeline.PipelineStateManager (PipelineStateManager.java:addPipeline(56)) - Created pipeline Pipeline[ Id: 6d6a321f-5672-451d-bd14-81164160c6d0, Nodes: 1ad3fd21-b666-4d4e-8138-b5cd04f973fd{ip: 192.168.34.5, host: pr-hdds-1569-j4bt4-3030777008, networkLocation: /default-rack, certSerialId: null}, Type:RATIS, Factor:ONE, State:OPEN]
2019-09-19 08:58:27,928 [RatisPipelineUtilsThread] ERROR pipeline.PipelinePlacementPolicy (PipelinePlacementPolicy.java:meetCriteria(91)) - Pipeline Placement: Doesn't meet the criteria to be viable node. Heaviness: 6
2019-09-19 08:58:27,928 [RatisPipelineUtilsThread] ERROR pipeline.PipelinePlacementPolicy (PipelinePlacementPolicy.java:meetCriteria(91)) - Pipeline Placement: Doesn't meet the criteria to be viable node. Heaviness: 6
2019-09-19 08:58:27,928 [RatisPipelineUtilsThread] ERROR pipeline.PipelinePlacementPolicy (PipelinePlacementPolicy.java:meetCriteria(91)) - Pipeline Placement: Doesn't meet the criteria to be viable node. Heaviness: 6
2019-09-19 08:58:27,928 [RatisPipelineUtilsThread] ERROR pipeline.PipelinePlacementPolicy (PipelinePlacementPolicy.java:meetCriteria(91)) - Pipeline Placement: Doesn't meet the criteria to be viable node. Heaviness: 6
2019-09-19 08:58:27,928 [RatisPipelineUtilsThread] ERROR pipeline.PipelinePlacementPolicy (PipelinePlacementPolicy.java:meetCriteria(91)) - Pipeline Placement: Doesn't meet the criteria to be viable node. Heaviness: 6
2019-09-19 08:58:27,928 [RatisPipelineUtilsThread] ERROR pipeline.PipelinePlacementPolicy (PipelinePlacementPolicy.java:meetCriteria(91)) - Pipeline Placement: Doesn't meet the criteria to be viable node. Heaviness: 6
2019-09-19 08:58:27,928 [RatisPipelineUtilsThread] ERROR pipeline.PipelinePlacementPolicy (PipelinePlacementPolicy.java:meetCriteria(91)) - Pipeline Placement: Doesn't meet the criteria to be viable node. Heaviness: 6
2019-09-19 08:58:27,928 [RatisPipelineUtilsThread] ERROR pipeline.PipelinePlacementPolicy (PipelinePlacementPolicy.java:meetCriteria(91)) - Pipeline Placement: Doesn't meet the criteria to be viable node. Heaviness: 6
2019-09-19 08:58:27,928 [RatisPipelineUtilsThread] ERROR pipeline.PipelinePlacementPolicy (PipelinePlacementPolicy.java:meetCriteria(91)) - Pipeline Placement: Doesn't meet the criteria to be viable node. Heaviness: 6
2019-09-19 08:58:27,933 [grpc-default-executor-1] INFO  impl.RaftServerProxy (RaftServerProxy.java:addNew(89)) - 1ad3fd21-b666-4d4e-8138-b5cd04f973fd: addNew group-6EFBB39F928F:[1ad3fd21-b666-4d4e-8138-b5cd04f973fd:192.168.34.5:40478] returns group-6EFBB39F928F:java.util.concurrent.CompletableFuture@6d5694a7[Not completed]
2019-09-19 08:58:27,934 [pool-126-thread-1] INFO  impl.RaftServerImpl (RaftServerImpl.java:<init>(93)) - 1ad3fd21-b666-4d4e-8138-b5cd04f973fd: new RaftServerImpl for group-6EFBB39F928F:[1ad3fd21-b666-4d4e-8138-b5cd04f973fd:192.168.34.5:40478] with ContainerStateMachine:uninitialized
2019-09-19 08:58:27,935 [pool-126-thread-1] INFO  server.RaftServerConfigKeys (ConfUtils.java:logGet(43)) - raft.server.rpc.timeout.min = 1s (custom)
2019-09-19 08:58:27,935 [pool-126-thread-1] INFO  server.RaftServerConfigKeys (ConfUtils.java:logGet(43)) - raft.server.rpc.timeout.max = 1200ms (custom)
2019-09-19 08:58:27,935 [pool-126-thread-1] INFO  server.RaftServerConfigKeys (ConfUtils.java:logGet(43)) - raft.server.rpcslowness.timeout = 120s (custom)
2019-09-19 08:58:27,935 [pool-126-thread-1] INFO  server.RaftServerConfigKeys (ConfUtils.java:logGet(43)) - raft.server.sleep.deviation.threshold = 300 (default)
2019-09-19 08:58:27,935 [pool-126-thread-1] INFO  server.RaftServerConfigKeys (ConfUtils.java:logGet(43)) - raft.server.log.appender.install.snapshot.enabled = false (custom)
2019-09-19 08:58:27,936 [pool-126-thread-1] INFO  impl.RaftServerImpl (ServerState.java:<init>(105)) - 1ad3fd21-b666-4d4e-8138-b5cd04f973fd:group-6EFBB39F928F ConfigurationManager, init=-1: [1ad3fd21-b666-4d4e-8138-b5cd04f973fd:192.168.34.5:40478], old=null, confs=<EMPTY_MAP>
2019-09-19 08:58:27,936 [pool-126-thread-1] INFO  server.RaftServerConfigKeys (ConfUtils.java:logGet(43)) - raft.server.storage.dir = [/workdir/hadoop-ozone/integration-test/target/test-dir/MiniOzoneClusterImpl-072ceacc-f14a-494c-b049-5b6ad59b8d93/datanode-9/data/ratis] (custom)
2019-09-19 08:58:27,936 [pool-126-thread-1] INFO  storage.RaftStorageDirectory (RaftStorageDirectory.java:analyzeStorage(246)) - The storage directory /workdir/hadoop-ozone/integration-test/target/test-dir/MiniOzoneClusterImpl-072ceacc-f14a-494c-b049-5b6ad59b8d93/datanode-9/data/ratis/acd55bdc-be37-43db-971c-6efbb39f928f does not exist. Creating ...
2019-09-19 08:58:27,949 [pool-126-thread-1] INFO  storage.RaftStorageDirectory (RaftStorageDirectory.java:tryLock(328)) - Lock on /workdir/hadoop-ozone/integration-test/target/test-dir/MiniOzoneClusterImpl-072ceacc-f14a-494c-b049-5b6ad59b8d93/datanode-9/data/ratis/acd55bdc-be37-43db-971c-6efbb39f928f/in_use.lock acquired by nodename 8013@pr-hdds-1569-j4bt4-3030777008
2019-09-19 08:58:27,952 [a01737f6-7857-4616-835e-b1ff05ecf78f-SegmentedRaftLogWorker:Storage Directory /workdir/hadoop-ozone/integration-test/target/test-dir/MiniOzoneClusterImpl-072ceacc-f14a-494c-b049-5b6ad59b8d93/datanode-7/data/ratis/2fbfe33f-d9c8-456e-a5ce-68720849eec2] INFO  segmented.SegmentedRaftLogWorker (SegmentedRaftLogWorker.java:execute(569)) - a01737f6-7857-4616-835e-b1ff05ecf78f-SegmentedRaftLogWorker:Storage Directory /workdir/hadoop-ozone/integration-test/target/test-dir/MiniOzoneClusterImpl-072ceacc-f14a-494c-b049-5b6ad59b8d93/datanode-7/data/ratis/2fbfe33f-d9c8-456e-a5ce-68720849eec2: created new log segment /workdir/hadoop-ozone/integration-test/target/test-dir/MiniOzoneClusterImpl-072ceacc-f14a-494c-b049-5b6ad59b8d93/datanode-7/data/ratis/2fbfe33f-d9c8-456e-a5ce-68720849eec2/current/log_inprogress_0
2019-09-19 08:58:27,952 [pool-126-thread-1] INFO  storage.RaftStorage (RaftStorage.java:format(72)) - Storage directory /workdir/hadoop-ozone/integration-test/target/test-dir/MiniOzoneClusterImpl-072ceacc-f14a-494c-b049-5b6ad59b8d93/datanode-9/data/ratis/acd55bdc-be37-43db-971c-6efbb39f928f has been successfully formatted.
2019-09-19 08:58:27,952 [Thread-469] INFO  impl.FollowerState (FollowerState.java:run(106)) - 59afcdb3-7cd7-47ef-abfa-eabf405042f7:group-B7AEFB61EA16 changes to CANDIDATE, lastRpcTime:1121, electionTimeout:1121ms
2019-09-19 08:58:27,952 [Thread-469] INFO  impl.RoleInfo (RoleInfo.java:shutdownFollowerState(121)) - 59afcdb3-7cd7-47ef-abfa-eabf405042f7: shutdown FollowerState
2019-09-19 08:58:27,952 [Thread-469] INFO  impl.RaftServerImpl (RaftServerImpl.java:setRole(171)) - 59afcdb3-7cd7-47ef-abfa-eabf405042f7:group-B7AEFB61EA16 changes role from FOLLOWER to CANDIDATE at term 0 for changeToCandidate
2019-09-19 08:58:27,952 [pool-126-thread-1] INFO  ratis.ContainerStateMachine (ContainerStateMachine.java:loadSnapshot(226)) - group-6EFBB39F928F: The snapshot info is null. Setting the last applied indexto:(t:0, i:~)
2019-09-19 08:58:27,952 [Thread-469] INFO  impl.RoleInfo (RoleInfo.java:updateAndGet(143)) - 59afcdb3-7cd7-47ef-abfa-eabf405042f7: start LeaderElection
2019-09-19 08:58:27,952 [pool-126-thread-1] INFO  server.RaftServerConfigKeys (ConfUtils.java:logGet(43)) - raft.server.leader.election.timeout = 120s (custom)
2019-09-19 08:58:27,953 [pool-126-thread-1] INFO  server.RaftServerConfigKeys (ConfUtils.java:logGet(43)) - raft.server.log.use.memory = false (default)
2019-09-19 08:58:27,955 [pool-126-thread-1] INFO  server.RaftServerConfigKeys (ConfUtils.java:logGet(43)) - raft.server.log.purge.gap = 1000000 (custom)
2019-09-19 08:58:27,956 [pool-126-thread-1] INFO  server.RaftServerConfigKeys (ConfUtils.java:logGet(43)) - raft.server.log.appender.buffer.byte-limit = 33554432 (custom)
2019-09-19 08:58:27,956 [pool-126-thread-1] INFO  server.RaftServerConfigKeys (ConfUtils.java:logGet(43)) - raft.server.log.segment.size.max = 1048576 (custom)
2019-09-19 08:58:27,956 [pool-126-thread-1] INFO  server.RaftServerConfigKeys (ConfUtils.java:logGet(43)) - raft.server.log.segment.cache.num.max = 2 (custom)
2019-09-19 08:58:27,956 [pool-126-thread-1] INFO  segmented.SegmentedRaftLogWorker (SegmentedRaftLogWorker.java:<init>(172)) - new 1ad3fd21-b666-4d4e-8138-b5cd04f973fd-SegmentedRaftLogWorker:Storage Directory /workdir/hadoop-ozone/integration-test/target/test-dir/MiniOzoneClusterImpl-072ceacc-f14a-494c-b049-5b6ad59b8d93/datanode-9/data/ratis/acd55bdc-be37-43db-971c-6efbb39f928f for RaftStorage:Storage Directory /workdir/hadoop-ozone/integration-test/target/test-dir/MiniOzoneClusterImpl-072ceacc-f14a-494c-b049-5b6ad59b8d93/datanode-9/data/ratis/acd55bdc-be37-43db-971c-6efbb39f928f
2019-09-19 08:58:27,956 [pool-126-thread-1] INFO  server.RaftServerConfigKeys (ConfUtils.java:logGet(43)) - raft.server.log.queue.byte-limit = 2147483647 (custom)
2019-09-19 08:58:27,956 [pool-126-thread-1] INFO  server.RaftServerConfigKeys (ConfUtils.java:logGet(43)) - raft.server.log.queue.element-limit = 1024 (custom)
2019-09-19 08:58:27,956 [pool-126-thread-1] INFO  server.RaftServerConfigKeys (ConfUtils.java:logGet(43)) - raft.server.log.segment.size.max = 1048576 (custom)
2019-09-19 08:58:27,957 [pool-126-thread-1] INFO  server.RaftServerConfigKeys (ConfUtils.java:logGet(43)) - raft.server.log.preallocated.size = 16384 (custom)
2019-09-19 08:58:27,957 [pool-126-thread-1] INFO  server.RaftServerConfigKeys (ConfUtils.java:logGet(43)) - raft.server.log.write.buffer.size = 33554432 (custom)
2019-09-19 08:58:27,957 [pool-126-thread-1] INFO  server.RaftServerConfigKeys (ConfUtils.java:logGet(43)) - raft.server.log.force.sync.num = 128 (default)
2019-09-19 08:58:27,957 [pool-126-thread-1] INFO  server.RaftServerConfigKeys (ConfUtils.java:logGet(43)) - raft.server.log.statemachine.data.sync = true (default)
2019-09-19 08:58:27,957 [pool-126-thread-1] INFO  server.RaftServerConfigKeys (ConfUtils.java:logGet(43)) - raft.server.log.statemachine.data.sync.timeout = 10s (default)
2019-09-19 08:58:27,957 [pool-126-thread-1] INFO  server.RaftServerConfigKeys (ConfUtils.java:logGet(43)) - raft.server.log.statemachine.data.sync.timeout.retry = -1 (default)
2019-09-19 08:58:27,957 [pool-126-thread-1] INFO  server.RaftServerConfigKeys (ConfUtils.java:logGet(43)) - raft.server.log.statemachine.data.caching.enabled = true (custom)
2019-09-19 08:58:27,958 [pool-126-thread-1] INFO  segmented.SegmentedRaftLogWorker (SegmentedRaftLogWorker.java:lambda$new$0(132)) - 1ad3fd21-b666-4d4e-8138-b5cd04f973fd-SegmentedRaftLogWorker:Storage Directory /workdir/hadoop-ozone/integration-test/target/test-dir/MiniOzoneClusterImpl-072ceacc-f14a-494c-b049-5b6ad59b8d93/datanode-9/data/ratis/acd55bdc-be37-43db-971c-6efbb39f928f: flushIndex: setUnconditionally 0 -> -1
2019-09-19 08:58:27,958 [pool-126-thread-1] INFO  server.RaftServerConfigKeys (ConfUtils.java:logGet(43)) - raft.server.snapshot.auto.trigger.enabled = true (custom)
2019-09-19 08:58:27,958 [pool-126-thread-1] INFO  server.RaftServerConfigKeys (ConfUtils.java:logGet(43)) - raft.server.snapshot.auto.trigger.threshold = 10000 (custom)
2019-09-19 08:58:27,958 [pool-126-thread-1] INFO  server.RaftServerConfigKeys (ConfUtils.java:logGet(43)) - raft.server.retrycache.expirytime = 600000ms (custom)
2019-09-19 08:58:27,958 [pool-126-thread-1] INFO  impl.RaftServerImpl (RaftServerImpl.java:start(180)) - 1ad3fd21-b666-4d4e-8138-b5cd04f973fd: start group-6EFBB39F928F
2019-09-19 08:58:27,958 [pool-126-thread-1] INFO  impl.RaftServerImpl (RaftServerImpl.java:setRole(171)) - 1ad3fd21-b666-4d4e-8138-b5cd04f973fd:group-6EFBB39F928F changes role from null to FOLLOWER at term 0 for startAsFollower
2019-09-19 08:58:27,958 [pool-126-thread-1] INFO  impl.RoleInfo (RoleInfo.java:updateAndGet(143)) - 1ad3fd21-b666-4d4e-8138-b5cd04f973fd: start FollowerState
2019-09-19 08:58:27,959 [pool-126-thread-1] INFO  util.JmxRegister (JmxRegister.java:tryRegister(44)) - Successfully registered JMX Bean with object name Ratis:service=RaftServer,group=group-6EFBB39F928F,id=1ad3fd21-b666-4d4e-8138-b5cd04f973fd
2019-09-19 08:58:27,961 [RatisPipelineUtilsThread] INFO  pipeline.PipelineStateManager (PipelineStateManager.java:addPipeline(56)) - Created pipeline Pipeline[ Id: acd55bdc-be37-43db-971c-6efbb39f928f, Nodes: 1ad3fd21-b666-4d4e-8138-b5cd04f973fd{ip: 192.168.34.5, host: pr-hdds-1569-j4bt4-3030777008, networkLocation: /default-rack, certSerialId: null}, Type:RATIS, Factor:ONE, State:OPEN]
2019-09-19 08:58:27,961 [RatisPipelineUtilsThread] ERROR pipeline.PipelinePlacementPolicy (PipelinePlacementPolicy.java:meetCriteria(91)) - Pipeline Placement: Doesn't meet the criteria to be viable node. Heaviness: 6
2019-09-19 08:58:27,961 [RatisPipelineUtilsThread] ERROR pipeline.PipelinePlacementPolicy (PipelinePlacementPolicy.java:meetCriteria(91)) - Pipeline Placement: Doesn't meet the criteria to be viable node. Heaviness: 6
2019-09-19 08:58:27,961 [RatisPipelineUtilsThread] ERROR pipeline.PipelinePlacementPolicy (PipelinePlacementPolicy.java:meetCriteria(91)) - Pipeline Placement: Doesn't meet the criteria to be viable node. Heaviness: 6
2019-09-19 08:58:27,961 [RatisPipelineUtilsThread] ERROR pipeline.PipelinePlacementPolicy (PipelinePlacementPolicy.java:meetCriteria(91)) - Pipeline Placement: Doesn't meet the criteria to be viable node. Heaviness: 6
2019-09-19 08:58:27,961 [RatisPipelineUtilsThread] ERROR pipeline.PipelinePlacementPolicy (PipelinePlacementPolicy.java:meetCriteria(91)) - Pipeline Placement: Doesn't meet the criteria to be viable node. Heaviness: 6
2019-09-19 08:58:27,962 [RatisPipelineUtilsThread] ERROR pipeline.PipelinePlacementPolicy (PipelinePlacementPolicy.java:meetCriteria(91)) - Pipeline Placement: Doesn't meet the criteria to be viable node. Heaviness: 6
2019-09-19 08:58:27,962 [RatisPipelineUtilsThread] ERROR pipeline.PipelinePlacementPolicy (PipelinePlacementPolicy.java:meetCriteria(91)) - Pipeline Placement: Doesn't meet the criteria to be viable node. Heaviness: 6
2019-09-19 08:58:27,962 [RatisPipelineUtilsThread] ERROR pipeline.PipelinePlacementPolicy (PipelinePlacementPolicy.java:meetCriteria(91)) - Pipeline Placement: Doesn't meet the criteria to be viable node. Heaviness: 6
2019-09-19 08:58:27,962 [RatisPipelineUtilsThread] ERROR pipeline.PipelinePlacementPolicy (PipelinePlacementPolicy.java:meetCriteria(91)) - Pipeline Placement: Doesn't meet the criteria to be viable node. Heaviness: 6
2019-09-19 08:58:27,962 [RatisPipelineUtilsThread] ERROR pipeline.PipelinePlacementPolicy (PipelinePlacementPolicy.java:meetCriteria(91)) - Pipeline Placement: Doesn't meet the criteria to be viable node. Heaviness: 6
2019-09-19 08:58:27,962 [RatisPipelineUtilsThread] ERROR pipeline.PipelinePlacementPolicy (PipelinePlacementPolicy.java:filterViableNodes(146)) - Unable to find enough nodes that meet the criteria that cannot engage in more than 5 pipelines. Nodes required: 1 Found: 0, healthy nodes count inNodeManager: 10.
2019-09-19 08:58:27,963 [RatisPipelineUtilsThread] ERROR pipeline.SCMPipelineManager (SCMPipelineManager.java:createPipeline(161)) - Pipeline creation failed due to exception: Unable to find enough nodes that meet the criteria that cannot engage in more than 5 pipelines. Nodes required: 1 Found: 0, healthy nodes count inNodeManager: 10.
2019-09-19 08:58:27,963 [RatisPipelineUtilsThread] ERROR pipeline.PipelinePlacementPolicy (PipelinePlacementPolicy.java:meetCriteria(91)) - Pipeline Placement: Doesn't meet the criteria to be viable node. Heaviness: 6
2019-09-19 08:58:27,963 [RatisPipelineUtilsThread] ERROR pipeline.PipelinePlacementPolicy (PipelinePlacementPolicy.java:meetCriteria(91)) - Pipeline Placement: Doesn't meet the criteria to be viable node. Heaviness: 6
2019-09-19 08:58:27,963 [RatisPipelineUtilsThread] ERROR pipeline.PipelinePlacementPolicy (PipelinePlacementPolicy.java:meetCriteria(91)) - Pipeline Placement: Doesn't meet the criteria to be viable node. Heaviness: 6
2019-09-19 08:58:27,963 [RatisPipelineUtilsThread] ERROR pipeline.PipelinePlacementPolicy (PipelinePlacementPolicy.java:meetCriteria(91)) - Pipeline Placement: Doesn't meet the criteria to be viable node. Heaviness: 6
2019-09-19 08:58:27,963 [RatisPipelineUtilsThread] ERROR pipeline.PipelinePlacementPolicy (PipelinePlacementPolicy.java:meetCriteria(91)) - Pipeline Placement: Doesn't meet the criteria to be viable node. Heaviness: 6
2019-09-19 08:58:27,964 [RatisPipelineUtilsThread] ERROR pipeline.PipelinePlacementPolicy (PipelinePlacementPolicy.java:meetCriteria(91)) - Pipeline Placement: Doesn't meet the criteria to be viable node. Heaviness: 6
2019-09-19 08:58:27,964 [RatisPipelineUtilsThread] ERROR pipeline.PipelinePlacementPolicy (PipelinePlacementPolicy.java:meetCriteria(91)) - Pipeline Placement: Doesn't meet the criteria to be viable node. Heaviness: 6
2019-09-19 08:58:27,964 [RatisPipelineUtilsThread] ERROR pipeline.PipelinePlacementPolicy (PipelinePlacementPolicy.java:meetCriteria(91)) - Pipeline Placement: Doesn't meet the criteria to be viable node. Heaviness: 6
2019-09-19 08:58:27,964 [RatisPipelineUtilsThread] ERROR pipeline.PipelinePlacementPolicy (PipelinePlacementPolicy.java:meetCriteria(91)) - Pipeline Placement: Doesn't meet the criteria to be viable node. Heaviness: 6
2019-09-19 08:58:27,964 [RatisPipelineUtilsThread] ERROR pipeline.PipelinePlacementPolicy (PipelinePlacementPolicy.java:meetCriteria(91)) - Pipeline Placement: Doesn't meet the criteria to be viable node. Heaviness: 6
2019-09-19 08:58:27,964 [RatisPipelineUtilsThread] ERROR pipeline.PipelinePlacementPolicy (PipelinePlacementPolicy.java:filterViableNodes(146)) - Unable to find enough nodes that meet the criteria that cannot engage in more than 5 pipelines. Nodes required: 3 Found: 0, healthy nodes count inNodeManager: 10.
2019-09-19 08:58:27,964 [RatisPipelineUtilsThread] ERROR pipeline.SCMPipelineManager (SCMPipelineManager.java:createPipeline(161)) - Pipeline creation failed due to exception: Unable to find enough nodes that meet the criteria that cannot engage in more than 5 pipelines. Nodes required: 3 Found: 0, healthy nodes count inNodeManager: 10.
2019-09-19 08:58:27,965 [RatisPipelineUtilsThread] ERROR pipeline.PipelinePlacementPolicy (PipelinePlacementPolicy.java:meetCriteria(91)) - Pipeline Placement: Doesn't meet the criteria to be viable node. Heaviness: 6
2019-09-19 08:58:27,965 [RatisPipelineUtilsThread] ERROR pipeline.PipelinePlacementPolicy (PipelinePlacementPolicy.java:meetCriteria(91)) - Pipeline Placement: Doesn't meet the criteria to be viable node. Heaviness: 6
2019-09-19 08:58:27,965 [RatisPipelineUtilsThread] ERROR pipeline.PipelinePlacementPolicy (PipelinePlacementPolicy.java:meetCriteria(91)) - Pipeline Placement: Doesn't meet the criteria to be viable node. Heaviness: 6
2019-09-19 08:58:27,965 [RatisPipelineUtilsThread] ERROR pipeline.PipelinePlacementPolicy (PipelinePlacementPolicy.java:meetCriteria(91)) - Pipeline Placement: Doesn't meet the criteria to be viable node. Heaviness: 6
2019-09-19 08:58:27,965 [RatisPipelineUtilsThread] ERROR pipeline.PipelinePlacementPolicy (PipelinePlacementPolicy.java:meetCriteria(91)) - Pipeline Placement: Doesn't meet the criteria to be viable node. Heaviness: 6
2019-09-19 08:58:27,965 [RatisPipelineUtilsThread] ERROR pipeline.PipelinePlacementPolicy (PipelinePlacementPolicy.java:meetCriteria(91)) - Pipeline Placement: Doesn't meet the criteria to be viable node. Heaviness: 6
2019-09-19 08:58:27,965 [RatisPipelineUtilsThread] ERROR pipeline.PipelinePlacementPolicy (PipelinePlacementPolicy.java:meetCriteria(91)) - Pipeline Placement: Doesn't meet the criteria to be viable node. Heaviness: 6
2019-09-19 08:58:27,965 [RatisPipelineUtilsThread] ERROR pipeline.PipelinePlacementPolicy (PipelinePlacementPolicy.java:meetCriteria(91)) - Pipeline Placement: Doesn't meet the criteria to be viable node. Heaviness: 6
2019-09-19 08:58:27,966 [RatisPipelineUtilsThread] ERROR pipeline.PipelinePlacementPolicy (PipelinePlacementPolicy.java:meetCriteria(91)) - Pipeline Placement: Doesn't meet the criteria to be viable node. Heaviness: 6
2019-09-19 08:58:27,966 [RatisPipelineUtilsThread] ERROR pipeline.PipelinePlacementPolicy (PipelinePlacementPolicy.java:meetCriteria(91)) - Pipeline Placement: Doesn't meet the criteria to be viable node. Heaviness: 6
2019-09-19 08:58:27,966 [RatisPipelineUtilsThread] ERROR pipeline.PipelinePlacementPolicy (PipelinePlacementPolicy.java:filterViableNodes(146)) - Unable to find enough nodes that meet the criteria that cannot engage in more than 5 pipelines. Nodes required: 1 Found: 0, healthy nodes count inNodeManager: 10.
2019-09-19 08:58:27,966 [RatisPipelineUtilsThread] ERROR pipeline.SCMPipelineManager (SCMPipelineManager.java:createPipeline(161)) - Pipeline creation failed due to exception: Unable to find enough nodes that meet the criteria that cannot engage in more than 5 pipelines. Nodes required: 1 Found: 0, healthy nodes count inNodeManager: 10.
2019-09-19 08:58:27,966 [RatisPipelineUtilsThread] ERROR pipeline.PipelinePlacementPolicy (PipelinePlacementPolicy.java:meetCriteria(91)) - Pipeline Placement: Doesn't meet the criteria to be viable node. Heaviness: 6
2019-09-19 08:58:27,966 [RatisPipelineUtilsThread] ERROR pipeline.PipelinePlacementPolicy (PipelinePlacementPolicy.java:meetCriteria(91)) - Pipeline Placement: Doesn't meet the criteria to be viable node. Heaviness: 6
2019-09-19 08:58:27,966 [RatisPipelineUtilsThread] ERROR pipeline.PipelinePlacementPolicy (PipelinePlacementPolicy.java:meetCriteria(91)) - Pipeline Placement: Doesn't meet the criteria to be viable node. Heaviness: 6
2019-09-19 08:58:27,966 [RatisPipelineUtilsThread] ERROR pipeline.PipelinePlacementPolicy (PipelinePlacementPolicy.java:meetCriteria(91)) - Pipeline Placement: Doesn't meet the criteria to be viable node. Heaviness: 6
2019-09-19 08:58:27,966 [RatisPipelineUtilsThread] ERROR pipeline.PipelinePlacementPolicy (PipelinePlacementPolicy.java:meetCriteria(91)) - Pipeline Placement: Doesn't meet the criteria to be viable node. Heaviness: 6
2019-09-19 08:58:27,966 [RatisPipelineUtilsThread] ERROR pipeline.PipelinePlacementPolicy (PipelinePlacementPolicy.java:meetCriteria(91)) - Pipeline Placement: Doesn't meet the criteria to be viable node. Heaviness: 6
2019-09-19 08:58:27,966 [RatisPipelineUtilsThread] ERROR pipeline.PipelinePlacementPolicy (PipelinePlacementPolicy.java:meetCriteria(91)) - Pipeline Placement: Doesn't meet the criteria to be viable node. Heaviness: 6
2019-09-19 08:58:27,966 [RatisPipelineUtilsThread] ERROR pipeline.PipelinePlacementPolicy (PipelinePlacementPolicy.java:meetCriteria(91)) - Pipeline Placement: Doesn't meet the criteria to be viable node. Heaviness: 6
2019-09-19 08:58:27,967 [RatisPipelineUtilsThread] ERROR pipeline.PipelinePlacementPolicy (PipelinePlacementPolicy.java:meetCriteria(91)) - Pipeline Placement: Doesn't meet the criteria to be viable node. Heaviness: 6
2019-09-19 08:58:27,967 [RatisPipelineUtilsThread] ERROR pipeline.PipelinePlacementPolicy (PipelinePlacementPolicy.java:meetCriteria(91)) - Pipeline Placement: Doesn't meet the criteria to be viable node. Heaviness: 6
2019-09-19 08:58:27,967 [RatisPipelineUtilsThread] ERROR pipeline.PipelinePlacementPolicy (PipelinePlacementPolicy.java:filterViableNodes(146)) - Unable to find enough nodes that meet the criteria that cannot engage in more than 5 pipelines. Nodes required: 3 Found: 0, healthy nodes count inNodeManager: 10.
2019-09-19 08:58:27,967 [RatisPipelineUtilsThread] ERROR pipeline.SCMPipelineManager (SCMPipelineManager.java:createPipeline(161)) - Pipeline creation failed due to exception: Unable to find enough nodes that meet the criteria that cannot engage in more than 5 pipelines. Nodes required: 3 Found: 0, healthy nodes count inNodeManager: 10.
2019-09-19 08:58:27,967 [IPC Server handler 0 on 35261] ERROR pipeline.PipelinePlacementPolicy (PipelinePlacementPolicy.java:meetCriteria(91)) - Pipeline Placement: Doesn't meet the criteria to be viable node. Heaviness: 6
2019-09-19 08:58:27,967 [IPC Server handler 0 on 35261] ERROR pipeline.PipelinePlacementPolicy (PipelinePlacementPolicy.java:meetCriteria(91)) - Pipeline Placement: Doesn't meet the criteria to be viable node. Heaviness: 6
2019-09-19 08:58:27,967 [IPC Server handler 0 on 35261] ERROR pipeline.PipelinePlacementPolicy (PipelinePlacementPolicy.java:meetCriteria(91)) - Pipeline Placement: Doesn't meet the criteria to be viable node. Heaviness: 6
2019-09-19 08:58:27,967 [IPC Server handler 0 on 35261] ERROR pipeline.PipelinePlacementPolicy (PipelinePlacementPolicy.java:meetCriteria(91)) - Pipeline Placement: Doesn't meet the criteria to be viable node. Heaviness: 6
2019-09-19 08:58:27,967 [IPC Server handler 0 on 35261] ERROR pipeline.PipelinePlacementPolicy (PipelinePlacementPolicy.java:meetCriteria(91)) - Pipeline Placement: Doesn't meet the criteria to be viable node. Heaviness: 6
2019-09-19 08:58:27,967 [IPC Server handler 0 on 35261] ERROR pipeline.PipelinePlacementPolicy (PipelinePlacementPolicy.java:meetCriteria(91)) - Pipeline Placement: Doesn't meet the criteria to be viable node. Heaviness: 6
2019-09-19 08:58:27,968 [IPC Server handler 0 on 35261] ERROR pipeline.PipelinePlacementPolicy (PipelinePlacementPolicy.java:meetCriteria(91)) - Pipeline Placement: Doesn't meet the criteria to be viable node. Heaviness: 6
2019-09-19 08:58:27,968 [IPC Server handler 0 on 35261] ERROR pipeline.PipelinePlacementPolicy (PipelinePlacementPolicy.java:meetCriteria(91)) - Pipeline Placement: Doesn't meet the criteria to be viable node. Heaviness: 6
2019-09-19 08:58:27,968 [IPC Server handler 0 on 35261] ERROR pipeline.PipelinePlacementPolicy (PipelinePlacementPolicy.java:meetCriteria(91)) - Pipeline Placement: Doesn't meet the criteria to be viable node. Heaviness: 6
2019-09-19 08:58:27,968 [IPC Server handler 0 on 35261] ERROR pipeline.PipelinePlacementPolicy (PipelinePlacementPolicy.java:meetCriteria(91)) - Pipeline Placement: Doesn't meet the criteria to be viable node. Heaviness: 6
2019-09-19 08:58:27,968 [IPC Server handler 0 on 35261] ERROR pipeline.PipelinePlacementPolicy (PipelinePlacementPolicy.java:filterViableNodes(146)) - Unable to find enough nodes that meet the criteria that cannot engage in more than 5 pipelines. Nodes required: 3 Found: 0, healthy nodes count inNodeManager: 10.
2019-09-19 08:58:27,968 [IPC Server handler 0 on 35261] ERROR pipeline.SCMPipelineManager (SCMPipelineManager.java:createPipeline(161)) - Pipeline creation failed due to exception: Unable to find enough nodes that meet the criteria that cannot engage in more than 5 pipelines. Nodes required: 3 Found: 0, healthy nodes count inNodeManager: 10.
2019-09-19 08:58:27,968 [59afcdb3-7cd7-47ef-abfa-eabf405042f7:group-B7AEFB61EA16:LeaderElection42] INFO  impl.LeaderElection (LeaderElection.java:askForVotes(181)) - 59afcdb3-7cd7-47ef-abfa-eabf405042f7:group-B7AEFB61EA16:LeaderElection42: begin an election at term 1 for -1: [59afcdb3-7cd7-47ef-abfa-eabf405042f7:192.168.34.5:36202], old=null
2019-09-19 08:58:27,968 [59afcdb3-7cd7-47ef-abfa-eabf405042f7:group-B7AEFB61EA16:LeaderElection42] INFO  impl.RoleInfo (RoleInfo.java:shutdownLeaderElection(134)) - 59afcdb3-7cd7-47ef-abfa-eabf405042f7: shutdown LeaderElection
2019-09-19 08:58:27,969 [59afcdb3-7cd7-47ef-abfa-eabf405042f7:group-B7AEFB61EA16:LeaderElection42] INFO  impl.RaftServerImpl (RaftServerImpl.java:setRole(171)) - 59afcdb3-7cd7-47ef-abfa-eabf405042f7:group-B7AEFB61EA16 changes role from CANDIDATE to LEADER at term 1 for changeToLeader
2019-09-19 08:58:27,969 [59afcdb3-7cd7-47ef-abfa-eabf405042f7:group-B7AEFB61EA16:LeaderElection42] INFO  impl.RaftServerImpl (ServerState.java:setLeader(263)) - 59afcdb3-7cd7-47ef-abfa-eabf405042f7:group-B7AEFB61EA16 change Leader from null to 59afcdb3-7cd7-47ef-abfa-eabf405042f7 at term 1 for becomeLeader, leader elected after 1141ms
2019-09-19 08:58:27,969 [59afcdb3-7cd7-47ef-abfa-eabf405042f7:group-B7AEFB61EA16:LeaderElection42] INFO  server.RaftServerConfigKeys (ConfUtils.java:logGet(43)) - raft.server.staging.catchup.gap = 1000 (default)
2019-09-19 08:58:27,969 [59afcdb3-7cd7-47ef-abfa-eabf405042f7:group-B7AEFB61EA16:LeaderElection42] INFO  server.RaftServerConfigKeys (ConfUtils.java:logGet(43)) - raft.server.rpc.sleep.time = 25ms (default)
2019-09-19 08:58:27,969 [IPC Server handler 0 on 35261] WARN  block.BlockManagerImpl (BlockManagerImpl.java:allocateBlock(192)) - Pipeline creation failed for type:RATIS factor:THREE. Retrying get pipelines call once.
org.apache.hadoop.hdds.scm.exceptions.SCMException: Unable to find enough nodes that meet the criteria that cannot engage in more than 5 pipelines. Nodes required: 3 Found: 0, healthy nodes count inNodeManager: 10.
	at org.apache.hadoop.hdds.scm.pipeline.PipelinePlacementPolicy.filterViableNodes(PipelinePlacementPolicy.java:147)
	at org.apache.hadoop.hdds.scm.pipeline.PipelinePlacementPolicy.chooseDatanodes(PipelinePlacementPolicy.java:170)
	at org.apache.hadoop.hdds.scm.pipeline.RatisPipelineProvider.create(RatisPipelineProvider.java:92)
	at org.apache.hadoop.hdds.scm.pipeline.PipelineFactory.create(PipelineFactory.java:57)
	at org.apache.hadoop.hdds.scm.pipeline.SCMPipelineManager.createPipeline(SCMPipelineManager.java:149)
	at org.apache.hadoop.hdds.scm.block.BlockManagerImpl.allocateBlock(BlockManagerImpl.java:190)
	at org.apache.hadoop.hdds.scm.server.SCMBlockProtocolServer.allocateBlock(SCMBlockProtocolServer.java:175)
	at org.apache.hadoop.ozone.protocolPB.ScmBlockLocationProtocolServerSideTranslatorPB.allocateScmBlock(ScmBlockLocationProtocolServerSideTranslatorPB.java:153)
	at org.apache.hadoop.ozone.protocolPB.ScmBlockLocationProtocolServerSideTranslatorPB.send(ScmBlockLocationProtocolServerSideTranslatorPB.java:112)
	at org.apache.hadoop.hdds.protocol.proto.ScmBlockLocationProtocolProtos$ScmBlockLocationProtocolService$2.callBlockingMethod(ScmBlockLocationProtocolProtos.java:13157)
	at org.apache.hadoop.ipc.ProtobufRpcEngine$Server$ProtoBufRpcInvoker.call(ProtobufRpcEngine.java:524)
	at org.apache.hadoop.ipc.RPC$Server.call(RPC.java:1025)
	at org.apache.hadoop.ipc.Server$RpcCall.run(Server.java:876)
	at org.apache.hadoop.ipc.Server$RpcCall.run(Server.java:822)
	at java.security.AccessController.doPrivileged(Native Method)
	at javax.security.auth.Subject.doAs(Subject.java:422)
	at org.apache.hadoop.security.UserGroupInformation.doAs(UserGroupInformation.java:1730)
	at org.apache.hadoop.ipc.Server$Handler.run(Server.java:2682)
2019-09-19 08:58:27,969 [59afcdb3-7cd7-47ef-abfa-eabf405042f7:group-B7AEFB61EA16:LeaderElection42] INFO  server.RaftServerConfigKeys (ConfUtils.java:logGet(43)) - raft.server.write.element-limit = 4096 (default)
2019-09-19 08:58:27,970 [IPC Server handler 0 on 35261] INFO  block.BlockManagerImpl (BlockManagerImpl.java:allocateBlock(198)) - Could not find available pipeline of type:RATIS and factor:THREE even after retrying
2019-09-19 08:58:27,970 [59afcdb3-7cd7-47ef-abfa-eabf405042f7:group-B7AEFB61EA16:LeaderElection42] INFO  server.RaftServerConfigKeys (ConfUtils.java:logGet(43)) - raft.server.watch.timeout = 10s (default)
2019-09-19 08:58:27,971 [IPC Server handler 0 on 35261] ERROR block.BlockManagerImpl (BlockManagerImpl.java:allocateBlock(222)) - Unable to allocate a block for the size: 4194304, type: RATIS, factor: THREE
2019-09-19 08:58:27,971 [59afcdb3-7cd7-47ef-abfa-eabf405042f7:group-B7AEFB61EA16:LeaderElection42] INFO  server.RaftServerConfigKeys (ConfUtils.java:logGet(43)) - raft.server.watch.timeout.denomination = 1s (default)
2019-09-19 08:58:27,971 [IPC Server handler 0 on 35261] ERROR pipeline.PipelinePlacementPolicy (PipelinePlacementPolicy.java:meetCriteria(91)) - Pipeline Placement: Doesn't meet the criteria to be viable node. Heaviness: 6
2019-09-19 08:58:27,971 [IPC Server handler 0 on 35261] ERROR pipeline.PipelinePlacementPolicy (PipelinePlacementPolicy.java:meetCriteria(91)) - Pipeline Placement: Doesn't meet the criteria to be viable node. Heaviness: 6
2019-09-19 08:58:27,971 [IPC Server handler 0 on 35261] ERROR pipeline.PipelinePlacementPolicy (PipelinePlacementPolicy.java:meetCriteria(91)) - Pipeline Placement: Doesn't meet the criteria to be viable node. Heaviness: 6
2019-09-19 08:58:27,971 [IPC Server handler 0 on 35261] ERROR pipeline.PipelinePlacementPolicy (PipelinePlacementPolicy.java:meetCriteria(91)) - Pipeline Placement: Doesn't meet the criteria to be viable node. Heaviness: 6
2019-09-19 08:58:27,971 [59afcdb3-7cd7-47ef-abfa-eabf405042f7:group-B7AEFB61EA16:LeaderElection42] INFO  server.RaftServerConfigKeys (ConfUtils.java:logGet(43)) - raft.server.watch.element-limit = 65536 (default)
2019-09-19 08:58:27,971 [IPC Server handler 0 on 35261] ERROR pipeline.PipelinePlacementPolicy (PipelinePlacementPolicy.java:meetCriteria(91)) - Pipeline Placement: Doesn't meet the criteria to be viable node. Heaviness: 6
2019-09-19 08:58:27,971 [59afcdb3-7cd7-47ef-abfa-eabf405042f7:group-B7AEFB61EA16:LeaderElection42] INFO  impl.RoleInfo (RoleInfo.java:updateAndGet(143)) - 59afcdb3-7cd7-47ef-abfa-eabf405042f7: start LeaderState
2019-09-19 08:58:27,971 [IPC Server handler 0 on 35261] ERROR pipeline.PipelinePlacementPolicy (PipelinePlacementPolicy.java:meetCriteria(91)) - Pipeline Placement: Doesn't meet the criteria to be viable node. Heaviness: 6
2019-09-19 08:58:27,972 [59afcdb3-7cd7-47ef-abfa-eabf405042f7:group-B7AEFB61EA16:LeaderElection42] INFO  segmented.SegmentedRaftLogWorker (SegmentedRaftLogWorker.java:startLogSegment(380)) - 59afcdb3-7cd7-47ef-abfa-eabf405042f7-SegmentedRaftLogWorker:Storage Directory /workdir/hadoop-ozone/integration-test/target/test-dir/MiniOzoneClusterImpl-072ceacc-f14a-494c-b049-5b6ad59b8d93/datanode-4/data/ratis/b1b30ce4-6a02-4a74-a8ff-b7aefb61ea16: Starting segment from index:0
2019-09-19 08:58:27,972 [IPC Server handler 0 on 35261] ERROR pipeline.PipelinePlacementPolicy (PipelinePlacementPolicy.java:meetCriteria(91)) - Pipeline Placement: Doesn't meet the criteria to be viable node. Heaviness: 6
2019-09-19 08:58:27,972 [IPC Server handler 0 on 35261] ERROR pipeline.PipelinePlacementPolicy (PipelinePlacementPolicy.java:meetCriteria(91)) - Pipeline Placement: Doesn't meet the criteria to be viable node. Heaviness: 6
2019-09-19 08:58:27,972 [59afcdb3-7cd7-47ef-abfa-eabf405042f7:group-B7AEFB61EA16:LeaderElection42] INFO  impl.RaftServerImpl (ServerState.java:setRaftConf(361)) - 59afcdb3-7cd7-47ef-abfa-eabf405042f7:group-B7AEFB61EA16 set configuration 0: [59afcdb3-7cd7-47ef-abfa-eabf405042f7:192.168.34.5:36202], old=null at 0
2019-09-19 08:58:27,972 [IPC Server handler 0 on 35261] ERROR pipeline.PipelinePlacementPolicy (PipelinePlacementPolicy.java:meetCriteria(91)) - Pipeline Placement: Doesn't meet the criteria to be viable node. Heaviness: 6
2019-09-19 08:58:27,972 [IPC Server handler 0 on 35261] ERROR pipeline.PipelinePlacementPolicy (PipelinePlacementPolicy.java:meetCriteria(91)) - Pipeline Placement: Doesn't meet the criteria to be viable node. Heaviness: 6
2019-09-19 08:58:27,973 [IPC Server handler 0 on 35261] ERROR pipeline.PipelinePlacementPolicy (PipelinePlacementPolicy.java:filterViableNodes(146)) - Unable to find enough nodes that meet the criteria that cannot engage in more than 5 pipelines. Nodes required: 3 Found: 0, healthy nodes count inNodeManager: 10.
2019-09-19 08:58:27,973 [IPC Server handler 0 on 35261] ERROR pipeline.SCMPipelineManager (SCMPipelineManager.java:createPipeline(161)) - Pipeline creation failed due to exception: Unable to find enough nodes that meet the criteria that cannot engage in more than 5 pipelines. Nodes required: 3 Found: 0, healthy nodes count inNodeManager: 10.
2019-09-19 08:58:27,973 [IPC Server handler 0 on 35261] WARN  block.BlockManagerImpl (BlockManagerImpl.java:allocateBlock(192)) - Pipeline creation failed for type:RATIS factor:THREE. Retrying get pipelines call once.
org.apache.hadoop.hdds.scm.exceptions.SCMException: Unable to find enough nodes that meet the criteria that cannot engage in more than 5 pipelines. Nodes required: 3 Found: 0, healthy nodes count inNodeManager: 10.
	at org.apache.hadoop.hdds.scm.pipeline.PipelinePlacementPolicy.filterViableNodes(PipelinePlacementPolicy.java:147)
	at org.apache.hadoop.hdds.scm.pipeline.PipelinePlacementPolicy.chooseDatanodes(PipelinePlacementPolicy.java:170)
	at org.apache.hadoop.hdds.scm.pipeline.RatisPipelineProvider.create(RatisPipelineProvider.java:92)
	at org.apache.hadoop.hdds.scm.pipeline.PipelineFactory.create(PipelineFactory.java:57)
	at org.apache.hadoop.hdds.scm.pipeline.SCMPipelineManager.createPipeline(SCMPipelineManager.java:149)
	at org.apache.hadoop.hdds.scm.block.BlockManagerImpl.allocateBlock(BlockManagerImpl.java:190)
	at org.apache.hadoop.hdds.scm.server.SCMBlockProtocolServer.allocateBlock(SCMBlockProtocolServer.java:175)
	at org.apache.hadoop.ozone.protocolPB.ScmBlockLocationProtocolServerSideTranslatorPB.allocateScmBlock(ScmBlockLocationProtocolServerSideTranslatorPB.java:153)
	at org.apache.hadoop.ozone.protocolPB.ScmBlockLocationProtocolServerSideTranslatorPB.send(ScmBlockLocationProtocolServerSideTranslatorPB.java:112)
	at org.apache.hadoop.hdds.protocol.proto.ScmBlockLocationProtocolProtos$ScmBlockLocationProtocolService$2.callBlockingMethod(ScmBlockLocationProtocolProtos.java:13157)
	at org.apache.hadoop.ipc.ProtobufRpcEngine$Server$ProtoBufRpcInvoker.call(ProtobufRpcEngine.java:524)
	at org.apache.hadoop.ipc.RPC$Server.call(RPC.java:1025)
	at org.apache.hadoop.ipc.Server$RpcCall.run(Server.java:876)
	at org.apache.hadoop.ipc.Server$RpcCall.run(Server.java:822)
	at java.security.AccessController.doPrivileged(Native Method)
	at javax.security.auth.Subject.doAs(Subject.java:422)
	at org.apache.hadoop.security.UserGroupInformation.doAs(UserGroupInformation.java:1730)
	at org.apache.hadoop.ipc.Server$Handler.run(Server.java:2682)
2019-09-19 08:58:27,973 [IPC Server handler 0 on 35261] INFO  block.BlockManagerImpl (BlockManagerImpl.java:allocateBlock(198)) - Could not find available pipeline of type:RATIS and factor:THREE even after retrying
2019-09-19 08:58:27,974 [IPC Server handler 0 on 35261] ERROR block.BlockManagerImpl (BlockManagerImpl.java:allocateBlock(222)) - Unable to allocate a block for the size: 4194304, type: RATIS, factor: THREE
2019-09-19 08:58:27,974 [IPC Server handler 0 on 35261] ERROR pipeline.PipelinePlacementPolicy (PipelinePlacementPolicy.java:meetCriteria(91)) - Pipeline Placement: Doesn't meet the criteria to be viable node. Heaviness: 6
2019-09-19 08:58:27,974 [IPC Server handler 0 on 35261] ERROR pipeline.PipelinePlacementPolicy (PipelinePlacementPolicy.java:meetCriteria(91)) - Pipeline Placement: Doesn't meet the criteria to be viable node. Heaviness: 6
2019-09-19 08:58:27,974 [IPC Server handler 0 on 35261] ERROR pipeline.PipelinePlacementPolicy (PipelinePlacementPolicy.java:meetCriteria(91)) - Pipeline Placement: Doesn't meet the criteria to be viable node. Heaviness: 6
2019-09-19 08:58:27,974 [IPC Server handler 0 on 35261] ERROR pipeline.PipelinePlacementPolicy (PipelinePlacementPolicy.java:meetCriteria(91)) - Pipeline Placement: Doesn't meet the criteria to be viable node. Heaviness: 6
2019-09-19 08:58:27,974 [IPC Server handler 0 on 35261] ERROR pipeline.PipelinePlacementPolicy (PipelinePlacementPolicy.java:meetCriteria(91)) - Pipeline Placement: Doesn't meet the criteria to be viable node. Heaviness: 6
2019-09-19 08:58:27,975 [IPC Server handler 0 on 35261] ERROR pipeline.PipelinePlacementPolicy (PipelinePlacementPolicy.java:meetCriteria(91)) - Pipeline Placement: Doesn't meet the criteria to be viable node. Heaviness: 6
2019-09-19 08:58:27,975 [IPC Server handler 0 on 35261] ERROR pipeline.PipelinePlacementPolicy (PipelinePlacementPolicy.java:meetCriteria(91)) - Pipeline Placement: Doesn't meet the criteria to be viable node. Heaviness: 6
2019-09-19 08:58:27,975 [IPC Server handler 0 on 35261] ERROR pipeline.PipelinePlacementPolicy (PipelinePlacementPolicy.java:meetCriteria(91)) - Pipeline Placement: Doesn't meet the criteria to be viable node. Heaviness: 6
2019-09-19 08:58:27,975 [IPC Server handler 0 on 35261] ERROR pipeline.PipelinePlacementPolicy (PipelinePlacementPolicy.java:meetCriteria(91)) - Pipeline Placement: Doesn't meet the criteria to be viable node. Heaviness: 6
2019-09-19 08:58:27,975 [IPC Server handler 0 on 35261] ERROR pipeline.PipelinePlacementPolicy (PipelinePlacementPolicy.java:meetCriteria(91)) - Pipeline Placement: Doesn't meet the criteria to be viable node. Heaviness: 6
2019-09-19 08:58:27,975 [IPC Server handler 0 on 35261] ERROR pipeline.PipelinePlacementPolicy (PipelinePlacementPolicy.java:filterViableNodes(146)) - Unable to find enough nodes that meet the criteria that cannot engage in more than 5 pipelines. Nodes required: 3 Found: 0, healthy nodes count inNodeManager: 10.
2019-09-19 08:58:27,976 [IPC Server handler 0 on 35261] ERROR pipeline.SCMPipelineManager (SCMPipelineManager.java:createPipeline(161)) - Pipeline creation failed due to exception: Unable to find enough nodes that meet the criteria that cannot engage in more than 5 pipelines. Nodes required: 3 Found: 0, healthy nodes count inNodeManager: 10.
2019-09-19 08:58:27,976 [IPC Server handler 0 on 35261] WARN  block.BlockManagerImpl (BlockManagerImpl.java:allocateBlock(192)) - Pipeline creation failed for type:RATIS factor:THREE. Retrying get pipelines call once.
org.apache.hadoop.hdds.scm.exceptions.SCMException: Unable to find enough nodes that meet the criteria that cannot engage in more than 5 pipelines. Nodes required: 3 Found: 0, healthy nodes count inNodeManager: 10.
	at org.apache.hadoop.hdds.scm.pipeline.PipelinePlacementPolicy.filterViableNodes(PipelinePlacementPolicy.java:147)
	at org.apache.hadoop.hdds.scm.pipeline.PipelinePlacementPolicy.chooseDatanodes(PipelinePlacementPolicy.java:170)
	at org.apache.hadoop.hdds.scm.pipeline.RatisPipelineProvider.create(RatisPipelineProvider.java:92)
	at org.apache.hadoop.hdds.scm.pipeline.PipelineFactory.create(PipelineFactory.java:57)
	at org.apache.hadoop.hdds.scm.pipeline.SCMPipelineManager.createPipeline(SCMPipelineManager.java:149)
	at org.apache.hadoop.hdds.scm.block.BlockManagerImpl.allocateBlock(BlockManagerImpl.java:190)
	at org.apache.hadoop.hdds.scm.server.SCMBlockProtocolServer.allocateBlock(SCMBlockProtocolServer.java:175)
	at org.apache.hadoop.ozone.protocolPB.ScmBlockLocationProtocolServerSideTranslatorPB.allocateScmBlock(ScmBlockLocationProtocolServerSideTranslatorPB.java:153)
	at org.apache.hadoop.ozone.protocolPB.ScmBlockLocationProtocolServerSideTranslatorPB.send(ScmBlockLocationProtocolServerSideTranslatorPB.java:112)
	at org.apache.hadoop.hdds.protocol.proto.ScmBlockLocationProtocolProtos$ScmBlockLocationProtocolService$2.callBlockingMethod(ScmBlockLocationProtocolProtos.java:13157)
	at org.apache.hadoop.ipc.ProtobufRpcEngine$Server$ProtoBufRpcInvoker.call(ProtobufRpcEngine.java:524)
	at org.apache.hadoop.ipc.RPC$Server.call(RPC.java:1025)
	at org.apache.hadoop.ipc.Server$RpcCall.run(Server.java:876)
	at org.apache.hadoop.ipc.Server$RpcCall.run(Server.java:822)
	at java.security.AccessController.doPrivileged(Native Method)
	at javax.security.auth.Subject.doAs(Subject.java:422)
	at org.apache.hadoop.security.UserGroupInformation.doAs(UserGroupInformation.java:1730)
	at org.apache.hadoop.ipc.Server$Handler.run(Server.java:2682)
2019-09-19 08:58:27,976 [IPC Server handler 0 on 35261] INFO  block.BlockManagerImpl (BlockManagerImpl.java:allocateBlock(198)) - Could not find available pipeline of type:RATIS and factor:THREE even after retrying
2019-09-19 08:58:27,977 [IPC Server handler 0 on 35261] ERROR block.BlockManagerImpl (BlockManagerImpl.java:allocateBlock(222)) - Unable to allocate a block for the size: 4194304, type: RATIS, factor: THREE
2019-09-19 08:58:27,977 [IPC Server handler 0 on 35261] ERROR pipeline.PipelinePlacementPolicy (PipelinePlacementPolicy.java:meetCriteria(91)) - Pipeline Placement: Doesn't meet the criteria to be viable node. Heaviness: 6
2019-09-19 08:58:27,977 [IPC Server handler 0 on 35261] ERROR pipeline.PipelinePlacementPolicy (PipelinePlacementPolicy.java:meetCriteria(91)) - Pipeline Placement: Doesn't meet the criteria to be viable node. Heaviness: 6
2019-09-19 08:58:27,977 [IPC Server handler 0 on 35261] ERROR pipeline.PipelinePlacementPolicy (PipelinePlacementPolicy.java:meetCriteria(91)) - Pipeline Placement: Doesn't meet the criteria to be viable node. Heaviness: 6
2019-09-19 08:58:27,977 [IPC Server handler 0 on 35261] ERROR pipeline.PipelinePlacementPolicy (PipelinePlacementPolicy.java:meetCriteria(91)) - Pipeline Placement: Doesn't meet the criteria to be viable node. Heaviness: 6
2019-09-19 08:58:27,977 [IPC Server handler 0 on 35261] ERROR pipeline.PipelinePlacementPolicy (PipelinePlacementPolicy.java:meetCriteria(91)) - Pipeline Placement: Doesn't meet the criteria to be viable node. Heaviness: 6
2019-09-19 08:58:27,978 [IPC Server handler 0 on 35261] ERROR pipeline.PipelinePlacementPolicy (PipelinePlacementPolicy.java:meetCriteria(91)) - Pipeline Placement: Doesn't meet the criteria to be viable node. Heaviness: 6
2019-09-19 08:58:27,978 [IPC Server handler 0 on 35261] ERROR pipeline.PipelinePlacementPolicy (PipelinePlacementPolicy.java:meetCriteria(91)) - Pipeline Placement: Doesn't meet the criteria to be viable node. Heaviness: 6
2019-09-19 08:58:27,978 [IPC Server handler 0 on 35261] ERROR pipeline.PipelinePlacementPolicy (PipelinePlacementPolicy.java:meetCriteria(91)) - Pipeline Placement: Doesn't meet the criteria to be viable node. Heaviness: 6
2019-09-19 08:58:27,978 [IPC Server handler 0 on 35261] ERROR pipeline.PipelinePlacementPolicy (PipelinePlacementPolicy.java:meetCriteria(91)) - Pipeline Placement: Doesn't meet the criteria to be viable node. Heaviness: 6
2019-09-19 08:58:27,978 [IPC Server handler 0 on 35261] ERROR pipeline.PipelinePlacementPolicy (PipelinePlacementPolicy.java:meetCriteria(91)) - Pipeline Placement: Doesn't meet the criteria to be viable node. Heaviness: 6
2019-09-19 08:58:27,978 [IPC Server handler 0 on 35261] ERROR pipeline.PipelinePlacementPolicy (PipelinePlacementPolicy.java:filterViableNodes(146)) - Unable to find enough nodes that meet the criteria that cannot engage in more than 5 pipelines. Nodes required: 3 Found: 0, healthy nodes count inNodeManager: 10.
2019-09-19 08:58:27,979 [IPC Server handler 0 on 35261] ERROR pipeline.SCMPipelineManager (SCMPipelineManager.java:createPipeline(161)) - Pipeline creation failed due to exception: Unable to find enough nodes that meet the criteria that cannot engage in more than 5 pipelines. Nodes required: 3 Found: 0, healthy nodes count inNodeManager: 10.
2019-09-19 08:58:27,979 [IPC Server handler 0 on 35261] WARN  block.BlockManagerImpl (BlockManagerImpl.java:allocateBlock(192)) - Pipeline creation failed for type:RATIS factor:THREE. Retrying get pipelines call once.
org.apache.hadoop.hdds.scm.exceptions.SCMException: Unable to find enough nodes that meet the criteria that cannot engage in more than 5 pipelines. Nodes required: 3 Found: 0, healthy nodes count inNodeManager: 10.
	at org.apache.hadoop.hdds.scm.pipeline.PipelinePlacementPolicy.filterViableNodes(PipelinePlacementPolicy.java:147)
	at org.apache.hadoop.hdds.scm.pipeline.PipelinePlacementPolicy.chooseDatanodes(PipelinePlacementPolicy.java:170)
	at org.apache.hadoop.hdds.scm.pipeline.RatisPipelineProvider.create(RatisPipelineProvider.java:92)
	at org.apache.hadoop.hdds.scm.pipeline.PipelineFactory.create(PipelineFactory.java:57)
	at org.apache.hadoop.hdds.scm.pipeline.SCMPipelineManager.createPipeline(SCMPipelineManager.java:149)
	at org.apache.hadoop.hdds.scm.block.BlockManagerImpl.allocateBlock(BlockManagerImpl.java:190)
	at org.apache.hadoop.hdds.scm.server.SCMBlockProtocolServer.allocateBlock(SCMBlockProtocolServer.java:175)
	at org.apache.hadoop.ozone.protocolPB.ScmBlockLocationProtocolServerSideTranslatorPB.allocateScmBlock(ScmBlockLocationProtocolServerSideTranslatorPB.java:153)
	at org.apache.hadoop.ozone.protocolPB.ScmBlockLocationProtocolServerSideTranslatorPB.send(ScmBlockLocationProtocolServerSideTranslatorPB.java:112)
	at org.apache.hadoop.hdds.protocol.proto.ScmBlockLocationProtocolProtos$ScmBlockLocationProtocolService$2.callBlockingMethod(ScmBlockLocationProtocolProtos.java:13157)
	at org.apache.hadoop.ipc.ProtobufRpcEngine$Server$ProtoBufRpcInvoker.call(ProtobufRpcEngine.java:524)
	at org.apache.hadoop.ipc.RPC$Server.call(RPC.java:1025)
	at org.apache.hadoop.ipc.Server$RpcCall.run(Server.java:876)
	at org.apache.hadoop.ipc.Server$RpcCall.run(Server.java:822)
	at java.security.AccessController.doPrivileged(Native Method)
	at javax.security.auth.Subject.doAs(Subject.java:422)
	at org.apache.hadoop.security.UserGroupInformation.doAs(UserGroupInformation.java:1730)
	at org.apache.hadoop.ipc.Server$Handler.run(Server.java:2682)
2019-09-19 08:58:27,979 [IPC Server handler 0 on 35261] INFO  block.BlockManagerImpl (BlockManagerImpl.java:allocateBlock(198)) - Could not find available pipeline of type:RATIS and factor:THREE even after retrying
2019-09-19 08:58:27,979 [IPC Server handler 0 on 35261] ERROR block.BlockManagerImpl (BlockManagerImpl.java:allocateBlock(222)) - Unable to allocate a block for the size: 4194304, type: RATIS, factor: THREE
2019-09-19 08:58:27,980 [IPC Server handler 0 on 35261] ERROR pipeline.PipelinePlacementPolicy (PipelinePlacementPolicy.java:meetCriteria(91)) - Pipeline Placement: Doesn't meet the criteria to be viable node. Heaviness: 6
2019-09-19 08:58:27,980 [IPC Server handler 0 on 35261] ERROR pipeline.PipelinePlacementPolicy (PipelinePlacementPolicy.java:meetCriteria(91)) - Pipeline Placement: Doesn't meet the criteria to be viable node. Heaviness: 6
2019-09-19 08:58:27,980 [IPC Server handler 0 on 35261] ERROR pipeline.PipelinePlacementPolicy (PipelinePlacementPolicy.java:meetCriteria(91)) - Pipeline Placement: Doesn't meet the criteria to be viable node. Heaviness: 6
2019-09-19 08:58:27,980 [IPC Server handler 0 on 35261] ERROR pipeline.PipelinePlacementPolicy (PipelinePlacementPolicy.java:meetCriteria(91)) - Pipeline Placement: Doesn't meet the criteria to be viable node. Heaviness: 6
2019-09-19 08:58:27,980 [IPC Server handler 0 on 35261] ERROR pipeline.PipelinePlacementPolicy (PipelinePlacementPolicy.java:meetCriteria(91)) - Pipeline Placement: Doesn't meet the criteria to be viable node. Heaviness: 6
2019-09-19 08:58:27,980 [IPC Server handler 0 on 35261] ERROR pipeline.PipelinePlacementPolicy (PipelinePlacementPolicy.java:meetCriteria(91)) - Pipeline Placement: Doesn't meet the criteria to be viable node. Heaviness: 6
2019-09-19 08:58:27,981 [IPC Server handler 0 on 35261] ERROR pipeline.PipelinePlacementPolicy (PipelinePlacementPolicy.java:meetCriteria(91)) - Pipeline Placement: Doesn't meet the criteria to be viable node. Heaviness: 6
2019-09-19 08:58:27,981 [IPC Server handler 0 on 35261] ERROR pipeline.PipelinePlacementPolicy (PipelinePlacementPolicy.java:meetCriteria(91)) - Pipeline Placement: Doesn't meet the criteria to be viable node. Heaviness: 6
2019-09-19 08:58:27,981 [IPC Server handler 0 on 35261] ERROR pipeline.PipelinePlacementPolicy (PipelinePlacementPolicy.java:meetCriteria(91)) - Pipeline Placement: Doesn't meet the criteria to be viable node. Heaviness: 6
2019-09-19 08:58:27,981 [IPC Server handler 0 on 35261] ERROR pipeline.PipelinePlacementPolicy (PipelinePlacementPolicy.java:meetCriteria(91)) - Pipeline Placement: Doesn't meet the criteria to be viable node. Heaviness: 6
2019-09-19 08:58:27,981 [IPC Server handler 0 on 35261] ERROR pipeline.PipelinePlacementPolicy (PipelinePlacementPolicy.java:filterViableNodes(146)) - Unable to find enough nodes that meet the criteria that cannot engage in more than 5 pipelines. Nodes required: 3 Found: 0, healthy nodes count inNodeManager: 10.
2019-09-19 08:58:27,982 [IPC Server handler 0 on 35261] ERROR pipeline.SCMPipelineManager (SCMPipelineManager.java:createPipeline(161)) - Pipeline creation failed due to exception: Unable to find enough nodes that meet the criteria that cannot engage in more than 5 pipelines. Nodes required: 3 Found: 0, healthy nodes count inNodeManager: 10.
2019-09-19 08:58:27,982 [IPC Server handler 0 on 35261] WARN  block.BlockManagerImpl (BlockManagerImpl.java:allocateBlock(192)) - Pipeline creation failed for type:RATIS factor:THREE. Retrying get pipelines call once.
org.apache.hadoop.hdds.scm.exceptions.SCMException: Unable to find enough nodes that meet the criteria that cannot engage in more than 5 pipelines. Nodes required: 3 Found: 0, healthy nodes count inNodeManager: 10.
	at org.apache.hadoop.hdds.scm.pipeline.PipelinePlacementPolicy.filterViableNodes(PipelinePlacementPolicy.java:147)
	at org.apache.hadoop.hdds.scm.pipeline.PipelinePlacementPolicy.chooseDatanodes(PipelinePlacementPolicy.java:170)
	at org.apache.hadoop.hdds.scm.pipeline.RatisPipelineProvider.create(RatisPipelineProvider.java:92)
	at org.apache.hadoop.hdds.scm.pipeline.PipelineFactory.create(PipelineFactory.java:57)
	at org.apache.hadoop.hdds.scm.pipeline.SCMPipelineManager.createPipeline(SCMPipelineManager.java:149)
	at org.apache.hadoop.hdds.scm.block.BlockManagerImpl.allocateBlock(BlockManagerImpl.java:190)
	at org.apache.hadoop.hdds.scm.server.SCMBlockProtocolServer.allocateBlock(SCMBlockProtocolServer.java:175)
	at org.apache.hadoop.ozone.protocolPB.ScmBlockLocationProtocolServerSideTranslatorPB.allocateScmBlock(ScmBlockLocationProtocolServerSideTranslatorPB.java:153)
	at org.apache.hadoop.ozone.protocolPB.ScmBlockLocationProtocolServerSideTranslatorPB.send(ScmBlockLocationProtocolServerSideTranslatorPB.java:112)
	at org.apache.hadoop.hdds.protocol.proto.ScmBlockLocationProtocolProtos$ScmBlockLocationProtocolService$2.callBlockingMethod(ScmBlockLocationProtocolProtos.java:13157)
	at org.apache.hadoop.ipc.ProtobufRpcEngine$Server$ProtoBufRpcInvoker.call(ProtobufRpcEngine.java:524)
	at org.apache.hadoop.ipc.RPC$Server.call(RPC.java:1025)
	at org.apache.hadoop.ipc.Server$RpcCall.run(Server.java:876)
	at org.apache.hadoop.ipc.Server$RpcCall.run(Server.java:822)
	at java.security.AccessController.doPrivileged(Native Method)
	at javax.security.auth.Subject.doAs(Subject.java:422)
	at org.apache.hadoop.security.UserGroupInformation.doAs(UserGroupInformation.java:1730)
	at org.apache.hadoop.ipc.Server$Handler.run(Server.java:2682)
2019-09-19 08:58:27,982 [IPC Server handler 0 on 35261] INFO  block.BlockManagerImpl (BlockManagerImpl.java:allocateBlock(198)) - Could not find available pipeline of type:RATIS and factor:THREE even after retrying
2019-09-19 08:58:27,982 [IPC Server handler 0 on 35261] ERROR block.BlockManagerImpl (BlockManagerImpl.java:allocateBlock(222)) - Unable to allocate a block for the size: 4194304, type: RATIS, factor: THREE
2019-09-19 08:58:27,982 [IPC Server handler 0 on 35261] ERROR pipeline.PipelinePlacementPolicy (PipelinePlacementPolicy.java:meetCriteria(91)) - Pipeline Placement: Doesn't meet the criteria to be viable node. Heaviness: 6
2019-09-19 08:58:27,983 [IPC Server handler 0 on 35261] ERROR pipeline.PipelinePlacementPolicy (PipelinePlacementPolicy.java:meetCriteria(91)) - Pipeline Placement: Doesn't meet the criteria to be viable node. Heaviness: 6
2019-09-19 08:58:27,983 [IPC Server handler 0 on 35261] ERROR pipeline.PipelinePlacementPolicy (PipelinePlacementPolicy.java:meetCriteria(91)) - Pipeline Placement: Doesn't meet the criteria to be viable node. Heaviness: 6
2019-09-19 08:58:27,983 [IPC Server handler 0 on 35261] ERROR pipeline.PipelinePlacementPolicy (PipelinePlacementPolicy.java:meetCriteria(91)) - Pipeline Placement: Doesn't meet the criteria to be viable node. Heaviness: 6
2019-09-19 08:58:27,983 [IPC Server handler 0 on 35261] ERROR pipeline.PipelinePlacementPolicy (PipelinePlacementPolicy.java:meetCriteria(91)) - Pipeline Placement: Doesn't meet the criteria to be viable node. Heaviness: 6
2019-09-19 08:58:27,983 [IPC Server handler 0 on 35261] ERROR pipeline.PipelinePlacementPolicy (PipelinePlacementPolicy.java:meetCriteria(91)) - Pipeline Placement: Doesn't meet the criteria to be viable node. Heaviness: 6
2019-09-19 08:58:27,984 [IPC Server handler 0 on 35261] ERROR pipeline.PipelinePlacementPolicy (PipelinePlacementPolicy.java:meetCriteria(91)) - Pipeline Placement: Doesn't meet the criteria to be viable node. Heaviness: 6
2019-09-19 08:58:27,984 [IPC Server handler 0 on 35261] ERROR pipeline.PipelinePlacementPolicy (PipelinePlacementPolicy.java:meetCriteria(91)) - Pipeline Placement: Doesn't meet the criteria to be viable node. Heaviness: 6
2019-09-19 08:58:27,984 [IPC Server handler 0 on 35261] ERROR pipeline.PipelinePlacementPolicy (PipelinePlacementPolicy.java:meetCriteria(91)) - Pipeline Placement: Doesn't meet the criteria to be viable node. Heaviness: 6
2019-09-19 08:58:27,984 [IPC Server handler 0 on 35261] ERROR pipeline.PipelinePlacementPolicy (PipelinePlacementPolicy.java:meetCriteria(91)) - Pipeline Placement: Doesn't meet the criteria to be viable node. Heaviness: 6
2019-09-19 08:58:27,984 [IPC Server handler 0 on 35261] ERROR pipeline.PipelinePlacementPolicy (PipelinePlacementPolicy.java:filterViableNodes(146)) - Unable to find enough nodes that meet the criteria that cannot engage in more than 5 pipelines. Nodes required: 3 Found: 0, healthy nodes count inNodeManager: 10.
2019-09-19 08:58:27,984 [IPC Server handler 0 on 35261] ERROR pipeline.SCMPipelineManager (SCMPipelineManager.java:createPipeline(161)) - Pipeline creation failed due to exception: Unable to find enough nodes that meet the criteria that cannot engage in more than 5 pipelines. Nodes required: 3 Found: 0, healthy nodes count inNodeManager: 10.
2019-09-19 08:58:27,985 [IPC Server handler 0 on 35261] WARN  block.BlockManagerImpl (BlockManagerImpl.java:allocateBlock(192)) - Pipeline creation failed for type:RATIS factor:THREE. Retrying get pipelines call once.
org.apache.hadoop.hdds.scm.exceptions.SCMException: Unable to find enough nodes that meet the criteria that cannot engage in more than 5 pipelines. Nodes required: 3 Found: 0, healthy nodes count inNodeManager: 10.
	at org.apache.hadoop.hdds.scm.pipeline.PipelinePlacementPolicy.filterViableNodes(PipelinePlacementPolicy.java:147)
	at org.apache.hadoop.hdds.scm.pipeline.PipelinePlacementPolicy.chooseDatanodes(PipelinePlacementPolicy.java:170)
	at org.apache.hadoop.hdds.scm.pipeline.RatisPipelineProvider.create(RatisPipelineProvider.java:92)
	at org.apache.hadoop.hdds.scm.pipeline.PipelineFactory.create(PipelineFactory.java:57)
	at org.apache.hadoop.hdds.scm.pipeline.SCMPipelineManager.createPipeline(SCMPipelineManager.java:149)
	at org.apache.hadoop.hdds.scm.block.BlockManagerImpl.allocateBlock(BlockManagerImpl.java:190)
	at org.apache.hadoop.hdds.scm.server.SCMBlockProtocolServer.allocateBlock(SCMBlockProtocolServer.java:175)
	at org.apache.hadoop.ozone.protocolPB.ScmBlockLocationProtocolServerSideTranslatorPB.allocateScmBlock(ScmBlockLocationProtocolServerSideTranslatorPB.java:153)
	at org.apache.hadoop.ozone.protocolPB.ScmBlockLocationProtocolServerSideTranslatorPB.send(ScmBlockLocationProtocolServerSideTranslatorPB.java:112)
	at org.apache.hadoop.hdds.protocol.proto.ScmBlockLocationProtocolProtos$ScmBlockLocationProtocolService$2.callBlockingMethod(ScmBlockLocationProtocolProtos.java:13157)
	at org.apache.hadoop.ipc.ProtobufRpcEngine$Server$ProtoBufRpcInvoker.call(ProtobufRpcEngine.java:524)
	at org.apache.hadoop.ipc.RPC$Server.call(RPC.java:1025)
	at org.apache.hadoop.ipc.Server$RpcCall.run(Server.java:876)
	at org.apache.hadoop.ipc.Server$RpcCall.run(Server.java:822)
	at java.security.AccessController.doPrivileged(Native Method)
	at javax.security.auth.Subject.doAs(Subject.java:422)
	at org.apache.hadoop.security.UserGroupInformation.doAs(UserGroupInformation.java:1730)
	at org.apache.hadoop.ipc.Server$Handler.run(Server.java:2682)
2019-09-19 08:58:27,985 [IPC Server handler 0 on 35261] INFO  block.BlockManagerImpl (BlockManagerImpl.java:allocateBlock(198)) - Could not find available pipeline of type:RATIS and factor:THREE even after retrying
2019-09-19 08:58:27,985 [IPC Server handler 0 on 35261] ERROR block.BlockManagerImpl (BlockManagerImpl.java:allocateBlock(222)) - Unable to allocate a block for the size: 4194304, type: RATIS, factor: THREE
2019-09-19 08:58:27,985 | INFO  | SCMAudit | user=jenkins1000 | ip=192.168.34.5 | op=ALLOCATE_BLOCK {owner=77c54e53-27f6-4897-b1e2-36948d64bde0, size=4194304, type=RATIS, factor=THREE} | ret=SUCCESS |  
2019-09-19 08:58:27,991 | ERROR | OMAudit | user=jenkins1000 | ip=127.0.0.1 | op=ALLOCATE_KEY {volume=datanodefailurehandlingtest, bucket=datanodefailurehandlingtest, key=156dafc2-b2fe-4769-9e4c-d2590a2043ef, dataSize=25165824, replicationType=RATIS, replicationFactor=THREE, keyLocationInfo=null} | ret=FAILURE | org.apache.hadoop.hdds.scm.exceptions.SCMException: Allocated 0 blocks. Requested 6 blocks
	at org.apache.hadoop.hdds.scm.protocolPB.ScmBlockLocationProtocolClientSideTranslatorPB.handleError(ScmBlockLocationProtocolClientSideTranslatorPB.java:118)
	at org.apache.hadoop.hdds.scm.protocolPB.ScmBlockLocationProtocolClientSideTranslatorPB.allocateBlock(ScmBlockLocationProtocolClientSideTranslatorPB.java:156) 
2019-09-19 08:58:27,992 [main] INFO  ozone.MiniOzoneClusterImpl (MiniOzoneClusterImpl.java:shutdown(321)) - Shutting down the Mini Ozone Cluster
2019-09-19 08:58:27,993 | INFO  | SCMAudit | user=null | ip=null | op=GET_SCM_INFO null | ret=SUCCESS |  
2019-09-19 08:58:27,993 [main] INFO  ozone.MiniOzoneClusterImpl (MiniOzoneClusterImpl.java:stop(336)) - Stopping the Mini Ozone Cluster
2019-09-19 08:58:27,993 [main] INFO  ozone.MiniOzoneClusterImpl (MiniOzoneClusterImpl.java:stop(338)) - Stopping the OzoneManager
2019-09-19 08:58:27,993 [main] INFO  ipc.Server (Server.java:stop(3082)) - Stopping server on 40484
2019-09-19 08:58:28,014 [IPC Server listener on 40484] INFO  ipc.Server (Server.java:run(1185)) - Stopping IPC Server listener on 40484
2019-09-19 08:58:28,015 [main] INFO  ratis.OzoneManagerDoubleBuffer (OzoneManagerDoubleBuffer.java:stop(248)) - Stopping OMDoubleBuffer flush thread
2019-09-19 08:58:28,024 [59afcdb3-7cd7-47ef-abfa-eabf405042f7-SegmentedRaftLogWorker:Storage Directory /workdir/hadoop-ozone/integration-test/target/test-dir/MiniOzoneClusterImpl-072ceacc-f14a-494c-b049-5b6ad59b8d93/datanode-4/data/ratis/b1b30ce4-6a02-4a74-a8ff-b7aefb61ea16] INFO  segmented.SegmentedRaftLogWorker (SegmentedRaftLogWorker.java:execute(569)) - 59afcdb3-7cd7-47ef-abfa-eabf405042f7-SegmentedRaftLogWorker:Storage Directory /workdir/hadoop-ozone/integration-test/target/test-dir/MiniOzoneClusterImpl-072ceacc-f14a-494c-b049-5b6ad59b8d93/datanode-4/data/ratis/b1b30ce4-6a02-4a74-a8ff-b7aefb61ea16: created new log segment /workdir/hadoop-ozone/integration-test/target/test-dir/MiniOzoneClusterImpl-072ceacc-f14a-494c-b049-5b6ad59b8d93/datanode-4/data/ratis/b1b30ce4-6a02-4a74-a8ff-b7aefb61ea16/current/log_inprogress_0
2019-09-19 08:58:28,024 [IPC Server Responder] INFO  ipc.Server (Server.java:run(1319)) - Stopping IPC Server Responder
2019-09-19 08:58:28,025 [OMDoubleBufferFlushThread] INFO  ratis.OzoneManagerDoubleBuffer (OzoneManagerDoubleBuffer.java:flushTransactions(191)) - OMDoubleBuffer flush thread OMDoubleBufferFlushThread is interrupted and will exit. OMDoubleBufferFlushThread
2019-09-19 08:58:28,028 [main] INFO  utils.BackgroundService (BackgroundService.java:shutdown(148)) - Shutting down service KeyDeletingService
2019-09-19 08:58:28,031 [main] INFO  handler.ContextHandler (ContextHandler.java:doStop(910)) - Stopped o.e.j.w.WebAppContext@173373b4{/,null,UNAVAILABLE}{/ozoneManager}
2019-09-19 08:58:28,034 | INFO  | SCMAudit | user=jenkins1000 | ip=192.168.34.5 | op=SEND_HEARTBEAT {datanodeUUID=a01737f6-7857-4616-835e-b1ff05ecf78f, command=[]} | ret=SUCCESS |  
2019-09-19 08:58:28,035 [main] INFO  server.AbstractConnector (AbstractConnector.java:doStop(318)) - Stopped ServerConnector@40d10481{HTTP/1.1,[http/1.1]}{0.0.0.0:0}
2019-09-19 08:58:28,036 [main] INFO  handler.ContextHandler (ContextHandler.java:doStop(910)) - Stopped o.e.j.s.ServletContextHandler@22d9c961{/static,file:///workdir/hadoop-ozone/integration-test/target/test-classes/webapps/static,UNAVAILABLE}
2019-09-19 08:58:28,036 [main] INFO  handler.ContextHandler (ContextHandler.java:doStop(910)) - Stopped o.e.j.s.ServletContextHandler@64138b0c{/logs,file:///workdir/hadoop-ozone/integration-test/target/log,UNAVAILABLE}
2019-09-19 08:58:28,039 [main] INFO  ozone.MiniOzoneClusterImpl (MiniOzoneClusterImpl.java:stop(344)) - Shutting the HddsDatanodes
2019-09-19 08:58:28,040 [main] INFO  datanode.ObjectStoreHandler (ObjectStoreHandler.java:close(155)) - Closing ObjectStoreHandler.
2019-09-19 08:58:28,040 [ForkJoinPool.commonPool-worker-1] INFO  datanode.ObjectStoreHandler (ObjectStoreHandler.java:close(155)) - Closing ObjectStoreHandler.
2019-09-19 08:58:28,043 [main] INFO  ozone.HddsDatanodeService (HddsDatanodeService.java:stop(451)) - Stopped plug-in org.apache.hadoop.ozone.web.OzoneHddsDatanodeService@63e4484d
2019-09-19 08:58:28,043 [ForkJoinPool.commonPool-worker-1] INFO  ozone.HddsDatanodeService (HddsDatanodeService.java:stop(451)) - Stopped plug-in org.apache.hadoop.ozone.web.OzoneHddsDatanodeService@fddd7ae
2019-09-19 08:58:28,048 [Thread-472] INFO  impl.FollowerState (FollowerState.java:run(106)) - 8a96a672-7e2f-4b1c-ac1e-ddd5d18a6d5d:group-F3500563B75C changes to CANDIDATE, lastRpcTime:1170, electionTimeout:1170ms
2019-09-19 08:58:28,048 [Thread-472] INFO  impl.RoleInfo (RoleInfo.java:shutdownFollowerState(121)) - 8a96a672-7e2f-4b1c-ac1e-ddd5d18a6d5d: shutdown FollowerState
2019-09-19 08:58:28,048 [Thread-472] INFO  impl.RaftServerImpl (RaftServerImpl.java:setRole(171)) - 8a96a672-7e2f-4b1c-ac1e-ddd5d18a6d5d:group-F3500563B75C changes role from FOLLOWER to CANDIDATE at term 0 for changeToCandidate
2019-09-19 08:58:28,049 [Thread-472] INFO  impl.RoleInfo (RoleInfo.java:updateAndGet(143)) - 8a96a672-7e2f-4b1c-ac1e-ddd5d18a6d5d: start LeaderElection
2019-09-19 08:58:28,064 [8a96a672-7e2f-4b1c-ac1e-ddd5d18a6d5d:group-F3500563B75C:LeaderElection43] INFO  impl.LeaderElection (LeaderElection.java:askForVotes(181)) - 8a96a672-7e2f-4b1c-ac1e-ddd5d18a6d5d:group-F3500563B75C:LeaderElection43: begin an election at term 1 for -1: [8a96a672-7e2f-4b1c-ac1e-ddd5d18a6d5d:192.168.34.5:45218], old=null
2019-09-19 08:58:28,064 [8a96a672-7e2f-4b1c-ac1e-ddd5d18a6d5d:group-F3500563B75C:LeaderElection43] INFO  impl.RoleInfo (RoleInfo.java:shutdownLeaderElection(134)) - 8a96a672-7e2f-4b1c-ac1e-ddd5d18a6d5d: shutdown LeaderElection
2019-09-19 08:58:28,064 [8a96a672-7e2f-4b1c-ac1e-ddd5d18a6d5d:group-F3500563B75C:LeaderElection43] INFO  impl.RaftServerImpl (RaftServerImpl.java:setRole(171)) - 8a96a672-7e2f-4b1c-ac1e-ddd5d18a6d5d:group-F3500563B75C changes role from CANDIDATE to LEADER at term 1 for changeToLeader
2019-09-19 08:58:28,064 [8a96a672-7e2f-4b1c-ac1e-ddd5d18a6d5d:group-F3500563B75C:LeaderElection43] INFO  impl.RaftServerImpl (ServerState.java:setLeader(263)) - 8a96a672-7e2f-4b1c-ac1e-ddd5d18a6d5d:group-F3500563B75C change Leader from null to 8a96a672-7e2f-4b1c-ac1e-ddd5d18a6d5d at term 1 for becomeLeader, leader elected after 1191ms
2019-09-19 08:58:28,064 [8a96a672-7e2f-4b1c-ac1e-ddd5d18a6d5d:group-F3500563B75C:LeaderElection43] INFO  server.RaftServerConfigKeys (ConfUtils.java:logGet(43)) - raft.server.staging.catchup.gap = 1000 (default)
2019-09-19 08:58:28,064 [8a96a672-7e2f-4b1c-ac1e-ddd5d18a6d5d:group-F3500563B75C:LeaderElection43] INFO  server.RaftServerConfigKeys (ConfUtils.java:logGet(43)) - raft.server.rpc.sleep.time = 25ms (default)
2019-09-19 08:58:28,064 [8a96a672-7e2f-4b1c-ac1e-ddd5d18a6d5d:group-F3500563B75C:LeaderElection43] INFO  server.RaftServerConfigKeys (ConfUtils.java:logGet(43)) - raft.server.write.element-limit = 4096 (default)
2019-09-19 08:58:28,064 [8a96a672-7e2f-4b1c-ac1e-ddd5d18a6d5d:group-F3500563B75C:LeaderElection43] INFO  server.RaftServerConfigKeys (ConfUtils.java:logGet(43)) - raft.server.watch.timeout = 10s (default)
2019-09-19 08:58:28,064 [8a96a672-7e2f-4b1c-ac1e-ddd5d18a6d5d:group-F3500563B75C:LeaderElection43] INFO  server.RaftServerConfigKeys (ConfUtils.java:logGet(43)) - raft.server.watch.timeout.denomination = 1s (default)
2019-09-19 08:58:28,065 [8a96a672-7e2f-4b1c-ac1e-ddd5d18a6d5d:group-F3500563B75C:LeaderElection43] INFO  server.RaftServerConfigKeys (ConfUtils.java:logGet(43)) - raft.server.watch.element-limit = 65536 (default)
2019-09-19 08:58:28,065 [8a96a672-7e2f-4b1c-ac1e-ddd5d18a6d5d:group-F3500563B75C:LeaderElection43] INFO  impl.RoleInfo (RoleInfo.java:updateAndGet(143)) - 8a96a672-7e2f-4b1c-ac1e-ddd5d18a6d5d: start LeaderState
2019-09-19 08:58:28,065 [8a96a672-7e2f-4b1c-ac1e-ddd5d18a6d5d:group-F3500563B75C:LeaderElection43] INFO  segmented.SegmentedRaftLogWorker (SegmentedRaftLogWorker.java:startLogSegment(380)) - 8a96a672-7e2f-4b1c-ac1e-ddd5d18a6d5d-SegmentedRaftLogWorker:Storage Directory /workdir/hadoop-ozone/integration-test/target/test-dir/MiniOzoneClusterImpl-072ceacc-f14a-494c-b049-5b6ad59b8d93/datanode-0/data/ratis/d4df4af2-23c4-4213-be1c-f3500563b75c: Starting segment from index:0
2019-09-19 08:58:28,065 [8a96a672-7e2f-4b1c-ac1e-ddd5d18a6d5d:group-F3500563B75C:LeaderElection43] INFO  impl.RaftServerImpl (ServerState.java:setRaftConf(361)) - 8a96a672-7e2f-4b1c-ac1e-ddd5d18a6d5d:group-F3500563B75C set configuration 0: [8a96a672-7e2f-4b1c-ac1e-ddd5d18a6d5d:192.168.34.5:45218], old=null at 0
2019-09-19 08:58:28,100 [8a96a672-7e2f-4b1c-ac1e-ddd5d18a6d5d-SegmentedRaftLogWorker:Storage Directory /workdir/hadoop-ozone/integration-test/target/test-dir/MiniOzoneClusterImpl-072ceacc-f14a-494c-b049-5b6ad59b8d93/datanode-0/data/ratis/d4df4af2-23c4-4213-be1c-f3500563b75c] INFO  segmented.SegmentedRaftLogWorker (SegmentedRaftLogWorker.java:execute(569)) - 8a96a672-7e2f-4b1c-ac1e-ddd5d18a6d5d-SegmentedRaftLogWorker:Storage Directory /workdir/hadoop-ozone/integration-test/target/test-dir/MiniOzoneClusterImpl-072ceacc-f14a-494c-b049-5b6ad59b8d93/datanode-0/data/ratis/d4df4af2-23c4-4213-be1c-f3500563b75c: created new log segment /workdir/hadoop-ozone/integration-test/target/test-dir/MiniOzoneClusterImpl-072ceacc-f14a-494c-b049-5b6ad59b8d93/datanode-0/data/ratis/d4df4af2-23c4-4213-be1c-f3500563b75c/current/log_inprogress_0
2019-09-19 08:58:28,107 [Thread-475] INFO  impl.FollowerState (FollowerState.java:run(106)) - cd77464f-7686-4dc7-8332-533cdc56da6b:group-1B34058E3009 changes to CANDIDATE, lastRpcTime:1188, electionTimeout:1188ms
2019-09-19 08:58:28,107 [Thread-475] INFO  impl.RoleInfo (RoleInfo.java:shutdownFollowerState(121)) - cd77464f-7686-4dc7-8332-533cdc56da6b: shutdown FollowerState
2019-09-19 08:58:28,108 [Thread-475] INFO  impl.RaftServerImpl (RaftServerImpl.java:setRole(171)) - cd77464f-7686-4dc7-8332-533cdc56da6b:group-1B34058E3009 changes role from FOLLOWER to CANDIDATE at term 0 for changeToCandidate
2019-09-19 08:58:28,108 [Thread-475] INFO  impl.RoleInfo (RoleInfo.java:updateAndGet(143)) - cd77464f-7686-4dc7-8332-533cdc56da6b: start LeaderElection
2019-09-19 08:58:28,115 [Datanode State Machine Thread - 0] INFO  statemachine.DatanodeStateMachine (DatanodeStateMachine.java:lambda$startDaemon$0(350)) - Ozone container server started.
2019-09-19 08:58:28,116 | INFO  | SCMAudit | user=jenkins1000 | ip=192.168.34.5 | op=SEND_HEARTBEAT {datanodeUUID=5655ea38-4aa2-40a6-aaa3-4d444347e46a, command=[]} | ret=SUCCESS |  
2019-09-19 08:58:28,119 [Thread-483] INFO  impl.FollowerState (FollowerState.java:run(106)) - a01737f6-7857-4616-835e-b1ff05ecf78f:group-2E87ED444304 changes to CANDIDATE, lastRpcTime:1110, electionTimeout:1110ms
2019-09-19 08:58:28,119 [Thread-483] INFO  impl.RoleInfo (RoleInfo.java:shutdownFollowerState(121)) - a01737f6-7857-4616-835e-b1ff05ecf78f: shutdown FollowerState
2019-09-19 08:58:28,120 [Thread-483] INFO  impl.RaftServerImpl (RaftServerImpl.java:setRole(171)) - a01737f6-7857-4616-835e-b1ff05ecf78f:group-2E87ED444304 changes role from FOLLOWER to CANDIDATE at term 0 for changeToCandidate
2019-09-19 08:58:28,120 [Thread-483] INFO  impl.RoleInfo (RoleInfo.java:updateAndGet(143)) - a01737f6-7857-4616-835e-b1ff05ecf78f: start LeaderElection
2019-09-19 08:58:28,128 [Thread-478] INFO  impl.FollowerState (FollowerState.java:run(106)) - cd77464f-7686-4dc7-8332-533cdc56da6b:group-70881C39CDA6 changes to CANDIDATE, lastRpcTime:1170, electionTimeout:1170ms
2019-09-19 08:58:28,128 [Thread-478] INFO  impl.RoleInfo (RoleInfo.java:shutdownFollowerState(121)) - cd77464f-7686-4dc7-8332-533cdc56da6b: shutdown FollowerState
2019-09-19 08:58:28,128 [Thread-478] INFO  impl.RaftServerImpl (RaftServerImpl.java:setRole(171)) - cd77464f-7686-4dc7-8332-533cdc56da6b:group-70881C39CDA6 changes role from FOLLOWER to CANDIDATE at term 0 for changeToCandidate
2019-09-19 08:58:28,128 [Thread-478] INFO  impl.RoleInfo (RoleInfo.java:updateAndGet(143)) - cd77464f-7686-4dc7-8332-533cdc56da6b: start LeaderElection
2019-09-19 08:58:28,131 [cd77464f-7686-4dc7-8332-533cdc56da6b:group-1B34058E3009:LeaderElection44] INFO  impl.LeaderElection (LeaderElection.java:askForVotes(181)) - cd77464f-7686-4dc7-8332-533cdc56da6b:group-1B34058E3009:LeaderElection44: begin an election at term 1 for -1: [cd77464f-7686-4dc7-8332-533cdc56da6b:192.168.34.5:41324], old=null
2019-09-19 08:58:28,131 [a01737f6-7857-4616-835e-b1ff05ecf78f:group-2E87ED444304:LeaderElection45] INFO  impl.LeaderElection (LeaderElection.java:askForVotes(181)) - a01737f6-7857-4616-835e-b1ff05ecf78f:group-2E87ED444304:LeaderElection45: begin an election at term 1 for -1: [a01737f6-7857-4616-835e-b1ff05ecf78f:192.168.34.5:36733], old=null
2019-09-19 08:58:28,131 [cd77464f-7686-4dc7-8332-533cdc56da6b:group-1B34058E3009:LeaderElection44] INFO  impl.RoleInfo (RoleInfo.java:shutdownLeaderElection(134)) - cd77464f-7686-4dc7-8332-533cdc56da6b: shutdown LeaderElection
2019-09-19 08:58:28,131 [a01737f6-7857-4616-835e-b1ff05ecf78f:group-2E87ED444304:LeaderElection45] INFO  impl.RoleInfo (RoleInfo.java:shutdownLeaderElection(134)) - a01737f6-7857-4616-835e-b1ff05ecf78f: shutdown LeaderElection
2019-09-19 08:58:28,131 [cd77464f-7686-4dc7-8332-533cdc56da6b:group-1B34058E3009:LeaderElection44] INFO  impl.RaftServerImpl (RaftServerImpl.java:setRole(171)) - cd77464f-7686-4dc7-8332-533cdc56da6b:group-1B34058E3009 changes role from CANDIDATE to LEADER at term 1 for changeToLeader
2019-09-19 08:58:28,132 [a01737f6-7857-4616-835e-b1ff05ecf78f:group-2E87ED444304:LeaderElection45] INFO  impl.RaftServerImpl (RaftServerImpl.java:setRole(171)) - a01737f6-7857-4616-835e-b1ff05ecf78f:group-2E87ED444304 changes role from CANDIDATE to LEADER at term 1 for changeToLeader
2019-09-19 08:58:28,132 [cd77464f-7686-4dc7-8332-533cdc56da6b:group-1B34058E3009:LeaderElection44] INFO  impl.RaftServerImpl (ServerState.java:setLeader(263)) - cd77464f-7686-4dc7-8332-533cdc56da6b:group-1B34058E3009 change Leader from null to cd77464f-7686-4dc7-8332-533cdc56da6b at term 1 for becomeLeader, leader elected after 1215ms
2019-09-19 08:58:28,132 [a01737f6-7857-4616-835e-b1ff05ecf78f:group-2E87ED444304:LeaderElection45] INFO  impl.RaftServerImpl (ServerState.java:setLeader(263)) - a01737f6-7857-4616-835e-b1ff05ecf78f:group-2E87ED444304 change Leader from null to a01737f6-7857-4616-835e-b1ff05ecf78f at term 1 for becomeLeader, leader elected after 1125ms
2019-09-19 08:58:28,132 [cd77464f-7686-4dc7-8332-533cdc56da6b:group-1B34058E3009:LeaderElection44] INFO  server.RaftServerConfigKeys (ConfUtils.java:logGet(43)) - raft.server.staging.catchup.gap = 1000 (default)
2019-09-19 08:58:28,132 [a01737f6-7857-4616-835e-b1ff05ecf78f:group-2E87ED444304:LeaderElection45] INFO  server.RaftServerConfigKeys (ConfUtils.java:logGet(43)) - raft.server.staging.catchup.gap = 1000 (default)
2019-09-19 08:58:28,132 [cd77464f-7686-4dc7-8332-533cdc56da6b:group-1B34058E3009:LeaderElection44] INFO  server.RaftServerConfigKeys (ConfUtils.java:logGet(43)) - raft.server.rpc.sleep.time = 25ms (default)
2019-09-19 08:58:28,132 [a01737f6-7857-4616-835e-b1ff05ecf78f:group-2E87ED444304:LeaderElection45] INFO  server.RaftServerConfigKeys (ConfUtils.java:logGet(43)) - raft.server.rpc.sleep.time = 25ms (default)
2019-09-19 08:58:28,132 [cd77464f-7686-4dc7-8332-533cdc56da6b:group-1B34058E3009:LeaderElection44] INFO  server.RaftServerConfigKeys (ConfUtils.java:logGet(43)) - raft.server.write.element-limit = 4096 (default)
2019-09-19 08:58:28,133 [a01737f6-7857-4616-835e-b1ff05ecf78f:group-2E87ED444304:LeaderElection45] INFO  server.RaftServerConfigKeys (ConfUtils.java:logGet(43)) - raft.server.write.element-limit = 4096 (default)
2019-09-19 08:58:28,133 [cd77464f-7686-4dc7-8332-533cdc56da6b:group-1B34058E3009:LeaderElection44] INFO  server.RaftServerConfigKeys (ConfUtils.java:logGet(43)) - raft.server.watch.timeout = 10s (default)
2019-09-19 08:58:28,133 [a01737f6-7857-4616-835e-b1ff05ecf78f:group-2E87ED444304:LeaderElection45] INFO  server.RaftServerConfigKeys (ConfUtils.java:logGet(43)) - raft.server.watch.timeout = 10s (default)
2019-09-19 08:58:28,133 [cd77464f-7686-4dc7-8332-533cdc56da6b:group-1B34058E3009:LeaderElection44] INFO  server.RaftServerConfigKeys (ConfUtils.java:logGet(43)) - raft.server.watch.timeout.denomination = 1s (default)
2019-09-19 08:58:28,133 [a01737f6-7857-4616-835e-b1ff05ecf78f:group-2E87ED444304:LeaderElection45] INFO  server.RaftServerConfigKeys (ConfUtils.java:logGet(43)) - raft.server.watch.timeout.denomination = 1s (default)
2019-09-19 08:58:28,133 [cd77464f-7686-4dc7-8332-533cdc56da6b:group-1B34058E3009:LeaderElection44] INFO  server.RaftServerConfigKeys (ConfUtils.java:logGet(43)) - raft.server.watch.element-limit = 65536 (default)
2019-09-19 08:58:28,133 [a01737f6-7857-4616-835e-b1ff05ecf78f:group-2E87ED444304:LeaderElection45] INFO  server.RaftServerConfigKeys (ConfUtils.java:logGet(43)) - raft.server.watch.element-limit = 65536 (default)
2019-09-19 08:58:28,134 [cd77464f-7686-4dc7-8332-533cdc56da6b:group-1B34058E3009:LeaderElection44] INFO  impl.RoleInfo (RoleInfo.java:updateAndGet(143)) - cd77464f-7686-4dc7-8332-533cdc56da6b: start LeaderState
2019-09-19 08:58:28,134 [a01737f6-7857-4616-835e-b1ff05ecf78f:group-2E87ED444304:LeaderElection45] INFO  impl.RoleInfo (RoleInfo.java:updateAndGet(143)) - a01737f6-7857-4616-835e-b1ff05ecf78f: start LeaderState
2019-09-19 08:58:28,134 [cd77464f-7686-4dc7-8332-533cdc56da6b:group-1B34058E3009:LeaderElection44] INFO  segmented.SegmentedRaftLogWorker (SegmentedRaftLogWorker.java:startLogSegment(380)) - cd77464f-7686-4dc7-8332-533cdc56da6b-SegmentedRaftLogWorker:Storage Directory /workdir/hadoop-ozone/integration-test/target/test-dir/MiniOzoneClusterImpl-072ceacc-f14a-494c-b049-5b6ad59b8d93/datanode-5/data/ratis/361fbe50-293d-4247-a237-1b34058e3009: Starting segment from index:0
2019-09-19 08:58:28,134 [a01737f6-7857-4616-835e-b1ff05ecf78f:group-2E87ED444304:LeaderElection45] INFO  segmented.SegmentedRaftLogWorker (SegmentedRaftLogWorker.java:startLogSegment(380)) - a01737f6-7857-4616-835e-b1ff05ecf78f-SegmentedRaftLogWorker:Storage Directory /workdir/hadoop-ozone/integration-test/target/test-dir/MiniOzoneClusterImpl-072ceacc-f14a-494c-b049-5b6ad59b8d93/datanode-7/data/ratis/dd385678-6c47-4620-b042-2e87ed444304: Starting segment from index:0
2019-09-19 08:58:28,134 [cd77464f-7686-4dc7-8332-533cdc56da6b:group-1B34058E3009:LeaderElection44] INFO  impl.RaftServerImpl (ServerState.java:setRaftConf(361)) - cd77464f-7686-4dc7-8332-533cdc56da6b:group-1B34058E3009 set configuration 0: [cd77464f-7686-4dc7-8332-533cdc56da6b:192.168.34.5:41324], old=null at 0
2019-09-19 08:58:28,135 [a01737f6-7857-4616-835e-b1ff05ecf78f:group-2E87ED444304:LeaderElection45] INFO  impl.RaftServerImpl (ServerState.java:setRaftConf(361)) - a01737f6-7857-4616-835e-b1ff05ecf78f:group-2E87ED444304 set configuration 0: [a01737f6-7857-4616-835e-b1ff05ecf78f:192.168.34.5:36733], old=null at 0
2019-09-19 08:58:28,156 [cd77464f-7686-4dc7-8332-533cdc56da6b:group-70881C39CDA6:LeaderElection46] INFO  impl.LeaderElection (LeaderElection.java:askForVotes(181)) - cd77464f-7686-4dc7-8332-533cdc56da6b:group-70881C39CDA6:LeaderElection46: begin an election at term 1 for -1: [cd77464f-7686-4dc7-8332-533cdc56da6b:192.168.34.5:41324], old=null
2019-09-19 08:58:28,156 [cd77464f-7686-4dc7-8332-533cdc56da6b:group-70881C39CDA6:LeaderElection46] INFO  impl.RoleInfo (RoleInfo.java:shutdownLeaderElection(134)) - cd77464f-7686-4dc7-8332-533cdc56da6b: shutdown LeaderElection
2019-09-19 08:58:28,156 [cd77464f-7686-4dc7-8332-533cdc56da6b:group-70881C39CDA6:LeaderElection46] INFO  impl.RaftServerImpl (RaftServerImpl.java:setRole(171)) - cd77464f-7686-4dc7-8332-533cdc56da6b:group-70881C39CDA6 changes role from CANDIDATE to LEADER at term 1 for changeToLeader
2019-09-19 08:58:28,156 [cd77464f-7686-4dc7-8332-533cdc56da6b:group-70881C39CDA6:LeaderElection46] INFO  impl.RaftServerImpl (ServerState.java:setLeader(263)) - cd77464f-7686-4dc7-8332-533cdc56da6b:group-70881C39CDA6 change Leader from null to cd77464f-7686-4dc7-8332-533cdc56da6b at term 1 for becomeLeader, leader elected after 1201ms
2019-09-19 08:58:28,156 [cd77464f-7686-4dc7-8332-533cdc56da6b:group-70881C39CDA6:LeaderElection46] INFO  server.RaftServerConfigKeys (ConfUtils.java:logGet(43)) - raft.server.staging.catchup.gap = 1000 (default)
2019-09-19 08:58:28,157 [cd77464f-7686-4dc7-8332-533cdc56da6b:group-70881C39CDA6:LeaderElection46] INFO  server.RaftServerConfigKeys (ConfUtils.java:logGet(43)) - raft.server.rpc.sleep.time = 25ms (default)
2019-09-19 08:58:28,157 [cd77464f-7686-4dc7-8332-533cdc56da6b:group-70881C39CDA6:LeaderElection46] INFO  server.RaftServerConfigKeys (ConfUtils.java:logGet(43)) - raft.server.write.element-limit = 4096 (default)
2019-09-19 08:58:28,157 [cd77464f-7686-4dc7-8332-533cdc56da6b:group-70881C39CDA6:LeaderElection46] INFO  server.RaftServerConfigKeys (ConfUtils.java:logGet(43)) - raft.server.watch.timeout = 10s (default)
2019-09-19 08:58:28,157 [cd77464f-7686-4dc7-8332-533cdc56da6b:group-70881C39CDA6:LeaderElection46] INFO  server.RaftServerConfigKeys (ConfUtils.java:logGet(43)) - raft.server.watch.timeout.denomination = 1s (default)
2019-09-19 08:58:28,157 [cd77464f-7686-4dc7-8332-533cdc56da6b:group-70881C39CDA6:LeaderElection46] INFO  server.RaftServerConfigKeys (ConfUtils.java:logGet(43)) - raft.server.watch.element-limit = 65536 (default)
2019-09-19 08:58:28,157 [cd77464f-7686-4dc7-8332-533cdc56da6b:group-70881C39CDA6:LeaderElection46] INFO  impl.RoleInfo (RoleInfo.java:updateAndGet(143)) - cd77464f-7686-4dc7-8332-533cdc56da6b: start LeaderState
2019-09-19 08:58:28,158 [cd77464f-7686-4dc7-8332-533cdc56da6b:group-70881C39CDA6:LeaderElection46] INFO  segmented.SegmentedRaftLogWorker (SegmentedRaftLogWorker.java:startLogSegment(380)) - cd77464f-7686-4dc7-8332-533cdc56da6b-SegmentedRaftLogWorker:Storage Directory /workdir/hadoop-ozone/integration-test/target/test-dir/MiniOzoneClusterImpl-072ceacc-f14a-494c-b049-5b6ad59b8d93/datanode-5/data/ratis/01d666f2-687b-4d23-b2c1-70881c39cda6: Starting segment from index:0
2019-09-19 08:58:28,158 [cd77464f-7686-4dc7-8332-533cdc56da6b:group-70881C39CDA6:LeaderElection46] INFO  impl.RaftServerImpl (ServerState.java:setRaftConf(361)) - cd77464f-7686-4dc7-8332-533cdc56da6b:group-70881C39CDA6 set configuration 0: [cd77464f-7686-4dc7-8332-533cdc56da6b:192.168.34.5:41324], old=null at 0
2019-09-19 08:58:28,176 [cd77464f-7686-4dc7-8332-533cdc56da6b-SegmentedRaftLogWorker:Storage Directory /workdir/hadoop-ozone/integration-test/target/test-dir/MiniOzoneClusterImpl-072ceacc-f14a-494c-b049-5b6ad59b8d93/datanode-5/data/ratis/361fbe50-293d-4247-a237-1b34058e3009] INFO  segmented.SegmentedRaftLogWorker (SegmentedRaftLogWorker.java:execute(569)) - cd77464f-7686-4dc7-8332-533cdc56da6b-SegmentedRaftLogWorker:Storage Directory /workdir/hadoop-ozone/integration-test/target/test-dir/MiniOzoneClusterImpl-072ceacc-f14a-494c-b049-5b6ad59b8d93/datanode-5/data/ratis/361fbe50-293d-4247-a237-1b34058e3009: created new log segment /workdir/hadoop-ozone/integration-test/target/test-dir/MiniOzoneClusterImpl-072ceacc-f14a-494c-b049-5b6ad59b8d93/datanode-5/data/ratis/361fbe50-293d-4247-a237-1b34058e3009/current/log_inprogress_0
2019-09-19 08:58:28,176 [a01737f6-7857-4616-835e-b1ff05ecf78f-SegmentedRaftLogWorker:Storage Directory /workdir/hadoop-ozone/integration-test/target/test-dir/MiniOzoneClusterImpl-072ceacc-f14a-494c-b049-5b6ad59b8d93/datanode-7/data/ratis/dd385678-6c47-4620-b042-2e87ed444304] INFO  segmented.SegmentedRaftLogWorker (SegmentedRaftLogWorker.java:execute(569)) - a01737f6-7857-4616-835e-b1ff05ecf78f-SegmentedRaftLogWorker:Storage Directory /workdir/hadoop-ozone/integration-test/target/test-dir/MiniOzoneClusterImpl-072ceacc-f14a-494c-b049-5b6ad59b8d93/datanode-7/data/ratis/dd385678-6c47-4620-b042-2e87ed444304: created new log segment /workdir/hadoop-ozone/integration-test/target/test-dir/MiniOzoneClusterImpl-072ceacc-f14a-494c-b049-5b6ad59b8d93/datanode-7/data/ratis/dd385678-6c47-4620-b042-2e87ed444304/current/log_inprogress_0
2019-09-19 08:58:28,190 [cd77464f-7686-4dc7-8332-533cdc56da6b-SegmentedRaftLogWorker:Storage Directory /workdir/hadoop-ozone/integration-test/target/test-dir/MiniOzoneClusterImpl-072ceacc-f14a-494c-b049-5b6ad59b8d93/datanode-5/data/ratis/01d666f2-687b-4d23-b2c1-70881c39cda6] INFO  segmented.SegmentedRaftLogWorker (SegmentedRaftLogWorker.java:execute(569)) - cd77464f-7686-4dc7-8332-533cdc56da6b-SegmentedRaftLogWorker:Storage Directory /workdir/hadoop-ozone/integration-test/target/test-dir/MiniOzoneClusterImpl-072ceacc-f14a-494c-b049-5b6ad59b8d93/datanode-5/data/ratis/01d666f2-687b-4d23-b2c1-70881c39cda6: created new log segment /workdir/hadoop-ozone/integration-test/target/test-dir/MiniOzoneClusterImpl-072ceacc-f14a-494c-b049-5b6ad59b8d93/datanode-5/data/ratis/01d666f2-687b-4d23-b2c1-70881c39cda6/current/log_inprogress_0
2019-09-19 08:58:28,205 [Thread-486] INFO  impl.FollowerState (FollowerState.java:run(106)) - 83e73c89-42e6-44c0-9fcf-5542ff22b34f:group-B0A263F22F8E changes to CANDIDATE, lastRpcTime:1156, electionTimeout:1156ms
2019-09-19 08:58:28,205 [Thread-486] INFO  impl.RoleInfo (RoleInfo.java:shutdownFollowerState(121)) - 83e73c89-42e6-44c0-9fcf-5542ff22b34f: shutdown FollowerState
2019-09-19 08:58:28,205 [Thread-486] INFO  impl.RaftServerImpl (RaftServerImpl.java:setRole(171)) - 83e73c89-42e6-44c0-9fcf-5542ff22b34f:group-B0A263F22F8E changes role from FOLLOWER to CANDIDATE at term 0 for changeToCandidate
2019-09-19 08:58:28,205 [Thread-486] INFO  impl.RoleInfo (RoleInfo.java:updateAndGet(143)) - 83e73c89-42e6-44c0-9fcf-5542ff22b34f: start LeaderElection
2019-09-19 08:58:28,222 [83e73c89-42e6-44c0-9fcf-5542ff22b34f:group-B0A263F22F8E:LeaderElection47] INFO  impl.LeaderElection (LeaderElection.java:askForVotes(181)) - 83e73c89-42e6-44c0-9fcf-5542ff22b34f:group-B0A263F22F8E:LeaderElection47: begin an election at term 1 for -1: [83e73c89-42e6-44c0-9fcf-5542ff22b34f:192.168.34.5:35347], old=null
2019-09-19 08:58:28,222 [83e73c89-42e6-44c0-9fcf-5542ff22b34f:group-B0A263F22F8E:LeaderElection47] INFO  impl.RoleInfo (RoleInfo.java:shutdownLeaderElection(134)) - 83e73c89-42e6-44c0-9fcf-5542ff22b34f: shutdown LeaderElection
2019-09-19 08:58:28,222 [83e73c89-42e6-44c0-9fcf-5542ff22b34f:group-B0A263F22F8E:LeaderElection47] INFO  impl.RaftServerImpl (RaftServerImpl.java:setRole(171)) - 83e73c89-42e6-44c0-9fcf-5542ff22b34f:group-B0A263F22F8E changes role from CANDIDATE to LEADER at term 1 for changeToLeader
2019-09-19 08:58:28,223 [83e73c89-42e6-44c0-9fcf-5542ff22b34f:group-B0A263F22F8E:LeaderElection47] INFO  impl.RaftServerImpl (ServerState.java:setLeader(263)) - 83e73c89-42e6-44c0-9fcf-5542ff22b34f:group-B0A263F22F8E change Leader from null to 83e73c89-42e6-44c0-9fcf-5542ff22b34f at term 1 for becomeLeader, leader elected after 1176ms
2019-09-19 08:58:28,223 [83e73c89-42e6-44c0-9fcf-5542ff22b34f:group-B0A263F22F8E:LeaderElection47] INFO  server.RaftServerConfigKeys (ConfUtils.java:logGet(43)) - raft.server.staging.catchup.gap = 1000 (default)
2019-09-19 08:58:28,223 [83e73c89-42e6-44c0-9fcf-5542ff22b34f:group-B0A263F22F8E:LeaderElection47] INFO  server.RaftServerConfigKeys (ConfUtils.java:logGet(43)) - raft.server.rpc.sleep.time = 25ms (default)
2019-09-19 08:58:28,223 [83e73c89-42e6-44c0-9fcf-5542ff22b34f:group-B0A263F22F8E:LeaderElection47] INFO  server.RaftServerConfigKeys (ConfUtils.java:logGet(43)) - raft.server.write.element-limit = 4096 (default)
2019-09-19 08:58:28,223 [83e73c89-42e6-44c0-9fcf-5542ff22b34f:group-B0A263F22F8E:LeaderElection47] INFO  server.RaftServerConfigKeys (ConfUtils.java:logGet(43)) - raft.server.watch.timeout = 10s (default)
2019-09-19 08:58:28,223 [83e73c89-42e6-44c0-9fcf-5542ff22b34f:group-B0A263F22F8E:LeaderElection47] INFO  server.RaftServerConfigKeys (ConfUtils.java:logGet(43)) - raft.server.watch.timeout.denomination = 1s (default)
2019-09-19 08:58:28,223 [83e73c89-42e6-44c0-9fcf-5542ff22b34f:group-B0A263F22F8E:LeaderElection47] INFO  server.RaftServerConfigKeys (ConfUtils.java:logGet(43)) - raft.server.watch.element-limit = 65536 (default)
2019-09-19 08:58:28,223 [83e73c89-42e6-44c0-9fcf-5542ff22b34f:group-B0A263F22F8E:LeaderElection47] INFO  impl.RoleInfo (RoleInfo.java:updateAndGet(143)) - 83e73c89-42e6-44c0-9fcf-5542ff22b34f: start LeaderState
2019-09-19 08:58:28,224 [83e73c89-42e6-44c0-9fcf-5542ff22b34f:group-B0A263F22F8E:LeaderElection47] INFO  segmented.SegmentedRaftLogWorker (SegmentedRaftLogWorker.java:startLogSegment(380)) - 83e73c89-42e6-44c0-9fcf-5542ff22b34f-SegmentedRaftLogWorker:Storage Directory /workdir/hadoop-ozone/integration-test/target/test-dir/MiniOzoneClusterImpl-072ceacc-f14a-494c-b049-5b6ad59b8d93/datanode-8/data/ratis/ce045111-7b3c-4798-9e70-b0a263f22f8e: Starting segment from index:0
2019-09-19 08:58:28,224 [83e73c89-42e6-44c0-9fcf-5542ff22b34f:group-B0A263F22F8E:LeaderElection47] INFO  impl.RaftServerImpl (ServerState.java:setRaftConf(361)) - 83e73c89-42e6-44c0-9fcf-5542ff22b34f:group-B0A263F22F8E set configuration 0: [83e73c89-42e6-44c0-9fcf-5542ff22b34f:192.168.34.5:35347], old=null at 0
2019-09-19 08:58:28,239 | INFO  | SCMAudit | user=jenkins1000 | ip=192.168.34.5 | op=SEND_HEARTBEAT {datanodeUUID=83e73c89-42e6-44c0-9fcf-5542ff22b34f, command=[]} | ret=SUCCESS |  
2019-09-19 08:58:28,260 [83e73c89-42e6-44c0-9fcf-5542ff22b34f-SegmentedRaftLogWorker:Storage Directory /workdir/hadoop-ozone/integration-test/target/test-dir/MiniOzoneClusterImpl-072ceacc-f14a-494c-b049-5b6ad59b8d93/datanode-8/data/ratis/ce045111-7b3c-4798-9e70-b0a263f22f8e] INFO  segmented.SegmentedRaftLogWorker (SegmentedRaftLogWorker.java:execute(569)) - 83e73c89-42e6-44c0-9fcf-5542ff22b34f-SegmentedRaftLogWorker:Storage Directory /workdir/hadoop-ozone/integration-test/target/test-dir/MiniOzoneClusterImpl-072ceacc-f14a-494c-b049-5b6ad59b8d93/datanode-8/data/ratis/ce045111-7b3c-4798-9e70-b0a263f22f8e: created new log segment /workdir/hadoop-ozone/integration-test/target/test-dir/MiniOzoneClusterImpl-072ceacc-f14a-494c-b049-5b6ad59b8d93/datanode-8/data/ratis/ce045111-7b3c-4798-9e70-b0a263f22f8e/current/log_inprogress_0
2019-09-19 08:58:28,262 | INFO  | SCMAudit | user=jenkins1000 | ip=192.168.34.5 | op=SEND_HEARTBEAT {datanodeUUID=8a96a672-7e2f-4b1c-ac1e-ddd5d18a6d5d, command=[]} | ret=SUCCESS |  
2019-09-19 08:58:28,262 [Thread-492] INFO  impl.FollowerState (FollowerState.java:run(106)) - 1ad3fd21-b666-4d4e-8138-b5cd04f973fd:group-4F9B9A48841C changes to CANDIDATE, lastRpcTime:1107, electionTimeout:1107ms
2019-09-19 08:58:28,262 [Thread-492] INFO  impl.RoleInfo (RoleInfo.java:shutdownFollowerState(121)) - 1ad3fd21-b666-4d4e-8138-b5cd04f973fd: shutdown FollowerState
2019-09-19 08:58:28,262 [Thread-492] INFO  impl.RaftServerImpl (RaftServerImpl.java:setRole(171)) - 1ad3fd21-b666-4d4e-8138-b5cd04f973fd:group-4F9B9A48841C changes role from FOLLOWER to CANDIDATE at term 0 for changeToCandidate
2019-09-19 08:58:28,262 [Thread-492] INFO  impl.RoleInfo (RoleInfo.java:updateAndGet(143)) - 1ad3fd21-b666-4d4e-8138-b5cd04f973fd: start LeaderElection
2019-09-19 08:58:28,272 [1ad3fd21-b666-4d4e-8138-b5cd04f973fd:group-4F9B9A48841C:LeaderElection48] INFO  impl.LeaderElection (LeaderElection.java:askForVotes(181)) - 1ad3fd21-b666-4d4e-8138-b5cd04f973fd:group-4F9B9A48841C:LeaderElection48: begin an election at term 1 for -1: [1ad3fd21-b666-4d4e-8138-b5cd04f973fd:192.168.34.5:40478], old=null
2019-09-19 08:58:28,273 [1ad3fd21-b666-4d4e-8138-b5cd04f973fd:group-4F9B9A48841C:LeaderElection48] INFO  impl.RoleInfo (RoleInfo.java:shutdownLeaderElection(134)) - 1ad3fd21-b666-4d4e-8138-b5cd04f973fd: shutdown LeaderElection
2019-09-19 08:58:28,273 [1ad3fd21-b666-4d4e-8138-b5cd04f973fd:group-4F9B9A48841C:LeaderElection48] INFO  impl.RaftServerImpl (RaftServerImpl.java:setRole(171)) - 1ad3fd21-b666-4d4e-8138-b5cd04f973fd:group-4F9B9A48841C changes role from CANDIDATE to LEADER at term 1 for changeToLeader
2019-09-19 08:58:28,273 [1ad3fd21-b666-4d4e-8138-b5cd04f973fd:group-4F9B9A48841C:LeaderElection48] INFO  impl.RaftServerImpl (ServerState.java:setLeader(263)) - 1ad3fd21-b666-4d4e-8138-b5cd04f973fd:group-4F9B9A48841C change Leader from null to 1ad3fd21-b666-4d4e-8138-b5cd04f973fd at term 1 for becomeLeader, leader elected after 1148ms
2019-09-19 08:58:28,273 [1ad3fd21-b666-4d4e-8138-b5cd04f973fd:group-4F9B9A48841C:LeaderElection48] INFO  server.RaftServerConfigKeys (ConfUtils.java:logGet(43)) - raft.server.staging.catchup.gap = 1000 (default)
2019-09-19 08:58:28,273 [1ad3fd21-b666-4d4e-8138-b5cd04f973fd:group-4F9B9A48841C:LeaderElection48] INFO  server.RaftServerConfigKeys (ConfUtils.java:logGet(43)) - raft.server.rpc.sleep.time = 25ms (default)
2019-09-19 08:58:28,273 [1ad3fd21-b666-4d4e-8138-b5cd04f973fd:group-4F9B9A48841C:LeaderElection48] INFO  server.RaftServerConfigKeys (ConfUtils.java:logGet(43)) - raft.server.write.element-limit = 4096 (default)
2019-09-19 08:58:28,273 [1ad3fd21-b666-4d4e-8138-b5cd04f973fd:group-4F9B9A48841C:LeaderElection48] INFO  server.RaftServerConfigKeys (ConfUtils.java:logGet(43)) - raft.server.watch.timeout = 10s (default)
2019-09-19 08:58:28,273 [1ad3fd21-b666-4d4e-8138-b5cd04f973fd:group-4F9B9A48841C:LeaderElection48] INFO  server.RaftServerConfigKeys (ConfUtils.java:logGet(43)) - raft.server.watch.timeout.denomination = 1s (default)
2019-09-19 08:58:28,274 [1ad3fd21-b666-4d4e-8138-b5cd04f973fd:group-4F9B9A48841C:LeaderElection48] INFO  server.RaftServerConfigKeys (ConfUtils.java:logGet(43)) - raft.server.watch.element-limit = 65536 (default)
2019-09-19 08:58:28,274 [1ad3fd21-b666-4d4e-8138-b5cd04f973fd:group-4F9B9A48841C:LeaderElection48] INFO  impl.RoleInfo (RoleInfo.java:updateAndGet(143)) - 1ad3fd21-b666-4d4e-8138-b5cd04f973fd: start LeaderState
2019-09-19 08:58:28,274 [1ad3fd21-b666-4d4e-8138-b5cd04f973fd:group-4F9B9A48841C:LeaderElection48] INFO  segmented.SegmentedRaftLogWorker (SegmentedRaftLogWorker.java:startLogSegment(380)) - 1ad3fd21-b666-4d4e-8138-b5cd04f973fd-SegmentedRaftLogWorker:Storage Directory /workdir/hadoop-ozone/integration-test/target/test-dir/MiniOzoneClusterImpl-072ceacc-f14a-494c-b049-5b6ad59b8d93/datanode-9/data/ratis/b79cff33-c3ac-4923-b63d-4f9b9a48841c: Starting segment from index:0
2019-09-19 08:58:28,274 [1ad3fd21-b666-4d4e-8138-b5cd04f973fd:group-4F9B9A48841C:LeaderElection48] INFO  impl.RaftServerImpl (ServerState.java:setRaftConf(361)) - 1ad3fd21-b666-4d4e-8138-b5cd04f973fd:group-4F9B9A48841C set configuration 0: [1ad3fd21-b666-4d4e-8138-b5cd04f973fd:192.168.34.5:40478], old=null at 0
2019-09-19 08:58:28,312 [1ad3fd21-b666-4d4e-8138-b5cd04f973fd-SegmentedRaftLogWorker:Storage Directory /workdir/hadoop-ozone/integration-test/target/test-dir/MiniOzoneClusterImpl-072ceacc-f14a-494c-b049-5b6ad59b8d93/datanode-9/data/ratis/b79cff33-c3ac-4923-b63d-4f9b9a48841c] INFO  segmented.SegmentedRaftLogWorker (SegmentedRaftLogWorker.java:execute(569)) - 1ad3fd21-b666-4d4e-8138-b5cd04f973fd-SegmentedRaftLogWorker:Storage Directory /workdir/hadoop-ozone/integration-test/target/test-dir/MiniOzoneClusterImpl-072ceacc-f14a-494c-b049-5b6ad59b8d93/datanode-9/data/ratis/b79cff33-c3ac-4923-b63d-4f9b9a48841c: created new log segment /workdir/hadoop-ozone/integration-test/target/test-dir/MiniOzoneClusterImpl-072ceacc-f14a-494c-b049-5b6ad59b8d93/datanode-9/data/ratis/b79cff33-c3ac-4923-b63d-4f9b9a48841c/current/log_inprogress_0
2019-09-19 08:58:28,338 | INFO  | SCMAudit | user=jenkins1000 | ip=192.168.34.5 | op=SEND_HEARTBEAT {datanodeUUID=59afcdb3-7cd7-47ef-abfa-eabf405042f7, command=[]} | ret=SUCCESS |  
2019-09-19 08:58:28,405 [Thread-503] INFO  impl.FollowerState (FollowerState.java:run(106)) - a01737f6-7857-4616-835e-b1ff05ecf78f:group-4521E038C523 changes to CANDIDATE, lastRpcTime:1093, electionTimeout:1093ms
2019-09-19 08:58:28,406 [Thread-503] INFO  impl.RoleInfo (RoleInfo.java:shutdownFollowerState(121)) - a01737f6-7857-4616-835e-b1ff05ecf78f: shutdown FollowerState
2019-09-19 08:58:28,406 [Thread-503] INFO  impl.RaftServerImpl (RaftServerImpl.java:setRole(171)) - a01737f6-7857-4616-835e-b1ff05ecf78f:group-4521E038C523 changes role from FOLLOWER to CANDIDATE at term 0 for changeToCandidate
2019-09-19 08:58:28,406 [Thread-503] INFO  impl.RoleInfo (RoleInfo.java:updateAndGet(143)) - a01737f6-7857-4616-835e-b1ff05ecf78f: start LeaderElection
2019-09-19 08:58:28,416 [Thread-506] INFO  impl.FollowerState (FollowerState.java:run(106)) - a01737f6-7857-4616-835e-b1ff05ecf78f:group-B541943B0699 changes to CANDIDATE, lastRpcTime:1056, electionTimeout:1056ms
2019-09-19 08:58:28,416 [Thread-506] INFO  impl.RoleInfo (RoleInfo.java:shutdownFollowerState(121)) - a01737f6-7857-4616-835e-b1ff05ecf78f: shutdown FollowerState
2019-09-19 08:58:28,416 [Thread-506] INFO  impl.RaftServerImpl (RaftServerImpl.java:setRole(171)) - a01737f6-7857-4616-835e-b1ff05ecf78f:group-B541943B0699 changes role from FOLLOWER to CANDIDATE at term 0 for changeToCandidate
2019-09-19 08:58:28,416 [Thread-506] INFO  impl.RoleInfo (RoleInfo.java:updateAndGet(143)) - a01737f6-7857-4616-835e-b1ff05ecf78f: start LeaderElection
2019-09-19 08:58:28,435 [a01737f6-7857-4616-835e-b1ff05ecf78f:group-B541943B0699:LeaderElection50] INFO  impl.LeaderElection (LeaderElection.java:askForVotes(181)) - a01737f6-7857-4616-835e-b1ff05ecf78f:group-B541943B0699:LeaderElection50: begin an election at term 1 for -1: [a01737f6-7857-4616-835e-b1ff05ecf78f:192.168.34.5:36733], old=null
2019-09-19 08:58:28,436 [a01737f6-7857-4616-835e-b1ff05ecf78f:group-4521E038C523:LeaderElection49] INFO  impl.LeaderElection (LeaderElection.java:askForVotes(181)) - a01737f6-7857-4616-835e-b1ff05ecf78f:group-4521E038C523:LeaderElection49: begin an election at term 1 for -1: [a01737f6-7857-4616-835e-b1ff05ecf78f:192.168.34.5:36733], old=null
2019-09-19 08:58:28,436 [a01737f6-7857-4616-835e-b1ff05ecf78f:group-B541943B0699:LeaderElection50] INFO  impl.RoleInfo (RoleInfo.java:shutdownLeaderElection(134)) - a01737f6-7857-4616-835e-b1ff05ecf78f: shutdown LeaderElection
2019-09-19 08:58:28,436 [a01737f6-7857-4616-835e-b1ff05ecf78f:group-4521E038C523:LeaderElection49] INFO  impl.RoleInfo (RoleInfo.java:shutdownLeaderElection(134)) - a01737f6-7857-4616-835e-b1ff05ecf78f: shutdown LeaderElection
2019-09-19 08:58:28,436 [a01737f6-7857-4616-835e-b1ff05ecf78f:group-B541943B0699:LeaderElection50] INFO  impl.RaftServerImpl (RaftServerImpl.java:setRole(171)) - a01737f6-7857-4616-835e-b1ff05ecf78f:group-B541943B0699 changes role from CANDIDATE to LEADER at term 1 for changeToLeader
2019-09-19 08:58:28,436 [a01737f6-7857-4616-835e-b1ff05ecf78f:group-4521E038C523:LeaderElection49] INFO  impl.RaftServerImpl (RaftServerImpl.java:setRole(171)) - a01737f6-7857-4616-835e-b1ff05ecf78f:group-4521E038C523 changes role from CANDIDATE to LEADER at term 1 for changeToLeader
2019-09-19 08:58:28,436 [a01737f6-7857-4616-835e-b1ff05ecf78f:group-B541943B0699:LeaderElection50] INFO  impl.RaftServerImpl (ServerState.java:setLeader(263)) - a01737f6-7857-4616-835e-b1ff05ecf78f:group-B541943B0699 change Leader from null to a01737f6-7857-4616-835e-b1ff05ecf78f at term 1 for becomeLeader, leader elected after 1079ms
2019-09-19 08:58:28,436 [a01737f6-7857-4616-835e-b1ff05ecf78f:group-4521E038C523:LeaderElection49] INFO  impl.RaftServerImpl (ServerState.java:setLeader(263)) - a01737f6-7857-4616-835e-b1ff05ecf78f:group-4521E038C523 change Leader from null to a01737f6-7857-4616-835e-b1ff05ecf78f at term 1 for becomeLeader, leader elected after 1128ms
2019-09-19 08:58:28,436 [a01737f6-7857-4616-835e-b1ff05ecf78f:group-B541943B0699:LeaderElection50] INFO  server.RaftServerConfigKeys (ConfUtils.java:logGet(43)) - raft.server.staging.catchup.gap = 1000 (default)
2019-09-19 08:58:28,437 [a01737f6-7857-4616-835e-b1ff05ecf78f:group-4521E038C523:LeaderElection49] INFO  server.RaftServerConfigKeys (ConfUtils.java:logGet(43)) - raft.server.staging.catchup.gap = 1000 (default)
2019-09-19 08:58:28,437 [a01737f6-7857-4616-835e-b1ff05ecf78f:group-B541943B0699:LeaderElection50] INFO  server.RaftServerConfigKeys (ConfUtils.java:logGet(43)) - raft.server.rpc.sleep.time = 25ms (default)
2019-09-19 08:58:28,437 [a01737f6-7857-4616-835e-b1ff05ecf78f:group-4521E038C523:LeaderElection49] INFO  server.RaftServerConfigKeys (ConfUtils.java:logGet(43)) - raft.server.rpc.sleep.time = 25ms (default)
2019-09-19 08:58:28,437 [a01737f6-7857-4616-835e-b1ff05ecf78f:group-B541943B0699:LeaderElection50] INFO  server.RaftServerConfigKeys (ConfUtils.java:logGet(43)) - raft.server.write.element-limit = 4096 (default)
2019-09-19 08:58:28,437 [a01737f6-7857-4616-835e-b1ff05ecf78f:group-4521E038C523:LeaderElection49] INFO  server.RaftServerConfigKeys (ConfUtils.java:logGet(43)) - raft.server.write.element-limit = 4096 (default)
2019-09-19 08:58:28,437 [a01737f6-7857-4616-835e-b1ff05ecf78f:group-B541943B0699:LeaderElection50] INFO  server.RaftServerConfigKeys (ConfUtils.java:logGet(43)) - raft.server.watch.timeout = 10s (default)
2019-09-19 08:58:28,437 [a01737f6-7857-4616-835e-b1ff05ecf78f:group-4521E038C523:LeaderElection49] INFO  server.RaftServerConfigKeys (ConfUtils.java:logGet(43)) - raft.server.watch.timeout = 10s (default)
2019-09-19 08:58:28,437 [a01737f6-7857-4616-835e-b1ff05ecf78f:group-B541943B0699:LeaderElection50] INFO  server.RaftServerConfigKeys (ConfUtils.java:logGet(43)) - raft.server.watch.timeout.denomination = 1s (default)
2019-09-19 08:58:28,438 [a01737f6-7857-4616-835e-b1ff05ecf78f:group-4521E038C523:LeaderElection49] INFO  server.RaftServerConfigKeys (ConfUtils.java:logGet(43)) - raft.server.watch.timeout.denomination = 1s (default)
2019-09-19 08:58:28,438 [a01737f6-7857-4616-835e-b1ff05ecf78f:group-B541943B0699:LeaderElection50] INFO  server.RaftServerConfigKeys (ConfUtils.java:logGet(43)) - raft.server.watch.element-limit = 65536 (default)
2019-09-19 08:58:28,438 [a01737f6-7857-4616-835e-b1ff05ecf78f:group-4521E038C523:LeaderElection49] INFO  server.RaftServerConfigKeys (ConfUtils.java:logGet(43)) - raft.server.watch.element-limit = 65536 (default)
2019-09-19 08:58:28,438 [a01737f6-7857-4616-835e-b1ff05ecf78f:group-B541943B0699:LeaderElection50] INFO  impl.RoleInfo (RoleInfo.java:updateAndGet(143)) - a01737f6-7857-4616-835e-b1ff05ecf78f: start LeaderState
2019-09-19 08:58:28,438 [a01737f6-7857-4616-835e-b1ff05ecf78f:group-4521E038C523:LeaderElection49] INFO  impl.RoleInfo (RoleInfo.java:updateAndGet(143)) - a01737f6-7857-4616-835e-b1ff05ecf78f: start LeaderState
2019-09-19 08:58:28,438 [a01737f6-7857-4616-835e-b1ff05ecf78f:group-B541943B0699:LeaderElection50] INFO  segmented.SegmentedRaftLogWorker (SegmentedRaftLogWorker.java:startLogSegment(380)) - a01737f6-7857-4616-835e-b1ff05ecf78f-SegmentedRaftLogWorker:Storage Directory /workdir/hadoop-ozone/integration-test/target/test-dir/MiniOzoneClusterImpl-072ceacc-f14a-494c-b049-5b6ad59b8d93/datanode-7/data/ratis/5d8c7068-444f-42e5-a2b7-b541943b0699: Starting segment from index:0
2019-09-19 08:58:28,439 [a01737f6-7857-4616-835e-b1ff05ecf78f:group-4521E038C523:LeaderElection49] INFO  segmented.SegmentedRaftLogWorker (SegmentedRaftLogWorker.java:startLogSegment(380)) - a01737f6-7857-4616-835e-b1ff05ecf78f-SegmentedRaftLogWorker:Storage Directory /workdir/hadoop-ozone/integration-test/target/test-dir/MiniOzoneClusterImpl-072ceacc-f14a-494c-b049-5b6ad59b8d93/datanode-7/data/ratis/37967a6c-2d3f-4b91-8b27-4521e038c523: Starting segment from index:0
2019-09-19 08:58:28,439 [a01737f6-7857-4616-835e-b1ff05ecf78f:group-B541943B0699:LeaderElection50] INFO  impl.RaftServerImpl (ServerState.java:setRaftConf(361)) - a01737f6-7857-4616-835e-b1ff05ecf78f:group-B541943B0699 set configuration 0: [a01737f6-7857-4616-835e-b1ff05ecf78f:192.168.34.5:36733], old=null at 0
2019-09-19 08:58:28,439 [a01737f6-7857-4616-835e-b1ff05ecf78f:group-4521E038C523:LeaderElection49] INFO  impl.RaftServerImpl (ServerState.java:setRaftConf(361)) - a01737f6-7857-4616-835e-b1ff05ecf78f:group-4521E038C523 set configuration 0: [a01737f6-7857-4616-835e-b1ff05ecf78f:192.168.34.5:36733], old=null at 0
2019-09-19 08:58:28,450 | INFO  | SCMAudit | user=jenkins1000 | ip=192.168.34.5 | op=SEND_HEARTBEAT {datanodeUUID=1ad3fd21-b666-4d4e-8138-b5cd04f973fd, command=[]} | ret=SUCCESS |  
2019-09-19 08:58:28,452 [Thread-499] INFO  impl.FollowerState (FollowerState.java:run(106)) - 83e73c89-42e6-44c0-9fcf-5542ff22b34f:group-E7C15A3FBB7E changes to CANDIDATE, lastRpcTime:1195, electionTimeout:1195ms
2019-09-19 08:58:28,452 [Thread-499] INFO  impl.RoleInfo (RoleInfo.java:shutdownFollowerState(121)) - 83e73c89-42e6-44c0-9fcf-5542ff22b34f: shutdown FollowerState
2019-09-19 08:58:28,452 [Thread-499] INFO  impl.RaftServerImpl (RaftServerImpl.java:setRole(171)) - 83e73c89-42e6-44c0-9fcf-5542ff22b34f:group-E7C15A3FBB7E changes role from FOLLOWER to CANDIDATE at term 0 for changeToCandidate
2019-09-19 08:58:28,452 [Thread-499] INFO  impl.RoleInfo (RoleInfo.java:updateAndGet(143)) - 83e73c89-42e6-44c0-9fcf-5542ff22b34f: start LeaderElection
2019-09-19 08:58:28,491 [a01737f6-7857-4616-835e-b1ff05ecf78f-SegmentedRaftLogWorker:Storage Directory /workdir/hadoop-ozone/integration-test/target/test-dir/MiniOzoneClusterImpl-072ceacc-f14a-494c-b049-5b6ad59b8d93/datanode-7/data/ratis/5d8c7068-444f-42e5-a2b7-b541943b0699] INFO  segmented.SegmentedRaftLogWorker (SegmentedRaftLogWorker.java:execute(569)) - a01737f6-7857-4616-835e-b1ff05ecf78f-SegmentedRaftLogWorker:Storage Directory /workdir/hadoop-ozone/integration-test/target/test-dir/MiniOzoneClusterImpl-072ceacc-f14a-494c-b049-5b6ad59b8d93/datanode-7/data/ratis/5d8c7068-444f-42e5-a2b7-b541943b0699: created new log segment /workdir/hadoop-ozone/integration-test/target/test-dir/MiniOzoneClusterImpl-072ceacc-f14a-494c-b049-5b6ad59b8d93/datanode-7/data/ratis/5d8c7068-444f-42e5-a2b7-b541943b0699/current/log_inprogress_0
2019-09-19 08:58:28,491 [83e73c89-42e6-44c0-9fcf-5542ff22b34f:group-E7C15A3FBB7E:LeaderElection51] INFO  impl.LeaderElection (LeaderElection.java:askForVotes(181)) - 83e73c89-42e6-44c0-9fcf-5542ff22b34f:group-E7C15A3FBB7E:LeaderElection51: begin an election at term 1 for -1: [83e73c89-42e6-44c0-9fcf-5542ff22b34f:192.168.34.5:35347], old=null
2019-09-19 08:58:28,491 [a01737f6-7857-4616-835e-b1ff05ecf78f-SegmentedRaftLogWorker:Storage Directory /workdir/hadoop-ozone/integration-test/target/test-dir/MiniOzoneClusterImpl-072ceacc-f14a-494c-b049-5b6ad59b8d93/datanode-7/data/ratis/37967a6c-2d3f-4b91-8b27-4521e038c523] INFO  segmented.SegmentedRaftLogWorker (SegmentedRaftLogWorker.java:execute(569)) - a01737f6-7857-4616-835e-b1ff05ecf78f-SegmentedRaftLogWorker:Storage Directory /workdir/hadoop-ozone/integration-test/target/test-dir/MiniOzoneClusterImpl-072ceacc-f14a-494c-b049-5b6ad59b8d93/datanode-7/data/ratis/37967a6c-2d3f-4b91-8b27-4521e038c523: created new log segment /workdir/hadoop-ozone/integration-test/target/test-dir/MiniOzoneClusterImpl-072ceacc-f14a-494c-b049-5b6ad59b8d93/datanode-7/data/ratis/37967a6c-2d3f-4b91-8b27-4521e038c523/current/log_inprogress_0
2019-09-19 08:58:28,492 [83e73c89-42e6-44c0-9fcf-5542ff22b34f:group-E7C15A3FBB7E:LeaderElection51] INFO  impl.RoleInfo (RoleInfo.java:shutdownLeaderElection(134)) - 83e73c89-42e6-44c0-9fcf-5542ff22b34f: shutdown LeaderElection
2019-09-19 08:58:28,492 [83e73c89-42e6-44c0-9fcf-5542ff22b34f:group-E7C15A3FBB7E:LeaderElection51] INFO  impl.RaftServerImpl (RaftServerImpl.java:setRole(171)) - 83e73c89-42e6-44c0-9fcf-5542ff22b34f:group-E7C15A3FBB7E changes role from CANDIDATE to LEADER at term 1 for changeToLeader
2019-09-19 08:58:28,492 [83e73c89-42e6-44c0-9fcf-5542ff22b34f:group-E7C15A3FBB7E:LeaderElection51] INFO  impl.RaftServerImpl (ServerState.java:setLeader(263)) - 83e73c89-42e6-44c0-9fcf-5542ff22b34f:group-E7C15A3FBB7E change Leader from null to 83e73c89-42e6-44c0-9fcf-5542ff22b34f at term 1 for becomeLeader, leader elected after 1288ms
2019-09-19 08:58:28,492 [83e73c89-42e6-44c0-9fcf-5542ff22b34f:group-E7C15A3FBB7E:LeaderElection51] INFO  server.RaftServerConfigKeys (ConfUtils.java:logGet(43)) - raft.server.staging.catchup.gap = 1000 (default)
2019-09-19 08:58:28,492 [83e73c89-42e6-44c0-9fcf-5542ff22b34f:group-E7C15A3FBB7E:LeaderElection51] INFO  server.RaftServerConfigKeys (ConfUtils.java:logGet(43)) - raft.server.rpc.sleep.time = 25ms (default)
2019-09-19 08:58:28,492 [83e73c89-42e6-44c0-9fcf-5542ff22b34f:group-E7C15A3FBB7E:LeaderElection51] INFO  server.RaftServerConfigKeys (ConfUtils.java:logGet(43)) - raft.server.write.element-limit = 4096 (default)
2019-09-19 08:58:28,492 [83e73c89-42e6-44c0-9fcf-5542ff22b34f:group-E7C15A3FBB7E:LeaderElection51] INFO  server.RaftServerConfigKeys (ConfUtils.java:logGet(43)) - raft.server.watch.timeout = 10s (default)
2019-09-19 08:58:28,493 [83e73c89-42e6-44c0-9fcf-5542ff22b34f:group-E7C15A3FBB7E:LeaderElection51] INFO  server.RaftServerConfigKeys (ConfUtils.java:logGet(43)) - raft.server.watch.timeout.denomination = 1s (default)
2019-09-19 08:58:28,493 [83e73c89-42e6-44c0-9fcf-5542ff22b34f:group-E7C15A3FBB7E:LeaderElection51] INFO  server.RaftServerConfigKeys (ConfUtils.java:logGet(43)) - raft.server.watch.element-limit = 65536 (default)
2019-09-19 08:58:28,493 [83e73c89-42e6-44c0-9fcf-5542ff22b34f:group-E7C15A3FBB7E:LeaderElection51] INFO  impl.RoleInfo (RoleInfo.java:updateAndGet(143)) - 83e73c89-42e6-44c0-9fcf-5542ff22b34f: start LeaderState
2019-09-19 08:58:28,493 [83e73c89-42e6-44c0-9fcf-5542ff22b34f:group-E7C15A3FBB7E:LeaderElection51] INFO  segmented.SegmentedRaftLogWorker (SegmentedRaftLogWorker.java:startLogSegment(380)) - 83e73c89-42e6-44c0-9fcf-5542ff22b34f-SegmentedRaftLogWorker:Storage Directory /workdir/hadoop-ozone/integration-test/target/test-dir/MiniOzoneClusterImpl-072ceacc-f14a-494c-b049-5b6ad59b8d93/datanode-8/data/ratis/20bf8c94-d5fb-438c-948f-e7c15a3fbb7e: Starting segment from index:0
2019-09-19 08:58:28,494 [83e73c89-42e6-44c0-9fcf-5542ff22b34f:group-E7C15A3FBB7E:LeaderElection51] INFO  impl.RaftServerImpl (ServerState.java:setRaftConf(361)) - 83e73c89-42e6-44c0-9fcf-5542ff22b34f:group-E7C15A3FBB7E set configuration 0: [83e73c89-42e6-44c0-9fcf-5542ff22b34f:192.168.34.5:35347], old=null at 0
2019-09-19 08:58:28,531 [83e73c89-42e6-44c0-9fcf-5542ff22b34f-SegmentedRaftLogWorker:Storage Directory /workdir/hadoop-ozone/integration-test/target/test-dir/MiniOzoneClusterImpl-072ceacc-f14a-494c-b049-5b6ad59b8d93/datanode-8/data/ratis/20bf8c94-d5fb-438c-948f-e7c15a3fbb7e] INFO  segmented.SegmentedRaftLogWorker (SegmentedRaftLogWorker.java:execute(569)) - 83e73c89-42e6-44c0-9fcf-5542ff22b34f-SegmentedRaftLogWorker:Storage Directory /workdir/hadoop-ozone/integration-test/target/test-dir/MiniOzoneClusterImpl-072ceacc-f14a-494c-b049-5b6ad59b8d93/datanode-8/data/ratis/20bf8c94-d5fb-438c-948f-e7c15a3fbb7e: created new log segment /workdir/hadoop-ozone/integration-test/target/test-dir/MiniOzoneClusterImpl-072ceacc-f14a-494c-b049-5b6ad59b8d93/datanode-8/data/ratis/20bf8c94-d5fb-438c-948f-e7c15a3fbb7e/current/log_inprogress_0
2019-09-19 08:58:28,552 | INFO  | SCMAudit | user=jenkins1000 | ip=192.168.34.5 | op=SEND_HEARTBEAT {datanodeUUID=356a349a-c9c9-49f9-a5b1-196804736fbc, command=[]} | ret=SUCCESS |  
2019-09-19 08:58:28,597 [Thread-512] INFO  impl.FollowerState (FollowerState.java:run(106)) - 1ad3fd21-b666-4d4e-8138-b5cd04f973fd:group-229576E6CFBD changes to CANDIDATE, lastRpcTime:1140, electionTimeout:1140ms
2019-09-19 08:58:28,597 [Thread-512] INFO  impl.RoleInfo (RoleInfo.java:shutdownFollowerState(121)) - 1ad3fd21-b666-4d4e-8138-b5cd04f973fd: shutdown FollowerState
2019-09-19 08:58:28,597 [Thread-512] INFO  impl.RaftServerImpl (RaftServerImpl.java:setRole(171)) - 1ad3fd21-b666-4d4e-8138-b5cd04f973fd:group-229576E6CFBD changes role from FOLLOWER to CANDIDATE at term 0 for changeToCandidate
2019-09-19 08:58:28,597 [Thread-512] INFO  impl.RoleInfo (RoleInfo.java:updateAndGet(143)) - 1ad3fd21-b666-4d4e-8138-b5cd04f973fd: start LeaderElection
2019-09-19 08:58:28,621 [1ad3fd21-b666-4d4e-8138-b5cd04f973fd:group-229576E6CFBD:LeaderElection52] INFO  impl.LeaderElection (LeaderElection.java:askForVotes(181)) - 1ad3fd21-b666-4d4e-8138-b5cd04f973fd:group-229576E6CFBD:LeaderElection52: begin an election at term 1 for -1: [1ad3fd21-b666-4d4e-8138-b5cd04f973fd:192.168.34.5:40478], old=null
2019-09-19 08:58:28,621 [1ad3fd21-b666-4d4e-8138-b5cd04f973fd:group-229576E6CFBD:LeaderElection52] INFO  impl.RoleInfo (RoleInfo.java:shutdownLeaderElection(134)) - 1ad3fd21-b666-4d4e-8138-b5cd04f973fd: shutdown LeaderElection
2019-09-19 08:58:28,621 [1ad3fd21-b666-4d4e-8138-b5cd04f973fd:group-229576E6CFBD:LeaderElection52] INFO  impl.RaftServerImpl (RaftServerImpl.java:setRole(171)) - 1ad3fd21-b666-4d4e-8138-b5cd04f973fd:group-229576E6CFBD changes role from CANDIDATE to LEADER at term 1 for changeToLeader
2019-09-19 08:58:28,622 [1ad3fd21-b666-4d4e-8138-b5cd04f973fd:group-229576E6CFBD:LeaderElection52] INFO  impl.RaftServerImpl (ServerState.java:setLeader(263)) - 1ad3fd21-b666-4d4e-8138-b5cd04f973fd:group-229576E6CFBD change Leader from null to 1ad3fd21-b666-4d4e-8138-b5cd04f973fd at term 1 for becomeLeader, leader elected after 1208ms
2019-09-19 08:58:28,622 [1ad3fd21-b666-4d4e-8138-b5cd04f973fd:group-229576E6CFBD:LeaderElection52] INFO  server.RaftServerConfigKeys (ConfUtils.java:logGet(43)) - raft.server.staging.catchup.gap = 1000 (default)
2019-09-19 08:58:28,622 [1ad3fd21-b666-4d4e-8138-b5cd04f973fd:group-229576E6CFBD:LeaderElection52] INFO  server.RaftServerConfigKeys (ConfUtils.java:logGet(43)) - raft.server.rpc.sleep.time = 25ms (default)
2019-09-19 08:58:28,622 [1ad3fd21-b666-4d4e-8138-b5cd04f973fd:group-229576E6CFBD:LeaderElection52] INFO  server.RaftServerConfigKeys (ConfUtils.java:logGet(43)) - raft.server.write.element-limit = 4096 (default)
2019-09-19 08:58:28,622 [1ad3fd21-b666-4d4e-8138-b5cd04f973fd:group-229576E6CFBD:LeaderElection52] INFO  server.RaftServerConfigKeys (ConfUtils.java:logGet(43)) - raft.server.watch.timeout = 10s (default)
2019-09-19 08:58:28,623 [1ad3fd21-b666-4d4e-8138-b5cd04f973fd:group-229576E6CFBD:LeaderElection52] INFO  server.RaftServerConfigKeys (ConfUtils.java:logGet(43)) - raft.server.watch.timeout.denomination = 1s (default)
2019-09-19 08:58:28,623 [1ad3fd21-b666-4d4e-8138-b5cd04f973fd:group-229576E6CFBD:LeaderElection52] INFO  server.RaftServerConfigKeys (ConfUtils.java:logGet(43)) - raft.server.watch.element-limit = 65536 (default)
2019-09-19 08:58:28,623 [1ad3fd21-b666-4d4e-8138-b5cd04f973fd:group-229576E6CFBD:LeaderElection52] INFO  impl.RoleInfo (RoleInfo.java:updateAndGet(143)) - 1ad3fd21-b666-4d4e-8138-b5cd04f973fd: start LeaderState
2019-09-19 08:58:28,623 [1ad3fd21-b666-4d4e-8138-b5cd04f973fd:group-229576E6CFBD:LeaderElection52] INFO  segmented.SegmentedRaftLogWorker (SegmentedRaftLogWorker.java:startLogSegment(380)) - 1ad3fd21-b666-4d4e-8138-b5cd04f973fd-SegmentedRaftLogWorker:Storage Directory /workdir/hadoop-ozone/integration-test/target/test-dir/MiniOzoneClusterImpl-072ceacc-f14a-494c-b049-5b6ad59b8d93/datanode-9/data/ratis/ac467e12-9736-4f47-8468-229576e6cfbd: Starting segment from index:0
2019-09-19 08:58:28,624 [1ad3fd21-b666-4d4e-8138-b5cd04f973fd:group-229576E6CFBD:LeaderElection52] INFO  impl.RaftServerImpl (ServerState.java:setRaftConf(361)) - 1ad3fd21-b666-4d4e-8138-b5cd04f973fd:group-229576E6CFBD set configuration 0: [1ad3fd21-b666-4d4e-8138-b5cd04f973fd:192.168.34.5:40478], old=null at 0
2019-09-19 08:58:28,624 [Datanode State Machine Thread - 0] INFO  statemachine.DatanodeStateMachine (DatanodeStateMachine.java:lambda$startDaemon$0(350)) - Ozone container server started.
2019-09-19 08:58:28,693 [1ad3fd21-b666-4d4e-8138-b5cd04f973fd-SegmentedRaftLogWorker:Storage Directory /workdir/hadoop-ozone/integration-test/target/test-dir/MiniOzoneClusterImpl-072ceacc-f14a-494c-b049-5b6ad59b8d93/datanode-9/data/ratis/ac467e12-9736-4f47-8468-229576e6cfbd] INFO  segmented.SegmentedRaftLogWorker (SegmentedRaftLogWorker.java:execute(569)) - 1ad3fd21-b666-4d4e-8138-b5cd04f973fd-SegmentedRaftLogWorker:Storage Directory /workdir/hadoop-ozone/integration-test/target/test-dir/MiniOzoneClusterImpl-072ceacc-f14a-494c-b049-5b6ad59b8d93/datanode-9/data/ratis/ac467e12-9736-4f47-8468-229576e6cfbd: created new log segment /workdir/hadoop-ozone/integration-test/target/test-dir/MiniOzoneClusterImpl-072ceacc-f14a-494c-b049-5b6ad59b8d93/datanode-9/data/ratis/ac467e12-9736-4f47-8468-229576e6cfbd/current/log_inprogress_0
2019-09-19 08:58:28,792 [Thread-523] INFO  impl.FollowerState (FollowerState.java:run(106)) - a01737f6-7857-4616-835e-b1ff05ecf78f:group-82551406A8B3 changes to CANDIDATE, lastRpcTime:1150, electionTimeout:1150ms
2019-09-19 08:58:28,792 [Thread-523] INFO  impl.RoleInfo (RoleInfo.java:shutdownFollowerState(121)) - a01737f6-7857-4616-835e-b1ff05ecf78f: shutdown FollowerState
2019-09-19 08:58:28,792 [Thread-523] INFO  impl.RaftServerImpl (RaftServerImpl.java:setRole(171)) - a01737f6-7857-4616-835e-b1ff05ecf78f:group-82551406A8B3 changes role from FOLLOWER to CANDIDATE at term 0 for changeToCandidate
2019-09-19 08:58:28,792 [Thread-523] INFO  impl.RoleInfo (RoleInfo.java:updateAndGet(143)) - a01737f6-7857-4616-835e-b1ff05ecf78f: start LeaderElection
2019-09-19 08:58:28,805 [a01737f6-7857-4616-835e-b1ff05ecf78f:group-82551406A8B3:LeaderElection53] INFO  impl.LeaderElection (LeaderElection.java:askForVotes(181)) - a01737f6-7857-4616-835e-b1ff05ecf78f:group-82551406A8B3:LeaderElection53: begin an election at term 1 for -1: [a01737f6-7857-4616-835e-b1ff05ecf78f:192.168.34.5:36733], old=null
2019-09-19 08:58:28,805 [a01737f6-7857-4616-835e-b1ff05ecf78f:group-82551406A8B3:LeaderElection53] INFO  impl.RoleInfo (RoleInfo.java:shutdownLeaderElection(134)) - a01737f6-7857-4616-835e-b1ff05ecf78f: shutdown LeaderElection
2019-09-19 08:58:28,806 [a01737f6-7857-4616-835e-b1ff05ecf78f:group-82551406A8B3:LeaderElection53] INFO  impl.RaftServerImpl (RaftServerImpl.java:setRole(171)) - a01737f6-7857-4616-835e-b1ff05ecf78f:group-82551406A8B3 changes role from CANDIDATE to LEADER at term 1 for changeToLeader
2019-09-19 08:58:28,806 [a01737f6-7857-4616-835e-b1ff05ecf78f:group-82551406A8B3:LeaderElection53] INFO  impl.RaftServerImpl (ServerState.java:setLeader(263)) - a01737f6-7857-4616-835e-b1ff05ecf78f:group-82551406A8B3 change Leader from null to a01737f6-7857-4616-835e-b1ff05ecf78f at term 1 for becomeLeader, leader elected after 1166ms
2019-09-19 08:58:28,806 [a01737f6-7857-4616-835e-b1ff05ecf78f:group-82551406A8B3:LeaderElection53] INFO  server.RaftServerConfigKeys (ConfUtils.java:logGet(43)) - raft.server.staging.catchup.gap = 1000 (default)
2019-09-19 08:58:28,806 [a01737f6-7857-4616-835e-b1ff05ecf78f:group-82551406A8B3:LeaderElection53] INFO  server.RaftServerConfigKeys (ConfUtils.java:logGet(43)) - raft.server.rpc.sleep.time = 25ms (default)
2019-09-19 08:58:28,806 [a01737f6-7857-4616-835e-b1ff05ecf78f:group-82551406A8B3:LeaderElection53] INFO  server.RaftServerConfigKeys (ConfUtils.java:logGet(43)) - raft.server.write.element-limit = 4096 (default)
2019-09-19 08:58:28,806 [a01737f6-7857-4616-835e-b1ff05ecf78f:group-82551406A8B3:LeaderElection53] INFO  server.RaftServerConfigKeys (ConfUtils.java:logGet(43)) - raft.server.watch.timeout = 10s (default)
2019-09-19 08:58:28,806 [a01737f6-7857-4616-835e-b1ff05ecf78f:group-82551406A8B3:LeaderElection53] INFO  server.RaftServerConfigKeys (ConfUtils.java:logGet(43)) - raft.server.watch.timeout.denomination = 1s (default)
2019-09-19 08:58:28,806 [a01737f6-7857-4616-835e-b1ff05ecf78f:group-82551406A8B3:LeaderElection53] INFO  server.RaftServerConfigKeys (ConfUtils.java:logGet(43)) - raft.server.watch.element-limit = 65536 (default)
2019-09-19 08:58:28,807 [a01737f6-7857-4616-835e-b1ff05ecf78f:group-82551406A8B3:LeaderElection53] INFO  impl.RoleInfo (RoleInfo.java:updateAndGet(143)) - a01737f6-7857-4616-835e-b1ff05ecf78f: start LeaderState
2019-09-19 08:58:28,807 [a01737f6-7857-4616-835e-b1ff05ecf78f:group-82551406A8B3:LeaderElection53] INFO  segmented.SegmentedRaftLogWorker (SegmentedRaftLogWorker.java:startLogSegment(380)) - a01737f6-7857-4616-835e-b1ff05ecf78f-SegmentedRaftLogWorker:Storage Directory /workdir/hadoop-ozone/integration-test/target/test-dir/MiniOzoneClusterImpl-072ceacc-f14a-494c-b049-5b6ad59b8d93/datanode-7/data/ratis/adbdf5d8-e1ed-4b9a-97de-82551406a8b3: Starting segment from index:0
2019-09-19 08:58:28,807 [a01737f6-7857-4616-835e-b1ff05ecf78f:group-82551406A8B3:LeaderElection53] INFO  impl.RaftServerImpl (ServerState.java:setRaftConf(361)) - a01737f6-7857-4616-835e-b1ff05ecf78f:group-82551406A8B3 set configuration 0: [a01737f6-7857-4616-835e-b1ff05ecf78f:192.168.34.5:36733], old=null at 0
2019-09-19 08:58:28,807 [Thread-520] INFO  impl.FollowerState (FollowerState.java:run(106)) - a01737f6-7857-4616-835e-b1ff05ecf78f:group-9D4EA4605411 changes to CANDIDATE, lastRpcTime:1198, electionTimeout:1198ms
2019-09-19 08:58:28,807 [Thread-520] INFO  impl.RoleInfo (RoleInfo.java:shutdownFollowerState(121)) - a01737f6-7857-4616-835e-b1ff05ecf78f: shutdown FollowerState
2019-09-19 08:58:28,807 [Thread-520] INFO  impl.RaftServerImpl (RaftServerImpl.java:setRole(171)) - a01737f6-7857-4616-835e-b1ff05ecf78f:group-9D4EA4605411 changes role from FOLLOWER to CANDIDATE at term 0 for changeToCandidate
2019-09-19 08:58:28,808 [Thread-520] INFO  impl.RoleInfo (RoleInfo.java:updateAndGet(143)) - a01737f6-7857-4616-835e-b1ff05ecf78f: start LeaderElection
2019-09-19 08:58:28,810 [Thread-530] INFO  impl.FollowerState (FollowerState.java:run(106)) - 83e73c89-42e6-44c0-9fcf-5542ff22b34f:group-AE5B31C1AC25 changes to CANDIDATE, lastRpcTime:1064, electionTimeout:1064ms
2019-09-19 08:58:28,811 [Thread-530] INFO  impl.RoleInfo (RoleInfo.java:shutdownFollowerState(121)) - 83e73c89-42e6-44c0-9fcf-5542ff22b34f: shutdown FollowerState
2019-09-19 08:58:28,811 [Thread-530] INFO  impl.RaftServerImpl (RaftServerImpl.java:setRole(171)) - 83e73c89-42e6-44c0-9fcf-5542ff22b34f:group-AE5B31C1AC25 changes role from FOLLOWER to CANDIDATE at term 0 for changeToCandidate
2019-09-19 08:58:28,811 [Thread-530] INFO  impl.RoleInfo (RoleInfo.java:updateAndGet(143)) - 83e73c89-42e6-44c0-9fcf-5542ff22b34f: start LeaderElection
2019-09-19 08:58:28,823 [a01737f6-7857-4616-835e-b1ff05ecf78f:group-9D4EA4605411:LeaderElection54] INFO  impl.LeaderElection (LeaderElection.java:askForVotes(181)) - a01737f6-7857-4616-835e-b1ff05ecf78f:group-9D4EA4605411:LeaderElection54: begin an election at term 1 for -1: [a01737f6-7857-4616-835e-b1ff05ecf78f:192.168.34.5:36733], old=null
2019-09-19 08:58:28,823 [83e73c89-42e6-44c0-9fcf-5542ff22b34f:group-AE5B31C1AC25:LeaderElection55] INFO  impl.LeaderElection (LeaderElection.java:askForVotes(181)) - 83e73c89-42e6-44c0-9fcf-5542ff22b34f:group-AE5B31C1AC25:LeaderElection55: begin an election at term 1 for -1: [83e73c89-42e6-44c0-9fcf-5542ff22b34f:192.168.34.5:35347], old=null
2019-09-19 08:58:28,823 [a01737f6-7857-4616-835e-b1ff05ecf78f:group-9D4EA4605411:LeaderElection54] INFO  impl.RoleInfo (RoleInfo.java:shutdownLeaderElection(134)) - a01737f6-7857-4616-835e-b1ff05ecf78f: shutdown LeaderElection
2019-09-19 08:58:28,823 [83e73c89-42e6-44c0-9fcf-5542ff22b34f:group-AE5B31C1AC25:LeaderElection55] INFO  impl.RoleInfo (RoleInfo.java:shutdownLeaderElection(134)) - 83e73c89-42e6-44c0-9fcf-5542ff22b34f: shutdown LeaderElection
2019-09-19 08:58:28,823 [a01737f6-7857-4616-835e-b1ff05ecf78f:group-9D4EA4605411:LeaderElection54] INFO  impl.RaftServerImpl (RaftServerImpl.java:setRole(171)) - a01737f6-7857-4616-835e-b1ff05ecf78f:group-9D4EA4605411 changes role from CANDIDATE to LEADER at term 1 for changeToLeader
2019-09-19 08:58:28,823 [83e73c89-42e6-44c0-9fcf-5542ff22b34f:group-AE5B31C1AC25:LeaderElection55] INFO  impl.RaftServerImpl (RaftServerImpl.java:setRole(171)) - 83e73c89-42e6-44c0-9fcf-5542ff22b34f:group-AE5B31C1AC25 changes role from CANDIDATE to LEADER at term 1 for changeToLeader
2019-09-19 08:58:28,823 [a01737f6-7857-4616-835e-b1ff05ecf78f:group-9D4EA4605411:LeaderElection54] INFO  impl.RaftServerImpl (ServerState.java:setLeader(263)) - a01737f6-7857-4616-835e-b1ff05ecf78f:group-9D4EA4605411 change Leader from null to a01737f6-7857-4616-835e-b1ff05ecf78f at term 1 for becomeLeader, leader elected after 1246ms
2019-09-19 08:58:28,823 [83e73c89-42e6-44c0-9fcf-5542ff22b34f:group-AE5B31C1AC25:LeaderElection55] INFO  impl.RaftServerImpl (ServerState.java:setLeader(263)) - 83e73c89-42e6-44c0-9fcf-5542ff22b34f:group-AE5B31C1AC25 change Leader from null to 83e73c89-42e6-44c0-9fcf-5542ff22b34f at term 1 for becomeLeader, leader elected after 1080ms
2019-09-19 08:58:28,824 [a01737f6-7857-4616-835e-b1ff05ecf78f:group-9D4EA4605411:LeaderElection54] INFO  server.RaftServerConfigKeys (ConfUtils.java:logGet(43)) - raft.server.staging.catchup.gap = 1000 (default)
2019-09-19 08:58:28,824 [83e73c89-42e6-44c0-9fcf-5542ff22b34f:group-AE5B31C1AC25:LeaderElection55] INFO  server.RaftServerConfigKeys (ConfUtils.java:logGet(43)) - raft.server.staging.catchup.gap = 1000 (default)
2019-09-19 08:58:28,824 [a01737f6-7857-4616-835e-b1ff05ecf78f:group-9D4EA4605411:LeaderElection54] INFO  server.RaftServerConfigKeys (ConfUtils.java:logGet(43)) - raft.server.rpc.sleep.time = 25ms (default)
2019-09-19 08:58:28,824 [83e73c89-42e6-44c0-9fcf-5542ff22b34f:group-AE5B31C1AC25:LeaderElection55] INFO  server.RaftServerConfigKeys (ConfUtils.java:logGet(43)) - raft.server.rpc.sleep.time = 25ms (default)
2019-09-19 08:58:28,824 [a01737f6-7857-4616-835e-b1ff05ecf78f:group-9D4EA4605411:LeaderElection54] INFO  server.RaftServerConfigKeys (ConfUtils.java:logGet(43)) - raft.server.write.element-limit = 4096 (default)
2019-09-19 08:58:28,824 [83e73c89-42e6-44c0-9fcf-5542ff22b34f:group-AE5B31C1AC25:LeaderElection55] INFO  server.RaftServerConfigKeys (ConfUtils.java:logGet(43)) - raft.server.write.element-limit = 4096 (default)
2019-09-19 08:58:28,824 [a01737f6-7857-4616-835e-b1ff05ecf78f:group-9D4EA4605411:LeaderElection54] INFO  server.RaftServerConfigKeys (ConfUtils.java:logGet(43)) - raft.server.watch.timeout = 10s (default)
2019-09-19 08:58:28,824 [83e73c89-42e6-44c0-9fcf-5542ff22b34f:group-AE5B31C1AC25:LeaderElection55] INFO  server.RaftServerConfigKeys (ConfUtils.java:logGet(43)) - raft.server.watch.timeout = 10s (default)
2019-09-19 08:58:28,824 [a01737f6-7857-4616-835e-b1ff05ecf78f:group-9D4EA4605411:LeaderElection54] INFO  server.RaftServerConfigKeys (ConfUtils.java:logGet(43)) - raft.server.watch.timeout.denomination = 1s (default)
2019-09-19 08:58:28,824 [83e73c89-42e6-44c0-9fcf-5542ff22b34f:group-AE5B31C1AC25:LeaderElection55] INFO  server.RaftServerConfigKeys (ConfUtils.java:logGet(43)) - raft.server.watch.timeout.denomination = 1s (default)
2019-09-19 08:58:28,824 [a01737f6-7857-4616-835e-b1ff05ecf78f:group-9D4EA4605411:LeaderElection54] INFO  server.RaftServerConfigKeys (ConfUtils.java:logGet(43)) - raft.server.watch.element-limit = 65536 (default)
2019-09-19 08:58:28,825 [83e73c89-42e6-44c0-9fcf-5542ff22b34f:group-AE5B31C1AC25:LeaderElection55] INFO  server.RaftServerConfigKeys (ConfUtils.java:logGet(43)) - raft.server.watch.element-limit = 65536 (default)
2019-09-19 08:58:28,825 [a01737f6-7857-4616-835e-b1ff05ecf78f:group-9D4EA4605411:LeaderElection54] INFO  impl.RoleInfo (RoleInfo.java:updateAndGet(143)) - a01737f6-7857-4616-835e-b1ff05ecf78f: start LeaderState
2019-09-19 08:58:28,825 [83e73c89-42e6-44c0-9fcf-5542ff22b34f:group-AE5B31C1AC25:LeaderElection55] INFO  impl.RoleInfo (RoleInfo.java:updateAndGet(143)) - 83e73c89-42e6-44c0-9fcf-5542ff22b34f: start LeaderState
2019-09-19 08:58:28,825 [a01737f6-7857-4616-835e-b1ff05ecf78f:group-9D4EA4605411:LeaderElection54] INFO  segmented.SegmentedRaftLogWorker (SegmentedRaftLogWorker.java:startLogSegment(380)) - a01737f6-7857-4616-835e-b1ff05ecf78f-SegmentedRaftLogWorker:Storage Directory /workdir/hadoop-ozone/integration-test/target/test-dir/MiniOzoneClusterImpl-072ceacc-f14a-494c-b049-5b6ad59b8d93/datanode-7/data/ratis/828df48a-6598-4420-9b79-9d4ea4605411: Starting segment from index:0
2019-09-19 08:58:28,825 [83e73c89-42e6-44c0-9fcf-5542ff22b34f:group-AE5B31C1AC25:LeaderElection55] INFO  segmented.SegmentedRaftLogWorker (SegmentedRaftLogWorker.java:startLogSegment(380)) - 83e73c89-42e6-44c0-9fcf-5542ff22b34f-SegmentedRaftLogWorker:Storage Directory /workdir/hadoop-ozone/integration-test/target/test-dir/MiniOzoneClusterImpl-072ceacc-f14a-494c-b049-5b6ad59b8d93/datanode-8/data/ratis/19178960-fcd0-4c30-9849-ae5b31c1ac25: Starting segment from index:0
2019-09-19 08:58:28,825 [a01737f6-7857-4616-835e-b1ff05ecf78f:group-9D4EA4605411:LeaderElection54] INFO  impl.RaftServerImpl (ServerState.java:setRaftConf(361)) - a01737f6-7857-4616-835e-b1ff05ecf78f:group-9D4EA4605411 set configuration 0: [a01737f6-7857-4616-835e-b1ff05ecf78f:192.168.34.5:36733], old=null at 0
2019-09-19 08:58:28,826 [83e73c89-42e6-44c0-9fcf-5542ff22b34f:group-AE5B31C1AC25:LeaderElection55] INFO  impl.RaftServerImpl (ServerState.java:setRaftConf(361)) - 83e73c89-42e6-44c0-9fcf-5542ff22b34f:group-AE5B31C1AC25 set configuration 0: [83e73c89-42e6-44c0-9fcf-5542ff22b34f:192.168.34.5:35347], old=null at 0
2019-09-19 08:58:28,831 | INFO  | SCMAudit | user=jenkins1000 | ip=192.168.34.5 | op=SEND_HEARTBEAT {datanodeUUID=275daa4b-3482-4b8e-b64e-92089e0536ae, command=[]} | ret=SUCCESS |  
2019-09-19 08:58:28,842 [a01737f6-7857-4616-835e-b1ff05ecf78f-SegmentedRaftLogWorker:Storage Directory /workdir/hadoop-ozone/integration-test/target/test-dir/MiniOzoneClusterImpl-072ceacc-f14a-494c-b049-5b6ad59b8d93/datanode-7/data/ratis/adbdf5d8-e1ed-4b9a-97de-82551406a8b3] INFO  segmented.SegmentedRaftLogWorker (SegmentedRaftLogWorker.java:execute(569)) - a01737f6-7857-4616-835e-b1ff05ecf78f-SegmentedRaftLogWorker:Storage Directory /workdir/hadoop-ozone/integration-test/target/test-dir/MiniOzoneClusterImpl-072ceacc-f14a-494c-b049-5b6ad59b8d93/datanode-7/data/ratis/adbdf5d8-e1ed-4b9a-97de-82551406a8b3: created new log segment /workdir/hadoop-ozone/integration-test/target/test-dir/MiniOzoneClusterImpl-072ceacc-f14a-494c-b049-5b6ad59b8d93/datanode-7/data/ratis/adbdf5d8-e1ed-4b9a-97de-82551406a8b3/current/log_inprogress_0
2019-09-19 08:58:28,856 [83e73c89-42e6-44c0-9fcf-5542ff22b34f-SegmentedRaftLogWorker:Storage Directory /workdir/hadoop-ozone/integration-test/target/test-dir/MiniOzoneClusterImpl-072ceacc-f14a-494c-b049-5b6ad59b8d93/datanode-8/data/ratis/19178960-fcd0-4c30-9849-ae5b31c1ac25] INFO  segmented.SegmentedRaftLogWorker (SegmentedRaftLogWorker.java:execute(569)) - 83e73c89-42e6-44c0-9fcf-5542ff22b34f-SegmentedRaftLogWorker:Storage Directory /workdir/hadoop-ozone/integration-test/target/test-dir/MiniOzoneClusterImpl-072ceacc-f14a-494c-b049-5b6ad59b8d93/datanode-8/data/ratis/19178960-fcd0-4c30-9849-ae5b31c1ac25: created new log segment /workdir/hadoop-ozone/integration-test/target/test-dir/MiniOzoneClusterImpl-072ceacc-f14a-494c-b049-5b6ad59b8d93/datanode-8/data/ratis/19178960-fcd0-4c30-9849-ae5b31c1ac25/current/log_inprogress_0
2019-09-19 08:58:28,856 [a01737f6-7857-4616-835e-b1ff05ecf78f-SegmentedRaftLogWorker:Storage Directory /workdir/hadoop-ozone/integration-test/target/test-dir/MiniOzoneClusterImpl-072ceacc-f14a-494c-b049-5b6ad59b8d93/datanode-7/data/ratis/828df48a-6598-4420-9b79-9d4ea4605411] INFO  segmented.SegmentedRaftLogWorker (SegmentedRaftLogWorker.java:execute(569)) - a01737f6-7857-4616-835e-b1ff05ecf78f-SegmentedRaftLogWorker:Storage Directory /workdir/hadoop-ozone/integration-test/target/test-dir/MiniOzoneClusterImpl-072ceacc-f14a-494c-b049-5b6ad59b8d93/datanode-7/data/ratis/828df48a-6598-4420-9b79-9d4ea4605411: created new log segment /workdir/hadoop-ozone/integration-test/target/test-dir/MiniOzoneClusterImpl-072ceacc-f14a-494c-b049-5b6ad59b8d93/datanode-7/data/ratis/828df48a-6598-4420-9b79-9d4ea4605411/current/log_inprogress_0
2019-09-19 08:58:28,877 [Thread-533] INFO  impl.FollowerState (FollowerState.java:run(106)) - 83e73c89-42e6-44c0-9fcf-5542ff22b34f:group-14C68FAF60F1 changes to CANDIDATE, lastRpcTime:1092, electionTimeout:1092ms
2019-09-19 08:58:28,877 [Thread-533] INFO  impl.RoleInfo (RoleInfo.java:shutdownFollowerState(121)) - 83e73c89-42e6-44c0-9fcf-5542ff22b34f: shutdown FollowerState
2019-09-19 08:58:28,877 [Thread-533] INFO  impl.RaftServerImpl (RaftServerImpl.java:setRole(171)) - 83e73c89-42e6-44c0-9fcf-5542ff22b34f:group-14C68FAF60F1 changes role from FOLLOWER to CANDIDATE at term 0 for changeToCandidate
2019-09-19 08:58:28,877 [Thread-533] INFO  impl.RoleInfo (RoleInfo.java:updateAndGet(143)) - 83e73c89-42e6-44c0-9fcf-5542ff22b34f: start LeaderElection
2019-09-19 08:58:28,886 [Thread-539] INFO  impl.FollowerState (FollowerState.java:run(106)) - 1ad3fd21-b666-4d4e-8138-b5cd04f973fd:group-38EF4044C7B5 changes to CANDIDATE, lastRpcTime:1020, electionTimeout:1020ms
2019-09-19 08:58:28,886 [Thread-539] INFO  impl.RoleInfo (RoleInfo.java:shutdownFollowerState(121)) - 1ad3fd21-b666-4d4e-8138-b5cd04f973fd: shutdown FollowerState
2019-09-19 08:58:28,886 [Thread-539] INFO  impl.RaftServerImpl (RaftServerImpl.java:setRole(171)) - 1ad3fd21-b666-4d4e-8138-b5cd04f973fd:group-38EF4044C7B5 changes role from FOLLOWER to CANDIDATE at term 0 for changeToCandidate
2019-09-19 08:58:28,886 [Thread-539] INFO  impl.RoleInfo (RoleInfo.java:updateAndGet(143)) - 1ad3fd21-b666-4d4e-8138-b5cd04f973fd: start LeaderElection
2019-09-19 08:58:28,892 [1ad3fd21-b666-4d4e-8138-b5cd04f973fd:group-38EF4044C7B5:LeaderElection57] INFO  impl.LeaderElection (LeaderElection.java:askForVotes(181)) - 1ad3fd21-b666-4d4e-8138-b5cd04f973fd:group-38EF4044C7B5:LeaderElection57: begin an election at term 1 for -1: [1ad3fd21-b666-4d4e-8138-b5cd04f973fd:192.168.34.5:40478], old=null
2019-09-19 08:58:28,892 [83e73c89-42e6-44c0-9fcf-5542ff22b34f:group-14C68FAF60F1:LeaderElection56] INFO  impl.LeaderElection (LeaderElection.java:askForVotes(181)) - 83e73c89-42e6-44c0-9fcf-5542ff22b34f:group-14C68FAF60F1:LeaderElection56: begin an election at term 1 for -1: [83e73c89-42e6-44c0-9fcf-5542ff22b34f:192.168.34.5:35347], old=null
2019-09-19 08:58:28,892 [1ad3fd21-b666-4d4e-8138-b5cd04f973fd:group-38EF4044C7B5:LeaderElection57] INFO  impl.RoleInfo (RoleInfo.java:shutdownLeaderElection(134)) - 1ad3fd21-b666-4d4e-8138-b5cd04f973fd: shutdown LeaderElection
2019-09-19 08:58:28,893 [83e73c89-42e6-44c0-9fcf-5542ff22b34f:group-14C68FAF60F1:LeaderElection56] INFO  impl.RoleInfo (RoleInfo.java:shutdownLeaderElection(134)) - 83e73c89-42e6-44c0-9fcf-5542ff22b34f: shutdown LeaderElection
2019-09-19 08:58:28,893 [1ad3fd21-b666-4d4e-8138-b5cd04f973fd:group-38EF4044C7B5:LeaderElection57] INFO  impl.RaftServerImpl (RaftServerImpl.java:setRole(171)) - 1ad3fd21-b666-4d4e-8138-b5cd04f973fd:group-38EF4044C7B5 changes role from CANDIDATE to LEADER at term 1 for changeToLeader
2019-09-19 08:58:28,893 [83e73c89-42e6-44c0-9fcf-5542ff22b34f:group-14C68FAF60F1:LeaderElection56] INFO  impl.RaftServerImpl (RaftServerImpl.java:setRole(171)) - 83e73c89-42e6-44c0-9fcf-5542ff22b34f:group-14C68FAF60F1 changes role from CANDIDATE to LEADER at term 1 for changeToLeader
2019-09-19 08:58:28,893 [1ad3fd21-b666-4d4e-8138-b5cd04f973fd:group-38EF4044C7B5:LeaderElection57] INFO  impl.RaftServerImpl (ServerState.java:setLeader(263)) - 1ad3fd21-b666-4d4e-8138-b5cd04f973fd:group-38EF4044C7B5 change Leader from null to 1ad3fd21-b666-4d4e-8138-b5cd04f973fd at term 1 for becomeLeader, leader elected after 1031ms
2019-09-19 08:58:28,893 [83e73c89-42e6-44c0-9fcf-5542ff22b34f:group-14C68FAF60F1:LeaderElection56] INFO  impl.RaftServerImpl (ServerState.java:setLeader(263)) - 83e73c89-42e6-44c0-9fcf-5542ff22b34f:group-14C68FAF60F1 change Leader from null to 83e73c89-42e6-44c0-9fcf-5542ff22b34f at term 1 for becomeLeader, leader elected after 1111ms
2019-09-19 08:58:28,893 [1ad3fd21-b666-4d4e-8138-b5cd04f973fd:group-38EF4044C7B5:LeaderElection57] INFO  server.RaftServerConfigKeys (ConfUtils.java:logGet(43)) - raft.server.staging.catchup.gap = 1000 (default)
2019-09-19 08:58:28,893 [83e73c89-42e6-44c0-9fcf-5542ff22b34f:group-14C68FAF60F1:LeaderElection56] INFO  server.RaftServerConfigKeys (ConfUtils.java:logGet(43)) - raft.server.staging.catchup.gap = 1000 (default)
2019-09-19 08:58:28,893 [1ad3fd21-b666-4d4e-8138-b5cd04f973fd:group-38EF4044C7B5:LeaderElection57] INFO  server.RaftServerConfigKeys (ConfUtils.java:logGet(43)) - raft.server.rpc.sleep.time = 25ms (default)
2019-09-19 08:58:28,893 [83e73c89-42e6-44c0-9fcf-5542ff22b34f:group-14C68FAF60F1:LeaderElection56] INFO  server.RaftServerConfigKeys (ConfUtils.java:logGet(43)) - raft.server.rpc.sleep.time = 25ms (default)
2019-09-19 08:58:28,894 [1ad3fd21-b666-4d4e-8138-b5cd04f973fd:group-38EF4044C7B5:LeaderElection57] INFO  server.RaftServerConfigKeys (ConfUtils.java:logGet(43)) - raft.server.write.element-limit = 4096 (default)
2019-09-19 08:58:28,894 [83e73c89-42e6-44c0-9fcf-5542ff22b34f:group-14C68FAF60F1:LeaderElection56] INFO  server.RaftServerConfigKeys (ConfUtils.java:logGet(43)) - raft.server.write.element-limit = 4096 (default)
2019-09-19 08:58:28,894 [1ad3fd21-b666-4d4e-8138-b5cd04f973fd:group-38EF4044C7B5:LeaderElection57] INFO  server.RaftServerConfigKeys (ConfUtils.java:logGet(43)) - raft.server.watch.timeout = 10s (default)
2019-09-19 08:58:28,894 [83e73c89-42e6-44c0-9fcf-5542ff22b34f:group-14C68FAF60F1:LeaderElection56] INFO  server.RaftServerConfigKeys (ConfUtils.java:logGet(43)) - raft.server.watch.timeout = 10s (default)
2019-09-19 08:58:28,894 [1ad3fd21-b666-4d4e-8138-b5cd04f973fd:group-38EF4044C7B5:LeaderElection57] INFO  server.RaftServerConfigKeys (ConfUtils.java:logGet(43)) - raft.server.watch.timeout.denomination = 1s (default)
2019-09-19 08:58:28,894 [83e73c89-42e6-44c0-9fcf-5542ff22b34f:group-14C68FAF60F1:LeaderElection56] INFO  server.RaftServerConfigKeys (ConfUtils.java:logGet(43)) - raft.server.watch.timeout.denomination = 1s (default)
2019-09-19 08:58:28,894 [1ad3fd21-b666-4d4e-8138-b5cd04f973fd:group-38EF4044C7B5:LeaderElection57] INFO  server.RaftServerConfigKeys (ConfUtils.java:logGet(43)) - raft.server.watch.element-limit = 65536 (default)
2019-09-19 08:58:28,894 [83e73c89-42e6-44c0-9fcf-5542ff22b34f:group-14C68FAF60F1:LeaderElection56] INFO  server.RaftServerConfigKeys (ConfUtils.java:logGet(43)) - raft.server.watch.element-limit = 65536 (default)
2019-09-19 08:58:28,894 [1ad3fd21-b666-4d4e-8138-b5cd04f973fd:group-38EF4044C7B5:LeaderElection57] INFO  impl.RoleInfo (RoleInfo.java:updateAndGet(143)) - 1ad3fd21-b666-4d4e-8138-b5cd04f973fd: start LeaderState
2019-09-19 08:58:28,894 [83e73c89-42e6-44c0-9fcf-5542ff22b34f:group-14C68FAF60F1:LeaderElection56] INFO  impl.RoleInfo (RoleInfo.java:updateAndGet(143)) - 83e73c89-42e6-44c0-9fcf-5542ff22b34f: start LeaderState
2019-09-19 08:58:28,895 [1ad3fd21-b666-4d4e-8138-b5cd04f973fd:group-38EF4044C7B5:LeaderElection57] INFO  segmented.SegmentedRaftLogWorker (SegmentedRaftLogWorker.java:startLogSegment(380)) - 1ad3fd21-b666-4d4e-8138-b5cd04f973fd-SegmentedRaftLogWorker:Storage Directory /workdir/hadoop-ozone/integration-test/target/test-dir/MiniOzoneClusterImpl-072ceacc-f14a-494c-b049-5b6ad59b8d93/datanode-9/data/ratis/681c3c15-1919-41e6-8393-38ef4044c7b5: Starting segment from index:0
2019-09-19 08:58:28,895 [83e73c89-42e6-44c0-9fcf-5542ff22b34f:group-14C68FAF60F1:LeaderElection56] INFO  segmented.SegmentedRaftLogWorker (SegmentedRaftLogWorker.java:startLogSegment(380)) - 83e73c89-42e6-44c0-9fcf-5542ff22b34f-SegmentedRaftLogWorker:Storage Directory /workdir/hadoop-ozone/integration-test/target/test-dir/MiniOzoneClusterImpl-072ceacc-f14a-494c-b049-5b6ad59b8d93/datanode-8/data/ratis/1e15c9b3-8254-4d50-ad56-14c68faf60f1: Starting segment from index:0
2019-09-19 08:58:28,895 [1ad3fd21-b666-4d4e-8138-b5cd04f973fd:group-38EF4044C7B5:LeaderElection57] INFO  impl.RaftServerImpl (ServerState.java:setRaftConf(361)) - 1ad3fd21-b666-4d4e-8138-b5cd04f973fd:group-38EF4044C7B5 set configuration 0: [1ad3fd21-b666-4d4e-8138-b5cd04f973fd:192.168.34.5:40478], old=null at 0
2019-09-19 08:58:28,895 [83e73c89-42e6-44c0-9fcf-5542ff22b34f:group-14C68FAF60F1:LeaderElection56] INFO  impl.RaftServerImpl (ServerState.java:setRaftConf(361)) - 83e73c89-42e6-44c0-9fcf-5542ff22b34f:group-14C68FAF60F1 set configuration 0: [83e73c89-42e6-44c0-9fcf-5542ff22b34f:192.168.34.5:35347], old=null at 0
2019-09-19 08:58:28,902 [Thread-536] INFO  impl.FollowerState (FollowerState.java:run(106)) - 1ad3fd21-b666-4d4e-8138-b5cd04f973fd:group-989E75988830 changes to CANDIDATE, lastRpcTime:1077, electionTimeout:1077ms
2019-09-19 08:58:28,902 [Thread-536] INFO  impl.RoleInfo (RoleInfo.java:shutdownFollowerState(121)) - 1ad3fd21-b666-4d4e-8138-b5cd04f973fd: shutdown FollowerState
2019-09-19 08:58:28,902 [Thread-536] INFO  impl.RaftServerImpl (RaftServerImpl.java:setRole(171)) - 1ad3fd21-b666-4d4e-8138-b5cd04f973fd:group-989E75988830 changes role from FOLLOWER to CANDIDATE at term 0 for changeToCandidate
2019-09-19 08:58:28,903 [Thread-536] INFO  impl.RoleInfo (RoleInfo.java:updateAndGet(143)) - 1ad3fd21-b666-4d4e-8138-b5cd04f973fd: start LeaderElection
2019-09-19 08:58:28,910 [1ad3fd21-b666-4d4e-8138-b5cd04f973fd:group-989E75988830:LeaderElection58] INFO  impl.LeaderElection (LeaderElection.java:askForVotes(181)) - 1ad3fd21-b666-4d4e-8138-b5cd04f973fd:group-989E75988830:LeaderElection58: begin an election at term 1 for -1: [1ad3fd21-b666-4d4e-8138-b5cd04f973fd:192.168.34.5:40478], old=null
2019-09-19 08:58:28,910 [1ad3fd21-b666-4d4e-8138-b5cd04f973fd:group-989E75988830:LeaderElection58] INFO  impl.RoleInfo (RoleInfo.java:shutdownLeaderElection(134)) - 1ad3fd21-b666-4d4e-8138-b5cd04f973fd: shutdown LeaderElection
2019-09-19 08:58:28,910 [1ad3fd21-b666-4d4e-8138-b5cd04f973fd:group-989E75988830:LeaderElection58] INFO  impl.RaftServerImpl (RaftServerImpl.java:setRole(171)) - 1ad3fd21-b666-4d4e-8138-b5cd04f973fd:group-989E75988830 changes role from CANDIDATE to LEADER at term 1 for changeToLeader
2019-09-19 08:58:28,910 [1ad3fd21-b666-4d4e-8138-b5cd04f973fd:group-989E75988830:LeaderElection58] INFO  impl.RaftServerImpl (ServerState.java:setLeader(263)) - 1ad3fd21-b666-4d4e-8138-b5cd04f973fd:group-989E75988830 change Leader from null to 1ad3fd21-b666-4d4e-8138-b5cd04f973fd at term 1 for becomeLeader, leader elected after 1089ms
2019-09-19 08:58:28,910 [1ad3fd21-b666-4d4e-8138-b5cd04f973fd:group-989E75988830:LeaderElection58] INFO  server.RaftServerConfigKeys (ConfUtils.java:logGet(43)) - raft.server.staging.catchup.gap = 1000 (default)
2019-09-19 08:58:28,910 [1ad3fd21-b666-4d4e-8138-b5cd04f973fd:group-989E75988830:LeaderElection58] INFO  server.RaftServerConfigKeys (ConfUtils.java:logGet(43)) - raft.server.rpc.sleep.time = 25ms (default)
2019-09-19 08:58:28,911 [1ad3fd21-b666-4d4e-8138-b5cd04f973fd:group-989E75988830:LeaderElection58] INFO  server.RaftServerConfigKeys (ConfUtils.java:logGet(43)) - raft.server.write.element-limit = 4096 (default)
2019-09-19 08:58:28,911 [1ad3fd21-b666-4d4e-8138-b5cd04f973fd:group-989E75988830:LeaderElection58] INFO  server.RaftServerConfigKeys (ConfUtils.java:logGet(43)) - raft.server.watch.timeout = 10s (default)
2019-09-19 08:58:28,911 [1ad3fd21-b666-4d4e-8138-b5cd04f973fd:group-989E75988830:LeaderElection58] INFO  server.RaftServerConfigKeys (ConfUtils.java:logGet(43)) - raft.server.watch.timeout.denomination = 1s (default)
2019-09-19 08:58:28,911 [1ad3fd21-b666-4d4e-8138-b5cd04f973fd:group-989E75988830:LeaderElection58] INFO  server.RaftServerConfigKeys (ConfUtils.java:logGet(43)) - raft.server.watch.element-limit = 65536 (default)
2019-09-19 08:58:28,911 [1ad3fd21-b666-4d4e-8138-b5cd04f973fd:group-989E75988830:LeaderElection58] INFO  impl.RoleInfo (RoleInfo.java:updateAndGet(143)) - 1ad3fd21-b666-4d4e-8138-b5cd04f973fd: start LeaderState
2019-09-19 08:58:28,911 [1ad3fd21-b666-4d4e-8138-b5cd04f973fd:group-989E75988830:LeaderElection58] INFO  segmented.SegmentedRaftLogWorker (SegmentedRaftLogWorker.java:startLogSegment(380)) - 1ad3fd21-b666-4d4e-8138-b5cd04f973fd-SegmentedRaftLogWorker:Storage Directory /workdir/hadoop-ozone/integration-test/target/test-dir/MiniOzoneClusterImpl-072ceacc-f14a-494c-b049-5b6ad59b8d93/datanode-9/data/ratis/ad7f1bd1-97c9-4407-bfcf-989e75988830: Starting segment from index:0
2019-09-19 08:58:28,936 [1ad3fd21-b666-4d4e-8138-b5cd04f973fd:group-989E75988830:LeaderElection58] INFO  impl.RaftServerImpl (ServerState.java:setRaftConf(361)) - 1ad3fd21-b666-4d4e-8138-b5cd04f973fd:group-989E75988830 set configuration 0: [1ad3fd21-b666-4d4e-8138-b5cd04f973fd:192.168.34.5:40478], old=null at 0
2019-09-19 08:58:28,937 [83e73c89-42e6-44c0-9fcf-5542ff22b34f-SegmentedRaftLogWorker:Storage Directory /workdir/hadoop-ozone/integration-test/target/test-dir/MiniOzoneClusterImpl-072ceacc-f14a-494c-b049-5b6ad59b8d93/datanode-8/data/ratis/1e15c9b3-8254-4d50-ad56-14c68faf60f1] INFO  segmented.SegmentedRaftLogWorker (SegmentedRaftLogWorker.java:execute(569)) - 83e73c89-42e6-44c0-9fcf-5542ff22b34f-SegmentedRaftLogWorker:Storage Directory /workdir/hadoop-ozone/integration-test/target/test-dir/MiniOzoneClusterImpl-072ceacc-f14a-494c-b049-5b6ad59b8d93/datanode-8/data/ratis/1e15c9b3-8254-4d50-ad56-14c68faf60f1: created new log segment /workdir/hadoop-ozone/integration-test/target/test-dir/MiniOzoneClusterImpl-072ceacc-f14a-494c-b049-5b6ad59b8d93/datanode-8/data/ratis/1e15c9b3-8254-4d50-ad56-14c68faf60f1/current/log_inprogress_0
2019-09-19 08:58:28,937 [1ad3fd21-b666-4d4e-8138-b5cd04f973fd-SegmentedRaftLogWorker:Storage Directory /workdir/hadoop-ozone/integration-test/target/test-dir/MiniOzoneClusterImpl-072ceacc-f14a-494c-b049-5b6ad59b8d93/datanode-9/data/ratis/681c3c15-1919-41e6-8393-38ef4044c7b5] INFO  segmented.SegmentedRaftLogWorker (SegmentedRaftLogWorker.java:execute(569)) - 1ad3fd21-b666-4d4e-8138-b5cd04f973fd-SegmentedRaftLogWorker:Storage Directory /workdir/hadoop-ozone/integration-test/target/test-dir/MiniOzoneClusterImpl-072ceacc-f14a-494c-b049-5b6ad59b8d93/datanode-9/data/ratis/681c3c15-1919-41e6-8393-38ef4044c7b5: created new log segment /workdir/hadoop-ozone/integration-test/target/test-dir/MiniOzoneClusterImpl-072ceacc-f14a-494c-b049-5b6ad59b8d93/datanode-9/data/ratis/681c3c15-1919-41e6-8393-38ef4044c7b5/current/log_inprogress_0
2019-09-19 08:58:28,950 [1ad3fd21-b666-4d4e-8138-b5cd04f973fd-SegmentedRaftLogWorker:Storage Directory /workdir/hadoop-ozone/integration-test/target/test-dir/MiniOzoneClusterImpl-072ceacc-f14a-494c-b049-5b6ad59b8d93/datanode-9/data/ratis/ad7f1bd1-97c9-4407-bfcf-989e75988830] INFO  segmented.SegmentedRaftLogWorker (SegmentedRaftLogWorker.java:execute(569)) - 1ad3fd21-b666-4d4e-8138-b5cd04f973fd-SegmentedRaftLogWorker:Storage Directory /workdir/hadoop-ozone/integration-test/target/test-dir/MiniOzoneClusterImpl-072ceacc-f14a-494c-b049-5b6ad59b8d93/datanode-9/data/ratis/ad7f1bd1-97c9-4407-bfcf-989e75988830: created new log segment /workdir/hadoop-ozone/integration-test/target/test-dir/MiniOzoneClusterImpl-072ceacc-f14a-494c-b049-5b6ad59b8d93/datanode-9/data/ratis/ad7f1bd1-97c9-4407-bfcf-989e75988830/current/log_inprogress_0
2019-09-19 08:58:28,988 [Thread-548] INFO  impl.FollowerState (FollowerState.java:run(106)) - 1ad3fd21-b666-4d4e-8138-b5cd04f973fd:group-6EFBB39F928F changes to CANDIDATE, lastRpcTime:1029, electionTimeout:1029ms
2019-09-19 08:58:28,988 [Thread-548] INFO  impl.RoleInfo (RoleInfo.java:shutdownFollowerState(121)) - 1ad3fd21-b666-4d4e-8138-b5cd04f973fd: shutdown FollowerState
2019-09-19 08:58:28,988 [Thread-548] INFO  impl.RaftServerImpl (RaftServerImpl.java:setRole(171)) - 1ad3fd21-b666-4d4e-8138-b5cd04f973fd:group-6EFBB39F928F changes role from FOLLOWER to CANDIDATE at term 0 for changeToCandidate
2019-09-19 08:58:28,988 [Thread-548] INFO  impl.RoleInfo (RoleInfo.java:updateAndGet(143)) - 1ad3fd21-b666-4d4e-8138-b5cd04f973fd: start LeaderElection
2019-09-19 08:58:29,004 [1ad3fd21-b666-4d4e-8138-b5cd04f973fd:group-6EFBB39F928F:LeaderElection59] INFO  impl.LeaderElection (LeaderElection.java:askForVotes(181)) - 1ad3fd21-b666-4d4e-8138-b5cd04f973fd:group-6EFBB39F928F:LeaderElection59: begin an election at term 1 for -1: [1ad3fd21-b666-4d4e-8138-b5cd04f973fd:192.168.34.5:40478], old=null
2019-09-19 08:58:29,004 [1ad3fd21-b666-4d4e-8138-b5cd04f973fd:group-6EFBB39F928F:LeaderElection59] INFO  impl.RoleInfo (RoleInfo.java:shutdownLeaderElection(134)) - 1ad3fd21-b666-4d4e-8138-b5cd04f973fd: shutdown LeaderElection
2019-09-19 08:58:29,004 [1ad3fd21-b666-4d4e-8138-b5cd04f973fd:group-6EFBB39F928F:LeaderElection59] INFO  impl.RaftServerImpl (RaftServerImpl.java:setRole(171)) - 1ad3fd21-b666-4d4e-8138-b5cd04f973fd:group-6EFBB39F928F changes role from CANDIDATE to LEADER at term 1 for changeToLeader
2019-09-19 08:58:29,004 [1ad3fd21-b666-4d4e-8138-b5cd04f973fd:group-6EFBB39F928F:LeaderElection59] INFO  impl.RaftServerImpl (ServerState.java:setLeader(263)) - 1ad3fd21-b666-4d4e-8138-b5cd04f973fd:group-6EFBB39F928F change Leader from null to 1ad3fd21-b666-4d4e-8138-b5cd04f973fd at term 1 for becomeLeader, leader elected after 1052ms
2019-09-19 08:58:29,005 [1ad3fd21-b666-4d4e-8138-b5cd04f973fd:group-6EFBB39F928F:LeaderElection59] INFO  server.RaftServerConfigKeys (ConfUtils.java:logGet(43)) - raft.server.staging.catchup.gap = 1000 (default)
2019-09-19 08:58:29,005 [1ad3fd21-b666-4d4e-8138-b5cd04f973fd:group-6EFBB39F928F:LeaderElection59] INFO  server.RaftServerConfigKeys (ConfUtils.java:logGet(43)) - raft.server.rpc.sleep.time = 25ms (default)
2019-09-19 08:58:29,005 [1ad3fd21-b666-4d4e-8138-b5cd04f973fd:group-6EFBB39F928F:LeaderElection59] INFO  server.RaftServerConfigKeys (ConfUtils.java:logGet(43)) - raft.server.write.element-limit = 4096 (default)
2019-09-19 08:58:29,005 [1ad3fd21-b666-4d4e-8138-b5cd04f973fd:group-6EFBB39F928F:LeaderElection59] INFO  server.RaftServerConfigKeys (ConfUtils.java:logGet(43)) - raft.server.watch.timeout = 10s (default)
2019-09-19 08:58:29,005 [1ad3fd21-b666-4d4e-8138-b5cd04f973fd:group-6EFBB39F928F:LeaderElection59] INFO  server.RaftServerConfigKeys (ConfUtils.java:logGet(43)) - raft.server.watch.timeout.denomination = 1s (default)
2019-09-19 08:58:29,005 [1ad3fd21-b666-4d4e-8138-b5cd04f973fd:group-6EFBB39F928F:LeaderElection59] INFO  server.RaftServerConfigKeys (ConfUtils.java:logGet(43)) - raft.server.watch.element-limit = 65536 (default)
2019-09-19 08:58:29,006 [1ad3fd21-b666-4d4e-8138-b5cd04f973fd:group-6EFBB39F928F:LeaderElection59] INFO  impl.RoleInfo (RoleInfo.java:updateAndGet(143)) - 1ad3fd21-b666-4d4e-8138-b5cd04f973fd: start LeaderState
2019-09-19 08:58:29,006 [1ad3fd21-b666-4d4e-8138-b5cd04f973fd:group-6EFBB39F928F:LeaderElection59] INFO  segmented.SegmentedRaftLogWorker (SegmentedRaftLogWorker.java:startLogSegment(380)) - 1ad3fd21-b666-4d4e-8138-b5cd04f973fd-SegmentedRaftLogWorker:Storage Directory /workdir/hadoop-ozone/integration-test/target/test-dir/MiniOzoneClusterImpl-072ceacc-f14a-494c-b049-5b6ad59b8d93/datanode-9/data/ratis/acd55bdc-be37-43db-971c-6efbb39f928f: Starting segment from index:0
2019-09-19 08:58:29,006 [1ad3fd21-b666-4d4e-8138-b5cd04f973fd:group-6EFBB39F928F:LeaderElection59] INFO  impl.RaftServerImpl (ServerState.java:setRaftConf(361)) - 1ad3fd21-b666-4d4e-8138-b5cd04f973fd:group-6EFBB39F928F set configuration 0: [1ad3fd21-b666-4d4e-8138-b5cd04f973fd:192.168.34.5:40478], old=null at 0
2019-09-19 08:58:29,034 | INFO  | SCMAudit | user=jenkins1000 | ip=192.168.34.5 | op=SEND_HEARTBEAT {datanodeUUID=a01737f6-7857-4616-835e-b1ff05ecf78f, command=[]} | ret=SUCCESS |  
2019-09-19 08:58:29,047 [1ad3fd21-b666-4d4e-8138-b5cd04f973fd-SegmentedRaftLogWorker:Storage Directory /workdir/hadoop-ozone/integration-test/target/test-dir/MiniOzoneClusterImpl-072ceacc-f14a-494c-b049-5b6ad59b8d93/datanode-9/data/ratis/acd55bdc-be37-43db-971c-6efbb39f928f] INFO  segmented.SegmentedRaftLogWorker (SegmentedRaftLogWorker.java:execute(569)) - 1ad3fd21-b666-4d4e-8138-b5cd04f973fd-SegmentedRaftLogWorker:Storage Directory /workdir/hadoop-ozone/integration-test/target/test-dir/MiniOzoneClusterImpl-072ceacc-f14a-494c-b049-5b6ad59b8d93/datanode-9/data/ratis/acd55bdc-be37-43db-971c-6efbb39f928f: created new log segment /workdir/hadoop-ozone/integration-test/target/test-dir/MiniOzoneClusterImpl-072ceacc-f14a-494c-b049-5b6ad59b8d93/datanode-9/data/ratis/acd55bdc-be37-43db-971c-6efbb39f928f/current/log_inprogress_0
2019-09-19 08:58:29,085 [Thread-544] INFO  impl.FollowerState (FollowerState.java:run(106)) - 1ad3fd21-b666-4d4e-8138-b5cd04f973fd:group-81164160C6D0 changes to CANDIDATE, lastRpcTime:1160, electionTimeout:1160ms
2019-09-19 08:58:29,085 [Thread-544] INFO  impl.RoleInfo (RoleInfo.java:shutdownFollowerState(121)) - 1ad3fd21-b666-4d4e-8138-b5cd04f973fd: shutdown FollowerState
2019-09-19 08:58:29,085 [Thread-544] INFO  impl.RaftServerImpl (RaftServerImpl.java:setRole(171)) - 1ad3fd21-b666-4d4e-8138-b5cd04f973fd:group-81164160C6D0 changes role from FOLLOWER to CANDIDATE at term 0 for changeToCandidate
2019-09-19 08:58:29,085 [Thread-544] INFO  impl.RoleInfo (RoleInfo.java:updateAndGet(143)) - 1ad3fd21-b666-4d4e-8138-b5cd04f973fd: start LeaderElection
2019-09-19 08:58:29,098 [1ad3fd21-b666-4d4e-8138-b5cd04f973fd:group-81164160C6D0:LeaderElection60] INFO  impl.LeaderElection (LeaderElection.java:askForVotes(181)) - 1ad3fd21-b666-4d4e-8138-b5cd04f973fd:group-81164160C6D0:LeaderElection60: begin an election at term 1 for -1: [1ad3fd21-b666-4d4e-8138-b5cd04f973fd:192.168.34.5:40478], old=null
2019-09-19 08:58:29,098 [1ad3fd21-b666-4d4e-8138-b5cd04f973fd:group-81164160C6D0:LeaderElection60] INFO  impl.RoleInfo (RoleInfo.java:shutdownLeaderElection(134)) - 1ad3fd21-b666-4d4e-8138-b5cd04f973fd: shutdown LeaderElection
2019-09-19 08:58:29,099 [1ad3fd21-b666-4d4e-8138-b5cd04f973fd:group-81164160C6D0:LeaderElection60] INFO  impl.RaftServerImpl (RaftServerImpl.java:setRole(171)) - 1ad3fd21-b666-4d4e-8138-b5cd04f973fd:group-81164160C6D0 changes role from CANDIDATE to LEADER at term 1 for changeToLeader
2019-09-19 08:58:29,099 [1ad3fd21-b666-4d4e-8138-b5cd04f973fd:group-81164160C6D0:LeaderElection60] INFO  impl.RaftServerImpl (ServerState.java:setLeader(263)) - 1ad3fd21-b666-4d4e-8138-b5cd04f973fd:group-81164160C6D0 change Leader from null to 1ad3fd21-b666-4d4e-8138-b5cd04f973fd at term 1 for becomeLeader, leader elected after 1179ms
2019-09-19 08:58:29,099 [1ad3fd21-b666-4d4e-8138-b5cd04f973fd:group-81164160C6D0:LeaderElection60] INFO  server.RaftServerConfigKeys (ConfUtils.java:logGet(43)) - raft.server.staging.catchup.gap = 1000 (default)
2019-09-19 08:58:29,099 [1ad3fd21-b666-4d4e-8138-b5cd04f973fd:group-81164160C6D0:LeaderElection60] INFO  server.RaftServerConfigKeys (ConfUtils.java:logGet(43)) - raft.server.rpc.sleep.time = 25ms (default)
2019-09-19 08:58:29,099 [1ad3fd21-b666-4d4e-8138-b5cd04f973fd:group-81164160C6D0:LeaderElection60] INFO  server.RaftServerConfigKeys (ConfUtils.java:logGet(43)) - raft.server.write.element-limit = 4096 (default)
2019-09-19 08:58:29,099 [1ad3fd21-b666-4d4e-8138-b5cd04f973fd:group-81164160C6D0:LeaderElection60] INFO  server.RaftServerConfigKeys (ConfUtils.java:logGet(43)) - raft.server.watch.timeout = 10s (default)
2019-09-19 08:58:29,099 [1ad3fd21-b666-4d4e-8138-b5cd04f973fd:group-81164160C6D0:LeaderElection60] INFO  server.RaftServerConfigKeys (ConfUtils.java:logGet(43)) - raft.server.watch.timeout.denomination = 1s (default)
2019-09-19 08:58:29,099 [1ad3fd21-b666-4d4e-8138-b5cd04f973fd:group-81164160C6D0:LeaderElection60] INFO  server.RaftServerConfigKeys (ConfUtils.java:logGet(43)) - raft.server.watch.element-limit = 65536 (default)
2019-09-19 08:58:29,100 [1ad3fd21-b666-4d4e-8138-b5cd04f973fd:group-81164160C6D0:LeaderElection60] INFO  impl.RoleInfo (RoleInfo.java:updateAndGet(143)) - 1ad3fd21-b666-4d4e-8138-b5cd04f973fd: start LeaderState
2019-09-19 08:58:29,100 [1ad3fd21-b666-4d4e-8138-b5cd04f973fd:group-81164160C6D0:LeaderElection60] INFO  segmented.SegmentedRaftLogWorker (SegmentedRaftLogWorker.java:startLogSegment(380)) - 1ad3fd21-b666-4d4e-8138-b5cd04f973fd-SegmentedRaftLogWorker:Storage Directory /workdir/hadoop-ozone/integration-test/target/test-dir/MiniOzoneClusterImpl-072ceacc-f14a-494c-b049-5b6ad59b8d93/datanode-9/data/ratis/6d6a321f-5672-451d-bd14-81164160c6d0: Starting segment from index:0
2019-09-19 08:58:29,100 [1ad3fd21-b666-4d4e-8138-b5cd04f973fd:group-81164160C6D0:LeaderElection60] INFO  impl.RaftServerImpl (ServerState.java:setRaftConf(361)) - 1ad3fd21-b666-4d4e-8138-b5cd04f973fd:group-81164160C6D0 set configuration 0: [1ad3fd21-b666-4d4e-8138-b5cd04f973fd:192.168.34.5:40478], old=null at 0
2019-09-19 08:58:29,116 | INFO  | SCMAudit | user=jenkins1000 | ip=192.168.34.5 | op=SEND_HEARTBEAT {datanodeUUID=5655ea38-4aa2-40a6-aaa3-4d444347e46a, command=[]} | ret=SUCCESS |  
2019-09-19 08:58:29,135 [1ad3fd21-b666-4d4e-8138-b5cd04f973fd-SegmentedRaftLogWorker:Storage Directory /workdir/hadoop-ozone/integration-test/target/test-dir/MiniOzoneClusterImpl-072ceacc-f14a-494c-b049-5b6ad59b8d93/datanode-9/data/ratis/6d6a321f-5672-451d-bd14-81164160c6d0] INFO  segmented.SegmentedRaftLogWorker (SegmentedRaftLogWorker.java:execute(569)) - 1ad3fd21-b666-4d4e-8138-b5cd04f973fd-SegmentedRaftLogWorker:Storage Directory /workdir/hadoop-ozone/integration-test/target/test-dir/MiniOzoneClusterImpl-072ceacc-f14a-494c-b049-5b6ad59b8d93/datanode-9/data/ratis/6d6a321f-5672-451d-bd14-81164160c6d0: created new log segment /workdir/hadoop-ozone/integration-test/target/test-dir/MiniOzoneClusterImpl-072ceacc-f14a-494c-b049-5b6ad59b8d93/datanode-9/data/ratis/6d6a321f-5672-451d-bd14-81164160c6d0/current/log_inprogress_0
2019-09-19 08:58:29,239 | INFO  | SCMAudit | user=jenkins1000 | ip=192.168.34.5 | op=SEND_HEARTBEAT {datanodeUUID=83e73c89-42e6-44c0-9fcf-5542ff22b34f, command=[]} | ret=SUCCESS |  
2019-09-19 08:58:29,262 | INFO  | SCMAudit | user=jenkins1000 | ip=192.168.34.5 | op=SEND_HEARTBEAT {datanodeUUID=8a96a672-7e2f-4b1c-ac1e-ddd5d18a6d5d, command=[]} | ret=SUCCESS |  
2019-09-19 08:58:29,339 | INFO  | SCMAudit | user=jenkins1000 | ip=192.168.34.5 | op=SEND_HEARTBEAT {datanodeUUID=59afcdb3-7cd7-47ef-abfa-eabf405042f7, command=[]} | ret=SUCCESS |  
2019-09-19 08:58:29,449 | INFO  | SCMAudit | user=jenkins1000 | ip=192.168.34.5 | op=SEND_HEARTBEAT {datanodeUUID=1ad3fd21-b666-4d4e-8138-b5cd04f973fd, command=[]} | ret=SUCCESS |  
2019-09-19 08:58:29,552 | INFO  | SCMAudit | user=jenkins1000 | ip=192.168.34.5 | op=SEND_HEARTBEAT {datanodeUUID=356a349a-c9c9-49f9-a5b1-196804736fbc, command=[]} | ret=SUCCESS |  
2019-09-19 08:58:29,832 | INFO  | SCMAudit | user=jenkins1000 | ip=192.168.34.5 | op=SEND_HEARTBEAT {datanodeUUID=275daa4b-3482-4b8e-b64e-92089e0536ae, command=[]} | ret=SUCCESS |  
2019-09-19 08:58:30,034 | INFO  | SCMAudit | user=jenkins1000 | ip=192.168.34.5 | op=SEND_HEARTBEAT {datanodeUUID=a01737f6-7857-4616-835e-b1ff05ecf78f, command=[]} | ret=SUCCESS |  
2019-09-19 08:58:30,116 | INFO  | SCMAudit | user=jenkins1000 | ip=192.168.34.5 | op=SEND_HEARTBEAT {datanodeUUID=5655ea38-4aa2-40a6-aaa3-4d444347e46a, command=[]} | ret=SUCCESS |  
2019-09-19 08:58:30,239 | INFO  | SCMAudit | user=jenkins1000 | ip=192.168.34.5 | op=SEND_HEARTBEAT {datanodeUUID=83e73c89-42e6-44c0-9fcf-5542ff22b34f, command=[]} | ret=SUCCESS |  
2019-09-19 08:58:30,262 | INFO  | SCMAudit | user=jenkins1000 | ip=192.168.34.5 | op=SEND_HEARTBEAT {datanodeUUID=8a96a672-7e2f-4b1c-ac1e-ddd5d18a6d5d, command=[]} | ret=SUCCESS |  
2019-09-19 08:58:30,338 | INFO  | SCMAudit | user=jenkins1000 | ip=192.168.34.5 | op=SEND_HEARTBEAT {datanodeUUID=59afcdb3-7cd7-47ef-abfa-eabf405042f7, command=[]} | ret=SUCCESS |  
2019-09-19 08:58:30,450 | INFO  | SCMAudit | user=jenkins1000 | ip=192.168.34.5 | op=SEND_HEARTBEAT {datanodeUUID=1ad3fd21-b666-4d4e-8138-b5cd04f973fd, command=[]} | ret=SUCCESS |  
2019-09-19 08:58:30,552 | INFO  | SCMAudit | user=jenkins1000 | ip=192.168.34.5 | op=SEND_HEARTBEAT {datanodeUUID=356a349a-c9c9-49f9-a5b1-196804736fbc, command=[]} | ret=SUCCESS |  
2019-09-19 08:58:30,832 | INFO  | SCMAudit | user=jenkins1000 | ip=192.168.34.5 | op=SEND_HEARTBEAT {datanodeUUID=275daa4b-3482-4b8e-b64e-92089e0536ae, command=[]} | ret=SUCCESS |  
2019-09-19 08:58:31,034 | INFO  | SCMAudit | user=jenkins1000 | ip=192.168.34.5 | op=SEND_HEARTBEAT {datanodeUUID=a01737f6-7857-4616-835e-b1ff05ecf78f, command=[]} | ret=SUCCESS |  
2019-09-19 08:58:31,116 | INFO  | SCMAudit | user=jenkins1000 | ip=192.168.34.5 | op=SEND_HEARTBEAT {datanodeUUID=5655ea38-4aa2-40a6-aaa3-4d444347e46a, command=[]} | ret=SUCCESS |  
2019-09-19 08:58:31,239 | INFO  | SCMAudit | user=jenkins1000 | ip=192.168.34.5 | op=SEND_HEARTBEAT {datanodeUUID=83e73c89-42e6-44c0-9fcf-5542ff22b34f, command=[]} | ret=SUCCESS |  
2019-09-19 08:58:31,261 | INFO  | SCMAudit | user=jenkins1000 | ip=192.168.34.5 | op=SEND_HEARTBEAT {datanodeUUID=8a96a672-7e2f-4b1c-ac1e-ddd5d18a6d5d, command=[]} | ret=SUCCESS |  
2019-09-19 08:58:31,338 | INFO  | SCMAudit | user=jenkins1000 | ip=192.168.34.5 | op=SEND_HEARTBEAT {datanodeUUID=59afcdb3-7cd7-47ef-abfa-eabf405042f7, command=[]} | ret=SUCCESS |  
2019-09-19 08:58:31,451 | INFO  | SCMAudit | user=jenkins1000 | ip=192.168.34.5 | op=SEND_HEARTBEAT {datanodeUUID=1ad3fd21-b666-4d4e-8138-b5cd04f973fd, command=[]} | ret=SUCCESS |  
2019-09-19 08:58:31,552 | INFO  | SCMAudit | user=jenkins1000 | ip=192.168.34.5 | op=SEND_HEARTBEAT {datanodeUUID=356a349a-c9c9-49f9-a5b1-196804736fbc, command=[]} | ret=SUCCESS |  
2019-09-19 08:58:31,832 | INFO  | SCMAudit | user=jenkins1000 | ip=192.168.34.5 | op=SEND_HEARTBEAT {datanodeUUID=275daa4b-3482-4b8e-b64e-92089e0536ae, command=[]} | ret=SUCCESS |  
2019-09-19 08:58:32,034 | INFO  | SCMAudit | user=jenkins1000 | ip=192.168.34.5 | op=SEND_HEARTBEAT {datanodeUUID=a01737f6-7857-4616-835e-b1ff05ecf78f, command=[]} | ret=SUCCESS |  
2019-09-19 08:58:32,117 | INFO  | SCMAudit | user=jenkins1000 | ip=192.168.34.5 | op=SEND_HEARTBEAT {datanodeUUID=5655ea38-4aa2-40a6-aaa3-4d444347e46a, command=[]} | ret=SUCCESS |  
2019-09-19 08:58:32,239 | INFO  | SCMAudit | user=jenkins1000 | ip=192.168.34.5 | op=SEND_HEARTBEAT {datanodeUUID=83e73c89-42e6-44c0-9fcf-5542ff22b34f, command=[]} | ret=SUCCESS |  
2019-09-19 08:58:32,262 | INFO  | SCMAudit | user=jenkins1000 | ip=192.168.34.5 | op=SEND_HEARTBEAT {datanodeUUID=8a96a672-7e2f-4b1c-ac1e-ddd5d18a6d5d, command=[]} | ret=SUCCESS |  
2019-09-19 08:58:32,338 | INFO  | SCMAudit | user=jenkins1000 | ip=192.168.34.5 | op=SEND_HEARTBEAT {datanodeUUID=59afcdb3-7cd7-47ef-abfa-eabf405042f7, command=[]} | ret=SUCCESS |  
2019-09-19 08:58:32,451 | INFO  | SCMAudit | user=jenkins1000 | ip=192.168.34.5 | op=SEND_HEARTBEAT {datanodeUUID=1ad3fd21-b666-4d4e-8138-b5cd04f973fd, command=[]} | ret=SUCCESS |  
2019-09-19 08:58:32,552 | INFO  | SCMAudit | user=jenkins1000 | ip=192.168.34.5 | op=SEND_HEARTBEAT {datanodeUUID=356a349a-c9c9-49f9-a5b1-196804736fbc, command=[]} | ret=SUCCESS |  
2019-09-19 08:58:32,832 | INFO  | SCMAudit | user=jenkins1000 | ip=192.168.34.5 | op=SEND_HEARTBEAT {datanodeUUID=275daa4b-3482-4b8e-b64e-92089e0536ae, command=[]} | ret=SUCCESS |  
2019-09-19 08:58:33,034 | INFO  | SCMAudit | user=jenkins1000 | ip=192.168.34.5 | op=SEND_HEARTBEAT {datanodeUUID=a01737f6-7857-4616-835e-b1ff05ecf78f, command=[]} | ret=SUCCESS |  
2019-09-19 08:58:33,046 [main] INFO  ozoneimpl.OzoneContainer (OzoneContainer.java:stop(199)) - Attempting to stop container services.
2019-09-19 08:58:33,046 [ForkJoinPool.commonPool-worker-1] INFO  ozoneimpl.OzoneContainer (OzoneContainer.java:stop(199)) - Attempting to stop container services.
2019-09-19 08:58:33,048 [main] INFO  impl.RaftServerProxy (RaftServerProxy.java:lambda$close$4(314)) - cd77464f-7686-4dc7-8332-533cdc56da6b: close
2019-09-19 08:58:33,048 [ForkJoinPool.commonPool-worker-1] INFO  impl.RaftServerProxy (RaftServerProxy.java:lambda$close$4(314)) - d611bba7-fcef-48db-9a8e-14e1bb825cd8: close
2019-09-19 08:58:33,050 [main] INFO  impl.RaftServerImpl (RaftServerImpl.java:lambda$shutdown$3(245)) - cd77464f-7686-4dc7-8332-533cdc56da6b: shutdown group-1B34058E3009
2019-09-19 08:58:33,050 [ForkJoinPool.commonPool-worker-1] INFO  impl.RaftServerImpl (RaftServerImpl.java:lambda$shutdown$3(245)) - d611bba7-fcef-48db-9a8e-14e1bb825cd8: shutdown group-A5129030AA95
2019-09-19 08:58:33,051 [main] INFO  util.JmxRegister (JmxRegister.java:unregister(73)) - Successfully un-registered JMX Bean with object name Ratis:service=RaftServer,group=group-1B34058E3009,id=cd77464f-7686-4dc7-8332-533cdc56da6b
2019-09-19 08:58:33,051 [ForkJoinPool.commonPool-worker-1] INFO  util.JmxRegister (JmxRegister.java:unregister(73)) - Successfully un-registered JMX Bean with object name Ratis:service=RaftServer,group=group-A5129030AA95,id=d611bba7-fcef-48db-9a8e-14e1bb825cd8
2019-09-19 08:58:33,051 [main] INFO  impl.RoleInfo (RoleInfo.java:shutdownLeaderState(104)) - cd77464f-7686-4dc7-8332-533cdc56da6b: shutdown LeaderState
2019-09-19 08:58:33,051 [ForkJoinPool.commonPool-worker-1] INFO  impl.RoleInfo (RoleInfo.java:shutdownLeaderState(104)) - d611bba7-fcef-48db-9a8e-14e1bb825cd8: shutdown LeaderState
2019-09-19 08:58:33,053 [main] INFO  impl.PendingRequests (PendingRequests.java:sendNotLeaderResponses(202)) - cd77464f-7686-4dc7-8332-533cdc56da6b-PendingRequests: sendNotLeaderResponses
2019-09-19 08:58:33,053 [ForkJoinPool.commonPool-worker-1] INFO  impl.PendingRequests (PendingRequests.java:sendNotLeaderResponses(202)) - d611bba7-fcef-48db-9a8e-14e1bb825cd8-PendingRequests: sendNotLeaderResponses
2019-09-19 08:58:33,058 [ForkJoinPool.commonPool-worker-1] INFO  impl.StateMachineUpdater (StateMachineUpdater.java:stopAndJoin(115)) - StateMachineUpdater:d611bba7-fcef-48db-9a8e-14e1bb825cd8:group-A5129030AA95: set stopIndex = 0
2019-09-19 08:58:33,058 [main] INFO  impl.StateMachineUpdater (StateMachineUpdater.java:stopAndJoin(115)) - StateMachineUpdater:cd77464f-7686-4dc7-8332-533cdc56da6b:group-1B34058E3009: set stopIndex = 0
2019-09-19 08:58:33,060 [ForkJoinPool.commonPool-worker-1] INFO  impl.RaftServerImpl (ServerState.java:close(394)) - d611bba7-fcef-48db-9a8e-14e1bb825cd8:group-A5129030AA95 closes. The last applied log index is 0
2019-09-19 08:58:33,061 [main] INFO  impl.RaftServerImpl (ServerState.java:close(394)) - cd77464f-7686-4dc7-8332-533cdc56da6b:group-1B34058E3009 closes. The last applied log index is 0
2019-09-19 08:58:33,063 [d611bba7-fcef-48db-9a8e-14e1bb825cd8-SegmentedRaftLogWorker:Storage Directory /workdir/hadoop-ozone/integration-test/target/test-dir/MiniOzoneClusterImpl-072ceacc-f14a-494c-b049-5b6ad59b8d93/datanode-2/data/ratis/fb65c901-0052-4d0a-a87f-a5129030aa95] INFO  segmented.SegmentedRaftLogWorker (SegmentedRaftLogWorker.java:run(313)) - d611bba7-fcef-48db-9a8e-14e1bb825cd8-SegmentedRaftLogWorker:Storage Directory /workdir/hadoop-ozone/integration-test/target/test-dir/MiniOzoneClusterImpl-072ceacc-f14a-494c-b049-5b6ad59b8d93/datanode-2/data/ratis/fb65c901-0052-4d0a-a87f-a5129030aa95 was interrupted, exiting. There are 0 tasks remaining in the queue.
2019-09-19 08:58:33,063 [cd77464f-7686-4dc7-8332-533cdc56da6b-SegmentedRaftLogWorker:Storage Directory /workdir/hadoop-ozone/integration-test/target/test-dir/MiniOzoneClusterImpl-072ceacc-f14a-494c-b049-5b6ad59b8d93/datanode-5/data/ratis/361fbe50-293d-4247-a237-1b34058e3009] INFO  segmented.SegmentedRaftLogWorker (SegmentedRaftLogWorker.java:run(313)) - cd77464f-7686-4dc7-8332-533cdc56da6b-SegmentedRaftLogWorker:Storage Directory /workdir/hadoop-ozone/integration-test/target/test-dir/MiniOzoneClusterImpl-072ceacc-f14a-494c-b049-5b6ad59b8d93/datanode-5/data/ratis/361fbe50-293d-4247-a237-1b34058e3009 was interrupted, exiting. There are 0 tasks remaining in the queue.
2019-09-19 08:58:33,069 [main] INFO  segmented.SegmentedRaftLogWorker (SegmentedRaftLogWorker.java:close(228)) - cd77464f-7686-4dc7-8332-533cdc56da6b-SegmentedRaftLogWorker:Storage Directory /workdir/hadoop-ozone/integration-test/target/test-dir/MiniOzoneClusterImpl-072ceacc-f14a-494c-b049-5b6ad59b8d93/datanode-5/data/ratis/361fbe50-293d-4247-a237-1b34058e3009 close()
2019-09-19 08:58:33,069 [ForkJoinPool.commonPool-worker-1] INFO  segmented.SegmentedRaftLogWorker (SegmentedRaftLogWorker.java:close(228)) - d611bba7-fcef-48db-9a8e-14e1bb825cd8-SegmentedRaftLogWorker:Storage Directory /workdir/hadoop-ozone/integration-test/target/test-dir/MiniOzoneClusterImpl-072ceacc-f14a-494c-b049-5b6ad59b8d93/datanode-2/data/ratis/fb65c901-0052-4d0a-a87f-a5129030aa95 close()
2019-09-19 08:58:33,074 [main] INFO  impl.RaftServerImpl (RaftServerImpl.java:lambda$shutdown$3(245)) - cd77464f-7686-4dc7-8332-533cdc56da6b: shutdown group-E165B1ABC8EC
2019-09-19 08:58:33,078 [ForkJoinPool.commonPool-worker-1] INFO  impl.RaftServerImpl (RaftServerImpl.java:lambda$shutdown$3(245)) - d611bba7-fcef-48db-9a8e-14e1bb825cd8: shutdown group-B773D6C75792
2019-09-19 08:58:33,079 [main] INFO  util.JmxRegister (JmxRegister.java:unregister(73)) - Successfully un-registered JMX Bean with object name Ratis:service=RaftServer,group=group-E165B1ABC8EC,id=cd77464f-7686-4dc7-8332-533cdc56da6b
2019-09-19 08:58:33,079 [ForkJoinPool.commonPool-worker-1] INFO  util.JmxRegister (JmxRegister.java:unregister(73)) - Successfully un-registered JMX Bean with object name Ratis:service=RaftServer,group=group-B773D6C75792,id=d611bba7-fcef-48db-9a8e-14e1bb825cd8
2019-09-19 08:58:33,079 [main] INFO  impl.RoleInfo (RoleInfo.java:shutdownLeaderState(104)) - cd77464f-7686-4dc7-8332-533cdc56da6b: shutdown LeaderState
2019-09-19 08:58:33,080 [ForkJoinPool.commonPool-worker-1] INFO  impl.RoleInfo (RoleInfo.java:shutdownLeaderState(104)) - d611bba7-fcef-48db-9a8e-14e1bb825cd8: shutdown LeaderState
2019-09-19 08:58:33,080 [main] INFO  impl.PendingRequests (PendingRequests.java:sendNotLeaderResponses(202)) - cd77464f-7686-4dc7-8332-533cdc56da6b-PendingRequests: sendNotLeaderResponses
2019-09-19 08:58:33,080 [ForkJoinPool.commonPool-worker-1] INFO  impl.PendingRequests (PendingRequests.java:sendNotLeaderResponses(202)) - d611bba7-fcef-48db-9a8e-14e1bb825cd8-PendingRequests: sendNotLeaderResponses
2019-09-19 08:58:33,081 [main] INFO  impl.StateMachineUpdater (StateMachineUpdater.java:stopAndJoin(115)) - StateMachineUpdater:cd77464f-7686-4dc7-8332-533cdc56da6b:group-E165B1ABC8EC: set stopIndex = 0
2019-09-19 08:58:33,081 [ForkJoinPool.commonPool-worker-1] INFO  impl.StateMachineUpdater (StateMachineUpdater.java:stopAndJoin(115)) - StateMachineUpdater:d611bba7-fcef-48db-9a8e-14e1bb825cd8:group-B773D6C75792: set stopIndex = 0
2019-09-19 08:58:33,081 [main] INFO  impl.RaftServerImpl (ServerState.java:close(394)) - cd77464f-7686-4dc7-8332-533cdc56da6b:group-E165B1ABC8EC closes. The last applied log index is 0
2019-09-19 08:58:33,081 [ForkJoinPool.commonPool-worker-1] INFO  impl.RaftServerImpl (ServerState.java:close(394)) - d611bba7-fcef-48db-9a8e-14e1bb825cd8:group-B773D6C75792 closes. The last applied log index is 0
2019-09-19 08:58:33,082 [cd77464f-7686-4dc7-8332-533cdc56da6b-SegmentedRaftLogWorker:Storage Directory /workdir/hadoop-ozone/integration-test/target/test-dir/MiniOzoneClusterImpl-072ceacc-f14a-494c-b049-5b6ad59b8d93/datanode-5/data/ratis/61496dbc-063b-43ad-b1f2-e165b1abc8ec] INFO  segmented.SegmentedRaftLogWorker (SegmentedRaftLogWorker.java:run(313)) - cd77464f-7686-4dc7-8332-533cdc56da6b-SegmentedRaftLogWorker:Storage Directory /workdir/hadoop-ozone/integration-test/target/test-dir/MiniOzoneClusterImpl-072ceacc-f14a-494c-b049-5b6ad59b8d93/datanode-5/data/ratis/61496dbc-063b-43ad-b1f2-e165b1abc8ec was interrupted, exiting. There are 0 tasks remaining in the queue.
2019-09-19 08:58:33,082 [d611bba7-fcef-48db-9a8e-14e1bb825cd8-SegmentedRaftLogWorker:Storage Directory /workdir/hadoop-ozone/integration-test/target/test-dir/MiniOzoneClusterImpl-072ceacc-f14a-494c-b049-5b6ad59b8d93/datanode-2/data/ratis/8b27d1cb-9897-44b4-b44d-b773d6c75792] INFO  segmented.SegmentedRaftLogWorker (SegmentedRaftLogWorker.java:run(313)) - d611bba7-fcef-48db-9a8e-14e1bb825cd8-SegmentedRaftLogWorker:Storage Directory /workdir/hadoop-ozone/integration-test/target/test-dir/MiniOzoneClusterImpl-072ceacc-f14a-494c-b049-5b6ad59b8d93/datanode-2/data/ratis/8b27d1cb-9897-44b4-b44d-b773d6c75792 was interrupted, exiting. There are 0 tasks remaining in the queue.
2019-09-19 08:58:33,085 [main] INFO  segmented.SegmentedRaftLogWorker (SegmentedRaftLogWorker.java:close(228)) - cd77464f-7686-4dc7-8332-533cdc56da6b-SegmentedRaftLogWorker:Storage Directory /workdir/hadoop-ozone/integration-test/target/test-dir/MiniOzoneClusterImpl-072ceacc-f14a-494c-b049-5b6ad59b8d93/datanode-5/data/ratis/61496dbc-063b-43ad-b1f2-e165b1abc8ec close()
2019-09-19 08:58:33,085 [ForkJoinPool.commonPool-worker-1] INFO  segmented.SegmentedRaftLogWorker (SegmentedRaftLogWorker.java:close(228)) - d611bba7-fcef-48db-9a8e-14e1bb825cd8-SegmentedRaftLogWorker:Storage Directory /workdir/hadoop-ozone/integration-test/target/test-dir/MiniOzoneClusterImpl-072ceacc-f14a-494c-b049-5b6ad59b8d93/datanode-2/data/ratis/8b27d1cb-9897-44b4-b44d-b773d6c75792 close()
2019-09-19 08:58:33,094 [main] INFO  impl.RaftServerImpl (RaftServerImpl.java:lambda$shutdown$3(245)) - cd77464f-7686-4dc7-8332-533cdc56da6b: shutdown group-3ECFE20AE947
2019-09-19 08:58:33,100 [ForkJoinPool.commonPool-worker-1] INFO  impl.RaftServerImpl (RaftServerImpl.java:lambda$shutdown$3(245)) - d611bba7-fcef-48db-9a8e-14e1bb825cd8: shutdown group-81353B1ABB23
2019-09-19 08:58:33,100 [main] INFO  util.JmxRegister (JmxRegister.java:unregister(73)) - Successfully un-registered JMX Bean with object name Ratis:service=RaftServer,group=group-3ECFE20AE947,id=cd77464f-7686-4dc7-8332-533cdc56da6b
2019-09-19 08:58:33,101 [ForkJoinPool.commonPool-worker-1] INFO  util.JmxRegister (JmxRegister.java:unregister(73)) - Successfully un-registered JMX Bean with object name Ratis:service=RaftServer,group=group-81353B1ABB23,id=d611bba7-fcef-48db-9a8e-14e1bb825cd8
2019-09-19 08:58:33,101 [main] INFO  impl.RoleInfo (RoleInfo.java:shutdownLeaderState(104)) - cd77464f-7686-4dc7-8332-533cdc56da6b: shutdown LeaderState
2019-09-19 08:58:33,101 [ForkJoinPool.commonPool-worker-1] INFO  impl.RoleInfo (RoleInfo.java:shutdownLeaderState(104)) - d611bba7-fcef-48db-9a8e-14e1bb825cd8: shutdown LeaderState
2019-09-19 08:58:33,101 [main] INFO  impl.PendingRequests (PendingRequests.java:sendNotLeaderResponses(202)) - cd77464f-7686-4dc7-8332-533cdc56da6b-PendingRequests: sendNotLeaderResponses
2019-09-19 08:58:33,101 [ForkJoinPool.commonPool-worker-1] INFO  impl.PendingRequests (PendingRequests.java:sendNotLeaderResponses(202)) - d611bba7-fcef-48db-9a8e-14e1bb825cd8-PendingRequests: sendNotLeaderResponses
2019-09-19 08:58:33,102 [main] INFO  impl.StateMachineUpdater (StateMachineUpdater.java:stopAndJoin(115)) - StateMachineUpdater:cd77464f-7686-4dc7-8332-533cdc56da6b:group-3ECFE20AE947: set stopIndex = 0
2019-09-19 08:58:33,102 [ForkJoinPool.commonPool-worker-1] INFO  impl.StateMachineUpdater (StateMachineUpdater.java:stopAndJoin(115)) - StateMachineUpdater:d611bba7-fcef-48db-9a8e-14e1bb825cd8:group-81353B1ABB23: set stopIndex = 0
2019-09-19 08:58:33,102 [main] INFO  impl.RaftServerImpl (ServerState.java:close(394)) - cd77464f-7686-4dc7-8332-533cdc56da6b:group-3ECFE20AE947 closes. The last applied log index is 0
2019-09-19 08:58:33,102 [ForkJoinPool.commonPool-worker-1] INFO  impl.RaftServerImpl (ServerState.java:close(394)) - d611bba7-fcef-48db-9a8e-14e1bb825cd8:group-81353B1ABB23 closes. The last applied log index is 0
2019-09-19 08:58:33,103 [cd77464f-7686-4dc7-8332-533cdc56da6b-SegmentedRaftLogWorker:Storage Directory /workdir/hadoop-ozone/integration-test/target/test-dir/MiniOzoneClusterImpl-072ceacc-f14a-494c-b049-5b6ad59b8d93/datanode-5/data/ratis/d4ce0b35-1921-420b-9a50-3ecfe20ae947] INFO  segmented.SegmentedRaftLogWorker (SegmentedRaftLogWorker.java:run(313)) - cd77464f-7686-4dc7-8332-533cdc56da6b-SegmentedRaftLogWorker:Storage Directory /workdir/hadoop-ozone/integration-test/target/test-dir/MiniOzoneClusterImpl-072ceacc-f14a-494c-b049-5b6ad59b8d93/datanode-5/data/ratis/d4ce0b35-1921-420b-9a50-3ecfe20ae947 was interrupted, exiting. There are 0 tasks remaining in the queue.
2019-09-19 08:58:33,103 [d611bba7-fcef-48db-9a8e-14e1bb825cd8-SegmentedRaftLogWorker:Storage Directory /workdir/hadoop-ozone/integration-test/target/test-dir/MiniOzoneClusterImpl-072ceacc-f14a-494c-b049-5b6ad59b8d93/datanode-2/data/ratis/22aa18ae-dade-4c9a-9aad-81353b1abb23] INFO  segmented.SegmentedRaftLogWorker (SegmentedRaftLogWorker.java:run(313)) - d611bba7-fcef-48db-9a8e-14e1bb825cd8-SegmentedRaftLogWorker:Storage Directory /workdir/hadoop-ozone/integration-test/target/test-dir/MiniOzoneClusterImpl-072ceacc-f14a-494c-b049-5b6ad59b8d93/datanode-2/data/ratis/22aa18ae-dade-4c9a-9aad-81353b1abb23 was interrupted, exiting. There are 0 tasks remaining in the queue.
2019-09-19 08:58:33,107 [main] INFO  segmented.SegmentedRaftLogWorker (SegmentedRaftLogWorker.java:close(228)) - cd77464f-7686-4dc7-8332-533cdc56da6b-SegmentedRaftLogWorker:Storage Directory /workdir/hadoop-ozone/integration-test/target/test-dir/MiniOzoneClusterImpl-072ceacc-f14a-494c-b049-5b6ad59b8d93/datanode-5/data/ratis/d4ce0b35-1921-420b-9a50-3ecfe20ae947 close()
2019-09-19 08:58:33,110 [ForkJoinPool.commonPool-worker-1] INFO  segmented.SegmentedRaftLogWorker (SegmentedRaftLogWorker.java:close(228)) - d611bba7-fcef-48db-9a8e-14e1bb825cd8-SegmentedRaftLogWorker:Storage Directory /workdir/hadoop-ozone/integration-test/target/test-dir/MiniOzoneClusterImpl-072ceacc-f14a-494c-b049-5b6ad59b8d93/datanode-2/data/ratis/22aa18ae-dade-4c9a-9aad-81353b1abb23 close()
2019-09-19 08:58:33,117 [main] INFO  impl.RaftServerImpl (RaftServerImpl.java:lambda$shutdown$3(245)) - cd77464f-7686-4dc7-8332-533cdc56da6b: shutdown group-70881C39CDA6
2019-09-19 08:58:33,123 [ForkJoinPool.commonPool-worker-1] INFO  impl.RaftServerImpl (RaftServerImpl.java:lambda$shutdown$3(245)) - d611bba7-fcef-48db-9a8e-14e1bb825cd8: shutdown group-BB69C773B221
2019-09-19 08:58:33,124 [main] INFO  util.JmxRegister (JmxRegister.java:unregister(73)) - Successfully un-registered JMX Bean with object name Ratis:service=RaftServer,group=group-70881C39CDA6,id=cd77464f-7686-4dc7-8332-533cdc56da6b
2019-09-19 08:58:33,124 | INFO  | SCMAudit | user=jenkins1000 | ip=192.168.34.5 | op=SEND_HEARTBEAT {datanodeUUID=5655ea38-4aa2-40a6-aaa3-4d444347e46a, command=[]} | ret=SUCCESS |  
2019-09-19 08:58:33,124 [ForkJoinPool.commonPool-worker-1] INFO  util.JmxRegister (JmxRegister.java:unregister(73)) - Successfully un-registered JMX Bean with object name Ratis:service=RaftServer,group=group-BB69C773B221,id=d611bba7-fcef-48db-9a8e-14e1bb825cd8
2019-09-19 08:58:33,124 [main] INFO  impl.RoleInfo (RoleInfo.java:shutdownLeaderState(104)) - cd77464f-7686-4dc7-8332-533cdc56da6b: shutdown LeaderState
2019-09-19 08:58:33,124 [ForkJoinPool.commonPool-worker-1] INFO  impl.RoleInfo (RoleInfo.java:shutdownLeaderState(104)) - d611bba7-fcef-48db-9a8e-14e1bb825cd8: shutdown LeaderState
2019-09-19 08:58:33,125 [main] INFO  impl.PendingRequests (PendingRequests.java:sendNotLeaderResponses(202)) - cd77464f-7686-4dc7-8332-533cdc56da6b-PendingRequests: sendNotLeaderResponses
2019-09-19 08:58:33,125 [ForkJoinPool.commonPool-worker-1] INFO  impl.PendingRequests (PendingRequests.java:sendNotLeaderResponses(202)) - d611bba7-fcef-48db-9a8e-14e1bb825cd8-PendingRequests: sendNotLeaderResponses
2019-09-19 08:58:33,125 [main] INFO  impl.StateMachineUpdater (StateMachineUpdater.java:stopAndJoin(115)) - StateMachineUpdater:cd77464f-7686-4dc7-8332-533cdc56da6b:group-70881C39CDA6: set stopIndex = 0
2019-09-19 08:58:33,125 [ForkJoinPool.commonPool-worker-1] INFO  impl.StateMachineUpdater (StateMachineUpdater.java:stopAndJoin(115)) - StateMachineUpdater:d611bba7-fcef-48db-9a8e-14e1bb825cd8:group-BB69C773B221: set stopIndex = 0
2019-09-19 08:58:33,126 [main] INFO  impl.RaftServerImpl (ServerState.java:close(394)) - cd77464f-7686-4dc7-8332-533cdc56da6b:group-70881C39CDA6 closes. The last applied log index is 0
2019-09-19 08:58:33,126 [ForkJoinPool.commonPool-worker-1] INFO  impl.RaftServerImpl (ServerState.java:close(394)) - d611bba7-fcef-48db-9a8e-14e1bb825cd8:group-BB69C773B221 closes. The last applied log index is 0
2019-09-19 08:58:33,126 [cd77464f-7686-4dc7-8332-533cdc56da6b-SegmentedRaftLogWorker:Storage Directory /workdir/hadoop-ozone/integration-test/target/test-dir/MiniOzoneClusterImpl-072ceacc-f14a-494c-b049-5b6ad59b8d93/datanode-5/data/ratis/01d666f2-687b-4d23-b2c1-70881c39cda6] INFO  segmented.SegmentedRaftLogWorker (SegmentedRaftLogWorker.java:run(313)) - cd77464f-7686-4dc7-8332-533cdc56da6b-SegmentedRaftLogWorker:Storage Directory /workdir/hadoop-ozone/integration-test/target/test-dir/MiniOzoneClusterImpl-072ceacc-f14a-494c-b049-5b6ad59b8d93/datanode-5/data/ratis/01d666f2-687b-4d23-b2c1-70881c39cda6 was interrupted, exiting. There are 0 tasks remaining in the queue.
2019-09-19 08:58:33,126 [d611bba7-fcef-48db-9a8e-14e1bb825cd8-SegmentedRaftLogWorker:Storage Directory /workdir/hadoop-ozone/integration-test/target/test-dir/MiniOzoneClusterImpl-072ceacc-f14a-494c-b049-5b6ad59b8d93/datanode-2/data/ratis/9104f3dd-035a-4c7e-bf7c-bb69c773b221] INFO  segmented.SegmentedRaftLogWorker (SegmentedRaftLogWorker.java:run(313)) - d611bba7-fcef-48db-9a8e-14e1bb825cd8-SegmentedRaftLogWorker:Storage Directory /workdir/hadoop-ozone/integration-test/target/test-dir/MiniOzoneClusterImpl-072ceacc-f14a-494c-b049-5b6ad59b8d93/datanode-2/data/ratis/9104f3dd-035a-4c7e-bf7c-bb69c773b221 was interrupted, exiting. There are 0 tasks remaining in the queue.
2019-09-19 08:58:33,130 [main] INFO  segmented.SegmentedRaftLogWorker (SegmentedRaftLogWorker.java:close(228)) - cd77464f-7686-4dc7-8332-533cdc56da6b-SegmentedRaftLogWorker:Storage Directory /workdir/hadoop-ozone/integration-test/target/test-dir/MiniOzoneClusterImpl-072ceacc-f14a-494c-b049-5b6ad59b8d93/datanode-5/data/ratis/01d666f2-687b-4d23-b2c1-70881c39cda6 close()
2019-09-19 08:58:33,133 [ForkJoinPool.commonPool-worker-1] INFO  segmented.SegmentedRaftLogWorker (SegmentedRaftLogWorker.java:close(228)) - d611bba7-fcef-48db-9a8e-14e1bb825cd8-SegmentedRaftLogWorker:Storage Directory /workdir/hadoop-ozone/integration-test/target/test-dir/MiniOzoneClusterImpl-072ceacc-f14a-494c-b049-5b6ad59b8d93/datanode-2/data/ratis/9104f3dd-035a-4c7e-bf7c-bb69c773b221 close()
2019-09-19 08:58:33,139 [main] INFO  impl.RaftServerImpl (RaftServerImpl.java:lambda$shutdown$3(245)) - cd77464f-7686-4dc7-8332-533cdc56da6b: shutdown group-ACB13F38AE9E
2019-09-19 08:58:33,145 [ForkJoinPool.commonPool-worker-1] INFO  impl.RaftServerImpl (RaftServerImpl.java:lambda$shutdown$3(245)) - d611bba7-fcef-48db-9a8e-14e1bb825cd8: shutdown group-19DE7545EDE0
2019-09-19 08:58:33,146 [main] INFO  util.JmxRegister (JmxRegister.java:unregister(73)) - Successfully un-registered JMX Bean with object name Ratis:service=RaftServer,group=group-ACB13F38AE9E,id=cd77464f-7686-4dc7-8332-533cdc56da6b
2019-09-19 08:58:33,146 [ForkJoinPool.commonPool-worker-1] INFO  util.JmxRegister (JmxRegister.java:unregister(73)) - Successfully un-registered JMX Bean with object name Ratis:service=RaftServer,group=group-19DE7545EDE0,id=d611bba7-fcef-48db-9a8e-14e1bb825cd8
2019-09-19 08:58:33,146 [main] INFO  impl.RoleInfo (RoleInfo.java:shutdownLeaderState(104)) - cd77464f-7686-4dc7-8332-533cdc56da6b: shutdown LeaderState
2019-09-19 08:58:33,146 [ForkJoinPool.commonPool-worker-1] INFO  impl.RoleInfo (RoleInfo.java:shutdownLeaderState(104)) - d611bba7-fcef-48db-9a8e-14e1bb825cd8: shutdown LeaderState
2019-09-19 08:58:33,146 [main] INFO  impl.PendingRequests (PendingRequests.java:sendNotLeaderResponses(202)) - cd77464f-7686-4dc7-8332-533cdc56da6b-PendingRequests: sendNotLeaderResponses
2019-09-19 08:58:33,147 [ForkJoinPool.commonPool-worker-1] INFO  impl.PendingRequests (PendingRequests.java:sendNotLeaderResponses(202)) - d611bba7-fcef-48db-9a8e-14e1bb825cd8-PendingRequests: sendNotLeaderResponses
2019-09-19 08:58:33,147 [main] INFO  impl.StateMachineUpdater (StateMachineUpdater.java:stopAndJoin(115)) - StateMachineUpdater:cd77464f-7686-4dc7-8332-533cdc56da6b:group-ACB13F38AE9E: set stopIndex = 0
2019-09-19 08:58:33,147 [ForkJoinPool.commonPool-worker-1] INFO  impl.StateMachineUpdater (StateMachineUpdater.java:stopAndJoin(115)) - StateMachineUpdater:d611bba7-fcef-48db-9a8e-14e1bb825cd8:group-19DE7545EDE0: set stopIndex = 0
2019-09-19 08:58:33,147 [main] INFO  impl.RaftServerImpl (ServerState.java:close(394)) - cd77464f-7686-4dc7-8332-533cdc56da6b:group-ACB13F38AE9E closes. The last applied log index is 0
2019-09-19 08:58:33,147 [ForkJoinPool.commonPool-worker-1] INFO  impl.RaftServerImpl (ServerState.java:close(394)) - d611bba7-fcef-48db-9a8e-14e1bb825cd8:group-19DE7545EDE0 closes. The last applied log index is 0
2019-09-19 08:58:33,148 [cd77464f-7686-4dc7-8332-533cdc56da6b-SegmentedRaftLogWorker:Storage Directory /workdir/hadoop-ozone/integration-test/target/test-dir/MiniOzoneClusterImpl-072ceacc-f14a-494c-b049-5b6ad59b8d93/datanode-5/data/ratis/0b7fc058-aa8a-44e9-9a58-acb13f38ae9e] INFO  segmented.SegmentedRaftLogWorker (SegmentedRaftLogWorker.java:run(313)) - cd77464f-7686-4dc7-8332-533cdc56da6b-SegmentedRaftLogWorker:Storage Directory /workdir/hadoop-ozone/integration-test/target/test-dir/MiniOzoneClusterImpl-072ceacc-f14a-494c-b049-5b6ad59b8d93/datanode-5/data/ratis/0b7fc058-aa8a-44e9-9a58-acb13f38ae9e was interrupted, exiting. There are 0 tasks remaining in the queue.
2019-09-19 08:58:33,151 [d611bba7-fcef-48db-9a8e-14e1bb825cd8-SegmentedRaftLogWorker:Storage Directory /workdir/hadoop-ozone/integration-test/target/test-dir/MiniOzoneClusterImpl-072ceacc-f14a-494c-b049-5b6ad59b8d93/datanode-2/data/ratis/cfa816f4-3db8-4d9b-9ca9-19de7545ede0] INFO  segmented.SegmentedRaftLogWorker (SegmentedRaftLogWorker.java:run(313)) - d611bba7-fcef-48db-9a8e-14e1bb825cd8-SegmentedRaftLogWorker:Storage Directory /workdir/hadoop-ozone/integration-test/target/test-dir/MiniOzoneClusterImpl-072ceacc-f14a-494c-b049-5b6ad59b8d93/datanode-2/data/ratis/cfa816f4-3db8-4d9b-9ca9-19de7545ede0 was interrupted, exiting. There are 0 tasks remaining in the queue.
2019-09-19 08:58:33,151 [main] INFO  segmented.SegmentedRaftLogWorker (SegmentedRaftLogWorker.java:close(228)) - cd77464f-7686-4dc7-8332-533cdc56da6b-SegmentedRaftLogWorker:Storage Directory /workdir/hadoop-ozone/integration-test/target/test-dir/MiniOzoneClusterImpl-072ceacc-f14a-494c-b049-5b6ad59b8d93/datanode-5/data/ratis/0b7fc058-aa8a-44e9-9a58-acb13f38ae9e close()
2019-09-19 08:58:33,154 [ForkJoinPool.commonPool-worker-1] INFO  segmented.SegmentedRaftLogWorker (SegmentedRaftLogWorker.java:close(228)) - d611bba7-fcef-48db-9a8e-14e1bb825cd8-SegmentedRaftLogWorker:Storage Directory /workdir/hadoop-ozone/integration-test/target/test-dir/MiniOzoneClusterImpl-072ceacc-f14a-494c-b049-5b6ad59b8d93/datanode-2/data/ratis/cfa816f4-3db8-4d9b-9ca9-19de7545ede0 close()
2019-09-19 08:58:33,160 [main] INFO  impl.RaftServerImpl (RaftServerImpl.java:lambda$shutdown$3(245)) - cd77464f-7686-4dc7-8332-533cdc56da6b: shutdown group-8C7CD60EBC9D
2019-09-19 08:58:33,174 [ForkJoinPool.commonPool-worker-1] INFO  impl.RaftServerImpl (RaftServerImpl.java:lambda$shutdown$3(245)) - d611bba7-fcef-48db-9a8e-14e1bb825cd8: shutdown group-24C6678FC414
2019-09-19 08:58:33,175 [main] INFO  util.JmxRegister (JmxRegister.java:unregister(73)) - Successfully un-registered JMX Bean with object name Ratis:service=RaftServer,group=group-8C7CD60EBC9D,id=cd77464f-7686-4dc7-8332-533cdc56da6b
2019-09-19 08:58:33,175 [ForkJoinPool.commonPool-worker-1] INFO  util.JmxRegister (JmxRegister.java:unregister(73)) - Successfully un-registered JMX Bean with object name Ratis:service=RaftServer,group=group-24C6678FC414,id=d611bba7-fcef-48db-9a8e-14e1bb825cd8
2019-09-19 08:58:33,175 [main] INFO  impl.RoleInfo (RoleInfo.java:shutdownLeaderState(104)) - cd77464f-7686-4dc7-8332-533cdc56da6b: shutdown LeaderState
2019-09-19 08:58:33,175 [ForkJoinPool.commonPool-worker-1] INFO  impl.RoleInfo (RoleInfo.java:shutdownLeaderState(104)) - d611bba7-fcef-48db-9a8e-14e1bb825cd8: shutdown LeaderState
2019-09-19 08:58:33,176 [main] INFO  impl.PendingRequests (PendingRequests.java:sendNotLeaderResponses(202)) - cd77464f-7686-4dc7-8332-533cdc56da6b-PendingRequests: sendNotLeaderResponses
2019-09-19 08:58:33,176 [ForkJoinPool.commonPool-worker-1] INFO  impl.PendingRequests (PendingRequests.java:sendNotLeaderResponses(202)) - d611bba7-fcef-48db-9a8e-14e1bb825cd8-PendingRequests: sendNotLeaderResponses
2019-09-19 08:58:33,177 [main] INFO  impl.StateMachineUpdater (StateMachineUpdater.java:stopAndJoin(115)) - StateMachineUpdater:cd77464f-7686-4dc7-8332-533cdc56da6b:group-8C7CD60EBC9D: set stopIndex = 0
2019-09-19 08:58:33,177 [ForkJoinPool.commonPool-worker-1] INFO  impl.StateMachineUpdater (StateMachineUpdater.java:stopAndJoin(115)) - StateMachineUpdater:d611bba7-fcef-48db-9a8e-14e1bb825cd8:group-24C6678FC414: set stopIndex = 0
2019-09-19 08:58:33,177 [ForkJoinPool.commonPool-worker-1] INFO  impl.RaftServerImpl (ServerState.java:close(394)) - d611bba7-fcef-48db-9a8e-14e1bb825cd8:group-24C6678FC414 closes. The last applied log index is 0
2019-09-19 08:58:33,177 [main] INFO  impl.RaftServerImpl (ServerState.java:close(394)) - cd77464f-7686-4dc7-8332-533cdc56da6b:group-8C7CD60EBC9D closes. The last applied log index is 0
2019-09-19 08:58:33,178 [d611bba7-fcef-48db-9a8e-14e1bb825cd8-SegmentedRaftLogWorker:Storage Directory /workdir/hadoop-ozone/integration-test/target/test-dir/MiniOzoneClusterImpl-072ceacc-f14a-494c-b049-5b6ad59b8d93/datanode-2/data/ratis/2de22f67-bdd8-406a-a055-24c6678fc414] INFO  segmented.SegmentedRaftLogWorker (SegmentedRaftLogWorker.java:run(313)) - d611bba7-fcef-48db-9a8e-14e1bb825cd8-SegmentedRaftLogWorker:Storage Directory /workdir/hadoop-ozone/integration-test/target/test-dir/MiniOzoneClusterImpl-072ceacc-f14a-494c-b049-5b6ad59b8d93/datanode-2/data/ratis/2de22f67-bdd8-406a-a055-24c6678fc414 was interrupted, exiting. There are 0 tasks remaining in the queue.
2019-09-19 08:58:33,178 [cd77464f-7686-4dc7-8332-533cdc56da6b-SegmentedRaftLogWorker:Storage Directory /workdir/hadoop-ozone/integration-test/target/test-dir/MiniOzoneClusterImpl-072ceacc-f14a-494c-b049-5b6ad59b8d93/datanode-5/data/ratis/86695623-84f9-43a6-8401-8c7cd60ebc9d] INFO  segmented.SegmentedRaftLogWorker (SegmentedRaftLogWorker.java:run(313)) - cd77464f-7686-4dc7-8332-533cdc56da6b-SegmentedRaftLogWorker:Storage Directory /workdir/hadoop-ozone/integration-test/target/test-dir/MiniOzoneClusterImpl-072ceacc-f14a-494c-b049-5b6ad59b8d93/datanode-5/data/ratis/86695623-84f9-43a6-8401-8c7cd60ebc9d was interrupted, exiting. There are 0 tasks remaining in the queue.
2019-09-19 08:58:33,178 [ForkJoinPool.commonPool-worker-1] INFO  segmented.SegmentedRaftLogWorker (SegmentedRaftLogWorker.java:close(228)) - d611bba7-fcef-48db-9a8e-14e1bb825cd8-SegmentedRaftLogWorker:Storage Directory /workdir/hadoop-ozone/integration-test/target/test-dir/MiniOzoneClusterImpl-072ceacc-f14a-494c-b049-5b6ad59b8d93/datanode-2/data/ratis/2de22f67-bdd8-406a-a055-24c6678fc414 close()
2019-09-19 08:58:33,178 [main] INFO  segmented.SegmentedRaftLogWorker (SegmentedRaftLogWorker.java:close(228)) - cd77464f-7686-4dc7-8332-533cdc56da6b-SegmentedRaftLogWorker:Storage Directory /workdir/hadoop-ozone/integration-test/target/test-dir/MiniOzoneClusterImpl-072ceacc-f14a-494c-b049-5b6ad59b8d93/datanode-5/data/ratis/86695623-84f9-43a6-8401-8c7cd60ebc9d close()
2019-09-19 08:58:33,182 [ForkJoinPool.commonPool-worker-1] INFO  server.GrpcService (GrpcService.java:closeImpl(155)) - d611bba7-fcef-48db-9a8e-14e1bb825cd8: shutdown server with port 34044 now
2019-09-19 08:58:33,182 [main] INFO  server.GrpcService (GrpcService.java:closeImpl(155)) - cd77464f-7686-4dc7-8332-533cdc56da6b: shutdown server with port 41324 now
2019-09-19 08:58:33,185 [main] INFO  server.GrpcService (GrpcService.java:closeImpl(163)) - cd77464f-7686-4dc7-8332-533cdc56da6b: shutdown server with port 41324 successfully
2019-09-19 08:58:33,187 [ForkJoinPool.commonPool-worker-1] INFO  server.GrpcService (GrpcService.java:closeImpl(163)) - d611bba7-fcef-48db-9a8e-14e1bb825cd8: shutdown server with port 34044 successfully
2019-09-19 08:58:33,189 [main] INFO  utils.BackgroundService (BackgroundService.java:shutdown(148)) - Shutting down service BlockDeletingService
2019-09-19 08:58:33,190 [refreshUsed-/workdir/hadoop-ozone/integration-test/target/test-dir/MiniOzoneClusterImpl-072ceacc-f14a-494c-b049-5b6ad59b8d93/datanode-5/data/containers] WARN  fs.CachingGetSpaceUsed (CachingGetSpaceUsed.java:run(183)) - Thread Interrupted waiting to refresh disk information: sleep interrupted
2019-09-19 08:58:33,193 [ForkJoinPool.commonPool-worker-1] INFO  utils.BackgroundService (BackgroundService.java:shutdown(148)) - Shutting down service BlockDeletingService
2019-09-19 08:58:33,195 [refreshUsed-/workdir/hadoop-ozone/integration-test/target/test-dir/MiniOzoneClusterImpl-072ceacc-f14a-494c-b049-5b6ad59b8d93/datanode-2/data/containers] WARN  fs.CachingGetSpaceUsed (CachingGetSpaceUsed.java:run(183)) - Thread Interrupted waiting to refresh disk information: sleep interrupted
2019-09-19 08:58:33,211 [main] INFO  statemachine.DatanodeStateMachine (DatanodeStateMachine.java:stopDaemon(395)) - Ozone container server stopped.
2019-09-19 08:58:33,218 [ForkJoinPool.commonPool-worker-1] INFO  statemachine.DatanodeStateMachine (DatanodeStateMachine.java:stopDaemon(395)) - Ozone container server stopped.
2019-09-19 08:58:33,223 [ForkJoinPool.commonPool-worker-1] INFO  handler.ContextHandler (ContextHandler.java:doStop(910)) - Stopped o.e.j.w.WebAppContext@6a1568d6{/,null,UNAVAILABLE}{/hddsDatanode}
2019-09-19 08:58:33,223 [main] INFO  handler.ContextHandler (ContextHandler.java:doStop(910)) - Stopped o.e.j.w.WebAppContext@3cc3f13e{/,null,UNAVAILABLE}{/hddsDatanode}
2019-09-19 08:58:33,223 [ForkJoinPool.commonPool-worker-1] INFO  server.AbstractConnector (AbstractConnector.java:doStop(318)) - Stopped ServerConnector@11c88cca{HTTP/1.1,[http/1.1]}{0.0.0.0:0}
2019-09-19 08:58:33,223 [main] INFO  server.AbstractConnector (AbstractConnector.java:doStop(318)) - Stopped ServerConnector@69b3886f{HTTP/1.1,[http/1.1]}{0.0.0.0:0}
2019-09-19 08:58:33,225 [ForkJoinPool.commonPool-worker-1] INFO  handler.ContextHandler (ContextHandler.java:doStop(910)) - Stopped o.e.j.s.ServletContextHandler@dbed7fd{/static,jar:file:/home/user/.m2/repository/org/apache/hadoop/hadoop-hdds-container-service/0.5.0-SNAPSHOT/hadoop-hdds-container-service-0.5.0-SNAPSHOT.jar!/webapps/static,UNAVAILABLE}
2019-09-19 08:58:33,225 [main] INFO  handler.ContextHandler (ContextHandler.java:doStop(910)) - Stopped o.e.j.s.ServletContextHandler@38087342{/static,jar:file:/home/user/.m2/repository/org/apache/hadoop/hadoop-hdds-container-service/0.5.0-SNAPSHOT/hadoop-hdds-container-service-0.5.0-SNAPSHOT.jar!/webapps/static,UNAVAILABLE}
2019-09-19 08:58:33,226 [ForkJoinPool.commonPool-worker-1] INFO  handler.ContextHandler (ContextHandler.java:doStop(910)) - Stopped o.e.j.s.ServletContextHandler@5a05dd30{/logs,file:///workdir/hadoop-ozone/integration-test/target/log,UNAVAILABLE}
2019-09-19 08:58:33,226 [main] INFO  handler.ContextHandler (ContextHandler.java:doStop(910)) - Stopped o.e.j.s.ServletContextHandler@5c234920{/logs,file:///workdir/hadoop-ozone/integration-test/target/log,UNAVAILABLE}
2019-09-19 08:58:33,227 [ForkJoinPool.commonPool-worker-1] INFO  datanode.ObjectStoreHandler (ObjectStoreHandler.java:close(155)) - Closing ObjectStoreHandler.
2019-09-19 08:58:33,227 [ForkJoinPool.commonPool-worker-1] INFO  ozone.HddsDatanodeService (HddsDatanodeService.java:stop(451)) - Stopped plug-in org.apache.hadoop.ozone.web.OzoneHddsDatanodeService@3711c71c
2019-09-19 08:58:33,228 [main] INFO  datanode.ObjectStoreHandler (ObjectStoreHandler.java:close(155)) - Closing ObjectStoreHandler.
2019-09-19 08:58:33,228 [main] INFO  ozone.HddsDatanodeService (HddsDatanodeService.java:stop(451)) - Stopped plug-in org.apache.hadoop.ozone.web.OzoneHddsDatanodeService@184751f3
2019-09-19 08:58:33,238 | INFO  | SCMAudit | user=jenkins1000 | ip=192.168.34.5 | op=SEND_HEARTBEAT {datanodeUUID=83e73c89-42e6-44c0-9fcf-5542ff22b34f, command=[]} | ret=SUCCESS |  
2019-09-19 08:58:33,261 | INFO  | SCMAudit | user=jenkins1000 | ip=192.168.34.5 | op=SEND_HEARTBEAT {datanodeUUID=8a96a672-7e2f-4b1c-ac1e-ddd5d18a6d5d, command=[]} | ret=SUCCESS |  
2019-09-19 08:58:33,338 | INFO  | SCMAudit | user=jenkins1000 | ip=192.168.34.5 | op=SEND_HEARTBEAT {datanodeUUID=59afcdb3-7cd7-47ef-abfa-eabf405042f7, command=[]} | ret=SUCCESS |  
2019-09-19 08:58:33,451 | INFO  | SCMAudit | user=jenkins1000 | ip=192.168.34.5 | op=SEND_HEARTBEAT {datanodeUUID=1ad3fd21-b666-4d4e-8138-b5cd04f973fd, command=[]} | ret=SUCCESS |  
2019-09-19 08:58:33,557 | INFO  | SCMAudit | user=jenkins1000 | ip=192.168.34.5 | op=SEND_HEARTBEAT {datanodeUUID=356a349a-c9c9-49f9-a5b1-196804736fbc, command=[]} | ret=SUCCESS |  
2019-09-19 08:58:33,830 [Datanode State Machine Thread - 0] INFO  statemachine.DatanodeStateMachine (DatanodeStateMachine.java:lambda$startDaemon$0(350)) - Ozone container server started.
2019-09-19 08:58:34,034 | INFO  | SCMAudit | user=jenkins1000 | ip=192.168.34.5 | op=SEND_HEARTBEAT {datanodeUUID=a01737f6-7857-4616-835e-b1ff05ecf78f, command=[]} | ret=SUCCESS |  
2019-09-19 08:58:34,117 [Datanode State Machine Thread - 0] INFO  statemachine.DatanodeStateMachine (DatanodeStateMachine.java:lambda$startDaemon$0(350)) - Ozone container server started.
2019-09-19 08:58:34,239 | INFO  | SCMAudit | user=jenkins1000 | ip=192.168.34.5 | op=SEND_HEARTBEAT {datanodeUUID=83e73c89-42e6-44c0-9fcf-5542ff22b34f, command=[]} | ret=SUCCESS |  
2019-09-19 08:58:34,262 | INFO  | SCMAudit | user=jenkins1000 | ip=192.168.34.5 | op=SEND_HEARTBEAT {datanodeUUID=8a96a672-7e2f-4b1c-ac1e-ddd5d18a6d5d, command=[]} | ret=SUCCESS |  
2019-09-19 08:58:34,338 | INFO  | SCMAudit | user=jenkins1000 | ip=192.168.34.5 | op=SEND_HEARTBEAT {datanodeUUID=59afcdb3-7cd7-47ef-abfa-eabf405042f7, command=[]} | ret=SUCCESS |  
2019-09-19 08:58:34,451 | INFO  | SCMAudit | user=jenkins1000 | ip=192.168.34.5 | op=SEND_HEARTBEAT {datanodeUUID=1ad3fd21-b666-4d4e-8138-b5cd04f973fd, command=[]} | ret=SUCCESS |  
2019-09-19 08:58:34,554 | INFO  | SCMAudit | user=jenkins1000 | ip=192.168.34.5 | op=SEND_HEARTBEAT {datanodeUUID=356a349a-c9c9-49f9-a5b1-196804736fbc, command=[]} | ret=SUCCESS |  
2019-09-19 08:58:35,033 | INFO  | SCMAudit | user=jenkins1000 | ip=192.168.34.5 | op=SEND_HEARTBEAT {datanodeUUID=a01737f6-7857-4616-835e-b1ff05ecf78f, command=[]} | ret=SUCCESS |  
2019-09-19 08:58:35,239 | INFO  | SCMAudit | user=jenkins1000 | ip=192.168.34.5 | op=SEND_HEARTBEAT {datanodeUUID=83e73c89-42e6-44c0-9fcf-5542ff22b34f, command=[]} | ret=SUCCESS |  
2019-09-19 08:58:35,262 | INFO  | SCMAudit | user=jenkins1000 | ip=192.168.34.5 | op=SEND_HEARTBEAT {datanodeUUID=8a96a672-7e2f-4b1c-ac1e-ddd5d18a6d5d, command=[]} | ret=SUCCESS |  
2019-09-19 08:58:35,339 | INFO  | SCMAudit | user=jenkins1000 | ip=192.168.34.5 | op=SEND_HEARTBEAT {datanodeUUID=59afcdb3-7cd7-47ef-abfa-eabf405042f7, command=[]} | ret=SUCCESS |  
2019-09-19 08:58:35,452 | INFO  | SCMAudit | user=jenkins1000 | ip=192.168.34.5 | op=SEND_HEARTBEAT {datanodeUUID=1ad3fd21-b666-4d4e-8138-b5cd04f973fd, command=[]} | ret=SUCCESS |  
2019-09-19 08:58:35,554 | INFO  | SCMAudit | user=jenkins1000 | ip=192.168.34.5 | op=SEND_HEARTBEAT {datanodeUUID=356a349a-c9c9-49f9-a5b1-196804736fbc, command=[]} | ret=SUCCESS |  
2019-09-19 08:58:36,034 | INFO  | SCMAudit | user=jenkins1000 | ip=192.168.34.5 | op=SEND_HEARTBEAT {datanodeUUID=a01737f6-7857-4616-835e-b1ff05ecf78f, command=[]} | ret=SUCCESS |  
2019-09-19 08:58:36,239 | INFO  | SCMAudit | user=jenkins1000 | ip=192.168.34.5 | op=SEND_HEARTBEAT {datanodeUUID=83e73c89-42e6-44c0-9fcf-5542ff22b34f, command=[]} | ret=SUCCESS |  
2019-09-19 08:58:36,262 | INFO  | SCMAudit | user=jenkins1000 | ip=192.168.34.5 | op=SEND_HEARTBEAT {datanodeUUID=8a96a672-7e2f-4b1c-ac1e-ddd5d18a6d5d, command=[]} | ret=SUCCESS |  
2019-09-19 08:58:36,338 | INFO  | SCMAudit | user=jenkins1000 | ip=192.168.34.5 | op=SEND_HEARTBEAT {datanodeUUID=59afcdb3-7cd7-47ef-abfa-eabf405042f7, command=[]} | ret=SUCCESS |  
2019-09-19 08:58:36,452 | INFO  | SCMAudit | user=jenkins1000 | ip=192.168.34.5 | op=SEND_HEARTBEAT {datanodeUUID=1ad3fd21-b666-4d4e-8138-b5cd04f973fd, command=[]} | ret=SUCCESS |  
2019-09-19 08:58:36,555 | INFO  | SCMAudit | user=jenkins1000 | ip=192.168.34.5 | op=SEND_HEARTBEAT {datanodeUUID=356a349a-c9c9-49f9-a5b1-196804736fbc, command=[]} | ret=SUCCESS |  
2019-09-19 08:58:37,034 | INFO  | SCMAudit | user=jenkins1000 | ip=192.168.34.5 | op=SEND_HEARTBEAT {datanodeUUID=a01737f6-7857-4616-835e-b1ff05ecf78f, command=[]} | ret=SUCCESS |  
2019-09-19 08:58:37,239 | INFO  | SCMAudit | user=jenkins1000 | ip=192.168.34.5 | op=SEND_HEARTBEAT {datanodeUUID=83e73c89-42e6-44c0-9fcf-5542ff22b34f, command=[]} | ret=SUCCESS |  
2019-09-19 08:58:37,262 | INFO  | SCMAudit | user=jenkins1000 | ip=192.168.34.5 | op=SEND_HEARTBEAT {datanodeUUID=8a96a672-7e2f-4b1c-ac1e-ddd5d18a6d5d, command=[]} | ret=SUCCESS |  
2019-09-19 08:58:37,340 | INFO  | SCMAudit | user=jenkins1000 | ip=192.168.34.5 | op=SEND_HEARTBEAT {datanodeUUID=59afcdb3-7cd7-47ef-abfa-eabf405042f7, command=[]} | ret=SUCCESS |  
2019-09-19 08:58:37,452 | INFO  | SCMAudit | user=jenkins1000 | ip=192.168.34.5 | op=SEND_HEARTBEAT {datanodeUUID=1ad3fd21-b666-4d4e-8138-b5cd04f973fd, command=[]} | ret=SUCCESS |  
2019-09-19 08:58:37,555 | INFO  | SCMAudit | user=jenkins1000 | ip=192.168.34.5 | op=SEND_HEARTBEAT {datanodeUUID=356a349a-c9c9-49f9-a5b1-196804736fbc, command=[]} | ret=SUCCESS |  
2019-09-19 08:58:38,034 | INFO  | SCMAudit | user=jenkins1000 | ip=192.168.34.5 | op=SEND_HEARTBEAT {datanodeUUID=a01737f6-7857-4616-835e-b1ff05ecf78f, command=[]} | ret=SUCCESS |  
2019-09-19 08:58:38,228 [ForkJoinPool.commonPool-worker-1] INFO  ozoneimpl.OzoneContainer (OzoneContainer.java:stop(199)) - Attempting to stop container services.
2019-09-19 08:58:38,229 [ForkJoinPool.commonPool-worker-1] INFO  impl.RaftServerProxy (RaftServerProxy.java:lambda$close$4(314)) - 5655ea38-4aa2-40a6-aaa3-4d444347e46a: close
2019-09-19 08:58:38,229 [main] INFO  ozoneimpl.OzoneContainer (OzoneContainer.java:stop(199)) - Attempting to stop container services.
2019-09-19 08:58:38,229 [ForkJoinPool.commonPool-worker-1] INFO  impl.RaftServerImpl (RaftServerImpl.java:lambda$shutdown$3(245)) - 5655ea38-4aa2-40a6-aaa3-4d444347e46a: shutdown group-B48B81943ECE
2019-09-19 08:58:38,230 [main] INFO  impl.RaftServerProxy (RaftServerProxy.java:lambda$close$4(314)) - 275daa4b-3482-4b8e-b64e-92089e0536ae: close
2019-09-19 08:58:38,230 [ForkJoinPool.commonPool-worker-1] INFO  util.JmxRegister (JmxRegister.java:unregister(73)) - Successfully un-registered JMX Bean with object name Ratis:service=RaftServer,group=group-B48B81943ECE,id=5655ea38-4aa2-40a6-aaa3-4d444347e46a
2019-09-19 08:58:38,231 [main] INFO  impl.RaftServerImpl (RaftServerImpl.java:lambda$shutdown$3(245)) - 275daa4b-3482-4b8e-b64e-92089e0536ae: shutdown group-9D7CA57F9412
2019-09-19 08:58:38,231 [ForkJoinPool.commonPool-worker-1] INFO  impl.RoleInfo (RoleInfo.java:shutdownLeaderState(104)) - 5655ea38-4aa2-40a6-aaa3-4d444347e46a: shutdown LeaderState
2019-09-19 08:58:38,231 [main] INFO  util.JmxRegister (JmxRegister.java:unregister(73)) - Successfully un-registered JMX Bean with object name Ratis:service=RaftServer,group=group-9D7CA57F9412,id=275daa4b-3482-4b8e-b64e-92089e0536ae
2019-09-19 08:58:38,232 [ForkJoinPool.commonPool-worker-1] INFO  impl.PendingRequests (PendingRequests.java:sendNotLeaderResponses(202)) - 5655ea38-4aa2-40a6-aaa3-4d444347e46a-PendingRequests: sendNotLeaderResponses
2019-09-19 08:58:38,232 [main] INFO  impl.RoleInfo (RoleInfo.java:shutdownLeaderState(104)) - 275daa4b-3482-4b8e-b64e-92089e0536ae: shutdown LeaderState
2019-09-19 08:58:38,232 [ForkJoinPool.commonPool-worker-1] INFO  impl.StateMachineUpdater (StateMachineUpdater.java:stopAndJoin(115)) - StateMachineUpdater:5655ea38-4aa2-40a6-aaa3-4d444347e46a:group-B48B81943ECE: set stopIndex = 0
2019-09-19 08:58:38,233 [main] INFO  impl.PendingRequests (PendingRequests.java:sendNotLeaderResponses(202)) - 275daa4b-3482-4b8e-b64e-92089e0536ae-PendingRequests: sendNotLeaderResponses
2019-09-19 08:58:38,233 [ForkJoinPool.commonPool-worker-1] INFO  impl.RaftServerImpl (ServerState.java:close(394)) - 5655ea38-4aa2-40a6-aaa3-4d444347e46a:group-B48B81943ECE closes. The last applied log index is 0
2019-09-19 08:58:38,233 [main] INFO  impl.StateMachineUpdater (StateMachineUpdater.java:stopAndJoin(115)) - StateMachineUpdater:275daa4b-3482-4b8e-b64e-92089e0536ae:group-9D7CA57F9412: set stopIndex = 0
2019-09-19 08:58:38,234 [5655ea38-4aa2-40a6-aaa3-4d444347e46a-SegmentedRaftLogWorker:Storage Directory /workdir/hadoop-ozone/integration-test/target/test-dir/MiniOzoneClusterImpl-072ceacc-f14a-494c-b049-5b6ad59b8d93/datanode-3/data/ratis/67695fd1-4074-490e-8664-b48b81943ece] INFO  segmented.SegmentedRaftLogWorker (SegmentedRaftLogWorker.java:run(313)) - 5655ea38-4aa2-40a6-aaa3-4d444347e46a-SegmentedRaftLogWorker:Storage Directory /workdir/hadoop-ozone/integration-test/target/test-dir/MiniOzoneClusterImpl-072ceacc-f14a-494c-b049-5b6ad59b8d93/datanode-3/data/ratis/67695fd1-4074-490e-8664-b48b81943ece was interrupted, exiting. There are 0 tasks remaining in the queue.
2019-09-19 08:58:38,234 [main] INFO  impl.RaftServerImpl (ServerState.java:close(394)) - 275daa4b-3482-4b8e-b64e-92089e0536ae:group-9D7CA57F9412 closes. The last applied log index is 0
2019-09-19 08:58:38,235 [ForkJoinPool.commonPool-worker-1] INFO  segmented.SegmentedRaftLogWorker (SegmentedRaftLogWorker.java:close(228)) - 5655ea38-4aa2-40a6-aaa3-4d444347e46a-SegmentedRaftLogWorker:Storage Directory /workdir/hadoop-ozone/integration-test/target/test-dir/MiniOzoneClusterImpl-072ceacc-f14a-494c-b049-5b6ad59b8d93/datanode-3/data/ratis/67695fd1-4074-490e-8664-b48b81943ece close()
2019-09-19 08:58:38,235 [275daa4b-3482-4b8e-b64e-92089e0536ae-SegmentedRaftLogWorker:Storage Directory /workdir/hadoop-ozone/integration-test/target/test-dir/MiniOzoneClusterImpl-072ceacc-f14a-494c-b049-5b6ad59b8d93/datanode-6/data/ratis/c7959a64-8114-474a-a0fa-9d7ca57f9412] INFO  segmented.SegmentedRaftLogWorker (SegmentedRaftLogWorker.java:run(313)) - 275daa4b-3482-4b8e-b64e-92089e0536ae-SegmentedRaftLogWorker:Storage Directory /workdir/hadoop-ozone/integration-test/target/test-dir/MiniOzoneClusterImpl-072ceacc-f14a-494c-b049-5b6ad59b8d93/datanode-6/data/ratis/c7959a64-8114-474a-a0fa-9d7ca57f9412 was interrupted, exiting. There are 0 tasks remaining in the queue.
2019-09-19 08:58:38,239 [ForkJoinPool.commonPool-worker-1] INFO  impl.RaftServerImpl (RaftServerImpl.java:lambda$shutdown$3(245)) - 5655ea38-4aa2-40a6-aaa3-4d444347e46a: shutdown group-5A7A6D5CC341
2019-09-19 08:58:38,239 [main] INFO  segmented.SegmentedRaftLogWorker (SegmentedRaftLogWorker.java:close(228)) - 275daa4b-3482-4b8e-b64e-92089e0536ae-SegmentedRaftLogWorker:Storage Directory /workdir/hadoop-ozone/integration-test/target/test-dir/MiniOzoneClusterImpl-072ceacc-f14a-494c-b049-5b6ad59b8d93/datanode-6/data/ratis/c7959a64-8114-474a-a0fa-9d7ca57f9412 close()
2019-09-19 08:58:38,242 | INFO  | SCMAudit | user=jenkins1000 | ip=192.168.34.5 | op=SEND_HEARTBEAT {datanodeUUID=83e73c89-42e6-44c0-9fcf-5542ff22b34f, command=[]} | ret=SUCCESS |  
2019-09-19 08:58:38,239 [ForkJoinPool.commonPool-worker-1] INFO  util.JmxRegister (JmxRegister.java:unregister(73)) - Successfully un-registered JMX Bean with object name Ratis:service=RaftServer,group=group-5A7A6D5CC341,id=5655ea38-4aa2-40a6-aaa3-4d444347e46a
2019-09-19 08:58:38,242 [main] INFO  impl.RaftServerImpl (RaftServerImpl.java:lambda$shutdown$3(245)) - 275daa4b-3482-4b8e-b64e-92089e0536ae: shutdown group-170CD669851F
2019-09-19 08:58:38,242 [ForkJoinPool.commonPool-worker-1] INFO  impl.RoleInfo (RoleInfo.java:shutdownLeaderState(104)) - 5655ea38-4aa2-40a6-aaa3-4d444347e46a: shutdown LeaderState
2019-09-19 08:58:38,243 [main] INFO  util.JmxRegister (JmxRegister.java:unregister(73)) - Successfully un-registered JMX Bean with object name Ratis:service=RaftServer,group=group-170CD669851F,id=275daa4b-3482-4b8e-b64e-92089e0536ae
2019-09-19 08:58:38,243 [main] INFO  impl.RoleInfo (RoleInfo.java:shutdownLeaderState(104)) - 275daa4b-3482-4b8e-b64e-92089e0536ae: shutdown LeaderState
2019-09-19 08:58:38,243 [ForkJoinPool.commonPool-worker-1] INFO  impl.PendingRequests (PendingRequests.java:sendNotLeaderResponses(202)) - 5655ea38-4aa2-40a6-aaa3-4d444347e46a-PendingRequests: sendNotLeaderResponses
2019-09-19 08:58:38,244 [main] INFO  impl.PendingRequests (PendingRequests.java:sendNotLeaderResponses(202)) - 275daa4b-3482-4b8e-b64e-92089e0536ae-PendingRequests: sendNotLeaderResponses
2019-09-19 08:58:38,244 [ForkJoinPool.commonPool-worker-1] INFO  impl.StateMachineUpdater (StateMachineUpdater.java:stopAndJoin(115)) - StateMachineUpdater:5655ea38-4aa2-40a6-aaa3-4d444347e46a:group-5A7A6D5CC341: set stopIndex = 0
2019-09-19 08:58:38,245 [main] INFO  impl.StateMachineUpdater (StateMachineUpdater.java:stopAndJoin(115)) - StateMachineUpdater:275daa4b-3482-4b8e-b64e-92089e0536ae:group-170CD669851F: set stopIndex = 0
2019-09-19 08:58:38,245 [ForkJoinPool.commonPool-worker-1] INFO  impl.RaftServerImpl (ServerState.java:close(394)) - 5655ea38-4aa2-40a6-aaa3-4d444347e46a:group-5A7A6D5CC341 closes. The last applied log index is 0
2019-09-19 08:58:38,245 [main] INFO  impl.RaftServerImpl (ServerState.java:close(394)) - 275daa4b-3482-4b8e-b64e-92089e0536ae:group-170CD669851F closes. The last applied log index is 0
2019-09-19 08:58:38,246 [5655ea38-4aa2-40a6-aaa3-4d444347e46a-SegmentedRaftLogWorker:Storage Directory /workdir/hadoop-ozone/integration-test/target/test-dir/MiniOzoneClusterImpl-072ceacc-f14a-494c-b049-5b6ad59b8d93/datanode-3/data/ratis/642838ce-cd62-40a6-ab85-5a7a6d5cc341] INFO  segmented.SegmentedRaftLogWorker (SegmentedRaftLogWorker.java:run(313)) - 5655ea38-4aa2-40a6-aaa3-4d444347e46a-SegmentedRaftLogWorker:Storage Directory /workdir/hadoop-ozone/integration-test/target/test-dir/MiniOzoneClusterImpl-072ceacc-f14a-494c-b049-5b6ad59b8d93/datanode-3/data/ratis/642838ce-cd62-40a6-ab85-5a7a6d5cc341 was interrupted, exiting. There are 0 tasks remaining in the queue.
2019-09-19 08:58:38,246 [275daa4b-3482-4b8e-b64e-92089e0536ae-SegmentedRaftLogWorker:Storage Directory /workdir/hadoop-ozone/integration-test/target/test-dir/MiniOzoneClusterImpl-072ceacc-f14a-494c-b049-5b6ad59b8d93/datanode-6/data/ratis/0577ada2-10f5-4ddf-a2e4-170cd669851f] INFO  segmented.SegmentedRaftLogWorker (SegmentedRaftLogWorker.java:run(313)) - 275daa4b-3482-4b8e-b64e-92089e0536ae-SegmentedRaftLogWorker:Storage Directory /workdir/hadoop-ozone/integration-test/target/test-dir/MiniOzoneClusterImpl-072ceacc-f14a-494c-b049-5b6ad59b8d93/datanode-6/data/ratis/0577ada2-10f5-4ddf-a2e4-170cd669851f was interrupted, exiting. There are 0 tasks remaining in the queue.
2019-09-19 08:58:38,246 [ForkJoinPool.commonPool-worker-1] INFO  segmented.SegmentedRaftLogWorker (SegmentedRaftLogWorker.java:close(228)) - 5655ea38-4aa2-40a6-aaa3-4d444347e46a-SegmentedRaftLogWorker:Storage Directory /workdir/hadoop-ozone/integration-test/target/test-dir/MiniOzoneClusterImpl-072ceacc-f14a-494c-b049-5b6ad59b8d93/datanode-3/data/ratis/642838ce-cd62-40a6-ab85-5a7a6d5cc341 close()
2019-09-19 08:58:38,246 [main] INFO  segmented.SegmentedRaftLogWorker (SegmentedRaftLogWorker.java:close(228)) - 275daa4b-3482-4b8e-b64e-92089e0536ae-SegmentedRaftLogWorker:Storage Directory /workdir/hadoop-ozone/integration-test/target/test-dir/MiniOzoneClusterImpl-072ceacc-f14a-494c-b049-5b6ad59b8d93/datanode-6/data/ratis/0577ada2-10f5-4ddf-a2e4-170cd669851f close()
2019-09-19 08:58:38,249 [ForkJoinPool.commonPool-worker-1] INFO  impl.RaftServerImpl (RaftServerImpl.java:lambda$shutdown$3(245)) - 5655ea38-4aa2-40a6-aaa3-4d444347e46a: shutdown group-7FF5B282EF7F
2019-09-19 08:58:38,251 [main] INFO  impl.RaftServerImpl (RaftServerImpl.java:lambda$shutdown$3(245)) - 275daa4b-3482-4b8e-b64e-92089e0536ae: shutdown group-F0940BC13354
2019-09-19 08:58:38,251 [ForkJoinPool.commonPool-worker-1] INFO  util.JmxRegister (JmxRegister.java:unregister(73)) - Successfully un-registered JMX Bean with object name Ratis:service=RaftServer,group=group-7FF5B282EF7F,id=5655ea38-4aa2-40a6-aaa3-4d444347e46a
2019-09-19 08:58:38,252 [main] INFO  util.JmxRegister (JmxRegister.java:unregister(73)) - Successfully un-registered JMX Bean with object name Ratis:service=RaftServer,group=group-F0940BC13354,id=275daa4b-3482-4b8e-b64e-92089e0536ae
2019-09-19 08:58:38,252 [main] INFO  impl.RoleInfo (RoleInfo.java:shutdownLeaderState(104)) - 275daa4b-3482-4b8e-b64e-92089e0536ae: shutdown LeaderState
2019-09-19 08:58:38,252 [ForkJoinPool.commonPool-worker-1] INFO  impl.RoleInfo (RoleInfo.java:shutdownLeaderState(104)) - 5655ea38-4aa2-40a6-aaa3-4d444347e46a: shutdown LeaderState
2019-09-19 08:58:38,253 [main] INFO  impl.PendingRequests (PendingRequests.java:sendNotLeaderResponses(202)) - 275daa4b-3482-4b8e-b64e-92089e0536ae-PendingRequests: sendNotLeaderResponses
2019-09-19 08:58:38,253 [ForkJoinPool.commonPool-worker-1] INFO  impl.PendingRequests (PendingRequests.java:sendNotLeaderResponses(202)) - 5655ea38-4aa2-40a6-aaa3-4d444347e46a-PendingRequests: sendNotLeaderResponses
2019-09-19 08:58:38,254 [main] INFO  impl.StateMachineUpdater (StateMachineUpdater.java:stopAndJoin(115)) - StateMachineUpdater:275daa4b-3482-4b8e-b64e-92089e0536ae:group-F0940BC13354: set stopIndex = 0
2019-09-19 08:58:38,254 [ForkJoinPool.commonPool-worker-1] INFO  impl.StateMachineUpdater (StateMachineUpdater.java:stopAndJoin(115)) - StateMachineUpdater:5655ea38-4aa2-40a6-aaa3-4d444347e46a:group-7FF5B282EF7F: set stopIndex = 0
2019-09-19 08:58:38,254 [main] INFO  impl.RaftServerImpl (ServerState.java:close(394)) - 275daa4b-3482-4b8e-b64e-92089e0536ae:group-F0940BC13354 closes. The last applied log index is 0
2019-09-19 08:58:38,255 [ForkJoinPool.commonPool-worker-1] INFO  impl.RaftServerImpl (ServerState.java:close(394)) - 5655ea38-4aa2-40a6-aaa3-4d444347e46a:group-7FF5B282EF7F closes. The last applied log index is 0
2019-09-19 08:58:38,255 [275daa4b-3482-4b8e-b64e-92089e0536ae-SegmentedRaftLogWorker:Storage Directory /workdir/hadoop-ozone/integration-test/target/test-dir/MiniOzoneClusterImpl-072ceacc-f14a-494c-b049-5b6ad59b8d93/datanode-6/data/ratis/becc3d35-9251-4f8e-a115-f0940bc13354] INFO  segmented.SegmentedRaftLogWorker (SegmentedRaftLogWorker.java:run(313)) - 275daa4b-3482-4b8e-b64e-92089e0536ae-SegmentedRaftLogWorker:Storage Directory /workdir/hadoop-ozone/integration-test/target/test-dir/MiniOzoneClusterImpl-072ceacc-f14a-494c-b049-5b6ad59b8d93/datanode-6/data/ratis/becc3d35-9251-4f8e-a115-f0940bc13354 was interrupted, exiting. There are 0 tasks remaining in the queue.
2019-09-19 08:58:38,255 [5655ea38-4aa2-40a6-aaa3-4d444347e46a-SegmentedRaftLogWorker:Storage Directory /workdir/hadoop-ozone/integration-test/target/test-dir/MiniOzoneClusterImpl-072ceacc-f14a-494c-b049-5b6ad59b8d93/datanode-3/data/ratis/cd486884-5126-45b5-a03f-7ff5b282ef7f] INFO  segmented.SegmentedRaftLogWorker (SegmentedRaftLogWorker.java:run(313)) - 5655ea38-4aa2-40a6-aaa3-4d444347e46a-SegmentedRaftLogWorker:Storage Directory /workdir/hadoop-ozone/integration-test/target/test-dir/MiniOzoneClusterImpl-072ceacc-f14a-494c-b049-5b6ad59b8d93/datanode-3/data/ratis/cd486884-5126-45b5-a03f-7ff5b282ef7f was interrupted, exiting. There are 0 tasks remaining in the queue.
2019-09-19 08:58:38,255 [main] INFO  segmented.SegmentedRaftLogWorker (SegmentedRaftLogWorker.java:close(228)) - 275daa4b-3482-4b8e-b64e-92089e0536ae-SegmentedRaftLogWorker:Storage Directory /workdir/hadoop-ozone/integration-test/target/test-dir/MiniOzoneClusterImpl-072ceacc-f14a-494c-b049-5b6ad59b8d93/datanode-6/data/ratis/becc3d35-9251-4f8e-a115-f0940bc13354 close()
2019-09-19 08:58:38,256 [ForkJoinPool.commonPool-worker-1] INFO  segmented.SegmentedRaftLogWorker (SegmentedRaftLogWorker.java:close(228)) - 5655ea38-4aa2-40a6-aaa3-4d444347e46a-SegmentedRaftLogWorker:Storage Directory /workdir/hadoop-ozone/integration-test/target/test-dir/MiniOzoneClusterImpl-072ceacc-f14a-494c-b049-5b6ad59b8d93/datanode-3/data/ratis/cd486884-5126-45b5-a03f-7ff5b282ef7f close()
2019-09-19 08:58:38,258 [main] INFO  impl.RaftServerImpl (RaftServerImpl.java:lambda$shutdown$3(245)) - 275daa4b-3482-4b8e-b64e-92089e0536ae: shutdown group-0AE116658A13
2019-09-19 08:58:38,260 [ForkJoinPool.commonPool-worker-1] INFO  impl.RaftServerImpl (RaftServerImpl.java:lambda$shutdown$3(245)) - 5655ea38-4aa2-40a6-aaa3-4d444347e46a: shutdown group-390487BF82D5
2019-09-19 08:58:38,260 [main] INFO  util.JmxRegister (JmxRegister.java:unregister(73)) - Successfully un-registered JMX Bean with object name Ratis:service=RaftServer,group=group-0AE116658A13,id=275daa4b-3482-4b8e-b64e-92089e0536ae
2019-09-19 08:58:38,261 [ForkJoinPool.commonPool-worker-1] INFO  util.JmxRegister (JmxRegister.java:unregister(73)) - Successfully un-registered JMX Bean with object name Ratis:service=RaftServer,group=group-390487BF82D5,id=5655ea38-4aa2-40a6-aaa3-4d444347e46a
2019-09-19 08:58:38,262 | INFO  | SCMAudit | user=jenkins1000 | ip=192.168.34.5 | op=SEND_HEARTBEAT {datanodeUUID=8a96a672-7e2f-4b1c-ac1e-ddd5d18a6d5d, command=[]} | ret=SUCCESS |  
2019-09-19 08:58:38,261 [main] INFO  impl.RoleInfo (RoleInfo.java:shutdownLeaderState(104)) - 275daa4b-3482-4b8e-b64e-92089e0536ae: shutdown LeaderState
2019-09-19 08:58:38,261 [ForkJoinPool.commonPool-worker-1] INFO  impl.RoleInfo (RoleInfo.java:shutdownLeaderState(104)) - 5655ea38-4aa2-40a6-aaa3-4d444347e46a: shutdown LeaderState
2019-09-19 08:58:38,262 [main] INFO  impl.PendingRequests (PendingRequests.java:sendNotLeaderResponses(202)) - 275daa4b-3482-4b8e-b64e-92089e0536ae-PendingRequests: sendNotLeaderResponses
2019-09-19 08:58:38,262 [ForkJoinPool.commonPool-worker-1] INFO  impl.PendingRequests (PendingRequests.java:sendNotLeaderResponses(202)) - 5655ea38-4aa2-40a6-aaa3-4d444347e46a-PendingRequests: sendNotLeaderResponses
2019-09-19 08:58:38,263 [main] INFO  impl.StateMachineUpdater (StateMachineUpdater.java:stopAndJoin(115)) - StateMachineUpdater:275daa4b-3482-4b8e-b64e-92089e0536ae:group-0AE116658A13: set stopIndex = 0
2019-09-19 08:58:38,263 [ForkJoinPool.commonPool-worker-1] INFO  impl.StateMachineUpdater (StateMachineUpdater.java:stopAndJoin(115)) - StateMachineUpdater:5655ea38-4aa2-40a6-aaa3-4d444347e46a:group-390487BF82D5: set stopIndex = 0
2019-09-19 08:58:38,263 [main] INFO  impl.RaftServerImpl (ServerState.java:close(394)) - 275daa4b-3482-4b8e-b64e-92089e0536ae:group-0AE116658A13 closes. The last applied log index is 0
2019-09-19 08:58:38,264 [ForkJoinPool.commonPool-worker-1] INFO  impl.RaftServerImpl (ServerState.java:close(394)) - 5655ea38-4aa2-40a6-aaa3-4d444347e46a:group-390487BF82D5 closes. The last applied log index is 0
2019-09-19 08:58:38,264 [275daa4b-3482-4b8e-b64e-92089e0536ae-SegmentedRaftLogWorker:Storage Directory /workdir/hadoop-ozone/integration-test/target/test-dir/MiniOzoneClusterImpl-072ceacc-f14a-494c-b049-5b6ad59b8d93/datanode-6/data/ratis/582e9f58-defa-415a-86ab-0ae116658a13] INFO  segmented.SegmentedRaftLogWorker (SegmentedRaftLogWorker.java:run(313)) - 275daa4b-3482-4b8e-b64e-92089e0536ae-SegmentedRaftLogWorker:Storage Directory /workdir/hadoop-ozone/integration-test/target/test-dir/MiniOzoneClusterImpl-072ceacc-f14a-494c-b049-5b6ad59b8d93/datanode-6/data/ratis/582e9f58-defa-415a-86ab-0ae116658a13 was interrupted, exiting. There are 0 tasks remaining in the queue.
2019-09-19 08:58:38,264 [5655ea38-4aa2-40a6-aaa3-4d444347e46a-SegmentedRaftLogWorker:Storage Directory /workdir/hadoop-ozone/integration-test/target/test-dir/MiniOzoneClusterImpl-072ceacc-f14a-494c-b049-5b6ad59b8d93/datanode-3/data/ratis/8a3fa4d1-9b84-42f2-84aa-390487bf82d5] INFO  segmented.SegmentedRaftLogWorker (SegmentedRaftLogWorker.java:run(313)) - 5655ea38-4aa2-40a6-aaa3-4d444347e46a-SegmentedRaftLogWorker:Storage Directory /workdir/hadoop-ozone/integration-test/target/test-dir/MiniOzoneClusterImpl-072ceacc-f14a-494c-b049-5b6ad59b8d93/datanode-3/data/ratis/8a3fa4d1-9b84-42f2-84aa-390487bf82d5 was interrupted, exiting. There are 0 tasks remaining in the queue.
2019-09-19 08:58:38,265 [main] INFO  segmented.SegmentedRaftLogWorker (SegmentedRaftLogWorker.java:close(228)) - 275daa4b-3482-4b8e-b64e-92089e0536ae-SegmentedRaftLogWorker:Storage Directory /workdir/hadoop-ozone/integration-test/target/test-dir/MiniOzoneClusterImpl-072ceacc-f14a-494c-b049-5b6ad59b8d93/datanode-6/data/ratis/582e9f58-defa-415a-86ab-0ae116658a13 close()
2019-09-19 08:58:38,265 [ForkJoinPool.commonPool-worker-1] INFO  segmented.SegmentedRaftLogWorker (SegmentedRaftLogWorker.java:close(228)) - 5655ea38-4aa2-40a6-aaa3-4d444347e46a-SegmentedRaftLogWorker:Storage Directory /workdir/hadoop-ozone/integration-test/target/test-dir/MiniOzoneClusterImpl-072ceacc-f14a-494c-b049-5b6ad59b8d93/datanode-3/data/ratis/8a3fa4d1-9b84-42f2-84aa-390487bf82d5 close()
2019-09-19 08:58:38,267 [main] INFO  impl.RaftServerImpl (RaftServerImpl.java:lambda$shutdown$3(245)) - 275daa4b-3482-4b8e-b64e-92089e0536ae: shutdown group-3B57F23FDB09
2019-09-19 08:58:38,282 [ForkJoinPool.commonPool-worker-1] INFO  impl.RaftServerImpl (RaftServerImpl.java:lambda$shutdown$3(245)) - 5655ea38-4aa2-40a6-aaa3-4d444347e46a: shutdown group-43EDCDB84C5D
2019-09-19 08:58:38,283 [main] INFO  util.JmxRegister (JmxRegister.java:unregister(73)) - Successfully un-registered JMX Bean with object name Ratis:service=RaftServer,group=group-3B57F23FDB09,id=275daa4b-3482-4b8e-b64e-92089e0536ae
2019-09-19 08:58:38,283 [ForkJoinPool.commonPool-worker-1] INFO  util.JmxRegister (JmxRegister.java:unregister(73)) - Successfully un-registered JMX Bean with object name Ratis:service=RaftServer,group=group-43EDCDB84C5D,id=5655ea38-4aa2-40a6-aaa3-4d444347e46a
2019-09-19 08:58:38,283 [main] INFO  impl.RoleInfo (RoleInfo.java:shutdownLeaderState(104)) - 275daa4b-3482-4b8e-b64e-92089e0536ae: shutdown LeaderState
2019-09-19 08:58:38,283 [ForkJoinPool.commonPool-worker-1] INFO  impl.RoleInfo (RoleInfo.java:shutdownLeaderState(104)) - 5655ea38-4aa2-40a6-aaa3-4d444347e46a: shutdown LeaderState
2019-09-19 08:58:38,284 [main] INFO  impl.PendingRequests (PendingRequests.java:sendNotLeaderResponses(202)) - 275daa4b-3482-4b8e-b64e-92089e0536ae-PendingRequests: sendNotLeaderResponses
2019-09-19 08:58:38,284 [ForkJoinPool.commonPool-worker-1] INFO  impl.PendingRequests (PendingRequests.java:sendNotLeaderResponses(202)) - 5655ea38-4aa2-40a6-aaa3-4d444347e46a-PendingRequests: sendNotLeaderResponses
2019-09-19 08:58:38,285 [main] INFO  impl.StateMachineUpdater (StateMachineUpdater.java:stopAndJoin(115)) - StateMachineUpdater:275daa4b-3482-4b8e-b64e-92089e0536ae:group-3B57F23FDB09: set stopIndex = 0
2019-09-19 08:58:38,285 [ForkJoinPool.commonPool-worker-1] INFO  impl.StateMachineUpdater (StateMachineUpdater.java:stopAndJoin(115)) - StateMachineUpdater:5655ea38-4aa2-40a6-aaa3-4d444347e46a:group-43EDCDB84C5D: set stopIndex = 0
2019-09-19 08:58:38,285 [main] INFO  impl.RaftServerImpl (ServerState.java:close(394)) - 275daa4b-3482-4b8e-b64e-92089e0536ae:group-3B57F23FDB09 closes. The last applied log index is 0
2019-09-19 08:58:38,286 [ForkJoinPool.commonPool-worker-1] INFO  impl.RaftServerImpl (ServerState.java:close(394)) - 5655ea38-4aa2-40a6-aaa3-4d444347e46a:group-43EDCDB84C5D closes. The last applied log index is 0
2019-09-19 08:58:38,286 [275daa4b-3482-4b8e-b64e-92089e0536ae-SegmentedRaftLogWorker:Storage Directory /workdir/hadoop-ozone/integration-test/target/test-dir/MiniOzoneClusterImpl-072ceacc-f14a-494c-b049-5b6ad59b8d93/datanode-6/data/ratis/4a33d301-17ac-44da-8b69-3b57f23fdb09] INFO  segmented.SegmentedRaftLogWorker (SegmentedRaftLogWorker.java:run(313)) - 275daa4b-3482-4b8e-b64e-92089e0536ae-SegmentedRaftLogWorker:Storage Directory /workdir/hadoop-ozone/integration-test/target/test-dir/MiniOzoneClusterImpl-072ceacc-f14a-494c-b049-5b6ad59b8d93/datanode-6/data/ratis/4a33d301-17ac-44da-8b69-3b57f23fdb09 was interrupted, exiting. There are 0 tasks remaining in the queue.
2019-09-19 08:58:38,286 [5655ea38-4aa2-40a6-aaa3-4d444347e46a-SegmentedRaftLogWorker:Storage Directory /workdir/hadoop-ozone/integration-test/target/test-dir/MiniOzoneClusterImpl-072ceacc-f14a-494c-b049-5b6ad59b8d93/datanode-3/data/ratis/f002742d-8a0c-420c-864a-43edcdb84c5d] INFO  segmented.SegmentedRaftLogWorker (SegmentedRaftLogWorker.java:run(313)) - 5655ea38-4aa2-40a6-aaa3-4d444347e46a-SegmentedRaftLogWorker:Storage Directory /workdir/hadoop-ozone/integration-test/target/test-dir/MiniOzoneClusterImpl-072ceacc-f14a-494c-b049-5b6ad59b8d93/datanode-3/data/ratis/f002742d-8a0c-420c-864a-43edcdb84c5d was interrupted, exiting. There are 0 tasks remaining in the queue.
2019-09-19 08:58:38,286 [main] INFO  segmented.SegmentedRaftLogWorker (SegmentedRaftLogWorker.java:close(228)) - 275daa4b-3482-4b8e-b64e-92089e0536ae-SegmentedRaftLogWorker:Storage Directory /workdir/hadoop-ozone/integration-test/target/test-dir/MiniOzoneClusterImpl-072ceacc-f14a-494c-b049-5b6ad59b8d93/datanode-6/data/ratis/4a33d301-17ac-44da-8b69-3b57f23fdb09 close()
2019-09-19 08:58:38,287 [ForkJoinPool.commonPool-worker-1] INFO  segmented.SegmentedRaftLogWorker (SegmentedRaftLogWorker.java:close(228)) - 5655ea38-4aa2-40a6-aaa3-4d444347e46a-SegmentedRaftLogWorker:Storage Directory /workdir/hadoop-ozone/integration-test/target/test-dir/MiniOzoneClusterImpl-072ceacc-f14a-494c-b049-5b6ad59b8d93/datanode-3/data/ratis/f002742d-8a0c-420c-864a-43edcdb84c5d close()
2019-09-19 08:58:38,287 [main] INFO  impl.RaftServerImpl (RaftServerImpl.java:lambda$shutdown$3(245)) - 275daa4b-3482-4b8e-b64e-92089e0536ae: shutdown group-B59E3EF36ED8
2019-09-19 08:58:38,287 [ForkJoinPool.commonPool-worker-1] INFO  impl.RaftServerImpl (RaftServerImpl.java:lambda$shutdown$3(245)) - 5655ea38-4aa2-40a6-aaa3-4d444347e46a: shutdown group-16347C64E8AF
2019-09-19 08:58:38,288 [main] INFO  util.JmxRegister (JmxRegister.java:unregister(73)) - Successfully un-registered JMX Bean with object name Ratis:service=RaftServer,group=group-B59E3EF36ED8,id=275daa4b-3482-4b8e-b64e-92089e0536ae
2019-09-19 08:58:38,288 [ForkJoinPool.commonPool-worker-1] INFO  util.JmxRegister (JmxRegister.java:unregister(73)) - Successfully un-registered JMX Bean with object name Ratis:service=RaftServer,group=group-16347C64E8AF,id=5655ea38-4aa2-40a6-aaa3-4d444347e46a
2019-09-19 08:58:38,288 [main] INFO  impl.RoleInfo (RoleInfo.java:shutdownLeaderState(104)) - 275daa4b-3482-4b8e-b64e-92089e0536ae: shutdown LeaderState
2019-09-19 08:58:38,288 [ForkJoinPool.commonPool-worker-1] INFO  impl.RoleInfo (RoleInfo.java:shutdownLeaderState(104)) - 5655ea38-4aa2-40a6-aaa3-4d444347e46a: shutdown LeaderState
2019-09-19 08:58:38,289 [main] INFO  impl.PendingRequests (PendingRequests.java:sendNotLeaderResponses(202)) - 275daa4b-3482-4b8e-b64e-92089e0536ae-PendingRequests: sendNotLeaderResponses
2019-09-19 08:58:38,289 [ForkJoinPool.commonPool-worker-1] INFO  impl.PendingRequests (PendingRequests.java:sendNotLeaderResponses(202)) - 5655ea38-4aa2-40a6-aaa3-4d444347e46a-PendingRequests: sendNotLeaderResponses
2019-09-19 08:58:38,289 [main] INFO  impl.StateMachineUpdater (StateMachineUpdater.java:stopAndJoin(115)) - StateMachineUpdater:275daa4b-3482-4b8e-b64e-92089e0536ae:group-B59E3EF36ED8: set stopIndex = 0
2019-09-19 08:58:38,290 [ForkJoinPool.commonPool-worker-1] INFO  impl.StateMachineUpdater (StateMachineUpdater.java:stopAndJoin(115)) - StateMachineUpdater:5655ea38-4aa2-40a6-aaa3-4d444347e46a:group-16347C64E8AF: set stopIndex = 0
2019-09-19 08:58:38,290 [main] INFO  impl.RaftServerImpl (ServerState.java:close(394)) - 275daa4b-3482-4b8e-b64e-92089e0536ae:group-B59E3EF36ED8 closes. The last applied log index is 0
2019-09-19 08:58:38,290 [ForkJoinPool.commonPool-worker-1] INFO  impl.RaftServerImpl (ServerState.java:close(394)) - 5655ea38-4aa2-40a6-aaa3-4d444347e46a:group-16347C64E8AF closes. The last applied log index is 0
2019-09-19 08:58:38,291 [275daa4b-3482-4b8e-b64e-92089e0536ae-SegmentedRaftLogWorker:Storage Directory /workdir/hadoop-ozone/integration-test/target/test-dir/MiniOzoneClusterImpl-072ceacc-f14a-494c-b049-5b6ad59b8d93/datanode-6/data/ratis/195bdac2-c348-469e-93a7-b59e3ef36ed8] INFO  segmented.SegmentedRaftLogWorker (SegmentedRaftLogWorker.java:run(313)) - 275daa4b-3482-4b8e-b64e-92089e0536ae-SegmentedRaftLogWorker:Storage Directory /workdir/hadoop-ozone/integration-test/target/test-dir/MiniOzoneClusterImpl-072ceacc-f14a-494c-b049-5b6ad59b8d93/datanode-6/data/ratis/195bdac2-c348-469e-93a7-b59e3ef36ed8 was interrupted, exiting. There are 0 tasks remaining in the queue.
2019-09-19 08:58:38,291 [5655ea38-4aa2-40a6-aaa3-4d444347e46a-SegmentedRaftLogWorker:Storage Directory /workdir/hadoop-ozone/integration-test/target/test-dir/MiniOzoneClusterImpl-072ceacc-f14a-494c-b049-5b6ad59b8d93/datanode-3/data/ratis/c38715ff-6ebc-41fd-8d89-16347c64e8af] INFO  segmented.SegmentedRaftLogWorker (SegmentedRaftLogWorker.java:run(313)) - 5655ea38-4aa2-40a6-aaa3-4d444347e46a-SegmentedRaftLogWorker:Storage Directory /workdir/hadoop-ozone/integration-test/target/test-dir/MiniOzoneClusterImpl-072ceacc-f14a-494c-b049-5b6ad59b8d93/datanode-3/data/ratis/c38715ff-6ebc-41fd-8d89-16347c64e8af was interrupted, exiting. There are 0 tasks remaining in the queue.
2019-09-19 08:58:38,291 [main] INFO  segmented.SegmentedRaftLogWorker (SegmentedRaftLogWorker.java:close(228)) - 275daa4b-3482-4b8e-b64e-92089e0536ae-SegmentedRaftLogWorker:Storage Directory /workdir/hadoop-ozone/integration-test/target/test-dir/MiniOzoneClusterImpl-072ceacc-f14a-494c-b049-5b6ad59b8d93/datanode-6/data/ratis/195bdac2-c348-469e-93a7-b59e3ef36ed8 close()
2019-09-19 08:58:38,291 [ForkJoinPool.commonPool-worker-1] INFO  segmented.SegmentedRaftLogWorker (SegmentedRaftLogWorker.java:close(228)) - 5655ea38-4aa2-40a6-aaa3-4d444347e46a-SegmentedRaftLogWorker:Storage Directory /workdir/hadoop-ozone/integration-test/target/test-dir/MiniOzoneClusterImpl-072ceacc-f14a-494c-b049-5b6ad59b8d93/datanode-3/data/ratis/c38715ff-6ebc-41fd-8d89-16347c64e8af close()
2019-09-19 08:58:38,292 [main] INFO  server.GrpcService (GrpcService.java:closeImpl(155)) - 275daa4b-3482-4b8e-b64e-92089e0536ae: shutdown server with port 37927 now
2019-09-19 08:58:38,292 [ForkJoinPool.commonPool-worker-1] INFO  server.GrpcService (GrpcService.java:closeImpl(155)) - 5655ea38-4aa2-40a6-aaa3-4d444347e46a: shutdown server with port 39771 now
2019-09-19 08:58:38,294 [main] INFO  server.GrpcService (GrpcService.java:closeImpl(163)) - 275daa4b-3482-4b8e-b64e-92089e0536ae: shutdown server with port 37927 successfully
2019-09-19 08:58:38,296 [ForkJoinPool.commonPool-worker-1] INFO  server.GrpcService (GrpcService.java:closeImpl(163)) - 5655ea38-4aa2-40a6-aaa3-4d444347e46a: shutdown server with port 39771 successfully
2019-09-19 08:58:38,298 [main] INFO  utils.BackgroundService (BackgroundService.java:shutdown(148)) - Shutting down service BlockDeletingService
2019-09-19 08:58:38,298 [ForkJoinPool.commonPool-worker-1] INFO  utils.BackgroundService (BackgroundService.java:shutdown(148)) - Shutting down service BlockDeletingService
2019-09-19 08:58:38,300 [refreshUsed-/workdir/hadoop-ozone/integration-test/target/test-dir/MiniOzoneClusterImpl-072ceacc-f14a-494c-b049-5b6ad59b8d93/datanode-3/data/containers] WARN  fs.CachingGetSpaceUsed (CachingGetSpaceUsed.java:run(183)) - Thread Interrupted waiting to refresh disk information: sleep interrupted
2019-09-19 08:58:38,300 [refreshUsed-/workdir/hadoop-ozone/integration-test/target/test-dir/MiniOzoneClusterImpl-072ceacc-f14a-494c-b049-5b6ad59b8d93/datanode-6/data/containers] WARN  fs.CachingGetSpaceUsed (CachingGetSpaceUsed.java:run(183)) - Thread Interrupted waiting to refresh disk information: sleep interrupted
2019-09-19 08:58:38,329 [ForkJoinPool.commonPool-worker-1] INFO  statemachine.DatanodeStateMachine (DatanodeStateMachine.java:stopDaemon(395)) - Ozone container server stopped.
2019-09-19 08:58:38,335 [main] INFO  statemachine.DatanodeStateMachine (DatanodeStateMachine.java:stopDaemon(395)) - Ozone container server stopped.
2019-09-19 08:58:38,337 [ForkJoinPool.commonPool-worker-1] INFO  handler.ContextHandler (ContextHandler.java:doStop(910)) - Stopped o.e.j.w.WebAppContext@3820cfe{/,null,UNAVAILABLE}{/hddsDatanode}
2019-09-19 08:58:38,338 [main] INFO  handler.ContextHandler (ContextHandler.java:doStop(910)) - Stopped o.e.j.w.WebAppContext@3dea226b{/,null,UNAVAILABLE}{/hddsDatanode}
2019-09-19 08:58:38,338 [ForkJoinPool.commonPool-worker-1] INFO  server.AbstractConnector (AbstractConnector.java:doStop(318)) - Stopped ServerConnector@2407a36c{HTTP/1.1,[http/1.1]}{0.0.0.0:0}
2019-09-19 08:58:38,340 [ForkJoinPool.commonPool-worker-1] INFO  handler.ContextHandler (ContextHandler.java:doStop(910)) - Stopped o.e.j.s.ServletContextHandler@55361f03{/static,jar:file:/home/user/.m2/repository/org/apache/hadoop/hadoop-hdds-container-service/0.5.0-SNAPSHOT/hadoop-hdds-container-service-0.5.0-SNAPSHOT.jar!/webapps/static,UNAVAILABLE}
2019-09-19 08:58:38,340 [main] INFO  server.AbstractConnector (AbstractConnector.java:doStop(318)) - Stopped ServerConnector@74500e4f{HTTP/1.1,[http/1.1]}{0.0.0.0:0}
2019-09-19 08:58:38,341 [ForkJoinPool.commonPool-worker-1] INFO  handler.ContextHandler (ContextHandler.java:doStop(910)) - Stopped o.e.j.s.ServletContextHandler@2bec068b{/logs,file:///workdir/hadoop-ozone/integration-test/target/log,UNAVAILABLE}
2019-09-19 08:58:38,342 | INFO  | SCMAudit | user=jenkins1000 | ip=192.168.34.5 | op=SEND_HEARTBEAT {datanodeUUID=59afcdb3-7cd7-47ef-abfa-eabf405042f7, command=[]} | ret=SUCCESS |  
2019-09-19 08:58:38,341 [main] INFO  handler.ContextHandler (ContextHandler.java:doStop(910)) - Stopped o.e.j.s.ServletContextHandler@f03ee8f{/static,jar:file:/home/user/.m2/repository/org/apache/hadoop/hadoop-hdds-container-service/0.5.0-SNAPSHOT/hadoop-hdds-container-service-0.5.0-SNAPSHOT.jar!/webapps/static,UNAVAILABLE}
2019-09-19 08:58:38,342 [ForkJoinPool.commonPool-worker-1] INFO  datanode.ObjectStoreHandler (ObjectStoreHandler.java:close(155)) - Closing ObjectStoreHandler.
2019-09-19 08:58:38,342 [main] INFO  handler.ContextHandler (ContextHandler.java:doStop(910)) - Stopped o.e.j.s.ServletContextHandler@22da200e{/logs,file:///workdir/hadoop-ozone/integration-test/target/log,UNAVAILABLE}
2019-09-19 08:58:38,342 [ForkJoinPool.commonPool-worker-1] INFO  ozone.HddsDatanodeService (HddsDatanodeService.java:stop(451)) - Stopped plug-in org.apache.hadoop.ozone.web.OzoneHddsDatanodeService@6befbb12
2019-09-19 08:58:38,343 [main] INFO  datanode.ObjectStoreHandler (ObjectStoreHandler.java:close(155)) - Closing ObjectStoreHandler.
2019-09-19 08:58:38,343 [main] INFO  ozone.HddsDatanodeService (HddsDatanodeService.java:stop(451)) - Stopped plug-in org.apache.hadoop.ozone.web.OzoneHddsDatanodeService@1201e064
2019-09-19 08:58:38,452 | INFO  | SCMAudit | user=jenkins1000 | ip=192.168.34.5 | op=SEND_HEARTBEAT {datanodeUUID=1ad3fd21-b666-4d4e-8138-b5cd04f973fd, command=[]} | ret=SUCCESS |  
2019-09-19 08:58:38,555 | INFO  | SCMAudit | user=jenkins1000 | ip=192.168.34.5 | op=SEND_HEARTBEAT {datanodeUUID=356a349a-c9c9-49f9-a5b1-196804736fbc, command=[]} | ret=SUCCESS |  
2019-09-19 08:58:39,034 | INFO  | SCMAudit | user=jenkins1000 | ip=192.168.34.5 | op=SEND_HEARTBEAT {datanodeUUID=a01737f6-7857-4616-835e-b1ff05ecf78f, command=[]} | ret=SUCCESS |  
2019-09-19 08:58:39,239 [Datanode State Machine Thread - 0] INFO  statemachine.DatanodeStateMachine (DatanodeStateMachine.java:lambda$startDaemon$0(350)) - Ozone container server started.
2019-09-19 08:58:39,262 | INFO  | SCMAudit | user=jenkins1000 | ip=192.168.34.5 | op=SEND_HEARTBEAT {datanodeUUID=8a96a672-7e2f-4b1c-ac1e-ddd5d18a6d5d, command=[]} | ret=SUCCESS |  
2019-09-19 08:58:39,337 [Datanode State Machine Thread - 0] INFO  statemachine.DatanodeStateMachine (DatanodeStateMachine.java:lambda$startDaemon$0(350)) - Ozone container server started.
2019-09-19 08:58:39,452 | INFO  | SCMAudit | user=jenkins1000 | ip=192.168.34.5 | op=SEND_HEARTBEAT {datanodeUUID=1ad3fd21-b666-4d4e-8138-b5cd04f973fd, command=[]} | ret=SUCCESS |  
2019-09-19 08:58:39,555 | INFO  | SCMAudit | user=jenkins1000 | ip=192.168.34.5 | op=SEND_HEARTBEAT {datanodeUUID=356a349a-c9c9-49f9-a5b1-196804736fbc, command=[]} | ret=SUCCESS |  
2019-09-19 08:58:40,034 | INFO  | SCMAudit | user=jenkins1000 | ip=192.168.34.5 | op=SEND_HEARTBEAT {datanodeUUID=a01737f6-7857-4616-835e-b1ff05ecf78f, command=[]} | ret=SUCCESS |  
2019-09-19 08:58:40,262 | INFO  | SCMAudit | user=jenkins1000 | ip=192.168.34.5 | op=SEND_HEARTBEAT {datanodeUUID=8a96a672-7e2f-4b1c-ac1e-ddd5d18a6d5d, command=[]} | ret=SUCCESS |  
2019-09-19 08:58:40,452 | INFO  | SCMAudit | user=jenkins1000 | ip=192.168.34.5 | op=SEND_HEARTBEAT {datanodeUUID=1ad3fd21-b666-4d4e-8138-b5cd04f973fd, command=[]} | ret=SUCCESS |  
2019-09-19 08:58:40,555 | INFO  | SCMAudit | user=jenkins1000 | ip=192.168.34.5 | op=SEND_HEARTBEAT {datanodeUUID=356a349a-c9c9-49f9-a5b1-196804736fbc, command=[]} | ret=SUCCESS |  
2019-09-19 08:58:41,034 | INFO  | SCMAudit | user=jenkins1000 | ip=192.168.34.5 | op=SEND_HEARTBEAT {datanodeUUID=a01737f6-7857-4616-835e-b1ff05ecf78f, command=[]} | ret=SUCCESS |  
2019-09-19 08:58:41,261 | INFO  | SCMAudit | user=jenkins1000 | ip=192.168.34.5 | op=SEND_HEARTBEAT {datanodeUUID=8a96a672-7e2f-4b1c-ac1e-ddd5d18a6d5d, command=[]} | ret=SUCCESS |  
2019-09-19 08:58:41,452 | INFO  | SCMAudit | user=jenkins1000 | ip=192.168.34.5 | op=SEND_HEARTBEAT {datanodeUUID=1ad3fd21-b666-4d4e-8138-b5cd04f973fd, command=[]} | ret=SUCCESS |  
2019-09-19 08:58:41,556 | INFO  | SCMAudit | user=jenkins1000 | ip=192.168.34.5 | op=SEND_HEARTBEAT {datanodeUUID=356a349a-c9c9-49f9-a5b1-196804736fbc, command=[]} | ret=SUCCESS |  
2019-09-19 08:58:42,034 | INFO  | SCMAudit | user=jenkins1000 | ip=192.168.34.5 | op=SEND_HEARTBEAT {datanodeUUID=a01737f6-7857-4616-835e-b1ff05ecf78f, command=[]} | ret=SUCCESS |  
2019-09-19 08:58:42,262 | INFO  | SCMAudit | user=jenkins1000 | ip=192.168.34.5 | op=SEND_HEARTBEAT {datanodeUUID=8a96a672-7e2f-4b1c-ac1e-ddd5d18a6d5d, command=[]} | ret=SUCCESS |  
2019-09-19 08:58:42,452 | INFO  | SCMAudit | user=jenkins1000 | ip=192.168.34.5 | op=SEND_HEARTBEAT {datanodeUUID=1ad3fd21-b666-4d4e-8138-b5cd04f973fd, command=[]} | ret=SUCCESS |  
2019-09-19 08:58:42,555 | INFO  | SCMAudit | user=jenkins1000 | ip=192.168.34.5 | op=SEND_HEARTBEAT {datanodeUUID=356a349a-c9c9-49f9-a5b1-196804736fbc, command=[]} | ret=SUCCESS |  
2019-09-19 08:58:43,034 | INFO  | SCMAudit | user=jenkins1000 | ip=192.168.34.5 | op=SEND_HEARTBEAT {datanodeUUID=a01737f6-7857-4616-835e-b1ff05ecf78f, command=[]} | ret=SUCCESS |  
2019-09-19 08:58:43,263 | INFO  | SCMAudit | user=jenkins1000 | ip=192.168.34.5 | op=SEND_HEARTBEAT {datanodeUUID=8a96a672-7e2f-4b1c-ac1e-ddd5d18a6d5d, command=[]} | ret=SUCCESS |  
2019-09-19 08:58:43,344 [ForkJoinPool.commonPool-worker-1] INFO  ozoneimpl.OzoneContainer (OzoneContainer.java:stop(199)) - Attempting to stop container services.
2019-09-19 08:58:43,344 [main] INFO  ozoneimpl.OzoneContainer (OzoneContainer.java:stop(199)) - Attempting to stop container services.
2019-09-19 08:58:43,345 [ForkJoinPool.commonPool-worker-1] INFO  impl.RaftServerProxy (RaftServerProxy.java:lambda$close$4(314)) - 59afcdb3-7cd7-47ef-abfa-eabf405042f7: close
2019-09-19 08:58:43,345 [main] INFO  impl.RaftServerProxy (RaftServerProxy.java:lambda$close$4(314)) - 83e73c89-42e6-44c0-9fcf-5542ff22b34f: close
2019-09-19 08:58:43,345 [ForkJoinPool.commonPool-worker-1] INFO  impl.RaftServerImpl (RaftServerImpl.java:lambda$shutdown$3(245)) - 59afcdb3-7cd7-47ef-abfa-eabf405042f7: shutdown group-8B947AB8F158
2019-09-19 08:58:43,345 [main] INFO  impl.RaftServerImpl (RaftServerImpl.java:lambda$shutdown$3(245)) - 83e73c89-42e6-44c0-9fcf-5542ff22b34f: shutdown group-68FF7C0F8CF7
2019-09-19 08:58:43,346 [ForkJoinPool.commonPool-worker-1] INFO  util.JmxRegister (JmxRegister.java:unregister(73)) - Successfully un-registered JMX Bean with object name Ratis:service=RaftServer,group=group-8B947AB8F158,id=59afcdb3-7cd7-47ef-abfa-eabf405042f7
2019-09-19 08:58:43,346 [main] INFO  util.JmxRegister (JmxRegister.java:unregister(73)) - Successfully un-registered JMX Bean with object name Ratis:service=RaftServer,group=group-68FF7C0F8CF7,id=83e73c89-42e6-44c0-9fcf-5542ff22b34f
2019-09-19 08:58:43,346 [ForkJoinPool.commonPool-worker-1] INFO  impl.RoleInfo (RoleInfo.java:shutdownLeaderState(104)) - 59afcdb3-7cd7-47ef-abfa-eabf405042f7: shutdown LeaderState
2019-09-19 08:58:43,346 [main] INFO  impl.RoleInfo (RoleInfo.java:shutdownLeaderState(104)) - 83e73c89-42e6-44c0-9fcf-5542ff22b34f: shutdown LeaderState
2019-09-19 08:58:43,347 [ForkJoinPool.commonPool-worker-1] INFO  impl.PendingRequests (PendingRequests.java:sendNotLeaderResponses(202)) - 59afcdb3-7cd7-47ef-abfa-eabf405042f7-PendingRequests: sendNotLeaderResponses
2019-09-19 08:58:43,347 [main] INFO  impl.PendingRequests (PendingRequests.java:sendNotLeaderResponses(202)) - 83e73c89-42e6-44c0-9fcf-5542ff22b34f-PendingRequests: sendNotLeaderResponses
2019-09-19 08:58:43,348 [ForkJoinPool.commonPool-worker-1] INFO  impl.StateMachineUpdater (StateMachineUpdater.java:stopAndJoin(115)) - StateMachineUpdater:59afcdb3-7cd7-47ef-abfa-eabf405042f7:group-8B947AB8F158: set stopIndex = 0
2019-09-19 08:58:43,348 [main] INFO  impl.StateMachineUpdater (StateMachineUpdater.java:stopAndJoin(115)) - StateMachineUpdater:83e73c89-42e6-44c0-9fcf-5542ff22b34f:group-68FF7C0F8CF7: set stopIndex = 0
2019-09-19 08:58:43,349 [ForkJoinPool.commonPool-worker-1] INFO  impl.RaftServerImpl (ServerState.java:close(394)) - 59afcdb3-7cd7-47ef-abfa-eabf405042f7:group-8B947AB8F158 closes. The last applied log index is 0
2019-09-19 08:58:43,349 [main] INFO  impl.RaftServerImpl (ServerState.java:close(394)) - 83e73c89-42e6-44c0-9fcf-5542ff22b34f:group-68FF7C0F8CF7 closes. The last applied log index is 0
2019-09-19 08:58:43,350 [59afcdb3-7cd7-47ef-abfa-eabf405042f7-SegmentedRaftLogWorker:Storage Directory /workdir/hadoop-ozone/integration-test/target/test-dir/MiniOzoneClusterImpl-072ceacc-f14a-494c-b049-5b6ad59b8d93/datanode-4/data/ratis/4ce4bb86-7e2e-4296-a619-8b947ab8f158] INFO  segmented.SegmentedRaftLogWorker (SegmentedRaftLogWorker.java:run(313)) - 59afcdb3-7cd7-47ef-abfa-eabf405042f7-SegmentedRaftLogWorker:Storage Directory /workdir/hadoop-ozone/integration-test/target/test-dir/MiniOzoneClusterImpl-072ceacc-f14a-494c-b049-5b6ad59b8d93/datanode-4/data/ratis/4ce4bb86-7e2e-4296-a619-8b947ab8f158 was interrupted, exiting. There are 0 tasks remaining in the queue.
2019-09-19 08:58:43,350 [83e73c89-42e6-44c0-9fcf-5542ff22b34f-SegmentedRaftLogWorker:Storage Directory /workdir/hadoop-ozone/integration-test/target/test-dir/MiniOzoneClusterImpl-072ceacc-f14a-494c-b049-5b6ad59b8d93/datanode-8/data/ratis/686f94a7-8447-407f-9dc6-68ff7c0f8cf7] INFO  segmented.SegmentedRaftLogWorker (SegmentedRaftLogWorker.java:run(313)) - 83e73c89-42e6-44c0-9fcf-5542ff22b34f-SegmentedRaftLogWorker:Storage Directory /workdir/hadoop-ozone/integration-test/target/test-dir/MiniOzoneClusterImpl-072ceacc-f14a-494c-b049-5b6ad59b8d93/datanode-8/data/ratis/686f94a7-8447-407f-9dc6-68ff7c0f8cf7 was interrupted, exiting. There are 0 tasks remaining in the queue.
2019-09-19 08:58:43,351 [main] INFO  segmented.SegmentedRaftLogWorker (SegmentedRaftLogWorker.java:close(228)) - 83e73c89-42e6-44c0-9fcf-5542ff22b34f-SegmentedRaftLogWorker:Storage Directory /workdir/hadoop-ozone/integration-test/target/test-dir/MiniOzoneClusterImpl-072ceacc-f14a-494c-b049-5b6ad59b8d93/datanode-8/data/ratis/686f94a7-8447-407f-9dc6-68ff7c0f8cf7 close()
2019-09-19 08:58:43,351 [main] INFO  impl.RaftServerImpl (RaftServerImpl.java:lambda$shutdown$3(245)) - 83e73c89-42e6-44c0-9fcf-5542ff22b34f: shutdown group-2BC4D8739115
2019-09-19 08:58:43,352 [main] INFO  util.JmxRegister (JmxRegister.java:unregister(73)) - Successfully un-registered JMX Bean with object name Ratis:service=RaftServer,group=group-2BC4D8739115,id=83e73c89-42e6-44c0-9fcf-5542ff22b34f
2019-09-19 08:58:43,353 [main] INFO  impl.RoleInfo (RoleInfo.java:shutdownLeaderState(104)) - 83e73c89-42e6-44c0-9fcf-5542ff22b34f: shutdown LeaderState
2019-09-19 08:58:43,353 [main] INFO  impl.PendingRequests (PendingRequests.java:sendNotLeaderResponses(202)) - 83e73c89-42e6-44c0-9fcf-5542ff22b34f-PendingRequests: sendNotLeaderResponses
2019-09-19 08:58:43,354 [main] INFO  impl.StateMachineUpdater (StateMachineUpdater.java:stopAndJoin(115)) - StateMachineUpdater:83e73c89-42e6-44c0-9fcf-5542ff22b34f:group-2BC4D8739115: set stopIndex = 0
2019-09-19 08:58:43,355 [main] INFO  impl.RaftServerImpl (ServerState.java:close(394)) - 83e73c89-42e6-44c0-9fcf-5542ff22b34f:group-2BC4D8739115 closes. The last applied log index is 0
2019-09-19 08:58:43,356 [83e73c89-42e6-44c0-9fcf-5542ff22b34f-SegmentedRaftLogWorker:Storage Directory /workdir/hadoop-ozone/integration-test/target/test-dir/MiniOzoneClusterImpl-072ceacc-f14a-494c-b049-5b6ad59b8d93/datanode-8/data/ratis/4c517916-7a71-47a2-a0e7-2bc4d8739115] INFO  segmented.SegmentedRaftLogWorker (SegmentedRaftLogWorker.java:run(313)) - 83e73c89-42e6-44c0-9fcf-5542ff22b34f-SegmentedRaftLogWorker:Storage Directory /workdir/hadoop-ozone/integration-test/target/test-dir/MiniOzoneClusterImpl-072ceacc-f14a-494c-b049-5b6ad59b8d93/datanode-8/data/ratis/4c517916-7a71-47a2-a0e7-2bc4d8739115 was interrupted, exiting. There are 0 tasks remaining in the queue.
2019-09-19 08:58:43,356 [ForkJoinPool.commonPool-worker-1] INFO  segmented.SegmentedRaftLogWorker (SegmentedRaftLogWorker.java:close(228)) - 59afcdb3-7cd7-47ef-abfa-eabf405042f7-SegmentedRaftLogWorker:Storage Directory /workdir/hadoop-ozone/integration-test/target/test-dir/MiniOzoneClusterImpl-072ceacc-f14a-494c-b049-5b6ad59b8d93/datanode-4/data/ratis/4ce4bb86-7e2e-4296-a619-8b947ab8f158 close()
2019-09-19 08:58:43,356 [ForkJoinPool.commonPool-worker-1] INFO  impl.RaftServerImpl (RaftServerImpl.java:lambda$shutdown$3(245)) - 59afcdb3-7cd7-47ef-abfa-eabf405042f7: shutdown group-B7AEFB61EA16
2019-09-19 08:58:43,357 [ForkJoinPool.commonPool-worker-1] INFO  util.JmxRegister (JmxRegister.java:unregister(73)) - Successfully un-registered JMX Bean with object name Ratis:service=RaftServer,group=group-B7AEFB61EA16,id=59afcdb3-7cd7-47ef-abfa-eabf405042f7
2019-09-19 08:58:43,357 [ForkJoinPool.commonPool-worker-1] INFO  impl.RoleInfo (RoleInfo.java:shutdownLeaderState(104)) - 59afcdb3-7cd7-47ef-abfa-eabf405042f7: shutdown LeaderState
2019-09-19 08:58:43,358 [ForkJoinPool.commonPool-worker-1] INFO  impl.PendingRequests (PendingRequests.java:sendNotLeaderResponses(202)) - 59afcdb3-7cd7-47ef-abfa-eabf405042f7-PendingRequests: sendNotLeaderResponses
2019-09-19 08:58:43,358 [ForkJoinPool.commonPool-worker-1] INFO  impl.StateMachineUpdater (StateMachineUpdater.java:stopAndJoin(115)) - StateMachineUpdater:59afcdb3-7cd7-47ef-abfa-eabf405042f7:group-B7AEFB61EA16: set stopIndex = 0
2019-09-19 08:58:43,359 [ForkJoinPool.commonPool-worker-1] INFO  impl.RaftServerImpl (ServerState.java:close(394)) - 59afcdb3-7cd7-47ef-abfa-eabf405042f7:group-B7AEFB61EA16 closes. The last applied log index is 0
2019-09-19 08:58:43,359 [59afcdb3-7cd7-47ef-abfa-eabf405042f7-SegmentedRaftLogWorker:Storage Directory /workdir/hadoop-ozone/integration-test/target/test-dir/MiniOzoneClusterImpl-072ceacc-f14a-494c-b049-5b6ad59b8d93/datanode-4/data/ratis/b1b30ce4-6a02-4a74-a8ff-b7aefb61ea16] INFO  segmented.SegmentedRaftLogWorker (SegmentedRaftLogWorker.java:run(313)) - 59afcdb3-7cd7-47ef-abfa-eabf405042f7-SegmentedRaftLogWorker:Storage Directory /workdir/hadoop-ozone/integration-test/target/test-dir/MiniOzoneClusterImpl-072ceacc-f14a-494c-b049-5b6ad59b8d93/datanode-4/data/ratis/b1b30ce4-6a02-4a74-a8ff-b7aefb61ea16 was interrupted, exiting. There are 0 tasks remaining in the queue.
2019-09-19 08:58:43,362 [ForkJoinPool.commonPool-worker-1] INFO  segmented.SegmentedRaftLogWorker (SegmentedRaftLogWorker.java:close(228)) - 59afcdb3-7cd7-47ef-abfa-eabf405042f7-SegmentedRaftLogWorker:Storage Directory /workdir/hadoop-ozone/integration-test/target/test-dir/MiniOzoneClusterImpl-072ceacc-f14a-494c-b049-5b6ad59b8d93/datanode-4/data/ratis/b1b30ce4-6a02-4a74-a8ff-b7aefb61ea16 close()
2019-09-19 08:58:43,362 [main] INFO  segmented.SegmentedRaftLogWorker (SegmentedRaftLogWorker.java:close(228)) - 83e73c89-42e6-44c0-9fcf-5542ff22b34f-SegmentedRaftLogWorker:Storage Directory /workdir/hadoop-ozone/integration-test/target/test-dir/MiniOzoneClusterImpl-072ceacc-f14a-494c-b049-5b6ad59b8d93/datanode-8/data/ratis/4c517916-7a71-47a2-a0e7-2bc4d8739115 close()
2019-09-19 08:58:43,363 [ForkJoinPool.commonPool-worker-1] INFO  impl.RaftServerImpl (RaftServerImpl.java:lambda$shutdown$3(245)) - 59afcdb3-7cd7-47ef-abfa-eabf405042f7: shutdown group-1BEEAAADAE28
2019-09-19 08:58:43,363 [main] INFO  impl.RaftServerImpl (RaftServerImpl.java:lambda$shutdown$3(245)) - 83e73c89-42e6-44c0-9fcf-5542ff22b34f: shutdown group-AE5B31C1AC25
2019-09-19 08:58:43,364 [ForkJoinPool.commonPool-worker-1] INFO  util.JmxRegister (JmxRegister.java:unregister(73)) - Successfully un-registered JMX Bean with object name Ratis:service=RaftServer,group=group-1BEEAAADAE28,id=59afcdb3-7cd7-47ef-abfa-eabf405042f7
2019-09-19 08:58:43,364 [main] INFO  util.JmxRegister (JmxRegister.java:unregister(73)) - Successfully un-registered JMX Bean with object name Ratis:service=RaftServer,group=group-AE5B31C1AC25,id=83e73c89-42e6-44c0-9fcf-5542ff22b34f
2019-09-19 08:58:43,364 [ForkJoinPool.commonPool-worker-1] INFO  impl.RoleInfo (RoleInfo.java:shutdownLeaderState(104)) - 59afcdb3-7cd7-47ef-abfa-eabf405042f7: shutdown LeaderState
2019-09-19 08:58:43,365 [main] INFO  impl.RoleInfo (RoleInfo.java:shutdownLeaderState(104)) - 83e73c89-42e6-44c0-9fcf-5542ff22b34f: shutdown LeaderState
2019-09-19 08:58:43,365 [ForkJoinPool.commonPool-worker-1] INFO  impl.PendingRequests (PendingRequests.java:sendNotLeaderResponses(202)) - 59afcdb3-7cd7-47ef-abfa-eabf405042f7-PendingRequests: sendNotLeaderResponses
2019-09-19 08:58:43,366 [main] INFO  impl.PendingRequests (PendingRequests.java:sendNotLeaderResponses(202)) - 83e73c89-42e6-44c0-9fcf-5542ff22b34f-PendingRequests: sendNotLeaderResponses
2019-09-19 08:58:43,366 [ForkJoinPool.commonPool-worker-1] INFO  impl.StateMachineUpdater (StateMachineUpdater.java:stopAndJoin(115)) - StateMachineUpdater:59afcdb3-7cd7-47ef-abfa-eabf405042f7:group-1BEEAAADAE28: set stopIndex = 0
2019-09-19 08:58:43,366 [main] INFO  impl.StateMachineUpdater (StateMachineUpdater.java:stopAndJoin(115)) - StateMachineUpdater:83e73c89-42e6-44c0-9fcf-5542ff22b34f:group-AE5B31C1AC25: set stopIndex = 0
2019-09-19 08:58:43,366 [ForkJoinPool.commonPool-worker-1] INFO  impl.RaftServerImpl (ServerState.java:close(394)) - 59afcdb3-7cd7-47ef-abfa-eabf405042f7:group-1BEEAAADAE28 closes. The last applied log index is 0
2019-09-19 08:58:43,367 [main] INFO  impl.RaftServerImpl (ServerState.java:close(394)) - 83e73c89-42e6-44c0-9fcf-5542ff22b34f:group-AE5B31C1AC25 closes. The last applied log index is 0
2019-09-19 08:58:43,367 [59afcdb3-7cd7-47ef-abfa-eabf405042f7-SegmentedRaftLogWorker:Storage Directory /workdir/hadoop-ozone/integration-test/target/test-dir/MiniOzoneClusterImpl-072ceacc-f14a-494c-b049-5b6ad59b8d93/datanode-4/data/ratis/d39945fd-35f9-4de7-bde8-1beeaaadae28] INFO  segmented.SegmentedRaftLogWorker (SegmentedRaftLogWorker.java:run(313)) - 59afcdb3-7cd7-47ef-abfa-eabf405042f7-SegmentedRaftLogWorker:Storage Directory /workdir/hadoop-ozone/integration-test/target/test-dir/MiniOzoneClusterImpl-072ceacc-f14a-494c-b049-5b6ad59b8d93/datanode-4/data/ratis/d39945fd-35f9-4de7-bde8-1beeaaadae28 was interrupted, exiting. There are 0 tasks remaining in the queue.
2019-09-19 08:58:43,367 [83e73c89-42e6-44c0-9fcf-5542ff22b34f-SegmentedRaftLogWorker:Storage Directory /workdir/hadoop-ozone/integration-test/target/test-dir/MiniOzoneClusterImpl-072ceacc-f14a-494c-b049-5b6ad59b8d93/datanode-8/data/ratis/19178960-fcd0-4c30-9849-ae5b31c1ac25] INFO  segmented.SegmentedRaftLogWorker (SegmentedRaftLogWorker.java:run(313)) - 83e73c89-42e6-44c0-9fcf-5542ff22b34f-SegmentedRaftLogWorker:Storage Directory /workdir/hadoop-ozone/integration-test/target/test-dir/MiniOzoneClusterImpl-072ceacc-f14a-494c-b049-5b6ad59b8d93/datanode-8/data/ratis/19178960-fcd0-4c30-9849-ae5b31c1ac25 was interrupted, exiting. There are 0 tasks remaining in the queue.
2019-09-19 08:58:43,367 [ForkJoinPool.commonPool-worker-1] INFO  segmented.SegmentedRaftLogWorker (SegmentedRaftLogWorker.java:close(228)) - 59afcdb3-7cd7-47ef-abfa-eabf405042f7-SegmentedRaftLogWorker:Storage Directory /workdir/hadoop-ozone/integration-test/target/test-dir/MiniOzoneClusterImpl-072ceacc-f14a-494c-b049-5b6ad59b8d93/datanode-4/data/ratis/d39945fd-35f9-4de7-bde8-1beeaaadae28 close()
2019-09-19 08:58:43,368 [main] INFO  segmented.SegmentedRaftLogWorker (SegmentedRaftLogWorker.java:close(228)) - 83e73c89-42e6-44c0-9fcf-5542ff22b34f-SegmentedRaftLogWorker:Storage Directory /workdir/hadoop-ozone/integration-test/target/test-dir/MiniOzoneClusterImpl-072ceacc-f14a-494c-b049-5b6ad59b8d93/datanode-8/data/ratis/19178960-fcd0-4c30-9849-ae5b31c1ac25 close()
2019-09-19 08:58:43,368 [ForkJoinPool.commonPool-worker-1] INFO  impl.RaftServerImpl (RaftServerImpl.java:lambda$shutdown$3(245)) - 59afcdb3-7cd7-47ef-abfa-eabf405042f7: shutdown group-E68AF788F5B1
2019-09-19 08:58:43,368 [main] INFO  impl.RaftServerImpl (RaftServerImpl.java:lambda$shutdown$3(245)) - 83e73c89-42e6-44c0-9fcf-5542ff22b34f: shutdown group-E7C15A3FBB7E
2019-09-19 08:58:43,368 [ForkJoinPool.commonPool-worker-1] INFO  util.JmxRegister (JmxRegister.java:unregister(73)) - Successfully un-registered JMX Bean with object name Ratis:service=RaftServer,group=group-E68AF788F5B1,id=59afcdb3-7cd7-47ef-abfa-eabf405042f7
2019-09-19 08:58:43,369 [main] INFO  util.JmxRegister (JmxRegister.java:unregister(73)) - Successfully un-registered JMX Bean with object name Ratis:service=RaftServer,group=group-E7C15A3FBB7E,id=83e73c89-42e6-44c0-9fcf-5542ff22b34f
2019-09-19 08:58:43,369 [ForkJoinPool.commonPool-worker-1] INFO  impl.RoleInfo (RoleInfo.java:shutdownLeaderState(104)) - 59afcdb3-7cd7-47ef-abfa-eabf405042f7: shutdown LeaderState
2019-09-19 08:58:43,369 [main] INFO  impl.RoleInfo (RoleInfo.java:shutdownLeaderState(104)) - 83e73c89-42e6-44c0-9fcf-5542ff22b34f: shutdown LeaderState
2019-09-19 08:58:43,369 [ForkJoinPool.commonPool-worker-1] INFO  impl.PendingRequests (PendingRequests.java:sendNotLeaderResponses(202)) - 59afcdb3-7cd7-47ef-abfa-eabf405042f7-PendingRequests: sendNotLeaderResponses
2019-09-19 08:58:43,370 [main] INFO  impl.PendingRequests (PendingRequests.java:sendNotLeaderResponses(202)) - 83e73c89-42e6-44c0-9fcf-5542ff22b34f-PendingRequests: sendNotLeaderResponses
2019-09-19 08:58:43,370 [ForkJoinPool.commonPool-worker-1] INFO  impl.StateMachineUpdater (StateMachineUpdater.java:stopAndJoin(115)) - StateMachineUpdater:59afcdb3-7cd7-47ef-abfa-eabf405042f7:group-E68AF788F5B1: set stopIndex = 0
2019-09-19 08:58:43,370 [ForkJoinPool.commonPool-worker-1] INFO  impl.RaftServerImpl (ServerState.java:close(394)) - 59afcdb3-7cd7-47ef-abfa-eabf405042f7:group-E68AF788F5B1 closes. The last applied log index is 0
2019-09-19 08:58:43,370 [59afcdb3-7cd7-47ef-abfa-eabf405042f7-SegmentedRaftLogWorker:Storage Directory /workdir/hadoop-ozone/integration-test/target/test-dir/MiniOzoneClusterImpl-072ceacc-f14a-494c-b049-5b6ad59b8d93/datanode-4/data/ratis/d5a4a6ea-1f11-4e73-9c33-e68af788f5b1] INFO  segmented.SegmentedRaftLogWorker (SegmentedRaftLogWorker.java:run(313)) - 59afcdb3-7cd7-47ef-abfa-eabf405042f7-SegmentedRaftLogWorker:Storage Directory /workdir/hadoop-ozone/integration-test/target/test-dir/MiniOzoneClusterImpl-072ceacc-f14a-494c-b049-5b6ad59b8d93/datanode-4/data/ratis/d5a4a6ea-1f11-4e73-9c33-e68af788f5b1 was interrupted, exiting. There are 0 tasks remaining in the queue.
2019-09-19 08:58:43,371 [ForkJoinPool.commonPool-worker-1] INFO  segmented.SegmentedRaftLogWorker (SegmentedRaftLogWorker.java:close(228)) - 59afcdb3-7cd7-47ef-abfa-eabf405042f7-SegmentedRaftLogWorker:Storage Directory /workdir/hadoop-ozone/integration-test/target/test-dir/MiniOzoneClusterImpl-072ceacc-f14a-494c-b049-5b6ad59b8d93/datanode-4/data/ratis/d5a4a6ea-1f11-4e73-9c33-e68af788f5b1 close()
2019-09-19 08:58:43,371 [ForkJoinPool.commonPool-worker-1] INFO  impl.RaftServerImpl (RaftServerImpl.java:lambda$shutdown$3(245)) - 59afcdb3-7cd7-47ef-abfa-eabf405042f7: shutdown group-664AEE156342
2019-09-19 08:58:43,371 [ForkJoinPool.commonPool-worker-1] INFO  util.JmxRegister (JmxRegister.java:unregister(73)) - Successfully un-registered JMX Bean with object name Ratis:service=RaftServer,group=group-664AEE156342,id=59afcdb3-7cd7-47ef-abfa-eabf405042f7
2019-09-19 08:58:43,371 [ForkJoinPool.commonPool-worker-1] INFO  impl.RoleInfo (RoleInfo.java:shutdownLeaderState(104)) - 59afcdb3-7cd7-47ef-abfa-eabf405042f7: shutdown LeaderState
2019-09-19 08:58:43,371 [ForkJoinPool.commonPool-worker-1] INFO  impl.PendingRequests (PendingRequests.java:sendNotLeaderResponses(202)) - 59afcdb3-7cd7-47ef-abfa-eabf405042f7-PendingRequests: sendNotLeaderResponses
2019-09-19 08:58:43,372 [ForkJoinPool.commonPool-worker-1] INFO  impl.StateMachineUpdater (StateMachineUpdater.java:stopAndJoin(115)) - StateMachineUpdater:59afcdb3-7cd7-47ef-abfa-eabf405042f7:group-664AEE156342: set stopIndex = 0
2019-09-19 08:58:43,372 [ForkJoinPool.commonPool-worker-1] INFO  impl.RaftServerImpl (ServerState.java:close(394)) - 59afcdb3-7cd7-47ef-abfa-eabf405042f7:group-664AEE156342 closes. The last applied log index is 0
2019-09-19 08:58:43,372 [59afcdb3-7cd7-47ef-abfa-eabf405042f7-SegmentedRaftLogWorker:Storage Directory /workdir/hadoop-ozone/integration-test/target/test-dir/MiniOzoneClusterImpl-072ceacc-f14a-494c-b049-5b6ad59b8d93/datanode-4/data/ratis/fbaaf8e8-b17f-41e5-86b8-664aee156342] INFO  segmented.SegmentedRaftLogWorker (SegmentedRaftLogWorker.java:run(313)) - 59afcdb3-7cd7-47ef-abfa-eabf405042f7-SegmentedRaftLogWorker:Storage Directory /workdir/hadoop-ozone/integration-test/target/test-dir/MiniOzoneClusterImpl-072ceacc-f14a-494c-b049-5b6ad59b8d93/datanode-4/data/ratis/fbaaf8e8-b17f-41e5-86b8-664aee156342 was interrupted, exiting. There are 0 tasks remaining in the queue.
2019-09-19 08:58:43,370 [main] INFO  impl.StateMachineUpdater (StateMachineUpdater.java:stopAndJoin(115)) - StateMachineUpdater:83e73c89-42e6-44c0-9fcf-5542ff22b34f:group-E7C15A3FBB7E: set stopIndex = 0
2019-09-19 08:58:43,372 [ForkJoinPool.commonPool-worker-1] INFO  segmented.SegmentedRaftLogWorker (SegmentedRaftLogWorker.java:close(228)) - 59afcdb3-7cd7-47ef-abfa-eabf405042f7-SegmentedRaftLogWorker:Storage Directory /workdir/hadoop-ozone/integration-test/target/test-dir/MiniOzoneClusterImpl-072ceacc-f14a-494c-b049-5b6ad59b8d93/datanode-4/data/ratis/fbaaf8e8-b17f-41e5-86b8-664aee156342 close()
2019-09-19 08:58:43,373 [main] INFO  impl.RaftServerImpl (ServerState.java:close(394)) - 83e73c89-42e6-44c0-9fcf-5542ff22b34f:group-E7C15A3FBB7E closes. The last applied log index is 0
2019-09-19 08:58:43,373 [ForkJoinPool.commonPool-worker-1] INFO  impl.RaftServerImpl (RaftServerImpl.java:lambda$shutdown$3(245)) - 59afcdb3-7cd7-47ef-abfa-eabf405042f7: shutdown group-2784EFE60AB3
2019-09-19 08:58:43,373 [83e73c89-42e6-44c0-9fcf-5542ff22b34f-SegmentedRaftLogWorker:Storage Directory /workdir/hadoop-ozone/integration-test/target/test-dir/MiniOzoneClusterImpl-072ceacc-f14a-494c-b049-5b6ad59b8d93/datanode-8/data/ratis/20bf8c94-d5fb-438c-948f-e7c15a3fbb7e] INFO  segmented.SegmentedRaftLogWorker (SegmentedRaftLogWorker.java:run(313)) - 83e73c89-42e6-44c0-9fcf-5542ff22b34f-SegmentedRaftLogWorker:Storage Directory /workdir/hadoop-ozone/integration-test/target/test-dir/MiniOzoneClusterImpl-072ceacc-f14a-494c-b049-5b6ad59b8d93/datanode-8/data/ratis/20bf8c94-d5fb-438c-948f-e7c15a3fbb7e was interrupted, exiting. There are 0 tasks remaining in the queue.
2019-09-19 08:58:43,373 [ForkJoinPool.commonPool-worker-1] INFO  util.JmxRegister (JmxRegister.java:unregister(73)) - Successfully un-registered JMX Bean with object name Ratis:service=RaftServer,group=group-2784EFE60AB3,id=59afcdb3-7cd7-47ef-abfa-eabf405042f7
2019-09-19 08:58:43,373 [main] INFO  segmented.SegmentedRaftLogWorker (SegmentedRaftLogWorker.java:close(228)) - 83e73c89-42e6-44c0-9fcf-5542ff22b34f-SegmentedRaftLogWorker:Storage Directory /workdir/hadoop-ozone/integration-test/target/test-dir/MiniOzoneClusterImpl-072ceacc-f14a-494c-b049-5b6ad59b8d93/datanode-8/data/ratis/20bf8c94-d5fb-438c-948f-e7c15a3fbb7e close()
2019-09-19 08:58:43,373 [ForkJoinPool.commonPool-worker-1] INFO  impl.RoleInfo (RoleInfo.java:shutdownLeaderState(104)) - 59afcdb3-7cd7-47ef-abfa-eabf405042f7: shutdown LeaderState
2019-09-19 08:58:43,374 [main] INFO  impl.RaftServerImpl (RaftServerImpl.java:lambda$shutdown$3(245)) - 83e73c89-42e6-44c0-9fcf-5542ff22b34f: shutdown group-14C68FAF60F1
2019-09-19 08:58:43,374 [ForkJoinPool.commonPool-worker-1] INFO  impl.PendingRequests (PendingRequests.java:sendNotLeaderResponses(202)) - 59afcdb3-7cd7-47ef-abfa-eabf405042f7-PendingRequests: sendNotLeaderResponses
2019-09-19 08:58:43,374 [main] INFO  util.JmxRegister (JmxRegister.java:unregister(73)) - Successfully un-registered JMX Bean with object name Ratis:service=RaftServer,group=group-14C68FAF60F1,id=83e73c89-42e6-44c0-9fcf-5542ff22b34f
2019-09-19 08:58:43,374 [ForkJoinPool.commonPool-worker-1] INFO  impl.StateMachineUpdater (StateMachineUpdater.java:stopAndJoin(115)) - StateMachineUpdater:59afcdb3-7cd7-47ef-abfa-eabf405042f7:group-2784EFE60AB3: set stopIndex = 0
2019-09-19 08:58:43,375 [main] INFO  impl.RoleInfo (RoleInfo.java:shutdownLeaderState(104)) - 83e73c89-42e6-44c0-9fcf-5542ff22b34f: shutdown LeaderState
2019-09-19 08:58:43,375 [ForkJoinPool.commonPool-worker-1] INFO  impl.RaftServerImpl (ServerState.java:close(394)) - 59afcdb3-7cd7-47ef-abfa-eabf405042f7:group-2784EFE60AB3 closes. The last applied log index is 0
2019-09-19 08:58:43,375 [main] INFO  impl.PendingRequests (PendingRequests.java:sendNotLeaderResponses(202)) - 83e73c89-42e6-44c0-9fcf-5542ff22b34f-PendingRequests: sendNotLeaderResponses
2019-09-19 08:58:43,375 [59afcdb3-7cd7-47ef-abfa-eabf405042f7-SegmentedRaftLogWorker:Storage Directory /workdir/hadoop-ozone/integration-test/target/test-dir/MiniOzoneClusterImpl-072ceacc-f14a-494c-b049-5b6ad59b8d93/datanode-4/data/ratis/010e1a43-c1f0-4fe7-af74-2784efe60ab3] INFO  segmented.SegmentedRaftLogWorker (SegmentedRaftLogWorker.java:run(313)) - 59afcdb3-7cd7-47ef-abfa-eabf405042f7-SegmentedRaftLogWorker:Storage Directory /workdir/hadoop-ozone/integration-test/target/test-dir/MiniOzoneClusterImpl-072ceacc-f14a-494c-b049-5b6ad59b8d93/datanode-4/data/ratis/010e1a43-c1f0-4fe7-af74-2784efe60ab3 was interrupted, exiting. There are 0 tasks remaining in the queue.
2019-09-19 08:58:43,376 [main] INFO  impl.StateMachineUpdater (StateMachineUpdater.java:stopAndJoin(115)) - StateMachineUpdater:83e73c89-42e6-44c0-9fcf-5542ff22b34f:group-14C68FAF60F1: set stopIndex = 0
2019-09-19 08:58:43,376 [ForkJoinPool.commonPool-worker-1] INFO  segmented.SegmentedRaftLogWorker (SegmentedRaftLogWorker.java:close(228)) - 59afcdb3-7cd7-47ef-abfa-eabf405042f7-SegmentedRaftLogWorker:Storage Directory /workdir/hadoop-ozone/integration-test/target/test-dir/MiniOzoneClusterImpl-072ceacc-f14a-494c-b049-5b6ad59b8d93/datanode-4/data/ratis/010e1a43-c1f0-4fe7-af74-2784efe60ab3 close()
2019-09-19 08:58:43,376 [main] INFO  impl.RaftServerImpl (ServerState.java:close(394)) - 83e73c89-42e6-44c0-9fcf-5542ff22b34f:group-14C68FAF60F1 closes. The last applied log index is 0
2019-09-19 08:58:43,376 [ForkJoinPool.commonPool-worker-1] INFO  server.GrpcService (GrpcService.java:closeImpl(155)) - 59afcdb3-7cd7-47ef-abfa-eabf405042f7: shutdown server with port 36202 now
2019-09-19 08:58:43,377 [83e73c89-42e6-44c0-9fcf-5542ff22b34f-SegmentedRaftLogWorker:Storage Directory /workdir/hadoop-ozone/integration-test/target/test-dir/MiniOzoneClusterImpl-072ceacc-f14a-494c-b049-5b6ad59b8d93/datanode-8/data/ratis/1e15c9b3-8254-4d50-ad56-14c68faf60f1] INFO  segmented.SegmentedRaftLogWorker (SegmentedRaftLogWorker.java:run(313)) - 83e73c89-42e6-44c0-9fcf-5542ff22b34f-SegmentedRaftLogWorker:Storage Directory /workdir/hadoop-ozone/integration-test/target/test-dir/MiniOzoneClusterImpl-072ceacc-f14a-494c-b049-5b6ad59b8d93/datanode-8/data/ratis/1e15c9b3-8254-4d50-ad56-14c68faf60f1 was interrupted, exiting. There are 0 tasks remaining in the queue.
2019-09-19 08:58:43,377 [main] INFO  segmented.SegmentedRaftLogWorker (SegmentedRaftLogWorker.java:close(228)) - 83e73c89-42e6-44c0-9fcf-5542ff22b34f-SegmentedRaftLogWorker:Storage Directory /workdir/hadoop-ozone/integration-test/target/test-dir/MiniOzoneClusterImpl-072ceacc-f14a-494c-b049-5b6ad59b8d93/datanode-8/data/ratis/1e15c9b3-8254-4d50-ad56-14c68faf60f1 close()
2019-09-19 08:58:43,379 [ForkJoinPool.commonPool-worker-1] INFO  server.GrpcService (GrpcService.java:closeImpl(163)) - 59afcdb3-7cd7-47ef-abfa-eabf405042f7: shutdown server with port 36202 successfully
2019-09-19 08:58:43,380 [main] INFO  impl.RaftServerImpl (RaftServerImpl.java:lambda$shutdown$3(245)) - 83e73c89-42e6-44c0-9fcf-5542ff22b34f: shutdown group-B0A263F22F8E
2019-09-19 08:58:43,380 [main] INFO  util.JmxRegister (JmxRegister.java:unregister(73)) - Successfully un-registered JMX Bean with object name Ratis:service=RaftServer,group=group-B0A263F22F8E,id=83e73c89-42e6-44c0-9fcf-5542ff22b34f
2019-09-19 08:58:43,380 [main] INFO  impl.RoleInfo (RoleInfo.java:shutdownLeaderState(104)) - 83e73c89-42e6-44c0-9fcf-5542ff22b34f: shutdown LeaderState
2019-09-19 08:58:43,381 [main] INFO  impl.PendingRequests (PendingRequests.java:sendNotLeaderResponses(202)) - 83e73c89-42e6-44c0-9fcf-5542ff22b34f-PendingRequests: sendNotLeaderResponses
2019-09-19 08:58:43,381 [main] INFO  impl.StateMachineUpdater (StateMachineUpdater.java:stopAndJoin(115)) - StateMachineUpdater:83e73c89-42e6-44c0-9fcf-5542ff22b34f:group-B0A263F22F8E: set stopIndex = 0
2019-09-19 08:58:43,382 [main] INFO  impl.RaftServerImpl (ServerState.java:close(394)) - 83e73c89-42e6-44c0-9fcf-5542ff22b34f:group-B0A263F22F8E closes. The last applied log index is 0
2019-09-19 08:58:43,382 [83e73c89-42e6-44c0-9fcf-5542ff22b34f-SegmentedRaftLogWorker:Storage Directory /workdir/hadoop-ozone/integration-test/target/test-dir/MiniOzoneClusterImpl-072ceacc-f14a-494c-b049-5b6ad59b8d93/datanode-8/data/ratis/ce045111-7b3c-4798-9e70-b0a263f22f8e] INFO  segmented.SegmentedRaftLogWorker (SegmentedRaftLogWorker.java:run(313)) - 83e73c89-42e6-44c0-9fcf-5542ff22b34f-SegmentedRaftLogWorker:Storage Directory /workdir/hadoop-ozone/integration-test/target/test-dir/MiniOzoneClusterImpl-072ceacc-f14a-494c-b049-5b6ad59b8d93/datanode-8/data/ratis/ce045111-7b3c-4798-9e70-b0a263f22f8e was interrupted, exiting. There are 0 tasks remaining in the queue.
2019-09-19 08:58:43,382 [main] INFO  segmented.SegmentedRaftLogWorker (SegmentedRaftLogWorker.java:close(228)) - 83e73c89-42e6-44c0-9fcf-5542ff22b34f-SegmentedRaftLogWorker:Storage Directory /workdir/hadoop-ozone/integration-test/target/test-dir/MiniOzoneClusterImpl-072ceacc-f14a-494c-b049-5b6ad59b8d93/datanode-8/data/ratis/ce045111-7b3c-4798-9e70-b0a263f22f8e close()
2019-09-19 08:58:43,383 [main] INFO  server.GrpcService (GrpcService.java:closeImpl(155)) - 83e73c89-42e6-44c0-9fcf-5542ff22b34f: shutdown server with port 35347 now
2019-09-19 08:58:43,385 [main] INFO  server.GrpcService (GrpcService.java:closeImpl(163)) - 83e73c89-42e6-44c0-9fcf-5542ff22b34f: shutdown server with port 35347 successfully
2019-09-19 08:58:43,386 [ForkJoinPool.commonPool-worker-1] INFO  utils.BackgroundService (BackgroundService.java:shutdown(148)) - Shutting down service BlockDeletingService
2019-09-19 08:58:43,388 [refreshUsed-/workdir/hadoop-ozone/integration-test/target/test-dir/MiniOzoneClusterImpl-072ceacc-f14a-494c-b049-5b6ad59b8d93/datanode-4/data/containers] WARN  fs.CachingGetSpaceUsed (CachingGetSpaceUsed.java:run(183)) - Thread Interrupted waiting to refresh disk information: sleep interrupted
2019-09-19 08:58:43,389 [main] INFO  utils.BackgroundService (BackgroundService.java:shutdown(148)) - Shutting down service BlockDeletingService
2019-09-19 08:58:43,390 [refreshUsed-/workdir/hadoop-ozone/integration-test/target/test-dir/MiniOzoneClusterImpl-072ceacc-f14a-494c-b049-5b6ad59b8d93/datanode-8/data/containers] WARN  fs.CachingGetSpaceUsed (CachingGetSpaceUsed.java:run(183)) - Thread Interrupted waiting to refresh disk information: sleep interrupted
2019-09-19 08:58:43,407 [main] INFO  statemachine.DatanodeStateMachine (DatanodeStateMachine.java:stopDaemon(395)) - Ozone container server stopped.
2019-09-19 08:58:43,408 [main] INFO  handler.ContextHandler (ContextHandler.java:doStop(910)) - Stopped o.e.j.w.WebAppContext@3c09a350{/,null,UNAVAILABLE}{/hddsDatanode}
2019-09-19 08:58:43,409 [main] INFO  server.AbstractConnector (AbstractConnector.java:doStop(318)) - Stopped ServerConnector@592a1882{HTTP/1.1,[http/1.1]}{0.0.0.0:0}
2019-09-19 08:58:43,409 [main] INFO  handler.ContextHandler (ContextHandler.java:doStop(910)) - Stopped o.e.j.s.ServletContextHandler@34549979{/static,jar:file:/home/user/.m2/repository/org/apache/hadoop/hadoop-hdds-container-service/0.5.0-SNAPSHOT/hadoop-hdds-container-service-0.5.0-SNAPSHOT.jar!/webapps/static,UNAVAILABLE}
2019-09-19 08:58:43,409 [main] INFO  handler.ContextHandler (ContextHandler.java:doStop(910)) - Stopped o.e.j.s.ServletContextHandler@d66502{/logs,file:///workdir/hadoop-ozone/integration-test/target/log,UNAVAILABLE}
2019-09-19 08:58:43,410 [main] INFO  datanode.ObjectStoreHandler (ObjectStoreHandler.java:close(155)) - Closing ObjectStoreHandler.
2019-09-19 08:58:43,411 [main] INFO  ozone.HddsDatanodeService (HddsDatanodeService.java:stop(451)) - Stopped plug-in org.apache.hadoop.ozone.web.OzoneHddsDatanodeService@3f9f8d23
2019-09-19 08:58:43,415 [ForkJoinPool.commonPool-worker-1] INFO  statemachine.DatanodeStateMachine (DatanodeStateMachine.java:stopDaemon(395)) - Ozone container server stopped.
2019-09-19 08:58:43,418 [ForkJoinPool.commonPool-worker-1] INFO  handler.ContextHandler (ContextHandler.java:doStop(910)) - Stopped o.e.j.w.WebAppContext@19fbc594{/,null,UNAVAILABLE}{/hddsDatanode}
2019-09-19 08:58:43,419 [ForkJoinPool.commonPool-worker-1] INFO  server.AbstractConnector (AbstractConnector.java:doStop(318)) - Stopped ServerConnector@2f4d32bf{HTTP/1.1,[http/1.1]}{0.0.0.0:0}
2019-09-19 08:58:43,420 [ForkJoinPool.commonPool-worker-1] INFO  handler.ContextHandler (ContextHandler.java:doStop(910)) - Stopped o.e.j.s.ServletContextHandler@57ce2898{/static,jar:file:/home/user/.m2/repository/org/apache/hadoop/hadoop-hdds-container-service/0.5.0-SNAPSHOT/hadoop-hdds-container-service-0.5.0-SNAPSHOT.jar!/webapps/static,UNAVAILABLE}
2019-09-19 08:58:43,421 [ForkJoinPool.commonPool-worker-1] INFO  handler.ContextHandler (ContextHandler.java:doStop(910)) - Stopped o.e.j.s.ServletContextHandler@7b297740{/logs,file:///workdir/hadoop-ozone/integration-test/target/log,UNAVAILABLE}
2019-09-19 08:58:43,421 [ForkJoinPool.commonPool-worker-1] INFO  datanode.ObjectStoreHandler (ObjectStoreHandler.java:close(155)) - Closing ObjectStoreHandler.
2019-09-19 08:58:43,422 [ForkJoinPool.commonPool-worker-1] INFO  ozone.HddsDatanodeService (HddsDatanodeService.java:stop(451)) - Stopped plug-in org.apache.hadoop.ozone.web.OzoneHddsDatanodeService@5e50df2e
2019-09-19 08:58:43,450 [Datanode State Machine Thread - 0] INFO  statemachine.DatanodeStateMachine (DatanodeStateMachine.java:lambda$startDaemon$0(350)) - Ozone container server started.
2019-09-19 08:58:43,556 | INFO  | SCMAudit | user=jenkins1000 | ip=192.168.34.5 | op=SEND_HEARTBEAT {datanodeUUID=356a349a-c9c9-49f9-a5b1-196804736fbc, command=[]} | ret=SUCCESS |  
2019-09-19 08:58:44,035 | INFO  | SCMAudit | user=jenkins1000 | ip=192.168.34.5 | op=SEND_HEARTBEAT {datanodeUUID=a01737f6-7857-4616-835e-b1ff05ecf78f, command=[]} | ret=SUCCESS |  
2019-09-19 08:58:44,262 [Datanode State Machine Thread - 0] INFO  statemachine.DatanodeStateMachine (DatanodeStateMachine.java:lambda$startDaemon$0(350)) - Ozone container server started.
2019-09-19 08:58:44,556 | INFO  | SCMAudit | user=jenkins1000 | ip=192.168.34.5 | op=SEND_HEARTBEAT {datanodeUUID=356a349a-c9c9-49f9-a5b1-196804736fbc, command=[]} | ret=SUCCESS |  
2019-09-19 08:58:45,035 | INFO  | SCMAudit | user=jenkins1000 | ip=192.168.34.5 | op=SEND_HEARTBEAT {datanodeUUID=a01737f6-7857-4616-835e-b1ff05ecf78f, command=[]} | ret=SUCCESS |  
2019-09-19 08:58:45,556 | INFO  | SCMAudit | user=jenkins1000 | ip=192.168.34.5 | op=SEND_HEARTBEAT {datanodeUUID=356a349a-c9c9-49f9-a5b1-196804736fbc, command=[]} | ret=SUCCESS |  
2019-09-19 08:58:46,035 | INFO  | SCMAudit | user=jenkins1000 | ip=192.168.34.5 | op=SEND_HEARTBEAT {datanodeUUID=a01737f6-7857-4616-835e-b1ff05ecf78f, command=[]} | ret=SUCCESS |  
2019-09-19 08:58:46,556 | INFO  | SCMAudit | user=jenkins1000 | ip=192.168.34.5 | op=SEND_HEARTBEAT {datanodeUUID=356a349a-c9c9-49f9-a5b1-196804736fbc, command=[]} | ret=SUCCESS |  
2019-09-19 08:58:47,035 | INFO  | SCMAudit | user=jenkins1000 | ip=192.168.34.5 | op=SEND_HEARTBEAT {datanodeUUID=a01737f6-7857-4616-835e-b1ff05ecf78f, command=[]} | ret=SUCCESS |  
2019-09-19 08:58:47,556 | INFO  | SCMAudit | user=jenkins1000 | ip=192.168.34.5 | op=SEND_HEARTBEAT {datanodeUUID=356a349a-c9c9-49f9-a5b1-196804736fbc, command=[]} | ret=SUCCESS |  
2019-09-19 08:58:48,035 | INFO  | SCMAudit | user=jenkins1000 | ip=192.168.34.5 | op=SEND_HEARTBEAT {datanodeUUID=a01737f6-7857-4616-835e-b1ff05ecf78f, command=[]} | ret=SUCCESS |  
2019-09-19 08:58:48,411 [main] INFO  ozoneimpl.OzoneContainer (OzoneContainer.java:stop(199)) - Attempting to stop container services.
2019-09-19 08:58:48,412 [main] INFO  impl.RaftServerProxy (RaftServerProxy.java:lambda$close$4(314)) - 1ad3fd21-b666-4d4e-8138-b5cd04f973fd: close
2019-09-19 08:58:48,412 [main] INFO  impl.RaftServerImpl (RaftServerImpl.java:lambda$shutdown$3(245)) - 1ad3fd21-b666-4d4e-8138-b5cd04f973fd: shutdown group-4F9B9A48841C
2019-09-19 08:58:48,413 [main] INFO  util.JmxRegister (JmxRegister.java:unregister(73)) - Successfully un-registered JMX Bean with object name Ratis:service=RaftServer,group=group-4F9B9A48841C,id=1ad3fd21-b666-4d4e-8138-b5cd04f973fd
2019-09-19 08:58:48,413 [main] INFO  impl.RoleInfo (RoleInfo.java:shutdownLeaderState(104)) - 1ad3fd21-b666-4d4e-8138-b5cd04f973fd: shutdown LeaderState
2019-09-19 08:58:48,414 [main] INFO  impl.PendingRequests (PendingRequests.java:sendNotLeaderResponses(202)) - 1ad3fd21-b666-4d4e-8138-b5cd04f973fd-PendingRequests: sendNotLeaderResponses
2019-09-19 08:58:48,414 [main] INFO  impl.StateMachineUpdater (StateMachineUpdater.java:stopAndJoin(115)) - StateMachineUpdater:1ad3fd21-b666-4d4e-8138-b5cd04f973fd:group-4F9B9A48841C: set stopIndex = 0
2019-09-19 08:58:48,414 [main] INFO  impl.RaftServerImpl (ServerState.java:close(394)) - 1ad3fd21-b666-4d4e-8138-b5cd04f973fd:group-4F9B9A48841C closes. The last applied log index is 0
2019-09-19 08:58:48,415 [1ad3fd21-b666-4d4e-8138-b5cd04f973fd-SegmentedRaftLogWorker:Storage Directory /workdir/hadoop-ozone/integration-test/target/test-dir/MiniOzoneClusterImpl-072ceacc-f14a-494c-b049-5b6ad59b8d93/datanode-9/data/ratis/b79cff33-c3ac-4923-b63d-4f9b9a48841c] INFO  segmented.SegmentedRaftLogWorker (SegmentedRaftLogWorker.java:run(313)) - 1ad3fd21-b666-4d4e-8138-b5cd04f973fd-SegmentedRaftLogWorker:Storage Directory /workdir/hadoop-ozone/integration-test/target/test-dir/MiniOzoneClusterImpl-072ceacc-f14a-494c-b049-5b6ad59b8d93/datanode-9/data/ratis/b79cff33-c3ac-4923-b63d-4f9b9a48841c was interrupted, exiting. There are 0 tasks remaining in the queue.
2019-09-19 08:58:48,415 [main] INFO  segmented.SegmentedRaftLogWorker (SegmentedRaftLogWorker.java:close(228)) - 1ad3fd21-b666-4d4e-8138-b5cd04f973fd-SegmentedRaftLogWorker:Storage Directory /workdir/hadoop-ozone/integration-test/target/test-dir/MiniOzoneClusterImpl-072ceacc-f14a-494c-b049-5b6ad59b8d93/datanode-9/data/ratis/b79cff33-c3ac-4923-b63d-4f9b9a48841c close()
2019-09-19 08:58:48,415 [main] INFO  impl.RaftServerImpl (RaftServerImpl.java:lambda$shutdown$3(245)) - 1ad3fd21-b666-4d4e-8138-b5cd04f973fd: shutdown group-6EFBB39F928F
2019-09-19 08:58:48,416 [main] INFO  util.JmxRegister (JmxRegister.java:unregister(73)) - Successfully un-registered JMX Bean with object name Ratis:service=RaftServer,group=group-6EFBB39F928F,id=1ad3fd21-b666-4d4e-8138-b5cd04f973fd
2019-09-19 08:58:48,416 [main] INFO  impl.RoleInfo (RoleInfo.java:shutdownLeaderState(104)) - 1ad3fd21-b666-4d4e-8138-b5cd04f973fd: shutdown LeaderState
2019-09-19 08:58:48,416 [main] INFO  impl.PendingRequests (PendingRequests.java:sendNotLeaderResponses(202)) - 1ad3fd21-b666-4d4e-8138-b5cd04f973fd-PendingRequests: sendNotLeaderResponses
2019-09-19 08:58:48,417 [main] INFO  impl.StateMachineUpdater (StateMachineUpdater.java:stopAndJoin(115)) - StateMachineUpdater:1ad3fd21-b666-4d4e-8138-b5cd04f973fd:group-6EFBB39F928F: set stopIndex = 0
2019-09-19 08:58:48,417 [main] INFO  impl.RaftServerImpl (ServerState.java:close(394)) - 1ad3fd21-b666-4d4e-8138-b5cd04f973fd:group-6EFBB39F928F closes. The last applied log index is 0
2019-09-19 08:58:48,418 [1ad3fd21-b666-4d4e-8138-b5cd04f973fd-SegmentedRaftLogWorker:Storage Directory /workdir/hadoop-ozone/integration-test/target/test-dir/MiniOzoneClusterImpl-072ceacc-f14a-494c-b049-5b6ad59b8d93/datanode-9/data/ratis/acd55bdc-be37-43db-971c-6efbb39f928f] INFO  segmented.SegmentedRaftLogWorker (SegmentedRaftLogWorker.java:run(313)) - 1ad3fd21-b666-4d4e-8138-b5cd04f973fd-SegmentedRaftLogWorker:Storage Directory /workdir/hadoop-ozone/integration-test/target/test-dir/MiniOzoneClusterImpl-072ceacc-f14a-494c-b049-5b6ad59b8d93/datanode-9/data/ratis/acd55bdc-be37-43db-971c-6efbb39f928f was interrupted, exiting. There are 0 tasks remaining in the queue.
2019-09-19 08:58:48,418 [main] INFO  segmented.SegmentedRaftLogWorker (SegmentedRaftLogWorker.java:close(228)) - 1ad3fd21-b666-4d4e-8138-b5cd04f973fd-SegmentedRaftLogWorker:Storage Directory /workdir/hadoop-ozone/integration-test/target/test-dir/MiniOzoneClusterImpl-072ceacc-f14a-494c-b049-5b6ad59b8d93/datanode-9/data/ratis/acd55bdc-be37-43db-971c-6efbb39f928f close()
2019-09-19 08:58:48,418 [main] INFO  impl.RaftServerImpl (RaftServerImpl.java:lambda$shutdown$3(245)) - 1ad3fd21-b666-4d4e-8138-b5cd04f973fd: shutdown group-229576E6CFBD
2019-09-19 08:58:48,419 [main] INFO  util.JmxRegister (JmxRegister.java:unregister(73)) - Successfully un-registered JMX Bean with object name Ratis:service=RaftServer,group=group-229576E6CFBD,id=1ad3fd21-b666-4d4e-8138-b5cd04f973fd
2019-09-19 08:58:48,419 [main] INFO  impl.RoleInfo (RoleInfo.java:shutdownLeaderState(104)) - 1ad3fd21-b666-4d4e-8138-b5cd04f973fd: shutdown LeaderState
2019-09-19 08:58:48,419 [main] INFO  impl.PendingRequests (PendingRequests.java:sendNotLeaderResponses(202)) - 1ad3fd21-b666-4d4e-8138-b5cd04f973fd-PendingRequests: sendNotLeaderResponses
2019-09-19 08:58:48,420 [main] INFO  impl.StateMachineUpdater (StateMachineUpdater.java:stopAndJoin(115)) - StateMachineUpdater:1ad3fd21-b666-4d4e-8138-b5cd04f973fd:group-229576E6CFBD: set stopIndex = 0
2019-09-19 08:58:48,420 [main] INFO  impl.RaftServerImpl (ServerState.java:close(394)) - 1ad3fd21-b666-4d4e-8138-b5cd04f973fd:group-229576E6CFBD closes. The last applied log index is 0
2019-09-19 08:58:48,420 [1ad3fd21-b666-4d4e-8138-b5cd04f973fd-SegmentedRaftLogWorker:Storage Directory /workdir/hadoop-ozone/integration-test/target/test-dir/MiniOzoneClusterImpl-072ceacc-f14a-494c-b049-5b6ad59b8d93/datanode-9/data/ratis/ac467e12-9736-4f47-8468-229576e6cfbd] INFO  segmented.SegmentedRaftLogWorker (SegmentedRaftLogWorker.java:run(313)) - 1ad3fd21-b666-4d4e-8138-b5cd04f973fd-SegmentedRaftLogWorker:Storage Directory /workdir/hadoop-ozone/integration-test/target/test-dir/MiniOzoneClusterImpl-072ceacc-f14a-494c-b049-5b6ad59b8d93/datanode-9/data/ratis/ac467e12-9736-4f47-8468-229576e6cfbd was interrupted, exiting. There are 0 tasks remaining in the queue.
2019-09-19 08:58:48,421 [main] INFO  segmented.SegmentedRaftLogWorker (SegmentedRaftLogWorker.java:close(228)) - 1ad3fd21-b666-4d4e-8138-b5cd04f973fd-SegmentedRaftLogWorker:Storage Directory /workdir/hadoop-ozone/integration-test/target/test-dir/MiniOzoneClusterImpl-072ceacc-f14a-494c-b049-5b6ad59b8d93/datanode-9/data/ratis/ac467e12-9736-4f47-8468-229576e6cfbd close()
2019-09-19 08:58:48,421 [main] INFO  impl.RaftServerImpl (RaftServerImpl.java:lambda$shutdown$3(245)) - 1ad3fd21-b666-4d4e-8138-b5cd04f973fd: shutdown group-81164160C6D0
2019-09-19 08:58:48,421 [main] INFO  util.JmxRegister (JmxRegister.java:unregister(73)) - Successfully un-registered JMX Bean with object name Ratis:service=RaftServer,group=group-81164160C6D0,id=1ad3fd21-b666-4d4e-8138-b5cd04f973fd
2019-09-19 08:58:48,422 [main] INFO  impl.RoleInfo (RoleInfo.java:shutdownLeaderState(104)) - 1ad3fd21-b666-4d4e-8138-b5cd04f973fd: shutdown LeaderState
2019-09-19 08:58:48,422 [main] INFO  impl.PendingRequests (PendingRequests.java:sendNotLeaderResponses(202)) - 1ad3fd21-b666-4d4e-8138-b5cd04f973fd-PendingRequests: sendNotLeaderResponses
2019-09-19 08:58:48,422 [main] INFO  impl.StateMachineUpdater (StateMachineUpdater.java:stopAndJoin(115)) - StateMachineUpdater:1ad3fd21-b666-4d4e-8138-b5cd04f973fd:group-81164160C6D0: set stopIndex = 0
2019-09-19 08:58:48,423 [main] INFO  impl.RaftServerImpl (ServerState.java:close(394)) - 1ad3fd21-b666-4d4e-8138-b5cd04f973fd:group-81164160C6D0 closes. The last applied log index is 0
2019-09-19 08:58:48,423 [ForkJoinPool.commonPool-worker-1] INFO  ozoneimpl.OzoneContainer (OzoneContainer.java:stop(199)) - Attempting to stop container services.
2019-09-19 08:58:48,423 [ForkJoinPool.commonPool-worker-1] INFO  impl.RaftServerProxy (RaftServerProxy.java:lambda$close$4(314)) - 8a96a672-7e2f-4b1c-ac1e-ddd5d18a6d5d: close
2019-09-19 08:58:48,423 [1ad3fd21-b666-4d4e-8138-b5cd04f973fd-SegmentedRaftLogWorker:Storage Directory /workdir/hadoop-ozone/integration-test/target/test-dir/MiniOzoneClusterImpl-072ceacc-f14a-494c-b049-5b6ad59b8d93/datanode-9/data/ratis/6d6a321f-5672-451d-bd14-81164160c6d0] INFO  segmented.SegmentedRaftLogWorker (SegmentedRaftLogWorker.java:run(313)) - 1ad3fd21-b666-4d4e-8138-b5cd04f973fd-SegmentedRaftLogWorker:Storage Directory /workdir/hadoop-ozone/integration-test/target/test-dir/MiniOzoneClusterImpl-072ceacc-f14a-494c-b049-5b6ad59b8d93/datanode-9/data/ratis/6d6a321f-5672-451d-bd14-81164160c6d0 was interrupted, exiting. There are 0 tasks remaining in the queue.
2019-09-19 08:58:48,423 [ForkJoinPool.commonPool-worker-1] INFO  impl.RaftServerImpl (RaftServerImpl.java:lambda$shutdown$3(245)) - 8a96a672-7e2f-4b1c-ac1e-ddd5d18a6d5d: shutdown group-BBC11D96B68A
2019-09-19 08:58:48,424 [main] INFO  segmented.SegmentedRaftLogWorker (SegmentedRaftLogWorker.java:close(228)) - 1ad3fd21-b666-4d4e-8138-b5cd04f973fd-SegmentedRaftLogWorker:Storage Directory /workdir/hadoop-ozone/integration-test/target/test-dir/MiniOzoneClusterImpl-072ceacc-f14a-494c-b049-5b6ad59b8d93/datanode-9/data/ratis/6d6a321f-5672-451d-bd14-81164160c6d0 close()
2019-09-19 08:58:48,424 [ForkJoinPool.commonPool-worker-1] INFO  util.JmxRegister (JmxRegister.java:unregister(73)) - Successfully un-registered JMX Bean with object name Ratis:service=RaftServer,group=group-BBC11D96B68A,id=8a96a672-7e2f-4b1c-ac1e-ddd5d18a6d5d
2019-09-19 08:58:48,424 [main] INFO  impl.RaftServerImpl (RaftServerImpl.java:lambda$shutdown$3(245)) - 1ad3fd21-b666-4d4e-8138-b5cd04f973fd: shutdown group-989E75988830
2019-09-19 08:58:48,424 [ForkJoinPool.commonPool-worker-1] INFO  impl.RoleInfo (RoleInfo.java:shutdownLeaderState(104)) - 8a96a672-7e2f-4b1c-ac1e-ddd5d18a6d5d: shutdown LeaderState
2019-09-19 08:58:48,425 [main] INFO  util.JmxRegister (JmxRegister.java:unregister(73)) - Successfully un-registered JMX Bean with object name Ratis:service=RaftServer,group=group-989E75988830,id=1ad3fd21-b666-4d4e-8138-b5cd04f973fd
2019-09-19 08:58:48,425 [ForkJoinPool.commonPool-worker-1] INFO  impl.PendingRequests (PendingRequests.java:sendNotLeaderResponses(202)) - 8a96a672-7e2f-4b1c-ac1e-ddd5d18a6d5d-PendingRequests: sendNotLeaderResponses
2019-09-19 08:58:48,425 [main] INFO  impl.RoleInfo (RoleInfo.java:shutdownLeaderState(104)) - 1ad3fd21-b666-4d4e-8138-b5cd04f973fd: shutdown LeaderState
2019-09-19 08:58:48,425 [ForkJoinPool.commonPool-worker-1] INFO  impl.StateMachineUpdater (StateMachineUpdater.java:stopAndJoin(115)) - StateMachineUpdater:8a96a672-7e2f-4b1c-ac1e-ddd5d18a6d5d:group-BBC11D96B68A: set stopIndex = 0
2019-09-19 08:58:48,426 [main] INFO  impl.PendingRequests (PendingRequests.java:sendNotLeaderResponses(202)) - 1ad3fd21-b666-4d4e-8138-b5cd04f973fd-PendingRequests: sendNotLeaderResponses
2019-09-19 08:58:48,426 [ForkJoinPool.commonPool-worker-1] INFO  impl.RaftServerImpl (ServerState.java:close(394)) - 8a96a672-7e2f-4b1c-ac1e-ddd5d18a6d5d:group-BBC11D96B68A closes. The last applied log index is 0
2019-09-19 08:58:48,426 [main] INFO  impl.StateMachineUpdater (StateMachineUpdater.java:stopAndJoin(115)) - StateMachineUpdater:1ad3fd21-b666-4d4e-8138-b5cd04f973fd:group-989E75988830: set stopIndex = 0
2019-09-19 08:58:48,426 [8a96a672-7e2f-4b1c-ac1e-ddd5d18a6d5d-SegmentedRaftLogWorker:Storage Directory /workdir/hadoop-ozone/integration-test/target/test-dir/MiniOzoneClusterImpl-072ceacc-f14a-494c-b049-5b6ad59b8d93/datanode-0/data/ratis/cb324c75-d6a8-42bb-a8c8-bbc11d96b68a] INFO  segmented.SegmentedRaftLogWorker (SegmentedRaftLogWorker.java:run(313)) - 8a96a672-7e2f-4b1c-ac1e-ddd5d18a6d5d-SegmentedRaftLogWorker:Storage Directory /workdir/hadoop-ozone/integration-test/target/test-dir/MiniOzoneClusterImpl-072ceacc-f14a-494c-b049-5b6ad59b8d93/datanode-0/data/ratis/cb324c75-d6a8-42bb-a8c8-bbc11d96b68a was interrupted, exiting. There are 0 tasks remaining in the queue.
2019-09-19 08:58:48,427 [main] INFO  impl.RaftServerImpl (ServerState.java:close(394)) - 1ad3fd21-b666-4d4e-8138-b5cd04f973fd:group-989E75988830 closes. The last applied log index is 0
2019-09-19 08:58:48,427 [ForkJoinPool.commonPool-worker-1] INFO  segmented.SegmentedRaftLogWorker (SegmentedRaftLogWorker.java:close(228)) - 8a96a672-7e2f-4b1c-ac1e-ddd5d18a6d5d-SegmentedRaftLogWorker:Storage Directory /workdir/hadoop-ozone/integration-test/target/test-dir/MiniOzoneClusterImpl-072ceacc-f14a-494c-b049-5b6ad59b8d93/datanode-0/data/ratis/cb324c75-d6a8-42bb-a8c8-bbc11d96b68a close()
2019-09-19 08:58:48,427 [1ad3fd21-b666-4d4e-8138-b5cd04f973fd-SegmentedRaftLogWorker:Storage Directory /workdir/hadoop-ozone/integration-test/target/test-dir/MiniOzoneClusterImpl-072ceacc-f14a-494c-b049-5b6ad59b8d93/datanode-9/data/ratis/ad7f1bd1-97c9-4407-bfcf-989e75988830] INFO  segmented.SegmentedRaftLogWorker (SegmentedRaftLogWorker.java:run(313)) - 1ad3fd21-b666-4d4e-8138-b5cd04f973fd-SegmentedRaftLogWorker:Storage Directory /workdir/hadoop-ozone/integration-test/target/test-dir/MiniOzoneClusterImpl-072ceacc-f14a-494c-b049-5b6ad59b8d93/datanode-9/data/ratis/ad7f1bd1-97c9-4407-bfcf-989e75988830 was interrupted, exiting. There are 0 tasks remaining in the queue.
2019-09-19 08:58:48,427 [ForkJoinPool.commonPool-worker-1] INFO  impl.RaftServerImpl (RaftServerImpl.java:lambda$shutdown$3(245)) - 8a96a672-7e2f-4b1c-ac1e-ddd5d18a6d5d: shutdown group-A52E20FB270C
2019-09-19 08:58:48,427 [main] INFO  segmented.SegmentedRaftLogWorker (SegmentedRaftLogWorker.java:close(228)) - 1ad3fd21-b666-4d4e-8138-b5cd04f973fd-SegmentedRaftLogWorker:Storage Directory /workdir/hadoop-ozone/integration-test/target/test-dir/MiniOzoneClusterImpl-072ceacc-f14a-494c-b049-5b6ad59b8d93/datanode-9/data/ratis/ad7f1bd1-97c9-4407-bfcf-989e75988830 close()
2019-09-19 08:58:48,428 [ForkJoinPool.commonPool-worker-1] INFO  util.JmxRegister (JmxRegister.java:unregister(73)) - Successfully un-registered JMX Bean with object name Ratis:service=RaftServer,group=group-A52E20FB270C,id=8a96a672-7e2f-4b1c-ac1e-ddd5d18a6d5d
2019-09-19 08:58:48,428 [main] INFO  impl.RaftServerImpl (RaftServerImpl.java:lambda$shutdown$3(245)) - 1ad3fd21-b666-4d4e-8138-b5cd04f973fd: shutdown group-38EF4044C7B5
2019-09-19 08:58:48,428 [ForkJoinPool.commonPool-worker-1] INFO  impl.RoleInfo (RoleInfo.java:shutdownLeaderState(104)) - 8a96a672-7e2f-4b1c-ac1e-ddd5d18a6d5d: shutdown LeaderState
2019-09-19 08:58:48,428 [main] INFO  util.JmxRegister (JmxRegister.java:unregister(73)) - Successfully un-registered JMX Bean with object name Ratis:service=RaftServer,group=group-38EF4044C7B5,id=1ad3fd21-b666-4d4e-8138-b5cd04f973fd
2019-09-19 08:58:48,429 [ForkJoinPool.commonPool-worker-1] INFO  impl.PendingRequests (PendingRequests.java:sendNotLeaderResponses(202)) - 8a96a672-7e2f-4b1c-ac1e-ddd5d18a6d5d-PendingRequests: sendNotLeaderResponses
2019-09-19 08:58:48,429 [main] INFO  impl.RoleInfo (RoleInfo.java:shutdownLeaderState(104)) - 1ad3fd21-b666-4d4e-8138-b5cd04f973fd: shutdown LeaderState
2019-09-19 08:58:48,429 [ForkJoinPool.commonPool-worker-1] INFO  impl.StateMachineUpdater (StateMachineUpdater.java:stopAndJoin(115)) - StateMachineUpdater:8a96a672-7e2f-4b1c-ac1e-ddd5d18a6d5d:group-A52E20FB270C: set stopIndex = 0
2019-09-19 08:58:48,430 [main] INFO  impl.PendingRequests (PendingRequests.java:sendNotLeaderResponses(202)) - 1ad3fd21-b666-4d4e-8138-b5cd04f973fd-PendingRequests: sendNotLeaderResponses
2019-09-19 08:58:48,430 [ForkJoinPool.commonPool-worker-1] INFO  impl.RaftServerImpl (ServerState.java:close(394)) - 8a96a672-7e2f-4b1c-ac1e-ddd5d18a6d5d:group-A52E20FB270C closes. The last applied log index is 0
2019-09-19 08:58:48,430 [main] INFO  impl.StateMachineUpdater (StateMachineUpdater.java:stopAndJoin(115)) - StateMachineUpdater:1ad3fd21-b666-4d4e-8138-b5cd04f973fd:group-38EF4044C7B5: set stopIndex = 0
2019-09-19 08:58:48,430 [8a96a672-7e2f-4b1c-ac1e-ddd5d18a6d5d-SegmentedRaftLogWorker:Storage Directory /workdir/hadoop-ozone/integration-test/target/test-dir/MiniOzoneClusterImpl-072ceacc-f14a-494c-b049-5b6ad59b8d93/datanode-0/data/ratis/4277a7d7-e1c2-4bc2-a78a-a52e20fb270c] INFO  segmented.SegmentedRaftLogWorker (SegmentedRaftLogWorker.java:run(313)) - 8a96a672-7e2f-4b1c-ac1e-ddd5d18a6d5d-SegmentedRaftLogWorker:Storage Directory /workdir/hadoop-ozone/integration-test/target/test-dir/MiniOzoneClusterImpl-072ceacc-f14a-494c-b049-5b6ad59b8d93/datanode-0/data/ratis/4277a7d7-e1c2-4bc2-a78a-a52e20fb270c was interrupted, exiting. There are 0 tasks remaining in the queue.
2019-09-19 08:58:48,430 [main] INFO  impl.RaftServerImpl (ServerState.java:close(394)) - 1ad3fd21-b666-4d4e-8138-b5cd04f973fd:group-38EF4044C7B5 closes. The last applied log index is 0
2019-09-19 08:58:48,431 [ForkJoinPool.commonPool-worker-1] INFO  segmented.SegmentedRaftLogWorker (SegmentedRaftLogWorker.java:close(228)) - 8a96a672-7e2f-4b1c-ac1e-ddd5d18a6d5d-SegmentedRaftLogWorker:Storage Directory /workdir/hadoop-ozone/integration-test/target/test-dir/MiniOzoneClusterImpl-072ceacc-f14a-494c-b049-5b6ad59b8d93/datanode-0/data/ratis/4277a7d7-e1c2-4bc2-a78a-a52e20fb270c close()
2019-09-19 08:58:48,431 [1ad3fd21-b666-4d4e-8138-b5cd04f973fd-SegmentedRaftLogWorker:Storage Directory /workdir/hadoop-ozone/integration-test/target/test-dir/MiniOzoneClusterImpl-072ceacc-f14a-494c-b049-5b6ad59b8d93/datanode-9/data/ratis/681c3c15-1919-41e6-8393-38ef4044c7b5] INFO  segmented.SegmentedRaftLogWorker (SegmentedRaftLogWorker.java:run(313)) - 1ad3fd21-b666-4d4e-8138-b5cd04f973fd-SegmentedRaftLogWorker:Storage Directory /workdir/hadoop-ozone/integration-test/target/test-dir/MiniOzoneClusterImpl-072ceacc-f14a-494c-b049-5b6ad59b8d93/datanode-9/data/ratis/681c3c15-1919-41e6-8393-38ef4044c7b5 was interrupted, exiting. There are 0 tasks remaining in the queue.
2019-09-19 08:58:48,431 [ForkJoinPool.commonPool-worker-1] INFO  impl.RaftServerImpl (RaftServerImpl.java:lambda$shutdown$3(245)) - 8a96a672-7e2f-4b1c-ac1e-ddd5d18a6d5d: shutdown group-F3500563B75C
2019-09-19 08:58:48,431 [main] INFO  segmented.SegmentedRaftLogWorker (SegmentedRaftLogWorker.java:close(228)) - 1ad3fd21-b666-4d4e-8138-b5cd04f973fd-SegmentedRaftLogWorker:Storage Directory /workdir/hadoop-ozone/integration-test/target/test-dir/MiniOzoneClusterImpl-072ceacc-f14a-494c-b049-5b6ad59b8d93/datanode-9/data/ratis/681c3c15-1919-41e6-8393-38ef4044c7b5 close()
2019-09-19 08:58:48,431 [ForkJoinPool.commonPool-worker-1] INFO  util.JmxRegister (JmxRegister.java:unregister(73)) - Successfully un-registered JMX Bean with object name Ratis:service=RaftServer,group=group-F3500563B75C,id=8a96a672-7e2f-4b1c-ac1e-ddd5d18a6d5d
2019-09-19 08:58:48,432 [main] INFO  server.GrpcService (GrpcService.java:closeImpl(155)) - 1ad3fd21-b666-4d4e-8138-b5cd04f973fd: shutdown server with port 40478 now
2019-09-19 08:58:48,432 [ForkJoinPool.commonPool-worker-1] INFO  impl.RoleInfo (RoleInfo.java:shutdownLeaderState(104)) - 8a96a672-7e2f-4b1c-ac1e-ddd5d18a6d5d: shutdown LeaderState
2019-09-19 08:58:48,434 [ForkJoinPool.commonPool-worker-1] INFO  impl.PendingRequests (PendingRequests.java:sendNotLeaderResponses(202)) - 8a96a672-7e2f-4b1c-ac1e-ddd5d18a6d5d-PendingRequests: sendNotLeaderResponses
2019-09-19 08:58:48,434 [main] INFO  server.GrpcService (GrpcService.java:closeImpl(163)) - 1ad3fd21-b666-4d4e-8138-b5cd04f973fd: shutdown server with port 40478 successfully
2019-09-19 08:58:48,434 [ForkJoinPool.commonPool-worker-1] INFO  impl.StateMachineUpdater (StateMachineUpdater.java:stopAndJoin(115)) - StateMachineUpdater:8a96a672-7e2f-4b1c-ac1e-ddd5d18a6d5d:group-F3500563B75C: set stopIndex = 0
2019-09-19 08:58:48,435 [ForkJoinPool.commonPool-worker-1] INFO  impl.RaftServerImpl (ServerState.java:close(394)) - 8a96a672-7e2f-4b1c-ac1e-ddd5d18a6d5d:group-F3500563B75C closes. The last applied log index is 0
2019-09-19 08:58:48,435 [main] INFO  utils.BackgroundService (BackgroundService.java:shutdown(148)) - Shutting down service BlockDeletingService
2019-09-19 08:58:48,435 [8a96a672-7e2f-4b1c-ac1e-ddd5d18a6d5d-SegmentedRaftLogWorker:Storage Directory /workdir/hadoop-ozone/integration-test/target/test-dir/MiniOzoneClusterImpl-072ceacc-f14a-494c-b049-5b6ad59b8d93/datanode-0/data/ratis/d4df4af2-23c4-4213-be1c-f3500563b75c] INFO  segmented.SegmentedRaftLogWorker (SegmentedRaftLogWorker.java:run(313)) - 8a96a672-7e2f-4b1c-ac1e-ddd5d18a6d5d-SegmentedRaftLogWorker:Storage Directory /workdir/hadoop-ozone/integration-test/target/test-dir/MiniOzoneClusterImpl-072ceacc-f14a-494c-b049-5b6ad59b8d93/datanode-0/data/ratis/d4df4af2-23c4-4213-be1c-f3500563b75c was interrupted, exiting. There are 0 tasks remaining in the queue.
2019-09-19 08:58:48,436 [ForkJoinPool.commonPool-worker-1] INFO  segmented.SegmentedRaftLogWorker (SegmentedRaftLogWorker.java:close(228)) - 8a96a672-7e2f-4b1c-ac1e-ddd5d18a6d5d-SegmentedRaftLogWorker:Storage Directory /workdir/hadoop-ozone/integration-test/target/test-dir/MiniOzoneClusterImpl-072ceacc-f14a-494c-b049-5b6ad59b8d93/datanode-0/data/ratis/d4df4af2-23c4-4213-be1c-f3500563b75c close()
2019-09-19 08:58:48,436 [refreshUsed-/workdir/hadoop-ozone/integration-test/target/test-dir/MiniOzoneClusterImpl-072ceacc-f14a-494c-b049-5b6ad59b8d93/datanode-9/data/containers] WARN  fs.CachingGetSpaceUsed (CachingGetSpaceUsed.java:run(183)) - Thread Interrupted waiting to refresh disk information: sleep interrupted
2019-09-19 08:58:48,436 [ForkJoinPool.commonPool-worker-1] INFO  impl.RaftServerImpl (RaftServerImpl.java:lambda$shutdown$3(245)) - 8a96a672-7e2f-4b1c-ac1e-ddd5d18a6d5d: shutdown group-6FDF181430D3
2019-09-19 08:58:48,436 [ForkJoinPool.commonPool-worker-1] INFO  util.JmxRegister (JmxRegister.java:unregister(73)) - Successfully un-registered JMX Bean with object name Ratis:service=RaftServer,group=group-6FDF181430D3,id=8a96a672-7e2f-4b1c-ac1e-ddd5d18a6d5d
2019-09-19 08:58:48,436 [ForkJoinPool.commonPool-worker-1] INFO  impl.RoleInfo (RoleInfo.java:shutdownLeaderState(104)) - 8a96a672-7e2f-4b1c-ac1e-ddd5d18a6d5d: shutdown LeaderState
2019-09-19 08:58:48,437 [ForkJoinPool.commonPool-worker-1] INFO  impl.PendingRequests (PendingRequests.java:sendNotLeaderResponses(202)) - 8a96a672-7e2f-4b1c-ac1e-ddd5d18a6d5d-PendingRequests: sendNotLeaderResponses
2019-09-19 08:58:48,437 [ForkJoinPool.commonPool-worker-1] INFO  impl.StateMachineUpdater (StateMachineUpdater.java:stopAndJoin(115)) - StateMachineUpdater:8a96a672-7e2f-4b1c-ac1e-ddd5d18a6d5d:group-6FDF181430D3: set stopIndex = 0
2019-09-19 08:58:48,438 [ForkJoinPool.commonPool-worker-1] INFO  impl.RaftServerImpl (ServerState.java:close(394)) - 8a96a672-7e2f-4b1c-ac1e-ddd5d18a6d5d:group-6FDF181430D3 closes. The last applied log index is 0
2019-09-19 08:58:48,438 [8a96a672-7e2f-4b1c-ac1e-ddd5d18a6d5d-SegmentedRaftLogWorker:Storage Directory /workdir/hadoop-ozone/integration-test/target/test-dir/MiniOzoneClusterImpl-072ceacc-f14a-494c-b049-5b6ad59b8d93/datanode-0/data/ratis/9d3b2d65-7677-4c7e-acd3-6fdf181430d3] INFO  segmented.SegmentedRaftLogWorker (SegmentedRaftLogWorker.java:run(313)) - 8a96a672-7e2f-4b1c-ac1e-ddd5d18a6d5d-SegmentedRaftLogWorker:Storage Directory /workdir/hadoop-ozone/integration-test/target/test-dir/MiniOzoneClusterImpl-072ceacc-f14a-494c-b049-5b6ad59b8d93/datanode-0/data/ratis/9d3b2d65-7677-4c7e-acd3-6fdf181430d3 was interrupted, exiting. There are 0 tasks remaining in the queue.
2019-09-19 08:58:48,438 [ForkJoinPool.commonPool-worker-1] INFO  segmented.SegmentedRaftLogWorker (SegmentedRaftLogWorker.java:close(228)) - 8a96a672-7e2f-4b1c-ac1e-ddd5d18a6d5d-SegmentedRaftLogWorker:Storage Directory /workdir/hadoop-ozone/integration-test/target/test-dir/MiniOzoneClusterImpl-072ceacc-f14a-494c-b049-5b6ad59b8d93/datanode-0/data/ratis/9d3b2d65-7677-4c7e-acd3-6fdf181430d3 close()
2019-09-19 08:58:48,439 [ForkJoinPool.commonPool-worker-1] INFO  impl.RaftServerImpl (RaftServerImpl.java:lambda$shutdown$3(245)) - 8a96a672-7e2f-4b1c-ac1e-ddd5d18a6d5d: shutdown group-BAC6AA20B23B
2019-09-19 08:58:48,439 [ForkJoinPool.commonPool-worker-1] INFO  util.JmxRegister (JmxRegister.java:unregister(73)) - Successfully un-registered JMX Bean with object name Ratis:service=RaftServer,group=group-BAC6AA20B23B,id=8a96a672-7e2f-4b1c-ac1e-ddd5d18a6d5d
2019-09-19 08:58:48,439 [ForkJoinPool.commonPool-worker-1] INFO  impl.RoleInfo (RoleInfo.java:shutdownLeaderState(104)) - 8a96a672-7e2f-4b1c-ac1e-ddd5d18a6d5d: shutdown LeaderState
2019-09-19 08:58:48,440 [ForkJoinPool.commonPool-worker-1] INFO  impl.PendingRequests (PendingRequests.java:sendNotLeaderResponses(202)) - 8a96a672-7e2f-4b1c-ac1e-ddd5d18a6d5d-PendingRequests: sendNotLeaderResponses
2019-09-19 08:58:48,440 [ForkJoinPool.commonPool-worker-1] INFO  impl.StateMachineUpdater (StateMachineUpdater.java:stopAndJoin(115)) - StateMachineUpdater:8a96a672-7e2f-4b1c-ac1e-ddd5d18a6d5d:group-BAC6AA20B23B: set stopIndex = 0
2019-09-19 08:58:48,440 [ForkJoinPool.commonPool-worker-1] INFO  impl.RaftServerImpl (ServerState.java:close(394)) - 8a96a672-7e2f-4b1c-ac1e-ddd5d18a6d5d:group-BAC6AA20B23B closes. The last applied log index is 0
2019-09-19 08:58:48,441 [8a96a672-7e2f-4b1c-ac1e-ddd5d18a6d5d-SegmentedRaftLogWorker:Storage Directory /workdir/hadoop-ozone/integration-test/target/test-dir/MiniOzoneClusterImpl-072ceacc-f14a-494c-b049-5b6ad59b8d93/datanode-0/data/ratis/d7bac842-c4d3-4ae1-bcab-bac6aa20b23b] INFO  segmented.SegmentedRaftLogWorker (SegmentedRaftLogWorker.java:run(313)) - 8a96a672-7e2f-4b1c-ac1e-ddd5d18a6d5d-SegmentedRaftLogWorker:Storage Directory /workdir/hadoop-ozone/integration-test/target/test-dir/MiniOzoneClusterImpl-072ceacc-f14a-494c-b049-5b6ad59b8d93/datanode-0/data/ratis/d7bac842-c4d3-4ae1-bcab-bac6aa20b23b was interrupted, exiting. There are 0 tasks remaining in the queue.
2019-09-19 08:58:48,441 [ForkJoinPool.commonPool-worker-1] INFO  segmented.SegmentedRaftLogWorker (SegmentedRaftLogWorker.java:close(228)) - 8a96a672-7e2f-4b1c-ac1e-ddd5d18a6d5d-SegmentedRaftLogWorker:Storage Directory /workdir/hadoop-ozone/integration-test/target/test-dir/MiniOzoneClusterImpl-072ceacc-f14a-494c-b049-5b6ad59b8d93/datanode-0/data/ratis/d7bac842-c4d3-4ae1-bcab-bac6aa20b23b close()
2019-09-19 08:58:48,441 [ForkJoinPool.commonPool-worker-1] INFO  impl.RaftServerImpl (RaftServerImpl.java:lambda$shutdown$3(245)) - 8a96a672-7e2f-4b1c-ac1e-ddd5d18a6d5d: shutdown group-5AF214744F2C
2019-09-19 08:58:48,441 [ForkJoinPool.commonPool-worker-1] INFO  util.JmxRegister (JmxRegister.java:unregister(73)) - Successfully un-registered JMX Bean with object name Ratis:service=RaftServer,group=group-5AF214744F2C,id=8a96a672-7e2f-4b1c-ac1e-ddd5d18a6d5d
2019-09-19 08:58:48,442 [ForkJoinPool.commonPool-worker-1] INFO  impl.RoleInfo (RoleInfo.java:shutdownLeaderState(104)) - 8a96a672-7e2f-4b1c-ac1e-ddd5d18a6d5d: shutdown LeaderState
2019-09-19 08:58:48,442 [ForkJoinPool.commonPool-worker-1] INFO  impl.PendingRequests (PendingRequests.java:sendNotLeaderResponses(202)) - 8a96a672-7e2f-4b1c-ac1e-ddd5d18a6d5d-PendingRequests: sendNotLeaderResponses
2019-09-19 08:58:48,442 [ForkJoinPool.commonPool-worker-1] INFO  impl.StateMachineUpdater (StateMachineUpdater.java:stopAndJoin(115)) - StateMachineUpdater:8a96a672-7e2f-4b1c-ac1e-ddd5d18a6d5d:group-5AF214744F2C: set stopIndex = 0
2019-09-19 08:58:48,442 [ForkJoinPool.commonPool-worker-1] INFO  impl.RaftServerImpl (ServerState.java:close(394)) - 8a96a672-7e2f-4b1c-ac1e-ddd5d18a6d5d:group-5AF214744F2C closes. The last applied log index is 0
2019-09-19 08:58:48,443 [8a96a672-7e2f-4b1c-ac1e-ddd5d18a6d5d-SegmentedRaftLogWorker:Storage Directory /workdir/hadoop-ozone/integration-test/target/test-dir/MiniOzoneClusterImpl-072ceacc-f14a-494c-b049-5b6ad59b8d93/datanode-0/data/ratis/9e43a7a9-3f43-4c52-94ef-5af214744f2c] INFO  segmented.SegmentedRaftLogWorker (SegmentedRaftLogWorker.java:run(313)) - 8a96a672-7e2f-4b1c-ac1e-ddd5d18a6d5d-SegmentedRaftLogWorker:Storage Directory /workdir/hadoop-ozone/integration-test/target/test-dir/MiniOzoneClusterImpl-072ceacc-f14a-494c-b049-5b6ad59b8d93/datanode-0/data/ratis/9e43a7a9-3f43-4c52-94ef-5af214744f2c was interrupted, exiting. There are 0 tasks remaining in the queue.
2019-09-19 08:58:48,443 [ForkJoinPool.commonPool-worker-1] INFO  segmented.SegmentedRaftLogWorker (SegmentedRaftLogWorker.java:close(228)) - 8a96a672-7e2f-4b1c-ac1e-ddd5d18a6d5d-SegmentedRaftLogWorker:Storage Directory /workdir/hadoop-ozone/integration-test/target/test-dir/MiniOzoneClusterImpl-072ceacc-f14a-494c-b049-5b6ad59b8d93/datanode-0/data/ratis/9e43a7a9-3f43-4c52-94ef-5af214744f2c close()
2019-09-19 08:58:48,443 [ForkJoinPool.commonPool-worker-1] INFO  server.GrpcService (GrpcService.java:closeImpl(155)) - 8a96a672-7e2f-4b1c-ac1e-ddd5d18a6d5d: shutdown server with port 45218 now
2019-09-19 08:58:48,444 [ForkJoinPool.commonPool-worker-1] INFO  server.GrpcService (GrpcService.java:closeImpl(163)) - 8a96a672-7e2f-4b1c-ac1e-ddd5d18a6d5d: shutdown server with port 45218 successfully
2019-09-19 08:58:48,445 [ForkJoinPool.commonPool-worker-1] INFO  utils.BackgroundService (BackgroundService.java:shutdown(148)) - Shutting down service BlockDeletingService
2019-09-19 08:58:48,446 [refreshUsed-/workdir/hadoop-ozone/integration-test/target/test-dir/MiniOzoneClusterImpl-072ceacc-f14a-494c-b049-5b6ad59b8d93/datanode-0/data/containers] WARN  fs.CachingGetSpaceUsed (CachingGetSpaceUsed.java:run(183)) - Thread Interrupted waiting to refresh disk information: sleep interrupted
2019-09-19 08:58:48,457 [main] INFO  statemachine.DatanodeStateMachine (DatanodeStateMachine.java:stopDaemon(395)) - Ozone container server stopped.
2019-09-19 08:58:48,459 [main] INFO  handler.ContextHandler (ContextHandler.java:doStop(910)) - Stopped o.e.j.w.WebAppContext@6f8ac8d5{/,null,UNAVAILABLE}{/hddsDatanode}
2019-09-19 08:58:48,459 [main] INFO  server.AbstractConnector (AbstractConnector.java:doStop(318)) - Stopped ServerConnector@370225c7{HTTP/1.1,[http/1.1]}{0.0.0.0:0}
2019-09-19 08:58:48,459 [main] INFO  handler.ContextHandler (ContextHandler.java:doStop(910)) - Stopped o.e.j.s.ServletContextHandler@37e55819{/static,jar:file:/home/user/.m2/repository/org/apache/hadoop/hadoop-hdds-container-service/0.5.0-SNAPSHOT/hadoop-hdds-container-service-0.5.0-SNAPSHOT.jar!/webapps/static,UNAVAILABLE}
2019-09-19 08:58:48,460 [main] INFO  handler.ContextHandler (ContextHandler.java:doStop(910)) - Stopped o.e.j.s.ServletContextHandler@213835b6{/logs,file:///workdir/hadoop-ozone/integration-test/target/log,UNAVAILABLE}
2019-09-19 08:58:48,460 [main] INFO  datanode.ObjectStoreHandler (ObjectStoreHandler.java:close(155)) - Closing ObjectStoreHandler.
2019-09-19 08:58:48,461 [main] INFO  ozone.HddsDatanodeService (HddsDatanodeService.java:stop(451)) - Stopped plug-in org.apache.hadoop.ozone.web.OzoneHddsDatanodeService@c318864
2019-09-19 08:58:48,467 [ForkJoinPool.commonPool-worker-1] INFO  statemachine.DatanodeStateMachine (DatanodeStateMachine.java:stopDaemon(395)) - Ozone container server stopped.
2019-09-19 08:58:48,470 [ForkJoinPool.commonPool-worker-1] INFO  handler.ContextHandler (ContextHandler.java:doStop(910)) - Stopped o.e.j.w.WebAppContext@5ea4300e{/,null,UNAVAILABLE}{/hddsDatanode}
2019-09-19 08:58:48,470 [ForkJoinPool.commonPool-worker-1] INFO  server.AbstractConnector (AbstractConnector.java:doStop(318)) - Stopped ServerConnector@5a1c3cb4{HTTP/1.1,[http/1.1]}{0.0.0.0:0}
2019-09-19 08:58:48,471 [ForkJoinPool.commonPool-worker-1] INFO  handler.ContextHandler (ContextHandler.java:doStop(910)) - Stopped o.e.j.s.ServletContextHandler@671d1157{/static,jar:file:/home/user/.m2/repository/org/apache/hadoop/hadoop-hdds-container-service/0.5.0-SNAPSHOT/hadoop-hdds-container-service-0.5.0-SNAPSHOT.jar!/webapps/static,UNAVAILABLE}
2019-09-19 08:58:48,472 [ForkJoinPool.commonPool-worker-1] INFO  handler.ContextHandler (ContextHandler.java:doStop(910)) - Stopped o.e.j.s.ServletContextHandler@68b9834c{/logs,file:///workdir/hadoop-ozone/integration-test/target/log,UNAVAILABLE}
2019-09-19 08:58:48,473 [ForkJoinPool.commonPool-worker-1] INFO  datanode.ObjectStoreHandler (ObjectStoreHandler.java:close(155)) - Closing ObjectStoreHandler.
2019-09-19 08:58:48,473 [ForkJoinPool.commonPool-worker-1] INFO  ozone.HddsDatanodeService (HddsDatanodeService.java:stop(451)) - Stopped plug-in org.apache.hadoop.ozone.web.OzoneHddsDatanodeService@764a3e5d
2019-09-19 08:58:48,555 [Datanode State Machine Thread - 0] INFO  statemachine.DatanodeStateMachine (DatanodeStateMachine.java:lambda$startDaemon$0(350)) - Ozone container server started.
2019-09-19 08:58:49,034 [Datanode State Machine Thread - 0] INFO  statemachine.DatanodeStateMachine (DatanodeStateMachine.java:lambda$startDaemon$0(350)) - Ozone container server started.
2019-09-19 08:58:53,462 [main] INFO  ozoneimpl.OzoneContainer (OzoneContainer.java:stop(199)) - Attempting to stop container services.
2019-09-19 08:58:53,463 [main] INFO  impl.RaftServerProxy (RaftServerProxy.java:lambda$close$4(314)) - a01737f6-7857-4616-835e-b1ff05ecf78f: close
2019-09-19 08:58:53,463 [main] INFO  impl.RaftServerImpl (RaftServerImpl.java:lambda$shutdown$3(245)) - a01737f6-7857-4616-835e-b1ff05ecf78f: shutdown group-68720849EEC2
2019-09-19 08:58:53,463 [main] INFO  util.JmxRegister (JmxRegister.java:unregister(73)) - Successfully un-registered JMX Bean with object name Ratis:service=RaftServer,group=group-68720849EEC2,id=a01737f6-7857-4616-835e-b1ff05ecf78f
2019-09-19 08:58:53,464 [main] INFO  impl.RoleInfo (RoleInfo.java:shutdownLeaderState(104)) - a01737f6-7857-4616-835e-b1ff05ecf78f: shutdown LeaderState
2019-09-19 08:58:53,464 [main] INFO  impl.PendingRequests (PendingRequests.java:sendNotLeaderResponses(202)) - a01737f6-7857-4616-835e-b1ff05ecf78f-PendingRequests: sendNotLeaderResponses
2019-09-19 08:58:53,465 [main] INFO  impl.StateMachineUpdater (StateMachineUpdater.java:stopAndJoin(115)) - StateMachineUpdater:a01737f6-7857-4616-835e-b1ff05ecf78f:group-68720849EEC2: set stopIndex = 0
2019-09-19 08:58:53,465 [main] INFO  impl.RaftServerImpl (ServerState.java:close(394)) - a01737f6-7857-4616-835e-b1ff05ecf78f:group-68720849EEC2 closes. The last applied log index is 0
2019-09-19 08:58:53,465 [a01737f6-7857-4616-835e-b1ff05ecf78f-SegmentedRaftLogWorker:Storage Directory /workdir/hadoop-ozone/integration-test/target/test-dir/MiniOzoneClusterImpl-072ceacc-f14a-494c-b049-5b6ad59b8d93/datanode-7/data/ratis/2fbfe33f-d9c8-456e-a5ce-68720849eec2] INFO  segmented.SegmentedRaftLogWorker (SegmentedRaftLogWorker.java:run(313)) - a01737f6-7857-4616-835e-b1ff05ecf78f-SegmentedRaftLogWorker:Storage Directory /workdir/hadoop-ozone/integration-test/target/test-dir/MiniOzoneClusterImpl-072ceacc-f14a-494c-b049-5b6ad59b8d93/datanode-7/data/ratis/2fbfe33f-d9c8-456e-a5ce-68720849eec2 was interrupted, exiting. There are 0 tasks remaining in the queue.
2019-09-19 08:58:53,466 [main] INFO  segmented.SegmentedRaftLogWorker (SegmentedRaftLogWorker.java:close(228)) - a01737f6-7857-4616-835e-b1ff05ecf78f-SegmentedRaftLogWorker:Storage Directory /workdir/hadoop-ozone/integration-test/target/test-dir/MiniOzoneClusterImpl-072ceacc-f14a-494c-b049-5b6ad59b8d93/datanode-7/data/ratis/2fbfe33f-d9c8-456e-a5ce-68720849eec2 close()
2019-09-19 08:58:53,466 [main] INFO  impl.RaftServerImpl (RaftServerImpl.java:lambda$shutdown$3(245)) - a01737f6-7857-4616-835e-b1ff05ecf78f: shutdown group-2E87ED444304
2019-09-19 08:58:53,467 [main] INFO  util.JmxRegister (JmxRegister.java:unregister(73)) - Successfully un-registered JMX Bean with object name Ratis:service=RaftServer,group=group-2E87ED444304,id=a01737f6-7857-4616-835e-b1ff05ecf78f
2019-09-19 08:58:53,467 [main] INFO  impl.RoleInfo (RoleInfo.java:shutdownLeaderState(104)) - a01737f6-7857-4616-835e-b1ff05ecf78f: shutdown LeaderState
2019-09-19 08:58:53,467 [main] INFO  impl.PendingRequests (PendingRequests.java:sendNotLeaderResponses(202)) - a01737f6-7857-4616-835e-b1ff05ecf78f-PendingRequests: sendNotLeaderResponses
2019-09-19 08:58:53,468 [main] INFO  impl.StateMachineUpdater (StateMachineUpdater.java:stopAndJoin(115)) - StateMachineUpdater:a01737f6-7857-4616-835e-b1ff05ecf78f:group-2E87ED444304: set stopIndex = 0
2019-09-19 08:58:53,468 [main] INFO  impl.RaftServerImpl (ServerState.java:close(394)) - a01737f6-7857-4616-835e-b1ff05ecf78f:group-2E87ED444304 closes. The last applied log index is 0
2019-09-19 08:58:53,468 [a01737f6-7857-4616-835e-b1ff05ecf78f-SegmentedRaftLogWorker:Storage Directory /workdir/hadoop-ozone/integration-test/target/test-dir/MiniOzoneClusterImpl-072ceacc-f14a-494c-b049-5b6ad59b8d93/datanode-7/data/ratis/dd385678-6c47-4620-b042-2e87ed444304] INFO  segmented.SegmentedRaftLogWorker (SegmentedRaftLogWorker.java:run(313)) - a01737f6-7857-4616-835e-b1ff05ecf78f-SegmentedRaftLogWorker:Storage Directory /workdir/hadoop-ozone/integration-test/target/test-dir/MiniOzoneClusterImpl-072ceacc-f14a-494c-b049-5b6ad59b8d93/datanode-7/data/ratis/dd385678-6c47-4620-b042-2e87ed444304 was interrupted, exiting. There are 0 tasks remaining in the queue.
2019-09-19 08:58:53,474 [ForkJoinPool.commonPool-worker-1] INFO  ozoneimpl.OzoneContainer (OzoneContainer.java:stop(199)) - Attempting to stop container services.
2019-09-19 08:58:53,474 [ForkJoinPool.commonPool-worker-1] INFO  impl.RaftServerProxy (RaftServerProxy.java:lambda$close$4(314)) - 356a349a-c9c9-49f9-a5b1-196804736fbc: close
2019-09-19 08:58:53,474 [ForkJoinPool.commonPool-worker-1] INFO  impl.RaftServerImpl (RaftServerImpl.java:lambda$shutdown$3(245)) - 356a349a-c9c9-49f9-a5b1-196804736fbc: shutdown group-1681E1107208
2019-09-19 08:58:53,474 [ForkJoinPool.commonPool-worker-1] INFO  util.JmxRegister (JmxRegister.java:unregister(73)) - Successfully un-registered JMX Bean with object name Ratis:service=RaftServer,group=group-1681E1107208,id=356a349a-c9c9-49f9-a5b1-196804736fbc
2019-09-19 08:58:53,475 [ForkJoinPool.commonPool-worker-1] INFO  impl.RoleInfo (RoleInfo.java:shutdownLeaderState(104)) - 356a349a-c9c9-49f9-a5b1-196804736fbc: shutdown LeaderState
2019-09-19 08:58:53,475 [ForkJoinPool.commonPool-worker-1] INFO  impl.PendingRequests (PendingRequests.java:sendNotLeaderResponses(202)) - 356a349a-c9c9-49f9-a5b1-196804736fbc-PendingRequests: sendNotLeaderResponses
2019-09-19 08:58:53,475 [ForkJoinPool.commonPool-worker-1] INFO  impl.StateMachineUpdater (StateMachineUpdater.java:stopAndJoin(115)) - StateMachineUpdater:356a349a-c9c9-49f9-a5b1-196804736fbc:group-1681E1107208: set stopIndex = 0
2019-09-19 08:58:53,475 [ForkJoinPool.commonPool-worker-1] INFO  impl.RaftServerImpl (ServerState.java:close(394)) - 356a349a-c9c9-49f9-a5b1-196804736fbc:group-1681E1107208 closes. The last applied log index is 0
2019-09-19 08:58:53,476 [356a349a-c9c9-49f9-a5b1-196804736fbc-SegmentedRaftLogWorker:Storage Directory /workdir/hadoop-ozone/integration-test/target/test-dir/MiniOzoneClusterImpl-072ceacc-f14a-494c-b049-5b6ad59b8d93/datanode-1/data/ratis/b3c5876e-e14b-41e2-9e8e-1681e1107208] INFO  segmented.SegmentedRaftLogWorker (SegmentedRaftLogWorker.java:run(313)) - 356a349a-c9c9-49f9-a5b1-196804736fbc-SegmentedRaftLogWorker:Storage Directory /workdir/hadoop-ozone/integration-test/target/test-dir/MiniOzoneClusterImpl-072ceacc-f14a-494c-b049-5b6ad59b8d93/datanode-1/data/ratis/b3c5876e-e14b-41e2-9e8e-1681e1107208 was interrupted, exiting. There are 0 tasks remaining in the queue.
2019-09-19 08:58:53,478 [main] INFO  segmented.SegmentedRaftLogWorker (SegmentedRaftLogWorker.java:close(228)) - a01737f6-7857-4616-835e-b1ff05ecf78f-SegmentedRaftLogWorker:Storage Directory /workdir/hadoop-ozone/integration-test/target/test-dir/MiniOzoneClusterImpl-072ceacc-f14a-494c-b049-5b6ad59b8d93/datanode-7/data/ratis/dd385678-6c47-4620-b042-2e87ed444304 close()
2019-09-19 08:58:53,478 [ForkJoinPool.commonPool-worker-1] INFO  segmented.SegmentedRaftLogWorker (SegmentedRaftLogWorker.java:close(228)) - 356a349a-c9c9-49f9-a5b1-196804736fbc-SegmentedRaftLogWorker:Storage Directory /workdir/hadoop-ozone/integration-test/target/test-dir/MiniOzoneClusterImpl-072ceacc-f14a-494c-b049-5b6ad59b8d93/datanode-1/data/ratis/b3c5876e-e14b-41e2-9e8e-1681e1107208 close()
2019-09-19 08:58:53,479 [main] INFO  impl.RaftServerImpl (RaftServerImpl.java:lambda$shutdown$3(245)) - a01737f6-7857-4616-835e-b1ff05ecf78f: shutdown group-4521E038C523
2019-09-19 08:58:53,479 [ForkJoinPool.commonPool-worker-1] INFO  impl.RaftServerImpl (RaftServerImpl.java:lambda$shutdown$3(245)) - 356a349a-c9c9-49f9-a5b1-196804736fbc: shutdown group-66C2D31ECCA5
2019-09-19 08:58:53,479 [main] INFO  util.JmxRegister (JmxRegister.java:unregister(73)) - Successfully un-registered JMX Bean with object name Ratis:service=RaftServer,group=group-4521E038C523,id=a01737f6-7857-4616-835e-b1ff05ecf78f
2019-09-19 08:58:53,480 [main] INFO  impl.RoleInfo (RoleInfo.java:shutdownLeaderState(104)) - a01737f6-7857-4616-835e-b1ff05ecf78f: shutdown LeaderState
2019-09-19 08:58:53,479 [ForkJoinPool.commonPool-worker-1] INFO  util.JmxRegister (JmxRegister.java:unregister(73)) - Successfully un-registered JMX Bean with object name Ratis:service=RaftServer,group=group-66C2D31ECCA5,id=356a349a-c9c9-49f9-a5b1-196804736fbc
2019-09-19 08:58:53,480 [main] INFO  impl.PendingRequests (PendingRequests.java:sendNotLeaderResponses(202)) - a01737f6-7857-4616-835e-b1ff05ecf78f-PendingRequests: sendNotLeaderResponses
2019-09-19 08:58:53,480 [ForkJoinPool.commonPool-worker-1] INFO  impl.RoleInfo (RoleInfo.java:shutdownLeaderState(104)) - 356a349a-c9c9-49f9-a5b1-196804736fbc: shutdown LeaderState
2019-09-19 08:58:53,481 [main] INFO  impl.StateMachineUpdater (StateMachineUpdater.java:stopAndJoin(115)) - StateMachineUpdater:a01737f6-7857-4616-835e-b1ff05ecf78f:group-4521E038C523: set stopIndex = 0
2019-09-19 08:58:53,481 [ForkJoinPool.commonPool-worker-1] INFO  impl.PendingRequests (PendingRequests.java:sendNotLeaderResponses(202)) - 356a349a-c9c9-49f9-a5b1-196804736fbc-PendingRequests: sendNotLeaderResponses
2019-09-19 08:58:53,481 [main] INFO  impl.RaftServerImpl (ServerState.java:close(394)) - a01737f6-7857-4616-835e-b1ff05ecf78f:group-4521E038C523 closes. The last applied log index is 0
2019-09-19 08:58:53,481 [ForkJoinPool.commonPool-worker-1] INFO  impl.StateMachineUpdater (StateMachineUpdater.java:stopAndJoin(115)) - StateMachineUpdater:356a349a-c9c9-49f9-a5b1-196804736fbc:group-66C2D31ECCA5: set stopIndex = 0
2019-09-19 08:58:53,482 [a01737f6-7857-4616-835e-b1ff05ecf78f-SegmentedRaftLogWorker:Storage Directory /workdir/hadoop-ozone/integration-test/target/test-dir/MiniOzoneClusterImpl-072ceacc-f14a-494c-b049-5b6ad59b8d93/datanode-7/data/ratis/37967a6c-2d3f-4b91-8b27-4521e038c523] INFO  segmented.SegmentedRaftLogWorker (SegmentedRaftLogWorker.java:run(313)) - a01737f6-7857-4616-835e-b1ff05ecf78f-SegmentedRaftLogWorker:Storage Directory /workdir/hadoop-ozone/integration-test/target/test-dir/MiniOzoneClusterImpl-072ceacc-f14a-494c-b049-5b6ad59b8d93/datanode-7/data/ratis/37967a6c-2d3f-4b91-8b27-4521e038c523 was interrupted, exiting. There are 0 tasks remaining in the queue.
2019-09-19 08:58:53,482 [ForkJoinPool.commonPool-worker-1] INFO  impl.RaftServerImpl (ServerState.java:close(394)) - 356a349a-c9c9-49f9-a5b1-196804736fbc:group-66C2D31ECCA5 closes. The last applied log index is 0
2019-09-19 08:58:53,482 [main] INFO  segmented.SegmentedRaftLogWorker (SegmentedRaftLogWorker.java:close(228)) - a01737f6-7857-4616-835e-b1ff05ecf78f-SegmentedRaftLogWorker:Storage Directory /workdir/hadoop-ozone/integration-test/target/test-dir/MiniOzoneClusterImpl-072ceacc-f14a-494c-b049-5b6ad59b8d93/datanode-7/data/ratis/37967a6c-2d3f-4b91-8b27-4521e038c523 close()
2019-09-19 08:58:53,483 [356a349a-c9c9-49f9-a5b1-196804736fbc-SegmentedRaftLogWorker:Storage Directory /workdir/hadoop-ozone/integration-test/target/test-dir/MiniOzoneClusterImpl-072ceacc-f14a-494c-b049-5b6ad59b8d93/datanode-1/data/ratis/07b43f65-ca6c-4308-b45a-66c2d31ecca5] INFO  segmented.SegmentedRaftLogWorker (SegmentedRaftLogWorker.java:run(313)) - 356a349a-c9c9-49f9-a5b1-196804736fbc-SegmentedRaftLogWorker:Storage Directory /workdir/hadoop-ozone/integration-test/target/test-dir/MiniOzoneClusterImpl-072ceacc-f14a-494c-b049-5b6ad59b8d93/datanode-1/data/ratis/07b43f65-ca6c-4308-b45a-66c2d31ecca5 was interrupted, exiting. There are 0 tasks remaining in the queue.
2019-09-19 08:58:53,483 [main] INFO  impl.RaftServerImpl (RaftServerImpl.java:lambda$shutdown$3(245)) - a01737f6-7857-4616-835e-b1ff05ecf78f: shutdown group-9D4EA4605411
2019-09-19 08:58:53,483 [ForkJoinPool.commonPool-worker-1] INFO  segmented.SegmentedRaftLogWorker (SegmentedRaftLogWorker.java:close(228)) - 356a349a-c9c9-49f9-a5b1-196804736fbc-SegmentedRaftLogWorker:Storage Directory /workdir/hadoop-ozone/integration-test/target/test-dir/MiniOzoneClusterImpl-072ceacc-f14a-494c-b049-5b6ad59b8d93/datanode-1/data/ratis/07b43f65-ca6c-4308-b45a-66c2d31ecca5 close()
2019-09-19 08:58:53,483 [main] INFO  util.JmxRegister (JmxRegister.java:unregister(73)) - Successfully un-registered JMX Bean with object name Ratis:service=RaftServer,group=group-9D4EA4605411,id=a01737f6-7857-4616-835e-b1ff05ecf78f
2019-09-19 08:58:53,484 [ForkJoinPool.commonPool-worker-1] INFO  impl.RaftServerImpl (RaftServerImpl.java:lambda$shutdown$3(245)) - 356a349a-c9c9-49f9-a5b1-196804736fbc: shutdown group-ECE3383F02EC
2019-09-19 08:58:53,484 [main] INFO  impl.RoleInfo (RoleInfo.java:shutdownLeaderState(104)) - a01737f6-7857-4616-835e-b1ff05ecf78f: shutdown LeaderState
2019-09-19 08:58:53,484 [ForkJoinPool.commonPool-worker-1] INFO  util.JmxRegister (JmxRegister.java:unregister(73)) - Successfully un-registered JMX Bean with object name Ratis:service=RaftServer,group=group-ECE3383F02EC,id=356a349a-c9c9-49f9-a5b1-196804736fbc
2019-09-19 08:58:53,484 [main] INFO  impl.PendingRequests (PendingRequests.java:sendNotLeaderResponses(202)) - a01737f6-7857-4616-835e-b1ff05ecf78f-PendingRequests: sendNotLeaderResponses
2019-09-19 08:58:53,485 [ForkJoinPool.commonPool-worker-1] INFO  impl.RoleInfo (RoleInfo.java:shutdownLeaderState(104)) - 356a349a-c9c9-49f9-a5b1-196804736fbc: shutdown LeaderState
2019-09-19 08:58:53,485 [main] INFO  impl.StateMachineUpdater (StateMachineUpdater.java:stopAndJoin(115)) - StateMachineUpdater:a01737f6-7857-4616-835e-b1ff05ecf78f:group-9D4EA4605411: set stopIndex = 0
2019-09-19 08:58:53,485 [ForkJoinPool.commonPool-worker-1] INFO  impl.PendingRequests (PendingRequests.java:sendNotLeaderResponses(202)) - 356a349a-c9c9-49f9-a5b1-196804736fbc-PendingRequests: sendNotLeaderResponses
2019-09-19 08:58:53,486 [main] INFO  impl.RaftServerImpl (ServerState.java:close(394)) - a01737f6-7857-4616-835e-b1ff05ecf78f:group-9D4EA4605411 closes. The last applied log index is 0
2019-09-19 08:58:53,486 [ForkJoinPool.commonPool-worker-1] INFO  impl.StateMachineUpdater (StateMachineUpdater.java:stopAndJoin(115)) - StateMachineUpdater:356a349a-c9c9-49f9-a5b1-196804736fbc:group-ECE3383F02EC: set stopIndex = 0
2019-09-19 08:58:53,486 [ForkJoinPool.commonPool-worker-1] INFO  impl.RaftServerImpl (ServerState.java:close(394)) - 356a349a-c9c9-49f9-a5b1-196804736fbc:group-ECE3383F02EC closes. The last applied log index is 0
2019-09-19 08:58:53,486 [a01737f6-7857-4616-835e-b1ff05ecf78f-SegmentedRaftLogWorker:Storage Directory /workdir/hadoop-ozone/integration-test/target/test-dir/MiniOzoneClusterImpl-072ceacc-f14a-494c-b049-5b6ad59b8d93/datanode-7/data/ratis/828df48a-6598-4420-9b79-9d4ea4605411] INFO  segmented.SegmentedRaftLogWorker (SegmentedRaftLogWorker.java:run(313)) - a01737f6-7857-4616-835e-b1ff05ecf78f-SegmentedRaftLogWorker:Storage Directory /workdir/hadoop-ozone/integration-test/target/test-dir/MiniOzoneClusterImpl-072ceacc-f14a-494c-b049-5b6ad59b8d93/datanode-7/data/ratis/828df48a-6598-4420-9b79-9d4ea4605411 was interrupted, exiting. There are 0 tasks remaining in the queue.
2019-09-19 08:58:53,487 [356a349a-c9c9-49f9-a5b1-196804736fbc-SegmentedRaftLogWorker:Storage Directory /workdir/hadoop-ozone/integration-test/target/test-dir/MiniOzoneClusterImpl-072ceacc-f14a-494c-b049-5b6ad59b8d93/datanode-1/data/ratis/5b2306bf-a4f3-443b-a893-ece3383f02ec] INFO  segmented.SegmentedRaftLogWorker (SegmentedRaftLogWorker.java:run(313)) - 356a349a-c9c9-49f9-a5b1-196804736fbc-SegmentedRaftLogWorker:Storage Directory /workdir/hadoop-ozone/integration-test/target/test-dir/MiniOzoneClusterImpl-072ceacc-f14a-494c-b049-5b6ad59b8d93/datanode-1/data/ratis/5b2306bf-a4f3-443b-a893-ece3383f02ec was interrupted, exiting. There are 0 tasks remaining in the queue.
2019-09-19 08:58:53,487 [main] INFO  segmented.SegmentedRaftLogWorker (SegmentedRaftLogWorker.java:close(228)) - a01737f6-7857-4616-835e-b1ff05ecf78f-SegmentedRaftLogWorker:Storage Directory /workdir/hadoop-ozone/integration-test/target/test-dir/MiniOzoneClusterImpl-072ceacc-f14a-494c-b049-5b6ad59b8d93/datanode-7/data/ratis/828df48a-6598-4420-9b79-9d4ea4605411 close()
2019-09-19 08:58:53,487 [ForkJoinPool.commonPool-worker-1] INFO  segmented.SegmentedRaftLogWorker (SegmentedRaftLogWorker.java:close(228)) - 356a349a-c9c9-49f9-a5b1-196804736fbc-SegmentedRaftLogWorker:Storage Directory /workdir/hadoop-ozone/integration-test/target/test-dir/MiniOzoneClusterImpl-072ceacc-f14a-494c-b049-5b6ad59b8d93/datanode-1/data/ratis/5b2306bf-a4f3-443b-a893-ece3383f02ec close()
2019-09-19 08:58:53,487 [main] INFO  impl.RaftServerImpl (RaftServerImpl.java:lambda$shutdown$3(245)) - a01737f6-7857-4616-835e-b1ff05ecf78f: shutdown group-B541943B0699
2019-09-19 08:58:53,487 [ForkJoinPool.commonPool-worker-1] INFO  impl.RaftServerImpl (RaftServerImpl.java:lambda$shutdown$3(245)) - 356a349a-c9c9-49f9-a5b1-196804736fbc: shutdown group-B2753799F5F6
2019-09-19 08:58:53,488 [main] INFO  util.JmxRegister (JmxRegister.java:unregister(73)) - Successfully un-registered JMX Bean with object name Ratis:service=RaftServer,group=group-B541943B0699,id=a01737f6-7857-4616-835e-b1ff05ecf78f
2019-09-19 08:58:53,488 [ForkJoinPool.commonPool-worker-1] INFO  util.JmxRegister (JmxRegister.java:unregister(73)) - Successfully un-registered JMX Bean with object name Ratis:service=RaftServer,group=group-B2753799F5F6,id=356a349a-c9c9-49f9-a5b1-196804736fbc
2019-09-19 08:58:53,488 [main] INFO  impl.RoleInfo (RoleInfo.java:shutdownLeaderState(104)) - a01737f6-7857-4616-835e-b1ff05ecf78f: shutdown LeaderState
2019-09-19 08:58:53,489 [ForkJoinPool.commonPool-worker-1] INFO  impl.RoleInfo (RoleInfo.java:shutdownLeaderState(104)) - 356a349a-c9c9-49f9-a5b1-196804736fbc: shutdown LeaderState
2019-09-19 08:58:53,489 [main] INFO  impl.PendingRequests (PendingRequests.java:sendNotLeaderResponses(202)) - a01737f6-7857-4616-835e-b1ff05ecf78f-PendingRequests: sendNotLeaderResponses
2019-09-19 08:58:53,489 [ForkJoinPool.commonPool-worker-1] INFO  impl.PendingRequests (PendingRequests.java:sendNotLeaderResponses(202)) - 356a349a-c9c9-49f9-a5b1-196804736fbc-PendingRequests: sendNotLeaderResponses
2019-09-19 08:58:53,490 [main] INFO  impl.StateMachineUpdater (StateMachineUpdater.java:stopAndJoin(115)) - StateMachineUpdater:a01737f6-7857-4616-835e-b1ff05ecf78f:group-B541943B0699: set stopIndex = 0
2019-09-19 08:58:53,490 [ForkJoinPool.commonPool-worker-1] INFO  impl.StateMachineUpdater (StateMachineUpdater.java:stopAndJoin(115)) - StateMachineUpdater:356a349a-c9c9-49f9-a5b1-196804736fbc:group-B2753799F5F6: set stopIndex = 0
2019-09-19 08:58:53,490 [main] INFO  impl.RaftServerImpl (ServerState.java:close(394)) - a01737f6-7857-4616-835e-b1ff05ecf78f:group-B541943B0699 closes. The last applied log index is 0
2019-09-19 08:58:53,490 [ForkJoinPool.commonPool-worker-1] INFO  impl.RaftServerImpl (ServerState.java:close(394)) - 356a349a-c9c9-49f9-a5b1-196804736fbc:group-B2753799F5F6 closes. The last applied log index is 0
2019-09-19 08:58:53,491 [a01737f6-7857-4616-835e-b1ff05ecf78f-SegmentedRaftLogWorker:Storage Directory /workdir/hadoop-ozone/integration-test/target/test-dir/MiniOzoneClusterImpl-072ceacc-f14a-494c-b049-5b6ad59b8d93/datanode-7/data/ratis/5d8c7068-444f-42e5-a2b7-b541943b0699] INFO  segmented.SegmentedRaftLogWorker (SegmentedRaftLogWorker.java:run(313)) - a01737f6-7857-4616-835e-b1ff05ecf78f-SegmentedRaftLogWorker:Storage Directory /workdir/hadoop-ozone/integration-test/target/test-dir/MiniOzoneClusterImpl-072ceacc-f14a-494c-b049-5b6ad59b8d93/datanode-7/data/ratis/5d8c7068-444f-42e5-a2b7-b541943b0699 was interrupted, exiting. There are 0 tasks remaining in the queue.
2019-09-19 08:58:53,491 [356a349a-c9c9-49f9-a5b1-196804736fbc-SegmentedRaftLogWorker:Storage Directory /workdir/hadoop-ozone/integration-test/target/test-dir/MiniOzoneClusterImpl-072ceacc-f14a-494c-b049-5b6ad59b8d93/datanode-1/data/ratis/a0632a04-bc9d-4f3b-92e2-b2753799f5f6] INFO  segmented.SegmentedRaftLogWorker (SegmentedRaftLogWorker.java:run(313)) - 356a349a-c9c9-49f9-a5b1-196804736fbc-SegmentedRaftLogWorker:Storage Directory /workdir/hadoop-ozone/integration-test/target/test-dir/MiniOzoneClusterImpl-072ceacc-f14a-494c-b049-5b6ad59b8d93/datanode-1/data/ratis/a0632a04-bc9d-4f3b-92e2-b2753799f5f6 was interrupted, exiting. There are 0 tasks remaining in the queue.
2019-09-19 08:58:53,491 [main] INFO  segmented.SegmentedRaftLogWorker (SegmentedRaftLogWorker.java:close(228)) - a01737f6-7857-4616-835e-b1ff05ecf78f-SegmentedRaftLogWorker:Storage Directory /workdir/hadoop-ozone/integration-test/target/test-dir/MiniOzoneClusterImpl-072ceacc-f14a-494c-b049-5b6ad59b8d93/datanode-7/data/ratis/5d8c7068-444f-42e5-a2b7-b541943b0699 close()
2019-09-19 08:58:53,491 [ForkJoinPool.commonPool-worker-1] INFO  segmented.SegmentedRaftLogWorker (SegmentedRaftLogWorker.java:close(228)) - 356a349a-c9c9-49f9-a5b1-196804736fbc-SegmentedRaftLogWorker:Storage Directory /workdir/hadoop-ozone/integration-test/target/test-dir/MiniOzoneClusterImpl-072ceacc-f14a-494c-b049-5b6ad59b8d93/datanode-1/data/ratis/a0632a04-bc9d-4f3b-92e2-b2753799f5f6 close()
2019-09-19 08:58:53,492 [main] INFO  impl.RaftServerImpl (RaftServerImpl.java:lambda$shutdown$3(245)) - a01737f6-7857-4616-835e-b1ff05ecf78f: shutdown group-82551406A8B3
2019-09-19 08:58:53,492 [ForkJoinPool.commonPool-worker-1] INFO  impl.RaftServerImpl (RaftServerImpl.java:lambda$shutdown$3(245)) - 356a349a-c9c9-49f9-a5b1-196804736fbc: shutdown group-7075EB8C08DC
2019-09-19 08:58:53,492 [main] INFO  util.JmxRegister (JmxRegister.java:unregister(73)) - Successfully un-registered JMX Bean with object name Ratis:service=RaftServer,group=group-82551406A8B3,id=a01737f6-7857-4616-835e-b1ff05ecf78f
2019-09-19 08:58:53,492 [ForkJoinPool.commonPool-worker-1] INFO  util.JmxRegister (JmxRegister.java:unregister(73)) - Successfully un-registered JMX Bean with object name Ratis:service=RaftServer,group=group-7075EB8C08DC,id=356a349a-c9c9-49f9-a5b1-196804736fbc
2019-09-19 08:58:53,493 [main] INFO  impl.RoleInfo (RoleInfo.java:shutdownLeaderState(104)) - a01737f6-7857-4616-835e-b1ff05ecf78f: shutdown LeaderState
2019-09-19 08:58:53,493 [ForkJoinPool.commonPool-worker-1] INFO  impl.RoleInfo (RoleInfo.java:shutdownLeaderState(104)) - 356a349a-c9c9-49f9-a5b1-196804736fbc: shutdown LeaderState
2019-09-19 08:58:53,493 [main] INFO  impl.PendingRequests (PendingRequests.java:sendNotLeaderResponses(202)) - a01737f6-7857-4616-835e-b1ff05ecf78f-PendingRequests: sendNotLeaderResponses
2019-09-19 08:58:53,493 [ForkJoinPool.commonPool-worker-1] INFO  impl.PendingRequests (PendingRequests.java:sendNotLeaderResponses(202)) - 356a349a-c9c9-49f9-a5b1-196804736fbc-PendingRequests: sendNotLeaderResponses
2019-09-19 08:58:53,494 [main] INFO  impl.StateMachineUpdater (StateMachineUpdater.java:stopAndJoin(115)) - StateMachineUpdater:a01737f6-7857-4616-835e-b1ff05ecf78f:group-82551406A8B3: set stopIndex = 0
2019-09-19 08:58:53,494 [ForkJoinPool.commonPool-worker-1] INFO  impl.StateMachineUpdater (StateMachineUpdater.java:stopAndJoin(115)) - StateMachineUpdater:356a349a-c9c9-49f9-a5b1-196804736fbc:group-7075EB8C08DC: set stopIndex = 0
2019-09-19 08:58:53,494 [main] INFO  impl.RaftServerImpl (ServerState.java:close(394)) - a01737f6-7857-4616-835e-b1ff05ecf78f:group-82551406A8B3 closes. The last applied log index is 0
2019-09-19 08:58:53,495 [ForkJoinPool.commonPool-worker-1] INFO  impl.RaftServerImpl (ServerState.java:close(394)) - 356a349a-c9c9-49f9-a5b1-196804736fbc:group-7075EB8C08DC closes. The last applied log index is 0
2019-09-19 08:58:53,495 [a01737f6-7857-4616-835e-b1ff05ecf78f-SegmentedRaftLogWorker:Storage Directory /workdir/hadoop-ozone/integration-test/target/test-dir/MiniOzoneClusterImpl-072ceacc-f14a-494c-b049-5b6ad59b8d93/datanode-7/data/ratis/adbdf5d8-e1ed-4b9a-97de-82551406a8b3] INFO  segmented.SegmentedRaftLogWorker (SegmentedRaftLogWorker.java:run(313)) - a01737f6-7857-4616-835e-b1ff05ecf78f-SegmentedRaftLogWorker:Storage Directory /workdir/hadoop-ozone/integration-test/target/test-dir/MiniOzoneClusterImpl-072ceacc-f14a-494c-b049-5b6ad59b8d93/datanode-7/data/ratis/adbdf5d8-e1ed-4b9a-97de-82551406a8b3 was interrupted, exiting. There are 0 tasks remaining in the queue.
2019-09-19 08:58:53,495 [356a349a-c9c9-49f9-a5b1-196804736fbc-SegmentedRaftLogWorker:Storage Directory /workdir/hadoop-ozone/integration-test/target/test-dir/MiniOzoneClusterImpl-072ceacc-f14a-494c-b049-5b6ad59b8d93/datanode-1/data/ratis/164264cd-c644-4c42-a3d0-7075eb8c08dc] INFO  segmented.SegmentedRaftLogWorker (SegmentedRaftLogWorker.java:run(313)) - 356a349a-c9c9-49f9-a5b1-196804736fbc-SegmentedRaftLogWorker:Storage Directory /workdir/hadoop-ozone/integration-test/target/test-dir/MiniOzoneClusterImpl-072ceacc-f14a-494c-b049-5b6ad59b8d93/datanode-1/data/ratis/164264cd-c644-4c42-a3d0-7075eb8c08dc was interrupted, exiting. There are 0 tasks remaining in the queue.
2019-09-19 08:58:53,495 [main] INFO  segmented.SegmentedRaftLogWorker (SegmentedRaftLogWorker.java:close(228)) - a01737f6-7857-4616-835e-b1ff05ecf78f-SegmentedRaftLogWorker:Storage Directory /workdir/hadoop-ozone/integration-test/target/test-dir/MiniOzoneClusterImpl-072ceacc-f14a-494c-b049-5b6ad59b8d93/datanode-7/data/ratis/adbdf5d8-e1ed-4b9a-97de-82551406a8b3 close()
2019-09-19 08:58:53,495 [ForkJoinPool.commonPool-worker-1] INFO  segmented.SegmentedRaftLogWorker (SegmentedRaftLogWorker.java:close(228)) - 356a349a-c9c9-49f9-a5b1-196804736fbc-SegmentedRaftLogWorker:Storage Directory /workdir/hadoop-ozone/integration-test/target/test-dir/MiniOzoneClusterImpl-072ceacc-f14a-494c-b049-5b6ad59b8d93/datanode-1/data/ratis/164264cd-c644-4c42-a3d0-7075eb8c08dc close()
2019-09-19 08:58:53,496 [main] INFO  server.GrpcService (GrpcService.java:closeImpl(155)) - a01737f6-7857-4616-835e-b1ff05ecf78f: shutdown server with port 36733 now
2019-09-19 08:58:53,496 [ForkJoinPool.commonPool-worker-1] INFO  impl.RaftServerImpl (RaftServerImpl.java:lambda$shutdown$3(245)) - 356a349a-c9c9-49f9-a5b1-196804736fbc: shutdown group-D9C7C25B65E0
2019-09-19 08:58:53,498 [ForkJoinPool.commonPool-worker-1] INFO  util.JmxRegister (JmxRegister.java:unregister(73)) - Successfully un-registered JMX Bean with object name Ratis:service=RaftServer,group=group-D9C7C25B65E0,id=356a349a-c9c9-49f9-a5b1-196804736fbc
2019-09-19 08:58:53,498 [main] INFO  server.GrpcService (GrpcService.java:closeImpl(163)) - a01737f6-7857-4616-835e-b1ff05ecf78f: shutdown server with port 36733 successfully
2019-09-19 08:58:53,498 [ForkJoinPool.commonPool-worker-1] INFO  impl.RoleInfo (RoleInfo.java:shutdownLeaderState(104)) - 356a349a-c9c9-49f9-a5b1-196804736fbc: shutdown LeaderState
2019-09-19 08:58:53,498 [ForkJoinPool.commonPool-worker-1] INFO  impl.PendingRequests (PendingRequests.java:sendNotLeaderResponses(202)) - 356a349a-c9c9-49f9-a5b1-196804736fbc-PendingRequests: sendNotLeaderResponses
2019-09-19 08:58:53,499 [ForkJoinPool.commonPool-worker-1] INFO  impl.StateMachineUpdater (StateMachineUpdater.java:stopAndJoin(115)) - StateMachineUpdater:356a349a-c9c9-49f9-a5b1-196804736fbc:group-D9C7C25B65E0: set stopIndex = 0
2019-09-19 08:58:53,499 [ForkJoinPool.commonPool-worker-1] INFO  impl.RaftServerImpl (ServerState.java:close(394)) - 356a349a-c9c9-49f9-a5b1-196804736fbc:group-D9C7C25B65E0 closes. The last applied log index is 0
2019-09-19 08:58:53,499 [356a349a-c9c9-49f9-a5b1-196804736fbc-SegmentedRaftLogWorker:Storage Directory /workdir/hadoop-ozone/integration-test/target/test-dir/MiniOzoneClusterImpl-072ceacc-f14a-494c-b049-5b6ad59b8d93/datanode-1/data/ratis/25c1e56e-2f01-4650-8aad-d9c7c25b65e0] INFO  segmented.SegmentedRaftLogWorker (SegmentedRaftLogWorker.java:run(313)) - 356a349a-c9c9-49f9-a5b1-196804736fbc-SegmentedRaftLogWorker:Storage Directory /workdir/hadoop-ozone/integration-test/target/test-dir/MiniOzoneClusterImpl-072ceacc-f14a-494c-b049-5b6ad59b8d93/datanode-1/data/ratis/25c1e56e-2f01-4650-8aad-d9c7c25b65e0 was interrupted, exiting. There are 0 tasks remaining in the queue.
2019-09-19 08:58:53,499 [ForkJoinPool.commonPool-worker-1] INFO  segmented.SegmentedRaftLogWorker (SegmentedRaftLogWorker.java:close(228)) - 356a349a-c9c9-49f9-a5b1-196804736fbc-SegmentedRaftLogWorker:Storage Directory /workdir/hadoop-ozone/integration-test/target/test-dir/MiniOzoneClusterImpl-072ceacc-f14a-494c-b049-5b6ad59b8d93/datanode-1/data/ratis/25c1e56e-2f01-4650-8aad-d9c7c25b65e0 close()
2019-09-19 08:58:53,500 [ForkJoinPool.commonPool-worker-1] INFO  server.GrpcService (GrpcService.java:closeImpl(155)) - 356a349a-c9c9-49f9-a5b1-196804736fbc: shutdown server with port 46709 now
2019-09-19 08:58:53,501 [ForkJoinPool.commonPool-worker-1] INFO  server.GrpcService (GrpcService.java:closeImpl(163)) - 356a349a-c9c9-49f9-a5b1-196804736fbc: shutdown server with port 46709 successfully
2019-09-19 08:58:53,502 [ForkJoinPool.commonPool-worker-1] INFO  utils.BackgroundService (BackgroundService.java:shutdown(148)) - Shutting down service BlockDeletingService
2019-09-19 08:58:53,503 [refreshUsed-/workdir/hadoop-ozone/integration-test/target/test-dir/MiniOzoneClusterImpl-072ceacc-f14a-494c-b049-5b6ad59b8d93/datanode-1/data/containers] WARN  fs.CachingGetSpaceUsed (CachingGetSpaceUsed.java:run(183)) - Thread Interrupted waiting to refresh disk information: sleep interrupted
2019-09-19 08:58:53,505 [main] INFO  utils.BackgroundService (BackgroundService.java:shutdown(148)) - Shutting down service BlockDeletingService
2019-09-19 08:58:53,506 [refreshUsed-/workdir/hadoop-ozone/integration-test/target/test-dir/MiniOzoneClusterImpl-072ceacc-f14a-494c-b049-5b6ad59b8d93/datanode-7/data/containers] WARN  fs.CachingGetSpaceUsed (CachingGetSpaceUsed.java:run(183)) - Thread Interrupted waiting to refresh disk information: sleep interrupted
2019-09-19 08:58:53,520 [main] INFO  statemachine.DatanodeStateMachine (DatanodeStateMachine.java:stopDaemon(395)) - Ozone container server stopped.
2019-09-19 08:58:53,520 [main] INFO  handler.ContextHandler (ContextHandler.java:doStop(910)) - Stopped o.e.j.w.WebAppContext@7afbf2a0{/,null,UNAVAILABLE}{/hddsDatanode}
2019-09-19 08:58:53,521 [main] INFO  server.AbstractConnector (AbstractConnector.java:doStop(318)) - Stopped ServerConnector@2a6fb62f{HTTP/1.1,[http/1.1]}{0.0.0.0:0}
2019-09-19 08:58:53,521 [main] INFO  handler.ContextHandler (ContextHandler.java:doStop(910)) - Stopped o.e.j.s.ServletContextHandler@78318ac2{/static,jar:file:/home/user/.m2/repository/org/apache/hadoop/hadoop-hdds-container-service/0.5.0-SNAPSHOT/hadoop-hdds-container-service-0.5.0-SNAPSHOT.jar!/webapps/static,UNAVAILABLE}
2019-09-19 08:58:53,525 [main] INFO  handler.ContextHandler (ContextHandler.java:doStop(910)) - Stopped o.e.j.s.ServletContextHandler@106cd9c8{/logs,file:///workdir/hadoop-ozone/integration-test/target/log,UNAVAILABLE}
2019-09-19 08:58:53,526 [ForkJoinPool.commonPool-worker-1] INFO  statemachine.DatanodeStateMachine (DatanodeStateMachine.java:stopDaemon(395)) - Ozone container server stopped.
2019-09-19 08:58:53,528 [ForkJoinPool.commonPool-worker-1] INFO  handler.ContextHandler (ContextHandler.java:doStop(910)) - Stopped o.e.j.w.WebAppContext@54c425b1{/,null,UNAVAILABLE}{/hddsDatanode}
2019-09-19 08:58:53,529 [ForkJoinPool.commonPool-worker-1] INFO  server.AbstractConnector (AbstractConnector.java:doStop(318)) - Stopped ServerConnector@50b734c4{HTTP/1.1,[http/1.1]}{0.0.0.0:0}
2019-09-19 08:58:53,530 [ForkJoinPool.commonPool-worker-1] INFO  handler.ContextHandler (ContextHandler.java:doStop(910)) - Stopped o.e.j.s.ServletContextHandler@601eb4af{/static,jar:file:/home/user/.m2/repository/org/apache/hadoop/hadoop-hdds-container-service/0.5.0-SNAPSHOT/hadoop-hdds-container-service-0.5.0-SNAPSHOT.jar!/webapps/static,UNAVAILABLE}
2019-09-19 08:58:53,531 [ForkJoinPool.commonPool-worker-1] INFO  handler.ContextHandler (ContextHandler.java:doStop(910)) - Stopped o.e.j.s.ServletContextHandler@9cfc77{/logs,file:///workdir/hadoop-ozone/integration-test/target/log,UNAVAILABLE}
2019-09-19 08:58:53,531 [main] INFO  ozone.MiniOzoneClusterImpl (MiniOzoneClusterImpl.java:stop(353)) - Stopping the StorageContainerManager
2019-09-19 08:58:53,531 [main] INFO  server.StorageContainerManager (StorageContainerManager.java:stop(797)) - Stopping Replication Manager Service.
2019-09-19 08:58:53,531 [main] INFO  container.ReplicationManager (ReplicationManager.java:stop(192)) - Stopping Replication Monitor Thread.
2019-09-19 08:58:53,532 [main] INFO  server.StorageContainerManager (StorageContainerManager.java:stop(804)) - Stopping Lease Manager of the command watchers
2019-09-19 08:58:53,532 [main] INFO  server.StorageContainerManager (StorageContainerManager.java:stop(811)) - Stopping datanode service RPC server
2019-09-19 08:58:53,532 [main] INFO  server.SCMDatanodeProtocolServer (SCMDatanodeProtocolServer.java:stop(367)) - Stopping the RPC server for DataNodes
2019-09-19 08:58:53,532 [main] INFO  ipc.Server (Server.java:stop(3082)) - Stopping server on 46069
2019-09-19 08:58:53,533 [IPC Server listener on 46069] INFO  ipc.Server (Server.java:run(1185)) - Stopping IPC Server listener on 46069
2019-09-19 08:58:53,534 [IPC Server Responder] INFO  ipc.Server (Server.java:run(1319)) - Stopping IPC Server Responder
2019-09-19 08:58:53,558 [SCM Heartbeat Processing Thread - 0] WARN  node.NodeStateManager (NodeStateManager.java:scheduleNextHealthCheck(655)) - Current Thread is interrupted, shutting down HB processing thread for Node Manager.
2019-09-19 08:58:53,558 [main] INFO  server.StorageContainerManager (StorageContainerManager.java:stop(819)) - Stopping block service RPC server
2019-09-19 08:58:53,558 [main] INFO  server.SCMBlockProtocolServer (SCMBlockProtocolServer.java:stop(148)) - Stopping the RPC server for Block Protocol
2019-09-19 08:58:53,558 [main] INFO  ipc.Server (Server.java:stop(3082)) - Stopping server on 35261
2019-09-19 08:58:53,559 [IPC Server listener on 35261] INFO  ipc.Server (Server.java:run(1185)) - Stopping IPC Server listener on 35261
2019-09-19 08:58:53,559 [main] INFO  server.StorageContainerManager (StorageContainerManager.java:stop(826)) - Stopping the StorageContainerLocationProtocol RPC server
2019-09-19 08:58:53,559 [IPC Server Responder] INFO  ipc.Server (Server.java:run(1319)) - Stopping IPC Server Responder
2019-09-19 08:58:53,560 [main] INFO  server.SCMClientProtocolServer (SCMClientProtocolServer.java:stop(159)) - Stopping the RPC server for Client Protocol
2019-09-19 08:58:53,560 [main] INFO  ipc.Server (Server.java:stop(3082)) - Stopping server on 41659
2019-09-19 08:58:53,561 [IPC Server listener on 41659] INFO  ipc.Server (Server.java:run(1185)) - Stopping IPC Server listener on 41659
2019-09-19 08:58:53,561 [main] INFO  server.StorageContainerManager (StorageContainerManager.java:stop(833)) - Stopping Storage Container Manager HTTP server.
2019-09-19 08:58:53,561 [IPC Server Responder] INFO  ipc.Server (Server.java:run(1319)) - Stopping IPC Server Responder
2019-09-19 08:58:53,562 [main] INFO  handler.ContextHandler (ContextHandler.java:doStop(910)) - Stopped o.e.j.w.WebAppContext@62f87c44{/,null,UNAVAILABLE}{/scm}
2019-09-19 08:58:53,562 [main] INFO  server.AbstractConnector (AbstractConnector.java:doStop(318)) - Stopped ServerConnector@72efb5c1{HTTP/1.1,[http/1.1]}{0.0.0.0:0}
2019-09-19 08:58:53,562 [main] INFO  handler.ContextHandler (ContextHandler.java:doStop(910)) - Stopped o.e.j.s.ServletContextHandler@6e6d5d29{/static,file:///workdir/hadoop-ozone/integration-test/target/test-classes/webapps/static,UNAVAILABLE}
2019-09-19 08:58:53,563 [main] INFO  handler.ContextHandler (ContextHandler.java:doStop(910)) - Stopped o.e.j.s.ServletContextHandler@38f116f6{/logs,file:///workdir/hadoop-ozone/integration-test/target/log,UNAVAILABLE}
2019-09-19 08:58:53,563 [main] INFO  server.StorageContainerManager (StorageContainerManager.java:stop(844)) - Stopping Block Manager Service.
2019-09-19 08:58:53,563 [main] INFO  utils.BackgroundService (BackgroundService.java:shutdown(148)) - Shutting down service SCMBlockDeletingService
2019-09-19 08:58:53,564 [main] INFO  utils.BackgroundService (BackgroundService.java:shutdown(148)) - Shutting down service SCMBlockDeletingService
2019-09-19 08:58:53,564 [main] INFO  server.StorageContainerManager (StorageContainerManager.java:stop(866)) - Stopping SCM Event Queue.
2019-09-19 08:58:53,569 [main] INFO  impl.MetricsSystemImpl (MetricsSystemImpl.java:stop(210)) - Stopping HddsDatanode metrics system...
2019-09-19 08:58:53,575 [main] INFO  impl.MetricsSystemImpl (MetricsSystemImpl.java:stop(216)) - HddsDatanode metrics system stopped.
]]></system-out>
    <system-err><![CDATA[Sep 19, 2019 8:58:17 AM com.sun.jersey.server.impl.application.WebApplicationImpl _initiate
INFO: Initiating Jersey application, version 'Jersey: 1.19 02/11/2015 03:25 AM'
Sep 19, 2019 8:58:18 AM com.sun.jersey.server.impl.application.WebApplicationImpl _initiate
INFO: Initiating Jersey application, version 'Jersey: 1.19 02/11/2015 03:25 AM'
Sep 19, 2019 8:58:18 AM com.sun.jersey.server.impl.application.WebApplicationImpl _initiate
INFO: Initiating Jersey application, version 'Jersey: 1.19 02/11/2015 03:25 AM'
Sep 19, 2019 8:58:18 AM com.sun.jersey.server.impl.application.WebApplicationImpl _initiate
INFO: Initiating Jersey application, version 'Jersey: 1.19 02/11/2015 03:25 AM'
Sep 19, 2019 8:58:19 AM com.sun.jersey.server.impl.application.WebApplicationImpl _initiate
INFO: Initiating Jersey application, version 'Jersey: 1.19 02/11/2015 03:25 AM'
Sep 19, 2019 8:58:19 AM com.sun.jersey.server.impl.application.WebApplicationImpl _initiate
INFO: Initiating Jersey application, version 'Jersey: 1.19 02/11/2015 03:25 AM'
Sep 19, 2019 8:58:19 AM com.sun.jersey.server.impl.application.WebApplicationImpl _initiate
INFO: Initiating Jersey application, version 'Jersey: 1.19 02/11/2015 03:25 AM'
Sep 19, 2019 8:58:19 AM com.sun.jersey.server.impl.application.WebApplicationImpl _initiate
INFO: Initiating Jersey application, version 'Jersey: 1.19 02/11/2015 03:25 AM'
Sep 19, 2019 8:58:20 AM com.sun.jersey.server.impl.application.WebApplicationImpl _initiate
INFO: Initiating Jersey application, version 'Jersey: 1.19 02/11/2015 03:25 AM'
Sep 19, 2019 8:58:20 AM com.sun.jersey.server.impl.application.WebApplicationImpl _initiate
INFO: Initiating Jersey application, version 'Jersey: 1.19 02/11/2015 03:25 AM'
]]></system-err>
  </testcase>
  <testcase name="testMultiBlockWritesWithDnFailures" classname="org.apache.hadoop.ozone.client.rpc.TestMultiBlockWritesWithDnFailures" time="23.032">
    <error message="Allocated 0 blocks. Requested 1 blocks" type="INTERNAL_ERROR org.apache.hadoop.ozone.om.exceptions.OMException">INTERNAL_ERROR org.apache.hadoop.ozone.om.exceptions.OMException: Allocated 0 blocks. Requested 1 blocks
	at org.apache.hadoop.ozone.om.protocolPB.OzoneManagerProtocolClientSideTranslatorPB.handleError(OzoneManagerProtocolClientSideTranslatorPB.java:725)
	at org.apache.hadoop.ozone.om.protocolPB.OzoneManagerProtocolClientSideTranslatorPB.openKey(OzoneManagerProtocolClientSideTranslatorPB.java:716)
	at org.apache.hadoop.ozone.client.rpc.RpcClient.createKey(RpcClient.java:615)
	at org.apache.hadoop.ozone.client.OzoneBucket.createKey(OzoneBucket.java:323)
	at org.apache.hadoop.ozone.container.ContainerTestHelper.createKey(ContainerTestHelper.java:694)
	at org.apache.hadoop.ozone.client.rpc.TestMultiBlockWritesWithDnFailures.createKey(TestMultiBlockWritesWithDnFailures.java:212)
	at org.apache.hadoop.ozone.client.rpc.TestMultiBlockWritesWithDnFailures.testMultiBlockWritesWithDnFailures(TestMultiBlockWritesWithDnFailures.java:119)
	at sun.reflect.NativeMethodAccessorImpl.invoke0(Native Method)
	at sun.reflect.NativeMethodAccessorImpl.invoke(NativeMethodAccessorImpl.java:62)
	at sun.reflect.DelegatingMethodAccessorImpl.invoke(DelegatingMethodAccessorImpl.java:43)
	at java.lang.reflect.Method.invoke(Method.java:498)
	at org.junit.runners.model.FrameworkMethod$1.runReflectiveCall(FrameworkMethod.java:47)
	at org.junit.internal.runners.model.ReflectiveCallable.run(ReflectiveCallable.java:12)
	at org.junit.runners.model.FrameworkMethod.invokeExplosively(FrameworkMethod.java:44)
	at org.junit.internal.runners.statements.InvokeMethod.evaluate(InvokeMethod.java:17)
	at org.junit.internal.runners.statements.RunAfters.evaluate(RunAfters.java:27)
	at org.junit.runners.ParentRunner.runLeaf(ParentRunner.java:271)
	at org.junit.runners.BlockJUnit4ClassRunner.runChild(BlockJUnit4ClassRunner.java:70)
	at org.junit.runners.BlockJUnit4ClassRunner.runChild(BlockJUnit4ClassRunner.java:50)
	at org.junit.runners.ParentRunner$3.run(ParentRunner.java:238)
	at org.junit.runners.ParentRunner$1.schedule(ParentRunner.java:63)
	at org.junit.runners.ParentRunner.runChildren(ParentRunner.java:236)
	at org.junit.runners.ParentRunner.access$000(ParentRunner.java:53)
	at org.junit.runners.ParentRunner$2.evaluate(ParentRunner.java:229)
	at org.junit.runners.ParentRunner.run(ParentRunner.java:309)
	at org.apache.maven.surefire.junit4.JUnit4Provider.execute(JUnit4Provider.java:365)
	at org.apache.maven.surefire.junit4.JUnit4Provider.executeWithRerun(JUnit4Provider.java:273)
	at org.apache.maven.surefire.junit4.JUnit4Provider.executeTestSet(JUnit4Provider.java:238)
	at org.apache.maven.surefire.junit4.JUnit4Provider.invoke(JUnit4Provider.java:159)
	at org.apache.maven.surefire.booter.ForkedBooter.invokeProviderInSameClassLoader(ForkedBooter.java:384)
	at org.apache.maven.surefire.booter.ForkedBooter.runSuitesInProcess(ForkedBooter.java:345)
	at org.apache.maven.surefire.booter.ForkedBooter.execute(ForkedBooter.java:126)
	at org.apache.maven.surefire.booter.ForkedBooter.main(ForkedBooter.java:418)
</error>
    <system-out><![CDATA[2019-09-19 08:58:53,655 [main] WARN  server.ServerUtils (ServerUtils.java:getScmDbDir(145)) - ozone.scm.db.dirs is not configured. We recommend adding this setting. Falling back to ozone.metadata.dirs instead.
2019-09-19 08:58:53,691 [main] WARN  server.ServerUtils (ServerUtils.java:getScmDbDir(145)) - ozone.scm.db.dirs is not configured. We recommend adding this setting. Falling back to ozone.metadata.dirs instead.
2019-09-19 08:58:53,691 [main] WARN  server.ServerUtils (ServerUtils.java:getScmDbDir(145)) - ozone.scm.db.dirs is not configured. We recommend adding this setting. Falling back to ozone.metadata.dirs instead.
2019-09-19 08:58:53,692 [main] INFO  db.DBStoreBuilder (DBStoreBuilder.java:addTable(110)) - using custom profile for table: deletedBlocks
2019-09-19 08:58:53,692 [main] INFO  db.DBStoreBuilder (DBStoreBuilder.java:processTables(161)) - Using default column profile:DBProfile.DISK for Table:deletedBlocks
2019-09-19 08:58:53,692 [main] INFO  db.DBStoreBuilder (DBStoreBuilder.java:addTable(110)) - using custom profile for table: validCerts
2019-09-19 08:58:53,693 [main] INFO  db.DBStoreBuilder (DBStoreBuilder.java:processTables(161)) - Using default column profile:DBProfile.DISK for Table:validCerts
2019-09-19 08:58:53,693 [main] INFO  db.DBStoreBuilder (DBStoreBuilder.java:addTable(110)) - using custom profile for table: revokedCerts
2019-09-19 08:58:53,693 [main] INFO  db.DBStoreBuilder (DBStoreBuilder.java:processTables(161)) - Using default column profile:DBProfile.DISK for Table:revokedCerts
2019-09-19 08:58:53,693 [main] INFO  db.DBStoreBuilder (DBStoreBuilder.java:addTable(110)) - using custom profile for table: default
2019-09-19 08:58:53,694 [main] INFO  db.DBStoreBuilder (DBStoreBuilder.java:processTables(167)) - Using default column profile:DBProfile.DISK for Table:default
2019-09-19 08:58:53,694 [main] INFO  db.DBStoreBuilder (DBStoreBuilder.java:getDbProfile(198)) - Using default options. DBProfile.DISK
2019-09-19 08:58:53,870 [main] INFO  net.NodeSchemaLoader (NodeSchemaLoader.java:loadSchemaFromFile(125)) - Loading file from sun.misc.CompoundEnumeration@6abe62bb
2019-09-19 08:58:53,870 [main] INFO  net.NodeSchemaLoader (NodeSchemaLoader.java:loadSchema(171)) - Loading network topology layer schema file
2019-09-19 08:58:53,874 [main] INFO  node.SCMNodeManager (SCMNodeManager.java:<init>(121)) - Entering startup safe mode.
2019-09-19 08:58:53,875 [main] INFO  algorithms.ContainerPlacementPolicyFactory (ContainerPlacementPolicyFactory.java:getPolicy(56)) - Create container placement policy of type org.apache.hadoop.hdds.scm.container.placement.algorithms.SCMContainerPlacementRandom
2019-09-19 08:58:53,875 [main] WARN  server.ServerUtils (ServerUtils.java:getScmDbDir(145)) - ozone.scm.db.dirs is not configured. We recommend adding this setting. Falling back to ozone.metadata.dirs instead.
2019-09-19 08:58:53,927 [main] INFO  pipeline.SCMPipelineManager (SCMPipelineManager.java:initializePipelineState(126)) - No pipeline exists in current db
2019-09-19 08:58:53,927 [main] WARN  server.ServerUtils (ServerUtils.java:getScmDbDir(145)) - ozone.scm.db.dirs is not configured. We recommend adding this setting. Falling back to ozone.metadata.dirs instead.
2019-09-19 08:58:53,960 [main] WARN  events.EventQueue (EventQueue.java:fireEvent(175)) - No event handler registered for event TypedEvent{payloadType=SafeModeStatus, name='SafeModeStatus'}
2019-09-19 08:58:53,961 [main] INFO  ipc.CallQueueManager (CallQueueManager.java:<init>(84)) - Using callQueue: class java.util.concurrent.LinkedBlockingQueue, queueCapacity: 2000, scheduler: class org.apache.hadoop.ipc.DefaultRpcScheduler, ipcBackoff: false.
2019-09-19 08:58:53,962 [Socket Reader #1 for port 43272] INFO  ipc.Server (Server.java:run(1074)) - Starting Socket Reader #1 for port 43272
2019-09-19 08:58:53,964 [main] INFO  ipc.CallQueueManager (CallQueueManager.java:<init>(84)) - Using callQueue: class java.util.concurrent.LinkedBlockingQueue, queueCapacity: 2000, scheduler: class org.apache.hadoop.ipc.DefaultRpcScheduler, ipcBackoff: false.
2019-09-19 08:58:53,965 [Socket Reader #1 for port 42406] INFO  ipc.Server (Server.java:run(1074)) - Starting Socket Reader #1 for port 42406
2019-09-19 08:58:53,966 [main] INFO  ipc.CallQueueManager (CallQueueManager.java:<init>(84)) - Using callQueue: class java.util.concurrent.LinkedBlockingQueue, queueCapacity: 2000, scheduler: class org.apache.hadoop.ipc.DefaultRpcScheduler, ipcBackoff: false.
2019-09-19 08:58:53,967 [Socket Reader #1 for port 39129] INFO  ipc.Server (Server.java:run(1074)) - Starting Socket Reader #1 for port 39129
2019-09-19 08:58:53,969 [main] INFO  hdfs.DFSUtil (DFSUtil.java:httpServerTemplateForNNAndJN(1641)) - Starting Web-server for scm at: http://0.0.0.0:0
2019-09-19 08:58:53,971 [main] INFO  server.AuthenticationFilter (AuthenticationFilter.java:constructSecretProvider(240)) - Unable to initialize FileSignerSecretProvider, falling back to use random secrets.
2019-09-19 08:58:53,972 [main] WARN  http.HttpRequestLog (HttpRequestLog.java:getRequestLog(97)) - Jetty request log can only be enabled using Log4j
2019-09-19 08:58:53,975 [main] INFO  http.HttpServer2 (HttpServer2.java:addGlobalFilter(975)) - Added global filter 'safety' (class=org.apache.hadoop.http.HttpServer2$QuotingInputFilter)
2019-09-19 08:58:53,976 [main] INFO  http.HttpServer2 (HttpServer2.java:addFilter(948)) - Added filter static_user_filter (class=org.apache.hadoop.http.lib.StaticUserWebFilter$StaticUserFilter) to context scm
2019-09-19 08:58:53,976 [main] INFO  http.HttpServer2 (HttpServer2.java:addFilter(958)) - Added filter static_user_filter (class=org.apache.hadoop.http.lib.StaticUserWebFilter$StaticUserFilter) to context logs
2019-09-19 08:58:53,976 [main] INFO  http.HttpServer2 (HttpServer2.java:addFilter(958)) - Added filter static_user_filter (class=org.apache.hadoop.http.lib.StaticUserWebFilter$StaticUserFilter) to context static
2019-09-19 08:58:53,978 [main] INFO  server.StorageContainerManager (StorageContainerManager.java:start(759)) - StorageContainerLocationProtocol RPC server is listening at /0.0.0.0:39129
2019-09-19 08:58:53,981 [main] WARN  impl.MetricsConfig (MetricsConfig.java:loadFirst(134)) - Cannot locate configuration: tried hadoop-metrics2-storagecontainermanager.properties,hadoop-metrics2.properties
2019-09-19 08:58:53,982 [main] INFO  impl.MetricsSystemImpl (MetricsSystemImpl.java:startTimer(374)) - Scheduled Metric snapshot period at 10 second(s).
2019-09-19 08:58:53,982 [main] INFO  impl.MetricsSystemImpl (MetricsSystemImpl.java:start(191)) - StorageContainerManager metrics system started
2019-09-19 08:58:54,041 [main] INFO  server.SCMClientProtocolServer (SCMClientProtocolServer.java:start(151)) - RPC server for Client  is listening at /0.0.0.0:39129
2019-09-19 08:58:54,042 [IPC Server Responder] INFO  ipc.Server (Server.java:run(1314)) - IPC Server Responder: starting
2019-09-19 08:58:54,042 [IPC Server listener on 39129] INFO  ipc.Server (Server.java:run(1153)) - IPC Server listener on 39129: starting
2019-09-19 08:58:54,045 [main] INFO  server.StorageContainerManager (StorageContainerManager.java:start(769)) - ScmBlockLocationProtocol RPC server is listening at /0.0.0.0:42406
2019-09-19 08:58:54,045 [main] INFO  server.SCMBlockProtocolServer (SCMBlockProtocolServer.java:start(140)) - RPC server for Block Protocol is listening at /0.0.0.0:42406
2019-09-19 08:58:54,045 [IPC Server Responder] INFO  ipc.Server (Server.java:run(1314)) - IPC Server Responder: starting
2019-09-19 08:58:54,046 [IPC Server listener on 42406] INFO  ipc.Server (Server.java:run(1153)) - IPC Server listener on 42406: starting
2019-09-19 08:58:54,048 [main] INFO  server.StorageContainerManager (StorageContainerManager.java:start(773)) - ScmDatanodeProtocl RPC server is listening at /0.0.0.0:43272
2019-09-19 08:58:54,048 [main] INFO  server.SCMDatanodeProtocolServer (SCMDatanodeProtocolServer.java:start(191)) - RPC server for DataNodes is listening at /0.0.0.0:43272
2019-09-19 08:58:54,048 [IPC Server Responder] INFO  ipc.Server (Server.java:run(1314)) - IPC Server Responder: starting
2019-09-19 08:58:54,049 [IPC Server listener on 43272] INFO  ipc.Server (Server.java:run(1153)) - IPC Server listener on 43272: starting
2019-09-19 08:58:54,052 [main] INFO  http.HttpServer2 (HttpServer2.java:bindListener(1191)) - Jetty bound to port 33724
2019-09-19 08:58:54,052 [main] INFO  server.Server (Server.java:doStart(351)) - jetty-9.3.24.v20180605, build timestamp: 2018-06-05T17:11:56Z, git hash: 84205aa28f11a4f31f2a3b86d1bba2cc8ab69827
2019-09-19 08:58:54,054 [main] INFO  handler.ContextHandler (ContextHandler.java:doStart(781)) - Started o.e.j.s.ServletContextHandler@716ae973{/logs,file:///workdir/hadoop-ozone/integration-test/target/log,AVAILABLE}
2019-09-19 08:58:54,054 [main] INFO  handler.ContextHandler (ContextHandler.java:doStart(781)) - Started o.e.j.s.ServletContextHandler@56872fcb{/static,file:///workdir/hadoop-ozone/integration-test/target/test-classes/webapps/static,AVAILABLE}
2019-09-19 08:58:54,059 [main] INFO  handler.ContextHandler (ContextHandler.java:doStart(781)) - Started o.e.j.w.WebAppContext@49e0b123{/,file:///workdir/hadoop-ozone/integration-test/target/test-classes/webapps/scm/,AVAILABLE}{/scm}
2019-09-19 08:58:54,059 [main] INFO  server.AbstractConnector (AbstractConnector.java:doStart(278)) - Started ServerConnector@2e85e3f1{HTTP/1.1,[http/1.1]}{0.0.0.0:33724}
2019-09-19 08:58:54,060 [main] INFO  server.Server (Server.java:doStart(419)) - Started @42205ms
2019-09-19 08:58:54,061 [main] INFO  server.BaseHttpServer (BaseHttpServer.java:updateConnectorAddress(213)) - HTTP server of SCM is listening at http://0.0.0.0:33724
2019-09-19 08:58:54,061 [main] WARN  server.ServerUtils (ServerUtils.java:getDBPath(222)) - ozone.om.db.dirs is not configured. We recommend adding this setting. Falling back to ozone.metadata.dirs instead.
2019-09-19 08:58:54,062 [org.apache.hadoop.util.JvmPauseMonitor$Monitor@4b360972] INFO  util.JvmPauseMonitor (JvmPauseMonitor.java:run(188)) - Starting JVM pause monitor
2019-09-19 08:58:54,087 [main] WARN  server.ServerUtils (ServerUtils.java:getDBPath(222)) - ozone.om.db.dirs is not configured. We recommend adding this setting. Falling back to ozone.metadata.dirs instead.
2019-09-19 08:58:54,087 [main] WARN  server.ServerUtils (ServerUtils.java:getDBPath(222)) - ozone.om.db.dirs is not configured. We recommend adding this setting. Falling back to ozone.metadata.dirs instead.
2019-09-19 08:58:54,088 [main] INFO  om.OzoneManager (OzoneManager.java:setOMNodeDetails(645)) - OM Service ID is not set. Setting it to the default ID: omServiceIdDefault
2019-09-19 08:58:54,088 [main] INFO  om.OzoneManager (OzoneManager.java:setOMNodeDetails(651)) - OM Node ID is not set. Setting it to the OmStorage's OmID: 2eeb3898-b16b-4818-8a5f-d1df28ba945a
2019-09-19 08:58:54,089 [main] INFO  om.OzoneManager (OzoneManager.java:loadOMHAConfigs(602)) - Found matching OM address with OMServiceId: null, OMNodeId: null, RPC Address: localhost:0 and Ratis port: 9872
2019-09-19 08:58:54,093 | INFO  | SCMAudit | user=jenkins1000 | ip=192.168.34.5 | op=GET_SCM_INFO null | ret=SUCCESS |  
2019-09-19 08:58:54,096 [main] WARN  server.ServerUtils (ServerUtils.java:getDBPath(222)) - ozone.om.db.dirs is not configured. We recommend adding this setting. Falling back to ozone.metadata.dirs instead.
2019-09-19 08:58:54,096 [main] INFO  db.DBStoreBuilder (DBStoreBuilder.java:addTable(110)) - using custom profile for table: userTable
2019-09-19 08:58:54,096 [main] INFO  db.DBStoreBuilder (DBStoreBuilder.java:processTables(161)) - Using default column profile:DBProfile.DISK for Table:userTable
2019-09-19 08:58:54,096 [main] INFO  db.DBStoreBuilder (DBStoreBuilder.java:addTable(110)) - using custom profile for table: volumeTable
2019-09-19 08:58:54,097 [main] INFO  db.DBStoreBuilder (DBStoreBuilder.java:processTables(161)) - Using default column profile:DBProfile.DISK for Table:volumeTable
2019-09-19 08:58:54,097 [main] INFO  db.DBStoreBuilder (DBStoreBuilder.java:addTable(110)) - using custom profile for table: bucketTable
2019-09-19 08:58:54,097 [main] INFO  db.DBStoreBuilder (DBStoreBuilder.java:processTables(161)) - Using default column profile:DBProfile.DISK for Table:bucketTable
2019-09-19 08:58:54,097 [main] INFO  db.DBStoreBuilder (DBStoreBuilder.java:addTable(110)) - using custom profile for table: keyTable
2019-09-19 08:58:54,097 [main] INFO  db.DBStoreBuilder (DBStoreBuilder.java:processTables(161)) - Using default column profile:DBProfile.DISK for Table:keyTable
2019-09-19 08:58:54,097 [main] INFO  db.DBStoreBuilder (DBStoreBuilder.java:addTable(110)) - using custom profile for table: deletedTable
2019-09-19 08:58:54,098 [main] INFO  db.DBStoreBuilder (DBStoreBuilder.java:processTables(161)) - Using default column profile:DBProfile.DISK for Table:deletedTable
2019-09-19 08:58:54,098 [main] INFO  db.DBStoreBuilder (DBStoreBuilder.java:addTable(110)) - using custom profile for table: openKeyTable
2019-09-19 08:58:54,098 [main] INFO  db.DBStoreBuilder (DBStoreBuilder.java:processTables(161)) - Using default column profile:DBProfile.DISK for Table:openKeyTable
2019-09-19 08:58:54,098 [main] INFO  db.DBStoreBuilder (DBStoreBuilder.java:addTable(110)) - using custom profile for table: s3Table
2019-09-19 08:58:54,098 [main] INFO  db.DBStoreBuilder (DBStoreBuilder.java:processTables(161)) - Using default column profile:DBProfile.DISK for Table:s3Table
2019-09-19 08:58:54,099 [main] INFO  db.DBStoreBuilder (DBStoreBuilder.java:addTable(110)) - using custom profile for table: multipartInfoTable
2019-09-19 08:58:54,099 [main] INFO  db.DBStoreBuilder (DBStoreBuilder.java:processTables(161)) - Using default column profile:DBProfile.DISK for Table:multipartInfoTable
2019-09-19 08:58:54,099 [main] INFO  db.DBStoreBuilder (DBStoreBuilder.java:addTable(110)) - using custom profile for table: dTokenTable
2019-09-19 08:58:54,099 [main] INFO  db.DBStoreBuilder (DBStoreBuilder.java:processTables(161)) - Using default column profile:DBProfile.DISK for Table:dTokenTable
2019-09-19 08:58:54,099 [main] INFO  db.DBStoreBuilder (DBStoreBuilder.java:addTable(110)) - using custom profile for table: s3SecretTable
2019-09-19 08:58:54,099 [main] INFO  db.DBStoreBuilder (DBStoreBuilder.java:processTables(161)) - Using default column profile:DBProfile.DISK for Table:s3SecretTable
2019-09-19 08:58:54,100 [main] INFO  db.DBStoreBuilder (DBStoreBuilder.java:addTable(110)) - using custom profile for table: prefixTable
2019-09-19 08:58:54,100 [main] INFO  db.DBStoreBuilder (DBStoreBuilder.java:processTables(161)) - Using default column profile:DBProfile.DISK for Table:prefixTable
2019-09-19 08:58:54,100 [main] INFO  db.DBStoreBuilder (DBStoreBuilder.java:addTable(110)) - using custom profile for table: default
2019-09-19 08:58:54,100 [main] INFO  db.DBStoreBuilder (DBStoreBuilder.java:processTables(167)) - Using default column profile:DBProfile.DISK for Table:default
2019-09-19 08:58:54,101 [main] INFO  db.DBStoreBuilder (DBStoreBuilder.java:getDbProfile(198)) - Using default options. DBProfile.DISK
2019-09-19 08:58:54,551 [main] INFO  ipc.CallQueueManager (CallQueueManager.java:<init>(84)) - Using callQueue: class java.util.concurrent.LinkedBlockingQueue, queueCapacity: 2000, scheduler: class org.apache.hadoop.ipc.DefaultRpcScheduler, ipcBackoff: false.
2019-09-19 08:58:54,552 [Socket Reader #1 for port 38586] INFO  ipc.Server (Server.java:run(1074)) - Starting Socket Reader #1 for port 38586
2019-09-19 08:58:54,570 [main] INFO  om.OzoneManager (OzoneManager.java:start(1256)) - OzoneManager RPC server is listening at localhost/127.0.0.1:38586
2019-09-19 08:58:54,571 [main] INFO  impl.MetricsSystemImpl (MetricsSystemImpl.java:init(158)) - OzoneManager metrics system started (again)
2019-09-19 08:58:54,571 [IPC Server Responder] INFO  ipc.Server (Server.java:run(1314)) - IPC Server Responder: starting
2019-09-19 08:58:54,571 [IPC Server listener on 38586] INFO  ipc.Server (Server.java:run(1153)) - IPC Server listener on 38586: starting
2019-09-19 08:58:54,576 [main] INFO  hdfs.DFSUtil (DFSUtil.java:httpServerTemplateForNNAndJN(1641)) - Starting Web-server for ozoneManager at: http://0.0.0.0:0
2019-09-19 08:58:54,577 [main] INFO  server.AuthenticationFilter (AuthenticationFilter.java:constructSecretProvider(240)) - Unable to initialize FileSignerSecretProvider, falling back to use random secrets.
2019-09-19 08:58:54,578 [main] WARN  http.HttpRequestLog (HttpRequestLog.java:getRequestLog(97)) - Jetty request log can only be enabled using Log4j
2019-09-19 08:58:54,580 [main] INFO  http.HttpServer2 (HttpServer2.java:addGlobalFilter(975)) - Added global filter 'safety' (class=org.apache.hadoop.http.HttpServer2$QuotingInputFilter)
2019-09-19 08:58:54,581 [main] INFO  http.HttpServer2 (HttpServer2.java:addFilter(948)) - Added filter static_user_filter (class=org.apache.hadoop.http.lib.StaticUserWebFilter$StaticUserFilter) to context ozoneManager
2019-09-19 08:58:54,581 [main] INFO  http.HttpServer2 (HttpServer2.java:addFilter(958)) - Added filter static_user_filter (class=org.apache.hadoop.http.lib.StaticUserWebFilter$StaticUserFilter) to context logs
2019-09-19 08:58:54,581 [main] INFO  http.HttpServer2 (HttpServer2.java:addFilter(958)) - Added filter static_user_filter (class=org.apache.hadoop.http.lib.StaticUserWebFilter$StaticUserFilter) to context static
2019-09-19 08:58:54,582 [main] INFO  http.HttpServer2 (HttpServer2.java:bindListener(1191)) - Jetty bound to port 38009
2019-09-19 08:58:54,582 [main] INFO  server.Server (Server.java:doStart(351)) - jetty-9.3.24.v20180605, build timestamp: 2018-06-05T17:11:56Z, git hash: 84205aa28f11a4f31f2a3b86d1bba2cc8ab69827
2019-09-19 08:58:54,584 [main] INFO  handler.ContextHandler (ContextHandler.java:doStart(781)) - Started o.e.j.s.ServletContextHandler@77856cc5{/logs,file:///workdir/hadoop-ozone/integration-test/target/log,AVAILABLE}
2019-09-19 08:58:54,585 [main] INFO  handler.ContextHandler (ContextHandler.java:doStart(781)) - Started o.e.j.s.ServletContextHandler@32d22650{/static,file:///workdir/hadoop-ozone/integration-test/target/test-classes/webapps/static,AVAILABLE}
2019-09-19 08:58:54,590 [main] INFO  handler.ContextHandler (ContextHandler.java:doStart(781)) - Started o.e.j.w.WebAppContext@11c3ce6a{/,file:///workdir/hadoop-ozone/integration-test/target/test-classes/webapps/ozoneManager/,AVAILABLE}{/ozoneManager}
2019-09-19 08:58:54,590 [main] INFO  server.AbstractConnector (AbstractConnector.java:doStart(278)) - Started ServerConnector@1a3b1f7e{HTTP/1.1,[http/1.1]}{0.0.0.0:38009}
2019-09-19 08:58:54,591 [main] INFO  server.Server (Server.java:doStart(419)) - Started @42736ms
2019-09-19 08:58:54,592 [main] INFO  server.BaseHttpServer (BaseHttpServer.java:updateConnectorAddress(213)) - HTTP server of OZONEMANAGER is listening at http://0.0.0.0:38009
2019-09-19 08:58:54,608 [main] INFO  impl.MetricsSystemImpl (MetricsSystemImpl.java:init(158)) - HddsDatanode metrics system started (again)
2019-09-19 08:58:54,610 [main] INFO  ozone.HddsDatanodeService (HddsDatanodeService.java:start(184)) - HddsDatanodeService host:pr-hdds-1569-j4bt4-3030777008 ip:192.168.34.5
2019-09-19 08:58:54,617 [main] INFO  volume.HddsVolume (HddsVolume.java:<init>(176)) - Creating Volume: /workdir/hadoop-ozone/integration-test/target/test-dir/MiniOzoneClusterImpl-66e2a49b-37e1-46c5-a16c-3b22c3c736b2/datanode-0/data/containers/hdds of  storage type : DISK and capacity : 1482555576320
2019-09-19 08:58:54,617 [main] INFO  volume.VolumeSet (VolumeSet.java:initializeVolumeSet(170)) - Added Volume : /workdir/hadoop-ozone/integration-test/target/test-dir/MiniOzoneClusterImpl-66e2a49b-37e1-46c5-a16c-3b22c3c736b2/datanode-0/data/containers/hdds to VolumeSet
2019-09-19 08:58:54,617 [main] INFO  volume.ThrottledAsyncChecker (ThrottledAsyncChecker.java:schedule(140)) - Scheduling a check for org.apache.hadoop.ozone.container.common.volume.HddsVolume@2493eec6
2019-09-19 08:58:54,618 [main] INFO  volume.HddsVolumeChecker (HddsVolumeChecker.java:checkAllVolumes(203)) - Scheduled health check for volume org.apache.hadoop.ozone.container.common.volume.HddsVolume@2493eec6
2019-09-19 08:58:54,634 [main] INFO  impl.RaftServerProxy (ConfUtils.java:logGet(43)) - raft.rpc.type = GRPC (default)
2019-09-19 08:58:54,634 [main] INFO  grpc.GrpcFactory (GrpcFactory.java:checkPooledByteBufAllocatorUseCacheForAllThreads(45)) - PERFORMANCE WARNING: useCacheForAllThreads is true that may cause Netty to create a lot garbage objects and, as a result, trigger GC.
	It is recommended to disable useCacheForAllThreads by setting -Dorg.apache.ratis.thirdparty.io.netty.allocator.useCacheForAllThreads=false in command line.
2019-09-19 08:58:54,634 [main] INFO  grpc.GrpcConfigKeys$Server (ConfUtils.java:logGet(43)) - raft.grpc.server.port = 0 (default)
2019-09-19 08:58:54,634 [main] INFO  server.GrpcService (ConfUtils.java:logGet(43)) - raft.grpc.message.size.max = 33570816 (custom)
2019-09-19 08:58:54,635 [main] INFO  server.RaftServerConfigKeys (ConfUtils.java:logGet(43)) - raft.server.log.appender.buffer.byte-limit = 33554432 (custom)
2019-09-19 08:58:54,635 [main] INFO  server.GrpcService (ConfUtils.java:logGet(43)) - raft.grpc.flow.control.window = 1MB (=1048576) (default)
2019-09-19 08:58:54,635 [main] INFO  server.RaftServerConfigKeys (ConfUtils.java:logGet(43)) - raft.server.rpc.request.timeout = 3000ms (default)
2019-09-19 08:58:54,636 [main] INFO  server.RaftServerConfigKeys (ConfUtils.java:logGet(43)) - raft.server.storage.dir = [/workdir/hadoop-ozone/integration-test/target/test-dir/MiniOzoneClusterImpl-66e2a49b-37e1-46c5-a16c-3b22c3c736b2/datanode-0/data/ratis] (custom)
2019-09-19 08:58:54,636 [main] INFO  replication.SimpleContainerDownloader (SimpleContainerDownloader.java:<init>(72)) - Starting container downloader service to copy containers to replicate.
2019-09-19 08:58:54,637 [main] INFO  hdfs.DFSUtil (DFSUtil.java:httpServerTemplateForNNAndJN(1641)) - Starting Web-server for hddsDatanode at: http://0.0.0.0:0
2019-09-19 08:58:54,639 [main] INFO  server.AuthenticationFilter (AuthenticationFilter.java:constructSecretProvider(240)) - Unable to initialize FileSignerSecretProvider, falling back to use random secrets.
2019-09-19 08:58:54,640 [main] WARN  http.HttpRequestLog (HttpRequestLog.java:getRequestLog(97)) - Jetty request log can only be enabled using Log4j
2019-09-19 08:58:54,642 [main] INFO  http.HttpServer2 (HttpServer2.java:addGlobalFilter(975)) - Added global filter 'safety' (class=org.apache.hadoop.http.HttpServer2$QuotingInputFilter)
2019-09-19 08:58:54,642 [main] INFO  http.HttpServer2 (HttpServer2.java:addFilter(948)) - Added filter static_user_filter (class=org.apache.hadoop.http.lib.StaticUserWebFilter$StaticUserFilter) to context hddsDatanode
2019-09-19 08:58:54,643 [main] INFO  http.HttpServer2 (HttpServer2.java:addFilter(958)) - Added filter static_user_filter (class=org.apache.hadoop.http.lib.StaticUserWebFilter$StaticUserFilter) to context static
2019-09-19 08:58:54,643 [main] INFO  http.HttpServer2 (HttpServer2.java:addFilter(958)) - Added filter static_user_filter (class=org.apache.hadoop.http.lib.StaticUserWebFilter$StaticUserFilter) to context logs
2019-09-19 08:58:54,644 [main] INFO  http.HttpServer2 (HttpServer2.java:bindListener(1191)) - Jetty bound to port 37008
2019-09-19 08:58:54,644 [main] INFO  server.Server (Server.java:doStart(351)) - jetty-9.3.24.v20180605, build timestamp: 2018-06-05T17:11:56Z, git hash: 84205aa28f11a4f31f2a3b86d1bba2cc8ab69827
2019-09-19 08:58:54,646 [main] INFO  handler.ContextHandler (ContextHandler.java:doStart(781)) - Started o.e.j.s.ServletContextHandler@3bcc8f13{/logs,file:///workdir/hadoop-ozone/integration-test/target/log,AVAILABLE}
2019-09-19 08:58:54,647 [main] INFO  handler.ContextHandler (ContextHandler.java:doStart(781)) - Started o.e.j.s.ServletContextHandler@73d91faf{/static,jar:file:/home/user/.m2/repository/org/apache/hadoop/hadoop-hdds-container-service/0.5.0-SNAPSHOT/hadoop-hdds-container-service-0.5.0-SNAPSHOT.jar!/webapps/static,AVAILABLE}
2019-09-19 08:58:54,688 [main] INFO  handler.ContextHandler (ContextHandler.java:doStart(781)) - Started o.e.j.w.WebAppContext@75b363c3{/,file:///tmp/jetty-0.0.0.0-37008-hddsDatanode-_-any-5112300069124872151.dir/webapp/,AVAILABLE}{/hddsDatanode}
2019-09-19 08:58:54,689 [main] INFO  server.AbstractConnector (AbstractConnector.java:doStart(278)) - Started ServerConnector@6ea3a513{HTTP/1.1,[http/1.1]}{0.0.0.0:37008}
2019-09-19 08:58:54,690 [main] INFO  server.Server (Server.java:doStart(419)) - Started @42834ms
2019-09-19 08:58:54,691 [main] INFO  server.BaseHttpServer (BaseHttpServer.java:updateConnectorAddress(213)) - HTTP server of HDDSDATANODE is listening at http://0.0.0.0:37008
2019-09-19 08:58:54,840 | INFO  | ObjectStoreRestHttpServer | Listening HDDS REST traffic on /0.0.0.0:44528 |  
2019-09-19 08:58:54,840 [main] INFO  ozone.HddsDatanodeService (HddsDatanodeService.java:startPlugins(395)) - Started plug-in org.apache.hadoop.ozone.web.OzoneHddsDatanodeService@31082efa
2019-09-19 08:58:54,841 [main] INFO  impl.MetricsSystemImpl (MetricsSystemImpl.java:init(158)) - HddsDatanode metrics system started (again)
2019-09-19 08:58:54,843 [org.apache.hadoop.util.JvmPauseMonitor$Monitor@12ce1b51] INFO  util.JvmPauseMonitor (JvmPauseMonitor.java:run(188)) - Starting JVM pause monitor
2019-09-19 08:58:54,843 [main] INFO  ozone.HddsDatanodeService (HddsDatanodeService.java:start(184)) - HddsDatanodeService host:pr-hdds-1569-j4bt4-3030777008 ip:192.168.34.5
2019-09-19 08:58:54,845 [Datanode State Machine Thread - 0] INFO  datanode.InitDatanodeState (InitDatanodeState.java:persistContainerDatanodeDetails(140)) - DatanodeDetails is persisted to /workdir/hadoop-ozone/integration-test/target/test-dir/MiniOzoneClusterImpl-66e2a49b-37e1-46c5-a16c-3b22c3c736b2/datanode-0/meta/datanode.id
2019-09-19 08:58:54,850 [main] INFO  volume.HddsVolume (HddsVolume.java:<init>(176)) - Creating Volume: /workdir/hadoop-ozone/integration-test/target/test-dir/MiniOzoneClusterImpl-66e2a49b-37e1-46c5-a16c-3b22c3c736b2/datanode-1/data/containers/hdds of  storage type : DISK and capacity : 1482555576320
2019-09-19 08:58:54,850 [main] INFO  volume.VolumeSet (VolumeSet.java:initializeVolumeSet(170)) - Added Volume : /workdir/hadoop-ozone/integration-test/target/test-dir/MiniOzoneClusterImpl-66e2a49b-37e1-46c5-a16c-3b22c3c736b2/datanode-1/data/containers/hdds to VolumeSet
2019-09-19 08:58:54,851 [main] INFO  volume.ThrottledAsyncChecker (ThrottledAsyncChecker.java:schedule(140)) - Scheduling a check for org.apache.hadoop.ozone.container.common.volume.HddsVolume@1cdd31a4
2019-09-19 08:58:54,851 [main] INFO  volume.HddsVolumeChecker (HddsVolumeChecker.java:checkAllVolumes(203)) - Scheduled health check for volume org.apache.hadoop.ozone.container.common.volume.HddsVolume@1cdd31a4
2019-09-19 08:58:54,867 [main] INFO  impl.RaftServerProxy (ConfUtils.java:logGet(43)) - raft.rpc.type = GRPC (default)
2019-09-19 08:58:54,868 [main] INFO  grpc.GrpcFactory (GrpcFactory.java:checkPooledByteBufAllocatorUseCacheForAllThreads(45)) - PERFORMANCE WARNING: useCacheForAllThreads is true that may cause Netty to create a lot garbage objects and, as a result, trigger GC.
	It is recommended to disable useCacheForAllThreads by setting -Dorg.apache.ratis.thirdparty.io.netty.allocator.useCacheForAllThreads=false in command line.
2019-09-19 08:58:54,868 [main] INFO  grpc.GrpcConfigKeys$Server (ConfUtils.java:logGet(43)) - raft.grpc.server.port = 0 (default)
2019-09-19 08:58:54,868 [main] INFO  server.GrpcService (ConfUtils.java:logGet(43)) - raft.grpc.message.size.max = 33570816 (custom)
2019-09-19 08:58:54,868 [main] INFO  server.RaftServerConfigKeys (ConfUtils.java:logGet(43)) - raft.server.log.appender.buffer.byte-limit = 33554432 (custom)
2019-09-19 08:58:54,868 [main] INFO  server.GrpcService (ConfUtils.java:logGet(43)) - raft.grpc.flow.control.window = 1MB (=1048576) (default)
2019-09-19 08:58:54,869 [main] INFO  server.RaftServerConfigKeys (ConfUtils.java:logGet(43)) - raft.server.rpc.request.timeout = 3000ms (default)
2019-09-19 08:58:54,869 [main] INFO  server.RaftServerConfigKeys (ConfUtils.java:logGet(43)) - raft.server.storage.dir = [/workdir/hadoop-ozone/integration-test/target/test-dir/MiniOzoneClusterImpl-66e2a49b-37e1-46c5-a16c-3b22c3c736b2/datanode-1/data/ratis] (custom)
2019-09-19 08:58:54,870 [main] INFO  replication.SimpleContainerDownloader (SimpleContainerDownloader.java:<init>(72)) - Starting container downloader service to copy containers to replicate.
2019-09-19 08:58:54,871 [main] INFO  hdfs.DFSUtil (DFSUtil.java:httpServerTemplateForNNAndJN(1641)) - Starting Web-server for hddsDatanode at: http://0.0.0.0:0
2019-09-19 08:58:54,873 [main] INFO  server.AuthenticationFilter (AuthenticationFilter.java:constructSecretProvider(240)) - Unable to initialize FileSignerSecretProvider, falling back to use random secrets.
2019-09-19 08:58:54,874 [main] WARN  http.HttpRequestLog (HttpRequestLog.java:getRequestLog(97)) - Jetty request log can only be enabled using Log4j
2019-09-19 08:58:54,876 [main] INFO  http.HttpServer2 (HttpServer2.java:addGlobalFilter(975)) - Added global filter 'safety' (class=org.apache.hadoop.http.HttpServer2$QuotingInputFilter)
2019-09-19 08:58:54,877 [main] INFO  http.HttpServer2 (HttpServer2.java:addFilter(948)) - Added filter static_user_filter (class=org.apache.hadoop.http.lib.StaticUserWebFilter$StaticUserFilter) to context hddsDatanode
2019-09-19 08:58:54,877 [main] INFO  http.HttpServer2 (HttpServer2.java:addFilter(958)) - Added filter static_user_filter (class=org.apache.hadoop.http.lib.StaticUserWebFilter$StaticUserFilter) to context logs
2019-09-19 08:58:54,877 [main] INFO  http.HttpServer2 (HttpServer2.java:addFilter(958)) - Added filter static_user_filter (class=org.apache.hadoop.http.lib.StaticUserWebFilter$StaticUserFilter) to context static
2019-09-19 08:58:54,878 [main] INFO  http.HttpServer2 (HttpServer2.java:bindListener(1191)) - Jetty bound to port 44008
2019-09-19 08:58:54,879 [main] INFO  server.Server (Server.java:doStart(351)) - jetty-9.3.24.v20180605, build timestamp: 2018-06-05T17:11:56Z, git hash: 84205aa28f11a4f31f2a3b86d1bba2cc8ab69827
2019-09-19 08:58:54,881 [main] INFO  handler.ContextHandler (ContextHandler.java:doStart(781)) - Started o.e.j.s.ServletContextHandler@1c3d9e28{/logs,file:///workdir/hadoop-ozone/integration-test/target/log,AVAILABLE}
2019-09-19 08:58:54,882 [main] INFO  handler.ContextHandler (ContextHandler.java:doStart(781)) - Started o.e.j.s.ServletContextHandler@46d148bd{/static,jar:file:/home/user/.m2/repository/org/apache/hadoop/hadoop-hdds-container-service/0.5.0-SNAPSHOT/hadoop-hdds-container-service-0.5.0-SNAPSHOT.jar!/webapps/static,AVAILABLE}
2019-09-19 08:58:54,925 [main] INFO  handler.ContextHandler (ContextHandler.java:doStart(781)) - Started o.e.j.w.WebAppContext@f591271{/,file:///tmp/jetty-0.0.0.0-44008-hddsDatanode-_-any-7018465118502198066.dir/webapp/,AVAILABLE}{/hddsDatanode}
2019-09-19 08:58:54,927 [main] INFO  server.AbstractConnector (AbstractConnector.java:doStart(278)) - Started ServerConnector@77cc6a28{HTTP/1.1,[http/1.1]}{0.0.0.0:44008}
2019-09-19 08:58:54,927 [main] INFO  server.Server (Server.java:doStart(419)) - Started @43072ms
2019-09-19 08:58:54,928 [main] INFO  server.BaseHttpServer (BaseHttpServer.java:updateConnectorAddress(213)) - HTTP server of HDDSDATANODE is listening at http://0.0.0.0:44008
2019-09-19 08:58:55,073 | INFO  | ObjectStoreRestHttpServer | Listening HDDS REST traffic on /0.0.0.0:42376 |  
2019-09-19 08:58:55,073 [main] INFO  ozone.HddsDatanodeService (HddsDatanodeService.java:startPlugins(395)) - Started plug-in org.apache.hadoop.ozone.web.OzoneHddsDatanodeService@2b400bd0
2019-09-19 08:58:55,074 [main] INFO  impl.MetricsSystemImpl (MetricsSystemImpl.java:init(158)) - HddsDatanode metrics system started (again)
2019-09-19 08:58:55,076 [org.apache.hadoop.util.JvmPauseMonitor$Monitor@5872653e] INFO  util.JvmPauseMonitor (JvmPauseMonitor.java:run(188)) - Starting JVM pause monitor
2019-09-19 08:58:55,076 [main] INFO  ozone.HddsDatanodeService (HddsDatanodeService.java:start(184)) - HddsDatanodeService host:pr-hdds-1569-j4bt4-3030777008 ip:192.168.34.5
2019-09-19 08:58:55,078 [Datanode State Machine Thread - 0] INFO  datanode.InitDatanodeState (InitDatanodeState.java:persistContainerDatanodeDetails(140)) - DatanodeDetails is persisted to /workdir/hadoop-ozone/integration-test/target/test-dir/MiniOzoneClusterImpl-66e2a49b-37e1-46c5-a16c-3b22c3c736b2/datanode-1/meta/datanode.id
2019-09-19 08:58:55,084 [main] INFO  volume.HddsVolume (HddsVolume.java:<init>(176)) - Creating Volume: /workdir/hadoop-ozone/integration-test/target/test-dir/MiniOzoneClusterImpl-66e2a49b-37e1-46c5-a16c-3b22c3c736b2/datanode-2/data/containers/hdds of  storage type : DISK and capacity : 1482555576320
2019-09-19 08:58:55,085 [main] INFO  volume.VolumeSet (VolumeSet.java:initializeVolumeSet(170)) - Added Volume : /workdir/hadoop-ozone/integration-test/target/test-dir/MiniOzoneClusterImpl-66e2a49b-37e1-46c5-a16c-3b22c3c736b2/datanode-2/data/containers/hdds to VolumeSet
2019-09-19 08:58:55,085 [main] INFO  volume.ThrottledAsyncChecker (ThrottledAsyncChecker.java:schedule(140)) - Scheduling a check for org.apache.hadoop.ozone.container.common.volume.HddsVolume@3d98729a
2019-09-19 08:58:55,085 [main] INFO  volume.HddsVolumeChecker (HddsVolumeChecker.java:checkAllVolumes(203)) - Scheduled health check for volume org.apache.hadoop.ozone.container.common.volume.HddsVolume@3d98729a
2019-09-19 08:58:55,103 [main] INFO  impl.RaftServerProxy (ConfUtils.java:logGet(43)) - raft.rpc.type = GRPC (default)
2019-09-19 08:58:55,103 [main] INFO  grpc.GrpcFactory (GrpcFactory.java:checkPooledByteBufAllocatorUseCacheForAllThreads(45)) - PERFORMANCE WARNING: useCacheForAllThreads is true that may cause Netty to create a lot garbage objects and, as a result, trigger GC.
	It is recommended to disable useCacheForAllThreads by setting -Dorg.apache.ratis.thirdparty.io.netty.allocator.useCacheForAllThreads=false in command line.
2019-09-19 08:58:55,103 [main] INFO  grpc.GrpcConfigKeys$Server (ConfUtils.java:logGet(43)) - raft.grpc.server.port = 0 (default)
2019-09-19 08:58:55,104 [main] INFO  server.GrpcService (ConfUtils.java:logGet(43)) - raft.grpc.message.size.max = 33570816 (custom)
2019-09-19 08:58:55,104 [main] INFO  server.RaftServerConfigKeys (ConfUtils.java:logGet(43)) - raft.server.log.appender.buffer.byte-limit = 33554432 (custom)
2019-09-19 08:58:55,104 [main] INFO  server.GrpcService (ConfUtils.java:logGet(43)) - raft.grpc.flow.control.window = 1MB (=1048576) (default)
2019-09-19 08:58:55,104 [main] INFO  server.RaftServerConfigKeys (ConfUtils.java:logGet(43)) - raft.server.rpc.request.timeout = 3000ms (default)
2019-09-19 08:58:55,105 [main] INFO  server.RaftServerConfigKeys (ConfUtils.java:logGet(43)) - raft.server.storage.dir = [/workdir/hadoop-ozone/integration-test/target/test-dir/MiniOzoneClusterImpl-66e2a49b-37e1-46c5-a16c-3b22c3c736b2/datanode-2/data/ratis] (custom)
2019-09-19 08:58:55,105 [main] INFO  replication.SimpleContainerDownloader (SimpleContainerDownloader.java:<init>(72)) - Starting container downloader service to copy containers to replicate.
2019-09-19 08:58:55,106 [main] INFO  hdfs.DFSUtil (DFSUtil.java:httpServerTemplateForNNAndJN(1641)) - Starting Web-server for hddsDatanode at: http://0.0.0.0:0
2019-09-19 08:58:55,108 [main] INFO  server.AuthenticationFilter (AuthenticationFilter.java:constructSecretProvider(240)) - Unable to initialize FileSignerSecretProvider, falling back to use random secrets.
2019-09-19 08:58:55,108 [main] WARN  http.HttpRequestLog (HttpRequestLog.java:getRequestLog(97)) - Jetty request log can only be enabled using Log4j
2019-09-19 08:58:55,110 [main] INFO  http.HttpServer2 (HttpServer2.java:addGlobalFilter(975)) - Added global filter 'safety' (class=org.apache.hadoop.http.HttpServer2$QuotingInputFilter)
2019-09-19 08:58:55,110 [main] INFO  http.HttpServer2 (HttpServer2.java:addFilter(948)) - Added filter static_user_filter (class=org.apache.hadoop.http.lib.StaticUserWebFilter$StaticUserFilter) to context hddsDatanode
2019-09-19 08:58:55,110 [main] INFO  http.HttpServer2 (HttpServer2.java:addFilter(958)) - Added filter static_user_filter (class=org.apache.hadoop.http.lib.StaticUserWebFilter$StaticUserFilter) to context logs
2019-09-19 08:58:55,110 [main] INFO  http.HttpServer2 (HttpServer2.java:addFilter(958)) - Added filter static_user_filter (class=org.apache.hadoop.http.lib.StaticUserWebFilter$StaticUserFilter) to context static
2019-09-19 08:58:55,111 [main] INFO  http.HttpServer2 (HttpServer2.java:bindListener(1191)) - Jetty bound to port 40279
2019-09-19 08:58:55,111 [main] INFO  server.Server (Server.java:doStart(351)) - jetty-9.3.24.v20180605, build timestamp: 2018-06-05T17:11:56Z, git hash: 84205aa28f11a4f31f2a3b86d1bba2cc8ab69827
2019-09-19 08:58:55,113 [main] INFO  handler.ContextHandler (ContextHandler.java:doStart(781)) - Started o.e.j.s.ServletContextHandler@34bf66af{/logs,file:///workdir/hadoop-ozone/integration-test/target/log,AVAILABLE}
2019-09-19 08:58:55,113 [main] INFO  handler.ContextHandler (ContextHandler.java:doStart(781)) - Started o.e.j.s.ServletContextHandler@3dec79f8{/static,jar:file:/home/user/.m2/repository/org/apache/hadoop/hadoop-hdds-container-service/0.5.0-SNAPSHOT/hadoop-hdds-container-service-0.5.0-SNAPSHOT.jar!/webapps/static,AVAILABLE}
2019-09-19 08:58:55,139 [main] INFO  handler.ContextHandler (ContextHandler.java:doStart(781)) - Started o.e.j.w.WebAppContext@4e61a863{/,file:///tmp/jetty-0.0.0.0-40279-hddsDatanode-_-any-3094736385888740635.dir/webapp/,AVAILABLE}{/hddsDatanode}
2019-09-19 08:58:55,141 [main] INFO  server.AbstractConnector (AbstractConnector.java:doStart(278)) - Started ServerConnector@35f01759{HTTP/1.1,[http/1.1]}{0.0.0.0:40279}
2019-09-19 08:58:55,141 [main] INFO  server.Server (Server.java:doStart(419)) - Started @43286ms
2019-09-19 08:58:55,142 [main] INFO  server.BaseHttpServer (BaseHttpServer.java:updateConnectorAddress(213)) - HTTP server of HDDSDATANODE is listening at http://0.0.0.0:40279
2019-09-19 08:58:55,275 | INFO  | ObjectStoreRestHttpServer | Listening HDDS REST traffic on /0.0.0.0:37789 |  
2019-09-19 08:58:55,275 [main] INFO  ozone.HddsDatanodeService (HddsDatanodeService.java:startPlugins(395)) - Started plug-in org.apache.hadoop.ozone.web.OzoneHddsDatanodeService@72c704f1
2019-09-19 08:58:55,275 [main] INFO  impl.MetricsSystemImpl (MetricsSystemImpl.java:init(158)) - HddsDatanode metrics system started (again)
2019-09-19 08:58:55,278 [org.apache.hadoop.util.JvmPauseMonitor$Monitor@4d9162c2] INFO  util.JvmPauseMonitor (JvmPauseMonitor.java:run(188)) - Starting JVM pause monitor
2019-09-19 08:58:55,278 [main] INFO  ozone.HddsDatanodeService (HddsDatanodeService.java:start(184)) - HddsDatanodeService host:pr-hdds-1569-j4bt4-3030777008 ip:192.168.34.5
2019-09-19 08:58:55,280 [Datanode State Machine Thread - 0] INFO  datanode.InitDatanodeState (InitDatanodeState.java:persistContainerDatanodeDetails(140)) - DatanodeDetails is persisted to /workdir/hadoop-ozone/integration-test/target/test-dir/MiniOzoneClusterImpl-66e2a49b-37e1-46c5-a16c-3b22c3c736b2/datanode-2/meta/datanode.id
2019-09-19 08:58:55,286 [main] INFO  volume.HddsVolume (HddsVolume.java:<init>(176)) - Creating Volume: /workdir/hadoop-ozone/integration-test/target/test-dir/MiniOzoneClusterImpl-66e2a49b-37e1-46c5-a16c-3b22c3c736b2/datanode-3/data/containers/hdds of  storage type : DISK and capacity : 1482555576320
2019-09-19 08:58:55,287 [main] INFO  volume.VolumeSet (VolumeSet.java:initializeVolumeSet(170)) - Added Volume : /workdir/hadoop-ozone/integration-test/target/test-dir/MiniOzoneClusterImpl-66e2a49b-37e1-46c5-a16c-3b22c3c736b2/datanode-3/data/containers/hdds to VolumeSet
2019-09-19 08:58:55,287 [main] INFO  volume.ThrottledAsyncChecker (ThrottledAsyncChecker.java:schedule(140)) - Scheduling a check for org.apache.hadoop.ozone.container.common.volume.HddsVolume@40d10264
2019-09-19 08:58:55,288 [main] INFO  volume.HddsVolumeChecker (HddsVolumeChecker.java:checkAllVolumes(203)) - Scheduled health check for volume org.apache.hadoop.ozone.container.common.volume.HddsVolume@40d10264
2019-09-19 08:58:55,312 [main] INFO  impl.RaftServerProxy (ConfUtils.java:logGet(43)) - raft.rpc.type = GRPC (default)
2019-09-19 08:58:55,313 [main] INFO  grpc.GrpcFactory (GrpcFactory.java:checkPooledByteBufAllocatorUseCacheForAllThreads(45)) - PERFORMANCE WARNING: useCacheForAllThreads is true that may cause Netty to create a lot garbage objects and, as a result, trigger GC.
	It is recommended to disable useCacheForAllThreads by setting -Dorg.apache.ratis.thirdparty.io.netty.allocator.useCacheForAllThreads=false in command line.
2019-09-19 08:58:55,313 [main] INFO  grpc.GrpcConfigKeys$Server (ConfUtils.java:logGet(43)) - raft.grpc.server.port = 0 (default)
2019-09-19 08:58:55,313 [main] INFO  server.GrpcService (ConfUtils.java:logGet(43)) - raft.grpc.message.size.max = 33570816 (custom)
2019-09-19 08:58:55,314 [main] INFO  server.RaftServerConfigKeys (ConfUtils.java:logGet(43)) - raft.server.log.appender.buffer.byte-limit = 33554432 (custom)
2019-09-19 08:58:55,314 [main] INFO  server.GrpcService (ConfUtils.java:logGet(43)) - raft.grpc.flow.control.window = 1MB (=1048576) (default)
2019-09-19 08:58:55,314 [main] INFO  server.RaftServerConfigKeys (ConfUtils.java:logGet(43)) - raft.server.rpc.request.timeout = 3000ms (default)
2019-09-19 08:58:55,315 [main] INFO  server.RaftServerConfigKeys (ConfUtils.java:logGet(43)) - raft.server.storage.dir = [/workdir/hadoop-ozone/integration-test/target/test-dir/MiniOzoneClusterImpl-66e2a49b-37e1-46c5-a16c-3b22c3c736b2/datanode-3/data/ratis] (custom)
2019-09-19 08:58:55,315 [main] INFO  replication.SimpleContainerDownloader (SimpleContainerDownloader.java:<init>(72)) - Starting container downloader service to copy containers to replicate.
2019-09-19 08:58:55,317 [main] INFO  hdfs.DFSUtil (DFSUtil.java:httpServerTemplateForNNAndJN(1641)) - Starting Web-server for hddsDatanode at: http://0.0.0.0:0
2019-09-19 08:58:55,318 [main] INFO  server.AuthenticationFilter (AuthenticationFilter.java:constructSecretProvider(240)) - Unable to initialize FileSignerSecretProvider, falling back to use random secrets.
2019-09-19 08:58:55,319 [main] WARN  http.HttpRequestLog (HttpRequestLog.java:getRequestLog(97)) - Jetty request log can only be enabled using Log4j
2019-09-19 08:58:55,320 [main] INFO  http.HttpServer2 (HttpServer2.java:addGlobalFilter(975)) - Added global filter 'safety' (class=org.apache.hadoop.http.HttpServer2$QuotingInputFilter)
2019-09-19 08:58:55,320 [main] INFO  http.HttpServer2 (HttpServer2.java:addFilter(948)) - Added filter static_user_filter (class=org.apache.hadoop.http.lib.StaticUserWebFilter$StaticUserFilter) to context hddsDatanode
2019-09-19 08:58:55,321 [main] INFO  http.HttpServer2 (HttpServer2.java:addFilter(958)) - Added filter static_user_filter (class=org.apache.hadoop.http.lib.StaticUserWebFilter$StaticUserFilter) to context static
2019-09-19 08:58:55,321 [main] INFO  http.HttpServer2 (HttpServer2.java:addFilter(958)) - Added filter static_user_filter (class=org.apache.hadoop.http.lib.StaticUserWebFilter$StaticUserFilter) to context logs
2019-09-19 08:58:55,321 [main] INFO  http.HttpServer2 (HttpServer2.java:bindListener(1191)) - Jetty bound to port 38873
2019-09-19 08:58:55,321 [main] INFO  server.Server (Server.java:doStart(351)) - jetty-9.3.24.v20180605, build timestamp: 2018-06-05T17:11:56Z, git hash: 84205aa28f11a4f31f2a3b86d1bba2cc8ab69827
2019-09-19 08:58:55,323 [main] INFO  handler.ContextHandler (ContextHandler.java:doStart(781)) - Started o.e.j.s.ServletContextHandler@79273a4f{/logs,file:///workdir/hadoop-ozone/integration-test/target/log,AVAILABLE}
2019-09-19 08:58:55,323 [main] INFO  handler.ContextHandler (ContextHandler.java:doStart(781)) - Started o.e.j.s.ServletContextHandler@50bb1c1f{/static,jar:file:/home/user/.m2/repository/org/apache/hadoop/hadoop-hdds-container-service/0.5.0-SNAPSHOT/hadoop-hdds-container-service-0.5.0-SNAPSHOT.jar!/webapps/static,AVAILABLE}
2019-09-19 08:58:55,348 [main] INFO  handler.ContextHandler (ContextHandler.java:doStart(781)) - Started o.e.j.w.WebAppContext@fee7ca{/,file:///tmp/jetty-0.0.0.0-38873-hddsDatanode-_-any-6063051127822595682.dir/webapp/,AVAILABLE}{/hddsDatanode}
2019-09-19 08:58:55,348 [main] INFO  server.AbstractConnector (AbstractConnector.java:doStart(278)) - Started ServerConnector@29c80149{HTTP/1.1,[http/1.1]}{0.0.0.0:38873}
2019-09-19 08:58:55,350 [main] INFO  server.Server (Server.java:doStart(419)) - Started @43494ms
2019-09-19 08:58:55,351 [main] INFO  server.BaseHttpServer (BaseHttpServer.java:updateConnectorAddress(213)) - HTTP server of HDDSDATANODE is listening at http://0.0.0.0:38873
2019-09-19 08:58:55,471 | INFO  | ObjectStoreRestHttpServer | Listening HDDS REST traffic on /0.0.0.0:37073 |  
2019-09-19 08:58:55,471 [main] INFO  ozone.HddsDatanodeService (HddsDatanodeService.java:startPlugins(395)) - Started plug-in org.apache.hadoop.ozone.web.OzoneHddsDatanodeService@67b3960b
2019-09-19 08:58:55,472 [main] INFO  impl.MetricsSystemImpl (MetricsSystemImpl.java:init(158)) - HddsDatanode metrics system started (again)
2019-09-19 08:58:55,474 [org.apache.hadoop.util.JvmPauseMonitor$Monitor@1ba5dd7b] INFO  util.JvmPauseMonitor (JvmPauseMonitor.java:run(188)) - Starting JVM pause monitor
2019-09-19 08:58:55,474 [main] INFO  ozone.HddsDatanodeService (HddsDatanodeService.java:start(184)) - HddsDatanodeService host:pr-hdds-1569-j4bt4-3030777008 ip:192.168.34.5
2019-09-19 08:58:55,476 [Datanode State Machine Thread - 0] INFO  datanode.InitDatanodeState (InitDatanodeState.java:persistContainerDatanodeDetails(140)) - DatanodeDetails is persisted to /workdir/hadoop-ozone/integration-test/target/test-dir/MiniOzoneClusterImpl-66e2a49b-37e1-46c5-a16c-3b22c3c736b2/datanode-3/meta/datanode.id
2019-09-19 08:58:55,482 [main] INFO  volume.HddsVolume (HddsVolume.java:<init>(176)) - Creating Volume: /workdir/hadoop-ozone/integration-test/target/test-dir/MiniOzoneClusterImpl-66e2a49b-37e1-46c5-a16c-3b22c3c736b2/datanode-4/data/containers/hdds of  storage type : DISK and capacity : 1482555576320
2019-09-19 08:58:55,482 [main] INFO  volume.VolumeSet (VolumeSet.java:initializeVolumeSet(170)) - Added Volume : /workdir/hadoop-ozone/integration-test/target/test-dir/MiniOzoneClusterImpl-66e2a49b-37e1-46c5-a16c-3b22c3c736b2/datanode-4/data/containers/hdds to VolumeSet
2019-09-19 08:58:55,482 [main] INFO  volume.ThrottledAsyncChecker (ThrottledAsyncChecker.java:schedule(140)) - Scheduling a check for org.apache.hadoop.ozone.container.common.volume.HddsVolume@7a8b7e11
2019-09-19 08:58:55,483 [main] INFO  volume.HddsVolumeChecker (HddsVolumeChecker.java:checkAllVolumes(203)) - Scheduled health check for volume org.apache.hadoop.ozone.container.common.volume.HddsVolume@7a8b7e11
2019-09-19 08:58:55,498 [main] INFO  impl.RaftServerProxy (ConfUtils.java:logGet(43)) - raft.rpc.type = GRPC (default)
2019-09-19 08:58:55,498 [main] INFO  grpc.GrpcFactory (GrpcFactory.java:checkPooledByteBufAllocatorUseCacheForAllThreads(45)) - PERFORMANCE WARNING: useCacheForAllThreads is true that may cause Netty to create a lot garbage objects and, as a result, trigger GC.
	It is recommended to disable useCacheForAllThreads by setting -Dorg.apache.ratis.thirdparty.io.netty.allocator.useCacheForAllThreads=false in command line.
2019-09-19 08:58:55,498 [main] INFO  grpc.GrpcConfigKeys$Server (ConfUtils.java:logGet(43)) - raft.grpc.server.port = 0 (default)
2019-09-19 08:58:55,498 [main] INFO  server.GrpcService (ConfUtils.java:logGet(43)) - raft.grpc.message.size.max = 33570816 (custom)
2019-09-19 08:58:55,499 [main] INFO  server.RaftServerConfigKeys (ConfUtils.java:logGet(43)) - raft.server.log.appender.buffer.byte-limit = 33554432 (custom)
2019-09-19 08:58:55,499 [main] INFO  server.GrpcService (ConfUtils.java:logGet(43)) - raft.grpc.flow.control.window = 1MB (=1048576) (default)
2019-09-19 08:58:55,499 [main] INFO  server.RaftServerConfigKeys (ConfUtils.java:logGet(43)) - raft.server.rpc.request.timeout = 3000ms (default)
2019-09-19 08:58:55,499 [main] INFO  server.RaftServerConfigKeys (ConfUtils.java:logGet(43)) - raft.server.storage.dir = [/workdir/hadoop-ozone/integration-test/target/test-dir/MiniOzoneClusterImpl-66e2a49b-37e1-46c5-a16c-3b22c3c736b2/datanode-4/data/ratis] (custom)
2019-09-19 08:58:55,500 [main] INFO  replication.SimpleContainerDownloader (SimpleContainerDownloader.java:<init>(72)) - Starting container downloader service to copy containers to replicate.
2019-09-19 08:58:55,501 [main] INFO  hdfs.DFSUtil (DFSUtil.java:httpServerTemplateForNNAndJN(1641)) - Starting Web-server for hddsDatanode at: http://0.0.0.0:0
2019-09-19 08:58:55,503 [main] INFO  server.AuthenticationFilter (AuthenticationFilter.java:constructSecretProvider(240)) - Unable to initialize FileSignerSecretProvider, falling back to use random secrets.
2019-09-19 08:58:55,503 [main] WARN  http.HttpRequestLog (HttpRequestLog.java:getRequestLog(97)) - Jetty request log can only be enabled using Log4j
2019-09-19 08:58:55,505 [main] INFO  http.HttpServer2 (HttpServer2.java:addGlobalFilter(975)) - Added global filter 'safety' (class=org.apache.hadoop.http.HttpServer2$QuotingInputFilter)
2019-09-19 08:58:55,506 [main] INFO  http.HttpServer2 (HttpServer2.java:addFilter(948)) - Added filter static_user_filter (class=org.apache.hadoop.http.lib.StaticUserWebFilter$StaticUserFilter) to context hddsDatanode
2019-09-19 08:58:55,506 [main] INFO  http.HttpServer2 (HttpServer2.java:addFilter(958)) - Added filter static_user_filter (class=org.apache.hadoop.http.lib.StaticUserWebFilter$StaticUserFilter) to context logs
2019-09-19 08:58:55,506 [main] INFO  http.HttpServer2 (HttpServer2.java:addFilter(958)) - Added filter static_user_filter (class=org.apache.hadoop.http.lib.StaticUserWebFilter$StaticUserFilter) to context static
2019-09-19 08:58:55,507 [main] INFO  http.HttpServer2 (HttpServer2.java:bindListener(1191)) - Jetty bound to port 40460
2019-09-19 08:58:55,507 [main] INFO  server.Server (Server.java:doStart(351)) - jetty-9.3.24.v20180605, build timestamp: 2018-06-05T17:11:56Z, git hash: 84205aa28f11a4f31f2a3b86d1bba2cc8ab69827
2019-09-19 08:58:55,509 [main] INFO  handler.ContextHandler (ContextHandler.java:doStart(781)) - Started o.e.j.s.ServletContextHandler@7ec5aad{/logs,file:///workdir/hadoop-ozone/integration-test/target/log,AVAILABLE}
2019-09-19 08:58:55,510 [main] INFO  handler.ContextHandler (ContextHandler.java:doStart(781)) - Started o.e.j.s.ServletContextHandler@5e62ca19{/static,jar:file:/home/user/.m2/repository/org/apache/hadoop/hadoop-hdds-container-service/0.5.0-SNAPSHOT/hadoop-hdds-container-service-0.5.0-SNAPSHOT.jar!/webapps/static,AVAILABLE}
2019-09-19 08:58:55,548 [main] INFO  handler.ContextHandler (ContextHandler.java:doStart(781)) - Started o.e.j.w.WebAppContext@5709e10b{/,file:///tmp/jetty-0.0.0.0-40460-hddsDatanode-_-any-7551836687359083129.dir/webapp/,AVAILABLE}{/hddsDatanode}
2019-09-19 08:58:55,549 [main] INFO  server.AbstractConnector (AbstractConnector.java:doStart(278)) - Started ServerConnector@114badf0{HTTP/1.1,[http/1.1]}{0.0.0.0:40460}
2019-09-19 08:58:55,550 [main] INFO  server.Server (Server.java:doStart(419)) - Started @43694ms
2019-09-19 08:58:55,551 [main] INFO  server.BaseHttpServer (BaseHttpServer.java:updateConnectorAddress(213)) - HTTP server of HDDSDATANODE is listening at http://0.0.0.0:40460
2019-09-19 08:58:55,698 | INFO  | ObjectStoreRestHttpServer | Listening HDDS REST traffic on /0.0.0.0:46852 |  
2019-09-19 08:58:55,699 [main] INFO  ozone.HddsDatanodeService (HddsDatanodeService.java:startPlugins(395)) - Started plug-in org.apache.hadoop.ozone.web.OzoneHddsDatanodeService@2a5d2041
2019-09-19 08:58:55,699 [main] INFO  impl.MetricsSystemImpl (MetricsSystemImpl.java:init(158)) - HddsDatanode metrics system started (again)
2019-09-19 08:58:55,701 [org.apache.hadoop.util.JvmPauseMonitor$Monitor@7427d8eb] INFO  util.JvmPauseMonitor (JvmPauseMonitor.java:run(188)) - Starting JVM pause monitor
2019-09-19 08:58:55,702 [main] INFO  ozone.HddsDatanodeService (HddsDatanodeService.java:start(184)) - HddsDatanodeService host:pr-hdds-1569-j4bt4-3030777008 ip:192.168.34.5
2019-09-19 08:58:55,703 [Datanode State Machine Thread - 0] INFO  datanode.InitDatanodeState (InitDatanodeState.java:persistContainerDatanodeDetails(140)) - DatanodeDetails is persisted to /workdir/hadoop-ozone/integration-test/target/test-dir/MiniOzoneClusterImpl-66e2a49b-37e1-46c5-a16c-3b22c3c736b2/datanode-4/meta/datanode.id
2019-09-19 08:58:55,709 [main] INFO  volume.HddsVolume (HddsVolume.java:<init>(176)) - Creating Volume: /workdir/hadoop-ozone/integration-test/target/test-dir/MiniOzoneClusterImpl-66e2a49b-37e1-46c5-a16c-3b22c3c736b2/datanode-5/data/containers/hdds of  storage type : DISK and capacity : 1482555576320
2019-09-19 08:58:55,710 [main] INFO  volume.VolumeSet (VolumeSet.java:initializeVolumeSet(170)) - Added Volume : /workdir/hadoop-ozone/integration-test/target/test-dir/MiniOzoneClusterImpl-66e2a49b-37e1-46c5-a16c-3b22c3c736b2/datanode-5/data/containers/hdds to VolumeSet
2019-09-19 08:58:55,710 [main] INFO  volume.ThrottledAsyncChecker (ThrottledAsyncChecker.java:schedule(140)) - Scheduling a check for org.apache.hadoop.ozone.container.common.volume.HddsVolume@511d568f
2019-09-19 08:58:55,710 [main] INFO  volume.HddsVolumeChecker (HddsVolumeChecker.java:checkAllVolumes(203)) - Scheduled health check for volume org.apache.hadoop.ozone.container.common.volume.HddsVolume@511d568f
2019-09-19 08:58:55,723 [main] INFO  impl.RaftServerProxy (ConfUtils.java:logGet(43)) - raft.rpc.type = GRPC (default)
2019-09-19 08:58:55,723 [main] INFO  grpc.GrpcFactory (GrpcFactory.java:checkPooledByteBufAllocatorUseCacheForAllThreads(45)) - PERFORMANCE WARNING: useCacheForAllThreads is true that may cause Netty to create a lot garbage objects and, as a result, trigger GC.
	It is recommended to disable useCacheForAllThreads by setting -Dorg.apache.ratis.thirdparty.io.netty.allocator.useCacheForAllThreads=false in command line.
2019-09-19 08:58:55,723 [main] INFO  grpc.GrpcConfigKeys$Server (ConfUtils.java:logGet(43)) - raft.grpc.server.port = 0 (default)
2019-09-19 08:58:55,723 [main] INFO  server.GrpcService (ConfUtils.java:logGet(43)) - raft.grpc.message.size.max = 33570816 (custom)
2019-09-19 08:58:55,723 [main] INFO  server.RaftServerConfigKeys (ConfUtils.java:logGet(43)) - raft.server.log.appender.buffer.byte-limit = 33554432 (custom)
2019-09-19 08:58:55,724 [main] INFO  server.GrpcService (ConfUtils.java:logGet(43)) - raft.grpc.flow.control.window = 1MB (=1048576) (default)
2019-09-19 08:58:55,724 [main] INFO  server.RaftServerConfigKeys (ConfUtils.java:logGet(43)) - raft.server.rpc.request.timeout = 3000ms (default)
2019-09-19 08:58:55,724 [main] INFO  server.RaftServerConfigKeys (ConfUtils.java:logGet(43)) - raft.server.storage.dir = [/workdir/hadoop-ozone/integration-test/target/test-dir/MiniOzoneClusterImpl-66e2a49b-37e1-46c5-a16c-3b22c3c736b2/datanode-5/data/ratis] (custom)
2019-09-19 08:58:55,725 [main] INFO  replication.SimpleContainerDownloader (SimpleContainerDownloader.java:<init>(72)) - Starting container downloader service to copy containers to replicate.
2019-09-19 08:58:55,726 [main] INFO  hdfs.DFSUtil (DFSUtil.java:httpServerTemplateForNNAndJN(1641)) - Starting Web-server for hddsDatanode at: http://0.0.0.0:0
2019-09-19 08:58:55,728 [main] INFO  server.AuthenticationFilter (AuthenticationFilter.java:constructSecretProvider(240)) - Unable to initialize FileSignerSecretProvider, falling back to use random secrets.
2019-09-19 08:58:55,728 [main] WARN  http.HttpRequestLog (HttpRequestLog.java:getRequestLog(97)) - Jetty request log can only be enabled using Log4j
2019-09-19 08:58:55,730 [main] INFO  http.HttpServer2 (HttpServer2.java:addGlobalFilter(975)) - Added global filter 'safety' (class=org.apache.hadoop.http.HttpServer2$QuotingInputFilter)
2019-09-19 08:58:55,730 [main] INFO  http.HttpServer2 (HttpServer2.java:addFilter(948)) - Added filter static_user_filter (class=org.apache.hadoop.http.lib.StaticUserWebFilter$StaticUserFilter) to context hddsDatanode
2019-09-19 08:58:55,730 [main] INFO  http.HttpServer2 (HttpServer2.java:addFilter(958)) - Added filter static_user_filter (class=org.apache.hadoop.http.lib.StaticUserWebFilter$StaticUserFilter) to context logs
2019-09-19 08:58:55,730 [main] INFO  http.HttpServer2 (HttpServer2.java:addFilter(958)) - Added filter static_user_filter (class=org.apache.hadoop.http.lib.StaticUserWebFilter$StaticUserFilter) to context static
2019-09-19 08:58:55,731 [main] INFO  http.HttpServer2 (HttpServer2.java:bindListener(1191)) - Jetty bound to port 34485
2019-09-19 08:58:55,731 [main] INFO  server.Server (Server.java:doStart(351)) - jetty-9.3.24.v20180605, build timestamp: 2018-06-05T17:11:56Z, git hash: 84205aa28f11a4f31f2a3b86d1bba2cc8ab69827
2019-09-19 08:58:55,733 [main] INFO  handler.ContextHandler (ContextHandler.java:doStart(781)) - Started o.e.j.s.ServletContextHandler@1be52113{/logs,file:///workdir/hadoop-ozone/integration-test/target/log,AVAILABLE}
2019-09-19 08:58:55,733 [main] INFO  handler.ContextHandler (ContextHandler.java:doStart(781)) - Started o.e.j.s.ServletContextHandler@56a9a7b5{/static,jar:file:/home/user/.m2/repository/org/apache/hadoop/hadoop-hdds-container-service/0.5.0-SNAPSHOT/hadoop-hdds-container-service-0.5.0-SNAPSHOT.jar!/webapps/static,AVAILABLE}
2019-09-19 08:58:55,763 [main] INFO  handler.ContextHandler (ContextHandler.java:doStart(781)) - Started o.e.j.w.WebAppContext@31531d0d{/,file:///tmp/jetty-0.0.0.0-34485-hddsDatanode-_-any-4839857378101964527.dir/webapp/,AVAILABLE}{/hddsDatanode}
2019-09-19 08:58:55,763 [main] INFO  server.AbstractConnector (AbstractConnector.java:doStart(278)) - Started ServerConnector@19d76106{HTTP/1.1,[http/1.1]}{0.0.0.0:34485}
2019-09-19 08:58:55,765 [main] INFO  server.Server (Server.java:doStart(419)) - Started @43910ms
2019-09-19 08:58:55,766 [main] INFO  server.BaseHttpServer (BaseHttpServer.java:updateConnectorAddress(213)) - HTTP server of HDDSDATANODE is listening at http://0.0.0.0:34485
2019-09-19 08:58:56,234 | INFO  | ObjectStoreRestHttpServer | Listening HDDS REST traffic on /0.0.0.0:32936 |  
2019-09-19 08:58:56,235 [main] INFO  ozone.HddsDatanodeService (HddsDatanodeService.java:startPlugins(395)) - Started plug-in org.apache.hadoop.ozone.web.OzoneHddsDatanodeService@44f23927
2019-09-19 08:58:56,235 [main] INFO  ozone.MiniOzoneClusterImpl (MiniOzoneClusterImpl.java:lambda$waitForClusterToBeReady$0(142)) - Waiting for cluster to be ready. Got 0 of 6 DN Heartbeats.
2019-09-19 08:58:56,237 [org.apache.hadoop.util.JvmPauseMonitor$Monitor@b8dbaac] INFO  util.JvmPauseMonitor (JvmPauseMonitor.java:run(188)) - Starting JVM pause monitor
2019-09-19 08:58:56,243 [Datanode State Machine Thread - 0] INFO  datanode.InitDatanodeState (InitDatanodeState.java:persistContainerDatanodeDetails(140)) - DatanodeDetails is persisted to /workdir/hadoop-ozone/integration-test/target/test-dir/MiniOzoneClusterImpl-66e2a49b-37e1-46c5-a16c-3b22c3c736b2/datanode-5/meta/datanode.id
2019-09-19 08:58:56,851 | INFO  | SCMAudit | user=jenkins1000 | ip=192.168.34.5 | op=GET_VERSION null | ret=SUCCESS |  
2019-09-19 08:58:56,904 [Datanode State Machine Thread - 0] INFO  ozoneimpl.OzoneContainer (OzoneContainer.java:start(186)) - Attempting to start container services.
2019-09-19 08:58:56,904 [Datanode State Machine Thread - 0] INFO  ozoneimpl.OzoneContainer (OzoneContainer.java:startContainerScrub(160)) - Background container scrubber has been disabled by hdds.containerscrub.enabled
2019-09-19 08:58:56,904 [Datanode State Machine Thread - 0] INFO  ratis.XceiverServerRatis (XceiverServerRatis.java:start(404)) - Starting XceiverServerRatis a1d91341-8f9e-4ad5-9509-8a616163aa58 at port 0
2019-09-19 08:58:56,909 [Datanode State Machine Thread - 0] INFO  impl.RaftServerProxy (RaftServerProxy.java:lambda$start$3(299)) - a1d91341-8f9e-4ad5-9509-8a616163aa58: start RPC server
2019-09-19 08:58:56,914 [Datanode State Machine Thread - 0] INFO  server.GrpcService (GrpcService.java:startImpl(149)) - a1d91341-8f9e-4ad5-9509-8a616163aa58: GrpcService started, listening on 0.0.0.0/0.0.0.0:42287
2019-09-19 08:58:56,914 [Datanode State Machine Thread - 0] INFO  ratis.XceiverServerRatis (XceiverServerRatis.java:start(414)) - XceiverServerRatis a1d91341-8f9e-4ad5-9509-8a616163aa58 is started using port 42287
2019-09-19 08:58:56,914 [Datanode State Machine Thread - 0] INFO  server.XceiverServerGrpc (XceiverServerGrpc.java:start(163)) - XceiverServerGrpc a1d91341-8f9e-4ad5-9509-8a616163aa58 is started using port 37964
2019-09-19 08:58:57,077 | INFO  | SCMAudit | user=jenkins1000 | ip=192.168.34.5 | op=GET_VERSION null | ret=SUCCESS |  
2019-09-19 08:58:57,090 [Datanode State Machine Thread - 0] INFO  ozoneimpl.OzoneContainer (OzoneContainer.java:start(186)) - Attempting to start container services.
2019-09-19 08:58:57,091 [Datanode State Machine Thread - 0] INFO  ozoneimpl.OzoneContainer (OzoneContainer.java:startContainerScrub(160)) - Background container scrubber has been disabled by hdds.containerscrub.enabled
2019-09-19 08:58:57,091 [Datanode State Machine Thread - 0] INFO  ratis.XceiverServerRatis (XceiverServerRatis.java:start(404)) - Starting XceiverServerRatis d1f69eb4-ccd6-48e7-a921-1bf219b44eb4 at port 0
2019-09-19 08:58:57,106 [Datanode State Machine Thread - 0] INFO  impl.RaftServerProxy (RaftServerProxy.java:lambda$start$3(299)) - d1f69eb4-ccd6-48e7-a921-1bf219b44eb4: start RPC server
2019-09-19 08:58:57,107 [Datanode State Machine Thread - 0] INFO  server.GrpcService (GrpcService.java:startImpl(149)) - d1f69eb4-ccd6-48e7-a921-1bf219b44eb4: GrpcService started, listening on 0.0.0.0/0.0.0.0:39023
2019-09-19 08:58:57,107 [Datanode State Machine Thread - 0] INFO  ratis.XceiverServerRatis (XceiverServerRatis.java:start(414)) - XceiverServerRatis d1f69eb4-ccd6-48e7-a921-1bf219b44eb4 is started using port 39023
2019-09-19 08:58:57,107 [Datanode State Machine Thread - 0] INFO  server.XceiverServerGrpc (XceiverServerGrpc.java:start(163)) - XceiverServerGrpc d1f69eb4-ccd6-48e7-a921-1bf219b44eb4 is started using port 44224
2019-09-19 08:58:57,236 [main] INFO  ozone.MiniOzoneClusterImpl (MiniOzoneClusterImpl.java:lambda$waitForClusterToBeReady$0(142)) - Waiting for cluster to be ready. Got 0 of 6 DN Heartbeats.
2019-09-19 08:58:57,279 | INFO  | SCMAudit | user=jenkins1000 | ip=192.168.34.5 | op=GET_VERSION null | ret=SUCCESS |  
2019-09-19 08:58:57,294 [Datanode State Machine Thread - 0] INFO  ozoneimpl.OzoneContainer (OzoneContainer.java:start(186)) - Attempting to start container services.
2019-09-19 08:58:57,294 [Datanode State Machine Thread - 0] INFO  ozoneimpl.OzoneContainer (OzoneContainer.java:startContainerScrub(160)) - Background container scrubber has been disabled by hdds.containerscrub.enabled
2019-09-19 08:58:57,294 [Datanode State Machine Thread - 0] INFO  ratis.XceiverServerRatis (XceiverServerRatis.java:start(404)) - Starting XceiverServerRatis c3efbda9-57f4-4798-ad05-3f22f82ad386 at port 0
2019-09-19 08:58:57,298 [Datanode State Machine Thread - 0] INFO  impl.RaftServerProxy (RaftServerProxy.java:lambda$start$3(299)) - c3efbda9-57f4-4798-ad05-3f22f82ad386: start RPC server
2019-09-19 08:58:57,299 [Datanode State Machine Thread - 0] INFO  server.GrpcService (GrpcService.java:startImpl(149)) - c3efbda9-57f4-4798-ad05-3f22f82ad386: GrpcService started, listening on 0.0.0.0/0.0.0.0:38495
2019-09-19 08:58:57,299 [Datanode State Machine Thread - 0] INFO  ratis.XceiverServerRatis (XceiverServerRatis.java:start(414)) - XceiverServerRatis c3efbda9-57f4-4798-ad05-3f22f82ad386 is started using port 38495
2019-09-19 08:58:57,302 [Datanode State Machine Thread - 0] INFO  server.XceiverServerGrpc (XceiverServerGrpc.java:start(163)) - XceiverServerGrpc c3efbda9-57f4-4798-ad05-3f22f82ad386 is started using port 44498
2019-09-19 08:58:57,475 | INFO  | SCMAudit | user=jenkins1000 | ip=192.168.34.5 | op=GET_VERSION null | ret=SUCCESS |  
2019-09-19 08:58:57,488 [Datanode State Machine Thread - 0] INFO  ozoneimpl.OzoneContainer (OzoneContainer.java:start(186)) - Attempting to start container services.
2019-09-19 08:58:57,489 [Datanode State Machine Thread - 0] INFO  ozoneimpl.OzoneContainer (OzoneContainer.java:startContainerScrub(160)) - Background container scrubber has been disabled by hdds.containerscrub.enabled
2019-09-19 08:58:57,489 [Datanode State Machine Thread - 0] INFO  ratis.XceiverServerRatis (XceiverServerRatis.java:start(404)) - Starting XceiverServerRatis 9b5d8b34-2569-4d93-9fd9-024f418d364f at port 0
2019-09-19 08:58:57,495 [Datanode State Machine Thread - 0] INFO  impl.RaftServerProxy (RaftServerProxy.java:lambda$start$3(299)) - 9b5d8b34-2569-4d93-9fd9-024f418d364f: start RPC server
2019-09-19 08:58:57,495 [Datanode State Machine Thread - 0] INFO  server.GrpcService (GrpcService.java:startImpl(149)) - 9b5d8b34-2569-4d93-9fd9-024f418d364f: GrpcService started, listening on 0.0.0.0/0.0.0.0:34928
2019-09-19 08:58:57,496 [Datanode State Machine Thread - 0] INFO  ratis.XceiverServerRatis (XceiverServerRatis.java:start(414)) - XceiverServerRatis 9b5d8b34-2569-4d93-9fd9-024f418d364f is started using port 34928
2019-09-19 08:58:57,496 [Datanode State Machine Thread - 0] INFO  server.XceiverServerGrpc (XceiverServerGrpc.java:start(163)) - XceiverServerGrpc 9b5d8b34-2569-4d93-9fd9-024f418d364f is started using port 43358
2019-09-19 08:58:57,703 | INFO  | SCMAudit | user=jenkins1000 | ip=192.168.34.5 | op=GET_VERSION null | ret=SUCCESS |  
2019-09-19 08:58:57,715 [Datanode State Machine Thread - 0] INFO  ozoneimpl.OzoneContainer (OzoneContainer.java:start(186)) - Attempting to start container services.
2019-09-19 08:58:57,716 [Datanode State Machine Thread - 0] INFO  ozoneimpl.OzoneContainer (OzoneContainer.java:startContainerScrub(160)) - Background container scrubber has been disabled by hdds.containerscrub.enabled
2019-09-19 08:58:57,716 [Datanode State Machine Thread - 0] INFO  ratis.XceiverServerRatis (XceiverServerRatis.java:start(404)) - Starting XceiverServerRatis ad3886cc-8cf9-46e9-a9d5-925411a00d68 at port 0
2019-09-19 08:58:57,721 [Datanode State Machine Thread - 0] INFO  impl.RaftServerProxy (RaftServerProxy.java:lambda$start$3(299)) - ad3886cc-8cf9-46e9-a9d5-925411a00d68: start RPC server
2019-09-19 08:58:57,722 [Datanode State Machine Thread - 0] INFO  server.GrpcService (GrpcService.java:startImpl(149)) - ad3886cc-8cf9-46e9-a9d5-925411a00d68: GrpcService started, listening on 0.0.0.0/0.0.0.0:33007
2019-09-19 08:58:57,722 [Datanode State Machine Thread - 0] INFO  ratis.XceiverServerRatis (XceiverServerRatis.java:start(414)) - XceiverServerRatis ad3886cc-8cf9-46e9-a9d5-925411a00d68 is started using port 33007
2019-09-19 08:58:57,724 [Datanode State Machine Thread - 0] INFO  server.XceiverServerGrpc (XceiverServerGrpc.java:start(163)) - XceiverServerGrpc ad3886cc-8cf9-46e9-a9d5-925411a00d68 is started using port 41898
2019-09-19 08:58:58,236 [main] INFO  ozone.MiniOzoneClusterImpl (MiniOzoneClusterImpl.java:lambda$waitForClusterToBeReady$0(142)) - Waiting for cluster to be ready. Got 0 of 6 DN Heartbeats.
2019-09-19 08:58:58,238 | INFO  | SCMAudit | user=jenkins1000 | ip=192.168.34.5 | op=GET_VERSION null | ret=SUCCESS |  
2019-09-19 08:58:58,252 [Datanode State Machine Thread - 0] INFO  ozoneimpl.OzoneContainer (OzoneContainer.java:start(186)) - Attempting to start container services.
2019-09-19 08:58:58,252 [Datanode State Machine Thread - 0] INFO  ozoneimpl.OzoneContainer (OzoneContainer.java:startContainerScrub(160)) - Background container scrubber has been disabled by hdds.containerscrub.enabled
2019-09-19 08:58:58,252 [Datanode State Machine Thread - 0] INFO  ratis.XceiverServerRatis (XceiverServerRatis.java:start(404)) - Starting XceiverServerRatis f144bb97-f1f6-4c62-88ba-fe5b55391c49 at port 0
2019-09-19 08:58:58,257 [Datanode State Machine Thread - 0] INFO  impl.RaftServerProxy (RaftServerProxy.java:lambda$start$3(299)) - f144bb97-f1f6-4c62-88ba-fe5b55391c49: start RPC server
2019-09-19 08:58:58,258 [Datanode State Machine Thread - 0] INFO  server.GrpcService (GrpcService.java:startImpl(149)) - f144bb97-f1f6-4c62-88ba-fe5b55391c49: GrpcService started, listening on 0.0.0.0/0.0.0.0:35246
2019-09-19 08:58:58,258 [Datanode State Machine Thread - 0] INFO  ratis.XceiverServerRatis (XceiverServerRatis.java:start(414)) - XceiverServerRatis f144bb97-f1f6-4c62-88ba-fe5b55391c49 is started using port 35246
2019-09-19 08:58:58,259 [Datanode State Machine Thread - 0] INFO  server.XceiverServerGrpc (XceiverServerGrpc.java:start(163)) - XceiverServerGrpc f144bb97-f1f6-4c62-88ba-fe5b55391c49 is started using port 45641
2019-09-19 08:58:58,848 [IPC Server handler 5 on 43272] INFO  net.NetworkTopology (NetworkTopologyImpl.java:add(110)) - Added a new node: /default-rack/a1d91341-8f9e-4ad5-9509-8a616163aa58
2019-09-19 08:58:58,850 [IPC Server handler 5 on 43272] INFO  node.SCMNodeManager (SCMNodeManager.java:register(273)) - Registered Data node : a1d91341-8f9e-4ad5-9509-8a616163aa58{ip: 192.168.34.5, host: pr-hdds-1569-j4bt4-3030777008, networkLocation: /default-rack, certSerialId: null}
2019-09-19 08:58:58,851 [EventQueue-NodeRegistrationContainerReportForDataNodeSafeModeRule] INFO  safemode.SCMSafeModeManager (DataNodeSafeModeRule.java:process(71)) - SCM in safe mode. 1 DataNodes registered, 1 required.
2019-09-19 08:58:58,853 [EventQueue-NodeRegistrationContainerReportForDataNodeSafeModeRule] INFO  safemode.SCMSafeModeManager (SCMSafeModeManager.java:validateSafeModeExitRules(177)) - ScmSafeModeManager, all rules are successfully validated
2019-09-19 08:58:58,851 | INFO  | SCMAudit | user=jenkins1000 | ip=192.168.34.5 | op=REGISTER {datanodeDetails=a1d91341-8f9e-4ad5-9509-8a616163aa58{ip: 192.168.34.5, host: pr-hdds-1569-j4bt4-3030777008, networkLocation: /default-rack, certSerialId: null}} | ret=SUCCESS |  
2019-09-19 08:58:58,853 [EventQueue-NodeRegistrationContainerReportForDataNodeSafeModeRule] INFO  safemode.SCMSafeModeManager (SCMSafeModeManager.java:exitSafeMode(193)) - SCM exiting safe mode.
2019-09-19 08:58:58,878 [grpc-default-executor-0] INFO  impl.RaftServerProxy (RaftServerProxy.java:addNew(89)) - a1d91341-8f9e-4ad5-9509-8a616163aa58: addNew group-DFA0B21EAC31:[a1d91341-8f9e-4ad5-9509-8a616163aa58:192.168.34.5:42287] returns group-DFA0B21EAC31:java.util.concurrent.CompletableFuture@5f2b78f5[Not completed]
2019-09-19 08:58:58,880 [pool-157-thread-1] INFO  impl.RaftServerImpl (RaftServerImpl.java:<init>(93)) - a1d91341-8f9e-4ad5-9509-8a616163aa58: new RaftServerImpl for group-DFA0B21EAC31:[a1d91341-8f9e-4ad5-9509-8a616163aa58:192.168.34.5:42287] with ContainerStateMachine:uninitialized
2019-09-19 08:58:58,880 [pool-157-thread-1] INFO  server.RaftServerConfigKeys (ConfUtils.java:logGet(43)) - raft.server.rpc.timeout.min = 1s (custom)
2019-09-19 08:58:58,880 [pool-157-thread-1] INFO  server.RaftServerConfigKeys (ConfUtils.java:logGet(43)) - raft.server.rpc.timeout.max = 1200ms (custom)
2019-09-19 08:58:58,880 [pool-157-thread-1] INFO  server.RaftServerConfigKeys (ConfUtils.java:logGet(43)) - raft.server.rpcslowness.timeout = 120s (custom)
2019-09-19 08:58:58,880 [pool-157-thread-1] INFO  server.RaftServerConfigKeys (ConfUtils.java:logGet(43)) - raft.server.sleep.deviation.threshold = 300 (default)
2019-09-19 08:58:58,880 [pool-157-thread-1] INFO  server.RaftServerConfigKeys (ConfUtils.java:logGet(43)) - raft.server.log.appender.install.snapshot.enabled = false (custom)
2019-09-19 08:58:58,881 [pool-157-thread-1] INFO  impl.RaftServerImpl (ServerState.java:<init>(105)) - a1d91341-8f9e-4ad5-9509-8a616163aa58:group-DFA0B21EAC31 ConfigurationManager, init=-1: [a1d91341-8f9e-4ad5-9509-8a616163aa58:192.168.34.5:42287], old=null, confs=<EMPTY_MAP>
2019-09-19 08:58:58,881 [pool-157-thread-1] INFO  server.RaftServerConfigKeys (ConfUtils.java:logGet(43)) - raft.server.storage.dir = [/workdir/hadoop-ozone/integration-test/target/test-dir/MiniOzoneClusterImpl-66e2a49b-37e1-46c5-a16c-3b22c3c736b2/datanode-0/data/ratis] (custom)
2019-09-19 08:58:58,881 [pool-157-thread-1] INFO  storage.RaftStorageDirectory (RaftStorageDirectory.java:analyzeStorage(246)) - The storage directory /workdir/hadoop-ozone/integration-test/target/test-dir/MiniOzoneClusterImpl-66e2a49b-37e1-46c5-a16c-3b22c3c736b2/datanode-0/data/ratis/c90dace0-8056-4396-8180-dfa0b21eac31 does not exist. Creating ...
2019-09-19 08:58:58,893 [pool-157-thread-1] INFO  storage.RaftStorageDirectory (RaftStorageDirectory.java:tryLock(328)) - Lock on /workdir/hadoop-ozone/integration-test/target/test-dir/MiniOzoneClusterImpl-66e2a49b-37e1-46c5-a16c-3b22c3c736b2/datanode-0/data/ratis/c90dace0-8056-4396-8180-dfa0b21eac31/in_use.lock acquired by nodename 8013@pr-hdds-1569-j4bt4-3030777008
2019-09-19 08:58:58,906 [pool-157-thread-1] INFO  storage.RaftStorage (RaftStorage.java:format(72)) - Storage directory /workdir/hadoop-ozone/integration-test/target/test-dir/MiniOzoneClusterImpl-66e2a49b-37e1-46c5-a16c-3b22c3c736b2/datanode-0/data/ratis/c90dace0-8056-4396-8180-dfa0b21eac31 has been successfully formatted.
2019-09-19 08:58:58,906 [pool-157-thread-1] INFO  ratis.ContainerStateMachine (ContainerStateMachine.java:loadSnapshot(226)) - group-DFA0B21EAC31: The snapshot info is null. Setting the last applied indexto:(t:0, i:~)
2019-09-19 08:58:58,906 [pool-157-thread-1] INFO  server.RaftServerConfigKeys (ConfUtils.java:logGet(43)) - raft.server.leader.election.timeout = 120s (custom)
2019-09-19 08:58:58,906 [pool-157-thread-1] INFO  server.RaftServerConfigKeys (ConfUtils.java:logGet(43)) - raft.server.log.use.memory = false (default)
2019-09-19 08:58:58,907 [pool-157-thread-1] INFO  server.RaftServerConfigKeys (ConfUtils.java:logGet(43)) - raft.server.log.purge.gap = 1000000 (custom)
2019-09-19 08:58:58,907 [pool-157-thread-1] INFO  server.RaftServerConfigKeys (ConfUtils.java:logGet(43)) - raft.server.log.appender.buffer.byte-limit = 33554432 (custom)
2019-09-19 08:58:58,907 [pool-157-thread-1] INFO  server.RaftServerConfigKeys (ConfUtils.java:logGet(43)) - raft.server.log.segment.size.max = 1048576 (custom)
2019-09-19 08:58:58,907 [pool-157-thread-1] INFO  server.RaftServerConfigKeys (ConfUtils.java:logGet(43)) - raft.server.log.segment.cache.num.max = 2 (custom)
2019-09-19 08:58:58,907 [pool-157-thread-1] INFO  segmented.SegmentedRaftLogWorker (SegmentedRaftLogWorker.java:<init>(172)) - new a1d91341-8f9e-4ad5-9509-8a616163aa58-SegmentedRaftLogWorker:Storage Directory /workdir/hadoop-ozone/integration-test/target/test-dir/MiniOzoneClusterImpl-66e2a49b-37e1-46c5-a16c-3b22c3c736b2/datanode-0/data/ratis/c90dace0-8056-4396-8180-dfa0b21eac31 for RaftStorage:Storage Directory /workdir/hadoop-ozone/integration-test/target/test-dir/MiniOzoneClusterImpl-66e2a49b-37e1-46c5-a16c-3b22c3c736b2/datanode-0/data/ratis/c90dace0-8056-4396-8180-dfa0b21eac31
2019-09-19 08:58:58,907 [pool-157-thread-1] INFO  server.RaftServerConfigKeys (ConfUtils.java:logGet(43)) - raft.server.log.queue.byte-limit = 2147483647 (custom)
2019-09-19 08:58:58,907 [pool-157-thread-1] INFO  server.RaftServerConfigKeys (ConfUtils.java:logGet(43)) - raft.server.log.queue.element-limit = 1024 (custom)
2019-09-19 08:58:58,908 [pool-157-thread-1] INFO  server.RaftServerConfigKeys (ConfUtils.java:logGet(43)) - raft.server.log.segment.size.max = 1048576 (custom)
2019-09-19 08:58:58,908 [pool-157-thread-1] INFO  server.RaftServerConfigKeys (ConfUtils.java:logGet(43)) - raft.server.log.preallocated.size = 16384 (custom)
2019-09-19 08:58:58,908 [pool-157-thread-1] INFO  server.RaftServerConfigKeys (ConfUtils.java:logGet(43)) - raft.server.log.write.buffer.size = 33554432 (custom)
2019-09-19 08:58:58,908 [pool-157-thread-1] INFO  server.RaftServerConfigKeys (ConfUtils.java:logGet(43)) - raft.server.log.force.sync.num = 128 (default)
2019-09-19 08:58:58,908 [pool-157-thread-1] INFO  server.RaftServerConfigKeys (ConfUtils.java:logGet(43)) - raft.server.log.statemachine.data.sync = true (default)
2019-09-19 08:58:58,908 [pool-157-thread-1] INFO  server.RaftServerConfigKeys (ConfUtils.java:logGet(43)) - raft.server.log.statemachine.data.sync.timeout = 10s (default)
2019-09-19 08:58:58,908 [pool-157-thread-1] INFO  server.RaftServerConfigKeys (ConfUtils.java:logGet(43)) - raft.server.log.statemachine.data.sync.timeout.retry = -1 (default)
2019-09-19 08:58:58,908 [pool-157-thread-1] INFO  server.RaftServerConfigKeys (ConfUtils.java:logGet(43)) - raft.server.log.statemachine.data.caching.enabled = true (custom)
2019-09-19 08:58:58,909 [pool-157-thread-1] INFO  segmented.SegmentedRaftLogWorker (SegmentedRaftLogWorker.java:lambda$new$0(132)) - a1d91341-8f9e-4ad5-9509-8a616163aa58-SegmentedRaftLogWorker:Storage Directory /workdir/hadoop-ozone/integration-test/target/test-dir/MiniOzoneClusterImpl-66e2a49b-37e1-46c5-a16c-3b22c3c736b2/datanode-0/data/ratis/c90dace0-8056-4396-8180-dfa0b21eac31: flushIndex: setUnconditionally 0 -> -1
2019-09-19 08:58:58,909 [pool-157-thread-1] INFO  server.RaftServerConfigKeys (ConfUtils.java:logGet(43)) - raft.server.snapshot.auto.trigger.enabled = true (custom)
2019-09-19 08:58:58,909 [pool-157-thread-1] INFO  server.RaftServerConfigKeys (ConfUtils.java:logGet(43)) - raft.server.snapshot.auto.trigger.threshold = 10000 (custom)
2019-09-19 08:58:58,909 [pool-157-thread-1] INFO  server.RaftServerConfigKeys (ConfUtils.java:logGet(43)) - raft.server.retrycache.expirytime = 600000ms (custom)
2019-09-19 08:58:58,909 [pool-157-thread-1] INFO  impl.RaftServerImpl (RaftServerImpl.java:start(180)) - a1d91341-8f9e-4ad5-9509-8a616163aa58: start group-DFA0B21EAC31
2019-09-19 08:58:58,909 [pool-157-thread-1] INFO  impl.RaftServerImpl (RaftServerImpl.java:setRole(171)) - a1d91341-8f9e-4ad5-9509-8a616163aa58:group-DFA0B21EAC31 changes role from null to FOLLOWER at term 0 for startAsFollower
2019-09-19 08:58:58,909 [pool-157-thread-1] INFO  impl.RoleInfo (RoleInfo.java:updateAndGet(143)) - a1d91341-8f9e-4ad5-9509-8a616163aa58: start FollowerState
2019-09-19 08:58:58,910 [pool-157-thread-1] INFO  util.JmxRegister (JmxRegister.java:tryRegister(44)) - Successfully registered JMX Bean with object name Ratis:service=RaftServer,group=group-DFA0B21EAC31,id=a1d91341-8f9e-4ad5-9509-8a616163aa58
2019-09-19 08:58:58,919 [RatisPipelineUtilsThread] INFO  pipeline.PipelineStateManager (PipelineStateManager.java:addPipeline(56)) - Created pipeline Pipeline[ Id: c90dace0-8056-4396-8180-dfa0b21eac31, Nodes: a1d91341-8f9e-4ad5-9509-8a616163aa58{ip: 192.168.34.5, host: pr-hdds-1569-j4bt4-3030777008, networkLocation: /default-rack, certSerialId: null}, Type:RATIS, Factor:ONE, State:OPEN]
2019-09-19 08:58:58,923 [grpc-default-executor-0] INFO  impl.RaftServerProxy (RaftServerProxy.java:addNew(89)) - a1d91341-8f9e-4ad5-9509-8a616163aa58: addNew group-9A4693C5891A:[a1d91341-8f9e-4ad5-9509-8a616163aa58:192.168.34.5:42287] returns group-9A4693C5891A:java.util.concurrent.CompletableFuture@6ebee3b4[Not completed]
2019-09-19 08:58:58,924 [pool-157-thread-1] INFO  impl.RaftServerImpl (RaftServerImpl.java:<init>(93)) - a1d91341-8f9e-4ad5-9509-8a616163aa58: new RaftServerImpl for group-9A4693C5891A:[a1d91341-8f9e-4ad5-9509-8a616163aa58:192.168.34.5:42287] with ContainerStateMachine:uninitialized
2019-09-19 08:58:58,924 [pool-157-thread-1] INFO  server.RaftServerConfigKeys (ConfUtils.java:logGet(43)) - raft.server.rpc.timeout.min = 1s (custom)
2019-09-19 08:58:58,924 [pool-157-thread-1] INFO  server.RaftServerConfigKeys (ConfUtils.java:logGet(43)) - raft.server.rpc.timeout.max = 1200ms (custom)
2019-09-19 08:58:58,924 [pool-157-thread-1] INFO  server.RaftServerConfigKeys (ConfUtils.java:logGet(43)) - raft.server.rpcslowness.timeout = 120s (custom)
2019-09-19 08:58:58,924 [pool-157-thread-1] INFO  server.RaftServerConfigKeys (ConfUtils.java:logGet(43)) - raft.server.sleep.deviation.threshold = 300 (default)
2019-09-19 08:58:58,924 [pool-157-thread-1] INFO  server.RaftServerConfigKeys (ConfUtils.java:logGet(43)) - raft.server.log.appender.install.snapshot.enabled = false (custom)
2019-09-19 08:58:58,924 [pool-157-thread-1] INFO  impl.RaftServerImpl (ServerState.java:<init>(105)) - a1d91341-8f9e-4ad5-9509-8a616163aa58:group-9A4693C5891A ConfigurationManager, init=-1: [a1d91341-8f9e-4ad5-9509-8a616163aa58:192.168.34.5:42287], old=null, confs=<EMPTY_MAP>
2019-09-19 08:58:58,925 [pool-157-thread-1] INFO  server.RaftServerConfigKeys (ConfUtils.java:logGet(43)) - raft.server.storage.dir = [/workdir/hadoop-ozone/integration-test/target/test-dir/MiniOzoneClusterImpl-66e2a49b-37e1-46c5-a16c-3b22c3c736b2/datanode-0/data/ratis] (custom)
2019-09-19 08:58:58,925 [pool-157-thread-1] INFO  storage.RaftStorageDirectory (RaftStorageDirectory.java:analyzeStorage(246)) - The storage directory /workdir/hadoop-ozone/integration-test/target/test-dir/MiniOzoneClusterImpl-66e2a49b-37e1-46c5-a16c-3b22c3c736b2/datanode-0/data/ratis/4b11201b-4626-49fb-a638-9a4693c5891a does not exist. Creating ...
2019-09-19 08:58:58,939 [pool-157-thread-1] INFO  storage.RaftStorageDirectory (RaftStorageDirectory.java:tryLock(328)) - Lock on /workdir/hadoop-ozone/integration-test/target/test-dir/MiniOzoneClusterImpl-66e2a49b-37e1-46c5-a16c-3b22c3c736b2/datanode-0/data/ratis/4b11201b-4626-49fb-a638-9a4693c5891a/in_use.lock acquired by nodename 8013@pr-hdds-1569-j4bt4-3030777008
2019-09-19 08:58:58,951 [pool-157-thread-1] INFO  storage.RaftStorage (RaftStorage.java:format(72)) - Storage directory /workdir/hadoop-ozone/integration-test/target/test-dir/MiniOzoneClusterImpl-66e2a49b-37e1-46c5-a16c-3b22c3c736b2/datanode-0/data/ratis/4b11201b-4626-49fb-a638-9a4693c5891a has been successfully formatted.
2019-09-19 08:58:58,951 [pool-157-thread-1] INFO  ratis.ContainerStateMachine (ContainerStateMachine.java:loadSnapshot(226)) - group-9A4693C5891A: The snapshot info is null. Setting the last applied indexto:(t:0, i:~)
2019-09-19 08:58:58,951 [pool-157-thread-1] INFO  server.RaftServerConfigKeys (ConfUtils.java:logGet(43)) - raft.server.leader.election.timeout = 120s (custom)
2019-09-19 08:58:58,952 [pool-157-thread-1] INFO  server.RaftServerConfigKeys (ConfUtils.java:logGet(43)) - raft.server.log.use.memory = false (default)
2019-09-19 08:58:58,952 [pool-157-thread-1] INFO  server.RaftServerConfigKeys (ConfUtils.java:logGet(43)) - raft.server.log.purge.gap = 1000000 (custom)
2019-09-19 08:58:58,952 [pool-157-thread-1] INFO  server.RaftServerConfigKeys (ConfUtils.java:logGet(43)) - raft.server.log.appender.buffer.byte-limit = 33554432 (custom)
2019-09-19 08:58:58,952 [pool-157-thread-1] INFO  server.RaftServerConfigKeys (ConfUtils.java:logGet(43)) - raft.server.log.segment.size.max = 1048576 (custom)
2019-09-19 08:58:58,952 [pool-157-thread-1] INFO  server.RaftServerConfigKeys (ConfUtils.java:logGet(43)) - raft.server.log.segment.cache.num.max = 2 (custom)
2019-09-19 08:58:58,952 [pool-157-thread-1] INFO  segmented.SegmentedRaftLogWorker (SegmentedRaftLogWorker.java:<init>(172)) - new a1d91341-8f9e-4ad5-9509-8a616163aa58-SegmentedRaftLogWorker:Storage Directory /workdir/hadoop-ozone/integration-test/target/test-dir/MiniOzoneClusterImpl-66e2a49b-37e1-46c5-a16c-3b22c3c736b2/datanode-0/data/ratis/4b11201b-4626-49fb-a638-9a4693c5891a for RaftStorage:Storage Directory /workdir/hadoop-ozone/integration-test/target/test-dir/MiniOzoneClusterImpl-66e2a49b-37e1-46c5-a16c-3b22c3c736b2/datanode-0/data/ratis/4b11201b-4626-49fb-a638-9a4693c5891a
2019-09-19 08:58:58,952 [pool-157-thread-1] INFO  server.RaftServerConfigKeys (ConfUtils.java:logGet(43)) - raft.server.log.queue.byte-limit = 2147483647 (custom)
2019-09-19 08:58:58,952 [pool-157-thread-1] INFO  server.RaftServerConfigKeys (ConfUtils.java:logGet(43)) - raft.server.log.queue.element-limit = 1024 (custom)
2019-09-19 08:58:58,952 [pool-157-thread-1] INFO  server.RaftServerConfigKeys (ConfUtils.java:logGet(43)) - raft.server.log.segment.size.max = 1048576 (custom)
2019-09-19 08:58:58,953 [pool-157-thread-1] INFO  server.RaftServerConfigKeys (ConfUtils.java:logGet(43)) - raft.server.log.preallocated.size = 16384 (custom)
2019-09-19 08:58:58,953 [pool-157-thread-1] INFO  server.RaftServerConfigKeys (ConfUtils.java:logGet(43)) - raft.server.log.write.buffer.size = 33554432 (custom)
2019-09-19 08:58:58,953 [pool-157-thread-1] INFO  server.RaftServerConfigKeys (ConfUtils.java:logGet(43)) - raft.server.log.force.sync.num = 128 (default)
2019-09-19 08:58:58,953 [pool-157-thread-1] INFO  server.RaftServerConfigKeys (ConfUtils.java:logGet(43)) - raft.server.log.statemachine.data.sync = true (default)
2019-09-19 08:58:58,953 [pool-157-thread-1] INFO  server.RaftServerConfigKeys (ConfUtils.java:logGet(43)) - raft.server.log.statemachine.data.sync.timeout = 10s (default)
2019-09-19 08:58:58,953 [pool-157-thread-1] INFO  server.RaftServerConfigKeys (ConfUtils.java:logGet(43)) - raft.server.log.statemachine.data.sync.timeout.retry = -1 (default)
2019-09-19 08:58:58,953 [pool-157-thread-1] INFO  server.RaftServerConfigKeys (ConfUtils.java:logGet(43)) - raft.server.log.statemachine.data.caching.enabled = true (custom)
2019-09-19 08:58:58,953 [pool-157-thread-1] INFO  segmented.SegmentedRaftLogWorker (SegmentedRaftLogWorker.java:lambda$new$0(132)) - a1d91341-8f9e-4ad5-9509-8a616163aa58-SegmentedRaftLogWorker:Storage Directory /workdir/hadoop-ozone/integration-test/target/test-dir/MiniOzoneClusterImpl-66e2a49b-37e1-46c5-a16c-3b22c3c736b2/datanode-0/data/ratis/4b11201b-4626-49fb-a638-9a4693c5891a: flushIndex: setUnconditionally 0 -> -1
2019-09-19 08:58:58,954 [pool-157-thread-1] INFO  server.RaftServerConfigKeys (ConfUtils.java:logGet(43)) - raft.server.snapshot.auto.trigger.enabled = true (custom)
2019-09-19 08:58:58,954 [pool-157-thread-1] INFO  server.RaftServerConfigKeys (ConfUtils.java:logGet(43)) - raft.server.snapshot.auto.trigger.threshold = 10000 (custom)
2019-09-19 08:58:58,954 [pool-157-thread-1] INFO  server.RaftServerConfigKeys (ConfUtils.java:logGet(43)) - raft.server.retrycache.expirytime = 600000ms (custom)
2019-09-19 08:58:58,954 [pool-157-thread-1] INFO  impl.RaftServerImpl (RaftServerImpl.java:start(180)) - a1d91341-8f9e-4ad5-9509-8a616163aa58: start group-9A4693C5891A
2019-09-19 08:58:58,954 [pool-157-thread-1] INFO  impl.RaftServerImpl (RaftServerImpl.java:setRole(171)) - a1d91341-8f9e-4ad5-9509-8a616163aa58:group-9A4693C5891A changes role from null to FOLLOWER at term 0 for startAsFollower
2019-09-19 08:58:58,954 [pool-157-thread-1] INFO  impl.RoleInfo (RoleInfo.java:updateAndGet(143)) - a1d91341-8f9e-4ad5-9509-8a616163aa58: start FollowerState
2019-09-19 08:58:58,954 [pool-157-thread-1] INFO  util.JmxRegister (JmxRegister.java:tryRegister(44)) - Successfully registered JMX Bean with object name Ratis:service=RaftServer,group=group-9A4693C5891A,id=a1d91341-8f9e-4ad5-9509-8a616163aa58
2019-09-19 08:58:58,959 [RatisPipelineUtilsThread] INFO  pipeline.PipelineStateManager (PipelineStateManager.java:addPipeline(56)) - Created pipeline Pipeline[ Id: 4b11201b-4626-49fb-a638-9a4693c5891a, Nodes: a1d91341-8f9e-4ad5-9509-8a616163aa58{ip: 192.168.34.5, host: pr-hdds-1569-j4bt4-3030777008, networkLocation: /default-rack, certSerialId: null}, Type:RATIS, Factor:ONE, State:OPEN]
2019-09-19 08:58:58,963 [grpc-default-executor-0] INFO  impl.RaftServerProxy (RaftServerProxy.java:addNew(89)) - a1d91341-8f9e-4ad5-9509-8a616163aa58: addNew group-075B857FF349:[a1d91341-8f9e-4ad5-9509-8a616163aa58:192.168.34.5:42287] returns group-075B857FF349:java.util.concurrent.CompletableFuture@3f0487ba[Not completed]
2019-09-19 08:58:58,964 [pool-157-thread-1] INFO  impl.RaftServerImpl (RaftServerImpl.java:<init>(93)) - a1d91341-8f9e-4ad5-9509-8a616163aa58: new RaftServerImpl for group-075B857FF349:[a1d91341-8f9e-4ad5-9509-8a616163aa58:192.168.34.5:42287] with ContainerStateMachine:uninitialized
2019-09-19 08:58:58,964 [pool-157-thread-1] INFO  server.RaftServerConfigKeys (ConfUtils.java:logGet(43)) - raft.server.rpc.timeout.min = 1s (custom)
2019-09-19 08:58:58,964 [pool-157-thread-1] INFO  server.RaftServerConfigKeys (ConfUtils.java:logGet(43)) - raft.server.rpc.timeout.max = 1200ms (custom)
2019-09-19 08:58:58,964 [pool-157-thread-1] INFO  server.RaftServerConfigKeys (ConfUtils.java:logGet(43)) - raft.server.rpcslowness.timeout = 120s (custom)
2019-09-19 08:58:58,964 [pool-157-thread-1] INFO  server.RaftServerConfigKeys (ConfUtils.java:logGet(43)) - raft.server.sleep.deviation.threshold = 300 (default)
2019-09-19 08:58:58,964 [pool-157-thread-1] INFO  server.RaftServerConfigKeys (ConfUtils.java:logGet(43)) - raft.server.log.appender.install.snapshot.enabled = false (custom)
2019-09-19 08:58:58,964 [pool-157-thread-1] INFO  impl.RaftServerImpl (ServerState.java:<init>(105)) - a1d91341-8f9e-4ad5-9509-8a616163aa58:group-075B857FF349 ConfigurationManager, init=-1: [a1d91341-8f9e-4ad5-9509-8a616163aa58:192.168.34.5:42287], old=null, confs=<EMPTY_MAP>
2019-09-19 08:58:58,964 [pool-157-thread-1] INFO  server.RaftServerConfigKeys (ConfUtils.java:logGet(43)) - raft.server.storage.dir = [/workdir/hadoop-ozone/integration-test/target/test-dir/MiniOzoneClusterImpl-66e2a49b-37e1-46c5-a16c-3b22c3c736b2/datanode-0/data/ratis] (custom)
2019-09-19 08:58:58,965 [pool-157-thread-1] INFO  storage.RaftStorageDirectory (RaftStorageDirectory.java:analyzeStorage(246)) - The storage directory /workdir/hadoop-ozone/integration-test/target/test-dir/MiniOzoneClusterImpl-66e2a49b-37e1-46c5-a16c-3b22c3c736b2/datanode-0/data/ratis/84543256-fb0b-40d8-89a3-075b857ff349 does not exist. Creating ...
2019-09-19 08:58:58,967 [pool-157-thread-1] INFO  storage.RaftStorageDirectory (RaftStorageDirectory.java:tryLock(328)) - Lock on /workdir/hadoop-ozone/integration-test/target/test-dir/MiniOzoneClusterImpl-66e2a49b-37e1-46c5-a16c-3b22c3c736b2/datanode-0/data/ratis/84543256-fb0b-40d8-89a3-075b857ff349/in_use.lock acquired by nodename 8013@pr-hdds-1569-j4bt4-3030777008
2019-09-19 08:58:58,970 [pool-157-thread-1] INFO  storage.RaftStorage (RaftStorage.java:format(72)) - Storage directory /workdir/hadoop-ozone/integration-test/target/test-dir/MiniOzoneClusterImpl-66e2a49b-37e1-46c5-a16c-3b22c3c736b2/datanode-0/data/ratis/84543256-fb0b-40d8-89a3-075b857ff349 has been successfully formatted.
2019-09-19 08:58:58,970 [pool-157-thread-1] INFO  ratis.ContainerStateMachine (ContainerStateMachine.java:loadSnapshot(226)) - group-075B857FF349: The snapshot info is null. Setting the last applied indexto:(t:0, i:~)
2019-09-19 08:58:58,971 [pool-157-thread-1] INFO  server.RaftServerConfigKeys (ConfUtils.java:logGet(43)) - raft.server.leader.election.timeout = 120s (custom)
2019-09-19 08:58:58,971 [pool-157-thread-1] INFO  server.RaftServerConfigKeys (ConfUtils.java:logGet(43)) - raft.server.log.use.memory = false (default)
2019-09-19 08:58:58,971 [pool-157-thread-1] INFO  server.RaftServerConfigKeys (ConfUtils.java:logGet(43)) - raft.server.log.purge.gap = 1000000 (custom)
2019-09-19 08:58:58,971 [pool-157-thread-1] INFO  server.RaftServerConfigKeys (ConfUtils.java:logGet(43)) - raft.server.log.appender.buffer.byte-limit = 33554432 (custom)
2019-09-19 08:58:58,971 [pool-157-thread-1] INFO  server.RaftServerConfigKeys (ConfUtils.java:logGet(43)) - raft.server.log.segment.size.max = 1048576 (custom)
2019-09-19 08:58:58,971 [pool-157-thread-1] INFO  server.RaftServerConfigKeys (ConfUtils.java:logGet(43)) - raft.server.log.segment.cache.num.max = 2 (custom)
2019-09-19 08:58:58,971 [pool-157-thread-1] INFO  segmented.SegmentedRaftLogWorker (SegmentedRaftLogWorker.java:<init>(172)) - new a1d91341-8f9e-4ad5-9509-8a616163aa58-SegmentedRaftLogWorker:Storage Directory /workdir/hadoop-ozone/integration-test/target/test-dir/MiniOzoneClusterImpl-66e2a49b-37e1-46c5-a16c-3b22c3c736b2/datanode-0/data/ratis/84543256-fb0b-40d8-89a3-075b857ff349 for RaftStorage:Storage Directory /workdir/hadoop-ozone/integration-test/target/test-dir/MiniOzoneClusterImpl-66e2a49b-37e1-46c5-a16c-3b22c3c736b2/datanode-0/data/ratis/84543256-fb0b-40d8-89a3-075b857ff349
2019-09-19 08:58:58,971 [pool-157-thread-1] INFO  server.RaftServerConfigKeys (ConfUtils.java:logGet(43)) - raft.server.log.queue.byte-limit = 2147483647 (custom)
2019-09-19 08:58:58,971 [pool-157-thread-1] INFO  server.RaftServerConfigKeys (ConfUtils.java:logGet(43)) - raft.server.log.queue.element-limit = 1024 (custom)
2019-09-19 08:58:58,971 [pool-157-thread-1] INFO  server.RaftServerConfigKeys (ConfUtils.java:logGet(43)) - raft.server.log.segment.size.max = 1048576 (custom)
2019-09-19 08:58:58,972 [pool-157-thread-1] INFO  server.RaftServerConfigKeys (ConfUtils.java:logGet(43)) - raft.server.log.preallocated.size = 16384 (custom)
2019-09-19 08:58:58,972 [pool-157-thread-1] INFO  server.RaftServerConfigKeys (ConfUtils.java:logGet(43)) - raft.server.log.write.buffer.size = 33554432 (custom)
2019-09-19 08:58:58,972 [pool-157-thread-1] INFO  server.RaftServerConfigKeys (ConfUtils.java:logGet(43)) - raft.server.log.force.sync.num = 128 (default)
2019-09-19 08:58:58,972 [pool-157-thread-1] INFO  server.RaftServerConfigKeys (ConfUtils.java:logGet(43)) - raft.server.log.statemachine.data.sync = true (default)
2019-09-19 08:58:58,972 [pool-157-thread-1] INFO  server.RaftServerConfigKeys (ConfUtils.java:logGet(43)) - raft.server.log.statemachine.data.sync.timeout = 10s (default)
2019-09-19 08:58:58,972 [pool-157-thread-1] INFO  server.RaftServerConfigKeys (ConfUtils.java:logGet(43)) - raft.server.log.statemachine.data.sync.timeout.retry = -1 (default)
2019-09-19 08:58:58,972 [pool-157-thread-1] INFO  server.RaftServerConfigKeys (ConfUtils.java:logGet(43)) - raft.server.log.statemachine.data.caching.enabled = true (custom)
2019-09-19 08:58:58,972 [pool-157-thread-1] INFO  segmented.SegmentedRaftLogWorker (SegmentedRaftLogWorker.java:lambda$new$0(132)) - a1d91341-8f9e-4ad5-9509-8a616163aa58-SegmentedRaftLogWorker:Storage Directory /workdir/hadoop-ozone/integration-test/target/test-dir/MiniOzoneClusterImpl-66e2a49b-37e1-46c5-a16c-3b22c3c736b2/datanode-0/data/ratis/84543256-fb0b-40d8-89a3-075b857ff349: flushIndex: setUnconditionally 0 -> -1
2019-09-19 08:58:58,973 [pool-157-thread-1] INFO  server.RaftServerConfigKeys (ConfUtils.java:logGet(43)) - raft.server.snapshot.auto.trigger.enabled = true (custom)
2019-09-19 08:58:58,973 [pool-157-thread-1] INFO  server.RaftServerConfigKeys (ConfUtils.java:logGet(43)) - raft.server.snapshot.auto.trigger.threshold = 10000 (custom)
2019-09-19 08:58:58,973 [pool-157-thread-1] INFO  server.RaftServerConfigKeys (ConfUtils.java:logGet(43)) - raft.server.retrycache.expirytime = 600000ms (custom)
2019-09-19 08:58:58,973 [pool-157-thread-1] INFO  impl.RaftServerImpl (RaftServerImpl.java:start(180)) - a1d91341-8f9e-4ad5-9509-8a616163aa58: start group-075B857FF349
2019-09-19 08:58:58,973 [pool-157-thread-1] INFO  impl.RaftServerImpl (RaftServerImpl.java:setRole(171)) - a1d91341-8f9e-4ad5-9509-8a616163aa58:group-075B857FF349 changes role from null to FOLLOWER at term 0 for startAsFollower
2019-09-19 08:58:58,973 [pool-157-thread-1] INFO  impl.RoleInfo (RoleInfo.java:updateAndGet(143)) - a1d91341-8f9e-4ad5-9509-8a616163aa58: start FollowerState
2019-09-19 08:58:58,974 [pool-157-thread-1] INFO  util.JmxRegister (JmxRegister.java:tryRegister(44)) - Successfully registered JMX Bean with object name Ratis:service=RaftServer,group=group-075B857FF349,id=a1d91341-8f9e-4ad5-9509-8a616163aa58
2019-09-19 08:58:58,976 [RatisPipelineUtilsThread] INFO  pipeline.PipelineStateManager (PipelineStateManager.java:addPipeline(56)) - Created pipeline Pipeline[ Id: 84543256-fb0b-40d8-89a3-075b857ff349, Nodes: a1d91341-8f9e-4ad5-9509-8a616163aa58{ip: 192.168.34.5, host: pr-hdds-1569-j4bt4-3030777008, networkLocation: /default-rack, certSerialId: null}, Type:RATIS, Factor:ONE, State:OPEN]
2019-09-19 08:58:58,981 [grpc-default-executor-0] INFO  impl.RaftServerProxy (RaftServerProxy.java:addNew(89)) - a1d91341-8f9e-4ad5-9509-8a616163aa58: addNew group-AD61430F556D:[a1d91341-8f9e-4ad5-9509-8a616163aa58:192.168.34.5:42287] returns group-AD61430F556D:java.util.concurrent.CompletableFuture@7ebd9efe[Not completed]
2019-09-19 08:58:58,982 [pool-157-thread-1] INFO  impl.RaftServerImpl (RaftServerImpl.java:<init>(93)) - a1d91341-8f9e-4ad5-9509-8a616163aa58: new RaftServerImpl for group-AD61430F556D:[a1d91341-8f9e-4ad5-9509-8a616163aa58:192.168.34.5:42287] with ContainerStateMachine:uninitialized
2019-09-19 08:58:58,982 [pool-157-thread-1] INFO  server.RaftServerConfigKeys (ConfUtils.java:logGet(43)) - raft.server.rpc.timeout.min = 1s (custom)
2019-09-19 08:58:58,982 [pool-157-thread-1] INFO  server.RaftServerConfigKeys (ConfUtils.java:logGet(43)) - raft.server.rpc.timeout.max = 1200ms (custom)
2019-09-19 08:58:58,982 [pool-157-thread-1] INFO  server.RaftServerConfigKeys (ConfUtils.java:logGet(43)) - raft.server.rpcslowness.timeout = 120s (custom)
2019-09-19 08:58:58,982 [pool-157-thread-1] INFO  server.RaftServerConfigKeys (ConfUtils.java:logGet(43)) - raft.server.sleep.deviation.threshold = 300 (default)
2019-09-19 08:58:58,982 [pool-157-thread-1] INFO  server.RaftServerConfigKeys (ConfUtils.java:logGet(43)) - raft.server.log.appender.install.snapshot.enabled = false (custom)
2019-09-19 08:58:58,982 [pool-157-thread-1] INFO  impl.RaftServerImpl (ServerState.java:<init>(105)) - a1d91341-8f9e-4ad5-9509-8a616163aa58:group-AD61430F556D ConfigurationManager, init=-1: [a1d91341-8f9e-4ad5-9509-8a616163aa58:192.168.34.5:42287], old=null, confs=<EMPTY_MAP>
2019-09-19 08:58:58,982 [pool-157-thread-1] INFO  server.RaftServerConfigKeys (ConfUtils.java:logGet(43)) - raft.server.storage.dir = [/workdir/hadoop-ozone/integration-test/target/test-dir/MiniOzoneClusterImpl-66e2a49b-37e1-46c5-a16c-3b22c3c736b2/datanode-0/data/ratis] (custom)
2019-09-19 08:58:58,983 [pool-157-thread-1] INFO  storage.RaftStorageDirectory (RaftStorageDirectory.java:analyzeStorage(246)) - The storage directory /workdir/hadoop-ozone/integration-test/target/test-dir/MiniOzoneClusterImpl-66e2a49b-37e1-46c5-a16c-3b22c3c736b2/datanode-0/data/ratis/7ac505e7-129b-41f9-87e6-ad61430f556d does not exist. Creating ...
2019-09-19 08:58:58,986 [pool-157-thread-1] INFO  storage.RaftStorageDirectory (RaftStorageDirectory.java:tryLock(328)) - Lock on /workdir/hadoop-ozone/integration-test/target/test-dir/MiniOzoneClusterImpl-66e2a49b-37e1-46c5-a16c-3b22c3c736b2/datanode-0/data/ratis/7ac505e7-129b-41f9-87e6-ad61430f556d/in_use.lock acquired by nodename 8013@pr-hdds-1569-j4bt4-3030777008
2019-09-19 08:58:58,989 [pool-157-thread-1] INFO  storage.RaftStorage (RaftStorage.java:format(72)) - Storage directory /workdir/hadoop-ozone/integration-test/target/test-dir/MiniOzoneClusterImpl-66e2a49b-37e1-46c5-a16c-3b22c3c736b2/datanode-0/data/ratis/7ac505e7-129b-41f9-87e6-ad61430f556d has been successfully formatted.
2019-09-19 08:58:58,989 [pool-157-thread-1] INFO  ratis.ContainerStateMachine (ContainerStateMachine.java:loadSnapshot(226)) - group-AD61430F556D: The snapshot info is null. Setting the last applied indexto:(t:0, i:~)
2019-09-19 08:58:58,989 [pool-157-thread-1] INFO  server.RaftServerConfigKeys (ConfUtils.java:logGet(43)) - raft.server.leader.election.timeout = 120s (custom)
2019-09-19 08:58:58,989 [pool-157-thread-1] INFO  server.RaftServerConfigKeys (ConfUtils.java:logGet(43)) - raft.server.log.use.memory = false (default)
2019-09-19 08:58:58,989 [pool-157-thread-1] INFO  server.RaftServerConfigKeys (ConfUtils.java:logGet(43)) - raft.server.log.purge.gap = 1000000 (custom)
2019-09-19 08:58:58,989 [pool-157-thread-1] INFO  server.RaftServerConfigKeys (ConfUtils.java:logGet(43)) - raft.server.log.appender.buffer.byte-limit = 33554432 (custom)
2019-09-19 08:58:58,990 [pool-157-thread-1] INFO  server.RaftServerConfigKeys (ConfUtils.java:logGet(43)) - raft.server.log.segment.size.max = 1048576 (custom)
2019-09-19 08:58:58,990 [pool-157-thread-1] INFO  server.RaftServerConfigKeys (ConfUtils.java:logGet(43)) - raft.server.log.segment.cache.num.max = 2 (custom)
2019-09-19 08:58:58,990 [pool-157-thread-1] INFO  segmented.SegmentedRaftLogWorker (SegmentedRaftLogWorker.java:<init>(172)) - new a1d91341-8f9e-4ad5-9509-8a616163aa58-SegmentedRaftLogWorker:Storage Directory /workdir/hadoop-ozone/integration-test/target/test-dir/MiniOzoneClusterImpl-66e2a49b-37e1-46c5-a16c-3b22c3c736b2/datanode-0/data/ratis/7ac505e7-129b-41f9-87e6-ad61430f556d for RaftStorage:Storage Directory /workdir/hadoop-ozone/integration-test/target/test-dir/MiniOzoneClusterImpl-66e2a49b-37e1-46c5-a16c-3b22c3c736b2/datanode-0/data/ratis/7ac505e7-129b-41f9-87e6-ad61430f556d
2019-09-19 08:58:58,990 [pool-157-thread-1] INFO  server.RaftServerConfigKeys (ConfUtils.java:logGet(43)) - raft.server.log.queue.byte-limit = 2147483647 (custom)
2019-09-19 08:58:58,990 [pool-157-thread-1] INFO  server.RaftServerConfigKeys (ConfUtils.java:logGet(43)) - raft.server.log.queue.element-limit = 1024 (custom)
2019-09-19 08:58:58,990 [pool-157-thread-1] INFO  server.RaftServerConfigKeys (ConfUtils.java:logGet(43)) - raft.server.log.segment.size.max = 1048576 (custom)
2019-09-19 08:58:58,990 [pool-157-thread-1] INFO  server.RaftServerConfigKeys (ConfUtils.java:logGet(43)) - raft.server.log.preallocated.size = 16384 (custom)
2019-09-19 08:58:58,990 [pool-157-thread-1] INFO  server.RaftServerConfigKeys (ConfUtils.java:logGet(43)) - raft.server.log.write.buffer.size = 33554432 (custom)
2019-09-19 08:58:58,990 [pool-157-thread-1] INFO  server.RaftServerConfigKeys (ConfUtils.java:logGet(43)) - raft.server.log.force.sync.num = 128 (default)
2019-09-19 08:58:58,991 [pool-157-thread-1] INFO  server.RaftServerConfigKeys (ConfUtils.java:logGet(43)) - raft.server.log.statemachine.data.sync = true (default)
2019-09-19 08:58:58,991 [pool-157-thread-1] INFO  server.RaftServerConfigKeys (ConfUtils.java:logGet(43)) - raft.server.log.statemachine.data.sync.timeout = 10s (default)
2019-09-19 08:58:58,991 [pool-157-thread-1] INFO  server.RaftServerConfigKeys (ConfUtils.java:logGet(43)) - raft.server.log.statemachine.data.sync.timeout.retry = -1 (default)
2019-09-19 08:58:58,991 [pool-157-thread-1] INFO  server.RaftServerConfigKeys (ConfUtils.java:logGet(43)) - raft.server.log.statemachine.data.caching.enabled = true (custom)
2019-09-19 08:58:58,991 [pool-157-thread-1] INFO  segmented.SegmentedRaftLogWorker (SegmentedRaftLogWorker.java:lambda$new$0(132)) - a1d91341-8f9e-4ad5-9509-8a616163aa58-SegmentedRaftLogWorker:Storage Directory /workdir/hadoop-ozone/integration-test/target/test-dir/MiniOzoneClusterImpl-66e2a49b-37e1-46c5-a16c-3b22c3c736b2/datanode-0/data/ratis/7ac505e7-129b-41f9-87e6-ad61430f556d: flushIndex: setUnconditionally 0 -> -1
2019-09-19 08:58:58,991 [pool-157-thread-1] INFO  server.RaftServerConfigKeys (ConfUtils.java:logGet(43)) - raft.server.snapshot.auto.trigger.enabled = true (custom)
2019-09-19 08:58:58,991 [pool-157-thread-1] INFO  server.RaftServerConfigKeys (ConfUtils.java:logGet(43)) - raft.server.snapshot.auto.trigger.threshold = 10000 (custom)
2019-09-19 08:58:58,992 [pool-157-thread-1] INFO  server.RaftServerConfigKeys (ConfUtils.java:logGet(43)) - raft.server.retrycache.expirytime = 600000ms (custom)
2019-09-19 08:58:58,992 [pool-157-thread-1] INFO  impl.RaftServerImpl (RaftServerImpl.java:start(180)) - a1d91341-8f9e-4ad5-9509-8a616163aa58: start group-AD61430F556D
2019-09-19 08:58:58,992 [pool-157-thread-1] INFO  impl.RaftServerImpl (RaftServerImpl.java:setRole(171)) - a1d91341-8f9e-4ad5-9509-8a616163aa58:group-AD61430F556D changes role from null to FOLLOWER at term 0 for startAsFollower
2019-09-19 08:58:58,992 [pool-157-thread-1] INFO  impl.RoleInfo (RoleInfo.java:updateAndGet(143)) - a1d91341-8f9e-4ad5-9509-8a616163aa58: start FollowerState
2019-09-19 08:58:58,992 [pool-157-thread-1] INFO  util.JmxRegister (JmxRegister.java:tryRegister(44)) - Successfully registered JMX Bean with object name Ratis:service=RaftServer,group=group-AD61430F556D,id=a1d91341-8f9e-4ad5-9509-8a616163aa58
2019-09-19 08:58:58,995 [RatisPipelineUtilsThread] INFO  pipeline.PipelineStateManager (PipelineStateManager.java:addPipeline(56)) - Created pipeline Pipeline[ Id: 7ac505e7-129b-41f9-87e6-ad61430f556d, Nodes: a1d91341-8f9e-4ad5-9509-8a616163aa58{ip: 192.168.34.5, host: pr-hdds-1569-j4bt4-3030777008, networkLocation: /default-rack, certSerialId: null}, Type:RATIS, Factor:ONE, State:OPEN]
2019-09-19 08:58:58,999 [grpc-default-executor-0] INFO  impl.RaftServerProxy (RaftServerProxy.java:addNew(89)) - a1d91341-8f9e-4ad5-9509-8a616163aa58: addNew group-BBA676766893:[a1d91341-8f9e-4ad5-9509-8a616163aa58:192.168.34.5:42287] returns group-BBA676766893:java.util.concurrent.CompletableFuture@3b4adc07[Not completed]
2019-09-19 08:58:59,000 [pool-157-thread-1] INFO  impl.RaftServerImpl (RaftServerImpl.java:<init>(93)) - a1d91341-8f9e-4ad5-9509-8a616163aa58: new RaftServerImpl for group-BBA676766893:[a1d91341-8f9e-4ad5-9509-8a616163aa58:192.168.34.5:42287] with ContainerStateMachine:uninitialized
2019-09-19 08:58:59,000 [pool-157-thread-1] INFO  server.RaftServerConfigKeys (ConfUtils.java:logGet(43)) - raft.server.rpc.timeout.min = 1s (custom)
2019-09-19 08:58:59,000 [pool-157-thread-1] INFO  server.RaftServerConfigKeys (ConfUtils.java:logGet(43)) - raft.server.rpc.timeout.max = 1200ms (custom)
2019-09-19 08:58:59,000 [pool-157-thread-1] INFO  server.RaftServerConfigKeys (ConfUtils.java:logGet(43)) - raft.server.rpcslowness.timeout = 120s (custom)
2019-09-19 08:58:59,000 [pool-157-thread-1] INFO  server.RaftServerConfigKeys (ConfUtils.java:logGet(43)) - raft.server.sleep.deviation.threshold = 300 (default)
2019-09-19 08:58:59,000 [pool-157-thread-1] INFO  server.RaftServerConfigKeys (ConfUtils.java:logGet(43)) - raft.server.log.appender.install.snapshot.enabled = false (custom)
2019-09-19 08:58:59,000 [pool-157-thread-1] INFO  impl.RaftServerImpl (ServerState.java:<init>(105)) - a1d91341-8f9e-4ad5-9509-8a616163aa58:group-BBA676766893 ConfigurationManager, init=-1: [a1d91341-8f9e-4ad5-9509-8a616163aa58:192.168.34.5:42287], old=null, confs=<EMPTY_MAP>
2019-09-19 08:58:59,000 [pool-157-thread-1] INFO  server.RaftServerConfigKeys (ConfUtils.java:logGet(43)) - raft.server.storage.dir = [/workdir/hadoop-ozone/integration-test/target/test-dir/MiniOzoneClusterImpl-66e2a49b-37e1-46c5-a16c-3b22c3c736b2/datanode-0/data/ratis] (custom)
2019-09-19 08:58:59,001 [pool-157-thread-1] INFO  storage.RaftStorageDirectory (RaftStorageDirectory.java:analyzeStorage(246)) - The storage directory /workdir/hadoop-ozone/integration-test/target/test-dir/MiniOzoneClusterImpl-66e2a49b-37e1-46c5-a16c-3b22c3c736b2/datanode-0/data/ratis/6b8f140f-219b-4dd5-ad7d-bba676766893 does not exist. Creating ...
2019-09-19 08:58:59,004 [pool-157-thread-1] INFO  storage.RaftStorageDirectory (RaftStorageDirectory.java:tryLock(328)) - Lock on /workdir/hadoop-ozone/integration-test/target/test-dir/MiniOzoneClusterImpl-66e2a49b-37e1-46c5-a16c-3b22c3c736b2/datanode-0/data/ratis/6b8f140f-219b-4dd5-ad7d-bba676766893/in_use.lock acquired by nodename 8013@pr-hdds-1569-j4bt4-3030777008
2019-09-19 08:58:59,007 [pool-157-thread-1] INFO  storage.RaftStorage (RaftStorage.java:format(72)) - Storage directory /workdir/hadoop-ozone/integration-test/target/test-dir/MiniOzoneClusterImpl-66e2a49b-37e1-46c5-a16c-3b22c3c736b2/datanode-0/data/ratis/6b8f140f-219b-4dd5-ad7d-bba676766893 has been successfully formatted.
2019-09-19 08:58:59,007 [pool-157-thread-1] INFO  ratis.ContainerStateMachine (ContainerStateMachine.java:loadSnapshot(226)) - group-BBA676766893: The snapshot info is null. Setting the last applied indexto:(t:0, i:~)
2019-09-19 08:58:59,008 [pool-157-thread-1] INFO  server.RaftServerConfigKeys (ConfUtils.java:logGet(43)) - raft.server.leader.election.timeout = 120s (custom)
2019-09-19 08:58:59,008 [pool-157-thread-1] INFO  server.RaftServerConfigKeys (ConfUtils.java:logGet(43)) - raft.server.log.use.memory = false (default)
2019-09-19 08:58:59,008 [pool-157-thread-1] INFO  server.RaftServerConfigKeys (ConfUtils.java:logGet(43)) - raft.server.log.purge.gap = 1000000 (custom)
2019-09-19 08:58:59,008 [pool-157-thread-1] INFO  server.RaftServerConfigKeys (ConfUtils.java:logGet(43)) - raft.server.log.appender.buffer.byte-limit = 33554432 (custom)
2019-09-19 08:58:59,008 [pool-157-thread-1] INFO  server.RaftServerConfigKeys (ConfUtils.java:logGet(43)) - raft.server.log.segment.size.max = 1048576 (custom)
2019-09-19 08:58:59,008 [pool-157-thread-1] INFO  server.RaftServerConfigKeys (ConfUtils.java:logGet(43)) - raft.server.log.segment.cache.num.max = 2 (custom)
2019-09-19 08:58:59,008 [pool-157-thread-1] INFO  segmented.SegmentedRaftLogWorker (SegmentedRaftLogWorker.java:<init>(172)) - new a1d91341-8f9e-4ad5-9509-8a616163aa58-SegmentedRaftLogWorker:Storage Directory /workdir/hadoop-ozone/integration-test/target/test-dir/MiniOzoneClusterImpl-66e2a49b-37e1-46c5-a16c-3b22c3c736b2/datanode-0/data/ratis/6b8f140f-219b-4dd5-ad7d-bba676766893 for RaftStorage:Storage Directory /workdir/hadoop-ozone/integration-test/target/test-dir/MiniOzoneClusterImpl-66e2a49b-37e1-46c5-a16c-3b22c3c736b2/datanode-0/data/ratis/6b8f140f-219b-4dd5-ad7d-bba676766893
2019-09-19 08:58:59,008 [pool-157-thread-1] INFO  server.RaftServerConfigKeys (ConfUtils.java:logGet(43)) - raft.server.log.queue.byte-limit = 2147483647 (custom)
2019-09-19 08:58:59,008 [pool-157-thread-1] INFO  server.RaftServerConfigKeys (ConfUtils.java:logGet(43)) - raft.server.log.queue.element-limit = 1024 (custom)
2019-09-19 08:58:59,008 [pool-157-thread-1] INFO  server.RaftServerConfigKeys (ConfUtils.java:logGet(43)) - raft.server.log.segment.size.max = 1048576 (custom)
2019-09-19 08:58:59,008 [pool-157-thread-1] INFO  server.RaftServerConfigKeys (ConfUtils.java:logGet(43)) - raft.server.log.preallocated.size = 16384 (custom)
2019-09-19 08:58:59,009 [pool-157-thread-1] INFO  server.RaftServerConfigKeys (ConfUtils.java:logGet(43)) - raft.server.log.write.buffer.size = 33554432 (custom)
2019-09-19 08:58:59,009 [pool-157-thread-1] INFO  server.RaftServerConfigKeys (ConfUtils.java:logGet(43)) - raft.server.log.force.sync.num = 128 (default)
2019-09-19 08:58:59,009 [pool-157-thread-1] INFO  server.RaftServerConfigKeys (ConfUtils.java:logGet(43)) - raft.server.log.statemachine.data.sync = true (default)
2019-09-19 08:58:59,009 [pool-157-thread-1] INFO  server.RaftServerConfigKeys (ConfUtils.java:logGet(43)) - raft.server.log.statemachine.data.sync.timeout = 10s (default)
2019-09-19 08:58:59,009 [pool-157-thread-1] INFO  server.RaftServerConfigKeys (ConfUtils.java:logGet(43)) - raft.server.log.statemachine.data.sync.timeout.retry = -1 (default)
2019-09-19 08:58:59,009 [pool-157-thread-1] INFO  server.RaftServerConfigKeys (ConfUtils.java:logGet(43)) - raft.server.log.statemachine.data.caching.enabled = true (custom)
2019-09-19 08:58:59,009 [pool-157-thread-1] INFO  segmented.SegmentedRaftLogWorker (SegmentedRaftLogWorker.java:lambda$new$0(132)) - a1d91341-8f9e-4ad5-9509-8a616163aa58-SegmentedRaftLogWorker:Storage Directory /workdir/hadoop-ozone/integration-test/target/test-dir/MiniOzoneClusterImpl-66e2a49b-37e1-46c5-a16c-3b22c3c736b2/datanode-0/data/ratis/6b8f140f-219b-4dd5-ad7d-bba676766893: flushIndex: setUnconditionally 0 -> -1
2019-09-19 08:58:59,009 [pool-157-thread-1] INFO  server.RaftServerConfigKeys (ConfUtils.java:logGet(43)) - raft.server.snapshot.auto.trigger.enabled = true (custom)
2019-09-19 08:58:59,009 [pool-157-thread-1] INFO  server.RaftServerConfigKeys (ConfUtils.java:logGet(43)) - raft.server.snapshot.auto.trigger.threshold = 10000 (custom)
2019-09-19 08:58:59,010 [pool-157-thread-1] INFO  server.RaftServerConfigKeys (ConfUtils.java:logGet(43)) - raft.server.retrycache.expirytime = 600000ms (custom)
2019-09-19 08:58:59,010 [pool-157-thread-1] INFO  impl.RaftServerImpl (RaftServerImpl.java:start(180)) - a1d91341-8f9e-4ad5-9509-8a616163aa58: start group-BBA676766893
2019-09-19 08:58:59,010 [pool-157-thread-1] INFO  impl.RaftServerImpl (RaftServerImpl.java:setRole(171)) - a1d91341-8f9e-4ad5-9509-8a616163aa58:group-BBA676766893 changes role from null to FOLLOWER at term 0 for startAsFollower
2019-09-19 08:58:59,010 [pool-157-thread-1] INFO  impl.RoleInfo (RoleInfo.java:updateAndGet(143)) - a1d91341-8f9e-4ad5-9509-8a616163aa58: start FollowerState
2019-09-19 08:58:59,010 [pool-157-thread-1] INFO  util.JmxRegister (JmxRegister.java:tryRegister(44)) - Successfully registered JMX Bean with object name Ratis:service=RaftServer,group=group-BBA676766893,id=a1d91341-8f9e-4ad5-9509-8a616163aa58
2019-09-19 08:58:59,012 [RatisPipelineUtilsThread] INFO  pipeline.PipelineStateManager (PipelineStateManager.java:addPipeline(56)) - Created pipeline Pipeline[ Id: 6b8f140f-219b-4dd5-ad7d-bba676766893, Nodes: a1d91341-8f9e-4ad5-9509-8a616163aa58{ip: 192.168.34.5, host: pr-hdds-1569-j4bt4-3030777008, networkLocation: /default-rack, certSerialId: null}, Type:RATIS, Factor:ONE, State:OPEN]
2019-09-19 08:58:59,016 [grpc-default-executor-0] INFO  impl.RaftServerProxy (RaftServerProxy.java:addNew(89)) - a1d91341-8f9e-4ad5-9509-8a616163aa58: addNew group-1BD401C6213C:[a1d91341-8f9e-4ad5-9509-8a616163aa58:192.168.34.5:42287] returns group-1BD401C6213C:java.util.concurrent.CompletableFuture@75ded94d[Not completed]
2019-09-19 08:58:59,017 [pool-157-thread-1] INFO  impl.RaftServerImpl (RaftServerImpl.java:<init>(93)) - a1d91341-8f9e-4ad5-9509-8a616163aa58: new RaftServerImpl for group-1BD401C6213C:[a1d91341-8f9e-4ad5-9509-8a616163aa58:192.168.34.5:42287] with ContainerStateMachine:uninitialized
2019-09-19 08:58:59,018 [pool-157-thread-1] INFO  server.RaftServerConfigKeys (ConfUtils.java:logGet(43)) - raft.server.rpc.timeout.min = 1s (custom)
2019-09-19 08:58:59,018 [pool-157-thread-1] INFO  server.RaftServerConfigKeys (ConfUtils.java:logGet(43)) - raft.server.rpc.timeout.max = 1200ms (custom)
2019-09-19 08:58:59,018 [pool-157-thread-1] INFO  server.RaftServerConfigKeys (ConfUtils.java:logGet(43)) - raft.server.rpcslowness.timeout = 120s (custom)
2019-09-19 08:58:59,018 [pool-157-thread-1] INFO  server.RaftServerConfigKeys (ConfUtils.java:logGet(43)) - raft.server.sleep.deviation.threshold = 300 (default)
2019-09-19 08:58:59,018 [pool-157-thread-1] INFO  server.RaftServerConfigKeys (ConfUtils.java:logGet(43)) - raft.server.log.appender.install.snapshot.enabled = false (custom)
2019-09-19 08:58:59,018 [pool-157-thread-1] INFO  impl.RaftServerImpl (ServerState.java:<init>(105)) - a1d91341-8f9e-4ad5-9509-8a616163aa58:group-1BD401C6213C ConfigurationManager, init=-1: [a1d91341-8f9e-4ad5-9509-8a616163aa58:192.168.34.5:42287], old=null, confs=<EMPTY_MAP>
2019-09-19 08:58:59,018 [pool-157-thread-1] INFO  server.RaftServerConfigKeys (ConfUtils.java:logGet(43)) - raft.server.storage.dir = [/workdir/hadoop-ozone/integration-test/target/test-dir/MiniOzoneClusterImpl-66e2a49b-37e1-46c5-a16c-3b22c3c736b2/datanode-0/data/ratis] (custom)
2019-09-19 08:58:59,018 [pool-157-thread-1] INFO  storage.RaftStorageDirectory (RaftStorageDirectory.java:analyzeStorage(246)) - The storage directory /workdir/hadoop-ozone/integration-test/target/test-dir/MiniOzoneClusterImpl-66e2a49b-37e1-46c5-a16c-3b22c3c736b2/datanode-0/data/ratis/a2f50d49-7248-4edf-9f2c-1bd401c6213c does not exist. Creating ...
2019-09-19 08:58:59,021 [pool-157-thread-1] INFO  storage.RaftStorageDirectory (RaftStorageDirectory.java:tryLock(328)) - Lock on /workdir/hadoop-ozone/integration-test/target/test-dir/MiniOzoneClusterImpl-66e2a49b-37e1-46c5-a16c-3b22c3c736b2/datanode-0/data/ratis/a2f50d49-7248-4edf-9f2c-1bd401c6213c/in_use.lock acquired by nodename 8013@pr-hdds-1569-j4bt4-3030777008
2019-09-19 08:58:59,024 [pool-157-thread-1] INFO  storage.RaftStorage (RaftStorage.java:format(72)) - Storage directory /workdir/hadoop-ozone/integration-test/target/test-dir/MiniOzoneClusterImpl-66e2a49b-37e1-46c5-a16c-3b22c3c736b2/datanode-0/data/ratis/a2f50d49-7248-4edf-9f2c-1bd401c6213c has been successfully formatted.
2019-09-19 08:58:59,024 [pool-157-thread-1] INFO  ratis.ContainerStateMachine (ContainerStateMachine.java:loadSnapshot(226)) - group-1BD401C6213C: The snapshot info is null. Setting the last applied indexto:(t:0, i:~)
2019-09-19 08:58:59,024 [pool-157-thread-1] INFO  server.RaftServerConfigKeys (ConfUtils.java:logGet(43)) - raft.server.leader.election.timeout = 120s (custom)
2019-09-19 08:58:59,025 [pool-157-thread-1] INFO  server.RaftServerConfigKeys (ConfUtils.java:logGet(43)) - raft.server.log.use.memory = false (default)
2019-09-19 08:58:59,025 [pool-157-thread-1] INFO  server.RaftServerConfigKeys (ConfUtils.java:logGet(43)) - raft.server.log.purge.gap = 1000000 (custom)
2019-09-19 08:58:59,025 [pool-157-thread-1] INFO  server.RaftServerConfigKeys (ConfUtils.java:logGet(43)) - raft.server.log.appender.buffer.byte-limit = 33554432 (custom)
2019-09-19 08:58:59,025 [pool-157-thread-1] INFO  server.RaftServerConfigKeys (ConfUtils.java:logGet(43)) - raft.server.log.segment.size.max = 1048576 (custom)
2019-09-19 08:58:59,025 [pool-157-thread-1] INFO  server.RaftServerConfigKeys (ConfUtils.java:logGet(43)) - raft.server.log.segment.cache.num.max = 2 (custom)
2019-09-19 08:58:59,025 [pool-157-thread-1] INFO  segmented.SegmentedRaftLogWorker (SegmentedRaftLogWorker.java:<init>(172)) - new a1d91341-8f9e-4ad5-9509-8a616163aa58-SegmentedRaftLogWorker:Storage Directory /workdir/hadoop-ozone/integration-test/target/test-dir/MiniOzoneClusterImpl-66e2a49b-37e1-46c5-a16c-3b22c3c736b2/datanode-0/data/ratis/a2f50d49-7248-4edf-9f2c-1bd401c6213c for RaftStorage:Storage Directory /workdir/hadoop-ozone/integration-test/target/test-dir/MiniOzoneClusterImpl-66e2a49b-37e1-46c5-a16c-3b22c3c736b2/datanode-0/data/ratis/a2f50d49-7248-4edf-9f2c-1bd401c6213c
2019-09-19 08:58:59,025 [pool-157-thread-1] INFO  server.RaftServerConfigKeys (ConfUtils.java:logGet(43)) - raft.server.log.queue.byte-limit = 2147483647 (custom)
2019-09-19 08:58:59,025 [pool-157-thread-1] INFO  server.RaftServerConfigKeys (ConfUtils.java:logGet(43)) - raft.server.log.queue.element-limit = 1024 (custom)
2019-09-19 08:58:59,025 [pool-157-thread-1] INFO  server.RaftServerConfigKeys (ConfUtils.java:logGet(43)) - raft.server.log.segment.size.max = 1048576 (custom)
2019-09-19 08:58:59,025 [pool-157-thread-1] INFO  server.RaftServerConfigKeys (ConfUtils.java:logGet(43)) - raft.server.log.preallocated.size = 16384 (custom)
2019-09-19 08:58:59,025 [pool-157-thread-1] INFO  server.RaftServerConfigKeys (ConfUtils.java:logGet(43)) - raft.server.log.write.buffer.size = 33554432 (custom)
2019-09-19 08:58:59,025 [pool-157-thread-1] INFO  server.RaftServerConfigKeys (ConfUtils.java:logGet(43)) - raft.server.log.force.sync.num = 128 (default)
2019-09-19 08:58:59,026 [pool-157-thread-1] INFO  server.RaftServerConfigKeys (ConfUtils.java:logGet(43)) - raft.server.log.statemachine.data.sync = true (default)
2019-09-19 08:58:59,026 [pool-157-thread-1] INFO  server.RaftServerConfigKeys (ConfUtils.java:logGet(43)) - raft.server.log.statemachine.data.sync.timeout = 10s (default)
2019-09-19 08:58:59,026 [pool-157-thread-1] INFO  server.RaftServerConfigKeys (ConfUtils.java:logGet(43)) - raft.server.log.statemachine.data.sync.timeout.retry = -1 (default)
2019-09-19 08:58:59,026 [pool-157-thread-1] INFO  server.RaftServerConfigKeys (ConfUtils.java:logGet(43)) - raft.server.log.statemachine.data.caching.enabled = true (custom)
2019-09-19 08:58:59,026 [pool-157-thread-1] INFO  segmented.SegmentedRaftLogWorker (SegmentedRaftLogWorker.java:lambda$new$0(132)) - a1d91341-8f9e-4ad5-9509-8a616163aa58-SegmentedRaftLogWorker:Storage Directory /workdir/hadoop-ozone/integration-test/target/test-dir/MiniOzoneClusterImpl-66e2a49b-37e1-46c5-a16c-3b22c3c736b2/datanode-0/data/ratis/a2f50d49-7248-4edf-9f2c-1bd401c6213c: flushIndex: setUnconditionally 0 -> -1
2019-09-19 08:58:59,026 [pool-157-thread-1] INFO  server.RaftServerConfigKeys (ConfUtils.java:logGet(43)) - raft.server.snapshot.auto.trigger.enabled = true (custom)
2019-09-19 08:58:59,027 [pool-157-thread-1] INFO  server.RaftServerConfigKeys (ConfUtils.java:logGet(43)) - raft.server.snapshot.auto.trigger.threshold = 10000 (custom)
2019-09-19 08:58:59,027 [pool-157-thread-1] INFO  server.RaftServerConfigKeys (ConfUtils.java:logGet(43)) - raft.server.retrycache.expirytime = 600000ms (custom)
2019-09-19 08:58:59,027 [pool-157-thread-1] INFO  impl.RaftServerImpl (RaftServerImpl.java:start(180)) - a1d91341-8f9e-4ad5-9509-8a616163aa58: start group-1BD401C6213C
2019-09-19 08:58:59,027 [pool-157-thread-1] INFO  impl.RaftServerImpl (RaftServerImpl.java:setRole(171)) - a1d91341-8f9e-4ad5-9509-8a616163aa58:group-1BD401C6213C changes role from null to FOLLOWER at term 0 for startAsFollower
2019-09-19 08:58:59,027 [pool-157-thread-1] INFO  impl.RoleInfo (RoleInfo.java:updateAndGet(143)) - a1d91341-8f9e-4ad5-9509-8a616163aa58: start FollowerState
2019-09-19 08:58:59,027 [pool-157-thread-1] INFO  util.JmxRegister (JmxRegister.java:tryRegister(44)) - Successfully registered JMX Bean with object name Ratis:service=RaftServer,group=group-1BD401C6213C,id=a1d91341-8f9e-4ad5-9509-8a616163aa58
2019-09-19 08:58:59,029 [RatisPipelineUtilsThread] INFO  pipeline.PipelineStateManager (PipelineStateManager.java:addPipeline(56)) - Created pipeline Pipeline[ Id: a2f50d49-7248-4edf-9f2c-1bd401c6213c, Nodes: a1d91341-8f9e-4ad5-9509-8a616163aa58{ip: 192.168.34.5, host: pr-hdds-1569-j4bt4-3030777008, networkLocation: /default-rack, certSerialId: null}, Type:RATIS, Factor:ONE, State:OPEN]
2019-09-19 08:58:59,029 [RatisPipelineUtilsThread] ERROR pipeline.PipelinePlacementPolicy (PipelinePlacementPolicy.java:meetCriteria(91)) - Pipeline Placement: Doesn't meet the criteria to be viable node. Heaviness: 6
2019-09-19 08:58:59,029 [RatisPipelineUtilsThread] ERROR pipeline.PipelinePlacementPolicy (PipelinePlacementPolicy.java:filterViableNodes(146)) - Unable to find enough nodes that meet the criteria that cannot engage in more than 5 pipelines. Nodes required: 1 Found: 0, healthy nodes count inNodeManager: 1.
2019-09-19 08:58:59,030 [RatisPipelineUtilsThread] ERROR pipeline.SCMPipelineManager (SCMPipelineManager.java:createPipeline(161)) - Pipeline creation failed due to exception: Unable to find enough nodes that meet the criteria that cannot engage in more than 5 pipelines. Nodes required: 1 Found: 0, healthy nodes count inNodeManager: 1.
2019-09-19 08:58:59,030 [RatisPipelineUtilsThread] ERROR pipeline.PipelinePlacementPolicy (PipelinePlacementPolicy.java:filterViableNodes(129)) - Not enough healthy nodes to allocate pipeline. 3  datanodes required. Found 1
2019-09-19 08:58:59,030 [RatisPipelineUtilsThread] ERROR pipeline.SCMPipelineManager (SCMPipelineManager.java:createPipeline(161)) - Pipeline creation failed due to exception: Not enough healthy nodes to allocate pipeline. 3  datanodes required. Found 1
2019-09-19 08:58:59,030 [RatisPipelineUtilsThread] ERROR pipeline.PipelinePlacementPolicy (PipelinePlacementPolicy.java:meetCriteria(91)) - Pipeline Placement: Doesn't meet the criteria to be viable node. Heaviness: 6
2019-09-19 08:58:59,030 [RatisPipelineUtilsThread] ERROR pipeline.PipelinePlacementPolicy (PipelinePlacementPolicy.java:filterViableNodes(146)) - Unable to find enough nodes that meet the criteria that cannot engage in more than 5 pipelines. Nodes required: 1 Found: 0, healthy nodes count inNodeManager: 1.
2019-09-19 08:58:59,030 [RatisPipelineUtilsThread] ERROR pipeline.SCMPipelineManager (SCMPipelineManager.java:createPipeline(161)) - Pipeline creation failed due to exception: Unable to find enough nodes that meet the criteria that cannot engage in more than 5 pipelines. Nodes required: 1 Found: 0, healthy nodes count inNodeManager: 1.
2019-09-19 08:58:59,030 [RatisPipelineUtilsThread] ERROR pipeline.PipelinePlacementPolicy (PipelinePlacementPolicy.java:filterViableNodes(129)) - Not enough healthy nodes to allocate pipeline. 3  datanodes required. Found 1
2019-09-19 08:58:59,030 [RatisPipelineUtilsThread] ERROR pipeline.SCMPipelineManager (SCMPipelineManager.java:createPipeline(161)) - Pipeline creation failed due to exception: Not enough healthy nodes to allocate pipeline. 3  datanodes required. Found 1
2019-09-19 08:58:59,077 [IPC Server handler 0 on 43272] INFO  net.NetworkTopology (NetworkTopologyImpl.java:add(110)) - Added a new node: /default-rack/d1f69eb4-ccd6-48e7-a921-1bf219b44eb4
2019-09-19 08:58:59,077 [RatisPipelineUtilsThread] ERROR pipeline.PipelinePlacementPolicy (PipelinePlacementPolicy.java:meetCriteria(91)) - Pipeline Placement: Doesn't meet the criteria to be viable node. Heaviness: 6
2019-09-19 08:58:59,077 [IPC Server handler 0 on 43272] INFO  node.SCMNodeManager (SCMNodeManager.java:register(273)) - Registered Data node : d1f69eb4-ccd6-48e7-a921-1bf219b44eb4{ip: 192.168.34.5, host: pr-hdds-1569-j4bt4-3030777008, networkLocation: /default-rack, certSerialId: null}
2019-09-19 08:58:59,078 | INFO  | SCMAudit | user=jenkins1000 | ip=192.168.34.5 | op=REGISTER {datanodeDetails=d1f69eb4-ccd6-48e7-a921-1bf219b44eb4{ip: 192.168.34.5, host: pr-hdds-1569-j4bt4-3030777008, networkLocation: /default-rack, certSerialId: null}} | ret=SUCCESS |  
2019-09-19 08:58:59,086 [grpc-default-executor-0] INFO  impl.RaftServerProxy (RaftServerProxy.java:addNew(89)) - d1f69eb4-ccd6-48e7-a921-1bf219b44eb4: addNew group-B7EA212C98AD:[d1f69eb4-ccd6-48e7-a921-1bf219b44eb4:192.168.34.5:39023] returns group-B7EA212C98AD:java.util.concurrent.CompletableFuture@2dfcc3e0[Not completed]
2019-09-19 08:58:59,088 [pool-168-thread-1] INFO  impl.RaftServerImpl (RaftServerImpl.java:<init>(93)) - d1f69eb4-ccd6-48e7-a921-1bf219b44eb4: new RaftServerImpl for group-B7EA212C98AD:[d1f69eb4-ccd6-48e7-a921-1bf219b44eb4:192.168.34.5:39023] with ContainerStateMachine:uninitialized
2019-09-19 08:58:59,088 [pool-168-thread-1] INFO  server.RaftServerConfigKeys (ConfUtils.java:logGet(43)) - raft.server.rpc.timeout.min = 1s (custom)
2019-09-19 08:58:59,088 [pool-168-thread-1] INFO  server.RaftServerConfigKeys (ConfUtils.java:logGet(43)) - raft.server.rpc.timeout.max = 1200ms (custom)
2019-09-19 08:58:59,088 [pool-168-thread-1] INFO  server.RaftServerConfigKeys (ConfUtils.java:logGet(43)) - raft.server.rpcslowness.timeout = 120s (custom)
2019-09-19 08:58:59,088 [pool-168-thread-1] INFO  server.RaftServerConfigKeys (ConfUtils.java:logGet(43)) - raft.server.sleep.deviation.threshold = 300 (default)
2019-09-19 08:58:59,089 [pool-168-thread-1] INFO  server.RaftServerConfigKeys (ConfUtils.java:logGet(43)) - raft.server.log.appender.install.snapshot.enabled = false (custom)
2019-09-19 08:58:59,089 [pool-168-thread-1] INFO  impl.RaftServerImpl (ServerState.java:<init>(105)) - d1f69eb4-ccd6-48e7-a921-1bf219b44eb4:group-B7EA212C98AD ConfigurationManager, init=-1: [d1f69eb4-ccd6-48e7-a921-1bf219b44eb4:192.168.34.5:39023], old=null, confs=<EMPTY_MAP>
2019-09-19 08:58:59,089 [pool-168-thread-1] INFO  server.RaftServerConfigKeys (ConfUtils.java:logGet(43)) - raft.server.storage.dir = [/workdir/hadoop-ozone/integration-test/target/test-dir/MiniOzoneClusterImpl-66e2a49b-37e1-46c5-a16c-3b22c3c736b2/datanode-1/data/ratis] (custom)
2019-09-19 08:58:59,089 [pool-168-thread-1] INFO  storage.RaftStorageDirectory (RaftStorageDirectory.java:analyzeStorage(246)) - The storage directory /workdir/hadoop-ozone/integration-test/target/test-dir/MiniOzoneClusterImpl-66e2a49b-37e1-46c5-a16c-3b22c3c736b2/datanode-1/data/ratis/0927f6f2-65b1-420b-a237-b7ea212c98ad does not exist. Creating ...
2019-09-19 08:58:59,102 [pool-168-thread-1] INFO  storage.RaftStorageDirectory (RaftStorageDirectory.java:tryLock(328)) - Lock on /workdir/hadoop-ozone/integration-test/target/test-dir/MiniOzoneClusterImpl-66e2a49b-37e1-46c5-a16c-3b22c3c736b2/datanode-1/data/ratis/0927f6f2-65b1-420b-a237-b7ea212c98ad/in_use.lock acquired by nodename 8013@pr-hdds-1569-j4bt4-3030777008
2019-09-19 08:58:59,115 [pool-168-thread-1] INFO  storage.RaftStorage (RaftStorage.java:format(72)) - Storage directory /workdir/hadoop-ozone/integration-test/target/test-dir/MiniOzoneClusterImpl-66e2a49b-37e1-46c5-a16c-3b22c3c736b2/datanode-1/data/ratis/0927f6f2-65b1-420b-a237-b7ea212c98ad has been successfully formatted.
2019-09-19 08:58:59,115 [pool-168-thread-1] INFO  ratis.ContainerStateMachine (ContainerStateMachine.java:loadSnapshot(226)) - group-B7EA212C98AD: The snapshot info is null. Setting the last applied indexto:(t:0, i:~)
2019-09-19 08:58:59,115 [pool-168-thread-1] INFO  server.RaftServerConfigKeys (ConfUtils.java:logGet(43)) - raft.server.leader.election.timeout = 120s (custom)
2019-09-19 08:58:59,116 [pool-168-thread-1] INFO  server.RaftServerConfigKeys (ConfUtils.java:logGet(43)) - raft.server.log.use.memory = false (default)
2019-09-19 08:58:59,116 [pool-168-thread-1] INFO  server.RaftServerConfigKeys (ConfUtils.java:logGet(43)) - raft.server.log.purge.gap = 1000000 (custom)
2019-09-19 08:58:59,116 [pool-168-thread-1] INFO  server.RaftServerConfigKeys (ConfUtils.java:logGet(43)) - raft.server.log.appender.buffer.byte-limit = 33554432 (custom)
2019-09-19 08:58:59,116 [pool-168-thread-1] INFO  server.RaftServerConfigKeys (ConfUtils.java:logGet(43)) - raft.server.log.segment.size.max = 1048576 (custom)
2019-09-19 08:58:59,116 [pool-168-thread-1] INFO  server.RaftServerConfigKeys (ConfUtils.java:logGet(43)) - raft.server.log.segment.cache.num.max = 2 (custom)
2019-09-19 08:58:59,116 [pool-168-thread-1] INFO  segmented.SegmentedRaftLogWorker (SegmentedRaftLogWorker.java:<init>(172)) - new d1f69eb4-ccd6-48e7-a921-1bf219b44eb4-SegmentedRaftLogWorker:Storage Directory /workdir/hadoop-ozone/integration-test/target/test-dir/MiniOzoneClusterImpl-66e2a49b-37e1-46c5-a16c-3b22c3c736b2/datanode-1/data/ratis/0927f6f2-65b1-420b-a237-b7ea212c98ad for RaftStorage:Storage Directory /workdir/hadoop-ozone/integration-test/target/test-dir/MiniOzoneClusterImpl-66e2a49b-37e1-46c5-a16c-3b22c3c736b2/datanode-1/data/ratis/0927f6f2-65b1-420b-a237-b7ea212c98ad
2019-09-19 08:58:59,117 [pool-168-thread-1] INFO  server.RaftServerConfigKeys (ConfUtils.java:logGet(43)) - raft.server.log.queue.byte-limit = 2147483647 (custom)
2019-09-19 08:58:59,117 [pool-168-thread-1] INFO  server.RaftServerConfigKeys (ConfUtils.java:logGet(43)) - raft.server.log.queue.element-limit = 1024 (custom)
2019-09-19 08:58:59,117 [pool-168-thread-1] INFO  server.RaftServerConfigKeys (ConfUtils.java:logGet(43)) - raft.server.log.segment.size.max = 1048576 (custom)
2019-09-19 08:58:59,117 [pool-168-thread-1] INFO  server.RaftServerConfigKeys (ConfUtils.java:logGet(43)) - raft.server.log.preallocated.size = 16384 (custom)
2019-09-19 08:58:59,117 [pool-168-thread-1] INFO  server.RaftServerConfigKeys (ConfUtils.java:logGet(43)) - raft.server.log.write.buffer.size = 33554432 (custom)
2019-09-19 08:58:59,117 [pool-168-thread-1] INFO  server.RaftServerConfigKeys (ConfUtils.java:logGet(43)) - raft.server.log.force.sync.num = 128 (default)
2019-09-19 08:58:59,118 [pool-168-thread-1] INFO  server.RaftServerConfigKeys (ConfUtils.java:logGet(43)) - raft.server.log.statemachine.data.sync = true (default)
2019-09-19 08:58:59,118 [pool-168-thread-1] INFO  server.RaftServerConfigKeys (ConfUtils.java:logGet(43)) - raft.server.log.statemachine.data.sync.timeout = 10s (default)
2019-09-19 08:58:59,118 [pool-168-thread-1] INFO  server.RaftServerConfigKeys (ConfUtils.java:logGet(43)) - raft.server.log.statemachine.data.sync.timeout.retry = -1 (default)
2019-09-19 08:58:59,118 [pool-168-thread-1] INFO  server.RaftServerConfigKeys (ConfUtils.java:logGet(43)) - raft.server.log.statemachine.data.caching.enabled = true (custom)
2019-09-19 08:58:59,119 [pool-168-thread-1] INFO  segmented.SegmentedRaftLogWorker (SegmentedRaftLogWorker.java:lambda$new$0(132)) - d1f69eb4-ccd6-48e7-a921-1bf219b44eb4-SegmentedRaftLogWorker:Storage Directory /workdir/hadoop-ozone/integration-test/target/test-dir/MiniOzoneClusterImpl-66e2a49b-37e1-46c5-a16c-3b22c3c736b2/datanode-1/data/ratis/0927f6f2-65b1-420b-a237-b7ea212c98ad: flushIndex: setUnconditionally 0 -> -1
2019-09-19 08:58:59,119 [pool-168-thread-1] INFO  server.RaftServerConfigKeys (ConfUtils.java:logGet(43)) - raft.server.snapshot.auto.trigger.enabled = true (custom)
2019-09-19 08:58:59,119 [pool-168-thread-1] INFO  server.RaftServerConfigKeys (ConfUtils.java:logGet(43)) - raft.server.snapshot.auto.trigger.threshold = 10000 (custom)
2019-09-19 08:58:59,119 [pool-168-thread-1] INFO  server.RaftServerConfigKeys (ConfUtils.java:logGet(43)) - raft.server.retrycache.expirytime = 600000ms (custom)
2019-09-19 08:58:59,120 [pool-168-thread-1] INFO  impl.RaftServerImpl (RaftServerImpl.java:start(180)) - d1f69eb4-ccd6-48e7-a921-1bf219b44eb4: start group-B7EA212C98AD
2019-09-19 08:58:59,120 [pool-168-thread-1] INFO  impl.RaftServerImpl (RaftServerImpl.java:setRole(171)) - d1f69eb4-ccd6-48e7-a921-1bf219b44eb4:group-B7EA212C98AD changes role from null to FOLLOWER at term 0 for startAsFollower
2019-09-19 08:58:59,120 [pool-168-thread-1] INFO  impl.RoleInfo (RoleInfo.java:updateAndGet(143)) - d1f69eb4-ccd6-48e7-a921-1bf219b44eb4: start FollowerState
2019-09-19 08:58:59,120 [pool-168-thread-1] INFO  util.JmxRegister (JmxRegister.java:tryRegister(44)) - Successfully registered JMX Bean with object name Ratis:service=RaftServer,group=group-B7EA212C98AD,id=d1f69eb4-ccd6-48e7-a921-1bf219b44eb4
2019-09-19 08:58:59,123 [RatisPipelineUtilsThread] INFO  pipeline.PipelineStateManager (PipelineStateManager.java:addPipeline(56)) - Created pipeline Pipeline[ Id: 0927f6f2-65b1-420b-a237-b7ea212c98ad, Nodes: d1f69eb4-ccd6-48e7-a921-1bf219b44eb4{ip: 192.168.34.5, host: pr-hdds-1569-j4bt4-3030777008, networkLocation: /default-rack, certSerialId: null}, Type:RATIS, Factor:ONE, State:OPEN]
2019-09-19 08:58:59,123 [RatisPipelineUtilsThread] ERROR pipeline.PipelinePlacementPolicy (PipelinePlacementPolicy.java:meetCriteria(91)) - Pipeline Placement: Doesn't meet the criteria to be viable node. Heaviness: 6
2019-09-19 08:58:59,128 [grpc-default-executor-0] INFO  impl.RaftServerProxy (RaftServerProxy.java:addNew(89)) - d1f69eb4-ccd6-48e7-a921-1bf219b44eb4: addNew group-101D4ECA9B3C:[d1f69eb4-ccd6-48e7-a921-1bf219b44eb4:192.168.34.5:39023] returns group-101D4ECA9B3C:java.util.concurrent.CompletableFuture@1e8b488f[Not completed]
2019-09-19 08:58:59,129 [pool-168-thread-1] INFO  impl.RaftServerImpl (RaftServerImpl.java:<init>(93)) - d1f69eb4-ccd6-48e7-a921-1bf219b44eb4: new RaftServerImpl for group-101D4ECA9B3C:[d1f69eb4-ccd6-48e7-a921-1bf219b44eb4:192.168.34.5:39023] with ContainerStateMachine:uninitialized
2019-09-19 08:58:59,130 [pool-168-thread-1] INFO  server.RaftServerConfigKeys (ConfUtils.java:logGet(43)) - raft.server.rpc.timeout.min = 1s (custom)
2019-09-19 08:58:59,130 [pool-168-thread-1] INFO  server.RaftServerConfigKeys (ConfUtils.java:logGet(43)) - raft.server.rpc.timeout.max = 1200ms (custom)
2019-09-19 08:58:59,130 [pool-168-thread-1] INFO  server.RaftServerConfigKeys (ConfUtils.java:logGet(43)) - raft.server.rpcslowness.timeout = 120s (custom)
2019-09-19 08:58:59,130 [pool-168-thread-1] INFO  server.RaftServerConfigKeys (ConfUtils.java:logGet(43)) - raft.server.sleep.deviation.threshold = 300 (default)
2019-09-19 08:58:59,130 [pool-168-thread-1] INFO  server.RaftServerConfigKeys (ConfUtils.java:logGet(43)) - raft.server.log.appender.install.snapshot.enabled = false (custom)
2019-09-19 08:58:59,130 [pool-168-thread-1] INFO  impl.RaftServerImpl (ServerState.java:<init>(105)) - d1f69eb4-ccd6-48e7-a921-1bf219b44eb4:group-101D4ECA9B3C ConfigurationManager, init=-1: [d1f69eb4-ccd6-48e7-a921-1bf219b44eb4:192.168.34.5:39023], old=null, confs=<EMPTY_MAP>
2019-09-19 08:58:59,130 [pool-168-thread-1] INFO  server.RaftServerConfigKeys (ConfUtils.java:logGet(43)) - raft.server.storage.dir = [/workdir/hadoop-ozone/integration-test/target/test-dir/MiniOzoneClusterImpl-66e2a49b-37e1-46c5-a16c-3b22c3c736b2/datanode-1/data/ratis] (custom)
2019-09-19 08:58:59,131 [pool-168-thread-1] INFO  storage.RaftStorageDirectory (RaftStorageDirectory.java:analyzeStorage(246)) - The storage directory /workdir/hadoop-ozone/integration-test/target/test-dir/MiniOzoneClusterImpl-66e2a49b-37e1-46c5-a16c-3b22c3c736b2/datanode-1/data/ratis/5ea1dc4d-76dd-4bab-840d-101d4eca9b3c does not exist. Creating ...
2019-09-19 08:58:59,143 [pool-168-thread-1] INFO  storage.RaftStorageDirectory (RaftStorageDirectory.java:tryLock(328)) - Lock on /workdir/hadoop-ozone/integration-test/target/test-dir/MiniOzoneClusterImpl-66e2a49b-37e1-46c5-a16c-3b22c3c736b2/datanode-1/data/ratis/5ea1dc4d-76dd-4bab-840d-101d4eca9b3c/in_use.lock acquired by nodename 8013@pr-hdds-1569-j4bt4-3030777008
2019-09-19 08:58:59,156 [pool-168-thread-1] INFO  storage.RaftStorage (RaftStorage.java:format(72)) - Storage directory /workdir/hadoop-ozone/integration-test/target/test-dir/MiniOzoneClusterImpl-66e2a49b-37e1-46c5-a16c-3b22c3c736b2/datanode-1/data/ratis/5ea1dc4d-76dd-4bab-840d-101d4eca9b3c has been successfully formatted.
2019-09-19 08:58:59,157 [pool-168-thread-1] INFO  ratis.ContainerStateMachine (ContainerStateMachine.java:loadSnapshot(226)) - group-101D4ECA9B3C: The snapshot info is null. Setting the last applied indexto:(t:0, i:~)
2019-09-19 08:58:59,157 [pool-168-thread-1] INFO  server.RaftServerConfigKeys (ConfUtils.java:logGet(43)) - raft.server.leader.election.timeout = 120s (custom)
2019-09-19 08:58:59,157 [pool-168-thread-1] INFO  server.RaftServerConfigKeys (ConfUtils.java:logGet(43)) - raft.server.log.use.memory = false (default)
2019-09-19 08:58:59,157 [pool-168-thread-1] INFO  server.RaftServerConfigKeys (ConfUtils.java:logGet(43)) - raft.server.log.purge.gap = 1000000 (custom)
2019-09-19 08:58:59,158 [pool-168-thread-1] INFO  server.RaftServerConfigKeys (ConfUtils.java:logGet(43)) - raft.server.log.appender.buffer.byte-limit = 33554432 (custom)
2019-09-19 08:58:59,158 [pool-168-thread-1] INFO  server.RaftServerConfigKeys (ConfUtils.java:logGet(43)) - raft.server.log.segment.size.max = 1048576 (custom)
2019-09-19 08:58:59,158 [pool-168-thread-1] INFO  server.RaftServerConfigKeys (ConfUtils.java:logGet(43)) - raft.server.log.segment.cache.num.max = 2 (custom)
2019-09-19 08:58:59,158 [pool-168-thread-1] INFO  segmented.SegmentedRaftLogWorker (SegmentedRaftLogWorker.java:<init>(172)) - new d1f69eb4-ccd6-48e7-a921-1bf219b44eb4-SegmentedRaftLogWorker:Storage Directory /workdir/hadoop-ozone/integration-test/target/test-dir/MiniOzoneClusterImpl-66e2a49b-37e1-46c5-a16c-3b22c3c736b2/datanode-1/data/ratis/5ea1dc4d-76dd-4bab-840d-101d4eca9b3c for RaftStorage:Storage Directory /workdir/hadoop-ozone/integration-test/target/test-dir/MiniOzoneClusterImpl-66e2a49b-37e1-46c5-a16c-3b22c3c736b2/datanode-1/data/ratis/5ea1dc4d-76dd-4bab-840d-101d4eca9b3c
2019-09-19 08:58:59,158 [pool-168-thread-1] INFO  server.RaftServerConfigKeys (ConfUtils.java:logGet(43)) - raft.server.log.queue.byte-limit = 2147483647 (custom)
2019-09-19 08:58:59,159 [pool-168-thread-1] INFO  server.RaftServerConfigKeys (ConfUtils.java:logGet(43)) - raft.server.log.queue.element-limit = 1024 (custom)
2019-09-19 08:58:59,159 [pool-168-thread-1] INFO  server.RaftServerConfigKeys (ConfUtils.java:logGet(43)) - raft.server.log.segment.size.max = 1048576 (custom)
2019-09-19 08:58:59,159 [pool-168-thread-1] INFO  server.RaftServerConfigKeys (ConfUtils.java:logGet(43)) - raft.server.log.preallocated.size = 16384 (custom)
2019-09-19 08:58:59,159 [pool-168-thread-1] INFO  server.RaftServerConfigKeys (ConfUtils.java:logGet(43)) - raft.server.log.write.buffer.size = 33554432 (custom)
2019-09-19 08:58:59,159 [pool-168-thread-1] INFO  server.RaftServerConfigKeys (ConfUtils.java:logGet(43)) - raft.server.log.force.sync.num = 128 (default)
2019-09-19 08:58:59,160 [pool-168-thread-1] INFO  server.RaftServerConfigKeys (ConfUtils.java:logGet(43)) - raft.server.log.statemachine.data.sync = true (default)
2019-09-19 08:58:59,160 [pool-168-thread-1] INFO  server.RaftServerConfigKeys (ConfUtils.java:logGet(43)) - raft.server.log.statemachine.data.sync.timeout = 10s (default)
2019-09-19 08:58:59,160 [pool-168-thread-1] INFO  server.RaftServerConfigKeys (ConfUtils.java:logGet(43)) - raft.server.log.statemachine.data.sync.timeout.retry = -1 (default)
2019-09-19 08:58:59,160 [pool-168-thread-1] INFO  server.RaftServerConfigKeys (ConfUtils.java:logGet(43)) - raft.server.log.statemachine.data.caching.enabled = true (custom)
2019-09-19 08:58:59,161 [pool-168-thread-1] INFO  segmented.SegmentedRaftLogWorker (SegmentedRaftLogWorker.java:lambda$new$0(132)) - d1f69eb4-ccd6-48e7-a921-1bf219b44eb4-SegmentedRaftLogWorker:Storage Directory /workdir/hadoop-ozone/integration-test/target/test-dir/MiniOzoneClusterImpl-66e2a49b-37e1-46c5-a16c-3b22c3c736b2/datanode-1/data/ratis/5ea1dc4d-76dd-4bab-840d-101d4eca9b3c: flushIndex: setUnconditionally 0 -> -1
2019-09-19 08:58:59,161 [pool-168-thread-1] INFO  server.RaftServerConfigKeys (ConfUtils.java:logGet(43)) - raft.server.snapshot.auto.trigger.enabled = true (custom)
2019-09-19 08:58:59,161 [pool-168-thread-1] INFO  server.RaftServerConfigKeys (ConfUtils.java:logGet(43)) - raft.server.snapshot.auto.trigger.threshold = 10000 (custom)
2019-09-19 08:58:59,161 [pool-168-thread-1] INFO  server.RaftServerConfigKeys (ConfUtils.java:logGet(43)) - raft.server.retrycache.expirytime = 600000ms (custom)
2019-09-19 08:58:59,161 [pool-168-thread-1] INFO  impl.RaftServerImpl (RaftServerImpl.java:start(180)) - d1f69eb4-ccd6-48e7-a921-1bf219b44eb4: start group-101D4ECA9B3C
2019-09-19 08:58:59,161 [pool-168-thread-1] INFO  impl.RaftServerImpl (RaftServerImpl.java:setRole(171)) - d1f69eb4-ccd6-48e7-a921-1bf219b44eb4:group-101D4ECA9B3C changes role from null to FOLLOWER at term 0 for startAsFollower
2019-09-19 08:58:59,162 [pool-168-thread-1] INFO  impl.RoleInfo (RoleInfo.java:updateAndGet(143)) - d1f69eb4-ccd6-48e7-a921-1bf219b44eb4: start FollowerState
2019-09-19 08:58:59,162 [pool-168-thread-1] INFO  util.JmxRegister (JmxRegister.java:tryRegister(44)) - Successfully registered JMX Bean with object name Ratis:service=RaftServer,group=group-101D4ECA9B3C,id=d1f69eb4-ccd6-48e7-a921-1bf219b44eb4
2019-09-19 08:58:59,165 [RatisPipelineUtilsThread] INFO  pipeline.PipelineStateManager (PipelineStateManager.java:addPipeline(56)) - Created pipeline Pipeline[ Id: 5ea1dc4d-76dd-4bab-840d-101d4eca9b3c, Nodes: d1f69eb4-ccd6-48e7-a921-1bf219b44eb4{ip: 192.168.34.5, host: pr-hdds-1569-j4bt4-3030777008, networkLocation: /default-rack, certSerialId: null}, Type:RATIS, Factor:ONE, State:OPEN]
2019-09-19 08:58:59,165 [RatisPipelineUtilsThread] ERROR pipeline.PipelinePlacementPolicy (PipelinePlacementPolicy.java:meetCriteria(91)) - Pipeline Placement: Doesn't meet the criteria to be viable node. Heaviness: 6
2019-09-19 08:58:59,170 [grpc-default-executor-0] INFO  impl.RaftServerProxy (RaftServerProxy.java:addNew(89)) - d1f69eb4-ccd6-48e7-a921-1bf219b44eb4: addNew group-4E11F33A9D1C:[d1f69eb4-ccd6-48e7-a921-1bf219b44eb4:192.168.34.5:39023] returns group-4E11F33A9D1C:java.util.concurrent.CompletableFuture@32b44e74[Not completed]
2019-09-19 08:58:59,171 [pool-168-thread-1] INFO  impl.RaftServerImpl (RaftServerImpl.java:<init>(93)) - d1f69eb4-ccd6-48e7-a921-1bf219b44eb4: new RaftServerImpl for group-4E11F33A9D1C:[d1f69eb4-ccd6-48e7-a921-1bf219b44eb4:192.168.34.5:39023] with ContainerStateMachine:uninitialized
2019-09-19 08:58:59,171 [pool-168-thread-1] INFO  server.RaftServerConfigKeys (ConfUtils.java:logGet(43)) - raft.server.rpc.timeout.min = 1s (custom)
2019-09-19 08:58:59,171 [pool-168-thread-1] INFO  server.RaftServerConfigKeys (ConfUtils.java:logGet(43)) - raft.server.rpc.timeout.max = 1200ms (custom)
2019-09-19 08:58:59,171 [pool-168-thread-1] INFO  server.RaftServerConfigKeys (ConfUtils.java:logGet(43)) - raft.server.rpcslowness.timeout = 120s (custom)
2019-09-19 08:58:59,171 [pool-168-thread-1] INFO  server.RaftServerConfigKeys (ConfUtils.java:logGet(43)) - raft.server.sleep.deviation.threshold = 300 (default)
2019-09-19 08:58:59,171 [pool-168-thread-1] INFO  server.RaftServerConfigKeys (ConfUtils.java:logGet(43)) - raft.server.log.appender.install.snapshot.enabled = false (custom)
2019-09-19 08:58:59,171 [pool-168-thread-1] INFO  impl.RaftServerImpl (ServerState.java:<init>(105)) - d1f69eb4-ccd6-48e7-a921-1bf219b44eb4:group-4E11F33A9D1C ConfigurationManager, init=-1: [d1f69eb4-ccd6-48e7-a921-1bf219b44eb4:192.168.34.5:39023], old=null, confs=<EMPTY_MAP>
2019-09-19 08:58:59,171 [pool-168-thread-1] INFO  server.RaftServerConfigKeys (ConfUtils.java:logGet(43)) - raft.server.storage.dir = [/workdir/hadoop-ozone/integration-test/target/test-dir/MiniOzoneClusterImpl-66e2a49b-37e1-46c5-a16c-3b22c3c736b2/datanode-1/data/ratis] (custom)
2019-09-19 08:58:59,172 [pool-168-thread-1] INFO  storage.RaftStorageDirectory (RaftStorageDirectory.java:analyzeStorage(246)) - The storage directory /workdir/hadoop-ozone/integration-test/target/test-dir/MiniOzoneClusterImpl-66e2a49b-37e1-46c5-a16c-3b22c3c736b2/datanode-1/data/ratis/6ea773ed-144b-4f71-8403-4e11f33a9d1c does not exist. Creating ...
2019-09-19 08:58:59,184 [pool-168-thread-1] INFO  storage.RaftStorageDirectory (RaftStorageDirectory.java:tryLock(328)) - Lock on /workdir/hadoop-ozone/integration-test/target/test-dir/MiniOzoneClusterImpl-66e2a49b-37e1-46c5-a16c-3b22c3c736b2/datanode-1/data/ratis/6ea773ed-144b-4f71-8403-4e11f33a9d1c/in_use.lock acquired by nodename 8013@pr-hdds-1569-j4bt4-3030777008
2019-09-19 08:58:59,197 [pool-168-thread-1] INFO  storage.RaftStorage (RaftStorage.java:format(72)) - Storage directory /workdir/hadoop-ozone/integration-test/target/test-dir/MiniOzoneClusterImpl-66e2a49b-37e1-46c5-a16c-3b22c3c736b2/datanode-1/data/ratis/6ea773ed-144b-4f71-8403-4e11f33a9d1c has been successfully formatted.
2019-09-19 08:58:59,197 [pool-168-thread-1] INFO  ratis.ContainerStateMachine (ContainerStateMachine.java:loadSnapshot(226)) - group-4E11F33A9D1C: The snapshot info is null. Setting the last applied indexto:(t:0, i:~)
2019-09-19 08:58:59,197 [pool-168-thread-1] INFO  server.RaftServerConfigKeys (ConfUtils.java:logGet(43)) - raft.server.leader.election.timeout = 120s (custom)
2019-09-19 08:58:59,197 [pool-168-thread-1] INFO  server.RaftServerConfigKeys (ConfUtils.java:logGet(43)) - raft.server.log.use.memory = false (default)
2019-09-19 08:58:59,197 [pool-168-thread-1] INFO  server.RaftServerConfigKeys (ConfUtils.java:logGet(43)) - raft.server.log.purge.gap = 1000000 (custom)
2019-09-19 08:58:59,197 [pool-168-thread-1] INFO  server.RaftServerConfigKeys (ConfUtils.java:logGet(43)) - raft.server.log.appender.buffer.byte-limit = 33554432 (custom)
2019-09-19 08:58:59,198 [pool-168-thread-1] INFO  server.RaftServerConfigKeys (ConfUtils.java:logGet(43)) - raft.server.log.segment.size.max = 1048576 (custom)
2019-09-19 08:58:59,198 [pool-168-thread-1] INFO  server.RaftServerConfigKeys (ConfUtils.java:logGet(43)) - raft.server.log.segment.cache.num.max = 2 (custom)
2019-09-19 08:58:59,198 [pool-168-thread-1] INFO  segmented.SegmentedRaftLogWorker (SegmentedRaftLogWorker.java:<init>(172)) - new d1f69eb4-ccd6-48e7-a921-1bf219b44eb4-SegmentedRaftLogWorker:Storage Directory /workdir/hadoop-ozone/integration-test/target/test-dir/MiniOzoneClusterImpl-66e2a49b-37e1-46c5-a16c-3b22c3c736b2/datanode-1/data/ratis/6ea773ed-144b-4f71-8403-4e11f33a9d1c for RaftStorage:Storage Directory /workdir/hadoop-ozone/integration-test/target/test-dir/MiniOzoneClusterImpl-66e2a49b-37e1-46c5-a16c-3b22c3c736b2/datanode-1/data/ratis/6ea773ed-144b-4f71-8403-4e11f33a9d1c
2019-09-19 08:58:59,198 [pool-168-thread-1] INFO  server.RaftServerConfigKeys (ConfUtils.java:logGet(43)) - raft.server.log.queue.byte-limit = 2147483647 (custom)
2019-09-19 08:58:59,198 [pool-168-thread-1] INFO  server.RaftServerConfigKeys (ConfUtils.java:logGet(43)) - raft.server.log.queue.element-limit = 1024 (custom)
2019-09-19 08:58:59,198 [pool-168-thread-1] INFO  server.RaftServerConfigKeys (ConfUtils.java:logGet(43)) - raft.server.log.segment.size.max = 1048576 (custom)
2019-09-19 08:58:59,198 [pool-168-thread-1] INFO  server.RaftServerConfigKeys (ConfUtils.java:logGet(43)) - raft.server.log.preallocated.size = 16384 (custom)
2019-09-19 08:58:59,198 [pool-168-thread-1] INFO  server.RaftServerConfigKeys (ConfUtils.java:logGet(43)) - raft.server.log.write.buffer.size = 33554432 (custom)
2019-09-19 08:58:59,198 [pool-168-thread-1] INFO  server.RaftServerConfigKeys (ConfUtils.java:logGet(43)) - raft.server.log.force.sync.num = 128 (default)
2019-09-19 08:58:59,199 [pool-168-thread-1] INFO  server.RaftServerConfigKeys (ConfUtils.java:logGet(43)) - raft.server.log.statemachine.data.sync = true (default)
2019-09-19 08:58:59,199 [pool-168-thread-1] INFO  server.RaftServerConfigKeys (ConfUtils.java:logGet(43)) - raft.server.log.statemachine.data.sync.timeout = 10s (default)
2019-09-19 08:58:59,199 [pool-168-thread-1] INFO  server.RaftServerConfigKeys (ConfUtils.java:logGet(43)) - raft.server.log.statemachine.data.sync.timeout.retry = -1 (default)
2019-09-19 08:58:59,199 [pool-168-thread-1] INFO  server.RaftServerConfigKeys (ConfUtils.java:logGet(43)) - raft.server.log.statemachine.data.caching.enabled = true (custom)
2019-09-19 08:58:59,199 [pool-168-thread-1] INFO  segmented.SegmentedRaftLogWorker (SegmentedRaftLogWorker.java:lambda$new$0(132)) - d1f69eb4-ccd6-48e7-a921-1bf219b44eb4-SegmentedRaftLogWorker:Storage Directory /workdir/hadoop-ozone/integration-test/target/test-dir/MiniOzoneClusterImpl-66e2a49b-37e1-46c5-a16c-3b22c3c736b2/datanode-1/data/ratis/6ea773ed-144b-4f71-8403-4e11f33a9d1c: flushIndex: setUnconditionally 0 -> -1
2019-09-19 08:58:59,199 [pool-168-thread-1] INFO  server.RaftServerConfigKeys (ConfUtils.java:logGet(43)) - raft.server.snapshot.auto.trigger.enabled = true (custom)
2019-09-19 08:58:59,199 [pool-168-thread-1] INFO  server.RaftServerConfigKeys (ConfUtils.java:logGet(43)) - raft.server.snapshot.auto.trigger.threshold = 10000 (custom)
2019-09-19 08:58:59,200 [pool-168-thread-1] INFO  server.RaftServerConfigKeys (ConfUtils.java:logGet(43)) - raft.server.retrycache.expirytime = 600000ms (custom)
2019-09-19 08:58:59,200 [pool-168-thread-1] INFO  impl.RaftServerImpl (RaftServerImpl.java:start(180)) - d1f69eb4-ccd6-48e7-a921-1bf219b44eb4: start group-4E11F33A9D1C
2019-09-19 08:58:59,200 [pool-168-thread-1] INFO  impl.RaftServerImpl (RaftServerImpl.java:setRole(171)) - d1f69eb4-ccd6-48e7-a921-1bf219b44eb4:group-4E11F33A9D1C changes role from null to FOLLOWER at term 0 for startAsFollower
2019-09-19 08:58:59,200 [pool-168-thread-1] INFO  impl.RoleInfo (RoleInfo.java:updateAndGet(143)) - d1f69eb4-ccd6-48e7-a921-1bf219b44eb4: start FollowerState
2019-09-19 08:58:59,200 [pool-168-thread-1] INFO  util.JmxRegister (JmxRegister.java:tryRegister(44)) - Successfully registered JMX Bean with object name Ratis:service=RaftServer,group=group-4E11F33A9D1C,id=d1f69eb4-ccd6-48e7-a921-1bf219b44eb4
2019-09-19 08:58:59,203 [RatisPipelineUtilsThread] INFO  pipeline.PipelineStateManager (PipelineStateManager.java:addPipeline(56)) - Created pipeline Pipeline[ Id: 6ea773ed-144b-4f71-8403-4e11f33a9d1c, Nodes: d1f69eb4-ccd6-48e7-a921-1bf219b44eb4{ip: 192.168.34.5, host: pr-hdds-1569-j4bt4-3030777008, networkLocation: /default-rack, certSerialId: null}, Type:RATIS, Factor:ONE, State:OPEN]
2019-09-19 08:58:59,203 [RatisPipelineUtilsThread] ERROR pipeline.PipelinePlacementPolicy (PipelinePlacementPolicy.java:meetCriteria(91)) - Pipeline Placement: Doesn't meet the criteria to be viable node. Heaviness: 6
2019-09-19 08:58:59,208 [grpc-default-executor-0] INFO  impl.RaftServerProxy (RaftServerProxy.java:addNew(89)) - d1f69eb4-ccd6-48e7-a921-1bf219b44eb4: addNew group-1404994E5562:[d1f69eb4-ccd6-48e7-a921-1bf219b44eb4:192.168.34.5:39023] returns group-1404994E5562:java.util.concurrent.CompletableFuture@33cb2b3[Not completed]
2019-09-19 08:58:59,209 [pool-168-thread-1] INFO  impl.RaftServerImpl (RaftServerImpl.java:<init>(93)) - d1f69eb4-ccd6-48e7-a921-1bf219b44eb4: new RaftServerImpl for group-1404994E5562:[d1f69eb4-ccd6-48e7-a921-1bf219b44eb4:192.168.34.5:39023] with ContainerStateMachine:uninitialized
2019-09-19 08:58:59,209 [pool-168-thread-1] INFO  server.RaftServerConfigKeys (ConfUtils.java:logGet(43)) - raft.server.rpc.timeout.min = 1s (custom)
2019-09-19 08:58:59,209 [pool-168-thread-1] INFO  server.RaftServerConfigKeys (ConfUtils.java:logGet(43)) - raft.server.rpc.timeout.max = 1200ms (custom)
2019-09-19 08:58:59,209 [pool-168-thread-1] INFO  server.RaftServerConfigKeys (ConfUtils.java:logGet(43)) - raft.server.rpcslowness.timeout = 120s (custom)
2019-09-19 08:58:59,209 [pool-168-thread-1] INFO  server.RaftServerConfigKeys (ConfUtils.java:logGet(43)) - raft.server.sleep.deviation.threshold = 300 (default)
2019-09-19 08:58:59,209 [pool-168-thread-1] INFO  server.RaftServerConfigKeys (ConfUtils.java:logGet(43)) - raft.server.log.appender.install.snapshot.enabled = false (custom)
2019-09-19 08:58:59,210 [pool-168-thread-1] INFO  impl.RaftServerImpl (ServerState.java:<init>(105)) - d1f69eb4-ccd6-48e7-a921-1bf219b44eb4:group-1404994E5562 ConfigurationManager, init=-1: [d1f69eb4-ccd6-48e7-a921-1bf219b44eb4:192.168.34.5:39023], old=null, confs=<EMPTY_MAP>
2019-09-19 08:58:59,210 [pool-168-thread-1] INFO  server.RaftServerConfigKeys (ConfUtils.java:logGet(43)) - raft.server.storage.dir = [/workdir/hadoop-ozone/integration-test/target/test-dir/MiniOzoneClusterImpl-66e2a49b-37e1-46c5-a16c-3b22c3c736b2/datanode-1/data/ratis] (custom)
2019-09-19 08:58:59,210 [pool-168-thread-1] INFO  storage.RaftStorageDirectory (RaftStorageDirectory.java:analyzeStorage(246)) - The storage directory /workdir/hadoop-ozone/integration-test/target/test-dir/MiniOzoneClusterImpl-66e2a49b-37e1-46c5-a16c-3b22c3c736b2/datanode-1/data/ratis/e36ea92e-387e-4744-a282-1404994e5562 does not exist. Creating ...
2019-09-19 08:58:59,222 [pool-168-thread-1] INFO  storage.RaftStorageDirectory (RaftStorageDirectory.java:tryLock(328)) - Lock on /workdir/hadoop-ozone/integration-test/target/test-dir/MiniOzoneClusterImpl-66e2a49b-37e1-46c5-a16c-3b22c3c736b2/datanode-1/data/ratis/e36ea92e-387e-4744-a282-1404994e5562/in_use.lock acquired by nodename 8013@pr-hdds-1569-j4bt4-3030777008
2019-09-19 08:58:59,235 [pool-168-thread-1] INFO  storage.RaftStorage (RaftStorage.java:format(72)) - Storage directory /workdir/hadoop-ozone/integration-test/target/test-dir/MiniOzoneClusterImpl-66e2a49b-37e1-46c5-a16c-3b22c3c736b2/datanode-1/data/ratis/e36ea92e-387e-4744-a282-1404994e5562 has been successfully formatted.
2019-09-19 08:58:59,235 [pool-168-thread-1] INFO  ratis.ContainerStateMachine (ContainerStateMachine.java:loadSnapshot(226)) - group-1404994E5562: The snapshot info is null. Setting the last applied indexto:(t:0, i:~)
2019-09-19 08:58:59,235 [pool-168-thread-1] INFO  server.RaftServerConfigKeys (ConfUtils.java:logGet(43)) - raft.server.leader.election.timeout = 120s (custom)
2019-09-19 08:58:59,235 [pool-168-thread-1] INFO  server.RaftServerConfigKeys (ConfUtils.java:logGet(43)) - raft.server.log.use.memory = false (default)
2019-09-19 08:58:59,235 [pool-168-thread-1] INFO  server.RaftServerConfigKeys (ConfUtils.java:logGet(43)) - raft.server.log.purge.gap = 1000000 (custom)
2019-09-19 08:58:59,236 [pool-168-thread-1] INFO  server.RaftServerConfigKeys (ConfUtils.java:logGet(43)) - raft.server.log.appender.buffer.byte-limit = 33554432 (custom)
2019-09-19 08:58:59,236 [pool-168-thread-1] INFO  server.RaftServerConfigKeys (ConfUtils.java:logGet(43)) - raft.server.log.segment.size.max = 1048576 (custom)
2019-09-19 08:58:59,236 [pool-168-thread-1] INFO  server.RaftServerConfigKeys (ConfUtils.java:logGet(43)) - raft.server.log.segment.cache.num.max = 2 (custom)
2019-09-19 08:58:59,236 [pool-168-thread-1] INFO  segmented.SegmentedRaftLogWorker (SegmentedRaftLogWorker.java:<init>(172)) - new d1f69eb4-ccd6-48e7-a921-1bf219b44eb4-SegmentedRaftLogWorker:Storage Directory /workdir/hadoop-ozone/integration-test/target/test-dir/MiniOzoneClusterImpl-66e2a49b-37e1-46c5-a16c-3b22c3c736b2/datanode-1/data/ratis/e36ea92e-387e-4744-a282-1404994e5562 for RaftStorage:Storage Directory /workdir/hadoop-ozone/integration-test/target/test-dir/MiniOzoneClusterImpl-66e2a49b-37e1-46c5-a16c-3b22c3c736b2/datanode-1/data/ratis/e36ea92e-387e-4744-a282-1404994e5562
2019-09-19 08:58:59,236 [pool-168-thread-1] INFO  server.RaftServerConfigKeys (ConfUtils.java:logGet(43)) - raft.server.log.queue.byte-limit = 2147483647 (custom)
2019-09-19 08:58:59,236 [pool-168-thread-1] INFO  server.RaftServerConfigKeys (ConfUtils.java:logGet(43)) - raft.server.log.queue.element-limit = 1024 (custom)
2019-09-19 08:58:59,236 [pool-168-thread-1] INFO  server.RaftServerConfigKeys (ConfUtils.java:logGet(43)) - raft.server.log.segment.size.max = 1048576 (custom)
2019-09-19 08:58:59,236 [pool-168-thread-1] INFO  server.RaftServerConfigKeys (ConfUtils.java:logGet(43)) - raft.server.log.preallocated.size = 16384 (custom)
2019-09-19 08:58:59,236 [pool-168-thread-1] INFO  server.RaftServerConfigKeys (ConfUtils.java:logGet(43)) - raft.server.log.write.buffer.size = 33554432 (custom)
2019-09-19 08:58:59,237 [pool-168-thread-1] INFO  server.RaftServerConfigKeys (ConfUtils.java:logGet(43)) - raft.server.log.force.sync.num = 128 (default)
2019-09-19 08:58:59,237 [main] INFO  ozone.MiniOzoneClusterImpl (MiniOzoneClusterImpl.java:lambda$waitForClusterToBeReady$0(142)) - Waiting for cluster to be ready. Got 2 of 6 DN Heartbeats.
2019-09-19 08:58:59,237 [pool-168-thread-1] INFO  server.RaftServerConfigKeys (ConfUtils.java:logGet(43)) - raft.server.log.statemachine.data.sync = true (default)
2019-09-19 08:58:59,237 [pool-168-thread-1] INFO  server.RaftServerConfigKeys (ConfUtils.java:logGet(43)) - raft.server.log.statemachine.data.sync.timeout = 10s (default)
2019-09-19 08:58:59,237 [pool-168-thread-1] INFO  server.RaftServerConfigKeys (ConfUtils.java:logGet(43)) - raft.server.log.statemachine.data.sync.timeout.retry = -1 (default)
2019-09-19 08:58:59,237 [pool-168-thread-1] INFO  server.RaftServerConfigKeys (ConfUtils.java:logGet(43)) - raft.server.log.statemachine.data.caching.enabled = true (custom)
2019-09-19 08:58:59,238 [pool-168-thread-1] INFO  segmented.SegmentedRaftLogWorker (SegmentedRaftLogWorker.java:lambda$new$0(132)) - d1f69eb4-ccd6-48e7-a921-1bf219b44eb4-SegmentedRaftLogWorker:Storage Directory /workdir/hadoop-ozone/integration-test/target/test-dir/MiniOzoneClusterImpl-66e2a49b-37e1-46c5-a16c-3b22c3c736b2/datanode-1/data/ratis/e36ea92e-387e-4744-a282-1404994e5562: flushIndex: setUnconditionally 0 -> -1
2019-09-19 08:58:59,238 [pool-168-thread-1] INFO  server.RaftServerConfigKeys (ConfUtils.java:logGet(43)) - raft.server.snapshot.auto.trigger.enabled = true (custom)
2019-09-19 08:58:59,238 [pool-168-thread-1] INFO  server.RaftServerConfigKeys (ConfUtils.java:logGet(43)) - raft.server.snapshot.auto.trigger.threshold = 10000 (custom)
2019-09-19 08:58:59,238 [pool-168-thread-1] INFO  server.RaftServerConfigKeys (ConfUtils.java:logGet(43)) - raft.server.retrycache.expirytime = 600000ms (custom)
2019-09-19 08:58:59,238 [pool-168-thread-1] INFO  impl.RaftServerImpl (RaftServerImpl.java:start(180)) - d1f69eb4-ccd6-48e7-a921-1bf219b44eb4: start group-1404994E5562
2019-09-19 08:58:59,238 [pool-168-thread-1] INFO  impl.RaftServerImpl (RaftServerImpl.java:setRole(171)) - d1f69eb4-ccd6-48e7-a921-1bf219b44eb4:group-1404994E5562 changes role from null to FOLLOWER at term 0 for startAsFollower
2019-09-19 08:58:59,239 [pool-168-thread-1] INFO  impl.RoleInfo (RoleInfo.java:updateAndGet(143)) - d1f69eb4-ccd6-48e7-a921-1bf219b44eb4: start FollowerState
2019-09-19 08:58:59,239 [pool-168-thread-1] INFO  util.JmxRegister (JmxRegister.java:tryRegister(44)) - Successfully registered JMX Bean with object name Ratis:service=RaftServer,group=group-1404994E5562,id=d1f69eb4-ccd6-48e7-a921-1bf219b44eb4
2019-09-19 08:58:59,242 [RatisPipelineUtilsThread] INFO  pipeline.PipelineStateManager (PipelineStateManager.java:addPipeline(56)) - Created pipeline Pipeline[ Id: e36ea92e-387e-4744-a282-1404994e5562, Nodes: d1f69eb4-ccd6-48e7-a921-1bf219b44eb4{ip: 192.168.34.5, host: pr-hdds-1569-j4bt4-3030777008, networkLocation: /default-rack, certSerialId: null}, Type:RATIS, Factor:ONE, State:OPEN]
2019-09-19 08:58:59,242 [RatisPipelineUtilsThread] ERROR pipeline.PipelinePlacementPolicy (PipelinePlacementPolicy.java:meetCriteria(91)) - Pipeline Placement: Doesn't meet the criteria to be viable node. Heaviness: 6
2019-09-19 08:58:59,247 [grpc-default-executor-0] INFO  impl.RaftServerProxy (RaftServerProxy.java:addNew(89)) - d1f69eb4-ccd6-48e7-a921-1bf219b44eb4: addNew group-2086425C724E:[d1f69eb4-ccd6-48e7-a921-1bf219b44eb4:192.168.34.5:39023] returns group-2086425C724E:java.util.concurrent.CompletableFuture@9e65ecd[Not completed]
2019-09-19 08:58:59,248 [pool-168-thread-1] INFO  impl.RaftServerImpl (RaftServerImpl.java:<init>(93)) - d1f69eb4-ccd6-48e7-a921-1bf219b44eb4: new RaftServerImpl for group-2086425C724E:[d1f69eb4-ccd6-48e7-a921-1bf219b44eb4:192.168.34.5:39023] with ContainerStateMachine:uninitialized
2019-09-19 08:58:59,248 [pool-168-thread-1] INFO  server.RaftServerConfigKeys (ConfUtils.java:logGet(43)) - raft.server.rpc.timeout.min = 1s (custom)
2019-09-19 08:58:59,248 [pool-168-thread-1] INFO  server.RaftServerConfigKeys (ConfUtils.java:logGet(43)) - raft.server.rpc.timeout.max = 1200ms (custom)
2019-09-19 08:58:59,248 [pool-168-thread-1] INFO  server.RaftServerConfigKeys (ConfUtils.java:logGet(43)) - raft.server.rpcslowness.timeout = 120s (custom)
2019-09-19 08:58:59,248 [pool-168-thread-1] INFO  server.RaftServerConfigKeys (ConfUtils.java:logGet(43)) - raft.server.sleep.deviation.threshold = 300 (default)
2019-09-19 08:58:59,248 [pool-168-thread-1] INFO  server.RaftServerConfigKeys (ConfUtils.java:logGet(43)) - raft.server.log.appender.install.snapshot.enabled = false (custom)
2019-09-19 08:58:59,249 [pool-168-thread-1] INFO  impl.RaftServerImpl (ServerState.java:<init>(105)) - d1f69eb4-ccd6-48e7-a921-1bf219b44eb4:group-2086425C724E ConfigurationManager, init=-1: [d1f69eb4-ccd6-48e7-a921-1bf219b44eb4:192.168.34.5:39023], old=null, confs=<EMPTY_MAP>
2019-09-19 08:58:59,249 [pool-168-thread-1] INFO  server.RaftServerConfigKeys (ConfUtils.java:logGet(43)) - raft.server.storage.dir = [/workdir/hadoop-ozone/integration-test/target/test-dir/MiniOzoneClusterImpl-66e2a49b-37e1-46c5-a16c-3b22c3c736b2/datanode-1/data/ratis] (custom)
2019-09-19 08:58:59,249 [pool-168-thread-1] INFO  storage.RaftStorageDirectory (RaftStorageDirectory.java:analyzeStorage(246)) - The storage directory /workdir/hadoop-ozone/integration-test/target/test-dir/MiniOzoneClusterImpl-66e2a49b-37e1-46c5-a16c-3b22c3c736b2/datanode-1/data/ratis/a68fc7b0-7cdd-4f1e-89b8-2086425c724e does not exist. Creating ...
2019-09-19 08:58:59,261 [pool-168-thread-1] INFO  storage.RaftStorageDirectory (RaftStorageDirectory.java:tryLock(328)) - Lock on /workdir/hadoop-ozone/integration-test/target/test-dir/MiniOzoneClusterImpl-66e2a49b-37e1-46c5-a16c-3b22c3c736b2/datanode-1/data/ratis/a68fc7b0-7cdd-4f1e-89b8-2086425c724e/in_use.lock acquired by nodename 8013@pr-hdds-1569-j4bt4-3030777008
2019-09-19 08:58:59,264 [pool-168-thread-1] INFO  storage.RaftStorage (RaftStorage.java:format(72)) - Storage directory /workdir/hadoop-ozone/integration-test/target/test-dir/MiniOzoneClusterImpl-66e2a49b-37e1-46c5-a16c-3b22c3c736b2/datanode-1/data/ratis/a68fc7b0-7cdd-4f1e-89b8-2086425c724e has been successfully formatted.
2019-09-19 08:58:59,264 [pool-168-thread-1] INFO  ratis.ContainerStateMachine (ContainerStateMachine.java:loadSnapshot(226)) - group-2086425C724E: The snapshot info is null. Setting the last applied indexto:(t:0, i:~)
2019-09-19 08:58:59,264 [pool-168-thread-1] INFO  server.RaftServerConfigKeys (ConfUtils.java:logGet(43)) - raft.server.leader.election.timeout = 120s (custom)
2019-09-19 08:58:59,264 [pool-168-thread-1] INFO  server.RaftServerConfigKeys (ConfUtils.java:logGet(43)) - raft.server.log.use.memory = false (default)
2019-09-19 08:58:59,265 [pool-168-thread-1] INFO  server.RaftServerConfigKeys (ConfUtils.java:logGet(43)) - raft.server.log.purge.gap = 1000000 (custom)
2019-09-19 08:58:59,265 [pool-168-thread-1] INFO  server.RaftServerConfigKeys (ConfUtils.java:logGet(43)) - raft.server.log.appender.buffer.byte-limit = 33554432 (custom)
2019-09-19 08:58:59,265 [pool-168-thread-1] INFO  server.RaftServerConfigKeys (ConfUtils.java:logGet(43)) - raft.server.log.segment.size.max = 1048576 (custom)
2019-09-19 08:58:59,265 [pool-168-thread-1] INFO  server.RaftServerConfigKeys (ConfUtils.java:logGet(43)) - raft.server.log.segment.cache.num.max = 2 (custom)
2019-09-19 08:58:59,265 [pool-168-thread-1] INFO  segmented.SegmentedRaftLogWorker (SegmentedRaftLogWorker.java:<init>(172)) - new d1f69eb4-ccd6-48e7-a921-1bf219b44eb4-SegmentedRaftLogWorker:Storage Directory /workdir/hadoop-ozone/integration-test/target/test-dir/MiniOzoneClusterImpl-66e2a49b-37e1-46c5-a16c-3b22c3c736b2/datanode-1/data/ratis/a68fc7b0-7cdd-4f1e-89b8-2086425c724e for RaftStorage:Storage Directory /workdir/hadoop-ozone/integration-test/target/test-dir/MiniOzoneClusterImpl-66e2a49b-37e1-46c5-a16c-3b22c3c736b2/datanode-1/data/ratis/a68fc7b0-7cdd-4f1e-89b8-2086425c724e
2019-09-19 08:58:59,265 [pool-168-thread-1] INFO  server.RaftServerConfigKeys (ConfUtils.java:logGet(43)) - raft.server.log.queue.byte-limit = 2147483647 (custom)
2019-09-19 08:58:59,265 [pool-168-thread-1] INFO  server.RaftServerConfigKeys (ConfUtils.java:logGet(43)) - raft.server.log.queue.element-limit = 1024 (custom)
2019-09-19 08:58:59,265 [pool-168-thread-1] INFO  server.RaftServerConfigKeys (ConfUtils.java:logGet(43)) - raft.server.log.segment.size.max = 1048576 (custom)
2019-09-19 08:58:59,265 [pool-168-thread-1] INFO  server.RaftServerConfigKeys (ConfUtils.java:logGet(43)) - raft.server.log.preallocated.size = 16384 (custom)
2019-09-19 08:58:59,265 [pool-168-thread-1] INFO  server.RaftServerConfigKeys (ConfUtils.java:logGet(43)) - raft.server.log.write.buffer.size = 33554432 (custom)
2019-09-19 08:58:59,265 [pool-168-thread-1] INFO  server.RaftServerConfigKeys (ConfUtils.java:logGet(43)) - raft.server.log.force.sync.num = 128 (default)
2019-09-19 08:58:59,266 [pool-168-thread-1] INFO  server.RaftServerConfigKeys (ConfUtils.java:logGet(43)) - raft.server.log.statemachine.data.sync = true (default)
2019-09-19 08:58:59,266 [pool-168-thread-1] INFO  server.RaftServerConfigKeys (ConfUtils.java:logGet(43)) - raft.server.log.statemachine.data.sync.timeout = 10s (default)
2019-09-19 08:58:59,266 [pool-168-thread-1] INFO  server.RaftServerConfigKeys (ConfUtils.java:logGet(43)) - raft.server.log.statemachine.data.sync.timeout.retry = -1 (default)
2019-09-19 08:58:59,266 [pool-168-thread-1] INFO  server.RaftServerConfigKeys (ConfUtils.java:logGet(43)) - raft.server.log.statemachine.data.caching.enabled = true (custom)
2019-09-19 08:58:59,266 [pool-168-thread-1] INFO  segmented.SegmentedRaftLogWorker (SegmentedRaftLogWorker.java:lambda$new$0(132)) - d1f69eb4-ccd6-48e7-a921-1bf219b44eb4-SegmentedRaftLogWorker:Storage Directory /workdir/hadoop-ozone/integration-test/target/test-dir/MiniOzoneClusterImpl-66e2a49b-37e1-46c5-a16c-3b22c3c736b2/datanode-1/data/ratis/a68fc7b0-7cdd-4f1e-89b8-2086425c724e: flushIndex: setUnconditionally 0 -> -1
2019-09-19 08:58:59,266 [pool-168-thread-1] INFO  server.RaftServerConfigKeys (ConfUtils.java:logGet(43)) - raft.server.snapshot.auto.trigger.enabled = true (custom)
2019-09-19 08:58:59,267 [pool-168-thread-1] INFO  server.RaftServerConfigKeys (ConfUtils.java:logGet(43)) - raft.server.snapshot.auto.trigger.threshold = 10000 (custom)
2019-09-19 08:58:59,267 [pool-168-thread-1] INFO  server.RaftServerConfigKeys (ConfUtils.java:logGet(43)) - raft.server.retrycache.expirytime = 600000ms (custom)
2019-09-19 08:58:59,267 [pool-168-thread-1] INFO  impl.RaftServerImpl (RaftServerImpl.java:start(180)) - d1f69eb4-ccd6-48e7-a921-1bf219b44eb4: start group-2086425C724E
2019-09-19 08:58:59,267 [pool-168-thread-1] INFO  impl.RaftServerImpl (RaftServerImpl.java:setRole(171)) - d1f69eb4-ccd6-48e7-a921-1bf219b44eb4:group-2086425C724E changes role from null to FOLLOWER at term 0 for startAsFollower
2019-09-19 08:58:59,267 [pool-168-thread-1] INFO  impl.RoleInfo (RoleInfo.java:updateAndGet(143)) - d1f69eb4-ccd6-48e7-a921-1bf219b44eb4: start FollowerState
2019-09-19 08:58:59,267 [pool-168-thread-1] INFO  util.JmxRegister (JmxRegister.java:tryRegister(44)) - Successfully registered JMX Bean with object name Ratis:service=RaftServer,group=group-2086425C724E,id=d1f69eb4-ccd6-48e7-a921-1bf219b44eb4
2019-09-19 08:58:59,270 [RatisPipelineUtilsThread] INFO  pipeline.PipelineStateManager (PipelineStateManager.java:addPipeline(56)) - Created pipeline Pipeline[ Id: a68fc7b0-7cdd-4f1e-89b8-2086425c724e, Nodes: d1f69eb4-ccd6-48e7-a921-1bf219b44eb4{ip: 192.168.34.5, host: pr-hdds-1569-j4bt4-3030777008, networkLocation: /default-rack, certSerialId: null}, Type:RATIS, Factor:ONE, State:OPEN]
2019-09-19 08:58:59,270 [RatisPipelineUtilsThread] ERROR pipeline.PipelinePlacementPolicy (PipelinePlacementPolicy.java:meetCriteria(91)) - Pipeline Placement: Doesn't meet the criteria to be viable node. Heaviness: 6
2019-09-19 08:58:59,275 [grpc-default-executor-0] INFO  impl.RaftServerProxy (RaftServerProxy.java:addNew(89)) - d1f69eb4-ccd6-48e7-a921-1bf219b44eb4: addNew group-B02F7715891A:[d1f69eb4-ccd6-48e7-a921-1bf219b44eb4:192.168.34.5:39023] returns group-B02F7715891A:java.util.concurrent.CompletableFuture@124c4f07[Not completed]
2019-09-19 08:58:59,275 [pool-168-thread-1] INFO  impl.RaftServerImpl (RaftServerImpl.java:<init>(93)) - d1f69eb4-ccd6-48e7-a921-1bf219b44eb4: new RaftServerImpl for group-B02F7715891A:[d1f69eb4-ccd6-48e7-a921-1bf219b44eb4:192.168.34.5:39023] with ContainerStateMachine:uninitialized
2019-09-19 08:58:59,276 [pool-168-thread-1] INFO  server.RaftServerConfigKeys (ConfUtils.java:logGet(43)) - raft.server.rpc.timeout.min = 1s (custom)
2019-09-19 08:58:59,276 [pool-168-thread-1] INFO  server.RaftServerConfigKeys (ConfUtils.java:logGet(43)) - raft.server.rpc.timeout.max = 1200ms (custom)
2019-09-19 08:58:59,276 [pool-168-thread-1] INFO  server.RaftServerConfigKeys (ConfUtils.java:logGet(43)) - raft.server.rpcslowness.timeout = 120s (custom)
2019-09-19 08:58:59,276 [pool-168-thread-1] INFO  server.RaftServerConfigKeys (ConfUtils.java:logGet(43)) - raft.server.sleep.deviation.threshold = 300 (default)
2019-09-19 08:58:59,276 [pool-168-thread-1] INFO  server.RaftServerConfigKeys (ConfUtils.java:logGet(43)) - raft.server.log.appender.install.snapshot.enabled = false (custom)
2019-09-19 08:58:59,276 [pool-168-thread-1] INFO  impl.RaftServerImpl (ServerState.java:<init>(105)) - d1f69eb4-ccd6-48e7-a921-1bf219b44eb4:group-B02F7715891A ConfigurationManager, init=-1: [d1f69eb4-ccd6-48e7-a921-1bf219b44eb4:192.168.34.5:39023], old=null, confs=<EMPTY_MAP>
2019-09-19 08:58:59,276 [pool-168-thread-1] INFO  server.RaftServerConfigKeys (ConfUtils.java:logGet(43)) - raft.server.storage.dir = [/workdir/hadoop-ozone/integration-test/target/test-dir/MiniOzoneClusterImpl-66e2a49b-37e1-46c5-a16c-3b22c3c736b2/datanode-1/data/ratis] (custom)
2019-09-19 08:58:59,276 [pool-168-thread-1] INFO  storage.RaftStorageDirectory (RaftStorageDirectory.java:analyzeStorage(246)) - The storage directory /workdir/hadoop-ozone/integration-test/target/test-dir/MiniOzoneClusterImpl-66e2a49b-37e1-46c5-a16c-3b22c3c736b2/datanode-1/data/ratis/18a04f56-6495-4205-934f-b02f7715891a does not exist. Creating ...
2019-09-19 08:58:59,279 [IPC Server handler 3 on 43272] INFO  net.NetworkTopology (NetworkTopologyImpl.java:add(110)) - Added a new node: /default-rack/c3efbda9-57f4-4798-ad05-3f22f82ad386
2019-09-19 08:58:59,279 [IPC Server handler 3 on 43272] INFO  node.SCMNodeManager (SCMNodeManager.java:register(273)) - Registered Data node : c3efbda9-57f4-4798-ad05-3f22f82ad386{ip: 192.168.34.5, host: pr-hdds-1569-j4bt4-3030777008, networkLocation: /default-rack, certSerialId: null}
2019-09-19 08:58:59,280 | INFO  | SCMAudit | user=jenkins1000 | ip=192.168.34.5 | op=REGISTER {datanodeDetails=c3efbda9-57f4-4798-ad05-3f22f82ad386{ip: 192.168.34.5, host: pr-hdds-1569-j4bt4-3030777008, networkLocation: /default-rack, certSerialId: null}} | ret=SUCCESS |  
2019-09-19 08:58:59,287 [pool-168-thread-1] INFO  storage.RaftStorageDirectory (RaftStorageDirectory.java:tryLock(328)) - Lock on /workdir/hadoop-ozone/integration-test/target/test-dir/MiniOzoneClusterImpl-66e2a49b-37e1-46c5-a16c-3b22c3c736b2/datanode-1/data/ratis/18a04f56-6495-4205-934f-b02f7715891a/in_use.lock acquired by nodename 8013@pr-hdds-1569-j4bt4-3030777008
2019-09-19 08:58:59,307 [pool-168-thread-1] INFO  storage.RaftStorage (RaftStorage.java:format(72)) - Storage directory /workdir/hadoop-ozone/integration-test/target/test-dir/MiniOzoneClusterImpl-66e2a49b-37e1-46c5-a16c-3b22c3c736b2/datanode-1/data/ratis/18a04f56-6495-4205-934f-b02f7715891a has been successfully formatted.
2019-09-19 08:58:59,307 [pool-168-thread-1] INFO  ratis.ContainerStateMachine (ContainerStateMachine.java:loadSnapshot(226)) - group-B02F7715891A: The snapshot info is null. Setting the last applied indexto:(t:0, i:~)
2019-09-19 08:58:59,307 [pool-168-thread-1] INFO  server.RaftServerConfigKeys (ConfUtils.java:logGet(43)) - raft.server.leader.election.timeout = 120s (custom)
2019-09-19 08:58:59,308 [pool-168-thread-1] INFO  server.RaftServerConfigKeys (ConfUtils.java:logGet(43)) - raft.server.log.use.memory = false (default)
2019-09-19 08:58:59,308 [pool-168-thread-1] INFO  server.RaftServerConfigKeys (ConfUtils.java:logGet(43)) - raft.server.log.purge.gap = 1000000 (custom)
2019-09-19 08:58:59,308 [pool-168-thread-1] INFO  server.RaftServerConfigKeys (ConfUtils.java:logGet(43)) - raft.server.log.appender.buffer.byte-limit = 33554432 (custom)
2019-09-19 08:58:59,308 [pool-168-thread-1] INFO  server.RaftServerConfigKeys (ConfUtils.java:logGet(43)) - raft.server.log.segment.size.max = 1048576 (custom)
2019-09-19 08:58:59,308 [pool-168-thread-1] INFO  server.RaftServerConfigKeys (ConfUtils.java:logGet(43)) - raft.server.log.segment.cache.num.max = 2 (custom)
2019-09-19 08:58:59,309 [pool-168-thread-1] INFO  segmented.SegmentedRaftLogWorker (SegmentedRaftLogWorker.java:<init>(172)) - new d1f69eb4-ccd6-48e7-a921-1bf219b44eb4-SegmentedRaftLogWorker:Storage Directory /workdir/hadoop-ozone/integration-test/target/test-dir/MiniOzoneClusterImpl-66e2a49b-37e1-46c5-a16c-3b22c3c736b2/datanode-1/data/ratis/18a04f56-6495-4205-934f-b02f7715891a for RaftStorage:Storage Directory /workdir/hadoop-ozone/integration-test/target/test-dir/MiniOzoneClusterImpl-66e2a49b-37e1-46c5-a16c-3b22c3c736b2/datanode-1/data/ratis/18a04f56-6495-4205-934f-b02f7715891a
2019-09-19 08:58:59,309 [pool-168-thread-1] INFO  server.RaftServerConfigKeys (ConfUtils.java:logGet(43)) - raft.server.log.queue.byte-limit = 2147483647 (custom)
2019-09-19 08:58:59,309 [pool-168-thread-1] INFO  server.RaftServerConfigKeys (ConfUtils.java:logGet(43)) - raft.server.log.queue.element-limit = 1024 (custom)
2019-09-19 08:58:59,309 [pool-168-thread-1] INFO  server.RaftServerConfigKeys (ConfUtils.java:logGet(43)) - raft.server.log.segment.size.max = 1048576 (custom)
2019-09-19 08:58:59,309 [pool-168-thread-1] INFO  server.RaftServerConfigKeys (ConfUtils.java:logGet(43)) - raft.server.log.preallocated.size = 16384 (custom)
2019-09-19 08:58:59,309 [pool-168-thread-1] INFO  server.RaftServerConfigKeys (ConfUtils.java:logGet(43)) - raft.server.log.write.buffer.size = 33554432 (custom)
2019-09-19 08:58:59,309 [pool-168-thread-1] INFO  server.RaftServerConfigKeys (ConfUtils.java:logGet(43)) - raft.server.log.force.sync.num = 128 (default)
2019-09-19 08:58:59,310 [pool-168-thread-1] INFO  server.RaftServerConfigKeys (ConfUtils.java:logGet(43)) - raft.server.log.statemachine.data.sync = true (default)
2019-09-19 08:58:59,310 [pool-168-thread-1] INFO  server.RaftServerConfigKeys (ConfUtils.java:logGet(43)) - raft.server.log.statemachine.data.sync.timeout = 10s (default)
2019-09-19 08:58:59,310 [pool-168-thread-1] INFO  server.RaftServerConfigKeys (ConfUtils.java:logGet(43)) - raft.server.log.statemachine.data.sync.timeout.retry = -1 (default)
2019-09-19 08:58:59,310 [pool-168-thread-1] INFO  server.RaftServerConfigKeys (ConfUtils.java:logGet(43)) - raft.server.log.statemachine.data.caching.enabled = true (custom)
2019-09-19 08:58:59,311 [pool-168-thread-1] INFO  segmented.SegmentedRaftLogWorker (SegmentedRaftLogWorker.java:lambda$new$0(132)) - d1f69eb4-ccd6-48e7-a921-1bf219b44eb4-SegmentedRaftLogWorker:Storage Directory /workdir/hadoop-ozone/integration-test/target/test-dir/MiniOzoneClusterImpl-66e2a49b-37e1-46c5-a16c-3b22c3c736b2/datanode-1/data/ratis/18a04f56-6495-4205-934f-b02f7715891a: flushIndex: setUnconditionally 0 -> -1
2019-09-19 08:58:59,311 [pool-168-thread-1] INFO  server.RaftServerConfigKeys (ConfUtils.java:logGet(43)) - raft.server.snapshot.auto.trigger.enabled = true (custom)
2019-09-19 08:58:59,311 [pool-168-thread-1] INFO  server.RaftServerConfigKeys (ConfUtils.java:logGet(43)) - raft.server.snapshot.auto.trigger.threshold = 10000 (custom)
2019-09-19 08:58:59,311 [pool-168-thread-1] INFO  server.RaftServerConfigKeys (ConfUtils.java:logGet(43)) - raft.server.retrycache.expirytime = 600000ms (custom)
2019-09-19 08:58:59,311 [pool-168-thread-1] INFO  impl.RaftServerImpl (RaftServerImpl.java:start(180)) - d1f69eb4-ccd6-48e7-a921-1bf219b44eb4: start group-B02F7715891A
2019-09-19 08:58:59,312 [pool-168-thread-1] INFO  impl.RaftServerImpl (RaftServerImpl.java:setRole(171)) - d1f69eb4-ccd6-48e7-a921-1bf219b44eb4:group-B02F7715891A changes role from null to FOLLOWER at term 0 for startAsFollower
2019-09-19 08:58:59,312 [pool-168-thread-1] INFO  impl.RoleInfo (RoleInfo.java:updateAndGet(143)) - d1f69eb4-ccd6-48e7-a921-1bf219b44eb4: start FollowerState
2019-09-19 08:58:59,312 [pool-168-thread-1] INFO  util.JmxRegister (JmxRegister.java:tryRegister(44)) - Successfully registered JMX Bean with object name Ratis:service=RaftServer,group=group-B02F7715891A,id=d1f69eb4-ccd6-48e7-a921-1bf219b44eb4
2019-09-19 08:58:59,315 [RatisPipelineUtilsThread] INFO  pipeline.PipelineStateManager (PipelineStateManager.java:addPipeline(56)) - Created pipeline Pipeline[ Id: 18a04f56-6495-4205-934f-b02f7715891a, Nodes: d1f69eb4-ccd6-48e7-a921-1bf219b44eb4{ip: 192.168.34.5, host: pr-hdds-1569-j4bt4-3030777008, networkLocation: /default-rack, certSerialId: null}, Type:RATIS, Factor:ONE, State:OPEN]
2019-09-19 08:58:59,315 [RatisPipelineUtilsThread] ERROR pipeline.PipelinePlacementPolicy (PipelinePlacementPolicy.java:meetCriteria(91)) - Pipeline Placement: Doesn't meet the criteria to be viable node. Heaviness: 6
2019-09-19 08:58:59,315 [RatisPipelineUtilsThread] ERROR pipeline.PipelinePlacementPolicy (PipelinePlacementPolicy.java:meetCriteria(91)) - Pipeline Placement: Doesn't meet the criteria to be viable node. Heaviness: 6
2019-09-19 08:58:59,324 [grpc-default-executor-0] INFO  impl.RaftServerProxy (RaftServerProxy.java:addNew(89)) - c3efbda9-57f4-4798-ad05-3f22f82ad386: addNew group-22DAF81D2C80:[c3efbda9-57f4-4798-ad05-3f22f82ad386:192.168.34.5:38495] returns group-22DAF81D2C80:java.util.concurrent.CompletableFuture@519ea3f1[Not completed]
2019-09-19 08:58:59,325 [pool-179-thread-1] INFO  impl.RaftServerImpl (RaftServerImpl.java:<init>(93)) - c3efbda9-57f4-4798-ad05-3f22f82ad386: new RaftServerImpl for group-22DAF81D2C80:[c3efbda9-57f4-4798-ad05-3f22f82ad386:192.168.34.5:38495] with ContainerStateMachine:uninitialized
2019-09-19 08:58:59,326 [pool-179-thread-1] INFO  server.RaftServerConfigKeys (ConfUtils.java:logGet(43)) - raft.server.rpc.timeout.min = 1s (custom)
2019-09-19 08:58:59,326 [pool-179-thread-1] INFO  server.RaftServerConfigKeys (ConfUtils.java:logGet(43)) - raft.server.rpc.timeout.max = 1200ms (custom)
2019-09-19 08:58:59,326 [pool-179-thread-1] INFO  server.RaftServerConfigKeys (ConfUtils.java:logGet(43)) - raft.server.rpcslowness.timeout = 120s (custom)
2019-09-19 08:58:59,326 [pool-179-thread-1] INFO  server.RaftServerConfigKeys (ConfUtils.java:logGet(43)) - raft.server.sleep.deviation.threshold = 300 (default)
2019-09-19 08:58:59,326 [pool-179-thread-1] INFO  server.RaftServerConfigKeys (ConfUtils.java:logGet(43)) - raft.server.log.appender.install.snapshot.enabled = false (custom)
2019-09-19 08:58:59,327 [pool-179-thread-1] INFO  impl.RaftServerImpl (ServerState.java:<init>(105)) - c3efbda9-57f4-4798-ad05-3f22f82ad386:group-22DAF81D2C80 ConfigurationManager, init=-1: [c3efbda9-57f4-4798-ad05-3f22f82ad386:192.168.34.5:38495], old=null, confs=<EMPTY_MAP>
2019-09-19 08:58:59,327 [pool-179-thread-1] INFO  server.RaftServerConfigKeys (ConfUtils.java:logGet(43)) - raft.server.storage.dir = [/workdir/hadoop-ozone/integration-test/target/test-dir/MiniOzoneClusterImpl-66e2a49b-37e1-46c5-a16c-3b22c3c736b2/datanode-2/data/ratis] (custom)
2019-09-19 08:58:59,327 [pool-179-thread-1] INFO  storage.RaftStorageDirectory (RaftStorageDirectory.java:analyzeStorage(246)) - The storage directory /workdir/hadoop-ozone/integration-test/target/test-dir/MiniOzoneClusterImpl-66e2a49b-37e1-46c5-a16c-3b22c3c736b2/datanode-2/data/ratis/1596d9d5-029d-4408-8a4e-22daf81d2c80 does not exist. Creating ...
2019-09-19 08:58:59,352 [pool-179-thread-1] INFO  storage.RaftStorageDirectory (RaftStorageDirectory.java:tryLock(328)) - Lock on /workdir/hadoop-ozone/integration-test/target/test-dir/MiniOzoneClusterImpl-66e2a49b-37e1-46c5-a16c-3b22c3c736b2/datanode-2/data/ratis/1596d9d5-029d-4408-8a4e-22daf81d2c80/in_use.lock acquired by nodename 8013@pr-hdds-1569-j4bt4-3030777008
2019-09-19 08:58:59,365 [pool-179-thread-1] INFO  storage.RaftStorage (RaftStorage.java:format(72)) - Storage directory /workdir/hadoop-ozone/integration-test/target/test-dir/MiniOzoneClusterImpl-66e2a49b-37e1-46c5-a16c-3b22c3c736b2/datanode-2/data/ratis/1596d9d5-029d-4408-8a4e-22daf81d2c80 has been successfully formatted.
2019-09-19 08:58:59,366 [pool-179-thread-1] INFO  ratis.ContainerStateMachine (ContainerStateMachine.java:loadSnapshot(226)) - group-22DAF81D2C80: The snapshot info is null. Setting the last applied indexto:(t:0, i:~)
2019-09-19 08:58:59,366 [pool-179-thread-1] INFO  server.RaftServerConfigKeys (ConfUtils.java:logGet(43)) - raft.server.leader.election.timeout = 120s (custom)
2019-09-19 08:58:59,366 [pool-179-thread-1] INFO  server.RaftServerConfigKeys (ConfUtils.java:logGet(43)) - raft.server.log.use.memory = false (default)
2019-09-19 08:58:59,366 [pool-179-thread-1] INFO  server.RaftServerConfigKeys (ConfUtils.java:logGet(43)) - raft.server.log.purge.gap = 1000000 (custom)
2019-09-19 08:58:59,366 [pool-179-thread-1] INFO  server.RaftServerConfigKeys (ConfUtils.java:logGet(43)) - raft.server.log.appender.buffer.byte-limit = 33554432 (custom)
2019-09-19 08:58:59,366 [pool-179-thread-1] INFO  server.RaftServerConfigKeys (ConfUtils.java:logGet(43)) - raft.server.log.segment.size.max = 1048576 (custom)
2019-09-19 08:58:59,366 [pool-179-thread-1] INFO  server.RaftServerConfigKeys (ConfUtils.java:logGet(43)) - raft.server.log.segment.cache.num.max = 2 (custom)
2019-09-19 08:58:59,366 [pool-179-thread-1] INFO  segmented.SegmentedRaftLogWorker (SegmentedRaftLogWorker.java:<init>(172)) - new c3efbda9-57f4-4798-ad05-3f22f82ad386-SegmentedRaftLogWorker:Storage Directory /workdir/hadoop-ozone/integration-test/target/test-dir/MiniOzoneClusterImpl-66e2a49b-37e1-46c5-a16c-3b22c3c736b2/datanode-2/data/ratis/1596d9d5-029d-4408-8a4e-22daf81d2c80 for RaftStorage:Storage Directory /workdir/hadoop-ozone/integration-test/target/test-dir/MiniOzoneClusterImpl-66e2a49b-37e1-46c5-a16c-3b22c3c736b2/datanode-2/data/ratis/1596d9d5-029d-4408-8a4e-22daf81d2c80
2019-09-19 08:58:59,366 [pool-179-thread-1] INFO  server.RaftServerConfigKeys (ConfUtils.java:logGet(43)) - raft.server.log.queue.byte-limit = 2147483647 (custom)
2019-09-19 08:58:59,367 [pool-179-thread-1] INFO  server.RaftServerConfigKeys (ConfUtils.java:logGet(43)) - raft.server.log.queue.element-limit = 1024 (custom)
2019-09-19 08:58:59,367 [pool-179-thread-1] INFO  server.RaftServerConfigKeys (ConfUtils.java:logGet(43)) - raft.server.log.segment.size.max = 1048576 (custom)
2019-09-19 08:58:59,367 [pool-179-thread-1] INFO  server.RaftServerConfigKeys (ConfUtils.java:logGet(43)) - raft.server.log.preallocated.size = 16384 (custom)
2019-09-19 08:58:59,367 [pool-179-thread-1] INFO  server.RaftServerConfigKeys (ConfUtils.java:logGet(43)) - raft.server.log.write.buffer.size = 33554432 (custom)
2019-09-19 08:58:59,367 [pool-179-thread-1] INFO  server.RaftServerConfigKeys (ConfUtils.java:logGet(43)) - raft.server.log.force.sync.num = 128 (default)
2019-09-19 08:58:59,367 [pool-179-thread-1] INFO  server.RaftServerConfigKeys (ConfUtils.java:logGet(43)) - raft.server.log.statemachine.data.sync = true (default)
2019-09-19 08:58:59,367 [pool-179-thread-1] INFO  server.RaftServerConfigKeys (ConfUtils.java:logGet(43)) - raft.server.log.statemachine.data.sync.timeout = 10s (default)
2019-09-19 08:58:59,367 [pool-179-thread-1] INFO  server.RaftServerConfigKeys (ConfUtils.java:logGet(43)) - raft.server.log.statemachine.data.sync.timeout.retry = -1 (default)
2019-09-19 08:58:59,368 [pool-179-thread-1] INFO  server.RaftServerConfigKeys (ConfUtils.java:logGet(43)) - raft.server.log.statemachine.data.caching.enabled = true (custom)
2019-09-19 08:58:59,368 [pool-179-thread-1] INFO  segmented.SegmentedRaftLogWorker (SegmentedRaftLogWorker.java:lambda$new$0(132)) - c3efbda9-57f4-4798-ad05-3f22f82ad386-SegmentedRaftLogWorker:Storage Directory /workdir/hadoop-ozone/integration-test/target/test-dir/MiniOzoneClusterImpl-66e2a49b-37e1-46c5-a16c-3b22c3c736b2/datanode-2/data/ratis/1596d9d5-029d-4408-8a4e-22daf81d2c80: flushIndex: setUnconditionally 0 -> -1
2019-09-19 08:58:59,368 [pool-179-thread-1] INFO  server.RaftServerConfigKeys (ConfUtils.java:logGet(43)) - raft.server.snapshot.auto.trigger.enabled = true (custom)
2019-09-19 08:58:59,368 [pool-179-thread-1] INFO  server.RaftServerConfigKeys (ConfUtils.java:logGet(43)) - raft.server.snapshot.auto.trigger.threshold = 10000 (custom)
2019-09-19 08:58:59,368 [pool-179-thread-1] INFO  server.RaftServerConfigKeys (ConfUtils.java:logGet(43)) - raft.server.retrycache.expirytime = 600000ms (custom)
2019-09-19 08:58:59,368 [pool-179-thread-1] INFO  impl.RaftServerImpl (RaftServerImpl.java:start(180)) - c3efbda9-57f4-4798-ad05-3f22f82ad386: start group-22DAF81D2C80
2019-09-19 08:58:59,368 [pool-179-thread-1] INFO  impl.RaftServerImpl (RaftServerImpl.java:setRole(171)) - c3efbda9-57f4-4798-ad05-3f22f82ad386:group-22DAF81D2C80 changes role from null to FOLLOWER at term 0 for startAsFollower
2019-09-19 08:58:59,369 [pool-179-thread-1] INFO  impl.RoleInfo (RoleInfo.java:updateAndGet(143)) - c3efbda9-57f4-4798-ad05-3f22f82ad386: start FollowerState
2019-09-19 08:58:59,369 [pool-179-thread-1] INFO  util.JmxRegister (JmxRegister.java:tryRegister(44)) - Successfully registered JMX Bean with object name Ratis:service=RaftServer,group=group-22DAF81D2C80,id=c3efbda9-57f4-4798-ad05-3f22f82ad386
2019-09-19 08:58:59,371 [RatisPipelineUtilsThread] INFO  pipeline.PipelineStateManager (PipelineStateManager.java:addPipeline(56)) - Created pipeline Pipeline[ Id: 1596d9d5-029d-4408-8a4e-22daf81d2c80, Nodes: c3efbda9-57f4-4798-ad05-3f22f82ad386{ip: 192.168.34.5, host: pr-hdds-1569-j4bt4-3030777008, networkLocation: /default-rack, certSerialId: null}, Type:RATIS, Factor:ONE, State:OPEN]
2019-09-19 08:58:59,371 [RatisPipelineUtilsThread] ERROR pipeline.PipelinePlacementPolicy (PipelinePlacementPolicy.java:meetCriteria(91)) - Pipeline Placement: Doesn't meet the criteria to be viable node. Heaviness: 6
2019-09-19 08:58:59,372 [RatisPipelineUtilsThread] ERROR pipeline.PipelinePlacementPolicy (PipelinePlacementPolicy.java:meetCriteria(91)) - Pipeline Placement: Doesn't meet the criteria to be viable node. Heaviness: 6
2019-09-19 08:58:59,376 [grpc-default-executor-0] INFO  impl.RaftServerProxy (RaftServerProxy.java:addNew(89)) - c3efbda9-57f4-4798-ad05-3f22f82ad386: addNew group-E709A4981EC5:[c3efbda9-57f4-4798-ad05-3f22f82ad386:192.168.34.5:38495] returns group-E709A4981EC5:java.util.concurrent.CompletableFuture@44699361[Not completed]
2019-09-19 08:58:59,377 [pool-179-thread-1] INFO  impl.RaftServerImpl (RaftServerImpl.java:<init>(93)) - c3efbda9-57f4-4798-ad05-3f22f82ad386: new RaftServerImpl for group-E709A4981EC5:[c3efbda9-57f4-4798-ad05-3f22f82ad386:192.168.34.5:38495] with ContainerStateMachine:uninitialized
2019-09-19 08:58:59,377 [pool-179-thread-1] INFO  server.RaftServerConfigKeys (ConfUtils.java:logGet(43)) - raft.server.rpc.timeout.min = 1s (custom)
2019-09-19 08:58:59,377 [pool-179-thread-1] INFO  server.RaftServerConfigKeys (ConfUtils.java:logGet(43)) - raft.server.rpc.timeout.max = 1200ms (custom)
2019-09-19 08:58:59,377 [pool-179-thread-1] INFO  server.RaftServerConfigKeys (ConfUtils.java:logGet(43)) - raft.server.rpcslowness.timeout = 120s (custom)
2019-09-19 08:58:59,377 [pool-179-thread-1] INFO  server.RaftServerConfigKeys (ConfUtils.java:logGet(43)) - raft.server.sleep.deviation.threshold = 300 (default)
2019-09-19 08:58:59,377 [pool-179-thread-1] INFO  server.RaftServerConfigKeys (ConfUtils.java:logGet(43)) - raft.server.log.appender.install.snapshot.enabled = false (custom)
2019-09-19 08:58:59,378 [pool-179-thread-1] INFO  impl.RaftServerImpl (ServerState.java:<init>(105)) - c3efbda9-57f4-4798-ad05-3f22f82ad386:group-E709A4981EC5 ConfigurationManager, init=-1: [c3efbda9-57f4-4798-ad05-3f22f82ad386:192.168.34.5:38495], old=null, confs=<EMPTY_MAP>
2019-09-19 08:58:59,378 [pool-179-thread-1] INFO  server.RaftServerConfigKeys (ConfUtils.java:logGet(43)) - raft.server.storage.dir = [/workdir/hadoop-ozone/integration-test/target/test-dir/MiniOzoneClusterImpl-66e2a49b-37e1-46c5-a16c-3b22c3c736b2/datanode-2/data/ratis] (custom)
2019-09-19 08:58:59,378 [pool-179-thread-1] INFO  storage.RaftStorageDirectory (RaftStorageDirectory.java:analyzeStorage(246)) - The storage directory /workdir/hadoop-ozone/integration-test/target/test-dir/MiniOzoneClusterImpl-66e2a49b-37e1-46c5-a16c-3b22c3c736b2/datanode-2/data/ratis/10670832-21a3-44a1-bb58-e709a4981ec5 does not exist. Creating ...
2019-09-19 08:58:59,392 [pool-179-thread-1] INFO  storage.RaftStorageDirectory (RaftStorageDirectory.java:tryLock(328)) - Lock on /workdir/hadoop-ozone/integration-test/target/test-dir/MiniOzoneClusterImpl-66e2a49b-37e1-46c5-a16c-3b22c3c736b2/datanode-2/data/ratis/10670832-21a3-44a1-bb58-e709a4981ec5/in_use.lock acquired by nodename 8013@pr-hdds-1569-j4bt4-3030777008
2019-09-19 08:58:59,405 [pool-179-thread-1] INFO  storage.RaftStorage (RaftStorage.java:format(72)) - Storage directory /workdir/hadoop-ozone/integration-test/target/test-dir/MiniOzoneClusterImpl-66e2a49b-37e1-46c5-a16c-3b22c3c736b2/datanode-2/data/ratis/10670832-21a3-44a1-bb58-e709a4981ec5 has been successfully formatted.
2019-09-19 08:58:59,405 [pool-179-thread-1] INFO  ratis.ContainerStateMachine (ContainerStateMachine.java:loadSnapshot(226)) - group-E709A4981EC5: The snapshot info is null. Setting the last applied indexto:(t:0, i:~)
2019-09-19 08:58:59,405 [pool-179-thread-1] INFO  server.RaftServerConfigKeys (ConfUtils.java:logGet(43)) - raft.server.leader.election.timeout = 120s (custom)
2019-09-19 08:58:59,405 [pool-179-thread-1] INFO  server.RaftServerConfigKeys (ConfUtils.java:logGet(43)) - raft.server.log.use.memory = false (default)
2019-09-19 08:58:59,405 [pool-179-thread-1] INFO  server.RaftServerConfigKeys (ConfUtils.java:logGet(43)) - raft.server.log.purge.gap = 1000000 (custom)
2019-09-19 08:58:59,406 [pool-179-thread-1] INFO  server.RaftServerConfigKeys (ConfUtils.java:logGet(43)) - raft.server.log.appender.buffer.byte-limit = 33554432 (custom)
2019-09-19 08:58:59,406 [pool-179-thread-1] INFO  server.RaftServerConfigKeys (ConfUtils.java:logGet(43)) - raft.server.log.segment.size.max = 1048576 (custom)
2019-09-19 08:58:59,406 [pool-179-thread-1] INFO  server.RaftServerConfigKeys (ConfUtils.java:logGet(43)) - raft.server.log.segment.cache.num.max = 2 (custom)
2019-09-19 08:58:59,406 [pool-179-thread-1] INFO  segmented.SegmentedRaftLogWorker (SegmentedRaftLogWorker.java:<init>(172)) - new c3efbda9-57f4-4798-ad05-3f22f82ad386-SegmentedRaftLogWorker:Storage Directory /workdir/hadoop-ozone/integration-test/target/test-dir/MiniOzoneClusterImpl-66e2a49b-37e1-46c5-a16c-3b22c3c736b2/datanode-2/data/ratis/10670832-21a3-44a1-bb58-e709a4981ec5 for RaftStorage:Storage Directory /workdir/hadoop-ozone/integration-test/target/test-dir/MiniOzoneClusterImpl-66e2a49b-37e1-46c5-a16c-3b22c3c736b2/datanode-2/data/ratis/10670832-21a3-44a1-bb58-e709a4981ec5
2019-09-19 08:58:59,406 [pool-179-thread-1] INFO  server.RaftServerConfigKeys (ConfUtils.java:logGet(43)) - raft.server.log.queue.byte-limit = 2147483647 (custom)
2019-09-19 08:58:59,406 [pool-179-thread-1] INFO  server.RaftServerConfigKeys (ConfUtils.java:logGet(43)) - raft.server.log.queue.element-limit = 1024 (custom)
2019-09-19 08:58:59,406 [pool-179-thread-1] INFO  server.RaftServerConfigKeys (ConfUtils.java:logGet(43)) - raft.server.log.segment.size.max = 1048576 (custom)
2019-09-19 08:58:59,407 [pool-179-thread-1] INFO  server.RaftServerConfigKeys (ConfUtils.java:logGet(43)) - raft.server.log.preallocated.size = 16384 (custom)
2019-09-19 08:58:59,407 [pool-179-thread-1] INFO  server.RaftServerConfigKeys (ConfUtils.java:logGet(43)) - raft.server.log.write.buffer.size = 33554432 (custom)
2019-09-19 08:58:59,407 [pool-179-thread-1] INFO  server.RaftServerConfigKeys (ConfUtils.java:logGet(43)) - raft.server.log.force.sync.num = 128 (default)
2019-09-19 08:58:59,407 [pool-179-thread-1] INFO  server.RaftServerConfigKeys (ConfUtils.java:logGet(43)) - raft.server.log.statemachine.data.sync = true (default)
2019-09-19 08:58:59,407 [pool-179-thread-1] INFO  server.RaftServerConfigKeys (ConfUtils.java:logGet(43)) - raft.server.log.statemachine.data.sync.timeout = 10s (default)
2019-09-19 08:58:59,407 [pool-179-thread-1] INFO  server.RaftServerConfigKeys (ConfUtils.java:logGet(43)) - raft.server.log.statemachine.data.sync.timeout.retry = -1 (default)
2019-09-19 08:58:59,407 [pool-179-thread-1] INFO  server.RaftServerConfigKeys (ConfUtils.java:logGet(43)) - raft.server.log.statemachine.data.caching.enabled = true (custom)
2019-09-19 08:58:59,408 [pool-179-thread-1] INFO  segmented.SegmentedRaftLogWorker (SegmentedRaftLogWorker.java:lambda$new$0(132)) - c3efbda9-57f4-4798-ad05-3f22f82ad386-SegmentedRaftLogWorker:Storage Directory /workdir/hadoop-ozone/integration-test/target/test-dir/MiniOzoneClusterImpl-66e2a49b-37e1-46c5-a16c-3b22c3c736b2/datanode-2/data/ratis/10670832-21a3-44a1-bb58-e709a4981ec5: flushIndex: setUnconditionally 0 -> -1
2019-09-19 08:58:59,408 [pool-179-thread-1] INFO  server.RaftServerConfigKeys (ConfUtils.java:logGet(43)) - raft.server.snapshot.auto.trigger.enabled = true (custom)
2019-09-19 08:58:59,408 [pool-179-thread-1] INFO  server.RaftServerConfigKeys (ConfUtils.java:logGet(43)) - raft.server.snapshot.auto.trigger.threshold = 10000 (custom)
2019-09-19 08:58:59,408 [pool-179-thread-1] INFO  server.RaftServerConfigKeys (ConfUtils.java:logGet(43)) - raft.server.retrycache.expirytime = 600000ms (custom)
2019-09-19 08:58:59,409 [pool-179-thread-1] INFO  impl.RaftServerImpl (RaftServerImpl.java:start(180)) - c3efbda9-57f4-4798-ad05-3f22f82ad386: start group-E709A4981EC5
2019-09-19 08:58:59,409 [pool-179-thread-1] INFO  impl.RaftServerImpl (RaftServerImpl.java:setRole(171)) - c3efbda9-57f4-4798-ad05-3f22f82ad386:group-E709A4981EC5 changes role from null to FOLLOWER at term 0 for startAsFollower
2019-09-19 08:58:59,409 [pool-179-thread-1] INFO  impl.RoleInfo (RoleInfo.java:updateAndGet(143)) - c3efbda9-57f4-4798-ad05-3f22f82ad386: start FollowerState
2019-09-19 08:58:59,409 [pool-179-thread-1] INFO  util.JmxRegister (JmxRegister.java:tryRegister(44)) - Successfully registered JMX Bean with object name Ratis:service=RaftServer,group=group-E709A4981EC5,id=c3efbda9-57f4-4798-ad05-3f22f82ad386
2019-09-19 08:58:59,411 [RatisPipelineUtilsThread] INFO  pipeline.PipelineStateManager (PipelineStateManager.java:addPipeline(56)) - Created pipeline Pipeline[ Id: 10670832-21a3-44a1-bb58-e709a4981ec5, Nodes: c3efbda9-57f4-4798-ad05-3f22f82ad386{ip: 192.168.34.5, host: pr-hdds-1569-j4bt4-3030777008, networkLocation: /default-rack, certSerialId: null}, Type:RATIS, Factor:ONE, State:OPEN]
2019-09-19 08:58:59,411 [RatisPipelineUtilsThread] ERROR pipeline.PipelinePlacementPolicy (PipelinePlacementPolicy.java:meetCriteria(91)) - Pipeline Placement: Doesn't meet the criteria to be viable node. Heaviness: 6
2019-09-19 08:58:59,412 [RatisPipelineUtilsThread] ERROR pipeline.PipelinePlacementPolicy (PipelinePlacementPolicy.java:meetCriteria(91)) - Pipeline Placement: Doesn't meet the criteria to be viable node. Heaviness: 6
2019-09-19 08:58:59,416 [grpc-default-executor-0] INFO  impl.RaftServerProxy (RaftServerProxy.java:addNew(89)) - c3efbda9-57f4-4798-ad05-3f22f82ad386: addNew group-0187507EE3B9:[c3efbda9-57f4-4798-ad05-3f22f82ad386:192.168.34.5:38495] returns group-0187507EE3B9:java.util.concurrent.CompletableFuture@6701fe7e[Not completed]
2019-09-19 08:58:59,417 [pool-179-thread-1] INFO  impl.RaftServerImpl (RaftServerImpl.java:<init>(93)) - c3efbda9-57f4-4798-ad05-3f22f82ad386: new RaftServerImpl for group-0187507EE3B9:[c3efbda9-57f4-4798-ad05-3f22f82ad386:192.168.34.5:38495] with ContainerStateMachine:uninitialized
2019-09-19 08:58:59,417 [pool-179-thread-1] INFO  server.RaftServerConfigKeys (ConfUtils.java:logGet(43)) - raft.server.rpc.timeout.min = 1s (custom)
2019-09-19 08:58:59,417 [pool-179-thread-1] INFO  server.RaftServerConfigKeys (ConfUtils.java:logGet(43)) - raft.server.rpc.timeout.max = 1200ms (custom)
2019-09-19 08:58:59,417 [pool-179-thread-1] INFO  server.RaftServerConfigKeys (ConfUtils.java:logGet(43)) - raft.server.rpcslowness.timeout = 120s (custom)
2019-09-19 08:58:59,417 [pool-179-thread-1] INFO  server.RaftServerConfigKeys (ConfUtils.java:logGet(43)) - raft.server.sleep.deviation.threshold = 300 (default)
2019-09-19 08:58:59,417 [pool-179-thread-1] INFO  server.RaftServerConfigKeys (ConfUtils.java:logGet(43)) - raft.server.log.appender.install.snapshot.enabled = false (custom)
2019-09-19 08:58:59,417 [pool-179-thread-1] INFO  impl.RaftServerImpl (ServerState.java:<init>(105)) - c3efbda9-57f4-4798-ad05-3f22f82ad386:group-0187507EE3B9 ConfigurationManager, init=-1: [c3efbda9-57f4-4798-ad05-3f22f82ad386:192.168.34.5:38495], old=null, confs=<EMPTY_MAP>
2019-09-19 08:58:59,417 [pool-179-thread-1] INFO  server.RaftServerConfigKeys (ConfUtils.java:logGet(43)) - raft.server.storage.dir = [/workdir/hadoop-ozone/integration-test/target/test-dir/MiniOzoneClusterImpl-66e2a49b-37e1-46c5-a16c-3b22c3c736b2/datanode-2/data/ratis] (custom)
2019-09-19 08:58:59,418 [pool-179-thread-1] INFO  storage.RaftStorageDirectory (RaftStorageDirectory.java:analyzeStorage(246)) - The storage directory /workdir/hadoop-ozone/integration-test/target/test-dir/MiniOzoneClusterImpl-66e2a49b-37e1-46c5-a16c-3b22c3c736b2/datanode-2/data/ratis/beb0882f-cc9d-4930-84ed-0187507ee3b9 does not exist. Creating ...
2019-09-19 08:58:59,430 [pool-179-thread-1] INFO  storage.RaftStorageDirectory (RaftStorageDirectory.java:tryLock(328)) - Lock on /workdir/hadoop-ozone/integration-test/target/test-dir/MiniOzoneClusterImpl-66e2a49b-37e1-46c5-a16c-3b22c3c736b2/datanode-2/data/ratis/beb0882f-cc9d-4930-84ed-0187507ee3b9/in_use.lock acquired by nodename 8013@pr-hdds-1569-j4bt4-3030777008
2019-09-19 08:58:59,442 [pool-179-thread-1] INFO  storage.RaftStorage (RaftStorage.java:format(72)) - Storage directory /workdir/hadoop-ozone/integration-test/target/test-dir/MiniOzoneClusterImpl-66e2a49b-37e1-46c5-a16c-3b22c3c736b2/datanode-2/data/ratis/beb0882f-cc9d-4930-84ed-0187507ee3b9 has been successfully formatted.
2019-09-19 08:58:59,443 [pool-179-thread-1] INFO  ratis.ContainerStateMachine (ContainerStateMachine.java:loadSnapshot(226)) - group-0187507EE3B9: The snapshot info is null. Setting the last applied indexto:(t:0, i:~)
2019-09-19 08:58:59,443 [pool-179-thread-1] INFO  server.RaftServerConfigKeys (ConfUtils.java:logGet(43)) - raft.server.leader.election.timeout = 120s (custom)
2019-09-19 08:58:59,443 [pool-179-thread-1] INFO  server.RaftServerConfigKeys (ConfUtils.java:logGet(43)) - raft.server.log.use.memory = false (default)
2019-09-19 08:58:59,443 [pool-179-thread-1] INFO  server.RaftServerConfigKeys (ConfUtils.java:logGet(43)) - raft.server.log.purge.gap = 1000000 (custom)
2019-09-19 08:58:59,443 [pool-179-thread-1] INFO  server.RaftServerConfigKeys (ConfUtils.java:logGet(43)) - raft.server.log.appender.buffer.byte-limit = 33554432 (custom)
2019-09-19 08:58:59,443 [pool-179-thread-1] INFO  server.RaftServerConfigKeys (ConfUtils.java:logGet(43)) - raft.server.log.segment.size.max = 1048576 (custom)
2019-09-19 08:58:59,443 [pool-179-thread-1] INFO  server.RaftServerConfigKeys (ConfUtils.java:logGet(43)) - raft.server.log.segment.cache.num.max = 2 (custom)
2019-09-19 08:58:59,443 [pool-179-thread-1] INFO  segmented.SegmentedRaftLogWorker (SegmentedRaftLogWorker.java:<init>(172)) - new c3efbda9-57f4-4798-ad05-3f22f82ad386-SegmentedRaftLogWorker:Storage Directory /workdir/hadoop-ozone/integration-test/target/test-dir/MiniOzoneClusterImpl-66e2a49b-37e1-46c5-a16c-3b22c3c736b2/datanode-2/data/ratis/beb0882f-cc9d-4930-84ed-0187507ee3b9 for RaftStorage:Storage Directory /workdir/hadoop-ozone/integration-test/target/test-dir/MiniOzoneClusterImpl-66e2a49b-37e1-46c5-a16c-3b22c3c736b2/datanode-2/data/ratis/beb0882f-cc9d-4930-84ed-0187507ee3b9
2019-09-19 08:58:59,444 [pool-179-thread-1] INFO  server.RaftServerConfigKeys (ConfUtils.java:logGet(43)) - raft.server.log.queue.byte-limit = 2147483647 (custom)
2019-09-19 08:58:59,444 [pool-179-thread-1] INFO  server.RaftServerConfigKeys (ConfUtils.java:logGet(43)) - raft.server.log.queue.element-limit = 1024 (custom)
2019-09-19 08:58:59,444 [pool-179-thread-1] INFO  server.RaftServerConfigKeys (ConfUtils.java:logGet(43)) - raft.server.log.segment.size.max = 1048576 (custom)
2019-09-19 08:58:59,444 [pool-179-thread-1] INFO  server.RaftServerConfigKeys (ConfUtils.java:logGet(43)) - raft.server.log.preallocated.size = 16384 (custom)
2019-09-19 08:58:59,444 [pool-179-thread-1] INFO  server.RaftServerConfigKeys (ConfUtils.java:logGet(43)) - raft.server.log.write.buffer.size = 33554432 (custom)
2019-09-19 08:58:59,444 [pool-179-thread-1] INFO  server.RaftServerConfigKeys (ConfUtils.java:logGet(43)) - raft.server.log.force.sync.num = 128 (default)
2019-09-19 08:58:59,444 [pool-179-thread-1] INFO  server.RaftServerConfigKeys (ConfUtils.java:logGet(43)) - raft.server.log.statemachine.data.sync = true (default)
2019-09-19 08:58:59,444 [pool-179-thread-1] INFO  server.RaftServerConfigKeys (ConfUtils.java:logGet(43)) - raft.server.log.statemachine.data.sync.timeout = 10s (default)
2019-09-19 08:58:59,444 [pool-179-thread-1] INFO  server.RaftServerConfigKeys (ConfUtils.java:logGet(43)) - raft.server.log.statemachine.data.sync.timeout.retry = -1 (default)
2019-09-19 08:58:59,445 [pool-179-thread-1] INFO  server.RaftServerConfigKeys (ConfUtils.java:logGet(43)) - raft.server.log.statemachine.data.caching.enabled = true (custom)
2019-09-19 08:58:59,445 [pool-179-thread-1] INFO  segmented.SegmentedRaftLogWorker (SegmentedRaftLogWorker.java:lambda$new$0(132)) - c3efbda9-57f4-4798-ad05-3f22f82ad386-SegmentedRaftLogWorker:Storage Directory /workdir/hadoop-ozone/integration-test/target/test-dir/MiniOzoneClusterImpl-66e2a49b-37e1-46c5-a16c-3b22c3c736b2/datanode-2/data/ratis/beb0882f-cc9d-4930-84ed-0187507ee3b9: flushIndex: setUnconditionally 0 -> -1
2019-09-19 08:58:59,445 [pool-179-thread-1] INFO  server.RaftServerConfigKeys (ConfUtils.java:logGet(43)) - raft.server.snapshot.auto.trigger.enabled = true (custom)
2019-09-19 08:58:59,445 [pool-179-thread-1] INFO  server.RaftServerConfigKeys (ConfUtils.java:logGet(43)) - raft.server.snapshot.auto.trigger.threshold = 10000 (custom)
2019-09-19 08:58:59,445 [pool-179-thread-1] INFO  server.RaftServerConfigKeys (ConfUtils.java:logGet(43)) - raft.server.retrycache.expirytime = 600000ms (custom)
2019-09-19 08:58:59,446 [pool-179-thread-1] INFO  impl.RaftServerImpl (RaftServerImpl.java:start(180)) - c3efbda9-57f4-4798-ad05-3f22f82ad386: start group-0187507EE3B9
2019-09-19 08:58:59,446 [pool-179-thread-1] INFO  impl.RaftServerImpl (RaftServerImpl.java:setRole(171)) - c3efbda9-57f4-4798-ad05-3f22f82ad386:group-0187507EE3B9 changes role from null to FOLLOWER at term 0 for startAsFollower
2019-09-19 08:58:59,446 [pool-179-thread-1] INFO  impl.RoleInfo (RoleInfo.java:updateAndGet(143)) - c3efbda9-57f4-4798-ad05-3f22f82ad386: start FollowerState
2019-09-19 08:58:59,446 [pool-179-thread-1] INFO  util.JmxRegister (JmxRegister.java:tryRegister(44)) - Successfully registered JMX Bean with object name Ratis:service=RaftServer,group=group-0187507EE3B9,id=c3efbda9-57f4-4798-ad05-3f22f82ad386
2019-09-19 08:58:59,448 [RatisPipelineUtilsThread] INFO  pipeline.PipelineStateManager (PipelineStateManager.java:addPipeline(56)) - Created pipeline Pipeline[ Id: beb0882f-cc9d-4930-84ed-0187507ee3b9, Nodes: c3efbda9-57f4-4798-ad05-3f22f82ad386{ip: 192.168.34.5, host: pr-hdds-1569-j4bt4-3030777008, networkLocation: /default-rack, certSerialId: null}, Type:RATIS, Factor:ONE, State:OPEN]
2019-09-19 08:58:59,448 [RatisPipelineUtilsThread] ERROR pipeline.PipelinePlacementPolicy (PipelinePlacementPolicy.java:meetCriteria(91)) - Pipeline Placement: Doesn't meet the criteria to be viable node. Heaviness: 6
2019-09-19 08:58:59,448 [RatisPipelineUtilsThread] ERROR pipeline.PipelinePlacementPolicy (PipelinePlacementPolicy.java:meetCriteria(91)) - Pipeline Placement: Doesn't meet the criteria to be viable node. Heaviness: 6
2019-09-19 08:58:59,453 [grpc-default-executor-0] INFO  impl.RaftServerProxy (RaftServerProxy.java:addNew(89)) - c3efbda9-57f4-4798-ad05-3f22f82ad386: addNew group-E18269CD311E:[c3efbda9-57f4-4798-ad05-3f22f82ad386:192.168.34.5:38495] returns group-E18269CD311E:java.util.concurrent.CompletableFuture@19026c93[Not completed]
2019-09-19 08:58:59,454 [pool-179-thread-1] INFO  impl.RaftServerImpl (RaftServerImpl.java:<init>(93)) - c3efbda9-57f4-4798-ad05-3f22f82ad386: new RaftServerImpl for group-E18269CD311E:[c3efbda9-57f4-4798-ad05-3f22f82ad386:192.168.34.5:38495] with ContainerStateMachine:uninitialized
2019-09-19 08:58:59,454 [pool-179-thread-1] INFO  server.RaftServerConfigKeys (ConfUtils.java:logGet(43)) - raft.server.rpc.timeout.min = 1s (custom)
2019-09-19 08:58:59,454 [pool-179-thread-1] INFO  server.RaftServerConfigKeys (ConfUtils.java:logGet(43)) - raft.server.rpc.timeout.max = 1200ms (custom)
2019-09-19 08:58:59,454 [pool-179-thread-1] INFO  server.RaftServerConfigKeys (ConfUtils.java:logGet(43)) - raft.server.rpcslowness.timeout = 120s (custom)
2019-09-19 08:58:59,454 [pool-179-thread-1] INFO  server.RaftServerConfigKeys (ConfUtils.java:logGet(43)) - raft.server.sleep.deviation.threshold = 300 (default)
2019-09-19 08:58:59,454 [pool-179-thread-1] INFO  server.RaftServerConfigKeys (ConfUtils.java:logGet(43)) - raft.server.log.appender.install.snapshot.enabled = false (custom)
2019-09-19 08:58:59,454 [pool-179-thread-1] INFO  impl.RaftServerImpl (ServerState.java:<init>(105)) - c3efbda9-57f4-4798-ad05-3f22f82ad386:group-E18269CD311E ConfigurationManager, init=-1: [c3efbda9-57f4-4798-ad05-3f22f82ad386:192.168.34.5:38495], old=null, confs=<EMPTY_MAP>
2019-09-19 08:58:59,454 [pool-179-thread-1] INFO  server.RaftServerConfigKeys (ConfUtils.java:logGet(43)) - raft.server.storage.dir = [/workdir/hadoop-ozone/integration-test/target/test-dir/MiniOzoneClusterImpl-66e2a49b-37e1-46c5-a16c-3b22c3c736b2/datanode-2/data/ratis] (custom)
2019-09-19 08:58:59,455 [pool-179-thread-1] INFO  storage.RaftStorageDirectory (RaftStorageDirectory.java:analyzeStorage(246)) - The storage directory /workdir/hadoop-ozone/integration-test/target/test-dir/MiniOzoneClusterImpl-66e2a49b-37e1-46c5-a16c-3b22c3c736b2/datanode-2/data/ratis/76f70111-e77e-4959-9a46-e18269cd311e does not exist. Creating ...
2019-09-19 08:58:59,467 [pool-179-thread-1] INFO  storage.RaftStorageDirectory (RaftStorageDirectory.java:tryLock(328)) - Lock on /workdir/hadoop-ozone/integration-test/target/test-dir/MiniOzoneClusterImpl-66e2a49b-37e1-46c5-a16c-3b22c3c736b2/datanode-2/data/ratis/76f70111-e77e-4959-9a46-e18269cd311e/in_use.lock acquired by nodename 8013@pr-hdds-1569-j4bt4-3030777008
2019-09-19 08:58:59,475 [IPC Server handler 1 on 43272] INFO  net.NetworkTopology (NetworkTopologyImpl.java:add(110)) - Added a new node: /default-rack/9b5d8b34-2569-4d93-9fd9-024f418d364f
2019-09-19 08:58:59,475 [IPC Server handler 1 on 43272] INFO  node.SCMNodeManager (SCMNodeManager.java:register(273)) - Registered Data node : 9b5d8b34-2569-4d93-9fd9-024f418d364f{ip: 192.168.34.5, host: pr-hdds-1569-j4bt4-3030777008, networkLocation: /default-rack, certSerialId: null}
2019-09-19 08:58:59,475 | INFO  | SCMAudit | user=jenkins1000 | ip=192.168.34.5 | op=REGISTER {datanodeDetails=9b5d8b34-2569-4d93-9fd9-024f418d364f{ip: 192.168.34.5, host: pr-hdds-1569-j4bt4-3030777008, networkLocation: /default-rack, certSerialId: null}} | ret=SUCCESS |  
2019-09-19 08:58:59,479 [pool-179-thread-1] INFO  storage.RaftStorage (RaftStorage.java:format(72)) - Storage directory /workdir/hadoop-ozone/integration-test/target/test-dir/MiniOzoneClusterImpl-66e2a49b-37e1-46c5-a16c-3b22c3c736b2/datanode-2/data/ratis/76f70111-e77e-4959-9a46-e18269cd311e has been successfully formatted.
2019-09-19 08:58:59,480 [pool-179-thread-1] INFO  ratis.ContainerStateMachine (ContainerStateMachine.java:loadSnapshot(226)) - group-E18269CD311E: The snapshot info is null. Setting the last applied indexto:(t:0, i:~)
2019-09-19 08:58:59,480 [pool-179-thread-1] INFO  server.RaftServerConfigKeys (ConfUtils.java:logGet(43)) - raft.server.leader.election.timeout = 120s (custom)
2019-09-19 08:58:59,480 [pool-179-thread-1] INFO  server.RaftServerConfigKeys (ConfUtils.java:logGet(43)) - raft.server.log.use.memory = false (default)
2019-09-19 08:58:59,480 [pool-179-thread-1] INFO  server.RaftServerConfigKeys (ConfUtils.java:logGet(43)) - raft.server.log.purge.gap = 1000000 (custom)
2019-09-19 08:58:59,480 [pool-179-thread-1] INFO  server.RaftServerConfigKeys (ConfUtils.java:logGet(43)) - raft.server.log.appender.buffer.byte-limit = 33554432 (custom)
2019-09-19 08:58:59,480 [pool-179-thread-1] INFO  server.RaftServerConfigKeys (ConfUtils.java:logGet(43)) - raft.server.log.segment.size.max = 1048576 (custom)
2019-09-19 08:58:59,480 [pool-179-thread-1] INFO  server.RaftServerConfigKeys (ConfUtils.java:logGet(43)) - raft.server.log.segment.cache.num.max = 2 (custom)
2019-09-19 08:58:59,481 [pool-179-thread-1] INFO  segmented.SegmentedRaftLogWorker (SegmentedRaftLogWorker.java:<init>(172)) - new c3efbda9-57f4-4798-ad05-3f22f82ad386-SegmentedRaftLogWorker:Storage Directory /workdir/hadoop-ozone/integration-test/target/test-dir/MiniOzoneClusterImpl-66e2a49b-37e1-46c5-a16c-3b22c3c736b2/datanode-2/data/ratis/76f70111-e77e-4959-9a46-e18269cd311e for RaftStorage:Storage Directory /workdir/hadoop-ozone/integration-test/target/test-dir/MiniOzoneClusterImpl-66e2a49b-37e1-46c5-a16c-3b22c3c736b2/datanode-2/data/ratis/76f70111-e77e-4959-9a46-e18269cd311e
2019-09-19 08:58:59,481 [pool-179-thread-1] INFO  server.RaftServerConfigKeys (ConfUtils.java:logGet(43)) - raft.server.log.queue.byte-limit = 2147483647 (custom)
2019-09-19 08:58:59,481 [pool-179-thread-1] INFO  server.RaftServerConfigKeys (ConfUtils.java:logGet(43)) - raft.server.log.queue.element-limit = 1024 (custom)
2019-09-19 08:58:59,481 [pool-179-thread-1] INFO  server.RaftServerConfigKeys (ConfUtils.java:logGet(43)) - raft.server.log.segment.size.max = 1048576 (custom)
2019-09-19 08:58:59,481 [pool-179-thread-1] INFO  server.RaftServerConfigKeys (ConfUtils.java:logGet(43)) - raft.server.log.preallocated.size = 16384 (custom)
2019-09-19 08:58:59,481 [pool-179-thread-1] INFO  server.RaftServerConfigKeys (ConfUtils.java:logGet(43)) - raft.server.log.write.buffer.size = 33554432 (custom)
2019-09-19 08:58:59,481 [pool-179-thread-1] INFO  server.RaftServerConfigKeys (ConfUtils.java:logGet(43)) - raft.server.log.force.sync.num = 128 (default)
2019-09-19 08:58:59,481 [pool-179-thread-1] INFO  server.RaftServerConfigKeys (ConfUtils.java:logGet(43)) - raft.server.log.statemachine.data.sync = true (default)
2019-09-19 08:58:59,481 [pool-179-thread-1] INFO  server.RaftServerConfigKeys (ConfUtils.java:logGet(43)) - raft.server.log.statemachine.data.sync.timeout = 10s (default)
2019-09-19 08:58:59,482 [pool-179-thread-1] INFO  server.RaftServerConfigKeys (ConfUtils.java:logGet(43)) - raft.server.log.statemachine.data.sync.timeout.retry = -1 (default)
2019-09-19 08:58:59,482 [pool-179-thread-1] INFO  server.RaftServerConfigKeys (ConfUtils.java:logGet(43)) - raft.server.log.statemachine.data.caching.enabled = true (custom)
2019-09-19 08:58:59,482 [pool-179-thread-1] INFO  segmented.SegmentedRaftLogWorker (SegmentedRaftLogWorker.java:lambda$new$0(132)) - c3efbda9-57f4-4798-ad05-3f22f82ad386-SegmentedRaftLogWorker:Storage Directory /workdir/hadoop-ozone/integration-test/target/test-dir/MiniOzoneClusterImpl-66e2a49b-37e1-46c5-a16c-3b22c3c736b2/datanode-2/data/ratis/76f70111-e77e-4959-9a46-e18269cd311e: flushIndex: setUnconditionally 0 -> -1
2019-09-19 08:58:59,482 [pool-179-thread-1] INFO  server.RaftServerConfigKeys (ConfUtils.java:logGet(43)) - raft.server.snapshot.auto.trigger.enabled = true (custom)
2019-09-19 08:58:59,482 [pool-179-thread-1] INFO  server.RaftServerConfigKeys (ConfUtils.java:logGet(43)) - raft.server.snapshot.auto.trigger.threshold = 10000 (custom)
2019-09-19 08:58:59,482 [pool-179-thread-1] INFO  server.RaftServerConfigKeys (ConfUtils.java:logGet(43)) - raft.server.retrycache.expirytime = 600000ms (custom)
2019-09-19 08:58:59,483 [pool-179-thread-1] INFO  impl.RaftServerImpl (RaftServerImpl.java:start(180)) - c3efbda9-57f4-4798-ad05-3f22f82ad386: start group-E18269CD311E
2019-09-19 08:58:59,483 [pool-179-thread-1] INFO  impl.RaftServerImpl (RaftServerImpl.java:setRole(171)) - c3efbda9-57f4-4798-ad05-3f22f82ad386:group-E18269CD311E changes role from null to FOLLOWER at term 0 for startAsFollower
2019-09-19 08:58:59,483 [pool-179-thread-1] INFO  impl.RoleInfo (RoleInfo.java:updateAndGet(143)) - c3efbda9-57f4-4798-ad05-3f22f82ad386: start FollowerState
2019-09-19 08:58:59,483 [pool-179-thread-1] INFO  util.JmxRegister (JmxRegister.java:tryRegister(44)) - Successfully registered JMX Bean with object name Ratis:service=RaftServer,group=group-E18269CD311E,id=c3efbda9-57f4-4798-ad05-3f22f82ad386
2019-09-19 08:58:59,485 [RatisPipelineUtilsThread] INFO  pipeline.PipelineStateManager (PipelineStateManager.java:addPipeline(56)) - Created pipeline Pipeline[ Id: 76f70111-e77e-4959-9a46-e18269cd311e, Nodes: c3efbda9-57f4-4798-ad05-3f22f82ad386{ip: 192.168.34.5, host: pr-hdds-1569-j4bt4-3030777008, networkLocation: /default-rack, certSerialId: null}, Type:RATIS, Factor:ONE, State:OPEN]
2019-09-19 08:58:59,485 [RatisPipelineUtilsThread] ERROR pipeline.PipelinePlacementPolicy (PipelinePlacementPolicy.java:meetCriteria(91)) - Pipeline Placement: Doesn't meet the criteria to be viable node. Heaviness: 6
2019-09-19 08:58:59,485 [RatisPipelineUtilsThread] ERROR pipeline.PipelinePlacementPolicy (PipelinePlacementPolicy.java:meetCriteria(91)) - Pipeline Placement: Doesn't meet the criteria to be viable node. Heaviness: 6
2019-09-19 08:58:59,489 [grpc-default-executor-0] INFO  impl.RaftServerProxy (RaftServerProxy.java:addNew(89)) - c3efbda9-57f4-4798-ad05-3f22f82ad386: addNew group-0E6AD22F06D5:[c3efbda9-57f4-4798-ad05-3f22f82ad386:192.168.34.5:38495] returns group-0E6AD22F06D5:java.util.concurrent.CompletableFuture@10bb02cb[Not completed]
2019-09-19 08:58:59,490 [pool-179-thread-1] INFO  impl.RaftServerImpl (RaftServerImpl.java:<init>(93)) - c3efbda9-57f4-4798-ad05-3f22f82ad386: new RaftServerImpl for group-0E6AD22F06D5:[c3efbda9-57f4-4798-ad05-3f22f82ad386:192.168.34.5:38495] with ContainerStateMachine:uninitialized
2019-09-19 08:58:59,490 [pool-179-thread-1] INFO  server.RaftServerConfigKeys (ConfUtils.java:logGet(43)) - raft.server.rpc.timeout.min = 1s (custom)
2019-09-19 08:58:59,490 [pool-179-thread-1] INFO  server.RaftServerConfigKeys (ConfUtils.java:logGet(43)) - raft.server.rpc.timeout.max = 1200ms (custom)
2019-09-19 08:58:59,490 [pool-179-thread-1] INFO  server.RaftServerConfigKeys (ConfUtils.java:logGet(43)) - raft.server.rpcslowness.timeout = 120s (custom)
2019-09-19 08:58:59,490 [pool-179-thread-1] INFO  server.RaftServerConfigKeys (ConfUtils.java:logGet(43)) - raft.server.sleep.deviation.threshold = 300 (default)
2019-09-19 08:58:59,490 [pool-179-thread-1] INFO  server.RaftServerConfigKeys (ConfUtils.java:logGet(43)) - raft.server.log.appender.install.snapshot.enabled = false (custom)
2019-09-19 08:58:59,491 [pool-179-thread-1] INFO  impl.RaftServerImpl (ServerState.java:<init>(105)) - c3efbda9-57f4-4798-ad05-3f22f82ad386:group-0E6AD22F06D5 ConfigurationManager, init=-1: [c3efbda9-57f4-4798-ad05-3f22f82ad386:192.168.34.5:38495], old=null, confs=<EMPTY_MAP>
2019-09-19 08:58:59,491 [pool-179-thread-1] INFO  server.RaftServerConfigKeys (ConfUtils.java:logGet(43)) - raft.server.storage.dir = [/workdir/hadoop-ozone/integration-test/target/test-dir/MiniOzoneClusterImpl-66e2a49b-37e1-46c5-a16c-3b22c3c736b2/datanode-2/data/ratis] (custom)
2019-09-19 08:58:59,491 [pool-179-thread-1] INFO  storage.RaftStorageDirectory (RaftStorageDirectory.java:analyzeStorage(246)) - The storage directory /workdir/hadoop-ozone/integration-test/target/test-dir/MiniOzoneClusterImpl-66e2a49b-37e1-46c5-a16c-3b22c3c736b2/datanode-2/data/ratis/fd1f3665-aeb6-4e40-83fe-0e6ad22f06d5 does not exist. Creating ...
2019-09-19 08:58:59,503 [pool-179-thread-1] INFO  storage.RaftStorageDirectory (RaftStorageDirectory.java:tryLock(328)) - Lock on /workdir/hadoop-ozone/integration-test/target/test-dir/MiniOzoneClusterImpl-66e2a49b-37e1-46c5-a16c-3b22c3c736b2/datanode-2/data/ratis/fd1f3665-aeb6-4e40-83fe-0e6ad22f06d5/in_use.lock acquired by nodename 8013@pr-hdds-1569-j4bt4-3030777008
2019-09-19 08:58:59,506 [pool-179-thread-1] INFO  storage.RaftStorage (RaftStorage.java:format(72)) - Storage directory /workdir/hadoop-ozone/integration-test/target/test-dir/MiniOzoneClusterImpl-66e2a49b-37e1-46c5-a16c-3b22c3c736b2/datanode-2/data/ratis/fd1f3665-aeb6-4e40-83fe-0e6ad22f06d5 has been successfully formatted.
2019-09-19 08:58:59,507 [pool-179-thread-1] INFO  ratis.ContainerStateMachine (ContainerStateMachine.java:loadSnapshot(226)) - group-0E6AD22F06D5: The snapshot info is null. Setting the last applied indexto:(t:0, i:~)
2019-09-19 08:58:59,507 [pool-179-thread-1] INFO  server.RaftServerConfigKeys (ConfUtils.java:logGet(43)) - raft.server.leader.election.timeout = 120s (custom)
2019-09-19 08:58:59,507 [pool-179-thread-1] INFO  server.RaftServerConfigKeys (ConfUtils.java:logGet(43)) - raft.server.log.use.memory = false (default)
2019-09-19 08:58:59,507 [pool-179-thread-1] INFO  server.RaftServerConfigKeys (ConfUtils.java:logGet(43)) - raft.server.log.purge.gap = 1000000 (custom)
2019-09-19 08:58:59,507 [pool-179-thread-1] INFO  server.RaftServerConfigKeys (ConfUtils.java:logGet(43)) - raft.server.log.appender.buffer.byte-limit = 33554432 (custom)
2019-09-19 08:58:59,507 [pool-179-thread-1] INFO  server.RaftServerConfigKeys (ConfUtils.java:logGet(43)) - raft.server.log.segment.size.max = 1048576 (custom)
2019-09-19 08:58:59,507 [pool-179-thread-1] INFO  server.RaftServerConfigKeys (ConfUtils.java:logGet(43)) - raft.server.log.segment.cache.num.max = 2 (custom)
2019-09-19 08:58:59,507 [pool-179-thread-1] INFO  segmented.SegmentedRaftLogWorker (SegmentedRaftLogWorker.java:<init>(172)) - new c3efbda9-57f4-4798-ad05-3f22f82ad386-SegmentedRaftLogWorker:Storage Directory /workdir/hadoop-ozone/integration-test/target/test-dir/MiniOzoneClusterImpl-66e2a49b-37e1-46c5-a16c-3b22c3c736b2/datanode-2/data/ratis/fd1f3665-aeb6-4e40-83fe-0e6ad22f06d5 for RaftStorage:Storage Directory /workdir/hadoop-ozone/integration-test/target/test-dir/MiniOzoneClusterImpl-66e2a49b-37e1-46c5-a16c-3b22c3c736b2/datanode-2/data/ratis/fd1f3665-aeb6-4e40-83fe-0e6ad22f06d5
2019-09-19 08:58:59,507 [pool-179-thread-1] INFO  server.RaftServerConfigKeys (ConfUtils.java:logGet(43)) - raft.server.log.queue.byte-limit = 2147483647 (custom)
2019-09-19 08:58:59,508 [pool-179-thread-1] INFO  server.RaftServerConfigKeys (ConfUtils.java:logGet(43)) - raft.server.log.queue.element-limit = 1024 (custom)
2019-09-19 08:58:59,508 [pool-179-thread-1] INFO  server.RaftServerConfigKeys (ConfUtils.java:logGet(43)) - raft.server.log.segment.size.max = 1048576 (custom)
2019-09-19 08:58:59,508 [pool-179-thread-1] INFO  server.RaftServerConfigKeys (ConfUtils.java:logGet(43)) - raft.server.log.preallocated.size = 16384 (custom)
2019-09-19 08:58:59,508 [pool-179-thread-1] INFO  server.RaftServerConfigKeys (ConfUtils.java:logGet(43)) - raft.server.log.write.buffer.size = 33554432 (custom)
2019-09-19 08:58:59,508 [pool-179-thread-1] INFO  server.RaftServerConfigKeys (ConfUtils.java:logGet(43)) - raft.server.log.force.sync.num = 128 (default)
2019-09-19 08:58:59,508 [pool-179-thread-1] INFO  server.RaftServerConfigKeys (ConfUtils.java:logGet(43)) - raft.server.log.statemachine.data.sync = true (default)
2019-09-19 08:58:59,508 [pool-179-thread-1] INFO  server.RaftServerConfigKeys (ConfUtils.java:logGet(43)) - raft.server.log.statemachine.data.sync.timeout = 10s (default)
2019-09-19 08:58:59,508 [pool-179-thread-1] INFO  server.RaftServerConfigKeys (ConfUtils.java:logGet(43)) - raft.server.log.statemachine.data.sync.timeout.retry = -1 (default)
2019-09-19 08:58:59,508 [pool-179-thread-1] INFO  server.RaftServerConfigKeys (ConfUtils.java:logGet(43)) - raft.server.log.statemachine.data.caching.enabled = true (custom)
2019-09-19 08:58:59,509 [pool-179-thread-1] INFO  segmented.SegmentedRaftLogWorker (SegmentedRaftLogWorker.java:lambda$new$0(132)) - c3efbda9-57f4-4798-ad05-3f22f82ad386-SegmentedRaftLogWorker:Storage Directory /workdir/hadoop-ozone/integration-test/target/test-dir/MiniOzoneClusterImpl-66e2a49b-37e1-46c5-a16c-3b22c3c736b2/datanode-2/data/ratis/fd1f3665-aeb6-4e40-83fe-0e6ad22f06d5: flushIndex: setUnconditionally 0 -> -1
2019-09-19 08:58:59,509 [pool-179-thread-1] INFO  server.RaftServerConfigKeys (ConfUtils.java:logGet(43)) - raft.server.snapshot.auto.trigger.enabled = true (custom)
2019-09-19 08:58:59,509 [pool-179-thread-1] INFO  server.RaftServerConfigKeys (ConfUtils.java:logGet(43)) - raft.server.snapshot.auto.trigger.threshold = 10000 (custom)
2019-09-19 08:58:59,509 [pool-179-thread-1] INFO  server.RaftServerConfigKeys (ConfUtils.java:logGet(43)) - raft.server.retrycache.expirytime = 600000ms (custom)
2019-09-19 08:58:59,509 [pool-179-thread-1] INFO  impl.RaftServerImpl (RaftServerImpl.java:start(180)) - c3efbda9-57f4-4798-ad05-3f22f82ad386: start group-0E6AD22F06D5
2019-09-19 08:58:59,509 [pool-179-thread-1] INFO  impl.RaftServerImpl (RaftServerImpl.java:setRole(171)) - c3efbda9-57f4-4798-ad05-3f22f82ad386:group-0E6AD22F06D5 changes role from null to FOLLOWER at term 0 for startAsFollower
2019-09-19 08:58:59,509 [pool-179-thread-1] INFO  impl.RoleInfo (RoleInfo.java:updateAndGet(143)) - c3efbda9-57f4-4798-ad05-3f22f82ad386: start FollowerState
2019-09-19 08:58:59,510 [pool-179-thread-1] INFO  util.JmxRegister (JmxRegister.java:tryRegister(44)) - Successfully registered JMX Bean with object name Ratis:service=RaftServer,group=group-0E6AD22F06D5,id=c3efbda9-57f4-4798-ad05-3f22f82ad386
2019-09-19 08:58:59,512 [RatisPipelineUtilsThread] INFO  pipeline.PipelineStateManager (PipelineStateManager.java:addPipeline(56)) - Created pipeline Pipeline[ Id: fd1f3665-aeb6-4e40-83fe-0e6ad22f06d5, Nodes: c3efbda9-57f4-4798-ad05-3f22f82ad386{ip: 192.168.34.5, host: pr-hdds-1569-j4bt4-3030777008, networkLocation: /default-rack, certSerialId: null}, Type:RATIS, Factor:ONE, State:OPEN]
2019-09-19 08:58:59,512 [RatisPipelineUtilsThread] ERROR pipeline.PipelinePlacementPolicy (PipelinePlacementPolicy.java:meetCriteria(91)) - Pipeline Placement: Doesn't meet the criteria to be viable node. Heaviness: 6
2019-09-19 08:58:59,512 [RatisPipelineUtilsThread] ERROR pipeline.PipelinePlacementPolicy (PipelinePlacementPolicy.java:meetCriteria(91)) - Pipeline Placement: Doesn't meet the criteria to be viable node. Heaviness: 6
2019-09-19 08:58:59,516 [grpc-default-executor-0] INFO  impl.RaftServerProxy (RaftServerProxy.java:addNew(89)) - c3efbda9-57f4-4798-ad05-3f22f82ad386: addNew group-0D92FBADD8BD:[c3efbda9-57f4-4798-ad05-3f22f82ad386:192.168.34.5:38495] returns group-0D92FBADD8BD:java.util.concurrent.CompletableFuture@4b447fff[Not completed]
2019-09-19 08:58:59,517 [pool-179-thread-1] INFO  impl.RaftServerImpl (RaftServerImpl.java:<init>(93)) - c3efbda9-57f4-4798-ad05-3f22f82ad386: new RaftServerImpl for group-0D92FBADD8BD:[c3efbda9-57f4-4798-ad05-3f22f82ad386:192.168.34.5:38495] with ContainerStateMachine:uninitialized
2019-09-19 08:58:59,517 [pool-179-thread-1] INFO  server.RaftServerConfigKeys (ConfUtils.java:logGet(43)) - raft.server.rpc.timeout.min = 1s (custom)
2019-09-19 08:58:59,517 [pool-179-thread-1] INFO  server.RaftServerConfigKeys (ConfUtils.java:logGet(43)) - raft.server.rpc.timeout.max = 1200ms (custom)
2019-09-19 08:58:59,517 [pool-179-thread-1] INFO  server.RaftServerConfigKeys (ConfUtils.java:logGet(43)) - raft.server.rpcslowness.timeout = 120s (custom)
2019-09-19 08:58:59,517 [pool-179-thread-1] INFO  server.RaftServerConfigKeys (ConfUtils.java:logGet(43)) - raft.server.sleep.deviation.threshold = 300 (default)
2019-09-19 08:58:59,517 [pool-179-thread-1] INFO  server.RaftServerConfigKeys (ConfUtils.java:logGet(43)) - raft.server.log.appender.install.snapshot.enabled = false (custom)
2019-09-19 08:58:59,517 [pool-179-thread-1] INFO  impl.RaftServerImpl (ServerState.java:<init>(105)) - c3efbda9-57f4-4798-ad05-3f22f82ad386:group-0D92FBADD8BD ConfigurationManager, init=-1: [c3efbda9-57f4-4798-ad05-3f22f82ad386:192.168.34.5:38495], old=null, confs=<EMPTY_MAP>
2019-09-19 08:58:59,517 [pool-179-thread-1] INFO  server.RaftServerConfigKeys (ConfUtils.java:logGet(43)) - raft.server.storage.dir = [/workdir/hadoop-ozone/integration-test/target/test-dir/MiniOzoneClusterImpl-66e2a49b-37e1-46c5-a16c-3b22c3c736b2/datanode-2/data/ratis] (custom)
2019-09-19 08:58:59,517 [pool-179-thread-1] INFO  storage.RaftStorageDirectory (RaftStorageDirectory.java:analyzeStorage(246)) - The storage directory /workdir/hadoop-ozone/integration-test/target/test-dir/MiniOzoneClusterImpl-66e2a49b-37e1-46c5-a16c-3b22c3c736b2/datanode-2/data/ratis/4f0f3ceb-4277-4cae-b242-0d92fbadd8bd does not exist. Creating ...
2019-09-19 08:58:59,520 [pool-179-thread-1] INFO  storage.RaftStorageDirectory (RaftStorageDirectory.java:tryLock(328)) - Lock on /workdir/hadoop-ozone/integration-test/target/test-dir/MiniOzoneClusterImpl-66e2a49b-37e1-46c5-a16c-3b22c3c736b2/datanode-2/data/ratis/4f0f3ceb-4277-4cae-b242-0d92fbadd8bd/in_use.lock acquired by nodename 8013@pr-hdds-1569-j4bt4-3030777008
2019-09-19 08:58:59,523 [pool-179-thread-1] INFO  storage.RaftStorage (RaftStorage.java:format(72)) - Storage directory /workdir/hadoop-ozone/integration-test/target/test-dir/MiniOzoneClusterImpl-66e2a49b-37e1-46c5-a16c-3b22c3c736b2/datanode-2/data/ratis/4f0f3ceb-4277-4cae-b242-0d92fbadd8bd has been successfully formatted.
2019-09-19 08:58:59,524 [pool-179-thread-1] INFO  ratis.ContainerStateMachine (ContainerStateMachine.java:loadSnapshot(226)) - group-0D92FBADD8BD: The snapshot info is null. Setting the last applied indexto:(t:0, i:~)
2019-09-19 08:58:59,524 [pool-179-thread-1] INFO  server.RaftServerConfigKeys (ConfUtils.java:logGet(43)) - raft.server.leader.election.timeout = 120s (custom)
2019-09-19 08:58:59,524 [pool-179-thread-1] INFO  server.RaftServerConfigKeys (ConfUtils.java:logGet(43)) - raft.server.log.use.memory = false (default)
2019-09-19 08:58:59,524 [pool-179-thread-1] INFO  server.RaftServerConfigKeys (ConfUtils.java:logGet(43)) - raft.server.log.purge.gap = 1000000 (custom)
2019-09-19 08:58:59,524 [pool-179-thread-1] INFO  server.RaftServerConfigKeys (ConfUtils.java:logGet(43)) - raft.server.log.appender.buffer.byte-limit = 33554432 (custom)
2019-09-19 08:58:59,524 [pool-179-thread-1] INFO  server.RaftServerConfigKeys (ConfUtils.java:logGet(43)) - raft.server.log.segment.size.max = 1048576 (custom)
2019-09-19 08:58:59,525 [pool-179-thread-1] INFO  server.RaftServerConfigKeys (ConfUtils.java:logGet(43)) - raft.server.log.segment.cache.num.max = 2 (custom)
2019-09-19 08:58:59,525 [pool-179-thread-1] INFO  segmented.SegmentedRaftLogWorker (SegmentedRaftLogWorker.java:<init>(172)) - new c3efbda9-57f4-4798-ad05-3f22f82ad386-SegmentedRaftLogWorker:Storage Directory /workdir/hadoop-ozone/integration-test/target/test-dir/MiniOzoneClusterImpl-66e2a49b-37e1-46c5-a16c-3b22c3c736b2/datanode-2/data/ratis/4f0f3ceb-4277-4cae-b242-0d92fbadd8bd for RaftStorage:Storage Directory /workdir/hadoop-ozone/integration-test/target/test-dir/MiniOzoneClusterImpl-66e2a49b-37e1-46c5-a16c-3b22c3c736b2/datanode-2/data/ratis/4f0f3ceb-4277-4cae-b242-0d92fbadd8bd
2019-09-19 08:58:59,525 [pool-179-thread-1] INFO  server.RaftServerConfigKeys (ConfUtils.java:logGet(43)) - raft.server.log.queue.byte-limit = 2147483647 (custom)
2019-09-19 08:58:59,525 [pool-179-thread-1] INFO  server.RaftServerConfigKeys (ConfUtils.java:logGet(43)) - raft.server.log.queue.element-limit = 1024 (custom)
2019-09-19 08:58:59,525 [pool-179-thread-1] INFO  server.RaftServerConfigKeys (ConfUtils.java:logGet(43)) - raft.server.log.segment.size.max = 1048576 (custom)
2019-09-19 08:58:59,525 [pool-179-thread-1] INFO  server.RaftServerConfigKeys (ConfUtils.java:logGet(43)) - raft.server.log.preallocated.size = 16384 (custom)
2019-09-19 08:58:59,525 [pool-179-thread-1] INFO  server.RaftServerConfigKeys (ConfUtils.java:logGet(43)) - raft.server.log.write.buffer.size = 33554432 (custom)
2019-09-19 08:58:59,525 [pool-179-thread-1] INFO  server.RaftServerConfigKeys (ConfUtils.java:logGet(43)) - raft.server.log.force.sync.num = 128 (default)
2019-09-19 08:58:59,526 [pool-179-thread-1] INFO  server.RaftServerConfigKeys (ConfUtils.java:logGet(43)) - raft.server.log.statemachine.data.sync = true (default)
2019-09-19 08:58:59,526 [pool-179-thread-1] INFO  server.RaftServerConfigKeys (ConfUtils.java:logGet(43)) - raft.server.log.statemachine.data.sync.timeout = 10s (default)
2019-09-19 08:58:59,526 [pool-179-thread-1] INFO  server.RaftServerConfigKeys (ConfUtils.java:logGet(43)) - raft.server.log.statemachine.data.sync.timeout.retry = -1 (default)
2019-09-19 08:58:59,526 [pool-179-thread-1] INFO  server.RaftServerConfigKeys (ConfUtils.java:logGet(43)) - raft.server.log.statemachine.data.caching.enabled = true (custom)
2019-09-19 08:58:59,526 [pool-179-thread-1] INFO  segmented.SegmentedRaftLogWorker (SegmentedRaftLogWorker.java:lambda$new$0(132)) - c3efbda9-57f4-4798-ad05-3f22f82ad386-SegmentedRaftLogWorker:Storage Directory /workdir/hadoop-ozone/integration-test/target/test-dir/MiniOzoneClusterImpl-66e2a49b-37e1-46c5-a16c-3b22c3c736b2/datanode-2/data/ratis/4f0f3ceb-4277-4cae-b242-0d92fbadd8bd: flushIndex: setUnconditionally 0 -> -1
2019-09-19 08:58:59,526 [pool-179-thread-1] INFO  server.RaftServerConfigKeys (ConfUtils.java:logGet(43)) - raft.server.snapshot.auto.trigger.enabled = true (custom)
2019-09-19 08:58:59,526 [pool-179-thread-1] INFO  server.RaftServerConfigKeys (ConfUtils.java:logGet(43)) - raft.server.snapshot.auto.trigger.threshold = 10000 (custom)
2019-09-19 08:58:59,527 [pool-179-thread-1] INFO  server.RaftServerConfigKeys (ConfUtils.java:logGet(43)) - raft.server.retrycache.expirytime = 600000ms (custom)
2019-09-19 08:58:59,527 [pool-179-thread-1] INFO  impl.RaftServerImpl (RaftServerImpl.java:start(180)) - c3efbda9-57f4-4798-ad05-3f22f82ad386: start group-0D92FBADD8BD
2019-09-19 08:58:59,527 [pool-179-thread-1] INFO  impl.RaftServerImpl (RaftServerImpl.java:setRole(171)) - c3efbda9-57f4-4798-ad05-3f22f82ad386:group-0D92FBADD8BD changes role from null to FOLLOWER at term 0 for startAsFollower
2019-09-19 08:58:59,527 [pool-179-thread-1] INFO  impl.RoleInfo (RoleInfo.java:updateAndGet(143)) - c3efbda9-57f4-4798-ad05-3f22f82ad386: start FollowerState
2019-09-19 08:58:59,527 [pool-179-thread-1] INFO  util.JmxRegister (JmxRegister.java:tryRegister(44)) - Successfully registered JMX Bean with object name Ratis:service=RaftServer,group=group-0D92FBADD8BD,id=c3efbda9-57f4-4798-ad05-3f22f82ad386
2019-09-19 08:58:59,529 [RatisPipelineUtilsThread] INFO  pipeline.PipelineStateManager (PipelineStateManager.java:addPipeline(56)) - Created pipeline Pipeline[ Id: 4f0f3ceb-4277-4cae-b242-0d92fbadd8bd, Nodes: c3efbda9-57f4-4798-ad05-3f22f82ad386{ip: 192.168.34.5, host: pr-hdds-1569-j4bt4-3030777008, networkLocation: /default-rack, certSerialId: null}, Type:RATIS, Factor:ONE, State:OPEN]
2019-09-19 08:58:59,530 [RatisPipelineUtilsThread] ERROR pipeline.PipelinePlacementPolicy (PipelinePlacementPolicy.java:meetCriteria(91)) - Pipeline Placement: Doesn't meet the criteria to be viable node. Heaviness: 6
2019-09-19 08:58:59,530 [RatisPipelineUtilsThread] ERROR pipeline.PipelinePlacementPolicy (PipelinePlacementPolicy.java:meetCriteria(91)) - Pipeline Placement: Doesn't meet the criteria to be viable node. Heaviness: 6
2019-09-19 08:58:59,530 [RatisPipelineUtilsThread] ERROR pipeline.PipelinePlacementPolicy (PipelinePlacementPolicy.java:meetCriteria(91)) - Pipeline Placement: Doesn't meet the criteria to be viable node. Heaviness: 6
2019-09-19 08:58:59,536 [grpc-default-executor-0] INFO  impl.RaftServerProxy (RaftServerProxy.java:addNew(89)) - 9b5d8b34-2569-4d93-9fd9-024f418d364f: addNew group-1069A886D182:[9b5d8b34-2569-4d93-9fd9-024f418d364f:192.168.34.5:34928] returns group-1069A886D182:java.util.concurrent.CompletableFuture@72f9350c[Not completed]
2019-09-19 08:58:59,537 [pool-190-thread-1] INFO  impl.RaftServerImpl (RaftServerImpl.java:<init>(93)) - 9b5d8b34-2569-4d93-9fd9-024f418d364f: new RaftServerImpl for group-1069A886D182:[9b5d8b34-2569-4d93-9fd9-024f418d364f:192.168.34.5:34928] with ContainerStateMachine:uninitialized
2019-09-19 08:58:59,537 [pool-190-thread-1] INFO  server.RaftServerConfigKeys (ConfUtils.java:logGet(43)) - raft.server.rpc.timeout.min = 1s (custom)
2019-09-19 08:58:59,537 [pool-190-thread-1] INFO  server.RaftServerConfigKeys (ConfUtils.java:logGet(43)) - raft.server.rpc.timeout.max = 1200ms (custom)
2019-09-19 08:58:59,538 [pool-190-thread-1] INFO  server.RaftServerConfigKeys (ConfUtils.java:logGet(43)) - raft.server.rpcslowness.timeout = 120s (custom)
2019-09-19 08:58:59,538 [pool-190-thread-1] INFO  server.RaftServerConfigKeys (ConfUtils.java:logGet(43)) - raft.server.sleep.deviation.threshold = 300 (default)
2019-09-19 08:58:59,538 [pool-190-thread-1] INFO  server.RaftServerConfigKeys (ConfUtils.java:logGet(43)) - raft.server.log.appender.install.snapshot.enabled = false (custom)
2019-09-19 08:58:59,538 [pool-190-thread-1] INFO  impl.RaftServerImpl (ServerState.java:<init>(105)) - 9b5d8b34-2569-4d93-9fd9-024f418d364f:group-1069A886D182 ConfigurationManager, init=-1: [9b5d8b34-2569-4d93-9fd9-024f418d364f:192.168.34.5:34928], old=null, confs=<EMPTY_MAP>
2019-09-19 08:58:59,538 [pool-190-thread-1] INFO  server.RaftServerConfigKeys (ConfUtils.java:logGet(43)) - raft.server.storage.dir = [/workdir/hadoop-ozone/integration-test/target/test-dir/MiniOzoneClusterImpl-66e2a49b-37e1-46c5-a16c-3b22c3c736b2/datanode-3/data/ratis] (custom)
2019-09-19 08:58:59,538 [pool-190-thread-1] INFO  storage.RaftStorageDirectory (RaftStorageDirectory.java:analyzeStorage(246)) - The storage directory /workdir/hadoop-ozone/integration-test/target/test-dir/MiniOzoneClusterImpl-66e2a49b-37e1-46c5-a16c-3b22c3c736b2/datanode-3/data/ratis/af73bcf1-9d46-402a-a45e-1069a886d182 does not exist. Creating ...
2019-09-19 08:58:59,542 [pool-190-thread-1] INFO  storage.RaftStorageDirectory (RaftStorageDirectory.java:tryLock(328)) - Lock on /workdir/hadoop-ozone/integration-test/target/test-dir/MiniOzoneClusterImpl-66e2a49b-37e1-46c5-a16c-3b22c3c736b2/datanode-3/data/ratis/af73bcf1-9d46-402a-a45e-1069a886d182/in_use.lock acquired by nodename 8013@pr-hdds-1569-j4bt4-3030777008
2019-09-19 08:58:59,548 [pool-190-thread-1] INFO  storage.RaftStorage (RaftStorage.java:format(72)) - Storage directory /workdir/hadoop-ozone/integration-test/target/test-dir/MiniOzoneClusterImpl-66e2a49b-37e1-46c5-a16c-3b22c3c736b2/datanode-3/data/ratis/af73bcf1-9d46-402a-a45e-1069a886d182 has been successfully formatted.
2019-09-19 08:58:59,548 [pool-190-thread-1] INFO  ratis.ContainerStateMachine (ContainerStateMachine.java:loadSnapshot(226)) - group-1069A886D182: The snapshot info is null. Setting the last applied indexto:(t:0, i:~)
2019-09-19 08:58:59,548 [pool-190-thread-1] INFO  server.RaftServerConfigKeys (ConfUtils.java:logGet(43)) - raft.server.leader.election.timeout = 120s (custom)
2019-09-19 08:58:59,548 [pool-190-thread-1] INFO  server.RaftServerConfigKeys (ConfUtils.java:logGet(43)) - raft.server.log.use.memory = false (default)
2019-09-19 08:58:59,548 [pool-190-thread-1] INFO  server.RaftServerConfigKeys (ConfUtils.java:logGet(43)) - raft.server.log.purge.gap = 1000000 (custom)
2019-09-19 08:58:59,549 [pool-190-thread-1] INFO  server.RaftServerConfigKeys (ConfUtils.java:logGet(43)) - raft.server.log.appender.buffer.byte-limit = 33554432 (custom)
2019-09-19 08:58:59,549 [pool-190-thread-1] INFO  server.RaftServerConfigKeys (ConfUtils.java:logGet(43)) - raft.server.log.segment.size.max = 1048576 (custom)
2019-09-19 08:58:59,549 [pool-190-thread-1] INFO  server.RaftServerConfigKeys (ConfUtils.java:logGet(43)) - raft.server.log.segment.cache.num.max = 2 (custom)
2019-09-19 08:58:59,549 [pool-190-thread-1] INFO  segmented.SegmentedRaftLogWorker (SegmentedRaftLogWorker.java:<init>(172)) - new 9b5d8b34-2569-4d93-9fd9-024f418d364f-SegmentedRaftLogWorker:Storage Directory /workdir/hadoop-ozone/integration-test/target/test-dir/MiniOzoneClusterImpl-66e2a49b-37e1-46c5-a16c-3b22c3c736b2/datanode-3/data/ratis/af73bcf1-9d46-402a-a45e-1069a886d182 for RaftStorage:Storage Directory /workdir/hadoop-ozone/integration-test/target/test-dir/MiniOzoneClusterImpl-66e2a49b-37e1-46c5-a16c-3b22c3c736b2/datanode-3/data/ratis/af73bcf1-9d46-402a-a45e-1069a886d182
2019-09-19 08:58:59,549 [pool-190-thread-1] INFO  server.RaftServerConfigKeys (ConfUtils.java:logGet(43)) - raft.server.log.queue.byte-limit = 2147483647 (custom)
2019-09-19 08:58:59,549 [pool-190-thread-1] INFO  server.RaftServerConfigKeys (ConfUtils.java:logGet(43)) - raft.server.log.queue.element-limit = 1024 (custom)
2019-09-19 08:58:59,549 [pool-190-thread-1] INFO  server.RaftServerConfigKeys (ConfUtils.java:logGet(43)) - raft.server.log.segment.size.max = 1048576 (custom)
2019-09-19 08:58:59,549 [pool-190-thread-1] INFO  server.RaftServerConfigKeys (ConfUtils.java:logGet(43)) - raft.server.log.preallocated.size = 16384 (custom)
2019-09-19 08:58:59,549 [pool-190-thread-1] INFO  server.RaftServerConfigKeys (ConfUtils.java:logGet(43)) - raft.server.log.write.buffer.size = 33554432 (custom)
2019-09-19 08:58:59,549 [pool-190-thread-1] INFO  server.RaftServerConfigKeys (ConfUtils.java:logGet(43)) - raft.server.log.force.sync.num = 128 (default)
2019-09-19 08:58:59,550 [pool-190-thread-1] INFO  server.RaftServerConfigKeys (ConfUtils.java:logGet(43)) - raft.server.log.statemachine.data.sync = true (default)
2019-09-19 08:58:59,550 [pool-190-thread-1] INFO  server.RaftServerConfigKeys (ConfUtils.java:logGet(43)) - raft.server.log.statemachine.data.sync.timeout = 10s (default)
2019-09-19 08:58:59,550 [pool-190-thread-1] INFO  server.RaftServerConfigKeys (ConfUtils.java:logGet(43)) - raft.server.log.statemachine.data.sync.timeout.retry = -1 (default)
2019-09-19 08:58:59,550 [pool-190-thread-1] INFO  server.RaftServerConfigKeys (ConfUtils.java:logGet(43)) - raft.server.log.statemachine.data.caching.enabled = true (custom)
2019-09-19 08:58:59,550 [pool-190-thread-1] INFO  segmented.SegmentedRaftLogWorker (SegmentedRaftLogWorker.java:lambda$new$0(132)) - 9b5d8b34-2569-4d93-9fd9-024f418d364f-SegmentedRaftLogWorker:Storage Directory /workdir/hadoop-ozone/integration-test/target/test-dir/MiniOzoneClusterImpl-66e2a49b-37e1-46c5-a16c-3b22c3c736b2/datanode-3/data/ratis/af73bcf1-9d46-402a-a45e-1069a886d182: flushIndex: setUnconditionally 0 -> -1
2019-09-19 08:58:59,550 [pool-190-thread-1] INFO  server.RaftServerConfigKeys (ConfUtils.java:logGet(43)) - raft.server.snapshot.auto.trigger.enabled = true (custom)
2019-09-19 08:58:59,550 [pool-190-thread-1] INFO  server.RaftServerConfigKeys (ConfUtils.java:logGet(43)) - raft.server.snapshot.auto.trigger.threshold = 10000 (custom)
2019-09-19 08:58:59,551 [pool-190-thread-1] INFO  server.RaftServerConfigKeys (ConfUtils.java:logGet(43)) - raft.server.retrycache.expirytime = 600000ms (custom)
2019-09-19 08:58:59,551 [pool-190-thread-1] INFO  impl.RaftServerImpl (RaftServerImpl.java:start(180)) - 9b5d8b34-2569-4d93-9fd9-024f418d364f: start group-1069A886D182
2019-09-19 08:58:59,551 [pool-190-thread-1] INFO  impl.RaftServerImpl (RaftServerImpl.java:setRole(171)) - 9b5d8b34-2569-4d93-9fd9-024f418d364f:group-1069A886D182 changes role from null to FOLLOWER at term 0 for startAsFollower
2019-09-19 08:58:59,551 [pool-190-thread-1] INFO  impl.RoleInfo (RoleInfo.java:updateAndGet(143)) - 9b5d8b34-2569-4d93-9fd9-024f418d364f: start FollowerState
2019-09-19 08:58:59,551 [pool-190-thread-1] INFO  util.JmxRegister (JmxRegister.java:tryRegister(44)) - Successfully registered JMX Bean with object name Ratis:service=RaftServer,group=group-1069A886D182,id=9b5d8b34-2569-4d93-9fd9-024f418d364f
2019-09-19 08:58:59,553 [RatisPipelineUtilsThread] INFO  pipeline.PipelineStateManager (PipelineStateManager.java:addPipeline(56)) - Created pipeline Pipeline[ Id: af73bcf1-9d46-402a-a45e-1069a886d182, Nodes: 9b5d8b34-2569-4d93-9fd9-024f418d364f{ip: 192.168.34.5, host: pr-hdds-1569-j4bt4-3030777008, networkLocation: /default-rack, certSerialId: null}, Type:RATIS, Factor:ONE, State:OPEN]
2019-09-19 08:58:59,553 [RatisPipelineUtilsThread] ERROR pipeline.PipelinePlacementPolicy (PipelinePlacementPolicy.java:meetCriteria(91)) - Pipeline Placement: Doesn't meet the criteria to be viable node. Heaviness: 6
2019-09-19 08:58:59,553 [RatisPipelineUtilsThread] ERROR pipeline.PipelinePlacementPolicy (PipelinePlacementPolicy.java:meetCriteria(91)) - Pipeline Placement: Doesn't meet the criteria to be viable node. Heaviness: 6
2019-09-19 08:58:59,553 [RatisPipelineUtilsThread] ERROR pipeline.PipelinePlacementPolicy (PipelinePlacementPolicy.java:meetCriteria(91)) - Pipeline Placement: Doesn't meet the criteria to be viable node. Heaviness: 6
2019-09-19 08:58:59,557 [grpc-default-executor-0] INFO  impl.RaftServerProxy (RaftServerProxy.java:addNew(89)) - 9b5d8b34-2569-4d93-9fd9-024f418d364f: addNew group-CA423D718B75:[9b5d8b34-2569-4d93-9fd9-024f418d364f:192.168.34.5:34928] returns group-CA423D718B75:java.util.concurrent.CompletableFuture@58eed994[Not completed]
2019-09-19 08:58:59,558 [pool-190-thread-1] INFO  impl.RaftServerImpl (RaftServerImpl.java:<init>(93)) - 9b5d8b34-2569-4d93-9fd9-024f418d364f: new RaftServerImpl for group-CA423D718B75:[9b5d8b34-2569-4d93-9fd9-024f418d364f:192.168.34.5:34928] with ContainerStateMachine:uninitialized
2019-09-19 08:58:59,558 [pool-190-thread-1] INFO  server.RaftServerConfigKeys (ConfUtils.java:logGet(43)) - raft.server.rpc.timeout.min = 1s (custom)
2019-09-19 08:58:59,558 [pool-190-thread-1] INFO  server.RaftServerConfigKeys (ConfUtils.java:logGet(43)) - raft.server.rpc.timeout.max = 1200ms (custom)
2019-09-19 08:58:59,558 [pool-190-thread-1] INFO  server.RaftServerConfigKeys (ConfUtils.java:logGet(43)) - raft.server.rpcslowness.timeout = 120s (custom)
2019-09-19 08:58:59,558 [pool-190-thread-1] INFO  server.RaftServerConfigKeys (ConfUtils.java:logGet(43)) - raft.server.sleep.deviation.threshold = 300 (default)
2019-09-19 08:58:59,558 [pool-190-thread-1] INFO  server.RaftServerConfigKeys (ConfUtils.java:logGet(43)) - raft.server.log.appender.install.snapshot.enabled = false (custom)
2019-09-19 08:58:59,558 [pool-190-thread-1] INFO  impl.RaftServerImpl (ServerState.java:<init>(105)) - 9b5d8b34-2569-4d93-9fd9-024f418d364f:group-CA423D718B75 ConfigurationManager, init=-1: [9b5d8b34-2569-4d93-9fd9-024f418d364f:192.168.34.5:34928], old=null, confs=<EMPTY_MAP>
2019-09-19 08:58:59,558 [pool-190-thread-1] INFO  server.RaftServerConfigKeys (ConfUtils.java:logGet(43)) - raft.server.storage.dir = [/workdir/hadoop-ozone/integration-test/target/test-dir/MiniOzoneClusterImpl-66e2a49b-37e1-46c5-a16c-3b22c3c736b2/datanode-3/data/ratis] (custom)
2019-09-19 08:58:59,558 [pool-190-thread-1] INFO  storage.RaftStorageDirectory (RaftStorageDirectory.java:analyzeStorage(246)) - The storage directory /workdir/hadoop-ozone/integration-test/target/test-dir/MiniOzoneClusterImpl-66e2a49b-37e1-46c5-a16c-3b22c3c736b2/datanode-3/data/ratis/d91b0d6d-5dfc-4b05-ad44-ca423d718b75 does not exist. Creating ...
2019-09-19 08:58:59,569 [pool-190-thread-1] INFO  storage.RaftStorageDirectory (RaftStorageDirectory.java:tryLock(328)) - Lock on /workdir/hadoop-ozone/integration-test/target/test-dir/MiniOzoneClusterImpl-66e2a49b-37e1-46c5-a16c-3b22c3c736b2/datanode-3/data/ratis/d91b0d6d-5dfc-4b05-ad44-ca423d718b75/in_use.lock acquired by nodename 8013@pr-hdds-1569-j4bt4-3030777008
2019-09-19 08:58:59,582 [pool-190-thread-1] INFO  storage.RaftStorage (RaftStorage.java:format(72)) - Storage directory /workdir/hadoop-ozone/integration-test/target/test-dir/MiniOzoneClusterImpl-66e2a49b-37e1-46c5-a16c-3b22c3c736b2/datanode-3/data/ratis/d91b0d6d-5dfc-4b05-ad44-ca423d718b75 has been successfully formatted.
2019-09-19 08:58:59,582 [pool-190-thread-1] INFO  ratis.ContainerStateMachine (ContainerStateMachine.java:loadSnapshot(226)) - group-CA423D718B75: The snapshot info is null. Setting the last applied indexto:(t:0, i:~)
2019-09-19 08:58:59,582 [pool-190-thread-1] INFO  server.RaftServerConfigKeys (ConfUtils.java:logGet(43)) - raft.server.leader.election.timeout = 120s (custom)
2019-09-19 08:58:59,582 [pool-190-thread-1] INFO  server.RaftServerConfigKeys (ConfUtils.java:logGet(43)) - raft.server.log.use.memory = false (default)
2019-09-19 08:58:59,582 [pool-190-thread-1] INFO  server.RaftServerConfigKeys (ConfUtils.java:logGet(43)) - raft.server.log.purge.gap = 1000000 (custom)
2019-09-19 08:58:59,582 [pool-190-thread-1] INFO  server.RaftServerConfigKeys (ConfUtils.java:logGet(43)) - raft.server.log.appender.buffer.byte-limit = 33554432 (custom)
2019-09-19 08:58:59,583 [pool-190-thread-1] INFO  server.RaftServerConfigKeys (ConfUtils.java:logGet(43)) - raft.server.log.segment.size.max = 1048576 (custom)
2019-09-19 08:58:59,583 [pool-190-thread-1] INFO  server.RaftServerConfigKeys (ConfUtils.java:logGet(43)) - raft.server.log.segment.cache.num.max = 2 (custom)
2019-09-19 08:58:59,583 [pool-190-thread-1] INFO  segmented.SegmentedRaftLogWorker (SegmentedRaftLogWorker.java:<init>(172)) - new 9b5d8b34-2569-4d93-9fd9-024f418d364f-SegmentedRaftLogWorker:Storage Directory /workdir/hadoop-ozone/integration-test/target/test-dir/MiniOzoneClusterImpl-66e2a49b-37e1-46c5-a16c-3b22c3c736b2/datanode-3/data/ratis/d91b0d6d-5dfc-4b05-ad44-ca423d718b75 for RaftStorage:Storage Directory /workdir/hadoop-ozone/integration-test/target/test-dir/MiniOzoneClusterImpl-66e2a49b-37e1-46c5-a16c-3b22c3c736b2/datanode-3/data/ratis/d91b0d6d-5dfc-4b05-ad44-ca423d718b75
2019-09-19 08:58:59,583 [pool-190-thread-1] INFO  server.RaftServerConfigKeys (ConfUtils.java:logGet(43)) - raft.server.log.queue.byte-limit = 2147483647 (custom)
2019-09-19 08:58:59,583 [pool-190-thread-1] INFO  server.RaftServerConfigKeys (ConfUtils.java:logGet(43)) - raft.server.log.queue.element-limit = 1024 (custom)
2019-09-19 08:58:59,583 [pool-190-thread-1] INFO  server.RaftServerConfigKeys (ConfUtils.java:logGet(43)) - raft.server.log.segment.size.max = 1048576 (custom)
2019-09-19 08:58:59,583 [pool-190-thread-1] INFO  server.RaftServerConfigKeys (ConfUtils.java:logGet(43)) - raft.server.log.preallocated.size = 16384 (custom)
2019-09-19 08:58:59,583 [pool-190-thread-1] INFO  server.RaftServerConfigKeys (ConfUtils.java:logGet(43)) - raft.server.log.write.buffer.size = 33554432 (custom)
2019-09-19 08:58:59,583 [pool-190-thread-1] INFO  server.RaftServerConfigKeys (ConfUtils.java:logGet(43)) - raft.server.log.force.sync.num = 128 (default)
2019-09-19 08:58:59,583 [pool-190-thread-1] INFO  server.RaftServerConfigKeys (ConfUtils.java:logGet(43)) - raft.server.log.statemachine.data.sync = true (default)
2019-09-19 08:58:59,583 [pool-190-thread-1] INFO  server.RaftServerConfigKeys (ConfUtils.java:logGet(43)) - raft.server.log.statemachine.data.sync.timeout = 10s (default)
2019-09-19 08:58:59,584 [pool-190-thread-1] INFO  server.RaftServerConfigKeys (ConfUtils.java:logGet(43)) - raft.server.log.statemachine.data.sync.timeout.retry = -1 (default)
2019-09-19 08:58:59,584 [pool-190-thread-1] INFO  server.RaftServerConfigKeys (ConfUtils.java:logGet(43)) - raft.server.log.statemachine.data.caching.enabled = true (custom)
2019-09-19 08:58:59,584 [pool-190-thread-1] INFO  segmented.SegmentedRaftLogWorker (SegmentedRaftLogWorker.java:lambda$new$0(132)) - 9b5d8b34-2569-4d93-9fd9-024f418d364f-SegmentedRaftLogWorker:Storage Directory /workdir/hadoop-ozone/integration-test/target/test-dir/MiniOzoneClusterImpl-66e2a49b-37e1-46c5-a16c-3b22c3c736b2/datanode-3/data/ratis/d91b0d6d-5dfc-4b05-ad44-ca423d718b75: flushIndex: setUnconditionally 0 -> -1
2019-09-19 08:58:59,584 [pool-190-thread-1] INFO  server.RaftServerConfigKeys (ConfUtils.java:logGet(43)) - raft.server.snapshot.auto.trigger.enabled = true (custom)
2019-09-19 08:58:59,584 [pool-190-thread-1] INFO  server.RaftServerConfigKeys (ConfUtils.java:logGet(43)) - raft.server.snapshot.auto.trigger.threshold = 10000 (custom)
2019-09-19 08:58:59,584 [pool-190-thread-1] INFO  server.RaftServerConfigKeys (ConfUtils.java:logGet(43)) - raft.server.retrycache.expirytime = 600000ms (custom)
2019-09-19 08:58:59,584 [pool-190-thread-1] INFO  impl.RaftServerImpl (RaftServerImpl.java:start(180)) - 9b5d8b34-2569-4d93-9fd9-024f418d364f: start group-CA423D718B75
2019-09-19 08:58:59,584 [pool-190-thread-1] INFO  impl.RaftServerImpl (RaftServerImpl.java:setRole(171)) - 9b5d8b34-2569-4d93-9fd9-024f418d364f:group-CA423D718B75 changes role from null to FOLLOWER at term 0 for startAsFollower
2019-09-19 08:58:59,584 [pool-190-thread-1] INFO  impl.RoleInfo (RoleInfo.java:updateAndGet(143)) - 9b5d8b34-2569-4d93-9fd9-024f418d364f: start FollowerState
2019-09-19 08:58:59,585 [pool-190-thread-1] INFO  util.JmxRegister (JmxRegister.java:tryRegister(44)) - Successfully registered JMX Bean with object name Ratis:service=RaftServer,group=group-CA423D718B75,id=9b5d8b34-2569-4d93-9fd9-024f418d364f
2019-09-19 08:58:59,587 [RatisPipelineUtilsThread] INFO  pipeline.PipelineStateManager (PipelineStateManager.java:addPipeline(56)) - Created pipeline Pipeline[ Id: d91b0d6d-5dfc-4b05-ad44-ca423d718b75, Nodes: 9b5d8b34-2569-4d93-9fd9-024f418d364f{ip: 192.168.34.5, host: pr-hdds-1569-j4bt4-3030777008, networkLocation: /default-rack, certSerialId: null}, Type:RATIS, Factor:ONE, State:OPEN]
2019-09-19 08:58:59,587 [RatisPipelineUtilsThread] ERROR pipeline.PipelinePlacementPolicy (PipelinePlacementPolicy.java:meetCriteria(91)) - Pipeline Placement: Doesn't meet the criteria to be viable node. Heaviness: 6
2019-09-19 08:58:59,587 [RatisPipelineUtilsThread] ERROR pipeline.PipelinePlacementPolicy (PipelinePlacementPolicy.java:meetCriteria(91)) - Pipeline Placement: Doesn't meet the criteria to be viable node. Heaviness: 6
2019-09-19 08:58:59,587 [RatisPipelineUtilsThread] ERROR pipeline.PipelinePlacementPolicy (PipelinePlacementPolicy.java:meetCriteria(91)) - Pipeline Placement: Doesn't meet the criteria to be viable node. Heaviness: 6
2019-09-19 08:58:59,590 [grpc-default-executor-0] INFO  impl.RaftServerProxy (RaftServerProxy.java:addNew(89)) - 9b5d8b34-2569-4d93-9fd9-024f418d364f: addNew group-C801A8F28891:[9b5d8b34-2569-4d93-9fd9-024f418d364f:192.168.34.5:34928] returns group-C801A8F28891:java.util.concurrent.CompletableFuture@4642016d[Not completed]
2019-09-19 08:58:59,591 [pool-190-thread-1] INFO  impl.RaftServerImpl (RaftServerImpl.java:<init>(93)) - 9b5d8b34-2569-4d93-9fd9-024f418d364f: new RaftServerImpl for group-C801A8F28891:[9b5d8b34-2569-4d93-9fd9-024f418d364f:192.168.34.5:34928] with ContainerStateMachine:uninitialized
2019-09-19 08:58:59,591 [pool-190-thread-1] INFO  server.RaftServerConfigKeys (ConfUtils.java:logGet(43)) - raft.server.rpc.timeout.min = 1s (custom)
2019-09-19 08:58:59,591 [pool-190-thread-1] INFO  server.RaftServerConfigKeys (ConfUtils.java:logGet(43)) - raft.server.rpc.timeout.max = 1200ms (custom)
2019-09-19 08:58:59,591 [pool-190-thread-1] INFO  server.RaftServerConfigKeys (ConfUtils.java:logGet(43)) - raft.server.rpcslowness.timeout = 120s (custom)
2019-09-19 08:58:59,591 [pool-190-thread-1] INFO  server.RaftServerConfigKeys (ConfUtils.java:logGet(43)) - raft.server.sleep.deviation.threshold = 300 (default)
2019-09-19 08:58:59,591 [pool-190-thread-1] INFO  server.RaftServerConfigKeys (ConfUtils.java:logGet(43)) - raft.server.log.appender.install.snapshot.enabled = false (custom)
2019-09-19 08:58:59,591 [pool-190-thread-1] INFO  impl.RaftServerImpl (ServerState.java:<init>(105)) - 9b5d8b34-2569-4d93-9fd9-024f418d364f:group-C801A8F28891 ConfigurationManager, init=-1: [9b5d8b34-2569-4d93-9fd9-024f418d364f:192.168.34.5:34928], old=null, confs=<EMPTY_MAP>
2019-09-19 08:58:59,591 [pool-190-thread-1] INFO  server.RaftServerConfigKeys (ConfUtils.java:logGet(43)) - raft.server.storage.dir = [/workdir/hadoop-ozone/integration-test/target/test-dir/MiniOzoneClusterImpl-66e2a49b-37e1-46c5-a16c-3b22c3c736b2/datanode-3/data/ratis] (custom)
2019-09-19 08:58:59,591 [pool-190-thread-1] INFO  storage.RaftStorageDirectory (RaftStorageDirectory.java:analyzeStorage(246)) - The storage directory /workdir/hadoop-ozone/integration-test/target/test-dir/MiniOzoneClusterImpl-66e2a49b-37e1-46c5-a16c-3b22c3c736b2/datanode-3/data/ratis/08ed0453-1fe4-4b2d-b8e5-c801a8f28891 does not exist. Creating ...
2019-09-19 08:58:59,597 [pool-190-thread-1] INFO  storage.RaftStorageDirectory (RaftStorageDirectory.java:tryLock(328)) - Lock on /workdir/hadoop-ozone/integration-test/target/test-dir/MiniOzoneClusterImpl-66e2a49b-37e1-46c5-a16c-3b22c3c736b2/datanode-3/data/ratis/08ed0453-1fe4-4b2d-b8e5-c801a8f28891/in_use.lock acquired by nodename 8013@pr-hdds-1569-j4bt4-3030777008
2019-09-19 08:58:59,610 [pool-190-thread-1] INFO  storage.RaftStorage (RaftStorage.java:format(72)) - Storage directory /workdir/hadoop-ozone/integration-test/target/test-dir/MiniOzoneClusterImpl-66e2a49b-37e1-46c5-a16c-3b22c3c736b2/datanode-3/data/ratis/08ed0453-1fe4-4b2d-b8e5-c801a8f28891 has been successfully formatted.
2019-09-19 08:58:59,610 [pool-190-thread-1] INFO  ratis.ContainerStateMachine (ContainerStateMachine.java:loadSnapshot(226)) - group-C801A8F28891: The snapshot info is null. Setting the last applied indexto:(t:0, i:~)
2019-09-19 08:58:59,610 [pool-190-thread-1] INFO  server.RaftServerConfigKeys (ConfUtils.java:logGet(43)) - raft.server.leader.election.timeout = 120s (custom)
2019-09-19 08:58:59,610 [pool-190-thread-1] INFO  server.RaftServerConfigKeys (ConfUtils.java:logGet(43)) - raft.server.log.use.memory = false (default)
2019-09-19 08:58:59,611 [pool-190-thread-1] INFO  server.RaftServerConfigKeys (ConfUtils.java:logGet(43)) - raft.server.log.purge.gap = 1000000 (custom)
2019-09-19 08:58:59,611 [pool-190-thread-1] INFO  server.RaftServerConfigKeys (ConfUtils.java:logGet(43)) - raft.server.log.appender.buffer.byte-limit = 33554432 (custom)
2019-09-19 08:58:59,611 [pool-190-thread-1] INFO  server.RaftServerConfigKeys (ConfUtils.java:logGet(43)) - raft.server.log.segment.size.max = 1048576 (custom)
2019-09-19 08:58:59,611 [pool-190-thread-1] INFO  server.RaftServerConfigKeys (ConfUtils.java:logGet(43)) - raft.server.log.segment.cache.num.max = 2 (custom)
2019-09-19 08:58:59,611 [pool-190-thread-1] INFO  segmented.SegmentedRaftLogWorker (SegmentedRaftLogWorker.java:<init>(172)) - new 9b5d8b34-2569-4d93-9fd9-024f418d364f-SegmentedRaftLogWorker:Storage Directory /workdir/hadoop-ozone/integration-test/target/test-dir/MiniOzoneClusterImpl-66e2a49b-37e1-46c5-a16c-3b22c3c736b2/datanode-3/data/ratis/08ed0453-1fe4-4b2d-b8e5-c801a8f28891 for RaftStorage:Storage Directory /workdir/hadoop-ozone/integration-test/target/test-dir/MiniOzoneClusterImpl-66e2a49b-37e1-46c5-a16c-3b22c3c736b2/datanode-3/data/ratis/08ed0453-1fe4-4b2d-b8e5-c801a8f28891
2019-09-19 08:58:59,611 [pool-190-thread-1] INFO  server.RaftServerConfigKeys (ConfUtils.java:logGet(43)) - raft.server.log.queue.byte-limit = 2147483647 (custom)
2019-09-19 08:58:59,611 [pool-190-thread-1] INFO  server.RaftServerConfigKeys (ConfUtils.java:logGet(43)) - raft.server.log.queue.element-limit = 1024 (custom)
2019-09-19 08:58:59,611 [pool-190-thread-1] INFO  server.RaftServerConfigKeys (ConfUtils.java:logGet(43)) - raft.server.log.segment.size.max = 1048576 (custom)
2019-09-19 08:58:59,611 [pool-190-thread-1] INFO  server.RaftServerConfigKeys (ConfUtils.java:logGet(43)) - raft.server.log.preallocated.size = 16384 (custom)
2019-09-19 08:58:59,611 [pool-190-thread-1] INFO  server.RaftServerConfigKeys (ConfUtils.java:logGet(43)) - raft.server.log.write.buffer.size = 33554432 (custom)
2019-09-19 08:58:59,611 [pool-190-thread-1] INFO  server.RaftServerConfigKeys (ConfUtils.java:logGet(43)) - raft.server.log.force.sync.num = 128 (default)
2019-09-19 08:58:59,612 [pool-190-thread-1] INFO  server.RaftServerConfigKeys (ConfUtils.java:logGet(43)) - raft.server.log.statemachine.data.sync = true (default)
2019-09-19 08:58:59,612 [pool-190-thread-1] INFO  server.RaftServerConfigKeys (ConfUtils.java:logGet(43)) - raft.server.log.statemachine.data.sync.timeout = 10s (default)
2019-09-19 08:58:59,612 [pool-190-thread-1] INFO  server.RaftServerConfigKeys (ConfUtils.java:logGet(43)) - raft.server.log.statemachine.data.sync.timeout.retry = -1 (default)
2019-09-19 08:58:59,612 [pool-190-thread-1] INFO  server.RaftServerConfigKeys (ConfUtils.java:logGet(43)) - raft.server.log.statemachine.data.caching.enabled = true (custom)
2019-09-19 08:58:59,612 [pool-190-thread-1] INFO  segmented.SegmentedRaftLogWorker (SegmentedRaftLogWorker.java:lambda$new$0(132)) - 9b5d8b34-2569-4d93-9fd9-024f418d364f-SegmentedRaftLogWorker:Storage Directory /workdir/hadoop-ozone/integration-test/target/test-dir/MiniOzoneClusterImpl-66e2a49b-37e1-46c5-a16c-3b22c3c736b2/datanode-3/data/ratis/08ed0453-1fe4-4b2d-b8e5-c801a8f28891: flushIndex: setUnconditionally 0 -> -1
2019-09-19 08:58:59,612 [pool-190-thread-1] INFO  server.RaftServerConfigKeys (ConfUtils.java:logGet(43)) - raft.server.snapshot.auto.trigger.enabled = true (custom)
2019-09-19 08:58:59,612 [pool-190-thread-1] INFO  server.RaftServerConfigKeys (ConfUtils.java:logGet(43)) - raft.server.snapshot.auto.trigger.threshold = 10000 (custom)
2019-09-19 08:58:59,612 [pool-190-thread-1] INFO  server.RaftServerConfigKeys (ConfUtils.java:logGet(43)) - raft.server.retrycache.expirytime = 600000ms (custom)
2019-09-19 08:58:59,613 [pool-190-thread-1] INFO  impl.RaftServerImpl (RaftServerImpl.java:start(180)) - 9b5d8b34-2569-4d93-9fd9-024f418d364f: start group-C801A8F28891
2019-09-19 08:58:59,613 [pool-190-thread-1] INFO  impl.RaftServerImpl (RaftServerImpl.java:setRole(171)) - 9b5d8b34-2569-4d93-9fd9-024f418d364f:group-C801A8F28891 changes role from null to FOLLOWER at term 0 for startAsFollower
2019-09-19 08:58:59,613 [pool-190-thread-1] INFO  impl.RoleInfo (RoleInfo.java:updateAndGet(143)) - 9b5d8b34-2569-4d93-9fd9-024f418d364f: start FollowerState
2019-09-19 08:58:59,613 [pool-190-thread-1] INFO  util.JmxRegister (JmxRegister.java:tryRegister(44)) - Successfully registered JMX Bean with object name Ratis:service=RaftServer,group=group-C801A8F28891,id=9b5d8b34-2569-4d93-9fd9-024f418d364f
2019-09-19 08:58:59,615 [RatisPipelineUtilsThread] INFO  pipeline.PipelineStateManager (PipelineStateManager.java:addPipeline(56)) - Created pipeline Pipeline[ Id: 08ed0453-1fe4-4b2d-b8e5-c801a8f28891, Nodes: 9b5d8b34-2569-4d93-9fd9-024f418d364f{ip: 192.168.34.5, host: pr-hdds-1569-j4bt4-3030777008, networkLocation: /default-rack, certSerialId: null}, Type:RATIS, Factor:ONE, State:OPEN]
2019-09-19 08:58:59,615 [RatisPipelineUtilsThread] ERROR pipeline.PipelinePlacementPolicy (PipelinePlacementPolicy.java:meetCriteria(91)) - Pipeline Placement: Doesn't meet the criteria to be viable node. Heaviness: 6
2019-09-19 08:58:59,616 [RatisPipelineUtilsThread] ERROR pipeline.PipelinePlacementPolicy (PipelinePlacementPolicy.java:meetCriteria(91)) - Pipeline Placement: Doesn't meet the criteria to be viable node. Heaviness: 6
2019-09-19 08:58:59,616 [RatisPipelineUtilsThread] ERROR pipeline.PipelinePlacementPolicy (PipelinePlacementPolicy.java:meetCriteria(91)) - Pipeline Placement: Doesn't meet the criteria to be viable node. Heaviness: 6
2019-09-19 08:58:59,620 [grpc-default-executor-0] INFO  impl.RaftServerProxy (RaftServerProxy.java:addNew(89)) - 9b5d8b34-2569-4d93-9fd9-024f418d364f: addNew group-078CD64CFAD5:[9b5d8b34-2569-4d93-9fd9-024f418d364f:192.168.34.5:34928] returns group-078CD64CFAD5:java.util.concurrent.CompletableFuture@22179faf[Not completed]
2019-09-19 08:58:59,620 [pool-190-thread-1] INFO  impl.RaftServerImpl (RaftServerImpl.java:<init>(93)) - 9b5d8b34-2569-4d93-9fd9-024f418d364f: new RaftServerImpl for group-078CD64CFAD5:[9b5d8b34-2569-4d93-9fd9-024f418d364f:192.168.34.5:34928] with ContainerStateMachine:uninitialized
2019-09-19 08:58:59,621 [pool-190-thread-1] INFO  server.RaftServerConfigKeys (ConfUtils.java:logGet(43)) - raft.server.rpc.timeout.min = 1s (custom)
2019-09-19 08:58:59,621 [pool-190-thread-1] INFO  server.RaftServerConfigKeys (ConfUtils.java:logGet(43)) - raft.server.rpc.timeout.max = 1200ms (custom)
2019-09-19 08:58:59,621 [pool-190-thread-1] INFO  server.RaftServerConfigKeys (ConfUtils.java:logGet(43)) - raft.server.rpcslowness.timeout = 120s (custom)
2019-09-19 08:58:59,621 [pool-190-thread-1] INFO  server.RaftServerConfigKeys (ConfUtils.java:logGet(43)) - raft.server.sleep.deviation.threshold = 300 (default)
2019-09-19 08:58:59,621 [pool-190-thread-1] INFO  server.RaftServerConfigKeys (ConfUtils.java:logGet(43)) - raft.server.log.appender.install.snapshot.enabled = false (custom)
2019-09-19 08:58:59,621 [pool-190-thread-1] INFO  impl.RaftServerImpl (ServerState.java:<init>(105)) - 9b5d8b34-2569-4d93-9fd9-024f418d364f:group-078CD64CFAD5 ConfigurationManager, init=-1: [9b5d8b34-2569-4d93-9fd9-024f418d364f:192.168.34.5:34928], old=null, confs=<EMPTY_MAP>
2019-09-19 08:58:59,621 [pool-190-thread-1] INFO  server.RaftServerConfigKeys (ConfUtils.java:logGet(43)) - raft.server.storage.dir = [/workdir/hadoop-ozone/integration-test/target/test-dir/MiniOzoneClusterImpl-66e2a49b-37e1-46c5-a16c-3b22c3c736b2/datanode-3/data/ratis] (custom)
2019-09-19 08:58:59,621 [pool-190-thread-1] INFO  storage.RaftStorageDirectory (RaftStorageDirectory.java:analyzeStorage(246)) - The storage directory /workdir/hadoop-ozone/integration-test/target/test-dir/MiniOzoneClusterImpl-66e2a49b-37e1-46c5-a16c-3b22c3c736b2/datanode-3/data/ratis/76ed1e1a-acfa-4192-a2f5-078cd64cfad5 does not exist. Creating ...
2019-09-19 08:58:59,635 [pool-190-thread-1] INFO  storage.RaftStorageDirectory (RaftStorageDirectory.java:tryLock(328)) - Lock on /workdir/hadoop-ozone/integration-test/target/test-dir/MiniOzoneClusterImpl-66e2a49b-37e1-46c5-a16c-3b22c3c736b2/datanode-3/data/ratis/76ed1e1a-acfa-4192-a2f5-078cd64cfad5/in_use.lock acquired by nodename 8013@pr-hdds-1569-j4bt4-3030777008
2019-09-19 08:58:59,659 [pool-190-thread-1] INFO  storage.RaftStorage (RaftStorage.java:format(72)) - Storage directory /workdir/hadoop-ozone/integration-test/target/test-dir/MiniOzoneClusterImpl-66e2a49b-37e1-46c5-a16c-3b22c3c736b2/datanode-3/data/ratis/76ed1e1a-acfa-4192-a2f5-078cd64cfad5 has been successfully formatted.
2019-09-19 08:58:59,660 [pool-190-thread-1] INFO  ratis.ContainerStateMachine (ContainerStateMachine.java:loadSnapshot(226)) - group-078CD64CFAD5: The snapshot info is null. Setting the last applied indexto:(t:0, i:~)
2019-09-19 08:58:59,660 [pool-190-thread-1] INFO  server.RaftServerConfigKeys (ConfUtils.java:logGet(43)) - raft.server.leader.election.timeout = 120s (custom)
2019-09-19 08:58:59,660 [pool-190-thread-1] INFO  server.RaftServerConfigKeys (ConfUtils.java:logGet(43)) - raft.server.log.use.memory = false (default)
2019-09-19 08:58:59,660 [pool-190-thread-1] INFO  server.RaftServerConfigKeys (ConfUtils.java:logGet(43)) - raft.server.log.purge.gap = 1000000 (custom)
2019-09-19 08:58:59,660 [pool-190-thread-1] INFO  server.RaftServerConfigKeys (ConfUtils.java:logGet(43)) - raft.server.log.appender.buffer.byte-limit = 33554432 (custom)
2019-09-19 08:58:59,660 [pool-190-thread-1] INFO  server.RaftServerConfigKeys (ConfUtils.java:logGet(43)) - raft.server.log.segment.size.max = 1048576 (custom)
2019-09-19 08:58:59,660 [pool-190-thread-1] INFO  server.RaftServerConfigKeys (ConfUtils.java:logGet(43)) - raft.server.log.segment.cache.num.max = 2 (custom)
2019-09-19 08:58:59,661 [pool-190-thread-1] INFO  segmented.SegmentedRaftLogWorker (SegmentedRaftLogWorker.java:<init>(172)) - new 9b5d8b34-2569-4d93-9fd9-024f418d364f-SegmentedRaftLogWorker:Storage Directory /workdir/hadoop-ozone/integration-test/target/test-dir/MiniOzoneClusterImpl-66e2a49b-37e1-46c5-a16c-3b22c3c736b2/datanode-3/data/ratis/76ed1e1a-acfa-4192-a2f5-078cd64cfad5 for RaftStorage:Storage Directory /workdir/hadoop-ozone/integration-test/target/test-dir/MiniOzoneClusterImpl-66e2a49b-37e1-46c5-a16c-3b22c3c736b2/datanode-3/data/ratis/76ed1e1a-acfa-4192-a2f5-078cd64cfad5
2019-09-19 08:58:59,661 [pool-190-thread-1] INFO  server.RaftServerConfigKeys (ConfUtils.java:logGet(43)) - raft.server.log.queue.byte-limit = 2147483647 (custom)
2019-09-19 08:58:59,661 [pool-190-thread-1] INFO  server.RaftServerConfigKeys (ConfUtils.java:logGet(43)) - raft.server.log.queue.element-limit = 1024 (custom)
2019-09-19 08:58:59,661 [pool-190-thread-1] INFO  server.RaftServerConfigKeys (ConfUtils.java:logGet(43)) - raft.server.log.segment.size.max = 1048576 (custom)
2019-09-19 08:58:59,661 [pool-190-thread-1] INFO  server.RaftServerConfigKeys (ConfUtils.java:logGet(43)) - raft.server.log.preallocated.size = 16384 (custom)
2019-09-19 08:58:59,661 [pool-190-thread-1] INFO  server.RaftServerConfigKeys (ConfUtils.java:logGet(43)) - raft.server.log.write.buffer.size = 33554432 (custom)
2019-09-19 08:58:59,661 [pool-190-thread-1] INFO  server.RaftServerConfigKeys (ConfUtils.java:logGet(43)) - raft.server.log.force.sync.num = 128 (default)
2019-09-19 08:58:59,661 [pool-190-thread-1] INFO  server.RaftServerConfigKeys (ConfUtils.java:logGet(43)) - raft.server.log.statemachine.data.sync = true (default)
2019-09-19 08:58:59,661 [pool-190-thread-1] INFO  server.RaftServerConfigKeys (ConfUtils.java:logGet(43)) - raft.server.log.statemachine.data.sync.timeout = 10s (default)
2019-09-19 08:58:59,661 [pool-190-thread-1] INFO  server.RaftServerConfigKeys (ConfUtils.java:logGet(43)) - raft.server.log.statemachine.data.sync.timeout.retry = -1 (default)
2019-09-19 08:58:59,662 [pool-190-thread-1] INFO  server.RaftServerConfigKeys (ConfUtils.java:logGet(43)) - raft.server.log.statemachine.data.caching.enabled = true (custom)
2019-09-19 08:58:59,662 [pool-190-thread-1] INFO  segmented.SegmentedRaftLogWorker (SegmentedRaftLogWorker.java:lambda$new$0(132)) - 9b5d8b34-2569-4d93-9fd9-024f418d364f-SegmentedRaftLogWorker:Storage Directory /workdir/hadoop-ozone/integration-test/target/test-dir/MiniOzoneClusterImpl-66e2a49b-37e1-46c5-a16c-3b22c3c736b2/datanode-3/data/ratis/76ed1e1a-acfa-4192-a2f5-078cd64cfad5: flushIndex: setUnconditionally 0 -> -1
2019-09-19 08:58:59,662 [pool-190-thread-1] INFO  server.RaftServerConfigKeys (ConfUtils.java:logGet(43)) - raft.server.snapshot.auto.trigger.enabled = true (custom)
2019-09-19 08:58:59,662 [pool-190-thread-1] INFO  server.RaftServerConfigKeys (ConfUtils.java:logGet(43)) - raft.server.snapshot.auto.trigger.threshold = 10000 (custom)
2019-09-19 08:58:59,662 [pool-190-thread-1] INFO  server.RaftServerConfigKeys (ConfUtils.java:logGet(43)) - raft.server.retrycache.expirytime = 600000ms (custom)
2019-09-19 08:58:59,662 [pool-190-thread-1] INFO  impl.RaftServerImpl (RaftServerImpl.java:start(180)) - 9b5d8b34-2569-4d93-9fd9-024f418d364f: start group-078CD64CFAD5
2019-09-19 08:58:59,663 [pool-190-thread-1] INFO  impl.RaftServerImpl (RaftServerImpl.java:setRole(171)) - 9b5d8b34-2569-4d93-9fd9-024f418d364f:group-078CD64CFAD5 changes role from null to FOLLOWER at term 0 for startAsFollower
2019-09-19 08:58:59,663 [pool-190-thread-1] INFO  impl.RoleInfo (RoleInfo.java:updateAndGet(143)) - 9b5d8b34-2569-4d93-9fd9-024f418d364f: start FollowerState
2019-09-19 08:58:59,663 [pool-190-thread-1] INFO  util.JmxRegister (JmxRegister.java:tryRegister(44)) - Successfully registered JMX Bean with object name Ratis:service=RaftServer,group=group-078CD64CFAD5,id=9b5d8b34-2569-4d93-9fd9-024f418d364f
2019-09-19 08:58:59,666 [RatisPipelineUtilsThread] INFO  pipeline.PipelineStateManager (PipelineStateManager.java:addPipeline(56)) - Created pipeline Pipeline[ Id: 76ed1e1a-acfa-4192-a2f5-078cd64cfad5, Nodes: 9b5d8b34-2569-4d93-9fd9-024f418d364f{ip: 192.168.34.5, host: pr-hdds-1569-j4bt4-3030777008, networkLocation: /default-rack, certSerialId: null}, Type:RATIS, Factor:ONE, State:OPEN]
2019-09-19 08:58:59,666 [RatisPipelineUtilsThread] ERROR pipeline.PipelinePlacementPolicy (PipelinePlacementPolicy.java:meetCriteria(91)) - Pipeline Placement: Doesn't meet the criteria to be viable node. Heaviness: 6
2019-09-19 08:58:59,666 [RatisPipelineUtilsThread] ERROR pipeline.PipelinePlacementPolicy (PipelinePlacementPolicy.java:meetCriteria(91)) - Pipeline Placement: Doesn't meet the criteria to be viable node. Heaviness: 6
2019-09-19 08:58:59,666 [RatisPipelineUtilsThread] ERROR pipeline.PipelinePlacementPolicy (PipelinePlacementPolicy.java:meetCriteria(91)) - Pipeline Placement: Doesn't meet the criteria to be viable node. Heaviness: 6
2019-09-19 08:58:59,671 [grpc-default-executor-0] INFO  impl.RaftServerProxy (RaftServerProxy.java:addNew(89)) - 9b5d8b34-2569-4d93-9fd9-024f418d364f: addNew group-353CDCAB4EAA:[9b5d8b34-2569-4d93-9fd9-024f418d364f:192.168.34.5:34928] returns group-353CDCAB4EAA:java.util.concurrent.CompletableFuture@49494610[Not completed]
2019-09-19 08:58:59,671 [pool-190-thread-1] INFO  impl.RaftServerImpl (RaftServerImpl.java:<init>(93)) - 9b5d8b34-2569-4d93-9fd9-024f418d364f: new RaftServerImpl for group-353CDCAB4EAA:[9b5d8b34-2569-4d93-9fd9-024f418d364f:192.168.34.5:34928] with ContainerStateMachine:uninitialized
2019-09-19 08:58:59,671 [pool-190-thread-1] INFO  server.RaftServerConfigKeys (ConfUtils.java:logGet(43)) - raft.server.rpc.timeout.min = 1s (custom)
2019-09-19 08:58:59,672 [pool-190-thread-1] INFO  server.RaftServerConfigKeys (ConfUtils.java:logGet(43)) - raft.server.rpc.timeout.max = 1200ms (custom)
2019-09-19 08:58:59,672 [pool-190-thread-1] INFO  server.RaftServerConfigKeys (ConfUtils.java:logGet(43)) - raft.server.rpcslowness.timeout = 120s (custom)
2019-09-19 08:58:59,672 [pool-190-thread-1] INFO  server.RaftServerConfigKeys (ConfUtils.java:logGet(43)) - raft.server.sleep.deviation.threshold = 300 (default)
2019-09-19 08:58:59,672 [pool-190-thread-1] INFO  server.RaftServerConfigKeys (ConfUtils.java:logGet(43)) - raft.server.log.appender.install.snapshot.enabled = false (custom)
2019-09-19 08:58:59,672 [pool-190-thread-1] INFO  impl.RaftServerImpl (ServerState.java:<init>(105)) - 9b5d8b34-2569-4d93-9fd9-024f418d364f:group-353CDCAB4EAA ConfigurationManager, init=-1: [9b5d8b34-2569-4d93-9fd9-024f418d364f:192.168.34.5:34928], old=null, confs=<EMPTY_MAP>
2019-09-19 08:58:59,672 [pool-190-thread-1] INFO  server.RaftServerConfigKeys (ConfUtils.java:logGet(43)) - raft.server.storage.dir = [/workdir/hadoop-ozone/integration-test/target/test-dir/MiniOzoneClusterImpl-66e2a49b-37e1-46c5-a16c-3b22c3c736b2/datanode-3/data/ratis] (custom)
2019-09-19 08:58:59,672 [pool-190-thread-1] INFO  storage.RaftStorageDirectory (RaftStorageDirectory.java:analyzeStorage(246)) - The storage directory /workdir/hadoop-ozone/integration-test/target/test-dir/MiniOzoneClusterImpl-66e2a49b-37e1-46c5-a16c-3b22c3c736b2/datanode-3/data/ratis/86cc9d77-0760-4e6a-952e-353cdcab4eaa does not exist. Creating ...
2019-09-19 08:58:59,686 [pool-190-thread-1] INFO  storage.RaftStorageDirectory (RaftStorageDirectory.java:tryLock(328)) - Lock on /workdir/hadoop-ozone/integration-test/target/test-dir/MiniOzoneClusterImpl-66e2a49b-37e1-46c5-a16c-3b22c3c736b2/datanode-3/data/ratis/86cc9d77-0760-4e6a-952e-353cdcab4eaa/in_use.lock acquired by nodename 8013@pr-hdds-1569-j4bt4-3030777008
2019-09-19 08:58:59,699 [pool-190-thread-1] INFO  storage.RaftStorage (RaftStorage.java:format(72)) - Storage directory /workdir/hadoop-ozone/integration-test/target/test-dir/MiniOzoneClusterImpl-66e2a49b-37e1-46c5-a16c-3b22c3c736b2/datanode-3/data/ratis/86cc9d77-0760-4e6a-952e-353cdcab4eaa has been successfully formatted.
2019-09-19 08:58:59,699 [pool-190-thread-1] INFO  ratis.ContainerStateMachine (ContainerStateMachine.java:loadSnapshot(226)) - group-353CDCAB4EAA: The snapshot info is null. Setting the last applied indexto:(t:0, i:~)
2019-09-19 08:58:59,699 [pool-190-thread-1] INFO  server.RaftServerConfigKeys (ConfUtils.java:logGet(43)) - raft.server.leader.election.timeout = 120s (custom)
2019-09-19 08:58:59,700 [pool-190-thread-1] INFO  server.RaftServerConfigKeys (ConfUtils.java:logGet(43)) - raft.server.log.use.memory = false (default)
2019-09-19 08:58:59,700 [pool-190-thread-1] INFO  server.RaftServerConfigKeys (ConfUtils.java:logGet(43)) - raft.server.log.purge.gap = 1000000 (custom)
2019-09-19 08:58:59,700 [pool-190-thread-1] INFO  server.RaftServerConfigKeys (ConfUtils.java:logGet(43)) - raft.server.log.appender.buffer.byte-limit = 33554432 (custom)
2019-09-19 08:58:59,700 [pool-190-thread-1] INFO  server.RaftServerConfigKeys (ConfUtils.java:logGet(43)) - raft.server.log.segment.size.max = 1048576 (custom)
2019-09-19 08:58:59,700 [pool-190-thread-1] INFO  server.RaftServerConfigKeys (ConfUtils.java:logGet(43)) - raft.server.log.segment.cache.num.max = 2 (custom)
2019-09-19 08:58:59,700 [pool-190-thread-1] INFO  segmented.SegmentedRaftLogWorker (SegmentedRaftLogWorker.java:<init>(172)) - new 9b5d8b34-2569-4d93-9fd9-024f418d364f-SegmentedRaftLogWorker:Storage Directory /workdir/hadoop-ozone/integration-test/target/test-dir/MiniOzoneClusterImpl-66e2a49b-37e1-46c5-a16c-3b22c3c736b2/datanode-3/data/ratis/86cc9d77-0760-4e6a-952e-353cdcab4eaa for RaftStorage:Storage Directory /workdir/hadoop-ozone/integration-test/target/test-dir/MiniOzoneClusterImpl-66e2a49b-37e1-46c5-a16c-3b22c3c736b2/datanode-3/data/ratis/86cc9d77-0760-4e6a-952e-353cdcab4eaa
2019-09-19 08:58:59,700 [pool-190-thread-1] INFO  server.RaftServerConfigKeys (ConfUtils.java:logGet(43)) - raft.server.log.queue.byte-limit = 2147483647 (custom)
2019-09-19 08:58:59,700 [pool-190-thread-1] INFO  server.RaftServerConfigKeys (ConfUtils.java:logGet(43)) - raft.server.log.queue.element-limit = 1024 (custom)
2019-09-19 08:58:59,700 [pool-190-thread-1] INFO  server.RaftServerConfigKeys (ConfUtils.java:logGet(43)) - raft.server.log.segment.size.max = 1048576 (custom)
2019-09-19 08:58:59,700 [pool-190-thread-1] INFO  server.RaftServerConfigKeys (ConfUtils.java:logGet(43)) - raft.server.log.preallocated.size = 16384 (custom)
2019-09-19 08:58:59,701 [pool-190-thread-1] INFO  server.RaftServerConfigKeys (ConfUtils.java:logGet(43)) - raft.server.log.write.buffer.size = 33554432 (custom)
2019-09-19 08:58:59,701 [pool-190-thread-1] INFO  server.RaftServerConfigKeys (ConfUtils.java:logGet(43)) - raft.server.log.force.sync.num = 128 (default)
2019-09-19 08:58:59,701 [pool-190-thread-1] INFO  server.RaftServerConfigKeys (ConfUtils.java:logGet(43)) - raft.server.log.statemachine.data.sync = true (default)
2019-09-19 08:58:59,701 [pool-190-thread-1] INFO  server.RaftServerConfigKeys (ConfUtils.java:logGet(43)) - raft.server.log.statemachine.data.sync.timeout = 10s (default)
2019-09-19 08:58:59,701 [pool-190-thread-1] INFO  server.RaftServerConfigKeys (ConfUtils.java:logGet(43)) - raft.server.log.statemachine.data.sync.timeout.retry = -1 (default)
2019-09-19 08:58:59,701 [pool-190-thread-1] INFO  server.RaftServerConfigKeys (ConfUtils.java:logGet(43)) - raft.server.log.statemachine.data.caching.enabled = true (custom)
2019-09-19 08:58:59,701 [pool-190-thread-1] INFO  segmented.SegmentedRaftLogWorker (SegmentedRaftLogWorker.java:lambda$new$0(132)) - 9b5d8b34-2569-4d93-9fd9-024f418d364f-SegmentedRaftLogWorker:Storage Directory /workdir/hadoop-ozone/integration-test/target/test-dir/MiniOzoneClusterImpl-66e2a49b-37e1-46c5-a16c-3b22c3c736b2/datanode-3/data/ratis/86cc9d77-0760-4e6a-952e-353cdcab4eaa: flushIndex: setUnconditionally 0 -> -1
2019-09-19 08:58:59,702 [pool-190-thread-1] INFO  server.RaftServerConfigKeys (ConfUtils.java:logGet(43)) - raft.server.snapshot.auto.trigger.enabled = true (custom)
2019-09-19 08:58:59,702 [pool-190-thread-1] INFO  server.RaftServerConfigKeys (ConfUtils.java:logGet(43)) - raft.server.snapshot.auto.trigger.threshold = 10000 (custom)
2019-09-19 08:58:59,702 [pool-190-thread-1] INFO  server.RaftServerConfigKeys (ConfUtils.java:logGet(43)) - raft.server.retrycache.expirytime = 600000ms (custom)
2019-09-19 08:58:59,702 [pool-190-thread-1] INFO  impl.RaftServerImpl (RaftServerImpl.java:start(180)) - 9b5d8b34-2569-4d93-9fd9-024f418d364f: start group-353CDCAB4EAA
2019-09-19 08:58:59,702 [pool-190-thread-1] INFO  impl.RaftServerImpl (RaftServerImpl.java:setRole(171)) - 9b5d8b34-2569-4d93-9fd9-024f418d364f:group-353CDCAB4EAA changes role from null to FOLLOWER at term 0 for startAsFollower
2019-09-19 08:58:59,702 [pool-190-thread-1] INFO  impl.RoleInfo (RoleInfo.java:updateAndGet(143)) - 9b5d8b34-2569-4d93-9fd9-024f418d364f: start FollowerState
2019-09-19 08:58:59,702 [pool-190-thread-1] INFO  util.JmxRegister (JmxRegister.java:tryRegister(44)) - Successfully registered JMX Bean with object name Ratis:service=RaftServer,group=group-353CDCAB4EAA,id=9b5d8b34-2569-4d93-9fd9-024f418d364f
2019-09-19 08:58:59,704 [IPC Server handler 5 on 43272] INFO  net.NetworkTopology (NetworkTopologyImpl.java:add(110)) - Added a new node: /default-rack/ad3886cc-8cf9-46e9-a9d5-925411a00d68
2019-09-19 08:58:59,704 [IPC Server handler 5 on 43272] INFO  node.SCMNodeManager (SCMNodeManager.java:register(273)) - Registered Data node : ad3886cc-8cf9-46e9-a9d5-925411a00d68{ip: 192.168.34.5, host: pr-hdds-1569-j4bt4-3030777008, networkLocation: /default-rack, certSerialId: null}
2019-09-19 08:58:59,704 | INFO  | SCMAudit | user=jenkins1000 | ip=192.168.34.5 | op=REGISTER {datanodeDetails=ad3886cc-8cf9-46e9-a9d5-925411a00d68{ip: 192.168.34.5, host: pr-hdds-1569-j4bt4-3030777008, networkLocation: /default-rack, certSerialId: null}} | ret=SUCCESS |  
2019-09-19 08:58:59,704 [RatisPipelineUtilsThread] INFO  pipeline.PipelineStateManager (PipelineStateManager.java:addPipeline(56)) - Created pipeline Pipeline[ Id: 86cc9d77-0760-4e6a-952e-353cdcab4eaa, Nodes: 9b5d8b34-2569-4d93-9fd9-024f418d364f{ip: 192.168.34.5, host: pr-hdds-1569-j4bt4-3030777008, networkLocation: /default-rack, certSerialId: null}, Type:RATIS, Factor:ONE, State:OPEN]
2019-09-19 08:58:59,705 [RatisPipelineUtilsThread] ERROR pipeline.PipelinePlacementPolicy (PipelinePlacementPolicy.java:meetCriteria(91)) - Pipeline Placement: Doesn't meet the criteria to be viable node. Heaviness: 6
2019-09-19 08:58:59,705 [RatisPipelineUtilsThread] ERROR pipeline.PipelinePlacementPolicy (PipelinePlacementPolicy.java:meetCriteria(91)) - Pipeline Placement: Doesn't meet the criteria to be viable node. Heaviness: 6
2019-09-19 08:58:59,705 [RatisPipelineUtilsThread] ERROR pipeline.PipelinePlacementPolicy (PipelinePlacementPolicy.java:meetCriteria(91)) - Pipeline Placement: Doesn't meet the criteria to be viable node. Heaviness: 6
2019-09-19 08:58:59,709 [grpc-default-executor-0] INFO  impl.RaftServerProxy (RaftServerProxy.java:addNew(89)) - 9b5d8b34-2569-4d93-9fd9-024f418d364f: addNew group-40678D0B94A7:[9b5d8b34-2569-4d93-9fd9-024f418d364f:192.168.34.5:34928] returns group-40678D0B94A7:java.util.concurrent.CompletableFuture@55a2918[Not completed]
2019-09-19 08:58:59,710 [pool-190-thread-1] INFO  impl.RaftServerImpl (RaftServerImpl.java:<init>(93)) - 9b5d8b34-2569-4d93-9fd9-024f418d364f: new RaftServerImpl for group-40678D0B94A7:[9b5d8b34-2569-4d93-9fd9-024f418d364f:192.168.34.5:34928] with ContainerStateMachine:uninitialized
2019-09-19 08:58:59,710 [pool-190-thread-1] INFO  server.RaftServerConfigKeys (ConfUtils.java:logGet(43)) - raft.server.rpc.timeout.min = 1s (custom)
2019-09-19 08:58:59,710 [pool-190-thread-1] INFO  server.RaftServerConfigKeys (ConfUtils.java:logGet(43)) - raft.server.rpc.timeout.max = 1200ms (custom)
2019-09-19 08:58:59,710 [pool-190-thread-1] INFO  server.RaftServerConfigKeys (ConfUtils.java:logGet(43)) - raft.server.rpcslowness.timeout = 120s (custom)
2019-09-19 08:58:59,710 [pool-190-thread-1] INFO  server.RaftServerConfigKeys (ConfUtils.java:logGet(43)) - raft.server.sleep.deviation.threshold = 300 (default)
2019-09-19 08:58:59,710 [pool-190-thread-1] INFO  server.RaftServerConfigKeys (ConfUtils.java:logGet(43)) - raft.server.log.appender.install.snapshot.enabled = false (custom)
2019-09-19 08:58:59,710 [pool-190-thread-1] INFO  impl.RaftServerImpl (ServerState.java:<init>(105)) - 9b5d8b34-2569-4d93-9fd9-024f418d364f:group-40678D0B94A7 ConfigurationManager, init=-1: [9b5d8b34-2569-4d93-9fd9-024f418d364f:192.168.34.5:34928], old=null, confs=<EMPTY_MAP>
2019-09-19 08:58:59,710 [pool-190-thread-1] INFO  server.RaftServerConfigKeys (ConfUtils.java:logGet(43)) - raft.server.storage.dir = [/workdir/hadoop-ozone/integration-test/target/test-dir/MiniOzoneClusterImpl-66e2a49b-37e1-46c5-a16c-3b22c3c736b2/datanode-3/data/ratis] (custom)
2019-09-19 08:58:59,711 [pool-190-thread-1] INFO  storage.RaftStorageDirectory (RaftStorageDirectory.java:analyzeStorage(246)) - The storage directory /workdir/hadoop-ozone/integration-test/target/test-dir/MiniOzoneClusterImpl-66e2a49b-37e1-46c5-a16c-3b22c3c736b2/datanode-3/data/ratis/97bf4836-a1cd-4710-b5aa-40678d0b94a7 does not exist. Creating ...
2019-09-19 08:58:59,722 [pool-190-thread-1] INFO  storage.RaftStorageDirectory (RaftStorageDirectory.java:tryLock(328)) - Lock on /workdir/hadoop-ozone/integration-test/target/test-dir/MiniOzoneClusterImpl-66e2a49b-37e1-46c5-a16c-3b22c3c736b2/datanode-3/data/ratis/97bf4836-a1cd-4710-b5aa-40678d0b94a7/in_use.lock acquired by nodename 8013@pr-hdds-1569-j4bt4-3030777008
2019-09-19 08:58:59,747 [pool-190-thread-1] INFO  storage.RaftStorage (RaftStorage.java:format(72)) - Storage directory /workdir/hadoop-ozone/integration-test/target/test-dir/MiniOzoneClusterImpl-66e2a49b-37e1-46c5-a16c-3b22c3c736b2/datanode-3/data/ratis/97bf4836-a1cd-4710-b5aa-40678d0b94a7 has been successfully formatted.
2019-09-19 08:58:59,748 [pool-190-thread-1] INFO  ratis.ContainerStateMachine (ContainerStateMachine.java:loadSnapshot(226)) - group-40678D0B94A7: The snapshot info is null. Setting the last applied indexto:(t:0, i:~)
2019-09-19 08:58:59,748 [pool-190-thread-1] INFO  server.RaftServerConfigKeys (ConfUtils.java:logGet(43)) - raft.server.leader.election.timeout = 120s (custom)
2019-09-19 08:58:59,748 [pool-190-thread-1] INFO  server.RaftServerConfigKeys (ConfUtils.java:logGet(43)) - raft.server.log.use.memory = false (default)
2019-09-19 08:58:59,748 [pool-190-thread-1] INFO  server.RaftServerConfigKeys (ConfUtils.java:logGet(43)) - raft.server.log.purge.gap = 1000000 (custom)
2019-09-19 08:58:59,748 [pool-190-thread-1] INFO  server.RaftServerConfigKeys (ConfUtils.java:logGet(43)) - raft.server.log.appender.buffer.byte-limit = 33554432 (custom)
2019-09-19 08:58:59,748 [pool-190-thread-1] INFO  server.RaftServerConfigKeys (ConfUtils.java:logGet(43)) - raft.server.log.segment.size.max = 1048576 (custom)
2019-09-19 08:58:59,749 [pool-190-thread-1] INFO  server.RaftServerConfigKeys (ConfUtils.java:logGet(43)) - raft.server.log.segment.cache.num.max = 2 (custom)
2019-09-19 08:58:59,749 [pool-190-thread-1] INFO  segmented.SegmentedRaftLogWorker (SegmentedRaftLogWorker.java:<init>(172)) - new 9b5d8b34-2569-4d93-9fd9-024f418d364f-SegmentedRaftLogWorker:Storage Directory /workdir/hadoop-ozone/integration-test/target/test-dir/MiniOzoneClusterImpl-66e2a49b-37e1-46c5-a16c-3b22c3c736b2/datanode-3/data/ratis/97bf4836-a1cd-4710-b5aa-40678d0b94a7 for RaftStorage:Storage Directory /workdir/hadoop-ozone/integration-test/target/test-dir/MiniOzoneClusterImpl-66e2a49b-37e1-46c5-a16c-3b22c3c736b2/datanode-3/data/ratis/97bf4836-a1cd-4710-b5aa-40678d0b94a7
2019-09-19 08:58:59,749 [pool-190-thread-1] INFO  server.RaftServerConfigKeys (ConfUtils.java:logGet(43)) - raft.server.log.queue.byte-limit = 2147483647 (custom)
2019-09-19 08:58:59,749 [pool-190-thread-1] INFO  server.RaftServerConfigKeys (ConfUtils.java:logGet(43)) - raft.server.log.queue.element-limit = 1024 (custom)
2019-09-19 08:58:59,749 [pool-190-thread-1] INFO  server.RaftServerConfigKeys (ConfUtils.java:logGet(43)) - raft.server.log.segment.size.max = 1048576 (custom)
2019-09-19 08:58:59,749 [pool-190-thread-1] INFO  server.RaftServerConfigKeys (ConfUtils.java:logGet(43)) - raft.server.log.preallocated.size = 16384 (custom)
2019-09-19 08:58:59,749 [pool-190-thread-1] INFO  server.RaftServerConfigKeys (ConfUtils.java:logGet(43)) - raft.server.log.write.buffer.size = 33554432 (custom)
2019-09-19 08:58:59,749 [pool-190-thread-1] INFO  server.RaftServerConfigKeys (ConfUtils.java:logGet(43)) - raft.server.log.force.sync.num = 128 (default)
2019-09-19 08:58:59,750 [pool-190-thread-1] INFO  server.RaftServerConfigKeys (ConfUtils.java:logGet(43)) - raft.server.log.statemachine.data.sync = true (default)
2019-09-19 08:58:59,750 [pool-190-thread-1] INFO  server.RaftServerConfigKeys (ConfUtils.java:logGet(43)) - raft.server.log.statemachine.data.sync.timeout = 10s (default)
2019-09-19 08:58:59,750 [pool-190-thread-1] INFO  server.RaftServerConfigKeys (ConfUtils.java:logGet(43)) - raft.server.log.statemachine.data.sync.timeout.retry = -1 (default)
2019-09-19 08:58:59,750 [pool-190-thread-1] INFO  server.RaftServerConfigKeys (ConfUtils.java:logGet(43)) - raft.server.log.statemachine.data.caching.enabled = true (custom)
2019-09-19 08:58:59,750 [pool-190-thread-1] INFO  segmented.SegmentedRaftLogWorker (SegmentedRaftLogWorker.java:lambda$new$0(132)) - 9b5d8b34-2569-4d93-9fd9-024f418d364f-SegmentedRaftLogWorker:Storage Directory /workdir/hadoop-ozone/integration-test/target/test-dir/MiniOzoneClusterImpl-66e2a49b-37e1-46c5-a16c-3b22c3c736b2/datanode-3/data/ratis/97bf4836-a1cd-4710-b5aa-40678d0b94a7: flushIndex: setUnconditionally 0 -> -1
2019-09-19 08:58:59,751 [pool-190-thread-1] INFO  server.RaftServerConfigKeys (ConfUtils.java:logGet(43)) - raft.server.snapshot.auto.trigger.enabled = true (custom)
2019-09-19 08:58:59,751 [pool-190-thread-1] INFO  server.RaftServerConfigKeys (ConfUtils.java:logGet(43)) - raft.server.snapshot.auto.trigger.threshold = 10000 (custom)
2019-09-19 08:58:59,751 [pool-190-thread-1] INFO  server.RaftServerConfigKeys (ConfUtils.java:logGet(43)) - raft.server.retrycache.expirytime = 600000ms (custom)
2019-09-19 08:58:59,751 [pool-190-thread-1] INFO  impl.RaftServerImpl (RaftServerImpl.java:start(180)) - 9b5d8b34-2569-4d93-9fd9-024f418d364f: start group-40678D0B94A7
2019-09-19 08:58:59,752 [pool-190-thread-1] INFO  impl.RaftServerImpl (RaftServerImpl.java:setRole(171)) - 9b5d8b34-2569-4d93-9fd9-024f418d364f:group-40678D0B94A7 changes role from null to FOLLOWER at term 0 for startAsFollower
2019-09-19 08:58:59,752 [pool-190-thread-1] INFO  impl.RoleInfo (RoleInfo.java:updateAndGet(143)) - 9b5d8b34-2569-4d93-9fd9-024f418d364f: start FollowerState
2019-09-19 08:58:59,752 [pool-190-thread-1] INFO  util.JmxRegister (JmxRegister.java:tryRegister(44)) - Successfully registered JMX Bean with object name Ratis:service=RaftServer,group=group-40678D0B94A7,id=9b5d8b34-2569-4d93-9fd9-024f418d364f
2019-09-19 08:58:59,754 [RatisPipelineUtilsThread] INFO  pipeline.PipelineStateManager (PipelineStateManager.java:addPipeline(56)) - Created pipeline Pipeline[ Id: 97bf4836-a1cd-4710-b5aa-40678d0b94a7, Nodes: 9b5d8b34-2569-4d93-9fd9-024f418d364f{ip: 192.168.34.5, host: pr-hdds-1569-j4bt4-3030777008, networkLocation: /default-rack, certSerialId: null}, Type:RATIS, Factor:ONE, State:OPEN]
2019-09-19 08:58:59,755 [RatisPipelineUtilsThread] ERROR pipeline.PipelinePlacementPolicy (PipelinePlacementPolicy.java:meetCriteria(91)) - Pipeline Placement: Doesn't meet the criteria to be viable node. Heaviness: 6
2019-09-19 08:58:59,755 [RatisPipelineUtilsThread] ERROR pipeline.PipelinePlacementPolicy (PipelinePlacementPolicy.java:meetCriteria(91)) - Pipeline Placement: Doesn't meet the criteria to be viable node. Heaviness: 6
2019-09-19 08:58:59,755 [RatisPipelineUtilsThread] ERROR pipeline.PipelinePlacementPolicy (PipelinePlacementPolicy.java:meetCriteria(91)) - Pipeline Placement: Doesn't meet the criteria to be viable node. Heaviness: 6
2019-09-19 08:58:59,755 [RatisPipelineUtilsThread] ERROR pipeline.PipelinePlacementPolicy (PipelinePlacementPolicy.java:meetCriteria(91)) - Pipeline Placement: Doesn't meet the criteria to be viable node. Heaviness: 6
2019-09-19 08:58:59,764 [grpc-default-executor-0] INFO  impl.RaftServerProxy (RaftServerProxy.java:addNew(89)) - ad3886cc-8cf9-46e9-a9d5-925411a00d68: addNew group-530A3BE724B9:[ad3886cc-8cf9-46e9-a9d5-925411a00d68:192.168.34.5:33007] returns group-530A3BE724B9:java.util.concurrent.CompletableFuture@4088e25b[Not completed]
2019-09-19 08:58:59,765 [pool-201-thread-1] INFO  impl.RaftServerImpl (RaftServerImpl.java:<init>(93)) - ad3886cc-8cf9-46e9-a9d5-925411a00d68: new RaftServerImpl for group-530A3BE724B9:[ad3886cc-8cf9-46e9-a9d5-925411a00d68:192.168.34.5:33007] with ContainerStateMachine:uninitialized
2019-09-19 08:58:59,765 [pool-201-thread-1] INFO  server.RaftServerConfigKeys (ConfUtils.java:logGet(43)) - raft.server.rpc.timeout.min = 1s (custom)
2019-09-19 08:58:59,765 [pool-201-thread-1] INFO  server.RaftServerConfigKeys (ConfUtils.java:logGet(43)) - raft.server.rpc.timeout.max = 1200ms (custom)
2019-09-19 08:58:59,765 [pool-201-thread-1] INFO  server.RaftServerConfigKeys (ConfUtils.java:logGet(43)) - raft.server.rpcslowness.timeout = 120s (custom)
2019-09-19 08:58:59,765 [pool-201-thread-1] INFO  server.RaftServerConfigKeys (ConfUtils.java:logGet(43)) - raft.server.sleep.deviation.threshold = 300 (default)
2019-09-19 08:58:59,765 [pool-201-thread-1] INFO  server.RaftServerConfigKeys (ConfUtils.java:logGet(43)) - raft.server.log.appender.install.snapshot.enabled = false (custom)
2019-09-19 08:58:59,765 [pool-201-thread-1] INFO  impl.RaftServerImpl (ServerState.java:<init>(105)) - ad3886cc-8cf9-46e9-a9d5-925411a00d68:group-530A3BE724B9 ConfigurationManager, init=-1: [ad3886cc-8cf9-46e9-a9d5-925411a00d68:192.168.34.5:33007], old=null, confs=<EMPTY_MAP>
2019-09-19 08:58:59,765 [pool-201-thread-1] INFO  server.RaftServerConfigKeys (ConfUtils.java:logGet(43)) - raft.server.storage.dir = [/workdir/hadoop-ozone/integration-test/target/test-dir/MiniOzoneClusterImpl-66e2a49b-37e1-46c5-a16c-3b22c3c736b2/datanode-4/data/ratis] (custom)
2019-09-19 08:58:59,765 [pool-201-thread-1] INFO  storage.RaftStorageDirectory (RaftStorageDirectory.java:analyzeStorage(246)) - The storage directory /workdir/hadoop-ozone/integration-test/target/test-dir/MiniOzoneClusterImpl-66e2a49b-37e1-46c5-a16c-3b22c3c736b2/datanode-4/data/ratis/95d14de9-e7f5-4f3c-83a9-530a3be724b9 does not exist. Creating ...
2019-09-19 08:58:59,778 [pool-201-thread-1] INFO  storage.RaftStorageDirectory (RaftStorageDirectory.java:tryLock(328)) - Lock on /workdir/hadoop-ozone/integration-test/target/test-dir/MiniOzoneClusterImpl-66e2a49b-37e1-46c5-a16c-3b22c3c736b2/datanode-4/data/ratis/95d14de9-e7f5-4f3c-83a9-530a3be724b9/in_use.lock acquired by nodename 8013@pr-hdds-1569-j4bt4-3030777008
2019-09-19 08:58:59,782 [pool-201-thread-1] INFO  storage.RaftStorage (RaftStorage.java:format(72)) - Storage directory /workdir/hadoop-ozone/integration-test/target/test-dir/MiniOzoneClusterImpl-66e2a49b-37e1-46c5-a16c-3b22c3c736b2/datanode-4/data/ratis/95d14de9-e7f5-4f3c-83a9-530a3be724b9 has been successfully formatted.
2019-09-19 08:58:59,783 [pool-201-thread-1] INFO  ratis.ContainerStateMachine (ContainerStateMachine.java:loadSnapshot(226)) - group-530A3BE724B9: The snapshot info is null. Setting the last applied indexto:(t:0, i:~)
2019-09-19 08:58:59,783 [pool-201-thread-1] INFO  server.RaftServerConfigKeys (ConfUtils.java:logGet(43)) - raft.server.leader.election.timeout = 120s (custom)
2019-09-19 08:58:59,783 [pool-201-thread-1] INFO  server.RaftServerConfigKeys (ConfUtils.java:logGet(43)) - raft.server.log.use.memory = false (default)
2019-09-19 08:58:59,783 [pool-201-thread-1] INFO  server.RaftServerConfigKeys (ConfUtils.java:logGet(43)) - raft.server.log.purge.gap = 1000000 (custom)
2019-09-19 08:58:59,783 [pool-201-thread-1] INFO  server.RaftServerConfigKeys (ConfUtils.java:logGet(43)) - raft.server.log.appender.buffer.byte-limit = 33554432 (custom)
2019-09-19 08:58:59,783 [pool-201-thread-1] INFO  server.RaftServerConfigKeys (ConfUtils.java:logGet(43)) - raft.server.log.segment.size.max = 1048576 (custom)
2019-09-19 08:58:59,783 [pool-201-thread-1] INFO  server.RaftServerConfigKeys (ConfUtils.java:logGet(43)) - raft.server.log.segment.cache.num.max = 2 (custom)
2019-09-19 08:58:59,783 [pool-201-thread-1] INFO  segmented.SegmentedRaftLogWorker (SegmentedRaftLogWorker.java:<init>(172)) - new ad3886cc-8cf9-46e9-a9d5-925411a00d68-SegmentedRaftLogWorker:Storage Directory /workdir/hadoop-ozone/integration-test/target/test-dir/MiniOzoneClusterImpl-66e2a49b-37e1-46c5-a16c-3b22c3c736b2/datanode-4/data/ratis/95d14de9-e7f5-4f3c-83a9-530a3be724b9 for RaftStorage:Storage Directory /workdir/hadoop-ozone/integration-test/target/test-dir/MiniOzoneClusterImpl-66e2a49b-37e1-46c5-a16c-3b22c3c736b2/datanode-4/data/ratis/95d14de9-e7f5-4f3c-83a9-530a3be724b9
2019-09-19 08:58:59,784 [pool-201-thread-1] INFO  server.RaftServerConfigKeys (ConfUtils.java:logGet(43)) - raft.server.log.queue.byte-limit = 2147483647 (custom)
2019-09-19 08:58:59,784 [pool-201-thread-1] INFO  server.RaftServerConfigKeys (ConfUtils.java:logGet(43)) - raft.server.log.queue.element-limit = 1024 (custom)
2019-09-19 08:58:59,784 [pool-201-thread-1] INFO  server.RaftServerConfigKeys (ConfUtils.java:logGet(43)) - raft.server.log.segment.size.max = 1048576 (custom)
2019-09-19 08:58:59,784 [pool-201-thread-1] INFO  server.RaftServerConfigKeys (ConfUtils.java:logGet(43)) - raft.server.log.preallocated.size = 16384 (custom)
2019-09-19 08:58:59,784 [pool-201-thread-1] INFO  server.RaftServerConfigKeys (ConfUtils.java:logGet(43)) - raft.server.log.write.buffer.size = 33554432 (custom)
2019-09-19 08:58:59,784 [pool-201-thread-1] INFO  server.RaftServerConfigKeys (ConfUtils.java:logGet(43)) - raft.server.log.force.sync.num = 128 (default)
2019-09-19 08:58:59,784 [pool-201-thread-1] INFO  server.RaftServerConfigKeys (ConfUtils.java:logGet(43)) - raft.server.log.statemachine.data.sync = true (default)
2019-09-19 08:58:59,784 [pool-201-thread-1] INFO  server.RaftServerConfigKeys (ConfUtils.java:logGet(43)) - raft.server.log.statemachine.data.sync.timeout = 10s (default)
2019-09-19 08:58:59,784 [pool-201-thread-1] INFO  server.RaftServerConfigKeys (ConfUtils.java:logGet(43)) - raft.server.log.statemachine.data.sync.timeout.retry = -1 (default)
2019-09-19 08:58:59,785 [pool-201-thread-1] INFO  server.RaftServerConfigKeys (ConfUtils.java:logGet(43)) - raft.server.log.statemachine.data.caching.enabled = true (custom)
2019-09-19 08:58:59,785 [pool-201-thread-1] INFO  segmented.SegmentedRaftLogWorker (SegmentedRaftLogWorker.java:lambda$new$0(132)) - ad3886cc-8cf9-46e9-a9d5-925411a00d68-SegmentedRaftLogWorker:Storage Directory /workdir/hadoop-ozone/integration-test/target/test-dir/MiniOzoneClusterImpl-66e2a49b-37e1-46c5-a16c-3b22c3c736b2/datanode-4/data/ratis/95d14de9-e7f5-4f3c-83a9-530a3be724b9: flushIndex: setUnconditionally 0 -> -1
2019-09-19 08:58:59,785 [pool-201-thread-1] INFO  server.RaftServerConfigKeys (ConfUtils.java:logGet(43)) - raft.server.snapshot.auto.trigger.enabled = true (custom)
2019-09-19 08:58:59,785 [pool-201-thread-1] INFO  server.RaftServerConfigKeys (ConfUtils.java:logGet(43)) - raft.server.snapshot.auto.trigger.threshold = 10000 (custom)
2019-09-19 08:58:59,785 [pool-201-thread-1] INFO  server.RaftServerConfigKeys (ConfUtils.java:logGet(43)) - raft.server.retrycache.expirytime = 600000ms (custom)
2019-09-19 08:58:59,786 [pool-201-thread-1] INFO  impl.RaftServerImpl (RaftServerImpl.java:start(180)) - ad3886cc-8cf9-46e9-a9d5-925411a00d68: start group-530A3BE724B9
2019-09-19 08:58:59,786 [pool-201-thread-1] INFO  impl.RaftServerImpl (RaftServerImpl.java:setRole(171)) - ad3886cc-8cf9-46e9-a9d5-925411a00d68:group-530A3BE724B9 changes role from null to FOLLOWER at term 0 for startAsFollower
2019-09-19 08:58:59,786 [pool-201-thread-1] INFO  impl.RoleInfo (RoleInfo.java:updateAndGet(143)) - ad3886cc-8cf9-46e9-a9d5-925411a00d68: start FollowerState
2019-09-19 08:58:59,786 [pool-201-thread-1] INFO  util.JmxRegister (JmxRegister.java:tryRegister(44)) - Successfully registered JMX Bean with object name Ratis:service=RaftServer,group=group-530A3BE724B9,id=ad3886cc-8cf9-46e9-a9d5-925411a00d68
2019-09-19 08:58:59,789 [RatisPipelineUtilsThread] INFO  pipeline.PipelineStateManager (PipelineStateManager.java:addPipeline(56)) - Created pipeline Pipeline[ Id: 95d14de9-e7f5-4f3c-83a9-530a3be724b9, Nodes: ad3886cc-8cf9-46e9-a9d5-925411a00d68{ip: 192.168.34.5, host: pr-hdds-1569-j4bt4-3030777008, networkLocation: /default-rack, certSerialId: null}, Type:RATIS, Factor:ONE, State:OPEN]
2019-09-19 08:58:59,789 [RatisPipelineUtilsThread] ERROR pipeline.PipelinePlacementPolicy (PipelinePlacementPolicy.java:meetCriteria(91)) - Pipeline Placement: Doesn't meet the criteria to be viable node. Heaviness: 6
2019-09-19 08:58:59,789 [RatisPipelineUtilsThread] ERROR pipeline.PipelinePlacementPolicy (PipelinePlacementPolicy.java:meetCriteria(91)) - Pipeline Placement: Doesn't meet the criteria to be viable node. Heaviness: 6
2019-09-19 08:58:59,789 [RatisPipelineUtilsThread] ERROR pipeline.PipelinePlacementPolicy (PipelinePlacementPolicy.java:meetCriteria(91)) - Pipeline Placement: Doesn't meet the criteria to be viable node. Heaviness: 6
2019-09-19 08:58:59,789 [RatisPipelineUtilsThread] ERROR pipeline.PipelinePlacementPolicy (PipelinePlacementPolicy.java:meetCriteria(91)) - Pipeline Placement: Doesn't meet the criteria to be viable node. Heaviness: 6
2019-09-19 08:58:59,795 [grpc-default-executor-0] INFO  impl.RaftServerProxy (RaftServerProxy.java:addNew(89)) - ad3886cc-8cf9-46e9-a9d5-925411a00d68: addNew group-28EF77F798FC:[ad3886cc-8cf9-46e9-a9d5-925411a00d68:192.168.34.5:33007] returns group-28EF77F798FC:java.util.concurrent.CompletableFuture@47bcb7ef[Not completed]
2019-09-19 08:58:59,796 [pool-201-thread-1] INFO  impl.RaftServerImpl (RaftServerImpl.java:<init>(93)) - ad3886cc-8cf9-46e9-a9d5-925411a00d68: new RaftServerImpl for group-28EF77F798FC:[ad3886cc-8cf9-46e9-a9d5-925411a00d68:192.168.34.5:33007] with ContainerStateMachine:uninitialized
2019-09-19 08:58:59,796 [pool-201-thread-1] INFO  server.RaftServerConfigKeys (ConfUtils.java:logGet(43)) - raft.server.rpc.timeout.min = 1s (custom)
2019-09-19 08:58:59,797 [pool-201-thread-1] INFO  server.RaftServerConfigKeys (ConfUtils.java:logGet(43)) - raft.server.rpc.timeout.max = 1200ms (custom)
2019-09-19 08:58:59,797 [pool-201-thread-1] INFO  server.RaftServerConfigKeys (ConfUtils.java:logGet(43)) - raft.server.rpcslowness.timeout = 120s (custom)
2019-09-19 08:58:59,797 [pool-201-thread-1] INFO  server.RaftServerConfigKeys (ConfUtils.java:logGet(43)) - raft.server.sleep.deviation.threshold = 300 (default)
2019-09-19 08:58:59,797 [pool-201-thread-1] INFO  server.RaftServerConfigKeys (ConfUtils.java:logGet(43)) - raft.server.log.appender.install.snapshot.enabled = false (custom)
2019-09-19 08:58:59,797 [pool-201-thread-1] INFO  impl.RaftServerImpl (ServerState.java:<init>(105)) - ad3886cc-8cf9-46e9-a9d5-925411a00d68:group-28EF77F798FC ConfigurationManager, init=-1: [ad3886cc-8cf9-46e9-a9d5-925411a00d68:192.168.34.5:33007], old=null, confs=<EMPTY_MAP>
2019-09-19 08:58:59,797 [pool-201-thread-1] INFO  server.RaftServerConfigKeys (ConfUtils.java:logGet(43)) - raft.server.storage.dir = [/workdir/hadoop-ozone/integration-test/target/test-dir/MiniOzoneClusterImpl-66e2a49b-37e1-46c5-a16c-3b22c3c736b2/datanode-4/data/ratis] (custom)
2019-09-19 08:58:59,797 [pool-201-thread-1] INFO  storage.RaftStorageDirectory (RaftStorageDirectory.java:analyzeStorage(246)) - The storage directory /workdir/hadoop-ozone/integration-test/target/test-dir/MiniOzoneClusterImpl-66e2a49b-37e1-46c5-a16c-3b22c3c736b2/datanode-4/data/ratis/3c9656ee-f337-41ef-b41c-28ef77f798fc does not exist. Creating ...
2019-09-19 08:58:59,808 [pool-201-thread-1] INFO  storage.RaftStorageDirectory (RaftStorageDirectory.java:tryLock(328)) - Lock on /workdir/hadoop-ozone/integration-test/target/test-dir/MiniOzoneClusterImpl-66e2a49b-37e1-46c5-a16c-3b22c3c736b2/datanode-4/data/ratis/3c9656ee-f337-41ef-b41c-28ef77f798fc/in_use.lock acquired by nodename 8013@pr-hdds-1569-j4bt4-3030777008
2019-09-19 08:58:59,811 [pool-201-thread-1] INFO  storage.RaftStorage (RaftStorage.java:format(72)) - Storage directory /workdir/hadoop-ozone/integration-test/target/test-dir/MiniOzoneClusterImpl-66e2a49b-37e1-46c5-a16c-3b22c3c736b2/datanode-4/data/ratis/3c9656ee-f337-41ef-b41c-28ef77f798fc has been successfully formatted.
2019-09-19 08:58:59,812 [pool-201-thread-1] INFO  ratis.ContainerStateMachine (ContainerStateMachine.java:loadSnapshot(226)) - group-28EF77F798FC: The snapshot info is null. Setting the last applied indexto:(t:0, i:~)
2019-09-19 08:58:59,812 [pool-201-thread-1] INFO  server.RaftServerConfigKeys (ConfUtils.java:logGet(43)) - raft.server.leader.election.timeout = 120s (custom)
2019-09-19 08:58:59,812 [pool-201-thread-1] INFO  server.RaftServerConfigKeys (ConfUtils.java:logGet(43)) - raft.server.log.use.memory = false (default)
2019-09-19 08:58:59,812 [pool-201-thread-1] INFO  server.RaftServerConfigKeys (ConfUtils.java:logGet(43)) - raft.server.log.purge.gap = 1000000 (custom)
2019-09-19 08:58:59,812 [pool-201-thread-1] INFO  server.RaftServerConfigKeys (ConfUtils.java:logGet(43)) - raft.server.log.appender.buffer.byte-limit = 33554432 (custom)
2019-09-19 08:58:59,812 [pool-201-thread-1] INFO  server.RaftServerConfigKeys (ConfUtils.java:logGet(43)) - raft.server.log.segment.size.max = 1048576 (custom)
2019-09-19 08:58:59,812 [pool-201-thread-1] INFO  server.RaftServerConfigKeys (ConfUtils.java:logGet(43)) - raft.server.log.segment.cache.num.max = 2 (custom)
2019-09-19 08:58:59,813 [pool-201-thread-1] INFO  segmented.SegmentedRaftLogWorker (SegmentedRaftLogWorker.java:<init>(172)) - new ad3886cc-8cf9-46e9-a9d5-925411a00d68-SegmentedRaftLogWorker:Storage Directory /workdir/hadoop-ozone/integration-test/target/test-dir/MiniOzoneClusterImpl-66e2a49b-37e1-46c5-a16c-3b22c3c736b2/datanode-4/data/ratis/3c9656ee-f337-41ef-b41c-28ef77f798fc for RaftStorage:Storage Directory /workdir/hadoop-ozone/integration-test/target/test-dir/MiniOzoneClusterImpl-66e2a49b-37e1-46c5-a16c-3b22c3c736b2/datanode-4/data/ratis/3c9656ee-f337-41ef-b41c-28ef77f798fc
2019-09-19 08:58:59,813 [pool-201-thread-1] INFO  server.RaftServerConfigKeys (ConfUtils.java:logGet(43)) - raft.server.log.queue.byte-limit = 2147483647 (custom)
2019-09-19 08:58:59,813 [pool-201-thread-1] INFO  server.RaftServerConfigKeys (ConfUtils.java:logGet(43)) - raft.server.log.queue.element-limit = 1024 (custom)
2019-09-19 08:58:59,813 [pool-201-thread-1] INFO  server.RaftServerConfigKeys (ConfUtils.java:logGet(43)) - raft.server.log.segment.size.max = 1048576 (custom)
2019-09-19 08:58:59,813 [pool-201-thread-1] INFO  server.RaftServerConfigKeys (ConfUtils.java:logGet(43)) - raft.server.log.preallocated.size = 16384 (custom)
2019-09-19 08:58:59,813 [pool-201-thread-1] INFO  server.RaftServerConfigKeys (ConfUtils.java:logGet(43)) - raft.server.log.write.buffer.size = 33554432 (custom)
2019-09-19 08:58:59,813 [pool-201-thread-1] INFO  server.RaftServerConfigKeys (ConfUtils.java:logGet(43)) - raft.server.log.force.sync.num = 128 (default)
2019-09-19 08:58:59,813 [pool-201-thread-1] INFO  server.RaftServerConfigKeys (ConfUtils.java:logGet(43)) - raft.server.log.statemachine.data.sync = true (default)
2019-09-19 08:58:59,814 [pool-201-thread-1] INFO  server.RaftServerConfigKeys (ConfUtils.java:logGet(43)) - raft.server.log.statemachine.data.sync.timeout = 10s (default)
2019-09-19 08:58:59,814 [pool-201-thread-1] INFO  server.RaftServerConfigKeys (ConfUtils.java:logGet(43)) - raft.server.log.statemachine.data.sync.timeout.retry = -1 (default)
2019-09-19 08:58:59,814 [pool-201-thread-1] INFO  server.RaftServerConfigKeys (ConfUtils.java:logGet(43)) - raft.server.log.statemachine.data.caching.enabled = true (custom)
2019-09-19 08:58:59,814 [pool-201-thread-1] INFO  segmented.SegmentedRaftLogWorker (SegmentedRaftLogWorker.java:lambda$new$0(132)) - ad3886cc-8cf9-46e9-a9d5-925411a00d68-SegmentedRaftLogWorker:Storage Directory /workdir/hadoop-ozone/integration-test/target/test-dir/MiniOzoneClusterImpl-66e2a49b-37e1-46c5-a16c-3b22c3c736b2/datanode-4/data/ratis/3c9656ee-f337-41ef-b41c-28ef77f798fc: flushIndex: setUnconditionally 0 -> -1
2019-09-19 08:58:59,814 [pool-201-thread-1] INFO  server.RaftServerConfigKeys (ConfUtils.java:logGet(43)) - raft.server.snapshot.auto.trigger.enabled = true (custom)
2019-09-19 08:58:59,814 [pool-201-thread-1] INFO  server.RaftServerConfigKeys (ConfUtils.java:logGet(43)) - raft.server.snapshot.auto.trigger.threshold = 10000 (custom)
2019-09-19 08:58:59,815 [pool-201-thread-1] INFO  server.RaftServerConfigKeys (ConfUtils.java:logGet(43)) - raft.server.retrycache.expirytime = 600000ms (custom)
2019-09-19 08:58:59,815 [pool-201-thread-1] INFO  impl.RaftServerImpl (RaftServerImpl.java:start(180)) - ad3886cc-8cf9-46e9-a9d5-925411a00d68: start group-28EF77F798FC
2019-09-19 08:58:59,815 [pool-201-thread-1] INFO  impl.RaftServerImpl (RaftServerImpl.java:setRole(171)) - ad3886cc-8cf9-46e9-a9d5-925411a00d68:group-28EF77F798FC changes role from null to FOLLOWER at term 0 for startAsFollower
2019-09-19 08:58:59,815 [pool-201-thread-1] INFO  impl.RoleInfo (RoleInfo.java:updateAndGet(143)) - ad3886cc-8cf9-46e9-a9d5-925411a00d68: start FollowerState
2019-09-19 08:58:59,815 [pool-201-thread-1] INFO  util.JmxRegister (JmxRegister.java:tryRegister(44)) - Successfully registered JMX Bean with object name Ratis:service=RaftServer,group=group-28EF77F798FC,id=ad3886cc-8cf9-46e9-a9d5-925411a00d68
2019-09-19 08:58:59,817 [RatisPipelineUtilsThread] INFO  pipeline.PipelineStateManager (PipelineStateManager.java:addPipeline(56)) - Created pipeline Pipeline[ Id: 3c9656ee-f337-41ef-b41c-28ef77f798fc, Nodes: ad3886cc-8cf9-46e9-a9d5-925411a00d68{ip: 192.168.34.5, host: pr-hdds-1569-j4bt4-3030777008, networkLocation: /default-rack, certSerialId: null}, Type:RATIS, Factor:ONE, State:OPEN]
2019-09-19 08:58:59,818 [RatisPipelineUtilsThread] ERROR pipeline.PipelinePlacementPolicy (PipelinePlacementPolicy.java:meetCriteria(91)) - Pipeline Placement: Doesn't meet the criteria to be viable node. Heaviness: 6
2019-09-19 08:58:59,818 [RatisPipelineUtilsThread] ERROR pipeline.PipelinePlacementPolicy (PipelinePlacementPolicy.java:meetCriteria(91)) - Pipeline Placement: Doesn't meet the criteria to be viable node. Heaviness: 6
2019-09-19 08:58:59,818 [RatisPipelineUtilsThread] ERROR pipeline.PipelinePlacementPolicy (PipelinePlacementPolicy.java:meetCriteria(91)) - Pipeline Placement: Doesn't meet the criteria to be viable node. Heaviness: 6
2019-09-19 08:58:59,818 [RatisPipelineUtilsThread] ERROR pipeline.PipelinePlacementPolicy (PipelinePlacementPolicy.java:meetCriteria(91)) - Pipeline Placement: Doesn't meet the criteria to be viable node. Heaviness: 6
2019-09-19 08:58:59,822 [grpc-default-executor-0] INFO  impl.RaftServerProxy (RaftServerProxy.java:addNew(89)) - ad3886cc-8cf9-46e9-a9d5-925411a00d68: addNew group-6DD0BC37F79F:[ad3886cc-8cf9-46e9-a9d5-925411a00d68:192.168.34.5:33007] returns group-6DD0BC37F79F:java.util.concurrent.CompletableFuture@45289c87[Not completed]
2019-09-19 08:58:59,823 [pool-201-thread-1] INFO  impl.RaftServerImpl (RaftServerImpl.java:<init>(93)) - ad3886cc-8cf9-46e9-a9d5-925411a00d68: new RaftServerImpl for group-6DD0BC37F79F:[ad3886cc-8cf9-46e9-a9d5-925411a00d68:192.168.34.5:33007] with ContainerStateMachine:uninitialized
2019-09-19 08:58:59,823 [pool-201-thread-1] INFO  server.RaftServerConfigKeys (ConfUtils.java:logGet(43)) - raft.server.rpc.timeout.min = 1s (custom)
2019-09-19 08:58:59,823 [pool-201-thread-1] INFO  server.RaftServerConfigKeys (ConfUtils.java:logGet(43)) - raft.server.rpc.timeout.max = 1200ms (custom)
2019-09-19 08:58:59,823 [pool-201-thread-1] INFO  server.RaftServerConfigKeys (ConfUtils.java:logGet(43)) - raft.server.rpcslowness.timeout = 120s (custom)
2019-09-19 08:58:59,823 [pool-201-thread-1] INFO  server.RaftServerConfigKeys (ConfUtils.java:logGet(43)) - raft.server.sleep.deviation.threshold = 300 (default)
2019-09-19 08:58:59,824 [pool-201-thread-1] INFO  server.RaftServerConfigKeys (ConfUtils.java:logGet(43)) - raft.server.log.appender.install.snapshot.enabled = false (custom)
2019-09-19 08:58:59,824 [pool-201-thread-1] INFO  impl.RaftServerImpl (ServerState.java:<init>(105)) - ad3886cc-8cf9-46e9-a9d5-925411a00d68:group-6DD0BC37F79F ConfigurationManager, init=-1: [ad3886cc-8cf9-46e9-a9d5-925411a00d68:192.168.34.5:33007], old=null, confs=<EMPTY_MAP>
2019-09-19 08:58:59,824 [pool-201-thread-1] INFO  server.RaftServerConfigKeys (ConfUtils.java:logGet(43)) - raft.server.storage.dir = [/workdir/hadoop-ozone/integration-test/target/test-dir/MiniOzoneClusterImpl-66e2a49b-37e1-46c5-a16c-3b22c3c736b2/datanode-4/data/ratis] (custom)
2019-09-19 08:58:59,824 [pool-201-thread-1] INFO  storage.RaftStorageDirectory (RaftStorageDirectory.java:analyzeStorage(246)) - The storage directory /workdir/hadoop-ozone/integration-test/target/test-dir/MiniOzoneClusterImpl-66e2a49b-37e1-46c5-a16c-3b22c3c736b2/datanode-4/data/ratis/afe9d68d-d83d-43d8-a8dc-6dd0bc37f79f does not exist. Creating ...
2019-09-19 08:58:59,847 [pool-201-thread-1] INFO  storage.RaftStorageDirectory (RaftStorageDirectory.java:tryLock(328)) - Lock on /workdir/hadoop-ozone/integration-test/target/test-dir/MiniOzoneClusterImpl-66e2a49b-37e1-46c5-a16c-3b22c3c736b2/datanode-4/data/ratis/afe9d68d-d83d-43d8-a8dc-6dd0bc37f79f/in_use.lock acquired by nodename 8013@pr-hdds-1569-j4bt4-3030777008
2019-09-19 08:58:59,859 [pool-201-thread-1] INFO  storage.RaftStorage (RaftStorage.java:format(72)) - Storage directory /workdir/hadoop-ozone/integration-test/target/test-dir/MiniOzoneClusterImpl-66e2a49b-37e1-46c5-a16c-3b22c3c736b2/datanode-4/data/ratis/afe9d68d-d83d-43d8-a8dc-6dd0bc37f79f has been successfully formatted.
2019-09-19 08:58:59,860 [pool-201-thread-1] INFO  ratis.ContainerStateMachine (ContainerStateMachine.java:loadSnapshot(226)) - group-6DD0BC37F79F: The snapshot info is null. Setting the last applied indexto:(t:0, i:~)
2019-09-19 08:58:59,860 [pool-201-thread-1] INFO  server.RaftServerConfigKeys (ConfUtils.java:logGet(43)) - raft.server.leader.election.timeout = 120s (custom)
2019-09-19 08:58:59,860 [pool-201-thread-1] INFO  server.RaftServerConfigKeys (ConfUtils.java:logGet(43)) - raft.server.log.use.memory = false (default)
2019-09-19 08:58:59,860 [pool-201-thread-1] INFO  server.RaftServerConfigKeys (ConfUtils.java:logGet(43)) - raft.server.log.purge.gap = 1000000 (custom)
2019-09-19 08:58:59,860 [pool-201-thread-1] INFO  server.RaftServerConfigKeys (ConfUtils.java:logGet(43)) - raft.server.log.appender.buffer.byte-limit = 33554432 (custom)
2019-09-19 08:58:59,860 [pool-201-thread-1] INFO  server.RaftServerConfigKeys (ConfUtils.java:logGet(43)) - raft.server.log.segment.size.max = 1048576 (custom)
2019-09-19 08:58:59,861 [pool-201-thread-1] INFO  server.RaftServerConfigKeys (ConfUtils.java:logGet(43)) - raft.server.log.segment.cache.num.max = 2 (custom)
2019-09-19 08:58:59,861 [pool-201-thread-1] INFO  segmented.SegmentedRaftLogWorker (SegmentedRaftLogWorker.java:<init>(172)) - new ad3886cc-8cf9-46e9-a9d5-925411a00d68-SegmentedRaftLogWorker:Storage Directory /workdir/hadoop-ozone/integration-test/target/test-dir/MiniOzoneClusterImpl-66e2a49b-37e1-46c5-a16c-3b22c3c736b2/datanode-4/data/ratis/afe9d68d-d83d-43d8-a8dc-6dd0bc37f79f for RaftStorage:Storage Directory /workdir/hadoop-ozone/integration-test/target/test-dir/MiniOzoneClusterImpl-66e2a49b-37e1-46c5-a16c-3b22c3c736b2/datanode-4/data/ratis/afe9d68d-d83d-43d8-a8dc-6dd0bc37f79f
2019-09-19 08:58:59,861 [pool-201-thread-1] INFO  server.RaftServerConfigKeys (ConfUtils.java:logGet(43)) - raft.server.log.queue.byte-limit = 2147483647 (custom)
2019-09-19 08:58:59,861 [pool-201-thread-1] INFO  server.RaftServerConfigKeys (ConfUtils.java:logGet(43)) - raft.server.log.queue.element-limit = 1024 (custom)
2019-09-19 08:58:59,861 [pool-201-thread-1] INFO  server.RaftServerConfigKeys (ConfUtils.java:logGet(43)) - raft.server.log.segment.size.max = 1048576 (custom)
2019-09-19 08:58:59,862 [pool-201-thread-1] INFO  server.RaftServerConfigKeys (ConfUtils.java:logGet(43)) - raft.server.log.preallocated.size = 16384 (custom)
2019-09-19 08:58:59,862 [pool-201-thread-1] INFO  server.RaftServerConfigKeys (ConfUtils.java:logGet(43)) - raft.server.log.write.buffer.size = 33554432 (custom)
2019-09-19 08:58:59,862 [pool-201-thread-1] INFO  server.RaftServerConfigKeys (ConfUtils.java:logGet(43)) - raft.server.log.force.sync.num = 128 (default)
2019-09-19 08:58:59,862 [pool-201-thread-1] INFO  server.RaftServerConfigKeys (ConfUtils.java:logGet(43)) - raft.server.log.statemachine.data.sync = true (default)
2019-09-19 08:58:59,862 [pool-201-thread-1] INFO  server.RaftServerConfigKeys (ConfUtils.java:logGet(43)) - raft.server.log.statemachine.data.sync.timeout = 10s (default)
2019-09-19 08:58:59,862 [pool-201-thread-1] INFO  server.RaftServerConfigKeys (ConfUtils.java:logGet(43)) - raft.server.log.statemachine.data.sync.timeout.retry = -1 (default)
2019-09-19 08:58:59,862 [pool-201-thread-1] INFO  server.RaftServerConfigKeys (ConfUtils.java:logGet(43)) - raft.server.log.statemachine.data.caching.enabled = true (custom)
2019-09-19 08:58:59,863 [pool-201-thread-1] INFO  segmented.SegmentedRaftLogWorker (SegmentedRaftLogWorker.java:lambda$new$0(132)) - ad3886cc-8cf9-46e9-a9d5-925411a00d68-SegmentedRaftLogWorker:Storage Directory /workdir/hadoop-ozone/integration-test/target/test-dir/MiniOzoneClusterImpl-66e2a49b-37e1-46c5-a16c-3b22c3c736b2/datanode-4/data/ratis/afe9d68d-d83d-43d8-a8dc-6dd0bc37f79f: flushIndex: setUnconditionally 0 -> -1
2019-09-19 08:58:59,863 [pool-201-thread-1] INFO  server.RaftServerConfigKeys (ConfUtils.java:logGet(43)) - raft.server.snapshot.auto.trigger.enabled = true (custom)
2019-09-19 08:58:59,863 [pool-201-thread-1] INFO  server.RaftServerConfigKeys (ConfUtils.java:logGet(43)) - raft.server.snapshot.auto.trigger.threshold = 10000 (custom)
2019-09-19 08:58:59,863 [pool-201-thread-1] INFO  server.RaftServerConfigKeys (ConfUtils.java:logGet(43)) - raft.server.retrycache.expirytime = 600000ms (custom)
2019-09-19 08:58:59,864 [pool-201-thread-1] INFO  impl.RaftServerImpl (RaftServerImpl.java:start(180)) - ad3886cc-8cf9-46e9-a9d5-925411a00d68: start group-6DD0BC37F79F
2019-09-19 08:58:59,864 [pool-201-thread-1] INFO  impl.RaftServerImpl (RaftServerImpl.java:setRole(171)) - ad3886cc-8cf9-46e9-a9d5-925411a00d68:group-6DD0BC37F79F changes role from null to FOLLOWER at term 0 for startAsFollower
2019-09-19 08:58:59,864 [pool-201-thread-1] INFO  impl.RoleInfo (RoleInfo.java:updateAndGet(143)) - ad3886cc-8cf9-46e9-a9d5-925411a00d68: start FollowerState
2019-09-19 08:58:59,864 [pool-201-thread-1] INFO  util.JmxRegister (JmxRegister.java:tryRegister(44)) - Successfully registered JMX Bean with object name Ratis:service=RaftServer,group=group-6DD0BC37F79F,id=ad3886cc-8cf9-46e9-a9d5-925411a00d68
2019-09-19 08:58:59,867 [RatisPipelineUtilsThread] INFO  pipeline.PipelineStateManager (PipelineStateManager.java:addPipeline(56)) - Created pipeline Pipeline[ Id: afe9d68d-d83d-43d8-a8dc-6dd0bc37f79f, Nodes: ad3886cc-8cf9-46e9-a9d5-925411a00d68{ip: 192.168.34.5, host: pr-hdds-1569-j4bt4-3030777008, networkLocation: /default-rack, certSerialId: null}, Type:RATIS, Factor:ONE, State:OPEN]
2019-09-19 08:58:59,867 [RatisPipelineUtilsThread] ERROR pipeline.PipelinePlacementPolicy (PipelinePlacementPolicy.java:meetCriteria(91)) - Pipeline Placement: Doesn't meet the criteria to be viable node. Heaviness: 6
2019-09-19 08:58:59,867 [RatisPipelineUtilsThread] ERROR pipeline.PipelinePlacementPolicy (PipelinePlacementPolicy.java:meetCriteria(91)) - Pipeline Placement: Doesn't meet the criteria to be viable node. Heaviness: 6
2019-09-19 08:58:59,868 [RatisPipelineUtilsThread] ERROR pipeline.PipelinePlacementPolicy (PipelinePlacementPolicy.java:meetCriteria(91)) - Pipeline Placement: Doesn't meet the criteria to be viable node. Heaviness: 6
2019-09-19 08:58:59,868 [RatisPipelineUtilsThread] ERROR pipeline.PipelinePlacementPolicy (PipelinePlacementPolicy.java:meetCriteria(91)) - Pipeline Placement: Doesn't meet the criteria to be viable node. Heaviness: 6
2019-09-19 08:58:59,872 [grpc-default-executor-0] INFO  impl.RaftServerProxy (RaftServerProxy.java:addNew(89)) - ad3886cc-8cf9-46e9-a9d5-925411a00d68: addNew group-E26A51EBC6B4:[ad3886cc-8cf9-46e9-a9d5-925411a00d68:192.168.34.5:33007] returns group-E26A51EBC6B4:java.util.concurrent.CompletableFuture@3ae5641[Not completed]
2019-09-19 08:58:59,874 [pool-201-thread-1] INFO  impl.RaftServerImpl (RaftServerImpl.java:<init>(93)) - ad3886cc-8cf9-46e9-a9d5-925411a00d68: new RaftServerImpl for group-E26A51EBC6B4:[ad3886cc-8cf9-46e9-a9d5-925411a00d68:192.168.34.5:33007] with ContainerStateMachine:uninitialized
2019-09-19 08:58:59,874 [pool-201-thread-1] INFO  server.RaftServerConfigKeys (ConfUtils.java:logGet(43)) - raft.server.rpc.timeout.min = 1s (custom)
2019-09-19 08:58:59,874 [pool-201-thread-1] INFO  server.RaftServerConfigKeys (ConfUtils.java:logGet(43)) - raft.server.rpc.timeout.max = 1200ms (custom)
2019-09-19 08:58:59,874 [pool-201-thread-1] INFO  server.RaftServerConfigKeys (ConfUtils.java:logGet(43)) - raft.server.rpcslowness.timeout = 120s (custom)
2019-09-19 08:58:59,874 [pool-201-thread-1] INFO  server.RaftServerConfigKeys (ConfUtils.java:logGet(43)) - raft.server.sleep.deviation.threshold = 300 (default)
2019-09-19 08:58:59,874 [pool-201-thread-1] INFO  server.RaftServerConfigKeys (ConfUtils.java:logGet(43)) - raft.server.log.appender.install.snapshot.enabled = false (custom)
2019-09-19 08:58:59,874 [pool-201-thread-1] INFO  impl.RaftServerImpl (ServerState.java:<init>(105)) - ad3886cc-8cf9-46e9-a9d5-925411a00d68:group-E26A51EBC6B4 ConfigurationManager, init=-1: [ad3886cc-8cf9-46e9-a9d5-925411a00d68:192.168.34.5:33007], old=null, confs=<EMPTY_MAP>
2019-09-19 08:58:59,875 [pool-201-thread-1] INFO  server.RaftServerConfigKeys (ConfUtils.java:logGet(43)) - raft.server.storage.dir = [/workdir/hadoop-ozone/integration-test/target/test-dir/MiniOzoneClusterImpl-66e2a49b-37e1-46c5-a16c-3b22c3c736b2/datanode-4/data/ratis] (custom)
2019-09-19 08:58:59,875 [pool-201-thread-1] INFO  storage.RaftStorageDirectory (RaftStorageDirectory.java:analyzeStorage(246)) - The storage directory /workdir/hadoop-ozone/integration-test/target/test-dir/MiniOzoneClusterImpl-66e2a49b-37e1-46c5-a16c-3b22c3c736b2/datanode-4/data/ratis/1bf34f84-3aff-451a-a36f-e26a51ebc6b4 does not exist. Creating ...
2019-09-19 08:58:59,889 [pool-201-thread-1] INFO  storage.RaftStorageDirectory (RaftStorageDirectory.java:tryLock(328)) - Lock on /workdir/hadoop-ozone/integration-test/target/test-dir/MiniOzoneClusterImpl-66e2a49b-37e1-46c5-a16c-3b22c3c736b2/datanode-4/data/ratis/1bf34f84-3aff-451a-a36f-e26a51ebc6b4/in_use.lock acquired by nodename 8013@pr-hdds-1569-j4bt4-3030777008
2019-09-19 08:58:59,902 [pool-201-thread-1] INFO  storage.RaftStorage (RaftStorage.java:format(72)) - Storage directory /workdir/hadoop-ozone/integration-test/target/test-dir/MiniOzoneClusterImpl-66e2a49b-37e1-46c5-a16c-3b22c3c736b2/datanode-4/data/ratis/1bf34f84-3aff-451a-a36f-e26a51ebc6b4 has been successfully formatted.
2019-09-19 08:58:59,902 [pool-201-thread-1] INFO  ratis.ContainerStateMachine (ContainerStateMachine.java:loadSnapshot(226)) - group-E26A51EBC6B4: The snapshot info is null. Setting the last applied indexto:(t:0, i:~)
2019-09-19 08:58:59,902 [pool-201-thread-1] INFO  server.RaftServerConfigKeys (ConfUtils.java:logGet(43)) - raft.server.leader.election.timeout = 120s (custom)
2019-09-19 08:58:59,903 [pool-201-thread-1] INFO  server.RaftServerConfigKeys (ConfUtils.java:logGet(43)) - raft.server.log.use.memory = false (default)
2019-09-19 08:58:59,903 [pool-201-thread-1] INFO  server.RaftServerConfigKeys (ConfUtils.java:logGet(43)) - raft.server.log.purge.gap = 1000000 (custom)
2019-09-19 08:58:59,903 [pool-201-thread-1] INFO  server.RaftServerConfigKeys (ConfUtils.java:logGet(43)) - raft.server.log.appender.buffer.byte-limit = 33554432 (custom)
2019-09-19 08:58:59,903 [pool-201-thread-1] INFO  server.RaftServerConfigKeys (ConfUtils.java:logGet(43)) - raft.server.log.segment.size.max = 1048576 (custom)
2019-09-19 08:58:59,903 [pool-201-thread-1] INFO  server.RaftServerConfigKeys (ConfUtils.java:logGet(43)) - raft.server.log.segment.cache.num.max = 2 (custom)
2019-09-19 08:58:59,903 [pool-201-thread-1] INFO  segmented.SegmentedRaftLogWorker (SegmentedRaftLogWorker.java:<init>(172)) - new ad3886cc-8cf9-46e9-a9d5-925411a00d68-SegmentedRaftLogWorker:Storage Directory /workdir/hadoop-ozone/integration-test/target/test-dir/MiniOzoneClusterImpl-66e2a49b-37e1-46c5-a16c-3b22c3c736b2/datanode-4/data/ratis/1bf34f84-3aff-451a-a36f-e26a51ebc6b4 for RaftStorage:Storage Directory /workdir/hadoop-ozone/integration-test/target/test-dir/MiniOzoneClusterImpl-66e2a49b-37e1-46c5-a16c-3b22c3c736b2/datanode-4/data/ratis/1bf34f84-3aff-451a-a36f-e26a51ebc6b4
2019-09-19 08:58:59,903 [pool-201-thread-1] INFO  server.RaftServerConfigKeys (ConfUtils.java:logGet(43)) - raft.server.log.queue.byte-limit = 2147483647 (custom)
2019-09-19 08:58:59,904 [pool-201-thread-1] INFO  server.RaftServerConfigKeys (ConfUtils.java:logGet(43)) - raft.server.log.queue.element-limit = 1024 (custom)
2019-09-19 08:58:59,904 [pool-201-thread-1] INFO  server.RaftServerConfigKeys (ConfUtils.java:logGet(43)) - raft.server.log.segment.size.max = 1048576 (custom)
2019-09-19 08:58:59,904 [pool-201-thread-1] INFO  server.RaftServerConfigKeys (ConfUtils.java:logGet(43)) - raft.server.log.preallocated.size = 16384 (custom)
2019-09-19 08:58:59,904 [pool-201-thread-1] INFO  server.RaftServerConfigKeys (ConfUtils.java:logGet(43)) - raft.server.log.write.buffer.size = 33554432 (custom)
2019-09-19 08:58:59,904 [pool-201-thread-1] INFO  server.RaftServerConfigKeys (ConfUtils.java:logGet(43)) - raft.server.log.force.sync.num = 128 (default)
2019-09-19 08:58:59,904 [pool-201-thread-1] INFO  server.RaftServerConfigKeys (ConfUtils.java:logGet(43)) - raft.server.log.statemachine.data.sync = true (default)
2019-09-19 08:58:59,904 [pool-201-thread-1] INFO  server.RaftServerConfigKeys (ConfUtils.java:logGet(43)) - raft.server.log.statemachine.data.sync.timeout = 10s (default)
2019-09-19 08:58:59,905 [pool-201-thread-1] INFO  server.RaftServerConfigKeys (ConfUtils.java:logGet(43)) - raft.server.log.statemachine.data.sync.timeout.retry = -1 (default)
2019-09-19 08:58:59,905 [pool-201-thread-1] INFO  server.RaftServerConfigKeys (ConfUtils.java:logGet(43)) - raft.server.log.statemachine.data.caching.enabled = true (custom)
2019-09-19 08:58:59,905 [pool-201-thread-1] INFO  segmented.SegmentedRaftLogWorker (SegmentedRaftLogWorker.java:lambda$new$0(132)) - ad3886cc-8cf9-46e9-a9d5-925411a00d68-SegmentedRaftLogWorker:Storage Directory /workdir/hadoop-ozone/integration-test/target/test-dir/MiniOzoneClusterImpl-66e2a49b-37e1-46c5-a16c-3b22c3c736b2/datanode-4/data/ratis/1bf34f84-3aff-451a-a36f-e26a51ebc6b4: flushIndex: setUnconditionally 0 -> -1
2019-09-19 08:58:59,905 [pool-201-thread-1] INFO  server.RaftServerConfigKeys (ConfUtils.java:logGet(43)) - raft.server.snapshot.auto.trigger.enabled = true (custom)
2019-09-19 08:58:59,906 [pool-201-thread-1] INFO  server.RaftServerConfigKeys (ConfUtils.java:logGet(43)) - raft.server.snapshot.auto.trigger.threshold = 10000 (custom)
2019-09-19 08:58:59,906 [pool-201-thread-1] INFO  server.RaftServerConfigKeys (ConfUtils.java:logGet(43)) - raft.server.retrycache.expirytime = 600000ms (custom)
2019-09-19 08:58:59,906 [pool-201-thread-1] INFO  impl.RaftServerImpl (RaftServerImpl.java:start(180)) - ad3886cc-8cf9-46e9-a9d5-925411a00d68: start group-E26A51EBC6B4
2019-09-19 08:58:59,906 [pool-201-thread-1] INFO  impl.RaftServerImpl (RaftServerImpl.java:setRole(171)) - ad3886cc-8cf9-46e9-a9d5-925411a00d68:group-E26A51EBC6B4 changes role from null to FOLLOWER at term 0 for startAsFollower
2019-09-19 08:58:59,906 [pool-201-thread-1] INFO  impl.RoleInfo (RoleInfo.java:updateAndGet(143)) - ad3886cc-8cf9-46e9-a9d5-925411a00d68: start FollowerState
2019-09-19 08:58:59,907 [pool-201-thread-1] INFO  util.JmxRegister (JmxRegister.java:tryRegister(44)) - Successfully registered JMX Bean with object name Ratis:service=RaftServer,group=group-E26A51EBC6B4,id=ad3886cc-8cf9-46e9-a9d5-925411a00d68
2019-09-19 08:58:59,909 [RatisPipelineUtilsThread] INFO  pipeline.PipelineStateManager (PipelineStateManager.java:addPipeline(56)) - Created pipeline Pipeline[ Id: 1bf34f84-3aff-451a-a36f-e26a51ebc6b4, Nodes: ad3886cc-8cf9-46e9-a9d5-925411a00d68{ip: 192.168.34.5, host: pr-hdds-1569-j4bt4-3030777008, networkLocation: /default-rack, certSerialId: null}, Type:RATIS, Factor:ONE, State:OPEN]
2019-09-19 08:58:59,909 [RatisPipelineUtilsThread] ERROR pipeline.PipelinePlacementPolicy (PipelinePlacementPolicy.java:meetCriteria(91)) - Pipeline Placement: Doesn't meet the criteria to be viable node. Heaviness: 6
2019-09-19 08:58:59,910 [RatisPipelineUtilsThread] ERROR pipeline.PipelinePlacementPolicy (PipelinePlacementPolicy.java:meetCriteria(91)) - Pipeline Placement: Doesn't meet the criteria to be viable node. Heaviness: 6
2019-09-19 08:58:59,910 [RatisPipelineUtilsThread] ERROR pipeline.PipelinePlacementPolicy (PipelinePlacementPolicy.java:meetCriteria(91)) - Pipeline Placement: Doesn't meet the criteria to be viable node. Heaviness: 6
2019-09-19 08:58:59,910 [RatisPipelineUtilsThread] ERROR pipeline.PipelinePlacementPolicy (PipelinePlacementPolicy.java:meetCriteria(91)) - Pipeline Placement: Doesn't meet the criteria to be viable node. Heaviness: 6
2019-09-19 08:58:59,915 [grpc-default-executor-0] INFO  impl.RaftServerProxy (RaftServerProxy.java:addNew(89)) - ad3886cc-8cf9-46e9-a9d5-925411a00d68: addNew group-414407D09381:[ad3886cc-8cf9-46e9-a9d5-925411a00d68:192.168.34.5:33007] returns group-414407D09381:java.util.concurrent.CompletableFuture@69180789[Not completed]
2019-09-19 08:58:59,915 [pool-201-thread-1] INFO  impl.RaftServerImpl (RaftServerImpl.java:<init>(93)) - ad3886cc-8cf9-46e9-a9d5-925411a00d68: new RaftServerImpl for group-414407D09381:[ad3886cc-8cf9-46e9-a9d5-925411a00d68:192.168.34.5:33007] with ContainerStateMachine:uninitialized
2019-09-19 08:58:59,916 [pool-201-thread-1] INFO  server.RaftServerConfigKeys (ConfUtils.java:logGet(43)) - raft.server.rpc.timeout.min = 1s (custom)
2019-09-19 08:58:59,916 [pool-201-thread-1] INFO  server.RaftServerConfigKeys (ConfUtils.java:logGet(43)) - raft.server.rpc.timeout.max = 1200ms (custom)
2019-09-19 08:58:59,916 [pool-201-thread-1] INFO  server.RaftServerConfigKeys (ConfUtils.java:logGet(43)) - raft.server.rpcslowness.timeout = 120s (custom)
2019-09-19 08:58:59,916 [pool-201-thread-1] INFO  server.RaftServerConfigKeys (ConfUtils.java:logGet(43)) - raft.server.sleep.deviation.threshold = 300 (default)
2019-09-19 08:58:59,916 [pool-201-thread-1] INFO  server.RaftServerConfigKeys (ConfUtils.java:logGet(43)) - raft.server.log.appender.install.snapshot.enabled = false (custom)
2019-09-19 08:58:59,916 [pool-201-thread-1] INFO  impl.RaftServerImpl (ServerState.java:<init>(105)) - ad3886cc-8cf9-46e9-a9d5-925411a00d68:group-414407D09381 ConfigurationManager, init=-1: [ad3886cc-8cf9-46e9-a9d5-925411a00d68:192.168.34.5:33007], old=null, confs=<EMPTY_MAP>
2019-09-19 08:58:59,916 [pool-201-thread-1] INFO  server.RaftServerConfigKeys (ConfUtils.java:logGet(43)) - raft.server.storage.dir = [/workdir/hadoop-ozone/integration-test/target/test-dir/MiniOzoneClusterImpl-66e2a49b-37e1-46c5-a16c-3b22c3c736b2/datanode-4/data/ratis] (custom)
2019-09-19 08:58:59,916 [pool-201-thread-1] INFO  storage.RaftStorageDirectory (RaftStorageDirectory.java:analyzeStorage(246)) - The storage directory /workdir/hadoop-ozone/integration-test/target/test-dir/MiniOzoneClusterImpl-66e2a49b-37e1-46c5-a16c-3b22c3c736b2/datanode-4/data/ratis/d6217a99-b50c-4c29-a5b8-414407d09381 does not exist. Creating ...
2019-09-19 08:58:59,928 [pool-201-thread-1] INFO  storage.RaftStorageDirectory (RaftStorageDirectory.java:tryLock(328)) - Lock on /workdir/hadoop-ozone/integration-test/target/test-dir/MiniOzoneClusterImpl-66e2a49b-37e1-46c5-a16c-3b22c3c736b2/datanode-4/data/ratis/d6217a99-b50c-4c29-a5b8-414407d09381/in_use.lock acquired by nodename 8013@pr-hdds-1569-j4bt4-3030777008
2019-09-19 08:58:59,942 [pool-201-thread-1] INFO  storage.RaftStorage (RaftStorage.java:format(72)) - Storage directory /workdir/hadoop-ozone/integration-test/target/test-dir/MiniOzoneClusterImpl-66e2a49b-37e1-46c5-a16c-3b22c3c736b2/datanode-4/data/ratis/d6217a99-b50c-4c29-a5b8-414407d09381 has been successfully formatted.
2019-09-19 08:58:59,942 [pool-201-thread-1] INFO  ratis.ContainerStateMachine (ContainerStateMachine.java:loadSnapshot(226)) - group-414407D09381: The snapshot info is null. Setting the last applied indexto:(t:0, i:~)
2019-09-19 08:58:59,942 [pool-201-thread-1] INFO  server.RaftServerConfigKeys (ConfUtils.java:logGet(43)) - raft.server.leader.election.timeout = 120s (custom)
2019-09-19 08:58:59,943 [pool-201-thread-1] INFO  server.RaftServerConfigKeys (ConfUtils.java:logGet(43)) - raft.server.log.use.memory = false (default)
2019-09-19 08:58:59,943 [pool-201-thread-1] INFO  server.RaftServerConfigKeys (ConfUtils.java:logGet(43)) - raft.server.log.purge.gap = 1000000 (custom)
2019-09-19 08:58:59,943 [pool-201-thread-1] INFO  server.RaftServerConfigKeys (ConfUtils.java:logGet(43)) - raft.server.log.appender.buffer.byte-limit = 33554432 (custom)
2019-09-19 08:58:59,943 [pool-201-thread-1] INFO  server.RaftServerConfigKeys (ConfUtils.java:logGet(43)) - raft.server.log.segment.size.max = 1048576 (custom)
2019-09-19 08:58:59,943 [pool-201-thread-1] INFO  server.RaftServerConfigKeys (ConfUtils.java:logGet(43)) - raft.server.log.segment.cache.num.max = 2 (custom)
2019-09-19 08:58:59,943 [pool-201-thread-1] INFO  segmented.SegmentedRaftLogWorker (SegmentedRaftLogWorker.java:<init>(172)) - new ad3886cc-8cf9-46e9-a9d5-925411a00d68-SegmentedRaftLogWorker:Storage Directory /workdir/hadoop-ozone/integration-test/target/test-dir/MiniOzoneClusterImpl-66e2a49b-37e1-46c5-a16c-3b22c3c736b2/datanode-4/data/ratis/d6217a99-b50c-4c29-a5b8-414407d09381 for RaftStorage:Storage Directory /workdir/hadoop-ozone/integration-test/target/test-dir/MiniOzoneClusterImpl-66e2a49b-37e1-46c5-a16c-3b22c3c736b2/datanode-4/data/ratis/d6217a99-b50c-4c29-a5b8-414407d09381
2019-09-19 08:58:59,944 [pool-201-thread-1] INFO  server.RaftServerConfigKeys (ConfUtils.java:logGet(43)) - raft.server.log.queue.byte-limit = 2147483647 (custom)
2019-09-19 08:58:59,944 [pool-201-thread-1] INFO  server.RaftServerConfigKeys (ConfUtils.java:logGet(43)) - raft.server.log.queue.element-limit = 1024 (custom)
2019-09-19 08:58:59,944 [pool-201-thread-1] INFO  server.RaftServerConfigKeys (ConfUtils.java:logGet(43)) - raft.server.log.segment.size.max = 1048576 (custom)
2019-09-19 08:58:59,944 [pool-201-thread-1] INFO  server.RaftServerConfigKeys (ConfUtils.java:logGet(43)) - raft.server.log.preallocated.size = 16384 (custom)
2019-09-19 08:58:59,944 [pool-201-thread-1] INFO  server.RaftServerConfigKeys (ConfUtils.java:logGet(43)) - raft.server.log.write.buffer.size = 33554432 (custom)
2019-09-19 08:58:59,944 [pool-201-thread-1] INFO  server.RaftServerConfigKeys (ConfUtils.java:logGet(43)) - raft.server.log.force.sync.num = 128 (default)
2019-09-19 08:58:59,944 [pool-201-thread-1] INFO  server.RaftServerConfigKeys (ConfUtils.java:logGet(43)) - raft.server.log.statemachine.data.sync = true (default)
2019-09-19 08:58:59,945 [pool-201-thread-1] INFO  server.RaftServerConfigKeys (ConfUtils.java:logGet(43)) - raft.server.log.statemachine.data.sync.timeout = 10s (default)
2019-09-19 08:58:59,945 [pool-201-thread-1] INFO  server.RaftServerConfigKeys (ConfUtils.java:logGet(43)) - raft.server.log.statemachine.data.sync.timeout.retry = -1 (default)
2019-09-19 08:58:59,945 [pool-201-thread-1] INFO  server.RaftServerConfigKeys (ConfUtils.java:logGet(43)) - raft.server.log.statemachine.data.caching.enabled = true (custom)
2019-09-19 08:58:59,945 [pool-201-thread-1] INFO  segmented.SegmentedRaftLogWorker (SegmentedRaftLogWorker.java:lambda$new$0(132)) - ad3886cc-8cf9-46e9-a9d5-925411a00d68-SegmentedRaftLogWorker:Storage Directory /workdir/hadoop-ozone/integration-test/target/test-dir/MiniOzoneClusterImpl-66e2a49b-37e1-46c5-a16c-3b22c3c736b2/datanode-4/data/ratis/d6217a99-b50c-4c29-a5b8-414407d09381: flushIndex: setUnconditionally 0 -> -1
2019-09-19 08:58:59,946 [pool-201-thread-1] INFO  server.RaftServerConfigKeys (ConfUtils.java:logGet(43)) - raft.server.snapshot.auto.trigger.enabled = true (custom)
2019-09-19 08:58:59,946 [pool-201-thread-1] INFO  server.RaftServerConfigKeys (ConfUtils.java:logGet(43)) - raft.server.snapshot.auto.trigger.threshold = 10000 (custom)
2019-09-19 08:58:59,946 [pool-201-thread-1] INFO  server.RaftServerConfigKeys (ConfUtils.java:logGet(43)) - raft.server.retrycache.expirytime = 600000ms (custom)
2019-09-19 08:58:59,946 [pool-201-thread-1] INFO  impl.RaftServerImpl (RaftServerImpl.java:start(180)) - ad3886cc-8cf9-46e9-a9d5-925411a00d68: start group-414407D09381
2019-09-19 08:58:59,946 [pool-201-thread-1] INFO  impl.RaftServerImpl (RaftServerImpl.java:setRole(171)) - ad3886cc-8cf9-46e9-a9d5-925411a00d68:group-414407D09381 changes role from null to FOLLOWER at term 0 for startAsFollower
2019-09-19 08:58:59,947 [pool-201-thread-1] INFO  impl.RoleInfo (RoleInfo.java:updateAndGet(143)) - ad3886cc-8cf9-46e9-a9d5-925411a00d68: start FollowerState
2019-09-19 08:58:59,947 [pool-201-thread-1] INFO  util.JmxRegister (JmxRegister.java:tryRegister(44)) - Successfully registered JMX Bean with object name Ratis:service=RaftServer,group=group-414407D09381,id=ad3886cc-8cf9-46e9-a9d5-925411a00d68
2019-09-19 08:58:59,950 [RatisPipelineUtilsThread] INFO  pipeline.PipelineStateManager (PipelineStateManager.java:addPipeline(56)) - Created pipeline Pipeline[ Id: d6217a99-b50c-4c29-a5b8-414407d09381, Nodes: ad3886cc-8cf9-46e9-a9d5-925411a00d68{ip: 192.168.34.5, host: pr-hdds-1569-j4bt4-3030777008, networkLocation: /default-rack, certSerialId: null}, Type:RATIS, Factor:ONE, State:OPEN]
2019-09-19 08:58:59,950 [RatisPipelineUtilsThread] ERROR pipeline.PipelinePlacementPolicy (PipelinePlacementPolicy.java:meetCriteria(91)) - Pipeline Placement: Doesn't meet the criteria to be viable node. Heaviness: 6
2019-09-19 08:58:59,950 [RatisPipelineUtilsThread] ERROR pipeline.PipelinePlacementPolicy (PipelinePlacementPolicy.java:meetCriteria(91)) - Pipeline Placement: Doesn't meet the criteria to be viable node. Heaviness: 6
2019-09-19 08:58:59,950 [RatisPipelineUtilsThread] ERROR pipeline.PipelinePlacementPolicy (PipelinePlacementPolicy.java:meetCriteria(91)) - Pipeline Placement: Doesn't meet the criteria to be viable node. Heaviness: 6
2019-09-19 08:58:59,950 [RatisPipelineUtilsThread] ERROR pipeline.PipelinePlacementPolicy (PipelinePlacementPolicy.java:meetCriteria(91)) - Pipeline Placement: Doesn't meet the criteria to be viable node. Heaviness: 6
2019-09-19 08:58:59,955 [grpc-default-executor-0] INFO  impl.RaftServerProxy (RaftServerProxy.java:addNew(89)) - ad3886cc-8cf9-46e9-a9d5-925411a00d68: addNew group-FC77B282DA8B:[ad3886cc-8cf9-46e9-a9d5-925411a00d68:192.168.34.5:33007] returns group-FC77B282DA8B:java.util.concurrent.CompletableFuture@45d5adec[Not completed]
2019-09-19 08:58:59,956 [pool-201-thread-1] INFO  impl.RaftServerImpl (RaftServerImpl.java:<init>(93)) - ad3886cc-8cf9-46e9-a9d5-925411a00d68: new RaftServerImpl for group-FC77B282DA8B:[ad3886cc-8cf9-46e9-a9d5-925411a00d68:192.168.34.5:33007] with ContainerStateMachine:uninitialized
2019-09-19 08:58:59,956 [pool-201-thread-1] INFO  server.RaftServerConfigKeys (ConfUtils.java:logGet(43)) - raft.server.rpc.timeout.min = 1s (custom)
2019-09-19 08:58:59,956 [pool-201-thread-1] INFO  server.RaftServerConfigKeys (ConfUtils.java:logGet(43)) - raft.server.rpc.timeout.max = 1200ms (custom)
2019-09-19 08:58:59,956 [pool-201-thread-1] INFO  server.RaftServerConfigKeys (ConfUtils.java:logGet(43)) - raft.server.rpcslowness.timeout = 120s (custom)
2019-09-19 08:58:59,956 [pool-201-thread-1] INFO  server.RaftServerConfigKeys (ConfUtils.java:logGet(43)) - raft.server.sleep.deviation.threshold = 300 (default)
2019-09-19 08:58:59,956 [pool-201-thread-1] INFO  server.RaftServerConfigKeys (ConfUtils.java:logGet(43)) - raft.server.log.appender.install.snapshot.enabled = false (custom)
2019-09-19 08:58:59,956 [pool-201-thread-1] INFO  impl.RaftServerImpl (ServerState.java:<init>(105)) - ad3886cc-8cf9-46e9-a9d5-925411a00d68:group-FC77B282DA8B ConfigurationManager, init=-1: [ad3886cc-8cf9-46e9-a9d5-925411a00d68:192.168.34.5:33007], old=null, confs=<EMPTY_MAP>
2019-09-19 08:58:59,956 [pool-201-thread-1] INFO  server.RaftServerConfigKeys (ConfUtils.java:logGet(43)) - raft.server.storage.dir = [/workdir/hadoop-ozone/integration-test/target/test-dir/MiniOzoneClusterImpl-66e2a49b-37e1-46c5-a16c-3b22c3c736b2/datanode-4/data/ratis] (custom)
2019-09-19 08:58:59,957 [pool-201-thread-1] INFO  storage.RaftStorageDirectory (RaftStorageDirectory.java:analyzeStorage(246)) - The storage directory /workdir/hadoop-ozone/integration-test/target/test-dir/MiniOzoneClusterImpl-66e2a49b-37e1-46c5-a16c-3b22c3c736b2/datanode-4/data/ratis/ebaf9505-2fa8-4338-8ce7-fc77b282da8b does not exist. Creating ...
2019-09-19 08:58:59,969 [pool-201-thread-1] INFO  storage.RaftStorageDirectory (RaftStorageDirectory.java:tryLock(328)) - Lock on /workdir/hadoop-ozone/integration-test/target/test-dir/MiniOzoneClusterImpl-66e2a49b-37e1-46c5-a16c-3b22c3c736b2/datanode-4/data/ratis/ebaf9505-2fa8-4338-8ce7-fc77b282da8b/in_use.lock acquired by nodename 8013@pr-hdds-1569-j4bt4-3030777008
2019-09-19 08:58:59,982 [pool-201-thread-1] INFO  storage.RaftStorage (RaftStorage.java:format(72)) - Storage directory /workdir/hadoop-ozone/integration-test/target/test-dir/MiniOzoneClusterImpl-66e2a49b-37e1-46c5-a16c-3b22c3c736b2/datanode-4/data/ratis/ebaf9505-2fa8-4338-8ce7-fc77b282da8b has been successfully formatted.
2019-09-19 08:58:59,982 [pool-201-thread-1] INFO  ratis.ContainerStateMachine (ContainerStateMachine.java:loadSnapshot(226)) - group-FC77B282DA8B: The snapshot info is null. Setting the last applied indexto:(t:0, i:~)
2019-09-19 08:58:59,982 [pool-201-thread-1] INFO  server.RaftServerConfigKeys (ConfUtils.java:logGet(43)) - raft.server.leader.election.timeout = 120s (custom)
2019-09-19 08:58:59,982 [pool-201-thread-1] INFO  server.RaftServerConfigKeys (ConfUtils.java:logGet(43)) - raft.server.log.use.memory = false (default)
2019-09-19 08:58:59,982 [pool-201-thread-1] INFO  server.RaftServerConfigKeys (ConfUtils.java:logGet(43)) - raft.server.log.purge.gap = 1000000 (custom)
2019-09-19 08:58:59,982 [pool-201-thread-1] INFO  server.RaftServerConfigKeys (ConfUtils.java:logGet(43)) - raft.server.log.appender.buffer.byte-limit = 33554432 (custom)
2019-09-19 08:58:59,982 [pool-201-thread-1] INFO  server.RaftServerConfigKeys (ConfUtils.java:logGet(43)) - raft.server.log.segment.size.max = 1048576 (custom)
2019-09-19 08:58:59,983 [pool-201-thread-1] INFO  server.RaftServerConfigKeys (ConfUtils.java:logGet(43)) - raft.server.log.segment.cache.num.max = 2 (custom)
2019-09-19 08:58:59,983 [pool-201-thread-1] INFO  segmented.SegmentedRaftLogWorker (SegmentedRaftLogWorker.java:<init>(172)) - new ad3886cc-8cf9-46e9-a9d5-925411a00d68-SegmentedRaftLogWorker:Storage Directory /workdir/hadoop-ozone/integration-test/target/test-dir/MiniOzoneClusterImpl-66e2a49b-37e1-46c5-a16c-3b22c3c736b2/datanode-4/data/ratis/ebaf9505-2fa8-4338-8ce7-fc77b282da8b for RaftStorage:Storage Directory /workdir/hadoop-ozone/integration-test/target/test-dir/MiniOzoneClusterImpl-66e2a49b-37e1-46c5-a16c-3b22c3c736b2/datanode-4/data/ratis/ebaf9505-2fa8-4338-8ce7-fc77b282da8b
2019-09-19 08:58:59,983 [pool-201-thread-1] INFO  server.RaftServerConfigKeys (ConfUtils.java:logGet(43)) - raft.server.log.queue.byte-limit = 2147483647 (custom)
2019-09-19 08:58:59,983 [pool-201-thread-1] INFO  server.RaftServerConfigKeys (ConfUtils.java:logGet(43)) - raft.server.log.queue.element-limit = 1024 (custom)
2019-09-19 08:58:59,983 [pool-201-thread-1] INFO  server.RaftServerConfigKeys (ConfUtils.java:logGet(43)) - raft.server.log.segment.size.max = 1048576 (custom)
2019-09-19 08:58:59,983 [pool-201-thread-1] INFO  server.RaftServerConfigKeys (ConfUtils.java:logGet(43)) - raft.server.log.preallocated.size = 16384 (custom)
2019-09-19 08:58:59,983 [pool-201-thread-1] INFO  server.RaftServerConfigKeys (ConfUtils.java:logGet(43)) - raft.server.log.write.buffer.size = 33554432 (custom)
2019-09-19 08:58:59,983 [pool-201-thread-1] INFO  server.RaftServerConfigKeys (ConfUtils.java:logGet(43)) - raft.server.log.force.sync.num = 128 (default)
2019-09-19 08:58:59,983 [pool-201-thread-1] INFO  server.RaftServerConfigKeys (ConfUtils.java:logGet(43)) - raft.server.log.statemachine.data.sync = true (default)
2019-09-19 08:58:59,983 [pool-201-thread-1] INFO  server.RaftServerConfigKeys (ConfUtils.java:logGet(43)) - raft.server.log.statemachine.data.sync.timeout = 10s (default)
2019-09-19 08:58:59,983 [pool-201-thread-1] INFO  server.RaftServerConfigKeys (ConfUtils.java:logGet(43)) - raft.server.log.statemachine.data.sync.timeout.retry = -1 (default)
2019-09-19 08:58:59,984 [pool-201-thread-1] INFO  server.RaftServerConfigKeys (ConfUtils.java:logGet(43)) - raft.server.log.statemachine.data.caching.enabled = true (custom)
2019-09-19 08:58:59,984 [pool-201-thread-1] INFO  segmented.SegmentedRaftLogWorker (SegmentedRaftLogWorker.java:lambda$new$0(132)) - ad3886cc-8cf9-46e9-a9d5-925411a00d68-SegmentedRaftLogWorker:Storage Directory /workdir/hadoop-ozone/integration-test/target/test-dir/MiniOzoneClusterImpl-66e2a49b-37e1-46c5-a16c-3b22c3c736b2/datanode-4/data/ratis/ebaf9505-2fa8-4338-8ce7-fc77b282da8b: flushIndex: setUnconditionally 0 -> -1
2019-09-19 08:58:59,984 [pool-201-thread-1] INFO  server.RaftServerConfigKeys (ConfUtils.java:logGet(43)) - raft.server.snapshot.auto.trigger.enabled = true (custom)
2019-09-19 08:58:59,984 [pool-201-thread-1] INFO  server.RaftServerConfigKeys (ConfUtils.java:logGet(43)) - raft.server.snapshot.auto.trigger.threshold = 10000 (custom)
2019-09-19 08:58:59,984 [pool-201-thread-1] INFO  server.RaftServerConfigKeys (ConfUtils.java:logGet(43)) - raft.server.retrycache.expirytime = 600000ms (custom)
2019-09-19 08:58:59,985 [pool-201-thread-1] INFO  impl.RaftServerImpl (RaftServerImpl.java:start(180)) - ad3886cc-8cf9-46e9-a9d5-925411a00d68: start group-FC77B282DA8B
2019-09-19 08:58:59,985 [pool-201-thread-1] INFO  impl.RaftServerImpl (RaftServerImpl.java:setRole(171)) - ad3886cc-8cf9-46e9-a9d5-925411a00d68:group-FC77B282DA8B changes role from null to FOLLOWER at term 0 for startAsFollower
2019-09-19 08:58:59,985 [pool-201-thread-1] INFO  impl.RoleInfo (RoleInfo.java:updateAndGet(143)) - ad3886cc-8cf9-46e9-a9d5-925411a00d68: start FollowerState
2019-09-19 08:58:59,985 [pool-201-thread-1] INFO  util.JmxRegister (JmxRegister.java:tryRegister(44)) - Successfully registered JMX Bean with object name Ratis:service=RaftServer,group=group-FC77B282DA8B,id=ad3886cc-8cf9-46e9-a9d5-925411a00d68
2019-09-19 08:58:59,987 [RatisPipelineUtilsThread] INFO  pipeline.PipelineStateManager (PipelineStateManager.java:addPipeline(56)) - Created pipeline Pipeline[ Id: ebaf9505-2fa8-4338-8ce7-fc77b282da8b, Nodes: ad3886cc-8cf9-46e9-a9d5-925411a00d68{ip: 192.168.34.5, host: pr-hdds-1569-j4bt4-3030777008, networkLocation: /default-rack, certSerialId: null}, Type:RATIS, Factor:ONE, State:OPEN]
2019-09-19 08:58:59,987 [RatisPipelineUtilsThread] ERROR pipeline.PipelinePlacementPolicy (PipelinePlacementPolicy.java:meetCriteria(91)) - Pipeline Placement: Doesn't meet the criteria to be viable node. Heaviness: 6
2019-09-19 08:58:59,988 [RatisPipelineUtilsThread] ERROR pipeline.PipelinePlacementPolicy (PipelinePlacementPolicy.java:meetCriteria(91)) - Pipeline Placement: Doesn't meet the criteria to be viable node. Heaviness: 6
2019-09-19 08:58:59,988 [RatisPipelineUtilsThread] ERROR pipeline.PipelinePlacementPolicy (PipelinePlacementPolicy.java:meetCriteria(91)) - Pipeline Placement: Doesn't meet the criteria to be viable node. Heaviness: 6
2019-09-19 08:58:59,988 [RatisPipelineUtilsThread] ERROR pipeline.PipelinePlacementPolicy (PipelinePlacementPolicy.java:meetCriteria(91)) - Pipeline Placement: Doesn't meet the criteria to be viable node. Heaviness: 6
2019-09-19 08:58:59,988 [RatisPipelineUtilsThread] ERROR pipeline.PipelinePlacementPolicy (PipelinePlacementPolicy.java:meetCriteria(91)) - Pipeline Placement: Doesn't meet the criteria to be viable node. Heaviness: 6
2019-09-19 08:58:59,988 [RatisPipelineUtilsThread] ERROR pipeline.PipelinePlacementPolicy (PipelinePlacementPolicy.java:filterViableNodes(146)) - Unable to find enough nodes that meet the criteria that cannot engage in more than 5 pipelines. Nodes required: 1 Found: 0, healthy nodes count inNodeManager: 5.
2019-09-19 08:58:59,988 [RatisPipelineUtilsThread] ERROR pipeline.SCMPipelineManager (SCMPipelineManager.java:createPipeline(161)) - Pipeline creation failed due to exception: Unable to find enough nodes that meet the criteria that cannot engage in more than 5 pipelines. Nodes required: 1 Found: 0, healthy nodes count inNodeManager: 5.
2019-09-19 08:58:59,989 [RatisPipelineUtilsThread] ERROR pipeline.PipelinePlacementPolicy (PipelinePlacementPolicy.java:meetCriteria(91)) - Pipeline Placement: Doesn't meet the criteria to be viable node. Heaviness: 6
2019-09-19 08:58:59,989 [RatisPipelineUtilsThread] ERROR pipeline.PipelinePlacementPolicy (PipelinePlacementPolicy.java:meetCriteria(91)) - Pipeline Placement: Doesn't meet the criteria to be viable node. Heaviness: 6
2019-09-19 08:58:59,989 [RatisPipelineUtilsThread] ERROR pipeline.PipelinePlacementPolicy (PipelinePlacementPolicy.java:meetCriteria(91)) - Pipeline Placement: Doesn't meet the criteria to be viable node. Heaviness: 6
2019-09-19 08:58:59,989 [RatisPipelineUtilsThread] ERROR pipeline.PipelinePlacementPolicy (PipelinePlacementPolicy.java:meetCriteria(91)) - Pipeline Placement: Doesn't meet the criteria to be viable node. Heaviness: 6
2019-09-19 08:58:59,989 [RatisPipelineUtilsThread] ERROR pipeline.PipelinePlacementPolicy (PipelinePlacementPolicy.java:meetCriteria(91)) - Pipeline Placement: Doesn't meet the criteria to be viable node. Heaviness: 6
2019-09-19 08:58:59,989 [RatisPipelineUtilsThread] ERROR pipeline.PipelinePlacementPolicy (PipelinePlacementPolicy.java:filterViableNodes(146)) - Unable to find enough nodes that meet the criteria that cannot engage in more than 5 pipelines. Nodes required: 3 Found: 0, healthy nodes count inNodeManager: 5.
2019-09-19 08:58:59,989 [RatisPipelineUtilsThread] ERROR pipeline.SCMPipelineManager (SCMPipelineManager.java:createPipeline(161)) - Pipeline creation failed due to exception: Unable to find enough nodes that meet the criteria that cannot engage in more than 5 pipelines. Nodes required: 3 Found: 0, healthy nodes count inNodeManager: 5.
2019-09-19 08:59:00,021 [Thread-808] INFO  impl.FollowerState (FollowerState.java:run(106)) - a1d91341-8f9e-4ad5-9509-8a616163aa58:group-9A4693C5891A changes to CANDIDATE, lastRpcTime:1066, electionTimeout:1066ms
2019-09-19 08:59:00,021 [Thread-808] INFO  impl.RoleInfo (RoleInfo.java:shutdownFollowerState(121)) - a1d91341-8f9e-4ad5-9509-8a616163aa58: shutdown FollowerState
2019-09-19 08:59:00,021 [Thread-808] INFO  impl.RaftServerImpl (RaftServerImpl.java:setRole(171)) - a1d91341-8f9e-4ad5-9509-8a616163aa58:group-9A4693C5891A changes role from FOLLOWER to CANDIDATE at term 0 for changeToCandidate
2019-09-19 08:59:00,021 [Thread-808] INFO  impl.RoleInfo (RoleInfo.java:updateAndGet(143)) - a1d91341-8f9e-4ad5-9509-8a616163aa58: start LeaderElection
2019-09-19 08:59:00,034 [a1d91341-8f9e-4ad5-9509-8a616163aa58:group-9A4693C5891A:LeaderElection61] INFO  impl.LeaderElection (LeaderElection.java:askForVotes(181)) - a1d91341-8f9e-4ad5-9509-8a616163aa58:group-9A4693C5891A:LeaderElection61: begin an election at term 1 for -1: [a1d91341-8f9e-4ad5-9509-8a616163aa58:192.168.34.5:42287], old=null
2019-09-19 08:59:00,035 [a1d91341-8f9e-4ad5-9509-8a616163aa58:group-9A4693C5891A:LeaderElection61] INFO  impl.RoleInfo (RoleInfo.java:shutdownLeaderElection(134)) - a1d91341-8f9e-4ad5-9509-8a616163aa58: shutdown LeaderElection
2019-09-19 08:59:00,035 [a1d91341-8f9e-4ad5-9509-8a616163aa58:group-9A4693C5891A:LeaderElection61] INFO  impl.RaftServerImpl (RaftServerImpl.java:setRole(171)) - a1d91341-8f9e-4ad5-9509-8a616163aa58:group-9A4693C5891A changes role from CANDIDATE to LEADER at term 1 for changeToLeader
2019-09-19 08:59:00,035 [a1d91341-8f9e-4ad5-9509-8a616163aa58:group-9A4693C5891A:LeaderElection61] INFO  impl.RaftServerImpl (ServerState.java:setLeader(263)) - a1d91341-8f9e-4ad5-9509-8a616163aa58:group-9A4693C5891A change Leader from null to a1d91341-8f9e-4ad5-9509-8a616163aa58 at term 1 for becomeLeader, leader elected after 1083ms
2019-09-19 08:59:00,035 [a1d91341-8f9e-4ad5-9509-8a616163aa58:group-9A4693C5891A:LeaderElection61] INFO  server.RaftServerConfigKeys (ConfUtils.java:logGet(43)) - raft.server.staging.catchup.gap = 1000 (default)
2019-09-19 08:59:00,035 [a1d91341-8f9e-4ad5-9509-8a616163aa58:group-9A4693C5891A:LeaderElection61] INFO  server.RaftServerConfigKeys (ConfUtils.java:logGet(43)) - raft.server.rpc.sleep.time = 25ms (default)
2019-09-19 08:59:00,035 [a1d91341-8f9e-4ad5-9509-8a616163aa58:group-9A4693C5891A:LeaderElection61] INFO  server.RaftServerConfigKeys (ConfUtils.java:logGet(43)) - raft.server.write.element-limit = 4096 (default)
2019-09-19 08:59:00,035 [a1d91341-8f9e-4ad5-9509-8a616163aa58:group-9A4693C5891A:LeaderElection61] INFO  server.RaftServerConfigKeys (ConfUtils.java:logGet(43)) - raft.server.watch.timeout = 10s (default)
2019-09-19 08:59:00,036 [a1d91341-8f9e-4ad5-9509-8a616163aa58:group-9A4693C5891A:LeaderElection61] INFO  server.RaftServerConfigKeys (ConfUtils.java:logGet(43)) - raft.server.watch.timeout.denomination = 1s (default)
2019-09-19 08:59:00,036 [a1d91341-8f9e-4ad5-9509-8a616163aa58:group-9A4693C5891A:LeaderElection61] INFO  server.RaftServerConfigKeys (ConfUtils.java:logGet(43)) - raft.server.watch.element-limit = 65536 (default)
2019-09-19 08:59:00,036 [a1d91341-8f9e-4ad5-9509-8a616163aa58:group-9A4693C5891A:LeaderElection61] INFO  impl.RoleInfo (RoleInfo.java:updateAndGet(143)) - a1d91341-8f9e-4ad5-9509-8a616163aa58: start LeaderState
2019-09-19 08:59:00,036 [a1d91341-8f9e-4ad5-9509-8a616163aa58:group-9A4693C5891A:LeaderElection61] INFO  segmented.SegmentedRaftLogWorker (SegmentedRaftLogWorker.java:startLogSegment(380)) - a1d91341-8f9e-4ad5-9509-8a616163aa58-SegmentedRaftLogWorker:Storage Directory /workdir/hadoop-ozone/integration-test/target/test-dir/MiniOzoneClusterImpl-66e2a49b-37e1-46c5-a16c-3b22c3c736b2/datanode-0/data/ratis/4b11201b-4626-49fb-a638-9a4693c5891a: Starting segment from index:0
2019-09-19 08:59:00,037 [a1d91341-8f9e-4ad5-9509-8a616163aa58:group-9A4693C5891A:LeaderElection61] INFO  impl.RaftServerImpl (ServerState.java:setRaftConf(361)) - a1d91341-8f9e-4ad5-9509-8a616163aa58:group-9A4693C5891A set configuration 0: [a1d91341-8f9e-4ad5-9509-8a616163aa58:192.168.34.5:42287], old=null at 0
2019-09-19 08:59:00,043 [Thread-811] INFO  impl.FollowerState (FollowerState.java:run(106)) - a1d91341-8f9e-4ad5-9509-8a616163aa58:group-075B857FF349 changes to CANDIDATE, lastRpcTime:1069, electionTimeout:1069ms
2019-09-19 08:59:00,043 [Thread-811] INFO  impl.RoleInfo (RoleInfo.java:shutdownFollowerState(121)) - a1d91341-8f9e-4ad5-9509-8a616163aa58: shutdown FollowerState
2019-09-19 08:59:00,043 [Thread-811] INFO  impl.RaftServerImpl (RaftServerImpl.java:setRole(171)) - a1d91341-8f9e-4ad5-9509-8a616163aa58:group-075B857FF349 changes role from FOLLOWER to CANDIDATE at term 0 for changeToCandidate
2019-09-19 08:59:00,043 [Thread-811] INFO  impl.RoleInfo (RoleInfo.java:updateAndGet(143)) - a1d91341-8f9e-4ad5-9509-8a616163aa58: start LeaderElection
2019-09-19 08:59:00,045 [Thread-817] INFO  impl.FollowerState (FollowerState.java:run(106)) - a1d91341-8f9e-4ad5-9509-8a616163aa58:group-BBA676766893 changes to CANDIDATE, lastRpcTime:1035, electionTimeout:1035ms
2019-09-19 08:59:00,045 [Thread-817] INFO  impl.RoleInfo (RoleInfo.java:shutdownFollowerState(121)) - a1d91341-8f9e-4ad5-9509-8a616163aa58: shutdown FollowerState
2019-09-19 08:59:00,045 [Thread-817] INFO  impl.RaftServerImpl (RaftServerImpl.java:setRole(171)) - a1d91341-8f9e-4ad5-9509-8a616163aa58:group-BBA676766893 changes role from FOLLOWER to CANDIDATE at term 0 for changeToCandidate
2019-09-19 08:59:00,045 [Thread-817] INFO  impl.RoleInfo (RoleInfo.java:updateAndGet(143)) - a1d91341-8f9e-4ad5-9509-8a616163aa58: start LeaderElection
2019-09-19 08:59:00,046 [a1d91341-8f9e-4ad5-9509-8a616163aa58:group-075B857FF349:LeaderElection62] INFO  impl.LeaderElection (LeaderElection.java:askForVotes(181)) - a1d91341-8f9e-4ad5-9509-8a616163aa58:group-075B857FF349:LeaderElection62: begin an election at term 1 for -1: [a1d91341-8f9e-4ad5-9509-8a616163aa58:192.168.34.5:42287], old=null
2019-09-19 08:59:00,046 [a1d91341-8f9e-4ad5-9509-8a616163aa58:group-075B857FF349:LeaderElection62] INFO  impl.RoleInfo (RoleInfo.java:shutdownLeaderElection(134)) - a1d91341-8f9e-4ad5-9509-8a616163aa58: shutdown LeaderElection
2019-09-19 08:59:00,046 [a1d91341-8f9e-4ad5-9509-8a616163aa58:group-075B857FF349:LeaderElection62] INFO  impl.RaftServerImpl (RaftServerImpl.java:setRole(171)) - a1d91341-8f9e-4ad5-9509-8a616163aa58:group-075B857FF349 changes role from CANDIDATE to LEADER at term 1 for changeToLeader
2019-09-19 08:59:00,046 [a1d91341-8f9e-4ad5-9509-8a616163aa58:group-075B857FF349:LeaderElection62] INFO  impl.RaftServerImpl (ServerState.java:setLeader(263)) - a1d91341-8f9e-4ad5-9509-8a616163aa58:group-075B857FF349 change Leader from null to a1d91341-8f9e-4ad5-9509-8a616163aa58 at term 1 for becomeLeader, leader elected after 1075ms
2019-09-19 08:59:00,046 [a1d91341-8f9e-4ad5-9509-8a616163aa58:group-075B857FF349:LeaderElection62] INFO  server.RaftServerConfigKeys (ConfUtils.java:logGet(43)) - raft.server.staging.catchup.gap = 1000 (default)
2019-09-19 08:59:00,047 [a1d91341-8f9e-4ad5-9509-8a616163aa58:group-075B857FF349:LeaderElection62] INFO  server.RaftServerConfigKeys (ConfUtils.java:logGet(43)) - raft.server.rpc.sleep.time = 25ms (default)
2019-09-19 08:59:00,047 [a1d91341-8f9e-4ad5-9509-8a616163aa58:group-075B857FF349:LeaderElection62] INFO  server.RaftServerConfigKeys (ConfUtils.java:logGet(43)) - raft.server.write.element-limit = 4096 (default)
2019-09-19 08:59:00,047 [a1d91341-8f9e-4ad5-9509-8a616163aa58:group-075B857FF349:LeaderElection62] INFO  server.RaftServerConfigKeys (ConfUtils.java:logGet(43)) - raft.server.watch.timeout = 10s (default)
2019-09-19 08:59:00,047 [a1d91341-8f9e-4ad5-9509-8a616163aa58:group-075B857FF349:LeaderElection62] INFO  server.RaftServerConfigKeys (ConfUtils.java:logGet(43)) - raft.server.watch.timeout.denomination = 1s (default)
2019-09-19 08:59:00,047 [a1d91341-8f9e-4ad5-9509-8a616163aa58:group-075B857FF349:LeaderElection62] INFO  server.RaftServerConfigKeys (ConfUtils.java:logGet(43)) - raft.server.watch.element-limit = 65536 (default)
2019-09-19 08:59:00,047 [a1d91341-8f9e-4ad5-9509-8a616163aa58:group-075B857FF349:LeaderElection62] INFO  impl.RoleInfo (RoleInfo.java:updateAndGet(143)) - a1d91341-8f9e-4ad5-9509-8a616163aa58: start LeaderState
2019-09-19 08:59:00,047 [a1d91341-8f9e-4ad5-9509-8a616163aa58:group-075B857FF349:LeaderElection62] INFO  segmented.SegmentedRaftLogWorker (SegmentedRaftLogWorker.java:startLogSegment(380)) - a1d91341-8f9e-4ad5-9509-8a616163aa58-SegmentedRaftLogWorker:Storage Directory /workdir/hadoop-ozone/integration-test/target/test-dir/MiniOzoneClusterImpl-66e2a49b-37e1-46c5-a16c-3b22c3c736b2/datanode-0/data/ratis/84543256-fb0b-40d8-89a3-075b857ff349: Starting segment from index:0
2019-09-19 08:59:00,048 [a1d91341-8f9e-4ad5-9509-8a616163aa58:group-075B857FF349:LeaderElection62] INFO  impl.RaftServerImpl (ServerState.java:setRaftConf(361)) - a1d91341-8f9e-4ad5-9509-8a616163aa58:group-075B857FF349 set configuration 0: [a1d91341-8f9e-4ad5-9509-8a616163aa58:192.168.34.5:42287], old=null at 0
2019-09-19 08:59:00,049 [a1d91341-8f9e-4ad5-9509-8a616163aa58:group-BBA676766893:LeaderElection63] INFO  impl.LeaderElection (LeaderElection.java:askForVotes(181)) - a1d91341-8f9e-4ad5-9509-8a616163aa58:group-BBA676766893:LeaderElection63: begin an election at term 1 for -1: [a1d91341-8f9e-4ad5-9509-8a616163aa58:192.168.34.5:42287], old=null
2019-09-19 08:59:00,049 [a1d91341-8f9e-4ad5-9509-8a616163aa58:group-BBA676766893:LeaderElection63] INFO  impl.RoleInfo (RoleInfo.java:shutdownLeaderElection(134)) - a1d91341-8f9e-4ad5-9509-8a616163aa58: shutdown LeaderElection
2019-09-19 08:59:00,049 [a1d91341-8f9e-4ad5-9509-8a616163aa58:group-BBA676766893:LeaderElection63] INFO  impl.RaftServerImpl (RaftServerImpl.java:setRole(171)) - a1d91341-8f9e-4ad5-9509-8a616163aa58:group-BBA676766893 changes role from CANDIDATE to LEADER at term 1 for changeToLeader
2019-09-19 08:59:00,049 [a1d91341-8f9e-4ad5-9509-8a616163aa58:group-BBA676766893:LeaderElection63] INFO  impl.RaftServerImpl (ServerState.java:setLeader(263)) - a1d91341-8f9e-4ad5-9509-8a616163aa58:group-BBA676766893 change Leader from null to a1d91341-8f9e-4ad5-9509-8a616163aa58 at term 1 for becomeLeader, leader elected after 1041ms
2019-09-19 08:59:00,049 [a1d91341-8f9e-4ad5-9509-8a616163aa58:group-BBA676766893:LeaderElection63] INFO  server.RaftServerConfigKeys (ConfUtils.java:logGet(43)) - raft.server.staging.catchup.gap = 1000 (default)
2019-09-19 08:59:00,049 [a1d91341-8f9e-4ad5-9509-8a616163aa58:group-BBA676766893:LeaderElection63] INFO  server.RaftServerConfigKeys (ConfUtils.java:logGet(43)) - raft.server.rpc.sleep.time = 25ms (default)
2019-09-19 08:59:00,050 [a1d91341-8f9e-4ad5-9509-8a616163aa58:group-BBA676766893:LeaderElection63] INFO  server.RaftServerConfigKeys (ConfUtils.java:logGet(43)) - raft.server.write.element-limit = 4096 (default)
2019-09-19 08:59:00,050 [a1d91341-8f9e-4ad5-9509-8a616163aa58:group-BBA676766893:LeaderElection63] INFO  server.RaftServerConfigKeys (ConfUtils.java:logGet(43)) - raft.server.watch.timeout = 10s (default)
2019-09-19 08:59:00,050 [a1d91341-8f9e-4ad5-9509-8a616163aa58:group-BBA676766893:LeaderElection63] INFO  server.RaftServerConfigKeys (ConfUtils.java:logGet(43)) - raft.server.watch.timeout.denomination = 1s (default)
2019-09-19 08:59:00,050 [a1d91341-8f9e-4ad5-9509-8a616163aa58:group-BBA676766893:LeaderElection63] INFO  server.RaftServerConfigKeys (ConfUtils.java:logGet(43)) - raft.server.watch.element-limit = 65536 (default)
2019-09-19 08:59:00,050 [a1d91341-8f9e-4ad5-9509-8a616163aa58:group-BBA676766893:LeaderElection63] INFO  impl.RoleInfo (RoleInfo.java:updateAndGet(143)) - a1d91341-8f9e-4ad5-9509-8a616163aa58: start LeaderState
2019-09-19 08:59:00,050 [a1d91341-8f9e-4ad5-9509-8a616163aa58:group-BBA676766893:LeaderElection63] INFO  segmented.SegmentedRaftLogWorker (SegmentedRaftLogWorker.java:startLogSegment(380)) - a1d91341-8f9e-4ad5-9509-8a616163aa58-SegmentedRaftLogWorker:Storage Directory /workdir/hadoop-ozone/integration-test/target/test-dir/MiniOzoneClusterImpl-66e2a49b-37e1-46c5-a16c-3b22c3c736b2/datanode-0/data/ratis/6b8f140f-219b-4dd5-ad7d-bba676766893: Starting segment from index:0
2019-09-19 08:59:00,051 [a1d91341-8f9e-4ad5-9509-8a616163aa58:group-BBA676766893:LeaderElection63] INFO  impl.RaftServerImpl (ServerState.java:setRaftConf(361)) - a1d91341-8f9e-4ad5-9509-8a616163aa58:group-BBA676766893 set configuration 0: [a1d91341-8f9e-4ad5-9509-8a616163aa58:192.168.34.5:42287], old=null at 0
2019-09-19 08:59:00,055 [Thread-805] INFO  impl.FollowerState (FollowerState.java:run(106)) - a1d91341-8f9e-4ad5-9509-8a616163aa58:group-DFA0B21EAC31 changes to CANDIDATE, lastRpcTime:1145, electionTimeout:1145ms
2019-09-19 08:59:00,055 [Thread-805] INFO  impl.RoleInfo (RoleInfo.java:shutdownFollowerState(121)) - a1d91341-8f9e-4ad5-9509-8a616163aa58: shutdown FollowerState
2019-09-19 08:59:00,055 [Thread-805] INFO  impl.RaftServerImpl (RaftServerImpl.java:setRole(171)) - a1d91341-8f9e-4ad5-9509-8a616163aa58:group-DFA0B21EAC31 changes role from FOLLOWER to CANDIDATE at term 0 for changeToCandidate
2019-09-19 08:59:00,055 [Thread-805] INFO  impl.RoleInfo (RoleInfo.java:updateAndGet(143)) - a1d91341-8f9e-4ad5-9509-8a616163aa58: start LeaderElection
2019-09-19 08:59:00,075 [a1d91341-8f9e-4ad5-9509-8a616163aa58-SegmentedRaftLogWorker:Storage Directory /workdir/hadoop-ozone/integration-test/target/test-dir/MiniOzoneClusterImpl-66e2a49b-37e1-46c5-a16c-3b22c3c736b2/datanode-0/data/ratis/4b11201b-4626-49fb-a638-9a4693c5891a] INFO  segmented.SegmentedRaftLogWorker (SegmentedRaftLogWorker.java:execute(569)) - a1d91341-8f9e-4ad5-9509-8a616163aa58-SegmentedRaftLogWorker:Storage Directory /workdir/hadoop-ozone/integration-test/target/test-dir/MiniOzoneClusterImpl-66e2a49b-37e1-46c5-a16c-3b22c3c736b2/datanode-0/data/ratis/4b11201b-4626-49fb-a638-9a4693c5891a: created new log segment /workdir/hadoop-ozone/integration-test/target/test-dir/MiniOzoneClusterImpl-66e2a49b-37e1-46c5-a16c-3b22c3c736b2/datanode-0/data/ratis/4b11201b-4626-49fb-a638-9a4693c5891a/current/log_inprogress_0
2019-09-19 08:59:00,075 [a1d91341-8f9e-4ad5-9509-8a616163aa58:group-DFA0B21EAC31:LeaderElection64] INFO  impl.LeaderElection (LeaderElection.java:askForVotes(181)) - a1d91341-8f9e-4ad5-9509-8a616163aa58:group-DFA0B21EAC31:LeaderElection64: begin an election at term 1 for -1: [a1d91341-8f9e-4ad5-9509-8a616163aa58:192.168.34.5:42287], old=null
2019-09-19 08:59:00,075 [a1d91341-8f9e-4ad5-9509-8a616163aa58:group-DFA0B21EAC31:LeaderElection64] INFO  impl.RoleInfo (RoleInfo.java:shutdownLeaderElection(134)) - a1d91341-8f9e-4ad5-9509-8a616163aa58: shutdown LeaderElection
2019-09-19 08:59:00,075 [a1d91341-8f9e-4ad5-9509-8a616163aa58:group-DFA0B21EAC31:LeaderElection64] INFO  impl.RaftServerImpl (RaftServerImpl.java:setRole(171)) - a1d91341-8f9e-4ad5-9509-8a616163aa58:group-DFA0B21EAC31 changes role from CANDIDATE to LEADER at term 1 for changeToLeader
2019-09-19 08:59:00,075 [a1d91341-8f9e-4ad5-9509-8a616163aa58:group-DFA0B21EAC31:LeaderElection64] INFO  impl.RaftServerImpl (ServerState.java:setLeader(263)) - a1d91341-8f9e-4ad5-9509-8a616163aa58:group-DFA0B21EAC31 change Leader from null to a1d91341-8f9e-4ad5-9509-8a616163aa58 at term 1 for becomeLeader, leader elected after 1168ms
2019-09-19 08:59:00,076 [a1d91341-8f9e-4ad5-9509-8a616163aa58:group-DFA0B21EAC31:LeaderElection64] INFO  server.RaftServerConfigKeys (ConfUtils.java:logGet(43)) - raft.server.staging.catchup.gap = 1000 (default)
2019-09-19 08:59:00,076 [a1d91341-8f9e-4ad5-9509-8a616163aa58:group-DFA0B21EAC31:LeaderElection64] INFO  server.RaftServerConfigKeys (ConfUtils.java:logGet(43)) - raft.server.rpc.sleep.time = 25ms (default)
2019-09-19 08:59:00,076 [a1d91341-8f9e-4ad5-9509-8a616163aa58:group-DFA0B21EAC31:LeaderElection64] INFO  server.RaftServerConfigKeys (ConfUtils.java:logGet(43)) - raft.server.write.element-limit = 4096 (default)
2019-09-19 08:59:00,076 [a1d91341-8f9e-4ad5-9509-8a616163aa58:group-DFA0B21EAC31:LeaderElection64] INFO  server.RaftServerConfigKeys (ConfUtils.java:logGet(43)) - raft.server.watch.timeout = 10s (default)
2019-09-19 08:59:00,076 [a1d91341-8f9e-4ad5-9509-8a616163aa58:group-DFA0B21EAC31:LeaderElection64] INFO  server.RaftServerConfigKeys (ConfUtils.java:logGet(43)) - raft.server.watch.timeout.denomination = 1s (default)
2019-09-19 08:59:00,076 [a1d91341-8f9e-4ad5-9509-8a616163aa58:group-DFA0B21EAC31:LeaderElection64] INFO  server.RaftServerConfigKeys (ConfUtils.java:logGet(43)) - raft.server.watch.element-limit = 65536 (default)
2019-09-19 08:59:00,077 [a1d91341-8f9e-4ad5-9509-8a616163aa58:group-DFA0B21EAC31:LeaderElection64] INFO  impl.RoleInfo (RoleInfo.java:updateAndGet(143)) - a1d91341-8f9e-4ad5-9509-8a616163aa58: start LeaderState
2019-09-19 08:59:00,077 [a1d91341-8f9e-4ad5-9509-8a616163aa58:group-DFA0B21EAC31:LeaderElection64] INFO  segmented.SegmentedRaftLogWorker (SegmentedRaftLogWorker.java:startLogSegment(380)) - a1d91341-8f9e-4ad5-9509-8a616163aa58-SegmentedRaftLogWorker:Storage Directory /workdir/hadoop-ozone/integration-test/target/test-dir/MiniOzoneClusterImpl-66e2a49b-37e1-46c5-a16c-3b22c3c736b2/datanode-0/data/ratis/c90dace0-8056-4396-8180-dfa0b21eac31: Starting segment from index:0
2019-09-19 08:59:00,078 [a1d91341-8f9e-4ad5-9509-8a616163aa58:group-DFA0B21EAC31:LeaderElection64] INFO  impl.RaftServerImpl (ServerState.java:setRaftConf(361)) - a1d91341-8f9e-4ad5-9509-8a616163aa58:group-DFA0B21EAC31 set configuration 0: [a1d91341-8f9e-4ad5-9509-8a616163aa58:192.168.34.5:42287], old=null at 0
2019-09-19 08:59:00,095 [Thread-820] INFO  impl.FollowerState (FollowerState.java:run(106)) - a1d91341-8f9e-4ad5-9509-8a616163aa58:group-1BD401C6213C changes to CANDIDATE, lastRpcTime:1068, electionTimeout:1068ms
2019-09-19 08:59:00,096 [Thread-820] INFO  impl.RoleInfo (RoleInfo.java:shutdownFollowerState(121)) - a1d91341-8f9e-4ad5-9509-8a616163aa58: shutdown FollowerState
2019-09-19 08:59:00,096 [Thread-820] INFO  impl.RaftServerImpl (RaftServerImpl.java:setRole(171)) - a1d91341-8f9e-4ad5-9509-8a616163aa58:group-1BD401C6213C changes role from FOLLOWER to CANDIDATE at term 0 for changeToCandidate
2019-09-19 08:59:00,096 [Thread-820] INFO  impl.RoleInfo (RoleInfo.java:updateAndGet(143)) - a1d91341-8f9e-4ad5-9509-8a616163aa58: start LeaderElection
2019-09-19 08:59:00,100 [a1d91341-8f9e-4ad5-9509-8a616163aa58-SegmentedRaftLogWorker:Storage Directory /workdir/hadoop-ozone/integration-test/target/test-dir/MiniOzoneClusterImpl-66e2a49b-37e1-46c5-a16c-3b22c3c736b2/datanode-0/data/ratis/6b8f140f-219b-4dd5-ad7d-bba676766893] INFO  segmented.SegmentedRaftLogWorker (SegmentedRaftLogWorker.java:execute(569)) - a1d91341-8f9e-4ad5-9509-8a616163aa58-SegmentedRaftLogWorker:Storage Directory /workdir/hadoop-ozone/integration-test/target/test-dir/MiniOzoneClusterImpl-66e2a49b-37e1-46c5-a16c-3b22c3c736b2/datanode-0/data/ratis/6b8f140f-219b-4dd5-ad7d-bba676766893: created new log segment /workdir/hadoop-ozone/integration-test/target/test-dir/MiniOzoneClusterImpl-66e2a49b-37e1-46c5-a16c-3b22c3c736b2/datanode-0/data/ratis/6b8f140f-219b-4dd5-ad7d-bba676766893/current/log_inprogress_0
2019-09-19 08:59:00,100 [a1d91341-8f9e-4ad5-9509-8a616163aa58-SegmentedRaftLogWorker:Storage Directory /workdir/hadoop-ozone/integration-test/target/test-dir/MiniOzoneClusterImpl-66e2a49b-37e1-46c5-a16c-3b22c3c736b2/datanode-0/data/ratis/84543256-fb0b-40d8-89a3-075b857ff349] INFO  segmented.SegmentedRaftLogWorker (SegmentedRaftLogWorker.java:execute(569)) - a1d91341-8f9e-4ad5-9509-8a616163aa58-SegmentedRaftLogWorker:Storage Directory /workdir/hadoop-ozone/integration-test/target/test-dir/MiniOzoneClusterImpl-66e2a49b-37e1-46c5-a16c-3b22c3c736b2/datanode-0/data/ratis/84543256-fb0b-40d8-89a3-075b857ff349: created new log segment /workdir/hadoop-ozone/integration-test/target/test-dir/MiniOzoneClusterImpl-66e2a49b-37e1-46c5-a16c-3b22c3c736b2/datanode-0/data/ratis/84543256-fb0b-40d8-89a3-075b857ff349/current/log_inprogress_0
2019-09-19 08:59:00,114 [a1d91341-8f9e-4ad5-9509-8a616163aa58:group-1BD401C6213C:LeaderElection65] INFO  impl.LeaderElection (LeaderElection.java:askForVotes(181)) - a1d91341-8f9e-4ad5-9509-8a616163aa58:group-1BD401C6213C:LeaderElection65: begin an election at term 1 for -1: [a1d91341-8f9e-4ad5-9509-8a616163aa58:192.168.34.5:42287], old=null
2019-09-19 08:59:00,114 [a1d91341-8f9e-4ad5-9509-8a616163aa58:group-1BD401C6213C:LeaderElection65] INFO  impl.RoleInfo (RoleInfo.java:shutdownLeaderElection(134)) - a1d91341-8f9e-4ad5-9509-8a616163aa58: shutdown LeaderElection
2019-09-19 08:59:00,114 [a1d91341-8f9e-4ad5-9509-8a616163aa58:group-1BD401C6213C:LeaderElection65] INFO  impl.RaftServerImpl (RaftServerImpl.java:setRole(171)) - a1d91341-8f9e-4ad5-9509-8a616163aa58:group-1BD401C6213C changes role from CANDIDATE to LEADER at term 1 for changeToLeader
2019-09-19 08:59:00,114 [a1d91341-8f9e-4ad5-9509-8a616163aa58:group-1BD401C6213C:LeaderElection65] INFO  impl.RaftServerImpl (ServerState.java:setLeader(263)) - a1d91341-8f9e-4ad5-9509-8a616163aa58:group-1BD401C6213C change Leader from null to a1d91341-8f9e-4ad5-9509-8a616163aa58 at term 1 for becomeLeader, leader elected after 1089ms
2019-09-19 08:59:00,114 [Thread-814] INFO  impl.FollowerState (FollowerState.java:run(106)) - a1d91341-8f9e-4ad5-9509-8a616163aa58:group-AD61430F556D changes to CANDIDATE, lastRpcTime:1122, electionTimeout:1122ms
2019-09-19 08:59:00,114 [a1d91341-8f9e-4ad5-9509-8a616163aa58:group-1BD401C6213C:LeaderElection65] INFO  server.RaftServerConfigKeys (ConfUtils.java:logGet(43)) - raft.server.staging.catchup.gap = 1000 (default)
2019-09-19 08:59:00,115 [Thread-814] INFO  impl.RoleInfo (RoleInfo.java:shutdownFollowerState(121)) - a1d91341-8f9e-4ad5-9509-8a616163aa58: shutdown FollowerState
2019-09-19 08:59:00,115 [a1d91341-8f9e-4ad5-9509-8a616163aa58:group-1BD401C6213C:LeaderElection65] INFO  server.RaftServerConfigKeys (ConfUtils.java:logGet(43)) - raft.server.rpc.sleep.time = 25ms (default)
2019-09-19 08:59:00,115 [Thread-814] INFO  impl.RaftServerImpl (RaftServerImpl.java:setRole(171)) - a1d91341-8f9e-4ad5-9509-8a616163aa58:group-AD61430F556D changes role from FOLLOWER to CANDIDATE at term 0 for changeToCandidate
2019-09-19 08:59:00,115 [a1d91341-8f9e-4ad5-9509-8a616163aa58:group-1BD401C6213C:LeaderElection65] INFO  server.RaftServerConfigKeys (ConfUtils.java:logGet(43)) - raft.server.write.element-limit = 4096 (default)
2019-09-19 08:59:00,115 [Thread-814] INFO  impl.RoleInfo (RoleInfo.java:updateAndGet(143)) - a1d91341-8f9e-4ad5-9509-8a616163aa58: start LeaderElection
2019-09-19 08:59:00,115 [a1d91341-8f9e-4ad5-9509-8a616163aa58:group-1BD401C6213C:LeaderElection65] INFO  server.RaftServerConfigKeys (ConfUtils.java:logGet(43)) - raft.server.watch.timeout = 10s (default)
2019-09-19 08:59:00,115 [a1d91341-8f9e-4ad5-9509-8a616163aa58:group-1BD401C6213C:LeaderElection65] INFO  server.RaftServerConfigKeys (ConfUtils.java:logGet(43)) - raft.server.watch.timeout.denomination = 1s (default)
2019-09-19 08:59:00,115 [a1d91341-8f9e-4ad5-9509-8a616163aa58:group-1BD401C6213C:LeaderElection65] INFO  server.RaftServerConfigKeys (ConfUtils.java:logGet(43)) - raft.server.watch.element-limit = 65536 (default)
2019-09-19 08:59:00,116 [a1d91341-8f9e-4ad5-9509-8a616163aa58:group-1BD401C6213C:LeaderElection65] INFO  impl.RoleInfo (RoleInfo.java:updateAndGet(143)) - a1d91341-8f9e-4ad5-9509-8a616163aa58: start LeaderState
2019-09-19 08:59:00,116 [a1d91341-8f9e-4ad5-9509-8a616163aa58:group-1BD401C6213C:LeaderElection65] INFO  segmented.SegmentedRaftLogWorker (SegmentedRaftLogWorker.java:startLogSegment(380)) - a1d91341-8f9e-4ad5-9509-8a616163aa58-SegmentedRaftLogWorker:Storage Directory /workdir/hadoop-ozone/integration-test/target/test-dir/MiniOzoneClusterImpl-66e2a49b-37e1-46c5-a16c-3b22c3c736b2/datanode-0/data/ratis/a2f50d49-7248-4edf-9f2c-1bd401c6213c: Starting segment from index:0
2019-09-19 08:59:00,116 [a1d91341-8f9e-4ad5-9509-8a616163aa58:group-1BD401C6213C:LeaderElection65] INFO  impl.RaftServerImpl (ServerState.java:setRaftConf(361)) - a1d91341-8f9e-4ad5-9509-8a616163aa58:group-1BD401C6213C set configuration 0: [a1d91341-8f9e-4ad5-9509-8a616163aa58:192.168.34.5:42287], old=null at 0
2019-09-19 08:59:00,117 [a1d91341-8f9e-4ad5-9509-8a616163aa58-SegmentedRaftLogWorker:Storage Directory /workdir/hadoop-ozone/integration-test/target/test-dir/MiniOzoneClusterImpl-66e2a49b-37e1-46c5-a16c-3b22c3c736b2/datanode-0/data/ratis/c90dace0-8056-4396-8180-dfa0b21eac31] INFO  segmented.SegmentedRaftLogWorker (SegmentedRaftLogWorker.java:execute(569)) - a1d91341-8f9e-4ad5-9509-8a616163aa58-SegmentedRaftLogWorker:Storage Directory /workdir/hadoop-ozone/integration-test/target/test-dir/MiniOzoneClusterImpl-66e2a49b-37e1-46c5-a16c-3b22c3c736b2/datanode-0/data/ratis/c90dace0-8056-4396-8180-dfa0b21eac31: created new log segment /workdir/hadoop-ozone/integration-test/target/test-dir/MiniOzoneClusterImpl-66e2a49b-37e1-46c5-a16c-3b22c3c736b2/datanode-0/data/ratis/c90dace0-8056-4396-8180-dfa0b21eac31/current/log_inprogress_0
2019-09-19 08:59:00,128 [Thread-823] INFO  impl.FollowerState (FollowerState.java:run(106)) - d1f69eb4-ccd6-48e7-a921-1bf219b44eb4:group-B7EA212C98AD changes to CANDIDATE, lastRpcTime:1008, electionTimeout:1008ms
2019-09-19 08:59:00,129 [Thread-823] INFO  impl.RoleInfo (RoleInfo.java:shutdownFollowerState(121)) - d1f69eb4-ccd6-48e7-a921-1bf219b44eb4: shutdown FollowerState
2019-09-19 08:59:00,129 [Thread-823] INFO  impl.RaftServerImpl (RaftServerImpl.java:setRole(171)) - d1f69eb4-ccd6-48e7-a921-1bf219b44eb4:group-B7EA212C98AD changes role from FOLLOWER to CANDIDATE at term 0 for changeToCandidate
2019-09-19 08:59:00,129 [Thread-823] INFO  impl.RoleInfo (RoleInfo.java:updateAndGet(143)) - d1f69eb4-ccd6-48e7-a921-1bf219b44eb4: start LeaderElection
2019-09-19 08:59:00,130 [a1d91341-8f9e-4ad5-9509-8a616163aa58:group-AD61430F556D:LeaderElection66] INFO  impl.LeaderElection (LeaderElection.java:askForVotes(181)) - a1d91341-8f9e-4ad5-9509-8a616163aa58:group-AD61430F556D:LeaderElection66: begin an election at term 1 for -1: [a1d91341-8f9e-4ad5-9509-8a616163aa58:192.168.34.5:42287], old=null
2019-09-19 08:59:00,130 [a1d91341-8f9e-4ad5-9509-8a616163aa58:group-AD61430F556D:LeaderElection66] INFO  impl.RoleInfo (RoleInfo.java:shutdownLeaderElection(134)) - a1d91341-8f9e-4ad5-9509-8a616163aa58: shutdown LeaderElection
2019-09-19 08:59:00,130 [a1d91341-8f9e-4ad5-9509-8a616163aa58:group-AD61430F556D:LeaderElection66] INFO  impl.RaftServerImpl (RaftServerImpl.java:setRole(171)) - a1d91341-8f9e-4ad5-9509-8a616163aa58:group-AD61430F556D changes role from CANDIDATE to LEADER at term 1 for changeToLeader
2019-09-19 08:59:00,130 [a1d91341-8f9e-4ad5-9509-8a616163aa58:group-AD61430F556D:LeaderElection66] INFO  impl.RaftServerImpl (ServerState.java:setLeader(263)) - a1d91341-8f9e-4ad5-9509-8a616163aa58:group-AD61430F556D change Leader from null to a1d91341-8f9e-4ad5-9509-8a616163aa58 at term 1 for becomeLeader, leader elected after 1141ms
2019-09-19 08:59:00,131 [a1d91341-8f9e-4ad5-9509-8a616163aa58:group-AD61430F556D:LeaderElection66] INFO  server.RaftServerConfigKeys (ConfUtils.java:logGet(43)) - raft.server.staging.catchup.gap = 1000 (default)
2019-09-19 08:59:00,131 [a1d91341-8f9e-4ad5-9509-8a616163aa58:group-AD61430F556D:LeaderElection66] INFO  server.RaftServerConfigKeys (ConfUtils.java:logGet(43)) - raft.server.rpc.sleep.time = 25ms (default)
2019-09-19 08:59:00,131 [a1d91341-8f9e-4ad5-9509-8a616163aa58:group-AD61430F556D:LeaderElection66] INFO  server.RaftServerConfigKeys (ConfUtils.java:logGet(43)) - raft.server.write.element-limit = 4096 (default)
2019-09-19 08:59:00,131 [a1d91341-8f9e-4ad5-9509-8a616163aa58:group-AD61430F556D:LeaderElection66] INFO  server.RaftServerConfigKeys (ConfUtils.java:logGet(43)) - raft.server.watch.timeout = 10s (default)
2019-09-19 08:59:00,131 [a1d91341-8f9e-4ad5-9509-8a616163aa58:group-AD61430F556D:LeaderElection66] INFO  server.RaftServerConfigKeys (ConfUtils.java:logGet(43)) - raft.server.watch.timeout.denomination = 1s (default)
2019-09-19 08:59:00,131 [a1d91341-8f9e-4ad5-9509-8a616163aa58:group-AD61430F556D:LeaderElection66] INFO  server.RaftServerConfigKeys (ConfUtils.java:logGet(43)) - raft.server.watch.element-limit = 65536 (default)
2019-09-19 08:59:00,131 [a1d91341-8f9e-4ad5-9509-8a616163aa58:group-AD61430F556D:LeaderElection66] INFO  impl.RoleInfo (RoleInfo.java:updateAndGet(143)) - a1d91341-8f9e-4ad5-9509-8a616163aa58: start LeaderState
2019-09-19 08:59:00,132 [a1d91341-8f9e-4ad5-9509-8a616163aa58:group-AD61430F556D:LeaderElection66] INFO  segmented.SegmentedRaftLogWorker (SegmentedRaftLogWorker.java:startLogSegment(380)) - a1d91341-8f9e-4ad5-9509-8a616163aa58-SegmentedRaftLogWorker:Storage Directory /workdir/hadoop-ozone/integration-test/target/test-dir/MiniOzoneClusterImpl-66e2a49b-37e1-46c5-a16c-3b22c3c736b2/datanode-0/data/ratis/7ac505e7-129b-41f9-87e6-ad61430f556d: Starting segment from index:0
2019-09-19 08:59:00,132 [a1d91341-8f9e-4ad5-9509-8a616163aa58:group-AD61430F556D:LeaderElection66] INFO  impl.RaftServerImpl (ServerState.java:setRaftConf(361)) - a1d91341-8f9e-4ad5-9509-8a616163aa58:group-AD61430F556D set configuration 0: [a1d91341-8f9e-4ad5-9509-8a616163aa58:192.168.34.5:42287], old=null at 0
2019-09-19 08:59:00,134 [d1f69eb4-ccd6-48e7-a921-1bf219b44eb4:group-B7EA212C98AD:LeaderElection67] INFO  impl.LeaderElection (LeaderElection.java:askForVotes(181)) - d1f69eb4-ccd6-48e7-a921-1bf219b44eb4:group-B7EA212C98AD:LeaderElection67: begin an election at term 1 for -1: [d1f69eb4-ccd6-48e7-a921-1bf219b44eb4:192.168.34.5:39023], old=null
2019-09-19 08:59:00,134 [d1f69eb4-ccd6-48e7-a921-1bf219b44eb4:group-B7EA212C98AD:LeaderElection67] INFO  impl.RoleInfo (RoleInfo.java:shutdownLeaderElection(134)) - d1f69eb4-ccd6-48e7-a921-1bf219b44eb4: shutdown LeaderElection
2019-09-19 08:59:00,134 [d1f69eb4-ccd6-48e7-a921-1bf219b44eb4:group-B7EA212C98AD:LeaderElection67] INFO  impl.RaftServerImpl (RaftServerImpl.java:setRole(171)) - d1f69eb4-ccd6-48e7-a921-1bf219b44eb4:group-B7EA212C98AD changes role from CANDIDATE to LEADER at term 1 for changeToLeader
2019-09-19 08:59:00,134 [d1f69eb4-ccd6-48e7-a921-1bf219b44eb4:group-B7EA212C98AD:LeaderElection67] INFO  impl.RaftServerImpl (ServerState.java:setLeader(263)) - d1f69eb4-ccd6-48e7-a921-1bf219b44eb4:group-B7EA212C98AD change Leader from null to d1f69eb4-ccd6-48e7-a921-1bf219b44eb4 at term 1 for becomeLeader, leader elected after 1018ms
2019-09-19 08:59:00,134 [d1f69eb4-ccd6-48e7-a921-1bf219b44eb4:group-B7EA212C98AD:LeaderElection67] INFO  server.RaftServerConfigKeys (ConfUtils.java:logGet(43)) - raft.server.staging.catchup.gap = 1000 (default)
2019-09-19 08:59:00,134 [d1f69eb4-ccd6-48e7-a921-1bf219b44eb4:group-B7EA212C98AD:LeaderElection67] INFO  server.RaftServerConfigKeys (ConfUtils.java:logGet(43)) - raft.server.rpc.sleep.time = 25ms (default)
2019-09-19 08:59:00,135 [d1f69eb4-ccd6-48e7-a921-1bf219b44eb4:group-B7EA212C98AD:LeaderElection67] INFO  server.RaftServerConfigKeys (ConfUtils.java:logGet(43)) - raft.server.write.element-limit = 4096 (default)
2019-09-19 08:59:00,135 [d1f69eb4-ccd6-48e7-a921-1bf219b44eb4:group-B7EA212C98AD:LeaderElection67] INFO  server.RaftServerConfigKeys (ConfUtils.java:logGet(43)) - raft.server.watch.timeout = 10s (default)
2019-09-19 08:59:00,135 [d1f69eb4-ccd6-48e7-a921-1bf219b44eb4:group-B7EA212C98AD:LeaderElection67] INFO  server.RaftServerConfigKeys (ConfUtils.java:logGet(43)) - raft.server.watch.timeout.denomination = 1s (default)
2019-09-19 08:59:00,135 [d1f69eb4-ccd6-48e7-a921-1bf219b44eb4:group-B7EA212C98AD:LeaderElection67] INFO  server.RaftServerConfigKeys (ConfUtils.java:logGet(43)) - raft.server.watch.element-limit = 65536 (default)
2019-09-19 08:59:00,135 [d1f69eb4-ccd6-48e7-a921-1bf219b44eb4:group-B7EA212C98AD:LeaderElection67] INFO  impl.RoleInfo (RoleInfo.java:updateAndGet(143)) - d1f69eb4-ccd6-48e7-a921-1bf219b44eb4: start LeaderState
2019-09-19 08:59:00,135 [d1f69eb4-ccd6-48e7-a921-1bf219b44eb4:group-B7EA212C98AD:LeaderElection67] INFO  segmented.SegmentedRaftLogWorker (SegmentedRaftLogWorker.java:startLogSegment(380)) - d1f69eb4-ccd6-48e7-a921-1bf219b44eb4-SegmentedRaftLogWorker:Storage Directory /workdir/hadoop-ozone/integration-test/target/test-dir/MiniOzoneClusterImpl-66e2a49b-37e1-46c5-a16c-3b22c3c736b2/datanode-1/data/ratis/0927f6f2-65b1-420b-a237-b7ea212c98ad: Starting segment from index:0
2019-09-19 08:59:00,136 [d1f69eb4-ccd6-48e7-a921-1bf219b44eb4:group-B7EA212C98AD:LeaderElection67] INFO  impl.RaftServerImpl (ServerState.java:setRaftConf(361)) - d1f69eb4-ccd6-48e7-a921-1bf219b44eb4:group-B7EA212C98AD set configuration 0: [d1f69eb4-ccd6-48e7-a921-1bf219b44eb4:192.168.34.5:39023], old=null at 0
2019-09-19 08:59:00,165 [a1d91341-8f9e-4ad5-9509-8a616163aa58-SegmentedRaftLogWorker:Storage Directory /workdir/hadoop-ozone/integration-test/target/test-dir/MiniOzoneClusterImpl-66e2a49b-37e1-46c5-a16c-3b22c3c736b2/datanode-0/data/ratis/7ac505e7-129b-41f9-87e6-ad61430f556d] INFO  segmented.SegmentedRaftLogWorker (SegmentedRaftLogWorker.java:execute(569)) - a1d91341-8f9e-4ad5-9509-8a616163aa58-SegmentedRaftLogWorker:Storage Directory /workdir/hadoop-ozone/integration-test/target/test-dir/MiniOzoneClusterImpl-66e2a49b-37e1-46c5-a16c-3b22c3c736b2/datanode-0/data/ratis/7ac505e7-129b-41f9-87e6-ad61430f556d: created new log segment /workdir/hadoop-ozone/integration-test/target/test-dir/MiniOzoneClusterImpl-66e2a49b-37e1-46c5-a16c-3b22c3c736b2/datanode-0/data/ratis/7ac505e7-129b-41f9-87e6-ad61430f556d/current/log_inprogress_0
2019-09-19 08:59:00,165 [a1d91341-8f9e-4ad5-9509-8a616163aa58-SegmentedRaftLogWorker:Storage Directory /workdir/hadoop-ozone/integration-test/target/test-dir/MiniOzoneClusterImpl-66e2a49b-37e1-46c5-a16c-3b22c3c736b2/datanode-0/data/ratis/a2f50d49-7248-4edf-9f2c-1bd401c6213c] INFO  segmented.SegmentedRaftLogWorker (SegmentedRaftLogWorker.java:execute(569)) - a1d91341-8f9e-4ad5-9509-8a616163aa58-SegmentedRaftLogWorker:Storage Directory /workdir/hadoop-ozone/integration-test/target/test-dir/MiniOzoneClusterImpl-66e2a49b-37e1-46c5-a16c-3b22c3c736b2/datanode-0/data/ratis/a2f50d49-7248-4edf-9f2c-1bd401c6213c: created new log segment /workdir/hadoop-ozone/integration-test/target/test-dir/MiniOzoneClusterImpl-66e2a49b-37e1-46c5-a16c-3b22c3c736b2/datanode-0/data/ratis/a2f50d49-7248-4edf-9f2c-1bd401c6213c/current/log_inprogress_0
2019-09-19 08:59:00,193 [d1f69eb4-ccd6-48e7-a921-1bf219b44eb4-SegmentedRaftLogWorker:Storage Directory /workdir/hadoop-ozone/integration-test/target/test-dir/MiniOzoneClusterImpl-66e2a49b-37e1-46c5-a16c-3b22c3c736b2/datanode-1/data/ratis/0927f6f2-65b1-420b-a237-b7ea212c98ad] INFO  segmented.SegmentedRaftLogWorker (SegmentedRaftLogWorker.java:execute(569)) - d1f69eb4-ccd6-48e7-a921-1bf219b44eb4-SegmentedRaftLogWorker:Storage Directory /workdir/hadoop-ozone/integration-test/target/test-dir/MiniOzoneClusterImpl-66e2a49b-37e1-46c5-a16c-3b22c3c736b2/datanode-1/data/ratis/0927f6f2-65b1-420b-a237-b7ea212c98ad: created new log segment /workdir/hadoop-ozone/integration-test/target/test-dir/MiniOzoneClusterImpl-66e2a49b-37e1-46c5-a16c-3b22c3c736b2/datanode-1/data/ratis/0927f6f2-65b1-420b-a237-b7ea212c98ad/current/log_inprogress_0
2019-09-19 08:59:00,197 [Thread-826] INFO  impl.FollowerState (FollowerState.java:run(106)) - d1f69eb4-ccd6-48e7-a921-1bf219b44eb4:group-101D4ECA9B3C changes to CANDIDATE, lastRpcTime:1035, electionTimeout:1035ms
2019-09-19 08:59:00,197 [Thread-826] INFO  impl.RoleInfo (RoleInfo.java:shutdownFollowerState(121)) - d1f69eb4-ccd6-48e7-a921-1bf219b44eb4: shutdown FollowerState
2019-09-19 08:59:00,197 [Thread-826] INFO  impl.RaftServerImpl (RaftServerImpl.java:setRole(171)) - d1f69eb4-ccd6-48e7-a921-1bf219b44eb4:group-101D4ECA9B3C changes role from FOLLOWER to CANDIDATE at term 0 for changeToCandidate
2019-09-19 08:59:00,197 [Thread-826] INFO  impl.RoleInfo (RoleInfo.java:updateAndGet(143)) - d1f69eb4-ccd6-48e7-a921-1bf219b44eb4: start LeaderElection
2019-09-19 08:59:00,210 [d1f69eb4-ccd6-48e7-a921-1bf219b44eb4:group-101D4ECA9B3C:LeaderElection68] INFO  impl.LeaderElection (LeaderElection.java:askForVotes(181)) - d1f69eb4-ccd6-48e7-a921-1bf219b44eb4:group-101D4ECA9B3C:LeaderElection68: begin an election at term 1 for -1: [d1f69eb4-ccd6-48e7-a921-1bf219b44eb4:192.168.34.5:39023], old=null
2019-09-19 08:59:00,210 [d1f69eb4-ccd6-48e7-a921-1bf219b44eb4:group-101D4ECA9B3C:LeaderElection68] INFO  impl.RoleInfo (RoleInfo.java:shutdownLeaderElection(134)) - d1f69eb4-ccd6-48e7-a921-1bf219b44eb4: shutdown LeaderElection
2019-09-19 08:59:00,210 [d1f69eb4-ccd6-48e7-a921-1bf219b44eb4:group-101D4ECA9B3C:LeaderElection68] INFO  impl.RaftServerImpl (RaftServerImpl.java:setRole(171)) - d1f69eb4-ccd6-48e7-a921-1bf219b44eb4:group-101D4ECA9B3C changes role from CANDIDATE to LEADER at term 1 for changeToLeader
2019-09-19 08:59:00,210 [d1f69eb4-ccd6-48e7-a921-1bf219b44eb4:group-101D4ECA9B3C:LeaderElection68] INFO  impl.RaftServerImpl (ServerState.java:setLeader(263)) - d1f69eb4-ccd6-48e7-a921-1bf219b44eb4:group-101D4ECA9B3C change Leader from null to d1f69eb4-ccd6-48e7-a921-1bf219b44eb4 at term 1 for becomeLeader, leader elected after 1053ms
2019-09-19 08:59:00,211 [d1f69eb4-ccd6-48e7-a921-1bf219b44eb4:group-101D4ECA9B3C:LeaderElection68] INFO  server.RaftServerConfigKeys (ConfUtils.java:logGet(43)) - raft.server.staging.catchup.gap = 1000 (default)
2019-09-19 08:59:00,211 [d1f69eb4-ccd6-48e7-a921-1bf219b44eb4:group-101D4ECA9B3C:LeaderElection68] INFO  server.RaftServerConfigKeys (ConfUtils.java:logGet(43)) - raft.server.rpc.sleep.time = 25ms (default)
2019-09-19 08:59:00,211 [d1f69eb4-ccd6-48e7-a921-1bf219b44eb4:group-101D4ECA9B3C:LeaderElection68] INFO  server.RaftServerConfigKeys (ConfUtils.java:logGet(43)) - raft.server.write.element-limit = 4096 (default)
2019-09-19 08:59:00,211 [d1f69eb4-ccd6-48e7-a921-1bf219b44eb4:group-101D4ECA9B3C:LeaderElection68] INFO  server.RaftServerConfigKeys (ConfUtils.java:logGet(43)) - raft.server.watch.timeout = 10s (default)
2019-09-19 08:59:00,211 [d1f69eb4-ccd6-48e7-a921-1bf219b44eb4:group-101D4ECA9B3C:LeaderElection68] INFO  server.RaftServerConfigKeys (ConfUtils.java:logGet(43)) - raft.server.watch.timeout.denomination = 1s (default)
2019-09-19 08:59:00,211 [d1f69eb4-ccd6-48e7-a921-1bf219b44eb4:group-101D4ECA9B3C:LeaderElection68] INFO  server.RaftServerConfigKeys (ConfUtils.java:logGet(43)) - raft.server.watch.element-limit = 65536 (default)
2019-09-19 08:59:00,211 [d1f69eb4-ccd6-48e7-a921-1bf219b44eb4:group-101D4ECA9B3C:LeaderElection68] INFO  impl.RoleInfo (RoleInfo.java:updateAndGet(143)) - d1f69eb4-ccd6-48e7-a921-1bf219b44eb4: start LeaderState
2019-09-19 08:59:00,211 [d1f69eb4-ccd6-48e7-a921-1bf219b44eb4:group-101D4ECA9B3C:LeaderElection68] INFO  segmented.SegmentedRaftLogWorker (SegmentedRaftLogWorker.java:startLogSegment(380)) - d1f69eb4-ccd6-48e7-a921-1bf219b44eb4-SegmentedRaftLogWorker:Storage Directory /workdir/hadoop-ozone/integration-test/target/test-dir/MiniOzoneClusterImpl-66e2a49b-37e1-46c5-a16c-3b22c3c736b2/datanode-1/data/ratis/5ea1dc4d-76dd-4bab-840d-101d4eca9b3c: Starting segment from index:0
2019-09-19 08:59:00,212 [d1f69eb4-ccd6-48e7-a921-1bf219b44eb4:group-101D4ECA9B3C:LeaderElection68] INFO  impl.RaftServerImpl (ServerState.java:setRaftConf(361)) - d1f69eb4-ccd6-48e7-a921-1bf219b44eb4:group-101D4ECA9B3C set configuration 0: [d1f69eb4-ccd6-48e7-a921-1bf219b44eb4:192.168.34.5:39023], old=null at 0
2019-09-19 08:59:00,237 [main] INFO  ozone.MiniOzoneClusterImpl (MiniOzoneClusterImpl.java:lambda$waitForClusterToBeReady$0(142)) - Waiting for cluster to be ready. Got 5 of 6 DN Heartbeats.
2019-09-19 08:59:00,238 [IPC Server handler 2 on 43272] INFO  net.NetworkTopology (NetworkTopologyImpl.java:add(110)) - Added a new node: /default-rack/f144bb97-f1f6-4c62-88ba-fe5b55391c49
2019-09-19 08:59:00,238 [RatisPipelineUtilsThread] ERROR pipeline.PipelinePlacementPolicy (PipelinePlacementPolicy.java:meetCriteria(91)) - Pipeline Placement: Doesn't meet the criteria to be viable node. Heaviness: 6
2019-09-19 08:59:00,238 [RatisPipelineUtilsThread] ERROR pipeline.PipelinePlacementPolicy (PipelinePlacementPolicy.java:meetCriteria(91)) - Pipeline Placement: Doesn't meet the criteria to be viable node. Heaviness: 6
2019-09-19 08:59:00,239 [RatisPipelineUtilsThread] ERROR pipeline.PipelinePlacementPolicy (PipelinePlacementPolicy.java:meetCriteria(91)) - Pipeline Placement: Doesn't meet the criteria to be viable node. Heaviness: 6
2019-09-19 08:59:00,239 [RatisPipelineUtilsThread] ERROR pipeline.PipelinePlacementPolicy (PipelinePlacementPolicy.java:meetCriteria(91)) - Pipeline Placement: Doesn't meet the criteria to be viable node. Heaviness: 6
2019-09-19 08:59:00,239 [RatisPipelineUtilsThread] ERROR pipeline.PipelinePlacementPolicy (PipelinePlacementPolicy.java:meetCriteria(91)) - Pipeline Placement: Doesn't meet the criteria to be viable node. Heaviness: 6
2019-09-19 08:59:00,238 [IPC Server handler 2 on 43272] INFO  node.SCMNodeManager (SCMNodeManager.java:register(273)) - Registered Data node : f144bb97-f1f6-4c62-88ba-fe5b55391c49{ip: 192.168.34.5, host: pr-hdds-1569-j4bt4-3030777008, networkLocation: /default-rack, certSerialId: null}
2019-09-19 08:59:00,239 | INFO  | SCMAudit | user=jenkins1000 | ip=192.168.34.5 | op=REGISTER {datanodeDetails=f144bb97-f1f6-4c62-88ba-fe5b55391c49{ip: 192.168.34.5, host: pr-hdds-1569-j4bt4-3030777008, networkLocation: /default-rack, certSerialId: null}} | ret=SUCCESS |  
2019-09-19 08:59:00,239 [Thread-829] INFO  impl.FollowerState (FollowerState.java:run(106)) - d1f69eb4-ccd6-48e7-a921-1bf219b44eb4:group-4E11F33A9D1C changes to CANDIDATE, lastRpcTime:1039, electionTimeout:1039ms
2019-09-19 08:59:00,239 [Thread-829] INFO  impl.RoleInfo (RoleInfo.java:shutdownFollowerState(121)) - d1f69eb4-ccd6-48e7-a921-1bf219b44eb4: shutdown FollowerState
2019-09-19 08:59:00,239 [Thread-829] INFO  impl.RaftServerImpl (RaftServerImpl.java:setRole(171)) - d1f69eb4-ccd6-48e7-a921-1bf219b44eb4:group-4E11F33A9D1C changes role from FOLLOWER to CANDIDATE at term 0 for changeToCandidate
2019-09-19 08:59:00,240 [Thread-829] INFO  impl.RoleInfo (RoleInfo.java:updateAndGet(143)) - d1f69eb4-ccd6-48e7-a921-1bf219b44eb4: start LeaderElection
2019-09-19 08:59:00,246 [grpc-default-executor-0] INFO  impl.RaftServerProxy (RaftServerProxy.java:addNew(89)) - f144bb97-f1f6-4c62-88ba-fe5b55391c49: addNew group-B38C4F2D56F8:[f144bb97-f1f6-4c62-88ba-fe5b55391c49:192.168.34.5:35246] returns group-B38C4F2D56F8:java.util.concurrent.CompletableFuture@5c5b434e[Not completed]
2019-09-19 08:59:00,247 [pool-212-thread-1] INFO  impl.RaftServerImpl (RaftServerImpl.java:<init>(93)) - f144bb97-f1f6-4c62-88ba-fe5b55391c49: new RaftServerImpl for group-B38C4F2D56F8:[f144bb97-f1f6-4c62-88ba-fe5b55391c49:192.168.34.5:35246] with ContainerStateMachine:uninitialized
2019-09-19 08:59:00,248 [pool-212-thread-1] INFO  server.RaftServerConfigKeys (ConfUtils.java:logGet(43)) - raft.server.rpc.timeout.min = 1s (custom)
2019-09-19 08:59:00,248 [pool-212-thread-1] INFO  server.RaftServerConfigKeys (ConfUtils.java:logGet(43)) - raft.server.rpc.timeout.max = 1200ms (custom)
2019-09-19 08:59:00,248 [pool-212-thread-1] INFO  server.RaftServerConfigKeys (ConfUtils.java:logGet(43)) - raft.server.rpcslowness.timeout = 120s (custom)
2019-09-19 08:59:00,248 [pool-212-thread-1] INFO  server.RaftServerConfigKeys (ConfUtils.java:logGet(43)) - raft.server.sleep.deviation.threshold = 300 (default)
2019-09-19 08:59:00,248 [pool-212-thread-1] INFO  server.RaftServerConfigKeys (ConfUtils.java:logGet(43)) - raft.server.log.appender.install.snapshot.enabled = false (custom)
2019-09-19 08:59:00,248 [pool-212-thread-1] INFO  impl.RaftServerImpl (ServerState.java:<init>(105)) - f144bb97-f1f6-4c62-88ba-fe5b55391c49:group-B38C4F2D56F8 ConfigurationManager, init=-1: [f144bb97-f1f6-4c62-88ba-fe5b55391c49:192.168.34.5:35246], old=null, confs=<EMPTY_MAP>
2019-09-19 08:59:00,248 [pool-212-thread-1] INFO  server.RaftServerConfigKeys (ConfUtils.java:logGet(43)) - raft.server.storage.dir = [/workdir/hadoop-ozone/integration-test/target/test-dir/MiniOzoneClusterImpl-66e2a49b-37e1-46c5-a16c-3b22c3c736b2/datanode-5/data/ratis] (custom)
2019-09-19 08:59:00,249 [pool-212-thread-1] INFO  storage.RaftStorageDirectory (RaftStorageDirectory.java:analyzeStorage(246)) - The storage directory /workdir/hadoop-ozone/integration-test/target/test-dir/MiniOzoneClusterImpl-66e2a49b-37e1-46c5-a16c-3b22c3c736b2/datanode-5/data/ratis/9d7b6fa1-ab01-47e4-8b33-b38c4f2d56f8 does not exist. Creating ...
2019-09-19 08:59:00,262 [d1f69eb4-ccd6-48e7-a921-1bf219b44eb4-SegmentedRaftLogWorker:Storage Directory /workdir/hadoop-ozone/integration-test/target/test-dir/MiniOzoneClusterImpl-66e2a49b-37e1-46c5-a16c-3b22c3c736b2/datanode-1/data/ratis/5ea1dc4d-76dd-4bab-840d-101d4eca9b3c] INFO  segmented.SegmentedRaftLogWorker (SegmentedRaftLogWorker.java:execute(569)) - d1f69eb4-ccd6-48e7-a921-1bf219b44eb4-SegmentedRaftLogWorker:Storage Directory /workdir/hadoop-ozone/integration-test/target/test-dir/MiniOzoneClusterImpl-66e2a49b-37e1-46c5-a16c-3b22c3c736b2/datanode-1/data/ratis/5ea1dc4d-76dd-4bab-840d-101d4eca9b3c: created new log segment /workdir/hadoop-ozone/integration-test/target/test-dir/MiniOzoneClusterImpl-66e2a49b-37e1-46c5-a16c-3b22c3c736b2/datanode-1/data/ratis/5ea1dc4d-76dd-4bab-840d-101d4eca9b3c/current/log_inprogress_0
2019-09-19 08:59:00,262 [d1f69eb4-ccd6-48e7-a921-1bf219b44eb4:group-4E11F33A9D1C:LeaderElection69] INFO  impl.LeaderElection (LeaderElection.java:askForVotes(181)) - d1f69eb4-ccd6-48e7-a921-1bf219b44eb4:group-4E11F33A9D1C:LeaderElection69: begin an election at term 1 for -1: [d1f69eb4-ccd6-48e7-a921-1bf219b44eb4:192.168.34.5:39023], old=null
2019-09-19 08:59:00,263 [d1f69eb4-ccd6-48e7-a921-1bf219b44eb4:group-4E11F33A9D1C:LeaderElection69] INFO  impl.RoleInfo (RoleInfo.java:shutdownLeaderElection(134)) - d1f69eb4-ccd6-48e7-a921-1bf219b44eb4: shutdown LeaderElection
2019-09-19 08:59:00,263 [d1f69eb4-ccd6-48e7-a921-1bf219b44eb4:group-4E11F33A9D1C:LeaderElection69] INFO  impl.RaftServerImpl (RaftServerImpl.java:setRole(171)) - d1f69eb4-ccd6-48e7-a921-1bf219b44eb4:group-4E11F33A9D1C changes role from CANDIDATE to LEADER at term 1 for changeToLeader
2019-09-19 08:59:00,263 [d1f69eb4-ccd6-48e7-a921-1bf219b44eb4:group-4E11F33A9D1C:LeaderElection69] INFO  impl.RaftServerImpl (ServerState.java:setLeader(263)) - d1f69eb4-ccd6-48e7-a921-1bf219b44eb4:group-4E11F33A9D1C change Leader from null to d1f69eb4-ccd6-48e7-a921-1bf219b44eb4 at term 1 for becomeLeader, leader elected after 1065ms
2019-09-19 08:59:00,263 [d1f69eb4-ccd6-48e7-a921-1bf219b44eb4:group-4E11F33A9D1C:LeaderElection69] INFO  server.RaftServerConfigKeys (ConfUtils.java:logGet(43)) - raft.server.staging.catchup.gap = 1000 (default)
2019-09-19 08:59:00,263 [d1f69eb4-ccd6-48e7-a921-1bf219b44eb4:group-4E11F33A9D1C:LeaderElection69] INFO  server.RaftServerConfigKeys (ConfUtils.java:logGet(43)) - raft.server.rpc.sleep.time = 25ms (default)
2019-09-19 08:59:00,263 [d1f69eb4-ccd6-48e7-a921-1bf219b44eb4:group-4E11F33A9D1C:LeaderElection69] INFO  server.RaftServerConfigKeys (ConfUtils.java:logGet(43)) - raft.server.write.element-limit = 4096 (default)
2019-09-19 08:59:00,263 [d1f69eb4-ccd6-48e7-a921-1bf219b44eb4:group-4E11F33A9D1C:LeaderElection69] INFO  server.RaftServerConfigKeys (ConfUtils.java:logGet(43)) - raft.server.watch.timeout = 10s (default)
2019-09-19 08:59:00,263 [d1f69eb4-ccd6-48e7-a921-1bf219b44eb4:group-4E11F33A9D1C:LeaderElection69] INFO  server.RaftServerConfigKeys (ConfUtils.java:logGet(43)) - raft.server.watch.timeout.denomination = 1s (default)
2019-09-19 08:59:00,264 [d1f69eb4-ccd6-48e7-a921-1bf219b44eb4:group-4E11F33A9D1C:LeaderElection69] INFO  server.RaftServerConfigKeys (ConfUtils.java:logGet(43)) - raft.server.watch.element-limit = 65536 (default)
2019-09-19 08:59:00,264 [d1f69eb4-ccd6-48e7-a921-1bf219b44eb4:group-4E11F33A9D1C:LeaderElection69] INFO  impl.RoleInfo (RoleInfo.java:updateAndGet(143)) - d1f69eb4-ccd6-48e7-a921-1bf219b44eb4: start LeaderState
2019-09-19 08:59:00,264 [d1f69eb4-ccd6-48e7-a921-1bf219b44eb4:group-4E11F33A9D1C:LeaderElection69] INFO  segmented.SegmentedRaftLogWorker (SegmentedRaftLogWorker.java:startLogSegment(380)) - d1f69eb4-ccd6-48e7-a921-1bf219b44eb4-SegmentedRaftLogWorker:Storage Directory /workdir/hadoop-ozone/integration-test/target/test-dir/MiniOzoneClusterImpl-66e2a49b-37e1-46c5-a16c-3b22c3c736b2/datanode-1/data/ratis/6ea773ed-144b-4f71-8403-4e11f33a9d1c: Starting segment from index:0
2019-09-19 08:59:00,264 [d1f69eb4-ccd6-48e7-a921-1bf219b44eb4:group-4E11F33A9D1C:LeaderElection69] INFO  impl.RaftServerImpl (ServerState.java:setRaftConf(361)) - d1f69eb4-ccd6-48e7-a921-1bf219b44eb4:group-4E11F33A9D1C set configuration 0: [d1f69eb4-ccd6-48e7-a921-1bf219b44eb4:192.168.34.5:39023], old=null at 0
2019-09-19 08:59:00,277 [pool-212-thread-1] INFO  storage.RaftStorageDirectory (RaftStorageDirectory.java:tryLock(328)) - Lock on /workdir/hadoop-ozone/integration-test/target/test-dir/MiniOzoneClusterImpl-66e2a49b-37e1-46c5-a16c-3b22c3c736b2/datanode-5/data/ratis/9d7b6fa1-ab01-47e4-8b33-b38c4f2d56f8/in_use.lock acquired by nodename 8013@pr-hdds-1569-j4bt4-3030777008
2019-09-19 08:59:00,290 [pool-212-thread-1] INFO  storage.RaftStorage (RaftStorage.java:format(72)) - Storage directory /workdir/hadoop-ozone/integration-test/target/test-dir/MiniOzoneClusterImpl-66e2a49b-37e1-46c5-a16c-3b22c3c736b2/datanode-5/data/ratis/9d7b6fa1-ab01-47e4-8b33-b38c4f2d56f8 has been successfully formatted.
2019-09-19 08:59:00,291 [pool-212-thread-1] INFO  ratis.ContainerStateMachine (ContainerStateMachine.java:loadSnapshot(226)) - group-B38C4F2D56F8: The snapshot info is null. Setting the last applied indexto:(t:0, i:~)
2019-09-19 08:59:00,291 [pool-212-thread-1] INFO  server.RaftServerConfigKeys (ConfUtils.java:logGet(43)) - raft.server.leader.election.timeout = 120s (custom)
2019-09-19 08:59:00,291 [pool-212-thread-1] INFO  server.RaftServerConfigKeys (ConfUtils.java:logGet(43)) - raft.server.log.use.memory = false (default)
2019-09-19 08:59:00,291 [pool-212-thread-1] INFO  server.RaftServerConfigKeys (ConfUtils.java:logGet(43)) - raft.server.log.purge.gap = 1000000 (custom)
2019-09-19 08:59:00,291 [pool-212-thread-1] INFO  server.RaftServerConfigKeys (ConfUtils.java:logGet(43)) - raft.server.log.appender.buffer.byte-limit = 33554432 (custom)
2019-09-19 08:59:00,291 [pool-212-thread-1] INFO  server.RaftServerConfigKeys (ConfUtils.java:logGet(43)) - raft.server.log.segment.size.max = 1048576 (custom)
2019-09-19 08:59:00,292 [pool-212-thread-1] INFO  server.RaftServerConfigKeys (ConfUtils.java:logGet(43)) - raft.server.log.segment.cache.num.max = 2 (custom)
2019-09-19 08:59:00,292 [pool-212-thread-1] INFO  segmented.SegmentedRaftLogWorker (SegmentedRaftLogWorker.java:<init>(172)) - new f144bb97-f1f6-4c62-88ba-fe5b55391c49-SegmentedRaftLogWorker:Storage Directory /workdir/hadoop-ozone/integration-test/target/test-dir/MiniOzoneClusterImpl-66e2a49b-37e1-46c5-a16c-3b22c3c736b2/datanode-5/data/ratis/9d7b6fa1-ab01-47e4-8b33-b38c4f2d56f8 for RaftStorage:Storage Directory /workdir/hadoop-ozone/integration-test/target/test-dir/MiniOzoneClusterImpl-66e2a49b-37e1-46c5-a16c-3b22c3c736b2/datanode-5/data/ratis/9d7b6fa1-ab01-47e4-8b33-b38c4f2d56f8
2019-09-19 08:59:00,292 [pool-212-thread-1] INFO  server.RaftServerConfigKeys (ConfUtils.java:logGet(43)) - raft.server.log.queue.byte-limit = 2147483647 (custom)
2019-09-19 08:59:00,292 [pool-212-thread-1] INFO  server.RaftServerConfigKeys (ConfUtils.java:logGet(43)) - raft.server.log.queue.element-limit = 1024 (custom)
2019-09-19 08:59:00,293 [pool-212-thread-1] INFO  server.RaftServerConfigKeys (ConfUtils.java:logGet(43)) - raft.server.log.segment.size.max = 1048576 (custom)
2019-09-19 08:59:00,293 [pool-212-thread-1] INFO  server.RaftServerConfigKeys (ConfUtils.java:logGet(43)) - raft.server.log.preallocated.size = 16384 (custom)
2019-09-19 08:59:00,293 [pool-212-thread-1] INFO  server.RaftServerConfigKeys (ConfUtils.java:logGet(43)) - raft.server.log.write.buffer.size = 33554432 (custom)
2019-09-19 08:59:00,293 [pool-212-thread-1] INFO  server.RaftServerConfigKeys (ConfUtils.java:logGet(43)) - raft.server.log.force.sync.num = 128 (default)
2019-09-19 08:59:00,293 [pool-212-thread-1] INFO  server.RaftServerConfigKeys (ConfUtils.java:logGet(43)) - raft.server.log.statemachine.data.sync = true (default)
2019-09-19 08:59:00,293 [pool-212-thread-1] INFO  server.RaftServerConfigKeys (ConfUtils.java:logGet(43)) - raft.server.log.statemachine.data.sync.timeout = 10s (default)
2019-09-19 08:59:00,294 [pool-212-thread-1] INFO  server.RaftServerConfigKeys (ConfUtils.java:logGet(43)) - raft.server.log.statemachine.data.sync.timeout.retry = -1 (default)
2019-09-19 08:59:00,294 [pool-212-thread-1] INFO  server.RaftServerConfigKeys (ConfUtils.java:logGet(43)) - raft.server.log.statemachine.data.caching.enabled = true (custom)
2019-09-19 08:59:00,294 [pool-212-thread-1] INFO  segmented.SegmentedRaftLogWorker (SegmentedRaftLogWorker.java:lambda$new$0(132)) - f144bb97-f1f6-4c62-88ba-fe5b55391c49-SegmentedRaftLogWorker:Storage Directory /workdir/hadoop-ozone/integration-test/target/test-dir/MiniOzoneClusterImpl-66e2a49b-37e1-46c5-a16c-3b22c3c736b2/datanode-5/data/ratis/9d7b6fa1-ab01-47e4-8b33-b38c4f2d56f8: flushIndex: setUnconditionally 0 -> -1
2019-09-19 08:59:00,295 [pool-212-thread-1] INFO  server.RaftServerConfigKeys (ConfUtils.java:logGet(43)) - raft.server.snapshot.auto.trigger.enabled = true (custom)
2019-09-19 08:59:00,295 [pool-212-thread-1] INFO  server.RaftServerConfigKeys (ConfUtils.java:logGet(43)) - raft.server.snapshot.auto.trigger.threshold = 10000 (custom)
2019-09-19 08:59:00,295 [pool-212-thread-1] INFO  server.RaftServerConfigKeys (ConfUtils.java:logGet(43)) - raft.server.retrycache.expirytime = 600000ms (custom)
2019-09-19 08:59:00,295 [pool-212-thread-1] INFO  impl.RaftServerImpl (RaftServerImpl.java:start(180)) - f144bb97-f1f6-4c62-88ba-fe5b55391c49: start group-B38C4F2D56F8
2019-09-19 08:59:00,295 [pool-212-thread-1] INFO  impl.RaftServerImpl (RaftServerImpl.java:setRole(171)) - f144bb97-f1f6-4c62-88ba-fe5b55391c49:group-B38C4F2D56F8 changes role from null to FOLLOWER at term 0 for startAsFollower
2019-09-19 08:59:00,295 [pool-212-thread-1] INFO  impl.RoleInfo (RoleInfo.java:updateAndGet(143)) - f144bb97-f1f6-4c62-88ba-fe5b55391c49: start FollowerState
2019-09-19 08:59:00,296 [pool-212-thread-1] INFO  util.JmxRegister (JmxRegister.java:tryRegister(44)) - Successfully registered JMX Bean with object name Ratis:service=RaftServer,group=group-B38C4F2D56F8,id=f144bb97-f1f6-4c62-88ba-fe5b55391c49
2019-09-19 08:59:00,298 [RatisPipelineUtilsThread] INFO  pipeline.PipelineStateManager (PipelineStateManager.java:addPipeline(56)) - Created pipeline Pipeline[ Id: 9d7b6fa1-ab01-47e4-8b33-b38c4f2d56f8, Nodes: f144bb97-f1f6-4c62-88ba-fe5b55391c49{ip: 192.168.34.5, host: pr-hdds-1569-j4bt4-3030777008, networkLocation: /default-rack, certSerialId: null}, Type:RATIS, Factor:ONE, State:OPEN]
2019-09-19 08:59:00,298 [RatisPipelineUtilsThread] ERROR pipeline.PipelinePlacementPolicy (PipelinePlacementPolicy.java:meetCriteria(91)) - Pipeline Placement: Doesn't meet the criteria to be viable node. Heaviness: 6
2019-09-19 08:59:00,299 [RatisPipelineUtilsThread] ERROR pipeline.PipelinePlacementPolicy (PipelinePlacementPolicy.java:meetCriteria(91)) - Pipeline Placement: Doesn't meet the criteria to be viable node. Heaviness: 6
2019-09-19 08:59:00,299 [RatisPipelineUtilsThread] ERROR pipeline.PipelinePlacementPolicy (PipelinePlacementPolicy.java:meetCriteria(91)) - Pipeline Placement: Doesn't meet the criteria to be viable node. Heaviness: 6
2019-09-19 08:59:00,299 [RatisPipelineUtilsThread] ERROR pipeline.PipelinePlacementPolicy (PipelinePlacementPolicy.java:meetCriteria(91)) - Pipeline Placement: Doesn't meet the criteria to be viable node. Heaviness: 6
2019-09-19 08:59:00,299 [RatisPipelineUtilsThread] ERROR pipeline.PipelinePlacementPolicy (PipelinePlacementPolicy.java:meetCriteria(91)) - Pipeline Placement: Doesn't meet the criteria to be viable node. Heaviness: 6
2019-09-19 08:59:00,303 [grpc-default-executor-0] INFO  impl.RaftServerProxy (RaftServerProxy.java:addNew(89)) - f144bb97-f1f6-4c62-88ba-fe5b55391c49: addNew group-72782F3D2DB4:[f144bb97-f1f6-4c62-88ba-fe5b55391c49:192.168.34.5:35246] returns group-72782F3D2DB4:java.util.concurrent.CompletableFuture@655e0c6[Not completed]
2019-09-19 08:59:00,304 [pool-212-thread-1] INFO  impl.RaftServerImpl (RaftServerImpl.java:<init>(93)) - f144bb97-f1f6-4c62-88ba-fe5b55391c49: new RaftServerImpl for group-72782F3D2DB4:[f144bb97-f1f6-4c62-88ba-fe5b55391c49:192.168.34.5:35246] with ContainerStateMachine:uninitialized
2019-09-19 08:59:00,304 [pool-212-thread-1] INFO  server.RaftServerConfigKeys (ConfUtils.java:logGet(43)) - raft.server.rpc.timeout.min = 1s (custom)
2019-09-19 08:59:00,305 [pool-212-thread-1] INFO  server.RaftServerConfigKeys (ConfUtils.java:logGet(43)) - raft.server.rpc.timeout.max = 1200ms (custom)
2019-09-19 08:59:00,305 [pool-212-thread-1] INFO  server.RaftServerConfigKeys (ConfUtils.java:logGet(43)) - raft.server.rpcslowness.timeout = 120s (custom)
2019-09-19 08:59:00,305 [pool-212-thread-1] INFO  server.RaftServerConfigKeys (ConfUtils.java:logGet(43)) - raft.server.sleep.deviation.threshold = 300 (default)
2019-09-19 08:59:00,305 [pool-212-thread-1] INFO  server.RaftServerConfigKeys (ConfUtils.java:logGet(43)) - raft.server.log.appender.install.snapshot.enabled = false (custom)
2019-09-19 08:59:00,305 [pool-212-thread-1] INFO  impl.RaftServerImpl (ServerState.java:<init>(105)) - f144bb97-f1f6-4c62-88ba-fe5b55391c49:group-72782F3D2DB4 ConfigurationManager, init=-1: [f144bb97-f1f6-4c62-88ba-fe5b55391c49:192.168.34.5:35246], old=null, confs=<EMPTY_MAP>
2019-09-19 08:59:00,305 [pool-212-thread-1] INFO  server.RaftServerConfigKeys (ConfUtils.java:logGet(43)) - raft.server.storage.dir = [/workdir/hadoop-ozone/integration-test/target/test-dir/MiniOzoneClusterImpl-66e2a49b-37e1-46c5-a16c-3b22c3c736b2/datanode-5/data/ratis] (custom)
2019-09-19 08:59:00,306 [pool-212-thread-1] INFO  storage.RaftStorageDirectory (RaftStorageDirectory.java:analyzeStorage(246)) - The storage directory /workdir/hadoop-ozone/integration-test/target/test-dir/MiniOzoneClusterImpl-66e2a49b-37e1-46c5-a16c-3b22c3c736b2/datanode-5/data/ratis/a85a3d6a-b2bb-404d-900a-72782f3d2db4 does not exist. Creating ...
2019-09-19 08:59:00,324 [pool-212-thread-1] INFO  storage.RaftStorageDirectory (RaftStorageDirectory.java:tryLock(328)) - Lock on /workdir/hadoop-ozone/integration-test/target/test-dir/MiniOzoneClusterImpl-66e2a49b-37e1-46c5-a16c-3b22c3c736b2/datanode-5/data/ratis/a85a3d6a-b2bb-404d-900a-72782f3d2db4/in_use.lock acquired by nodename 8013@pr-hdds-1569-j4bt4-3030777008
2019-09-19 08:59:00,324 [d1f69eb4-ccd6-48e7-a921-1bf219b44eb4-SegmentedRaftLogWorker:Storage Directory /workdir/hadoop-ozone/integration-test/target/test-dir/MiniOzoneClusterImpl-66e2a49b-37e1-46c5-a16c-3b22c3c736b2/datanode-1/data/ratis/6ea773ed-144b-4f71-8403-4e11f33a9d1c] INFO  segmented.SegmentedRaftLogWorker (SegmentedRaftLogWorker.java:execute(569)) - d1f69eb4-ccd6-48e7-a921-1bf219b44eb4-SegmentedRaftLogWorker:Storage Directory /workdir/hadoop-ozone/integration-test/target/test-dir/MiniOzoneClusterImpl-66e2a49b-37e1-46c5-a16c-3b22c3c736b2/datanode-1/data/ratis/6ea773ed-144b-4f71-8403-4e11f33a9d1c: created new log segment /workdir/hadoop-ozone/integration-test/target/test-dir/MiniOzoneClusterImpl-66e2a49b-37e1-46c5-a16c-3b22c3c736b2/datanode-1/data/ratis/6ea773ed-144b-4f71-8403-4e11f33a9d1c/current/log_inprogress_0
2019-09-19 08:59:00,336 [pool-212-thread-1] INFO  storage.RaftStorage (RaftStorage.java:format(72)) - Storage directory /workdir/hadoop-ozone/integration-test/target/test-dir/MiniOzoneClusterImpl-66e2a49b-37e1-46c5-a16c-3b22c3c736b2/datanode-5/data/ratis/a85a3d6a-b2bb-404d-900a-72782f3d2db4 has been successfully formatted.
2019-09-19 08:59:00,336 [pool-212-thread-1] INFO  ratis.ContainerStateMachine (ContainerStateMachine.java:loadSnapshot(226)) - group-72782F3D2DB4: The snapshot info is null. Setting the last applied indexto:(t:0, i:~)
2019-09-19 08:59:00,336 [pool-212-thread-1] INFO  server.RaftServerConfigKeys (ConfUtils.java:logGet(43)) - raft.server.leader.election.timeout = 120s (custom)
2019-09-19 08:59:00,337 [pool-212-thread-1] INFO  server.RaftServerConfigKeys (ConfUtils.java:logGet(43)) - raft.server.log.use.memory = false (default)
2019-09-19 08:59:00,337 [pool-212-thread-1] INFO  server.RaftServerConfigKeys (ConfUtils.java:logGet(43)) - raft.server.log.purge.gap = 1000000 (custom)
2019-09-19 08:59:00,337 [pool-212-thread-1] INFO  server.RaftServerConfigKeys (ConfUtils.java:logGet(43)) - raft.server.log.appender.buffer.byte-limit = 33554432 (custom)
2019-09-19 08:59:00,337 [pool-212-thread-1] INFO  server.RaftServerConfigKeys (ConfUtils.java:logGet(43)) - raft.server.log.segment.size.max = 1048576 (custom)
2019-09-19 08:59:00,337 [pool-212-thread-1] INFO  server.RaftServerConfigKeys (ConfUtils.java:logGet(43)) - raft.server.log.segment.cache.num.max = 2 (custom)
2019-09-19 08:59:00,337 [pool-212-thread-1] INFO  segmented.SegmentedRaftLogWorker (SegmentedRaftLogWorker.java:<init>(172)) - new f144bb97-f1f6-4c62-88ba-fe5b55391c49-SegmentedRaftLogWorker:Storage Directory /workdir/hadoop-ozone/integration-test/target/test-dir/MiniOzoneClusterImpl-66e2a49b-37e1-46c5-a16c-3b22c3c736b2/datanode-5/data/ratis/a85a3d6a-b2bb-404d-900a-72782f3d2db4 for RaftStorage:Storage Directory /workdir/hadoop-ozone/integration-test/target/test-dir/MiniOzoneClusterImpl-66e2a49b-37e1-46c5-a16c-3b22c3c736b2/datanode-5/data/ratis/a85a3d6a-b2bb-404d-900a-72782f3d2db4
2019-09-19 08:59:00,338 [pool-212-thread-1] INFO  server.RaftServerConfigKeys (ConfUtils.java:logGet(43)) - raft.server.log.queue.byte-limit = 2147483647 (custom)
2019-09-19 08:59:00,338 [pool-212-thread-1] INFO  server.RaftServerConfigKeys (ConfUtils.java:logGet(43)) - raft.server.log.queue.element-limit = 1024 (custom)
2019-09-19 08:59:00,338 [pool-212-thread-1] INFO  server.RaftServerConfigKeys (ConfUtils.java:logGet(43)) - raft.server.log.segment.size.max = 1048576 (custom)
2019-09-19 08:59:00,338 [pool-212-thread-1] INFO  server.RaftServerConfigKeys (ConfUtils.java:logGet(43)) - raft.server.log.preallocated.size = 16384 (custom)
2019-09-19 08:59:00,338 [pool-212-thread-1] INFO  server.RaftServerConfigKeys (ConfUtils.java:logGet(43)) - raft.server.log.write.buffer.size = 33554432 (custom)
2019-09-19 08:59:00,338 [pool-212-thread-1] INFO  server.RaftServerConfigKeys (ConfUtils.java:logGet(43)) - raft.server.log.force.sync.num = 128 (default)
2019-09-19 08:59:00,338 [pool-212-thread-1] INFO  server.RaftServerConfigKeys (ConfUtils.java:logGet(43)) - raft.server.log.statemachine.data.sync = true (default)
2019-09-19 08:59:00,339 [pool-212-thread-1] INFO  server.RaftServerConfigKeys (ConfUtils.java:logGet(43)) - raft.server.log.statemachine.data.sync.timeout = 10s (default)
2019-09-19 08:59:00,339 [pool-212-thread-1] INFO  server.RaftServerConfigKeys (ConfUtils.java:logGet(43)) - raft.server.log.statemachine.data.sync.timeout.retry = -1 (default)
2019-09-19 08:59:00,339 [pool-212-thread-1] INFO  server.RaftServerConfigKeys (ConfUtils.java:logGet(43)) - raft.server.log.statemachine.data.caching.enabled = true (custom)
2019-09-19 08:59:00,339 [pool-212-thread-1] INFO  segmented.SegmentedRaftLogWorker (SegmentedRaftLogWorker.java:lambda$new$0(132)) - f144bb97-f1f6-4c62-88ba-fe5b55391c49-SegmentedRaftLogWorker:Storage Directory /workdir/hadoop-ozone/integration-test/target/test-dir/MiniOzoneClusterImpl-66e2a49b-37e1-46c5-a16c-3b22c3c736b2/datanode-5/data/ratis/a85a3d6a-b2bb-404d-900a-72782f3d2db4: flushIndex: setUnconditionally 0 -> -1
2019-09-19 08:59:00,340 [pool-212-thread-1] INFO  server.RaftServerConfigKeys (ConfUtils.java:logGet(43)) - raft.server.snapshot.auto.trigger.enabled = true (custom)
2019-09-19 08:59:00,340 [pool-212-thread-1] INFO  server.RaftServerConfigKeys (ConfUtils.java:logGet(43)) - raft.server.snapshot.auto.trigger.threshold = 10000 (custom)
2019-09-19 08:59:00,340 [pool-212-thread-1] INFO  server.RaftServerConfigKeys (ConfUtils.java:logGet(43)) - raft.server.retrycache.expirytime = 600000ms (custom)
2019-09-19 08:59:00,340 [pool-212-thread-1] INFO  impl.RaftServerImpl (RaftServerImpl.java:start(180)) - f144bb97-f1f6-4c62-88ba-fe5b55391c49: start group-72782F3D2DB4
2019-09-19 08:59:00,340 [pool-212-thread-1] INFO  impl.RaftServerImpl (RaftServerImpl.java:setRole(171)) - f144bb97-f1f6-4c62-88ba-fe5b55391c49:group-72782F3D2DB4 changes role from null to FOLLOWER at term 0 for startAsFollower
2019-09-19 08:59:00,340 [pool-212-thread-1] INFO  impl.RoleInfo (RoleInfo.java:updateAndGet(143)) - f144bb97-f1f6-4c62-88ba-fe5b55391c49: start FollowerState
2019-09-19 08:59:00,341 [pool-212-thread-1] INFO  util.JmxRegister (JmxRegister.java:tryRegister(44)) - Successfully registered JMX Bean with object name Ratis:service=RaftServer,group=group-72782F3D2DB4,id=f144bb97-f1f6-4c62-88ba-fe5b55391c49
2019-09-19 08:59:00,343 [RatisPipelineUtilsThread] INFO  pipeline.PipelineStateManager (PipelineStateManager.java:addPipeline(56)) - Created pipeline Pipeline[ Id: a85a3d6a-b2bb-404d-900a-72782f3d2db4, Nodes: f144bb97-f1f6-4c62-88ba-fe5b55391c49{ip: 192.168.34.5, host: pr-hdds-1569-j4bt4-3030777008, networkLocation: /default-rack, certSerialId: null}, Type:RATIS, Factor:ONE, State:OPEN]
2019-09-19 08:59:00,343 [RatisPipelineUtilsThread] ERROR pipeline.PipelinePlacementPolicy (PipelinePlacementPolicy.java:meetCriteria(91)) - Pipeline Placement: Doesn't meet the criteria to be viable node. Heaviness: 6
2019-09-19 08:59:00,344 [RatisPipelineUtilsThread] ERROR pipeline.PipelinePlacementPolicy (PipelinePlacementPolicy.java:meetCriteria(91)) - Pipeline Placement: Doesn't meet the criteria to be viable node. Heaviness: 6
2019-09-19 08:59:00,344 [RatisPipelineUtilsThread] ERROR pipeline.PipelinePlacementPolicy (PipelinePlacementPolicy.java:meetCriteria(91)) - Pipeline Placement: Doesn't meet the criteria to be viable node. Heaviness: 6
2019-09-19 08:59:00,344 [RatisPipelineUtilsThread] ERROR pipeline.PipelinePlacementPolicy (PipelinePlacementPolicy.java:meetCriteria(91)) - Pipeline Placement: Doesn't meet the criteria to be viable node. Heaviness: 6
2019-09-19 08:59:00,344 [RatisPipelineUtilsThread] ERROR pipeline.PipelinePlacementPolicy (PipelinePlacementPolicy.java:meetCriteria(91)) - Pipeline Placement: Doesn't meet the criteria to be viable node. Heaviness: 6
2019-09-19 08:59:00,348 [grpc-default-executor-0] INFO  impl.RaftServerProxy (RaftServerProxy.java:addNew(89)) - f144bb97-f1f6-4c62-88ba-fe5b55391c49: addNew group-BA79DB2E50E9:[f144bb97-f1f6-4c62-88ba-fe5b55391c49:192.168.34.5:35246] returns group-BA79DB2E50E9:java.util.concurrent.CompletableFuture@70d91b86[Not completed]
2019-09-19 08:59:00,350 [pool-212-thread-1] INFO  impl.RaftServerImpl (RaftServerImpl.java:<init>(93)) - f144bb97-f1f6-4c62-88ba-fe5b55391c49: new RaftServerImpl for group-BA79DB2E50E9:[f144bb97-f1f6-4c62-88ba-fe5b55391c49:192.168.34.5:35246] with ContainerStateMachine:uninitialized
2019-09-19 08:59:00,350 [pool-212-thread-1] INFO  server.RaftServerConfigKeys (ConfUtils.java:logGet(43)) - raft.server.rpc.timeout.min = 1s (custom)
2019-09-19 08:59:00,350 [pool-212-thread-1] INFO  server.RaftServerConfigKeys (ConfUtils.java:logGet(43)) - raft.server.rpc.timeout.max = 1200ms (custom)
2019-09-19 08:59:00,350 [pool-212-thread-1] INFO  server.RaftServerConfigKeys (ConfUtils.java:logGet(43)) - raft.server.rpcslowness.timeout = 120s (custom)
2019-09-19 08:59:00,350 [pool-212-thread-1] INFO  server.RaftServerConfigKeys (ConfUtils.java:logGet(43)) - raft.server.sleep.deviation.threshold = 300 (default)
2019-09-19 08:59:00,350 [pool-212-thread-1] INFO  server.RaftServerConfigKeys (ConfUtils.java:logGet(43)) - raft.server.log.appender.install.snapshot.enabled = false (custom)
2019-09-19 08:59:00,350 [pool-212-thread-1] INFO  impl.RaftServerImpl (ServerState.java:<init>(105)) - f144bb97-f1f6-4c62-88ba-fe5b55391c49:group-BA79DB2E50E9 ConfigurationManager, init=-1: [f144bb97-f1f6-4c62-88ba-fe5b55391c49:192.168.34.5:35246], old=null, confs=<EMPTY_MAP>
2019-09-19 08:59:00,350 [pool-212-thread-1] INFO  server.RaftServerConfigKeys (ConfUtils.java:logGet(43)) - raft.server.storage.dir = [/workdir/hadoop-ozone/integration-test/target/test-dir/MiniOzoneClusterImpl-66e2a49b-37e1-46c5-a16c-3b22c3c736b2/datanode-5/data/ratis] (custom)
2019-09-19 08:59:00,351 [pool-212-thread-1] INFO  storage.RaftStorageDirectory (RaftStorageDirectory.java:analyzeStorage(246)) - The storage directory /workdir/hadoop-ozone/integration-test/target/test-dir/MiniOzoneClusterImpl-66e2a49b-37e1-46c5-a16c-3b22c3c736b2/datanode-5/data/ratis/e7b75ca5-21e4-4e67-a322-ba79db2e50e9 does not exist. Creating ...
2019-09-19 08:59:00,368 [pool-212-thread-1] INFO  storage.RaftStorageDirectory (RaftStorageDirectory.java:tryLock(328)) - Lock on /workdir/hadoop-ozone/integration-test/target/test-dir/MiniOzoneClusterImpl-66e2a49b-37e1-46c5-a16c-3b22c3c736b2/datanode-5/data/ratis/e7b75ca5-21e4-4e67-a322-ba79db2e50e9/in_use.lock acquired by nodename 8013@pr-hdds-1569-j4bt4-3030777008
2019-09-19 08:59:00,378 [pool-212-thread-1] INFO  storage.RaftStorage (RaftStorage.java:format(72)) - Storage directory /workdir/hadoop-ozone/integration-test/target/test-dir/MiniOzoneClusterImpl-66e2a49b-37e1-46c5-a16c-3b22c3c736b2/datanode-5/data/ratis/e7b75ca5-21e4-4e67-a322-ba79db2e50e9 has been successfully formatted.
2019-09-19 08:59:00,379 [pool-212-thread-1] INFO  ratis.ContainerStateMachine (ContainerStateMachine.java:loadSnapshot(226)) - group-BA79DB2E50E9: The snapshot info is null. Setting the last applied indexto:(t:0, i:~)
2019-09-19 08:59:00,379 [pool-212-thread-1] INFO  server.RaftServerConfigKeys (ConfUtils.java:logGet(43)) - raft.server.leader.election.timeout = 120s (custom)
2019-09-19 08:59:00,379 [pool-212-thread-1] INFO  server.RaftServerConfigKeys (ConfUtils.java:logGet(43)) - raft.server.log.use.memory = false (default)
2019-09-19 08:59:00,379 [pool-212-thread-1] INFO  server.RaftServerConfigKeys (ConfUtils.java:logGet(43)) - raft.server.log.purge.gap = 1000000 (custom)
2019-09-19 08:59:00,379 [pool-212-thread-1] INFO  server.RaftServerConfigKeys (ConfUtils.java:logGet(43)) - raft.server.log.appender.buffer.byte-limit = 33554432 (custom)
2019-09-19 08:59:00,379 [pool-212-thread-1] INFO  server.RaftServerConfigKeys (ConfUtils.java:logGet(43)) - raft.server.log.segment.size.max = 1048576 (custom)
2019-09-19 08:59:00,380 [pool-212-thread-1] INFO  server.RaftServerConfigKeys (ConfUtils.java:logGet(43)) - raft.server.log.segment.cache.num.max = 2 (custom)
2019-09-19 08:59:00,380 [pool-212-thread-1] INFO  segmented.SegmentedRaftLogWorker (SegmentedRaftLogWorker.java:<init>(172)) - new f144bb97-f1f6-4c62-88ba-fe5b55391c49-SegmentedRaftLogWorker:Storage Directory /workdir/hadoop-ozone/integration-test/target/test-dir/MiniOzoneClusterImpl-66e2a49b-37e1-46c5-a16c-3b22c3c736b2/datanode-5/data/ratis/e7b75ca5-21e4-4e67-a322-ba79db2e50e9 for RaftStorage:Storage Directory /workdir/hadoop-ozone/integration-test/target/test-dir/MiniOzoneClusterImpl-66e2a49b-37e1-46c5-a16c-3b22c3c736b2/datanode-5/data/ratis/e7b75ca5-21e4-4e67-a322-ba79db2e50e9
2019-09-19 08:59:00,380 [pool-212-thread-1] INFO  server.RaftServerConfigKeys (ConfUtils.java:logGet(43)) - raft.server.log.queue.byte-limit = 2147483647 (custom)
2019-09-19 08:59:00,380 [pool-212-thread-1] INFO  server.RaftServerConfigKeys (ConfUtils.java:logGet(43)) - raft.server.log.queue.element-limit = 1024 (custom)
2019-09-19 08:59:00,380 [pool-212-thread-1] INFO  server.RaftServerConfigKeys (ConfUtils.java:logGet(43)) - raft.server.log.segment.size.max = 1048576 (custom)
2019-09-19 08:59:00,380 [pool-212-thread-1] INFO  server.RaftServerConfigKeys (ConfUtils.java:logGet(43)) - raft.server.log.preallocated.size = 16384 (custom)
2019-09-19 08:59:00,380 [pool-212-thread-1] INFO  server.RaftServerConfigKeys (ConfUtils.java:logGet(43)) - raft.server.log.write.buffer.size = 33554432 (custom)
2019-09-19 08:59:00,381 [pool-212-thread-1] INFO  server.RaftServerConfigKeys (ConfUtils.java:logGet(43)) - raft.server.log.force.sync.num = 128 (default)
2019-09-19 08:59:00,381 [pool-212-thread-1] INFO  server.RaftServerConfigKeys (ConfUtils.java:logGet(43)) - raft.server.log.statemachine.data.sync = true (default)
2019-09-19 08:59:00,381 [pool-212-thread-1] INFO  server.RaftServerConfigKeys (ConfUtils.java:logGet(43)) - raft.server.log.statemachine.data.sync.timeout = 10s (default)
2019-09-19 08:59:00,381 [pool-212-thread-1] INFO  server.RaftServerConfigKeys (ConfUtils.java:logGet(43)) - raft.server.log.statemachine.data.sync.timeout.retry = -1 (default)
2019-09-19 08:59:00,381 [pool-212-thread-1] INFO  server.RaftServerConfigKeys (ConfUtils.java:logGet(43)) - raft.server.log.statemachine.data.caching.enabled = true (custom)
2019-09-19 08:59:00,382 [pool-212-thread-1] INFO  segmented.SegmentedRaftLogWorker (SegmentedRaftLogWorker.java:lambda$new$0(132)) - f144bb97-f1f6-4c62-88ba-fe5b55391c49-SegmentedRaftLogWorker:Storage Directory /workdir/hadoop-ozone/integration-test/target/test-dir/MiniOzoneClusterImpl-66e2a49b-37e1-46c5-a16c-3b22c3c736b2/datanode-5/data/ratis/e7b75ca5-21e4-4e67-a322-ba79db2e50e9: flushIndex: setUnconditionally 0 -> -1
2019-09-19 08:59:00,382 [pool-212-thread-1] INFO  server.RaftServerConfigKeys (ConfUtils.java:logGet(43)) - raft.server.snapshot.auto.trigger.enabled = true (custom)
2019-09-19 08:59:00,382 [pool-212-thread-1] INFO  server.RaftServerConfigKeys (ConfUtils.java:logGet(43)) - raft.server.snapshot.auto.trigger.threshold = 10000 (custom)
2019-09-19 08:59:00,382 [pool-212-thread-1] INFO  server.RaftServerConfigKeys (ConfUtils.java:logGet(43)) - raft.server.retrycache.expirytime = 600000ms (custom)
2019-09-19 08:59:00,382 [pool-212-thread-1] INFO  impl.RaftServerImpl (RaftServerImpl.java:start(180)) - f144bb97-f1f6-4c62-88ba-fe5b55391c49: start group-BA79DB2E50E9
2019-09-19 08:59:00,383 [pool-212-thread-1] INFO  impl.RaftServerImpl (RaftServerImpl.java:setRole(171)) - f144bb97-f1f6-4c62-88ba-fe5b55391c49:group-BA79DB2E50E9 changes role from null to FOLLOWER at term 0 for startAsFollower
2019-09-19 08:59:00,383 [pool-212-thread-1] INFO  impl.RoleInfo (RoleInfo.java:updateAndGet(143)) - f144bb97-f1f6-4c62-88ba-fe5b55391c49: start FollowerState
2019-09-19 08:59:00,383 [pool-212-thread-1] INFO  util.JmxRegister (JmxRegister.java:tryRegister(44)) - Successfully registered JMX Bean with object name Ratis:service=RaftServer,group=group-BA79DB2E50E9,id=f144bb97-f1f6-4c62-88ba-fe5b55391c49
2019-09-19 08:59:00,386 [RatisPipelineUtilsThread] INFO  pipeline.PipelineStateManager (PipelineStateManager.java:addPipeline(56)) - Created pipeline Pipeline[ Id: e7b75ca5-21e4-4e67-a322-ba79db2e50e9, Nodes: f144bb97-f1f6-4c62-88ba-fe5b55391c49{ip: 192.168.34.5, host: pr-hdds-1569-j4bt4-3030777008, networkLocation: /default-rack, certSerialId: null}, Type:RATIS, Factor:ONE, State:OPEN]
2019-09-19 08:59:00,386 [RatisPipelineUtilsThread] ERROR pipeline.PipelinePlacementPolicy (PipelinePlacementPolicy.java:meetCriteria(91)) - Pipeline Placement: Doesn't meet the criteria to be viable node. Heaviness: 6
2019-09-19 08:59:00,386 [RatisPipelineUtilsThread] ERROR pipeline.PipelinePlacementPolicy (PipelinePlacementPolicy.java:meetCriteria(91)) - Pipeline Placement: Doesn't meet the criteria to be viable node. Heaviness: 6
2019-09-19 08:59:00,386 [RatisPipelineUtilsThread] ERROR pipeline.PipelinePlacementPolicy (PipelinePlacementPolicy.java:meetCriteria(91)) - Pipeline Placement: Doesn't meet the criteria to be viable node. Heaviness: 6
2019-09-19 08:59:00,386 [RatisPipelineUtilsThread] ERROR pipeline.PipelinePlacementPolicy (PipelinePlacementPolicy.java:meetCriteria(91)) - Pipeline Placement: Doesn't meet the criteria to be viable node. Heaviness: 6
2019-09-19 08:59:00,387 [RatisPipelineUtilsThread] ERROR pipeline.PipelinePlacementPolicy (PipelinePlacementPolicy.java:meetCriteria(91)) - Pipeline Placement: Doesn't meet the criteria to be viable node. Heaviness: 6
2019-09-19 08:59:00,387 [Thread-832] INFO  impl.FollowerState (FollowerState.java:run(106)) - d1f69eb4-ccd6-48e7-a921-1bf219b44eb4:group-1404994E5562 changes to CANDIDATE, lastRpcTime:1148, electionTimeout:1148ms
2019-09-19 08:59:00,387 [Thread-832] INFO  impl.RoleInfo (RoleInfo.java:shutdownFollowerState(121)) - d1f69eb4-ccd6-48e7-a921-1bf219b44eb4: shutdown FollowerState
2019-09-19 08:59:00,387 [Thread-832] INFO  impl.RaftServerImpl (RaftServerImpl.java:setRole(171)) - d1f69eb4-ccd6-48e7-a921-1bf219b44eb4:group-1404994E5562 changes role from FOLLOWER to CANDIDATE at term 0 for changeToCandidate
2019-09-19 08:59:00,387 [Thread-832] INFO  impl.RoleInfo (RoleInfo.java:updateAndGet(143)) - d1f69eb4-ccd6-48e7-a921-1bf219b44eb4: start LeaderElection
2019-09-19 08:59:00,392 [grpc-default-executor-0] INFO  impl.RaftServerProxy (RaftServerProxy.java:addNew(89)) - f144bb97-f1f6-4c62-88ba-fe5b55391c49: addNew group-75A2AF7D578F:[f144bb97-f1f6-4c62-88ba-fe5b55391c49:192.168.34.5:35246] returns group-75A2AF7D578F:java.util.concurrent.CompletableFuture@24287eda[Not completed]
2019-09-19 08:59:00,393 [pool-212-thread-1] INFO  impl.RaftServerImpl (RaftServerImpl.java:<init>(93)) - f144bb97-f1f6-4c62-88ba-fe5b55391c49: new RaftServerImpl for group-75A2AF7D578F:[f144bb97-f1f6-4c62-88ba-fe5b55391c49:192.168.34.5:35246] with ContainerStateMachine:uninitialized
2019-09-19 08:59:00,393 [pool-212-thread-1] INFO  server.RaftServerConfigKeys (ConfUtils.java:logGet(43)) - raft.server.rpc.timeout.min = 1s (custom)
2019-09-19 08:59:00,393 [pool-212-thread-1] INFO  server.RaftServerConfigKeys (ConfUtils.java:logGet(43)) - raft.server.rpc.timeout.max = 1200ms (custom)
2019-09-19 08:59:00,394 [pool-212-thread-1] INFO  server.RaftServerConfigKeys (ConfUtils.java:logGet(43)) - raft.server.rpcslowness.timeout = 120s (custom)
2019-09-19 08:59:00,394 [pool-212-thread-1] INFO  server.RaftServerConfigKeys (ConfUtils.java:logGet(43)) - raft.server.sleep.deviation.threshold = 300 (default)
2019-09-19 08:59:00,394 [pool-212-thread-1] INFO  server.RaftServerConfigKeys (ConfUtils.java:logGet(43)) - raft.server.log.appender.install.snapshot.enabled = false (custom)
2019-09-19 08:59:00,394 [pool-212-thread-1] INFO  impl.RaftServerImpl (ServerState.java:<init>(105)) - f144bb97-f1f6-4c62-88ba-fe5b55391c49:group-75A2AF7D578F ConfigurationManager, init=-1: [f144bb97-f1f6-4c62-88ba-fe5b55391c49:192.168.34.5:35246], old=null, confs=<EMPTY_MAP>
2019-09-19 08:59:00,394 [pool-212-thread-1] INFO  server.RaftServerConfigKeys (ConfUtils.java:logGet(43)) - raft.server.storage.dir = [/workdir/hadoop-ozone/integration-test/target/test-dir/MiniOzoneClusterImpl-66e2a49b-37e1-46c5-a16c-3b22c3c736b2/datanode-5/data/ratis] (custom)
2019-09-19 08:59:00,394 [pool-212-thread-1] INFO  storage.RaftStorageDirectory (RaftStorageDirectory.java:analyzeStorage(246)) - The storage directory /workdir/hadoop-ozone/integration-test/target/test-dir/MiniOzoneClusterImpl-66e2a49b-37e1-46c5-a16c-3b22c3c736b2/datanode-5/data/ratis/b2215999-6cb6-4647-9681-75a2af7d578f does not exist. Creating ...
2019-09-19 08:59:00,402 [pool-212-thread-1] INFO  storage.RaftStorageDirectory (RaftStorageDirectory.java:tryLock(328)) - Lock on /workdir/hadoop-ozone/integration-test/target/test-dir/MiniOzoneClusterImpl-66e2a49b-37e1-46c5-a16c-3b22c3c736b2/datanode-5/data/ratis/b2215999-6cb6-4647-9681-75a2af7d578f/in_use.lock acquired by nodename 8013@pr-hdds-1569-j4bt4-3030777008
2019-09-19 08:59:00,402 [d1f69eb4-ccd6-48e7-a921-1bf219b44eb4:group-1404994E5562:LeaderElection70] INFO  impl.LeaderElection (LeaderElection.java:askForVotes(181)) - d1f69eb4-ccd6-48e7-a921-1bf219b44eb4:group-1404994E5562:LeaderElection70: begin an election at term 1 for -1: [d1f69eb4-ccd6-48e7-a921-1bf219b44eb4:192.168.34.5:39023], old=null
2019-09-19 08:59:00,402 [d1f69eb4-ccd6-48e7-a921-1bf219b44eb4:group-1404994E5562:LeaderElection70] INFO  impl.RoleInfo (RoleInfo.java:shutdownLeaderElection(134)) - d1f69eb4-ccd6-48e7-a921-1bf219b44eb4: shutdown LeaderElection
2019-09-19 08:59:00,402 [d1f69eb4-ccd6-48e7-a921-1bf219b44eb4:group-1404994E5562:LeaderElection70] INFO  impl.RaftServerImpl (RaftServerImpl.java:setRole(171)) - d1f69eb4-ccd6-48e7-a921-1bf219b44eb4:group-1404994E5562 changes role from CANDIDATE to LEADER at term 1 for changeToLeader
2019-09-19 08:59:00,402 [d1f69eb4-ccd6-48e7-a921-1bf219b44eb4:group-1404994E5562:LeaderElection70] INFO  impl.RaftServerImpl (ServerState.java:setLeader(263)) - d1f69eb4-ccd6-48e7-a921-1bf219b44eb4:group-1404994E5562 change Leader from null to d1f69eb4-ccd6-48e7-a921-1bf219b44eb4 at term 1 for becomeLeader, leader elected after 1167ms
2019-09-19 08:59:00,403 [d1f69eb4-ccd6-48e7-a921-1bf219b44eb4:group-1404994E5562:LeaderElection70] INFO  server.RaftServerConfigKeys (ConfUtils.java:logGet(43)) - raft.server.staging.catchup.gap = 1000 (default)
2019-09-19 08:59:00,403 [d1f69eb4-ccd6-48e7-a921-1bf219b44eb4:group-1404994E5562:LeaderElection70] INFO  server.RaftServerConfigKeys (ConfUtils.java:logGet(43)) - raft.server.rpc.sleep.time = 25ms (default)
2019-09-19 08:59:00,403 [d1f69eb4-ccd6-48e7-a921-1bf219b44eb4:group-1404994E5562:LeaderElection70] INFO  server.RaftServerConfigKeys (ConfUtils.java:logGet(43)) - raft.server.write.element-limit = 4096 (default)
2019-09-19 08:59:00,403 [d1f69eb4-ccd6-48e7-a921-1bf219b44eb4:group-1404994E5562:LeaderElection70] INFO  server.RaftServerConfigKeys (ConfUtils.java:logGet(43)) - raft.server.watch.timeout = 10s (default)
2019-09-19 08:59:00,403 [d1f69eb4-ccd6-48e7-a921-1bf219b44eb4:group-1404994E5562:LeaderElection70] INFO  server.RaftServerConfigKeys (ConfUtils.java:logGet(43)) - raft.server.watch.timeout.denomination = 1s (default)
2019-09-19 08:59:00,403 [d1f69eb4-ccd6-48e7-a921-1bf219b44eb4:group-1404994E5562:LeaderElection70] INFO  server.RaftServerConfigKeys (ConfUtils.java:logGet(43)) - raft.server.watch.element-limit = 65536 (default)
2019-09-19 08:59:00,404 [d1f69eb4-ccd6-48e7-a921-1bf219b44eb4:group-1404994E5562:LeaderElection70] INFO  impl.RoleInfo (RoleInfo.java:updateAndGet(143)) - d1f69eb4-ccd6-48e7-a921-1bf219b44eb4: start LeaderState
2019-09-19 08:59:00,404 [d1f69eb4-ccd6-48e7-a921-1bf219b44eb4:group-1404994E5562:LeaderElection70] INFO  segmented.SegmentedRaftLogWorker (SegmentedRaftLogWorker.java:startLogSegment(380)) - d1f69eb4-ccd6-48e7-a921-1bf219b44eb4-SegmentedRaftLogWorker:Storage Directory /workdir/hadoop-ozone/integration-test/target/test-dir/MiniOzoneClusterImpl-66e2a49b-37e1-46c5-a16c-3b22c3c736b2/datanode-1/data/ratis/e36ea92e-387e-4744-a282-1404994e5562: Starting segment from index:0
2019-09-19 08:59:00,404 [d1f69eb4-ccd6-48e7-a921-1bf219b44eb4:group-1404994E5562:LeaderElection70] INFO  impl.RaftServerImpl (ServerState.java:setRaftConf(361)) - d1f69eb4-ccd6-48e7-a921-1bf219b44eb4:group-1404994E5562 set configuration 0: [d1f69eb4-ccd6-48e7-a921-1bf219b44eb4:192.168.34.5:39023], old=null at 0
2019-09-19 08:59:00,428 [pool-212-thread-1] INFO  storage.RaftStorage (RaftStorage.java:format(72)) - Storage directory /workdir/hadoop-ozone/integration-test/target/test-dir/MiniOzoneClusterImpl-66e2a49b-37e1-46c5-a16c-3b22c3c736b2/datanode-5/data/ratis/b2215999-6cb6-4647-9681-75a2af7d578f has been successfully formatted.
2019-09-19 08:59:00,428 [pool-212-thread-1] INFO  ratis.ContainerStateMachine (ContainerStateMachine.java:loadSnapshot(226)) - group-75A2AF7D578F: The snapshot info is null. Setting the last applied indexto:(t:0, i:~)
2019-09-19 08:59:00,428 [Thread-835] INFO  impl.FollowerState (FollowerState.java:run(106)) - d1f69eb4-ccd6-48e7-a921-1bf219b44eb4:group-2086425C724E changes to CANDIDATE, lastRpcTime:1161, electionTimeout:1161ms
2019-09-19 08:59:00,429 [pool-212-thread-1] INFO  server.RaftServerConfigKeys (ConfUtils.java:logGet(43)) - raft.server.leader.election.timeout = 120s (custom)
2019-09-19 08:59:00,429 [Thread-835] INFO  impl.RoleInfo (RoleInfo.java:shutdownFollowerState(121)) - d1f69eb4-ccd6-48e7-a921-1bf219b44eb4: shutdown FollowerState
2019-09-19 08:59:00,429 [pool-212-thread-1] INFO  server.RaftServerConfigKeys (ConfUtils.java:logGet(43)) - raft.server.log.use.memory = false (default)
2019-09-19 08:59:00,429 [Thread-835] INFO  impl.RaftServerImpl (RaftServerImpl.java:setRole(171)) - d1f69eb4-ccd6-48e7-a921-1bf219b44eb4:group-2086425C724E changes role from FOLLOWER to CANDIDATE at term 0 for changeToCandidate
2019-09-19 08:59:00,429 [pool-212-thread-1] INFO  server.RaftServerConfigKeys (ConfUtils.java:logGet(43)) - raft.server.log.purge.gap = 1000000 (custom)
2019-09-19 08:59:00,429 [Thread-835] INFO  impl.RoleInfo (RoleInfo.java:updateAndGet(143)) - d1f69eb4-ccd6-48e7-a921-1bf219b44eb4: start LeaderElection
2019-09-19 08:59:00,429 [pool-212-thread-1] INFO  server.RaftServerConfigKeys (ConfUtils.java:logGet(43)) - raft.server.log.appender.buffer.byte-limit = 33554432 (custom)
2019-09-19 08:59:00,430 [pool-212-thread-1] INFO  server.RaftServerConfigKeys (ConfUtils.java:logGet(43)) - raft.server.log.segment.size.max = 1048576 (custom)
2019-09-19 08:59:00,430 [pool-212-thread-1] INFO  server.RaftServerConfigKeys (ConfUtils.java:logGet(43)) - raft.server.log.segment.cache.num.max = 2 (custom)
2019-09-19 08:59:00,430 [pool-212-thread-1] INFO  segmented.SegmentedRaftLogWorker (SegmentedRaftLogWorker.java:<init>(172)) - new f144bb97-f1f6-4c62-88ba-fe5b55391c49-SegmentedRaftLogWorker:Storage Directory /workdir/hadoop-ozone/integration-test/target/test-dir/MiniOzoneClusterImpl-66e2a49b-37e1-46c5-a16c-3b22c3c736b2/datanode-5/data/ratis/b2215999-6cb6-4647-9681-75a2af7d578f for RaftStorage:Storage Directory /workdir/hadoop-ozone/integration-test/target/test-dir/MiniOzoneClusterImpl-66e2a49b-37e1-46c5-a16c-3b22c3c736b2/datanode-5/data/ratis/b2215999-6cb6-4647-9681-75a2af7d578f
2019-09-19 08:59:00,430 [pool-212-thread-1] INFO  server.RaftServerConfigKeys (ConfUtils.java:logGet(43)) - raft.server.log.queue.byte-limit = 2147483647 (custom)
2019-09-19 08:59:00,430 [pool-212-thread-1] INFO  server.RaftServerConfigKeys (ConfUtils.java:logGet(43)) - raft.server.log.queue.element-limit = 1024 (custom)
2019-09-19 08:59:00,431 [pool-212-thread-1] INFO  server.RaftServerConfigKeys (ConfUtils.java:logGet(43)) - raft.server.log.segment.size.max = 1048576 (custom)
2019-09-19 08:59:00,431 [pool-212-thread-1] INFO  server.RaftServerConfigKeys (ConfUtils.java:logGet(43)) - raft.server.log.preallocated.size = 16384 (custom)
2019-09-19 08:59:00,431 [pool-212-thread-1] INFO  server.RaftServerConfigKeys (ConfUtils.java:logGet(43)) - raft.server.log.write.buffer.size = 33554432 (custom)
2019-09-19 08:59:00,431 [pool-212-thread-1] INFO  server.RaftServerConfigKeys (ConfUtils.java:logGet(43)) - raft.server.log.force.sync.num = 128 (default)
2019-09-19 08:59:00,431 [pool-212-thread-1] INFO  server.RaftServerConfigKeys (ConfUtils.java:logGet(43)) - raft.server.log.statemachine.data.sync = true (default)
2019-09-19 08:59:00,431 [pool-212-thread-1] INFO  server.RaftServerConfigKeys (ConfUtils.java:logGet(43)) - raft.server.log.statemachine.data.sync.timeout = 10s (default)
2019-09-19 08:59:00,432 [pool-212-thread-1] INFO  server.RaftServerConfigKeys (ConfUtils.java:logGet(43)) - raft.server.log.statemachine.data.sync.timeout.retry = -1 (default)
2019-09-19 08:59:00,432 [pool-212-thread-1] INFO  server.RaftServerConfigKeys (ConfUtils.java:logGet(43)) - raft.server.log.statemachine.data.caching.enabled = true (custom)
2019-09-19 08:59:00,432 [pool-212-thread-1] INFO  segmented.SegmentedRaftLogWorker (SegmentedRaftLogWorker.java:lambda$new$0(132)) - f144bb97-f1f6-4c62-88ba-fe5b55391c49-SegmentedRaftLogWorker:Storage Directory /workdir/hadoop-ozone/integration-test/target/test-dir/MiniOzoneClusterImpl-66e2a49b-37e1-46c5-a16c-3b22c3c736b2/datanode-5/data/ratis/b2215999-6cb6-4647-9681-75a2af7d578f: flushIndex: setUnconditionally 0 -> -1
2019-09-19 08:59:00,432 [pool-212-thread-1] INFO  server.RaftServerConfigKeys (ConfUtils.java:logGet(43)) - raft.server.snapshot.auto.trigger.enabled = true (custom)
2019-09-19 08:59:00,433 [pool-212-thread-1] INFO  server.RaftServerConfigKeys (ConfUtils.java:logGet(43)) - raft.server.snapshot.auto.trigger.threshold = 10000 (custom)
2019-09-19 08:59:00,433 [pool-212-thread-1] INFO  server.RaftServerConfigKeys (ConfUtils.java:logGet(43)) - raft.server.retrycache.expirytime = 600000ms (custom)
2019-09-19 08:59:00,433 [pool-212-thread-1] INFO  impl.RaftServerImpl (RaftServerImpl.java:start(180)) - f144bb97-f1f6-4c62-88ba-fe5b55391c49: start group-75A2AF7D578F
2019-09-19 08:59:00,433 [pool-212-thread-1] INFO  impl.RaftServerImpl (RaftServerImpl.java:setRole(171)) - f144bb97-f1f6-4c62-88ba-fe5b55391c49:group-75A2AF7D578F changes role from null to FOLLOWER at term 0 for startAsFollower
2019-09-19 08:59:00,433 [pool-212-thread-1] INFO  impl.RoleInfo (RoleInfo.java:updateAndGet(143)) - f144bb97-f1f6-4c62-88ba-fe5b55391c49: start FollowerState
2019-09-19 08:59:00,434 [pool-212-thread-1] INFO  util.JmxRegister (JmxRegister.java:tryRegister(44)) - Successfully registered JMX Bean with object name Ratis:service=RaftServer,group=group-75A2AF7D578F,id=f144bb97-f1f6-4c62-88ba-fe5b55391c49
2019-09-19 08:59:00,437 [RatisPipelineUtilsThread] INFO  pipeline.PipelineStateManager (PipelineStateManager.java:addPipeline(56)) - Created pipeline Pipeline[ Id: b2215999-6cb6-4647-9681-75a2af7d578f, Nodes: f144bb97-f1f6-4c62-88ba-fe5b55391c49{ip: 192.168.34.5, host: pr-hdds-1569-j4bt4-3030777008, networkLocation: /default-rack, certSerialId: null}, Type:RATIS, Factor:ONE, State:OPEN]
2019-09-19 08:59:00,437 [RatisPipelineUtilsThread] ERROR pipeline.PipelinePlacementPolicy (PipelinePlacementPolicy.java:meetCriteria(91)) - Pipeline Placement: Doesn't meet the criteria to be viable node. Heaviness: 6
2019-09-19 08:59:00,437 [RatisPipelineUtilsThread] ERROR pipeline.PipelinePlacementPolicy (PipelinePlacementPolicy.java:meetCriteria(91)) - Pipeline Placement: Doesn't meet the criteria to be viable node. Heaviness: 6
2019-09-19 08:59:00,437 [RatisPipelineUtilsThread] ERROR pipeline.PipelinePlacementPolicy (PipelinePlacementPolicy.java:meetCriteria(91)) - Pipeline Placement: Doesn't meet the criteria to be viable node. Heaviness: 6
2019-09-19 08:59:00,438 [RatisPipelineUtilsThread] ERROR pipeline.PipelinePlacementPolicy (PipelinePlacementPolicy.java:meetCriteria(91)) - Pipeline Placement: Doesn't meet the criteria to be viable node. Heaviness: 6
2019-09-19 08:59:00,438 [RatisPipelineUtilsThread] ERROR pipeline.PipelinePlacementPolicy (PipelinePlacementPolicy.java:meetCriteria(91)) - Pipeline Placement: Doesn't meet the criteria to be viable node. Heaviness: 6
2019-09-19 08:59:00,443 [grpc-default-executor-0] INFO  impl.RaftServerProxy (RaftServerProxy.java:addNew(89)) - f144bb97-f1f6-4c62-88ba-fe5b55391c49: addNew group-4A560CDB88E7:[f144bb97-f1f6-4c62-88ba-fe5b55391c49:192.168.34.5:35246] returns group-4A560CDB88E7:java.util.concurrent.CompletableFuture@19b7c0dc[Not completed]
2019-09-19 08:59:00,445 [pool-212-thread-1] INFO  impl.RaftServerImpl (RaftServerImpl.java:<init>(93)) - f144bb97-f1f6-4c62-88ba-fe5b55391c49: new RaftServerImpl for group-4A560CDB88E7:[f144bb97-f1f6-4c62-88ba-fe5b55391c49:192.168.34.5:35246] with ContainerStateMachine:uninitialized
2019-09-19 08:59:00,445 [pool-212-thread-1] INFO  server.RaftServerConfigKeys (ConfUtils.java:logGet(43)) - raft.server.rpc.timeout.min = 1s (custom)
2019-09-19 08:59:00,445 [pool-212-thread-1] INFO  server.RaftServerConfigKeys (ConfUtils.java:logGet(43)) - raft.server.rpc.timeout.max = 1200ms (custom)
2019-09-19 08:59:00,445 [pool-212-thread-1] INFO  server.RaftServerConfigKeys (ConfUtils.java:logGet(43)) - raft.server.rpcslowness.timeout = 120s (custom)
2019-09-19 08:59:00,445 [pool-212-thread-1] INFO  server.RaftServerConfigKeys (ConfUtils.java:logGet(43)) - raft.server.sleep.deviation.threshold = 300 (default)
2019-09-19 08:59:00,445 [pool-212-thread-1] INFO  server.RaftServerConfigKeys (ConfUtils.java:logGet(43)) - raft.server.log.appender.install.snapshot.enabled = false (custom)
2019-09-19 08:59:00,445 [pool-212-thread-1] INFO  impl.RaftServerImpl (ServerState.java:<init>(105)) - f144bb97-f1f6-4c62-88ba-fe5b55391c49:group-4A560CDB88E7 ConfigurationManager, init=-1: [f144bb97-f1f6-4c62-88ba-fe5b55391c49:192.168.34.5:35246], old=null, confs=<EMPTY_MAP>
2019-09-19 08:59:00,446 [pool-212-thread-1] INFO  server.RaftServerConfigKeys (ConfUtils.java:logGet(43)) - raft.server.storage.dir = [/workdir/hadoop-ozone/integration-test/target/test-dir/MiniOzoneClusterImpl-66e2a49b-37e1-46c5-a16c-3b22c3c736b2/datanode-5/data/ratis] (custom)
2019-09-19 08:59:00,446 [pool-212-thread-1] INFO  storage.RaftStorageDirectory (RaftStorageDirectory.java:analyzeStorage(246)) - The storage directory /workdir/hadoop-ozone/integration-test/target/test-dir/MiniOzoneClusterImpl-66e2a49b-37e1-46c5-a16c-3b22c3c736b2/datanode-5/data/ratis/eb6a5696-d2fa-4b9c-82b0-4a560cdb88e7 does not exist. Creating ...
2019-09-19 08:59:00,453 [Thread-838] INFO  impl.FollowerState (FollowerState.java:run(106)) - d1f69eb4-ccd6-48e7-a921-1bf219b44eb4:group-B02F7715891A changes to CANDIDATE, lastRpcTime:1141, electionTimeout:1141ms
2019-09-19 08:59:00,453 [Thread-838] INFO  impl.RoleInfo (RoleInfo.java:shutdownFollowerState(121)) - d1f69eb4-ccd6-48e7-a921-1bf219b44eb4: shutdown FollowerState
2019-09-19 08:59:00,454 [Thread-838] INFO  impl.RaftServerImpl (RaftServerImpl.java:setRole(171)) - d1f69eb4-ccd6-48e7-a921-1bf219b44eb4:group-B02F7715891A changes role from FOLLOWER to CANDIDATE at term 0 for changeToCandidate
2019-09-19 08:59:00,454 [Thread-838] INFO  impl.RoleInfo (RoleInfo.java:updateAndGet(143)) - d1f69eb4-ccd6-48e7-a921-1bf219b44eb4: start LeaderElection
2019-09-19 08:59:00,455 [d1f69eb4-ccd6-48e7-a921-1bf219b44eb4-SegmentedRaftLogWorker:Storage Directory /workdir/hadoop-ozone/integration-test/target/test-dir/MiniOzoneClusterImpl-66e2a49b-37e1-46c5-a16c-3b22c3c736b2/datanode-1/data/ratis/e36ea92e-387e-4744-a282-1404994e5562] INFO  segmented.SegmentedRaftLogWorker (SegmentedRaftLogWorker.java:execute(569)) - d1f69eb4-ccd6-48e7-a921-1bf219b44eb4-SegmentedRaftLogWorker:Storage Directory /workdir/hadoop-ozone/integration-test/target/test-dir/MiniOzoneClusterImpl-66e2a49b-37e1-46c5-a16c-3b22c3c736b2/datanode-1/data/ratis/e36ea92e-387e-4744-a282-1404994e5562: created new log segment /workdir/hadoop-ozone/integration-test/target/test-dir/MiniOzoneClusterImpl-66e2a49b-37e1-46c5-a16c-3b22c3c736b2/datanode-1/data/ratis/e36ea92e-387e-4744-a282-1404994e5562/current/log_inprogress_0
2019-09-19 08:59:00,455 [d1f69eb4-ccd6-48e7-a921-1bf219b44eb4:group-2086425C724E:LeaderElection71] INFO  impl.LeaderElection (LeaderElection.java:askForVotes(181)) - d1f69eb4-ccd6-48e7-a921-1bf219b44eb4:group-2086425C724E:LeaderElection71: begin an election at term 1 for -1: [d1f69eb4-ccd6-48e7-a921-1bf219b44eb4:192.168.34.5:39023], old=null
2019-09-19 08:59:00,455 [d1f69eb4-ccd6-48e7-a921-1bf219b44eb4:group-2086425C724E:LeaderElection71] INFO  impl.RoleInfo (RoleInfo.java:shutdownLeaderElection(134)) - d1f69eb4-ccd6-48e7-a921-1bf219b44eb4: shutdown LeaderElection
2019-09-19 08:59:00,455 [d1f69eb4-ccd6-48e7-a921-1bf219b44eb4:group-2086425C724E:LeaderElection71] INFO  impl.RaftServerImpl (RaftServerImpl.java:setRole(171)) - d1f69eb4-ccd6-48e7-a921-1bf219b44eb4:group-2086425C724E changes role from CANDIDATE to LEADER at term 1 for changeToLeader
2019-09-19 08:59:00,456 [d1f69eb4-ccd6-48e7-a921-1bf219b44eb4:group-2086425C724E:LeaderElection71] INFO  impl.RaftServerImpl (ServerState.java:setLeader(263)) - d1f69eb4-ccd6-48e7-a921-1bf219b44eb4:group-2086425C724E change Leader from null to d1f69eb4-ccd6-48e7-a921-1bf219b44eb4 at term 1 for becomeLeader, leader elected after 1191ms
2019-09-19 08:59:00,456 [d1f69eb4-ccd6-48e7-a921-1bf219b44eb4:group-2086425C724E:LeaderElection71] INFO  server.RaftServerConfigKeys (ConfUtils.java:logGet(43)) - raft.server.staging.catchup.gap = 1000 (default)
2019-09-19 08:59:00,456 [d1f69eb4-ccd6-48e7-a921-1bf219b44eb4:group-2086425C724E:LeaderElection71] INFO  server.RaftServerConfigKeys (ConfUtils.java:logGet(43)) - raft.server.rpc.sleep.time = 25ms (default)
2019-09-19 08:59:00,456 [d1f69eb4-ccd6-48e7-a921-1bf219b44eb4:group-2086425C724E:LeaderElection71] INFO  server.RaftServerConfigKeys (ConfUtils.java:logGet(43)) - raft.server.write.element-limit = 4096 (default)
2019-09-19 08:59:00,457 [d1f69eb4-ccd6-48e7-a921-1bf219b44eb4:group-2086425C724E:LeaderElection71] INFO  server.RaftServerConfigKeys (ConfUtils.java:logGet(43)) - raft.server.watch.timeout = 10s (default)
2019-09-19 08:59:00,457 [d1f69eb4-ccd6-48e7-a921-1bf219b44eb4:group-2086425C724E:LeaderElection71] INFO  server.RaftServerConfigKeys (ConfUtils.java:logGet(43)) - raft.server.watch.timeout.denomination = 1s (default)
2019-09-19 08:59:00,457 [d1f69eb4-ccd6-48e7-a921-1bf219b44eb4:group-2086425C724E:LeaderElection71] INFO  server.RaftServerConfigKeys (ConfUtils.java:logGet(43)) - raft.server.watch.element-limit = 65536 (default)
2019-09-19 08:59:00,457 [d1f69eb4-ccd6-48e7-a921-1bf219b44eb4:group-2086425C724E:LeaderElection71] INFO  impl.RoleInfo (RoleInfo.java:updateAndGet(143)) - d1f69eb4-ccd6-48e7-a921-1bf219b44eb4: start LeaderState
2019-09-19 08:59:00,458 [d1f69eb4-ccd6-48e7-a921-1bf219b44eb4:group-2086425C724E:LeaderElection71] INFO  segmented.SegmentedRaftLogWorker (SegmentedRaftLogWorker.java:startLogSegment(380)) - d1f69eb4-ccd6-48e7-a921-1bf219b44eb4-SegmentedRaftLogWorker:Storage Directory /workdir/hadoop-ozone/integration-test/target/test-dir/MiniOzoneClusterImpl-66e2a49b-37e1-46c5-a16c-3b22c3c736b2/datanode-1/data/ratis/a68fc7b0-7cdd-4f1e-89b8-2086425c724e: Starting segment from index:0
2019-09-19 08:59:00,458 [pool-212-thread-1] INFO  storage.RaftStorageDirectory (RaftStorageDirectory.java:tryLock(328)) - Lock on /workdir/hadoop-ozone/integration-test/target/test-dir/MiniOzoneClusterImpl-66e2a49b-37e1-46c5-a16c-3b22c3c736b2/datanode-5/data/ratis/eb6a5696-d2fa-4b9c-82b0-4a560cdb88e7/in_use.lock acquired by nodename 8013@pr-hdds-1569-j4bt4-3030777008
2019-09-19 08:59:00,458 [d1f69eb4-ccd6-48e7-a921-1bf219b44eb4:group-2086425C724E:LeaderElection71] INFO  impl.RaftServerImpl (ServerState.java:setRaftConf(361)) - d1f69eb4-ccd6-48e7-a921-1bf219b44eb4:group-2086425C724E set configuration 0: [d1f69eb4-ccd6-48e7-a921-1bf219b44eb4:192.168.34.5:39023], old=null at 0
2019-09-19 08:59:00,458 [d1f69eb4-ccd6-48e7-a921-1bf219b44eb4:group-B02F7715891A:LeaderElection72] INFO  impl.LeaderElection (LeaderElection.java:askForVotes(181)) - d1f69eb4-ccd6-48e7-a921-1bf219b44eb4:group-B02F7715891A:LeaderElection72: begin an election at term 1 for -1: [d1f69eb4-ccd6-48e7-a921-1bf219b44eb4:192.168.34.5:39023], old=null
2019-09-19 08:59:00,459 [d1f69eb4-ccd6-48e7-a921-1bf219b44eb4:group-B02F7715891A:LeaderElection72] INFO  impl.RoleInfo (RoleInfo.java:shutdownLeaderElection(134)) - d1f69eb4-ccd6-48e7-a921-1bf219b44eb4: shutdown LeaderElection
2019-09-19 08:59:00,459 [d1f69eb4-ccd6-48e7-a921-1bf219b44eb4:group-B02F7715891A:LeaderElection72] INFO  impl.RaftServerImpl (RaftServerImpl.java:setRole(171)) - d1f69eb4-ccd6-48e7-a921-1bf219b44eb4:group-B02F7715891A changes role from CANDIDATE to LEADER at term 1 for changeToLeader
2019-09-19 08:59:00,459 [d1f69eb4-ccd6-48e7-a921-1bf219b44eb4:group-B02F7715891A:LeaderElection72] INFO  impl.RaftServerImpl (ServerState.java:setLeader(263)) - d1f69eb4-ccd6-48e7-a921-1bf219b44eb4:group-B02F7715891A change Leader from null to d1f69eb4-ccd6-48e7-a921-1bf219b44eb4 at term 1 for becomeLeader, leader elected after 1151ms
2019-09-19 08:59:00,459 [d1f69eb4-ccd6-48e7-a921-1bf219b44eb4:group-B02F7715891A:LeaderElection72] INFO  server.RaftServerConfigKeys (ConfUtils.java:logGet(43)) - raft.server.staging.catchup.gap = 1000 (default)
2019-09-19 08:59:00,459 [d1f69eb4-ccd6-48e7-a921-1bf219b44eb4:group-B02F7715891A:LeaderElection72] INFO  server.RaftServerConfigKeys (ConfUtils.java:logGet(43)) - raft.server.rpc.sleep.time = 25ms (default)
2019-09-19 08:59:00,459 [d1f69eb4-ccd6-48e7-a921-1bf219b44eb4:group-B02F7715891A:LeaderElection72] INFO  server.RaftServerConfigKeys (ConfUtils.java:logGet(43)) - raft.server.write.element-limit = 4096 (default)
2019-09-19 08:59:00,460 [d1f69eb4-ccd6-48e7-a921-1bf219b44eb4:group-B02F7715891A:LeaderElection72] INFO  server.RaftServerConfigKeys (ConfUtils.java:logGet(43)) - raft.server.watch.timeout = 10s (default)
2019-09-19 08:59:00,460 [d1f69eb4-ccd6-48e7-a921-1bf219b44eb4:group-B02F7715891A:LeaderElection72] INFO  server.RaftServerConfigKeys (ConfUtils.java:logGet(43)) - raft.server.watch.timeout.denomination = 1s (default)
2019-09-19 08:59:00,460 [d1f69eb4-ccd6-48e7-a921-1bf219b44eb4:group-B02F7715891A:LeaderElection72] INFO  server.RaftServerConfigKeys (ConfUtils.java:logGet(43)) - raft.server.watch.element-limit = 65536 (default)
2019-09-19 08:59:00,460 [d1f69eb4-ccd6-48e7-a921-1bf219b44eb4:group-B02F7715891A:LeaderElection72] INFO  impl.RoleInfo (RoleInfo.java:updateAndGet(143)) - d1f69eb4-ccd6-48e7-a921-1bf219b44eb4: start LeaderState
2019-09-19 08:59:00,460 [d1f69eb4-ccd6-48e7-a921-1bf219b44eb4:group-B02F7715891A:LeaderElection72] INFO  segmented.SegmentedRaftLogWorker (SegmentedRaftLogWorker.java:startLogSegment(380)) - d1f69eb4-ccd6-48e7-a921-1bf219b44eb4-SegmentedRaftLogWorker:Storage Directory /workdir/hadoop-ozone/integration-test/target/test-dir/MiniOzoneClusterImpl-66e2a49b-37e1-46c5-a16c-3b22c3c736b2/datanode-1/data/ratis/18a04f56-6495-4205-934f-b02f7715891a: Starting segment from index:0
2019-09-19 08:59:00,461 [d1f69eb4-ccd6-48e7-a921-1bf219b44eb4:group-B02F7715891A:LeaderElection72] INFO  impl.RaftServerImpl (ServerState.java:setRaftConf(361)) - d1f69eb4-ccd6-48e7-a921-1bf219b44eb4:group-B02F7715891A set configuration 0: [d1f69eb4-ccd6-48e7-a921-1bf219b44eb4:192.168.34.5:39023], old=null at 0
2019-09-19 08:59:00,472 [pool-212-thread-1] INFO  storage.RaftStorage (RaftStorage.java:format(72)) - Storage directory /workdir/hadoop-ozone/integration-test/target/test-dir/MiniOzoneClusterImpl-66e2a49b-37e1-46c5-a16c-3b22c3c736b2/datanode-5/data/ratis/eb6a5696-d2fa-4b9c-82b0-4a560cdb88e7 has been successfully formatted.
2019-09-19 08:59:00,473 [pool-212-thread-1] INFO  ratis.ContainerStateMachine (ContainerStateMachine.java:loadSnapshot(226)) - group-4A560CDB88E7: The snapshot info is null. Setting the last applied indexto:(t:0, i:~)
2019-09-19 08:59:00,473 [pool-212-thread-1] INFO  server.RaftServerConfigKeys (ConfUtils.java:logGet(43)) - raft.server.leader.election.timeout = 120s (custom)
2019-09-19 08:59:00,473 [pool-212-thread-1] INFO  server.RaftServerConfigKeys (ConfUtils.java:logGet(43)) - raft.server.log.use.memory = false (default)
2019-09-19 08:59:00,473 [pool-212-thread-1] INFO  server.RaftServerConfigKeys (ConfUtils.java:logGet(43)) - raft.server.log.purge.gap = 1000000 (custom)
2019-09-19 08:59:00,473 [pool-212-thread-1] INFO  server.RaftServerConfigKeys (ConfUtils.java:logGet(43)) - raft.server.log.appender.buffer.byte-limit = 33554432 (custom)
2019-09-19 08:59:00,474 [pool-212-thread-1] INFO  server.RaftServerConfigKeys (ConfUtils.java:logGet(43)) - raft.server.log.segment.size.max = 1048576 (custom)
2019-09-19 08:59:00,474 [pool-212-thread-1] INFO  server.RaftServerConfigKeys (ConfUtils.java:logGet(43)) - raft.server.log.segment.cache.num.max = 2 (custom)
2019-09-19 08:59:00,474 [pool-212-thread-1] INFO  segmented.SegmentedRaftLogWorker (SegmentedRaftLogWorker.java:<init>(172)) - new f144bb97-f1f6-4c62-88ba-fe5b55391c49-SegmentedRaftLogWorker:Storage Directory /workdir/hadoop-ozone/integration-test/target/test-dir/MiniOzoneClusterImpl-66e2a49b-37e1-46c5-a16c-3b22c3c736b2/datanode-5/data/ratis/eb6a5696-d2fa-4b9c-82b0-4a560cdb88e7 for RaftStorage:Storage Directory /workdir/hadoop-ozone/integration-test/target/test-dir/MiniOzoneClusterImpl-66e2a49b-37e1-46c5-a16c-3b22c3c736b2/datanode-5/data/ratis/eb6a5696-d2fa-4b9c-82b0-4a560cdb88e7
2019-09-19 08:59:00,474 [pool-212-thread-1] INFO  server.RaftServerConfigKeys (ConfUtils.java:logGet(43)) - raft.server.log.queue.byte-limit = 2147483647 (custom)
2019-09-19 08:59:00,474 [pool-212-thread-1] INFO  server.RaftServerConfigKeys (ConfUtils.java:logGet(43)) - raft.server.log.queue.element-limit = 1024 (custom)
2019-09-19 08:59:00,474 [pool-212-thread-1] INFO  server.RaftServerConfigKeys (ConfUtils.java:logGet(43)) - raft.server.log.segment.size.max = 1048576 (custom)
2019-09-19 08:59:00,474 [pool-212-thread-1] INFO  server.RaftServerConfigKeys (ConfUtils.java:logGet(43)) - raft.server.log.preallocated.size = 16384 (custom)
2019-09-19 08:59:00,475 [pool-212-thread-1] INFO  server.RaftServerConfigKeys (ConfUtils.java:logGet(43)) - raft.server.log.write.buffer.size = 33554432 (custom)
2019-09-19 08:59:00,475 [pool-212-thread-1] INFO  server.RaftServerConfigKeys (ConfUtils.java:logGet(43)) - raft.server.log.force.sync.num = 128 (default)
2019-09-19 08:59:00,475 [pool-212-thread-1] INFO  server.RaftServerConfigKeys (ConfUtils.java:logGet(43)) - raft.server.log.statemachine.data.sync = true (default)
2019-09-19 08:59:00,475 [pool-212-thread-1] INFO  server.RaftServerConfigKeys (ConfUtils.java:logGet(43)) - raft.server.log.statemachine.data.sync.timeout = 10s (default)
2019-09-19 08:59:00,475 [pool-212-thread-1] INFO  server.RaftServerConfigKeys (ConfUtils.java:logGet(43)) - raft.server.log.statemachine.data.sync.timeout.retry = -1 (default)
2019-09-19 08:59:00,475 [pool-212-thread-1] INFO  server.RaftServerConfigKeys (ConfUtils.java:logGet(43)) - raft.server.log.statemachine.data.caching.enabled = true (custom)
2019-09-19 08:59:00,476 [pool-212-thread-1] INFO  segmented.SegmentedRaftLogWorker (SegmentedRaftLogWorker.java:lambda$new$0(132)) - f144bb97-f1f6-4c62-88ba-fe5b55391c49-SegmentedRaftLogWorker:Storage Directory /workdir/hadoop-ozone/integration-test/target/test-dir/MiniOzoneClusterImpl-66e2a49b-37e1-46c5-a16c-3b22c3c736b2/datanode-5/data/ratis/eb6a5696-d2fa-4b9c-82b0-4a560cdb88e7: flushIndex: setUnconditionally 0 -> -1
2019-09-19 08:59:00,476 [pool-212-thread-1] INFO  server.RaftServerConfigKeys (ConfUtils.java:logGet(43)) - raft.server.snapshot.auto.trigger.enabled = true (custom)
2019-09-19 08:59:00,476 [pool-212-thread-1] INFO  server.RaftServerConfigKeys (ConfUtils.java:logGet(43)) - raft.server.snapshot.auto.trigger.threshold = 10000 (custom)
2019-09-19 08:59:00,476 [pool-212-thread-1] INFO  server.RaftServerConfigKeys (ConfUtils.java:logGet(43)) - raft.server.retrycache.expirytime = 600000ms (custom)
2019-09-19 08:59:00,477 [pool-212-thread-1] INFO  impl.RaftServerImpl (RaftServerImpl.java:start(180)) - f144bb97-f1f6-4c62-88ba-fe5b55391c49: start group-4A560CDB88E7
2019-09-19 08:59:00,477 [pool-212-thread-1] INFO  impl.RaftServerImpl (RaftServerImpl.java:setRole(171)) - f144bb97-f1f6-4c62-88ba-fe5b55391c49:group-4A560CDB88E7 changes role from null to FOLLOWER at term 0 for startAsFollower
2019-09-19 08:59:00,477 [pool-212-thread-1] INFO  impl.RoleInfo (RoleInfo.java:updateAndGet(143)) - f144bb97-f1f6-4c62-88ba-fe5b55391c49: start FollowerState
2019-09-19 08:59:00,477 [pool-212-thread-1] INFO  util.JmxRegister (JmxRegister.java:tryRegister(44)) - Successfully registered JMX Bean with object name Ratis:service=RaftServer,group=group-4A560CDB88E7,id=f144bb97-f1f6-4c62-88ba-fe5b55391c49
2019-09-19 08:59:00,480 [RatisPipelineUtilsThread] INFO  pipeline.PipelineStateManager (PipelineStateManager.java:addPipeline(56)) - Created pipeline Pipeline[ Id: eb6a5696-d2fa-4b9c-82b0-4a560cdb88e7, Nodes: f144bb97-f1f6-4c62-88ba-fe5b55391c49{ip: 192.168.34.5, host: pr-hdds-1569-j4bt4-3030777008, networkLocation: /default-rack, certSerialId: null}, Type:RATIS, Factor:ONE, State:OPEN]
2019-09-19 08:59:00,480 [RatisPipelineUtilsThread] ERROR pipeline.PipelinePlacementPolicy (PipelinePlacementPolicy.java:meetCriteria(91)) - Pipeline Placement: Doesn't meet the criteria to be viable node. Heaviness: 6
2019-09-19 08:59:00,480 [RatisPipelineUtilsThread] ERROR pipeline.PipelinePlacementPolicy (PipelinePlacementPolicy.java:meetCriteria(91)) - Pipeline Placement: Doesn't meet the criteria to be viable node. Heaviness: 6
2019-09-19 08:59:00,480 [RatisPipelineUtilsThread] ERROR pipeline.PipelinePlacementPolicy (PipelinePlacementPolicy.java:meetCriteria(91)) - Pipeline Placement: Doesn't meet the criteria to be viable node. Heaviness: 6
2019-09-19 08:59:00,480 [RatisPipelineUtilsThread] ERROR pipeline.PipelinePlacementPolicy (PipelinePlacementPolicy.java:meetCriteria(91)) - Pipeline Placement: Doesn't meet the criteria to be viable node. Heaviness: 6
2019-09-19 08:59:00,480 [RatisPipelineUtilsThread] ERROR pipeline.PipelinePlacementPolicy (PipelinePlacementPolicy.java:meetCriteria(91)) - Pipeline Placement: Doesn't meet the criteria to be viable node. Heaviness: 6
2019-09-19 08:59:00,485 [grpc-default-executor-0] INFO  impl.RaftServerProxy (RaftServerProxy.java:addNew(89)) - f144bb97-f1f6-4c62-88ba-fe5b55391c49: addNew group-972D0787996E:[f144bb97-f1f6-4c62-88ba-fe5b55391c49:192.168.34.5:35246] returns group-972D0787996E:java.util.concurrent.CompletableFuture@64a55ed7[Not completed]
2019-09-19 08:59:00,486 [pool-212-thread-1] INFO  impl.RaftServerImpl (RaftServerImpl.java:<init>(93)) - f144bb97-f1f6-4c62-88ba-fe5b55391c49: new RaftServerImpl for group-972D0787996E:[f144bb97-f1f6-4c62-88ba-fe5b55391c49:192.168.34.5:35246] with ContainerStateMachine:uninitialized
2019-09-19 08:59:00,487 [pool-212-thread-1] INFO  server.RaftServerConfigKeys (ConfUtils.java:logGet(43)) - raft.server.rpc.timeout.min = 1s (custom)
2019-09-19 08:59:00,487 [pool-212-thread-1] INFO  server.RaftServerConfigKeys (ConfUtils.java:logGet(43)) - raft.server.rpc.timeout.max = 1200ms (custom)
2019-09-19 08:59:00,487 [pool-212-thread-1] INFO  server.RaftServerConfigKeys (ConfUtils.java:logGet(43)) - raft.server.rpcslowness.timeout = 120s (custom)
2019-09-19 08:59:00,487 [pool-212-thread-1] INFO  server.RaftServerConfigKeys (ConfUtils.java:logGet(43)) - raft.server.sleep.deviation.threshold = 300 (default)
2019-09-19 08:59:00,487 [pool-212-thread-1] INFO  server.RaftServerConfigKeys (ConfUtils.java:logGet(43)) - raft.server.log.appender.install.snapshot.enabled = false (custom)
2019-09-19 08:59:00,487 [pool-212-thread-1] INFO  impl.RaftServerImpl (ServerState.java:<init>(105)) - f144bb97-f1f6-4c62-88ba-fe5b55391c49:group-972D0787996E ConfigurationManager, init=-1: [f144bb97-f1f6-4c62-88ba-fe5b55391c49:192.168.34.5:35246], old=null, confs=<EMPTY_MAP>
2019-09-19 08:59:00,488 [pool-212-thread-1] INFO  server.RaftServerConfigKeys (ConfUtils.java:logGet(43)) - raft.server.storage.dir = [/workdir/hadoop-ozone/integration-test/target/test-dir/MiniOzoneClusterImpl-66e2a49b-37e1-46c5-a16c-3b22c3c736b2/datanode-5/data/ratis] (custom)
2019-09-19 08:59:00,488 [pool-212-thread-1] INFO  storage.RaftStorageDirectory (RaftStorageDirectory.java:analyzeStorage(246)) - The storage directory /workdir/hadoop-ozone/integration-test/target/test-dir/MiniOzoneClusterImpl-66e2a49b-37e1-46c5-a16c-3b22c3c736b2/datanode-5/data/ratis/e97d0b28-fa49-476b-91cc-972d0787996e does not exist. Creating ...
2019-09-19 08:59:00,501 [pool-212-thread-1] INFO  storage.RaftStorageDirectory (RaftStorageDirectory.java:tryLock(328)) - Lock on /workdir/hadoop-ozone/integration-test/target/test-dir/MiniOzoneClusterImpl-66e2a49b-37e1-46c5-a16c-3b22c3c736b2/datanode-5/data/ratis/e97d0b28-fa49-476b-91cc-972d0787996e/in_use.lock acquired by nodename 8013@pr-hdds-1569-j4bt4-3030777008
2019-09-19 08:59:00,501 [d1f69eb4-ccd6-48e7-a921-1bf219b44eb4-SegmentedRaftLogWorker:Storage Directory /workdir/hadoop-ozone/integration-test/target/test-dir/MiniOzoneClusterImpl-66e2a49b-37e1-46c5-a16c-3b22c3c736b2/datanode-1/data/ratis/18a04f56-6495-4205-934f-b02f7715891a] INFO  segmented.SegmentedRaftLogWorker (SegmentedRaftLogWorker.java:execute(569)) - d1f69eb4-ccd6-48e7-a921-1bf219b44eb4-SegmentedRaftLogWorker:Storage Directory /workdir/hadoop-ozone/integration-test/target/test-dir/MiniOzoneClusterImpl-66e2a49b-37e1-46c5-a16c-3b22c3c736b2/datanode-1/data/ratis/18a04f56-6495-4205-934f-b02f7715891a: created new log segment /workdir/hadoop-ozone/integration-test/target/test-dir/MiniOzoneClusterImpl-66e2a49b-37e1-46c5-a16c-3b22c3c736b2/datanode-1/data/ratis/18a04f56-6495-4205-934f-b02f7715891a/current/log_inprogress_0
2019-09-19 08:59:00,501 [d1f69eb4-ccd6-48e7-a921-1bf219b44eb4-SegmentedRaftLogWorker:Storage Directory /workdir/hadoop-ozone/integration-test/target/test-dir/MiniOzoneClusterImpl-66e2a49b-37e1-46c5-a16c-3b22c3c736b2/datanode-1/data/ratis/a68fc7b0-7cdd-4f1e-89b8-2086425c724e] INFO  segmented.SegmentedRaftLogWorker (SegmentedRaftLogWorker.java:execute(569)) - d1f69eb4-ccd6-48e7-a921-1bf219b44eb4-SegmentedRaftLogWorker:Storage Directory /workdir/hadoop-ozone/integration-test/target/test-dir/MiniOzoneClusterImpl-66e2a49b-37e1-46c5-a16c-3b22c3c736b2/datanode-1/data/ratis/a68fc7b0-7cdd-4f1e-89b8-2086425c724e: created new log segment /workdir/hadoop-ozone/integration-test/target/test-dir/MiniOzoneClusterImpl-66e2a49b-37e1-46c5-a16c-3b22c3c736b2/datanode-1/data/ratis/a68fc7b0-7cdd-4f1e-89b8-2086425c724e/current/log_inprogress_0
2019-09-19 08:59:00,514 [Thread-847] INFO  impl.FollowerState (FollowerState.java:run(106)) - c3efbda9-57f4-4798-ad05-3f22f82ad386:group-0187507EE3B9 changes to CANDIDATE, lastRpcTime:1068, electionTimeout:1068ms
2019-09-19 08:59:00,514 [Thread-847] INFO  impl.RoleInfo (RoleInfo.java:shutdownFollowerState(121)) - c3efbda9-57f4-4798-ad05-3f22f82ad386: shutdown FollowerState
2019-09-19 08:59:00,514 [Thread-847] INFO  impl.RaftServerImpl (RaftServerImpl.java:setRole(171)) - c3efbda9-57f4-4798-ad05-3f22f82ad386:group-0187507EE3B9 changes role from FOLLOWER to CANDIDATE at term 0 for changeToCandidate
2019-09-19 08:59:00,514 [Thread-847] INFO  impl.RoleInfo (RoleInfo.java:updateAndGet(143)) - c3efbda9-57f4-4798-ad05-3f22f82ad386: start LeaderElection
2019-09-19 08:59:00,518 [Thread-853] INFO  impl.FollowerState (FollowerState.java:run(106)) - c3efbda9-57f4-4798-ad05-3f22f82ad386:group-0E6AD22F06D5 changes to CANDIDATE, lastRpcTime:1008, electionTimeout:1008ms
2019-09-19 08:59:00,518 [Thread-853] INFO  impl.RoleInfo (RoleInfo.java:shutdownFollowerState(121)) - c3efbda9-57f4-4798-ad05-3f22f82ad386: shutdown FollowerState
2019-09-19 08:59:00,518 [Thread-853] INFO  impl.RaftServerImpl (RaftServerImpl.java:setRole(171)) - c3efbda9-57f4-4798-ad05-3f22f82ad386:group-0E6AD22F06D5 changes role from FOLLOWER to CANDIDATE at term 0 for changeToCandidate
2019-09-19 08:59:00,518 [Thread-853] INFO  impl.RoleInfo (RoleInfo.java:updateAndGet(143)) - c3efbda9-57f4-4798-ad05-3f22f82ad386: start LeaderElection
2019-09-19 08:59:00,522 [Thread-841] INFO  impl.FollowerState (FollowerState.java:run(106)) - c3efbda9-57f4-4798-ad05-3f22f82ad386:group-22DAF81D2C80 changes to CANDIDATE, lastRpcTime:1153, electionTimeout:1153ms
2019-09-19 08:59:00,522 [Thread-841] INFO  impl.RoleInfo (RoleInfo.java:shutdownFollowerState(121)) - c3efbda9-57f4-4798-ad05-3f22f82ad386: shutdown FollowerState
2019-09-19 08:59:00,522 [Thread-841] INFO  impl.RaftServerImpl (RaftServerImpl.java:setRole(171)) - c3efbda9-57f4-4798-ad05-3f22f82ad386:group-22DAF81D2C80 changes role from FOLLOWER to CANDIDATE at term 0 for changeToCandidate
2019-09-19 08:59:00,522 [Thread-841] INFO  impl.RoleInfo (RoleInfo.java:updateAndGet(143)) - c3efbda9-57f4-4798-ad05-3f22f82ad386: start LeaderElection
2019-09-19 08:59:00,526 [pool-212-thread-1] INFO  storage.RaftStorage (RaftStorage.java:format(72)) - Storage directory /workdir/hadoop-ozone/integration-test/target/test-dir/MiniOzoneClusterImpl-66e2a49b-37e1-46c5-a16c-3b22c3c736b2/datanode-5/data/ratis/e97d0b28-fa49-476b-91cc-972d0787996e has been successfully formatted.
2019-09-19 08:59:00,526 [pool-212-thread-1] INFO  ratis.ContainerStateMachine (ContainerStateMachine.java:loadSnapshot(226)) - group-972D0787996E: The snapshot info is null. Setting the last applied indexto:(t:0, i:~)
2019-09-19 08:59:00,527 [pool-212-thread-1] INFO  server.RaftServerConfigKeys (ConfUtils.java:logGet(43)) - raft.server.leader.election.timeout = 120s (custom)
2019-09-19 08:59:00,527 [pool-212-thread-1] INFO  server.RaftServerConfigKeys (ConfUtils.java:logGet(43)) - raft.server.log.use.memory = false (default)
2019-09-19 08:59:00,527 [pool-212-thread-1] INFO  server.RaftServerConfigKeys (ConfUtils.java:logGet(43)) - raft.server.log.purge.gap = 1000000 (custom)
2019-09-19 08:59:00,527 [pool-212-thread-1] INFO  server.RaftServerConfigKeys (ConfUtils.java:logGet(43)) - raft.server.log.appender.buffer.byte-limit = 33554432 (custom)
2019-09-19 08:59:00,527 [pool-212-thread-1] INFO  server.RaftServerConfigKeys (ConfUtils.java:logGet(43)) - raft.server.log.segment.size.max = 1048576 (custom)
2019-09-19 08:59:00,527 [pool-212-thread-1] INFO  server.RaftServerConfigKeys (ConfUtils.java:logGet(43)) - raft.server.log.segment.cache.num.max = 2 (custom)
2019-09-19 08:59:00,527 [pool-212-thread-1] INFO  segmented.SegmentedRaftLogWorker (SegmentedRaftLogWorker.java:<init>(172)) - new f144bb97-f1f6-4c62-88ba-fe5b55391c49-SegmentedRaftLogWorker:Storage Directory /workdir/hadoop-ozone/integration-test/target/test-dir/MiniOzoneClusterImpl-66e2a49b-37e1-46c5-a16c-3b22c3c736b2/datanode-5/data/ratis/e97d0b28-fa49-476b-91cc-972d0787996e for RaftStorage:Storage Directory /workdir/hadoop-ozone/integration-test/target/test-dir/MiniOzoneClusterImpl-66e2a49b-37e1-46c5-a16c-3b22c3c736b2/datanode-5/data/ratis/e97d0b28-fa49-476b-91cc-972d0787996e
2019-09-19 08:59:00,527 [pool-212-thread-1] INFO  server.RaftServerConfigKeys (ConfUtils.java:logGet(43)) - raft.server.log.queue.byte-limit = 2147483647 (custom)
2019-09-19 08:59:00,528 [pool-212-thread-1] INFO  server.RaftServerConfigKeys (ConfUtils.java:logGet(43)) - raft.server.log.queue.element-limit = 1024 (custom)
2019-09-19 08:59:00,528 [pool-212-thread-1] INFO  server.RaftServerConfigKeys (ConfUtils.java:logGet(43)) - raft.server.log.segment.size.max = 1048576 (custom)
2019-09-19 08:59:00,528 [pool-212-thread-1] INFO  server.RaftServerConfigKeys (ConfUtils.java:logGet(43)) - raft.server.log.preallocated.size = 16384 (custom)
2019-09-19 08:59:00,528 [pool-212-thread-1] INFO  server.RaftServerConfigKeys (ConfUtils.java:logGet(43)) - raft.server.log.write.buffer.size = 33554432 (custom)
2019-09-19 08:59:00,528 [pool-212-thread-1] INFO  server.RaftServerConfigKeys (ConfUtils.java:logGet(43)) - raft.server.log.force.sync.num = 128 (default)
2019-09-19 08:59:00,528 [pool-212-thread-1] INFO  server.RaftServerConfigKeys (ConfUtils.java:logGet(43)) - raft.server.log.statemachine.data.sync = true (default)
2019-09-19 08:59:00,528 [pool-212-thread-1] INFO  server.RaftServerConfigKeys (ConfUtils.java:logGet(43)) - raft.server.log.statemachine.data.sync.timeout = 10s (default)
2019-09-19 08:59:00,528 [pool-212-thread-1] INFO  server.RaftServerConfigKeys (ConfUtils.java:logGet(43)) - raft.server.log.statemachine.data.sync.timeout.retry = -1 (default)
2019-09-19 08:59:00,529 [pool-212-thread-1] INFO  server.RaftServerConfigKeys (ConfUtils.java:logGet(43)) - raft.server.log.statemachine.data.caching.enabled = true (custom)
2019-09-19 08:59:00,529 [pool-212-thread-1] INFO  segmented.SegmentedRaftLogWorker (SegmentedRaftLogWorker.java:lambda$new$0(132)) - f144bb97-f1f6-4c62-88ba-fe5b55391c49-SegmentedRaftLogWorker:Storage Directory /workdir/hadoop-ozone/integration-test/target/test-dir/MiniOzoneClusterImpl-66e2a49b-37e1-46c5-a16c-3b22c3c736b2/datanode-5/data/ratis/e97d0b28-fa49-476b-91cc-972d0787996e: flushIndex: setUnconditionally 0 -> -1
2019-09-19 08:59:00,529 [pool-212-thread-1] INFO  server.RaftServerConfigKeys (ConfUtils.java:logGet(43)) - raft.server.snapshot.auto.trigger.enabled = true (custom)
2019-09-19 08:59:00,529 [c3efbda9-57f4-4798-ad05-3f22f82ad386:group-0E6AD22F06D5:LeaderElection74] INFO  impl.LeaderElection (LeaderElection.java:askForVotes(181)) - c3efbda9-57f4-4798-ad05-3f22f82ad386:group-0E6AD22F06D5:LeaderElection74: begin an election at term 1 for -1: [c3efbda9-57f4-4798-ad05-3f22f82ad386:192.168.34.5:38495], old=null
2019-09-19 08:59:00,529 [c3efbda9-57f4-4798-ad05-3f22f82ad386:group-22DAF81D2C80:LeaderElection75] INFO  impl.LeaderElection (LeaderElection.java:askForVotes(181)) - c3efbda9-57f4-4798-ad05-3f22f82ad386:group-22DAF81D2C80:LeaderElection75: begin an election at term 1 for -1: [c3efbda9-57f4-4798-ad05-3f22f82ad386:192.168.34.5:38495], old=null
2019-09-19 08:59:00,529 [c3efbda9-57f4-4798-ad05-3f22f82ad386:group-0E6AD22F06D5:LeaderElection74] INFO  impl.RoleInfo (RoleInfo.java:shutdownLeaderElection(134)) - c3efbda9-57f4-4798-ad05-3f22f82ad386: shutdown LeaderElection
2019-09-19 08:59:00,529 [c3efbda9-57f4-4798-ad05-3f22f82ad386:group-0187507EE3B9:LeaderElection73] INFO  impl.LeaderElection (LeaderElection.java:askForVotes(181)) - c3efbda9-57f4-4798-ad05-3f22f82ad386:group-0187507EE3B9:LeaderElection73: begin an election at term 1 for -1: [c3efbda9-57f4-4798-ad05-3f22f82ad386:192.168.34.5:38495], old=null
2019-09-19 08:59:00,529 [pool-212-thread-1] INFO  server.RaftServerConfigKeys (ConfUtils.java:logGet(43)) - raft.server.snapshot.auto.trigger.threshold = 10000 (custom)
2019-09-19 08:59:00,530 [c3efbda9-57f4-4798-ad05-3f22f82ad386:group-0187507EE3B9:LeaderElection73] INFO  impl.RoleInfo (RoleInfo.java:shutdownLeaderElection(134)) - c3efbda9-57f4-4798-ad05-3f22f82ad386: shutdown LeaderElection
2019-09-19 08:59:00,530 [c3efbda9-57f4-4798-ad05-3f22f82ad386:group-0E6AD22F06D5:LeaderElection74] INFO  impl.RaftServerImpl (RaftServerImpl.java:setRole(171)) - c3efbda9-57f4-4798-ad05-3f22f82ad386:group-0E6AD22F06D5 changes role from CANDIDATE to LEADER at term 1 for changeToLeader
2019-09-19 08:59:00,530 [c3efbda9-57f4-4798-ad05-3f22f82ad386:group-22DAF81D2C80:LeaderElection75] INFO  impl.RoleInfo (RoleInfo.java:shutdownLeaderElection(134)) - c3efbda9-57f4-4798-ad05-3f22f82ad386: shutdown LeaderElection
2019-09-19 08:59:00,530 [c3efbda9-57f4-4798-ad05-3f22f82ad386:group-0E6AD22F06D5:LeaderElection74] INFO  impl.RaftServerImpl (ServerState.java:setLeader(263)) - c3efbda9-57f4-4798-ad05-3f22f82ad386:group-0E6AD22F06D5 change Leader from null to c3efbda9-57f4-4798-ad05-3f22f82ad386 at term 1 for becomeLeader, leader elected after 1023ms
2019-09-19 08:59:00,530 [c3efbda9-57f4-4798-ad05-3f22f82ad386:group-0187507EE3B9:LeaderElection73] INFO  impl.RaftServerImpl (RaftServerImpl.java:setRole(171)) - c3efbda9-57f4-4798-ad05-3f22f82ad386:group-0187507EE3B9 changes role from CANDIDATE to LEADER at term 1 for changeToLeader
2019-09-19 08:59:00,530 [c3efbda9-57f4-4798-ad05-3f22f82ad386:group-0187507EE3B9:LeaderElection73] INFO  impl.RaftServerImpl (ServerState.java:setLeader(263)) - c3efbda9-57f4-4798-ad05-3f22f82ad386:group-0187507EE3B9 change Leader from null to c3efbda9-57f4-4798-ad05-3f22f82ad386 at term 1 for becomeLeader, leader elected after 1087ms
2019-09-19 08:59:00,530 [pool-212-thread-1] INFO  server.RaftServerConfigKeys (ConfUtils.java:logGet(43)) - raft.server.retrycache.expirytime = 600000ms (custom)
2019-09-19 08:59:00,531 [c3efbda9-57f4-4798-ad05-3f22f82ad386:group-0187507EE3B9:LeaderElection73] INFO  server.RaftServerConfigKeys (ConfUtils.java:logGet(43)) - raft.server.staging.catchup.gap = 1000 (default)
2019-09-19 08:59:00,530 [c3efbda9-57f4-4798-ad05-3f22f82ad386:group-0E6AD22F06D5:LeaderElection74] INFO  server.RaftServerConfigKeys (ConfUtils.java:logGet(43)) - raft.server.staging.catchup.gap = 1000 (default)
2019-09-19 08:59:00,530 [c3efbda9-57f4-4798-ad05-3f22f82ad386:group-22DAF81D2C80:LeaderElection75] INFO  impl.RaftServerImpl (RaftServerImpl.java:setRole(171)) - c3efbda9-57f4-4798-ad05-3f22f82ad386:group-22DAF81D2C80 changes role from CANDIDATE to LEADER at term 1 for changeToLeader
2019-09-19 08:59:00,531 [c3efbda9-57f4-4798-ad05-3f22f82ad386:group-0E6AD22F06D5:LeaderElection74] INFO  server.RaftServerConfigKeys (ConfUtils.java:logGet(43)) - raft.server.rpc.sleep.time = 25ms (default)
2019-09-19 08:59:00,531 [c3efbda9-57f4-4798-ad05-3f22f82ad386:group-0187507EE3B9:LeaderElection73] INFO  server.RaftServerConfigKeys (ConfUtils.java:logGet(43)) - raft.server.rpc.sleep.time = 25ms (default)
2019-09-19 08:59:00,531 [pool-212-thread-1] INFO  impl.RaftServerImpl (RaftServerImpl.java:start(180)) - f144bb97-f1f6-4c62-88ba-fe5b55391c49: start group-972D0787996E
2019-09-19 08:59:00,531 [c3efbda9-57f4-4798-ad05-3f22f82ad386:group-0187507EE3B9:LeaderElection73] INFO  server.RaftServerConfigKeys (ConfUtils.java:logGet(43)) - raft.server.write.element-limit = 4096 (default)
2019-09-19 08:59:00,531 [c3efbda9-57f4-4798-ad05-3f22f82ad386:group-0E6AD22F06D5:LeaderElection74] INFO  server.RaftServerConfigKeys (ConfUtils.java:logGet(43)) - raft.server.write.element-limit = 4096 (default)
2019-09-19 08:59:00,531 [c3efbda9-57f4-4798-ad05-3f22f82ad386:group-22DAF81D2C80:LeaderElection75] INFO  impl.RaftServerImpl (ServerState.java:setLeader(263)) - c3efbda9-57f4-4798-ad05-3f22f82ad386:group-22DAF81D2C80 change Leader from null to c3efbda9-57f4-4798-ad05-3f22f82ad386 at term 1 for becomeLeader, leader elected after 1165ms
2019-09-19 08:59:00,532 [c3efbda9-57f4-4798-ad05-3f22f82ad386:group-0E6AD22F06D5:LeaderElection74] INFO  server.RaftServerConfigKeys (ConfUtils.java:logGet(43)) - raft.server.watch.timeout = 10s (default)
2019-09-19 08:59:00,531 [c3efbda9-57f4-4798-ad05-3f22f82ad386:group-0187507EE3B9:LeaderElection73] INFO  server.RaftServerConfigKeys (ConfUtils.java:logGet(43)) - raft.server.watch.timeout = 10s (default)
2019-09-19 08:59:00,531 [pool-212-thread-1] INFO  impl.RaftServerImpl (RaftServerImpl.java:setRole(171)) - f144bb97-f1f6-4c62-88ba-fe5b55391c49:group-972D0787996E changes role from null to FOLLOWER at term 0 for startAsFollower
2019-09-19 08:59:00,532 [c3efbda9-57f4-4798-ad05-3f22f82ad386:group-0187507EE3B9:LeaderElection73] INFO  server.RaftServerConfigKeys (ConfUtils.java:logGet(43)) - raft.server.watch.timeout.denomination = 1s (default)
2019-09-19 08:59:00,532 [c3efbda9-57f4-4798-ad05-3f22f82ad386:group-0E6AD22F06D5:LeaderElection74] INFO  server.RaftServerConfigKeys (ConfUtils.java:logGet(43)) - raft.server.watch.timeout.denomination = 1s (default)
2019-09-19 08:59:00,532 [c3efbda9-57f4-4798-ad05-3f22f82ad386:group-22DAF81D2C80:LeaderElection75] INFO  server.RaftServerConfigKeys (ConfUtils.java:logGet(43)) - raft.server.staging.catchup.gap = 1000 (default)
2019-09-19 08:59:00,532 [c3efbda9-57f4-4798-ad05-3f22f82ad386:group-0E6AD22F06D5:LeaderElection74] INFO  server.RaftServerConfigKeys (ConfUtils.java:logGet(43)) - raft.server.watch.element-limit = 65536 (default)
2019-09-19 08:59:00,532 [c3efbda9-57f4-4798-ad05-3f22f82ad386:group-0187507EE3B9:LeaderElection73] INFO  server.RaftServerConfigKeys (ConfUtils.java:logGet(43)) - raft.server.watch.element-limit = 65536 (default)
2019-09-19 08:59:00,532 [pool-212-thread-1] INFO  impl.RoleInfo (RoleInfo.java:updateAndGet(143)) - f144bb97-f1f6-4c62-88ba-fe5b55391c49: start FollowerState
2019-09-19 08:59:00,533 [c3efbda9-57f4-4798-ad05-3f22f82ad386:group-0187507EE3B9:LeaderElection73] INFO  impl.RoleInfo (RoleInfo.java:updateAndGet(143)) - c3efbda9-57f4-4798-ad05-3f22f82ad386: start LeaderState
2019-09-19 08:59:00,532 [c3efbda9-57f4-4798-ad05-3f22f82ad386:group-0E6AD22F06D5:LeaderElection74] INFO  impl.RoleInfo (RoleInfo.java:updateAndGet(143)) - c3efbda9-57f4-4798-ad05-3f22f82ad386: start LeaderState
2019-09-19 08:59:00,532 [c3efbda9-57f4-4798-ad05-3f22f82ad386:group-22DAF81D2C80:LeaderElection75] INFO  server.RaftServerConfigKeys (ConfUtils.java:logGet(43)) - raft.server.rpc.sleep.time = 25ms (default)
2019-09-19 08:59:00,533 [pool-212-thread-1] INFO  util.JmxRegister (JmxRegister.java:tryRegister(44)) - Successfully registered JMX Bean with object name Ratis:service=RaftServer,group=group-972D0787996E,id=f144bb97-f1f6-4c62-88ba-fe5b55391c49
2019-09-19 08:59:00,533 [c3efbda9-57f4-4798-ad05-3f22f82ad386:group-0187507EE3B9:LeaderElection73] INFO  segmented.SegmentedRaftLogWorker (SegmentedRaftLogWorker.java:startLogSegment(380)) - c3efbda9-57f4-4798-ad05-3f22f82ad386-SegmentedRaftLogWorker:Storage Directory /workdir/hadoop-ozone/integration-test/target/test-dir/MiniOzoneClusterImpl-66e2a49b-37e1-46c5-a16c-3b22c3c736b2/datanode-2/data/ratis/beb0882f-cc9d-4930-84ed-0187507ee3b9: Starting segment from index:0
2019-09-19 08:59:00,533 [c3efbda9-57f4-4798-ad05-3f22f82ad386:group-0E6AD22F06D5:LeaderElection74] INFO  segmented.SegmentedRaftLogWorker (SegmentedRaftLogWorker.java:startLogSegment(380)) - c3efbda9-57f4-4798-ad05-3f22f82ad386-SegmentedRaftLogWorker:Storage Directory /workdir/hadoop-ozone/integration-test/target/test-dir/MiniOzoneClusterImpl-66e2a49b-37e1-46c5-a16c-3b22c3c736b2/datanode-2/data/ratis/fd1f3665-aeb6-4e40-83fe-0e6ad22f06d5: Starting segment from index:0
2019-09-19 08:59:00,533 [c3efbda9-57f4-4798-ad05-3f22f82ad386:group-22DAF81D2C80:LeaderElection75] INFO  server.RaftServerConfigKeys (ConfUtils.java:logGet(43)) - raft.server.write.element-limit = 4096 (default)
2019-09-19 08:59:00,534 [c3efbda9-57f4-4798-ad05-3f22f82ad386:group-22DAF81D2C80:LeaderElection75] INFO  server.RaftServerConfigKeys (ConfUtils.java:logGet(43)) - raft.server.watch.timeout = 10s (default)
2019-09-19 08:59:00,534 [c3efbda9-57f4-4798-ad05-3f22f82ad386:group-0E6AD22F06D5:LeaderElection74] INFO  impl.RaftServerImpl (ServerState.java:setRaftConf(361)) - c3efbda9-57f4-4798-ad05-3f22f82ad386:group-0E6AD22F06D5 set configuration 0: [c3efbda9-57f4-4798-ad05-3f22f82ad386:192.168.34.5:38495], old=null at 0
2019-09-19 08:59:00,534 [c3efbda9-57f4-4798-ad05-3f22f82ad386:group-0187507EE3B9:LeaderElection73] INFO  impl.RaftServerImpl (ServerState.java:setRaftConf(361)) - c3efbda9-57f4-4798-ad05-3f22f82ad386:group-0187507EE3B9 set configuration 0: [c3efbda9-57f4-4798-ad05-3f22f82ad386:192.168.34.5:38495], old=null at 0
2019-09-19 08:59:00,534 [c3efbda9-57f4-4798-ad05-3f22f82ad386:group-22DAF81D2C80:LeaderElection75] INFO  server.RaftServerConfigKeys (ConfUtils.java:logGet(43)) - raft.server.watch.timeout.denomination = 1s (default)
2019-09-19 08:59:00,534 [c3efbda9-57f4-4798-ad05-3f22f82ad386:group-22DAF81D2C80:LeaderElection75] INFO  server.RaftServerConfigKeys (ConfUtils.java:logGet(43)) - raft.server.watch.element-limit = 65536 (default)
2019-09-19 08:59:00,534 [c3efbda9-57f4-4798-ad05-3f22f82ad386:group-22DAF81D2C80:LeaderElection75] INFO  impl.RoleInfo (RoleInfo.java:updateAndGet(143)) - c3efbda9-57f4-4798-ad05-3f22f82ad386: start LeaderState
2019-09-19 08:59:00,534 [c3efbda9-57f4-4798-ad05-3f22f82ad386:group-22DAF81D2C80:LeaderElection75] INFO  segmented.SegmentedRaftLogWorker (SegmentedRaftLogWorker.java:startLogSegment(380)) - c3efbda9-57f4-4798-ad05-3f22f82ad386-SegmentedRaftLogWorker:Storage Directory /workdir/hadoop-ozone/integration-test/target/test-dir/MiniOzoneClusterImpl-66e2a49b-37e1-46c5-a16c-3b22c3c736b2/datanode-2/data/ratis/1596d9d5-029d-4408-8a4e-22daf81d2c80: Starting segment from index:0
2019-09-19 08:59:00,535 [c3efbda9-57f4-4798-ad05-3f22f82ad386:group-22DAF81D2C80:LeaderElection75] INFO  impl.RaftServerImpl (ServerState.java:setRaftConf(361)) - c3efbda9-57f4-4798-ad05-3f22f82ad386:group-22DAF81D2C80 set configuration 0: [c3efbda9-57f4-4798-ad05-3f22f82ad386:192.168.34.5:38495], old=null at 0
2019-09-19 08:59:00,535 [RatisPipelineUtilsThread] INFO  pipeline.PipelineStateManager (PipelineStateManager.java:addPipeline(56)) - Created pipeline Pipeline[ Id: e97d0b28-fa49-476b-91cc-972d0787996e, Nodes: f144bb97-f1f6-4c62-88ba-fe5b55391c49{ip: 192.168.34.5, host: pr-hdds-1569-j4bt4-3030777008, networkLocation: /default-rack, certSerialId: null}, Type:RATIS, Factor:ONE, State:OPEN]
2019-09-19 08:59:00,535 [RatisPipelineUtilsThread] ERROR pipeline.PipelinePlacementPolicy (PipelinePlacementPolicy.java:meetCriteria(91)) - Pipeline Placement: Doesn't meet the criteria to be viable node. Heaviness: 6
2019-09-19 08:59:00,536 [RatisPipelineUtilsThread] ERROR pipeline.PipelinePlacementPolicy (PipelinePlacementPolicy.java:meetCriteria(91)) - Pipeline Placement: Doesn't meet the criteria to be viable node. Heaviness: 6
2019-09-19 08:59:00,536 [RatisPipelineUtilsThread] ERROR pipeline.PipelinePlacementPolicy (PipelinePlacementPolicy.java:meetCriteria(91)) - Pipeline Placement: Doesn't meet the criteria to be viable node. Heaviness: 6
2019-09-19 08:59:00,536 [RatisPipelineUtilsThread] ERROR pipeline.PipelinePlacementPolicy (PipelinePlacementPolicy.java:meetCriteria(91)) - Pipeline Placement: Doesn't meet the criteria to be viable node. Heaviness: 6
2019-09-19 08:59:00,536 [RatisPipelineUtilsThread] ERROR pipeline.PipelinePlacementPolicy (PipelinePlacementPolicy.java:meetCriteria(91)) - Pipeline Placement: Doesn't meet the criteria to be viable node. Heaviness: 6
2019-09-19 08:59:00,536 [RatisPipelineUtilsThread] ERROR pipeline.PipelinePlacementPolicy (PipelinePlacementPolicy.java:meetCriteria(91)) - Pipeline Placement: Doesn't meet the criteria to be viable node. Heaviness: 6
2019-09-19 08:59:00,536 [RatisPipelineUtilsThread] ERROR pipeline.PipelinePlacementPolicy (PipelinePlacementPolicy.java:filterViableNodes(146)) - Unable to find enough nodes that meet the criteria that cannot engage in more than 5 pipelines. Nodes required: 1 Found: 0, healthy nodes count inNodeManager: 6.
2019-09-19 08:59:00,536 [RatisPipelineUtilsThread] ERROR pipeline.SCMPipelineManager (SCMPipelineManager.java:createPipeline(161)) - Pipeline creation failed due to exception: Unable to find enough nodes that meet the criteria that cannot engage in more than 5 pipelines. Nodes required: 1 Found: 0, healthy nodes count inNodeManager: 6.
2019-09-19 08:59:00,536 [RatisPipelineUtilsThread] ERROR pipeline.PipelinePlacementPolicy (PipelinePlacementPolicy.java:meetCriteria(91)) - Pipeline Placement: Doesn't meet the criteria to be viable node. Heaviness: 6
2019-09-19 08:59:00,536 [RatisPipelineUtilsThread] ERROR pipeline.PipelinePlacementPolicy (PipelinePlacementPolicy.java:meetCriteria(91)) - Pipeline Placement: Doesn't meet the criteria to be viable node. Heaviness: 6
2019-09-19 08:59:00,536 [RatisPipelineUtilsThread] ERROR pipeline.PipelinePlacementPolicy (PipelinePlacementPolicy.java:meetCriteria(91)) - Pipeline Placement: Doesn't meet the criteria to be viable node. Heaviness: 6
2019-09-19 08:59:00,536 [RatisPipelineUtilsThread] ERROR pipeline.PipelinePlacementPolicy (PipelinePlacementPolicy.java:meetCriteria(91)) - Pipeline Placement: Doesn't meet the criteria to be viable node. Heaviness: 6
2019-09-19 08:59:00,537 [RatisPipelineUtilsThread] ERROR pipeline.PipelinePlacementPolicy (PipelinePlacementPolicy.java:meetCriteria(91)) - Pipeline Placement: Doesn't meet the criteria to be viable node. Heaviness: 6
2019-09-19 08:59:00,537 [RatisPipelineUtilsThread] ERROR pipeline.PipelinePlacementPolicy (PipelinePlacementPolicy.java:meetCriteria(91)) - Pipeline Placement: Doesn't meet the criteria to be viable node. Heaviness: 6
2019-09-19 08:59:00,537 [RatisPipelineUtilsThread] ERROR pipeline.PipelinePlacementPolicy (PipelinePlacementPolicy.java:filterViableNodes(146)) - Unable to find enough nodes that meet the criteria that cannot engage in more than 5 pipelines. Nodes required: 3 Found: 0, healthy nodes count inNodeManager: 6.
2019-09-19 08:59:00,537 [RatisPipelineUtilsThread] ERROR pipeline.SCMPipelineManager (SCMPipelineManager.java:createPipeline(161)) - Pipeline creation failed due to exception: Unable to find enough nodes that meet the criteria that cannot engage in more than 5 pipelines. Nodes required: 3 Found: 0, healthy nodes count inNodeManager: 6.
2019-09-19 08:59:00,571 [c3efbda9-57f4-4798-ad05-3f22f82ad386-SegmentedRaftLogWorker:Storage Directory /workdir/hadoop-ozone/integration-test/target/test-dir/MiniOzoneClusterImpl-66e2a49b-37e1-46c5-a16c-3b22c3c736b2/datanode-2/data/ratis/fd1f3665-aeb6-4e40-83fe-0e6ad22f06d5] INFO  segmented.SegmentedRaftLogWorker (SegmentedRaftLogWorker.java:execute(569)) - c3efbda9-57f4-4798-ad05-3f22f82ad386-SegmentedRaftLogWorker:Storage Directory /workdir/hadoop-ozone/integration-test/target/test-dir/MiniOzoneClusterImpl-66e2a49b-37e1-46c5-a16c-3b22c3c736b2/datanode-2/data/ratis/fd1f3665-aeb6-4e40-83fe-0e6ad22f06d5: created new log segment /workdir/hadoop-ozone/integration-test/target/test-dir/MiniOzoneClusterImpl-66e2a49b-37e1-46c5-a16c-3b22c3c736b2/datanode-2/data/ratis/fd1f3665-aeb6-4e40-83fe-0e6ad22f06d5/current/log_inprogress_0
2019-09-19 08:59:00,571 [c3efbda9-57f4-4798-ad05-3f22f82ad386-SegmentedRaftLogWorker:Storage Directory /workdir/hadoop-ozone/integration-test/target/test-dir/MiniOzoneClusterImpl-66e2a49b-37e1-46c5-a16c-3b22c3c736b2/datanode-2/data/ratis/1596d9d5-029d-4408-8a4e-22daf81d2c80] INFO  segmented.SegmentedRaftLogWorker (SegmentedRaftLogWorker.java:execute(569)) - c3efbda9-57f4-4798-ad05-3f22f82ad386-SegmentedRaftLogWorker:Storage Directory /workdir/hadoop-ozone/integration-test/target/test-dir/MiniOzoneClusterImpl-66e2a49b-37e1-46c5-a16c-3b22c3c736b2/datanode-2/data/ratis/1596d9d5-029d-4408-8a4e-22daf81d2c80: created new log segment /workdir/hadoop-ozone/integration-test/target/test-dir/MiniOzoneClusterImpl-66e2a49b-37e1-46c5-a16c-3b22c3c736b2/datanode-2/data/ratis/1596d9d5-029d-4408-8a4e-22daf81d2c80/current/log_inprogress_0
2019-09-19 08:59:00,571 [c3efbda9-57f4-4798-ad05-3f22f82ad386-SegmentedRaftLogWorker:Storage Directory /workdir/hadoop-ozone/integration-test/target/test-dir/MiniOzoneClusterImpl-66e2a49b-37e1-46c5-a16c-3b22c3c736b2/datanode-2/data/ratis/beb0882f-cc9d-4930-84ed-0187507ee3b9] INFO  segmented.SegmentedRaftLogWorker (SegmentedRaftLogWorker.java:execute(569)) - c3efbda9-57f4-4798-ad05-3f22f82ad386-SegmentedRaftLogWorker:Storage Directory /workdir/hadoop-ozone/integration-test/target/test-dir/MiniOzoneClusterImpl-66e2a49b-37e1-46c5-a16c-3b22c3c736b2/datanode-2/data/ratis/beb0882f-cc9d-4930-84ed-0187507ee3b9: created new log segment /workdir/hadoop-ozone/integration-test/target/test-dir/MiniOzoneClusterImpl-66e2a49b-37e1-46c5-a16c-3b22c3c736b2/datanode-2/data/ratis/beb0882f-cc9d-4930-84ed-0187507ee3b9/current/log_inprogress_0
2019-09-19 08:59:00,587 [Thread-850] INFO  impl.FollowerState (FollowerState.java:run(106)) - c3efbda9-57f4-4798-ad05-3f22f82ad386:group-E18269CD311E changes to CANDIDATE, lastRpcTime:1104, electionTimeout:1104ms
2019-09-19 08:59:00,587 [Thread-850] INFO  impl.RoleInfo (RoleInfo.java:shutdownFollowerState(121)) - c3efbda9-57f4-4798-ad05-3f22f82ad386: shutdown FollowerState
2019-09-19 08:59:00,587 [Thread-850] INFO  impl.RaftServerImpl (RaftServerImpl.java:setRole(171)) - c3efbda9-57f4-4798-ad05-3f22f82ad386:group-E18269CD311E changes role from FOLLOWER to CANDIDATE at term 0 for changeToCandidate
2019-09-19 08:59:00,588 [Thread-850] INFO  impl.RoleInfo (RoleInfo.java:updateAndGet(143)) - c3efbda9-57f4-4798-ad05-3f22f82ad386: start LeaderElection
2019-09-19 08:59:00,588 [Thread-862] INFO  impl.FollowerState (FollowerState.java:run(106)) - 9b5d8b34-2569-4d93-9fd9-024f418d364f:group-CA423D718B75 changes to CANDIDATE, lastRpcTime:1003, electionTimeout:1003ms
2019-09-19 08:59:00,588 [Thread-862] INFO  impl.RoleInfo (RoleInfo.java:shutdownFollowerState(121)) - 9b5d8b34-2569-4d93-9fd9-024f418d364f: shutdown FollowerState
2019-09-19 08:59:00,588 [Thread-862] INFO  impl.RaftServerImpl (RaftServerImpl.java:setRole(171)) - 9b5d8b34-2569-4d93-9fd9-024f418d364f:group-CA423D718B75 changes role from FOLLOWER to CANDIDATE at term 0 for changeToCandidate
2019-09-19 08:59:00,588 [Thread-862] INFO  impl.RoleInfo (RoleInfo.java:updateAndGet(143)) - 9b5d8b34-2569-4d93-9fd9-024f418d364f: start LeaderElection
2019-09-19 08:59:00,604 [Thread-844] INFO  impl.FollowerState (FollowerState.java:run(106)) - c3efbda9-57f4-4798-ad05-3f22f82ad386:group-E709A4981EC5 changes to CANDIDATE, lastRpcTime:1195, electionTimeout:1195ms
2019-09-19 08:59:00,604 [Thread-844] INFO  impl.RoleInfo (RoleInfo.java:shutdownFollowerState(121)) - c3efbda9-57f4-4798-ad05-3f22f82ad386: shutdown FollowerState
2019-09-19 08:59:00,604 [Thread-844] INFO  impl.RaftServerImpl (RaftServerImpl.java:setRole(171)) - c3efbda9-57f4-4798-ad05-3f22f82ad386:group-E709A4981EC5 changes role from FOLLOWER to CANDIDATE at term 0 for changeToCandidate
2019-09-19 08:59:00,605 [Thread-844] INFO  impl.RoleInfo (RoleInfo.java:updateAndGet(143)) - c3efbda9-57f4-4798-ad05-3f22f82ad386: start LeaderElection
2019-09-19 08:59:00,626 [c3efbda9-57f4-4798-ad05-3f22f82ad386:group-E709A4981EC5:LeaderElection78] INFO  impl.LeaderElection (LeaderElection.java:askForVotes(181)) - c3efbda9-57f4-4798-ad05-3f22f82ad386:group-E709A4981EC5:LeaderElection78: begin an election at term 1 for -1: [c3efbda9-57f4-4798-ad05-3f22f82ad386:192.168.34.5:38495], old=null
2019-09-19 08:59:00,626 [c3efbda9-57f4-4798-ad05-3f22f82ad386:group-E18269CD311E:LeaderElection76] INFO  impl.LeaderElection (LeaderElection.java:askForVotes(181)) - c3efbda9-57f4-4798-ad05-3f22f82ad386:group-E18269CD311E:LeaderElection76: begin an election at term 1 for -1: [c3efbda9-57f4-4798-ad05-3f22f82ad386:192.168.34.5:38495], old=null
2019-09-19 08:59:00,626 [9b5d8b34-2569-4d93-9fd9-024f418d364f:group-CA423D718B75:LeaderElection77] INFO  impl.LeaderElection (LeaderElection.java:askForVotes(181)) - 9b5d8b34-2569-4d93-9fd9-024f418d364f:group-CA423D718B75:LeaderElection77: begin an election at term 1 for -1: [9b5d8b34-2569-4d93-9fd9-024f418d364f:192.168.34.5:34928], old=null
2019-09-19 08:59:00,626 [c3efbda9-57f4-4798-ad05-3f22f82ad386:group-E18269CD311E:LeaderElection76] INFO  impl.RoleInfo (RoleInfo.java:shutdownLeaderElection(134)) - c3efbda9-57f4-4798-ad05-3f22f82ad386: shutdown LeaderElection
2019-09-19 08:59:00,626 [c3efbda9-57f4-4798-ad05-3f22f82ad386:group-E709A4981EC5:LeaderElection78] INFO  impl.RoleInfo (RoleInfo.java:shutdownLeaderElection(134)) - c3efbda9-57f4-4798-ad05-3f22f82ad386: shutdown LeaderElection
2019-09-19 08:59:00,626 [c3efbda9-57f4-4798-ad05-3f22f82ad386:group-E18269CD311E:LeaderElection76] INFO  impl.RaftServerImpl (RaftServerImpl.java:setRole(171)) - c3efbda9-57f4-4798-ad05-3f22f82ad386:group-E18269CD311E changes role from CANDIDATE to LEADER at term 1 for changeToLeader
2019-09-19 08:59:00,626 [9b5d8b34-2569-4d93-9fd9-024f418d364f:group-CA423D718B75:LeaderElection77] INFO  impl.RoleInfo (RoleInfo.java:shutdownLeaderElection(134)) - 9b5d8b34-2569-4d93-9fd9-024f418d364f: shutdown LeaderElection
2019-09-19 08:59:00,626 [c3efbda9-57f4-4798-ad05-3f22f82ad386:group-E18269CD311E:LeaderElection76] INFO  impl.RaftServerImpl (ServerState.java:setLeader(263)) - c3efbda9-57f4-4798-ad05-3f22f82ad386:group-E18269CD311E change Leader from null to c3efbda9-57f4-4798-ad05-3f22f82ad386 at term 1 for becomeLeader, leader elected after 1146ms
2019-09-19 08:59:00,626 [c3efbda9-57f4-4798-ad05-3f22f82ad386:group-E709A4981EC5:LeaderElection78] INFO  impl.RaftServerImpl (RaftServerImpl.java:setRole(171)) - c3efbda9-57f4-4798-ad05-3f22f82ad386:group-E709A4981EC5 changes role from CANDIDATE to LEADER at term 1 for changeToLeader
2019-09-19 08:59:00,627 [c3efbda9-57f4-4798-ad05-3f22f82ad386:group-E18269CD311E:LeaderElection76] INFO  server.RaftServerConfigKeys (ConfUtils.java:logGet(43)) - raft.server.staging.catchup.gap = 1000 (default)
2019-09-19 08:59:00,626 [9b5d8b34-2569-4d93-9fd9-024f418d364f:group-CA423D718B75:LeaderElection77] INFO  impl.RaftServerImpl (RaftServerImpl.java:setRole(171)) - 9b5d8b34-2569-4d93-9fd9-024f418d364f:group-CA423D718B75 changes role from CANDIDATE to LEADER at term 1 for changeToLeader
2019-09-19 08:59:00,627 [c3efbda9-57f4-4798-ad05-3f22f82ad386:group-E18269CD311E:LeaderElection76] INFO  server.RaftServerConfigKeys (ConfUtils.java:logGet(43)) - raft.server.rpc.sleep.time = 25ms (default)
2019-09-19 08:59:00,627 [c3efbda9-57f4-4798-ad05-3f22f82ad386:group-E709A4981EC5:LeaderElection78] INFO  impl.RaftServerImpl (ServerState.java:setLeader(263)) - c3efbda9-57f4-4798-ad05-3f22f82ad386:group-E709A4981EC5 change Leader from null to c3efbda9-57f4-4798-ad05-3f22f82ad386 at term 1 for becomeLeader, leader elected after 1221ms
2019-09-19 08:59:00,627 [c3efbda9-57f4-4798-ad05-3f22f82ad386:group-E18269CD311E:LeaderElection76] INFO  server.RaftServerConfigKeys (ConfUtils.java:logGet(43)) - raft.server.write.element-limit = 4096 (default)
2019-09-19 08:59:00,627 [9b5d8b34-2569-4d93-9fd9-024f418d364f:group-CA423D718B75:LeaderElection77] INFO  impl.RaftServerImpl (ServerState.java:setLeader(263)) - 9b5d8b34-2569-4d93-9fd9-024f418d364f:group-CA423D718B75 change Leader from null to 9b5d8b34-2569-4d93-9fd9-024f418d364f at term 1 for becomeLeader, leader elected after 1044ms
2019-09-19 08:59:00,627 [c3efbda9-57f4-4798-ad05-3f22f82ad386:group-E18269CD311E:LeaderElection76] INFO  server.RaftServerConfigKeys (ConfUtils.java:logGet(43)) - raft.server.watch.timeout = 10s (default)
2019-09-19 08:59:00,627 [c3efbda9-57f4-4798-ad05-3f22f82ad386:group-E709A4981EC5:LeaderElection78] INFO  server.RaftServerConfigKeys (ConfUtils.java:logGet(43)) - raft.server.staging.catchup.gap = 1000 (default)
2019-09-19 08:59:00,627 [c3efbda9-57f4-4798-ad05-3f22f82ad386:group-E18269CD311E:LeaderElection76] INFO  server.RaftServerConfigKeys (ConfUtils.java:logGet(43)) - raft.server.watch.timeout.denomination = 1s (default)
2019-09-19 08:59:00,627 [9b5d8b34-2569-4d93-9fd9-024f418d364f:group-CA423D718B75:LeaderElection77] INFO  server.RaftServerConfigKeys (ConfUtils.java:logGet(43)) - raft.server.staging.catchup.gap = 1000 (default)
2019-09-19 08:59:00,628 [c3efbda9-57f4-4798-ad05-3f22f82ad386:group-E18269CD311E:LeaderElection76] INFO  server.RaftServerConfigKeys (ConfUtils.java:logGet(43)) - raft.server.watch.element-limit = 65536 (default)
2019-09-19 08:59:00,627 [c3efbda9-57f4-4798-ad05-3f22f82ad386:group-E709A4981EC5:LeaderElection78] INFO  server.RaftServerConfigKeys (ConfUtils.java:logGet(43)) - raft.server.rpc.sleep.time = 25ms (default)
2019-09-19 08:59:00,628 [c3efbda9-57f4-4798-ad05-3f22f82ad386:group-E18269CD311E:LeaderElection76] INFO  impl.RoleInfo (RoleInfo.java:updateAndGet(143)) - c3efbda9-57f4-4798-ad05-3f22f82ad386: start LeaderState
2019-09-19 08:59:00,628 [9b5d8b34-2569-4d93-9fd9-024f418d364f:group-CA423D718B75:LeaderElection77] INFO  server.RaftServerConfigKeys (ConfUtils.java:logGet(43)) - raft.server.rpc.sleep.time = 25ms (default)
2019-09-19 08:59:00,628 [c3efbda9-57f4-4798-ad05-3f22f82ad386:group-E709A4981EC5:LeaderElection78] INFO  server.RaftServerConfigKeys (ConfUtils.java:logGet(43)) - raft.server.write.element-limit = 4096 (default)
2019-09-19 08:59:00,628 [c3efbda9-57f4-4798-ad05-3f22f82ad386:group-E18269CD311E:LeaderElection76] INFO  segmented.SegmentedRaftLogWorker (SegmentedRaftLogWorker.java:startLogSegment(380)) - c3efbda9-57f4-4798-ad05-3f22f82ad386-SegmentedRaftLogWorker:Storage Directory /workdir/hadoop-ozone/integration-test/target/test-dir/MiniOzoneClusterImpl-66e2a49b-37e1-46c5-a16c-3b22c3c736b2/datanode-2/data/ratis/76f70111-e77e-4959-9a46-e18269cd311e: Starting segment from index:0
2019-09-19 08:59:00,628 [9b5d8b34-2569-4d93-9fd9-024f418d364f:group-CA423D718B75:LeaderElection77] INFO  server.RaftServerConfigKeys (ConfUtils.java:logGet(43)) - raft.server.write.element-limit = 4096 (default)
2019-09-19 08:59:00,628 [c3efbda9-57f4-4798-ad05-3f22f82ad386:group-E709A4981EC5:LeaderElection78] INFO  server.RaftServerConfigKeys (ConfUtils.java:logGet(43)) - raft.server.watch.timeout = 10s (default)
2019-09-19 08:59:00,628 [9b5d8b34-2569-4d93-9fd9-024f418d364f:group-CA423D718B75:LeaderElection77] INFO  server.RaftServerConfigKeys (ConfUtils.java:logGet(43)) - raft.server.watch.timeout = 10s (default)
2019-09-19 08:59:00,628 [c3efbda9-57f4-4798-ad05-3f22f82ad386:group-E709A4981EC5:LeaderElection78] INFO  server.RaftServerConfigKeys (ConfUtils.java:logGet(43)) - raft.server.watch.timeout.denomination = 1s (default)
2019-09-19 08:59:00,629 [9b5d8b34-2569-4d93-9fd9-024f418d364f:group-CA423D718B75:LeaderElection77] INFO  server.RaftServerConfigKeys (ConfUtils.java:logGet(43)) - raft.server.watch.timeout.denomination = 1s (default)
2019-09-19 08:59:00,629 [c3efbda9-57f4-4798-ad05-3f22f82ad386:group-E18269CD311E:LeaderElection76] INFO  impl.RaftServerImpl (ServerState.java:setRaftConf(361)) - c3efbda9-57f4-4798-ad05-3f22f82ad386:group-E18269CD311E set configuration 0: [c3efbda9-57f4-4798-ad05-3f22f82ad386:192.168.34.5:38495], old=null at 0
2019-09-19 08:59:00,629 [9b5d8b34-2569-4d93-9fd9-024f418d364f:group-CA423D718B75:LeaderElection77] INFO  server.RaftServerConfigKeys (ConfUtils.java:logGet(43)) - raft.server.watch.element-limit = 65536 (default)
2019-09-19 08:59:00,629 [c3efbda9-57f4-4798-ad05-3f22f82ad386:group-E709A4981EC5:LeaderElection78] INFO  server.RaftServerConfigKeys (ConfUtils.java:logGet(43)) - raft.server.watch.element-limit = 65536 (default)
2019-09-19 08:59:00,629 [9b5d8b34-2569-4d93-9fd9-024f418d364f:group-CA423D718B75:LeaderElection77] INFO  impl.RoleInfo (RoleInfo.java:updateAndGet(143)) - 9b5d8b34-2569-4d93-9fd9-024f418d364f: start LeaderState
2019-09-19 08:59:00,629 [c3efbda9-57f4-4798-ad05-3f22f82ad386:group-E709A4981EC5:LeaderElection78] INFO  impl.RoleInfo (RoleInfo.java:updateAndGet(143)) - c3efbda9-57f4-4798-ad05-3f22f82ad386: start LeaderState
2019-09-19 08:59:00,629 [9b5d8b34-2569-4d93-9fd9-024f418d364f:group-CA423D718B75:LeaderElection77] INFO  segmented.SegmentedRaftLogWorker (SegmentedRaftLogWorker.java:startLogSegment(380)) - 9b5d8b34-2569-4d93-9fd9-024f418d364f-SegmentedRaftLogWorker:Storage Directory /workdir/hadoop-ozone/integration-test/target/test-dir/MiniOzoneClusterImpl-66e2a49b-37e1-46c5-a16c-3b22c3c736b2/datanode-3/data/ratis/d91b0d6d-5dfc-4b05-ad44-ca423d718b75: Starting segment from index:0
2019-09-19 08:59:00,629 [c3efbda9-57f4-4798-ad05-3f22f82ad386:group-E709A4981EC5:LeaderElection78] INFO  segmented.SegmentedRaftLogWorker (SegmentedRaftLogWorker.java:startLogSegment(380)) - c3efbda9-57f4-4798-ad05-3f22f82ad386-SegmentedRaftLogWorker:Storage Directory /workdir/hadoop-ozone/integration-test/target/test-dir/MiniOzoneClusterImpl-66e2a49b-37e1-46c5-a16c-3b22c3c736b2/datanode-2/data/ratis/10670832-21a3-44a1-bb58-e709a4981ec5: Starting segment from index:0
2019-09-19 08:59:00,630 [9b5d8b34-2569-4d93-9fd9-024f418d364f:group-CA423D718B75:LeaderElection77] INFO  impl.RaftServerImpl (ServerState.java:setRaftConf(361)) - 9b5d8b34-2569-4d93-9fd9-024f418d364f:group-CA423D718B75 set configuration 0: [9b5d8b34-2569-4d93-9fd9-024f418d364f:192.168.34.5:34928], old=null at 0
2019-09-19 08:59:00,630 [c3efbda9-57f4-4798-ad05-3f22f82ad386:group-E709A4981EC5:LeaderElection78] INFO  impl.RaftServerImpl (ServerState.java:setRaftConf(361)) - c3efbda9-57f4-4798-ad05-3f22f82ad386:group-E709A4981EC5 set configuration 0: [c3efbda9-57f4-4798-ad05-3f22f82ad386:192.168.34.5:38495], old=null at 0
2019-09-19 08:59:00,632 [Thread-856] INFO  impl.FollowerState (FollowerState.java:run(106)) - c3efbda9-57f4-4798-ad05-3f22f82ad386:group-0D92FBADD8BD changes to CANDIDATE, lastRpcTime:1105, electionTimeout:1105ms
2019-09-19 08:59:00,632 [Thread-856] INFO  impl.RoleInfo (RoleInfo.java:shutdownFollowerState(121)) - c3efbda9-57f4-4798-ad05-3f22f82ad386: shutdown FollowerState
2019-09-19 08:59:00,632 [Thread-856] INFO  impl.RaftServerImpl (RaftServerImpl.java:setRole(171)) - c3efbda9-57f4-4798-ad05-3f22f82ad386:group-0D92FBADD8BD changes role from FOLLOWER to CANDIDATE at term 0 for changeToCandidate
2019-09-19 08:59:00,632 [Thread-856] INFO  impl.RoleInfo (RoleInfo.java:updateAndGet(143)) - c3efbda9-57f4-4798-ad05-3f22f82ad386: start LeaderElection
2019-09-19 08:59:00,641 [Thread-859] INFO  impl.FollowerState (FollowerState.java:run(106)) - 9b5d8b34-2569-4d93-9fd9-024f418d364f:group-1069A886D182 changes to CANDIDATE, lastRpcTime:1090, electionTimeout:1090ms
2019-09-19 08:59:00,641 [Thread-859] INFO  impl.RoleInfo (RoleInfo.java:shutdownFollowerState(121)) - 9b5d8b34-2569-4d93-9fd9-024f418d364f: shutdown FollowerState
2019-09-19 08:59:00,641 [Thread-859] INFO  impl.RaftServerImpl (RaftServerImpl.java:setRole(171)) - 9b5d8b34-2569-4d93-9fd9-024f418d364f:group-1069A886D182 changes role from FOLLOWER to CANDIDATE at term 0 for changeToCandidate
2019-09-19 08:59:00,642 [Thread-859] INFO  impl.RoleInfo (RoleInfo.java:updateAndGet(143)) - 9b5d8b34-2569-4d93-9fd9-024f418d364f: start LeaderElection
2019-09-19 08:59:00,659 [9b5d8b34-2569-4d93-9fd9-024f418d364f:group-1069A886D182:LeaderElection80] INFO  impl.LeaderElection (LeaderElection.java:askForVotes(181)) - 9b5d8b34-2569-4d93-9fd9-024f418d364f:group-1069A886D182:LeaderElection80: begin an election at term 1 for -1: [9b5d8b34-2569-4d93-9fd9-024f418d364f:192.168.34.5:34928], old=null
2019-09-19 08:59:00,659 [c3efbda9-57f4-4798-ad05-3f22f82ad386:group-0D92FBADD8BD:LeaderElection79] INFO  impl.LeaderElection (LeaderElection.java:askForVotes(181)) - c3efbda9-57f4-4798-ad05-3f22f82ad386:group-0D92FBADD8BD:LeaderElection79: begin an election at term 1 for -1: [c3efbda9-57f4-4798-ad05-3f22f82ad386:192.168.34.5:38495], old=null
2019-09-19 08:59:00,659 [9b5d8b34-2569-4d93-9fd9-024f418d364f:group-1069A886D182:LeaderElection80] INFO  impl.RoleInfo (RoleInfo.java:shutdownLeaderElection(134)) - 9b5d8b34-2569-4d93-9fd9-024f418d364f: shutdown LeaderElection
2019-09-19 08:59:00,659 [c3efbda9-57f4-4798-ad05-3f22f82ad386:group-0D92FBADD8BD:LeaderElection79] INFO  impl.RoleInfo (RoleInfo.java:shutdownLeaderElection(134)) - c3efbda9-57f4-4798-ad05-3f22f82ad386: shutdown LeaderElection
2019-09-19 08:59:00,659 [9b5d8b34-2569-4d93-9fd9-024f418d364f:group-1069A886D182:LeaderElection80] INFO  impl.RaftServerImpl (RaftServerImpl.java:setRole(171)) - 9b5d8b34-2569-4d93-9fd9-024f418d364f:group-1069A886D182 changes role from CANDIDATE to LEADER at term 1 for changeToLeader
2019-09-19 08:59:00,659 [c3efbda9-57f4-4798-ad05-3f22f82ad386:group-0D92FBADD8BD:LeaderElection79] INFO  impl.RaftServerImpl (RaftServerImpl.java:setRole(171)) - c3efbda9-57f4-4798-ad05-3f22f82ad386:group-0D92FBADD8BD changes role from CANDIDATE to LEADER at term 1 for changeToLeader
2019-09-19 08:59:00,659 [9b5d8b34-2569-4d93-9fd9-024f418d364f:group-1069A886D182:LeaderElection80] INFO  impl.RaftServerImpl (ServerState.java:setLeader(263)) - 9b5d8b34-2569-4d93-9fd9-024f418d364f:group-1069A886D182 change Leader from null to 9b5d8b34-2569-4d93-9fd9-024f418d364f at term 1 for becomeLeader, leader elected after 1111ms
2019-09-19 08:59:00,659 [c3efbda9-57f4-4798-ad05-3f22f82ad386:group-0D92FBADD8BD:LeaderElection79] INFO  impl.RaftServerImpl (ServerState.java:setLeader(263)) - c3efbda9-57f4-4798-ad05-3f22f82ad386:group-0D92FBADD8BD change Leader from null to c3efbda9-57f4-4798-ad05-3f22f82ad386 at term 1 for becomeLeader, leader elected after 1135ms
2019-09-19 08:59:00,660 [9b5d8b34-2569-4d93-9fd9-024f418d364f:group-1069A886D182:LeaderElection80] INFO  server.RaftServerConfigKeys (ConfUtils.java:logGet(43)) - raft.server.staging.catchup.gap = 1000 (default)
2019-09-19 08:59:00,660 [c3efbda9-57f4-4798-ad05-3f22f82ad386:group-0D92FBADD8BD:LeaderElection79] INFO  server.RaftServerConfigKeys (ConfUtils.java:logGet(43)) - raft.server.staging.catchup.gap = 1000 (default)
2019-09-19 08:59:00,660 [9b5d8b34-2569-4d93-9fd9-024f418d364f:group-1069A886D182:LeaderElection80] INFO  server.RaftServerConfigKeys (ConfUtils.java:logGet(43)) - raft.server.rpc.sleep.time = 25ms (default)
2019-09-19 08:59:00,660 [c3efbda9-57f4-4798-ad05-3f22f82ad386:group-0D92FBADD8BD:LeaderElection79] INFO  server.RaftServerConfigKeys (ConfUtils.java:logGet(43)) - raft.server.rpc.sleep.time = 25ms (default)
2019-09-19 08:59:00,660 [9b5d8b34-2569-4d93-9fd9-024f418d364f:group-1069A886D182:LeaderElection80] INFO  server.RaftServerConfigKeys (ConfUtils.java:logGet(43)) - raft.server.write.element-limit = 4096 (default)
2019-09-19 08:59:00,660 [c3efbda9-57f4-4798-ad05-3f22f82ad386:group-0D92FBADD8BD:LeaderElection79] INFO  server.RaftServerConfigKeys (ConfUtils.java:logGet(43)) - raft.server.write.element-limit = 4096 (default)
2019-09-19 08:59:00,660 [9b5d8b34-2569-4d93-9fd9-024f418d364f:group-1069A886D182:LeaderElection80] INFO  server.RaftServerConfigKeys (ConfUtils.java:logGet(43)) - raft.server.watch.timeout = 10s (default)
2019-09-19 08:59:00,660 [c3efbda9-57f4-4798-ad05-3f22f82ad386:group-0D92FBADD8BD:LeaderElection79] INFO  server.RaftServerConfigKeys (ConfUtils.java:logGet(43)) - raft.server.watch.timeout = 10s (default)
2019-09-19 08:59:00,661 [9b5d8b34-2569-4d93-9fd9-024f418d364f:group-1069A886D182:LeaderElection80] INFO  server.RaftServerConfigKeys (ConfUtils.java:logGet(43)) - raft.server.watch.timeout.denomination = 1s (default)
2019-09-19 08:59:00,661 [c3efbda9-57f4-4798-ad05-3f22f82ad386:group-0D92FBADD8BD:LeaderElection79] INFO  server.RaftServerConfigKeys (ConfUtils.java:logGet(43)) - raft.server.watch.timeout.denomination = 1s (default)
2019-09-19 08:59:00,661 [9b5d8b34-2569-4d93-9fd9-024f418d364f:group-1069A886D182:LeaderElection80] INFO  server.RaftServerConfigKeys (ConfUtils.java:logGet(43)) - raft.server.watch.element-limit = 65536 (default)
2019-09-19 08:59:00,661 [c3efbda9-57f4-4798-ad05-3f22f82ad386:group-0D92FBADD8BD:LeaderElection79] INFO  server.RaftServerConfigKeys (ConfUtils.java:logGet(43)) - raft.server.watch.element-limit = 65536 (default)
2019-09-19 08:59:00,661 [c3efbda9-57f4-4798-ad05-3f22f82ad386:group-0D92FBADD8BD:LeaderElection79] INFO  impl.RoleInfo (RoleInfo.java:updateAndGet(143)) - c3efbda9-57f4-4798-ad05-3f22f82ad386: start LeaderState
2019-09-19 08:59:00,661 [9b5d8b34-2569-4d93-9fd9-024f418d364f:group-1069A886D182:LeaderElection80] INFO  impl.RoleInfo (RoleInfo.java:updateAndGet(143)) - 9b5d8b34-2569-4d93-9fd9-024f418d364f: start LeaderState
2019-09-19 08:59:00,661 [c3efbda9-57f4-4798-ad05-3f22f82ad386:group-0D92FBADD8BD:LeaderElection79] INFO  segmented.SegmentedRaftLogWorker (SegmentedRaftLogWorker.java:startLogSegment(380)) - c3efbda9-57f4-4798-ad05-3f22f82ad386-SegmentedRaftLogWorker:Storage Directory /workdir/hadoop-ozone/integration-test/target/test-dir/MiniOzoneClusterImpl-66e2a49b-37e1-46c5-a16c-3b22c3c736b2/datanode-2/data/ratis/4f0f3ceb-4277-4cae-b242-0d92fbadd8bd: Starting segment from index:0
2019-09-19 08:59:00,662 [9b5d8b34-2569-4d93-9fd9-024f418d364f:group-1069A886D182:LeaderElection80] INFO  segmented.SegmentedRaftLogWorker (SegmentedRaftLogWorker.java:startLogSegment(380)) - 9b5d8b34-2569-4d93-9fd9-024f418d364f-SegmentedRaftLogWorker:Storage Directory /workdir/hadoop-ozone/integration-test/target/test-dir/MiniOzoneClusterImpl-66e2a49b-37e1-46c5-a16c-3b22c3c736b2/datanode-3/data/ratis/af73bcf1-9d46-402a-a45e-1069a886d182: Starting segment from index:0
2019-09-19 08:59:00,662 [c3efbda9-57f4-4798-ad05-3f22f82ad386:group-0D92FBADD8BD:LeaderElection79] INFO  impl.RaftServerImpl (ServerState.java:setRaftConf(361)) - c3efbda9-57f4-4798-ad05-3f22f82ad386:group-0D92FBADD8BD set configuration 0: [c3efbda9-57f4-4798-ad05-3f22f82ad386:192.168.34.5:38495], old=null at 0
2019-09-19 08:59:00,662 [c3efbda9-57f4-4798-ad05-3f22f82ad386-SegmentedRaftLogWorker:Storage Directory /workdir/hadoop-ozone/integration-test/target/test-dir/MiniOzoneClusterImpl-66e2a49b-37e1-46c5-a16c-3b22c3c736b2/datanode-2/data/ratis/76f70111-e77e-4959-9a46-e18269cd311e] INFO  segmented.SegmentedRaftLogWorker (SegmentedRaftLogWorker.java:execute(569)) - c3efbda9-57f4-4798-ad05-3f22f82ad386-SegmentedRaftLogWorker:Storage Directory /workdir/hadoop-ozone/integration-test/target/test-dir/MiniOzoneClusterImpl-66e2a49b-37e1-46c5-a16c-3b22c3c736b2/datanode-2/data/ratis/76f70111-e77e-4959-9a46-e18269cd311e: created new log segment /workdir/hadoop-ozone/integration-test/target/test-dir/MiniOzoneClusterImpl-66e2a49b-37e1-46c5-a16c-3b22c3c736b2/datanode-2/data/ratis/76f70111-e77e-4959-9a46-e18269cd311e/current/log_inprogress_0
2019-09-19 08:59:00,662 [9b5d8b34-2569-4d93-9fd9-024f418d364f:group-1069A886D182:LeaderElection80] INFO  impl.RaftServerImpl (ServerState.java:setRaftConf(361)) - 9b5d8b34-2569-4d93-9fd9-024f418d364f:group-1069A886D182 set configuration 0: [9b5d8b34-2569-4d93-9fd9-024f418d364f:192.168.34.5:34928], old=null at 0
2019-09-19 08:59:00,687 [9b5d8b34-2569-4d93-9fd9-024f418d364f-SegmentedRaftLogWorker:Storage Directory /workdir/hadoop-ozone/integration-test/target/test-dir/MiniOzoneClusterImpl-66e2a49b-37e1-46c5-a16c-3b22c3c736b2/datanode-3/data/ratis/d91b0d6d-5dfc-4b05-ad44-ca423d718b75] INFO  segmented.SegmentedRaftLogWorker (SegmentedRaftLogWorker.java:execute(569)) - 9b5d8b34-2569-4d93-9fd9-024f418d364f-SegmentedRaftLogWorker:Storage Directory /workdir/hadoop-ozone/integration-test/target/test-dir/MiniOzoneClusterImpl-66e2a49b-37e1-46c5-a16c-3b22c3c736b2/datanode-3/data/ratis/d91b0d6d-5dfc-4b05-ad44-ca423d718b75: created new log segment /workdir/hadoop-ozone/integration-test/target/test-dir/MiniOzoneClusterImpl-66e2a49b-37e1-46c5-a16c-3b22c3c736b2/datanode-3/data/ratis/d91b0d6d-5dfc-4b05-ad44-ca423d718b75/current/log_inprogress_0
2019-09-19 08:59:00,687 [c3efbda9-57f4-4798-ad05-3f22f82ad386-SegmentedRaftLogWorker:Storage Directory /workdir/hadoop-ozone/integration-test/target/test-dir/MiniOzoneClusterImpl-66e2a49b-37e1-46c5-a16c-3b22c3c736b2/datanode-2/data/ratis/10670832-21a3-44a1-bb58-e709a4981ec5] INFO  segmented.SegmentedRaftLogWorker (SegmentedRaftLogWorker.java:execute(569)) - c3efbda9-57f4-4798-ad05-3f22f82ad386-SegmentedRaftLogWorker:Storage Directory /workdir/hadoop-ozone/integration-test/target/test-dir/MiniOzoneClusterImpl-66e2a49b-37e1-46c5-a16c-3b22c3c736b2/datanode-2/data/ratis/10670832-21a3-44a1-bb58-e709a4981ec5: created new log segment /workdir/hadoop-ozone/integration-test/target/test-dir/MiniOzoneClusterImpl-66e2a49b-37e1-46c5-a16c-3b22c3c736b2/datanode-2/data/ratis/10670832-21a3-44a1-bb58-e709a4981ec5/current/log_inprogress_0
2019-09-19 08:59:00,702 [9b5d8b34-2569-4d93-9fd9-024f418d364f-SegmentedRaftLogWorker:Storage Directory /workdir/hadoop-ozone/integration-test/target/test-dir/MiniOzoneClusterImpl-66e2a49b-37e1-46c5-a16c-3b22c3c736b2/datanode-3/data/ratis/af73bcf1-9d46-402a-a45e-1069a886d182] INFO  segmented.SegmentedRaftLogWorker (SegmentedRaftLogWorker.java:execute(569)) - 9b5d8b34-2569-4d93-9fd9-024f418d364f-SegmentedRaftLogWorker:Storage Directory /workdir/hadoop-ozone/integration-test/target/test-dir/MiniOzoneClusterImpl-66e2a49b-37e1-46c5-a16c-3b22c3c736b2/datanode-3/data/ratis/af73bcf1-9d46-402a-a45e-1069a886d182: created new log segment /workdir/hadoop-ozone/integration-test/target/test-dir/MiniOzoneClusterImpl-66e2a49b-37e1-46c5-a16c-3b22c3c736b2/datanode-3/data/ratis/af73bcf1-9d46-402a-a45e-1069a886d182/current/log_inprogress_0
2019-09-19 08:59:00,704 [Thread-865] INFO  impl.FollowerState (FollowerState.java:run(106)) - 9b5d8b34-2569-4d93-9fd9-024f418d364f:group-C801A8F28891 changes to CANDIDATE, lastRpcTime:1091, electionTimeout:1091ms
2019-09-19 08:59:00,704 [Thread-865] INFO  impl.RoleInfo (RoleInfo.java:shutdownFollowerState(121)) - 9b5d8b34-2569-4d93-9fd9-024f418d364f: shutdown FollowerState
2019-09-19 08:59:00,704 [Thread-865] INFO  impl.RaftServerImpl (RaftServerImpl.java:setRole(171)) - 9b5d8b34-2569-4d93-9fd9-024f418d364f:group-C801A8F28891 changes role from FOLLOWER to CANDIDATE at term 0 for changeToCandidate
2019-09-19 08:59:00,705 [Thread-865] INFO  impl.RoleInfo (RoleInfo.java:updateAndGet(143)) - 9b5d8b34-2569-4d93-9fd9-024f418d364f: start LeaderElection
2019-09-19 08:59:00,715 [c3efbda9-57f4-4798-ad05-3f22f82ad386-SegmentedRaftLogWorker:Storage Directory /workdir/hadoop-ozone/integration-test/target/test-dir/MiniOzoneClusterImpl-66e2a49b-37e1-46c5-a16c-3b22c3c736b2/datanode-2/data/ratis/4f0f3ceb-4277-4cae-b242-0d92fbadd8bd] INFO  segmented.SegmentedRaftLogWorker (SegmentedRaftLogWorker.java:execute(569)) - c3efbda9-57f4-4798-ad05-3f22f82ad386-SegmentedRaftLogWorker:Storage Directory /workdir/hadoop-ozone/integration-test/target/test-dir/MiniOzoneClusterImpl-66e2a49b-37e1-46c5-a16c-3b22c3c736b2/datanode-2/data/ratis/4f0f3ceb-4277-4cae-b242-0d92fbadd8bd: created new log segment /workdir/hadoop-ozone/integration-test/target/test-dir/MiniOzoneClusterImpl-66e2a49b-37e1-46c5-a16c-3b22c3c736b2/datanode-2/data/ratis/4f0f3ceb-4277-4cae-b242-0d92fbadd8bd/current/log_inprogress_0
2019-09-19 08:59:00,718 [Thread-868] INFO  impl.FollowerState (FollowerState.java:run(106)) - 9b5d8b34-2569-4d93-9fd9-024f418d364f:group-078CD64CFAD5 changes to CANDIDATE, lastRpcTime:1055, electionTimeout:1055ms
2019-09-19 08:59:00,718 [Thread-868] INFO  impl.RoleInfo (RoleInfo.java:shutdownFollowerState(121)) - 9b5d8b34-2569-4d93-9fd9-024f418d364f: shutdown FollowerState
2019-09-19 08:59:00,718 [Thread-868] INFO  impl.RaftServerImpl (RaftServerImpl.java:setRole(171)) - 9b5d8b34-2569-4d93-9fd9-024f418d364f:group-078CD64CFAD5 changes role from FOLLOWER to CANDIDATE at term 0 for changeToCandidate
2019-09-19 08:59:00,718 [Thread-868] INFO  impl.RoleInfo (RoleInfo.java:updateAndGet(143)) - 9b5d8b34-2569-4d93-9fd9-024f418d364f: start LeaderElection
2019-09-19 08:59:00,727 [Thread-871] INFO  impl.FollowerState (FollowerState.java:run(106)) - 9b5d8b34-2569-4d93-9fd9-024f418d364f:group-353CDCAB4EAA changes to CANDIDATE, lastRpcTime:1024, electionTimeout:1024ms
2019-09-19 08:59:00,727 [Thread-871] INFO  impl.RoleInfo (RoleInfo.java:shutdownFollowerState(121)) - 9b5d8b34-2569-4d93-9fd9-024f418d364f: shutdown FollowerState
2019-09-19 08:59:00,727 [Thread-871] INFO  impl.RaftServerImpl (RaftServerImpl.java:setRole(171)) - 9b5d8b34-2569-4d93-9fd9-024f418d364f:group-353CDCAB4EAA changes role from FOLLOWER to CANDIDATE at term 0 for changeToCandidate
2019-09-19 08:59:00,727 [Thread-871] INFO  impl.RoleInfo (RoleInfo.java:updateAndGet(143)) - 9b5d8b34-2569-4d93-9fd9-024f418d364f: start LeaderElection
2019-09-19 08:59:00,740 [9b5d8b34-2569-4d93-9fd9-024f418d364f:group-C801A8F28891:LeaderElection81] INFO  impl.LeaderElection (LeaderElection.java:askForVotes(181)) - 9b5d8b34-2569-4d93-9fd9-024f418d364f:group-C801A8F28891:LeaderElection81: begin an election at term 1 for -1: [9b5d8b34-2569-4d93-9fd9-024f418d364f:192.168.34.5:34928], old=null
2019-09-19 08:59:00,740 [9b5d8b34-2569-4d93-9fd9-024f418d364f:group-078CD64CFAD5:LeaderElection82] INFO  impl.LeaderElection (LeaderElection.java:askForVotes(181)) - 9b5d8b34-2569-4d93-9fd9-024f418d364f:group-078CD64CFAD5:LeaderElection82: begin an election at term 1 for -1: [9b5d8b34-2569-4d93-9fd9-024f418d364f:192.168.34.5:34928], old=null
2019-09-19 08:59:00,740 [9b5d8b34-2569-4d93-9fd9-024f418d364f:group-C801A8F28891:LeaderElection81] INFO  impl.RoleInfo (RoleInfo.java:shutdownLeaderElection(134)) - 9b5d8b34-2569-4d93-9fd9-024f418d364f: shutdown LeaderElection
2019-09-19 08:59:00,740 [9b5d8b34-2569-4d93-9fd9-024f418d364f:group-078CD64CFAD5:LeaderElection82] INFO  impl.RoleInfo (RoleInfo.java:shutdownLeaderElection(134)) - 9b5d8b34-2569-4d93-9fd9-024f418d364f: shutdown LeaderElection
2019-09-19 08:59:00,740 [9b5d8b34-2569-4d93-9fd9-024f418d364f:group-C801A8F28891:LeaderElection81] INFO  impl.RaftServerImpl (RaftServerImpl.java:setRole(171)) - 9b5d8b34-2569-4d93-9fd9-024f418d364f:group-C801A8F28891 changes role from CANDIDATE to LEADER at term 1 for changeToLeader
2019-09-19 08:59:00,740 [9b5d8b34-2569-4d93-9fd9-024f418d364f:group-078CD64CFAD5:LeaderElection82] INFO  impl.RaftServerImpl (RaftServerImpl.java:setRole(171)) - 9b5d8b34-2569-4d93-9fd9-024f418d364f:group-078CD64CFAD5 changes role from CANDIDATE to LEADER at term 1 for changeToLeader
2019-09-19 08:59:00,740 [9b5d8b34-2569-4d93-9fd9-024f418d364f:group-C801A8F28891:LeaderElection81] INFO  impl.RaftServerImpl (ServerState.java:setLeader(263)) - 9b5d8b34-2569-4d93-9fd9-024f418d364f:group-C801A8F28891 change Leader from null to 9b5d8b34-2569-4d93-9fd9-024f418d364f at term 1 for becomeLeader, leader elected after 1129ms
2019-09-19 08:59:00,740 [9b5d8b34-2569-4d93-9fd9-024f418d364f:group-078CD64CFAD5:LeaderElection82] INFO  impl.RaftServerImpl (ServerState.java:setLeader(263)) - 9b5d8b34-2569-4d93-9fd9-024f418d364f:group-078CD64CFAD5 change Leader from null to 9b5d8b34-2569-4d93-9fd9-024f418d364f at term 1 for becomeLeader, leader elected after 1080ms
2019-09-19 08:59:00,740 [9b5d8b34-2569-4d93-9fd9-024f418d364f:group-C801A8F28891:LeaderElection81] INFO  server.RaftServerConfigKeys (ConfUtils.java:logGet(43)) - raft.server.staging.catchup.gap = 1000 (default)
2019-09-19 08:59:00,741 [9b5d8b34-2569-4d93-9fd9-024f418d364f:group-078CD64CFAD5:LeaderElection82] INFO  server.RaftServerConfigKeys (ConfUtils.java:logGet(43)) - raft.server.staging.catchup.gap = 1000 (default)
2019-09-19 08:59:00,741 [9b5d8b34-2569-4d93-9fd9-024f418d364f:group-C801A8F28891:LeaderElection81] INFO  server.RaftServerConfigKeys (ConfUtils.java:logGet(43)) - raft.server.rpc.sleep.time = 25ms (default)
2019-09-19 08:59:00,741 [9b5d8b34-2569-4d93-9fd9-024f418d364f:group-078CD64CFAD5:LeaderElection82] INFO  server.RaftServerConfigKeys (ConfUtils.java:logGet(43)) - raft.server.rpc.sleep.time = 25ms (default)
2019-09-19 08:59:00,741 [9b5d8b34-2569-4d93-9fd9-024f418d364f:group-C801A8F28891:LeaderElection81] INFO  server.RaftServerConfigKeys (ConfUtils.java:logGet(43)) - raft.server.write.element-limit = 4096 (default)
2019-09-19 08:59:00,741 [9b5d8b34-2569-4d93-9fd9-024f418d364f:group-078CD64CFAD5:LeaderElection82] INFO  server.RaftServerConfigKeys (ConfUtils.java:logGet(43)) - raft.server.write.element-limit = 4096 (default)
2019-09-19 08:59:00,741 [9b5d8b34-2569-4d93-9fd9-024f418d364f:group-C801A8F28891:LeaderElection81] INFO  server.RaftServerConfigKeys (ConfUtils.java:logGet(43)) - raft.server.watch.timeout = 10s (default)
2019-09-19 08:59:00,741 [9b5d8b34-2569-4d93-9fd9-024f418d364f:group-078CD64CFAD5:LeaderElection82] INFO  server.RaftServerConfigKeys (ConfUtils.java:logGet(43)) - raft.server.watch.timeout = 10s (default)
2019-09-19 08:59:00,742 [9b5d8b34-2569-4d93-9fd9-024f418d364f:group-C801A8F28891:LeaderElection81] INFO  server.RaftServerConfigKeys (ConfUtils.java:logGet(43)) - raft.server.watch.timeout.denomination = 1s (default)
2019-09-19 08:59:00,742 [9b5d8b34-2569-4d93-9fd9-024f418d364f:group-078CD64CFAD5:LeaderElection82] INFO  server.RaftServerConfigKeys (ConfUtils.java:logGet(43)) - raft.server.watch.timeout.denomination = 1s (default)
2019-09-19 08:59:00,742 [9b5d8b34-2569-4d93-9fd9-024f418d364f:group-C801A8F28891:LeaderElection81] INFO  server.RaftServerConfigKeys (ConfUtils.java:logGet(43)) - raft.server.watch.element-limit = 65536 (default)
2019-09-19 08:59:00,742 [9b5d8b34-2569-4d93-9fd9-024f418d364f:group-078CD64CFAD5:LeaderElection82] INFO  server.RaftServerConfigKeys (ConfUtils.java:logGet(43)) - raft.server.watch.element-limit = 65536 (default)
2019-09-19 08:59:00,742 [9b5d8b34-2569-4d93-9fd9-024f418d364f:group-C801A8F28891:LeaderElection81] INFO  impl.RoleInfo (RoleInfo.java:updateAndGet(143)) - 9b5d8b34-2569-4d93-9fd9-024f418d364f: start LeaderState
2019-09-19 08:59:00,742 [9b5d8b34-2569-4d93-9fd9-024f418d364f:group-078CD64CFAD5:LeaderElection82] INFO  impl.RoleInfo (RoleInfo.java:updateAndGet(143)) - 9b5d8b34-2569-4d93-9fd9-024f418d364f: start LeaderState
2019-09-19 08:59:00,742 [9b5d8b34-2569-4d93-9fd9-024f418d364f:group-353CDCAB4EAA:LeaderElection83] INFO  impl.LeaderElection (LeaderElection.java:askForVotes(181)) - 9b5d8b34-2569-4d93-9fd9-024f418d364f:group-353CDCAB4EAA:LeaderElection83: begin an election at term 1 for -1: [9b5d8b34-2569-4d93-9fd9-024f418d364f:192.168.34.5:34928], old=null
2019-09-19 08:59:00,743 [9b5d8b34-2569-4d93-9fd9-024f418d364f:group-078CD64CFAD5:LeaderElection82] INFO  segmented.SegmentedRaftLogWorker (SegmentedRaftLogWorker.java:startLogSegment(380)) - 9b5d8b34-2569-4d93-9fd9-024f418d364f-SegmentedRaftLogWorker:Storage Directory /workdir/hadoop-ozone/integration-test/target/test-dir/MiniOzoneClusterImpl-66e2a49b-37e1-46c5-a16c-3b22c3c736b2/datanode-3/data/ratis/76ed1e1a-acfa-4192-a2f5-078cd64cfad5: Starting segment from index:0
2019-09-19 08:59:00,743 [9b5d8b34-2569-4d93-9fd9-024f418d364f:group-C801A8F28891:LeaderElection81] INFO  segmented.SegmentedRaftLogWorker (SegmentedRaftLogWorker.java:startLogSegment(380)) - 9b5d8b34-2569-4d93-9fd9-024f418d364f-SegmentedRaftLogWorker:Storage Directory /workdir/hadoop-ozone/integration-test/target/test-dir/MiniOzoneClusterImpl-66e2a49b-37e1-46c5-a16c-3b22c3c736b2/datanode-3/data/ratis/08ed0453-1fe4-4b2d-b8e5-c801a8f28891: Starting segment from index:0
2019-09-19 08:59:00,743 [9b5d8b34-2569-4d93-9fd9-024f418d364f:group-353CDCAB4EAA:LeaderElection83] INFO  impl.RoleInfo (RoleInfo.java:shutdownLeaderElection(134)) - 9b5d8b34-2569-4d93-9fd9-024f418d364f: shutdown LeaderElection
2019-09-19 08:59:00,743 [9b5d8b34-2569-4d93-9fd9-024f418d364f:group-353CDCAB4EAA:LeaderElection83] INFO  impl.RaftServerImpl (RaftServerImpl.java:setRole(171)) - 9b5d8b34-2569-4d93-9fd9-024f418d364f:group-353CDCAB4EAA changes role from CANDIDATE to LEADER at term 1 for changeToLeader
2019-09-19 08:59:00,743 [9b5d8b34-2569-4d93-9fd9-024f418d364f:group-078CD64CFAD5:LeaderElection82] INFO  impl.RaftServerImpl (ServerState.java:setRaftConf(361)) - 9b5d8b34-2569-4d93-9fd9-024f418d364f:group-078CD64CFAD5 set configuration 0: [9b5d8b34-2569-4d93-9fd9-024f418d364f:192.168.34.5:34928], old=null at 0
2019-09-19 08:59:00,743 [9b5d8b34-2569-4d93-9fd9-024f418d364f:group-353CDCAB4EAA:LeaderElection83] INFO  impl.RaftServerImpl (ServerState.java:setLeader(263)) - 9b5d8b34-2569-4d93-9fd9-024f418d364f:group-353CDCAB4EAA change Leader from null to 9b5d8b34-2569-4d93-9fd9-024f418d364f at term 1 for becomeLeader, leader elected after 1043ms
2019-09-19 08:59:00,743 [9b5d8b34-2569-4d93-9fd9-024f418d364f:group-C801A8F28891:LeaderElection81] INFO  impl.RaftServerImpl (ServerState.java:setRaftConf(361)) - 9b5d8b34-2569-4d93-9fd9-024f418d364f:group-C801A8F28891 set configuration 0: [9b5d8b34-2569-4d93-9fd9-024f418d364f:192.168.34.5:34928], old=null at 0
2019-09-19 08:59:00,743 [9b5d8b34-2569-4d93-9fd9-024f418d364f:group-353CDCAB4EAA:LeaderElection83] INFO  server.RaftServerConfigKeys (ConfUtils.java:logGet(43)) - raft.server.staging.catchup.gap = 1000 (default)
2019-09-19 08:59:00,744 [9b5d8b34-2569-4d93-9fd9-024f418d364f:group-353CDCAB4EAA:LeaderElection83] INFO  server.RaftServerConfigKeys (ConfUtils.java:logGet(43)) - raft.server.rpc.sleep.time = 25ms (default)
2019-09-19 08:59:00,744 [9b5d8b34-2569-4d93-9fd9-024f418d364f:group-353CDCAB4EAA:LeaderElection83] INFO  server.RaftServerConfigKeys (ConfUtils.java:logGet(43)) - raft.server.write.element-limit = 4096 (default)
2019-09-19 08:59:00,744 [9b5d8b34-2569-4d93-9fd9-024f418d364f:group-353CDCAB4EAA:LeaderElection83] INFO  server.RaftServerConfigKeys (ConfUtils.java:logGet(43)) - raft.server.watch.timeout = 10s (default)
2019-09-19 08:59:00,744 [9b5d8b34-2569-4d93-9fd9-024f418d364f:group-353CDCAB4EAA:LeaderElection83] INFO  server.RaftServerConfigKeys (ConfUtils.java:logGet(43)) - raft.server.watch.timeout.denomination = 1s (default)
2019-09-19 08:59:00,744 [9b5d8b34-2569-4d93-9fd9-024f418d364f:group-353CDCAB4EAA:LeaderElection83] INFO  server.RaftServerConfigKeys (ConfUtils.java:logGet(43)) - raft.server.watch.element-limit = 65536 (default)
2019-09-19 08:59:00,744 [9b5d8b34-2569-4d93-9fd9-024f418d364f:group-353CDCAB4EAA:LeaderElection83] INFO  impl.RoleInfo (RoleInfo.java:updateAndGet(143)) - 9b5d8b34-2569-4d93-9fd9-024f418d364f: start LeaderState
2019-09-19 08:59:00,745 [9b5d8b34-2569-4d93-9fd9-024f418d364f:group-353CDCAB4EAA:LeaderElection83] INFO  segmented.SegmentedRaftLogWorker (SegmentedRaftLogWorker.java:startLogSegment(380)) - 9b5d8b34-2569-4d93-9fd9-024f418d364f-SegmentedRaftLogWorker:Storage Directory /workdir/hadoop-ozone/integration-test/target/test-dir/MiniOzoneClusterImpl-66e2a49b-37e1-46c5-a16c-3b22c3c736b2/datanode-3/data/ratis/86cc9d77-0760-4e6a-952e-353cdcab4eaa: Starting segment from index:0
2019-09-19 08:59:00,745 [9b5d8b34-2569-4d93-9fd9-024f418d364f:group-353CDCAB4EAA:LeaderElection83] INFO  impl.RaftServerImpl (ServerState.java:setRaftConf(361)) - 9b5d8b34-2569-4d93-9fd9-024f418d364f:group-353CDCAB4EAA set configuration 0: [9b5d8b34-2569-4d93-9fd9-024f418d364f:192.168.34.5:34928], old=null at 0
2019-09-19 08:59:00,783 [9b5d8b34-2569-4d93-9fd9-024f418d364f-SegmentedRaftLogWorker:Storage Directory /workdir/hadoop-ozone/integration-test/target/test-dir/MiniOzoneClusterImpl-66e2a49b-37e1-46c5-a16c-3b22c3c736b2/datanode-3/data/ratis/08ed0453-1fe4-4b2d-b8e5-c801a8f28891] INFO  segmented.SegmentedRaftLogWorker (SegmentedRaftLogWorker.java:execute(569)) - 9b5d8b34-2569-4d93-9fd9-024f418d364f-SegmentedRaftLogWorker:Storage Directory /workdir/hadoop-ozone/integration-test/target/test-dir/MiniOzoneClusterImpl-66e2a49b-37e1-46c5-a16c-3b22c3c736b2/datanode-3/data/ratis/08ed0453-1fe4-4b2d-b8e5-c801a8f28891: created new log segment /workdir/hadoop-ozone/integration-test/target/test-dir/MiniOzoneClusterImpl-66e2a49b-37e1-46c5-a16c-3b22c3c736b2/datanode-3/data/ratis/08ed0453-1fe4-4b2d-b8e5-c801a8f28891/current/log_inprogress_0
2019-09-19 08:59:00,783 [9b5d8b34-2569-4d93-9fd9-024f418d364f-SegmentedRaftLogWorker:Storage Directory /workdir/hadoop-ozone/integration-test/target/test-dir/MiniOzoneClusterImpl-66e2a49b-37e1-46c5-a16c-3b22c3c736b2/datanode-3/data/ratis/86cc9d77-0760-4e6a-952e-353cdcab4eaa] INFO  segmented.SegmentedRaftLogWorker (SegmentedRaftLogWorker.java:execute(569)) - 9b5d8b34-2569-4d93-9fd9-024f418d364f-SegmentedRaftLogWorker:Storage Directory /workdir/hadoop-ozone/integration-test/target/test-dir/MiniOzoneClusterImpl-66e2a49b-37e1-46c5-a16c-3b22c3c736b2/datanode-3/data/ratis/86cc9d77-0760-4e6a-952e-353cdcab4eaa: created new log segment /workdir/hadoop-ozone/integration-test/target/test-dir/MiniOzoneClusterImpl-66e2a49b-37e1-46c5-a16c-3b22c3c736b2/datanode-3/data/ratis/86cc9d77-0760-4e6a-952e-353cdcab4eaa/current/log_inprogress_0
2019-09-19 08:59:00,783 [9b5d8b34-2569-4d93-9fd9-024f418d364f-SegmentedRaftLogWorker:Storage Directory /workdir/hadoop-ozone/integration-test/target/test-dir/MiniOzoneClusterImpl-66e2a49b-37e1-46c5-a16c-3b22c3c736b2/datanode-3/data/ratis/76ed1e1a-acfa-4192-a2f5-078cd64cfad5] INFO  segmented.SegmentedRaftLogWorker (SegmentedRaftLogWorker.java:execute(569)) - 9b5d8b34-2569-4d93-9fd9-024f418d364f-SegmentedRaftLogWorker:Storage Directory /workdir/hadoop-ozone/integration-test/target/test-dir/MiniOzoneClusterImpl-66e2a49b-37e1-46c5-a16c-3b22c3c736b2/datanode-3/data/ratis/76ed1e1a-acfa-4192-a2f5-078cd64cfad5: created new log segment /workdir/hadoop-ozone/integration-test/target/test-dir/MiniOzoneClusterImpl-66e2a49b-37e1-46c5-a16c-3b22c3c736b2/datanode-3/data/ratis/76ed1e1a-acfa-4192-a2f5-078cd64cfad5/current/log_inprogress_0
2019-09-19 08:59:00,799 [Thread-877] INFO  impl.FollowerState (FollowerState.java:run(106)) - ad3886cc-8cf9-46e9-a9d5-925411a00d68:group-530A3BE724B9 changes to CANDIDATE, lastRpcTime:1013, electionTimeout:1013ms
2019-09-19 08:59:00,799 [Thread-877] INFO  impl.RoleInfo (RoleInfo.java:shutdownFollowerState(121)) - ad3886cc-8cf9-46e9-a9d5-925411a00d68: shutdown FollowerState
2019-09-19 08:59:00,799 [Thread-877] INFO  impl.RaftServerImpl (RaftServerImpl.java:setRole(171)) - ad3886cc-8cf9-46e9-a9d5-925411a00d68:group-530A3BE724B9 changes role from FOLLOWER to CANDIDATE at term 0 for changeToCandidate
2019-09-19 08:59:00,800 [Thread-877] INFO  impl.RoleInfo (RoleInfo.java:updateAndGet(143)) - ad3886cc-8cf9-46e9-a9d5-925411a00d68: start LeaderElection
2019-09-19 08:59:00,803 [ad3886cc-8cf9-46e9-a9d5-925411a00d68:group-530A3BE724B9:LeaderElection84] INFO  impl.LeaderElection (LeaderElection.java:askForVotes(181)) - ad3886cc-8cf9-46e9-a9d5-925411a00d68:group-530A3BE724B9:LeaderElection84: begin an election at term 1 for -1: [ad3886cc-8cf9-46e9-a9d5-925411a00d68:192.168.34.5:33007], old=null
2019-09-19 08:59:00,803 [ad3886cc-8cf9-46e9-a9d5-925411a00d68:group-530A3BE724B9:LeaderElection84] INFO  impl.RoleInfo (RoleInfo.java:shutdownLeaderElection(134)) - ad3886cc-8cf9-46e9-a9d5-925411a00d68: shutdown LeaderElection
2019-09-19 08:59:00,803 [ad3886cc-8cf9-46e9-a9d5-925411a00d68:group-530A3BE724B9:LeaderElection84] INFO  impl.RaftServerImpl (RaftServerImpl.java:setRole(171)) - ad3886cc-8cf9-46e9-a9d5-925411a00d68:group-530A3BE724B9 changes role from CANDIDATE to LEADER at term 1 for changeToLeader
2019-09-19 08:59:00,804 [ad3886cc-8cf9-46e9-a9d5-925411a00d68:group-530A3BE724B9:LeaderElection84] INFO  impl.RaftServerImpl (ServerState.java:setLeader(263)) - ad3886cc-8cf9-46e9-a9d5-925411a00d68:group-530A3BE724B9 change Leader from null to ad3886cc-8cf9-46e9-a9d5-925411a00d68 at term 1 for becomeLeader, leader elected after 1020ms
2019-09-19 08:59:00,804 [ad3886cc-8cf9-46e9-a9d5-925411a00d68:group-530A3BE724B9:LeaderElection84] INFO  server.RaftServerConfigKeys (ConfUtils.java:logGet(43)) - raft.server.staging.catchup.gap = 1000 (default)
2019-09-19 08:59:00,804 [ad3886cc-8cf9-46e9-a9d5-925411a00d68:group-530A3BE724B9:LeaderElection84] INFO  server.RaftServerConfigKeys (ConfUtils.java:logGet(43)) - raft.server.rpc.sleep.time = 25ms (default)
2019-09-19 08:59:00,804 [ad3886cc-8cf9-46e9-a9d5-925411a00d68:group-530A3BE724B9:LeaderElection84] INFO  server.RaftServerConfigKeys (ConfUtils.java:logGet(43)) - raft.server.write.element-limit = 4096 (default)
2019-09-19 08:59:00,804 [ad3886cc-8cf9-46e9-a9d5-925411a00d68:group-530A3BE724B9:LeaderElection84] INFO  server.RaftServerConfigKeys (ConfUtils.java:logGet(43)) - raft.server.watch.timeout = 10s (default)
2019-09-19 08:59:00,804 [ad3886cc-8cf9-46e9-a9d5-925411a00d68:group-530A3BE724B9:LeaderElection84] INFO  server.RaftServerConfigKeys (ConfUtils.java:logGet(43)) - raft.server.watch.timeout.denomination = 1s (default)
2019-09-19 08:59:00,804 [ad3886cc-8cf9-46e9-a9d5-925411a00d68:group-530A3BE724B9:LeaderElection84] INFO  server.RaftServerConfigKeys (ConfUtils.java:logGet(43)) - raft.server.watch.element-limit = 65536 (default)
2019-09-19 08:59:00,805 [ad3886cc-8cf9-46e9-a9d5-925411a00d68:group-530A3BE724B9:LeaderElection84] INFO  impl.RoleInfo (RoleInfo.java:updateAndGet(143)) - ad3886cc-8cf9-46e9-a9d5-925411a00d68: start LeaderState
2019-09-19 08:59:00,805 [ad3886cc-8cf9-46e9-a9d5-925411a00d68:group-530A3BE724B9:LeaderElection84] INFO  segmented.SegmentedRaftLogWorker (SegmentedRaftLogWorker.java:startLogSegment(380)) - ad3886cc-8cf9-46e9-a9d5-925411a00d68-SegmentedRaftLogWorker:Storage Directory /workdir/hadoop-ozone/integration-test/target/test-dir/MiniOzoneClusterImpl-66e2a49b-37e1-46c5-a16c-3b22c3c736b2/datanode-4/data/ratis/95d14de9-e7f5-4f3c-83a9-530a3be724b9: Starting segment from index:0
2019-09-19 08:59:00,805 [ad3886cc-8cf9-46e9-a9d5-925411a00d68:group-530A3BE724B9:LeaderElection84] INFO  impl.RaftServerImpl (ServerState.java:setRaftConf(361)) - ad3886cc-8cf9-46e9-a9d5-925411a00d68:group-530A3BE724B9 set configuration 0: [ad3886cc-8cf9-46e9-a9d5-925411a00d68:192.168.34.5:33007], old=null at 0
2019-09-19 08:59:00,845 | INFO  | SCMAudit | user=jenkins1000 | ip=192.168.34.5 | op=SEND_HEARTBEAT {datanodeUUID=a1d91341-8f9e-4ad5-9509-8a616163aa58, command=[]} | ret=SUCCESS |  
2019-09-19 08:59:00,851 [ad3886cc-8cf9-46e9-a9d5-925411a00d68-SegmentedRaftLogWorker:Storage Directory /workdir/hadoop-ozone/integration-test/target/test-dir/MiniOzoneClusterImpl-66e2a49b-37e1-46c5-a16c-3b22c3c736b2/datanode-4/data/ratis/95d14de9-e7f5-4f3c-83a9-530a3be724b9] INFO  segmented.SegmentedRaftLogWorker (SegmentedRaftLogWorker.java:execute(569)) - ad3886cc-8cf9-46e9-a9d5-925411a00d68-SegmentedRaftLogWorker:Storage Directory /workdir/hadoop-ozone/integration-test/target/test-dir/MiniOzoneClusterImpl-66e2a49b-37e1-46c5-a16c-3b22c3c736b2/datanode-4/data/ratis/95d14de9-e7f5-4f3c-83a9-530a3be724b9: created new log segment /workdir/hadoop-ozone/integration-test/target/test-dir/MiniOzoneClusterImpl-66e2a49b-37e1-46c5-a16c-3b22c3c736b2/datanode-4/data/ratis/95d14de9-e7f5-4f3c-83a9-530a3be724b9/current/log_inprogress_0
2019-09-19 08:59:00,859 [Thread-880] INFO  impl.FollowerState (FollowerState.java:run(106)) - ad3886cc-8cf9-46e9-a9d5-925411a00d68:group-28EF77F798FC changes to CANDIDATE, lastRpcTime:1044, electionTimeout:1044ms
2019-09-19 08:59:00,859 [Thread-880] INFO  impl.RoleInfo (RoleInfo.java:shutdownFollowerState(121)) - ad3886cc-8cf9-46e9-a9d5-925411a00d68: shutdown FollowerState
2019-09-19 08:59:00,860 [Thread-880] INFO  impl.RaftServerImpl (RaftServerImpl.java:setRole(171)) - ad3886cc-8cf9-46e9-a9d5-925411a00d68:group-28EF77F798FC changes role from FOLLOWER to CANDIDATE at term 0 for changeToCandidate
2019-09-19 08:59:00,860 [Thread-880] INFO  impl.RoleInfo (RoleInfo.java:updateAndGet(143)) - ad3886cc-8cf9-46e9-a9d5-925411a00d68: start LeaderElection
2019-09-19 08:59:00,864 [ad3886cc-8cf9-46e9-a9d5-925411a00d68:group-28EF77F798FC:LeaderElection85] INFO  impl.LeaderElection (LeaderElection.java:askForVotes(181)) - ad3886cc-8cf9-46e9-a9d5-925411a00d68:group-28EF77F798FC:LeaderElection85: begin an election at term 1 for -1: [ad3886cc-8cf9-46e9-a9d5-925411a00d68:192.168.34.5:33007], old=null
2019-09-19 08:59:00,864 [ad3886cc-8cf9-46e9-a9d5-925411a00d68:group-28EF77F798FC:LeaderElection85] INFO  impl.RoleInfo (RoleInfo.java:shutdownLeaderElection(134)) - ad3886cc-8cf9-46e9-a9d5-925411a00d68: shutdown LeaderElection
2019-09-19 08:59:00,864 [ad3886cc-8cf9-46e9-a9d5-925411a00d68:group-28EF77F798FC:LeaderElection85] INFO  impl.RaftServerImpl (RaftServerImpl.java:setRole(171)) - ad3886cc-8cf9-46e9-a9d5-925411a00d68:group-28EF77F798FC changes role from CANDIDATE to LEADER at term 1 for changeToLeader
2019-09-19 08:59:00,865 [ad3886cc-8cf9-46e9-a9d5-925411a00d68:group-28EF77F798FC:LeaderElection85] INFO  impl.RaftServerImpl (ServerState.java:setLeader(263)) - ad3886cc-8cf9-46e9-a9d5-925411a00d68:group-28EF77F798FC change Leader from null to ad3886cc-8cf9-46e9-a9d5-925411a00d68 at term 1 for becomeLeader, leader elected after 1052ms
2019-09-19 08:59:00,865 [ad3886cc-8cf9-46e9-a9d5-925411a00d68:group-28EF77F798FC:LeaderElection85] INFO  server.RaftServerConfigKeys (ConfUtils.java:logGet(43)) - raft.server.staging.catchup.gap = 1000 (default)
2019-09-19 08:59:00,865 [ad3886cc-8cf9-46e9-a9d5-925411a00d68:group-28EF77F798FC:LeaderElection85] INFO  server.RaftServerConfigKeys (ConfUtils.java:logGet(43)) - raft.server.rpc.sleep.time = 25ms (default)
2019-09-19 08:59:00,865 [ad3886cc-8cf9-46e9-a9d5-925411a00d68:group-28EF77F798FC:LeaderElection85] INFO  server.RaftServerConfigKeys (ConfUtils.java:logGet(43)) - raft.server.write.element-limit = 4096 (default)
2019-09-19 08:59:00,865 [ad3886cc-8cf9-46e9-a9d5-925411a00d68:group-28EF77F798FC:LeaderElection85] INFO  server.RaftServerConfigKeys (ConfUtils.java:logGet(43)) - raft.server.watch.timeout = 10s (default)
2019-09-19 08:59:00,865 [ad3886cc-8cf9-46e9-a9d5-925411a00d68:group-28EF77F798FC:LeaderElection85] INFO  server.RaftServerConfigKeys (ConfUtils.java:logGet(43)) - raft.server.watch.timeout.denomination = 1s (default)
2019-09-19 08:59:00,866 [ad3886cc-8cf9-46e9-a9d5-925411a00d68:group-28EF77F798FC:LeaderElection85] INFO  server.RaftServerConfigKeys (ConfUtils.java:logGet(43)) - raft.server.watch.element-limit = 65536 (default)
2019-09-19 08:59:00,866 [ad3886cc-8cf9-46e9-a9d5-925411a00d68:group-28EF77F798FC:LeaderElection85] INFO  impl.RoleInfo (RoleInfo.java:updateAndGet(143)) - ad3886cc-8cf9-46e9-a9d5-925411a00d68: start LeaderState
2019-09-19 08:59:00,866 [ad3886cc-8cf9-46e9-a9d5-925411a00d68:group-28EF77F798FC:LeaderElection85] INFO  segmented.SegmentedRaftLogWorker (SegmentedRaftLogWorker.java:startLogSegment(380)) - ad3886cc-8cf9-46e9-a9d5-925411a00d68-SegmentedRaftLogWorker:Storage Directory /workdir/hadoop-ozone/integration-test/target/test-dir/MiniOzoneClusterImpl-66e2a49b-37e1-46c5-a16c-3b22c3c736b2/datanode-4/data/ratis/3c9656ee-f337-41ef-b41c-28ef77f798fc: Starting segment from index:0
2019-09-19 08:59:00,867 [ad3886cc-8cf9-46e9-a9d5-925411a00d68:group-28EF77F798FC:LeaderElection85] INFO  impl.RaftServerImpl (ServerState.java:setRaftConf(361)) - ad3886cc-8cf9-46e9-a9d5-925411a00d68:group-28EF77F798FC set configuration 0: [ad3886cc-8cf9-46e9-a9d5-925411a00d68:192.168.34.5:33007], old=null at 0
2019-09-19 08:59:00,902 [Thread-874] INFO  impl.FollowerState (FollowerState.java:run(106)) - 9b5d8b34-2569-4d93-9fd9-024f418d364f:group-40678D0B94A7 changes to CANDIDATE, lastRpcTime:1150, electionTimeout:1150ms
2019-09-19 08:59:00,902 [Thread-874] INFO  impl.RoleInfo (RoleInfo.java:shutdownFollowerState(121)) - 9b5d8b34-2569-4d93-9fd9-024f418d364f: shutdown FollowerState
2019-09-19 08:59:00,902 [Thread-874] INFO  impl.RaftServerImpl (RaftServerImpl.java:setRole(171)) - 9b5d8b34-2569-4d93-9fd9-024f418d364f:group-40678D0B94A7 changes role from FOLLOWER to CANDIDATE at term 0 for changeToCandidate
2019-09-19 08:59:00,903 [Thread-874] INFO  impl.RoleInfo (RoleInfo.java:updateAndGet(143)) - 9b5d8b34-2569-4d93-9fd9-024f418d364f: start LeaderElection
2019-09-19 08:59:00,909 [ad3886cc-8cf9-46e9-a9d5-925411a00d68-SegmentedRaftLogWorker:Storage Directory /workdir/hadoop-ozone/integration-test/target/test-dir/MiniOzoneClusterImpl-66e2a49b-37e1-46c5-a16c-3b22c3c736b2/datanode-4/data/ratis/3c9656ee-f337-41ef-b41c-28ef77f798fc] INFO  segmented.SegmentedRaftLogWorker (SegmentedRaftLogWorker.java:execute(569)) - ad3886cc-8cf9-46e9-a9d5-925411a00d68-SegmentedRaftLogWorker:Storage Directory /workdir/hadoop-ozone/integration-test/target/test-dir/MiniOzoneClusterImpl-66e2a49b-37e1-46c5-a16c-3b22c3c736b2/datanode-4/data/ratis/3c9656ee-f337-41ef-b41c-28ef77f798fc: created new log segment /workdir/hadoop-ozone/integration-test/target/test-dir/MiniOzoneClusterImpl-66e2a49b-37e1-46c5-a16c-3b22c3c736b2/datanode-4/data/ratis/3c9656ee-f337-41ef-b41c-28ef77f798fc/current/log_inprogress_0
2019-09-19 08:59:00,909 [9b5d8b34-2569-4d93-9fd9-024f418d364f:group-40678D0B94A7:LeaderElection86] INFO  impl.LeaderElection (LeaderElection.java:askForVotes(181)) - 9b5d8b34-2569-4d93-9fd9-024f418d364f:group-40678D0B94A7:LeaderElection86: begin an election at term 1 for -1: [9b5d8b34-2569-4d93-9fd9-024f418d364f:192.168.34.5:34928], old=null
2019-09-19 08:59:00,909 [9b5d8b34-2569-4d93-9fd9-024f418d364f:group-40678D0B94A7:LeaderElection86] INFO  impl.RoleInfo (RoleInfo.java:shutdownLeaderElection(134)) - 9b5d8b34-2569-4d93-9fd9-024f418d364f: shutdown LeaderElection
2019-09-19 08:59:00,909 [9b5d8b34-2569-4d93-9fd9-024f418d364f:group-40678D0B94A7:LeaderElection86] INFO  impl.RaftServerImpl (RaftServerImpl.java:setRole(171)) - 9b5d8b34-2569-4d93-9fd9-024f418d364f:group-40678D0B94A7 changes role from CANDIDATE to LEADER at term 1 for changeToLeader
2019-09-19 08:59:00,909 [9b5d8b34-2569-4d93-9fd9-024f418d364f:group-40678D0B94A7:LeaderElection86] INFO  impl.RaftServerImpl (ServerState.java:setLeader(263)) - 9b5d8b34-2569-4d93-9fd9-024f418d364f:group-40678D0B94A7 change Leader from null to 9b5d8b34-2569-4d93-9fd9-024f418d364f at term 1 for becomeLeader, leader elected after 1161ms
2019-09-19 08:59:00,909 [9b5d8b34-2569-4d93-9fd9-024f418d364f:group-40678D0B94A7:LeaderElection86] INFO  server.RaftServerConfigKeys (ConfUtils.java:logGet(43)) - raft.server.staging.catchup.gap = 1000 (default)
2019-09-19 08:59:00,909 [9b5d8b34-2569-4d93-9fd9-024f418d364f:group-40678D0B94A7:LeaderElection86] INFO  server.RaftServerConfigKeys (ConfUtils.java:logGet(43)) - raft.server.rpc.sleep.time = 25ms (default)
2019-09-19 08:59:00,909 [9b5d8b34-2569-4d93-9fd9-024f418d364f:group-40678D0B94A7:LeaderElection86] INFO  server.RaftServerConfigKeys (ConfUtils.java:logGet(43)) - raft.server.write.element-limit = 4096 (default)
2019-09-19 08:59:00,910 [9b5d8b34-2569-4d93-9fd9-024f418d364f:group-40678D0B94A7:LeaderElection86] INFO  server.RaftServerConfigKeys (ConfUtils.java:logGet(43)) - raft.server.watch.timeout = 10s (default)
2019-09-19 08:59:00,910 [9b5d8b34-2569-4d93-9fd9-024f418d364f:group-40678D0B94A7:LeaderElection86] INFO  server.RaftServerConfigKeys (ConfUtils.java:logGet(43)) - raft.server.watch.timeout.denomination = 1s (default)
2019-09-19 08:59:00,910 [9b5d8b34-2569-4d93-9fd9-024f418d364f:group-40678D0B94A7:LeaderElection86] INFO  server.RaftServerConfigKeys (ConfUtils.java:logGet(43)) - raft.server.watch.element-limit = 65536 (default)
2019-09-19 08:59:00,910 [9b5d8b34-2569-4d93-9fd9-024f418d364f:group-40678D0B94A7:LeaderElection86] INFO  impl.RoleInfo (RoleInfo.java:updateAndGet(143)) - 9b5d8b34-2569-4d93-9fd9-024f418d364f: start LeaderState
2019-09-19 08:59:00,910 [9b5d8b34-2569-4d93-9fd9-024f418d364f:group-40678D0B94A7:LeaderElection86] INFO  segmented.SegmentedRaftLogWorker (SegmentedRaftLogWorker.java:startLogSegment(380)) - 9b5d8b34-2569-4d93-9fd9-024f418d364f-SegmentedRaftLogWorker:Storage Directory /workdir/hadoop-ozone/integration-test/target/test-dir/MiniOzoneClusterImpl-66e2a49b-37e1-46c5-a16c-3b22c3c736b2/datanode-3/data/ratis/97bf4836-a1cd-4710-b5aa-40678d0b94a7: Starting segment from index:0
2019-09-19 08:59:00,911 [9b5d8b34-2569-4d93-9fd9-024f418d364f:group-40678D0B94A7:LeaderElection86] INFO  impl.RaftServerImpl (ServerState.java:setRaftConf(361)) - 9b5d8b34-2569-4d93-9fd9-024f418d364f:group-40678D0B94A7 set configuration 0: [9b5d8b34-2569-4d93-9fd9-024f418d364f:192.168.34.5:34928], old=null at 0
2019-09-19 08:59:00,919 [Thread-883] INFO  impl.FollowerState (FollowerState.java:run(106)) - ad3886cc-8cf9-46e9-a9d5-925411a00d68:group-6DD0BC37F79F changes to CANDIDATE, lastRpcTime:1055, electionTimeout:1055ms
2019-09-19 08:59:00,920 [Thread-883] INFO  impl.RoleInfo (RoleInfo.java:shutdownFollowerState(121)) - ad3886cc-8cf9-46e9-a9d5-925411a00d68: shutdown FollowerState
2019-09-19 08:59:00,920 [Thread-883] INFO  impl.RaftServerImpl (RaftServerImpl.java:setRole(171)) - ad3886cc-8cf9-46e9-a9d5-925411a00d68:group-6DD0BC37F79F changes role from FOLLOWER to CANDIDATE at term 0 for changeToCandidate
2019-09-19 08:59:00,920 [Thread-883] INFO  impl.RoleInfo (RoleInfo.java:updateAndGet(143)) - ad3886cc-8cf9-46e9-a9d5-925411a00d68: start LeaderElection
2019-09-19 08:59:00,934 [ad3886cc-8cf9-46e9-a9d5-925411a00d68:group-6DD0BC37F79F:LeaderElection87] INFO  impl.LeaderElection (LeaderElection.java:askForVotes(181)) - ad3886cc-8cf9-46e9-a9d5-925411a00d68:group-6DD0BC37F79F:LeaderElection87: begin an election at term 1 for -1: [ad3886cc-8cf9-46e9-a9d5-925411a00d68:192.168.34.5:33007], old=null
2019-09-19 08:59:00,935 [ad3886cc-8cf9-46e9-a9d5-925411a00d68:group-6DD0BC37F79F:LeaderElection87] INFO  impl.RoleInfo (RoleInfo.java:shutdownLeaderElection(134)) - ad3886cc-8cf9-46e9-a9d5-925411a00d68: shutdown LeaderElection
2019-09-19 08:59:00,935 [ad3886cc-8cf9-46e9-a9d5-925411a00d68:group-6DD0BC37F79F:LeaderElection87] INFO  impl.RaftServerImpl (RaftServerImpl.java:setRole(171)) - ad3886cc-8cf9-46e9-a9d5-925411a00d68:group-6DD0BC37F79F changes role from CANDIDATE to LEADER at term 1 for changeToLeader
2019-09-19 08:59:00,935 [ad3886cc-8cf9-46e9-a9d5-925411a00d68:group-6DD0BC37F79F:LeaderElection87] INFO  impl.RaftServerImpl (ServerState.java:setLeader(263)) - ad3886cc-8cf9-46e9-a9d5-925411a00d68:group-6DD0BC37F79F change Leader from null to ad3886cc-8cf9-46e9-a9d5-925411a00d68 at term 1 for becomeLeader, leader elected after 1075ms
2019-09-19 08:59:00,935 [ad3886cc-8cf9-46e9-a9d5-925411a00d68:group-6DD0BC37F79F:LeaderElection87] INFO  server.RaftServerConfigKeys (ConfUtils.java:logGet(43)) - raft.server.staging.catchup.gap = 1000 (default)
2019-09-19 08:59:00,935 [ad3886cc-8cf9-46e9-a9d5-925411a00d68:group-6DD0BC37F79F:LeaderElection87] INFO  server.RaftServerConfigKeys (ConfUtils.java:logGet(43)) - raft.server.rpc.sleep.time = 25ms (default)
2019-09-19 08:59:00,935 [ad3886cc-8cf9-46e9-a9d5-925411a00d68:group-6DD0BC37F79F:LeaderElection87] INFO  server.RaftServerConfigKeys (ConfUtils.java:logGet(43)) - raft.server.write.element-limit = 4096 (default)
2019-09-19 08:59:00,935 [ad3886cc-8cf9-46e9-a9d5-925411a00d68:group-6DD0BC37F79F:LeaderElection87] INFO  server.RaftServerConfigKeys (ConfUtils.java:logGet(43)) - raft.server.watch.timeout = 10s (default)
2019-09-19 08:59:00,935 [ad3886cc-8cf9-46e9-a9d5-925411a00d68:group-6DD0BC37F79F:LeaderElection87] INFO  server.RaftServerConfigKeys (ConfUtils.java:logGet(43)) - raft.server.watch.timeout.denomination = 1s (default)
2019-09-19 08:59:00,936 [ad3886cc-8cf9-46e9-a9d5-925411a00d68:group-6DD0BC37F79F:LeaderElection87] INFO  server.RaftServerConfigKeys (ConfUtils.java:logGet(43)) - raft.server.watch.element-limit = 65536 (default)
2019-09-19 08:59:00,936 [ad3886cc-8cf9-46e9-a9d5-925411a00d68:group-6DD0BC37F79F:LeaderElection87] INFO  impl.RoleInfo (RoleInfo.java:updateAndGet(143)) - ad3886cc-8cf9-46e9-a9d5-925411a00d68: start LeaderState
2019-09-19 08:59:00,936 [ad3886cc-8cf9-46e9-a9d5-925411a00d68:group-6DD0BC37F79F:LeaderElection87] INFO  segmented.SegmentedRaftLogWorker (SegmentedRaftLogWorker.java:startLogSegment(380)) - ad3886cc-8cf9-46e9-a9d5-925411a00d68-SegmentedRaftLogWorker:Storage Directory /workdir/hadoop-ozone/integration-test/target/test-dir/MiniOzoneClusterImpl-66e2a49b-37e1-46c5-a16c-3b22c3c736b2/datanode-4/data/ratis/afe9d68d-d83d-43d8-a8dc-6dd0bc37f79f: Starting segment from index:0
2019-09-19 08:59:00,936 [ad3886cc-8cf9-46e9-a9d5-925411a00d68:group-6DD0BC37F79F:LeaderElection87] INFO  impl.RaftServerImpl (ServerState.java:setRaftConf(361)) - ad3886cc-8cf9-46e9-a9d5-925411a00d68:group-6DD0BC37F79F set configuration 0: [ad3886cc-8cf9-46e9-a9d5-925411a00d68:192.168.34.5:33007], old=null at 0
2019-09-19 08:59:00,956 [9b5d8b34-2569-4d93-9fd9-024f418d364f-SegmentedRaftLogWorker:Storage Directory /workdir/hadoop-ozone/integration-test/target/test-dir/MiniOzoneClusterImpl-66e2a49b-37e1-46c5-a16c-3b22c3c736b2/datanode-3/data/ratis/97bf4836-a1cd-4710-b5aa-40678d0b94a7] INFO  segmented.SegmentedRaftLogWorker (SegmentedRaftLogWorker.java:execute(569)) - 9b5d8b34-2569-4d93-9fd9-024f418d364f-SegmentedRaftLogWorker:Storage Directory /workdir/hadoop-ozone/integration-test/target/test-dir/MiniOzoneClusterImpl-66e2a49b-37e1-46c5-a16c-3b22c3c736b2/datanode-3/data/ratis/97bf4836-a1cd-4710-b5aa-40678d0b94a7: created new log segment /workdir/hadoop-ozone/integration-test/target/test-dir/MiniOzoneClusterImpl-66e2a49b-37e1-46c5-a16c-3b22c3c736b2/datanode-3/data/ratis/97bf4836-a1cd-4710-b5aa-40678d0b94a7/current/log_inprogress_0
2019-09-19 08:59:00,962 [Thread-886] INFO  impl.FollowerState (FollowerState.java:run(106)) - ad3886cc-8cf9-46e9-a9d5-925411a00d68:group-E26A51EBC6B4 changes to CANDIDATE, lastRpcTime:1055, electionTimeout:1055ms
2019-09-19 08:59:00,962 [Thread-886] INFO  impl.RoleInfo (RoleInfo.java:shutdownFollowerState(121)) - ad3886cc-8cf9-46e9-a9d5-925411a00d68: shutdown FollowerState
2019-09-19 08:59:00,962 [Thread-886] INFO  impl.RaftServerImpl (RaftServerImpl.java:setRole(171)) - ad3886cc-8cf9-46e9-a9d5-925411a00d68:group-E26A51EBC6B4 changes role from FOLLOWER to CANDIDATE at term 0 for changeToCandidate
2019-09-19 08:59:00,962 [Thread-886] INFO  impl.RoleInfo (RoleInfo.java:updateAndGet(143)) - ad3886cc-8cf9-46e9-a9d5-925411a00d68: start LeaderElection
2019-09-19 08:59:00,982 [ad3886cc-8cf9-46e9-a9d5-925411a00d68-SegmentedRaftLogWorker:Storage Directory /workdir/hadoop-ozone/integration-test/target/test-dir/MiniOzoneClusterImpl-66e2a49b-37e1-46c5-a16c-3b22c3c736b2/datanode-4/data/ratis/afe9d68d-d83d-43d8-a8dc-6dd0bc37f79f] INFO  segmented.SegmentedRaftLogWorker (SegmentedRaftLogWorker.java:execute(569)) - ad3886cc-8cf9-46e9-a9d5-925411a00d68-SegmentedRaftLogWorker:Storage Directory /workdir/hadoop-ozone/integration-test/target/test-dir/MiniOzoneClusterImpl-66e2a49b-37e1-46c5-a16c-3b22c3c736b2/datanode-4/data/ratis/afe9d68d-d83d-43d8-a8dc-6dd0bc37f79f: created new log segment /workdir/hadoop-ozone/integration-test/target/test-dir/MiniOzoneClusterImpl-66e2a49b-37e1-46c5-a16c-3b22c3c736b2/datanode-4/data/ratis/afe9d68d-d83d-43d8-a8dc-6dd0bc37f79f/current/log_inprogress_0
2019-09-19 08:59:00,982 [ad3886cc-8cf9-46e9-a9d5-925411a00d68:group-E26A51EBC6B4:LeaderElection88] INFO  impl.LeaderElection (LeaderElection.java:askForVotes(181)) - ad3886cc-8cf9-46e9-a9d5-925411a00d68:group-E26A51EBC6B4:LeaderElection88: begin an election at term 1 for -1: [ad3886cc-8cf9-46e9-a9d5-925411a00d68:192.168.34.5:33007], old=null
2019-09-19 08:59:00,983 [ad3886cc-8cf9-46e9-a9d5-925411a00d68:group-E26A51EBC6B4:LeaderElection88] INFO  impl.RoleInfo (RoleInfo.java:shutdownLeaderElection(134)) - ad3886cc-8cf9-46e9-a9d5-925411a00d68: shutdown LeaderElection
2019-09-19 08:59:00,983 [ad3886cc-8cf9-46e9-a9d5-925411a00d68:group-E26A51EBC6B4:LeaderElection88] INFO  impl.RaftServerImpl (RaftServerImpl.java:setRole(171)) - ad3886cc-8cf9-46e9-a9d5-925411a00d68:group-E26A51EBC6B4 changes role from CANDIDATE to LEADER at term 1 for changeToLeader
2019-09-19 08:59:00,983 [ad3886cc-8cf9-46e9-a9d5-925411a00d68:group-E26A51EBC6B4:LeaderElection88] INFO  impl.RaftServerImpl (ServerState.java:setLeader(263)) - ad3886cc-8cf9-46e9-a9d5-925411a00d68:group-E26A51EBC6B4 change Leader from null to ad3886cc-8cf9-46e9-a9d5-925411a00d68 at term 1 for becomeLeader, leader elected after 1080ms
2019-09-19 08:59:00,983 [ad3886cc-8cf9-46e9-a9d5-925411a00d68:group-E26A51EBC6B4:LeaderElection88] INFO  server.RaftServerConfigKeys (ConfUtils.java:logGet(43)) - raft.server.staging.catchup.gap = 1000 (default)
2019-09-19 08:59:00,983 [ad3886cc-8cf9-46e9-a9d5-925411a00d68:group-E26A51EBC6B4:LeaderElection88] INFO  server.RaftServerConfigKeys (ConfUtils.java:logGet(43)) - raft.server.rpc.sleep.time = 25ms (default)
2019-09-19 08:59:00,983 [ad3886cc-8cf9-46e9-a9d5-925411a00d68:group-E26A51EBC6B4:LeaderElection88] INFO  server.RaftServerConfigKeys (ConfUtils.java:logGet(43)) - raft.server.write.element-limit = 4096 (default)
2019-09-19 08:59:00,983 [ad3886cc-8cf9-46e9-a9d5-925411a00d68:group-E26A51EBC6B4:LeaderElection88] INFO  server.RaftServerConfigKeys (ConfUtils.java:logGet(43)) - raft.server.watch.timeout = 10s (default)
2019-09-19 08:59:00,984 [ad3886cc-8cf9-46e9-a9d5-925411a00d68:group-E26A51EBC6B4:LeaderElection88] INFO  server.RaftServerConfigKeys (ConfUtils.java:logGet(43)) - raft.server.watch.timeout.denomination = 1s (default)
2019-09-19 08:59:00,984 [ad3886cc-8cf9-46e9-a9d5-925411a00d68:group-E26A51EBC6B4:LeaderElection88] INFO  server.RaftServerConfigKeys (ConfUtils.java:logGet(43)) - raft.server.watch.element-limit = 65536 (default)
2019-09-19 08:59:00,984 [ad3886cc-8cf9-46e9-a9d5-925411a00d68:group-E26A51EBC6B4:LeaderElection88] INFO  impl.RoleInfo (RoleInfo.java:updateAndGet(143)) - ad3886cc-8cf9-46e9-a9d5-925411a00d68: start LeaderState
2019-09-19 08:59:00,984 [ad3886cc-8cf9-46e9-a9d5-925411a00d68:group-E26A51EBC6B4:LeaderElection88] INFO  segmented.SegmentedRaftLogWorker (SegmentedRaftLogWorker.java:startLogSegment(380)) - ad3886cc-8cf9-46e9-a9d5-925411a00d68-SegmentedRaftLogWorker:Storage Directory /workdir/hadoop-ozone/integration-test/target/test-dir/MiniOzoneClusterImpl-66e2a49b-37e1-46c5-a16c-3b22c3c736b2/datanode-4/data/ratis/1bf34f84-3aff-451a-a36f-e26a51ebc6b4: Starting segment from index:0
2019-09-19 08:59:00,985 [ad3886cc-8cf9-46e9-a9d5-925411a00d68:group-E26A51EBC6B4:LeaderElection88] INFO  impl.RaftServerImpl (ServerState.java:setRaftConf(361)) - ad3886cc-8cf9-46e9-a9d5-925411a00d68:group-E26A51EBC6B4 set configuration 0: [ad3886cc-8cf9-46e9-a9d5-925411a00d68:192.168.34.5:33007], old=null at 0
2019-09-19 08:59:01,022 [ad3886cc-8cf9-46e9-a9d5-925411a00d68-SegmentedRaftLogWorker:Storage Directory /workdir/hadoop-ozone/integration-test/target/test-dir/MiniOzoneClusterImpl-66e2a49b-37e1-46c5-a16c-3b22c3c736b2/datanode-4/data/ratis/1bf34f84-3aff-451a-a36f-e26a51ebc6b4] INFO  segmented.SegmentedRaftLogWorker (SegmentedRaftLogWorker.java:execute(569)) - ad3886cc-8cf9-46e9-a9d5-925411a00d68-SegmentedRaftLogWorker:Storage Directory /workdir/hadoop-ozone/integration-test/target/test-dir/MiniOzoneClusterImpl-66e2a49b-37e1-46c5-a16c-3b22c3c736b2/datanode-4/data/ratis/1bf34f84-3aff-451a-a36f-e26a51ebc6b4: created new log segment /workdir/hadoop-ozone/integration-test/target/test-dir/MiniOzoneClusterImpl-66e2a49b-37e1-46c5-a16c-3b22c3c736b2/datanode-4/data/ratis/1bf34f84-3aff-451a-a36f-e26a51ebc6b4/current/log_inprogress_0
2019-09-19 08:59:01,063 [Thread-889] INFO  impl.FollowerState (FollowerState.java:run(106)) - ad3886cc-8cf9-46e9-a9d5-925411a00d68:group-414407D09381 changes to CANDIDATE, lastRpcTime:1116, electionTimeout:1116ms
2019-09-19 08:59:01,063 [Thread-889] INFO  impl.RoleInfo (RoleInfo.java:shutdownFollowerState(121)) - ad3886cc-8cf9-46e9-a9d5-925411a00d68: shutdown FollowerState
2019-09-19 08:59:01,064 [Thread-889] INFO  impl.RaftServerImpl (RaftServerImpl.java:setRole(171)) - ad3886cc-8cf9-46e9-a9d5-925411a00d68:group-414407D09381 changes role from FOLLOWER to CANDIDATE at term 0 for changeToCandidate
2019-09-19 08:59:01,064 [Thread-889] INFO  impl.RoleInfo (RoleInfo.java:updateAndGet(143)) - ad3886cc-8cf9-46e9-a9d5-925411a00d68: start LeaderElection
2019-09-19 08:59:01,077 | INFO  | SCMAudit | user=jenkins1000 | ip=192.168.34.5 | op=SEND_HEARTBEAT {datanodeUUID=d1f69eb4-ccd6-48e7-a921-1bf219b44eb4, command=[]} | ret=SUCCESS |  
2019-09-19 08:59:01,077 [ad3886cc-8cf9-46e9-a9d5-925411a00d68:group-414407D09381:LeaderElection89] INFO  impl.LeaderElection (LeaderElection.java:askForVotes(181)) - ad3886cc-8cf9-46e9-a9d5-925411a00d68:group-414407D09381:LeaderElection89: begin an election at term 1 for -1: [ad3886cc-8cf9-46e9-a9d5-925411a00d68:192.168.34.5:33007], old=null
2019-09-19 08:59:01,077 [ad3886cc-8cf9-46e9-a9d5-925411a00d68:group-414407D09381:LeaderElection89] INFO  impl.RoleInfo (RoleInfo.java:shutdownLeaderElection(134)) - ad3886cc-8cf9-46e9-a9d5-925411a00d68: shutdown LeaderElection
2019-09-19 08:59:01,077 [ad3886cc-8cf9-46e9-a9d5-925411a00d68:group-414407D09381:LeaderElection89] INFO  impl.RaftServerImpl (RaftServerImpl.java:setRole(171)) - ad3886cc-8cf9-46e9-a9d5-925411a00d68:group-414407D09381 changes role from CANDIDATE to LEADER at term 1 for changeToLeader
2019-09-19 08:59:01,077 [ad3886cc-8cf9-46e9-a9d5-925411a00d68:group-414407D09381:LeaderElection89] INFO  impl.RaftServerImpl (ServerState.java:setLeader(263)) - ad3886cc-8cf9-46e9-a9d5-925411a00d68:group-414407D09381 change Leader from null to ad3886cc-8cf9-46e9-a9d5-925411a00d68 at term 1 for becomeLeader, leader elected after 1135ms
2019-09-19 08:59:01,078 [ad3886cc-8cf9-46e9-a9d5-925411a00d68:group-414407D09381:LeaderElection89] INFO  server.RaftServerConfigKeys (ConfUtils.java:logGet(43)) - raft.server.staging.catchup.gap = 1000 (default)
2019-09-19 08:59:01,078 [ad3886cc-8cf9-46e9-a9d5-925411a00d68:group-414407D09381:LeaderElection89] INFO  server.RaftServerConfigKeys (ConfUtils.java:logGet(43)) - raft.server.rpc.sleep.time = 25ms (default)
2019-09-19 08:59:01,078 [ad3886cc-8cf9-46e9-a9d5-925411a00d68:group-414407D09381:LeaderElection89] INFO  server.RaftServerConfigKeys (ConfUtils.java:logGet(43)) - raft.server.write.element-limit = 4096 (default)
2019-09-19 08:59:01,078 [ad3886cc-8cf9-46e9-a9d5-925411a00d68:group-414407D09381:LeaderElection89] INFO  server.RaftServerConfigKeys (ConfUtils.java:logGet(43)) - raft.server.watch.timeout = 10s (default)
2019-09-19 08:59:01,078 [ad3886cc-8cf9-46e9-a9d5-925411a00d68:group-414407D09381:LeaderElection89] INFO  server.RaftServerConfigKeys (ConfUtils.java:logGet(43)) - raft.server.watch.timeout.denomination = 1s (default)
2019-09-19 08:59:01,078 [ad3886cc-8cf9-46e9-a9d5-925411a00d68:group-414407D09381:LeaderElection89] INFO  server.RaftServerConfigKeys (ConfUtils.java:logGet(43)) - raft.server.watch.element-limit = 65536 (default)
2019-09-19 08:59:01,078 [ad3886cc-8cf9-46e9-a9d5-925411a00d68:group-414407D09381:LeaderElection89] INFO  impl.RoleInfo (RoleInfo.java:updateAndGet(143)) - ad3886cc-8cf9-46e9-a9d5-925411a00d68: start LeaderState
2019-09-19 08:59:01,079 [ad3886cc-8cf9-46e9-a9d5-925411a00d68:group-414407D09381:LeaderElection89] INFO  segmented.SegmentedRaftLogWorker (SegmentedRaftLogWorker.java:startLogSegment(380)) - ad3886cc-8cf9-46e9-a9d5-925411a00d68-SegmentedRaftLogWorker:Storage Directory /workdir/hadoop-ozone/integration-test/target/test-dir/MiniOzoneClusterImpl-66e2a49b-37e1-46c5-a16c-3b22c3c736b2/datanode-4/data/ratis/d6217a99-b50c-4c29-a5b8-414407d09381: Starting segment from index:0
2019-09-19 08:59:01,079 [ad3886cc-8cf9-46e9-a9d5-925411a00d68:group-414407D09381:LeaderElection89] INFO  impl.RaftServerImpl (ServerState.java:setRaftConf(361)) - ad3886cc-8cf9-46e9-a9d5-925411a00d68:group-414407D09381 set configuration 0: [ad3886cc-8cf9-46e9-a9d5-925411a00d68:192.168.34.5:33007], old=null at 0
2019-09-19 08:59:01,097 [Thread-892] INFO  impl.FollowerState (FollowerState.java:run(106)) - ad3886cc-8cf9-46e9-a9d5-925411a00d68:group-FC77B282DA8B changes to CANDIDATE, lastRpcTime:1112, electionTimeout:1112ms
2019-09-19 08:59:01,097 [Thread-892] INFO  impl.RoleInfo (RoleInfo.java:shutdownFollowerState(121)) - ad3886cc-8cf9-46e9-a9d5-925411a00d68: shutdown FollowerState
2019-09-19 08:59:01,097 [Thread-892] INFO  impl.RaftServerImpl (RaftServerImpl.java:setRole(171)) - ad3886cc-8cf9-46e9-a9d5-925411a00d68:group-FC77B282DA8B changes role from FOLLOWER to CANDIDATE at term 0 for changeToCandidate
2019-09-19 08:59:01,098 [Thread-892] INFO  impl.RoleInfo (RoleInfo.java:updateAndGet(143)) - ad3886cc-8cf9-46e9-a9d5-925411a00d68: start LeaderElection
2019-09-19 08:59:01,124 [ad3886cc-8cf9-46e9-a9d5-925411a00d68:group-FC77B282DA8B:LeaderElection90] INFO  impl.LeaderElection (LeaderElection.java:askForVotes(181)) - ad3886cc-8cf9-46e9-a9d5-925411a00d68:group-FC77B282DA8B:LeaderElection90: begin an election at term 1 for -1: [ad3886cc-8cf9-46e9-a9d5-925411a00d68:192.168.34.5:33007], old=null
2019-09-19 08:59:01,124 [ad3886cc-8cf9-46e9-a9d5-925411a00d68:group-FC77B282DA8B:LeaderElection90] INFO  impl.RoleInfo (RoleInfo.java:shutdownLeaderElection(134)) - ad3886cc-8cf9-46e9-a9d5-925411a00d68: shutdown LeaderElection
2019-09-19 08:59:01,124 [ad3886cc-8cf9-46e9-a9d5-925411a00d68:group-FC77B282DA8B:LeaderElection90] INFO  impl.RaftServerImpl (RaftServerImpl.java:setRole(171)) - ad3886cc-8cf9-46e9-a9d5-925411a00d68:group-FC77B282DA8B changes role from CANDIDATE to LEADER at term 1 for changeToLeader
2019-09-19 08:59:01,124 [ad3886cc-8cf9-46e9-a9d5-925411a00d68:group-FC77B282DA8B:LeaderElection90] INFO  impl.RaftServerImpl (ServerState.java:setLeader(263)) - ad3886cc-8cf9-46e9-a9d5-925411a00d68:group-FC77B282DA8B change Leader from null to ad3886cc-8cf9-46e9-a9d5-925411a00d68 at term 1 for becomeLeader, leader elected after 1142ms
2019-09-19 08:59:01,124 [ad3886cc-8cf9-46e9-a9d5-925411a00d68:group-FC77B282DA8B:LeaderElection90] INFO  server.RaftServerConfigKeys (ConfUtils.java:logGet(43)) - raft.server.staging.catchup.gap = 1000 (default)
2019-09-19 08:59:01,124 [ad3886cc-8cf9-46e9-a9d5-925411a00d68:group-FC77B282DA8B:LeaderElection90] INFO  server.RaftServerConfigKeys (ConfUtils.java:logGet(43)) - raft.server.rpc.sleep.time = 25ms (default)
2019-09-19 08:59:01,125 [ad3886cc-8cf9-46e9-a9d5-925411a00d68:group-FC77B282DA8B:LeaderElection90] INFO  server.RaftServerConfigKeys (ConfUtils.java:logGet(43)) - raft.server.write.element-limit = 4096 (default)
2019-09-19 08:59:01,125 [ad3886cc-8cf9-46e9-a9d5-925411a00d68:group-FC77B282DA8B:LeaderElection90] INFO  server.RaftServerConfigKeys (ConfUtils.java:logGet(43)) - raft.server.watch.timeout = 10s (default)
2019-09-19 08:59:01,125 [ad3886cc-8cf9-46e9-a9d5-925411a00d68:group-FC77B282DA8B:LeaderElection90] INFO  server.RaftServerConfigKeys (ConfUtils.java:logGet(43)) - raft.server.watch.timeout.denomination = 1s (default)
2019-09-19 08:59:01,125 [ad3886cc-8cf9-46e9-a9d5-925411a00d68:group-FC77B282DA8B:LeaderElection90] INFO  server.RaftServerConfigKeys (ConfUtils.java:logGet(43)) - raft.server.watch.element-limit = 65536 (default)
2019-09-19 08:59:01,125 [ad3886cc-8cf9-46e9-a9d5-925411a00d68:group-FC77B282DA8B:LeaderElection90] INFO  impl.RoleInfo (RoleInfo.java:updateAndGet(143)) - ad3886cc-8cf9-46e9-a9d5-925411a00d68: start LeaderState
2019-09-19 08:59:01,125 [ad3886cc-8cf9-46e9-a9d5-925411a00d68:group-FC77B282DA8B:LeaderElection90] INFO  segmented.SegmentedRaftLogWorker (SegmentedRaftLogWorker.java:startLogSegment(380)) - ad3886cc-8cf9-46e9-a9d5-925411a00d68-SegmentedRaftLogWorker:Storage Directory /workdir/hadoop-ozone/integration-test/target/test-dir/MiniOzoneClusterImpl-66e2a49b-37e1-46c5-a16c-3b22c3c736b2/datanode-4/data/ratis/ebaf9505-2fa8-4338-8ce7-fc77b282da8b: Starting segment from index:0
2019-09-19 08:59:01,126 [ad3886cc-8cf9-46e9-a9d5-925411a00d68:group-FC77B282DA8B:LeaderElection90] INFO  impl.RaftServerImpl (ServerState.java:setRaftConf(361)) - ad3886cc-8cf9-46e9-a9d5-925411a00d68:group-FC77B282DA8B set configuration 0: [ad3886cc-8cf9-46e9-a9d5-925411a00d68:192.168.34.5:33007], old=null at 0
2019-09-19 08:59:01,127 [ad3886cc-8cf9-46e9-a9d5-925411a00d68-SegmentedRaftLogWorker:Storage Directory /workdir/hadoop-ozone/integration-test/target/test-dir/MiniOzoneClusterImpl-66e2a49b-37e1-46c5-a16c-3b22c3c736b2/datanode-4/data/ratis/d6217a99-b50c-4c29-a5b8-414407d09381] INFO  segmented.SegmentedRaftLogWorker (SegmentedRaftLogWorker.java:execute(569)) - ad3886cc-8cf9-46e9-a9d5-925411a00d68-SegmentedRaftLogWorker:Storage Directory /workdir/hadoop-ozone/integration-test/target/test-dir/MiniOzoneClusterImpl-66e2a49b-37e1-46c5-a16c-3b22c3c736b2/datanode-4/data/ratis/d6217a99-b50c-4c29-a5b8-414407d09381: created new log segment /workdir/hadoop-ozone/integration-test/target/test-dir/MiniOzoneClusterImpl-66e2a49b-37e1-46c5-a16c-3b22c3c736b2/datanode-4/data/ratis/d6217a99-b50c-4c29-a5b8-414407d09381/current/log_inprogress_0
2019-09-19 08:59:01,177 [ad3886cc-8cf9-46e9-a9d5-925411a00d68-SegmentedRaftLogWorker:Storage Directory /workdir/hadoop-ozone/integration-test/target/test-dir/MiniOzoneClusterImpl-66e2a49b-37e1-46c5-a16c-3b22c3c736b2/datanode-4/data/ratis/ebaf9505-2fa8-4338-8ce7-fc77b282da8b] INFO  segmented.SegmentedRaftLogWorker (SegmentedRaftLogWorker.java:execute(569)) - ad3886cc-8cf9-46e9-a9d5-925411a00d68-SegmentedRaftLogWorker:Storage Directory /workdir/hadoop-ozone/integration-test/target/test-dir/MiniOzoneClusterImpl-66e2a49b-37e1-46c5-a16c-3b22c3c736b2/datanode-4/data/ratis/ebaf9505-2fa8-4338-8ce7-fc77b282da8b: created new log segment /workdir/hadoop-ozone/integration-test/target/test-dir/MiniOzoneClusterImpl-66e2a49b-37e1-46c5-a16c-3b22c3c736b2/datanode-4/data/ratis/ebaf9505-2fa8-4338-8ce7-fc77b282da8b/current/log_inprogress_0
2019-09-19 08:59:01,237 [main] INFO  ozone.MiniOzoneClusterImpl (MiniOzoneClusterImpl.java:lambda$waitForClusterToBeReady$0(142)) - Cluster is ready. Got 6 of 6 DN Heartbeats.
2019-09-19 08:59:01,271 [main] INFO  rpc.RpcClient (RpcClient.java:createVolume(293)) - Creating Volume: datanodefailurehandlingtest, with jenkins1000 as owner.
2019-09-19 08:59:01,274 | INFO  | OMAudit | user=jenkins1000 | ip=127.0.0.1 | op=CREATE_VOLUME {admin=jenkins1000, owner=jenkins1000, volume=datanodefailurehandlingtest, creationTime=1568883541273, quotaInBytes=1152921504606846976} | ret=SUCCESS |  
2019-09-19 08:59:01,283 | INFO  | SCMAudit | user=jenkins1000 | ip=192.168.34.5 | op=SEND_HEARTBEAT {datanodeUUID=c3efbda9-57f4-4798-ad05-3f22f82ad386, command=[]} | ret=SUCCESS |  
2019-09-19 08:59:01,289 | INFO  | OMAudit | user=jenkins1000 | ip=127.0.0.1 | op=READ_VOLUME {volume=datanodefailurehandlingtest} | ret=SUCCESS |  
2019-09-19 08:59:01,291 [main] INFO  rpc.RpcClient (RpcClient.java:createBucket(432)) - Creating Bucket: datanodefailurehandlingtest/datanodefailurehandlingtest, with Versioning false and Storage Type set to DISK and Encryption set to false 
2019-09-19 08:59:01,294 | INFO  | OMAudit | user=jenkins1000 | ip=127.0.0.1 | op=CREATE_BUCKET {volume=datanodefailurehandlingtest, bucket=datanodefailurehandlingtest, acls=[user:jenkins1000:a[ACCESS], group:default:a[ACCESS]], isVersionEnabled=false, storageType=DISK, creationTime=0} | ret=SUCCESS |  
2019-09-19 08:59:01,295 | INFO  | OMAudit | user=jenkins1000 | ip=127.0.0.1 | op=READ_VOLUME {volume=datanodefailurehandlingtest} | ret=SUCCESS |  
2019-09-19 08:59:01,297 | INFO  | OMAudit | user=jenkins1000 | ip=127.0.0.1 | op=READ_BUCKET {volume=datanodefailurehandlingtest, bucket=datanodefailurehandlingtest} | ret=SUCCESS |  
2019-09-19 08:59:01,301 [IPC Server handler 0 on 42406] ERROR pipeline.PipelinePlacementPolicy (PipelinePlacementPolicy.java:meetCriteria(91)) - Pipeline Placement: Doesn't meet the criteria to be viable node. Heaviness: 6
2019-09-19 08:59:01,301 [IPC Server handler 0 on 42406] ERROR pipeline.PipelinePlacementPolicy (PipelinePlacementPolicy.java:meetCriteria(91)) - Pipeline Placement: Doesn't meet the criteria to be viable node. Heaviness: 6
2019-09-19 08:59:01,301 [IPC Server handler 0 on 42406] ERROR pipeline.PipelinePlacementPolicy (PipelinePlacementPolicy.java:meetCriteria(91)) - Pipeline Placement: Doesn't meet the criteria to be viable node. Heaviness: 6
2019-09-19 08:59:01,301 [IPC Server handler 0 on 42406] ERROR pipeline.PipelinePlacementPolicy (PipelinePlacementPolicy.java:meetCriteria(91)) - Pipeline Placement: Doesn't meet the criteria to be viable node. Heaviness: 6
2019-09-19 08:59:01,302 [IPC Server handler 0 on 42406] ERROR pipeline.PipelinePlacementPolicy (PipelinePlacementPolicy.java:meetCriteria(91)) - Pipeline Placement: Doesn't meet the criteria to be viable node. Heaviness: 6
2019-09-19 08:59:01,302 [IPC Server handler 0 on 42406] ERROR pipeline.PipelinePlacementPolicy (PipelinePlacementPolicy.java:meetCriteria(91)) - Pipeline Placement: Doesn't meet the criteria to be viable node. Heaviness: 6
2019-09-19 08:59:01,302 [IPC Server handler 0 on 42406] ERROR pipeline.PipelinePlacementPolicy (PipelinePlacementPolicy.java:filterViableNodes(146)) - Unable to find enough nodes that meet the criteria that cannot engage in more than 5 pipelines. Nodes required: 3 Found: 0, healthy nodes count inNodeManager: 6.
2019-09-19 08:59:01,302 [IPC Server handler 0 on 42406] ERROR pipeline.SCMPipelineManager (SCMPipelineManager.java:createPipeline(161)) - Pipeline creation failed due to exception: Unable to find enough nodes that meet the criteria that cannot engage in more than 5 pipelines. Nodes required: 3 Found: 0, healthy nodes count inNodeManager: 6.
2019-09-19 08:59:01,302 [IPC Server handler 0 on 42406] WARN  block.BlockManagerImpl (BlockManagerImpl.java:allocateBlock(192)) - Pipeline creation failed for type:RATIS factor:THREE. Retrying get pipelines call once.
org.apache.hadoop.hdds.scm.exceptions.SCMException: Unable to find enough nodes that meet the criteria that cannot engage in more than 5 pipelines. Nodes required: 3 Found: 0, healthy nodes count inNodeManager: 6.
	at org.apache.hadoop.hdds.scm.pipeline.PipelinePlacementPolicy.filterViableNodes(PipelinePlacementPolicy.java:147)
	at org.apache.hadoop.hdds.scm.pipeline.PipelinePlacementPolicy.chooseDatanodes(PipelinePlacementPolicy.java:170)
	at org.apache.hadoop.hdds.scm.pipeline.RatisPipelineProvider.create(RatisPipelineProvider.java:92)
	at org.apache.hadoop.hdds.scm.pipeline.PipelineFactory.create(PipelineFactory.java:57)
	at org.apache.hadoop.hdds.scm.pipeline.SCMPipelineManager.createPipeline(SCMPipelineManager.java:149)
	at org.apache.hadoop.hdds.scm.block.BlockManagerImpl.allocateBlock(BlockManagerImpl.java:190)
	at org.apache.hadoop.hdds.scm.server.SCMBlockProtocolServer.allocateBlock(SCMBlockProtocolServer.java:175)
	at org.apache.hadoop.ozone.protocolPB.ScmBlockLocationProtocolServerSideTranslatorPB.allocateScmBlock(ScmBlockLocationProtocolServerSideTranslatorPB.java:153)
	at org.apache.hadoop.ozone.protocolPB.ScmBlockLocationProtocolServerSideTranslatorPB.send(ScmBlockLocationProtocolServerSideTranslatorPB.java:112)
	at org.apache.hadoop.hdds.protocol.proto.ScmBlockLocationProtocolProtos$ScmBlockLocationProtocolService$2.callBlockingMethod(ScmBlockLocationProtocolProtos.java:13157)
	at org.apache.hadoop.ipc.ProtobufRpcEngine$Server$ProtoBufRpcInvoker.call(ProtobufRpcEngine.java:524)
	at org.apache.hadoop.ipc.RPC$Server.call(RPC.java:1025)
	at org.apache.hadoop.ipc.Server$RpcCall.run(Server.java:876)
	at org.apache.hadoop.ipc.Server$RpcCall.run(Server.java:822)
	at java.security.AccessController.doPrivileged(Native Method)
	at javax.security.auth.Subject.doAs(Subject.java:422)
	at org.apache.hadoop.security.UserGroupInformation.doAs(UserGroupInformation.java:1730)
	at org.apache.hadoop.ipc.Server$Handler.run(Server.java:2682)
2019-09-19 08:59:01,303 [IPC Server handler 0 on 42406] INFO  block.BlockManagerImpl (BlockManagerImpl.java:allocateBlock(198)) - Could not find available pipeline of type:RATIS and factor:THREE even after retrying
2019-09-19 08:59:01,303 [IPC Server handler 0 on 42406] ERROR block.BlockManagerImpl (BlockManagerImpl.java:allocateBlock(222)) - Unable to allocate a block for the size: 4194304, type: RATIS, factor: THREE
2019-09-19 08:59:01,303 | INFO  | SCMAudit | user=jenkins1000 | ip=192.168.34.5 | op=ALLOCATE_BLOCK {owner=2eeb3898-b16b-4818-8a5f-d1df28ba945a, size=4194304, type=RATIS, factor=THREE} | ret=SUCCESS |  
2019-09-19 08:59:01,303 | ERROR | OMAudit | user=jenkins1000 | ip=127.0.0.1 | op=ALLOCATE_KEY {volume=datanodefailurehandlingtest, bucket=datanodefailurehandlingtest, key=ratis3, dataSize=0, replicationType=RATIS, replicationFactor=THREE, keyLocationInfo=null} | ret=FAILURE | org.apache.hadoop.hdds.scm.exceptions.SCMException: Allocated 0 blocks. Requested 1 blocks
	at org.apache.hadoop.hdds.scm.protocolPB.ScmBlockLocationProtocolClientSideTranslatorPB.handleError(ScmBlockLocationProtocolClientSideTranslatorPB.java:118)
	at org.apache.hadoop.hdds.scm.protocolPB.ScmBlockLocationProtocolClientSideTranslatorPB.allocateBlock(ScmBlockLocationProtocolClientSideTranslatorPB.java:156) 
2019-09-19 08:59:01,304 [main] INFO  ozone.MiniOzoneClusterImpl (MiniOzoneClusterImpl.java:shutdown(321)) - Shutting down the Mini Ozone Cluster
2019-09-19 08:59:01,304 | INFO  | SCMAudit | user=null | ip=null | op=GET_SCM_INFO null | ret=SUCCESS |  
2019-09-19 08:59:01,304 [main] INFO  ozone.MiniOzoneClusterImpl (MiniOzoneClusterImpl.java:stop(336)) - Stopping the Mini Ozone Cluster
2019-09-19 08:59:01,305 [main] INFO  ozone.MiniOzoneClusterImpl (MiniOzoneClusterImpl.java:stop(338)) - Stopping the OzoneManager
2019-09-19 08:59:01,305 [main] INFO  ipc.Server (Server.java:stop(3082)) - Stopping server on 38586
2019-09-19 08:59:01,316 [IPC Server listener on 38586] INFO  ipc.Server (Server.java:run(1185)) - Stopping IPC Server listener on 38586
2019-09-19 08:59:01,318 [main] INFO  ratis.OzoneManagerDoubleBuffer (OzoneManagerDoubleBuffer.java:stop(248)) - Stopping OMDoubleBuffer flush thread
2019-09-19 08:59:01,319 [IPC Server Responder] INFO  ipc.Server (Server.java:run(1319)) - Stopping IPC Server Responder
2019-09-19 08:59:01,322 [OMDoubleBufferFlushThread] INFO  ratis.OzoneManagerDoubleBuffer (OzoneManagerDoubleBuffer.java:flushTransactions(191)) - OMDoubleBuffer flush thread OMDoubleBufferFlushThread is interrupted and will exit. OMDoubleBufferFlushThread
2019-09-19 08:59:01,327 [main] INFO  utils.BackgroundService (BackgroundService.java:shutdown(148)) - Shutting down service KeyDeletingService
2019-09-19 08:59:01,336 [main] INFO  handler.ContextHandler (ContextHandler.java:doStop(910)) - Stopped o.e.j.w.WebAppContext@11c3ce6a{/,null,UNAVAILABLE}{/ozoneManager}
2019-09-19 08:59:01,336 [main] INFO  server.AbstractConnector (AbstractConnector.java:doStop(318)) - Stopped ServerConnector@1a3b1f7e{HTTP/1.1,[http/1.1]}{0.0.0.0:0}
2019-09-19 08:59:01,336 [main] INFO  handler.ContextHandler (ContextHandler.java:doStop(910)) - Stopped o.e.j.s.ServletContextHandler@32d22650{/static,file:///workdir/hadoop-ozone/integration-test/target/test-classes/webapps/static,UNAVAILABLE}
2019-09-19 08:59:01,337 [main] INFO  handler.ContextHandler (ContextHandler.java:doStop(910)) - Stopped o.e.j.s.ServletContextHandler@77856cc5{/logs,file:///workdir/hadoop-ozone/integration-test/target/log,UNAVAILABLE}
2019-09-19 08:59:01,338 [main] INFO  ozone.MiniOzoneClusterImpl (MiniOzoneClusterImpl.java:stop(344)) - Shutting the HddsDatanodes
2019-09-19 08:59:01,338 [main] INFO  datanode.ObjectStoreHandler (ObjectStoreHandler.java:close(155)) - Closing ObjectStoreHandler.
2019-09-19 08:59:01,339 [ForkJoinPool.commonPool-worker-0] INFO  datanode.ObjectStoreHandler (ObjectStoreHandler.java:close(155)) - Closing ObjectStoreHandler.
2019-09-19 08:59:01,339 [main] INFO  ozone.HddsDatanodeService (HddsDatanodeService.java:stop(451)) - Stopped plug-in org.apache.hadoop.ozone.web.OzoneHddsDatanodeService@67b3960b
2019-09-19 08:59:01,339 [ForkJoinPool.commonPool-worker-0] INFO  ozone.HddsDatanodeService (HddsDatanodeService.java:stop(451)) - Stopped plug-in org.apache.hadoop.ozone.web.OzoneHddsDatanodeService@2b400bd0
2019-09-19 08:59:01,366 [Thread-913] INFO  impl.FollowerState (FollowerState.java:run(106)) - f144bb97-f1f6-4c62-88ba-fe5b55391c49:group-B38C4F2D56F8 changes to CANDIDATE, lastRpcTime:1070, electionTimeout:1070ms
2019-09-19 08:59:01,366 [Thread-913] INFO  impl.RoleInfo (RoleInfo.java:shutdownFollowerState(121)) - f144bb97-f1f6-4c62-88ba-fe5b55391c49: shutdown FollowerState
2019-09-19 08:59:01,366 [Thread-913] INFO  impl.RaftServerImpl (RaftServerImpl.java:setRole(171)) - f144bb97-f1f6-4c62-88ba-fe5b55391c49:group-B38C4F2D56F8 changes role from FOLLOWER to CANDIDATE at term 0 for changeToCandidate
2019-09-19 08:59:01,366 [Thread-913] INFO  impl.RoleInfo (RoleInfo.java:updateAndGet(143)) - f144bb97-f1f6-4c62-88ba-fe5b55391c49: start LeaderElection
2019-09-19 08:59:01,401 [Thread-916] INFO  impl.FollowerState (FollowerState.java:run(106)) - f144bb97-f1f6-4c62-88ba-fe5b55391c49:group-72782F3D2DB4 changes to CANDIDATE, lastRpcTime:1060, electionTimeout:1060ms
2019-09-19 08:59:01,401 [Thread-916] INFO  impl.RoleInfo (RoleInfo.java:shutdownFollowerState(121)) - f144bb97-f1f6-4c62-88ba-fe5b55391c49: shutdown FollowerState
2019-09-19 08:59:01,401 [Thread-916] INFO  impl.RaftServerImpl (RaftServerImpl.java:setRole(171)) - f144bb97-f1f6-4c62-88ba-fe5b55391c49:group-72782F3D2DB4 changes role from FOLLOWER to CANDIDATE at term 0 for changeToCandidate
2019-09-19 08:59:01,401 [Thread-916] INFO  impl.RoleInfo (RoleInfo.java:updateAndGet(143)) - f144bb97-f1f6-4c62-88ba-fe5b55391c49: start LeaderElection
2019-09-19 08:59:01,425 [f144bb97-f1f6-4c62-88ba-fe5b55391c49:group-72782F3D2DB4:LeaderElection92] INFO  impl.LeaderElection (LeaderElection.java:askForVotes(181)) - f144bb97-f1f6-4c62-88ba-fe5b55391c49:group-72782F3D2DB4:LeaderElection92: begin an election at term 1 for -1: [f144bb97-f1f6-4c62-88ba-fe5b55391c49:192.168.34.5:35246], old=null
2019-09-19 08:59:01,425 [f144bb97-f1f6-4c62-88ba-fe5b55391c49:group-B38C4F2D56F8:LeaderElection91] INFO  impl.LeaderElection (LeaderElection.java:askForVotes(181)) - f144bb97-f1f6-4c62-88ba-fe5b55391c49:group-B38C4F2D56F8:LeaderElection91: begin an election at term 1 for -1: [f144bb97-f1f6-4c62-88ba-fe5b55391c49:192.168.34.5:35246], old=null
2019-09-19 08:59:01,425 [f144bb97-f1f6-4c62-88ba-fe5b55391c49:group-72782F3D2DB4:LeaderElection92] INFO  impl.RoleInfo (RoleInfo.java:shutdownLeaderElection(134)) - f144bb97-f1f6-4c62-88ba-fe5b55391c49: shutdown LeaderElection
2019-09-19 08:59:01,425 [f144bb97-f1f6-4c62-88ba-fe5b55391c49:group-B38C4F2D56F8:LeaderElection91] INFO  impl.RoleInfo (RoleInfo.java:shutdownLeaderElection(134)) - f144bb97-f1f6-4c62-88ba-fe5b55391c49: shutdown LeaderElection
2019-09-19 08:59:01,425 [f144bb97-f1f6-4c62-88ba-fe5b55391c49:group-72782F3D2DB4:LeaderElection92] INFO  impl.RaftServerImpl (RaftServerImpl.java:setRole(171)) - f144bb97-f1f6-4c62-88ba-fe5b55391c49:group-72782F3D2DB4 changes role from CANDIDATE to LEADER at term 1 for changeToLeader
2019-09-19 08:59:01,425 [f144bb97-f1f6-4c62-88ba-fe5b55391c49:group-B38C4F2D56F8:LeaderElection91] INFO  impl.RaftServerImpl (RaftServerImpl.java:setRole(171)) - f144bb97-f1f6-4c62-88ba-fe5b55391c49:group-B38C4F2D56F8 changes role from CANDIDATE to LEADER at term 1 for changeToLeader
2019-09-19 08:59:01,425 [f144bb97-f1f6-4c62-88ba-fe5b55391c49:group-72782F3D2DB4:LeaderElection92] INFO  impl.RaftServerImpl (ServerState.java:setLeader(263)) - f144bb97-f1f6-4c62-88ba-fe5b55391c49:group-72782F3D2DB4 change Leader from null to f144bb97-f1f6-4c62-88ba-fe5b55391c49 at term 1 for becomeLeader, leader elected after 1088ms
2019-09-19 08:59:01,425 [f144bb97-f1f6-4c62-88ba-fe5b55391c49:group-B38C4F2D56F8:LeaderElection91] INFO  impl.RaftServerImpl (ServerState.java:setLeader(263)) - f144bb97-f1f6-4c62-88ba-fe5b55391c49:group-B38C4F2D56F8 change Leader from null to f144bb97-f1f6-4c62-88ba-fe5b55391c49 at term 1 for becomeLeader, leader elected after 1134ms
2019-09-19 08:59:01,425 [f144bb97-f1f6-4c62-88ba-fe5b55391c49:group-72782F3D2DB4:LeaderElection92] INFO  server.RaftServerConfigKeys (ConfUtils.java:logGet(43)) - raft.server.staging.catchup.gap = 1000 (default)
2019-09-19 08:59:01,426 [f144bb97-f1f6-4c62-88ba-fe5b55391c49:group-B38C4F2D56F8:LeaderElection91] INFO  server.RaftServerConfigKeys (ConfUtils.java:logGet(43)) - raft.server.staging.catchup.gap = 1000 (default)
2019-09-19 08:59:01,426 [f144bb97-f1f6-4c62-88ba-fe5b55391c49:group-72782F3D2DB4:LeaderElection92] INFO  server.RaftServerConfigKeys (ConfUtils.java:logGet(43)) - raft.server.rpc.sleep.time = 25ms (default)
2019-09-19 08:59:01,426 [f144bb97-f1f6-4c62-88ba-fe5b55391c49:group-B38C4F2D56F8:LeaderElection91] INFO  server.RaftServerConfigKeys (ConfUtils.java:logGet(43)) - raft.server.rpc.sleep.time = 25ms (default)
2019-09-19 08:59:01,426 [f144bb97-f1f6-4c62-88ba-fe5b55391c49:group-72782F3D2DB4:LeaderElection92] INFO  server.RaftServerConfigKeys (ConfUtils.java:logGet(43)) - raft.server.write.element-limit = 4096 (default)
2019-09-19 08:59:01,426 [f144bb97-f1f6-4c62-88ba-fe5b55391c49:group-B38C4F2D56F8:LeaderElection91] INFO  server.RaftServerConfigKeys (ConfUtils.java:logGet(43)) - raft.server.write.element-limit = 4096 (default)
2019-09-19 08:59:01,426 [f144bb97-f1f6-4c62-88ba-fe5b55391c49:group-72782F3D2DB4:LeaderElection92] INFO  server.RaftServerConfigKeys (ConfUtils.java:logGet(43)) - raft.server.watch.timeout = 10s (default)
2019-09-19 08:59:01,426 [f144bb97-f1f6-4c62-88ba-fe5b55391c49:group-B38C4F2D56F8:LeaderElection91] INFO  server.RaftServerConfigKeys (ConfUtils.java:logGet(43)) - raft.server.watch.timeout = 10s (default)
2019-09-19 08:59:01,427 [f144bb97-f1f6-4c62-88ba-fe5b55391c49:group-72782F3D2DB4:LeaderElection92] INFO  server.RaftServerConfigKeys (ConfUtils.java:logGet(43)) - raft.server.watch.timeout.denomination = 1s (default)
2019-09-19 08:59:01,427 [f144bb97-f1f6-4c62-88ba-fe5b55391c49:group-B38C4F2D56F8:LeaderElection91] INFO  server.RaftServerConfigKeys (ConfUtils.java:logGet(43)) - raft.server.watch.timeout.denomination = 1s (default)
2019-09-19 08:59:01,427 [f144bb97-f1f6-4c62-88ba-fe5b55391c49:group-72782F3D2DB4:LeaderElection92] INFO  server.RaftServerConfigKeys (ConfUtils.java:logGet(43)) - raft.server.watch.element-limit = 65536 (default)
2019-09-19 08:59:01,427 [f144bb97-f1f6-4c62-88ba-fe5b55391c49:group-B38C4F2D56F8:LeaderElection91] INFO  server.RaftServerConfigKeys (ConfUtils.java:logGet(43)) - raft.server.watch.element-limit = 65536 (default)
2019-09-19 08:59:01,427 [f144bb97-f1f6-4c62-88ba-fe5b55391c49:group-72782F3D2DB4:LeaderElection92] INFO  impl.RoleInfo (RoleInfo.java:updateAndGet(143)) - f144bb97-f1f6-4c62-88ba-fe5b55391c49: start LeaderState
2019-09-19 08:59:01,427 [f144bb97-f1f6-4c62-88ba-fe5b55391c49:group-B38C4F2D56F8:LeaderElection91] INFO  impl.RoleInfo (RoleInfo.java:updateAndGet(143)) - f144bb97-f1f6-4c62-88ba-fe5b55391c49: start LeaderState
2019-09-19 08:59:01,427 [f144bb97-f1f6-4c62-88ba-fe5b55391c49:group-72782F3D2DB4:LeaderElection92] INFO  segmented.SegmentedRaftLogWorker (SegmentedRaftLogWorker.java:startLogSegment(380)) - f144bb97-f1f6-4c62-88ba-fe5b55391c49-SegmentedRaftLogWorker:Storage Directory /workdir/hadoop-ozone/integration-test/target/test-dir/MiniOzoneClusterImpl-66e2a49b-37e1-46c5-a16c-3b22c3c736b2/datanode-5/data/ratis/a85a3d6a-b2bb-404d-900a-72782f3d2db4: Starting segment from index:0
2019-09-19 08:59:01,428 [f144bb97-f1f6-4c62-88ba-fe5b55391c49:group-B38C4F2D56F8:LeaderElection91] INFO  segmented.SegmentedRaftLogWorker (SegmentedRaftLogWorker.java:startLogSegment(380)) - f144bb97-f1f6-4c62-88ba-fe5b55391c49-SegmentedRaftLogWorker:Storage Directory /workdir/hadoop-ozone/integration-test/target/test-dir/MiniOzoneClusterImpl-66e2a49b-37e1-46c5-a16c-3b22c3c736b2/datanode-5/data/ratis/9d7b6fa1-ab01-47e4-8b33-b38c4f2d56f8: Starting segment from index:0
2019-09-19 08:59:01,428 [f144bb97-f1f6-4c62-88ba-fe5b55391c49:group-72782F3D2DB4:LeaderElection92] INFO  impl.RaftServerImpl (ServerState.java:setRaftConf(361)) - f144bb97-f1f6-4c62-88ba-fe5b55391c49:group-72782F3D2DB4 set configuration 0: [f144bb97-f1f6-4c62-88ba-fe5b55391c49:192.168.34.5:35246], old=null at 0
2019-09-19 08:59:01,428 [f144bb97-f1f6-4c62-88ba-fe5b55391c49:group-B38C4F2D56F8:LeaderElection91] INFO  impl.RaftServerImpl (ServerState.java:setRaftConf(361)) - f144bb97-f1f6-4c62-88ba-fe5b55391c49:group-B38C4F2D56F8 set configuration 0: [f144bb97-f1f6-4c62-88ba-fe5b55391c49:192.168.34.5:35246], old=null at 0
2019-09-19 08:59:01,469 [f144bb97-f1f6-4c62-88ba-fe5b55391c49-SegmentedRaftLogWorker:Storage Directory /workdir/hadoop-ozone/integration-test/target/test-dir/MiniOzoneClusterImpl-66e2a49b-37e1-46c5-a16c-3b22c3c736b2/datanode-5/data/ratis/a85a3d6a-b2bb-404d-900a-72782f3d2db4] INFO  segmented.SegmentedRaftLogWorker (SegmentedRaftLogWorker.java:execute(569)) - f144bb97-f1f6-4c62-88ba-fe5b55391c49-SegmentedRaftLogWorker:Storage Directory /workdir/hadoop-ozone/integration-test/target/test-dir/MiniOzoneClusterImpl-66e2a49b-37e1-46c5-a16c-3b22c3c736b2/datanode-5/data/ratis/a85a3d6a-b2bb-404d-900a-72782f3d2db4: created new log segment /workdir/hadoop-ozone/integration-test/target/test-dir/MiniOzoneClusterImpl-66e2a49b-37e1-46c5-a16c-3b22c3c736b2/datanode-5/data/ratis/a85a3d6a-b2bb-404d-900a-72782f3d2db4/current/log_inprogress_0
2019-09-19 08:59:01,469 [f144bb97-f1f6-4c62-88ba-fe5b55391c49-SegmentedRaftLogWorker:Storage Directory /workdir/hadoop-ozone/integration-test/target/test-dir/MiniOzoneClusterImpl-66e2a49b-37e1-46c5-a16c-3b22c3c736b2/datanode-5/data/ratis/9d7b6fa1-ab01-47e4-8b33-b38c4f2d56f8] INFO  segmented.SegmentedRaftLogWorker (SegmentedRaftLogWorker.java:execute(569)) - f144bb97-f1f6-4c62-88ba-fe5b55391c49-SegmentedRaftLogWorker:Storage Directory /workdir/hadoop-ozone/integration-test/target/test-dir/MiniOzoneClusterImpl-66e2a49b-37e1-46c5-a16c-3b22c3c736b2/datanode-5/data/ratis/9d7b6fa1-ab01-47e4-8b33-b38c4f2d56f8: created new log segment /workdir/hadoop-ozone/integration-test/target/test-dir/MiniOzoneClusterImpl-66e2a49b-37e1-46c5-a16c-3b22c3c736b2/datanode-5/data/ratis/9d7b6fa1-ab01-47e4-8b33-b38c4f2d56f8/current/log_inprogress_0
2019-09-19 08:59:01,474 [Datanode State Machine Thread - 0] INFO  statemachine.DatanodeStateMachine (DatanodeStateMachine.java:lambda$startDaemon$0(350)) - Ozone container server started.
2019-09-19 08:59:01,497 [Thread-931] INFO  impl.FollowerState (FollowerState.java:run(106)) - f144bb97-f1f6-4c62-88ba-fe5b55391c49:group-4A560CDB88E7 changes to CANDIDATE, lastRpcTime:1020, electionTimeout:1020ms
2019-09-19 08:59:01,498 [Thread-931] INFO  impl.RoleInfo (RoleInfo.java:shutdownFollowerState(121)) - f144bb97-f1f6-4c62-88ba-fe5b55391c49: shutdown FollowerState
2019-09-19 08:59:01,498 [Thread-931] INFO  impl.RaftServerImpl (RaftServerImpl.java:setRole(171)) - f144bb97-f1f6-4c62-88ba-fe5b55391c49:group-4A560CDB88E7 changes role from FOLLOWER to CANDIDATE at term 0 for changeToCandidate
2019-09-19 08:59:01,498 [Thread-931] INFO  impl.RoleInfo (RoleInfo.java:updateAndGet(143)) - f144bb97-f1f6-4c62-88ba-fe5b55391c49: start LeaderElection
2019-09-19 08:59:01,511 [f144bb97-f1f6-4c62-88ba-fe5b55391c49:group-4A560CDB88E7:LeaderElection93] INFO  impl.LeaderElection (LeaderElection.java:askForVotes(181)) - f144bb97-f1f6-4c62-88ba-fe5b55391c49:group-4A560CDB88E7:LeaderElection93: begin an election at term 1 for -1: [f144bb97-f1f6-4c62-88ba-fe5b55391c49:192.168.34.5:35246], old=null
2019-09-19 08:59:01,512 [f144bb97-f1f6-4c62-88ba-fe5b55391c49:group-4A560CDB88E7:LeaderElection93] INFO  impl.RoleInfo (RoleInfo.java:shutdownLeaderElection(134)) - f144bb97-f1f6-4c62-88ba-fe5b55391c49: shutdown LeaderElection
2019-09-19 08:59:01,512 [f144bb97-f1f6-4c62-88ba-fe5b55391c49:group-4A560CDB88E7:LeaderElection93] INFO  impl.RaftServerImpl (RaftServerImpl.java:setRole(171)) - f144bb97-f1f6-4c62-88ba-fe5b55391c49:group-4A560CDB88E7 changes role from CANDIDATE to LEADER at term 1 for changeToLeader
2019-09-19 08:59:01,512 [f144bb97-f1f6-4c62-88ba-fe5b55391c49:group-4A560CDB88E7:LeaderElection93] INFO  impl.RaftServerImpl (ServerState.java:setLeader(263)) - f144bb97-f1f6-4c62-88ba-fe5b55391c49:group-4A560CDB88E7 change Leader from null to f144bb97-f1f6-4c62-88ba-fe5b55391c49 at term 1 for becomeLeader, leader elected after 1038ms
2019-09-19 08:59:01,512 [f144bb97-f1f6-4c62-88ba-fe5b55391c49:group-4A560CDB88E7:LeaderElection93] INFO  server.RaftServerConfigKeys (ConfUtils.java:logGet(43)) - raft.server.staging.catchup.gap = 1000 (default)
2019-09-19 08:59:01,512 [f144bb97-f1f6-4c62-88ba-fe5b55391c49:group-4A560CDB88E7:LeaderElection93] INFO  server.RaftServerConfigKeys (ConfUtils.java:logGet(43)) - raft.server.rpc.sleep.time = 25ms (default)
2019-09-19 08:59:01,512 [f144bb97-f1f6-4c62-88ba-fe5b55391c49:group-4A560CDB88E7:LeaderElection93] INFO  server.RaftServerConfigKeys (ConfUtils.java:logGet(43)) - raft.server.write.element-limit = 4096 (default)
2019-09-19 08:59:01,513 [f144bb97-f1f6-4c62-88ba-fe5b55391c49:group-4A560CDB88E7:LeaderElection93] INFO  server.RaftServerConfigKeys (ConfUtils.java:logGet(43)) - raft.server.watch.timeout = 10s (default)
2019-09-19 08:59:01,513 [f144bb97-f1f6-4c62-88ba-fe5b55391c49:group-4A560CDB88E7:LeaderElection93] INFO  server.RaftServerConfigKeys (ConfUtils.java:logGet(43)) - raft.server.watch.timeout.denomination = 1s (default)
2019-09-19 08:59:01,513 [f144bb97-f1f6-4c62-88ba-fe5b55391c49:group-4A560CDB88E7:LeaderElection93] INFO  server.RaftServerConfigKeys (ConfUtils.java:logGet(43)) - raft.server.watch.element-limit = 65536 (default)
2019-09-19 08:59:01,513 [f144bb97-f1f6-4c62-88ba-fe5b55391c49:group-4A560CDB88E7:LeaderElection93] INFO  impl.RoleInfo (RoleInfo.java:updateAndGet(143)) - f144bb97-f1f6-4c62-88ba-fe5b55391c49: start LeaderState
2019-09-19 08:59:01,513 [f144bb97-f1f6-4c62-88ba-fe5b55391c49:group-4A560CDB88E7:LeaderElection93] INFO  segmented.SegmentedRaftLogWorker (SegmentedRaftLogWorker.java:startLogSegment(380)) - f144bb97-f1f6-4c62-88ba-fe5b55391c49-SegmentedRaftLogWorker:Storage Directory /workdir/hadoop-ozone/integration-test/target/test-dir/MiniOzoneClusterImpl-66e2a49b-37e1-46c5-a16c-3b22c3c736b2/datanode-5/data/ratis/eb6a5696-d2fa-4b9c-82b0-4a560cdb88e7: Starting segment from index:0
2019-09-19 08:59:01,514 [f144bb97-f1f6-4c62-88ba-fe5b55391c49:group-4A560CDB88E7:LeaderElection93] INFO  impl.RaftServerImpl (ServerState.java:setRaftConf(361)) - f144bb97-f1f6-4c62-88ba-fe5b55391c49:group-4A560CDB88E7 set configuration 0: [f144bb97-f1f6-4c62-88ba-fe5b55391c49:192.168.34.5:35246], old=null at 0
2019-09-19 08:59:01,561 [Thread-919] INFO  impl.FollowerState (FollowerState.java:run(106)) - f144bb97-f1f6-4c62-88ba-fe5b55391c49:group-BA79DB2E50E9 changes to CANDIDATE, lastRpcTime:1178, electionTimeout:1178ms
2019-09-19 08:59:01,561 [Thread-919] INFO  impl.RoleInfo (RoleInfo.java:shutdownFollowerState(121)) - f144bb97-f1f6-4c62-88ba-fe5b55391c49: shutdown FollowerState
2019-09-19 08:59:01,561 [Thread-919] INFO  impl.RaftServerImpl (RaftServerImpl.java:setRole(171)) - f144bb97-f1f6-4c62-88ba-fe5b55391c49:group-BA79DB2E50E9 changes role from FOLLOWER to CANDIDATE at term 0 for changeToCandidate
2019-09-19 08:59:01,562 [Thread-919] INFO  impl.RoleInfo (RoleInfo.java:updateAndGet(143)) - f144bb97-f1f6-4c62-88ba-fe5b55391c49: start LeaderElection
2019-09-19 08:59:01,576 [f144bb97-f1f6-4c62-88ba-fe5b55391c49-SegmentedRaftLogWorker:Storage Directory /workdir/hadoop-ozone/integration-test/target/test-dir/MiniOzoneClusterImpl-66e2a49b-37e1-46c5-a16c-3b22c3c736b2/datanode-5/data/ratis/eb6a5696-d2fa-4b9c-82b0-4a560cdb88e7] INFO  segmented.SegmentedRaftLogWorker (SegmentedRaftLogWorker.java:execute(569)) - f144bb97-f1f6-4c62-88ba-fe5b55391c49-SegmentedRaftLogWorker:Storage Directory /workdir/hadoop-ozone/integration-test/target/test-dir/MiniOzoneClusterImpl-66e2a49b-37e1-46c5-a16c-3b22c3c736b2/datanode-5/data/ratis/eb6a5696-d2fa-4b9c-82b0-4a560cdb88e7: created new log segment /workdir/hadoop-ozone/integration-test/target/test-dir/MiniOzoneClusterImpl-66e2a49b-37e1-46c5-a16c-3b22c3c736b2/datanode-5/data/ratis/eb6a5696-d2fa-4b9c-82b0-4a560cdb88e7/current/log_inprogress_0
2019-09-19 08:59:01,577 [f144bb97-f1f6-4c62-88ba-fe5b55391c49:group-BA79DB2E50E9:LeaderElection94] INFO  impl.LeaderElection (LeaderElection.java:askForVotes(181)) - f144bb97-f1f6-4c62-88ba-fe5b55391c49:group-BA79DB2E50E9:LeaderElection94: begin an election at term 1 for -1: [f144bb97-f1f6-4c62-88ba-fe5b55391c49:192.168.34.5:35246], old=null
2019-09-19 08:59:01,577 [f144bb97-f1f6-4c62-88ba-fe5b55391c49:group-BA79DB2E50E9:LeaderElection94] INFO  impl.RoleInfo (RoleInfo.java:shutdownLeaderElection(134)) - f144bb97-f1f6-4c62-88ba-fe5b55391c49: shutdown LeaderElection
2019-09-19 08:59:01,577 [f144bb97-f1f6-4c62-88ba-fe5b55391c49:group-BA79DB2E50E9:LeaderElection94] INFO  impl.RaftServerImpl (RaftServerImpl.java:setRole(171)) - f144bb97-f1f6-4c62-88ba-fe5b55391c49:group-BA79DB2E50E9 changes role from CANDIDATE to LEADER at term 1 for changeToLeader
2019-09-19 08:59:01,577 [f144bb97-f1f6-4c62-88ba-fe5b55391c49:group-BA79DB2E50E9:LeaderElection94] INFO  impl.RaftServerImpl (ServerState.java:setLeader(263)) - f144bb97-f1f6-4c62-88ba-fe5b55391c49:group-BA79DB2E50E9 change Leader from null to f144bb97-f1f6-4c62-88ba-fe5b55391c49 at term 1 for becomeLeader, leader elected after 1198ms
2019-09-19 08:59:01,577 [f144bb97-f1f6-4c62-88ba-fe5b55391c49:group-BA79DB2E50E9:LeaderElection94] INFO  server.RaftServerConfigKeys (ConfUtils.java:logGet(43)) - raft.server.staging.catchup.gap = 1000 (default)
2019-09-19 08:59:01,577 [f144bb97-f1f6-4c62-88ba-fe5b55391c49:group-BA79DB2E50E9:LeaderElection94] INFO  server.RaftServerConfigKeys (ConfUtils.java:logGet(43)) - raft.server.rpc.sleep.time = 25ms (default)
2019-09-19 08:59:01,578 [f144bb97-f1f6-4c62-88ba-fe5b55391c49:group-BA79DB2E50E9:LeaderElection94] INFO  server.RaftServerConfigKeys (ConfUtils.java:logGet(43)) - raft.server.write.element-limit = 4096 (default)
2019-09-19 08:59:01,578 [f144bb97-f1f6-4c62-88ba-fe5b55391c49:group-BA79DB2E50E9:LeaderElection94] INFO  server.RaftServerConfigKeys (ConfUtils.java:logGet(43)) - raft.server.watch.timeout = 10s (default)
2019-09-19 08:59:01,578 [f144bb97-f1f6-4c62-88ba-fe5b55391c49:group-BA79DB2E50E9:LeaderElection94] INFO  server.RaftServerConfigKeys (ConfUtils.java:logGet(43)) - raft.server.watch.timeout.denomination = 1s (default)
2019-09-19 08:59:01,578 [f144bb97-f1f6-4c62-88ba-fe5b55391c49:group-BA79DB2E50E9:LeaderElection94] INFO  server.RaftServerConfigKeys (ConfUtils.java:logGet(43)) - raft.server.watch.element-limit = 65536 (default)
2019-09-19 08:59:01,578 [f144bb97-f1f6-4c62-88ba-fe5b55391c49:group-BA79DB2E50E9:LeaderElection94] INFO  impl.RoleInfo (RoleInfo.java:updateAndGet(143)) - f144bb97-f1f6-4c62-88ba-fe5b55391c49: start LeaderState
2019-09-19 08:59:01,579 [f144bb97-f1f6-4c62-88ba-fe5b55391c49:group-BA79DB2E50E9:LeaderElection94] INFO  segmented.SegmentedRaftLogWorker (SegmentedRaftLogWorker.java:startLogSegment(380)) - f144bb97-f1f6-4c62-88ba-fe5b55391c49-SegmentedRaftLogWorker:Storage Directory /workdir/hadoop-ozone/integration-test/target/test-dir/MiniOzoneClusterImpl-66e2a49b-37e1-46c5-a16c-3b22c3c736b2/datanode-5/data/ratis/e7b75ca5-21e4-4e67-a322-ba79db2e50e9: Starting segment from index:0
2019-09-19 08:59:01,579 [f144bb97-f1f6-4c62-88ba-fe5b55391c49:group-BA79DB2E50E9:LeaderElection94] INFO  impl.RaftServerImpl (ServerState.java:setRaftConf(361)) - f144bb97-f1f6-4c62-88ba-fe5b55391c49:group-BA79DB2E50E9 set configuration 0: [f144bb97-f1f6-4c62-88ba-fe5b55391c49:192.168.34.5:35246], old=null at 0
2019-09-19 08:59:01,587 [Thread-939] INFO  impl.FollowerState (FollowerState.java:run(106)) - f144bb97-f1f6-4c62-88ba-fe5b55391c49:group-972D0787996E changes to CANDIDATE, lastRpcTime:1054, electionTimeout:1054ms
2019-09-19 08:59:01,587 [Thread-939] INFO  impl.RoleInfo (RoleInfo.java:shutdownFollowerState(121)) - f144bb97-f1f6-4c62-88ba-fe5b55391c49: shutdown FollowerState
2019-09-19 08:59:01,587 [Thread-939] INFO  impl.RaftServerImpl (RaftServerImpl.java:setRole(171)) - f144bb97-f1f6-4c62-88ba-fe5b55391c49:group-972D0787996E changes role from FOLLOWER to CANDIDATE at term 0 for changeToCandidate
2019-09-19 08:59:01,587 [Thread-939] INFO  impl.RoleInfo (RoleInfo.java:updateAndGet(143)) - f144bb97-f1f6-4c62-88ba-fe5b55391c49: start LeaderElection
2019-09-19 08:59:01,600 [f144bb97-f1f6-4c62-88ba-fe5b55391c49:group-972D0787996E:LeaderElection95] INFO  impl.LeaderElection (LeaderElection.java:askForVotes(181)) - f144bb97-f1f6-4c62-88ba-fe5b55391c49:group-972D0787996E:LeaderElection95: begin an election at term 1 for -1: [f144bb97-f1f6-4c62-88ba-fe5b55391c49:192.168.34.5:35246], old=null
2019-09-19 08:59:01,600 [f144bb97-f1f6-4c62-88ba-fe5b55391c49:group-972D0787996E:LeaderElection95] INFO  impl.RoleInfo (RoleInfo.java:shutdownLeaderElection(134)) - f144bb97-f1f6-4c62-88ba-fe5b55391c49: shutdown LeaderElection
2019-09-19 08:59:01,601 [f144bb97-f1f6-4c62-88ba-fe5b55391c49:group-972D0787996E:LeaderElection95] INFO  impl.RaftServerImpl (RaftServerImpl.java:setRole(171)) - f144bb97-f1f6-4c62-88ba-fe5b55391c49:group-972D0787996E changes role from CANDIDATE to LEADER at term 1 for changeToLeader
2019-09-19 08:59:01,601 [f144bb97-f1f6-4c62-88ba-fe5b55391c49:group-972D0787996E:LeaderElection95] INFO  impl.RaftServerImpl (ServerState.java:setLeader(263)) - f144bb97-f1f6-4c62-88ba-fe5b55391c49:group-972D0787996E change Leader from null to f144bb97-f1f6-4c62-88ba-fe5b55391c49 at term 1 for becomeLeader, leader elected after 1074ms
2019-09-19 08:59:01,601 [f144bb97-f1f6-4c62-88ba-fe5b55391c49:group-972D0787996E:LeaderElection95] INFO  server.RaftServerConfigKeys (ConfUtils.java:logGet(43)) - raft.server.staging.catchup.gap = 1000 (default)
2019-09-19 08:59:01,601 [f144bb97-f1f6-4c62-88ba-fe5b55391c49:group-972D0787996E:LeaderElection95] INFO  server.RaftServerConfigKeys (ConfUtils.java:logGet(43)) - raft.server.rpc.sleep.time = 25ms (default)
2019-09-19 08:59:01,601 [f144bb97-f1f6-4c62-88ba-fe5b55391c49:group-972D0787996E:LeaderElection95] INFO  server.RaftServerConfigKeys (ConfUtils.java:logGet(43)) - raft.server.write.element-limit = 4096 (default)
2019-09-19 08:59:01,601 [f144bb97-f1f6-4c62-88ba-fe5b55391c49:group-972D0787996E:LeaderElection95] INFO  server.RaftServerConfigKeys (ConfUtils.java:logGet(43)) - raft.server.watch.timeout = 10s (default)
2019-09-19 08:59:01,601 [f144bb97-f1f6-4c62-88ba-fe5b55391c49:group-972D0787996E:LeaderElection95] INFO  server.RaftServerConfigKeys (ConfUtils.java:logGet(43)) - raft.server.watch.timeout.denomination = 1s (default)
2019-09-19 08:59:01,601 [f144bb97-f1f6-4c62-88ba-fe5b55391c49:group-972D0787996E:LeaderElection95] INFO  server.RaftServerConfigKeys (ConfUtils.java:logGet(43)) - raft.server.watch.element-limit = 65536 (default)
2019-09-19 08:59:01,602 [f144bb97-f1f6-4c62-88ba-fe5b55391c49:group-972D0787996E:LeaderElection95] INFO  impl.RoleInfo (RoleInfo.java:updateAndGet(143)) - f144bb97-f1f6-4c62-88ba-fe5b55391c49: start LeaderState
2019-09-19 08:59:01,602 [f144bb97-f1f6-4c62-88ba-fe5b55391c49:group-972D0787996E:LeaderElection95] INFO  segmented.SegmentedRaftLogWorker (SegmentedRaftLogWorker.java:startLogSegment(380)) - f144bb97-f1f6-4c62-88ba-fe5b55391c49-SegmentedRaftLogWorker:Storage Directory /workdir/hadoop-ozone/integration-test/target/test-dir/MiniOzoneClusterImpl-66e2a49b-37e1-46c5-a16c-3b22c3c736b2/datanode-5/data/ratis/e97d0b28-fa49-476b-91cc-972d0787996e: Starting segment from index:0
2019-09-19 08:59:01,602 [f144bb97-f1f6-4c62-88ba-fe5b55391c49:group-972D0787996E:LeaderElection95] INFO  impl.RaftServerImpl (ServerState.java:setRaftConf(361)) - f144bb97-f1f6-4c62-88ba-fe5b55391c49:group-972D0787996E set configuration 0: [f144bb97-f1f6-4c62-88ba-fe5b55391c49:192.168.34.5:35246], old=null at 0
2019-09-19 08:59:01,621 [f144bb97-f1f6-4c62-88ba-fe5b55391c49-SegmentedRaftLogWorker:Storage Directory /workdir/hadoop-ozone/integration-test/target/test-dir/MiniOzoneClusterImpl-66e2a49b-37e1-46c5-a16c-3b22c3c736b2/datanode-5/data/ratis/e7b75ca5-21e4-4e67-a322-ba79db2e50e9] INFO  segmented.SegmentedRaftLogWorker (SegmentedRaftLogWorker.java:execute(569)) - f144bb97-f1f6-4c62-88ba-fe5b55391c49-SegmentedRaftLogWorker:Storage Directory /workdir/hadoop-ozone/integration-test/target/test-dir/MiniOzoneClusterImpl-66e2a49b-37e1-46c5-a16c-3b22c3c736b2/datanode-5/data/ratis/e7b75ca5-21e4-4e67-a322-ba79db2e50e9: created new log segment /workdir/hadoop-ozone/integration-test/target/test-dir/MiniOzoneClusterImpl-66e2a49b-37e1-46c5-a16c-3b22c3c736b2/datanode-5/data/ratis/e7b75ca5-21e4-4e67-a322-ba79db2e50e9/current/log_inprogress_0
2019-09-19 08:59:01,631 [Thread-925] INFO  impl.FollowerState (FollowerState.java:run(106)) - f144bb97-f1f6-4c62-88ba-fe5b55391c49:group-75A2AF7D578F changes to CANDIDATE, lastRpcTime:1197, electionTimeout:1197ms
2019-09-19 08:59:01,631 [Thread-925] INFO  impl.RoleInfo (RoleInfo.java:shutdownFollowerState(121)) - f144bb97-f1f6-4c62-88ba-fe5b55391c49: shutdown FollowerState
2019-09-19 08:59:01,631 [Thread-925] INFO  impl.RaftServerImpl (RaftServerImpl.java:setRole(171)) - f144bb97-f1f6-4c62-88ba-fe5b55391c49:group-75A2AF7D578F changes role from FOLLOWER to CANDIDATE at term 0 for changeToCandidate
2019-09-19 08:59:01,631 [Thread-925] INFO  impl.RoleInfo (RoleInfo.java:updateAndGet(143)) - f144bb97-f1f6-4c62-88ba-fe5b55391c49: start LeaderElection
2019-09-19 08:59:01,661 [f144bb97-f1f6-4c62-88ba-fe5b55391c49-SegmentedRaftLogWorker:Storage Directory /workdir/hadoop-ozone/integration-test/target/test-dir/MiniOzoneClusterImpl-66e2a49b-37e1-46c5-a16c-3b22c3c736b2/datanode-5/data/ratis/e97d0b28-fa49-476b-91cc-972d0787996e] INFO  segmented.SegmentedRaftLogWorker (SegmentedRaftLogWorker.java:execute(569)) - f144bb97-f1f6-4c62-88ba-fe5b55391c49-SegmentedRaftLogWorker:Storage Directory /workdir/hadoop-ozone/integration-test/target/test-dir/MiniOzoneClusterImpl-66e2a49b-37e1-46c5-a16c-3b22c3c736b2/datanode-5/data/ratis/e97d0b28-fa49-476b-91cc-972d0787996e: created new log segment /workdir/hadoop-ozone/integration-test/target/test-dir/MiniOzoneClusterImpl-66e2a49b-37e1-46c5-a16c-3b22c3c736b2/datanode-5/data/ratis/e97d0b28-fa49-476b-91cc-972d0787996e/current/log_inprogress_0
2019-09-19 08:59:01,661 [f144bb97-f1f6-4c62-88ba-fe5b55391c49:group-75A2AF7D578F:LeaderElection96] INFO  impl.LeaderElection (LeaderElection.java:askForVotes(181)) - f144bb97-f1f6-4c62-88ba-fe5b55391c49:group-75A2AF7D578F:LeaderElection96: begin an election at term 1 for -1: [f144bb97-f1f6-4c62-88ba-fe5b55391c49:192.168.34.5:35246], old=null
2019-09-19 08:59:01,661 [f144bb97-f1f6-4c62-88ba-fe5b55391c49:group-75A2AF7D578F:LeaderElection96] INFO  impl.RoleInfo (RoleInfo.java:shutdownLeaderElection(134)) - f144bb97-f1f6-4c62-88ba-fe5b55391c49: shutdown LeaderElection
2019-09-19 08:59:01,662 [f144bb97-f1f6-4c62-88ba-fe5b55391c49:group-75A2AF7D578F:LeaderElection96] INFO  impl.RaftServerImpl (RaftServerImpl.java:setRole(171)) - f144bb97-f1f6-4c62-88ba-fe5b55391c49:group-75A2AF7D578F changes role from CANDIDATE to LEADER at term 1 for changeToLeader
2019-09-19 08:59:01,662 [f144bb97-f1f6-4c62-88ba-fe5b55391c49:group-75A2AF7D578F:LeaderElection96] INFO  impl.RaftServerImpl (ServerState.java:setLeader(263)) - f144bb97-f1f6-4c62-88ba-fe5b55391c49:group-75A2AF7D578F change Leader from null to f144bb97-f1f6-4c62-88ba-fe5b55391c49 at term 1 for becomeLeader, leader elected after 1233ms
2019-09-19 08:59:01,662 [f144bb97-f1f6-4c62-88ba-fe5b55391c49:group-75A2AF7D578F:LeaderElection96] INFO  server.RaftServerConfigKeys (ConfUtils.java:logGet(43)) - raft.server.staging.catchup.gap = 1000 (default)
2019-09-19 08:59:01,662 [f144bb97-f1f6-4c62-88ba-fe5b55391c49:group-75A2AF7D578F:LeaderElection96] INFO  server.RaftServerConfigKeys (ConfUtils.java:logGet(43)) - raft.server.rpc.sleep.time = 25ms (default)
2019-09-19 08:59:01,662 [f144bb97-f1f6-4c62-88ba-fe5b55391c49:group-75A2AF7D578F:LeaderElection96] INFO  server.RaftServerConfigKeys (ConfUtils.java:logGet(43)) - raft.server.write.element-limit = 4096 (default)
2019-09-19 08:59:01,662 [f144bb97-f1f6-4c62-88ba-fe5b55391c49:group-75A2AF7D578F:LeaderElection96] INFO  server.RaftServerConfigKeys (ConfUtils.java:logGet(43)) - raft.server.watch.timeout = 10s (default)
2019-09-19 08:59:01,662 [f144bb97-f1f6-4c62-88ba-fe5b55391c49:group-75A2AF7D578F:LeaderElection96] INFO  server.RaftServerConfigKeys (ConfUtils.java:logGet(43)) - raft.server.watch.timeout.denomination = 1s (default)
2019-09-19 08:59:01,663 [f144bb97-f1f6-4c62-88ba-fe5b55391c49:group-75A2AF7D578F:LeaderElection96] INFO  server.RaftServerConfigKeys (ConfUtils.java:logGet(43)) - raft.server.watch.element-limit = 65536 (default)
2019-09-19 08:59:01,663 [f144bb97-f1f6-4c62-88ba-fe5b55391c49:group-75A2AF7D578F:LeaderElection96] INFO  impl.RoleInfo (RoleInfo.java:updateAndGet(143)) - f144bb97-f1f6-4c62-88ba-fe5b55391c49: start LeaderState
2019-09-19 08:59:01,663 [f144bb97-f1f6-4c62-88ba-fe5b55391c49:group-75A2AF7D578F:LeaderElection96] INFO  segmented.SegmentedRaftLogWorker (SegmentedRaftLogWorker.java:startLogSegment(380)) - f144bb97-f1f6-4c62-88ba-fe5b55391c49-SegmentedRaftLogWorker:Storage Directory /workdir/hadoop-ozone/integration-test/target/test-dir/MiniOzoneClusterImpl-66e2a49b-37e1-46c5-a16c-3b22c3c736b2/datanode-5/data/ratis/b2215999-6cb6-4647-9681-75a2af7d578f: Starting segment from index:0
2019-09-19 08:59:01,664 [f144bb97-f1f6-4c62-88ba-fe5b55391c49:group-75A2AF7D578F:LeaderElection96] INFO  impl.RaftServerImpl (ServerState.java:setRaftConf(361)) - f144bb97-f1f6-4c62-88ba-fe5b55391c49:group-75A2AF7D578F set configuration 0: [f144bb97-f1f6-4c62-88ba-fe5b55391c49:192.168.34.5:35246], old=null at 0
2019-09-19 08:59:01,703 | INFO  | SCMAudit | user=jenkins1000 | ip=192.168.34.5 | op=SEND_HEARTBEAT {datanodeUUID=ad3886cc-8cf9-46e9-a9d5-925411a00d68, command=[]} | ret=SUCCESS |  
2019-09-19 08:59:01,716 [f144bb97-f1f6-4c62-88ba-fe5b55391c49-SegmentedRaftLogWorker:Storage Directory /workdir/hadoop-ozone/integration-test/target/test-dir/MiniOzoneClusterImpl-66e2a49b-37e1-46c5-a16c-3b22c3c736b2/datanode-5/data/ratis/b2215999-6cb6-4647-9681-75a2af7d578f] INFO  segmented.SegmentedRaftLogWorker (SegmentedRaftLogWorker.java:execute(569)) - f144bb97-f1f6-4c62-88ba-fe5b55391c49-SegmentedRaftLogWorker:Storage Directory /workdir/hadoop-ozone/integration-test/target/test-dir/MiniOzoneClusterImpl-66e2a49b-37e1-46c5-a16c-3b22c3c736b2/datanode-5/data/ratis/b2215999-6cb6-4647-9681-75a2af7d578f: created new log segment /workdir/hadoop-ozone/integration-test/target/test-dir/MiniOzoneClusterImpl-66e2a49b-37e1-46c5-a16c-3b22c3c736b2/datanode-5/data/ratis/b2215999-6cb6-4647-9681-75a2af7d578f/current/log_inprogress_0
2019-09-19 08:59:01,845 | INFO  | SCMAudit | user=jenkins1000 | ip=192.168.34.5 | op=SEND_HEARTBEAT {datanodeUUID=a1d91341-8f9e-4ad5-9509-8a616163aa58, command=[]} | ret=SUCCESS |  
2019-09-19 08:59:01,854 [Thread-803] INFO  container.ReplicationManager (ReplicationManager.java:start(151)) - Starting Replication Monitor Thread.
2019-09-19 08:59:01,857 [ReplicationMonitor] INFO  container.ReplicationManager (ReplicationManager.java:run(214)) - Replication Monitor Thread took 0 milliseconds for processing 0 containers.
2019-09-19 08:59:02,076 [Datanode State Machine Thread - 0] INFO  statemachine.DatanodeStateMachine (DatanodeStateMachine.java:lambda$startDaemon$0(350)) - Ozone container server started.
2019-09-19 08:59:02,238 | INFO  | SCMAudit | user=jenkins1000 | ip=192.168.34.5 | op=SEND_HEARTBEAT {datanodeUUID=f144bb97-f1f6-4c62-88ba-fe5b55391c49, command=[]} | ret=SUCCESS |  
2019-09-19 08:59:02,283 | INFO  | SCMAudit | user=jenkins1000 | ip=192.168.34.5 | op=SEND_HEARTBEAT {datanodeUUID=c3efbda9-57f4-4798-ad05-3f22f82ad386, command=[]} | ret=SUCCESS |  
2019-09-19 08:59:02,703 | INFO  | SCMAudit | user=jenkins1000 | ip=192.168.34.5 | op=SEND_HEARTBEAT {datanodeUUID=ad3886cc-8cf9-46e9-a9d5-925411a00d68, command=[]} | ret=SUCCESS |  
2019-09-19 08:59:02,845 | INFO  | SCMAudit | user=jenkins1000 | ip=192.168.34.5 | op=SEND_HEARTBEAT {datanodeUUID=a1d91341-8f9e-4ad5-9509-8a616163aa58, command=[]} | ret=SUCCESS |  
2019-09-19 08:59:03,238 | INFO  | SCMAudit | user=jenkins1000 | ip=192.168.34.5 | op=SEND_HEARTBEAT {datanodeUUID=f144bb97-f1f6-4c62-88ba-fe5b55391c49, command=[]} | ret=SUCCESS |  
2019-09-19 08:59:03,283 | INFO  | SCMAudit | user=jenkins1000 | ip=192.168.34.5 | op=SEND_HEARTBEAT {datanodeUUID=c3efbda9-57f4-4798-ad05-3f22f82ad386, command=[]} | ret=SUCCESS |  
2019-09-19 08:59:03,703 | INFO  | SCMAudit | user=jenkins1000 | ip=192.168.34.5 | op=SEND_HEARTBEAT {datanodeUUID=ad3886cc-8cf9-46e9-a9d5-925411a00d68, command=[]} | ret=SUCCESS |  
2019-09-19 08:59:03,844 | INFO  | SCMAudit | user=jenkins1000 | ip=192.168.34.5 | op=SEND_HEARTBEAT {datanodeUUID=a1d91341-8f9e-4ad5-9509-8a616163aa58, command=[]} | ret=SUCCESS |  
2019-09-19 08:59:04,238 | INFO  | SCMAudit | user=jenkins1000 | ip=192.168.34.5 | op=SEND_HEARTBEAT {datanodeUUID=f144bb97-f1f6-4c62-88ba-fe5b55391c49, command=[]} | ret=SUCCESS |  
2019-09-19 08:59:04,282 | INFO  | SCMAudit | user=jenkins1000 | ip=192.168.34.5 | op=SEND_HEARTBEAT {datanodeUUID=c3efbda9-57f4-4798-ad05-3f22f82ad386, command=[]} | ret=SUCCESS |  
2019-09-19 08:59:04,703 | INFO  | SCMAudit | user=jenkins1000 | ip=192.168.34.5 | op=SEND_HEARTBEAT {datanodeUUID=ad3886cc-8cf9-46e9-a9d5-925411a00d68, command=[]} | ret=SUCCESS |  
2019-09-19 08:59:04,845 | INFO  | SCMAudit | user=jenkins1000 | ip=192.168.34.5 | op=SEND_HEARTBEAT {datanodeUUID=a1d91341-8f9e-4ad5-9509-8a616163aa58, command=[]} | ret=SUCCESS |  
2019-09-19 08:59:05,237 | INFO  | SCMAudit | user=jenkins1000 | ip=192.168.34.5 | op=SEND_HEARTBEAT {datanodeUUID=f144bb97-f1f6-4c62-88ba-fe5b55391c49, command=[]} | ret=SUCCESS |  
2019-09-19 08:59:05,283 | INFO  | SCMAudit | user=jenkins1000 | ip=192.168.34.5 | op=SEND_HEARTBEAT {datanodeUUID=c3efbda9-57f4-4798-ad05-3f22f82ad386, command=[]} | ret=SUCCESS |  
2019-09-19 08:59:05,704 | INFO  | SCMAudit | user=jenkins1000 | ip=192.168.34.5 | op=SEND_HEARTBEAT {datanodeUUID=ad3886cc-8cf9-46e9-a9d5-925411a00d68, command=[]} | ret=SUCCESS |  
2019-09-19 08:59:05,845 | INFO  | SCMAudit | user=jenkins1000 | ip=192.168.34.5 | op=SEND_HEARTBEAT {datanodeUUID=a1d91341-8f9e-4ad5-9509-8a616163aa58, command=[]} | ret=SUCCESS |  
2019-09-19 08:59:06,238 | INFO  | SCMAudit | user=jenkins1000 | ip=192.168.34.5 | op=SEND_HEARTBEAT {datanodeUUID=f144bb97-f1f6-4c62-88ba-fe5b55391c49, command=[]} | ret=SUCCESS |  
2019-09-19 08:59:06,283 | INFO  | SCMAudit | user=jenkins1000 | ip=192.168.34.5 | op=SEND_HEARTBEAT {datanodeUUID=c3efbda9-57f4-4798-ad05-3f22f82ad386, command=[]} | ret=SUCCESS |  
2019-09-19 08:59:06,340 [main] INFO  ozoneimpl.OzoneContainer (OzoneContainer.java:stop(199)) - Attempting to stop container services.
2019-09-19 08:59:06,340 [ForkJoinPool.commonPool-worker-0] INFO  ozoneimpl.OzoneContainer (OzoneContainer.java:stop(199)) - Attempting to stop container services.
2019-09-19 08:59:06,340 [main] INFO  impl.RaftServerProxy (RaftServerProxy.java:lambda$close$4(314)) - 9b5d8b34-2569-4d93-9fd9-024f418d364f: close
2019-09-19 08:59:06,340 [ForkJoinPool.commonPool-worker-0] INFO  impl.RaftServerProxy (RaftServerProxy.java:lambda$close$4(314)) - d1f69eb4-ccd6-48e7-a921-1bf219b44eb4: close
2019-09-19 08:59:06,341 [main] INFO  impl.RaftServerImpl (RaftServerImpl.java:lambda$shutdown$3(245)) - 9b5d8b34-2569-4d93-9fd9-024f418d364f: shutdown group-40678D0B94A7
2019-09-19 08:59:06,341 [ForkJoinPool.commonPool-worker-0] INFO  impl.RaftServerImpl (RaftServerImpl.java:lambda$shutdown$3(245)) - d1f69eb4-ccd6-48e7-a921-1bf219b44eb4: shutdown group-4E11F33A9D1C
2019-09-19 08:59:06,341 [main] INFO  util.JmxRegister (JmxRegister.java:unregister(73)) - Successfully un-registered JMX Bean with object name Ratis:service=RaftServer,group=group-40678D0B94A7,id=9b5d8b34-2569-4d93-9fd9-024f418d364f
2019-09-19 08:59:06,341 [ForkJoinPool.commonPool-worker-0] INFO  util.JmxRegister (JmxRegister.java:unregister(73)) - Successfully un-registered JMX Bean with object name Ratis:service=RaftServer,group=group-4E11F33A9D1C,id=d1f69eb4-ccd6-48e7-a921-1bf219b44eb4
2019-09-19 08:59:06,342 [main] INFO  impl.RoleInfo (RoleInfo.java:shutdownLeaderState(104)) - 9b5d8b34-2569-4d93-9fd9-024f418d364f: shutdown LeaderState
2019-09-19 08:59:06,342 [ForkJoinPool.commonPool-worker-0] INFO  impl.RoleInfo (RoleInfo.java:shutdownLeaderState(104)) - d1f69eb4-ccd6-48e7-a921-1bf219b44eb4: shutdown LeaderState
2019-09-19 08:59:06,342 [main] INFO  impl.PendingRequests (PendingRequests.java:sendNotLeaderResponses(202)) - 9b5d8b34-2569-4d93-9fd9-024f418d364f-PendingRequests: sendNotLeaderResponses
2019-09-19 08:59:06,342 [ForkJoinPool.commonPool-worker-0] INFO  impl.PendingRequests (PendingRequests.java:sendNotLeaderResponses(202)) - d1f69eb4-ccd6-48e7-a921-1bf219b44eb4-PendingRequests: sendNotLeaderResponses
2019-09-19 08:59:06,343 [main] INFO  impl.StateMachineUpdater (StateMachineUpdater.java:stopAndJoin(115)) - StateMachineUpdater:9b5d8b34-2569-4d93-9fd9-024f418d364f:group-40678D0B94A7: set stopIndex = 0
2019-09-19 08:59:06,343 [ForkJoinPool.commonPool-worker-0] INFO  impl.StateMachineUpdater (StateMachineUpdater.java:stopAndJoin(115)) - StateMachineUpdater:d1f69eb4-ccd6-48e7-a921-1bf219b44eb4:group-4E11F33A9D1C: set stopIndex = 0
2019-09-19 08:59:06,343 [main] INFO  impl.RaftServerImpl (ServerState.java:close(394)) - 9b5d8b34-2569-4d93-9fd9-024f418d364f:group-40678D0B94A7 closes. The last applied log index is 0
2019-09-19 08:59:06,344 [ForkJoinPool.commonPool-worker-0] INFO  impl.RaftServerImpl (ServerState.java:close(394)) - d1f69eb4-ccd6-48e7-a921-1bf219b44eb4:group-4E11F33A9D1C closes. The last applied log index is 0
2019-09-19 08:59:06,344 [9b5d8b34-2569-4d93-9fd9-024f418d364f-SegmentedRaftLogWorker:Storage Directory /workdir/hadoop-ozone/integration-test/target/test-dir/MiniOzoneClusterImpl-66e2a49b-37e1-46c5-a16c-3b22c3c736b2/datanode-3/data/ratis/97bf4836-a1cd-4710-b5aa-40678d0b94a7] INFO  segmented.SegmentedRaftLogWorker (SegmentedRaftLogWorker.java:run(313)) - 9b5d8b34-2569-4d93-9fd9-024f418d364f-SegmentedRaftLogWorker:Storage Directory /workdir/hadoop-ozone/integration-test/target/test-dir/MiniOzoneClusterImpl-66e2a49b-37e1-46c5-a16c-3b22c3c736b2/datanode-3/data/ratis/97bf4836-a1cd-4710-b5aa-40678d0b94a7 was interrupted, exiting. There are 0 tasks remaining in the queue.
2019-09-19 08:59:06,344 [d1f69eb4-ccd6-48e7-a921-1bf219b44eb4-SegmentedRaftLogWorker:Storage Directory /workdir/hadoop-ozone/integration-test/target/test-dir/MiniOzoneClusterImpl-66e2a49b-37e1-46c5-a16c-3b22c3c736b2/datanode-1/data/ratis/6ea773ed-144b-4f71-8403-4e11f33a9d1c] INFO  segmented.SegmentedRaftLogWorker (SegmentedRaftLogWorker.java:run(313)) - d1f69eb4-ccd6-48e7-a921-1bf219b44eb4-SegmentedRaftLogWorker:Storage Directory /workdir/hadoop-ozone/integration-test/target/test-dir/MiniOzoneClusterImpl-66e2a49b-37e1-46c5-a16c-3b22c3c736b2/datanode-1/data/ratis/6ea773ed-144b-4f71-8403-4e11f33a9d1c was interrupted, exiting. There are 0 tasks remaining in the queue.
2019-09-19 08:59:06,348 [main] INFO  segmented.SegmentedRaftLogWorker (SegmentedRaftLogWorker.java:close(228)) - 9b5d8b34-2569-4d93-9fd9-024f418d364f-SegmentedRaftLogWorker:Storage Directory /workdir/hadoop-ozone/integration-test/target/test-dir/MiniOzoneClusterImpl-66e2a49b-37e1-46c5-a16c-3b22c3c736b2/datanode-3/data/ratis/97bf4836-a1cd-4710-b5aa-40678d0b94a7 close()
2019-09-19 08:59:06,350 [ForkJoinPool.commonPool-worker-0] INFO  segmented.SegmentedRaftLogWorker (SegmentedRaftLogWorker.java:close(228)) - d1f69eb4-ccd6-48e7-a921-1bf219b44eb4-SegmentedRaftLogWorker:Storage Directory /workdir/hadoop-ozone/integration-test/target/test-dir/MiniOzoneClusterImpl-66e2a49b-37e1-46c5-a16c-3b22c3c736b2/datanode-1/data/ratis/6ea773ed-144b-4f71-8403-4e11f33a9d1c close()
2019-09-19 08:59:06,354 [main] INFO  impl.RaftServerImpl (RaftServerImpl.java:lambda$shutdown$3(245)) - 9b5d8b34-2569-4d93-9fd9-024f418d364f: shutdown group-C801A8F28891
2019-09-19 08:59:06,358 [ForkJoinPool.commonPool-worker-0] INFO  impl.RaftServerImpl (RaftServerImpl.java:lambda$shutdown$3(245)) - d1f69eb4-ccd6-48e7-a921-1bf219b44eb4: shutdown group-1404994E5562
2019-09-19 08:59:06,358 [main] INFO  util.JmxRegister (JmxRegister.java:unregister(73)) - Successfully un-registered JMX Bean with object name Ratis:service=RaftServer,group=group-C801A8F28891,id=9b5d8b34-2569-4d93-9fd9-024f418d364f
2019-09-19 08:59:06,358 [ForkJoinPool.commonPool-worker-0] INFO  util.JmxRegister (JmxRegister.java:unregister(73)) - Successfully un-registered JMX Bean with object name Ratis:service=RaftServer,group=group-1404994E5562,id=d1f69eb4-ccd6-48e7-a921-1bf219b44eb4
2019-09-19 08:59:06,359 [main] INFO  impl.RoleInfo (RoleInfo.java:shutdownLeaderState(104)) - 9b5d8b34-2569-4d93-9fd9-024f418d364f: shutdown LeaderState
2019-09-19 08:59:06,359 [ForkJoinPool.commonPool-worker-0] INFO  impl.RoleInfo (RoleInfo.java:shutdownLeaderState(104)) - d1f69eb4-ccd6-48e7-a921-1bf219b44eb4: shutdown LeaderState
2019-09-19 08:59:06,359 [main] INFO  impl.PendingRequests (PendingRequests.java:sendNotLeaderResponses(202)) - 9b5d8b34-2569-4d93-9fd9-024f418d364f-PendingRequests: sendNotLeaderResponses
2019-09-19 08:59:06,360 [ForkJoinPool.commonPool-worker-0] INFO  impl.PendingRequests (PendingRequests.java:sendNotLeaderResponses(202)) - d1f69eb4-ccd6-48e7-a921-1bf219b44eb4-PendingRequests: sendNotLeaderResponses
2019-09-19 08:59:06,360 [main] INFO  impl.StateMachineUpdater (StateMachineUpdater.java:stopAndJoin(115)) - StateMachineUpdater:9b5d8b34-2569-4d93-9fd9-024f418d364f:group-C801A8F28891: set stopIndex = 0
2019-09-19 08:59:06,360 [ForkJoinPool.commonPool-worker-0] INFO  impl.StateMachineUpdater (StateMachineUpdater.java:stopAndJoin(115)) - StateMachineUpdater:d1f69eb4-ccd6-48e7-a921-1bf219b44eb4:group-1404994E5562: set stopIndex = 0
2019-09-19 08:59:06,361 [main] INFO  impl.RaftServerImpl (ServerState.java:close(394)) - 9b5d8b34-2569-4d93-9fd9-024f418d364f:group-C801A8F28891 closes. The last applied log index is 0
2019-09-19 08:59:06,361 [ForkJoinPool.commonPool-worker-0] INFO  impl.RaftServerImpl (ServerState.java:close(394)) - d1f69eb4-ccd6-48e7-a921-1bf219b44eb4:group-1404994E5562 closes. The last applied log index is 0
2019-09-19 08:59:06,362 [9b5d8b34-2569-4d93-9fd9-024f418d364f-SegmentedRaftLogWorker:Storage Directory /workdir/hadoop-ozone/integration-test/target/test-dir/MiniOzoneClusterImpl-66e2a49b-37e1-46c5-a16c-3b22c3c736b2/datanode-3/data/ratis/08ed0453-1fe4-4b2d-b8e5-c801a8f28891] INFO  segmented.SegmentedRaftLogWorker (SegmentedRaftLogWorker.java:run(313)) - 9b5d8b34-2569-4d93-9fd9-024f418d364f-SegmentedRaftLogWorker:Storage Directory /workdir/hadoop-ozone/integration-test/target/test-dir/MiniOzoneClusterImpl-66e2a49b-37e1-46c5-a16c-3b22c3c736b2/datanode-3/data/ratis/08ed0453-1fe4-4b2d-b8e5-c801a8f28891 was interrupted, exiting. There are 0 tasks remaining in the queue.
2019-09-19 08:59:06,362 [d1f69eb4-ccd6-48e7-a921-1bf219b44eb4-SegmentedRaftLogWorker:Storage Directory /workdir/hadoop-ozone/integration-test/target/test-dir/MiniOzoneClusterImpl-66e2a49b-37e1-46c5-a16c-3b22c3c736b2/datanode-1/data/ratis/e36ea92e-387e-4744-a282-1404994e5562] INFO  segmented.SegmentedRaftLogWorker (SegmentedRaftLogWorker.java:run(313)) - d1f69eb4-ccd6-48e7-a921-1bf219b44eb4-SegmentedRaftLogWorker:Storage Directory /workdir/hadoop-ozone/integration-test/target/test-dir/MiniOzoneClusterImpl-66e2a49b-37e1-46c5-a16c-3b22c3c736b2/datanode-1/data/ratis/e36ea92e-387e-4744-a282-1404994e5562 was interrupted, exiting. There are 0 tasks remaining in the queue.
2019-09-19 08:59:06,363 [main] INFO  segmented.SegmentedRaftLogWorker (SegmentedRaftLogWorker.java:close(228)) - 9b5d8b34-2569-4d93-9fd9-024f418d364f-SegmentedRaftLogWorker:Storage Directory /workdir/hadoop-ozone/integration-test/target/test-dir/MiniOzoneClusterImpl-66e2a49b-37e1-46c5-a16c-3b22c3c736b2/datanode-3/data/ratis/08ed0453-1fe4-4b2d-b8e5-c801a8f28891 close()
2019-09-19 08:59:06,364 [ForkJoinPool.commonPool-worker-0] INFO  segmented.SegmentedRaftLogWorker (SegmentedRaftLogWorker.java:close(228)) - d1f69eb4-ccd6-48e7-a921-1bf219b44eb4-SegmentedRaftLogWorker:Storage Directory /workdir/hadoop-ozone/integration-test/target/test-dir/MiniOzoneClusterImpl-66e2a49b-37e1-46c5-a16c-3b22c3c736b2/datanode-1/data/ratis/e36ea92e-387e-4744-a282-1404994e5562 close()
2019-09-19 08:59:06,367 [main] INFO  impl.RaftServerImpl (RaftServerImpl.java:lambda$shutdown$3(245)) - 9b5d8b34-2569-4d93-9fd9-024f418d364f: shutdown group-353CDCAB4EAA
2019-09-19 08:59:06,369 [ForkJoinPool.commonPool-worker-0] INFO  impl.RaftServerImpl (RaftServerImpl.java:lambda$shutdown$3(245)) - d1f69eb4-ccd6-48e7-a921-1bf219b44eb4: shutdown group-2086425C724E
2019-09-19 08:59:06,369 [main] INFO  util.JmxRegister (JmxRegister.java:unregister(73)) - Successfully un-registered JMX Bean with object name Ratis:service=RaftServer,group=group-353CDCAB4EAA,id=9b5d8b34-2569-4d93-9fd9-024f418d364f
2019-09-19 08:59:06,370 [ForkJoinPool.commonPool-worker-0] INFO  util.JmxRegister (JmxRegister.java:unregister(73)) - Successfully un-registered JMX Bean with object name Ratis:service=RaftServer,group=group-2086425C724E,id=d1f69eb4-ccd6-48e7-a921-1bf219b44eb4
2019-09-19 08:59:06,370 [main] INFO  impl.RoleInfo (RoleInfo.java:shutdownLeaderState(104)) - 9b5d8b34-2569-4d93-9fd9-024f418d364f: shutdown LeaderState
2019-09-19 08:59:06,370 [ForkJoinPool.commonPool-worker-0] INFO  impl.RoleInfo (RoleInfo.java:shutdownLeaderState(104)) - d1f69eb4-ccd6-48e7-a921-1bf219b44eb4: shutdown LeaderState
2019-09-19 08:59:06,370 [main] INFO  impl.PendingRequests (PendingRequests.java:sendNotLeaderResponses(202)) - 9b5d8b34-2569-4d93-9fd9-024f418d364f-PendingRequests: sendNotLeaderResponses
2019-09-19 08:59:06,371 [ForkJoinPool.commonPool-worker-0] INFO  impl.PendingRequests (PendingRequests.java:sendNotLeaderResponses(202)) - d1f69eb4-ccd6-48e7-a921-1bf219b44eb4-PendingRequests: sendNotLeaderResponses
2019-09-19 08:59:06,371 [main] INFO  impl.StateMachineUpdater (StateMachineUpdater.java:stopAndJoin(115)) - StateMachineUpdater:9b5d8b34-2569-4d93-9fd9-024f418d364f:group-353CDCAB4EAA: set stopIndex = 0
2019-09-19 08:59:06,371 [ForkJoinPool.commonPool-worker-0] INFO  impl.StateMachineUpdater (StateMachineUpdater.java:stopAndJoin(115)) - StateMachineUpdater:d1f69eb4-ccd6-48e7-a921-1bf219b44eb4:group-2086425C724E: set stopIndex = 0
2019-09-19 08:59:06,371 [main] INFO  impl.RaftServerImpl (ServerState.java:close(394)) - 9b5d8b34-2569-4d93-9fd9-024f418d364f:group-353CDCAB4EAA closes. The last applied log index is 0
2019-09-19 08:59:06,372 [ForkJoinPool.commonPool-worker-0] INFO  impl.RaftServerImpl (ServerState.java:close(394)) - d1f69eb4-ccd6-48e7-a921-1bf219b44eb4:group-2086425C724E closes. The last applied log index is 0
2019-09-19 08:59:06,372 [9b5d8b34-2569-4d93-9fd9-024f418d364f-SegmentedRaftLogWorker:Storage Directory /workdir/hadoop-ozone/integration-test/target/test-dir/MiniOzoneClusterImpl-66e2a49b-37e1-46c5-a16c-3b22c3c736b2/datanode-3/data/ratis/86cc9d77-0760-4e6a-952e-353cdcab4eaa] INFO  segmented.SegmentedRaftLogWorker (SegmentedRaftLogWorker.java:run(313)) - 9b5d8b34-2569-4d93-9fd9-024f418d364f-SegmentedRaftLogWorker:Storage Directory /workdir/hadoop-ozone/integration-test/target/test-dir/MiniOzoneClusterImpl-66e2a49b-37e1-46c5-a16c-3b22c3c736b2/datanode-3/data/ratis/86cc9d77-0760-4e6a-952e-353cdcab4eaa was interrupted, exiting. There are 0 tasks remaining in the queue.
2019-09-19 08:59:06,372 [d1f69eb4-ccd6-48e7-a921-1bf219b44eb4-SegmentedRaftLogWorker:Storage Directory /workdir/hadoop-ozone/integration-test/target/test-dir/MiniOzoneClusterImpl-66e2a49b-37e1-46c5-a16c-3b22c3c736b2/datanode-1/data/ratis/a68fc7b0-7cdd-4f1e-89b8-2086425c724e] INFO  segmented.SegmentedRaftLogWorker (SegmentedRaftLogWorker.java:run(313)) - d1f69eb4-ccd6-48e7-a921-1bf219b44eb4-SegmentedRaftLogWorker:Storage Directory /workdir/hadoop-ozone/integration-test/target/test-dir/MiniOzoneClusterImpl-66e2a49b-37e1-46c5-a16c-3b22c3c736b2/datanode-1/data/ratis/a68fc7b0-7cdd-4f1e-89b8-2086425c724e was interrupted, exiting. There are 0 tasks remaining in the queue.
2019-09-19 08:59:06,373 [main] INFO  segmented.SegmentedRaftLogWorker (SegmentedRaftLogWorker.java:close(228)) - 9b5d8b34-2569-4d93-9fd9-024f418d364f-SegmentedRaftLogWorker:Storage Directory /workdir/hadoop-ozone/integration-test/target/test-dir/MiniOzoneClusterImpl-66e2a49b-37e1-46c5-a16c-3b22c3c736b2/datanode-3/data/ratis/86cc9d77-0760-4e6a-952e-353cdcab4eaa close()
2019-09-19 08:59:06,375 [ForkJoinPool.commonPool-worker-0] INFO  segmented.SegmentedRaftLogWorker (SegmentedRaftLogWorker.java:close(228)) - d1f69eb4-ccd6-48e7-a921-1bf219b44eb4-SegmentedRaftLogWorker:Storage Directory /workdir/hadoop-ozone/integration-test/target/test-dir/MiniOzoneClusterImpl-66e2a49b-37e1-46c5-a16c-3b22c3c736b2/datanode-1/data/ratis/a68fc7b0-7cdd-4f1e-89b8-2086425c724e close()
2019-09-19 08:59:06,377 [main] INFO  impl.RaftServerImpl (RaftServerImpl.java:lambda$shutdown$3(245)) - 9b5d8b34-2569-4d93-9fd9-024f418d364f: shutdown group-1069A886D182
2019-09-19 08:59:06,379 [ForkJoinPool.commonPool-worker-0] INFO  impl.RaftServerImpl (RaftServerImpl.java:lambda$shutdown$3(245)) - d1f69eb4-ccd6-48e7-a921-1bf219b44eb4: shutdown group-B7EA212C98AD
2019-09-19 08:59:06,379 [main] INFO  util.JmxRegister (JmxRegister.java:unregister(73)) - Successfully un-registered JMX Bean with object name Ratis:service=RaftServer,group=group-1069A886D182,id=9b5d8b34-2569-4d93-9fd9-024f418d364f
2019-09-19 08:59:06,380 [ForkJoinPool.commonPool-worker-0] INFO  util.JmxRegister (JmxRegister.java:unregister(73)) - Successfully un-registered JMX Bean with object name Ratis:service=RaftServer,group=group-B7EA212C98AD,id=d1f69eb4-ccd6-48e7-a921-1bf219b44eb4
2019-09-19 08:59:06,380 [main] INFO  impl.RoleInfo (RoleInfo.java:shutdownLeaderState(104)) - 9b5d8b34-2569-4d93-9fd9-024f418d364f: shutdown LeaderState
2019-09-19 08:59:06,380 [ForkJoinPool.commonPool-worker-0] INFO  impl.RoleInfo (RoleInfo.java:shutdownLeaderState(104)) - d1f69eb4-ccd6-48e7-a921-1bf219b44eb4: shutdown LeaderState
2019-09-19 08:59:06,380 [main] INFO  impl.PendingRequests (PendingRequests.java:sendNotLeaderResponses(202)) - 9b5d8b34-2569-4d93-9fd9-024f418d364f-PendingRequests: sendNotLeaderResponses
2019-09-19 08:59:06,381 [ForkJoinPool.commonPool-worker-0] INFO  impl.PendingRequests (PendingRequests.java:sendNotLeaderResponses(202)) - d1f69eb4-ccd6-48e7-a921-1bf219b44eb4-PendingRequests: sendNotLeaderResponses
2019-09-19 08:59:06,381 [main] INFO  impl.StateMachineUpdater (StateMachineUpdater.java:stopAndJoin(115)) - StateMachineUpdater:9b5d8b34-2569-4d93-9fd9-024f418d364f:group-1069A886D182: set stopIndex = 0
2019-09-19 08:59:06,381 [ForkJoinPool.commonPool-worker-0] INFO  impl.StateMachineUpdater (StateMachineUpdater.java:stopAndJoin(115)) - StateMachineUpdater:d1f69eb4-ccd6-48e7-a921-1bf219b44eb4:group-B7EA212C98AD: set stopIndex = 0
2019-09-19 08:59:06,381 [main] INFO  impl.RaftServerImpl (ServerState.java:close(394)) - 9b5d8b34-2569-4d93-9fd9-024f418d364f:group-1069A886D182 closes. The last applied log index is 0
2019-09-19 08:59:06,381 [ForkJoinPool.commonPool-worker-0] INFO  impl.RaftServerImpl (ServerState.java:close(394)) - d1f69eb4-ccd6-48e7-a921-1bf219b44eb4:group-B7EA212C98AD closes. The last applied log index is 0
2019-09-19 08:59:06,382 [9b5d8b34-2569-4d93-9fd9-024f418d364f-SegmentedRaftLogWorker:Storage Directory /workdir/hadoop-ozone/integration-test/target/test-dir/MiniOzoneClusterImpl-66e2a49b-37e1-46c5-a16c-3b22c3c736b2/datanode-3/data/ratis/af73bcf1-9d46-402a-a45e-1069a886d182] INFO  segmented.SegmentedRaftLogWorker (SegmentedRaftLogWorker.java:run(313)) - 9b5d8b34-2569-4d93-9fd9-024f418d364f-SegmentedRaftLogWorker:Storage Directory /workdir/hadoop-ozone/integration-test/target/test-dir/MiniOzoneClusterImpl-66e2a49b-37e1-46c5-a16c-3b22c3c736b2/datanode-3/data/ratis/af73bcf1-9d46-402a-a45e-1069a886d182 was interrupted, exiting. There are 0 tasks remaining in the queue.
2019-09-19 08:59:06,382 [d1f69eb4-ccd6-48e7-a921-1bf219b44eb4-SegmentedRaftLogWorker:Storage Directory /workdir/hadoop-ozone/integration-test/target/test-dir/MiniOzoneClusterImpl-66e2a49b-37e1-46c5-a16c-3b22c3c736b2/datanode-1/data/ratis/0927f6f2-65b1-420b-a237-b7ea212c98ad] INFO  segmented.SegmentedRaftLogWorker (SegmentedRaftLogWorker.java:run(313)) - d1f69eb4-ccd6-48e7-a921-1bf219b44eb4-SegmentedRaftLogWorker:Storage Directory /workdir/hadoop-ozone/integration-test/target/test-dir/MiniOzoneClusterImpl-66e2a49b-37e1-46c5-a16c-3b22c3c736b2/datanode-1/data/ratis/0927f6f2-65b1-420b-a237-b7ea212c98ad was interrupted, exiting. There are 0 tasks remaining in the queue.
2019-09-19 08:59:06,383 [main] INFO  segmented.SegmentedRaftLogWorker (SegmentedRaftLogWorker.java:close(228)) - 9b5d8b34-2569-4d93-9fd9-024f418d364f-SegmentedRaftLogWorker:Storage Directory /workdir/hadoop-ozone/integration-test/target/test-dir/MiniOzoneClusterImpl-66e2a49b-37e1-46c5-a16c-3b22c3c736b2/datanode-3/data/ratis/af73bcf1-9d46-402a-a45e-1069a886d182 close()
2019-09-19 08:59:06,384 [ForkJoinPool.commonPool-worker-0] INFO  segmented.SegmentedRaftLogWorker (SegmentedRaftLogWorker.java:close(228)) - d1f69eb4-ccd6-48e7-a921-1bf219b44eb4-SegmentedRaftLogWorker:Storage Directory /workdir/hadoop-ozone/integration-test/target/test-dir/MiniOzoneClusterImpl-66e2a49b-37e1-46c5-a16c-3b22c3c736b2/datanode-1/data/ratis/0927f6f2-65b1-420b-a237-b7ea212c98ad close()
2019-09-19 08:59:06,387 [main] INFO  impl.RaftServerImpl (RaftServerImpl.java:lambda$shutdown$3(245)) - 9b5d8b34-2569-4d93-9fd9-024f418d364f: shutdown group-CA423D718B75
2019-09-19 08:59:06,389 [ForkJoinPool.commonPool-worker-0] INFO  impl.RaftServerImpl (RaftServerImpl.java:lambda$shutdown$3(245)) - d1f69eb4-ccd6-48e7-a921-1bf219b44eb4: shutdown group-B02F7715891A
2019-09-19 08:59:06,389 [main] INFO  util.JmxRegister (JmxRegister.java:unregister(73)) - Successfully un-registered JMX Bean with object name Ratis:service=RaftServer,group=group-CA423D718B75,id=9b5d8b34-2569-4d93-9fd9-024f418d364f
2019-09-19 08:59:06,389 [ForkJoinPool.commonPool-worker-0] INFO  util.JmxRegister (JmxRegister.java:unregister(73)) - Successfully un-registered JMX Bean with object name Ratis:service=RaftServer,group=group-B02F7715891A,id=d1f69eb4-ccd6-48e7-a921-1bf219b44eb4
2019-09-19 08:59:06,390 [main] INFO  impl.RoleInfo (RoleInfo.java:shutdownLeaderState(104)) - 9b5d8b34-2569-4d93-9fd9-024f418d364f: shutdown LeaderState
2019-09-19 08:59:06,390 [ForkJoinPool.commonPool-worker-0] INFO  impl.RoleInfo (RoleInfo.java:shutdownLeaderState(104)) - d1f69eb4-ccd6-48e7-a921-1bf219b44eb4: shutdown LeaderState
2019-09-19 08:59:06,390 [main] INFO  impl.PendingRequests (PendingRequests.java:sendNotLeaderResponses(202)) - 9b5d8b34-2569-4d93-9fd9-024f418d364f-PendingRequests: sendNotLeaderResponses
2019-09-19 08:59:06,390 [ForkJoinPool.commonPool-worker-0] INFO  impl.PendingRequests (PendingRequests.java:sendNotLeaderResponses(202)) - d1f69eb4-ccd6-48e7-a921-1bf219b44eb4-PendingRequests: sendNotLeaderResponses
2019-09-19 08:59:06,391 [main] INFO  impl.StateMachineUpdater (StateMachineUpdater.java:stopAndJoin(115)) - StateMachineUpdater:9b5d8b34-2569-4d93-9fd9-024f418d364f:group-CA423D718B75: set stopIndex = 0
2019-09-19 08:59:06,391 [ForkJoinPool.commonPool-worker-0] INFO  impl.StateMachineUpdater (StateMachineUpdater.java:stopAndJoin(115)) - StateMachineUpdater:d1f69eb4-ccd6-48e7-a921-1bf219b44eb4:group-B02F7715891A: set stopIndex = 0
2019-09-19 08:59:06,391 [main] INFO  impl.RaftServerImpl (ServerState.java:close(394)) - 9b5d8b34-2569-4d93-9fd9-024f418d364f:group-CA423D718B75 closes. The last applied log index is 0
2019-09-19 08:59:06,391 [ForkJoinPool.commonPool-worker-0] INFO  impl.RaftServerImpl (ServerState.java:close(394)) - d1f69eb4-ccd6-48e7-a921-1bf219b44eb4:group-B02F7715891A closes. The last applied log index is 0
2019-09-19 08:59:06,392 [9b5d8b34-2569-4d93-9fd9-024f418d364f-SegmentedRaftLogWorker:Storage Directory /workdir/hadoop-ozone/integration-test/target/test-dir/MiniOzoneClusterImpl-66e2a49b-37e1-46c5-a16c-3b22c3c736b2/datanode-3/data/ratis/d91b0d6d-5dfc-4b05-ad44-ca423d718b75] INFO  segmented.SegmentedRaftLogWorker (SegmentedRaftLogWorker.java:run(313)) - 9b5d8b34-2569-4d93-9fd9-024f418d364f-SegmentedRaftLogWorker:Storage Directory /workdir/hadoop-ozone/integration-test/target/test-dir/MiniOzoneClusterImpl-66e2a49b-37e1-46c5-a16c-3b22c3c736b2/datanode-3/data/ratis/d91b0d6d-5dfc-4b05-ad44-ca423d718b75 was interrupted, exiting. There are 0 tasks remaining in the queue.
2019-09-19 08:59:06,392 [d1f69eb4-ccd6-48e7-a921-1bf219b44eb4-SegmentedRaftLogWorker:Storage Directory /workdir/hadoop-ozone/integration-test/target/test-dir/MiniOzoneClusterImpl-66e2a49b-37e1-46c5-a16c-3b22c3c736b2/datanode-1/data/ratis/18a04f56-6495-4205-934f-b02f7715891a] INFO  segmented.SegmentedRaftLogWorker (SegmentedRaftLogWorker.java:run(313)) - d1f69eb4-ccd6-48e7-a921-1bf219b44eb4-SegmentedRaftLogWorker:Storage Directory /workdir/hadoop-ozone/integration-test/target/test-dir/MiniOzoneClusterImpl-66e2a49b-37e1-46c5-a16c-3b22c3c736b2/datanode-1/data/ratis/18a04f56-6495-4205-934f-b02f7715891a was interrupted, exiting. There are 0 tasks remaining in the queue.
2019-09-19 08:59:06,393 [main] INFO  segmented.SegmentedRaftLogWorker (SegmentedRaftLogWorker.java:close(228)) - 9b5d8b34-2569-4d93-9fd9-024f418d364f-SegmentedRaftLogWorker:Storage Directory /workdir/hadoop-ozone/integration-test/target/test-dir/MiniOzoneClusterImpl-66e2a49b-37e1-46c5-a16c-3b22c3c736b2/datanode-3/data/ratis/d91b0d6d-5dfc-4b05-ad44-ca423d718b75 close()
2019-09-19 08:59:06,394 [ForkJoinPool.commonPool-worker-0] INFO  segmented.SegmentedRaftLogWorker (SegmentedRaftLogWorker.java:close(228)) - d1f69eb4-ccd6-48e7-a921-1bf219b44eb4-SegmentedRaftLogWorker:Storage Directory /workdir/hadoop-ozone/integration-test/target/test-dir/MiniOzoneClusterImpl-66e2a49b-37e1-46c5-a16c-3b22c3c736b2/datanode-1/data/ratis/18a04f56-6495-4205-934f-b02f7715891a close()
2019-09-19 08:59:06,397 [main] INFO  impl.RaftServerImpl (RaftServerImpl.java:lambda$shutdown$3(245)) - 9b5d8b34-2569-4d93-9fd9-024f418d364f: shutdown group-078CD64CFAD5
2019-09-19 08:59:06,405 [ForkJoinPool.commonPool-worker-0] INFO  impl.RaftServerImpl (RaftServerImpl.java:lambda$shutdown$3(245)) - d1f69eb4-ccd6-48e7-a921-1bf219b44eb4: shutdown group-101D4ECA9B3C
2019-09-19 08:59:06,405 [main] INFO  util.JmxRegister (JmxRegister.java:unregister(73)) - Successfully un-registered JMX Bean with object name Ratis:service=RaftServer,group=group-078CD64CFAD5,id=9b5d8b34-2569-4d93-9fd9-024f418d364f
2019-09-19 08:59:06,405 [ForkJoinPool.commonPool-worker-0] INFO  util.JmxRegister (JmxRegister.java:unregister(73)) - Successfully un-registered JMX Bean with object name Ratis:service=RaftServer,group=group-101D4ECA9B3C,id=d1f69eb4-ccd6-48e7-a921-1bf219b44eb4
2019-09-19 08:59:06,405 [main] INFO  impl.RoleInfo (RoleInfo.java:shutdownLeaderState(104)) - 9b5d8b34-2569-4d93-9fd9-024f418d364f: shutdown LeaderState
2019-09-19 08:59:06,406 [ForkJoinPool.commonPool-worker-0] INFO  impl.RoleInfo (RoleInfo.java:shutdownLeaderState(104)) - d1f69eb4-ccd6-48e7-a921-1bf219b44eb4: shutdown LeaderState
2019-09-19 08:59:06,406 [main] INFO  impl.PendingRequests (PendingRequests.java:sendNotLeaderResponses(202)) - 9b5d8b34-2569-4d93-9fd9-024f418d364f-PendingRequests: sendNotLeaderResponses
2019-09-19 08:59:06,406 [ForkJoinPool.commonPool-worker-0] INFO  impl.PendingRequests (PendingRequests.java:sendNotLeaderResponses(202)) - d1f69eb4-ccd6-48e7-a921-1bf219b44eb4-PendingRequests: sendNotLeaderResponses
2019-09-19 08:59:06,406 [main] INFO  impl.StateMachineUpdater (StateMachineUpdater.java:stopAndJoin(115)) - StateMachineUpdater:9b5d8b34-2569-4d93-9fd9-024f418d364f:group-078CD64CFAD5: set stopIndex = 0
2019-09-19 08:59:06,406 [ForkJoinPool.commonPool-worker-0] INFO  impl.StateMachineUpdater (StateMachineUpdater.java:stopAndJoin(115)) - StateMachineUpdater:d1f69eb4-ccd6-48e7-a921-1bf219b44eb4:group-101D4ECA9B3C: set stopIndex = 0
2019-09-19 08:59:06,407 [main] INFO  impl.RaftServerImpl (ServerState.java:close(394)) - 9b5d8b34-2569-4d93-9fd9-024f418d364f:group-078CD64CFAD5 closes. The last applied log index is 0
2019-09-19 08:59:06,407 [ForkJoinPool.commonPool-worker-0] INFO  impl.RaftServerImpl (ServerState.java:close(394)) - d1f69eb4-ccd6-48e7-a921-1bf219b44eb4:group-101D4ECA9B3C closes. The last applied log index is 0
2019-09-19 08:59:06,407 [9b5d8b34-2569-4d93-9fd9-024f418d364f-SegmentedRaftLogWorker:Storage Directory /workdir/hadoop-ozone/integration-test/target/test-dir/MiniOzoneClusterImpl-66e2a49b-37e1-46c5-a16c-3b22c3c736b2/datanode-3/data/ratis/76ed1e1a-acfa-4192-a2f5-078cd64cfad5] INFO  segmented.SegmentedRaftLogWorker (SegmentedRaftLogWorker.java:run(313)) - 9b5d8b34-2569-4d93-9fd9-024f418d364f-SegmentedRaftLogWorker:Storage Directory /workdir/hadoop-ozone/integration-test/target/test-dir/MiniOzoneClusterImpl-66e2a49b-37e1-46c5-a16c-3b22c3c736b2/datanode-3/data/ratis/76ed1e1a-acfa-4192-a2f5-078cd64cfad5 was interrupted, exiting. There are 0 tasks remaining in the queue.
2019-09-19 08:59:06,407 [d1f69eb4-ccd6-48e7-a921-1bf219b44eb4-SegmentedRaftLogWorker:Storage Directory /workdir/hadoop-ozone/integration-test/target/test-dir/MiniOzoneClusterImpl-66e2a49b-37e1-46c5-a16c-3b22c3c736b2/datanode-1/data/ratis/5ea1dc4d-76dd-4bab-840d-101d4eca9b3c] INFO  segmented.SegmentedRaftLogWorker (SegmentedRaftLogWorker.java:run(313)) - d1f69eb4-ccd6-48e7-a921-1bf219b44eb4-SegmentedRaftLogWorker:Storage Directory /workdir/hadoop-ozone/integration-test/target/test-dir/MiniOzoneClusterImpl-66e2a49b-37e1-46c5-a16c-3b22c3c736b2/datanode-1/data/ratis/5ea1dc4d-76dd-4bab-840d-101d4eca9b3c was interrupted, exiting. There are 0 tasks remaining in the queue.
2019-09-19 08:59:06,408 [main] INFO  segmented.SegmentedRaftLogWorker (SegmentedRaftLogWorker.java:close(228)) - 9b5d8b34-2569-4d93-9fd9-024f418d364f-SegmentedRaftLogWorker:Storage Directory /workdir/hadoop-ozone/integration-test/target/test-dir/MiniOzoneClusterImpl-66e2a49b-37e1-46c5-a16c-3b22c3c736b2/datanode-3/data/ratis/76ed1e1a-acfa-4192-a2f5-078cd64cfad5 close()
2019-09-19 08:59:06,408 [ForkJoinPool.commonPool-worker-0] INFO  segmented.SegmentedRaftLogWorker (SegmentedRaftLogWorker.java:close(228)) - d1f69eb4-ccd6-48e7-a921-1bf219b44eb4-SegmentedRaftLogWorker:Storage Directory /workdir/hadoop-ozone/integration-test/target/test-dir/MiniOzoneClusterImpl-66e2a49b-37e1-46c5-a16c-3b22c3c736b2/datanode-1/data/ratis/5ea1dc4d-76dd-4bab-840d-101d4eca9b3c close()
2019-09-19 08:59:06,409 [main] INFO  server.GrpcService (GrpcService.java:closeImpl(155)) - 9b5d8b34-2569-4d93-9fd9-024f418d364f: shutdown server with port 34928 now
2019-09-19 08:59:06,410 [ForkJoinPool.commonPool-worker-0] INFO  server.GrpcService (GrpcService.java:closeImpl(155)) - d1f69eb4-ccd6-48e7-a921-1bf219b44eb4: shutdown server with port 39023 now
2019-09-19 08:59:06,412 [main] INFO  server.GrpcService (GrpcService.java:closeImpl(163)) - 9b5d8b34-2569-4d93-9fd9-024f418d364f: shutdown server with port 34928 successfully
2019-09-19 08:59:06,413 [ForkJoinPool.commonPool-worker-0] INFO  server.GrpcService (GrpcService.java:closeImpl(163)) - d1f69eb4-ccd6-48e7-a921-1bf219b44eb4: shutdown server with port 39023 successfully
2019-09-19 08:59:06,414 [ForkJoinPool.commonPool-worker-0] INFO  utils.BackgroundService (BackgroundService.java:shutdown(148)) - Shutting down service BlockDeletingService
2019-09-19 08:59:06,415 [refreshUsed-/workdir/hadoop-ozone/integration-test/target/test-dir/MiniOzoneClusterImpl-66e2a49b-37e1-46c5-a16c-3b22c3c736b2/datanode-1/data/containers] WARN  fs.CachingGetSpaceUsed (CachingGetSpaceUsed.java:run(183)) - Thread Interrupted waiting to refresh disk information: sleep interrupted
2019-09-19 08:59:06,417 [main] INFO  utils.BackgroundService (BackgroundService.java:shutdown(148)) - Shutting down service BlockDeletingService
2019-09-19 08:59:06,419 [refreshUsed-/workdir/hadoop-ozone/integration-test/target/test-dir/MiniOzoneClusterImpl-66e2a49b-37e1-46c5-a16c-3b22c3c736b2/datanode-3/data/containers] WARN  fs.CachingGetSpaceUsed (CachingGetSpaceUsed.java:run(183)) - Thread Interrupted waiting to refresh disk information: sleep interrupted
2019-09-19 08:59:06,435 [ForkJoinPool.commonPool-worker-0] INFO  statemachine.DatanodeStateMachine (DatanodeStateMachine.java:stopDaemon(395)) - Ozone container server stopped.
2019-09-19 08:59:06,436 [main] INFO  statemachine.DatanodeStateMachine (DatanodeStateMachine.java:stopDaemon(395)) - Ozone container server stopped.
2019-09-19 08:59:06,441 [ForkJoinPool.commonPool-worker-0] INFO  handler.ContextHandler (ContextHandler.java:doStop(910)) - Stopped o.e.j.w.WebAppContext@f591271{/,null,UNAVAILABLE}{/hddsDatanode}
2019-09-19 08:59:06,441 [main] INFO  handler.ContextHandler (ContextHandler.java:doStop(910)) - Stopped o.e.j.w.WebAppContext@fee7ca{/,null,UNAVAILABLE}{/hddsDatanode}
2019-09-19 08:59:06,442 [ForkJoinPool.commonPool-worker-0] INFO  server.AbstractConnector (AbstractConnector.java:doStop(318)) - Stopped ServerConnector@77cc6a28{HTTP/1.1,[http/1.1]}{0.0.0.0:0}
2019-09-19 08:59:06,443 [ForkJoinPool.commonPool-worker-0] INFO  handler.ContextHandler (ContextHandler.java:doStop(910)) - Stopped o.e.j.s.ServletContextHandler@46d148bd{/static,jar:file:/home/user/.m2/repository/org/apache/hadoop/hadoop-hdds-container-service/0.5.0-SNAPSHOT/hadoop-hdds-container-service-0.5.0-SNAPSHOT.jar!/webapps/static,UNAVAILABLE}
2019-09-19 08:59:06,443 [main] INFO  server.AbstractConnector (AbstractConnector.java:doStop(318)) - Stopped ServerConnector@29c80149{HTTP/1.1,[http/1.1]}{0.0.0.0:0}
2019-09-19 08:59:06,445 [ForkJoinPool.commonPool-worker-0] INFO  handler.ContextHandler (ContextHandler.java:doStop(910)) - Stopped o.e.j.s.ServletContextHandler@1c3d9e28{/logs,file:///workdir/hadoop-ozone/integration-test/target/log,UNAVAILABLE}
2019-09-19 08:59:06,445 [main] INFO  handler.ContextHandler (ContextHandler.java:doStop(910)) - Stopped o.e.j.s.ServletContextHandler@50bb1c1f{/static,jar:file:/home/user/.m2/repository/org/apache/hadoop/hadoop-hdds-container-service/0.5.0-SNAPSHOT/hadoop-hdds-container-service-0.5.0-SNAPSHOT.jar!/webapps/static,UNAVAILABLE}
2019-09-19 08:59:06,446 [main] INFO  handler.ContextHandler (ContextHandler.java:doStop(910)) - Stopped o.e.j.s.ServletContextHandler@79273a4f{/logs,file:///workdir/hadoop-ozone/integration-test/target/log,UNAVAILABLE}
2019-09-19 08:59:06,446 [ForkJoinPool.commonPool-worker-0] INFO  datanode.ObjectStoreHandler (ObjectStoreHandler.java:close(155)) - Closing ObjectStoreHandler.
2019-09-19 08:59:06,446 [ForkJoinPool.commonPool-worker-0] INFO  ozone.HddsDatanodeService (HddsDatanodeService.java:stop(451)) - Stopped plug-in org.apache.hadoop.ozone.web.OzoneHddsDatanodeService@72c704f1
2019-09-19 08:59:06,447 [main] INFO  datanode.ObjectStoreHandler (ObjectStoreHandler.java:close(155)) - Closing ObjectStoreHandler.
2019-09-19 08:59:06,447 [main] INFO  ozone.HddsDatanodeService (HddsDatanodeService.java:stop(451)) - Stopped plug-in org.apache.hadoop.ozone.web.OzoneHddsDatanodeService@44f23927
2019-09-19 08:59:06,705 | INFO  | SCMAudit | user=jenkins1000 | ip=192.168.34.5 | op=SEND_HEARTBEAT {datanodeUUID=ad3886cc-8cf9-46e9-a9d5-925411a00d68, command=[]} | ret=SUCCESS |  
2019-09-19 08:59:06,845 | INFO  | SCMAudit | user=jenkins1000 | ip=192.168.34.5 | op=SEND_HEARTBEAT {datanodeUUID=a1d91341-8f9e-4ad5-9509-8a616163aa58, command=[]} | ret=SUCCESS |  
2019-09-19 08:59:07,237 [Datanode State Machine Thread - 0] INFO  statemachine.DatanodeStateMachine (DatanodeStateMachine.java:lambda$startDaemon$0(350)) - Ozone container server started.
2019-09-19 08:59:07,282 [Datanode State Machine Thread - 0] INFO  statemachine.DatanodeStateMachine (DatanodeStateMachine.java:lambda$startDaemon$0(350)) - Ozone container server started.
2019-09-19 08:59:07,705 | INFO  | SCMAudit | user=jenkins1000 | ip=192.168.34.5 | op=SEND_HEARTBEAT {datanodeUUID=ad3886cc-8cf9-46e9-a9d5-925411a00d68, command=[]} | ret=SUCCESS |  
2019-09-19 08:59:07,845 | INFO  | SCMAudit | user=jenkins1000 | ip=192.168.34.5 | op=SEND_HEARTBEAT {datanodeUUID=a1d91341-8f9e-4ad5-9509-8a616163aa58, command=[]} | ret=SUCCESS |  
2019-09-19 08:59:08,705 | INFO  | SCMAudit | user=jenkins1000 | ip=192.168.34.5 | op=SEND_HEARTBEAT {datanodeUUID=ad3886cc-8cf9-46e9-a9d5-925411a00d68, command=[]} | ret=SUCCESS |  
2019-09-19 08:59:08,844 | INFO  | SCMAudit | user=jenkins1000 | ip=192.168.34.5 | op=SEND_HEARTBEAT {datanodeUUID=a1d91341-8f9e-4ad5-9509-8a616163aa58, command=[]} | ret=SUCCESS |  
2019-09-19 08:59:09,704 | INFO  | SCMAudit | user=jenkins1000 | ip=192.168.34.5 | op=SEND_HEARTBEAT {datanodeUUID=ad3886cc-8cf9-46e9-a9d5-925411a00d68, command=[]} | ret=SUCCESS |  
2019-09-19 08:59:09,845 | INFO  | SCMAudit | user=jenkins1000 | ip=192.168.34.5 | op=SEND_HEARTBEAT {datanodeUUID=a1d91341-8f9e-4ad5-9509-8a616163aa58, command=[]} | ret=SUCCESS |  
2019-09-19 08:59:10,705 | INFO  | SCMAudit | user=jenkins1000 | ip=192.168.34.5 | op=SEND_HEARTBEAT {datanodeUUID=ad3886cc-8cf9-46e9-a9d5-925411a00d68, command=[]} | ret=SUCCESS |  
2019-09-19 08:59:10,846 | INFO  | SCMAudit | user=jenkins1000 | ip=192.168.34.5 | op=SEND_HEARTBEAT {datanodeUUID=a1d91341-8f9e-4ad5-9509-8a616163aa58, command=[]} | ret=SUCCESS |  
2019-09-19 08:59:11,447 [ForkJoinPool.commonPool-worker-0] INFO  ozoneimpl.OzoneContainer (OzoneContainer.java:stop(199)) - Attempting to stop container services.
2019-09-19 08:59:11,447 [ForkJoinPool.commonPool-worker-0] INFO  impl.RaftServerProxy (RaftServerProxy.java:lambda$close$4(314)) - c3efbda9-57f4-4798-ad05-3f22f82ad386: close
2019-09-19 08:59:11,448 [ForkJoinPool.commonPool-worker-0] INFO  impl.RaftServerImpl (RaftServerImpl.java:lambda$shutdown$3(245)) - c3efbda9-57f4-4798-ad05-3f22f82ad386: shutdown group-E18269CD311E
2019-09-19 08:59:11,448 [main] INFO  ozoneimpl.OzoneContainer (OzoneContainer.java:stop(199)) - Attempting to stop container services.
2019-09-19 08:59:11,448 [ForkJoinPool.commonPool-worker-0] INFO  util.JmxRegister (JmxRegister.java:unregister(73)) - Successfully un-registered JMX Bean with object name Ratis:service=RaftServer,group=group-E18269CD311E,id=c3efbda9-57f4-4798-ad05-3f22f82ad386
2019-09-19 08:59:11,448 [main] INFO  impl.RaftServerProxy (RaftServerProxy.java:lambda$close$4(314)) - f144bb97-f1f6-4c62-88ba-fe5b55391c49: close
2019-09-19 08:59:11,449 [ForkJoinPool.commonPool-worker-0] INFO  impl.RoleInfo (RoleInfo.java:shutdownLeaderState(104)) - c3efbda9-57f4-4798-ad05-3f22f82ad386: shutdown LeaderState
2019-09-19 08:59:11,449 [main] INFO  impl.RaftServerImpl (RaftServerImpl.java:lambda$shutdown$3(245)) - f144bb97-f1f6-4c62-88ba-fe5b55391c49: shutdown group-B38C4F2D56F8
2019-09-19 08:59:11,449 [ForkJoinPool.commonPool-worker-0] INFO  impl.PendingRequests (PendingRequests.java:sendNotLeaderResponses(202)) - c3efbda9-57f4-4798-ad05-3f22f82ad386-PendingRequests: sendNotLeaderResponses
2019-09-19 08:59:11,450 [main] INFO  util.JmxRegister (JmxRegister.java:unregister(73)) - Successfully un-registered JMX Bean with object name Ratis:service=RaftServer,group=group-B38C4F2D56F8,id=f144bb97-f1f6-4c62-88ba-fe5b55391c49
2019-09-19 08:59:11,450 [ForkJoinPool.commonPool-worker-0] INFO  impl.StateMachineUpdater (StateMachineUpdater.java:stopAndJoin(115)) - StateMachineUpdater:c3efbda9-57f4-4798-ad05-3f22f82ad386:group-E18269CD311E: set stopIndex = 0
2019-09-19 08:59:11,450 [main] INFO  impl.RoleInfo (RoleInfo.java:shutdownLeaderState(104)) - f144bb97-f1f6-4c62-88ba-fe5b55391c49: shutdown LeaderState
2019-09-19 08:59:11,450 [ForkJoinPool.commonPool-worker-0] INFO  impl.RaftServerImpl (ServerState.java:close(394)) - c3efbda9-57f4-4798-ad05-3f22f82ad386:group-E18269CD311E closes. The last applied log index is 0
2019-09-19 08:59:11,451 [main] INFO  impl.PendingRequests (PendingRequests.java:sendNotLeaderResponses(202)) - f144bb97-f1f6-4c62-88ba-fe5b55391c49-PendingRequests: sendNotLeaderResponses
2019-09-19 08:59:11,451 [c3efbda9-57f4-4798-ad05-3f22f82ad386-SegmentedRaftLogWorker:Storage Directory /workdir/hadoop-ozone/integration-test/target/test-dir/MiniOzoneClusterImpl-66e2a49b-37e1-46c5-a16c-3b22c3c736b2/datanode-2/data/ratis/76f70111-e77e-4959-9a46-e18269cd311e] INFO  segmented.SegmentedRaftLogWorker (SegmentedRaftLogWorker.java:run(313)) - c3efbda9-57f4-4798-ad05-3f22f82ad386-SegmentedRaftLogWorker:Storage Directory /workdir/hadoop-ozone/integration-test/target/test-dir/MiniOzoneClusterImpl-66e2a49b-37e1-46c5-a16c-3b22c3c736b2/datanode-2/data/ratis/76f70111-e77e-4959-9a46-e18269cd311e was interrupted, exiting. There are 0 tasks remaining in the queue.
2019-09-19 08:59:11,451 [main] INFO  impl.StateMachineUpdater (StateMachineUpdater.java:stopAndJoin(115)) - StateMachineUpdater:f144bb97-f1f6-4c62-88ba-fe5b55391c49:group-B38C4F2D56F8: set stopIndex = 0
2019-09-19 08:59:11,452 [ForkJoinPool.commonPool-worker-0] INFO  segmented.SegmentedRaftLogWorker (SegmentedRaftLogWorker.java:close(228)) - c3efbda9-57f4-4798-ad05-3f22f82ad386-SegmentedRaftLogWorker:Storage Directory /workdir/hadoop-ozone/integration-test/target/test-dir/MiniOzoneClusterImpl-66e2a49b-37e1-46c5-a16c-3b22c3c736b2/datanode-2/data/ratis/76f70111-e77e-4959-9a46-e18269cd311e close()
2019-09-19 08:59:11,452 [main] INFO  impl.RaftServerImpl (ServerState.java:close(394)) - f144bb97-f1f6-4c62-88ba-fe5b55391c49:group-B38C4F2D56F8 closes. The last applied log index is 0
2019-09-19 08:59:11,455 [ForkJoinPool.commonPool-worker-0] INFO  impl.RaftServerImpl (RaftServerImpl.java:lambda$shutdown$3(245)) - c3efbda9-57f4-4798-ad05-3f22f82ad386: shutdown group-0E6AD22F06D5
2019-09-19 08:59:11,455 [f144bb97-f1f6-4c62-88ba-fe5b55391c49-SegmentedRaftLogWorker:Storage Directory /workdir/hadoop-ozone/integration-test/target/test-dir/MiniOzoneClusterImpl-66e2a49b-37e1-46c5-a16c-3b22c3c736b2/datanode-5/data/ratis/9d7b6fa1-ab01-47e4-8b33-b38c4f2d56f8] INFO  segmented.SegmentedRaftLogWorker (SegmentedRaftLogWorker.java:run(313)) - f144bb97-f1f6-4c62-88ba-fe5b55391c49-SegmentedRaftLogWorker:Storage Directory /workdir/hadoop-ozone/integration-test/target/test-dir/MiniOzoneClusterImpl-66e2a49b-37e1-46c5-a16c-3b22c3c736b2/datanode-5/data/ratis/9d7b6fa1-ab01-47e4-8b33-b38c4f2d56f8 was interrupted, exiting. There are 0 tasks remaining in the queue.
2019-09-19 08:59:11,455 [ForkJoinPool.commonPool-worker-0] INFO  util.JmxRegister (JmxRegister.java:unregister(73)) - Successfully un-registered JMX Bean with object name Ratis:service=RaftServer,group=group-0E6AD22F06D5,id=c3efbda9-57f4-4798-ad05-3f22f82ad386
2019-09-19 08:59:11,456 [main] INFO  segmented.SegmentedRaftLogWorker (SegmentedRaftLogWorker.java:close(228)) - f144bb97-f1f6-4c62-88ba-fe5b55391c49-SegmentedRaftLogWorker:Storage Directory /workdir/hadoop-ozone/integration-test/target/test-dir/MiniOzoneClusterImpl-66e2a49b-37e1-46c5-a16c-3b22c3c736b2/datanode-5/data/ratis/9d7b6fa1-ab01-47e4-8b33-b38c4f2d56f8 close()
2019-09-19 08:59:11,456 [ForkJoinPool.commonPool-worker-0] INFO  impl.RoleInfo (RoleInfo.java:shutdownLeaderState(104)) - c3efbda9-57f4-4798-ad05-3f22f82ad386: shutdown LeaderState
2019-09-19 08:59:11,459 [main] INFO  impl.RaftServerImpl (RaftServerImpl.java:lambda$shutdown$3(245)) - f144bb97-f1f6-4c62-88ba-fe5b55391c49: shutdown group-4A560CDB88E7
2019-09-19 08:59:11,459 [ForkJoinPool.commonPool-worker-0] INFO  impl.PendingRequests (PendingRequests.java:sendNotLeaderResponses(202)) - c3efbda9-57f4-4798-ad05-3f22f82ad386-PendingRequests: sendNotLeaderResponses
2019-09-19 08:59:11,460 [main] INFO  util.JmxRegister (JmxRegister.java:unregister(73)) - Successfully un-registered JMX Bean with object name Ratis:service=RaftServer,group=group-4A560CDB88E7,id=f144bb97-f1f6-4c62-88ba-fe5b55391c49
2019-09-19 08:59:11,460 [ForkJoinPool.commonPool-worker-0] INFO  impl.StateMachineUpdater (StateMachineUpdater.java:stopAndJoin(115)) - StateMachineUpdater:c3efbda9-57f4-4798-ad05-3f22f82ad386:group-0E6AD22F06D5: set stopIndex = 0
2019-09-19 08:59:11,460 [main] INFO  impl.RoleInfo (RoleInfo.java:shutdownLeaderState(104)) - f144bb97-f1f6-4c62-88ba-fe5b55391c49: shutdown LeaderState
2019-09-19 08:59:11,460 [ForkJoinPool.commonPool-worker-0] INFO  impl.RaftServerImpl (ServerState.java:close(394)) - c3efbda9-57f4-4798-ad05-3f22f82ad386:group-0E6AD22F06D5 closes. The last applied log index is 0
2019-09-19 08:59:11,461 [main] INFO  impl.PendingRequests (PendingRequests.java:sendNotLeaderResponses(202)) - f144bb97-f1f6-4c62-88ba-fe5b55391c49-PendingRequests: sendNotLeaderResponses
2019-09-19 08:59:11,461 [c3efbda9-57f4-4798-ad05-3f22f82ad386-SegmentedRaftLogWorker:Storage Directory /workdir/hadoop-ozone/integration-test/target/test-dir/MiniOzoneClusterImpl-66e2a49b-37e1-46c5-a16c-3b22c3c736b2/datanode-2/data/ratis/fd1f3665-aeb6-4e40-83fe-0e6ad22f06d5] INFO  segmented.SegmentedRaftLogWorker (SegmentedRaftLogWorker.java:run(313)) - c3efbda9-57f4-4798-ad05-3f22f82ad386-SegmentedRaftLogWorker:Storage Directory /workdir/hadoop-ozone/integration-test/target/test-dir/MiniOzoneClusterImpl-66e2a49b-37e1-46c5-a16c-3b22c3c736b2/datanode-2/data/ratis/fd1f3665-aeb6-4e40-83fe-0e6ad22f06d5 was interrupted, exiting. There are 0 tasks remaining in the queue.
2019-09-19 08:59:11,461 [main] INFO  impl.StateMachineUpdater (StateMachineUpdater.java:stopAndJoin(115)) - StateMachineUpdater:f144bb97-f1f6-4c62-88ba-fe5b55391c49:group-4A560CDB88E7: set stopIndex = 0
2019-09-19 08:59:11,462 [ForkJoinPool.commonPool-worker-0] INFO  segmented.SegmentedRaftLogWorker (SegmentedRaftLogWorker.java:close(228)) - c3efbda9-57f4-4798-ad05-3f22f82ad386-SegmentedRaftLogWorker:Storage Directory /workdir/hadoop-ozone/integration-test/target/test-dir/MiniOzoneClusterImpl-66e2a49b-37e1-46c5-a16c-3b22c3c736b2/datanode-2/data/ratis/fd1f3665-aeb6-4e40-83fe-0e6ad22f06d5 close()
2019-09-19 08:59:11,462 [main] INFO  impl.RaftServerImpl (ServerState.java:close(394)) - f144bb97-f1f6-4c62-88ba-fe5b55391c49:group-4A560CDB88E7 closes. The last applied log index is 0
2019-09-19 08:59:11,464 [ForkJoinPool.commonPool-worker-0] INFO  impl.RaftServerImpl (RaftServerImpl.java:lambda$shutdown$3(245)) - c3efbda9-57f4-4798-ad05-3f22f82ad386: shutdown group-E709A4981EC5
2019-09-19 08:59:11,464 [f144bb97-f1f6-4c62-88ba-fe5b55391c49-SegmentedRaftLogWorker:Storage Directory /workdir/hadoop-ozone/integration-test/target/test-dir/MiniOzoneClusterImpl-66e2a49b-37e1-46c5-a16c-3b22c3c736b2/datanode-5/data/ratis/eb6a5696-d2fa-4b9c-82b0-4a560cdb88e7] INFO  segmented.SegmentedRaftLogWorker (SegmentedRaftLogWorker.java:run(313)) - f144bb97-f1f6-4c62-88ba-fe5b55391c49-SegmentedRaftLogWorker:Storage Directory /workdir/hadoop-ozone/integration-test/target/test-dir/MiniOzoneClusterImpl-66e2a49b-37e1-46c5-a16c-3b22c3c736b2/datanode-5/data/ratis/eb6a5696-d2fa-4b9c-82b0-4a560cdb88e7 was interrupted, exiting. There are 0 tasks remaining in the queue.
2019-09-19 08:59:11,464 [ForkJoinPool.commonPool-worker-0] INFO  util.JmxRegister (JmxRegister.java:unregister(73)) - Successfully un-registered JMX Bean with object name Ratis:service=RaftServer,group=group-E709A4981EC5,id=c3efbda9-57f4-4798-ad05-3f22f82ad386
2019-09-19 08:59:11,465 [main] INFO  segmented.SegmentedRaftLogWorker (SegmentedRaftLogWorker.java:close(228)) - f144bb97-f1f6-4c62-88ba-fe5b55391c49-SegmentedRaftLogWorker:Storage Directory /workdir/hadoop-ozone/integration-test/target/test-dir/MiniOzoneClusterImpl-66e2a49b-37e1-46c5-a16c-3b22c3c736b2/datanode-5/data/ratis/eb6a5696-d2fa-4b9c-82b0-4a560cdb88e7 close()
2019-09-19 08:59:11,465 [ForkJoinPool.commonPool-worker-0] INFO  impl.RoleInfo (RoleInfo.java:shutdownLeaderState(104)) - c3efbda9-57f4-4798-ad05-3f22f82ad386: shutdown LeaderState
2019-09-19 08:59:11,467 [main] INFO  impl.RaftServerImpl (RaftServerImpl.java:lambda$shutdown$3(245)) - f144bb97-f1f6-4c62-88ba-fe5b55391c49: shutdown group-75A2AF7D578F
2019-09-19 08:59:11,467 [ForkJoinPool.commonPool-worker-0] INFO  impl.PendingRequests (PendingRequests.java:sendNotLeaderResponses(202)) - c3efbda9-57f4-4798-ad05-3f22f82ad386-PendingRequests: sendNotLeaderResponses
2019-09-19 08:59:11,467 [main] INFO  util.JmxRegister (JmxRegister.java:unregister(73)) - Successfully un-registered JMX Bean with object name Ratis:service=RaftServer,group=group-75A2AF7D578F,id=f144bb97-f1f6-4c62-88ba-fe5b55391c49
2019-09-19 08:59:11,468 [ForkJoinPool.commonPool-worker-0] INFO  impl.StateMachineUpdater (StateMachineUpdater.java:stopAndJoin(115)) - StateMachineUpdater:c3efbda9-57f4-4798-ad05-3f22f82ad386:group-E709A4981EC5: set stopIndex = 0
2019-09-19 08:59:11,468 [main] INFO  impl.RoleInfo (RoleInfo.java:shutdownLeaderState(104)) - f144bb97-f1f6-4c62-88ba-fe5b55391c49: shutdown LeaderState
2019-09-19 08:59:11,468 [ForkJoinPool.commonPool-worker-0] INFO  impl.RaftServerImpl (ServerState.java:close(394)) - c3efbda9-57f4-4798-ad05-3f22f82ad386:group-E709A4981EC5 closes. The last applied log index is 0
2019-09-19 08:59:11,468 [main] INFO  impl.PendingRequests (PendingRequests.java:sendNotLeaderResponses(202)) - f144bb97-f1f6-4c62-88ba-fe5b55391c49-PendingRequests: sendNotLeaderResponses
2019-09-19 08:59:11,469 [c3efbda9-57f4-4798-ad05-3f22f82ad386-SegmentedRaftLogWorker:Storage Directory /workdir/hadoop-ozone/integration-test/target/test-dir/MiniOzoneClusterImpl-66e2a49b-37e1-46c5-a16c-3b22c3c736b2/datanode-2/data/ratis/10670832-21a3-44a1-bb58-e709a4981ec5] INFO  segmented.SegmentedRaftLogWorker (SegmentedRaftLogWorker.java:run(313)) - c3efbda9-57f4-4798-ad05-3f22f82ad386-SegmentedRaftLogWorker:Storage Directory /workdir/hadoop-ozone/integration-test/target/test-dir/MiniOzoneClusterImpl-66e2a49b-37e1-46c5-a16c-3b22c3c736b2/datanode-2/data/ratis/10670832-21a3-44a1-bb58-e709a4981ec5 was interrupted, exiting. There are 0 tasks remaining in the queue.
2019-09-19 08:59:11,469 [main] INFO  impl.StateMachineUpdater (StateMachineUpdater.java:stopAndJoin(115)) - StateMachineUpdater:f144bb97-f1f6-4c62-88ba-fe5b55391c49:group-75A2AF7D578F: set stopIndex = 0
2019-09-19 08:59:11,469 [ForkJoinPool.commonPool-worker-0] INFO  segmented.SegmentedRaftLogWorker (SegmentedRaftLogWorker.java:close(228)) - c3efbda9-57f4-4798-ad05-3f22f82ad386-SegmentedRaftLogWorker:Storage Directory /workdir/hadoop-ozone/integration-test/target/test-dir/MiniOzoneClusterImpl-66e2a49b-37e1-46c5-a16c-3b22c3c736b2/datanode-2/data/ratis/10670832-21a3-44a1-bb58-e709a4981ec5 close()
2019-09-19 08:59:11,469 [main] INFO  impl.RaftServerImpl (ServerState.java:close(394)) - f144bb97-f1f6-4c62-88ba-fe5b55391c49:group-75A2AF7D578F closes. The last applied log index is 0
2019-09-19 08:59:11,471 [ForkJoinPool.commonPool-worker-0] INFO  impl.RaftServerImpl (RaftServerImpl.java:lambda$shutdown$3(245)) - c3efbda9-57f4-4798-ad05-3f22f82ad386: shutdown group-0D92FBADD8BD
2019-09-19 08:59:11,472 [f144bb97-f1f6-4c62-88ba-fe5b55391c49-SegmentedRaftLogWorker:Storage Directory /workdir/hadoop-ozone/integration-test/target/test-dir/MiniOzoneClusterImpl-66e2a49b-37e1-46c5-a16c-3b22c3c736b2/datanode-5/data/ratis/b2215999-6cb6-4647-9681-75a2af7d578f] INFO  segmented.SegmentedRaftLogWorker (SegmentedRaftLogWorker.java:run(313)) - f144bb97-f1f6-4c62-88ba-fe5b55391c49-SegmentedRaftLogWorker:Storage Directory /workdir/hadoop-ozone/integration-test/target/test-dir/MiniOzoneClusterImpl-66e2a49b-37e1-46c5-a16c-3b22c3c736b2/datanode-5/data/ratis/b2215999-6cb6-4647-9681-75a2af7d578f was interrupted, exiting. There are 0 tasks remaining in the queue.
2019-09-19 08:59:11,472 [ForkJoinPool.commonPool-worker-0] INFO  util.JmxRegister (JmxRegister.java:unregister(73)) - Successfully un-registered JMX Bean with object name Ratis:service=RaftServer,group=group-0D92FBADD8BD,id=c3efbda9-57f4-4798-ad05-3f22f82ad386
2019-09-19 08:59:11,472 [main] INFO  segmented.SegmentedRaftLogWorker (SegmentedRaftLogWorker.java:close(228)) - f144bb97-f1f6-4c62-88ba-fe5b55391c49-SegmentedRaftLogWorker:Storage Directory /workdir/hadoop-ozone/integration-test/target/test-dir/MiniOzoneClusterImpl-66e2a49b-37e1-46c5-a16c-3b22c3c736b2/datanode-5/data/ratis/b2215999-6cb6-4647-9681-75a2af7d578f close()
2019-09-19 08:59:11,472 [ForkJoinPool.commonPool-worker-0] INFO  impl.RoleInfo (RoleInfo.java:shutdownLeaderState(104)) - c3efbda9-57f4-4798-ad05-3f22f82ad386: shutdown LeaderState
2019-09-19 08:59:11,474 [main] INFO  impl.RaftServerImpl (RaftServerImpl.java:lambda$shutdown$3(245)) - f144bb97-f1f6-4c62-88ba-fe5b55391c49: shutdown group-72782F3D2DB4
2019-09-19 08:59:11,474 [ForkJoinPool.commonPool-worker-0] INFO  impl.PendingRequests (PendingRequests.java:sendNotLeaderResponses(202)) - c3efbda9-57f4-4798-ad05-3f22f82ad386-PendingRequests: sendNotLeaderResponses
2019-09-19 08:59:11,476 [main] INFO  util.JmxRegister (JmxRegister.java:unregister(73)) - Successfully un-registered JMX Bean with object name Ratis:service=RaftServer,group=group-72782F3D2DB4,id=f144bb97-f1f6-4c62-88ba-fe5b55391c49
2019-09-19 08:59:11,477 [main] INFO  impl.RoleInfo (RoleInfo.java:shutdownLeaderState(104)) - f144bb97-f1f6-4c62-88ba-fe5b55391c49: shutdown LeaderState
2019-09-19 08:59:11,476 [ForkJoinPool.commonPool-worker-0] INFO  impl.StateMachineUpdater (StateMachineUpdater.java:stopAndJoin(115)) - StateMachineUpdater:c3efbda9-57f4-4798-ad05-3f22f82ad386:group-0D92FBADD8BD: set stopIndex = 0
2019-09-19 08:59:11,477 [main] INFO  impl.PendingRequests (PendingRequests.java:sendNotLeaderResponses(202)) - f144bb97-f1f6-4c62-88ba-fe5b55391c49-PendingRequests: sendNotLeaderResponses
2019-09-19 08:59:11,477 [ForkJoinPool.commonPool-worker-0] INFO  impl.RaftServerImpl (ServerState.java:close(394)) - c3efbda9-57f4-4798-ad05-3f22f82ad386:group-0D92FBADD8BD closes. The last applied log index is 0
2019-09-19 08:59:11,478 [main] INFO  impl.StateMachineUpdater (StateMachineUpdater.java:stopAndJoin(115)) - StateMachineUpdater:f144bb97-f1f6-4c62-88ba-fe5b55391c49:group-72782F3D2DB4: set stopIndex = 0
2019-09-19 08:59:11,478 [c3efbda9-57f4-4798-ad05-3f22f82ad386-SegmentedRaftLogWorker:Storage Directory /workdir/hadoop-ozone/integration-test/target/test-dir/MiniOzoneClusterImpl-66e2a49b-37e1-46c5-a16c-3b22c3c736b2/datanode-2/data/ratis/4f0f3ceb-4277-4cae-b242-0d92fbadd8bd] INFO  segmented.SegmentedRaftLogWorker (SegmentedRaftLogWorker.java:run(313)) - c3efbda9-57f4-4798-ad05-3f22f82ad386-SegmentedRaftLogWorker:Storage Directory /workdir/hadoop-ozone/integration-test/target/test-dir/MiniOzoneClusterImpl-66e2a49b-37e1-46c5-a16c-3b22c3c736b2/datanode-2/data/ratis/4f0f3ceb-4277-4cae-b242-0d92fbadd8bd was interrupted, exiting. There are 0 tasks remaining in the queue.
2019-09-19 08:59:11,478 [main] INFO  impl.RaftServerImpl (ServerState.java:close(394)) - f144bb97-f1f6-4c62-88ba-fe5b55391c49:group-72782F3D2DB4 closes. The last applied log index is 0
2019-09-19 08:59:11,478 [ForkJoinPool.commonPool-worker-0] INFO  segmented.SegmentedRaftLogWorker (SegmentedRaftLogWorker.java:close(228)) - c3efbda9-57f4-4798-ad05-3f22f82ad386-SegmentedRaftLogWorker:Storage Directory /workdir/hadoop-ozone/integration-test/target/test-dir/MiniOzoneClusterImpl-66e2a49b-37e1-46c5-a16c-3b22c3c736b2/datanode-2/data/ratis/4f0f3ceb-4277-4cae-b242-0d92fbadd8bd close()
2019-09-19 08:59:11,479 [f144bb97-f1f6-4c62-88ba-fe5b55391c49-SegmentedRaftLogWorker:Storage Directory /workdir/hadoop-ozone/integration-test/target/test-dir/MiniOzoneClusterImpl-66e2a49b-37e1-46c5-a16c-3b22c3c736b2/datanode-5/data/ratis/a85a3d6a-b2bb-404d-900a-72782f3d2db4] INFO  segmented.SegmentedRaftLogWorker (SegmentedRaftLogWorker.java:run(313)) - f144bb97-f1f6-4c62-88ba-fe5b55391c49-SegmentedRaftLogWorker:Storage Directory /workdir/hadoop-ozone/integration-test/target/test-dir/MiniOzoneClusterImpl-66e2a49b-37e1-46c5-a16c-3b22c3c736b2/datanode-5/data/ratis/a85a3d6a-b2bb-404d-900a-72782f3d2db4 was interrupted, exiting. There are 0 tasks remaining in the queue.
2019-09-19 08:59:11,481 [ForkJoinPool.commonPool-worker-0] INFO  impl.RaftServerImpl (RaftServerImpl.java:lambda$shutdown$3(245)) - c3efbda9-57f4-4798-ad05-3f22f82ad386: shutdown group-22DAF81D2C80
2019-09-19 08:59:11,481 [main] INFO  segmented.SegmentedRaftLogWorker (SegmentedRaftLogWorker.java:close(228)) - f144bb97-f1f6-4c62-88ba-fe5b55391c49-SegmentedRaftLogWorker:Storage Directory /workdir/hadoop-ozone/integration-test/target/test-dir/MiniOzoneClusterImpl-66e2a49b-37e1-46c5-a16c-3b22c3c736b2/datanode-5/data/ratis/a85a3d6a-b2bb-404d-900a-72782f3d2db4 close()
2019-09-19 08:59:11,481 [ForkJoinPool.commonPool-worker-0] INFO  util.JmxRegister (JmxRegister.java:unregister(73)) - Successfully un-registered JMX Bean with object name Ratis:service=RaftServer,group=group-22DAF81D2C80,id=c3efbda9-57f4-4798-ad05-3f22f82ad386
2019-09-19 08:59:11,487 [main] INFO  impl.RaftServerImpl (RaftServerImpl.java:lambda$shutdown$3(245)) - f144bb97-f1f6-4c62-88ba-fe5b55391c49: shutdown group-BA79DB2E50E9
2019-09-19 08:59:11,487 [ForkJoinPool.commonPool-worker-0] INFO  impl.RoleInfo (RoleInfo.java:shutdownLeaderState(104)) - c3efbda9-57f4-4798-ad05-3f22f82ad386: shutdown LeaderState
2019-09-19 08:59:11,487 [main] INFO  util.JmxRegister (JmxRegister.java:unregister(73)) - Successfully un-registered JMX Bean with object name Ratis:service=RaftServer,group=group-BA79DB2E50E9,id=f144bb97-f1f6-4c62-88ba-fe5b55391c49
2019-09-19 08:59:11,488 [main] INFO  impl.RoleInfo (RoleInfo.java:shutdownLeaderState(104)) - f144bb97-f1f6-4c62-88ba-fe5b55391c49: shutdown LeaderState
2019-09-19 08:59:11,488 [ForkJoinPool.commonPool-worker-0] INFO  impl.PendingRequests (PendingRequests.java:sendNotLeaderResponses(202)) - c3efbda9-57f4-4798-ad05-3f22f82ad386-PendingRequests: sendNotLeaderResponses
2019-09-19 08:59:11,488 [main] INFO  impl.PendingRequests (PendingRequests.java:sendNotLeaderResponses(202)) - f144bb97-f1f6-4c62-88ba-fe5b55391c49-PendingRequests: sendNotLeaderResponses
2019-09-19 08:59:11,489 [ForkJoinPool.commonPool-worker-0] INFO  impl.StateMachineUpdater (StateMachineUpdater.java:stopAndJoin(115)) - StateMachineUpdater:c3efbda9-57f4-4798-ad05-3f22f82ad386:group-22DAF81D2C80: set stopIndex = 0
2019-09-19 08:59:11,489 [main] INFO  impl.StateMachineUpdater (StateMachineUpdater.java:stopAndJoin(115)) - StateMachineUpdater:f144bb97-f1f6-4c62-88ba-fe5b55391c49:group-BA79DB2E50E9: set stopIndex = 0
2019-09-19 08:59:11,489 [ForkJoinPool.commonPool-worker-0] INFO  impl.RaftServerImpl (ServerState.java:close(394)) - c3efbda9-57f4-4798-ad05-3f22f82ad386:group-22DAF81D2C80 closes. The last applied log index is 0
2019-09-19 08:59:11,489 [main] INFO  impl.RaftServerImpl (ServerState.java:close(394)) - f144bb97-f1f6-4c62-88ba-fe5b55391c49:group-BA79DB2E50E9 closes. The last applied log index is 0
2019-09-19 08:59:11,490 [c3efbda9-57f4-4798-ad05-3f22f82ad386-SegmentedRaftLogWorker:Storage Directory /workdir/hadoop-ozone/integration-test/target/test-dir/MiniOzoneClusterImpl-66e2a49b-37e1-46c5-a16c-3b22c3c736b2/datanode-2/data/ratis/1596d9d5-029d-4408-8a4e-22daf81d2c80] INFO  segmented.SegmentedRaftLogWorker (SegmentedRaftLogWorker.java:run(313)) - c3efbda9-57f4-4798-ad05-3f22f82ad386-SegmentedRaftLogWorker:Storage Directory /workdir/hadoop-ozone/integration-test/target/test-dir/MiniOzoneClusterImpl-66e2a49b-37e1-46c5-a16c-3b22c3c736b2/datanode-2/data/ratis/1596d9d5-029d-4408-8a4e-22daf81d2c80 was interrupted, exiting. There are 0 tasks remaining in the queue.
2019-09-19 08:59:11,490 [f144bb97-f1f6-4c62-88ba-fe5b55391c49-SegmentedRaftLogWorker:Storage Directory /workdir/hadoop-ozone/integration-test/target/test-dir/MiniOzoneClusterImpl-66e2a49b-37e1-46c5-a16c-3b22c3c736b2/datanode-5/data/ratis/e7b75ca5-21e4-4e67-a322-ba79db2e50e9] INFO  segmented.SegmentedRaftLogWorker (SegmentedRaftLogWorker.java:run(313)) - f144bb97-f1f6-4c62-88ba-fe5b55391c49-SegmentedRaftLogWorker:Storage Directory /workdir/hadoop-ozone/integration-test/target/test-dir/MiniOzoneClusterImpl-66e2a49b-37e1-46c5-a16c-3b22c3c736b2/datanode-5/data/ratis/e7b75ca5-21e4-4e67-a322-ba79db2e50e9 was interrupted, exiting. There are 0 tasks remaining in the queue.
2019-09-19 08:59:11,490 [ForkJoinPool.commonPool-worker-0] INFO  segmented.SegmentedRaftLogWorker (SegmentedRaftLogWorker.java:close(228)) - c3efbda9-57f4-4798-ad05-3f22f82ad386-SegmentedRaftLogWorker:Storage Directory /workdir/hadoop-ozone/integration-test/target/test-dir/MiniOzoneClusterImpl-66e2a49b-37e1-46c5-a16c-3b22c3c736b2/datanode-2/data/ratis/1596d9d5-029d-4408-8a4e-22daf81d2c80 close()
2019-09-19 08:59:11,490 [main] INFO  segmented.SegmentedRaftLogWorker (SegmentedRaftLogWorker.java:close(228)) - f144bb97-f1f6-4c62-88ba-fe5b55391c49-SegmentedRaftLogWorker:Storage Directory /workdir/hadoop-ozone/integration-test/target/test-dir/MiniOzoneClusterImpl-66e2a49b-37e1-46c5-a16c-3b22c3c736b2/datanode-5/data/ratis/e7b75ca5-21e4-4e67-a322-ba79db2e50e9 close()
2019-09-19 08:59:11,490 [ForkJoinPool.commonPool-worker-0] INFO  impl.RaftServerImpl (RaftServerImpl.java:lambda$shutdown$3(245)) - c3efbda9-57f4-4798-ad05-3f22f82ad386: shutdown group-0187507EE3B9
2019-09-19 08:59:11,491 [main] INFO  impl.RaftServerImpl (RaftServerImpl.java:lambda$shutdown$3(245)) - f144bb97-f1f6-4c62-88ba-fe5b55391c49: shutdown group-972D0787996E
2019-09-19 08:59:11,491 [ForkJoinPool.commonPool-worker-0] INFO  util.JmxRegister (JmxRegister.java:unregister(73)) - Successfully un-registered JMX Bean with object name Ratis:service=RaftServer,group=group-0187507EE3B9,id=c3efbda9-57f4-4798-ad05-3f22f82ad386
2019-09-19 08:59:11,491 [main] INFO  util.JmxRegister (JmxRegister.java:unregister(73)) - Successfully un-registered JMX Bean with object name Ratis:service=RaftServer,group=group-972D0787996E,id=f144bb97-f1f6-4c62-88ba-fe5b55391c49
2019-09-19 08:59:11,492 [main] INFO  impl.RoleInfo (RoleInfo.java:shutdownLeaderState(104)) - f144bb97-f1f6-4c62-88ba-fe5b55391c49: shutdown LeaderState
2019-09-19 08:59:11,491 [ForkJoinPool.commonPool-worker-0] INFO  impl.RoleInfo (RoleInfo.java:shutdownLeaderState(104)) - c3efbda9-57f4-4798-ad05-3f22f82ad386: shutdown LeaderState
2019-09-19 08:59:11,492 [main] INFO  impl.PendingRequests (PendingRequests.java:sendNotLeaderResponses(202)) - f144bb97-f1f6-4c62-88ba-fe5b55391c49-PendingRequests: sendNotLeaderResponses
2019-09-19 08:59:11,493 [ForkJoinPool.commonPool-worker-0] INFO  impl.PendingRequests (PendingRequests.java:sendNotLeaderResponses(202)) - c3efbda9-57f4-4798-ad05-3f22f82ad386-PendingRequests: sendNotLeaderResponses
2019-09-19 08:59:11,493 [main] INFO  impl.StateMachineUpdater (StateMachineUpdater.java:stopAndJoin(115)) - StateMachineUpdater:f144bb97-f1f6-4c62-88ba-fe5b55391c49:group-972D0787996E: set stopIndex = 0
2019-09-19 08:59:11,493 [ForkJoinPool.commonPool-worker-0] INFO  impl.StateMachineUpdater (StateMachineUpdater.java:stopAndJoin(115)) - StateMachineUpdater:c3efbda9-57f4-4798-ad05-3f22f82ad386:group-0187507EE3B9: set stopIndex = 0
2019-09-19 08:59:11,493 [main] INFO  impl.RaftServerImpl (ServerState.java:close(394)) - f144bb97-f1f6-4c62-88ba-fe5b55391c49:group-972D0787996E closes. The last applied log index is 0
2019-09-19 08:59:11,494 [ForkJoinPool.commonPool-worker-0] INFO  impl.RaftServerImpl (ServerState.java:close(394)) - c3efbda9-57f4-4798-ad05-3f22f82ad386:group-0187507EE3B9 closes. The last applied log index is 0
2019-09-19 08:59:11,494 [f144bb97-f1f6-4c62-88ba-fe5b55391c49-SegmentedRaftLogWorker:Storage Directory /workdir/hadoop-ozone/integration-test/target/test-dir/MiniOzoneClusterImpl-66e2a49b-37e1-46c5-a16c-3b22c3c736b2/datanode-5/data/ratis/e97d0b28-fa49-476b-91cc-972d0787996e] INFO  segmented.SegmentedRaftLogWorker (SegmentedRaftLogWorker.java:run(313)) - f144bb97-f1f6-4c62-88ba-fe5b55391c49-SegmentedRaftLogWorker:Storage Directory /workdir/hadoop-ozone/integration-test/target/test-dir/MiniOzoneClusterImpl-66e2a49b-37e1-46c5-a16c-3b22c3c736b2/datanode-5/data/ratis/e97d0b28-fa49-476b-91cc-972d0787996e was interrupted, exiting. There are 0 tasks remaining in the queue.
2019-09-19 08:59:11,494 [c3efbda9-57f4-4798-ad05-3f22f82ad386-SegmentedRaftLogWorker:Storage Directory /workdir/hadoop-ozone/integration-test/target/test-dir/MiniOzoneClusterImpl-66e2a49b-37e1-46c5-a16c-3b22c3c736b2/datanode-2/data/ratis/beb0882f-cc9d-4930-84ed-0187507ee3b9] INFO  segmented.SegmentedRaftLogWorker (SegmentedRaftLogWorker.java:run(313)) - c3efbda9-57f4-4798-ad05-3f22f82ad386-SegmentedRaftLogWorker:Storage Directory /workdir/hadoop-ozone/integration-test/target/test-dir/MiniOzoneClusterImpl-66e2a49b-37e1-46c5-a16c-3b22c3c736b2/datanode-2/data/ratis/beb0882f-cc9d-4930-84ed-0187507ee3b9 was interrupted, exiting. There are 0 tasks remaining in the queue.
2019-09-19 08:59:11,494 [main] INFO  segmented.SegmentedRaftLogWorker (SegmentedRaftLogWorker.java:close(228)) - f144bb97-f1f6-4c62-88ba-fe5b55391c49-SegmentedRaftLogWorker:Storage Directory /workdir/hadoop-ozone/integration-test/target/test-dir/MiniOzoneClusterImpl-66e2a49b-37e1-46c5-a16c-3b22c3c736b2/datanode-5/data/ratis/e97d0b28-fa49-476b-91cc-972d0787996e close()
2019-09-19 08:59:11,495 [ForkJoinPool.commonPool-worker-0] INFO  segmented.SegmentedRaftLogWorker (SegmentedRaftLogWorker.java:close(228)) - c3efbda9-57f4-4798-ad05-3f22f82ad386-SegmentedRaftLogWorker:Storage Directory /workdir/hadoop-ozone/integration-test/target/test-dir/MiniOzoneClusterImpl-66e2a49b-37e1-46c5-a16c-3b22c3c736b2/datanode-2/data/ratis/beb0882f-cc9d-4930-84ed-0187507ee3b9 close()
2019-09-19 08:59:11,495 [main] INFO  server.GrpcService (GrpcService.java:closeImpl(155)) - f144bb97-f1f6-4c62-88ba-fe5b55391c49: shutdown server with port 35246 now
2019-09-19 08:59:11,495 [ForkJoinPool.commonPool-worker-0] INFO  server.GrpcService (GrpcService.java:closeImpl(155)) - c3efbda9-57f4-4798-ad05-3f22f82ad386: shutdown server with port 38495 now
2019-09-19 08:59:11,497 [main] INFO  server.GrpcService (GrpcService.java:closeImpl(163)) - f144bb97-f1f6-4c62-88ba-fe5b55391c49: shutdown server with port 35246 successfully
2019-09-19 08:59:11,499 [ForkJoinPool.commonPool-worker-0] INFO  server.GrpcService (GrpcService.java:closeImpl(163)) - c3efbda9-57f4-4798-ad05-3f22f82ad386: shutdown server with port 38495 successfully
2019-09-19 08:59:11,500 [main] INFO  utils.BackgroundService (BackgroundService.java:shutdown(148)) - Shutting down service BlockDeletingService
2019-09-19 08:59:11,500 [ForkJoinPool.commonPool-worker-0] INFO  utils.BackgroundService (BackgroundService.java:shutdown(148)) - Shutting down service BlockDeletingService
2019-09-19 08:59:11,507 [refreshUsed-/workdir/hadoop-ozone/integration-test/target/test-dir/MiniOzoneClusterImpl-66e2a49b-37e1-46c5-a16c-3b22c3c736b2/datanode-2/data/containers] WARN  fs.CachingGetSpaceUsed (CachingGetSpaceUsed.java:run(183)) - Thread Interrupted waiting to refresh disk information: sleep interrupted
2019-09-19 08:59:11,507 [refreshUsed-/workdir/hadoop-ozone/integration-test/target/test-dir/MiniOzoneClusterImpl-66e2a49b-37e1-46c5-a16c-3b22c3c736b2/datanode-5/data/containers] WARN  fs.CachingGetSpaceUsed (CachingGetSpaceUsed.java:run(183)) - Thread Interrupted waiting to refresh disk information: sleep interrupted
2019-09-19 08:59:11,520 [ForkJoinPool.commonPool-worker-0] INFO  statemachine.DatanodeStateMachine (DatanodeStateMachine.java:stopDaemon(395)) - Ozone container server stopped.
2019-09-19 08:59:11,522 [ForkJoinPool.commonPool-worker-0] INFO  handler.ContextHandler (ContextHandler.java:doStop(910)) - Stopped o.e.j.w.WebAppContext@4e61a863{/,null,UNAVAILABLE}{/hddsDatanode}
2019-09-19 08:59:11,525 [main] INFO  statemachine.DatanodeStateMachine (DatanodeStateMachine.java:stopDaemon(395)) - Ozone container server stopped.
2019-09-19 08:59:11,525 [ForkJoinPool.commonPool-worker-0] INFO  server.AbstractConnector (AbstractConnector.java:doStop(318)) - Stopped ServerConnector@35f01759{HTTP/1.1,[http/1.1]}{0.0.0.0:0}
2019-09-19 08:59:11,528 [ForkJoinPool.commonPool-worker-0] INFO  handler.ContextHandler (ContextHandler.java:doStop(910)) - Stopped o.e.j.s.ServletContextHandler@3dec79f8{/static,jar:file:/home/user/.m2/repository/org/apache/hadoop/hadoop-hdds-container-service/0.5.0-SNAPSHOT/hadoop-hdds-container-service-0.5.0-SNAPSHOT.jar!/webapps/static,UNAVAILABLE}
2019-09-19 08:59:11,528 [main] INFO  handler.ContextHandler (ContextHandler.java:doStop(910)) - Stopped o.e.j.w.WebAppContext@31531d0d{/,null,UNAVAILABLE}{/hddsDatanode}
2019-09-19 08:59:11,528 [ForkJoinPool.commonPool-worker-0] INFO  handler.ContextHandler (ContextHandler.java:doStop(910)) - Stopped o.e.j.s.ServletContextHandler@34bf66af{/logs,file:///workdir/hadoop-ozone/integration-test/target/log,UNAVAILABLE}
2019-09-19 08:59:11,529 [main] INFO  server.AbstractConnector (AbstractConnector.java:doStop(318)) - Stopped ServerConnector@19d76106{HTTP/1.1,[http/1.1]}{0.0.0.0:0}
2019-09-19 08:59:11,530 [main] INFO  handler.ContextHandler (ContextHandler.java:doStop(910)) - Stopped o.e.j.s.ServletContextHandler@56a9a7b5{/static,jar:file:/home/user/.m2/repository/org/apache/hadoop/hadoop-hdds-container-service/0.5.0-SNAPSHOT/hadoop-hdds-container-service-0.5.0-SNAPSHOT.jar!/webapps/static,UNAVAILABLE}
2019-09-19 08:59:11,531 [main] INFO  handler.ContextHandler (ContextHandler.java:doStop(910)) - Stopped o.e.j.s.ServletContextHandler@1be52113{/logs,file:///workdir/hadoop-ozone/integration-test/target/log,UNAVAILABLE}
2019-09-19 08:59:11,531 [ForkJoinPool.commonPool-worker-0] INFO  datanode.ObjectStoreHandler (ObjectStoreHandler.java:close(155)) - Closing ObjectStoreHandler.
2019-09-19 08:59:11,532 [ForkJoinPool.commonPool-worker-0] INFO  ozone.HddsDatanodeService (HddsDatanodeService.java:stop(451)) - Stopped plug-in org.apache.hadoop.ozone.web.OzoneHddsDatanodeService@31082efa
2019-09-19 08:59:11,532 [main] INFO  datanode.ObjectStoreHandler (ObjectStoreHandler.java:close(155)) - Closing ObjectStoreHandler.
2019-09-19 08:59:11,533 [main] INFO  ozone.HddsDatanodeService (HddsDatanodeService.java:stop(451)) - Stopped plug-in org.apache.hadoop.ozone.web.OzoneHddsDatanodeService@2a5d2041
2019-09-19 08:59:11,704 [Datanode State Machine Thread - 0] INFO  statemachine.DatanodeStateMachine (DatanodeStateMachine.java:lambda$startDaemon$0(350)) - Ozone container server started.
2019-09-19 08:59:11,845 [Datanode State Machine Thread - 0] INFO  statemachine.DatanodeStateMachine (DatanodeStateMachine.java:lambda$startDaemon$0(350)) - Ozone container server started.
2019-09-19 08:59:16,532 [ForkJoinPool.commonPool-worker-0] INFO  ozoneimpl.OzoneContainer (OzoneContainer.java:stop(199)) - Attempting to stop container services.
2019-09-19 08:59:16,533 [ForkJoinPool.commonPool-worker-0] INFO  impl.RaftServerProxy (RaftServerProxy.java:lambda$close$4(314)) - a1d91341-8f9e-4ad5-9509-8a616163aa58: close
2019-09-19 08:59:16,533 [ForkJoinPool.commonPool-worker-0] INFO  impl.RaftServerImpl (RaftServerImpl.java:lambda$shutdown$3(245)) - a1d91341-8f9e-4ad5-9509-8a616163aa58: shutdown group-AD61430F556D
2019-09-19 08:59:16,533 [main] INFO  ozoneimpl.OzoneContainer (OzoneContainer.java:stop(199)) - Attempting to stop container services.
2019-09-19 08:59:16,534 [ForkJoinPool.commonPool-worker-0] INFO  util.JmxRegister (JmxRegister.java:unregister(73)) - Successfully un-registered JMX Bean with object name Ratis:service=RaftServer,group=group-AD61430F556D,id=a1d91341-8f9e-4ad5-9509-8a616163aa58
2019-09-19 08:59:16,534 [main] INFO  impl.RaftServerProxy (RaftServerProxy.java:lambda$close$4(314)) - ad3886cc-8cf9-46e9-a9d5-925411a00d68: close
2019-09-19 08:59:16,534 [ForkJoinPool.commonPool-worker-0] INFO  impl.RoleInfo (RoleInfo.java:shutdownLeaderState(104)) - a1d91341-8f9e-4ad5-9509-8a616163aa58: shutdown LeaderState
2019-09-19 08:59:16,535 [main] INFO  impl.RaftServerImpl (RaftServerImpl.java:lambda$shutdown$3(245)) - ad3886cc-8cf9-46e9-a9d5-925411a00d68: shutdown group-6DD0BC37F79F
2019-09-19 08:59:16,535 [ForkJoinPool.commonPool-worker-0] INFO  impl.PendingRequests (PendingRequests.java:sendNotLeaderResponses(202)) - a1d91341-8f9e-4ad5-9509-8a616163aa58-PendingRequests: sendNotLeaderResponses
2019-09-19 08:59:16,535 [main] INFO  util.JmxRegister (JmxRegister.java:unregister(73)) - Successfully un-registered JMX Bean with object name Ratis:service=RaftServer,group=group-6DD0BC37F79F,id=ad3886cc-8cf9-46e9-a9d5-925411a00d68
2019-09-19 08:59:16,536 [ForkJoinPool.commonPool-worker-0] INFO  impl.StateMachineUpdater (StateMachineUpdater.java:stopAndJoin(115)) - StateMachineUpdater:a1d91341-8f9e-4ad5-9509-8a616163aa58:group-AD61430F556D: set stopIndex = 0
2019-09-19 08:59:16,536 [main] INFO  impl.RoleInfo (RoleInfo.java:shutdownLeaderState(104)) - ad3886cc-8cf9-46e9-a9d5-925411a00d68: shutdown LeaderState
2019-09-19 08:59:16,536 [ForkJoinPool.commonPool-worker-0] INFO  impl.RaftServerImpl (ServerState.java:close(394)) - a1d91341-8f9e-4ad5-9509-8a616163aa58:group-AD61430F556D closes. The last applied log index is 0
2019-09-19 08:59:16,536 [main] INFO  impl.PendingRequests (PendingRequests.java:sendNotLeaderResponses(202)) - ad3886cc-8cf9-46e9-a9d5-925411a00d68-PendingRequests: sendNotLeaderResponses
2019-09-19 08:59:16,537 [a1d91341-8f9e-4ad5-9509-8a616163aa58-SegmentedRaftLogWorker:Storage Directory /workdir/hadoop-ozone/integration-test/target/test-dir/MiniOzoneClusterImpl-66e2a49b-37e1-46c5-a16c-3b22c3c736b2/datanode-0/data/ratis/7ac505e7-129b-41f9-87e6-ad61430f556d] INFO  segmented.SegmentedRaftLogWorker (SegmentedRaftLogWorker.java:run(313)) - a1d91341-8f9e-4ad5-9509-8a616163aa58-SegmentedRaftLogWorker:Storage Directory /workdir/hadoop-ozone/integration-test/target/test-dir/MiniOzoneClusterImpl-66e2a49b-37e1-46c5-a16c-3b22c3c736b2/datanode-0/data/ratis/7ac505e7-129b-41f9-87e6-ad61430f556d was interrupted, exiting. There are 0 tasks remaining in the queue.
2019-09-19 08:59:16,537 [main] INFO  impl.StateMachineUpdater (StateMachineUpdater.java:stopAndJoin(115)) - StateMachineUpdater:ad3886cc-8cf9-46e9-a9d5-925411a00d68:group-6DD0BC37F79F: set stopIndex = 0
2019-09-19 08:59:16,537 [ForkJoinPool.commonPool-worker-0] INFO  segmented.SegmentedRaftLogWorker (SegmentedRaftLogWorker.java:close(228)) - a1d91341-8f9e-4ad5-9509-8a616163aa58-SegmentedRaftLogWorker:Storage Directory /workdir/hadoop-ozone/integration-test/target/test-dir/MiniOzoneClusterImpl-66e2a49b-37e1-46c5-a16c-3b22c3c736b2/datanode-0/data/ratis/7ac505e7-129b-41f9-87e6-ad61430f556d close()
2019-09-19 08:59:16,538 [main] INFO  impl.RaftServerImpl (ServerState.java:close(394)) - ad3886cc-8cf9-46e9-a9d5-925411a00d68:group-6DD0BC37F79F closes. The last applied log index is 0
2019-09-19 08:59:16,538 [ForkJoinPool.commonPool-worker-0] INFO  impl.RaftServerImpl (RaftServerImpl.java:lambda$shutdown$3(245)) - a1d91341-8f9e-4ad5-9509-8a616163aa58: shutdown group-9A4693C5891A
2019-09-19 08:59:16,538 [ad3886cc-8cf9-46e9-a9d5-925411a00d68-SegmentedRaftLogWorker:Storage Directory /workdir/hadoop-ozone/integration-test/target/test-dir/MiniOzoneClusterImpl-66e2a49b-37e1-46c5-a16c-3b22c3c736b2/datanode-4/data/ratis/afe9d68d-d83d-43d8-a8dc-6dd0bc37f79f] INFO  segmented.SegmentedRaftLogWorker (SegmentedRaftLogWorker.java:run(313)) - ad3886cc-8cf9-46e9-a9d5-925411a00d68-SegmentedRaftLogWorker:Storage Directory /workdir/hadoop-ozone/integration-test/target/test-dir/MiniOzoneClusterImpl-66e2a49b-37e1-46c5-a16c-3b22c3c736b2/datanode-4/data/ratis/afe9d68d-d83d-43d8-a8dc-6dd0bc37f79f was interrupted, exiting. There are 0 tasks remaining in the queue.
2019-09-19 08:59:16,539 [ForkJoinPool.commonPool-worker-0] INFO  util.JmxRegister (JmxRegister.java:unregister(73)) - Successfully un-registered JMX Bean with object name Ratis:service=RaftServer,group=group-9A4693C5891A,id=a1d91341-8f9e-4ad5-9509-8a616163aa58
2019-09-19 08:59:16,539 [ForkJoinPool.commonPool-worker-0] INFO  impl.RoleInfo (RoleInfo.java:shutdownLeaderState(104)) - a1d91341-8f9e-4ad5-9509-8a616163aa58: shutdown LeaderState
2019-09-19 08:59:16,539 [main] INFO  segmented.SegmentedRaftLogWorker (SegmentedRaftLogWorker.java:close(228)) - ad3886cc-8cf9-46e9-a9d5-925411a00d68-SegmentedRaftLogWorker:Storage Directory /workdir/hadoop-ozone/integration-test/target/test-dir/MiniOzoneClusterImpl-66e2a49b-37e1-46c5-a16c-3b22c3c736b2/datanode-4/data/ratis/afe9d68d-d83d-43d8-a8dc-6dd0bc37f79f close()
2019-09-19 08:59:16,539 [ForkJoinPool.commonPool-worker-0] INFO  impl.PendingRequests (PendingRequests.java:sendNotLeaderResponses(202)) - a1d91341-8f9e-4ad5-9509-8a616163aa58-PendingRequests: sendNotLeaderResponses
2019-09-19 08:59:16,540 [main] INFO  impl.RaftServerImpl (RaftServerImpl.java:lambda$shutdown$3(245)) - ad3886cc-8cf9-46e9-a9d5-925411a00d68: shutdown group-414407D09381
2019-09-19 08:59:16,540 [ForkJoinPool.commonPool-worker-0] INFO  impl.StateMachineUpdater (StateMachineUpdater.java:stopAndJoin(115)) - StateMachineUpdater:a1d91341-8f9e-4ad5-9509-8a616163aa58:group-9A4693C5891A: set stopIndex = 0
2019-09-19 08:59:16,541 [main] INFO  util.JmxRegister (JmxRegister.java:unregister(73)) - Successfully un-registered JMX Bean with object name Ratis:service=RaftServer,group=group-414407D09381,id=ad3886cc-8cf9-46e9-a9d5-925411a00d68
2019-09-19 08:59:16,541 [ForkJoinPool.commonPool-worker-0] INFO  impl.RaftServerImpl (ServerState.java:close(394)) - a1d91341-8f9e-4ad5-9509-8a616163aa58:group-9A4693C5891A closes. The last applied log index is 0
2019-09-19 08:59:16,541 [main] INFO  impl.RoleInfo (RoleInfo.java:shutdownLeaderState(104)) - ad3886cc-8cf9-46e9-a9d5-925411a00d68: shutdown LeaderState
2019-09-19 08:59:16,542 [a1d91341-8f9e-4ad5-9509-8a616163aa58-SegmentedRaftLogWorker:Storage Directory /workdir/hadoop-ozone/integration-test/target/test-dir/MiniOzoneClusterImpl-66e2a49b-37e1-46c5-a16c-3b22c3c736b2/datanode-0/data/ratis/4b11201b-4626-49fb-a638-9a4693c5891a] INFO  segmented.SegmentedRaftLogWorker (SegmentedRaftLogWorker.java:run(313)) - a1d91341-8f9e-4ad5-9509-8a616163aa58-SegmentedRaftLogWorker:Storage Directory /workdir/hadoop-ozone/integration-test/target/test-dir/MiniOzoneClusterImpl-66e2a49b-37e1-46c5-a16c-3b22c3c736b2/datanode-0/data/ratis/4b11201b-4626-49fb-a638-9a4693c5891a was interrupted, exiting. There are 0 tasks remaining in the queue.
2019-09-19 08:59:16,542 [main] INFO  impl.PendingRequests (PendingRequests.java:sendNotLeaderResponses(202)) - ad3886cc-8cf9-46e9-a9d5-925411a00d68-PendingRequests: sendNotLeaderResponses
2019-09-19 08:59:16,542 [ForkJoinPool.commonPool-worker-0] INFO  segmented.SegmentedRaftLogWorker (SegmentedRaftLogWorker.java:close(228)) - a1d91341-8f9e-4ad5-9509-8a616163aa58-SegmentedRaftLogWorker:Storage Directory /workdir/hadoop-ozone/integration-test/target/test-dir/MiniOzoneClusterImpl-66e2a49b-37e1-46c5-a16c-3b22c3c736b2/datanode-0/data/ratis/4b11201b-4626-49fb-a638-9a4693c5891a close()
2019-09-19 08:59:16,543 [main] INFO  impl.StateMachineUpdater (StateMachineUpdater.java:stopAndJoin(115)) - StateMachineUpdater:ad3886cc-8cf9-46e9-a9d5-925411a00d68:group-414407D09381: set stopIndex = 0
2019-09-19 08:59:16,543 [ForkJoinPool.commonPool-worker-0] INFO  impl.RaftServerImpl (RaftServerImpl.java:lambda$shutdown$3(245)) - a1d91341-8f9e-4ad5-9509-8a616163aa58: shutdown group-BBA676766893
2019-09-19 08:59:16,543 [main] INFO  impl.RaftServerImpl (ServerState.java:close(394)) - ad3886cc-8cf9-46e9-a9d5-925411a00d68:group-414407D09381 closes. The last applied log index is 0
2019-09-19 08:59:16,543 [ForkJoinPool.commonPool-worker-0] INFO  util.JmxRegister (JmxRegister.java:unregister(73)) - Successfully un-registered JMX Bean with object name Ratis:service=RaftServer,group=group-BBA676766893,id=a1d91341-8f9e-4ad5-9509-8a616163aa58
2019-09-19 08:59:16,544 [ad3886cc-8cf9-46e9-a9d5-925411a00d68-SegmentedRaftLogWorker:Storage Directory /workdir/hadoop-ozone/integration-test/target/test-dir/MiniOzoneClusterImpl-66e2a49b-37e1-46c5-a16c-3b22c3c736b2/datanode-4/data/ratis/d6217a99-b50c-4c29-a5b8-414407d09381] INFO  segmented.SegmentedRaftLogWorker (SegmentedRaftLogWorker.java:run(313)) - ad3886cc-8cf9-46e9-a9d5-925411a00d68-SegmentedRaftLogWorker:Storage Directory /workdir/hadoop-ozone/integration-test/target/test-dir/MiniOzoneClusterImpl-66e2a49b-37e1-46c5-a16c-3b22c3c736b2/datanode-4/data/ratis/d6217a99-b50c-4c29-a5b8-414407d09381 was interrupted, exiting. There are 0 tasks remaining in the queue.
2019-09-19 08:59:16,544 [ForkJoinPool.commonPool-worker-0] INFO  impl.RoleInfo (RoleInfo.java:shutdownLeaderState(104)) - a1d91341-8f9e-4ad5-9509-8a616163aa58: shutdown LeaderState
2019-09-19 08:59:16,544 [main] INFO  segmented.SegmentedRaftLogWorker (SegmentedRaftLogWorker.java:close(228)) - ad3886cc-8cf9-46e9-a9d5-925411a00d68-SegmentedRaftLogWorker:Storage Directory /workdir/hadoop-ozone/integration-test/target/test-dir/MiniOzoneClusterImpl-66e2a49b-37e1-46c5-a16c-3b22c3c736b2/datanode-4/data/ratis/d6217a99-b50c-4c29-a5b8-414407d09381 close()
2019-09-19 08:59:16,545 [ForkJoinPool.commonPool-worker-0] INFO  impl.PendingRequests (PendingRequests.java:sendNotLeaderResponses(202)) - a1d91341-8f9e-4ad5-9509-8a616163aa58-PendingRequests: sendNotLeaderResponses
2019-09-19 08:59:16,545 [main] INFO  impl.RaftServerImpl (RaftServerImpl.java:lambda$shutdown$3(245)) - ad3886cc-8cf9-46e9-a9d5-925411a00d68: shutdown group-FC77B282DA8B
2019-09-19 08:59:16,545 [ForkJoinPool.commonPool-worker-0] INFO  impl.StateMachineUpdater (StateMachineUpdater.java:stopAndJoin(115)) - StateMachineUpdater:a1d91341-8f9e-4ad5-9509-8a616163aa58:group-BBA676766893: set stopIndex = 0
2019-09-19 08:59:16,546 [main] INFO  util.JmxRegister (JmxRegister.java:unregister(73)) - Successfully un-registered JMX Bean with object name Ratis:service=RaftServer,group=group-FC77B282DA8B,id=ad3886cc-8cf9-46e9-a9d5-925411a00d68
2019-09-19 08:59:16,546 [ForkJoinPool.commonPool-worker-0] INFO  impl.RaftServerImpl (ServerState.java:close(394)) - a1d91341-8f9e-4ad5-9509-8a616163aa58:group-BBA676766893 closes. The last applied log index is 0
2019-09-19 08:59:16,546 [main] INFO  impl.RoleInfo (RoleInfo.java:shutdownLeaderState(104)) - ad3886cc-8cf9-46e9-a9d5-925411a00d68: shutdown LeaderState
2019-09-19 08:59:16,547 [a1d91341-8f9e-4ad5-9509-8a616163aa58-SegmentedRaftLogWorker:Storage Directory /workdir/hadoop-ozone/integration-test/target/test-dir/MiniOzoneClusterImpl-66e2a49b-37e1-46c5-a16c-3b22c3c736b2/datanode-0/data/ratis/6b8f140f-219b-4dd5-ad7d-bba676766893] INFO  segmented.SegmentedRaftLogWorker (SegmentedRaftLogWorker.java:run(313)) - a1d91341-8f9e-4ad5-9509-8a616163aa58-SegmentedRaftLogWorker:Storage Directory /workdir/hadoop-ozone/integration-test/target/test-dir/MiniOzoneClusterImpl-66e2a49b-37e1-46c5-a16c-3b22c3c736b2/datanode-0/data/ratis/6b8f140f-219b-4dd5-ad7d-bba676766893 was interrupted, exiting. There are 0 tasks remaining in the queue.
2019-09-19 08:59:16,547 [main] INFO  impl.PendingRequests (PendingRequests.java:sendNotLeaderResponses(202)) - ad3886cc-8cf9-46e9-a9d5-925411a00d68-PendingRequests: sendNotLeaderResponses
2019-09-19 08:59:16,547 [ForkJoinPool.commonPool-worker-0] INFO  segmented.SegmentedRaftLogWorker (SegmentedRaftLogWorker.java:close(228)) - a1d91341-8f9e-4ad5-9509-8a616163aa58-SegmentedRaftLogWorker:Storage Directory /workdir/hadoop-ozone/integration-test/target/test-dir/MiniOzoneClusterImpl-66e2a49b-37e1-46c5-a16c-3b22c3c736b2/datanode-0/data/ratis/6b8f140f-219b-4dd5-ad7d-bba676766893 close()
2019-09-19 08:59:16,547 [main] INFO  impl.StateMachineUpdater (StateMachineUpdater.java:stopAndJoin(115)) - StateMachineUpdater:ad3886cc-8cf9-46e9-a9d5-925411a00d68:group-FC77B282DA8B: set stopIndex = 0
2019-09-19 08:59:16,548 [ForkJoinPool.commonPool-worker-0] INFO  impl.RaftServerImpl (RaftServerImpl.java:lambda$shutdown$3(245)) - a1d91341-8f9e-4ad5-9509-8a616163aa58: shutdown group-DFA0B21EAC31
2019-09-19 08:59:16,548 [main] INFO  impl.RaftServerImpl (ServerState.java:close(394)) - ad3886cc-8cf9-46e9-a9d5-925411a00d68:group-FC77B282DA8B closes. The last applied log index is 0
2019-09-19 08:59:16,548 [ForkJoinPool.commonPool-worker-0] INFO  util.JmxRegister (JmxRegister.java:unregister(73)) - Successfully un-registered JMX Bean with object name Ratis:service=RaftServer,group=group-DFA0B21EAC31,id=a1d91341-8f9e-4ad5-9509-8a616163aa58
2019-09-19 08:59:16,549 [ad3886cc-8cf9-46e9-a9d5-925411a00d68-SegmentedRaftLogWorker:Storage Directory /workdir/hadoop-ozone/integration-test/target/test-dir/MiniOzoneClusterImpl-66e2a49b-37e1-46c5-a16c-3b22c3c736b2/datanode-4/data/ratis/ebaf9505-2fa8-4338-8ce7-fc77b282da8b] INFO  segmented.SegmentedRaftLogWorker (SegmentedRaftLogWorker.java:run(313)) - ad3886cc-8cf9-46e9-a9d5-925411a00d68-SegmentedRaftLogWorker:Storage Directory /workdir/hadoop-ozone/integration-test/target/test-dir/MiniOzoneClusterImpl-66e2a49b-37e1-46c5-a16c-3b22c3c736b2/datanode-4/data/ratis/ebaf9505-2fa8-4338-8ce7-fc77b282da8b was interrupted, exiting. There are 0 tasks remaining in the queue.
2019-09-19 08:59:16,549 [ForkJoinPool.commonPool-worker-0] INFO  impl.RoleInfo (RoleInfo.java:shutdownLeaderState(104)) - a1d91341-8f9e-4ad5-9509-8a616163aa58: shutdown LeaderState
2019-09-19 08:59:16,549 [main] INFO  segmented.SegmentedRaftLogWorker (SegmentedRaftLogWorker.java:close(228)) - ad3886cc-8cf9-46e9-a9d5-925411a00d68-SegmentedRaftLogWorker:Storage Directory /workdir/hadoop-ozone/integration-test/target/test-dir/MiniOzoneClusterImpl-66e2a49b-37e1-46c5-a16c-3b22c3c736b2/datanode-4/data/ratis/ebaf9505-2fa8-4338-8ce7-fc77b282da8b close()
2019-09-19 08:59:16,549 [ForkJoinPool.commonPool-worker-0] INFO  impl.PendingRequests (PendingRequests.java:sendNotLeaderResponses(202)) - a1d91341-8f9e-4ad5-9509-8a616163aa58-PendingRequests: sendNotLeaderResponses
2019-09-19 08:59:16,550 [main] INFO  impl.RaftServerImpl (RaftServerImpl.java:lambda$shutdown$3(245)) - ad3886cc-8cf9-46e9-a9d5-925411a00d68: shutdown group-28EF77F798FC
2019-09-19 08:59:16,550 [ForkJoinPool.commonPool-worker-0] INFO  impl.StateMachineUpdater (StateMachineUpdater.java:stopAndJoin(115)) - StateMachineUpdater:a1d91341-8f9e-4ad5-9509-8a616163aa58:group-DFA0B21EAC31: set stopIndex = 0
2019-09-19 08:59:16,550 [main] INFO  util.JmxRegister (JmxRegister.java:unregister(73)) - Successfully un-registered JMX Bean with object name Ratis:service=RaftServer,group=group-28EF77F798FC,id=ad3886cc-8cf9-46e9-a9d5-925411a00d68
2019-09-19 08:59:16,551 [ForkJoinPool.commonPool-worker-0] INFO  impl.RaftServerImpl (ServerState.java:close(394)) - a1d91341-8f9e-4ad5-9509-8a616163aa58:group-DFA0B21EAC31 closes. The last applied log index is 0
2019-09-19 08:59:16,551 [main] INFO  impl.RoleInfo (RoleInfo.java:shutdownLeaderState(104)) - ad3886cc-8cf9-46e9-a9d5-925411a00d68: shutdown LeaderState
2019-09-19 08:59:16,552 [a1d91341-8f9e-4ad5-9509-8a616163aa58-SegmentedRaftLogWorker:Storage Directory /workdir/hadoop-ozone/integration-test/target/test-dir/MiniOzoneClusterImpl-66e2a49b-37e1-46c5-a16c-3b22c3c736b2/datanode-0/data/ratis/c90dace0-8056-4396-8180-dfa0b21eac31] INFO  segmented.SegmentedRaftLogWorker (SegmentedRaftLogWorker.java:run(313)) - a1d91341-8f9e-4ad5-9509-8a616163aa58-SegmentedRaftLogWorker:Storage Directory /workdir/hadoop-ozone/integration-test/target/test-dir/MiniOzoneClusterImpl-66e2a49b-37e1-46c5-a16c-3b22c3c736b2/datanode-0/data/ratis/c90dace0-8056-4396-8180-dfa0b21eac31 was interrupted, exiting. There are 0 tasks remaining in the queue.
2019-09-19 08:59:16,552 [main] INFO  impl.PendingRequests (PendingRequests.java:sendNotLeaderResponses(202)) - ad3886cc-8cf9-46e9-a9d5-925411a00d68-PendingRequests: sendNotLeaderResponses
2019-09-19 08:59:16,552 [ForkJoinPool.commonPool-worker-0] INFO  segmented.SegmentedRaftLogWorker (SegmentedRaftLogWorker.java:close(228)) - a1d91341-8f9e-4ad5-9509-8a616163aa58-SegmentedRaftLogWorker:Storage Directory /workdir/hadoop-ozone/integration-test/target/test-dir/MiniOzoneClusterImpl-66e2a49b-37e1-46c5-a16c-3b22c3c736b2/datanode-0/data/ratis/c90dace0-8056-4396-8180-dfa0b21eac31 close()
2019-09-19 08:59:16,552 [main] INFO  impl.StateMachineUpdater (StateMachineUpdater.java:stopAndJoin(115)) - StateMachineUpdater:ad3886cc-8cf9-46e9-a9d5-925411a00d68:group-28EF77F798FC: set stopIndex = 0
2019-09-19 08:59:16,553 [ForkJoinPool.commonPool-worker-0] INFO  impl.RaftServerImpl (RaftServerImpl.java:lambda$shutdown$3(245)) - a1d91341-8f9e-4ad5-9509-8a616163aa58: shutdown group-1BD401C6213C
2019-09-19 08:59:16,553 [main] INFO  impl.RaftServerImpl (ServerState.java:close(394)) - ad3886cc-8cf9-46e9-a9d5-925411a00d68:group-28EF77F798FC closes. The last applied log index is 0
2019-09-19 08:59:16,553 [ForkJoinPool.commonPool-worker-0] INFO  util.JmxRegister (JmxRegister.java:unregister(73)) - Successfully un-registered JMX Bean with object name Ratis:service=RaftServer,group=group-1BD401C6213C,id=a1d91341-8f9e-4ad5-9509-8a616163aa58
2019-09-19 08:59:16,554 [ad3886cc-8cf9-46e9-a9d5-925411a00d68-SegmentedRaftLogWorker:Storage Directory /workdir/hadoop-ozone/integration-test/target/test-dir/MiniOzoneClusterImpl-66e2a49b-37e1-46c5-a16c-3b22c3c736b2/datanode-4/data/ratis/3c9656ee-f337-41ef-b41c-28ef77f798fc] INFO  segmented.SegmentedRaftLogWorker (SegmentedRaftLogWorker.java:run(313)) - ad3886cc-8cf9-46e9-a9d5-925411a00d68-SegmentedRaftLogWorker:Storage Directory /workdir/hadoop-ozone/integration-test/target/test-dir/MiniOzoneClusterImpl-66e2a49b-37e1-46c5-a16c-3b22c3c736b2/datanode-4/data/ratis/3c9656ee-f337-41ef-b41c-28ef77f798fc was interrupted, exiting. There are 0 tasks remaining in the queue.
2019-09-19 08:59:16,554 [ForkJoinPool.commonPool-worker-0] INFO  impl.RoleInfo (RoleInfo.java:shutdownLeaderState(104)) - a1d91341-8f9e-4ad5-9509-8a616163aa58: shutdown LeaderState
2019-09-19 08:59:16,554 [main] INFO  segmented.SegmentedRaftLogWorker (SegmentedRaftLogWorker.java:close(228)) - ad3886cc-8cf9-46e9-a9d5-925411a00d68-SegmentedRaftLogWorker:Storage Directory /workdir/hadoop-ozone/integration-test/target/test-dir/MiniOzoneClusterImpl-66e2a49b-37e1-46c5-a16c-3b22c3c736b2/datanode-4/data/ratis/3c9656ee-f337-41ef-b41c-28ef77f798fc close()
2019-09-19 08:59:16,554 [ForkJoinPool.commonPool-worker-0] INFO  impl.PendingRequests (PendingRequests.java:sendNotLeaderResponses(202)) - a1d91341-8f9e-4ad5-9509-8a616163aa58-PendingRequests: sendNotLeaderResponses
2019-09-19 08:59:16,555 [main] INFO  impl.RaftServerImpl (RaftServerImpl.java:lambda$shutdown$3(245)) - ad3886cc-8cf9-46e9-a9d5-925411a00d68: shutdown group-E26A51EBC6B4
2019-09-19 08:59:16,555 [ForkJoinPool.commonPool-worker-0] INFO  impl.StateMachineUpdater (StateMachineUpdater.java:stopAndJoin(115)) - StateMachineUpdater:a1d91341-8f9e-4ad5-9509-8a616163aa58:group-1BD401C6213C: set stopIndex = 0
2019-09-19 08:59:16,555 [main] INFO  util.JmxRegister (JmxRegister.java:unregister(73)) - Successfully un-registered JMX Bean with object name Ratis:service=RaftServer,group=group-E26A51EBC6B4,id=ad3886cc-8cf9-46e9-a9d5-925411a00d68
2019-09-19 08:59:16,556 [main] INFO  impl.RoleInfo (RoleInfo.java:shutdownLeaderState(104)) - ad3886cc-8cf9-46e9-a9d5-925411a00d68: shutdown LeaderState
2019-09-19 08:59:16,556 [ForkJoinPool.commonPool-worker-0] INFO  impl.RaftServerImpl (ServerState.java:close(394)) - a1d91341-8f9e-4ad5-9509-8a616163aa58:group-1BD401C6213C closes. The last applied log index is 0
2019-09-19 08:59:16,556 [main] INFO  impl.PendingRequests (PendingRequests.java:sendNotLeaderResponses(202)) - ad3886cc-8cf9-46e9-a9d5-925411a00d68-PendingRequests: sendNotLeaderResponses
2019-09-19 08:59:16,557 [a1d91341-8f9e-4ad5-9509-8a616163aa58-SegmentedRaftLogWorker:Storage Directory /workdir/hadoop-ozone/integration-test/target/test-dir/MiniOzoneClusterImpl-66e2a49b-37e1-46c5-a16c-3b22c3c736b2/datanode-0/data/ratis/a2f50d49-7248-4edf-9f2c-1bd401c6213c] INFO  segmented.SegmentedRaftLogWorker (SegmentedRaftLogWorker.java:run(313)) - a1d91341-8f9e-4ad5-9509-8a616163aa58-SegmentedRaftLogWorker:Storage Directory /workdir/hadoop-ozone/integration-test/target/test-dir/MiniOzoneClusterImpl-66e2a49b-37e1-46c5-a16c-3b22c3c736b2/datanode-0/data/ratis/a2f50d49-7248-4edf-9f2c-1bd401c6213c was interrupted, exiting. There are 0 tasks remaining in the queue.
2019-09-19 08:59:16,557 [main] INFO  impl.StateMachineUpdater (StateMachineUpdater.java:stopAndJoin(115)) - StateMachineUpdater:ad3886cc-8cf9-46e9-a9d5-925411a00d68:group-E26A51EBC6B4: set stopIndex = 0
2019-09-19 08:59:16,558 [main] INFO  impl.RaftServerImpl (ServerState.java:close(394)) - ad3886cc-8cf9-46e9-a9d5-925411a00d68:group-E26A51EBC6B4 closes. The last applied log index is 0
2019-09-19 08:59:16,557 [ForkJoinPool.commonPool-worker-0] INFO  segmented.SegmentedRaftLogWorker (SegmentedRaftLogWorker.java:close(228)) - a1d91341-8f9e-4ad5-9509-8a616163aa58-SegmentedRaftLogWorker:Storage Directory /workdir/hadoop-ozone/integration-test/target/test-dir/MiniOzoneClusterImpl-66e2a49b-37e1-46c5-a16c-3b22c3c736b2/datanode-0/data/ratis/a2f50d49-7248-4edf-9f2c-1bd401c6213c close()
2019-09-19 08:59:16,558 [ad3886cc-8cf9-46e9-a9d5-925411a00d68-SegmentedRaftLogWorker:Storage Directory /workdir/hadoop-ozone/integration-test/target/test-dir/MiniOzoneClusterImpl-66e2a49b-37e1-46c5-a16c-3b22c3c736b2/datanode-4/data/ratis/1bf34f84-3aff-451a-a36f-e26a51ebc6b4] INFO  segmented.SegmentedRaftLogWorker (SegmentedRaftLogWorker.java:run(313)) - ad3886cc-8cf9-46e9-a9d5-925411a00d68-SegmentedRaftLogWorker:Storage Directory /workdir/hadoop-ozone/integration-test/target/test-dir/MiniOzoneClusterImpl-66e2a49b-37e1-46c5-a16c-3b22c3c736b2/datanode-4/data/ratis/1bf34f84-3aff-451a-a36f-e26a51ebc6b4 was interrupted, exiting. There are 0 tasks remaining in the queue.
2019-09-19 08:59:16,559 [ForkJoinPool.commonPool-worker-0] INFO  impl.RaftServerImpl (RaftServerImpl.java:lambda$shutdown$3(245)) - a1d91341-8f9e-4ad5-9509-8a616163aa58: shutdown group-075B857FF349
2019-09-19 08:59:16,559 [main] INFO  segmented.SegmentedRaftLogWorker (SegmentedRaftLogWorker.java:close(228)) - ad3886cc-8cf9-46e9-a9d5-925411a00d68-SegmentedRaftLogWorker:Storage Directory /workdir/hadoop-ozone/integration-test/target/test-dir/MiniOzoneClusterImpl-66e2a49b-37e1-46c5-a16c-3b22c3c736b2/datanode-4/data/ratis/1bf34f84-3aff-451a-a36f-e26a51ebc6b4 close()
2019-09-19 08:59:16,559 [ForkJoinPool.commonPool-worker-0] INFO  util.JmxRegister (JmxRegister.java:unregister(73)) - Successfully un-registered JMX Bean with object name Ratis:service=RaftServer,group=group-075B857FF349,id=a1d91341-8f9e-4ad5-9509-8a616163aa58
2019-09-19 08:59:16,560 [main] INFO  impl.RaftServerImpl (RaftServerImpl.java:lambda$shutdown$3(245)) - ad3886cc-8cf9-46e9-a9d5-925411a00d68: shutdown group-530A3BE724B9
2019-09-19 08:59:16,560 [ForkJoinPool.commonPool-worker-0] INFO  impl.RoleInfo (RoleInfo.java:shutdownLeaderState(104)) - a1d91341-8f9e-4ad5-9509-8a616163aa58: shutdown LeaderState
2019-09-19 08:59:16,560 [main] INFO  util.JmxRegister (JmxRegister.java:unregister(73)) - Successfully un-registered JMX Bean with object name Ratis:service=RaftServer,group=group-530A3BE724B9,id=ad3886cc-8cf9-46e9-a9d5-925411a00d68
2019-09-19 08:59:16,561 [main] INFO  impl.RoleInfo (RoleInfo.java:shutdownLeaderState(104)) - ad3886cc-8cf9-46e9-a9d5-925411a00d68: shutdown LeaderState
2019-09-19 08:59:16,561 [ForkJoinPool.commonPool-worker-0] INFO  impl.PendingRequests (PendingRequests.java:sendNotLeaderResponses(202)) - a1d91341-8f9e-4ad5-9509-8a616163aa58-PendingRequests: sendNotLeaderResponses
2019-09-19 08:59:16,562 [main] INFO  impl.PendingRequests (PendingRequests.java:sendNotLeaderResponses(202)) - ad3886cc-8cf9-46e9-a9d5-925411a00d68-PendingRequests: sendNotLeaderResponses
2019-09-19 08:59:16,562 [ForkJoinPool.commonPool-worker-0] INFO  impl.StateMachineUpdater (StateMachineUpdater.java:stopAndJoin(115)) - StateMachineUpdater:a1d91341-8f9e-4ad5-9509-8a616163aa58:group-075B857FF349: set stopIndex = 0
2019-09-19 08:59:16,562 [main] INFO  impl.StateMachineUpdater (StateMachineUpdater.java:stopAndJoin(115)) - StateMachineUpdater:ad3886cc-8cf9-46e9-a9d5-925411a00d68:group-530A3BE724B9: set stopIndex = 0
2019-09-19 08:59:16,563 [ForkJoinPool.commonPool-worker-0] INFO  impl.RaftServerImpl (ServerState.java:close(394)) - a1d91341-8f9e-4ad5-9509-8a616163aa58:group-075B857FF349 closes. The last applied log index is 0
2019-09-19 08:59:16,563 [main] INFO  impl.RaftServerImpl (ServerState.java:close(394)) - ad3886cc-8cf9-46e9-a9d5-925411a00d68:group-530A3BE724B9 closes. The last applied log index is 0
2019-09-19 08:59:16,564 [a1d91341-8f9e-4ad5-9509-8a616163aa58-SegmentedRaftLogWorker:Storage Directory /workdir/hadoop-ozone/integration-test/target/test-dir/MiniOzoneClusterImpl-66e2a49b-37e1-46c5-a16c-3b22c3c736b2/datanode-0/data/ratis/84543256-fb0b-40d8-89a3-075b857ff349] INFO  segmented.SegmentedRaftLogWorker (SegmentedRaftLogWorker.java:run(313)) - a1d91341-8f9e-4ad5-9509-8a616163aa58-SegmentedRaftLogWorker:Storage Directory /workdir/hadoop-ozone/integration-test/target/test-dir/MiniOzoneClusterImpl-66e2a49b-37e1-46c5-a16c-3b22c3c736b2/datanode-0/data/ratis/84543256-fb0b-40d8-89a3-075b857ff349 was interrupted, exiting. There are 0 tasks remaining in the queue.
2019-09-19 08:59:16,564 [ad3886cc-8cf9-46e9-a9d5-925411a00d68-SegmentedRaftLogWorker:Storage Directory /workdir/hadoop-ozone/integration-test/target/test-dir/MiniOzoneClusterImpl-66e2a49b-37e1-46c5-a16c-3b22c3c736b2/datanode-4/data/ratis/95d14de9-e7f5-4f3c-83a9-530a3be724b9] INFO  segmented.SegmentedRaftLogWorker (SegmentedRaftLogWorker.java:run(313)) - ad3886cc-8cf9-46e9-a9d5-925411a00d68-SegmentedRaftLogWorker:Storage Directory /workdir/hadoop-ozone/integration-test/target/test-dir/MiniOzoneClusterImpl-66e2a49b-37e1-46c5-a16c-3b22c3c736b2/datanode-4/data/ratis/95d14de9-e7f5-4f3c-83a9-530a3be724b9 was interrupted, exiting. There are 0 tasks remaining in the queue.
2019-09-19 08:59:16,564 [ForkJoinPool.commonPool-worker-0] INFO  segmented.SegmentedRaftLogWorker (SegmentedRaftLogWorker.java:close(228)) - a1d91341-8f9e-4ad5-9509-8a616163aa58-SegmentedRaftLogWorker:Storage Directory /workdir/hadoop-ozone/integration-test/target/test-dir/MiniOzoneClusterImpl-66e2a49b-37e1-46c5-a16c-3b22c3c736b2/datanode-0/data/ratis/84543256-fb0b-40d8-89a3-075b857ff349 close()
2019-09-19 08:59:16,564 [main] INFO  segmented.SegmentedRaftLogWorker (SegmentedRaftLogWorker.java:close(228)) - ad3886cc-8cf9-46e9-a9d5-925411a00d68-SegmentedRaftLogWorker:Storage Directory /workdir/hadoop-ozone/integration-test/target/test-dir/MiniOzoneClusterImpl-66e2a49b-37e1-46c5-a16c-3b22c3c736b2/datanode-4/data/ratis/95d14de9-e7f5-4f3c-83a9-530a3be724b9 close()
2019-09-19 08:59:16,565 [ForkJoinPool.commonPool-worker-0] INFO  server.GrpcService (GrpcService.java:closeImpl(155)) - a1d91341-8f9e-4ad5-9509-8a616163aa58: shutdown server with port 42287 now
2019-09-19 08:59:16,565 [main] INFO  server.GrpcService (GrpcService.java:closeImpl(155)) - ad3886cc-8cf9-46e9-a9d5-925411a00d68: shutdown server with port 33007 now
2019-09-19 08:59:16,567 [ForkJoinPool.commonPool-worker-0] INFO  server.GrpcService (GrpcService.java:closeImpl(163)) - a1d91341-8f9e-4ad5-9509-8a616163aa58: shutdown server with port 42287 successfully
2019-09-19 08:59:16,568 [main] INFO  server.GrpcService (GrpcService.java:closeImpl(163)) - ad3886cc-8cf9-46e9-a9d5-925411a00d68: shutdown server with port 33007 successfully
2019-09-19 08:59:16,570 [ForkJoinPool.commonPool-worker-0] INFO  utils.BackgroundService (BackgroundService.java:shutdown(148)) - Shutting down service BlockDeletingService
2019-09-19 08:59:16,571 [refreshUsed-/workdir/hadoop-ozone/integration-test/target/test-dir/MiniOzoneClusterImpl-66e2a49b-37e1-46c5-a16c-3b22c3c736b2/datanode-0/data/containers] WARN  fs.CachingGetSpaceUsed (CachingGetSpaceUsed.java:run(183)) - Thread Interrupted waiting to refresh disk information: sleep interrupted
2019-09-19 08:59:16,571 [main] INFO  utils.BackgroundService (BackgroundService.java:shutdown(148)) - Shutting down service BlockDeletingService
2019-09-19 08:59:16,576 [refreshUsed-/workdir/hadoop-ozone/integration-test/target/test-dir/MiniOzoneClusterImpl-66e2a49b-37e1-46c5-a16c-3b22c3c736b2/datanode-4/data/containers] WARN  fs.CachingGetSpaceUsed (CachingGetSpaceUsed.java:run(183)) - Thread Interrupted waiting to refresh disk information: sleep interrupted
2019-09-19 08:59:16,592 [ForkJoinPool.commonPool-worker-0] INFO  statemachine.DatanodeStateMachine (DatanodeStateMachine.java:stopDaemon(395)) - Ozone container server stopped.
2019-09-19 08:59:16,594 [ForkJoinPool.commonPool-worker-0] INFO  handler.ContextHandler (ContextHandler.java:doStop(910)) - Stopped o.e.j.w.WebAppContext@75b363c3{/,null,UNAVAILABLE}{/hddsDatanode}
2019-09-19 08:59:16,595 [ForkJoinPool.commonPool-worker-0] INFO  server.AbstractConnector (AbstractConnector.java:doStop(318)) - Stopped ServerConnector@6ea3a513{HTTP/1.1,[http/1.1]}{0.0.0.0:0}
2019-09-19 08:59:16,595 [ForkJoinPool.commonPool-worker-0] INFO  handler.ContextHandler (ContextHandler.java:doStop(910)) - Stopped o.e.j.s.ServletContextHandler@73d91faf{/static,jar:file:/home/user/.m2/repository/org/apache/hadoop/hadoop-hdds-container-service/0.5.0-SNAPSHOT/hadoop-hdds-container-service-0.5.0-SNAPSHOT.jar!/webapps/static,UNAVAILABLE}
2019-09-19 08:59:16,597 [main] INFO  statemachine.DatanodeStateMachine (DatanodeStateMachine.java:stopDaemon(395)) - Ozone container server stopped.
2019-09-19 08:59:16,597 [ForkJoinPool.commonPool-worker-0] INFO  handler.ContextHandler (ContextHandler.java:doStop(910)) - Stopped o.e.j.s.ServletContextHandler@3bcc8f13{/logs,file:///workdir/hadoop-ozone/integration-test/target/log,UNAVAILABLE}
2019-09-19 08:59:16,599 [main] INFO  handler.ContextHandler (ContextHandler.java:doStop(910)) - Stopped o.e.j.w.WebAppContext@5709e10b{/,null,UNAVAILABLE}{/hddsDatanode}
2019-09-19 08:59:16,599 [main] INFO  server.AbstractConnector (AbstractConnector.java:doStop(318)) - Stopped ServerConnector@114badf0{HTTP/1.1,[http/1.1]}{0.0.0.0:0}
2019-09-19 08:59:16,600 [main] INFO  handler.ContextHandler (ContextHandler.java:doStop(910)) - Stopped o.e.j.s.ServletContextHandler@5e62ca19{/static,jar:file:/home/user/.m2/repository/org/apache/hadoop/hadoop-hdds-container-service/0.5.0-SNAPSHOT/hadoop-hdds-container-service-0.5.0-SNAPSHOT.jar!/webapps/static,UNAVAILABLE}
2019-09-19 08:59:16,600 [main] INFO  handler.ContextHandler (ContextHandler.java:doStop(910)) - Stopped o.e.j.s.ServletContextHandler@7ec5aad{/logs,file:///workdir/hadoop-ozone/integration-test/target/log,UNAVAILABLE}
2019-09-19 08:59:16,601 [main] INFO  ozone.MiniOzoneClusterImpl (MiniOzoneClusterImpl.java:stop(353)) - Stopping the StorageContainerManager
2019-09-19 08:59:16,601 [main] INFO  server.StorageContainerManager (StorageContainerManager.java:stop(797)) - Stopping Replication Manager Service.
2019-09-19 08:59:16,601 [main] INFO  container.ReplicationManager (ReplicationManager.java:stop(192)) - Stopping Replication Monitor Thread.
2019-09-19 08:59:16,602 [main] INFO  server.StorageContainerManager (StorageContainerManager.java:stop(804)) - Stopping Lease Manager of the command watchers
2019-09-19 08:59:16,602 [main] INFO  server.StorageContainerManager (StorageContainerManager.java:stop(811)) - Stopping datanode service RPC server
2019-09-19 08:59:16,602 [main] INFO  server.SCMDatanodeProtocolServer (SCMDatanodeProtocolServer.java:stop(367)) - Stopping the RPC server for DataNodes
2019-09-19 08:59:16,602 [main] INFO  ipc.Server (Server.java:stop(3082)) - Stopping server on 43272
2019-09-19 08:59:16,603 [IPC Server listener on 43272] INFO  ipc.Server (Server.java:run(1185)) - Stopping IPC Server listener on 43272
2019-09-19 08:59:16,604 [IPC Server Responder] INFO  ipc.Server (Server.java:run(1319)) - Stopping IPC Server Responder
2019-09-19 08:59:16,627 [SCM Heartbeat Processing Thread - 0] WARN  node.NodeStateManager (NodeStateManager.java:scheduleNextHealthCheck(655)) - Current Thread is interrupted, shutting down HB processing thread for Node Manager.
2019-09-19 08:59:16,627 [main] INFO  server.StorageContainerManager (StorageContainerManager.java:stop(819)) - Stopping block service RPC server
2019-09-19 08:59:16,627 [main] INFO  server.SCMBlockProtocolServer (SCMBlockProtocolServer.java:stop(148)) - Stopping the RPC server for Block Protocol
2019-09-19 08:59:16,627 [main] INFO  ipc.Server (Server.java:stop(3082)) - Stopping server on 42406
2019-09-19 08:59:16,629 [IPC Server listener on 42406] INFO  ipc.Server (Server.java:run(1185)) - Stopping IPC Server listener on 42406
2019-09-19 08:59:16,629 [main] INFO  server.StorageContainerManager (StorageContainerManager.java:stop(826)) - Stopping the StorageContainerLocationProtocol RPC server
2019-09-19 08:59:16,629 [IPC Server Responder] INFO  ipc.Server (Server.java:run(1319)) - Stopping IPC Server Responder
2019-09-19 08:59:16,629 [main] INFO  server.SCMClientProtocolServer (SCMClientProtocolServer.java:stop(159)) - Stopping the RPC server for Client Protocol
2019-09-19 08:59:16,630 [main] INFO  ipc.Server (Server.java:stop(3082)) - Stopping server on 39129
2019-09-19 08:59:16,631 [IPC Server listener on 39129] INFO  ipc.Server (Server.java:run(1185)) - Stopping IPC Server listener on 39129
2019-09-19 08:59:16,632 [IPC Server Responder] INFO  ipc.Server (Server.java:run(1319)) - Stopping IPC Server Responder
2019-09-19 08:59:16,631 [main] INFO  server.StorageContainerManager (StorageContainerManager.java:stop(833)) - Stopping Storage Container Manager HTTP server.
2019-09-19 08:59:16,633 [main] INFO  handler.ContextHandler (ContextHandler.java:doStop(910)) - Stopped o.e.j.w.WebAppContext@49e0b123{/,null,UNAVAILABLE}{/scm}
2019-09-19 08:59:16,634 [main] INFO  server.AbstractConnector (AbstractConnector.java:doStop(318)) - Stopped ServerConnector@2e85e3f1{HTTP/1.1,[http/1.1]}{0.0.0.0:0}
2019-09-19 08:59:16,634 [main] INFO  handler.ContextHandler (ContextHandler.java:doStop(910)) - Stopped o.e.j.s.ServletContextHandler@56872fcb{/static,file:///workdir/hadoop-ozone/integration-test/target/test-classes/webapps/static,UNAVAILABLE}
2019-09-19 08:59:16,635 [main] INFO  handler.ContextHandler (ContextHandler.java:doStop(910)) - Stopped o.e.j.s.ServletContextHandler@716ae973{/logs,file:///workdir/hadoop-ozone/integration-test/target/log,UNAVAILABLE}
2019-09-19 08:59:16,636 [main] INFO  server.StorageContainerManager (StorageContainerManager.java:stop(844)) - Stopping Block Manager Service.
2019-09-19 08:59:16,636 [main] INFO  utils.BackgroundService (BackgroundService.java:shutdown(148)) - Shutting down service SCMBlockDeletingService
2019-09-19 08:59:16,636 [main] INFO  utils.BackgroundService (BackgroundService.java:shutdown(148)) - Shutting down service SCMBlockDeletingService
2019-09-19 08:59:16,636 [main] INFO  server.StorageContainerManager (StorageContainerManager.java:stop(866)) - Stopping SCM Event Queue.
2019-09-19 08:59:16,639 [main] INFO  impl.MetricsSystemImpl (MetricsSystemImpl.java:stop(210)) - Stopping HddsDatanode metrics system...
2019-09-19 08:59:16,649 [main] INFO  impl.MetricsSystemImpl (MetricsSystemImpl.java:stop(216)) - HddsDatanode metrics system stopped.
]]></system-out>
    <system-err><![CDATA[Sep 19, 2019 8:58:54 AM com.sun.jersey.server.impl.application.WebApplicationImpl _initiate
INFO: Initiating Jersey application, version 'Jersey: 1.19 02/11/2015 03:25 AM'
Sep 19, 2019 8:58:54 AM com.sun.jersey.server.impl.application.WebApplicationImpl _initiate
INFO: Initiating Jersey application, version 'Jersey: 1.19 02/11/2015 03:25 AM'
Sep 19, 2019 8:58:55 AM com.sun.jersey.server.impl.application.WebApplicationImpl _initiate
INFO: Initiating Jersey application, version 'Jersey: 1.19 02/11/2015 03:25 AM'
Sep 19, 2019 8:58:55 AM com.sun.jersey.server.impl.application.WebApplicationImpl _initiate
INFO: Initiating Jersey application, version 'Jersey: 1.19 02/11/2015 03:25 AM'
Sep 19, 2019 8:58:55 AM com.sun.jersey.server.impl.application.WebApplicationImpl _initiate
INFO: Initiating Jersey application, version 'Jersey: 1.19 02/11/2015 03:25 AM'
Sep 19, 2019 8:58:55 AM com.sun.jersey.server.impl.application.WebApplicationImpl _initiate
INFO: Initiating Jersey application, version 'Jersey: 1.19 02/11/2015 03:25 AM'
]]></system-err>
  </testcase>
</testsuite>