<?xml version="1.0" encoding="UTF-8"?>
<testsuite xmlns:xsi="http://www.w3.org/2001/XMLSchema-instance" xsi:noNamespaceSchemaLocation="https://maven.apache.org/surefire/maven-surefire-plugin/xsd/surefire-test-report.xsd" name="org.apache.hadoop.ozone.client.rpc.TestHybridPipelineOnDatanode" time="42.902" tests="1" errors="1" skipped="0" failures="0">
  <properties>
    <property name="awt.toolkit" value="sun.awt.X11.XToolkit"/>
    <property name="file.encoding.pkg" value="sun.io"/>
    <property name="java.specification.version" value="1.8"/>
    <property name="sun.cpu.isalist" value=""/>
    <property name="sun.jnu.encoding" value="UTF-8"/>
    <property name="java.class.path" value="/workdir/hadoop-ozone/integration-test/target/test-classes:/workdir/hadoop-ozone/integration-test/target/classes:/home/user/.m2/repository/org/apache/hadoop/hadoop-ozone-common/0.5.0-SNAPSHOT/hadoop-ozone-common-0.5.0-SNAPSHOT.jar:/home/user/.m2/repository/org/apache/commons/commons-compress/1.4.1/commons-compress-1.4.1.jar:/home/user/.m2/repository/org/tukaani/xz/1.0/xz-1.0.jar:/home/user/.m2/repository/org/apache/hadoop/hadoop-common/3.2.0/hadoop-common-3.2.0.jar:/home/user/.m2/repository/org/apache/hadoop/hadoop-hdfs/3.2.0/hadoop-hdfs-3.2.0.jar:/home/user/.m2/repository/org/apache/hadoop/hadoop-hdfs-client/3.2.0/hadoop-hdfs-client-3.2.0.jar:/home/user/.m2/repository/com/fasterxml/jackson/core/jackson-annotations/2.9.5/jackson-annotations-2.9.5.jar:/home/user/.m2/repository/org/apache/hadoop/hadoop-hdds-common/0.5.0-SNAPSHOT/hadoop-hdds-common-0.5.0-SNAPSHOT.jar:/home/user/.m2/repository/javax/annotation/javax.annotation-api/1.2/javax.annotation-api-1.2.jar:/home/user/.m2/repository/org/apache/ratis/ratis-server/0.4.0-2337318-SNAPSHOT/ratis-server-0.4.0-2337318-SNAPSHOT.jar:/home/user/.m2/repository/org/apache/ratis/ratis-thirdparty-misc/0.2.0/ratis-thirdparty-misc-0.2.0.jar:/home/user/.m2/repository/org/apache/ratis/ratis-proto/0.4.0-2337318-SNAPSHOT/ratis-proto-0.4.0-2337318-SNAPSHOT.jar:/home/user/.m2/repository/org/apache/ratis/ratis-common/0.4.0-2337318-SNAPSHOT/ratis-common-0.4.0-2337318-SNAPSHOT.jar:/home/user/.m2/repository/org/apache/ratis/ratis-client/0.4.0-2337318-SNAPSHOT/ratis-client-0.4.0-2337318-SNAPSHOT.jar:/home/user/.m2/repository/org/apache/ratis/ratis-metrics/0.4.0-2337318-SNAPSHOT/ratis-metrics-0.4.0-2337318-SNAPSHOT.jar:/home/user/.m2/repository/org/apache/ratis/ratis-netty/0.4.0-2337318-SNAPSHOT/ratis-netty-0.4.0-2337318-SNAPSHOT.jar:/home/user/.m2/repository/org/apache/ratis/ratis-grpc/0.4.0-2337318-SNAPSHOT/ratis-grpc-0.4.0-2337318-SNAPSHOT.jar:/home/user/.m2/repository/org/rocksdb/rocksdbjni/6.0.1/rocksdbjni-6.0.1.jar:/home/user/.m2/repository/org/apache/logging/log4j/log4j-api/2.11.0/log4j-api-2.11.0.jar:/home/user/.m2/repository/org/apache/logging/log4j/log4j-core/2.11.0/log4j-core-2.11.0.jar:/home/user/.m2/repository/com/lmax/disruptor/3.4.2/disruptor-3.4.2.jar:/home/user/.m2/repository/org/apache/commons/commons-pool2/2.6.0/commons-pool2-2.6.0.jar:/home/user/.m2/repository/org/bouncycastle/bcpkix-jdk15on/1.60/bcpkix-jdk15on-1.60.jar:/home/user/.m2/repository/commons-validator/commons-validator/1.6/commons-validator-1.6.jar:/home/user/.m2/repository/commons-digester/commons-digester/1.8.1/commons-digester-1.8.1.jar:/home/user/.m2/repository/io/jaegertracing/jaeger-client/0.33.1/jaeger-client-0.33.1.jar:/home/user/.m2/repository/io/jaegertracing/jaeger-thrift/0.33.1/jaeger-thrift-0.33.1.jar:/home/user/.m2/repository/org/apache/thrift/libthrift/0.11.0/libthrift-0.11.0.jar:/home/user/.m2/repository/com/squareup/okhttp3/okhttp/3.9.0/okhttp-3.9.0.jar:/home/user/.m2/repository/com/squareup/okio/okio/1.13.0/okio-1.13.0.jar:/home/user/.m2/repository/io/jaegertracing/jaeger-core/0.33.1/jaeger-core-0.33.1.jar:/home/user/.m2/repository/io/jaegertracing/jaeger-tracerresolver/0.33.1/jaeger-tracerresolver-0.33.1.jar:/home/user/.m2/repository/io/opentracing/contrib/opentracing-tracerresolver/0.1.5/opentracing-tracerresolver-0.1.5.jar:/home/user/.m2/repository/io/opentracing/opentracing-util/0.31.0/opentracing-util-0.31.0.jar:/home/user/.m2/repository/io/opentracing/opentracing-api/0.31.0/opentracing-api-0.31.0.jar:/home/user/.m2/repository/io/opentracing/opentracing-noop/0.31.0/opentracing-noop-0.31.0.jar:/home/user/.m2/repository/org/apache/hadoop/hadoop-hdds-server-framework/0.5.0-SNAPSHOT/hadoop-hdds-server-framework-0.5.0-SNAPSHOT.jar:/home/user/.m2/repository/org/apache/hadoop/hadoop-hdds-container-service/0.5.0-SNAPSHOT/hadoop-hdds-container-service-0.5.0-SNAPSHOT.jar:/home/user/.m2/repository/org/apache/hadoop/hadoop-hdds-client/0.5.0-SNAPSHOT/hadoop-hdds-client-0.5.0-SNAPSHOT.jar:/home/user/.m2/repository/org/apache/hadoop/hadoop-hdds-tools/0.5.0-SNAPSHOT/hadoop-hdds-tools-0.5.0-SNAPSHOT.jar:/home/user/.m2/repository/org/apache/hadoop/hadoop-hdds-server-scm/0.5.0-SNAPSHOT/hadoop-hdds-server-scm-0.5.0-SNAPSHOT.jar:/home/user/.m2/repository/org/apache/hadoop/hadoop-hdds-docs/0.5.0-SNAPSHOT/hadoop-hdds-docs-0.5.0-SNAPSHOT.jar:/home/user/.m2/repository/io/dropwizard/metrics/metrics-core/3.2.4/metrics-core-3.2.4.jar:/home/user/.m2/repository/org/hamcrest/hamcrest-all/1.3/hamcrest-all-1.3.jar:/home/user/.m2/repository/org/bouncycastle/bcprov-jdk15on/1.60/bcprov-jdk15on-1.60.jar:/home/user/.m2/repository/info/picocli/picocli/3.9.6/picocli-3.9.6.jar:/home/user/.m2/repository/com/google/protobuf/protobuf-java/2.5.0/protobuf-java-2.5.0.jar:/home/user/.m2/repository/com/google/guava/guava/11.0.2/guava-11.0.2.jar:/home/user/.m2/repository/org/apache/hadoop/hadoop-ozone-ozone-manager/0.5.0-SNAPSHOT/hadoop-ozone-ozone-manager-0.5.0-SNAPSHOT.jar:/home/user/.m2/repository/org/apache/hadoop/hadoop-minikdc/3.2.0/hadoop-minikdc-3.2.0.jar:/home/user/.m2/repository/commons-io/commons-io/2.5/commons-io-2.5.jar:/home/user/.m2/repository/org/apache/kerby/kerb-simplekdc/1.0.1/kerb-simplekdc-1.0.1.jar:/home/user/.m2/repository/org/apache/kerby/kerb-client/1.0.1/kerb-client-1.0.1.jar:/home/user/.m2/repository/org/apache/kerby/kerby-config/1.0.1/kerby-config-1.0.1.jar:/home/user/.m2/repository/org/apache/kerby/kerb-core/1.0.1/kerb-core-1.0.1.jar:/home/user/.m2/repository/org/apache/kerby/kerby-pkix/1.0.1/kerby-pkix-1.0.1.jar:/home/user/.m2/repository/org/apache/kerby/kerby-asn1/1.0.1/kerby-asn1-1.0.1.jar:/home/user/.m2/repository/org/apache/kerby/kerby-util/1.0.1/kerby-util-1.0.1.jar:/home/user/.m2/repository/org/apache/kerby/kerb-common/1.0.1/kerb-common-1.0.1.jar:/home/user/.m2/repository/org/apache/kerby/kerb-crypto/1.0.1/kerb-crypto-1.0.1.jar:/home/user/.m2/repository/org/apache/kerby/kerb-util/1.0.1/kerb-util-1.0.1.jar:/home/user/.m2/repository/org/apache/kerby/token-provider/1.0.1/token-provider-1.0.1.jar:/home/user/.m2/repository/org/apache/kerby/kerb-admin/1.0.1/kerb-admin-1.0.1.jar:/home/user/.m2/repository/org/apache/kerby/kerb-server/1.0.1/kerb-server-1.0.1.jar:/home/user/.m2/repository/org/apache/kerby/kerb-identity/1.0.1/kerb-identity-1.0.1.jar:/home/user/.m2/repository/org/apache/kerby/kerby-xdr/1.0.1/kerby-xdr-1.0.1.jar:/home/user/.m2/repository/org/slf4j/slf4j-log4j12/1.7.25/slf4j-log4j12-1.7.25.jar:/home/user/.m2/repository/org/apache/hadoop/hadoop-ozone-objectstore-service/0.5.0-SNAPSHOT/hadoop-ozone-objectstore-service-0.5.0-SNAPSHOT.jar:/home/user/.m2/repository/org/apache/hadoop/hadoop-ozone-s3gateway/0.5.0-SNAPSHOT/hadoop-ozone-s3gateway-0.5.0-SNAPSHOT.jar:/home/user/.m2/repository/org/jboss/weld/servlet/weld-servlet/2.4.7.Final/weld-servlet-2.4.7.Final.jar:/home/user/.m2/repository/org/glassfish/jersey/containers/jersey-container-servlet-core/2.27/jersey-container-servlet-core-2.27.jar:/home/user/.m2/repository/org/glassfish/hk2/external/javax.inject/2.5.0-b42/javax.inject-2.5.0-b42.jar:/home/user/.m2/repository/org/glassfish/jersey/core/jersey-common/2.27/jersey-common-2.27.jar:/home/user/.m2/repository/org/glassfish/hk2/osgi-resource-locator/1.0.1/osgi-resource-locator-1.0.1.jar:/home/user/.m2/repository/javax/ws/rs/javax.ws.rs-api/2.1/javax.ws.rs-api-2.1.jar:/home/user/.m2/repository/org/glassfish/jersey/ext/cdi/jersey-cdi1x/2.27/jersey-cdi1x-2.27.jar:/home/user/.m2/repository/org/glassfish/jersey/inject/jersey-hk2/2.27/jersey-hk2-2.27.jar:/home/user/.m2/repository/org/glassfish/hk2/hk2-locator/2.5.0-b42/hk2-locator-2.5.0-b42.jar:/home/user/.m2/repository/org/javassist/javassist/3.22.0-CR2/javassist-3.22.0-CR2.jar:/home/user/.m2/repository/org/glassfish/hk2/hk2-api/2.5.0/hk2-api-2.5.0.jar:/home/user/.m2/repository/org/glassfish/hk2/external/jakarta.inject/2.5.0/jakarta.inject-2.5.0.jar:/home/user/.m2/repository/org/glassfish/hk2/hk2-utils/2.5.0/hk2-utils-2.5.0.jar:/home/user/.m2/repository/jakarta/annotation/jakarta.annotation-api/1.3.4/jakarta.annotation-api-1.3.4.jar:/home/user/.m2/repository/org/glassfish/hk2/external/aopalliance-repackaged/2.5.0/aopalliance-repackaged-2.5.0.jar:/home/user/.m2/repository/com/fasterxml/jackson/dataformat/jackson-dataformat-xml/2.9.0/jackson-dataformat-xml-2.9.0.jar:/home/user/.m2/repository/com/fasterxml/jackson/core/jackson-core/2.9.5/jackson-core-2.9.5.jar:/home/user/.m2/repository/com/fasterxml/jackson/module/jackson-module-jaxb-annotations/2.9.5/jackson-module-jaxb-annotations-2.9.5.jar:/home/user/.m2/repository/javax/enterprise/cdi-api/1.2/cdi-api-1.2.jar:/home/user/.m2/repository/javax/el/javax.el-api/3.0.0/javax.el-api-3.0.0.jar:/home/user/.m2/repository/javax/interceptor/javax.interceptor-api/1.2/javax.interceptor-api-1.2.jar:/home/user/.m2/repository/javax/inject/javax.inject/1/javax.inject-1.jar:/home/user/.m2/repository/com/sun/xml/bind/jaxb-impl/2.3.0.1/jaxb-impl-2.3.0.1.jar:/home/user/.m2/repository/com/sun/xml/bind/jaxb-core/2.3.0.1/jaxb-core-2.3.0.1.jar:/home/user/.m2/repository/javax/xml/bind/jaxb-api/2.3.0/jaxb-api-2.3.0.jar:/home/user/.m2/repository/javax/activation/activation/1.1.1/activation-1.1.1.jar:/home/user/.m2/repository/org/apache/hadoop/hadoop-ozone-csi/0.5.0-SNAPSHOT/hadoop-ozone-csi-0.5.0-SNAPSHOT.jar:/home/user/.m2/repository/com/google/protobuf/protobuf-java-util/3.5.1/protobuf-java-util-3.5.1.jar:/home/user/.m2/repository/org/apache/hadoop/hadoop-hdds-config/0.5.0-SNAPSHOT/hadoop-hdds-config-0.5.0-SNAPSHOT.jar:/home/user/.m2/repository/io/grpc/grpc-netty/1.17.1/grpc-netty-1.17.1.jar:/home/user/.m2/repository/io/grpc/grpc-core/1.17.1/grpc-core-1.17.1.jar:/home/user/.m2/repository/io/grpc/grpc-context/1.17.1/grpc-context-1.17.1.jar:/home/user/.m2/repository/com/google/errorprone/error_prone_annotations/2.2.0/error_prone_annotations-2.2.0.jar:/home/user/.m2/repository/org/codehaus/mojo/animal-sniffer-annotations/1.17/animal-sniffer-annotations-1.17.jar:/home/user/.m2/repository/io/opencensus/opencensus-api/0.17.0/opencensus-api-0.17.0.jar:/home/user/.m2/repository/io/opencensus/opencensus-contrib-grpc-metrics/0.17.0/opencensus-contrib-grpc-metrics-0.17.0.jar:/home/user/.m2/repository/io/netty/netty-codec-http2/4.1.30.Final/netty-codec-http2-4.1.30.Final.jar:/home/user/.m2/repository/io/netty/netty-codec-http/4.1.30.Final/netty-codec-http-4.1.30.Final.jar:/home/user/.m2/repository/io/netty/netty-codec/4.1.30.Final/netty-codec-4.1.30.Final.jar:/home/user/.m2/repository/io/netty/netty-handler/4.1.30.Final/netty-handler-4.1.30.Final.jar:/home/user/.m2/repository/io/netty/netty-handler-proxy/4.1.30.Final/netty-handler-proxy-4.1.30.Final.jar:/home/user/.m2/repository/io/netty/netty-codec-socks/4.1.30.Final/netty-codec-socks-4.1.30.Final.jar:/home/user/.m2/repository/io/netty/netty-transport-native-epoll/4.1.30.Final/netty-transport-native-epoll-4.1.30.Final.jar:/home/user/.m2/repository/io/netty/netty-common/4.1.30.Final/netty-common-4.1.30.Final.jar:/home/user/.m2/repository/io/netty/netty-buffer/4.1.30.Final/netty-buffer-4.1.30.Final.jar:/home/user/.m2/repository/io/netty/netty-transport/4.1.30.Final/netty-transport-4.1.30.Final.jar:/home/user/.m2/repository/io/netty/netty-resolver/4.1.30.Final/netty-resolver-4.1.30.Final.jar:/home/user/.m2/repository/io/netty/netty-transport-native-unix-common/4.1.30.Final/netty-transport-native-unix-common-4.1.30.Final.jar:/home/user/.m2/repository/io/grpc/grpc-protobuf/1.17.1/grpc-protobuf-1.17.1.jar:/home/user/.m2/repository/com/google/api/grpc/proto-google-common-protos/1.0.0/proto-google-common-protos-1.0.0.jar:/home/user/.m2/repository/io/grpc/grpc-protobuf-lite/1.17.1/grpc-protobuf-lite-1.17.1.jar:/home/user/.m2/repository/io/grpc/grpc-stub/1.17.1/grpc-stub-1.17.1.jar:/home/user/.m2/repository/org/apache/hadoop/hadoop-ozone-recon/0.5.0-SNAPSHOT/hadoop-ozone-recon-0.5.0-SNAPSHOT.jar:/home/user/.m2/repository/org/apache/hadoop/hadoop-ozone-reconcodegen/0.5.0-SNAPSHOT/hadoop-ozone-reconcodegen-0.5.0-SNAPSHOT.jar:/home/user/.m2/repository/com/google/inject/extensions/guice-multibindings/4.0/guice-multibindings-4.0.jar:/home/user/.m2/repository/com/google/inject/guice/4.0/guice-4.0.jar:/home/user/.m2/repository/aopalliance/aopalliance/1.0/aopalliance-1.0.jar:/home/user/.m2/repository/com/google/inject/extensions/guice-servlet/4.0/guice-servlet-4.0.jar:/home/user/.m2/repository/org/glassfish/jersey/containers/jersey-container-servlet/2.27/jersey-container-servlet-2.27.jar:/home/user/.m2/repository/org/glassfish/hk2/guice-bridge/2.5.0/guice-bridge-2.5.0.jar:/home/user/.m2/repository/org/glassfish/jersey/core/jersey-server/2.27/jersey-server-2.27.jar:/home/user/.m2/repository/org/glassfish/jersey/core/jersey-client/2.27/jersey-client-2.27.jar:/home/user/.m2/repository/org/glassfish/jersey/media/jersey-media-jaxb/2.27/jersey-media-jaxb-2.27.jar:/home/user/.m2/repository/javax/validation/validation-api/1.1.0.Final/validation-api-1.1.0.Final.jar:/home/user/.m2/repository/org/glassfish/jersey/media/jersey-media-json-jackson/2.27/jersey-media-json-jackson-2.27.jar:/home/user/.m2/repository/org/glassfish/jersey/ext/jersey-entity-filtering/2.27/jersey-entity-filtering-2.27.jar:/home/user/.m2/repository/com/google/inject/extensions/guice-assistedinject/4.0/guice-assistedinject-4.0.jar:/home/user/.m2/repository/org/jooq/jooq/3.11.10/jooq-3.11.10.jar:/home/user/.m2/repository/org/jooq/jooq-meta/3.11.10/jooq-meta-3.11.10.jar:/home/user/.m2/repository/org/jooq/jooq-codegen/3.11.10/jooq-codegen-3.11.10.jar:/home/user/.m2/repository/com/jolbox/bonecp/0.8.0.RELEASE/bonecp-0.8.0.RELEASE.jar:/home/user/.m2/repository/org/xerial/sqlite-jdbc/3.25.2/sqlite-jdbc-3.25.2.jar:/home/user/.m2/repository/org/springframework/spring-jdbc/5.1.3.RELEASE/spring-jdbc-5.1.3.RELEASE.jar:/home/user/.m2/repository/org/springframework/spring-beans/5.1.3.RELEASE/spring-beans-5.1.3.RELEASE.jar:/home/user/.m2/repository/org/springframework/spring-core/5.1.3.RELEASE/spring-core-5.1.3.RELEASE.jar:/home/user/.m2/repository/org/springframework/spring-jcl/5.1.3.RELEASE/spring-jcl-5.1.3.RELEASE.jar:/home/user/.m2/repository/org/springframework/spring-tx/5.1.3.RELEASE/spring-tx-5.1.3.RELEASE.jar:/home/user/.m2/repository/org/apache/hadoop/hadoop-ozone-client/0.5.0-SNAPSHOT/hadoop-ozone-client-0.5.0-SNAPSHOT.jar:/home/user/.m2/repository/commons-lang/commons-lang/2.6/commons-lang-2.6.jar:/home/user/.m2/repository/org/apache/hadoop/hadoop-ozone-ozone-manager/0.5.0-SNAPSHOT/hadoop-ozone-ozone-manager-0.5.0-SNAPSHOT-tests.jar:/home/user/.m2/repository/junit/junit/4.11/junit-4.11.jar:/home/user/.m2/repository/org/hamcrest/hamcrest-core/1.3/hamcrest-core-1.3.jar:/home/user/.m2/repository/org/openjdk/jmh/jmh-core/1.19/jmh-core-1.19.jar:/home/user/.m2/repository/net/sf/jopt-simple/jopt-simple/4.6/jopt-simple-4.6.jar:/home/user/.m2/repository/org/apache/commons/commons-math3/3.1.1/commons-math3-3.1.1.jar:/home/user/.m2/repository/org/openjdk/jmh/jmh-generator-annprocess/1.19/jmh-generator-annprocess-1.19.jar:/home/user/.m2/repository/org/mockito/mockito-all/1.8.5/mockito-all-1.8.5.jar:/home/user/.m2/repository/org/apache/hadoop/hadoop-kms/3.2.0/hadoop-kms-3.2.0.jar:/home/user/.m2/repository/org/apache/hadoop/hadoop-auth/3.2.0/hadoop-auth-3.2.0.jar:/home/user/.m2/repository/com/nimbusds/nimbus-jose-jwt/4.41.1/nimbus-jose-jwt-4.41.1.jar:/home/user/.m2/repository/com/github/stephenc/jcip/jcip-annotations/1.0-1/jcip-annotations-1.0-1.jar:/home/user/.m2/repository/net/minidev/json-smart/2.3/json-smart-2.3.jar:/home/user/.m2/repository/net/minidev/accessors-smart/1.2/accessors-smart-1.2.jar:/home/user/.m2/repository/org/ow2/asm/asm/5.0.4/asm-5.0.4.jar:/home/user/.m2/repository/org/apache/curator/curator-framework/2.12.0/curator-framework-2.12.0.jar:/home/user/.m2/repository/com/sun/jersey/jersey-core/1.19/jersey-core-1.19.jar:/home/user/.m2/repository/javax/ws/rs/jsr311-api/1.1.1/jsr311-api-1.1.1.jar:/home/user/.m2/repository/com/sun/jersey/jersey-server/1.19/jersey-server-1.19.jar:/home/user/.m2/repository/javax/servlet/javax.servlet-api/3.1.0/javax.servlet-api-3.1.0.jar:/home/user/.m2/repository/org/eclipse/jetty/jetty-server/9.3.24.v20180605/jetty-server-9.3.24.v20180605.jar:/home/user/.m2/repository/org/eclipse/jetty/jetty-http/9.3.24.v20180605/jetty-http-9.3.24.v20180605.jar:/home/user/.m2/repository/org/eclipse/jetty/jetty-io/9.3.24.v20180605/jetty-io-9.3.24.v20180605.jar:/home/user/.m2/repository/org/eclipse/jetty/jetty-webapp/9.3.24.v20180605/jetty-webapp-9.3.24.v20180605.jar:/home/user/.m2/repository/org/eclipse/jetty/jetty-xml/9.3.24.v20180605/jetty-xml-9.3.24.v20180605.jar:/home/user/.m2/repository/log4j/log4j/1.2.17/log4j-1.2.17.jar:/home/user/.m2/repository/org/slf4j/slf4j-api/1.7.25/slf4j-api-1.7.25.jar:/home/user/.m2/repository/org/slf4j/jul-to-slf4j/1.7.25/jul-to-slf4j-1.7.25.jar:/home/user/.m2/repository/org/eclipse/jetty/jetty-util/9.3.24.v20180605/jetty-util-9.3.24.v20180605.jar:/home/user/.m2/repository/com/fasterxml/jackson/core/jackson-databind/2.9.5/jackson-databind-2.9.5.jar:/home/user/.m2/repository/org/apache/hadoop/hadoop-kms/3.2.0/hadoop-kms-3.2.0-tests.jar:/home/user/.m2/repository/org/apache/hadoop/hadoop-hdds-server-scm/0.5.0-SNAPSHOT/hadoop-hdds-server-scm-0.5.0-SNAPSHOT-tests.jar:/home/user/.m2/repository/org/apache/hadoop/hadoop-hdds-container-service/0.5.0-SNAPSHOT/hadoop-hdds-container-service-0.5.0-SNAPSHOT-tests.jar:/home/user/.m2/repository/org/yaml/snakeyaml/1.16/snakeyaml-1.16.jar:/home/user/.m2/repository/org/apache/hadoop/hadoop-common/3.2.0/hadoop-common-3.2.0-tests.jar:/home/user/.m2/repository/org/apache/hadoop/hadoop-annotations/3.2.0/hadoop-annotations-3.2.0.jar:/usr/lib/jvm/java-1.8-openjdk/jre/../lib/tools.jar:/home/user/.m2/repository/commons-cli/commons-cli/1.2/commons-cli-1.2.jar:/home/user/.m2/repository/org/apache/httpcomponents/httpclient/4.5.2/httpclient-4.5.2.jar:/home/user/.m2/repository/org/apache/httpcomponents/httpcore/4.4.4/httpcore-4.4.4.jar:/home/user/.m2/repository/commons-codec/commons-codec/1.11/commons-codec-1.11.jar:/home/user/.m2/repository/commons-net/commons-net/3.6/commons-net-3.6.jar:/home/user/.m2/repository/commons-collections/commons-collections/3.2.2/commons-collections-3.2.2.jar:/home/user/.m2/repository/org/eclipse/jetty/jetty-servlet/9.3.24.v20180605/jetty-servlet-9.3.24.v20180605.jar:/home/user/.m2/repository/org/eclipse/jetty/jetty-security/9.3.24.v20180605/jetty-security-9.3.24.v20180605.jar:/home/user/.m2/repository/javax/servlet/jsp/jsp-api/2.1/jsp-api-2.1.jar:/home/user/.m2/repository/com/sun/jersey/jersey-servlet/1.19/jersey-servlet-1.19.jar:/home/user/.m2/repository/com/sun/jersey/jersey-json/1.19/jersey-json-1.19.jar:/home/user/.m2/repository/org/codehaus/jettison/jettison/1.1/jettison-1.1.jar:/home/user/.m2/repository/org/codehaus/jackson/jackson-core-asl/1.9.13/jackson-core-asl-1.9.13.jar:/home/user/.m2/repository/org/codehaus/jackson/jackson-mapper-asl/1.9.13/jackson-mapper-asl-1.9.13.jar:/home/user/.m2/repository/org/codehaus/jackson/jackson-jaxrs/1.9.13/jackson-jaxrs-1.9.13.jar:/home/user/.m2/repository/org/codehaus/jackson/jackson-xc/1.9.13/jackson-xc-1.9.13.jar:/home/user/.m2/repository/commons-logging/commons-logging/1.1.3/commons-logging-1.1.3.jar:/home/user/.m2/repository/commons-beanutils/commons-beanutils/1.9.3/commons-beanutils-1.9.3.jar:/home/user/.m2/repository/org/apache/commons/commons-configuration2/2.1.1/commons-configuration2-2.1.1.jar:/home/user/.m2/repository/org/apache/commons/commons-lang3/3.7/commons-lang3-3.7.jar:/home/user/.m2/repository/org/apache/commons/commons-text/1.4/commons-text-1.4.jar:/home/user/.m2/repository/org/apache/avro/avro/1.7.7/avro-1.7.7.jar:/home/user/.m2/repository/com/thoughtworks/paranamer/paranamer/2.3/paranamer-2.3.jar:/home/user/.m2/repository/org/xerial/snappy/snappy-java/1.0.5/snappy-java-1.0.5.jar:/home/user/.m2/repository/com/google/re2j/re2j/1.1/re2j-1.1.jar:/home/user/.m2/repository/com/google/code/gson/gson/2.2.4/gson-2.2.4.jar:/home/user/.m2/repository/com/jcraft/jsch/0.1.54/jsch-0.1.54.jar:/home/user/.m2/repository/org/apache/curator/curator-client/2.12.0/curator-client-2.12.0.jar:/home/user/.m2/repository/org/apache/curator/curator-recipes/2.12.0/curator-recipes-2.12.0.jar:/home/user/.m2/repository/com/google/code/findbugs/jsr305/3.0.0/jsr305-3.0.0.jar:/home/user/.m2/repository/org/apache/htrace/htrace-core4/4.1.0-incubating/htrace-core4-4.1.0-incubating.jar:/home/user/.m2/repository/org/apache/zookeeper/zookeeper/3.4.13/zookeeper-3.4.13.jar:/home/user/.m2/repository/org/apache/yetus/audience-annotations/0.5.0/audience-annotations-0.5.0.jar:/home/user/.m2/repository/org/codehaus/woodstox/stax2-api/3.1.4/stax2-api-3.1.4.jar:/home/user/.m2/repository/com/fasterxml/woodstox/woodstox-core/5.0.3/woodstox-core-5.0.3.jar:/home/user/.m2/repository/dnsjava/dnsjava/2.1.7/dnsjava-2.1.7.jar:/home/user/.m2/repository/org/apache/hadoop/hadoop-hdfs/3.2.0/hadoop-hdfs-3.2.0-tests.jar:/home/user/.m2/repository/org/eclipse/jetty/jetty-util-ajax/9.3.24.v20180605/jetty-util-ajax-9.3.24.v20180605.jar:/home/user/.m2/repository/commons-daemon/commons-daemon/1.0.13/commons-daemon-1.0.13.jar:/home/user/.m2/repository/io/netty/netty/3.10.5.Final/netty-3.10.5.Final.jar:/home/user/.m2/repository/io/netty/netty-all/4.0.52.Final/netty-all-4.0.52.Final.jar:/home/user/.m2/repository/org/fusesource/leveldbjni/leveldbjni-all/1.8/leveldbjni-all-1.8.jar:"/>
    <property name="java.vm.vendor" value="IcedTea"/>
    <property name="sun.arch.data.model" value="64"/>
    <property name="test.build.dir" value="/workdir/hadoop-ozone/integration-test/target/test-dir"/>
    <property name="test.cache.data" value=""/>
    <property name="java.vendor.url" value="https://icedtea.classpath.org"/>
    <property name="user.timezone" value=""/>
    <property name="java.vm.specification.version" value="1.8"/>
    <property name="os.name" value="Linux"/>
    <property name="test.build.data" value="/workdir/hadoop-ozone/integration-test/target/test-dir"/>
    <property name="user.country" value="US"/>
    <property name="sun.java.launcher" value="SUN_STANDARD"/>
    <property name="sun.boot.library.path" value="/usr/lib/jvm/java-1.8-openjdk/jre/lib/amd64"/>
    <property name="sun.java.command" value="/workdir/hadoop-ozone/integration-test/target/surefire/surefirebooter5753928925316651970.jar /workdir/hadoop-ozone/integration-test/target/surefire 2019-09-19T07-57-21_967-jvmRun1 surefire1272555758107927029tmp surefire_646633148489778472924tmp"/>
    <property name="test" value="!TestMiniChaosOzoneCluster"/>
    <property name="surefire.test.class.path" value="/workdir/hadoop-ozone/integration-test/target/test-classes:/workdir/hadoop-ozone/integration-test/target/classes:/home/user/.m2/repository/org/apache/hadoop/hadoop-ozone-common/0.5.0-SNAPSHOT/hadoop-ozone-common-0.5.0-SNAPSHOT.jar:/home/user/.m2/repository/org/apache/commons/commons-compress/1.4.1/commons-compress-1.4.1.jar:/home/user/.m2/repository/org/tukaani/xz/1.0/xz-1.0.jar:/home/user/.m2/repository/org/apache/hadoop/hadoop-common/3.2.0/hadoop-common-3.2.0.jar:/home/user/.m2/repository/org/apache/hadoop/hadoop-hdfs/3.2.0/hadoop-hdfs-3.2.0.jar:/home/user/.m2/repository/org/apache/hadoop/hadoop-hdfs-client/3.2.0/hadoop-hdfs-client-3.2.0.jar:/home/user/.m2/repository/com/fasterxml/jackson/core/jackson-annotations/2.9.5/jackson-annotations-2.9.5.jar:/home/user/.m2/repository/org/apache/hadoop/hadoop-hdds-common/0.5.0-SNAPSHOT/hadoop-hdds-common-0.5.0-SNAPSHOT.jar:/home/user/.m2/repository/javax/annotation/javax.annotation-api/1.2/javax.annotation-api-1.2.jar:/home/user/.m2/repository/org/apache/ratis/ratis-server/0.4.0-2337318-SNAPSHOT/ratis-server-0.4.0-2337318-SNAPSHOT.jar:/home/user/.m2/repository/org/apache/ratis/ratis-thirdparty-misc/0.2.0/ratis-thirdparty-misc-0.2.0.jar:/home/user/.m2/repository/org/apache/ratis/ratis-proto/0.4.0-2337318-SNAPSHOT/ratis-proto-0.4.0-2337318-SNAPSHOT.jar:/home/user/.m2/repository/org/apache/ratis/ratis-common/0.4.0-2337318-SNAPSHOT/ratis-common-0.4.0-2337318-SNAPSHOT.jar:/home/user/.m2/repository/org/apache/ratis/ratis-client/0.4.0-2337318-SNAPSHOT/ratis-client-0.4.0-2337318-SNAPSHOT.jar:/home/user/.m2/repository/org/apache/ratis/ratis-metrics/0.4.0-2337318-SNAPSHOT/ratis-metrics-0.4.0-2337318-SNAPSHOT.jar:/home/user/.m2/repository/org/apache/ratis/ratis-netty/0.4.0-2337318-SNAPSHOT/ratis-netty-0.4.0-2337318-SNAPSHOT.jar:/home/user/.m2/repository/org/apache/ratis/ratis-grpc/0.4.0-2337318-SNAPSHOT/ratis-grpc-0.4.0-2337318-SNAPSHOT.jar:/home/user/.m2/repository/org/rocksdb/rocksdbjni/6.0.1/rocksdbjni-6.0.1.jar:/home/user/.m2/repository/org/apache/logging/log4j/log4j-api/2.11.0/log4j-api-2.11.0.jar:/home/user/.m2/repository/org/apache/logging/log4j/log4j-core/2.11.0/log4j-core-2.11.0.jar:/home/user/.m2/repository/com/lmax/disruptor/3.4.2/disruptor-3.4.2.jar:/home/user/.m2/repository/org/apache/commons/commons-pool2/2.6.0/commons-pool2-2.6.0.jar:/home/user/.m2/repository/org/bouncycastle/bcpkix-jdk15on/1.60/bcpkix-jdk15on-1.60.jar:/home/user/.m2/repository/commons-validator/commons-validator/1.6/commons-validator-1.6.jar:/home/user/.m2/repository/commons-digester/commons-digester/1.8.1/commons-digester-1.8.1.jar:/home/user/.m2/repository/io/jaegertracing/jaeger-client/0.33.1/jaeger-client-0.33.1.jar:/home/user/.m2/repository/io/jaegertracing/jaeger-thrift/0.33.1/jaeger-thrift-0.33.1.jar:/home/user/.m2/repository/org/apache/thrift/libthrift/0.11.0/libthrift-0.11.0.jar:/home/user/.m2/repository/com/squareup/okhttp3/okhttp/3.9.0/okhttp-3.9.0.jar:/home/user/.m2/repository/com/squareup/okio/okio/1.13.0/okio-1.13.0.jar:/home/user/.m2/repository/io/jaegertracing/jaeger-core/0.33.1/jaeger-core-0.33.1.jar:/home/user/.m2/repository/io/jaegertracing/jaeger-tracerresolver/0.33.1/jaeger-tracerresolver-0.33.1.jar:/home/user/.m2/repository/io/opentracing/contrib/opentracing-tracerresolver/0.1.5/opentracing-tracerresolver-0.1.5.jar:/home/user/.m2/repository/io/opentracing/opentracing-util/0.31.0/opentracing-util-0.31.0.jar:/home/user/.m2/repository/io/opentracing/opentracing-api/0.31.0/opentracing-api-0.31.0.jar:/home/user/.m2/repository/io/opentracing/opentracing-noop/0.31.0/opentracing-noop-0.31.0.jar:/home/user/.m2/repository/org/apache/hadoop/hadoop-hdds-server-framework/0.5.0-SNAPSHOT/hadoop-hdds-server-framework-0.5.0-SNAPSHOT.jar:/home/user/.m2/repository/org/apache/hadoop/hadoop-hdds-container-service/0.5.0-SNAPSHOT/hadoop-hdds-container-service-0.5.0-SNAPSHOT.jar:/home/user/.m2/repository/org/apache/hadoop/hadoop-hdds-client/0.5.0-SNAPSHOT/hadoop-hdds-client-0.5.0-SNAPSHOT.jar:/home/user/.m2/repository/org/apache/hadoop/hadoop-hdds-tools/0.5.0-SNAPSHOT/hadoop-hdds-tools-0.5.0-SNAPSHOT.jar:/home/user/.m2/repository/org/apache/hadoop/hadoop-hdds-server-scm/0.5.0-SNAPSHOT/hadoop-hdds-server-scm-0.5.0-SNAPSHOT.jar:/home/user/.m2/repository/org/apache/hadoop/hadoop-hdds-docs/0.5.0-SNAPSHOT/hadoop-hdds-docs-0.5.0-SNAPSHOT.jar:/home/user/.m2/repository/io/dropwizard/metrics/metrics-core/3.2.4/metrics-core-3.2.4.jar:/home/user/.m2/repository/org/hamcrest/hamcrest-all/1.3/hamcrest-all-1.3.jar:/home/user/.m2/repository/org/bouncycastle/bcprov-jdk15on/1.60/bcprov-jdk15on-1.60.jar:/home/user/.m2/repository/info/picocli/picocli/3.9.6/picocli-3.9.6.jar:/home/user/.m2/repository/com/google/protobuf/protobuf-java/2.5.0/protobuf-java-2.5.0.jar:/home/user/.m2/repository/com/google/guava/guava/11.0.2/guava-11.0.2.jar:/home/user/.m2/repository/org/apache/hadoop/hadoop-ozone-ozone-manager/0.5.0-SNAPSHOT/hadoop-ozone-ozone-manager-0.5.0-SNAPSHOT.jar:/home/user/.m2/repository/org/apache/hadoop/hadoop-minikdc/3.2.0/hadoop-minikdc-3.2.0.jar:/home/user/.m2/repository/commons-io/commons-io/2.5/commons-io-2.5.jar:/home/user/.m2/repository/org/apache/kerby/kerb-simplekdc/1.0.1/kerb-simplekdc-1.0.1.jar:/home/user/.m2/repository/org/apache/kerby/kerb-client/1.0.1/kerb-client-1.0.1.jar:/home/user/.m2/repository/org/apache/kerby/kerby-config/1.0.1/kerby-config-1.0.1.jar:/home/user/.m2/repository/org/apache/kerby/kerb-core/1.0.1/kerb-core-1.0.1.jar:/home/user/.m2/repository/org/apache/kerby/kerby-pkix/1.0.1/kerby-pkix-1.0.1.jar:/home/user/.m2/repository/org/apache/kerby/kerby-asn1/1.0.1/kerby-asn1-1.0.1.jar:/home/user/.m2/repository/org/apache/kerby/kerby-util/1.0.1/kerby-util-1.0.1.jar:/home/user/.m2/repository/org/apache/kerby/kerb-common/1.0.1/kerb-common-1.0.1.jar:/home/user/.m2/repository/org/apache/kerby/kerb-crypto/1.0.1/kerb-crypto-1.0.1.jar:/home/user/.m2/repository/org/apache/kerby/kerb-util/1.0.1/kerb-util-1.0.1.jar:/home/user/.m2/repository/org/apache/kerby/token-provider/1.0.1/token-provider-1.0.1.jar:/home/user/.m2/repository/org/apache/kerby/kerb-admin/1.0.1/kerb-admin-1.0.1.jar:/home/user/.m2/repository/org/apache/kerby/kerb-server/1.0.1/kerb-server-1.0.1.jar:/home/user/.m2/repository/org/apache/kerby/kerb-identity/1.0.1/kerb-identity-1.0.1.jar:/home/user/.m2/repository/org/apache/kerby/kerby-xdr/1.0.1/kerby-xdr-1.0.1.jar:/home/user/.m2/repository/org/slf4j/slf4j-log4j12/1.7.25/slf4j-log4j12-1.7.25.jar:/home/user/.m2/repository/org/apache/hadoop/hadoop-ozone-objectstore-service/0.5.0-SNAPSHOT/hadoop-ozone-objectstore-service-0.5.0-SNAPSHOT.jar:/home/user/.m2/repository/org/apache/hadoop/hadoop-ozone-s3gateway/0.5.0-SNAPSHOT/hadoop-ozone-s3gateway-0.5.0-SNAPSHOT.jar:/home/user/.m2/repository/org/jboss/weld/servlet/weld-servlet/2.4.7.Final/weld-servlet-2.4.7.Final.jar:/home/user/.m2/repository/org/glassfish/jersey/containers/jersey-container-servlet-core/2.27/jersey-container-servlet-core-2.27.jar:/home/user/.m2/repository/org/glassfish/hk2/external/javax.inject/2.5.0-b42/javax.inject-2.5.0-b42.jar:/home/user/.m2/repository/org/glassfish/jersey/core/jersey-common/2.27/jersey-common-2.27.jar:/home/user/.m2/repository/org/glassfish/hk2/osgi-resource-locator/1.0.1/osgi-resource-locator-1.0.1.jar:/home/user/.m2/repository/javax/ws/rs/javax.ws.rs-api/2.1/javax.ws.rs-api-2.1.jar:/home/user/.m2/repository/org/glassfish/jersey/ext/cdi/jersey-cdi1x/2.27/jersey-cdi1x-2.27.jar:/home/user/.m2/repository/org/glassfish/jersey/inject/jersey-hk2/2.27/jersey-hk2-2.27.jar:/home/user/.m2/repository/org/glassfish/hk2/hk2-locator/2.5.0-b42/hk2-locator-2.5.0-b42.jar:/home/user/.m2/repository/org/javassist/javassist/3.22.0-CR2/javassist-3.22.0-CR2.jar:/home/user/.m2/repository/org/glassfish/hk2/hk2-api/2.5.0/hk2-api-2.5.0.jar:/home/user/.m2/repository/org/glassfish/hk2/external/jakarta.inject/2.5.0/jakarta.inject-2.5.0.jar:/home/user/.m2/repository/org/glassfish/hk2/hk2-utils/2.5.0/hk2-utils-2.5.0.jar:/home/user/.m2/repository/jakarta/annotation/jakarta.annotation-api/1.3.4/jakarta.annotation-api-1.3.4.jar:/home/user/.m2/repository/org/glassfish/hk2/external/aopalliance-repackaged/2.5.0/aopalliance-repackaged-2.5.0.jar:/home/user/.m2/repository/com/fasterxml/jackson/dataformat/jackson-dataformat-xml/2.9.0/jackson-dataformat-xml-2.9.0.jar:/home/user/.m2/repository/com/fasterxml/jackson/core/jackson-core/2.9.5/jackson-core-2.9.5.jar:/home/user/.m2/repository/com/fasterxml/jackson/module/jackson-module-jaxb-annotations/2.9.5/jackson-module-jaxb-annotations-2.9.5.jar:/home/user/.m2/repository/javax/enterprise/cdi-api/1.2/cdi-api-1.2.jar:/home/user/.m2/repository/javax/el/javax.el-api/3.0.0/javax.el-api-3.0.0.jar:/home/user/.m2/repository/javax/interceptor/javax.interceptor-api/1.2/javax.interceptor-api-1.2.jar:/home/user/.m2/repository/javax/inject/javax.inject/1/javax.inject-1.jar:/home/user/.m2/repository/com/sun/xml/bind/jaxb-impl/2.3.0.1/jaxb-impl-2.3.0.1.jar:/home/user/.m2/repository/com/sun/xml/bind/jaxb-core/2.3.0.1/jaxb-core-2.3.0.1.jar:/home/user/.m2/repository/javax/xml/bind/jaxb-api/2.3.0/jaxb-api-2.3.0.jar:/home/user/.m2/repository/javax/activation/activation/1.1.1/activation-1.1.1.jar:/home/user/.m2/repository/org/apache/hadoop/hadoop-ozone-csi/0.5.0-SNAPSHOT/hadoop-ozone-csi-0.5.0-SNAPSHOT.jar:/home/user/.m2/repository/com/google/protobuf/protobuf-java-util/3.5.1/protobuf-java-util-3.5.1.jar:/home/user/.m2/repository/org/apache/hadoop/hadoop-hdds-config/0.5.0-SNAPSHOT/hadoop-hdds-config-0.5.0-SNAPSHOT.jar:/home/user/.m2/repository/io/grpc/grpc-netty/1.17.1/grpc-netty-1.17.1.jar:/home/user/.m2/repository/io/grpc/grpc-core/1.17.1/grpc-core-1.17.1.jar:/home/user/.m2/repository/io/grpc/grpc-context/1.17.1/grpc-context-1.17.1.jar:/home/user/.m2/repository/com/google/errorprone/error_prone_annotations/2.2.0/error_prone_annotations-2.2.0.jar:/home/user/.m2/repository/org/codehaus/mojo/animal-sniffer-annotations/1.17/animal-sniffer-annotations-1.17.jar:/home/user/.m2/repository/io/opencensus/opencensus-api/0.17.0/opencensus-api-0.17.0.jar:/home/user/.m2/repository/io/opencensus/opencensus-contrib-grpc-metrics/0.17.0/opencensus-contrib-grpc-metrics-0.17.0.jar:/home/user/.m2/repository/io/netty/netty-codec-http2/4.1.30.Final/netty-codec-http2-4.1.30.Final.jar:/home/user/.m2/repository/io/netty/netty-codec-http/4.1.30.Final/netty-codec-http-4.1.30.Final.jar:/home/user/.m2/repository/io/netty/netty-codec/4.1.30.Final/netty-codec-4.1.30.Final.jar:/home/user/.m2/repository/io/netty/netty-handler/4.1.30.Final/netty-handler-4.1.30.Final.jar:/home/user/.m2/repository/io/netty/netty-handler-proxy/4.1.30.Final/netty-handler-proxy-4.1.30.Final.jar:/home/user/.m2/repository/io/netty/netty-codec-socks/4.1.30.Final/netty-codec-socks-4.1.30.Final.jar:/home/user/.m2/repository/io/netty/netty-transport-native-epoll/4.1.30.Final/netty-transport-native-epoll-4.1.30.Final.jar:/home/user/.m2/repository/io/netty/netty-common/4.1.30.Final/netty-common-4.1.30.Final.jar:/home/user/.m2/repository/io/netty/netty-buffer/4.1.30.Final/netty-buffer-4.1.30.Final.jar:/home/user/.m2/repository/io/netty/netty-transport/4.1.30.Final/netty-transport-4.1.30.Final.jar:/home/user/.m2/repository/io/netty/netty-resolver/4.1.30.Final/netty-resolver-4.1.30.Final.jar:/home/user/.m2/repository/io/netty/netty-transport-native-unix-common/4.1.30.Final/netty-transport-native-unix-common-4.1.30.Final.jar:/home/user/.m2/repository/io/grpc/grpc-protobuf/1.17.1/grpc-protobuf-1.17.1.jar:/home/user/.m2/repository/com/google/api/grpc/proto-google-common-protos/1.0.0/proto-google-common-protos-1.0.0.jar:/home/user/.m2/repository/io/grpc/grpc-protobuf-lite/1.17.1/grpc-protobuf-lite-1.17.1.jar:/home/user/.m2/repository/io/grpc/grpc-stub/1.17.1/grpc-stub-1.17.1.jar:/home/user/.m2/repository/org/apache/hadoop/hadoop-ozone-recon/0.5.0-SNAPSHOT/hadoop-ozone-recon-0.5.0-SNAPSHOT.jar:/home/user/.m2/repository/org/apache/hadoop/hadoop-ozone-reconcodegen/0.5.0-SNAPSHOT/hadoop-ozone-reconcodegen-0.5.0-SNAPSHOT.jar:/home/user/.m2/repository/com/google/inject/extensions/guice-multibindings/4.0/guice-multibindings-4.0.jar:/home/user/.m2/repository/com/google/inject/guice/4.0/guice-4.0.jar:/home/user/.m2/repository/aopalliance/aopalliance/1.0/aopalliance-1.0.jar:/home/user/.m2/repository/com/google/inject/extensions/guice-servlet/4.0/guice-servlet-4.0.jar:/home/user/.m2/repository/org/glassfish/jersey/containers/jersey-container-servlet/2.27/jersey-container-servlet-2.27.jar:/home/user/.m2/repository/org/glassfish/hk2/guice-bridge/2.5.0/guice-bridge-2.5.0.jar:/home/user/.m2/repository/org/glassfish/jersey/core/jersey-server/2.27/jersey-server-2.27.jar:/home/user/.m2/repository/org/glassfish/jersey/core/jersey-client/2.27/jersey-client-2.27.jar:/home/user/.m2/repository/org/glassfish/jersey/media/jersey-media-jaxb/2.27/jersey-media-jaxb-2.27.jar:/home/user/.m2/repository/javax/validation/validation-api/1.1.0.Final/validation-api-1.1.0.Final.jar:/home/user/.m2/repository/org/glassfish/jersey/media/jersey-media-json-jackson/2.27/jersey-media-json-jackson-2.27.jar:/home/user/.m2/repository/org/glassfish/jersey/ext/jersey-entity-filtering/2.27/jersey-entity-filtering-2.27.jar:/home/user/.m2/repository/com/google/inject/extensions/guice-assistedinject/4.0/guice-assistedinject-4.0.jar:/home/user/.m2/repository/org/jooq/jooq/3.11.10/jooq-3.11.10.jar:/home/user/.m2/repository/org/jooq/jooq-meta/3.11.10/jooq-meta-3.11.10.jar:/home/user/.m2/repository/org/jooq/jooq-codegen/3.11.10/jooq-codegen-3.11.10.jar:/home/user/.m2/repository/com/jolbox/bonecp/0.8.0.RELEASE/bonecp-0.8.0.RELEASE.jar:/home/user/.m2/repository/org/xerial/sqlite-jdbc/3.25.2/sqlite-jdbc-3.25.2.jar:/home/user/.m2/repository/org/springframework/spring-jdbc/5.1.3.RELEASE/spring-jdbc-5.1.3.RELEASE.jar:/home/user/.m2/repository/org/springframework/spring-beans/5.1.3.RELEASE/spring-beans-5.1.3.RELEASE.jar:/home/user/.m2/repository/org/springframework/spring-core/5.1.3.RELEASE/spring-core-5.1.3.RELEASE.jar:/home/user/.m2/repository/org/springframework/spring-jcl/5.1.3.RELEASE/spring-jcl-5.1.3.RELEASE.jar:/home/user/.m2/repository/org/springframework/spring-tx/5.1.3.RELEASE/spring-tx-5.1.3.RELEASE.jar:/home/user/.m2/repository/org/apache/hadoop/hadoop-ozone-client/0.5.0-SNAPSHOT/hadoop-ozone-client-0.5.0-SNAPSHOT.jar:/home/user/.m2/repository/commons-lang/commons-lang/2.6/commons-lang-2.6.jar:/home/user/.m2/repository/org/apache/hadoop/hadoop-ozone-ozone-manager/0.5.0-SNAPSHOT/hadoop-ozone-ozone-manager-0.5.0-SNAPSHOT-tests.jar:/home/user/.m2/repository/junit/junit/4.11/junit-4.11.jar:/home/user/.m2/repository/org/hamcrest/hamcrest-core/1.3/hamcrest-core-1.3.jar:/home/user/.m2/repository/org/openjdk/jmh/jmh-core/1.19/jmh-core-1.19.jar:/home/user/.m2/repository/net/sf/jopt-simple/jopt-simple/4.6/jopt-simple-4.6.jar:/home/user/.m2/repository/org/apache/commons/commons-math3/3.1.1/commons-math3-3.1.1.jar:/home/user/.m2/repository/org/openjdk/jmh/jmh-generator-annprocess/1.19/jmh-generator-annprocess-1.19.jar:/home/user/.m2/repository/org/mockito/mockito-all/1.8.5/mockito-all-1.8.5.jar:/home/user/.m2/repository/org/apache/hadoop/hadoop-kms/3.2.0/hadoop-kms-3.2.0.jar:/home/user/.m2/repository/org/apache/hadoop/hadoop-auth/3.2.0/hadoop-auth-3.2.0.jar:/home/user/.m2/repository/com/nimbusds/nimbus-jose-jwt/4.41.1/nimbus-jose-jwt-4.41.1.jar:/home/user/.m2/repository/com/github/stephenc/jcip/jcip-annotations/1.0-1/jcip-annotations-1.0-1.jar:/home/user/.m2/repository/net/minidev/json-smart/2.3/json-smart-2.3.jar:/home/user/.m2/repository/net/minidev/accessors-smart/1.2/accessors-smart-1.2.jar:/home/user/.m2/repository/org/ow2/asm/asm/5.0.4/asm-5.0.4.jar:/home/user/.m2/repository/org/apache/curator/curator-framework/2.12.0/curator-framework-2.12.0.jar:/home/user/.m2/repository/com/sun/jersey/jersey-core/1.19/jersey-core-1.19.jar:/home/user/.m2/repository/javax/ws/rs/jsr311-api/1.1.1/jsr311-api-1.1.1.jar:/home/user/.m2/repository/com/sun/jersey/jersey-server/1.19/jersey-server-1.19.jar:/home/user/.m2/repository/javax/servlet/javax.servlet-api/3.1.0/javax.servlet-api-3.1.0.jar:/home/user/.m2/repository/org/eclipse/jetty/jetty-server/9.3.24.v20180605/jetty-server-9.3.24.v20180605.jar:/home/user/.m2/repository/org/eclipse/jetty/jetty-http/9.3.24.v20180605/jetty-http-9.3.24.v20180605.jar:/home/user/.m2/repository/org/eclipse/jetty/jetty-io/9.3.24.v20180605/jetty-io-9.3.24.v20180605.jar:/home/user/.m2/repository/org/eclipse/jetty/jetty-webapp/9.3.24.v20180605/jetty-webapp-9.3.24.v20180605.jar:/home/user/.m2/repository/org/eclipse/jetty/jetty-xml/9.3.24.v20180605/jetty-xml-9.3.24.v20180605.jar:/home/user/.m2/repository/log4j/log4j/1.2.17/log4j-1.2.17.jar:/home/user/.m2/repository/org/slf4j/slf4j-api/1.7.25/slf4j-api-1.7.25.jar:/home/user/.m2/repository/org/slf4j/jul-to-slf4j/1.7.25/jul-to-slf4j-1.7.25.jar:/home/user/.m2/repository/org/eclipse/jetty/jetty-util/9.3.24.v20180605/jetty-util-9.3.24.v20180605.jar:/home/user/.m2/repository/com/fasterxml/jackson/core/jackson-databind/2.9.5/jackson-databind-2.9.5.jar:/home/user/.m2/repository/org/apache/hadoop/hadoop-kms/3.2.0/hadoop-kms-3.2.0-tests.jar:/home/user/.m2/repository/org/apache/hadoop/hadoop-hdds-server-scm/0.5.0-SNAPSHOT/hadoop-hdds-server-scm-0.5.0-SNAPSHOT-tests.jar:/home/user/.m2/repository/org/apache/hadoop/hadoop-hdds-container-service/0.5.0-SNAPSHOT/hadoop-hdds-container-service-0.5.0-SNAPSHOT-tests.jar:/home/user/.m2/repository/org/yaml/snakeyaml/1.16/snakeyaml-1.16.jar:/home/user/.m2/repository/org/apache/hadoop/hadoop-common/3.2.0/hadoop-common-3.2.0-tests.jar:/home/user/.m2/repository/org/apache/hadoop/hadoop-annotations/3.2.0/hadoop-annotations-3.2.0.jar:/usr/lib/jvm/java-1.8-openjdk/jre/../lib/tools.jar:/home/user/.m2/repository/commons-cli/commons-cli/1.2/commons-cli-1.2.jar:/home/user/.m2/repository/org/apache/httpcomponents/httpclient/4.5.2/httpclient-4.5.2.jar:/home/user/.m2/repository/org/apache/httpcomponents/httpcore/4.4.4/httpcore-4.4.4.jar:/home/user/.m2/repository/commons-codec/commons-codec/1.11/commons-codec-1.11.jar:/home/user/.m2/repository/commons-net/commons-net/3.6/commons-net-3.6.jar:/home/user/.m2/repository/commons-collections/commons-collections/3.2.2/commons-collections-3.2.2.jar:/home/user/.m2/repository/org/eclipse/jetty/jetty-servlet/9.3.24.v20180605/jetty-servlet-9.3.24.v20180605.jar:/home/user/.m2/repository/org/eclipse/jetty/jetty-security/9.3.24.v20180605/jetty-security-9.3.24.v20180605.jar:/home/user/.m2/repository/javax/servlet/jsp/jsp-api/2.1/jsp-api-2.1.jar:/home/user/.m2/repository/com/sun/jersey/jersey-servlet/1.19/jersey-servlet-1.19.jar:/home/user/.m2/repository/com/sun/jersey/jersey-json/1.19/jersey-json-1.19.jar:/home/user/.m2/repository/org/codehaus/jettison/jettison/1.1/jettison-1.1.jar:/home/user/.m2/repository/org/codehaus/jackson/jackson-core-asl/1.9.13/jackson-core-asl-1.9.13.jar:/home/user/.m2/repository/org/codehaus/jackson/jackson-mapper-asl/1.9.13/jackson-mapper-asl-1.9.13.jar:/home/user/.m2/repository/org/codehaus/jackson/jackson-jaxrs/1.9.13/jackson-jaxrs-1.9.13.jar:/home/user/.m2/repository/org/codehaus/jackson/jackson-xc/1.9.13/jackson-xc-1.9.13.jar:/home/user/.m2/repository/commons-logging/commons-logging/1.1.3/commons-logging-1.1.3.jar:/home/user/.m2/repository/commons-beanutils/commons-beanutils/1.9.3/commons-beanutils-1.9.3.jar:/home/user/.m2/repository/org/apache/commons/commons-configuration2/2.1.1/commons-configuration2-2.1.1.jar:/home/user/.m2/repository/org/apache/commons/commons-lang3/3.7/commons-lang3-3.7.jar:/home/user/.m2/repository/org/apache/commons/commons-text/1.4/commons-text-1.4.jar:/home/user/.m2/repository/org/apache/avro/avro/1.7.7/avro-1.7.7.jar:/home/user/.m2/repository/com/thoughtworks/paranamer/paranamer/2.3/paranamer-2.3.jar:/home/user/.m2/repository/org/xerial/snappy/snappy-java/1.0.5/snappy-java-1.0.5.jar:/home/user/.m2/repository/com/google/re2j/re2j/1.1/re2j-1.1.jar:/home/user/.m2/repository/com/google/code/gson/gson/2.2.4/gson-2.2.4.jar:/home/user/.m2/repository/com/jcraft/jsch/0.1.54/jsch-0.1.54.jar:/home/user/.m2/repository/org/apache/curator/curator-client/2.12.0/curator-client-2.12.0.jar:/home/user/.m2/repository/org/apache/curator/curator-recipes/2.12.0/curator-recipes-2.12.0.jar:/home/user/.m2/repository/com/google/code/findbugs/jsr305/3.0.0/jsr305-3.0.0.jar:/home/user/.m2/repository/org/apache/htrace/htrace-core4/4.1.0-incubating/htrace-core4-4.1.0-incubating.jar:/home/user/.m2/repository/org/apache/zookeeper/zookeeper/3.4.13/zookeeper-3.4.13.jar:/home/user/.m2/repository/org/apache/yetus/audience-annotations/0.5.0/audience-annotations-0.5.0.jar:/home/user/.m2/repository/org/codehaus/woodstox/stax2-api/3.1.4/stax2-api-3.1.4.jar:/home/user/.m2/repository/com/fasterxml/woodstox/woodstox-core/5.0.3/woodstox-core-5.0.3.jar:/home/user/.m2/repository/dnsjava/dnsjava/2.1.7/dnsjava-2.1.7.jar:/home/user/.m2/repository/org/apache/hadoop/hadoop-hdfs/3.2.0/hadoop-hdfs-3.2.0-tests.jar:/home/user/.m2/repository/org/eclipse/jetty/jetty-util-ajax/9.3.24.v20180605/jetty-util-ajax-9.3.24.v20180605.jar:/home/user/.m2/repository/commons-daemon/commons-daemon/1.0.13/commons-daemon-1.0.13.jar:/home/user/.m2/repository/io/netty/netty/3.10.5.Final/netty-3.10.5.Final.jar:/home/user/.m2/repository/io/netty/netty-all/4.0.52.Final/netty-all-4.0.52.Final.jar:/home/user/.m2/repository/org/fusesource/leveldbjni/leveldbjni-all/1.8/leveldbjni-all-1.8.jar:"/>
    <property name="sun.cpu.endian" value="little"/>
    <property name="user.home" value="/home/user"/>
    <property name="user.language" value="en"/>
    <property name="java.specification.vendor" value="Oracle Corporation"/>
    <property name="java.home" value="/usr/lib/jvm/java-1.8-openjdk/jre"/>
    <property name="java.security.krb5.conf" value="/workdir/hadoop-ozone/integration-test/target/test-classes/krb5.conf"/>
    <property name="basedir" value="/workdir/hadoop-ozone/integration-test"/>
    <property name="file.separator" value="/"/>
    <property name="line.separator" value="&#10;"/>
    <property name="java.vm.specification.vendor" value="Oracle Corporation"/>
    <property name="java.specification.name" value="Java Platform API Specification"/>
    <property name="java.awt.graphicsenv" value="sun.awt.X11GraphicsEnvironment"/>
    <property name="surefire.real.class.path" value="/workdir/hadoop-ozone/integration-test/target/surefire/surefirebooter5753928925316651970.jar"/>
    <property name="hadoop.log.dir" value="/workdir/hadoop-ozone/integration-test/target/log"/>
    <property name="sun.boot.class.path" value="/usr/lib/jvm/java-1.8-openjdk/jre/lib/resources.jar:/usr/lib/jvm/java-1.8-openjdk/jre/lib/rt.jar:/usr/lib/jvm/java-1.8-openjdk/jre/lib/sunrsasign.jar:/usr/lib/jvm/java-1.8-openjdk/jre/lib/jsse.jar:/usr/lib/jvm/java-1.8-openjdk/jre/lib/jce.jar:/usr/lib/jvm/java-1.8-openjdk/jre/lib/charsets.jar:/usr/lib/jvm/java-1.8-openjdk/jre/lib/jfr.jar:/usr/lib/jvm/java-1.8-openjdk/jre/classes"/>
    <property name="sun.management.compiler" value="HotSpot 64-Bit Tiered Compilers"/>
    <property name="java.runtime.version" value="1.8.0_212-b04"/>
    <property name="java.net.preferIPv4Stack" value="true"/>
    <property name="user.name" value="jenkins1000"/>
    <property name="path.separator" value=":"/>
    <property name="java.security.egd" value="file:///dev/urandom"/>
    <property name="os.version" value="3.10.0-957.12.2.el7.x86_64"/>
    <property name="java.endorsed.dirs" value="/usr/lib/jvm/java-1.8-openjdk/jre/lib/endorsed"/>
    <property name="java.runtime.name" value="OpenJDK Runtime Environment"/>
    <property name="file.encoding" value="UTF-8"/>
    <property name="java.vm.name" value="OpenJDK 64-Bit Server VM"/>
    <property name="test.build.webapps" value=""/>
    <property name="localRepository" value="/home/user/.m2/repository"/>
    <property name="java.vendor.url.bug" value="https://icedtea.classpath.org/bugzilla"/>
    <property name="java.io.tmpdir" value="/tmp"/>
    <property name="require.test.libhadoop" value=""/>
    <property name="java.version" value="1.8.0_212"/>
    <property name="user.dir" value="/workdir/hadoop-ozone/integration-test"/>
    <property name="os.arch" value="amd64"/>
    <property name="java.vm.specification.name" value="Java Virtual Machine Specification"/>
    <property name="test.build.classes" value="/workdir/hadoop-ozone/integration-test/target/test-classes"/>
    <property name="java.awt.printerjob" value="sun.print.PSPrinterJob"/>
    <property name="sun.os.patch.level" value="unknown"/>
    <property name="hadoop.tmp.dir" value="/workdir/hadoop-ozone/integration-test/target/tmp"/>
    <property name="java.library.path" value="/usr/lib/jvm/java-1.8-openjdk/jre/lib/amd64/server:/usr/lib/jvm/java-1.8-openjdk/jre/lib/amd64:/usr/lib/jvm/java-1.8-openjdk/jre/../lib/amd64:/workdir/hadoop-ozone/integration-test/target/native/target/usr/local/lib:/workdir/hadoop-ozone/integration-test/../../hadoop-common-project/hadoop-common/target/native/target/usr/local/lib:/usr/java/packages/lib/amd64:/usr/lib64:/lib64:/lib:/usr/lib"/>
    <property name="java.vm.info" value="mixed mode"/>
    <property name="java.vendor" value="IcedTea"/>
    <property name="java.vm.version" value="25.212-b04"/>
    <property name="java.ext.dirs" value="/usr/lib/jvm/java-1.8-openjdk/jre/lib/ext:/usr/java/packages/lib/ext"/>
    <property name="sun.io.unicode.encoding" value="UnicodeLittle"/>
    <property name="java.class.version" value="52.0"/>
  </properties>
  <testcase name="testHybridPipelineOnDatanode" classname="org.apache.hadoop.ozone.client.rpc.TestHybridPipelineOnDatanode" time="6.691">
    <error message="Allocated 0 blocks. Requested 1 blocks" type="INTERNAL_ERROR org.apache.hadoop.ozone.om.exceptions.OMException">INTERNAL_ERROR org.apache.hadoop.ozone.om.exceptions.OMException: Allocated 0 blocks. Requested 1 blocks
	at org.apache.hadoop.ozone.om.protocolPB.OzoneManagerProtocolClientSideTranslatorPB.handleError(OzoneManagerProtocolClientSideTranslatorPB.java:725)
	at org.apache.hadoop.ozone.om.protocolPB.OzoneManagerProtocolClientSideTranslatorPB.openKey(OzoneManagerProtocolClientSideTranslatorPB.java:716)
	at org.apache.hadoop.ozone.client.rpc.RpcClient.createKey(RpcClient.java:615)
	at org.apache.hadoop.ozone.client.OzoneBucket.createKey(OzoneBucket.java:323)
	at org.apache.hadoop.ozone.client.rpc.TestHybridPipelineOnDatanode.testHybridPipelineOnDatanode(TestHybridPipelineOnDatanode.java:115)
	at sun.reflect.NativeMethodAccessorImpl.invoke0(Native Method)
	at sun.reflect.NativeMethodAccessorImpl.invoke(NativeMethodAccessorImpl.java:62)
	at sun.reflect.DelegatingMethodAccessorImpl.invoke(DelegatingMethodAccessorImpl.java:43)
	at java.lang.reflect.Method.invoke(Method.java:498)
	at org.junit.runners.model.FrameworkMethod$1.runReflectiveCall(FrameworkMethod.java:47)
	at org.junit.internal.runners.model.ReflectiveCallable.run(ReflectiveCallable.java:12)
	at org.junit.runners.model.FrameworkMethod.invokeExplosively(FrameworkMethod.java:44)
	at org.junit.internal.runners.statements.InvokeMethod.evaluate(InvokeMethod.java:17)
	at org.junit.runners.ParentRunner.runLeaf(ParentRunner.java:271)
	at org.junit.runners.BlockJUnit4ClassRunner.runChild(BlockJUnit4ClassRunner.java:70)
	at org.junit.runners.BlockJUnit4ClassRunner.runChild(BlockJUnit4ClassRunner.java:50)
	at org.junit.runners.ParentRunner$3.run(ParentRunner.java:238)
	at org.junit.runners.ParentRunner$1.schedule(ParentRunner.java:63)
	at org.junit.runners.ParentRunner.runChildren(ParentRunner.java:236)
	at org.junit.runners.ParentRunner.access$000(ParentRunner.java:53)
	at org.junit.runners.ParentRunner$2.evaluate(ParentRunner.java:229)
	at org.junit.internal.runners.statements.RunBefores.evaluate(RunBefores.java:26)
	at org.junit.internal.runners.statements.RunAfters.evaluate(RunAfters.java:27)
	at org.junit.runners.ParentRunner.run(ParentRunner.java:309)
	at org.apache.maven.surefire.junit4.JUnit4Provider.execute(JUnit4Provider.java:365)
	at org.apache.maven.surefire.junit4.JUnit4Provider.executeWithRerun(JUnit4Provider.java:273)
	at org.apache.maven.surefire.junit4.JUnit4Provider.executeTestSet(JUnit4Provider.java:238)
	at org.apache.maven.surefire.junit4.JUnit4Provider.invoke(JUnit4Provider.java:159)
	at org.apache.maven.surefire.booter.ForkedBooter.invokeProviderInSameClassLoader(ForkedBooter.java:384)
	at org.apache.maven.surefire.booter.ForkedBooter.runSuitesInProcess(ForkedBooter.java:345)
	at org.apache.maven.surefire.booter.ForkedBooter.execute(ForkedBooter.java:126)
	at org.apache.maven.surefire.booter.ForkedBooter.main(ForkedBooter.java:418)
</error>
    <system-out><![CDATA[2019-09-19 09:01:30,825 [main] WARN  server.ServerUtils (ServerUtils.java:getScmDbDir(145)) - ozone.scm.db.dirs is not configured. We recommend adding this setting. Falling back to ozone.metadata.dirs instead.
2019-09-19 09:01:43,440 [main] WARN  server.ServerUtils (ServerUtils.java:getScmDbDir(145)) - ozone.scm.db.dirs is not configured. We recommend adding this setting. Falling back to ozone.metadata.dirs instead.
2019-09-19 09:01:43,444 [main] WARN  server.ServerUtils (ServerUtils.java:getScmDbDir(145)) - ozone.scm.db.dirs is not configured. We recommend adding this setting. Falling back to ozone.metadata.dirs instead.
2019-09-19 09:01:43,462 [main] INFO  util.log (Log.java:initialized(192)) - Logging initialized @13389ms
2019-09-19 09:01:43,562 [main] INFO  db.DBStoreBuilder (DBStoreBuilder.java:addTable(110)) - using custom profile for table: deletedBlocks
2019-09-19 09:01:43,562 [main] INFO  db.DBStoreBuilder (DBStoreBuilder.java:processTables(161)) - Using default column profile:DBProfile.DISK for Table:deletedBlocks
2019-09-19 09:01:43,562 [main] INFO  db.DBStoreBuilder (DBStoreBuilder.java:addTable(110)) - using custom profile for table: validCerts
2019-09-19 09:01:43,563 [main] INFO  db.DBStoreBuilder (DBStoreBuilder.java:processTables(161)) - Using default column profile:DBProfile.DISK for Table:validCerts
2019-09-19 09:01:43,563 [main] INFO  db.DBStoreBuilder (DBStoreBuilder.java:addTable(110)) - using custom profile for table: revokedCerts
2019-09-19 09:01:43,563 [main] INFO  db.DBStoreBuilder (DBStoreBuilder.java:processTables(161)) - Using default column profile:DBProfile.DISK for Table:revokedCerts
2019-09-19 09:01:43,575 [main] INFO  db.DBStoreBuilder (DBStoreBuilder.java:addTable(110)) - using custom profile for table: default
2019-09-19 09:01:43,575 [main] INFO  db.DBStoreBuilder (DBStoreBuilder.java:processTables(167)) - Using default column profile:DBProfile.DISK for Table:default
2019-09-19 09:01:43,576 [main] INFO  db.DBStoreBuilder (DBStoreBuilder.java:getDbProfile(198)) - Using default options. DBProfile.DISK
2019-09-19 09:01:44,388 [main] INFO  net.NodeSchemaLoader (NodeSchemaLoader.java:loadSchemaFromFile(125)) - Loading file from sun.misc.CompoundEnumeration@1ea9f6af
2019-09-19 09:01:44,391 [main] INFO  net.NodeSchemaLoader (NodeSchemaLoader.java:loadSchema(171)) - Loading network topology layer schema file
2019-09-19 09:01:44,470 [main] WARN  server.ServerUtils (ServerUtils.java:sanitizeUserArgs(70)) - ozone.scm.stale.node.interval value = 300000 is larger than max = 100000 based on the key value of ozone.scm.heartbeat.thread.interval, reset to the max value 100000.
2019-09-19 09:01:44,472 [main] WARN  server.ServerUtils (ServerUtils.java:sanitizeUserArgs(70)) - ozone.scm.stale.node.interval value = 300000 is larger than max = 100000 based on the key value of ozone.scm.heartbeat.thread.interval, reset to the max value 100000.
2019-09-19 09:01:44,475 [main] INFO  node.SCMNodeManager (SCMNodeManager.java:<init>(121)) - Entering startup safe mode.
2019-09-19 09:01:44,556 [main] INFO  algorithms.ContainerPlacementPolicyFactory (ContainerPlacementPolicyFactory.java:getPolicy(56)) - Create container placement policy of type org.apache.hadoop.hdds.scm.container.placement.algorithms.SCMContainerPlacementRandom
2019-09-19 09:01:44,573 [main] WARN  server.ServerUtils (ServerUtils.java:getScmDbDir(145)) - ozone.scm.db.dirs is not configured. We recommend adding this setting. Falling back to ozone.metadata.dirs instead.
2019-09-19 09:01:44,642 [main] INFO  pipeline.SCMPipelineManager (SCMPipelineManager.java:initializePipelineState(126)) - No pipeline exists in current db
2019-09-19 09:01:44,645 [main] WARN  server.ServerUtils (ServerUtils.java:getScmDbDir(145)) - ozone.scm.db.dirs is not configured. We recommend adding this setting. Falling back to ozone.metadata.dirs instead.
2019-09-19 09:01:44,757 [main] WARN  events.EventQueue (EventQueue.java:fireEvent(175)) - No event handler registered for event TypedEvent{payloadType=SafeModeStatus, name='SafeModeStatus'}
2019-09-19 09:01:45,300 [main] INFO  ipc.CallQueueManager (CallQueueManager.java:<init>(84)) - Using callQueue: class java.util.concurrent.LinkedBlockingQueue, queueCapacity: 2000, scheduler: class org.apache.hadoop.ipc.DefaultRpcScheduler, ipcBackoff: false.
2019-09-19 09:01:45,573 [Socket Reader #1 for port 34582] INFO  ipc.Server (Server.java:run(1074)) - Starting Socket Reader #1 for port 34582
2019-09-19 09:01:45,605 [main] INFO  ipc.CallQueueManager (CallQueueManager.java:<init>(84)) - Using callQueue: class java.util.concurrent.LinkedBlockingQueue, queueCapacity: 2000, scheduler: class org.apache.hadoop.ipc.DefaultRpcScheduler, ipcBackoff: false.
2019-09-19 09:01:45,606 [Socket Reader #1 for port 38557] INFO  ipc.Server (Server.java:run(1074)) - Starting Socket Reader #1 for port 38557
2019-09-19 09:01:45,616 [main] INFO  ipc.CallQueueManager (CallQueueManager.java:<init>(84)) - Using callQueue: class java.util.concurrent.LinkedBlockingQueue, queueCapacity: 2000, scheduler: class org.apache.hadoop.ipc.DefaultRpcScheduler, ipcBackoff: false.
2019-09-19 09:01:45,617 [Socket Reader #1 for port 46508] INFO  ipc.Server (Server.java:run(1074)) - Starting Socket Reader #1 for port 46508
2019-09-19 09:01:45,642 [main] INFO  hdfs.DFSUtil (DFSUtil.java:httpServerTemplateForNNAndJN(1641)) - Starting Web-server for scm at: http://0.0.0.0:0
2019-09-19 09:01:45,815 [main] INFO  server.AuthenticationFilter (AuthenticationFilter.java:constructSecretProvider(240)) - Unable to initialize FileSignerSecretProvider, falling back to use random secrets.
2019-09-19 09:01:45,827 [main] WARN  http.HttpRequestLog (HttpRequestLog.java:getRequestLog(97)) - Jetty request log can only be enabled using Log4j
2019-09-19 09:01:45,839 [main] INFO  http.HttpServer2 (HttpServer2.java:addGlobalFilter(975)) - Added global filter 'safety' (class=org.apache.hadoop.http.HttpServer2$QuotingInputFilter)
2019-09-19 09:01:45,842 [main] INFO  http.HttpServer2 (HttpServer2.java:addFilter(948)) - Added filter static_user_filter (class=org.apache.hadoop.http.lib.StaticUserWebFilter$StaticUserFilter) to context scm
2019-09-19 09:01:45,843 [main] INFO  http.HttpServer2 (HttpServer2.java:addFilter(958)) - Added filter static_user_filter (class=org.apache.hadoop.http.lib.StaticUserWebFilter$StaticUserFilter) to context logs
2019-09-19 09:01:45,843 [main] INFO  http.HttpServer2 (HttpServer2.java:addFilter(958)) - Added filter static_user_filter (class=org.apache.hadoop.http.lib.StaticUserWebFilter$StaticUserFilter) to context static
2019-09-19 09:01:45,878 [main] INFO  server.StorageContainerManager (StorageContainerManager.java:start(759)) - StorageContainerLocationProtocol RPC server is listening at /0.0.0.0:46508
2019-09-19 09:01:45,951 [main] WARN  impl.MetricsConfig (MetricsConfig.java:loadFirst(134)) - Cannot locate configuration: tried hadoop-metrics2-storagecontainermanager.properties,hadoop-metrics2.properties
2019-09-19 09:01:45,965 [main] INFO  impl.MetricsSystemImpl (MetricsSystemImpl.java:startTimer(374)) - Scheduled Metric snapshot period at 10 second(s).
2019-09-19 09:01:45,965 [main] INFO  impl.MetricsSystemImpl (MetricsSystemImpl.java:start(191)) - StorageContainerManager metrics system started
2019-09-19 09:01:46,220 [main] INFO  server.SCMClientProtocolServer (SCMClientProtocolServer.java:start(151)) - RPC server for Client  is listening at /0.0.0.0:46508
2019-09-19 09:01:46,221 [IPC Server Responder] INFO  ipc.Server (Server.java:run(1314)) - IPC Server Responder: starting
2019-09-19 09:01:46,221 [IPC Server listener on 46508] INFO  ipc.Server (Server.java:run(1153)) - IPC Server listener on 46508: starting
2019-09-19 09:01:46,224 [main] INFO  server.StorageContainerManager (StorageContainerManager.java:start(769)) - ScmBlockLocationProtocol RPC server is listening at /0.0.0.0:38557
2019-09-19 09:01:46,225 [main] INFO  server.SCMBlockProtocolServer (SCMBlockProtocolServer.java:start(140)) - RPC server for Block Protocol is listening at /0.0.0.0:38557
2019-09-19 09:01:46,225 [IPC Server Responder] INFO  ipc.Server (Server.java:run(1314)) - IPC Server Responder: starting
2019-09-19 09:01:46,225 [IPC Server listener on 38557] INFO  ipc.Server (Server.java:run(1153)) - IPC Server listener on 38557: starting
2019-09-19 09:01:46,234 [main] INFO  server.StorageContainerManager (StorageContainerManager.java:start(773)) - ScmDatanodeProtocl RPC server is listening at /0.0.0.0:34582
2019-09-19 09:01:46,234 [main] INFO  server.SCMDatanodeProtocolServer (SCMDatanodeProtocolServer.java:start(191)) - RPC server for DataNodes is listening at /0.0.0.0:34582
2019-09-19 09:01:46,234 [IPC Server Responder] INFO  ipc.Server (Server.java:run(1314)) - IPC Server Responder: starting
2019-09-19 09:01:46,234 [IPC Server listener on 34582] INFO  ipc.Server (Server.java:run(1153)) - IPC Server listener on 34582: starting
2019-09-19 09:01:46,239 [main] INFO  http.HttpServer2 (HttpServer2.java:bindListener(1191)) - Jetty bound to port 42853
2019-09-19 09:01:46,241 [main] INFO  server.Server (Server.java:doStart(351)) - jetty-9.3.24.v20180605, build timestamp: 2018-06-05T17:11:56Z, git hash: 84205aa28f11a4f31f2a3b86d1bba2cc8ab69827
2019-09-19 09:01:46,289 [main] INFO  handler.ContextHandler (ContextHandler.java:doStart(781)) - Started o.e.j.s.ServletContextHandler@14dda234{/logs,file:///workdir/hadoop-ozone/integration-test/target/log,AVAILABLE}
2019-09-19 09:01:46,291 [main] INFO  handler.ContextHandler (ContextHandler.java:doStart(781)) - Started o.e.j.s.ServletContextHandler@74a6a609{/static,file:///workdir/hadoop-ozone/integration-test/target/test-classes/webapps/static,AVAILABLE}
2019-09-19 09:01:46,335 [main] INFO  handler.ContextHandler (ContextHandler.java:doStart(781)) - Started o.e.j.w.WebAppContext@41394595{/,file:///workdir/hadoop-ozone/integration-test/target/test-classes/webapps/scm/,AVAILABLE}{/scm}
2019-09-19 09:01:46,343 [main] INFO  server.AbstractConnector (AbstractConnector.java:doStart(278)) - Started ServerConnector@158d255c{HTTP/1.1,[http/1.1]}{0.0.0.0:42853}
2019-09-19 09:01:46,344 [main] INFO  server.Server (Server.java:doStart(419)) - Started @16271ms
2019-09-19 09:01:46,345 [main] INFO  server.BaseHttpServer (BaseHttpServer.java:updateConnectorAddress(213)) - HTTP server of SCM is listening at http://0.0.0.0:42853
2019-09-19 09:01:46,353 [org.apache.hadoop.util.JvmPauseMonitor$Monitor@5bd73d1a] INFO  util.JvmPauseMonitor (JvmPauseMonitor.java:run(188)) - Starting JVM pause monitor
2019-09-19 09:01:46,357 [main] WARN  server.ServerUtils (ServerUtils.java:getDBPath(222)) - ozone.om.db.dirs is not configured. We recommend adding this setting. Falling back to ozone.metadata.dirs instead.
2019-09-19 09:01:46,479 [main] WARN  server.ServerUtils (ServerUtils.java:getDBPath(222)) - ozone.om.db.dirs is not configured. We recommend adding this setting. Falling back to ozone.metadata.dirs instead.
2019-09-19 09:01:46,479 [main] WARN  server.ServerUtils (ServerUtils.java:getDBPath(222)) - ozone.om.db.dirs is not configured. We recommend adding this setting. Falling back to ozone.metadata.dirs instead.
2019-09-19 09:01:46,480 [main] INFO  om.OzoneManager (OzoneManager.java:setOMNodeDetails(645)) - OM Service ID is not set. Setting it to the default ID: omServiceIdDefault
2019-09-19 09:01:46,480 [main] INFO  om.OzoneManager (OzoneManager.java:setOMNodeDetails(651)) - OM Node ID is not set. Setting it to the OmStorage's OmID: b5a1c2e4-5551-4360-8247-b547735a959d
2019-09-19 09:01:46,482 [main] INFO  om.OzoneManager (OzoneManager.java:loadOMHAConfigs(602)) - Found matching OM address with OMServiceId: null, OMNodeId: null, RPC Address: localhost:0 and Ratis port: 9872
2019-09-19 09:01:46,753 | INFO  | SCMAudit | user=jenkins1000 | ip=192.168.34.5 | op=GET_SCM_INFO null | ret=SUCCESS |  
2019-09-19 09:01:47,265 [main] WARN  server.ServerUtils (ServerUtils.java:getDBPath(222)) - ozone.om.db.dirs is not configured. We recommend adding this setting. Falling back to ozone.metadata.dirs instead.
2019-09-19 09:01:47,273 [main] INFO  db.DBStoreBuilder (DBStoreBuilder.java:addTable(110)) - using custom profile for table: userTable
2019-09-19 09:01:47,274 [main] INFO  db.DBStoreBuilder (DBStoreBuilder.java:processTables(161)) - Using default column profile:DBProfile.DISK for Table:userTable
2019-09-19 09:01:47,274 [main] INFO  db.DBStoreBuilder (DBStoreBuilder.java:addTable(110)) - using custom profile for table: volumeTable
2019-09-19 09:01:47,274 [main] INFO  db.DBStoreBuilder (DBStoreBuilder.java:processTables(161)) - Using default column profile:DBProfile.DISK for Table:volumeTable
2019-09-19 09:01:47,275 [main] INFO  db.DBStoreBuilder (DBStoreBuilder.java:addTable(110)) - using custom profile for table: bucketTable
2019-09-19 09:01:47,275 [main] INFO  db.DBStoreBuilder (DBStoreBuilder.java:processTables(161)) - Using default column profile:DBProfile.DISK for Table:bucketTable
2019-09-19 09:01:47,275 [main] INFO  db.DBStoreBuilder (DBStoreBuilder.java:addTable(110)) - using custom profile for table: keyTable
2019-09-19 09:01:47,276 [main] INFO  db.DBStoreBuilder (DBStoreBuilder.java:processTables(161)) - Using default column profile:DBProfile.DISK for Table:keyTable
2019-09-19 09:01:47,276 [main] INFO  db.DBStoreBuilder (DBStoreBuilder.java:addTable(110)) - using custom profile for table: deletedTable
2019-09-19 09:01:47,276 [main] INFO  db.DBStoreBuilder (DBStoreBuilder.java:processTables(161)) - Using default column profile:DBProfile.DISK for Table:deletedTable
2019-09-19 09:01:47,276 [main] INFO  db.DBStoreBuilder (DBStoreBuilder.java:addTable(110)) - using custom profile for table: openKeyTable
2019-09-19 09:01:47,276 [main] INFO  db.DBStoreBuilder (DBStoreBuilder.java:processTables(161)) - Using default column profile:DBProfile.DISK for Table:openKeyTable
2019-09-19 09:01:47,277 [main] INFO  db.DBStoreBuilder (DBStoreBuilder.java:addTable(110)) - using custom profile for table: s3Table
2019-09-19 09:01:47,277 [main] INFO  db.DBStoreBuilder (DBStoreBuilder.java:processTables(161)) - Using default column profile:DBProfile.DISK for Table:s3Table
2019-09-19 09:01:47,277 [main] INFO  db.DBStoreBuilder (DBStoreBuilder.java:addTable(110)) - using custom profile for table: multipartInfoTable
2019-09-19 09:01:47,277 [main] INFO  db.DBStoreBuilder (DBStoreBuilder.java:processTables(161)) - Using default column profile:DBProfile.DISK for Table:multipartInfoTable
2019-09-19 09:01:47,278 [main] INFO  db.DBStoreBuilder (DBStoreBuilder.java:addTable(110)) - using custom profile for table: dTokenTable
2019-09-19 09:01:47,278 [main] INFO  db.DBStoreBuilder (DBStoreBuilder.java:processTables(161)) - Using default column profile:DBProfile.DISK for Table:dTokenTable
2019-09-19 09:01:47,278 [main] INFO  db.DBStoreBuilder (DBStoreBuilder.java:addTable(110)) - using custom profile for table: s3SecretTable
2019-09-19 09:01:47,279 [main] INFO  db.DBStoreBuilder (DBStoreBuilder.java:processTables(161)) - Using default column profile:DBProfile.DISK for Table:s3SecretTable
2019-09-19 09:01:47,279 [main] INFO  db.DBStoreBuilder (DBStoreBuilder.java:addTable(110)) - using custom profile for table: prefixTable
2019-09-19 09:01:47,279 [main] INFO  db.DBStoreBuilder (DBStoreBuilder.java:processTables(161)) - Using default column profile:DBProfile.DISK for Table:prefixTable
2019-09-19 09:01:47,280 [main] INFO  db.DBStoreBuilder (DBStoreBuilder.java:addTable(110)) - using custom profile for table: default
2019-09-19 09:01:47,280 [main] INFO  db.DBStoreBuilder (DBStoreBuilder.java:processTables(167)) - Using default column profile:DBProfile.DISK for Table:default
2019-09-19 09:01:47,280 [main] INFO  db.DBStoreBuilder (DBStoreBuilder.java:getDbProfile(198)) - Using default options. DBProfile.DISK
2019-09-19 09:01:47,746 [main] INFO  ipc.CallQueueManager (CallQueueManager.java:<init>(84)) - Using callQueue: class java.util.concurrent.LinkedBlockingQueue, queueCapacity: 2000, scheduler: class org.apache.hadoop.ipc.DefaultRpcScheduler, ipcBackoff: false.
2019-09-19 09:01:47,748 [Socket Reader #1 for port 43680] INFO  ipc.Server (Server.java:run(1074)) - Starting Socket Reader #1 for port 43680
2019-09-19 09:01:47,770 [main] INFO  om.OzoneManager (OzoneManager.java:start(1256)) - OzoneManager RPC server is listening at localhost/127.0.0.1:43680
2019-09-19 09:01:47,771 [main] INFO  impl.MetricsSystemImpl (MetricsSystemImpl.java:init(158)) - OzoneManager metrics system started (again)
2019-09-19 09:01:47,771 [IPC Server Responder] INFO  ipc.Server (Server.java:run(1314)) - IPC Server Responder: starting
2019-09-19 09:01:47,772 [IPC Server listener on 43680] INFO  ipc.Server (Server.java:run(1153)) - IPC Server listener on 43680: starting
2019-09-19 09:01:47,781 [main] INFO  hdfs.DFSUtil (DFSUtil.java:httpServerTemplateForNNAndJN(1641)) - Starting Web-server for ozoneManager at: http://0.0.0.0:0
2019-09-19 09:01:47,784 [main] INFO  server.AuthenticationFilter (AuthenticationFilter.java:constructSecretProvider(240)) - Unable to initialize FileSignerSecretProvider, falling back to use random secrets.
2019-09-19 09:01:47,785 [main] WARN  http.HttpRequestLog (HttpRequestLog.java:getRequestLog(97)) - Jetty request log can only be enabled using Log4j
2019-09-19 09:01:47,789 [main] INFO  http.HttpServer2 (HttpServer2.java:addGlobalFilter(975)) - Added global filter 'safety' (class=org.apache.hadoop.http.HttpServer2$QuotingInputFilter)
2019-09-19 09:01:47,790 [main] INFO  http.HttpServer2 (HttpServer2.java:addFilter(948)) - Added filter static_user_filter (class=org.apache.hadoop.http.lib.StaticUserWebFilter$StaticUserFilter) to context ozoneManager
2019-09-19 09:01:47,790 [main] INFO  http.HttpServer2 (HttpServer2.java:addFilter(958)) - Added filter static_user_filter (class=org.apache.hadoop.http.lib.StaticUserWebFilter$StaticUserFilter) to context logs
2019-09-19 09:01:47,790 [main] INFO  http.HttpServer2 (HttpServer2.java:addFilter(958)) - Added filter static_user_filter (class=org.apache.hadoop.http.lib.StaticUserWebFilter$StaticUserFilter) to context static
2019-09-19 09:01:47,793 [main] INFO  http.HttpServer2 (HttpServer2.java:bindListener(1191)) - Jetty bound to port 39786
2019-09-19 09:01:47,793 [main] INFO  server.Server (Server.java:doStart(351)) - jetty-9.3.24.v20180605, build timestamp: 2018-06-05T17:11:56Z, git hash: 84205aa28f11a4f31f2a3b86d1bba2cc8ab69827
2019-09-19 09:01:47,795 [main] INFO  handler.ContextHandler (ContextHandler.java:doStart(781)) - Started o.e.j.s.ServletContextHandler@543e593{/logs,file:///workdir/hadoop-ozone/integration-test/target/log,AVAILABLE}
2019-09-19 09:01:47,796 [main] INFO  handler.ContextHandler (ContextHandler.java:doStart(781)) - Started o.e.j.s.ServletContextHandler@51ec2df1{/static,file:///workdir/hadoop-ozone/integration-test/target/test-classes/webapps/static,AVAILABLE}
2019-09-19 09:01:47,977 [main] INFO  handler.ContextHandler (ContextHandler.java:doStart(781)) - Started o.e.j.w.WebAppContext@24fabd0f{/,file:///workdir/hadoop-ozone/integration-test/target/test-classes/webapps/ozoneManager/,AVAILABLE}{/ozoneManager}
2019-09-19 09:01:47,978 [main] INFO  server.AbstractConnector (AbstractConnector.java:doStart(278)) - Started ServerConnector@5d3be872{HTTP/1.1,[http/1.1]}{0.0.0.0:39786}
2019-09-19 09:01:47,979 [main] INFO  server.Server (Server.java:doStart(419)) - Started @17906ms
2019-09-19 09:01:47,980 [main] INFO  server.BaseHttpServer (BaseHttpServer.java:updateConnectorAddress(213)) - HTTP server of OZONEMANAGER is listening at http://0.0.0.0:39786
2019-09-19 09:01:48,146 [main] INFO  impl.MetricsSystemImpl (MetricsSystemImpl.java:init(158)) - HddsDatanode metrics system started (again)
2019-09-19 09:01:48,285 [main] INFO  ozone.HddsDatanodeService (HddsDatanodeService.java:start(184)) - HddsDatanodeService host:pr-hdds-1569-j4bt4-3030777008 ip:192.168.34.5
2019-09-19 09:01:48,324 [main] INFO  volume.HddsVolume (HddsVolume.java:<init>(176)) - Creating Volume: /workdir/hadoop-ozone/integration-test/target/test-dir/MiniOzoneClusterImpl-e985e272-9a55-4a46-95f9-9d7dad2521ff/datanode-0/data/containers/hdds of  storage type : DISK and capacity : 1482555576320
2019-09-19 09:01:48,326 [main] INFO  volume.VolumeSet (VolumeSet.java:initializeVolumeSet(170)) - Added Volume : /workdir/hadoop-ozone/integration-test/target/test-dir/MiniOzoneClusterImpl-e985e272-9a55-4a46-95f9-9d7dad2521ff/datanode-0/data/containers/hdds to VolumeSet
2019-09-19 09:01:48,329 [main] INFO  volume.ThrottledAsyncChecker (ThrottledAsyncChecker.java:schedule(140)) - Scheduling a check for org.apache.hadoop.ozone.container.common.volume.HddsVolume@6ac0b715
2019-09-19 09:01:48,346 [main] INFO  volume.HddsVolumeChecker (HddsVolumeChecker.java:checkAllVolumes(203)) - Scheduled health check for volume org.apache.hadoop.ozone.container.common.volume.HddsVolume@6ac0b715
2019-09-19 09:01:48,476 [main] INFO  impl.RaftServerProxy (ConfUtils.java:logGet(43)) - raft.rpc.type = GRPC (default)
2019-09-19 09:01:48,550 [main] INFO  grpc.GrpcFactory (GrpcFactory.java:checkPooledByteBufAllocatorUseCacheForAllThreads(45)) - PERFORMANCE WARNING: useCacheForAllThreads is true that may cause Netty to create a lot garbage objects and, as a result, trigger GC.
	It is recommended to disable useCacheForAllThreads by setting -Dorg.apache.ratis.thirdparty.io.netty.allocator.useCacheForAllThreads=false in command line.
2019-09-19 09:01:48,555 [main] INFO  grpc.GrpcConfigKeys$Server (ConfUtils.java:logGet(43)) - raft.grpc.server.port = 0 (default)
2019-09-19 09:01:48,555 [main] INFO  server.GrpcService (ConfUtils.java:logGet(43)) - raft.grpc.message.size.max = 33570816 (custom)
2019-09-19 09:01:48,557 [main] INFO  server.RaftServerConfigKeys (ConfUtils.java:logGet(43)) - raft.server.log.appender.buffer.byte-limit = 33554432 (custom)
2019-09-19 09:01:48,558 [main] INFO  server.GrpcService (ConfUtils.java:logGet(43)) - raft.grpc.flow.control.window = 1MB (=1048576) (default)
2019-09-19 09:01:48,559 [main] INFO  server.RaftServerConfigKeys (ConfUtils.java:logGet(43)) - raft.server.rpc.request.timeout = 3000ms (default)
2019-09-19 09:01:48,745 [main] INFO  server.RaftServerConfigKeys (ConfUtils.java:logGet(43)) - raft.server.storage.dir = [/workdir/hadoop-ozone/integration-test/target/test-dir/MiniOzoneClusterImpl-e985e272-9a55-4a46-95f9-9d7dad2521ff/datanode-0/data/ratis] (custom)
2019-09-19 09:01:48,787 [main] INFO  replication.SimpleContainerDownloader (SimpleContainerDownloader.java:<init>(72)) - Starting container downloader service to copy containers to replicate.
2019-09-19 09:01:48,806 [main] INFO  hdfs.DFSUtil (DFSUtil.java:httpServerTemplateForNNAndJN(1641)) - Starting Web-server for hddsDatanode at: http://0.0.0.0:0
2019-09-19 09:01:48,809 [main] INFO  server.AuthenticationFilter (AuthenticationFilter.java:constructSecretProvider(240)) - Unable to initialize FileSignerSecretProvider, falling back to use random secrets.
2019-09-19 09:01:48,810 [main] WARN  http.HttpRequestLog (HttpRequestLog.java:getRequestLog(97)) - Jetty request log can only be enabled using Log4j
2019-09-19 09:01:48,813 [main] INFO  http.HttpServer2 (HttpServer2.java:addGlobalFilter(975)) - Added global filter 'safety' (class=org.apache.hadoop.http.HttpServer2$QuotingInputFilter)
2019-09-19 09:01:48,814 [main] INFO  http.HttpServer2 (HttpServer2.java:addFilter(948)) - Added filter static_user_filter (class=org.apache.hadoop.http.lib.StaticUserWebFilter$StaticUserFilter) to context hddsDatanode
2019-09-19 09:01:48,814 [main] INFO  http.HttpServer2 (HttpServer2.java:addFilter(958)) - Added filter static_user_filter (class=org.apache.hadoop.http.lib.StaticUserWebFilter$StaticUserFilter) to context logs
2019-09-19 09:01:48,814 [main] INFO  http.HttpServer2 (HttpServer2.java:addFilter(958)) - Added filter static_user_filter (class=org.apache.hadoop.http.lib.StaticUserWebFilter$StaticUserFilter) to context static
2019-09-19 09:01:48,816 [main] INFO  http.HttpServer2 (HttpServer2.java:bindListener(1191)) - Jetty bound to port 40815
2019-09-19 09:01:48,816 [main] INFO  server.Server (Server.java:doStart(351)) - jetty-9.3.24.v20180605, build timestamp: 2018-06-05T17:11:56Z, git hash: 84205aa28f11a4f31f2a3b86d1bba2cc8ab69827
2019-09-19 09:01:48,821 [main] INFO  handler.ContextHandler (ContextHandler.java:doStart(781)) - Started o.e.j.s.ServletContextHandler@2f4c2cd4{/logs,file:///workdir/hadoop-ozone/integration-test/target/log,AVAILABLE}
2019-09-19 09:01:48,821 [main] INFO  handler.ContextHandler (ContextHandler.java:doStart(781)) - Started o.e.j.s.ServletContextHandler@333c8791{/static,jar:file:/home/user/.m2/repository/org/apache/hadoop/hadoop-hdds-container-service/0.5.0-SNAPSHOT/hadoop-hdds-container-service-0.5.0-SNAPSHOT.jar!/webapps/static,AVAILABLE}
2019-09-19 09:01:48,862 [main] INFO  handler.ContextHandler (ContextHandler.java:doStart(781)) - Started o.e.j.w.WebAppContext@291373d3{/,file:///tmp/jetty-0.0.0.0-40815-hddsDatanode-_-any-5896498958899959189.dir/webapp/,AVAILABLE}{/hddsDatanode}
2019-09-19 09:01:48,864 [main] INFO  server.AbstractConnector (AbstractConnector.java:doStart(278)) - Started ServerConnector@372ca2d6{HTTP/1.1,[http/1.1]}{0.0.0.0:40815}
2019-09-19 09:01:48,864 [main] INFO  server.Server (Server.java:doStart(419)) - Started @18791ms
2019-09-19 09:01:48,865 [main] INFO  server.BaseHttpServer (BaseHttpServer.java:updateConnectorAddress(213)) - HTTP server of HDDSDATANODE is listening at http://0.0.0.0:40815
2019-09-19 09:01:50,271 | INFO  | ObjectStoreRestHttpServer | Listening HDDS REST traffic on /0.0.0.0:39230 |  
2019-09-19 09:01:50,273 [main] INFO  ozone.HddsDatanodeService (HddsDatanodeService.java:startPlugins(395)) - Started plug-in org.apache.hadoop.ozone.web.OzoneHddsDatanodeService@6637a365
2019-09-19 09:01:50,274 [main] INFO  impl.MetricsSystemImpl (MetricsSystemImpl.java:init(158)) - HddsDatanode metrics system started (again)
2019-09-19 09:01:50,277 [main] INFO  ozone.HddsDatanodeService (HddsDatanodeService.java:start(184)) - HddsDatanodeService host:pr-hdds-1569-j4bt4-3030777008 ip:192.168.34.5
2019-09-19 09:01:50,279 [org.apache.hadoop.util.JvmPauseMonitor$Monitor@3f53ffde] INFO  util.JvmPauseMonitor (JvmPauseMonitor.java:run(188)) - Starting JVM pause monitor
2019-09-19 09:01:50,283 [main] INFO  volume.HddsVolume (HddsVolume.java:<init>(176)) - Creating Volume: /workdir/hadoop-ozone/integration-test/target/test-dir/MiniOzoneClusterImpl-e985e272-9a55-4a46-95f9-9d7dad2521ff/datanode-1/data/containers/hdds of  storage type : DISK and capacity : 1482555576320
2019-09-19 09:01:50,283 [main] INFO  volume.VolumeSet (VolumeSet.java:initializeVolumeSet(170)) - Added Volume : /workdir/hadoop-ozone/integration-test/target/test-dir/MiniOzoneClusterImpl-e985e272-9a55-4a46-95f9-9d7dad2521ff/datanode-1/data/containers/hdds to VolumeSet
2019-09-19 09:01:50,284 [main] INFO  volume.ThrottledAsyncChecker (ThrottledAsyncChecker.java:schedule(140)) - Scheduling a check for org.apache.hadoop.ozone.container.common.volume.HddsVolume@29f3c438
2019-09-19 09:01:50,285 [main] INFO  volume.HddsVolumeChecker (HddsVolumeChecker.java:checkAllVolumes(203)) - Scheduled health check for volume org.apache.hadoop.ozone.container.common.volume.HddsVolume@29f3c438
2019-09-19 09:01:50,305 [main] INFO  impl.RaftServerProxy (ConfUtils.java:logGet(43)) - raft.rpc.type = GRPC (default)
2019-09-19 09:01:50,305 [main] INFO  grpc.GrpcFactory (GrpcFactory.java:checkPooledByteBufAllocatorUseCacheForAllThreads(45)) - PERFORMANCE WARNING: useCacheForAllThreads is true that may cause Netty to create a lot garbage objects and, as a result, trigger GC.
	It is recommended to disable useCacheForAllThreads by setting -Dorg.apache.ratis.thirdparty.io.netty.allocator.useCacheForAllThreads=false in command line.
2019-09-19 09:01:50,305 [main] INFO  grpc.GrpcConfigKeys$Server (ConfUtils.java:logGet(43)) - raft.grpc.server.port = 0 (default)
2019-09-19 09:01:50,306 [main] INFO  server.GrpcService (ConfUtils.java:logGet(43)) - raft.grpc.message.size.max = 33570816 (custom)
2019-09-19 09:01:50,306 [main] INFO  server.RaftServerConfigKeys (ConfUtils.java:logGet(43)) - raft.server.log.appender.buffer.byte-limit = 33554432 (custom)
2019-09-19 09:01:50,306 [main] INFO  server.GrpcService (ConfUtils.java:logGet(43)) - raft.grpc.flow.control.window = 1MB (=1048576) (default)
2019-09-19 09:01:50,307 [main] INFO  server.RaftServerConfigKeys (ConfUtils.java:logGet(43)) - raft.server.rpc.request.timeout = 3000ms (default)
2019-09-19 09:01:50,308 [main] INFO  server.RaftServerConfigKeys (ConfUtils.java:logGet(43)) - raft.server.storage.dir = [/workdir/hadoop-ozone/integration-test/target/test-dir/MiniOzoneClusterImpl-e985e272-9a55-4a46-95f9-9d7dad2521ff/datanode-1/data/ratis] (custom)
2019-09-19 09:01:50,309 [main] INFO  replication.SimpleContainerDownloader (SimpleContainerDownloader.java:<init>(72)) - Starting container downloader service to copy containers to replicate.
2019-09-19 09:01:50,311 [main] INFO  hdfs.DFSUtil (DFSUtil.java:httpServerTemplateForNNAndJN(1641)) - Starting Web-server for hddsDatanode at: http://0.0.0.0:0
2019-09-19 09:01:50,313 [main] INFO  server.AuthenticationFilter (AuthenticationFilter.java:constructSecretProvider(240)) - Unable to initialize FileSignerSecretProvider, falling back to use random secrets.
2019-09-19 09:01:50,314 [main] WARN  http.HttpRequestLog (HttpRequestLog.java:getRequestLog(97)) - Jetty request log can only be enabled using Log4j
2019-09-19 09:01:50,316 [main] INFO  http.HttpServer2 (HttpServer2.java:addGlobalFilter(975)) - Added global filter 'safety' (class=org.apache.hadoop.http.HttpServer2$QuotingInputFilter)
2019-09-19 09:01:50,316 [main] INFO  http.HttpServer2 (HttpServer2.java:addFilter(948)) - Added filter static_user_filter (class=org.apache.hadoop.http.lib.StaticUserWebFilter$StaticUserFilter) to context hddsDatanode
2019-09-19 09:01:50,317 [main] INFO  http.HttpServer2 (HttpServer2.java:addFilter(958)) - Added filter static_user_filter (class=org.apache.hadoop.http.lib.StaticUserWebFilter$StaticUserFilter) to context static
2019-09-19 09:01:50,317 [main] INFO  http.HttpServer2 (HttpServer2.java:addFilter(958)) - Added filter static_user_filter (class=org.apache.hadoop.http.lib.StaticUserWebFilter$StaticUserFilter) to context logs
2019-09-19 09:01:50,318 [main] INFO  http.HttpServer2 (HttpServer2.java:bindListener(1191)) - Jetty bound to port 46643
2019-09-19 09:01:50,318 [main] INFO  server.Server (Server.java:doStart(351)) - jetty-9.3.24.v20180605, build timestamp: 2018-06-05T17:11:56Z, git hash: 84205aa28f11a4f31f2a3b86d1bba2cc8ab69827
2019-09-19 09:01:50,323 [main] INFO  handler.ContextHandler (ContextHandler.java:doStart(781)) - Started o.e.j.s.ServletContextHandler@599a9cb2{/logs,file:///workdir/hadoop-ozone/integration-test/target/log,AVAILABLE}
2019-09-19 09:01:50,324 [main] INFO  handler.ContextHandler (ContextHandler.java:doStart(781)) - Started o.e.j.s.ServletContextHandler@5e1a986c{/static,jar:file:/home/user/.m2/repository/org/apache/hadoop/hadoop-hdds-container-service/0.5.0-SNAPSHOT/hadoop-hdds-container-service-0.5.0-SNAPSHOT.jar!/webapps/static,AVAILABLE}
2019-09-19 09:01:50,355 [main] INFO  handler.ContextHandler (ContextHandler.java:doStart(781)) - Started o.e.j.w.WebAppContext@79957f11{/,file:///tmp/jetty-0.0.0.0-46643-hddsDatanode-_-any-7406656408569892939.dir/webapp/,AVAILABLE}{/hddsDatanode}
2019-09-19 09:01:50,357 [main] INFO  server.AbstractConnector (AbstractConnector.java:doStart(278)) - Started ServerConnector@567bb80b{HTTP/1.1,[http/1.1]}{0.0.0.0:46643}
2019-09-19 09:01:50,358 [main] INFO  server.Server (Server.java:doStart(419)) - Started @20285ms
2019-09-19 09:01:50,359 [main] INFO  server.BaseHttpServer (BaseHttpServer.java:updateConnectorAddress(213)) - HTTP server of HDDSDATANODE is listening at http://0.0.0.0:46643
2019-09-19 09:01:50,415 [Datanode State Machine Thread - 0] INFO  datanode.InitDatanodeState (InitDatanodeState.java:persistContainerDatanodeDetails(140)) - DatanodeDetails is persisted to /workdir/hadoop-ozone/integration-test/target/test-dir/MiniOzoneClusterImpl-e985e272-9a55-4a46-95f9-9d7dad2521ff/datanode-0/meta/datanode.id
2019-09-19 09:01:50,586 | INFO  | ObjectStoreRestHttpServer | Listening HDDS REST traffic on /0.0.0.0:45555 |  
2019-09-19 09:01:50,586 [main] INFO  ozone.HddsDatanodeService (HddsDatanodeService.java:startPlugins(395)) - Started plug-in org.apache.hadoop.ozone.web.OzoneHddsDatanodeService@46a123e4
2019-09-19 09:01:50,587 [main] INFO  impl.MetricsSystemImpl (MetricsSystemImpl.java:init(158)) - HddsDatanode metrics system started (again)
2019-09-19 09:01:50,589 [org.apache.hadoop.util.JvmPauseMonitor$Monitor@7961e0b9] INFO  util.JvmPauseMonitor (JvmPauseMonitor.java:run(188)) - Starting JVM pause monitor
2019-09-19 09:01:50,590 [main] INFO  ozone.HddsDatanodeService (HddsDatanodeService.java:start(184)) - HddsDatanodeService host:pr-hdds-1569-j4bt4-3030777008 ip:192.168.34.5
2019-09-19 09:01:50,593 [Datanode State Machine Thread - 0] INFO  datanode.InitDatanodeState (InitDatanodeState.java:persistContainerDatanodeDetails(140)) - DatanodeDetails is persisted to /workdir/hadoop-ozone/integration-test/target/test-dir/MiniOzoneClusterImpl-e985e272-9a55-4a46-95f9-9d7dad2521ff/datanode-1/meta/datanode.id
2019-09-19 09:01:50,599 [main] INFO  volume.HddsVolume (HddsVolume.java:<init>(176)) - Creating Volume: /workdir/hadoop-ozone/integration-test/target/test-dir/MiniOzoneClusterImpl-e985e272-9a55-4a46-95f9-9d7dad2521ff/datanode-2/data/containers/hdds of  storage type : DISK and capacity : 1482555576320
2019-09-19 09:01:50,599 [main] INFO  volume.VolumeSet (VolumeSet.java:initializeVolumeSet(170)) - Added Volume : /workdir/hadoop-ozone/integration-test/target/test-dir/MiniOzoneClusterImpl-e985e272-9a55-4a46-95f9-9d7dad2521ff/datanode-2/data/containers/hdds to VolumeSet
2019-09-19 09:01:50,600 [main] INFO  volume.ThrottledAsyncChecker (ThrottledAsyncChecker.java:schedule(140)) - Scheduling a check for org.apache.hadoop.ozone.container.common.volume.HddsVolume@53a50b0a
2019-09-19 09:01:50,600 [main] INFO  volume.HddsVolumeChecker (HddsVolumeChecker.java:checkAllVolumes(203)) - Scheduled health check for volume org.apache.hadoop.ozone.container.common.volume.HddsVolume@53a50b0a
2019-09-19 09:01:50,619 [main] INFO  impl.RaftServerProxy (ConfUtils.java:logGet(43)) - raft.rpc.type = GRPC (default)
2019-09-19 09:01:50,619 [main] INFO  grpc.GrpcFactory (GrpcFactory.java:checkPooledByteBufAllocatorUseCacheForAllThreads(45)) - PERFORMANCE WARNING: useCacheForAllThreads is true that may cause Netty to create a lot garbage objects and, as a result, trigger GC.
	It is recommended to disable useCacheForAllThreads by setting -Dorg.apache.ratis.thirdparty.io.netty.allocator.useCacheForAllThreads=false in command line.
2019-09-19 09:01:50,620 [main] INFO  grpc.GrpcConfigKeys$Server (ConfUtils.java:logGet(43)) - raft.grpc.server.port = 0 (default)
2019-09-19 09:01:50,620 [main] INFO  server.GrpcService (ConfUtils.java:logGet(43)) - raft.grpc.message.size.max = 33570816 (custom)
2019-09-19 09:01:50,620 [main] INFO  server.RaftServerConfigKeys (ConfUtils.java:logGet(43)) - raft.server.log.appender.buffer.byte-limit = 33554432 (custom)
2019-09-19 09:01:50,621 [main] INFO  server.GrpcService (ConfUtils.java:logGet(43)) - raft.grpc.flow.control.window = 1MB (=1048576) (default)
2019-09-19 09:01:50,621 [main] INFO  server.RaftServerConfigKeys (ConfUtils.java:logGet(43)) - raft.server.rpc.request.timeout = 3000ms (default)
2019-09-19 09:01:50,622 [main] INFO  server.RaftServerConfigKeys (ConfUtils.java:logGet(43)) - raft.server.storage.dir = [/workdir/hadoop-ozone/integration-test/target/test-dir/MiniOzoneClusterImpl-e985e272-9a55-4a46-95f9-9d7dad2521ff/datanode-2/data/ratis] (custom)
2019-09-19 09:01:50,623 [main] INFO  replication.SimpleContainerDownloader (SimpleContainerDownloader.java:<init>(72)) - Starting container downloader service to copy containers to replicate.
2019-09-19 09:01:50,626 [main] INFO  hdfs.DFSUtil (DFSUtil.java:httpServerTemplateForNNAndJN(1641)) - Starting Web-server for hddsDatanode at: http://0.0.0.0:0
2019-09-19 09:01:50,628 [main] INFO  server.AuthenticationFilter (AuthenticationFilter.java:constructSecretProvider(240)) - Unable to initialize FileSignerSecretProvider, falling back to use random secrets.
2019-09-19 09:01:50,632 [main] WARN  http.HttpRequestLog (HttpRequestLog.java:getRequestLog(97)) - Jetty request log can only be enabled using Log4j
2019-09-19 09:01:50,635 [main] INFO  http.HttpServer2 (HttpServer2.java:addGlobalFilter(975)) - Added global filter 'safety' (class=org.apache.hadoop.http.HttpServer2$QuotingInputFilter)
2019-09-19 09:01:50,636 [main] INFO  http.HttpServer2 (HttpServer2.java:addFilter(948)) - Added filter static_user_filter (class=org.apache.hadoop.http.lib.StaticUserWebFilter$StaticUserFilter) to context hddsDatanode
2019-09-19 09:01:50,636 [main] INFO  http.HttpServer2 (HttpServer2.java:addFilter(958)) - Added filter static_user_filter (class=org.apache.hadoop.http.lib.StaticUserWebFilter$StaticUserFilter) to context static
2019-09-19 09:01:50,636 [main] INFO  http.HttpServer2 (HttpServer2.java:addFilter(958)) - Added filter static_user_filter (class=org.apache.hadoop.http.lib.StaticUserWebFilter$StaticUserFilter) to context logs
2019-09-19 09:01:50,638 [main] INFO  http.HttpServer2 (HttpServer2.java:bindListener(1191)) - Jetty bound to port 44520
2019-09-19 09:01:50,638 [main] INFO  server.Server (Server.java:doStart(351)) - jetty-9.3.24.v20180605, build timestamp: 2018-06-05T17:11:56Z, git hash: 84205aa28f11a4f31f2a3b86d1bba2cc8ab69827
2019-09-19 09:01:50,647 [main] INFO  handler.ContextHandler (ContextHandler.java:doStart(781)) - Started o.e.j.s.ServletContextHandler@41def031{/logs,file:///workdir/hadoop-ozone/integration-test/target/log,AVAILABLE}
2019-09-19 09:01:50,648 [main] INFO  handler.ContextHandler (ContextHandler.java:doStart(781)) - Started o.e.j.s.ServletContextHandler@39832280{/static,jar:file:/home/user/.m2/repository/org/apache/hadoop/hadoop-hdds-container-service/0.5.0-SNAPSHOT/hadoop-hdds-container-service-0.5.0-SNAPSHOT.jar!/webapps/static,AVAILABLE}
2019-09-19 09:01:50,686 [main] INFO  handler.ContextHandler (ContextHandler.java:doStart(781)) - Started o.e.j.w.WebAppContext@8c0a23f{/,file:///tmp/jetty-0.0.0.0-44520-hddsDatanode-_-any-590646811757395224.dir/webapp/,AVAILABLE}{/hddsDatanode}
2019-09-19 09:01:50,687 [main] INFO  server.AbstractConnector (AbstractConnector.java:doStart(278)) - Started ServerConnector@44d7e24{HTTP/1.1,[http/1.1]}{0.0.0.0:44520}
2019-09-19 09:01:50,688 [main] INFO  server.Server (Server.java:doStart(419)) - Started @20614ms
2019-09-19 09:01:50,689 [main] INFO  server.BaseHttpServer (BaseHttpServer.java:updateConnectorAddress(213)) - HTTP server of HDDSDATANODE is listening at http://0.0.0.0:44520
2019-09-19 09:01:50,876 | INFO  | ObjectStoreRestHttpServer | Listening HDDS REST traffic on /0.0.0.0:45853 |  
2019-09-19 09:01:50,877 [main] INFO  ozone.HddsDatanodeService (HddsDatanodeService.java:startPlugins(395)) - Started plug-in org.apache.hadoop.ozone.web.OzoneHddsDatanodeService@50bc3219
2019-09-19 09:01:50,879 [main] INFO  ozone.MiniOzoneClusterImpl (MiniOzoneClusterImpl.java:lambda$waitForClusterToBeReady$0(142)) - Waiting for cluster to be ready. Got 0 of 3 DN Heartbeats.
2019-09-19 09:01:50,879 [org.apache.hadoop.util.JvmPauseMonitor$Monitor@1e5805de] INFO  util.JvmPauseMonitor (JvmPauseMonitor.java:run(188)) - Starting JVM pause monitor
2019-09-19 09:01:50,893 [Datanode State Machine Thread - 0] INFO  datanode.InitDatanodeState (InitDatanodeState.java:persistContainerDatanodeDetails(140)) - DatanodeDetails is persisted to /workdir/hadoop-ozone/integration-test/target/test-dir/MiniOzoneClusterImpl-e985e272-9a55-4a46-95f9-9d7dad2521ff/datanode-2/meta/datanode.id
2019-09-19 09:01:51,879 [main] INFO  ozone.MiniOzoneClusterImpl (MiniOzoneClusterImpl.java:lambda$waitForClusterToBeReady$0(142)) - Waiting for cluster to be ready. Got 0 of 3 DN Heartbeats.
2019-09-19 09:01:52,308 | INFO  | SCMAudit | user=jenkins1000 | ip=192.168.34.5 | op=GET_VERSION null | ret=SUCCESS |  
2019-09-19 09:01:52,332 [Datanode State Machine Thread - 0] INFO  ozoneimpl.OzoneContainer (OzoneContainer.java:start(186)) - Attempting to start container services.
2019-09-19 09:01:52,333 [Datanode State Machine Thread - 0] INFO  ozoneimpl.OzoneContainer (OzoneContainer.java:startContainerScrub(160)) - Background container scrubber has been disabled by hdds.containerscrub.enabled
2019-09-19 09:01:52,334 [Datanode State Machine Thread - 0] INFO  ratis.XceiverServerRatis (XceiverServerRatis.java:start(404)) - Starting XceiverServerRatis 71867667-6e29-4129-8075-280da1fb250d at port 0
2019-09-19 09:01:52,363 [Datanode State Machine Thread - 0] INFO  impl.RaftServerProxy (RaftServerProxy.java:lambda$start$3(299)) - 71867667-6e29-4129-8075-280da1fb250d: start RPC server
2019-09-19 09:01:52,523 [Datanode State Machine Thread - 0] INFO  server.GrpcService (GrpcService.java:startImpl(149)) - 71867667-6e29-4129-8075-280da1fb250d: GrpcService started, listening on 0.0.0.0/0.0.0.0:39065
2019-09-19 09:01:52,524 [Datanode State Machine Thread - 0] INFO  ratis.XceiverServerRatis (XceiverServerRatis.java:start(414)) - XceiverServerRatis 71867667-6e29-4129-8075-280da1fb250d is started using port 39065
2019-09-19 09:01:52,526 [Datanode State Machine Thread - 0] INFO  server.XceiverServerGrpc (XceiverServerGrpc.java:start(163)) - XceiverServerGrpc 71867667-6e29-4129-8075-280da1fb250d is started using port 35832
2019-09-19 09:01:52,591 | INFO  | SCMAudit | user=jenkins1000 | ip=192.168.34.5 | op=GET_VERSION null | ret=SUCCESS |  
2019-09-19 09:01:52,609 [Datanode State Machine Thread - 0] INFO  ozoneimpl.OzoneContainer (OzoneContainer.java:start(186)) - Attempting to start container services.
2019-09-19 09:01:52,611 [Datanode State Machine Thread - 0] INFO  ozoneimpl.OzoneContainer (OzoneContainer.java:startContainerScrub(160)) - Background container scrubber has been disabled by hdds.containerscrub.enabled
2019-09-19 09:01:52,611 [Datanode State Machine Thread - 0] INFO  ratis.XceiverServerRatis (XceiverServerRatis.java:start(404)) - Starting XceiverServerRatis 057e793c-281b-4dc7-88ef-622d16e5bee4 at port 0
2019-09-19 09:01:52,671 [Datanode State Machine Thread - 0] INFO  impl.RaftServerProxy (RaftServerProxy.java:lambda$start$3(299)) - 057e793c-281b-4dc7-88ef-622d16e5bee4: start RPC server
2019-09-19 09:01:52,674 [Datanode State Machine Thread - 0] INFO  server.GrpcService (GrpcService.java:startImpl(149)) - 057e793c-281b-4dc7-88ef-622d16e5bee4: GrpcService started, listening on 0.0.0.0/0.0.0.0:44787
2019-09-19 09:01:52,675 [Datanode State Machine Thread - 0] INFO  ratis.XceiverServerRatis (XceiverServerRatis.java:start(414)) - XceiverServerRatis 057e793c-281b-4dc7-88ef-622d16e5bee4 is started using port 44787
2019-09-19 09:01:52,677 [Datanode State Machine Thread - 0] INFO  server.XceiverServerGrpc (XceiverServerGrpc.java:start(163)) - XceiverServerGrpc 057e793c-281b-4dc7-88ef-622d16e5bee4 is started using port 35037
2019-09-19 09:01:52,881 [main] INFO  ozone.MiniOzoneClusterImpl (MiniOzoneClusterImpl.java:lambda$waitForClusterToBeReady$0(142)) - Waiting for cluster to be ready. Got 0 of 3 DN Heartbeats.
2019-09-19 09:01:52,882 | INFO  | SCMAudit | user=jenkins1000 | ip=192.168.34.5 | op=GET_VERSION null | ret=SUCCESS |  
2019-09-19 09:01:52,897 [Datanode State Machine Thread - 0] INFO  ozoneimpl.OzoneContainer (OzoneContainer.java:start(186)) - Attempting to start container services.
2019-09-19 09:01:52,899 [Datanode State Machine Thread - 0] INFO  ozoneimpl.OzoneContainer (OzoneContainer.java:startContainerScrub(160)) - Background container scrubber has been disabled by hdds.containerscrub.enabled
2019-09-19 09:01:52,899 [Datanode State Machine Thread - 0] INFO  ratis.XceiverServerRatis (XceiverServerRatis.java:start(404)) - Starting XceiverServerRatis 477c0686-3f3a-41e4-8702-e2a67c6cb8b9 at port 0
2019-09-19 09:01:52,909 [Datanode State Machine Thread - 0] INFO  impl.RaftServerProxy (RaftServerProxy.java:lambda$start$3(299)) - 477c0686-3f3a-41e4-8702-e2a67c6cb8b9: start RPC server
2019-09-19 09:01:52,913 [Datanode State Machine Thread - 0] INFO  server.GrpcService (GrpcService.java:startImpl(149)) - 477c0686-3f3a-41e4-8702-e2a67c6cb8b9: GrpcService started, listening on 0.0.0.0/0.0.0.0:41600
2019-09-19 09:01:52,913 [Datanode State Machine Thread - 0] INFO  ratis.XceiverServerRatis (XceiverServerRatis.java:start(414)) - XceiverServerRatis 477c0686-3f3a-41e4-8702-e2a67c6cb8b9 is started using port 41600
2019-09-19 09:01:52,916 [Datanode State Machine Thread - 0] INFO  server.XceiverServerGrpc (XceiverServerGrpc.java:start(163)) - XceiverServerGrpc 477c0686-3f3a-41e4-8702-e2a67c6cb8b9 is started using port 36947
2019-09-19 09:01:53,882 [main] INFO  ozone.MiniOzoneClusterImpl (MiniOzoneClusterImpl.java:lambda$waitForClusterToBeReady$0(142)) - Waiting for cluster to be ready. Got 0 of 3 DN Heartbeats.
2019-09-19 09:01:54,306 [IPC Server handler 0 on 34582] INFO  net.NetworkTopology (NetworkTopologyImpl.java:add(110)) - Added a new node: /default-rack/71867667-6e29-4129-8075-280da1fb250d
2019-09-19 09:01:54,307 [IPC Server handler 0 on 34582] INFO  node.SCMNodeManager (SCMNodeManager.java:register(273)) - Registered Data node : 71867667-6e29-4129-8075-280da1fb250d{ip: 192.168.34.5, host: pr-hdds-1569-j4bt4-3030777008, networkLocation: /default-rack, certSerialId: null}
2019-09-19 09:01:54,313 [EventQueue-NodeRegistrationContainerReportForDataNodeSafeModeRule] INFO  safemode.SCMSafeModeManager (DataNodeSafeModeRule.java:process(71)) - SCM in safe mode. 1 DataNodes registered, 1 required.
2019-09-19 09:01:54,315 [EventQueue-NodeRegistrationContainerReportForDataNodeSafeModeRule] INFO  safemode.SCMSafeModeManager (SCMSafeModeManager.java:validateSafeModeExitRules(177)) - ScmSafeModeManager, all rules are successfully validated
2019-09-19 09:01:54,315 [EventQueue-NodeRegistrationContainerReportForDataNodeSafeModeRule] INFO  safemode.SCMSafeModeManager (SCMSafeModeManager.java:exitSafeMode(193)) - SCM exiting safe mode.
2019-09-19 09:01:54,325 | INFO  | SCMAudit | user=jenkins1000 | ip=192.168.34.5 | op=REGISTER {datanodeDetails=71867667-6e29-4129-8075-280da1fb250d{ip: 192.168.34.5, host: pr-hdds-1569-j4bt4-3030777008, networkLocation: /default-rack, certSerialId: null}} | ret=SUCCESS |  
2019-09-19 09:01:54,591 [IPC Server handler 1 on 34582] INFO  net.NetworkTopology (NetworkTopologyImpl.java:add(110)) - Added a new node: /default-rack/057e793c-281b-4dc7-88ef-622d16e5bee4
2019-09-19 09:01:54,592 [IPC Server handler 1 on 34582] INFO  node.SCMNodeManager (SCMNodeManager.java:register(273)) - Registered Data node : 057e793c-281b-4dc7-88ef-622d16e5bee4{ip: 192.168.34.5, host: pr-hdds-1569-j4bt4-3030777008, networkLocation: /default-rack, certSerialId: null}
2019-09-19 09:01:54,593 | INFO  | SCMAudit | user=jenkins1000 | ip=192.168.34.5 | op=REGISTER {datanodeDetails=057e793c-281b-4dc7-88ef-622d16e5bee4{ip: 192.168.34.5, host: pr-hdds-1569-j4bt4-3030777008, networkLocation: /default-rack, certSerialId: null}} | ret=SUCCESS |  
2019-09-19 09:01:55,043 [main] INFO  ozone.MiniOzoneClusterImpl (MiniOzoneClusterImpl.java:lambda$waitForClusterToBeReady$0(142)) - Waiting for cluster to be ready. Got 2 of 3 DN Heartbeats.
2019-09-19 09:01:55,046 [IPC Server handler 3 on 34582] INFO  net.NetworkTopology (NetworkTopologyImpl.java:add(110)) - Added a new node: /default-rack/477c0686-3f3a-41e4-8702-e2a67c6cb8b9
2019-09-19 09:01:55,046 [IPC Server handler 3 on 34582] INFO  node.SCMNodeManager (SCMNodeManager.java:register(273)) - Registered Data node : 477c0686-3f3a-41e4-8702-e2a67c6cb8b9{ip: 192.168.34.5, host: pr-hdds-1569-j4bt4-3030777008, networkLocation: /default-rack, certSerialId: null}
2019-09-19 09:01:55,047 | INFO  | SCMAudit | user=jenkins1000 | ip=192.168.34.5 | op=REGISTER {datanodeDetails=477c0686-3f3a-41e4-8702-e2a67c6cb8b9{ip: 192.168.34.5, host: pr-hdds-1569-j4bt4-3030777008, networkLocation: /default-rack, certSerialId: null}} | ret=SUCCESS |  
2019-09-19 09:01:55,126 [grpc-default-executor-0] INFO  impl.RaftServerProxy (RaftServerProxy.java:addNew(89)) - 71867667-6e29-4129-8075-280da1fb250d: addNew group-71A201FC877B:[71867667-6e29-4129-8075-280da1fb250d:192.168.34.5:39065] returns group-71A201FC877B:java.util.concurrent.CompletableFuture@26fb446b[Not completed]
2019-09-19 09:01:55,136 [pool-27-thread-1] INFO  impl.RaftServerImpl (RaftServerImpl.java:<init>(93)) - 71867667-6e29-4129-8075-280da1fb250d: new RaftServerImpl for group-71A201FC877B:[71867667-6e29-4129-8075-280da1fb250d:192.168.34.5:39065] with ContainerStateMachine:uninitialized
2019-09-19 09:01:55,139 [pool-27-thread-1] INFO  server.RaftServerConfigKeys (ConfUtils.java:logGet(43)) - raft.server.rpc.timeout.min = 5s (custom)
2019-09-19 09:01:55,140 [pool-27-thread-1] INFO  server.RaftServerConfigKeys (ConfUtils.java:logGet(43)) - raft.server.rpc.timeout.max = 5200ms (custom)
2019-09-19 09:01:55,140 [pool-27-thread-1] INFO  server.RaftServerConfigKeys (ConfUtils.java:logGet(43)) - raft.server.rpcslowness.timeout = 120s (custom)
2019-09-19 09:01:55,141 [pool-27-thread-1] INFO  server.RaftServerConfigKeys (ConfUtils.java:logGet(43)) - raft.server.sleep.deviation.threshold = 300 (default)
2019-09-19 09:01:55,142 [pool-27-thread-1] INFO  server.RaftServerConfigKeys (ConfUtils.java:logGet(43)) - raft.server.log.appender.install.snapshot.enabled = false (custom)
2019-09-19 09:01:55,150 [pool-27-thread-1] INFO  impl.RaftServerImpl (ServerState.java:<init>(105)) - 71867667-6e29-4129-8075-280da1fb250d:group-71A201FC877B ConfigurationManager, init=-1: [71867667-6e29-4129-8075-280da1fb250d:192.168.34.5:39065], old=null, confs=<EMPTY_MAP>
2019-09-19 09:01:55,151 [pool-27-thread-1] INFO  server.RaftServerConfigKeys (ConfUtils.java:logGet(43)) - raft.server.storage.dir = [/workdir/hadoop-ozone/integration-test/target/test-dir/MiniOzoneClusterImpl-e985e272-9a55-4a46-95f9-9d7dad2521ff/datanode-0/data/ratis] (custom)
2019-09-19 09:01:55,160 [pool-27-thread-1] INFO  storage.RaftStorageDirectory (RaftStorageDirectory.java:analyzeStorage(246)) - The storage directory /workdir/hadoop-ozone/integration-test/target/test-dir/MiniOzoneClusterImpl-e985e272-9a55-4a46-95f9-9d7dad2521ff/datanode-0/data/ratis/144ef288-3580-4236-b8de-71a201fc877b does not exist. Creating ...
2019-09-19 09:01:55,171 [pool-27-thread-1] INFO  storage.RaftStorageDirectory (RaftStorageDirectory.java:tryLock(328)) - Lock on /workdir/hadoop-ozone/integration-test/target/test-dir/MiniOzoneClusterImpl-e985e272-9a55-4a46-95f9-9d7dad2521ff/datanode-0/data/ratis/144ef288-3580-4236-b8de-71a201fc877b/in_use.lock acquired by nodename 14601@pr-hdds-1569-j4bt4-3030777008
2019-09-19 09:01:55,176 [pool-27-thread-1] INFO  storage.RaftStorage (RaftStorage.java:format(72)) - Storage directory /workdir/hadoop-ozone/integration-test/target/test-dir/MiniOzoneClusterImpl-e985e272-9a55-4a46-95f9-9d7dad2521ff/datanode-0/data/ratis/144ef288-3580-4236-b8de-71a201fc877b has been successfully formatted.
2019-09-19 09:01:55,177 [pool-27-thread-1] INFO  ratis.ContainerStateMachine (ContainerStateMachine.java:loadSnapshot(226)) - group-71A201FC877B: The snapshot info is null. Setting the last applied indexto:(t:0, i:~)
2019-09-19 09:01:55,178 [pool-27-thread-1] INFO  server.RaftServerConfigKeys (ConfUtils.java:logGet(43)) - raft.server.leader.election.timeout = 120s (custom)
2019-09-19 09:01:55,180 [pool-27-thread-1] INFO  server.RaftServerConfigKeys (ConfUtils.java:logGet(43)) - raft.server.log.use.memory = false (default)
2019-09-19 09:01:55,184 [pool-27-thread-1] INFO  server.RaftServerConfigKeys (ConfUtils.java:logGet(43)) - raft.server.log.purge.gap = 1000000 (custom)
2019-09-19 09:01:55,185 [pool-27-thread-1] INFO  server.RaftServerConfigKeys (ConfUtils.java:logGet(43)) - raft.server.log.appender.buffer.byte-limit = 33554432 (custom)
2019-09-19 09:01:55,186 [pool-27-thread-1] INFO  server.RaftServerConfigKeys (ConfUtils.java:logGet(43)) - raft.server.log.segment.size.max = 1048576 (custom)
2019-09-19 09:01:55,190 [pool-27-thread-1] INFO  server.RaftServerConfigKeys (ConfUtils.java:logGet(43)) - raft.server.log.segment.cache.num.max = 2 (custom)
2019-09-19 09:01:55,194 [pool-27-thread-1] INFO  segmented.SegmentedRaftLogWorker (SegmentedRaftLogWorker.java:<init>(172)) - new 71867667-6e29-4129-8075-280da1fb250d-SegmentedRaftLogWorker:Storage Directory /workdir/hadoop-ozone/integration-test/target/test-dir/MiniOzoneClusterImpl-e985e272-9a55-4a46-95f9-9d7dad2521ff/datanode-0/data/ratis/144ef288-3580-4236-b8de-71a201fc877b for RaftStorage:Storage Directory /workdir/hadoop-ozone/integration-test/target/test-dir/MiniOzoneClusterImpl-e985e272-9a55-4a46-95f9-9d7dad2521ff/datanode-0/data/ratis/144ef288-3580-4236-b8de-71a201fc877b
2019-09-19 09:01:55,205 [pool-27-thread-1] INFO  server.RaftServerConfigKeys (ConfUtils.java:logGet(43)) - raft.server.log.queue.byte-limit = 2147483647 (custom)
2019-09-19 09:01:55,205 [pool-27-thread-1] INFO  server.RaftServerConfigKeys (ConfUtils.java:logGet(43)) - raft.server.log.queue.element-limit = 1024 (custom)
2019-09-19 09:01:55,211 [pool-27-thread-1] INFO  server.RaftServerConfigKeys (ConfUtils.java:logGet(43)) - raft.server.log.segment.size.max = 1048576 (custom)
2019-09-19 09:01:55,212 [pool-27-thread-1] INFO  server.RaftServerConfigKeys (ConfUtils.java:logGet(43)) - raft.server.log.preallocated.size = 16384 (custom)
2019-09-19 09:01:55,212 [pool-27-thread-1] INFO  server.RaftServerConfigKeys (ConfUtils.java:logGet(43)) - raft.server.log.write.buffer.size = 33554432 (custom)
2019-09-19 09:01:55,212 [pool-27-thread-1] INFO  server.RaftServerConfigKeys (ConfUtils.java:logGet(43)) - raft.server.log.force.sync.num = 128 (default)
2019-09-19 09:01:55,213 [pool-27-thread-1] INFO  server.RaftServerConfigKeys (ConfUtils.java:logGet(43)) - raft.server.log.statemachine.data.sync = true (default)
2019-09-19 09:01:55,214 [pool-27-thread-1] INFO  server.RaftServerConfigKeys (ConfUtils.java:logGet(43)) - raft.server.log.statemachine.data.sync.timeout = 10s (default)
2019-09-19 09:01:55,214 [pool-27-thread-1] INFO  server.RaftServerConfigKeys (ConfUtils.java:logGet(43)) - raft.server.log.statemachine.data.sync.timeout.retry = -1 (default)
2019-09-19 09:01:55,221 [pool-27-thread-1] INFO  server.RaftServerConfigKeys (ConfUtils.java:logGet(43)) - raft.server.log.statemachine.data.caching.enabled = true (custom)
2019-09-19 09:01:55,225 [pool-27-thread-1] INFO  segmented.SegmentedRaftLogWorker (SegmentedRaftLogWorker.java:lambda$new$0(132)) - 71867667-6e29-4129-8075-280da1fb250d-SegmentedRaftLogWorker:Storage Directory /workdir/hadoop-ozone/integration-test/target/test-dir/MiniOzoneClusterImpl-e985e272-9a55-4a46-95f9-9d7dad2521ff/datanode-0/data/ratis/144ef288-3580-4236-b8de-71a201fc877b: flushIndex: setUnconditionally 0 -> -1
2019-09-19 09:01:55,229 [pool-27-thread-1] INFO  server.RaftServerConfigKeys (ConfUtils.java:logGet(43)) - raft.server.snapshot.auto.trigger.enabled = true (custom)
2019-09-19 09:01:55,230 [pool-27-thread-1] INFO  server.RaftServerConfigKeys (ConfUtils.java:logGet(43)) - raft.server.snapshot.auto.trigger.threshold = 10000 (custom)
2019-09-19 09:01:55,230 [pool-27-thread-1] INFO  server.RaftServerConfigKeys (ConfUtils.java:logGet(43)) - raft.server.retrycache.expirytime = 600000ms (custom)
2019-09-19 09:01:55,249 [pool-27-thread-1] INFO  impl.RaftServerImpl (RaftServerImpl.java:start(180)) - 71867667-6e29-4129-8075-280da1fb250d: start group-71A201FC877B
2019-09-19 09:01:55,250 [pool-27-thread-1] INFO  impl.RaftServerImpl (RaftServerImpl.java:setRole(171)) - 71867667-6e29-4129-8075-280da1fb250d:group-71A201FC877B changes role from null to FOLLOWER at term 0 for startAsFollower
2019-09-19 09:01:55,251 [pool-27-thread-1] INFO  impl.RoleInfo (RoleInfo.java:updateAndGet(143)) - 71867667-6e29-4129-8075-280da1fb250d: start FollowerState
2019-09-19 09:01:55,257 [pool-27-thread-1] INFO  util.JmxRegister (JmxRegister.java:tryRegister(44)) - Successfully registered JMX Bean with object name Ratis:service=RaftServer,group=group-71A201FC877B,id=71867667-6e29-4129-8075-280da1fb250d
2019-09-19 09:01:55,305 [RatisPipelineUtilsThread] INFO  pipeline.PipelineStateManager (PipelineStateManager.java:addPipeline(56)) - Created pipeline Pipeline[ Id: 144ef288-3580-4236-b8de-71a201fc877b, Nodes: 71867667-6e29-4129-8075-280da1fb250d{ip: 192.168.34.5, host: pr-hdds-1569-j4bt4-3030777008, networkLocation: /default-rack, certSerialId: null}, Type:RATIS, Factor:ONE, State:OPEN]
2019-09-19 09:01:55,324 [grpc-default-executor-0] INFO  impl.RaftServerProxy (RaftServerProxy.java:addNew(89)) - 477c0686-3f3a-41e4-8702-e2a67c6cb8b9: addNew group-B982F948075F:[477c0686-3f3a-41e4-8702-e2a67c6cb8b9:192.168.34.5:41600] returns group-B982F948075F:java.util.concurrent.CompletableFuture@527d62a[Not completed]
2019-09-19 09:01:55,359 [pool-49-thread-1] INFO  impl.RaftServerImpl (RaftServerImpl.java:<init>(93)) - 477c0686-3f3a-41e4-8702-e2a67c6cb8b9: new RaftServerImpl for group-B982F948075F:[477c0686-3f3a-41e4-8702-e2a67c6cb8b9:192.168.34.5:41600] with ContainerStateMachine:uninitialized
2019-09-19 09:01:55,361 [pool-49-thread-1] INFO  server.RaftServerConfigKeys (ConfUtils.java:logGet(43)) - raft.server.rpc.timeout.min = 5s (custom)
2019-09-19 09:01:55,361 [pool-49-thread-1] INFO  server.RaftServerConfigKeys (ConfUtils.java:logGet(43)) - raft.server.rpc.timeout.max = 5200ms (custom)
2019-09-19 09:01:55,361 [pool-49-thread-1] INFO  server.RaftServerConfigKeys (ConfUtils.java:logGet(43)) - raft.server.rpcslowness.timeout = 120s (custom)
2019-09-19 09:01:55,362 [pool-49-thread-1] INFO  server.RaftServerConfigKeys (ConfUtils.java:logGet(43)) - raft.server.sleep.deviation.threshold = 300 (default)
2019-09-19 09:01:55,362 [pool-49-thread-1] INFO  server.RaftServerConfigKeys (ConfUtils.java:logGet(43)) - raft.server.log.appender.install.snapshot.enabled = false (custom)
2019-09-19 09:01:55,362 [pool-49-thread-1] INFO  impl.RaftServerImpl (ServerState.java:<init>(105)) - 477c0686-3f3a-41e4-8702-e2a67c6cb8b9:group-B982F948075F ConfigurationManager, init=-1: [477c0686-3f3a-41e4-8702-e2a67c6cb8b9:192.168.34.5:41600], old=null, confs=<EMPTY_MAP>
2019-09-19 09:01:55,362 [pool-49-thread-1] INFO  server.RaftServerConfigKeys (ConfUtils.java:logGet(43)) - raft.server.storage.dir = [/workdir/hadoop-ozone/integration-test/target/test-dir/MiniOzoneClusterImpl-e985e272-9a55-4a46-95f9-9d7dad2521ff/datanode-2/data/ratis] (custom)
2019-09-19 09:01:55,362 [pool-49-thread-1] INFO  storage.RaftStorageDirectory (RaftStorageDirectory.java:analyzeStorage(246)) - The storage directory /workdir/hadoop-ozone/integration-test/target/test-dir/MiniOzoneClusterImpl-e985e272-9a55-4a46-95f9-9d7dad2521ff/datanode-2/data/ratis/576ecead-fb0c-45f9-a735-b982f948075f does not exist. Creating ...
2019-09-19 09:01:55,367 [pool-49-thread-1] INFO  storage.RaftStorageDirectory (RaftStorageDirectory.java:tryLock(328)) - Lock on /workdir/hadoop-ozone/integration-test/target/test-dir/MiniOzoneClusterImpl-e985e272-9a55-4a46-95f9-9d7dad2521ff/datanode-2/data/ratis/576ecead-fb0c-45f9-a735-b982f948075f/in_use.lock acquired by nodename 14601@pr-hdds-1569-j4bt4-3030777008
2019-09-19 09:01:55,372 [pool-49-thread-1] INFO  storage.RaftStorage (RaftStorage.java:format(72)) - Storage directory /workdir/hadoop-ozone/integration-test/target/test-dir/MiniOzoneClusterImpl-e985e272-9a55-4a46-95f9-9d7dad2521ff/datanode-2/data/ratis/576ecead-fb0c-45f9-a735-b982f948075f has been successfully formatted.
2019-09-19 09:01:55,373 [pool-49-thread-1] INFO  ratis.ContainerStateMachine (ContainerStateMachine.java:loadSnapshot(226)) - group-B982F948075F: The snapshot info is null. Setting the last applied indexto:(t:0, i:~)
2019-09-19 09:01:55,374 [pool-49-thread-1] INFO  server.RaftServerConfigKeys (ConfUtils.java:logGet(43)) - raft.server.leader.election.timeout = 120s (custom)
2019-09-19 09:01:55,374 [pool-49-thread-1] INFO  server.RaftServerConfigKeys (ConfUtils.java:logGet(43)) - raft.server.log.use.memory = false (default)
2019-09-19 09:01:55,375 [pool-49-thread-1] INFO  server.RaftServerConfigKeys (ConfUtils.java:logGet(43)) - raft.server.log.purge.gap = 1000000 (custom)
2019-09-19 09:01:55,375 [pool-49-thread-1] INFO  server.RaftServerConfigKeys (ConfUtils.java:logGet(43)) - raft.server.log.appender.buffer.byte-limit = 33554432 (custom)
2019-09-19 09:01:55,375 [pool-49-thread-1] INFO  server.RaftServerConfigKeys (ConfUtils.java:logGet(43)) - raft.server.log.segment.size.max = 1048576 (custom)
2019-09-19 09:01:55,375 [pool-49-thread-1] INFO  server.RaftServerConfigKeys (ConfUtils.java:logGet(43)) - raft.server.log.segment.cache.num.max = 2 (custom)
2019-09-19 09:01:55,376 [pool-49-thread-1] INFO  segmented.SegmentedRaftLogWorker (SegmentedRaftLogWorker.java:<init>(172)) - new 477c0686-3f3a-41e4-8702-e2a67c6cb8b9-SegmentedRaftLogWorker:Storage Directory /workdir/hadoop-ozone/integration-test/target/test-dir/MiniOzoneClusterImpl-e985e272-9a55-4a46-95f9-9d7dad2521ff/datanode-2/data/ratis/576ecead-fb0c-45f9-a735-b982f948075f for RaftStorage:Storage Directory /workdir/hadoop-ozone/integration-test/target/test-dir/MiniOzoneClusterImpl-e985e272-9a55-4a46-95f9-9d7dad2521ff/datanode-2/data/ratis/576ecead-fb0c-45f9-a735-b982f948075f
2019-09-19 09:01:55,377 [pool-49-thread-1] INFO  server.RaftServerConfigKeys (ConfUtils.java:logGet(43)) - raft.server.log.queue.byte-limit = 2147483647 (custom)
2019-09-19 09:01:55,377 [pool-49-thread-1] INFO  server.RaftServerConfigKeys (ConfUtils.java:logGet(43)) - raft.server.log.queue.element-limit = 1024 (custom)
2019-09-19 09:01:55,378 [pool-49-thread-1] INFO  server.RaftServerConfigKeys (ConfUtils.java:logGet(43)) - raft.server.log.segment.size.max = 1048576 (custom)
2019-09-19 09:01:55,378 [pool-49-thread-1] INFO  server.RaftServerConfigKeys (ConfUtils.java:logGet(43)) - raft.server.log.preallocated.size = 16384 (custom)
2019-09-19 09:01:55,378 [pool-49-thread-1] INFO  server.RaftServerConfigKeys (ConfUtils.java:logGet(43)) - raft.server.log.write.buffer.size = 33554432 (custom)
2019-09-19 09:01:55,378 [pool-49-thread-1] INFO  server.RaftServerConfigKeys (ConfUtils.java:logGet(43)) - raft.server.log.force.sync.num = 128 (default)
2019-09-19 09:01:55,379 [pool-49-thread-1] INFO  server.RaftServerConfigKeys (ConfUtils.java:logGet(43)) - raft.server.log.statemachine.data.sync = true (default)
2019-09-19 09:01:55,379 [pool-49-thread-1] INFO  server.RaftServerConfigKeys (ConfUtils.java:logGet(43)) - raft.server.log.statemachine.data.sync.timeout = 10s (default)
2019-09-19 09:01:55,379 [pool-49-thread-1] INFO  server.RaftServerConfigKeys (ConfUtils.java:logGet(43)) - raft.server.log.statemachine.data.sync.timeout.retry = -1 (default)
2019-09-19 09:01:55,380 [pool-49-thread-1] INFO  server.RaftServerConfigKeys (ConfUtils.java:logGet(43)) - raft.server.log.statemachine.data.caching.enabled = true (custom)
2019-09-19 09:01:55,380 [pool-49-thread-1] INFO  segmented.SegmentedRaftLogWorker (SegmentedRaftLogWorker.java:lambda$new$0(132)) - 477c0686-3f3a-41e4-8702-e2a67c6cb8b9-SegmentedRaftLogWorker:Storage Directory /workdir/hadoop-ozone/integration-test/target/test-dir/MiniOzoneClusterImpl-e985e272-9a55-4a46-95f9-9d7dad2521ff/datanode-2/data/ratis/576ecead-fb0c-45f9-a735-b982f948075f: flushIndex: setUnconditionally 0 -> -1
2019-09-19 09:01:55,380 [pool-49-thread-1] INFO  server.RaftServerConfigKeys (ConfUtils.java:logGet(43)) - raft.server.snapshot.auto.trigger.enabled = true (custom)
2019-09-19 09:01:55,381 [pool-49-thread-1] INFO  server.RaftServerConfigKeys (ConfUtils.java:logGet(43)) - raft.server.snapshot.auto.trigger.threshold = 10000 (custom)
2019-09-19 09:01:55,381 [pool-49-thread-1] INFO  server.RaftServerConfigKeys (ConfUtils.java:logGet(43)) - raft.server.retrycache.expirytime = 600000ms (custom)
2019-09-19 09:01:55,381 [pool-49-thread-1] INFO  impl.RaftServerImpl (RaftServerImpl.java:start(180)) - 477c0686-3f3a-41e4-8702-e2a67c6cb8b9: start group-B982F948075F
2019-09-19 09:01:55,381 [pool-49-thread-1] INFO  impl.RaftServerImpl (RaftServerImpl.java:setRole(171)) - 477c0686-3f3a-41e4-8702-e2a67c6cb8b9:group-B982F948075F changes role from null to FOLLOWER at term 0 for startAsFollower
2019-09-19 09:01:55,381 [pool-49-thread-1] INFO  impl.RoleInfo (RoleInfo.java:updateAndGet(143)) - 477c0686-3f3a-41e4-8702-e2a67c6cb8b9: start FollowerState
2019-09-19 09:01:55,384 [pool-49-thread-1] INFO  util.JmxRegister (JmxRegister.java:tryRegister(44)) - Successfully registered JMX Bean with object name Ratis:service=RaftServer,group=group-B982F948075F,id=477c0686-3f3a-41e4-8702-e2a67c6cb8b9
2019-09-19 09:01:55,398 [RatisPipelineUtilsThread] INFO  pipeline.PipelineStateManager (PipelineStateManager.java:addPipeline(56)) - Created pipeline Pipeline[ Id: 576ecead-fb0c-45f9-a735-b982f948075f, Nodes: 477c0686-3f3a-41e4-8702-e2a67c6cb8b9{ip: 192.168.34.5, host: pr-hdds-1569-j4bt4-3030777008, networkLocation: /default-rack, certSerialId: null}, Type:RATIS, Factor:ONE, State:OPEN]
2019-09-19 09:01:55,412 [grpc-default-executor-0] INFO  impl.RaftServerProxy (RaftServerProxy.java:addNew(89)) - 057e793c-281b-4dc7-88ef-622d16e5bee4: addNew group-F77DC7C0E366:[057e793c-281b-4dc7-88ef-622d16e5bee4:192.168.34.5:44787] returns group-F77DC7C0E366:java.util.concurrent.CompletableFuture@5a829bee[Not completed]
2019-09-19 09:01:55,419 [pool-38-thread-1] INFO  impl.RaftServerImpl (RaftServerImpl.java:<init>(93)) - 057e793c-281b-4dc7-88ef-622d16e5bee4: new RaftServerImpl for group-F77DC7C0E366:[057e793c-281b-4dc7-88ef-622d16e5bee4:192.168.34.5:44787] with ContainerStateMachine:uninitialized
2019-09-19 09:01:55,420 [pool-38-thread-1] INFO  server.RaftServerConfigKeys (ConfUtils.java:logGet(43)) - raft.server.rpc.timeout.min = 5s (custom)
2019-09-19 09:01:55,420 [pool-38-thread-1] INFO  server.RaftServerConfigKeys (ConfUtils.java:logGet(43)) - raft.server.rpc.timeout.max = 5200ms (custom)
2019-09-19 09:01:55,420 [pool-38-thread-1] INFO  server.RaftServerConfigKeys (ConfUtils.java:logGet(43)) - raft.server.rpcslowness.timeout = 120s (custom)
2019-09-19 09:01:55,421 [pool-38-thread-1] INFO  server.RaftServerConfigKeys (ConfUtils.java:logGet(43)) - raft.server.sleep.deviation.threshold = 300 (default)
2019-09-19 09:01:55,421 [pool-38-thread-1] INFO  server.RaftServerConfigKeys (ConfUtils.java:logGet(43)) - raft.server.log.appender.install.snapshot.enabled = false (custom)
2019-09-19 09:01:55,421 [pool-38-thread-1] INFO  impl.RaftServerImpl (ServerState.java:<init>(105)) - 057e793c-281b-4dc7-88ef-622d16e5bee4:group-F77DC7C0E366 ConfigurationManager, init=-1: [057e793c-281b-4dc7-88ef-622d16e5bee4:192.168.34.5:44787], old=null, confs=<EMPTY_MAP>
2019-09-19 09:01:55,421 [pool-38-thread-1] INFO  server.RaftServerConfigKeys (ConfUtils.java:logGet(43)) - raft.server.storage.dir = [/workdir/hadoop-ozone/integration-test/target/test-dir/MiniOzoneClusterImpl-e985e272-9a55-4a46-95f9-9d7dad2521ff/datanode-1/data/ratis] (custom)
2019-09-19 09:01:55,421 [pool-38-thread-1] INFO  storage.RaftStorageDirectory (RaftStorageDirectory.java:analyzeStorage(246)) - The storage directory /workdir/hadoop-ozone/integration-test/target/test-dir/MiniOzoneClusterImpl-e985e272-9a55-4a46-95f9-9d7dad2521ff/datanode-1/data/ratis/4c910193-4171-45f8-994b-f77dc7c0e366 does not exist. Creating ...
2019-09-19 09:01:55,433 [pool-38-thread-1] INFO  storage.RaftStorageDirectory (RaftStorageDirectory.java:tryLock(328)) - Lock on /workdir/hadoop-ozone/integration-test/target/test-dir/MiniOzoneClusterImpl-e985e272-9a55-4a46-95f9-9d7dad2521ff/datanode-1/data/ratis/4c910193-4171-45f8-994b-f77dc7c0e366/in_use.lock acquired by nodename 14601@pr-hdds-1569-j4bt4-3030777008
2019-09-19 09:01:55,444 [pool-38-thread-1] INFO  storage.RaftStorage (RaftStorage.java:format(72)) - Storage directory /workdir/hadoop-ozone/integration-test/target/test-dir/MiniOzoneClusterImpl-e985e272-9a55-4a46-95f9-9d7dad2521ff/datanode-1/data/ratis/4c910193-4171-45f8-994b-f77dc7c0e366 has been successfully formatted.
2019-09-19 09:01:55,444 [pool-38-thread-1] INFO  ratis.ContainerStateMachine (ContainerStateMachine.java:loadSnapshot(226)) - group-F77DC7C0E366: The snapshot info is null. Setting the last applied indexto:(t:0, i:~)
2019-09-19 09:01:55,444 [pool-38-thread-1] INFO  server.RaftServerConfigKeys (ConfUtils.java:logGet(43)) - raft.server.leader.election.timeout = 120s (custom)
2019-09-19 09:01:55,444 [pool-38-thread-1] INFO  server.RaftServerConfigKeys (ConfUtils.java:logGet(43)) - raft.server.log.use.memory = false (default)
2019-09-19 09:01:55,444 [pool-38-thread-1] INFO  server.RaftServerConfigKeys (ConfUtils.java:logGet(43)) - raft.server.log.purge.gap = 1000000 (custom)
2019-09-19 09:01:55,445 [pool-38-thread-1] INFO  server.RaftServerConfigKeys (ConfUtils.java:logGet(43)) - raft.server.log.appender.buffer.byte-limit = 33554432 (custom)
2019-09-19 09:01:55,445 [pool-38-thread-1] INFO  server.RaftServerConfigKeys (ConfUtils.java:logGet(43)) - raft.server.log.segment.size.max = 1048576 (custom)
2019-09-19 09:01:55,445 [pool-38-thread-1] INFO  server.RaftServerConfigKeys (ConfUtils.java:logGet(43)) - raft.server.log.segment.cache.num.max = 2 (custom)
2019-09-19 09:01:55,445 [pool-38-thread-1] INFO  segmented.SegmentedRaftLogWorker (SegmentedRaftLogWorker.java:<init>(172)) - new 057e793c-281b-4dc7-88ef-622d16e5bee4-SegmentedRaftLogWorker:Storage Directory /workdir/hadoop-ozone/integration-test/target/test-dir/MiniOzoneClusterImpl-e985e272-9a55-4a46-95f9-9d7dad2521ff/datanode-1/data/ratis/4c910193-4171-45f8-994b-f77dc7c0e366 for RaftStorage:Storage Directory /workdir/hadoop-ozone/integration-test/target/test-dir/MiniOzoneClusterImpl-e985e272-9a55-4a46-95f9-9d7dad2521ff/datanode-1/data/ratis/4c910193-4171-45f8-994b-f77dc7c0e366
2019-09-19 09:01:55,445 [pool-38-thread-1] INFO  server.RaftServerConfigKeys (ConfUtils.java:logGet(43)) - raft.server.log.queue.byte-limit = 2147483647 (custom)
2019-09-19 09:01:55,445 [pool-38-thread-1] INFO  server.RaftServerConfigKeys (ConfUtils.java:logGet(43)) - raft.server.log.queue.element-limit = 1024 (custom)
2019-09-19 09:01:55,445 [pool-38-thread-1] INFO  server.RaftServerConfigKeys (ConfUtils.java:logGet(43)) - raft.server.log.segment.size.max = 1048576 (custom)
2019-09-19 09:01:55,446 [pool-38-thread-1] INFO  server.RaftServerConfigKeys (ConfUtils.java:logGet(43)) - raft.server.log.preallocated.size = 16384 (custom)
2019-09-19 09:01:55,446 [pool-38-thread-1] INFO  server.RaftServerConfigKeys (ConfUtils.java:logGet(43)) - raft.server.log.write.buffer.size = 33554432 (custom)
2019-09-19 09:01:55,446 [pool-38-thread-1] INFO  server.RaftServerConfigKeys (ConfUtils.java:logGet(43)) - raft.server.log.force.sync.num = 128 (default)
2019-09-19 09:01:55,446 [pool-38-thread-1] INFO  server.RaftServerConfigKeys (ConfUtils.java:logGet(43)) - raft.server.log.statemachine.data.sync = true (default)
2019-09-19 09:01:55,446 [pool-38-thread-1] INFO  server.RaftServerConfigKeys (ConfUtils.java:logGet(43)) - raft.server.log.statemachine.data.sync.timeout = 10s (default)
2019-09-19 09:01:55,446 [pool-38-thread-1] INFO  server.RaftServerConfigKeys (ConfUtils.java:logGet(43)) - raft.server.log.statemachine.data.sync.timeout.retry = -1 (default)
2019-09-19 09:01:55,446 [pool-38-thread-1] INFO  server.RaftServerConfigKeys (ConfUtils.java:logGet(43)) - raft.server.log.statemachine.data.caching.enabled = true (custom)
2019-09-19 09:01:55,447 [pool-38-thread-1] INFO  segmented.SegmentedRaftLogWorker (SegmentedRaftLogWorker.java:lambda$new$0(132)) - 057e793c-281b-4dc7-88ef-622d16e5bee4-SegmentedRaftLogWorker:Storage Directory /workdir/hadoop-ozone/integration-test/target/test-dir/MiniOzoneClusterImpl-e985e272-9a55-4a46-95f9-9d7dad2521ff/datanode-1/data/ratis/4c910193-4171-45f8-994b-f77dc7c0e366: flushIndex: setUnconditionally 0 -> -1
2019-09-19 09:01:55,447 [pool-38-thread-1] INFO  server.RaftServerConfigKeys (ConfUtils.java:logGet(43)) - raft.server.snapshot.auto.trigger.enabled = true (custom)
2019-09-19 09:01:55,447 [pool-38-thread-1] INFO  server.RaftServerConfigKeys (ConfUtils.java:logGet(43)) - raft.server.snapshot.auto.trigger.threshold = 10000 (custom)
2019-09-19 09:01:55,447 [pool-38-thread-1] INFO  server.RaftServerConfigKeys (ConfUtils.java:logGet(43)) - raft.server.retrycache.expirytime = 600000ms (custom)
2019-09-19 09:01:55,447 [pool-38-thread-1] INFO  impl.RaftServerImpl (RaftServerImpl.java:start(180)) - 057e793c-281b-4dc7-88ef-622d16e5bee4: start group-F77DC7C0E366
2019-09-19 09:01:55,448 [pool-38-thread-1] INFO  impl.RaftServerImpl (RaftServerImpl.java:setRole(171)) - 057e793c-281b-4dc7-88ef-622d16e5bee4:group-F77DC7C0E366 changes role from null to FOLLOWER at term 0 for startAsFollower
2019-09-19 09:01:55,448 [pool-38-thread-1] INFO  impl.RoleInfo (RoleInfo.java:updateAndGet(143)) - 057e793c-281b-4dc7-88ef-622d16e5bee4: start FollowerState
2019-09-19 09:01:55,448 [pool-38-thread-1] INFO  util.JmxRegister (JmxRegister.java:tryRegister(44)) - Successfully registered JMX Bean with object name Ratis:service=RaftServer,group=group-F77DC7C0E366,id=057e793c-281b-4dc7-88ef-622d16e5bee4
2019-09-19 09:01:55,455 [RatisPipelineUtilsThread] INFO  pipeline.PipelineStateManager (PipelineStateManager.java:addPipeline(56)) - Created pipeline Pipeline[ Id: 4c910193-4171-45f8-994b-f77dc7c0e366, Nodes: 057e793c-281b-4dc7-88ef-622d16e5bee4{ip: 192.168.34.5, host: pr-hdds-1569-j4bt4-3030777008, networkLocation: /default-rack, certSerialId: null}, Type:RATIS, Factor:ONE, State:OPEN]
2019-09-19 09:01:55,466 [grpc-default-executor-0] INFO  impl.RaftServerProxy (RaftServerProxy.java:addNew(89)) - 477c0686-3f3a-41e4-8702-e2a67c6cb8b9: addNew group-F2A77CC53CD6:[477c0686-3f3a-41e4-8702-e2a67c6cb8b9:192.168.34.5:41600] returns group-F2A77CC53CD6:java.util.concurrent.CompletableFuture@66c8ba13[Not completed]
2019-09-19 09:01:55,467 [pool-49-thread-1] INFO  impl.RaftServerImpl (RaftServerImpl.java:<init>(93)) - 477c0686-3f3a-41e4-8702-e2a67c6cb8b9: new RaftServerImpl for group-F2A77CC53CD6:[477c0686-3f3a-41e4-8702-e2a67c6cb8b9:192.168.34.5:41600] with ContainerStateMachine:uninitialized
2019-09-19 09:01:55,467 [pool-49-thread-1] INFO  server.RaftServerConfigKeys (ConfUtils.java:logGet(43)) - raft.server.rpc.timeout.min = 5s (custom)
2019-09-19 09:01:55,467 [pool-49-thread-1] INFO  server.RaftServerConfigKeys (ConfUtils.java:logGet(43)) - raft.server.rpc.timeout.max = 5200ms (custom)
2019-09-19 09:01:55,467 [pool-49-thread-1] INFO  server.RaftServerConfigKeys (ConfUtils.java:logGet(43)) - raft.server.rpcslowness.timeout = 120s (custom)
2019-09-19 09:01:55,467 [pool-49-thread-1] INFO  server.RaftServerConfigKeys (ConfUtils.java:logGet(43)) - raft.server.sleep.deviation.threshold = 300 (default)
2019-09-19 09:01:55,468 [pool-49-thread-1] INFO  server.RaftServerConfigKeys (ConfUtils.java:logGet(43)) - raft.server.log.appender.install.snapshot.enabled = false (custom)
2019-09-19 09:01:55,468 [pool-49-thread-1] INFO  impl.RaftServerImpl (ServerState.java:<init>(105)) - 477c0686-3f3a-41e4-8702-e2a67c6cb8b9:group-F2A77CC53CD6 ConfigurationManager, init=-1: [477c0686-3f3a-41e4-8702-e2a67c6cb8b9:192.168.34.5:41600], old=null, confs=<EMPTY_MAP>
2019-09-19 09:01:55,468 [pool-49-thread-1] INFO  server.RaftServerConfigKeys (ConfUtils.java:logGet(43)) - raft.server.storage.dir = [/workdir/hadoop-ozone/integration-test/target/test-dir/MiniOzoneClusterImpl-e985e272-9a55-4a46-95f9-9d7dad2521ff/datanode-2/data/ratis] (custom)
2019-09-19 09:01:55,468 [pool-49-thread-1] INFO  storage.RaftStorageDirectory (RaftStorageDirectory.java:analyzeStorage(246)) - The storage directory /workdir/hadoop-ozone/integration-test/target/test-dir/MiniOzoneClusterImpl-e985e272-9a55-4a46-95f9-9d7dad2521ff/datanode-2/data/ratis/9cceeba0-9f4f-493c-9bbb-f2a77cc53cd6 does not exist. Creating ...
2019-09-19 09:01:55,481 [pool-49-thread-1] INFO  storage.RaftStorageDirectory (RaftStorageDirectory.java:tryLock(328)) - Lock on /workdir/hadoop-ozone/integration-test/target/test-dir/MiniOzoneClusterImpl-e985e272-9a55-4a46-95f9-9d7dad2521ff/datanode-2/data/ratis/9cceeba0-9f4f-493c-9bbb-f2a77cc53cd6/in_use.lock acquired by nodename 14601@pr-hdds-1569-j4bt4-3030777008
2019-09-19 09:01:55,494 [pool-49-thread-1] INFO  storage.RaftStorage (RaftStorage.java:format(72)) - Storage directory /workdir/hadoop-ozone/integration-test/target/test-dir/MiniOzoneClusterImpl-e985e272-9a55-4a46-95f9-9d7dad2521ff/datanode-2/data/ratis/9cceeba0-9f4f-493c-9bbb-f2a77cc53cd6 has been successfully formatted.
2019-09-19 09:01:55,494 [pool-49-thread-1] INFO  ratis.ContainerStateMachine (ContainerStateMachine.java:loadSnapshot(226)) - group-F2A77CC53CD6: The snapshot info is null. Setting the last applied indexto:(t:0, i:~)
2019-09-19 09:01:55,494 [pool-49-thread-1] INFO  server.RaftServerConfigKeys (ConfUtils.java:logGet(43)) - raft.server.leader.election.timeout = 120s (custom)
2019-09-19 09:01:55,494 [pool-49-thread-1] INFO  server.RaftServerConfigKeys (ConfUtils.java:logGet(43)) - raft.server.log.use.memory = false (default)
2019-09-19 09:01:55,494 [pool-49-thread-1] INFO  server.RaftServerConfigKeys (ConfUtils.java:logGet(43)) - raft.server.log.purge.gap = 1000000 (custom)
2019-09-19 09:01:55,494 [pool-49-thread-1] INFO  server.RaftServerConfigKeys (ConfUtils.java:logGet(43)) - raft.server.log.appender.buffer.byte-limit = 33554432 (custom)
2019-09-19 09:01:55,494 [pool-49-thread-1] INFO  server.RaftServerConfigKeys (ConfUtils.java:logGet(43)) - raft.server.log.segment.size.max = 1048576 (custom)
2019-09-19 09:01:55,495 [pool-49-thread-1] INFO  server.RaftServerConfigKeys (ConfUtils.java:logGet(43)) - raft.server.log.segment.cache.num.max = 2 (custom)
2019-09-19 09:01:55,495 [pool-49-thread-1] INFO  segmented.SegmentedRaftLogWorker (SegmentedRaftLogWorker.java:<init>(172)) - new 477c0686-3f3a-41e4-8702-e2a67c6cb8b9-SegmentedRaftLogWorker:Storage Directory /workdir/hadoop-ozone/integration-test/target/test-dir/MiniOzoneClusterImpl-e985e272-9a55-4a46-95f9-9d7dad2521ff/datanode-2/data/ratis/9cceeba0-9f4f-493c-9bbb-f2a77cc53cd6 for RaftStorage:Storage Directory /workdir/hadoop-ozone/integration-test/target/test-dir/MiniOzoneClusterImpl-e985e272-9a55-4a46-95f9-9d7dad2521ff/datanode-2/data/ratis/9cceeba0-9f4f-493c-9bbb-f2a77cc53cd6
2019-09-19 09:01:55,495 [pool-49-thread-1] INFO  server.RaftServerConfigKeys (ConfUtils.java:logGet(43)) - raft.server.log.queue.byte-limit = 2147483647 (custom)
2019-09-19 09:01:55,495 [pool-49-thread-1] INFO  server.RaftServerConfigKeys (ConfUtils.java:logGet(43)) - raft.server.log.queue.element-limit = 1024 (custom)
2019-09-19 09:01:55,495 [pool-49-thread-1] INFO  server.RaftServerConfigKeys (ConfUtils.java:logGet(43)) - raft.server.log.segment.size.max = 1048576 (custom)
2019-09-19 09:01:55,495 [pool-49-thread-1] INFO  server.RaftServerConfigKeys (ConfUtils.java:logGet(43)) - raft.server.log.preallocated.size = 16384 (custom)
2019-09-19 09:01:55,495 [pool-49-thread-1] INFO  server.RaftServerConfigKeys (ConfUtils.java:logGet(43)) - raft.server.log.write.buffer.size = 33554432 (custom)
2019-09-19 09:01:55,496 [pool-49-thread-1] INFO  server.RaftServerConfigKeys (ConfUtils.java:logGet(43)) - raft.server.log.force.sync.num = 128 (default)
2019-09-19 09:01:55,496 [pool-49-thread-1] INFO  server.RaftServerConfigKeys (ConfUtils.java:logGet(43)) - raft.server.log.statemachine.data.sync = true (default)
2019-09-19 09:01:55,496 [pool-49-thread-1] INFO  server.RaftServerConfigKeys (ConfUtils.java:logGet(43)) - raft.server.log.statemachine.data.sync.timeout = 10s (default)
2019-09-19 09:01:55,496 [pool-49-thread-1] INFO  server.RaftServerConfigKeys (ConfUtils.java:logGet(43)) - raft.server.log.statemachine.data.sync.timeout.retry = -1 (default)
2019-09-19 09:01:55,496 [pool-49-thread-1] INFO  server.RaftServerConfigKeys (ConfUtils.java:logGet(43)) - raft.server.log.statemachine.data.caching.enabled = true (custom)
2019-09-19 09:01:55,496 [pool-49-thread-1] INFO  segmented.SegmentedRaftLogWorker (SegmentedRaftLogWorker.java:lambda$new$0(132)) - 477c0686-3f3a-41e4-8702-e2a67c6cb8b9-SegmentedRaftLogWorker:Storage Directory /workdir/hadoop-ozone/integration-test/target/test-dir/MiniOzoneClusterImpl-e985e272-9a55-4a46-95f9-9d7dad2521ff/datanode-2/data/ratis/9cceeba0-9f4f-493c-9bbb-f2a77cc53cd6: flushIndex: setUnconditionally 0 -> -1
2019-09-19 09:01:55,497 [pool-49-thread-1] INFO  server.RaftServerConfigKeys (ConfUtils.java:logGet(43)) - raft.server.snapshot.auto.trigger.enabled = true (custom)
2019-09-19 09:01:55,497 [pool-49-thread-1] INFO  server.RaftServerConfigKeys (ConfUtils.java:logGet(43)) - raft.server.snapshot.auto.trigger.threshold = 10000 (custom)
2019-09-19 09:01:55,497 [pool-49-thread-1] INFO  server.RaftServerConfigKeys (ConfUtils.java:logGet(43)) - raft.server.retrycache.expirytime = 600000ms (custom)
2019-09-19 09:01:55,497 [pool-49-thread-1] INFO  impl.RaftServerImpl (RaftServerImpl.java:start(180)) - 477c0686-3f3a-41e4-8702-e2a67c6cb8b9: start group-F2A77CC53CD6
2019-09-19 09:01:55,497 [pool-49-thread-1] INFO  impl.RaftServerImpl (RaftServerImpl.java:setRole(171)) - 477c0686-3f3a-41e4-8702-e2a67c6cb8b9:group-F2A77CC53CD6 changes role from null to FOLLOWER at term 0 for startAsFollower
2019-09-19 09:01:55,497 [pool-49-thread-1] INFO  impl.RoleInfo (RoleInfo.java:updateAndGet(143)) - 477c0686-3f3a-41e4-8702-e2a67c6cb8b9: start FollowerState
2019-09-19 09:01:55,498 [pool-49-thread-1] INFO  util.JmxRegister (JmxRegister.java:tryRegister(44)) - Successfully registered JMX Bean with object name Ratis:service=RaftServer,group=group-F2A77CC53CD6,id=477c0686-3f3a-41e4-8702-e2a67c6cb8b9
2019-09-19 09:01:55,506 [RatisPipelineUtilsThread] INFO  pipeline.PipelineStateManager (PipelineStateManager.java:addPipeline(56)) - Created pipeline Pipeline[ Id: 9cceeba0-9f4f-493c-9bbb-f2a77cc53cd6, Nodes: 477c0686-3f3a-41e4-8702-e2a67c6cb8b9{ip: 192.168.34.5, host: pr-hdds-1569-j4bt4-3030777008, networkLocation: /default-rack, certSerialId: null}, Type:RATIS, Factor:ONE, State:OPEN]
2019-09-19 09:01:55,520 [grpc-default-executor-0] INFO  impl.RaftServerProxy (RaftServerProxy.java:addNew(89)) - 71867667-6e29-4129-8075-280da1fb250d: addNew group-7D1916D6B95C:[71867667-6e29-4129-8075-280da1fb250d:192.168.34.5:39065] returns group-7D1916D6B95C:java.util.concurrent.CompletableFuture@19d6b446[Not completed]
2019-09-19 09:01:55,521 [pool-27-thread-1] INFO  impl.RaftServerImpl (RaftServerImpl.java:<init>(93)) - 71867667-6e29-4129-8075-280da1fb250d: new RaftServerImpl for group-7D1916D6B95C:[71867667-6e29-4129-8075-280da1fb250d:192.168.34.5:39065] with ContainerStateMachine:uninitialized
2019-09-19 09:01:55,521 [pool-27-thread-1] INFO  server.RaftServerConfigKeys (ConfUtils.java:logGet(43)) - raft.server.rpc.timeout.min = 5s (custom)
2019-09-19 09:01:55,522 [pool-27-thread-1] INFO  server.RaftServerConfigKeys (ConfUtils.java:logGet(43)) - raft.server.rpc.timeout.max = 5200ms (custom)
2019-09-19 09:01:55,522 [pool-27-thread-1] INFO  server.RaftServerConfigKeys (ConfUtils.java:logGet(43)) - raft.server.rpcslowness.timeout = 120s (custom)
2019-09-19 09:01:55,522 [pool-27-thread-1] INFO  server.RaftServerConfigKeys (ConfUtils.java:logGet(43)) - raft.server.sleep.deviation.threshold = 300 (default)
2019-09-19 09:01:55,522 [pool-27-thread-1] INFO  server.RaftServerConfigKeys (ConfUtils.java:logGet(43)) - raft.server.log.appender.install.snapshot.enabled = false (custom)
2019-09-19 09:01:55,522 [pool-27-thread-1] INFO  impl.RaftServerImpl (ServerState.java:<init>(105)) - 71867667-6e29-4129-8075-280da1fb250d:group-7D1916D6B95C ConfigurationManager, init=-1: [71867667-6e29-4129-8075-280da1fb250d:192.168.34.5:39065], old=null, confs=<EMPTY_MAP>
2019-09-19 09:01:55,522 [pool-27-thread-1] INFO  server.RaftServerConfigKeys (ConfUtils.java:logGet(43)) - raft.server.storage.dir = [/workdir/hadoop-ozone/integration-test/target/test-dir/MiniOzoneClusterImpl-e985e272-9a55-4a46-95f9-9d7dad2521ff/datanode-0/data/ratis] (custom)
2019-09-19 09:01:55,522 [pool-27-thread-1] INFO  storage.RaftStorageDirectory (RaftStorageDirectory.java:analyzeStorage(246)) - The storage directory /workdir/hadoop-ozone/integration-test/target/test-dir/MiniOzoneClusterImpl-e985e272-9a55-4a46-95f9-9d7dad2521ff/datanode-0/data/ratis/56df3cba-1908-42ee-9158-7d1916d6b95c does not exist. Creating ...
2019-09-19 09:01:55,535 [pool-27-thread-1] INFO  storage.RaftStorageDirectory (RaftStorageDirectory.java:tryLock(328)) - Lock on /workdir/hadoop-ozone/integration-test/target/test-dir/MiniOzoneClusterImpl-e985e272-9a55-4a46-95f9-9d7dad2521ff/datanode-0/data/ratis/56df3cba-1908-42ee-9158-7d1916d6b95c/in_use.lock acquired by nodename 14601@pr-hdds-1569-j4bt4-3030777008
2019-09-19 09:01:55,547 [pool-27-thread-1] INFO  storage.RaftStorage (RaftStorage.java:format(72)) - Storage directory /workdir/hadoop-ozone/integration-test/target/test-dir/MiniOzoneClusterImpl-e985e272-9a55-4a46-95f9-9d7dad2521ff/datanode-0/data/ratis/56df3cba-1908-42ee-9158-7d1916d6b95c has been successfully formatted.
2019-09-19 09:01:55,548 [pool-27-thread-1] INFO  ratis.ContainerStateMachine (ContainerStateMachine.java:loadSnapshot(226)) - group-7D1916D6B95C: The snapshot info is null. Setting the last applied indexto:(t:0, i:~)
2019-09-19 09:01:55,548 [pool-27-thread-1] INFO  server.RaftServerConfigKeys (ConfUtils.java:logGet(43)) - raft.server.leader.election.timeout = 120s (custom)
2019-09-19 09:01:55,548 [pool-27-thread-1] INFO  server.RaftServerConfigKeys (ConfUtils.java:logGet(43)) - raft.server.log.use.memory = false (default)
2019-09-19 09:01:55,548 [pool-27-thread-1] INFO  server.RaftServerConfigKeys (ConfUtils.java:logGet(43)) - raft.server.log.purge.gap = 1000000 (custom)
2019-09-19 09:01:55,548 [pool-27-thread-1] INFO  server.RaftServerConfigKeys (ConfUtils.java:logGet(43)) - raft.server.log.appender.buffer.byte-limit = 33554432 (custom)
2019-09-19 09:01:55,548 [pool-27-thread-1] INFO  server.RaftServerConfigKeys (ConfUtils.java:logGet(43)) - raft.server.log.segment.size.max = 1048576 (custom)
2019-09-19 09:01:55,548 [pool-27-thread-1] INFO  server.RaftServerConfigKeys (ConfUtils.java:logGet(43)) - raft.server.log.segment.cache.num.max = 2 (custom)
2019-09-19 09:01:55,548 [pool-27-thread-1] INFO  segmented.SegmentedRaftLogWorker (SegmentedRaftLogWorker.java:<init>(172)) - new 71867667-6e29-4129-8075-280da1fb250d-SegmentedRaftLogWorker:Storage Directory /workdir/hadoop-ozone/integration-test/target/test-dir/MiniOzoneClusterImpl-e985e272-9a55-4a46-95f9-9d7dad2521ff/datanode-0/data/ratis/56df3cba-1908-42ee-9158-7d1916d6b95c for RaftStorage:Storage Directory /workdir/hadoop-ozone/integration-test/target/test-dir/MiniOzoneClusterImpl-e985e272-9a55-4a46-95f9-9d7dad2521ff/datanode-0/data/ratis/56df3cba-1908-42ee-9158-7d1916d6b95c
2019-09-19 09:01:55,549 [pool-27-thread-1] INFO  server.RaftServerConfigKeys (ConfUtils.java:logGet(43)) - raft.server.log.queue.byte-limit = 2147483647 (custom)
2019-09-19 09:01:55,549 [pool-27-thread-1] INFO  server.RaftServerConfigKeys (ConfUtils.java:logGet(43)) - raft.server.log.queue.element-limit = 1024 (custom)
2019-09-19 09:01:55,549 [pool-27-thread-1] INFO  server.RaftServerConfigKeys (ConfUtils.java:logGet(43)) - raft.server.log.segment.size.max = 1048576 (custom)
2019-09-19 09:01:55,549 [pool-27-thread-1] INFO  server.RaftServerConfigKeys (ConfUtils.java:logGet(43)) - raft.server.log.preallocated.size = 16384 (custom)
2019-09-19 09:01:55,549 [pool-27-thread-1] INFO  server.RaftServerConfigKeys (ConfUtils.java:logGet(43)) - raft.server.log.write.buffer.size = 33554432 (custom)
2019-09-19 09:01:55,549 [pool-27-thread-1] INFO  server.RaftServerConfigKeys (ConfUtils.java:logGet(43)) - raft.server.log.force.sync.num = 128 (default)
2019-09-19 09:01:55,549 [pool-27-thread-1] INFO  server.RaftServerConfigKeys (ConfUtils.java:logGet(43)) - raft.server.log.statemachine.data.sync = true (default)
2019-09-19 09:01:55,549 [pool-27-thread-1] INFO  server.RaftServerConfigKeys (ConfUtils.java:logGet(43)) - raft.server.log.statemachine.data.sync.timeout = 10s (default)
2019-09-19 09:01:55,549 [pool-27-thread-1] INFO  server.RaftServerConfigKeys (ConfUtils.java:logGet(43)) - raft.server.log.statemachine.data.sync.timeout.retry = -1 (default)
2019-09-19 09:01:55,550 [pool-27-thread-1] INFO  server.RaftServerConfigKeys (ConfUtils.java:logGet(43)) - raft.server.log.statemachine.data.caching.enabled = true (custom)
2019-09-19 09:01:55,550 [pool-27-thread-1] INFO  segmented.SegmentedRaftLogWorker (SegmentedRaftLogWorker.java:lambda$new$0(132)) - 71867667-6e29-4129-8075-280da1fb250d-SegmentedRaftLogWorker:Storage Directory /workdir/hadoop-ozone/integration-test/target/test-dir/MiniOzoneClusterImpl-e985e272-9a55-4a46-95f9-9d7dad2521ff/datanode-0/data/ratis/56df3cba-1908-42ee-9158-7d1916d6b95c: flushIndex: setUnconditionally 0 -> -1
2019-09-19 09:01:55,550 [pool-27-thread-1] INFO  server.RaftServerConfigKeys (ConfUtils.java:logGet(43)) - raft.server.snapshot.auto.trigger.enabled = true (custom)
2019-09-19 09:01:55,550 [pool-27-thread-1] INFO  server.RaftServerConfigKeys (ConfUtils.java:logGet(43)) - raft.server.snapshot.auto.trigger.threshold = 10000 (custom)
2019-09-19 09:01:55,550 [pool-27-thread-1] INFO  server.RaftServerConfigKeys (ConfUtils.java:logGet(43)) - raft.server.retrycache.expirytime = 600000ms (custom)
2019-09-19 09:01:55,551 [pool-27-thread-1] INFO  impl.RaftServerImpl (RaftServerImpl.java:start(180)) - 71867667-6e29-4129-8075-280da1fb250d: start group-7D1916D6B95C
2019-09-19 09:01:55,551 [pool-27-thread-1] INFO  impl.RaftServerImpl (RaftServerImpl.java:setRole(171)) - 71867667-6e29-4129-8075-280da1fb250d:group-7D1916D6B95C changes role from null to FOLLOWER at term 0 for startAsFollower
2019-09-19 09:01:55,551 [pool-27-thread-1] INFO  impl.RoleInfo (RoleInfo.java:updateAndGet(143)) - 71867667-6e29-4129-8075-280da1fb250d: start FollowerState
2019-09-19 09:01:55,551 [pool-27-thread-1] INFO  util.JmxRegister (JmxRegister.java:tryRegister(44)) - Successfully registered JMX Bean with object name Ratis:service=RaftServer,group=group-7D1916D6B95C,id=71867667-6e29-4129-8075-280da1fb250d
2019-09-19 09:01:55,560 [RatisPipelineUtilsThread] INFO  pipeline.PipelineStateManager (PipelineStateManager.java:addPipeline(56)) - Created pipeline Pipeline[ Id: 56df3cba-1908-42ee-9158-7d1916d6b95c, Nodes: 71867667-6e29-4129-8075-280da1fb250d{ip: 192.168.34.5, host: pr-hdds-1569-j4bt4-3030777008, networkLocation: /default-rack, certSerialId: null}, Type:RATIS, Factor:ONE, State:OPEN]
2019-09-19 09:01:55,573 [grpc-default-executor-0] INFO  impl.RaftServerProxy (RaftServerProxy.java:addNew(89)) - 477c0686-3f3a-41e4-8702-e2a67c6cb8b9: addNew group-B060742A2BA0:[477c0686-3f3a-41e4-8702-e2a67c6cb8b9:192.168.34.5:41600] returns group-B060742A2BA0:java.util.concurrent.CompletableFuture@27df32c3[Not completed]
2019-09-19 09:01:55,574 [pool-49-thread-1] INFO  impl.RaftServerImpl (RaftServerImpl.java:<init>(93)) - 477c0686-3f3a-41e4-8702-e2a67c6cb8b9: new RaftServerImpl for group-B060742A2BA0:[477c0686-3f3a-41e4-8702-e2a67c6cb8b9:192.168.34.5:41600] with ContainerStateMachine:uninitialized
2019-09-19 09:01:55,574 [pool-49-thread-1] INFO  server.RaftServerConfigKeys (ConfUtils.java:logGet(43)) - raft.server.rpc.timeout.min = 5s (custom)
2019-09-19 09:01:55,575 [pool-49-thread-1] INFO  server.RaftServerConfigKeys (ConfUtils.java:logGet(43)) - raft.server.rpc.timeout.max = 5200ms (custom)
2019-09-19 09:01:55,575 [pool-49-thread-1] INFO  server.RaftServerConfigKeys (ConfUtils.java:logGet(43)) - raft.server.rpcslowness.timeout = 120s (custom)
2019-09-19 09:01:55,575 [pool-49-thread-1] INFO  server.RaftServerConfigKeys (ConfUtils.java:logGet(43)) - raft.server.sleep.deviation.threshold = 300 (default)
2019-09-19 09:01:55,575 [pool-49-thread-1] INFO  server.RaftServerConfigKeys (ConfUtils.java:logGet(43)) - raft.server.log.appender.install.snapshot.enabled = false (custom)
2019-09-19 09:01:55,575 [pool-49-thread-1] INFO  impl.RaftServerImpl (ServerState.java:<init>(105)) - 477c0686-3f3a-41e4-8702-e2a67c6cb8b9:group-B060742A2BA0 ConfigurationManager, init=-1: [477c0686-3f3a-41e4-8702-e2a67c6cb8b9:192.168.34.5:41600], old=null, confs=<EMPTY_MAP>
2019-09-19 09:01:55,575 [pool-49-thread-1] INFO  server.RaftServerConfigKeys (ConfUtils.java:logGet(43)) - raft.server.storage.dir = [/workdir/hadoop-ozone/integration-test/target/test-dir/MiniOzoneClusterImpl-e985e272-9a55-4a46-95f9-9d7dad2521ff/datanode-2/data/ratis] (custom)
2019-09-19 09:01:55,575 [pool-49-thread-1] INFO  storage.RaftStorageDirectory (RaftStorageDirectory.java:analyzeStorage(246)) - The storage directory /workdir/hadoop-ozone/integration-test/target/test-dir/MiniOzoneClusterImpl-e985e272-9a55-4a46-95f9-9d7dad2521ff/datanode-2/data/ratis/a51cc9bd-66ba-4001-8ce2-b060742a2ba0 does not exist. Creating ...
2019-09-19 09:01:55,589 [pool-49-thread-1] INFO  storage.RaftStorageDirectory (RaftStorageDirectory.java:tryLock(328)) - Lock on /workdir/hadoop-ozone/integration-test/target/test-dir/MiniOzoneClusterImpl-e985e272-9a55-4a46-95f9-9d7dad2521ff/datanode-2/data/ratis/a51cc9bd-66ba-4001-8ce2-b060742a2ba0/in_use.lock acquired by nodename 14601@pr-hdds-1569-j4bt4-3030777008
2019-09-19 09:01:55,603 [pool-49-thread-1] INFO  storage.RaftStorage (RaftStorage.java:format(72)) - Storage directory /workdir/hadoop-ozone/integration-test/target/test-dir/MiniOzoneClusterImpl-e985e272-9a55-4a46-95f9-9d7dad2521ff/datanode-2/data/ratis/a51cc9bd-66ba-4001-8ce2-b060742a2ba0 has been successfully formatted.
2019-09-19 09:01:55,603 [pool-49-thread-1] INFO  ratis.ContainerStateMachine (ContainerStateMachine.java:loadSnapshot(226)) - group-B060742A2BA0: The snapshot info is null. Setting the last applied indexto:(t:0, i:~)
2019-09-19 09:01:55,603 [pool-49-thread-1] INFO  server.RaftServerConfigKeys (ConfUtils.java:logGet(43)) - raft.server.leader.election.timeout = 120s (custom)
2019-09-19 09:01:55,603 [pool-49-thread-1] INFO  server.RaftServerConfigKeys (ConfUtils.java:logGet(43)) - raft.server.log.use.memory = false (default)
2019-09-19 09:01:55,603 [pool-49-thread-1] INFO  server.RaftServerConfigKeys (ConfUtils.java:logGet(43)) - raft.server.log.purge.gap = 1000000 (custom)
2019-09-19 09:01:55,603 [pool-49-thread-1] INFO  server.RaftServerConfigKeys (ConfUtils.java:logGet(43)) - raft.server.log.appender.buffer.byte-limit = 33554432 (custom)
2019-09-19 09:01:55,603 [pool-49-thread-1] INFO  server.RaftServerConfigKeys (ConfUtils.java:logGet(43)) - raft.server.log.segment.size.max = 1048576 (custom)
2019-09-19 09:01:55,604 [pool-49-thread-1] INFO  server.RaftServerConfigKeys (ConfUtils.java:logGet(43)) - raft.server.log.segment.cache.num.max = 2 (custom)
2019-09-19 09:01:55,604 [pool-49-thread-1] INFO  segmented.SegmentedRaftLogWorker (SegmentedRaftLogWorker.java:<init>(172)) - new 477c0686-3f3a-41e4-8702-e2a67c6cb8b9-SegmentedRaftLogWorker:Storage Directory /workdir/hadoop-ozone/integration-test/target/test-dir/MiniOzoneClusterImpl-e985e272-9a55-4a46-95f9-9d7dad2521ff/datanode-2/data/ratis/a51cc9bd-66ba-4001-8ce2-b060742a2ba0 for RaftStorage:Storage Directory /workdir/hadoop-ozone/integration-test/target/test-dir/MiniOzoneClusterImpl-e985e272-9a55-4a46-95f9-9d7dad2521ff/datanode-2/data/ratis/a51cc9bd-66ba-4001-8ce2-b060742a2ba0
2019-09-19 09:01:55,604 [pool-49-thread-1] INFO  server.RaftServerConfigKeys (ConfUtils.java:logGet(43)) - raft.server.log.queue.byte-limit = 2147483647 (custom)
2019-09-19 09:01:55,604 [pool-49-thread-1] INFO  server.RaftServerConfigKeys (ConfUtils.java:logGet(43)) - raft.server.log.queue.element-limit = 1024 (custom)
2019-09-19 09:01:55,604 [pool-49-thread-1] INFO  server.RaftServerConfigKeys (ConfUtils.java:logGet(43)) - raft.server.log.segment.size.max = 1048576 (custom)
2019-09-19 09:01:55,604 [pool-49-thread-1] INFO  server.RaftServerConfigKeys (ConfUtils.java:logGet(43)) - raft.server.log.preallocated.size = 16384 (custom)
2019-09-19 09:01:55,604 [pool-49-thread-1] INFO  server.RaftServerConfigKeys (ConfUtils.java:logGet(43)) - raft.server.log.write.buffer.size = 33554432 (custom)
2019-09-19 09:01:55,604 [pool-49-thread-1] INFO  server.RaftServerConfigKeys (ConfUtils.java:logGet(43)) - raft.server.log.force.sync.num = 128 (default)
2019-09-19 09:01:55,604 [pool-49-thread-1] INFO  server.RaftServerConfigKeys (ConfUtils.java:logGet(43)) - raft.server.log.statemachine.data.sync = true (default)
2019-09-19 09:01:55,605 [pool-49-thread-1] INFO  server.RaftServerConfigKeys (ConfUtils.java:logGet(43)) - raft.server.log.statemachine.data.sync.timeout = 10s (default)
2019-09-19 09:01:55,605 [pool-49-thread-1] INFO  server.RaftServerConfigKeys (ConfUtils.java:logGet(43)) - raft.server.log.statemachine.data.sync.timeout.retry = -1 (default)
2019-09-19 09:01:55,605 [pool-49-thread-1] INFO  server.RaftServerConfigKeys (ConfUtils.java:logGet(43)) - raft.server.log.statemachine.data.caching.enabled = true (custom)
2019-09-19 09:01:55,605 [pool-49-thread-1] INFO  segmented.SegmentedRaftLogWorker (SegmentedRaftLogWorker.java:lambda$new$0(132)) - 477c0686-3f3a-41e4-8702-e2a67c6cb8b9-SegmentedRaftLogWorker:Storage Directory /workdir/hadoop-ozone/integration-test/target/test-dir/MiniOzoneClusterImpl-e985e272-9a55-4a46-95f9-9d7dad2521ff/datanode-2/data/ratis/a51cc9bd-66ba-4001-8ce2-b060742a2ba0: flushIndex: setUnconditionally 0 -> -1
2019-09-19 09:01:55,605 [pool-49-thread-1] INFO  server.RaftServerConfigKeys (ConfUtils.java:logGet(43)) - raft.server.snapshot.auto.trigger.enabled = true (custom)
2019-09-19 09:01:55,606 [pool-49-thread-1] INFO  server.RaftServerConfigKeys (ConfUtils.java:logGet(43)) - raft.server.snapshot.auto.trigger.threshold = 10000 (custom)
2019-09-19 09:01:55,606 [pool-49-thread-1] INFO  server.RaftServerConfigKeys (ConfUtils.java:logGet(43)) - raft.server.retrycache.expirytime = 600000ms (custom)
2019-09-19 09:01:55,606 [pool-49-thread-1] INFO  impl.RaftServerImpl (RaftServerImpl.java:start(180)) - 477c0686-3f3a-41e4-8702-e2a67c6cb8b9: start group-B060742A2BA0
2019-09-19 09:01:55,606 [pool-49-thread-1] INFO  impl.RaftServerImpl (RaftServerImpl.java:setRole(171)) - 477c0686-3f3a-41e4-8702-e2a67c6cb8b9:group-B060742A2BA0 changes role from null to FOLLOWER at term 0 for startAsFollower
2019-09-19 09:01:55,606 [pool-49-thread-1] INFO  impl.RoleInfo (RoleInfo.java:updateAndGet(143)) - 477c0686-3f3a-41e4-8702-e2a67c6cb8b9: start FollowerState
2019-09-19 09:01:55,607 [pool-49-thread-1] INFO  util.JmxRegister (JmxRegister.java:tryRegister(44)) - Successfully registered JMX Bean with object name Ratis:service=RaftServer,group=group-B060742A2BA0,id=477c0686-3f3a-41e4-8702-e2a67c6cb8b9
2019-09-19 09:01:55,616 [RatisPipelineUtilsThread] INFO  pipeline.PipelineStateManager (PipelineStateManager.java:addPipeline(56)) - Created pipeline Pipeline[ Id: a51cc9bd-66ba-4001-8ce2-b060742a2ba0, Nodes: 477c0686-3f3a-41e4-8702-e2a67c6cb8b9{ip: 192.168.34.5, host: pr-hdds-1569-j4bt4-3030777008, networkLocation: /default-rack, certSerialId: null}, Type:RATIS, Factor:ONE, State:OPEN]
2019-09-19 09:01:55,644 [grpc-default-executor-0] INFO  impl.RaftServerProxy (RaftServerProxy.java:addNew(89)) - 71867667-6e29-4129-8075-280da1fb250d: addNew group-1BFCF7AAAD75:[71867667-6e29-4129-8075-280da1fb250d:192.168.34.5:39065] returns group-1BFCF7AAAD75:java.util.concurrent.CompletableFuture@74f89d15[Not completed]
2019-09-19 09:01:55,645 [pool-27-thread-1] INFO  impl.RaftServerImpl (RaftServerImpl.java:<init>(93)) - 71867667-6e29-4129-8075-280da1fb250d: new RaftServerImpl for group-1BFCF7AAAD75:[71867667-6e29-4129-8075-280da1fb250d:192.168.34.5:39065] with ContainerStateMachine:uninitialized
2019-09-19 09:01:55,645 [pool-27-thread-1] INFO  server.RaftServerConfigKeys (ConfUtils.java:logGet(43)) - raft.server.rpc.timeout.min = 5s (custom)
2019-09-19 09:01:55,646 [pool-27-thread-1] INFO  server.RaftServerConfigKeys (ConfUtils.java:logGet(43)) - raft.server.rpc.timeout.max = 5200ms (custom)
2019-09-19 09:01:55,646 [pool-27-thread-1] INFO  server.RaftServerConfigKeys (ConfUtils.java:logGet(43)) - raft.server.rpcslowness.timeout = 120s (custom)
2019-09-19 09:01:55,646 [pool-27-thread-1] INFO  server.RaftServerConfigKeys (ConfUtils.java:logGet(43)) - raft.server.sleep.deviation.threshold = 300 (default)
2019-09-19 09:01:55,646 [pool-27-thread-1] INFO  server.RaftServerConfigKeys (ConfUtils.java:logGet(43)) - raft.server.log.appender.install.snapshot.enabled = false (custom)
2019-09-19 09:01:55,646 [pool-27-thread-1] INFO  impl.RaftServerImpl (ServerState.java:<init>(105)) - 71867667-6e29-4129-8075-280da1fb250d:group-1BFCF7AAAD75 ConfigurationManager, init=-1: [71867667-6e29-4129-8075-280da1fb250d:192.168.34.5:39065], old=null, confs=<EMPTY_MAP>
2019-09-19 09:01:55,646 [pool-27-thread-1] INFO  server.RaftServerConfigKeys (ConfUtils.java:logGet(43)) - raft.server.storage.dir = [/workdir/hadoop-ozone/integration-test/target/test-dir/MiniOzoneClusterImpl-e985e272-9a55-4a46-95f9-9d7dad2521ff/datanode-0/data/ratis] (custom)
2019-09-19 09:01:55,646 [pool-27-thread-1] INFO  storage.RaftStorageDirectory (RaftStorageDirectory.java:analyzeStorage(246)) - The storage directory /workdir/hadoop-ozone/integration-test/target/test-dir/MiniOzoneClusterImpl-e985e272-9a55-4a46-95f9-9d7dad2521ff/datanode-0/data/ratis/cc597b99-d559-463c-ad31-1bfcf7aaad75 does not exist. Creating ...
2019-09-19 09:01:55,659 [pool-27-thread-1] INFO  storage.RaftStorageDirectory (RaftStorageDirectory.java:tryLock(328)) - Lock on /workdir/hadoop-ozone/integration-test/target/test-dir/MiniOzoneClusterImpl-e985e272-9a55-4a46-95f9-9d7dad2521ff/datanode-0/data/ratis/cc597b99-d559-463c-ad31-1bfcf7aaad75/in_use.lock acquired by nodename 14601@pr-hdds-1569-j4bt4-3030777008
2019-09-19 09:01:55,662 [pool-27-thread-1] INFO  storage.RaftStorage (RaftStorage.java:format(72)) - Storage directory /workdir/hadoop-ozone/integration-test/target/test-dir/MiniOzoneClusterImpl-e985e272-9a55-4a46-95f9-9d7dad2521ff/datanode-0/data/ratis/cc597b99-d559-463c-ad31-1bfcf7aaad75 has been successfully formatted.
2019-09-19 09:01:55,663 [pool-27-thread-1] INFO  ratis.ContainerStateMachine (ContainerStateMachine.java:loadSnapshot(226)) - group-1BFCF7AAAD75: The snapshot info is null. Setting the last applied indexto:(t:0, i:~)
2019-09-19 09:01:55,663 [pool-27-thread-1] INFO  server.RaftServerConfigKeys (ConfUtils.java:logGet(43)) - raft.server.leader.election.timeout = 120s (custom)
2019-09-19 09:01:55,663 [pool-27-thread-1] INFO  server.RaftServerConfigKeys (ConfUtils.java:logGet(43)) - raft.server.log.use.memory = false (default)
2019-09-19 09:01:55,663 [pool-27-thread-1] INFO  server.RaftServerConfigKeys (ConfUtils.java:logGet(43)) - raft.server.log.purge.gap = 1000000 (custom)
2019-09-19 09:01:55,663 [pool-27-thread-1] INFO  server.RaftServerConfigKeys (ConfUtils.java:logGet(43)) - raft.server.log.appender.buffer.byte-limit = 33554432 (custom)
2019-09-19 09:01:55,663 [pool-27-thread-1] INFO  server.RaftServerConfigKeys (ConfUtils.java:logGet(43)) - raft.server.log.segment.size.max = 1048576 (custom)
2019-09-19 09:01:55,663 [pool-27-thread-1] INFO  server.RaftServerConfigKeys (ConfUtils.java:logGet(43)) - raft.server.log.segment.cache.num.max = 2 (custom)
2019-09-19 09:01:55,664 [pool-27-thread-1] INFO  segmented.SegmentedRaftLogWorker (SegmentedRaftLogWorker.java:<init>(172)) - new 71867667-6e29-4129-8075-280da1fb250d-SegmentedRaftLogWorker:Storage Directory /workdir/hadoop-ozone/integration-test/target/test-dir/MiniOzoneClusterImpl-e985e272-9a55-4a46-95f9-9d7dad2521ff/datanode-0/data/ratis/cc597b99-d559-463c-ad31-1bfcf7aaad75 for RaftStorage:Storage Directory /workdir/hadoop-ozone/integration-test/target/test-dir/MiniOzoneClusterImpl-e985e272-9a55-4a46-95f9-9d7dad2521ff/datanode-0/data/ratis/cc597b99-d559-463c-ad31-1bfcf7aaad75
2019-09-19 09:01:55,664 [pool-27-thread-1] INFO  server.RaftServerConfigKeys (ConfUtils.java:logGet(43)) - raft.server.log.queue.byte-limit = 2147483647 (custom)
2019-09-19 09:01:55,664 [pool-27-thread-1] INFO  server.RaftServerConfigKeys (ConfUtils.java:logGet(43)) - raft.server.log.queue.element-limit = 1024 (custom)
2019-09-19 09:01:55,664 [pool-27-thread-1] INFO  server.RaftServerConfigKeys (ConfUtils.java:logGet(43)) - raft.server.log.segment.size.max = 1048576 (custom)
2019-09-19 09:01:55,664 [pool-27-thread-1] INFO  server.RaftServerConfigKeys (ConfUtils.java:logGet(43)) - raft.server.log.preallocated.size = 16384 (custom)
2019-09-19 09:01:55,664 [pool-27-thread-1] INFO  server.RaftServerConfigKeys (ConfUtils.java:logGet(43)) - raft.server.log.write.buffer.size = 33554432 (custom)
2019-09-19 09:01:55,664 [pool-27-thread-1] INFO  server.RaftServerConfigKeys (ConfUtils.java:logGet(43)) - raft.server.log.force.sync.num = 128 (default)
2019-09-19 09:01:55,664 [pool-27-thread-1] INFO  server.RaftServerConfigKeys (ConfUtils.java:logGet(43)) - raft.server.log.statemachine.data.sync = true (default)
2019-09-19 09:01:55,664 [pool-27-thread-1] INFO  server.RaftServerConfigKeys (ConfUtils.java:logGet(43)) - raft.server.log.statemachine.data.sync.timeout = 10s (default)
2019-09-19 09:01:55,665 [pool-27-thread-1] INFO  server.RaftServerConfigKeys (ConfUtils.java:logGet(43)) - raft.server.log.statemachine.data.sync.timeout.retry = -1 (default)
2019-09-19 09:01:55,665 [pool-27-thread-1] INFO  server.RaftServerConfigKeys (ConfUtils.java:logGet(43)) - raft.server.log.statemachine.data.caching.enabled = true (custom)
2019-09-19 09:01:55,665 [pool-27-thread-1] INFO  segmented.SegmentedRaftLogWorker (SegmentedRaftLogWorker.java:lambda$new$0(132)) - 71867667-6e29-4129-8075-280da1fb250d-SegmentedRaftLogWorker:Storage Directory /workdir/hadoop-ozone/integration-test/target/test-dir/MiniOzoneClusterImpl-e985e272-9a55-4a46-95f9-9d7dad2521ff/datanode-0/data/ratis/cc597b99-d559-463c-ad31-1bfcf7aaad75: flushIndex: setUnconditionally 0 -> -1
2019-09-19 09:01:55,665 [pool-27-thread-1] INFO  server.RaftServerConfigKeys (ConfUtils.java:logGet(43)) - raft.server.snapshot.auto.trigger.enabled = true (custom)
2019-09-19 09:01:55,665 [pool-27-thread-1] INFO  server.RaftServerConfigKeys (ConfUtils.java:logGet(43)) - raft.server.snapshot.auto.trigger.threshold = 10000 (custom)
2019-09-19 09:01:55,666 [pool-27-thread-1] INFO  server.RaftServerConfigKeys (ConfUtils.java:logGet(43)) - raft.server.retrycache.expirytime = 600000ms (custom)
2019-09-19 09:01:55,666 [pool-27-thread-1] INFO  impl.RaftServerImpl (RaftServerImpl.java:start(180)) - 71867667-6e29-4129-8075-280da1fb250d: start group-1BFCF7AAAD75
2019-09-19 09:01:55,666 [pool-27-thread-1] INFO  impl.RaftServerImpl (RaftServerImpl.java:setRole(171)) - 71867667-6e29-4129-8075-280da1fb250d:group-1BFCF7AAAD75 changes role from null to FOLLOWER at term 0 for startAsFollower
2019-09-19 09:01:55,666 [pool-27-thread-1] INFO  impl.RoleInfo (RoleInfo.java:updateAndGet(143)) - 71867667-6e29-4129-8075-280da1fb250d: start FollowerState
2019-09-19 09:01:55,666 [pool-27-thread-1] INFO  util.JmxRegister (JmxRegister.java:tryRegister(44)) - Successfully registered JMX Bean with object name Ratis:service=RaftServer,group=group-1BFCF7AAAD75,id=71867667-6e29-4129-8075-280da1fb250d
2019-09-19 09:01:55,680 [RatisPipelineUtilsThread] INFO  pipeline.PipelineStateManager (PipelineStateManager.java:addPipeline(56)) - Created pipeline Pipeline[ Id: cc597b99-d559-463c-ad31-1bfcf7aaad75, Nodes: 71867667-6e29-4129-8075-280da1fb250d{ip: 192.168.34.5, host: pr-hdds-1569-j4bt4-3030777008, networkLocation: /default-rack, certSerialId: null}, Type:RATIS, Factor:ONE, State:OPEN]
2019-09-19 09:01:55,690 [grpc-default-executor-0] INFO  impl.RaftServerProxy (RaftServerProxy.java:addNew(89)) - 057e793c-281b-4dc7-88ef-622d16e5bee4: addNew group-824C1C79773C:[057e793c-281b-4dc7-88ef-622d16e5bee4:192.168.34.5:44787] returns group-824C1C79773C:java.util.concurrent.CompletableFuture@eec257a[Not completed]
2019-09-19 09:01:55,691 [pool-38-thread-1] INFO  impl.RaftServerImpl (RaftServerImpl.java:<init>(93)) - 057e793c-281b-4dc7-88ef-622d16e5bee4: new RaftServerImpl for group-824C1C79773C:[057e793c-281b-4dc7-88ef-622d16e5bee4:192.168.34.5:44787] with ContainerStateMachine:uninitialized
2019-09-19 09:01:55,691 [pool-38-thread-1] INFO  server.RaftServerConfigKeys (ConfUtils.java:logGet(43)) - raft.server.rpc.timeout.min = 5s (custom)
2019-09-19 09:01:55,692 [pool-38-thread-1] INFO  server.RaftServerConfigKeys (ConfUtils.java:logGet(43)) - raft.server.rpc.timeout.max = 5200ms (custom)
2019-09-19 09:01:55,692 [pool-38-thread-1] INFO  server.RaftServerConfigKeys (ConfUtils.java:logGet(43)) - raft.server.rpcslowness.timeout = 120s (custom)
2019-09-19 09:01:55,692 [pool-38-thread-1] INFO  server.RaftServerConfigKeys (ConfUtils.java:logGet(43)) - raft.server.sleep.deviation.threshold = 300 (default)
2019-09-19 09:01:55,692 [pool-38-thread-1] INFO  server.RaftServerConfigKeys (ConfUtils.java:logGet(43)) - raft.server.log.appender.install.snapshot.enabled = false (custom)
2019-09-19 09:01:55,692 [pool-38-thread-1] INFO  impl.RaftServerImpl (ServerState.java:<init>(105)) - 057e793c-281b-4dc7-88ef-622d16e5bee4:group-824C1C79773C ConfigurationManager, init=-1: [057e793c-281b-4dc7-88ef-622d16e5bee4:192.168.34.5:44787], old=null, confs=<EMPTY_MAP>
2019-09-19 09:01:55,692 [pool-38-thread-1] INFO  server.RaftServerConfigKeys (ConfUtils.java:logGet(43)) - raft.server.storage.dir = [/workdir/hadoop-ozone/integration-test/target/test-dir/MiniOzoneClusterImpl-e985e272-9a55-4a46-95f9-9d7dad2521ff/datanode-1/data/ratis] (custom)
2019-09-19 09:01:55,692 [pool-38-thread-1] INFO  storage.RaftStorageDirectory (RaftStorageDirectory.java:analyzeStorage(246)) - The storage directory /workdir/hadoop-ozone/integration-test/target/test-dir/MiniOzoneClusterImpl-e985e272-9a55-4a46-95f9-9d7dad2521ff/datanode-1/data/ratis/4b78fff3-9446-4826-8213-824c1c79773c does not exist. Creating ...
2019-09-19 09:01:55,701 [pool-38-thread-1] INFO  storage.RaftStorageDirectory (RaftStorageDirectory.java:tryLock(328)) - Lock on /workdir/hadoop-ozone/integration-test/target/test-dir/MiniOzoneClusterImpl-e985e272-9a55-4a46-95f9-9d7dad2521ff/datanode-1/data/ratis/4b78fff3-9446-4826-8213-824c1c79773c/in_use.lock acquired by nodename 14601@pr-hdds-1569-j4bt4-3030777008
2019-09-19 09:01:55,713 [pool-38-thread-1] INFO  storage.RaftStorage (RaftStorage.java:format(72)) - Storage directory /workdir/hadoop-ozone/integration-test/target/test-dir/MiniOzoneClusterImpl-e985e272-9a55-4a46-95f9-9d7dad2521ff/datanode-1/data/ratis/4b78fff3-9446-4826-8213-824c1c79773c has been successfully formatted.
2019-09-19 09:01:55,714 [pool-38-thread-1] INFO  ratis.ContainerStateMachine (ContainerStateMachine.java:loadSnapshot(226)) - group-824C1C79773C: The snapshot info is null. Setting the last applied indexto:(t:0, i:~)
2019-09-19 09:01:55,714 [pool-38-thread-1] INFO  server.RaftServerConfigKeys (ConfUtils.java:logGet(43)) - raft.server.leader.election.timeout = 120s (custom)
2019-09-19 09:01:55,714 [pool-38-thread-1] INFO  server.RaftServerConfigKeys (ConfUtils.java:logGet(43)) - raft.server.log.use.memory = false (default)
2019-09-19 09:01:55,714 [pool-38-thread-1] INFO  server.RaftServerConfigKeys (ConfUtils.java:logGet(43)) - raft.server.log.purge.gap = 1000000 (custom)
2019-09-19 09:01:55,714 [pool-38-thread-1] INFO  server.RaftServerConfigKeys (ConfUtils.java:logGet(43)) - raft.server.log.appender.buffer.byte-limit = 33554432 (custom)
2019-09-19 09:01:55,714 [pool-38-thread-1] INFO  server.RaftServerConfigKeys (ConfUtils.java:logGet(43)) - raft.server.log.segment.size.max = 1048576 (custom)
2019-09-19 09:01:55,714 [pool-38-thread-1] INFO  server.RaftServerConfigKeys (ConfUtils.java:logGet(43)) - raft.server.log.segment.cache.num.max = 2 (custom)
2019-09-19 09:01:55,714 [pool-38-thread-1] INFO  segmented.SegmentedRaftLogWorker (SegmentedRaftLogWorker.java:<init>(172)) - new 057e793c-281b-4dc7-88ef-622d16e5bee4-SegmentedRaftLogWorker:Storage Directory /workdir/hadoop-ozone/integration-test/target/test-dir/MiniOzoneClusterImpl-e985e272-9a55-4a46-95f9-9d7dad2521ff/datanode-1/data/ratis/4b78fff3-9446-4826-8213-824c1c79773c for RaftStorage:Storage Directory /workdir/hadoop-ozone/integration-test/target/test-dir/MiniOzoneClusterImpl-e985e272-9a55-4a46-95f9-9d7dad2521ff/datanode-1/data/ratis/4b78fff3-9446-4826-8213-824c1c79773c
2019-09-19 09:01:55,715 [pool-38-thread-1] INFO  server.RaftServerConfigKeys (ConfUtils.java:logGet(43)) - raft.server.log.queue.byte-limit = 2147483647 (custom)
2019-09-19 09:01:55,715 [pool-38-thread-1] INFO  server.RaftServerConfigKeys (ConfUtils.java:logGet(43)) - raft.server.log.queue.element-limit = 1024 (custom)
2019-09-19 09:01:55,715 [pool-38-thread-1] INFO  server.RaftServerConfigKeys (ConfUtils.java:logGet(43)) - raft.server.log.segment.size.max = 1048576 (custom)
2019-09-19 09:01:55,715 [pool-38-thread-1] INFO  server.RaftServerConfigKeys (ConfUtils.java:logGet(43)) - raft.server.log.preallocated.size = 16384 (custom)
2019-09-19 09:01:55,715 [pool-38-thread-1] INFO  server.RaftServerConfigKeys (ConfUtils.java:logGet(43)) - raft.server.log.write.buffer.size = 33554432 (custom)
2019-09-19 09:01:55,715 [pool-38-thread-1] INFO  server.RaftServerConfigKeys (ConfUtils.java:logGet(43)) - raft.server.log.force.sync.num = 128 (default)
2019-09-19 09:01:55,715 [pool-38-thread-1] INFO  server.RaftServerConfigKeys (ConfUtils.java:logGet(43)) - raft.server.log.statemachine.data.sync = true (default)
2019-09-19 09:01:55,715 [pool-38-thread-1] INFO  server.RaftServerConfigKeys (ConfUtils.java:logGet(43)) - raft.server.log.statemachine.data.sync.timeout = 10s (default)
2019-09-19 09:01:55,715 [pool-38-thread-1] INFO  server.RaftServerConfigKeys (ConfUtils.java:logGet(43)) - raft.server.log.statemachine.data.sync.timeout.retry = -1 (default)
2019-09-19 09:01:55,716 [pool-38-thread-1] INFO  server.RaftServerConfigKeys (ConfUtils.java:logGet(43)) - raft.server.log.statemachine.data.caching.enabled = true (custom)
2019-09-19 09:01:55,716 [pool-38-thread-1] INFO  segmented.SegmentedRaftLogWorker (SegmentedRaftLogWorker.java:lambda$new$0(132)) - 057e793c-281b-4dc7-88ef-622d16e5bee4-SegmentedRaftLogWorker:Storage Directory /workdir/hadoop-ozone/integration-test/target/test-dir/MiniOzoneClusterImpl-e985e272-9a55-4a46-95f9-9d7dad2521ff/datanode-1/data/ratis/4b78fff3-9446-4826-8213-824c1c79773c: flushIndex: setUnconditionally 0 -> -1
2019-09-19 09:01:55,716 [pool-38-thread-1] INFO  server.RaftServerConfigKeys (ConfUtils.java:logGet(43)) - raft.server.snapshot.auto.trigger.enabled = true (custom)
2019-09-19 09:01:55,716 [pool-38-thread-1] INFO  server.RaftServerConfigKeys (ConfUtils.java:logGet(43)) - raft.server.snapshot.auto.trigger.threshold = 10000 (custom)
2019-09-19 09:01:55,716 [pool-38-thread-1] INFO  server.RaftServerConfigKeys (ConfUtils.java:logGet(43)) - raft.server.retrycache.expirytime = 600000ms (custom)
2019-09-19 09:01:55,716 [pool-38-thread-1] INFO  impl.RaftServerImpl (RaftServerImpl.java:start(180)) - 057e793c-281b-4dc7-88ef-622d16e5bee4: start group-824C1C79773C
2019-09-19 09:01:55,716 [pool-38-thread-1] INFO  impl.RaftServerImpl (RaftServerImpl.java:setRole(171)) - 057e793c-281b-4dc7-88ef-622d16e5bee4:group-824C1C79773C changes role from null to FOLLOWER at term 0 for startAsFollower
2019-09-19 09:01:55,717 [pool-38-thread-1] INFO  impl.RoleInfo (RoleInfo.java:updateAndGet(143)) - 057e793c-281b-4dc7-88ef-622d16e5bee4: start FollowerState
2019-09-19 09:01:55,717 [pool-38-thread-1] INFO  util.JmxRegister (JmxRegister.java:tryRegister(44)) - Successfully registered JMX Bean with object name Ratis:service=RaftServer,group=group-824C1C79773C,id=057e793c-281b-4dc7-88ef-622d16e5bee4
2019-09-19 09:01:55,724 [RatisPipelineUtilsThread] INFO  pipeline.PipelineStateManager (PipelineStateManager.java:addPipeline(56)) - Created pipeline Pipeline[ Id: 4b78fff3-9446-4826-8213-824c1c79773c, Nodes: 057e793c-281b-4dc7-88ef-622d16e5bee4{ip: 192.168.34.5, host: pr-hdds-1569-j4bt4-3030777008, networkLocation: /default-rack, certSerialId: null}, Type:RATIS, Factor:ONE, State:OPEN]
2019-09-19 09:01:55,735 [grpc-default-executor-0] INFO  impl.RaftServerProxy (RaftServerProxy.java:addNew(89)) - 057e793c-281b-4dc7-88ef-622d16e5bee4: addNew group-F29C3738D5D0:[057e793c-281b-4dc7-88ef-622d16e5bee4:192.168.34.5:44787] returns group-F29C3738D5D0:java.util.concurrent.CompletableFuture@6581e39e[Not completed]
2019-09-19 09:01:55,736 [pool-38-thread-1] INFO  impl.RaftServerImpl (RaftServerImpl.java:<init>(93)) - 057e793c-281b-4dc7-88ef-622d16e5bee4: new RaftServerImpl for group-F29C3738D5D0:[057e793c-281b-4dc7-88ef-622d16e5bee4:192.168.34.5:44787] with ContainerStateMachine:uninitialized
2019-09-19 09:01:55,737 [pool-38-thread-1] INFO  server.RaftServerConfigKeys (ConfUtils.java:logGet(43)) - raft.server.rpc.timeout.min = 5s (custom)
2019-09-19 09:01:55,737 [pool-38-thread-1] INFO  server.RaftServerConfigKeys (ConfUtils.java:logGet(43)) - raft.server.rpc.timeout.max = 5200ms (custom)
2019-09-19 09:01:55,737 [pool-38-thread-1] INFO  server.RaftServerConfigKeys (ConfUtils.java:logGet(43)) - raft.server.rpcslowness.timeout = 120s (custom)
2019-09-19 09:01:55,737 [pool-38-thread-1] INFO  server.RaftServerConfigKeys (ConfUtils.java:logGet(43)) - raft.server.sleep.deviation.threshold = 300 (default)
2019-09-19 09:01:55,737 [pool-38-thread-1] INFO  server.RaftServerConfigKeys (ConfUtils.java:logGet(43)) - raft.server.log.appender.install.snapshot.enabled = false (custom)
2019-09-19 09:01:55,737 [pool-38-thread-1] INFO  impl.RaftServerImpl (ServerState.java:<init>(105)) - 057e793c-281b-4dc7-88ef-622d16e5bee4:group-F29C3738D5D0 ConfigurationManager, init=-1: [057e793c-281b-4dc7-88ef-622d16e5bee4:192.168.34.5:44787], old=null, confs=<EMPTY_MAP>
2019-09-19 09:01:55,737 [pool-38-thread-1] INFO  server.RaftServerConfigKeys (ConfUtils.java:logGet(43)) - raft.server.storage.dir = [/workdir/hadoop-ozone/integration-test/target/test-dir/MiniOzoneClusterImpl-e985e272-9a55-4a46-95f9-9d7dad2521ff/datanode-1/data/ratis] (custom)
2019-09-19 09:01:55,737 [pool-38-thread-1] INFO  storage.RaftStorageDirectory (RaftStorageDirectory.java:analyzeStorage(246)) - The storage directory /workdir/hadoop-ozone/integration-test/target/test-dir/MiniOzoneClusterImpl-e985e272-9a55-4a46-95f9-9d7dad2521ff/datanode-1/data/ratis/32390fa8-11b1-4c8f-aacd-f29c3738d5d0 does not exist. Creating ...
2019-09-19 09:01:55,744 [pool-38-thread-1] INFO  storage.RaftStorageDirectory (RaftStorageDirectory.java:tryLock(328)) - Lock on /workdir/hadoop-ozone/integration-test/target/test-dir/MiniOzoneClusterImpl-e985e272-9a55-4a46-95f9-9d7dad2521ff/datanode-1/data/ratis/32390fa8-11b1-4c8f-aacd-f29c3738d5d0/in_use.lock acquired by nodename 14601@pr-hdds-1569-j4bt4-3030777008
2019-09-19 09:01:55,758 [pool-38-thread-1] INFO  storage.RaftStorage (RaftStorage.java:format(72)) - Storage directory /workdir/hadoop-ozone/integration-test/target/test-dir/MiniOzoneClusterImpl-e985e272-9a55-4a46-95f9-9d7dad2521ff/datanode-1/data/ratis/32390fa8-11b1-4c8f-aacd-f29c3738d5d0 has been successfully formatted.
2019-09-19 09:01:55,758 [pool-38-thread-1] INFO  ratis.ContainerStateMachine (ContainerStateMachine.java:loadSnapshot(226)) - group-F29C3738D5D0: The snapshot info is null. Setting the last applied indexto:(t:0, i:~)
2019-09-19 09:01:55,758 [pool-38-thread-1] INFO  server.RaftServerConfigKeys (ConfUtils.java:logGet(43)) - raft.server.leader.election.timeout = 120s (custom)
2019-09-19 09:01:55,758 [pool-38-thread-1] INFO  server.RaftServerConfigKeys (ConfUtils.java:logGet(43)) - raft.server.log.use.memory = false (default)
2019-09-19 09:01:55,758 [pool-38-thread-1] INFO  server.RaftServerConfigKeys (ConfUtils.java:logGet(43)) - raft.server.log.purge.gap = 1000000 (custom)
2019-09-19 09:01:55,758 [pool-38-thread-1] INFO  server.RaftServerConfigKeys (ConfUtils.java:logGet(43)) - raft.server.log.appender.buffer.byte-limit = 33554432 (custom)
2019-09-19 09:01:55,759 [pool-38-thread-1] INFO  server.RaftServerConfigKeys (ConfUtils.java:logGet(43)) - raft.server.log.segment.size.max = 1048576 (custom)
2019-09-19 09:01:55,759 [pool-38-thread-1] INFO  server.RaftServerConfigKeys (ConfUtils.java:logGet(43)) - raft.server.log.segment.cache.num.max = 2 (custom)
2019-09-19 09:01:55,759 [pool-38-thread-1] INFO  segmented.SegmentedRaftLogWorker (SegmentedRaftLogWorker.java:<init>(172)) - new 057e793c-281b-4dc7-88ef-622d16e5bee4-SegmentedRaftLogWorker:Storage Directory /workdir/hadoop-ozone/integration-test/target/test-dir/MiniOzoneClusterImpl-e985e272-9a55-4a46-95f9-9d7dad2521ff/datanode-1/data/ratis/32390fa8-11b1-4c8f-aacd-f29c3738d5d0 for RaftStorage:Storage Directory /workdir/hadoop-ozone/integration-test/target/test-dir/MiniOzoneClusterImpl-e985e272-9a55-4a46-95f9-9d7dad2521ff/datanode-1/data/ratis/32390fa8-11b1-4c8f-aacd-f29c3738d5d0
2019-09-19 09:01:55,759 [pool-38-thread-1] INFO  server.RaftServerConfigKeys (ConfUtils.java:logGet(43)) - raft.server.log.queue.byte-limit = 2147483647 (custom)
2019-09-19 09:01:55,759 [pool-38-thread-1] INFO  server.RaftServerConfigKeys (ConfUtils.java:logGet(43)) - raft.server.log.queue.element-limit = 1024 (custom)
2019-09-19 09:01:55,759 [pool-38-thread-1] INFO  server.RaftServerConfigKeys (ConfUtils.java:logGet(43)) - raft.server.log.segment.size.max = 1048576 (custom)
2019-09-19 09:01:55,759 [pool-38-thread-1] INFO  server.RaftServerConfigKeys (ConfUtils.java:logGet(43)) - raft.server.log.preallocated.size = 16384 (custom)
2019-09-19 09:01:55,759 [pool-38-thread-1] INFO  server.RaftServerConfigKeys (ConfUtils.java:logGet(43)) - raft.server.log.write.buffer.size = 33554432 (custom)
2019-09-19 09:01:55,759 [pool-38-thread-1] INFO  server.RaftServerConfigKeys (ConfUtils.java:logGet(43)) - raft.server.log.force.sync.num = 128 (default)
2019-09-19 09:01:55,759 [pool-38-thread-1] INFO  server.RaftServerConfigKeys (ConfUtils.java:logGet(43)) - raft.server.log.statemachine.data.sync = true (default)
2019-09-19 09:01:55,760 [pool-38-thread-1] INFO  server.RaftServerConfigKeys (ConfUtils.java:logGet(43)) - raft.server.log.statemachine.data.sync.timeout = 10s (default)
2019-09-19 09:01:55,760 [pool-38-thread-1] INFO  server.RaftServerConfigKeys (ConfUtils.java:logGet(43)) - raft.server.log.statemachine.data.sync.timeout.retry = -1 (default)
2019-09-19 09:01:55,760 [pool-38-thread-1] INFO  server.RaftServerConfigKeys (ConfUtils.java:logGet(43)) - raft.server.log.statemachine.data.caching.enabled = true (custom)
2019-09-19 09:01:55,760 [pool-38-thread-1] INFO  segmented.SegmentedRaftLogWorker (SegmentedRaftLogWorker.java:lambda$new$0(132)) - 057e793c-281b-4dc7-88ef-622d16e5bee4-SegmentedRaftLogWorker:Storage Directory /workdir/hadoop-ozone/integration-test/target/test-dir/MiniOzoneClusterImpl-e985e272-9a55-4a46-95f9-9d7dad2521ff/datanode-1/data/ratis/32390fa8-11b1-4c8f-aacd-f29c3738d5d0: flushIndex: setUnconditionally 0 -> -1
2019-09-19 09:01:55,760 [pool-38-thread-1] INFO  server.RaftServerConfigKeys (ConfUtils.java:logGet(43)) - raft.server.snapshot.auto.trigger.enabled = true (custom)
2019-09-19 09:01:55,760 [pool-38-thread-1] INFO  server.RaftServerConfigKeys (ConfUtils.java:logGet(43)) - raft.server.snapshot.auto.trigger.threshold = 10000 (custom)
2019-09-19 09:01:55,761 [pool-38-thread-1] INFO  server.RaftServerConfigKeys (ConfUtils.java:logGet(43)) - raft.server.retrycache.expirytime = 600000ms (custom)
2019-09-19 09:01:55,761 [pool-38-thread-1] INFO  impl.RaftServerImpl (RaftServerImpl.java:start(180)) - 057e793c-281b-4dc7-88ef-622d16e5bee4: start group-F29C3738D5D0
2019-09-19 09:01:55,761 [pool-38-thread-1] INFO  impl.RaftServerImpl (RaftServerImpl.java:setRole(171)) - 057e793c-281b-4dc7-88ef-622d16e5bee4:group-F29C3738D5D0 changes role from null to FOLLOWER at term 0 for startAsFollower
2019-09-19 09:01:55,761 [pool-38-thread-1] INFO  impl.RoleInfo (RoleInfo.java:updateAndGet(143)) - 057e793c-281b-4dc7-88ef-622d16e5bee4: start FollowerState
2019-09-19 09:01:55,761 [pool-38-thread-1] INFO  util.JmxRegister (JmxRegister.java:tryRegister(44)) - Successfully registered JMX Bean with object name Ratis:service=RaftServer,group=group-F29C3738D5D0,id=057e793c-281b-4dc7-88ef-622d16e5bee4
2019-09-19 09:01:55,769 [RatisPipelineUtilsThread] INFO  pipeline.PipelineStateManager (PipelineStateManager.java:addPipeline(56)) - Created pipeline Pipeline[ Id: 32390fa8-11b1-4c8f-aacd-f29c3738d5d0, Nodes: 057e793c-281b-4dc7-88ef-622d16e5bee4{ip: 192.168.34.5, host: pr-hdds-1569-j4bt4-3030777008, networkLocation: /default-rack, certSerialId: null}, Type:RATIS, Factor:ONE, State:OPEN]
2019-09-19 09:01:55,780 [grpc-default-executor-0] INFO  impl.RaftServerProxy (RaftServerProxy.java:addNew(89)) - 477c0686-3f3a-41e4-8702-e2a67c6cb8b9: addNew group-F32898F3C6FC:[477c0686-3f3a-41e4-8702-e2a67c6cb8b9:192.168.34.5:41600] returns group-F32898F3C6FC:java.util.concurrent.CompletableFuture@3c7373[Not completed]
2019-09-19 09:01:55,781 [pool-49-thread-1] INFO  impl.RaftServerImpl (RaftServerImpl.java:<init>(93)) - 477c0686-3f3a-41e4-8702-e2a67c6cb8b9: new RaftServerImpl for group-F32898F3C6FC:[477c0686-3f3a-41e4-8702-e2a67c6cb8b9:192.168.34.5:41600] with ContainerStateMachine:uninitialized
2019-09-19 09:01:55,781 [pool-49-thread-1] INFO  server.RaftServerConfigKeys (ConfUtils.java:logGet(43)) - raft.server.rpc.timeout.min = 5s (custom)
2019-09-19 09:01:55,782 [pool-49-thread-1] INFO  server.RaftServerConfigKeys (ConfUtils.java:logGet(43)) - raft.server.rpc.timeout.max = 5200ms (custom)
2019-09-19 09:01:55,782 [pool-49-thread-1] INFO  server.RaftServerConfigKeys (ConfUtils.java:logGet(43)) - raft.server.rpcslowness.timeout = 120s (custom)
2019-09-19 09:01:55,782 [pool-49-thread-1] INFO  server.RaftServerConfigKeys (ConfUtils.java:logGet(43)) - raft.server.sleep.deviation.threshold = 300 (default)
2019-09-19 09:01:55,782 [pool-49-thread-1] INFO  server.RaftServerConfigKeys (ConfUtils.java:logGet(43)) - raft.server.log.appender.install.snapshot.enabled = false (custom)
2019-09-19 09:01:55,782 [pool-49-thread-1] INFO  impl.RaftServerImpl (ServerState.java:<init>(105)) - 477c0686-3f3a-41e4-8702-e2a67c6cb8b9:group-F32898F3C6FC ConfigurationManager, init=-1: [477c0686-3f3a-41e4-8702-e2a67c6cb8b9:192.168.34.5:41600], old=null, confs=<EMPTY_MAP>
2019-09-19 09:01:55,782 [pool-49-thread-1] INFO  server.RaftServerConfigKeys (ConfUtils.java:logGet(43)) - raft.server.storage.dir = [/workdir/hadoop-ozone/integration-test/target/test-dir/MiniOzoneClusterImpl-e985e272-9a55-4a46-95f9-9d7dad2521ff/datanode-2/data/ratis] (custom)
2019-09-19 09:01:55,783 [pool-49-thread-1] INFO  storage.RaftStorageDirectory (RaftStorageDirectory.java:analyzeStorage(246)) - The storage directory /workdir/hadoop-ozone/integration-test/target/test-dir/MiniOzoneClusterImpl-e985e272-9a55-4a46-95f9-9d7dad2521ff/datanode-2/data/ratis/6b9b9534-117a-4847-b343-f32898f3c6fc does not exist. Creating ...
2019-09-19 09:01:55,796 [pool-49-thread-1] INFO  storage.RaftStorageDirectory (RaftStorageDirectory.java:tryLock(328)) - Lock on /workdir/hadoop-ozone/integration-test/target/test-dir/MiniOzoneClusterImpl-e985e272-9a55-4a46-95f9-9d7dad2521ff/datanode-2/data/ratis/6b9b9534-117a-4847-b343-f32898f3c6fc/in_use.lock acquired by nodename 14601@pr-hdds-1569-j4bt4-3030777008
2019-09-19 09:01:55,809 [pool-49-thread-1] INFO  storage.RaftStorage (RaftStorage.java:format(72)) - Storage directory /workdir/hadoop-ozone/integration-test/target/test-dir/MiniOzoneClusterImpl-e985e272-9a55-4a46-95f9-9d7dad2521ff/datanode-2/data/ratis/6b9b9534-117a-4847-b343-f32898f3c6fc has been successfully formatted.
2019-09-19 09:01:55,810 [pool-49-thread-1] INFO  ratis.ContainerStateMachine (ContainerStateMachine.java:loadSnapshot(226)) - group-F32898F3C6FC: The snapshot info is null. Setting the last applied indexto:(t:0, i:~)
2019-09-19 09:01:55,810 [pool-49-thread-1] INFO  server.RaftServerConfigKeys (ConfUtils.java:logGet(43)) - raft.server.leader.election.timeout = 120s (custom)
2019-09-19 09:01:55,810 [pool-49-thread-1] INFO  server.RaftServerConfigKeys (ConfUtils.java:logGet(43)) - raft.server.log.use.memory = false (default)
2019-09-19 09:01:55,810 [pool-49-thread-1] INFO  server.RaftServerConfigKeys (ConfUtils.java:logGet(43)) - raft.server.log.purge.gap = 1000000 (custom)
2019-09-19 09:01:55,810 [pool-49-thread-1] INFO  server.RaftServerConfigKeys (ConfUtils.java:logGet(43)) - raft.server.log.appender.buffer.byte-limit = 33554432 (custom)
2019-09-19 09:01:55,810 [pool-49-thread-1] INFO  server.RaftServerConfigKeys (ConfUtils.java:logGet(43)) - raft.server.log.segment.size.max = 1048576 (custom)
2019-09-19 09:01:55,810 [pool-49-thread-1] INFO  server.RaftServerConfigKeys (ConfUtils.java:logGet(43)) - raft.server.log.segment.cache.num.max = 2 (custom)
2019-09-19 09:01:55,811 [pool-49-thread-1] INFO  segmented.SegmentedRaftLogWorker (SegmentedRaftLogWorker.java:<init>(172)) - new 477c0686-3f3a-41e4-8702-e2a67c6cb8b9-SegmentedRaftLogWorker:Storage Directory /workdir/hadoop-ozone/integration-test/target/test-dir/MiniOzoneClusterImpl-e985e272-9a55-4a46-95f9-9d7dad2521ff/datanode-2/data/ratis/6b9b9534-117a-4847-b343-f32898f3c6fc for RaftStorage:Storage Directory /workdir/hadoop-ozone/integration-test/target/test-dir/MiniOzoneClusterImpl-e985e272-9a55-4a46-95f9-9d7dad2521ff/datanode-2/data/ratis/6b9b9534-117a-4847-b343-f32898f3c6fc
2019-09-19 09:01:55,811 [pool-49-thread-1] INFO  server.RaftServerConfigKeys (ConfUtils.java:logGet(43)) - raft.server.log.queue.byte-limit = 2147483647 (custom)
2019-09-19 09:01:55,811 [pool-49-thread-1] INFO  server.RaftServerConfigKeys (ConfUtils.java:logGet(43)) - raft.server.log.queue.element-limit = 1024 (custom)
2019-09-19 09:01:55,811 [pool-49-thread-1] INFO  server.RaftServerConfigKeys (ConfUtils.java:logGet(43)) - raft.server.log.segment.size.max = 1048576 (custom)
2019-09-19 09:01:55,811 [pool-49-thread-1] INFO  server.RaftServerConfigKeys (ConfUtils.java:logGet(43)) - raft.server.log.preallocated.size = 16384 (custom)
2019-09-19 09:01:55,811 [pool-49-thread-1] INFO  server.RaftServerConfigKeys (ConfUtils.java:logGet(43)) - raft.server.log.write.buffer.size = 33554432 (custom)
2019-09-19 09:01:55,811 [pool-49-thread-1] INFO  server.RaftServerConfigKeys (ConfUtils.java:logGet(43)) - raft.server.log.force.sync.num = 128 (default)
2019-09-19 09:01:55,811 [pool-49-thread-1] INFO  server.RaftServerConfigKeys (ConfUtils.java:logGet(43)) - raft.server.log.statemachine.data.sync = true (default)
2019-09-19 09:01:55,812 [pool-49-thread-1] INFO  server.RaftServerConfigKeys (ConfUtils.java:logGet(43)) - raft.server.log.statemachine.data.sync.timeout = 10s (default)
2019-09-19 09:01:55,812 [pool-49-thread-1] INFO  server.RaftServerConfigKeys (ConfUtils.java:logGet(43)) - raft.server.log.statemachine.data.sync.timeout.retry = -1 (default)
2019-09-19 09:01:55,812 [pool-49-thread-1] INFO  server.RaftServerConfigKeys (ConfUtils.java:logGet(43)) - raft.server.log.statemachine.data.caching.enabled = true (custom)
2019-09-19 09:01:55,812 [pool-49-thread-1] INFO  segmented.SegmentedRaftLogWorker (SegmentedRaftLogWorker.java:lambda$new$0(132)) - 477c0686-3f3a-41e4-8702-e2a67c6cb8b9-SegmentedRaftLogWorker:Storage Directory /workdir/hadoop-ozone/integration-test/target/test-dir/MiniOzoneClusterImpl-e985e272-9a55-4a46-95f9-9d7dad2521ff/datanode-2/data/ratis/6b9b9534-117a-4847-b343-f32898f3c6fc: flushIndex: setUnconditionally 0 -> -1
2019-09-19 09:01:55,813 [pool-49-thread-1] INFO  server.RaftServerConfigKeys (ConfUtils.java:logGet(43)) - raft.server.snapshot.auto.trigger.enabled = true (custom)
2019-09-19 09:01:55,813 [pool-49-thread-1] INFO  server.RaftServerConfigKeys (ConfUtils.java:logGet(43)) - raft.server.snapshot.auto.trigger.threshold = 10000 (custom)
2019-09-19 09:01:55,813 [pool-49-thread-1] INFO  server.RaftServerConfigKeys (ConfUtils.java:logGet(43)) - raft.server.retrycache.expirytime = 600000ms (custom)
2019-09-19 09:01:55,813 [pool-49-thread-1] INFO  impl.RaftServerImpl (RaftServerImpl.java:start(180)) - 477c0686-3f3a-41e4-8702-e2a67c6cb8b9: start group-F32898F3C6FC
2019-09-19 09:01:55,813 [pool-49-thread-1] INFO  impl.RaftServerImpl (RaftServerImpl.java:setRole(171)) - 477c0686-3f3a-41e4-8702-e2a67c6cb8b9:group-F32898F3C6FC changes role from null to FOLLOWER at term 0 for startAsFollower
2019-09-19 09:01:55,813 [pool-49-thread-1] INFO  impl.RoleInfo (RoleInfo.java:updateAndGet(143)) - 477c0686-3f3a-41e4-8702-e2a67c6cb8b9: start FollowerState
2019-09-19 09:01:55,814 [pool-49-thread-1] INFO  util.JmxRegister (JmxRegister.java:tryRegister(44)) - Successfully registered JMX Bean with object name Ratis:service=RaftServer,group=group-F32898F3C6FC,id=477c0686-3f3a-41e4-8702-e2a67c6cb8b9
2019-09-19 09:01:55,820 [RatisPipelineUtilsThread] INFO  pipeline.PipelineStateManager (PipelineStateManager.java:addPipeline(56)) - Created pipeline Pipeline[ Id: 6b9b9534-117a-4847-b343-f32898f3c6fc, Nodes: 477c0686-3f3a-41e4-8702-e2a67c6cb8b9{ip: 192.168.34.5, host: pr-hdds-1569-j4bt4-3030777008, networkLocation: /default-rack, certSerialId: null}, Type:RATIS, Factor:ONE, State:OPEN]
2019-09-19 09:01:55,831 [grpc-default-executor-0] INFO  impl.RaftServerProxy (RaftServerProxy.java:addNew(89)) - 477c0686-3f3a-41e4-8702-e2a67c6cb8b9: addNew group-9154CE27DF65:[477c0686-3f3a-41e4-8702-e2a67c6cb8b9:192.168.34.5:41600] returns group-9154CE27DF65:java.util.concurrent.CompletableFuture@31d12b8b[Not completed]
2019-09-19 09:01:55,832 [pool-49-thread-1] INFO  impl.RaftServerImpl (RaftServerImpl.java:<init>(93)) - 477c0686-3f3a-41e4-8702-e2a67c6cb8b9: new RaftServerImpl for group-9154CE27DF65:[477c0686-3f3a-41e4-8702-e2a67c6cb8b9:192.168.34.5:41600] with ContainerStateMachine:uninitialized
2019-09-19 09:01:55,832 [pool-49-thread-1] INFO  server.RaftServerConfigKeys (ConfUtils.java:logGet(43)) - raft.server.rpc.timeout.min = 5s (custom)
2019-09-19 09:01:55,832 [pool-49-thread-1] INFO  server.RaftServerConfigKeys (ConfUtils.java:logGet(43)) - raft.server.rpc.timeout.max = 5200ms (custom)
2019-09-19 09:01:55,832 [pool-49-thread-1] INFO  server.RaftServerConfigKeys (ConfUtils.java:logGet(43)) - raft.server.rpcslowness.timeout = 120s (custom)
2019-09-19 09:01:55,832 [pool-49-thread-1] INFO  server.RaftServerConfigKeys (ConfUtils.java:logGet(43)) - raft.server.sleep.deviation.threshold = 300 (default)
2019-09-19 09:01:55,833 [pool-49-thread-1] INFO  server.RaftServerConfigKeys (ConfUtils.java:logGet(43)) - raft.server.log.appender.install.snapshot.enabled = false (custom)
2019-09-19 09:01:55,833 [pool-49-thread-1] INFO  impl.RaftServerImpl (ServerState.java:<init>(105)) - 477c0686-3f3a-41e4-8702-e2a67c6cb8b9:group-9154CE27DF65 ConfigurationManager, init=-1: [477c0686-3f3a-41e4-8702-e2a67c6cb8b9:192.168.34.5:41600], old=null, confs=<EMPTY_MAP>
2019-09-19 09:01:55,833 [pool-49-thread-1] INFO  server.RaftServerConfigKeys (ConfUtils.java:logGet(43)) - raft.server.storage.dir = [/workdir/hadoop-ozone/integration-test/target/test-dir/MiniOzoneClusterImpl-e985e272-9a55-4a46-95f9-9d7dad2521ff/datanode-2/data/ratis] (custom)
2019-09-19 09:01:55,833 [pool-49-thread-1] INFO  storage.RaftStorageDirectory (RaftStorageDirectory.java:analyzeStorage(246)) - The storage directory /workdir/hadoop-ozone/integration-test/target/test-dir/MiniOzoneClusterImpl-e985e272-9a55-4a46-95f9-9d7dad2521ff/datanode-2/data/ratis/7cdb6dab-0b05-4421-b977-9154ce27df65 does not exist. Creating ...
2019-09-19 09:01:55,845 [pool-49-thread-1] INFO  storage.RaftStorageDirectory (RaftStorageDirectory.java:tryLock(328)) - Lock on /workdir/hadoop-ozone/integration-test/target/test-dir/MiniOzoneClusterImpl-e985e272-9a55-4a46-95f9-9d7dad2521ff/datanode-2/data/ratis/7cdb6dab-0b05-4421-b977-9154ce27df65/in_use.lock acquired by nodename 14601@pr-hdds-1569-j4bt4-3030777008
2019-09-19 09:01:55,859 [pool-49-thread-1] INFO  storage.RaftStorage (RaftStorage.java:format(72)) - Storage directory /workdir/hadoop-ozone/integration-test/target/test-dir/MiniOzoneClusterImpl-e985e272-9a55-4a46-95f9-9d7dad2521ff/datanode-2/data/ratis/7cdb6dab-0b05-4421-b977-9154ce27df65 has been successfully formatted.
2019-09-19 09:01:55,859 [pool-49-thread-1] INFO  ratis.ContainerStateMachine (ContainerStateMachine.java:loadSnapshot(226)) - group-9154CE27DF65: The snapshot info is null. Setting the last applied indexto:(t:0, i:~)
2019-09-19 09:01:55,859 [pool-49-thread-1] INFO  server.RaftServerConfigKeys (ConfUtils.java:logGet(43)) - raft.server.leader.election.timeout = 120s (custom)
2019-09-19 09:01:55,860 [pool-49-thread-1] INFO  server.RaftServerConfigKeys (ConfUtils.java:logGet(43)) - raft.server.log.use.memory = false (default)
2019-09-19 09:01:55,860 [pool-49-thread-1] INFO  server.RaftServerConfigKeys (ConfUtils.java:logGet(43)) - raft.server.log.purge.gap = 1000000 (custom)
2019-09-19 09:01:55,860 [pool-49-thread-1] INFO  server.RaftServerConfigKeys (ConfUtils.java:logGet(43)) - raft.server.log.appender.buffer.byte-limit = 33554432 (custom)
2019-09-19 09:01:55,860 [pool-49-thread-1] INFO  server.RaftServerConfigKeys (ConfUtils.java:logGet(43)) - raft.server.log.segment.size.max = 1048576 (custom)
2019-09-19 09:01:55,860 [pool-49-thread-1] INFO  server.RaftServerConfigKeys (ConfUtils.java:logGet(43)) - raft.server.log.segment.cache.num.max = 2 (custom)
2019-09-19 09:01:55,860 [pool-49-thread-1] INFO  segmented.SegmentedRaftLogWorker (SegmentedRaftLogWorker.java:<init>(172)) - new 477c0686-3f3a-41e4-8702-e2a67c6cb8b9-SegmentedRaftLogWorker:Storage Directory /workdir/hadoop-ozone/integration-test/target/test-dir/MiniOzoneClusterImpl-e985e272-9a55-4a46-95f9-9d7dad2521ff/datanode-2/data/ratis/7cdb6dab-0b05-4421-b977-9154ce27df65 for RaftStorage:Storage Directory /workdir/hadoop-ozone/integration-test/target/test-dir/MiniOzoneClusterImpl-e985e272-9a55-4a46-95f9-9d7dad2521ff/datanode-2/data/ratis/7cdb6dab-0b05-4421-b977-9154ce27df65
2019-09-19 09:01:55,860 [pool-49-thread-1] INFO  server.RaftServerConfigKeys (ConfUtils.java:logGet(43)) - raft.server.log.queue.byte-limit = 2147483647 (custom)
2019-09-19 09:01:55,860 [pool-49-thread-1] INFO  server.RaftServerConfigKeys (ConfUtils.java:logGet(43)) - raft.server.log.queue.element-limit = 1024 (custom)
2019-09-19 09:01:55,860 [pool-49-thread-1] INFO  server.RaftServerConfigKeys (ConfUtils.java:logGet(43)) - raft.server.log.segment.size.max = 1048576 (custom)
2019-09-19 09:01:55,861 [pool-49-thread-1] INFO  server.RaftServerConfigKeys (ConfUtils.java:logGet(43)) - raft.server.log.preallocated.size = 16384 (custom)
2019-09-19 09:01:55,861 [pool-49-thread-1] INFO  server.RaftServerConfigKeys (ConfUtils.java:logGet(43)) - raft.server.log.write.buffer.size = 33554432 (custom)
2019-09-19 09:01:55,861 [pool-49-thread-1] INFO  server.RaftServerConfigKeys (ConfUtils.java:logGet(43)) - raft.server.log.force.sync.num = 128 (default)
2019-09-19 09:01:55,861 [pool-49-thread-1] INFO  server.RaftServerConfigKeys (ConfUtils.java:logGet(43)) - raft.server.log.statemachine.data.sync = true (default)
2019-09-19 09:01:55,861 [pool-49-thread-1] INFO  server.RaftServerConfigKeys (ConfUtils.java:logGet(43)) - raft.server.log.statemachine.data.sync.timeout = 10s (default)
2019-09-19 09:01:55,861 [pool-49-thread-1] INFO  server.RaftServerConfigKeys (ConfUtils.java:logGet(43)) - raft.server.log.statemachine.data.sync.timeout.retry = -1 (default)
2019-09-19 09:01:55,861 [pool-49-thread-1] INFO  server.RaftServerConfigKeys (ConfUtils.java:logGet(43)) - raft.server.log.statemachine.data.caching.enabled = true (custom)
2019-09-19 09:01:55,862 [pool-49-thread-1] INFO  segmented.SegmentedRaftLogWorker (SegmentedRaftLogWorker.java:lambda$new$0(132)) - 477c0686-3f3a-41e4-8702-e2a67c6cb8b9-SegmentedRaftLogWorker:Storage Directory /workdir/hadoop-ozone/integration-test/target/test-dir/MiniOzoneClusterImpl-e985e272-9a55-4a46-95f9-9d7dad2521ff/datanode-2/data/ratis/7cdb6dab-0b05-4421-b977-9154ce27df65: flushIndex: setUnconditionally 0 -> -1
2019-09-19 09:01:55,862 [pool-49-thread-1] INFO  server.RaftServerConfigKeys (ConfUtils.java:logGet(43)) - raft.server.snapshot.auto.trigger.enabled = true (custom)
2019-09-19 09:01:55,862 [pool-49-thread-1] INFO  server.RaftServerConfigKeys (ConfUtils.java:logGet(43)) - raft.server.snapshot.auto.trigger.threshold = 10000 (custom)
2019-09-19 09:01:55,862 [pool-49-thread-1] INFO  server.RaftServerConfigKeys (ConfUtils.java:logGet(43)) - raft.server.retrycache.expirytime = 600000ms (custom)
2019-09-19 09:01:55,862 [pool-49-thread-1] INFO  impl.RaftServerImpl (RaftServerImpl.java:start(180)) - 477c0686-3f3a-41e4-8702-e2a67c6cb8b9: start group-9154CE27DF65
2019-09-19 09:01:55,862 [pool-49-thread-1] INFO  impl.RaftServerImpl (RaftServerImpl.java:setRole(171)) - 477c0686-3f3a-41e4-8702-e2a67c6cb8b9:group-9154CE27DF65 changes role from null to FOLLOWER at term 0 for startAsFollower
2019-09-19 09:01:55,862 [pool-49-thread-1] INFO  impl.RoleInfo (RoleInfo.java:updateAndGet(143)) - 477c0686-3f3a-41e4-8702-e2a67c6cb8b9: start FollowerState
2019-09-19 09:01:55,863 [pool-49-thread-1] INFO  util.JmxRegister (JmxRegister.java:tryRegister(44)) - Successfully registered JMX Bean with object name Ratis:service=RaftServer,group=group-9154CE27DF65,id=477c0686-3f3a-41e4-8702-e2a67c6cb8b9
2019-09-19 09:01:55,870 [RatisPipelineUtilsThread] INFO  pipeline.PipelineStateManager (PipelineStateManager.java:addPipeline(56)) - Created pipeline Pipeline[ Id: 7cdb6dab-0b05-4421-b977-9154ce27df65, Nodes: 477c0686-3f3a-41e4-8702-e2a67c6cb8b9{ip: 192.168.34.5, host: pr-hdds-1569-j4bt4-3030777008, networkLocation: /default-rack, certSerialId: null}, Type:RATIS, Factor:ONE, State:OPEN]
2019-09-19 09:01:55,880 [grpc-default-executor-0] INFO  impl.RaftServerProxy (RaftServerProxy.java:addNew(89)) - 71867667-6e29-4129-8075-280da1fb250d: addNew group-FD0AB4364063:[71867667-6e29-4129-8075-280da1fb250d:192.168.34.5:39065] returns group-FD0AB4364063:java.util.concurrent.CompletableFuture@1f2c3616[Not completed]
2019-09-19 09:01:55,882 [pool-27-thread-1] INFO  impl.RaftServerImpl (RaftServerImpl.java:<init>(93)) - 71867667-6e29-4129-8075-280da1fb250d: new RaftServerImpl for group-FD0AB4364063:[71867667-6e29-4129-8075-280da1fb250d:192.168.34.5:39065] with ContainerStateMachine:uninitialized
2019-09-19 09:01:55,882 [pool-27-thread-1] INFO  server.RaftServerConfigKeys (ConfUtils.java:logGet(43)) - raft.server.rpc.timeout.min = 5s (custom)
2019-09-19 09:01:55,883 [pool-27-thread-1] INFO  server.RaftServerConfigKeys (ConfUtils.java:logGet(43)) - raft.server.rpc.timeout.max = 5200ms (custom)
2019-09-19 09:01:55,883 [pool-27-thread-1] INFO  server.RaftServerConfigKeys (ConfUtils.java:logGet(43)) - raft.server.rpcslowness.timeout = 120s (custom)
2019-09-19 09:01:55,883 [pool-27-thread-1] INFO  server.RaftServerConfigKeys (ConfUtils.java:logGet(43)) - raft.server.sleep.deviation.threshold = 300 (default)
2019-09-19 09:01:55,883 [pool-27-thread-1] INFO  server.RaftServerConfigKeys (ConfUtils.java:logGet(43)) - raft.server.log.appender.install.snapshot.enabled = false (custom)
2019-09-19 09:01:55,883 [pool-27-thread-1] INFO  impl.RaftServerImpl (ServerState.java:<init>(105)) - 71867667-6e29-4129-8075-280da1fb250d:group-FD0AB4364063 ConfigurationManager, init=-1: [71867667-6e29-4129-8075-280da1fb250d:192.168.34.5:39065], old=null, confs=<EMPTY_MAP>
2019-09-19 09:01:55,884 [pool-27-thread-1] INFO  server.RaftServerConfigKeys (ConfUtils.java:logGet(43)) - raft.server.storage.dir = [/workdir/hadoop-ozone/integration-test/target/test-dir/MiniOzoneClusterImpl-e985e272-9a55-4a46-95f9-9d7dad2521ff/datanode-0/data/ratis] (custom)
2019-09-19 09:01:55,884 [pool-27-thread-1] INFO  storage.RaftStorageDirectory (RaftStorageDirectory.java:analyzeStorage(246)) - The storage directory /workdir/hadoop-ozone/integration-test/target/test-dir/MiniOzoneClusterImpl-e985e272-9a55-4a46-95f9-9d7dad2521ff/datanode-0/data/ratis/8aa5ced1-263e-4e67-84e1-fd0ab4364063 does not exist. Creating ...
2019-09-19 09:01:55,887 [pool-27-thread-1] INFO  storage.RaftStorageDirectory (RaftStorageDirectory.java:tryLock(328)) - Lock on /workdir/hadoop-ozone/integration-test/target/test-dir/MiniOzoneClusterImpl-e985e272-9a55-4a46-95f9-9d7dad2521ff/datanode-0/data/ratis/8aa5ced1-263e-4e67-84e1-fd0ab4364063/in_use.lock acquired by nodename 14601@pr-hdds-1569-j4bt4-3030777008
2019-09-19 09:01:55,900 [pool-27-thread-1] INFO  storage.RaftStorage (RaftStorage.java:format(72)) - Storage directory /workdir/hadoop-ozone/integration-test/target/test-dir/MiniOzoneClusterImpl-e985e272-9a55-4a46-95f9-9d7dad2521ff/datanode-0/data/ratis/8aa5ced1-263e-4e67-84e1-fd0ab4364063 has been successfully formatted.
2019-09-19 09:01:55,900 [pool-27-thread-1] INFO  ratis.ContainerStateMachine (ContainerStateMachine.java:loadSnapshot(226)) - group-FD0AB4364063: The snapshot info is null. Setting the last applied indexto:(t:0, i:~)
2019-09-19 09:01:55,900 [pool-27-thread-1] INFO  server.RaftServerConfigKeys (ConfUtils.java:logGet(43)) - raft.server.leader.election.timeout = 120s (custom)
2019-09-19 09:01:55,900 [pool-27-thread-1] INFO  server.RaftServerConfigKeys (ConfUtils.java:logGet(43)) - raft.server.log.use.memory = false (default)
2019-09-19 09:01:55,901 [pool-27-thread-1] INFO  server.RaftServerConfigKeys (ConfUtils.java:logGet(43)) - raft.server.log.purge.gap = 1000000 (custom)
2019-09-19 09:01:55,901 [pool-27-thread-1] INFO  server.RaftServerConfigKeys (ConfUtils.java:logGet(43)) - raft.server.log.appender.buffer.byte-limit = 33554432 (custom)
2019-09-19 09:01:55,901 [pool-27-thread-1] INFO  server.RaftServerConfigKeys (ConfUtils.java:logGet(43)) - raft.server.log.segment.size.max = 1048576 (custom)
2019-09-19 09:01:55,901 [pool-27-thread-1] INFO  server.RaftServerConfigKeys (ConfUtils.java:logGet(43)) - raft.server.log.segment.cache.num.max = 2 (custom)
2019-09-19 09:01:55,901 [pool-27-thread-1] INFO  segmented.SegmentedRaftLogWorker (SegmentedRaftLogWorker.java:<init>(172)) - new 71867667-6e29-4129-8075-280da1fb250d-SegmentedRaftLogWorker:Storage Directory /workdir/hadoop-ozone/integration-test/target/test-dir/MiniOzoneClusterImpl-e985e272-9a55-4a46-95f9-9d7dad2521ff/datanode-0/data/ratis/8aa5ced1-263e-4e67-84e1-fd0ab4364063 for RaftStorage:Storage Directory /workdir/hadoop-ozone/integration-test/target/test-dir/MiniOzoneClusterImpl-e985e272-9a55-4a46-95f9-9d7dad2521ff/datanode-0/data/ratis/8aa5ced1-263e-4e67-84e1-fd0ab4364063
2019-09-19 09:01:55,902 [pool-27-thread-1] INFO  server.RaftServerConfigKeys (ConfUtils.java:logGet(43)) - raft.server.log.queue.byte-limit = 2147483647 (custom)
2019-09-19 09:01:55,902 [pool-27-thread-1] INFO  server.RaftServerConfigKeys (ConfUtils.java:logGet(43)) - raft.server.log.queue.element-limit = 1024 (custom)
2019-09-19 09:01:55,902 [pool-27-thread-1] INFO  server.RaftServerConfigKeys (ConfUtils.java:logGet(43)) - raft.server.log.segment.size.max = 1048576 (custom)
2019-09-19 09:01:55,902 [pool-27-thread-1] INFO  server.RaftServerConfigKeys (ConfUtils.java:logGet(43)) - raft.server.log.preallocated.size = 16384 (custom)
2019-09-19 09:01:55,902 [pool-27-thread-1] INFO  server.RaftServerConfigKeys (ConfUtils.java:logGet(43)) - raft.server.log.write.buffer.size = 33554432 (custom)
2019-09-19 09:01:55,902 [pool-27-thread-1] INFO  server.RaftServerConfigKeys (ConfUtils.java:logGet(43)) - raft.server.log.force.sync.num = 128 (default)
2019-09-19 09:01:55,903 [pool-27-thread-1] INFO  server.RaftServerConfigKeys (ConfUtils.java:logGet(43)) - raft.server.log.statemachine.data.sync = true (default)
2019-09-19 09:01:55,903 [pool-27-thread-1] INFO  server.RaftServerConfigKeys (ConfUtils.java:logGet(43)) - raft.server.log.statemachine.data.sync.timeout = 10s (default)
2019-09-19 09:01:55,903 [pool-27-thread-1] INFO  server.RaftServerConfigKeys (ConfUtils.java:logGet(43)) - raft.server.log.statemachine.data.sync.timeout.retry = -1 (default)
2019-09-19 09:01:55,903 [pool-27-thread-1] INFO  server.RaftServerConfigKeys (ConfUtils.java:logGet(43)) - raft.server.log.statemachine.data.caching.enabled = true (custom)
2019-09-19 09:01:55,903 [pool-27-thread-1] INFO  segmented.SegmentedRaftLogWorker (SegmentedRaftLogWorker.java:lambda$new$0(132)) - 71867667-6e29-4129-8075-280da1fb250d-SegmentedRaftLogWorker:Storage Directory /workdir/hadoop-ozone/integration-test/target/test-dir/MiniOzoneClusterImpl-e985e272-9a55-4a46-95f9-9d7dad2521ff/datanode-0/data/ratis/8aa5ced1-263e-4e67-84e1-fd0ab4364063: flushIndex: setUnconditionally 0 -> -1
2019-09-19 09:01:55,904 [pool-27-thread-1] INFO  server.RaftServerConfigKeys (ConfUtils.java:logGet(43)) - raft.server.snapshot.auto.trigger.enabled = true (custom)
2019-09-19 09:01:55,904 [pool-27-thread-1] INFO  server.RaftServerConfigKeys (ConfUtils.java:logGet(43)) - raft.server.snapshot.auto.trigger.threshold = 10000 (custom)
2019-09-19 09:01:55,904 [pool-27-thread-1] INFO  server.RaftServerConfigKeys (ConfUtils.java:logGet(43)) - raft.server.retrycache.expirytime = 600000ms (custom)
2019-09-19 09:01:55,904 [pool-27-thread-1] INFO  impl.RaftServerImpl (RaftServerImpl.java:start(180)) - 71867667-6e29-4129-8075-280da1fb250d: start group-FD0AB4364063
2019-09-19 09:01:55,904 [pool-27-thread-1] INFO  impl.RaftServerImpl (RaftServerImpl.java:setRole(171)) - 71867667-6e29-4129-8075-280da1fb250d:group-FD0AB4364063 changes role from null to FOLLOWER at term 0 for startAsFollower
2019-09-19 09:01:55,905 [pool-27-thread-1] INFO  impl.RoleInfo (RoleInfo.java:updateAndGet(143)) - 71867667-6e29-4129-8075-280da1fb250d: start FollowerState
2019-09-19 09:01:55,905 [pool-27-thread-1] INFO  util.JmxRegister (JmxRegister.java:tryRegister(44)) - Successfully registered JMX Bean with object name Ratis:service=RaftServer,group=group-FD0AB4364063,id=71867667-6e29-4129-8075-280da1fb250d
2019-09-19 09:01:55,914 [RatisPipelineUtilsThread] INFO  pipeline.PipelineStateManager (PipelineStateManager.java:addPipeline(56)) - Created pipeline Pipeline[ Id: 8aa5ced1-263e-4e67-84e1-fd0ab4364063, Nodes: 71867667-6e29-4129-8075-280da1fb250d{ip: 192.168.34.5, host: pr-hdds-1569-j4bt4-3030777008, networkLocation: /default-rack, certSerialId: null}, Type:RATIS, Factor:ONE, State:OPEN]
2019-09-19 09:01:55,926 [grpc-default-executor-0] INFO  impl.RaftServerProxy (RaftServerProxy.java:addNew(89)) - 057e793c-281b-4dc7-88ef-622d16e5bee4: addNew group-F8248E756149:[057e793c-281b-4dc7-88ef-622d16e5bee4:192.168.34.5:44787] returns group-F8248E756149:java.util.concurrent.CompletableFuture@49a2aee5[Not completed]
2019-09-19 09:01:55,928 [pool-38-thread-1] INFO  impl.RaftServerImpl (RaftServerImpl.java:<init>(93)) - 057e793c-281b-4dc7-88ef-622d16e5bee4: new RaftServerImpl for group-F8248E756149:[057e793c-281b-4dc7-88ef-622d16e5bee4:192.168.34.5:44787] with ContainerStateMachine:uninitialized
2019-09-19 09:01:55,928 [pool-38-thread-1] INFO  server.RaftServerConfigKeys (ConfUtils.java:logGet(43)) - raft.server.rpc.timeout.min = 5s (custom)
2019-09-19 09:01:55,928 [pool-38-thread-1] INFO  server.RaftServerConfigKeys (ConfUtils.java:logGet(43)) - raft.server.rpc.timeout.max = 5200ms (custom)
2019-09-19 09:01:55,928 [pool-38-thread-1] INFO  server.RaftServerConfigKeys (ConfUtils.java:logGet(43)) - raft.server.rpcslowness.timeout = 120s (custom)
2019-09-19 09:01:55,929 [pool-38-thread-1] INFO  server.RaftServerConfigKeys (ConfUtils.java:logGet(43)) - raft.server.sleep.deviation.threshold = 300 (default)
2019-09-19 09:01:55,929 [pool-38-thread-1] INFO  server.RaftServerConfigKeys (ConfUtils.java:logGet(43)) - raft.server.log.appender.install.snapshot.enabled = false (custom)
2019-09-19 09:01:55,929 [pool-38-thread-1] INFO  impl.RaftServerImpl (ServerState.java:<init>(105)) - 057e793c-281b-4dc7-88ef-622d16e5bee4:group-F8248E756149 ConfigurationManager, init=-1: [057e793c-281b-4dc7-88ef-622d16e5bee4:192.168.34.5:44787], old=null, confs=<EMPTY_MAP>
2019-09-19 09:01:55,929 [pool-38-thread-1] INFO  server.RaftServerConfigKeys (ConfUtils.java:logGet(43)) - raft.server.storage.dir = [/workdir/hadoop-ozone/integration-test/target/test-dir/MiniOzoneClusterImpl-e985e272-9a55-4a46-95f9-9d7dad2521ff/datanode-1/data/ratis] (custom)
2019-09-19 09:01:55,930 [pool-38-thread-1] INFO  storage.RaftStorageDirectory (RaftStorageDirectory.java:analyzeStorage(246)) - The storage directory /workdir/hadoop-ozone/integration-test/target/test-dir/MiniOzoneClusterImpl-e985e272-9a55-4a46-95f9-9d7dad2521ff/datanode-1/data/ratis/3c4cb354-a86a-47c3-80d4-f8248e756149 does not exist. Creating ...
2019-09-19 09:01:55,933 [pool-38-thread-1] INFO  storage.RaftStorageDirectory (RaftStorageDirectory.java:tryLock(328)) - Lock on /workdir/hadoop-ozone/integration-test/target/test-dir/MiniOzoneClusterImpl-e985e272-9a55-4a46-95f9-9d7dad2521ff/datanode-1/data/ratis/3c4cb354-a86a-47c3-80d4-f8248e756149/in_use.lock acquired by nodename 14601@pr-hdds-1569-j4bt4-3030777008
2019-09-19 09:01:55,958 [pool-38-thread-1] INFO  storage.RaftStorage (RaftStorage.java:format(72)) - Storage directory /workdir/hadoop-ozone/integration-test/target/test-dir/MiniOzoneClusterImpl-e985e272-9a55-4a46-95f9-9d7dad2521ff/datanode-1/data/ratis/3c4cb354-a86a-47c3-80d4-f8248e756149 has been successfully formatted.
2019-09-19 09:01:55,959 [pool-38-thread-1] INFO  ratis.ContainerStateMachine (ContainerStateMachine.java:loadSnapshot(226)) - group-F8248E756149: The snapshot info is null. Setting the last applied indexto:(t:0, i:~)
2019-09-19 09:01:55,959 [pool-38-thread-1] INFO  server.RaftServerConfigKeys (ConfUtils.java:logGet(43)) - raft.server.leader.election.timeout = 120s (custom)
2019-09-19 09:01:55,959 [pool-38-thread-1] INFO  server.RaftServerConfigKeys (ConfUtils.java:logGet(43)) - raft.server.log.use.memory = false (default)
2019-09-19 09:01:55,959 [pool-38-thread-1] INFO  server.RaftServerConfigKeys (ConfUtils.java:logGet(43)) - raft.server.log.purge.gap = 1000000 (custom)
2019-09-19 09:01:55,960 [pool-38-thread-1] INFO  server.RaftServerConfigKeys (ConfUtils.java:logGet(43)) - raft.server.log.appender.buffer.byte-limit = 33554432 (custom)
2019-09-19 09:01:55,960 [pool-38-thread-1] INFO  server.RaftServerConfigKeys (ConfUtils.java:logGet(43)) - raft.server.log.segment.size.max = 1048576 (custom)
2019-09-19 09:01:55,960 [pool-38-thread-1] INFO  server.RaftServerConfigKeys (ConfUtils.java:logGet(43)) - raft.server.log.segment.cache.num.max = 2 (custom)
2019-09-19 09:01:55,960 [pool-38-thread-1] INFO  segmented.SegmentedRaftLogWorker (SegmentedRaftLogWorker.java:<init>(172)) - new 057e793c-281b-4dc7-88ef-622d16e5bee4-SegmentedRaftLogWorker:Storage Directory /workdir/hadoop-ozone/integration-test/target/test-dir/MiniOzoneClusterImpl-e985e272-9a55-4a46-95f9-9d7dad2521ff/datanode-1/data/ratis/3c4cb354-a86a-47c3-80d4-f8248e756149 for RaftStorage:Storage Directory /workdir/hadoop-ozone/integration-test/target/test-dir/MiniOzoneClusterImpl-e985e272-9a55-4a46-95f9-9d7dad2521ff/datanode-1/data/ratis/3c4cb354-a86a-47c3-80d4-f8248e756149
2019-09-19 09:01:55,960 [pool-38-thread-1] INFO  server.RaftServerConfigKeys (ConfUtils.java:logGet(43)) - raft.server.log.queue.byte-limit = 2147483647 (custom)
2019-09-19 09:01:55,961 [pool-38-thread-1] INFO  server.RaftServerConfigKeys (ConfUtils.java:logGet(43)) - raft.server.log.queue.element-limit = 1024 (custom)
2019-09-19 09:01:55,961 [pool-38-thread-1] INFO  server.RaftServerConfigKeys (ConfUtils.java:logGet(43)) - raft.server.log.segment.size.max = 1048576 (custom)
2019-09-19 09:01:55,961 [pool-38-thread-1] INFO  server.RaftServerConfigKeys (ConfUtils.java:logGet(43)) - raft.server.log.preallocated.size = 16384 (custom)
2019-09-19 09:01:55,961 [pool-38-thread-1] INFO  server.RaftServerConfigKeys (ConfUtils.java:logGet(43)) - raft.server.log.write.buffer.size = 33554432 (custom)
2019-09-19 09:01:55,961 [pool-38-thread-1] INFO  server.RaftServerConfigKeys (ConfUtils.java:logGet(43)) - raft.server.log.force.sync.num = 128 (default)
2019-09-19 09:01:55,961 [pool-38-thread-1] INFO  server.RaftServerConfigKeys (ConfUtils.java:logGet(43)) - raft.server.log.statemachine.data.sync = true (default)
2019-09-19 09:01:55,962 [pool-38-thread-1] INFO  server.RaftServerConfigKeys (ConfUtils.java:logGet(43)) - raft.server.log.statemachine.data.sync.timeout = 10s (default)
2019-09-19 09:01:55,962 [pool-38-thread-1] INFO  server.RaftServerConfigKeys (ConfUtils.java:logGet(43)) - raft.server.log.statemachine.data.sync.timeout.retry = -1 (default)
2019-09-19 09:01:55,962 [pool-38-thread-1] INFO  server.RaftServerConfigKeys (ConfUtils.java:logGet(43)) - raft.server.log.statemachine.data.caching.enabled = true (custom)
2019-09-19 09:01:55,963 [pool-38-thread-1] INFO  segmented.SegmentedRaftLogWorker (SegmentedRaftLogWorker.java:lambda$new$0(132)) - 057e793c-281b-4dc7-88ef-622d16e5bee4-SegmentedRaftLogWorker:Storage Directory /workdir/hadoop-ozone/integration-test/target/test-dir/MiniOzoneClusterImpl-e985e272-9a55-4a46-95f9-9d7dad2521ff/datanode-1/data/ratis/3c4cb354-a86a-47c3-80d4-f8248e756149: flushIndex: setUnconditionally 0 -> -1
2019-09-19 09:01:55,963 [pool-38-thread-1] INFO  server.RaftServerConfigKeys (ConfUtils.java:logGet(43)) - raft.server.snapshot.auto.trigger.enabled = true (custom)
2019-09-19 09:01:55,963 [pool-38-thread-1] INFO  server.RaftServerConfigKeys (ConfUtils.java:logGet(43)) - raft.server.snapshot.auto.trigger.threshold = 10000 (custom)
2019-09-19 09:01:55,964 [pool-38-thread-1] INFO  server.RaftServerConfigKeys (ConfUtils.java:logGet(43)) - raft.server.retrycache.expirytime = 600000ms (custom)
2019-09-19 09:01:55,964 [pool-38-thread-1] INFO  impl.RaftServerImpl (RaftServerImpl.java:start(180)) - 057e793c-281b-4dc7-88ef-622d16e5bee4: start group-F8248E756149
2019-09-19 09:01:55,964 [pool-38-thread-1] INFO  impl.RaftServerImpl (RaftServerImpl.java:setRole(171)) - 057e793c-281b-4dc7-88ef-622d16e5bee4:group-F8248E756149 changes role from null to FOLLOWER at term 0 for startAsFollower
2019-09-19 09:01:55,964 [pool-38-thread-1] INFO  impl.RoleInfo (RoleInfo.java:updateAndGet(143)) - 057e793c-281b-4dc7-88ef-622d16e5bee4: start FollowerState
2019-09-19 09:01:55,965 [pool-38-thread-1] INFO  util.JmxRegister (JmxRegister.java:tryRegister(44)) - Successfully registered JMX Bean with object name Ratis:service=RaftServer,group=group-F8248E756149,id=057e793c-281b-4dc7-88ef-622d16e5bee4
2019-09-19 09:01:55,971 [RatisPipelineUtilsThread] INFO  pipeline.PipelineStateManager (PipelineStateManager.java:addPipeline(56)) - Created pipeline Pipeline[ Id: 3c4cb354-a86a-47c3-80d4-f8248e756149, Nodes: 057e793c-281b-4dc7-88ef-622d16e5bee4{ip: 192.168.34.5, host: pr-hdds-1569-j4bt4-3030777008, networkLocation: /default-rack, certSerialId: null}, Type:RATIS, Factor:ONE, State:OPEN]
2019-09-19 09:01:55,982 [grpc-default-executor-0] INFO  impl.RaftServerProxy (RaftServerProxy.java:addNew(89)) - 71867667-6e29-4129-8075-280da1fb250d: addNew group-72ED493EA053:[71867667-6e29-4129-8075-280da1fb250d:192.168.34.5:39065] returns group-72ED493EA053:java.util.concurrent.CompletableFuture@8bf9ef4[Not completed]
2019-09-19 09:01:55,984 [pool-27-thread-1] INFO  impl.RaftServerImpl (RaftServerImpl.java:<init>(93)) - 71867667-6e29-4129-8075-280da1fb250d: new RaftServerImpl for group-72ED493EA053:[71867667-6e29-4129-8075-280da1fb250d:192.168.34.5:39065] with ContainerStateMachine:uninitialized
2019-09-19 09:01:55,984 [pool-27-thread-1] INFO  server.RaftServerConfigKeys (ConfUtils.java:logGet(43)) - raft.server.rpc.timeout.min = 5s (custom)
2019-09-19 09:01:55,984 [pool-27-thread-1] INFO  server.RaftServerConfigKeys (ConfUtils.java:logGet(43)) - raft.server.rpc.timeout.max = 5200ms (custom)
2019-09-19 09:01:55,984 [pool-27-thread-1] INFO  server.RaftServerConfigKeys (ConfUtils.java:logGet(43)) - raft.server.rpcslowness.timeout = 120s (custom)
2019-09-19 09:01:55,984 [pool-27-thread-1] INFO  server.RaftServerConfigKeys (ConfUtils.java:logGet(43)) - raft.server.sleep.deviation.threshold = 300 (default)
2019-09-19 09:01:55,984 [pool-27-thread-1] INFO  server.RaftServerConfigKeys (ConfUtils.java:logGet(43)) - raft.server.log.appender.install.snapshot.enabled = false (custom)
2019-09-19 09:01:55,984 [pool-27-thread-1] INFO  impl.RaftServerImpl (ServerState.java:<init>(105)) - 71867667-6e29-4129-8075-280da1fb250d:group-72ED493EA053 ConfigurationManager, init=-1: [71867667-6e29-4129-8075-280da1fb250d:192.168.34.5:39065], old=null, confs=<EMPTY_MAP>
2019-09-19 09:01:55,985 [pool-27-thread-1] INFO  server.RaftServerConfigKeys (ConfUtils.java:logGet(43)) - raft.server.storage.dir = [/workdir/hadoop-ozone/integration-test/target/test-dir/MiniOzoneClusterImpl-e985e272-9a55-4a46-95f9-9d7dad2521ff/datanode-0/data/ratis] (custom)
2019-09-19 09:01:55,985 [pool-27-thread-1] INFO  storage.RaftStorageDirectory (RaftStorageDirectory.java:analyzeStorage(246)) - The storage directory /workdir/hadoop-ozone/integration-test/target/test-dir/MiniOzoneClusterImpl-e985e272-9a55-4a46-95f9-9d7dad2521ff/datanode-0/data/ratis/5878b1e5-7b92-4872-9405-72ed493ea053 does not exist. Creating ...
2019-09-19 09:01:55,998 [pool-27-thread-1] INFO  storage.RaftStorageDirectory (RaftStorageDirectory.java:tryLock(328)) - Lock on /workdir/hadoop-ozone/integration-test/target/test-dir/MiniOzoneClusterImpl-e985e272-9a55-4a46-95f9-9d7dad2521ff/datanode-0/data/ratis/5878b1e5-7b92-4872-9405-72ed493ea053/in_use.lock acquired by nodename 14601@pr-hdds-1569-j4bt4-3030777008
2019-09-19 09:01:56,011 [pool-27-thread-1] INFO  storage.RaftStorage (RaftStorage.java:format(72)) - Storage directory /workdir/hadoop-ozone/integration-test/target/test-dir/MiniOzoneClusterImpl-e985e272-9a55-4a46-95f9-9d7dad2521ff/datanode-0/data/ratis/5878b1e5-7b92-4872-9405-72ed493ea053 has been successfully formatted.
2019-09-19 09:01:56,012 [pool-27-thread-1] INFO  ratis.ContainerStateMachine (ContainerStateMachine.java:loadSnapshot(226)) - group-72ED493EA053: The snapshot info is null. Setting the last applied indexto:(t:0, i:~)
2019-09-19 09:01:56,012 [pool-27-thread-1] INFO  server.RaftServerConfigKeys (ConfUtils.java:logGet(43)) - raft.server.leader.election.timeout = 120s (custom)
2019-09-19 09:01:56,012 [pool-27-thread-1] INFO  server.RaftServerConfigKeys (ConfUtils.java:logGet(43)) - raft.server.log.use.memory = false (default)
2019-09-19 09:01:56,012 [pool-27-thread-1] INFO  server.RaftServerConfigKeys (ConfUtils.java:logGet(43)) - raft.server.log.purge.gap = 1000000 (custom)
2019-09-19 09:01:56,012 [pool-27-thread-1] INFO  server.RaftServerConfigKeys (ConfUtils.java:logGet(43)) - raft.server.log.appender.buffer.byte-limit = 33554432 (custom)
2019-09-19 09:01:56,012 [pool-27-thread-1] INFO  server.RaftServerConfigKeys (ConfUtils.java:logGet(43)) - raft.server.log.segment.size.max = 1048576 (custom)
2019-09-19 09:01:56,012 [pool-27-thread-1] INFO  server.RaftServerConfigKeys (ConfUtils.java:logGet(43)) - raft.server.log.segment.cache.num.max = 2 (custom)
2019-09-19 09:01:56,012 [pool-27-thread-1] INFO  segmented.SegmentedRaftLogWorker (SegmentedRaftLogWorker.java:<init>(172)) - new 71867667-6e29-4129-8075-280da1fb250d-SegmentedRaftLogWorker:Storage Directory /workdir/hadoop-ozone/integration-test/target/test-dir/MiniOzoneClusterImpl-e985e272-9a55-4a46-95f9-9d7dad2521ff/datanode-0/data/ratis/5878b1e5-7b92-4872-9405-72ed493ea053 for RaftStorage:Storage Directory /workdir/hadoop-ozone/integration-test/target/test-dir/MiniOzoneClusterImpl-e985e272-9a55-4a46-95f9-9d7dad2521ff/datanode-0/data/ratis/5878b1e5-7b92-4872-9405-72ed493ea053
2019-09-19 09:01:56,013 [pool-27-thread-1] INFO  server.RaftServerConfigKeys (ConfUtils.java:logGet(43)) - raft.server.log.queue.byte-limit = 2147483647 (custom)
2019-09-19 09:01:56,013 [pool-27-thread-1] INFO  server.RaftServerConfigKeys (ConfUtils.java:logGet(43)) - raft.server.log.queue.element-limit = 1024 (custom)
2019-09-19 09:01:56,013 [pool-27-thread-1] INFO  server.RaftServerConfigKeys (ConfUtils.java:logGet(43)) - raft.server.log.segment.size.max = 1048576 (custom)
2019-09-19 09:01:56,013 [pool-27-thread-1] INFO  server.RaftServerConfigKeys (ConfUtils.java:logGet(43)) - raft.server.log.preallocated.size = 16384 (custom)
2019-09-19 09:01:56,013 [pool-27-thread-1] INFO  server.RaftServerConfigKeys (ConfUtils.java:logGet(43)) - raft.server.log.write.buffer.size = 33554432 (custom)
2019-09-19 09:01:56,013 [pool-27-thread-1] INFO  server.RaftServerConfigKeys (ConfUtils.java:logGet(43)) - raft.server.log.force.sync.num = 128 (default)
2019-09-19 09:01:56,013 [pool-27-thread-1] INFO  server.RaftServerConfigKeys (ConfUtils.java:logGet(43)) - raft.server.log.statemachine.data.sync = true (default)
2019-09-19 09:01:56,013 [pool-27-thread-1] INFO  server.RaftServerConfigKeys (ConfUtils.java:logGet(43)) - raft.server.log.statemachine.data.sync.timeout = 10s (default)
2019-09-19 09:01:56,013 [pool-27-thread-1] INFO  server.RaftServerConfigKeys (ConfUtils.java:logGet(43)) - raft.server.log.statemachine.data.sync.timeout.retry = -1 (default)
2019-09-19 09:01:56,014 [pool-27-thread-1] INFO  server.RaftServerConfigKeys (ConfUtils.java:logGet(43)) - raft.server.log.statemachine.data.caching.enabled = true (custom)
2019-09-19 09:01:56,014 [pool-27-thread-1] INFO  segmented.SegmentedRaftLogWorker (SegmentedRaftLogWorker.java:lambda$new$0(132)) - 71867667-6e29-4129-8075-280da1fb250d-SegmentedRaftLogWorker:Storage Directory /workdir/hadoop-ozone/integration-test/target/test-dir/MiniOzoneClusterImpl-e985e272-9a55-4a46-95f9-9d7dad2521ff/datanode-0/data/ratis/5878b1e5-7b92-4872-9405-72ed493ea053: flushIndex: setUnconditionally 0 -> -1
2019-09-19 09:01:56,014 [pool-27-thread-1] INFO  server.RaftServerConfigKeys (ConfUtils.java:logGet(43)) - raft.server.snapshot.auto.trigger.enabled = true (custom)
2019-09-19 09:01:56,014 [pool-27-thread-1] INFO  server.RaftServerConfigKeys (ConfUtils.java:logGet(43)) - raft.server.snapshot.auto.trigger.threshold = 10000 (custom)
2019-09-19 09:01:56,014 [pool-27-thread-1] INFO  server.RaftServerConfigKeys (ConfUtils.java:logGet(43)) - raft.server.retrycache.expirytime = 600000ms (custom)
2019-09-19 09:01:56,014 [pool-27-thread-1] INFO  impl.RaftServerImpl (RaftServerImpl.java:start(180)) - 71867667-6e29-4129-8075-280da1fb250d: start group-72ED493EA053
2019-09-19 09:01:56,015 [pool-27-thread-1] INFO  impl.RaftServerImpl (RaftServerImpl.java:setRole(171)) - 71867667-6e29-4129-8075-280da1fb250d:group-72ED493EA053 changes role from null to FOLLOWER at term 0 for startAsFollower
2019-09-19 09:01:56,015 [pool-27-thread-1] INFO  impl.RoleInfo (RoleInfo.java:updateAndGet(143)) - 71867667-6e29-4129-8075-280da1fb250d: start FollowerState
2019-09-19 09:01:56,015 [pool-27-thread-1] INFO  util.JmxRegister (JmxRegister.java:tryRegister(44)) - Successfully registered JMX Bean with object name Ratis:service=RaftServer,group=group-72ED493EA053,id=71867667-6e29-4129-8075-280da1fb250d
2019-09-19 09:01:56,023 [RatisPipelineUtilsThread] INFO  pipeline.PipelineStateManager (PipelineStateManager.java:addPipeline(56)) - Created pipeline Pipeline[ Id: 5878b1e5-7b92-4872-9405-72ed493ea053, Nodes: 71867667-6e29-4129-8075-280da1fb250d{ip: 192.168.34.5, host: pr-hdds-1569-j4bt4-3030777008, networkLocation: /default-rack, certSerialId: null}, Type:RATIS, Factor:ONE, State:OPEN]
2019-09-19 09:01:56,033 [grpc-default-executor-0] INFO  impl.RaftServerProxy (RaftServerProxy.java:addNew(89)) - 71867667-6e29-4129-8075-280da1fb250d: addNew group-81F0D4395446:[71867667-6e29-4129-8075-280da1fb250d:192.168.34.5:39065] returns group-81F0D4395446:java.util.concurrent.CompletableFuture@1f9b147b[Not completed]
2019-09-19 09:01:56,034 [pool-27-thread-1] INFO  impl.RaftServerImpl (RaftServerImpl.java:<init>(93)) - 71867667-6e29-4129-8075-280da1fb250d: new RaftServerImpl for group-81F0D4395446:[71867667-6e29-4129-8075-280da1fb250d:192.168.34.5:39065] with ContainerStateMachine:uninitialized
2019-09-19 09:01:56,034 [pool-27-thread-1] INFO  server.RaftServerConfigKeys (ConfUtils.java:logGet(43)) - raft.server.rpc.timeout.min = 5s (custom)
2019-09-19 09:01:56,034 [pool-27-thread-1] INFO  server.RaftServerConfigKeys (ConfUtils.java:logGet(43)) - raft.server.rpc.timeout.max = 5200ms (custom)
2019-09-19 09:01:56,035 [pool-27-thread-1] INFO  server.RaftServerConfigKeys (ConfUtils.java:logGet(43)) - raft.server.rpcslowness.timeout = 120s (custom)
2019-09-19 09:01:56,035 [pool-27-thread-1] INFO  server.RaftServerConfigKeys (ConfUtils.java:logGet(43)) - raft.server.sleep.deviation.threshold = 300 (default)
2019-09-19 09:01:56,035 [pool-27-thread-1] INFO  server.RaftServerConfigKeys (ConfUtils.java:logGet(43)) - raft.server.log.appender.install.snapshot.enabled = false (custom)
2019-09-19 09:01:56,035 [pool-27-thread-1] INFO  impl.RaftServerImpl (ServerState.java:<init>(105)) - 71867667-6e29-4129-8075-280da1fb250d:group-81F0D4395446 ConfigurationManager, init=-1: [71867667-6e29-4129-8075-280da1fb250d:192.168.34.5:39065], old=null, confs=<EMPTY_MAP>
2019-09-19 09:01:56,035 [pool-27-thread-1] INFO  server.RaftServerConfigKeys (ConfUtils.java:logGet(43)) - raft.server.storage.dir = [/workdir/hadoop-ozone/integration-test/target/test-dir/MiniOzoneClusterImpl-e985e272-9a55-4a46-95f9-9d7dad2521ff/datanode-0/data/ratis] (custom)
2019-09-19 09:01:56,035 [pool-27-thread-1] INFO  storage.RaftStorageDirectory (RaftStorageDirectory.java:analyzeStorage(246)) - The storage directory /workdir/hadoop-ozone/integration-test/target/test-dir/MiniOzoneClusterImpl-e985e272-9a55-4a46-95f9-9d7dad2521ff/datanode-0/data/ratis/2ecb34f7-c494-4e6e-9ab8-81f0d4395446 does not exist. Creating ...
2019-09-19 09:01:56,044 [main] INFO  ozone.MiniOzoneClusterImpl (MiniOzoneClusterImpl.java:lambda$waitForClusterToBeReady$0(142)) - Cluster is ready. Got 3 of 3 DN Heartbeats.
2019-09-19 09:01:56,049 [pool-27-thread-1] INFO  storage.RaftStorageDirectory (RaftStorageDirectory.java:tryLock(328)) - Lock on /workdir/hadoop-ozone/integration-test/target/test-dir/MiniOzoneClusterImpl-e985e272-9a55-4a46-95f9-9d7dad2521ff/datanode-0/data/ratis/2ecb34f7-c494-4e6e-9ab8-81f0d4395446/in_use.lock acquired by nodename 14601@pr-hdds-1569-j4bt4-3030777008
2019-09-19 09:01:56,062 [pool-27-thread-1] INFO  storage.RaftStorage (RaftStorage.java:format(72)) - Storage directory /workdir/hadoop-ozone/integration-test/target/test-dir/MiniOzoneClusterImpl-e985e272-9a55-4a46-95f9-9d7dad2521ff/datanode-0/data/ratis/2ecb34f7-c494-4e6e-9ab8-81f0d4395446 has been successfully formatted.
2019-09-19 09:01:56,062 [pool-27-thread-1] INFO  ratis.ContainerStateMachine (ContainerStateMachine.java:loadSnapshot(226)) - group-81F0D4395446: The snapshot info is null. Setting the last applied indexto:(t:0, i:~)
2019-09-19 09:01:56,062 [pool-27-thread-1] INFO  server.RaftServerConfigKeys (ConfUtils.java:logGet(43)) - raft.server.leader.election.timeout = 120s (custom)
2019-09-19 09:01:56,062 [pool-27-thread-1] INFO  server.RaftServerConfigKeys (ConfUtils.java:logGet(43)) - raft.server.log.use.memory = false (default)
2019-09-19 09:01:56,062 [pool-27-thread-1] INFO  server.RaftServerConfigKeys (ConfUtils.java:logGet(43)) - raft.server.log.purge.gap = 1000000 (custom)
2019-09-19 09:01:56,062 [pool-27-thread-1] INFO  server.RaftServerConfigKeys (ConfUtils.java:logGet(43)) - raft.server.log.appender.buffer.byte-limit = 33554432 (custom)
2019-09-19 09:01:56,063 [pool-27-thread-1] INFO  server.RaftServerConfigKeys (ConfUtils.java:logGet(43)) - raft.server.log.segment.size.max = 1048576 (custom)
2019-09-19 09:01:56,063 [pool-27-thread-1] INFO  server.RaftServerConfigKeys (ConfUtils.java:logGet(43)) - raft.server.log.segment.cache.num.max = 2 (custom)
2019-09-19 09:01:56,063 [pool-27-thread-1] INFO  segmented.SegmentedRaftLogWorker (SegmentedRaftLogWorker.java:<init>(172)) - new 71867667-6e29-4129-8075-280da1fb250d-SegmentedRaftLogWorker:Storage Directory /workdir/hadoop-ozone/integration-test/target/test-dir/MiniOzoneClusterImpl-e985e272-9a55-4a46-95f9-9d7dad2521ff/datanode-0/data/ratis/2ecb34f7-c494-4e6e-9ab8-81f0d4395446 for RaftStorage:Storage Directory /workdir/hadoop-ozone/integration-test/target/test-dir/MiniOzoneClusterImpl-e985e272-9a55-4a46-95f9-9d7dad2521ff/datanode-0/data/ratis/2ecb34f7-c494-4e6e-9ab8-81f0d4395446
2019-09-19 09:01:56,063 [pool-27-thread-1] INFO  server.RaftServerConfigKeys (ConfUtils.java:logGet(43)) - raft.server.log.queue.byte-limit = 2147483647 (custom)
2019-09-19 09:01:56,063 [pool-27-thread-1] INFO  server.RaftServerConfigKeys (ConfUtils.java:logGet(43)) - raft.server.log.queue.element-limit = 1024 (custom)
2019-09-19 09:01:56,063 [pool-27-thread-1] INFO  server.RaftServerConfigKeys (ConfUtils.java:logGet(43)) - raft.server.log.segment.size.max = 1048576 (custom)
2019-09-19 09:01:56,063 [pool-27-thread-1] INFO  server.RaftServerConfigKeys (ConfUtils.java:logGet(43)) - raft.server.log.preallocated.size = 16384 (custom)
2019-09-19 09:01:56,063 [pool-27-thread-1] INFO  server.RaftServerConfigKeys (ConfUtils.java:logGet(43)) - raft.server.log.write.buffer.size = 33554432 (custom)
2019-09-19 09:01:56,063 [pool-27-thread-1] INFO  server.RaftServerConfigKeys (ConfUtils.java:logGet(43)) - raft.server.log.force.sync.num = 128 (default)
2019-09-19 09:01:56,064 [pool-27-thread-1] INFO  server.RaftServerConfigKeys (ConfUtils.java:logGet(43)) - raft.server.log.statemachine.data.sync = true (default)
2019-09-19 09:01:56,064 [pool-27-thread-1] INFO  server.RaftServerConfigKeys (ConfUtils.java:logGet(43)) - raft.server.log.statemachine.data.sync.timeout = 10s (default)
2019-09-19 09:01:56,064 [pool-27-thread-1] INFO  server.RaftServerConfigKeys (ConfUtils.java:logGet(43)) - raft.server.log.statemachine.data.sync.timeout.retry = -1 (default)
2019-09-19 09:01:56,064 [pool-27-thread-1] INFO  server.RaftServerConfigKeys (ConfUtils.java:logGet(43)) - raft.server.log.statemachine.data.caching.enabled = true (custom)
2019-09-19 09:01:56,064 [pool-27-thread-1] INFO  segmented.SegmentedRaftLogWorker (SegmentedRaftLogWorker.java:lambda$new$0(132)) - 71867667-6e29-4129-8075-280da1fb250d-SegmentedRaftLogWorker:Storage Directory /workdir/hadoop-ozone/integration-test/target/test-dir/MiniOzoneClusterImpl-e985e272-9a55-4a46-95f9-9d7dad2521ff/datanode-0/data/ratis/2ecb34f7-c494-4e6e-9ab8-81f0d4395446: flushIndex: setUnconditionally 0 -> -1
2019-09-19 09:01:56,064 [pool-27-thread-1] INFO  server.RaftServerConfigKeys (ConfUtils.java:logGet(43)) - raft.server.snapshot.auto.trigger.enabled = true (custom)
2019-09-19 09:01:56,065 [pool-27-thread-1] INFO  server.RaftServerConfigKeys (ConfUtils.java:logGet(43)) - raft.server.snapshot.auto.trigger.threshold = 10000 (custom)
2019-09-19 09:01:56,065 [pool-27-thread-1] INFO  server.RaftServerConfigKeys (ConfUtils.java:logGet(43)) - raft.server.retrycache.expirytime = 600000ms (custom)
2019-09-19 09:01:56,065 [pool-27-thread-1] INFO  impl.RaftServerImpl (RaftServerImpl.java:start(180)) - 71867667-6e29-4129-8075-280da1fb250d: start group-81F0D4395446
2019-09-19 09:01:56,065 [pool-27-thread-1] INFO  impl.RaftServerImpl (RaftServerImpl.java:setRole(171)) - 71867667-6e29-4129-8075-280da1fb250d:group-81F0D4395446 changes role from null to FOLLOWER at term 0 for startAsFollower
2019-09-19 09:01:56,065 [pool-27-thread-1] INFO  impl.RoleInfo (RoleInfo.java:updateAndGet(143)) - 71867667-6e29-4129-8075-280da1fb250d: start FollowerState
2019-09-19 09:01:56,065 [pool-27-thread-1] INFO  util.JmxRegister (JmxRegister.java:tryRegister(44)) - Successfully registered JMX Bean with object name Ratis:service=RaftServer,group=group-81F0D4395446,id=71867667-6e29-4129-8075-280da1fb250d
2019-09-19 09:01:56,084 [RatisPipelineUtilsThread] INFO  pipeline.PipelineStateManager (PipelineStateManager.java:addPipeline(56)) - Created pipeline Pipeline[ Id: 2ecb34f7-c494-4e6e-9ab8-81f0d4395446, Nodes: 71867667-6e29-4129-8075-280da1fb250d{ip: 192.168.34.5, host: pr-hdds-1569-j4bt4-3030777008, networkLocation: /default-rack, certSerialId: null}, Type:RATIS, Factor:ONE, State:OPEN]
2019-09-19 09:01:56,085 [RatisPipelineUtilsThread] ERROR pipeline.PipelinePlacementPolicy (PipelinePlacementPolicy.java:meetCriteria(91)) - Pipeline Placement: Doesn't meet the criteria to be viable node. Heaviness: 6
2019-09-19 09:01:56,095 [grpc-default-executor-0] INFO  impl.RaftServerProxy (RaftServerProxy.java:addNew(89)) - 477c0686-3f3a-41e4-8702-e2a67c6cb8b9: addNew group-4AD6730B74B4:[477c0686-3f3a-41e4-8702-e2a67c6cb8b9:192.168.34.5:41600] returns group-4AD6730B74B4:java.util.concurrent.CompletableFuture@67f2935b[Not completed]
2019-09-19 09:01:56,096 [pool-49-thread-1] INFO  impl.RaftServerImpl (RaftServerImpl.java:<init>(93)) - 477c0686-3f3a-41e4-8702-e2a67c6cb8b9: new RaftServerImpl for group-4AD6730B74B4:[477c0686-3f3a-41e4-8702-e2a67c6cb8b9:192.168.34.5:41600] with ContainerStateMachine:uninitialized
2019-09-19 09:01:56,096 [pool-49-thread-1] INFO  server.RaftServerConfigKeys (ConfUtils.java:logGet(43)) - raft.server.rpc.timeout.min = 5s (custom)
2019-09-19 09:01:56,096 [pool-49-thread-1] INFO  server.RaftServerConfigKeys (ConfUtils.java:logGet(43)) - raft.server.rpc.timeout.max = 5200ms (custom)
2019-09-19 09:01:56,097 [pool-49-thread-1] INFO  server.RaftServerConfigKeys (ConfUtils.java:logGet(43)) - raft.server.rpcslowness.timeout = 120s (custom)
2019-09-19 09:01:56,097 [pool-49-thread-1] INFO  server.RaftServerConfigKeys (ConfUtils.java:logGet(43)) - raft.server.sleep.deviation.threshold = 300 (default)
2019-09-19 09:01:56,097 [pool-49-thread-1] INFO  server.RaftServerConfigKeys (ConfUtils.java:logGet(43)) - raft.server.log.appender.install.snapshot.enabled = false (custom)
2019-09-19 09:01:56,097 [pool-49-thread-1] INFO  impl.RaftServerImpl (ServerState.java:<init>(105)) - 477c0686-3f3a-41e4-8702-e2a67c6cb8b9:group-4AD6730B74B4 ConfigurationManager, init=-1: [477c0686-3f3a-41e4-8702-e2a67c6cb8b9:192.168.34.5:41600], old=null, confs=<EMPTY_MAP>
2019-09-19 09:01:56,102 [pool-49-thread-1] INFO  server.RaftServerConfigKeys (ConfUtils.java:logGet(43)) - raft.server.storage.dir = [/workdir/hadoop-ozone/integration-test/target/test-dir/MiniOzoneClusterImpl-e985e272-9a55-4a46-95f9-9d7dad2521ff/datanode-2/data/ratis] (custom)
2019-09-19 09:01:56,102 [pool-49-thread-1] INFO  storage.RaftStorageDirectory (RaftStorageDirectory.java:analyzeStorage(246)) - The storage directory /workdir/hadoop-ozone/integration-test/target/test-dir/MiniOzoneClusterImpl-e985e272-9a55-4a46-95f9-9d7dad2521ff/datanode-2/data/ratis/addc8412-fbb0-441b-bfec-4ad6730b74b4 does not exist. Creating ...
2019-09-19 09:01:56,115 [pool-49-thread-1] INFO  storage.RaftStorageDirectory (RaftStorageDirectory.java:tryLock(328)) - Lock on /workdir/hadoop-ozone/integration-test/target/test-dir/MiniOzoneClusterImpl-e985e272-9a55-4a46-95f9-9d7dad2521ff/datanode-2/data/ratis/addc8412-fbb0-441b-bfec-4ad6730b74b4/in_use.lock acquired by nodename 14601@pr-hdds-1569-j4bt4-3030777008
2019-09-19 09:01:56,128 [pool-49-thread-1] INFO  storage.RaftStorage (RaftStorage.java:format(72)) - Storage directory /workdir/hadoop-ozone/integration-test/target/test-dir/MiniOzoneClusterImpl-e985e272-9a55-4a46-95f9-9d7dad2521ff/datanode-2/data/ratis/addc8412-fbb0-441b-bfec-4ad6730b74b4 has been successfully formatted.
2019-09-19 09:01:56,129 [pool-49-thread-1] INFO  ratis.ContainerStateMachine (ContainerStateMachine.java:loadSnapshot(226)) - group-4AD6730B74B4: The snapshot info is null. Setting the last applied indexto:(t:0, i:~)
2019-09-19 09:01:56,129 [pool-49-thread-1] INFO  server.RaftServerConfigKeys (ConfUtils.java:logGet(43)) - raft.server.leader.election.timeout = 120s (custom)
2019-09-19 09:01:56,129 [pool-49-thread-1] INFO  server.RaftServerConfigKeys (ConfUtils.java:logGet(43)) - raft.server.log.use.memory = false (default)
2019-09-19 09:01:56,130 [pool-49-thread-1] INFO  server.RaftServerConfigKeys (ConfUtils.java:logGet(43)) - raft.server.log.purge.gap = 1000000 (custom)
2019-09-19 09:01:56,130 [pool-49-thread-1] INFO  server.RaftServerConfigKeys (ConfUtils.java:logGet(43)) - raft.server.log.appender.buffer.byte-limit = 33554432 (custom)
2019-09-19 09:01:56,130 [pool-49-thread-1] INFO  server.RaftServerConfigKeys (ConfUtils.java:logGet(43)) - raft.server.log.segment.size.max = 1048576 (custom)
2019-09-19 09:01:56,130 [pool-49-thread-1] INFO  server.RaftServerConfigKeys (ConfUtils.java:logGet(43)) - raft.server.log.segment.cache.num.max = 2 (custom)
2019-09-19 09:01:56,130 [pool-49-thread-1] INFO  segmented.SegmentedRaftLogWorker (SegmentedRaftLogWorker.java:<init>(172)) - new 477c0686-3f3a-41e4-8702-e2a67c6cb8b9-SegmentedRaftLogWorker:Storage Directory /workdir/hadoop-ozone/integration-test/target/test-dir/MiniOzoneClusterImpl-e985e272-9a55-4a46-95f9-9d7dad2521ff/datanode-2/data/ratis/addc8412-fbb0-441b-bfec-4ad6730b74b4 for RaftStorage:Storage Directory /workdir/hadoop-ozone/integration-test/target/test-dir/MiniOzoneClusterImpl-e985e272-9a55-4a46-95f9-9d7dad2521ff/datanode-2/data/ratis/addc8412-fbb0-441b-bfec-4ad6730b74b4
2019-09-19 09:01:56,131 [pool-49-thread-1] INFO  server.RaftServerConfigKeys (ConfUtils.java:logGet(43)) - raft.server.log.queue.byte-limit = 2147483647 (custom)
2019-09-19 09:01:56,131 [pool-49-thread-1] INFO  server.RaftServerConfigKeys (ConfUtils.java:logGet(43)) - raft.server.log.queue.element-limit = 1024 (custom)
2019-09-19 09:01:56,131 [pool-49-thread-1] INFO  server.RaftServerConfigKeys (ConfUtils.java:logGet(43)) - raft.server.log.segment.size.max = 1048576 (custom)
2019-09-19 09:01:56,131 [pool-49-thread-1] INFO  server.RaftServerConfigKeys (ConfUtils.java:logGet(43)) - raft.server.log.preallocated.size = 16384 (custom)
2019-09-19 09:01:56,131 [pool-49-thread-1] INFO  server.RaftServerConfigKeys (ConfUtils.java:logGet(43)) - raft.server.log.write.buffer.size = 33554432 (custom)
2019-09-19 09:01:56,131 [pool-49-thread-1] INFO  server.RaftServerConfigKeys (ConfUtils.java:logGet(43)) - raft.server.log.force.sync.num = 128 (default)
2019-09-19 09:01:56,132 [pool-49-thread-1] INFO  server.RaftServerConfigKeys (ConfUtils.java:logGet(43)) - raft.server.log.statemachine.data.sync = true (default)
2019-09-19 09:01:56,132 [pool-49-thread-1] INFO  server.RaftServerConfigKeys (ConfUtils.java:logGet(43)) - raft.server.log.statemachine.data.sync.timeout = 10s (default)
2019-09-19 09:01:56,132 [pool-49-thread-1] INFO  server.RaftServerConfigKeys (ConfUtils.java:logGet(43)) - raft.server.log.statemachine.data.sync.timeout.retry = -1 (default)
2019-09-19 09:01:56,132 [pool-49-thread-1] INFO  server.RaftServerConfigKeys (ConfUtils.java:logGet(43)) - raft.server.log.statemachine.data.caching.enabled = true (custom)
2019-09-19 09:01:56,133 [pool-49-thread-1] INFO  segmented.SegmentedRaftLogWorker (SegmentedRaftLogWorker.java:lambda$new$0(132)) - 477c0686-3f3a-41e4-8702-e2a67c6cb8b9-SegmentedRaftLogWorker:Storage Directory /workdir/hadoop-ozone/integration-test/target/test-dir/MiniOzoneClusterImpl-e985e272-9a55-4a46-95f9-9d7dad2521ff/datanode-2/data/ratis/addc8412-fbb0-441b-bfec-4ad6730b74b4: flushIndex: setUnconditionally 0 -> -1
2019-09-19 09:01:56,133 [pool-49-thread-1] INFO  server.RaftServerConfigKeys (ConfUtils.java:logGet(43)) - raft.server.snapshot.auto.trigger.enabled = true (custom)
2019-09-19 09:01:56,133 [pool-49-thread-1] INFO  server.RaftServerConfigKeys (ConfUtils.java:logGet(43)) - raft.server.snapshot.auto.trigger.threshold = 10000 (custom)
2019-09-19 09:01:56,134 [pool-49-thread-1] INFO  server.RaftServerConfigKeys (ConfUtils.java:logGet(43)) - raft.server.retrycache.expirytime = 600000ms (custom)
2019-09-19 09:01:56,134 [pool-49-thread-1] INFO  impl.RaftServerImpl (RaftServerImpl.java:start(180)) - 477c0686-3f3a-41e4-8702-e2a67c6cb8b9: start group-4AD6730B74B4
2019-09-19 09:01:56,134 [pool-49-thread-1] INFO  impl.RaftServerImpl (RaftServerImpl.java:setRole(171)) - 477c0686-3f3a-41e4-8702-e2a67c6cb8b9:group-4AD6730B74B4 changes role from null to FOLLOWER at term 0 for startAsFollower
2019-09-19 09:01:56,134 [pool-49-thread-1] INFO  impl.RoleInfo (RoleInfo.java:updateAndGet(143)) - 477c0686-3f3a-41e4-8702-e2a67c6cb8b9: start FollowerState
2019-09-19 09:01:56,135 [pool-49-thread-1] INFO  util.JmxRegister (JmxRegister.java:tryRegister(44)) - Successfully registered JMX Bean with object name Ratis:service=RaftServer,group=group-4AD6730B74B4,id=477c0686-3f3a-41e4-8702-e2a67c6cb8b9
2019-09-19 09:01:56,139 [RatisPipelineUtilsThread] INFO  pipeline.PipelineStateManager (PipelineStateManager.java:addPipeline(56)) - Created pipeline Pipeline[ Id: addc8412-fbb0-441b-bfec-4ad6730b74b4, Nodes: 477c0686-3f3a-41e4-8702-e2a67c6cb8b9{ip: 192.168.34.5, host: pr-hdds-1569-j4bt4-3030777008, networkLocation: /default-rack, certSerialId: null}, Type:RATIS, Factor:ONE, State:OPEN]
2019-09-19 09:01:56,140 [RatisPipelineUtilsThread] ERROR pipeline.PipelinePlacementPolicy (PipelinePlacementPolicy.java:meetCriteria(91)) - Pipeline Placement: Doesn't meet the criteria to be viable node. Heaviness: 6
2019-09-19 09:01:56,140 [RatisPipelineUtilsThread] ERROR pipeline.PipelinePlacementPolicy (PipelinePlacementPolicy.java:meetCriteria(91)) - Pipeline Placement: Doesn't meet the criteria to be viable node. Heaviness: 6
2019-09-19 09:01:56,153 [grpc-default-executor-0] INFO  impl.RaftServerProxy (RaftServerProxy.java:addNew(89)) - 057e793c-281b-4dc7-88ef-622d16e5bee4: addNew group-1AE7E5E99A53:[057e793c-281b-4dc7-88ef-622d16e5bee4:192.168.34.5:44787] returns group-1AE7E5E99A53:java.util.concurrent.CompletableFuture@70eabb4b[Not completed]
2019-09-19 09:01:56,154 [pool-38-thread-1] INFO  impl.RaftServerImpl (RaftServerImpl.java:<init>(93)) - 057e793c-281b-4dc7-88ef-622d16e5bee4: new RaftServerImpl for group-1AE7E5E99A53:[057e793c-281b-4dc7-88ef-622d16e5bee4:192.168.34.5:44787] with ContainerStateMachine:uninitialized
2019-09-19 09:01:56,155 [pool-38-thread-1] INFO  server.RaftServerConfigKeys (ConfUtils.java:logGet(43)) - raft.server.rpc.timeout.min = 5s (custom)
2019-09-19 09:01:56,155 [pool-38-thread-1] INFO  server.RaftServerConfigKeys (ConfUtils.java:logGet(43)) - raft.server.rpc.timeout.max = 5200ms (custom)
2019-09-19 09:01:56,155 [pool-38-thread-1] INFO  server.RaftServerConfigKeys (ConfUtils.java:logGet(43)) - raft.server.rpcslowness.timeout = 120s (custom)
2019-09-19 09:01:56,155 [pool-38-thread-1] INFO  server.RaftServerConfigKeys (ConfUtils.java:logGet(43)) - raft.server.sleep.deviation.threshold = 300 (default)
2019-09-19 09:01:56,155 [pool-38-thread-1] INFO  server.RaftServerConfigKeys (ConfUtils.java:logGet(43)) - raft.server.log.appender.install.snapshot.enabled = false (custom)
2019-09-19 09:01:56,155 [pool-38-thread-1] INFO  impl.RaftServerImpl (ServerState.java:<init>(105)) - 057e793c-281b-4dc7-88ef-622d16e5bee4:group-1AE7E5E99A53 ConfigurationManager, init=-1: [057e793c-281b-4dc7-88ef-622d16e5bee4:192.168.34.5:44787], old=null, confs=<EMPTY_MAP>
2019-09-19 09:01:56,156 [pool-38-thread-1] INFO  server.RaftServerConfigKeys (ConfUtils.java:logGet(43)) - raft.server.storage.dir = [/workdir/hadoop-ozone/integration-test/target/test-dir/MiniOzoneClusterImpl-e985e272-9a55-4a46-95f9-9d7dad2521ff/datanode-1/data/ratis] (custom)
2019-09-19 09:01:56,156 [pool-38-thread-1] INFO  storage.RaftStorageDirectory (RaftStorageDirectory.java:analyzeStorage(246)) - The storage directory /workdir/hadoop-ozone/integration-test/target/test-dir/MiniOzoneClusterImpl-e985e272-9a55-4a46-95f9-9d7dad2521ff/datanode-1/data/ratis/bf8ecfa4-04c0-4512-98bb-1ae7e5e99a53 does not exist. Creating ...
2019-09-19 09:01:56,170 [pool-38-thread-1] INFO  storage.RaftStorageDirectory (RaftStorageDirectory.java:tryLock(328)) - Lock on /workdir/hadoop-ozone/integration-test/target/test-dir/MiniOzoneClusterImpl-e985e272-9a55-4a46-95f9-9d7dad2521ff/datanode-1/data/ratis/bf8ecfa4-04c0-4512-98bb-1ae7e5e99a53/in_use.lock acquired by nodename 14601@pr-hdds-1569-j4bt4-3030777008
2019-09-19 09:01:56,183 [pool-38-thread-1] INFO  storage.RaftStorage (RaftStorage.java:format(72)) - Storage directory /workdir/hadoop-ozone/integration-test/target/test-dir/MiniOzoneClusterImpl-e985e272-9a55-4a46-95f9-9d7dad2521ff/datanode-1/data/ratis/bf8ecfa4-04c0-4512-98bb-1ae7e5e99a53 has been successfully formatted.
2019-09-19 09:01:56,184 [pool-38-thread-1] INFO  ratis.ContainerStateMachine (ContainerStateMachine.java:loadSnapshot(226)) - group-1AE7E5E99A53: The snapshot info is null. Setting the last applied indexto:(t:0, i:~)
2019-09-19 09:01:56,184 [pool-38-thread-1] INFO  server.RaftServerConfigKeys (ConfUtils.java:logGet(43)) - raft.server.leader.election.timeout = 120s (custom)
2019-09-19 09:01:56,184 [pool-38-thread-1] INFO  server.RaftServerConfigKeys (ConfUtils.java:logGet(43)) - raft.server.log.use.memory = false (default)
2019-09-19 09:01:56,184 [pool-38-thread-1] INFO  server.RaftServerConfigKeys (ConfUtils.java:logGet(43)) - raft.server.log.purge.gap = 1000000 (custom)
2019-09-19 09:01:56,184 [pool-38-thread-1] INFO  server.RaftServerConfigKeys (ConfUtils.java:logGet(43)) - raft.server.log.appender.buffer.byte-limit = 33554432 (custom)
2019-09-19 09:01:56,184 [pool-38-thread-1] INFO  server.RaftServerConfigKeys (ConfUtils.java:logGet(43)) - raft.server.log.segment.size.max = 1048576 (custom)
2019-09-19 09:01:56,184 [pool-38-thread-1] INFO  server.RaftServerConfigKeys (ConfUtils.java:logGet(43)) - raft.server.log.segment.cache.num.max = 2 (custom)
2019-09-19 09:01:56,185 [pool-38-thread-1] INFO  segmented.SegmentedRaftLogWorker (SegmentedRaftLogWorker.java:<init>(172)) - new 057e793c-281b-4dc7-88ef-622d16e5bee4-SegmentedRaftLogWorker:Storage Directory /workdir/hadoop-ozone/integration-test/target/test-dir/MiniOzoneClusterImpl-e985e272-9a55-4a46-95f9-9d7dad2521ff/datanode-1/data/ratis/bf8ecfa4-04c0-4512-98bb-1ae7e5e99a53 for RaftStorage:Storage Directory /workdir/hadoop-ozone/integration-test/target/test-dir/MiniOzoneClusterImpl-e985e272-9a55-4a46-95f9-9d7dad2521ff/datanode-1/data/ratis/bf8ecfa4-04c0-4512-98bb-1ae7e5e99a53
2019-09-19 09:01:56,185 [pool-38-thread-1] INFO  server.RaftServerConfigKeys (ConfUtils.java:logGet(43)) - raft.server.log.queue.byte-limit = 2147483647 (custom)
2019-09-19 09:01:56,185 [pool-38-thread-1] INFO  server.RaftServerConfigKeys (ConfUtils.java:logGet(43)) - raft.server.log.queue.element-limit = 1024 (custom)
2019-09-19 09:01:56,185 [pool-38-thread-1] INFO  server.RaftServerConfigKeys (ConfUtils.java:logGet(43)) - raft.server.log.segment.size.max = 1048576 (custom)
2019-09-19 09:01:56,185 [pool-38-thread-1] INFO  server.RaftServerConfigKeys (ConfUtils.java:logGet(43)) - raft.server.log.preallocated.size = 16384 (custom)
2019-09-19 09:01:56,185 [pool-38-thread-1] INFO  server.RaftServerConfigKeys (ConfUtils.java:logGet(43)) - raft.server.log.write.buffer.size = 33554432 (custom)
2019-09-19 09:01:56,185 [pool-38-thread-1] INFO  server.RaftServerConfigKeys (ConfUtils.java:logGet(43)) - raft.server.log.force.sync.num = 128 (default)
2019-09-19 09:01:56,185 [pool-38-thread-1] INFO  server.RaftServerConfigKeys (ConfUtils.java:logGet(43)) - raft.server.log.statemachine.data.sync = true (default)
2019-09-19 09:01:56,186 [pool-38-thread-1] INFO  server.RaftServerConfigKeys (ConfUtils.java:logGet(43)) - raft.server.log.statemachine.data.sync.timeout = 10s (default)
2019-09-19 09:01:56,186 [pool-38-thread-1] INFO  server.RaftServerConfigKeys (ConfUtils.java:logGet(43)) - raft.server.log.statemachine.data.sync.timeout.retry = -1 (default)
2019-09-19 09:01:56,186 [pool-38-thread-1] INFO  server.RaftServerConfigKeys (ConfUtils.java:logGet(43)) - raft.server.log.statemachine.data.caching.enabled = true (custom)
2019-09-19 09:01:56,186 [pool-38-thread-1] INFO  segmented.SegmentedRaftLogWorker (SegmentedRaftLogWorker.java:lambda$new$0(132)) - 057e793c-281b-4dc7-88ef-622d16e5bee4-SegmentedRaftLogWorker:Storage Directory /workdir/hadoop-ozone/integration-test/target/test-dir/MiniOzoneClusterImpl-e985e272-9a55-4a46-95f9-9d7dad2521ff/datanode-1/data/ratis/bf8ecfa4-04c0-4512-98bb-1ae7e5e99a53: flushIndex: setUnconditionally 0 -> -1
2019-09-19 09:01:56,187 [pool-38-thread-1] INFO  server.RaftServerConfigKeys (ConfUtils.java:logGet(43)) - raft.server.snapshot.auto.trigger.enabled = true (custom)
2019-09-19 09:01:56,187 [pool-38-thread-1] INFO  server.RaftServerConfigKeys (ConfUtils.java:logGet(43)) - raft.server.snapshot.auto.trigger.threshold = 10000 (custom)
2019-09-19 09:01:56,187 [pool-38-thread-1] INFO  server.RaftServerConfigKeys (ConfUtils.java:logGet(43)) - raft.server.retrycache.expirytime = 600000ms (custom)
2019-09-19 09:01:56,187 [pool-38-thread-1] INFO  impl.RaftServerImpl (RaftServerImpl.java:start(180)) - 057e793c-281b-4dc7-88ef-622d16e5bee4: start group-1AE7E5E99A53
2019-09-19 09:01:56,187 [pool-38-thread-1] INFO  impl.RaftServerImpl (RaftServerImpl.java:setRole(171)) - 057e793c-281b-4dc7-88ef-622d16e5bee4:group-1AE7E5E99A53 changes role from null to FOLLOWER at term 0 for startAsFollower
2019-09-19 09:01:56,187 [pool-38-thread-1] INFO  impl.RoleInfo (RoleInfo.java:updateAndGet(143)) - 057e793c-281b-4dc7-88ef-622d16e5bee4: start FollowerState
2019-09-19 09:01:56,188 [pool-38-thread-1] INFO  util.JmxRegister (JmxRegister.java:tryRegister(44)) - Successfully registered JMX Bean with object name Ratis:service=RaftServer,group=group-1AE7E5E99A53,id=057e793c-281b-4dc7-88ef-622d16e5bee4
2019-09-19 09:01:56,192 [RatisPipelineUtilsThread] INFO  pipeline.PipelineStateManager (PipelineStateManager.java:addPipeline(56)) - Created pipeline Pipeline[ Id: bf8ecfa4-04c0-4512-98bb-1ae7e5e99a53, Nodes: 057e793c-281b-4dc7-88ef-622d16e5bee4{ip: 192.168.34.5, host: pr-hdds-1569-j4bt4-3030777008, networkLocation: /default-rack, certSerialId: null}, Type:RATIS, Factor:ONE, State:OPEN]
2019-09-19 09:01:56,193 [RatisPipelineUtilsThread] ERROR pipeline.PipelinePlacementPolicy (PipelinePlacementPolicy.java:meetCriteria(91)) - Pipeline Placement: Doesn't meet the criteria to be viable node. Heaviness: 6
2019-09-19 09:01:56,194 [RatisPipelineUtilsThread] ERROR pipeline.PipelinePlacementPolicy (PipelinePlacementPolicy.java:meetCriteria(91)) - Pipeline Placement: Doesn't meet the criteria to be viable node. Heaviness: 6
2019-09-19 09:01:56,203 [grpc-default-executor-0] INFO  impl.RaftServerProxy (RaftServerProxy.java:addNew(89)) - 057e793c-281b-4dc7-88ef-622d16e5bee4: addNew group-E745730AF0C1:[057e793c-281b-4dc7-88ef-622d16e5bee4:192.168.34.5:44787] returns group-E745730AF0C1:java.util.concurrent.CompletableFuture@48a88856[Not completed]
2019-09-19 09:01:56,204 [pool-38-thread-1] INFO  impl.RaftServerImpl (RaftServerImpl.java:<init>(93)) - 057e793c-281b-4dc7-88ef-622d16e5bee4: new RaftServerImpl for group-E745730AF0C1:[057e793c-281b-4dc7-88ef-622d16e5bee4:192.168.34.5:44787] with ContainerStateMachine:uninitialized
2019-09-19 09:01:56,204 [pool-38-thread-1] INFO  server.RaftServerConfigKeys (ConfUtils.java:logGet(43)) - raft.server.rpc.timeout.min = 5s (custom)
2019-09-19 09:01:56,204 [pool-38-thread-1] INFO  server.RaftServerConfigKeys (ConfUtils.java:logGet(43)) - raft.server.rpc.timeout.max = 5200ms (custom)
2019-09-19 09:01:56,204 [pool-38-thread-1] INFO  server.RaftServerConfigKeys (ConfUtils.java:logGet(43)) - raft.server.rpcslowness.timeout = 120s (custom)
2019-09-19 09:01:56,205 [pool-38-thread-1] INFO  server.RaftServerConfigKeys (ConfUtils.java:logGet(43)) - raft.server.sleep.deviation.threshold = 300 (default)
2019-09-19 09:01:56,205 [pool-38-thread-1] INFO  server.RaftServerConfigKeys (ConfUtils.java:logGet(43)) - raft.server.log.appender.install.snapshot.enabled = false (custom)
2019-09-19 09:01:56,205 [pool-38-thread-1] INFO  impl.RaftServerImpl (ServerState.java:<init>(105)) - 057e793c-281b-4dc7-88ef-622d16e5bee4:group-E745730AF0C1 ConfigurationManager, init=-1: [057e793c-281b-4dc7-88ef-622d16e5bee4:192.168.34.5:44787], old=null, confs=<EMPTY_MAP>
2019-09-19 09:01:56,205 [pool-38-thread-1] INFO  server.RaftServerConfigKeys (ConfUtils.java:logGet(43)) - raft.server.storage.dir = [/workdir/hadoop-ozone/integration-test/target/test-dir/MiniOzoneClusterImpl-e985e272-9a55-4a46-95f9-9d7dad2521ff/datanode-1/data/ratis] (custom)
2019-09-19 09:01:56,205 [pool-38-thread-1] INFO  storage.RaftStorageDirectory (RaftStorageDirectory.java:analyzeStorage(246)) - The storage directory /workdir/hadoop-ozone/integration-test/target/test-dir/MiniOzoneClusterImpl-e985e272-9a55-4a46-95f9-9d7dad2521ff/datanode-1/data/ratis/098898da-b80a-45f9-acd2-e745730af0c1 does not exist. Creating ...
2019-09-19 09:01:56,218 [pool-38-thread-1] INFO  storage.RaftStorageDirectory (RaftStorageDirectory.java:tryLock(328)) - Lock on /workdir/hadoop-ozone/integration-test/target/test-dir/MiniOzoneClusterImpl-e985e272-9a55-4a46-95f9-9d7dad2521ff/datanode-1/data/ratis/098898da-b80a-45f9-acd2-e745730af0c1/in_use.lock acquired by nodename 14601@pr-hdds-1569-j4bt4-3030777008
2019-09-19 09:01:56,221 [pool-38-thread-1] INFO  storage.RaftStorage (RaftStorage.java:format(72)) - Storage directory /workdir/hadoop-ozone/integration-test/target/test-dir/MiniOzoneClusterImpl-e985e272-9a55-4a46-95f9-9d7dad2521ff/datanode-1/data/ratis/098898da-b80a-45f9-acd2-e745730af0c1 has been successfully formatted.
2019-09-19 09:01:56,221 [pool-38-thread-1] INFO  ratis.ContainerStateMachine (ContainerStateMachine.java:loadSnapshot(226)) - group-E745730AF0C1: The snapshot info is null. Setting the last applied indexto:(t:0, i:~)
2019-09-19 09:01:56,222 [pool-38-thread-1] INFO  server.RaftServerConfigKeys (ConfUtils.java:logGet(43)) - raft.server.leader.election.timeout = 120s (custom)
2019-09-19 09:01:56,222 [pool-38-thread-1] INFO  server.RaftServerConfigKeys (ConfUtils.java:logGet(43)) - raft.server.log.use.memory = false (default)
2019-09-19 09:01:56,222 [pool-38-thread-1] INFO  server.RaftServerConfigKeys (ConfUtils.java:logGet(43)) - raft.server.log.purge.gap = 1000000 (custom)
2019-09-19 09:01:56,222 [pool-38-thread-1] INFO  server.RaftServerConfigKeys (ConfUtils.java:logGet(43)) - raft.server.log.appender.buffer.byte-limit = 33554432 (custom)
2019-09-19 09:01:56,222 [pool-38-thread-1] INFO  server.RaftServerConfigKeys (ConfUtils.java:logGet(43)) - raft.server.log.segment.size.max = 1048576 (custom)
2019-09-19 09:01:56,222 [pool-38-thread-1] INFO  server.RaftServerConfigKeys (ConfUtils.java:logGet(43)) - raft.server.log.segment.cache.num.max = 2 (custom)
2019-09-19 09:01:56,222 [pool-38-thread-1] INFO  segmented.SegmentedRaftLogWorker (SegmentedRaftLogWorker.java:<init>(172)) - new 057e793c-281b-4dc7-88ef-622d16e5bee4-SegmentedRaftLogWorker:Storage Directory /workdir/hadoop-ozone/integration-test/target/test-dir/MiniOzoneClusterImpl-e985e272-9a55-4a46-95f9-9d7dad2521ff/datanode-1/data/ratis/098898da-b80a-45f9-acd2-e745730af0c1 for RaftStorage:Storage Directory /workdir/hadoop-ozone/integration-test/target/test-dir/MiniOzoneClusterImpl-e985e272-9a55-4a46-95f9-9d7dad2521ff/datanode-1/data/ratis/098898da-b80a-45f9-acd2-e745730af0c1
2019-09-19 09:01:56,223 [pool-38-thread-1] INFO  server.RaftServerConfigKeys (ConfUtils.java:logGet(43)) - raft.server.log.queue.byte-limit = 2147483647 (custom)
2019-09-19 09:01:56,223 [pool-38-thread-1] INFO  server.RaftServerConfigKeys (ConfUtils.java:logGet(43)) - raft.server.log.queue.element-limit = 1024 (custom)
2019-09-19 09:01:56,223 [pool-38-thread-1] INFO  server.RaftServerConfigKeys (ConfUtils.java:logGet(43)) - raft.server.log.segment.size.max = 1048576 (custom)
2019-09-19 09:01:56,223 [pool-38-thread-1] INFO  server.RaftServerConfigKeys (ConfUtils.java:logGet(43)) - raft.server.log.preallocated.size = 16384 (custom)
2019-09-19 09:01:56,223 [pool-38-thread-1] INFO  server.RaftServerConfigKeys (ConfUtils.java:logGet(43)) - raft.server.log.write.buffer.size = 33554432 (custom)
2019-09-19 09:01:56,223 [pool-38-thread-1] INFO  server.RaftServerConfigKeys (ConfUtils.java:logGet(43)) - raft.server.log.force.sync.num = 128 (default)
2019-09-19 09:01:56,223 [pool-38-thread-1] INFO  server.RaftServerConfigKeys (ConfUtils.java:logGet(43)) - raft.server.log.statemachine.data.sync = true (default)
2019-09-19 09:01:56,223 [pool-38-thread-1] INFO  server.RaftServerConfigKeys (ConfUtils.java:logGet(43)) - raft.server.log.statemachine.data.sync.timeout = 10s (default)
2019-09-19 09:01:56,223 [pool-38-thread-1] INFO  server.RaftServerConfigKeys (ConfUtils.java:logGet(43)) - raft.server.log.statemachine.data.sync.timeout.retry = -1 (default)
2019-09-19 09:01:56,224 [pool-38-thread-1] INFO  server.RaftServerConfigKeys (ConfUtils.java:logGet(43)) - raft.server.log.statemachine.data.caching.enabled = true (custom)
2019-09-19 09:01:56,224 [pool-38-thread-1] INFO  segmented.SegmentedRaftLogWorker (SegmentedRaftLogWorker.java:lambda$new$0(132)) - 057e793c-281b-4dc7-88ef-622d16e5bee4-SegmentedRaftLogWorker:Storage Directory /workdir/hadoop-ozone/integration-test/target/test-dir/MiniOzoneClusterImpl-e985e272-9a55-4a46-95f9-9d7dad2521ff/datanode-1/data/ratis/098898da-b80a-45f9-acd2-e745730af0c1: flushIndex: setUnconditionally 0 -> -1
2019-09-19 09:01:56,224 [pool-38-thread-1] INFO  server.RaftServerConfigKeys (ConfUtils.java:logGet(43)) - raft.server.snapshot.auto.trigger.enabled = true (custom)
2019-09-19 09:01:56,224 [pool-38-thread-1] INFO  server.RaftServerConfigKeys (ConfUtils.java:logGet(43)) - raft.server.snapshot.auto.trigger.threshold = 10000 (custom)
2019-09-19 09:01:56,224 [pool-38-thread-1] INFO  server.RaftServerConfigKeys (ConfUtils.java:logGet(43)) - raft.server.retrycache.expirytime = 600000ms (custom)
2019-09-19 09:01:56,225 [pool-38-thread-1] INFO  impl.RaftServerImpl (RaftServerImpl.java:start(180)) - 057e793c-281b-4dc7-88ef-622d16e5bee4: start group-E745730AF0C1
2019-09-19 09:01:56,225 [pool-38-thread-1] INFO  impl.RaftServerImpl (RaftServerImpl.java:setRole(171)) - 057e793c-281b-4dc7-88ef-622d16e5bee4:group-E745730AF0C1 changes role from null to FOLLOWER at term 0 for startAsFollower
2019-09-19 09:01:56,225 [pool-38-thread-1] INFO  impl.RoleInfo (RoleInfo.java:updateAndGet(143)) - 057e793c-281b-4dc7-88ef-622d16e5bee4: start FollowerState
2019-09-19 09:01:56,225 [pool-38-thread-1] INFO  util.JmxRegister (JmxRegister.java:tryRegister(44)) - Successfully registered JMX Bean with object name Ratis:service=RaftServer,group=group-E745730AF0C1,id=057e793c-281b-4dc7-88ef-622d16e5bee4
2019-09-19 09:01:56,230 [RatisPipelineUtilsThread] INFO  pipeline.PipelineStateManager (PipelineStateManager.java:addPipeline(56)) - Created pipeline Pipeline[ Id: 098898da-b80a-45f9-acd2-e745730af0c1, Nodes: 057e793c-281b-4dc7-88ef-622d16e5bee4{ip: 192.168.34.5, host: pr-hdds-1569-j4bt4-3030777008, networkLocation: /default-rack, certSerialId: null}, Type:RATIS, Factor:ONE, State:OPEN]
2019-09-19 09:01:56,231 [RatisPipelineUtilsThread] ERROR pipeline.PipelinePlacementPolicy (PipelinePlacementPolicy.java:meetCriteria(91)) - Pipeline Placement: Doesn't meet the criteria to be viable node. Heaviness: 6
2019-09-19 09:01:56,231 [RatisPipelineUtilsThread] ERROR pipeline.PipelinePlacementPolicy (PipelinePlacementPolicy.java:meetCriteria(91)) - Pipeline Placement: Doesn't meet the criteria to be viable node. Heaviness: 6
2019-09-19 09:01:56,231 [RatisPipelineUtilsThread] ERROR pipeline.PipelinePlacementPolicy (PipelinePlacementPolicy.java:meetCriteria(91)) - Pipeline Placement: Doesn't meet the criteria to be viable node. Heaviness: 6
2019-09-19 09:01:56,231 [RatisPipelineUtilsThread] ERROR pipeline.PipelinePlacementPolicy (PipelinePlacementPolicy.java:filterViableNodes(146)) - Unable to find enough nodes that meet the criteria that cannot engage in more than 5 pipelines. Nodes required: 1 Found: 0, healthy nodes count inNodeManager: 3.
2019-09-19 09:01:56,232 [RatisPipelineUtilsThread] ERROR pipeline.SCMPipelineManager (SCMPipelineManager.java:createPipeline(161)) - Pipeline creation failed due to exception: Unable to find enough nodes that meet the criteria that cannot engage in more than 5 pipelines. Nodes required: 1 Found: 0, healthy nodes count inNodeManager: 3.
2019-09-19 09:01:56,238 [RatisPipelineUtilsThread] ERROR pipeline.PipelinePlacementPolicy (PipelinePlacementPolicy.java:meetCriteria(91)) - Pipeline Placement: Doesn't meet the criteria to be viable node. Heaviness: 6
2019-09-19 09:01:56,238 [RatisPipelineUtilsThread] ERROR pipeline.PipelinePlacementPolicy (PipelinePlacementPolicy.java:meetCriteria(91)) - Pipeline Placement: Doesn't meet the criteria to be viable node. Heaviness: 6
2019-09-19 09:01:56,238 [RatisPipelineUtilsThread] ERROR pipeline.PipelinePlacementPolicy (PipelinePlacementPolicy.java:meetCriteria(91)) - Pipeline Placement: Doesn't meet the criteria to be viable node. Heaviness: 6
2019-09-19 09:01:56,238 [RatisPipelineUtilsThread] ERROR pipeline.PipelinePlacementPolicy (PipelinePlacementPolicy.java:filterViableNodes(146)) - Unable to find enough nodes that meet the criteria that cannot engage in more than 5 pipelines. Nodes required: 3 Found: 0, healthy nodes count inNodeManager: 3.
2019-09-19 09:01:56,238 [RatisPipelineUtilsThread] ERROR pipeline.SCMPipelineManager (SCMPipelineManager.java:createPipeline(161)) - Pipeline creation failed due to exception: Unable to find enough nodes that meet the criteria that cannot engage in more than 5 pipelines. Nodes required: 3 Found: 0, healthy nodes count inNodeManager: 3.
2019-09-19 09:01:56,238 [RatisPipelineUtilsThread] ERROR pipeline.PipelinePlacementPolicy (PipelinePlacementPolicy.java:meetCriteria(91)) - Pipeline Placement: Doesn't meet the criteria to be viable node. Heaviness: 6
2019-09-19 09:01:56,238 [RatisPipelineUtilsThread] ERROR pipeline.PipelinePlacementPolicy (PipelinePlacementPolicy.java:meetCriteria(91)) - Pipeline Placement: Doesn't meet the criteria to be viable node. Heaviness: 6
2019-09-19 09:01:56,239 [RatisPipelineUtilsThread] ERROR pipeline.PipelinePlacementPolicy (PipelinePlacementPolicy.java:meetCriteria(91)) - Pipeline Placement: Doesn't meet the criteria to be viable node. Heaviness: 6
2019-09-19 09:01:56,239 [RatisPipelineUtilsThread] ERROR pipeline.PipelinePlacementPolicy (PipelinePlacementPolicy.java:filterViableNodes(146)) - Unable to find enough nodes that meet the criteria that cannot engage in more than 5 pipelines. Nodes required: 1 Found: 0, healthy nodes count inNodeManager: 3.
2019-09-19 09:01:56,239 [RatisPipelineUtilsThread] ERROR pipeline.SCMPipelineManager (SCMPipelineManager.java:createPipeline(161)) - Pipeline creation failed due to exception: Unable to find enough nodes that meet the criteria that cannot engage in more than 5 pipelines. Nodes required: 1 Found: 0, healthy nodes count inNodeManager: 3.
2019-09-19 09:01:56,239 [RatisPipelineUtilsThread] ERROR pipeline.PipelinePlacementPolicy (PipelinePlacementPolicy.java:meetCriteria(91)) - Pipeline Placement: Doesn't meet the criteria to be viable node. Heaviness: 6
2019-09-19 09:01:56,239 [RatisPipelineUtilsThread] ERROR pipeline.PipelinePlacementPolicy (PipelinePlacementPolicy.java:meetCriteria(91)) - Pipeline Placement: Doesn't meet the criteria to be viable node. Heaviness: 6
2019-09-19 09:01:56,239 [RatisPipelineUtilsThread] ERROR pipeline.PipelinePlacementPolicy (PipelinePlacementPolicy.java:meetCriteria(91)) - Pipeline Placement: Doesn't meet the criteria to be viable node. Heaviness: 6
2019-09-19 09:01:56,239 [RatisPipelineUtilsThread] ERROR pipeline.PipelinePlacementPolicy (PipelinePlacementPolicy.java:filterViableNodes(146)) - Unable to find enough nodes that meet the criteria that cannot engage in more than 5 pipelines. Nodes required: 3 Found: 0, healthy nodes count inNodeManager: 3.
2019-09-19 09:01:56,239 [RatisPipelineUtilsThread] ERROR pipeline.SCMPipelineManager (SCMPipelineManager.java:createPipeline(161)) - Pipeline creation failed due to exception: Unable to find enough nodes that meet the criteria that cannot engage in more than 5 pipelines. Nodes required: 3 Found: 0, healthy nodes count inNodeManager: 3.
2019-09-19 09:01:56,300 | INFO  | SCMAudit | user=jenkins1000 | ip=192.168.34.5 | op=SEND_HEARTBEAT {datanodeUUID=71867667-6e29-4129-8075-280da1fb250d, command=[]} | ret=SUCCESS |  
2019-09-19 09:01:56,336 [main] INFO  rpc.RpcClient (RpcClient.java:createVolume(293)) - Creating Volume: 4a14f550-49de-4cca-91b8-19298355452a, with jenkins1000 as owner.
2019-09-19 09:01:56,362 | INFO  | OMAudit | user=jenkins1000 | ip=127.0.0.1 | op=CREATE_VOLUME {admin=jenkins1000, owner=jenkins1000, volume=4a14f550-49de-4cca-91b8-19298355452a, creationTime=1568883716357, quotaInBytes=1152921504606846976} | ret=SUCCESS |  
2019-09-19 09:01:56,378 | INFO  | OMAudit | user=jenkins1000 | ip=127.0.0.1 | op=READ_VOLUME {volume=4a14f550-49de-4cca-91b8-19298355452a} | ret=SUCCESS |  
2019-09-19 09:01:56,384 [main] INFO  rpc.RpcClient (RpcClient.java:createBucket(432)) - Creating Bucket: 4a14f550-49de-4cca-91b8-19298355452a/348f4180-281a-4f89-ad7f-542d799df44c, with Versioning false and Storage Type set to DISK and Encryption set to false 
2019-09-19 09:01:56,398 | INFO  | OMAudit | user=jenkins1000 | ip=127.0.0.1 | op=CREATE_BUCKET {volume=4a14f550-49de-4cca-91b8-19298355452a, bucket=348f4180-281a-4f89-ad7f-542d799df44c, acls=[user:jenkins1000:a[ACCESS], group:default:a[ACCESS]], isVersionEnabled=false, storageType=DISK, creationTime=0} | ret=SUCCESS |  
2019-09-19 09:01:56,404 | INFO  | OMAudit | user=jenkins1000 | ip=127.0.0.1 | op=READ_BUCKET {volume=4a14f550-49de-4cca-91b8-19298355452a, bucket=348f4180-281a-4f89-ad7f-542d799df44c} | ret=SUCCESS |  
2019-09-19 09:01:56,450 | INFO  | SCMAudit | user=jenkins1000 | ip=192.168.34.5 | op=ALLOCATE_BLOCK {owner=b5a1c2e4-5551-4360-8247-b547735a959d, size=4194304, type=RATIS, factor=ONE} | ret=SUCCESS |  
2019-09-19 09:01:56,473 | INFO  | OMAudit | user=jenkins1000 | ip=127.0.0.1 | op=ALLOCATE_KEY {volume=4a14f550-49de-4cca-91b8-19298355452a, bucket=348f4180-281a-4f89-ad7f-542d799df44c, key=57e2c12b-dbef-4a69-a117-fd8bb16c790e, dataSize=36, replicationType=RATIS, replicationFactor=ONE, keyLocationInfo=null} | ret=SUCCESS |  
2019-09-19 09:01:56,498 [main] INFO  impl.MetricsSystemImpl (MetricsSystemImpl.java:init(158)) - XceiverClientMetrics metrics system started (again)
2019-09-19 09:01:56,589 [grpc-default-executor-0] INFO  client.GrpcClientProtocolClient (GrpcClientProtocolClient.java:onNext(255)) - client-98E77A21D93F->71867667-6e29-4129-8075-280da1fb250d: receive RaftClientReply:client-98E77A21D93F->71867667-6e29-4129-8075-280da1fb250d@group-1BFCF7AAAD75, cid=18, FAILED org.apache.ratis.protocol.NotLeaderException: Server 71867667-6e29-4129-8075-280da1fb250d is not the leader (null). Request must be sent to leader., logIndex=0, commits[71867667-6e29-4129-8075-280da1fb250d:c-1]
2019-09-19 09:01:56,592 | INFO  | SCMAudit | user=jenkins1000 | ip=192.168.34.5 | op=SEND_HEARTBEAT {datanodeUUID=057e793c-281b-4dc7-88ef-622d16e5bee4, command=[]} | ret=SUCCESS |  
2019-09-19 09:01:57,045 | INFO  | SCMAudit | user=jenkins1000 | ip=192.168.34.5 | op=SEND_HEARTBEAT {datanodeUUID=477c0686-3f3a-41e4-8702-e2a67c6cb8b9, command=[]} | ret=SUCCESS |  
2019-09-19 09:01:57,282 | INFO  | SCMAudit | user=jenkins1000 | ip=192.168.34.5 | op=SEND_HEARTBEAT {datanodeUUID=71867667-6e29-4129-8075-280da1fb250d, command=[]} | ret=SUCCESS |  
2019-09-19 09:01:57,318 [Thread-177] INFO  container.ReplicationManager (ReplicationManager.java:start(151)) - Starting Replication Monitor Thread.
2019-09-19 09:01:57,325 [ReplicationMonitor] INFO  container.ReplicationManager (ReplicationManager.java:run(214)) - Replication Monitor Thread took 5 milliseconds for processing 1 containers.
2019-09-19 09:01:57,598 | INFO  | SCMAudit | user=jenkins1000 | ip=192.168.34.5 | op=SEND_HEARTBEAT {datanodeUUID=057e793c-281b-4dc7-88ef-622d16e5bee4, command=[]} | ret=SUCCESS |  
2019-09-19 09:01:58,046 | INFO  | SCMAudit | user=jenkins1000 | ip=192.168.34.5 | op=SEND_HEARTBEAT {datanodeUUID=477c0686-3f3a-41e4-8702-e2a67c6cb8b9, command=[]} | ret=SUCCESS |  
2019-09-19 09:01:58,282 | INFO  | SCMAudit | user=jenkins1000 | ip=192.168.34.5 | op=SEND_HEARTBEAT {datanodeUUID=71867667-6e29-4129-8075-280da1fb250d, command=[]} | ret=SUCCESS |  
2019-09-19 09:01:58,593 | INFO  | SCMAudit | user=jenkins1000 | ip=192.168.34.5 | op=SEND_HEARTBEAT {datanodeUUID=057e793c-281b-4dc7-88ef-622d16e5bee4, command=[]} | ret=SUCCESS |  
2019-09-19 09:01:58,631 [grpc-default-executor-0] INFO  client.GrpcClientProtocolClient (GrpcClientProtocolClient.java:onNext(255)) - client-98E77A21D93F->71867667-6e29-4129-8075-280da1fb250d: receive RaftClientReply:client-98E77A21D93F->71867667-6e29-4129-8075-280da1fb250d@group-1BFCF7AAAD75, cid=18, FAILED org.apache.ratis.protocol.NotLeaderException: Server 71867667-6e29-4129-8075-280da1fb250d is not the leader (null). Request must be sent to leader., logIndex=0, commits[71867667-6e29-4129-8075-280da1fb250d:c-1]
2019-09-19 09:01:59,046 | INFO  | SCMAudit | user=jenkins1000 | ip=192.168.34.5 | op=SEND_HEARTBEAT {datanodeUUID=477c0686-3f3a-41e4-8702-e2a67c6cb8b9, command=[]} | ret=SUCCESS |  
2019-09-19 09:01:59,284 | INFO  | SCMAudit | user=jenkins1000 | ip=192.168.34.5 | op=SEND_HEARTBEAT {datanodeUUID=71867667-6e29-4129-8075-280da1fb250d, command=[]} | ret=SUCCESS |  
2019-09-19 09:01:59,591 | INFO  | SCMAudit | user=jenkins1000 | ip=192.168.34.5 | op=SEND_HEARTBEAT {datanodeUUID=057e793c-281b-4dc7-88ef-622d16e5bee4, command=[]} | ret=SUCCESS |  
2019-09-19 09:02:00,047 | INFO  | SCMAudit | user=jenkins1000 | ip=192.168.34.5 | op=SEND_HEARTBEAT {datanodeUUID=477c0686-3f3a-41e4-8702-e2a67c6cb8b9, command=[]} | ret=SUCCESS |  
2019-09-19 09:02:00,284 | INFO  | SCMAudit | user=jenkins1000 | ip=192.168.34.5 | op=SEND_HEARTBEAT {datanodeUUID=71867667-6e29-4129-8075-280da1fb250d, command=[]} | ret=SUCCESS |  
2019-09-19 09:02:00,360 [Thread-179] INFO  impl.FollowerState (FollowerState.java:run(106)) - 71867667-6e29-4129-8075-280da1fb250d:group-71A201FC877B changes to CANDIDATE, lastRpcTime:5109, electionTimeout:5109ms
2019-09-19 09:02:00,361 [Thread-179] INFO  impl.RoleInfo (RoleInfo.java:shutdownFollowerState(121)) - 71867667-6e29-4129-8075-280da1fb250d: shutdown FollowerState
2019-09-19 09:02:00,361 [Thread-179] INFO  impl.RaftServerImpl (RaftServerImpl.java:setRole(171)) - 71867667-6e29-4129-8075-280da1fb250d:group-71A201FC877B changes role from FOLLOWER to CANDIDATE at term 0 for changeToCandidate
2019-09-19 09:02:00,366 [Thread-179] INFO  impl.RoleInfo (RoleInfo.java:updateAndGet(143)) - 71867667-6e29-4129-8075-280da1fb250d: start LeaderElection
2019-09-19 09:02:00,386 [71867667-6e29-4129-8075-280da1fb250d:group-71A201FC877B:LeaderElection1] INFO  impl.LeaderElection (LeaderElection.java:askForVotes(181)) - 71867667-6e29-4129-8075-280da1fb250d:group-71A201FC877B:LeaderElection1: begin an election at term 1 for -1: [71867667-6e29-4129-8075-280da1fb250d:192.168.34.5:39065], old=null
2019-09-19 09:02:00,393 [71867667-6e29-4129-8075-280da1fb250d:group-71A201FC877B:LeaderElection1] INFO  impl.RoleInfo (RoleInfo.java:shutdownLeaderElection(134)) - 71867667-6e29-4129-8075-280da1fb250d: shutdown LeaderElection
2019-09-19 09:02:00,393 [71867667-6e29-4129-8075-280da1fb250d:group-71A201FC877B:LeaderElection1] INFO  impl.RaftServerImpl (RaftServerImpl.java:setRole(171)) - 71867667-6e29-4129-8075-280da1fb250d:group-71A201FC877B changes role from CANDIDATE to LEADER at term 1 for changeToLeader
2019-09-19 09:02:00,393 [71867667-6e29-4129-8075-280da1fb250d:group-71A201FC877B:LeaderElection1] INFO  impl.RaftServerImpl (ServerState.java:setLeader(263)) - 71867667-6e29-4129-8075-280da1fb250d:group-71A201FC877B change Leader from null to 71867667-6e29-4129-8075-280da1fb250d at term 1 for becomeLeader, leader elected after 5215ms
2019-09-19 09:02:00,398 [71867667-6e29-4129-8075-280da1fb250d:group-71A201FC877B:LeaderElection1] INFO  server.RaftServerConfigKeys (ConfUtils.java:logGet(43)) - raft.server.staging.catchup.gap = 1000 (default)
2019-09-19 09:02:00,399 [71867667-6e29-4129-8075-280da1fb250d:group-71A201FC877B:LeaderElection1] INFO  server.RaftServerConfigKeys (ConfUtils.java:logGet(43)) - raft.server.rpc.sleep.time = 25ms (default)
2019-09-19 09:02:00,401 [71867667-6e29-4129-8075-280da1fb250d:group-71A201FC877B:LeaderElection1] INFO  server.RaftServerConfigKeys (ConfUtils.java:logGet(43)) - raft.server.write.element-limit = 4096 (default)
2019-09-19 09:02:00,403 [71867667-6e29-4129-8075-280da1fb250d:group-71A201FC877B:LeaderElection1] INFO  server.RaftServerConfigKeys (ConfUtils.java:logGet(43)) - raft.server.watch.timeout = 10s (default)
2019-09-19 09:02:00,403 [71867667-6e29-4129-8075-280da1fb250d:group-71A201FC877B:LeaderElection1] INFO  server.RaftServerConfigKeys (ConfUtils.java:logGet(43)) - raft.server.watch.timeout.denomination = 1s (default)
2019-09-19 09:02:00,404 [71867667-6e29-4129-8075-280da1fb250d:group-71A201FC877B:LeaderElection1] INFO  server.RaftServerConfigKeys (ConfUtils.java:logGet(43)) - raft.server.watch.element-limit = 65536 (default)
2019-09-19 09:02:00,411 [71867667-6e29-4129-8075-280da1fb250d:group-71A201FC877B:LeaderElection1] INFO  impl.RoleInfo (RoleInfo.java:updateAndGet(143)) - 71867667-6e29-4129-8075-280da1fb250d: start LeaderState
2019-09-19 09:02:00,430 [71867667-6e29-4129-8075-280da1fb250d:group-71A201FC877B:LeaderElection1] INFO  segmented.SegmentedRaftLogWorker (SegmentedRaftLogWorker.java:startLogSegment(380)) - 71867667-6e29-4129-8075-280da1fb250d-SegmentedRaftLogWorker:Storage Directory /workdir/hadoop-ozone/integration-test/target/test-dir/MiniOzoneClusterImpl-e985e272-9a55-4a46-95f9-9d7dad2521ff/datanode-0/data/ratis/144ef288-3580-4236-b8de-71a201fc877b: Starting segment from index:0
2019-09-19 09:02:00,438 [71867667-6e29-4129-8075-280da1fb250d:group-71A201FC877B:LeaderElection1] INFO  impl.RaftServerImpl (ServerState.java:setRaftConf(361)) - 71867667-6e29-4129-8075-280da1fb250d:group-71A201FC877B set configuration 0: [71867667-6e29-4129-8075-280da1fb250d:192.168.34.5:39065], old=null at 0
2019-09-19 09:02:00,499 [Thread-185] INFO  impl.FollowerState (FollowerState.java:run(106)) - 057e793c-281b-4dc7-88ef-622d16e5bee4:group-F77DC7C0E366 changes to CANDIDATE, lastRpcTime:5051, electionTimeout:5051ms
2019-09-19 09:02:00,501 [Thread-188] INFO  impl.FollowerState (FollowerState.java:run(106)) - 477c0686-3f3a-41e4-8702-e2a67c6cb8b9:group-F2A77CC53CD6 changes to CANDIDATE, lastRpcTime:5003, electionTimeout:5003ms
2019-09-19 09:02:00,502 [Thread-185] INFO  impl.RoleInfo (RoleInfo.java:shutdownFollowerState(121)) - 057e793c-281b-4dc7-88ef-622d16e5bee4: shutdown FollowerState
2019-09-19 09:02:00,502 [Thread-188] INFO  impl.RoleInfo (RoleInfo.java:shutdownFollowerState(121)) - 477c0686-3f3a-41e4-8702-e2a67c6cb8b9: shutdown FollowerState
2019-09-19 09:02:00,502 [Thread-185] INFO  impl.RaftServerImpl (RaftServerImpl.java:setRole(171)) - 057e793c-281b-4dc7-88ef-622d16e5bee4:group-F77DC7C0E366 changes role from FOLLOWER to CANDIDATE at term 0 for changeToCandidate
2019-09-19 09:02:00,502 [Thread-188] INFO  impl.RaftServerImpl (RaftServerImpl.java:setRole(171)) - 477c0686-3f3a-41e4-8702-e2a67c6cb8b9:group-F2A77CC53CD6 changes role from FOLLOWER to CANDIDATE at term 0 for changeToCandidate
2019-09-19 09:02:00,502 [Thread-185] INFO  impl.RoleInfo (RoleInfo.java:updateAndGet(143)) - 057e793c-281b-4dc7-88ef-622d16e5bee4: start LeaderElection
2019-09-19 09:02:00,502 [Thread-188] INFO  impl.RoleInfo (RoleInfo.java:updateAndGet(143)) - 477c0686-3f3a-41e4-8702-e2a67c6cb8b9: start LeaderElection
2019-09-19 09:02:00,518 [057e793c-281b-4dc7-88ef-622d16e5bee4:group-F77DC7C0E366:LeaderElection2] INFO  impl.LeaderElection (LeaderElection.java:askForVotes(181)) - 057e793c-281b-4dc7-88ef-622d16e5bee4:group-F77DC7C0E366:LeaderElection2: begin an election at term 1 for -1: [057e793c-281b-4dc7-88ef-622d16e5bee4:192.168.34.5:44787], old=null
2019-09-19 09:02:00,518 [477c0686-3f3a-41e4-8702-e2a67c6cb8b9:group-F2A77CC53CD6:LeaderElection3] INFO  impl.LeaderElection (LeaderElection.java:askForVotes(181)) - 477c0686-3f3a-41e4-8702-e2a67c6cb8b9:group-F2A77CC53CD6:LeaderElection3: begin an election at term 1 for -1: [477c0686-3f3a-41e4-8702-e2a67c6cb8b9:192.168.34.5:41600], old=null
2019-09-19 09:02:00,519 [057e793c-281b-4dc7-88ef-622d16e5bee4:group-F77DC7C0E366:LeaderElection2] INFO  impl.RoleInfo (RoleInfo.java:shutdownLeaderElection(134)) - 057e793c-281b-4dc7-88ef-622d16e5bee4: shutdown LeaderElection
2019-09-19 09:02:00,519 [477c0686-3f3a-41e4-8702-e2a67c6cb8b9:group-F2A77CC53CD6:LeaderElection3] INFO  impl.RoleInfo (RoleInfo.java:shutdownLeaderElection(134)) - 477c0686-3f3a-41e4-8702-e2a67c6cb8b9: shutdown LeaderElection
2019-09-19 09:02:00,519 [057e793c-281b-4dc7-88ef-622d16e5bee4:group-F77DC7C0E366:LeaderElection2] INFO  impl.RaftServerImpl (RaftServerImpl.java:setRole(171)) - 057e793c-281b-4dc7-88ef-622d16e5bee4:group-F77DC7C0E366 changes role from CANDIDATE to LEADER at term 1 for changeToLeader
2019-09-19 09:02:00,519 [477c0686-3f3a-41e4-8702-e2a67c6cb8b9:group-F2A77CC53CD6:LeaderElection3] INFO  impl.RaftServerImpl (RaftServerImpl.java:setRole(171)) - 477c0686-3f3a-41e4-8702-e2a67c6cb8b9:group-F2A77CC53CD6 changes role from CANDIDATE to LEADER at term 1 for changeToLeader
2019-09-19 09:02:00,519 [057e793c-281b-4dc7-88ef-622d16e5bee4:group-F77DC7C0E366:LeaderElection2] INFO  impl.RaftServerImpl (ServerState.java:setLeader(263)) - 057e793c-281b-4dc7-88ef-622d16e5bee4:group-F77DC7C0E366 change Leader from null to 057e793c-281b-4dc7-88ef-622d16e5bee4 at term 1 for becomeLeader, leader elected after 5075ms
2019-09-19 09:02:00,519 [477c0686-3f3a-41e4-8702-e2a67c6cb8b9:group-F2A77CC53CD6:LeaderElection3] INFO  impl.RaftServerImpl (ServerState.java:setLeader(263)) - 477c0686-3f3a-41e4-8702-e2a67c6cb8b9:group-F2A77CC53CD6 change Leader from null to 477c0686-3f3a-41e4-8702-e2a67c6cb8b9 at term 1 for becomeLeader, leader elected after 5025ms
2019-09-19 09:02:00,520 [057e793c-281b-4dc7-88ef-622d16e5bee4:group-F77DC7C0E366:LeaderElection2] INFO  server.RaftServerConfigKeys (ConfUtils.java:logGet(43)) - raft.server.staging.catchup.gap = 1000 (default)
2019-09-19 09:02:00,520 [477c0686-3f3a-41e4-8702-e2a67c6cb8b9:group-F2A77CC53CD6:LeaderElection3] INFO  server.RaftServerConfigKeys (ConfUtils.java:logGet(43)) - raft.server.staging.catchup.gap = 1000 (default)
2019-09-19 09:02:00,520 [057e793c-281b-4dc7-88ef-622d16e5bee4:group-F77DC7C0E366:LeaderElection2] INFO  server.RaftServerConfigKeys (ConfUtils.java:logGet(43)) - raft.server.rpc.sleep.time = 25ms (default)
2019-09-19 09:02:00,520 [477c0686-3f3a-41e4-8702-e2a67c6cb8b9:group-F2A77CC53CD6:LeaderElection3] INFO  server.RaftServerConfigKeys (ConfUtils.java:logGet(43)) - raft.server.rpc.sleep.time = 25ms (default)
2019-09-19 09:02:00,520 [057e793c-281b-4dc7-88ef-622d16e5bee4:group-F77DC7C0E366:LeaderElection2] INFO  server.RaftServerConfigKeys (ConfUtils.java:logGet(43)) - raft.server.write.element-limit = 4096 (default)
2019-09-19 09:02:00,520 [477c0686-3f3a-41e4-8702-e2a67c6cb8b9:group-F2A77CC53CD6:LeaderElection3] INFO  server.RaftServerConfigKeys (ConfUtils.java:logGet(43)) - raft.server.write.element-limit = 4096 (default)
2019-09-19 09:02:00,520 [057e793c-281b-4dc7-88ef-622d16e5bee4:group-F77DC7C0E366:LeaderElection2] INFO  server.RaftServerConfigKeys (ConfUtils.java:logGet(43)) - raft.server.watch.timeout = 10s (default)
2019-09-19 09:02:00,520 [477c0686-3f3a-41e4-8702-e2a67c6cb8b9:group-F2A77CC53CD6:LeaderElection3] INFO  server.RaftServerConfigKeys (ConfUtils.java:logGet(43)) - raft.server.watch.timeout = 10s (default)
2019-09-19 09:02:00,520 [057e793c-281b-4dc7-88ef-622d16e5bee4:group-F77DC7C0E366:LeaderElection2] INFO  server.RaftServerConfigKeys (ConfUtils.java:logGet(43)) - raft.server.watch.timeout.denomination = 1s (default)
2019-09-19 09:02:00,520 [477c0686-3f3a-41e4-8702-e2a67c6cb8b9:group-F2A77CC53CD6:LeaderElection3] INFO  server.RaftServerConfigKeys (ConfUtils.java:logGet(43)) - raft.server.watch.timeout.denomination = 1s (default)
2019-09-19 09:02:00,521 [057e793c-281b-4dc7-88ef-622d16e5bee4:group-F77DC7C0E366:LeaderElection2] INFO  server.RaftServerConfigKeys (ConfUtils.java:logGet(43)) - raft.server.watch.element-limit = 65536 (default)
2019-09-19 09:02:00,521 [477c0686-3f3a-41e4-8702-e2a67c6cb8b9:group-F2A77CC53CD6:LeaderElection3] INFO  server.RaftServerConfigKeys (ConfUtils.java:logGet(43)) - raft.server.watch.element-limit = 65536 (default)
2019-09-19 09:02:00,521 [057e793c-281b-4dc7-88ef-622d16e5bee4:group-F77DC7C0E366:LeaderElection2] INFO  impl.RoleInfo (RoleInfo.java:updateAndGet(143)) - 057e793c-281b-4dc7-88ef-622d16e5bee4: start LeaderState
2019-09-19 09:02:00,521 [477c0686-3f3a-41e4-8702-e2a67c6cb8b9:group-F2A77CC53CD6:LeaderElection3] INFO  impl.RoleInfo (RoleInfo.java:updateAndGet(143)) - 477c0686-3f3a-41e4-8702-e2a67c6cb8b9: start LeaderState
2019-09-19 09:02:00,521 [057e793c-281b-4dc7-88ef-622d16e5bee4:group-F77DC7C0E366:LeaderElection2] INFO  segmented.SegmentedRaftLogWorker (SegmentedRaftLogWorker.java:startLogSegment(380)) - 057e793c-281b-4dc7-88ef-622d16e5bee4-SegmentedRaftLogWorker:Storage Directory /workdir/hadoop-ozone/integration-test/target/test-dir/MiniOzoneClusterImpl-e985e272-9a55-4a46-95f9-9d7dad2521ff/datanode-1/data/ratis/4c910193-4171-45f8-994b-f77dc7c0e366: Starting segment from index:0
2019-09-19 09:02:00,521 [477c0686-3f3a-41e4-8702-e2a67c6cb8b9:group-F2A77CC53CD6:LeaderElection3] INFO  segmented.SegmentedRaftLogWorker (SegmentedRaftLogWorker.java:startLogSegment(380)) - 477c0686-3f3a-41e4-8702-e2a67c6cb8b9-SegmentedRaftLogWorker:Storage Directory /workdir/hadoop-ozone/integration-test/target/test-dir/MiniOzoneClusterImpl-e985e272-9a55-4a46-95f9-9d7dad2521ff/datanode-2/data/ratis/9cceeba0-9f4f-493c-9bbb-f2a77cc53cd6: Starting segment from index:0
2019-09-19 09:02:00,522 [057e793c-281b-4dc7-88ef-622d16e5bee4:group-F77DC7C0E366:LeaderElection2] INFO  impl.RaftServerImpl (ServerState.java:setRaftConf(361)) - 057e793c-281b-4dc7-88ef-622d16e5bee4:group-F77DC7C0E366 set configuration 0: [057e793c-281b-4dc7-88ef-622d16e5bee4:192.168.34.5:44787], old=null at 0
2019-09-19 09:02:00,524 [477c0686-3f3a-41e4-8702-e2a67c6cb8b9:group-F2A77CC53CD6:LeaderElection3] INFO  impl.RaftServerImpl (ServerState.java:setRaftConf(361)) - 477c0686-3f3a-41e4-8702-e2a67c6cb8b9:group-F2A77CC53CD6 set configuration 0: [477c0686-3f3a-41e4-8702-e2a67c6cb8b9:192.168.34.5:41600], old=null at 0
2019-09-19 09:02:00,583 [Thread-182] INFO  impl.FollowerState (FollowerState.java:run(106)) - 477c0686-3f3a-41e4-8702-e2a67c6cb8b9:group-B982F948075F changes to CANDIDATE, lastRpcTime:5201, electionTimeout:5199ms
2019-09-19 09:02:00,583 [Thread-182] INFO  impl.RoleInfo (RoleInfo.java:shutdownFollowerState(121)) - 477c0686-3f3a-41e4-8702-e2a67c6cb8b9: shutdown FollowerState
2019-09-19 09:02:00,583 [Thread-182] INFO  impl.RaftServerImpl (RaftServerImpl.java:setRole(171)) - 477c0686-3f3a-41e4-8702-e2a67c6cb8b9:group-B982F948075F changes role from FOLLOWER to CANDIDATE at term 0 for changeToCandidate
2019-09-19 09:02:00,583 [Thread-182] INFO  impl.RoleInfo (RoleInfo.java:updateAndGet(143)) - 477c0686-3f3a-41e4-8702-e2a67c6cb8b9: start LeaderElection
2019-09-19 09:02:00,601 [Thread-191] INFO  impl.FollowerState (FollowerState.java:run(106)) - 71867667-6e29-4129-8075-280da1fb250d:group-7D1916D6B95C changes to CANDIDATE, lastRpcTime:5050, electionTimeout:5050ms
2019-09-19 09:02:00,601 [Thread-191] INFO  impl.RoleInfo (RoleInfo.java:shutdownFollowerState(121)) - 71867667-6e29-4129-8075-280da1fb250d: shutdown FollowerState
2019-09-19 09:02:00,602 [Thread-191] INFO  impl.RaftServerImpl (RaftServerImpl.java:setRole(171)) - 71867667-6e29-4129-8075-280da1fb250d:group-7D1916D6B95C changes role from FOLLOWER to CANDIDATE at term 0 for changeToCandidate
2019-09-19 09:02:00,602 [Thread-191] INFO  impl.RoleInfo (RoleInfo.java:updateAndGet(143)) - 71867667-6e29-4129-8075-280da1fb250d: start LeaderElection
2019-09-19 09:02:00,605 | INFO  | SCMAudit | user=jenkins1000 | ip=192.168.34.5 | op=SEND_HEARTBEAT {datanodeUUID=057e793c-281b-4dc7-88ef-622d16e5bee4, command=[]} | ret=SUCCESS |  
2019-09-19 09:02:00,615 [71867667-6e29-4129-8075-280da1fb250d:group-7D1916D6B95C:LeaderElection5] INFO  impl.LeaderElection (LeaderElection.java:askForVotes(181)) - 71867667-6e29-4129-8075-280da1fb250d:group-7D1916D6B95C:LeaderElection5: begin an election at term 1 for -1: [71867667-6e29-4129-8075-280da1fb250d:192.168.34.5:39065], old=null
2019-09-19 09:02:00,615 [477c0686-3f3a-41e4-8702-e2a67c6cb8b9-SegmentedRaftLogWorker:Storage Directory /workdir/hadoop-ozone/integration-test/target/test-dir/MiniOzoneClusterImpl-e985e272-9a55-4a46-95f9-9d7dad2521ff/datanode-2/data/ratis/9cceeba0-9f4f-493c-9bbb-f2a77cc53cd6] INFO  segmented.SegmentedRaftLogWorker (SegmentedRaftLogWorker.java:execute(569)) - 477c0686-3f3a-41e4-8702-e2a67c6cb8b9-SegmentedRaftLogWorker:Storage Directory /workdir/hadoop-ozone/integration-test/target/test-dir/MiniOzoneClusterImpl-e985e272-9a55-4a46-95f9-9d7dad2521ff/datanode-2/data/ratis/9cceeba0-9f4f-493c-9bbb-f2a77cc53cd6: created new log segment /workdir/hadoop-ozone/integration-test/target/test-dir/MiniOzoneClusterImpl-e985e272-9a55-4a46-95f9-9d7dad2521ff/datanode-2/data/ratis/9cceeba0-9f4f-493c-9bbb-f2a77cc53cd6/current/log_inprogress_0
2019-09-19 09:02:00,615 [71867667-6e29-4129-8075-280da1fb250d:group-7D1916D6B95C:LeaderElection5] INFO  impl.RoleInfo (RoleInfo.java:shutdownLeaderElection(134)) - 71867667-6e29-4129-8075-280da1fb250d: shutdown LeaderElection
2019-09-19 09:02:00,615 [71867667-6e29-4129-8075-280da1fb250d-SegmentedRaftLogWorker:Storage Directory /workdir/hadoop-ozone/integration-test/target/test-dir/MiniOzoneClusterImpl-e985e272-9a55-4a46-95f9-9d7dad2521ff/datanode-0/data/ratis/144ef288-3580-4236-b8de-71a201fc877b] INFO  segmented.SegmentedRaftLogWorker (SegmentedRaftLogWorker.java:execute(569)) - 71867667-6e29-4129-8075-280da1fb250d-SegmentedRaftLogWorker:Storage Directory /workdir/hadoop-ozone/integration-test/target/test-dir/MiniOzoneClusterImpl-e985e272-9a55-4a46-95f9-9d7dad2521ff/datanode-0/data/ratis/144ef288-3580-4236-b8de-71a201fc877b: created new log segment /workdir/hadoop-ozone/integration-test/target/test-dir/MiniOzoneClusterImpl-e985e272-9a55-4a46-95f9-9d7dad2521ff/datanode-0/data/ratis/144ef288-3580-4236-b8de-71a201fc877b/current/log_inprogress_0
2019-09-19 09:02:00,615 [057e793c-281b-4dc7-88ef-622d16e5bee4-SegmentedRaftLogWorker:Storage Directory /workdir/hadoop-ozone/integration-test/target/test-dir/MiniOzoneClusterImpl-e985e272-9a55-4a46-95f9-9d7dad2521ff/datanode-1/data/ratis/4c910193-4171-45f8-994b-f77dc7c0e366] INFO  segmented.SegmentedRaftLogWorker (SegmentedRaftLogWorker.java:execute(569)) - 057e793c-281b-4dc7-88ef-622d16e5bee4-SegmentedRaftLogWorker:Storage Directory /workdir/hadoop-ozone/integration-test/target/test-dir/MiniOzoneClusterImpl-e985e272-9a55-4a46-95f9-9d7dad2521ff/datanode-1/data/ratis/4c910193-4171-45f8-994b-f77dc7c0e366: created new log segment /workdir/hadoop-ozone/integration-test/target/test-dir/MiniOzoneClusterImpl-e985e272-9a55-4a46-95f9-9d7dad2521ff/datanode-1/data/ratis/4c910193-4171-45f8-994b-f77dc7c0e366/current/log_inprogress_0
2019-09-19 09:02:00,615 [477c0686-3f3a-41e4-8702-e2a67c6cb8b9:group-B982F948075F:LeaderElection4] INFO  impl.LeaderElection (LeaderElection.java:askForVotes(181)) - 477c0686-3f3a-41e4-8702-e2a67c6cb8b9:group-B982F948075F:LeaderElection4: begin an election at term 1 for -1: [477c0686-3f3a-41e4-8702-e2a67c6cb8b9:192.168.34.5:41600], old=null
2019-09-19 09:02:00,616 [71867667-6e29-4129-8075-280da1fb250d:group-7D1916D6B95C:LeaderElection5] INFO  impl.RaftServerImpl (RaftServerImpl.java:setRole(171)) - 71867667-6e29-4129-8075-280da1fb250d:group-7D1916D6B95C changes role from CANDIDATE to LEADER at term 1 for changeToLeader
2019-09-19 09:02:00,618 [477c0686-3f3a-41e4-8702-e2a67c6cb8b9:group-B982F948075F:LeaderElection4] INFO  impl.RoleInfo (RoleInfo.java:shutdownLeaderElection(134)) - 477c0686-3f3a-41e4-8702-e2a67c6cb8b9: shutdown LeaderElection
2019-09-19 09:02:00,618 [71867667-6e29-4129-8075-280da1fb250d:group-7D1916D6B95C:LeaderElection5] INFO  impl.RaftServerImpl (ServerState.java:setLeader(263)) - 71867667-6e29-4129-8075-280da1fb250d:group-7D1916D6B95C change Leader from null to 71867667-6e29-4129-8075-280da1fb250d at term 1 for becomeLeader, leader elected after 5070ms
2019-09-19 09:02:00,618 [477c0686-3f3a-41e4-8702-e2a67c6cb8b9:group-B982F948075F:LeaderElection4] INFO  impl.RaftServerImpl (RaftServerImpl.java:setRole(171)) - 477c0686-3f3a-41e4-8702-e2a67c6cb8b9:group-B982F948075F changes role from CANDIDATE to LEADER at term 1 for changeToLeader
2019-09-19 09:02:00,618 [71867667-6e29-4129-8075-280da1fb250d:group-7D1916D6B95C:LeaderElection5] INFO  server.RaftServerConfigKeys (ConfUtils.java:logGet(43)) - raft.server.staging.catchup.gap = 1000 (default)
2019-09-19 09:02:00,618 [477c0686-3f3a-41e4-8702-e2a67c6cb8b9:group-B982F948075F:LeaderElection4] INFO  impl.RaftServerImpl (ServerState.java:setLeader(263)) - 477c0686-3f3a-41e4-8702-e2a67c6cb8b9:group-B982F948075F change Leader from null to 477c0686-3f3a-41e4-8702-e2a67c6cb8b9 at term 1 for becomeLeader, leader elected after 5244ms
2019-09-19 09:02:00,619 [71867667-6e29-4129-8075-280da1fb250d:group-7D1916D6B95C:LeaderElection5] INFO  server.RaftServerConfigKeys (ConfUtils.java:logGet(43)) - raft.server.rpc.sleep.time = 25ms (default)
2019-09-19 09:02:00,619 [477c0686-3f3a-41e4-8702-e2a67c6cb8b9:group-B982F948075F:LeaderElection4] INFO  server.RaftServerConfigKeys (ConfUtils.java:logGet(43)) - raft.server.staging.catchup.gap = 1000 (default)
2019-09-19 09:02:00,619 [71867667-6e29-4129-8075-280da1fb250d:group-7D1916D6B95C:LeaderElection5] INFO  server.RaftServerConfigKeys (ConfUtils.java:logGet(43)) - raft.server.write.element-limit = 4096 (default)
2019-09-19 09:02:00,619 [477c0686-3f3a-41e4-8702-e2a67c6cb8b9:group-B982F948075F:LeaderElection4] INFO  server.RaftServerConfigKeys (ConfUtils.java:logGet(43)) - raft.server.rpc.sleep.time = 25ms (default)
2019-09-19 09:02:00,619 [71867667-6e29-4129-8075-280da1fb250d:group-7D1916D6B95C:LeaderElection5] INFO  server.RaftServerConfigKeys (ConfUtils.java:logGet(43)) - raft.server.watch.timeout = 10s (default)
2019-09-19 09:02:00,619 [477c0686-3f3a-41e4-8702-e2a67c6cb8b9:group-B982F948075F:LeaderElection4] INFO  server.RaftServerConfigKeys (ConfUtils.java:logGet(43)) - raft.server.write.element-limit = 4096 (default)
2019-09-19 09:02:00,619 [71867667-6e29-4129-8075-280da1fb250d:group-7D1916D6B95C:LeaderElection5] INFO  server.RaftServerConfigKeys (ConfUtils.java:logGet(43)) - raft.server.watch.timeout.denomination = 1s (default)
2019-09-19 09:02:00,619 [477c0686-3f3a-41e4-8702-e2a67c6cb8b9:group-B982F948075F:LeaderElection4] INFO  server.RaftServerConfigKeys (ConfUtils.java:logGet(43)) - raft.server.watch.timeout = 10s (default)
2019-09-19 09:02:00,619 [71867667-6e29-4129-8075-280da1fb250d:group-7D1916D6B95C:LeaderElection5] INFO  server.RaftServerConfigKeys (ConfUtils.java:logGet(43)) - raft.server.watch.element-limit = 65536 (default)
2019-09-19 09:02:00,619 [477c0686-3f3a-41e4-8702-e2a67c6cb8b9:group-B982F948075F:LeaderElection4] INFO  server.RaftServerConfigKeys (ConfUtils.java:logGet(43)) - raft.server.watch.timeout.denomination = 1s (default)
2019-09-19 09:02:00,619 [477c0686-3f3a-41e4-8702-e2a67c6cb8b9:group-B982F948075F:LeaderElection4] INFO  server.RaftServerConfigKeys (ConfUtils.java:logGet(43)) - raft.server.watch.element-limit = 65536 (default)
2019-09-19 09:02:00,620 [71867667-6e29-4129-8075-280da1fb250d:group-7D1916D6B95C:LeaderElection5] INFO  impl.RoleInfo (RoleInfo.java:updateAndGet(143)) - 71867667-6e29-4129-8075-280da1fb250d: start LeaderState
2019-09-19 09:02:00,620 [477c0686-3f3a-41e4-8702-e2a67c6cb8b9:group-B982F948075F:LeaderElection4] INFO  impl.RoleInfo (RoleInfo.java:updateAndGet(143)) - 477c0686-3f3a-41e4-8702-e2a67c6cb8b9: start LeaderState
2019-09-19 09:02:00,620 [71867667-6e29-4129-8075-280da1fb250d:group-7D1916D6B95C:LeaderElection5] INFO  segmented.SegmentedRaftLogWorker (SegmentedRaftLogWorker.java:startLogSegment(380)) - 71867667-6e29-4129-8075-280da1fb250d-SegmentedRaftLogWorker:Storage Directory /workdir/hadoop-ozone/integration-test/target/test-dir/MiniOzoneClusterImpl-e985e272-9a55-4a46-95f9-9d7dad2521ff/datanode-0/data/ratis/56df3cba-1908-42ee-9158-7d1916d6b95c: Starting segment from index:0
2019-09-19 09:02:00,620 [477c0686-3f3a-41e4-8702-e2a67c6cb8b9:group-B982F948075F:LeaderElection4] INFO  segmented.SegmentedRaftLogWorker (SegmentedRaftLogWorker.java:startLogSegment(380)) - 477c0686-3f3a-41e4-8702-e2a67c6cb8b9-SegmentedRaftLogWorker:Storage Directory /workdir/hadoop-ozone/integration-test/target/test-dir/MiniOzoneClusterImpl-e985e272-9a55-4a46-95f9-9d7dad2521ff/datanode-2/data/ratis/576ecead-fb0c-45f9-a735-b982f948075f: Starting segment from index:0
2019-09-19 09:02:00,620 [71867667-6e29-4129-8075-280da1fb250d:group-7D1916D6B95C:LeaderElection5] INFO  impl.RaftServerImpl (ServerState.java:setRaftConf(361)) - 71867667-6e29-4129-8075-280da1fb250d:group-7D1916D6B95C set configuration 0: [71867667-6e29-4129-8075-280da1fb250d:192.168.34.5:39065], old=null at 0
2019-09-19 09:02:00,620 [477c0686-3f3a-41e4-8702-e2a67c6cb8b9:group-B982F948075F:LeaderElection4] INFO  impl.RaftServerImpl (ServerState.java:setRaftConf(361)) - 477c0686-3f3a-41e4-8702-e2a67c6cb8b9:group-B982F948075F set configuration 0: [477c0686-3f3a-41e4-8702-e2a67c6cb8b9:192.168.34.5:41600], old=null at 0
2019-09-19 09:02:00,667 [477c0686-3f3a-41e4-8702-e2a67c6cb8b9-SegmentedRaftLogWorker:Storage Directory /workdir/hadoop-ozone/integration-test/target/test-dir/MiniOzoneClusterImpl-e985e272-9a55-4a46-95f9-9d7dad2521ff/datanode-2/data/ratis/576ecead-fb0c-45f9-a735-b982f948075f] INFO  segmented.SegmentedRaftLogWorker (SegmentedRaftLogWorker.java:execute(569)) - 477c0686-3f3a-41e4-8702-e2a67c6cb8b9-SegmentedRaftLogWorker:Storage Directory /workdir/hadoop-ozone/integration-test/target/test-dir/MiniOzoneClusterImpl-e985e272-9a55-4a46-95f9-9d7dad2521ff/datanode-2/data/ratis/576ecead-fb0c-45f9-a735-b982f948075f: created new log segment /workdir/hadoop-ozone/integration-test/target/test-dir/MiniOzoneClusterImpl-e985e272-9a55-4a46-95f9-9d7dad2521ff/datanode-2/data/ratis/576ecead-fb0c-45f9-a735-b982f948075f/current/log_inprogress_0
2019-09-19 09:02:00,677 [grpc-default-executor-0] INFO  client.GrpcClientProtocolClient (GrpcClientProtocolClient.java:onNext(255)) - client-98E77A21D93F->71867667-6e29-4129-8075-280da1fb250d: receive RaftClientReply:client-98E77A21D93F->71867667-6e29-4129-8075-280da1fb250d@group-1BFCF7AAAD75, cid=18, FAILED org.apache.ratis.protocol.NotLeaderException: Server 71867667-6e29-4129-8075-280da1fb250d is not the leader (null). Request must be sent to leader., logIndex=0, commits[71867667-6e29-4129-8075-280da1fb250d:c-1]
2019-09-19 09:02:00,680 [71867667-6e29-4129-8075-280da1fb250d-SegmentedRaftLogWorker:Storage Directory /workdir/hadoop-ozone/integration-test/target/test-dir/MiniOzoneClusterImpl-e985e272-9a55-4a46-95f9-9d7dad2521ff/datanode-0/data/ratis/56df3cba-1908-42ee-9158-7d1916d6b95c] INFO  segmented.SegmentedRaftLogWorker (SegmentedRaftLogWorker.java:execute(569)) - 71867667-6e29-4129-8075-280da1fb250d-SegmentedRaftLogWorker:Storage Directory /workdir/hadoop-ozone/integration-test/target/test-dir/MiniOzoneClusterImpl-e985e272-9a55-4a46-95f9-9d7dad2521ff/datanode-0/data/ratis/56df3cba-1908-42ee-9158-7d1916d6b95c: created new log segment /workdir/hadoop-ozone/integration-test/target/test-dir/MiniOzoneClusterImpl-e985e272-9a55-4a46-95f9-9d7dad2521ff/datanode-0/data/ratis/56df3cba-1908-42ee-9158-7d1916d6b95c/current/log_inprogress_0
2019-09-19 09:02:00,699 [Thread-194] INFO  impl.FollowerState (FollowerState.java:run(106)) - 477c0686-3f3a-41e4-8702-e2a67c6cb8b9:group-B060742A2BA0 changes to CANDIDATE, lastRpcTime:5092, electionTimeout:5092ms
2019-09-19 09:02:00,700 [Thread-194] INFO  impl.RoleInfo (RoleInfo.java:shutdownFollowerState(121)) - 477c0686-3f3a-41e4-8702-e2a67c6cb8b9: shutdown FollowerState
2019-09-19 09:02:00,700 [Thread-194] INFO  impl.RaftServerImpl (RaftServerImpl.java:setRole(171)) - 477c0686-3f3a-41e4-8702-e2a67c6cb8b9:group-B060742A2BA0 changes role from FOLLOWER to CANDIDATE at term 0 for changeToCandidate
2019-09-19 09:02:00,700 [Thread-194] INFO  impl.RoleInfo (RoleInfo.java:updateAndGet(143)) - 477c0686-3f3a-41e4-8702-e2a67c6cb8b9: start LeaderElection
2019-09-19 09:02:00,708 [477c0686-3f3a-41e4-8702-e2a67c6cb8b9:group-B060742A2BA0:LeaderElection6] INFO  impl.LeaderElection (LeaderElection.java:askForVotes(181)) - 477c0686-3f3a-41e4-8702-e2a67c6cb8b9:group-B060742A2BA0:LeaderElection6: begin an election at term 1 for -1: [477c0686-3f3a-41e4-8702-e2a67c6cb8b9:192.168.34.5:41600], old=null
2019-09-19 09:02:00,709 [477c0686-3f3a-41e4-8702-e2a67c6cb8b9:group-B060742A2BA0:LeaderElection6] INFO  impl.RoleInfo (RoleInfo.java:shutdownLeaderElection(134)) - 477c0686-3f3a-41e4-8702-e2a67c6cb8b9: shutdown LeaderElection
2019-09-19 09:02:00,709 [477c0686-3f3a-41e4-8702-e2a67c6cb8b9:group-B060742A2BA0:LeaderElection6] INFO  impl.RaftServerImpl (RaftServerImpl.java:setRole(171)) - 477c0686-3f3a-41e4-8702-e2a67c6cb8b9:group-B060742A2BA0 changes role from CANDIDATE to LEADER at term 1 for changeToLeader
2019-09-19 09:02:00,709 [477c0686-3f3a-41e4-8702-e2a67c6cb8b9:group-B060742A2BA0:LeaderElection6] INFO  impl.RaftServerImpl (ServerState.java:setLeader(263)) - 477c0686-3f3a-41e4-8702-e2a67c6cb8b9:group-B060742A2BA0 change Leader from null to 477c0686-3f3a-41e4-8702-e2a67c6cb8b9 at term 1 for becomeLeader, leader elected after 5106ms
2019-09-19 09:02:00,709 [477c0686-3f3a-41e4-8702-e2a67c6cb8b9:group-B060742A2BA0:LeaderElection6] INFO  server.RaftServerConfigKeys (ConfUtils.java:logGet(43)) - raft.server.staging.catchup.gap = 1000 (default)
2019-09-19 09:02:00,709 [477c0686-3f3a-41e4-8702-e2a67c6cb8b9:group-B060742A2BA0:LeaderElection6] INFO  server.RaftServerConfigKeys (ConfUtils.java:logGet(43)) - raft.server.rpc.sleep.time = 25ms (default)
2019-09-19 09:02:00,710 [477c0686-3f3a-41e4-8702-e2a67c6cb8b9:group-B060742A2BA0:LeaderElection6] INFO  server.RaftServerConfigKeys (ConfUtils.java:logGet(43)) - raft.server.write.element-limit = 4096 (default)
2019-09-19 09:02:00,710 [477c0686-3f3a-41e4-8702-e2a67c6cb8b9:group-B060742A2BA0:LeaderElection6] INFO  server.RaftServerConfigKeys (ConfUtils.java:logGet(43)) - raft.server.watch.timeout = 10s (default)
2019-09-19 09:02:00,710 [477c0686-3f3a-41e4-8702-e2a67c6cb8b9:group-B060742A2BA0:LeaderElection6] INFO  server.RaftServerConfigKeys (ConfUtils.java:logGet(43)) - raft.server.watch.timeout.denomination = 1s (default)
2019-09-19 09:02:00,710 [477c0686-3f3a-41e4-8702-e2a67c6cb8b9:group-B060742A2BA0:LeaderElection6] INFO  server.RaftServerConfigKeys (ConfUtils.java:logGet(43)) - raft.server.watch.element-limit = 65536 (default)
2019-09-19 09:02:00,710 [477c0686-3f3a-41e4-8702-e2a67c6cb8b9:group-B060742A2BA0:LeaderElection6] INFO  impl.RoleInfo (RoleInfo.java:updateAndGet(143)) - 477c0686-3f3a-41e4-8702-e2a67c6cb8b9: start LeaderState
2019-09-19 09:02:00,710 [477c0686-3f3a-41e4-8702-e2a67c6cb8b9:group-B060742A2BA0:LeaderElection6] INFO  segmented.SegmentedRaftLogWorker (SegmentedRaftLogWorker.java:startLogSegment(380)) - 477c0686-3f3a-41e4-8702-e2a67c6cb8b9-SegmentedRaftLogWorker:Storage Directory /workdir/hadoop-ozone/integration-test/target/test-dir/MiniOzoneClusterImpl-e985e272-9a55-4a46-95f9-9d7dad2521ff/datanode-2/data/ratis/a51cc9bd-66ba-4001-8ce2-b060742a2ba0: Starting segment from index:0
2019-09-19 09:02:00,711 [477c0686-3f3a-41e4-8702-e2a67c6cb8b9:group-B060742A2BA0:LeaderElection6] INFO  impl.RaftServerImpl (ServerState.java:setRaftConf(361)) - 477c0686-3f3a-41e4-8702-e2a67c6cb8b9:group-B060742A2BA0 set configuration 0: [477c0686-3f3a-41e4-8702-e2a67c6cb8b9:192.168.34.5:41600], old=null at 0
2019-09-19 09:02:00,756 [477c0686-3f3a-41e4-8702-e2a67c6cb8b9-SegmentedRaftLogWorker:Storage Directory /workdir/hadoop-ozone/integration-test/target/test-dir/MiniOzoneClusterImpl-e985e272-9a55-4a46-95f9-9d7dad2521ff/datanode-2/data/ratis/a51cc9bd-66ba-4001-8ce2-b060742a2ba0] INFO  segmented.SegmentedRaftLogWorker (SegmentedRaftLogWorker.java:execute(569)) - 477c0686-3f3a-41e4-8702-e2a67c6cb8b9-SegmentedRaftLogWorker:Storage Directory /workdir/hadoop-ozone/integration-test/target/test-dir/MiniOzoneClusterImpl-e985e272-9a55-4a46-95f9-9d7dad2521ff/datanode-2/data/ratis/a51cc9bd-66ba-4001-8ce2-b060742a2ba0: created new log segment /workdir/hadoop-ozone/integration-test/target/test-dir/MiniOzoneClusterImpl-e985e272-9a55-4a46-95f9-9d7dad2521ff/datanode-2/data/ratis/a51cc9bd-66ba-4001-8ce2-b060742a2ba0/current/log_inprogress_0
2019-09-19 09:02:00,797 [Thread-197] INFO  impl.FollowerState (FollowerState.java:run(106)) - 71867667-6e29-4129-8075-280da1fb250d:group-1BFCF7AAAD75 changes to CANDIDATE, lastRpcTime:5130, electionTimeout:5130ms
2019-09-19 09:02:00,797 [Thread-197] INFO  impl.RoleInfo (RoleInfo.java:shutdownFollowerState(121)) - 71867667-6e29-4129-8075-280da1fb250d: shutdown FollowerState
2019-09-19 09:02:00,797 [Thread-197] INFO  impl.RaftServerImpl (RaftServerImpl.java:setRole(171)) - 71867667-6e29-4129-8075-280da1fb250d:group-1BFCF7AAAD75 changes role from FOLLOWER to CANDIDATE at term 0 for changeToCandidate
2019-09-19 09:02:00,797 [Thread-197] INFO  impl.RoleInfo (RoleInfo.java:updateAndGet(143)) - 71867667-6e29-4129-8075-280da1fb250d: start LeaderElection
2019-09-19 09:02:00,800 [Thread-200] INFO  impl.FollowerState (FollowerState.java:run(106)) - 057e793c-281b-4dc7-88ef-622d16e5bee4:group-824C1C79773C changes to CANDIDATE, lastRpcTime:5083, electionTimeout:5083ms
2019-09-19 09:02:00,801 [Thread-200] INFO  impl.RoleInfo (RoleInfo.java:shutdownFollowerState(121)) - 057e793c-281b-4dc7-88ef-622d16e5bee4: shutdown FollowerState
2019-09-19 09:02:00,801 [Thread-200] INFO  impl.RaftServerImpl (RaftServerImpl.java:setRole(171)) - 057e793c-281b-4dc7-88ef-622d16e5bee4:group-824C1C79773C changes role from FOLLOWER to CANDIDATE at term 0 for changeToCandidate
2019-09-19 09:02:00,801 [Thread-200] INFO  impl.RoleInfo (RoleInfo.java:updateAndGet(143)) - 057e793c-281b-4dc7-88ef-622d16e5bee4: start LeaderElection
2019-09-19 09:02:00,812 [057e793c-281b-4dc7-88ef-622d16e5bee4:group-824C1C79773C:LeaderElection8] INFO  impl.LeaderElection (LeaderElection.java:askForVotes(181)) - 057e793c-281b-4dc7-88ef-622d16e5bee4:group-824C1C79773C:LeaderElection8: begin an election at term 1 for -1: [057e793c-281b-4dc7-88ef-622d16e5bee4:192.168.34.5:44787], old=null
2019-09-19 09:02:00,812 [71867667-6e29-4129-8075-280da1fb250d:group-1BFCF7AAAD75:LeaderElection7] INFO  impl.LeaderElection (LeaderElection.java:askForVotes(181)) - 71867667-6e29-4129-8075-280da1fb250d:group-1BFCF7AAAD75:LeaderElection7: begin an election at term 1 for -1: [71867667-6e29-4129-8075-280da1fb250d:192.168.34.5:39065], old=null
2019-09-19 09:02:00,812 [057e793c-281b-4dc7-88ef-622d16e5bee4:group-824C1C79773C:LeaderElection8] INFO  impl.RoleInfo (RoleInfo.java:shutdownLeaderElection(134)) - 057e793c-281b-4dc7-88ef-622d16e5bee4: shutdown LeaderElection
2019-09-19 09:02:00,813 [71867667-6e29-4129-8075-280da1fb250d:group-1BFCF7AAAD75:LeaderElection7] INFO  impl.RoleInfo (RoleInfo.java:shutdownLeaderElection(134)) - 71867667-6e29-4129-8075-280da1fb250d: shutdown LeaderElection
2019-09-19 09:02:00,813 [057e793c-281b-4dc7-88ef-622d16e5bee4:group-824C1C79773C:LeaderElection8] INFO  impl.RaftServerImpl (RaftServerImpl.java:setRole(171)) - 057e793c-281b-4dc7-88ef-622d16e5bee4:group-824C1C79773C changes role from CANDIDATE to LEADER at term 1 for changeToLeader
2019-09-19 09:02:00,813 [71867667-6e29-4129-8075-280da1fb250d:group-1BFCF7AAAD75:LeaderElection7] INFO  impl.RaftServerImpl (RaftServerImpl.java:setRole(171)) - 71867667-6e29-4129-8075-280da1fb250d:group-1BFCF7AAAD75 changes role from CANDIDATE to LEADER at term 1 for changeToLeader
2019-09-19 09:02:00,813 [057e793c-281b-4dc7-88ef-622d16e5bee4:group-824C1C79773C:LeaderElection8] INFO  impl.RaftServerImpl (ServerState.java:setLeader(263)) - 057e793c-281b-4dc7-88ef-622d16e5bee4:group-824C1C79773C change Leader from null to 057e793c-281b-4dc7-88ef-622d16e5bee4 at term 1 for becomeLeader, leader elected after 5099ms
2019-09-19 09:02:00,813 [71867667-6e29-4129-8075-280da1fb250d:group-1BFCF7AAAD75:LeaderElection7] INFO  impl.RaftServerImpl (ServerState.java:setLeader(263)) - 71867667-6e29-4129-8075-280da1fb250d:group-1BFCF7AAAD75 change Leader from null to 71867667-6e29-4129-8075-280da1fb250d at term 1 for becomeLeader, leader elected after 5150ms
2019-09-19 09:02:00,813 [057e793c-281b-4dc7-88ef-622d16e5bee4:group-824C1C79773C:LeaderElection8] INFO  server.RaftServerConfigKeys (ConfUtils.java:logGet(43)) - raft.server.staging.catchup.gap = 1000 (default)
2019-09-19 09:02:00,813 [71867667-6e29-4129-8075-280da1fb250d:group-1BFCF7AAAD75:LeaderElection7] INFO  server.RaftServerConfigKeys (ConfUtils.java:logGet(43)) - raft.server.staging.catchup.gap = 1000 (default)
2019-09-19 09:02:00,813 [057e793c-281b-4dc7-88ef-622d16e5bee4:group-824C1C79773C:LeaderElection8] INFO  server.RaftServerConfigKeys (ConfUtils.java:logGet(43)) - raft.server.rpc.sleep.time = 25ms (default)
2019-09-19 09:02:00,813 [71867667-6e29-4129-8075-280da1fb250d:group-1BFCF7AAAD75:LeaderElection7] INFO  server.RaftServerConfigKeys (ConfUtils.java:logGet(43)) - raft.server.rpc.sleep.time = 25ms (default)
2019-09-19 09:02:00,813 [057e793c-281b-4dc7-88ef-622d16e5bee4:group-824C1C79773C:LeaderElection8] INFO  server.RaftServerConfigKeys (ConfUtils.java:logGet(43)) - raft.server.write.element-limit = 4096 (default)
2019-09-19 09:02:00,813 [71867667-6e29-4129-8075-280da1fb250d:group-1BFCF7AAAD75:LeaderElection7] INFO  server.RaftServerConfigKeys (ConfUtils.java:logGet(43)) - raft.server.write.element-limit = 4096 (default)
2019-09-19 09:02:00,814 [057e793c-281b-4dc7-88ef-622d16e5bee4:group-824C1C79773C:LeaderElection8] INFO  server.RaftServerConfigKeys (ConfUtils.java:logGet(43)) - raft.server.watch.timeout = 10s (default)
2019-09-19 09:02:00,814 [71867667-6e29-4129-8075-280da1fb250d:group-1BFCF7AAAD75:LeaderElection7] INFO  server.RaftServerConfigKeys (ConfUtils.java:logGet(43)) - raft.server.watch.timeout = 10s (default)
2019-09-19 09:02:00,814 [057e793c-281b-4dc7-88ef-622d16e5bee4:group-824C1C79773C:LeaderElection8] INFO  server.RaftServerConfigKeys (ConfUtils.java:logGet(43)) - raft.server.watch.timeout.denomination = 1s (default)
2019-09-19 09:02:00,814 [71867667-6e29-4129-8075-280da1fb250d:group-1BFCF7AAAD75:LeaderElection7] INFO  server.RaftServerConfigKeys (ConfUtils.java:logGet(43)) - raft.server.watch.timeout.denomination = 1s (default)
2019-09-19 09:02:00,814 [057e793c-281b-4dc7-88ef-622d16e5bee4:group-824C1C79773C:LeaderElection8] INFO  server.RaftServerConfigKeys (ConfUtils.java:logGet(43)) - raft.server.watch.element-limit = 65536 (default)
2019-09-19 09:02:00,814 [71867667-6e29-4129-8075-280da1fb250d:group-1BFCF7AAAD75:LeaderElection7] INFO  server.RaftServerConfigKeys (ConfUtils.java:logGet(43)) - raft.server.watch.element-limit = 65536 (default)
2019-09-19 09:02:00,814 [057e793c-281b-4dc7-88ef-622d16e5bee4:group-824C1C79773C:LeaderElection8] INFO  impl.RoleInfo (RoleInfo.java:updateAndGet(143)) - 057e793c-281b-4dc7-88ef-622d16e5bee4: start LeaderState
2019-09-19 09:02:00,815 [71867667-6e29-4129-8075-280da1fb250d:group-1BFCF7AAAD75:LeaderElection7] INFO  impl.RoleInfo (RoleInfo.java:updateAndGet(143)) - 71867667-6e29-4129-8075-280da1fb250d: start LeaderState
2019-09-19 09:02:00,815 [057e793c-281b-4dc7-88ef-622d16e5bee4:group-824C1C79773C:LeaderElection8] INFO  segmented.SegmentedRaftLogWorker (SegmentedRaftLogWorker.java:startLogSegment(380)) - 057e793c-281b-4dc7-88ef-622d16e5bee4-SegmentedRaftLogWorker:Storage Directory /workdir/hadoop-ozone/integration-test/target/test-dir/MiniOzoneClusterImpl-e985e272-9a55-4a46-95f9-9d7dad2521ff/datanode-1/data/ratis/4b78fff3-9446-4826-8213-824c1c79773c: Starting segment from index:0
2019-09-19 09:02:00,815 [71867667-6e29-4129-8075-280da1fb250d:group-1BFCF7AAAD75:LeaderElection7] INFO  segmented.SegmentedRaftLogWorker (SegmentedRaftLogWorker.java:startLogSegment(380)) - 71867667-6e29-4129-8075-280da1fb250d-SegmentedRaftLogWorker:Storage Directory /workdir/hadoop-ozone/integration-test/target/test-dir/MiniOzoneClusterImpl-e985e272-9a55-4a46-95f9-9d7dad2521ff/datanode-0/data/ratis/cc597b99-d559-463c-ad31-1bfcf7aaad75: Starting segment from index:0
2019-09-19 09:02:00,815 [057e793c-281b-4dc7-88ef-622d16e5bee4:group-824C1C79773C:LeaderElection8] INFO  impl.RaftServerImpl (ServerState.java:setRaftConf(361)) - 057e793c-281b-4dc7-88ef-622d16e5bee4:group-824C1C79773C set configuration 0: [057e793c-281b-4dc7-88ef-622d16e5bee4:192.168.34.5:44787], old=null at 0
2019-09-19 09:02:00,846 [Thread-203] INFO  impl.FollowerState (FollowerState.java:run(106)) - 057e793c-281b-4dc7-88ef-622d16e5bee4:group-F29C3738D5D0 changes to CANDIDATE, lastRpcTime:5085, electionTimeout:5057ms
2019-09-19 09:02:00,847 [Thread-203] INFO  impl.RoleInfo (RoleInfo.java:shutdownFollowerState(121)) - 057e793c-281b-4dc7-88ef-622d16e5bee4: shutdown FollowerState
2019-09-19 09:02:00,847 [Thread-203] INFO  impl.RaftServerImpl (RaftServerImpl.java:setRole(171)) - 057e793c-281b-4dc7-88ef-622d16e5bee4:group-F29C3738D5D0 changes role from FOLLOWER to CANDIDATE at term 0 for changeToCandidate
2019-09-19 09:02:00,847 [71867667-6e29-4129-8075-280da1fb250d:group-1BFCF7AAAD75:LeaderElection7] INFO  impl.RaftServerImpl (ServerState.java:setRaftConf(361)) - 71867667-6e29-4129-8075-280da1fb250d:group-1BFCF7AAAD75 set configuration 0: [71867667-6e29-4129-8075-280da1fb250d:192.168.34.5:39065], old=null at 0
2019-09-19 09:02:00,847 [Thread-203] INFO  impl.RoleInfo (RoleInfo.java:updateAndGet(143)) - 057e793c-281b-4dc7-88ef-622d16e5bee4: start LeaderElection
2019-09-19 09:02:00,860 [71867667-6e29-4129-8075-280da1fb250d-SegmentedRaftLogWorker:Storage Directory /workdir/hadoop-ozone/integration-test/target/test-dir/MiniOzoneClusterImpl-e985e272-9a55-4a46-95f9-9d7dad2521ff/datanode-0/data/ratis/cc597b99-d559-463c-ad31-1bfcf7aaad75] INFO  segmented.SegmentedRaftLogWorker (SegmentedRaftLogWorker.java:execute(569)) - 71867667-6e29-4129-8075-280da1fb250d-SegmentedRaftLogWorker:Storage Directory /workdir/hadoop-ozone/integration-test/target/test-dir/MiniOzoneClusterImpl-e985e272-9a55-4a46-95f9-9d7dad2521ff/datanode-0/data/ratis/cc597b99-d559-463c-ad31-1bfcf7aaad75: created new log segment /workdir/hadoop-ozone/integration-test/target/test-dir/MiniOzoneClusterImpl-e985e272-9a55-4a46-95f9-9d7dad2521ff/datanode-0/data/ratis/cc597b99-d559-463c-ad31-1bfcf7aaad75/current/log_inprogress_0
2019-09-19 09:02:00,860 [057e793c-281b-4dc7-88ef-622d16e5bee4:group-F29C3738D5D0:LeaderElection9] INFO  impl.LeaderElection (LeaderElection.java:askForVotes(181)) - 057e793c-281b-4dc7-88ef-622d16e5bee4:group-F29C3738D5D0:LeaderElection9: begin an election at term 1 for -1: [057e793c-281b-4dc7-88ef-622d16e5bee4:192.168.34.5:44787], old=null
2019-09-19 09:02:00,860 [057e793c-281b-4dc7-88ef-622d16e5bee4-SegmentedRaftLogWorker:Storage Directory /workdir/hadoop-ozone/integration-test/target/test-dir/MiniOzoneClusterImpl-e985e272-9a55-4a46-95f9-9d7dad2521ff/datanode-1/data/ratis/4b78fff3-9446-4826-8213-824c1c79773c] INFO  segmented.SegmentedRaftLogWorker (SegmentedRaftLogWorker.java:execute(569)) - 057e793c-281b-4dc7-88ef-622d16e5bee4-SegmentedRaftLogWorker:Storage Directory /workdir/hadoop-ozone/integration-test/target/test-dir/MiniOzoneClusterImpl-e985e272-9a55-4a46-95f9-9d7dad2521ff/datanode-1/data/ratis/4b78fff3-9446-4826-8213-824c1c79773c: created new log segment /workdir/hadoop-ozone/integration-test/target/test-dir/MiniOzoneClusterImpl-e985e272-9a55-4a46-95f9-9d7dad2521ff/datanode-1/data/ratis/4b78fff3-9446-4826-8213-824c1c79773c/current/log_inprogress_0
2019-09-19 09:02:00,861 [057e793c-281b-4dc7-88ef-622d16e5bee4:group-F29C3738D5D0:LeaderElection9] INFO  impl.RoleInfo (RoleInfo.java:shutdownLeaderElection(134)) - 057e793c-281b-4dc7-88ef-622d16e5bee4: shutdown LeaderElection
2019-09-19 09:02:00,861 [057e793c-281b-4dc7-88ef-622d16e5bee4:group-F29C3738D5D0:LeaderElection9] INFO  impl.RaftServerImpl (RaftServerImpl.java:setRole(171)) - 057e793c-281b-4dc7-88ef-622d16e5bee4:group-F29C3738D5D0 changes role from CANDIDATE to LEADER at term 1 for changeToLeader
2019-09-19 09:02:00,862 [057e793c-281b-4dc7-88ef-622d16e5bee4:group-F29C3738D5D0:LeaderElection9] INFO  impl.RaftServerImpl (ServerState.java:setLeader(263)) - 057e793c-281b-4dc7-88ef-622d16e5bee4:group-F29C3738D5D0 change Leader from null to 057e793c-281b-4dc7-88ef-622d16e5bee4 at term 1 for becomeLeader, leader elected after 5103ms
2019-09-19 09:02:00,862 [057e793c-281b-4dc7-88ef-622d16e5bee4:group-F29C3738D5D0:LeaderElection9] INFO  server.RaftServerConfigKeys (ConfUtils.java:logGet(43)) - raft.server.staging.catchup.gap = 1000 (default)
2019-09-19 09:02:00,862 [057e793c-281b-4dc7-88ef-622d16e5bee4:group-F29C3738D5D0:LeaderElection9] INFO  server.RaftServerConfigKeys (ConfUtils.java:logGet(43)) - raft.server.rpc.sleep.time = 25ms (default)
2019-09-19 09:02:00,862 [057e793c-281b-4dc7-88ef-622d16e5bee4:group-F29C3738D5D0:LeaderElection9] INFO  server.RaftServerConfigKeys (ConfUtils.java:logGet(43)) - raft.server.write.element-limit = 4096 (default)
2019-09-19 09:02:00,862 [057e793c-281b-4dc7-88ef-622d16e5bee4:group-F29C3738D5D0:LeaderElection9] INFO  server.RaftServerConfigKeys (ConfUtils.java:logGet(43)) - raft.server.watch.timeout = 10s (default)
2019-09-19 09:02:00,862 [057e793c-281b-4dc7-88ef-622d16e5bee4:group-F29C3738D5D0:LeaderElection9] INFO  server.RaftServerConfigKeys (ConfUtils.java:logGet(43)) - raft.server.watch.timeout.denomination = 1s (default)
2019-09-19 09:02:00,862 [057e793c-281b-4dc7-88ef-622d16e5bee4:group-F29C3738D5D0:LeaderElection9] INFO  server.RaftServerConfigKeys (ConfUtils.java:logGet(43)) - raft.server.watch.element-limit = 65536 (default)
2019-09-19 09:02:00,863 [057e793c-281b-4dc7-88ef-622d16e5bee4:group-F29C3738D5D0:LeaderElection9] INFO  impl.RoleInfo (RoleInfo.java:updateAndGet(143)) - 057e793c-281b-4dc7-88ef-622d16e5bee4: start LeaderState
2019-09-19 09:02:00,863 [057e793c-281b-4dc7-88ef-622d16e5bee4:group-F29C3738D5D0:LeaderElection9] INFO  segmented.SegmentedRaftLogWorker (SegmentedRaftLogWorker.java:startLogSegment(380)) - 057e793c-281b-4dc7-88ef-622d16e5bee4-SegmentedRaftLogWorker:Storage Directory /workdir/hadoop-ozone/integration-test/target/test-dir/MiniOzoneClusterImpl-e985e272-9a55-4a46-95f9-9d7dad2521ff/datanode-1/data/ratis/32390fa8-11b1-4c8f-aacd-f29c3738d5d0: Starting segment from index:0
2019-09-19 09:02:00,863 [057e793c-281b-4dc7-88ef-622d16e5bee4:group-F29C3738D5D0:LeaderElection9] INFO  impl.RaftServerImpl (ServerState.java:setRaftConf(361)) - 057e793c-281b-4dc7-88ef-622d16e5bee4:group-F29C3738D5D0 set configuration 0: [057e793c-281b-4dc7-88ef-622d16e5bee4:192.168.34.5:44787], old=null at 0
2019-09-19 09:02:00,895 [Thread-206] INFO  impl.FollowerState (FollowerState.java:run(106)) - 477c0686-3f3a-41e4-8702-e2a67c6cb8b9:group-F32898F3C6FC changes to CANDIDATE, lastRpcTime:5081, electionTimeout:5079ms
2019-09-19 09:02:00,896 [Thread-206] INFO  impl.RoleInfo (RoleInfo.java:shutdownFollowerState(121)) - 477c0686-3f3a-41e4-8702-e2a67c6cb8b9: shutdown FollowerState
2019-09-19 09:02:00,896 [Thread-206] INFO  impl.RaftServerImpl (RaftServerImpl.java:setRole(171)) - 477c0686-3f3a-41e4-8702-e2a67c6cb8b9:group-F32898F3C6FC changes role from FOLLOWER to CANDIDATE at term 0 for changeToCandidate
2019-09-19 09:02:00,896 [Thread-206] INFO  impl.RoleInfo (RoleInfo.java:updateAndGet(143)) - 477c0686-3f3a-41e4-8702-e2a67c6cb8b9: start LeaderElection
2019-09-19 09:02:00,905 [057e793c-281b-4dc7-88ef-622d16e5bee4-SegmentedRaftLogWorker:Storage Directory /workdir/hadoop-ozone/integration-test/target/test-dir/MiniOzoneClusterImpl-e985e272-9a55-4a46-95f9-9d7dad2521ff/datanode-1/data/ratis/32390fa8-11b1-4c8f-aacd-f29c3738d5d0] INFO  segmented.SegmentedRaftLogWorker (SegmentedRaftLogWorker.java:execute(569)) - 057e793c-281b-4dc7-88ef-622d16e5bee4-SegmentedRaftLogWorker:Storage Directory /workdir/hadoop-ozone/integration-test/target/test-dir/MiniOzoneClusterImpl-e985e272-9a55-4a46-95f9-9d7dad2521ff/datanode-1/data/ratis/32390fa8-11b1-4c8f-aacd-f29c3738d5d0: created new log segment /workdir/hadoop-ozone/integration-test/target/test-dir/MiniOzoneClusterImpl-e985e272-9a55-4a46-95f9-9d7dad2521ff/datanode-1/data/ratis/32390fa8-11b1-4c8f-aacd-f29c3738d5d0/current/log_inprogress_0
2019-09-19 09:02:00,905 [477c0686-3f3a-41e4-8702-e2a67c6cb8b9:group-F32898F3C6FC:LeaderElection10] INFO  impl.LeaderElection (LeaderElection.java:askForVotes(181)) - 477c0686-3f3a-41e4-8702-e2a67c6cb8b9:group-F32898F3C6FC:LeaderElection10: begin an election at term 1 for -1: [477c0686-3f3a-41e4-8702-e2a67c6cb8b9:192.168.34.5:41600], old=null
2019-09-19 09:02:00,905 [477c0686-3f3a-41e4-8702-e2a67c6cb8b9:group-F32898F3C6FC:LeaderElection10] INFO  impl.RoleInfo (RoleInfo.java:shutdownLeaderElection(134)) - 477c0686-3f3a-41e4-8702-e2a67c6cb8b9: shutdown LeaderElection
2019-09-19 09:02:00,905 [477c0686-3f3a-41e4-8702-e2a67c6cb8b9:group-F32898F3C6FC:LeaderElection10] INFO  impl.RaftServerImpl (RaftServerImpl.java:setRole(171)) - 477c0686-3f3a-41e4-8702-e2a67c6cb8b9:group-F32898F3C6FC changes role from CANDIDATE to LEADER at term 1 for changeToLeader
2019-09-19 09:02:00,905 [477c0686-3f3a-41e4-8702-e2a67c6cb8b9:group-F32898F3C6FC:LeaderElection10] INFO  impl.RaftServerImpl (ServerState.java:setLeader(263)) - 477c0686-3f3a-41e4-8702-e2a67c6cb8b9:group-F32898F3C6FC change Leader from null to 477c0686-3f3a-41e4-8702-e2a67c6cb8b9 at term 1 for becomeLeader, leader elected after 5095ms
2019-09-19 09:02:00,905 [477c0686-3f3a-41e4-8702-e2a67c6cb8b9:group-F32898F3C6FC:LeaderElection10] INFO  server.RaftServerConfigKeys (ConfUtils.java:logGet(43)) - raft.server.staging.catchup.gap = 1000 (default)
2019-09-19 09:02:00,906 [477c0686-3f3a-41e4-8702-e2a67c6cb8b9:group-F32898F3C6FC:LeaderElection10] INFO  server.RaftServerConfigKeys (ConfUtils.java:logGet(43)) - raft.server.rpc.sleep.time = 25ms (default)
2019-09-19 09:02:00,906 [477c0686-3f3a-41e4-8702-e2a67c6cb8b9:group-F32898F3C6FC:LeaderElection10] INFO  server.RaftServerConfigKeys (ConfUtils.java:logGet(43)) - raft.server.write.element-limit = 4096 (default)
2019-09-19 09:02:00,906 [477c0686-3f3a-41e4-8702-e2a67c6cb8b9:group-F32898F3C6FC:LeaderElection10] INFO  server.RaftServerConfigKeys (ConfUtils.java:logGet(43)) - raft.server.watch.timeout = 10s (default)
2019-09-19 09:02:00,906 [477c0686-3f3a-41e4-8702-e2a67c6cb8b9:group-F32898F3C6FC:LeaderElection10] INFO  server.RaftServerConfigKeys (ConfUtils.java:logGet(43)) - raft.server.watch.timeout.denomination = 1s (default)
2019-09-19 09:02:00,906 [477c0686-3f3a-41e4-8702-e2a67c6cb8b9:group-F32898F3C6FC:LeaderElection10] INFO  server.RaftServerConfigKeys (ConfUtils.java:logGet(43)) - raft.server.watch.element-limit = 65536 (default)
2019-09-19 09:02:00,906 [477c0686-3f3a-41e4-8702-e2a67c6cb8b9:group-F32898F3C6FC:LeaderElection10] INFO  impl.RoleInfo (RoleInfo.java:updateAndGet(143)) - 477c0686-3f3a-41e4-8702-e2a67c6cb8b9: start LeaderState
2019-09-19 09:02:00,907 [477c0686-3f3a-41e4-8702-e2a67c6cb8b9:group-F32898F3C6FC:LeaderElection10] INFO  segmented.SegmentedRaftLogWorker (SegmentedRaftLogWorker.java:startLogSegment(380)) - 477c0686-3f3a-41e4-8702-e2a67c6cb8b9-SegmentedRaftLogWorker:Storage Directory /workdir/hadoop-ozone/integration-test/target/test-dir/MiniOzoneClusterImpl-e985e272-9a55-4a46-95f9-9d7dad2521ff/datanode-2/data/ratis/6b9b9534-117a-4847-b343-f32898f3c6fc: Starting segment from index:0
2019-09-19 09:02:00,907 [477c0686-3f3a-41e4-8702-e2a67c6cb8b9:group-F32898F3C6FC:LeaderElection10] INFO  impl.RaftServerImpl (ServerState.java:setRaftConf(361)) - 477c0686-3f3a-41e4-8702-e2a67c6cb8b9:group-F32898F3C6FC set configuration 0: [477c0686-3f3a-41e4-8702-e2a67c6cb8b9:192.168.34.5:41600], old=null at 0
2019-09-19 09:02:00,932 [Thread-209] INFO  impl.FollowerState (FollowerState.java:run(106)) - 477c0686-3f3a-41e4-8702-e2a67c6cb8b9:group-9154CE27DF65 changes to CANDIDATE, lastRpcTime:5069, electionTimeout:5067ms
2019-09-19 09:02:00,933 [Thread-209] INFO  impl.RoleInfo (RoleInfo.java:shutdownFollowerState(121)) - 477c0686-3f3a-41e4-8702-e2a67c6cb8b9: shutdown FollowerState
2019-09-19 09:02:00,933 [Thread-209] INFO  impl.RaftServerImpl (RaftServerImpl.java:setRole(171)) - 477c0686-3f3a-41e4-8702-e2a67c6cb8b9:group-9154CE27DF65 changes role from FOLLOWER to CANDIDATE at term 0 for changeToCandidate
2019-09-19 09:02:00,934 [Thread-209] INFO  impl.RoleInfo (RoleInfo.java:updateAndGet(143)) - 477c0686-3f3a-41e4-8702-e2a67c6cb8b9: start LeaderElection
2019-09-19 09:02:00,945 [477c0686-3f3a-41e4-8702-e2a67c6cb8b9-SegmentedRaftLogWorker:Storage Directory /workdir/hadoop-ozone/integration-test/target/test-dir/MiniOzoneClusterImpl-e985e272-9a55-4a46-95f9-9d7dad2521ff/datanode-2/data/ratis/6b9b9534-117a-4847-b343-f32898f3c6fc] INFO  segmented.SegmentedRaftLogWorker (SegmentedRaftLogWorker.java:execute(569)) - 477c0686-3f3a-41e4-8702-e2a67c6cb8b9-SegmentedRaftLogWorker:Storage Directory /workdir/hadoop-ozone/integration-test/target/test-dir/MiniOzoneClusterImpl-e985e272-9a55-4a46-95f9-9d7dad2521ff/datanode-2/data/ratis/6b9b9534-117a-4847-b343-f32898f3c6fc: created new log segment /workdir/hadoop-ozone/integration-test/target/test-dir/MiniOzoneClusterImpl-e985e272-9a55-4a46-95f9-9d7dad2521ff/datanode-2/data/ratis/6b9b9534-117a-4847-b343-f32898f3c6fc/current/log_inprogress_0
2019-09-19 09:02:00,945 [477c0686-3f3a-41e4-8702-e2a67c6cb8b9:group-9154CE27DF65:LeaderElection11] INFO  impl.LeaderElection (LeaderElection.java:askForVotes(181)) - 477c0686-3f3a-41e4-8702-e2a67c6cb8b9:group-9154CE27DF65:LeaderElection11: begin an election at term 1 for -1: [477c0686-3f3a-41e4-8702-e2a67c6cb8b9:192.168.34.5:41600], old=null
2019-09-19 09:02:00,945 [477c0686-3f3a-41e4-8702-e2a67c6cb8b9:group-9154CE27DF65:LeaderElection11] INFO  impl.RoleInfo (RoleInfo.java:shutdownLeaderElection(134)) - 477c0686-3f3a-41e4-8702-e2a67c6cb8b9: shutdown LeaderElection
2019-09-19 09:02:00,945 [477c0686-3f3a-41e4-8702-e2a67c6cb8b9:group-9154CE27DF65:LeaderElection11] INFO  impl.RaftServerImpl (RaftServerImpl.java:setRole(171)) - 477c0686-3f3a-41e4-8702-e2a67c6cb8b9:group-9154CE27DF65 changes role from CANDIDATE to LEADER at term 1 for changeToLeader
2019-09-19 09:02:00,945 [477c0686-3f3a-41e4-8702-e2a67c6cb8b9:group-9154CE27DF65:LeaderElection11] INFO  impl.RaftServerImpl (ServerState.java:setLeader(263)) - 477c0686-3f3a-41e4-8702-e2a67c6cb8b9:group-9154CE27DF65 change Leader from null to 477c0686-3f3a-41e4-8702-e2a67c6cb8b9 at term 1 for becomeLeader, leader elected after 5085ms
2019-09-19 09:02:00,945 [477c0686-3f3a-41e4-8702-e2a67c6cb8b9:group-9154CE27DF65:LeaderElection11] INFO  server.RaftServerConfigKeys (ConfUtils.java:logGet(43)) - raft.server.staging.catchup.gap = 1000 (default)
2019-09-19 09:02:00,945 [477c0686-3f3a-41e4-8702-e2a67c6cb8b9:group-9154CE27DF65:LeaderElection11] INFO  server.RaftServerConfigKeys (ConfUtils.java:logGet(43)) - raft.server.rpc.sleep.time = 25ms (default)
2019-09-19 09:02:00,946 [477c0686-3f3a-41e4-8702-e2a67c6cb8b9:group-9154CE27DF65:LeaderElection11] INFO  server.RaftServerConfigKeys (ConfUtils.java:logGet(43)) - raft.server.write.element-limit = 4096 (default)
2019-09-19 09:02:00,946 [477c0686-3f3a-41e4-8702-e2a67c6cb8b9:group-9154CE27DF65:LeaderElection11] INFO  server.RaftServerConfigKeys (ConfUtils.java:logGet(43)) - raft.server.watch.timeout = 10s (default)
2019-09-19 09:02:00,946 [477c0686-3f3a-41e4-8702-e2a67c6cb8b9:group-9154CE27DF65:LeaderElection11] INFO  server.RaftServerConfigKeys (ConfUtils.java:logGet(43)) - raft.server.watch.timeout.denomination = 1s (default)
2019-09-19 09:02:00,946 [477c0686-3f3a-41e4-8702-e2a67c6cb8b9:group-9154CE27DF65:LeaderElection11] INFO  server.RaftServerConfigKeys (ConfUtils.java:logGet(43)) - raft.server.watch.element-limit = 65536 (default)
2019-09-19 09:02:00,946 [477c0686-3f3a-41e4-8702-e2a67c6cb8b9:group-9154CE27DF65:LeaderElection11] INFO  impl.RoleInfo (RoleInfo.java:updateAndGet(143)) - 477c0686-3f3a-41e4-8702-e2a67c6cb8b9: start LeaderState
2019-09-19 09:02:00,946 [477c0686-3f3a-41e4-8702-e2a67c6cb8b9:group-9154CE27DF65:LeaderElection11] INFO  segmented.SegmentedRaftLogWorker (SegmentedRaftLogWorker.java:startLogSegment(380)) - 477c0686-3f3a-41e4-8702-e2a67c6cb8b9-SegmentedRaftLogWorker:Storage Directory /workdir/hadoop-ozone/integration-test/target/test-dir/MiniOzoneClusterImpl-e985e272-9a55-4a46-95f9-9d7dad2521ff/datanode-2/data/ratis/7cdb6dab-0b05-4421-b977-9154ce27df65: Starting segment from index:0
2019-09-19 09:02:00,947 [477c0686-3f3a-41e4-8702-e2a67c6cb8b9:group-9154CE27DF65:LeaderElection11] INFO  impl.RaftServerImpl (ServerState.java:setRaftConf(361)) - 477c0686-3f3a-41e4-8702-e2a67c6cb8b9:group-9154CE27DF65 set configuration 0: [477c0686-3f3a-41e4-8702-e2a67c6cb8b9:192.168.34.5:41600], old=null at 0
2019-09-19 09:02:00,987 [477c0686-3f3a-41e4-8702-e2a67c6cb8b9-SegmentedRaftLogWorker:Storage Directory /workdir/hadoop-ozone/integration-test/target/test-dir/MiniOzoneClusterImpl-e985e272-9a55-4a46-95f9-9d7dad2521ff/datanode-2/data/ratis/7cdb6dab-0b05-4421-b977-9154ce27df65] INFO  segmented.SegmentedRaftLogWorker (SegmentedRaftLogWorker.java:execute(569)) - 477c0686-3f3a-41e4-8702-e2a67c6cb8b9-SegmentedRaftLogWorker:Storage Directory /workdir/hadoop-ozone/integration-test/target/test-dir/MiniOzoneClusterImpl-e985e272-9a55-4a46-95f9-9d7dad2521ff/datanode-2/data/ratis/7cdb6dab-0b05-4421-b977-9154ce27df65: created new log segment /workdir/hadoop-ozone/integration-test/target/test-dir/MiniOzoneClusterImpl-e985e272-9a55-4a46-95f9-9d7dad2521ff/datanode-2/data/ratis/7cdb6dab-0b05-4421-b977-9154ce27df65/current/log_inprogress_0
2019-09-19 09:02:00,990 [Thread-212] INFO  impl.FollowerState (FollowerState.java:run(106)) - 71867667-6e29-4129-8075-280da1fb250d:group-FD0AB4364063 changes to CANDIDATE, lastRpcTime:5085, electionTimeout:5085ms
2019-09-19 09:02:00,990 [Thread-212] INFO  impl.RoleInfo (RoleInfo.java:shutdownFollowerState(121)) - 71867667-6e29-4129-8075-280da1fb250d: shutdown FollowerState
2019-09-19 09:02:00,990 [Thread-212] INFO  impl.RaftServerImpl (RaftServerImpl.java:setRole(171)) - 71867667-6e29-4129-8075-280da1fb250d:group-FD0AB4364063 changes role from FOLLOWER to CANDIDATE at term 0 for changeToCandidate
2019-09-19 09:02:00,991 [Thread-212] INFO  impl.RoleInfo (RoleInfo.java:updateAndGet(143)) - 71867667-6e29-4129-8075-280da1fb250d: start LeaderElection
2019-09-19 09:02:01,001 [71867667-6e29-4129-8075-280da1fb250d:group-FD0AB4364063:LeaderElection12] INFO  impl.LeaderElection (LeaderElection.java:askForVotes(181)) - 71867667-6e29-4129-8075-280da1fb250d:group-FD0AB4364063:LeaderElection12: begin an election at term 1 for -1: [71867667-6e29-4129-8075-280da1fb250d:192.168.34.5:39065], old=null
2019-09-19 09:02:01,003 [71867667-6e29-4129-8075-280da1fb250d:group-FD0AB4364063:LeaderElection12] INFO  impl.RoleInfo (RoleInfo.java:shutdownLeaderElection(134)) - 71867667-6e29-4129-8075-280da1fb250d: shutdown LeaderElection
2019-09-19 09:02:01,003 [71867667-6e29-4129-8075-280da1fb250d:group-FD0AB4364063:LeaderElection12] INFO  impl.RaftServerImpl (RaftServerImpl.java:setRole(171)) - 71867667-6e29-4129-8075-280da1fb250d:group-FD0AB4364063 changes role from CANDIDATE to LEADER at term 1 for changeToLeader
2019-09-19 09:02:01,003 [71867667-6e29-4129-8075-280da1fb250d:group-FD0AB4364063:LeaderElection12] INFO  impl.RaftServerImpl (ServerState.java:setLeader(263)) - 71867667-6e29-4129-8075-280da1fb250d:group-FD0AB4364063 change Leader from null to 71867667-6e29-4129-8075-280da1fb250d at term 1 for becomeLeader, leader elected after 5103ms
2019-09-19 09:02:01,004 [71867667-6e29-4129-8075-280da1fb250d:group-FD0AB4364063:LeaderElection12] INFO  server.RaftServerConfigKeys (ConfUtils.java:logGet(43)) - raft.server.staging.catchup.gap = 1000 (default)
2019-09-19 09:02:01,004 [71867667-6e29-4129-8075-280da1fb250d:group-FD0AB4364063:LeaderElection12] INFO  server.RaftServerConfigKeys (ConfUtils.java:logGet(43)) - raft.server.rpc.sleep.time = 25ms (default)
2019-09-19 09:02:01,004 [71867667-6e29-4129-8075-280da1fb250d:group-FD0AB4364063:LeaderElection12] INFO  server.RaftServerConfigKeys (ConfUtils.java:logGet(43)) - raft.server.write.element-limit = 4096 (default)
2019-09-19 09:02:01,004 [71867667-6e29-4129-8075-280da1fb250d:group-FD0AB4364063:LeaderElection12] INFO  server.RaftServerConfigKeys (ConfUtils.java:logGet(43)) - raft.server.watch.timeout = 10s (default)
2019-09-19 09:02:01,004 [71867667-6e29-4129-8075-280da1fb250d:group-FD0AB4364063:LeaderElection12] INFO  server.RaftServerConfigKeys (ConfUtils.java:logGet(43)) - raft.server.watch.timeout.denomination = 1s (default)
2019-09-19 09:02:01,004 [71867667-6e29-4129-8075-280da1fb250d:group-FD0AB4364063:LeaderElection12] INFO  server.RaftServerConfigKeys (ConfUtils.java:logGet(43)) - raft.server.watch.element-limit = 65536 (default)
2019-09-19 09:02:01,005 [71867667-6e29-4129-8075-280da1fb250d:group-FD0AB4364063:LeaderElection12] INFO  impl.RoleInfo (RoleInfo.java:updateAndGet(143)) - 71867667-6e29-4129-8075-280da1fb250d: start LeaderState
2019-09-19 09:02:01,005 [71867667-6e29-4129-8075-280da1fb250d:group-FD0AB4364063:LeaderElection12] INFO  segmented.SegmentedRaftLogWorker (SegmentedRaftLogWorker.java:startLogSegment(380)) - 71867667-6e29-4129-8075-280da1fb250d-SegmentedRaftLogWorker:Storage Directory /workdir/hadoop-ozone/integration-test/target/test-dir/MiniOzoneClusterImpl-e985e272-9a55-4a46-95f9-9d7dad2521ff/datanode-0/data/ratis/8aa5ced1-263e-4e67-84e1-fd0ab4364063: Starting segment from index:0
2019-09-19 09:02:01,005 [71867667-6e29-4129-8075-280da1fb250d:group-FD0AB4364063:LeaderElection12] INFO  impl.RaftServerImpl (ServerState.java:setRaftConf(361)) - 71867667-6e29-4129-8075-280da1fb250d:group-FD0AB4364063 set configuration 0: [71867667-6e29-4129-8075-280da1fb250d:192.168.34.5:39065], old=null at 0
2019-09-19 09:02:01,030 [Thread-215] INFO  impl.FollowerState (FollowerState.java:run(106)) - 057e793c-281b-4dc7-88ef-622d16e5bee4:group-F8248E756149 changes to CANDIDATE, lastRpcTime:5065, electionTimeout:5052ms
2019-09-19 09:02:01,031 [Thread-215] INFO  impl.RoleInfo (RoleInfo.java:shutdownFollowerState(121)) - 057e793c-281b-4dc7-88ef-622d16e5bee4: shutdown FollowerState
2019-09-19 09:02:01,031 [Thread-215] INFO  impl.RaftServerImpl (RaftServerImpl.java:setRole(171)) - 057e793c-281b-4dc7-88ef-622d16e5bee4:group-F8248E756149 changes role from FOLLOWER to CANDIDATE at term 0 for changeToCandidate
2019-09-19 09:02:01,031 [Thread-215] INFO  impl.RoleInfo (RoleInfo.java:updateAndGet(143)) - 057e793c-281b-4dc7-88ef-622d16e5bee4: start LeaderElection
2019-09-19 09:02:01,037 [Thread-218] INFO  impl.FollowerState (FollowerState.java:run(106)) - 71867667-6e29-4129-8075-280da1fb250d:group-72ED493EA053 changes to CANDIDATE, lastRpcTime:5022, electionTimeout:5022ms
2019-09-19 09:02:01,037 [Thread-218] INFO  impl.RoleInfo (RoleInfo.java:shutdownFollowerState(121)) - 71867667-6e29-4129-8075-280da1fb250d: shutdown FollowerState
2019-09-19 09:02:01,037 [Thread-218] INFO  impl.RaftServerImpl (RaftServerImpl.java:setRole(171)) - 71867667-6e29-4129-8075-280da1fb250d:group-72ED493EA053 changes role from FOLLOWER to CANDIDATE at term 0 for changeToCandidate
2019-09-19 09:02:01,037 [Thread-218] INFO  impl.RoleInfo (RoleInfo.java:updateAndGet(143)) - 71867667-6e29-4129-8075-280da1fb250d: start LeaderElection
2019-09-19 09:02:01,043 [71867667-6e29-4129-8075-280da1fb250d-SegmentedRaftLogWorker:Storage Directory /workdir/hadoop-ozone/integration-test/target/test-dir/MiniOzoneClusterImpl-e985e272-9a55-4a46-95f9-9d7dad2521ff/datanode-0/data/ratis/8aa5ced1-263e-4e67-84e1-fd0ab4364063] INFO  segmented.SegmentedRaftLogWorker (SegmentedRaftLogWorker.java:execute(569)) - 71867667-6e29-4129-8075-280da1fb250d-SegmentedRaftLogWorker:Storage Directory /workdir/hadoop-ozone/integration-test/target/test-dir/MiniOzoneClusterImpl-e985e272-9a55-4a46-95f9-9d7dad2521ff/datanode-0/data/ratis/8aa5ced1-263e-4e67-84e1-fd0ab4364063: created new log segment /workdir/hadoop-ozone/integration-test/target/test-dir/MiniOzoneClusterImpl-e985e272-9a55-4a46-95f9-9d7dad2521ff/datanode-0/data/ratis/8aa5ced1-263e-4e67-84e1-fd0ab4364063/current/log_inprogress_0
2019-09-19 09:02:01,044 [057e793c-281b-4dc7-88ef-622d16e5bee4:group-F8248E756149:LeaderElection13] INFO  impl.LeaderElection (LeaderElection.java:askForVotes(181)) - 057e793c-281b-4dc7-88ef-622d16e5bee4:group-F8248E756149:LeaderElection13: begin an election at term 1 for -1: [057e793c-281b-4dc7-88ef-622d16e5bee4:192.168.34.5:44787], old=null
2019-09-19 09:02:01,044 [71867667-6e29-4129-8075-280da1fb250d:group-72ED493EA053:LeaderElection14] INFO  impl.LeaderElection (LeaderElection.java:askForVotes(181)) - 71867667-6e29-4129-8075-280da1fb250d:group-72ED493EA053:LeaderElection14: begin an election at term 1 for -1: [71867667-6e29-4129-8075-280da1fb250d:192.168.34.5:39065], old=null
2019-09-19 09:02:01,045 [057e793c-281b-4dc7-88ef-622d16e5bee4:group-F8248E756149:LeaderElection13] INFO  impl.RoleInfo (RoleInfo.java:shutdownLeaderElection(134)) - 057e793c-281b-4dc7-88ef-622d16e5bee4: shutdown LeaderElection
2019-09-19 09:02:01,045 [71867667-6e29-4129-8075-280da1fb250d:group-72ED493EA053:LeaderElection14] INFO  impl.RoleInfo (RoleInfo.java:shutdownLeaderElection(134)) - 71867667-6e29-4129-8075-280da1fb250d: shutdown LeaderElection
2019-09-19 09:02:01,045 [71867667-6e29-4129-8075-280da1fb250d:group-72ED493EA053:LeaderElection14] INFO  impl.RaftServerImpl (RaftServerImpl.java:setRole(171)) - 71867667-6e29-4129-8075-280da1fb250d:group-72ED493EA053 changes role from CANDIDATE to LEADER at term 1 for changeToLeader
2019-09-19 09:02:01,045 [71867667-6e29-4129-8075-280da1fb250d:group-72ED493EA053:LeaderElection14] INFO  impl.RaftServerImpl (ServerState.java:setLeader(263)) - 71867667-6e29-4129-8075-280da1fb250d:group-72ED493EA053 change Leader from null to 71867667-6e29-4129-8075-280da1fb250d at term 1 for becomeLeader, leader elected after 5033ms
2019-09-19 09:02:01,045 [057e793c-281b-4dc7-88ef-622d16e5bee4:group-F8248E756149:LeaderElection13] INFO  impl.RaftServerImpl (RaftServerImpl.java:setRole(171)) - 057e793c-281b-4dc7-88ef-622d16e5bee4:group-F8248E756149 changes role from CANDIDATE to LEADER at term 1 for changeToLeader
2019-09-19 09:02:01,046 [71867667-6e29-4129-8075-280da1fb250d:group-72ED493EA053:LeaderElection14] INFO  server.RaftServerConfigKeys (ConfUtils.java:logGet(43)) - raft.server.staging.catchup.gap = 1000 (default)
2019-09-19 09:02:01,046 [057e793c-281b-4dc7-88ef-622d16e5bee4:group-F8248E756149:LeaderElection13] INFO  impl.RaftServerImpl (ServerState.java:setLeader(263)) - 057e793c-281b-4dc7-88ef-622d16e5bee4:group-F8248E756149 change Leader from null to 057e793c-281b-4dc7-88ef-622d16e5bee4 at term 1 for becomeLeader, leader elected after 5086ms
2019-09-19 09:02:01,046 [71867667-6e29-4129-8075-280da1fb250d:group-72ED493EA053:LeaderElection14] INFO  server.RaftServerConfigKeys (ConfUtils.java:logGet(43)) - raft.server.rpc.sleep.time = 25ms (default)
2019-09-19 09:02:01,046 [057e793c-281b-4dc7-88ef-622d16e5bee4:group-F8248E756149:LeaderElection13] INFO  server.RaftServerConfigKeys (ConfUtils.java:logGet(43)) - raft.server.staging.catchup.gap = 1000 (default)
2019-09-19 09:02:01,046 | INFO  | SCMAudit | user=jenkins1000 | ip=192.168.34.5 | op=SEND_HEARTBEAT {datanodeUUID=477c0686-3f3a-41e4-8702-e2a67c6cb8b9, command=[]} | ret=SUCCESS |  
2019-09-19 09:02:01,046 [71867667-6e29-4129-8075-280da1fb250d:group-72ED493EA053:LeaderElection14] INFO  server.RaftServerConfigKeys (ConfUtils.java:logGet(43)) - raft.server.write.element-limit = 4096 (default)
2019-09-19 09:02:01,046 [057e793c-281b-4dc7-88ef-622d16e5bee4:group-F8248E756149:LeaderElection13] INFO  server.RaftServerConfigKeys (ConfUtils.java:logGet(43)) - raft.server.rpc.sleep.time = 25ms (default)
2019-09-19 09:02:01,047 [71867667-6e29-4129-8075-280da1fb250d:group-72ED493EA053:LeaderElection14] INFO  server.RaftServerConfigKeys (ConfUtils.java:logGet(43)) - raft.server.watch.timeout = 10s (default)
2019-09-19 09:02:01,048 [057e793c-281b-4dc7-88ef-622d16e5bee4:group-F8248E756149:LeaderElection13] INFO  server.RaftServerConfigKeys (ConfUtils.java:logGet(43)) - raft.server.write.element-limit = 4096 (default)
2019-09-19 09:02:01,048 [71867667-6e29-4129-8075-280da1fb250d:group-72ED493EA053:LeaderElection14] INFO  server.RaftServerConfigKeys (ConfUtils.java:logGet(43)) - raft.server.watch.timeout.denomination = 1s (default)
2019-09-19 09:02:01,048 [057e793c-281b-4dc7-88ef-622d16e5bee4:group-F8248E756149:LeaderElection13] INFO  server.RaftServerConfigKeys (ConfUtils.java:logGet(43)) - raft.server.watch.timeout = 10s (default)
2019-09-19 09:02:01,048 [71867667-6e29-4129-8075-280da1fb250d:group-72ED493EA053:LeaderElection14] INFO  server.RaftServerConfigKeys (ConfUtils.java:logGet(43)) - raft.server.watch.element-limit = 65536 (default)
2019-09-19 09:02:01,048 [057e793c-281b-4dc7-88ef-622d16e5bee4:group-F8248E756149:LeaderElection13] INFO  server.RaftServerConfigKeys (ConfUtils.java:logGet(43)) - raft.server.watch.timeout.denomination = 1s (default)
2019-09-19 09:02:01,048 [057e793c-281b-4dc7-88ef-622d16e5bee4:group-F8248E756149:LeaderElection13] INFO  server.RaftServerConfigKeys (ConfUtils.java:logGet(43)) - raft.server.watch.element-limit = 65536 (default)
2019-09-19 09:02:01,048 [71867667-6e29-4129-8075-280da1fb250d:group-72ED493EA053:LeaderElection14] INFO  impl.RoleInfo (RoleInfo.java:updateAndGet(143)) - 71867667-6e29-4129-8075-280da1fb250d: start LeaderState
2019-09-19 09:02:01,048 [057e793c-281b-4dc7-88ef-622d16e5bee4:group-F8248E756149:LeaderElection13] INFO  impl.RoleInfo (RoleInfo.java:updateAndGet(143)) - 057e793c-281b-4dc7-88ef-622d16e5bee4: start LeaderState
2019-09-19 09:02:01,049 [057e793c-281b-4dc7-88ef-622d16e5bee4:group-F8248E756149:LeaderElection13] INFO  segmented.SegmentedRaftLogWorker (SegmentedRaftLogWorker.java:startLogSegment(380)) - 057e793c-281b-4dc7-88ef-622d16e5bee4-SegmentedRaftLogWorker:Storage Directory /workdir/hadoop-ozone/integration-test/target/test-dir/MiniOzoneClusterImpl-e985e272-9a55-4a46-95f9-9d7dad2521ff/datanode-1/data/ratis/3c4cb354-a86a-47c3-80d4-f8248e756149: Starting segment from index:0
2019-09-19 09:02:01,049 [71867667-6e29-4129-8075-280da1fb250d:group-72ED493EA053:LeaderElection14] INFO  segmented.SegmentedRaftLogWorker (SegmentedRaftLogWorker.java:startLogSegment(380)) - 71867667-6e29-4129-8075-280da1fb250d-SegmentedRaftLogWorker:Storage Directory /workdir/hadoop-ozone/integration-test/target/test-dir/MiniOzoneClusterImpl-e985e272-9a55-4a46-95f9-9d7dad2521ff/datanode-0/data/ratis/5878b1e5-7b92-4872-9405-72ed493ea053: Starting segment from index:0
2019-09-19 09:02:01,049 [057e793c-281b-4dc7-88ef-622d16e5bee4:group-F8248E756149:LeaderElection13] INFO  impl.RaftServerImpl (ServerState.java:setRaftConf(361)) - 057e793c-281b-4dc7-88ef-622d16e5bee4:group-F8248E756149 set configuration 0: [057e793c-281b-4dc7-88ef-622d16e5bee4:192.168.34.5:44787], old=null at 0
2019-09-19 09:02:01,080 [71867667-6e29-4129-8075-280da1fb250d:group-72ED493EA053:LeaderElection14] INFO  impl.RaftServerImpl (ServerState.java:setRaftConf(361)) - 71867667-6e29-4129-8075-280da1fb250d:group-72ED493EA053 set configuration 0: [71867667-6e29-4129-8075-280da1fb250d:192.168.34.5:39065], old=null at 0
2019-09-19 09:02:01,109 [057e793c-281b-4dc7-88ef-622d16e5bee4-SegmentedRaftLogWorker:Storage Directory /workdir/hadoop-ozone/integration-test/target/test-dir/MiniOzoneClusterImpl-e985e272-9a55-4a46-95f9-9d7dad2521ff/datanode-1/data/ratis/3c4cb354-a86a-47c3-80d4-f8248e756149] INFO  segmented.SegmentedRaftLogWorker (SegmentedRaftLogWorker.java:execute(569)) - 057e793c-281b-4dc7-88ef-622d16e5bee4-SegmentedRaftLogWorker:Storage Directory /workdir/hadoop-ozone/integration-test/target/test-dir/MiniOzoneClusterImpl-e985e272-9a55-4a46-95f9-9d7dad2521ff/datanode-1/data/ratis/3c4cb354-a86a-47c3-80d4-f8248e756149: created new log segment /workdir/hadoop-ozone/integration-test/target/test-dir/MiniOzoneClusterImpl-e985e272-9a55-4a46-95f9-9d7dad2521ff/datanode-1/data/ratis/3c4cb354-a86a-47c3-80d4-f8248e756149/current/log_inprogress_0
2019-09-19 09:02:01,113 [71867667-6e29-4129-8075-280da1fb250d-SegmentedRaftLogWorker:Storage Directory /workdir/hadoop-ozone/integration-test/target/test-dir/MiniOzoneClusterImpl-e985e272-9a55-4a46-95f9-9d7dad2521ff/datanode-0/data/ratis/5878b1e5-7b92-4872-9405-72ed493ea053] INFO  segmented.SegmentedRaftLogWorker (SegmentedRaftLogWorker.java:execute(569)) - 71867667-6e29-4129-8075-280da1fb250d-SegmentedRaftLogWorker:Storage Directory /workdir/hadoop-ozone/integration-test/target/test-dir/MiniOzoneClusterImpl-e985e272-9a55-4a46-95f9-9d7dad2521ff/datanode-0/data/ratis/5878b1e5-7b92-4872-9405-72ed493ea053: created new log segment /workdir/hadoop-ozone/integration-test/target/test-dir/MiniOzoneClusterImpl-e985e272-9a55-4a46-95f9-9d7dad2521ff/datanode-0/data/ratis/5878b1e5-7b92-4872-9405-72ed493ea053/current/log_inprogress_0
2019-09-19 09:02:01,183 [Thread-225] INFO  impl.FollowerState (FollowerState.java:run(106)) - 477c0686-3f3a-41e4-8702-e2a67c6cb8b9:group-4AD6730B74B4 changes to CANDIDATE, lastRpcTime:5048, electionTimeout:5048ms
2019-09-19 09:02:01,185 [Thread-225] INFO  impl.RoleInfo (RoleInfo.java:shutdownFollowerState(121)) - 477c0686-3f3a-41e4-8702-e2a67c6cb8b9: shutdown FollowerState
2019-09-19 09:02:01,185 [Thread-225] INFO  impl.RaftServerImpl (RaftServerImpl.java:setRole(171)) - 477c0686-3f3a-41e4-8702-e2a67c6cb8b9:group-4AD6730B74B4 changes role from FOLLOWER to CANDIDATE at term 0 for changeToCandidate
2019-09-19 09:02:01,185 [Thread-225] INFO  impl.RoleInfo (RoleInfo.java:updateAndGet(143)) - 477c0686-3f3a-41e4-8702-e2a67c6cb8b9: start LeaderElection
2019-09-19 09:02:01,202 [477c0686-3f3a-41e4-8702-e2a67c6cb8b9:group-4AD6730B74B4:LeaderElection15] INFO  impl.LeaderElection (LeaderElection.java:askForVotes(181)) - 477c0686-3f3a-41e4-8702-e2a67c6cb8b9:group-4AD6730B74B4:LeaderElection15: begin an election at term 1 for -1: [477c0686-3f3a-41e4-8702-e2a67c6cb8b9:192.168.34.5:41600], old=null
2019-09-19 09:02:01,204 [477c0686-3f3a-41e4-8702-e2a67c6cb8b9:group-4AD6730B74B4:LeaderElection15] INFO  impl.RoleInfo (RoleInfo.java:shutdownLeaderElection(134)) - 477c0686-3f3a-41e4-8702-e2a67c6cb8b9: shutdown LeaderElection
2019-09-19 09:02:01,205 [477c0686-3f3a-41e4-8702-e2a67c6cb8b9:group-4AD6730B74B4:LeaderElection15] INFO  impl.RaftServerImpl (RaftServerImpl.java:setRole(171)) - 477c0686-3f3a-41e4-8702-e2a67c6cb8b9:group-4AD6730B74B4 changes role from CANDIDATE to LEADER at term 1 for changeToLeader
2019-09-19 09:02:01,205 [477c0686-3f3a-41e4-8702-e2a67c6cb8b9:group-4AD6730B74B4:LeaderElection15] INFO  impl.RaftServerImpl (ServerState.java:setLeader(263)) - 477c0686-3f3a-41e4-8702-e2a67c6cb8b9:group-4AD6730B74B4 change Leader from null to 477c0686-3f3a-41e4-8702-e2a67c6cb8b9 at term 1 for becomeLeader, leader elected after 5075ms
2019-09-19 09:02:01,205 [477c0686-3f3a-41e4-8702-e2a67c6cb8b9:group-4AD6730B74B4:LeaderElection15] INFO  server.RaftServerConfigKeys (ConfUtils.java:logGet(43)) - raft.server.staging.catchup.gap = 1000 (default)
2019-09-19 09:02:01,205 [477c0686-3f3a-41e4-8702-e2a67c6cb8b9:group-4AD6730B74B4:LeaderElection15] INFO  server.RaftServerConfigKeys (ConfUtils.java:logGet(43)) - raft.server.rpc.sleep.time = 25ms (default)
2019-09-19 09:02:01,205 [477c0686-3f3a-41e4-8702-e2a67c6cb8b9:group-4AD6730B74B4:LeaderElection15] INFO  server.RaftServerConfigKeys (ConfUtils.java:logGet(43)) - raft.server.write.element-limit = 4096 (default)
2019-09-19 09:02:01,205 [477c0686-3f3a-41e4-8702-e2a67c6cb8b9:group-4AD6730B74B4:LeaderElection15] INFO  server.RaftServerConfigKeys (ConfUtils.java:logGet(43)) - raft.server.watch.timeout = 10s (default)
2019-09-19 09:02:01,206 [477c0686-3f3a-41e4-8702-e2a67c6cb8b9:group-4AD6730B74B4:LeaderElection15] INFO  server.RaftServerConfigKeys (ConfUtils.java:logGet(43)) - raft.server.watch.timeout.denomination = 1s (default)
2019-09-19 09:02:01,206 [477c0686-3f3a-41e4-8702-e2a67c6cb8b9:group-4AD6730B74B4:LeaderElection15] INFO  server.RaftServerConfigKeys (ConfUtils.java:logGet(43)) - raft.server.watch.element-limit = 65536 (default)
2019-09-19 09:02:01,206 [477c0686-3f3a-41e4-8702-e2a67c6cb8b9:group-4AD6730B74B4:LeaderElection15] INFO  impl.RoleInfo (RoleInfo.java:updateAndGet(143)) - 477c0686-3f3a-41e4-8702-e2a67c6cb8b9: start LeaderState
2019-09-19 09:02:01,206 [477c0686-3f3a-41e4-8702-e2a67c6cb8b9:group-4AD6730B74B4:LeaderElection15] INFO  segmented.SegmentedRaftLogWorker (SegmentedRaftLogWorker.java:startLogSegment(380)) - 477c0686-3f3a-41e4-8702-e2a67c6cb8b9-SegmentedRaftLogWorker:Storage Directory /workdir/hadoop-ozone/integration-test/target/test-dir/MiniOzoneClusterImpl-e985e272-9a55-4a46-95f9-9d7dad2521ff/datanode-2/data/ratis/addc8412-fbb0-441b-bfec-4ad6730b74b4: Starting segment from index:0
2019-09-19 09:02:01,207 [477c0686-3f3a-41e4-8702-e2a67c6cb8b9:group-4AD6730B74B4:LeaderElection15] INFO  impl.RaftServerImpl (ServerState.java:setRaftConf(361)) - 477c0686-3f3a-41e4-8702-e2a67c6cb8b9:group-4AD6730B74B4 set configuration 0: [477c0686-3f3a-41e4-8702-e2a67c6cb8b9:192.168.34.5:41600], old=null at 0
2019-09-19 09:02:01,233 [Thread-221] INFO  impl.FollowerState (FollowerState.java:run(106)) - 71867667-6e29-4129-8075-280da1fb250d:group-81F0D4395446 changes to CANDIDATE, lastRpcTime:5167, electionTimeout:5147ms
2019-09-19 09:02:01,233 [Thread-221] INFO  impl.RoleInfo (RoleInfo.java:shutdownFollowerState(121)) - 71867667-6e29-4129-8075-280da1fb250d: shutdown FollowerState
2019-09-19 09:02:01,233 [Thread-221] INFO  impl.RaftServerImpl (RaftServerImpl.java:setRole(171)) - 71867667-6e29-4129-8075-280da1fb250d:group-81F0D4395446 changes role from FOLLOWER to CANDIDATE at term 0 for changeToCandidate
2019-09-19 09:02:01,233 [Thread-221] INFO  impl.RoleInfo (RoleInfo.java:updateAndGet(143)) - 71867667-6e29-4129-8075-280da1fb250d: start LeaderElection
2019-09-19 09:02:01,265 [477c0686-3f3a-41e4-8702-e2a67c6cb8b9-SegmentedRaftLogWorker:Storage Directory /workdir/hadoop-ozone/integration-test/target/test-dir/MiniOzoneClusterImpl-e985e272-9a55-4a46-95f9-9d7dad2521ff/datanode-2/data/ratis/addc8412-fbb0-441b-bfec-4ad6730b74b4] INFO  segmented.SegmentedRaftLogWorker (SegmentedRaftLogWorker.java:execute(569)) - 477c0686-3f3a-41e4-8702-e2a67c6cb8b9-SegmentedRaftLogWorker:Storage Directory /workdir/hadoop-ozone/integration-test/target/test-dir/MiniOzoneClusterImpl-e985e272-9a55-4a46-95f9-9d7dad2521ff/datanode-2/data/ratis/addc8412-fbb0-441b-bfec-4ad6730b74b4: created new log segment /workdir/hadoop-ozone/integration-test/target/test-dir/MiniOzoneClusterImpl-e985e272-9a55-4a46-95f9-9d7dad2521ff/datanode-2/data/ratis/addc8412-fbb0-441b-bfec-4ad6730b74b4/current/log_inprogress_0
2019-09-19 09:02:01,266 [71867667-6e29-4129-8075-280da1fb250d:group-81F0D4395446:LeaderElection16] INFO  impl.LeaderElection (LeaderElection.java:askForVotes(181)) - 71867667-6e29-4129-8075-280da1fb250d:group-81F0D4395446:LeaderElection16: begin an election at term 1 for -1: [71867667-6e29-4129-8075-280da1fb250d:192.168.34.5:39065], old=null
2019-09-19 09:02:01,266 [71867667-6e29-4129-8075-280da1fb250d:group-81F0D4395446:LeaderElection16] INFO  impl.RoleInfo (RoleInfo.java:shutdownLeaderElection(134)) - 71867667-6e29-4129-8075-280da1fb250d: shutdown LeaderElection
2019-09-19 09:02:01,266 [71867667-6e29-4129-8075-280da1fb250d:group-81F0D4395446:LeaderElection16] INFO  impl.RaftServerImpl (RaftServerImpl.java:setRole(171)) - 71867667-6e29-4129-8075-280da1fb250d:group-81F0D4395446 changes role from CANDIDATE to LEADER at term 1 for changeToLeader
2019-09-19 09:02:01,266 [71867667-6e29-4129-8075-280da1fb250d:group-81F0D4395446:LeaderElection16] INFO  impl.RaftServerImpl (ServerState.java:setLeader(263)) - 71867667-6e29-4129-8075-280da1fb250d:group-81F0D4395446 change Leader from null to 71867667-6e29-4129-8075-280da1fb250d at term 1 for becomeLeader, leader elected after 5203ms
2019-09-19 09:02:01,266 [71867667-6e29-4129-8075-280da1fb250d:group-81F0D4395446:LeaderElection16] INFO  server.RaftServerConfigKeys (ConfUtils.java:logGet(43)) - raft.server.staging.catchup.gap = 1000 (default)
2019-09-19 09:02:01,266 [71867667-6e29-4129-8075-280da1fb250d:group-81F0D4395446:LeaderElection16] INFO  server.RaftServerConfigKeys (ConfUtils.java:logGet(43)) - raft.server.rpc.sleep.time = 25ms (default)
2019-09-19 09:02:01,267 [71867667-6e29-4129-8075-280da1fb250d:group-81F0D4395446:LeaderElection16] INFO  server.RaftServerConfigKeys (ConfUtils.java:logGet(43)) - raft.server.write.element-limit = 4096 (default)
2019-09-19 09:02:01,267 [71867667-6e29-4129-8075-280da1fb250d:group-81F0D4395446:LeaderElection16] INFO  server.RaftServerConfigKeys (ConfUtils.java:logGet(43)) - raft.server.watch.timeout = 10s (default)
2019-09-19 09:02:01,267 [71867667-6e29-4129-8075-280da1fb250d:group-81F0D4395446:LeaderElection16] INFO  server.RaftServerConfigKeys (ConfUtils.java:logGet(43)) - raft.server.watch.timeout.denomination = 1s (default)
2019-09-19 09:02:01,267 [71867667-6e29-4129-8075-280da1fb250d:group-81F0D4395446:LeaderElection16] INFO  server.RaftServerConfigKeys (ConfUtils.java:logGet(43)) - raft.server.watch.element-limit = 65536 (default)
2019-09-19 09:02:01,268 [71867667-6e29-4129-8075-280da1fb250d:group-81F0D4395446:LeaderElection16] INFO  impl.RoleInfo (RoleInfo.java:updateAndGet(143)) - 71867667-6e29-4129-8075-280da1fb250d: start LeaderState
2019-09-19 09:02:01,268 [71867667-6e29-4129-8075-280da1fb250d:group-81F0D4395446:LeaderElection16] INFO  segmented.SegmentedRaftLogWorker (SegmentedRaftLogWorker.java:startLogSegment(380)) - 71867667-6e29-4129-8075-280da1fb250d-SegmentedRaftLogWorker:Storage Directory /workdir/hadoop-ozone/integration-test/target/test-dir/MiniOzoneClusterImpl-e985e272-9a55-4a46-95f9-9d7dad2521ff/datanode-0/data/ratis/2ecb34f7-c494-4e6e-9ab8-81f0d4395446: Starting segment from index:0
2019-09-19 09:02:01,268 [71867667-6e29-4129-8075-280da1fb250d:group-81F0D4395446:LeaderElection16] INFO  impl.RaftServerImpl (ServerState.java:setRaftConf(361)) - 71867667-6e29-4129-8075-280da1fb250d:group-81F0D4395446 set configuration 0: [71867667-6e29-4129-8075-280da1fb250d:192.168.34.5:39065], old=null at 0
2019-09-19 09:02:01,296 [Thread-231] INFO  impl.FollowerState (FollowerState.java:run(106)) - 057e793c-281b-4dc7-88ef-622d16e5bee4:group-E745730AF0C1 changes to CANDIDATE, lastRpcTime:5070, electionTimeout:5070ms
2019-09-19 09:02:01,297 [Thread-231] INFO  impl.RoleInfo (RoleInfo.java:shutdownFollowerState(121)) - 057e793c-281b-4dc7-88ef-622d16e5bee4: shutdown FollowerState
2019-09-19 09:02:01,297 [Thread-228] INFO  impl.FollowerState (FollowerState.java:run(106)) - 057e793c-281b-4dc7-88ef-622d16e5bee4:group-1AE7E5E99A53 changes to CANDIDATE, lastRpcTime:5109, electionTimeout:5087ms
2019-09-19 09:02:01,297 [Thread-231] INFO  impl.RaftServerImpl (RaftServerImpl.java:setRole(171)) - 057e793c-281b-4dc7-88ef-622d16e5bee4:group-E745730AF0C1 changes role from FOLLOWER to CANDIDATE at term 0 for changeToCandidate
2019-09-19 09:02:01,297 [Thread-228] INFO  impl.RoleInfo (RoleInfo.java:shutdownFollowerState(121)) - 057e793c-281b-4dc7-88ef-622d16e5bee4: shutdown FollowerState
2019-09-19 09:02:01,297 [Thread-228] INFO  impl.RaftServerImpl (RaftServerImpl.java:setRole(171)) - 057e793c-281b-4dc7-88ef-622d16e5bee4:group-1AE7E5E99A53 changes role from FOLLOWER to CANDIDATE at term 0 for changeToCandidate
2019-09-19 09:02:01,297 [Thread-228] INFO  impl.RoleInfo (RoleInfo.java:updateAndGet(143)) - 057e793c-281b-4dc7-88ef-622d16e5bee4: start LeaderElection
2019-09-19 09:02:01,297 [Thread-231] INFO  impl.RoleInfo (RoleInfo.java:updateAndGet(143)) - 057e793c-281b-4dc7-88ef-622d16e5bee4: start LeaderElection
2019-09-19 09:02:01,308 | INFO  | SCMAudit | user=jenkins1000 | ip=192.168.34.5 | op=SEND_HEARTBEAT {datanodeUUID=71867667-6e29-4129-8075-280da1fb250d, command=[]} | ret=SUCCESS |  
2019-09-19 09:02:01,341 [71867667-6e29-4129-8075-280da1fb250d-SegmentedRaftLogWorker:Storage Directory /workdir/hadoop-ozone/integration-test/target/test-dir/MiniOzoneClusterImpl-e985e272-9a55-4a46-95f9-9d7dad2521ff/datanode-0/data/ratis/2ecb34f7-c494-4e6e-9ab8-81f0d4395446] INFO  segmented.SegmentedRaftLogWorker (SegmentedRaftLogWorker.java:execute(569)) - 71867667-6e29-4129-8075-280da1fb250d-SegmentedRaftLogWorker:Storage Directory /workdir/hadoop-ozone/integration-test/target/test-dir/MiniOzoneClusterImpl-e985e272-9a55-4a46-95f9-9d7dad2521ff/datanode-0/data/ratis/2ecb34f7-c494-4e6e-9ab8-81f0d4395446: created new log segment /workdir/hadoop-ozone/integration-test/target/test-dir/MiniOzoneClusterImpl-e985e272-9a55-4a46-95f9-9d7dad2521ff/datanode-0/data/ratis/2ecb34f7-c494-4e6e-9ab8-81f0d4395446/current/log_inprogress_0
2019-09-19 09:02:01,341 [057e793c-281b-4dc7-88ef-622d16e5bee4:group-1AE7E5E99A53:LeaderElection18] INFO  impl.LeaderElection (LeaderElection.java:askForVotes(181)) - 057e793c-281b-4dc7-88ef-622d16e5bee4:group-1AE7E5E99A53:LeaderElection18: begin an election at term 1 for -1: [057e793c-281b-4dc7-88ef-622d16e5bee4:192.168.34.5:44787], old=null
2019-09-19 09:02:01,341 [057e793c-281b-4dc7-88ef-622d16e5bee4:group-E745730AF0C1:LeaderElection17] INFO  impl.LeaderElection (LeaderElection.java:askForVotes(181)) - 057e793c-281b-4dc7-88ef-622d16e5bee4:group-E745730AF0C1:LeaderElection17: begin an election at term 1 for -1: [057e793c-281b-4dc7-88ef-622d16e5bee4:192.168.34.5:44787], old=null
2019-09-19 09:02:01,343 [057e793c-281b-4dc7-88ef-622d16e5bee4:group-1AE7E5E99A53:LeaderElection18] INFO  impl.RoleInfo (RoleInfo.java:shutdownLeaderElection(134)) - 057e793c-281b-4dc7-88ef-622d16e5bee4: shutdown LeaderElection
2019-09-19 09:02:01,343 [057e793c-281b-4dc7-88ef-622d16e5bee4:group-1AE7E5E99A53:LeaderElection18] INFO  impl.RaftServerImpl (RaftServerImpl.java:setRole(171)) - 057e793c-281b-4dc7-88ef-622d16e5bee4:group-1AE7E5E99A53 changes role from CANDIDATE to LEADER at term 1 for changeToLeader
2019-09-19 09:02:01,343 [057e793c-281b-4dc7-88ef-622d16e5bee4:group-E745730AF0C1:LeaderElection17] INFO  impl.RoleInfo (RoleInfo.java:shutdownLeaderElection(134)) - 057e793c-281b-4dc7-88ef-622d16e5bee4: shutdown LeaderElection
2019-09-19 09:02:01,343 [057e793c-281b-4dc7-88ef-622d16e5bee4:group-1AE7E5E99A53:LeaderElection18] INFO  impl.RaftServerImpl (ServerState.java:setLeader(263)) - 057e793c-281b-4dc7-88ef-622d16e5bee4:group-1AE7E5E99A53 change Leader from null to 057e793c-281b-4dc7-88ef-622d16e5bee4 at term 1 for becomeLeader, leader elected after 5159ms
2019-09-19 09:02:01,344 [057e793c-281b-4dc7-88ef-622d16e5bee4:group-E745730AF0C1:LeaderElection17] INFO  impl.RaftServerImpl (RaftServerImpl.java:setRole(171)) - 057e793c-281b-4dc7-88ef-622d16e5bee4:group-E745730AF0C1 changes role from CANDIDATE to LEADER at term 1 for changeToLeader
2019-09-19 09:02:01,344 [057e793c-281b-4dc7-88ef-622d16e5bee4:group-1AE7E5E99A53:LeaderElection18] INFO  server.RaftServerConfigKeys (ConfUtils.java:logGet(43)) - raft.server.staging.catchup.gap = 1000 (default)
2019-09-19 09:02:01,344 [057e793c-281b-4dc7-88ef-622d16e5bee4:group-E745730AF0C1:LeaderElection17] INFO  impl.RaftServerImpl (ServerState.java:setLeader(263)) - 057e793c-281b-4dc7-88ef-622d16e5bee4:group-E745730AF0C1 change Leader from null to 057e793c-281b-4dc7-88ef-622d16e5bee4 at term 1 for becomeLeader, leader elected after 5122ms
2019-09-19 09:02:01,344 [057e793c-281b-4dc7-88ef-622d16e5bee4:group-1AE7E5E99A53:LeaderElection18] INFO  server.RaftServerConfigKeys (ConfUtils.java:logGet(43)) - raft.server.rpc.sleep.time = 25ms (default)
2019-09-19 09:02:01,344 [057e793c-281b-4dc7-88ef-622d16e5bee4:group-E745730AF0C1:LeaderElection17] INFO  server.RaftServerConfigKeys (ConfUtils.java:logGet(43)) - raft.server.staging.catchup.gap = 1000 (default)
2019-09-19 09:02:01,344 [057e793c-281b-4dc7-88ef-622d16e5bee4:group-1AE7E5E99A53:LeaderElection18] INFO  server.RaftServerConfigKeys (ConfUtils.java:logGet(43)) - raft.server.write.element-limit = 4096 (default)
2019-09-19 09:02:01,344 [057e793c-281b-4dc7-88ef-622d16e5bee4:group-E745730AF0C1:LeaderElection17] INFO  server.RaftServerConfigKeys (ConfUtils.java:logGet(43)) - raft.server.rpc.sleep.time = 25ms (default)
2019-09-19 09:02:01,344 [057e793c-281b-4dc7-88ef-622d16e5bee4:group-1AE7E5E99A53:LeaderElection18] INFO  server.RaftServerConfigKeys (ConfUtils.java:logGet(43)) - raft.server.watch.timeout = 10s (default)
2019-09-19 09:02:01,344 [057e793c-281b-4dc7-88ef-622d16e5bee4:group-1AE7E5E99A53:LeaderElection18] INFO  server.RaftServerConfigKeys (ConfUtils.java:logGet(43)) - raft.server.watch.timeout.denomination = 1s (default)
2019-09-19 09:02:01,344 [057e793c-281b-4dc7-88ef-622d16e5bee4:group-E745730AF0C1:LeaderElection17] INFO  server.RaftServerConfigKeys (ConfUtils.java:logGet(43)) - raft.server.write.element-limit = 4096 (default)
2019-09-19 09:02:01,345 [057e793c-281b-4dc7-88ef-622d16e5bee4:group-1AE7E5E99A53:LeaderElection18] INFO  server.RaftServerConfigKeys (ConfUtils.java:logGet(43)) - raft.server.watch.element-limit = 65536 (default)
2019-09-19 09:02:01,345 [057e793c-281b-4dc7-88ef-622d16e5bee4:group-E745730AF0C1:LeaderElection17] INFO  server.RaftServerConfigKeys (ConfUtils.java:logGet(43)) - raft.server.watch.timeout = 10s (default)
2019-09-19 09:02:01,345 [057e793c-281b-4dc7-88ef-622d16e5bee4:group-1AE7E5E99A53:LeaderElection18] INFO  impl.RoleInfo (RoleInfo.java:updateAndGet(143)) - 057e793c-281b-4dc7-88ef-622d16e5bee4: start LeaderState
2019-09-19 09:02:01,345 [057e793c-281b-4dc7-88ef-622d16e5bee4:group-E745730AF0C1:LeaderElection17] INFO  server.RaftServerConfigKeys (ConfUtils.java:logGet(43)) - raft.server.watch.timeout.denomination = 1s (default)
2019-09-19 09:02:01,345 [057e793c-281b-4dc7-88ef-622d16e5bee4:group-1AE7E5E99A53:LeaderElection18] INFO  segmented.SegmentedRaftLogWorker (SegmentedRaftLogWorker.java:startLogSegment(380)) - 057e793c-281b-4dc7-88ef-622d16e5bee4-SegmentedRaftLogWorker:Storage Directory /workdir/hadoop-ozone/integration-test/target/test-dir/MiniOzoneClusterImpl-e985e272-9a55-4a46-95f9-9d7dad2521ff/datanode-1/data/ratis/bf8ecfa4-04c0-4512-98bb-1ae7e5e99a53: Starting segment from index:0
2019-09-19 09:02:01,345 [057e793c-281b-4dc7-88ef-622d16e5bee4:group-E745730AF0C1:LeaderElection17] INFO  server.RaftServerConfigKeys (ConfUtils.java:logGet(43)) - raft.server.watch.element-limit = 65536 (default)
2019-09-19 09:02:01,346 [057e793c-281b-4dc7-88ef-622d16e5bee4:group-E745730AF0C1:LeaderElection17] INFO  impl.RoleInfo (RoleInfo.java:updateAndGet(143)) - 057e793c-281b-4dc7-88ef-622d16e5bee4: start LeaderState
2019-09-19 09:02:01,346 [057e793c-281b-4dc7-88ef-622d16e5bee4:group-1AE7E5E99A53:LeaderElection18] INFO  impl.RaftServerImpl (ServerState.java:setRaftConf(361)) - 057e793c-281b-4dc7-88ef-622d16e5bee4:group-1AE7E5E99A53 set configuration 0: [057e793c-281b-4dc7-88ef-622d16e5bee4:192.168.34.5:44787], old=null at 0
2019-09-19 09:02:01,368 [057e793c-281b-4dc7-88ef-622d16e5bee4:group-E745730AF0C1:LeaderElection17] INFO  segmented.SegmentedRaftLogWorker (SegmentedRaftLogWorker.java:startLogSegment(380)) - 057e793c-281b-4dc7-88ef-622d16e5bee4-SegmentedRaftLogWorker:Storage Directory /workdir/hadoop-ozone/integration-test/target/test-dir/MiniOzoneClusterImpl-e985e272-9a55-4a46-95f9-9d7dad2521ff/datanode-1/data/ratis/098898da-b80a-45f9-acd2-e745730af0c1: Starting segment from index:0
2019-09-19 09:02:01,369 [057e793c-281b-4dc7-88ef-622d16e5bee4:group-E745730AF0C1:LeaderElection17] INFO  impl.RaftServerImpl (ServerState.java:setRaftConf(361)) - 057e793c-281b-4dc7-88ef-622d16e5bee4:group-E745730AF0C1 set configuration 0: [057e793c-281b-4dc7-88ef-622d16e5bee4:192.168.34.5:44787], old=null at 0
2019-09-19 09:02:01,413 [057e793c-281b-4dc7-88ef-622d16e5bee4-SegmentedRaftLogWorker:Storage Directory /workdir/hadoop-ozone/integration-test/target/test-dir/MiniOzoneClusterImpl-e985e272-9a55-4a46-95f9-9d7dad2521ff/datanode-1/data/ratis/bf8ecfa4-04c0-4512-98bb-1ae7e5e99a53] INFO  segmented.SegmentedRaftLogWorker (SegmentedRaftLogWorker.java:execute(569)) - 057e793c-281b-4dc7-88ef-622d16e5bee4-SegmentedRaftLogWorker:Storage Directory /workdir/hadoop-ozone/integration-test/target/test-dir/MiniOzoneClusterImpl-e985e272-9a55-4a46-95f9-9d7dad2521ff/datanode-1/data/ratis/bf8ecfa4-04c0-4512-98bb-1ae7e5e99a53: created new log segment /workdir/hadoop-ozone/integration-test/target/test-dir/MiniOzoneClusterImpl-e985e272-9a55-4a46-95f9-9d7dad2521ff/datanode-1/data/ratis/bf8ecfa4-04c0-4512-98bb-1ae7e5e99a53/current/log_inprogress_0
2019-09-19 09:02:01,416 [057e793c-281b-4dc7-88ef-622d16e5bee4-SegmentedRaftLogWorker:Storage Directory /workdir/hadoop-ozone/integration-test/target/test-dir/MiniOzoneClusterImpl-e985e272-9a55-4a46-95f9-9d7dad2521ff/datanode-1/data/ratis/098898da-b80a-45f9-acd2-e745730af0c1] INFO  segmented.SegmentedRaftLogWorker (SegmentedRaftLogWorker.java:execute(569)) - 057e793c-281b-4dc7-88ef-622d16e5bee4-SegmentedRaftLogWorker:Storage Directory /workdir/hadoop-ozone/integration-test/target/test-dir/MiniOzoneClusterImpl-e985e272-9a55-4a46-95f9-9d7dad2521ff/datanode-1/data/ratis/098898da-b80a-45f9-acd2-e745730af0c1: created new log segment /workdir/hadoop-ozone/integration-test/target/test-dir/MiniOzoneClusterImpl-e985e272-9a55-4a46-95f9-9d7dad2521ff/datanode-1/data/ratis/098898da-b80a-45f9-acd2-e745730af0c1/current/log_inprogress_0
2019-09-19 09:02:01,603 | INFO  | SCMAudit | user=jenkins1000 | ip=192.168.34.5 | op=SEND_HEARTBEAT {datanodeUUID=057e793c-281b-4dc7-88ef-622d16e5bee4, command=[]} | ret=SUCCESS |  
2019-09-19 09:02:02,047 | INFO  | SCMAudit | user=jenkins1000 | ip=192.168.34.5 | op=SEND_HEARTBEAT {datanodeUUID=477c0686-3f3a-41e4-8702-e2a67c6cb8b9, command=[]} | ret=SUCCESS |  
2019-09-19 09:02:02,300 | INFO  | SCMAudit | user=jenkins1000 | ip=192.168.34.5 | op=SEND_HEARTBEAT {datanodeUUID=71867667-6e29-4129-8075-280da1fb250d, command=[]} | ret=SUCCESS |  
2019-09-19 09:02:02,604 | INFO  | SCMAudit | user=jenkins1000 | ip=192.168.34.5 | op=SEND_HEARTBEAT {datanodeUUID=057e793c-281b-4dc7-88ef-622d16e5bee4, command=[]} | ret=SUCCESS |  
2019-09-19 09:02:02,843 | INFO  | SCMAudit | user=jenkins1000 | ip=192.168.34.5 | op=SEND_HEARTBEAT {datanodeUUID=71867667-6e29-4129-8075-280da1fb250d, command=[]} | ret=SUCCESS |  
2019-09-19 09:02:02,857 | INFO  | DNAudit | user=null | ip=null | op=WRITE_CHUNK {blockData=conID: 1 locID: 102818363241136129 bcsId: 0} | ret=SUCCESS |  
2019-09-19 09:02:02,871 | INFO  | DNAudit | user=null | ip=null | op=WRITE_CHUNK {blockData=conID: 1 locID: 102818363241136129 bcsId: 0} | ret=SUCCESS |  
2019-09-19 09:02:02,882 [grpc-default-executor-1] INFO  client.GrpcClientProtocolClient (GrpcClientProtocolClient.java:onNext(255)) - client-98E77A21D93F->71867667-6e29-4129-8075-280da1fb250d: receive RaftClientReply:client-98E77A21D93F->71867667-6e29-4129-8075-280da1fb250d@group-1BFCF7AAAD75, cid=18, SUCCESS, logIndex=1, commits[71867667-6e29-4129-8075-280da1fb250d:c1]
2019-09-19 09:02:02,947 | INFO  | DNAudit | user=null | ip=null | op=PUT_BLOCK {blockData=[blockId=conID: 1 locID: 102818363241136129 bcsId: 0,size=36]} | ret=SUCCESS |  
2019-09-19 09:02:02,953 [grpc-default-executor-1] INFO  client.GrpcClientProtocolClient (GrpcClientProtocolClient.java:onNext(255)) - client-98E77A21D93F->71867667-6e29-4129-8075-280da1fb250d: receive RaftClientReply:client-98E77A21D93F->71867667-6e29-4129-8075-280da1fb250d@group-1BFCF7AAAD75, cid=19, SUCCESS, logIndex=3, commits[71867667-6e29-4129-8075-280da1fb250d:c4]
2019-09-19 09:02:02,970 | INFO  | OMAudit | user=jenkins1000 | ip=127.0.0.1 | op=COMMIT_KEY {volume=4a14f550-49de-4cca-91b8-19298355452a, bucket=348f4180-281a-4f89-ad7f-542d799df44c, key=57e2c12b-dbef-4a69-a117-fd8bb16c790e, dataSize=36, replicationType=null, replicationFactor=null, keyLocationInfo=[{blockID={containerID=1, localID=102818363241136129}, length=36, offset=0, token=null, pipeline=Pipeline[ Id: cc597b99-d559-463c-ad31-1bfcf7aaad75, Nodes: 71867667-6e29-4129-8075-280da1fb250d{ip: 192.168.34.5, host: pr-hdds-1569-j4bt4-3030777008, networkLocation: /default-rack, certSerialId: null}, Type:RATIS, Factor:ONE, State:OPEN], createVersion=0}], clientID=102818363239170048} | ret=SUCCESS |  
2019-09-19 09:02:02,977 [IPC Server handler 1 on 38557] ERROR pipeline.PipelinePlacementPolicy (PipelinePlacementPolicy.java:meetCriteria(91)) - Pipeline Placement: Doesn't meet the criteria to be viable node. Heaviness: 6
2019-09-19 09:02:02,982 [IPC Server handler 1 on 38557] ERROR pipeline.PipelinePlacementPolicy (PipelinePlacementPolicy.java:meetCriteria(91)) - Pipeline Placement: Doesn't meet the criteria to be viable node. Heaviness: 6
2019-09-19 09:02:02,982 [IPC Server handler 1 on 38557] ERROR pipeline.PipelinePlacementPolicy (PipelinePlacementPolicy.java:meetCriteria(91)) - Pipeline Placement: Doesn't meet the criteria to be viable node. Heaviness: 6
2019-09-19 09:02:02,982 [IPC Server handler 1 on 38557] ERROR pipeline.PipelinePlacementPolicy (PipelinePlacementPolicy.java:filterViableNodes(146)) - Unable to find enough nodes that meet the criteria that cannot engage in more than 5 pipelines. Nodes required: 3 Found: 0, healthy nodes count inNodeManager: 3.
2019-09-19 09:02:02,983 [IPC Server handler 1 on 38557] ERROR pipeline.SCMPipelineManager (SCMPipelineManager.java:createPipeline(161)) - Pipeline creation failed due to exception: Unable to find enough nodes that meet the criteria that cannot engage in more than 5 pipelines. Nodes required: 3 Found: 0, healthy nodes count inNodeManager: 3.
2019-09-19 09:02:02,984 [IPC Server handler 1 on 38557] WARN  block.BlockManagerImpl (BlockManagerImpl.java:allocateBlock(192)) - Pipeline creation failed for type:RATIS factor:THREE. Retrying get pipelines call once.
org.apache.hadoop.hdds.scm.exceptions.SCMException: Unable to find enough nodes that meet the criteria that cannot engage in more than 5 pipelines. Nodes required: 3 Found: 0, healthy nodes count inNodeManager: 3.
	at org.apache.hadoop.hdds.scm.pipeline.PipelinePlacementPolicy.filterViableNodes(PipelinePlacementPolicy.java:147)
	at org.apache.hadoop.hdds.scm.pipeline.PipelinePlacementPolicy.chooseDatanodes(PipelinePlacementPolicy.java:170)
	at org.apache.hadoop.hdds.scm.pipeline.RatisPipelineProvider.create(RatisPipelineProvider.java:92)
	at org.apache.hadoop.hdds.scm.pipeline.PipelineFactory.create(PipelineFactory.java:57)
	at org.apache.hadoop.hdds.scm.pipeline.SCMPipelineManager.createPipeline(SCMPipelineManager.java:149)
	at org.apache.hadoop.hdds.scm.block.BlockManagerImpl.allocateBlock(BlockManagerImpl.java:190)
	at org.apache.hadoop.hdds.scm.server.SCMBlockProtocolServer.allocateBlock(SCMBlockProtocolServer.java:175)
	at org.apache.hadoop.ozone.protocolPB.ScmBlockLocationProtocolServerSideTranslatorPB.allocateScmBlock(ScmBlockLocationProtocolServerSideTranslatorPB.java:153)
	at org.apache.hadoop.ozone.protocolPB.ScmBlockLocationProtocolServerSideTranslatorPB.send(ScmBlockLocationProtocolServerSideTranslatorPB.java:112)
	at org.apache.hadoop.hdds.protocol.proto.ScmBlockLocationProtocolProtos$ScmBlockLocationProtocolService$2.callBlockingMethod(ScmBlockLocationProtocolProtos.java:13157)
	at org.apache.hadoop.ipc.ProtobufRpcEngine$Server$ProtoBufRpcInvoker.call(ProtobufRpcEngine.java:524)
	at org.apache.hadoop.ipc.RPC$Server.call(RPC.java:1025)
	at org.apache.hadoop.ipc.Server$RpcCall.run(Server.java:876)
	at org.apache.hadoop.ipc.Server$RpcCall.run(Server.java:822)
	at java.security.AccessController.doPrivileged(Native Method)
	at javax.security.auth.Subject.doAs(Subject.java:422)
	at org.apache.hadoop.security.UserGroupInformation.doAs(UserGroupInformation.java:1730)
	at org.apache.hadoop.ipc.Server$Handler.run(Server.java:2682)
2019-09-19 09:02:02,985 [IPC Server handler 1 on 38557] INFO  block.BlockManagerImpl (BlockManagerImpl.java:allocateBlock(198)) - Could not find available pipeline of type:RATIS and factor:THREE even after retrying
2019-09-19 09:02:02,985 [IPC Server handler 1 on 38557] ERROR block.BlockManagerImpl (BlockManagerImpl.java:allocateBlock(222)) - Unable to allocate a block for the size: 4194304, type: RATIS, factor: THREE
2019-09-19 09:02:02,985 | INFO  | SCMAudit | user=jenkins1000 | ip=192.168.34.5 | op=ALLOCATE_BLOCK {owner=b5a1c2e4-5551-4360-8247-b547735a959d, size=4194304, type=RATIS, factor=THREE} | ret=SUCCESS |  
2019-09-19 09:02:02,988 | ERROR | OMAudit | user=jenkins1000 | ip=127.0.0.1 | op=ALLOCATE_KEY {volume=4a14f550-49de-4cca-91b8-19298355452a, bucket=348f4180-281a-4f89-ad7f-542d799df44c, key=d6c502a0-97ef-4fd0-9e58-834897996f7e, dataSize=36, replicationType=RATIS, replicationFactor=THREE, keyLocationInfo=null} | ret=FAILURE | org.apache.hadoop.hdds.scm.exceptions.SCMException: Allocated 0 blocks. Requested 1 blocks
	at org.apache.hadoop.hdds.scm.protocolPB.ScmBlockLocationProtocolClientSideTranslatorPB.handleError(ScmBlockLocationProtocolClientSideTranslatorPB.java:118)
	at org.apache.hadoop.hdds.scm.protocolPB.ScmBlockLocationProtocolClientSideTranslatorPB.allocateBlock(ScmBlockLocationProtocolClientSideTranslatorPB.java:156) 
]]></system-out>
    <system-err><![CDATA[Sep 19, 2019 9:01:49 AM com.sun.jersey.server.impl.application.WebApplicationImpl _initiate
INFO: Initiating Jersey application, version 'Jersey: 1.19 02/11/2015 03:25 AM'
Sep 19, 2019 9:01:50 AM com.sun.jersey.server.impl.application.WebApplicationImpl _initiate
INFO: Initiating Jersey application, version 'Jersey: 1.19 02/11/2015 03:25 AM'
Sep 19, 2019 9:01:50 AM com.sun.jersey.server.impl.application.WebApplicationImpl _initiate
INFO: Initiating Jersey application, version 'Jersey: 1.19 02/11/2015 03:25 AM'
]]></system-err>
  </testcase>
</testsuite>